LUA_PATH=/home/mdcallag/git/mytools/bench/sysbench.lua/lua/?.lua /home/mdcallag/git/mytools/bench/sysbench.lua/lua/sysbench --db-driver=pgsql --range-size=10 --table-size=10000000 --tables=8 --threads=40 --events=0 --warmup-time=5 --time=630 --pgsql_conn_id=true /home/mdcallag/git/mytools/bench/sysbench.lua/lua/oltp_inlist_select.lua run --pgsql-user=root --pgsql-password=pw --pgsql-host=127.0.0.1 --pgsql-db=ib --rand-type=uniform --random-points=10 --skip-trx
48 CPUs
sysbench 1.1.0-9072687 (using bundled LuaJIT 2.1.0-beta3)

Running the test with following options:
Number of threads: 40
Warmup time: 5s
Initializing random number generator from current time


Initializing worker threads...

explain: for select-inlist :: explain SELECT c FROM sbtest%d WHERE id IN ( 1309685, 1314846, 9581109, 8206899, 9820362, 4186046, 457567, 7069813, 2021809, 969147)
explain: for select-inlist :: explain SELECT c FROM sbtest%d WHERE id IN ( 1601578, 5998900, 2845398, 1247779, 6751180, 2217712, 4223180, 5177604, 8895727, 1959687)
for select-inlist
table 1 : explain SELECT c FROM sbtest1 WHERE id IN ( 1309685, 1314846, 9581109, 8206899, 9820362, 4186046, 457567, 7069813, 2021809, 969147)
	Index Scan using sbtest1_pkey on sbtest1  (cost=0.43..83.89 rows=10 width=121)
	  Index Cond: (id = ANY ('{1309685,1314846,9581109,8206899,9820362,4186046,457567,7069813,2021809,969147}'::integer[]))

table 2 : explain SELECT c FROM sbtest2 WHERE id IN ( 1309685, 1314846, 9581109, 8206899, 9820362, 4186046, 457567, 7069813, 2021809, 969147)
	Index Scan using sbtest2_pkey on sbtest2  (cost=0.43..83.89 rows=10 width=121)
	  Index Cond: (id = ANY ('{1309685,1314846,9581109,8206899,9820362,4186046,457567,7069813,2021809,969147}'::integer[]))

table 3 : explain SELECT c FROM sbtest3 WHERE id IN ( 1309685, 1314846, 9581109, 8206899, 9820362, 4186046, 457567, 7069813, 2021809, 969147)
	Index Scan using sbtest3_pkey on sbtest3  (cost=0.43..83.84 rows=10 width=121)
	  Index Cond: (id = ANY ('{1309685,1314846,9581109,8206899,9820362,4186046,457567,7069813,2021809,969147}'::integer[]))

table 4 : explain SELECT c FROM sbtest4 WHERE id IN ( 1309685, 1314846, 9581109, 8206899, 9820362, 4186046, 457567, 7069813, 2021809, 969147)
	Index Scan using sbtest4_pkey on sbtest4  (cost=0.43..83.81 rows=10 width=121)
	  Index Cond: (id = ANY ('{1309685,1314846,9581109,8206899,9820362,4186046,457567,7069813,2021809,969147}'::integer[]))

table 5 : explain SELECT c FROM sbtest5 WHERE id IN ( 1309685, 1314846, 9581109, 8206899, 9820362, 4186046, 457567, 7069813, 2021809, 969147)
	Index Scan using sbtest5_pkey on sbtest5  (cost=0.43..83.80 rows=10 width=121)
	  Index Cond: (id = ANY ('{1309685,1314846,9581109,8206899,9820362,4186046,457567,7069813,2021809,969147}'::integer[]))

table 6 : explain SELECT c FROM sbtest6 WHERE id IN ( 1309685, 1314846, 9581109, 8206899, 9820362, 4186046, 457567, 7069813, 2021809, 969147)
	Index Scan using sbtest6_pkey on sbtest6  (cost=0.43..83.79 rows=10 width=121)
	  Index Cond: (id = ANY ('{1309685,1314846,9581109,8206899,9820362,4186046,457567,7069813,2021809,969147}'::integer[]))

table 7 : explain SELECT c FROM sbtest7 WHERE id IN ( 1309685, 1314846, 9581109, 8206899, 9820362, 4186046, 457567, 7069813, 2021809, 969147)
	Index Scan using sbtest7_pkey on sbtest7  (cost=0.43..83.74 rows=10 width=121)
	  Index Cond: (id = ANY ('{1309685,1314846,9581109,8206899,9820362,4186046,457567,7069813,2021809,969147}'::integer[]))

table 8 : explain SELECT c FROM sbtest8 WHERE id IN ( 1309685, 1314846, 9581109, 8206899, 9820362, 4186046, 457567, 7069813, 2021809, 969147)
	Index Scan using sbtest8_pkey on sbtest8  (cost=0.43..83.85 rows=10 width=121)
	  Index Cond: (id = ANY ('{1309685,1314846,9581109,8206899,9820362,4186046,457567,7069813,2021809,969147}'::integer[]))

for select-inlist
table 1 : explain SELECT c FROM sbtest1 WHERE id IN ( 1601578, 5998900, 2845398, 1247779, 6751180, 2217712, 4223180, 5177604, 8895727, 1959687)
	Index Scan using sbtest1_pkey on sbtest1  (cost=0.43..83.89 rows=10 width=121)
	  Index Cond: (id = ANY ('{1601578,5998900,2845398,1247779,6751180,2217712,4223180,5177604,8895727,1959687}'::integer[]))

table 2 : explain SELECT c FROM sbtest2 WHERE id IN ( 1601578, 5998900, 2845398, 1247779, 6751180, 2217712, 4223180, 5177604, 8895727, 1959687)
	Index Scan using sbtest2_pkey on sbtest2  (cost=0.43..83.89 rows=10 width=121)
	  Index Cond: (id = ANY ('{1601578,5998900,2845398,1247779,6751180,2217712,4223180,5177604,8895727,1959687}'::integer[]))

table 3 : explain SELECT c FROM sbtest3 WHERE id IN ( 1601578, 5998900, 2845398, 1247779, 6751180, 2217712, 4223180, 5177604, 8895727, 1959687)
	Index Scan using sbtest3_pkey on sbtest3  (cost=0.43..83.84 rows=10 width=121)
	  Index Cond: (id = ANY ('{1601578,5998900,2845398,1247779,6751180,2217712,4223180,5177604,8895727,1959687}'::integer[]))

table 4 : explain SELECT c FROM sbtest4 WHERE id IN ( 1601578, 5998900, 2845398, 1247779, 6751180, 2217712, 4223180, 5177604, 8895727, 1959687)
	Index Scan using sbtest4_pkey on sbtest4  (cost=0.43..83.81 rows=10 width=121)
	  Index Cond: (id = ANY ('{1601578,5998900,2845398,1247779,6751180,2217712,4223180,5177604,8895727,1959687}'::integer[]))

table 5 : explain SELECT c FROM sbtest5 WHERE id IN ( 1601578, 5998900, 2845398, 1247779, 6751180, 2217712, 4223180, 5177604, 8895727, 1959687)
	Index Scan using sbtest5_pkey on sbtest5  (cost=0.43..83.80 rows=10 width=121)
	  Index Cond: (id = ANY ('{1601578,5998900,2845398,1247779,6751180,2217712,4223180,5177604,8895727,1959687}'::integer[]))

table 6 : explain SELECT c FROM sbtest6 WHERE id IN ( 1601578, 5998900, 2845398, 1247779, 6751180, 2217712, 4223180, 5177604, 8895727, 1959687)
	Index Scan using sbtest6_pkey on sbtest6  (cost=0.43..83.79 rows=10 width=121)
	  Index Cond: (id = ANY ('{1601578,5998900,2845398,1247779,6751180,2217712,4223180,5177604,8895727,1959687}'::integer[]))

table 7 : explain SELECT c FROM sbtest7 WHERE id IN ( 1601578, 5998900, 2845398, 1247779, 6751180, 2217712, 4223180, 5177604, 8895727, 1959687)
	Index Scan using sbtest7_pkey on sbtest7  (cost=0.43..83.74 rows=10 width=121)
	  Index Cond: (id = ANY ('{1601578,5998900,2845398,1247779,6751180,2217712,4223180,5177604,8895727,1959687}'::integer[]))

table 8 : explain SELECT c FROM sbtest8 WHERE id IN ( 1601578, 5998900, 2845398, 1247779, 6751180, 2217712, 4223180, 5177604, 8895727, 1959687)
	Index Scan using sbtest8_pkey on sbtest8  (cost=0.43..83.85 rows=10 width=121)
	  Index Cond: (id = ANY ('{1601578,5998900,2845398,1247779,6751180,2217712,4223180,5177604,8895727,1959687}'::integer[]))

explain: for select-inlist :: explain SELECT c FROM sbtest%d WHERE id IN ( 1937635, 9047625, 3700518, 3406403, 3028882, 387781, 8085568, 845623, 4123791, 3910335)
for select-inlist
table 1 : explain SELECT c FROM sbtest1 WHERE id IN ( 1937635, 9047625, 3700518, 3406403, 3028882, 387781, 8085568, 845623, 4123791, 3910335)
	Index Scan using sbtest1_pkey on sbtest1  (cost=0.43..83.89 rows=10 width=121)
	  Index Cond: (id = ANY ('{1937635,9047625,3700518,3406403,3028882,387781,8085568,845623,4123791,3910335}'::integer[]))

table 2 : explain SELECT c FROM sbtest2 WHERE id IN ( 1937635, 9047625, 3700518, 3406403, 3028882, 387781, 8085568, 845623, 4123791, 3910335)
	Index Scan using sbtest2_pkey on sbtest2  (cost=0.43..83.89 rows=10 width=121)
	  Index Cond: (id = ANY ('{1937635,9047625,3700518,3406403,3028882,387781,8085568,845623,4123791,3910335}'::integer[]))

table 3 : explain SELECT c FROM sbtest3 WHERE id IN ( 1937635, 9047625, 3700518, 3406403, 3028882, 387781, 8085568, 845623, 4123791, 3910335)
	Index Scan using sbtest3_pkey on sbtest3  (cost=0.43..83.84 rows=10 width=121)
	  Index Cond: (id = ANY ('{1937635,9047625,3700518,3406403,3028882,387781,8085568,845623,4123791,3910335}'::integer[]))

table 4 : explain SELECT c FROM sbtest4 WHERE id IN ( 1937635, 9047625, 3700518, 3406403, 3028882, 387781, 8085568, 845623, 4123791, 3910335)
	Index Scan using sbtest4_pkey on sbtest4  (cost=0.43..83.81 rows=10 width=121)
	  Index Cond: (id = ANY ('{1937635,9047625,3700518,3406403,3028882,387781,8085568,845623,4123791,3910335}'::integer[]))

table 5 : explain SELECT c FROM sbtest5 WHERE id IN ( 1937635, 9047625, 3700518, 3406403, 3028882, 387781, 8085568, 845623, 4123791, 3910335)
	Index Scan using sbtest5_pkey on sbtest5  (cost=0.43..83.80 rows=10 width=121)
	  Index Cond: (id = ANY ('{1937635,9047625,3700518,3406403,3028882,387781,8085568,845623,4123791,3910335}'::integer[]))

table 6 : explain SELECT c FROM sbtest6 WHERE id IN ( 1937635, 9047625, 3700518, 3406403, 3028882, 387781, 8085568, 845623, 4123791, 3910335)
	Index Scan using sbtest6_pkey on sbtest6  (cost=0.43..83.79 rows=10 width=121)
	  Index Cond: (id = ANY ('{1937635,9047625,3700518,3406403,3028882,387781,8085568,845623,4123791,3910335}'::integer[]))

table 7 : explain SELECT c FROM sbtest7 WHERE id IN ( 1937635, 9047625, 3700518, 3406403, 3028882, 387781, 8085568, 845623, 4123791, 3910335)
	Index Scan using sbtest7_pkey on sbtest7  (cost=0.43..83.74 rows=10 width=121)
	  Index Cond: (id = ANY ('{1937635,9047625,3700518,3406403,3028882,387781,8085568,845623,4123791,3910335}'::integer[]))

table 8 : explain SELECT c FROM sbtest8 WHERE id IN ( 1937635, 9047625, 3700518, 3406403, 3028882, 387781, 8085568, 845623, 4123791, 3910335)
	Index Scan using sbtest8_pkey on sbtest8  (cost=0.43..83.85 rows=10 width=121)
	  Index Cond: (id = ANY ('{1937635,9047625,3700518,3406403,3028882,387781,8085568,845623,4123791,3910335}'::integer[]))

explain: for select-inlist :: explain SELECT c FROM sbtest%d WHERE id IN ( 3164206, 1199144, 5045936, 1113639, 4369962, 6818067, 7795518, 7119768, 2498948, 5807366)
explain: for select-inlist :: explain SELECT c FROM sbtest%d WHERE id IN ( 1730121, 7411969, 8622097, 7949425, 5556570, 9509501, 7808853, 358817, 4747623, 2429916)
explain: for select-inlist :: explain SELECT c FROM sbtest%d WHERE id IN ( 8411840, 3209517, 6927395, 7812814, 5905580, 8296418, 1968940, 6748787, 7732957, 6470254)
explain: for select-inlist :: explain SELECT c FROM sbtest%d WHERE id IN ( 4060854, 58173, 9272744, 3831770, 8931471, 9407005, 1950883, 7925078, 9805332, 1569831)
for select-inlist
table 1 : explain SELECT c FROM sbtest1 WHERE id IN ( 3164206, 1199144, 5045936, 1113639, 4369962, 6818067, 7795518, 7119768, 2498948, 5807366)
	Index Scan using sbtest1_pkey on sbtest1  (cost=0.43..83.89 rows=10 width=121)
	  Index Cond: (id = ANY ('{3164206,1199144,5045936,1113639,4369962,6818067,7795518,7119768,2498948,5807366}'::integer[]))

table 2 : explain SELECT c FROM sbtest2 WHERE id IN ( 3164206, 1199144, 5045936, 1113639, 4369962, 6818067, 7795518, 7119768, 2498948, 5807366)
	Index Scan using sbtest2_pkey on sbtest2  (cost=0.43..83.89 rows=10 width=121)
	  Index Cond: (id = ANY ('{3164206,1199144,5045936,1113639,4369962,6818067,7795518,7119768,2498948,5807366}'::integer[]))

table 3 : explain SELECT c FROM sbtest3 WHERE id IN ( 3164206, 1199144, 5045936, 1113639, 4369962, 6818067, 7795518, 7119768, 2498948, 5807366)
	Index Scan using sbtest3_pkey on sbtest3  (cost=0.43..83.84 rows=10 width=121)
	  Index Cond: (id = ANY ('{3164206,1199144,5045936,1113639,4369962,6818067,7795518,7119768,2498948,5807366}'::integer[]))

table 4 : explain SELECT c FROM sbtest4 WHERE id IN ( 3164206, 1199144, 5045936, 1113639, 4369962, 6818067, 7795518, 7119768, 2498948, 5807366)
	Index Scan using sbtest4_pkey on sbtest4  (cost=0.43..83.81 rows=10 width=121)
	  Index Cond: (id = ANY ('{3164206,1199144,5045936,1113639,4369962,6818067,7795518,7119768,2498948,5807366}'::integer[]))

table 5 : explain SELECT c FROM sbtest5 WHERE id IN ( 3164206, 1199144, 5045936, 1113639, 4369962, 6818067, 7795518, 7119768, 2498948, 5807366)
	Index Scan using sbtest5_pkey on sbtest5  (cost=0.43..83.80 rows=10 width=121)
	  Index Cond: (id = ANY ('{3164206,1199144,5045936,1113639,4369962,6818067,7795518,7119768,2498948,5807366}'::integer[]))

table 6 : explain SELECT c FROM sbtest6 WHERE id IN ( 3164206, 1199144, 5045936, 1113639, 4369962, 6818067, 7795518, 7119768, 2498948, 5807366)
	Index Scan using sbtest6_pkey on sbtest6  (cost=0.43..83.79 rows=10 width=121)
	  Index Cond: (id = ANY ('{3164206,1199144,5045936,1113639,4369962,6818067,7795518,7119768,2498948,5807366}'::integer[]))

table 7 : explain SELECT c FROM sbtest7 WHERE id IN ( 3164206, 1199144, 5045936, 1113639, 4369962, 6818067, 7795518, 7119768, 2498948, 5807366)
	Index Scan using sbtest7_pkey on sbtest7  (cost=0.43..83.74 rows=10 width=121)
	  Index Cond: (id = ANY ('{3164206,1199144,5045936,1113639,4369962,6818067,7795518,7119768,2498948,5807366}'::integer[]))

table 8 : explain SELECT c FROM sbtest8 WHERE id IN ( 3164206, 1199144, 5045936, 1113639, 4369962, 6818067, 7795518, 7119768, 2498948, 5807366)
	Index Scan using sbtest8_pkey on sbtest8  (cost=0.43..83.85 rows=10 width=121)
	  Index Cond: (id = ANY ('{3164206,1199144,5045936,1113639,4369962,6818067,7795518,7119768,2498948,5807366}'::integer[]))

explain: for select-inlist :: explain SELECT c FROM sbtest%d WHERE id IN ( 1458358, 1895794, 6222991, 6737037, 4842001, 7039162, 8913310, 5176540, 4803532, 9948307)
for select-inlist
table 1 : explain SELECT c FROM sbtest1 WHERE id IN ( 1730121, 7411969, 8622097, 7949425, 5556570, 9509501, 7808853, 358817, 4747623, 2429916)
	Index Scan using sbtest1_pkey on sbtest1  (cost=0.43..83.89 rows=10 width=121)
	  Index Cond: (id = ANY ('{1730121,7411969,8622097,7949425,5556570,9509501,7808853,358817,4747623,2429916}'::integer[]))

table 2 : explain SELECT c FROM sbtest2 WHERE id IN ( 1730121, 7411969, 8622097, 7949425, 5556570, 9509501, 7808853, 358817, 4747623, 2429916)
	Index Scan using sbtest2_pkey on sbtest2  (cost=0.43..83.89 rows=10 width=121)
	  Index Cond: (id = ANY ('{1730121,7411969,8622097,7949425,5556570,9509501,7808853,358817,4747623,2429916}'::integer[]))

table 3 : explain SELECT c FROM sbtest3 WHERE id IN ( 1730121, 7411969, 8622097, 7949425, 5556570, 9509501, 7808853, 358817, 4747623, 2429916)
	Index Scan using sbtest3_pkey on sbtest3  (cost=0.43..83.84 rows=10 width=121)
	  Index Cond: (id = ANY ('{1730121,7411969,8622097,7949425,5556570,9509501,7808853,358817,4747623,2429916}'::integer[]))

table 4 : explain SELECT c FROM sbtest4 WHERE id IN ( 1730121, 7411969, 8622097, 7949425, 5556570, 9509501, 7808853, 358817, 4747623, 2429916)
	Index Scan using sbtest4_pkey on sbtest4  (cost=0.43..83.81 rows=10 width=121)
	  Index Cond: (id = ANY ('{1730121,7411969,8622097,7949425,5556570,9509501,7808853,358817,4747623,2429916}'::integer[]))

table 5 : explain SELECT c FROM sbtest5 WHERE id IN ( 1730121, 7411969, 8622097, 7949425, 5556570, 9509501, 7808853, 358817, 4747623, 2429916)
	Index Scan using sbtest5_pkey on sbtest5  (cost=0.43..83.80 rows=10 width=121)
	  Index Cond: (id = ANY ('{1730121,7411969,8622097,7949425,5556570,9509501,7808853,358817,4747623,2429916}'::integer[]))

table 6 : explain SELECT c FROM sbtest6 WHERE id IN ( 1730121, 7411969, 8622097, 7949425, 5556570, 9509501, 7808853, 358817, 4747623, 2429916)
	Index Scan using sbtest6_pkey on sbtest6  (cost=0.43..83.79 rows=10 width=121)
	  Index Cond: (id = ANY ('{1730121,7411969,8622097,7949425,5556570,9509501,7808853,358817,4747623,2429916}'::integer[]))

table 7 : explain SELECT c FROM sbtest7 WHERE id IN ( 1730121, 7411969, 8622097, 7949425, 5556570, 9509501, 7808853, 358817, 4747623, 2429916)
	Index Scan using sbtest7_pkey on sbtest7  (cost=0.43..83.74 rows=10 width=121)
	  Index Cond: (id = ANY ('{1730121,7411969,8622097,7949425,5556570,9509501,7808853,358817,4747623,2429916}'::integer[]))

table 8 : explain SELECT c FROM sbtest8 WHERE id IN ( 1730121, 7411969, 8622097, 7949425, 5556570, 9509501, 7808853, 358817, 4747623, 2429916)
	Index Scan using sbtest8_pkey on sbtest8  (cost=0.43..83.85 rows=10 width=121)
	  Index Cond: (id = ANY ('{1730121,7411969,8622097,7949425,5556570,9509501,7808853,358817,4747623,2429916}'::integer[]))

for select-inlist
table 1 : explain SELECT c FROM sbtest1 WHERE id IN ( 4060854, 58173, 9272744, 3831770, 8931471, 9407005, 1950883, 7925078, 9805332, 1569831)
	Index Scan using sbtest1_pkey on sbtest1  (cost=0.43..83.89 rows=10 width=121)
	  Index Cond: (id = ANY ('{4060854,58173,9272744,3831770,8931471,9407005,1950883,7925078,9805332,1569831}'::integer[]))

table 2 : explain SELECT c FROM sbtest2 WHERE id IN ( 4060854, 58173, 9272744, 3831770, 8931471, 9407005, 1950883, 7925078, 9805332, 1569831)
	Index Scan using sbtest2_pkey on sbtest2  (cost=0.43..83.89 rows=10 width=121)
	  Index Cond: (id = ANY ('{4060854,58173,9272744,3831770,8931471,9407005,1950883,7925078,9805332,1569831}'::integer[]))

table 3 : explain SELECT c FROM sbtest3 WHERE id IN ( 4060854, 58173, 9272744, 3831770, 8931471, 9407005, 1950883, 7925078, 9805332, 1569831)
	Index Scan using sbtest3_pkey on sbtest3  (cost=0.43..83.84 rows=10 width=121)
	  Index Cond: (id = ANY ('{4060854,58173,9272744,3831770,8931471,9407005,1950883,7925078,9805332,1569831}'::integer[]))

table 4 : explain SELECT c FROM sbtest4 WHERE id IN ( 4060854, 58173, 9272744, 3831770, 8931471, 9407005, 1950883, 7925078, 9805332, 1569831)
	Index Scan using sbtest4_pkey on sbtest4  (cost=0.43..83.81 rows=10 width=121)
	  Index Cond: (id = ANY ('{4060854,58173,9272744,3831770,8931471,9407005,1950883,7925078,9805332,1569831}'::integer[]))

table 5 : explain SELECT c FROM sbtest5 WHERE id IN ( 4060854, 58173, 9272744, 3831770, 8931471, 9407005, 1950883, 7925078, 9805332, 1569831)
	Index Scan using sbtest5_pkey on sbtest5  (cost=0.43..83.80 rows=10 width=121)
	  Index Cond: (id = ANY ('{4060854,58173,9272744,3831770,8931471,9407005,1950883,7925078,9805332,1569831}'::integer[]))

table 6 : explain SELECT c FROM sbtest6 WHERE id IN ( 4060854, 58173, 9272744, 3831770, 8931471, 9407005, 1950883, 7925078, 9805332, 1569831)
	Index Scan using sbtest6_pkey on sbtest6  (cost=0.43..83.79 rows=10 width=121)
	  Index Cond: (id = ANY ('{4060854,58173,9272744,3831770,8931471,9407005,1950883,7925078,9805332,1569831}'::integer[]))

table 7 : explain SELECT c FROM sbtest7 WHERE id IN ( 4060854, 58173, 9272744, 3831770, 8931471, 9407005, 1950883, 7925078, 9805332, 1569831)
	Index Scan using sbtest7_pkey on sbtest7  (cost=0.43..83.74 rows=10 width=121)
	  Index Cond: (id = ANY ('{4060854,58173,9272744,3831770,8931471,9407005,1950883,7925078,9805332,1569831}'::integer[]))

table 8 : explain SELECT c FROM sbtest8 WHERE id IN ( 4060854, 58173, 9272744, 3831770, 8931471, 9407005, 1950883, 7925078, 9805332, 1569831)
	Index Scan using sbtest8_pkey on sbtest8  (cost=0.43..83.85 rows=10 width=121)
	  Index Cond: (id = ANY ('{4060854,58173,9272744,3831770,8931471,9407005,1950883,7925078,9805332,1569831}'::integer[]))

explain: for select-inlist :: explain SELECT c FROM sbtest%d WHERE id IN ( 7728788, 1114778, 4832525, 874726, 5802887, 4952765, 8398619, 3943780, 9186360, 5998755)
explain: for select-inlist :: explain SELECT c FROM sbtest%d WHERE id IN ( 3122281, 5225411, 5079748, 2459593, 9158326, 6597516, 2781632, 2519438, 6837825, 1806468)
explain: for select-inlist :: explain SELECT c FROM sbtest%d WHERE id IN ( 3352026, 3552061, 3344354, 4350636, 4682912, 4464341, 3000107, 7402077, 3374334, 1479915)
for select-inlist
table 1 : explain SELECT c FROM sbtest1 WHERE id IN ( 8411840, 3209517, 6927395, 7812814, 5905580, 8296418, 1968940, 6748787, 7732957, 6470254)
	Index Scan using sbtest1_pkey on sbtest1  (cost=0.43..83.89 rows=10 width=121)
	  Index Cond: (id = ANY ('{8411840,3209517,6927395,7812814,5905580,8296418,1968940,6748787,7732957,6470254}'::integer[]))

table 2 : explain SELECT c FROM sbtest2 WHERE id IN ( 8411840, 3209517, 6927395, 7812814, 5905580, 8296418, 1968940, 6748787, 7732957, 6470254)
	Index Scan using sbtest2_pkey on sbtest2  (cost=0.43..83.89 rows=10 width=121)
	  Index Cond: (id = ANY ('{8411840,3209517,6927395,7812814,5905580,8296418,1968940,6748787,7732957,6470254}'::integer[]))

table 3 : explain SELECT c FROM sbtest3 WHERE id IN ( 8411840, 3209517, 6927395, 7812814, 5905580, 8296418, 1968940, 6748787, 7732957, 6470254)
	Index Scan using sbtest3_pkey on sbtest3  (cost=0.43..83.84 rows=10 width=121)
	  Index Cond: (id = ANY ('{8411840,3209517,6927395,7812814,5905580,8296418,1968940,6748787,7732957,6470254}'::integer[]))

table 4 : explain SELECT c FROM sbtest4 WHERE id IN ( 8411840, 3209517, 6927395, 7812814, 5905580, 8296418, 1968940, 6748787, 7732957, 6470254)
	Index Scan using sbtest4_pkey on sbtest4  (cost=0.43..83.81 rows=10 width=121)
	  Index Cond: (id = ANY ('{8411840,3209517,6927395,7812814,5905580,8296418,1968940,6748787,7732957,6470254}'::integer[]))

table 5 : explain SELECT c FROM sbtest5 WHERE id IN ( 8411840, 3209517, 6927395, 7812814, 5905580, 8296418, 1968940, 6748787, 7732957, 6470254)
	Index Scan using sbtest5_pkey on sbtest5  (cost=0.43..83.80 rows=10 width=121)
	  Index Cond: (id = ANY ('{8411840,3209517,6927395,7812814,5905580,8296418,1968940,6748787,7732957,6470254}'::integer[]))

table 6 : explain SELECT c FROM sbtest6 WHERE id IN ( 8411840, 3209517, 6927395, 7812814, 5905580, 8296418, 1968940, 6748787, 7732957, 6470254)
	Index Scan using sbtest6_pkey on sbtest6  (cost=0.43..83.79 rows=10 width=121)
	  Index Cond: (id = ANY ('{8411840,3209517,6927395,7812814,5905580,8296418,1968940,6748787,7732957,6470254}'::integer[]))

table 7 : explain SELECT c FROM sbtest7 WHERE id IN ( 8411840, 3209517, 6927395, 7812814, 5905580, 8296418, 1968940, 6748787, 7732957, 6470254)
	Index Scan using sbtest7_pkey on sbtest7  (cost=0.43..83.74 rows=10 width=121)
	  Index Cond: (id = ANY ('{8411840,3209517,6927395,7812814,5905580,8296418,1968940,6748787,7732957,6470254}'::integer[]))

table 8 : explain SELECT c FROM sbtest8 WHERE id IN ( 8411840, 3209517, 6927395, 7812814, 5905580, 8296418, 1968940, 6748787, 7732957, 6470254)
	Index Scan using sbtest8_pkey on sbtest8  (cost=0.43..83.85 rows=10 width=121)
	  Index Cond: (id = ANY ('{8411840,3209517,6927395,7812814,5905580,8296418,1968940,6748787,7732957,6470254}'::integer[]))

explain: for select-inlist :: explain SELECT c FROM sbtest%d WHERE id IN ( 9702660, 8416522, 7845765, 1917476, 714449, 6521554, 5339673, 2595969, 4818873, 1202778)
explain: for select-inlist :: explain SELECT c FROM sbtest%d WHERE id IN ( 8665756, 782817, 7823809, 8920154, 8595672, 3990198, 142977, 1085250, 8845129, 7261790)
explain: for select-inlist :: explain SELECT c FROM sbtest%d WHERE id IN ( 3942934, 3645816, 4548079, 9419987, 6837582, 3801546, 2304301, 8865812, 3907590, 3733158)
for select-inlist
table 1 : explain SELECT c FROM sbtest1 WHERE id IN ( 3122281, 5225411, 5079748, 2459593, 9158326, 6597516, 2781632, 2519438, 6837825, 1806468)
	Index Scan using sbtest1_pkey on sbtest1  (cost=0.43..83.89 rows=10 width=121)
	  Index Cond: (id = ANY ('{3122281,5225411,5079748,2459593,9158326,6597516,2781632,2519438,6837825,1806468}'::integer[]))

table 2 : explain SELECT c FROM sbtest2 WHERE id IN ( 3122281, 5225411, 5079748, 2459593, 9158326, 6597516, 2781632, 2519438, 6837825, 1806468)
	Index Scan using sbtest2_pkey on sbtest2  (cost=0.43..83.89 rows=10 width=121)
	  Index Cond: (id = ANY ('{3122281,5225411,5079748,2459593,9158326,6597516,2781632,2519438,6837825,1806468}'::integer[]))

table 3 : explain SELECT c FROM sbtest3 WHERE id IN ( 3122281, 5225411, 5079748, 2459593, 9158326, 6597516, 2781632, 2519438, 6837825, 1806468)
	Index Scan using sbtest3_pkey on sbtest3  (cost=0.43..83.84 rows=10 width=121)
	  Index Cond: (id = ANY ('{3122281,5225411,5079748,2459593,9158326,6597516,2781632,2519438,6837825,1806468}'::integer[]))

table 4 : explain SELECT c FROM sbtest4 WHERE id IN ( 3122281, 5225411, 5079748, 2459593, 9158326, 6597516, 2781632, 2519438, 6837825, 1806468)
	Index Scan using sbtest4_pkey on sbtest4  (cost=0.43..83.81 rows=10 width=121)
	  Index Cond: (id = ANY ('{3122281,5225411,5079748,2459593,9158326,6597516,2781632,2519438,6837825,1806468}'::integer[]))

table 5 : explain SELECT c FROM sbtest5 WHERE id IN ( 3122281, 5225411, 5079748, 2459593, 9158326, 6597516, 2781632, 2519438, 6837825, 1806468)
	Index Scan using sbtest5_pkey on sbtest5  (cost=0.43..83.80 rows=10 width=121)
	  Index Cond: (id = ANY ('{3122281,5225411,5079748,2459593,9158326,6597516,2781632,2519438,6837825,1806468}'::integer[]))

table 6 : explain SELECT c FROM sbtest6 WHERE id IN ( 3122281, 5225411, 5079748, 2459593, 9158326, 6597516, 2781632, 2519438, 6837825, 1806468)
	Index Scan using sbtest6_pkey on sbtest6  (cost=0.43..83.79 rows=10 width=121)
	  Index Cond: (id = ANY ('{3122281,5225411,5079748,2459593,9158326,6597516,2781632,2519438,6837825,1806468}'::integer[]))

table 7 : explain SELECT c FROM sbtest7 WHERE id IN ( 3122281, 5225411, 5079748, 2459593, 9158326, 6597516, 2781632, 2519438, 6837825, 1806468)
	Index Scan using sbtest7_pkey on sbtest7  (cost=0.43..83.74 rows=10 width=121)
	  Index Cond: (id = ANY ('{3122281,5225411,5079748,2459593,9158326,6597516,2781632,2519438,6837825,1806468}'::integer[]))

table 8 : explain SELECT c FROM sbtest8 WHERE id IN ( 3122281, 5225411, 5079748, 2459593, 9158326, 6597516, 2781632, 2519438, 6837825, 1806468)
	Index Scan using sbtest8_pkey on sbtest8  (cost=0.43..83.85 rows=10 width=121)
	  Index Cond: (id = ANY ('{3122281,5225411,5079748,2459593,9158326,6597516,2781632,2519438,6837825,1806468}'::integer[]))

explain: for select-inlist :: explain SELECT c FROM sbtest%d WHERE id IN ( 5628577, 911745, 7573776, 1906089, 2673430, 404444, 5763233, 9439196, 3964679, 943937)
for select-inlist
table 1 : explain SELECT c FROM sbtest1 WHERE id IN ( 1458358, 1895794, 6222991, 6737037, 4842001, 7039162, 8913310, 5176540, 4803532, 9948307)
	Index Scan using sbtest1_pkey on sbtest1  (cost=0.43..83.89 rows=10 width=121)
	  Index Cond: (id = ANY ('{1458358,1895794,6222991,6737037,4842001,7039162,8913310,5176540,4803532,9948307}'::integer[]))

table 2 : explain SELECT c FROM sbtest2 WHERE id IN ( 1458358, 1895794, 6222991, 6737037, 4842001, 7039162, 8913310, 5176540, 4803532, 9948307)
	Index Scan using sbtest2_pkey on sbtest2  (cost=0.43..83.89 rows=10 width=121)
	  Index Cond: (id = ANY ('{1458358,1895794,6222991,6737037,4842001,7039162,8913310,5176540,4803532,9948307}'::integer[]))

table 3 : explain SELECT c FROM sbtest3 WHERE id IN ( 1458358, 1895794, 6222991, 6737037, 4842001, 7039162, 8913310, 5176540, 4803532, 9948307)
	Index Scan using sbtest3_pkey on sbtest3  (cost=0.43..83.84 rows=10 width=121)
	  Index Cond: (id = ANY ('{1458358,1895794,6222991,6737037,4842001,7039162,8913310,5176540,4803532,9948307}'::integer[]))

table 4 : explain SELECT c FROM sbtest4 WHERE id IN ( 1458358, 1895794, 6222991, 6737037, 4842001, 7039162, 8913310, 5176540, 4803532, 9948307)
	Index Scan using sbtest4_pkey on sbtest4  (cost=0.43..83.81 rows=10 width=121)
	  Index Cond: (id = ANY ('{1458358,1895794,6222991,6737037,4842001,7039162,8913310,5176540,4803532,9948307}'::integer[]))

table 5 : explain SELECT c FROM sbtest5 WHERE id IN ( 1458358, 1895794, 6222991, 6737037, 4842001, 7039162, 8913310, 5176540, 4803532, 9948307)
	Index Scan using sbtest5_pkey on sbtest5  (cost=0.43..83.80 rows=10 width=121)
	  Index Cond: (id = ANY ('{1458358,1895794,6222991,6737037,4842001,7039162,8913310,5176540,4803532,9948307}'::integer[]))

table 6 : explain SELECT c FROM sbtest6 WHERE id IN ( 1458358, 1895794, 6222991, 6737037, 4842001, 7039162, 8913310, 5176540, 4803532, 9948307)
	Index Scan using sbtest6_pkey on sbtest6  (cost=0.43..83.79 rows=10 width=121)
	  Index Cond: (id = ANY ('{1458358,1895794,6222991,6737037,4842001,7039162,8913310,5176540,4803532,9948307}'::integer[]))

table 7 : explain SELECT c FROM sbtest7 WHERE id IN ( 1458358, 1895794, 6222991, 6737037, 4842001, 7039162, 8913310, 5176540, 4803532, 9948307)
	Index Scan using sbtest7_pkey on sbtest7  (cost=0.43..83.74 rows=10 width=121)
	  Index Cond: (id = ANY ('{1458358,1895794,6222991,6737037,4842001,7039162,8913310,5176540,4803532,9948307}'::integer[]))

table 8 : explain SELECT c FROM sbtest8 WHERE id IN ( 1458358, 1895794, 6222991, 6737037, 4842001, 7039162, 8913310, 5176540, 4803532, 9948307)
	Index Scan using sbtest8_pkey on sbtest8  (cost=0.43..83.85 rows=10 width=121)
	  Index Cond: (id = ANY ('{1458358,1895794,6222991,6737037,4842001,7039162,8913310,5176540,4803532,9948307}'::integer[]))

for select-inlist
table 1 : explain SELECT c FROM sbtest1 WHERE id IN ( 7728788, 1114778, 4832525, 874726, 5802887, 4952765, 8398619, 3943780, 9186360, 5998755)
	Index Scan using sbtest1_pkey on sbtest1  (cost=0.43..83.89 rows=10 width=121)
	  Index Cond: (id = ANY ('{7728788,1114778,4832525,874726,5802887,4952765,8398619,3943780,9186360,5998755}'::integer[]))

table 2 : explain SELECT c FROM sbtest2 WHERE id IN ( 7728788, 1114778, 4832525, 874726, 5802887, 4952765, 8398619, 3943780, 9186360, 5998755)
	Index Scan using sbtest2_pkey on sbtest2  (cost=0.43..83.89 rows=10 width=121)
	  Index Cond: (id = ANY ('{7728788,1114778,4832525,874726,5802887,4952765,8398619,3943780,9186360,5998755}'::integer[]))

table 3 : explain SELECT c FROM sbtest3 WHERE id IN ( 7728788, 1114778, 4832525, 874726, 5802887, 4952765, 8398619, 3943780, 9186360, 5998755)
	Index Scan using sbtest3_pkey on sbtest3  (cost=0.43..83.84 rows=10 width=121)
	  Index Cond: (id = ANY ('{7728788,1114778,4832525,874726,5802887,4952765,8398619,3943780,9186360,5998755}'::integer[]))

table 4 : explain SELECT c FROM sbtest4 WHERE id IN ( 7728788, 1114778, 4832525, 874726, 5802887, 4952765, 8398619, 3943780, 9186360, 5998755)
	Index Scan using sbtest4_pkey on sbtest4  (cost=0.43..83.81 rows=10 width=121)
	  Index Cond: (id = ANY ('{7728788,1114778,4832525,874726,5802887,4952765,8398619,3943780,9186360,5998755}'::integer[]))

table 5 : explain SELECT c FROM sbtest5 WHERE id IN ( 7728788, 1114778, 4832525, 874726, 5802887, 4952765, 8398619, 3943780, 9186360, 5998755)
	Index Scan using sbtest5_pkey on sbtest5  (cost=0.43..83.80 rows=10 width=121)
	  Index Cond: (id = ANY ('{7728788,1114778,4832525,874726,5802887,4952765,8398619,3943780,9186360,5998755}'::integer[]))

table 6 : explain SELECT c FROM sbtest6 WHERE id IN ( 7728788, 1114778, 4832525, 874726, 5802887, 4952765, 8398619, 3943780, 9186360, 5998755)
	Index Scan using sbtest6_pkey on sbtest6  (cost=0.43..83.79 rows=10 width=121)
	  Index Cond: (id = ANY ('{7728788,1114778,4832525,874726,5802887,4952765,8398619,3943780,9186360,5998755}'::integer[]))

table 7 : explain SELECT c FROM sbtest7 WHERE id IN ( 7728788, 1114778, 4832525, 874726, 5802887, 4952765, 8398619, 3943780, 9186360, 5998755)
	Index Scan using sbtest7_pkey on sbtest7  (cost=0.43..83.74 rows=10 width=121)
	  Index Cond: (id = ANY ('{7728788,1114778,4832525,874726,5802887,4952765,8398619,3943780,9186360,5998755}'::integer[]))

table 8 : explain SELECT c FROM sbtest8 WHERE id IN ( 7728788, 1114778, 4832525, 874726, 5802887, 4952765, 8398619, 3943780, 9186360, 5998755)
	Index Scan using sbtest8_pkey on sbtest8  (cost=0.43..83.85 rows=10 width=121)
	  Index Cond: (id = ANY ('{7728788,1114778,4832525,874726,5802887,4952765,8398619,3943780,9186360,5998755}'::integer[]))

for select-inlist
table 1 : explain SELECT c FROM sbtest1 WHERE id IN ( 8665756, 782817, 7823809, 8920154, 8595672, 3990198, 142977, 1085250, 8845129, 7261790)
	Index Scan using sbtest1_pkey on sbtest1  (cost=0.43..83.89 rows=10 width=121)
	  Index Cond: (id = ANY ('{8665756,782817,7823809,8920154,8595672,3990198,142977,1085250,8845129,7261790}'::integer[]))

table 2 : explain SELECT c FROM sbtest2 WHERE id IN ( 8665756, 782817, 7823809, 8920154, 8595672, 3990198, 142977, 1085250, 8845129, 7261790)
	Index Scan using sbtest2_pkey on sbtest2  (cost=0.43..83.89 rows=10 width=121)
	  Index Cond: (id = ANY ('{8665756,782817,7823809,8920154,8595672,3990198,142977,1085250,8845129,7261790}'::integer[]))

table 3 : explain SELECT c FROM sbtest3 WHERE id IN ( 8665756, 782817, 7823809, 8920154, 8595672, 3990198, 142977, 1085250, 8845129, 7261790)
	Index Scan using sbtest3_pkey on sbtest3  (cost=0.43..83.84 rows=10 width=121)
	  Index Cond: (id = ANY ('{8665756,782817,7823809,8920154,8595672,3990198,142977,1085250,8845129,7261790}'::integer[]))

table 4 : explain SELECT c FROM sbtest4 WHERE id IN ( 8665756, 782817, 7823809, 8920154, 8595672, 3990198, 142977, 1085250, 8845129, 7261790)
	Index Scan using sbtest4_pkey on sbtest4  (cost=0.43..83.81 rows=10 width=121)
	  Index Cond: (id = ANY ('{8665756,782817,7823809,8920154,8595672,3990198,142977,1085250,8845129,7261790}'::integer[]))

table 5 : explain SELECT c FROM sbtest5 WHERE id IN ( 8665756, 782817, 7823809, 8920154, 8595672, 3990198, 142977, 1085250, 8845129, 7261790)
	Index Scan using sbtest5_pkey on sbtest5  (cost=0.43..83.80 rows=10 width=121)
	  Index Cond: (id = ANY ('{8665756,782817,7823809,8920154,8595672,3990198,142977,1085250,8845129,7261790}'::integer[]))

table 6 : explain SELECT c FROM sbtest6 WHERE id IN ( 8665756, 782817, 7823809, 8920154, 8595672, 3990198, 142977, 1085250, 8845129, 7261790)
	Index Scan using sbtest6_pkey on sbtest6  (cost=0.43..83.79 rows=10 width=121)
	  Index Cond: (id = ANY ('{8665756,782817,7823809,8920154,8595672,3990198,142977,1085250,8845129,7261790}'::integer[]))

table 7 : explain SELECT c FROM sbtest7 WHERE id IN ( 8665756, 782817, 7823809, 8920154, 8595672, 3990198, 142977, 1085250, 8845129, 7261790)
	Index Scan using sbtest7_pkey on sbtest7  (cost=0.43..83.74 rows=10 width=121)
	  Index Cond: (id = ANY ('{8665756,782817,7823809,8920154,8595672,3990198,142977,1085250,8845129,7261790}'::integer[]))

table 8 : explain SELECT c FROM sbtest8 WHERE id IN ( 8665756, 782817, 7823809, 8920154, 8595672, 3990198, 142977, 1085250, 8845129, 7261790)
	Index Scan using sbtest8_pkey on sbtest8  (cost=0.43..83.85 rows=10 width=121)
	  Index Cond: (id = ANY ('{8665756,782817,7823809,8920154,8595672,3990198,142977,1085250,8845129,7261790}'::integer[]))

for select-inlist
table 1 : explain SELECT c FROM sbtest1 WHERE id IN ( 5628577, 911745, 7573776, 1906089, 2673430, 404444, 5763233, 9439196, 3964679, 943937)
	Index Scan using sbtest1_pkey on sbtest1  (cost=0.43..83.89 rows=10 width=121)
	  Index Cond: (id = ANY ('{5628577,911745,7573776,1906089,2673430,404444,5763233,9439196,3964679,943937}'::integer[]))

table 2 : explain SELECT c FROM sbtest2 WHERE id IN ( 5628577, 911745, 7573776, 1906089, 2673430, 404444, 5763233, 9439196, 3964679, 943937)
	Index Scan using sbtest2_pkey on sbtest2  (cost=0.43..83.89 rows=10 width=121)
	  Index Cond: (id = ANY ('{5628577,911745,7573776,1906089,2673430,404444,5763233,9439196,3964679,943937}'::integer[]))

table 3 : explain SELECT c FROM sbtest3 WHERE id IN ( 5628577, 911745, 7573776, 1906089, 2673430, 404444, 5763233, 9439196, 3964679, 943937)
	Index Scan using sbtest3_pkey on sbtest3  (cost=0.43..83.84 rows=10 width=121)
	  Index Cond: (id = ANY ('{5628577,911745,7573776,1906089,2673430,404444,5763233,9439196,3964679,943937}'::integer[]))

table 4 : explain SELECT c FROM sbtest4 WHERE id IN ( 5628577, 911745, 7573776, 1906089, 2673430, 404444, 5763233, 9439196, 3964679, 943937)
	Index Scan using sbtest4_pkey on sbtest4  (cost=0.43..83.81 rows=10 width=121)
	  Index Cond: (id = ANY ('{5628577,911745,7573776,1906089,2673430,404444,5763233,9439196,3964679,943937}'::integer[]))

table 5 : explain SELECT c FROM sbtest5 WHERE id IN ( 5628577, 911745, 7573776, 1906089, 2673430, 404444, 5763233, 9439196, 3964679, 943937)
	Index Scan using sbtest5_pkey on sbtest5  (cost=0.43..83.80 rows=10 width=121)
	  Index Cond: (id = ANY ('{5628577,911745,7573776,1906089,2673430,404444,5763233,9439196,3964679,943937}'::integer[]))

table 6 : explain SELECT c FROM sbtest6 WHERE id IN ( 5628577, 911745, 7573776, 1906089, 2673430, 404444, 5763233, 9439196, 3964679, 943937)
	Index Scan using sbtest6_pkey on sbtest6  (cost=0.43..83.79 rows=10 width=121)
	  Index Cond: (id = ANY ('{5628577,911745,7573776,1906089,2673430,404444,5763233,9439196,3964679,943937}'::integer[]))

table 7 : explain SELECT c FROM sbtest7 WHERE id IN ( 5628577, 911745, 7573776, 1906089, 2673430, 404444, 5763233, 9439196, 3964679, 943937)
	Index Scan using sbtest7_pkey on sbtest7  (cost=0.43..83.74 rows=10 width=121)
	  Index Cond: (id = ANY ('{5628577,911745,7573776,1906089,2673430,404444,5763233,9439196,3964679,943937}'::integer[]))

table 8 : explain SELECT c FROM sbtest8 WHERE id IN ( 5628577, 911745, 7573776, 1906089, 2673430, 404444, 5763233, 9439196, 3964679, 943937)
	Index Scan using sbtest8_pkey on sbtest8  (cost=0.43..83.85 rows=10 width=121)
	  Index Cond: (id = ANY ('{5628577,911745,7573776,1906089,2673430,404444,5763233,9439196,3964679,943937}'::integer[]))

for select-inlist
table 1 : explain SELECT c FROM sbtest1 WHERE id IN ( 3942934, 3645816, 4548079, 9419987, 6837582, 3801546, 2304301, 8865812, 3907590, 3733158)
	Index Scan using sbtest1_pkey on sbtest1  (cost=0.43..83.89 rows=10 width=121)
	  Index Cond: (id = ANY ('{3942934,3645816,4548079,9419987,6837582,3801546,2304301,8865812,3907590,3733158}'::integer[]))

table 2 : explain SELECT c FROM sbtest2 WHERE id IN ( 3942934, 3645816, 4548079, 9419987, 6837582, 3801546, 2304301, 8865812, 3907590, 3733158)
	Index Scan using sbtest2_pkey on sbtest2  (cost=0.43..83.89 rows=10 width=121)
	  Index Cond: (id = ANY ('{3942934,3645816,4548079,9419987,6837582,3801546,2304301,8865812,3907590,3733158}'::integer[]))

table 3 : explain SELECT c FROM sbtest3 WHERE id IN ( 3942934, 3645816, 4548079, 9419987, 6837582, 3801546, 2304301, 8865812, 3907590, 3733158)
	Index Scan using sbtest3_pkey on sbtest3  (cost=0.43..83.84 rows=10 width=121)
	  Index Cond: (id = ANY ('{3942934,3645816,4548079,9419987,6837582,3801546,2304301,8865812,3907590,3733158}'::integer[]))

table 4 : explain SELECT c FROM sbtest4 WHERE id IN ( 3942934, 3645816, 4548079, 9419987, 6837582, 3801546, 2304301, 8865812, 3907590, 3733158)
	Index Scan using sbtest4_pkey on sbtest4  (cost=0.43..83.81 rows=10 width=121)
	  Index Cond: (id = ANY ('{3942934,3645816,4548079,9419987,6837582,3801546,2304301,8865812,3907590,3733158}'::integer[]))

table 5 : explain SELECT c FROM sbtest5 WHERE id IN ( 3942934, 3645816, 4548079, 9419987, 6837582, 3801546, 2304301, 8865812, 3907590, 3733158)
	Index Scan using sbtest5_pkey on sbtest5  (cost=0.43..83.80 rows=10 width=121)
	  Index Cond: (id = ANY ('{3942934,3645816,4548079,9419987,6837582,3801546,2304301,8865812,3907590,3733158}'::integer[]))

table 6 : explain SELECT c FROM sbtest6 WHERE id IN ( 3942934, 3645816, 4548079, 9419987, 6837582, 3801546, 2304301, 8865812, 3907590, 3733158)
	Index Scan using sbtest6_pkey on sbtest6  (cost=0.43..83.79 rows=10 width=121)
	  Index Cond: (id = ANY ('{3942934,3645816,4548079,9419987,6837582,3801546,2304301,8865812,3907590,3733158}'::integer[]))

table 7 : explain SELECT c FROM sbtest7 WHERE id IN ( 3942934, 3645816, 4548079, 9419987, 6837582, 3801546, 2304301, 8865812, 3907590, 3733158)
	Index Scan using sbtest7_pkey on sbtest7  (cost=0.43..83.74 rows=10 width=121)
	  Index Cond: (id = ANY ('{3942934,3645816,4548079,9419987,6837582,3801546,2304301,8865812,3907590,3733158}'::integer[]))

table 8 : explain SELECT c FROM sbtest8 WHERE id IN ( 3942934, 3645816, 4548079, 9419987, 6837582, 3801546, 2304301, 8865812, 3907590, 3733158)
	Index Scan using sbtest8_pkey on sbtest8  (cost=0.43..83.85 rows=10 width=121)
	  Index Cond: (id = ANY ('{3942934,3645816,4548079,9419987,6837582,3801546,2304301,8865812,3907590,3733158}'::integer[]))

for select-inlist
table 1 : explain SELECT c FROM sbtest1 WHERE id IN ( 3352026, 3552061, 3344354, 4350636, 4682912, 4464341, 3000107, 7402077, 3374334, 1479915)
	Index Scan using sbtest1_pkey on sbtest1  (cost=0.43..83.89 rows=10 width=121)
	  Index Cond: (id = ANY ('{3352026,3552061,3344354,4350636,4682912,4464341,3000107,7402077,3374334,1479915}'::integer[]))

table 2 : explain SELECT c FROM sbtest2 WHERE id IN ( 3352026, 3552061, 3344354, 4350636, 4682912, 4464341, 3000107, 7402077, 3374334, 1479915)
	Index Scan using sbtest2_pkey on sbtest2  (cost=0.43..83.89 rows=10 width=121)
	  Index Cond: (id = ANY ('{3352026,3552061,3344354,4350636,4682912,4464341,3000107,7402077,3374334,1479915}'::integer[]))

table 3 : explain SELECT c FROM sbtest3 WHERE id IN ( 3352026, 3552061, 3344354, 4350636, 4682912, 4464341, 3000107, 7402077, 3374334, 1479915)
	Index Scan using sbtest3_pkey on sbtest3  (cost=0.43..83.84 rows=10 width=121)
	  Index Cond: (id = ANY ('{3352026,3552061,3344354,4350636,4682912,4464341,3000107,7402077,3374334,1479915}'::integer[]))

table 4 : explain SELECT c FROM sbtest4 WHERE id IN ( 3352026, 3552061, 3344354, 4350636, 4682912, 4464341, 3000107, 7402077, 3374334, 1479915)
	Index Scan using sbtest4_pkey on sbtest4  (cost=0.43..83.81 rows=10 width=121)
	  Index Cond: (id = ANY ('{3352026,3552061,3344354,4350636,4682912,4464341,3000107,7402077,3374334,1479915}'::integer[]))

table 5 : explain SELECT c FROM sbtest5 WHERE id IN ( 3352026, 3552061, 3344354, 4350636, 4682912, 4464341, 3000107, 7402077, 3374334, 1479915)
	Index Scan using sbtest5_pkey on sbtest5  (cost=0.43..83.80 rows=10 width=121)
	  Index Cond: (id = ANY ('{3352026,3552061,3344354,4350636,4682912,4464341,3000107,7402077,3374334,1479915}'::integer[]))

table 6 : explain SELECT c FROM sbtest6 WHERE id IN ( 3352026, 3552061, 3344354, 4350636, 4682912, 4464341, 3000107, 7402077, 3374334, 1479915)
	Index Scan using sbtest6_pkey on sbtest6  (cost=0.43..83.79 rows=10 width=121)
	  Index Cond: (id = ANY ('{3352026,3552061,3344354,4350636,4682912,4464341,3000107,7402077,3374334,1479915}'::integer[]))

table 7 : explain SELECT c FROM sbtest7 WHERE id IN ( 3352026, 3552061, 3344354, 4350636, 4682912, 4464341, 3000107, 7402077, 3374334, 1479915)
	Index Scan using sbtest7_pkey on sbtest7  (cost=0.43..83.74 rows=10 width=121)
	  Index Cond: (id = ANY ('{3352026,3552061,3344354,4350636,4682912,4464341,3000107,7402077,3374334,1479915}'::integer[]))

table 8 : explain SELECT c FROM sbtest8 WHERE id IN ( 3352026, 3552061, 3344354, 4350636, 4682912, 4464341, 3000107, 7402077, 3374334, 1479915)
	Index Scan using sbtest8_pkey on sbtest8  (cost=0.43..83.85 rows=10 width=121)
	  Index Cond: (id = ANY ('{3352026,3552061,3344354,4350636,4682912,4464341,3000107,7402077,3374334,1479915}'::integer[]))

for select-inlist
table 1 : explain SELECT c FROM sbtest1 WHERE id IN ( 9702660, 8416522, 7845765, 1917476, 714449, 6521554, 5339673, 2595969, 4818873, 1202778)
	Index Scan using sbtest1_pkey on sbtest1  (cost=0.43..83.89 rows=10 width=121)
	  Index Cond: (id = ANY ('{9702660,8416522,7845765,1917476,714449,6521554,5339673,2595969,4818873,1202778}'::integer[]))

table 2 : explain SELECT c FROM sbtest2 WHERE id IN ( 9702660, 8416522, 7845765, 1917476, 714449, 6521554, 5339673, 2595969, 4818873, 1202778)
	Index Scan using sbtest2_pkey on sbtest2  (cost=0.43..83.89 rows=10 width=121)
	  Index Cond: (id = ANY ('{9702660,8416522,7845765,1917476,714449,6521554,5339673,2595969,4818873,1202778}'::integer[]))

table 3 : explain SELECT c FROM sbtest3 WHERE id IN ( 9702660, 8416522, 7845765, 1917476, 714449, 6521554, 5339673, 2595969, 4818873, 1202778)
	Index Scan using sbtest3_pkey on sbtest3  (cost=0.43..83.84 rows=10 width=121)
	  Index Cond: (id = ANY ('{9702660,8416522,7845765,1917476,714449,6521554,5339673,2595969,4818873,1202778}'::integer[]))

table 4 : explain SELECT c FROM sbtest4 WHERE id IN ( 9702660, 8416522, 7845765, 1917476, 714449, 6521554, 5339673, 2595969, 4818873, 1202778)
	Index Scan using sbtest4_pkey on sbtest4  (cost=0.43..83.81 rows=10 width=121)
	  Index Cond: (id = ANY ('{9702660,8416522,7845765,1917476,714449,6521554,5339673,2595969,4818873,1202778}'::integer[]))

table 5 : explain SELECT c FROM sbtest5 WHERE id IN ( 9702660, 8416522, 7845765, 1917476, 714449, 6521554, 5339673, 2595969, 4818873, 1202778)
	Index Scan using sbtest5_pkey on sbtest5  (cost=0.43..83.80 rows=10 width=121)
	  Index Cond: (id = ANY ('{9702660,8416522,7845765,1917476,714449,6521554,5339673,2595969,4818873,1202778}'::integer[]))

table 6 : explain SELECT c FROM sbtest6 WHERE id IN ( 9702660, 8416522, 7845765, 1917476, 714449, 6521554, 5339673, 2595969, 4818873, 1202778)
	Index Scan using sbtest6_pkey on sbtest6  (cost=0.43..83.79 rows=10 width=121)
	  Index Cond: (id = ANY ('{9702660,8416522,7845765,1917476,714449,6521554,5339673,2595969,4818873,1202778}'::integer[]))

table 7 : explain SELECT c FROM sbtest7 WHERE id IN ( 9702660, 8416522, 7845765, 1917476, 714449, 6521554, 5339673, 2595969, 4818873, 1202778)
	Index Scan using sbtest7_pkey on sbtest7  (cost=0.43..83.74 rows=10 width=121)
	  Index Cond: (id = ANY ('{9702660,8416522,7845765,1917476,714449,6521554,5339673,2595969,4818873,1202778}'::integer[]))

table 8 : explain SELECT c FROM sbtest8 WHERE id IN ( 9702660, 8416522, 7845765, 1917476, 714449, 6521554, 5339673, 2595969, 4818873, 1202778)
	Index Scan using sbtest8_pkey on sbtest8  (cost=0.43..83.85 rows=10 width=121)
	  Index Cond: (id = ANY ('{9702660,8416522,7845765,1917476,714449,6521554,5339673,2595969,4818873,1202778}'::integer[]))

explain: for select-inlist :: explain SELECT c FROM sbtest%d WHERE id IN ( 856985, 8930607, 9618065, 8932602, 9568065, 7718693, 3179539, 530754, 1335274, 4452856)
explain: for select-inlist :: explain SELECT c FROM sbtest%d WHERE id IN ( 8713022, 1239184, 832201, 5714107, 3458020, 6224096, 7568648, 9152880, 9096499, 8769039)
explain: for select-inlist :: explain SELECT c FROM sbtest%d WHERE id IN ( 4817812, 5405337, 6203723, 2136068, 4068992, 3655232, 7618285, 1564855, 1994376, 5767078)
for select-inlist
table 1 : explain SELECT c FROM sbtest1 WHERE id IN ( 856985, 8930607, 9618065, 8932602, 9568065, 7718693, 3179539, 530754, 1335274, 4452856)
	Index Scan using sbtest1_pkey on sbtest1  (cost=0.43..83.89 rows=10 width=121)
	  Index Cond: (id = ANY ('{856985,8930607,9618065,8932602,9568065,7718693,3179539,530754,1335274,4452856}'::integer[]))

table 2 : explain SELECT c FROM sbtest2 WHERE id IN ( 856985, 8930607, 9618065, 8932602, 9568065, 7718693, 3179539, 530754, 1335274, 4452856)
	Index Scan using sbtest2_pkey on sbtest2  (cost=0.43..83.89 rows=10 width=121)
	  Index Cond: (id = ANY ('{856985,8930607,9618065,8932602,9568065,7718693,3179539,530754,1335274,4452856}'::integer[]))

table 3 : explain SELECT c FROM sbtest3 WHERE id IN ( 856985, 8930607, 9618065, 8932602, 9568065, 7718693, 3179539, 530754, 1335274, 4452856)
	Index Scan using sbtest3_pkey on sbtest3  (cost=0.43..83.84 rows=10 width=121)
	  Index Cond: (id = ANY ('{856985,8930607,9618065,8932602,9568065,7718693,3179539,530754,1335274,4452856}'::integer[]))

table 4 : explain SELECT c FROM sbtest4 WHERE id IN ( 856985, 8930607, 9618065, 8932602, 9568065, 7718693, 3179539, 530754, 1335274, 4452856)
	Index Scan using sbtest4_pkey on sbtest4  (cost=0.43..83.81 rows=10 width=121)
	  Index Cond: (id = ANY ('{856985,8930607,9618065,8932602,9568065,7718693,3179539,530754,1335274,4452856}'::integer[]))

table 5 : explain SELECT c FROM sbtest5 WHERE id IN ( 856985, 8930607, 9618065, 8932602, 9568065, 7718693, 3179539, 530754, 1335274, 4452856)
	Index Scan using sbtest5_pkey on sbtest5  (cost=0.43..83.80 rows=10 width=121)
	  Index Cond: (id = ANY ('{856985,8930607,9618065,8932602,9568065,7718693,3179539,530754,1335274,4452856}'::integer[]))

table 6 : explain SELECT c FROM sbtest6 WHERE id IN ( 856985, 8930607, 9618065, 8932602, 9568065, 7718693, 3179539, 530754, 1335274, 4452856)
	Index Scan using sbtest6_pkey on sbtest6  (cost=0.43..83.79 rows=10 width=121)
	  Index Cond: (id = ANY ('{856985,8930607,9618065,8932602,9568065,7718693,3179539,530754,1335274,4452856}'::integer[]))

table 7 : explain SELECT c FROM sbtest7 WHERE id IN ( 856985, 8930607, 9618065, 8932602, 9568065, 7718693, 3179539, 530754, 1335274, 4452856)
	Index Scan using sbtest7_pkey on sbtest7  (cost=0.43..83.74 rows=10 width=121)
	  Index Cond: (id = ANY ('{856985,8930607,9618065,8932602,9568065,7718693,3179539,530754,1335274,4452856}'::integer[]))

table 8 : explain SELECT c FROM sbtest8 WHERE id IN ( 856985, 8930607, 9618065, 8932602, 9568065, 7718693, 3179539, 530754, 1335274, 4452856)
	Index Scan using sbtest8_pkey on sbtest8  (cost=0.43..83.85 rows=10 width=121)
	  Index Cond: (id = ANY ('{856985,8930607,9618065,8932602,9568065,7718693,3179539,530754,1335274,4452856}'::integer[]))

explain: for select-inlist :: explain SELECT c FROM sbtest%d WHERE id IN ( 150190, 4784849, 3028620, 9392254, 9582597, 1681160, 1195354, 1958154, 1765254, 9961224)
explain: for select-inlist :: explain SELECT c FROM sbtest%d WHERE id IN ( 1380704, 4655776, 2001265, 9788713, 5587821, 6998463, 2216322, 5591084, 4819193, 4202884)
explain: for select-inlist :: explain SELECT c FROM sbtest%d WHERE id IN ( 1594981, 8650697, 4154339, 843713, 2132863, 3956796, 280186, 4339903, 2645539, 5393755)
explain: for select-inlist :: explain SELECT c FROM sbtest%d WHERE id IN ( 5007125, 3094600, 845340, 6839076, 7001245, 864249, 152833, 9246906, 9459199, 1002216)
explain: for select-inlist :: explain SELECT c FROM sbtest%d WHERE id IN ( 1860530, 7562491, 1882861, 9384981, 2671220, 6021304, 7863612, 152431, 3140638, 4409410)
for select-inlist
table 1 : explain SELECT c FROM sbtest1 WHERE id IN ( 8713022, 1239184, 832201, 5714107, 3458020, 6224096, 7568648, 9152880, 9096499, 8769039)
	Index Scan using sbtest1_pkey on sbtest1  (cost=0.43..83.89 rows=10 width=121)
	  Index Cond: (id = ANY ('{8713022,1239184,832201,5714107,3458020,6224096,7568648,9152880,9096499,8769039}'::integer[]))

table 2 : explain SELECT c FROM sbtest2 WHERE id IN ( 8713022, 1239184, 832201, 5714107, 3458020, 6224096, 7568648, 9152880, 9096499, 8769039)
	Index Scan using sbtest2_pkey on sbtest2  (cost=0.43..83.89 rows=10 width=121)
	  Index Cond: (id = ANY ('{8713022,1239184,832201,5714107,3458020,6224096,7568648,9152880,9096499,8769039}'::integer[]))

table 3 : explain SELECT c FROM sbtest3 WHERE id IN ( 8713022, 1239184, 832201, 5714107, 3458020, 6224096, 7568648, 9152880, 9096499, 8769039)
	Index Scan using sbtest3_pkey on sbtest3  (cost=0.43..83.84 rows=10 width=121)
	  Index Cond: (id = ANY ('{8713022,1239184,832201,5714107,3458020,6224096,7568648,9152880,9096499,8769039}'::integer[]))

table 4 : explain SELECT c FROM sbtest4 WHERE id IN ( 8713022, 1239184, 832201, 5714107, 3458020, 6224096, 7568648, 9152880, 9096499, 8769039)
	Index Scan using sbtest4_pkey on sbtest4  (cost=0.43..83.81 rows=10 width=121)
	  Index Cond: (id = ANY ('{8713022,1239184,832201,5714107,3458020,6224096,7568648,9152880,9096499,8769039}'::integer[]))

table 5 : explain SELECT c FROM sbtest5 WHERE id IN ( 8713022, 1239184, 832201, 5714107, 3458020, 6224096, 7568648, 9152880, 9096499, 8769039)
	Index Scan using sbtest5_pkey on sbtest5  (cost=0.43..83.80 rows=10 width=121)
	  Index Cond: (id = ANY ('{8713022,1239184,832201,5714107,3458020,6224096,7568648,9152880,9096499,8769039}'::integer[]))

table 6 : explain SELECT c FROM sbtest6 WHERE id IN ( 8713022, 1239184, 832201, 5714107, 3458020, 6224096, 7568648, 9152880, 9096499, 8769039)
	Index Scan using sbtest6_pkey on sbtest6  (cost=0.43..83.79 rows=10 width=121)
	  Index Cond: (id = ANY ('{8713022,1239184,832201,5714107,3458020,6224096,7568648,9152880,9096499,8769039}'::integer[]))

table 7 : explain SELECT c FROM sbtest7 WHERE id IN ( 8713022, 1239184, 832201, 5714107, 3458020, 6224096, 7568648, 9152880, 9096499, 8769039)
	Index Scan using sbtest7_pkey on sbtest7  (cost=0.43..83.74 rows=10 width=121)
	  Index Cond: (id = ANY ('{8713022,1239184,832201,5714107,3458020,6224096,7568648,9152880,9096499,8769039}'::integer[]))

table 8 : explain SELECT c FROM sbtest8 WHERE id IN ( 8713022, 1239184, 832201, 5714107, 3458020, 6224096, 7568648, 9152880, 9096499, 8769039)
	Index Scan using sbtest8_pkey on sbtest8  (cost=0.43..83.85 rows=10 width=121)
	  Index Cond: (id = ANY ('{8713022,1239184,832201,5714107,3458020,6224096,7568648,9152880,9096499,8769039}'::integer[]))

for select-inlist
table 1 : explain SELECT c FROM sbtest1 WHERE id IN ( 4817812, 5405337, 6203723, 2136068, 4068992, 3655232, 7618285, 1564855, 1994376, 5767078)
	Index Scan using sbtest1_pkey on sbtest1  (cost=0.43..83.89 rows=10 width=121)
	  Index Cond: (id = ANY ('{4817812,5405337,6203723,2136068,4068992,3655232,7618285,1564855,1994376,5767078}'::integer[]))

table 2 : explain SELECT c FROM sbtest2 WHERE id IN ( 4817812, 5405337, 6203723, 2136068, 4068992, 3655232, 7618285, 1564855, 1994376, 5767078)
	Index Scan using sbtest2_pkey on sbtest2  (cost=0.43..83.89 rows=10 width=121)
	  Index Cond: (id = ANY ('{4817812,5405337,6203723,2136068,4068992,3655232,7618285,1564855,1994376,5767078}'::integer[]))

table 3 : explain SELECT c FROM sbtest3 WHERE id IN ( 4817812, 5405337, 6203723, 2136068, 4068992, 3655232, 7618285, 1564855, 1994376, 5767078)
	Index Scan using sbtest3_pkey on sbtest3  (cost=0.43..83.84 rows=10 width=121)
	  Index Cond: (id = ANY ('{4817812,5405337,6203723,2136068,4068992,3655232,7618285,1564855,1994376,5767078}'::integer[]))

table 4 : explain SELECT c FROM sbtest4 WHERE id IN ( 4817812, 5405337, 6203723, 2136068, 4068992, 3655232, 7618285, 1564855, 1994376, 5767078)
	Index Scan using sbtest4_pkey on sbtest4  (cost=0.43..83.81 rows=10 width=121)
	  Index Cond: (id = ANY ('{4817812,5405337,6203723,2136068,4068992,3655232,7618285,1564855,1994376,5767078}'::integer[]))

table 5 : explain SELECT c FROM sbtest5 WHERE id IN ( 4817812, 5405337, 6203723, 2136068, 4068992, 3655232, 7618285, 1564855, 1994376, 5767078)
	Index Scan using sbtest5_pkey on sbtest5  (cost=0.43..83.80 rows=10 width=121)
	  Index Cond: (id = ANY ('{4817812,5405337,6203723,2136068,4068992,3655232,7618285,1564855,1994376,5767078}'::integer[]))

table 6 : explain SELECT c FROM sbtest6 WHERE id IN ( 4817812, 5405337, 6203723, 2136068, 4068992, 3655232, 7618285, 1564855, 1994376, 5767078)
	Index Scan using sbtest6_pkey on sbtest6  (cost=0.43..83.79 rows=10 width=121)
	  Index Cond: (id = ANY ('{4817812,5405337,6203723,2136068,4068992,3655232,7618285,1564855,1994376,5767078}'::integer[]))

table 7 : explain SELECT c FROM sbtest7 WHERE id IN ( 4817812, 5405337, 6203723, 2136068, 4068992, 3655232, 7618285, 1564855, 1994376, 5767078)
	Index Scan using sbtest7_pkey on sbtest7  (cost=0.43..83.74 rows=10 width=121)
	  Index Cond: (id = ANY ('{4817812,5405337,6203723,2136068,4068992,3655232,7618285,1564855,1994376,5767078}'::integer[]))

table 8 : explain SELECT c FROM sbtest8 WHERE id IN ( 4817812, 5405337, 6203723, 2136068, 4068992, 3655232, 7618285, 1564855, 1994376, 5767078)
	Index Scan using sbtest8_pkey on sbtest8  (cost=0.43..83.85 rows=10 width=121)
	  Index Cond: (id = ANY ('{4817812,5405337,6203723,2136068,4068992,3655232,7618285,1564855,1994376,5767078}'::integer[]))

explain: for select-inlist :: explain SELECT c FROM sbtest%d WHERE id IN ( 8016096, 8592509, 4656275, 5478510, 5321565, 4230287, 9303558, 1681790, 7325182, 3964900)
for select-inlist
table 1 : explain SELECT c FROM sbtest1 WHERE id IN ( 1380704, 4655776, 2001265, 9788713, 5587821, 6998463, 2216322, 5591084, 4819193, 4202884)
	Index Scan using sbtest1_pkey on sbtest1  (cost=0.43..83.89 rows=10 width=121)
	  Index Cond: (id = ANY ('{1380704,4655776,2001265,9788713,5587821,6998463,2216322,5591084,4819193,4202884}'::integer[]))

table 2 : explain SELECT c FROM sbtest2 WHERE id IN ( 1380704, 4655776, 2001265, 9788713, 5587821, 6998463, 2216322, 5591084, 4819193, 4202884)
	Index Scan using sbtest2_pkey on sbtest2  (cost=0.43..83.89 rows=10 width=121)
	  Index Cond: (id = ANY ('{1380704,4655776,2001265,9788713,5587821,6998463,2216322,5591084,4819193,4202884}'::integer[]))

table 3 : explain SELECT c FROM sbtest3 WHERE id IN ( 1380704, 4655776, 2001265, 9788713, 5587821, 6998463, 2216322, 5591084, 4819193, 4202884)
	Index Scan using sbtest3_pkey on sbtest3  (cost=0.43..83.84 rows=10 width=121)
	  Index Cond: (id = ANY ('{1380704,4655776,2001265,9788713,5587821,6998463,2216322,5591084,4819193,4202884}'::integer[]))

table 4 : explain SELECT c FROM sbtest4 WHERE id IN ( 1380704, 4655776, 2001265, 9788713, 5587821, 6998463, 2216322, 5591084, 4819193, 4202884)
	Index Scan using sbtest4_pkey on sbtest4  (cost=0.43..83.81 rows=10 width=121)
	  Index Cond: (id = ANY ('{1380704,4655776,2001265,9788713,5587821,6998463,2216322,5591084,4819193,4202884}'::integer[]))

table 5 : explain SELECT c FROM sbtest5 WHERE id IN ( 1380704, 4655776, 2001265, 9788713, 5587821, 6998463, 2216322, 5591084, 4819193, 4202884)
	Index Scan using sbtest5_pkey on sbtest5  (cost=0.43..83.80 rows=10 width=121)
	  Index Cond: (id = ANY ('{1380704,4655776,2001265,9788713,5587821,6998463,2216322,5591084,4819193,4202884}'::integer[]))

table 6 : explain SELECT c FROM sbtest6 WHERE id IN ( 1380704, 4655776, 2001265, 9788713, 5587821, 6998463, 2216322, 5591084, 4819193, 4202884)
	Index Scan using sbtest6_pkey on sbtest6  (cost=0.43..83.79 rows=10 width=121)
	  Index Cond: (id = ANY ('{1380704,4655776,2001265,9788713,5587821,6998463,2216322,5591084,4819193,4202884}'::integer[]))

table 7 : explain SELECT c FROM sbtest7 WHERE id IN ( 1380704, 4655776, 2001265, 9788713, 5587821, 6998463, 2216322, 5591084, 4819193, 4202884)
	Index Scan using sbtest7_pkey on sbtest7  (cost=0.43..83.74 rows=10 width=121)
	  Index Cond: (id = ANY ('{1380704,4655776,2001265,9788713,5587821,6998463,2216322,5591084,4819193,4202884}'::integer[]))

table 8 : explain SELECT c FROM sbtest8 WHERE id IN ( 1380704, 4655776, 2001265, 9788713, 5587821, 6998463, 2216322, 5591084, 4819193, 4202884)
	Index Scan using sbtest8_pkey on sbtest8  (cost=0.43..83.85 rows=10 width=121)
	  Index Cond: (id = ANY ('{1380704,4655776,2001265,9788713,5587821,6998463,2216322,5591084,4819193,4202884}'::integer[]))

explain: for select-inlist :: explain SELECT c FROM sbtest%d WHERE id IN ( 6826707, 5602233, 5484793, 1147950, 597095, 6645676, 4482560, 2227492, 4196853, 7946508)
explain: for select-inlist :: explain SELECT c FROM sbtest%d WHERE id IN ( 8326136, 1916494, 4392179, 9668825, 2908484, 4917035, 1989351, 1084821, 2144414, 2809688)
for select-inlist
table 1 : explain SELECT c FROM sbtest1 WHERE id IN ( 1594981, 8650697, 4154339, 843713, 2132863, 3956796, 280186, 4339903, 2645539, 5393755)
	Index Scan using sbtest1_pkey on sbtest1  (cost=0.43..83.89 rows=10 width=121)
	  Index Cond: (id = ANY ('{1594981,8650697,4154339,843713,2132863,3956796,280186,4339903,2645539,5393755}'::integer[]))

table 2 : explain SELECT c FROM sbtest2 WHERE id IN ( 1594981, 8650697, 4154339, 843713, 2132863, 3956796, 280186, 4339903, 2645539, 5393755)
	Index Scan using sbtest2_pkey on sbtest2  (cost=0.43..83.89 rows=10 width=121)
	  Index Cond: (id = ANY ('{1594981,8650697,4154339,843713,2132863,3956796,280186,4339903,2645539,5393755}'::integer[]))

table 3 : explain SELECT c FROM sbtest3 WHERE id IN ( 1594981, 8650697, 4154339, 843713, 2132863, 3956796, 280186, 4339903, 2645539, 5393755)
	Index Scan using sbtest3_pkey on sbtest3  (cost=0.43..83.84 rows=10 width=121)
	  Index Cond: (id = ANY ('{1594981,8650697,4154339,843713,2132863,3956796,280186,4339903,2645539,5393755}'::integer[]))

table 4 : explain SELECT c FROM sbtest4 WHERE id IN ( 1594981, 8650697, 4154339, 843713, 2132863, 3956796, 280186, 4339903, 2645539, 5393755)
	Index Scan using sbtest4_pkey on sbtest4  (cost=0.43..83.81 rows=10 width=121)
	  Index Cond: (id = ANY ('{1594981,8650697,4154339,843713,2132863,3956796,280186,4339903,2645539,5393755}'::integer[]))

table 5 : explain SELECT c FROM sbtest5 WHERE id IN ( 1594981, 8650697, 4154339, 843713, 2132863, 3956796, 280186, 4339903, 2645539, 5393755)
	Index Scan using sbtest5_pkey on sbtest5  (cost=0.43..83.80 rows=10 width=121)
	  Index Cond: (id = ANY ('{1594981,8650697,4154339,843713,2132863,3956796,280186,4339903,2645539,5393755}'::integer[]))

table 6 : explain SELECT c FROM sbtest6 WHERE id IN ( 1594981, 8650697, 4154339, 843713, 2132863, 3956796, 280186, 4339903, 2645539, 5393755)
	Index Scan using sbtest6_pkey on sbtest6  (cost=0.43..83.79 rows=10 width=121)
	  Index Cond: (id = ANY ('{1594981,8650697,4154339,843713,2132863,3956796,280186,4339903,2645539,5393755}'::integer[]))

table 7 : explain SELECT c FROM sbtest7 WHERE id IN ( 1594981, 8650697, 4154339, 843713, 2132863, 3956796, 280186, 4339903, 2645539, 5393755)
	Index Scan using sbtest7_pkey on sbtest7  (cost=0.43..83.74 rows=10 width=121)
	  Index Cond: (id = ANY ('{1594981,8650697,4154339,843713,2132863,3956796,280186,4339903,2645539,5393755}'::integer[]))

table 8 : explain SELECT c FROM sbtest8 WHERE id IN ( 1594981, 8650697, 4154339, 843713, 2132863, 3956796, 280186, 4339903, 2645539, 5393755)
	Index Scan using sbtest8_pkey on sbtest8  (cost=0.43..83.85 rows=10 width=121)
	  Index Cond: (id = ANY ('{1594981,8650697,4154339,843713,2132863,3956796,280186,4339903,2645539,5393755}'::integer[]))

explain: for select-inlist :: explain SELECT c FROM sbtest%d WHERE id IN ( 1037414, 5241315, 5508468, 292182, 5538162, 6659010, 3649125, 9589619, 7180239, 915331)
explain: for select-inlist :: explain SELECT c FROM sbtest%d WHERE id IN ( 9333303, 4609602, 6486505, 9248335, 6739738, 6050330, 59618, 2826610, 1865139, 5815133)
for select-inlist
table 1 : explain SELECT c FROM sbtest1 WHERE id IN ( 150190, 4784849, 3028620, 9392254, 9582597, 1681160, 1195354, 1958154, 1765254, 9961224)
	Index Scan using sbtest1_pkey on sbtest1  (cost=0.43..83.89 rows=10 width=121)
	  Index Cond: (id = ANY ('{150190,4784849,3028620,9392254,9582597,1681160,1195354,1958154,1765254,9961224}'::integer[]))

table 2 : explain SELECT c FROM sbtest2 WHERE id IN ( 150190, 4784849, 3028620, 9392254, 9582597, 1681160, 1195354, 1958154, 1765254, 9961224)
	Index Scan using sbtest2_pkey on sbtest2  (cost=0.43..83.89 rows=10 width=121)
	  Index Cond: (id = ANY ('{150190,4784849,3028620,9392254,9582597,1681160,1195354,1958154,1765254,9961224}'::integer[]))

table 3 : explain SELECT c FROM sbtest3 WHERE id IN ( 150190, 4784849, 3028620, 9392254, 9582597, 1681160, 1195354, 1958154, 1765254, 9961224)
	Index Scan using sbtest3_pkey on sbtest3  (cost=0.43..83.84 rows=10 width=121)
	  Index Cond: (id = ANY ('{150190,4784849,3028620,9392254,9582597,1681160,1195354,1958154,1765254,9961224}'::integer[]))

table 4 : explain SELECT c FROM sbtest4 WHERE id IN ( 150190, 4784849, 3028620, 9392254, 9582597, 1681160, 1195354, 1958154, 1765254, 9961224)
	Index Scan using sbtest4_pkey on sbtest4  (cost=0.43..83.81 rows=10 width=121)
	  Index Cond: (id = ANY ('{150190,4784849,3028620,9392254,9582597,1681160,1195354,1958154,1765254,9961224}'::integer[]))

table 5 : explain SELECT c FROM sbtest5 WHERE id IN ( 150190, 4784849, 3028620, 9392254, 9582597, 1681160, 1195354, 1958154, 1765254, 9961224)
	Index Scan using sbtest5_pkey on sbtest5  (cost=0.43..83.80 rows=10 width=121)
	  Index Cond: (id = ANY ('{150190,4784849,3028620,9392254,9582597,1681160,1195354,1958154,1765254,9961224}'::integer[]))

table 6 : explain SELECT c FROM sbtest6 WHERE id IN ( 150190, 4784849, 3028620, 9392254, 9582597, 1681160, 1195354, 1958154, 1765254, 9961224)
	Index Scan using sbtest6_pkey on sbtest6  (cost=0.43..83.79 rows=10 width=121)
	  Index Cond: (id = ANY ('{150190,4784849,3028620,9392254,9582597,1681160,1195354,1958154,1765254,9961224}'::integer[]))

table 7 : explain SELECT c FROM sbtest7 WHERE id IN ( 150190, 4784849, 3028620, 9392254, 9582597, 1681160, 1195354, 1958154, 1765254, 9961224)
	Index Scan using sbtest7_pkey on sbtest7  (cost=0.43..83.74 rows=10 width=121)
	  Index Cond: (id = ANY ('{150190,4784849,3028620,9392254,9582597,1681160,1195354,1958154,1765254,9961224}'::integer[]))

table 8 : explain SELECT c FROM sbtest8 WHERE id IN ( 150190, 4784849, 3028620, 9392254, 9582597, 1681160, 1195354, 1958154, 1765254, 9961224)
	Index Scan using sbtest8_pkey on sbtest8  (cost=0.43..83.85 rows=10 width=121)
	  Index Cond: (id = ANY ('{150190,4784849,3028620,9392254,9582597,1681160,1195354,1958154,1765254,9961224}'::integer[]))

for select-inlist
table 1 : explain SELECT c FROM sbtest1 WHERE id IN ( 5007125, 3094600, 845340, 6839076, 7001245, 864249, 152833, 9246906, 9459199, 1002216)
	Index Scan using sbtest1_pkey on sbtest1  (cost=0.43..83.89 rows=10 width=121)
	  Index Cond: (id = ANY ('{5007125,3094600,845340,6839076,7001245,864249,152833,9246906,9459199,1002216}'::integer[]))

table 2 : explain SELECT c FROM sbtest2 WHERE id IN ( 5007125, 3094600, 845340, 6839076, 7001245, 864249, 152833, 9246906, 9459199, 1002216)
	Index Scan using sbtest2_pkey on sbtest2  (cost=0.43..83.89 rows=10 width=121)
	  Index Cond: (id = ANY ('{5007125,3094600,845340,6839076,7001245,864249,152833,9246906,9459199,1002216}'::integer[]))

table 3 : explain SELECT c FROM sbtest3 WHERE id IN ( 5007125, 3094600, 845340, 6839076, 7001245, 864249, 152833, 9246906, 9459199, 1002216)
	Index Scan using sbtest3_pkey on sbtest3  (cost=0.43..83.84 rows=10 width=121)
	  Index Cond: (id = ANY ('{5007125,3094600,845340,6839076,7001245,864249,152833,9246906,9459199,1002216}'::integer[]))

table 4 : explain SELECT c FROM sbtest4 WHERE id IN ( 5007125, 3094600, 845340, 6839076, 7001245, 864249, 152833, 9246906, 9459199, 1002216)
	Index Scan using sbtest4_pkey on sbtest4  (cost=0.43..83.81 rows=10 width=121)
	  Index Cond: (id = ANY ('{5007125,3094600,845340,6839076,7001245,864249,152833,9246906,9459199,1002216}'::integer[]))

table 5 : explain SELECT c FROM sbtest5 WHERE id IN ( 5007125, 3094600, 845340, 6839076, 7001245, 864249, 152833, 9246906, 9459199, 1002216)
	Index Scan using sbtest5_pkey on sbtest5  (cost=0.43..83.80 rows=10 width=121)
	  Index Cond: (id = ANY ('{5007125,3094600,845340,6839076,7001245,864249,152833,9246906,9459199,1002216}'::integer[]))

table 6 : explain SELECT c FROM sbtest6 WHERE id IN ( 5007125, 3094600, 845340, 6839076, 7001245, 864249, 152833, 9246906, 9459199, 1002216)
	Index Scan using sbtest6_pkey on sbtest6  (cost=0.43..83.79 rows=10 width=121)
	  Index Cond: (id = ANY ('{5007125,3094600,845340,6839076,7001245,864249,152833,9246906,9459199,1002216}'::integer[]))

table 7 : explain SELECT c FROM sbtest7 WHERE id IN ( 5007125, 3094600, 845340, 6839076, 7001245, 864249, 152833, 9246906, 9459199, 1002216)
	Index Scan using sbtest7_pkey on sbtest7  (cost=0.43..83.74 rows=10 width=121)
	  Index Cond: (id = ANY ('{5007125,3094600,845340,6839076,7001245,864249,152833,9246906,9459199,1002216}'::integer[]))

table 8 : explain SELECT c FROM sbtest8 WHERE id IN ( 5007125, 3094600, 845340, 6839076, 7001245, 864249, 152833, 9246906, 9459199, 1002216)
	Index Scan using sbtest8_pkey on sbtest8  (cost=0.43..83.85 rows=10 width=121)
	  Index Cond: (id = ANY ('{5007125,3094600,845340,6839076,7001245,864249,152833,9246906,9459199,1002216}'::integer[]))

explain: for select-inlist :: explain SELECT c FROM sbtest%d WHERE id IN ( 3038186, 7602960, 8243037, 9815497, 7615075, 4257874, 7254880, 6244447, 2522875, 4968230)
explain: for select-inlist :: explain SELECT c FROM sbtest%d WHERE id IN ( 8735332, 2412935, 1052832, 603350, 4354777, 9525325, 3088383, 1039210, 117705, 2767486)
explain: for select-inlist :: explain SELECT c FROM sbtest%d WHERE id IN ( 2555784, 9905244, 2763738, 8952284, 3513485, 4241449, 5408224, 3544783, 6781693, 9251715)
for select-inlist
table 1 : explain SELECT c FROM sbtest1 WHERE id IN ( 8326136, 1916494, 4392179, 9668825, 2908484, 4917035, 1989351, 1084821, 2144414, 2809688)
	Index Scan using sbtest1_pkey on sbtest1  (cost=0.43..83.89 rows=10 width=121)
	  Index Cond: (id = ANY ('{8326136,1916494,4392179,9668825,2908484,4917035,1989351,1084821,2144414,2809688}'::integer[]))

table 2 : explain SELECT c FROM sbtest2 WHERE id IN ( 8326136, 1916494, 4392179, 9668825, 2908484, 4917035, 1989351, 1084821, 2144414, 2809688)
	Index Scan using sbtest2_pkey on sbtest2  (cost=0.43..83.89 rows=10 width=121)
	  Index Cond: (id = ANY ('{8326136,1916494,4392179,9668825,2908484,4917035,1989351,1084821,2144414,2809688}'::integer[]))

table 3 : explain SELECT c FROM sbtest3 WHERE id IN ( 8326136, 1916494, 4392179, 9668825, 2908484, 4917035, 1989351, 1084821, 2144414, 2809688)
	Index Scan using sbtest3_pkey on sbtest3  (cost=0.43..83.84 rows=10 width=121)
	  Index Cond: (id = ANY ('{8326136,1916494,4392179,9668825,2908484,4917035,1989351,1084821,2144414,2809688}'::integer[]))

table 4 : explain SELECT c FROM sbtest4 WHERE id IN ( 8326136, 1916494, 4392179, 9668825, 2908484, 4917035, 1989351, 1084821, 2144414, 2809688)
	Index Scan using sbtest4_pkey on sbtest4  (cost=0.43..83.81 rows=10 width=121)
	  Index Cond: (id = ANY ('{8326136,1916494,4392179,9668825,2908484,4917035,1989351,1084821,2144414,2809688}'::integer[]))

table 5 : explain SELECT c FROM sbtest5 WHERE id IN ( 8326136, 1916494, 4392179, 9668825, 2908484, 4917035, 1989351, 1084821, 2144414, 2809688)
	Index Scan using sbtest5_pkey on sbtest5  (cost=0.43..83.80 rows=10 width=121)
	  Index Cond: (id = ANY ('{8326136,1916494,4392179,9668825,2908484,4917035,1989351,1084821,2144414,2809688}'::integer[]))

table 6 : explain SELECT c FROM sbtest6 WHERE id IN ( 8326136, 1916494, 4392179, 9668825, 2908484, 4917035, 1989351, 1084821, 2144414, 2809688)
	Index Scan using sbtest6_pkey on sbtest6  (cost=0.43..83.79 rows=10 width=121)
	  Index Cond: (id = ANY ('{8326136,1916494,4392179,9668825,2908484,4917035,1989351,1084821,2144414,2809688}'::integer[]))

table 7 : explain SELECT c FROM sbtest7 WHERE id IN ( 8326136, 1916494, 4392179, 9668825, 2908484, 4917035, 1989351, 1084821, 2144414, 2809688)
	Index Scan using sbtest7_pkey on sbtest7  (cost=0.43..83.74 rows=10 width=121)
	  Index Cond: (id = ANY ('{8326136,1916494,4392179,9668825,2908484,4917035,1989351,1084821,2144414,2809688}'::integer[]))

table 8 : explain SELECT c FROM sbtest8 WHERE id IN ( 8326136, 1916494, 4392179, 9668825, 2908484, 4917035, 1989351, 1084821, 2144414, 2809688)
	Index Scan using sbtest8_pkey on sbtest8  (cost=0.43..83.85 rows=10 width=121)
	  Index Cond: (id = ANY ('{8326136,1916494,4392179,9668825,2908484,4917035,1989351,1084821,2144414,2809688}'::integer[]))

for select-inlist
table 1 : explain SELECT c FROM sbtest1 WHERE id IN ( 8016096, 8592509, 4656275, 5478510, 5321565, 4230287, 9303558, 1681790, 7325182, 3964900)
	Index Scan using sbtest1_pkey on sbtest1  (cost=0.43..83.89 rows=10 width=121)
	  Index Cond: (id = ANY ('{8016096,8592509,4656275,5478510,5321565,4230287,9303558,1681790,7325182,3964900}'::integer[]))

table 2 : explain SELECT c FROM sbtest2 WHERE id IN ( 8016096, 8592509, 4656275, 5478510, 5321565, 4230287, 9303558, 1681790, 7325182, 3964900)
	Index Scan using sbtest2_pkey on sbtest2  (cost=0.43..83.89 rows=10 width=121)
	  Index Cond: (id = ANY ('{8016096,8592509,4656275,5478510,5321565,4230287,9303558,1681790,7325182,3964900}'::integer[]))

table 3 : explain SELECT c FROM sbtest3 WHERE id IN ( 8016096, 8592509, 4656275, 5478510, 5321565, 4230287, 9303558, 1681790, 7325182, 3964900)
	Index Scan using sbtest3_pkey on sbtest3  (cost=0.43..83.84 rows=10 width=121)
	  Index Cond: (id = ANY ('{8016096,8592509,4656275,5478510,5321565,4230287,9303558,1681790,7325182,3964900}'::integer[]))

table 4 : explain SELECT c FROM sbtest4 WHERE id IN ( 8016096, 8592509, 4656275, 5478510, 5321565, 4230287, 9303558, 1681790, 7325182, 3964900)
	Index Scan using sbtest4_pkey on sbtest4  (cost=0.43..83.81 rows=10 width=121)
	  Index Cond: (id = ANY ('{8016096,8592509,4656275,5478510,5321565,4230287,9303558,1681790,7325182,3964900}'::integer[]))

table 5 : explain SELECT c FROM sbtest5 WHERE id IN ( 8016096, 8592509, 4656275, 5478510, 5321565, 4230287, 9303558, 1681790, 7325182, 3964900)
	Index Scan using sbtest5_pkey on sbtest5  (cost=0.43..83.80 rows=10 width=121)
	  Index Cond: (id = ANY ('{8016096,8592509,4656275,5478510,5321565,4230287,9303558,1681790,7325182,3964900}'::integer[]))

table 6 : explain SELECT c FROM sbtest6 WHERE id IN ( 8016096, 8592509, 4656275, 5478510, 5321565, 4230287, 9303558, 1681790, 7325182, 3964900)
	Index Scan using sbtest6_pkey on sbtest6  (cost=0.43..83.79 rows=10 width=121)
	  Index Cond: (id = ANY ('{8016096,8592509,4656275,5478510,5321565,4230287,9303558,1681790,7325182,3964900}'::integer[]))

table 7 : explain SELECT c FROM sbtest7 WHERE id IN ( 8016096, 8592509, 4656275, 5478510, 5321565, 4230287, 9303558, 1681790, 7325182, 3964900)
	Index Scan using sbtest7_pkey on sbtest7  (cost=0.43..83.74 rows=10 width=121)
	  Index Cond: (id = ANY ('{8016096,8592509,4656275,5478510,5321565,4230287,9303558,1681790,7325182,3964900}'::integer[]))

table 8 : explain SELECT c FROM sbtest8 WHERE id IN ( 8016096, 8592509, 4656275, 5478510, 5321565, 4230287, 9303558, 1681790, 7325182, 3964900)
	Index Scan using sbtest8_pkey on sbtest8  (cost=0.43..83.85 rows=10 width=121)
	  Index Cond: (id = ANY ('{8016096,8592509,4656275,5478510,5321565,4230287,9303558,1681790,7325182,3964900}'::integer[]))

explain: for select-inlist :: explain SELECT c FROM sbtest%d WHERE id IN ( 7952098, 3013597, 248139, 1264706, 3406160, 336370, 6272028, 7388163, 1404930, 3098141)
for select-inlist
table 1 : explain SELECT c FROM sbtest1 WHERE id IN ( 1860530, 7562491, 1882861, 9384981, 2671220, 6021304, 7863612, 152431, 3140638, 4409410)
	Index Scan using sbtest1_pkey on sbtest1  (cost=0.43..83.89 rows=10 width=121)
	  Index Cond: (id = ANY ('{1860530,7562491,1882861,9384981,2671220,6021304,7863612,152431,3140638,4409410}'::integer[]))

table 2 : explain SELECT c FROM sbtest2 WHERE id IN ( 1860530, 7562491, 1882861, 9384981, 2671220, 6021304, 7863612, 152431, 3140638, 4409410)
	Index Scan using sbtest2_pkey on sbtest2  (cost=0.43..83.89 rows=10 width=121)
	  Index Cond: (id = ANY ('{1860530,7562491,1882861,9384981,2671220,6021304,7863612,152431,3140638,4409410}'::integer[]))

table 3 : explain SELECT c FROM sbtest3 WHERE id IN ( 1860530, 7562491, 1882861, 9384981, 2671220, 6021304, 7863612, 152431, 3140638, 4409410)
	Index Scan using sbtest3_pkey on sbtest3  (cost=0.43..83.84 rows=10 width=121)
	  Index Cond: (id = ANY ('{1860530,7562491,1882861,9384981,2671220,6021304,7863612,152431,3140638,4409410}'::integer[]))

table 4 : explain SELECT c FROM sbtest4 WHERE id IN ( 1860530, 7562491, 1882861, 9384981, 2671220, 6021304, 7863612, 152431, 3140638, 4409410)
	Index Scan using sbtest4_pkey on sbtest4  (cost=0.43..83.81 rows=10 width=121)
	  Index Cond: (id = ANY ('{1860530,7562491,1882861,9384981,2671220,6021304,7863612,152431,3140638,4409410}'::integer[]))

table 5 : explain SELECT c FROM sbtest5 WHERE id IN ( 1860530, 7562491, 1882861, 9384981, 2671220, 6021304, 7863612, 152431, 3140638, 4409410)
	Index Scan using sbtest5_pkey on sbtest5  (cost=0.43..83.80 rows=10 width=121)
	  Index Cond: (id = ANY ('{1860530,7562491,1882861,9384981,2671220,6021304,7863612,152431,3140638,4409410}'::integer[]))

table 6 : explain SELECT c FROM sbtest6 WHERE id IN ( 1860530, 7562491, 1882861, 9384981, 2671220, 6021304, 7863612, 152431, 3140638, 4409410)
	Index Scan using sbtest6_pkey on sbtest6  (cost=0.43..83.79 rows=10 width=121)
	  Index Cond: (id = ANY ('{1860530,7562491,1882861,9384981,2671220,6021304,7863612,152431,3140638,4409410}'::integer[]))

table 7 : explain SELECT c FROM sbtest7 WHERE id IN ( 1860530, 7562491, 1882861, 9384981, 2671220, 6021304, 7863612, 152431, 3140638, 4409410)
	Index Scan using sbtest7_pkey on sbtest7  (cost=0.43..83.74 rows=10 width=121)
	  Index Cond: (id = ANY ('{1860530,7562491,1882861,9384981,2671220,6021304,7863612,152431,3140638,4409410}'::integer[]))

table 8 : explain SELECT c FROM sbtest8 WHERE id IN ( 1860530, 7562491, 1882861, 9384981, 2671220, 6021304, 7863612, 152431, 3140638, 4409410)
	Index Scan using sbtest8_pkey on sbtest8  (cost=0.43..83.85 rows=10 width=121)
	  Index Cond: (id = ANY ('{1860530,7562491,1882861,9384981,2671220,6021304,7863612,152431,3140638,4409410}'::integer[]))

explain: for select-inlist :: explain SELECT c FROM sbtest%d WHERE id IN ( 6614964, 3256940, 5363409, 1613453, 7690274, 603894, 8674137, 8240686, 9163954, 8474501)
explain: for select-inlist :: explain SELECT c FROM sbtest%d WHERE id IN ( 7639338, 5192505, 5412113, 8600398, 421425, 9789353, 9959817, 9601422, 3486802, 2195205)
for select-inlist
table 1 : explain SELECT c FROM sbtest1 WHERE id IN ( 3038186, 7602960, 8243037, 9815497, 7615075, 4257874, 7254880, 6244447, 2522875, 4968230)
	Index Scan using sbtest1_pkey on sbtest1  (cost=0.43..83.89 rows=10 width=121)
	  Index Cond: (id = ANY ('{3038186,7602960,8243037,9815497,7615075,4257874,7254880,6244447,2522875,4968230}'::integer[]))

table 2 : explain SELECT c FROM sbtest2 WHERE id IN ( 3038186, 7602960, 8243037, 9815497, 7615075, 4257874, 7254880, 6244447, 2522875, 4968230)
	Index Scan using sbtest2_pkey on sbtest2  (cost=0.43..83.89 rows=10 width=121)
	  Index Cond: (id = ANY ('{3038186,7602960,8243037,9815497,7615075,4257874,7254880,6244447,2522875,4968230}'::integer[]))

table 3 : explain SELECT c FROM sbtest3 WHERE id IN ( 3038186, 7602960, 8243037, 9815497, 7615075, 4257874, 7254880, 6244447, 2522875, 4968230)
	Index Scan using sbtest3_pkey on sbtest3  (cost=0.43..83.84 rows=10 width=121)
	  Index Cond: (id = ANY ('{3038186,7602960,8243037,9815497,7615075,4257874,7254880,6244447,2522875,4968230}'::integer[]))

table 4 : explain SELECT c FROM sbtest4 WHERE id IN ( 3038186, 7602960, 8243037, 9815497, 7615075, 4257874, 7254880, 6244447, 2522875, 4968230)
	Index Scan using sbtest4_pkey on sbtest4  (cost=0.43..83.81 rows=10 width=121)
	  Index Cond: (id = ANY ('{3038186,7602960,8243037,9815497,7615075,4257874,7254880,6244447,2522875,4968230}'::integer[]))

table 5 : explain SELECT c FROM sbtest5 WHERE id IN ( 3038186, 7602960, 8243037, 9815497, 7615075, 4257874, 7254880, 6244447, 2522875, 4968230)
	Index Scan using sbtest5_pkey on sbtest5  (cost=0.43..83.80 rows=10 width=121)
	  Index Cond: (id = ANY ('{3038186,7602960,8243037,9815497,7615075,4257874,7254880,6244447,2522875,4968230}'::integer[]))

table 6 : explain SELECT c FROM sbtest6 WHERE id IN ( 3038186, 7602960, 8243037, 9815497, 7615075, 4257874, 7254880, 6244447, 2522875, 4968230)
	Index Scan using sbtest6_pkey on sbtest6  (cost=0.43..83.79 rows=10 width=121)
	  Index Cond: (id = ANY ('{3038186,7602960,8243037,9815497,7615075,4257874,7254880,6244447,2522875,4968230}'::integer[]))

table 7 : explain SELECT c FROM sbtest7 WHERE id IN ( 3038186, 7602960, 8243037, 9815497, 7615075, 4257874, 7254880, 6244447, 2522875, 4968230)
	Index Scan using sbtest7_pkey on sbtest7  (cost=0.43..83.74 rows=10 width=121)
	  Index Cond: (id = ANY ('{3038186,7602960,8243037,9815497,7615075,4257874,7254880,6244447,2522875,4968230}'::integer[]))

table 8 : explain SELECT c FROM sbtest8 WHERE id IN ( 3038186, 7602960, 8243037, 9815497, 7615075, 4257874, 7254880, 6244447, 2522875, 4968230)
	Index Scan using sbtest8_pkey on sbtest8  (cost=0.43..83.85 rows=10 width=121)
	  Index Cond: (id = ANY ('{3038186,7602960,8243037,9815497,7615075,4257874,7254880,6244447,2522875,4968230}'::integer[]))

for select-inlist
table 1 : explain SELECT c FROM sbtest1 WHERE id IN ( 1037414, 5241315, 5508468, 292182, 5538162, 6659010, 3649125, 9589619, 7180239, 915331)
	Index Scan using sbtest1_pkey on sbtest1  (cost=0.43..83.89 rows=10 width=121)
	  Index Cond: (id = ANY ('{1037414,5241315,5508468,292182,5538162,6659010,3649125,9589619,7180239,915331}'::integer[]))

table 2 : explain SELECT c FROM sbtest2 WHERE id IN ( 1037414, 5241315, 5508468, 292182, 5538162, 6659010, 3649125, 9589619, 7180239, 915331)
	Index Scan using sbtest2_pkey on sbtest2  (cost=0.43..83.89 rows=10 width=121)
	  Index Cond: (id = ANY ('{1037414,5241315,5508468,292182,5538162,6659010,3649125,9589619,7180239,915331}'::integer[]))

table 3 : explain SELECT c FROM sbtest3 WHERE id IN ( 1037414, 5241315, 5508468, 292182, 5538162, 6659010, 3649125, 9589619, 7180239, 915331)
	Index Scan using sbtest3_pkey on sbtest3  (cost=0.43..83.84 rows=10 width=121)
	  Index Cond: (id = ANY ('{1037414,5241315,5508468,292182,5538162,6659010,3649125,9589619,7180239,915331}'::integer[]))

table 4 : explain SELECT c FROM sbtest4 WHERE id IN ( 1037414, 5241315, 5508468, 292182, 5538162, 6659010, 3649125, 9589619, 7180239, 915331)
	Index Scan using sbtest4_pkey on sbtest4  (cost=0.43..83.81 rows=10 width=121)
	  Index Cond: (id = ANY ('{1037414,5241315,5508468,292182,5538162,6659010,3649125,9589619,7180239,915331}'::integer[]))

table 5 : explain SELECT c FROM sbtest5 WHERE id IN ( 1037414, 5241315, 5508468, 292182, 5538162, 6659010, 3649125, 9589619, 7180239, 915331)
	Index Scan using sbtest5_pkey on sbtest5  (cost=0.43..83.80 rows=10 width=121)
	  Index Cond: (id = ANY ('{1037414,5241315,5508468,292182,5538162,6659010,3649125,9589619,7180239,915331}'::integer[]))

table 6 : explain SELECT c FROM sbtest6 WHERE id IN ( 1037414, 5241315, 5508468, 292182, 5538162, 6659010, 3649125, 9589619, 7180239, 915331)
	Index Scan using sbtest6_pkey on sbtest6  (cost=0.43..83.79 rows=10 width=121)
	  Index Cond: (id = ANY ('{1037414,5241315,5508468,292182,5538162,6659010,3649125,9589619,7180239,915331}'::integer[]))

table 7 : explain SELECT c FROM sbtest7 WHERE id IN ( 1037414, 5241315, 5508468, 292182, 5538162, 6659010, 3649125, 9589619, 7180239, 915331)
	Index Scan using sbtest7_pkey on sbtest7  (cost=0.43..83.74 rows=10 width=121)
	  Index Cond: (id = ANY ('{1037414,5241315,5508468,292182,5538162,6659010,3649125,9589619,7180239,915331}'::integer[]))

table 8 : explain SELECT c FROM sbtest8 WHERE id IN ( 1037414, 5241315, 5508468, 292182, 5538162, 6659010, 3649125, 9589619, 7180239, 915331)
	Index Scan using sbtest8_pkey on sbtest8  (cost=0.43..83.85 rows=10 width=121)
	  Index Cond: (id = ANY ('{1037414,5241315,5508468,292182,5538162,6659010,3649125,9589619,7180239,915331}'::integer[]))

for select-inlist
table 1 : explain SELECT c FROM sbtest1 WHERE id IN ( 7952098, 3013597, 248139, 1264706, 3406160, 336370, 6272028, 7388163, 1404930, 3098141)
	Index Scan using sbtest1_pkey on sbtest1  (cost=0.43..83.89 rows=10 width=121)
	  Index Cond: (id = ANY ('{7952098,3013597,248139,1264706,3406160,336370,6272028,7388163,1404930,3098141}'::integer[]))

table 2 : explain SELECT c FROM sbtest2 WHERE id IN ( 7952098, 3013597, 248139, 1264706, 3406160, 336370, 6272028, 7388163, 1404930, 3098141)
	Index Scan using sbtest2_pkey on sbtest2  (cost=0.43..83.89 rows=10 width=121)
	  Index Cond: (id = ANY ('{7952098,3013597,248139,1264706,3406160,336370,6272028,7388163,1404930,3098141}'::integer[]))

table 3 : explain SELECT c FROM sbtest3 WHERE id IN ( 7952098, 3013597, 248139, 1264706, 3406160, 336370, 6272028, 7388163, 1404930, 3098141)
	Index Scan using sbtest3_pkey on sbtest3  (cost=0.43..83.84 rows=10 width=121)
	  Index Cond: (id = ANY ('{7952098,3013597,248139,1264706,3406160,336370,6272028,7388163,1404930,3098141}'::integer[]))

table 4 : explain SELECT c FROM sbtest4 WHERE id IN ( 7952098, 3013597, 248139, 1264706, 3406160, 336370, 6272028, 7388163, 1404930, 3098141)
	Index Scan using sbtest4_pkey on sbtest4  (cost=0.43..83.81 rows=10 width=121)
	  Index Cond: (id = ANY ('{7952098,3013597,248139,1264706,3406160,336370,6272028,7388163,1404930,3098141}'::integer[]))

table 5 : explain SELECT c FROM sbtest5 WHERE id IN ( 7952098, 3013597, 248139, 1264706, 3406160, 336370, 6272028, 7388163, 1404930, 3098141)
	Index Scan using sbtest5_pkey on sbtest5  (cost=0.43..83.80 rows=10 width=121)
	  Index Cond: (id = ANY ('{7952098,3013597,248139,1264706,3406160,336370,6272028,7388163,1404930,3098141}'::integer[]))

table 6 : explain SELECT c FROM sbtest6 WHERE id IN ( 7952098, 3013597, 248139, 1264706, 3406160, 336370, 6272028, 7388163, 1404930, 3098141)
	Index Scan using sbtest6_pkey on sbtest6  (cost=0.43..83.79 rows=10 width=121)
	  Index Cond: (id = ANY ('{7952098,3013597,248139,1264706,3406160,336370,6272028,7388163,1404930,3098141}'::integer[]))

table 7 : explain SELECT c FROM sbtest7 WHERE id IN ( 7952098, 3013597, 248139, 1264706, 3406160, 336370, 6272028, 7388163, 1404930, 3098141)
	Index Scan using sbtest7_pkey on sbtest7  (cost=0.43..83.74 rows=10 width=121)
	  Index Cond: (id = ANY ('{7952098,3013597,248139,1264706,3406160,336370,6272028,7388163,1404930,3098141}'::integer[]))

table 8 : explain SELECT c FROM sbtest8 WHERE id IN ( 7952098, 3013597, 248139, 1264706, 3406160, 336370, 6272028, 7388163, 1404930, 3098141)
	Index Scan using sbtest8_pkey on sbtest8  (cost=0.43..83.85 rows=10 width=121)
	  Index Cond: (id = ANY ('{7952098,3013597,248139,1264706,3406160,336370,6272028,7388163,1404930,3098141}'::integer[]))

for select-inlist
table 1 : explain SELECT c FROM sbtest1 WHERE id IN ( 8735332, 2412935, 1052832, 603350, 4354777, 9525325, 3088383, 1039210, 117705, 2767486)
	Index Scan using sbtest1_pkey on sbtest1  (cost=0.43..83.89 rows=10 width=121)
	  Index Cond: (id = ANY ('{8735332,2412935,1052832,603350,4354777,9525325,3088383,1039210,117705,2767486}'::integer[]))

table 2 : explain SELECT c FROM sbtest2 WHERE id IN ( 8735332, 2412935, 1052832, 603350, 4354777, 9525325, 3088383, 1039210, 117705, 2767486)
	Index Scan using sbtest2_pkey on sbtest2  (cost=0.43..83.89 rows=10 width=121)
	  Index Cond: (id = ANY ('{8735332,2412935,1052832,603350,4354777,9525325,3088383,1039210,117705,2767486}'::integer[]))

table 3 : explain SELECT c FROM sbtest3 WHERE id IN ( 8735332, 2412935, 1052832, 603350, 4354777, 9525325, 3088383, 1039210, 117705, 2767486)
	Index Scan using sbtest3_pkey on sbtest3  (cost=0.43..83.84 rows=10 width=121)
	  Index Cond: (id = ANY ('{8735332,2412935,1052832,603350,4354777,9525325,3088383,1039210,117705,2767486}'::integer[]))

table 4 : explain SELECT c FROM sbtest4 WHERE id IN ( 8735332, 2412935, 1052832, 603350, 4354777, 9525325, 3088383, 1039210, 117705, 2767486)
	Index Scan using sbtest4_pkey on sbtest4  (cost=0.43..83.81 rows=10 width=121)
	  Index Cond: (id = ANY ('{8735332,2412935,1052832,603350,4354777,9525325,3088383,1039210,117705,2767486}'::integer[]))

table 5 : explain SELECT c FROM sbtest5 WHERE id IN ( 8735332, 2412935, 1052832, 603350, 4354777, 9525325, 3088383, 1039210, 117705, 2767486)
	Index Scan using sbtest5_pkey on sbtest5  (cost=0.43..83.80 rows=10 width=121)
	  Index Cond: (id = ANY ('{8735332,2412935,1052832,603350,4354777,9525325,3088383,1039210,117705,2767486}'::integer[]))

table 6 : explain SELECT c FROM sbtest6 WHERE id IN ( 8735332, 2412935, 1052832, 603350, 4354777, 9525325, 3088383, 1039210, 117705, 2767486)
	Index Scan using sbtest6_pkey on sbtest6  (cost=0.43..83.79 rows=10 width=121)
	  Index Cond: (id = ANY ('{8735332,2412935,1052832,603350,4354777,9525325,3088383,1039210,117705,2767486}'::integer[]))

table 7 : explain SELECT c FROM sbtest7 WHERE id IN ( 8735332, 2412935, 1052832, 603350, 4354777, 9525325, 3088383, 1039210, 117705, 2767486)
	Index Scan using sbtest7_pkey on sbtest7  (cost=0.43..83.74 rows=10 width=121)
	  Index Cond: (id = ANY ('{8735332,2412935,1052832,603350,4354777,9525325,3088383,1039210,117705,2767486}'::integer[]))

table 8 : explain SELECT c FROM sbtest8 WHERE id IN ( 8735332, 2412935, 1052832, 603350, 4354777, 9525325, 3088383, 1039210, 117705, 2767486)
	Index Scan using sbtest8_pkey on sbtest8  (cost=0.43..83.85 rows=10 width=121)
	  Index Cond: (id = ANY ('{8735332,2412935,1052832,603350,4354777,9525325,3088383,1039210,117705,2767486}'::integer[]))

for select-inlist
table 1 : explain SELECT c FROM sbtest1 WHERE id IN ( 6614964, 3256940, 5363409, 1613453, 7690274, 603894, 8674137, 8240686, 9163954, 8474501)
	Index Scan using sbtest1_pkey on sbtest1  (cost=0.43..83.89 rows=10 width=121)
	  Index Cond: (id = ANY ('{6614964,3256940,5363409,1613453,7690274,603894,8674137,8240686,9163954,8474501}'::integer[]))

table 2 : explain SELECT c FROM sbtest2 WHERE id IN ( 6614964, 3256940, 5363409, 1613453, 7690274, 603894, 8674137, 8240686, 9163954, 8474501)
	Index Scan using sbtest2_pkey on sbtest2  (cost=0.43..83.89 rows=10 width=121)
	  Index Cond: (id = ANY ('{6614964,3256940,5363409,1613453,7690274,603894,8674137,8240686,9163954,8474501}'::integer[]))

table 3 : explain SELECT c FROM sbtest3 WHERE id IN ( 6614964, 3256940, 5363409, 1613453, 7690274, 603894, 8674137, 8240686, 9163954, 8474501)
	Index Scan using sbtest3_pkey on sbtest3  (cost=0.43..83.84 rows=10 width=121)
	  Index Cond: (id = ANY ('{6614964,3256940,5363409,1613453,7690274,603894,8674137,8240686,9163954,8474501}'::integer[]))

table 4 : explain SELECT c FROM sbtest4 WHERE id IN ( 6614964, 3256940, 5363409, 1613453, 7690274, 603894, 8674137, 8240686, 9163954, 8474501)
	Index Scan using sbtest4_pkey on sbtest4  (cost=0.43..83.81 rows=10 width=121)
	  Index Cond: (id = ANY ('{6614964,3256940,5363409,1613453,7690274,603894,8674137,8240686,9163954,8474501}'::integer[]))

table 5 : explain SELECT c FROM sbtest5 WHERE id IN ( 6614964, 3256940, 5363409, 1613453, 7690274, 603894, 8674137, 8240686, 9163954, 8474501)
	Index Scan using sbtest5_pkey on sbtest5  (cost=0.43..83.80 rows=10 width=121)
	  Index Cond: (id = ANY ('{6614964,3256940,5363409,1613453,7690274,603894,8674137,8240686,9163954,8474501}'::integer[]))

table 6 : explain SELECT c FROM sbtest6 WHERE id IN ( 6614964, 3256940, 5363409, 1613453, 7690274, 603894, 8674137, 8240686, 9163954, 8474501)
	Index Scan using sbtest6_pkey on sbtest6  (cost=0.43..83.79 rows=10 width=121)
	  Index Cond: (id = ANY ('{6614964,3256940,5363409,1613453,7690274,603894,8674137,8240686,9163954,8474501}'::integer[]))

table 7 : explain SELECT c FROM sbtest7 WHERE id IN ( 6614964, 3256940, 5363409, 1613453, 7690274, 603894, 8674137, 8240686, 9163954, 8474501)
	Index Scan using sbtest7_pkey on sbtest7  (cost=0.43..83.74 rows=10 width=121)
	  Index Cond: (id = ANY ('{6614964,3256940,5363409,1613453,7690274,603894,8674137,8240686,9163954,8474501}'::integer[]))

table 8 : explain SELECT c FROM sbtest8 WHERE id IN ( 6614964, 3256940, 5363409, 1613453, 7690274, 603894, 8674137, 8240686, 9163954, 8474501)
	Index Scan using sbtest8_pkey on sbtest8  (cost=0.43..83.85 rows=10 width=121)
	  Index Cond: (id = ANY ('{6614964,3256940,5363409,1613453,7690274,603894,8674137,8240686,9163954,8474501}'::integer[]))

for select-inlist
table 1 : explain SELECT c FROM sbtest1 WHERE id IN ( 7639338, 5192505, 5412113, 8600398, 421425, 9789353, 9959817, 9601422, 3486802, 2195205)
	Index Scan using sbtest1_pkey on sbtest1  (cost=0.43..83.89 rows=10 width=121)
	  Index Cond: (id = ANY ('{7639338,5192505,5412113,8600398,421425,9789353,9959817,9601422,3486802,2195205}'::integer[]))

table 2 : explain SELECT c FROM sbtest2 WHERE id IN ( 7639338, 5192505, 5412113, 8600398, 421425, 9789353, 9959817, 9601422, 3486802, 2195205)
	Index Scan using sbtest2_pkey on sbtest2  (cost=0.43..83.89 rows=10 width=121)
	  Index Cond: (id = ANY ('{7639338,5192505,5412113,8600398,421425,9789353,9959817,9601422,3486802,2195205}'::integer[]))

table 3 : explain SELECT c FROM sbtest3 WHERE id IN ( 7639338, 5192505, 5412113, 8600398, 421425, 9789353, 9959817, 9601422, 3486802, 2195205)
	Index Scan using sbtest3_pkey on sbtest3  (cost=0.43..83.84 rows=10 width=121)
	  Index Cond: (id = ANY ('{7639338,5192505,5412113,8600398,421425,9789353,9959817,9601422,3486802,2195205}'::integer[]))

table 4 : explain SELECT c FROM sbtest4 WHERE id IN ( 7639338, 5192505, 5412113, 8600398, 421425, 9789353, 9959817, 9601422, 3486802, 2195205)
	Index Scan using sbtest4_pkey on sbtest4  (cost=0.43..83.81 rows=10 width=121)
	  Index Cond: (id = ANY ('{7639338,5192505,5412113,8600398,421425,9789353,9959817,9601422,3486802,2195205}'::integer[]))

table 5 : explain SELECT c FROM sbtest5 WHERE id IN ( 7639338, 5192505, 5412113, 8600398, 421425, 9789353, 9959817, 9601422, 3486802, 2195205)
	Index Scan using sbtest5_pkey on sbtest5  (cost=0.43..83.80 rows=10 width=121)
	  Index Cond: (id = ANY ('{7639338,5192505,5412113,8600398,421425,9789353,9959817,9601422,3486802,2195205}'::integer[]))

table 6 : explain SELECT c FROM sbtest6 WHERE id IN ( 7639338, 5192505, 5412113, 8600398, 421425, 9789353, 9959817, 9601422, 3486802, 2195205)
	Index Scan using sbtest6_pkey on sbtest6  (cost=0.43..83.79 rows=10 width=121)
	  Index Cond: (id = ANY ('{7639338,5192505,5412113,8600398,421425,9789353,9959817,9601422,3486802,2195205}'::integer[]))

table 7 : explain SELECT c FROM sbtest7 WHERE id IN ( 7639338, 5192505, 5412113, 8600398, 421425, 9789353, 9959817, 9601422, 3486802, 2195205)
	Index Scan using sbtest7_pkey on sbtest7  (cost=0.43..83.74 rows=10 width=121)
	  Index Cond: (id = ANY ('{7639338,5192505,5412113,8600398,421425,9789353,9959817,9601422,3486802,2195205}'::integer[]))

table 8 : explain SELECT c FROM sbtest8 WHERE id IN ( 7639338, 5192505, 5412113, 8600398, 421425, 9789353, 9959817, 9601422, 3486802, 2195205)
	Index Scan using sbtest8_pkey on sbtest8  (cost=0.43..83.85 rows=10 width=121)
	  Index Cond: (id = ANY ('{7639338,5192505,5412113,8600398,421425,9789353,9959817,9601422,3486802,2195205}'::integer[]))

explain: for select-inlist :: explain SELECT c FROM sbtest%d WHERE id IN ( 5964921, 43600, 2862522, 1085613, 7128045, 4765205, 833734, 5835438, 414097, 2720222)
for select-inlist
table 1 : explain SELECT c FROM sbtest1 WHERE id IN ( 9333303, 4609602, 6486505, 9248335, 6739738, 6050330, 59618, 2826610, 1865139, 5815133)
	Index Scan using sbtest1_pkey on sbtest1  (cost=0.43..83.89 rows=10 width=121)
	  Index Cond: (id = ANY ('{9333303,4609602,6486505,9248335,6739738,6050330,59618,2826610,1865139,5815133}'::integer[]))

table 2 : explain SELECT c FROM sbtest2 WHERE id IN ( 9333303, 4609602, 6486505, 9248335, 6739738, 6050330, 59618, 2826610, 1865139, 5815133)
	Index Scan using sbtest2_pkey on sbtest2  (cost=0.43..83.89 rows=10 width=121)
	  Index Cond: (id = ANY ('{9333303,4609602,6486505,9248335,6739738,6050330,59618,2826610,1865139,5815133}'::integer[]))

table 3 : explain SELECT c FROM sbtest3 WHERE id IN ( 9333303, 4609602, 6486505, 9248335, 6739738, 6050330, 59618, 2826610, 1865139, 5815133)
	Index Scan using sbtest3_pkey on sbtest3  (cost=0.43..83.84 rows=10 width=121)
	  Index Cond: (id = ANY ('{9333303,4609602,6486505,9248335,6739738,6050330,59618,2826610,1865139,5815133}'::integer[]))

table 4 : explain SELECT c FROM sbtest4 WHERE id IN ( 9333303, 4609602, 6486505, 9248335, 6739738, 6050330, 59618, 2826610, 1865139, 5815133)
	Index Scan using sbtest4_pkey on sbtest4  (cost=0.43..83.81 rows=10 width=121)
	  Index Cond: (id = ANY ('{9333303,4609602,6486505,9248335,6739738,6050330,59618,2826610,1865139,5815133}'::integer[]))

table 5 : explain SELECT c FROM sbtest5 WHERE id IN ( 9333303, 4609602, 6486505, 9248335, 6739738, 6050330, 59618, 2826610, 1865139, 5815133)
	Index Scan using sbtest5_pkey on sbtest5  (cost=0.43..83.80 rows=10 width=121)
	  Index Cond: (id = ANY ('{9333303,4609602,6486505,9248335,6739738,6050330,59618,2826610,1865139,5815133}'::integer[]))

table 6 : explain SELECT c FROM sbtest6 WHERE id IN ( 9333303, 4609602, 6486505, 9248335, 6739738, 6050330, 59618, 2826610, 1865139, 5815133)
	Index Scan using sbtest6_pkey on sbtest6  (cost=0.43..83.79 rows=10 width=121)
	  Index Cond: (id = ANY ('{9333303,4609602,6486505,9248335,6739738,6050330,59618,2826610,1865139,5815133}'::integer[]))

table 7 : explain SELECT c FROM sbtest7 WHERE id IN ( 9333303, 4609602, 6486505, 9248335, 6739738, 6050330, 59618, 2826610, 1865139, 5815133)
	Index Scan using sbtest7_pkey on sbtest7  (cost=0.43..83.74 rows=10 width=121)
	  Index Cond: (id = ANY ('{9333303,4609602,6486505,9248335,6739738,6050330,59618,2826610,1865139,5815133}'::integer[]))

table 8 : explain SELECT c FROM sbtest8 WHERE id IN ( 9333303, 4609602, 6486505, 9248335, 6739738, 6050330, 59618, 2826610, 1865139, 5815133)
	Index Scan using sbtest8_pkey on sbtest8  (cost=0.43..83.85 rows=10 width=121)
	  Index Cond: (id = ANY ('{9333303,4609602,6486505,9248335,6739738,6050330,59618,2826610,1865139,5815133}'::integer[]))

for select-inlist
table 1 : explain SELECT c FROM sbtest1 WHERE id IN ( 2555784, 9905244, 2763738, 8952284, 3513485, 4241449, 5408224, 3544783, 6781693, 9251715)
	Index Scan using sbtest1_pkey on sbtest1  (cost=0.43..83.89 rows=10 width=121)
	  Index Cond: (id = ANY ('{2555784,9905244,2763738,8952284,3513485,4241449,5408224,3544783,6781693,9251715}'::integer[]))

table 2 : explain SELECT c FROM sbtest2 WHERE id IN ( 2555784, 9905244, 2763738, 8952284, 3513485, 4241449, 5408224, 3544783, 6781693, 9251715)
	Index Scan using sbtest2_pkey on sbtest2  (cost=0.43..83.89 rows=10 width=121)
	  Index Cond: (id = ANY ('{2555784,9905244,2763738,8952284,3513485,4241449,5408224,3544783,6781693,9251715}'::integer[]))

table 3 : explain SELECT c FROM sbtest3 WHERE id IN ( 2555784, 9905244, 2763738, 8952284, 3513485, 4241449, 5408224, 3544783, 6781693, 9251715)
	Index Scan using sbtest3_pkey on sbtest3  (cost=0.43..83.84 rows=10 width=121)
	  Index Cond: (id = ANY ('{2555784,9905244,2763738,8952284,3513485,4241449,5408224,3544783,6781693,9251715}'::integer[]))

table 4 : explain SELECT c FROM sbtest4 WHERE id IN ( 2555784, 9905244, 2763738, 8952284, 3513485, 4241449, 5408224, 3544783, 6781693, 9251715)
	Index Scan using sbtest4_pkey on sbtest4  (cost=0.43..83.81 rows=10 width=121)
	  Index Cond: (id = ANY ('{2555784,9905244,2763738,8952284,3513485,4241449,5408224,3544783,6781693,9251715}'::integer[]))

table 5 : explain SELECT c FROM sbtest5 WHERE id IN ( 2555784, 9905244, 2763738, 8952284, 3513485, 4241449, 5408224, 3544783, 6781693, 9251715)
	Index Scan using sbtest5_pkey on sbtest5  (cost=0.43..83.80 rows=10 width=121)
	  Index Cond: (id = ANY ('{2555784,9905244,2763738,8952284,3513485,4241449,5408224,3544783,6781693,9251715}'::integer[]))

table 6 : explain SELECT c FROM sbtest6 WHERE id IN ( 2555784, 9905244, 2763738, 8952284, 3513485, 4241449, 5408224, 3544783, 6781693, 9251715)
	Index Scan using sbtest6_pkey on sbtest6  (cost=0.43..83.79 rows=10 width=121)
	  Index Cond: (id = ANY ('{2555784,9905244,2763738,8952284,3513485,4241449,5408224,3544783,6781693,9251715}'::integer[]))

table 7 : explain SELECT c FROM sbtest7 WHERE id IN ( 2555784, 9905244, 2763738, 8952284, 3513485, 4241449, 5408224, 3544783, 6781693, 9251715)
	Index Scan using sbtest7_pkey on sbtest7  (cost=0.43..83.74 rows=10 width=121)
	  Index Cond: (id = ANY ('{2555784,9905244,2763738,8952284,3513485,4241449,5408224,3544783,6781693,9251715}'::integer[]))

table 8 : explain SELECT c FROM sbtest8 WHERE id IN ( 2555784, 9905244, 2763738, 8952284, 3513485, 4241449, 5408224, 3544783, 6781693, 9251715)
	Index Scan using sbtest8_pkey on sbtest8  (cost=0.43..83.85 rows=10 width=121)
	  Index Cond: (id = ANY ('{2555784,9905244,2763738,8952284,3513485,4241449,5408224,3544783,6781693,9251715}'::integer[]))

explain: for select-inlist :: explain SELECT c FROM sbtest%d WHERE id IN ( 3204256, 1053920, 7778516, 589082, 4656826, 5829135, 3085294, 7067832, 613649, 4185304)
for select-inlist
table 1 : explain SELECT c FROM sbtest1 WHERE id IN ( 6826707, 5602233, 5484793, 1147950, 597095, 6645676, 4482560, 2227492, 4196853, 7946508)
	Index Scan using sbtest1_pkey on sbtest1  (cost=0.43..83.89 rows=10 width=121)
	  Index Cond: (id = ANY ('{6826707,5602233,5484793,1147950,597095,6645676,4482560,2227492,4196853,7946508}'::integer[]))

table 2 : explain SELECT c FROM sbtest2 WHERE id IN ( 6826707, 5602233, 5484793, 1147950, 597095, 6645676, 4482560, 2227492, 4196853, 7946508)
	Index Scan using sbtest2_pkey on sbtest2  (cost=0.43..83.89 rows=10 width=121)
	  Index Cond: (id = ANY ('{6826707,5602233,5484793,1147950,597095,6645676,4482560,2227492,4196853,7946508}'::integer[]))

table 3 : explain SELECT c FROM sbtest3 WHERE id IN ( 6826707, 5602233, 5484793, 1147950, 597095, 6645676, 4482560, 2227492, 4196853, 7946508)
	Index Scan using sbtest3_pkey on sbtest3  (cost=0.43..83.84 rows=10 width=121)
	  Index Cond: (id = ANY ('{6826707,5602233,5484793,1147950,597095,6645676,4482560,2227492,4196853,7946508}'::integer[]))

table 4 : explain SELECT c FROM sbtest4 WHERE id IN ( 6826707, 5602233, 5484793, 1147950, 597095, 6645676, 4482560, 2227492, 4196853, 7946508)
	Index Scan using sbtest4_pkey on sbtest4  (cost=0.43..83.81 rows=10 width=121)
	  Index Cond: (id = ANY ('{6826707,5602233,5484793,1147950,597095,6645676,4482560,2227492,4196853,7946508}'::integer[]))

table 5 : explain SELECT c FROM sbtest5 WHERE id IN ( 6826707, 5602233, 5484793, 1147950, 597095, 6645676, 4482560, 2227492, 4196853, 7946508)
	Index Scan using sbtest5_pkey on sbtest5  (cost=0.43..83.80 rows=10 width=121)
	  Index Cond: (id = ANY ('{6826707,5602233,5484793,1147950,597095,6645676,4482560,2227492,4196853,7946508}'::integer[]))

table 6 : explain SELECT c FROM sbtest6 WHERE id IN ( 6826707, 5602233, 5484793, 1147950, 597095, 6645676, 4482560, 2227492, 4196853, 7946508)
	Index Scan using sbtest6_pkey on sbtest6  (cost=0.43..83.79 rows=10 width=121)
	  Index Cond: (id = ANY ('{6826707,5602233,5484793,1147950,597095,6645676,4482560,2227492,4196853,7946508}'::integer[]))

table 7 : explain SELECT c FROM sbtest7 WHERE id IN ( 6826707, 5602233, 5484793, 1147950, 597095, 6645676, 4482560, 2227492, 4196853, 7946508)
	Index Scan using sbtest7_pkey on sbtest7  (cost=0.43..83.74 rows=10 width=121)
	  Index Cond: (id = ANY ('{6826707,5602233,5484793,1147950,597095,6645676,4482560,2227492,4196853,7946508}'::integer[]))

table 8 : explain SELECT c FROM sbtest8 WHERE id IN ( 6826707, 5602233, 5484793, 1147950, 597095, 6645676, 4482560, 2227492, 4196853, 7946508)
	Index Scan using sbtest8_pkey on sbtest8  (cost=0.43..83.85 rows=10 width=121)
	  Index Cond: (id = ANY ('{6826707,5602233,5484793,1147950,597095,6645676,4482560,2227492,4196853,7946508}'::integer[]))

for select-inlist
table 1 : explain SELECT c FROM sbtest1 WHERE id IN ( 5964921, 43600, 2862522, 1085613, 7128045, 4765205, 833734, 5835438, 414097, 2720222)
	Index Scan using sbtest1_pkey on sbtest1  (cost=0.43..83.89 rows=10 width=121)
	  Index Cond: (id = ANY ('{5964921,43600,2862522,1085613,7128045,4765205,833734,5835438,414097,2720222}'::integer[]))

table 2 : explain SELECT c FROM sbtest2 WHERE id IN ( 5964921, 43600, 2862522, 1085613, 7128045, 4765205, 833734, 5835438, 414097, 2720222)
	Index Scan using sbtest2_pkey on sbtest2  (cost=0.43..83.89 rows=10 width=121)
	  Index Cond: (id = ANY ('{5964921,43600,2862522,1085613,7128045,4765205,833734,5835438,414097,2720222}'::integer[]))

table 3 : explain SELECT c FROM sbtest3 WHERE id IN ( 5964921, 43600, 2862522, 1085613, 7128045, 4765205, 833734, 5835438, 414097, 2720222)
	Index Scan using sbtest3_pkey on sbtest3  (cost=0.43..83.84 rows=10 width=121)
	  Index Cond: (id = ANY ('{5964921,43600,2862522,1085613,7128045,4765205,833734,5835438,414097,2720222}'::integer[]))

table 4 : explain SELECT c FROM sbtest4 WHERE id IN ( 5964921, 43600, 2862522, 1085613, 7128045, 4765205, 833734, 5835438, 414097, 2720222)
	Index Scan using sbtest4_pkey on sbtest4  (cost=0.43..83.81 rows=10 width=121)
	  Index Cond: (id = ANY ('{5964921,43600,2862522,1085613,7128045,4765205,833734,5835438,414097,2720222}'::integer[]))

table 5 : explain SELECT c FROM sbtest5 WHERE id IN ( 5964921, 43600, 2862522, 1085613, 7128045, 4765205, 833734, 5835438, 414097, 2720222)
	Index Scan using sbtest5_pkey on sbtest5  (cost=0.43..83.80 rows=10 width=121)
	  Index Cond: (id = ANY ('{5964921,43600,2862522,1085613,7128045,4765205,833734,5835438,414097,2720222}'::integer[]))

table 6 : explain SELECT c FROM sbtest6 WHERE id IN ( 5964921, 43600, 2862522, 1085613, 7128045, 4765205, 833734, 5835438, 414097, 2720222)
	Index Scan using sbtest6_pkey on sbtest6  (cost=0.43..83.79 rows=10 width=121)
	  Index Cond: (id = ANY ('{5964921,43600,2862522,1085613,7128045,4765205,833734,5835438,414097,2720222}'::integer[]))

table 7 : explain SELECT c FROM sbtest7 WHERE id IN ( 5964921, 43600, 2862522, 1085613, 7128045, 4765205, 833734, 5835438, 414097, 2720222)
	Index Scan using sbtest7_pkey on sbtest7  (cost=0.43..83.74 rows=10 width=121)
	  Index Cond: (id = ANY ('{5964921,43600,2862522,1085613,7128045,4765205,833734,5835438,414097,2720222}'::integer[]))

table 8 : explain SELECT c FROM sbtest8 WHERE id IN ( 5964921, 43600, 2862522, 1085613, 7128045, 4765205, 833734, 5835438, 414097, 2720222)
	Index Scan using sbtest8_pkey on sbtest8  (cost=0.43..83.85 rows=10 width=121)
	  Index Cond: (id = ANY ('{5964921,43600,2862522,1085613,7128045,4765205,833734,5835438,414097,2720222}'::integer[]))

explain: for select-inlist :: explain SELECT c FROM sbtest%d WHERE id IN ( 2401483, 6707463, 1024560, 4060896, 4195591, 3023546, 6112067, 5157747, 1019051, 702673)
for select-inlist
table 1 : explain SELECT c FROM sbtest1 WHERE id IN ( 3204256, 1053920, 7778516, 589082, 4656826, 5829135, 3085294, 7067832, 613649, 4185304)
	Index Scan using sbtest1_pkey on sbtest1  (cost=0.43..83.89 rows=10 width=121)
	  Index Cond: (id = ANY ('{3204256,1053920,7778516,589082,4656826,5829135,3085294,7067832,613649,4185304}'::integer[]))

table 2 : explain SELECT c FROM sbtest2 WHERE id IN ( 3204256, 1053920, 7778516, 589082, 4656826, 5829135, 3085294, 7067832, 613649, 4185304)
	Index Scan using sbtest2_pkey on sbtest2  (cost=0.43..83.89 rows=10 width=121)
	  Index Cond: (id = ANY ('{3204256,1053920,7778516,589082,4656826,5829135,3085294,7067832,613649,4185304}'::integer[]))

table 3 : explain SELECT c FROM sbtest3 WHERE id IN ( 3204256, 1053920, 7778516, 589082, 4656826, 5829135, 3085294, 7067832, 613649, 4185304)
	Index Scan using sbtest3_pkey on sbtest3  (cost=0.43..83.84 rows=10 width=121)
	  Index Cond: (id = ANY ('{3204256,1053920,7778516,589082,4656826,5829135,3085294,7067832,613649,4185304}'::integer[]))

table 4 : explain SELECT c FROM sbtest4 WHERE id IN ( 3204256, 1053920, 7778516, 589082, 4656826, 5829135, 3085294, 7067832, 613649, 4185304)
	Index Scan using sbtest4_pkey on sbtest4  (cost=0.43..83.81 rows=10 width=121)
	  Index Cond: (id = ANY ('{3204256,1053920,7778516,589082,4656826,5829135,3085294,7067832,613649,4185304}'::integer[]))

table 5 : explain SELECT c FROM sbtest5 WHERE id IN ( 3204256, 1053920, 7778516, 589082, 4656826, 5829135, 3085294, 7067832, 613649, 4185304)
	Index Scan using sbtest5_pkey on sbtest5  (cost=0.43..83.80 rows=10 width=121)
	  Index Cond: (id = ANY ('{3204256,1053920,7778516,589082,4656826,5829135,3085294,7067832,613649,4185304}'::integer[]))

table 6 : explain SELECT c FROM sbtest6 WHERE id IN ( 3204256, 1053920, 7778516, 589082, 4656826, 5829135, 3085294, 7067832, 613649, 4185304)
	Index Scan using sbtest6_pkey on sbtest6  (cost=0.43..83.79 rows=10 width=121)
	  Index Cond: (id = ANY ('{3204256,1053920,7778516,589082,4656826,5829135,3085294,7067832,613649,4185304}'::integer[]))

table 7 : explain SELECT c FROM sbtest7 WHERE id IN ( 3204256, 1053920, 7778516, 589082, 4656826, 5829135, 3085294, 7067832, 613649, 4185304)
	Index Scan using sbtest7_pkey on sbtest7  (cost=0.43..83.74 rows=10 width=121)
	  Index Cond: (id = ANY ('{3204256,1053920,7778516,589082,4656826,5829135,3085294,7067832,613649,4185304}'::integer[]))

table 8 : explain SELECT c FROM sbtest8 WHERE id IN ( 3204256, 1053920, 7778516, 589082, 4656826, 5829135, 3085294, 7067832, 613649, 4185304)
	Index Scan using sbtest8_pkey on sbtest8  (cost=0.43..83.85 rows=10 width=121)
	  Index Cond: (id = ANY ('{3204256,1053920,7778516,589082,4656826,5829135,3085294,7067832,613649,4185304}'::integer[]))

explain: for select-inlist :: explain SELECT c FROM sbtest%d WHERE id IN ( 5883382, 8496396, 3548012, 9401551, 110819, 5887280, 5282614, 139859, 5127247, 6524881)
for select-inlist
table 1 : explain SELECT c FROM sbtest1 WHERE id IN ( 2401483, 6707463, 1024560, 4060896, 4195591, 3023546, 6112067, 5157747, 1019051, 702673)
	Index Scan using sbtest1_pkey on sbtest1  (cost=0.43..83.89 rows=10 width=121)
	  Index Cond: (id = ANY ('{2401483,6707463,1024560,4060896,4195591,3023546,6112067,5157747,1019051,702673}'::integer[]))

table 2 : explain SELECT c FROM sbtest2 WHERE id IN ( 2401483, 6707463, 1024560, 4060896, 4195591, 3023546, 6112067, 5157747, 1019051, 702673)
	Index Scan using sbtest2_pkey on sbtest2  (cost=0.43..83.89 rows=10 width=121)
	  Index Cond: (id = ANY ('{2401483,6707463,1024560,4060896,4195591,3023546,6112067,5157747,1019051,702673}'::integer[]))

table 3 : explain SELECT c FROM sbtest3 WHERE id IN ( 2401483, 6707463, 1024560, 4060896, 4195591, 3023546, 6112067, 5157747, 1019051, 702673)
	Index Scan using sbtest3_pkey on sbtest3  (cost=0.43..83.84 rows=10 width=121)
	  Index Cond: (id = ANY ('{2401483,6707463,1024560,4060896,4195591,3023546,6112067,5157747,1019051,702673}'::integer[]))

table 4 : explain SELECT c FROM sbtest4 WHERE id IN ( 2401483, 6707463, 1024560, 4060896, 4195591, 3023546, 6112067, 5157747, 1019051, 702673)
	Index Scan using sbtest4_pkey on sbtest4  (cost=0.43..83.81 rows=10 width=121)
	  Index Cond: (id = ANY ('{2401483,6707463,1024560,4060896,4195591,3023546,6112067,5157747,1019051,702673}'::integer[]))

table 5 : explain SELECT c FROM sbtest5 WHERE id IN ( 2401483, 6707463, 1024560, 4060896, 4195591, 3023546, 6112067, 5157747, 1019051, 702673)
	Index Scan using sbtest5_pkey on sbtest5  (cost=0.43..83.80 rows=10 width=121)
	  Index Cond: (id = ANY ('{2401483,6707463,1024560,4060896,4195591,3023546,6112067,5157747,1019051,702673}'::integer[]))

table 6 : explain SELECT c FROM sbtest6 WHERE id IN ( 2401483, 6707463, 1024560, 4060896, 4195591, 3023546, 6112067, 5157747, 1019051, 702673)
	Index Scan using sbtest6_pkey on sbtest6  (cost=0.43..83.79 rows=10 width=121)
	  Index Cond: (id = ANY ('{2401483,6707463,1024560,4060896,4195591,3023546,6112067,5157747,1019051,702673}'::integer[]))

table 7 : explain SELECT c FROM sbtest7 WHERE id IN ( 2401483, 6707463, 1024560, 4060896, 4195591, 3023546, 6112067, 5157747, 1019051, 702673)
	Index Scan using sbtest7_pkey on sbtest7  (cost=0.43..83.74 rows=10 width=121)
	  Index Cond: (id = ANY ('{2401483,6707463,1024560,4060896,4195591,3023546,6112067,5157747,1019051,702673}'::integer[]))

table 8 : explain SELECT c FROM sbtest8 WHERE id IN ( 2401483, 6707463, 1024560, 4060896, 4195591, 3023546, 6112067, 5157747, 1019051, 702673)
	Index Scan using sbtest8_pkey on sbtest8  (cost=0.43..83.85 rows=10 width=121)
	  Index Cond: (id = ANY ('{2401483,6707463,1024560,4060896,4195591,3023546,6112067,5157747,1019051,702673}'::integer[]))

explain: for select-inlist :: explain SELECT c FROM sbtest%d WHERE id IN ( 2134171, 482948, 2863018, 1254593, 6672267, 6566932, 3584521, 3608304, 1711555, 722796)
explain: for select-inlist :: explain SELECT c FROM sbtest%d WHERE id IN ( 8892197, 8497403, 6145708, 1821231, 2399684, 4330829, 5071594, 6418533, 3258360, 1335813)
for select-inlist
table 1 : explain SELECT c FROM sbtest1 WHERE id IN ( 5883382, 8496396, 3548012, 9401551, 110819, 5887280, 5282614, 139859, 5127247, 6524881)
	Index Scan using sbtest1_pkey on sbtest1  (cost=0.43..83.89 rows=10 width=121)
	  Index Cond: (id = ANY ('{5883382,8496396,3548012,9401551,110819,5887280,5282614,139859,5127247,6524881}'::integer[]))

table 2 : explain SELECT c FROM sbtest2 WHERE id IN ( 5883382, 8496396, 3548012, 9401551, 110819, 5887280, 5282614, 139859, 5127247, 6524881)
	Index Scan using sbtest2_pkey on sbtest2  (cost=0.43..83.89 rows=10 width=121)
	  Index Cond: (id = ANY ('{5883382,8496396,3548012,9401551,110819,5887280,5282614,139859,5127247,6524881}'::integer[]))

table 3 : explain SELECT c FROM sbtest3 WHERE id IN ( 5883382, 8496396, 3548012, 9401551, 110819, 5887280, 5282614, 139859, 5127247, 6524881)
	Index Scan using sbtest3_pkey on sbtest3  (cost=0.43..83.84 rows=10 width=121)
	  Index Cond: (id = ANY ('{5883382,8496396,3548012,9401551,110819,5887280,5282614,139859,5127247,6524881}'::integer[]))

table 4 : explain SELECT c FROM sbtest4 WHERE id IN ( 5883382, 8496396, 3548012, 9401551, 110819, 5887280, 5282614, 139859, 5127247, 6524881)
	Index Scan using sbtest4_pkey on sbtest4  (cost=0.43..83.81 rows=10 width=121)
	  Index Cond: (id = ANY ('{5883382,8496396,3548012,9401551,110819,5887280,5282614,139859,5127247,6524881}'::integer[]))

table 5 : explain SELECT c FROM sbtest5 WHERE id IN ( 5883382, 8496396, 3548012, 9401551, 110819, 5887280, 5282614, 139859, 5127247, 6524881)
	Index Scan using sbtest5_pkey on sbtest5  (cost=0.43..83.80 rows=10 width=121)
	  Index Cond: (id = ANY ('{5883382,8496396,3548012,9401551,110819,5887280,5282614,139859,5127247,6524881}'::integer[]))

table 6 : explain SELECT c FROM sbtest6 WHERE id IN ( 5883382, 8496396, 3548012, 9401551, 110819, 5887280, 5282614, 139859, 5127247, 6524881)
	Index Scan using sbtest6_pkey on sbtest6  (cost=0.43..83.79 rows=10 width=121)
	  Index Cond: (id = ANY ('{5883382,8496396,3548012,9401551,110819,5887280,5282614,139859,5127247,6524881}'::integer[]))

table 7 : explain SELECT c FROM sbtest7 WHERE id IN ( 5883382, 8496396, 3548012, 9401551, 110819, 5887280, 5282614, 139859, 5127247, 6524881)
	Index Scan using sbtest7_pkey on sbtest7  (cost=0.43..83.74 rows=10 width=121)
	  Index Cond: (id = ANY ('{5883382,8496396,3548012,9401551,110819,5887280,5282614,139859,5127247,6524881}'::integer[]))

table 8 : explain SELECT c FROM sbtest8 WHERE id IN ( 5883382, 8496396, 3548012, 9401551, 110819, 5887280, 5282614, 139859, 5127247, 6524881)
	Index Scan using sbtest8_pkey on sbtest8  (cost=0.43..83.85 rows=10 width=121)
	  Index Cond: (id = ANY ('{5883382,8496396,3548012,9401551,110819,5887280,5282614,139859,5127247,6524881}'::integer[]))

for select-inlist
table 1 : explain SELECT c FROM sbtest1 WHERE id IN ( 8892197, 8497403, 6145708, 1821231, 2399684, 4330829, 5071594, 6418533, 3258360, 1335813)
	Index Scan using sbtest1_pkey on sbtest1  (cost=0.43..83.89 rows=10 width=121)
	  Index Cond: (id = ANY ('{8892197,8497403,6145708,1821231,2399684,4330829,5071594,6418533,3258360,1335813}'::integer[]))

table 2 : explain SELECT c FROM sbtest2 WHERE id IN ( 8892197, 8497403, 6145708, 1821231, 2399684, 4330829, 5071594, 6418533, 3258360, 1335813)
	Index Scan using sbtest2_pkey on sbtest2  (cost=0.43..83.89 rows=10 width=121)
	  Index Cond: (id = ANY ('{8892197,8497403,6145708,1821231,2399684,4330829,5071594,6418533,3258360,1335813}'::integer[]))

table 3 : explain SELECT c FROM sbtest3 WHERE id IN ( 8892197, 8497403, 6145708, 1821231, 2399684, 4330829, 5071594, 6418533, 3258360, 1335813)
	Index Scan using sbtest3_pkey on sbtest3  (cost=0.43..83.84 rows=10 width=121)
	  Index Cond: (id = ANY ('{8892197,8497403,6145708,1821231,2399684,4330829,5071594,6418533,3258360,1335813}'::integer[]))

table 4 : explain SELECT c FROM sbtest4 WHERE id IN ( 8892197, 8497403, 6145708, 1821231, 2399684, 4330829, 5071594, 6418533, 3258360, 1335813)
	Index Scan using sbtest4_pkey on sbtest4  (cost=0.43..83.81 rows=10 width=121)
	  Index Cond: (id = ANY ('{8892197,8497403,6145708,1821231,2399684,4330829,5071594,6418533,3258360,1335813}'::integer[]))

table 5 : explain SELECT c FROM sbtest5 WHERE id IN ( 8892197, 8497403, 6145708, 1821231, 2399684, 4330829, 5071594, 6418533, 3258360, 1335813)
	Index Scan using sbtest5_pkey on sbtest5  (cost=0.43..83.80 rows=10 width=121)
	  Index Cond: (id = ANY ('{8892197,8497403,6145708,1821231,2399684,4330829,5071594,6418533,3258360,1335813}'::integer[]))

table 6 : explain SELECT c FROM sbtest6 WHERE id IN ( 8892197, 8497403, 6145708, 1821231, 2399684, 4330829, 5071594, 6418533, 3258360, 1335813)
	Index Scan using sbtest6_pkey on sbtest6  (cost=0.43..83.79 rows=10 width=121)
	  Index Cond: (id = ANY ('{8892197,8497403,6145708,1821231,2399684,4330829,5071594,6418533,3258360,1335813}'::integer[]))

table 7 : explain SELECT c FROM sbtest7 WHERE id IN ( 8892197, 8497403, 6145708, 1821231, 2399684, 4330829, 5071594, 6418533, 3258360, 1335813)
	Index Scan using sbtest7_pkey on sbtest7  (cost=0.43..83.74 rows=10 width=121)
	  Index Cond: (id = ANY ('{8892197,8497403,6145708,1821231,2399684,4330829,5071594,6418533,3258360,1335813}'::integer[]))

table 8 : explain SELECT c FROM sbtest8 WHERE id IN ( 8892197, 8497403, 6145708, 1821231, 2399684, 4330829, 5071594, 6418533, 3258360, 1335813)
	Index Scan using sbtest8_pkey on sbtest8  (cost=0.43..83.85 rows=10 width=121)
	  Index Cond: (id = ANY ('{8892197,8497403,6145708,1821231,2399684,4330829,5071594,6418533,3258360,1335813}'::integer[]))

for select-inlist
table 1 : explain SELECT c FROM sbtest1 WHERE id IN ( 2134171, 482948, 2863018, 1254593, 6672267, 6566932, 3584521, 3608304, 1711555, 722796)
	Index Scan using sbtest1_pkey on sbtest1  (cost=0.43..83.89 rows=10 width=121)
	  Index Cond: (id = ANY ('{2134171,482948,2863018,1254593,6672267,6566932,3584521,3608304,1711555,722796}'::integer[]))

table 2 : explain SELECT c FROM sbtest2 WHERE id IN ( 2134171, 482948, 2863018, 1254593, 6672267, 6566932, 3584521, 3608304, 1711555, 722796)
	Index Scan using sbtest2_pkey on sbtest2  (cost=0.43..83.89 rows=10 width=121)
	  Index Cond: (id = ANY ('{2134171,482948,2863018,1254593,6672267,6566932,3584521,3608304,1711555,722796}'::integer[]))

table 3 : explain SELECT c FROM sbtest3 WHERE id IN ( 2134171, 482948, 2863018, 1254593, 6672267, 6566932, 3584521, 3608304, 1711555, 722796)
	Index Scan using sbtest3_pkey on sbtest3  (cost=0.43..83.84 rows=10 width=121)
	  Index Cond: (id = ANY ('{2134171,482948,2863018,1254593,6672267,6566932,3584521,3608304,1711555,722796}'::integer[]))

table 4 : explain SELECT c FROM sbtest4 WHERE id IN ( 2134171, 482948, 2863018, 1254593, 6672267, 6566932, 3584521, 3608304, 1711555, 722796)
	Index Scan using sbtest4_pkey on sbtest4  (cost=0.43..83.81 rows=10 width=121)
	  Index Cond: (id = ANY ('{2134171,482948,2863018,1254593,6672267,6566932,3584521,3608304,1711555,722796}'::integer[]))

table 5 : explain SELECT c FROM sbtest5 WHERE id IN ( 2134171, 482948, 2863018, 1254593, 6672267, 6566932, 3584521, 3608304, 1711555, 722796)
	Index Scan using sbtest5_pkey on sbtest5  (cost=0.43..83.80 rows=10 width=121)
	  Index Cond: (id = ANY ('{2134171,482948,2863018,1254593,6672267,6566932,3584521,3608304,1711555,722796}'::integer[]))

table 6 : explain SELECT c FROM sbtest6 WHERE id IN ( 2134171, 482948, 2863018, 1254593, 6672267, 6566932, 3584521, 3608304, 1711555, 722796)
	Index Scan using sbtest6_pkey on sbtest6  (cost=0.43..83.79 rows=10 width=121)
	  Index Cond: (id = ANY ('{2134171,482948,2863018,1254593,6672267,6566932,3584521,3608304,1711555,722796}'::integer[]))

table 7 : explain SELECT c FROM sbtest7 WHERE id IN ( 2134171, 482948, 2863018, 1254593, 6672267, 6566932, 3584521, 3608304, 1711555, 722796)
	Index Scan using sbtest7_pkey on sbtest7  (cost=0.43..83.74 rows=10 width=121)
	  Index Cond: (id = ANY ('{2134171,482948,2863018,1254593,6672267,6566932,3584521,3608304,1711555,722796}'::integer[]))

table 8 : explain SELECT c FROM sbtest8 WHERE id IN ( 2134171, 482948, 2863018, 1254593, 6672267, 6566932, 3584521, 3608304, 1711555, 722796)
	Index Scan using sbtest8_pkey on sbtest8  (cost=0.43..83.85 rows=10 width=121)
	  Index Cond: (id = ANY ('{2134171,482948,2863018,1254593,6672267,6566932,3584521,3608304,1711555,722796}'::integer[]))

Threads started!

Warming up for 5 seconds...

SQL statistics:
    queries performed:
        read:                            293400140
        write:                           0
        other:                           0
        total:                           293400140
    transactions:                        293400140 (465705.18 per sec.)
    queries:                             293400140 (465705.18 per sec.)
    ignored errors:                      0      (0.00 per sec.)
    reconnects:                          0      (0.00 per sec.)

Throughput:
    events/s (eps):                      465705.1791
    time elapsed:                        630.0127s
    total number of events:              293400140

Latency (ms):
         min:                                    0.07
         avg:                                    0.09
         max:                                   24.16
         95th percentile:                        0.09
         sum:                             25059077.07

Threads fairness:
    events (avg/stddev):           7334997.9750/44650.57
    execution time (avg/stddev):   626.4769/0.16

