LUA_PATH=/home/mdcallag/git/mytools/bench/sysbench.lua/lua/?.lua /home/mdcallag/git/mytools/bench/sysbench.lua/lua/sysbench --db-driver=pgsql --range-size=10 --table-size=10000000 --tables=8 --threads=40 --events=0 --warmup-time=5 --time=930 --pgsql_conn_id=true /home/mdcallag/git/mytools/bench/sysbench.lua/lua/oltp_read_write.lua run --pgsql-user=root --pgsql-password=pw --pgsql-host=127.0.0.1 --pgsql-db=ib --rand-type=uniform
48 CPUs
sysbench 1.1.0-9072687 (using bundled LuaJIT 2.1.0-beta3)

Running the test with following options:
Number of threads: 40
Warmup time: 5s
Initializing random number generator from current time


Initializing worker threads...

explain: for point_selects :: explain SELECT c FROM sbtest%u WHERE id=%u
explain: for point_selects :: explain SELECT c FROM sbtest%u WHERE id=%u
for point_selects
table 1 : explain SELECT c FROM sbtest1 WHERE id=1954848
	Index Scan using sbtest1_pkey on sbtest1  (cost=0.43..8.45 rows=1 width=121)
	  Index Cond: (id = 1954848)

table 2 : explain SELECT c FROM sbtest2 WHERE id=2552597
	Index Scan using sbtest2_pkey on sbtest2  (cost=0.43..8.45 rows=1 width=121)
	  Index Cond: (id = 2552597)

table 3 : explain SELECT c FROM sbtest3 WHERE id=950646
	Index Scan using sbtest3_pkey on sbtest3  (cost=0.43..8.45 rows=1 width=121)
	  Index Cond: (id = 950646)

table 4 : explain SELECT c FROM sbtest4 WHERE id=8797122
	Index Scan using sbtest4_pkey on sbtest4  (cost=0.43..8.45 rows=1 width=121)
	  Index Cond: (id = 8797122)

table 5 : explain SELECT c FROM sbtest5 WHERE id=6116215
	Index Scan using sbtest5_pkey on sbtest5  (cost=0.43..8.45 rows=1 width=121)
	  Index Cond: (id = 6116215)

table 6 : explain SELECT c FROM sbtest6 WHERE id=983087
	Index Scan using sbtest6_pkey on sbtest6  (cost=0.43..8.45 rows=1 width=121)
	  Index Cond: (id = 983087)

table 7 : explain SELECT c FROM sbtest7 WHERE id=3904715
	Index Scan using sbtest7_pkey on sbtest7  (cost=0.43..8.45 rows=1 width=121)
	  Index Cond: (id = 3904715)

table 8 : explain SELECT c FROM sbtest8 WHERE id=5180883
	Index Scan using sbtest8_pkey on sbtest8  (cost=0.43..8.45 rows=1 width=121)
	  Index Cond: (id = 5180883)

explain: for point_selects :: explain SELECT c FROM sbtest%u WHERE id=%u
for: simple_ranges
table 1 : explain SELECT c FROM sbtest1 WHERE id BETWEEN 7242022 AND 7242031
	Index Scan using sbtest1_pkey on sbtest1  (cost=0.43..40.63 rows=10 width=121)
	  Index Cond: ((id >= 7242022) AND (id <= 7242031))

table 2 : explain SELECT c FROM sbtest2 WHERE id BETWEEN 1553524 AND 1553533
	Index Scan using sbtest2_pkey on sbtest2  (cost=0.43..40.58 rows=10 width=121)
	  Index Cond: ((id >= 1553524) AND (id <= 1553533))

table 3 : explain SELECT c FROM sbtest3 WHERE id BETWEEN 7066329 AND 7066338
	Index Scan using sbtest3_pkey on sbtest3  (cost=0.43..40.48 rows=10 width=121)
	  Index Cond: ((id >= 7066329) AND (id <= 7066338))

table 4 : explain SELECT c FROM sbtest4 WHERE id BETWEEN 6707679 AND 6707688
	Index Scan using sbtest4_pkey on sbtest4  (cost=0.43..36.73 rows=9 width=121)
	  Index Cond: ((id >= 6707679) AND (id <= 6707688))

table 5 : explain SELECT c FROM sbtest5 WHERE id BETWEEN 9012008 AND 9012017
	Index Scan using sbtest5_pkey on sbtest5  (cost=0.43..40.62 rows=10 width=121)
	  Index Cond: ((id >= 9012008) AND (id <= 9012017))

table 6 : explain SELECT c FROM sbtest6 WHERE id BETWEEN 5353566 AND 5353575
	Index Scan using sbtest6_pkey on sbtest6  (cost=0.43..43.94 rows=11 width=121)
	  Index Cond: ((id >= 5353566) AND (id <= 5353575))

table 7 : explain SELECT c FROM sbtest7 WHERE id BETWEEN 2110892 AND 2110901
	Index Scan using sbtest7_pkey on sbtest7  (cost=0.43..36.76 rows=9 width=121)
	  Index Cond: ((id >= 2110892) AND (id <= 2110901))

table 8 : explain SELECT c FROM sbtest8 WHERE id BETWEEN 4913619 AND 4913628
	Index Scan using sbtest8_pkey on sbtest8  (cost=0.43..40.34 rows=10 width=121)
	  Index Cond: ((id >= 4913619) AND (id <= 4913628))

for point_selects
table 1 : explain SELECT c FROM sbtest1 WHERE id=4596640
	Index Scan using sbtest1_pkey on sbtest1  (cost=0.43..8.45 rows=1 width=121)
	  Index Cond: (id = 4596640)

table 2 : explain SELECT c FROM sbtest2 WHERE id=5510936
	Index Scan using sbtest2_pkey on sbtest2  (cost=0.43..8.45 rows=1 width=121)
	  Index Cond: (id = 5510936)

table 3 : explain SELECT c FROM sbtest3 WHERE id=6082140
	Index Scan using sbtest3_pkey on sbtest3  (cost=0.43..8.45 rows=1 width=121)
	  Index Cond: (id = 6082140)

table 4 : explain SELECT c FROM sbtest4 WHERE id=8479809
	Index Scan using sbtest4_pkey on sbtest4  (cost=0.43..8.45 rows=1 width=121)
	  Index Cond: (id = 8479809)

table 5 : explain SELECT c FROM sbtest5 WHERE id=8635984
	Index Scan using sbtest5_pkey on sbtest5  (cost=0.43..8.45 rows=1 width=121)
	  Index Cond: (id = 8635984)

table 6 : explain SELECT c FROM sbtest6 WHERE id=7527621
	Index Scan using sbtest6_pkey on sbtest6  (cost=0.43..8.45 rows=1 width=121)
	  Index Cond: (id = 7527621)

table 7 : explain SELECT c FROM sbtest7 WHERE id=3347473
	Index Scan using sbtest7_pkey on sbtest7  (cost=0.43..8.45 rows=1 width=121)
	  Index Cond: (id = 3347473)

table 8 : explain SELECT c FROM sbtest8 WHERE id=7771080
	Index Scan using sbtest8_pkey on sbtest8  (cost=0.43..8.45 rows=1 width=121)
	  Index Cond: (id = 7771080)

explain: for point_selects :: explain SELECT c FROM sbtest%u WHERE id=%u
explain: for point_selects :: explain SELECT c FROM sbtest%u WHERE id=%u
explain: for point_selects :: explain SELECT c FROM sbtest%u WHERE id=%u
explain: for point_selects :: explain SELECT c FROM sbtest%u WHERE id=%u
explain: for point_selects :: explain SELECT c FROM sbtest%u WHERE id=%u
for point_selects
table 1 : explain SELECT c FROM sbtest1 WHERE id=9704727
	Index Scan using sbtest1_pkey on sbtest1  (cost=0.43..8.45 rows=1 width=121)
	  Index Cond: (id = 9704727)

table 2 : explain SELECT c FROM sbtest2 WHERE id=8925676
	Index Scan using sbtest2_pkey on sbtest2  (cost=0.43..8.45 rows=1 width=121)
	  Index Cond: (id = 8925676)

table 3 : explain SELECT c FROM sbtest3 WHERE id=6055413
	Index Scan using sbtest3_pkey on sbtest3  (cost=0.43..8.45 rows=1 width=121)
	  Index Cond: (id = 6055413)

table 4 : explain SELECT c FROM sbtest4 WHERE id=5599217
	Index Scan using sbtest4_pkey on sbtest4  (cost=0.43..8.45 rows=1 width=121)
	  Index Cond: (id = 5599217)

table 5 : explain SELECT c FROM sbtest5 WHERE id=4652249
	Index Scan using sbtest5_pkey on sbtest5  (cost=0.43..8.45 rows=1 width=121)
	  Index Cond: (id = 4652249)

table 6 : explain SELECT c FROM sbtest6 WHERE id=2536149
	Index Scan using sbtest6_pkey on sbtest6  (cost=0.43..8.45 rows=1 width=121)
	  Index Cond: (id = 2536149)

table 7 : explain SELECT c FROM sbtest7 WHERE id=3351724
	Index Scan using sbtest7_pkey on sbtest7  (cost=0.43..8.45 rows=1 width=121)
	  Index Cond: (id = 3351724)

table 8 : explain SELECT c FROM sbtest8 WHERE id=3660527
	Index Scan using sbtest8_pkey on sbtest8  (cost=0.43..8.45 rows=1 width=121)
	  Index Cond: (id = 3660527)

for: sum_ranges
table 1 : explain SELECT SUM(k) FROM sbtest1 WHERE id BETWEEN 7324833 AND 7324842
	Aggregate  (cost=40.66..40.67 rows=1 width=8)
	  ->  Index Scan using sbtest1_pkey on sbtest1  (cost=0.43..40.63 rows=10 width=4)
	        Index Cond: ((id >= 7324833) AND (id <= 7324842))

table 2 : explain SELECT SUM(k) FROM sbtest2 WHERE id BETWEEN 11310 AND 11319
	Aggregate  (cost=40.60..40.61 rows=1 width=8)
	  ->  Index Scan using sbtest2_pkey on sbtest2  (cost=0.43..40.58 rows=10 width=4)
	        Index Cond: ((id >= 11310) AND (id <= 11319))

table 3 : explain SELECT SUM(k) FROM sbtest3 WHERE id BETWEEN 4803144 AND 4803153
	Aggregate  (cost=36.94..36.95 rows=1 width=8)
	  ->  Index Scan using sbtest3_pkey on sbtest3  (cost=0.43..36.92 rows=9 width=4)
	        Index Cond: ((id >= 4803144) AND (id <= 4803153))

table 4 : explain SELECT SUM(k) FROM sbtest4 WHERE id BETWEEN 4970849 AND 4970858
	Aggregate  (cost=40.29..40.30 rows=1 width=8)
	  ->  Index Scan using sbtest4_pkey on sbtest4  (cost=0.43..40.27 rows=10 width=4)
	        Index Cond: ((id >= 4970849) AND (id <= 4970858))

table 5 : explain SELECT SUM(k) FROM sbtest5 WHERE id BETWEEN 9498895 AND 9498904
	Aggregate  (cost=40.64..40.65 rows=1 width=8)
	  ->  Index Scan using sbtest5_pkey on sbtest5  (cost=0.43..40.62 rows=10 width=4)
	        Index Cond: ((id >= 9498895) AND (id <= 9498904))

table 6 : explain SELECT SUM(k) FROM sbtest6 WHERE id BETWEEN 2211447 AND 2211456
	Aggregate  (cost=40.41..40.42 rows=1 width=8)
	  ->  Index Scan using sbtest6_pkey on sbtest6  (cost=0.43..40.39 rows=10 width=4)
	        Index Cond: ((id >= 2211447) AND (id <= 2211456))

table 7 : explain SELECT SUM(k) FROM sbtest7 WHERE id BETWEEN 3400318 AND 3400327
	Aggregate  (cost=36.79..36.80 rows=1 width=8)
	  ->  Index Scan using sbtest7_pkey on sbtest7  (cost=0.43..36.76 rows=9 width=4)
	        Index Cond: ((id >= 3400318) AND (id <= 3400327))

table 8 : explain SELECT SUM(k) FROM sbtest8 WHERE id BETWEEN 818237 AND 818246
	Aggregate  (cost=40.37..40.38 rows=1 width=8)
	  ->  Index Scan using sbtest8_pkey on sbtest8  (cost=0.43..40.34 rows=10 width=4)
	        Index Cond: ((id >= 818237) AND (id <= 818246))

for: simple_ranges
table 1 : explain SELECT c FROM sbtest1 WHERE id BETWEEN 6269470 AND 6269479
	Index Scan using sbtest1_pkey on sbtest1  (cost=0.43..40.63 rows=10 width=121)
	  Index Cond: ((id >= 6269470) AND (id <= 6269479))

table 2 : explain SELECT c FROM sbtest2 WHERE id BETWEEN 7506507 AND 7506516
	Index Scan using sbtest2_pkey on sbtest2  (cost=0.43..40.58 rows=10 width=121)
	  Index Cond: ((id >= 7506507) AND (id <= 7506516))

table 3 : explain SELECT c FROM sbtest3 WHERE id BETWEEN 5097396 AND 5097405
	Index Scan using sbtest3_pkey on sbtest3  (cost=0.43..36.92 rows=9 width=121)
	  Index Cond: ((id >= 5097396) AND (id <= 5097405))

table 4 : explain SELECT c FROM sbtest4 WHERE id BETWEEN 22370 AND 22379
	Index Scan using sbtest4_pkey on sbtest4  (cost=0.43..36.73 rows=9 width=121)
	  Index Cond: ((id >= 22370) AND (id <= 22379))

table 5 : explain SELECT c FROM sbtest5 WHERE id BETWEEN 208066 AND 208075
	Index Scan using sbtest5_pkey on sbtest5  (cost=0.43..40.62 rows=10 width=121)
	  Index Cond: ((id >= 208066) AND (id <= 208075))

table 6 : explain SELECT c FROM sbtest6 WHERE id BETWEEN 9367692 AND 9367701
	Index Scan using sbtest6_pkey on sbtest6  (cost=0.43..43.94 rows=11 width=121)
	  Index Cond: ((id >= 9367692) AND (id <= 9367701))

table 7 : explain SELECT c FROM sbtest7 WHERE id BETWEEN 8719255 AND 8719264
	Index Scan using sbtest7_pkey on sbtest7  (cost=0.43..40.30 rows=10 width=121)
	  Index Cond: ((id >= 8719255) AND (id <= 8719264))

table 8 : explain SELECT c FROM sbtest8 WHERE id BETWEEN 2663092 AND 2663101
	Index Scan using sbtest8_pkey on sbtest8  (cost=0.43..40.34 rows=10 width=121)
	  Index Cond: ((id >= 2663092) AND (id <= 2663101))

explain: for point_selects :: explain SELECT c FROM sbtest%u WHERE id=%u
explain: for point_selects :: explain SELECT c FROM sbtest%u WHERE id=%u
for point_selects
table 1 : explain SELECT c FROM sbtest1 WHERE id=5099
	Index Scan using sbtest1_pkey on sbtest1  (cost=0.43..8.45 rows=1 width=121)
	  Index Cond: (id = 5099)

table 2 : explain SELECT c FROM sbtest2 WHERE id=1656223
	Index Scan using sbtest2_pkey on sbtest2  (cost=0.43..8.45 rows=1 width=121)
	  Index Cond: (id = 1656223)

table 3 : explain SELECT c FROM sbtest3 WHERE id=9446117
	Index Scan using sbtest3_pkey on sbtest3  (cost=0.43..8.45 rows=1 width=121)
	  Index Cond: (id = 9446117)

table 4 : explain SELECT c FROM sbtest4 WHERE id=3771791
	Index Scan using sbtest4_pkey on sbtest4  (cost=0.43..8.45 rows=1 width=121)
	  Index Cond: (id = 3771791)

table 5 : explain SELECT c FROM sbtest5 WHERE id=7745838
	Index Scan using sbtest5_pkey on sbtest5  (cost=0.43..8.45 rows=1 width=121)
	  Index Cond: (id = 7745838)

table 6 : explain SELECT c FROM sbtest6 WHERE id=7778479
	Index Scan using sbtest6_pkey on sbtest6  (cost=0.43..8.45 rows=1 width=121)
	  Index Cond: (id = 7778479)

table 7 : explain SELECT c FROM sbtest7 WHERE id=2108206
	Index Scan using sbtest7_pkey on sbtest7  (cost=0.43..8.45 rows=1 width=121)
	  Index Cond: (id = 2108206)

table 8 : explain SELECT c FROM sbtest8 WHERE id=7884600
	Index Scan using sbtest8_pkey on sbtest8  (cost=0.43..8.45 rows=1 width=121)
	  Index Cond: (id = 7884600)

for point_selects
table 1 : explain SELECT c FROM sbtest1 WHERE id=7803784
	Index Scan using sbtest1_pkey on sbtest1  (cost=0.43..8.45 rows=1 width=121)
	  Index Cond: (id = 7803784)

table 2 : explain SELECT c FROM sbtest2 WHERE id=2966751
	Index Scan using sbtest2_pkey on sbtest2  (cost=0.43..8.45 rows=1 width=121)
	  Index Cond: (id = 2966751)

table 3 : explain SELECT c FROM sbtest3 WHERE id=5207748
	Index Scan using sbtest3_pkey on sbtest3  (cost=0.43..8.45 rows=1 width=121)
	  Index Cond: (id = 5207748)

table 4 : explain SELECT c FROM sbtest4 WHERE id=9526983
	Index Scan using sbtest4_pkey on sbtest4  (cost=0.43..8.45 rows=1 width=121)
	  Index Cond: (id = 9526983)

table 5 : explain SELECT c FROM sbtest5 WHERE id=2444540
	Index Scan using sbtest5_pkey on sbtest5  (cost=0.43..8.45 rows=1 width=121)
	  Index Cond: (id = 2444540)

table 6 : explain SELECT c FROM sbtest6 WHERE id=3240897
	Index Scan using sbtest6_pkey on sbtest6  (cost=0.43..8.45 rows=1 width=121)
	  Index Cond: (id = 3240897)

table 7 : explain SELECT c FROM sbtest7 WHERE id=2189862
	Index Scan using sbtest7_pkey on sbtest7  (cost=0.43..8.45 rows=1 width=121)
	  Index Cond: (id = 2189862)

table 8 : explain SELECT c FROM sbtest8 WHERE id=4808751
	Index Scan using sbtest8_pkey on sbtest8  (cost=0.43..8.45 rows=1 width=121)
	  Index Cond: (id = 4808751)

for: simple_ranges
table 1 : explain SELECT c FROM sbtest1 WHERE id BETWEEN 9308155 AND 9308164
	Index Scan using sbtest1_pkey on sbtest1  (cost=0.43..37.06 rows=9 width=121)
	  Index Cond: ((id >= 9308155) AND (id <= 9308164))

table 2 : explain SELECT c FROM sbtest2 WHERE id BETWEEN 4756486 AND 4756495
	Index Scan using sbtest2_pkey on sbtest2  (cost=0.43..40.58 rows=10 width=121)
	  Index Cond: ((id >= 4756486) AND (id <= 4756495))

table 3 : explain SELECT c FROM sbtest3 WHERE id BETWEEN 6362228 AND 6362237
	Index Scan using sbtest3_pkey on sbtest3  (cost=0.43..40.48 rows=10 width=121)
	  Index Cond: ((id >= 6362228) AND (id <= 6362237))

table 4 : explain SELECT c FROM sbtest4 WHERE id BETWEEN 4812601 AND 4812610
	Index Scan using sbtest4_pkey on sbtest4  (cost=0.43..40.27 rows=10 width=121)
	  Index Cond: ((id >= 4812601) AND (id <= 4812610))

table 5 : explain SELECT c FROM sbtest5 WHERE id BETWEEN 988441 AND 988450
	Index Scan using sbtest5_pkey on sbtest5  (cost=0.43..40.62 rows=10 width=121)
	  Index Cond: ((id >= 988441) AND (id <= 988450))

table 6 : explain SELECT c FROM sbtest6 WHERE id BETWEEN 1936931 AND 1936940
	Index Scan using sbtest6_pkey on sbtest6  (cost=0.43..36.84 rows=9 width=121)
	  Index Cond: ((id >= 1936931) AND (id <= 1936940))

table 7 : explain SELECT c FROM sbtest7 WHERE id BETWEEN 9804215 AND 9804224
	Index Scan using sbtest7_pkey on sbtest7  (cost=0.43..36.76 rows=9 width=121)
	  Index Cond: ((id >= 9804215) AND (id <= 9804224))

table 8 : explain SELECT c FROM sbtest8 WHERE id BETWEEN 4714224 AND 4714233
	Index Scan using sbtest8_pkey on sbtest8  (cost=0.43..43.89 rows=11 width=121)
	  Index Cond: ((id >= 4714224) AND (id <= 4714233))

for point_selects
table 1 : explain SELECT c FROM sbtest1 WHERE id=1953694
	Index Scan using sbtest1_pkey on sbtest1  (cost=0.43..8.45 rows=1 width=121)
	  Index Cond: (id = 1953694)

table 2 : explain SELECT c FROM sbtest2 WHERE id=5193877
	Index Scan using sbtest2_pkey on sbtest2  (cost=0.43..8.45 rows=1 width=121)
	  Index Cond: (id = 5193877)

table 3 : explain SELECT c FROM sbtest3 WHERE id=9609187
	Index Scan using sbtest3_pkey on sbtest3  (cost=0.43..8.45 rows=1 width=121)
	  Index Cond: (id = 9609187)

table 4 : explain SELECT c FROM sbtest4 WHERE id=7668267
	Index Scan using sbtest4_pkey on sbtest4  (cost=0.43..8.45 rows=1 width=121)
	  Index Cond: (id = 7668267)

table 5 : explain SELECT c FROM sbtest5 WHERE id=1443259
	Index Scan using sbtest5_pkey on sbtest5  (cost=0.43..8.45 rows=1 width=121)
	  Index Cond: (id = 1443259)

table 6 : explain SELECT c FROM sbtest6 WHERE id=2699962
	Index Scan using sbtest6_pkey on sbtest6  (cost=0.43..8.45 rows=1 width=121)
	  Index Cond: (id = 2699962)

table 7 : explain SELECT c FROM sbtest7 WHERE id=4366486
	Index Scan using sbtest7_pkey on sbtest7  (cost=0.43..8.45 rows=1 width=121)
	  Index Cond: (id = 4366486)

table 8 : explain SELECT c FROM sbtest8 WHERE id=7883578
	Index Scan using sbtest8_pkey on sbtest8  (cost=0.43..8.45 rows=1 width=121)
	  Index Cond: (id = 7883578)

for point_selects
table 1 : explain SELECT c FROM sbtest1 WHERE id=1251122
	Index Scan using sbtest1_pkey on sbtest1  (cost=0.43..8.45 rows=1 width=121)
	  Index Cond: (id = 1251122)

table 2 : explain SELECT c FROM sbtest2 WHERE id=6917093
	Index Scan using sbtest2_pkey on sbtest2  (cost=0.43..8.45 rows=1 width=121)
	  Index Cond: (id = 6917093)

table 3 : explain SELECT c FROM sbtest3 WHERE id=9417448
	Index Scan using sbtest3_pkey on sbtest3  (cost=0.43..8.45 rows=1 width=121)
	  Index Cond: (id = 9417448)

table 4 : explain SELECT c FROM sbtest4 WHERE id=1436924
	Index Scan using sbtest4_pkey on sbtest4  (cost=0.43..8.45 rows=1 width=121)
	  Index Cond: (id = 1436924)

table 5 : explain SELECT c FROM sbtest5 WHERE id=5064262
	Index Scan using sbtest5_pkey on sbtest5  (cost=0.43..8.45 rows=1 width=121)
	  Index Cond: (id = 5064262)

table 6 : explain SELECT c FROM sbtest6 WHERE id=7441178
	Index Scan using sbtest6_pkey on sbtest6  (cost=0.43..8.45 rows=1 width=121)
	  Index Cond: (id = 7441178)

table 7 : explain SELECT c FROM sbtest7 WHERE id=505100
	Index Scan using sbtest7_pkey on sbtest7  (cost=0.43..8.45 rows=1 width=121)
	  Index Cond: (id = 505100)

table 8 : explain SELECT c FROM sbtest8 WHERE id=9606918
	Index Scan using sbtest8_pkey on sbtest8  (cost=0.43..8.45 rows=1 width=121)
	  Index Cond: (id = 9606918)

for: simple_ranges
table 1 : explain SELECT c FROM sbtest1 WHERE id BETWEEN 4564712 AND 4564721
	Index Scan using sbtest1_pkey on sbtest1  (cost=0.43..40.63 rows=10 width=121)
	  Index Cond: ((id >= 4564712) AND (id <= 4564721))

table 2 : explain SELECT c FROM sbtest2 WHERE id BETWEEN 2927745 AND 2927754
	Index Scan using sbtest2_pkey on sbtest2  (cost=0.43..40.58 rows=10 width=121)
	  Index Cond: ((id >= 2927745) AND (id <= 2927754))

table 3 : explain SELECT c FROM sbtest3 WHERE id BETWEEN 7553819 AND 7553828
	Index Scan using sbtest3_pkey on sbtest3  (cost=0.43..40.48 rows=10 width=121)
	  Index Cond: ((id >= 7553819) AND (id <= 7553828))

table 4 : explain SELECT c FROM sbtest4 WHERE id BETWEEN 6057570 AND 6057579
	Index Scan using sbtest4_pkey on sbtest4  (cost=0.43..36.73 rows=9 width=121)
	  Index Cond: ((id >= 6057570) AND (id <= 6057579))

table 5 : explain SELECT c FROM sbtest5 WHERE id BETWEEN 2360708 AND 2360717
	Index Scan using sbtest5_pkey on sbtest5  (cost=0.43..40.62 rows=10 width=121)
	  Index Cond: ((id >= 2360708) AND (id <= 2360717))

table 6 : explain SELECT c FROM sbtest6 WHERE id BETWEEN 3706391 AND 3706400
	Index Scan using sbtest6_pkey on sbtest6  (cost=0.43..40.39 rows=10 width=121)
	  Index Cond: ((id >= 3706391) AND (id <= 3706400))

table 7 : explain SELECT c FROM sbtest7 WHERE id BETWEEN 9784661 AND 9784670
	Index Scan using sbtest7_pkey on sbtest7  (cost=0.43..36.76 rows=9 width=121)
	  Index Cond: ((id >= 9784661) AND (id <= 9784670))

table 8 : explain SELECT c FROM sbtest8 WHERE id BETWEEN 6526008 AND 6526017
	Index Scan using sbtest8_pkey on sbtest8  (cost=0.43..40.34 rows=10 width=121)
	  Index Cond: ((id >= 6526008) AND (id <= 6526017))

for point_selects
table 1 : explain SELECT c FROM sbtest1 WHERE id=4907589
	Index Scan using sbtest1_pkey on sbtest1  (cost=0.43..8.45 rows=1 width=121)
	  Index Cond: (id = 4907589)

table 2 : explain SELECT c FROM sbtest2 WHERE id=2733878
	Index Scan using sbtest2_pkey on sbtest2  (cost=0.43..8.45 rows=1 width=121)
	  Index Cond: (id = 2733878)

table 3 : explain SELECT c FROM sbtest3 WHERE id=649386
	Index Scan using sbtest3_pkey on sbtest3  (cost=0.43..8.45 rows=1 width=121)
	  Index Cond: (id = 649386)

table 4 : explain SELECT c FROM sbtest4 WHERE id=8248117
	Index Scan using sbtest4_pkey on sbtest4  (cost=0.43..8.45 rows=1 width=121)
	  Index Cond: (id = 8248117)

table 5 : explain SELECT c FROM sbtest5 WHERE id=3650481
	Index Scan using sbtest5_pkey on sbtest5  (cost=0.43..8.45 rows=1 width=121)
	  Index Cond: (id = 3650481)

table 6 : explain SELECT c FROM sbtest6 WHERE id=6700840
	Index Scan using sbtest6_pkey on sbtest6  (cost=0.43..8.45 rows=1 width=121)
	  Index Cond: (id = 6700840)

table 7 : explain SELECT c FROM sbtest7 WHERE id=9483285
	Index Scan using sbtest7_pkey on sbtest7  (cost=0.43..8.45 rows=1 width=121)
	  Index Cond: (id = 9483285)

table 8 : explain SELECT c FROM sbtest8 WHERE id=8031222
	Index Scan using sbtest8_pkey on sbtest8  (cost=0.43..8.45 rows=1 width=121)
	  Index Cond: (id = 8031222)

for: simple_ranges
table 1 : explain SELECT c FROM sbtest1 WHERE id BETWEEN 4937673 AND 4937682
	Index Scan using sbtest1_pkey on sbtest1  (cost=0.43..40.63 rows=10 width=121)
	  Index Cond: ((id >= 4937673) AND (id <= 4937682))

table 2 : explain SELECT c FROM sbtest2 WHERE id BETWEEN 5381921 AND 5381930
	Index Scan using sbtest2_pkey on sbtest2  (cost=0.43..40.58 rows=10 width=121)
	  Index Cond: ((id >= 5381921) AND (id <= 5381930))

table 3 : explain SELECT c FROM sbtest3 WHERE id BETWEEN 8110422 AND 8110431
	Index Scan using sbtest3_pkey on sbtest3  (cost=0.43..40.48 rows=10 width=121)
	  Index Cond: ((id >= 8110422) AND (id <= 8110431))

table 4 : explain SELECT c FROM sbtest4 WHERE id BETWEEN 4360255 AND 4360264
	Index Scan using sbtest4_pkey on sbtest4  (cost=0.43..43.80 rows=11 width=121)
	  Index Cond: ((id >= 4360255) AND (id <= 4360264))

table 5 : explain SELECT c FROM sbtest5 WHERE id BETWEEN 7523742 AND 7523751
	Index Scan using sbtest5_pkey on sbtest5  (cost=0.43..44.19 rows=11 width=121)
	  Index Cond: ((id >= 7523742) AND (id <= 7523751))

table 6 : explain SELECT c FROM sbtest6 WHERE id BETWEEN 6029240 AND 6029249
	Index Scan using sbtest6_pkey on sbtest6  (cost=0.43..36.84 rows=9 width=121)
	  Index Cond: ((id >= 6029240) AND (id <= 6029249))

table 7 : explain SELECT c FROM sbtest7 WHERE id BETWEEN 5449225 AND 5449234
	Index Scan using sbtest7_pkey on sbtest7  (cost=0.43..36.76 rows=9 width=121)
	  Index Cond: ((id >= 5449225) AND (id <= 5449234))

table 8 : explain SELECT c FROM sbtest8 WHERE id BETWEEN 602727 AND 602736
	Index Scan using sbtest8_pkey on sbtest8  (cost=0.43..36.80 rows=9 width=121)
	  Index Cond: ((id >= 602727) AND (id <= 602736))

for: simple_ranges
table 1 : explain SELECT c FROM sbtest1 WHERE id BETWEEN 3876407 AND 3876416
	Index Scan using sbtest1_pkey on sbtest1  (cost=0.43..40.63 rows=10 width=121)
	  Index Cond: ((id >= 3876407) AND (id <= 3876416))

table 2 : explain SELECT c FROM sbtest2 WHERE id BETWEEN 2623879 AND 2623888
	Index Scan using sbtest2_pkey on sbtest2  (cost=0.43..40.58 rows=10 width=121)
	  Index Cond: ((id >= 2623879) AND (id <= 2623888))

table 3 : explain SELECT c FROM sbtest3 WHERE id BETWEEN 9281196 AND 9281205
	Index Scan using sbtest3_pkey on sbtest3  (cost=0.43..40.48 rows=10 width=121)
	  Index Cond: ((id >= 9281196) AND (id <= 9281205))

table 4 : explain SELECT c FROM sbtest4 WHERE id BETWEEN 7394108 AND 7394117
	Index Scan using sbtest4_pkey on sbtest4  (cost=0.43..40.27 rows=10 width=121)
	  Index Cond: ((id >= 7394108) AND (id <= 7394117))

table 5 : explain SELECT c FROM sbtest5 WHERE id BETWEEN 1247748 AND 1247757
	Index Scan using sbtest5_pkey on sbtest5  (cost=0.43..40.62 rows=10 width=121)
	  Index Cond: ((id >= 1247748) AND (id <= 1247757))

table 6 : explain SELECT c FROM sbtest6 WHERE id BETWEEN 3390566 AND 3390575
	Index Scan using sbtest6_pkey on sbtest6  (cost=0.43..40.39 rows=10 width=121)
	  Index Cond: ((id >= 3390566) AND (id <= 3390575))

table 7 : explain SELECT c FROM sbtest7 WHERE id BETWEEN 7789379 AND 7789388
	Index Scan using sbtest7_pkey on sbtest7  (cost=0.43..40.30 rows=10 width=121)
	  Index Cond: ((id >= 7789379) AND (id <= 7789388))

table 8 : explain SELECT c FROM sbtest8 WHERE id BETWEEN 9874570 AND 9874579
	Index Scan using sbtest8_pkey on sbtest8  (cost=0.43..40.34 rows=10 width=121)
	  Index Cond: ((id >= 9874570) AND (id <= 9874579))

for point_selects
table 1 : explain SELECT c FROM sbtest1 WHERE id=9103986
	Index Scan using sbtest1_pkey on sbtest1  (cost=0.43..8.45 rows=1 width=121)
	  Index Cond: (id = 9103986)

table 2 : explain SELECT c FROM sbtest2 WHERE id=9918767
	Index Scan using sbtest2_pkey on sbtest2  (cost=0.43..8.45 rows=1 width=121)
	  Index Cond: (id = 9918767)

table 3 : explain SELECT c FROM sbtest3 WHERE id=3323457
	Index Scan using sbtest3_pkey on sbtest3  (cost=0.43..8.45 rows=1 width=121)
	  Index Cond: (id = 3323457)

table 4 : explain SELECT c FROM sbtest4 WHERE id=9934686
	Index Scan using sbtest4_pkey on sbtest4  (cost=0.43..8.45 rows=1 width=121)
	  Index Cond: (id = 9934686)

table 5 : explain SELECT c FROM sbtest5 WHERE id=178632
	Index Scan using sbtest5_pkey on sbtest5  (cost=0.43..8.45 rows=1 width=121)
	  Index Cond: (id = 178632)

table 6 : explain SELECT c FROM sbtest6 WHERE id=7578124
	Index Scan using sbtest6_pkey on sbtest6  (cost=0.43..8.45 rows=1 width=121)
	  Index Cond: (id = 7578124)

table 7 : explain SELECT c FROM sbtest7 WHERE id=4136486
	Index Scan using sbtest7_pkey on sbtest7  (cost=0.43..8.45 rows=1 width=121)
	  Index Cond: (id = 4136486)

table 8 : explain SELECT c FROM sbtest8 WHERE id=5532296
	Index Scan using sbtest8_pkey on sbtest8  (cost=0.43..8.45 rows=1 width=121)
	  Index Cond: (id = 5532296)

for: sum_ranges
table 1 : explain SELECT SUM(k) FROM sbtest1 WHERE id BETWEEN 5855834 AND 5855843
	Aggregate  (cost=37.08..37.09 rows=1 width=8)
	  ->  Index Scan using sbtest1_pkey on sbtest1  (cost=0.43..37.06 rows=9 width=4)
	        Index Cond: ((id >= 5855834) AND (id <= 5855843))

table 2 : explain SELECT SUM(k) FROM sbtest2 WHERE id BETWEEN 7964904 AND 7964913
	Aggregate  (cost=37.03..37.04 rows=1 width=8)
	  ->  Index Scan using sbtest2_pkey on sbtest2  (cost=0.43..37.01 rows=9 width=4)
	        Index Cond: ((id >= 7964904) AND (id <= 7964913))

table 3 : explain SELECT SUM(k) FROM sbtest3 WHERE id BETWEEN 1075711 AND 1075720
	Aggregate  (cost=44.06..44.07 rows=1 width=8)
	  ->  Index Scan using sbtest3_pkey on sbtest3  (cost=0.43..44.03 rows=11 width=4)
	        Index Cond: ((id >= 1075711) AND (id <= 1075720))

table 4 : explain SELECT SUM(k) FROM sbtest4 WHERE id BETWEEN 1294176 AND 1294185
	Aggregate  (cost=40.29..40.30 rows=1 width=8)
	  ->  Index Scan using sbtest4_pkey on sbtest4  (cost=0.43..40.27 rows=10 width=4)
	        Index Cond: ((id >= 1294176) AND (id <= 1294185))

table 5 : explain SELECT SUM(k) FROM sbtest5 WHERE id BETWEEN 8390049 AND 8390058
	Aggregate  (cost=40.64..40.65 rows=1 width=8)
	  ->  Index Scan using sbtest5_pkey on sbtest5  (cost=0.43..40.62 rows=10 width=4)
	        Index Cond: ((id >= 8390049) AND (id <= 8390058))

table 6 : explain SELECT SUM(k) FROM sbtest6 WHERE id BETWEEN 1971529 AND 1971538
	Aggregate  (cost=36.86..36.87 rows=1 width=8)
	  ->  Index Scan using sbtest6_pkey on sbtest6  (cost=0.43..36.84 rows=9 width=4)
	        Index Cond: ((id >= 1971529) AND (id <= 1971538))

table 7 : explain SELECT SUM(k) FROM sbtest7 WHERE id BETWEEN 6142599 AND 6142608
	Aggregate  (cost=43.87..43.88 rows=1 width=8)
	  ->  Index Scan using sbtest7_pkey on sbtest7  (cost=0.43..43.84 rows=11 width=4)
	        Index Cond: ((id >= 6142599) AND (id <= 6142608))

table 8 : explain SELECT SUM(k) FROM sbtest8 WHERE id BETWEEN 9080105 AND 9080114
	Aggregate  (cost=40.37..40.38 rows=1 width=8)
	  ->  Index Scan using sbtest8_pkey on sbtest8  (cost=0.43..40.34 rows=10 width=4)
	        Index Cond: ((id >= 9080105) AND (id <= 9080114))

for: sum_ranges
table 1 : explain SELECT SUM(k) FROM sbtest1 WHERE id BETWEEN 8126088 AND 8126097
	Aggregate  (cost=37.08..37.09 rows=1 width=8)
	  ->  Index Scan using sbtest1_pkey on sbtest1  (cost=0.43..37.06 rows=9 width=4)
	        Index Cond: ((id >= 8126088) AND (id <= 8126097))

table 2 : explain SELECT SUM(k) FROM sbtest2 WHERE id BETWEEN 4781040 AND 4781049
	Aggregate  (cost=40.60..40.61 rows=1 width=8)
	  ->  Index Scan using sbtest2_pkey on sbtest2  (cost=0.43..40.58 rows=10 width=4)
	        Index Cond: ((id >= 4781040) AND (id <= 4781049))

table 3 : explain SELECT SUM(k) FROM sbtest3 WHERE id BETWEEN 3373183 AND 3373192
	Aggregate  (cost=44.06..44.07 rows=1 width=8)
	  ->  Index Scan using sbtest3_pkey on sbtest3  (cost=0.43..44.03 rows=11 width=4)
	        Index Cond: ((id >= 3373183) AND (id <= 3373192))

table 4 : explain SELECT SUM(k) FROM sbtest4 WHERE id BETWEEN 8494729 AND 8494738
	Aggregate  (cost=40.29..40.30 rows=1 width=8)
	  ->  Index Scan using sbtest4_pkey on sbtest4  (cost=0.43..40.27 rows=10 width=4)
	        Index Cond: ((id >= 8494729) AND (id <= 8494738))

table 5 : explain SELECT SUM(k) FROM sbtest5 WHERE id BETWEEN 9102260 AND 9102269
	Aggregate  (cost=40.64..40.65 rows=1 width=8)
	  ->  Index Scan using sbtest5_pkey on sbtest5  (cost=0.43..40.62 rows=10 width=4)
	        Index Cond: ((id >= 9102260) AND (id <= 9102269))

table 6 : explain SELECT SUM(k) FROM sbtest6 WHERE id BETWEEN 5809797 AND 5809806
	Aggregate  (cost=40.41..40.42 rows=1 width=8)
	  ->  Index Scan using sbtest6_pkey on sbtest6  (cost=0.43..40.39 rows=10 width=4)
	        Index Cond: ((id >= 5809797) AND (id <= 5809806))

table 7 : explain SELECT SUM(k) FROM sbtest7 WHERE id BETWEEN 7549724 AND 7549733
	Aggregate  (cost=40.33..40.34 rows=1 width=8)
	  ->  Index Scan using sbtest7_pkey on sbtest7  (cost=0.43..40.30 rows=10 width=4)
	        Index Cond: ((id >= 7549724) AND (id <= 7549733))

table 8 : explain SELECT SUM(k) FROM sbtest8 WHERE id BETWEEN 4634905 AND 4634914
	Aggregate  (cost=40.37..40.38 rows=1 width=8)
	  ->  Index Scan using sbtest8_pkey on sbtest8  (cost=0.43..40.34 rows=10 width=4)
	        Index Cond: ((id >= 4634905) AND (id <= 4634914))

for: sum_ranges
table 1 : explain SELECT SUM(k) FROM sbtest1 WHERE id BETWEEN 2637275 AND 2637284
	Aggregate  (cost=40.66..40.67 rows=1 width=8)
	  ->  Index Scan using sbtest1_pkey on sbtest1  (cost=0.43..40.63 rows=10 width=4)
	        Index Cond: ((id >= 2637275) AND (id <= 2637284))

table 2 : explain SELECT SUM(k) FROM sbtest2 WHERE id BETWEEN 3717609 AND 3717618
	Aggregate  (cost=40.60..40.61 rows=1 width=8)
	  ->  Index Scan using sbtest2_pkey on sbtest2  (cost=0.43..40.58 rows=10 width=4)
	        Index Cond: ((id >= 3717609) AND (id <= 3717618))

table 3 : explain SELECT SUM(k) FROM sbtest3 WHERE id BETWEEN 4164592 AND 4164601
	Aggregate  (cost=44.06..44.07 rows=1 width=8)
	  ->  Index Scan using sbtest3_pkey on sbtest3  (cost=0.43..44.03 rows=11 width=4)
	        Index Cond: ((id >= 4164592) AND (id <= 4164601))

table 4 : explain SELECT SUM(k) FROM sbtest4 WHERE id BETWEEN 1375827 AND 1375836
	Aggregate  (cost=40.29..40.30 rows=1 width=8)
	  ->  Index Scan using sbtest4_pkey on sbtest4  (cost=0.43..40.27 rows=10 width=4)
	        Index Cond: ((id >= 1375827) AND (id <= 1375836))

table 5 : explain SELECT SUM(k) FROM sbtest5 WHERE id BETWEEN 947999 AND 948008
	Aggregate  (cost=40.64..40.65 rows=1 width=8)
	  ->  Index Scan using sbtest5_pkey on sbtest5  (cost=0.43..40.62 rows=10 width=4)
	        Index Cond: ((id >= 947999) AND (id <= 948008))

table 6 : explain SELECT SUM(k) FROM sbtest6 WHERE id BETWEEN 1686462 AND 1686471
	Aggregate  (cost=36.86..36.87 rows=1 width=8)
	  ->  Index Scan using sbtest6_pkey on sbtest6  (cost=0.43..36.84 rows=9 width=4)
	        Index Cond: ((id >= 1686462) AND (id <= 1686471))

table 7 : explain SELECT SUM(k) FROM sbtest7 WHERE id BETWEEN 3996094 AND 3996103
	Aggregate  (cost=40.33..40.34 rows=1 width=8)
	  ->  Index Scan using sbtest7_pkey on sbtest7  (cost=0.43..40.30 rows=10 width=4)
	        Index Cond: ((id >= 3996094) AND (id <= 3996103))

table 8 : explain SELECT SUM(k) FROM sbtest8 WHERE id BETWEEN 2636991 AND 2637000
	Aggregate  (cost=40.37..40.38 rows=1 width=8)
	  ->  Index Scan using sbtest8_pkey on sbtest8  (cost=0.43..40.34 rows=10 width=4)
	        Index Cond: ((id >= 2636991) AND (id <= 2637000))

for point_selects
table 1 : explain SELECT c FROM sbtest1 WHERE id=2849071
	Index Scan using sbtest1_pkey on sbtest1  (cost=0.43..8.45 rows=1 width=121)
	  Index Cond: (id = 2849071)

table 2 : explain SELECT c FROM sbtest2 WHERE id=227144
	Index Scan using sbtest2_pkey on sbtest2  (cost=0.43..8.45 rows=1 width=121)
	  Index Cond: (id = 227144)

table 3 : explain SELECT c FROM sbtest3 WHERE id=3012434
	Index Scan using sbtest3_pkey on sbtest3  (cost=0.43..8.45 rows=1 width=121)
	  Index Cond: (id = 3012434)

table 4 : explain SELECT c FROM sbtest4 WHERE id=2308098
	Index Scan using sbtest4_pkey on sbtest4  (cost=0.43..8.45 rows=1 width=121)
	  Index Cond: (id = 2308098)

table 5 : explain SELECT c FROM sbtest5 WHERE id=2674360
	Index Scan using sbtest5_pkey on sbtest5  (cost=0.43..8.45 rows=1 width=121)
	  Index Cond: (id = 2674360)

table 6 : explain SELECT c FROM sbtest6 WHERE id=2239198
	Index Scan using sbtest6_pkey on sbtest6  (cost=0.43..8.45 rows=1 width=121)
	  Index Cond: (id = 2239198)

table 7 : explain SELECT c FROM sbtest7 WHERE id=3640590
	Index Scan using sbtest7_pkey on sbtest7  (cost=0.43..8.45 rows=1 width=121)
	  Index Cond: (id = 3640590)

table 8 : explain SELECT c FROM sbtest8 WHERE id=3733228
	Index Scan using sbtest8_pkey on sbtest8  (cost=0.43..8.45 rows=1 width=121)
	  Index Cond: (id = 3733228)

explain: for point_selects :: explain SELECT c FROM sbtest%u WHERE id=%u
for: simple_ranges
table 1 : explain SELECT c FROM sbtest1 WHERE id BETWEEN 1721267 AND 1721276
	Index Scan using sbtest1_pkey on sbtest1  (cost=0.43..44.21 rows=11 width=121)
	  Index Cond: ((id >= 1721267) AND (id <= 1721276))

table 2 : explain SELECT c FROM sbtest2 WHERE id BETWEEN 4144246 AND 4144255
	Index Scan using sbtest2_pkey on sbtest2  (cost=0.43..37.01 rows=9 width=121)
	  Index Cond: ((id >= 4144246) AND (id <= 4144255))

table 3 : explain SELECT c FROM sbtest3 WHERE id BETWEEN 9872184 AND 9872193
	Index Scan using sbtest3_pkey on sbtest3  (cost=0.43..40.48 rows=10 width=121)
	  Index Cond: ((id >= 9872184) AND (id <= 9872193))

table 4 : explain SELECT c FROM sbtest4 WHERE id BETWEEN 5259861 AND 5259870
	Index Scan using sbtest4_pkey on sbtest4  (cost=0.43..40.27 rows=10 width=121)
	  Index Cond: ((id >= 5259861) AND (id <= 5259870))

table 5 : explain SELECT c FROM sbtest5 WHERE id BETWEEN 4337386 AND 4337395
	Index Scan using sbtest5_pkey on sbtest5  (cost=0.43..40.62 rows=10 width=121)
	  Index Cond: ((id >= 4337386) AND (id <= 4337395))

table 6 : explain SELECT c FROM sbtest6 WHERE id BETWEEN 4962834 AND 4962843
	Index Scan using sbtest6_pkey on sbtest6  (cost=0.43..36.84 rows=9 width=121)
	  Index Cond: ((id >= 4962834) AND (id <= 4962843))

table 7 : explain SELECT c FROM sbtest7 WHERE id BETWEEN 5154834 AND 5154843
	Index Scan using sbtest7_pkey on sbtest7  (cost=0.43..40.30 rows=10 width=121)
	  Index Cond: ((id >= 5154834) AND (id <= 5154843))

table 8 : explain SELECT c FROM sbtest8 WHERE id BETWEEN 5476723 AND 5476732
	Index Scan using sbtest8_pkey on sbtest8  (cost=0.43..43.89 rows=11 width=121)
	  Index Cond: ((id >= 5476723) AND (id <= 5476732))

for: simple_ranges
table 1 : explain SELECT c FROM sbtest1 WHERE id BETWEEN 49158 AND 49167
	Index Scan using sbtest1_pkey on sbtest1  (cost=0.43..37.06 rows=9 width=121)
	  Index Cond: ((id >= 49158) AND (id <= 49167))

table 2 : explain SELECT c FROM sbtest2 WHERE id BETWEEN 432058 AND 432067
	Index Scan using sbtest2_pkey on sbtest2  (cost=0.43..40.58 rows=10 width=121)
	  Index Cond: ((id >= 432058) AND (id <= 432067))

table 3 : explain SELECT c FROM sbtest3 WHERE id BETWEEN 6981247 AND 6981256
	Index Scan using sbtest3_pkey on sbtest3  (cost=0.43..36.92 rows=9 width=121)
	  Index Cond: ((id >= 6981247) AND (id <= 6981256))

table 4 : explain SELECT c FROM sbtest4 WHERE id BETWEEN 5537443 AND 5537452
	Index Scan using sbtest4_pkey on sbtest4  (cost=0.43..40.27 rows=10 width=121)
	  Index Cond: ((id >= 5537443) AND (id <= 5537452))

table 5 : explain SELECT c FROM sbtest5 WHERE id BETWEEN 1637069 AND 1637078
	Index Scan using sbtest5_pkey on sbtest5  (cost=0.43..40.62 rows=10 width=121)
	  Index Cond: ((id >= 1637069) AND (id <= 1637078))

table 6 : explain SELECT c FROM sbtest6 WHERE id BETWEEN 4714223 AND 4714232
	Index Scan using sbtest6_pkey on sbtest6  (cost=0.43..40.39 rows=10 width=121)
	  Index Cond: ((id >= 4714223) AND (id <= 4714232))

table 7 : explain SELECT c FROM sbtest7 WHERE id BETWEEN 7635769 AND 7635778
	Index Scan using sbtest7_pkey on sbtest7  (cost=0.43..36.76 rows=9 width=121)
	  Index Cond: ((id >= 7635769) AND (id <= 7635778))

table 8 : explain SELECT c FROM sbtest8 WHERE id BETWEEN 9012421 AND 9012430
	Index Scan using sbtest8_pkey on sbtest8  (cost=0.43..40.34 rows=10 width=121)
	  Index Cond: ((id >= 9012421) AND (id <= 9012430))

for: simple_ranges
table 1 : explain SELECT c FROM sbtest1 WHERE id BETWEEN 3833389 AND 3833398
	Index Scan using sbtest1_pkey on sbtest1  (cost=0.43..40.63 rows=10 width=121)
	  Index Cond: ((id >= 3833389) AND (id <= 3833398))

table 2 : explain SELECT c FROM sbtest2 WHERE id BETWEEN 4152491 AND 4152500
	Index Scan using sbtest2_pkey on sbtest2  (cost=0.43..37.01 rows=9 width=121)
	  Index Cond: ((id >= 4152491) AND (id <= 4152500))

table 3 : explain SELECT c FROM sbtest3 WHERE id BETWEEN 7195138 AND 7195147
	Index Scan using sbtest3_pkey on sbtest3  (cost=0.43..40.48 rows=10 width=121)
	  Index Cond: ((id >= 7195138) AND (id <= 7195147))

table 4 : explain SELECT c FROM sbtest4 WHERE id BETWEEN 5506850 AND 5506859
	Index Scan using sbtest4_pkey on sbtest4  (cost=0.43..40.27 rows=10 width=121)
	  Index Cond: ((id >= 5506850) AND (id <= 5506859))

table 5 : explain SELECT c FROM sbtest5 WHERE id BETWEEN 5609401 AND 5609410
	Index Scan using sbtest5_pkey on sbtest5  (cost=0.43..40.62 rows=10 width=121)
	  Index Cond: ((id >= 5609401) AND (id <= 5609410))

table 6 : explain SELECT c FROM sbtest6 WHERE id BETWEEN 7040936 AND 7040945
	Index Scan using sbtest6_pkey on sbtest6  (cost=0.43..36.84 rows=9 width=121)
	  Index Cond: ((id >= 7040936) AND (id <= 7040945))

table 7 : explain SELECT c FROM sbtest7 WHERE id BETWEEN 9499982 AND 9499991
	Index Scan using sbtest7_pkey on sbtest7  (cost=0.43..40.30 rows=10 width=121)
	  Index Cond: ((id >= 9499982) AND (id <= 9499991))

table 8 : explain SELECT c FROM sbtest8 WHERE id BETWEEN 5569888 AND 5569897
	Index Scan using sbtest8_pkey on sbtest8  (cost=0.43..43.89 rows=11 width=121)
	  Index Cond: ((id >= 5569888) AND (id <= 5569897))

for: sum_ranges
table 1 : explain SELECT SUM(k) FROM sbtest1 WHERE id BETWEEN 9259330 AND 9259339
	Aggregate  (cost=44.23..44.24 rows=1 width=8)
	  ->  Index Scan using sbtest1_pkey on sbtest1  (cost=0.43..44.21 rows=11 width=4)
	        Index Cond: ((id >= 9259330) AND (id <= 9259339))

table 2 : explain SELECT SUM(k) FROM sbtest2 WHERE id BETWEEN 6205891 AND 6205900
	Aggregate  (cost=40.60..40.61 rows=1 width=8)
	  ->  Index Scan using sbtest2_pkey on sbtest2  (cost=0.43..40.58 rows=10 width=4)
	        Index Cond: ((id >= 6205891) AND (id <= 6205900))

table 3 : explain SELECT SUM(k) FROM sbtest3 WHERE id BETWEEN 9887811 AND 9887820
	Aggregate  (cost=40.50..40.51 rows=1 width=8)
	  ->  Index Scan using sbtest3_pkey on sbtest3  (cost=0.43..40.48 rows=10 width=4)
	        Index Cond: ((id >= 9887811) AND (id <= 9887820))

table 4 : explain SELECT SUM(k) FROM sbtest4 WHERE id BETWEEN 7112271 AND 7112280
	Aggregate  (cost=36.75..36.76 rows=1 width=8)
	  ->  Index Scan using sbtest4_pkey on sbtest4  (cost=0.43..36.73 rows=9 width=4)
	        Index Cond: ((id >= 7112271) AND (id <= 7112280))

table 5 : explain SELECT SUM(k) FROM sbtest5 WHERE id BETWEEN 5722888 AND 5722897
	Aggregate  (cost=40.64..40.65 rows=1 width=8)
	  ->  Index Scan using sbtest5_pkey on sbtest5  (cost=0.43..40.62 rows=10 width=4)
	        Index Cond: ((id >= 5722888) AND (id <= 5722897))

table 6 : explain SELECT SUM(k) FROM sbtest6 WHERE id BETWEEN 6948804 AND 6948813
	Aggregate  (cost=43.96..43.97 rows=1 width=8)
	  ->  Index Scan using sbtest6_pkey on sbtest6  (cost=0.43..43.94 rows=11 width=4)
	        Index Cond: ((id >= 6948804) AND (id <= 6948813))

table 7 : explain SELECT SUM(k) FROM sbtest7 WHERE id BETWEEN 2258135 AND 2258144
	Aggregate  (cost=40.33..40.34 rows=1 width=8)
	  ->  Index Scan using sbtest7_pkey on sbtest7  (cost=0.43..40.30 rows=10 width=4)
	        Index Cond: ((id >= 2258135) AND (id <= 2258144))

table 8 : explain SELECT SUM(k) FROM sbtest8 WHERE id BETWEEN 4863773 AND 4863782
	Aggregate  (cost=40.37..40.38 rows=1 width=8)
	  ->  Index Scan using sbtest8_pkey on sbtest8  (cost=0.43..40.34 rows=10 width=4)
	        Index Cond: ((id >= 4863773) AND (id <= 4863782))

for: simple_ranges
table 1 : explain SELECT c FROM sbtest1 WHERE id BETWEEN 6085115 AND 6085124
	Index Scan using sbtest1_pkey on sbtest1  (cost=0.43..44.21 rows=11 width=121)
	  Index Cond: ((id >= 6085115) AND (id <= 6085124))

table 2 : explain SELECT c FROM sbtest2 WHERE id BETWEEN 8808857 AND 8808866
	Index Scan using sbtest2_pkey on sbtest2  (cost=0.43..40.58 rows=10 width=121)
	  Index Cond: ((id >= 8808857) AND (id <= 8808866))

table 3 : explain SELECT c FROM sbtest3 WHERE id BETWEEN 7238124 AND 7238133
	Index Scan using sbtest3_pkey on sbtest3  (cost=0.43..40.48 rows=10 width=121)
	  Index Cond: ((id >= 7238124) AND (id <= 7238133))

table 4 : explain SELECT c FROM sbtest4 WHERE id BETWEEN 3002804 AND 3002813
	Index Scan using sbtest4_pkey on sbtest4  (cost=0.43..36.73 rows=9 width=121)
	  Index Cond: ((id >= 3002804) AND (id <= 3002813))

table 5 : explain SELECT c FROM sbtest5 WHERE id BETWEEN 2382041 AND 2382050
	Index Scan using sbtest5_pkey on sbtest5  (cost=0.43..40.62 rows=10 width=121)
	  Index Cond: ((id >= 2382041) AND (id <= 2382050))

table 6 : explain SELECT c FROM sbtest6 WHERE id BETWEEN 2050020 AND 2050029
	Index Scan using sbtest6_pkey on sbtest6  (cost=0.43..43.94 rows=11 width=121)
	  Index Cond: ((id >= 2050020) AND (id <= 2050029))

table 7 : explain SELECT c FROM sbtest7 WHERE id BETWEEN 3955859 AND 3955868
	Index Scan using sbtest7_pkey on sbtest7  (cost=0.43..40.30 rows=10 width=121)
	  Index Cond: ((id >= 3955859) AND (id <= 3955868))

table 8 : explain SELECT c FROM sbtest8 WHERE id BETWEEN 3061262 AND 3061271
	Index Scan using sbtest8_pkey on sbtest8  (cost=0.43..40.34 rows=10 width=121)
	  Index Cond: ((id >= 3061262) AND (id <= 3061271))

for: sum_ranges
table 1 : explain SELECT SUM(k) FROM sbtest1 WHERE id BETWEEN 4602532 AND 4602541
	Aggregate  (cost=40.66..40.67 rows=1 width=8)
	  ->  Index Scan using sbtest1_pkey on sbtest1  (cost=0.43..40.63 rows=10 width=4)
	        Index Cond: ((id >= 4602532) AND (id <= 4602541))

table 2 : explain SELECT SUM(k) FROM sbtest2 WHERE id BETWEEN 25498 AND 25507
	Aggregate  (cost=40.60..40.61 rows=1 width=8)
	  ->  Index Scan using sbtest2_pkey on sbtest2  (cost=0.43..40.58 rows=10 width=4)
	        Index Cond: ((id >= 25498) AND (id <= 25507))

table 3 : explain SELECT SUM(k) FROM sbtest3 WHERE id BETWEEN 3100357 AND 3100366
	Aggregate  (cost=40.50..40.51 rows=1 width=8)
	  ->  Index Scan using sbtest3_pkey on sbtest3  (cost=0.43..40.48 rows=10 width=4)
	        Index Cond: ((id >= 3100357) AND (id <= 3100366))

table 4 : explain SELECT SUM(k) FROM sbtest4 WHERE id BETWEEN 2898035 AND 2898044
	Aggregate  (cost=43.83..43.84 rows=1 width=8)
	  ->  Index Scan using sbtest4_pkey on sbtest4  (cost=0.43..43.80 rows=11 width=4)
	        Index Cond: ((id >= 2898035) AND (id <= 2898044))

table 5 : explain SELECT SUM(k) FROM sbtest5 WHERE id BETWEEN 3587198 AND 3587207
	Aggregate  (cost=40.64..40.65 rows=1 width=8)
	  ->  Index Scan using sbtest5_pkey on sbtest5  (cost=0.43..40.62 rows=10 width=4)
	        Index Cond: ((id >= 3587198) AND (id <= 3587207))

table 6 : explain SELECT SUM(k) FROM sbtest6 WHERE id BETWEEN 2124635 AND 2124644
	Aggregate  (cost=40.41..40.42 rows=1 width=8)
	  ->  Index Scan using sbtest6_pkey on sbtest6  (cost=0.43..40.39 rows=10 width=4)
	        Index Cond: ((id >= 2124635) AND (id <= 2124644))

table 7 : explain SELECT SUM(k) FROM sbtest7 WHERE id BETWEEN 3273579 AND 3273588
	Aggregate  (cost=36.79..36.80 rows=1 width=8)
	  ->  Index Scan using sbtest7_pkey on sbtest7  (cost=0.43..36.76 rows=9 width=4)
	        Index Cond: ((id >= 3273579) AND (id <= 3273588))

table 8 : explain SELECT SUM(k) FROM sbtest8 WHERE id BETWEEN 1325823 AND 1325832
	Aggregate  (cost=40.37..40.38 rows=1 width=8)
	  ->  Index Scan using sbtest8_pkey on sbtest8  (cost=0.43..40.34 rows=10 width=4)
	        Index Cond: ((id >= 1325823) AND (id <= 1325832))

for: order_ranges
table 1 : explain SELECT c FROM sbtest1 WHERE id BETWEEN 6543659 AND 6543668 ORDER BY c
	Sort  (cost=37.20..37.22 rows=9 width=121)
	  Sort Key: c
	  ->  Index Scan using sbtest1_pkey on sbtest1  (cost=0.43..37.06 rows=9 width=121)
	        Index Cond: ((id >= 6543659) AND (id <= 6543668))

table 2 : explain SELECT c FROM sbtest2 WHERE id BETWEEN 7497864 AND 7497873 ORDER BY c
	Sort  (cost=40.74..40.77 rows=10 width=121)
	  Sort Key: c
	  ->  Index Scan using sbtest2_pkey on sbtest2  (cost=0.43..40.58 rows=10 width=121)
	        Index Cond: ((id >= 7497864) AND (id <= 7497873))

table 3 : explain SELECT c FROM sbtest3 WHERE id BETWEEN 4103036 AND 4103045 ORDER BY c
	Sort  (cost=40.64..40.67 rows=10 width=121)
	  Sort Key: c
	  ->  Index Scan using sbtest3_pkey on sbtest3  (cost=0.43..40.48 rows=10 width=121)
	        Index Cond: ((id >= 4103036) AND (id <= 4103045))

table 4 : explain SELECT c FROM sbtest4 WHERE id BETWEEN 1779868 AND 1779877 ORDER BY c
	Sort  (cost=43.99..44.02 rows=11 width=121)
	  Sort Key: c
	  ->  Index Scan using sbtest4_pkey on sbtest4  (cost=0.43..43.80 rows=11 width=121)
	        Index Cond: ((id >= 1779868) AND (id <= 1779877))

table 5 : explain SELECT c FROM sbtest5 WHERE id BETWEEN 4313459 AND 4313468 ORDER BY c
	Sort  (cost=40.78..40.81 rows=10 width=121)
	  Sort Key: c
	  ->  Index Scan using sbtest5_pkey on sbtest5  (cost=0.43..40.62 rows=10 width=121)
	        Index Cond: ((id >= 4313459) AND (id <= 4313468))

table 6 : explain SELECT c FROM sbtest6 WHERE id BETWEEN 684976 AND 684985 ORDER BY c
	Sort  (cost=36.98..37.00 rows=9 width=121)
	  Sort Key: c
	  ->  Index Scan using sbtest6_pkey on sbtest6  (cost=0.43..36.84 rows=9 width=121)
	        Index Cond: ((id >= 684976) AND (id <= 684985))

table 7 : explain SELECT c FROM sbtest7 WHERE id BETWEEN 1639097 AND 1639106 ORDER BY c
	Sort  (cost=40.47..40.49 rows=10 width=121)
	  Sort Key: c
	  ->  Index Scan using sbtest7_pkey on sbtest7  (cost=0.43..40.30 rows=10 width=121)
	        Index Cond: ((id >= 1639097) AND (id <= 1639106))

table 8 : explain SELECT c FROM sbtest8 WHERE id BETWEEN 5247709 AND 5247718 ORDER BY c
	Sort  (cost=40.51..40.53 rows=10 width=121)
	  Sort Key: c
	  ->  Index Scan using sbtest8_pkey on sbtest8  (cost=0.43..40.34 rows=10 width=121)
	        Index Cond: ((id >= 5247709) AND (id <= 5247718))

for: sum_ranges
table 1 : explain SELECT SUM(k) FROM sbtest1 WHERE id BETWEEN 242836 AND 242845
	Aggregate  (cost=40.66..40.67 rows=1 width=8)
	  ->  Index Scan using sbtest1_pkey on sbtest1  (cost=0.43..40.63 rows=10 width=4)
	        Index Cond: ((id >= 242836) AND (id <= 242845))

table 2 : explain SELECT SUM(k) FROM sbtest2 WHERE id BETWEEN 6610719 AND 6610728
	Aggregate  (cost=40.60..40.61 rows=1 width=8)
	  ->  Index Scan using sbtest2_pkey on sbtest2  (cost=0.43..40.58 rows=10 width=4)
	        Index Cond: ((id >= 6610719) AND (id <= 6610728))

table 3 : explain SELECT SUM(k) FROM sbtest3 WHERE id BETWEEN 7319350 AND 7319359
	Aggregate  (cost=40.50..40.51 rows=1 width=8)
	  ->  Index Scan using sbtest3_pkey on sbtest3  (cost=0.43..40.48 rows=10 width=4)
	        Index Cond: ((id >= 7319350) AND (id <= 7319359))

table 4 : explain SELECT SUM(k) FROM sbtest4 WHERE id BETWEEN 4238476 AND 4238485
	Aggregate  (cost=40.29..40.30 rows=1 width=8)
	  ->  Index Scan using sbtest4_pkey on sbtest4  (cost=0.43..40.27 rows=10 width=4)
	        Index Cond: ((id >= 4238476) AND (id <= 4238485))

table 5 : explain SELECT SUM(k) FROM sbtest5 WHERE id BETWEEN 3319600 AND 3319609
	Aggregate  (cost=40.64..40.65 rows=1 width=8)
	  ->  Index Scan using sbtest5_pkey on sbtest5  (cost=0.43..40.62 rows=10 width=4)
	        Index Cond: ((id >= 3319600) AND (id <= 3319609))

table 6 : explain SELECT SUM(k) FROM sbtest6 WHERE id BETWEEN 2836221 AND 2836230
	Aggregate  (cost=40.41..40.42 rows=1 width=8)
	  ->  Index Scan using sbtest6_pkey on sbtest6  (cost=0.43..40.39 rows=10 width=4)
	        Index Cond: ((id >= 2836221) AND (id <= 2836230))

table 7 : explain SELECT SUM(k) FROM sbtest7 WHERE id BETWEEN 6122723 AND 6122732
	Aggregate  (cost=43.87..43.88 rows=1 width=8)
	  ->  Index Scan using sbtest7_pkey on sbtest7  (cost=0.43..43.84 rows=11 width=4)
	        Index Cond: ((id >= 6122723) AND (id <= 6122732))

table 8 : explain SELECT SUM(k) FROM sbtest8 WHERE id BETWEEN 6587846 AND 6587855
	Aggregate  (cost=40.37..40.38 rows=1 width=8)
	  ->  Index Scan using sbtest8_pkey on sbtest8  (cost=0.43..40.34 rows=10 width=4)
	        Index Cond: ((id >= 6587846) AND (id <= 6587855))

for: sum_ranges
table 1 : explain SELECT SUM(k) FROM sbtest1 WHERE id BETWEEN 8261081 AND 8261090
	Aggregate  (cost=40.66..40.67 rows=1 width=8)
	  ->  Index Scan using sbtest1_pkey on sbtest1  (cost=0.43..40.63 rows=10 width=4)
	        Index Cond: ((id >= 8261081) AND (id <= 8261090))

table 2 : explain SELECT SUM(k) FROM sbtest2 WHERE id BETWEEN 7895403 AND 7895412
	Aggregate  (cost=40.60..40.61 rows=1 width=8)
	  ->  Index Scan using sbtest2_pkey on sbtest2  (cost=0.43..40.58 rows=10 width=4)
	        Index Cond: ((id >= 7895403) AND (id <= 7895412))

table 3 : explain SELECT SUM(k) FROM sbtest3 WHERE id BETWEEN 4779574 AND 4779583
	Aggregate  (cost=36.94..36.95 rows=1 width=8)
	  ->  Index Scan using sbtest3_pkey on sbtest3  (cost=0.43..36.92 rows=9 width=4)
	        Index Cond: ((id >= 4779574) AND (id <= 4779583))

table 4 : explain SELECT SUM(k) FROM sbtest4 WHERE id BETWEEN 8739252 AND 8739261
	Aggregate  (cost=40.29..40.30 rows=1 width=8)
	  ->  Index Scan using sbtest4_pkey on sbtest4  (cost=0.43..40.27 rows=10 width=4)
	        Index Cond: ((id >= 8739252) AND (id <= 8739261))

table 5 : explain SELECT SUM(k) FROM sbtest5 WHERE id BETWEEN 235270 AND 235279
	Aggregate  (cost=40.64..40.65 rows=1 width=8)
	  ->  Index Scan using sbtest5_pkey on sbtest5  (cost=0.43..40.62 rows=10 width=4)
	        Index Cond: ((id >= 235270) AND (id <= 235279))

table 6 : explain SELECT SUM(k) FROM sbtest6 WHERE id BETWEEN 5243185 AND 5243194
	Aggregate  (cost=40.41..40.42 rows=1 width=8)
	  ->  Index Scan using sbtest6_pkey on sbtest6  (cost=0.43..40.39 rows=10 width=4)
	        Index Cond: ((id >= 5243185) AND (id <= 5243194))

table 7 : explain SELECT SUM(k) FROM sbtest7 WHERE id BETWEEN 3209061 AND 3209070
	Aggregate  (cost=36.79..36.80 rows=1 width=8)
	  ->  Index Scan using sbtest7_pkey on sbtest7  (cost=0.43..36.76 rows=9 width=4)
	        Index Cond: ((id >= 3209061) AND (id <= 3209070))

table 8 : explain SELECT SUM(k) FROM sbtest8 WHERE id BETWEEN 4915877 AND 4915886
	Aggregate  (cost=40.37..40.38 rows=1 width=8)
	  ->  Index Scan using sbtest8_pkey on sbtest8  (cost=0.43..40.34 rows=10 width=4)
	        Index Cond: ((id >= 4915877) AND (id <= 4915886))

for point_selects
table 1 : explain SELECT c FROM sbtest1 WHERE id=6254068
	Index Scan using sbtest1_pkey on sbtest1  (cost=0.43..8.45 rows=1 width=121)
	  Index Cond: (id = 6254068)

table 2 : explain SELECT c FROM sbtest2 WHERE id=3051804
	Index Scan using sbtest2_pkey on sbtest2  (cost=0.43..8.45 rows=1 width=121)
	  Index Cond: (id = 3051804)

table 3 : explain SELECT c FROM sbtest3 WHERE id=9849490
	Index Scan using sbtest3_pkey on sbtest3  (cost=0.43..8.45 rows=1 width=121)
	  Index Cond: (id = 9849490)

table 4 : explain SELECT c FROM sbtest4 WHERE id=1384813
	Index Scan using sbtest4_pkey on sbtest4  (cost=0.43..8.45 rows=1 width=121)
	  Index Cond: (id = 1384813)

table 5 : explain SELECT c FROM sbtest5 WHERE id=6420117
	Index Scan using sbtest5_pkey on sbtest5  (cost=0.43..8.45 rows=1 width=121)
	  Index Cond: (id = 6420117)

table 6 : explain SELECT c FROM sbtest6 WHERE id=7503777
	Index Scan using sbtest6_pkey on sbtest6  (cost=0.43..8.45 rows=1 width=121)
	  Index Cond: (id = 7503777)

table 7 : explain SELECT c FROM sbtest7 WHERE id=7583843
	Index Scan using sbtest7_pkey on sbtest7  (cost=0.43..8.45 rows=1 width=121)
	  Index Cond: (id = 7583843)

table 8 : explain SELECT c FROM sbtest8 WHERE id=2144573
	Index Scan using sbtest8_pkey on sbtest8  (cost=0.43..8.45 rows=1 width=121)
	  Index Cond: (id = 2144573)

for: order_ranges
table 1 : explain SELECT c FROM sbtest1 WHERE id BETWEEN 9097079 AND 9097088 ORDER BY c
	Sort  (cost=37.20..37.22 rows=9 width=121)
	  Sort Key: c
	  ->  Index Scan using sbtest1_pkey on sbtest1  (cost=0.43..37.06 rows=9 width=121)
	        Index Cond: ((id >= 9097079) AND (id <= 9097088))

table 2 : explain SELECT c FROM sbtest2 WHERE id BETWEEN 5305316 AND 5305325 ORDER BY c
	Sort  (cost=40.74..40.77 rows=10 width=121)
	  Sort Key: c
	  ->  Index Scan using sbtest2_pkey on sbtest2  (cost=0.43..40.58 rows=10 width=121)
	        Index Cond: ((id >= 5305316) AND (id <= 5305325))

table 3 : explain SELECT c FROM sbtest3 WHERE id BETWEEN 8413388 AND 8413397 ORDER BY c
	Sort  (cost=44.22..44.25 rows=11 width=121)
	  Sort Key: c
	  ->  Index Scan using sbtest3_pkey on sbtest3  (cost=0.43..44.03 rows=11 width=121)
	        Index Cond: ((id >= 8413388) AND (id <= 8413397))

table 4 : explain SELECT c FROM sbtest4 WHERE id BETWEEN 4795779 AND 4795788 ORDER BY c
	Sort  (cost=40.43..40.46 rows=10 width=121)
	  Sort Key: c
	  ->  Index Scan using sbtest4_pkey on sbtest4  (cost=0.43..40.27 rows=10 width=121)
	        Index Cond: ((id >= 4795779) AND (id <= 4795788))

table 5 : explain SELECT c FROM sbtest5 WHERE id BETWEEN 6491323 AND 6491332 ORDER BY c
	Sort  (cost=40.78..40.81 rows=10 width=121)
	  Sort Key: c
	  ->  Index Scan using sbtest5_pkey on sbtest5  (cost=0.43..40.62 rows=10 width=121)
	        Index Cond: ((id >= 6491323) AND (id <= 6491332))

table 6 : explain SELECT c FROM sbtest6 WHERE id BETWEEN 7169734 AND 7169743 ORDER BY c
	Sort  (cost=36.98..37.00 rows=9 width=121)
	  Sort Key: c
	  ->  Index Scan using sbtest6_pkey on sbtest6  (cost=0.43..36.84 rows=9 width=121)
	        Index Cond: ((id >= 7169734) AND (id <= 7169743))

table 7 : explain SELECT c FROM sbtest7 WHERE id BETWEEN 225890 AND 225899 ORDER BY c
	Sort  (cost=40.47..40.49 rows=10 width=121)
	  Sort Key: c
	  ->  Index Scan using sbtest7_pkey on sbtest7  (cost=0.43..40.30 rows=10 width=121)
	        Index Cond: ((id >= 225890) AND (id <= 225899))

table 8 : explain SELECT c FROM sbtest8 WHERE id BETWEEN 3910249 AND 3910258 ORDER BY c
	Sort  (cost=36.94..36.96 rows=9 width=121)
	  Sort Key: c
	  ->  Index Scan using sbtest8_pkey on sbtest8  (cost=0.43..36.80 rows=9 width=121)
	        Index Cond: ((id >= 3910249) AND (id <= 3910258))

for: order_ranges
table 1 : explain SELECT c FROM sbtest1 WHERE id BETWEEN 4362040 AND 4362049 ORDER BY c
	Sort  (cost=44.40..44.43 rows=11 width=121)
	  Sort Key: c
	  ->  Index Scan using sbtest1_pkey on sbtest1  (cost=0.43..44.21 rows=11 width=121)
	        Index Cond: ((id >= 4362040) AND (id <= 4362049))

table 2 : explain SELECT c FROM sbtest2 WHERE id BETWEEN 3276926 AND 3276935 ORDER BY c
	Sort  (cost=37.15..37.17 rows=9 width=121)
	  Sort Key: c
	  ->  Index Scan using sbtest2_pkey on sbtest2  (cost=0.43..37.01 rows=9 width=121)
	        Index Cond: ((id >= 3276926) AND (id <= 3276935))

table 3 : explain SELECT c FROM sbtest3 WHERE id BETWEEN 3547792 AND 3547801 ORDER BY c
	Sort  (cost=40.64..40.67 rows=10 width=121)
	  Sort Key: c
	  ->  Index Scan using sbtest3_pkey on sbtest3  (cost=0.43..40.48 rows=10 width=121)
	        Index Cond: ((id >= 3547792) AND (id <= 3547801))

table 4 : explain SELECT c FROM sbtest4 WHERE id BETWEEN 1633460 AND 1633469 ORDER BY c
	Sort  (cost=36.87..36.90 rows=9 width=121)
	  Sort Key: c
	  ->  Index Scan using sbtest4_pkey on sbtest4  (cost=0.43..36.73 rows=9 width=121)
	        Index Cond: ((id >= 1633460) AND (id <= 1633469))

table 5 : explain SELECT c FROM sbtest5 WHERE id BETWEEN 9043321 AND 9043330 ORDER BY c
	Sort  (cost=40.78..40.81 rows=10 width=121)
	  Sort Key: c
	  ->  Index Scan using sbtest5_pkey on sbtest5  (cost=0.43..40.62 rows=10 width=121)
	        Index Cond: ((id >= 9043321) AND (id <= 9043330))

table 6 : explain SELECT c FROM sbtest6 WHERE id BETWEEN 6689183 AND 6689192 ORDER BY c
	Sort  (cost=40.55..40.58 rows=10 width=121)
	  Sort Key: c
	  ->  Index Scan using sbtest6_pkey on sbtest6  (cost=0.43..40.39 rows=10 width=121)
	        Index Cond: ((id >= 6689183) AND (id <= 6689192))

table 7 : explain SELECT c FROM sbtest7 WHERE id BETWEEN 9904460 AND 9904469 ORDER BY c
	Sort  (cost=40.47..40.49 rows=10 width=121)
	  Sort Key: c
	  ->  Index Scan using sbtest7_pkey on sbtest7  (cost=0.43..40.30 rows=10 width=121)
	        Index Cond: ((id >= 9904460) AND (id <= 9904469))

table 8 : explain SELECT c FROM sbtest8 WHERE id BETWEEN 1908356 AND 1908365 ORDER BY c
	Sort  (cost=40.51..40.53 rows=10 width=121)
	  Sort Key: c
	  ->  Index Scan using sbtest8_pkey on sbtest8  (cost=0.43..40.34 rows=10 width=121)
	        Index Cond: ((id >= 1908356) AND (id <= 1908365))

for: simple_ranges
table 1 : explain SELECT c FROM sbtest1 WHERE id BETWEEN 8091464 AND 8091473
	Index Scan using sbtest1_pkey on sbtest1  (cost=0.43..37.06 rows=9 width=121)
	  Index Cond: ((id >= 8091464) AND (id <= 8091473))

table 2 : explain SELECT c FROM sbtest2 WHERE id BETWEEN 7124730 AND 7124739
	Index Scan using sbtest2_pkey on sbtest2  (cost=0.43..40.58 rows=10 width=121)
	  Index Cond: ((id >= 7124730) AND (id <= 7124739))

table 3 : explain SELECT c FROM sbtest3 WHERE id BETWEEN 1160062 AND 1160071
	Index Scan using sbtest3_pkey on sbtest3  (cost=0.43..36.92 rows=9 width=121)
	  Index Cond: ((id >= 1160062) AND (id <= 1160071))

table 4 : explain SELECT c FROM sbtest4 WHERE id BETWEEN 541076 AND 541085
	Index Scan using sbtest4_pkey on sbtest4  (cost=0.43..40.27 rows=10 width=121)
	  Index Cond: ((id >= 541076) AND (id <= 541085))

table 5 : explain SELECT c FROM sbtest5 WHERE id BETWEEN 4003332 AND 4003341
	Index Scan using sbtest5_pkey on sbtest5  (cost=0.43..40.62 rows=10 width=121)
	  Index Cond: ((id >= 4003332) AND (id <= 4003341))

table 6 : explain SELECT c FROM sbtest6 WHERE id BETWEEN 3687969 AND 3687978
	Index Scan using sbtest6_pkey on sbtest6  (cost=0.43..40.39 rows=10 width=121)
	  Index Cond: ((id >= 3687969) AND (id <= 3687978))

table 7 : explain SELECT c FROM sbtest7 WHERE id BETWEEN 1060777 AND 1060786
	Index Scan using sbtest7_pkey on sbtest7  (cost=0.43..40.30 rows=10 width=121)
	  Index Cond: ((id >= 1060777) AND (id <= 1060786))

table 8 : explain SELECT c FROM sbtest8 WHERE id BETWEEN 2893960 AND 2893969
	Index Scan using sbtest8_pkey on sbtest8  (cost=0.43..40.34 rows=10 width=121)
	  Index Cond: ((id >= 2893960) AND (id <= 2893969))

for: sum_ranges
table 1 : explain SELECT SUM(k) FROM sbtest1 WHERE id BETWEEN 4455832 AND 4455841
	Aggregate  (cost=44.23..44.24 rows=1 width=8)
	  ->  Index Scan using sbtest1_pkey on sbtest1  (cost=0.43..44.21 rows=11 width=4)
	        Index Cond: ((id >= 4455832) AND (id <= 4455841))

table 2 : explain SELECT SUM(k) FROM sbtest2 WHERE id BETWEEN 6688160 AND 6688169
	Aggregate  (cost=44.17..44.18 rows=1 width=8)
	  ->  Index Scan using sbtest2_pkey on sbtest2  (cost=0.43..44.15 rows=11 width=4)
	        Index Cond: ((id >= 6688160) AND (id <= 6688169))

table 3 : explain SELECT SUM(k) FROM sbtest3 WHERE id BETWEEN 4892699 AND 4892708
	Aggregate  (cost=40.50..40.51 rows=1 width=8)
	  ->  Index Scan using sbtest3_pkey on sbtest3  (cost=0.43..40.48 rows=10 width=4)
	        Index Cond: ((id >= 4892699) AND (id <= 4892708))

table 4 : explain SELECT SUM(k) FROM sbtest4 WHERE id BETWEEN 5594569 AND 5594578
	Aggregate  (cost=36.75..36.76 rows=1 width=8)
	  ->  Index Scan using sbtest4_pkey on sbtest4  (cost=0.43..36.73 rows=9 width=4)
	        Index Cond: ((id >= 5594569) AND (id <= 5594578))

table 5 : explain SELECT SUM(k) FROM sbtest5 WHERE id BETWEEN 7720992 AND 7721001
	Aggregate  (cost=40.64..40.65 rows=1 width=8)
	  ->  Index Scan using sbtest5_pkey on sbtest5  (cost=0.43..40.62 rows=10 width=4)
	        Index Cond: ((id >= 7720992) AND (id <= 7721001))

table 6 : explain SELECT SUM(k) FROM sbtest6 WHERE id BETWEEN 4313337 AND 4313346
	Aggregate  (cost=43.96..43.97 rows=1 width=8)
	  ->  Index Scan using sbtest6_pkey on sbtest6  (cost=0.43..43.94 rows=11 width=4)
	        Index Cond: ((id >= 4313337) AND (id <= 4313346))

table 7 : explain SELECT SUM(k) FROM sbtest7 WHERE id BETWEEN 6774354 AND 6774363
	Aggregate  (cost=40.33..40.34 rows=1 width=8)
	  ->  Index Scan using sbtest7_pkey on sbtest7  (cost=0.43..40.30 rows=10 width=4)
	        Index Cond: ((id >= 6774354) AND (id <= 6774363))

table 8 : explain SELECT SUM(k) FROM sbtest8 WHERE id BETWEEN 5230221 AND 5230230
	Aggregate  (cost=40.37..40.38 rows=1 width=8)
	  ->  Index Scan using sbtest8_pkey on sbtest8  (cost=0.43..40.34 rows=10 width=4)
	        Index Cond: ((id >= 5230221) AND (id <= 5230230))

for: order_ranges
table 1 : explain SELECT c FROM sbtest1 WHERE id BETWEEN 7748025 AND 7748034 ORDER BY c
	Sort  (cost=40.80..40.82 rows=10 width=121)
	  Sort Key: c
	  ->  Index Scan using sbtest1_pkey on sbtest1  (cost=0.43..40.63 rows=10 width=121)
	        Index Cond: ((id >= 7748025) AND (id <= 7748034))

table 2 : explain SELECT c FROM sbtest2 WHERE id BETWEEN 4742674 AND 4742683 ORDER BY c
	Sort  (cost=40.74..40.77 rows=10 width=121)
	  Sort Key: c
	  ->  Index Scan using sbtest2_pkey on sbtest2  (cost=0.43..40.58 rows=10 width=121)
	        Index Cond: ((id >= 4742674) AND (id <= 4742683))

table 3 : explain SELECT c FROM sbtest3 WHERE id BETWEEN 5831425 AND 5831434 ORDER BY c
	Sort  (cost=40.64..40.67 rows=10 width=121)
	  Sort Key: c
	  ->  Index Scan using sbtest3_pkey on sbtest3  (cost=0.43..40.48 rows=10 width=121)
	        Index Cond: ((id >= 5831425) AND (id <= 5831434))

table 4 : explain SELECT c FROM sbtest4 WHERE id BETWEEN 2820096 AND 2820105 ORDER BY c
	Sort  (cost=36.87..36.90 rows=9 width=121)
	  Sort Key: c
	  ->  Index Scan using sbtest4_pkey on sbtest4  (cost=0.43..36.73 rows=9 width=121)
	        Index Cond: ((id >= 2820096) AND (id <= 2820105))

table 5 : explain SELECT c FROM sbtest5 WHERE id BETWEEN 2263630 AND 2263639 ORDER BY c
	Sort  (cost=40.78..40.81 rows=10 width=121)
	  Sort Key: c
	  ->  Index Scan using sbtest5_pkey on sbtest5  (cost=0.43..40.62 rows=10 width=121)
	        Index Cond: ((id >= 2263630) AND (id <= 2263639))

table 6 : explain SELECT c FROM sbtest6 WHERE id BETWEEN 6235314 AND 6235323 ORDER BY c
	Sort  (cost=40.55..40.58 rows=10 width=121)
	  Sort Key: c
	  ->  Index Scan using sbtest6_pkey on sbtest6  (cost=0.43..40.39 rows=10 width=121)
	        Index Cond: ((id >= 6235314) AND (id <= 6235323))

table 7 : explain SELECT c FROM sbtest7 WHERE id BETWEEN 3215477 AND 3215486 ORDER BY c
	Sort  (cost=36.91..36.93 rows=9 width=121)
	  Sort Key: c
	  ->  Index Scan using sbtest7_pkey on sbtest7  (cost=0.43..36.76 rows=9 width=121)
	        Index Cond: ((id >= 3215477) AND (id <= 3215486))

table 8 : explain SELECT c FROM sbtest8 WHERE id BETWEEN 2298459 AND 2298468 ORDER BY c
	Sort  (cost=36.94..36.96 rows=9 width=121)
	  Sort Key: c
	  ->  Index Scan using sbtest8_pkey on sbtest8  (cost=0.43..36.80 rows=9 width=121)
	        Index Cond: ((id >= 2298459) AND (id <= 2298468))

for: order_ranges
table 1 : explain SELECT c FROM sbtest1 WHERE id BETWEEN 5727483 AND 5727492 ORDER BY c
	Sort  (cost=40.80..40.82 rows=10 width=121)
	  Sort Key: c
	  ->  Index Scan using sbtest1_pkey on sbtest1  (cost=0.43..40.63 rows=10 width=121)
	        Index Cond: ((id >= 5727483) AND (id <= 5727492))

table 2 : explain SELECT c FROM sbtest2 WHERE id BETWEEN 8673033 AND 8673042 ORDER BY c
	Sort  (cost=44.34..44.36 rows=11 width=121)
	  Sort Key: c
	  ->  Index Scan using sbtest2_pkey on sbtest2  (cost=0.43..44.15 rows=11 width=121)
	        Index Cond: ((id >= 8673033) AND (id <= 8673042))

table 3 : explain SELECT c FROM sbtest3 WHERE id BETWEEN 4338603 AND 4338612 ORDER BY c
	Sort  (cost=44.22..44.25 rows=11 width=121)
	  Sort Key: c
	  ->  Index Scan using sbtest3_pkey on sbtest3  (cost=0.43..44.03 rows=11 width=121)
	        Index Cond: ((id >= 4338603) AND (id <= 4338612))

table 4 : explain SELECT c FROM sbtest4 WHERE id BETWEEN 9324845 AND 9324854 ORDER BY c
	Sort  (cost=36.87..36.90 rows=9 width=121)
	  Sort Key: c
	  ->  Index Scan using sbtest4_pkey on sbtest4  (cost=0.43..36.73 rows=9 width=121)
	        Index Cond: ((id >= 9324845) AND (id <= 9324854))

table 5 : explain SELECT c FROM sbtest5 WHERE id BETWEEN 2249723 AND 2249732 ORDER BY c
	Sort  (cost=40.78..40.81 rows=10 width=121)
	  Sort Key: c
	  ->  Index Scan using sbtest5_pkey on sbtest5  (cost=0.43..40.62 rows=10 width=121)
	        Index Cond: ((id >= 2249723) AND (id <= 2249732))

table 6 : explain SELECT c FROM sbtest6 WHERE id BETWEEN 4669001 AND 4669010 ORDER BY c
	Sort  (cost=40.55..40.58 rows=10 width=121)
	  Sort Key: c
	  ->  Index Scan using sbtest6_pkey on sbtest6  (cost=0.43..40.39 rows=10 width=121)
	        Index Cond: ((id >= 4669001) AND (id <= 4669010))

table 7 : explain SELECT c FROM sbtest7 WHERE id BETWEEN 501014 AND 501023 ORDER BY c
	Sort  (cost=40.47..40.49 rows=10 width=121)
	  Sort Key: c
	  ->  Index Scan using sbtest7_pkey on sbtest7  (cost=0.43..40.30 rows=10 width=121)
	        Index Cond: ((id >= 501014) AND (id <= 501023))

table 8 : explain SELECT c FROM sbtest8 WHERE id BETWEEN 9676329 AND 9676338 ORDER BY c
	Sort  (cost=40.51..40.53 rows=10 width=121)
	  Sort Key: c
	  ->  Index Scan using sbtest8_pkey on sbtest8  (cost=0.43..40.34 rows=10 width=121)
	        Index Cond: ((id >= 9676329) AND (id <= 9676338))

explain: for point_selects :: explain SELECT c FROM sbtest%u WHERE id=%u
for: sum_ranges
table 1 : explain SELECT SUM(k) FROM sbtest1 WHERE id BETWEEN 4136530 AND 4136539
	Aggregate  (cost=44.23..44.24 rows=1 width=8)
	  ->  Index Scan using sbtest1_pkey on sbtest1  (cost=0.43..44.21 rows=11 width=4)
	        Index Cond: ((id >= 4136530) AND (id <= 4136539))

table 2 : explain SELECT SUM(k) FROM sbtest2 WHERE id BETWEEN 4825881 AND 4825890
	Aggregate  (cost=40.60..40.61 rows=1 width=8)
	  ->  Index Scan using sbtest2_pkey on sbtest2  (cost=0.43..40.58 rows=10 width=4)
	        Index Cond: ((id >= 4825881) AND (id <= 4825890))

table 3 : explain SELECT SUM(k) FROM sbtest3 WHERE id BETWEEN 9846281 AND 9846290
	Aggregate  (cost=40.50..40.51 rows=1 width=8)
	  ->  Index Scan using sbtest3_pkey on sbtest3  (cost=0.43..40.48 rows=10 width=4)
	        Index Cond: ((id >= 9846281) AND (id <= 9846290))

table 4 : explain SELECT SUM(k) FROM sbtest4 WHERE id BETWEEN 8669561 AND 8669570
	Aggregate  (cost=43.83..43.84 rows=1 width=8)
	  ->  Index Scan using sbtest4_pkey on sbtest4  (cost=0.43..43.80 rows=11 width=4)
	        Index Cond: ((id >= 8669561) AND (id <= 8669570))

table 5 : explain SELECT SUM(k) FROM sbtest5 WHERE id BETWEEN 2707289 AND 2707298
	Aggregate  (cost=40.64..40.65 rows=1 width=8)
	  ->  Index Scan using sbtest5_pkey on sbtest5  (cost=0.43..40.62 rows=10 width=4)
	        Index Cond: ((id >= 2707289) AND (id <= 2707298))

table 6 : explain SELECT SUM(k) FROM sbtest6 WHERE id BETWEEN 4561333 AND 4561342
	Aggregate  (cost=40.41..40.42 rows=1 width=8)
	  ->  Index Scan using sbtest6_pkey on sbtest6  (cost=0.43..40.39 rows=10 width=4)
	        Index Cond: ((id >= 4561333) AND (id <= 4561342))

table 7 : explain SELECT SUM(k) FROM sbtest7 WHERE id BETWEEN 1819741 AND 1819750
	Aggregate  (cost=36.79..36.80 rows=1 width=8)
	  ->  Index Scan using sbtest7_pkey on sbtest7  (cost=0.43..36.76 rows=9 width=4)
	        Index Cond: ((id >= 1819741) AND (id <= 1819750))

table 8 : explain SELECT SUM(k) FROM sbtest8 WHERE id BETWEEN 9797343 AND 9797352
	Aggregate  (cost=40.37..40.38 rows=1 width=8)
	  ->  Index Scan using sbtest8_pkey on sbtest8  (cost=0.43..40.34 rows=10 width=4)
	        Index Cond: ((id >= 9797343) AND (id <= 9797352))

for: order_ranges
table 1 : explain SELECT c FROM sbtest1 WHERE id BETWEEN 5694949 AND 5694958 ORDER BY c
	Sort  (cost=40.80..40.82 rows=10 width=121)
	  Sort Key: c
	  ->  Index Scan using sbtest1_pkey on sbtest1  (cost=0.43..40.63 rows=10 width=121)
	        Index Cond: ((id >= 5694949) AND (id <= 5694958))

table 2 : explain SELECT c FROM sbtest2 WHERE id BETWEEN 8414190 AND 8414199 ORDER BY c
	Sort  (cost=40.74..40.77 rows=10 width=121)
	  Sort Key: c
	  ->  Index Scan using sbtest2_pkey on sbtest2  (cost=0.43..40.58 rows=10 width=121)
	        Index Cond: ((id >= 8414190) AND (id <= 8414199))

table 3 : explain SELECT c FROM sbtest3 WHERE id BETWEEN 8007789 AND 8007798 ORDER BY c
	Sort  (cost=40.64..40.67 rows=10 width=121)
	  Sort Key: c
	  ->  Index Scan using sbtest3_pkey on sbtest3  (cost=0.43..40.48 rows=10 width=121)
	        Index Cond: ((id >= 8007789) AND (id <= 8007798))

table 4 : explain SELECT c FROM sbtest4 WHERE id BETWEEN 187047 AND 187056 ORDER BY c
	Sort  (cost=40.43..40.46 rows=10 width=121)
	  Sort Key: c
	  ->  Index Scan using sbtest4_pkey on sbtest4  (cost=0.43..40.27 rows=10 width=121)
	        Index Cond: ((id >= 187047) AND (id <= 187056))

table 5 : explain SELECT c FROM sbtest5 WHERE id BETWEEN 1121756 AND 1121765 ORDER BY c
	Sort  (cost=40.78..40.81 rows=10 width=121)
	  Sort Key: c
	  ->  Index Scan using sbtest5_pkey on sbtest5  (cost=0.43..40.62 rows=10 width=121)
	        Index Cond: ((id >= 1121756) AND (id <= 1121765))

table 6 : explain SELECT c FROM sbtest6 WHERE id BETWEEN 8893291 AND 8893300 ORDER BY c
	Sort  (cost=36.98..37.00 rows=9 width=121)
	  Sort Key: c
	  ->  Index Scan using sbtest6_pkey on sbtest6  (cost=0.43..36.84 rows=9 width=121)
	        Index Cond: ((id >= 8893291) AND (id <= 8893300))

table 7 : explain SELECT c FROM sbtest7 WHERE id BETWEEN 3008736 AND 3008745 ORDER BY c
	Sort  (cost=40.47..40.49 rows=10 width=121)
	  Sort Key: c
	  ->  Index Scan using sbtest7_pkey on sbtest7  (cost=0.43..40.30 rows=10 width=121)
	        Index Cond: ((id >= 3008736) AND (id <= 3008745))

table 8 : explain SELECT c FROM sbtest8 WHERE id BETWEEN 5167187 AND 5167196 ORDER BY c
	Sort  (cost=40.51..40.53 rows=10 width=121)
	  Sort Key: c
	  ->  Index Scan using sbtest8_pkey on sbtest8  (cost=0.43..40.34 rows=10 width=121)
	        Index Cond: ((id >= 5167187) AND (id <= 5167196))

for: sum_ranges
table 1 : explain SELECT SUM(k) FROM sbtest1 WHERE id BETWEEN 336147 AND 336156
	Aggregate  (cost=40.66..40.67 rows=1 width=8)
	  ->  Index Scan using sbtest1_pkey on sbtest1  (cost=0.43..40.63 rows=10 width=4)
	        Index Cond: ((id >= 336147) AND (id <= 336156))

table 2 : explain SELECT SUM(k) FROM sbtest2 WHERE id BETWEEN 9446486 AND 9446495
	Aggregate  (cost=40.60..40.61 rows=1 width=8)
	  ->  Index Scan using sbtest2_pkey on sbtest2  (cost=0.43..40.58 rows=10 width=4)
	        Index Cond: ((id >= 9446486) AND (id <= 9446495))

table 3 : explain SELECT SUM(k) FROM sbtest3 WHERE id BETWEEN 5496370 AND 5496379
	Aggregate  (cost=36.94..36.95 rows=1 width=8)
	  ->  Index Scan using sbtest3_pkey on sbtest3  (cost=0.43..36.92 rows=9 width=4)
	        Index Cond: ((id >= 5496370) AND (id <= 5496379))

table 4 : explain SELECT SUM(k) FROM sbtest4 WHERE id BETWEEN 9282650 AND 9282659
	Aggregate  (cost=40.29..40.30 rows=1 width=8)
	  ->  Index Scan using sbtest4_pkey on sbtest4  (cost=0.43..40.27 rows=10 width=4)
	        Index Cond: ((id >= 9282650) AND (id <= 9282659))

table 5 : explain SELECT SUM(k) FROM sbtest5 WHERE id BETWEEN 1839405 AND 1839414
	Aggregate  (cost=40.64..40.65 rows=1 width=8)
	  ->  Index Scan using sbtest5_pkey on sbtest5  (cost=0.43..40.62 rows=10 width=4)
	        Index Cond: ((id >= 1839405) AND (id <= 1839414))

table 6 : explain SELECT SUM(k) FROM sbtest6 WHERE id BETWEEN 3045036 AND 3045045
	Aggregate  (cost=40.41..40.42 rows=1 width=8)
	  ->  Index Scan using sbtest6_pkey on sbtest6  (cost=0.43..40.39 rows=10 width=4)
	        Index Cond: ((id >= 3045036) AND (id <= 3045045))

table 7 : explain SELECT SUM(k) FROM sbtest7 WHERE id BETWEEN 2508821 AND 2508830
	Aggregate  (cost=43.87..43.88 rows=1 width=8)
	  ->  Index Scan using sbtest7_pkey on sbtest7  (cost=0.43..43.84 rows=11 width=4)
	        Index Cond: ((id >= 2508821) AND (id <= 2508830))

table 8 : explain SELECT SUM(k) FROM sbtest8 WHERE id BETWEEN 9341110 AND 9341119
	Aggregate  (cost=40.37..40.38 rows=1 width=8)
	  ->  Index Scan using sbtest8_pkey on sbtest8  (cost=0.43..40.34 rows=10 width=4)
	        Index Cond: ((id >= 9341110) AND (id <= 9341119))

for: order_ranges
table 1 : explain SELECT c FROM sbtest1 WHERE id BETWEEN 1910604 AND 1910613 ORDER BY c
	Sort  (cost=40.80..40.82 rows=10 width=121)
	  Sort Key: c
	  ->  Index Scan using sbtest1_pkey on sbtest1  (cost=0.43..40.63 rows=10 width=121)
	        Index Cond: ((id >= 1910604) AND (id <= 1910613))

table 2 : explain SELECT c FROM sbtest2 WHERE id BETWEEN 782493 AND 782502 ORDER BY c
	Sort  (cost=40.74..40.77 rows=10 width=121)
	  Sort Key: c
	  ->  Index Scan using sbtest2_pkey on sbtest2  (cost=0.43..40.58 rows=10 width=121)
	        Index Cond: ((id >= 782493) AND (id <= 782502))

table 3 : explain SELECT c FROM sbtest3 WHERE id BETWEEN 5961098 AND 5961107 ORDER BY c
	Sort  (cost=40.64..40.67 rows=10 width=121)
	  Sort Key: c
	  ->  Index Scan using sbtest3_pkey on sbtest3  (cost=0.43..40.48 rows=10 width=121)
	        Index Cond: ((id >= 5961098) AND (id <= 5961107))

table 4 : explain SELECT c FROM sbtest4 WHERE id BETWEEN 9871374 AND 9871383 ORDER BY c
	Sort  (cost=36.87..36.90 rows=9 width=121)
	  Sort Key: c
	  ->  Index Scan using sbtest4_pkey on sbtest4  (cost=0.43..36.73 rows=9 width=121)
	        Index Cond: ((id >= 9871374) AND (id <= 9871383))

table 5 : explain SELECT c FROM sbtest5 WHERE id BETWEEN 257171 AND 257180 ORDER BY c
	Sort  (cost=40.78..40.81 rows=10 width=121)
	  Sort Key: c
	  ->  Index Scan using sbtest5_pkey on sbtest5  (cost=0.43..40.62 rows=10 width=121)
	        Index Cond: ((id >= 257171) AND (id <= 257180))

table 6 : explain SELECT c FROM sbtest6 WHERE id BETWEEN 2577535 AND 2577544 ORDER BY c
	Sort  (cost=40.55..40.58 rows=10 width=121)
	  Sort Key: c
	  ->  Index Scan using sbtest6_pkey on sbtest6  (cost=0.43..40.39 rows=10 width=121)
	        Index Cond: ((id >= 2577535) AND (id <= 2577544))

table 7 : explain SELECT c FROM sbtest7 WHERE id BETWEEN 499621 AND 499630 ORDER BY c
	Sort  (cost=40.47..40.49 rows=10 width=121)
	  Sort Key: c
	  ->  Index Scan using sbtest7_pkey on sbtest7  (cost=0.43..40.30 rows=10 width=121)
	        Index Cond: ((id >= 499621) AND (id <= 499630))

table 8 : explain SELECT c FROM sbtest8 WHERE id BETWEEN 9836573 AND 9836582 ORDER BY c
	Sort  (cost=40.51..40.53 rows=10 width=121)
	  Sort Key: c
	  ->  Index Scan using sbtest8_pkey on sbtest8  (cost=0.43..40.34 rows=10 width=121)
	        Index Cond: ((id >= 9836573) AND (id <= 9836582))

for: distinct_ranges
table 1 : explain SELECT DISTINCT c FROM sbtest1 WHERE id BETWEEN 7284656 AND 7284665 ORDER BY c
	Unique  (cost=40.80..40.85 rows=10 width=121)
	  ->  Sort  (cost=40.80..40.82 rows=10 width=121)
	        Sort Key: c
	        ->  Index Scan using sbtest1_pkey on sbtest1  (cost=0.43..40.63 rows=10 width=121)
	              Index Cond: ((id >= 7284656) AND (id <= 7284665))

table 2 : explain SELECT DISTINCT c FROM sbtest2 WHERE id BETWEEN 6844924 AND 6844933 ORDER BY c
	Unique  (cost=37.15..37.20 rows=9 width=121)
	  ->  Sort  (cost=37.15..37.17 rows=9 width=121)
	        Sort Key: c
	        ->  Index Scan using sbtest2_pkey on sbtest2  (cost=0.43..37.01 rows=9 width=121)
	              Index Cond: ((id >= 6844924) AND (id <= 6844933))

table 3 : explain SELECT DISTINCT c FROM sbtest3 WHERE id BETWEEN 9582297 AND 9582306 ORDER BY c
	Unique  (cost=40.64..40.69 rows=10 width=121)
	  ->  Sort  (cost=40.64..40.67 rows=10 width=121)
	        Sort Key: c
	        ->  Index Scan using sbtest3_pkey on sbtest3  (cost=0.43..40.48 rows=10 width=121)
	              Index Cond: ((id >= 9582297) AND (id <= 9582306))

table 4 : explain SELECT DISTINCT c FROM sbtest4 WHERE id BETWEEN 8031341 AND 8031350 ORDER BY c
	Unique  (cost=40.43..40.48 rows=10 width=121)
	  ->  Sort  (cost=40.43..40.46 rows=10 width=121)
	        Sort Key: c
	        ->  Index Scan using sbtest4_pkey on sbtest4  (cost=0.43..40.27 rows=10 width=121)
	              Index Cond: ((id >= 8031341) AND (id <= 8031350))

table 5 : explain SELECT DISTINCT c FROM sbtest5 WHERE id BETWEEN 3909321 AND 3909330 ORDER BY c
	Unique  (cost=40.78..40.83 rows=10 width=121)
	  ->  Sort  (cost=40.78..40.81 rows=10 width=121)
	        Sort Key: c
	        ->  Index Scan using sbtest5_pkey on sbtest5  (cost=0.43..40.62 rows=10 width=121)
	              Index Cond: ((id >= 3909321) AND (id <= 3909330))

table 6 : explain SELECT DISTINCT c FROM sbtest6 WHERE id BETWEEN 3984525 AND 3984534 ORDER BY c
	Unique  (cost=44.13..44.18 rows=11 width=121)
	  ->  Sort  (cost=44.13..44.15 rows=11 width=121)
	        Sort Key: c
	        ->  Index Scan using sbtest6_pkey on sbtest6  (cost=0.43..43.94 rows=11 width=121)
	              Index Cond: ((id >= 3984525) AND (id <= 3984534))

table 7 : explain SELECT DISTINCT c FROM sbtest7 WHERE id BETWEEN 1670918 AND 1670927 ORDER BY c
	Unique  (cost=40.47..40.52 rows=10 width=121)
	  ->  Sort  (cost=40.47..40.49 rows=10 width=121)
	        Sort Key: c
	        ->  Index Scan using sbtest7_pkey on sbtest7  (cost=0.43..40.30 rows=10 width=121)
	              Index Cond: ((id >= 1670918) AND (id <= 1670927))

table 8 : explain SELECT DISTINCT c FROM sbtest8 WHERE id BETWEEN 8079393 AND 8079402 ORDER BY c
	Unique  (cost=40.51..40.56 rows=10 width=121)
	  ->  Sort  (cost=40.51..40.53 rows=10 width=121)
	        Sort Key: c
	        ->  Index Scan using sbtest8_pkey on sbtest8  (cost=0.43..40.34 rows=10 width=121)
	              Index Cond: ((id >= 8079393) AND (id <= 8079402))

for: distinct_ranges
table 1 : explain SELECT DISTINCT c FROM sbtest1 WHERE id BETWEEN 4892025 AND 4892034 ORDER BY c
	Unique  (cost=40.80..40.85 rows=10 width=121)
	  ->  Sort  (cost=40.80..40.82 rows=10 width=121)
	        Sort Key: c
	        ->  Index Scan using sbtest1_pkey on sbtest1  (cost=0.43..40.63 rows=10 width=121)
	              Index Cond: ((id >= 4892025) AND (id <= 4892034))

table 2 : explain SELECT DISTINCT c FROM sbtest2 WHERE id BETWEEN 5240649 AND 5240658 ORDER BY c
	Unique  (cost=37.15..37.20 rows=9 width=121)
	  ->  Sort  (cost=37.15..37.17 rows=9 width=121)
	        Sort Key: c
	        ->  Index Scan using sbtest2_pkey on sbtest2  (cost=0.43..37.01 rows=9 width=121)
	              Index Cond: ((id >= 5240649) AND (id <= 5240658))

table 3 : explain SELECT DISTINCT c FROM sbtest3 WHERE id BETWEEN 3781422 AND 3781431 ORDER BY c
	Unique  (cost=40.64..40.69 rows=10 width=121)
	  ->  Sort  (cost=40.64..40.67 rows=10 width=121)
	        Sort Key: c
	        ->  Index Scan using sbtest3_pkey on sbtest3  (cost=0.43..40.48 rows=10 width=121)
	              Index Cond: ((id >= 3781422) AND (id <= 3781431))

table 4 : explain SELECT DISTINCT c FROM sbtest4 WHERE id BETWEEN 5104880 AND 5104889 ORDER BY c
	Unique  (cost=40.43..40.48 rows=10 width=121)
	  ->  Sort  (cost=40.43..40.46 rows=10 width=121)
	        Sort Key: c
	        ->  Index Scan using sbtest4_pkey on sbtest4  (cost=0.43..40.27 rows=10 width=121)
	              Index Cond: ((id >= 5104880) AND (id <= 5104889))

table 5 : explain SELECT DISTINCT c FROM sbtest5 WHERE id BETWEEN 3932478 AND 3932487 ORDER BY c
	Unique  (cost=40.78..40.83 rows=10 width=121)
	  ->  Sort  (cost=40.78..40.81 rows=10 width=121)
	        Sort Key: c
	        ->  Index Scan using sbtest5_pkey on sbtest5  (cost=0.43..40.62 rows=10 width=121)
	              Index Cond: ((id >= 3932478) AND (id <= 3932487))

table 6 : explain SELECT DISTINCT c FROM sbtest6 WHERE id BETWEEN 3457414 AND 3457423 ORDER BY c
	Unique  (cost=44.13..44.18 rows=11 width=121)
	  ->  Sort  (cost=44.13..44.15 rows=11 width=121)
	        Sort Key: c
	        ->  Index Scan using sbtest6_pkey on sbtest6  (cost=0.43..43.94 rows=11 width=121)
	              Index Cond: ((id >= 3457414) AND (id <= 3457423))

table 7 : explain SELECT DISTINCT c FROM sbtest7 WHERE id BETWEEN 9385748 AND 9385757 ORDER BY c
	Unique  (cost=40.47..40.52 rows=10 width=121)
	  ->  Sort  (cost=40.47..40.49 rows=10 width=121)
	        Sort Key: c
	        ->  Index Scan using sbtest7_pkey on sbtest7  (cost=0.43..40.30 rows=10 width=121)
	              Index Cond: ((id >= 9385748) AND (id <= 9385757))

table 8 : explain SELECT DISTINCT c FROM sbtest8 WHERE id BETWEEN 8915774 AND 8915783 ORDER BY c
	Unique  (cost=40.51..40.56 rows=10 width=121)
	  ->  Sort  (cost=40.51..40.53 rows=10 width=121)
	        Sort Key: c
	        ->  Index Scan using sbtest8_pkey on sbtest8  (cost=0.43..40.34 rows=10 width=121)
	              Index Cond: ((id >= 8915774) AND (id <= 8915783))

for: distinct_ranges
table 1 : explain SELECT DISTINCT c FROM sbtest1 WHERE id BETWEEN 6812832 AND 6812841 ORDER BY c
	Unique  (cost=40.80..40.85 rows=10 width=121)
	  ->  Sort  (cost=40.80..40.82 rows=10 width=121)
	        Sort Key: c
	        ->  Index Scan using sbtest1_pkey on sbtest1  (cost=0.43..40.63 rows=10 width=121)
	              Index Cond: ((id >= 6812832) AND (id <= 6812841))

table 2 : explain SELECT DISTINCT c FROM sbtest2 WHERE id BETWEEN 4393242 AND 4393251 ORDER BY c
	Unique  (cost=40.74..40.79 rows=10 width=121)
	  ->  Sort  (cost=40.74..40.77 rows=10 width=121)
	        Sort Key: c
	        ->  Index Scan using sbtest2_pkey on sbtest2  (cost=0.43..40.58 rows=10 width=121)
	              Index Cond: ((id >= 4393242) AND (id <= 4393251))

table 3 : explain SELECT DISTINCT c FROM sbtest3 WHERE id BETWEEN 8638326 AND 8638335 ORDER BY c
	Unique  (cost=40.64..40.69 rows=10 width=121)
	  ->  Sort  (cost=40.64..40.67 rows=10 width=121)
	        Sort Key: c
	        ->  Index Scan using sbtest3_pkey on sbtest3  (cost=0.43..40.48 rows=10 width=121)
	              Index Cond: ((id >= 8638326) AND (id <= 8638335))

table 4 : explain SELECT DISTINCT c FROM sbtest4 WHERE id BETWEEN 1829616 AND 1829625 ORDER BY c
	Unique  (cost=40.43..40.48 rows=10 width=121)
	  ->  Sort  (cost=40.43..40.46 rows=10 width=121)
	        Sort Key: c
	        ->  Index Scan using sbtest4_pkey on sbtest4  (cost=0.43..40.27 rows=10 width=121)
	              Index Cond: ((id >= 1829616) AND (id <= 1829625))

table 5 : explain SELECT DISTINCT c FROM sbtest5 WHERE id BETWEEN 5200474 AND 5200483 ORDER BY c
	Unique  (cost=40.78..40.83 rows=10 width=121)
	  ->  Sort  (cost=40.78..40.81 rows=10 width=121)
	        Sort Key: c
	        ->  Index Scan using sbtest5_pkey on sbtest5  (cost=0.43..40.62 rows=10 width=121)
	              Index Cond: ((id >= 5200474) AND (id <= 5200483))

table 6 : explain SELECT DISTINCT c FROM sbtest6 WHERE id BETWEEN 798949 AND 798958 ORDER BY c
	Unique  (cost=40.55..40.60 rows=10 width=121)
	  ->  Sort  (cost=40.55..40.58 rows=10 width=121)
	        Sort Key: c
	        ->  Index Scan using sbtest6_pkey on sbtest6  (cost=0.43..40.39 rows=10 width=121)
	              Index Cond: ((id >= 798949) AND (id <= 798958))

table 7 : explain SELECT DISTINCT c FROM sbtest7 WHERE id BETWEEN 5528917 AND 5528926 ORDER BY c
	Unique  (cost=40.47..40.52 rows=10 width=121)
	  ->  Sort  (cost=40.47..40.49 rows=10 width=121)
	        Sort Key: c
	        ->  Index Scan using sbtest7_pkey on sbtest7  (cost=0.43..40.30 rows=10 width=121)
	              Index Cond: ((id >= 5528917) AND (id <= 5528926))

table 8 : explain SELECT DISTINCT c FROM sbtest8 WHERE id BETWEEN 4439305 AND 4439314 ORDER BY c
	Unique  (cost=44.08..44.13 rows=11 width=121)
	  ->  Sort  (cost=44.08..44.10 rows=11 width=121)
	        Sort Key: c
	        ->  Index Scan using sbtest8_pkey on sbtest8  (cost=0.43..43.89 rows=11 width=121)
	              Index Cond: ((id >= 4439305) AND (id <= 4439314))

for: order_ranges
table 1 : explain SELECT c FROM sbtest1 WHERE id BETWEEN 7702321 AND 7702330 ORDER BY c
	Sort  (cost=40.80..40.82 rows=10 width=121)
	  Sort Key: c
	  ->  Index Scan using sbtest1_pkey on sbtest1  (cost=0.43..40.63 rows=10 width=121)
	        Index Cond: ((id >= 7702321) AND (id <= 7702330))

table 2 : explain SELECT c FROM sbtest2 WHERE id BETWEEN 4479109 AND 4479118 ORDER BY c
	Sort  (cost=40.74..40.77 rows=10 width=121)
	  Sort Key: c
	  ->  Index Scan using sbtest2_pkey on sbtest2  (cost=0.43..40.58 rows=10 width=121)
	        Index Cond: ((id >= 4479109) AND (id <= 4479118))

table 3 : explain SELECT c FROM sbtest3 WHERE id BETWEEN 1997487 AND 1997496 ORDER BY c
	Sort  (cost=40.64..40.67 rows=10 width=121)
	  Sort Key: c
	  ->  Index Scan using sbtest3_pkey on sbtest3  (cost=0.43..40.48 rows=10 width=121)
	        Index Cond: ((id >= 1997487) AND (id <= 1997496))

table 4 : explain SELECT c FROM sbtest4 WHERE id BETWEEN 4070876 AND 4070885 ORDER BY c
	Sort  (cost=40.43..40.46 rows=10 width=121)
	  Sort Key: c
	  ->  Index Scan using sbtest4_pkey on sbtest4  (cost=0.43..40.27 rows=10 width=121)
	        Index Cond: ((id >= 4070876) AND (id <= 4070885))

table 5 : explain SELECT c FROM sbtest5 WHERE id BETWEEN 2974611 AND 2974620 ORDER BY c
	Sort  (cost=40.78..40.81 rows=10 width=121)
	  Sort Key: c
	  ->  Index Scan using sbtest5_pkey on sbtest5  (cost=0.43..40.62 rows=10 width=121)
	        Index Cond: ((id >= 2974611) AND (id <= 2974620))

table 6 : explain SELECT c FROM sbtest6 WHERE id BETWEEN 2587145 AND 2587154 ORDER BY c
	Sort  (cost=40.55..40.58 rows=10 width=121)
	  Sort Key: c
	  ->  Index Scan using sbtest6_pkey on sbtest6  (cost=0.43..40.39 rows=10 width=121)
	        Index Cond: ((id >= 2587145) AND (id <= 2587154))

table 7 : explain SELECT c FROM sbtest7 WHERE id BETWEEN 9214192 AND 9214201 ORDER BY c
	Sort  (cost=40.47..40.49 rows=10 width=121)
	  Sort Key: c
	  ->  Index Scan using sbtest7_pkey on sbtest7  (cost=0.43..40.30 rows=10 width=121)
	        Index Cond: ((id >= 9214192) AND (id <= 9214201))

table 8 : explain SELECT c FROM sbtest8 WHERE id BETWEEN 1251810 AND 1251819 ORDER BY c
	Sort  (cost=40.51..40.53 rows=10 width=121)
	  Sort Key: c
	  ->  Index Scan using sbtest8_pkey on sbtest8  (cost=0.43..40.34 rows=10 width=121)
	        Index Cond: ((id >= 1251810) AND (id <= 1251819))

explain: for index_updates :: explain UPDATE sbtest%u SET k=k+1 WHERE id=%u
explain: for point_selects :: explain SELECT c FROM sbtest%u WHERE id=%u
explain: for index_updates :: explain UPDATE sbtest%u SET k=k+1 WHERE id=%u
for: distinct_ranges
table 1 : explain SELECT DISTINCT c FROM sbtest1 WHERE id BETWEEN 8282394 AND 8282403 ORDER BY c
	Unique  (cost=40.80..40.85 rows=10 width=121)
	  ->  Sort  (cost=40.80..40.82 rows=10 width=121)
	        Sort Key: c
	        ->  Index Scan using sbtest1_pkey on sbtest1  (cost=0.43..40.63 rows=10 width=121)
	              Index Cond: ((id >= 8282394) AND (id <= 8282403))

table 2 : explain SELECT DISTINCT c FROM sbtest2 WHERE id BETWEEN 4001326 AND 4001335 ORDER BY c
	Unique  (cost=37.15..37.20 rows=9 width=121)
	  ->  Sort  (cost=37.15..37.17 rows=9 width=121)
	        Sort Key: c
	        ->  Index Scan using sbtest2_pkey on sbtest2  (cost=0.43..37.01 rows=9 width=121)
	              Index Cond: ((id >= 4001326) AND (id <= 4001335))

table 3 : explain SELECT DISTINCT c FROM sbtest3 WHERE id BETWEEN 4194801 AND 4194810 ORDER BY c
	Unique  (cost=44.22..44.28 rows=11 width=121)
	  ->  Sort  (cost=44.22..44.25 rows=11 width=121)
	        Sort Key: c
	        ->  Index Scan using sbtest3_pkey on sbtest3  (cost=0.43..44.03 rows=11 width=121)
	              Index Cond: ((id >= 4194801) AND (id <= 4194810))

table 4 : explain SELECT DISTINCT c FROM sbtest4 WHERE id BETWEEN 9547505 AND 9547514 ORDER BY c
	Unique  (cost=40.43..40.48 rows=10 width=121)
	  ->  Sort  (cost=40.43..40.46 rows=10 width=121)
	        Sort Key: c
	        ->  Index Scan using sbtest4_pkey on sbtest4  (cost=0.43..40.27 rows=10 width=121)
	              Index Cond: ((id >= 9547505) AND (id <= 9547514))

table 5 : explain SELECT DISTINCT c FROM sbtest5 WHERE id BETWEEN 4283504 AND 4283513 ORDER BY c
	Unique  (cost=44.38..44.44 rows=11 width=121)
	  ->  Sort  (cost=44.38..44.41 rows=11 width=121)
	        Sort Key: c
	        ->  Index Scan using sbtest5_pkey on sbtest5  (cost=0.43..44.19 rows=11 width=121)
	              Index Cond: ((id >= 4283504) AND (id <= 4283513))

table 6 : explain SELECT DISTINCT c FROM sbtest6 WHERE id BETWEEN 8849701 AND 8849710 ORDER BY c
	Unique  (cost=36.98..37.03 rows=9 width=121)
	  ->  Sort  (cost=36.98..37.00 rows=9 width=121)
	        Sort Key: c
	        ->  Index Scan using sbtest6_pkey on sbtest6  (cost=0.43..36.84 rows=9 width=121)
	              Index Cond: ((id >= 8849701) AND (id <= 8849710))

table 7 : explain SELECT DISTINCT c FROM sbtest7 WHERE id BETWEEN 5765139 AND 5765148 ORDER BY c
	Unique  (cost=40.47..40.52 rows=10 width=121)
	  ->  Sort  (cost=40.47..40.49 rows=10 width=121)
	        Sort Key: c
	        ->  Index Scan using sbtest7_pkey on sbtest7  (cost=0.43..40.30 rows=10 width=121)
	              Index Cond: ((id >= 5765139) AND (id <= 5765148))

table 8 : explain SELECT DISTINCT c FROM sbtest8 WHERE id BETWEEN 4742546 AND 4742555 ORDER BY c
	Unique  (cost=44.08..44.13 rows=11 width=121)
	  ->  Sort  (cost=44.08..44.10 rows=11 width=121)
	        Sort Key: c
	        ->  Index Scan using sbtest8_pkey on sbtest8  (cost=0.43..43.89 rows=11 width=121)
	              Index Cond: ((id >= 4742546) AND (id <= 4742555))

for: order_ranges
table 1 : explain SELECT c FROM sbtest1 WHERE id BETWEEN 6457401 AND 6457410 ORDER BY c
	Sort  (cost=37.20..37.22 rows=9 width=121)
	  Sort Key: c
	  ->  Index Scan using sbtest1_pkey on sbtest1  (cost=0.43..37.06 rows=9 width=121)
	        Index Cond: ((id >= 6457401) AND (id <= 6457410))

table 2 : explain SELECT c FROM sbtest2 WHERE id BETWEEN 7323330 AND 7323339 ORDER BY c
	Sort  (cost=40.74..40.77 rows=10 width=121)
	  Sort Key: c
	  ->  Index Scan using sbtest2_pkey on sbtest2  (cost=0.43..40.58 rows=10 width=121)
	        Index Cond: ((id >= 7323330) AND (id <= 7323339))

table 3 : explain SELECT c FROM sbtest3 WHERE id BETWEEN 2032403 AND 2032412 ORDER BY c
	Sort  (cost=40.64..40.67 rows=10 width=121)
	  Sort Key: c
	  ->  Index Scan using sbtest3_pkey on sbtest3  (cost=0.43..40.48 rows=10 width=121)
	        Index Cond: ((id >= 2032403) AND (id <= 2032412))

table 4 : explain SELECT c FROM sbtest4 WHERE id BETWEEN 1266067 AND 1266076 ORDER BY c
	Sort  (cost=40.43..40.46 rows=10 width=121)
	  Sort Key: c
	  ->  Index Scan using sbtest4_pkey on sbtest4  (cost=0.43..40.27 rows=10 width=121)
	        Index Cond: ((id >= 1266067) AND (id <= 1266076))

table 5 : explain SELECT c FROM sbtest5 WHERE id BETWEEN 302818 AND 302827 ORDER BY c
	Sort  (cost=40.78..40.81 rows=10 width=121)
	  Sort Key: c
	  ->  Index Scan using sbtest5_pkey on sbtest5  (cost=0.43..40.62 rows=10 width=121)
	        Index Cond: ((id >= 302818) AND (id <= 302827))

table 6 : explain SELECT c FROM sbtest6 WHERE id BETWEEN 1165582 AND 1165591 ORDER BY c
	Sort  (cost=44.13..44.15 rows=11 width=121)
	  Sort Key: c
	  ->  Index Scan using sbtest6_pkey on sbtest6  (cost=0.43..43.94 rows=11 width=121)
	        Index Cond: ((id >= 1165582) AND (id <= 1165591))

table 7 : explain SELECT c FROM sbtest7 WHERE id BETWEEN 107449 AND 107458 ORDER BY c
	Sort  (cost=40.47..40.49 rows=10 width=121)
	  Sort Key: c
	  ->  Index Scan using sbtest7_pkey on sbtest7  (cost=0.43..40.30 rows=10 width=121)
	        Index Cond: ((id >= 107449) AND (id <= 107458))

table 8 : explain SELECT c FROM sbtest8 WHERE id BETWEEN 9432687 AND 9432696 ORDER BY c
	Sort  (cost=40.51..40.53 rows=10 width=121)
	  Sort Key: c
	  ->  Index Scan using sbtest8_pkey on sbtest8  (cost=0.43..40.34 rows=10 width=121)
	        Index Cond: ((id >= 9432687) AND (id <= 9432696))

for index_updates
table 1 : explain UPDATE sbtest1 SET k=k+1 WHERE id=547413
	Update on sbtest1  (cost=0.43..8.46 rows=0 width=0)
	  ->  Index Scan using sbtest1_pkey on sbtest1  (cost=0.43..8.46 rows=1 width=10)
	        Index Cond: (id = 547413)

table 2 : explain UPDATE sbtest2 SET k=k+1 WHERE id=1116523
	Update on sbtest2  (cost=0.43..8.46 rows=0 width=0)
	  ->  Index Scan using sbtest2_pkey on sbtest2  (cost=0.43..8.46 rows=1 width=10)
	        Index Cond: (id = 1116523)

table 3 : explain UPDATE sbtest3 SET k=k+1 WHERE id=66253
	Update on sbtest3  (cost=0.43..8.46 rows=0 width=0)
	  ->  Index Scan using sbtest3_pkey on sbtest3  (cost=0.43..8.46 rows=1 width=10)
	        Index Cond: (id = 66253)

table 4 : explain UPDATE sbtest4 SET k=k+1 WHERE id=4518440
	Update on sbtest4  (cost=0.43..8.46 rows=0 width=0)
	  ->  Index Scan using sbtest4_pkey on sbtest4  (cost=0.43..8.46 rows=1 width=10)
	        Index Cond: (id = 4518440)

table 5 : explain UPDATE sbtest5 SET k=k+1 WHERE id=7228460
	Update on sbtest5  (cost=0.43..8.46 rows=0 width=0)
	  ->  Index Scan using sbtest5_pkey on sbtest5  (cost=0.43..8.46 rows=1 width=10)
	        Index Cond: (id = 7228460)

table 6 : explain UPDATE sbtest6 SET k=k+1 WHERE id=9238648
	Update on sbtest6  (cost=0.43..8.46 rows=0 width=0)
	  ->  Index Scan using sbtest6_pkey on sbtest6  (cost=0.43..8.46 rows=1 width=10)
	        Index Cond: (id = 9238648)

table 7 : explain UPDATE sbtest7 SET k=k+1 WHERE id=619144
	Update on sbtest7  (cost=0.43..8.46 rows=0 width=0)
	  ->  Index Scan using sbtest7_pkey on sbtest7  (cost=0.43..8.46 rows=1 width=10)
	        Index Cond: (id = 619144)

table 8 : explain UPDATE sbtest8 SET k=k+1 WHERE id=8189757
	Update on sbtest8  (cost=0.43..8.46 rows=0 width=0)
	  ->  Index Scan using sbtest8_pkey on sbtest8  (cost=0.43..8.46 rows=1 width=10)
	        Index Cond: (id = 8189757)

explain: for index_updates :: explain UPDATE sbtest%u SET k=k+1 WHERE id=%u
for: order_ranges
table 1 : explain SELECT c FROM sbtest1 WHERE id BETWEEN 7596642 AND 7596651 ORDER BY c
	Sort  (cost=40.80..40.82 rows=10 width=121)
	  Sort Key: c
	  ->  Index Scan using sbtest1_pkey on sbtest1  (cost=0.43..40.63 rows=10 width=121)
	        Index Cond: ((id >= 7596642) AND (id <= 7596651))

table 2 : explain SELECT c FROM sbtest2 WHERE id BETWEEN 5281647 AND 5281656 ORDER BY c
	Sort  (cost=37.15..37.17 rows=9 width=121)
	  Sort Key: c
	  ->  Index Scan using sbtest2_pkey on sbtest2  (cost=0.43..37.01 rows=9 width=121)
	        Index Cond: ((id >= 5281647) AND (id <= 5281656))

table 3 : explain SELECT c FROM sbtest3 WHERE id BETWEEN 2853901 AND 2853910 ORDER BY c
	Sort  (cost=37.06..37.08 rows=9 width=121)
	  Sort Key: c
	  ->  Index Scan using sbtest3_pkey on sbtest3  (cost=0.43..36.92 rows=9 width=121)
	        Index Cond: ((id >= 2853901) AND (id <= 2853910))

table 4 : explain SELECT c FROM sbtest4 WHERE id BETWEEN 6781764 AND 6781773 ORDER BY c
	Sort  (cost=33.32..33.34 rows=8 width=121)
	  Sort Key: c
	  ->  Index Scan using sbtest4_pkey on sbtest4  (cost=0.43..33.20 rows=8 width=121)
	        Index Cond: ((id >= 6781764) AND (id <= 6781773))

table 5 : explain SELECT c FROM sbtest5 WHERE id BETWEEN 5053598 AND 5053607 ORDER BY c
	Sort  (cost=40.78..40.81 rows=10 width=121)
	  Sort Key: c
	  ->  Index Scan using sbtest5_pkey on sbtest5  (cost=0.43..40.62 rows=10 width=121)
	        Index Cond: ((id >= 5053598) AND (id <= 5053607))

table 6 : explain SELECT c FROM sbtest6 WHERE id BETWEEN 6462828 AND 6462837 ORDER BY c
	Sort  (cost=44.13..44.15 rows=11 width=121)
	  Sort Key: c
	  ->  Index Scan using sbtest6_pkey on sbtest6  (cost=0.43..43.94 rows=11 width=121)
	        Index Cond: ((id >= 6462828) AND (id <= 6462837))

table 7 : explain SELECT c FROM sbtest7 WHERE id BETWEEN 5228106 AND 5228115 ORDER BY c
	Sort  (cost=40.47..40.49 rows=10 width=121)
	  Sort Key: c
	  ->  Index Scan using sbtest7_pkey on sbtest7  (cost=0.43..40.30 rows=10 width=121)
	        Index Cond: ((id >= 5228106) AND (id <= 5228115))

table 8 : explain SELECT c FROM sbtest8 WHERE id BETWEEN 5821932 AND 5821941 ORDER BY c
	Sort  (cost=40.51..40.53 rows=10 width=121)
	  Sort Key: c
	  ->  Index Scan using sbtest8_pkey on sbtest8  (cost=0.43..40.34 rows=10 width=121)
	        Index Cond: ((id >= 5821932) AND (id <= 5821941))

explain: for non_index_updates :: explain UPDATE sbtest%u SET c='foobar' WHERE id=%u
for index_updates
table 1 : explain UPDATE sbtest1 SET k=k+1 WHERE id=169047
	Update on sbtest1  (cost=0.43..8.46 rows=0 width=0)
	  ->  Index Scan using sbtest1_pkey on sbtest1  (cost=0.43..8.46 rows=1 width=10)
	        Index Cond: (id = 169047)

table 2 : explain UPDATE sbtest2 SET k=k+1 WHERE id=6966216
	Update on sbtest2  (cost=0.43..8.46 rows=0 width=0)
	  ->  Index Scan using sbtest2_pkey on sbtest2  (cost=0.43..8.46 rows=1 width=10)
	        Index Cond: (id = 6966216)

table 3 : explain UPDATE sbtest3 SET k=k+1 WHERE id=6925718
	Update on sbtest3  (cost=0.43..8.46 rows=0 width=0)
	  ->  Index Scan using sbtest3_pkey on sbtest3  (cost=0.43..8.46 rows=1 width=10)
	        Index Cond: (id = 6925718)

table 4 : explain UPDATE sbtest4 SET k=k+1 WHERE id=3502212
	Update on sbtest4  (cost=0.43..8.46 rows=0 width=0)
	  ->  Index Scan using sbtest4_pkey on sbtest4  (cost=0.43..8.46 rows=1 width=10)
	        Index Cond: (id = 3502212)

table 5 : explain UPDATE sbtest5 SET k=k+1 WHERE id=9033972
	Update on sbtest5  (cost=0.43..8.46 rows=0 width=0)
	  ->  Index Scan using sbtest5_pkey on sbtest5  (cost=0.43..8.46 rows=1 width=10)
	        Index Cond: (id = 9033972)

table 6 : explain UPDATE sbtest6 SET k=k+1 WHERE id=5255620
	Update on sbtest6  (cost=0.43..8.46 rows=0 width=0)
	  ->  Index Scan using sbtest6_pkey on sbtest6  (cost=0.43..8.46 rows=1 width=10)
	        Index Cond: (id = 5255620)

table 7 : explain UPDATE sbtest7 SET k=k+1 WHERE id=945698
	Update on sbtest7  (cost=0.43..8.46 rows=0 width=0)
	  ->  Index Scan using sbtest7_pkey on sbtest7  (cost=0.43..8.46 rows=1 width=10)
	        Index Cond: (id = 945698)

table 8 : explain UPDATE sbtest8 SET k=k+1 WHERE id=9314802
	Update on sbtest8  (cost=0.43..8.46 rows=0 width=0)
	  ->  Index Scan using sbtest8_pkey on sbtest8  (cost=0.43..8.46 rows=1 width=10)
	        Index Cond: (id = 9314802)

explain: for index_updates :: explain UPDATE sbtest%u SET k=k+1 WHERE id=%u
for: distinct_ranges
table 1 : explain SELECT DISTINCT c FROM sbtest1 WHERE id BETWEEN 3767664 AND 3767673 ORDER BY c
	Unique  (cost=44.40..44.45 rows=11 width=121)
	  ->  Sort  (cost=44.40..44.43 rows=11 width=121)
	        Sort Key: c
	        ->  Index Scan using sbtest1_pkey on sbtest1  (cost=0.43..44.21 rows=11 width=121)
	              Index Cond: ((id >= 3767664) AND (id <= 3767673))

table 2 : explain SELECT DISTINCT c FROM sbtest2 WHERE id BETWEEN 3243325 AND 3243334 ORDER BY c
	Unique  (cost=37.15..37.20 rows=9 width=121)
	  ->  Sort  (cost=37.15..37.17 rows=9 width=121)
	        Sort Key: c
	        ->  Index Scan using sbtest2_pkey on sbtest2  (cost=0.43..37.01 rows=9 width=121)
	              Index Cond: ((id >= 3243325) AND (id <= 3243334))

table 3 : explain SELECT DISTINCT c FROM sbtest3 WHERE id BETWEEN 3134033 AND 3134042 ORDER BY c
	Unique  (cost=40.64..40.69 rows=10 width=121)
	  ->  Sort  (cost=40.64..40.67 rows=10 width=121)
	        Sort Key: c
	        ->  Index Scan using sbtest3_pkey on sbtest3  (cost=0.43..40.48 rows=10 width=121)
	              Index Cond: ((id >= 3134033) AND (id <= 3134042))

table 4 : explain SELECT DISTINCT c FROM sbtest4 WHERE id BETWEEN 7024498 AND 7024507 ORDER BY c
	Unique  (cost=40.43..40.48 rows=10 width=121)
	  ->  Sort  (cost=40.43..40.46 rows=10 width=121)
	        Sort Key: c
	        ->  Index Scan using sbtest4_pkey on sbtest4  (cost=0.43..40.27 rows=10 width=121)
	              Index Cond: ((id >= 7024498) AND (id <= 7024507))

table 5 : explain SELECT DISTINCT c FROM sbtest5 WHERE id BETWEEN 7901371 AND 7901380 ORDER BY c
	Unique  (cost=44.38..44.44 rows=11 width=121)
	  ->  Sort  (cost=44.38..44.41 rows=11 width=121)
	        Sort Key: c
	        ->  Index Scan using sbtest5_pkey on sbtest5  (cost=0.43..44.19 rows=11 width=121)
	              Index Cond: ((id >= 7901371) AND (id <= 7901380))

table 6 : explain SELECT DISTINCT c FROM sbtest6 WHERE id BETWEEN 5888512 AND 5888521 ORDER BY c
	Unique  (cost=40.55..40.60 rows=10 width=121)
	  ->  Sort  (cost=40.55..40.58 rows=10 width=121)
	        Sort Key: c
	        ->  Index Scan using sbtest6_pkey on sbtest6  (cost=0.43..40.39 rows=10 width=121)
	              Index Cond: ((id >= 5888512) AND (id <= 5888521))

table 7 : explain SELECT DISTINCT c FROM sbtest7 WHERE id BETWEEN 6103770 AND 6103779 ORDER BY c
	Unique  (cost=36.91..36.95 rows=9 width=121)
	  ->  Sort  (cost=36.91..36.93 rows=9 width=121)
	        Sort Key: c
	        ->  Index Scan using sbtest7_pkey on sbtest7  (cost=0.43..36.76 rows=9 width=121)
	              Index Cond: ((id >= 6103770) AND (id <= 6103779))

table 8 : explain SELECT DISTINCT c FROM sbtest8 WHERE id BETWEEN 8690686 AND 8690695 ORDER BY c
	Unique  (cost=44.08..44.13 rows=11 width=121)
	  ->  Sort  (cost=44.08..44.10 rows=11 width=121)
	        Sort Key: c
	        ->  Index Scan using sbtest8_pkey on sbtest8  (cost=0.43..43.89 rows=11 width=121)
	              Index Cond: ((id >= 8690686) AND (id <= 8690695))

for index_updates
table 1 : explain UPDATE sbtest1 SET k=k+1 WHERE id=9654853
	Update on sbtest1  (cost=0.43..8.46 rows=0 width=0)
	  ->  Index Scan using sbtest1_pkey on sbtest1  (cost=0.43..8.46 rows=1 width=10)
	        Index Cond: (id = 9654853)

table 2 : explain UPDATE sbtest2 SET k=k+1 WHERE id=2947441
	Update on sbtest2  (cost=0.43..8.46 rows=0 width=0)
	  ->  Index Scan using sbtest2_pkey on sbtest2  (cost=0.43..8.46 rows=1 width=10)
	        Index Cond: (id = 2947441)

table 3 : explain UPDATE sbtest3 SET k=k+1 WHERE id=3443401
	Update on sbtest3  (cost=0.43..8.46 rows=0 width=0)
	  ->  Index Scan using sbtest3_pkey on sbtest3  (cost=0.43..8.46 rows=1 width=10)
	        Index Cond: (id = 3443401)

table 4 : explain UPDATE sbtest4 SET k=k+1 WHERE id=4501266
	Update on sbtest4  (cost=0.43..8.46 rows=0 width=0)
	  ->  Index Scan using sbtest4_pkey on sbtest4  (cost=0.43..8.46 rows=1 width=10)
	        Index Cond: (id = 4501266)

table 5 : explain UPDATE sbtest5 SET k=k+1 WHERE id=6027487
	Update on sbtest5  (cost=0.43..8.46 rows=0 width=0)
	  ->  Index Scan using sbtest5_pkey on sbtest5  (cost=0.43..8.46 rows=1 width=10)
	        Index Cond: (id = 6027487)

table 6 : explain UPDATE sbtest6 SET k=k+1 WHERE id=3883075
	Update on sbtest6  (cost=0.43..8.46 rows=0 width=0)
	  ->  Index Scan using sbtest6_pkey on sbtest6  (cost=0.43..8.46 rows=1 width=10)
	        Index Cond: (id = 3883075)

table 7 : explain UPDATE sbtest7 SET k=k+1 WHERE id=5057177
	Update on sbtest7  (cost=0.43..8.46 rows=0 width=0)
	  ->  Index Scan using sbtest7_pkey on sbtest7  (cost=0.43..8.46 rows=1 width=10)
	        Index Cond: (id = 5057177)

table 8 : explain UPDATE sbtest8 SET k=k+1 WHERE id=4845821
	Update on sbtest8  (cost=0.43..8.46 rows=0 width=0)
	  ->  Index Scan using sbtest8_pkey on sbtest8  (cost=0.43..8.46 rows=1 width=10)
	        Index Cond: (id = 4845821)

for: distinct_ranges
table 1 : explain SELECT DISTINCT c FROM sbtest1 WHERE id BETWEEN 6879374 AND 6879383 ORDER BY c
	Unique  (cost=40.80..40.85 rows=10 width=121)
	  ->  Sort  (cost=40.80..40.82 rows=10 width=121)
	        Sort Key: c
	        ->  Index Scan using sbtest1_pkey on sbtest1  (cost=0.43..40.63 rows=10 width=121)
	              Index Cond: ((id >= 6879374) AND (id <= 6879383))

table 2 : explain SELECT DISTINCT c FROM sbtest2 WHERE id BETWEEN 4331411 AND 4331420 ORDER BY c
	Unique  (cost=40.74..40.79 rows=10 width=121)
	  ->  Sort  (cost=40.74..40.77 rows=10 width=121)
	        Sort Key: c
	        ->  Index Scan using sbtest2_pkey on sbtest2  (cost=0.43..40.58 rows=10 width=121)
	              Index Cond: ((id >= 4331411) AND (id <= 4331420))

table 3 : explain SELECT DISTINCT c FROM sbtest3 WHERE id BETWEEN 8525553 AND 8525562 ORDER BY c
	Unique  (cost=40.64..40.69 rows=10 width=121)
	  ->  Sort  (cost=40.64..40.67 rows=10 width=121)
	        Sort Key: c
	        ->  Index Scan using sbtest3_pkey on sbtest3  (cost=0.43..40.48 rows=10 width=121)
	              Index Cond: ((id >= 8525553) AND (id <= 8525562))

table 4 : explain SELECT DISTINCT c FROM sbtest4 WHERE id BETWEEN 7565894 AND 7565903 ORDER BY c
	Unique  (cost=40.43..40.48 rows=10 width=121)
	  ->  Sort  (cost=40.43..40.46 rows=10 width=121)
	        Sort Key: c
	        ->  Index Scan using sbtest4_pkey on sbtest4  (cost=0.43..40.27 rows=10 width=121)
	              Index Cond: ((id >= 7565894) AND (id <= 7565903))

table 5 : explain SELECT DISTINCT c FROM sbtest5 WHERE id BETWEEN 7992930 AND 7992939 ORDER BY c
	Unique  (cost=40.78..40.83 rows=10 width=121)
	  ->  Sort  (cost=40.78..40.81 rows=10 width=121)
	        Sort Key: c
	        ->  Index Scan using sbtest5_pkey on sbtest5  (cost=0.43..40.62 rows=10 width=121)
	              Index Cond: ((id >= 7992930) AND (id <= 7992939))

table 6 : explain SELECT DISTINCT c FROM sbtest6 WHERE id BETWEEN 2456323 AND 2456332 ORDER BY c
	Unique  (cost=44.13..44.18 rows=11 width=121)
	  ->  Sort  (cost=44.13..44.15 rows=11 width=121)
	        Sort Key: c
	        ->  Index Scan using sbtest6_pkey on sbtest6  (cost=0.43..43.94 rows=11 width=121)
	              Index Cond: ((id >= 2456323) AND (id <= 2456332))

table 7 : explain SELECT DISTINCT c FROM sbtest7 WHERE id BETWEEN 6551409 AND 6551418 ORDER BY c
	Unique  (cost=40.47..40.52 rows=10 width=121)
	  ->  Sort  (cost=40.47..40.49 rows=10 width=121)
	        Sort Key: c
	        ->  Index Scan using sbtest7_pkey on sbtest7  (cost=0.43..40.30 rows=10 width=121)
	              Index Cond: ((id >= 6551409) AND (id <= 6551418))

table 8 : explain SELECT DISTINCT c FROM sbtest8 WHERE id BETWEEN 3230928 AND 3230937 ORDER BY c
	Unique  (cost=36.94..36.99 rows=9 width=121)
	  ->  Sort  (cost=36.94..36.96 rows=9 width=121)
	        Sort Key: c
	        ->  Index Scan using sbtest8_pkey on sbtest8  (cost=0.43..36.80 rows=9 width=121)
	              Index Cond: ((id >= 3230928) AND (id <= 3230937))

explain: for non_index_updates :: explain UPDATE sbtest%u SET c='foobar' WHERE id=%u
for non_index_updates
table 1 : explain UPDATE sbtest1 SET c='foobar' WHERE id=4083856
	Update on sbtest1  (cost=0.43..8.45 rows=0 width=0)
	  ->  Index Scan using sbtest1_pkey on sbtest1  (cost=0.43..8.45 rows=1 width=490)
	        Index Cond: (id = 4083856)

table 2 : explain UPDATE sbtest2 SET c='foobar' WHERE id=2035584
	Update on sbtest2  (cost=0.43..8.45 rows=0 width=0)
	  ->  Index Scan using sbtest2_pkey on sbtest2  (cost=0.43..8.45 rows=1 width=490)
	        Index Cond: (id = 2035584)

table 3 : explain UPDATE sbtest3 SET c='foobar' WHERE id=6207646
	Update on sbtest3  (cost=0.43..8.45 rows=0 width=0)
	  ->  Index Scan using sbtest3_pkey on sbtest3  (cost=0.43..8.45 rows=1 width=490)
	        Index Cond: (id = 6207646)

table 4 : explain UPDATE sbtest4 SET c='foobar' WHERE id=5503895
	Update on sbtest4  (cost=0.43..8.45 rows=0 width=0)
	  ->  Index Scan using sbtest4_pkey on sbtest4  (cost=0.43..8.45 rows=1 width=490)
	        Index Cond: (id = 5503895)

table 5 : explain UPDATE sbtest5 SET c='foobar' WHERE id=2900306
	Update on sbtest5  (cost=0.43..8.45 rows=0 width=0)
	  ->  Index Scan using sbtest5_pkey on sbtest5  (cost=0.43..8.45 rows=1 width=490)
	        Index Cond: (id = 2900306)

table 6 : explain UPDATE sbtest6 SET c='foobar' WHERE id=1016132
	Update on sbtest6  (cost=0.43..8.45 rows=0 width=0)
	  ->  Index Scan using sbtest6_pkey on sbtest6  (cost=0.43..8.45 rows=1 width=490)
	        Index Cond: (id = 1016132)

table 7 : explain UPDATE sbtest7 SET c='foobar' WHERE id=5269476
	Update on sbtest7  (cost=0.43..8.45 rows=0 width=0)
	  ->  Index Scan using sbtest7_pkey on sbtest7  (cost=0.43..8.45 rows=1 width=490)
	        Index Cond: (id = 5269476)

table 8 : explain UPDATE sbtest8 SET c='foobar' WHERE id=1071169
	Update on sbtest8  (cost=0.43..8.45 rows=0 width=0)
	  ->  Index Scan using sbtest8_pkey on sbtest8  (cost=0.43..8.45 rows=1 width=490)
	        Index Cond: (id = 1071169)

explain: for index_updates :: explain UPDATE sbtest%u SET k=k+1 WHERE id=%u
explain: for non_index_updates :: explain UPDATE sbtest%u SET c='foobar' WHERE id=%u
explain: for deletes :: explain DELETE FROM sbtest%u WHERE id=%u
explain: for index_updates :: explain UPDATE sbtest%u SET k=k+1 WHERE id=%u
for: distinct_ranges
table 1 : explain SELECT DISTINCT c FROM sbtest1 WHERE id BETWEEN 3297230 AND 3297239 ORDER BY c
	Unique  (cost=40.80..40.85 rows=10 width=121)
	  ->  Sort  (cost=40.80..40.82 rows=10 width=121)
	        Sort Key: c
	        ->  Index Scan using sbtest1_pkey on sbtest1  (cost=0.43..40.63 rows=10 width=121)
	              Index Cond: ((id >= 3297230) AND (id <= 3297239))

table 2 : explain SELECT DISTINCT c FROM sbtest2 WHERE id BETWEEN 6369229 AND 6369238 ORDER BY c
	Unique  (cost=40.74..40.79 rows=10 width=121)
	  ->  Sort  (cost=40.74..40.77 rows=10 width=121)
	        Sort Key: c
	        ->  Index Scan using sbtest2_pkey on sbtest2  (cost=0.43..40.58 rows=10 width=121)
	              Index Cond: ((id >= 6369229) AND (id <= 6369238))

table 3 : explain SELECT DISTINCT c FROM sbtest3 WHERE id BETWEEN 5125634 AND 5125643 ORDER BY c
	Unique  (cost=37.06..37.11 rows=9 width=121)
	  ->  Sort  (cost=37.06..37.08 rows=9 width=121)
	        Sort Key: c
	        ->  Index Scan using sbtest3_pkey on sbtest3  (cost=0.43..36.92 rows=9 width=121)
	              Index Cond: ((id >= 5125634) AND (id <= 5125643))

table 4 : explain SELECT DISTINCT c FROM sbtest4 WHERE id BETWEEN 6140199 AND 6140208 ORDER BY c
	Unique  (cost=36.87..36.92 rows=9 width=121)
	  ->  Sort  (cost=36.87..36.90 rows=9 width=121)
	        Sort Key: c
	        ->  Index Scan using sbtest4_pkey on sbtest4  (cost=0.43..36.73 rows=9 width=121)
	              Index Cond: ((id >= 6140199) AND (id <= 6140208))

table 5 : explain SELECT DISTINCT c FROM sbtest5 WHERE id BETWEEN 5623872 AND 5623881 ORDER BY c
	Unique  (cost=40.78..40.83 rows=10 width=121)
	  ->  Sort  (cost=40.78..40.81 rows=10 width=121)
	        Sort Key: c
	        ->  Index Scan using sbtest5_pkey on sbtest5  (cost=0.43..40.62 rows=10 width=121)
	              Index Cond: ((id >= 5623872) AND (id <= 5623881))

table 6 : explain SELECT DISTINCT c FROM sbtest6 WHERE id BETWEEN 1228236 AND 1228245 ORDER BY c
	Unique  (cost=44.13..44.18 rows=11 width=121)
	  ->  Sort  (cost=44.13..44.15 rows=11 width=121)
	        Sort Key: c
	        ->  Index Scan using sbtest6_pkey on sbtest6  (cost=0.43..43.94 rows=11 width=121)
	              Index Cond: ((id >= 1228236) AND (id <= 1228245))

table 7 : explain SELECT DISTINCT c FROM sbtest7 WHERE id BETWEEN 6825672 AND 6825681 ORDER BY c
	Unique  (cost=36.91..36.95 rows=9 width=121)
	  ->  Sort  (cost=36.91..36.93 rows=9 width=121)
	        Sort Key: c
	        ->  Index Scan using sbtest7_pkey on sbtest7  (cost=0.43..36.76 rows=9 width=121)
	              Index Cond: ((id >= 6825672) AND (id <= 6825681))

table 8 : explain SELECT DISTINCT c FROM sbtest8 WHERE id BETWEEN 8670705 AND 8670714 ORDER BY c
	Unique  (cost=44.08..44.13 rows=11 width=121)
	  ->  Sort  (cost=44.08..44.10 rows=11 width=121)
	        Sort Key: c
	        ->  Index Scan using sbtest8_pkey on sbtest8  (cost=0.43..43.89 rows=11 width=121)
	              Index Cond: ((id >= 8670705) AND (id <= 8670714))

for point_selects
table 1 : explain SELECT c FROM sbtest1 WHERE id=9733436
	Index Scan using sbtest1_pkey on sbtest1  (cost=0.43..8.45 rows=1 width=121)
	  Index Cond: (id = 9733436)

table 2 : explain SELECT c FROM sbtest2 WHERE id=81337
	Index Scan using sbtest2_pkey on sbtest2  (cost=0.43..8.45 rows=1 width=121)
	  Index Cond: (id = 81337)

table 3 : explain SELECT c FROM sbtest3 WHERE id=7671564
	Index Scan using sbtest3_pkey on sbtest3  (cost=0.43..8.45 rows=1 width=121)
	  Index Cond: (id = 7671564)

table 4 : explain SELECT c FROM sbtest4 WHERE id=6193004
	Index Scan using sbtest4_pkey on sbtest4  (cost=0.43..8.45 rows=1 width=121)
	  Index Cond: (id = 6193004)

table 5 : explain SELECT c FROM sbtest5 WHERE id=8585634
	Index Scan using sbtest5_pkey on sbtest5  (cost=0.43..8.45 rows=1 width=121)
	  Index Cond: (id = 8585634)

table 6 : explain SELECT c FROM sbtest6 WHERE id=1012530
	Index Scan using sbtest6_pkey on sbtest6  (cost=0.43..8.45 rows=1 width=121)
	  Index Cond: (id = 1012530)

table 7 : explain SELECT c FROM sbtest7 WHERE id=9160651
	Index Scan using sbtest7_pkey on sbtest7  (cost=0.43..8.45 rows=1 width=121)
	  Index Cond: (id = 9160651)

table 8 : explain SELECT c FROM sbtest8 WHERE id=3411257
	Index Scan using sbtest8_pkey on sbtest8  (cost=0.43..8.45 rows=1 width=121)
	  Index Cond: (id = 3411257)

explain: for point_selects :: explain SELECT c FROM sbtest%u WHERE id=%u
for non_index_updates
table 1 : explain UPDATE sbtest1 SET c='foobar' WHERE id=5047254
	Update on sbtest1  (cost=0.43..8.45 rows=0 width=0)
	  ->  Index Scan using sbtest1_pkey on sbtest1  (cost=0.43..8.45 rows=1 width=490)
	        Index Cond: (id = 5047254)

table 2 : explain UPDATE sbtest2 SET c='foobar' WHERE id=8829606
	Update on sbtest2  (cost=0.43..8.45 rows=0 width=0)
	  ->  Index Scan using sbtest2_pkey on sbtest2  (cost=0.43..8.45 rows=1 width=490)
	        Index Cond: (id = 8829606)

table 3 : explain UPDATE sbtest3 SET c='foobar' WHERE id=6809025
	Update on sbtest3  (cost=0.43..8.45 rows=0 width=0)
	  ->  Index Scan using sbtest3_pkey on sbtest3  (cost=0.43..8.45 rows=1 width=490)
	        Index Cond: (id = 6809025)

table 4 : explain UPDATE sbtest4 SET c='foobar' WHERE id=6768216
	Update on sbtest4  (cost=0.43..8.45 rows=0 width=0)
	  ->  Index Scan using sbtest4_pkey on sbtest4  (cost=0.43..8.45 rows=1 width=490)
	        Index Cond: (id = 6768216)

table 5 : explain UPDATE sbtest5 SET c='foobar' WHERE id=8333413
	Update on sbtest5  (cost=0.43..8.45 rows=0 width=0)
	  ->  Index Scan using sbtest5_pkey on sbtest5  (cost=0.43..8.45 rows=1 width=490)
	        Index Cond: (id = 8333413)

table 6 : explain UPDATE sbtest6 SET c='foobar' WHERE id=7719924
	Update on sbtest6  (cost=0.43..8.45 rows=0 width=0)
	  ->  Index Scan using sbtest6_pkey on sbtest6  (cost=0.43..8.45 rows=1 width=490)
	        Index Cond: (id = 7719924)

table 7 : explain UPDATE sbtest7 SET c='foobar' WHERE id=3625579
	Update on sbtest7  (cost=0.43..8.45 rows=0 width=0)
	  ->  Index Scan using sbtest7_pkey on sbtest7  (cost=0.43..8.45 rows=1 width=490)
	        Index Cond: (id = 3625579)

table 8 : explain UPDATE sbtest8 SET c='foobar' WHERE id=4364799
	Update on sbtest8  (cost=0.43..8.45 rows=0 width=0)
	  ->  Index Scan using sbtest8_pkey on sbtest8  (cost=0.43..8.45 rows=1 width=490)
	        Index Cond: (id = 4364799)

for deletes
table 1 : explain DELETE FROM sbtest1 WHERE id=5919772
	Delete on sbtest1  (cost=0.43..8.45 rows=0 width=0)
	  ->  Index Scan using sbtest1_pkey on sbtest1  (cost=0.43..8.45 rows=1 width=6)
	        Index Cond: (id = 5919772)

table 2 : explain DELETE FROM sbtest2 WHERE id=3320955
	Delete on sbtest2  (cost=0.43..8.45 rows=0 width=0)
	  ->  Index Scan using sbtest2_pkey on sbtest2  (cost=0.43..8.45 rows=1 width=6)
	        Index Cond: (id = 3320955)

table 3 : explain DELETE FROM sbtest3 WHERE id=6011034
	Delete on sbtest3  (cost=0.43..8.45 rows=0 width=0)
	  ->  Index Scan using sbtest3_pkey on sbtest3  (cost=0.43..8.45 rows=1 width=6)
	        Index Cond: (id = 6011034)

table 4 : explain DELETE FROM sbtest4 WHERE id=7375574
	Delete on sbtest4  (cost=0.43..8.45 rows=0 width=0)
	  ->  Index Scan using sbtest4_pkey on sbtest4  (cost=0.43..8.45 rows=1 width=6)
	        Index Cond: (id = 7375574)

table 5 : explain DELETE FROM sbtest5 WHERE id=8061916
	Delete on sbtest5  (cost=0.43..8.45 rows=0 width=0)
	  ->  Index Scan using sbtest5_pkey on sbtest5  (cost=0.43..8.45 rows=1 width=6)
	        Index Cond: (id = 8061916)

table 6 : explain DELETE FROM sbtest6 WHERE id=1112013
	Delete on sbtest6  (cost=0.43..8.45 rows=0 width=0)
	  ->  Index Scan using sbtest6_pkey on sbtest6  (cost=0.43..8.45 rows=1 width=6)
	        Index Cond: (id = 1112013)

table 7 : explain DELETE FROM sbtest7 WHERE id=740591
	Delete on sbtest7  (cost=0.43..8.45 rows=0 width=0)
	  ->  Index Scan using sbtest7_pkey on sbtest7  (cost=0.43..8.45 rows=1 width=6)
	        Index Cond: (id = 740591)

table 8 : explain DELETE FROM sbtest8 WHERE id=7137503
	Delete on sbtest8  (cost=0.43..8.45 rows=0 width=0)
	  ->  Index Scan using sbtest8_pkey on sbtest8  (cost=0.43..8.45 rows=1 width=6)
	        Index Cond: (id = 7137503)

explain: for index_updates :: explain UPDATE sbtest%u SET k=k+1 WHERE id=%u
explain: for deletes :: explain DELETE FROM sbtest%u WHERE id=%u
for index_updates
table 1 : explain UPDATE sbtest1 SET k=k+1 WHERE id=895188
	Update on sbtest1  (cost=0.43..8.46 rows=0 width=0)
	  ->  Index Scan using sbtest1_pkey on sbtest1  (cost=0.43..8.46 rows=1 width=10)
	        Index Cond: (id = 895188)

table 2 : explain UPDATE sbtest2 SET k=k+1 WHERE id=6243701
	Update on sbtest2  (cost=0.43..8.46 rows=0 width=0)
	  ->  Index Scan using sbtest2_pkey on sbtest2  (cost=0.43..8.46 rows=1 width=10)
	        Index Cond: (id = 6243701)

table 3 : explain UPDATE sbtest3 SET k=k+1 WHERE id=8233159
	Update on sbtest3  (cost=0.43..8.46 rows=0 width=0)
	  ->  Index Scan using sbtest3_pkey on sbtest3  (cost=0.43..8.46 rows=1 width=10)
	        Index Cond: (id = 8233159)

table 4 : explain UPDATE sbtest4 SET k=k+1 WHERE id=7983705
	Update on sbtest4  (cost=0.43..8.46 rows=0 width=0)
	  ->  Index Scan using sbtest4_pkey on sbtest4  (cost=0.43..8.46 rows=1 width=10)
	        Index Cond: (id = 7983705)

table 5 : explain UPDATE sbtest5 SET k=k+1 WHERE id=6084527
	Update on sbtest5  (cost=0.43..8.46 rows=0 width=0)
	  ->  Index Scan using sbtest5_pkey on sbtest5  (cost=0.43..8.46 rows=1 width=10)
	        Index Cond: (id = 6084527)

table 6 : explain UPDATE sbtest6 SET k=k+1 WHERE id=6163413
	Update on sbtest6  (cost=0.43..8.46 rows=0 width=0)
	  ->  Index Scan using sbtest6_pkey on sbtest6  (cost=0.43..8.46 rows=1 width=10)
	        Index Cond: (id = 6163413)

table 7 : explain UPDATE sbtest7 SET k=k+1 WHERE id=4895166
	Update on sbtest7  (cost=0.43..8.46 rows=0 width=0)
	  ->  Index Scan using sbtest7_pkey on sbtest7  (cost=0.43..8.46 rows=1 width=10)
	        Index Cond: (id = 4895166)

table 8 : explain UPDATE sbtest8 SET k=k+1 WHERE id=7114333
	Update on sbtest8  (cost=0.43..8.46 rows=0 width=0)
	  ->  Index Scan using sbtest8_pkey on sbtest8  (cost=0.43..8.46 rows=1 width=10)
	        Index Cond: (id = 7114333)

for index_updates
table 1 : explain UPDATE sbtest1 SET k=k+1 WHERE id=1122195
	Update on sbtest1  (cost=0.43..8.46 rows=0 width=0)
	  ->  Index Scan using sbtest1_pkey on sbtest1  (cost=0.43..8.46 rows=1 width=10)
	        Index Cond: (id = 1122195)

table 2 : explain UPDATE sbtest2 SET k=k+1 WHERE id=1968477
	Update on sbtest2  (cost=0.43..8.46 rows=0 width=0)
	  ->  Index Scan using sbtest2_pkey on sbtest2  (cost=0.43..8.46 rows=1 width=10)
	        Index Cond: (id = 1968477)

table 3 : explain UPDATE sbtest3 SET k=k+1 WHERE id=3374293
	Update on sbtest3  (cost=0.43..8.46 rows=0 width=0)
	  ->  Index Scan using sbtest3_pkey on sbtest3  (cost=0.43..8.46 rows=1 width=10)
	        Index Cond: (id = 3374293)

table 4 : explain UPDATE sbtest4 SET k=k+1 WHERE id=6793422
	Update on sbtest4  (cost=0.43..8.46 rows=0 width=0)
	  ->  Index Scan using sbtest4_pkey on sbtest4  (cost=0.43..8.46 rows=1 width=10)
	        Index Cond: (id = 6793422)

table 5 : explain UPDATE sbtest5 SET k=k+1 WHERE id=5711819
	Update on sbtest5  (cost=0.43..8.46 rows=0 width=0)
	  ->  Index Scan using sbtest5_pkey on sbtest5  (cost=0.43..8.46 rows=1 width=10)
	        Index Cond: (id = 5711819)

table 6 : explain UPDATE sbtest6 SET k=k+1 WHERE id=4314502
	Update on sbtest6  (cost=0.43..8.46 rows=0 width=0)
	  ->  Index Scan using sbtest6_pkey on sbtest6  (cost=0.43..8.46 rows=1 width=10)
	        Index Cond: (id = 4314502)

table 7 : explain UPDATE sbtest7 SET k=k+1 WHERE id=918070
	Update on sbtest7  (cost=0.43..8.46 rows=0 width=0)
	  ->  Index Scan using sbtest7_pkey on sbtest7  (cost=0.43..8.46 rows=1 width=10)
	        Index Cond: (id = 918070)

table 8 : explain UPDATE sbtest8 SET k=k+1 WHERE id=7424593
	Update on sbtest8  (cost=0.43..8.46 rows=0 width=0)
	  ->  Index Scan using sbtest8_pkey on sbtest8  (cost=0.43..8.46 rows=1 width=10)
	        Index Cond: (id = 7424593)

for: distinct_ranges
table 1 : explain SELECT DISTINCT c FROM sbtest1 WHERE id BETWEEN 5873748 AND 5873757 ORDER BY c
	Unique  (cost=37.20..37.24 rows=9 width=121)
	  ->  Sort  (cost=37.20..37.22 rows=9 width=121)
	        Sort Key: c
	        ->  Index Scan using sbtest1_pkey on sbtest1  (cost=0.43..37.06 rows=9 width=121)
	              Index Cond: ((id >= 5873748) AND (id <= 5873757))

table 2 : explain SELECT DISTINCT c FROM sbtest2 WHERE id BETWEEN 1978092 AND 1978101 ORDER BY c
	Unique  (cost=40.74..40.79 rows=10 width=121)
	  ->  Sort  (cost=40.74..40.77 rows=10 width=121)
	        Sort Key: c
	        ->  Index Scan using sbtest2_pkey on sbtest2  (cost=0.43..40.58 rows=10 width=121)
	              Index Cond: ((id >= 1978092) AND (id <= 1978101))

table 3 : explain SELECT DISTINCT c FROM sbtest3 WHERE id BETWEEN 3907304 AND 3907313 ORDER BY c
	Unique  (cost=40.64..40.69 rows=10 width=121)
	  ->  Sort  (cost=40.64..40.67 rows=10 width=121)
	        Sort Key: c
	        ->  Index Scan using sbtest3_pkey on sbtest3  (cost=0.43..40.48 rows=10 width=121)
	              Index Cond: ((id >= 3907304) AND (id <= 3907313))

table 4 : explain SELECT DISTINCT c FROM sbtest4 WHERE id BETWEEN 245215 AND 245224 ORDER BY c
	Unique  (cost=40.43..40.48 rows=10 width=121)
	  ->  Sort  (cost=40.43..40.46 rows=10 width=121)
	        Sort Key: c
	        ->  Index Scan using sbtest4_pkey on sbtest4  (cost=0.43..40.27 rows=10 width=121)
	              Index Cond: ((id >= 245215) AND (id <= 245224))

table 5 : explain SELECT DISTINCT c FROM sbtest5 WHERE id BETWEEN 9991603 AND 9991612 ORDER BY c
	Unique  (cost=40.78..40.83 rows=10 width=121)
	  ->  Sort  (cost=40.78..40.81 rows=10 width=121)
	        Sort Key: c
	        ->  Index Scan using sbtest5_pkey on sbtest5  (cost=0.43..40.62 rows=10 width=121)
	              Index Cond: ((id >= 9991603) AND (id <= 9991612))

table 6 : explain SELECT DISTINCT c FROM sbtest6 WHERE id BETWEEN 7358202 AND 7358211 ORDER BY c
	Unique  (cost=44.13..44.18 rows=11 width=121)
	  ->  Sort  (cost=44.13..44.15 rows=11 width=121)
	        Sort Key: c
	        ->  Index Scan using sbtest6_pkey on sbtest6  (cost=0.43..43.94 rows=11 width=121)
	              Index Cond: ((id >= 7358202) AND (id <= 7358211))

table 7 : explain SELECT DISTINCT c FROM sbtest7 WHERE id BETWEEN 2255611 AND 2255620 ORDER BY c
	Unique  (cost=40.47..40.52 rows=10 width=121)
	  ->  Sort  (cost=40.47..40.49 rows=10 width=121)
	        Sort Key: c
	        ->  Index Scan using sbtest7_pkey on sbtest7  (cost=0.43..40.30 rows=10 width=121)
	              Index Cond: ((id >= 2255611) AND (id <= 2255620))

table 8 : explain SELECT DISTINCT c FROM sbtest8 WHERE id BETWEEN 7423365 AND 7423374 ORDER BY c
	Unique  (cost=40.51..40.56 rows=10 width=121)
	  ->  Sort  (cost=40.51..40.53 rows=10 width=121)
	        Sort Key: c
	        ->  Index Scan using sbtest8_pkey on sbtest8  (cost=0.43..40.34 rows=10 width=121)
	              Index Cond: ((id >= 7423365) AND (id <= 7423374))

for index_updates
table 1 : explain UPDATE sbtest1 SET k=k+1 WHERE id=2390236
	Update on sbtest1  (cost=0.43..8.46 rows=0 width=0)
	  ->  Index Scan using sbtest1_pkey on sbtest1  (cost=0.43..8.46 rows=1 width=10)
	        Index Cond: (id = 2390236)

table 2 : explain UPDATE sbtest2 SET k=k+1 WHERE id=9536041
	Update on sbtest2  (cost=0.43..8.46 rows=0 width=0)
	  ->  Index Scan using sbtest2_pkey on sbtest2  (cost=0.43..8.46 rows=1 width=10)
	        Index Cond: (id = 9536041)

table 3 : explain UPDATE sbtest3 SET k=k+1 WHERE id=1622099
	Update on sbtest3  (cost=0.43..8.46 rows=0 width=0)
	  ->  Index Scan using sbtest3_pkey on sbtest3  (cost=0.43..8.46 rows=1 width=10)
	        Index Cond: (id = 1622099)

table 4 : explain UPDATE sbtest4 SET k=k+1 WHERE id=3204337
	Update on sbtest4  (cost=0.43..8.46 rows=0 width=0)
	  ->  Index Scan using sbtest4_pkey on sbtest4  (cost=0.43..8.46 rows=1 width=10)
	        Index Cond: (id = 3204337)

table 5 : explain UPDATE sbtest5 SET k=k+1 WHERE id=1747005
	Update on sbtest5  (cost=0.43..8.46 rows=0 width=0)
	  ->  Index Scan using sbtest5_pkey on sbtest5  (cost=0.43..8.46 rows=1 width=10)
	        Index Cond: (id = 1747005)

table 6 : explain UPDATE sbtest6 SET k=k+1 WHERE id=3900585
	Update on sbtest6  (cost=0.43..8.46 rows=0 width=0)
	  ->  Index Scan using sbtest6_pkey on sbtest6  (cost=0.43..8.46 rows=1 width=10)
	        Index Cond: (id = 3900585)

table 7 : explain UPDATE sbtest7 SET k=k+1 WHERE id=9471737
	Update on sbtest7  (cost=0.43..8.46 rows=0 width=0)
	  ->  Index Scan using sbtest7_pkey on sbtest7  (cost=0.43..8.46 rows=1 width=10)
	        Index Cond: (id = 9471737)

table 8 : explain UPDATE sbtest8 SET k=k+1 WHERE id=9876497
	Update on sbtest8  (cost=0.43..8.46 rows=0 width=0)
	  ->  Index Scan using sbtest8_pkey on sbtest8  (cost=0.43..8.46 rows=1 width=10)
	        Index Cond: (id = 9876497)

for non_index_updates
table 1 : explain UPDATE sbtest1 SET c='foobar' WHERE id=9891359
	Update on sbtest1  (cost=0.43..8.45 rows=0 width=0)
	  ->  Index Scan using sbtest1_pkey on sbtest1  (cost=0.43..8.45 rows=1 width=490)
	        Index Cond: (id = 9891359)

table 2 : explain UPDATE sbtest2 SET c='foobar' WHERE id=78427
	Update on sbtest2  (cost=0.43..8.45 rows=0 width=0)
	  ->  Index Scan using sbtest2_pkey on sbtest2  (cost=0.43..8.45 rows=1 width=490)
	        Index Cond: (id = 78427)

table 3 : explain UPDATE sbtest3 SET c='foobar' WHERE id=3241899
	Update on sbtest3  (cost=0.43..8.45 rows=0 width=0)
	  ->  Index Scan using sbtest3_pkey on sbtest3  (cost=0.43..8.45 rows=1 width=490)
	        Index Cond: (id = 3241899)

table 4 : explain UPDATE sbtest4 SET c='foobar' WHERE id=6673595
	Update on sbtest4  (cost=0.43..8.45 rows=0 width=0)
	  ->  Index Scan using sbtest4_pkey on sbtest4  (cost=0.43..8.45 rows=1 width=490)
	        Index Cond: (id = 6673595)

table 5 : explain UPDATE sbtest5 SET c='foobar' WHERE id=1963868
	Update on sbtest5  (cost=0.43..8.45 rows=0 width=0)
	  ->  Index Scan using sbtest5_pkey on sbtest5  (cost=0.43..8.45 rows=1 width=490)
	        Index Cond: (id = 1963868)

table 6 : explain UPDATE sbtest6 SET c='foobar' WHERE id=5135671
	Update on sbtest6  (cost=0.43..8.45 rows=0 width=0)
	  ->  Index Scan using sbtest6_pkey on sbtest6  (cost=0.43..8.45 rows=1 width=490)
	        Index Cond: (id = 5135671)

table 7 : explain UPDATE sbtest7 SET c='foobar' WHERE id=8329725
	Update on sbtest7  (cost=0.43..8.45 rows=0 width=0)
	  ->  Index Scan using sbtest7_pkey on sbtest7  (cost=0.43..8.45 rows=1 width=490)
	        Index Cond: (id = 8329725)

table 8 : explain UPDATE sbtest8 SET c='foobar' WHERE id=2521141
	Update on sbtest8  (cost=0.43..8.45 rows=0 width=0)
	  ->  Index Scan using sbtest8_pkey on sbtest8  (cost=0.43..8.45 rows=1 width=490)
	        Index Cond: (id = 2521141)

for: distinct_ranges
table 1 : explain SELECT DISTINCT c FROM sbtest1 WHERE id BETWEEN 3917845 AND 3917854 ORDER BY c
	Unique  (cost=40.80..40.85 rows=10 width=121)
	  ->  Sort  (cost=40.80..40.82 rows=10 width=121)
	        Sort Key: c
	        ->  Index Scan using sbtest1_pkey on sbtest1  (cost=0.43..40.63 rows=10 width=121)
	              Index Cond: ((id >= 3917845) AND (id <= 3917854))

table 2 : explain SELECT DISTINCT c FROM sbtest2 WHERE id BETWEEN 3757679 AND 3757688 ORDER BY c
	Unique  (cost=40.74..40.79 rows=10 width=121)
	  ->  Sort  (cost=40.74..40.77 rows=10 width=121)
	        Sort Key: c
	        ->  Index Scan using sbtest2_pkey on sbtest2  (cost=0.43..40.58 rows=10 width=121)
	              Index Cond: ((id >= 3757679) AND (id <= 3757688))

table 3 : explain SELECT DISTINCT c FROM sbtest3 WHERE id BETWEEN 5342005 AND 5342014 ORDER BY c
	Unique  (cost=40.64..40.69 rows=10 width=121)
	  ->  Sort  (cost=40.64..40.67 rows=10 width=121)
	        Sort Key: c
	        ->  Index Scan using sbtest3_pkey on sbtest3  (cost=0.43..40.48 rows=10 width=121)
	              Index Cond: ((id >= 5342005) AND (id <= 5342014))

table 4 : explain SELECT DISTINCT c FROM sbtest4 WHERE id BETWEEN 4600045 AND 4600054 ORDER BY c
	Unique  (cost=43.99..44.05 rows=11 width=121)
	  ->  Sort  (cost=43.99..44.02 rows=11 width=121)
	        Sort Key: c
	        ->  Index Scan using sbtest4_pkey on sbtest4  (cost=0.43..43.80 rows=11 width=121)
	              Index Cond: ((id >= 4600045) AND (id <= 4600054))

table 5 : explain SELECT DISTINCT c FROM sbtest5 WHERE id BETWEEN 4482969 AND 4482978 ORDER BY c
	Unique  (cost=40.78..40.83 rows=10 width=121)
	  ->  Sort  (cost=40.78..40.81 rows=10 width=121)
	        Sort Key: c
	        ->  Index Scan using sbtest5_pkey on sbtest5  (cost=0.43..40.62 rows=10 width=121)
	              Index Cond: ((id >= 4482969) AND (id <= 4482978))

table 6 : explain SELECT DISTINCT c FROM sbtest6 WHERE id BETWEEN 3659574 AND 3659583 ORDER BY c
	Unique  (cost=40.55..40.60 rows=10 width=121)
	  ->  Sort  (cost=40.55..40.58 rows=10 width=121)
	        Sort Key: c
	        ->  Index Scan using sbtest6_pkey on sbtest6  (cost=0.43..40.39 rows=10 width=121)
	              Index Cond: ((id >= 3659574) AND (id <= 3659583))

table 7 : explain SELECT DISTINCT c FROM sbtest7 WHERE id BETWEEN 7054995 AND 7055004 ORDER BY c
	Unique  (cost=44.03..44.08 rows=11 width=121)
	  ->  Sort  (cost=44.03..44.06 rows=11 width=121)
	        Sort Key: c
	        ->  Index Scan using sbtest7_pkey on sbtest7  (cost=0.43..43.84 rows=11 width=121)
	              Index Cond: ((id >= 7054995) AND (id <= 7055004))

table 8 : explain SELECT DISTINCT c FROM sbtest8 WHERE id BETWEEN 5551632 AND 5551641 ORDER BY c
	Unique  (cost=44.08..44.13 rows=11 width=121)
	  ->  Sort  (cost=44.08..44.10 rows=11 width=121)
	        Sort Key: c
	        ->  Index Scan using sbtest8_pkey on sbtest8  (cost=0.43..43.89 rows=11 width=121)
	              Index Cond: ((id >= 5551632) AND (id <= 5551641))

explain: for non_index_updates :: explain UPDATE sbtest%u SET c='foobar' WHERE id=%u
for deletes
table 1 : explain DELETE FROM sbtest1 WHERE id=2428466
	Delete on sbtest1  (cost=0.43..8.45 rows=0 width=0)
	  ->  Index Scan using sbtest1_pkey on sbtest1  (cost=0.43..8.45 rows=1 width=6)
	        Index Cond: (id = 2428466)

table 2 : explain DELETE FROM sbtest2 WHERE id=8777888
	Delete on sbtest2  (cost=0.43..8.45 rows=0 width=0)
	  ->  Index Scan using sbtest2_pkey on sbtest2  (cost=0.43..8.45 rows=1 width=6)
	        Index Cond: (id = 8777888)

table 3 : explain DELETE FROM sbtest3 WHERE id=9263203
	Delete on sbtest3  (cost=0.43..8.45 rows=0 width=0)
	  ->  Index Scan using sbtest3_pkey on sbtest3  (cost=0.43..8.45 rows=1 width=6)
	        Index Cond: (id = 9263203)

table 4 : explain DELETE FROM sbtest4 WHERE id=1939793
	Delete on sbtest4  (cost=0.43..8.45 rows=0 width=0)
	  ->  Index Scan using sbtest4_pkey on sbtest4  (cost=0.43..8.45 rows=1 width=6)
	        Index Cond: (id = 1939793)

table 5 : explain DELETE FROM sbtest5 WHERE id=2414596
	Delete on sbtest5  (cost=0.43..8.45 rows=0 width=0)
	  ->  Index Scan using sbtest5_pkey on sbtest5  (cost=0.43..8.45 rows=1 width=6)
	        Index Cond: (id = 2414596)

table 6 : explain DELETE FROM sbtest6 WHERE id=1294068
	Delete on sbtest6  (cost=0.43..8.45 rows=0 width=0)
	  ->  Index Scan using sbtest6_pkey on sbtest6  (cost=0.43..8.45 rows=1 width=6)
	        Index Cond: (id = 1294068)

table 7 : explain DELETE FROM sbtest7 WHERE id=4779239
	Delete on sbtest7  (cost=0.43..8.45 rows=0 width=0)
	  ->  Index Scan using sbtest7_pkey on sbtest7  (cost=0.43..8.45 rows=1 width=6)
	        Index Cond: (id = 4779239)

table 8 : explain DELETE FROM sbtest8 WHERE id=2687850
	Delete on sbtest8  (cost=0.43..8.45 rows=0 width=0)
	  ->  Index Scan using sbtest8_pkey on sbtest8  (cost=0.43..8.45 rows=1 width=6)
	        Index Cond: (id = 2687850)

for: simple_ranges
table 1 : explain SELECT c FROM sbtest1 WHERE id BETWEEN 722772 AND 722781
	Index Scan using sbtest1_pkey on sbtest1  (cost=0.43..40.63 rows=10 width=121)
	  Index Cond: ((id >= 722772) AND (id <= 722781))

table 2 : explain SELECT c FROM sbtest2 WHERE id BETWEEN 7257942 AND 7257951
	Index Scan using sbtest2_pkey on sbtest2  (cost=0.43..37.01 rows=9 width=121)
	  Index Cond: ((id >= 7257942) AND (id <= 7257951))

table 3 : explain SELECT c FROM sbtest3 WHERE id BETWEEN 8978493 AND 8978502
	Index Scan using sbtest3_pkey on sbtest3  (cost=0.43..40.48 rows=10 width=121)
	  Index Cond: ((id >= 8978493) AND (id <= 8978502))

table 4 : explain SELECT c FROM sbtest4 WHERE id BETWEEN 2681244 AND 2681253
	Index Scan using sbtest4_pkey on sbtest4  (cost=0.43..43.80 rows=11 width=121)
	  Index Cond: ((id >= 2681244) AND (id <= 2681253))

table 5 : explain SELECT c FROM sbtest5 WHERE id BETWEEN 6883596 AND 6883605
	Index Scan using sbtest5_pkey on sbtest5  (cost=0.43..40.62 rows=10 width=121)
	  Index Cond: ((id >= 6883596) AND (id <= 6883605))

table 6 : explain SELECT c FROM sbtest6 WHERE id BETWEEN 5651758 AND 5651767
	Index Scan using sbtest6_pkey on sbtest6  (cost=0.43..40.39 rows=10 width=121)
	  Index Cond: ((id >= 5651758) AND (id <= 5651767))

table 7 : explain SELECT c FROM sbtest7 WHERE id BETWEEN 4399668 AND 4399677
	Index Scan using sbtest7_pkey on sbtest7  (cost=0.43..40.30 rows=10 width=121)
	  Index Cond: ((id >= 4399668) AND (id <= 4399677))

table 8 : explain SELECT c FROM sbtest8 WHERE id BETWEEN 644640 AND 644649
	Index Scan using sbtest8_pkey on sbtest8  (cost=0.43..43.89 rows=11 width=121)
	  Index Cond: ((id >= 644640) AND (id <= 644649))

explain: for inserts :: explain INSERT INTO sbtest%u (id, k, c, pad) VALUES (%u, 13, 'foobar', 'foobar')
explain: for non_index_updates :: explain UPDATE sbtest%u SET c='foobar' WHERE id=%u
for index_updates
table 1 : explain UPDATE sbtest1 SET k=k+1 WHERE id=9619254
	Update on sbtest1  (cost=0.43..8.46 rows=0 width=0)
	  ->  Index Scan using sbtest1_pkey on sbtest1  (cost=0.43..8.46 rows=1 width=10)
	        Index Cond: (id = 9619254)

table 2 : explain UPDATE sbtest2 SET k=k+1 WHERE id=7439987
	Update on sbtest2  (cost=0.43..8.46 rows=0 width=0)
	  ->  Index Scan using sbtest2_pkey on sbtest2  (cost=0.43..8.46 rows=1 width=10)
	        Index Cond: (id = 7439987)

table 3 : explain UPDATE sbtest3 SET k=k+1 WHERE id=4843209
	Update on sbtest3  (cost=0.43..8.46 rows=0 width=0)
	  ->  Index Scan using sbtest3_pkey on sbtest3  (cost=0.43..8.46 rows=1 width=10)
	        Index Cond: (id = 4843209)

table 4 : explain UPDATE sbtest4 SET k=k+1 WHERE id=6982399
	Update on sbtest4  (cost=0.43..8.46 rows=0 width=0)
	  ->  Index Scan using sbtest4_pkey on sbtest4  (cost=0.43..8.46 rows=1 width=10)
	        Index Cond: (id = 6982399)

table 5 : explain UPDATE sbtest5 SET k=k+1 WHERE id=3383523
	Update on sbtest5  (cost=0.43..8.46 rows=0 width=0)
	  ->  Index Scan using sbtest5_pkey on sbtest5  (cost=0.43..8.46 rows=1 width=10)
	        Index Cond: (id = 3383523)

table 6 : explain UPDATE sbtest6 SET k=k+1 WHERE id=7244863
	Update on sbtest6  (cost=0.43..8.46 rows=0 width=0)
	  ->  Index Scan using sbtest6_pkey on sbtest6  (cost=0.43..8.46 rows=1 width=10)
	        Index Cond: (id = 7244863)

table 7 : explain UPDATE sbtest7 SET k=k+1 WHERE id=815464
	Update on sbtest7  (cost=0.43..8.46 rows=0 width=0)
	  ->  Index Scan using sbtest7_pkey on sbtest7  (cost=0.43..8.46 rows=1 width=10)
	        Index Cond: (id = 815464)

table 8 : explain UPDATE sbtest8 SET k=k+1 WHERE id=87651
	Update on sbtest8  (cost=0.43..8.46 rows=0 width=0)
	  ->  Index Scan using sbtest8_pkey on sbtest8  (cost=0.43..8.46 rows=1 width=10)
	        Index Cond: (id = 87651)

explain: for index_updates :: explain UPDATE sbtest%u SET k=k+1 WHERE id=%u
explain: for non_index_updates :: explain UPDATE sbtest%u SET c='foobar' WHERE id=%u
explain: for deletes :: explain DELETE FROM sbtest%u WHERE id=%u
for: distinct_ranges
table 1 : explain SELECT DISTINCT c FROM sbtest1 WHERE id BETWEEN 9171981 AND 9171990 ORDER BY c
	Unique  (cost=37.20..37.24 rows=9 width=121)
	  ->  Sort  (cost=37.20..37.22 rows=9 width=121)
	        Sort Key: c
	        ->  Index Scan using sbtest1_pkey on sbtest1  (cost=0.43..37.06 rows=9 width=121)
	              Index Cond: ((id >= 9171981) AND (id <= 9171990))

table 2 : explain SELECT DISTINCT c FROM sbtest2 WHERE id BETWEEN 6677966 AND 6677975 ORDER BY c
	Unique  (cost=40.74..40.79 rows=10 width=121)
	  ->  Sort  (cost=40.74..40.77 rows=10 width=121)
	        Sort Key: c
	        ->  Index Scan using sbtest2_pkey on sbtest2  (cost=0.43..40.58 rows=10 width=121)
	              Index Cond: ((id >= 6677966) AND (id <= 6677975))

table 3 : explain SELECT DISTINCT c FROM sbtest3 WHERE id BETWEEN 1632001 AND 1632010 ORDER BY c
	Unique  (cost=37.06..37.11 rows=9 width=121)
	  ->  Sort  (cost=37.06..37.08 rows=9 width=121)
	        Sort Key: c
	        ->  Index Scan using sbtest3_pkey on sbtest3  (cost=0.43..36.92 rows=9 width=121)
	              Index Cond: ((id >= 1632001) AND (id <= 1632010))

table 4 : explain SELECT DISTINCT c FROM sbtest4 WHERE id BETWEEN 4808819 AND 4808828 ORDER BY c
	Unique  (cost=40.43..40.48 rows=10 width=121)
	  ->  Sort  (cost=40.43..40.46 rows=10 width=121)
	        Sort Key: c
	        ->  Index Scan using sbtest4_pkey on sbtest4  (cost=0.43..40.27 rows=10 width=121)
	              Index Cond: ((id >= 4808819) AND (id <= 4808828))

table 5 : explain SELECT DISTINCT c FROM sbtest5 WHERE id BETWEEN 8388840 AND 8388849 ORDER BY c
	Unique  (cost=40.78..40.83 rows=10 width=121)
	  ->  Sort  (cost=40.78..40.81 rows=10 width=121)
	        Sort Key: c
	        ->  Index Scan using sbtest5_pkey on sbtest5  (cost=0.43..40.62 rows=10 width=121)
	              Index Cond: ((id >= 8388840) AND (id <= 8388849))

table 6 : explain SELECT DISTINCT c FROM sbtest6 WHERE id BETWEEN 931722 AND 931731 ORDER BY c
	Unique  (cost=36.98..37.03 rows=9 width=121)
	  ->  Sort  (cost=36.98..37.00 rows=9 width=121)
	        Sort Key: c
	        ->  Index Scan using sbtest6_pkey on sbtest6  (cost=0.43..36.84 rows=9 width=121)
	              Index Cond: ((id >= 931722) AND (id <= 931731))

table 7 : explain SELECT DISTINCT c FROM sbtest7 WHERE id BETWEEN 8474308 AND 8474317 ORDER BY c
	Unique  (cost=40.47..40.52 rows=10 width=121)
	  ->  Sort  (cost=40.47..40.49 rows=10 width=121)
	        Sort Key: c
	        ->  Index Scan using sbtest7_pkey on sbtest7  (cost=0.43..40.30 rows=10 width=121)
	              Index Cond: ((id >= 8474308) AND (id <= 8474317))

table 8 : explain SELECT DISTINCT c FROM sbtest8 WHERE id BETWEEN 7667675 AND 7667684 ORDER BY c
	Unique  (cost=40.51..40.56 rows=10 width=121)
	  ->  Sort  (cost=40.51..40.53 rows=10 width=121)
	        Sort Key: c
	        ->  Index Scan using sbtest8_pkey on sbtest8  (cost=0.43..40.34 rows=10 width=121)
	              Index Cond: ((id >= 7667675) AND (id <= 7667684))

explain: for index_updates :: explain UPDATE sbtest%u SET k=k+1 WHERE id=%u
explain: for inserts :: explain INSERT INTO sbtest%u (id, k, c, pad) VALUES (%u, 13, 'foobar', 'foobar')
for inserts
table 1 : explain INSERT INTO sbtest1 (id, k, c, pad) VALUES (2537132, 13, 'foobar', 'foobar')
	Insert on sbtest1  (cost=0.00..0.01 rows=0 width=0)
	  ->  Result  (cost=0.00..0.01 rows=1 width=736)

table 2 : explain INSERT INTO sbtest2 (id, k, c, pad) VALUES (1034845, 13, 'foobar', 'foobar')
	Insert on sbtest2  (cost=0.00..0.01 rows=0 width=0)
	  ->  Result  (cost=0.00..0.01 rows=1 width=736)

table 3 : explain INSERT INTO sbtest3 (id, k, c, pad) VALUES (5043643, 13, 'foobar', 'foobar')
	Insert on sbtest3  (cost=0.00..0.01 rows=0 width=0)
	  ->  Result  (cost=0.00..0.01 rows=1 width=736)

table 4 : explain INSERT INTO sbtest4 (id, k, c, pad) VALUES (6710583, 13, 'foobar', 'foobar')
	Insert on sbtest4  (cost=0.00..0.01 rows=0 width=0)
	  ->  Result  (cost=0.00..0.01 rows=1 width=736)

table 5 : explain INSERT INTO sbtest5 (id, k, c, pad) VALUES (7972252, 13, 'foobar', 'foobar')
	Insert on sbtest5  (cost=0.00..0.01 rows=0 width=0)
	  ->  Result  (cost=0.00..0.01 rows=1 width=736)

table 6 : explain INSERT INTO sbtest6 (id, k, c, pad) VALUES (7977918, 13, 'foobar', 'foobar')
	Insert on sbtest6  (cost=0.00..0.01 rows=0 width=0)
	  ->  Result  (cost=0.00..0.01 rows=1 width=736)

table 7 : explain INSERT INTO sbtest7 (id, k, c, pad) VALUES (690509, 13, 'foobar', 'foobar')
	Insert on sbtest7  (cost=0.00..0.01 rows=0 width=0)
	  ->  Result  (cost=0.00..0.01 rows=1 width=736)

table 8 : explain INSERT INTO sbtest8 (id, k, c, pad) VALUES (3065445, 13, 'foobar', 'foobar')
	Insert on sbtest8  (cost=0.00..0.01 rows=0 width=0)
	  ->  Result  (cost=0.00..0.01 rows=1 width=736)

for non_index_updates
table 1 : explain UPDATE sbtest1 SET c='foobar' WHERE id=3223836
	Update on sbtest1  (cost=0.43..8.45 rows=0 width=0)
	  ->  Index Scan using sbtest1_pkey on sbtest1  (cost=0.43..8.45 rows=1 width=490)
	        Index Cond: (id = 3223836)

table 2 : explain UPDATE sbtest2 SET c='foobar' WHERE id=7423355
	Update on sbtest2  (cost=0.43..8.45 rows=0 width=0)
	  ->  Index Scan using sbtest2_pkey on sbtest2  (cost=0.43..8.45 rows=1 width=490)
	        Index Cond: (id = 7423355)

table 3 : explain UPDATE sbtest3 SET c='foobar' WHERE id=3344005
	Update on sbtest3  (cost=0.43..8.45 rows=0 width=0)
	  ->  Index Scan using sbtest3_pkey on sbtest3  (cost=0.43..8.45 rows=1 width=490)
	        Index Cond: (id = 3344005)

table 4 : explain UPDATE sbtest4 SET c='foobar' WHERE id=8540147
	Update on sbtest4  (cost=0.43..8.45 rows=0 width=0)
	  ->  Index Scan using sbtest4_pkey on sbtest4  (cost=0.43..8.45 rows=1 width=490)
	        Index Cond: (id = 8540147)

table 5 : explain UPDATE sbtest5 SET c='foobar' WHERE id=3927095
	Update on sbtest5  (cost=0.43..8.45 rows=0 width=0)
	  ->  Index Scan using sbtest5_pkey on sbtest5  (cost=0.43..8.45 rows=1 width=490)
	        Index Cond: (id = 3927095)

table 6 : explain UPDATE sbtest6 SET c='foobar' WHERE id=5061107
	Update on sbtest6  (cost=0.43..8.45 rows=0 width=0)
	  ->  Index Scan using sbtest6_pkey on sbtest6  (cost=0.43..8.45 rows=1 width=490)
	        Index Cond: (id = 5061107)

table 7 : explain UPDATE sbtest7 SET c='foobar' WHERE id=7092488
	Update on sbtest7  (cost=0.43..8.45 rows=0 width=0)
	  ->  Index Scan using sbtest7_pkey on sbtest7  (cost=0.43..8.45 rows=1 width=490)
	        Index Cond: (id = 7092488)

table 8 : explain UPDATE sbtest8 SET c='foobar' WHERE id=3700968
	Update on sbtest8  (cost=0.43..8.45 rows=0 width=0)
	  ->  Index Scan using sbtest8_pkey on sbtest8  (cost=0.43..8.45 rows=1 width=490)
	        Index Cond: (id = 3700968)

explain: for non_index_updates :: explain UPDATE sbtest%u SET c='foobar' WHERE id=%u
for non_index_updates
table 1 : explain UPDATE sbtest1 SET c='foobar' WHERE id=9201342
	Update on sbtest1  (cost=0.43..8.45 rows=0 width=0)
	  ->  Index Scan using sbtest1_pkey on sbtest1  (cost=0.43..8.45 rows=1 width=490)
	        Index Cond: (id = 9201342)

table 2 : explain UPDATE sbtest2 SET c='foobar' WHERE id=4489634
	Update on sbtest2  (cost=0.43..8.45 rows=0 width=0)
	  ->  Index Scan using sbtest2_pkey on sbtest2  (cost=0.43..8.45 rows=1 width=490)
	        Index Cond: (id = 4489634)

table 3 : explain UPDATE sbtest3 SET c='foobar' WHERE id=685979
	Update on sbtest3  (cost=0.43..8.45 rows=0 width=0)
	  ->  Index Scan using sbtest3_pkey on sbtest3  (cost=0.43..8.45 rows=1 width=490)
	        Index Cond: (id = 685979)

table 4 : explain UPDATE sbtest4 SET c='foobar' WHERE id=9224784
	Update on sbtest4  (cost=0.43..8.45 rows=0 width=0)
	  ->  Index Scan using sbtest4_pkey on sbtest4  (cost=0.43..8.45 rows=1 width=490)
	        Index Cond: (id = 9224784)

table 5 : explain UPDATE sbtest5 SET c='foobar' WHERE id=268635
	Update on sbtest5  (cost=0.43..8.45 rows=0 width=0)
	  ->  Index Scan using sbtest5_pkey on sbtest5  (cost=0.43..8.45 rows=1 width=490)
	        Index Cond: (id = 268635)

table 6 : explain UPDATE sbtest6 SET c='foobar' WHERE id=4882724
	Update on sbtest6  (cost=0.43..8.45 rows=0 width=0)
	  ->  Index Scan using sbtest6_pkey on sbtest6  (cost=0.43..8.45 rows=1 width=490)
	        Index Cond: (id = 4882724)

table 7 : explain UPDATE sbtest7 SET c='foobar' WHERE id=5942633
	Update on sbtest7  (cost=0.43..8.45 rows=0 width=0)
	  ->  Index Scan using sbtest7_pkey on sbtest7  (cost=0.43..8.45 rows=1 width=490)
	        Index Cond: (id = 5942633)

table 8 : explain UPDATE sbtest8 SET c='foobar' WHERE id=949198
	Update on sbtest8  (cost=0.43..8.45 rows=0 width=0)
	  ->  Index Scan using sbtest8_pkey on sbtest8  (cost=0.43..8.45 rows=1 width=490)
	        Index Cond: (id = 949198)

for non_index_updates
table 1 : explain UPDATE sbtest1 SET c='foobar' WHERE id=9968439
	Update on sbtest1  (cost=0.43..8.45 rows=0 width=0)
	  ->  Index Scan using sbtest1_pkey on sbtest1  (cost=0.43..8.45 rows=1 width=490)
	        Index Cond: (id = 9968439)

table 2 : explain UPDATE sbtest2 SET c='foobar' WHERE id=8273734
	Update on sbtest2  (cost=0.43..8.45 rows=0 width=0)
	  ->  Index Scan using sbtest2_pkey on sbtest2  (cost=0.43..8.45 rows=1 width=490)
	        Index Cond: (id = 8273734)

table 3 : explain UPDATE sbtest3 SET c='foobar' WHERE id=8681626
	Update on sbtest3  (cost=0.43..8.45 rows=0 width=0)
	  ->  Index Scan using sbtest3_pkey on sbtest3  (cost=0.43..8.45 rows=1 width=490)
	        Index Cond: (id = 8681626)

table 4 : explain UPDATE sbtest4 SET c='foobar' WHERE id=763111
	Update on sbtest4  (cost=0.43..8.45 rows=0 width=0)
	  ->  Index Scan using sbtest4_pkey on sbtest4  (cost=0.43..8.45 rows=1 width=490)
	        Index Cond: (id = 763111)

table 5 : explain UPDATE sbtest5 SET c='foobar' WHERE id=5004359
	Update on sbtest5  (cost=0.43..8.45 rows=0 width=0)
	  ->  Index Scan using sbtest5_pkey on sbtest5  (cost=0.43..8.45 rows=1 width=490)
	        Index Cond: (id = 5004359)

table 6 : explain UPDATE sbtest6 SET c='foobar' WHERE id=7542925
	Update on sbtest6  (cost=0.43..8.45 rows=0 width=0)
	  ->  Index Scan using sbtest6_pkey on sbtest6  (cost=0.43..8.45 rows=1 width=490)
	        Index Cond: (id = 7542925)

table 7 : explain UPDATE sbtest7 SET c='foobar' WHERE id=7798007
	Update on sbtest7  (cost=0.43..8.45 rows=0 width=0)
	  ->  Index Scan using sbtest7_pkey on sbtest7  (cost=0.43..8.45 rows=1 width=490)
	        Index Cond: (id = 7798007)

table 8 : explain UPDATE sbtest8 SET c='foobar' WHERE id=6734404
	Update on sbtest8  (cost=0.43..8.45 rows=0 width=0)
	  ->  Index Scan using sbtest8_pkey on sbtest8  (cost=0.43..8.45 rows=1 width=490)
	        Index Cond: (id = 6734404)

explain: for deletes :: explain DELETE FROM sbtest%u WHERE id=%u
for deletes
table 1 : explain DELETE FROM sbtest1 WHERE id=4272284
	Delete on sbtest1  (cost=0.43..8.45 rows=0 width=0)
	  ->  Index Scan using sbtest1_pkey on sbtest1  (cost=0.43..8.45 rows=1 width=6)
	        Index Cond: (id = 4272284)

table 2 : explain DELETE FROM sbtest2 WHERE id=4378050
	Delete on sbtest2  (cost=0.43..8.45 rows=0 width=0)
	  ->  Index Scan using sbtest2_pkey on sbtest2  (cost=0.43..8.45 rows=1 width=6)
	        Index Cond: (id = 4378050)

table 3 : explain DELETE FROM sbtest3 WHERE id=9134989
	Delete on sbtest3  (cost=0.43..8.45 rows=0 width=0)
	  ->  Index Scan using sbtest3_pkey on sbtest3  (cost=0.43..8.45 rows=1 width=6)
	        Index Cond: (id = 9134989)

table 4 : explain DELETE FROM sbtest4 WHERE id=7600443
	Delete on sbtest4  (cost=0.43..8.45 rows=0 width=0)
	  ->  Index Scan using sbtest4_pkey on sbtest4  (cost=0.43..8.45 rows=1 width=6)
	        Index Cond: (id = 7600443)

table 5 : explain DELETE FROM sbtest5 WHERE id=6384908
	Delete on sbtest5  (cost=0.43..8.45 rows=0 width=0)
	  ->  Index Scan using sbtest5_pkey on sbtest5  (cost=0.43..8.45 rows=1 width=6)
	        Index Cond: (id = 6384908)

table 6 : explain DELETE FROM sbtest6 WHERE id=2827803
	Delete on sbtest6  (cost=0.43..8.45 rows=0 width=0)
	  ->  Index Scan using sbtest6_pkey on sbtest6  (cost=0.43..8.45 rows=1 width=6)
	        Index Cond: (id = 2827803)

table 7 : explain DELETE FROM sbtest7 WHERE id=5797854
	Delete on sbtest7  (cost=0.43..8.45 rows=0 width=0)
	  ->  Index Scan using sbtest7_pkey on sbtest7  (cost=0.43..8.45 rows=1 width=6)
	        Index Cond: (id = 5797854)

table 8 : explain DELETE FROM sbtest8 WHERE id=2178388
	Delete on sbtest8  (cost=0.43..8.45 rows=0 width=0)
	  ->  Index Scan using sbtest8_pkey on sbtest8  (cost=0.43..8.45 rows=1 width=6)
	        Index Cond: (id = 2178388)

for inserts
table 1 : explain INSERT INTO sbtest1 (id, k, c, pad) VALUES (8140302, 13, 'foobar', 'foobar')
	Insert on sbtest1  (cost=0.00..0.01 rows=0 width=0)
	  ->  Result  (cost=0.00..0.01 rows=1 width=736)

table 2 : explain INSERT INTO sbtest2 (id, k, c, pad) VALUES (2742986, 13, 'foobar', 'foobar')
	Insert on sbtest2  (cost=0.00..0.01 rows=0 width=0)
	  ->  Result  (cost=0.00..0.01 rows=1 width=736)

table 3 : explain INSERT INTO sbtest3 (id, k, c, pad) VALUES (2822656, 13, 'foobar', 'foobar')
	Insert on sbtest3  (cost=0.00..0.01 rows=0 width=0)
	  ->  Result  (cost=0.00..0.01 rows=1 width=736)

table 4 : explain INSERT INTO sbtest4 (id, k, c, pad) VALUES (3100875, 13, 'foobar', 'foobar')
	Insert on sbtest4  (cost=0.00..0.01 rows=0 width=0)
	  ->  Result  (cost=0.00..0.01 rows=1 width=736)

table 5 : explain INSERT INTO sbtest5 (id, k, c, pad) VALUES (2181518, 13, 'foobar', 'foobar')
	Insert on sbtest5  (cost=0.00..0.01 rows=0 width=0)
	  ->  Result  (cost=0.00..0.01 rows=1 width=736)

table 6 : explain INSERT INTO sbtest6 (id, k, c, pad) VALUES (6564184, 13, 'foobar', 'foobar')
	Insert on sbtest6  (cost=0.00..0.01 rows=0 width=0)
	  ->  Result  (cost=0.00..0.01 rows=1 width=736)

table 7 : explain INSERT INTO sbtest7 (id, k, c, pad) VALUES (2595200, 13, 'foobar', 'foobar')
	Insert on sbtest7  (cost=0.00..0.01 rows=0 width=0)
	  ->  Result  (cost=0.00..0.01 rows=1 width=736)

table 8 : explain INSERT INTO sbtest8 (id, k, c, pad) VALUES (9569154, 13, 'foobar', 'foobar')
	Insert on sbtest8  (cost=0.00..0.01 rows=0 width=0)
	  ->  Result  (cost=0.00..0.01 rows=1 width=736)
for index_updates
table 1 : explain UPDATE sbtest1 SET k=k+1 WHERE id=7505676
	Update on sbtest1  (cost=0.43..8.46 rows=0 width=0)
	  ->  Index Scan using sbtest1_pkey on sbtest1  (cost=0.43..8.46 rows=1 width=10)
	        Index Cond: (id = 7505676)

table 2 : explain UPDATE sbtest2 SET k=k+1 WHERE id=1983902
	Update on sbtest2  (cost=0.43..8.46 rows=0 width=0)
	  ->  Index Scan using sbtest2_pkey on sbtest2  (cost=0.43..8.46 rows=1 width=10)
	        Index Cond: (id = 1983902)

table 3 : explain UPDATE sbtest3 SET k=k+1 WHERE id=3490363
	Update on sbtest3  (cost=0.43..8.46 rows=0 width=0)
	  ->  Index Scan using sbtest3_pkey on sbtest3  (cost=0.43..8.46 rows=1 width=10)
	        Index Cond: (id = 3490363)

table 4 : explain UPDATE sbtest4 SET k=k+1 WHERE id=3547913
	Update on sbtest4  (cost=0.43..8.46 rows=0 width=0)
	  ->  Index Scan using sbtest4_pkey on sbtest4  (cost=0.43..8.46 rows=1 width=10)
	        Index Cond: (id = 3547913)

table 5 : explain UPDATE sbtest5 SET k=k+1 WHERE id=7816364
	Update on sbtest5  (cost=0.43..8.46 rows=0 width=0)
	  ->  Index Scan using sbtest5_pkey on sbtest5  (cost=0.43..8.46 rows=1 width=10)
	        Index Cond: (id = 7816364)

table 6 : explain UPDATE sbtest6 SET k=k+1 WHERE id=6287352
	Update on sbtest6  (cost=0.43..8.46 rows=0 width=0)
	  ->  Index Scan using sbtest6_pkey on sbtest6  (cost=0.43..8.46 rows=1 width=10)
	        Index Cond: (id = 6287352)

table 7 : explain UPDATE sbtest7 SET k=k+1 WHERE id=5296294
	Update on sbtest7  (cost=0.43..8.46 rows=0 width=0)
	  ->  Index Scan using sbtest7_pkey on sbtest7  (cost=0.43..8.46 rows=1 width=10)
	        Index Cond: (id = 5296294)

table 8 : explain UPDATE sbtest8 SET k=k+1 WHERE id=1123895
	Update on sbtest8  (cost=0.43..8.46 rows=0 width=0)
	  ->  Index Scan using sbtest8_pkey on sbtest8  (cost=0.43..8.46 rows=1 width=10)
	        Index Cond: (id = 1123895)


for non_index_updates
table 1 : explain UPDATE sbtest1 SET c='foobar' WHERE id=2241409
	Update on sbtest1  (cost=0.43..8.45 rows=0 width=0)
	  ->  Index Scan using sbtest1_pkey on sbtest1  (cost=0.43..8.45 rows=1 width=490)
	        Index Cond: (id = 2241409)

table 2 : explain UPDATE sbtest2 SET c='foobar' WHERE id=2241946
	Update on sbtest2  (cost=0.43..8.45 rows=0 width=0)
	  ->  Index Scan using sbtest2_pkey on sbtest2  (cost=0.43..8.45 rows=1 width=490)
	        Index Cond: (id = 2241946)

table 3 : explain UPDATE sbtest3 SET c='foobar' WHERE id=7018846
	Update on sbtest3  (cost=0.43..8.45 rows=0 width=0)
	  ->  Index Scan using sbtest3_pkey on sbtest3  (cost=0.43..8.45 rows=1 width=490)
	        Index Cond: (id = 7018846)

table 4 : explain UPDATE sbtest4 SET c='foobar' WHERE id=8003441
	Update on sbtest4  (cost=0.43..8.45 rows=0 width=0)
	  ->  Index Scan using sbtest4_pkey on sbtest4  (cost=0.43..8.45 rows=1 width=490)
	        Index Cond: (id = 8003441)

table 5 : explain UPDATE sbtest5 SET c='foobar' WHERE id=8384664
	Update on sbtest5  (cost=0.43..8.45 rows=0 width=0)
	  ->  Index Scan using sbtest5_pkey on sbtest5  (cost=0.43..8.45 rows=1 width=490)
	        Index Cond: (id = 8384664)

table 6 : explain UPDATE sbtest6 SET c='foobar' WHERE id=9941427
	Update on sbtest6  (cost=0.43..8.45 rows=0 width=0)
	  ->  Index Scan using sbtest6_pkey on sbtest6  (cost=0.43..8.45 rows=1 width=490)
	        Index Cond: (id = 9941427)

table 7 : explain UPDATE sbtest7 SET c='foobar' WHERE id=8030815
	Update on sbtest7  (cost=0.43..8.45 rows=0 width=0)
	  ->  Index Scan using sbtest7_pkey on sbtest7  (cost=0.43..8.45 rows=1 width=490)
	        Index Cond: (id = 8030815)

table 8 : explain UPDATE sbtest8 SET c='foobar' WHERE id=4042972
	Update on sbtest8  (cost=0.43..8.45 rows=0 width=0)
	  ->  Index Scan using sbtest8_pkey on sbtest8  (cost=0.43..8.45 rows=1 width=490)
	        Index Cond: (id = 4042972)

explain: for index_updates :: explain UPDATE sbtest%u SET k=k+1 WHERE id=%u
explain: for deletes :: explain DELETE FROM sbtest%u WHERE id=%u
for: sum_ranges
table 1 : explain SELECT SUM(k) FROM sbtest1 WHERE id BETWEEN 9318214 AND 9318223
	Aggregate  (cost=37.08..37.09 rows=1 width=8)
	  ->  Index Scan using sbtest1_pkey on sbtest1  (cost=0.43..37.06 rows=9 width=4)
	        Index Cond: ((id >= 9318214) AND (id <= 9318223))

table 2 : explain SELECT SUM(k) FROM sbtest2 WHERE id BETWEEN 574938 AND 574947
	Aggregate  (cost=44.17..44.18 rows=1 width=8)
	  ->  Index Scan using sbtest2_pkey on sbtest2  (cost=0.43..44.15 rows=11 width=4)
	        Index Cond: ((id >= 574938) AND (id <= 574947))

table 3 : explain SELECT SUM(k) FROM sbtest3 WHERE id BETWEEN 8525975 AND 8525984
	Aggregate  (cost=40.50..40.51 rows=1 width=8)
	  ->  Index Scan using sbtest3_pkey on sbtest3  (cost=0.43..40.48 rows=10 width=4)
	        Index Cond: ((id >= 8525975) AND (id <= 8525984))

table 4 : explain SELECT SUM(k) FROM sbtest4 WHERE id BETWEEN 7544313 AND 7544322
	Aggregate  (cost=40.29..40.30 rows=1 width=8)
	  ->  Index Scan using sbtest4_pkey on sbtest4  (cost=0.43..40.27 rows=10 width=4)
	        Index Cond: ((id >= 7544313) AND (id <= 7544322))

table 5 : explain SELECT SUM(k) FROM sbtest5 WHERE id BETWEEN 3607456 AND 3607465
	Aggregate  (cost=40.64..40.65 rows=1 width=8)
	  ->  Index Scan using sbtest5_pkey on sbtest5  (cost=0.43..40.62 rows=10 width=4)
	        Index Cond: ((id >= 3607456) AND (id <= 3607465))

table 6 : explain SELECT SUM(k) FROM sbtest6 WHERE id BETWEEN 4189538 AND 4189547
	Aggregate  (cost=40.41..40.42 rows=1 width=8)
	  ->  Index Scan using sbtest6_pkey on sbtest6  (cost=0.43..40.39 rows=10 width=4)
	        Index Cond: ((id >= 4189538) AND (id <= 4189547))

table 7 : explain SELECT SUM(k) FROM sbtest7 WHERE id BETWEEN 171953 AND 171962
	Aggregate  (cost=40.33..40.34 rows=1 width=8)
	  ->  Index Scan using sbtest7_pkey on sbtest7  (cost=0.43..40.30 rows=10 width=4)
	        Index Cond: ((id >= 171953) AND (id <= 171962))

table 8 : explain SELECT SUM(k) FROM sbtest8 WHERE id BETWEEN 23985 AND 23994
	Aggregate  (cost=40.37..40.38 rows=1 width=8)
	  ->  Index Scan using sbtest8_pkey on sbtest8  (cost=0.43..40.34 rows=10 width=4)
	        Index Cond: ((id >= 23985) AND (id <= 23994))

for point_selects
table 1 : explain SELECT c FROM sbtest1 WHERE id=9520376
	Index Scan using sbtest1_pkey on sbtest1  (cost=0.43..8.45 rows=1 width=121)
	  Index Cond: (id = 9520376)

table 2 : explain SELECT c FROM sbtest2 WHERE id=4082219
	Index Scan using sbtest2_pkey on sbtest2  (cost=0.43..8.45 rows=1 width=121)
	  Index Cond: (id = 4082219)

table 3 : explain SELECT c FROM sbtest3 WHERE id=2205794
	Index Scan using sbtest3_pkey on sbtest3  (cost=0.43..8.45 rows=1 width=121)
	  Index Cond: (id = 2205794)

table 4 : explain SELECT c FROM sbtest4 WHERE id=7344023
	Index Scan using sbtest4_pkey on sbtest4  (cost=0.43..8.45 rows=1 width=121)
	  Index Cond: (id = 7344023)

table 5 : explain SELECT c FROM sbtest5 WHERE id=3418836
	Index Scan using sbtest5_pkey on sbtest5  (cost=0.43..8.45 rows=1 width=121)
	  Index Cond: (id = 3418836)

table 6 : explain SELECT c FROM sbtest6 WHERE id=5281766
	Index Scan using sbtest6_pkey on sbtest6  (cost=0.43..8.45 rows=1 width=121)
	  Index Cond: (id = 5281766)

table 7 : explain SELECT c FROM sbtest7 WHERE id=9092899
	Index Scan using sbtest7_pkey on sbtest7  (cost=0.43..8.45 rows=1 width=121)
	  Index Cond: (id = 9092899)

table 8 : explain SELECT c FROM sbtest8 WHERE id=7230173
	Index Scan using sbtest8_pkey on sbtest8  (cost=0.43..8.45 rows=1 width=121)
	  Index Cond: (id = 7230173)

explain: for deletes :: explain DELETE FROM sbtest%u WHERE id=%u
for deletes
table 1 : explain DELETE FROM sbtest1 WHERE id=1902101
	Delete on sbtest1  (cost=0.43..8.45 rows=0 width=0)
	  ->  Index Scan using sbtest1_pkey on sbtest1  (cost=0.43..8.45 rows=1 width=6)
	        Index Cond: (id = 1902101)

table 2 : explain DELETE FROM sbtest2 WHERE id=3498923
	Delete on sbtest2  (cost=0.43..8.45 rows=0 width=0)
	  ->  Index Scan using sbtest2_pkey on sbtest2  (cost=0.43..8.45 rows=1 width=6)
	        Index Cond: (id = 3498923)

table 3 : explain DELETE FROM sbtest3 WHERE id=2251101
	Delete on sbtest3  (cost=0.43..8.45 rows=0 width=0)
	  ->  Index Scan using sbtest3_pkey on sbtest3  (cost=0.43..8.45 rows=1 width=6)
	        Index Cond: (id = 2251101)

table 4 : explain DELETE FROM sbtest4 WHERE id=2723995
	Delete on sbtest4  (cost=0.43..8.45 rows=0 width=0)
	  ->  Index Scan using sbtest4_pkey on sbtest4  (cost=0.43..8.45 rows=1 width=6)
	        Index Cond: (id = 2723995)

table 5 : explain DELETE FROM sbtest5 WHERE id=3710366
	Delete on sbtest5  (cost=0.43..8.45 rows=0 width=0)
	  ->  Index Scan using sbtest5_pkey on sbtest5  (cost=0.43..8.45 rows=1 width=6)
	        Index Cond: (id = 3710366)

table 6 : explain DELETE FROM sbtest6 WHERE id=7523783
	Delete on sbtest6  (cost=0.43..8.45 rows=0 width=0)
	  ->  Index Scan using sbtest6_pkey on sbtest6  (cost=0.43..8.45 rows=1 width=6)
	        Index Cond: (id = 7523783)

table 7 : explain DELETE FROM sbtest7 WHERE id=6459167
	Delete on sbtest7  (cost=0.43..8.45 rows=0 width=0)
	  ->  Index Scan using sbtest7_pkey on sbtest7  (cost=0.43..8.45 rows=1 width=6)
	        Index Cond: (id = 6459167)

table 8 : explain DELETE FROM sbtest8 WHERE id=8177351
	Delete on sbtest8  (cost=0.43..8.45 rows=0 width=0)
	  ->  Index Scan using sbtest8_pkey on sbtest8  (cost=0.43..8.45 rows=1 width=6)
	        Index Cond: (id = 8177351)

for: order_ranges
table 1 : explain SELECT c FROM sbtest1 WHERE id BETWEEN 7373155 AND 7373164 ORDER BY c
	Sort  (cost=44.40..44.43 rows=11 width=121)
	  Sort Key: c
	  ->  Index Scan using sbtest1_pkey on sbtest1  (cost=0.43..44.21 rows=11 width=121)
	        Index Cond: ((id >= 7373155) AND (id <= 7373164))

table 2 : explain SELECT c FROM sbtest2 WHERE id BETWEEN 3771192 AND 3771201 ORDER BY c
	Sort  (cost=40.74..40.77 rows=10 width=121)
	  Sort Key: c
	  ->  Index Scan using sbtest2_pkey on sbtest2  (cost=0.43..40.58 rows=10 width=121)
	        Index Cond: ((id >= 3771192) AND (id <= 3771201))

table 3 : explain SELECT c FROM sbtest3 WHERE id BETWEEN 7665480 AND 7665489 ORDER BY c
	Sort  (cost=44.22..44.25 rows=11 width=121)
	  Sort Key: c
	  ->  Index Scan using sbtest3_pkey on sbtest3  (cost=0.43..44.03 rows=11 width=121)
	        Index Cond: ((id >= 7665480) AND (id <= 7665489))

table 4 : explain SELECT c FROM sbtest4 WHERE id BETWEEN 141231 AND 141240 ORDER BY c
	Sort  (cost=40.43..40.46 rows=10 width=121)
	  Sort Key: c
	  ->  Index Scan using sbtest4_pkey on sbtest4  (cost=0.43..40.27 rows=10 width=121)
	        Index Cond: ((id >= 141231) AND (id <= 141240))

table 5 : explain SELECT c FROM sbtest5 WHERE id BETWEEN 6444339 AND 6444348 ORDER BY c
	Sort  (cost=40.78..40.81 rows=10 width=121)
	  Sort Key: c
	  ->  Index Scan using sbtest5_pkey on sbtest5  (cost=0.43..40.62 rows=10 width=121)
	        Index Cond: ((id >= 6444339) AND (id <= 6444348))

table 6 : explain SELECT c FROM sbtest6 WHERE id BETWEEN 4541118 AND 4541127 ORDER BY c
	Sort  (cost=40.55..40.58 rows=10 width=121)
	  Sort Key: c
	  ->  Index Scan using sbtest6_pkey on sbtest6  (cost=0.43..40.39 rows=10 width=121)
	        Index Cond: ((id >= 4541118) AND (id <= 4541127))

table 7 : explain SELECT c FROM sbtest7 WHERE id BETWEEN 8320362 AND 8320371 ORDER BY c
	Sort  (cost=40.47..40.49 rows=10 width=121)
	  Sort Key: c
	  ->  Index Scan using sbtest7_pkey on sbtest7  (cost=0.43..40.30 rows=10 width=121)
	        Index Cond: ((id >= 8320362) AND (id <= 8320371))

table 8 : explain SELECT c FROM sbtest8 WHERE id BETWEEN 4608530 AND 4608539 ORDER BY c
	Sort  (cost=40.51..40.53 rows=10 width=121)
	  Sort Key: c
	  ->  Index Scan using sbtest8_pkey on sbtest8  (cost=0.43..40.34 rows=10 width=121)
	        Index Cond: ((id >= 4608530) AND (id <= 4608539))

for deletes
table 1 : explain DELETE FROM sbtest1 WHERE id=2597368
	Delete on sbtest1  (cost=0.43..8.45 rows=0 width=0)
	  ->  Index Scan using sbtest1_pkey on sbtest1  (cost=0.43..8.45 rows=1 width=6)
	        Index Cond: (id = 2597368)

table 2 : explain DELETE FROM sbtest2 WHERE id=2524185
	Delete on sbtest2  (cost=0.43..8.45 rows=0 width=0)
	  ->  Index Scan using sbtest2_pkey on sbtest2  (cost=0.43..8.45 rows=1 width=6)
	        Index Cond: (id = 2524185)

table 3 : explain DELETE FROM sbtest3 WHERE id=7936364
	Delete on sbtest3  (cost=0.43..8.45 rows=0 width=0)
	  ->  Index Scan using sbtest3_pkey on sbtest3  (cost=0.43..8.45 rows=1 width=6)
	        Index Cond: (id = 7936364)

table 4 : explain DELETE FROM sbtest4 WHERE id=2831277
	Delete on sbtest4  (cost=0.43..8.45 rows=0 width=0)
	  ->  Index Scan using sbtest4_pkey on sbtest4  (cost=0.43..8.45 rows=1 width=6)
	        Index Cond: (id = 2831277)

table 5 : explain DELETE FROM sbtest5 WHERE id=956583
	Delete on sbtest5  (cost=0.43..8.45 rows=0 width=0)
	  ->  Index Scan using sbtest5_pkey on sbtest5  (cost=0.43..8.45 rows=1 width=6)
	        Index Cond: (id = 956583)

table 6 : explain DELETE FROM sbtest6 WHERE id=7920689
	Delete on sbtest6  (cost=0.43..8.45 rows=0 width=0)
	  ->  Index Scan using sbtest6_pkey on sbtest6  (cost=0.43..8.45 rows=1 width=6)
	        Index Cond: (id = 7920689)

table 7 : explain DELETE FROM sbtest7 WHERE id=7051596
	Delete on sbtest7  (cost=0.43..8.45 rows=0 width=0)
	  ->  Index Scan using sbtest7_pkey on sbtest7  (cost=0.43..8.45 rows=1 width=6)
	        Index Cond: (id = 7051596)

table 8 : explain DELETE FROM sbtest8 WHERE id=5192957
	Delete on sbtest8  (cost=0.43..8.45 rows=0 width=0)
	  ->  Index Scan using sbtest8_pkey on sbtest8  (cost=0.43..8.45 rows=1 width=6)
	        Index Cond: (id = 5192957)

explain: for inserts :: explain INSERT INTO sbtest%u (id, k, c, pad) VALUES (%u, 13, 'foobar', 'foobar')
explain: for non_index_updates :: explain UPDATE sbtest%u SET c='foobar' WHERE id=%u
for deletes
table 1 : explain DELETE FROM sbtest1 WHERE id=3406946
	Delete on sbtest1  (cost=0.43..8.45 rows=0 width=0)
	  ->  Index Scan using sbtest1_pkey on sbtest1  (cost=0.43..8.45 rows=1 width=6)
	        Index Cond: (id = 3406946)

table 2 : explain DELETE FROM sbtest2 WHERE id=398359
	Delete on sbtest2  (cost=0.43..8.45 rows=0 width=0)
	  ->  Index Scan using sbtest2_pkey on sbtest2  (cost=0.43..8.45 rows=1 width=6)
	        Index Cond: (id = 398359)

table 3 : explain DELETE FROM sbtest3 WHERE id=2118482
	Delete on sbtest3  (cost=0.43..8.45 rows=0 width=0)
	  ->  Index Scan using sbtest3_pkey on sbtest3  (cost=0.43..8.45 rows=1 width=6)
	        Index Cond: (id = 2118482)

table 4 : explain DELETE FROM sbtest4 WHERE id=9082454
	Delete on sbtest4  (cost=0.43..8.45 rows=0 width=0)
	  ->  Index Scan using sbtest4_pkey on sbtest4  (cost=0.43..8.45 rows=1 width=6)
	        Index Cond: (id = 9082454)

table 5 : explain DELETE FROM sbtest5 WHERE id=6121748
	Delete on sbtest5  (cost=0.43..8.45 rows=0 width=0)
	  ->  Index Scan using sbtest5_pkey on sbtest5  (cost=0.43..8.45 rows=1 width=6)
	        Index Cond: (id = 6121748)

table 6 : explain DELETE FROM sbtest6 WHERE id=8903263
	Delete on sbtest6  (cost=0.43..8.45 rows=0 width=0)
	  ->  Index Scan using sbtest6_pkey on sbtest6  (cost=0.43..8.45 rows=1 width=6)
	        Index Cond: (id = 8903263)

table 7 : explain DELETE FROM sbtest7 WHERE id=9356453
	Delete on sbtest7  (cost=0.43..8.45 rows=0 width=0)
	  ->  Index Scan using sbtest7_pkey on sbtest7  (cost=0.43..8.45 rows=1 width=6)
	        Index Cond: (id = 9356453)

table 8 : explain DELETE FROM sbtest8 WHERE id=2995874
	Delete on sbtest8  (cost=0.43..8.45 rows=0 width=0)
	  ->  Index Scan using sbtest8_pkey on sbtest8  (cost=0.43..8.45 rows=1 width=6)
	        Index Cond: (id = 2995874)

explain: for inserts :: explain INSERT INTO sbtest%u (id, k, c, pad) VALUES (%u, 13, 'foobar', 'foobar')
explain: for inserts :: explain INSERT INTO sbtest%u (id, k, c, pad) VALUES (%u, 13, 'foobar', 'foobar')
for index_updates
table 1 : explain UPDATE sbtest1 SET k=k+1 WHERE id=1621986
	Update on sbtest1  (cost=0.43..8.46 rows=0 width=0)
	  ->  Index Scan using sbtest1_pkey on sbtest1  (cost=0.43..8.46 rows=1 width=10)
	        Index Cond: (id = 1621986)

table 2 : explain UPDATE sbtest2 SET k=k+1 WHERE id=7607555
	Update on sbtest2  (cost=0.43..8.46 rows=0 width=0)
	  ->  Index Scan using sbtest2_pkey on sbtest2  (cost=0.43..8.46 rows=1 width=10)
	        Index Cond: (id = 7607555)

table 3 : explain UPDATE sbtest3 SET k=k+1 WHERE id=617325
	Update on sbtest3  (cost=0.43..8.46 rows=0 width=0)
	  ->  Index Scan using sbtest3_pkey on sbtest3  (cost=0.43..8.46 rows=1 width=10)
	        Index Cond: (id = 617325)

table 4 : explain UPDATE sbtest4 SET k=k+1 WHERE id=3840795
	Update on sbtest4  (cost=0.43..8.46 rows=0 width=0)
	  ->  Index Scan using sbtest4_pkey on sbtest4  (cost=0.43..8.46 rows=1 width=10)
	        Index Cond: (id = 3840795)

table 5 : explain UPDATE sbtest5 SET k=k+1 WHERE id=9517246
	Update on sbtest5  (cost=0.43..8.46 rows=0 width=0)
	  ->  Index Scan using sbtest5_pkey on sbtest5  (cost=0.43..8.46 rows=1 width=10)
	        Index Cond: (id = 9517246)

table 6 : explain UPDATE sbtest6 SET k=k+1 WHERE id=5601433
	Update on sbtest6  (cost=0.43..8.46 rows=0 width=0)
	  ->  Index Scan using sbtest6_pkey on sbtest6  (cost=0.43..8.46 rows=1 width=10)
	        Index Cond: (id = 5601433)

table 7 : explain UPDATE sbtest7 SET k=k+1 WHERE id=1528548
	Update on sbtest7  (cost=0.43..8.46 rows=0 width=0)
	  ->  Index Scan using sbtest7_pkey on sbtest7  (cost=0.43..8.46 rows=1 width=10)
	        Index Cond: (id = 1528548)

table 8 : explain UPDATE sbtest8 SET k=k+1 WHERE id=2285914
	Update on sbtest8  (cost=0.43..8.46 rows=0 width=0)
	  ->  Index Scan using sbtest8_pkey on sbtest8  (cost=0.43..8.46 rows=1 width=10)
	        Index Cond: (id = 2285914)

for: order_ranges
table 1 : explain SELECT c FROM sbtest1 WHERE id BETWEEN 3045956 AND 3045965 ORDER BY c
	Sort  (cost=44.40..44.43 rows=11 width=121)
	  Sort Key: c
	  ->  Index Scan using sbtest1_pkey on sbtest1  (cost=0.43..44.21 rows=11 width=121)
	        Index Cond: ((id >= 3045956) AND (id <= 3045965))

table 2 : explain SELECT c FROM sbtest2 WHERE id BETWEEN 4999324 AND 4999333 ORDER BY c
	Sort  (cost=40.74..40.77 rows=10 width=121)
	  Sort Key: c
	  ->  Index Scan using sbtest2_pkey on sbtest2  (cost=0.43..40.58 rows=10 width=121)
	        Index Cond: ((id >= 4999324) AND (id <= 4999333))

table 3 : explain SELECT c FROM sbtest3 WHERE id BETWEEN 6308283 AND 6308292 ORDER BY c
	Sort  (cost=44.22..44.25 rows=11 width=121)
	  Sort Key: c
	  ->  Index Scan using sbtest3_pkey on sbtest3  (cost=0.43..44.03 rows=11 width=121)
	        Index Cond: ((id >= 6308283) AND (id <= 6308292))

table 4 : explain SELECT c FROM sbtest4 WHERE id BETWEEN 8776339 AND 8776348 ORDER BY c
	Sort  (cost=40.43..40.46 rows=10 width=121)
	  Sort Key: c
	  ->  Index Scan using sbtest4_pkey on sbtest4  (cost=0.43..40.27 rows=10 width=121)
	        Index Cond: ((id >= 8776339) AND (id <= 8776348))

table 5 : explain SELECT c FROM sbtest5 WHERE id BETWEEN 6743121 AND 6743130 ORDER BY c
	Sort  (cost=44.38..44.41 rows=11 width=121)
	  Sort Key: c
	  ->  Index Scan using sbtest5_pkey on sbtest5  (cost=0.43..44.19 rows=11 width=121)
	        Index Cond: ((id >= 6743121) AND (id <= 6743130))

table 6 : explain SELECT c FROM sbtest6 WHERE id BETWEEN 150652 AND 150661 ORDER BY c
	Sort  (cost=40.55..40.58 rows=10 width=121)
	  Sort Key: c
	  ->  Index Scan using sbtest6_pkey on sbtest6  (cost=0.43..40.39 rows=10 width=121)
	        Index Cond: ((id >= 150652) AND (id <= 150661))

table 7 : explain SELECT c FROM sbtest7 WHERE id BETWEEN 8753121 AND 8753130 ORDER BY c
	Sort  (cost=40.47..40.49 rows=10 width=121)
	  Sort Key: c
	  ->  Index Scan using sbtest7_pkey on sbtest7  (cost=0.43..40.30 rows=10 width=121)
	        Index Cond: ((id >= 8753121) AND (id <= 8753130))

table 8 : explain SELECT c FROM sbtest8 WHERE id BETWEEN 2433485 AND 2433494 ORDER BY c
	Sort  (cost=40.51..40.53 rows=10 width=121)
	  Sort Key: c
	  ->  Index Scan using sbtest8_pkey on sbtest8  (cost=0.43..40.34 rows=10 width=121)
	        Index Cond: ((id >= 2433485) AND (id <= 2433494))

for: simple_ranges
table 1 : explain SELECT c FROM sbtest1 WHERE id BETWEEN 5723862 AND 5723871
	Index Scan using sbtest1_pkey on sbtest1  (cost=0.43..40.63 rows=10 width=121)
	  Index Cond: ((id >= 5723862) AND (id <= 5723871))

table 2 : explain SELECT c FROM sbtest2 WHERE id BETWEEN 4731987 AND 4731996
	Index Scan using sbtest2_pkey on sbtest2  (cost=0.43..40.58 rows=10 width=121)
	  Index Cond: ((id >= 4731987) AND (id <= 4731996))

table 3 : explain SELECT c FROM sbtest3 WHERE id BETWEEN 9787516 AND 9787525
	Index Scan using sbtest3_pkey on sbtest3  (cost=0.43..36.92 rows=9 width=121)
	  Index Cond: ((id >= 9787516) AND (id <= 9787525))

table 4 : explain SELECT c FROM sbtest4 WHERE id BETWEEN 8832123 AND 8832132
	Index Scan using sbtest4_pkey on sbtest4  (cost=0.43..40.27 rows=10 width=121)
	  Index Cond: ((id >= 8832123) AND (id <= 8832132))

table 5 : explain SELECT c FROM sbtest5 WHERE id BETWEEN 3009636 AND 3009645
	Index Scan using sbtest5_pkey on sbtest5  (cost=0.43..40.62 rows=10 width=121)
	  Index Cond: ((id >= 3009636) AND (id <= 3009645))

table 6 : explain SELECT c FROM sbtest6 WHERE id BETWEEN 41337 AND 41346
	Index Scan using sbtest6_pkey on sbtest6  (cost=0.43..40.39 rows=10 width=121)
	  Index Cond: ((id >= 41337) AND (id <= 41346))

table 7 : explain SELECT c FROM sbtest7 WHERE id BETWEEN 6210317 AND 6210326
	Index Scan using sbtest7_pkey on sbtest7  (cost=0.43..36.76 rows=9 width=121)
	  Index Cond: ((id >= 6210317) AND (id <= 6210326))

table 8 : explain SELECT c FROM sbtest8 WHERE id BETWEEN 1376135 AND 1376144
	Index Scan using sbtest8_pkey on sbtest8  (cost=0.43..40.34 rows=10 width=121)
	  Index Cond: ((id >= 1376135) AND (id <= 1376144))

explain: for inserts :: explain INSERT INTO sbtest%u (id, k, c, pad) VALUES (%u, 13, 'foobar', 'foobar')
for inserts
table 1 : explain INSERT INTO sbtest1 (id, k, c, pad) VALUES (740519, 13, 'foobar', 'foobar')
	Insert on sbtest1  (cost=0.00..0.01 rows=0 width=0)
	  ->  Result  (cost=0.00..0.01 rows=1 width=736)

table 2 : explain INSERT INTO sbtest2 (id, k, c, pad) VALUES (792416, 13, 'foobar', 'foobar')
	Insert on sbtest2  (cost=0.00..0.01 rows=0 width=0)
	  ->  Result  (cost=0.00..0.01 rows=1 width=736)

table 3 : explain INSERT INTO sbtest3 (id, k, c, pad) VALUES (1746320, 13, 'foobar', 'foobar')
	Insert on sbtest3  (cost=0.00..0.01 rows=0 width=0)
	  ->  Result  (cost=0.00..0.01 rows=1 width=736)

table 4 : explain INSERT INTO sbtest4 (id, k, c, pad) VALUES (1681276, 13, 'foobar', 'foobar')
	Insert on sbtest4  (cost=0.00..0.01 rows=0 width=0)
	  ->  Result  (cost=0.00..0.01 rows=1 width=736)

table 5 : explain INSERT INTO sbtest5 (id, k, c, pad) VALUES (9634660, 13, 'foobar', 'foobar')
	Insert on sbtest5  (cost=0.00..0.01 rows=0 width=0)
	  ->  Result  (cost=0.00..0.01 rows=1 width=736)

table 6 : explain INSERT INTO sbtest6 (id, k, c, pad) VALUES (7395510, 13, 'foobar', 'foobar')
	Insert on sbtest6  (cost=0.00..0.01 rows=0 width=0)
	  ->  Result  (cost=0.00..0.01 rows=1 width=736)

table 7 : explain INSERT INTO sbtest7 (id, k, c, pad) VALUES (339681, 13, 'foobar', 'foobar')
	Insert on sbtest7  (cost=0.00..0.01 rows=0 width=0)
	  ->  Result  (cost=0.00..0.01 rows=1 width=736)

table 8 : explain INSERT INTO sbtest8 (id, k, c, pad) VALUES (7724132, 13, 'foobar', 'foobar')
	Insert on sbtest8  (cost=0.00..0.01 rows=0 width=0)
	  ->  Result  (cost=0.00..0.01 rows=1 width=736)

explain: for point_selects :: explain SELECT c FROM sbtest%u WHERE id=%u
for non_index_updates
table 1 : explain UPDATE sbtest1 SET c='foobar' WHERE id=7327051
	Update on sbtest1  (cost=0.43..8.45 rows=0 width=0)
	  ->  Index Scan using sbtest1_pkey on sbtest1  (cost=0.43..8.45 rows=1 width=490)
	        Index Cond: (id = 7327051)

table 2 : explain UPDATE sbtest2 SET c='foobar' WHERE id=3273056
	Update on sbtest2  (cost=0.43..8.45 rows=0 width=0)
	  ->  Index Scan using sbtest2_pkey on sbtest2  (cost=0.43..8.45 rows=1 width=490)
	        Index Cond: (id = 3273056)

table 3 : explain UPDATE sbtest3 SET c='foobar' WHERE id=2460716
	Update on sbtest3  (cost=0.43..8.45 rows=0 width=0)
	  ->  Index Scan using sbtest3_pkey on sbtest3  (cost=0.43..8.45 rows=1 width=490)
	        Index Cond: (id = 2460716)

table 4 : explain UPDATE sbtest4 SET c='foobar' WHERE id=8904945
	Update on sbtest4  (cost=0.43..8.45 rows=0 width=0)
	  ->  Index Scan using sbtest4_pkey on sbtest4  (cost=0.43..8.45 rows=1 width=490)
	        Index Cond: (id = 8904945)

table 5 : explain UPDATE sbtest5 SET c='foobar' WHERE id=6528051
	Update on sbtest5  (cost=0.43..8.45 rows=0 width=0)
	  ->  Index Scan using sbtest5_pkey on sbtest5  (cost=0.43..8.45 rows=1 width=490)
	        Index Cond: (id = 6528051)

table 6 : explain UPDATE sbtest6 SET c='foobar' WHERE id=9859957
	Update on sbtest6  (cost=0.43..8.45 rows=0 width=0)
	  ->  Index Scan using sbtest6_pkey on sbtest6  (cost=0.43..8.45 rows=1 width=490)
	        Index Cond: (id = 9859957)

table 7 : explain UPDATE sbtest7 SET c='foobar' WHERE id=8835509
	Update on sbtest7  (cost=0.43..8.45 rows=0 width=0)
	  ->  Index Scan using sbtest7_pkey on sbtest7  (cost=0.43..8.45 rows=1 width=490)
	        Index Cond: (id = 8835509)

table 8 : explain UPDATE sbtest8 SET c='foobar' WHERE id=5374788
	Update on sbtest8  (cost=0.43..8.45 rows=0 width=0)
	  ->  Index Scan using sbtest8_pkey on sbtest8  (cost=0.43..8.45 rows=1 width=490)
	        Index Cond: (id = 5374788)

for inserts
table 1 : explain INSERT INTO sbtest1 (id, k, c, pad) VALUES (7335830, 13, 'foobar', 'foobar')
	Insert on sbtest1  (cost=0.00..0.01 rows=0 width=0)
	  ->  Result  (cost=0.00..0.01 rows=1 width=736)

table 2 : explain INSERT INTO sbtest2 (id, k, c, pad) VALUES (4764855, 13, 'foobar', 'foobar')
	Insert on sbtest2  (cost=0.00..0.01 rows=0 width=0)
	  ->  Result  (cost=0.00..0.01 rows=1 width=736)

table 3 : explain INSERT INTO sbtest3 (id, k, c, pad) VALUES (5085912, 13, 'foobar', 'foobar')
	Insert on sbtest3  (cost=0.00..0.01 rows=0 width=0)
	  ->  Result  (cost=0.00..0.01 rows=1 width=736)

table 4 : explain INSERT INTO sbtest4 (id, k, c, pad) VALUES (6523742, 13, 'foobar', 'foobar')
	Insert on sbtest4  (cost=0.00..0.01 rows=0 width=0)
	  ->  Result  (cost=0.00..0.01 rows=1 width=736)

table 5 : explain INSERT INTO sbtest5 (id, k, c, pad) VALUES (5350447, 13, 'foobar', 'foobar')
	Insert on sbtest5  (cost=0.00..0.01 rows=0 width=0)
	  ->  Result  (cost=0.00..0.01 rows=1 width=736)

table 6 : explain INSERT INTO sbtest6 (id, k, c, pad) VALUES (331527, 13, 'foobar', 'foobar')
	Insert on sbtest6  (cost=0.00..0.01 rows=0 width=0)
	  ->  Result  (cost=0.00..0.01 rows=1 width=736)

table 7 : explain INSERT INTO sbtest7 (id, k, c, pad) VALUES (1398258, 13, 'foobar', 'foobar')
	Insert on sbtest7  (cost=0.00..0.01 rows=0 width=0)
	  ->  Result  (cost=0.00..0.01 rows=1 width=736)

table 8 : explain INSERT INTO sbtest8 (id, k, c, pad) VALUES (6255612, 13, 'foobar', 'foobar')
	Insert on sbtest8  (cost=0.00..0.01 rows=0 width=0)
	  ->  Result  (cost=0.00..0.01 rows=1 width=736)

for inserts
table 1 : explain INSERT INTO sbtest1 (id, k, c, pad) VALUES (6635653, 13, 'foobar', 'foobar')
	Insert on sbtest1  (cost=0.00..0.01 rows=0 width=0)
	  ->  Result  (cost=0.00..0.01 rows=1 width=736)

table 2 : explain INSERT INTO sbtest2 (id, k, c, pad) VALUES (6704070, 13, 'foobar', 'foobar')
	Insert on sbtest2  (cost=0.00..0.01 rows=0 width=0)
	  ->  Result  (cost=0.00..0.01 rows=1 width=736)

table 3 : explain INSERT INTO sbtest3 (id, k, c, pad) VALUES (8632714, 13, 'foobar', 'foobar')
	Insert on sbtest3  (cost=0.00..0.01 rows=0 width=0)
	  ->  Result  (cost=0.00..0.01 rows=1 width=736)

table 4 : explain INSERT INTO sbtest4 (id, k, c, pad) VALUES (535817, 13, 'foobar', 'foobar')
	Insert on sbtest4  (cost=0.00..0.01 rows=0 width=0)
	  ->  Result  (cost=0.00..0.01 rows=1 width=736)

table 5 : explain INSERT INTO sbtest5 (id, k, c, pad) VALUES (6734384, 13, 'foobar', 'foobar')
	Insert on sbtest5  (cost=0.00..0.01 rows=0 width=0)
	  ->  Result  (cost=0.00..0.01 rows=1 width=736)

table 6 : explain INSERT INTO sbtest6 (id, k, c, pad) VALUES (566820, 13, 'foobar', 'foobar')
	Insert on sbtest6  (cost=0.00..0.01 rows=0 width=0)
	  ->  Result  (cost=0.00..0.01 rows=1 width=736)

table 7 : explain INSERT INTO sbtest7 (id, k, c, pad) VALUES (949807, 13, 'foobar', 'foobar')
	Insert on sbtest7  (cost=0.00..0.01 rows=0 width=0)
	  ->  Result  (cost=0.00..0.01 rows=1 width=736)

table 8 : explain INSERT INTO sbtest8 (id, k, c, pad) VALUES (5124495, 13, 'foobar', 'foobar')
	Insert on sbtest8  (cost=0.00..0.01 rows=0 width=0)
	  ->  Result  (cost=0.00..0.01 rows=1 width=736)

for inserts
table 1 : explain INSERT INTO sbtest1 (id, k, c, pad) VALUES (6788712, 13, 'foobar', 'foobar')
	Insert on sbtest1  (cost=0.00..0.01 rows=0 width=0)
	  ->  Result  (cost=0.00..0.01 rows=1 width=736)

table 2 : explain INSERT INTO sbtest2 (id, k, c, pad) VALUES (4117844, 13, 'foobar', 'foobar')
	Insert on sbtest2  (cost=0.00..0.01 rows=0 width=0)
	  ->  Result  (cost=0.00..0.01 rows=1 width=736)

table 3 : explain INSERT INTO sbtest3 (id, k, c, pad) VALUES (7091739, 13, 'foobar', 'foobar')
	Insert on sbtest3  (cost=0.00..0.01 rows=0 width=0)
	  ->  Result  (cost=0.00..0.01 rows=1 width=736)

table 4 : explain INSERT INTO sbtest4 (id, k, c, pad) VALUES (8437698, 13, 'foobar', 'foobar')
	Insert on sbtest4  (cost=0.00..0.01 rows=0 width=0)
	  ->  Result  (cost=0.00..0.01 rows=1 width=736)

table 5 : explain INSERT INTO sbtest5 (id, k, c, pad) VALUES (9778193, 13, 'foobar', 'foobar')
	Insert on sbtest5  (cost=0.00..0.01 rows=0 width=0)
	  ->  Result  (cost=0.00..0.01 rows=1 width=736)

table 6 : explain INSERT INTO sbtest6 (id, k, c, pad) VALUES (1392206, 13, 'foobar', 'foobar')
	Insert on sbtest6  (cost=0.00..0.01 rows=0 width=0)
	  ->  Result  (cost=0.00..0.01 rows=1 width=736)

table 7 : explain INSERT INTO sbtest7 (id, k, c, pad) VALUES (5097286, 13, 'foobar', 'foobar')
	Insert on sbtest7  (cost=0.00..0.01 rows=0 width=0)
	  ->  Result  (cost=0.00..0.01 rows=1 width=736)

table 8 : explain INSERT INTO sbtest8 (id, k, c, pad) VALUES (5929493, 13, 'foobar', 'foobar')
	Insert on sbtest8  (cost=0.00..0.01 rows=0 width=0)
	  ->  Result  (cost=0.00..0.01 rows=1 width=736)

explain: for non_index_updates :: explain UPDATE sbtest%u SET c='foobar' WHERE id=%u
explain: for deletes :: explain DELETE FROM sbtest%u WHERE id=%u
for index_updates
table 1 : explain UPDATE sbtest1 SET k=k+1 WHERE id=3319510
	Update on sbtest1  (cost=0.43..8.46 rows=0 width=0)
	  ->  Index Scan using sbtest1_pkey on sbtest1  (cost=0.43..8.46 rows=1 width=10)
	        Index Cond: (id = 3319510)

table 2 : explain UPDATE sbtest2 SET k=k+1 WHERE id=6970648
	Update on sbtest2  (cost=0.43..8.46 rows=0 width=0)
	  ->  Index Scan using sbtest2_pkey on sbtest2  (cost=0.43..8.46 rows=1 width=10)
	        Index Cond: (id = 6970648)

table 3 : explain UPDATE sbtest3 SET k=k+1 WHERE id=4300151
	Update on sbtest3  (cost=0.43..8.46 rows=0 width=0)
	  ->  Index Scan using sbtest3_pkey on sbtest3  (cost=0.43..8.46 rows=1 width=10)
	        Index Cond: (id = 4300151)

table 4 : explain UPDATE sbtest4 SET k=k+1 WHERE id=4734456
	Update on sbtest4  (cost=0.43..8.46 rows=0 width=0)
	  ->  Index Scan using sbtest4_pkey on sbtest4  (cost=0.43..8.46 rows=1 width=10)
	        Index Cond: (id = 4734456)

table 5 : explain UPDATE sbtest5 SET k=k+1 WHERE id=5348751
	Update on sbtest5  (cost=0.43..8.46 rows=0 width=0)
	  ->  Index Scan using sbtest5_pkey on sbtest5  (cost=0.43..8.46 rows=1 width=10)
	        Index Cond: (id = 5348751)

table 6 : explain UPDATE sbtest6 SET k=k+1 WHERE id=7691384
	Update on sbtest6  (cost=0.43..8.46 rows=0 width=0)
	  ->  Index Scan using sbtest6_pkey on sbtest6  (cost=0.43..8.46 rows=1 width=10)
	        Index Cond: (id = 7691384)

table 7 : explain UPDATE sbtest7 SET k=k+1 WHERE id=245897
	Update on sbtest7  (cost=0.43..8.46 rows=0 width=0)
	  ->  Index Scan using sbtest7_pkey on sbtest7  (cost=0.43..8.46 rows=1 width=10)
	        Index Cond: (id = 245897)

table 8 : explain UPDATE sbtest8 SET k=k+1 WHERE id=8680830
	Update on sbtest8  (cost=0.43..8.46 rows=0 width=0)
	  ->  Index Scan using sbtest8_pkey on sbtest8  (cost=0.43..8.46 rows=1 width=10)
	        Index Cond: (id = 8680830)

explain: for non_index_updates :: explain UPDATE sbtest%u SET c='foobar' WHERE id=%u
for deletes
table 1 : explain DELETE FROM sbtest1 WHERE id=4368951
	Delete on sbtest1  (cost=0.43..8.45 rows=0 width=0)
	  ->  Index Scan using sbtest1_pkey on sbtest1  (cost=0.43..8.45 rows=1 width=6)
	        Index Cond: (id = 4368951)

table 2 : explain DELETE FROM sbtest2 WHERE id=5804724
	Delete on sbtest2  (cost=0.43..8.45 rows=0 width=0)
	  ->  Index Scan using sbtest2_pkey on sbtest2  (cost=0.43..8.45 rows=1 width=6)
	        Index Cond: (id = 5804724)

table 3 : explain DELETE FROM sbtest3 WHERE id=386439
	Delete on sbtest3  (cost=0.43..8.45 rows=0 width=0)
	  ->  Index Scan using sbtest3_pkey on sbtest3  (cost=0.43..8.45 rows=1 width=6)
	        Index Cond: (id = 386439)

table 4 : explain DELETE FROM sbtest4 WHERE id=8148526
	Delete on sbtest4  (cost=0.43..8.45 rows=0 width=0)
	  ->  Index Scan using sbtest4_pkey on sbtest4  (cost=0.43..8.45 rows=1 width=6)
	        Index Cond: (id = 8148526)

table 5 : explain DELETE FROM sbtest5 WHERE id=5838230
	Delete on sbtest5  (cost=0.43..8.45 rows=0 width=0)
	  ->  Index Scan using sbtest5_pkey on sbtest5  (cost=0.43..8.45 rows=1 width=6)
	        Index Cond: (id = 5838230)

table 6 : explain DELETE FROM sbtest6 WHERE id=155943
	Delete on sbtest6  (cost=0.43..8.45 rows=0 width=0)
	  ->  Index Scan using sbtest6_pkey on sbtest6  (cost=0.43..8.45 rows=1 width=6)
	        Index Cond: (id = 155943)

table 7 : explain DELETE FROM sbtest7 WHERE id=8090126
	Delete on sbtest7  (cost=0.43..8.45 rows=0 width=0)
	  ->  Index Scan using sbtest7_pkey on sbtest7  (cost=0.43..8.45 rows=1 width=6)
	        Index Cond: (id = 8090126)

table 8 : explain DELETE FROM sbtest8 WHERE id=4829214
	Delete on sbtest8  (cost=0.43..8.45 rows=0 width=0)
	  ->  Index Scan using sbtest8_pkey on sbtest8  (cost=0.43..8.45 rows=1 width=6)
	        Index Cond: (id = 4829214)

for non_index_updates
table 1 : explain UPDATE sbtest1 SET c='foobar' WHERE id=4109200
	Update on sbtest1  (cost=0.43..8.45 rows=0 width=0)
	  ->  Index Scan using sbtest1_pkey on sbtest1  (cost=0.43..8.45 rows=1 width=490)
	        Index Cond: (id = 4109200)

table 2 : explain UPDATE sbtest2 SET c='foobar' WHERE id=4569682
	Update on sbtest2  (cost=0.43..8.45 rows=0 width=0)
	  ->  Index Scan using sbtest2_pkey on sbtest2  (cost=0.43..8.45 rows=1 width=490)
	        Index Cond: (id = 4569682)

table 3 : explain UPDATE sbtest3 SET c='foobar' WHERE id=8354775
	Update on sbtest3  (cost=0.43..8.45 rows=0 width=0)
	  ->  Index Scan using sbtest3_pkey on sbtest3  (cost=0.43..8.45 rows=1 width=490)
	        Index Cond: (id = 8354775)

table 4 : explain UPDATE sbtest4 SET c='foobar' WHERE id=3091378
	Update on sbtest4  (cost=0.43..8.45 rows=0 width=0)
	  ->  Index Scan using sbtest4_pkey on sbtest4  (cost=0.43..8.45 rows=1 width=490)
	        Index Cond: (id = 3091378)

table 5 : explain UPDATE sbtest5 SET c='foobar' WHERE id=2086348
	Update on sbtest5  (cost=0.43..8.45 rows=0 width=0)
	  ->  Index Scan using sbtest5_pkey on sbtest5  (cost=0.43..8.45 rows=1 width=490)
	        Index Cond: (id = 2086348)

table 6 : explain UPDATE sbtest6 SET c='foobar' WHERE id=8417116
	Update on sbtest6  (cost=0.43..8.45 rows=0 width=0)
	  ->  Index Scan using sbtest6_pkey on sbtest6  (cost=0.43..8.45 rows=1 width=490)
	        Index Cond: (id = 8417116)

table 7 : explain UPDATE sbtest7 SET c='foobar' WHERE id=8572598
	Update on sbtest7  (cost=0.43..8.45 rows=0 width=0)
	  ->  Index Scan using sbtest7_pkey on sbtest7  (cost=0.43..8.45 rows=1 width=490)
	        Index Cond: (id = 8572598)

table 8 : explain UPDATE sbtest8 SET c='foobar' WHERE id=1200425
	Update on sbtest8  (cost=0.43..8.45 rows=0 width=0)
	  ->  Index Scan using sbtest8_pkey on sbtest8  (cost=0.43..8.45 rows=1 width=490)
	        Index Cond: (id = 1200425)

for: sum_ranges
table 1 : explain SELECT SUM(k) FROM sbtest1 WHERE id BETWEEN 8077236 AND 8077245
	Aggregate  (cost=37.08..37.09 rows=1 width=8)
	  ->  Index Scan using sbtest1_pkey on sbtest1  (cost=0.43..37.06 rows=9 width=4)
	        Index Cond: ((id >= 8077236) AND (id <= 8077245))

table 2 : explain SELECT SUM(k) FROM sbtest2 WHERE id BETWEEN 4931580 AND 4931589
	Aggregate  (cost=47.74..47.75 rows=1 width=8)
	  ->  Index Scan using sbtest2_pkey on sbtest2  (cost=0.43..47.71 rows=12 width=4)
	        Index Cond: ((id >= 4931580) AND (id <= 4931589))

table 3 : explain SELECT SUM(k) FROM sbtest3 WHERE id BETWEEN 4711064 AND 4711073
	Aggregate  (cost=36.94..36.95 rows=1 width=8)
	  ->  Index Scan using sbtest3_pkey on sbtest3  (cost=0.43..36.92 rows=9 width=4)
	        Index Cond: ((id >= 4711064) AND (id <= 4711073))

table 4 : explain SELECT SUM(k) FROM sbtest4 WHERE id BETWEEN 1026335 AND 1026344
	Aggregate  (cost=40.29..40.30 rows=1 width=8)
	  ->  Index Scan using sbtest4_pkey on sbtest4  (cost=0.43..40.27 rows=10 width=4)
	        Index Cond: ((id >= 1026335) AND (id <= 1026344))

table 5 : explain SELECT SUM(k) FROM sbtest5 WHERE id BETWEEN 2985381 AND 2985390
	Aggregate  (cost=40.64..40.65 rows=1 width=8)
	  ->  Index Scan using sbtest5_pkey on sbtest5  (cost=0.43..40.62 rows=10 width=4)
	        Index Cond: ((id >= 2985381) AND (id <= 2985390))

table 6 : explain SELECT SUM(k) FROM sbtest6 WHERE id BETWEEN 6332588 AND 6332597
	Aggregate  (cost=40.41..40.42 rows=1 width=8)
	  ->  Index Scan using sbtest6_pkey on sbtest6  (cost=0.43..40.39 rows=10 width=4)
	        Index Cond: ((id >= 6332588) AND (id <= 6332597))

table 7 : explain SELECT SUM(k) FROM sbtest7 WHERE id BETWEEN 8761126 AND 8761135
	Aggregate  (cost=40.33..40.34 rows=1 width=8)
	  ->  Index Scan using sbtest7_pkey on sbtest7  (cost=0.43..40.30 rows=10 width=4)
	        Index Cond: ((id >= 8761126) AND (id <= 8761135))

table 8 : explain SELECT SUM(k) FROM sbtest8 WHERE id BETWEEN 7860147 AND 7860156
	Aggregate  (cost=36.82..36.83 rows=1 width=8)
	  ->  Index Scan using sbtest8_pkey on sbtest8  (cost=0.43..36.80 rows=9 width=4)
	        Index Cond: ((id >= 7860147) AND (id <= 7860156))

explain: for deletes :: explain DELETE FROM sbtest%u WHERE id=%u
for: distinct_ranges
table 1 : explain SELECT DISTINCT c FROM sbtest1 WHERE id BETWEEN 3311422 AND 3311431 ORDER BY c
	Unique  (cost=40.80..40.85 rows=10 width=121)
	  ->  Sort  (cost=40.80..40.82 rows=10 width=121)
	        Sort Key: c
	        ->  Index Scan using sbtest1_pkey on sbtest1  (cost=0.43..40.63 rows=10 width=121)
	              Index Cond: ((id >= 3311422) AND (id <= 3311431))

table 2 : explain SELECT DISTINCT c FROM sbtest2 WHERE id BETWEEN 1427790 AND 1427799 ORDER BY c
	Unique  (cost=44.34..44.39 rows=11 width=121)
	  ->  Sort  (cost=44.34..44.36 rows=11 width=121)
	        Sort Key: c
	        ->  Index Scan using sbtest2_pkey on sbtest2  (cost=0.43..44.15 rows=11 width=121)
	              Index Cond: ((id >= 1427790) AND (id <= 1427799))

table 3 : explain SELECT DISTINCT c FROM sbtest3 WHERE id BETWEEN 8858296 AND 8858305 ORDER BY c
	Unique  (cost=40.64..40.69 rows=10 width=121)
	  ->  Sort  (cost=40.64..40.67 rows=10 width=121)
	        Sort Key: c
	        ->  Index Scan using sbtest3_pkey on sbtest3  (cost=0.43..40.48 rows=10 width=121)
	              Index Cond: ((id >= 8858296) AND (id <= 8858305))

table 4 : explain SELECT DISTINCT c FROM sbtest4 WHERE id BETWEEN 1937649 AND 1937658 ORDER BY c
	Unique  (cost=43.99..44.05 rows=11 width=121)
	  ->  Sort  (cost=43.99..44.02 rows=11 width=121)
	        Sort Key: c
	        ->  Index Scan using sbtest4_pkey on sbtest4  (cost=0.43..43.80 rows=11 width=121)
	              Index Cond: ((id >= 1937649) AND (id <= 1937658))

table 5 : explain SELECT DISTINCT c FROM sbtest5 WHERE id BETWEEN 2645002 AND 2645011 ORDER BY c
	Unique  (cost=40.78..40.83 rows=10 width=121)
	  ->  Sort  (cost=40.78..40.81 rows=10 width=121)
	        Sort Key: c
	        ->  Index Scan using sbtest5_pkey on sbtest5  (cost=0.43..40.62 rows=10 width=121)
	              Index Cond: ((id >= 2645002) AND (id <= 2645011))

table 6 : explain SELECT DISTINCT c FROM sbtest6 WHERE id BETWEEN 8877868 AND 8877877 ORDER BY c
	Unique  (cost=36.98..37.03 rows=9 width=121)
	  ->  Sort  (cost=36.98..37.00 rows=9 width=121)
	        Sort Key: c
	        ->  Index Scan using sbtest6_pkey on sbtest6  (cost=0.43..36.84 rows=9 width=121)
	              Index Cond: ((id >= 8877868) AND (id <= 8877877))

table 7 : explain SELECT DISTINCT c FROM sbtest7 WHERE id BETWEEN 6305888 AND 6305897 ORDER BY c
	Unique  (cost=36.91..36.95 rows=9 width=121)
	  ->  Sort  (cost=36.91..36.93 rows=9 width=121)
	        Sort Key: c
	        ->  Index Scan using sbtest7_pkey on sbtest7  (cost=0.43..36.76 rows=9 width=121)
	              Index Cond: ((id >= 6305888) AND (id <= 6305897))

table 8 : explain SELECT DISTINCT c FROM sbtest8 WHERE id BETWEEN 205417 AND 205426 ORDER BY c
	Unique  (cost=44.08..44.13 rows=11 width=121)
	  ->  Sort  (cost=44.08..44.10 rows=11 width=121)
	        Sort Key: c
	        ->  Index Scan using sbtest8_pkey on sbtest8  (cost=0.43..43.89 rows=11 width=121)
	              Index Cond: ((id >= 205417) AND (id <= 205426))

for point_selects
table 1 : explain SELECT c FROM sbtest1 WHERE id=3497121
	Index Scan using sbtest1_pkey on sbtest1  (cost=0.43..8.45 rows=1 width=121)
	  Index Cond: (id = 3497121)

table 2 : explain SELECT c FROM sbtest2 WHERE id=8509461
	Index Scan using sbtest2_pkey on sbtest2  (cost=0.43..8.45 rows=1 width=121)
	  Index Cond: (id = 8509461)

table 3 : explain SELECT c FROM sbtest3 WHERE id=6369128
	Index Scan using sbtest3_pkey on sbtest3  (cost=0.43..8.45 rows=1 width=121)
	  Index Cond: (id = 6369128)

table 4 : explain SELECT c FROM sbtest4 WHERE id=6474809
	Index Scan using sbtest4_pkey on sbtest4  (cost=0.43..8.45 rows=1 width=121)
	  Index Cond: (id = 6474809)

table 5 : explain SELECT c FROM sbtest5 WHERE id=1641038
	Index Scan using sbtest5_pkey on sbtest5  (cost=0.43..8.45 rows=1 width=121)
	  Index Cond: (id = 1641038)

table 6 : explain SELECT c FROM sbtest6 WHERE id=9868892
	Index Scan using sbtest6_pkey on sbtest6  (cost=0.43..8.45 rows=1 width=121)
	  Index Cond: (id = 9868892)

table 7 : explain SELECT c FROM sbtest7 WHERE id=9195969
	Index Scan using sbtest7_pkey on sbtest7  (cost=0.43..8.45 rows=1 width=121)
	  Index Cond: (id = 9195969)

table 8 : explain SELECT c FROM sbtest8 WHERE id=9927840
	Index Scan using sbtest8_pkey on sbtest8  (cost=0.43..8.45 rows=1 width=121)
	  Index Cond: (id = 9927840)

explain: for inserts :: explain INSERT INTO sbtest%u (id, k, c, pad) VALUES (%u, 13, 'foobar', 'foobar')
for non_index_updates
table 1 : explain UPDATE sbtest1 SET c='foobar' WHERE id=3452573
	Update on sbtest1  (cost=0.43..8.45 rows=0 width=0)
	  ->  Index Scan using sbtest1_pkey on sbtest1  (cost=0.43..8.45 rows=1 width=490)
	        Index Cond: (id = 3452573)

table 2 : explain UPDATE sbtest2 SET c='foobar' WHERE id=6029589
	Update on sbtest2  (cost=0.43..8.45 rows=0 width=0)
	  ->  Index Scan using sbtest2_pkey on sbtest2  (cost=0.43..8.45 rows=1 width=490)
	        Index Cond: (id = 6029589)

table 3 : explain UPDATE sbtest3 SET c='foobar' WHERE id=7018404
	Update on sbtest3  (cost=0.43..8.45 rows=0 width=0)
	  ->  Index Scan using sbtest3_pkey on sbtest3  (cost=0.43..8.45 rows=1 width=490)
	        Index Cond: (id = 7018404)

table 4 : explain UPDATE sbtest4 SET c='foobar' WHERE id=8965808
	Update on sbtest4  (cost=0.43..8.45 rows=0 width=0)
	  ->  Index Scan using sbtest4_pkey on sbtest4  (cost=0.43..8.45 rows=1 width=490)
	        Index Cond: (id = 8965808)

table 5 : explain UPDATE sbtest5 SET c='foobar' WHERE id=180177
	Update on sbtest5  (cost=0.43..8.45 rows=0 width=0)
	  ->  Index Scan using sbtest5_pkey on sbtest5  (cost=0.43..8.45 rows=1 width=490)
	        Index Cond: (id = 180177)

table 6 : explain UPDATE sbtest6 SET c='foobar' WHERE id=2230620
	Update on sbtest6  (cost=0.43..8.45 rows=0 width=0)
	  ->  Index Scan using sbtest6_pkey on sbtest6  (cost=0.43..8.45 rows=1 width=490)
	        Index Cond: (id = 2230620)

table 7 : explain UPDATE sbtest7 SET c='foobar' WHERE id=5036478
	Update on sbtest7  (cost=0.43..8.45 rows=0 width=0)
	  ->  Index Scan using sbtest7_pkey on sbtest7  (cost=0.43..8.45 rows=1 width=490)
	        Index Cond: (id = 5036478)

table 8 : explain UPDATE sbtest8 SET c='foobar' WHERE id=2298970
	Update on sbtest8  (cost=0.43..8.45 rows=0 width=0)
	  ->  Index Scan using sbtest8_pkey on sbtest8  (cost=0.43..8.45 rows=1 width=490)
	        Index Cond: (id = 2298970)

explain: for index_updates :: explain UPDATE sbtest%u SET k=k+1 WHERE id=%u
explain: for deletes :: explain DELETE FROM sbtest%u WHERE id=%u
for deletes
table 1 : explain DELETE FROM sbtest1 WHERE id=6871479
	Delete on sbtest1  (cost=0.43..8.45 rows=0 width=0)
	  ->  Index Scan using sbtest1_pkey on sbtest1  (cost=0.43..8.45 rows=1 width=6)
	        Index Cond: (id = 6871479)

table 2 : explain DELETE FROM sbtest2 WHERE id=6218392
	Delete on sbtest2  (cost=0.43..8.45 rows=0 width=0)
	  ->  Index Scan using sbtest2_pkey on sbtest2  (cost=0.43..8.45 rows=1 width=6)
	        Index Cond: (id = 6218392)

table 3 : explain DELETE FROM sbtest3 WHERE id=7633050
	Delete on sbtest3  (cost=0.43..8.45 rows=0 width=0)
	  ->  Index Scan using sbtest3_pkey on sbtest3  (cost=0.43..8.45 rows=1 width=6)
	        Index Cond: (id = 7633050)

table 4 : explain DELETE FROM sbtest4 WHERE id=4587073
	Delete on sbtest4  (cost=0.43..8.45 rows=0 width=0)
	  ->  Index Scan using sbtest4_pkey on sbtest4  (cost=0.43..8.45 rows=1 width=6)
	        Index Cond: (id = 4587073)

table 5 : explain DELETE FROM sbtest5 WHERE id=9462479
	Delete on sbtest5  (cost=0.43..8.45 rows=0 width=0)
	  ->  Index Scan using sbtest5_pkey on sbtest5  (cost=0.43..8.45 rows=1 width=6)
	        Index Cond: (id = 9462479)

table 6 : explain DELETE FROM sbtest6 WHERE id=7563571
	Delete on sbtest6  (cost=0.43..8.45 rows=0 width=0)
	  ->  Index Scan using sbtest6_pkey on sbtest6  (cost=0.43..8.45 rows=1 width=6)
	        Index Cond: (id = 7563571)

table 7 : explain DELETE FROM sbtest7 WHERE id=2728183
	Delete on sbtest7  (cost=0.43..8.45 rows=0 width=0)
	  ->  Index Scan using sbtest7_pkey on sbtest7  (cost=0.43..8.45 rows=1 width=6)
	        Index Cond: (id = 2728183)

table 8 : explain DELETE FROM sbtest8 WHERE id=825651
	Delete on sbtest8  (cost=0.43..8.45 rows=0 width=0)
	  ->  Index Scan using sbtest8_pkey on sbtest8  (cost=0.43..8.45 rows=1 width=6)
	        Index Cond: (id = 825651)

for inserts
table 1 : explain INSERT INTO sbtest1 (id, k, c, pad) VALUES (2434523, 13, 'foobar', 'foobar')
	Insert on sbtest1  (cost=0.00..0.01 rows=0 width=0)
	  ->  Result  (cost=0.00..0.01 rows=1 width=736)

table 2 : explain INSERT INTO sbtest2 (id, k, c, pad) VALUES (3028777, 13, 'foobar', 'foobar')
	Insert on sbtest2  (cost=0.00..0.01 rows=0 width=0)
	  ->  Result  (cost=0.00..0.01 rows=1 width=736)

table 3 : explain INSERT INTO sbtest3 (id, k, c, pad) VALUES (2912202, 13, 'foobar', 'foobar')
	Insert on sbtest3  (cost=0.00..0.01 rows=0 width=0)
	  ->  Result  (cost=0.00..0.01 rows=1 width=736)

table 4 : explain INSERT INTO sbtest4 (id, k, c, pad) VALUES (5203007, 13, 'foobar', 'foobar')
	Insert on sbtest4  (cost=0.00..0.01 rows=0 width=0)
	  ->  Result  (cost=0.00..0.01 rows=1 width=736)

table 5 : explain INSERT INTO sbtest5 (id, k, c, pad) VALUES (4681516, 13, 'foobar', 'foobar')
	Insert on sbtest5  (cost=0.00..0.01 rows=0 width=0)
	  ->  Result  (cost=0.00..0.01 rows=1 width=736)

table 6 : explain INSERT INTO sbtest6 (id, k, c, pad) VALUES (1213028, 13, 'foobar', 'foobar')
	Insert on sbtest6  (cost=0.00..0.01 rows=0 width=0)
	  ->  Result  (cost=0.00..0.01 rows=1 width=736)

table 7 : explain INSERT INTO sbtest7 (id, k, c, pad) VALUES (7322243, 13, 'foobar', 'foobar')
	Insert on sbtest7  (cost=0.00..0.01 rows=0 width=0)
	  ->  Result  (cost=0.00..0.01 rows=1 width=736)

table 8 : explain INSERT INTO sbtest8 (id, k, c, pad) VALUES (4047733, 13, 'foobar', 'foobar')
	Insert on sbtest8  (cost=0.00..0.01 rows=0 width=0)
	  ->  Result  (cost=0.00..0.01 rows=1 width=736)

for: distinct_ranges
table 1 : explain SELECT DISTINCT c FROM sbtest1 WHERE id BETWEEN 1013108 AND 1013117 ORDER BY c
	Unique  (cost=37.20..37.24 rows=9 width=121)
	  ->  Sort  (cost=37.20..37.22 rows=9 width=121)
	        Sort Key: c
	        ->  Index Scan using sbtest1_pkey on sbtest1  (cost=0.43..37.06 rows=9 width=121)
	              Index Cond: ((id >= 1013108) AND (id <= 1013117))

table 2 : explain SELECT DISTINCT c FROM sbtest2 WHERE id BETWEEN 6474744 AND 6474753 ORDER BY c
	Unique  (cost=40.74..40.79 rows=10 width=121)
	  ->  Sort  (cost=40.74..40.77 rows=10 width=121)
	        Sort Key: c
	        ->  Index Scan using sbtest2_pkey on sbtest2  (cost=0.43..40.58 rows=10 width=121)
	              Index Cond: ((id >= 6474744) AND (id <= 6474753))

table 3 : explain SELECT DISTINCT c FROM sbtest3 WHERE id BETWEEN 1595962 AND 1595971 ORDER BY c
	Unique  (cost=37.06..37.11 rows=9 width=121)
	  ->  Sort  (cost=37.06..37.08 rows=9 width=121)
	        Sort Key: c
	        ->  Index Scan using sbtest3_pkey on sbtest3  (cost=0.43..36.92 rows=9 width=121)
	              Index Cond: ((id >= 1595962) AND (id <= 1595971))

table 4 : explain SELECT DISTINCT c FROM sbtest4 WHERE id BETWEEN 1459991 AND 1460000 ORDER BY c
	Unique  (cost=40.43..40.48 rows=10 width=121)
	  ->  Sort  (cost=40.43..40.46 rows=10 width=121)
	        Sort Key: c
	        ->  Index Scan using sbtest4_pkey on sbtest4  (cost=0.43..40.27 rows=10 width=121)
	              Index Cond: ((id >= 1459991) AND (id <= 1460000))

table 5 : explain SELECT DISTINCT c FROM sbtest5 WHERE id BETWEEN 6664818 AND 6664827 ORDER BY c
	Unique  (cost=40.78..40.83 rows=10 width=121)
	  ->  Sort  (cost=40.78..40.81 rows=10 width=121)
	        Sort Key: c
	        ->  Index Scan using sbtest5_pkey on sbtest5  (cost=0.43..40.62 rows=10 width=121)
	              Index Cond: ((id >= 6664818) AND (id <= 6664827))

table 6 : explain SELECT DISTINCT c FROM sbtest6 WHERE id BETWEEN 9784969 AND 9784978 ORDER BY c
	Unique  (cost=36.98..37.03 rows=9 width=121)
	  ->  Sort  (cost=36.98..37.00 rows=9 width=121)
	        Sort Key: c
	        ->  Index Scan using sbtest6_pkey on sbtest6  (cost=0.43..36.84 rows=9 width=121)
	              Index Cond: ((id >= 9784969) AND (id <= 9784978))

table 7 : explain SELECT DISTINCT c FROM sbtest7 WHERE id BETWEEN 1104178 AND 1104187 ORDER BY c
	Unique  (cost=44.03..44.08 rows=11 width=121)
	  ->  Sort  (cost=44.03..44.06 rows=11 width=121)
	        Sort Key: c
	        ->  Index Scan using sbtest7_pkey on sbtest7  (cost=0.43..43.84 rows=11 width=121)
	              Index Cond: ((id >= 1104178) AND (id <= 1104187))

table 8 : explain SELECT DISTINCT c FROM sbtest8 WHERE id BETWEEN 8321554 AND 8321563 ORDER BY c
	Unique  (cost=40.51..40.56 rows=10 width=121)
	  ->  Sort  (cost=40.51..40.53 rows=10 width=121)
	        Sort Key: c
	        ->  Index Scan using sbtest8_pkey on sbtest8  (cost=0.43..40.34 rows=10 width=121)
	              Index Cond: ((id >= 8321554) AND (id <= 8321563))

explain: for index_updates :: explain UPDATE sbtest%u SET k=k+1 WHERE id=%u
for deletes
table 1 : explain DELETE FROM sbtest1 WHERE id=6658591
	Delete on sbtest1  (cost=0.43..8.45 rows=0 width=0)
	  ->  Index Scan using sbtest1_pkey on sbtest1  (cost=0.43..8.45 rows=1 width=6)
	        Index Cond: (id = 6658591)

table 2 : explain DELETE FROM sbtest2 WHERE id=5933409
	Delete on sbtest2  (cost=0.43..8.45 rows=0 width=0)
	  ->  Index Scan using sbtest2_pkey on sbtest2  (cost=0.43..8.45 rows=1 width=6)
	        Index Cond: (id = 5933409)

table 3 : explain DELETE FROM sbtest3 WHERE id=6700713
	Delete on sbtest3  (cost=0.43..8.45 rows=0 width=0)
	  ->  Index Scan using sbtest3_pkey on sbtest3  (cost=0.43..8.45 rows=1 width=6)
	        Index Cond: (id = 6700713)

table 4 : explain DELETE FROM sbtest4 WHERE id=9462615
	Delete on sbtest4  (cost=0.43..8.45 rows=0 width=0)
	  ->  Index Scan using sbtest4_pkey on sbtest4  (cost=0.43..8.45 rows=1 width=6)
	        Index Cond: (id = 9462615)

table 5 : explain DELETE FROM sbtest5 WHERE id=8371890
	Delete on sbtest5  (cost=0.43..8.45 rows=0 width=0)
	  ->  Index Scan using sbtest5_pkey on sbtest5  (cost=0.43..8.45 rows=1 width=6)
	        Index Cond: (id = 8371890)

table 6 : explain DELETE FROM sbtest6 WHERE id=5567936
	Delete on sbtest6  (cost=0.43..8.45 rows=0 width=0)
	  ->  Index Scan using sbtest6_pkey on sbtest6  (cost=0.43..8.45 rows=1 width=6)
	        Index Cond: (id = 5567936)

table 7 : explain DELETE FROM sbtest7 WHERE id=4528482
	Delete on sbtest7  (cost=0.43..8.45 rows=0 width=0)
	  ->  Index Scan using sbtest7_pkey on sbtest7  (cost=0.43..8.45 rows=1 width=6)
	        Index Cond: (id = 4528482)

table 8 : explain DELETE FROM sbtest8 WHERE id=7126322
	Delete on sbtest8  (cost=0.43..8.45 rows=0 width=0)
	  ->  Index Scan using sbtest8_pkey on sbtest8  (cost=0.43..8.45 rows=1 width=6)
	        Index Cond: (id = 7126322)

for: order_ranges
table 1 : explain SELECT c FROM sbtest1 WHERE id BETWEEN 1815321 AND 1815330 ORDER BY c
	Sort  (cost=40.80..40.82 rows=10 width=121)
	  Sort Key: c
	  ->  Index Scan using sbtest1_pkey on sbtest1  (cost=0.43..40.63 rows=10 width=121)
	        Index Cond: ((id >= 1815321) AND (id <= 1815330))

table 2 : explain SELECT c FROM sbtest2 WHERE id BETWEEN 3447482 AND 3447491 ORDER BY c
	Sort  (cost=40.74..40.77 rows=10 width=121)
	  Sort Key: c
	  ->  Index Scan using sbtest2_pkey on sbtest2  (cost=0.43..40.58 rows=10 width=121)
	        Index Cond: ((id >= 3447482) AND (id <= 3447491))

table 3 : explain SELECT c FROM sbtest3 WHERE id BETWEEN 8643232 AND 8643241 ORDER BY c
	Sort  (cost=40.64..40.67 rows=10 width=121)
	  Sort Key: c
	  ->  Index Scan using sbtest3_pkey on sbtest3  (cost=0.43..40.48 rows=10 width=121)
	        Index Cond: ((id >= 8643232) AND (id <= 8643241))

table 4 : explain SELECT c FROM sbtest4 WHERE id BETWEEN 4300021 AND 4300030 ORDER BY c
	Sort  (cost=43.99..44.02 rows=11 width=121)
	  Sort Key: c
	  ->  Index Scan using sbtest4_pkey on sbtest4  (cost=0.43..43.80 rows=11 width=121)
	        Index Cond: ((id >= 4300021) AND (id <= 4300030))

table 5 : explain SELECT c FROM sbtest5 WHERE id BETWEEN 3899239 AND 3899248 ORDER BY c
	Sort  (cost=40.78..40.81 rows=10 width=121)
	  Sort Key: c
	  ->  Index Scan using sbtest5_pkey on sbtest5  (cost=0.43..40.62 rows=10 width=121)
	        Index Cond: ((id >= 3899239) AND (id <= 3899248))

table 6 : explain SELECT c FROM sbtest6 WHERE id BETWEEN 6280557 AND 6280566 ORDER BY c
	Sort  (cost=40.55..40.58 rows=10 width=121)
	  Sort Key: c
	  ->  Index Scan using sbtest6_pkey on sbtest6  (cost=0.43..40.39 rows=10 width=121)
	        Index Cond: ((id >= 6280557) AND (id <= 6280566))

table 7 : explain SELECT c FROM sbtest7 WHERE id BETWEEN 7727012 AND 7727021 ORDER BY c
	Sort  (cost=40.47..40.49 rows=10 width=121)
	  Sort Key: c
	  ->  Index Scan using sbtest7_pkey on sbtest7  (cost=0.43..40.30 rows=10 width=121)
	        Index Cond: ((id >= 7727012) AND (id <= 7727021))

table 8 : explain SELECT c FROM sbtest8 WHERE id BETWEEN 5278768 AND 5278777 ORDER BY c
	Sort  (cost=44.08..44.10 rows=11 width=121)
	  Sort Key: c
	  ->  Index Scan using sbtest8_pkey on sbtest8  (cost=0.43..43.89 rows=11 width=121)
	        Index Cond: ((id >= 5278768) AND (id <= 5278777))

for: simple_ranges
table 1 : explain SELECT c FROM sbtest1 WHERE id BETWEEN 988475 AND 988484
	Index Scan using sbtest1_pkey on sbtest1  (cost=0.43..37.06 rows=9 width=121)
	  Index Cond: ((id >= 988475) AND (id <= 988484))

table 2 : explain SELECT c FROM sbtest2 WHERE id BETWEEN 3020811 AND 3020820
	Index Scan using sbtest2_pkey on sbtest2  (cost=0.43..40.58 rows=10 width=121)
	  Index Cond: ((id >= 3020811) AND (id <= 3020820))

table 3 : explain SELECT c FROM sbtest3 WHERE id BETWEEN 6975053 AND 6975062
	Index Scan using sbtest3_pkey on sbtest3  (cost=0.43..36.92 rows=9 width=121)
	  Index Cond: ((id >= 6975053) AND (id <= 6975062))

table 4 : explain SELECT c FROM sbtest4 WHERE id BETWEEN 5396006 AND 5396015
	Index Scan using sbtest4_pkey on sbtest4  (cost=0.43..40.27 rows=10 width=121)
	  Index Cond: ((id >= 5396006) AND (id <= 5396015))

table 5 : explain SELECT c FROM sbtest5 WHERE id BETWEEN 1464390 AND 1464399
	Index Scan using sbtest5_pkey on sbtest5  (cost=0.43..37.04 rows=9 width=121)
	  Index Cond: ((id >= 1464390) AND (id <= 1464399))

table 6 : explain SELECT c FROM sbtest6 WHERE id BETWEEN 4793623 AND 4793632
	Index Scan using sbtest6_pkey on sbtest6  (cost=0.43..40.39 rows=10 width=121)
	  Index Cond: ((id >= 4793623) AND (id <= 4793632))

table 7 : explain SELECT c FROM sbtest7 WHERE id BETWEEN 4396779 AND 4396788
	Index Scan using sbtest7_pkey on sbtest7  (cost=0.43..40.30 rows=10 width=121)
	  Index Cond: ((id >= 4396779) AND (id <= 4396788))

table 8 : explain SELECT c FROM sbtest8 WHERE id BETWEEN 5279506 AND 5279515
	Index Scan using sbtest8_pkey on sbtest8  (cost=0.43..43.89 rows=11 width=121)
	  Index Cond: ((id >= 5279506) AND (id <= 5279515))

explain: for inserts :: explain INSERT INTO sbtest%u (id, k, c, pad) VALUES (%u, 13, 'foobar', 'foobar')
for index_updates
table 1 : explain UPDATE sbtest1 SET k=k+1 WHERE id=8419539
	Update on sbtest1  (cost=0.43..8.46 rows=0 width=0)
	  ->  Index Scan using sbtest1_pkey on sbtest1  (cost=0.43..8.46 rows=1 width=10)
	        Index Cond: (id = 8419539)

table 2 : explain UPDATE sbtest2 SET k=k+1 WHERE id=5215287
	Update on sbtest2  (cost=0.43..8.46 rows=0 width=0)
	  ->  Index Scan using sbtest2_pkey on sbtest2  (cost=0.43..8.46 rows=1 width=10)
	        Index Cond: (id = 5215287)

table 3 : explain UPDATE sbtest3 SET k=k+1 WHERE id=5973456
	Update on sbtest3  (cost=0.43..8.46 rows=0 width=0)
	  ->  Index Scan using sbtest3_pkey on sbtest3  (cost=0.43..8.46 rows=1 width=10)
	        Index Cond: (id = 5973456)

table 4 : explain UPDATE sbtest4 SET k=k+1 WHERE id=4651168
	Update on sbtest4  (cost=0.43..8.46 rows=0 width=0)
	  ->  Index Scan using sbtest4_pkey on sbtest4  (cost=0.43..8.46 rows=1 width=10)
	        Index Cond: (id = 4651168)

table 5 : explain UPDATE sbtest5 SET k=k+1 WHERE id=815376
	Update on sbtest5  (cost=0.43..8.46 rows=0 width=0)
	  ->  Index Scan using sbtest5_pkey on sbtest5  (cost=0.43..8.46 rows=1 width=10)
	        Index Cond: (id = 815376)

table 6 : explain UPDATE sbtest6 SET k=k+1 WHERE id=1674357
	Update on sbtest6  (cost=0.43..8.46 rows=0 width=0)
	  ->  Index Scan using sbtest6_pkey on sbtest6  (cost=0.43..8.46 rows=1 width=10)
	        Index Cond: (id = 1674357)

table 7 : explain UPDATE sbtest7 SET k=k+1 WHERE id=843802
	Update on sbtest7  (cost=0.43..8.46 rows=0 width=0)
	  ->  Index Scan using sbtest7_pkey on sbtest7  (cost=0.43..8.46 rows=1 width=10)
	        Index Cond: (id = 843802)

table 8 : explain UPDATE sbtest8 SET k=k+1 WHERE id=4417037
	Update on sbtest8  (cost=0.43..8.46 rows=0 width=0)
	  ->  Index Scan using sbtest8_pkey on sbtest8  (cost=0.43..8.46 rows=1 width=10)
	        Index Cond: (id = 4417037)

explain: for point_selects :: explain SELECT c FROM sbtest%u WHERE id=%u
explain: for inserts :: explain INSERT INTO sbtest%u (id, k, c, pad) VALUES (%u, 13, 'foobar', 'foobar')
for inserts
table 1 : explain INSERT INTO sbtest1 (id, k, c, pad) VALUES (976840, 13, 'foobar', 'foobar')
	Insert on sbtest1  (cost=0.00..0.01 rows=0 width=0)
	  ->  Result  (cost=0.00..0.01 rows=1 width=736)

table 2 : explain INSERT INTO sbtest2 (id, k, c, pad) VALUES (353555, 13, 'foobar', 'foobar')
	Insert on sbtest2  (cost=0.00..0.01 rows=0 width=0)
	  ->  Result  (cost=0.00..0.01 rows=1 width=736)

table 3 : explain INSERT INTO sbtest3 (id, k, c, pad) VALUES (2417352, 13, 'foobar', 'foobar')
	Insert on sbtest3  (cost=0.00..0.01 rows=0 width=0)
	  ->  Result  (cost=0.00..0.01 rows=1 width=736)

table 4 : explain INSERT INTO sbtest4 (id, k, c, pad) VALUES (1442054, 13, 'foobar', 'foobar')
	Insert on sbtest4  (cost=0.00..0.01 rows=0 width=0)
	  ->  Result  (cost=0.00..0.01 rows=1 width=736)

table 5 : explain INSERT INTO sbtest5 (id, k, c, pad) VALUES (6675541, 13, 'foobar', 'foobar')
	Insert on sbtest5  (cost=0.00..0.01 rows=0 width=0)
	  ->  Result  (cost=0.00..0.01 rows=1 width=736)

table 6 : explain INSERT INTO sbtest6 (id, k, c, pad) VALUES (4048693, 13, 'foobar', 'foobar')
	Insert on sbtest6  (cost=0.00..0.01 rows=0 width=0)
	  ->  Result  (cost=0.00..0.01 rows=1 width=736)

table 7 : explain INSERT INTO sbtest7 (id, k, c, pad) VALUES (8771000, 13, 'foobar', 'foobar')
	Insert on sbtest7  (cost=0.00..0.01 rows=0 width=0)
	  ->  Result  (cost=0.00..0.01 rows=1 width=736)

table 8 : explain INSERT INTO sbtest8 (id, k, c, pad) VALUES (75037, 13, 'foobar', 'foobar')
	Insert on sbtest8  (cost=0.00..0.01 rows=0 width=0)
	  ->  Result  (cost=0.00..0.01 rows=1 width=736)

explain: for non_index_updates :: explain UPDATE sbtest%u SET c='foobar' WHERE id=%u
for index_updates
table 1 : explain UPDATE sbtest1 SET k=k+1 WHERE id=5583190
	Update on sbtest1  (cost=0.43..8.46 rows=0 width=0)
	  ->  Index Scan using sbtest1_pkey on sbtest1  (cost=0.43..8.46 rows=1 width=10)
	        Index Cond: (id = 5583190)

table 2 : explain UPDATE sbtest2 SET k=k+1 WHERE id=8971782
	Update on sbtest2  (cost=0.43..8.46 rows=0 width=0)
	  ->  Index Scan using sbtest2_pkey on sbtest2  (cost=0.43..8.46 rows=1 width=10)
	        Index Cond: (id = 8971782)

table 3 : explain UPDATE sbtest3 SET k=k+1 WHERE id=6516789
	Update on sbtest3  (cost=0.43..8.46 rows=0 width=0)
	  ->  Index Scan using sbtest3_pkey on sbtest3  (cost=0.43..8.46 rows=1 width=10)
	        Index Cond: (id = 6516789)

table 4 : explain UPDATE sbtest4 SET k=k+1 WHERE id=6201806
	Update on sbtest4  (cost=0.43..8.46 rows=0 width=0)
	  ->  Index Scan using sbtest4_pkey on sbtest4  (cost=0.43..8.46 rows=1 width=10)
	        Index Cond: (id = 6201806)

table 5 : explain UPDATE sbtest5 SET k=k+1 WHERE id=3602845
	Update on sbtest5  (cost=0.43..8.46 rows=0 width=0)
	  ->  Index Scan using sbtest5_pkey on sbtest5  (cost=0.43..8.46 rows=1 width=10)
	        Index Cond: (id = 3602845)

table 6 : explain UPDATE sbtest6 SET k=k+1 WHERE id=4506234
	Update on sbtest6  (cost=0.43..8.46 rows=0 width=0)
	  ->  Index Scan using sbtest6_pkey on sbtest6  (cost=0.43..8.46 rows=1 width=10)
	        Index Cond: (id = 4506234)

table 7 : explain UPDATE sbtest7 SET k=k+1 WHERE id=4547631
	Update on sbtest7  (cost=0.43..8.46 rows=0 width=0)
	  ->  Index Scan using sbtest7_pkey on sbtest7  (cost=0.43..8.46 rows=1 width=10)
	        Index Cond: (id = 4547631)

table 8 : explain UPDATE sbtest8 SET k=k+1 WHERE id=1570410
	Update on sbtest8  (cost=0.43..8.46 rows=0 width=0)
	  ->  Index Scan using sbtest8_pkey on sbtest8  (cost=0.43..8.46 rows=1 width=10)
	        Index Cond: (id = 1570410)

explain: for non_index_updates :: explain UPDATE sbtest%u SET c='foobar' WHERE id=%u
for: distinct_ranges
table 1 : explain SELECT DISTINCT c FROM sbtest1 WHERE id BETWEEN 9066876 AND 9066885 ORDER BY c
	Unique  (cost=37.20..37.24 rows=9 width=121)
	  ->  Sort  (cost=37.20..37.22 rows=9 width=121)
	        Sort Key: c
	        ->  Index Scan using sbtest1_pkey on sbtest1  (cost=0.43..37.06 rows=9 width=121)
	              Index Cond: ((id >= 9066876) AND (id <= 9066885))

table 2 : explain SELECT DISTINCT c FROM sbtest2 WHERE id BETWEEN 989130 AND 989139 ORDER BY c
	Unique  (cost=44.34..44.39 rows=11 width=121)
	  ->  Sort  (cost=44.34..44.36 rows=11 width=121)
	        Sort Key: c
	        ->  Index Scan using sbtest2_pkey on sbtest2  (cost=0.43..44.15 rows=11 width=121)
	              Index Cond: ((id >= 989130) AND (id <= 989139))

table 3 : explain SELECT DISTINCT c FROM sbtest3 WHERE id BETWEEN 1206568 AND 1206577 ORDER BY c
	Unique  (cost=40.64..40.69 rows=10 width=121)
	  ->  Sort  (cost=40.64..40.67 rows=10 width=121)
	        Sort Key: c
	        ->  Index Scan using sbtest3_pkey on sbtest3  (cost=0.43..40.48 rows=10 width=121)
	              Index Cond: ((id >= 1206568) AND (id <= 1206577))

table 4 : explain SELECT DISTINCT c FROM sbtest4 WHERE id BETWEEN 5085316 AND 5085325 ORDER BY c
	Unique  (cost=40.43..40.48 rows=10 width=121)
	  ->  Sort  (cost=40.43..40.46 rows=10 width=121)
	        Sort Key: c
	        ->  Index Scan using sbtest4_pkey on sbtest4  (cost=0.43..40.27 rows=10 width=121)
	              Index Cond: ((id >= 5085316) AND (id <= 5085325))

table 5 : explain SELECT DISTINCT c FROM sbtest5 WHERE id BETWEEN 7552844 AND 7552853 ORDER BY c
	Unique  (cost=44.38..44.44 rows=11 width=121)
	  ->  Sort  (cost=44.38..44.41 rows=11 width=121)
	        Sort Key: c
	        ->  Index Scan using sbtest5_pkey on sbtest5  (cost=0.43..44.19 rows=11 width=121)
	              Index Cond: ((id >= 7552844) AND (id <= 7552853))

table 6 : explain SELECT DISTINCT c FROM sbtest6 WHERE id BETWEEN 7630914 AND 7630923 ORDER BY c
	Unique  (cost=40.55..40.60 rows=10 width=121)
	  ->  Sort  (cost=40.55..40.58 rows=10 width=121)
	        Sort Key: c
	        ->  Index Scan using sbtest6_pkey on sbtest6  (cost=0.43..40.39 rows=10 width=121)
	              Index Cond: ((id >= 7630914) AND (id <= 7630923))

table 7 : explain SELECT DISTINCT c FROM sbtest7 WHERE id BETWEEN 4763295 AND 4763304 ORDER BY c
	Unique  (cost=44.03..44.08 rows=11 width=121)
	  ->  Sort  (cost=44.03..44.06 rows=11 width=121)
	        Sort Key: c
	        ->  Index Scan using sbtest7_pkey on sbtest7  (cost=0.43..43.84 rows=11 width=121)
	              Index Cond: ((id >= 4763295) AND (id <= 4763304))

table 8 : explain SELECT DISTINCT c FROM sbtest8 WHERE id BETWEEN 4401182 AND 4401191 ORDER BY c
	Unique  (cost=44.08..44.13 rows=11 width=121)
	  ->  Sort  (cost=44.08..44.10 rows=11 width=121)
	        Sort Key: c
	        ->  Index Scan using sbtest8_pkey on sbtest8  (cost=0.43..43.89 rows=11 width=121)
	              Index Cond: ((id >= 4401182) AND (id <= 4401191))

explain: for index_updates :: explain UPDATE sbtest%u SET k=k+1 WHERE id=%u
for inserts
table 1 : explain INSERT INTO sbtest1 (id, k, c, pad) VALUES (7050366, 13, 'foobar', 'foobar')
	Insert on sbtest1  (cost=0.00..0.01 rows=0 width=0)
	  ->  Result  (cost=0.00..0.01 rows=1 width=736)

table 2 : explain INSERT INTO sbtest2 (id, k, c, pad) VALUES (7473337, 13, 'foobar', 'foobar')
	Insert on sbtest2  (cost=0.00..0.01 rows=0 width=0)
	  ->  Result  (cost=0.00..0.01 rows=1 width=736)

table 3 : explain INSERT INTO sbtest3 (id, k, c, pad) VALUES (358171, 13, 'foobar', 'foobar')
	Insert on sbtest3  (cost=0.00..0.01 rows=0 width=0)
	  ->  Result  (cost=0.00..0.01 rows=1 width=736)

table 4 : explain INSERT INTO sbtest4 (id, k, c, pad) VALUES (9626611, 13, 'foobar', 'foobar')
	Insert on sbtest4  (cost=0.00..0.01 rows=0 width=0)
	  ->  Result  (cost=0.00..0.01 rows=1 width=736)

table 5 : explain INSERT INTO sbtest5 (id, k, c, pad) VALUES (2102865, 13, 'foobar', 'foobar')
	Insert on sbtest5  (cost=0.00..0.01 rows=0 width=0)
	  ->  Result  (cost=0.00..0.01 rows=1 width=736)

table 6 : explain INSERT INTO sbtest6 (id, k, c, pad) VALUES (5399197, 13, 'foobar', 'foobar')
	Insert on sbtest6  (cost=0.00..0.01 rows=0 width=0)
	  ->  Result  (cost=0.00..0.01 rows=1 width=736)

table 7 : explain INSERT INTO sbtest7 (id, k, c, pad) VALUES (1281124, 13, 'foobar', 'foobar')
	Insert on sbtest7  (cost=0.00..0.01 rows=0 width=0)
	  ->  Result  (cost=0.00..0.01 rows=1 width=736)

table 8 : explain INSERT INTO sbtest8 (id, k, c, pad) VALUES (5278555, 13, 'foobar', 'foobar')
	Insert on sbtest8  (cost=0.00..0.01 rows=0 width=0)
	  ->  Result  (cost=0.00..0.01 rows=1 width=736)

for index_updates
table 1 : explain UPDATE sbtest1 SET k=k+1 WHERE id=4152007
	Update on sbtest1  (cost=0.43..8.46 rows=0 width=0)
	  ->  Index Scan using sbtest1_pkey on sbtest1  (cost=0.43..8.46 rows=1 width=10)
	        Index Cond: (id = 4152007)

table 2 : explain UPDATE sbtest2 SET k=k+1 WHERE id=9387049
	Update on sbtest2  (cost=0.43..8.46 rows=0 width=0)
	  ->  Index Scan using sbtest2_pkey on sbtest2  (cost=0.43..8.46 rows=1 width=10)
	        Index Cond: (id = 9387049)

table 3 : explain UPDATE sbtest3 SET k=k+1 WHERE id=1674935
	Update on sbtest3  (cost=0.43..8.46 rows=0 width=0)
	  ->  Index Scan using sbtest3_pkey on sbtest3  (cost=0.43..8.46 rows=1 width=10)
	        Index Cond: (id = 1674935)

table 4 : explain UPDATE sbtest4 SET k=k+1 WHERE id=3981142
	Update on sbtest4  (cost=0.43..8.46 rows=0 width=0)
	  ->  Index Scan using sbtest4_pkey on sbtest4  (cost=0.43..8.46 rows=1 width=10)
	        Index Cond: (id = 3981142)

table 5 : explain UPDATE sbtest5 SET k=k+1 WHERE id=4042328
	Update on sbtest5  (cost=0.43..8.46 rows=0 width=0)
	  ->  Index Scan using sbtest5_pkey on sbtest5  (cost=0.43..8.46 rows=1 width=10)
	        Index Cond: (id = 4042328)

table 6 : explain UPDATE sbtest6 SET k=k+1 WHERE id=4142585
	Update on sbtest6  (cost=0.43..8.46 rows=0 width=0)
	  ->  Index Scan using sbtest6_pkey on sbtest6  (cost=0.43..8.46 rows=1 width=10)
	        Index Cond: (id = 4142585)

table 7 : explain UPDATE sbtest7 SET k=k+1 WHERE id=9011187
	Update on sbtest7  (cost=0.43..8.46 rows=0 width=0)
	  ->  Index Scan using sbtest7_pkey on sbtest7  (cost=0.43..8.46 rows=1 width=10)
	        Index Cond: (id = 9011187)

table 8 : explain UPDATE sbtest8 SET k=k+1 WHERE id=2242009
	Update on sbtest8  (cost=0.43..8.46 rows=0 width=0)
	  ->  Index Scan using sbtest8_pkey on sbtest8  (cost=0.43..8.46 rows=1 width=10)
	        Index Cond: (id = 2242009)

for non_index_updates
table 1 : explain UPDATE sbtest1 SET c='foobar' WHERE id=8629834
	Update on sbtest1  (cost=0.43..8.45 rows=0 width=0)
	  ->  Index Scan using sbtest1_pkey on sbtest1  (cost=0.43..8.45 rows=1 width=490)
	        Index Cond: (id = 8629834)

table 2 : explain UPDATE sbtest2 SET c='foobar' WHERE id=8314091
	Update on sbtest2  (cost=0.43..8.45 rows=0 width=0)
	  ->  Index Scan using sbtest2_pkey on sbtest2  (cost=0.43..8.45 rows=1 width=490)
	        Index Cond: (id = 8314091)

table 3 : explain UPDATE sbtest3 SET c='foobar' WHERE id=5361233
	Update on sbtest3  (cost=0.43..8.45 rows=0 width=0)
	  ->  Index Scan using sbtest3_pkey on sbtest3  (cost=0.43..8.45 rows=1 width=490)
	        Index Cond: (id = 5361233)

table 4 : explain UPDATE sbtest4 SET c='foobar' WHERE id=2429523
	Update on sbtest4  (cost=0.43..8.45 rows=0 width=0)
	  ->  Index Scan using sbtest4_pkey on sbtest4  (cost=0.43..8.45 rows=1 width=490)
	        Index Cond: (id = 2429523)

table 5 : explain UPDATE sbtest5 SET c='foobar' WHERE id=6131680
	Update on sbtest5  (cost=0.43..8.45 rows=0 width=0)
	  ->  Index Scan using sbtest5_pkey on sbtest5  (cost=0.43..8.45 rows=1 width=490)
	        Index Cond: (id = 6131680)

table 6 : explain UPDATE sbtest6 SET c='foobar' WHERE id=6471017
	Update on sbtest6  (cost=0.43..8.45 rows=0 width=0)
	  ->  Index Scan using sbtest6_pkey on sbtest6  (cost=0.43..8.45 rows=1 width=490)
	        Index Cond: (id = 6471017)

table 7 : explain UPDATE sbtest7 SET c='foobar' WHERE id=3060342
	Update on sbtest7  (cost=0.43..8.45 rows=0 width=0)
	  ->  Index Scan using sbtest7_pkey on sbtest7  (cost=0.43..8.45 rows=1 width=490)
	        Index Cond: (id = 3060342)

table 8 : explain UPDATE sbtest8 SET c='foobar' WHERE id=1417478
	Update on sbtest8  (cost=0.43..8.45 rows=0 width=0)
	  ->  Index Scan using sbtest8_pkey on sbtest8  (cost=0.43..8.45 rows=1 width=490)
	        Index Cond: (id = 1417478)

for non_index_updates
table 1 : explain UPDATE sbtest1 SET c='foobar' WHERE id=447898
	Update on sbtest1  (cost=0.43..8.45 rows=0 width=0)
	  ->  Index Scan using sbtest1_pkey on sbtest1  (cost=0.43..8.45 rows=1 width=490)
	        Index Cond: (id = 447898)

table 2 : explain UPDATE sbtest2 SET c='foobar' WHERE id=8013090
	Update on sbtest2  (cost=0.43..8.45 rows=0 width=0)
	  ->  Index Scan using sbtest2_pkey on sbtest2  (cost=0.43..8.45 rows=1 width=490)
	        Index Cond: (id = 8013090)

table 3 : explain UPDATE sbtest3 SET c='foobar' WHERE id=5386214
	Update on sbtest3  (cost=0.43..8.45 rows=0 width=0)
	  ->  Index Scan using sbtest3_pkey on sbtest3  (cost=0.43..8.45 rows=1 width=490)
	        Index Cond: (id = 5386214)

table 4 : explain UPDATE sbtest4 SET c='foobar' WHERE id=8830248
	Update on sbtest4  (cost=0.43..8.45 rows=0 width=0)
	  ->  Index Scan using sbtest4_pkey on sbtest4  (cost=0.43..8.45 rows=1 width=490)
	        Index Cond: (id = 8830248)

table 5 : explain UPDATE sbtest5 SET c='foobar' WHERE id=448045
	Update on sbtest5  (cost=0.43..8.45 rows=0 width=0)
	  ->  Index Scan using sbtest5_pkey on sbtest5  (cost=0.43..8.45 rows=1 width=490)
	        Index Cond: (id = 448045)

table 6 : explain UPDATE sbtest6 SET c='foobar' WHERE id=541447
	Update on sbtest6  (cost=0.43..8.45 rows=0 width=0)
	  ->  Index Scan using sbtest6_pkey on sbtest6  (cost=0.43..8.45 rows=1 width=490)
	        Index Cond: (id = 541447)

table 7 : explain UPDATE sbtest7 SET c='foobar' WHERE id=9399978
	Update on sbtest7  (cost=0.43..8.45 rows=0 width=0)
	  ->  Index Scan using sbtest7_pkey on sbtest7  (cost=0.43..8.45 rows=1 width=490)
	        Index Cond: (id = 9399978)

table 8 : explain UPDATE sbtest8 SET c='foobar' WHERE id=1674277
	Update on sbtest8  (cost=0.43..8.45 rows=0 width=0)
	  ->  Index Scan using sbtest8_pkey on sbtest8  (cost=0.43..8.45 rows=1 width=490)
	        Index Cond: (id = 1674277)

for point_selects
table 1 : explain SELECT c FROM sbtest1 WHERE id=9742370
	Index Scan using sbtest1_pkey on sbtest1  (cost=0.43..8.45 rows=1 width=121)
	  Index Cond: (id = 9742370)

table 2 : explain SELECT c FROM sbtest2 WHERE id=850759
	Index Scan using sbtest2_pkey on sbtest2  (cost=0.43..8.45 rows=1 width=121)
	  Index Cond: (id = 850759)

table 3 : explain SELECT c FROM sbtest3 WHERE id=5596605
	Index Scan using sbtest3_pkey on sbtest3  (cost=0.43..8.45 rows=1 width=121)
	  Index Cond: (id = 5596605)

table 4 : explain SELECT c FROM sbtest4 WHERE id=2611372
	Index Scan using sbtest4_pkey on sbtest4  (cost=0.43..8.45 rows=1 width=121)
	  Index Cond: (id = 2611372)

table 5 : explain SELECT c FROM sbtest5 WHERE id=3964793
	Index Scan using sbtest5_pkey on sbtest5  (cost=0.43..8.45 rows=1 width=121)
	  Index Cond: (id = 3964793)

table 6 : explain SELECT c FROM sbtest6 WHERE id=5900942
	Index Scan using sbtest6_pkey on sbtest6  (cost=0.43..8.45 rows=1 width=121)
	  Index Cond: (id = 5900942)

table 7 : explain SELECT c FROM sbtest7 WHERE id=3204002
	Index Scan using sbtest7_pkey on sbtest7  (cost=0.43..8.45 rows=1 width=121)
	  Index Cond: (id = 3204002)

table 8 : explain SELECT c FROM sbtest8 WHERE id=4611176
	Index Scan using sbtest8_pkey on sbtest8  (cost=0.43..8.45 rows=1 width=121)
	  Index Cond: (id = 4611176)

explain: for non_index_updates :: explain UPDATE sbtest%u SET c='foobar' WHERE id=%u
for point_selects
table 1 : explain SELECT c FROM sbtest1 WHERE id=5338008
	Index Scan using sbtest1_pkey on sbtest1  (cost=0.43..8.45 rows=1 width=121)
	  Index Cond: (id = 5338008)

table 2 : explain SELECT c FROM sbtest2 WHERE id=4781508
	Index Scan using sbtest2_pkey on sbtest2  (cost=0.43..8.45 rows=1 width=121)
	  Index Cond: (id = 4781508)

table 3 : explain SELECT c FROM sbtest3 WHERE id=6974083
	Index Scan using sbtest3_pkey on sbtest3  (cost=0.43..8.45 rows=1 width=121)
	  Index Cond: (id = 6974083)

table 4 : explain SELECT c FROM sbtest4 WHERE id=55097
	Index Scan using sbtest4_pkey on sbtest4  (cost=0.43..8.45 rows=1 width=121)
	  Index Cond: (id = 55097)

table 5 : explain SELECT c FROM sbtest5 WHERE id=2773847
	Index Scan using sbtest5_pkey on sbtest5  (cost=0.43..8.45 rows=1 width=121)
	  Index Cond: (id = 2773847)

table 6 : explain SELECT c FROM sbtest6 WHERE id=3609256
	Index Scan using sbtest6_pkey on sbtest6  (cost=0.43..8.45 rows=1 width=121)
	  Index Cond: (id = 3609256)

table 7 : explain SELECT c FROM sbtest7 WHERE id=4957155
	Index Scan using sbtest7_pkey on sbtest7  (cost=0.43..8.45 rows=1 width=121)
	  Index Cond: (id = 4957155)

table 8 : explain SELECT c FROM sbtest8 WHERE id=2917889
	Index Scan using sbtest8_pkey on sbtest8  (cost=0.43..8.45 rows=1 width=121)
	  Index Cond: (id = 2917889)

explain: for deletes :: explain DELETE FROM sbtest%u WHERE id=%u
explain: for deletes :: explain DELETE FROM sbtest%u WHERE id=%u
for: sum_ranges
table 1 : explain SELECT SUM(k) FROM sbtest1 WHERE id BETWEEN 7340277 AND 7340286
	Aggregate  (cost=44.23..44.24 rows=1 width=8)
	  ->  Index Scan using sbtest1_pkey on sbtest1  (cost=0.43..44.21 rows=11 width=4)
	        Index Cond: ((id >= 7340277) AND (id <= 7340286))

table 2 : explain SELECT SUM(k) FROM sbtest2 WHERE id BETWEEN 683586 AND 683595
	Aggregate  (cost=44.17..44.18 rows=1 width=8)
	  ->  Index Scan using sbtest2_pkey on sbtest2  (cost=0.43..44.15 rows=11 width=4)
	        Index Cond: ((id >= 683586) AND (id <= 683595))

table 3 : explain SELECT SUM(k) FROM sbtest3 WHERE id BETWEEN 3412790 AND 3412799
	Aggregate  (cost=40.50..40.51 rows=1 width=8)
	  ->  Index Scan using sbtest3_pkey on sbtest3  (cost=0.43..40.48 rows=10 width=4)
	        Index Cond: ((id >= 3412790) AND (id <= 3412799))

table 4 : explain SELECT SUM(k) FROM sbtest4 WHERE id BETWEEN 2602256 AND 2602265
	Aggregate  (cost=40.29..40.30 rows=1 width=8)
	  ->  Index Scan using sbtest4_pkey on sbtest4  (cost=0.43..40.27 rows=10 width=4)
	        Index Cond: ((id >= 2602256) AND (id <= 2602265))

table 5 : explain SELECT SUM(k) FROM sbtest5 WHERE id BETWEEN 6050763 AND 6050772
	Aggregate  (cost=40.64..40.65 rows=1 width=8)
	  ->  Index Scan using sbtest5_pkey on sbtest5  (cost=0.43..40.62 rows=10 width=4)
	        Index Cond: ((id >= 6050763) AND (id <= 6050772))

table 6 : explain SELECT SUM(k) FROM sbtest6 WHERE id BETWEEN 4899386 AND 4899395
	Aggregate  (cost=40.41..40.42 rows=1 width=8)
	  ->  Index Scan using sbtest6_pkey on sbtest6  (cost=0.43..40.39 rows=10 width=4)
	        Index Cond: ((id >= 4899386) AND (id <= 4899395))

table 7 : explain SELECT SUM(k) FROM sbtest7 WHERE id BETWEEN 1956315 AND 1956324
	Aggregate  (cost=36.79..36.80 rows=1 width=8)
	  ->  Index Scan using sbtest7_pkey on sbtest7  (cost=0.43..36.76 rows=9 width=4)
	        Index Cond: ((id >= 1956315) AND (id <= 1956324))

table 8 : explain SELECT SUM(k) FROM sbtest8 WHERE id BETWEEN 4702564 AND 4702573
	Aggregate  (cost=43.91..43.92 rows=1 width=8)
	  ->  Index Scan using sbtest8_pkey on sbtest8  (cost=0.43..43.89 rows=11 width=4)
	        Index Cond: ((id >= 4702564) AND (id <= 4702573))

explain: for point_selects :: explain SELECT c FROM sbtest%u WHERE id=%u
for non_index_updates
table 1 : explain UPDATE sbtest1 SET c='foobar' WHERE id=6480119
	Update on sbtest1  (cost=0.43..8.45 rows=0 width=0)
	  ->  Index Scan using sbtest1_pkey on sbtest1  (cost=0.43..8.45 rows=1 width=490)
	        Index Cond: (id = 6480119)

table 2 : explain UPDATE sbtest2 SET c='foobar' WHERE id=298289
	Update on sbtest2  (cost=0.43..8.45 rows=0 width=0)
	  ->  Index Scan using sbtest2_pkey on sbtest2  (cost=0.43..8.45 rows=1 width=490)
	        Index Cond: (id = 298289)

table 3 : explain UPDATE sbtest3 SET c='foobar' WHERE id=9257919
	Update on sbtest3  (cost=0.43..8.45 rows=0 width=0)
	  ->  Index Scan using sbtest3_pkey on sbtest3  (cost=0.43..8.45 rows=1 width=490)
	        Index Cond: (id = 9257919)

table 4 : explain UPDATE sbtest4 SET c='foobar' WHERE id=7981426
	Update on sbtest4  (cost=0.43..8.45 rows=0 width=0)
	  ->  Index Scan using sbtest4_pkey on sbtest4  (cost=0.43..8.45 rows=1 width=490)
	        Index Cond: (id = 7981426)

table 5 : explain UPDATE sbtest5 SET c='foobar' WHERE id=7037216
	Update on sbtest5  (cost=0.43..8.45 rows=0 width=0)
	  ->  Index Scan using sbtest5_pkey on sbtest5  (cost=0.43..8.45 rows=1 width=490)
	        Index Cond: (id = 7037216)

table 6 : explain UPDATE sbtest6 SET c='foobar' WHERE id=9639725
	Update on sbtest6  (cost=0.43..8.45 rows=0 width=0)
	  ->  Index Scan using sbtest6_pkey on sbtest6  (cost=0.43..8.45 rows=1 width=490)
	        Index Cond: (id = 9639725)

table 7 : explain UPDATE sbtest7 SET c='foobar' WHERE id=6912319
	Update on sbtest7  (cost=0.43..8.45 rows=0 width=0)
	  ->  Index Scan using sbtest7_pkey on sbtest7  (cost=0.43..8.45 rows=1 width=490)
	        Index Cond: (id = 6912319)

table 8 : explain UPDATE sbtest8 SET c='foobar' WHERE id=4694428
	Update on sbtest8  (cost=0.43..8.45 rows=0 width=0)
	  ->  Index Scan using sbtest8_pkey on sbtest8  (cost=0.43..8.45 rows=1 width=490)
	        Index Cond: (id = 4694428)

explain: for point_selects :: explain SELECT c FROM sbtest%u WHERE id=%u
for deletes
table 1 : explain DELETE FROM sbtest1 WHERE id=2390474
	Delete on sbtest1  (cost=0.43..8.45 rows=0 width=0)
	  ->  Index Scan using sbtest1_pkey on sbtest1  (cost=0.43..8.45 rows=1 width=6)
	        Index Cond: (id = 2390474)

table 2 : explain DELETE FROM sbtest2 WHERE id=7589309
	Delete on sbtest2  (cost=0.43..8.45 rows=0 width=0)
	  ->  Index Scan using sbtest2_pkey on sbtest2  (cost=0.43..8.45 rows=1 width=6)
	        Index Cond: (id = 7589309)

table 3 : explain DELETE FROM sbtest3 WHERE id=5422574
	Delete on sbtest3  (cost=0.43..8.45 rows=0 width=0)
	  ->  Index Scan using sbtest3_pkey on sbtest3  (cost=0.43..8.45 rows=1 width=6)
	        Index Cond: (id = 5422574)

table 4 : explain DELETE FROM sbtest4 WHERE id=6134834
	Delete on sbtest4  (cost=0.43..8.45 rows=0 width=0)
	  ->  Index Scan using sbtest4_pkey on sbtest4  (cost=0.43..8.45 rows=1 width=6)
	        Index Cond: (id = 6134834)

table 5 : explain DELETE FROM sbtest5 WHERE id=4698070
	Delete on sbtest5  (cost=0.43..8.45 rows=0 width=0)
	  ->  Index Scan using sbtest5_pkey on sbtest5  (cost=0.43..8.45 rows=1 width=6)
	        Index Cond: (id = 4698070)

table 6 : explain DELETE FROM sbtest6 WHERE id=274924
	Delete on sbtest6  (cost=0.43..8.45 rows=0 width=0)
	  ->  Index Scan using sbtest6_pkey on sbtest6  (cost=0.43..8.45 rows=1 width=6)
	        Index Cond: (id = 274924)

table 7 : explain DELETE FROM sbtest7 WHERE id=4949759
	Delete on sbtest7  (cost=0.43..8.45 rows=0 width=0)
	  ->  Index Scan using sbtest7_pkey on sbtest7  (cost=0.43..8.45 rows=1 width=6)
	        Index Cond: (id = 4949759)

table 8 : explain DELETE FROM sbtest8 WHERE id=8927942
	Delete on sbtest8  (cost=0.43..8.45 rows=0 width=0)
	  ->  Index Scan using sbtest8_pkey on sbtest8  (cost=0.43..8.45 rows=1 width=6)
	        Index Cond: (id = 8927942)

explain: for point_selects :: explain SELECT c FROM sbtest%u WHERE id=%u
explain: for point_selects :: explain SELECT c FROM sbtest%u WHERE id=%u
explain: for deletes :: explain DELETE FROM sbtest%u WHERE id=%u
explain: for point_selects :: explain SELECT c FROM sbtest%u WHERE id=%u
for: simple_ranges
table 1 : explain SELECT c FROM sbtest1 WHERE id BETWEEN 1428202 AND 1428211
	Index Scan using sbtest1_pkey on sbtest1  (cost=0.43..40.63 rows=10 width=121)
	  Index Cond: ((id >= 1428202) AND (id <= 1428211))

table 2 : explain SELECT c FROM sbtest2 WHERE id BETWEEN 182459 AND 182468
	Index Scan using sbtest2_pkey on sbtest2  (cost=0.43..37.01 rows=9 width=121)
	  Index Cond: ((id >= 182459) AND (id <= 182468))

table 3 : explain SELECT c FROM sbtest3 WHERE id BETWEEN 787522 AND 787531
	Index Scan using sbtest3_pkey on sbtest3  (cost=0.43..40.48 rows=10 width=121)
	  Index Cond: ((id >= 787522) AND (id <= 787531))

table 4 : explain SELECT c FROM sbtest4 WHERE id BETWEEN 1148201 AND 1148210
	Index Scan using sbtest4_pkey on sbtest4  (cost=0.43..40.27 rows=10 width=121)
	  Index Cond: ((id >= 1148201) AND (id <= 1148210))

table 5 : explain SELECT c FROM sbtest5 WHERE id BETWEEN 2985576 AND 2985585
	Index Scan using sbtest5_pkey on sbtest5  (cost=0.43..40.62 rows=10 width=121)
	  Index Cond: ((id >= 2985576) AND (id <= 2985585))

table 6 : explain SELECT c FROM sbtest6 WHERE id BETWEEN 5019502 AND 5019511
	Index Scan using sbtest6_pkey on sbtest6  (cost=0.43..36.84 rows=9 width=121)
	  Index Cond: ((id >= 5019502) AND (id <= 5019511))

table 7 : explain SELECT c FROM sbtest7 WHERE id BETWEEN 7514344 AND 7514353
	Index Scan using sbtest7_pkey on sbtest7  (cost=0.43..40.30 rows=10 width=121)
	  Index Cond: ((id >= 7514344) AND (id <= 7514353))

table 8 : explain SELECT c FROM sbtest8 WHERE id BETWEEN 9741921 AND 9741930
	Index Scan using sbtest8_pkey on sbtest8  (cost=0.43..40.34 rows=10 width=121)
	  Index Cond: ((id >= 9741921) AND (id <= 9741930))

explain: for deletes :: explain DELETE FROM sbtest%u WHERE id=%u
for deletes
table 1 : explain DELETE FROM sbtest1 WHERE id=2373788
	Delete on sbtest1  (cost=0.43..8.45 rows=0 width=0)
	  ->  Index Scan using sbtest1_pkey on sbtest1  (cost=0.43..8.45 rows=1 width=6)
	        Index Cond: (id = 2373788)

table 2 : explain DELETE FROM sbtest2 WHERE id=4745632
	Delete on sbtest2  (cost=0.43..8.45 rows=0 width=0)
	  ->  Index Scan using sbtest2_pkey on sbtest2  (cost=0.43..8.45 rows=1 width=6)
	        Index Cond: (id = 4745632)

table 3 : explain DELETE FROM sbtest3 WHERE id=9163610
	Delete on sbtest3  (cost=0.43..8.45 rows=0 width=0)
	  ->  Index Scan using sbtest3_pkey on sbtest3  (cost=0.43..8.45 rows=1 width=6)
	        Index Cond: (id = 9163610)

table 4 : explain DELETE FROM sbtest4 WHERE id=2482325
	Delete on sbtest4  (cost=0.43..8.45 rows=0 width=0)
	  ->  Index Scan using sbtest4_pkey on sbtest4  (cost=0.43..8.45 rows=1 width=6)
	        Index Cond: (id = 2482325)

table 5 : explain DELETE FROM sbtest5 WHERE id=6274266
	Delete on sbtest5  (cost=0.43..8.45 rows=0 width=0)
	  ->  Index Scan using sbtest5_pkey on sbtest5  (cost=0.43..8.45 rows=1 width=6)
	        Index Cond: (id = 6274266)

table 6 : explain DELETE FROM sbtest6 WHERE id=1133338
	Delete on sbtest6  (cost=0.43..8.45 rows=0 width=0)
	  ->  Index Scan using sbtest6_pkey on sbtest6  (cost=0.43..8.45 rows=1 width=6)
	        Index Cond: (id = 1133338)

table 7 : explain DELETE FROM sbtest7 WHERE id=579995
	Delete on sbtest7  (cost=0.43..8.45 rows=0 width=0)
	  ->  Index Scan using sbtest7_pkey on sbtest7  (cost=0.43..8.45 rows=1 width=6)
	        Index Cond: (id = 579995)

table 8 : explain DELETE FROM sbtest8 WHERE id=2742705
	Delete on sbtest8  (cost=0.43..8.45 rows=0 width=0)
	  ->  Index Scan using sbtest8_pkey on sbtest8  (cost=0.43..8.45 rows=1 width=6)
	        Index Cond: (id = 2742705)

explain: for inserts :: explain INSERT INTO sbtest%u (id, k, c, pad) VALUES (%u, 13, 'foobar', 'foobar')
for deletes
table 1 : explain DELETE FROM sbtest1 WHERE id=8045883
	Delete on sbtest1  (cost=0.43..8.45 rows=0 width=0)
	  ->  Index Scan using sbtest1_pkey on sbtest1  (cost=0.43..8.45 rows=1 width=6)
	        Index Cond: (id = 8045883)

table 2 : explain DELETE FROM sbtest2 WHERE id=1525155
	Delete on sbtest2  (cost=0.43..8.45 rows=0 width=0)
	  ->  Index Scan using sbtest2_pkey on sbtest2  (cost=0.43..8.45 rows=1 width=6)
	        Index Cond: (id = 1525155)

table 3 : explain DELETE FROM sbtest3 WHERE id=5180525
	Delete on sbtest3  (cost=0.43..8.45 rows=0 width=0)
	  ->  Index Scan using sbtest3_pkey on sbtest3  (cost=0.43..8.45 rows=1 width=6)
	        Index Cond: (id = 5180525)

table 4 : explain DELETE FROM sbtest4 WHERE id=9375138
	Delete on sbtest4  (cost=0.43..8.45 rows=0 width=0)
	  ->  Index Scan using sbtest4_pkey on sbtest4  (cost=0.43..8.45 rows=1 width=6)
	        Index Cond: (id = 9375138)

table 5 : explain DELETE FROM sbtest5 WHERE id=4294572
	Delete on sbtest5  (cost=0.43..8.45 rows=0 width=0)
	  ->  Index Scan using sbtest5_pkey on sbtest5  (cost=0.43..8.45 rows=1 width=6)
	        Index Cond: (id = 4294572)

table 6 : explain DELETE FROM sbtest6 WHERE id=5622834
	Delete on sbtest6  (cost=0.43..8.45 rows=0 width=0)
	  ->  Index Scan using sbtest6_pkey on sbtest6  (cost=0.43..8.45 rows=1 width=6)
	        Index Cond: (id = 5622834)

table 7 : explain DELETE FROM sbtest7 WHERE id=26174
	Delete on sbtest7  (cost=0.43..8.45 rows=0 width=0)
	  ->  Index Scan using sbtest7_pkey on sbtest7  (cost=0.43..8.45 rows=1 width=6)
	        Index Cond: (id = 26174)

table 8 : explain DELETE FROM sbtest8 WHERE id=8909712
	Delete on sbtest8  (cost=0.43..8.45 rows=0 width=0)
	  ->  Index Scan using sbtest8_pkey on sbtest8  (cost=0.43..8.45 rows=1 width=6)
	        Index Cond: (id = 8909712)

for deletes
table 1 : explain DELETE FROM sbtest1 WHERE id=2044863
	Delete on sbtest1  (cost=0.43..8.45 rows=0 width=0)
	  ->  Index Scan using sbtest1_pkey on sbtest1  (cost=0.43..8.45 rows=1 width=6)
	        Index Cond: (id = 2044863)

table 2 : explain DELETE FROM sbtest2 WHERE id=9901090
	Delete on sbtest2  (cost=0.43..8.45 rows=0 width=0)
	  ->  Index Scan using sbtest2_pkey on sbtest2  (cost=0.43..8.45 rows=1 width=6)
	        Index Cond: (id = 9901090)

table 3 : explain DELETE FROM sbtest3 WHERE id=582775
	Delete on sbtest3  (cost=0.43..8.45 rows=0 width=0)
	  ->  Index Scan using sbtest3_pkey on sbtest3  (cost=0.43..8.45 rows=1 width=6)
	        Index Cond: (id = 582775)

table 4 : explain DELETE FROM sbtest4 WHERE id=1028854
	Delete on sbtest4  (cost=0.43..8.45 rows=0 width=0)
	  ->  Index Scan using sbtest4_pkey on sbtest4  (cost=0.43..8.45 rows=1 width=6)
	        Index Cond: (id = 1028854)

table 5 : explain DELETE FROM sbtest5 WHERE id=3516603
	Delete on sbtest5  (cost=0.43..8.45 rows=0 width=0)
	  ->  Index Scan using sbtest5_pkey on sbtest5  (cost=0.43..8.45 rows=1 width=6)
	        Index Cond: (id = 3516603)

table 6 : explain DELETE FROM sbtest6 WHERE id=3374757
	Delete on sbtest6  (cost=0.43..8.45 rows=0 width=0)
	  ->  Index Scan using sbtest6_pkey on sbtest6  (cost=0.43..8.45 rows=1 width=6)
	        Index Cond: (id = 3374757)

table 7 : explain DELETE FROM sbtest7 WHERE id=5350762
	Delete on sbtest7  (cost=0.43..8.45 rows=0 width=0)
	  ->  Index Scan using sbtest7_pkey on sbtest7  (cost=0.43..8.45 rows=1 width=6)
	        Index Cond: (id = 5350762)

table 8 : explain DELETE FROM sbtest8 WHERE id=3262957
	Delete on sbtest8  (cost=0.43..8.45 rows=0 width=0)
	  ->  Index Scan using sbtest8_pkey on sbtest8  (cost=0.43..8.45 rows=1 width=6)
	        Index Cond: (id = 3262957)

for inserts
table 1 : explain INSERT INTO sbtest1 (id, k, c, pad) VALUES (4288169, 13, 'foobar', 'foobar')
	Insert on sbtest1  (cost=0.00..0.01 rows=0 width=0)
	  ->  Result  (cost=0.00..0.01 rows=1 width=736)

table 2 : explain INSERT INTO sbtest2 (id, k, c, pad) VALUES (4088429, 13, 'foobar', 'foobar')
	Insert on sbtest2  (cost=0.00..0.01 rows=0 width=0)
	  ->  Result  (cost=0.00..0.01 rows=1 width=736)

table 3 : explain INSERT INTO sbtest3 (id, k, c, pad) VALUES (3999040, 13, 'foobar', 'foobar')
	Insert on sbtest3  (cost=0.00..0.01 rows=0 width=0)
	  ->  Result  (cost=0.00..0.01 rows=1 width=736)

table 4 : explain INSERT INTO sbtest4 (id, k, c, pad) VALUES (7235858, 13, 'foobar', 'foobar')
	Insert on sbtest4  (cost=0.00..0.01 rows=0 width=0)
	  ->  Result  (cost=0.00..0.01 rows=1 width=736)

table 5 : explain INSERT INTO sbtest5 (id, k, c, pad) VALUES (1805683, 13, 'foobar', 'foobar')
	Insert on sbtest5  (cost=0.00..0.01 rows=0 width=0)
	  ->  Result  (cost=0.00..0.01 rows=1 width=736)

table 6 : explain INSERT INTO sbtest6 (id, k, c, pad) VALUES (4909553, 13, 'foobar', 'foobar')
	Insert on sbtest6  (cost=0.00..0.01 rows=0 width=0)
	  ->  Result  (cost=0.00..0.01 rows=1 width=736)

table 7 : explain INSERT INTO sbtest7 (id, k, c, pad) VALUES (5514614, 13, 'foobar', 'foobar')
	Insert on sbtest7  (cost=0.00..0.01 rows=0 width=0)
	  ->  Result  (cost=0.00..0.01 rows=1 width=736)

table 8 : explain INSERT INTO sbtest8 (id, k, c, pad) VALUES (7162580, 13, 'foobar', 'foobar')
	Insert on sbtest8  (cost=0.00..0.01 rows=0 width=0)
	  ->  Result  (cost=0.00..0.01 rows=1 width=736)

explain: for inserts :: explain INSERT INTO sbtest%u (id, k, c, pad) VALUES (%u, 13, 'foobar', 'foobar')
explain: for point_selects :: explain SELECT c FROM sbtest%u WHERE id=%u
explain: for inserts :: explain INSERT INTO sbtest%u (id, k, c, pad) VALUES (%u, 13, 'foobar', 'foobar')
explain: for inserts :: explain INSERT INTO sbtest%u (id, k, c, pad) VALUES (%u, 13, 'foobar', 'foobar')
for inserts
table 1 : explain INSERT INTO sbtest1 (id, k, c, pad) VALUES (7503020, 13, 'foobar', 'foobar')
	Insert on sbtest1  (cost=0.00..0.01 rows=0 width=0)
	  ->  Result  (cost=0.00..0.01 rows=1 width=736)

table 2 : explain INSERT INTO sbtest2 (id, k, c, pad) VALUES (6964845, 13, 'foobar', 'foobar')
	Insert on sbtest2  (cost=0.00..0.01 rows=0 width=0)
	  ->  Result  (cost=0.00..0.01 rows=1 width=736)

table 3 : explain INSERT INTO sbtest3 (id, k, c, pad) VALUES (1509107, 13, 'foobar', 'foobar')
	Insert on sbtest3  (cost=0.00..0.01 rows=0 width=0)
	  ->  Result  (cost=0.00..0.01 rows=1 width=736)

table 4 : explain INSERT INTO sbtest4 (id, k, c, pad) VALUES (1805573, 13, 'foobar', 'foobar')
	Insert on sbtest4  (cost=0.00..0.01 rows=0 width=0)
	  ->  Result  (cost=0.00..0.01 rows=1 width=736)

table 5 : explain INSERT INTO sbtest5 (id, k, c, pad) VALUES (7357950, 13, 'foobar', 'foobar')
	Insert on sbtest5  (cost=0.00..0.01 rows=0 width=0)
	  ->  Result  (cost=0.00..0.01 rows=1 width=736)

table 6 : explain INSERT INTO sbtest6 (id, k, c, pad) VALUES (3580229, 13, 'foobar', 'foobar')
	Insert on sbtest6  (cost=0.00..0.01 rows=0 width=0)
	  ->  Result  (cost=0.00..0.01 rows=1 width=736)

table 7 : explain INSERT INTO sbtest7 (id, k, c, pad) VALUES (1144061, 13, 'foobar', 'foobar')
	Insert on sbtest7  (cost=0.00..0.01 rows=0 width=0)
	  ->  Result  (cost=0.00..0.01 rows=1 width=736)

table 8 : explain INSERT INTO sbtest8 (id, k, c, pad) VALUES (4992131, 13, 'foobar', 'foobar')
	Insert on sbtest8  (cost=0.00..0.01 rows=0 width=0)
	  ->  Result  (cost=0.00..0.01 rows=1 width=736)

for: sum_ranges
table 1 : explain SELECT SUM(k) FROM sbtest1 WHERE id BETWEEN 8937018 AND 8937027
	Aggregate  (cost=40.66..40.67 rows=1 width=8)
	  ->  Index Scan using sbtest1_pkey on sbtest1  (cost=0.43..40.63 rows=10 width=4)
	        Index Cond: ((id >= 8937018) AND (id <= 8937027))

table 2 : explain SELECT SUM(k) FROM sbtest2 WHERE id BETWEEN 987818 AND 987827
	Aggregate  (cost=44.17..44.18 rows=1 width=8)
	  ->  Index Scan using sbtest2_pkey on sbtest2  (cost=0.43..44.15 rows=11 width=4)
	        Index Cond: ((id >= 987818) AND (id <= 987827))

table 3 : explain SELECT SUM(k) FROM sbtest3 WHERE id BETWEEN 119134 AND 119143
	Aggregate  (cost=40.50..40.51 rows=1 width=8)
	  ->  Index Scan using sbtest3_pkey on sbtest3  (cost=0.43..40.48 rows=10 width=4)
	        Index Cond: ((id >= 119134) AND (id <= 119143))

table 4 : explain SELECT SUM(k) FROM sbtest4 WHERE id BETWEEN 2461144 AND 2461153
	Aggregate  (cost=40.29..40.30 rows=1 width=8)
	  ->  Index Scan using sbtest4_pkey on sbtest4  (cost=0.43..40.27 rows=10 width=4)
	        Index Cond: ((id >= 2461144) AND (id <= 2461153))

table 5 : explain SELECT SUM(k) FROM sbtest5 WHERE id BETWEEN 9854353 AND 9854362
	Aggregate  (cost=40.64..40.65 rows=1 width=8)
	  ->  Index Scan using sbtest5_pkey on sbtest5  (cost=0.43..40.62 rows=10 width=4)
	        Index Cond: ((id >= 9854353) AND (id <= 9854362))

table 6 : explain SELECT SUM(k) FROM sbtest6 WHERE id BETWEEN 1671191 AND 1671200
	Aggregate  (cost=36.86..36.87 rows=1 width=8)
	  ->  Index Scan using sbtest6_pkey on sbtest6  (cost=0.43..36.84 rows=9 width=4)
	        Index Cond: ((id >= 1671191) AND (id <= 1671200))

table 7 : explain SELECT SUM(k) FROM sbtest7 WHERE id BETWEEN 6260714 AND 6260723
	Aggregate  (cost=36.79..36.80 rows=1 width=8)
	  ->  Index Scan using sbtest7_pkey on sbtest7  (cost=0.43..36.76 rows=9 width=4)
	        Index Cond: ((id >= 6260714) AND (id <= 6260723))

table 8 : explain SELECT SUM(k) FROM sbtest8 WHERE id BETWEEN 8849492 AND 8849501
	Aggregate  (cost=40.37..40.38 rows=1 width=8)
	  ->  Index Scan using sbtest8_pkey on sbtest8  (cost=0.43..40.34 rows=10 width=4)
	        Index Cond: ((id >= 8849492) AND (id <= 8849501))

explain: for point_selects :: explain SELECT c FROM sbtest%u WHERE id=%u
for inserts
table 1 : explain INSERT INTO sbtest1 (id, k, c, pad) VALUES (9821154, 13, 'foobar', 'foobar')
	Insert on sbtest1  (cost=0.00..0.01 rows=0 width=0)
	  ->  Result  (cost=0.00..0.01 rows=1 width=736)

table 2 : explain INSERT INTO sbtest2 (id, k, c, pad) VALUES (7101084, 13, 'foobar', 'foobar')
	Insert on sbtest2  (cost=0.00..0.01 rows=0 width=0)
	  ->  Result  (cost=0.00..0.01 rows=1 width=736)

table 3 : explain INSERT INTO sbtest3 (id, k, c, pad) VALUES (7790055, 13, 'foobar', 'foobar')
	Insert on sbtest3  (cost=0.00..0.01 rows=0 width=0)
	  ->  Result  (cost=0.00..0.01 rows=1 width=736)

table 4 : explain INSERT INTO sbtest4 (id, k, c, pad) VALUES (460555, 13, 'foobar', 'foobar')
	Insert on sbtest4  (cost=0.00..0.01 rows=0 width=0)
	  ->  Result  (cost=0.00..0.01 rows=1 width=736)

table 5 : explain INSERT INTO sbtest5 (id, k, c, pad) VALUES (4635108, 13, 'foobar', 'foobar')
	Insert on sbtest5  (cost=0.00..0.01 rows=0 width=0)
	  ->  Result  (cost=0.00..0.01 rows=1 width=736)

table 6 : explain INSERT INTO sbtest6 (id, k, c, pad) VALUES (7655251, 13, 'foobar', 'foobar')
	Insert on sbtest6  (cost=0.00..0.01 rows=0 width=0)
	  ->  Result  (cost=0.00..0.01 rows=1 width=736)

table 7 : explain INSERT INTO sbtest7 (id, k, c, pad) VALUES (7034285, 13, 'foobar', 'foobar')
	Insert on sbtest7  (cost=0.00..0.01 rows=0 width=0)
	  ->  Result  (cost=0.00..0.01 rows=1 width=736)

table 8 : explain INSERT INTO sbtest8 (id, k, c, pad) VALUES (7223778, 13, 'foobar', 'foobar')
	Insert on sbtest8  (cost=0.00..0.01 rows=0 width=0)
	  ->  Result  (cost=0.00..0.01 rows=1 width=736)

for point_selects
table 1 : explain SELECT c FROM sbtest1 WHERE id=6738772
	Index Scan using sbtest1_pkey on sbtest1  (cost=0.43..8.45 rows=1 width=121)
	  Index Cond: (id = 6738772)

table 2 : explain SELECT c FROM sbtest2 WHERE id=4945602
	Index Scan using sbtest2_pkey on sbtest2  (cost=0.43..8.45 rows=1 width=121)
	  Index Cond: (id = 4945602)

table 3 : explain SELECT c FROM sbtest3 WHERE id=8968519
	Index Scan using sbtest3_pkey on sbtest3  (cost=0.43..8.45 rows=1 width=121)
	  Index Cond: (id = 8968519)

table 4 : explain SELECT c FROM sbtest4 WHERE id=287721
	Index Scan using sbtest4_pkey on sbtest4  (cost=0.43..8.45 rows=1 width=121)
	  Index Cond: (id = 287721)

table 5 : explain SELECT c FROM sbtest5 WHERE id=4765274
	Index Scan using sbtest5_pkey on sbtest5  (cost=0.43..8.45 rows=1 width=121)
	  Index Cond: (id = 4765274)

table 6 : explain SELECT c FROM sbtest6 WHERE id=7140342
	Index Scan using sbtest6_pkey on sbtest6  (cost=0.43..8.45 rows=1 width=121)
	  Index Cond: (id = 7140342)

table 7 : explain SELECT c FROM sbtest7 WHERE id=6007504
	Index Scan using sbtest7_pkey on sbtest7  (cost=0.43..8.45 rows=1 width=121)
	  Index Cond: (id = 6007504)

table 8 : explain SELECT c FROM sbtest8 WHERE id=6042815
	Index Scan using sbtest8_pkey on sbtest8  (cost=0.43..8.45 rows=1 width=121)
	  Index Cond: (id = 6042815)

for point_selects
table 1 : explain SELECT c FROM sbtest1 WHERE id=3029863
	Index Scan using sbtest1_pkey on sbtest1  (cost=0.43..8.45 rows=1 width=121)
	  Index Cond: (id = 3029863)

table 2 : explain SELECT c FROM sbtest2 WHERE id=1791247
	Index Scan using sbtest2_pkey on sbtest2  (cost=0.43..8.45 rows=1 width=121)
	  Index Cond: (id = 1791247)

table 3 : explain SELECT c FROM sbtest3 WHERE id=5675086
	Index Scan using sbtest3_pkey on sbtest3  (cost=0.43..8.45 rows=1 width=121)
	  Index Cond: (id = 5675086)

table 4 : explain SELECT c FROM sbtest4 WHERE id=9342972
	Index Scan using sbtest4_pkey on sbtest4  (cost=0.43..8.45 rows=1 width=121)
	  Index Cond: (id = 9342972)

table 5 : explain SELECT c FROM sbtest5 WHERE id=261107
	Index Scan using sbtest5_pkey on sbtest5  (cost=0.43..8.45 rows=1 width=121)
	  Index Cond: (id = 261107)

table 6 : explain SELECT c FROM sbtest6 WHERE id=4616715
	Index Scan using sbtest6_pkey on sbtest6  (cost=0.43..8.45 rows=1 width=121)
	  Index Cond: (id = 4616715)

table 7 : explain SELECT c FROM sbtest7 WHERE id=770608
	Index Scan using sbtest7_pkey on sbtest7  (cost=0.43..8.45 rows=1 width=121)
	  Index Cond: (id = 770608)

table 8 : explain SELECT c FROM sbtest8 WHERE id=2794961
	Index Scan using sbtest8_pkey on sbtest8  (cost=0.43..8.45 rows=1 width=121)
	  Index Cond: (id = 2794961)

explain: for point_selects :: explain SELECT c FROM sbtest%u WHERE id=%u
for: simple_ranges
table 1 : explain SELECT c FROM sbtest1 WHERE id BETWEEN 4634713 AND 4634722
	Index Scan using sbtest1_pkey on sbtest1  (cost=0.43..40.63 rows=10 width=121)
	  Index Cond: ((id >= 4634713) AND (id <= 4634722))

table 2 : explain SELECT c FROM sbtest2 WHERE id BETWEEN 1622894 AND 1622903
	Index Scan using sbtest2_pkey on sbtest2  (cost=0.43..40.58 rows=10 width=121)
	  Index Cond: ((id >= 1622894) AND (id <= 1622903))

table 3 : explain SELECT c FROM sbtest3 WHERE id BETWEEN 1110650 AND 1110659
	Index Scan using sbtest3_pkey on sbtest3  (cost=0.43..36.92 rows=9 width=121)
	  Index Cond: ((id >= 1110650) AND (id <= 1110659))

table 4 : explain SELECT c FROM sbtest4 WHERE id BETWEEN 8369620 AND 8369629
	Index Scan using sbtest4_pkey on sbtest4  (cost=0.43..40.27 rows=10 width=121)
	  Index Cond: ((id >= 8369620) AND (id <= 8369629))

table 5 : explain SELECT c FROM sbtest5 WHERE id BETWEEN 8524815 AND 8524824
	Index Scan using sbtest5_pkey on sbtest5  (cost=0.43..40.62 rows=10 width=121)
	  Index Cond: ((id >= 8524815) AND (id <= 8524824))

table 6 : explain SELECT c FROM sbtest6 WHERE id BETWEEN 6806460 AND 6806469
	Index Scan using sbtest6_pkey on sbtest6  (cost=0.43..40.39 rows=10 width=121)
	  Index Cond: ((id >= 6806460) AND (id <= 6806469))

table 7 : explain SELECT c FROM sbtest7 WHERE id BETWEEN 4247605 AND 4247614
	Index Scan using sbtest7_pkey on sbtest7  (cost=0.43..36.76 rows=9 width=121)
	  Index Cond: ((id >= 4247605) AND (id <= 4247614))

table 8 : explain SELECT c FROM sbtest8 WHERE id BETWEEN 3218499 AND 3218508
	Index Scan using sbtest8_pkey on sbtest8  (cost=0.43..36.80 rows=9 width=121)
	  Index Cond: ((id >= 3218499) AND (id <= 3218508))

for point_selects
table 1 : explain SELECT c FROM sbtest1 WHERE id=5190591
	Index Scan using sbtest1_pkey on sbtest1  (cost=0.43..8.45 rows=1 width=121)
	  Index Cond: (id = 5190591)

table 2 : explain SELECT c FROM sbtest2 WHERE id=8279710
	Index Scan using sbtest2_pkey on sbtest2  (cost=0.43..8.45 rows=1 width=121)
	  Index Cond: (id = 8279710)

table 3 : explain SELECT c FROM sbtest3 WHERE id=533485
	Index Scan using sbtest3_pkey on sbtest3  (cost=0.43..8.45 rows=1 width=121)
	  Index Cond: (id = 533485)

table 4 : explain SELECT c FROM sbtest4 WHERE id=6971541
	Index Scan using sbtest4_pkey on sbtest4  (cost=0.43..8.45 rows=1 width=121)
	  Index Cond: (id = 6971541)

table 5 : explain SELECT c FROM sbtest5 WHERE id=4794608
	Index Scan using sbtest5_pkey on sbtest5  (cost=0.43..8.45 rows=1 width=121)
	  Index Cond: (id = 4794608)

table 6 : explain SELECT c FROM sbtest6 WHERE id=9282732
	Index Scan using sbtest6_pkey on sbtest6  (cost=0.43..8.45 rows=1 width=121)
	  Index Cond: (id = 9282732)

table 7 : explain SELECT c FROM sbtest7 WHERE id=6489698
	Index Scan using sbtest7_pkey on sbtest7  (cost=0.43..8.45 rows=1 width=121)
	  Index Cond: (id = 6489698)

table 8 : explain SELECT c FROM sbtest8 WHERE id=3356216
	Index Scan using sbtest8_pkey on sbtest8  (cost=0.43..8.45 rows=1 width=121)
	  Index Cond: (id = 3356216)

for point_selects
table 1 : explain SELECT c FROM sbtest1 WHERE id=7007281
	Index Scan using sbtest1_pkey on sbtest1  (cost=0.43..8.45 rows=1 width=121)
	  Index Cond: (id = 7007281)

table 2 : explain SELECT c FROM sbtest2 WHERE id=3417104
	Index Scan using sbtest2_pkey on sbtest2  (cost=0.43..8.45 rows=1 width=121)
	  Index Cond: (id = 3417104)

table 3 : explain SELECT c FROM sbtest3 WHERE id=8490568
	Index Scan using sbtest3_pkey on sbtest3  (cost=0.43..8.45 rows=1 width=121)
	  Index Cond: (id = 8490568)

table 4 : explain SELECT c FROM sbtest4 WHERE id=4449942
	Index Scan using sbtest4_pkey on sbtest4  (cost=0.43..8.45 rows=1 width=121)
	  Index Cond: (id = 4449942)

table 5 : explain SELECT c FROM sbtest5 WHERE id=313181
	Index Scan using sbtest5_pkey on sbtest5  (cost=0.43..8.45 rows=1 width=121)
	  Index Cond: (id = 313181)

table 6 : explain SELECT c FROM sbtest6 WHERE id=8870838
	Index Scan using sbtest6_pkey on sbtest6  (cost=0.43..8.45 rows=1 width=121)
	  Index Cond: (id = 8870838)

table 7 : explain SELECT c FROM sbtest7 WHERE id=1140123
	Index Scan using sbtest7_pkey on sbtest7  (cost=0.43..8.45 rows=1 width=121)
	  Index Cond: (id = 1140123)

table 8 : explain SELECT c FROM sbtest8 WHERE id=8415132
	Index Scan using sbtest8_pkey on sbtest8  (cost=0.43..8.45 rows=1 width=121)
	  Index Cond: (id = 8415132)

for point_selects
table 1 : explain SELECT c FROM sbtest1 WHERE id=8773704
	Index Scan using sbtest1_pkey on sbtest1  (cost=0.43..8.45 rows=1 width=121)
	  Index Cond: (id = 8773704)

table 2 : explain SELECT c FROM sbtest2 WHERE id=9414872
	Index Scan using sbtest2_pkey on sbtest2  (cost=0.43..8.45 rows=1 width=121)
	  Index Cond: (id = 9414872)

table 3 : explain SELECT c FROM sbtest3 WHERE id=3741691
	Index Scan using sbtest3_pkey on sbtest3  (cost=0.43..8.45 rows=1 width=121)
	  Index Cond: (id = 3741691)

table 4 : explain SELECT c FROM sbtest4 WHERE id=3744571
	Index Scan using sbtest4_pkey on sbtest4  (cost=0.43..8.45 rows=1 width=121)
	  Index Cond: (id = 3744571)

table 5 : explain SELECT c FROM sbtest5 WHERE id=2753334
	Index Scan using sbtest5_pkey on sbtest5  (cost=0.43..8.45 rows=1 width=121)
	  Index Cond: (id = 2753334)

table 6 : explain SELECT c FROM sbtest6 WHERE id=8095744
	Index Scan using sbtest6_pkey on sbtest6  (cost=0.43..8.45 rows=1 width=121)
	  Index Cond: (id = 8095744)

table 7 : explain SELECT c FROM sbtest7 WHERE id=2660666
	Index Scan using sbtest7_pkey on sbtest7  (cost=0.43..8.45 rows=1 width=121)
	  Index Cond: (id = 2660666)

table 8 : explain SELECT c FROM sbtest8 WHERE id=7142139
	Index Scan using sbtest8_pkey on sbtest8  (cost=0.43..8.45 rows=1 width=121)
	  Index Cond: (id = 7142139)

for inserts
table 1 : explain INSERT INTO sbtest1 (id, k, c, pad) VALUES (2356942, 13, 'foobar', 'foobar')
	Insert on sbtest1  (cost=0.00..0.01 rows=0 width=0)
	  ->  Result  (cost=0.00..0.01 rows=1 width=736)

table 2 : explain INSERT INTO sbtest2 (id, k, c, pad) VALUES (4335324, 13, 'foobar', 'foobar')
	Insert on sbtest2  (cost=0.00..0.01 rows=0 width=0)
	  ->  Result  (cost=0.00..0.01 rows=1 width=736)

table 3 : explain INSERT INTO sbtest3 (id, k, c, pad) VALUES (7865624, 13, 'foobar', 'foobar')
	Insert on sbtest3  (cost=0.00..0.01 rows=0 width=0)
	  ->  Result  (cost=0.00..0.01 rows=1 width=736)

table 4 : explain INSERT INTO sbtest4 (id, k, c, pad) VALUES (1613808, 13, 'foobar', 'foobar')
	Insert on sbtest4  (cost=0.00..0.01 rows=0 width=0)
	  ->  Result  (cost=0.00..0.01 rows=1 width=736)

table 5 : explain INSERT INTO sbtest5 (id, k, c, pad) VALUES (1179070, 13, 'foobar', 'foobar')
	Insert on sbtest5  (cost=0.00..0.01 rows=0 width=0)
	  ->  Result  (cost=0.00..0.01 rows=1 width=736)

table 6 : explain INSERT INTO sbtest6 (id, k, c, pad) VALUES (9950838, 13, 'foobar', 'foobar')
	Insert on sbtest6  (cost=0.00..0.01 rows=0 width=0)
	  ->  Result  (cost=0.00..0.01 rows=1 width=736)

table 7 : explain INSERT INTO sbtest7 (id, k, c, pad) VALUES (4191397, 13, 'foobar', 'foobar')
	Insert on sbtest7  (cost=0.00..0.01 rows=0 width=0)
	  ->  Result  (cost=0.00..0.01 rows=1 width=736)

table 8 : explain INSERT INTO sbtest8 (id, k, c, pad) VALUES (7782576, 13, 'foobar', 'foobar')
	Insert on sbtest8  (cost=0.00..0.01 rows=0 width=0)
	  ->  Result  (cost=0.00..0.01 rows=1 width=736)

explain: for point_selects :: explain SELECT c FROM sbtest%u WHERE id=%u
explain: for point_selects :: explain SELECT c FROM sbtest%u WHERE id=%u
for: order_ranges
table 1 : explain SELECT c FROM sbtest1 WHERE id BETWEEN 4655609 AND 4655618 ORDER BY c
	Sort  (cost=40.80..40.82 rows=10 width=121)
	  Sort Key: c
	  ->  Index Scan using sbtest1_pkey on sbtest1  (cost=0.43..40.63 rows=10 width=121)
	        Index Cond: ((id >= 4655609) AND (id <= 4655618))

table 2 : explain SELECT c FROM sbtest2 WHERE id BETWEEN 1467734 AND 1467743 ORDER BY c
	Sort  (cost=44.34..44.36 rows=11 width=121)
	  Sort Key: c
	  ->  Index Scan using sbtest2_pkey on sbtest2  (cost=0.43..44.15 rows=11 width=121)
	        Index Cond: ((id >= 1467734) AND (id <= 1467743))

table 3 : explain SELECT c FROM sbtest3 WHERE id BETWEEN 1286721 AND 1286730 ORDER BY c
	Sort  (cost=40.64..40.67 rows=10 width=121)
	  Sort Key: c
	  ->  Index Scan using sbtest3_pkey on sbtest3  (cost=0.43..40.48 rows=10 width=121)
	        Index Cond: ((id >= 1286721) AND (id <= 1286730))

table 4 : explain SELECT c FROM sbtest4 WHERE id BETWEEN 114395 AND 114404 ORDER BY c
	Sort  (cost=40.43..40.46 rows=10 width=121)
	  Sort Key: c
	  ->  Index Scan using sbtest4_pkey on sbtest4  (cost=0.43..40.27 rows=10 width=121)
	        Index Cond: ((id >= 114395) AND (id <= 114404))

table 5 : explain SELECT c FROM sbtest5 WHERE id BETWEEN 8844469 AND 8844478 ORDER BY c
	Sort  (cost=37.19..37.21 rows=9 width=121)
	  Sort Key: c
	  ->  Index Scan using sbtest5_pkey on sbtest5  (cost=0.43..37.04 rows=9 width=121)
	        Index Cond: ((id >= 8844469) AND (id <= 8844478))

table 6 : explain SELECT c FROM sbtest6 WHERE id BETWEEN 2034999 AND 2035008 ORDER BY c
	Sort  (cost=44.13..44.15 rows=11 width=121)
	  Sort Key: c
	  ->  Index Scan using sbtest6_pkey on sbtest6  (cost=0.43..43.94 rows=11 width=121)
	        Index Cond: ((id >= 2034999) AND (id <= 2035008))

table 7 : explain SELECT c FROM sbtest7 WHERE id BETWEEN 2832497 AND 2832506 ORDER BY c
	Sort  (cost=36.91..36.93 rows=9 width=121)
	  Sort Key: c
	  ->  Index Scan using sbtest7_pkey on sbtest7  (cost=0.43..36.76 rows=9 width=121)
	        Index Cond: ((id >= 2832497) AND (id <= 2832506))

table 8 : explain SELECT c FROM sbtest8 WHERE id BETWEEN 5709491 AND 5709500 ORDER BY c
	Sort  (cost=40.51..40.53 rows=10 width=121)
	  Sort Key: c
	  ->  Index Scan using sbtest8_pkey on sbtest8  (cost=0.43..40.34 rows=10 width=121)
	        Index Cond: ((id >= 5709491) AND (id <= 5709500))

explain: for point_selects :: explain SELECT c FROM sbtest%u WHERE id=%u
for: simple_ranges
table 1 : explain SELECT c FROM sbtest1 WHERE id BETWEEN 9089325 AND 9089334
	Index Scan using sbtest1_pkey on sbtest1  (cost=0.43..37.06 rows=9 width=121)
	  Index Cond: ((id >= 9089325) AND (id <= 9089334))

table 2 : explain SELECT c FROM sbtest2 WHERE id BETWEEN 3896325 AND 3896334
	Index Scan using sbtest2_pkey on sbtest2  (cost=0.43..40.58 rows=10 width=121)
	  Index Cond: ((id >= 3896325) AND (id <= 3896334))

table 3 : explain SELECT c FROM sbtest3 WHERE id BETWEEN 6599033 AND 6599042
	Index Scan using sbtest3_pkey on sbtest3  (cost=0.43..40.48 rows=10 width=121)
	  Index Cond: ((id >= 6599033) AND (id <= 6599042))

table 4 : explain SELECT c FROM sbtest4 WHERE id BETWEEN 8434867 AND 8434876
	Index Scan using sbtest4_pkey on sbtest4  (cost=0.43..40.27 rows=10 width=121)
	  Index Cond: ((id >= 8434867) AND (id <= 8434876))

table 5 : explain SELECT c FROM sbtest5 WHERE id BETWEEN 8336586 AND 8336595
	Index Scan using sbtest5_pkey on sbtest5  (cost=0.43..40.62 rows=10 width=121)
	  Index Cond: ((id >= 8336586) AND (id <= 8336595))

table 6 : explain SELECT c FROM sbtest6 WHERE id BETWEEN 5925489 AND 5925498
	Index Scan using sbtest6_pkey on sbtest6  (cost=0.43..36.84 rows=9 width=121)
	  Index Cond: ((id >= 5925489) AND (id <= 5925498))

table 7 : explain SELECT c FROM sbtest7 WHERE id BETWEEN 3751689 AND 3751698
	Index Scan using sbtest7_pkey on sbtest7  (cost=0.43..40.30 rows=10 width=121)
	  Index Cond: ((id >= 3751689) AND (id <= 3751698))

table 8 : explain SELECT c FROM sbtest8 WHERE id BETWEEN 273311 AND 273320
	Index Scan using sbtest8_pkey on sbtest8  (cost=0.43..43.89 rows=11 width=121)
	  Index Cond: ((id >= 273311) AND (id <= 273320))

for: simple_ranges
table 1 : explain SELECT c FROM sbtest1 WHERE id BETWEEN 545866 AND 545875
	Index Scan using sbtest1_pkey on sbtest1  (cost=0.43..40.63 rows=10 width=121)
	  Index Cond: ((id >= 545866) AND (id <= 545875))

table 2 : explain SELECT c FROM sbtest2 WHERE id BETWEEN 4541227 AND 4541236
	Index Scan using sbtest2_pkey on sbtest2  (cost=0.43..40.58 rows=10 width=121)
	  Index Cond: ((id >= 4541227) AND (id <= 4541236))

table 3 : explain SELECT c FROM sbtest3 WHERE id BETWEEN 4136162 AND 4136171
	Index Scan using sbtest3_pkey on sbtest3  (cost=0.43..44.03 rows=11 width=121)
	  Index Cond: ((id >= 4136162) AND (id <= 4136171))

table 4 : explain SELECT c FROM sbtest4 WHERE id BETWEEN 2644447 AND 2644456
	Index Scan using sbtest4_pkey on sbtest4  (cost=0.43..40.27 rows=10 width=121)
	  Index Cond: ((id >= 2644447) AND (id <= 2644456))

table 5 : explain SELECT c FROM sbtest5 WHERE id BETWEEN 5565929 AND 5565938
	Index Scan using sbtest5_pkey on sbtest5  (cost=0.43..40.62 rows=10 width=121)
	  Index Cond: ((id >= 5565929) AND (id <= 5565938))

table 6 : explain SELECT c FROM sbtest6 WHERE id BETWEEN 8150023 AND 8150032
	Index Scan using sbtest6_pkey on sbtest6  (cost=0.43..40.39 rows=10 width=121)
	  Index Cond: ((id >= 8150023) AND (id <= 8150032))

table 7 : explain SELECT c FROM sbtest7 WHERE id BETWEEN 2939473 AND 2939482
	Index Scan using sbtest7_pkey on sbtest7  (cost=0.43..36.76 rows=9 width=121)
	  Index Cond: ((id >= 2939473) AND (id <= 2939482))

table 8 : explain SELECT c FROM sbtest8 WHERE id BETWEEN 1026863 AND 1026872
	Index Scan using sbtest8_pkey on sbtest8  (cost=0.43..40.34 rows=10 width=121)
	  Index Cond: ((id >= 1026863) AND (id <= 1026872))

for: simple_ranges
table 1 : explain SELECT c FROM sbtest1 WHERE id BETWEEN 1870381 AND 1870390
	Index Scan using sbtest1_pkey on sbtest1  (cost=0.43..40.63 rows=10 width=121)
	  Index Cond: ((id >= 1870381) AND (id <= 1870390))

table 2 : explain SELECT c FROM sbtest2 WHERE id BETWEEN 4245283 AND 4245292
	Index Scan using sbtest2_pkey on sbtest2  (cost=0.43..47.71 rows=12 width=121)
	  Index Cond: ((id >= 4245283) AND (id <= 4245292))

table 3 : explain SELECT c FROM sbtest3 WHERE id BETWEEN 8016754 AND 8016763
	Index Scan using sbtest3_pkey on sbtest3  (cost=0.43..40.48 rows=10 width=121)
	  Index Cond: ((id >= 8016754) AND (id <= 8016763))

table 4 : explain SELECT c FROM sbtest4 WHERE id BETWEEN 7481920 AND 7481929
	Index Scan using sbtest4_pkey on sbtest4  (cost=0.43..40.27 rows=10 width=121)
	  Index Cond: ((id >= 7481920) AND (id <= 7481929))

table 5 : explain SELECT c FROM sbtest5 WHERE id BETWEEN 207316 AND 207325
	Index Scan using sbtest5_pkey on sbtest5  (cost=0.43..40.62 rows=10 width=121)
	  Index Cond: ((id >= 207316) AND (id <= 207325))

table 6 : explain SELECT c FROM sbtest6 WHERE id BETWEEN 3240453 AND 3240462
	Index Scan using sbtest6_pkey on sbtest6  (cost=0.43..43.94 rows=11 width=121)
	  Index Cond: ((id >= 3240453) AND (id <= 3240462))

table 7 : explain SELECT c FROM sbtest7 WHERE id BETWEEN 9858904 AND 9858913
	Index Scan using sbtest7_pkey on sbtest7  (cost=0.43..40.30 rows=10 width=121)
	  Index Cond: ((id >= 9858904) AND (id <= 9858913))

table 8 : explain SELECT c FROM sbtest8 WHERE id BETWEEN 6803235 AND 6803244
	Index Scan using sbtest8_pkey on sbtest8  (cost=0.43..40.34 rows=10 width=121)
	  Index Cond: ((id >= 6803235) AND (id <= 6803244))

for: simple_ranges
table 1 : explain SELECT c FROM sbtest1 WHERE id BETWEEN 9998995 AND 9999004
	Index Scan using sbtest1_pkey on sbtest1  (cost=0.43..40.63 rows=10 width=121)
	  Index Cond: ((id >= 9998995) AND (id <= 9999004))

table 2 : explain SELECT c FROM sbtest2 WHERE id BETWEEN 2880777 AND 2880786
	Index Scan using sbtest2_pkey on sbtest2  (cost=0.43..40.58 rows=10 width=121)
	  Index Cond: ((id >= 2880777) AND (id <= 2880786))

table 3 : explain SELECT c FROM sbtest3 WHERE id BETWEEN 9829221 AND 9829230
	Index Scan using sbtest3_pkey on sbtest3  (cost=0.43..40.48 rows=10 width=121)
	  Index Cond: ((id >= 9829221) AND (id <= 9829230))

table 4 : explain SELECT c FROM sbtest4 WHERE id BETWEEN 1344606 AND 1344615
	Index Scan using sbtest4_pkey on sbtest4  (cost=0.43..40.27 rows=10 width=121)
	  Index Cond: ((id >= 1344606) AND (id <= 1344615))

table 5 : explain SELECT c FROM sbtest5 WHERE id BETWEEN 5435117 AND 5435126
	Index Scan using sbtest5_pkey on sbtest5  (cost=0.43..40.62 rows=10 width=121)
	  Index Cond: ((id >= 5435117) AND (id <= 5435126))

table 6 : explain SELECT c FROM sbtest6 WHERE id BETWEEN 1376702 AND 1376711
	Index Scan using sbtest6_pkey on sbtest6  (cost=0.43..40.39 rows=10 width=121)
	  Index Cond: ((id >= 1376702) AND (id <= 1376711))

table 7 : explain SELECT c FROM sbtest7 WHERE id BETWEEN 1210609 AND 1210618
	Index Scan using sbtest7_pkey on sbtest7  (cost=0.43..40.30 rows=10 width=121)
	  Index Cond: ((id >= 1210609) AND (id <= 1210618))

table 8 : explain SELECT c FROM sbtest8 WHERE id BETWEEN 5119341 AND 5119350
	Index Scan using sbtest8_pkey on sbtest8  (cost=0.43..36.80 rows=9 width=121)
	  Index Cond: ((id >= 5119341) AND (id <= 5119350))

explain: for point_selects :: explain SELECT c FROM sbtest%u WHERE id=%u
for: simple_ranges
table 1 : explain SELECT c FROM sbtest1 WHERE id BETWEEN 7770182 AND 7770191
	Index Scan using sbtest1_pkey on sbtest1  (cost=0.43..40.63 rows=10 width=121)
	  Index Cond: ((id >= 7770182) AND (id <= 7770191))

table 2 : explain SELECT c FROM sbtest2 WHERE id BETWEEN 1066919 AND 1066928
	Index Scan using sbtest2_pkey on sbtest2  (cost=0.43..40.58 rows=10 width=121)
	  Index Cond: ((id >= 1066919) AND (id <= 1066928))

table 3 : explain SELECT c FROM sbtest3 WHERE id BETWEEN 8241926 AND 8241935
	Index Scan using sbtest3_pkey on sbtest3  (cost=0.43..40.48 rows=10 width=121)
	  Index Cond: ((id >= 8241926) AND (id <= 8241935))

table 4 : explain SELECT c FROM sbtest4 WHERE id BETWEEN 9915780 AND 9915789
	Index Scan using sbtest4_pkey on sbtest4  (cost=0.43..36.73 rows=9 width=121)
	  Index Cond: ((id >= 9915780) AND (id <= 9915789))

table 5 : explain SELECT c FROM sbtest5 WHERE id BETWEEN 6248225 AND 6248234
	Index Scan using sbtest5_pkey on sbtest5  (cost=0.43..40.62 rows=10 width=121)
	  Index Cond: ((id >= 6248225) AND (id <= 6248234))

table 6 : explain SELECT c FROM sbtest6 WHERE id BETWEEN 945162 AND 945171
	Index Scan using sbtest6_pkey on sbtest6  (cost=0.43..36.84 rows=9 width=121)
	  Index Cond: ((id >= 945162) AND (id <= 945171))

table 7 : explain SELECT c FROM sbtest7 WHERE id BETWEEN 2248495 AND 2248504
	Index Scan using sbtest7_pkey on sbtest7  (cost=0.43..40.30 rows=10 width=121)
	  Index Cond: ((id >= 2248495) AND (id <= 2248504))

table 8 : explain SELECT c FROM sbtest8 WHERE id BETWEEN 4434543 AND 4434552
	Index Scan using sbtest8_pkey on sbtest8  (cost=0.43..43.89 rows=11 width=121)
	  Index Cond: ((id >= 4434543) AND (id <= 4434552))

for: sum_ranges
table 1 : explain SELECT SUM(k) FROM sbtest1 WHERE id BETWEEN 8406345 AND 8406354
	Aggregate  (cost=40.66..40.67 rows=1 width=8)
	  ->  Index Scan using sbtest1_pkey on sbtest1  (cost=0.43..40.63 rows=10 width=4)
	        Index Cond: ((id >= 8406345) AND (id <= 8406354))

table 2 : explain SELECT SUM(k) FROM sbtest2 WHERE id BETWEEN 5347662 AND 5347671
	Aggregate  (cost=40.60..40.61 rows=1 width=8)
	  ->  Index Scan using sbtest2_pkey on sbtest2  (cost=0.43..40.58 rows=10 width=4)
	        Index Cond: ((id >= 5347662) AND (id <= 5347671))

table 3 : explain SELECT SUM(k) FROM sbtest3 WHERE id BETWEEN 2062844 AND 2062853
	Aggregate  (cost=40.50..40.51 rows=1 width=8)
	  ->  Index Scan using sbtest3_pkey on sbtest3  (cost=0.43..40.48 rows=10 width=4)
	        Index Cond: ((id >= 2062844) AND (id <= 2062853))

table 4 : explain SELECT SUM(k) FROM sbtest4 WHERE id BETWEEN 6412943 AND 6412952
	Aggregate  (cost=43.83..43.84 rows=1 width=8)
	  ->  Index Scan using sbtest4_pkey on sbtest4  (cost=0.43..43.80 rows=11 width=4)
	        Index Cond: ((id >= 6412943) AND (id <= 6412952))

table 5 : explain SELECT SUM(k) FROM sbtest5 WHERE id BETWEEN 3556629 AND 3556638
	Aggregate  (cost=40.64..40.65 rows=1 width=8)
	  ->  Index Scan using sbtest5_pkey on sbtest5  (cost=0.43..40.62 rows=10 width=4)
	        Index Cond: ((id >= 3556629) AND (id <= 3556638))

table 6 : explain SELECT SUM(k) FROM sbtest6 WHERE id BETWEEN 423946 AND 423955
	Aggregate  (cost=36.86..36.87 rows=1 width=8)
	  ->  Index Scan using sbtest6_pkey on sbtest6  (cost=0.43..36.84 rows=9 width=4)
	        Index Cond: ((id >= 423946) AND (id <= 423955))

table 7 : explain SELECT SUM(k) FROM sbtest7 WHERE id BETWEEN 7519804 AND 7519813
	Aggregate  (cost=40.33..40.34 rows=1 width=8)
	  ->  Index Scan using sbtest7_pkey on sbtest7  (cost=0.43..40.30 rows=10 width=4)
	        Index Cond: ((id >= 7519804) AND (id <= 7519813))

table 8 : explain SELECT SUM(k) FROM sbtest8 WHERE id BETWEEN 5796211 AND 5796220
	Aggregate  (cost=40.37..40.38 rows=1 width=8)
	  ->  Index Scan using sbtest8_pkey on sbtest8  (cost=0.43..40.34 rows=10 width=4)
	        Index Cond: ((id >= 5796211) AND (id <= 5796220))

for: distinct_ranges
table 1 : explain SELECT DISTINCT c FROM sbtest1 WHERE id BETWEEN 2247179 AND 2247188 ORDER BY c
	Unique  (cost=44.40..44.45 rows=11 width=121)
	  ->  Sort  (cost=44.40..44.43 rows=11 width=121)
	        Sort Key: c
	        ->  Index Scan using sbtest1_pkey on sbtest1  (cost=0.43..44.21 rows=11 width=121)
	              Index Cond: ((id >= 2247179) AND (id <= 2247188))

table 2 : explain SELECT DISTINCT c FROM sbtest2 WHERE id BETWEEN 7591853 AND 7591862 ORDER BY c
	Unique  (cost=40.74..40.79 rows=10 width=121)
	  ->  Sort  (cost=40.74..40.77 rows=10 width=121)
	        Sort Key: c
	        ->  Index Scan using sbtest2_pkey on sbtest2  (cost=0.43..40.58 rows=10 width=121)
	              Index Cond: ((id >= 7591853) AND (id <= 7591862))

table 3 : explain SELECT DISTINCT c FROM sbtest3 WHERE id BETWEEN 5818927 AND 5818936 ORDER BY c
	Unique  (cost=40.64..40.69 rows=10 width=121)
	  ->  Sort  (cost=40.64..40.67 rows=10 width=121)
	        Sort Key: c
	        ->  Index Scan using sbtest3_pkey on sbtest3  (cost=0.43..40.48 rows=10 width=121)
	              Index Cond: ((id >= 5818927) AND (id <= 5818936))

table 4 : explain SELECT DISTINCT c FROM sbtest4 WHERE id BETWEEN 4584518 AND 4584527 ORDER BY c
	Unique  (cost=43.99..44.05 rows=11 width=121)
	  ->  Sort  (cost=43.99..44.02 rows=11 width=121)
	        Sort Key: c
	        ->  Index Scan using sbtest4_pkey on sbtest4  (cost=0.43..43.80 rows=11 width=121)
	              Index Cond: ((id >= 4584518) AND (id <= 4584527))

table 5 : explain SELECT DISTINCT c FROM sbtest5 WHERE id BETWEEN 5237435 AND 5237444 ORDER BY c
	Unique  (cost=44.38..44.44 rows=11 width=121)
	  ->  Sort  (cost=44.38..44.41 rows=11 width=121)
	        Sort Key: c
	        ->  Index Scan using sbtest5_pkey on sbtest5  (cost=0.43..44.19 rows=11 width=121)
	              Index Cond: ((id >= 5237435) AND (id <= 5237444))

table 6 : explain SELECT DISTINCT c FROM sbtest6 WHERE id BETWEEN 2887211 AND 2887220 ORDER BY c
	Unique  (cost=44.13..44.18 rows=11 width=121)
	  ->  Sort  (cost=44.13..44.15 rows=11 width=121)
	        Sort Key: c
	        ->  Index Scan using sbtest6_pkey on sbtest6  (cost=0.43..43.94 rows=11 width=121)
	              Index Cond: ((id >= 2887211) AND (id <= 2887220))

table 7 : explain SELECT DISTINCT c FROM sbtest7 WHERE id BETWEEN 2269510 AND 2269519 ORDER BY c
	Unique  (cost=40.47..40.52 rows=10 width=121)
	  ->  Sort  (cost=40.47..40.49 rows=10 width=121)
	        Sort Key: c
	        ->  Index Scan using sbtest7_pkey on sbtest7  (cost=0.43..40.30 rows=10 width=121)
	              Index Cond: ((id >= 2269510) AND (id <= 2269519))

table 8 : explain SELECT DISTINCT c FROM sbtest8 WHERE id BETWEEN 4740549 AND 4740558 ORDER BY c
	Unique  (cost=44.08..44.13 rows=11 width=121)
	  ->  Sort  (cost=44.08..44.10 rows=11 width=121)
	        Sort Key: c
	        ->  Index Scan using sbtest8_pkey on sbtest8  (cost=0.43..43.89 rows=11 width=121)
	              Index Cond: ((id >= 4740549) AND (id <= 4740558))

explain: for point_selects :: explain SELECT c FROM sbtest%u WHERE id=%u
for: sum_ranges
table 1 : explain SELECT SUM(k) FROM sbtest1 WHERE id BETWEEN 767374 AND 767383
	Aggregate  (cost=40.66..40.67 rows=1 width=8)
	  ->  Index Scan using sbtest1_pkey on sbtest1  (cost=0.43..40.63 rows=10 width=4)
	        Index Cond: ((id >= 767374) AND (id <= 767383))

table 2 : explain SELECT SUM(k) FROM sbtest2 WHERE id BETWEEN 2029995 AND 2030004
	Aggregate  (cost=44.17..44.18 rows=1 width=8)
	  ->  Index Scan using sbtest2_pkey on sbtest2  (cost=0.43..44.15 rows=11 width=4)
	        Index Cond: ((id >= 2029995) AND (id <= 2030004))

table 3 : explain SELECT SUM(k) FROM sbtest3 WHERE id BETWEEN 5318823 AND 5318832
	Aggregate  (cost=44.06..44.07 rows=1 width=8)
	  ->  Index Scan using sbtest3_pkey on sbtest3  (cost=0.43..44.03 rows=11 width=4)
	        Index Cond: ((id >= 5318823) AND (id <= 5318832))

table 4 : explain SELECT SUM(k) FROM sbtest4 WHERE id BETWEEN 9155690 AND 9155699
	Aggregate  (cost=36.75..36.76 rows=1 width=8)
	  ->  Index Scan using sbtest4_pkey on sbtest4  (cost=0.43..36.73 rows=9 width=4)
	        Index Cond: ((id >= 9155690) AND (id <= 9155699))

table 5 : explain SELECT SUM(k) FROM sbtest5 WHERE id BETWEEN 4741489 AND 4741498
	Aggregate  (cost=40.64..40.65 rows=1 width=8)
	  ->  Index Scan using sbtest5_pkey on sbtest5  (cost=0.43..40.62 rows=10 width=4)
	        Index Cond: ((id >= 4741489) AND (id <= 4741498))

table 6 : explain SELECT SUM(k) FROM sbtest6 WHERE id BETWEEN 5432030 AND 5432039
	Aggregate  (cost=43.96..43.97 rows=1 width=8)
	  ->  Index Scan using sbtest6_pkey on sbtest6  (cost=0.43..43.94 rows=11 width=4)
	        Index Cond: ((id >= 5432030) AND (id <= 5432039))

table 7 : explain SELECT SUM(k) FROM sbtest7 WHERE id BETWEEN 8038138 AND 8038147
	Aggregate  (cost=36.79..36.80 rows=1 width=8)
	  ->  Index Scan using sbtest7_pkey on sbtest7  (cost=0.43..36.76 rows=9 width=4)
	        Index Cond: ((id >= 8038138) AND (id <= 8038147))

table 8 : explain SELECT SUM(k) FROM sbtest8 WHERE id BETWEEN 3723965 AND 3723974
	Aggregate  (cost=40.37..40.38 rows=1 width=8)
	  ->  Index Scan using sbtest8_pkey on sbtest8  (cost=0.43..40.34 rows=10 width=4)
	        Index Cond: ((id >= 3723965) AND (id <= 3723974))

for: sum_ranges
table 1 : explain SELECT SUM(k) FROM sbtest1 WHERE id BETWEEN 3906993 AND 3907002
	Aggregate  (cost=40.66..40.67 rows=1 width=8)
	  ->  Index Scan using sbtest1_pkey on sbtest1  (cost=0.43..40.63 rows=10 width=4)
	        Index Cond: ((id >= 3906993) AND (id <= 3907002))

table 2 : explain SELECT SUM(k) FROM sbtest2 WHERE id BETWEEN 5012440 AND 5012449
	Aggregate  (cost=40.60..40.61 rows=1 width=8)
	  ->  Index Scan using sbtest2_pkey on sbtest2  (cost=0.43..40.58 rows=10 width=4)
	        Index Cond: ((id >= 5012440) AND (id <= 5012449))

table 3 : explain SELECT SUM(k) FROM sbtest3 WHERE id BETWEEN 6283765 AND 6283774
	Aggregate  (cost=44.06..44.07 rows=1 width=8)
	  ->  Index Scan using sbtest3_pkey on sbtest3  (cost=0.43..44.03 rows=11 width=4)
	        Index Cond: ((id >= 6283765) AND (id <= 6283774))

table 4 : explain SELECT SUM(k) FROM sbtest4 WHERE id BETWEEN 6299034 AND 6299043
	Aggregate  (cost=40.29..40.30 rows=1 width=8)
	  ->  Index Scan using sbtest4_pkey on sbtest4  (cost=0.43..40.27 rows=10 width=4)
	        Index Cond: ((id >= 6299034) AND (id <= 6299043))

table 5 : explain SELECT SUM(k) FROM sbtest5 WHERE id BETWEEN 1512989 AND 1512998
	Aggregate  (cost=37.07..37.08 rows=1 width=8)
	  ->  Index Scan using sbtest5_pkey on sbtest5  (cost=0.43..37.04 rows=9 width=4)
	        Index Cond: ((id >= 1512989) AND (id <= 1512998))

table 6 : explain SELECT SUM(k) FROM sbtest6 WHERE id BETWEEN 2446651 AND 2446660
	Aggregate  (cost=43.96..43.97 rows=1 width=8)
	  ->  Index Scan using sbtest6_pkey on sbtest6  (cost=0.43..43.94 rows=11 width=4)
	        Index Cond: ((id >= 2446651) AND (id <= 2446660))

table 7 : explain SELECT SUM(k) FROM sbtest7 WHERE id BETWEEN 6222952 AND 6222961
	Aggregate  (cost=36.79..36.80 rows=1 width=8)
	  ->  Index Scan using sbtest7_pkey on sbtest7  (cost=0.43..36.76 rows=9 width=4)
	        Index Cond: ((id >= 6222952) AND (id <= 6222961))

table 8 : explain SELECT SUM(k) FROM sbtest8 WHERE id BETWEEN 6079043 AND 6079052
	Aggregate  (cost=40.37..40.38 rows=1 width=8)
	  ->  Index Scan using sbtest8_pkey on sbtest8  (cost=0.43..40.34 rows=10 width=4)
	        Index Cond: ((id >= 6079043) AND (id <= 6079052))

explain: for index_updates :: explain UPDATE sbtest%u SET k=k+1 WHERE id=%u
for: sum_ranges
table 1 : explain SELECT SUM(k) FROM sbtest1 WHERE id BETWEEN 9467435 AND 9467444
	Aggregate  (cost=40.66..40.67 rows=1 width=8)
	  ->  Index Scan using sbtest1_pkey on sbtest1  (cost=0.43..40.63 rows=10 width=4)
	        Index Cond: ((id >= 9467435) AND (id <= 9467444))

table 2 : explain SELECT SUM(k) FROM sbtest2 WHERE id BETWEEN 1324893 AND 1324902
	Aggregate  (cost=40.60..40.61 rows=1 width=8)
	  ->  Index Scan using sbtest2_pkey on sbtest2  (cost=0.43..40.58 rows=10 width=4)
	        Index Cond: ((id >= 1324893) AND (id <= 1324902))

table 3 : explain SELECT SUM(k) FROM sbtest3 WHERE id BETWEEN 4300497 AND 4300506
	Aggregate  (cost=40.50..40.51 rows=1 width=8)
	  ->  Index Scan using sbtest3_pkey on sbtest3  (cost=0.43..40.48 rows=10 width=4)
	        Index Cond: ((id >= 4300497) AND (id <= 4300506))

table 4 : explain SELECT SUM(k) FROM sbtest4 WHERE id BETWEEN 5710811 AND 5710820
	Aggregate  (cost=43.83..43.84 rows=1 width=8)
	  ->  Index Scan using sbtest4_pkey on sbtest4  (cost=0.43..43.80 rows=11 width=4)
	        Index Cond: ((id >= 5710811) AND (id <= 5710820))

table 5 : explain SELECT SUM(k) FROM sbtest5 WHERE id BETWEEN 9225336 AND 9225345
	Aggregate  (cost=40.64..40.65 rows=1 width=8)
	  ->  Index Scan using sbtest5_pkey on sbtest5  (cost=0.43..40.62 rows=10 width=4)
	        Index Cond: ((id >= 9225336) AND (id <= 9225345))

table 6 : explain SELECT SUM(k) FROM sbtest6 WHERE id BETWEEN 3080395 AND 3080404
	Aggregate  (cost=40.41..40.42 rows=1 width=8)
	  ->  Index Scan using sbtest6_pkey on sbtest6  (cost=0.43..40.39 rows=10 width=4)
	        Index Cond: ((id >= 3080395) AND (id <= 3080404))

table 7 : explain SELECT SUM(k) FROM sbtest7 WHERE id BETWEEN 9825425 AND 9825434
	Aggregate  (cost=40.33..40.34 rows=1 width=8)
	  ->  Index Scan using sbtest7_pkey on sbtest7  (cost=0.43..40.30 rows=10 width=4)
	        Index Cond: ((id >= 9825425) AND (id <= 9825434))

table 8 : explain SELECT SUM(k) FROM sbtest8 WHERE id BETWEEN 5795293 AND 5795302
	Aggregate  (cost=40.37..40.38 rows=1 width=8)
	  ->  Index Scan using sbtest8_pkey on sbtest8  (cost=0.43..40.34 rows=10 width=4)
	        Index Cond: ((id >= 5795293) AND (id <= 5795302))

for: sum_ranges
table 1 : explain SELECT SUM(k) FROM sbtest1 WHERE id BETWEEN 5676412 AND 5676421
	Aggregate  (cost=40.66..40.67 rows=1 width=8)
	  ->  Index Scan using sbtest1_pkey on sbtest1  (cost=0.43..40.63 rows=10 width=4)
	        Index Cond: ((id >= 5676412) AND (id <= 5676421))

table 2 : explain SELECT SUM(k) FROM sbtest2 WHERE id BETWEEN 2502869 AND 2502878
	Aggregate  (cost=40.60..40.61 rows=1 width=8)
	  ->  Index Scan using sbtest2_pkey on sbtest2  (cost=0.43..40.58 rows=10 width=4)
	        Index Cond: ((id >= 2502869) AND (id <= 2502878))

table 3 : explain SELECT SUM(k) FROM sbtest3 WHERE id BETWEEN 5999107 AND 5999116
	Aggregate  (cost=40.50..40.51 rows=1 width=8)
	  ->  Index Scan using sbtest3_pkey on sbtest3  (cost=0.43..40.48 rows=10 width=4)
	        Index Cond: ((id >= 5999107) AND (id <= 5999116))

table 4 : explain SELECT SUM(k) FROM sbtest4 WHERE id BETWEEN 3168706 AND 3168715
	Aggregate  (cost=36.75..36.76 rows=1 width=8)
	  ->  Index Scan using sbtest4_pkey on sbtest4  (cost=0.43..36.73 rows=9 width=4)
	        Index Cond: ((id >= 3168706) AND (id <= 3168715))

table 5 : explain SELECT SUM(k) FROM sbtest5 WHERE id BETWEEN 6191599 AND 6191608
	Aggregate  (cost=40.64..40.65 rows=1 width=8)
	  ->  Index Scan using sbtest5_pkey on sbtest5  (cost=0.43..40.62 rows=10 width=4)
	        Index Cond: ((id >= 6191599) AND (id <= 6191608))

table 6 : explain SELECT SUM(k) FROM sbtest6 WHERE id BETWEEN 312074 AND 312083
	Aggregate  (cost=36.86..36.87 rows=1 width=8)
	  ->  Index Scan using sbtest6_pkey on sbtest6  (cost=0.43..36.84 rows=9 width=4)
	        Index Cond: ((id >= 312074) AND (id <= 312083))

table 7 : explain SELECT SUM(k) FROM sbtest7 WHERE id BETWEEN 780336 AND 780345
	Aggregate  (cost=43.87..43.88 rows=1 width=8)
	  ->  Index Scan using sbtest7_pkey on sbtest7  (cost=0.43..43.84 rows=11 width=4)
	        Index Cond: ((id >= 780336) AND (id <= 780345))

table 8 : explain SELECT SUM(k) FROM sbtest8 WHERE id BETWEEN 8493048 AND 8493057
	Aggregate  (cost=40.37..40.38 rows=1 width=8)
	  ->  Index Scan using sbtest8_pkey on sbtest8  (cost=0.43..40.34 rows=10 width=4)
	        Index Cond: ((id >= 8493048) AND (id <= 8493057))

for: sum_ranges
table 1 : explain SELECT SUM(k) FROM sbtest1 WHERE id BETWEEN 5319217 AND 5319226
	Aggregate  (cost=44.23..44.24 rows=1 width=8)
	  ->  Index Scan using sbtest1_pkey on sbtest1  (cost=0.43..44.21 rows=11 width=4)
	        Index Cond: ((id >= 5319217) AND (id <= 5319226))

table 2 : explain SELECT SUM(k) FROM sbtest2 WHERE id BETWEEN 4752151 AND 4752160
	Aggregate  (cost=40.60..40.61 rows=1 width=8)
	  ->  Index Scan using sbtest2_pkey on sbtest2  (cost=0.43..40.58 rows=10 width=4)
	        Index Cond: ((id >= 4752151) AND (id <= 4752160))

table 3 : explain SELECT SUM(k) FROM sbtest3 WHERE id BETWEEN 3428913 AND 3428922
	Aggregate  (cost=40.50..40.51 rows=1 width=8)
	  ->  Index Scan using sbtest3_pkey on sbtest3  (cost=0.43..40.48 rows=10 width=4)
	        Index Cond: ((id >= 3428913) AND (id <= 3428922))

table 4 : explain SELECT SUM(k) FROM sbtest4 WHERE id BETWEEN 1830677 AND 1830686
	Aggregate  (cost=40.29..40.30 rows=1 width=8)
	  ->  Index Scan using sbtest4_pkey on sbtest4  (cost=0.43..40.27 rows=10 width=4)
	        Index Cond: ((id >= 1830677) AND (id <= 1830686))

table 5 : explain SELECT SUM(k) FROM sbtest5 WHERE id BETWEEN 1349643 AND 1349652
	Aggregate  (cost=40.64..40.65 rows=1 width=8)
	  ->  Index Scan using sbtest5_pkey on sbtest5  (cost=0.43..40.62 rows=10 width=4)
	        Index Cond: ((id >= 1349643) AND (id <= 1349652))

table 6 : explain SELECT SUM(k) FROM sbtest6 WHERE id BETWEEN 7077076 AND 7077085
	Aggregate  (cost=36.86..36.87 rows=1 width=8)
	  ->  Index Scan using sbtest6_pkey on sbtest6  (cost=0.43..36.84 rows=9 width=4)
	        Index Cond: ((id >= 7077076) AND (id <= 7077085))

table 7 : explain SELECT SUM(k) FROM sbtest7 WHERE id BETWEEN 2139490 AND 2139499
	Aggregate  (cost=36.79..36.80 rows=1 width=8)
	  ->  Index Scan using sbtest7_pkey on sbtest7  (cost=0.43..36.76 rows=9 width=4)
	        Index Cond: ((id >= 2139490) AND (id <= 2139499))

table 8 : explain SELECT SUM(k) FROM sbtest8 WHERE id BETWEEN 4884476 AND 4884485
	Aggregate  (cost=40.37..40.38 rows=1 width=8)
	  ->  Index Scan using sbtest8_pkey on sbtest8  (cost=0.43..40.34 rows=10 width=4)
	        Index Cond: ((id >= 4884476) AND (id <= 4884485))

for point_selects
table 1 : explain SELECT c FROM sbtest1 WHERE id=7522990
	Index Scan using sbtest1_pkey on sbtest1  (cost=0.43..8.45 rows=1 width=121)
	  Index Cond: (id = 7522990)

table 2 : explain SELECT c FROM sbtest2 WHERE id=8556310
	Index Scan using sbtest2_pkey on sbtest2  (cost=0.43..8.45 rows=1 width=121)
	  Index Cond: (id = 8556310)

table 3 : explain SELECT c FROM sbtest3 WHERE id=7873017
	Index Scan using sbtest3_pkey on sbtest3  (cost=0.43..8.45 rows=1 width=121)
	  Index Cond: (id = 7873017)

table 4 : explain SELECT c FROM sbtest4 WHERE id=999751
	Index Scan using sbtest4_pkey on sbtest4  (cost=0.43..8.45 rows=1 width=121)
	  Index Cond: (id = 999751)

table 5 : explain SELECT c FROM sbtest5 WHERE id=4441461
	Index Scan using sbtest5_pkey on sbtest5  (cost=0.43..8.45 rows=1 width=121)
	  Index Cond: (id = 4441461)

table 6 : explain SELECT c FROM sbtest6 WHERE id=4344753
	Index Scan using sbtest6_pkey on sbtest6  (cost=0.43..8.45 rows=1 width=121)
	  Index Cond: (id = 4344753)

table 7 : explain SELECT c FROM sbtest7 WHERE id=5183984
	Index Scan using sbtest7_pkey on sbtest7  (cost=0.43..8.45 rows=1 width=121)
	  Index Cond: (id = 5183984)

table 8 : explain SELECT c FROM sbtest8 WHERE id=3077631
	Index Scan using sbtest8_pkey on sbtest8  (cost=0.43..8.45 rows=1 width=121)
	  Index Cond: (id = 3077631)

for point_selects
table 1 : explain SELECT c FROM sbtest1 WHERE id=4735774
	Index Scan using sbtest1_pkey on sbtest1  (cost=0.43..8.45 rows=1 width=121)
	  Index Cond: (id = 4735774)

table 2 : explain SELECT c FROM sbtest2 WHERE id=6174979
	Index Scan using sbtest2_pkey on sbtest2  (cost=0.43..8.45 rows=1 width=121)
	  Index Cond: (id = 6174979)

table 3 : explain SELECT c FROM sbtest3 WHERE id=4903875
	Index Scan using sbtest3_pkey on sbtest3  (cost=0.43..8.45 rows=1 width=121)
	  Index Cond: (id = 4903875)

table 4 : explain SELECT c FROM sbtest4 WHERE id=9495280
	Index Scan using sbtest4_pkey on sbtest4  (cost=0.43..8.45 rows=1 width=121)
	  Index Cond: (id = 9495280)

table 5 : explain SELECT c FROM sbtest5 WHERE id=8285670
	Index Scan using sbtest5_pkey on sbtest5  (cost=0.43..8.45 rows=1 width=121)
	  Index Cond: (id = 8285670)

table 6 : explain SELECT c FROM sbtest6 WHERE id=2175151
	Index Scan using sbtest6_pkey on sbtest6  (cost=0.43..8.45 rows=1 width=121)
	  Index Cond: (id = 2175151)

table 7 : explain SELECT c FROM sbtest7 WHERE id=2894068
	Index Scan using sbtest7_pkey on sbtest7  (cost=0.43..8.45 rows=1 width=121)
	  Index Cond: (id = 2894068)

table 8 : explain SELECT c FROM sbtest8 WHERE id=2138055
	Index Scan using sbtest8_pkey on sbtest8  (cost=0.43..8.45 rows=1 width=121)
	  Index Cond: (id = 2138055)

for point_selects
table 1 : explain SELECT c FROM sbtest1 WHERE id=1215479
	Index Scan using sbtest1_pkey on sbtest1  (cost=0.43..8.45 rows=1 width=121)
	  Index Cond: (id = 1215479)

table 2 : explain SELECT c FROM sbtest2 WHERE id=2965935
	Index Scan using sbtest2_pkey on sbtest2  (cost=0.43..8.45 rows=1 width=121)
	  Index Cond: (id = 2965935)

table 3 : explain SELECT c FROM sbtest3 WHERE id=7428701
	Index Scan using sbtest3_pkey on sbtest3  (cost=0.43..8.45 rows=1 width=121)
	  Index Cond: (id = 7428701)

table 4 : explain SELECT c FROM sbtest4 WHERE id=4954395
	Index Scan using sbtest4_pkey on sbtest4  (cost=0.43..8.45 rows=1 width=121)
	  Index Cond: (id = 4954395)

table 5 : explain SELECT c FROM sbtest5 WHERE id=5261566
	Index Scan using sbtest5_pkey on sbtest5  (cost=0.43..8.45 rows=1 width=121)
	  Index Cond: (id = 5261566)

table 6 : explain SELECT c FROM sbtest6 WHERE id=3898219
	Index Scan using sbtest6_pkey on sbtest6  (cost=0.43..8.45 rows=1 width=121)
	  Index Cond: (id = 3898219)

table 7 : explain SELECT c FROM sbtest7 WHERE id=700421
	Index Scan using sbtest7_pkey on sbtest7  (cost=0.43..8.45 rows=1 width=121)
	  Index Cond: (id = 700421)

table 8 : explain SELECT c FROM sbtest8 WHERE id=2027165
	Index Scan using sbtest8_pkey on sbtest8  (cost=0.43..8.45 rows=1 width=121)
	  Index Cond: (id = 2027165)

for index_updates
table 1 : explain UPDATE sbtest1 SET k=k+1 WHERE id=8963385
	Update on sbtest1  (cost=0.43..8.46 rows=0 width=0)
	  ->  Index Scan using sbtest1_pkey on sbtest1  (cost=0.43..8.46 rows=1 width=10)
	        Index Cond: (id = 8963385)

table 2 : explain UPDATE sbtest2 SET k=k+1 WHERE id=4092212
	Update on sbtest2  (cost=0.43..8.46 rows=0 width=0)
	  ->  Index Scan using sbtest2_pkey on sbtest2  (cost=0.43..8.46 rows=1 width=10)
	        Index Cond: (id = 4092212)

table 3 : explain UPDATE sbtest3 SET k=k+1 WHERE id=66448
	Update on sbtest3  (cost=0.43..8.46 rows=0 width=0)
	  ->  Index Scan using sbtest3_pkey on sbtest3  (cost=0.43..8.46 rows=1 width=10)
	        Index Cond: (id = 66448)

table 4 : explain UPDATE sbtest4 SET k=k+1 WHERE id=8938401
	Update on sbtest4  (cost=0.43..8.46 rows=0 width=0)
	  ->  Index Scan using sbtest4_pkey on sbtest4  (cost=0.43..8.46 rows=1 width=10)
	        Index Cond: (id = 8938401)

table 5 : explain UPDATE sbtest5 SET k=k+1 WHERE id=848016
	Update on sbtest5  (cost=0.43..8.46 rows=0 width=0)
	  ->  Index Scan using sbtest5_pkey on sbtest5  (cost=0.43..8.46 rows=1 width=10)
	        Index Cond: (id = 848016)

table 6 : explain UPDATE sbtest6 SET k=k+1 WHERE id=9995682
	Update on sbtest6  (cost=0.43..8.46 rows=0 width=0)
	  ->  Index Scan using sbtest6_pkey on sbtest6  (cost=0.43..8.46 rows=1 width=10)
	        Index Cond: (id = 9995682)

table 7 : explain UPDATE sbtest7 SET k=k+1 WHERE id=6098698
	Update on sbtest7  (cost=0.43..8.46 rows=0 width=0)
	  ->  Index Scan using sbtest7_pkey on sbtest7  (cost=0.43..8.46 rows=1 width=10)
	        Index Cond: (id = 6098698)

table 8 : explain UPDATE sbtest8 SET k=k+1 WHERE id=3636677
	Update on sbtest8  (cost=0.43..8.46 rows=0 width=0)
	  ->  Index Scan using sbtest8_pkey on sbtest8  (cost=0.43..8.46 rows=1 width=10)
	        Index Cond: (id = 3636677)

for: order_ranges
table 1 : explain SELECT c FROM sbtest1 WHERE id BETWEEN 3537473 AND 3537482 ORDER BY c
	Sort  (cost=40.80..40.82 rows=10 width=121)
	  Sort Key: c
	  ->  Index Scan using sbtest1_pkey on sbtest1  (cost=0.43..40.63 rows=10 width=121)
	        Index Cond: ((id >= 3537473) AND (id <= 3537482))

table 2 : explain SELECT c FROM sbtest2 WHERE id BETWEEN 1390324 AND 1390333 ORDER BY c
	Sort  (cost=40.74..40.77 rows=10 width=121)
	  Sort Key: c
	  ->  Index Scan using sbtest2_pkey on sbtest2  (cost=0.43..40.58 rows=10 width=121)
	        Index Cond: ((id >= 1390324) AND (id <= 1390333))

table 3 : explain SELECT c FROM sbtest3 WHERE id BETWEEN 1342493 AND 1342502 ORDER BY c
	Sort  (cost=40.64..40.67 rows=10 width=121)
	  Sort Key: c
	  ->  Index Scan using sbtest3_pkey on sbtest3  (cost=0.43..40.48 rows=10 width=121)
	        Index Cond: ((id >= 1342493) AND (id <= 1342502))

table 4 : explain SELECT c FROM sbtest4 WHERE id BETWEEN 89851 AND 89860 ORDER BY c
	Sort  (cost=36.87..36.90 rows=9 width=121)
	  Sort Key: c
	  ->  Index Scan using sbtest4_pkey on sbtest4  (cost=0.43..36.73 rows=9 width=121)
	        Index Cond: ((id >= 89851) AND (id <= 89860))

table 5 : explain SELECT c FROM sbtest5 WHERE id BETWEEN 1317809 AND 1317818 ORDER BY c
	Sort  (cost=40.78..40.81 rows=10 width=121)
	  Sort Key: c
	  ->  Index Scan using sbtest5_pkey on sbtest5  (cost=0.43..40.62 rows=10 width=121)
	        Index Cond: ((id >= 1317809) AND (id <= 1317818))

table 6 : explain SELECT c FROM sbtest6 WHERE id BETWEEN 5572844 AND 5572853 ORDER BY c
	Sort  (cost=40.55..40.58 rows=10 width=121)
	  Sort Key: c
	  ->  Index Scan using sbtest6_pkey on sbtest6  (cost=0.43..40.39 rows=10 width=121)
	        Index Cond: ((id >= 5572844) AND (id <= 5572853))

table 7 : explain SELECT c FROM sbtest7 WHERE id BETWEEN 1768871 AND 1768880 ORDER BY c
	Sort  (cost=40.47..40.49 rows=10 width=121)
	  Sort Key: c
	  ->  Index Scan using sbtest7_pkey on sbtest7  (cost=0.43..40.30 rows=10 width=121)
	        Index Cond: ((id >= 1768871) AND (id <= 1768880))

table 8 : explain SELECT c FROM sbtest8 WHERE id BETWEEN 1441208 AND 1441217 ORDER BY c
	Sort  (cost=40.51..40.53 rows=10 width=121)
	  Sort Key: c
	  ->  Index Scan using sbtest8_pkey on sbtest8  (cost=0.43..40.34 rows=10 width=121)
	        Index Cond: ((id >= 1441208) AND (id <= 1441217))

for: order_ranges
table 1 : explain SELECT c FROM sbtest1 WHERE id BETWEEN 6233569 AND 6233578 ORDER BY c
	Sort  (cost=40.80..40.82 rows=10 width=121)
	  Sort Key: c
	  ->  Index Scan using sbtest1_pkey on sbtest1  (cost=0.43..40.63 rows=10 width=121)
	        Index Cond: ((id >= 6233569) AND (id <= 6233578))

table 2 : explain SELECT c FROM sbtest2 WHERE id BETWEEN 6165474 AND 6165483 ORDER BY c
	Sort  (cost=44.34..44.36 rows=11 width=121)
	  Sort Key: c
	  ->  Index Scan using sbtest2_pkey on sbtest2  (cost=0.43..44.15 rows=11 width=121)
	        Index Cond: ((id >= 6165474) AND (id <= 6165483))

table 3 : explain SELECT c FROM sbtest3 WHERE id BETWEEN 7354009 AND 7354018 ORDER BY c
	Sort  (cost=37.06..37.08 rows=9 width=121)
	  Sort Key: c
	  ->  Index Scan using sbtest3_pkey on sbtest3  (cost=0.43..36.92 rows=9 width=121)
	        Index Cond: ((id >= 7354009) AND (id <= 7354018))

table 4 : explain SELECT c FROM sbtest4 WHERE id BETWEEN 6170893 AND 6170902 ORDER BY c
	Sort  (cost=40.43..40.46 rows=10 width=121)
	  Sort Key: c
	  ->  Index Scan using sbtest4_pkey on sbtest4  (cost=0.43..40.27 rows=10 width=121)
	        Index Cond: ((id >= 6170893) AND (id <= 6170902))

table 5 : explain SELECT c FROM sbtest5 WHERE id BETWEEN 6811123 AND 6811132 ORDER BY c
	Sort  (cost=44.38..44.41 rows=11 width=121)
	  Sort Key: c
	  ->  Index Scan using sbtest5_pkey on sbtest5  (cost=0.43..44.19 rows=11 width=121)
	        Index Cond: ((id >= 6811123) AND (id <= 6811132))

table 6 : explain SELECT c FROM sbtest6 WHERE id BETWEEN 2175019 AND 2175028 ORDER BY c
	Sort  (cost=40.55..40.58 rows=10 width=121)
	  Sort Key: c
	  ->  Index Scan using sbtest6_pkey on sbtest6  (cost=0.43..40.39 rows=10 width=121)
	        Index Cond: ((id >= 2175019) AND (id <= 2175028))

table 7 : explain SELECT c FROM sbtest7 WHERE id BETWEEN 4250422 AND 4250431 ORDER BY c
	Sort  (cost=36.91..36.93 rows=9 width=121)
	  Sort Key: c
	  ->  Index Scan using sbtest7_pkey on sbtest7  (cost=0.43..36.76 rows=9 width=121)
	        Index Cond: ((id >= 4250422) AND (id <= 4250431))

table 8 : explain SELECT c FROM sbtest8 WHERE id BETWEEN 4978800 AND 4978809 ORDER BY c
	Sort  (cost=36.94..36.96 rows=9 width=121)
	  Sort Key: c
	  ->  Index Scan using sbtest8_pkey on sbtest8  (cost=0.43..36.80 rows=9 width=121)
	        Index Cond: ((id >= 4978800) AND (id <= 4978809))

for: order_ranges
table 1 : explain SELECT c FROM sbtest1 WHERE id BETWEEN 7850059 AND 7850068 ORDER BY c
	Sort  (cost=40.80..40.82 rows=10 width=121)
	  Sort Key: c
	  ->  Index Scan using sbtest1_pkey on sbtest1  (cost=0.43..40.63 rows=10 width=121)
	        Index Cond: ((id >= 7850059) AND (id <= 7850068))

table 2 : explain SELECT c FROM sbtest2 WHERE id BETWEEN 445552 AND 445561 ORDER BY c
	Sort  (cost=40.74..40.77 rows=10 width=121)
	  Sort Key: c
	  ->  Index Scan using sbtest2_pkey on sbtest2  (cost=0.43..40.58 rows=10 width=121)
	        Index Cond: ((id >= 445552) AND (id <= 445561))

table 3 : explain SELECT c FROM sbtest3 WHERE id BETWEEN 3429425 AND 3429434 ORDER BY c
	Sort  (cost=40.64..40.67 rows=10 width=121)
	  Sort Key: c
	  ->  Index Scan using sbtest3_pkey on sbtest3  (cost=0.43..40.48 rows=10 width=121)
	        Index Cond: ((id >= 3429425) AND (id <= 3429434))

table 4 : explain SELECT c FROM sbtest4 WHERE id BETWEEN 5614113 AND 5614122 ORDER BY c
	Sort  (cost=36.87..36.90 rows=9 width=121)
	  Sort Key: c
	  ->  Index Scan using sbtest4_pkey on sbtest4  (cost=0.43..36.73 rows=9 width=121)
	        Index Cond: ((id >= 5614113) AND (id <= 5614122))

table 5 : explain SELECT c FROM sbtest5 WHERE id BETWEEN 635731 AND 635740 ORDER BY c
	Sort  (cost=44.38..44.41 rows=11 width=121)
	  Sort Key: c
	  ->  Index Scan using sbtest5_pkey on sbtest5  (cost=0.43..44.19 rows=11 width=121)
	        Index Cond: ((id >= 635731) AND (id <= 635740))

table 6 : explain SELECT c FROM sbtest6 WHERE id BETWEEN 5028663 AND 5028672 ORDER BY c
	Sort  (cost=36.98..37.00 rows=9 width=121)
	  Sort Key: c
	  ->  Index Scan using sbtest6_pkey on sbtest6  (cost=0.43..36.84 rows=9 width=121)
	        Index Cond: ((id >= 5028663) AND (id <= 5028672))

table 7 : explain SELECT c FROM sbtest7 WHERE id BETWEEN 5400225 AND 5400234 ORDER BY c
	Sort  (cost=36.91..36.93 rows=9 width=121)
	  Sort Key: c
	  ->  Index Scan using sbtest7_pkey on sbtest7  (cost=0.43..36.76 rows=9 width=121)
	        Index Cond: ((id >= 5400225) AND (id <= 5400234))

table 8 : explain SELECT c FROM sbtest8 WHERE id BETWEEN 3087891 AND 3087900 ORDER BY c
	Sort  (cost=40.51..40.53 rows=10 width=121)
	  Sort Key: c
	  ->  Index Scan using sbtest8_pkey on sbtest8  (cost=0.43..40.34 rows=10 width=121)
	        Index Cond: ((id >= 3087891) AND (id <= 3087900))

explain: for point_selects :: explain SELECT c FROM sbtest%u WHERE id=%u
explain: for non_index_updates :: explain UPDATE sbtest%u SET c='foobar' WHERE id=%u
explain: for point_selects :: explain SELECT c FROM sbtest%u WHERE id=%u
for point_selects
table 1 : explain SELECT c FROM sbtest1 WHERE id=8242824
	Index Scan using sbtest1_pkey on sbtest1  (cost=0.43..8.45 rows=1 width=121)
	  Index Cond: (id = 8242824)

table 2 : explain SELECT c FROM sbtest2 WHERE id=1121436
	Index Scan using sbtest2_pkey on sbtest2  (cost=0.43..8.45 rows=1 width=121)
	  Index Cond: (id = 1121436)

table 3 : explain SELECT c FROM sbtest3 WHERE id=965024
	Index Scan using sbtest3_pkey on sbtest3  (cost=0.43..8.45 rows=1 width=121)
	  Index Cond: (id = 965024)

table 4 : explain SELECT c FROM sbtest4 WHERE id=4413793
	Index Scan using sbtest4_pkey on sbtest4  (cost=0.43..8.45 rows=1 width=121)
	  Index Cond: (id = 4413793)

table 5 : explain SELECT c FROM sbtest5 WHERE id=8339873
	Index Scan using sbtest5_pkey on sbtest5  (cost=0.43..8.45 rows=1 width=121)
	  Index Cond: (id = 8339873)

table 6 : explain SELECT c FROM sbtest6 WHERE id=1574341
	Index Scan using sbtest6_pkey on sbtest6  (cost=0.43..8.45 rows=1 width=121)
	  Index Cond: (id = 1574341)

table 7 : explain SELECT c FROM sbtest7 WHERE id=5564174
	Index Scan using sbtest7_pkey on sbtest7  (cost=0.43..8.45 rows=1 width=121)
	  Index Cond: (id = 5564174)

table 8 : explain SELECT c FROM sbtest8 WHERE id=5409179
	Index Scan using sbtest8_pkey on sbtest8  (cost=0.43..8.45 rows=1 width=121)
	  Index Cond: (id = 5409179)

explain: for point_selects :: explain SELECT c FROM sbtest%u WHERE id=%u
explain: for point_selects :: explain SELECT c FROM sbtest%u WHERE id=%u
for: simple_ranges
table 1 : explain SELECT c FROM sbtest1 WHERE id BETWEEN 8556972 AND 8556981
	Index Scan using sbtest1_pkey on sbtest1  (cost=0.43..37.06 rows=9 width=121)
	  Index Cond: ((id >= 8556972) AND (id <= 8556981))

table 2 : explain SELECT c FROM sbtest2 WHERE id BETWEEN 1005116 AND 1005125
	Index Scan using sbtest2_pkey on sbtest2  (cost=0.43..40.58 rows=10 width=121)
	  Index Cond: ((id >= 1005116) AND (id <= 1005125))

table 3 : explain SELECT c FROM sbtest3 WHERE id BETWEEN 4226828 AND 4226837
	Index Scan using sbtest3_pkey on sbtest3  (cost=0.43..40.48 rows=10 width=121)
	  Index Cond: ((id >= 4226828) AND (id <= 4226837))

table 4 : explain SELECT c FROM sbtest4 WHERE id BETWEEN 2096132 AND 2096141
	Index Scan using sbtest4_pkey on sbtest4  (cost=0.43..40.27 rows=10 width=121)
	  Index Cond: ((id >= 2096132) AND (id <= 2096141))

table 5 : explain SELECT c FROM sbtest5 WHERE id BETWEEN 168095 AND 168104
	Index Scan using sbtest5_pkey on sbtest5  (cost=0.43..40.62 rows=10 width=121)
	  Index Cond: ((id >= 168095) AND (id <= 168104))

table 6 : explain SELECT c FROM sbtest6 WHERE id BETWEEN 6571938 AND 6571947
	Index Scan using sbtest6_pkey on sbtest6  (cost=0.43..36.84 rows=9 width=121)
	  Index Cond: ((id >= 6571938) AND (id <= 6571947))

table 7 : explain SELECT c FROM sbtest7 WHERE id BETWEEN 8299347 AND 8299356
	Index Scan using sbtest7_pkey on sbtest7  (cost=0.43..40.30 rows=10 width=121)
	  Index Cond: ((id >= 8299347) AND (id <= 8299356))

table 8 : explain SELECT c FROM sbtest8 WHERE id BETWEEN 6154496 AND 6154505
	Index Scan using sbtest8_pkey on sbtest8  (cost=0.43..40.34 rows=10 width=121)
	  Index Cond: ((id >= 6154496) AND (id <= 6154505))

for: order_ranges
table 1 : explain SELECT c FROM sbtest1 WHERE id BETWEEN 2445929 AND 2445938 ORDER BY c
	Sort  (cost=40.80..40.82 rows=10 width=121)
	  Sort Key: c
	  ->  Index Scan using sbtest1_pkey on sbtest1  (cost=0.43..40.63 rows=10 width=121)
	        Index Cond: ((id >= 2445929) AND (id <= 2445938))

table 2 : explain SELECT c FROM sbtest2 WHERE id BETWEEN 358515 AND 358524 ORDER BY c
	Sort  (cost=40.74..40.77 rows=10 width=121)
	  Sort Key: c
	  ->  Index Scan using sbtest2_pkey on sbtest2  (cost=0.43..40.58 rows=10 width=121)
	        Index Cond: ((id >= 358515) AND (id <= 358524))

table 3 : explain SELECT c FROM sbtest3 WHERE id BETWEEN 3951692 AND 3951701 ORDER BY c
	Sort  (cost=40.64..40.67 rows=10 width=121)
	  Sort Key: c
	  ->  Index Scan using sbtest3_pkey on sbtest3  (cost=0.43..40.48 rows=10 width=121)
	        Index Cond: ((id >= 3951692) AND (id <= 3951701))

table 4 : explain SELECT c FROM sbtest4 WHERE id BETWEEN 4554081 AND 4554090 ORDER BY c
	Sort  (cost=40.43..40.46 rows=10 width=121)
	  Sort Key: c
	  ->  Index Scan using sbtest4_pkey on sbtest4  (cost=0.43..40.27 rows=10 width=121)
	        Index Cond: ((id >= 4554081) AND (id <= 4554090))

table 5 : explain SELECT c FROM sbtest5 WHERE id BETWEEN 177531 AND 177540 ORDER BY c
	Sort  (cost=40.78..40.81 rows=10 width=121)
	  Sort Key: c
	  ->  Index Scan using sbtest5_pkey on sbtest5  (cost=0.43..40.62 rows=10 width=121)
	        Index Cond: ((id >= 177531) AND (id <= 177540))

table 6 : explain SELECT c FROM sbtest6 WHERE id BETWEEN 1332584 AND 1332593 ORDER BY c
	Sort  (cost=36.98..37.00 rows=9 width=121)
	  Sort Key: c
	  ->  Index Scan using sbtest6_pkey on sbtest6  (cost=0.43..36.84 rows=9 width=121)
	        Index Cond: ((id >= 1332584) AND (id <= 1332593))

table 7 : explain SELECT c FROM sbtest7 WHERE id BETWEEN 5718067 AND 5718076 ORDER BY c
	Sort  (cost=40.47..40.49 rows=10 width=121)
	  Sort Key: c
	  ->  Index Scan using sbtest7_pkey on sbtest7  (cost=0.43..40.30 rows=10 width=121)
	        Index Cond: ((id >= 5718067) AND (id <= 5718076))

table 8 : explain SELECT c FROM sbtest8 WHERE id BETWEEN 3844427 AND 3844436 ORDER BY c
	Sort  (cost=36.94..36.96 rows=9 width=121)
	  Sort Key: c
	  ->  Index Scan using sbtest8_pkey on sbtest8  (cost=0.43..36.80 rows=9 width=121)
	        Index Cond: ((id >= 3844427) AND (id <= 3844436))

for: simple_ranges
table 1 : explain SELECT c FROM sbtest1 WHERE id BETWEEN 8663035 AND 8663044
	Index Scan using sbtest1_pkey on sbtest1  (cost=0.43..40.63 rows=10 width=121)
	  Index Cond: ((id >= 8663035) AND (id <= 8663044))

table 2 : explain SELECT c FROM sbtest2 WHERE id BETWEEN 2315887 AND 2315896
	Index Scan using sbtest2_pkey on sbtest2  (cost=0.43..44.15 rows=11 width=121)
	  Index Cond: ((id >= 2315887) AND (id <= 2315896))

table 3 : explain SELECT c FROM sbtest3 WHERE id BETWEEN 7371839 AND 7371848
	Index Scan using sbtest3_pkey on sbtest3  (cost=0.43..36.92 rows=9 width=121)
	  Index Cond: ((id >= 7371839) AND (id <= 7371848))

table 4 : explain SELECT c FROM sbtest4 WHERE id BETWEEN 3501092 AND 3501101
	Index Scan using sbtest4_pkey on sbtest4  (cost=0.43..36.73 rows=9 width=121)
	  Index Cond: ((id >= 3501092) AND (id <= 3501101))

table 5 : explain SELECT c FROM sbtest5 WHERE id BETWEEN 8645911 AND 8645920
	Index Scan using sbtest5_pkey on sbtest5  (cost=0.43..40.62 rows=10 width=121)
	  Index Cond: ((id >= 8645911) AND (id <= 8645920))

table 6 : explain SELECT c FROM sbtest6 WHERE id BETWEEN 3341634 AND 3341643
	Index Scan using sbtest6_pkey on sbtest6  (cost=0.43..40.39 rows=10 width=121)
	  Index Cond: ((id >= 3341634) AND (id <= 3341643))

table 7 : explain SELECT c FROM sbtest7 WHERE id BETWEEN 5283695 AND 5283704
	Index Scan using sbtest7_pkey on sbtest7  (cost=0.43..40.30 rows=10 width=121)
	  Index Cond: ((id >= 5283695) AND (id <= 5283704))

table 8 : explain SELECT c FROM sbtest8 WHERE id BETWEEN 134065 AND 134074
	Index Scan using sbtest8_pkey on sbtest8  (cost=0.43..40.34 rows=10 width=121)
	  Index Cond: ((id >= 134065) AND (id <= 134074))

for: order_ranges
table 1 : explain SELECT c FROM sbtest1 WHERE id BETWEEN 2543448 AND 2543457 ORDER BY c
	Sort  (cost=40.80..40.82 rows=10 width=121)
	  Sort Key: c
	  ->  Index Scan using sbtest1_pkey on sbtest1  (cost=0.43..40.63 rows=10 width=121)
	        Index Cond: ((id >= 2543448) AND (id <= 2543457))

table 2 : explain SELECT c FROM sbtest2 WHERE id BETWEEN 1824443 AND 1824452 ORDER BY c
	Sort  (cost=40.74..40.77 rows=10 width=121)
	  Sort Key: c
	  ->  Index Scan using sbtest2_pkey on sbtest2  (cost=0.43..40.58 rows=10 width=121)
	        Index Cond: ((id >= 1824443) AND (id <= 1824452))

table 3 : explain SELECT c FROM sbtest3 WHERE id BETWEEN 5289781 AND 5289790 ORDER BY c
	Sort  (cost=44.22..44.25 rows=11 width=121)
	  Sort Key: c
	  ->  Index Scan using sbtest3_pkey on sbtest3  (cost=0.43..44.03 rows=11 width=121)
	        Index Cond: ((id >= 5289781) AND (id <= 5289790))

table 4 : explain SELECT c FROM sbtest4 WHERE id BETWEEN 3396570 AND 3396579 ORDER BY c
	Sort  (cost=40.43..40.46 rows=10 width=121)
	  Sort Key: c
	  ->  Index Scan using sbtest4_pkey on sbtest4  (cost=0.43..40.27 rows=10 width=121)
	        Index Cond: ((id >= 3396570) AND (id <= 3396579))

table 5 : explain SELECT c FROM sbtest5 WHERE id BETWEEN 6064420 AND 6064429 ORDER BY c
	Sort  (cost=40.78..40.81 rows=10 width=121)
	  Sort Key: c
	  ->  Index Scan using sbtest5_pkey on sbtest5  (cost=0.43..40.62 rows=10 width=121)
	        Index Cond: ((id >= 6064420) AND (id <= 6064429))

table 6 : explain SELECT c FROM sbtest6 WHERE id BETWEEN 7230102 AND 7230111 ORDER BY c
	Sort  (cost=36.98..37.00 rows=9 width=121)
	  Sort Key: c
	  ->  Index Scan using sbtest6_pkey on sbtest6  (cost=0.43..36.84 rows=9 width=121)
	        Index Cond: ((id >= 7230102) AND (id <= 7230111))

table 7 : explain SELECT c FROM sbtest7 WHERE id BETWEEN 9260873 AND 9260882 ORDER BY c
	Sort  (cost=40.47..40.49 rows=10 width=121)
	  Sort Key: c
	  ->  Index Scan using sbtest7_pkey on sbtest7  (cost=0.43..40.30 rows=10 width=121)
	        Index Cond: ((id >= 9260873) AND (id <= 9260882))

table 8 : explain SELECT c FROM sbtest8 WHERE id BETWEEN 1644044 AND 1644053 ORDER BY c
	Sort  (cost=44.08..44.10 rows=11 width=121)
	  Sort Key: c
	  ->  Index Scan using sbtest8_pkey on sbtest8  (cost=0.43..43.89 rows=11 width=121)
	        Index Cond: ((id >= 1644044) AND (id <= 1644053))

for: order_ranges
table 1 : explain SELECT c FROM sbtest1 WHERE id BETWEEN 922285 AND 922294 ORDER BY c
	Sort  (cost=37.20..37.22 rows=9 width=121)
	  Sort Key: c
	  ->  Index Scan using sbtest1_pkey on sbtest1  (cost=0.43..37.06 rows=9 width=121)
	        Index Cond: ((id >= 922285) AND (id <= 922294))

table 2 : explain SELECT c FROM sbtest2 WHERE id BETWEEN 8192656 AND 8192665 ORDER BY c
	Sort  (cost=40.74..40.77 rows=10 width=121)
	  Sort Key: c
	  ->  Index Scan using sbtest2_pkey on sbtest2  (cost=0.43..40.58 rows=10 width=121)
	        Index Cond: ((id >= 8192656) AND (id <= 8192665))

table 3 : explain SELECT c FROM sbtest3 WHERE id BETWEEN 6374612 AND 6374621 ORDER BY c
	Sort  (cost=40.64..40.67 rows=10 width=121)
	  Sort Key: c
	  ->  Index Scan using sbtest3_pkey on sbtest3  (cost=0.43..40.48 rows=10 width=121)
	        Index Cond: ((id >= 6374612) AND (id <= 6374621))

table 4 : explain SELECT c FROM sbtest4 WHERE id BETWEEN 3631327 AND 3631336 ORDER BY c
	Sort  (cost=40.43..40.46 rows=10 width=121)
	  Sort Key: c
	  ->  Index Scan using sbtest4_pkey on sbtest4  (cost=0.43..40.27 rows=10 width=121)
	        Index Cond: ((id >= 3631327) AND (id <= 3631336))

table 5 : explain SELECT c FROM sbtest5 WHERE id BETWEEN 9140759 AND 9140768 ORDER BY c
	Sort  (cost=40.78..40.81 rows=10 width=121)
	  Sort Key: c
	  ->  Index Scan using sbtest5_pkey on sbtest5  (cost=0.43..40.62 rows=10 width=121)
	        Index Cond: ((id >= 9140759) AND (id <= 9140768))

table 6 : explain SELECT c FROM sbtest6 WHERE id BETWEEN 7385509 AND 7385518 ORDER BY c
	Sort  (cost=44.13..44.15 rows=11 width=121)
	  Sort Key: c
	  ->  Index Scan using sbtest6_pkey on sbtest6  (cost=0.43..43.94 rows=11 width=121)
	        Index Cond: ((id >= 7385509) AND (id <= 7385518))

table 7 : explain SELECT c FROM sbtest7 WHERE id BETWEEN 8467320 AND 8467329 ORDER BY c
	Sort  (cost=40.47..40.49 rows=10 width=121)
	  Sort Key: c
	  ->  Index Scan using sbtest7_pkey on sbtest7  (cost=0.43..40.30 rows=10 width=121)
	        Index Cond: ((id >= 8467320) AND (id <= 8467329))

table 8 : explain SELECT c FROM sbtest8 WHERE id BETWEEN 4140493 AND 4140502 ORDER BY c
	Sort  (cost=40.51..40.53 rows=10 width=121)
	  Sort Key: c
	  ->  Index Scan using sbtest8_pkey on sbtest8  (cost=0.43..40.34 rows=10 width=121)
	        Index Cond: ((id >= 4140493) AND (id <= 4140502))

for: simple_ranges
table 1 : explain SELECT c FROM sbtest1 WHERE id BETWEEN 2364492 AND 2364501
	Index Scan using sbtest1_pkey on sbtest1  (cost=0.43..44.21 rows=11 width=121)
	  Index Cond: ((id >= 2364492) AND (id <= 2364501))

table 2 : explain SELECT c FROM sbtest2 WHERE id BETWEEN 812437 AND 812446
	Index Scan using sbtest2_pkey on sbtest2  (cost=0.43..44.15 rows=11 width=121)
	  Index Cond: ((id >= 812437) AND (id <= 812446))

table 3 : explain SELECT c FROM sbtest3 WHERE id BETWEEN 9182842 AND 9182851
	Index Scan using sbtest3_pkey on sbtest3  (cost=0.43..40.48 rows=10 width=121)
	  Index Cond: ((id >= 9182842) AND (id <= 9182851))

table 4 : explain SELECT c FROM sbtest4 WHERE id BETWEEN 7484006 AND 7484015
	Index Scan using sbtest4_pkey on sbtest4  (cost=0.43..40.27 rows=10 width=121)
	  Index Cond: ((id >= 7484006) AND (id <= 7484015))

table 5 : explain SELECT c FROM sbtest5 WHERE id BETWEEN 3954050 AND 3954059
	Index Scan using sbtest5_pkey on sbtest5  (cost=0.43..40.62 rows=10 width=121)
	  Index Cond: ((id >= 3954050) AND (id <= 3954059))

table 6 : explain SELECT c FROM sbtest6 WHERE id BETWEEN 1204445 AND 1204454
	Index Scan using sbtest6_pkey on sbtest6  (cost=0.43..43.94 rows=11 width=121)
	  Index Cond: ((id >= 1204445) AND (id <= 1204454))

table 7 : explain SELECT c FROM sbtest7 WHERE id BETWEEN 6892246 AND 6892255
	Index Scan using sbtest7_pkey on sbtest7  (cost=0.43..36.76 rows=9 width=121)
	  Index Cond: ((id >= 6892246) AND (id <= 6892255))

table 8 : explain SELECT c FROM sbtest8 WHERE id BETWEEN 9285225 AND 9285234
	Index Scan using sbtest8_pkey on sbtest8  (cost=0.43..40.34 rows=10 width=121)
	  Index Cond: ((id >= 9285225) AND (id <= 9285234))

for non_index_updates
table 1 : explain UPDATE sbtest1 SET c='foobar' WHERE id=5588690
	Update on sbtest1  (cost=0.43..8.45 rows=0 width=0)
	  ->  Index Scan using sbtest1_pkey on sbtest1  (cost=0.43..8.45 rows=1 width=490)
	        Index Cond: (id = 5588690)

table 2 : explain UPDATE sbtest2 SET c='foobar' WHERE id=679759
	Update on sbtest2  (cost=0.43..8.45 rows=0 width=0)
	  ->  Index Scan using sbtest2_pkey on sbtest2  (cost=0.43..8.45 rows=1 width=490)
	        Index Cond: (id = 679759)

table 3 : explain UPDATE sbtest3 SET c='foobar' WHERE id=248627
	Update on sbtest3  (cost=0.43..8.45 rows=0 width=0)
	  ->  Index Scan using sbtest3_pkey on sbtest3  (cost=0.43..8.45 rows=1 width=490)
	        Index Cond: (id = 248627)

table 4 : explain UPDATE sbtest4 SET c='foobar' WHERE id=2137403
	Update on sbtest4  (cost=0.43..8.45 rows=0 width=0)
	  ->  Index Scan using sbtest4_pkey on sbtest4  (cost=0.43..8.45 rows=1 width=490)
	        Index Cond: (id = 2137403)

table 5 : explain UPDATE sbtest5 SET c='foobar' WHERE id=591759
	Update on sbtest5  (cost=0.43..8.45 rows=0 width=0)
	  ->  Index Scan using sbtest5_pkey on sbtest5  (cost=0.43..8.45 rows=1 width=490)
	        Index Cond: (id = 591759)

table 6 : explain UPDATE sbtest6 SET c='foobar' WHERE id=8426843
	Update on sbtest6  (cost=0.43..8.45 rows=0 width=0)
	  ->  Index Scan using sbtest6_pkey on sbtest6  (cost=0.43..8.45 rows=1 width=490)
	        Index Cond: (id = 8426843)

table 7 : explain UPDATE sbtest7 SET c='foobar' WHERE id=8198056
	Update on sbtest7  (cost=0.43..8.45 rows=0 width=0)
	  ->  Index Scan using sbtest7_pkey on sbtest7  (cost=0.43..8.45 rows=1 width=490)
	        Index Cond: (id = 8198056)

table 8 : explain UPDATE sbtest8 SET c='foobar' WHERE id=3836425
	Update on sbtest8  (cost=0.43..8.45 rows=0 width=0)
	  ->  Index Scan using sbtest8_pkey on sbtest8  (cost=0.43..8.45 rows=1 width=490)
	        Index Cond: (id = 3836425)

for point_selects
table 1 : explain SELECT c FROM sbtest1 WHERE id=7105899
	Index Scan using sbtest1_pkey on sbtest1  (cost=0.43..8.45 rows=1 width=121)
	  Index Cond: (id = 7105899)

table 2 : explain SELECT c FROM sbtest2 WHERE id=3721376
	Index Scan using sbtest2_pkey on sbtest2  (cost=0.43..8.45 rows=1 width=121)
	  Index Cond: (id = 3721376)

table 3 : explain SELECT c FROM sbtest3 WHERE id=484822
	Index Scan using sbtest3_pkey on sbtest3  (cost=0.43..8.45 rows=1 width=121)
	  Index Cond: (id = 484822)

table 4 : explain SELECT c FROM sbtest4 WHERE id=5149122
	Index Scan using sbtest4_pkey on sbtest4  (cost=0.43..8.45 rows=1 width=121)
	  Index Cond: (id = 5149122)

table 5 : explain SELECT c FROM sbtest5 WHERE id=7294386
	Index Scan using sbtest5_pkey on sbtest5  (cost=0.43..8.45 rows=1 width=121)
	  Index Cond: (id = 7294386)

table 6 : explain SELECT c FROM sbtest6 WHERE id=2327339
	Index Scan using sbtest6_pkey on sbtest6  (cost=0.43..8.45 rows=1 width=121)
	  Index Cond: (id = 2327339)

table 7 : explain SELECT c FROM sbtest7 WHERE id=9439204
	Index Scan using sbtest7_pkey on sbtest7  (cost=0.43..8.45 rows=1 width=121)
	  Index Cond: (id = 9439204)

table 8 : explain SELECT c FROM sbtest8 WHERE id=8861619
	Index Scan using sbtest8_pkey on sbtest8  (cost=0.43..8.45 rows=1 width=121)
	  Index Cond: (id = 8861619)

explain: for deletes :: explain DELETE FROM sbtest%u WHERE id=%u
for point_selects
table 1 : explain SELECT c FROM sbtest1 WHERE id=7408986
	Index Scan using sbtest1_pkey on sbtest1  (cost=0.43..8.45 rows=1 width=121)
	  Index Cond: (id = 7408986)

table 2 : explain SELECT c FROM sbtest2 WHERE id=4412895
	Index Scan using sbtest2_pkey on sbtest2  (cost=0.43..8.45 rows=1 width=121)
	  Index Cond: (id = 4412895)

table 3 : explain SELECT c FROM sbtest3 WHERE id=8523133
	Index Scan using sbtest3_pkey on sbtest3  (cost=0.43..8.45 rows=1 width=121)
	  Index Cond: (id = 8523133)

table 4 : explain SELECT c FROM sbtest4 WHERE id=676115
	Index Scan using sbtest4_pkey on sbtest4  (cost=0.43..8.45 rows=1 width=121)
	  Index Cond: (id = 676115)

table 5 : explain SELECT c FROM sbtest5 WHERE id=5175850
	Index Scan using sbtest5_pkey on sbtest5  (cost=0.43..8.45 rows=1 width=121)
	  Index Cond: (id = 5175850)

table 6 : explain SELECT c FROM sbtest6 WHERE id=7086926
	Index Scan using sbtest6_pkey on sbtest6  (cost=0.43..8.45 rows=1 width=121)
	  Index Cond: (id = 7086926)

table 7 : explain SELECT c FROM sbtest7 WHERE id=1534446
	Index Scan using sbtest7_pkey on sbtest7  (cost=0.43..8.45 rows=1 width=121)
	  Index Cond: (id = 1534446)

table 8 : explain SELECT c FROM sbtest8 WHERE id=3492974
	Index Scan using sbtest8_pkey on sbtest8  (cost=0.43..8.45 rows=1 width=121)
	  Index Cond: (id = 3492974)

for: distinct_ranges
table 1 : explain SELECT DISTINCT c FROM sbtest1 WHERE id BETWEEN 7173392 AND 7173401 ORDER BY c
	Unique  (cost=40.80..40.85 rows=10 width=121)
	  ->  Sort  (cost=40.80..40.82 rows=10 width=121)
	        Sort Key: c
	        ->  Index Scan using sbtest1_pkey on sbtest1  (cost=0.43..40.63 rows=10 width=121)
	              Index Cond: ((id >= 7173392) AND (id <= 7173401))

table 2 : explain SELECT DISTINCT c FROM sbtest2 WHERE id BETWEEN 8744034 AND 8744043 ORDER BY c
	Unique  (cost=44.34..44.39 rows=11 width=121)
	  ->  Sort  (cost=44.34..44.36 rows=11 width=121)
	        Sort Key: c
	        ->  Index Scan using sbtest2_pkey on sbtest2  (cost=0.43..44.15 rows=11 width=121)
	              Index Cond: ((id >= 8744034) AND (id <= 8744043))

table 3 : explain SELECT DISTINCT c FROM sbtest3 WHERE id BETWEEN 8121022 AND 8121031 ORDER BY c
	Unique  (cost=40.64..40.69 rows=10 width=121)
	  ->  Sort  (cost=40.64..40.67 rows=10 width=121)
	        Sort Key: c
	        ->  Index Scan using sbtest3_pkey on sbtest3  (cost=0.43..40.48 rows=10 width=121)
	              Index Cond: ((id >= 8121022) AND (id <= 8121031))

table 4 : explain SELECT DISTINCT c FROM sbtest4 WHERE id BETWEEN 3380257 AND 3380266 ORDER BY c
	Unique  (cost=40.43..40.48 rows=10 width=121)
	  ->  Sort  (cost=40.43..40.46 rows=10 width=121)
	        Sort Key: c
	        ->  Index Scan using sbtest4_pkey on sbtest4  (cost=0.43..40.27 rows=10 width=121)
	              Index Cond: ((id >= 3380257) AND (id <= 3380266))

table 5 : explain SELECT DISTINCT c FROM sbtest5 WHERE id BETWEEN 1159197 AND 1159206 ORDER BY c
	Unique  (cost=40.78..40.83 rows=10 width=121)
	  ->  Sort  (cost=40.78..40.81 rows=10 width=121)
	        Sort Key: c
	        ->  Index Scan using sbtest5_pkey on sbtest5  (cost=0.43..40.62 rows=10 width=121)
	              Index Cond: ((id >= 1159197) AND (id <= 1159206))

table 6 : explain SELECT DISTINCT c FROM sbtest6 WHERE id BETWEEN 1269611 AND 1269620 ORDER BY c
	Unique  (cost=36.98..37.03 rows=9 width=121)
	  ->  Sort  (cost=36.98..37.00 rows=9 width=121)
	        Sort Key: c
	        ->  Index Scan using sbtest6_pkey on sbtest6  (cost=0.43..36.84 rows=9 width=121)
	              Index Cond: ((id >= 1269611) AND (id <= 1269620))

table 7 : explain SELECT DISTINCT c FROM sbtest7 WHERE id BETWEEN 9261590 AND 9261599 ORDER BY c
	Unique  (cost=40.47..40.52 rows=10 width=121)
	  ->  Sort  (cost=40.47..40.49 rows=10 width=121)
	        Sort Key: c
	        ->  Index Scan using sbtest7_pkey on sbtest7  (cost=0.43..40.30 rows=10 width=121)
	              Index Cond: ((id >= 9261590) AND (id <= 9261599))

table 8 : explain SELECT DISTINCT c FROM sbtest8 WHERE id BETWEEN 6150145 AND 6150154 ORDER BY c
	Unique  (cost=40.51..40.56 rows=10 width=121)
	  ->  Sort  (cost=40.51..40.53 rows=10 width=121)
	        Sort Key: c
	        ->  Index Scan using sbtest8_pkey on sbtest8  (cost=0.43..40.34 rows=10 width=121)
	              Index Cond: ((id >= 6150145) AND (id <= 6150154))

for point_selects
table 1 : explain SELECT c FROM sbtest1 WHERE id=2413033
	Index Scan using sbtest1_pkey on sbtest1  (cost=0.43..8.45 rows=1 width=121)
	  Index Cond: (id = 2413033)

table 2 : explain SELECT c FROM sbtest2 WHERE id=2726528
	Index Scan using sbtest2_pkey on sbtest2  (cost=0.43..8.45 rows=1 width=121)
	  Index Cond: (id = 2726528)

table 3 : explain SELECT c FROM sbtest3 WHERE id=171851
	Index Scan using sbtest3_pkey on sbtest3  (cost=0.43..8.45 rows=1 width=121)
	  Index Cond: (id = 171851)

table 4 : explain SELECT c FROM sbtest4 WHERE id=6295056
	Index Scan using sbtest4_pkey on sbtest4  (cost=0.43..8.45 rows=1 width=121)
	  Index Cond: (id = 6295056)

table 5 : explain SELECT c FROM sbtest5 WHERE id=9748742
	Index Scan using sbtest5_pkey on sbtest5  (cost=0.43..8.45 rows=1 width=121)
	  Index Cond: (id = 9748742)

table 6 : explain SELECT c FROM sbtest6 WHERE id=5359474
	Index Scan using sbtest6_pkey on sbtest6  (cost=0.43..8.45 rows=1 width=121)
	  Index Cond: (id = 5359474)

table 7 : explain SELECT c FROM sbtest7 WHERE id=4119537
	Index Scan using sbtest7_pkey on sbtest7  (cost=0.43..8.45 rows=1 width=121)
	  Index Cond: (id = 4119537)

table 8 : explain SELECT c FROM sbtest8 WHERE id=8199541
	Index Scan using sbtest8_pkey on sbtest8  (cost=0.43..8.45 rows=1 width=121)
	  Index Cond: (id = 8199541)

for deletes
table 1 : explain DELETE FROM sbtest1 WHERE id=1682654
	Delete on sbtest1  (cost=0.43..8.45 rows=0 width=0)
	  ->  Index Scan using sbtest1_pkey on sbtest1  (cost=0.43..8.45 rows=1 width=6)
	        Index Cond: (id = 1682654)

table 2 : explain DELETE FROM sbtest2 WHERE id=5645739
	Delete on sbtest2  (cost=0.43..8.45 rows=0 width=0)
	  ->  Index Scan using sbtest2_pkey on sbtest2  (cost=0.43..8.45 rows=1 width=6)
	        Index Cond: (id = 5645739)

table 3 : explain DELETE FROM sbtest3 WHERE id=3845696
	Delete on sbtest3  (cost=0.43..8.45 rows=0 width=0)
	  ->  Index Scan using sbtest3_pkey on sbtest3  (cost=0.43..8.45 rows=1 width=6)
	        Index Cond: (id = 3845696)

table 4 : explain DELETE FROM sbtest4 WHERE id=8652871
	Delete on sbtest4  (cost=0.43..8.45 rows=0 width=0)
	  ->  Index Scan using sbtest4_pkey on sbtest4  (cost=0.43..8.45 rows=1 width=6)
	        Index Cond: (id = 8652871)

table 5 : explain DELETE FROM sbtest5 WHERE id=4293848
	Delete on sbtest5  (cost=0.43..8.45 rows=0 width=0)
	  ->  Index Scan using sbtest5_pkey on sbtest5  (cost=0.43..8.45 rows=1 width=6)
	        Index Cond: (id = 4293848)

table 6 : explain DELETE FROM sbtest6 WHERE id=2821309
	Delete on sbtest6  (cost=0.43..8.45 rows=0 width=0)
	  ->  Index Scan using sbtest6_pkey on sbtest6  (cost=0.43..8.45 rows=1 width=6)
	        Index Cond: (id = 2821309)

table 7 : explain DELETE FROM sbtest7 WHERE id=1593927
	Delete on sbtest7  (cost=0.43..8.45 rows=0 width=0)
	  ->  Index Scan using sbtest7_pkey on sbtest7  (cost=0.43..8.45 rows=1 width=6)
	        Index Cond: (id = 1593927)

table 8 : explain DELETE FROM sbtest8 WHERE id=6823104
	Delete on sbtest8  (cost=0.43..8.45 rows=0 width=0)
	  ->  Index Scan using sbtest8_pkey on sbtest8  (cost=0.43..8.45 rows=1 width=6)
	        Index Cond: (id = 6823104)

for: order_ranges
table 1 : explain SELECT c FROM sbtest1 WHERE id BETWEEN 9450934 AND 9450943 ORDER BY c
	Sort  (cost=40.80..40.82 rows=10 width=121)
	  Sort Key: c
	  ->  Index Scan using sbtest1_pkey on sbtest1  (cost=0.43..40.63 rows=10 width=121)
	        Index Cond: ((id >= 9450934) AND (id <= 9450943))

table 2 : explain SELECT c FROM sbtest2 WHERE id BETWEEN 2279550 AND 2279559 ORDER BY c
	Sort  (cost=44.34..44.36 rows=11 width=121)
	  Sort Key: c
	  ->  Index Scan using sbtest2_pkey on sbtest2  (cost=0.43..44.15 rows=11 width=121)
	        Index Cond: ((id >= 2279550) AND (id <= 2279559))

table 3 : explain SELECT c FROM sbtest3 WHERE id BETWEEN 9954398 AND 9954407 ORDER BY c
	Sort  (cost=40.64..40.67 rows=10 width=121)
	  Sort Key: c
	  ->  Index Scan using sbtest3_pkey on sbtest3  (cost=0.43..40.48 rows=10 width=121)
	        Index Cond: ((id >= 9954398) AND (id <= 9954407))

table 4 : explain SELECT c FROM sbtest4 WHERE id BETWEEN 5956145 AND 5956154 ORDER BY c
	Sort  (cost=40.43..40.46 rows=10 width=121)
	  Sort Key: c
	  ->  Index Scan using sbtest4_pkey on sbtest4  (cost=0.43..40.27 rows=10 width=121)
	        Index Cond: ((id >= 5956145) AND (id <= 5956154))

table 5 : explain SELECT c FROM sbtest5 WHERE id BETWEEN 9344682 AND 9344691 ORDER BY c
	Sort  (cost=40.78..40.81 rows=10 width=121)
	  Sort Key: c
	  ->  Index Scan using sbtest5_pkey on sbtest5  (cost=0.43..40.62 rows=10 width=121)
	        Index Cond: ((id >= 9344682) AND (id <= 9344691))

table 6 : explain SELECT c FROM sbtest6 WHERE id BETWEEN 4127622 AND 4127631 ORDER BY c
	Sort  (cost=40.55..40.58 rows=10 width=121)
	  Sort Key: c
	  ->  Index Scan using sbtest6_pkey on sbtest6  (cost=0.43..40.39 rows=10 width=121)
	        Index Cond: ((id >= 4127622) AND (id <= 4127631))

table 7 : explain SELECT c FROM sbtest7 WHERE id BETWEEN 1425910 AND 1425919 ORDER BY c
	Sort  (cost=40.47..40.49 rows=10 width=121)
	  Sort Key: c
	  ->  Index Scan using sbtest7_pkey on sbtest7  (cost=0.43..40.30 rows=10 width=121)
	        Index Cond: ((id >= 1425910) AND (id <= 1425919))

table 8 : explain SELECT c FROM sbtest8 WHERE id BETWEEN 1030508 AND 1030517 ORDER BY c
	Sort  (cost=40.51..40.53 rows=10 width=121)
	  Sort Key: c
	  ->  Index Scan using sbtest8_pkey on sbtest8  (cost=0.43..40.34 rows=10 width=121)
	        Index Cond: ((id >= 1030508) AND (id <= 1030517))

for point_selects
table 1 : explain SELECT c FROM sbtest1 WHERE id=9390247
	Index Scan using sbtest1_pkey on sbtest1  (cost=0.43..8.45 rows=1 width=121)
	  Index Cond: (id = 9390247)

table 2 : explain SELECT c FROM sbtest2 WHERE id=5357823
	Index Scan using sbtest2_pkey on sbtest2  (cost=0.43..8.45 rows=1 width=121)
	  Index Cond: (id = 5357823)

table 3 : explain SELECT c FROM sbtest3 WHERE id=4437622
	Index Scan using sbtest3_pkey on sbtest3  (cost=0.43..8.45 rows=1 width=121)
	  Index Cond: (id = 4437622)

table 4 : explain SELECT c FROM sbtest4 WHERE id=743049
	Index Scan using sbtest4_pkey on sbtest4  (cost=0.43..8.45 rows=1 width=121)
	  Index Cond: (id = 743049)

table 5 : explain SELECT c FROM sbtest5 WHERE id=2952999
	Index Scan using sbtest5_pkey on sbtest5  (cost=0.43..8.45 rows=1 width=121)
	  Index Cond: (id = 2952999)

table 6 : explain SELECT c FROM sbtest6 WHERE id=3447677
	Index Scan using sbtest6_pkey on sbtest6  (cost=0.43..8.45 rows=1 width=121)
	  Index Cond: (id = 3447677)

table 7 : explain SELECT c FROM sbtest7 WHERE id=5535699
	Index Scan using sbtest7_pkey on sbtest7  (cost=0.43..8.45 rows=1 width=121)
	  Index Cond: (id = 5535699)

table 8 : explain SELECT c FROM sbtest8 WHERE id=8114772
	Index Scan using sbtest8_pkey on sbtest8  (cost=0.43..8.45 rows=1 width=121)
	  Index Cond: (id = 8114772)

for: distinct_ranges
table 1 : explain SELECT DISTINCT c FROM sbtest1 WHERE id BETWEEN 752380 AND 752389 ORDER BY c
	Unique  (cost=40.80..40.85 rows=10 width=121)
	  ->  Sort  (cost=40.80..40.82 rows=10 width=121)
	        Sort Key: c
	        ->  Index Scan using sbtest1_pkey on sbtest1  (cost=0.43..40.63 rows=10 width=121)
	              Index Cond: ((id >= 752380) AND (id <= 752389))

table 2 : explain SELECT DISTINCT c FROM sbtest2 WHERE id BETWEEN 1813572 AND 1813581 ORDER BY c
	Unique  (cost=40.74..40.79 rows=10 width=121)
	  ->  Sort  (cost=40.74..40.77 rows=10 width=121)
	        Sort Key: c
	        ->  Index Scan using sbtest2_pkey on sbtest2  (cost=0.43..40.58 rows=10 width=121)
	              Index Cond: ((id >= 1813572) AND (id <= 1813581))

table 3 : explain SELECT DISTINCT c FROM sbtest3 WHERE id BETWEEN 6484289 AND 6484298 ORDER BY c
	Unique  (cost=40.64..40.69 rows=10 width=121)
	  ->  Sort  (cost=40.64..40.67 rows=10 width=121)
	        Sort Key: c
	        ->  Index Scan using sbtest3_pkey on sbtest3  (cost=0.43..40.48 rows=10 width=121)
	              Index Cond: ((id >= 6484289) AND (id <= 6484298))

table 4 : explain SELECT DISTINCT c FROM sbtest4 WHERE id BETWEEN 8512171 AND 8512180 ORDER BY c
	Unique  (cost=40.43..40.48 rows=10 width=121)
	  ->  Sort  (cost=40.43..40.46 rows=10 width=121)
	        Sort Key: c
	        ->  Index Scan using sbtest4_pkey on sbtest4  (cost=0.43..40.27 rows=10 width=121)
	              Index Cond: ((id >= 8512171) AND (id <= 8512180))

table 5 : explain SELECT DISTINCT c FROM sbtest5 WHERE id BETWEEN 3299590 AND 3299599 ORDER BY c
	Unique  (cost=44.38..44.44 rows=11 width=121)
	  ->  Sort  (cost=44.38..44.41 rows=11 width=121)
	        Sort Key: c
	        ->  Index Scan using sbtest5_pkey on sbtest5  (cost=0.43..44.19 rows=11 width=121)
	              Index Cond: ((id >= 3299590) AND (id <= 3299599))

table 6 : explain SELECT DISTINCT c FROM sbtest6 WHERE id BETWEEN 8688259 AND 8688268 ORDER BY c
	Unique  (cost=44.13..44.18 rows=11 width=121)
	  ->  Sort  (cost=44.13..44.15 rows=11 width=121)
	        Sort Key: c
	        ->  Index Scan using sbtest6_pkey on sbtest6  (cost=0.43..43.94 rows=11 width=121)
	              Index Cond: ((id >= 8688259) AND (id <= 8688268))

table 7 : explain SELECT DISTINCT c FROM sbtest7 WHERE id BETWEEN 6049725 AND 6049734 ORDER BY c
	Unique  (cost=36.91..36.95 rows=9 width=121)
	  ->  Sort  (cost=36.91..36.93 rows=9 width=121)
	        Sort Key: c
	        ->  Index Scan using sbtest7_pkey on sbtest7  (cost=0.43..36.76 rows=9 width=121)
	              Index Cond: ((id >= 6049725) AND (id <= 6049734))

table 8 : explain SELECT DISTINCT c FROM sbtest8 WHERE id BETWEEN 1170498 AND 1170507 ORDER BY c
	Unique  (cost=36.94..36.99 rows=9 width=121)
	  ->  Sort  (cost=36.94..36.96 rows=9 width=121)
	        Sort Key: c
	        ->  Index Scan using sbtest8_pkey on sbtest8  (cost=0.43..36.80 rows=9 width=121)
	              Index Cond: ((id >= 1170498) AND (id <= 1170507))

for: distinct_ranges
table 1 : explain SELECT DISTINCT c FROM sbtest1 WHERE id BETWEEN 4791306 AND 4791315 ORDER BY c
	Unique  (cost=44.40..44.45 rows=11 width=121)
	  ->  Sort  (cost=44.40..44.43 rows=11 width=121)
	        Sort Key: c
	        ->  Index Scan using sbtest1_pkey on sbtest1  (cost=0.43..44.21 rows=11 width=121)
	              Index Cond: ((id >= 4791306) AND (id <= 4791315))

table 2 : explain SELECT DISTINCT c FROM sbtest2 WHERE id BETWEEN 6707131 AND 6707140 ORDER BY c
	Unique  (cost=44.34..44.39 rows=11 width=121)
	  ->  Sort  (cost=44.34..44.36 rows=11 width=121)
	        Sort Key: c
	        ->  Index Scan using sbtest2_pkey on sbtest2  (cost=0.43..44.15 rows=11 width=121)
	              Index Cond: ((id >= 6707131) AND (id <= 6707140))

table 3 : explain SELECT DISTINCT c FROM sbtest3 WHERE id BETWEEN 9036461 AND 9036470 ORDER BY c
	Unique  (cost=40.64..40.69 rows=10 width=121)
	  ->  Sort  (cost=40.64..40.67 rows=10 width=121)
	        Sort Key: c
	        ->  Index Scan using sbtest3_pkey on sbtest3  (cost=0.43..40.48 rows=10 width=121)
	              Index Cond: ((id >= 9036461) AND (id <= 9036470))

table 4 : explain SELECT DISTINCT c FROM sbtest4 WHERE id BETWEEN 7953800 AND 7953809 ORDER BY c
	Unique  (cost=40.43..40.48 rows=10 width=121)
	  ->  Sort  (cost=40.43..40.46 rows=10 width=121)
	        Sort Key: c
	        ->  Index Scan using sbtest4_pkey on sbtest4  (cost=0.43..40.27 rows=10 width=121)
	              Index Cond: ((id >= 7953800) AND (id <= 7953809))

table 5 : explain SELECT DISTINCT c FROM sbtest5 WHERE id BETWEEN 3715805 AND 3715814 ORDER BY c
	Unique  (cost=40.78..40.83 rows=10 width=121)
	  ->  Sort  (cost=40.78..40.81 rows=10 width=121)
	        Sort Key: c
	        ->  Index Scan using sbtest5_pkey on sbtest5  (cost=0.43..40.62 rows=10 width=121)
	              Index Cond: ((id >= 3715805) AND (id <= 3715814))

table 6 : explain SELECT DISTINCT c FROM sbtest6 WHERE id BETWEEN 252852 AND 252861 ORDER BY c
	Unique  (cost=40.55..40.60 rows=10 width=121)
	  ->  Sort  (cost=40.55..40.58 rows=10 width=121)
	        Sort Key: c
	        ->  Index Scan using sbtest6_pkey on sbtest6  (cost=0.43..40.39 rows=10 width=121)
	              Index Cond: ((id >= 252852) AND (id <= 252861))

table 7 : explain SELECT DISTINCT c FROM sbtest7 WHERE id BETWEEN 9548703 AND 9548712 ORDER BY c
	Unique  (cost=40.47..40.52 rows=10 width=121)
	  ->  Sort  (cost=40.47..40.49 rows=10 width=121)
	        Sort Key: c
	        ->  Index Scan using sbtest7_pkey on sbtest7  (cost=0.43..40.30 rows=10 width=121)
	              Index Cond: ((id >= 9548703) AND (id <= 9548712))

table 8 : explain SELECT DISTINCT c FROM sbtest8 WHERE id BETWEEN 6751904 AND 6751913 ORDER BY c
	Unique  (cost=40.51..40.56 rows=10 width=121)
	  ->  Sort  (cost=40.51..40.53 rows=10 width=121)
	        Sort Key: c
	        ->  Index Scan using sbtest8_pkey on sbtest8  (cost=0.43..40.34 rows=10 width=121)
	              Index Cond: ((id >= 6751904) AND (id <= 6751913))

explain: for index_updates :: explain UPDATE sbtest%u SET k=k+1 WHERE id=%u
for: simple_ranges
table 1 : explain SELECT c FROM sbtest1 WHERE id BETWEEN 6747727 AND 6747736
	Index Scan using sbtest1_pkey on sbtest1  (cost=0.43..40.63 rows=10 width=121)
	  Index Cond: ((id >= 6747727) AND (id <= 6747736))

table 2 : explain SELECT c FROM sbtest2 WHERE id BETWEEN 468626 AND 468635
	Index Scan using sbtest2_pkey on sbtest2  (cost=0.43..40.58 rows=10 width=121)
	  Index Cond: ((id >= 468626) AND (id <= 468635))

table 3 : explain SELECT c FROM sbtest3 WHERE id BETWEEN 966277 AND 966286
	Index Scan using sbtest3_pkey on sbtest3  (cost=0.43..40.48 rows=10 width=121)
	  Index Cond: ((id >= 966277) AND (id <= 966286))

table 4 : explain SELECT c FROM sbtest4 WHERE id BETWEEN 4235376 AND 4235385
	Index Scan using sbtest4_pkey on sbtest4  (cost=0.43..40.27 rows=10 width=121)
	  Index Cond: ((id >= 4235376) AND (id <= 4235385))

table 5 : explain SELECT c FROM sbtest5 WHERE id BETWEEN 4377389 AND 4377398
	Index Scan using sbtest5_pkey on sbtest5  (cost=0.43..40.62 rows=10 width=121)
	  Index Cond: ((id >= 4377389) AND (id <= 4377398))

table 6 : explain SELECT c FROM sbtest6 WHERE id BETWEEN 4026402 AND 4026411
	Index Scan using sbtest6_pkey on sbtest6  (cost=0.43..43.94 rows=11 width=121)
	  Index Cond: ((id >= 4026402) AND (id <= 4026411))

table 7 : explain SELECT c FROM sbtest7 WHERE id BETWEEN 6871071 AND 6871080
	Index Scan using sbtest7_pkey on sbtest7  (cost=0.43..36.76 rows=9 width=121)
	  Index Cond: ((id >= 6871071) AND (id <= 6871080))

table 8 : explain SELECT c FROM sbtest8 WHERE id BETWEEN 3402710 AND 3402719
	Index Scan using sbtest8_pkey on sbtest8  (cost=0.43..40.34 rows=10 width=121)
	  Index Cond: ((id >= 3402710) AND (id <= 3402719))

for: simple_ranges
table 1 : explain SELECT c FROM sbtest1 WHERE id BETWEEN 9036660 AND 9036669
	Index Scan using sbtest1_pkey on sbtest1  (cost=0.43..40.63 rows=10 width=121)
	  Index Cond: ((id >= 9036660) AND (id <= 9036669))

table 2 : explain SELECT c FROM sbtest2 WHERE id BETWEEN 1557366 AND 1557375
	Index Scan using sbtest2_pkey on sbtest2  (cost=0.43..40.58 rows=10 width=121)
	  Index Cond: ((id >= 1557366) AND (id <= 1557375))

table 3 : explain SELECT c FROM sbtest3 WHERE id BETWEEN 3705857 AND 3705866
	Index Scan using sbtest3_pkey on sbtest3  (cost=0.43..40.48 rows=10 width=121)
	  Index Cond: ((id >= 3705857) AND (id <= 3705866))

table 4 : explain SELECT c FROM sbtest4 WHERE id BETWEEN 4522955 AND 4522964
	Index Scan using sbtest4_pkey on sbtest4  (cost=0.43..40.27 rows=10 width=121)
	  Index Cond: ((id >= 4522955) AND (id <= 4522964))

table 5 : explain SELECT c FROM sbtest5 WHERE id BETWEEN 8226526 AND 8226535
	Index Scan using sbtest5_pkey on sbtest5  (cost=0.43..40.62 rows=10 width=121)
	  Index Cond: ((id >= 8226526) AND (id <= 8226535))

table 6 : explain SELECT c FROM sbtest6 WHERE id BETWEEN 1869774 AND 1869783
	Index Scan using sbtest6_pkey on sbtest6  (cost=0.43..36.84 rows=9 width=121)
	  Index Cond: ((id >= 1869774) AND (id <= 1869783))

table 7 : explain SELECT c FROM sbtest7 WHERE id BETWEEN 5068573 AND 5068582
	Index Scan using sbtest7_pkey on sbtest7  (cost=0.43..40.30 rows=10 width=121)
	  Index Cond: ((id >= 5068573) AND (id <= 5068582))

table 8 : explain SELECT c FROM sbtest8 WHERE id BETWEEN 9682195 AND 9682204
	Index Scan using sbtest8_pkey on sbtest8  (cost=0.43..40.34 rows=10 width=121)
	  Index Cond: ((id >= 9682195) AND (id <= 9682204))

for: simple_ranges
table 1 : explain SELECT c FROM sbtest1 WHERE id BETWEEN 9187014 AND 9187023
	Index Scan using sbtest1_pkey on sbtest1  (cost=0.43..44.21 rows=11 width=121)
	  Index Cond: ((id >= 9187014) AND (id <= 9187023))

table 2 : explain SELECT c FROM sbtest2 WHERE id BETWEEN 4560415 AND 4560424
	Index Scan using sbtest2_pkey on sbtest2  (cost=0.43..40.58 rows=10 width=121)
	  Index Cond: ((id >= 4560415) AND (id <= 4560424))

table 3 : explain SELECT c FROM sbtest3 WHERE id BETWEEN 8424404 AND 8424413
	Index Scan using sbtest3_pkey on sbtest3  (cost=0.43..44.03 rows=11 width=121)
	  Index Cond: ((id >= 8424404) AND (id <= 8424413))

table 4 : explain SELECT c FROM sbtest4 WHERE id BETWEEN 3350809 AND 3350818
	Index Scan using sbtest4_pkey on sbtest4  (cost=0.43..40.27 rows=10 width=121)
	  Index Cond: ((id >= 3350809) AND (id <= 3350818))

table 5 : explain SELECT c FROM sbtest5 WHERE id BETWEEN 1363799 AND 1363808
	Index Scan using sbtest5_pkey on sbtest5  (cost=0.43..40.62 rows=10 width=121)
	  Index Cond: ((id >= 1363799) AND (id <= 1363808))

table 6 : explain SELECT c FROM sbtest6 WHERE id BETWEEN 5859250 AND 5859259
	Index Scan using sbtest6_pkey on sbtest6  (cost=0.43..40.39 rows=10 width=121)
	  Index Cond: ((id >= 5859250) AND (id <= 5859259))

table 7 : explain SELECT c FROM sbtest7 WHERE id BETWEEN 2945509 AND 2945518
	Index Scan using sbtest7_pkey on sbtest7  (cost=0.43..36.76 rows=9 width=121)
	  Index Cond: ((id >= 2945509) AND (id <= 2945518))

table 8 : explain SELECT c FROM sbtest8 WHERE id BETWEEN 2308170 AND 2308179
	Index Scan using sbtest8_pkey on sbtest8  (cost=0.43..36.80 rows=9 width=121)
	  Index Cond: ((id >= 2308170) AND (id <= 2308179))

explain: for inserts :: explain INSERT INTO sbtest%u (id, k, c, pad) VALUES (%u, 13, 'foobar', 'foobar')
for point_selects
table 1 : explain SELECT c FROM sbtest1 WHERE id=6383516
	Index Scan using sbtest1_pkey on sbtest1  (cost=0.43..8.45 rows=1 width=121)
	  Index Cond: (id = 6383516)

table 2 : explain SELECT c FROM sbtest2 WHERE id=1175541
	Index Scan using sbtest2_pkey on sbtest2  (cost=0.43..8.45 rows=1 width=121)
	  Index Cond: (id = 1175541)

table 3 : explain SELECT c FROM sbtest3 WHERE id=9875242
	Index Scan using sbtest3_pkey on sbtest3  (cost=0.43..8.45 rows=1 width=121)
	  Index Cond: (id = 9875242)

table 4 : explain SELECT c FROM sbtest4 WHERE id=2562112
	Index Scan using sbtest4_pkey on sbtest4  (cost=0.43..8.45 rows=1 width=121)
	  Index Cond: (id = 2562112)

table 5 : explain SELECT c FROM sbtest5 WHERE id=7925325
	Index Scan using sbtest5_pkey on sbtest5  (cost=0.43..8.45 rows=1 width=121)
	  Index Cond: (id = 7925325)

table 6 : explain SELECT c FROM sbtest6 WHERE id=928118
	Index Scan using sbtest6_pkey on sbtest6  (cost=0.43..8.45 rows=1 width=121)
	  Index Cond: (id = 928118)

table 7 : explain SELECT c FROM sbtest7 WHERE id=3832774
	Index Scan using sbtest7_pkey on sbtest7  (cost=0.43..8.45 rows=1 width=121)
	  Index Cond: (id = 3832774)

table 8 : explain SELECT c FROM sbtest8 WHERE id=7700606
	Index Scan using sbtest8_pkey on sbtest8  (cost=0.43..8.45 rows=1 width=121)
	  Index Cond: (id = 7700606)

explain: for index_updates :: explain UPDATE sbtest%u SET k=k+1 WHERE id=%u
explain: for index_updates :: explain UPDATE sbtest%u SET k=k+1 WHERE id=%u
for point_selects
table 1 : explain SELECT c FROM sbtest1 WHERE id=3221985
	Index Scan using sbtest1_pkey on sbtest1  (cost=0.43..8.45 rows=1 width=121)
	  Index Cond: (id = 3221985)

table 2 : explain SELECT c FROM sbtest2 WHERE id=9657832
	Index Scan using sbtest2_pkey on sbtest2  (cost=0.43..8.45 rows=1 width=121)
	  Index Cond: (id = 9657832)

table 3 : explain SELECT c FROM sbtest3 WHERE id=6807195
	Index Scan using sbtest3_pkey on sbtest3  (cost=0.43..8.45 rows=1 width=121)
	  Index Cond: (id = 6807195)

table 4 : explain SELECT c FROM sbtest4 WHERE id=2834480
	Index Scan using sbtest4_pkey on sbtest4  (cost=0.43..8.45 rows=1 width=121)
	  Index Cond: (id = 2834480)

table 5 : explain SELECT c FROM sbtest5 WHERE id=3172279
	Index Scan using sbtest5_pkey on sbtest5  (cost=0.43..8.45 rows=1 width=121)
	  Index Cond: (id = 3172279)

table 6 : explain SELECT c FROM sbtest6 WHERE id=1295303
	Index Scan using sbtest6_pkey on sbtest6  (cost=0.43..8.45 rows=1 width=121)
	  Index Cond: (id = 1295303)

table 7 : explain SELECT c FROM sbtest7 WHERE id=4011261
	Index Scan using sbtest7_pkey on sbtest7  (cost=0.43..8.45 rows=1 width=121)
	  Index Cond: (id = 4011261)

table 8 : explain SELECT c FROM sbtest8 WHERE id=1807777
	Index Scan using sbtest8_pkey on sbtest8  (cost=0.43..8.45 rows=1 width=121)
	  Index Cond: (id = 1807777)

for point_selects
table 1 : explain SELECT c FROM sbtest1 WHERE id=8963210
	Index Scan using sbtest1_pkey on sbtest1  (cost=0.43..8.45 rows=1 width=121)
	  Index Cond: (id = 8963210)

table 2 : explain SELECT c FROM sbtest2 WHERE id=3152889
	Index Scan using sbtest2_pkey on sbtest2  (cost=0.43..8.45 rows=1 width=121)
	  Index Cond: (id = 3152889)

table 3 : explain SELECT c FROM sbtest3 WHERE id=2832747
	Index Scan using sbtest3_pkey on sbtest3  (cost=0.43..8.45 rows=1 width=121)
	  Index Cond: (id = 2832747)

table 4 : explain SELECT c FROM sbtest4 WHERE id=3652836
	Index Scan using sbtest4_pkey on sbtest4  (cost=0.43..8.45 rows=1 width=121)
	  Index Cond: (id = 3652836)

table 5 : explain SELECT c FROM sbtest5 WHERE id=1158379
	Index Scan using sbtest5_pkey on sbtest5  (cost=0.43..8.45 rows=1 width=121)
	  Index Cond: (id = 1158379)

table 6 : explain SELECT c FROM sbtest6 WHERE id=8359534
	Index Scan using sbtest6_pkey on sbtest6  (cost=0.43..8.45 rows=1 width=121)
	  Index Cond: (id = 8359534)

table 7 : explain SELECT c FROM sbtest7 WHERE id=1781561
	Index Scan using sbtest7_pkey on sbtest7  (cost=0.43..8.45 rows=1 width=121)
	  Index Cond: (id = 1781561)

table 8 : explain SELECT c FROM sbtest8 WHERE id=627669
	Index Scan using sbtest8_pkey on sbtest8  (cost=0.43..8.45 rows=1 width=121)
	  Index Cond: (id = 627669)

for point_selects
table 1 : explain SELECT c FROM sbtest1 WHERE id=6425589
	Index Scan using sbtest1_pkey on sbtest1  (cost=0.43..8.45 rows=1 width=121)
	  Index Cond: (id = 6425589)

table 2 : explain SELECT c FROM sbtest2 WHERE id=5413301
	Index Scan using sbtest2_pkey on sbtest2  (cost=0.43..8.45 rows=1 width=121)
	  Index Cond: (id = 5413301)

table 3 : explain SELECT c FROM sbtest3 WHERE id=2689688
	Index Scan using sbtest3_pkey on sbtest3  (cost=0.43..8.45 rows=1 width=121)
	  Index Cond: (id = 2689688)

table 4 : explain SELECT c FROM sbtest4 WHERE id=6071612
	Index Scan using sbtest4_pkey on sbtest4  (cost=0.43..8.45 rows=1 width=121)
	  Index Cond: (id = 6071612)

table 5 : explain SELECT c FROM sbtest5 WHERE id=8910990
	Index Scan using sbtest5_pkey on sbtest5  (cost=0.43..8.45 rows=1 width=121)
	  Index Cond: (id = 8910990)

table 6 : explain SELECT c FROM sbtest6 WHERE id=132251
	Index Scan using sbtest6_pkey on sbtest6  (cost=0.43..8.45 rows=1 width=121)
	  Index Cond: (id = 132251)

table 7 : explain SELECT c FROM sbtest7 WHERE id=87039
	Index Scan using sbtest7_pkey on sbtest7  (cost=0.43..8.45 rows=1 width=121)
	  Index Cond: (id = 87039)

table 8 : explain SELECT c FROM sbtest8 WHERE id=198899
	Index Scan using sbtest8_pkey on sbtest8  (cost=0.43..8.45 rows=1 width=121)
	  Index Cond: (id = 198899)

for inserts
table 1 : explain INSERT INTO sbtest1 (id, k, c, pad) VALUES (9826123, 13, 'foobar', 'foobar')
	Insert on sbtest1  (cost=0.00..0.01 rows=0 width=0)
	  ->  Result  (cost=0.00..0.01 rows=1 width=736)

table 2 : explain INSERT INTO sbtest2 (id, k, c, pad) VALUES (2946339, 13, 'foobar', 'foobar')
	Insert on sbtest2  (cost=0.00..0.01 rows=0 width=0)
	  ->  Result  (cost=0.00..0.01 rows=1 width=736)

table 3 : explain INSERT INTO sbtest3 (id, k, c, pad) VALUES (17176, 13, 'foobar', 'foobar')
	Insert on sbtest3  (cost=0.00..0.01 rows=0 width=0)
	  ->  Result  (cost=0.00..0.01 rows=1 width=736)

table 4 : explain INSERT INTO sbtest4 (id, k, c, pad) VALUES (3897045, 13, 'foobar', 'foobar')
	Insert on sbtest4  (cost=0.00..0.01 rows=0 width=0)
	  ->  Result  (cost=0.00..0.01 rows=1 width=736)

table 5 : explain INSERT INTO sbtest5 (id, k, c, pad) VALUES (6124332, 13, 'foobar', 'foobar')
	Insert on sbtest5  (cost=0.00..0.01 rows=0 width=0)
	  ->  Result  (cost=0.00..0.01 rows=1 width=736)

table 6 : explain INSERT INTO sbtest6 (id, k, c, pad) VALUES (1647901, 13, 'foobar', 'foobar')
	Insert on sbtest6  (cost=0.00..0.01 rows=0 width=0)
	  ->  Result  (cost=0.00..0.01 rows=1 width=736)

table 7 : explain INSERT INTO sbtest7 (id, k, c, pad) VALUES (3160587, 13, 'foobar', 'foobar')
	Insert on sbtest7  (cost=0.00..0.01 rows=0 width=0)
	  ->  Result  (cost=0.00..0.01 rows=1 width=736)

table 8 : explain INSERT INTO sbtest8 (id, k, c, pad) VALUES (5410890, 13, 'foobar', 'foobar')
	Insert on sbtest8  (cost=0.00..0.01 rows=0 width=0)
	  ->  Result  (cost=0.00..0.01 rows=1 width=736)

for: sum_ranges
table 1 : explain SELECT SUM(k) FROM sbtest1 WHERE id BETWEEN 8981356 AND 8981365
	Aggregate  (cost=40.66..40.67 rows=1 width=8)
	  ->  Index Scan using sbtest1_pkey on sbtest1  (cost=0.43..40.63 rows=10 width=4)
	        Index Cond: ((id >= 8981356) AND (id <= 8981365))

table 2 : explain SELECT SUM(k) FROM sbtest2 WHERE id BETWEEN 8428614 AND 8428623
	Aggregate  (cost=40.60..40.61 rows=1 width=8)
	  ->  Index Scan using sbtest2_pkey on sbtest2  (cost=0.43..40.58 rows=10 width=4)
	        Index Cond: ((id >= 8428614) AND (id <= 8428623))

table 3 : explain SELECT SUM(k) FROM sbtest3 WHERE id BETWEEN 8683495 AND 8683504
	Aggregate  (cost=40.50..40.51 rows=1 width=8)
	  ->  Index Scan using sbtest3_pkey on sbtest3  (cost=0.43..40.48 rows=10 width=4)
	        Index Cond: ((id >= 8683495) AND (id <= 8683504))

table 4 : explain SELECT SUM(k) FROM sbtest4 WHERE id BETWEEN 5197178 AND 5197187
	Aggregate  (cost=43.83..43.84 rows=1 width=8)
	  ->  Index Scan using sbtest4_pkey on sbtest4  (cost=0.43..43.80 rows=11 width=4)
	        Index Cond: ((id >= 5197178) AND (id <= 5197187))

table 5 : explain SELECT SUM(k) FROM sbtest5 WHERE id BETWEEN 2612513 AND 2612522
	Aggregate  (cost=37.07..37.08 rows=1 width=8)
	  ->  Index Scan using sbtest5_pkey on sbtest5  (cost=0.43..37.04 rows=9 width=4)
	        Index Cond: ((id >= 2612513) AND (id <= 2612522))

table 6 : explain SELECT SUM(k) FROM sbtest6 WHERE id BETWEEN 1926633 AND 1926642
	Aggregate  (cost=36.86..36.87 rows=1 width=8)
	  ->  Index Scan using sbtest6_pkey on sbtest6  (cost=0.43..36.84 rows=9 width=4)
	        Index Cond: ((id >= 1926633) AND (id <= 1926642))

table 7 : explain SELECT SUM(k) FROM sbtest7 WHERE id BETWEEN 1698033 AND 1698042
	Aggregate  (cost=40.33..40.34 rows=1 width=8)
	  ->  Index Scan using sbtest7_pkey on sbtest7  (cost=0.43..40.30 rows=10 width=4)
	        Index Cond: ((id >= 1698033) AND (id <= 1698042))

table 8 : explain SELECT SUM(k) FROM sbtest8 WHERE id BETWEEN 8657278 AND 8657287
	Aggregate  (cost=43.91..43.92 rows=1 width=8)
	  ->  Index Scan using sbtest8_pkey on sbtest8  (cost=0.43..43.89 rows=11 width=4)
	        Index Cond: ((id >= 8657278) AND (id <= 8657287))

for: sum_ranges
table 1 : explain SELECT SUM(k) FROM sbtest1 WHERE id BETWEEN 7594366 AND 7594375
	Aggregate  (cost=40.66..40.67 rows=1 width=8)
	  ->  Index Scan using sbtest1_pkey on sbtest1  (cost=0.43..40.63 rows=10 width=4)
	        Index Cond: ((id >= 7594366) AND (id <= 7594375))

table 2 : explain SELECT SUM(k) FROM sbtest2 WHERE id BETWEEN 2255301 AND 2255310
	Aggregate  (cost=44.17..44.18 rows=1 width=8)
	  ->  Index Scan using sbtest2_pkey on sbtest2  (cost=0.43..44.15 rows=11 width=4)
	        Index Cond: ((id >= 2255301) AND (id <= 2255310))

table 3 : explain SELECT SUM(k) FROM sbtest3 WHERE id BETWEEN 8548648 AND 8548657
	Aggregate  (cost=40.50..40.51 rows=1 width=8)
	  ->  Index Scan using sbtest3_pkey on sbtest3  (cost=0.43..40.48 rows=10 width=4)
	        Index Cond: ((id >= 8548648) AND (id <= 8548657))

table 4 : explain SELECT SUM(k) FROM sbtest4 WHERE id BETWEEN 8453517 AND 8453526
	Aggregate  (cost=40.29..40.30 rows=1 width=8)
	  ->  Index Scan using sbtest4_pkey on sbtest4  (cost=0.43..40.27 rows=10 width=4)
	        Index Cond: ((id >= 8453517) AND (id <= 8453526))

table 5 : explain SELECT SUM(k) FROM sbtest5 WHERE id BETWEEN 2045088 AND 2045097
	Aggregate  (cost=40.64..40.65 rows=1 width=8)
	  ->  Index Scan using sbtest5_pkey on sbtest5  (cost=0.43..40.62 rows=10 width=4)
	        Index Cond: ((id >= 2045088) AND (id <= 2045097))

table 6 : explain SELECT SUM(k) FROM sbtest6 WHERE id BETWEEN 8035985 AND 8035994
	Aggregate  (cost=36.86..36.87 rows=1 width=8)
	  ->  Index Scan using sbtest6_pkey on sbtest6  (cost=0.43..36.84 rows=9 width=4)
	        Index Cond: ((id >= 8035985) AND (id <= 8035994))

table 7 : explain SELECT SUM(k) FROM sbtest7 WHERE id BETWEEN 1953613 AND 1953622
	Aggregate  (cost=36.79..36.80 rows=1 width=8)
	  ->  Index Scan using sbtest7_pkey on sbtest7  (cost=0.43..36.76 rows=9 width=4)
	        Index Cond: ((id >= 1953613) AND (id <= 1953622))

table 8 : explain SELECT SUM(k) FROM sbtest8 WHERE id BETWEEN 8904786 AND 8904795
	Aggregate  (cost=40.37..40.38 rows=1 width=8)
	  ->  Index Scan using sbtest8_pkey on sbtest8  (cost=0.43..40.34 rows=10 width=4)
	        Index Cond: ((id >= 8904786) AND (id <= 8904795))

for index_updates
table 1 : explain UPDATE sbtest1 SET k=k+1 WHERE id=2183610
	Update on sbtest1  (cost=0.43..8.46 rows=0 width=0)
	  ->  Index Scan using sbtest1_pkey on sbtest1  (cost=0.43..8.46 rows=1 width=10)
	        Index Cond: (id = 2183610)

table 2 : explain UPDATE sbtest2 SET k=k+1 WHERE id=549665
	Update on sbtest2  (cost=0.43..8.46 rows=0 width=0)
	  ->  Index Scan using sbtest2_pkey on sbtest2  (cost=0.43..8.46 rows=1 width=10)
	        Index Cond: (id = 549665)

table 3 : explain UPDATE sbtest3 SET k=k+1 WHERE id=6166141
	Update on sbtest3  (cost=0.43..8.46 rows=0 width=0)
	  ->  Index Scan using sbtest3_pkey on sbtest3  (cost=0.43..8.46 rows=1 width=10)
	        Index Cond: (id = 6166141)

table 4 : explain UPDATE sbtest4 SET k=k+1 WHERE id=1254483
	Update on sbtest4  (cost=0.43..8.46 rows=0 width=0)
	  ->  Index Scan using sbtest4_pkey on sbtest4  (cost=0.43..8.46 rows=1 width=10)
	        Index Cond: (id = 1254483)

table 5 : explain UPDATE sbtest5 SET k=k+1 WHERE id=721153
	Update on sbtest5  (cost=0.43..8.46 rows=0 width=0)
	  ->  Index Scan using sbtest5_pkey on sbtest5  (cost=0.43..8.46 rows=1 width=10)
	        Index Cond: (id = 721153)

table 6 : explain UPDATE sbtest6 SET k=k+1 WHERE id=6528882
	Update on sbtest6  (cost=0.43..8.46 rows=0 width=0)
	  ->  Index Scan using sbtest6_pkey on sbtest6  (cost=0.43..8.46 rows=1 width=10)
	        Index Cond: (id = 6528882)

table 7 : explain UPDATE sbtest7 SET k=k+1 WHERE id=3308
	Update on sbtest7  (cost=0.43..8.46 rows=0 width=0)
	  ->  Index Scan using sbtest7_pkey on sbtest7  (cost=0.43..8.46 rows=1 width=10)
	        Index Cond: (id = 3308)

table 8 : explain UPDATE sbtest8 SET k=k+1 WHERE id=2872926
	Update on sbtest8  (cost=0.43..8.46 rows=0 width=0)
	  ->  Index Scan using sbtest8_pkey on sbtest8  (cost=0.43..8.46 rows=1 width=10)
	        Index Cond: (id = 2872926)

for index_updates
table 1 : explain UPDATE sbtest1 SET k=k+1 WHERE id=597549
	Update on sbtest1  (cost=0.43..8.46 rows=0 width=0)
	  ->  Index Scan using sbtest1_pkey on sbtest1  (cost=0.43..8.46 rows=1 width=10)
	        Index Cond: (id = 597549)

table 2 : explain UPDATE sbtest2 SET k=k+1 WHERE id=1967927
	Update on sbtest2  (cost=0.43..8.46 rows=0 width=0)
	  ->  Index Scan using sbtest2_pkey on sbtest2  (cost=0.43..8.46 rows=1 width=10)
	        Index Cond: (id = 1967927)

table 3 : explain UPDATE sbtest3 SET k=k+1 WHERE id=2355064
	Update on sbtest3  (cost=0.43..8.46 rows=0 width=0)
	  ->  Index Scan using sbtest3_pkey on sbtest3  (cost=0.43..8.46 rows=1 width=10)
	        Index Cond: (id = 2355064)

table 4 : explain UPDATE sbtest4 SET k=k+1 WHERE id=7797396
	Update on sbtest4  (cost=0.43..8.46 rows=0 width=0)
	  ->  Index Scan using sbtest4_pkey on sbtest4  (cost=0.43..8.46 rows=1 width=10)
	        Index Cond: (id = 7797396)

table 5 : explain UPDATE sbtest5 SET k=k+1 WHERE id=8026553
	Update on sbtest5  (cost=0.43..8.46 rows=0 width=0)
	  ->  Index Scan using sbtest5_pkey on sbtest5  (cost=0.43..8.46 rows=1 width=10)
	        Index Cond: (id = 8026553)

table 6 : explain UPDATE sbtest6 SET k=k+1 WHERE id=3846104
	Update on sbtest6  (cost=0.43..8.46 rows=0 width=0)
	  ->  Index Scan using sbtest6_pkey on sbtest6  (cost=0.43..8.46 rows=1 width=10)
	        Index Cond: (id = 3846104)

table 7 : explain UPDATE sbtest7 SET k=k+1 WHERE id=5189897
	Update on sbtest7  (cost=0.43..8.46 rows=0 width=0)
	  ->  Index Scan using sbtest7_pkey on sbtest7  (cost=0.43..8.46 rows=1 width=10)
	        Index Cond: (id = 5189897)

table 8 : explain UPDATE sbtest8 SET k=k+1 WHERE id=4930679
	Update on sbtest8  (cost=0.43..8.46 rows=0 width=0)
	  ->  Index Scan using sbtest8_pkey on sbtest8  (cost=0.43..8.46 rows=1 width=10)
	        Index Cond: (id = 4930679)

explain: for point_selects :: explain SELECT c FROM sbtest%u WHERE id=%u
for: distinct_ranges
table 1 : explain SELECT DISTINCT c FROM sbtest1 WHERE id BETWEEN 6013412 AND 6013421 ORDER BY c
	Unique  (cost=40.80..40.85 rows=10 width=121)
	  ->  Sort  (cost=40.80..40.82 rows=10 width=121)
	        Sort Key: c
	        ->  Index Scan using sbtest1_pkey on sbtest1  (cost=0.43..40.63 rows=10 width=121)
	              Index Cond: ((id >= 6013412) AND (id <= 6013421))

table 2 : explain SELECT DISTINCT c FROM sbtest2 WHERE id BETWEEN 1344096 AND 1344105 ORDER BY c
	Unique  (cost=40.74..40.79 rows=10 width=121)
	  ->  Sort  (cost=40.74..40.77 rows=10 width=121)
	        Sort Key: c
	        ->  Index Scan using sbtest2_pkey on sbtest2  (cost=0.43..40.58 rows=10 width=121)
	              Index Cond: ((id >= 1344096) AND (id <= 1344105))

table 3 : explain SELECT DISTINCT c FROM sbtest3 WHERE id BETWEEN 2814318 AND 2814327 ORDER BY c
	Unique  (cost=37.06..37.11 rows=9 width=121)
	  ->  Sort  (cost=37.06..37.08 rows=9 width=121)
	        Sort Key: c
	        ->  Index Scan using sbtest3_pkey on sbtest3  (cost=0.43..36.92 rows=9 width=121)
	              Index Cond: ((id >= 2814318) AND (id <= 2814327))

table 4 : explain SELECT DISTINCT c FROM sbtest4 WHERE id BETWEEN 5575223 AND 5575232 ORDER BY c
	Unique  (cost=36.87..36.92 rows=9 width=121)
	  ->  Sort  (cost=36.87..36.90 rows=9 width=121)
	        Sort Key: c
	        ->  Index Scan using sbtest4_pkey on sbtest4  (cost=0.43..36.73 rows=9 width=121)
	              Index Cond: ((id >= 5575223) AND (id <= 5575232))

table 5 : explain SELECT DISTINCT c FROM sbtest5 WHERE id BETWEEN 4094600 AND 4094609 ORDER BY c
	Unique  (cost=40.78..40.83 rows=10 width=121)
	  ->  Sort  (cost=40.78..40.81 rows=10 width=121)
	        Sort Key: c
	        ->  Index Scan using sbtest5_pkey on sbtest5  (cost=0.43..40.62 rows=10 width=121)
	              Index Cond: ((id >= 4094600) AND (id <= 4094609))

table 6 : explain SELECT DISTINCT c FROM sbtest6 WHERE id BETWEEN 8002227 AND 8002236 ORDER BY c
	Unique  (cost=36.98..37.03 rows=9 width=121)
	  ->  Sort  (cost=36.98..37.00 rows=9 width=121)
	        Sort Key: c
	        ->  Index Scan using sbtest6_pkey on sbtest6  (cost=0.43..36.84 rows=9 width=121)
	              Index Cond: ((id >= 8002227) AND (id <= 8002236))

table 7 : explain SELECT DISTINCT c FROM sbtest7 WHERE id BETWEEN 3294770 AND 3294779 ORDER BY c
	Unique  (cost=36.91..36.95 rows=9 width=121)
	  ->  Sort  (cost=36.91..36.93 rows=9 width=121)
	        Sort Key: c
	        ->  Index Scan using sbtest7_pkey on sbtest7  (cost=0.43..36.76 rows=9 width=121)
	              Index Cond: ((id >= 3294770) AND (id <= 3294779))

table 8 : explain SELECT DISTINCT c FROM sbtest8 WHERE id BETWEEN 9743784 AND 9743793 ORDER BY c
	Unique  (cost=40.51..40.56 rows=10 width=121)
	  ->  Sort  (cost=40.51..40.53 rows=10 width=121)
	        Sort Key: c
	        ->  Index Scan using sbtest8_pkey on sbtest8  (cost=0.43..40.34 rows=10 width=121)
	              Index Cond: ((id >= 9743784) AND (id <= 9743793))

explain: for point_selects :: explain SELECT c FROM sbtest%u WHERE id=%u
explain: for point_selects :: explain SELECT c FROM sbtest%u WHERE id=%u
explain: for point_selects :: explain SELECT c FROM sbtest%u WHERE id=%u
explain: for non_index_updates :: explain UPDATE sbtest%u SET c='foobar' WHERE id=%u
explain: for index_updates :: explain UPDATE sbtest%u SET k=k+1 WHERE id=%u
for: sum_ranges
table 1 : explain SELECT SUM(k) FROM sbtest1 WHERE id BETWEEN 3619185 AND 3619194
	Aggregate  (cost=44.23..44.24 rows=1 width=8)
	  ->  Index Scan using sbtest1_pkey on sbtest1  (cost=0.43..44.21 rows=11 width=4)
	        Index Cond: ((id >= 3619185) AND (id <= 3619194))

table 2 : explain SELECT SUM(k) FROM sbtest2 WHERE id BETWEEN 6348238 AND 6348247
	Aggregate  (cost=40.60..40.61 rows=1 width=8)
	  ->  Index Scan using sbtest2_pkey on sbtest2  (cost=0.43..40.58 rows=10 width=4)
	        Index Cond: ((id >= 6348238) AND (id <= 6348247))

table 3 : explain SELECT SUM(k) FROM sbtest3 WHERE id BETWEEN 402446 AND 402455
	Aggregate  (cost=40.50..40.51 rows=1 width=8)
	  ->  Index Scan using sbtest3_pkey on sbtest3  (cost=0.43..40.48 rows=10 width=4)
	        Index Cond: ((id >= 402446) AND (id <= 402455))

table 4 : explain SELECT SUM(k) FROM sbtest4 WHERE id BETWEEN 2683266 AND 2683275
	Aggregate  (cost=43.83..43.84 rows=1 width=8)
	  ->  Index Scan using sbtest4_pkey on sbtest4  (cost=0.43..43.80 rows=11 width=4)
	        Index Cond: ((id >= 2683266) AND (id <= 2683275))

table 5 : explain SELECT SUM(k) FROM sbtest5 WHERE id BETWEEN 5091932 AND 5091941
	Aggregate  (cost=40.64..40.65 rows=1 width=8)
	  ->  Index Scan using sbtest5_pkey on sbtest5  (cost=0.43..40.62 rows=10 width=4)
	        Index Cond: ((id >= 5091932) AND (id <= 5091941))

table 6 : explain SELECT SUM(k) FROM sbtest6 WHERE id BETWEEN 5522386 AND 5522395
	Aggregate  (cost=40.41..40.42 rows=1 width=8)
	  ->  Index Scan using sbtest6_pkey on sbtest6  (cost=0.43..40.39 rows=10 width=4)
	        Index Cond: ((id >= 5522386) AND (id <= 5522395))

table 7 : explain SELECT SUM(k) FROM sbtest7 WHERE id BETWEEN 2765702 AND 2765711
	Aggregate  (cost=36.79..36.80 rows=1 width=8)
	  ->  Index Scan using sbtest7_pkey on sbtest7  (cost=0.43..36.76 rows=9 width=4)
	        Index Cond: ((id >= 2765702) AND (id <= 2765711))

table 8 : explain SELECT SUM(k) FROM sbtest8 WHERE id BETWEEN 8370732 AND 8370741
	Aggregate  (cost=36.82..36.83 rows=1 width=8)
	  ->  Index Scan using sbtest8_pkey on sbtest8  (cost=0.43..36.80 rows=9 width=4)
	        Index Cond: ((id >= 8370732) AND (id <= 8370741))

for: sum_ranges
table 1 : explain SELECT SUM(k) FROM sbtest1 WHERE id BETWEEN 5560741 AND 5560750
	Aggregate  (cost=44.23..44.24 rows=1 width=8)
	  ->  Index Scan using sbtest1_pkey on sbtest1  (cost=0.43..44.21 rows=11 width=4)
	        Index Cond: ((id >= 5560741) AND (id <= 5560750))

table 2 : explain SELECT SUM(k) FROM sbtest2 WHERE id BETWEEN 7790668 AND 7790677
	Aggregate  (cost=44.17..44.18 rows=1 width=8)
	  ->  Index Scan using sbtest2_pkey on sbtest2  (cost=0.43..44.15 rows=11 width=4)
	        Index Cond: ((id >= 7790668) AND (id <= 7790677))

table 3 : explain SELECT SUM(k) FROM sbtest3 WHERE id BETWEEN 6994412 AND 6994421
	Aggregate  (cost=36.94..36.95 rows=1 width=8)
	  ->  Index Scan using sbtest3_pkey on sbtest3  (cost=0.43..36.92 rows=9 width=4)
	        Index Cond: ((id >= 6994412) AND (id <= 6994421))

table 4 : explain SELECT SUM(k) FROM sbtest4 WHERE id BETWEEN 2717822 AND 2717831
	Aggregate  (cost=43.83..43.84 rows=1 width=8)
	  ->  Index Scan using sbtest4_pkey on sbtest4  (cost=0.43..43.80 rows=11 width=4)
	        Index Cond: ((id >= 2717822) AND (id <= 2717831))

table 5 : explain SELECT SUM(k) FROM sbtest5 WHERE id BETWEEN 7145617 AND 7145626
	Aggregate  (cost=40.64..40.65 rows=1 width=8)
	  ->  Index Scan using sbtest5_pkey on sbtest5  (cost=0.43..40.62 rows=10 width=4)
	        Index Cond: ((id >= 7145617) AND (id <= 7145626))

table 6 : explain SELECT SUM(k) FROM sbtest6 WHERE id BETWEEN 378174 AND 378183
	Aggregate  (cost=36.86..36.87 rows=1 width=8)
	  ->  Index Scan using sbtest6_pkey on sbtest6  (cost=0.43..36.84 rows=9 width=4)
	        Index Cond: ((id >= 378174) AND (id <= 378183))

table 7 : explain SELECT SUM(k) FROM sbtest7 WHERE id BETWEEN 9527801 AND 9527810
	Aggregate  (cost=40.33..40.34 rows=1 width=8)
	  ->  Index Scan using sbtest7_pkey on sbtest7  (cost=0.43..40.30 rows=10 width=4)
	        Index Cond: ((id >= 9527801) AND (id <= 9527810))

table 8 : explain SELECT SUM(k) FROM sbtest8 WHERE id BETWEEN 4906568 AND 4906577
	Aggregate  (cost=40.37..40.38 rows=1 width=8)
	  ->  Index Scan using sbtest8_pkey on sbtest8  (cost=0.43..40.34 rows=10 width=4)
	        Index Cond: ((id >= 4906568) AND (id <= 4906577))

explain: for non_index_updates :: explain UPDATE sbtest%u SET c='foobar' WHERE id=%u
for: simple_ranges
table 1 : explain SELECT c FROM sbtest1 WHERE id BETWEEN 1189759 AND 1189768
	Index Scan using sbtest1_pkey on sbtest1  (cost=0.43..40.63 rows=10 width=121)
	  Index Cond: ((id >= 1189759) AND (id <= 1189768))

table 2 : explain SELECT c FROM sbtest2 WHERE id BETWEEN 7270811 AND 7270820
	Index Scan using sbtest2_pkey on sbtest2  (cost=0.43..37.01 rows=9 width=121)
	  Index Cond: ((id >= 7270811) AND (id <= 7270820))

table 3 : explain SELECT c FROM sbtest3 WHERE id BETWEEN 3391390 AND 3391399
	Index Scan using sbtest3_pkey on sbtest3  (cost=0.43..44.03 rows=11 width=121)
	  Index Cond: ((id >= 3391390) AND (id <= 3391399))

table 4 : explain SELECT c FROM sbtest4 WHERE id BETWEEN 6648386 AND 6648395
	Index Scan using sbtest4_pkey on sbtest4  (cost=0.43..40.27 rows=10 width=121)
	  Index Cond: ((id >= 6648386) AND (id <= 6648395))

table 5 : explain SELECT c FROM sbtest5 WHERE id BETWEEN 9876707 AND 9876716
	Index Scan using sbtest5_pkey on sbtest5  (cost=0.43..40.62 rows=10 width=121)
	  Index Cond: ((id >= 9876707) AND (id <= 9876716))

table 6 : explain SELECT c FROM sbtest6 WHERE id BETWEEN 8662733 AND 8662742
	Index Scan using sbtest6_pkey on sbtest6  (cost=0.43..43.94 rows=11 width=121)
	  Index Cond: ((id >= 8662733) AND (id <= 8662742))

table 7 : explain SELECT c FROM sbtest7 WHERE id BETWEEN 7442294 AND 7442303
	Index Scan using sbtest7_pkey on sbtest7  (cost=0.43..40.30 rows=10 width=121)
	  Index Cond: ((id >= 7442294) AND (id <= 7442303))

table 8 : explain SELECT c FROM sbtest8 WHERE id BETWEEN 816177 AND 816186
	Index Scan using sbtest8_pkey on sbtest8  (cost=0.43..40.34 rows=10 width=121)
	  Index Cond: ((id >= 816177) AND (id <= 816186))

for index_updates
table 1 : explain UPDATE sbtest1 SET k=k+1 WHERE id=6168735
	Update on sbtest1  (cost=0.43..8.46 rows=0 width=0)
	  ->  Index Scan using sbtest1_pkey on sbtest1  (cost=0.43..8.46 rows=1 width=10)
	        Index Cond: (id = 6168735)

table 2 : explain UPDATE sbtest2 SET k=k+1 WHERE id=2636900
	Update on sbtest2  (cost=0.43..8.46 rows=0 width=0)
	  ->  Index Scan using sbtest2_pkey on sbtest2  (cost=0.43..8.46 rows=1 width=10)
	        Index Cond: (id = 2636900)

table 3 : explain UPDATE sbtest3 SET k=k+1 WHERE id=4902502
	Update on sbtest3  (cost=0.43..8.46 rows=0 width=0)
	  ->  Index Scan using sbtest3_pkey on sbtest3  (cost=0.43..8.46 rows=1 width=10)
	        Index Cond: (id = 4902502)

table 4 : explain UPDATE sbtest4 SET k=k+1 WHERE id=9457746
	Update on sbtest4  (cost=0.43..8.46 rows=0 width=0)
	  ->  Index Scan using sbtest4_pkey on sbtest4  (cost=0.43..8.46 rows=1 width=10)
	        Index Cond: (id = 9457746)

table 5 : explain UPDATE sbtest5 SET k=k+1 WHERE id=8656525
	Update on sbtest5  (cost=0.43..8.46 rows=0 width=0)
	  ->  Index Scan using sbtest5_pkey on sbtest5  (cost=0.43..8.46 rows=1 width=10)
	        Index Cond: (id = 8656525)

table 6 : explain UPDATE sbtest6 SET k=k+1 WHERE id=929853
	Update on sbtest6  (cost=0.43..8.46 rows=0 width=0)
	  ->  Index Scan using sbtest6_pkey on sbtest6  (cost=0.43..8.46 rows=1 width=10)
	        Index Cond: (id = 929853)

table 7 : explain UPDATE sbtest7 SET k=k+1 WHERE id=477188
	Update on sbtest7  (cost=0.43..8.46 rows=0 width=0)
	  ->  Index Scan using sbtest7_pkey on sbtest7  (cost=0.43..8.46 rows=1 width=10)
	        Index Cond: (id = 477188)

table 8 : explain UPDATE sbtest8 SET k=k+1 WHERE id=8579833
	Update on sbtest8  (cost=0.43..8.46 rows=0 width=0)
	  ->  Index Scan using sbtest8_pkey on sbtest8  (cost=0.43..8.46 rows=1 width=10)
	        Index Cond: (id = 8579833)

for: simple_ranges
table 1 : explain SELECT c FROM sbtest1 WHERE id BETWEEN 7618781 AND 7618790
	Index Scan using sbtest1_pkey on sbtest1  (cost=0.43..40.63 rows=10 width=121)
	  Index Cond: ((id >= 7618781) AND (id <= 7618790))

table 2 : explain SELECT c FROM sbtest2 WHERE id BETWEEN 6544389 AND 6544398
	Index Scan using sbtest2_pkey on sbtest2  (cost=0.43..40.58 rows=10 width=121)
	  Index Cond: ((id >= 6544389) AND (id <= 6544398))

table 3 : explain SELECT c FROM sbtest3 WHERE id BETWEEN 5594245 AND 5594254
	Index Scan using sbtest3_pkey on sbtest3  (cost=0.43..40.48 rows=10 width=121)
	  Index Cond: ((id >= 5594245) AND (id <= 5594254))

table 4 : explain SELECT c FROM sbtest4 WHERE id BETWEEN 6573849 AND 6573858
	Index Scan using sbtest4_pkey on sbtest4  (cost=0.43..40.27 rows=10 width=121)
	  Index Cond: ((id >= 6573849) AND (id <= 6573858))

table 5 : explain SELECT c FROM sbtest5 WHERE id BETWEEN 9313104 AND 9313113
	Index Scan using sbtest5_pkey on sbtest5  (cost=0.43..40.62 rows=10 width=121)
	  Index Cond: ((id >= 9313104) AND (id <= 9313113))

table 6 : explain SELECT c FROM sbtest6 WHERE id BETWEEN 3395658 AND 3395667
	Index Scan using sbtest6_pkey on sbtest6  (cost=0.43..40.39 rows=10 width=121)
	  Index Cond: ((id >= 3395658) AND (id <= 3395667))

table 7 : explain SELECT c FROM sbtest7 WHERE id BETWEEN 7748867 AND 7748876
	Index Scan using sbtest7_pkey on sbtest7  (cost=0.43..40.30 rows=10 width=121)
	  Index Cond: ((id >= 7748867) AND (id <= 7748876))

table 8 : explain SELECT c FROM sbtest8 WHERE id BETWEEN 6088953 AND 6088962
	Index Scan using sbtest8_pkey on sbtest8  (cost=0.43..40.34 rows=10 width=121)
	  Index Cond: ((id >= 6088953) AND (id <= 6088962))

for: simple_ranges
table 1 : explain SELECT c FROM sbtest1 WHERE id BETWEEN 495064 AND 495073
	Index Scan using sbtest1_pkey on sbtest1  (cost=0.43..40.63 rows=10 width=121)
	  Index Cond: ((id >= 495064) AND (id <= 495073))

table 2 : explain SELECT c FROM sbtest2 WHERE id BETWEEN 7097110 AND 7097119
	Index Scan using sbtest2_pkey on sbtest2  (cost=0.43..40.58 rows=10 width=121)
	  Index Cond: ((id >= 7097110) AND (id <= 7097119))

table 3 : explain SELECT c FROM sbtest3 WHERE id BETWEEN 8728076 AND 8728085
	Index Scan using sbtest3_pkey on sbtest3  (cost=0.43..44.03 rows=11 width=121)
	  Index Cond: ((id >= 8728076) AND (id <= 8728085))

table 4 : explain SELECT c FROM sbtest4 WHERE id BETWEEN 6813092 AND 6813101
	Index Scan using sbtest4_pkey on sbtest4  (cost=0.43..33.20 rows=8 width=121)
	  Index Cond: ((id >= 6813092) AND (id <= 6813101))

table 5 : explain SELECT c FROM sbtest5 WHERE id BETWEEN 3574457 AND 3574466
	Index Scan using sbtest5_pkey on sbtest5  (cost=0.43..40.62 rows=10 width=121)
	  Index Cond: ((id >= 3574457) AND (id <= 3574466))

table 6 : explain SELECT c FROM sbtest6 WHERE id BETWEEN 8844330 AND 8844339
	Index Scan using sbtest6_pkey on sbtest6  (cost=0.43..36.84 rows=9 width=121)
	  Index Cond: ((id >= 8844330) AND (id <= 8844339))

table 7 : explain SELECT c FROM sbtest7 WHERE id BETWEEN 1097541 AND 1097550
	Index Scan using sbtest7_pkey on sbtest7  (cost=0.43..40.30 rows=10 width=121)
	  Index Cond: ((id >= 1097541) AND (id <= 1097550))

table 8 : explain SELECT c FROM sbtest8 WHERE id BETWEEN 2449481 AND 2449490
	Index Scan using sbtest8_pkey on sbtest8  (cost=0.43..40.34 rows=10 width=121)
	  Index Cond: ((id >= 2449481) AND (id <= 2449490))

for: simple_ranges
table 1 : explain SELECT c FROM sbtest1 WHERE id BETWEEN 3126312 AND 3126321
	Index Scan using sbtest1_pkey on sbtest1  (cost=0.43..37.06 rows=9 width=121)
	  Index Cond: ((id >= 3126312) AND (id <= 3126321))

table 2 : explain SELECT c FROM sbtest2 WHERE id BETWEEN 8755575 AND 8755584
	Index Scan using sbtest2_pkey on sbtest2  (cost=0.43..44.15 rows=11 width=121)
	  Index Cond: ((id >= 8755575) AND (id <= 8755584))

table 3 : explain SELECT c FROM sbtest3 WHERE id BETWEEN 1816234 AND 1816243
	Index Scan using sbtest3_pkey on sbtest3  (cost=0.43..40.48 rows=10 width=121)
	  Index Cond: ((id >= 1816234) AND (id <= 1816243))

table 4 : explain SELECT c FROM sbtest4 WHERE id BETWEEN 598277 AND 598286
	Index Scan using sbtest4_pkey on sbtest4  (cost=0.43..40.27 rows=10 width=121)
	  Index Cond: ((id >= 598277) AND (id <= 598286))

table 5 : explain SELECT c FROM sbtest5 WHERE id BETWEEN 7551280 AND 7551289
	Index Scan using sbtest5_pkey on sbtest5  (cost=0.43..44.19 rows=11 width=121)
	  Index Cond: ((id >= 7551280) AND (id <= 7551289))

table 6 : explain SELECT c FROM sbtest6 WHERE id BETWEEN 9788274 AND 9788283
	Index Scan using sbtest6_pkey on sbtest6  (cost=0.43..36.84 rows=9 width=121)
	  Index Cond: ((id >= 9788274) AND (id <= 9788283))

table 7 : explain SELECT c FROM sbtest7 WHERE id BETWEEN 4304642 AND 4304651
	Index Scan using sbtest7_pkey on sbtest7  (cost=0.43..36.76 rows=9 width=121)
	  Index Cond: ((id >= 4304642) AND (id <= 4304651))

table 8 : explain SELECT c FROM sbtest8 WHERE id BETWEEN 7654443 AND 7654452
	Index Scan using sbtest8_pkey on sbtest8  (cost=0.43..40.34 rows=10 width=121)
	  Index Cond: ((id >= 7654443) AND (id <= 7654452))

for: sum_ranges
table 1 : explain SELECT SUM(k) FROM sbtest1 WHERE id BETWEEN 4218968 AND 4218977
	Aggregate  (cost=44.23..44.24 rows=1 width=8)
	  ->  Index Scan using sbtest1_pkey on sbtest1  (cost=0.43..44.21 rows=11 width=4)
	        Index Cond: ((id >= 4218968) AND (id <= 4218977))

table 2 : explain SELECT SUM(k) FROM sbtest2 WHERE id BETWEEN 9903743 AND 9903752
	Aggregate  (cost=40.60..40.61 rows=1 width=8)
	  ->  Index Scan using sbtest2_pkey on sbtest2  (cost=0.43..40.58 rows=10 width=4)
	        Index Cond: ((id >= 9903743) AND (id <= 9903752))

table 3 : explain SELECT SUM(k) FROM sbtest3 WHERE id BETWEEN 7371034 AND 7371043
	Aggregate  (cost=36.94..36.95 rows=1 width=8)
	  ->  Index Scan using sbtest3_pkey on sbtest3  (cost=0.43..36.92 rows=9 width=4)
	        Index Cond: ((id >= 7371034) AND (id <= 7371043))

table 4 : explain SELECT SUM(k) FROM sbtest4 WHERE id BETWEEN 3095744 AND 3095753
	Aggregate  (cost=43.83..43.84 rows=1 width=8)
	  ->  Index Scan using sbtest4_pkey on sbtest4  (cost=0.43..43.80 rows=11 width=4)
	        Index Cond: ((id >= 3095744) AND (id <= 3095753))

table 5 : explain SELECT SUM(k) FROM sbtest5 WHERE id BETWEEN 70310 AND 70319
	Aggregate  (cost=40.64..40.65 rows=1 width=8)
	  ->  Index Scan using sbtest5_pkey on sbtest5  (cost=0.43..40.62 rows=10 width=4)
	        Index Cond: ((id >= 70310) AND (id <= 70319))

table 6 : explain SELECT SUM(k) FROM sbtest6 WHERE id BETWEEN 928916 AND 928925
	Aggregate  (cost=36.86..36.87 rows=1 width=8)
	  ->  Index Scan using sbtest6_pkey on sbtest6  (cost=0.43..36.84 rows=9 width=4)
	        Index Cond: ((id >= 928916) AND (id <= 928925))

table 7 : explain SELECT SUM(k) FROM sbtest7 WHERE id BETWEEN 6418819 AND 6418828
	Aggregate  (cost=40.33..40.34 rows=1 width=8)
	  ->  Index Scan using sbtest7_pkey on sbtest7  (cost=0.43..40.30 rows=10 width=4)
	        Index Cond: ((id >= 6418819) AND (id <= 6418828))

table 8 : explain SELECT SUM(k) FROM sbtest8 WHERE id BETWEEN 6555727 AND 6555736
	Aggregate  (cost=40.37..40.38 rows=1 width=8)
	  ->  Index Scan using sbtest8_pkey on sbtest8  (cost=0.43..40.34 rows=10 width=4)
	        Index Cond: ((id >= 6555727) AND (id <= 6555736))

explain: for point_selects :: explain SELECT c FROM sbtest%u WHERE id=%u
for non_index_updates
table 1 : explain UPDATE sbtest1 SET c='foobar' WHERE id=5589585
	Update on sbtest1  (cost=0.43..8.45 rows=0 width=0)
	  ->  Index Scan using sbtest1_pkey on sbtest1  (cost=0.43..8.45 rows=1 width=490)
	        Index Cond: (id = 5589585)

table 2 : explain UPDATE sbtest2 SET c='foobar' WHERE id=3840304
	Update on sbtest2  (cost=0.43..8.45 rows=0 width=0)
	  ->  Index Scan using sbtest2_pkey on sbtest2  (cost=0.43..8.45 rows=1 width=490)
	        Index Cond: (id = 3840304)

table 3 : explain UPDATE sbtest3 SET c='foobar' WHERE id=6322799
	Update on sbtest3  (cost=0.43..8.45 rows=0 width=0)
	  ->  Index Scan using sbtest3_pkey on sbtest3  (cost=0.43..8.45 rows=1 width=490)
	        Index Cond: (id = 6322799)

table 4 : explain UPDATE sbtest4 SET c='foobar' WHERE id=3888853
	Update on sbtest4  (cost=0.43..8.45 rows=0 width=0)
	  ->  Index Scan using sbtest4_pkey on sbtest4  (cost=0.43..8.45 rows=1 width=490)
	        Index Cond: (id = 3888853)

table 5 : explain UPDATE sbtest5 SET c='foobar' WHERE id=794394
	Update on sbtest5  (cost=0.43..8.45 rows=0 width=0)
	  ->  Index Scan using sbtest5_pkey on sbtest5  (cost=0.43..8.45 rows=1 width=490)
	        Index Cond: (id = 794394)

table 6 : explain UPDATE sbtest6 SET c='foobar' WHERE id=1499735
	Update on sbtest6  (cost=0.43..8.45 rows=0 width=0)
	  ->  Index Scan using sbtest6_pkey on sbtest6  (cost=0.43..8.45 rows=1 width=490)
	        Index Cond: (id = 1499735)

table 7 : explain UPDATE sbtest7 SET c='foobar' WHERE id=5526856
	Update on sbtest7  (cost=0.43..8.45 rows=0 width=0)
	  ->  Index Scan using sbtest7_pkey on sbtest7  (cost=0.43..8.45 rows=1 width=490)
	        Index Cond: (id = 5526856)

table 8 : explain UPDATE sbtest8 SET c='foobar' WHERE id=5675423
	Update on sbtest8  (cost=0.43..8.45 rows=0 width=0)
	  ->  Index Scan using sbtest8_pkey on sbtest8  (cost=0.43..8.45 rows=1 width=490)
	        Index Cond: (id = 5675423)

explain: for point_selects :: explain SELECT c FROM sbtest%u WHERE id=%u
for: order_ranges
table 1 : explain SELECT c FROM sbtest1 WHERE id BETWEEN 5621350 AND 5621359 ORDER BY c
	Sort  (cost=40.80..40.82 rows=10 width=121)
	  Sort Key: c
	  ->  Index Scan using sbtest1_pkey on sbtest1  (cost=0.43..40.63 rows=10 width=121)
	        Index Cond: ((id >= 5621350) AND (id <= 5621359))

table 2 : explain SELECT c FROM sbtest2 WHERE id BETWEEN 4502332 AND 4502341 ORDER BY c
	Sort  (cost=40.74..40.77 rows=10 width=121)
	  Sort Key: c
	  ->  Index Scan using sbtest2_pkey on sbtest2  (cost=0.43..40.58 rows=10 width=121)
	        Index Cond: ((id >= 4502332) AND (id <= 4502341))

table 3 : explain SELECT c FROM sbtest3 WHERE id BETWEEN 9318801 AND 9318810 ORDER BY c
	Sort  (cost=40.64..40.67 rows=10 width=121)
	  Sort Key: c
	  ->  Index Scan using sbtest3_pkey on sbtest3  (cost=0.43..40.48 rows=10 width=121)
	        Index Cond: ((id >= 9318801) AND (id <= 9318810))

table 4 : explain SELECT c FROM sbtest4 WHERE id BETWEEN 6081938 AND 6081947 ORDER BY c
	Sort  (cost=36.87..36.90 rows=9 width=121)
	  Sort Key: c
	  ->  Index Scan using sbtest4_pkey on sbtest4  (cost=0.43..36.73 rows=9 width=121)
	        Index Cond: ((id >= 6081938) AND (id <= 6081947))

table 5 : explain SELECT c FROM sbtest5 WHERE id BETWEEN 4870650 AND 4870659 ORDER BY c
	Sort  (cost=40.78..40.81 rows=10 width=121)
	  Sort Key: c
	  ->  Index Scan using sbtest5_pkey on sbtest5  (cost=0.43..40.62 rows=10 width=121)
	        Index Cond: ((id >= 4870650) AND (id <= 4870659))

table 6 : explain SELECT c FROM sbtest6 WHERE id BETWEEN 6400244 AND 6400253 ORDER BY c
	Sort  (cost=40.55..40.58 rows=10 width=121)
	  Sort Key: c
	  ->  Index Scan using sbtest6_pkey on sbtest6  (cost=0.43..40.39 rows=10 width=121)
	        Index Cond: ((id >= 6400244) AND (id <= 6400253))

table 7 : explain SELECT c FROM sbtest7 WHERE id BETWEEN 1077831 AND 1077840 ORDER BY c
	Sort  (cost=40.47..40.49 rows=10 width=121)
	  Sort Key: c
	  ->  Index Scan using sbtest7_pkey on sbtest7  (cost=0.43..40.30 rows=10 width=121)
	        Index Cond: ((id >= 1077831) AND (id <= 1077840))

table 8 : explain SELECT c FROM sbtest8 WHERE id BETWEEN 4056219 AND 4056228 ORDER BY c
	Sort  (cost=40.51..40.53 rows=10 width=121)
	  Sort Key: c
	  ->  Index Scan using sbtest8_pkey on sbtest8  (cost=0.43..40.34 rows=10 width=121)
	        Index Cond: ((id >= 4056219) AND (id <= 4056228))

for: order_ranges
table 1 : explain SELECT c FROM sbtest1 WHERE id BETWEEN 4883669 AND 4883678 ORDER BY c
	Sort  (cost=40.80..40.82 rows=10 width=121)
	  Sort Key: c
	  ->  Index Scan using sbtest1_pkey on sbtest1  (cost=0.43..40.63 rows=10 width=121)
	        Index Cond: ((id >= 4883669) AND (id <= 4883678))

table 2 : explain SELECT c FROM sbtest2 WHERE id BETWEEN 1793385 AND 1793394 ORDER BY c
	Sort  (cost=40.74..40.77 rows=10 width=121)
	  Sort Key: c
	  ->  Index Scan using sbtest2_pkey on sbtest2  (cost=0.43..40.58 rows=10 width=121)
	        Index Cond: ((id >= 1793385) AND (id <= 1793394))

table 3 : explain SELECT c FROM sbtest3 WHERE id BETWEEN 7141769 AND 7141778 ORDER BY c
	Sort  (cost=40.64..40.67 rows=10 width=121)
	  Sort Key: c
	  ->  Index Scan using sbtest3_pkey on sbtest3  (cost=0.43..40.48 rows=10 width=121)
	        Index Cond: ((id >= 7141769) AND (id <= 7141778))

table 4 : explain SELECT c FROM sbtest4 WHERE id BETWEEN 2035632 AND 2035641 ORDER BY c
	Sort  (cost=40.43..40.46 rows=10 width=121)
	  Sort Key: c
	  ->  Index Scan using sbtest4_pkey on sbtest4  (cost=0.43..40.27 rows=10 width=121)
	        Index Cond: ((id >= 2035632) AND (id <= 2035641))

table 5 : explain SELECT c FROM sbtest5 WHERE id BETWEEN 7374711 AND 7374720 ORDER BY c
	Sort  (cost=40.78..40.81 rows=10 width=121)
	  Sort Key: c
	  ->  Index Scan using sbtest5_pkey on sbtest5  (cost=0.43..40.62 rows=10 width=121)
	        Index Cond: ((id >= 7374711) AND (id <= 7374720))

table 6 : explain SELECT c FROM sbtest6 WHERE id BETWEEN 4567433 AND 4567442 ORDER BY c
	Sort  (cost=40.55..40.58 rows=10 width=121)
	  Sort Key: c
	  ->  Index Scan using sbtest6_pkey on sbtest6  (cost=0.43..40.39 rows=10 width=121)
	        Index Cond: ((id >= 4567433) AND (id <= 4567442))

table 7 : explain SELECT c FROM sbtest7 WHERE id BETWEEN 9286630 AND 9286639 ORDER BY c
	Sort  (cost=40.47..40.49 rows=10 width=121)
	  Sort Key: c
	  ->  Index Scan using sbtest7_pkey on sbtest7  (cost=0.43..40.30 rows=10 width=121)
	        Index Cond: ((id >= 9286630) AND (id <= 9286639))

table 8 : explain SELECT c FROM sbtest8 WHERE id BETWEEN 2540060 AND 2540069 ORDER BY c
	Sort  (cost=40.51..40.53 rows=10 width=121)
	  Sort Key: c
	  ->  Index Scan using sbtest8_pkey on sbtest8  (cost=0.43..40.34 rows=10 width=121)
	        Index Cond: ((id >= 2540060) AND (id <= 2540069))

for non_index_updates
table 1 : explain UPDATE sbtest1 SET c='foobar' WHERE id=9646616
	Update on sbtest1  (cost=0.43..8.45 rows=0 width=0)
	  ->  Index Scan using sbtest1_pkey on sbtest1  (cost=0.43..8.45 rows=1 width=490)
	        Index Cond: (id = 9646616)

table 2 : explain UPDATE sbtest2 SET c='foobar' WHERE id=382632
	Update on sbtest2  (cost=0.43..8.45 rows=0 width=0)
	  ->  Index Scan using sbtest2_pkey on sbtest2  (cost=0.43..8.45 rows=1 width=490)
	        Index Cond: (id = 382632)

table 3 : explain UPDATE sbtest3 SET c='foobar' WHERE id=4207808
	Update on sbtest3  (cost=0.43..8.45 rows=0 width=0)
	  ->  Index Scan using sbtest3_pkey on sbtest3  (cost=0.43..8.45 rows=1 width=490)
	        Index Cond: (id = 4207808)

table 4 : explain UPDATE sbtest4 SET c='foobar' WHERE id=5622431
	Update on sbtest4  (cost=0.43..8.45 rows=0 width=0)
	  ->  Index Scan using sbtest4_pkey on sbtest4  (cost=0.43..8.45 rows=1 width=490)
	        Index Cond: (id = 5622431)

table 5 : explain UPDATE sbtest5 SET c='foobar' WHERE id=3049080
	Update on sbtest5  (cost=0.43..8.45 rows=0 width=0)
	  ->  Index Scan using sbtest5_pkey on sbtest5  (cost=0.43..8.45 rows=1 width=490)
	        Index Cond: (id = 3049080)

table 6 : explain UPDATE sbtest6 SET c='foobar' WHERE id=2031831
	Update on sbtest6  (cost=0.43..8.45 rows=0 width=0)
	  ->  Index Scan using sbtest6_pkey on sbtest6  (cost=0.43..8.45 rows=1 width=490)
	        Index Cond: (id = 2031831)

table 7 : explain UPDATE sbtest7 SET c='foobar' WHERE id=2005779
	Update on sbtest7  (cost=0.43..8.45 rows=0 width=0)
	  ->  Index Scan using sbtest7_pkey on sbtest7  (cost=0.43..8.45 rows=1 width=490)
	        Index Cond: (id = 2005779)

table 8 : explain UPDATE sbtest8 SET c='foobar' WHERE id=1946238
	Update on sbtest8  (cost=0.43..8.45 rows=0 width=0)
	  ->  Index Scan using sbtest8_pkey on sbtest8  (cost=0.43..8.45 rows=1 width=490)
	        Index Cond: (id = 1946238)

explain: for deletes :: explain DELETE FROM sbtest%u WHERE id=%u
for index_updates
table 1 : explain UPDATE sbtest1 SET k=k+1 WHERE id=6984585
	Update on sbtest1  (cost=0.43..8.46 rows=0 width=0)
	  ->  Index Scan using sbtest1_pkey on sbtest1  (cost=0.43..8.46 rows=1 width=10)
	        Index Cond: (id = 6984585)

table 2 : explain UPDATE sbtest2 SET k=k+1 WHERE id=6042611
	Update on sbtest2  (cost=0.43..8.46 rows=0 width=0)
	  ->  Index Scan using sbtest2_pkey on sbtest2  (cost=0.43..8.46 rows=1 width=10)
	        Index Cond: (id = 6042611)

table 3 : explain UPDATE sbtest3 SET k=k+1 WHERE id=3235166
	Update on sbtest3  (cost=0.43..8.46 rows=0 width=0)
	  ->  Index Scan using sbtest3_pkey on sbtest3  (cost=0.43..8.46 rows=1 width=10)
	        Index Cond: (id = 3235166)

table 4 : explain UPDATE sbtest4 SET k=k+1 WHERE id=5202987
	Update on sbtest4  (cost=0.43..8.46 rows=0 width=0)
	  ->  Index Scan using sbtest4_pkey on sbtest4  (cost=0.43..8.46 rows=1 width=10)
	        Index Cond: (id = 5202987)

table 5 : explain UPDATE sbtest5 SET k=k+1 WHERE id=4256785
	Update on sbtest5  (cost=0.43..8.46 rows=0 width=0)
	  ->  Index Scan using sbtest5_pkey on sbtest5  (cost=0.43..8.46 rows=1 width=10)
	        Index Cond: (id = 4256785)

table 6 : explain UPDATE sbtest6 SET k=k+1 WHERE id=5834833
	Update on sbtest6  (cost=0.43..8.46 rows=0 width=0)
	  ->  Index Scan using sbtest6_pkey on sbtest6  (cost=0.43..8.46 rows=1 width=10)
	        Index Cond: (id = 5834833)

table 7 : explain UPDATE sbtest7 SET k=k+1 WHERE id=7177959
	Update on sbtest7  (cost=0.43..8.46 rows=0 width=0)
	  ->  Index Scan using sbtest7_pkey on sbtest7  (cost=0.43..8.46 rows=1 width=10)
	        Index Cond: (id = 7177959)

table 8 : explain UPDATE sbtest8 SET k=k+1 WHERE id=6474519
	Update on sbtest8  (cost=0.43..8.46 rows=0 width=0)
	  ->  Index Scan using sbtest8_pkey on sbtest8  (cost=0.43..8.46 rows=1 width=10)
	        Index Cond: (id = 6474519)

explain: for non_index_updates :: explain UPDATE sbtest%u SET c='foobar' WHERE id=%u
for: simple_ranges
table 1 : explain SELECT c FROM sbtest1 WHERE id BETWEEN 9133250 AND 9133259
	Index Scan using sbtest1_pkey on sbtest1  (cost=0.43..37.06 rows=9 width=121)
	  Index Cond: ((id >= 9133250) AND (id <= 9133259))

table 2 : explain SELECT c FROM sbtest2 WHERE id BETWEEN 5785826 AND 5785835
	Index Scan using sbtest2_pkey on sbtest2  (cost=0.43..37.01 rows=9 width=121)
	  Index Cond: ((id >= 5785826) AND (id <= 5785835))

table 3 : explain SELECT c FROM sbtest3 WHERE id BETWEEN 9372356 AND 9372365
	Index Scan using sbtest3_pkey on sbtest3  (cost=0.43..40.48 rows=10 width=121)
	  Index Cond: ((id >= 9372356) AND (id <= 9372365))

table 4 : explain SELECT c FROM sbtest4 WHERE id BETWEEN 1533653 AND 1533662
	Index Scan using sbtest4_pkey on sbtest4  (cost=0.43..40.27 rows=10 width=121)
	  Index Cond: ((id >= 1533653) AND (id <= 1533662))

table 5 : explain SELECT c FROM sbtest5 WHERE id BETWEEN 4830774 AND 4830783
	Index Scan using sbtest5_pkey on sbtest5  (cost=0.43..40.62 rows=10 width=121)
	  Index Cond: ((id >= 4830774) AND (id <= 4830783))

table 6 : explain SELECT c FROM sbtest6 WHERE id BETWEEN 5248035 AND 5248044
	Index Scan using sbtest6_pkey on sbtest6  (cost=0.43..40.39 rows=10 width=121)
	  Index Cond: ((id >= 5248035) AND (id <= 5248044))

table 7 : explain SELECT c FROM sbtest7 WHERE id BETWEEN 728398 AND 728407
	Index Scan using sbtest7_pkey on sbtest7  (cost=0.43..43.84 rows=11 width=121)
	  Index Cond: ((id >= 728398) AND (id <= 728407))

table 8 : explain SELECT c FROM sbtest8 WHERE id BETWEEN 5643404 AND 5643413
	Index Scan using sbtest8_pkey on sbtest8  (cost=0.43..40.34 rows=10 width=121)
	  Index Cond: ((id >= 5643404) AND (id <= 5643413))

for: order_ranges
table 1 : explain SELECT c FROM sbtest1 WHERE id BETWEEN 1356937 AND 1356946 ORDER BY c
	Sort  (cost=40.80..40.82 rows=10 width=121)
	  Sort Key: c
	  ->  Index Scan using sbtest1_pkey on sbtest1  (cost=0.43..40.63 rows=10 width=121)
	        Index Cond: ((id >= 1356937) AND (id <= 1356946))

table 2 : explain SELECT c FROM sbtest2 WHERE id BETWEEN 8262152 AND 8262161 ORDER BY c
	Sort  (cost=40.74..40.77 rows=10 width=121)
	  Sort Key: c
	  ->  Index Scan using sbtest2_pkey on sbtest2  (cost=0.43..40.58 rows=10 width=121)
	        Index Cond: ((id >= 8262152) AND (id <= 8262161))

table 3 : explain SELECT c FROM sbtest3 WHERE id BETWEEN 1459740 AND 1459749 ORDER BY c
	Sort  (cost=37.06..37.08 rows=9 width=121)
	  Sort Key: c
	  ->  Index Scan using sbtest3_pkey on sbtest3  (cost=0.43..36.92 rows=9 width=121)
	        Index Cond: ((id >= 1459740) AND (id <= 1459749))

table 4 : explain SELECT c FROM sbtest4 WHERE id BETWEEN 572100 AND 572109 ORDER BY c
	Sort  (cost=40.43..40.46 rows=10 width=121)
	  Sort Key: c
	  ->  Index Scan using sbtest4_pkey on sbtest4  (cost=0.43..40.27 rows=10 width=121)
	        Index Cond: ((id >= 572100) AND (id <= 572109))

table 5 : explain SELECT c FROM sbtest5 WHERE id BETWEEN 2060041 AND 2060050 ORDER BY c
	Sort  (cost=40.78..40.81 rows=10 width=121)
	  Sort Key: c
	  ->  Index Scan using sbtest5_pkey on sbtest5  (cost=0.43..40.62 rows=10 width=121)
	        Index Cond: ((id >= 2060041) AND (id <= 2060050))

table 6 : explain SELECT c FROM sbtest6 WHERE id BETWEEN 3612263 AND 3612272 ORDER BY c
	Sort  (cost=40.55..40.58 rows=10 width=121)
	  Sort Key: c
	  ->  Index Scan using sbtest6_pkey on sbtest6  (cost=0.43..40.39 rows=10 width=121)
	        Index Cond: ((id >= 3612263) AND (id <= 3612272))

table 7 : explain SELECT c FROM sbtest7 WHERE id BETWEEN 752014 AND 752023 ORDER BY c
	Sort  (cost=44.03..44.06 rows=11 width=121)
	  Sort Key: c
	  ->  Index Scan using sbtest7_pkey on sbtest7  (cost=0.43..43.84 rows=11 width=121)
	        Index Cond: ((id >= 752014) AND (id <= 752023))

table 8 : explain SELECT c FROM sbtest8 WHERE id BETWEEN 3297286 AND 3297295 ORDER BY c
	Sort  (cost=40.51..40.53 rows=10 width=121)
	  Sort Key: c
	  ->  Index Scan using sbtest8_pkey on sbtest8  (cost=0.43..40.34 rows=10 width=121)
	        Index Cond: ((id >= 3297286) AND (id <= 3297295))

explain: for non_index_updates :: explain UPDATE sbtest%u SET c='foobar' WHERE id=%u
for: order_ranges
table 1 : explain SELECT c FROM sbtest1 WHERE id BETWEEN 980990 AND 980999 ORDER BY c
	Sort  (cost=37.20..37.22 rows=9 width=121)
	  Sort Key: c
	  ->  Index Scan using sbtest1_pkey on sbtest1  (cost=0.43..37.06 rows=9 width=121)
	        Index Cond: ((id >= 980990) AND (id <= 980999))

table 2 : explain SELECT c FROM sbtest2 WHERE id BETWEEN 1674812 AND 1674821 ORDER BY c
	Sort  (cost=40.74..40.77 rows=10 width=121)
	  Sort Key: c
	  ->  Index Scan using sbtest2_pkey on sbtest2  (cost=0.43..40.58 rows=10 width=121)
	        Index Cond: ((id >= 1674812) AND (id <= 1674821))

table 3 : explain SELECT c FROM sbtest3 WHERE id BETWEEN 565501 AND 565510 ORDER BY c
	Sort  (cost=40.64..40.67 rows=10 width=121)
	  Sort Key: c
	  ->  Index Scan using sbtest3_pkey on sbtest3  (cost=0.43..40.48 rows=10 width=121)
	        Index Cond: ((id >= 565501) AND (id <= 565510))

table 4 : explain SELECT c FROM sbtest4 WHERE id BETWEEN 3252994 AND 3253003 ORDER BY c
	Sort  (cost=36.87..36.90 rows=9 width=121)
	  Sort Key: c
	  ->  Index Scan using sbtest4_pkey on sbtest4  (cost=0.43..36.73 rows=9 width=121)
	        Index Cond: ((id >= 3252994) AND (id <= 3253003))

table 5 : explain SELECT c FROM sbtest5 WHERE id BETWEEN 8209633 AND 8209642 ORDER BY c
	Sort  (cost=40.78..40.81 rows=10 width=121)
	  Sort Key: c
	  ->  Index Scan using sbtest5_pkey on sbtest5  (cost=0.43..40.62 rows=10 width=121)
	        Index Cond: ((id >= 8209633) AND (id <= 8209642))

table 6 : explain SELECT c FROM sbtest6 WHERE id BETWEEN 1062726 AND 1062735 ORDER BY c
	Sort  (cost=36.98..37.00 rows=9 width=121)
	  Sort Key: c
	  ->  Index Scan using sbtest6_pkey on sbtest6  (cost=0.43..36.84 rows=9 width=121)
	        Index Cond: ((id >= 1062726) AND (id <= 1062735))

table 7 : explain SELECT c FROM sbtest7 WHERE id BETWEEN 2336115 AND 2336124 ORDER BY c
	Sort  (cost=44.03..44.06 rows=11 width=121)
	  Sort Key: c
	  ->  Index Scan using sbtest7_pkey on sbtest7  (cost=0.43..43.84 rows=11 width=121)
	        Index Cond: ((id >= 2336115) AND (id <= 2336124))

table 8 : explain SELECT c FROM sbtest8 WHERE id BETWEEN 2978509 AND 2978518 ORDER BY c
	Sort  (cost=36.94..36.96 rows=9 width=121)
	  Sort Key: c
	  ->  Index Scan using sbtest8_pkey on sbtest8  (cost=0.43..36.80 rows=9 width=121)
	        Index Cond: ((id >= 2978509) AND (id <= 2978518))

for deletes
table 1 : explain DELETE FROM sbtest1 WHERE id=8803137
	Delete on sbtest1  (cost=0.43..8.45 rows=0 width=0)
	  ->  Index Scan using sbtest1_pkey on sbtest1  (cost=0.43..8.45 rows=1 width=6)
	        Index Cond: (id = 8803137)

table 2 : explain DELETE FROM sbtest2 WHERE id=9387574
	Delete on sbtest2  (cost=0.43..8.45 rows=0 width=0)
	  ->  Index Scan using sbtest2_pkey on sbtest2  (cost=0.43..8.45 rows=1 width=6)
	        Index Cond: (id = 9387574)

table 3 : explain DELETE FROM sbtest3 WHERE id=5145683
	Delete on sbtest3  (cost=0.43..8.45 rows=0 width=0)
	  ->  Index Scan using sbtest3_pkey on sbtest3  (cost=0.43..8.45 rows=1 width=6)
	        Index Cond: (id = 5145683)

table 4 : explain DELETE FROM sbtest4 WHERE id=3855740
	Delete on sbtest4  (cost=0.43..8.45 rows=0 width=0)
	  ->  Index Scan using sbtest4_pkey on sbtest4  (cost=0.43..8.45 rows=1 width=6)
	        Index Cond: (id = 3855740)

table 5 : explain DELETE FROM sbtest5 WHERE id=9414434
	Delete on sbtest5  (cost=0.43..8.45 rows=0 width=0)
	  ->  Index Scan using sbtest5_pkey on sbtest5  (cost=0.43..8.45 rows=1 width=6)
	        Index Cond: (id = 9414434)

table 6 : explain DELETE FROM sbtest6 WHERE id=342977
	Delete on sbtest6  (cost=0.43..8.45 rows=0 width=0)
	  ->  Index Scan using sbtest6_pkey on sbtest6  (cost=0.43..8.45 rows=1 width=6)
	        Index Cond: (id = 342977)

table 7 : explain DELETE FROM sbtest7 WHERE id=6761025
	Delete on sbtest7  (cost=0.43..8.45 rows=0 width=0)
	  ->  Index Scan using sbtest7_pkey on sbtest7  (cost=0.43..8.45 rows=1 width=6)
	        Index Cond: (id = 6761025)

table 8 : explain DELETE FROM sbtest8 WHERE id=5572558
	Delete on sbtest8  (cost=0.43..8.45 rows=0 width=0)
	  ->  Index Scan using sbtest8_pkey on sbtest8  (cost=0.43..8.45 rows=1 width=6)
	        Index Cond: (id = 5572558)

for: sum_ranges
table 1 : explain SELECT SUM(k) FROM sbtest1 WHERE id BETWEEN 9746153 AND 9746162
	Aggregate  (cost=40.66..40.67 rows=1 width=8)
	  ->  Index Scan using sbtest1_pkey on sbtest1  (cost=0.43..40.63 rows=10 width=4)
	        Index Cond: ((id >= 9746153) AND (id <= 9746162))

table 2 : explain SELECT SUM(k) FROM sbtest2 WHERE id BETWEEN 4451565 AND 4451574
	Aggregate  (cost=40.60..40.61 rows=1 width=8)
	  ->  Index Scan using sbtest2_pkey on sbtest2  (cost=0.43..40.58 rows=10 width=4)
	        Index Cond: ((id >= 4451565) AND (id <= 4451574))

table 3 : explain SELECT SUM(k) FROM sbtest3 WHERE id BETWEEN 8486098 AND 8486107
	Aggregate  (cost=44.06..44.07 rows=1 width=8)
	  ->  Index Scan using sbtest3_pkey on sbtest3  (cost=0.43..44.03 rows=11 width=4)
	        Index Cond: ((id >= 8486098) AND (id <= 8486107))

table 4 : explain SELECT SUM(k) FROM sbtest4 WHERE id BETWEEN 2999728 AND 2999737
	Aggregate  (cost=36.75..36.76 rows=1 width=8)
	  ->  Index Scan using sbtest4_pkey on sbtest4  (cost=0.43..36.73 rows=9 width=4)
	        Index Cond: ((id >= 2999728) AND (id <= 2999737))

table 5 : explain SELECT SUM(k) FROM sbtest5 WHERE id BETWEEN 8446990 AND 8446999
	Aggregate  (cost=40.64..40.65 rows=1 width=8)
	  ->  Index Scan using sbtest5_pkey on sbtest5  (cost=0.43..40.62 rows=10 width=4)
	        Index Cond: ((id >= 8446990) AND (id <= 8446999))

table 6 : explain SELECT SUM(k) FROM sbtest6 WHERE id BETWEEN 6155935 AND 6155944
	Aggregate  (cost=40.41..40.42 rows=1 width=8)
	  ->  Index Scan using sbtest6_pkey on sbtest6  (cost=0.43..40.39 rows=10 width=4)
	        Index Cond: ((id >= 6155935) AND (id <= 6155944))

table 7 : explain SELECT SUM(k) FROM sbtest7 WHERE id BETWEEN 3294951 AND 3294960
	Aggregate  (cost=36.79..36.80 rows=1 width=8)
	  ->  Index Scan using sbtest7_pkey on sbtest7  (cost=0.43..36.76 rows=9 width=4)
	        Index Cond: ((id >= 3294951) AND (id <= 3294960))

table 8 : explain SELECT SUM(k) FROM sbtest8 WHERE id BETWEEN 1036022 AND 1036031
	Aggregate  (cost=40.37..40.38 rows=1 width=8)
	  ->  Index Scan using sbtest8_pkey on sbtest8  (cost=0.43..40.34 rows=10 width=4)
	        Index Cond: ((id >= 1036022) AND (id <= 1036031))

for: sum_ranges
table 1 : explain SELECT SUM(k) FROM sbtest1 WHERE id BETWEEN 2124323 AND 2124332
	Aggregate  (cost=40.66..40.67 rows=1 width=8)
	  ->  Index Scan using sbtest1_pkey on sbtest1  (cost=0.43..40.63 rows=10 width=4)
	        Index Cond: ((id >= 2124323) AND (id <= 2124332))

table 2 : explain SELECT SUM(k) FROM sbtest2 WHERE id BETWEEN 2450003 AND 2450012
	Aggregate  (cost=37.03..37.04 rows=1 width=8)
	  ->  Index Scan using sbtest2_pkey on sbtest2  (cost=0.43..37.01 rows=9 width=4)
	        Index Cond: ((id >= 2450003) AND (id <= 2450012))

table 3 : explain SELECT SUM(k) FROM sbtest3 WHERE id BETWEEN 6094101 AND 6094110
	Aggregate  (cost=40.50..40.51 rows=1 width=8)
	  ->  Index Scan using sbtest3_pkey on sbtest3  (cost=0.43..40.48 rows=10 width=4)
	        Index Cond: ((id >= 6094101) AND (id <= 6094110))

table 4 : explain SELECT SUM(k) FROM sbtest4 WHERE id BETWEEN 7525766 AND 7525775
	Aggregate  (cost=40.29..40.30 rows=1 width=8)
	  ->  Index Scan using sbtest4_pkey on sbtest4  (cost=0.43..40.27 rows=10 width=4)
	        Index Cond: ((id >= 7525766) AND (id <= 7525775))

table 5 : explain SELECT SUM(k) FROM sbtest5 WHERE id BETWEEN 492166 AND 492175
	Aggregate  (cost=40.64..40.65 rows=1 width=8)
	  ->  Index Scan using sbtest5_pkey on sbtest5  (cost=0.43..40.62 rows=10 width=4)
	        Index Cond: ((id >= 492166) AND (id <= 492175))

table 6 : explain SELECT SUM(k) FROM sbtest6 WHERE id BETWEEN 3800770 AND 3800779
	Aggregate  (cost=40.41..40.42 rows=1 width=8)
	  ->  Index Scan using sbtest6_pkey on sbtest6  (cost=0.43..40.39 rows=10 width=4)
	        Index Cond: ((id >= 3800770) AND (id <= 3800779))

table 7 : explain SELECT SUM(k) FROM sbtest7 WHERE id BETWEEN 8484526 AND 8484535
	Aggregate  (cost=40.33..40.34 rows=1 width=8)
	  ->  Index Scan using sbtest7_pkey on sbtest7  (cost=0.43..40.30 rows=10 width=4)
	        Index Cond: ((id >= 8484526) AND (id <= 8484535))

table 8 : explain SELECT SUM(k) FROM sbtest8 WHERE id BETWEEN 4702449 AND 4702458
	Aggregate  (cost=43.91..43.92 rows=1 width=8)
	  ->  Index Scan using sbtest8_pkey on sbtest8  (cost=0.43..43.89 rows=11 width=4)
	        Index Cond: ((id >= 4702449) AND (id <= 4702458))

for: order_ranges
table 1 : explain SELECT c FROM sbtest1 WHERE id BETWEEN 6225432 AND 6225441 ORDER BY c
	Sort  (cost=40.80..40.82 rows=10 width=121)
	  Sort Key: c
	  ->  Index Scan using sbtest1_pkey on sbtest1  (cost=0.43..40.63 rows=10 width=121)
	        Index Cond: ((id >= 6225432) AND (id <= 6225441))

table 2 : explain SELECT c FROM sbtest2 WHERE id BETWEEN 7005008 AND 7005017 ORDER BY c
	Sort  (cost=37.15..37.17 rows=9 width=121)
	  Sort Key: c
	  ->  Index Scan using sbtest2_pkey on sbtest2  (cost=0.43..37.01 rows=9 width=121)
	        Index Cond: ((id >= 7005008) AND (id <= 7005017))

table 3 : explain SELECT c FROM sbtest3 WHERE id BETWEEN 1864048 AND 1864057 ORDER BY c
	Sort  (cost=40.64..40.67 rows=10 width=121)
	  Sort Key: c
	  ->  Index Scan using sbtest3_pkey on sbtest3  (cost=0.43..40.48 rows=10 width=121)
	        Index Cond: ((id >= 1864048) AND (id <= 1864057))

table 4 : explain SELECT c FROM sbtest4 WHERE id BETWEEN 1873968 AND 1873977 ORDER BY c
	Sort  (cost=40.43..40.46 rows=10 width=121)
	  Sort Key: c
	  ->  Index Scan using sbtest4_pkey on sbtest4  (cost=0.43..40.27 rows=10 width=121)
	        Index Cond: ((id >= 1873968) AND (id <= 1873977))

table 5 : explain SELECT c FROM sbtest5 WHERE id BETWEEN 6076525 AND 6076534 ORDER BY c
	Sort  (cost=40.78..40.81 rows=10 width=121)
	  Sort Key: c
	  ->  Index Scan using sbtest5_pkey on sbtest5  (cost=0.43..40.62 rows=10 width=121)
	        Index Cond: ((id >= 6076525) AND (id <= 6076534))

table 6 : explain SELECT c FROM sbtest6 WHERE id BETWEEN 2774481 AND 2774490 ORDER BY c
	Sort  (cost=40.55..40.58 rows=10 width=121)
	  Sort Key: c
	  ->  Index Scan using sbtest6_pkey on sbtest6  (cost=0.43..40.39 rows=10 width=121)
	        Index Cond: ((id >= 2774481) AND (id <= 2774490))

table 7 : explain SELECT c FROM sbtest7 WHERE id BETWEEN 7227574 AND 7227583 ORDER BY c
	Sort  (cost=44.03..44.06 rows=11 width=121)
	  Sort Key: c
	  ->  Index Scan using sbtest7_pkey on sbtest7  (cost=0.43..43.84 rows=11 width=121)
	        Index Cond: ((id >= 7227574) AND (id <= 7227583))

table 8 : explain SELECT c FROM sbtest8 WHERE id BETWEEN 8977008 AND 8977017 ORDER BY c
	Sort  (cost=40.51..40.53 rows=10 width=121)
	  Sort Key: c
	  ->  Index Scan using sbtest8_pkey on sbtest8  (cost=0.43..40.34 rows=10 width=121)
	        Index Cond: ((id >= 8977008) AND (id <= 8977017))

for: sum_ranges
table 1 : explain SELECT SUM(k) FROM sbtest1 WHERE id BETWEEN 2182858 AND 2182867
	Aggregate  (cost=40.66..40.67 rows=1 width=8)
	  ->  Index Scan using sbtest1_pkey on sbtest1  (cost=0.43..40.63 rows=10 width=4)
	        Index Cond: ((id >= 2182858) AND (id <= 2182867))

table 2 : explain SELECT SUM(k) FROM sbtest2 WHERE id BETWEEN 5034167 AND 5034176
	Aggregate  (cost=40.60..40.61 rows=1 width=8)
	  ->  Index Scan using sbtest2_pkey on sbtest2  (cost=0.43..40.58 rows=10 width=4)
	        Index Cond: ((id >= 5034167) AND (id <= 5034176))

table 3 : explain SELECT SUM(k) FROM sbtest3 WHERE id BETWEEN 8164227 AND 8164236
	Aggregate  (cost=44.06..44.07 rows=1 width=8)
	  ->  Index Scan using sbtest3_pkey on sbtest3  (cost=0.43..44.03 rows=11 width=4)
	        Index Cond: ((id >= 8164227) AND (id <= 8164236))

table 4 : explain SELECT SUM(k) FROM sbtest4 WHERE id BETWEEN 2261422 AND 2261431
	Aggregate  (cost=43.83..43.84 rows=1 width=8)
	  ->  Index Scan using sbtest4_pkey on sbtest4  (cost=0.43..43.80 rows=11 width=4)
	        Index Cond: ((id >= 2261422) AND (id <= 2261431))

table 5 : explain SELECT SUM(k) FROM sbtest5 WHERE id BETWEEN 663219 AND 663228
	Aggregate  (cost=44.22..44.23 rows=1 width=8)
	  ->  Index Scan using sbtest5_pkey on sbtest5  (cost=0.43..44.19 rows=11 width=4)
	        Index Cond: ((id >= 663219) AND (id <= 663228))

table 6 : explain SELECT SUM(k) FROM sbtest6 WHERE id BETWEEN 2714791 AND 2714800
	Aggregate  (cost=36.86..36.87 rows=1 width=8)
	  ->  Index Scan using sbtest6_pkey on sbtest6  (cost=0.43..36.84 rows=9 width=4)
	        Index Cond: ((id >= 2714791) AND (id <= 2714800))

table 7 : explain SELECT SUM(k) FROM sbtest7 WHERE id BETWEEN 7936421 AND 7936430
	Aggregate  (cost=36.79..36.80 rows=1 width=8)
	  ->  Index Scan using sbtest7_pkey on sbtest7  (cost=0.43..36.76 rows=9 width=4)
	        Index Cond: ((id >= 7936421) AND (id <= 7936430))

table 8 : explain SELECT SUM(k) FROM sbtest8 WHERE id BETWEEN 1084454 AND 1084463
	Aggregate  (cost=40.37..40.38 rows=1 width=8)
	  ->  Index Scan using sbtest8_pkey on sbtest8  (cost=0.43..40.34 rows=10 width=4)
	        Index Cond: ((id >= 1084454) AND (id <= 1084463))

for point_selects
table 1 : explain SELECT c FROM sbtest1 WHERE id=7853857
	Index Scan using sbtest1_pkey on sbtest1  (cost=0.43..8.45 rows=1 width=121)
	  Index Cond: (id = 7853857)

table 2 : explain SELECT c FROM sbtest2 WHERE id=3083159
	Index Scan using sbtest2_pkey on sbtest2  (cost=0.43..8.45 rows=1 width=121)
	  Index Cond: (id = 3083159)

table 3 : explain SELECT c FROM sbtest3 WHERE id=8248203
	Index Scan using sbtest3_pkey on sbtest3  (cost=0.43..8.45 rows=1 width=121)
	  Index Cond: (id = 8248203)

table 4 : explain SELECT c FROM sbtest4 WHERE id=1641847
	Index Scan using sbtest4_pkey on sbtest4  (cost=0.43..8.45 rows=1 width=121)
	  Index Cond: (id = 1641847)

table 5 : explain SELECT c FROM sbtest5 WHERE id=1273269
	Index Scan using sbtest5_pkey on sbtest5  (cost=0.43..8.45 rows=1 width=121)
	  Index Cond: (id = 1273269)

table 6 : explain SELECT c FROM sbtest6 WHERE id=3228765
	Index Scan using sbtest6_pkey on sbtest6  (cost=0.43..8.45 rows=1 width=121)
	  Index Cond: (id = 3228765)

table 7 : explain SELECT c FROM sbtest7 WHERE id=8944521
	Index Scan using sbtest7_pkey on sbtest7  (cost=0.43..8.45 rows=1 width=121)
	  Index Cond: (id = 8944521)

table 8 : explain SELECT c FROM sbtest8 WHERE id=6459442
	Index Scan using sbtest8_pkey on sbtest8  (cost=0.43..8.45 rows=1 width=121)
	  Index Cond: (id = 6459442)

for non_index_updates
table 1 : explain UPDATE sbtest1 SET c='foobar' WHERE id=8251060
	Update on sbtest1  (cost=0.43..8.45 rows=0 width=0)
	  ->  Index Scan using sbtest1_pkey on sbtest1  (cost=0.43..8.45 rows=1 width=490)
	        Index Cond: (id = 8251060)

table 2 : explain UPDATE sbtest2 SET c='foobar' WHERE id=5130875
	Update on sbtest2  (cost=0.43..8.45 rows=0 width=0)
	  ->  Index Scan using sbtest2_pkey on sbtest2  (cost=0.43..8.45 rows=1 width=490)
	        Index Cond: (id = 5130875)

table 3 : explain UPDATE sbtest3 SET c='foobar' WHERE id=5514328
	Update on sbtest3  (cost=0.43..8.45 rows=0 width=0)
	  ->  Index Scan using sbtest3_pkey on sbtest3  (cost=0.43..8.45 rows=1 width=490)
	        Index Cond: (id = 5514328)

table 4 : explain UPDATE sbtest4 SET c='foobar' WHERE id=8980628
	Update on sbtest4  (cost=0.43..8.45 rows=0 width=0)
	  ->  Index Scan using sbtest4_pkey on sbtest4  (cost=0.43..8.45 rows=1 width=490)
	        Index Cond: (id = 8980628)

table 5 : explain UPDATE sbtest5 SET c='foobar' WHERE id=6443787
	Update on sbtest5  (cost=0.43..8.45 rows=0 width=0)
	  ->  Index Scan using sbtest5_pkey on sbtest5  (cost=0.43..8.45 rows=1 width=490)
	        Index Cond: (id = 6443787)

table 6 : explain UPDATE sbtest6 SET c='foobar' WHERE id=4048074
	Update on sbtest6  (cost=0.43..8.45 rows=0 width=0)
	  ->  Index Scan using sbtest6_pkey on sbtest6  (cost=0.43..8.45 rows=1 width=490)
	        Index Cond: (id = 4048074)

table 7 : explain UPDATE sbtest7 SET c='foobar' WHERE id=9536384
	Update on sbtest7  (cost=0.43..8.45 rows=0 width=0)
	  ->  Index Scan using sbtest7_pkey on sbtest7  (cost=0.43..8.45 rows=1 width=490)
	        Index Cond: (id = 9536384)

table 8 : explain UPDATE sbtest8 SET c='foobar' WHERE id=3979065
	Update on sbtest8  (cost=0.43..8.45 rows=0 width=0)
	  ->  Index Scan using sbtest8_pkey on sbtest8  (cost=0.43..8.45 rows=1 width=490)
	        Index Cond: (id = 3979065)

explain: for inserts :: explain INSERT INTO sbtest%u (id, k, c, pad) VALUES (%u, 13, 'foobar', 'foobar')
for point_selects
table 1 : explain SELECT c FROM sbtest1 WHERE id=6637439
	Index Scan using sbtest1_pkey on sbtest1  (cost=0.43..8.45 rows=1 width=121)
	  Index Cond: (id = 6637439)

table 2 : explain SELECT c FROM sbtest2 WHERE id=5584304
	Index Scan using sbtest2_pkey on sbtest2  (cost=0.43..8.45 rows=1 width=121)
	  Index Cond: (id = 5584304)

table 3 : explain SELECT c FROM sbtest3 WHERE id=7084360
	Index Scan using sbtest3_pkey on sbtest3  (cost=0.43..8.45 rows=1 width=121)
	  Index Cond: (id = 7084360)

table 4 : explain SELECT c FROM sbtest4 WHERE id=4548170
	Index Scan using sbtest4_pkey on sbtest4  (cost=0.43..8.45 rows=1 width=121)
	  Index Cond: (id = 4548170)

table 5 : explain SELECT c FROM sbtest5 WHERE id=6652024
	Index Scan using sbtest5_pkey on sbtest5  (cost=0.43..8.45 rows=1 width=121)
	  Index Cond: (id = 6652024)

table 6 : explain SELECT c FROM sbtest6 WHERE id=5172561
	Index Scan using sbtest6_pkey on sbtest6  (cost=0.43..8.45 rows=1 width=121)
	  Index Cond: (id = 5172561)

table 7 : explain SELECT c FROM sbtest7 WHERE id=4336287
	Index Scan using sbtest7_pkey on sbtest7  (cost=0.43..8.45 rows=1 width=121)
	  Index Cond: (id = 4336287)

table 8 : explain SELECT c FROM sbtest8 WHERE id=5744337
	Index Scan using sbtest8_pkey on sbtest8  (cost=0.43..8.45 rows=1 width=121)
	  Index Cond: (id = 5744337)

for point_selects
table 1 : explain SELECT c FROM sbtest1 WHERE id=560396
	Index Scan using sbtest1_pkey on sbtest1  (cost=0.43..8.45 rows=1 width=121)
	  Index Cond: (id = 560396)

table 2 : explain SELECT c FROM sbtest2 WHERE id=3699621
	Index Scan using sbtest2_pkey on sbtest2  (cost=0.43..8.45 rows=1 width=121)
	  Index Cond: (id = 3699621)

table 3 : explain SELECT c FROM sbtest3 WHERE id=6440769
	Index Scan using sbtest3_pkey on sbtest3  (cost=0.43..8.45 rows=1 width=121)
	  Index Cond: (id = 6440769)

table 4 : explain SELECT c FROM sbtest4 WHERE id=3232899
	Index Scan using sbtest4_pkey on sbtest4  (cost=0.43..8.45 rows=1 width=121)
	  Index Cond: (id = 3232899)

table 5 : explain SELECT c FROM sbtest5 WHERE id=4792780
	Index Scan using sbtest5_pkey on sbtest5  (cost=0.43..8.45 rows=1 width=121)
	  Index Cond: (id = 4792780)

table 6 : explain SELECT c FROM sbtest6 WHERE id=1610132
	Index Scan using sbtest6_pkey on sbtest6  (cost=0.43..8.45 rows=1 width=121)
	  Index Cond: (id = 1610132)

table 7 : explain SELECT c FROM sbtest7 WHERE id=9129755
	Index Scan using sbtest7_pkey on sbtest7  (cost=0.43..8.45 rows=1 width=121)
	  Index Cond: (id = 9129755)

table 8 : explain SELECT c FROM sbtest8 WHERE id=3964983
	Index Scan using sbtest8_pkey on sbtest8  (cost=0.43..8.45 rows=1 width=121)
	  Index Cond: (id = 3964983)

for: distinct_ranges
table 1 : explain SELECT DISTINCT c FROM sbtest1 WHERE id BETWEEN 6957980 AND 6957989 ORDER BY c
	Unique  (cost=37.20..37.24 rows=9 width=121)
	  ->  Sort  (cost=37.20..37.22 rows=9 width=121)
	        Sort Key: c
	        ->  Index Scan using sbtest1_pkey on sbtest1  (cost=0.43..37.06 rows=9 width=121)
	              Index Cond: ((id >= 6957980) AND (id <= 6957989))

table 2 : explain SELECT DISTINCT c FROM sbtest2 WHERE id BETWEEN 1013660 AND 1013669 ORDER BY c
	Unique  (cost=40.74..40.79 rows=10 width=121)
	  ->  Sort  (cost=40.74..40.77 rows=10 width=121)
	        Sort Key: c
	        ->  Index Scan using sbtest2_pkey on sbtest2  (cost=0.43..40.58 rows=10 width=121)
	              Index Cond: ((id >= 1013660) AND (id <= 1013669))

table 3 : explain SELECT DISTINCT c FROM sbtest3 WHERE id BETWEEN 4558511 AND 4558520 ORDER BY c
	Unique  (cost=40.64..40.69 rows=10 width=121)
	  ->  Sort  (cost=40.64..40.67 rows=10 width=121)
	        Sort Key: c
	        ->  Index Scan using sbtest3_pkey on sbtest3  (cost=0.43..40.48 rows=10 width=121)
	              Index Cond: ((id >= 4558511) AND (id <= 4558520))

table 4 : explain SELECT DISTINCT c FROM sbtest4 WHERE id BETWEEN 3784291 AND 3784300 ORDER BY c
	Unique  (cost=40.43..40.48 rows=10 width=121)
	  ->  Sort  (cost=40.43..40.46 rows=10 width=121)
	        Sort Key: c
	        ->  Index Scan using sbtest4_pkey on sbtest4  (cost=0.43..40.27 rows=10 width=121)
	              Index Cond: ((id >= 3784291) AND (id <= 3784300))

table 5 : explain SELECT DISTINCT c FROM sbtest5 WHERE id BETWEEN 9587081 AND 9587090 ORDER BY c
	Unique  (cost=40.78..40.83 rows=10 width=121)
	  ->  Sort  (cost=40.78..40.81 rows=10 width=121)
	        Sort Key: c
	        ->  Index Scan using sbtest5_pkey on sbtest5  (cost=0.43..40.62 rows=10 width=121)
	              Index Cond: ((id >= 9587081) AND (id <= 9587090))

table 6 : explain SELECT DISTINCT c FROM sbtest6 WHERE id BETWEEN 97807 AND 97816 ORDER BY c
	Unique  (cost=40.55..40.60 rows=10 width=121)
	  ->  Sort  (cost=40.55..40.58 rows=10 width=121)
	        Sort Key: c
	        ->  Index Scan using sbtest6_pkey on sbtest6  (cost=0.43..40.39 rows=10 width=121)
	              Index Cond: ((id >= 97807) AND (id <= 97816))

table 7 : explain SELECT DISTINCT c FROM sbtest7 WHERE id BETWEEN 2188661 AND 2188670 ORDER BY c
	Unique  (cost=36.91..36.95 rows=9 width=121)
	  ->  Sort  (cost=36.91..36.93 rows=9 width=121)
	        Sort Key: c
	        ->  Index Scan using sbtest7_pkey on sbtest7  (cost=0.43..36.76 rows=9 width=121)
	              Index Cond: ((id >= 2188661) AND (id <= 2188670))

table 8 : explain SELECT DISTINCT c FROM sbtest8 WHERE id BETWEEN 3793564 AND 3793573 ORDER BY c
	Unique  (cost=40.51..40.56 rows=10 width=121)
	  ->  Sort  (cost=40.51..40.53 rows=10 width=121)
	        Sort Key: c
	        ->  Index Scan using sbtest8_pkey on sbtest8  (cost=0.43..40.34 rows=10 width=121)
	              Index Cond: ((id >= 3793564) AND (id <= 3793573))

for: distinct_ranges
table 1 : explain SELECT DISTINCT c FROM sbtest1 WHERE id BETWEEN 3407487 AND 3407496 ORDER BY c
	Unique  (cost=40.80..40.85 rows=10 width=121)
	  ->  Sort  (cost=40.80..40.82 rows=10 width=121)
	        Sort Key: c
	        ->  Index Scan using sbtest1_pkey on sbtest1  (cost=0.43..40.63 rows=10 width=121)
	              Index Cond: ((id >= 3407487) AND (id <= 3407496))

table 2 : explain SELECT DISTINCT c FROM sbtest2 WHERE id BETWEEN 4625709 AND 4625718 ORDER BY c
	Unique  (cost=37.15..37.20 rows=9 width=121)
	  ->  Sort  (cost=37.15..37.17 rows=9 width=121)
	        Sort Key: c
	        ->  Index Scan using sbtest2_pkey on sbtest2  (cost=0.43..37.01 rows=9 width=121)
	              Index Cond: ((id >= 4625709) AND (id <= 4625718))

table 3 : explain SELECT DISTINCT c FROM sbtest3 WHERE id BETWEEN 1342922 AND 1342931 ORDER BY c
	Unique  (cost=40.64..40.69 rows=10 width=121)
	  ->  Sort  (cost=40.64..40.67 rows=10 width=121)
	        Sort Key: c
	        ->  Index Scan using sbtest3_pkey on sbtest3  (cost=0.43..40.48 rows=10 width=121)
	              Index Cond: ((id >= 1342922) AND (id <= 1342931))

table 4 : explain SELECT DISTINCT c FROM sbtest4 WHERE id BETWEEN 1434565 AND 1434574 ORDER BY c
	Unique  (cost=40.43..40.48 rows=10 width=121)
	  ->  Sort  (cost=40.43..40.46 rows=10 width=121)
	        Sort Key: c
	        ->  Index Scan using sbtest4_pkey on sbtest4  (cost=0.43..40.27 rows=10 width=121)
	              Index Cond: ((id >= 1434565) AND (id <= 1434574))

table 5 : explain SELECT DISTINCT c FROM sbtest5 WHERE id BETWEEN 3388541 AND 3388550 ORDER BY c
	Unique  (cost=40.78..40.83 rows=10 width=121)
	  ->  Sort  (cost=40.78..40.81 rows=10 width=121)
	        Sort Key: c
	        ->  Index Scan using sbtest5_pkey on sbtest5  (cost=0.43..40.62 rows=10 width=121)
	              Index Cond: ((id >= 3388541) AND (id <= 3388550))

table 6 : explain SELECT DISTINCT c FROM sbtest6 WHERE id BETWEEN 1511440 AND 1511449 ORDER BY c
	Unique  (cost=40.55..40.60 rows=10 width=121)
	  ->  Sort  (cost=40.55..40.58 rows=10 width=121)
	        Sort Key: c
	        ->  Index Scan using sbtest6_pkey on sbtest6  (cost=0.43..40.39 rows=10 width=121)
	              Index Cond: ((id >= 1511440) AND (id <= 1511449))

table 7 : explain SELECT DISTINCT c FROM sbtest7 WHERE id BETWEEN 9448738 AND 9448747 ORDER BY c
	Unique  (cost=40.47..40.52 rows=10 width=121)
	  ->  Sort  (cost=40.47..40.49 rows=10 width=121)
	        Sort Key: c
	        ->  Index Scan using sbtest7_pkey on sbtest7  (cost=0.43..40.30 rows=10 width=121)
	              Index Cond: ((id >= 9448738) AND (id <= 9448747))

table 8 : explain SELECT DISTINCT c FROM sbtest8 WHERE id BETWEEN 4800106 AND 4800115 ORDER BY c
	Unique  (cost=40.51..40.56 rows=10 width=121)
	  ->  Sort  (cost=40.51..40.53 rows=10 width=121)
	        Sort Key: c
	        ->  Index Scan using sbtest8_pkey on sbtest8  (cost=0.43..40.34 rows=10 width=121)
	              Index Cond: ((id >= 4800106) AND (id <= 4800115))

for point_selects
table 1 : explain SELECT c FROM sbtest1 WHERE id=5149915
	Index Scan using sbtest1_pkey on sbtest1  (cost=0.43..8.45 rows=1 width=121)
	  Index Cond: (id = 5149915)

table 2 : explain SELECT c FROM sbtest2 WHERE id=4683007
	Index Scan using sbtest2_pkey on sbtest2  (cost=0.43..8.45 rows=1 width=121)
	  Index Cond: (id = 4683007)

table 3 : explain SELECT c FROM sbtest3 WHERE id=295051
	Index Scan using sbtest3_pkey on sbtest3  (cost=0.43..8.45 rows=1 width=121)
	  Index Cond: (id = 295051)

table 4 : explain SELECT c FROM sbtest4 WHERE id=953597
	Index Scan using sbtest4_pkey on sbtest4  (cost=0.43..8.45 rows=1 width=121)
	  Index Cond: (id = 953597)

table 5 : explain SELECT c FROM sbtest5 WHERE id=2515600
	Index Scan using sbtest5_pkey on sbtest5  (cost=0.43..8.45 rows=1 width=121)
	  Index Cond: (id = 2515600)

table 6 : explain SELECT c FROM sbtest6 WHERE id=2597279
	Index Scan using sbtest6_pkey on sbtest6  (cost=0.43..8.45 rows=1 width=121)
	  Index Cond: (id = 2597279)

table 7 : explain SELECT c FROM sbtest7 WHERE id=4778165
	Index Scan using sbtest7_pkey on sbtest7  (cost=0.43..8.45 rows=1 width=121)
	  Index Cond: (id = 4778165)

table 8 : explain SELECT c FROM sbtest8 WHERE id=8877385
	Index Scan using sbtest8_pkey on sbtest8  (cost=0.43..8.45 rows=1 width=121)
	  Index Cond: (id = 8877385)

explain: for deletes :: explain DELETE FROM sbtest%u WHERE id=%u
for inserts
table 1 : explain INSERT INTO sbtest1 (id, k, c, pad) VALUES (4254921, 13, 'foobar', 'foobar')
	Insert on sbtest1  (cost=0.00..0.01 rows=0 width=0)
	  ->  Result  (cost=0.00..0.01 rows=1 width=736)

table 2 : explain INSERT INTO sbtest2 (id, k, c, pad) VALUES (4241655, 13, 'foobar', 'foobar')
	Insert on sbtest2  (cost=0.00..0.01 rows=0 width=0)
	  ->  Result  (cost=0.00..0.01 rows=1 width=736)

table 3 : explain INSERT INTO sbtest3 (id, k, c, pad) VALUES (2160798, 13, 'foobar', 'foobar')
	Insert on sbtest3  (cost=0.00..0.01 rows=0 width=0)
	  ->  Result  (cost=0.00..0.01 rows=1 width=736)

table 4 : explain INSERT INTO sbtest4 (id, k, c, pad) VALUES (7428806, 13, 'foobar', 'foobar')
	Insert on sbtest4  (cost=0.00..0.01 rows=0 width=0)
	  ->  Result  (cost=0.00..0.01 rows=1 width=736)

table 5 : explain INSERT INTO sbtest5 (id, k, c, pad) VALUES (6580802, 13, 'foobar', 'foobar')
	Insert on sbtest5  (cost=0.00..0.01 rows=0 width=0)
	  ->  Result  (cost=0.00..0.01 rows=1 width=736)

table 6 : explain INSERT INTO sbtest6 (id, k, c, pad) VALUES (1142935, 13, 'foobar', 'foobar')
	Insert on sbtest6  (cost=0.00..0.01 rows=0 width=0)
	  ->  Result  (cost=0.00..0.01 rows=1 width=736)

table 7 : explain INSERT INTO sbtest7 (id, k, c, pad) VALUES (6955039, 13, 'foobar', 'foobar')
	Insert on sbtest7  (cost=0.00..0.01 rows=0 width=0)
	  ->  Result  (cost=0.00..0.01 rows=1 width=736)

table 8 : explain INSERT INTO sbtest8 (id, k, c, pad) VALUES (2975049, 13, 'foobar', 'foobar')
	Insert on sbtest8  (cost=0.00..0.01 rows=0 width=0)
	  ->  Result  (cost=0.00..0.01 rows=1 width=736)

for non_index_updates
table 1 : explain UPDATE sbtest1 SET c='foobar' WHERE id=450719
	Update on sbtest1  (cost=0.43..8.45 rows=0 width=0)
	  ->  Index Scan using sbtest1_pkey on sbtest1  (cost=0.43..8.45 rows=1 width=490)
	        Index Cond: (id = 450719)

table 2 : explain UPDATE sbtest2 SET c='foobar' WHERE id=5960835
	Update on sbtest2  (cost=0.43..8.45 rows=0 width=0)
	  ->  Index Scan using sbtest2_pkey on sbtest2  (cost=0.43..8.45 rows=1 width=490)
	        Index Cond: (id = 5960835)

table 3 : explain UPDATE sbtest3 SET c='foobar' WHERE id=3296903
	Update on sbtest3  (cost=0.43..8.45 rows=0 width=0)
	  ->  Index Scan using sbtest3_pkey on sbtest3  (cost=0.43..8.45 rows=1 width=490)
	        Index Cond: (id = 3296903)

table 4 : explain UPDATE sbtest4 SET c='foobar' WHERE id=961739
	Update on sbtest4  (cost=0.43..8.45 rows=0 width=0)
	  ->  Index Scan using sbtest4_pkey on sbtest4  (cost=0.43..8.45 rows=1 width=490)
	        Index Cond: (id = 961739)

table 5 : explain UPDATE sbtest5 SET c='foobar' WHERE id=3934784
	Update on sbtest5  (cost=0.43..8.45 rows=0 width=0)
	  ->  Index Scan using sbtest5_pkey on sbtest5  (cost=0.43..8.45 rows=1 width=490)
	        Index Cond: (id = 3934784)

table 6 : explain UPDATE sbtest6 SET c='foobar' WHERE id=1548863
	Update on sbtest6  (cost=0.43..8.45 rows=0 width=0)
	  ->  Index Scan using sbtest6_pkey on sbtest6  (cost=0.43..8.45 rows=1 width=490)
	        Index Cond: (id = 1548863)

table 7 : explain UPDATE sbtest7 SET c='foobar' WHERE id=4179085
	Update on sbtest7  (cost=0.43..8.45 rows=0 width=0)
	  ->  Index Scan using sbtest7_pkey on sbtest7  (cost=0.43..8.45 rows=1 width=490)
	        Index Cond: (id = 4179085)

table 8 : explain UPDATE sbtest8 SET c='foobar' WHERE id=2585984
	Update on sbtest8  (cost=0.43..8.45 rows=0 width=0)
	  ->  Index Scan using sbtest8_pkey on sbtest8  (cost=0.43..8.45 rows=1 width=490)
	        Index Cond: (id = 2585984)

explain: for index_updates :: explain UPDATE sbtest%u SET k=k+1 WHERE id=%u
for: sum_ranges
table 1 : explain SELECT SUM(k) FROM sbtest1 WHERE id BETWEEN 6898312 AND 6898321
	Aggregate  (cost=40.66..40.67 rows=1 width=8)
	  ->  Index Scan using sbtest1_pkey on sbtest1  (cost=0.43..40.63 rows=10 width=4)
	        Index Cond: ((id >= 6898312) AND (id <= 6898321))

table 2 : explain SELECT SUM(k) FROM sbtest2 WHERE id BETWEEN 746018 AND 746027
	Aggregate  (cost=40.60..40.61 rows=1 width=8)
	  ->  Index Scan using sbtest2_pkey on sbtest2  (cost=0.43..40.58 rows=10 width=4)
	        Index Cond: ((id >= 746018) AND (id <= 746027))

table 3 : explain SELECT SUM(k) FROM sbtest3 WHERE id BETWEEN 1852119 AND 1852128
	Aggregate  (cost=40.50..40.51 rows=1 width=8)
	  ->  Index Scan using sbtest3_pkey on sbtest3  (cost=0.43..40.48 rows=10 width=4)
	        Index Cond: ((id >= 1852119) AND (id <= 1852128))

table 4 : explain SELECT SUM(k) FROM sbtest4 WHERE id BETWEEN 8828848 AND 8828857
	Aggregate  (cost=40.29..40.30 rows=1 width=8)
	  ->  Index Scan using sbtest4_pkey on sbtest4  (cost=0.43..40.27 rows=10 width=4)
	        Index Cond: ((id >= 8828848) AND (id <= 8828857))

table 5 : explain SELECT SUM(k) FROM sbtest5 WHERE id BETWEEN 7607891 AND 7607900
	Aggregate  (cost=40.64..40.65 rows=1 width=8)
	  ->  Index Scan using sbtest5_pkey on sbtest5  (cost=0.43..40.62 rows=10 width=4)
	        Index Cond: ((id >= 7607891) AND (id <= 7607900))

table 6 : explain SELECT SUM(k) FROM sbtest6 WHERE id BETWEEN 9854621 AND 9854630
	Aggregate  (cost=40.41..40.42 rows=1 width=8)
	  ->  Index Scan using sbtest6_pkey on sbtest6  (cost=0.43..40.39 rows=10 width=4)
	        Index Cond: ((id >= 9854621) AND (id <= 9854630))

table 7 : explain SELECT SUM(k) FROM sbtest7 WHERE id BETWEEN 9750358 AND 9750367
	Aggregate  (cost=36.79..36.80 rows=1 width=8)
	  ->  Index Scan using sbtest7_pkey on sbtest7  (cost=0.43..36.76 rows=9 width=4)
	        Index Cond: ((id >= 9750358) AND (id <= 9750367))

table 8 : explain SELECT SUM(k) FROM sbtest8 WHERE id BETWEEN 2758205 AND 2758214
	Aggregate  (cost=43.91..43.92 rows=1 width=8)
	  ->  Index Scan using sbtest8_pkey on sbtest8  (cost=0.43..43.89 rows=11 width=4)
	        Index Cond: ((id >= 2758205) AND (id <= 2758214))

for point_selects
table 1 : explain SELECT c FROM sbtest1 WHERE id=6791610
	Index Scan using sbtest1_pkey on sbtest1  (cost=0.43..8.45 rows=1 width=121)
	  Index Cond: (id = 6791610)

table 2 : explain SELECT c FROM sbtest2 WHERE id=1063344
	Index Scan using sbtest2_pkey on sbtest2  (cost=0.43..8.45 rows=1 width=121)
	  Index Cond: (id = 1063344)

table 3 : explain SELECT c FROM sbtest3 WHERE id=3028609
	Index Scan using sbtest3_pkey on sbtest3  (cost=0.43..8.45 rows=1 width=121)
	  Index Cond: (id = 3028609)

table 4 : explain SELECT c FROM sbtest4 WHERE id=3484623
	Index Scan using sbtest4_pkey on sbtest4  (cost=0.43..8.45 rows=1 width=121)
	  Index Cond: (id = 3484623)

table 5 : explain SELECT c FROM sbtest5 WHERE id=7481434
	Index Scan using sbtest5_pkey on sbtest5  (cost=0.43..8.45 rows=1 width=121)
	  Index Cond: (id = 7481434)

table 6 : explain SELECT c FROM sbtest6 WHERE id=2256448
	Index Scan using sbtest6_pkey on sbtest6  (cost=0.43..8.45 rows=1 width=121)
	  Index Cond: (id = 2256448)

table 7 : explain SELECT c FROM sbtest7 WHERE id=9814565
	Index Scan using sbtest7_pkey on sbtest7  (cost=0.43..8.45 rows=1 width=121)
	  Index Cond: (id = 9814565)

table 8 : explain SELECT c FROM sbtest8 WHERE id=7405625
	Index Scan using sbtest8_pkey on sbtest8  (cost=0.43..8.45 rows=1 width=121)
	  Index Cond: (id = 7405625)

explain: for index_updates :: explain UPDATE sbtest%u SET k=k+1 WHERE id=%u
for: distinct_ranges
table 1 : explain SELECT DISTINCT c FROM sbtest1 WHERE id BETWEEN 499104 AND 499113 ORDER BY c
	Unique  (cost=40.80..40.85 rows=10 width=121)
	  ->  Sort  (cost=40.80..40.82 rows=10 width=121)
	        Sort Key: c
	        ->  Index Scan using sbtest1_pkey on sbtest1  (cost=0.43..40.63 rows=10 width=121)
	              Index Cond: ((id >= 499104) AND (id <= 499113))

table 2 : explain SELECT DISTINCT c FROM sbtest2 WHERE id BETWEEN 4990563 AND 4990572 ORDER BY c
	Unique  (cost=40.74..40.79 rows=10 width=121)
	  ->  Sort  (cost=40.74..40.77 rows=10 width=121)
	        Sort Key: c
	        ->  Index Scan using sbtest2_pkey on sbtest2  (cost=0.43..40.58 rows=10 width=121)
	              Index Cond: ((id >= 4990563) AND (id <= 4990572))

table 3 : explain SELECT DISTINCT c FROM sbtest3 WHERE id BETWEEN 5054694 AND 5054703 ORDER BY c
	Unique  (cost=37.06..37.11 rows=9 width=121)
	  ->  Sort  (cost=37.06..37.08 rows=9 width=121)
	        Sort Key: c
	        ->  Index Scan using sbtest3_pkey on sbtest3  (cost=0.43..36.92 rows=9 width=121)
	              Index Cond: ((id >= 5054694) AND (id <= 5054703))

table 4 : explain SELECT DISTINCT c FROM sbtest4 WHERE id BETWEEN 1311885 AND 1311894 ORDER BY c
	Unique  (cost=40.43..40.48 rows=10 width=121)
	  ->  Sort  (cost=40.43..40.46 rows=10 width=121)
	        Sort Key: c
	        ->  Index Scan using sbtest4_pkey on sbtest4  (cost=0.43..40.27 rows=10 width=121)
	              Index Cond: ((id >= 1311885) AND (id <= 1311894))

table 5 : explain SELECT DISTINCT c FROM sbtest5 WHERE id BETWEEN 7370974 AND 7370983 ORDER BY c
	Unique  (cost=40.78..40.83 rows=10 width=121)
	  ->  Sort  (cost=40.78..40.81 rows=10 width=121)
	        Sort Key: c
	        ->  Index Scan using sbtest5_pkey on sbtest5  (cost=0.43..40.62 rows=10 width=121)
	              Index Cond: ((id >= 7370974) AND (id <= 7370983))

table 6 : explain SELECT DISTINCT c FROM sbtest6 WHERE id BETWEEN 4011485 AND 4011494 ORDER BY c
	Unique  (cost=44.13..44.18 rows=11 width=121)
	  ->  Sort  (cost=44.13..44.15 rows=11 width=121)
	        Sort Key: c
	        ->  Index Scan using sbtest6_pkey on sbtest6  (cost=0.43..43.94 rows=11 width=121)
	              Index Cond: ((id >= 4011485) AND (id <= 4011494))

table 7 : explain SELECT DISTINCT c FROM sbtest7 WHERE id BETWEEN 7788098 AND 7788107 ORDER BY c
	Unique  (cost=40.47..40.52 rows=10 width=121)
	  ->  Sort  (cost=40.47..40.49 rows=10 width=121)
	        Sort Key: c
	        ->  Index Scan using sbtest7_pkey on sbtest7  (cost=0.43..40.30 rows=10 width=121)
	              Index Cond: ((id >= 7788098) AND (id <= 7788107))

table 8 : explain SELECT DISTINCT c FROM sbtest8 WHERE id BETWEEN 7479407 AND 7479416 ORDER BY c
	Unique  (cost=40.51..40.56 rows=10 width=121)
	  ->  Sort  (cost=40.51..40.53 rows=10 width=121)
	        Sort Key: c
	        ->  Index Scan using sbtest8_pkey on sbtest8  (cost=0.43..40.34 rows=10 width=121)
	              Index Cond: ((id >= 7479407) AND (id <= 7479416))

for: order_ranges
table 1 : explain SELECT c FROM sbtest1 WHERE id BETWEEN 2911901 AND 2911910 ORDER BY c
	Sort  (cost=40.80..40.82 rows=10 width=121)
	  Sort Key: c
	  ->  Index Scan using sbtest1_pkey on sbtest1  (cost=0.43..40.63 rows=10 width=121)
	        Index Cond: ((id >= 2911901) AND (id <= 2911910))

table 2 : explain SELECT c FROM sbtest2 WHERE id BETWEEN 4682344 AND 4682353 ORDER BY c
	Sort  (cost=37.15..37.17 rows=9 width=121)
	  Sort Key: c
	  ->  Index Scan using sbtest2_pkey on sbtest2  (cost=0.43..37.01 rows=9 width=121)
	        Index Cond: ((id >= 4682344) AND (id <= 4682353))

table 3 : explain SELECT c FROM sbtest3 WHERE id BETWEEN 3470952 AND 3470961 ORDER BY c
	Sort  (cost=40.64..40.67 rows=10 width=121)
	  Sort Key: c
	  ->  Index Scan using sbtest3_pkey on sbtest3  (cost=0.43..40.48 rows=10 width=121)
	        Index Cond: ((id >= 3470952) AND (id <= 3470961))

table 4 : explain SELECT c FROM sbtest4 WHERE id BETWEEN 7027823 AND 7027832 ORDER BY c
	Sort  (cost=40.43..40.46 rows=10 width=121)
	  Sort Key: c
	  ->  Index Scan using sbtest4_pkey on sbtest4  (cost=0.43..40.27 rows=10 width=121)
	        Index Cond: ((id >= 7027823) AND (id <= 7027832))

table 5 : explain SELECT c FROM sbtest5 WHERE id BETWEEN 3361059 AND 3361068 ORDER BY c
	Sort  (cost=40.78..40.81 rows=10 width=121)
	  Sort Key: c
	  ->  Index Scan using sbtest5_pkey on sbtest5  (cost=0.43..40.62 rows=10 width=121)
	        Index Cond: ((id >= 3361059) AND (id <= 3361068))

table 6 : explain SELECT c FROM sbtest6 WHERE id BETWEEN 5275956 AND 5275965 ORDER BY c
	Sort  (cost=40.55..40.58 rows=10 width=121)
	  Sort Key: c
	  ->  Index Scan using sbtest6_pkey on sbtest6  (cost=0.43..40.39 rows=10 width=121)
	        Index Cond: ((id >= 5275956) AND (id <= 5275965))

table 7 : explain SELECT c FROM sbtest7 WHERE id BETWEEN 6404517 AND 6404526 ORDER BY c
	Sort  (cost=40.47..40.49 rows=10 width=121)
	  Sort Key: c
	  ->  Index Scan using sbtest7_pkey on sbtest7  (cost=0.43..40.30 rows=10 width=121)
	        Index Cond: ((id >= 6404517) AND (id <= 6404526))

table 8 : explain SELECT c FROM sbtest8 WHERE id BETWEEN 516931 AND 516940 ORDER BY c
	Sort  (cost=36.94..36.96 rows=9 width=121)
	  Sort Key: c
	  ->  Index Scan using sbtest8_pkey on sbtest8  (cost=0.43..36.80 rows=9 width=121)
	        Index Cond: ((id >= 516931) AND (id <= 516940))

for deletes
table 1 : explain DELETE FROM sbtest1 WHERE id=4756117
	Delete on sbtest1  (cost=0.43..8.45 rows=0 width=0)
	  ->  Index Scan using sbtest1_pkey on sbtest1  (cost=0.43..8.45 rows=1 width=6)
	        Index Cond: (id = 4756117)

table 2 : explain DELETE FROM sbtest2 WHERE id=9026208
	Delete on sbtest2  (cost=0.43..8.45 rows=0 width=0)
	  ->  Index Scan using sbtest2_pkey on sbtest2  (cost=0.43..8.45 rows=1 width=6)
	        Index Cond: (id = 9026208)

table 3 : explain DELETE FROM sbtest3 WHERE id=7143752
	Delete on sbtest3  (cost=0.43..8.45 rows=0 width=0)
	  ->  Index Scan using sbtest3_pkey on sbtest3  (cost=0.43..8.45 rows=1 width=6)
	        Index Cond: (id = 7143752)

table 4 : explain DELETE FROM sbtest4 WHERE id=2582173
	Delete on sbtest4  (cost=0.43..8.45 rows=0 width=0)
	  ->  Index Scan using sbtest4_pkey on sbtest4  (cost=0.43..8.45 rows=1 width=6)
	        Index Cond: (id = 2582173)

table 5 : explain DELETE FROM sbtest5 WHERE id=1092588
	Delete on sbtest5  (cost=0.43..8.45 rows=0 width=0)
	  ->  Index Scan using sbtest5_pkey on sbtest5  (cost=0.43..8.45 rows=1 width=6)
	        Index Cond: (id = 1092588)

table 6 : explain DELETE FROM sbtest6 WHERE id=7601376
	Delete on sbtest6  (cost=0.43..8.45 rows=0 width=0)
	  ->  Index Scan using sbtest6_pkey on sbtest6  (cost=0.43..8.45 rows=1 width=6)
	        Index Cond: (id = 7601376)

table 7 : explain DELETE FROM sbtest7 WHERE id=923836
	Delete on sbtest7  (cost=0.43..8.45 rows=0 width=0)
	  ->  Index Scan using sbtest7_pkey on sbtest7  (cost=0.43..8.45 rows=1 width=6)
	        Index Cond: (id = 923836)

table 8 : explain DELETE FROM sbtest8 WHERE id=336686
	Delete on sbtest8  (cost=0.43..8.45 rows=0 width=0)
	  ->  Index Scan using sbtest8_pkey on sbtest8  (cost=0.43..8.45 rows=1 width=6)
	        Index Cond: (id = 336686)

for: distinct_ranges
table 1 : explain SELECT DISTINCT c FROM sbtest1 WHERE id BETWEEN 5941954 AND 5941963 ORDER BY c
	Unique  (cost=40.80..40.85 rows=10 width=121)
	  ->  Sort  (cost=40.80..40.82 rows=10 width=121)
	        Sort Key: c
	        ->  Index Scan using sbtest1_pkey on sbtest1  (cost=0.43..40.63 rows=10 width=121)
	              Index Cond: ((id >= 5941954) AND (id <= 5941963))

table 2 : explain SELECT DISTINCT c FROM sbtest2 WHERE id BETWEEN 769751 AND 769760 ORDER BY c
	Unique  (cost=40.74..40.79 rows=10 width=121)
	  ->  Sort  (cost=40.74..40.77 rows=10 width=121)
	        Sort Key: c
	        ->  Index Scan using sbtest2_pkey on sbtest2  (cost=0.43..40.58 rows=10 width=121)
	              Index Cond: ((id >= 769751) AND (id <= 769760))

table 3 : explain SELECT DISTINCT c FROM sbtest3 WHERE id BETWEEN 2889497 AND 2889506 ORDER BY c
	Unique  (cost=37.06..37.11 rows=9 width=121)
	  ->  Sort  (cost=37.06..37.08 rows=9 width=121)
	        Sort Key: c
	        ->  Index Scan using sbtest3_pkey on sbtest3  (cost=0.43..36.92 rows=9 width=121)
	              Index Cond: ((id >= 2889497) AND (id <= 2889506))

table 4 : explain SELECT DISTINCT c FROM sbtest4 WHERE id BETWEEN 8496346 AND 8496355 ORDER BY c
	Unique  (cost=40.43..40.48 rows=10 width=121)
	  ->  Sort  (cost=40.43..40.46 rows=10 width=121)
	        Sort Key: c
	        ->  Index Scan using sbtest4_pkey on sbtest4  (cost=0.43..40.27 rows=10 width=121)
	              Index Cond: ((id >= 8496346) AND (id <= 8496355))

table 5 : explain SELECT DISTINCT c FROM sbtest5 WHERE id BETWEEN 1040906 AND 1040915 ORDER BY c
	Unique  (cost=40.78..40.83 rows=10 width=121)
	  ->  Sort  (cost=40.78..40.81 rows=10 width=121)
	        Sort Key: c
	        ->  Index Scan using sbtest5_pkey on sbtest5  (cost=0.43..40.62 rows=10 width=121)
	              Index Cond: ((id >= 1040906) AND (id <= 1040915))

table 6 : explain SELECT DISTINCT c FROM sbtest6 WHERE id BETWEEN 886497 AND 886506 ORDER BY c
	Unique  (cost=36.98..37.03 rows=9 width=121)
	  ->  Sort  (cost=36.98..37.00 rows=9 width=121)
	        Sort Key: c
	        ->  Index Scan using sbtest6_pkey on sbtest6  (cost=0.43..36.84 rows=9 width=121)
	              Index Cond: ((id >= 886497) AND (id <= 886506))

table 7 : explain SELECT DISTINCT c FROM sbtest7 WHERE id BETWEEN 8912665 AND 8912674 ORDER BY c
	Unique  (cost=36.91..36.95 rows=9 width=121)
	  ->  Sort  (cost=36.91..36.93 rows=9 width=121)
	        Sort Key: c
	        ->  Index Scan using sbtest7_pkey on sbtest7  (cost=0.43..36.76 rows=9 width=121)
	              Index Cond: ((id >= 8912665) AND (id <= 8912674))

table 8 : explain SELECT DISTINCT c FROM sbtest8 WHERE id BETWEEN 7801415 AND 7801424 ORDER BY c
	Unique  (cost=40.51..40.56 rows=10 width=121)
	  ->  Sort  (cost=40.51..40.53 rows=10 width=121)
	        Sort Key: c
	        ->  Index Scan using sbtest8_pkey on sbtest8  (cost=0.43..40.34 rows=10 width=121)
	              Index Cond: ((id >= 7801415) AND (id <= 7801424))

for: order_ranges
table 1 : explain SELECT c FROM sbtest1 WHERE id BETWEEN 7716688 AND 7716697 ORDER BY c
	Sort  (cost=40.80..40.82 rows=10 width=121)
	  Sort Key: c
	  ->  Index Scan using sbtest1_pkey on sbtest1  (cost=0.43..40.63 rows=10 width=121)
	        Index Cond: ((id >= 7716688) AND (id <= 7716697))

table 2 : explain SELECT c FROM sbtest2 WHERE id BETWEEN 7550154 AND 7550163 ORDER BY c
	Sort  (cost=40.74..40.77 rows=10 width=121)
	  Sort Key: c
	  ->  Index Scan using sbtest2_pkey on sbtest2  (cost=0.43..40.58 rows=10 width=121)
	        Index Cond: ((id >= 7550154) AND (id <= 7550163))

table 3 : explain SELECT c FROM sbtest3 WHERE id BETWEEN 5982030 AND 5982039 ORDER BY c
	Sort  (cost=40.64..40.67 rows=10 width=121)
	  Sort Key: c
	  ->  Index Scan using sbtest3_pkey on sbtest3  (cost=0.43..40.48 rows=10 width=121)
	        Index Cond: ((id >= 5982030) AND (id <= 5982039))

table 4 : explain SELECT c FROM sbtest4 WHERE id BETWEEN 3761546 AND 3761555 ORDER BY c
	Sort  (cost=36.87..36.90 rows=9 width=121)
	  Sort Key: c
	  ->  Index Scan using sbtest4_pkey on sbtest4  (cost=0.43..36.73 rows=9 width=121)
	        Index Cond: ((id >= 3761546) AND (id <= 3761555))

table 5 : explain SELECT c FROM sbtest5 WHERE id BETWEEN 8490083 AND 8490092 ORDER BY c
	Sort  (cost=40.78..40.81 rows=10 width=121)
	  Sort Key: c
	  ->  Index Scan using sbtest5_pkey on sbtest5  (cost=0.43..40.62 rows=10 width=121)
	        Index Cond: ((id >= 8490083) AND (id <= 8490092))

table 6 : explain SELECT c FROM sbtest6 WHERE id BETWEEN 6894704 AND 6894713 ORDER BY c
	Sort  (cost=40.55..40.58 rows=10 width=121)
	  Sort Key: c
	  ->  Index Scan using sbtest6_pkey on sbtest6  (cost=0.43..40.39 rows=10 width=121)
	        Index Cond: ((id >= 6894704) AND (id <= 6894713))

table 7 : explain SELECT c FROM sbtest7 WHERE id BETWEEN 4645275 AND 4645284 ORDER BY c
	Sort  (cost=44.03..44.06 rows=11 width=121)
	  Sort Key: c
	  ->  Index Scan using sbtest7_pkey on sbtest7  (cost=0.43..43.84 rows=11 width=121)
	        Index Cond: ((id >= 4645275) AND (id <= 4645284))

table 8 : explain SELECT c FROM sbtest8 WHERE id BETWEEN 3218176 AND 3218185 ORDER BY c
	Sort  (cost=36.94..36.96 rows=9 width=121)
	  Sort Key: c
	  ->  Index Scan using sbtest8_pkey on sbtest8  (cost=0.43..36.80 rows=9 width=121)
	        Index Cond: ((id >= 3218176) AND (id <= 3218185))

for point_selects
table 1 : explain SELECT c FROM sbtest1 WHERE id=1298502
	Index Scan using sbtest1_pkey on sbtest1  (cost=0.43..8.45 rows=1 width=121)
	  Index Cond: (id = 1298502)

table 2 : explain SELECT c FROM sbtest2 WHERE id=5895646
	Index Scan using sbtest2_pkey on sbtest2  (cost=0.43..8.45 rows=1 width=121)
	  Index Cond: (id = 5895646)

table 3 : explain SELECT c FROM sbtest3 WHERE id=4002552
	Index Scan using sbtest3_pkey on sbtest3  (cost=0.43..8.45 rows=1 width=121)
	  Index Cond: (id = 4002552)

table 4 : explain SELECT c FROM sbtest4 WHERE id=8613855
	Index Scan using sbtest4_pkey on sbtest4  (cost=0.43..8.45 rows=1 width=121)
	  Index Cond: (id = 8613855)

table 5 : explain SELECT c FROM sbtest5 WHERE id=9823269
	Index Scan using sbtest5_pkey on sbtest5  (cost=0.43..8.45 rows=1 width=121)
	  Index Cond: (id = 9823269)

table 6 : explain SELECT c FROM sbtest6 WHERE id=3920241
	Index Scan using sbtest6_pkey on sbtest6  (cost=0.43..8.45 rows=1 width=121)
	  Index Cond: (id = 3920241)

table 7 : explain SELECT c FROM sbtest7 WHERE id=8994482
	Index Scan using sbtest7_pkey on sbtest7  (cost=0.43..8.45 rows=1 width=121)
	  Index Cond: (id = 8994482)

table 8 : explain SELECT c FROM sbtest8 WHERE id=1281456
	Index Scan using sbtest8_pkey on sbtest8  (cost=0.43..8.45 rows=1 width=121)
	  Index Cond: (id = 1281456)

for: order_ranges
table 1 : explain SELECT c FROM sbtest1 WHERE id BETWEEN 2648221 AND 2648230 ORDER BY c
	Sort  (cost=40.80..40.82 rows=10 width=121)
	  Sort Key: c
	  ->  Index Scan using sbtest1_pkey on sbtest1  (cost=0.43..40.63 rows=10 width=121)
	        Index Cond: ((id >= 2648221) AND (id <= 2648230))

table 2 : explain SELECT c FROM sbtest2 WHERE id BETWEEN 5492677 AND 5492686 ORDER BY c
	Sort  (cost=40.74..40.77 rows=10 width=121)
	  Sort Key: c
	  ->  Index Scan using sbtest2_pkey on sbtest2  (cost=0.43..40.58 rows=10 width=121)
	        Index Cond: ((id >= 5492677) AND (id <= 5492686))

table 3 : explain SELECT c FROM sbtest3 WHERE id BETWEEN 4914423 AND 4914432 ORDER BY c
	Sort  (cost=40.64..40.67 rows=10 width=121)
	  Sort Key: c
	  ->  Index Scan using sbtest3_pkey on sbtest3  (cost=0.43..40.48 rows=10 width=121)
	        Index Cond: ((id >= 4914423) AND (id <= 4914432))

table 4 : explain SELECT c FROM sbtest4 WHERE id BETWEEN 2612514 AND 2612523 ORDER BY c
	Sort  (cost=40.43..40.46 rows=10 width=121)
	  Sort Key: c
	  ->  Index Scan using sbtest4_pkey on sbtest4  (cost=0.43..40.27 rows=10 width=121)
	        Index Cond: ((id >= 2612514) AND (id <= 2612523))

table 5 : explain SELECT c FROM sbtest5 WHERE id BETWEEN 6885611 AND 6885620 ORDER BY c
	Sort  (cost=40.78..40.81 rows=10 width=121)
	  Sort Key: c
	  ->  Index Scan using sbtest5_pkey on sbtest5  (cost=0.43..40.62 rows=10 width=121)
	        Index Cond: ((id >= 6885611) AND (id <= 6885620))

table 6 : explain SELECT c FROM sbtest6 WHERE id BETWEEN 840124 AND 840133 ORDER BY c
	Sort  (cost=36.98..37.00 rows=9 width=121)
	  Sort Key: c
	  ->  Index Scan using sbtest6_pkey on sbtest6  (cost=0.43..36.84 rows=9 width=121)
	        Index Cond: ((id >= 840124) AND (id <= 840133))

table 7 : explain SELECT c FROM sbtest7 WHERE id BETWEEN 2979899 AND 2979908 ORDER BY c
	Sort  (cost=36.91..36.93 rows=9 width=121)
	  Sort Key: c
	  ->  Index Scan using sbtest7_pkey on sbtest7  (cost=0.43..36.76 rows=9 width=121)
	        Index Cond: ((id >= 2979899) AND (id <= 2979908))

table 8 : explain SELECT c FROM sbtest8 WHERE id BETWEEN 5951522 AND 5951531 ORDER BY c
	Sort  (cost=40.51..40.53 rows=10 width=121)
	  Sort Key: c
	  ->  Index Scan using sbtest8_pkey on sbtest8  (cost=0.43..40.34 rows=10 width=121)
	        Index Cond: ((id >= 5951522) AND (id <= 5951531))

explain: for deletes :: explain DELETE FROM sbtest%u WHERE id=%u
for: distinct_ranges
table 1 : explain SELECT DISTINCT c FROM sbtest1 WHERE id BETWEEN 7044717 AND 7044726 ORDER BY c
	Unique  (cost=44.40..44.45 rows=11 width=121)
	  ->  Sort  (cost=44.40..44.43 rows=11 width=121)
	        Sort Key: c
	        ->  Index Scan using sbtest1_pkey on sbtest1  (cost=0.43..44.21 rows=11 width=121)
	              Index Cond: ((id >= 7044717) AND (id <= 7044726))

table 2 : explain SELECT DISTINCT c FROM sbtest2 WHERE id BETWEEN 1531088 AND 1531097 ORDER BY c
	Unique  (cost=40.74..40.79 rows=10 width=121)
	  ->  Sort  (cost=40.74..40.77 rows=10 width=121)
	        Sort Key: c
	        ->  Index Scan using sbtest2_pkey on sbtest2  (cost=0.43..40.58 rows=10 width=121)
	              Index Cond: ((id >= 1531088) AND (id <= 1531097))

table 3 : explain SELECT DISTINCT c FROM sbtest3 WHERE id BETWEEN 8189061 AND 8189070 ORDER BY c
	Unique  (cost=44.22..44.28 rows=11 width=121)
	  ->  Sort  (cost=44.22..44.25 rows=11 width=121)
	        Sort Key: c
	        ->  Index Scan using sbtest3_pkey on sbtest3  (cost=0.43..44.03 rows=11 width=121)
	              Index Cond: ((id >= 8189061) AND (id <= 8189070))

table 4 : explain SELECT DISTINCT c FROM sbtest4 WHERE id BETWEEN 4945191 AND 4945200 ORDER BY c
	Unique  (cost=40.43..40.48 rows=10 width=121)
	  ->  Sort  (cost=40.43..40.46 rows=10 width=121)
	        Sort Key: c
	        ->  Index Scan using sbtest4_pkey on sbtest4  (cost=0.43..40.27 rows=10 width=121)
	              Index Cond: ((id >= 4945191) AND (id <= 4945200))

table 5 : explain SELECT DISTINCT c FROM sbtest5 WHERE id BETWEEN 9046127 AND 9046136 ORDER BY c
	Unique  (cost=40.78..40.83 rows=10 width=121)
	  ->  Sort  (cost=40.78..40.81 rows=10 width=121)
	        Sort Key: c
	        ->  Index Scan using sbtest5_pkey on sbtest5  (cost=0.43..40.62 rows=10 width=121)
	              Index Cond: ((id >= 9046127) AND (id <= 9046136))

table 6 : explain SELECT DISTINCT c FROM sbtest6 WHERE id BETWEEN 4555388 AND 4555397 ORDER BY c
	Unique  (cost=40.55..40.60 rows=10 width=121)
	  ->  Sort  (cost=40.55..40.58 rows=10 width=121)
	        Sort Key: c
	        ->  Index Scan using sbtest6_pkey on sbtest6  (cost=0.43..40.39 rows=10 width=121)
	              Index Cond: ((id >= 4555388) AND (id <= 4555397))

table 7 : explain SELECT DISTINCT c FROM sbtest7 WHERE id BETWEEN 7605360 AND 7605369 ORDER BY c
	Unique  (cost=36.91..36.95 rows=9 width=121)
	  ->  Sort  (cost=36.91..36.93 rows=9 width=121)
	        Sort Key: c
	        ->  Index Scan using sbtest7_pkey on sbtest7  (cost=0.43..36.76 rows=9 width=121)
	              Index Cond: ((id >= 7605360) AND (id <= 7605369))

table 8 : explain SELECT DISTINCT c FROM sbtest8 WHERE id BETWEEN 8956440 AND 8956449 ORDER BY c
	Unique  (cost=40.51..40.56 rows=10 width=121)
	  ->  Sort  (cost=40.51..40.53 rows=10 width=121)
	        Sort Key: c
	        ->  Index Scan using sbtest8_pkey on sbtest8  (cost=0.43..40.34 rows=10 width=121)
	              Index Cond: ((id >= 8956440) AND (id <= 8956449))

explain: for index_updates :: explain UPDATE sbtest%u SET k=k+1 WHERE id=%u
for: simple_ranges
table 1 : explain SELECT c FROM sbtest1 WHERE id BETWEEN 5522356 AND 5522365
	Index Scan using sbtest1_pkey on sbtest1  (cost=0.43..44.21 rows=11 width=121)
	  Index Cond: ((id >= 5522356) AND (id <= 5522365))

table 2 : explain SELECT c FROM sbtest2 WHERE id BETWEEN 1119366 AND 1119375
	Index Scan using sbtest2_pkey on sbtest2  (cost=0.43..40.58 rows=10 width=121)
	  Index Cond: ((id >= 1119366) AND (id <= 1119375))

table 3 : explain SELECT c FROM sbtest3 WHERE id BETWEEN 938303 AND 938312
	Index Scan using sbtest3_pkey on sbtest3  (cost=0.43..40.48 rows=10 width=121)
	  Index Cond: ((id >= 938303) AND (id <= 938312))

table 4 : explain SELECT c FROM sbtest4 WHERE id BETWEEN 1981055 AND 1981064
	Index Scan using sbtest4_pkey on sbtest4  (cost=0.43..40.27 rows=10 width=121)
	  Index Cond: ((id >= 1981055) AND (id <= 1981064))

table 5 : explain SELECT c FROM sbtest5 WHERE id BETWEEN 3014736 AND 3014745
	Index Scan using sbtest5_pkey on sbtest5  (cost=0.43..40.62 rows=10 width=121)
	  Index Cond: ((id >= 3014736) AND (id <= 3014745))

table 6 : explain SELECT c FROM sbtest6 WHERE id BETWEEN 1104011 AND 1104020
	Index Scan using sbtest6_pkey on sbtest6  (cost=0.43..36.84 rows=9 width=121)
	  Index Cond: ((id >= 1104011) AND (id <= 1104020))

table 7 : explain SELECT c FROM sbtest7 WHERE id BETWEEN 3214710 AND 3214719
	Index Scan using sbtest7_pkey on sbtest7  (cost=0.43..36.76 rows=9 width=121)
	  Index Cond: ((id >= 3214710) AND (id <= 3214719))

table 8 : explain SELECT c FROM sbtest8 WHERE id BETWEEN 3677650 AND 3677659
	Index Scan using sbtest8_pkey on sbtest8  (cost=0.43..40.34 rows=10 width=121)
	  Index Cond: ((id >= 3677650) AND (id <= 3677659))

explain: for index_updates :: explain UPDATE sbtest%u SET k=k+1 WHERE id=%u
for: simple_ranges
table 1 : explain SELECT c FROM sbtest1 WHERE id BETWEEN 3476969 AND 3476978
	Index Scan using sbtest1_pkey on sbtest1  (cost=0.43..40.63 rows=10 width=121)
	  Index Cond: ((id >= 3476969) AND (id <= 3476978))

table 2 : explain SELECT c FROM sbtest2 WHERE id BETWEEN 1421772 AND 1421781
	Index Scan using sbtest2_pkey on sbtest2  (cost=0.43..44.15 rows=11 width=121)
	  Index Cond: ((id >= 1421772) AND (id <= 1421781))

table 3 : explain SELECT c FROM sbtest3 WHERE id BETWEEN 1900250 AND 1900259
	Index Scan using sbtest3_pkey on sbtest3  (cost=0.43..40.48 rows=10 width=121)
	  Index Cond: ((id >= 1900250) AND (id <= 1900259))

table 4 : explain SELECT c FROM sbtest4 WHERE id BETWEEN 921857 AND 921866
	Index Scan using sbtest4_pkey on sbtest4  (cost=0.43..40.27 rows=10 width=121)
	  Index Cond: ((id >= 921857) AND (id <= 921866))

table 5 : explain SELECT c FROM sbtest5 WHERE id BETWEEN 5560293 AND 5560302
	Index Scan using sbtest5_pkey on sbtest5  (cost=0.43..40.62 rows=10 width=121)
	  Index Cond: ((id >= 5560293) AND (id <= 5560302))

table 6 : explain SELECT c FROM sbtest6 WHERE id BETWEEN 7080985 AND 7080994
	Index Scan using sbtest6_pkey on sbtest6  (cost=0.43..36.84 rows=9 width=121)
	  Index Cond: ((id >= 7080985) AND (id <= 7080994))

table 7 : explain SELECT c FROM sbtest7 WHERE id BETWEEN 8329194 AND 8329203
	Index Scan using sbtest7_pkey on sbtest7  (cost=0.43..40.30 rows=10 width=121)
	  Index Cond: ((id >= 8329194) AND (id <= 8329203))

table 8 : explain SELECT c FROM sbtest8 WHERE id BETWEEN 6837938 AND 6837947
	Index Scan using sbtest8_pkey on sbtest8  (cost=0.43..40.34 rows=10 width=121)
	  Index Cond: ((id >= 6837938) AND (id <= 6837947))

for: simple_ranges
table 1 : explain SELECT c FROM sbtest1 WHERE id BETWEEN 2078195 AND 2078204
	Index Scan using sbtest1_pkey on sbtest1  (cost=0.43..37.06 rows=9 width=121)
	  Index Cond: ((id >= 2078195) AND (id <= 2078204))

table 2 : explain SELECT c FROM sbtest2 WHERE id BETWEEN 3576807 AND 3576816
	Index Scan using sbtest2_pkey on sbtest2  (cost=0.43..40.58 rows=10 width=121)
	  Index Cond: ((id >= 3576807) AND (id <= 3576816))

table 3 : explain SELECT c FROM sbtest3 WHERE id BETWEEN 9478466 AND 9478475
	Index Scan using sbtest3_pkey on sbtest3  (cost=0.43..40.48 rows=10 width=121)
	  Index Cond: ((id >= 9478466) AND (id <= 9478475))

table 4 : explain SELECT c FROM sbtest4 WHERE id BETWEEN 9671427 AND 9671436
	Index Scan using sbtest4_pkey on sbtest4  (cost=0.43..47.34 rows=12 width=121)
	  Index Cond: ((id >= 9671427) AND (id <= 9671436))

table 5 : explain SELECT c FROM sbtest5 WHERE id BETWEEN 4632123 AND 4632132
	Index Scan using sbtest5_pkey on sbtest5  (cost=0.43..40.62 rows=10 width=121)
	  Index Cond: ((id >= 4632123) AND (id <= 4632132))

table 6 : explain SELECT c FROM sbtest6 WHERE id BETWEEN 7033715 AND 7033724
	Index Scan using sbtest6_pkey on sbtest6  (cost=0.43..36.84 rows=9 width=121)
	  Index Cond: ((id >= 7033715) AND (id <= 7033724))

table 7 : explain SELECT c FROM sbtest7 WHERE id BETWEEN 1693380 AND 1693389
	Index Scan using sbtest7_pkey on sbtest7  (cost=0.43..40.30 rows=10 width=121)
	  Index Cond: ((id >= 1693380) AND (id <= 1693389))

table 8 : explain SELECT c FROM sbtest8 WHERE id BETWEEN 2984717 AND 2984726
	Index Scan using sbtest8_pkey on sbtest8  (cost=0.43..36.80 rows=9 width=121)
	  Index Cond: ((id >= 2984717) AND (id <= 2984726))

for index_updates
table 1 : explain UPDATE sbtest1 SET k=k+1 WHERE id=87368
	Update on sbtest1  (cost=0.43..8.46 rows=0 width=0)
	  ->  Index Scan using sbtest1_pkey on sbtest1  (cost=0.43..8.46 rows=1 width=10)
	        Index Cond: (id = 87368)

table 2 : explain UPDATE sbtest2 SET k=k+1 WHERE id=6259667
	Update on sbtest2  (cost=0.43..8.46 rows=0 width=0)
	  ->  Index Scan using sbtest2_pkey on sbtest2  (cost=0.43..8.46 rows=1 width=10)
	        Index Cond: (id = 6259667)

table 3 : explain UPDATE sbtest3 SET k=k+1 WHERE id=1291323
	Update on sbtest3  (cost=0.43..8.46 rows=0 width=0)
	  ->  Index Scan using sbtest3_pkey on sbtest3  (cost=0.43..8.46 rows=1 width=10)
	        Index Cond: (id = 1291323)

table 4 : explain UPDATE sbtest4 SET k=k+1 WHERE id=4675003
	Update on sbtest4  (cost=0.43..8.46 rows=0 width=0)
	  ->  Index Scan using sbtest4_pkey on sbtest4  (cost=0.43..8.46 rows=1 width=10)
	        Index Cond: (id = 4675003)

table 5 : explain UPDATE sbtest5 SET k=k+1 WHERE id=7243341
	Update on sbtest5  (cost=0.43..8.46 rows=0 width=0)
	  ->  Index Scan using sbtest5_pkey on sbtest5  (cost=0.43..8.46 rows=1 width=10)
	        Index Cond: (id = 7243341)

table 6 : explain UPDATE sbtest6 SET k=k+1 WHERE id=2073748
	Update on sbtest6  (cost=0.43..8.46 rows=0 width=0)
	  ->  Index Scan using sbtest6_pkey on sbtest6  (cost=0.43..8.46 rows=1 width=10)
	        Index Cond: (id = 2073748)

table 7 : explain UPDATE sbtest7 SET k=k+1 WHERE id=6081697
	Update on sbtest7  (cost=0.43..8.46 rows=0 width=0)
	  ->  Index Scan using sbtest7_pkey on sbtest7  (cost=0.43..8.46 rows=1 width=10)
	        Index Cond: (id = 6081697)

table 8 : explain UPDATE sbtest8 SET k=k+1 WHERE id=3840720
	Update on sbtest8  (cost=0.43..8.46 rows=0 width=0)
	  ->  Index Scan using sbtest8_pkey on sbtest8  (cost=0.43..8.46 rows=1 width=10)
	        Index Cond: (id = 3840720)

for: simple_ranges
table 1 : explain SELECT c FROM sbtest1 WHERE id BETWEEN 1481804 AND 1481813
	Index Scan using sbtest1_pkey on sbtest1  (cost=0.43..40.63 rows=10 width=121)
	  Index Cond: ((id >= 1481804) AND (id <= 1481813))

table 2 : explain SELECT c FROM sbtest2 WHERE id BETWEEN 6140463 AND 6140472
	Index Scan using sbtest2_pkey on sbtest2  (cost=0.43..44.15 rows=11 width=121)
	  Index Cond: ((id >= 6140463) AND (id <= 6140472))

table 3 : explain SELECT c FROM sbtest3 WHERE id BETWEEN 5406928 AND 5406937
	Index Scan using sbtest3_pkey on sbtest3  (cost=0.43..40.48 rows=10 width=121)
	  Index Cond: ((id >= 5406928) AND (id <= 5406937))

table 4 : explain SELECT c FROM sbtest4 WHERE id BETWEEN 4574836 AND 4574845
	Index Scan using sbtest4_pkey on sbtest4  (cost=0.43..40.27 rows=10 width=121)
	  Index Cond: ((id >= 4574836) AND (id <= 4574845))

table 5 : explain SELECT c FROM sbtest5 WHERE id BETWEEN 5605731 AND 5605740
	Index Scan using sbtest5_pkey on sbtest5  (cost=0.43..40.62 rows=10 width=121)
	  Index Cond: ((id >= 5605731) AND (id <= 5605740))

table 6 : explain SELECT c FROM sbtest6 WHERE id BETWEEN 2792156 AND 2792165
	Index Scan using sbtest6_pkey on sbtest6  (cost=0.43..40.39 rows=10 width=121)
	  Index Cond: ((id >= 2792156) AND (id <= 2792165))

table 7 : explain SELECT c FROM sbtest7 WHERE id BETWEEN 161219 AND 161228
	Index Scan using sbtest7_pkey on sbtest7  (cost=0.43..40.30 rows=10 width=121)
	  Index Cond: ((id >= 161219) AND (id <= 161228))

table 8 : explain SELECT c FROM sbtest8 WHERE id BETWEEN 5839867 AND 5839876
	Index Scan using sbtest8_pkey on sbtest8  (cost=0.43..40.34 rows=10 width=121)
	  Index Cond: ((id >= 5839867) AND (id <= 5839876))

for index_updates
table 1 : explain UPDATE sbtest1 SET k=k+1 WHERE id=866150
	Update on sbtest1  (cost=0.43..8.46 rows=0 width=0)
	  ->  Index Scan using sbtest1_pkey on sbtest1  (cost=0.43..8.46 rows=1 width=10)
	        Index Cond: (id = 866150)

table 2 : explain UPDATE sbtest2 SET k=k+1 WHERE id=7072085
	Update on sbtest2  (cost=0.43..8.46 rows=0 width=0)
	  ->  Index Scan using sbtest2_pkey on sbtest2  (cost=0.43..8.46 rows=1 width=10)
	        Index Cond: (id = 7072085)

table 3 : explain UPDATE sbtest3 SET k=k+1 WHERE id=4430262
	Update on sbtest3  (cost=0.43..8.46 rows=0 width=0)
	  ->  Index Scan using sbtest3_pkey on sbtest3  (cost=0.43..8.46 rows=1 width=10)
	        Index Cond: (id = 4430262)

table 4 : explain UPDATE sbtest4 SET k=k+1 WHERE id=1406759
	Update on sbtest4  (cost=0.43..8.46 rows=0 width=0)
	  ->  Index Scan using sbtest4_pkey on sbtest4  (cost=0.43..8.46 rows=1 width=10)
	        Index Cond: (id = 1406759)

table 5 : explain UPDATE sbtest5 SET k=k+1 WHERE id=9423373
	Update on sbtest5  (cost=0.43..8.46 rows=0 width=0)
	  ->  Index Scan using sbtest5_pkey on sbtest5  (cost=0.43..8.46 rows=1 width=10)
	        Index Cond: (id = 9423373)

table 6 : explain UPDATE sbtest6 SET k=k+1 WHERE id=9860508
	Update on sbtest6  (cost=0.43..8.46 rows=0 width=0)
	  ->  Index Scan using sbtest6_pkey on sbtest6  (cost=0.43..8.46 rows=1 width=10)
	        Index Cond: (id = 9860508)

table 7 : explain UPDATE sbtest7 SET k=k+1 WHERE id=1311077
	Update on sbtest7  (cost=0.43..8.46 rows=0 width=0)
	  ->  Index Scan using sbtest7_pkey on sbtest7  (cost=0.43..8.46 rows=1 width=10)
	        Index Cond: (id = 1311077)

table 8 : explain UPDATE sbtest8 SET k=k+1 WHERE id=1993099
	Update on sbtest8  (cost=0.43..8.46 rows=0 width=0)
	  ->  Index Scan using sbtest8_pkey on sbtest8  (cost=0.43..8.46 rows=1 width=10)
	        Index Cond: (id = 1993099)

explain: for inserts :: explain INSERT INTO sbtest%u (id, k, c, pad) VALUES (%u, 13, 'foobar', 'foobar')
explain: for index_updates :: explain UPDATE sbtest%u SET k=k+1 WHERE id=%u
for: sum_ranges
table 1 : explain SELECT SUM(k) FROM sbtest1 WHERE id BETWEEN 9121697 AND 9121706
	Aggregate  (cost=37.08..37.09 rows=1 width=8)
	  ->  Index Scan using sbtest1_pkey on sbtest1  (cost=0.43..37.06 rows=9 width=4)
	        Index Cond: ((id >= 9121697) AND (id <= 9121706))

table 2 : explain SELECT SUM(k) FROM sbtest2 WHERE id BETWEEN 6247524 AND 6247533
	Aggregate  (cost=40.60..40.61 rows=1 width=8)
	  ->  Index Scan using sbtest2_pkey on sbtest2  (cost=0.43..40.58 rows=10 width=4)
	        Index Cond: ((id >= 6247524) AND (id <= 6247533))

table 3 : explain SELECT SUM(k) FROM sbtest3 WHERE id BETWEEN 9124783 AND 9124792
	Aggregate  (cost=40.50..40.51 rows=1 width=8)
	  ->  Index Scan using sbtest3_pkey on sbtest3  (cost=0.43..40.48 rows=10 width=4)
	        Index Cond: ((id >= 9124783) AND (id <= 9124792))

table 4 : explain SELECT SUM(k) FROM sbtest4 WHERE id BETWEEN 799410 AND 799419
	Aggregate  (cost=40.29..40.30 rows=1 width=8)
	  ->  Index Scan using sbtest4_pkey on sbtest4  (cost=0.43..40.27 rows=10 width=4)
	        Index Cond: ((id >= 799410) AND (id <= 799419))

table 5 : explain SELECT SUM(k) FROM sbtest5 WHERE id BETWEEN 5883164 AND 5883173
	Aggregate  (cost=40.64..40.65 rows=1 width=8)
	  ->  Index Scan using sbtest5_pkey on sbtest5  (cost=0.43..40.62 rows=10 width=4)
	        Index Cond: ((id >= 5883164) AND (id <= 5883173))

table 6 : explain SELECT SUM(k) FROM sbtest6 WHERE id BETWEEN 3493324 AND 3493333
	Aggregate  (cost=43.96..43.97 rows=1 width=8)
	  ->  Index Scan using sbtest6_pkey on sbtest6  (cost=0.43..43.94 rows=11 width=4)
	        Index Cond: ((id >= 3493324) AND (id <= 3493333))

table 7 : explain SELECT SUM(k) FROM sbtest7 WHERE id BETWEEN 3381138 AND 3381147
	Aggregate  (cost=36.79..36.80 rows=1 width=8)
	  ->  Index Scan using sbtest7_pkey on sbtest7  (cost=0.43..36.76 rows=9 width=4)
	        Index Cond: ((id >= 3381138) AND (id <= 3381147))

table 8 : explain SELECT SUM(k) FROM sbtest8 WHERE id BETWEEN 6798238 AND 6798247
	Aggregate  (cost=40.37..40.38 rows=1 width=8)
	  ->  Index Scan using sbtest8_pkey on sbtest8  (cost=0.43..40.34 rows=10 width=4)
	        Index Cond: ((id >= 6798238) AND (id <= 6798247))

for: simple_ranges
table 1 : explain SELECT c FROM sbtest1 WHERE id BETWEEN 9380424 AND 9380433
	Index Scan using sbtest1_pkey on sbtest1  (cost=0.43..40.63 rows=10 width=121)
	  Index Cond: ((id >= 9380424) AND (id <= 9380433))

table 2 : explain SELECT c FROM sbtest2 WHERE id BETWEEN 2600385 AND 2600394
	Index Scan using sbtest2_pkey on sbtest2  (cost=0.43..40.58 rows=10 width=121)
	  Index Cond: ((id >= 2600385) AND (id <= 2600394))

table 3 : explain SELECT c FROM sbtest3 WHERE id BETWEEN 3874475 AND 3874484
	Index Scan using sbtest3_pkey on sbtest3  (cost=0.43..40.48 rows=10 width=121)
	  Index Cond: ((id >= 3874475) AND (id <= 3874484))

table 4 : explain SELECT c FROM sbtest4 WHERE id BETWEEN 8322403 AND 8322412
	Index Scan using sbtest4_pkey on sbtest4  (cost=0.43..40.27 rows=10 width=121)
	  Index Cond: ((id >= 8322403) AND (id <= 8322412))

table 5 : explain SELECT c FROM sbtest5 WHERE id BETWEEN 2019308 AND 2019317
	Index Scan using sbtest5_pkey on sbtest5  (cost=0.43..40.62 rows=10 width=121)
	  Index Cond: ((id >= 2019308) AND (id <= 2019317))

table 6 : explain SELECT c FROM sbtest6 WHERE id BETWEEN 4656295 AND 4656304
	Index Scan using sbtest6_pkey on sbtest6  (cost=0.43..40.39 rows=10 width=121)
	  Index Cond: ((id >= 4656295) AND (id <= 4656304))

table 7 : explain SELECT c FROM sbtest7 WHERE id BETWEEN 3004775 AND 3004784
	Index Scan using sbtest7_pkey on sbtest7  (cost=0.43..36.76 rows=9 width=121)
	  Index Cond: ((id >= 3004775) AND (id <= 3004784))

table 8 : explain SELECT c FROM sbtest8 WHERE id BETWEEN 2096269 AND 2096278
	Index Scan using sbtest8_pkey on sbtest8  (cost=0.43..40.34 rows=10 width=121)
	  Index Cond: ((id >= 2096269) AND (id <= 2096278))

explain: for non_index_updates :: explain UPDATE sbtest%u SET c='foobar' WHERE id=%u
for index_updates
table 1 : explain UPDATE sbtest1 SET k=k+1 WHERE id=6284502
	Update on sbtest1  (cost=0.43..8.46 rows=0 width=0)
	  ->  Index Scan using sbtest1_pkey on sbtest1  (cost=0.43..8.46 rows=1 width=10)
	        Index Cond: (id = 6284502)

table 2 : explain UPDATE sbtest2 SET k=k+1 WHERE id=2283937
	Update on sbtest2  (cost=0.43..8.46 rows=0 width=0)
	  ->  Index Scan using sbtest2_pkey on sbtest2  (cost=0.43..8.46 rows=1 width=10)
	        Index Cond: (id = 2283937)

table 3 : explain UPDATE sbtest3 SET k=k+1 WHERE id=8268876
	Update on sbtest3  (cost=0.43..8.46 rows=0 width=0)
	  ->  Index Scan using sbtest3_pkey on sbtest3  (cost=0.43..8.46 rows=1 width=10)
	        Index Cond: (id = 8268876)

table 4 : explain UPDATE sbtest4 SET k=k+1 WHERE id=1815313
	Update on sbtest4  (cost=0.43..8.46 rows=0 width=0)
	  ->  Index Scan using sbtest4_pkey on sbtest4  (cost=0.43..8.46 rows=1 width=10)
	        Index Cond: (id = 1815313)

table 5 : explain UPDATE sbtest5 SET k=k+1 WHERE id=8656
	Update on sbtest5  (cost=0.43..8.46 rows=0 width=0)
	  ->  Index Scan using sbtest5_pkey on sbtest5  (cost=0.43..8.46 rows=1 width=10)
	        Index Cond: (id = 8656)

table 6 : explain UPDATE sbtest6 SET k=k+1 WHERE id=1557515
	Update on sbtest6  (cost=0.43..8.46 rows=0 width=0)
	  ->  Index Scan using sbtest6_pkey on sbtest6  (cost=0.43..8.46 rows=1 width=10)
	        Index Cond: (id = 1557515)

table 7 : explain UPDATE sbtest7 SET k=k+1 WHERE id=5960950
	Update on sbtest7  (cost=0.43..8.46 rows=0 width=0)
	  ->  Index Scan using sbtest7_pkey on sbtest7  (cost=0.43..8.46 rows=1 width=10)
	        Index Cond: (id = 5960950)

table 8 : explain UPDATE sbtest8 SET k=k+1 WHERE id=9006199
	Update on sbtest8  (cost=0.43..8.46 rows=0 width=0)
	  ->  Index Scan using sbtest8_pkey on sbtest8  (cost=0.43..8.46 rows=1 width=10)
	        Index Cond: (id = 9006199)

explain: for non_index_updates :: explain UPDATE sbtest%u SET c='foobar' WHERE id=%u
for inserts
table 1 : explain INSERT INTO sbtest1 (id, k, c, pad) VALUES (5922218, 13, 'foobar', 'foobar')
	Insert on sbtest1  (cost=0.00..0.01 rows=0 width=0)
	  ->  Result  (cost=0.00..0.01 rows=1 width=736)

table 2 : explain INSERT INTO sbtest2 (id, k, c, pad) VALUES (3757062, 13, 'foobar', 'foobar')
	Insert on sbtest2  (cost=0.00..0.01 rows=0 width=0)
	  ->  Result  (cost=0.00..0.01 rows=1 width=736)

table 3 : explain INSERT INTO sbtest3 (id, k, c, pad) VALUES (6393912, 13, 'foobar', 'foobar')
	Insert on sbtest3  (cost=0.00..0.01 rows=0 width=0)
	  ->  Result  (cost=0.00..0.01 rows=1 width=736)

table 4 : explain INSERT INTO sbtest4 (id, k, c, pad) VALUES (9101022, 13, 'foobar', 'foobar')
	Insert on sbtest4  (cost=0.00..0.01 rows=0 width=0)
	  ->  Result  (cost=0.00..0.01 rows=1 width=736)

table 5 : explain INSERT INTO sbtest5 (id, k, c, pad) VALUES (3908595, 13, 'foobar', 'foobar')
	Insert on sbtest5  (cost=0.00..0.01 rows=0 width=0)
	  ->  Result  (cost=0.00..0.01 rows=1 width=736)

table 6 : explain INSERT INTO sbtest6 (id, k, c, pad) VALUES (6163110, 13, 'foobar', 'foobar')
	Insert on sbtest6  (cost=0.00..0.01 rows=0 width=0)
	  ->  Result  (cost=0.00..0.01 rows=1 width=736)

table 7 : explain INSERT INTO sbtest7 (id, k, c, pad) VALUES (866522, 13, 'foobar', 'foobar')
	Insert on sbtest7  (cost=0.00..0.01 rows=0 width=0)
	  ->  Result  (cost=0.00..0.01 rows=1 width=736)

table 8 : explain INSERT INTO sbtest8 (id, k, c, pad) VALUES (4263619, 13, 'foobar', 'foobar')
	Insert on sbtest8  (cost=0.00..0.01 rows=0 width=0)
	  ->  Result  (cost=0.00..0.01 rows=1 width=736)

for: order_ranges
table 1 : explain SELECT c FROM sbtest1 WHERE id BETWEEN 7523086 AND 7523095 ORDER BY c
	Sort  (cost=40.80..40.82 rows=10 width=121)
	  Sort Key: c
	  ->  Index Scan using sbtest1_pkey on sbtest1  (cost=0.43..40.63 rows=10 width=121)
	        Index Cond: ((id >= 7523086) AND (id <= 7523095))

table 2 : explain SELECT c FROM sbtest2 WHERE id BETWEEN 6861785 AND 6861794 ORDER BY c
	Sort  (cost=37.15..37.17 rows=9 width=121)
	  Sort Key: c
	  ->  Index Scan using sbtest2_pkey on sbtest2  (cost=0.43..37.01 rows=9 width=121)
	        Index Cond: ((id >= 6861785) AND (id <= 6861794))

table 3 : explain SELECT c FROM sbtest3 WHERE id BETWEEN 866662 AND 866671 ORDER BY c
	Sort  (cost=44.22..44.25 rows=11 width=121)
	  Sort Key: c
	  ->  Index Scan using sbtest3_pkey on sbtest3  (cost=0.43..44.03 rows=11 width=121)
	        Index Cond: ((id >= 866662) AND (id <= 866671))

table 4 : explain SELECT c FROM sbtest4 WHERE id BETWEEN 2604129 AND 2604138 ORDER BY c
	Sort  (cost=40.43..40.46 rows=10 width=121)
	  Sort Key: c
	  ->  Index Scan using sbtest4_pkey on sbtest4  (cost=0.43..40.27 rows=10 width=121)
	        Index Cond: ((id >= 2604129) AND (id <= 2604138))

table 5 : explain SELECT c FROM sbtest5 WHERE id BETWEEN 5435832 AND 5435841 ORDER BY c
	Sort  (cost=40.78..40.81 rows=10 width=121)
	  Sort Key: c
	  ->  Index Scan using sbtest5_pkey on sbtest5  (cost=0.43..40.62 rows=10 width=121)
	        Index Cond: ((id >= 5435832) AND (id <= 5435841))

table 6 : explain SELECT c FROM sbtest6 WHERE id BETWEEN 2210062 AND 2210071 ORDER BY c
	Sort  (cost=40.55..40.58 rows=10 width=121)
	  Sort Key: c
	  ->  Index Scan using sbtest6_pkey on sbtest6  (cost=0.43..40.39 rows=10 width=121)
	        Index Cond: ((id >= 2210062) AND (id <= 2210071))

table 7 : explain SELECT c FROM sbtest7 WHERE id BETWEEN 8716805 AND 8716814 ORDER BY c
	Sort  (cost=40.47..40.49 rows=10 width=121)
	  Sort Key: c
	  ->  Index Scan using sbtest7_pkey on sbtest7  (cost=0.43..40.30 rows=10 width=121)
	        Index Cond: ((id >= 8716805) AND (id <= 8716814))

table 8 : explain SELECT c FROM sbtest8 WHERE id BETWEEN 6817825 AND 6817834 ORDER BY c
	Sort  (cost=40.51..40.53 rows=10 width=121)
	  Sort Key: c
	  ->  Index Scan using sbtest8_pkey on sbtest8  (cost=0.43..40.34 rows=10 width=121)
	        Index Cond: ((id >= 6817825) AND (id <= 6817834))

for index_updates
table 1 : explain UPDATE sbtest1 SET k=k+1 WHERE id=5319993
	Update on sbtest1  (cost=0.43..8.46 rows=0 width=0)
	  ->  Index Scan using sbtest1_pkey on sbtest1  (cost=0.43..8.46 rows=1 width=10)
	        Index Cond: (id = 5319993)

table 2 : explain UPDATE sbtest2 SET k=k+1 WHERE id=7353010
	Update on sbtest2  (cost=0.43..8.46 rows=0 width=0)
	  ->  Index Scan using sbtest2_pkey on sbtest2  (cost=0.43..8.46 rows=1 width=10)
	        Index Cond: (id = 7353010)

table 3 : explain UPDATE sbtest3 SET k=k+1 WHERE id=7006652
	Update on sbtest3  (cost=0.43..8.46 rows=0 width=0)
	  ->  Index Scan using sbtest3_pkey on sbtest3  (cost=0.43..8.46 rows=1 width=10)
	        Index Cond: (id = 7006652)

table 4 : explain UPDATE sbtest4 SET k=k+1 WHERE id=5559666
	Update on sbtest4  (cost=0.43..8.46 rows=0 width=0)
	  ->  Index Scan using sbtest4_pkey on sbtest4  (cost=0.43..8.46 rows=1 width=10)
	        Index Cond: (id = 5559666)

table 5 : explain UPDATE sbtest5 SET k=k+1 WHERE id=7476184
	Update on sbtest5  (cost=0.43..8.46 rows=0 width=0)
	  ->  Index Scan using sbtest5_pkey on sbtest5  (cost=0.43..8.46 rows=1 width=10)
	        Index Cond: (id = 7476184)

table 6 : explain UPDATE sbtest6 SET k=k+1 WHERE id=2180431
	Update on sbtest6  (cost=0.43..8.46 rows=0 width=0)
	  ->  Index Scan using sbtest6_pkey on sbtest6  (cost=0.43..8.46 rows=1 width=10)
	        Index Cond: (id = 2180431)

table 7 : explain UPDATE sbtest7 SET k=k+1 WHERE id=7007521
	Update on sbtest7  (cost=0.43..8.46 rows=0 width=0)
	  ->  Index Scan using sbtest7_pkey on sbtest7  (cost=0.43..8.46 rows=1 width=10)
	        Index Cond: (id = 7007521)

table 8 : explain UPDATE sbtest8 SET k=k+1 WHERE id=8308137
	Update on sbtest8  (cost=0.43..8.46 rows=0 width=0)
	  ->  Index Scan using sbtest8_pkey on sbtest8  (cost=0.43..8.46 rows=1 width=10)
	        Index Cond: (id = 8308137)

for: simple_ranges
table 1 : explain SELECT c FROM sbtest1 WHERE id BETWEEN 7964650 AND 7964659
	Index Scan using sbtest1_pkey on sbtest1  (cost=0.43..40.63 rows=10 width=121)
	  Index Cond: ((id >= 7964650) AND (id <= 7964659))

table 2 : explain SELECT c FROM sbtest2 WHERE id BETWEEN 8316965 AND 8316974
	Index Scan using sbtest2_pkey on sbtest2  (cost=0.43..40.58 rows=10 width=121)
	  Index Cond: ((id >= 8316965) AND (id <= 8316974))

table 3 : explain SELECT c FROM sbtest3 WHERE id BETWEEN 9143601 AND 9143610
	Index Scan using sbtest3_pkey on sbtest3  (cost=0.43..40.48 rows=10 width=121)
	  Index Cond: ((id >= 9143601) AND (id <= 9143610))

table 4 : explain SELECT c FROM sbtest4 WHERE id BETWEEN 1603250 AND 1603259
	Index Scan using sbtest4_pkey on sbtest4  (cost=0.43..36.73 rows=9 width=121)
	  Index Cond: ((id >= 1603250) AND (id <= 1603259))

table 5 : explain SELECT c FROM sbtest5 WHERE id BETWEEN 4334943 AND 4334952
	Index Scan using sbtest5_pkey on sbtest5  (cost=0.43..40.62 rows=10 width=121)
	  Index Cond: ((id >= 4334943) AND (id <= 4334952))

table 6 : explain SELECT c FROM sbtest6 WHERE id BETWEEN 3599144 AND 3599153
	Index Scan using sbtest6_pkey on sbtest6  (cost=0.43..40.39 rows=10 width=121)
	  Index Cond: ((id >= 3599144) AND (id <= 3599153))

table 7 : explain SELECT c FROM sbtest7 WHERE id BETWEEN 6760222 AND 6760231
	Index Scan using sbtest7_pkey on sbtest7  (cost=0.43..40.30 rows=10 width=121)
	  Index Cond: ((id >= 6760222) AND (id <= 6760231))

table 8 : explain SELECT c FROM sbtest8 WHERE id BETWEEN 6455315 AND 6455324
	Index Scan using sbtest8_pkey on sbtest8  (cost=0.43..43.89 rows=11 width=121)
	  Index Cond: ((id >= 6455315) AND (id <= 6455324))

for index_updates
table 1 : explain UPDATE sbtest1 SET k=k+1 WHERE id=5549374
	Update on sbtest1  (cost=0.43..8.46 rows=0 width=0)
	  ->  Index Scan using sbtest1_pkey on sbtest1  (cost=0.43..8.46 rows=1 width=10)
	        Index Cond: (id = 5549374)

table 2 : explain UPDATE sbtest2 SET k=k+1 WHERE id=8652857
	Update on sbtest2  (cost=0.43..8.46 rows=0 width=0)
	  ->  Index Scan using sbtest2_pkey on sbtest2  (cost=0.43..8.46 rows=1 width=10)
	        Index Cond: (id = 8652857)

table 3 : explain UPDATE sbtest3 SET k=k+1 WHERE id=1552001
	Update on sbtest3  (cost=0.43..8.46 rows=0 width=0)
	  ->  Index Scan using sbtest3_pkey on sbtest3  (cost=0.43..8.46 rows=1 width=10)
	        Index Cond: (id = 1552001)

table 4 : explain UPDATE sbtest4 SET k=k+1 WHERE id=7695179
	Update on sbtest4  (cost=0.43..8.46 rows=0 width=0)
	  ->  Index Scan using sbtest4_pkey on sbtest4  (cost=0.43..8.46 rows=1 width=10)
	        Index Cond: (id = 7695179)

table 5 : explain UPDATE sbtest5 SET k=k+1 WHERE id=6462998
	Update on sbtest5  (cost=0.43..8.46 rows=0 width=0)
	  ->  Index Scan using sbtest5_pkey on sbtest5  (cost=0.43..8.46 rows=1 width=10)
	        Index Cond: (id = 6462998)

table 6 : explain UPDATE sbtest6 SET k=k+1 WHERE id=6514807
	Update on sbtest6  (cost=0.43..8.46 rows=0 width=0)
	  ->  Index Scan using sbtest6_pkey on sbtest6  (cost=0.43..8.46 rows=1 width=10)
	        Index Cond: (id = 6514807)

table 7 : explain UPDATE sbtest7 SET k=k+1 WHERE id=8183026
	Update on sbtest7  (cost=0.43..8.46 rows=0 width=0)
	  ->  Index Scan using sbtest7_pkey on sbtest7  (cost=0.43..8.46 rows=1 width=10)
	        Index Cond: (id = 8183026)

table 8 : explain UPDATE sbtest8 SET k=k+1 WHERE id=1455702
	Update on sbtest8  (cost=0.43..8.46 rows=0 width=0)
	  ->  Index Scan using sbtest8_pkey on sbtest8  (cost=0.43..8.46 rows=1 width=10)
	        Index Cond: (id = 1455702)

for: distinct_ranges
table 1 : explain SELECT DISTINCT c FROM sbtest1 WHERE id BETWEEN 6501301 AND 6501310 ORDER BY c
	Unique  (cost=37.20..37.24 rows=9 width=121)
	  ->  Sort  (cost=37.20..37.22 rows=9 width=121)
	        Sort Key: c
	        ->  Index Scan using sbtest1_pkey on sbtest1  (cost=0.43..37.06 rows=9 width=121)
	              Index Cond: ((id >= 6501301) AND (id <= 6501310))

table 2 : explain SELECT DISTINCT c FROM sbtest2 WHERE id BETWEEN 7427378 AND 7427387 ORDER BY c
	Unique  (cost=40.74..40.79 rows=10 width=121)
	  ->  Sort  (cost=40.74..40.77 rows=10 width=121)
	        Sort Key: c
	        ->  Index Scan using sbtest2_pkey on sbtest2  (cost=0.43..40.58 rows=10 width=121)
	              Index Cond: ((id >= 7427378) AND (id <= 7427387))

table 3 : explain SELECT DISTINCT c FROM sbtest3 WHERE id BETWEEN 2745203 AND 2745212 ORDER BY c
	Unique  (cost=40.64..40.69 rows=10 width=121)
	  ->  Sort  (cost=40.64..40.67 rows=10 width=121)
	        Sort Key: c
	        ->  Index Scan using sbtest3_pkey on sbtest3  (cost=0.43..40.48 rows=10 width=121)
	              Index Cond: ((id >= 2745203) AND (id <= 2745212))

table 4 : explain SELECT DISTINCT c FROM sbtest4 WHERE id BETWEEN 5677790 AND 5677799 ORDER BY c
	Unique  (cost=43.99..44.05 rows=11 width=121)
	  ->  Sort  (cost=43.99..44.02 rows=11 width=121)
	        Sort Key: c
	        ->  Index Scan using sbtest4_pkey on sbtest4  (cost=0.43..43.80 rows=11 width=121)
	              Index Cond: ((id >= 5677790) AND (id <= 5677799))

table 5 : explain SELECT DISTINCT c FROM sbtest5 WHERE id BETWEEN 6431184 AND 6431193 ORDER BY c
	Unique  (cost=40.78..40.83 rows=10 width=121)
	  ->  Sort  (cost=40.78..40.81 rows=10 width=121)
	        Sort Key: c
	        ->  Index Scan using sbtest5_pkey on sbtest5  (cost=0.43..40.62 rows=10 width=121)
	              Index Cond: ((id >= 6431184) AND (id <= 6431193))

table 6 : explain SELECT DISTINCT c FROM sbtest6 WHERE id BETWEEN 7227506 AND 7227515 ORDER BY c
	Unique  (cost=36.98..37.03 rows=9 width=121)
	  ->  Sort  (cost=36.98..37.00 rows=9 width=121)
	        Sort Key: c
	        ->  Index Scan using sbtest6_pkey on sbtest6  (cost=0.43..36.84 rows=9 width=121)
	              Index Cond: ((id >= 7227506) AND (id <= 7227515))

table 7 : explain SELECT DISTINCT c FROM sbtest7 WHERE id BETWEEN 7893022 AND 7893031 ORDER BY c
	Unique  (cost=36.91..36.95 rows=9 width=121)
	  ->  Sort  (cost=36.91..36.93 rows=9 width=121)
	        Sort Key: c
	        ->  Index Scan using sbtest7_pkey on sbtest7  (cost=0.43..36.76 rows=9 width=121)
	              Index Cond: ((id >= 7893022) AND (id <= 7893031))

table 8 : explain SELECT DISTINCT c FROM sbtest8 WHERE id BETWEEN 7816840 AND 7816849 ORDER BY c
	Unique  (cost=36.94..36.99 rows=9 width=121)
	  ->  Sort  (cost=36.94..36.96 rows=9 width=121)
	        Sort Key: c
	        ->  Index Scan using sbtest8_pkey on sbtest8  (cost=0.43..36.80 rows=9 width=121)
	              Index Cond: ((id >= 7816840) AND (id <= 7816849))

explain: for non_index_updates :: explain UPDATE sbtest%u SET c='foobar' WHERE id=%u
for: distinct_ranges
table 1 : explain SELECT DISTINCT c FROM sbtest1 WHERE id BETWEEN 3887872 AND 3887881 ORDER BY c
	Unique  (cost=40.80..40.85 rows=10 width=121)
	  ->  Sort  (cost=40.80..40.82 rows=10 width=121)
	        Sort Key: c
	        ->  Index Scan using sbtest1_pkey on sbtest1  (cost=0.43..40.63 rows=10 width=121)
	              Index Cond: ((id >= 3887872) AND (id <= 3887881))

table 2 : explain SELECT DISTINCT c FROM sbtest2 WHERE id BETWEEN 9054971 AND 9054980 ORDER BY c
	Unique  (cost=40.74..40.79 rows=10 width=121)
	  ->  Sort  (cost=40.74..40.77 rows=10 width=121)
	        Sort Key: c
	        ->  Index Scan using sbtest2_pkey on sbtest2  (cost=0.43..40.58 rows=10 width=121)
	              Index Cond: ((id >= 9054971) AND (id <= 9054980))

table 3 : explain SELECT DISTINCT c FROM sbtest3 WHERE id BETWEEN 4797705 AND 4797714 ORDER BY c
	Unique  (cost=37.06..37.11 rows=9 width=121)
	  ->  Sort  (cost=37.06..37.08 rows=9 width=121)
	        Sort Key: c
	        ->  Index Scan using sbtest3_pkey on sbtest3  (cost=0.43..36.92 rows=9 width=121)
	              Index Cond: ((id >= 4797705) AND (id <= 4797714))

table 4 : explain SELECT DISTINCT c FROM sbtest4 WHERE id BETWEEN 1238091 AND 1238100 ORDER BY c
	Unique  (cost=40.43..40.48 rows=10 width=121)
	  ->  Sort  (cost=40.43..40.46 rows=10 width=121)
	        Sort Key: c
	        ->  Index Scan using sbtest4_pkey on sbtest4  (cost=0.43..40.27 rows=10 width=121)
	              Index Cond: ((id >= 1238091) AND (id <= 1238100))

table 5 : explain SELECT DISTINCT c FROM sbtest5 WHERE id BETWEEN 4940493 AND 4940502 ORDER BY c
	Unique  (cost=40.78..40.83 rows=10 width=121)
	  ->  Sort  (cost=40.78..40.81 rows=10 width=121)
	        Sort Key: c
	        ->  Index Scan using sbtest5_pkey on sbtest5  (cost=0.43..40.62 rows=10 width=121)
	              Index Cond: ((id >= 4940493) AND (id <= 4940502))

table 6 : explain SELECT DISTINCT c FROM sbtest6 WHERE id BETWEEN 1550829 AND 1550838 ORDER BY c
	Unique  (cost=40.55..40.60 rows=10 width=121)
	  ->  Sort  (cost=40.55..40.58 rows=10 width=121)
	        Sort Key: c
	        ->  Index Scan using sbtest6_pkey on sbtest6  (cost=0.43..40.39 rows=10 width=121)
	              Index Cond: ((id >= 1550829) AND (id <= 1550838))

table 7 : explain SELECT DISTINCT c FROM sbtest7 WHERE id BETWEEN 4144502 AND 4144511 ORDER BY c
	Unique  (cost=44.03..44.08 rows=11 width=121)
	  ->  Sort  (cost=44.03..44.06 rows=11 width=121)
	        Sort Key: c
	        ->  Index Scan using sbtest7_pkey on sbtest7  (cost=0.43..43.84 rows=11 width=121)
	              Index Cond: ((id >= 4144502) AND (id <= 4144511))

table 8 : explain SELECT DISTINCT c FROM sbtest8 WHERE id BETWEEN 6741428 AND 6741437 ORDER BY c
	Unique  (cost=40.51..40.56 rows=10 width=121)
	  ->  Sort  (cost=40.51..40.53 rows=10 width=121)
	        Sort Key: c
	        ->  Index Scan using sbtest8_pkey on sbtest8  (cost=0.43..40.34 rows=10 width=121)
	              Index Cond: ((id >= 6741428) AND (id <= 6741437))

explain: for non_index_updates :: explain UPDATE sbtest%u SET c='foobar' WHERE id=%u
for deletes
table 1 : explain DELETE FROM sbtest1 WHERE id=5989278
	Delete on sbtest1  (cost=0.43..8.45 rows=0 width=0)
	  ->  Index Scan using sbtest1_pkey on sbtest1  (cost=0.43..8.45 rows=1 width=6)
	        Index Cond: (id = 5989278)

table 2 : explain DELETE FROM sbtest2 WHERE id=2765598
	Delete on sbtest2  (cost=0.43..8.45 rows=0 width=0)
	  ->  Index Scan using sbtest2_pkey on sbtest2  (cost=0.43..8.45 rows=1 width=6)
	        Index Cond: (id = 2765598)

table 3 : explain DELETE FROM sbtest3 WHERE id=5775946
	Delete on sbtest3  (cost=0.43..8.45 rows=0 width=0)
	  ->  Index Scan using sbtest3_pkey on sbtest3  (cost=0.43..8.45 rows=1 width=6)
	        Index Cond: (id = 5775946)

table 4 : explain DELETE FROM sbtest4 WHERE id=7395089
	Delete on sbtest4  (cost=0.43..8.45 rows=0 width=0)
	  ->  Index Scan using sbtest4_pkey on sbtest4  (cost=0.43..8.45 rows=1 width=6)
	        Index Cond: (id = 7395089)

table 5 : explain DELETE FROM sbtest5 WHERE id=446574
	Delete on sbtest5  (cost=0.43..8.45 rows=0 width=0)
	  ->  Index Scan using sbtest5_pkey on sbtest5  (cost=0.43..8.45 rows=1 width=6)
	        Index Cond: (id = 446574)

table 6 : explain DELETE FROM sbtest6 WHERE id=7347210
	Delete on sbtest6  (cost=0.43..8.45 rows=0 width=0)
	  ->  Index Scan using sbtest6_pkey on sbtest6  (cost=0.43..8.45 rows=1 width=6)
	        Index Cond: (id = 7347210)

table 7 : explain DELETE FROM sbtest7 WHERE id=3685325
	Delete on sbtest7  (cost=0.43..8.45 rows=0 width=0)
	  ->  Index Scan using sbtest7_pkey on sbtest7  (cost=0.43..8.45 rows=1 width=6)
	        Index Cond: (id = 3685325)

table 8 : explain DELETE FROM sbtest8 WHERE id=4924221
	Delete on sbtest8  (cost=0.43..8.45 rows=0 width=0)
	  ->  Index Scan using sbtest8_pkey on sbtest8  (cost=0.43..8.45 rows=1 width=6)
	        Index Cond: (id = 4924221)

for non_index_updates
table 1 : explain UPDATE sbtest1 SET c='foobar' WHERE id=9504064
	Update on sbtest1  (cost=0.43..8.45 rows=0 width=0)
	  ->  Index Scan using sbtest1_pkey on sbtest1  (cost=0.43..8.45 rows=1 width=490)
	        Index Cond: (id = 9504064)

table 2 : explain UPDATE sbtest2 SET c='foobar' WHERE id=4806025
	Update on sbtest2  (cost=0.43..8.45 rows=0 width=0)
	  ->  Index Scan using sbtest2_pkey on sbtest2  (cost=0.43..8.45 rows=1 width=490)
	        Index Cond: (id = 4806025)

table 3 : explain UPDATE sbtest3 SET c='foobar' WHERE id=7142226
	Update on sbtest3  (cost=0.43..8.45 rows=0 width=0)
	  ->  Index Scan using sbtest3_pkey on sbtest3  (cost=0.43..8.45 rows=1 width=490)
	        Index Cond: (id = 7142226)

table 4 : explain UPDATE sbtest4 SET c='foobar' WHERE id=6779224
	Update on sbtest4  (cost=0.43..8.45 rows=0 width=0)
	  ->  Index Scan using sbtest4_pkey on sbtest4  (cost=0.43..8.45 rows=1 width=490)
	        Index Cond: (id = 6779224)

table 5 : explain UPDATE sbtest5 SET c='foobar' WHERE id=6763707
	Update on sbtest5  (cost=0.43..8.45 rows=0 width=0)
	  ->  Index Scan using sbtest5_pkey on sbtest5  (cost=0.43..8.45 rows=1 width=490)
	        Index Cond: (id = 6763707)

table 6 : explain UPDATE sbtest6 SET c='foobar' WHERE id=2733064
	Update on sbtest6  (cost=0.43..8.45 rows=0 width=0)
	  ->  Index Scan using sbtest6_pkey on sbtest6  (cost=0.43..8.45 rows=1 width=490)
	        Index Cond: (id = 2733064)

table 7 : explain UPDATE sbtest7 SET c='foobar' WHERE id=9318946
	Update on sbtest7  (cost=0.43..8.45 rows=0 width=0)
	  ->  Index Scan using sbtest7_pkey on sbtest7  (cost=0.43..8.45 rows=1 width=490)
	        Index Cond: (id = 9318946)

table 8 : explain UPDATE sbtest8 SET c='foobar' WHERE id=7376752
	Update on sbtest8  (cost=0.43..8.45 rows=0 width=0)
	  ->  Index Scan using sbtest8_pkey on sbtest8  (cost=0.43..8.45 rows=1 width=490)
	        Index Cond: (id = 7376752)

for: distinct_ranges
table 1 : explain SELECT DISTINCT c FROM sbtest1 WHERE id BETWEEN 2068514 AND 2068523 ORDER BY c
	Unique  (cost=37.20..37.24 rows=9 width=121)
	  ->  Sort  (cost=37.20..37.22 rows=9 width=121)
	        Sort Key: c
	        ->  Index Scan using sbtest1_pkey on sbtest1  (cost=0.43..37.06 rows=9 width=121)
	              Index Cond: ((id >= 2068514) AND (id <= 2068523))

table 2 : explain SELECT DISTINCT c FROM sbtest2 WHERE id BETWEEN 4499430 AND 4499439 ORDER BY c
	Unique  (cost=40.74..40.79 rows=10 width=121)
	  ->  Sort  (cost=40.74..40.77 rows=10 width=121)
	        Sort Key: c
	        ->  Index Scan using sbtest2_pkey on sbtest2  (cost=0.43..40.58 rows=10 width=121)
	              Index Cond: ((id >= 4499430) AND (id <= 4499439))

table 3 : explain SELECT DISTINCT c FROM sbtest3 WHERE id BETWEEN 5386191 AND 5386200 ORDER BY c
	Unique  (cost=40.64..40.69 rows=10 width=121)
	  ->  Sort  (cost=40.64..40.67 rows=10 width=121)
	        Sort Key: c
	        ->  Index Scan using sbtest3_pkey on sbtest3  (cost=0.43..40.48 rows=10 width=121)
	              Index Cond: ((id >= 5386191) AND (id <= 5386200))

table 4 : explain SELECT DISTINCT c FROM sbtest4 WHERE id BETWEEN 9306561 AND 9306570 ORDER BY c
	Unique  (cost=36.87..36.92 rows=9 width=121)
	  ->  Sort  (cost=36.87..36.90 rows=9 width=121)
	        Sort Key: c
	        ->  Index Scan using sbtest4_pkey on sbtest4  (cost=0.43..36.73 rows=9 width=121)
	              Index Cond: ((id >= 9306561) AND (id <= 9306570))

table 5 : explain SELECT DISTINCT c FROM sbtest5 WHERE id BETWEEN 9372435 AND 9372444 ORDER BY c
	Unique  (cost=40.78..40.83 rows=10 width=121)
	  ->  Sort  (cost=40.78..40.81 rows=10 width=121)
	        Sort Key: c
	        ->  Index Scan using sbtest5_pkey on sbtest5  (cost=0.43..40.62 rows=10 width=121)
	              Index Cond: ((id >= 9372435) AND (id <= 9372444))

table 6 : explain SELECT DISTINCT c FROM sbtest6 WHERE id BETWEEN 2633937 AND 2633946 ORDER BY c
	Unique  (cost=40.55..40.60 rows=10 width=121)
	  ->  Sort  (cost=40.55..40.58 rows=10 width=121)
	        Sort Key: c
	        ->  Index Scan using sbtest6_pkey on sbtest6  (cost=0.43..40.39 rows=10 width=121)
	              Index Cond: ((id >= 2633937) AND (id <= 2633946))

table 7 : explain SELECT DISTINCT c FROM sbtest7 WHERE id BETWEEN 1680322 AND 1680331 ORDER BY c
	Unique  (cost=40.47..40.52 rows=10 width=121)
	  ->  Sort  (cost=40.47..40.49 rows=10 width=121)
	        Sort Key: c
	        ->  Index Scan using sbtest7_pkey on sbtest7  (cost=0.43..40.30 rows=10 width=121)
	              Index Cond: ((id >= 1680322) AND (id <= 1680331))

table 8 : explain SELECT DISTINCT c FROM sbtest8 WHERE id BETWEEN 2206873 AND 2206882 ORDER BY c
	Unique  (cost=40.51..40.56 rows=10 width=121)
	  ->  Sort  (cost=40.51..40.53 rows=10 width=121)
	        Sort Key: c
	        ->  Index Scan using sbtest8_pkey on sbtest8  (cost=0.43..40.34 rows=10 width=121)
	              Index Cond: ((id >= 2206873) AND (id <= 2206882))

explain: for non_index_updates :: explain UPDATE sbtest%u SET c='foobar' WHERE id=%u
for non_index_updates
table 1 : explain UPDATE sbtest1 SET c='foobar' WHERE id=9069398
	Update on sbtest1  (cost=0.43..8.45 rows=0 width=0)
	  ->  Index Scan using sbtest1_pkey on sbtest1  (cost=0.43..8.45 rows=1 width=490)
	        Index Cond: (id = 9069398)

table 2 : explain UPDATE sbtest2 SET c='foobar' WHERE id=8181179
	Update on sbtest2  (cost=0.43..8.45 rows=0 width=0)
	  ->  Index Scan using sbtest2_pkey on sbtest2  (cost=0.43..8.45 rows=1 width=490)
	        Index Cond: (id = 8181179)

table 3 : explain UPDATE sbtest3 SET c='foobar' WHERE id=7241447
	Update on sbtest3  (cost=0.43..8.45 rows=0 width=0)
	  ->  Index Scan using sbtest3_pkey on sbtest3  (cost=0.43..8.45 rows=1 width=490)
	        Index Cond: (id = 7241447)

table 4 : explain UPDATE sbtest4 SET c='foobar' WHERE id=6005226
	Update on sbtest4  (cost=0.43..8.45 rows=0 width=0)
	  ->  Index Scan using sbtest4_pkey on sbtest4  (cost=0.43..8.45 rows=1 width=490)
	        Index Cond: (id = 6005226)

table 5 : explain UPDATE sbtest5 SET c='foobar' WHERE id=6972296
	Update on sbtest5  (cost=0.43..8.45 rows=0 width=0)
	  ->  Index Scan using sbtest5_pkey on sbtest5  (cost=0.43..8.45 rows=1 width=490)
	        Index Cond: (id = 6972296)

table 6 : explain UPDATE sbtest6 SET c='foobar' WHERE id=9267491
	Update on sbtest6  (cost=0.43..8.45 rows=0 width=0)
	  ->  Index Scan using sbtest6_pkey on sbtest6  (cost=0.43..8.45 rows=1 width=490)
	        Index Cond: (id = 9267491)

table 7 : explain UPDATE sbtest7 SET c='foobar' WHERE id=5559098
	Update on sbtest7  (cost=0.43..8.45 rows=0 width=0)
	  ->  Index Scan using sbtest7_pkey on sbtest7  (cost=0.43..8.45 rows=1 width=490)
	        Index Cond: (id = 5559098)

table 8 : explain UPDATE sbtest8 SET c='foobar' WHERE id=7965507
	Update on sbtest8  (cost=0.43..8.45 rows=0 width=0)
	  ->  Index Scan using sbtest8_pkey on sbtest8  (cost=0.43..8.45 rows=1 width=490)
	        Index Cond: (id = 7965507)

explain: for index_updates :: explain UPDATE sbtest%u SET k=k+1 WHERE id=%u
for: sum_ranges
table 1 : explain SELECT SUM(k) FROM sbtest1 WHERE id BETWEEN 8293165 AND 8293174
	Aggregate  (cost=40.66..40.67 rows=1 width=8)
	  ->  Index Scan using sbtest1_pkey on sbtest1  (cost=0.43..40.63 rows=10 width=4)
	        Index Cond: ((id >= 8293165) AND (id <= 8293174))

table 2 : explain SELECT SUM(k) FROM sbtest2 WHERE id BETWEEN 3827446 AND 3827455
	Aggregate  (cost=40.60..40.61 rows=1 width=8)
	  ->  Index Scan using sbtest2_pkey on sbtest2  (cost=0.43..40.58 rows=10 width=4)
	        Index Cond: ((id >= 3827446) AND (id <= 3827455))

table 3 : explain SELECT SUM(k) FROM sbtest3 WHERE id BETWEEN 3968411 AND 3968420
	Aggregate  (cost=40.50..40.51 rows=1 width=8)
	  ->  Index Scan using sbtest3_pkey on sbtest3  (cost=0.43..40.48 rows=10 width=4)
	        Index Cond: ((id >= 3968411) AND (id <= 3968420))

table 4 : explain SELECT SUM(k) FROM sbtest4 WHERE id BETWEEN 353583 AND 353592
	Aggregate  (cost=40.29..40.30 rows=1 width=8)
	  ->  Index Scan using sbtest4_pkey on sbtest4  (cost=0.43..40.27 rows=10 width=4)
	        Index Cond: ((id >= 353583) AND (id <= 353592))

table 5 : explain SELECT SUM(k) FROM sbtest5 WHERE id BETWEEN 6485347 AND 6485356
	Aggregate  (cost=40.64..40.65 rows=1 width=8)
	  ->  Index Scan using sbtest5_pkey on sbtest5  (cost=0.43..40.62 rows=10 width=4)
	        Index Cond: ((id >= 6485347) AND (id <= 6485356))

table 6 : explain SELECT SUM(k) FROM sbtest6 WHERE id BETWEEN 1425788 AND 1425797
	Aggregate  (cost=40.41..40.42 rows=1 width=8)
	  ->  Index Scan using sbtest6_pkey on sbtest6  (cost=0.43..40.39 rows=10 width=4)
	        Index Cond: ((id >= 1425788) AND (id <= 1425797))

table 7 : explain SELECT SUM(k) FROM sbtest7 WHERE id BETWEEN 4312680 AND 4312689
	Aggregate  (cost=36.79..36.80 rows=1 width=8)
	  ->  Index Scan using sbtest7_pkey on sbtest7  (cost=0.43..36.76 rows=9 width=4)
	        Index Cond: ((id >= 4312680) AND (id <= 4312689))

table 8 : explain SELECT SUM(k) FROM sbtest8 WHERE id BETWEEN 4767429 AND 4767438
	Aggregate  (cost=40.37..40.38 rows=1 width=8)
	  ->  Index Scan using sbtest8_pkey on sbtest8  (cost=0.43..40.34 rows=10 width=4)
	        Index Cond: ((id >= 4767429) AND (id <= 4767438))

for: sum_ranges
table 1 : explain SELECT SUM(k) FROM sbtest1 WHERE id BETWEEN 5368845 AND 5368854
	Aggregate  (cost=44.23..44.24 rows=1 width=8)
	  ->  Index Scan using sbtest1_pkey on sbtest1  (cost=0.43..44.21 rows=11 width=4)
	        Index Cond: ((id >= 5368845) AND (id <= 5368854))

table 2 : explain SELECT SUM(k) FROM sbtest2 WHERE id BETWEEN 7022064 AND 7022073
	Aggregate  (cost=37.03..37.04 rows=1 width=8)
	  ->  Index Scan using sbtest2_pkey on sbtest2  (cost=0.43..37.01 rows=9 width=4)
	        Index Cond: ((id >= 7022064) AND (id <= 7022073))

table 3 : explain SELECT SUM(k) FROM sbtest3 WHERE id BETWEEN 2964340 AND 2964349
	Aggregate  (cost=36.94..36.95 rows=1 width=8)
	  ->  Index Scan using sbtest3_pkey on sbtest3  (cost=0.43..36.92 rows=9 width=4)
	        Index Cond: ((id >= 2964340) AND (id <= 2964349))

table 4 : explain SELECT SUM(k) FROM sbtest4 WHERE id BETWEEN 2356009 AND 2356018
	Aggregate  (cost=43.83..43.84 rows=1 width=8)
	  ->  Index Scan using sbtest4_pkey on sbtest4  (cost=0.43..43.80 rows=11 width=4)
	        Index Cond: ((id >= 2356009) AND (id <= 2356018))

table 5 : explain SELECT SUM(k) FROM sbtest5 WHERE id BETWEEN 9731439 AND 9731448
	Aggregate  (cost=40.64..40.65 rows=1 width=8)
	  ->  Index Scan using sbtest5_pkey on sbtest5  (cost=0.43..40.62 rows=10 width=4)
	        Index Cond: ((id >= 9731439) AND (id <= 9731448))

table 6 : explain SELECT SUM(k) FROM sbtest6 WHERE id BETWEEN 3746584 AND 3746593
	Aggregate  (cost=40.41..40.42 rows=1 width=8)
	  ->  Index Scan using sbtest6_pkey on sbtest6  (cost=0.43..40.39 rows=10 width=4)
	        Index Cond: ((id >= 3746584) AND (id <= 3746593))

table 7 : explain SELECT SUM(k) FROM sbtest7 WHERE id BETWEEN 6924207 AND 6924216
	Aggregate  (cost=40.33..40.34 rows=1 width=8)
	  ->  Index Scan using sbtest7_pkey on sbtest7  (cost=0.43..40.30 rows=10 width=4)
	        Index Cond: ((id >= 6924207) AND (id <= 6924216))

table 8 : explain SELECT SUM(k) FROM sbtest8 WHERE id BETWEEN 4468837 AND 4468846
	Aggregate  (cost=40.37..40.38 rows=1 width=8)
	  ->  Index Scan using sbtest8_pkey on sbtest8  (cost=0.43..40.34 rows=10 width=4)
	        Index Cond: ((id >= 4468837) AND (id <= 4468846))

explain: for index_updates :: explain UPDATE sbtest%u SET k=k+1 WHERE id=%u
explain: for deletes :: explain DELETE FROM sbtest%u WHERE id=%u
for: sum_ranges
table 1 : explain SELECT SUM(k) FROM sbtest1 WHERE id BETWEEN 8105825 AND 8105834
	Aggregate  (cost=37.08..37.09 rows=1 width=8)
	  ->  Index Scan using sbtest1_pkey on sbtest1  (cost=0.43..37.06 rows=9 width=4)
	        Index Cond: ((id >= 8105825) AND (id <= 8105834))

table 2 : explain SELECT SUM(k) FROM sbtest2 WHERE id BETWEEN 4177791 AND 4177800
	Aggregate  (cost=37.03..37.04 rows=1 width=8)
	  ->  Index Scan using sbtest2_pkey on sbtest2  (cost=0.43..37.01 rows=9 width=4)
	        Index Cond: ((id >= 4177791) AND (id <= 4177800))

table 3 : explain SELECT SUM(k) FROM sbtest3 WHERE id BETWEEN 7353061 AND 7353070
	Aggregate  (cost=36.94..36.95 rows=1 width=8)
	  ->  Index Scan using sbtest3_pkey on sbtest3  (cost=0.43..36.92 rows=9 width=4)
	        Index Cond: ((id >= 7353061) AND (id <= 7353070))

table 4 : explain SELECT SUM(k) FROM sbtest4 WHERE id BETWEEN 3551314 AND 3551323
	Aggregate  (cost=36.75..36.76 rows=1 width=8)
	  ->  Index Scan using sbtest4_pkey on sbtest4  (cost=0.43..36.73 rows=9 width=4)
	        Index Cond: ((id >= 3551314) AND (id <= 3551323))

table 5 : explain SELECT SUM(k) FROM sbtest5 WHERE id BETWEEN 6597218 AND 6597227
	Aggregate  (cost=44.22..44.23 rows=1 width=8)
	  ->  Index Scan using sbtest5_pkey on sbtest5  (cost=0.43..44.19 rows=11 width=4)
	        Index Cond: ((id >= 6597218) AND (id <= 6597227))

table 6 : explain SELECT SUM(k) FROM sbtest6 WHERE id BETWEEN 4993485 AND 4993494
	Aggregate  (cost=36.86..36.87 rows=1 width=8)
	  ->  Index Scan using sbtest6_pkey on sbtest6  (cost=0.43..36.84 rows=9 width=4)
	        Index Cond: ((id >= 4993485) AND (id <= 4993494))

table 7 : explain SELECT SUM(k) FROM sbtest7 WHERE id BETWEEN 3329353 AND 3329362
	Aggregate  (cost=36.79..36.80 rows=1 width=8)
	  ->  Index Scan using sbtest7_pkey on sbtest7  (cost=0.43..36.76 rows=9 width=4)
	        Index Cond: ((id >= 3329353) AND (id <= 3329362))

table 8 : explain SELECT SUM(k) FROM sbtest8 WHERE id BETWEEN 86542 AND 86551
	Aggregate  (cost=40.37..40.38 rows=1 width=8)
	  ->  Index Scan using sbtest8_pkey on sbtest8  (cost=0.43..40.34 rows=10 width=4)
	        Index Cond: ((id >= 86542) AND (id <= 86551))

explain: for deletes :: explain DELETE FROM sbtest%u WHERE id=%u
for non_index_updates
table 1 : explain UPDATE sbtest1 SET c='foobar' WHERE id=4377478
	Update on sbtest1  (cost=0.43..8.45 rows=0 width=0)
	  ->  Index Scan using sbtest1_pkey on sbtest1  (cost=0.43..8.45 rows=1 width=490)
	        Index Cond: (id = 4377478)

table 2 : explain UPDATE sbtest2 SET c='foobar' WHERE id=6793334
	Update on sbtest2  (cost=0.43..8.45 rows=0 width=0)
	  ->  Index Scan using sbtest2_pkey on sbtest2  (cost=0.43..8.45 rows=1 width=490)
	        Index Cond: (id = 6793334)

table 3 : explain UPDATE sbtest3 SET c='foobar' WHERE id=2471443
	Update on sbtest3  (cost=0.43..8.45 rows=0 width=0)
	  ->  Index Scan using sbtest3_pkey on sbtest3  (cost=0.43..8.45 rows=1 width=490)
	        Index Cond: (id = 2471443)

table 4 : explain UPDATE sbtest4 SET c='foobar' WHERE id=9558400
	Update on sbtest4  (cost=0.43..8.45 rows=0 width=0)
	  ->  Index Scan using sbtest4_pkey on sbtest4  (cost=0.43..8.45 rows=1 width=490)
	        Index Cond: (id = 9558400)

table 5 : explain UPDATE sbtest5 SET c='foobar' WHERE id=7289494
	Update on sbtest5  (cost=0.43..8.45 rows=0 width=0)
	  ->  Index Scan using sbtest5_pkey on sbtest5  (cost=0.43..8.45 rows=1 width=490)
	        Index Cond: (id = 7289494)

table 6 : explain UPDATE sbtest6 SET c='foobar' WHERE id=801865
	Update on sbtest6  (cost=0.43..8.45 rows=0 width=0)
	  ->  Index Scan using sbtest6_pkey on sbtest6  (cost=0.43..8.45 rows=1 width=490)
	        Index Cond: (id = 801865)

table 7 : explain UPDATE sbtest7 SET c='foobar' WHERE id=7430437
	Update on sbtest7  (cost=0.43..8.45 rows=0 width=0)
	  ->  Index Scan using sbtest7_pkey on sbtest7  (cost=0.43..8.45 rows=1 width=490)
	        Index Cond: (id = 7430437)

table 8 : explain UPDATE sbtest8 SET c='foobar' WHERE id=892219
	Update on sbtest8  (cost=0.43..8.45 rows=0 width=0)
	  ->  Index Scan using sbtest8_pkey on sbtest8  (cost=0.43..8.45 rows=1 width=490)
	        Index Cond: (id = 892219)

explain: for index_updates :: explain UPDATE sbtest%u SET k=k+1 WHERE id=%u
for non_index_updates
table 1 : explain UPDATE sbtest1 SET c='foobar' WHERE id=482542
	Update on sbtest1  (cost=0.43..8.45 rows=0 width=0)
	  ->  Index Scan using sbtest1_pkey on sbtest1  (cost=0.43..8.45 rows=1 width=490)
	        Index Cond: (id = 482542)

table 2 : explain UPDATE sbtest2 SET c='foobar' WHERE id=9735591
	Update on sbtest2  (cost=0.43..8.45 rows=0 width=0)
	  ->  Index Scan using sbtest2_pkey on sbtest2  (cost=0.43..8.45 rows=1 width=490)
	        Index Cond: (id = 9735591)

table 3 : explain UPDATE sbtest3 SET c='foobar' WHERE id=288780
	Update on sbtest3  (cost=0.43..8.45 rows=0 width=0)
	  ->  Index Scan using sbtest3_pkey on sbtest3  (cost=0.43..8.45 rows=1 width=490)
	        Index Cond: (id = 288780)

table 4 : explain UPDATE sbtest4 SET c='foobar' WHERE id=6147932
	Update on sbtest4  (cost=0.43..8.45 rows=0 width=0)
	  ->  Index Scan using sbtest4_pkey on sbtest4  (cost=0.43..8.45 rows=1 width=490)
	        Index Cond: (id = 6147932)

table 5 : explain UPDATE sbtest5 SET c='foobar' WHERE id=3469766
	Update on sbtest5  (cost=0.43..8.45 rows=0 width=0)
	  ->  Index Scan using sbtest5_pkey on sbtest5  (cost=0.43..8.45 rows=1 width=490)
	        Index Cond: (id = 3469766)

table 6 : explain UPDATE sbtest6 SET c='foobar' WHERE id=2108564
	Update on sbtest6  (cost=0.43..8.45 rows=0 width=0)
	  ->  Index Scan using sbtest6_pkey on sbtest6  (cost=0.43..8.45 rows=1 width=490)
	        Index Cond: (id = 2108564)

table 7 : explain UPDATE sbtest7 SET c='foobar' WHERE id=4900881
	Update on sbtest7  (cost=0.43..8.45 rows=0 width=0)
	  ->  Index Scan using sbtest7_pkey on sbtest7  (cost=0.43..8.45 rows=1 width=490)
	        Index Cond: (id = 4900881)

table 8 : explain UPDATE sbtest8 SET c='foobar' WHERE id=1464576
	Update on sbtest8  (cost=0.43..8.45 rows=0 width=0)
	  ->  Index Scan using sbtest8_pkey on sbtest8  (cost=0.43..8.45 rows=1 width=490)
	        Index Cond: (id = 1464576)

for: sum_ranges
table 1 : explain SELECT SUM(k) FROM sbtest1 WHERE id BETWEEN 6156888 AND 6156897
	Aggregate  (cost=40.66..40.67 rows=1 width=8)
	  ->  Index Scan using sbtest1_pkey on sbtest1  (cost=0.43..40.63 rows=10 width=4)
	        Index Cond: ((id >= 6156888) AND (id <= 6156897))

table 2 : explain SELECT SUM(k) FROM sbtest2 WHERE id BETWEEN 59332 AND 59341
	Aggregate  (cost=40.60..40.61 rows=1 width=8)
	  ->  Index Scan using sbtest2_pkey on sbtest2  (cost=0.43..40.58 rows=10 width=4)
	        Index Cond: ((id >= 59332) AND (id <= 59341))

table 3 : explain SELECT SUM(k) FROM sbtest3 WHERE id BETWEEN 9991378 AND 9991387
	Aggregate  (cost=40.50..40.51 rows=1 width=8)
	  ->  Index Scan using sbtest3_pkey on sbtest3  (cost=0.43..40.48 rows=10 width=4)
	        Index Cond: ((id >= 9991378) AND (id <= 9991387))

table 4 : explain SELECT SUM(k) FROM sbtest4 WHERE id BETWEEN 82719 AND 82728
	Aggregate  (cost=36.75..36.76 rows=1 width=8)
	  ->  Index Scan using sbtest4_pkey on sbtest4  (cost=0.43..36.73 rows=9 width=4)
	        Index Cond: ((id >= 82719) AND (id <= 82728))

table 5 : explain SELECT SUM(k) FROM sbtest5 WHERE id BETWEEN 6126590 AND 6126599
	Aggregate  (cost=40.64..40.65 rows=1 width=8)
	  ->  Index Scan using sbtest5_pkey on sbtest5  (cost=0.43..40.62 rows=10 width=4)
	        Index Cond: ((id >= 6126590) AND (id <= 6126599))

table 6 : explain SELECT SUM(k) FROM sbtest6 WHERE id BETWEEN 5668448 AND 5668457
	Aggregate  (cost=40.41..40.42 rows=1 width=8)
	  ->  Index Scan using sbtest6_pkey on sbtest6  (cost=0.43..40.39 rows=10 width=4)
	        Index Cond: ((id >= 5668448) AND (id <= 5668457))

table 7 : explain SELECT SUM(k) FROM sbtest7 WHERE id BETWEEN 5341417 AND 5341426
	Aggregate  (cost=40.33..40.34 rows=1 width=8)
	  ->  Index Scan using sbtest7_pkey on sbtest7  (cost=0.43..40.30 rows=10 width=4)
	        Index Cond: ((id >= 5341417) AND (id <= 5341426))

table 8 : explain SELECT SUM(k) FROM sbtest8 WHERE id BETWEEN 786250 AND 786259
	Aggregate  (cost=40.37..40.38 rows=1 width=8)
	  ->  Index Scan using sbtest8_pkey on sbtest8  (cost=0.43..40.34 rows=10 width=4)
	        Index Cond: ((id >= 786250) AND (id <= 786259))

for non_index_updates
table 1 : explain UPDATE sbtest1 SET c='foobar' WHERE id=5536493
	Update on sbtest1  (cost=0.43..8.45 rows=0 width=0)
	  ->  Index Scan using sbtest1_pkey on sbtest1  (cost=0.43..8.45 rows=1 width=490)
	        Index Cond: (id = 5536493)

table 2 : explain UPDATE sbtest2 SET c='foobar' WHERE id=4031259
	Update on sbtest2  (cost=0.43..8.45 rows=0 width=0)
	  ->  Index Scan using sbtest2_pkey on sbtest2  (cost=0.43..8.45 rows=1 width=490)
	        Index Cond: (id = 4031259)

table 3 : explain UPDATE sbtest3 SET c='foobar' WHERE id=9366534
	Update on sbtest3  (cost=0.43..8.45 rows=0 width=0)
	  ->  Index Scan using sbtest3_pkey on sbtest3  (cost=0.43..8.45 rows=1 width=490)
	        Index Cond: (id = 9366534)

table 4 : explain UPDATE sbtest4 SET c='foobar' WHERE id=8005192
	Update on sbtest4  (cost=0.43..8.45 rows=0 width=0)
	  ->  Index Scan using sbtest4_pkey on sbtest4  (cost=0.43..8.45 rows=1 width=490)
	        Index Cond: (id = 8005192)

table 5 : explain UPDATE sbtest5 SET c='foobar' WHERE id=4194110
	Update on sbtest5  (cost=0.43..8.45 rows=0 width=0)
	  ->  Index Scan using sbtest5_pkey on sbtest5  (cost=0.43..8.45 rows=1 width=490)
	        Index Cond: (id = 4194110)

table 6 : explain UPDATE sbtest6 SET c='foobar' WHERE id=6643585
	Update on sbtest6  (cost=0.43..8.45 rows=0 width=0)
	  ->  Index Scan using sbtest6_pkey on sbtest6  (cost=0.43..8.45 rows=1 width=490)
	        Index Cond: (id = 6643585)

table 7 : explain UPDATE sbtest7 SET c='foobar' WHERE id=640524
	Update on sbtest7  (cost=0.43..8.45 rows=0 width=0)
	  ->  Index Scan using sbtest7_pkey on sbtest7  (cost=0.43..8.45 rows=1 width=490)
	        Index Cond: (id = 640524)

table 8 : explain UPDATE sbtest8 SET c='foobar' WHERE id=4166573
	Update on sbtest8  (cost=0.43..8.45 rows=0 width=0)
	  ->  Index Scan using sbtest8_pkey on sbtest8  (cost=0.43..8.45 rows=1 width=490)
	        Index Cond: (id = 4166573)

explain: for deletes :: explain DELETE FROM sbtest%u WHERE id=%u
for: sum_ranges
table 1 : explain SELECT SUM(k) FROM sbtest1 WHERE id BETWEEN 1025181 AND 1025190
	Aggregate  (cost=37.08..37.09 rows=1 width=8)
	  ->  Index Scan using sbtest1_pkey on sbtest1  (cost=0.43..37.06 rows=9 width=4)
	        Index Cond: ((id >= 1025181) AND (id <= 1025190))

table 2 : explain SELECT SUM(k) FROM sbtest2 WHERE id BETWEEN 9020079 AND 9020088
	Aggregate  (cost=40.60..40.61 rows=1 width=8)
	  ->  Index Scan using sbtest2_pkey on sbtest2  (cost=0.43..40.58 rows=10 width=4)
	        Index Cond: ((id >= 9020079) AND (id <= 9020088))

table 3 : explain SELECT SUM(k) FROM sbtest3 WHERE id BETWEEN 7549089 AND 7549098
	Aggregate  (cost=40.50..40.51 rows=1 width=8)
	  ->  Index Scan using sbtest3_pkey on sbtest3  (cost=0.43..40.48 rows=10 width=4)
	        Index Cond: ((id >= 7549089) AND (id <= 7549098))

table 4 : explain SELECT SUM(k) FROM sbtest4 WHERE id BETWEEN 1188707 AND 1188716
	Aggregate  (cost=40.29..40.30 rows=1 width=8)
	  ->  Index Scan using sbtest4_pkey on sbtest4  (cost=0.43..40.27 rows=10 width=4)
	        Index Cond: ((id >= 1188707) AND (id <= 1188716))

table 5 : explain SELECT SUM(k) FROM sbtest5 WHERE id BETWEEN 9465875 AND 9465884
	Aggregate  (cost=40.64..40.65 rows=1 width=8)
	  ->  Index Scan using sbtest5_pkey on sbtest5  (cost=0.43..40.62 rows=10 width=4)
	        Index Cond: ((id >= 9465875) AND (id <= 9465884))

table 6 : explain SELECT SUM(k) FROM sbtest6 WHERE id BETWEEN 693706 AND 693715
	Aggregate  (cost=36.86..36.87 rows=1 width=8)
	  ->  Index Scan using sbtest6_pkey on sbtest6  (cost=0.43..36.84 rows=9 width=4)
	        Index Cond: ((id >= 693706) AND (id <= 693715))

table 7 : explain SELECT SUM(k) FROM sbtest7 WHERE id BETWEEN 6228699 AND 6228708
	Aggregate  (cost=36.79..36.80 rows=1 width=8)
	  ->  Index Scan using sbtest7_pkey on sbtest7  (cost=0.43..36.76 rows=9 width=4)
	        Index Cond: ((id >= 6228699) AND (id <= 6228708))

table 8 : explain SELECT SUM(k) FROM sbtest8 WHERE id BETWEEN 4529568 AND 4529577
	Aggregate  (cost=40.37..40.38 rows=1 width=8)
	  ->  Index Scan using sbtest8_pkey on sbtest8  (cost=0.43..40.34 rows=10 width=4)
	        Index Cond: ((id >= 4529568) AND (id <= 4529577))

for deletes
table 1 : explain DELETE FROM sbtest1 WHERE id=4797894
	Delete on sbtest1  (cost=0.43..8.45 rows=0 width=0)
	  ->  Index Scan using sbtest1_pkey on sbtest1  (cost=0.43..8.45 rows=1 width=6)
	        Index Cond: (id = 4797894)

table 2 : explain DELETE FROM sbtest2 WHERE id=5261223
	Delete on sbtest2  (cost=0.43..8.45 rows=0 width=0)
	  ->  Index Scan using sbtest2_pkey on sbtest2  (cost=0.43..8.45 rows=1 width=6)
	        Index Cond: (id = 5261223)

table 3 : explain DELETE FROM sbtest3 WHERE id=4446301
	Delete on sbtest3  (cost=0.43..8.45 rows=0 width=0)
	  ->  Index Scan using sbtest3_pkey on sbtest3  (cost=0.43..8.45 rows=1 width=6)
	        Index Cond: (id = 4446301)

table 4 : explain DELETE FROM sbtest4 WHERE id=3188386
	Delete on sbtest4  (cost=0.43..8.45 rows=0 width=0)
	  ->  Index Scan using sbtest4_pkey on sbtest4  (cost=0.43..8.45 rows=1 width=6)
	        Index Cond: (id = 3188386)

table 5 : explain DELETE FROM sbtest5 WHERE id=7192427
	Delete on sbtest5  (cost=0.43..8.45 rows=0 width=0)
	  ->  Index Scan using sbtest5_pkey on sbtest5  (cost=0.43..8.45 rows=1 width=6)
	        Index Cond: (id = 7192427)

table 6 : explain DELETE FROM sbtest6 WHERE id=1854743
	Delete on sbtest6  (cost=0.43..8.45 rows=0 width=0)
	  ->  Index Scan using sbtest6_pkey on sbtest6  (cost=0.43..8.45 rows=1 width=6)
	        Index Cond: (id = 1854743)

table 7 : explain DELETE FROM sbtest7 WHERE id=9175307
	Delete on sbtest7  (cost=0.43..8.45 rows=0 width=0)
	  ->  Index Scan using sbtest7_pkey on sbtest7  (cost=0.43..8.45 rows=1 width=6)
	        Index Cond: (id = 9175307)

table 8 : explain DELETE FROM sbtest8 WHERE id=6686129
	Delete on sbtest8  (cost=0.43..8.45 rows=0 width=0)
	  ->  Index Scan using sbtest8_pkey on sbtest8  (cost=0.43..8.45 rows=1 width=6)
	        Index Cond: (id = 6686129)

for index_updates
table 1 : explain UPDATE sbtest1 SET k=k+1 WHERE id=7900179
	Update on sbtest1  (cost=0.43..8.46 rows=0 width=0)
	  ->  Index Scan using sbtest1_pkey on sbtest1  (cost=0.43..8.46 rows=1 width=10)
	        Index Cond: (id = 7900179)

table 2 : explain UPDATE sbtest2 SET k=k+1 WHERE id=7860438
	Update on sbtest2  (cost=0.43..8.46 rows=0 width=0)
	  ->  Index Scan using sbtest2_pkey on sbtest2  (cost=0.43..8.46 rows=1 width=10)
	        Index Cond: (id = 7860438)

table 3 : explain UPDATE sbtest3 SET k=k+1 WHERE id=9382435
	Update on sbtest3  (cost=0.43..8.46 rows=0 width=0)
	  ->  Index Scan using sbtest3_pkey on sbtest3  (cost=0.43..8.46 rows=1 width=10)
	        Index Cond: (id = 9382435)

table 4 : explain UPDATE sbtest4 SET k=k+1 WHERE id=3960517
	Update on sbtest4  (cost=0.43..8.46 rows=0 width=0)
	  ->  Index Scan using sbtest4_pkey on sbtest4  (cost=0.43..8.46 rows=1 width=10)
	        Index Cond: (id = 3960517)

table 5 : explain UPDATE sbtest5 SET k=k+1 WHERE id=3643415
	Update on sbtest5  (cost=0.43..8.46 rows=0 width=0)
	  ->  Index Scan using sbtest5_pkey on sbtest5  (cost=0.43..8.46 rows=1 width=10)
	        Index Cond: (id = 3643415)

table 6 : explain UPDATE sbtest6 SET k=k+1 WHERE id=1605064
	Update on sbtest6  (cost=0.43..8.46 rows=0 width=0)
	  ->  Index Scan using sbtest6_pkey on sbtest6  (cost=0.43..8.46 rows=1 width=10)
	        Index Cond: (id = 1605064)

table 7 : explain UPDATE sbtest7 SET k=k+1 WHERE id=470412
	Update on sbtest7  (cost=0.43..8.46 rows=0 width=0)
	  ->  Index Scan using sbtest7_pkey on sbtest7  (cost=0.43..8.46 rows=1 width=10)
	        Index Cond: (id = 470412)

table 8 : explain UPDATE sbtest8 SET k=k+1 WHERE id=9610042
	Update on sbtest8  (cost=0.43..8.46 rows=0 width=0)
	  ->  Index Scan using sbtest8_pkey on sbtest8  (cost=0.43..8.46 rows=1 width=10)
	        Index Cond: (id = 9610042)

explain: for deletes :: explain DELETE FROM sbtest%u WHERE id=%u
for: distinct_ranges
table 1 : explain SELECT DISTINCT c FROM sbtest1 WHERE id BETWEEN 844702 AND 844711 ORDER BY c
	Unique  (cost=40.80..40.85 rows=10 width=121)
	  ->  Sort  (cost=40.80..40.82 rows=10 width=121)
	        Sort Key: c
	        ->  Index Scan using sbtest1_pkey on sbtest1  (cost=0.43..40.63 rows=10 width=121)
	              Index Cond: ((id >= 844702) AND (id <= 844711))

table 2 : explain SELECT DISTINCT c FROM sbtest2 WHERE id BETWEEN 8999182 AND 8999191 ORDER BY c
	Unique  (cost=40.74..40.79 rows=10 width=121)
	  ->  Sort  (cost=40.74..40.77 rows=10 width=121)
	        Sort Key: c
	        ->  Index Scan using sbtest2_pkey on sbtest2  (cost=0.43..40.58 rows=10 width=121)
	              Index Cond: ((id >= 8999182) AND (id <= 8999191))

table 3 : explain SELECT DISTINCT c FROM sbtest3 WHERE id BETWEEN 5144101 AND 5144110 ORDER BY c
	Unique  (cost=44.22..44.28 rows=11 width=121)
	  ->  Sort  (cost=44.22..44.25 rows=11 width=121)
	        Sort Key: c
	        ->  Index Scan using sbtest3_pkey on sbtest3  (cost=0.43..44.03 rows=11 width=121)
	              Index Cond: ((id >= 5144101) AND (id <= 5144110))

table 4 : explain SELECT DISTINCT c FROM sbtest4 WHERE id BETWEEN 6128524 AND 6128533 ORDER BY c
	Unique  (cost=36.87..36.92 rows=9 width=121)
	  ->  Sort  (cost=36.87..36.90 rows=9 width=121)
	        Sort Key: c
	        ->  Index Scan using sbtest4_pkey on sbtest4  (cost=0.43..36.73 rows=9 width=121)
	              Index Cond: ((id >= 6128524) AND (id <= 6128533))

table 5 : explain SELECT DISTINCT c FROM sbtest5 WHERE id BETWEEN 4056061 AND 4056070 ORDER BY c
	Unique  (cost=40.78..40.83 rows=10 width=121)
	  ->  Sort  (cost=40.78..40.81 rows=10 width=121)
	        Sort Key: c
	        ->  Index Scan using sbtest5_pkey on sbtest5  (cost=0.43..40.62 rows=10 width=121)
	              Index Cond: ((id >= 4056061) AND (id <= 4056070))

table 6 : explain SELECT DISTINCT c FROM sbtest6 WHERE id BETWEEN 8666259 AND 8666268 ORDER BY c
	Unique  (cost=44.13..44.18 rows=11 width=121)
	  ->  Sort  (cost=44.13..44.15 rows=11 width=121)
	        Sort Key: c
	        ->  Index Scan using sbtest6_pkey on sbtest6  (cost=0.43..43.94 rows=11 width=121)
	              Index Cond: ((id >= 8666259) AND (id <= 8666268))

table 7 : explain SELECT DISTINCT c FROM sbtest7 WHERE id BETWEEN 9776188 AND 9776197 ORDER BY c
	Unique  (cost=36.91..36.95 rows=9 width=121)
	  ->  Sort  (cost=36.91..36.93 rows=9 width=121)
	        Sort Key: c
	        ->  Index Scan using sbtest7_pkey on sbtest7  (cost=0.43..36.76 rows=9 width=121)
	              Index Cond: ((id >= 9776188) AND (id <= 9776197))

table 8 : explain SELECT DISTINCT c FROM sbtest8 WHERE id BETWEEN 4998504 AND 4998513 ORDER BY c
	Unique  (cost=36.94..36.99 rows=9 width=121)
	  ->  Sort  (cost=36.94..36.96 rows=9 width=121)
	        Sort Key: c
	        ->  Index Scan using sbtest8_pkey on sbtest8  (cost=0.43..36.80 rows=9 width=121)
	              Index Cond: ((id >= 4998504) AND (id <= 4998513))

for deletes
table 1 : explain DELETE FROM sbtest1 WHERE id=1721918
	Delete on sbtest1  (cost=0.43..8.45 rows=0 width=0)
	  ->  Index Scan using sbtest1_pkey on sbtest1  (cost=0.43..8.45 rows=1 width=6)
	        Index Cond: (id = 1721918)

table 2 : explain DELETE FROM sbtest2 WHERE id=1032975
	Delete on sbtest2  (cost=0.43..8.45 rows=0 width=0)
	  ->  Index Scan using sbtest2_pkey on sbtest2  (cost=0.43..8.45 rows=1 width=6)
	        Index Cond: (id = 1032975)

table 3 : explain DELETE FROM sbtest3 WHERE id=6045999
	Delete on sbtest3  (cost=0.43..8.45 rows=0 width=0)
	  ->  Index Scan using sbtest3_pkey on sbtest3  (cost=0.43..8.45 rows=1 width=6)
	        Index Cond: (id = 6045999)

table 4 : explain DELETE FROM sbtest4 WHERE id=8406209
	Delete on sbtest4  (cost=0.43..8.45 rows=0 width=0)
	  ->  Index Scan using sbtest4_pkey on sbtest4  (cost=0.43..8.45 rows=1 width=6)
	        Index Cond: (id = 8406209)

table 5 : explain DELETE FROM sbtest5 WHERE id=7001777
	Delete on sbtest5  (cost=0.43..8.45 rows=0 width=0)
	  ->  Index Scan using sbtest5_pkey on sbtest5  (cost=0.43..8.45 rows=1 width=6)
	        Index Cond: (id = 7001777)

table 6 : explain DELETE FROM sbtest6 WHERE id=9772485
	Delete on sbtest6  (cost=0.43..8.45 rows=0 width=0)
	  ->  Index Scan using sbtest6_pkey on sbtest6  (cost=0.43..8.45 rows=1 width=6)
	        Index Cond: (id = 9772485)

table 7 : explain DELETE FROM sbtest7 WHERE id=1189887
	Delete on sbtest7  (cost=0.43..8.45 rows=0 width=0)
	  ->  Index Scan using sbtest7_pkey on sbtest7  (cost=0.43..8.45 rows=1 width=6)
	        Index Cond: (id = 1189887)

table 8 : explain DELETE FROM sbtest8 WHERE id=3335254
	Delete on sbtest8  (cost=0.43..8.45 rows=0 width=0)
	  ->  Index Scan using sbtest8_pkey on sbtest8  (cost=0.43..8.45 rows=1 width=6)
	        Index Cond: (id = 3335254)
for index_updates
table 1 : explain UPDATE sbtest1 SET k=k+1 WHERE id=9203779
	Update on sbtest1  (cost=0.43..8.46 rows=0 width=0)
	  ->  Index Scan using sbtest1_pkey on sbtest1  (cost=0.43..8.46 rows=1 width=10)
	        Index Cond: (id = 9203779)

table 2 : explain UPDATE sbtest2 SET k=k+1 WHERE id=1805054
	Update on sbtest2  (cost=0.43..8.46 rows=0 width=0)
	  ->  Index Scan using sbtest2_pkey on sbtest2  (cost=0.43..8.46 rows=1 width=10)
	        Index Cond: (id = 1805054)

table 3 : explain UPDATE sbtest3 SET k=k+1 WHERE id=4416988
	Update on sbtest3  (cost=0.43..8.46 rows=0 width=0)
	  ->  Index Scan using sbtest3_pkey on sbtest3  (cost=0.43..8.46 rows=1 width=10)
	        Index Cond: (id = 4416988)

table 4 : explain UPDATE sbtest4 SET k=k+1 WHERE id=2477450
	Update on sbtest4  (cost=0.43..8.46 rows=0 width=0)
	  ->  Index Scan using sbtest4_pkey on sbtest4  (cost=0.43..8.46 rows=1 width=10)
	        Index Cond: (id = 2477450)

table 5 : explain UPDATE sbtest5 SET k=k+1 WHERE id=7457512
	Update on sbtest5  (cost=0.43..8.46 rows=0 width=0)
	  ->  Index Scan using sbtest5_pkey on sbtest5  (cost=0.43..8.46 rows=1 width=10)
	        Index Cond: (id = 7457512)

table 6 : explain UPDATE sbtest6 SET k=k+1 WHERE id=3547499
	Update on sbtest6  (cost=0.43..8.46 rows=0 width=0)
	  ->  Index Scan using sbtest6_pkey on sbtest6  (cost=0.43..8.46 rows=1 width=10)
	        Index Cond: (id = 3547499)

table 7 : explain UPDATE sbtest7 SET k=k+1 WHERE id=4565495
	Update on sbtest7  (cost=0.43..8.46 rows=0 width=0)
	  ->  Index Scan using sbtest7_pkey on sbtest7  (cost=0.43..8.46 rows=1 width=10)
	        Index Cond: (id = 4565495)

table 8 : explain UPDATE sbtest8 SET k=k+1 WHERE id=1143430
	Update on sbtest8  (cost=0.43..8.46 rows=0 width=0)
	  ->  Index Scan using sbtest8_pkey on sbtest8  (cost=0.43..8.46 rows=1 width=10)
	        Index Cond: (id = 1143430)


for: sum_ranges
table 1 : explain SELECT SUM(k) FROM sbtest1 WHERE id BETWEEN 5671735 AND 5671744
	Aggregate  (cost=40.66..40.67 rows=1 width=8)
	  ->  Index Scan using sbtest1_pkey on sbtest1  (cost=0.43..40.63 rows=10 width=4)
	        Index Cond: ((id >= 5671735) AND (id <= 5671744))

table 2 : explain SELECT SUM(k) FROM sbtest2 WHERE id BETWEEN 2203083 AND 2203092
	Aggregate  (cost=44.17..44.18 rows=1 width=8)
	  ->  Index Scan using sbtest2_pkey on sbtest2  (cost=0.43..44.15 rows=11 width=4)
	        Index Cond: ((id >= 2203083) AND (id <= 2203092))

table 3 : explain SELECT SUM(k) FROM sbtest3 WHERE id BETWEEN 3607782 AND 3607791
	Aggregate  (cost=40.50..40.51 rows=1 width=8)
	  ->  Index Scan using sbtest3_pkey on sbtest3  (cost=0.43..40.48 rows=10 width=4)
	        Index Cond: ((id >= 3607782) AND (id <= 3607791))

table 4 : explain SELECT SUM(k) FROM sbtest4 WHERE id BETWEEN 890630 AND 890639
	Aggregate  (cost=40.29..40.30 rows=1 width=8)
	  ->  Index Scan using sbtest4_pkey on sbtest4  (cost=0.43..40.27 rows=10 width=4)
	        Index Cond: ((id >= 890630) AND (id <= 890639))

table 5 : explain SELECT SUM(k) FROM sbtest5 WHERE id BETWEEN 5852194 AND 5852203
	Aggregate  (cost=40.64..40.65 rows=1 width=8)
	  ->  Index Scan using sbtest5_pkey on sbtest5  (cost=0.43..40.62 rows=10 width=4)
	        Index Cond: ((id >= 5852194) AND (id <= 5852203))

table 6 : explain SELECT SUM(k) FROM sbtest6 WHERE id BETWEEN 255297 AND 255306
	Aggregate  (cost=40.41..40.42 rows=1 width=8)
	  ->  Index Scan using sbtest6_pkey on sbtest6  (cost=0.43..40.39 rows=10 width=4)
	        Index Cond: ((id >= 255297) AND (id <= 255306))

table 7 : explain SELECT SUM(k) FROM sbtest7 WHERE id BETWEEN 2517048 AND 2517057
	Aggregate  (cost=43.87..43.88 rows=1 width=8)
	  ->  Index Scan using sbtest7_pkey on sbtest7  (cost=0.43..43.84 rows=11 width=4)
	        Index Cond: ((id >= 2517048) AND (id <= 2517057))

table 8 : explain SELECT SUM(k) FROM sbtest8 WHERE id BETWEEN 808046 AND 808055
	Aggregate  (cost=40.37..40.38 rows=1 width=8)
	  ->  Index Scan using sbtest8_pkey on sbtest8  (cost=0.43..40.34 rows=10 width=4)
	        Index Cond: ((id >= 808046) AND (id <= 808055))

explain: for deletes :: explain DELETE FROM sbtest%u WHERE id=%u
explain: for inserts :: explain INSERT INTO sbtest%u (id, k, c, pad) VALUES (%u, 13, 'foobar', 'foobar')
for index_updates
table 1 : explain UPDATE sbtest1 SET k=k+1 WHERE id=7175876
	Update on sbtest1  (cost=0.43..8.46 rows=0 width=0)
	  ->  Index Scan using sbtest1_pkey on sbtest1  (cost=0.43..8.46 rows=1 width=10)
	        Index Cond: (id = 7175876)

table 2 : explain UPDATE sbtest2 SET k=k+1 WHERE id=9764783
	Update on sbtest2  (cost=0.43..8.46 rows=0 width=0)
	  ->  Index Scan using sbtest2_pkey on sbtest2  (cost=0.43..8.46 rows=1 width=10)
	        Index Cond: (id = 9764783)

table 3 : explain UPDATE sbtest3 SET k=k+1 WHERE id=8253378
	Update on sbtest3  (cost=0.43..8.46 rows=0 width=0)
	  ->  Index Scan using sbtest3_pkey on sbtest3  (cost=0.43..8.46 rows=1 width=10)
	        Index Cond: (id = 8253378)

table 4 : explain UPDATE sbtest4 SET k=k+1 WHERE id=3658611
	Update on sbtest4  (cost=0.43..8.46 rows=0 width=0)
	  ->  Index Scan using sbtest4_pkey on sbtest4  (cost=0.43..8.46 rows=1 width=10)
	        Index Cond: (id = 3658611)

table 5 : explain UPDATE sbtest5 SET k=k+1 WHERE id=9879297
	Update on sbtest5  (cost=0.43..8.46 rows=0 width=0)
	  ->  Index Scan using sbtest5_pkey on sbtest5  (cost=0.43..8.46 rows=1 width=10)
	        Index Cond: (id = 9879297)

table 6 : explain UPDATE sbtest6 SET k=k+1 WHERE id=1013634
	Update on sbtest6  (cost=0.43..8.46 rows=0 width=0)
	  ->  Index Scan using sbtest6_pkey on sbtest6  (cost=0.43..8.46 rows=1 width=10)
	        Index Cond: (id = 1013634)

table 7 : explain UPDATE sbtest7 SET k=k+1 WHERE id=88527
	Update on sbtest7  (cost=0.43..8.46 rows=0 width=0)
	  ->  Index Scan using sbtest7_pkey on sbtest7  (cost=0.43..8.46 rows=1 width=10)
	        Index Cond: (id = 88527)

table 8 : explain UPDATE sbtest8 SET k=k+1 WHERE id=1707703
	Update on sbtest8  (cost=0.43..8.46 rows=0 width=0)
	  ->  Index Scan using sbtest8_pkey on sbtest8  (cost=0.43..8.46 rows=1 width=10)
	        Index Cond: (id = 1707703)

for: sum_ranges
table 1 : explain SELECT SUM(k) FROM sbtest1 WHERE id BETWEEN 4297539 AND 4297548
	Aggregate  (cost=44.23..44.24 rows=1 width=8)
	  ->  Index Scan using sbtest1_pkey on sbtest1  (cost=0.43..44.21 rows=11 width=4)
	        Index Cond: ((id >= 4297539) AND (id <= 4297548))

table 2 : explain SELECT SUM(k) FROM sbtest2 WHERE id BETWEEN 3397413 AND 3397422
	Aggregate  (cost=40.60..40.61 rows=1 width=8)
	  ->  Index Scan using sbtest2_pkey on sbtest2  (cost=0.43..40.58 rows=10 width=4)
	        Index Cond: ((id >= 3397413) AND (id <= 3397422))

table 3 : explain SELECT SUM(k) FROM sbtest3 WHERE id BETWEEN 9857961 AND 9857970
	Aggregate  (cost=40.50..40.51 rows=1 width=8)
	  ->  Index Scan using sbtest3_pkey on sbtest3  (cost=0.43..40.48 rows=10 width=4)
	        Index Cond: ((id >= 9857961) AND (id <= 9857970))

table 4 : explain SELECT SUM(k) FROM sbtest4 WHERE id BETWEEN 5787955 AND 5787964
	Aggregate  (cost=43.83..43.84 rows=1 width=8)
	  ->  Index Scan using sbtest4_pkey on sbtest4  (cost=0.43..43.80 rows=11 width=4)
	        Index Cond: ((id >= 5787955) AND (id <= 5787964))

table 5 : explain SELECT SUM(k) FROM sbtest5 WHERE id BETWEEN 3083594 AND 3083603
	Aggregate  (cost=40.64..40.65 rows=1 width=8)
	  ->  Index Scan using sbtest5_pkey on sbtest5  (cost=0.43..40.62 rows=10 width=4)
	        Index Cond: ((id >= 3083594) AND (id <= 3083603))

table 6 : explain SELECT SUM(k) FROM sbtest6 WHERE id BETWEEN 470715 AND 470724
	Aggregate  (cost=36.86..36.87 rows=1 width=8)
	  ->  Index Scan using sbtest6_pkey on sbtest6  (cost=0.43..36.84 rows=9 width=4)
	        Index Cond: ((id >= 470715) AND (id <= 470724))

table 7 : explain SELECT SUM(k) FROM sbtest7 WHERE id BETWEEN 2818074 AND 2818083
	Aggregate  (cost=36.79..36.80 rows=1 width=8)
	  ->  Index Scan using sbtest7_pkey on sbtest7  (cost=0.43..36.76 rows=9 width=4)
	        Index Cond: ((id >= 2818074) AND (id <= 2818083))

table 8 : explain SELECT SUM(k) FROM sbtest8 WHERE id BETWEEN 9980948 AND 9980957
	Aggregate  (cost=40.37..40.38 rows=1 width=8)
	  ->  Index Scan using sbtest8_pkey on sbtest8  (cost=0.43..40.34 rows=10 width=4)
	        Index Cond: ((id >= 9980948) AND (id <= 9980957))

explain: for non_index_updates :: explain UPDATE sbtest%u SET c='foobar' WHERE id=%u
for deletes
table 1 : explain DELETE FROM sbtest1 WHERE id=9172313
	Delete on sbtest1  (cost=0.43..8.45 rows=0 width=0)
	  ->  Index Scan using sbtest1_pkey on sbtest1  (cost=0.43..8.45 rows=1 width=6)
	        Index Cond: (id = 9172313)

table 2 : explain DELETE FROM sbtest2 WHERE id=6823895
	Delete on sbtest2  (cost=0.43..8.45 rows=0 width=0)
	  ->  Index Scan using sbtest2_pkey on sbtest2  (cost=0.43..8.45 rows=1 width=6)
	        Index Cond: (id = 6823895)

table 3 : explain DELETE FROM sbtest3 WHERE id=5665285
	Delete on sbtest3  (cost=0.43..8.45 rows=0 width=0)
	  ->  Index Scan using sbtest3_pkey on sbtest3  (cost=0.43..8.45 rows=1 width=6)
	        Index Cond: (id = 5665285)

table 4 : explain DELETE FROM sbtest4 WHERE id=7194950
	Delete on sbtest4  (cost=0.43..8.45 rows=0 width=0)
	  ->  Index Scan using sbtest4_pkey on sbtest4  (cost=0.43..8.45 rows=1 width=6)
	        Index Cond: (id = 7194950)

table 5 : explain DELETE FROM sbtest5 WHERE id=3384385
	Delete on sbtest5  (cost=0.43..8.45 rows=0 width=0)
	  ->  Index Scan using sbtest5_pkey on sbtest5  (cost=0.43..8.45 rows=1 width=6)
	        Index Cond: (id = 3384385)

table 6 : explain DELETE FROM sbtest6 WHERE id=4858379
	Delete on sbtest6  (cost=0.43..8.45 rows=0 width=0)
	  ->  Index Scan using sbtest6_pkey on sbtest6  (cost=0.43..8.45 rows=1 width=6)
	        Index Cond: (id = 4858379)

table 7 : explain DELETE FROM sbtest7 WHERE id=1295936
	Delete on sbtest7  (cost=0.43..8.45 rows=0 width=0)
	  ->  Index Scan using sbtest7_pkey on sbtest7  (cost=0.43..8.45 rows=1 width=6)
	        Index Cond: (id = 1295936)

table 8 : explain DELETE FROM sbtest8 WHERE id=541235
	Delete on sbtest8  (cost=0.43..8.45 rows=0 width=0)
	  ->  Index Scan using sbtest8_pkey on sbtest8  (cost=0.43..8.45 rows=1 width=6)
	        Index Cond: (id = 541235)

explain: for index_updates :: explain UPDATE sbtest%u SET k=k+1 WHERE id=%u
explain: for inserts :: explain INSERT INTO sbtest%u (id, k, c, pad) VALUES (%u, 13, 'foobar', 'foobar')
explain: for non_index_updates :: explain UPDATE sbtest%u SET c='foobar' WHERE id=%u
for deletes
table 1 : explain DELETE FROM sbtest1 WHERE id=7408789
	Delete on sbtest1  (cost=0.43..8.45 rows=0 width=0)
	  ->  Index Scan using sbtest1_pkey on sbtest1  (cost=0.43..8.45 rows=1 width=6)
	        Index Cond: (id = 7408789)

table 2 : explain DELETE FROM sbtest2 WHERE id=875818
	Delete on sbtest2  (cost=0.43..8.45 rows=0 width=0)
	  ->  Index Scan using sbtest2_pkey on sbtest2  (cost=0.43..8.45 rows=1 width=6)
	        Index Cond: (id = 875818)

table 3 : explain DELETE FROM sbtest3 WHERE id=6614262
	Delete on sbtest3  (cost=0.43..8.45 rows=0 width=0)
	  ->  Index Scan using sbtest3_pkey on sbtest3  (cost=0.43..8.45 rows=1 width=6)
	        Index Cond: (id = 6614262)

table 4 : explain DELETE FROM sbtest4 WHERE id=7045688
	Delete on sbtest4  (cost=0.43..8.45 rows=0 width=0)
	  ->  Index Scan using sbtest4_pkey on sbtest4  (cost=0.43..8.45 rows=1 width=6)
	        Index Cond: (id = 7045688)

table 5 : explain DELETE FROM sbtest5 WHERE id=5953465
	Delete on sbtest5  (cost=0.43..8.45 rows=0 width=0)
	  ->  Index Scan using sbtest5_pkey on sbtest5  (cost=0.43..8.45 rows=1 width=6)
	        Index Cond: (id = 5953465)

table 6 : explain DELETE FROM sbtest6 WHERE id=5930280
	Delete on sbtest6  (cost=0.43..8.45 rows=0 width=0)
	  ->  Index Scan using sbtest6_pkey on sbtest6  (cost=0.43..8.45 rows=1 width=6)
	        Index Cond: (id = 5930280)

table 7 : explain DELETE FROM sbtest7 WHERE id=8454611
	Delete on sbtest7  (cost=0.43..8.45 rows=0 width=0)
	  ->  Index Scan using sbtest7_pkey on sbtest7  (cost=0.43..8.45 rows=1 width=6)
	        Index Cond: (id = 8454611)

table 8 : explain DELETE FROM sbtest8 WHERE id=724285
	Delete on sbtest8  (cost=0.43..8.45 rows=0 width=0)
	  ->  Index Scan using sbtest8_pkey on sbtest8  (cost=0.43..8.45 rows=1 width=6)
	        Index Cond: (id = 724285)

for: order_ranges
table 1 : explain SELECT c FROM sbtest1 WHERE id BETWEEN 3603638 AND 3603647 ORDER BY c
	Sort  (cost=44.40..44.43 rows=11 width=121)
	  Sort Key: c
	  ->  Index Scan using sbtest1_pkey on sbtest1  (cost=0.43..44.21 rows=11 width=121)
	        Index Cond: ((id >= 3603638) AND (id <= 3603647))

table 2 : explain SELECT c FROM sbtest2 WHERE id BETWEEN 226980 AND 226989 ORDER BY c
	Sort  (cost=40.74..40.77 rows=10 width=121)
	  Sort Key: c
	  ->  Index Scan using sbtest2_pkey on sbtest2  (cost=0.43..40.58 rows=10 width=121)
	        Index Cond: ((id >= 226980) AND (id <= 226989))

table 3 : explain SELECT c FROM sbtest3 WHERE id BETWEEN 7801711 AND 7801720 ORDER BY c
	Sort  (cost=40.64..40.67 rows=10 width=121)
	  Sort Key: c
	  ->  Index Scan using sbtest3_pkey on sbtest3  (cost=0.43..40.48 rows=10 width=121)
	        Index Cond: ((id >= 7801711) AND (id <= 7801720))

table 4 : explain SELECT c FROM sbtest4 WHERE id BETWEEN 955457 AND 955466 ORDER BY c
	Sort  (cost=40.43..40.46 rows=10 width=121)
	  Sort Key: c
	  ->  Index Scan using sbtest4_pkey on sbtest4  (cost=0.43..40.27 rows=10 width=121)
	        Index Cond: ((id >= 955457) AND (id <= 955466))

table 5 : explain SELECT c FROM sbtest5 WHERE id BETWEEN 9337884 AND 9337893 ORDER BY c
	Sort  (cost=40.78..40.81 rows=10 width=121)
	  Sort Key: c
	  ->  Index Scan using sbtest5_pkey on sbtest5  (cost=0.43..40.62 rows=10 width=121)
	        Index Cond: ((id >= 9337884) AND (id <= 9337893))

table 6 : explain SELECT c FROM sbtest6 WHERE id BETWEEN 1350281 AND 1350290 ORDER BY c
	Sort  (cost=40.55..40.58 rows=10 width=121)
	  Sort Key: c
	  ->  Index Scan using sbtest6_pkey on sbtest6  (cost=0.43..40.39 rows=10 width=121)
	        Index Cond: ((id >= 1350281) AND (id <= 1350290))

table 7 : explain SELECT c FROM sbtest7 WHERE id BETWEEN 3218269 AND 3218278 ORDER BY c
	Sort  (cost=36.91..36.93 rows=9 width=121)
	  Sort Key: c
	  ->  Index Scan using sbtest7_pkey on sbtest7  (cost=0.43..36.76 rows=9 width=121)
	        Index Cond: ((id >= 3218269) AND (id <= 3218278))

table 8 : explain SELECT c FROM sbtest8 WHERE id BETWEEN 111945 AND 111954 ORDER BY c
	Sort  (cost=40.51..40.53 rows=10 width=121)
	  Sort Key: c
	  ->  Index Scan using sbtest8_pkey on sbtest8  (cost=0.43..40.34 rows=10 width=121)
	        Index Cond: ((id >= 111945) AND (id <= 111954))

explain: for non_index_updates :: explain UPDATE sbtest%u SET c='foobar' WHERE id=%u
for deletes
table 1 : explain DELETE FROM sbtest1 WHERE id=5608671
	Delete on sbtest1  (cost=0.43..8.45 rows=0 width=0)
	  ->  Index Scan using sbtest1_pkey on sbtest1  (cost=0.43..8.45 rows=1 width=6)
	        Index Cond: (id = 5608671)

table 2 : explain DELETE FROM sbtest2 WHERE id=2100773
	Delete on sbtest2  (cost=0.43..8.45 rows=0 width=0)
	  ->  Index Scan using sbtest2_pkey on sbtest2  (cost=0.43..8.45 rows=1 width=6)
	        Index Cond: (id = 2100773)

table 3 : explain DELETE FROM sbtest3 WHERE id=7519422
	Delete on sbtest3  (cost=0.43..8.45 rows=0 width=0)
	  ->  Index Scan using sbtest3_pkey on sbtest3  (cost=0.43..8.45 rows=1 width=6)
	        Index Cond: (id = 7519422)

table 4 : explain DELETE FROM sbtest4 WHERE id=9548165
	Delete on sbtest4  (cost=0.43..8.45 rows=0 width=0)
	  ->  Index Scan using sbtest4_pkey on sbtest4  (cost=0.43..8.45 rows=1 width=6)
	        Index Cond: (id = 9548165)

table 5 : explain DELETE FROM sbtest5 WHERE id=7518241
	Delete on sbtest5  (cost=0.43..8.45 rows=0 width=0)
	  ->  Index Scan using sbtest5_pkey on sbtest5  (cost=0.43..8.45 rows=1 width=6)
	        Index Cond: (id = 7518241)

table 6 : explain DELETE FROM sbtest6 WHERE id=3868023
	Delete on sbtest6  (cost=0.43..8.45 rows=0 width=0)
	  ->  Index Scan using sbtest6_pkey on sbtest6  (cost=0.43..8.45 rows=1 width=6)
	        Index Cond: (id = 3868023)

table 7 : explain DELETE FROM sbtest7 WHERE id=2154441
	Delete on sbtest7  (cost=0.43..8.45 rows=0 width=0)
	  ->  Index Scan using sbtest7_pkey on sbtest7  (cost=0.43..8.45 rows=1 width=6)
	        Index Cond: (id = 2154441)

table 8 : explain DELETE FROM sbtest8 WHERE id=4821823
	Delete on sbtest8  (cost=0.43..8.45 rows=0 width=0)
	  ->  Index Scan using sbtest8_pkey on sbtest8  (cost=0.43..8.45 rows=1 width=6)
	        Index Cond: (id = 4821823)

for: order_ranges
table 1 : explain SELECT c FROM sbtest1 WHERE id BETWEEN 8284544 AND 8284553 ORDER BY c
	Sort  (cost=40.80..40.82 rows=10 width=121)
	  Sort Key: c
	  ->  Index Scan using sbtest1_pkey on sbtest1  (cost=0.43..40.63 rows=10 width=121)
	        Index Cond: ((id >= 8284544) AND (id <= 8284553))

table 2 : explain SELECT c FROM sbtest2 WHERE id BETWEEN 8336888 AND 8336897 ORDER BY c
	Sort  (cost=40.74..40.77 rows=10 width=121)
	  Sort Key: c
	  ->  Index Scan using sbtest2_pkey on sbtest2  (cost=0.43..40.58 rows=10 width=121)
	        Index Cond: ((id >= 8336888) AND (id <= 8336897))

table 3 : explain SELECT c FROM sbtest3 WHERE id BETWEEN 6051761 AND 6051770 ORDER BY c
	Sort  (cost=40.64..40.67 rows=10 width=121)
	  Sort Key: c
	  ->  Index Scan using sbtest3_pkey on sbtest3  (cost=0.43..40.48 rows=10 width=121)
	        Index Cond: ((id >= 6051761) AND (id <= 6051770))

table 4 : explain SELECT c FROM sbtest4 WHERE id BETWEEN 2129125 AND 2129134 ORDER BY c
	Sort  (cost=40.43..40.46 rows=10 width=121)
	  Sort Key: c
	  ->  Index Scan using sbtest4_pkey on sbtest4  (cost=0.43..40.27 rows=10 width=121)
	        Index Cond: ((id >= 2129125) AND (id <= 2129134))

table 5 : explain SELECT c FROM sbtest5 WHERE id BETWEEN 3417463 AND 3417472 ORDER BY c
	Sort  (cost=40.78..40.81 rows=10 width=121)
	  Sort Key: c
	  ->  Index Scan using sbtest5_pkey on sbtest5  (cost=0.43..40.62 rows=10 width=121)
	        Index Cond: ((id >= 3417463) AND (id <= 3417472))

table 6 : explain SELECT c FROM sbtest6 WHERE id BETWEEN 4532497 AND 4532506 ORDER BY c
	Sort  (cost=40.55..40.58 rows=10 width=121)
	  Sort Key: c
	  ->  Index Scan using sbtest6_pkey on sbtest6  (cost=0.43..40.39 rows=10 width=121)
	        Index Cond: ((id >= 4532497) AND (id <= 4532506))

table 7 : explain SELECT c FROM sbtest7 WHERE id BETWEEN 9855268 AND 9855277 ORDER BY c
	Sort  (cost=40.47..40.49 rows=10 width=121)
	  Sort Key: c
	  ->  Index Scan using sbtest7_pkey on sbtest7  (cost=0.43..40.30 rows=10 width=121)
	        Index Cond: ((id >= 9855268) AND (id <= 9855277))

table 8 : explain SELECT c FROM sbtest8 WHERE id BETWEEN 9437732 AND 9437741 ORDER BY c
	Sort  (cost=40.51..40.53 rows=10 width=121)
	  Sort Key: c
	  ->  Index Scan using sbtest8_pkey on sbtest8  (cost=0.43..40.34 rows=10 width=121)
	        Index Cond: ((id >= 9437732) AND (id <= 9437741))

for: order_ranges
table 1 : explain SELECT c FROM sbtest1 WHERE id BETWEEN 7898255 AND 7898264 ORDER BY c
	Sort  (cost=40.80..40.82 rows=10 width=121)
	  Sort Key: c
	  ->  Index Scan using sbtest1_pkey on sbtest1  (cost=0.43..40.63 rows=10 width=121)
	        Index Cond: ((id >= 7898255) AND (id <= 7898264))

table 2 : explain SELECT c FROM sbtest2 WHERE id BETWEEN 9169387 AND 9169396 ORDER BY c
	Sort  (cost=40.74..40.77 rows=10 width=121)
	  Sort Key: c
	  ->  Index Scan using sbtest2_pkey on sbtest2  (cost=0.43..40.58 rows=10 width=121)
	        Index Cond: ((id >= 9169387) AND (id <= 9169396))

table 3 : explain SELECT c FROM sbtest3 WHERE id BETWEEN 1434290 AND 1434299 ORDER BY c
	Sort  (cost=37.06..37.08 rows=9 width=121)
	  Sort Key: c
	  ->  Index Scan using sbtest3_pkey on sbtest3  (cost=0.43..36.92 rows=9 width=121)
	        Index Cond: ((id >= 1434290) AND (id <= 1434299))

table 4 : explain SELECT c FROM sbtest4 WHERE id BETWEEN 2056272 AND 2056281 ORDER BY c
	Sort  (cost=40.43..40.46 rows=10 width=121)
	  Sort Key: c
	  ->  Index Scan using sbtest4_pkey on sbtest4  (cost=0.43..40.27 rows=10 width=121)
	        Index Cond: ((id >= 2056272) AND (id <= 2056281))

table 5 : explain SELECT c FROM sbtest5 WHERE id BETWEEN 6644428 AND 6644437 ORDER BY c
	Sort  (cost=40.78..40.81 rows=10 width=121)
	  Sort Key: c
	  ->  Index Scan using sbtest5_pkey on sbtest5  (cost=0.43..40.62 rows=10 width=121)
	        Index Cond: ((id >= 6644428) AND (id <= 6644437))

table 6 : explain SELECT c FROM sbtest6 WHERE id BETWEEN 4854644 AND 4854653 ORDER BY c
	Sort  (cost=40.55..40.58 rows=10 width=121)
	  Sort Key: c
	  ->  Index Scan using sbtest6_pkey on sbtest6  (cost=0.43..40.39 rows=10 width=121)
	        Index Cond: ((id >= 4854644) AND (id <= 4854653))

table 7 : explain SELECT c FROM sbtest7 WHERE id BETWEEN 5693115 AND 5693124 ORDER BY c
	Sort  (cost=40.47..40.49 rows=10 width=121)
	  Sort Key: c
	  ->  Index Scan using sbtest7_pkey on sbtest7  (cost=0.43..40.30 rows=10 width=121)
	        Index Cond: ((id >= 5693115) AND (id <= 5693124))

table 8 : explain SELECT c FROM sbtest8 WHERE id BETWEEN 617054 AND 617063 ORDER BY c
	Sort  (cost=44.08..44.10 rows=11 width=121)
	  Sort Key: c
	  ->  Index Scan using sbtest8_pkey on sbtest8  (cost=0.43..43.89 rows=11 width=121)
	        Index Cond: ((id >= 617054) AND (id <= 617063))

explain: for inserts :: explain INSERT INTO sbtest%u (id, k, c, pad) VALUES (%u, 13, 'foobar', 'foobar')
for inserts
table 1 : explain INSERT INTO sbtest1 (id, k, c, pad) VALUES (4009863, 13, 'foobar', 'foobar')
	Insert on sbtest1  (cost=0.00..0.01 rows=0 width=0)
	  ->  Result  (cost=0.00..0.01 rows=1 width=736)

table 2 : explain INSERT INTO sbtest2 (id, k, c, pad) VALUES (6177216, 13, 'foobar', 'foobar')
	Insert on sbtest2  (cost=0.00..0.01 rows=0 width=0)
	  ->  Result  (cost=0.00..0.01 rows=1 width=736)

table 3 : explain INSERT INTO sbtest3 (id, k, c, pad) VALUES (7972990, 13, 'foobar', 'foobar')
	Insert on sbtest3  (cost=0.00..0.01 rows=0 width=0)
	  ->  Result  (cost=0.00..0.01 rows=1 width=736)

table 4 : explain INSERT INTO sbtest4 (id, k, c, pad) VALUES (2350418, 13, 'foobar', 'foobar')
	Insert on sbtest4  (cost=0.00..0.01 rows=0 width=0)
	  ->  Result  (cost=0.00..0.01 rows=1 width=736)

table 5 : explain INSERT INTO sbtest5 (id, k, c, pad) VALUES (6481743, 13, 'foobar', 'foobar')
	Insert on sbtest5  (cost=0.00..0.01 rows=0 width=0)
	  ->  Result  (cost=0.00..0.01 rows=1 width=736)

table 6 : explain INSERT INTO sbtest6 (id, k, c, pad) VALUES (4880390, 13, 'foobar', 'foobar')
	Insert on sbtest6  (cost=0.00..0.01 rows=0 width=0)
	  ->  Result  (cost=0.00..0.01 rows=1 width=736)

table 7 : explain INSERT INTO sbtest7 (id, k, c, pad) VALUES (6947890, 13, 'foobar', 'foobar')
	Insert on sbtest7  (cost=0.00..0.01 rows=0 width=0)
	  ->  Result  (cost=0.00..0.01 rows=1 width=736)

table 8 : explain INSERT INTO sbtest8 (id, k, c, pad) VALUES (8433427, 13, 'foobar', 'foobar')
	Insert on sbtest8  (cost=0.00..0.01 rows=0 width=0)
	  ->  Result  (cost=0.00..0.01 rows=1 width=736)

for non_index_updates
table 1 : explain UPDATE sbtest1 SET c='foobar' WHERE id=1888627
	Update on sbtest1  (cost=0.43..8.45 rows=0 width=0)
	  ->  Index Scan using sbtest1_pkey on sbtest1  (cost=0.43..8.45 rows=1 width=490)
	        Index Cond: (id = 1888627)

table 2 : explain UPDATE sbtest2 SET c='foobar' WHERE id=5215460
	Update on sbtest2  (cost=0.43..8.45 rows=0 width=0)
	  ->  Index Scan using sbtest2_pkey on sbtest2  (cost=0.43..8.45 rows=1 width=490)
	        Index Cond: (id = 5215460)

table 3 : explain UPDATE sbtest3 SET c='foobar' WHERE id=9498072
	Update on sbtest3  (cost=0.43..8.45 rows=0 width=0)
	  ->  Index Scan using sbtest3_pkey on sbtest3  (cost=0.43..8.45 rows=1 width=490)
	        Index Cond: (id = 9498072)

table 4 : explain UPDATE sbtest4 SET c='foobar' WHERE id=3765097
	Update on sbtest4  (cost=0.43..8.45 rows=0 width=0)
	  ->  Index Scan using sbtest4_pkey on sbtest4  (cost=0.43..8.45 rows=1 width=490)
	        Index Cond: (id = 3765097)

table 5 : explain UPDATE sbtest5 SET c='foobar' WHERE id=7144312
	Update on sbtest5  (cost=0.43..8.45 rows=0 width=0)
	  ->  Index Scan using sbtest5_pkey on sbtest5  (cost=0.43..8.45 rows=1 width=490)
	        Index Cond: (id = 7144312)

table 6 : explain UPDATE sbtest6 SET c='foobar' WHERE id=8573347
	Update on sbtest6  (cost=0.43..8.45 rows=0 width=0)
	  ->  Index Scan using sbtest6_pkey on sbtest6  (cost=0.43..8.45 rows=1 width=490)
	        Index Cond: (id = 8573347)

table 7 : explain UPDATE sbtest7 SET c='foobar' WHERE id=8905109
	Update on sbtest7  (cost=0.43..8.45 rows=0 width=0)
	  ->  Index Scan using sbtest7_pkey on sbtest7  (cost=0.43..8.45 rows=1 width=490)
	        Index Cond: (id = 8905109)

table 8 : explain UPDATE sbtest8 SET c='foobar' WHERE id=5908995
	Update on sbtest8  (cost=0.43..8.45 rows=0 width=0)
	  ->  Index Scan using sbtest8_pkey on sbtest8  (cost=0.43..8.45 rows=1 width=490)
	        Index Cond: (id = 5908995)

for: order_ranges
table 1 : explain SELECT c FROM sbtest1 WHERE id BETWEEN 2626361 AND 2626370 ORDER BY c
	Sort  (cost=40.80..40.82 rows=10 width=121)
	  Sort Key: c
	  ->  Index Scan using sbtest1_pkey on sbtest1  (cost=0.43..40.63 rows=10 width=121)
	        Index Cond: ((id >= 2626361) AND (id <= 2626370))

table 2 : explain SELECT c FROM sbtest2 WHERE id BETWEEN 4494060 AND 4494069 ORDER BY c
	Sort  (cost=40.74..40.77 rows=10 width=121)
	  Sort Key: c
	  ->  Index Scan using sbtest2_pkey on sbtest2  (cost=0.43..40.58 rows=10 width=121)
	        Index Cond: ((id >= 4494060) AND (id <= 4494069))

table 3 : explain SELECT c FROM sbtest3 WHERE id BETWEEN 6824986 AND 6824995 ORDER BY c
	Sort  (cost=40.64..40.67 rows=10 width=121)
	  Sort Key: c
	  ->  Index Scan using sbtest3_pkey on sbtest3  (cost=0.43..40.48 rows=10 width=121)
	        Index Cond: ((id >= 6824986) AND (id <= 6824995))

table 4 : explain SELECT c FROM sbtest4 WHERE id BETWEEN 4169514 AND 4169523 ORDER BY c
	Sort  (cost=40.43..40.46 rows=10 width=121)
	  Sort Key: c
	  ->  Index Scan using sbtest4_pkey on sbtest4  (cost=0.43..40.27 rows=10 width=121)
	        Index Cond: ((id >= 4169514) AND (id <= 4169523))

table 5 : explain SELECT c FROM sbtest5 WHERE id BETWEEN 8419242 AND 8419251 ORDER BY c
	Sort  (cost=40.78..40.81 rows=10 width=121)
	  Sort Key: c
	  ->  Index Scan using sbtest5_pkey on sbtest5  (cost=0.43..40.62 rows=10 width=121)
	        Index Cond: ((id >= 8419242) AND (id <= 8419251))

table 6 : explain SELECT c FROM sbtest6 WHERE id BETWEEN 4894330 AND 4894339 ORDER BY c
	Sort  (cost=40.55..40.58 rows=10 width=121)
	  Sort Key: c
	  ->  Index Scan using sbtest6_pkey on sbtest6  (cost=0.43..40.39 rows=10 width=121)
	        Index Cond: ((id >= 4894330) AND (id <= 4894339))

table 7 : explain SELECT c FROM sbtest7 WHERE id BETWEEN 4444619 AND 4444628 ORDER BY c
	Sort  (cost=40.47..40.49 rows=10 width=121)
	  Sort Key: c
	  ->  Index Scan using sbtest7_pkey on sbtest7  (cost=0.43..40.30 rows=10 width=121)
	        Index Cond: ((id >= 4444619) AND (id <= 4444628))

table 8 : explain SELECT c FROM sbtest8 WHERE id BETWEEN 2288531 AND 2288540 ORDER BY c
	Sort  (cost=36.94..36.96 rows=9 width=121)
	  Sort Key: c
	  ->  Index Scan using sbtest8_pkey on sbtest8  (cost=0.43..36.80 rows=9 width=121)
	        Index Cond: ((id >= 2288531) AND (id <= 2288540))

explain: for inserts :: explain INSERT INTO sbtest%u (id, k, c, pad) VALUES (%u, 13, 'foobar', 'foobar')
for index_updates
table 1 : explain UPDATE sbtest1 SET k=k+1 WHERE id=9665128
	Update on sbtest1  (cost=0.43..8.46 rows=0 width=0)
	  ->  Index Scan using sbtest1_pkey on sbtest1  (cost=0.43..8.46 rows=1 width=10)
	        Index Cond: (id = 9665128)

table 2 : explain UPDATE sbtest2 SET k=k+1 WHERE id=8340244
	Update on sbtest2  (cost=0.43..8.46 rows=0 width=0)
	  ->  Index Scan using sbtest2_pkey on sbtest2  (cost=0.43..8.46 rows=1 width=10)
	        Index Cond: (id = 8340244)

table 3 : explain UPDATE sbtest3 SET k=k+1 WHERE id=6959451
	Update on sbtest3  (cost=0.43..8.46 rows=0 width=0)
	  ->  Index Scan using sbtest3_pkey on sbtest3  (cost=0.43..8.46 rows=1 width=10)
	        Index Cond: (id = 6959451)

table 4 : explain UPDATE sbtest4 SET k=k+1 WHERE id=1480824
	Update on sbtest4  (cost=0.43..8.46 rows=0 width=0)
	  ->  Index Scan using sbtest4_pkey on sbtest4  (cost=0.43..8.46 rows=1 width=10)
	        Index Cond: (id = 1480824)

table 5 : explain UPDATE sbtest5 SET k=k+1 WHERE id=4985328
	Update on sbtest5  (cost=0.43..8.46 rows=0 width=0)
	  ->  Index Scan using sbtest5_pkey on sbtest5  (cost=0.43..8.46 rows=1 width=10)
	        Index Cond: (id = 4985328)

table 6 : explain UPDATE sbtest6 SET k=k+1 WHERE id=9669156
	Update on sbtest6  (cost=0.43..8.46 rows=0 width=0)
	  ->  Index Scan using sbtest6_pkey on sbtest6  (cost=0.43..8.46 rows=1 width=10)
	        Index Cond: (id = 9669156)

table 7 : explain UPDATE sbtest7 SET k=k+1 WHERE id=4600880
	Update on sbtest7  (cost=0.43..8.46 rows=0 width=0)
	  ->  Index Scan using sbtest7_pkey on sbtest7  (cost=0.43..8.46 rows=1 width=10)
	        Index Cond: (id = 4600880)

table 8 : explain UPDATE sbtest8 SET k=k+1 WHERE id=9462546
	Update on sbtest8  (cost=0.43..8.46 rows=0 width=0)
	  ->  Index Scan using sbtest8_pkey on sbtest8  (cost=0.43..8.46 rows=1 width=10)
	        Index Cond: (id = 9462546)

for non_index_updates
table 1 : explain UPDATE sbtest1 SET c='foobar' WHERE id=685103
	Update on sbtest1  (cost=0.43..8.45 rows=0 width=0)
	  ->  Index Scan using sbtest1_pkey on sbtest1  (cost=0.43..8.45 rows=1 width=490)
	        Index Cond: (id = 685103)

table 2 : explain UPDATE sbtest2 SET c='foobar' WHERE id=1724329
	Update on sbtest2  (cost=0.43..8.45 rows=0 width=0)
	  ->  Index Scan using sbtest2_pkey on sbtest2  (cost=0.43..8.45 rows=1 width=490)
	        Index Cond: (id = 1724329)

table 3 : explain UPDATE sbtest3 SET c='foobar' WHERE id=7244352
	Update on sbtest3  (cost=0.43..8.45 rows=0 width=0)
	  ->  Index Scan using sbtest3_pkey on sbtest3  (cost=0.43..8.45 rows=1 width=490)
	        Index Cond: (id = 7244352)

table 4 : explain UPDATE sbtest4 SET c='foobar' WHERE id=8533766
	Update on sbtest4  (cost=0.43..8.45 rows=0 width=0)
	  ->  Index Scan using sbtest4_pkey on sbtest4  (cost=0.43..8.45 rows=1 width=490)
	        Index Cond: (id = 8533766)

table 5 : explain UPDATE sbtest5 SET c='foobar' WHERE id=9666651
	Update on sbtest5  (cost=0.43..8.45 rows=0 width=0)
	  ->  Index Scan using sbtest5_pkey on sbtest5  (cost=0.43..8.45 rows=1 width=490)
	        Index Cond: (id = 9666651)

table 6 : explain UPDATE sbtest6 SET c='foobar' WHERE id=1296467
	Update on sbtest6  (cost=0.43..8.45 rows=0 width=0)
	  ->  Index Scan using sbtest6_pkey on sbtest6  (cost=0.43..8.45 rows=1 width=490)
	        Index Cond: (id = 1296467)

table 7 : explain UPDATE sbtest7 SET c='foobar' WHERE id=2230307
	Update on sbtest7  (cost=0.43..8.45 rows=0 width=0)
	  ->  Index Scan using sbtest7_pkey on sbtest7  (cost=0.43..8.45 rows=1 width=490)
	        Index Cond: (id = 2230307)

table 8 : explain UPDATE sbtest8 SET c='foobar' WHERE id=7799772
	Update on sbtest8  (cost=0.43..8.45 rows=0 width=0)
	  ->  Index Scan using sbtest8_pkey on sbtest8  (cost=0.43..8.45 rows=1 width=490)
	        Index Cond: (id = 7799772)

for: order_ranges
table 1 : explain SELECT c FROM sbtest1 WHERE id BETWEEN 3224699 AND 3224708 ORDER BY c
	Sort  (cost=40.80..40.82 rows=10 width=121)
	  Sort Key: c
	  ->  Index Scan using sbtest1_pkey on sbtest1  (cost=0.43..40.63 rows=10 width=121)
	        Index Cond: ((id >= 3224699) AND (id <= 3224708))

table 2 : explain SELECT c FROM sbtest2 WHERE id BETWEEN 6724004 AND 6724013 ORDER BY c
	Sort  (cost=44.34..44.36 rows=11 width=121)
	  Sort Key: c
	  ->  Index Scan using sbtest2_pkey on sbtest2  (cost=0.43..44.15 rows=11 width=121)
	        Index Cond: ((id >= 6724004) AND (id <= 6724013))

table 3 : explain SELECT c FROM sbtest3 WHERE id BETWEEN 6335920 AND 6335929 ORDER BY c
	Sort  (cost=40.64..40.67 rows=10 width=121)
	  Sort Key: c
	  ->  Index Scan using sbtest3_pkey on sbtest3  (cost=0.43..40.48 rows=10 width=121)
	        Index Cond: ((id >= 6335920) AND (id <= 6335929))

table 4 : explain SELECT c FROM sbtest4 WHERE id BETWEEN 2667361 AND 2667370 ORDER BY c
	Sort  (cost=43.99..44.02 rows=11 width=121)
	  Sort Key: c
	  ->  Index Scan using sbtest4_pkey on sbtest4  (cost=0.43..43.80 rows=11 width=121)
	        Index Cond: ((id >= 2667361) AND (id <= 2667370))

table 5 : explain SELECT c FROM sbtest5 WHERE id BETWEEN 3557685 AND 3557694 ORDER BY c
	Sort  (cost=40.78..40.81 rows=10 width=121)
	  Sort Key: c
	  ->  Index Scan using sbtest5_pkey on sbtest5  (cost=0.43..40.62 rows=10 width=121)
	        Index Cond: ((id >= 3557685) AND (id <= 3557694))

table 6 : explain SELECT c FROM sbtest6 WHERE id BETWEEN 7949104 AND 7949113 ORDER BY c
	Sort  (cost=36.98..37.00 rows=9 width=121)
	  Sort Key: c
	  ->  Index Scan using sbtest6_pkey on sbtest6  (cost=0.43..36.84 rows=9 width=121)
	        Index Cond: ((id >= 7949104) AND (id <= 7949113))

table 7 : explain SELECT c FROM sbtest7 WHERE id BETWEEN 2497370 AND 2497379 ORDER BY c
	Sort  (cost=36.91..36.93 rows=9 width=121)
	  Sort Key: c
	  ->  Index Scan using sbtest7_pkey on sbtest7  (cost=0.43..36.76 rows=9 width=121)
	        Index Cond: ((id >= 2497370) AND (id <= 2497379))

table 8 : explain SELECT c FROM sbtest8 WHERE id BETWEEN 3134159 AND 3134168 ORDER BY c
	Sort  (cost=36.94..36.96 rows=9 width=121)
	  Sort Key: c
	  ->  Index Scan using sbtest8_pkey on sbtest8  (cost=0.43..36.80 rows=9 width=121)
	        Index Cond: ((id >= 3134159) AND (id <= 3134168))

for: order_ranges
table 1 : explain SELECT c FROM sbtest1 WHERE id BETWEEN 6204618 AND 6204627 ORDER BY c
	Sort  (cost=40.80..40.82 rows=10 width=121)
	  Sort Key: c
	  ->  Index Scan using sbtest1_pkey on sbtest1  (cost=0.43..40.63 rows=10 width=121)
	        Index Cond: ((id >= 6204618) AND (id <= 6204627))

table 2 : explain SELECT c FROM sbtest2 WHERE id BETWEEN 27726 AND 27735 ORDER BY c
	Sort  (cost=40.74..40.77 rows=10 width=121)
	  Sort Key: c
	  ->  Index Scan using sbtest2_pkey on sbtest2  (cost=0.43..40.58 rows=10 width=121)
	        Index Cond: ((id >= 27726) AND (id <= 27735))

table 3 : explain SELECT c FROM sbtest3 WHERE id BETWEEN 2002481 AND 2002490 ORDER BY c
	Sort  (cost=40.64..40.67 rows=10 width=121)
	  Sort Key: c
	  ->  Index Scan using sbtest3_pkey on sbtest3  (cost=0.43..40.48 rows=10 width=121)
	        Index Cond: ((id >= 2002481) AND (id <= 2002490))

table 4 : explain SELECT c FROM sbtest4 WHERE id BETWEEN 7603472 AND 7603481 ORDER BY c
	Sort  (cost=36.87..36.90 rows=9 width=121)
	  Sort Key: c
	  ->  Index Scan using sbtest4_pkey on sbtest4  (cost=0.43..36.73 rows=9 width=121)
	        Index Cond: ((id >= 7603472) AND (id <= 7603481))

table 5 : explain SELECT c FROM sbtest5 WHERE id BETWEEN 5008347 AND 5008356 ORDER BY c
	Sort  (cost=40.78..40.81 rows=10 width=121)
	  Sort Key: c
	  ->  Index Scan using sbtest5_pkey on sbtest5  (cost=0.43..40.62 rows=10 width=121)
	        Index Cond: ((id >= 5008347) AND (id <= 5008356))

table 6 : explain SELECT c FROM sbtest6 WHERE id BETWEEN 339811 AND 339820 ORDER BY c
	Sort  (cost=36.98..37.00 rows=9 width=121)
	  Sort Key: c
	  ->  Index Scan using sbtest6_pkey on sbtest6  (cost=0.43..36.84 rows=9 width=121)
	        Index Cond: ((id >= 339811) AND (id <= 339820))

table 7 : explain SELECT c FROM sbtest7 WHERE id BETWEEN 168027 AND 168036 ORDER BY c
	Sort  (cost=40.47..40.49 rows=10 width=121)
	  Sort Key: c
	  ->  Index Scan using sbtest7_pkey on sbtest7  (cost=0.43..40.30 rows=10 width=121)
	        Index Cond: ((id >= 168027) AND (id <= 168036))

table 8 : explain SELECT c FROM sbtest8 WHERE id BETWEEN 4659976 AND 4659985 ORDER BY c
	Sort  (cost=44.08..44.10 rows=11 width=121)
	  Sort Key: c
	  ->  Index Scan using sbtest8_pkey on sbtest8  (cost=0.43..43.89 rows=11 width=121)
	        Index Cond: ((id >= 4659976) AND (id <= 4659985))

explain: for deletes :: explain DELETE FROM sbtest%u WHERE id=%u
for non_index_updates
table 1 : explain UPDATE sbtest1 SET c='foobar' WHERE id=6162206
	Update on sbtest1  (cost=0.43..8.45 rows=0 width=0)
	  ->  Index Scan using sbtest1_pkey on sbtest1  (cost=0.43..8.45 rows=1 width=490)
	        Index Cond: (id = 6162206)

table 2 : explain UPDATE sbtest2 SET c='foobar' WHERE id=9539175
	Update on sbtest2  (cost=0.43..8.45 rows=0 width=0)
	  ->  Index Scan using sbtest2_pkey on sbtest2  (cost=0.43..8.45 rows=1 width=490)
	        Index Cond: (id = 9539175)

table 3 : explain UPDATE sbtest3 SET c='foobar' WHERE id=1095800
	Update on sbtest3  (cost=0.43..8.45 rows=0 width=0)
	  ->  Index Scan using sbtest3_pkey on sbtest3  (cost=0.43..8.45 rows=1 width=490)
	        Index Cond: (id = 1095800)

table 4 : explain UPDATE sbtest4 SET c='foobar' WHERE id=1447752
	Update on sbtest4  (cost=0.43..8.45 rows=0 width=0)
	  ->  Index Scan using sbtest4_pkey on sbtest4  (cost=0.43..8.45 rows=1 width=490)
	        Index Cond: (id = 1447752)

table 5 : explain UPDATE sbtest5 SET c='foobar' WHERE id=8114631
	Update on sbtest5  (cost=0.43..8.45 rows=0 width=0)
	  ->  Index Scan using sbtest5_pkey on sbtest5  (cost=0.43..8.45 rows=1 width=490)
	        Index Cond: (id = 8114631)

table 6 : explain UPDATE sbtest6 SET c='foobar' WHERE id=8971221
	Update on sbtest6  (cost=0.43..8.45 rows=0 width=0)
	  ->  Index Scan using sbtest6_pkey on sbtest6  (cost=0.43..8.45 rows=1 width=490)
	        Index Cond: (id = 8971221)

table 7 : explain UPDATE sbtest7 SET c='foobar' WHERE id=6301852
	Update on sbtest7  (cost=0.43..8.45 rows=0 width=0)
	  ->  Index Scan using sbtest7_pkey on sbtest7  (cost=0.43..8.45 rows=1 width=490)
	        Index Cond: (id = 6301852)

table 8 : explain UPDATE sbtest8 SET c='foobar' WHERE id=1994792
	Update on sbtest8  (cost=0.43..8.45 rows=0 width=0)
	  ->  Index Scan using sbtest8_pkey on sbtest8  (cost=0.43..8.45 rows=1 width=490)
	        Index Cond: (id = 1994792)

explain: for inserts :: explain INSERT INTO sbtest%u (id, k, c, pad) VALUES (%u, 13, 'foobar', 'foobar')
for: order_ranges
table 1 : explain SELECT c FROM sbtest1 WHERE id BETWEEN 5013520 AND 5013529 ORDER BY c
	Sort  (cost=44.40..44.43 rows=11 width=121)
	  Sort Key: c
	  ->  Index Scan using sbtest1_pkey on sbtest1  (cost=0.43..44.21 rows=11 width=121)
	        Index Cond: ((id >= 5013520) AND (id <= 5013529))

table 2 : explain SELECT c FROM sbtest2 WHERE id BETWEEN 3234967 AND 3234976 ORDER BY c
	Sort  (cost=37.15..37.17 rows=9 width=121)
	  Sort Key: c
	  ->  Index Scan using sbtest2_pkey on sbtest2  (cost=0.43..37.01 rows=9 width=121)
	        Index Cond: ((id >= 3234967) AND (id <= 3234976))

table 3 : explain SELECT c FROM sbtest3 WHERE id BETWEEN 1013416 AND 1013425 ORDER BY c
	Sort  (cost=44.22..44.25 rows=11 width=121)
	  Sort Key: c
	  ->  Index Scan using sbtest3_pkey on sbtest3  (cost=0.43..44.03 rows=11 width=121)
	        Index Cond: ((id >= 1013416) AND (id <= 1013425))

table 4 : explain SELECT c FROM sbtest4 WHERE id BETWEEN 6525191 AND 6525200 ORDER BY c
	Sort  (cost=40.43..40.46 rows=10 width=121)
	  Sort Key: c
	  ->  Index Scan using sbtest4_pkey on sbtest4  (cost=0.43..40.27 rows=10 width=121)
	        Index Cond: ((id >= 6525191) AND (id <= 6525200))

table 5 : explain SELECT c FROM sbtest5 WHERE id BETWEEN 7233170 AND 7233179 ORDER BY c
	Sort  (cost=40.78..40.81 rows=10 width=121)
	  Sort Key: c
	  ->  Index Scan using sbtest5_pkey on sbtest5  (cost=0.43..40.62 rows=10 width=121)
	        Index Cond: ((id >= 7233170) AND (id <= 7233179))

table 6 : explain SELECT c FROM sbtest6 WHERE id BETWEEN 9764012 AND 9764021 ORDER BY c
	Sort  (cost=36.98..37.00 rows=9 width=121)
	  Sort Key: c
	  ->  Index Scan using sbtest6_pkey on sbtest6  (cost=0.43..36.84 rows=9 width=121)
	        Index Cond: ((id >= 9764012) AND (id <= 9764021))

table 7 : explain SELECT c FROM sbtest7 WHERE id BETWEEN 6467809 AND 6467818 ORDER BY c
	Sort  (cost=40.47..40.49 rows=10 width=121)
	  Sort Key: c
	  ->  Index Scan using sbtest7_pkey on sbtest7  (cost=0.43..40.30 rows=10 width=121)
	        Index Cond: ((id >= 6467809) AND (id <= 6467818))

table 8 : explain SELECT c FROM sbtest8 WHERE id BETWEEN 3141128 AND 3141137 ORDER BY c
	Sort  (cost=36.94..36.96 rows=9 width=121)
	  Sort Key: c
	  ->  Index Scan using sbtest8_pkey on sbtest8  (cost=0.43..36.80 rows=9 width=121)
	        Index Cond: ((id >= 3141128) AND (id <= 3141137))

for inserts
table 1 : explain INSERT INTO sbtest1 (id, k, c, pad) VALUES (1833457, 13, 'foobar', 'foobar')
	Insert on sbtest1  (cost=0.00..0.01 rows=0 width=0)
	  ->  Result  (cost=0.00..0.01 rows=1 width=736)

table 2 : explain INSERT INTO sbtest2 (id, k, c, pad) VALUES (9693844, 13, 'foobar', 'foobar')
	Insert on sbtest2  (cost=0.00..0.01 rows=0 width=0)
	  ->  Result  (cost=0.00..0.01 rows=1 width=736)

table 3 : explain INSERT INTO sbtest3 (id, k, c, pad) VALUES (8246462, 13, 'foobar', 'foobar')
	Insert on sbtest3  (cost=0.00..0.01 rows=0 width=0)
	  ->  Result  (cost=0.00..0.01 rows=1 width=736)

table 4 : explain INSERT INTO sbtest4 (id, k, c, pad) VALUES (8330854, 13, 'foobar', 'foobar')
	Insert on sbtest4  (cost=0.00..0.01 rows=0 width=0)
	  ->  Result  (cost=0.00..0.01 rows=1 width=736)

table 5 : explain INSERT INTO sbtest5 (id, k, c, pad) VALUES (6777257, 13, 'foobar', 'foobar')
	Insert on sbtest5  (cost=0.00..0.01 rows=0 width=0)
	  ->  Result  (cost=0.00..0.01 rows=1 width=736)

table 6 : explain INSERT INTO sbtest6 (id, k, c, pad) VALUES (9043612, 13, 'foobar', 'foobar')
	Insert on sbtest6  (cost=0.00..0.01 rows=0 width=0)
	  ->  Result  (cost=0.00..0.01 rows=1 width=736)

table 7 : explain INSERT INTO sbtest7 (id, k, c, pad) VALUES (8139892, 13, 'foobar', 'foobar')
	Insert on sbtest7  (cost=0.00..0.01 rows=0 width=0)
	  ->  Result  (cost=0.00..0.01 rows=1 width=736)

table 8 : explain INSERT INTO sbtest8 (id, k, c, pad) VALUES (2753469, 13, 'foobar', 'foobar')
	Insert on sbtest8  (cost=0.00..0.01 rows=0 width=0)
	  ->  Result  (cost=0.00..0.01 rows=1 width=736)

explain: for deletes :: explain DELETE FROM sbtest%u WHERE id=%u
for: order_ranges
table 1 : explain SELECT c FROM sbtest1 WHERE id BETWEEN 8557102 AND 8557111 ORDER BY c
	Sort  (cost=37.20..37.22 rows=9 width=121)
	  Sort Key: c
	  ->  Index Scan using sbtest1_pkey on sbtest1  (cost=0.43..37.06 rows=9 width=121)
	        Index Cond: ((id >= 8557102) AND (id <= 8557111))

table 2 : explain SELECT c FROM sbtest2 WHERE id BETWEEN 5263666 AND 5263675 ORDER BY c
	Sort  (cost=37.15..37.17 rows=9 width=121)
	  Sort Key: c
	  ->  Index Scan using sbtest2_pkey on sbtest2  (cost=0.43..37.01 rows=9 width=121)
	        Index Cond: ((id >= 5263666) AND (id <= 5263675))

table 3 : explain SELECT c FROM sbtest3 WHERE id BETWEEN 5360951 AND 5360960 ORDER BY c
	Sort  (cost=40.64..40.67 rows=10 width=121)
	  Sort Key: c
	  ->  Index Scan using sbtest3_pkey on sbtest3  (cost=0.43..40.48 rows=10 width=121)
	        Index Cond: ((id >= 5360951) AND (id <= 5360960))

table 4 : explain SELECT c FROM sbtest4 WHERE id BETWEEN 3093858 AND 3093867 ORDER BY c
	Sort  (cost=43.99..44.02 rows=11 width=121)
	  Sort Key: c
	  ->  Index Scan using sbtest4_pkey on sbtest4  (cost=0.43..43.80 rows=11 width=121)
	        Index Cond: ((id >= 3093858) AND (id <= 3093867))

table 5 : explain SELECT c FROM sbtest5 WHERE id BETWEEN 2504278 AND 2504287 ORDER BY c
	Sort  (cost=40.78..40.81 rows=10 width=121)
	  Sort Key: c
	  ->  Index Scan using sbtest5_pkey on sbtest5  (cost=0.43..40.62 rows=10 width=121)
	        Index Cond: ((id >= 2504278) AND (id <= 2504287))

table 6 : explain SELECT c FROM sbtest6 WHERE id BETWEEN 783670 AND 783679 ORDER BY c
	Sort  (cost=40.55..40.58 rows=10 width=121)
	  Sort Key: c
	  ->  Index Scan using sbtest6_pkey on sbtest6  (cost=0.43..40.39 rows=10 width=121)
	        Index Cond: ((id >= 783670) AND (id <= 783679))

table 7 : explain SELECT c FROM sbtest7 WHERE id BETWEEN 3894057 AND 3894066 ORDER BY c
	Sort  (cost=40.47..40.49 rows=10 width=121)
	  Sort Key: c
	  ->  Index Scan using sbtest7_pkey on sbtest7  (cost=0.43..40.30 rows=10 width=121)
	        Index Cond: ((id >= 3894057) AND (id <= 3894066))

table 8 : explain SELECT c FROM sbtest8 WHERE id BETWEEN 4380521 AND 4380530 ORDER BY c
	Sort  (cost=44.08..44.10 rows=11 width=121)
	  Sort Key: c
	  ->  Index Scan using sbtest8_pkey on sbtest8  (cost=0.43..43.89 rows=11 width=121)
	        Index Cond: ((id >= 4380521) AND (id <= 4380530))

for inserts
table 1 : explain INSERT INTO sbtest1 (id, k, c, pad) VALUES (4212401, 13, 'foobar', 'foobar')
	Insert on sbtest1  (cost=0.00..0.01 rows=0 width=0)
	  ->  Result  (cost=0.00..0.01 rows=1 width=736)

table 2 : explain INSERT INTO sbtest2 (id, k, c, pad) VALUES (7126794, 13, 'foobar', 'foobar')
	Insert on sbtest2  (cost=0.00..0.01 rows=0 width=0)
	  ->  Result  (cost=0.00..0.01 rows=1 width=736)

table 3 : explain INSERT INTO sbtest3 (id, k, c, pad) VALUES (9946239, 13, 'foobar', 'foobar')
	Insert on sbtest3  (cost=0.00..0.01 rows=0 width=0)
	  ->  Result  (cost=0.00..0.01 rows=1 width=736)

table 4 : explain INSERT INTO sbtest4 (id, k, c, pad) VALUES (4492262, 13, 'foobar', 'foobar')
	Insert on sbtest4  (cost=0.00..0.01 rows=0 width=0)
	  ->  Result  (cost=0.00..0.01 rows=1 width=736)

table 5 : explain INSERT INTO sbtest5 (id, k, c, pad) VALUES (7810177, 13, 'foobar', 'foobar')
	Insert on sbtest5  (cost=0.00..0.01 rows=0 width=0)
	  ->  Result  (cost=0.00..0.01 rows=1 width=736)

table 6 : explain INSERT INTO sbtest6 (id, k, c, pad) VALUES (9952168, 13, 'foobar', 'foobar')
	Insert on sbtest6  (cost=0.00..0.01 rows=0 width=0)
	  ->  Result  (cost=0.00..0.01 rows=1 width=736)

table 7 : explain INSERT INTO sbtest7 (id, k, c, pad) VALUES (1495930, 13, 'foobar', 'foobar')
	Insert on sbtest7  (cost=0.00..0.01 rows=0 width=0)
	  ->  Result  (cost=0.00..0.01 rows=1 width=736)

table 8 : explain INSERT INTO sbtest8 (id, k, c, pad) VALUES (6427885, 13, 'foobar', 'foobar')
	Insert on sbtest8  (cost=0.00..0.01 rows=0 width=0)
	  ->  Result  (cost=0.00..0.01 rows=1 width=736)

explain: for non_index_updates :: explain UPDATE sbtest%u SET c='foobar' WHERE id=%u
for: distinct_ranges
table 1 : explain SELECT DISTINCT c FROM sbtest1 WHERE id BETWEEN 2508094 AND 2508103 ORDER BY c
	Unique  (cost=40.80..40.85 rows=10 width=121)
	  ->  Sort  (cost=40.80..40.82 rows=10 width=121)
	        Sort Key: c
	        ->  Index Scan using sbtest1_pkey on sbtest1  (cost=0.43..40.63 rows=10 width=121)
	              Index Cond: ((id >= 2508094) AND (id <= 2508103))

table 2 : explain SELECT DISTINCT c FROM sbtest2 WHERE id BETWEEN 1823853 AND 1823862 ORDER BY c
	Unique  (cost=40.74..40.79 rows=10 width=121)
	  ->  Sort  (cost=40.74..40.77 rows=10 width=121)
	        Sort Key: c
	        ->  Index Scan using sbtest2_pkey on sbtest2  (cost=0.43..40.58 rows=10 width=121)
	              Index Cond: ((id >= 1823853) AND (id <= 1823862))

table 3 : explain SELECT DISTINCT c FROM sbtest3 WHERE id BETWEEN 3378938 AND 3378947 ORDER BY c
	Unique  (cost=44.22..44.28 rows=11 width=121)
	  ->  Sort  (cost=44.22..44.25 rows=11 width=121)
	        Sort Key: c
	        ->  Index Scan using sbtest3_pkey on sbtest3  (cost=0.43..44.03 rows=11 width=121)
	              Index Cond: ((id >= 3378938) AND (id <= 3378947))

table 4 : explain SELECT DISTINCT c FROM sbtest4 WHERE id BETWEEN 374148 AND 374157 ORDER BY c
	Unique  (cost=40.43..40.48 rows=10 width=121)
	  ->  Sort  (cost=40.43..40.46 rows=10 width=121)
	        Sort Key: c
	        ->  Index Scan using sbtest4_pkey on sbtest4  (cost=0.43..40.27 rows=10 width=121)
	              Index Cond: ((id >= 374148) AND (id <= 374157))

table 5 : explain SELECT DISTINCT c FROM sbtest5 WHERE id BETWEEN 3662414 AND 3662423 ORDER BY c
	Unique  (cost=44.38..44.44 rows=11 width=121)
	  ->  Sort  (cost=44.38..44.41 rows=11 width=121)
	        Sort Key: c
	        ->  Index Scan using sbtest5_pkey on sbtest5  (cost=0.43..44.19 rows=11 width=121)
	              Index Cond: ((id >= 3662414) AND (id <= 3662423))

table 6 : explain SELECT DISTINCT c FROM sbtest6 WHERE id BETWEEN 6387177 AND 6387186 ORDER BY c
	Unique  (cost=40.55..40.60 rows=10 width=121)
	  ->  Sort  (cost=40.55..40.58 rows=10 width=121)
	        Sort Key: c
	        ->  Index Scan using sbtest6_pkey on sbtest6  (cost=0.43..40.39 rows=10 width=121)
	              Index Cond: ((id >= 6387177) AND (id <= 6387186))

table 7 : explain SELECT DISTINCT c FROM sbtest7 WHERE id BETWEEN 4035868 AND 4035877 ORDER BY c
	Unique  (cost=44.03..44.08 rows=11 width=121)
	  ->  Sort  (cost=44.03..44.06 rows=11 width=121)
	        Sort Key: c
	        ->  Index Scan using sbtest7_pkey on sbtest7  (cost=0.43..43.84 rows=11 width=121)
	              Index Cond: ((id >= 4035868) AND (id <= 4035877))

table 8 : explain SELECT DISTINCT c FROM sbtest8 WHERE id BETWEEN 739061 AND 739070 ORDER BY c
	Unique  (cost=40.51..40.56 rows=10 width=121)
	  ->  Sort  (cost=40.51..40.53 rows=10 width=121)
	        Sort Key: c
	        ->  Index Scan using sbtest8_pkey on sbtest8  (cost=0.43..40.34 rows=10 width=121)
	              Index Cond: ((id >= 739061) AND (id <= 739070))

for inserts
table 1 : explain INSERT INTO sbtest1 (id, k, c, pad) VALUES (1937612, 13, 'foobar', 'foobar')
	Insert on sbtest1  (cost=0.00..0.01 rows=0 width=0)
	  ->  Result  (cost=0.00..0.01 rows=1 width=736)

table 2 : explain INSERT INTO sbtest2 (id, k, c, pad) VALUES (9726249, 13, 'foobar', 'foobar')
	Insert on sbtest2  (cost=0.00..0.01 rows=0 width=0)
	  ->  Result  (cost=0.00..0.01 rows=1 width=736)

table 3 : explain INSERT INTO sbtest3 (id, k, c, pad) VALUES (5014714, 13, 'foobar', 'foobar')
	Insert on sbtest3  (cost=0.00..0.01 rows=0 width=0)
	  ->  Result  (cost=0.00..0.01 rows=1 width=736)

table 4 : explain INSERT INTO sbtest4 (id, k, c, pad) VALUES (904054, 13, 'foobar', 'foobar')
	Insert on sbtest4  (cost=0.00..0.01 rows=0 width=0)
	  ->  Result  (cost=0.00..0.01 rows=1 width=736)

table 5 : explain INSERT INTO sbtest5 (id, k, c, pad) VALUES (6515653, 13, 'foobar', 'foobar')
	Insert on sbtest5  (cost=0.00..0.01 rows=0 width=0)
	  ->  Result  (cost=0.00..0.01 rows=1 width=736)

table 6 : explain INSERT INTO sbtest6 (id, k, c, pad) VALUES (1418532, 13, 'foobar', 'foobar')
	Insert on sbtest6  (cost=0.00..0.01 rows=0 width=0)
	  ->  Result  (cost=0.00..0.01 rows=1 width=736)

table 7 : explain INSERT INTO sbtest7 (id, k, c, pad) VALUES (3076191, 13, 'foobar', 'foobar')
	Insert on sbtest7  (cost=0.00..0.01 rows=0 width=0)
	  ->  Result  (cost=0.00..0.01 rows=1 width=736)

table 8 : explain INSERT INTO sbtest8 (id, k, c, pad) VALUES (6863091, 13, 'foobar', 'foobar')
	Insert on sbtest8  (cost=0.00..0.01 rows=0 width=0)
	  ->  Result  (cost=0.00..0.01 rows=1 width=736)

for deletes
table 1 : explain DELETE FROM sbtest1 WHERE id=1331289
	Delete on sbtest1  (cost=0.43..8.45 rows=0 width=0)
	  ->  Index Scan using sbtest1_pkey on sbtest1  (cost=0.43..8.45 rows=1 width=6)
	        Index Cond: (id = 1331289)

table 2 : explain DELETE FROM sbtest2 WHERE id=4107051
	Delete on sbtest2  (cost=0.43..8.45 rows=0 width=0)
	  ->  Index Scan using sbtest2_pkey on sbtest2  (cost=0.43..8.45 rows=1 width=6)
	        Index Cond: (id = 4107051)

table 3 : explain DELETE FROM sbtest3 WHERE id=8980474
	Delete on sbtest3  (cost=0.43..8.45 rows=0 width=0)
	  ->  Index Scan using sbtest3_pkey on sbtest3  (cost=0.43..8.45 rows=1 width=6)
	        Index Cond: (id = 8980474)

table 4 : explain DELETE FROM sbtest4 WHERE id=5352740
	Delete on sbtest4  (cost=0.43..8.45 rows=0 width=0)
	  ->  Index Scan using sbtest4_pkey on sbtest4  (cost=0.43..8.45 rows=1 width=6)
	        Index Cond: (id = 5352740)

table 5 : explain DELETE FROM sbtest5 WHERE id=9959137
	Delete on sbtest5  (cost=0.43..8.45 rows=0 width=0)
	  ->  Index Scan using sbtest5_pkey on sbtest5  (cost=0.43..8.45 rows=1 width=6)
	        Index Cond: (id = 9959137)

table 6 : explain DELETE FROM sbtest6 WHERE id=4921637
	Delete on sbtest6  (cost=0.43..8.45 rows=0 width=0)
	  ->  Index Scan using sbtest6_pkey on sbtest6  (cost=0.43..8.45 rows=1 width=6)
	        Index Cond: (id = 4921637)

table 7 : explain DELETE FROM sbtest7 WHERE id=3266914
	Delete on sbtest7  (cost=0.43..8.45 rows=0 width=0)
	  ->  Index Scan using sbtest7_pkey on sbtest7  (cost=0.43..8.45 rows=1 width=6)
	        Index Cond: (id = 3266914)

table 8 : explain DELETE FROM sbtest8 WHERE id=6881274
	Delete on sbtest8  (cost=0.43..8.45 rows=0 width=0)
	  ->  Index Scan using sbtest8_pkey on sbtest8  (cost=0.43..8.45 rows=1 width=6)
	        Index Cond: (id = 6881274)

for: distinct_ranges
table 1 : explain SELECT DISTINCT c FROM sbtest1 WHERE id BETWEEN 303862 AND 303871 ORDER BY c
	Unique  (cost=40.80..40.85 rows=10 width=121)
	  ->  Sort  (cost=40.80..40.82 rows=10 width=121)
	        Sort Key: c
	        ->  Index Scan using sbtest1_pkey on sbtest1  (cost=0.43..40.63 rows=10 width=121)
	              Index Cond: ((id >= 303862) AND (id <= 303871))

table 2 : explain SELECT DISTINCT c FROM sbtest2 WHERE id BETWEEN 7483145 AND 7483154 ORDER BY c
	Unique  (cost=40.74..40.79 rows=10 width=121)
	  ->  Sort  (cost=40.74..40.77 rows=10 width=121)
	        Sort Key: c
	        ->  Index Scan using sbtest2_pkey on sbtest2  (cost=0.43..40.58 rows=10 width=121)
	              Index Cond: ((id >= 7483145) AND (id <= 7483154))

table 3 : explain SELECT DISTINCT c FROM sbtest3 WHERE id BETWEEN 9105784 AND 9105793 ORDER BY c
	Unique  (cost=40.64..40.69 rows=10 width=121)
	  ->  Sort  (cost=40.64..40.67 rows=10 width=121)
	        Sort Key: c
	        ->  Index Scan using sbtest3_pkey on sbtest3  (cost=0.43..40.48 rows=10 width=121)
	              Index Cond: ((id >= 9105784) AND (id <= 9105793))

table 4 : explain SELECT DISTINCT c FROM sbtest4 WHERE id BETWEEN 684281 AND 684290 ORDER BY c
	Unique  (cost=43.99..44.05 rows=11 width=121)
	  ->  Sort  (cost=43.99..44.02 rows=11 width=121)
	        Sort Key: c
	        ->  Index Scan using sbtest4_pkey on sbtest4  (cost=0.43..43.80 rows=11 width=121)
	              Index Cond: ((id >= 684281) AND (id <= 684290))

table 5 : explain SELECT DISTINCT c FROM sbtest5 WHERE id BETWEEN 4270761 AND 4270770 ORDER BY c
	Unique  (cost=44.38..44.44 rows=11 width=121)
	  ->  Sort  (cost=44.38..44.41 rows=11 width=121)
	        Sort Key: c
	        ->  Index Scan using sbtest5_pkey on sbtest5  (cost=0.43..44.19 rows=11 width=121)
	              Index Cond: ((id >= 4270761) AND (id <= 4270770))

table 6 : explain SELECT DISTINCT c FROM sbtest6 WHERE id BETWEEN 3418693 AND 3418702 ORDER BY c
	Unique  (cost=40.55..40.60 rows=10 width=121)
	  ->  Sort  (cost=40.55..40.58 rows=10 width=121)
	        Sort Key: c
	        ->  Index Scan using sbtest6_pkey on sbtest6  (cost=0.43..40.39 rows=10 width=121)
	              Index Cond: ((id >= 3418693) AND (id <= 3418702))

table 7 : explain SELECT DISTINCT c FROM sbtest7 WHERE id BETWEEN 8635566 AND 8635575 ORDER BY c
	Unique  (cost=36.91..36.95 rows=9 width=121)
	  ->  Sort  (cost=36.91..36.93 rows=9 width=121)
	        Sort Key: c
	        ->  Index Scan using sbtest7_pkey on sbtest7  (cost=0.43..36.76 rows=9 width=121)
	              Index Cond: ((id >= 8635566) AND (id <= 8635575))

table 8 : explain SELECT DISTINCT c FROM sbtest8 WHERE id BETWEEN 4201672 AND 4201681 ORDER BY c
	Unique  (cost=44.08..44.13 rows=11 width=121)
	  ->  Sort  (cost=44.08..44.10 rows=11 width=121)
	        Sort Key: c
	        ->  Index Scan using sbtest8_pkey on sbtest8  (cost=0.43..43.89 rows=11 width=121)
	              Index Cond: ((id >= 4201672) AND (id <= 4201681))

for deletes
table 1 : explain DELETE FROM sbtest1 WHERE id=9508775
	Delete on sbtest1  (cost=0.43..8.45 rows=0 width=0)
	  ->  Index Scan using sbtest1_pkey on sbtest1  (cost=0.43..8.45 rows=1 width=6)
	        Index Cond: (id = 9508775)

table 2 : explain DELETE FROM sbtest2 WHERE id=4397569
	Delete on sbtest2  (cost=0.43..8.45 rows=0 width=0)
	  ->  Index Scan using sbtest2_pkey on sbtest2  (cost=0.43..8.45 rows=1 width=6)
	        Index Cond: (id = 4397569)

table 3 : explain DELETE FROM sbtest3 WHERE id=1202522
	Delete on sbtest3  (cost=0.43..8.45 rows=0 width=0)
	  ->  Index Scan using sbtest3_pkey on sbtest3  (cost=0.43..8.45 rows=1 width=6)
	        Index Cond: (id = 1202522)

table 4 : explain DELETE FROM sbtest4 WHERE id=1632757
	Delete on sbtest4  (cost=0.43..8.45 rows=0 width=0)
	  ->  Index Scan using sbtest4_pkey on sbtest4  (cost=0.43..8.45 rows=1 width=6)
	        Index Cond: (id = 1632757)

table 5 : explain DELETE FROM sbtest5 WHERE id=2177574
	Delete on sbtest5  (cost=0.43..8.45 rows=0 width=0)
	  ->  Index Scan using sbtest5_pkey on sbtest5  (cost=0.43..8.45 rows=1 width=6)
	        Index Cond: (id = 2177574)

table 6 : explain DELETE FROM sbtest6 WHERE id=9114765
	Delete on sbtest6  (cost=0.43..8.45 rows=0 width=0)
	  ->  Index Scan using sbtest6_pkey on sbtest6  (cost=0.43..8.45 rows=1 width=6)
	        Index Cond: (id = 9114765)

table 7 : explain DELETE FROM sbtest7 WHERE id=7475183
	Delete on sbtest7  (cost=0.43..8.45 rows=0 width=0)
	  ->  Index Scan using sbtest7_pkey on sbtest7  (cost=0.43..8.45 rows=1 width=6)
	        Index Cond: (id = 7475183)

table 8 : explain DELETE FROM sbtest8 WHERE id=2208610
	Delete on sbtest8  (cost=0.43..8.45 rows=0 width=0)
	  ->  Index Scan using sbtest8_pkey on sbtest8  (cost=0.43..8.45 rows=1 width=6)
	        Index Cond: (id = 2208610)

explain: for index_updates :: explain UPDATE sbtest%u SET k=k+1 WHERE id=%u
for: distinct_ranges
table 1 : explain SELECT DISTINCT c FROM sbtest1 WHERE id BETWEEN 1758318 AND 1758327 ORDER BY c
	Unique  (cost=44.40..44.45 rows=11 width=121)
	  ->  Sort  (cost=44.40..44.43 rows=11 width=121)
	        Sort Key: c
	        ->  Index Scan using sbtest1_pkey on sbtest1  (cost=0.43..44.21 rows=11 width=121)
	              Index Cond: ((id >= 1758318) AND (id <= 1758327))

table 2 : explain SELECT DISTINCT c FROM sbtest2 WHERE id BETWEEN 5026077 AND 5026086 ORDER BY c
	Unique  (cost=40.74..40.79 rows=10 width=121)
	  ->  Sort  (cost=40.74..40.77 rows=10 width=121)
	        Sort Key: c
	        ->  Index Scan using sbtest2_pkey on sbtest2  (cost=0.43..40.58 rows=10 width=121)
	              Index Cond: ((id >= 5026077) AND (id <= 5026086))

table 3 : explain SELECT DISTINCT c FROM sbtest3 WHERE id BETWEEN 5169133 AND 5169142 ORDER BY c
	Unique  (cost=44.22..44.28 rows=11 width=121)
	  ->  Sort  (cost=44.22..44.25 rows=11 width=121)
	        Sort Key: c
	        ->  Index Scan using sbtest3_pkey on sbtest3  (cost=0.43..44.03 rows=11 width=121)
	              Index Cond: ((id >= 5169133) AND (id <= 5169142))

table 4 : explain SELECT DISTINCT c FROM sbtest4 WHERE id BETWEEN 4063952 AND 4063961 ORDER BY c
	Unique  (cost=40.43..40.48 rows=10 width=121)
	  ->  Sort  (cost=40.43..40.46 rows=10 width=121)
	        Sort Key: c
	        ->  Index Scan using sbtest4_pkey on sbtest4  (cost=0.43..40.27 rows=10 width=121)
	              Index Cond: ((id >= 4063952) AND (id <= 4063961))

table 5 : explain SELECT DISTINCT c FROM sbtest5 WHERE id BETWEEN 3914611 AND 3914620 ORDER BY c
	Unique  (cost=40.78..40.83 rows=10 width=121)
	  ->  Sort  (cost=40.78..40.81 rows=10 width=121)
	        Sort Key: c
	        ->  Index Scan using sbtest5_pkey on sbtest5  (cost=0.43..40.62 rows=10 width=121)
	              Index Cond: ((id >= 3914611) AND (id <= 3914620))

table 6 : explain SELECT DISTINCT c FROM sbtest6 WHERE id BETWEEN 9655251 AND 9655260 ORDER BY c
	Unique  (cost=44.13..44.18 rows=11 width=121)
	  ->  Sort  (cost=44.13..44.15 rows=11 width=121)
	        Sort Key: c
	        ->  Index Scan using sbtest6_pkey on sbtest6  (cost=0.43..43.94 rows=11 width=121)
	              Index Cond: ((id >= 9655251) AND (id <= 9655260))

table 7 : explain SELECT DISTINCT c FROM sbtest7 WHERE id BETWEEN 3107763 AND 3107772 ORDER BY c
	Unique  (cost=36.91..36.95 rows=9 width=121)
	  ->  Sort  (cost=36.91..36.93 rows=9 width=121)
	        Sort Key: c
	        ->  Index Scan using sbtest7_pkey on sbtest7  (cost=0.43..36.76 rows=9 width=121)
	              Index Cond: ((id >= 3107763) AND (id <= 3107772))

table 8 : explain SELECT DISTINCT c FROM sbtest8 WHERE id BETWEEN 807366 AND 807375 ORDER BY c
	Unique  (cost=40.51..40.56 rows=10 width=121)
	  ->  Sort  (cost=40.51..40.53 rows=10 width=121)
	        Sort Key: c
	        ->  Index Scan using sbtest8_pkey on sbtest8  (cost=0.43..40.34 rows=10 width=121)
	              Index Cond: ((id >= 807366) AND (id <= 807375))

for: distinct_ranges
table 1 : explain SELECT DISTINCT c FROM sbtest1 WHERE id BETWEEN 4776750 AND 4776759 ORDER BY c
	Unique  (cost=44.40..44.45 rows=11 width=121)
	  ->  Sort  (cost=44.40..44.43 rows=11 width=121)
	        Sort Key: c
	        ->  Index Scan using sbtest1_pkey on sbtest1  (cost=0.43..44.21 rows=11 width=121)
	              Index Cond: ((id >= 4776750) AND (id <= 4776759))

table 2 : explain SELECT DISTINCT c FROM sbtest2 WHERE id BETWEEN 8650277 AND 8650286 ORDER BY c
	Unique  (cost=44.34..44.39 rows=11 width=121)
	  ->  Sort  (cost=44.34..44.36 rows=11 width=121)
	        Sort Key: c
	        ->  Index Scan using sbtest2_pkey on sbtest2  (cost=0.43..44.15 rows=11 width=121)
	              Index Cond: ((id >= 8650277) AND (id <= 8650286))

table 3 : explain SELECT DISTINCT c FROM sbtest3 WHERE id BETWEEN 5252049 AND 5252058 ORDER BY c
	Unique  (cost=44.22..44.28 rows=11 width=121)
	  ->  Sort  (cost=44.22..44.25 rows=11 width=121)
	        Sort Key: c
	        ->  Index Scan using sbtest3_pkey on sbtest3  (cost=0.43..44.03 rows=11 width=121)
	              Index Cond: ((id >= 5252049) AND (id <= 5252058))

table 4 : explain SELECT DISTINCT c FROM sbtest4 WHERE id BETWEEN 8606269 AND 8606278 ORDER BY c
	Unique  (cost=43.99..44.05 rows=11 width=121)
	  ->  Sort  (cost=43.99..44.02 rows=11 width=121)
	        Sort Key: c
	        ->  Index Scan using sbtest4_pkey on sbtest4  (cost=0.43..43.80 rows=11 width=121)
	              Index Cond: ((id >= 8606269) AND (id <= 8606278))

table 5 : explain SELECT DISTINCT c FROM sbtest5 WHERE id BETWEEN 7210346 AND 7210355 ORDER BY c
	Unique  (cost=40.78..40.83 rows=10 width=121)
	  ->  Sort  (cost=40.78..40.81 rows=10 width=121)
	        Sort Key: c
	        ->  Index Scan using sbtest5_pkey on sbtest5  (cost=0.43..40.62 rows=10 width=121)
	              Index Cond: ((id >= 7210346) AND (id <= 7210355))

table 6 : explain SELECT DISTINCT c FROM sbtest6 WHERE id BETWEEN 4031916 AND 4031925 ORDER BY c
	Unique  (cost=44.13..44.18 rows=11 width=121)
	  ->  Sort  (cost=44.13..44.15 rows=11 width=121)
	        Sort Key: c
	        ->  Index Scan using sbtest6_pkey on sbtest6  (cost=0.43..43.94 rows=11 width=121)
	              Index Cond: ((id >= 4031916) AND (id <= 4031925))

table 7 : explain SELECT DISTINCT c FROM sbtest7 WHERE id BETWEEN 3309081 AND 3309090 ORDER BY c
	Unique  (cost=36.91..36.95 rows=9 width=121)
	  ->  Sort  (cost=36.91..36.93 rows=9 width=121)
	        Sort Key: c
	        ->  Index Scan using sbtest7_pkey on sbtest7  (cost=0.43..36.76 rows=9 width=121)
	              Index Cond: ((id >= 3309081) AND (id <= 3309090))

table 8 : explain SELECT DISTINCT c FROM sbtest8 WHERE id BETWEEN 5736340 AND 5736349 ORDER BY c
	Unique  (cost=40.51..40.56 rows=10 width=121)
	  ->  Sort  (cost=40.51..40.53 rows=10 width=121)
	        Sort Key: c
	        ->  Index Scan using sbtest8_pkey on sbtest8  (cost=0.43..40.34 rows=10 width=121)
	              Index Cond: ((id >= 5736340) AND (id <= 5736349))

for: simple_ranges
table 1 : explain SELECT c FROM sbtest1 WHERE id BETWEEN 7004460 AND 7004469
	Index Scan using sbtest1_pkey on sbtest1  (cost=0.43..37.06 rows=9 width=121)
	  Index Cond: ((id >= 7004460) AND (id <= 7004469))

table 2 : explain SELECT c FROM sbtest2 WHERE id BETWEEN 7301984 AND 7301993
	Index Scan using sbtest2_pkey on sbtest2  (cost=0.43..40.58 rows=10 width=121)
	  Index Cond: ((id >= 7301984) AND (id <= 7301993))

table 3 : explain SELECT c FROM sbtest3 WHERE id BETWEEN 8737288 AND 8737297
	Index Scan using sbtest3_pkey on sbtest3  (cost=0.43..44.03 rows=11 width=121)
	  Index Cond: ((id >= 8737288) AND (id <= 8737297))

table 4 : explain SELECT c FROM sbtest4 WHERE id BETWEEN 8642659 AND 8642668
	Index Scan using sbtest4_pkey on sbtest4  (cost=0.43..43.80 rows=11 width=121)
	  Index Cond: ((id >= 8642659) AND (id <= 8642668))

table 5 : explain SELECT c FROM sbtest5 WHERE id BETWEEN 9146353 AND 9146362
	Index Scan using sbtest5_pkey on sbtest5  (cost=0.43..40.62 rows=10 width=121)
	  Index Cond: ((id >= 9146353) AND (id <= 9146362))

table 6 : explain SELECT c FROM sbtest6 WHERE id BETWEEN 5980677 AND 5980686
	Index Scan using sbtest6_pkey on sbtest6  (cost=0.43..36.84 rows=9 width=121)
	  Index Cond: ((id >= 5980677) AND (id <= 5980686))

table 7 : explain SELECT c FROM sbtest7 WHERE id BETWEEN 3449849 AND 3449858
	Index Scan using sbtest7_pkey on sbtest7  (cost=0.43..40.30 rows=10 width=121)
	  Index Cond: ((id >= 3449849) AND (id <= 3449858))

table 8 : explain SELECT c FROM sbtest8 WHERE id BETWEEN 815760 AND 815769
	Index Scan using sbtest8_pkey on sbtest8  (cost=0.43..40.34 rows=10 width=121)
	  Index Cond: ((id >= 815760) AND (id <= 815769))

for: distinct_ranges
table 1 : explain SELECT DISTINCT c FROM sbtest1 WHERE id BETWEEN 3603941 AND 3603950 ORDER BY c
	Unique  (cost=44.40..44.45 rows=11 width=121)
	  ->  Sort  (cost=44.40..44.43 rows=11 width=121)
	        Sort Key: c
	        ->  Index Scan using sbtest1_pkey on sbtest1  (cost=0.43..44.21 rows=11 width=121)
	              Index Cond: ((id >= 3603941) AND (id <= 3603950))

table 2 : explain SELECT DISTINCT c FROM sbtest2 WHERE id BETWEEN 4338039 AND 4338048 ORDER BY c
	Unique  (cost=40.74..40.79 rows=10 width=121)
	  ->  Sort  (cost=40.74..40.77 rows=10 width=121)
	        Sort Key: c
	        ->  Index Scan using sbtest2_pkey on sbtest2  (cost=0.43..40.58 rows=10 width=121)
	              Index Cond: ((id >= 4338039) AND (id <= 4338048))

table 3 : explain SELECT DISTINCT c FROM sbtest3 WHERE id BETWEEN 2102393 AND 2102402 ORDER BY c
	Unique  (cost=40.64..40.69 rows=10 width=121)
	  ->  Sort  (cost=40.64..40.67 rows=10 width=121)
	        Sort Key: c
	        ->  Index Scan using sbtest3_pkey on sbtest3  (cost=0.43..40.48 rows=10 width=121)
	              Index Cond: ((id >= 2102393) AND (id <= 2102402))

table 4 : explain SELECT DISTINCT c FROM sbtest4 WHERE id BETWEEN 88398 AND 88407 ORDER BY c
	Unique  (cost=36.87..36.92 rows=9 width=121)
	  ->  Sort  (cost=36.87..36.90 rows=9 width=121)
	        Sort Key: c
	        ->  Index Scan using sbtest4_pkey on sbtest4  (cost=0.43..36.73 rows=9 width=121)
	              Index Cond: ((id >= 88398) AND (id <= 88407))

table 5 : explain SELECT DISTINCT c FROM sbtest5 WHERE id BETWEEN 6021976 AND 6021985 ORDER BY c
	Unique  (cost=40.78..40.83 rows=10 width=121)
	  ->  Sort  (cost=40.78..40.81 rows=10 width=121)
	        Sort Key: c
	        ->  Index Scan using sbtest5_pkey on sbtest5  (cost=0.43..40.62 rows=10 width=121)
	              Index Cond: ((id >= 6021976) AND (id <= 6021985))

table 6 : explain SELECT DISTINCT c FROM sbtest6 WHERE id BETWEEN 1989241 AND 1989250 ORDER BY c
	Unique  (cost=44.13..44.18 rows=11 width=121)
	  ->  Sort  (cost=44.13..44.15 rows=11 width=121)
	        Sort Key: c
	        ->  Index Scan using sbtest6_pkey on sbtest6  (cost=0.43..43.94 rows=11 width=121)
	              Index Cond: ((id >= 1989241) AND (id <= 1989250))

table 7 : explain SELECT DISTINCT c FROM sbtest7 WHERE id BETWEEN 9782576 AND 9782585 ORDER BY c
	Unique  (cost=36.91..36.95 rows=9 width=121)
	  ->  Sort  (cost=36.91..36.93 rows=9 width=121)
	        Sort Key: c
	        ->  Index Scan using sbtest7_pkey on sbtest7  (cost=0.43..36.76 rows=9 width=121)
	              Index Cond: ((id >= 9782576) AND (id <= 9782585))

table 8 : explain SELECT DISTINCT c FROM sbtest8 WHERE id BETWEEN 2373057 AND 2373066 ORDER BY c
	Unique  (cost=40.51..40.56 rows=10 width=121)
	  ->  Sort  (cost=40.51..40.53 rows=10 width=121)
	        Sort Key: c
	        ->  Index Scan using sbtest8_pkey on sbtest8  (cost=0.43..40.34 rows=10 width=121)
	              Index Cond: ((id >= 2373057) AND (id <= 2373066))

for non_index_updates
table 1 : explain UPDATE sbtest1 SET c='foobar' WHERE id=5216971
	Update on sbtest1  (cost=0.43..8.45 rows=0 width=0)
	  ->  Index Scan using sbtest1_pkey on sbtest1  (cost=0.43..8.45 rows=1 width=490)
	        Index Cond: (id = 5216971)

table 2 : explain UPDATE sbtest2 SET c='foobar' WHERE id=636687
	Update on sbtest2  (cost=0.43..8.45 rows=0 width=0)
	  ->  Index Scan using sbtest2_pkey on sbtest2  (cost=0.43..8.45 rows=1 width=490)
	        Index Cond: (id = 636687)

table 3 : explain UPDATE sbtest3 SET c='foobar' WHERE id=6221421
	Update on sbtest3  (cost=0.43..8.45 rows=0 width=0)
	  ->  Index Scan using sbtest3_pkey on sbtest3  (cost=0.43..8.45 rows=1 width=490)
	        Index Cond: (id = 6221421)

table 4 : explain UPDATE sbtest4 SET c='foobar' WHERE id=5573320
	Update on sbtest4  (cost=0.43..8.45 rows=0 width=0)
	  ->  Index Scan using sbtest4_pkey on sbtest4  (cost=0.43..8.45 rows=1 width=490)
	        Index Cond: (id = 5573320)

table 5 : explain UPDATE sbtest5 SET c='foobar' WHERE id=7269700
	Update on sbtest5  (cost=0.43..8.45 rows=0 width=0)
	  ->  Index Scan using sbtest5_pkey on sbtest5  (cost=0.43..8.45 rows=1 width=490)
	        Index Cond: (id = 7269700)

table 6 : explain UPDATE sbtest6 SET c='foobar' WHERE id=7520210
	Update on sbtest6  (cost=0.43..8.45 rows=0 width=0)
	  ->  Index Scan using sbtest6_pkey on sbtest6  (cost=0.43..8.45 rows=1 width=490)
	        Index Cond: (id = 7520210)

table 7 : explain UPDATE sbtest7 SET c='foobar' WHERE id=5733113
	Update on sbtest7  (cost=0.43..8.45 rows=0 width=0)
	  ->  Index Scan using sbtest7_pkey on sbtest7  (cost=0.43..8.45 rows=1 width=490)
	        Index Cond: (id = 5733113)

table 8 : explain UPDATE sbtest8 SET c='foobar' WHERE id=9935698
	Update on sbtest8  (cost=0.43..8.45 rows=0 width=0)
	  ->  Index Scan using sbtest8_pkey on sbtest8  (cost=0.43..8.45 rows=1 width=490)
	        Index Cond: (id = 9935698)

explain: for index_updates :: explain UPDATE sbtest%u SET k=k+1 WHERE id=%u
for inserts
table 1 : explain INSERT INTO sbtest1 (id, k, c, pad) VALUES (9507178, 13, 'foobar', 'foobar')
	Insert on sbtest1  (cost=0.00..0.01 rows=0 width=0)
	  ->  Result  (cost=0.00..0.01 rows=1 width=736)

table 2 : explain INSERT INTO sbtest2 (id, k, c, pad) VALUES (7814032, 13, 'foobar', 'foobar')
	Insert on sbtest2  (cost=0.00..0.01 rows=0 width=0)
	  ->  Result  (cost=0.00..0.01 rows=1 width=736)

table 3 : explain INSERT INTO sbtest3 (id, k, c, pad) VALUES (5889017, 13, 'foobar', 'foobar')
	Insert on sbtest3  (cost=0.00..0.01 rows=0 width=0)
	  ->  Result  (cost=0.00..0.01 rows=1 width=736)

table 4 : explain INSERT INTO sbtest4 (id, k, c, pad) VALUES (222219, 13, 'foobar', 'foobar')
	Insert on sbtest4  (cost=0.00..0.01 rows=0 width=0)
	  ->  Result  (cost=0.00..0.01 rows=1 width=736)

table 5 : explain INSERT INTO sbtest5 (id, k, c, pad) VALUES (1392830, 13, 'foobar', 'foobar')
	Insert on sbtest5  (cost=0.00..0.01 rows=0 width=0)
	  ->  Result  (cost=0.00..0.01 rows=1 width=736)

table 6 : explain INSERT INTO sbtest6 (id, k, c, pad) VALUES (146049, 13, 'foobar', 'foobar')
	Insert on sbtest6  (cost=0.00..0.01 rows=0 width=0)
	  ->  Result  (cost=0.00..0.01 rows=1 width=736)

table 7 : explain INSERT INTO sbtest7 (id, k, c, pad) VALUES (656295, 13, 'foobar', 'foobar')
	Insert on sbtest7  (cost=0.00..0.01 rows=0 width=0)
	  ->  Result  (cost=0.00..0.01 rows=1 width=736)

table 8 : explain INSERT INTO sbtest8 (id, k, c, pad) VALUES (8992764, 13, 'foobar', 'foobar')
	Insert on sbtest8  (cost=0.00..0.01 rows=0 width=0)
	  ->  Result  (cost=0.00..0.01 rows=1 width=736)

explain: for index_updates :: explain UPDATE sbtest%u SET k=k+1 WHERE id=%u
for: distinct_ranges
table 1 : explain SELECT DISTINCT c FROM sbtest1 WHERE id BETWEEN 4087770 AND 4087779 ORDER BY c
	Unique  (cost=37.20..37.24 rows=9 width=121)
	  ->  Sort  (cost=37.20..37.22 rows=9 width=121)
	        Sort Key: c
	        ->  Index Scan using sbtest1_pkey on sbtest1  (cost=0.43..37.06 rows=9 width=121)
	              Index Cond: ((id >= 4087770) AND (id <= 4087779))

table 2 : explain SELECT DISTINCT c FROM sbtest2 WHERE id BETWEEN 7037569 AND 7037578 ORDER BY c
	Unique  (cost=37.15..37.20 rows=9 width=121)
	  ->  Sort  (cost=37.15..37.17 rows=9 width=121)
	        Sort Key: c
	        ->  Index Scan using sbtest2_pkey on sbtest2  (cost=0.43..37.01 rows=9 width=121)
	              Index Cond: ((id >= 7037569) AND (id <= 7037578))

table 3 : explain SELECT DISTINCT c FROM sbtest3 WHERE id BETWEEN 7102347 AND 7102356 ORDER BY c
	Unique  (cost=40.64..40.69 rows=10 width=121)
	  ->  Sort  (cost=40.64..40.67 rows=10 width=121)
	        Sort Key: c
	        ->  Index Scan using sbtest3_pkey on sbtest3  (cost=0.43..40.48 rows=10 width=121)
	              Index Cond: ((id >= 7102347) AND (id <= 7102356))

table 4 : explain SELECT DISTINCT c FROM sbtest4 WHERE id BETWEEN 1634910 AND 1634919 ORDER BY c
	Unique  (cost=36.87..36.92 rows=9 width=121)
	  ->  Sort  (cost=36.87..36.90 rows=9 width=121)
	        Sort Key: c
	        ->  Index Scan using sbtest4_pkey on sbtest4  (cost=0.43..36.73 rows=9 width=121)
	              Index Cond: ((id >= 1634910) AND (id <= 1634919))

table 5 : explain SELECT DISTINCT c FROM sbtest5 WHERE id BETWEEN 6369221 AND 6369230 ORDER BY c
	Unique  (cost=37.19..37.23 rows=9 width=121)
	  ->  Sort  (cost=37.19..37.21 rows=9 width=121)
	        Sort Key: c
	        ->  Index Scan using sbtest5_pkey on sbtest5  (cost=0.43..37.04 rows=9 width=121)
	              Index Cond: ((id >= 6369221) AND (id <= 6369230))

table 6 : explain SELECT DISTINCT c FROM sbtest6 WHERE id BETWEEN 9391441 AND 9391450 ORDER BY c
	Unique  (cost=44.13..44.18 rows=11 width=121)
	  ->  Sort  (cost=44.13..44.15 rows=11 width=121)
	        Sort Key: c
	        ->  Index Scan using sbtest6_pkey on sbtest6  (cost=0.43..43.94 rows=11 width=121)
	              Index Cond: ((id >= 9391441) AND (id <= 9391450))

table 7 : explain SELECT DISTINCT c FROM sbtest7 WHERE id BETWEEN 1943137 AND 1943146 ORDER BY c
	Unique  (cost=36.91..36.95 rows=9 width=121)
	  ->  Sort  (cost=36.91..36.93 rows=9 width=121)
	        Sort Key: c
	        ->  Index Scan using sbtest7_pkey on sbtest7  (cost=0.43..36.76 rows=9 width=121)
	              Index Cond: ((id >= 1943137) AND (id <= 1943146))

table 8 : explain SELECT DISTINCT c FROM sbtest8 WHERE id BETWEEN 442074 AND 442083 ORDER BY c
	Unique  (cost=44.08..44.13 rows=11 width=121)
	  ->  Sort  (cost=44.08..44.10 rows=11 width=121)
	        Sort Key: c
	        ->  Index Scan using sbtest8_pkey on sbtest8  (cost=0.43..43.89 rows=11 width=121)
	              Index Cond: ((id >= 442074) AND (id <= 442083))

explain: for inserts :: explain INSERT INTO sbtest%u (id, k, c, pad) VALUES (%u, 13, 'foobar', 'foobar')
explain: for index_updates :: explain UPDATE sbtest%u SET k=k+1 WHERE id=%u
explain: for deletes :: explain DELETE FROM sbtest%u WHERE id=%u
explain: for index_updates :: explain UPDATE sbtest%u SET k=k+1 WHERE id=%u
explain: for inserts :: explain INSERT INTO sbtest%u (id, k, c, pad) VALUES (%u, 13, 'foobar', 'foobar')
for: distinct_ranges
table 1 : explain SELECT DISTINCT c FROM sbtest1 WHERE id BETWEEN 7112123 AND 7112132 ORDER BY c
	Unique  (cost=44.40..44.45 rows=11 width=121)
	  ->  Sort  (cost=44.40..44.43 rows=11 width=121)
	        Sort Key: c
	        ->  Index Scan using sbtest1_pkey on sbtest1  (cost=0.43..44.21 rows=11 width=121)
	              Index Cond: ((id >= 7112123) AND (id <= 7112132))

table 2 : explain SELECT DISTINCT c FROM sbtest2 WHERE id BETWEEN 4569631 AND 4569640 ORDER BY c
	Unique  (cost=40.74..40.79 rows=10 width=121)
	  ->  Sort  (cost=40.74..40.77 rows=10 width=121)
	        Sort Key: c
	        ->  Index Scan using sbtest2_pkey on sbtest2  (cost=0.43..40.58 rows=10 width=121)
	              Index Cond: ((id >= 4569631) AND (id <= 4569640))

table 3 : explain SELECT DISTINCT c FROM sbtest3 WHERE id BETWEEN 6655212 AND 6655221 ORDER BY c
	Unique  (cost=44.22..44.28 rows=11 width=121)
	  ->  Sort  (cost=44.22..44.25 rows=11 width=121)
	        Sort Key: c
	        ->  Index Scan using sbtest3_pkey on sbtest3  (cost=0.43..44.03 rows=11 width=121)
	              Index Cond: ((id >= 6655212) AND (id <= 6655221))

table 4 : explain SELECT DISTINCT c FROM sbtest4 WHERE id BETWEEN 1512915 AND 1512924 ORDER BY c
	Unique  (cost=40.43..40.48 rows=10 width=121)
	  ->  Sort  (cost=40.43..40.46 rows=10 width=121)
	        Sort Key: c
	        ->  Index Scan using sbtest4_pkey on sbtest4  (cost=0.43..40.27 rows=10 width=121)
	              Index Cond: ((id >= 1512915) AND (id <= 1512924))

table 5 : explain SELECT DISTINCT c FROM sbtest5 WHERE id BETWEEN 9790533 AND 9790542 ORDER BY c
	Unique  (cost=40.78..40.83 rows=10 width=121)
	  ->  Sort  (cost=40.78..40.81 rows=10 width=121)
	        Sort Key: c
	        ->  Index Scan using sbtest5_pkey on sbtest5  (cost=0.43..40.62 rows=10 width=121)
	              Index Cond: ((id >= 9790533) AND (id <= 9790542))

table 6 : explain SELECT DISTINCT c FROM sbtest6 WHERE id BETWEEN 5798496 AND 5798505 ORDER BY c
	Unique  (cost=40.55..40.60 rows=10 width=121)
	  ->  Sort  (cost=40.55..40.58 rows=10 width=121)
	        Sort Key: c
	        ->  Index Scan using sbtest6_pkey on sbtest6  (cost=0.43..40.39 rows=10 width=121)
	              Index Cond: ((id >= 5798496) AND (id <= 5798505))

table 7 : explain SELECT DISTINCT c FROM sbtest7 WHERE id BETWEEN 9135791 AND 9135800 ORDER BY c
	Unique  (cost=40.47..40.52 rows=10 width=121)
	  ->  Sort  (cost=40.47..40.49 rows=10 width=121)
	        Sort Key: c
	        ->  Index Scan using sbtest7_pkey on sbtest7  (cost=0.43..40.30 rows=10 width=121)
	              Index Cond: ((id >= 9135791) AND (id <= 9135800))

table 8 : explain SELECT DISTINCT c FROM sbtest8 WHERE id BETWEEN 7548186 AND 7548195 ORDER BY c
	Unique  (cost=36.94..36.99 rows=9 width=121)
	  ->  Sort  (cost=36.94..36.96 rows=9 width=121)
	        Sort Key: c
	        ->  Index Scan using sbtest8_pkey on sbtest8  (cost=0.43..36.80 rows=9 width=121)
	              Index Cond: ((id >= 7548186) AND (id <= 7548195))

for index_updates
table 1 : explain UPDATE sbtest1 SET k=k+1 WHERE id=5775818
	Update on sbtest1  (cost=0.43..8.46 rows=0 width=0)
	  ->  Index Scan using sbtest1_pkey on sbtest1  (cost=0.43..8.46 rows=1 width=10)
	        Index Cond: (id = 5775818)

table 2 : explain UPDATE sbtest2 SET k=k+1 WHERE id=1770322
	Update on sbtest2  (cost=0.43..8.46 rows=0 width=0)
	  ->  Index Scan using sbtest2_pkey on sbtest2  (cost=0.43..8.46 rows=1 width=10)
	        Index Cond: (id = 1770322)

table 3 : explain UPDATE sbtest3 SET k=k+1 WHERE id=9565703
	Update on sbtest3  (cost=0.43..8.46 rows=0 width=0)
	  ->  Index Scan using sbtest3_pkey on sbtest3  (cost=0.43..8.46 rows=1 width=10)
	        Index Cond: (id = 9565703)

table 4 : explain UPDATE sbtest4 SET k=k+1 WHERE id=4033244
	Update on sbtest4  (cost=0.43..8.46 rows=0 width=0)
	  ->  Index Scan using sbtest4_pkey on sbtest4  (cost=0.43..8.46 rows=1 width=10)
	        Index Cond: (id = 4033244)

table 5 : explain UPDATE sbtest5 SET k=k+1 WHERE id=4965276
	Update on sbtest5  (cost=0.43..8.46 rows=0 width=0)
	  ->  Index Scan using sbtest5_pkey on sbtest5  (cost=0.43..8.46 rows=1 width=10)
	        Index Cond: (id = 4965276)

table 6 : explain UPDATE sbtest6 SET k=k+1 WHERE id=9261766
	Update on sbtest6  (cost=0.43..8.46 rows=0 width=0)
	  ->  Index Scan using sbtest6_pkey on sbtest6  (cost=0.43..8.46 rows=1 width=10)
	        Index Cond: (id = 9261766)

table 7 : explain UPDATE sbtest7 SET k=k+1 WHERE id=9900786
	Update on sbtest7  (cost=0.43..8.46 rows=0 width=0)
	  ->  Index Scan using sbtest7_pkey on sbtest7  (cost=0.43..8.46 rows=1 width=10)
	        Index Cond: (id = 9900786)

table 8 : explain UPDATE sbtest8 SET k=k+1 WHERE id=4749223
	Update on sbtest8  (cost=0.43..8.46 rows=0 width=0)
	  ->  Index Scan using sbtest8_pkey on sbtest8  (cost=0.43..8.46 rows=1 width=10)
	        Index Cond: (id = 4749223)

for: distinct_ranges
table 1 : explain SELECT DISTINCT c FROM sbtest1 WHERE id BETWEEN 9995927 AND 9995936 ORDER BY c
	Unique  (cost=40.80..40.85 rows=10 width=121)
	  ->  Sort  (cost=40.80..40.82 rows=10 width=121)
	        Sort Key: c
	        ->  Index Scan using sbtest1_pkey on sbtest1  (cost=0.43..40.63 rows=10 width=121)
	              Index Cond: ((id >= 9995927) AND (id <= 9995936))

table 2 : explain SELECT DISTINCT c FROM sbtest2 WHERE id BETWEEN 2478205 AND 2478214 ORDER BY c
	Unique  (cost=40.74..40.79 rows=10 width=121)
	  ->  Sort  (cost=40.74..40.77 rows=10 width=121)
	        Sort Key: c
	        ->  Index Scan using sbtest2_pkey on sbtest2  (cost=0.43..40.58 rows=10 width=121)
	              Index Cond: ((id >= 2478205) AND (id <= 2478214))

table 3 : explain SELECT DISTINCT c FROM sbtest3 WHERE id BETWEEN 57720 AND 57729 ORDER BY c
	Unique  (cost=37.06..37.11 rows=9 width=121)
	  ->  Sort  (cost=37.06..37.08 rows=9 width=121)
	        Sort Key: c
	        ->  Index Scan using sbtest3_pkey on sbtest3  (cost=0.43..36.92 rows=9 width=121)
	              Index Cond: ((id >= 57720) AND (id <= 57729))

table 4 : explain SELECT DISTINCT c FROM sbtest4 WHERE id BETWEEN 9222279 AND 9222288 ORDER BY c
	Unique  (cost=40.43..40.48 rows=10 width=121)
	  ->  Sort  (cost=40.43..40.46 rows=10 width=121)
	        Sort Key: c
	        ->  Index Scan using sbtest4_pkey on sbtest4  (cost=0.43..40.27 rows=10 width=121)
	              Index Cond: ((id >= 9222279) AND (id <= 9222288))

table 5 : explain SELECT DISTINCT c FROM sbtest5 WHERE id BETWEEN 8429889 AND 8429898 ORDER BY c
	Unique  (cost=40.78..40.83 rows=10 width=121)
	  ->  Sort  (cost=40.78..40.81 rows=10 width=121)
	        Sort Key: c
	        ->  Index Scan using sbtest5_pkey on sbtest5  (cost=0.43..40.62 rows=10 width=121)
	              Index Cond: ((id >= 8429889) AND (id <= 8429898))

table 6 : explain SELECT DISTINCT c FROM sbtest6 WHERE id BETWEEN 6032642 AND 6032651 ORDER BY c
	Unique  (cost=44.13..44.18 rows=11 width=121)
	  ->  Sort  (cost=44.13..44.15 rows=11 width=121)
	        Sort Key: c
	        ->  Index Scan using sbtest6_pkey on sbtest6  (cost=0.43..43.94 rows=11 width=121)
	              Index Cond: ((id >= 6032642) AND (id <= 6032651))

table 7 : explain SELECT DISTINCT c FROM sbtest7 WHERE id BETWEEN 9244235 AND 9244244 ORDER BY c
	Unique  (cost=40.47..40.52 rows=10 width=121)
	  ->  Sort  (cost=40.47..40.49 rows=10 width=121)
	        Sort Key: c
	        ->  Index Scan using sbtest7_pkey on sbtest7  (cost=0.43..40.30 rows=10 width=121)
	              Index Cond: ((id >= 9244235) AND (id <= 9244244))

table 8 : explain SELECT DISTINCT c FROM sbtest8 WHERE id BETWEEN 6770860 AND 6770869 ORDER BY c
	Unique  (cost=40.51..40.56 rows=10 width=121)
	  ->  Sort  (cost=40.51..40.53 rows=10 width=121)
	        Sort Key: c
	        ->  Index Scan using sbtest8_pkey on sbtest8  (cost=0.43..40.34 rows=10 width=121)
	              Index Cond: ((id >= 6770860) AND (id <= 6770869))

explain: for index_updates :: explain UPDATE sbtest%u SET k=k+1 WHERE id=%u
for: distinct_ranges
table 1 : explain SELECT DISTINCT c FROM sbtest1 WHERE id BETWEEN 8669834 AND 8669843 ORDER BY c
	Unique  (cost=40.80..40.85 rows=10 width=121)
	  ->  Sort  (cost=40.80..40.82 rows=10 width=121)
	        Sort Key: c
	        ->  Index Scan using sbtest1_pkey on sbtest1  (cost=0.43..40.63 rows=10 width=121)
	              Index Cond: ((id >= 8669834) AND (id <= 8669843))

table 2 : explain SELECT DISTINCT c FROM sbtest2 WHERE id BETWEEN 7935860 AND 7935869 ORDER BY c
	Unique  (cost=37.15..37.20 rows=9 width=121)
	  ->  Sort  (cost=37.15..37.17 rows=9 width=121)
	        Sort Key: c
	        ->  Index Scan using sbtest2_pkey on sbtest2  (cost=0.43..37.01 rows=9 width=121)
	              Index Cond: ((id >= 7935860) AND (id <= 7935869))

table 3 : explain SELECT DISTINCT c FROM sbtest3 WHERE id BETWEEN 6550640 AND 6550649 ORDER BY c
	Unique  (cost=40.64..40.69 rows=10 width=121)
	  ->  Sort  (cost=40.64..40.67 rows=10 width=121)
	        Sort Key: c
	        ->  Index Scan using sbtest3_pkey on sbtest3  (cost=0.43..40.48 rows=10 width=121)
	              Index Cond: ((id >= 6550640) AND (id <= 6550649))

table 4 : explain SELECT DISTINCT c FROM sbtest4 WHERE id BETWEEN 8777902 AND 8777911 ORDER BY c
	Unique  (cost=40.43..40.48 rows=10 width=121)
	  ->  Sort  (cost=40.43..40.46 rows=10 width=121)
	        Sort Key: c
	        ->  Index Scan using sbtest4_pkey on sbtest4  (cost=0.43..40.27 rows=10 width=121)
	              Index Cond: ((id >= 8777902) AND (id <= 8777911))

table 5 : explain SELECT DISTINCT c FROM sbtest5 WHERE id BETWEEN 7171810 AND 7171819 ORDER BY c
	Unique  (cost=40.78..40.83 rows=10 width=121)
	  ->  Sort  (cost=40.78..40.81 rows=10 width=121)
	        Sort Key: c
	        ->  Index Scan using sbtest5_pkey on sbtest5  (cost=0.43..40.62 rows=10 width=121)
	              Index Cond: ((id >= 7171810) AND (id <= 7171819))

table 6 : explain SELECT DISTINCT c FROM sbtest6 WHERE id BETWEEN 4641235 AND 4641244 ORDER BY c
	Unique  (cost=40.55..40.60 rows=10 width=121)
	  ->  Sort  (cost=40.55..40.58 rows=10 width=121)
	        Sort Key: c
	        ->  Index Scan using sbtest6_pkey on sbtest6  (cost=0.43..40.39 rows=10 width=121)
	              Index Cond: ((id >= 4641235) AND (id <= 4641244))

table 7 : explain SELECT DISTINCT c FROM sbtest7 WHERE id BETWEEN 6708548 AND 6708557 ORDER BY c
	Unique  (cost=40.47..40.52 rows=10 width=121)
	  ->  Sort  (cost=40.47..40.49 rows=10 width=121)
	        Sort Key: c
	        ->  Index Scan using sbtest7_pkey on sbtest7  (cost=0.43..40.30 rows=10 width=121)
	              Index Cond: ((id >= 6708548) AND (id <= 6708557))

table 8 : explain SELECT DISTINCT c FROM sbtest8 WHERE id BETWEEN 9674230 AND 9674239 ORDER BY c
	Unique  (cost=40.51..40.56 rows=10 width=121)
	  ->  Sort  (cost=40.51..40.53 rows=10 width=121)
	        Sort Key: c
	        ->  Index Scan using sbtest8_pkey on sbtest8  (cost=0.43..40.34 rows=10 width=121)
	              Index Cond: ((id >= 9674230) AND (id <= 9674239))

for inserts
table 1 : explain INSERT INTO sbtest1 (id, k, c, pad) VALUES (2038693, 13, 'foobar', 'foobar')
	Insert on sbtest1  (cost=0.00..0.01 rows=0 width=0)
	  ->  Result  (cost=0.00..0.01 rows=1 width=736)

table 2 : explain INSERT INTO sbtest2 (id, k, c, pad) VALUES (8103033, 13, 'foobar', 'foobar')
	Insert on sbtest2  (cost=0.00..0.01 rows=0 width=0)
	  ->  Result  (cost=0.00..0.01 rows=1 width=736)

table 3 : explain INSERT INTO sbtest3 (id, k, c, pad) VALUES (6653581, 13, 'foobar', 'foobar')
	Insert on sbtest3  (cost=0.00..0.01 rows=0 width=0)
	  ->  Result  (cost=0.00..0.01 rows=1 width=736)

table 4 : explain INSERT INTO sbtest4 (id, k, c, pad) VALUES (4247937, 13, 'foobar', 'foobar')
	Insert on sbtest4  (cost=0.00..0.01 rows=0 width=0)
	  ->  Result  (cost=0.00..0.01 rows=1 width=736)

table 5 : explain INSERT INTO sbtest5 (id, k, c, pad) VALUES (3064117, 13, 'foobar', 'foobar')
	Insert on sbtest5  (cost=0.00..0.01 rows=0 width=0)
	  ->  Result  (cost=0.00..0.01 rows=1 width=736)

table 6 : explain INSERT INTO sbtest6 (id, k, c, pad) VALUES (5200461, 13, 'foobar', 'foobar')
	Insert on sbtest6  (cost=0.00..0.01 rows=0 width=0)
	  ->  Result  (cost=0.00..0.01 rows=1 width=736)

table 7 : explain INSERT INTO sbtest7 (id, k, c, pad) VALUES (9522922, 13, 'foobar', 'foobar')
	Insert on sbtest7  (cost=0.00..0.01 rows=0 width=0)
	  ->  Result  (cost=0.00..0.01 rows=1 width=736)

table 8 : explain INSERT INTO sbtest8 (id, k, c, pad) VALUES (3388371, 13, 'foobar', 'foobar')
	Insert on sbtest8  (cost=0.00..0.01 rows=0 width=0)
	  ->  Result  (cost=0.00..0.01 rows=1 width=736)

for: distinct_ranges
table 1 : explain SELECT DISTINCT c FROM sbtest1 WHERE id BETWEEN 2767282 AND 2767291 ORDER BY c
	Unique  (cost=40.80..40.85 rows=10 width=121)
	  ->  Sort  (cost=40.80..40.82 rows=10 width=121)
	        Sort Key: c
	        ->  Index Scan using sbtest1_pkey on sbtest1  (cost=0.43..40.63 rows=10 width=121)
	              Index Cond: ((id >= 2767282) AND (id <= 2767291))

table 2 : explain SELECT DISTINCT c FROM sbtest2 WHERE id BETWEEN 1168905 AND 1168914 ORDER BY c
	Unique  (cost=40.74..40.79 rows=10 width=121)
	  ->  Sort  (cost=40.74..40.77 rows=10 width=121)
	        Sort Key: c
	        ->  Index Scan using sbtest2_pkey on sbtest2  (cost=0.43..40.58 rows=10 width=121)
	              Index Cond: ((id >= 1168905) AND (id <= 1168914))

table 3 : explain SELECT DISTINCT c FROM sbtest3 WHERE id BETWEEN 2846801 AND 2846810 ORDER BY c
	Unique  (cost=37.06..37.11 rows=9 width=121)
	  ->  Sort  (cost=37.06..37.08 rows=9 width=121)
	        Sort Key: c
	        ->  Index Scan using sbtest3_pkey on sbtest3  (cost=0.43..36.92 rows=9 width=121)
	              Index Cond: ((id >= 2846801) AND (id <= 2846810))

table 4 : explain SELECT DISTINCT c FROM sbtest4 WHERE id BETWEEN 7504876 AND 7504885 ORDER BY c
	Unique  (cost=40.43..40.48 rows=10 width=121)
	  ->  Sort  (cost=40.43..40.46 rows=10 width=121)
	        Sort Key: c
	        ->  Index Scan using sbtest4_pkey on sbtest4  (cost=0.43..40.27 rows=10 width=121)
	              Index Cond: ((id >= 7504876) AND (id <= 7504885))

table 5 : explain SELECT DISTINCT c FROM sbtest5 WHERE id BETWEEN 1429205 AND 1429214 ORDER BY c
	Unique  (cost=37.19..37.23 rows=9 width=121)
	  ->  Sort  (cost=37.19..37.21 rows=9 width=121)
	        Sort Key: c
	        ->  Index Scan using sbtest5_pkey on sbtest5  (cost=0.43..37.04 rows=9 width=121)
	              Index Cond: ((id >= 1429205) AND (id <= 1429214))

table 6 : explain SELECT DISTINCT c FROM sbtest6 WHERE id BETWEEN 1018960 AND 1018969 ORDER BY c
	Unique  (cost=36.98..37.03 rows=9 width=121)
	  ->  Sort  (cost=36.98..37.00 rows=9 width=121)
	        Sort Key: c
	        ->  Index Scan using sbtest6_pkey on sbtest6  (cost=0.43..36.84 rows=9 width=121)
	              Index Cond: ((id >= 1018960) AND (id <= 1018969))

table 7 : explain SELECT DISTINCT c FROM sbtest7 WHERE id BETWEEN 8229514 AND 8229523 ORDER BY c
	Unique  (cost=44.03..44.08 rows=11 width=121)
	  ->  Sort  (cost=44.03..44.06 rows=11 width=121)
	        Sort Key: c
	        ->  Index Scan using sbtest7_pkey on sbtest7  (cost=0.43..43.84 rows=11 width=121)
	              Index Cond: ((id >= 8229514) AND (id <= 8229523))

table 8 : explain SELECT DISTINCT c FROM sbtest8 WHERE id BETWEEN 5662262 AND 5662271 ORDER BY c
	Unique  (cost=40.51..40.56 rows=10 width=121)
	  ->  Sort  (cost=40.51..40.53 rows=10 width=121)
	        Sort Key: c
	        ->  Index Scan using sbtest8_pkey on sbtest8  (cost=0.43..40.34 rows=10 width=121)
	              Index Cond: ((id >= 5662262) AND (id <= 5662271))

for index_updates
table 1 : explain UPDATE sbtest1 SET k=k+1 WHERE id=8701323
	Update on sbtest1  (cost=0.43..8.46 rows=0 width=0)
	  ->  Index Scan using sbtest1_pkey on sbtest1  (cost=0.43..8.46 rows=1 width=10)
	        Index Cond: (id = 8701323)

table 2 : explain UPDATE sbtest2 SET k=k+1 WHERE id=1254859
	Update on sbtest2  (cost=0.43..8.46 rows=0 width=0)
	  ->  Index Scan using sbtest2_pkey on sbtest2  (cost=0.43..8.46 rows=1 width=10)
	        Index Cond: (id = 1254859)

table 3 : explain UPDATE sbtest3 SET k=k+1 WHERE id=8312666
	Update on sbtest3  (cost=0.43..8.46 rows=0 width=0)
	  ->  Index Scan using sbtest3_pkey on sbtest3  (cost=0.43..8.46 rows=1 width=10)
	        Index Cond: (id = 8312666)

table 4 : explain UPDATE sbtest4 SET k=k+1 WHERE id=5738060
	Update on sbtest4  (cost=0.43..8.46 rows=0 width=0)
	  ->  Index Scan using sbtest4_pkey on sbtest4  (cost=0.43..8.46 rows=1 width=10)
	        Index Cond: (id = 5738060)

table 5 : explain UPDATE sbtest5 SET k=k+1 WHERE id=4682556
	Update on sbtest5  (cost=0.43..8.46 rows=0 width=0)
	  ->  Index Scan using sbtest5_pkey on sbtest5  (cost=0.43..8.46 rows=1 width=10)
	        Index Cond: (id = 4682556)

table 6 : explain UPDATE sbtest6 SET k=k+1 WHERE id=5537800
	Update on sbtest6  (cost=0.43..8.46 rows=0 width=0)
	  ->  Index Scan using sbtest6_pkey on sbtest6  (cost=0.43..8.46 rows=1 width=10)
	        Index Cond: (id = 5537800)

table 7 : explain UPDATE sbtest7 SET k=k+1 WHERE id=1669361
	Update on sbtest7  (cost=0.43..8.46 rows=0 width=0)
	  ->  Index Scan using sbtest7_pkey on sbtest7  (cost=0.43..8.46 rows=1 width=10)
	        Index Cond: (id = 1669361)

table 8 : explain UPDATE sbtest8 SET k=k+1 WHERE id=9376487
	Update on sbtest8  (cost=0.43..8.46 rows=0 width=0)
	  ->  Index Scan using sbtest8_pkey on sbtest8  (cost=0.43..8.46 rows=1 width=10)
	        Index Cond: (id = 9376487)

for deletes
table 1 : explain DELETE FROM sbtest1 WHERE id=2769610
	Delete on sbtest1  (cost=0.43..8.45 rows=0 width=0)
	  ->  Index Scan using sbtest1_pkey on sbtest1  (cost=0.43..8.45 rows=1 width=6)
	        Index Cond: (id = 2769610)

table 2 : explain DELETE FROM sbtest2 WHERE id=6003291
	Delete on sbtest2  (cost=0.43..8.45 rows=0 width=0)
	  ->  Index Scan using sbtest2_pkey on sbtest2  (cost=0.43..8.45 rows=1 width=6)
	        Index Cond: (id = 6003291)

table 3 : explain DELETE FROM sbtest3 WHERE id=2642949
	Delete on sbtest3  (cost=0.43..8.45 rows=0 width=0)
	  ->  Index Scan using sbtest3_pkey on sbtest3  (cost=0.43..8.45 rows=1 width=6)
	        Index Cond: (id = 2642949)

table 4 : explain DELETE FROM sbtest4 WHERE id=7853065
	Delete on sbtest4  (cost=0.43..8.45 rows=0 width=0)
	  ->  Index Scan using sbtest4_pkey on sbtest4  (cost=0.43..8.45 rows=1 width=6)
	        Index Cond: (id = 7853065)

table 5 : explain DELETE FROM sbtest5 WHERE id=9091715
	Delete on sbtest5  (cost=0.43..8.45 rows=0 width=0)
	  ->  Index Scan using sbtest5_pkey on sbtest5  (cost=0.43..8.45 rows=1 width=6)
	        Index Cond: (id = 9091715)

table 6 : explain DELETE FROM sbtest6 WHERE id=3328416
	Delete on sbtest6  (cost=0.43..8.45 rows=0 width=0)
	  ->  Index Scan using sbtest6_pkey on sbtest6  (cost=0.43..8.45 rows=1 width=6)
	        Index Cond: (id = 3328416)

table 7 : explain DELETE FROM sbtest7 WHERE id=9107142
	Delete on sbtest7  (cost=0.43..8.45 rows=0 width=0)
	  ->  Index Scan using sbtest7_pkey on sbtest7  (cost=0.43..8.45 rows=1 width=6)
	        Index Cond: (id = 9107142)

table 8 : explain DELETE FROM sbtest8 WHERE id=410761
	Delete on sbtest8  (cost=0.43..8.45 rows=0 width=0)
	  ->  Index Scan using sbtest8_pkey on sbtest8  (cost=0.43..8.45 rows=1 width=6)
	        Index Cond: (id = 410761)

explain: for index_updates :: explain UPDATE sbtest%u SET k=k+1 WHERE id=%u
explain: for non_index_updates :: explain UPDATE sbtest%u SET c='foobar' WHERE id=%u
explain: for index_updates :: explain UPDATE sbtest%u SET k=k+1 WHERE id=%u
for index_updates
table 1 : explain UPDATE sbtest1 SET k=k+1 WHERE id=7268337
	Update on sbtest1  (cost=0.43..8.46 rows=0 width=0)
	  ->  Index Scan using sbtest1_pkey on sbtest1  (cost=0.43..8.46 rows=1 width=10)
	        Index Cond: (id = 7268337)

table 2 : explain UPDATE sbtest2 SET k=k+1 WHERE id=958590
	Update on sbtest2  (cost=0.43..8.46 rows=0 width=0)
	  ->  Index Scan using sbtest2_pkey on sbtest2  (cost=0.43..8.46 rows=1 width=10)
	        Index Cond: (id = 958590)

table 3 : explain UPDATE sbtest3 SET k=k+1 WHERE id=2091043
	Update on sbtest3  (cost=0.43..8.46 rows=0 width=0)
	  ->  Index Scan using sbtest3_pkey on sbtest3  (cost=0.43..8.46 rows=1 width=10)
	        Index Cond: (id = 2091043)

table 4 : explain UPDATE sbtest4 SET k=k+1 WHERE id=2954402
	Update on sbtest4  (cost=0.43..8.46 rows=0 width=0)
	  ->  Index Scan using sbtest4_pkey on sbtest4  (cost=0.43..8.46 rows=1 width=10)
	        Index Cond: (id = 2954402)

table 5 : explain UPDATE sbtest5 SET k=k+1 WHERE id=9696301
	Update on sbtest5  (cost=0.43..8.46 rows=0 width=0)
	  ->  Index Scan using sbtest5_pkey on sbtest5  (cost=0.43..8.46 rows=1 width=10)
	        Index Cond: (id = 9696301)

table 6 : explain UPDATE sbtest6 SET k=k+1 WHERE id=2383063
	Update on sbtest6  (cost=0.43..8.46 rows=0 width=0)
	  ->  Index Scan using sbtest6_pkey on sbtest6  (cost=0.43..8.46 rows=1 width=10)
	        Index Cond: (id = 2383063)

table 7 : explain UPDATE sbtest7 SET k=k+1 WHERE id=8844247
	Update on sbtest7  (cost=0.43..8.46 rows=0 width=0)
	  ->  Index Scan using sbtest7_pkey on sbtest7  (cost=0.43..8.46 rows=1 width=10)
	        Index Cond: (id = 8844247)

table 8 : explain UPDATE sbtest8 SET k=k+1 WHERE id=23576
	Update on sbtest8  (cost=0.43..8.46 rows=0 width=0)
	  ->  Index Scan using sbtest8_pkey on sbtest8  (cost=0.43..8.46 rows=1 width=10)
	        Index Cond: (id = 23576)

for inserts
table 1 : explain INSERT INTO sbtest1 (id, k, c, pad) VALUES (3271349, 13, 'foobar', 'foobar')
	Insert on sbtest1  (cost=0.00..0.01 rows=0 width=0)
	  ->  Result  (cost=0.00..0.01 rows=1 width=736)

table 2 : explain INSERT INTO sbtest2 (id, k, c, pad) VALUES (2208379, 13, 'foobar', 'foobar')
	Insert on sbtest2  (cost=0.00..0.01 rows=0 width=0)
	  ->  Result  (cost=0.00..0.01 rows=1 width=736)

table 3 : explain INSERT INTO sbtest3 (id, k, c, pad) VALUES (7392455, 13, 'foobar', 'foobar')
	Insert on sbtest3  (cost=0.00..0.01 rows=0 width=0)
	  ->  Result  (cost=0.00..0.01 rows=1 width=736)

table 4 : explain INSERT INTO sbtest4 (id, k, c, pad) VALUES (2839518, 13, 'foobar', 'foobar')
	Insert on sbtest4  (cost=0.00..0.01 rows=0 width=0)
	  ->  Result  (cost=0.00..0.01 rows=1 width=736)

table 5 : explain INSERT INTO sbtest5 (id, k, c, pad) VALUES (3328833, 13, 'foobar', 'foobar')
	Insert on sbtest5  (cost=0.00..0.01 rows=0 width=0)
	  ->  Result  (cost=0.00..0.01 rows=1 width=736)

table 6 : explain INSERT INTO sbtest6 (id, k, c, pad) VALUES (6688364, 13, 'foobar', 'foobar')
	Insert on sbtest6  (cost=0.00..0.01 rows=0 width=0)
	  ->  Result  (cost=0.00..0.01 rows=1 width=736)

table 7 : explain INSERT INTO sbtest7 (id, k, c, pad) VALUES (4386240, 13, 'foobar', 'foobar')
	Insert on sbtest7  (cost=0.00..0.01 rows=0 width=0)
	  ->  Result  (cost=0.00..0.01 rows=1 width=736)

table 8 : explain INSERT INTO sbtest8 (id, k, c, pad) VALUES (9541740, 13, 'foobar', 'foobar')
	Insert on sbtest8  (cost=0.00..0.01 rows=0 width=0)
	  ->  Result  (cost=0.00..0.01 rows=1 width=736)

for index_updates
table 1 : explain UPDATE sbtest1 SET k=k+1 WHERE id=1704076
	Update on sbtest1  (cost=0.43..8.46 rows=0 width=0)
	  ->  Index Scan using sbtest1_pkey on sbtest1  (cost=0.43..8.46 rows=1 width=10)
	        Index Cond: (id = 1704076)

table 2 : explain UPDATE sbtest2 SET k=k+1 WHERE id=9500277
	Update on sbtest2  (cost=0.43..8.46 rows=0 width=0)
	  ->  Index Scan using sbtest2_pkey on sbtest2  (cost=0.43..8.46 rows=1 width=10)
	        Index Cond: (id = 9500277)

table 3 : explain UPDATE sbtest3 SET k=k+1 WHERE id=297249
	Update on sbtest3  (cost=0.43..8.46 rows=0 width=0)
	  ->  Index Scan using sbtest3_pkey on sbtest3  (cost=0.43..8.46 rows=1 width=10)
	        Index Cond: (id = 297249)

table 4 : explain UPDATE sbtest4 SET k=k+1 WHERE id=6176731
	Update on sbtest4  (cost=0.43..8.46 rows=0 width=0)
	  ->  Index Scan using sbtest4_pkey on sbtest4  (cost=0.43..8.46 rows=1 width=10)
	        Index Cond: (id = 6176731)

table 5 : explain UPDATE sbtest5 SET k=k+1 WHERE id=147557
	Update on sbtest5  (cost=0.43..8.46 rows=0 width=0)
	  ->  Index Scan using sbtest5_pkey on sbtest5  (cost=0.43..8.46 rows=1 width=10)
	        Index Cond: (id = 147557)

table 6 : explain UPDATE sbtest6 SET k=k+1 WHERE id=4268425
	Update on sbtest6  (cost=0.43..8.46 rows=0 width=0)
	  ->  Index Scan using sbtest6_pkey on sbtest6  (cost=0.43..8.46 rows=1 width=10)
	        Index Cond: (id = 4268425)

table 7 : explain UPDATE sbtest7 SET k=k+1 WHERE id=7627566
	Update on sbtest7  (cost=0.43..8.46 rows=0 width=0)
	  ->  Index Scan using sbtest7_pkey on sbtest7  (cost=0.43..8.46 rows=1 width=10)
	        Index Cond: (id = 7627566)

table 8 : explain UPDATE sbtest8 SET k=k+1 WHERE id=4501457
	Update on sbtest8  (cost=0.43..8.46 rows=0 width=0)
	  ->  Index Scan using sbtest8_pkey on sbtest8  (cost=0.43..8.46 rows=1 width=10)
	        Index Cond: (id = 4501457)

for index_updates
table 1 : explain UPDATE sbtest1 SET k=k+1 WHERE id=2802657
	Update on sbtest1  (cost=0.43..8.46 rows=0 width=0)
	  ->  Index Scan using sbtest1_pkey on sbtest1  (cost=0.43..8.46 rows=1 width=10)
	        Index Cond: (id = 2802657)

table 2 : explain UPDATE sbtest2 SET k=k+1 WHERE id=7419949
	Update on sbtest2  (cost=0.43..8.46 rows=0 width=0)
	  ->  Index Scan using sbtest2_pkey on sbtest2  (cost=0.43..8.46 rows=1 width=10)
	        Index Cond: (id = 7419949)

table 3 : explain UPDATE sbtest3 SET k=k+1 WHERE id=9604201
	Update on sbtest3  (cost=0.43..8.46 rows=0 width=0)
	  ->  Index Scan using sbtest3_pkey on sbtest3  (cost=0.43..8.46 rows=1 width=10)
	        Index Cond: (id = 9604201)

table 4 : explain UPDATE sbtest4 SET k=k+1 WHERE id=23287
	Update on sbtest4  (cost=0.43..8.46 rows=0 width=0)
	  ->  Index Scan using sbtest4_pkey on sbtest4  (cost=0.43..8.46 rows=1 width=10)
	        Index Cond: (id = 23287)

table 5 : explain UPDATE sbtest5 SET k=k+1 WHERE id=1447963
	Update on sbtest5  (cost=0.43..8.46 rows=0 width=0)
	  ->  Index Scan using sbtest5_pkey on sbtest5  (cost=0.43..8.46 rows=1 width=10)
	        Index Cond: (id = 1447963)

table 6 : explain UPDATE sbtest6 SET k=k+1 WHERE id=355676
	Update on sbtest6  (cost=0.43..8.46 rows=0 width=0)
	  ->  Index Scan using sbtest6_pkey on sbtest6  (cost=0.43..8.46 rows=1 width=10)
	        Index Cond: (id = 355676)

table 7 : explain UPDATE sbtest7 SET k=k+1 WHERE id=5105214
	Update on sbtest7  (cost=0.43..8.46 rows=0 width=0)
	  ->  Index Scan using sbtest7_pkey on sbtest7  (cost=0.43..8.46 rows=1 width=10)
	        Index Cond: (id = 5105214)

table 8 : explain UPDATE sbtest8 SET k=k+1 WHERE id=1226338
	Update on sbtest8  (cost=0.43..8.46 rows=0 width=0)
	  ->  Index Scan using sbtest8_pkey on sbtest8  (cost=0.43..8.46 rows=1 width=10)
	        Index Cond: (id = 1226338)

explain: for index_updates :: explain UPDATE sbtest%u SET k=k+1 WHERE id=%u
explain: for index_updates :: explain UPDATE sbtest%u SET k=k+1 WHERE id=%u
explain: for non_index_updates :: explain UPDATE sbtest%u SET c='foobar' WHERE id=%u
for index_updates
table 1 : explain UPDATE sbtest1 SET k=k+1 WHERE id=653959
	Update on sbtest1  (cost=0.43..8.46 rows=0 width=0)
	  ->  Index Scan using sbtest1_pkey on sbtest1  (cost=0.43..8.46 rows=1 width=10)
	        Index Cond: (id = 653959)

table 2 : explain UPDATE sbtest2 SET k=k+1 WHERE id=8478313
	Update on sbtest2  (cost=0.43..8.46 rows=0 width=0)
	  ->  Index Scan using sbtest2_pkey on sbtest2  (cost=0.43..8.46 rows=1 width=10)
	        Index Cond: (id = 8478313)

table 3 : explain UPDATE sbtest3 SET k=k+1 WHERE id=384248
	Update on sbtest3  (cost=0.43..8.46 rows=0 width=0)
	  ->  Index Scan using sbtest3_pkey on sbtest3  (cost=0.43..8.46 rows=1 width=10)
	        Index Cond: (id = 384248)

table 4 : explain UPDATE sbtest4 SET k=k+1 WHERE id=8711264
	Update on sbtest4  (cost=0.43..8.46 rows=0 width=0)
	  ->  Index Scan using sbtest4_pkey on sbtest4  (cost=0.43..8.46 rows=1 width=10)
	        Index Cond: (id = 8711264)

table 5 : explain UPDATE sbtest5 SET k=k+1 WHERE id=9052928
	Update on sbtest5  (cost=0.43..8.46 rows=0 width=0)
	  ->  Index Scan using sbtest5_pkey on sbtest5  (cost=0.43..8.46 rows=1 width=10)
	        Index Cond: (id = 9052928)

table 6 : explain UPDATE sbtest6 SET k=k+1 WHERE id=8357058
	Update on sbtest6  (cost=0.43..8.46 rows=0 width=0)
	  ->  Index Scan using sbtest6_pkey on sbtest6  (cost=0.43..8.46 rows=1 width=10)
	        Index Cond: (id = 8357058)

table 7 : explain UPDATE sbtest7 SET k=k+1 WHERE id=4642794
	Update on sbtest7  (cost=0.43..8.46 rows=0 width=0)
	  ->  Index Scan using sbtest7_pkey on sbtest7  (cost=0.43..8.46 rows=1 width=10)
	        Index Cond: (id = 4642794)

table 8 : explain UPDATE sbtest8 SET k=k+1 WHERE id=375926
	Update on sbtest8  (cost=0.43..8.46 rows=0 width=0)
	  ->  Index Scan using sbtest8_pkey on sbtest8  (cost=0.43..8.46 rows=1 width=10)
	        Index Cond: (id = 375926)

explain: for point_selects :: explain SELECT c FROM sbtest%u WHERE id=%u
explain: for non_index_updates :: explain UPDATE sbtest%u SET c='foobar' WHERE id=%u
explain: for non_index_updates :: explain UPDATE sbtest%u SET c='foobar' WHERE id=%u
explain: for non_index_updates :: explain UPDATE sbtest%u SET c='foobar' WHERE id=%u
for: sum_ranges
table 1 : explain SELECT SUM(k) FROM sbtest1 WHERE id BETWEEN 5657356 AND 5657365
	Aggregate  (cost=40.66..40.67 rows=1 width=8)
	  ->  Index Scan using sbtest1_pkey on sbtest1  (cost=0.43..40.63 rows=10 width=4)
	        Index Cond: ((id >= 5657356) AND (id <= 5657365))

table 2 : explain SELECT SUM(k) FROM sbtest2 WHERE id BETWEEN 5840594 AND 5840603
	Aggregate  (cost=37.03..37.04 rows=1 width=8)
	  ->  Index Scan using sbtest2_pkey on sbtest2  (cost=0.43..37.01 rows=9 width=4)
	        Index Cond: ((id >= 5840594) AND (id <= 5840603))

table 3 : explain SELECT SUM(k) FROM sbtest3 WHERE id BETWEEN 4791128 AND 4791137
	Aggregate  (cost=36.94..36.95 rows=1 width=8)
	  ->  Index Scan using sbtest3_pkey on sbtest3  (cost=0.43..36.92 rows=9 width=4)
	        Index Cond: ((id >= 4791128) AND (id <= 4791137))

table 4 : explain SELECT SUM(k) FROM sbtest4 WHERE id BETWEEN 6838205 AND 6838214
	Aggregate  (cost=33.22..33.23 rows=1 width=8)
	  ->  Index Scan using sbtest4_pkey on sbtest4  (cost=0.43..33.20 rows=8 width=4)
	        Index Cond: ((id >= 6838205) AND (id <= 6838214))

table 5 : explain SELECT SUM(k) FROM sbtest5 WHERE id BETWEEN 5026614 AND 5026623
	Aggregate  (cost=40.64..40.65 rows=1 width=8)
	  ->  Index Scan using sbtest5_pkey on sbtest5  (cost=0.43..40.62 rows=10 width=4)
	        Index Cond: ((id >= 5026614) AND (id <= 5026623))

table 6 : explain SELECT SUM(k) FROM sbtest6 WHERE id BETWEEN 8623501 AND 8623510
	Aggregate  (cost=43.96..43.97 rows=1 width=8)
	  ->  Index Scan using sbtest6_pkey on sbtest6  (cost=0.43..43.94 rows=11 width=4)
	        Index Cond: ((id >= 8623501) AND (id <= 8623510))

table 7 : explain SELECT SUM(k) FROM sbtest7 WHERE id BETWEEN 4148101 AND 4148110
	Aggregate  (cost=43.87..43.88 rows=1 width=8)
	  ->  Index Scan using sbtest7_pkey on sbtest7  (cost=0.43..43.84 rows=11 width=4)
	        Index Cond: ((id >= 4148101) AND (id <= 4148110))

table 8 : explain SELECT SUM(k) FROM sbtest8 WHERE id BETWEEN 4006776 AND 4006785
	Aggregate  (cost=40.37..40.38 rows=1 width=8)
	  ->  Index Scan using sbtest8_pkey on sbtest8  (cost=0.43..40.34 rows=10 width=4)
	        Index Cond: ((id >= 4006776) AND (id <= 4006785))

explain: for inserts :: explain INSERT INTO sbtest%u (id, k, c, pad) VALUES (%u, 13, 'foobar', 'foobar')
for index_updates
table 1 : explain UPDATE sbtest1 SET k=k+1 WHERE id=9438916
	Update on sbtest1  (cost=0.43..8.46 rows=0 width=0)
	  ->  Index Scan using sbtest1_pkey on sbtest1  (cost=0.43..8.46 rows=1 width=10)
	        Index Cond: (id = 9438916)

table 2 : explain UPDATE sbtest2 SET k=k+1 WHERE id=7567822
	Update on sbtest2  (cost=0.43..8.46 rows=0 width=0)
	  ->  Index Scan using sbtest2_pkey on sbtest2  (cost=0.43..8.46 rows=1 width=10)
	        Index Cond: (id = 7567822)

table 3 : explain UPDATE sbtest3 SET k=k+1 WHERE id=6494233
	Update on sbtest3  (cost=0.43..8.46 rows=0 width=0)
	  ->  Index Scan using sbtest3_pkey on sbtest3  (cost=0.43..8.46 rows=1 width=10)
	        Index Cond: (id = 6494233)

table 4 : explain UPDATE sbtest4 SET k=k+1 WHERE id=4646879
	Update on sbtest4  (cost=0.43..8.46 rows=0 width=0)
	  ->  Index Scan using sbtest4_pkey on sbtest4  (cost=0.43..8.46 rows=1 width=10)
	        Index Cond: (id = 4646879)

table 5 : explain UPDATE sbtest5 SET k=k+1 WHERE id=667188
	Update on sbtest5  (cost=0.43..8.46 rows=0 width=0)
	  ->  Index Scan using sbtest5_pkey on sbtest5  (cost=0.43..8.46 rows=1 width=10)
	        Index Cond: (id = 667188)

table 6 : explain UPDATE sbtest6 SET k=k+1 WHERE id=4984088
	Update on sbtest6  (cost=0.43..8.46 rows=0 width=0)
	  ->  Index Scan using sbtest6_pkey on sbtest6  (cost=0.43..8.46 rows=1 width=10)
	        Index Cond: (id = 4984088)

table 7 : explain UPDATE sbtest7 SET k=k+1 WHERE id=2371743
	Update on sbtest7  (cost=0.43..8.46 rows=0 width=0)
	  ->  Index Scan using sbtest7_pkey on sbtest7  (cost=0.43..8.46 rows=1 width=10)
	        Index Cond: (id = 2371743)

table 8 : explain UPDATE sbtest8 SET k=k+1 WHERE id=3766847
	Update on sbtest8  (cost=0.43..8.46 rows=0 width=0)
	  ->  Index Scan using sbtest8_pkey on sbtest8  (cost=0.43..8.46 rows=1 width=10)
	        Index Cond: (id = 3766847)

for index_updates
table 1 : explain UPDATE sbtest1 SET k=k+1 WHERE id=710834
	Update on sbtest1  (cost=0.43..8.46 rows=0 width=0)
	  ->  Index Scan using sbtest1_pkey on sbtest1  (cost=0.43..8.46 rows=1 width=10)
	        Index Cond: (id = 710834)

table 2 : explain UPDATE sbtest2 SET k=k+1 WHERE id=6043895
	Update on sbtest2  (cost=0.43..8.46 rows=0 width=0)
	  ->  Index Scan using sbtest2_pkey on sbtest2  (cost=0.43..8.46 rows=1 width=10)
	        Index Cond: (id = 6043895)

table 3 : explain UPDATE sbtest3 SET k=k+1 WHERE id=8176013
	Update on sbtest3  (cost=0.43..8.46 rows=0 width=0)
	  ->  Index Scan using sbtest3_pkey on sbtest3  (cost=0.43..8.46 rows=1 width=10)
	        Index Cond: (id = 8176013)

table 4 : explain UPDATE sbtest4 SET k=k+1 WHERE id=2874417
	Update on sbtest4  (cost=0.43..8.46 rows=0 width=0)
	  ->  Index Scan using sbtest4_pkey on sbtest4  (cost=0.43..8.46 rows=1 width=10)
	        Index Cond: (id = 2874417)

table 5 : explain UPDATE sbtest5 SET k=k+1 WHERE id=858833
	Update on sbtest5  (cost=0.43..8.46 rows=0 width=0)
	  ->  Index Scan using sbtest5_pkey on sbtest5  (cost=0.43..8.46 rows=1 width=10)
	        Index Cond: (id = 858833)

table 6 : explain UPDATE sbtest6 SET k=k+1 WHERE id=1464186
	Update on sbtest6  (cost=0.43..8.46 rows=0 width=0)
	  ->  Index Scan using sbtest6_pkey on sbtest6  (cost=0.43..8.46 rows=1 width=10)
	        Index Cond: (id = 1464186)

table 7 : explain UPDATE sbtest7 SET k=k+1 WHERE id=9903514
	Update on sbtest7  (cost=0.43..8.46 rows=0 width=0)
	  ->  Index Scan using sbtest7_pkey on sbtest7  (cost=0.43..8.46 rows=1 width=10)
	        Index Cond: (id = 9903514)

table 8 : explain UPDATE sbtest8 SET k=k+1 WHERE id=5594042
	Update on sbtest8  (cost=0.43..8.46 rows=0 width=0)
	  ->  Index Scan using sbtest8_pkey on sbtest8  (cost=0.43..8.46 rows=1 width=10)
	        Index Cond: (id = 5594042)

for non_index_updates
table 1 : explain UPDATE sbtest1 SET c='foobar' WHERE id=9543272
	Update on sbtest1  (cost=0.43..8.45 rows=0 width=0)
	  ->  Index Scan using sbtest1_pkey on sbtest1  (cost=0.43..8.45 rows=1 width=490)
	        Index Cond: (id = 9543272)

table 2 : explain UPDATE sbtest2 SET c='foobar' WHERE id=984998
	Update on sbtest2  (cost=0.43..8.45 rows=0 width=0)
	  ->  Index Scan using sbtest2_pkey on sbtest2  (cost=0.43..8.45 rows=1 width=490)
	        Index Cond: (id = 984998)

table 3 : explain UPDATE sbtest3 SET c='foobar' WHERE id=1976049
	Update on sbtest3  (cost=0.43..8.45 rows=0 width=0)
	  ->  Index Scan using sbtest3_pkey on sbtest3  (cost=0.43..8.45 rows=1 width=490)
	        Index Cond: (id = 1976049)

table 4 : explain UPDATE sbtest4 SET c='foobar' WHERE id=2527892
	Update on sbtest4  (cost=0.43..8.45 rows=0 width=0)
	  ->  Index Scan using sbtest4_pkey on sbtest4  (cost=0.43..8.45 rows=1 width=490)
	        Index Cond: (id = 2527892)

table 5 : explain UPDATE sbtest5 SET c='foobar' WHERE id=8219567
	Update on sbtest5  (cost=0.43..8.45 rows=0 width=0)
	  ->  Index Scan using sbtest5_pkey on sbtest5  (cost=0.43..8.45 rows=1 width=490)
	        Index Cond: (id = 8219567)

table 6 : explain UPDATE sbtest6 SET c='foobar' WHERE id=7393225
	Update on sbtest6  (cost=0.43..8.45 rows=0 width=0)
	  ->  Index Scan using sbtest6_pkey on sbtest6  (cost=0.43..8.45 rows=1 width=490)
	        Index Cond: (id = 7393225)

table 7 : explain UPDATE sbtest7 SET c='foobar' WHERE id=7886164
	Update on sbtest7  (cost=0.43..8.45 rows=0 width=0)
	  ->  Index Scan using sbtest7_pkey on sbtest7  (cost=0.43..8.45 rows=1 width=490)
	        Index Cond: (id = 7886164)

table 8 : explain UPDATE sbtest8 SET c='foobar' WHERE id=4705252
	Update on sbtest8  (cost=0.43..8.45 rows=0 width=0)
	  ->  Index Scan using sbtest8_pkey on sbtest8  (cost=0.43..8.45 rows=1 width=490)
	        Index Cond: (id = 4705252)

explain: for non_index_updates :: explain UPDATE sbtest%u SET c='foobar' WHERE id=%u
for index_updates
table 1 : explain UPDATE sbtest1 SET k=k+1 WHERE id=1737741
	Update on sbtest1  (cost=0.43..8.46 rows=0 width=0)
	  ->  Index Scan using sbtest1_pkey on sbtest1  (cost=0.43..8.46 rows=1 width=10)
	        Index Cond: (id = 1737741)

table 2 : explain UPDATE sbtest2 SET k=k+1 WHERE id=7164060
	Update on sbtest2  (cost=0.43..8.46 rows=0 width=0)
	  ->  Index Scan using sbtest2_pkey on sbtest2  (cost=0.43..8.46 rows=1 width=10)
	        Index Cond: (id = 7164060)

table 3 : explain UPDATE sbtest3 SET k=k+1 WHERE id=4582947
	Update on sbtest3  (cost=0.43..8.46 rows=0 width=0)
	  ->  Index Scan using sbtest3_pkey on sbtest3  (cost=0.43..8.46 rows=1 width=10)
	        Index Cond: (id = 4582947)

table 4 : explain UPDATE sbtest4 SET k=k+1 WHERE id=1528842
	Update on sbtest4  (cost=0.43..8.46 rows=0 width=0)
	  ->  Index Scan using sbtest4_pkey on sbtest4  (cost=0.43..8.46 rows=1 width=10)
	        Index Cond: (id = 1528842)

table 5 : explain UPDATE sbtest5 SET k=k+1 WHERE id=8715132
	Update on sbtest5  (cost=0.43..8.46 rows=0 width=0)
	  ->  Index Scan using sbtest5_pkey on sbtest5  (cost=0.43..8.46 rows=1 width=10)
	        Index Cond: (id = 8715132)

table 6 : explain UPDATE sbtest6 SET k=k+1 WHERE id=2466432
	Update on sbtest6  (cost=0.43..8.46 rows=0 width=0)
	  ->  Index Scan using sbtest6_pkey on sbtest6  (cost=0.43..8.46 rows=1 width=10)
	        Index Cond: (id = 2466432)

table 7 : explain UPDATE sbtest7 SET k=k+1 WHERE id=3929156
	Update on sbtest7  (cost=0.43..8.46 rows=0 width=0)
	  ->  Index Scan using sbtest7_pkey on sbtest7  (cost=0.43..8.46 rows=1 width=10)
	        Index Cond: (id = 3929156)

table 8 : explain UPDATE sbtest8 SET k=k+1 WHERE id=8812341
	Update on sbtest8  (cost=0.43..8.46 rows=0 width=0)
	  ->  Index Scan using sbtest8_pkey on sbtest8  (cost=0.43..8.46 rows=1 width=10)
	        Index Cond: (id = 8812341)

explain: for deletes :: explain DELETE FROM sbtest%u WHERE id=%u
for index_updates
table 1 : explain UPDATE sbtest1 SET k=k+1 WHERE id=4146728
	Update on sbtest1  (cost=0.43..8.46 rows=0 width=0)
	  ->  Index Scan using sbtest1_pkey on sbtest1  (cost=0.43..8.46 rows=1 width=10)
	        Index Cond: (id = 4146728)

table 2 : explain UPDATE sbtest2 SET k=k+1 WHERE id=6772734
	Update on sbtest2  (cost=0.43..8.46 rows=0 width=0)
	  ->  Index Scan using sbtest2_pkey on sbtest2  (cost=0.43..8.46 rows=1 width=10)
	        Index Cond: (id = 6772734)

table 3 : explain UPDATE sbtest3 SET k=k+1 WHERE id=4085358
	Update on sbtest3  (cost=0.43..8.46 rows=0 width=0)
	  ->  Index Scan using sbtest3_pkey on sbtest3  (cost=0.43..8.46 rows=1 width=10)
	        Index Cond: (id = 4085358)

table 4 : explain UPDATE sbtest4 SET k=k+1 WHERE id=5224516
	Update on sbtest4  (cost=0.43..8.46 rows=0 width=0)
	  ->  Index Scan using sbtest4_pkey on sbtest4  (cost=0.43..8.46 rows=1 width=10)
	        Index Cond: (id = 5224516)

table 5 : explain UPDATE sbtest5 SET k=k+1 WHERE id=6237534
	Update on sbtest5  (cost=0.43..8.46 rows=0 width=0)
	  ->  Index Scan using sbtest5_pkey on sbtest5  (cost=0.43..8.46 rows=1 width=10)
	        Index Cond: (id = 6237534)

table 6 : explain UPDATE sbtest6 SET k=k+1 WHERE id=6263428
	Update on sbtest6  (cost=0.43..8.46 rows=0 width=0)
	  ->  Index Scan using sbtest6_pkey on sbtest6  (cost=0.43..8.46 rows=1 width=10)
	        Index Cond: (id = 6263428)

table 7 : explain UPDATE sbtest7 SET k=k+1 WHERE id=745649
	Update on sbtest7  (cost=0.43..8.46 rows=0 width=0)
	  ->  Index Scan using sbtest7_pkey on sbtest7  (cost=0.43..8.46 rows=1 width=10)
	        Index Cond: (id = 745649)

table 8 : explain UPDATE sbtest8 SET k=k+1 WHERE id=5143226
	Update on sbtest8  (cost=0.43..8.46 rows=0 width=0)
	  ->  Index Scan using sbtest8_pkey on sbtest8  (cost=0.43..8.46 rows=1 width=10)
	        Index Cond: (id = 5143226)

for non_index_updates
table 1 : explain UPDATE sbtest1 SET c='foobar' WHERE id=4611829
	Update on sbtest1  (cost=0.43..8.45 rows=0 width=0)
	  ->  Index Scan using sbtest1_pkey on sbtest1  (cost=0.43..8.45 rows=1 width=490)
	        Index Cond: (id = 4611829)

table 2 : explain UPDATE sbtest2 SET c='foobar' WHERE id=4836966
	Update on sbtest2  (cost=0.43..8.45 rows=0 width=0)
	  ->  Index Scan using sbtest2_pkey on sbtest2  (cost=0.43..8.45 rows=1 width=490)
	        Index Cond: (id = 4836966)

table 3 : explain UPDATE sbtest3 SET c='foobar' WHERE id=1595196
	Update on sbtest3  (cost=0.43..8.45 rows=0 width=0)
	  ->  Index Scan using sbtest3_pkey on sbtest3  (cost=0.43..8.45 rows=1 width=490)
	        Index Cond: (id = 1595196)

table 4 : explain UPDATE sbtest4 SET c='foobar' WHERE id=1274273
	Update on sbtest4  (cost=0.43..8.45 rows=0 width=0)
	  ->  Index Scan using sbtest4_pkey on sbtest4  (cost=0.43..8.45 rows=1 width=490)
	        Index Cond: (id = 1274273)

table 5 : explain UPDATE sbtest5 SET c='foobar' WHERE id=8051799
	Update on sbtest5  (cost=0.43..8.45 rows=0 width=0)
	  ->  Index Scan using sbtest5_pkey on sbtest5  (cost=0.43..8.45 rows=1 width=490)
	        Index Cond: (id = 8051799)

table 6 : explain UPDATE sbtest6 SET c='foobar' WHERE id=3842910
	Update on sbtest6  (cost=0.43..8.45 rows=0 width=0)
	  ->  Index Scan using sbtest6_pkey on sbtest6  (cost=0.43..8.45 rows=1 width=490)
	        Index Cond: (id = 3842910)

table 7 : explain UPDATE sbtest7 SET c='foobar' WHERE id=3694702
	Update on sbtest7  (cost=0.43..8.45 rows=0 width=0)
	  ->  Index Scan using sbtest7_pkey on sbtest7  (cost=0.43..8.45 rows=1 width=490)
	        Index Cond: (id = 3694702)

table 8 : explain UPDATE sbtest8 SET c='foobar' WHERE id=9260900
	Update on sbtest8  (cost=0.43..8.45 rows=0 width=0)
	  ->  Index Scan using sbtest8_pkey on sbtest8  (cost=0.43..8.45 rows=1 width=490)
	        Index Cond: (id = 9260900)

explain: for non_index_updates :: explain UPDATE sbtest%u SET c='foobar' WHERE id=%u
for inserts
table 1 : explain INSERT INTO sbtest1 (id, k, c, pad) VALUES (8597137, 13, 'foobar', 'foobar')
	Insert on sbtest1  (cost=0.00..0.01 rows=0 width=0)
	  ->  Result  (cost=0.00..0.01 rows=1 width=736)

table 2 : explain INSERT INTO sbtest2 (id, k, c, pad) VALUES (2415702, 13, 'foobar', 'foobar')
	Insert on sbtest2  (cost=0.00..0.01 rows=0 width=0)
	  ->  Result  (cost=0.00..0.01 rows=1 width=736)

table 3 : explain INSERT INTO sbtest3 (id, k, c, pad) VALUES (8719117, 13, 'foobar', 'foobar')
	Insert on sbtest3  (cost=0.00..0.01 rows=0 width=0)
	  ->  Result  (cost=0.00..0.01 rows=1 width=736)

table 4 : explain INSERT INTO sbtest4 (id, k, c, pad) VALUES (921169, 13, 'foobar', 'foobar')
	Insert on sbtest4  (cost=0.00..0.01 rows=0 width=0)
	  ->  Result  (cost=0.00..0.01 rows=1 width=736)

table 5 : explain INSERT INTO sbtest5 (id, k, c, pad) VALUES (8929743, 13, 'foobar', 'foobar')
	Insert on sbtest5  (cost=0.00..0.01 rows=0 width=0)
	  ->  Result  (cost=0.00..0.01 rows=1 width=736)

table 6 : explain INSERT INTO sbtest6 (id, k, c, pad) VALUES (8705125, 13, 'foobar', 'foobar')
	Insert on sbtest6  (cost=0.00..0.01 rows=0 width=0)
	  ->  Result  (cost=0.00..0.01 rows=1 width=736)

table 7 : explain INSERT INTO sbtest7 (id, k, c, pad) VALUES (2235651, 13, 'foobar', 'foobar')
	Insert on sbtest7  (cost=0.00..0.01 rows=0 width=0)
	  ->  Result  (cost=0.00..0.01 rows=1 width=736)

table 8 : explain INSERT INTO sbtest8 (id, k, c, pad) VALUES (5170281, 13, 'foobar', 'foobar')
	Insert on sbtest8  (cost=0.00..0.01 rows=0 width=0)
	  ->  Result  (cost=0.00..0.01 rows=1 width=736)

explain: for deletes :: explain DELETE FROM sbtest%u WHERE id=%u
explain: for non_index_updates :: explain UPDATE sbtest%u SET c='foobar' WHERE id=%u
for non_index_updates
table 1 : explain UPDATE sbtest1 SET c='foobar' WHERE id=8667040
	Update on sbtest1  (cost=0.43..8.45 rows=0 width=0)
	  ->  Index Scan using sbtest1_pkey on sbtest1  (cost=0.43..8.45 rows=1 width=490)
	        Index Cond: (id = 8667040)

table 2 : explain UPDATE sbtest2 SET c='foobar' WHERE id=1264971
	Update on sbtest2  (cost=0.43..8.45 rows=0 width=0)
	  ->  Index Scan using sbtest2_pkey on sbtest2  (cost=0.43..8.45 rows=1 width=490)
	        Index Cond: (id = 1264971)

table 3 : explain UPDATE sbtest3 SET c='foobar' WHERE id=5500469
	Update on sbtest3  (cost=0.43..8.45 rows=0 width=0)
	  ->  Index Scan using sbtest3_pkey on sbtest3  (cost=0.43..8.45 rows=1 width=490)
	        Index Cond: (id = 5500469)

table 4 : explain UPDATE sbtest4 SET c='foobar' WHERE id=3123863
	Update on sbtest4  (cost=0.43..8.45 rows=0 width=0)
	  ->  Index Scan using sbtest4_pkey on sbtest4  (cost=0.43..8.45 rows=1 width=490)
	        Index Cond: (id = 3123863)

table 5 : explain UPDATE sbtest5 SET c='foobar' WHERE id=8320765
	Update on sbtest5  (cost=0.43..8.45 rows=0 width=0)
	  ->  Index Scan using sbtest5_pkey on sbtest5  (cost=0.43..8.45 rows=1 width=490)
	        Index Cond: (id = 8320765)

table 6 : explain UPDATE sbtest6 SET c='foobar' WHERE id=625514
	Update on sbtest6  (cost=0.43..8.45 rows=0 width=0)
	  ->  Index Scan using sbtest6_pkey on sbtest6  (cost=0.43..8.45 rows=1 width=490)
	        Index Cond: (id = 625514)

table 7 : explain UPDATE sbtest7 SET c='foobar' WHERE id=5061349
	Update on sbtest7  (cost=0.43..8.45 rows=0 width=0)
	  ->  Index Scan using sbtest7_pkey on sbtest7  (cost=0.43..8.45 rows=1 width=490)
	        Index Cond: (id = 5061349)

table 8 : explain UPDATE sbtest8 SET c='foobar' WHERE id=2790011
	Update on sbtest8  (cost=0.43..8.45 rows=0 width=0)
	  ->  Index Scan using sbtest8_pkey on sbtest8  (cost=0.43..8.45 rows=1 width=490)
	        Index Cond: (id = 2790011)

for non_index_updates
table 1 : explain UPDATE sbtest1 SET c='foobar' WHERE id=4810031
	Update on sbtest1  (cost=0.43..8.45 rows=0 width=0)
	  ->  Index Scan using sbtest1_pkey on sbtest1  (cost=0.43..8.45 rows=1 width=490)
	        Index Cond: (id = 4810031)

table 2 : explain UPDATE sbtest2 SET c='foobar' WHERE id=3847000
	Update on sbtest2  (cost=0.43..8.45 rows=0 width=0)
	  ->  Index Scan using sbtest2_pkey on sbtest2  (cost=0.43..8.45 rows=1 width=490)
	        Index Cond: (id = 3847000)

table 3 : explain UPDATE sbtest3 SET c='foobar' WHERE id=2049321
	Update on sbtest3  (cost=0.43..8.45 rows=0 width=0)
	  ->  Index Scan using sbtest3_pkey on sbtest3  (cost=0.43..8.45 rows=1 width=490)
	        Index Cond: (id = 2049321)

table 4 : explain UPDATE sbtest4 SET c='foobar' WHERE id=5963854
	Update on sbtest4  (cost=0.43..8.45 rows=0 width=0)
	  ->  Index Scan using sbtest4_pkey on sbtest4  (cost=0.43..8.45 rows=1 width=490)
	        Index Cond: (id = 5963854)

table 5 : explain UPDATE sbtest5 SET c='foobar' WHERE id=6114140
	Update on sbtest5  (cost=0.43..8.45 rows=0 width=0)
	  ->  Index Scan using sbtest5_pkey on sbtest5  (cost=0.43..8.45 rows=1 width=490)
	        Index Cond: (id = 6114140)

table 6 : explain UPDATE sbtest6 SET c='foobar' WHERE id=3954304
	Update on sbtest6  (cost=0.43..8.45 rows=0 width=0)
	  ->  Index Scan using sbtest6_pkey on sbtest6  (cost=0.43..8.45 rows=1 width=490)
	        Index Cond: (id = 3954304)

table 7 : explain UPDATE sbtest7 SET c='foobar' WHERE id=4447476
	Update on sbtest7  (cost=0.43..8.45 rows=0 width=0)
	  ->  Index Scan using sbtest7_pkey on sbtest7  (cost=0.43..8.45 rows=1 width=490)
	        Index Cond: (id = 4447476)

table 8 : explain UPDATE sbtest8 SET c='foobar' WHERE id=5241462
	Update on sbtest8  (cost=0.43..8.45 rows=0 width=0)
	  ->  Index Scan using sbtest8_pkey on sbtest8  (cost=0.43..8.45 rows=1 width=490)
	        Index Cond: (id = 5241462)

explain: for deletes :: explain DELETE FROM sbtest%u WHERE id=%u
for non_index_updates
table 1 : explain UPDATE sbtest1 SET c='foobar' WHERE id=1831141
	Update on sbtest1  (cost=0.43..8.45 rows=0 width=0)
	  ->  Index Scan using sbtest1_pkey on sbtest1  (cost=0.43..8.45 rows=1 width=490)
	        Index Cond: (id = 1831141)

table 2 : explain UPDATE sbtest2 SET c='foobar' WHERE id=5447780
	Update on sbtest2  (cost=0.43..8.45 rows=0 width=0)
	  ->  Index Scan using sbtest2_pkey on sbtest2  (cost=0.43..8.45 rows=1 width=490)
	        Index Cond: (id = 5447780)

table 3 : explain UPDATE sbtest3 SET c='foobar' WHERE id=6652116
	Update on sbtest3  (cost=0.43..8.45 rows=0 width=0)
	  ->  Index Scan using sbtest3_pkey on sbtest3  (cost=0.43..8.45 rows=1 width=490)
	        Index Cond: (id = 6652116)

table 4 : explain UPDATE sbtest4 SET c='foobar' WHERE id=8617025
	Update on sbtest4  (cost=0.43..8.45 rows=0 width=0)
	  ->  Index Scan using sbtest4_pkey on sbtest4  (cost=0.43..8.45 rows=1 width=490)
	        Index Cond: (id = 8617025)

table 5 : explain UPDATE sbtest5 SET c='foobar' WHERE id=1854663
	Update on sbtest5  (cost=0.43..8.45 rows=0 width=0)
	  ->  Index Scan using sbtest5_pkey on sbtest5  (cost=0.43..8.45 rows=1 width=490)
	        Index Cond: (id = 1854663)

table 6 : explain UPDATE sbtest6 SET c='foobar' WHERE id=2029205
	Update on sbtest6  (cost=0.43..8.45 rows=0 width=0)
	  ->  Index Scan using sbtest6_pkey on sbtest6  (cost=0.43..8.45 rows=1 width=490)
	        Index Cond: (id = 2029205)

table 7 : explain UPDATE sbtest7 SET c='foobar' WHERE id=9129876
	Update on sbtest7  (cost=0.43..8.45 rows=0 width=0)
	  ->  Index Scan using sbtest7_pkey on sbtest7  (cost=0.43..8.45 rows=1 width=490)
	        Index Cond: (id = 9129876)

table 8 : explain UPDATE sbtest8 SET c='foobar' WHERE id=8695582
	Update on sbtest8  (cost=0.43..8.45 rows=0 width=0)
	  ->  Index Scan using sbtest8_pkey on sbtest8  (cost=0.43..8.45 rows=1 width=490)
	        Index Cond: (id = 8695582)

explain: for non_index_updates :: explain UPDATE sbtest%u SET c='foobar' WHERE id=%uexplain: for non_index_updates :: explain UPDATE sbtest%u SET c='foobar' WHERE id=%u

for: distinct_ranges
table 1 : explain SELECT DISTINCT c FROM sbtest1 WHERE id BETWEEN 7682181 AND 7682190 ORDER BY c
	Unique  (cost=40.80..40.85 rows=10 width=121)
	  ->  Sort  (cost=40.80..40.82 rows=10 width=121)
	        Sort Key: c
	        ->  Index Scan using sbtest1_pkey on sbtest1  (cost=0.43..40.63 rows=10 width=121)
	              Index Cond: ((id >= 7682181) AND (id <= 7682190))

table 2 : explain SELECT DISTINCT c FROM sbtest2 WHERE id BETWEEN 5641528 AND 5641537 ORDER BY c
	Unique  (cost=37.15..37.20 rows=9 width=121)
	  ->  Sort  (cost=37.15..37.17 rows=9 width=121)
	        Sort Key: c
	        ->  Index Scan using sbtest2_pkey on sbtest2  (cost=0.43..37.01 rows=9 width=121)
	              Index Cond: ((id >= 5641528) AND (id <= 5641537))

table 3 : explain SELECT DISTINCT c FROM sbtest3 WHERE id BETWEEN 3435528 AND 3435537 ORDER BY c
	Unique  (cost=40.64..40.69 rows=10 width=121)
	  ->  Sort  (cost=40.64..40.67 rows=10 width=121)
	        Sort Key: c
	        ->  Index Scan using sbtest3_pkey on sbtest3  (cost=0.43..40.48 rows=10 width=121)
	              Index Cond: ((id >= 3435528) AND (id <= 3435537))

table 4 : explain SELECT DISTINCT c FROM sbtest4 WHERE id BETWEEN 4481430 AND 4481439 ORDER BY c
	Unique  (cost=40.43..40.48 rows=10 width=121)
	  ->  Sort  (cost=40.43..40.46 rows=10 width=121)
	        Sort Key: c
	        ->  Index Scan using sbtest4_pkey on sbtest4  (cost=0.43..40.27 rows=10 width=121)
	              Index Cond: ((id >= 4481430) AND (id <= 4481439))

table 5 : explain SELECT DISTINCT c FROM sbtest5 WHERE id BETWEEN 1403011 AND 1403020 ORDER BY c
	Unique  (cost=40.78..40.83 rows=10 width=121)
	  ->  Sort  (cost=40.78..40.81 rows=10 width=121)
	        Sort Key: c
	        ->  Index Scan using sbtest5_pkey on sbtest5  (cost=0.43..40.62 rows=10 width=121)
	              Index Cond: ((id >= 1403011) AND (id <= 1403020))

table 6 : explain SELECT DISTINCT c FROM sbtest6 WHERE id BETWEEN 7146957 AND 7146966 ORDER BY c
	Unique  (cost=36.98..37.03 rows=9 width=121)
	  ->  Sort  (cost=36.98..37.00 rows=9 width=121)
	        Sort Key: c
	        ->  Index Scan using sbtest6_pkey on sbtest6  (cost=0.43..36.84 rows=9 width=121)
	              Index Cond: ((id >= 7146957) AND (id <= 7146966))

table 7 : explain SELECT DISTINCT c FROM sbtest7 WHERE id BETWEEN 6069526 AND 6069535 ORDER BY c
	Unique  (cost=36.91..36.95 rows=9 width=121)
	  ->  Sort  (cost=36.91..36.93 rows=9 width=121)
	        Sort Key: c
	        ->  Index Scan using sbtest7_pkey on sbtest7  (cost=0.43..36.76 rows=9 width=121)
	              Index Cond: ((id >= 6069526) AND (id <= 6069535))

table 8 : explain SELECT DISTINCT c FROM sbtest8 WHERE id BETWEEN 8288549 AND 8288558 ORDER BY c
	Unique  (cost=40.51..40.56 rows=10 width=121)
	  ->  Sort  (cost=40.51..40.53 rows=10 width=121)
	        Sort Key: c
	        ->  Index Scan using sbtest8_pkey on sbtest8  (cost=0.43..40.34 rows=10 width=121)
	              Index Cond: ((id >= 8288549) AND (id <= 8288558))

for deletes
table 1 : explain DELETE FROM sbtest1 WHERE id=3794760
	Delete on sbtest1  (cost=0.43..8.45 rows=0 width=0)
	  ->  Index Scan using sbtest1_pkey on sbtest1  (cost=0.43..8.45 rows=1 width=6)
	        Index Cond: (id = 3794760)

table 2 : explain DELETE FROM sbtest2 WHERE id=229316
	Delete on sbtest2  (cost=0.43..8.45 rows=0 width=0)
	  ->  Index Scan using sbtest2_pkey on sbtest2  (cost=0.43..8.45 rows=1 width=6)
	        Index Cond: (id = 229316)

table 3 : explain DELETE FROM sbtest3 WHERE id=9200999
	Delete on sbtest3  (cost=0.43..8.45 rows=0 width=0)
	  ->  Index Scan using sbtest3_pkey on sbtest3  (cost=0.43..8.45 rows=1 width=6)
	        Index Cond: (id = 9200999)

table 4 : explain DELETE FROM sbtest4 WHERE id=6171023
	Delete on sbtest4  (cost=0.43..8.45 rows=0 width=0)
	  ->  Index Scan using sbtest4_pkey on sbtest4  (cost=0.43..8.45 rows=1 width=6)
	        Index Cond: (id = 6171023)

table 5 : explain DELETE FROM sbtest5 WHERE id=9717654
	Delete on sbtest5  (cost=0.43..8.45 rows=0 width=0)
	  ->  Index Scan using sbtest5_pkey on sbtest5  (cost=0.43..8.45 rows=1 width=6)
	        Index Cond: (id = 9717654)

table 6 : explain DELETE FROM sbtest6 WHERE id=5815883
	Delete on sbtest6  (cost=0.43..8.45 rows=0 width=0)
	  ->  Index Scan using sbtest6_pkey on sbtest6  (cost=0.43..8.45 rows=1 width=6)
	        Index Cond: (id = 5815883)

table 7 : explain DELETE FROM sbtest7 WHERE id=1203521
	Delete on sbtest7  (cost=0.43..8.45 rows=0 width=0)
	  ->  Index Scan using sbtest7_pkey on sbtest7  (cost=0.43..8.45 rows=1 width=6)
	        Index Cond: (id = 1203521)

table 8 : explain DELETE FROM sbtest8 WHERE id=6527933
	Delete on sbtest8  (cost=0.43..8.45 rows=0 width=0)
	  ->  Index Scan using sbtest8_pkey on sbtest8  (cost=0.43..8.45 rows=1 width=6)
	        Index Cond: (id = 6527933)

for non_index_updates
table 1 : explain UPDATE sbtest1 SET c='foobar' WHERE id=1345142
	Update on sbtest1  (cost=0.43..8.45 rows=0 width=0)
	  ->  Index Scan using sbtest1_pkey on sbtest1  (cost=0.43..8.45 rows=1 width=490)
	        Index Cond: (id = 1345142)

table 2 : explain UPDATE sbtest2 SET c='foobar' WHERE id=8240872
	Update on sbtest2  (cost=0.43..8.45 rows=0 width=0)
	  ->  Index Scan using sbtest2_pkey on sbtest2  (cost=0.43..8.45 rows=1 width=490)
	        Index Cond: (id = 8240872)

table 3 : explain UPDATE sbtest3 SET c='foobar' WHERE id=6214599
	Update on sbtest3  (cost=0.43..8.45 rows=0 width=0)
	  ->  Index Scan using sbtest3_pkey on sbtest3  (cost=0.43..8.45 rows=1 width=490)
	        Index Cond: (id = 6214599)

table 4 : explain UPDATE sbtest4 SET c='foobar' WHERE id=3194079
	Update on sbtest4  (cost=0.43..8.45 rows=0 width=0)
	  ->  Index Scan using sbtest4_pkey on sbtest4  (cost=0.43..8.45 rows=1 width=490)
	        Index Cond: (id = 3194079)

table 5 : explain UPDATE sbtest5 SET c='foobar' WHERE id=5838957
	Update on sbtest5  (cost=0.43..8.45 rows=0 width=0)
	  ->  Index Scan using sbtest5_pkey on sbtest5  (cost=0.43..8.45 rows=1 width=490)
	        Index Cond: (id = 5838957)

table 6 : explain UPDATE sbtest6 SET c='foobar' WHERE id=4741349
	Update on sbtest6  (cost=0.43..8.45 rows=0 width=0)
	  ->  Index Scan using sbtest6_pkey on sbtest6  (cost=0.43..8.45 rows=1 width=490)
	        Index Cond: (id = 4741349)

table 7 : explain UPDATE sbtest7 SET c='foobar' WHERE id=3354143
	Update on sbtest7  (cost=0.43..8.45 rows=0 width=0)
	  ->  Index Scan using sbtest7_pkey on sbtest7  (cost=0.43..8.45 rows=1 width=490)
	        Index Cond: (id = 3354143)

table 8 : explain UPDATE sbtest8 SET c='foobar' WHERE id=786312
	Update on sbtest8  (cost=0.43..8.45 rows=0 width=0)
	  ->  Index Scan using sbtest8_pkey on sbtest8  (cost=0.43..8.45 rows=1 width=490)
	        Index Cond: (id = 786312)

explain: for deletes :: explain DELETE FROM sbtest%u WHERE id=%u
explain: for deletes :: explain DELETE FROM sbtest%u WHERE id=%u
for deletes
table 1 : explain DELETE FROM sbtest1 WHERE id=7392507
	Delete on sbtest1  (cost=0.43..8.45 rows=0 width=0)
	  ->  Index Scan using sbtest1_pkey on sbtest1  (cost=0.43..8.45 rows=1 width=6)
	        Index Cond: (id = 7392507)

table 2 : explain DELETE FROM sbtest2 WHERE id=3824748
	Delete on sbtest2  (cost=0.43..8.45 rows=0 width=0)
	  ->  Index Scan using sbtest2_pkey on sbtest2  (cost=0.43..8.45 rows=1 width=6)
	        Index Cond: (id = 3824748)

table 3 : explain DELETE FROM sbtest3 WHERE id=3848008
	Delete on sbtest3  (cost=0.43..8.45 rows=0 width=0)
	  ->  Index Scan using sbtest3_pkey on sbtest3  (cost=0.43..8.45 rows=1 width=6)
	        Index Cond: (id = 3848008)

table 4 : explain DELETE FROM sbtest4 WHERE id=8341788
	Delete on sbtest4  (cost=0.43..8.45 rows=0 width=0)
	  ->  Index Scan using sbtest4_pkey on sbtest4  (cost=0.43..8.45 rows=1 width=6)
	        Index Cond: (id = 8341788)

table 5 : explain DELETE FROM sbtest5 WHERE id=5480208
	Delete on sbtest5  (cost=0.43..8.45 rows=0 width=0)
	  ->  Index Scan using sbtest5_pkey on sbtest5  (cost=0.43..8.45 rows=1 width=6)
	        Index Cond: (id = 5480208)

table 6 : explain DELETE FROM sbtest6 WHERE id=9149794
	Delete on sbtest6  (cost=0.43..8.45 rows=0 width=0)
	  ->  Index Scan using sbtest6_pkey on sbtest6  (cost=0.43..8.45 rows=1 width=6)
	        Index Cond: (id = 9149794)

table 7 : explain DELETE FROM sbtest7 WHERE id=4073906
	Delete on sbtest7  (cost=0.43..8.45 rows=0 width=0)
	  ->  Index Scan using sbtest7_pkey on sbtest7  (cost=0.43..8.45 rows=1 width=6)
	        Index Cond: (id = 4073906)

table 8 : explain DELETE FROM sbtest8 WHERE id=7299294
	Delete on sbtest8  (cost=0.43..8.45 rows=0 width=0)
	  ->  Index Scan using sbtest8_pkey on sbtest8  (cost=0.43..8.45 rows=1 width=6)
	        Index Cond: (id = 7299294)

for non_index_updates
table 1 : explain UPDATE sbtest1 SET c='foobar' WHERE id=1353059
	Update on sbtest1  (cost=0.43..8.45 rows=0 width=0)
	  ->  Index Scan using sbtest1_pkey on sbtest1  (cost=0.43..8.45 rows=1 width=490)
	        Index Cond: (id = 1353059)

table 2 : explain UPDATE sbtest2 SET c='foobar' WHERE id=625405
	Update on sbtest2  (cost=0.43..8.45 rows=0 width=0)
	  ->  Index Scan using sbtest2_pkey on sbtest2  (cost=0.43..8.45 rows=1 width=490)
	        Index Cond: (id = 625405)

table 3 : explain UPDATE sbtest3 SET c='foobar' WHERE id=5665605
	Update on sbtest3  (cost=0.43..8.45 rows=0 width=0)
	  ->  Index Scan using sbtest3_pkey on sbtest3  (cost=0.43..8.45 rows=1 width=490)
	        Index Cond: (id = 5665605)

table 4 : explain UPDATE sbtest4 SET c='foobar' WHERE id=3375745
	Update on sbtest4  (cost=0.43..8.45 rows=0 width=0)
	  ->  Index Scan using sbtest4_pkey on sbtest4  (cost=0.43..8.45 rows=1 width=490)
	        Index Cond: (id = 3375745)

table 5 : explain UPDATE sbtest5 SET c='foobar' WHERE id=5286711
	Update on sbtest5  (cost=0.43..8.45 rows=0 width=0)
	  ->  Index Scan using sbtest5_pkey on sbtest5  (cost=0.43..8.45 rows=1 width=490)
	        Index Cond: (id = 5286711)

table 6 : explain UPDATE sbtest6 SET c='foobar' WHERE id=8801837
	Update on sbtest6  (cost=0.43..8.45 rows=0 width=0)
	  ->  Index Scan using sbtest6_pkey on sbtest6  (cost=0.43..8.45 rows=1 width=490)
	        Index Cond: (id = 8801837)

table 7 : explain UPDATE sbtest7 SET c='foobar' WHERE id=1653544
	Update on sbtest7  (cost=0.43..8.45 rows=0 width=0)
	  ->  Index Scan using sbtest7_pkey on sbtest7  (cost=0.43..8.45 rows=1 width=490)
	        Index Cond: (id = 1653544)

table 8 : explain UPDATE sbtest8 SET c='foobar' WHERE id=3942729
	Update on sbtest8  (cost=0.43..8.45 rows=0 width=0)
	  ->  Index Scan using sbtest8_pkey on sbtest8  (cost=0.43..8.45 rows=1 width=490)
	        Index Cond: (id = 3942729)

explain: for deletes :: explain DELETE FROM sbtest%u WHERE id=%u
for non_index_updates
table 1 : explain UPDATE sbtest1 SET c='foobar' WHERE id=5638834
	Update on sbtest1  (cost=0.43..8.45 rows=0 width=0)
	  ->  Index Scan using sbtest1_pkey on sbtest1  (cost=0.43..8.45 rows=1 width=490)
	        Index Cond: (id = 5638834)

table 2 : explain UPDATE sbtest2 SET c='foobar' WHERE id=1501789
	Update on sbtest2  (cost=0.43..8.45 rows=0 width=0)
	  ->  Index Scan using sbtest2_pkey on sbtest2  (cost=0.43..8.45 rows=1 width=490)
	        Index Cond: (id = 1501789)

table 3 : explain UPDATE sbtest3 SET c='foobar' WHERE id=4824775
	Update on sbtest3  (cost=0.43..8.45 rows=0 width=0)
	  ->  Index Scan using sbtest3_pkey on sbtest3  (cost=0.43..8.45 rows=1 width=490)
	        Index Cond: (id = 4824775)

table 4 : explain UPDATE sbtest4 SET c='foobar' WHERE id=3055385
	Update on sbtest4  (cost=0.43..8.45 rows=0 width=0)
	  ->  Index Scan using sbtest4_pkey on sbtest4  (cost=0.43..8.45 rows=1 width=490)
	        Index Cond: (id = 3055385)

table 5 : explain UPDATE sbtest5 SET c='foobar' WHERE id=3666452
	Update on sbtest5  (cost=0.43..8.45 rows=0 width=0)
	  ->  Index Scan using sbtest5_pkey on sbtest5  (cost=0.43..8.45 rows=1 width=490)
	        Index Cond: (id = 3666452)

table 6 : explain UPDATE sbtest6 SET c='foobar' WHERE id=8091421
	Update on sbtest6  (cost=0.43..8.45 rows=0 width=0)
	  ->  Index Scan using sbtest6_pkey on sbtest6  (cost=0.43..8.45 rows=1 width=490)
	        Index Cond: (id = 8091421)

table 7 : explain UPDATE sbtest7 SET c='foobar' WHERE id=8038880
	Update on sbtest7  (cost=0.43..8.45 rows=0 width=0)
	  ->  Index Scan using sbtest7_pkey on sbtest7  (cost=0.43..8.45 rows=1 width=490)
	        Index Cond: (id = 8038880)

table 8 : explain UPDATE sbtest8 SET c='foobar' WHERE id=1421853
	Update on sbtest8  (cost=0.43..8.45 rows=0 width=0)
	  ->  Index Scan using sbtest8_pkey on sbtest8  (cost=0.43..8.45 rows=1 width=490)
	        Index Cond: (id = 1421853)

for deletes
table 1 : explain DELETE FROM sbtest1 WHERE id=8212077
	Delete on sbtest1  (cost=0.43..8.45 rows=0 width=0)
	  ->  Index Scan using sbtest1_pkey on sbtest1  (cost=0.43..8.45 rows=1 width=6)
	        Index Cond: (id = 8212077)

table 2 : explain DELETE FROM sbtest2 WHERE id=30906
	Delete on sbtest2  (cost=0.43..8.45 rows=0 width=0)
	  ->  Index Scan using sbtest2_pkey on sbtest2  (cost=0.43..8.45 rows=1 width=6)
	        Index Cond: (id = 30906)

table 3 : explain DELETE FROM sbtest3 WHERE id=7587173
	Delete on sbtest3  (cost=0.43..8.45 rows=0 width=0)
	  ->  Index Scan using sbtest3_pkey on sbtest3  (cost=0.43..8.45 rows=1 width=6)
	        Index Cond: (id = 7587173)

table 4 : explain DELETE FROM sbtest4 WHERE id=8699143
	Delete on sbtest4  (cost=0.43..8.45 rows=0 width=0)
	  ->  Index Scan using sbtest4_pkey on sbtest4  (cost=0.43..8.45 rows=1 width=6)
	        Index Cond: (id = 8699143)

table 5 : explain DELETE FROM sbtest5 WHERE id=5450984
	Delete on sbtest5  (cost=0.43..8.45 rows=0 width=0)
	  ->  Index Scan using sbtest5_pkey on sbtest5  (cost=0.43..8.45 rows=1 width=6)
	        Index Cond: (id = 5450984)

table 6 : explain DELETE FROM sbtest6 WHERE id=5438743
	Delete on sbtest6  (cost=0.43..8.45 rows=0 width=0)
	  ->  Index Scan using sbtest6_pkey on sbtest6  (cost=0.43..8.45 rows=1 width=6)
	        Index Cond: (id = 5438743)

table 7 : explain DELETE FROM sbtest7 WHERE id=9651825
	Delete on sbtest7  (cost=0.43..8.45 rows=0 width=0)
	  ->  Index Scan using sbtest7_pkey on sbtest7  (cost=0.43..8.45 rows=1 width=6)
	        Index Cond: (id = 9651825)

table 8 : explain DELETE FROM sbtest8 WHERE id=7797162
	Delete on sbtest8  (cost=0.43..8.45 rows=0 width=0)
	  ->  Index Scan using sbtest8_pkey on sbtest8  (cost=0.43..8.45 rows=1 width=6)
	        Index Cond: (id = 7797162)

for: order_ranges
table 1 : explain SELECT c FROM sbtest1 WHERE id BETWEEN 316068 AND 316077 ORDER BY c
	Sort  (cost=40.80..40.82 rows=10 width=121)
	  Sort Key: c
	  ->  Index Scan using sbtest1_pkey on sbtest1  (cost=0.43..40.63 rows=10 width=121)
	        Index Cond: ((id >= 316068) AND (id <= 316077))

table 2 : explain SELECT c FROM sbtest2 WHERE id BETWEEN 4412529 AND 4412538 ORDER BY c
	Sort  (cost=40.74..40.77 rows=10 width=121)
	  Sort Key: c
	  ->  Index Scan using sbtest2_pkey on sbtest2  (cost=0.43..40.58 rows=10 width=121)
	        Index Cond: ((id >= 4412529) AND (id <= 4412538))

table 3 : explain SELECT c FROM sbtest3 WHERE id BETWEEN 2669003 AND 2669012 ORDER BY c
	Sort  (cost=44.22..44.25 rows=11 width=121)
	  Sort Key: c
	  ->  Index Scan using sbtest3_pkey on sbtest3  (cost=0.43..44.03 rows=11 width=121)
	        Index Cond: ((id >= 2669003) AND (id <= 2669012))

table 4 : explain SELECT c FROM sbtest4 WHERE id BETWEEN 8917757 AND 8917766 ORDER BY c
	Sort  (cost=40.43..40.46 rows=10 width=121)
	  Sort Key: c
	  ->  Index Scan using sbtest4_pkey on sbtest4  (cost=0.43..40.27 rows=10 width=121)
	        Index Cond: ((id >= 8917757) AND (id <= 8917766))

table 5 : explain SELECT c FROM sbtest5 WHERE id BETWEEN 8280892 AND 8280901 ORDER BY c
	Sort  (cost=40.78..40.81 rows=10 width=121)
	  Sort Key: c
	  ->  Index Scan using sbtest5_pkey on sbtest5  (cost=0.43..40.62 rows=10 width=121)
	        Index Cond: ((id >= 8280892) AND (id <= 8280901))

table 6 : explain SELECT c FROM sbtest6 WHERE id BETWEEN 3653607 AND 3653616 ORDER BY c
	Sort  (cost=40.55..40.58 rows=10 width=121)
	  Sort Key: c
	  ->  Index Scan using sbtest6_pkey on sbtest6  (cost=0.43..40.39 rows=10 width=121)
	        Index Cond: ((id >= 3653607) AND (id <= 3653616))

table 7 : explain SELECT c FROM sbtest7 WHERE id BETWEEN 4516697 AND 4516706 ORDER BY c
	Sort  (cost=40.47..40.49 rows=10 width=121)
	  Sort Key: c
	  ->  Index Scan using sbtest7_pkey on sbtest7  (cost=0.43..40.30 rows=10 width=121)
	        Index Cond: ((id >= 4516697) AND (id <= 4516706))

table 8 : explain SELECT c FROM sbtest8 WHERE id BETWEEN 2236508 AND 2236517 ORDER BY c
	Sort  (cost=36.94..36.96 rows=9 width=121)
	  Sort Key: c
	  ->  Index Scan using sbtest8_pkey on sbtest8  (cost=0.43..36.80 rows=9 width=121)
	        Index Cond: ((id >= 2236508) AND (id <= 2236517))

explain: for index_updates :: explain UPDATE sbtest%u SET k=k+1 WHERE id=%u
explain: for deletes :: explain DELETE FROM sbtest%u WHERE id=%u
for non_index_updates
table 1 : explain UPDATE sbtest1 SET c='foobar' WHERE id=7606143
	Update on sbtest1  (cost=0.43..8.45 rows=0 width=0)
	  ->  Index Scan using sbtest1_pkey on sbtest1  (cost=0.43..8.45 rows=1 width=490)
	        Index Cond: (id = 7606143)

table 2 : explain UPDATE sbtest2 SET c='foobar' WHERE id=7734433
	Update on sbtest2  (cost=0.43..8.45 rows=0 width=0)
	  ->  Index Scan using sbtest2_pkey on sbtest2  (cost=0.43..8.45 rows=1 width=490)
	        Index Cond: (id = 7734433)

table 3 : explain UPDATE sbtest3 SET c='foobar' WHERE id=4885823
	Update on sbtest3  (cost=0.43..8.45 rows=0 width=0)
	  ->  Index Scan using sbtest3_pkey on sbtest3  (cost=0.43..8.45 rows=1 width=490)
	        Index Cond: (id = 4885823)

table 4 : explain UPDATE sbtest4 SET c='foobar' WHERE id=4699190
	Update on sbtest4  (cost=0.43..8.45 rows=0 width=0)
	  ->  Index Scan using sbtest4_pkey on sbtest4  (cost=0.43..8.45 rows=1 width=490)
	        Index Cond: (id = 4699190)

table 5 : explain UPDATE sbtest5 SET c='foobar' WHERE id=4615
	Update on sbtest5  (cost=0.43..8.45 rows=0 width=0)
	  ->  Index Scan using sbtest5_pkey on sbtest5  (cost=0.43..8.45 rows=1 width=490)
	        Index Cond: (id = 4615)

table 6 : explain UPDATE sbtest6 SET c='foobar' WHERE id=8583085
	Update on sbtest6  (cost=0.43..8.45 rows=0 width=0)
	  ->  Index Scan using sbtest6_pkey on sbtest6  (cost=0.43..8.45 rows=1 width=490)
	        Index Cond: (id = 8583085)

table 7 : explain UPDATE sbtest7 SET c='foobar' WHERE id=9938750
	Update on sbtest7  (cost=0.43..8.45 rows=0 width=0)
	  ->  Index Scan using sbtest7_pkey on sbtest7  (cost=0.43..8.45 rows=1 width=490)
	        Index Cond: (id = 9938750)

table 8 : explain UPDATE sbtest8 SET c='foobar' WHERE id=6527399
	Update on sbtest8  (cost=0.43..8.45 rows=0 width=0)
	  ->  Index Scan using sbtest8_pkey on sbtest8  (cost=0.43..8.45 rows=1 width=490)
	        Index Cond: (id = 6527399)

for non_index_updates
table 1 : explain UPDATE sbtest1 SET c='foobar' WHERE id=2509063
	Update on sbtest1  (cost=0.43..8.45 rows=0 width=0)
	  ->  Index Scan using sbtest1_pkey on sbtest1  (cost=0.43..8.45 rows=1 width=490)
	        Index Cond: (id = 2509063)

table 2 : explain UPDATE sbtest2 SET c='foobar' WHERE id=6147271
	Update on sbtest2  (cost=0.43..8.45 rows=0 width=0)
	  ->  Index Scan using sbtest2_pkey on sbtest2  (cost=0.43..8.45 rows=1 width=490)
	        Index Cond: (id = 6147271)

table 3 : explain UPDATE sbtest3 SET c='foobar' WHERE id=905729
	Update on sbtest3  (cost=0.43..8.45 rows=0 width=0)
	  ->  Index Scan using sbtest3_pkey on sbtest3  (cost=0.43..8.45 rows=1 width=490)
	        Index Cond: (id = 905729)

table 4 : explain UPDATE sbtest4 SET c='foobar' WHERE id=1834134
	Update on sbtest4  (cost=0.43..8.45 rows=0 width=0)
	  ->  Index Scan using sbtest4_pkey on sbtest4  (cost=0.43..8.45 rows=1 width=490)
	        Index Cond: (id = 1834134)

table 5 : explain UPDATE sbtest5 SET c='foobar' WHERE id=4242356
	Update on sbtest5  (cost=0.43..8.45 rows=0 width=0)
	  ->  Index Scan using sbtest5_pkey on sbtest5  (cost=0.43..8.45 rows=1 width=490)
	        Index Cond: (id = 4242356)

table 6 : explain UPDATE sbtest6 SET c='foobar' WHERE id=1359666
	Update on sbtest6  (cost=0.43..8.45 rows=0 width=0)
	  ->  Index Scan using sbtest6_pkey on sbtest6  (cost=0.43..8.45 rows=1 width=490)
	        Index Cond: (id = 1359666)

table 7 : explain UPDATE sbtest7 SET c='foobar' WHERE id=5916619
	Update on sbtest7  (cost=0.43..8.45 rows=0 width=0)
	  ->  Index Scan using sbtest7_pkey on sbtest7  (cost=0.43..8.45 rows=1 width=490)
	        Index Cond: (id = 5916619)

table 8 : explain UPDATE sbtest8 SET c='foobar' WHERE id=5342691
	Update on sbtest8  (cost=0.43..8.45 rows=0 width=0)
	  ->  Index Scan using sbtest8_pkey on sbtest8  (cost=0.43..8.45 rows=1 width=490)
	        Index Cond: (id = 5342691)

explain: for inserts :: explain INSERT INTO sbtest%u (id, k, c, pad) VALUES (%u, 13, 'foobar', 'foobar')
for deletes
table 1 : explain DELETE FROM sbtest1 WHERE id=1520538
	Delete on sbtest1  (cost=0.43..8.45 rows=0 width=0)
	  ->  Index Scan using sbtest1_pkey on sbtest1  (cost=0.43..8.45 rows=1 width=6)
	        Index Cond: (id = 1520538)

table 2 : explain DELETE FROM sbtest2 WHERE id=9986277
	Delete on sbtest2  (cost=0.43..8.45 rows=0 width=0)
	  ->  Index Scan using sbtest2_pkey on sbtest2  (cost=0.43..8.45 rows=1 width=6)
	        Index Cond: (id = 9986277)

table 3 : explain DELETE FROM sbtest3 WHERE id=3599970
	Delete on sbtest3  (cost=0.43..8.45 rows=0 width=0)
	  ->  Index Scan using sbtest3_pkey on sbtest3  (cost=0.43..8.45 rows=1 width=6)
	        Index Cond: (id = 3599970)

table 4 : explain DELETE FROM sbtest4 WHERE id=1926904
	Delete on sbtest4  (cost=0.43..8.45 rows=0 width=0)
	  ->  Index Scan using sbtest4_pkey on sbtest4  (cost=0.43..8.45 rows=1 width=6)
	        Index Cond: (id = 1926904)

table 5 : explain DELETE FROM sbtest5 WHERE id=7387432
	Delete on sbtest5  (cost=0.43..8.45 rows=0 width=0)
	  ->  Index Scan using sbtest5_pkey on sbtest5  (cost=0.43..8.45 rows=1 width=6)
	        Index Cond: (id = 7387432)

table 6 : explain DELETE FROM sbtest6 WHERE id=1442296
	Delete on sbtest6  (cost=0.43..8.45 rows=0 width=0)
	  ->  Index Scan using sbtest6_pkey on sbtest6  (cost=0.43..8.45 rows=1 width=6)
	        Index Cond: (id = 1442296)

table 7 : explain DELETE FROM sbtest7 WHERE id=299004
	Delete on sbtest7  (cost=0.43..8.45 rows=0 width=0)
	  ->  Index Scan using sbtest7_pkey on sbtest7  (cost=0.43..8.45 rows=1 width=6)
	        Index Cond: (id = 299004)

table 8 : explain DELETE FROM sbtest8 WHERE id=8146742
	Delete on sbtest8  (cost=0.43..8.45 rows=0 width=0)
	  ->  Index Scan using sbtest8_pkey on sbtest8  (cost=0.43..8.45 rows=1 width=6)
	        Index Cond: (id = 8146742)

explain: for deletes :: explain DELETE FROM sbtest%u WHERE id=%u
for deletes
table 1 : explain DELETE FROM sbtest1 WHERE id=8850857
	Delete on sbtest1  (cost=0.43..8.45 rows=0 width=0)
	  ->  Index Scan using sbtest1_pkey on sbtest1  (cost=0.43..8.45 rows=1 width=6)
	        Index Cond: (id = 8850857)

table 2 : explain DELETE FROM sbtest2 WHERE id=9161464
	Delete on sbtest2  (cost=0.43..8.45 rows=0 width=0)
	  ->  Index Scan using sbtest2_pkey on sbtest2  (cost=0.43..8.45 rows=1 width=6)
	        Index Cond: (id = 9161464)

table 3 : explain DELETE FROM sbtest3 WHERE id=5260925
	Delete on sbtest3  (cost=0.43..8.45 rows=0 width=0)
	  ->  Index Scan using sbtest3_pkey on sbtest3  (cost=0.43..8.45 rows=1 width=6)
	        Index Cond: (id = 5260925)

table 4 : explain DELETE FROM sbtest4 WHERE id=5751401
	Delete on sbtest4  (cost=0.43..8.45 rows=0 width=0)
	  ->  Index Scan using sbtest4_pkey on sbtest4  (cost=0.43..8.45 rows=1 width=6)
	        Index Cond: (id = 5751401)

table 5 : explain DELETE FROM sbtest5 WHERE id=3532023
	Delete on sbtest5  (cost=0.43..8.45 rows=0 width=0)
	  ->  Index Scan using sbtest5_pkey on sbtest5  (cost=0.43..8.45 rows=1 width=6)
	        Index Cond: (id = 3532023)

table 6 : explain DELETE FROM sbtest6 WHERE id=3883132
	Delete on sbtest6  (cost=0.43..8.45 rows=0 width=0)
	  ->  Index Scan using sbtest6_pkey on sbtest6  (cost=0.43..8.45 rows=1 width=6)
	        Index Cond: (id = 3883132)

table 7 : explain DELETE FROM sbtest7 WHERE id=8624516
	Delete on sbtest7  (cost=0.43..8.45 rows=0 width=0)
	  ->  Index Scan using sbtest7_pkey on sbtest7  (cost=0.43..8.45 rows=1 width=6)
	        Index Cond: (id = 8624516)

table 8 : explain DELETE FROM sbtest8 WHERE id=9492378
	Delete on sbtest8  (cost=0.43..8.45 rows=0 width=0)
	  ->  Index Scan using sbtest8_pkey on sbtest8  (cost=0.43..8.45 rows=1 width=6)
	        Index Cond: (id = 9492378)

explain: for inserts :: explain INSERT INTO sbtest%u (id, k, c, pad) VALUES (%u, 13, 'foobar', 'foobar')
explain: for deletes :: explain DELETE FROM sbtest%u WHERE id=%u
explain: for deletes :: explain DELETE FROM sbtest%u WHERE id=%u
for inserts
table 1 : explain INSERT INTO sbtest1 (id, k, c, pad) VALUES (4637615, 13, 'foobar', 'foobar')
	Insert on sbtest1  (cost=0.00..0.01 rows=0 width=0)
	  ->  Result  (cost=0.00..0.01 rows=1 width=736)

table 2 : explain INSERT INTO sbtest2 (id, k, c, pad) VALUES (5209161, 13, 'foobar', 'foobar')
	Insert on sbtest2  (cost=0.00..0.01 rows=0 width=0)
	  ->  Result  (cost=0.00..0.01 rows=1 width=736)

table 3 : explain INSERT INTO sbtest3 (id, k, c, pad) VALUES (4605019, 13, 'foobar', 'foobar')
	Insert on sbtest3  (cost=0.00..0.01 rows=0 width=0)
	  ->  Result  (cost=0.00..0.01 rows=1 width=736)

table 4 : explain INSERT INTO sbtest4 (id, k, c, pad) VALUES (2868347, 13, 'foobar', 'foobar')
	Insert on sbtest4  (cost=0.00..0.01 rows=0 width=0)
	  ->  Result  (cost=0.00..0.01 rows=1 width=736)

table 5 : explain INSERT INTO sbtest5 (id, k, c, pad) VALUES (5251167, 13, 'foobar', 'foobar')
	Insert on sbtest5  (cost=0.00..0.01 rows=0 width=0)
	  ->  Result  (cost=0.00..0.01 rows=1 width=736)

table 6 : explain INSERT INTO sbtest6 (id, k, c, pad) VALUES (5324935, 13, 'foobar', 'foobar')
	Insert on sbtest6  (cost=0.00..0.01 rows=0 width=0)
	  ->  Result  (cost=0.00..0.01 rows=1 width=736)

table 7 : explain INSERT INTO sbtest7 (id, k, c, pad) VALUES (3944304, 13, 'foobar', 'foobar')
	Insert on sbtest7  (cost=0.00..0.01 rows=0 width=0)
	  ->  Result  (cost=0.00..0.01 rows=1 width=736)

table 8 : explain INSERT INTO sbtest8 (id, k, c, pad) VALUES (9199385, 13, 'foobar', 'foobar')
	Insert on sbtest8  (cost=0.00..0.01 rows=0 width=0)
	  ->  Result  (cost=0.00..0.01 rows=1 width=736)

for deletes
table 1 : explain DELETE FROM sbtest1 WHERE id=3852185
	Delete on sbtest1  (cost=0.43..8.45 rows=0 width=0)
	  ->  Index Scan using sbtest1_pkey on sbtest1  (cost=0.43..8.45 rows=1 width=6)
	        Index Cond: (id = 3852185)

table 2 : explain DELETE FROM sbtest2 WHERE id=1930195
	Delete on sbtest2  (cost=0.43..8.45 rows=0 width=0)
	  ->  Index Scan using sbtest2_pkey on sbtest2  (cost=0.43..8.45 rows=1 width=6)
	        Index Cond: (id = 1930195)

table 3 : explain DELETE FROM sbtest3 WHERE id=3395261
	Delete on sbtest3  (cost=0.43..8.45 rows=0 width=0)
	  ->  Index Scan using sbtest3_pkey on sbtest3  (cost=0.43..8.45 rows=1 width=6)
	        Index Cond: (id = 3395261)

table 4 : explain DELETE FROM sbtest4 WHERE id=8358424
	Delete on sbtest4  (cost=0.43..8.45 rows=0 width=0)
	  ->  Index Scan using sbtest4_pkey on sbtest4  (cost=0.43..8.45 rows=1 width=6)
	        Index Cond: (id = 8358424)

table 5 : explain DELETE FROM sbtest5 WHERE id=2790907
	Delete on sbtest5  (cost=0.43..8.45 rows=0 width=0)
	  ->  Index Scan using sbtest5_pkey on sbtest5  (cost=0.43..8.45 rows=1 width=6)
	        Index Cond: (id = 2790907)

table 6 : explain DELETE FROM sbtest6 WHERE id=3784762
	Delete on sbtest6  (cost=0.43..8.45 rows=0 width=0)
	  ->  Index Scan using sbtest6_pkey on sbtest6  (cost=0.43..8.45 rows=1 width=6)
	        Index Cond: (id = 3784762)

table 7 : explain DELETE FROM sbtest7 WHERE id=729999
	Delete on sbtest7  (cost=0.43..8.45 rows=0 width=0)
	  ->  Index Scan using sbtest7_pkey on sbtest7  (cost=0.43..8.45 rows=1 width=6)
	        Index Cond: (id = 729999)

table 8 : explain DELETE FROM sbtest8 WHERE id=7291703
	Delete on sbtest8  (cost=0.43..8.45 rows=0 width=0)
	  ->  Index Scan using sbtest8_pkey on sbtest8  (cost=0.43..8.45 rows=1 width=6)
	        Index Cond: (id = 7291703)

for index_updates
table 1 : explain UPDATE sbtest1 SET k=k+1 WHERE id=1131677
	Update on sbtest1  (cost=0.43..8.46 rows=0 width=0)
	  ->  Index Scan using sbtest1_pkey on sbtest1  (cost=0.43..8.46 rows=1 width=10)
	        Index Cond: (id = 1131677)

table 2 : explain UPDATE sbtest2 SET k=k+1 WHERE id=7416060
	Update on sbtest2  (cost=0.43..8.46 rows=0 width=0)
	  ->  Index Scan using sbtest2_pkey on sbtest2  (cost=0.43..8.46 rows=1 width=10)
	        Index Cond: (id = 7416060)

table 3 : explain UPDATE sbtest3 SET k=k+1 WHERE id=5766829
	Update on sbtest3  (cost=0.43..8.46 rows=0 width=0)
	  ->  Index Scan using sbtest3_pkey on sbtest3  (cost=0.43..8.46 rows=1 width=10)
	        Index Cond: (id = 5766829)

table 4 : explain UPDATE sbtest4 SET k=k+1 WHERE id=7656998
	Update on sbtest4  (cost=0.43..8.46 rows=0 width=0)
	  ->  Index Scan using sbtest4_pkey on sbtest4  (cost=0.43..8.46 rows=1 width=10)
	        Index Cond: (id = 7656998)

table 5 : explain UPDATE sbtest5 SET k=k+1 WHERE id=3132368
	Update on sbtest5  (cost=0.43..8.46 rows=0 width=0)
	  ->  Index Scan using sbtest5_pkey on sbtest5  (cost=0.43..8.46 rows=1 width=10)
	        Index Cond: (id = 3132368)

table 6 : explain UPDATE sbtest6 SET k=k+1 WHERE id=8745528
	Update on sbtest6  (cost=0.43..8.46 rows=0 width=0)
	  ->  Index Scan using sbtest6_pkey on sbtest6  (cost=0.43..8.46 rows=1 width=10)
	        Index Cond: (id = 8745528)

table 7 : explain UPDATE sbtest7 SET k=k+1 WHERE id=8631579
	Update on sbtest7  (cost=0.43..8.46 rows=0 width=0)
	  ->  Index Scan using sbtest7_pkey on sbtest7  (cost=0.43..8.46 rows=1 width=10)
	        Index Cond: (id = 8631579)

table 8 : explain UPDATE sbtest8 SET k=k+1 WHERE id=5878476
	Update on sbtest8  (cost=0.43..8.46 rows=0 width=0)
	  ->  Index Scan using sbtest8_pkey on sbtest8  (cost=0.43..8.46 rows=1 width=10)
	        Index Cond: (id = 5878476)

explain: for inserts :: explain INSERT INTO sbtest%u (id, k, c, pad) VALUES (%u, 13, 'foobar', 'foobar')
for inserts
table 1 : explain INSERT INTO sbtest1 (id, k, c, pad) VALUES (7441785, 13, 'foobar', 'foobar')
	Insert on sbtest1  (cost=0.00..0.01 rows=0 width=0)
	  ->  Result  (cost=0.00..0.01 rows=1 width=736)

table 2 : explain INSERT INTO sbtest2 (id, k, c, pad) VALUES (6165872, 13, 'foobar', 'foobar')
	Insert on sbtest2  (cost=0.00..0.01 rows=0 width=0)
	  ->  Result  (cost=0.00..0.01 rows=1 width=736)

table 3 : explain INSERT INTO sbtest3 (id, k, c, pad) VALUES (6877118, 13, 'foobar', 'foobar')
	Insert on sbtest3  (cost=0.00..0.01 rows=0 width=0)
	  ->  Result  (cost=0.00..0.01 rows=1 width=736)

table 4 : explain INSERT INTO sbtest4 (id, k, c, pad) VALUES (9382752, 13, 'foobar', 'foobar')
	Insert on sbtest4  (cost=0.00..0.01 rows=0 width=0)
	  ->  Result  (cost=0.00..0.01 rows=1 width=736)

table 5 : explain INSERT INTO sbtest5 (id, k, c, pad) VALUES (5245534, 13, 'foobar', 'foobar')
	Insert on sbtest5  (cost=0.00..0.01 rows=0 width=0)
	  ->  Result  (cost=0.00..0.01 rows=1 width=736)

table 6 : explain INSERT INTO sbtest6 (id, k, c, pad) VALUES (9537571, 13, 'foobar', 'foobar')
	Insert on sbtest6  (cost=0.00..0.01 rows=0 width=0)
	  ->  Result  (cost=0.00..0.01 rows=1 width=736)

table 7 : explain INSERT INTO sbtest7 (id, k, c, pad) VALUES (1752080, 13, 'foobar', 'foobar')
	Insert on sbtest7  (cost=0.00..0.01 rows=0 width=0)
	  ->  Result  (cost=0.00..0.01 rows=1 width=736)

table 8 : explain INSERT INTO sbtest8 (id, k, c, pad) VALUES (8979579, 13, 'foobar', 'foobar')
	Insert on sbtest8  (cost=0.00..0.01 rows=0 width=0)
	  ->  Result  (cost=0.00..0.01 rows=1 width=736)

for point_selects
table 1 : explain SELECT c FROM sbtest1 WHERE id=2503754
	Index Scan using sbtest1_pkey on sbtest1  (cost=0.43..8.45 rows=1 width=121)
	  Index Cond: (id = 2503754)

table 2 : explain SELECT c FROM sbtest2 WHERE id=2868661
	Index Scan using sbtest2_pkey on sbtest2  (cost=0.43..8.45 rows=1 width=121)
	  Index Cond: (id = 2868661)

table 3 : explain SELECT c FROM sbtest3 WHERE id=3677937
	Index Scan using sbtest3_pkey on sbtest3  (cost=0.43..8.45 rows=1 width=121)
	  Index Cond: (id = 3677937)

table 4 : explain SELECT c FROM sbtest4 WHERE id=4421593
	Index Scan using sbtest4_pkey on sbtest4  (cost=0.43..8.45 rows=1 width=121)
	  Index Cond: (id = 4421593)

table 5 : explain SELECT c FROM sbtest5 WHERE id=8466292
	Index Scan using sbtest5_pkey on sbtest5  (cost=0.43..8.45 rows=1 width=121)
	  Index Cond: (id = 8466292)

table 6 : explain SELECT c FROM sbtest6 WHERE id=7356516
	Index Scan using sbtest6_pkey on sbtest6  (cost=0.43..8.45 rows=1 width=121)
	  Index Cond: (id = 7356516)

table 7 : explain SELECT c FROM sbtest7 WHERE id=9652788
	Index Scan using sbtest7_pkey on sbtest7  (cost=0.43..8.45 rows=1 width=121)
	  Index Cond: (id = 9652788)

table 8 : explain SELECT c FROM sbtest8 WHERE id=4053891
	Index Scan using sbtest8_pkey on sbtest8  (cost=0.43..8.45 rows=1 width=121)
	  Index Cond: (id = 4053891)

for deletes
table 1 : explain DELETE FROM sbtest1 WHERE id=6324314
	Delete on sbtest1  (cost=0.43..8.45 rows=0 width=0)
	  ->  Index Scan using sbtest1_pkey on sbtest1  (cost=0.43..8.45 rows=1 width=6)
	        Index Cond: (id = 6324314)

table 2 : explain DELETE FROM sbtest2 WHERE id=9592425
	Delete on sbtest2  (cost=0.43..8.45 rows=0 width=0)
	  ->  Index Scan using sbtest2_pkey on sbtest2  (cost=0.43..8.45 rows=1 width=6)
	        Index Cond: (id = 9592425)

table 3 : explain DELETE FROM sbtest3 WHERE id=3213185
	Delete on sbtest3  (cost=0.43..8.45 rows=0 width=0)
	  ->  Index Scan using sbtest3_pkey on sbtest3  (cost=0.43..8.45 rows=1 width=6)
	        Index Cond: (id = 3213185)

table 4 : explain DELETE FROM sbtest4 WHERE id=3038987
	Delete on sbtest4  (cost=0.43..8.45 rows=0 width=0)
	  ->  Index Scan using sbtest4_pkey on sbtest4  (cost=0.43..8.45 rows=1 width=6)
	        Index Cond: (id = 3038987)

table 5 : explain DELETE FROM sbtest5 WHERE id=5632571
	Delete on sbtest5  (cost=0.43..8.45 rows=0 width=0)
	  ->  Index Scan using sbtest5_pkey on sbtest5  (cost=0.43..8.45 rows=1 width=6)
	        Index Cond: (id = 5632571)

table 6 : explain DELETE FROM sbtest6 WHERE id=7047991
	Delete on sbtest6  (cost=0.43..8.45 rows=0 width=0)
	  ->  Index Scan using sbtest6_pkey on sbtest6  (cost=0.43..8.45 rows=1 width=6)
	        Index Cond: (id = 7047991)

table 7 : explain DELETE FROM sbtest7 WHERE id=7402281
	Delete on sbtest7  (cost=0.43..8.45 rows=0 width=0)
	  ->  Index Scan using sbtest7_pkey on sbtest7  (cost=0.43..8.45 rows=1 width=6)
	        Index Cond: (id = 7402281)

table 8 : explain DELETE FROM sbtest8 WHERE id=534152
	Delete on sbtest8  (cost=0.43..8.45 rows=0 width=0)
	  ->  Index Scan using sbtest8_pkey on sbtest8  (cost=0.43..8.45 rows=1 width=6)
	        Index Cond: (id = 534152)

for deletes
table 1 : explain DELETE FROM sbtest1 WHERE id=8431832
	Delete on sbtest1  (cost=0.43..8.45 rows=0 width=0)
	  ->  Index Scan using sbtest1_pkey on sbtest1  (cost=0.43..8.45 rows=1 width=6)
	        Index Cond: (id = 8431832)

table 2 : explain DELETE FROM sbtest2 WHERE id=7023033
	Delete on sbtest2  (cost=0.43..8.45 rows=0 width=0)
	  ->  Index Scan using sbtest2_pkey on sbtest2  (cost=0.43..8.45 rows=1 width=6)
	        Index Cond: (id = 7023033)

table 3 : explain DELETE FROM sbtest3 WHERE id=8115478
	Delete on sbtest3  (cost=0.43..8.45 rows=0 width=0)
	  ->  Index Scan using sbtest3_pkey on sbtest3  (cost=0.43..8.45 rows=1 width=6)
	        Index Cond: (id = 8115478)

table 4 : explain DELETE FROM sbtest4 WHERE id=5353009
	Delete on sbtest4  (cost=0.43..8.45 rows=0 width=0)
	  ->  Index Scan using sbtest4_pkey on sbtest4  (cost=0.43..8.45 rows=1 width=6)
	        Index Cond: (id = 5353009)

table 5 : explain DELETE FROM sbtest5 WHERE id=4995880
	Delete on sbtest5  (cost=0.43..8.45 rows=0 width=0)
	  ->  Index Scan using sbtest5_pkey on sbtest5  (cost=0.43..8.45 rows=1 width=6)
	        Index Cond: (id = 4995880)

table 6 : explain DELETE FROM sbtest6 WHERE id=717625
	Delete on sbtest6  (cost=0.43..8.45 rows=0 width=0)
	  ->  Index Scan using sbtest6_pkey on sbtest6  (cost=0.43..8.45 rows=1 width=6)
	        Index Cond: (id = 717625)

table 7 : explain DELETE FROM sbtest7 WHERE id=5401088
	Delete on sbtest7  (cost=0.43..8.45 rows=0 width=0)
	  ->  Index Scan using sbtest7_pkey on sbtest7  (cost=0.43..8.45 rows=1 width=6)
	        Index Cond: (id = 5401088)

table 8 : explain DELETE FROM sbtest8 WHERE id=4001878
	Delete on sbtest8  (cost=0.43..8.45 rows=0 width=0)
	  ->  Index Scan using sbtest8_pkey on sbtest8  (cost=0.43..8.45 rows=1 width=6)
	        Index Cond: (id = 4001878)

explain: for inserts :: explain INSERT INTO sbtest%u (id, k, c, pad) VALUES (%u, 13, 'foobar', 'foobar')
explain: for non_index_updates :: explain UPDATE sbtest%u SET c='foobar' WHERE id=%u
explain: for inserts :: explain INSERT INTO sbtest%u (id, k, c, pad) VALUES (%u, 13, 'foobar', 'foobar')
for: distinct_ranges
table 1 : explain SELECT DISTINCT c FROM sbtest1 WHERE id BETWEEN 8564446 AND 8564455 ORDER BY c
	Unique  (cost=37.20..37.24 rows=9 width=121)
	  ->  Sort  (cost=37.20..37.22 rows=9 width=121)
	        Sort Key: c
	        ->  Index Scan using sbtest1_pkey on sbtest1  (cost=0.43..37.06 rows=9 width=121)
	              Index Cond: ((id >= 8564446) AND (id <= 8564455))

table 2 : explain SELECT DISTINCT c FROM sbtest2 WHERE id BETWEEN 3420519 AND 3420528 ORDER BY c
	Unique  (cost=40.74..40.79 rows=10 width=121)
	  ->  Sort  (cost=40.74..40.77 rows=10 width=121)
	        Sort Key: c
	        ->  Index Scan using sbtest2_pkey on sbtest2  (cost=0.43..40.58 rows=10 width=121)
	              Index Cond: ((id >= 3420519) AND (id <= 3420528))

table 3 : explain SELECT DISTINCT c FROM sbtest3 WHERE id BETWEEN 1289677 AND 1289686 ORDER BY c
	Unique  (cost=40.64..40.69 rows=10 width=121)
	  ->  Sort  (cost=40.64..40.67 rows=10 width=121)
	        Sort Key: c
	        ->  Index Scan using sbtest3_pkey on sbtest3  (cost=0.43..40.48 rows=10 width=121)
	              Index Cond: ((id >= 1289677) AND (id <= 1289686))

table 4 : explain SELECT DISTINCT c FROM sbtest4 WHERE id BETWEEN 4532369 AND 4532378 ORDER BY c
	Unique  (cost=40.43..40.48 rows=10 width=121)
	  ->  Sort  (cost=40.43..40.46 rows=10 width=121)
	        Sort Key: c
	        ->  Index Scan using sbtest4_pkey on sbtest4  (cost=0.43..40.27 rows=10 width=121)
	              Index Cond: ((id >= 4532369) AND (id <= 4532378))

table 5 : explain SELECT DISTINCT c FROM sbtest5 WHERE id BETWEEN 2333676 AND 2333685 ORDER BY c
	Unique  (cost=40.78..40.83 rows=10 width=121)
	  ->  Sort  (cost=40.78..40.81 rows=10 width=121)
	        Sort Key: c
	        ->  Index Scan using sbtest5_pkey on sbtest5  (cost=0.43..40.62 rows=10 width=121)
	              Index Cond: ((id >= 2333676) AND (id <= 2333685))

table 6 : explain SELECT DISTINCT c FROM sbtest6 WHERE id BETWEEN 5536830 AND 5536839 ORDER BY c
	Unique  (cost=40.55..40.60 rows=10 width=121)
	  ->  Sort  (cost=40.55..40.58 rows=10 width=121)
	        Sort Key: c
	        ->  Index Scan using sbtest6_pkey on sbtest6  (cost=0.43..40.39 rows=10 width=121)
	              Index Cond: ((id >= 5536830) AND (id <= 5536839))

table 7 : explain SELECT DISTINCT c FROM sbtest7 WHERE id BETWEEN 4664638 AND 4664647 ORDER BY c
	Unique  (cost=44.03..44.08 rows=11 width=121)
	  ->  Sort  (cost=44.03..44.06 rows=11 width=121)
	        Sort Key: c
	        ->  Index Scan using sbtest7_pkey on sbtest7  (cost=0.43..43.84 rows=11 width=121)
	              Index Cond: ((id >= 4664638) AND (id <= 4664647))

table 8 : explain SELECT DISTINCT c FROM sbtest8 WHERE id BETWEEN 1427935 AND 1427944 ORDER BY c
	Unique  (cost=40.51..40.56 rows=10 width=121)
	  ->  Sort  (cost=40.51..40.53 rows=10 width=121)
	        Sort Key: c
	        ->  Index Scan using sbtest8_pkey on sbtest8  (cost=0.43..40.34 rows=10 width=121)
	              Index Cond: ((id >= 1427935) AND (id <= 1427944))

for inserts
table 1 : explain INSERT INTO sbtest1 (id, k, c, pad) VALUES (5108832, 13, 'foobar', 'foobar')
	Insert on sbtest1  (cost=0.00..0.01 rows=0 width=0)
	  ->  Result  (cost=0.00..0.01 rows=1 width=736)

table 2 : explain INSERT INTO sbtest2 (id, k, c, pad) VALUES (5648305, 13, 'foobar', 'foobar')
	Insert on sbtest2  (cost=0.00..0.01 rows=0 width=0)
	  ->  Result  (cost=0.00..0.01 rows=1 width=736)

table 3 : explain INSERT INTO sbtest3 (id, k, c, pad) VALUES (9001946, 13, 'foobar', 'foobar')
	Insert on sbtest3  (cost=0.00..0.01 rows=0 width=0)
	  ->  Result  (cost=0.00..0.01 rows=1 width=736)

table 4 : explain INSERT INTO sbtest4 (id, k, c, pad) VALUES (7368046, 13, 'foobar', 'foobar')
	Insert on sbtest4  (cost=0.00..0.01 rows=0 width=0)
	  ->  Result  (cost=0.00..0.01 rows=1 width=736)

table 5 : explain INSERT INTO sbtest5 (id, k, c, pad) VALUES (7388475, 13, 'foobar', 'foobar')
	Insert on sbtest5  (cost=0.00..0.01 rows=0 width=0)
	  ->  Result  (cost=0.00..0.01 rows=1 width=736)

table 6 : explain INSERT INTO sbtest6 (id, k, c, pad) VALUES (4456833, 13, 'foobar', 'foobar')
	Insert on sbtest6  (cost=0.00..0.01 rows=0 width=0)
	  ->  Result  (cost=0.00..0.01 rows=1 width=736)

table 7 : explain INSERT INTO sbtest7 (id, k, c, pad) VALUES (1378920, 13, 'foobar', 'foobar')
	Insert on sbtest7  (cost=0.00..0.01 rows=0 width=0)
	  ->  Result  (cost=0.00..0.01 rows=1 width=736)

table 8 : explain INSERT INTO sbtest8 (id, k, c, pad) VALUES (4886575, 13, 'foobar', 'foobar')
	Insert on sbtest8  (cost=0.00..0.01 rows=0 width=0)
	  ->  Result  (cost=0.00..0.01 rows=1 width=736)

for inserts
table 1 : explain INSERT INTO sbtest1 (id, k, c, pad) VALUES (6565902, 13, 'foobar', 'foobar')
	Insert on sbtest1  (cost=0.00..0.01 rows=0 width=0)
	  ->  Result  (cost=0.00..0.01 rows=1 width=736)

table 2 : explain INSERT INTO sbtest2 (id, k, c, pad) VALUES (3683804, 13, 'foobar', 'foobar')
	Insert on sbtest2  (cost=0.00..0.01 rows=0 width=0)
	  ->  Result  (cost=0.00..0.01 rows=1 width=736)

table 3 : explain INSERT INTO sbtest3 (id, k, c, pad) VALUES (8677645, 13, 'foobar', 'foobar')
	Insert on sbtest3  (cost=0.00..0.01 rows=0 width=0)
	  ->  Result  (cost=0.00..0.01 rows=1 width=736)

table 4 : explain INSERT INTO sbtest4 (id, k, c, pad) VALUES (3528622, 13, 'foobar', 'foobar')
	Insert on sbtest4  (cost=0.00..0.01 rows=0 width=0)
	  ->  Result  (cost=0.00..0.01 rows=1 width=736)

table 5 : explain INSERT INTO sbtest5 (id, k, c, pad) VALUES (2440807, 13, 'foobar', 'foobar')
	Insert on sbtest5  (cost=0.00..0.01 rows=0 width=0)
	  ->  Result  (cost=0.00..0.01 rows=1 width=736)

table 6 : explain INSERT INTO sbtest6 (id, k, c, pad) VALUES (9543314, 13, 'foobar', 'foobar')
	Insert on sbtest6  (cost=0.00..0.01 rows=0 width=0)
	  ->  Result  (cost=0.00..0.01 rows=1 width=736)

table 7 : explain INSERT INTO sbtest7 (id, k, c, pad) VALUES (2679111, 13, 'foobar', 'foobar')
	Insert on sbtest7  (cost=0.00..0.01 rows=0 width=0)
	  ->  Result  (cost=0.00..0.01 rows=1 width=736)

table 8 : explain INSERT INTO sbtest8 (id, k, c, pad) VALUES (4339408, 13, 'foobar', 'foobar')
	Insert on sbtest8  (cost=0.00..0.01 rows=0 width=0)
	  ->  Result  (cost=0.00..0.01 rows=1 width=736)

explain: for inserts :: explain INSERT INTO sbtest%u (id, k, c, pad) VALUES (%u, 13, 'foobar', 'foobar')
explain: for index_updates :: explain UPDATE sbtest%u SET k=k+1 WHERE id=%u
explain: for inserts :: explain INSERT INTO sbtest%u (id, k, c, pad) VALUES (%u, 13, 'foobar', 'foobar')
for inserts
table 1 : explain INSERT INTO sbtest1 (id, k, c, pad) VALUES (3588215, 13, 'foobar', 'foobar')
	Insert on sbtest1  (cost=0.00..0.01 rows=0 width=0)
	  ->  Result  (cost=0.00..0.01 rows=1 width=736)

table 2 : explain INSERT INTO sbtest2 (id, k, c, pad) VALUES (5557095, 13, 'foobar', 'foobar')
	Insert on sbtest2  (cost=0.00..0.01 rows=0 width=0)
	  ->  Result  (cost=0.00..0.01 rows=1 width=736)

table 3 : explain INSERT INTO sbtest3 (id, k, c, pad) VALUES (2834885, 13, 'foobar', 'foobar')
	Insert on sbtest3  (cost=0.00..0.01 rows=0 width=0)
	  ->  Result  (cost=0.00..0.01 rows=1 width=736)

table 4 : explain INSERT INTO sbtest4 (id, k, c, pad) VALUES (9515125, 13, 'foobar', 'foobar')
	Insert on sbtest4  (cost=0.00..0.01 rows=0 width=0)
	  ->  Result  (cost=0.00..0.01 rows=1 width=736)

table 5 : explain INSERT INTO sbtest5 (id, k, c, pad) VALUES (2048763, 13, 'foobar', 'foobar')
	Insert on sbtest5  (cost=0.00..0.01 rows=0 width=0)
	  ->  Result  (cost=0.00..0.01 rows=1 width=736)

table 6 : explain INSERT INTO sbtest6 (id, k, c, pad) VALUES (4645211, 13, 'foobar', 'foobar')
	Insert on sbtest6  (cost=0.00..0.01 rows=0 width=0)
	  ->  Result  (cost=0.00..0.01 rows=1 width=736)

table 7 : explain INSERT INTO sbtest7 (id, k, c, pad) VALUES (1822019, 13, 'foobar', 'foobar')
	Insert on sbtest7  (cost=0.00..0.01 rows=0 width=0)
	  ->  Result  (cost=0.00..0.01 rows=1 width=736)

table 8 : explain INSERT INTO sbtest8 (id, k, c, pad) VALUES (1637699, 13, 'foobar', 'foobar')
	Insert on sbtest8  (cost=0.00..0.01 rows=0 width=0)
	  ->  Result  (cost=0.00..0.01 rows=1 width=736)

for non_index_updates
table 1 : explain UPDATE sbtest1 SET c='foobar' WHERE id=7310185
	Update on sbtest1  (cost=0.43..8.45 rows=0 width=0)
	  ->  Index Scan using sbtest1_pkey on sbtest1  (cost=0.43..8.45 rows=1 width=490)
	        Index Cond: (id = 7310185)

table 2 : explain UPDATE sbtest2 SET c='foobar' WHERE id=1311731
	Update on sbtest2  (cost=0.43..8.45 rows=0 width=0)
	  ->  Index Scan using sbtest2_pkey on sbtest2  (cost=0.43..8.45 rows=1 width=490)
	        Index Cond: (id = 1311731)

table 3 : explain UPDATE sbtest3 SET c='foobar' WHERE id=4979301
	Update on sbtest3  (cost=0.43..8.45 rows=0 width=0)
	  ->  Index Scan using sbtest3_pkey on sbtest3  (cost=0.43..8.45 rows=1 width=490)
	        Index Cond: (id = 4979301)

table 4 : explain UPDATE sbtest4 SET c='foobar' WHERE id=8432820
	Update on sbtest4  (cost=0.43..8.45 rows=0 width=0)
	  ->  Index Scan using sbtest4_pkey on sbtest4  (cost=0.43..8.45 rows=1 width=490)
	        Index Cond: (id = 8432820)

table 5 : explain UPDATE sbtest5 SET c='foobar' WHERE id=5896118
	Update on sbtest5  (cost=0.43..8.45 rows=0 width=0)
	  ->  Index Scan using sbtest5_pkey on sbtest5  (cost=0.43..8.45 rows=1 width=490)
	        Index Cond: (id = 5896118)

table 6 : explain UPDATE sbtest6 SET c='foobar' WHERE id=8784720
	Update on sbtest6  (cost=0.43..8.45 rows=0 width=0)
	  ->  Index Scan using sbtest6_pkey on sbtest6  (cost=0.43..8.45 rows=1 width=490)
	        Index Cond: (id = 8784720)

table 7 : explain UPDATE sbtest7 SET c='foobar' WHERE id=3066132
	Update on sbtest7  (cost=0.43..8.45 rows=0 width=0)
	  ->  Index Scan using sbtest7_pkey on sbtest7  (cost=0.43..8.45 rows=1 width=490)
	        Index Cond: (id = 3066132)

table 8 : explain UPDATE sbtest8 SET c='foobar' WHERE id=4520317
	Update on sbtest8  (cost=0.43..8.45 rows=0 width=0)
	  ->  Index Scan using sbtest8_pkey on sbtest8  (cost=0.43..8.45 rows=1 width=490)
	        Index Cond: (id = 4520317)

for: simple_ranges
table 1 : explain SELECT c FROM sbtest1 WHERE id BETWEEN 3062536 AND 3062545
	Index Scan using sbtest1_pkey on sbtest1  (cost=0.43..44.21 rows=11 width=121)
	  Index Cond: ((id >= 3062536) AND (id <= 3062545))

table 2 : explain SELECT c FROM sbtest2 WHERE id BETWEEN 4848436 AND 4848445
	Index Scan using sbtest2_pkey on sbtest2  (cost=0.43..40.58 rows=10 width=121)
	  Index Cond: ((id >= 4848436) AND (id <= 4848445))

table 3 : explain SELECT c FROM sbtest3 WHERE id BETWEEN 8142672 AND 8142681
	Index Scan using sbtest3_pkey on sbtest3  (cost=0.43..44.03 rows=11 width=121)
	  Index Cond: ((id >= 8142672) AND (id <= 8142681))

table 4 : explain SELECT c FROM sbtest4 WHERE id BETWEEN 2063176 AND 2063185
	Index Scan using sbtest4_pkey on sbtest4  (cost=0.43..40.27 rows=10 width=121)
	  Index Cond: ((id >= 2063176) AND (id <= 2063185))

table 5 : explain SELECT c FROM sbtest5 WHERE id BETWEEN 2669262 AND 2669271
	Index Scan using sbtest5_pkey on sbtest5  (cost=0.43..40.62 rows=10 width=121)
	  Index Cond: ((id >= 2669262) AND (id <= 2669271))

table 6 : explain SELECT c FROM sbtest6 WHERE id BETWEEN 8723824 AND 8723833
	Index Scan using sbtest6_pkey on sbtest6  (cost=0.43..40.39 rows=10 width=121)
	  Index Cond: ((id >= 8723824) AND (id <= 8723833))

table 7 : explain SELECT c FROM sbtest7 WHERE id BETWEEN 3909330 AND 3909339
	Index Scan using sbtest7_pkey on sbtest7  (cost=0.43..40.30 rows=10 width=121)
	  Index Cond: ((id >= 3909330) AND (id <= 3909339))

table 8 : explain SELECT c FROM sbtest8 WHERE id BETWEEN 8773939 AND 8773948
	Index Scan using sbtest8_pkey on sbtest8  (cost=0.43..43.89 rows=11 width=121)
	  Index Cond: ((id >= 8773939) AND (id <= 8773948))

for inserts
table 1 : explain INSERT INTO sbtest1 (id, k, c, pad) VALUES (3973611, 13, 'foobar', 'foobar')
	Insert on sbtest1  (cost=0.00..0.01 rows=0 width=0)
	  ->  Result  (cost=0.00..0.01 rows=1 width=736)

table 2 : explain INSERT INTO sbtest2 (id, k, c, pad) VALUES (9603207, 13, 'foobar', 'foobar')
	Insert on sbtest2  (cost=0.00..0.01 rows=0 width=0)
	  ->  Result  (cost=0.00..0.01 rows=1 width=736)

table 3 : explain INSERT INTO sbtest3 (id, k, c, pad) VALUES (8199546, 13, 'foobar', 'foobar')
	Insert on sbtest3  (cost=0.00..0.01 rows=0 width=0)
	  ->  Result  (cost=0.00..0.01 rows=1 width=736)

table 4 : explain INSERT INTO sbtest4 (id, k, c, pad) VALUES (930484, 13, 'foobar', 'foobar')
	Insert on sbtest4  (cost=0.00..0.01 rows=0 width=0)
	  ->  Result  (cost=0.00..0.01 rows=1 width=736)

table 5 : explain INSERT INTO sbtest5 (id, k, c, pad) VALUES (4840995, 13, 'foobar', 'foobar')
	Insert on sbtest5  (cost=0.00..0.01 rows=0 width=0)
	  ->  Result  (cost=0.00..0.01 rows=1 width=736)

table 6 : explain INSERT INTO sbtest6 (id, k, c, pad) VALUES (7762167, 13, 'foobar', 'foobar')
	Insert on sbtest6  (cost=0.00..0.01 rows=0 width=0)
	  ->  Result  (cost=0.00..0.01 rows=1 width=736)

table 7 : explain INSERT INTO sbtest7 (id, k, c, pad) VALUES (8591366, 13, 'foobar', 'foobar')
	Insert on sbtest7  (cost=0.00..0.01 rows=0 width=0)
	  ->  Result  (cost=0.00..0.01 rows=1 width=736)

table 8 : explain INSERT INTO sbtest8 (id, k, c, pad) VALUES (1036336, 13, 'foobar', 'foobar')
	Insert on sbtest8  (cost=0.00..0.01 rows=0 width=0)
	  ->  Result  (cost=0.00..0.01 rows=1 width=736)

for deletes
table 1 : explain DELETE FROM sbtest1 WHERE id=2685374
	Delete on sbtest1  (cost=0.43..8.45 rows=0 width=0)
	  ->  Index Scan using sbtest1_pkey on sbtest1  (cost=0.43..8.45 rows=1 width=6)
	        Index Cond: (id = 2685374)

table 2 : explain DELETE FROM sbtest2 WHERE id=2295056
	Delete on sbtest2  (cost=0.43..8.45 rows=0 width=0)
	  ->  Index Scan using sbtest2_pkey on sbtest2  (cost=0.43..8.45 rows=1 width=6)
	        Index Cond: (id = 2295056)

table 3 : explain DELETE FROM sbtest3 WHERE id=461789
	Delete on sbtest3  (cost=0.43..8.45 rows=0 width=0)
	  ->  Index Scan using sbtest3_pkey on sbtest3  (cost=0.43..8.45 rows=1 width=6)
	        Index Cond: (id = 461789)

table 4 : explain DELETE FROM sbtest4 WHERE id=9320204
	Delete on sbtest4  (cost=0.43..8.45 rows=0 width=0)
	  ->  Index Scan using sbtest4_pkey on sbtest4  (cost=0.43..8.45 rows=1 width=6)
	        Index Cond: (id = 9320204)

table 5 : explain DELETE FROM sbtest5 WHERE id=2210279
	Delete on sbtest5  (cost=0.43..8.45 rows=0 width=0)
	  ->  Index Scan using sbtest5_pkey on sbtest5  (cost=0.43..8.45 rows=1 width=6)
	        Index Cond: (id = 2210279)

table 6 : explain DELETE FROM sbtest6 WHERE id=7881908
	Delete on sbtest6  (cost=0.43..8.45 rows=0 width=0)
	  ->  Index Scan using sbtest6_pkey on sbtest6  (cost=0.43..8.45 rows=1 width=6)
	        Index Cond: (id = 7881908)

table 7 : explain DELETE FROM sbtest7 WHERE id=7657558
	Delete on sbtest7  (cost=0.43..8.45 rows=0 width=0)
	  ->  Index Scan using sbtest7_pkey on sbtest7  (cost=0.43..8.45 rows=1 width=6)
	        Index Cond: (id = 7657558)

table 8 : explain DELETE FROM sbtest8 WHERE id=164822
	Delete on sbtest8  (cost=0.43..8.45 rows=0 width=0)
	  ->  Index Scan using sbtest8_pkey on sbtest8  (cost=0.43..8.45 rows=1 width=6)
	        Index Cond: (id = 164822)

for inserts
table 1 : explain INSERT INTO sbtest1 (id, k, c, pad) VALUES (1433995, 13, 'foobar', 'foobar')
	Insert on sbtest1  (cost=0.00..0.01 rows=0 width=0)
	  ->  Result  (cost=0.00..0.01 rows=1 width=736)

table 2 : explain INSERT INTO sbtest2 (id, k, c, pad) VALUES (6831779, 13, 'foobar', 'foobar')
	Insert on sbtest2  (cost=0.00..0.01 rows=0 width=0)
	  ->  Result  (cost=0.00..0.01 rows=1 width=736)

table 3 : explain INSERT INTO sbtest3 (id, k, c, pad) VALUES (1217570, 13, 'foobar', 'foobar')
	Insert on sbtest3  (cost=0.00..0.01 rows=0 width=0)
	  ->  Result  (cost=0.00..0.01 rows=1 width=736)

table 4 : explain INSERT INTO sbtest4 (id, k, c, pad) VALUES (2471068, 13, 'foobar', 'foobar')
	Insert on sbtest4  (cost=0.00..0.01 rows=0 width=0)
	  ->  Result  (cost=0.00..0.01 rows=1 width=736)

table 5 : explain INSERT INTO sbtest5 (id, k, c, pad) VALUES (4979752, 13, 'foobar', 'foobar')
	Insert on sbtest5  (cost=0.00..0.01 rows=0 width=0)
	  ->  Result  (cost=0.00..0.01 rows=1 width=736)

table 6 : explain INSERT INTO sbtest6 (id, k, c, pad) VALUES (9175769, 13, 'foobar', 'foobar')
	Insert on sbtest6  (cost=0.00..0.01 rows=0 width=0)
	  ->  Result  (cost=0.00..0.01 rows=1 width=736)

table 7 : explain INSERT INTO sbtest7 (id, k, c, pad) VALUES (1578508, 13, 'foobar', 'foobar')
	Insert on sbtest7  (cost=0.00..0.01 rows=0 width=0)
	  ->  Result  (cost=0.00..0.01 rows=1 width=736)

table 8 : explain INSERT INTO sbtest8 (id, k, c, pad) VALUES (9607817, 13, 'foobar', 'foobar')
	Insert on sbtest8  (cost=0.00..0.01 rows=0 width=0)
	  ->  Result  (cost=0.00..0.01 rows=1 width=736)

explain: for deletes :: explain DELETE FROM sbtest%u WHERE id=%u
for index_updates
table 1 : explain UPDATE sbtest1 SET k=k+1 WHERE id=450964
	Update on sbtest1  (cost=0.43..8.46 rows=0 width=0)
	  ->  Index Scan using sbtest1_pkey on sbtest1  (cost=0.43..8.46 rows=1 width=10)
	        Index Cond: (id = 450964)

table 2 : explain UPDATE sbtest2 SET k=k+1 WHERE id=2831526
	Update on sbtest2  (cost=0.43..8.46 rows=0 width=0)
	  ->  Index Scan using sbtest2_pkey on sbtest2  (cost=0.43..8.46 rows=1 width=10)
	        Index Cond: (id = 2831526)

table 3 : explain UPDATE sbtest3 SET k=k+1 WHERE id=4922553
	Update on sbtest3  (cost=0.43..8.46 rows=0 width=0)
	  ->  Index Scan using sbtest3_pkey on sbtest3  (cost=0.43..8.46 rows=1 width=10)
	        Index Cond: (id = 4922553)

table 4 : explain UPDATE sbtest4 SET k=k+1 WHERE id=8803514
	Update on sbtest4  (cost=0.43..8.46 rows=0 width=0)
	  ->  Index Scan using sbtest4_pkey on sbtest4  (cost=0.43..8.46 rows=1 width=10)
	        Index Cond: (id = 8803514)

table 5 : explain UPDATE sbtest5 SET k=k+1 WHERE id=8879179
	Update on sbtest5  (cost=0.43..8.46 rows=0 width=0)
	  ->  Index Scan using sbtest5_pkey on sbtest5  (cost=0.43..8.46 rows=1 width=10)
	        Index Cond: (id = 8879179)

table 6 : explain UPDATE sbtest6 SET k=k+1 WHERE id=2091510
	Update on sbtest6  (cost=0.43..8.46 rows=0 width=0)
	  ->  Index Scan using sbtest6_pkey on sbtest6  (cost=0.43..8.46 rows=1 width=10)
	        Index Cond: (id = 2091510)

table 7 : explain UPDATE sbtest7 SET k=k+1 WHERE id=7090427
	Update on sbtest7  (cost=0.43..8.46 rows=0 width=0)
	  ->  Index Scan using sbtest7_pkey on sbtest7  (cost=0.43..8.46 rows=1 width=10)
	        Index Cond: (id = 7090427)

table 8 : explain UPDATE sbtest8 SET k=k+1 WHERE id=5283429
	Update on sbtest8  (cost=0.43..8.46 rows=0 width=0)
	  ->  Index Scan using sbtest8_pkey on sbtest8  (cost=0.43..8.46 rows=1 width=10)
	        Index Cond: (id = 5283429)

explain: for inserts :: explain INSERT INTO sbtest%u (id, k, c, pad) VALUES (%u, 13, 'foobar', 'foobar')
explain: for inserts :: explain INSERT INTO sbtest%u (id, k, c, pad) VALUES (%u, 13, 'foobar', 'foobar')
for deletes
table 1 : explain DELETE FROM sbtest1 WHERE id=9607896
	Delete on sbtest1  (cost=0.43..8.45 rows=0 width=0)
	  ->  Index Scan using sbtest1_pkey on sbtest1  (cost=0.43..8.45 rows=1 width=6)
	        Index Cond: (id = 9607896)

table 2 : explain DELETE FROM sbtest2 WHERE id=8107433
	Delete on sbtest2  (cost=0.43..8.45 rows=0 width=0)
	  ->  Index Scan using sbtest2_pkey on sbtest2  (cost=0.43..8.45 rows=1 width=6)
	        Index Cond: (id = 8107433)

table 3 : explain DELETE FROM sbtest3 WHERE id=7656745
	Delete on sbtest3  (cost=0.43..8.45 rows=0 width=0)
	  ->  Index Scan using sbtest3_pkey on sbtest3  (cost=0.43..8.45 rows=1 width=6)
	        Index Cond: (id = 7656745)

table 4 : explain DELETE FROM sbtest4 WHERE id=9699440
	Delete on sbtest4  (cost=0.43..8.45 rows=0 width=0)
	  ->  Index Scan using sbtest4_pkey on sbtest4  (cost=0.43..8.45 rows=1 width=6)
	        Index Cond: (id = 9699440)

table 5 : explain DELETE FROM sbtest5 WHERE id=9322932
	Delete on sbtest5  (cost=0.43..8.45 rows=0 width=0)
	  ->  Index Scan using sbtest5_pkey on sbtest5  (cost=0.43..8.45 rows=1 width=6)
	        Index Cond: (id = 9322932)

table 6 : explain DELETE FROM sbtest6 WHERE id=1930593
	Delete on sbtest6  (cost=0.43..8.45 rows=0 width=0)
	  ->  Index Scan using sbtest6_pkey on sbtest6  (cost=0.43..8.45 rows=1 width=6)
	        Index Cond: (id = 1930593)

table 7 : explain DELETE FROM sbtest7 WHERE id=9872563
	Delete on sbtest7  (cost=0.43..8.45 rows=0 width=0)
	  ->  Index Scan using sbtest7_pkey on sbtest7  (cost=0.43..8.45 rows=1 width=6)
	        Index Cond: (id = 9872563)

table 8 : explain DELETE FROM sbtest8 WHERE id=9437495
	Delete on sbtest8  (cost=0.43..8.45 rows=0 width=0)
	  ->  Index Scan using sbtest8_pkey on sbtest8  (cost=0.43..8.45 rows=1 width=6)
	        Index Cond: (id = 9437495)

explain: for non_index_updates :: explain UPDATE sbtest%u SET c='foobar' WHERE id=%u
for inserts
table 1 : explain INSERT INTO sbtest1 (id, k, c, pad) VALUES (1899261, 13, 'foobar', 'foobar')
	Insert on sbtest1  (cost=0.00..0.01 rows=0 width=0)
	  ->  Result  (cost=0.00..0.01 rows=1 width=736)

table 2 : explain INSERT INTO sbtest2 (id, k, c, pad) VALUES (8749599, 13, 'foobar', 'foobar')
	Insert on sbtest2  (cost=0.00..0.01 rows=0 width=0)
	  ->  Result  (cost=0.00..0.01 rows=1 width=736)

table 3 : explain INSERT INTO sbtest3 (id, k, c, pad) VALUES (9611425, 13, 'foobar', 'foobar')
	Insert on sbtest3  (cost=0.00..0.01 rows=0 width=0)
	  ->  Result  (cost=0.00..0.01 rows=1 width=736)

table 4 : explain INSERT INTO sbtest4 (id, k, c, pad) VALUES (1430733, 13, 'foobar', 'foobar')
	Insert on sbtest4  (cost=0.00..0.01 rows=0 width=0)
	  ->  Result  (cost=0.00..0.01 rows=1 width=736)

table 5 : explain INSERT INTO sbtest5 (id, k, c, pad) VALUES (6005479, 13, 'foobar', 'foobar')
	Insert on sbtest5  (cost=0.00..0.01 rows=0 width=0)
	  ->  Result  (cost=0.00..0.01 rows=1 width=736)

table 6 : explain INSERT INTO sbtest6 (id, k, c, pad) VALUES (383657, 13, 'foobar', 'foobar')
	Insert on sbtest6  (cost=0.00..0.01 rows=0 width=0)
	  ->  Result  (cost=0.00..0.01 rows=1 width=736)

table 7 : explain INSERT INTO sbtest7 (id, k, c, pad) VALUES (6287973, 13, 'foobar', 'foobar')
	Insert on sbtest7  (cost=0.00..0.01 rows=0 width=0)
	  ->  Result  (cost=0.00..0.01 rows=1 width=736)

table 8 : explain INSERT INTO sbtest8 (id, k, c, pad) VALUES (2029838, 13, 'foobar', 'foobar')
	Insert on sbtest8  (cost=0.00..0.01 rows=0 width=0)
	  ->  Result  (cost=0.00..0.01 rows=1 width=736)

for inserts
table 1 : explain INSERT INTO sbtest1 (id, k, c, pad) VALUES (3004723, 13, 'foobar', 'foobar')
	Insert on sbtest1  (cost=0.00..0.01 rows=0 width=0)
	  ->  Result  (cost=0.00..0.01 rows=1 width=736)

table 2 : explain INSERT INTO sbtest2 (id, k, c, pad) VALUES (5366851, 13, 'foobar', 'foobar')
	Insert on sbtest2  (cost=0.00..0.01 rows=0 width=0)
	  ->  Result  (cost=0.00..0.01 rows=1 width=736)

table 3 : explain INSERT INTO sbtest3 (id, k, c, pad) VALUES (4818518, 13, 'foobar', 'foobar')
	Insert on sbtest3  (cost=0.00..0.01 rows=0 width=0)
	  ->  Result  (cost=0.00..0.01 rows=1 width=736)

table 4 : explain INSERT INTO sbtest4 (id, k, c, pad) VALUES (4670680, 13, 'foobar', 'foobar')
	Insert on sbtest4  (cost=0.00..0.01 rows=0 width=0)
	  ->  Result  (cost=0.00..0.01 rows=1 width=736)

table 5 : explain INSERT INTO sbtest5 (id, k, c, pad) VALUES (2197296, 13, 'foobar', 'foobar')
	Insert on sbtest5  (cost=0.00..0.01 rows=0 width=0)
	  ->  Result  (cost=0.00..0.01 rows=1 width=736)

table 6 : explain INSERT INTO sbtest6 (id, k, c, pad) VALUES (518827, 13, 'foobar', 'foobar')
	Insert on sbtest6  (cost=0.00..0.01 rows=0 width=0)
	  ->  Result  (cost=0.00..0.01 rows=1 width=736)

table 7 : explain INSERT INTO sbtest7 (id, k, c, pad) VALUES (164408, 13, 'foobar', 'foobar')
	Insert on sbtest7  (cost=0.00..0.01 rows=0 width=0)
	  ->  Result  (cost=0.00..0.01 rows=1 width=736)

table 8 : explain INSERT INTO sbtest8 (id, k, c, pad) VALUES (1383540, 13, 'foobar', 'foobar')
	Insert on sbtest8  (cost=0.00..0.01 rows=0 width=0)
	  ->  Result  (cost=0.00..0.01 rows=1 width=736)

explain: for inserts :: explain INSERT INTO sbtest%u (id, k, c, pad) VALUES (%u, 13, 'foobar', 'foobar')
for: sum_ranges
table 1 : explain SELECT SUM(k) FROM sbtest1 WHERE id BETWEEN 2126934 AND 2126943
	Aggregate  (cost=40.66..40.67 rows=1 width=8)
	  ->  Index Scan using sbtest1_pkey on sbtest1  (cost=0.43..40.63 rows=10 width=4)
	        Index Cond: ((id >= 2126934) AND (id <= 2126943))

table 2 : explain SELECT SUM(k) FROM sbtest2 WHERE id BETWEEN 9412967 AND 9412976
	Aggregate  (cost=40.60..40.61 rows=1 width=8)
	  ->  Index Scan using sbtest2_pkey on sbtest2  (cost=0.43..40.58 rows=10 width=4)
	        Index Cond: ((id >= 9412967) AND (id <= 9412976))

table 3 : explain SELECT SUM(k) FROM sbtest3 WHERE id BETWEEN 6730296 AND 6730305
	Aggregate  (cost=40.50..40.51 rows=1 width=8)
	  ->  Index Scan using sbtest3_pkey on sbtest3  (cost=0.43..40.48 rows=10 width=4)
	        Index Cond: ((id >= 6730296) AND (id <= 6730305))

table 4 : explain SELECT SUM(k) FROM sbtest4 WHERE id BETWEEN 7455276 AND 7455285
	Aggregate  (cost=40.29..40.30 rows=1 width=8)
	  ->  Index Scan using sbtest4_pkey on sbtest4  (cost=0.43..40.27 rows=10 width=4)
	        Index Cond: ((id >= 7455276) AND (id <= 7455285))

table 5 : explain SELECT SUM(k) FROM sbtest5 WHERE id BETWEEN 4659048 AND 4659057
	Aggregate  (cost=40.64..40.65 rows=1 width=8)
	  ->  Index Scan using sbtest5_pkey on sbtest5  (cost=0.43..40.62 rows=10 width=4)
	        Index Cond: ((id >= 4659048) AND (id <= 4659057))

table 6 : explain SELECT SUM(k) FROM sbtest6 WHERE id BETWEEN 8433111 AND 8433120
	Aggregate  (cost=40.41..40.42 rows=1 width=8)
	  ->  Index Scan using sbtest6_pkey on sbtest6  (cost=0.43..40.39 rows=10 width=4)
	        Index Cond: ((id >= 8433111) AND (id <= 8433120))

table 7 : explain SELECT SUM(k) FROM sbtest7 WHERE id BETWEEN 9381897 AND 9381906
	Aggregate  (cost=40.33..40.34 rows=1 width=8)
	  ->  Index Scan using sbtest7_pkey on sbtest7  (cost=0.43..40.30 rows=10 width=4)
	        Index Cond: ((id >= 9381897) AND (id <= 9381906))

table 8 : explain SELECT SUM(k) FROM sbtest8 WHERE id BETWEEN 3085972 AND 3085981
	Aggregate  (cost=40.37..40.38 rows=1 width=8)
	  ->  Index Scan using sbtest8_pkey on sbtest8  (cost=0.43..40.34 rows=10 width=4)
	        Index Cond: ((id >= 3085972) AND (id <= 3085981))

for non_index_updates
table 1 : explain UPDATE sbtest1 SET c='foobar' WHERE id=6725886
	Update on sbtest1  (cost=0.43..8.45 rows=0 width=0)
	  ->  Index Scan using sbtest1_pkey on sbtest1  (cost=0.43..8.45 rows=1 width=490)
	        Index Cond: (id = 6725886)

table 2 : explain UPDATE sbtest2 SET c='foobar' WHERE id=9910152
	Update on sbtest2  (cost=0.43..8.45 rows=0 width=0)
	  ->  Index Scan using sbtest2_pkey on sbtest2  (cost=0.43..8.45 rows=1 width=490)
	        Index Cond: (id = 9910152)

table 3 : explain UPDATE sbtest3 SET c='foobar' WHERE id=8067794
	Update on sbtest3  (cost=0.43..8.45 rows=0 width=0)
	  ->  Index Scan using sbtest3_pkey on sbtest3  (cost=0.43..8.45 rows=1 width=490)
	        Index Cond: (id = 8067794)

table 4 : explain UPDATE sbtest4 SET c='foobar' WHERE id=5033890
	Update on sbtest4  (cost=0.43..8.45 rows=0 width=0)
	  ->  Index Scan using sbtest4_pkey on sbtest4  (cost=0.43..8.45 rows=1 width=490)
	        Index Cond: (id = 5033890)

table 5 : explain UPDATE sbtest5 SET c='foobar' WHERE id=2927110
	Update on sbtest5  (cost=0.43..8.45 rows=0 width=0)
	  ->  Index Scan using sbtest5_pkey on sbtest5  (cost=0.43..8.45 rows=1 width=490)
	        Index Cond: (id = 2927110)

table 6 : explain UPDATE sbtest6 SET c='foobar' WHERE id=7553551
	Update on sbtest6  (cost=0.43..8.45 rows=0 width=0)
	  ->  Index Scan using sbtest6_pkey on sbtest6  (cost=0.43..8.45 rows=1 width=490)
	        Index Cond: (id = 7553551)

table 7 : explain UPDATE sbtest7 SET c='foobar' WHERE id=7809528
	Update on sbtest7  (cost=0.43..8.45 rows=0 width=0)
	  ->  Index Scan using sbtest7_pkey on sbtest7  (cost=0.43..8.45 rows=1 width=490)
	        Index Cond: (id = 7809528)

table 8 : explain UPDATE sbtest8 SET c='foobar' WHERE id=770022
	Update on sbtest8  (cost=0.43..8.45 rows=0 width=0)
	  ->  Index Scan using sbtest8_pkey on sbtest8  (cost=0.43..8.45 rows=1 width=490)
	        Index Cond: (id = 770022)

explain: for inserts :: explain INSERT INTO sbtest%u (id, k, c, pad) VALUES (%u, 13, 'foobar', 'foobar')
explain: for deletes :: explain DELETE FROM sbtest%u WHERE id=%u
for inserts
table 1 : explain INSERT INTO sbtest1 (id, k, c, pad) VALUES (8838090, 13, 'foobar', 'foobar')
	Insert on sbtest1  (cost=0.00..0.01 rows=0 width=0)
	  ->  Result  (cost=0.00..0.01 rows=1 width=736)

table 2 : explain INSERT INTO sbtest2 (id, k, c, pad) VALUES (8229968, 13, 'foobar', 'foobar')
	Insert on sbtest2  (cost=0.00..0.01 rows=0 width=0)
	  ->  Result  (cost=0.00..0.01 rows=1 width=736)

table 3 : explain INSERT INTO sbtest3 (id, k, c, pad) VALUES (2597623, 13, 'foobar', 'foobar')
	Insert on sbtest3  (cost=0.00..0.01 rows=0 width=0)
	  ->  Result  (cost=0.00..0.01 rows=1 width=736)

table 4 : explain INSERT INTO sbtest4 (id, k, c, pad) VALUES (5521189, 13, 'foobar', 'foobar')
	Insert on sbtest4  (cost=0.00..0.01 rows=0 width=0)
	  ->  Result  (cost=0.00..0.01 rows=1 width=736)

table 5 : explain INSERT INTO sbtest5 (id, k, c, pad) VALUES (362651, 13, 'foobar', 'foobar')
	Insert on sbtest5  (cost=0.00..0.01 rows=0 width=0)
	  ->  Result  (cost=0.00..0.01 rows=1 width=736)

table 6 : explain INSERT INTO sbtest6 (id, k, c, pad) VALUES (8937669, 13, 'foobar', 'foobar')
	Insert on sbtest6  (cost=0.00..0.01 rows=0 width=0)
	  ->  Result  (cost=0.00..0.01 rows=1 width=736)

table 7 : explain INSERT INTO sbtest7 (id, k, c, pad) VALUES (8544416, 13, 'foobar', 'foobar')
	Insert on sbtest7  (cost=0.00..0.01 rows=0 width=0)
	  ->  Result  (cost=0.00..0.01 rows=1 width=736)

table 8 : explain INSERT INTO sbtest8 (id, k, c, pad) VALUES (2144401, 13, 'foobar', 'foobar')
	Insert on sbtest8  (cost=0.00..0.01 rows=0 width=0)
	  ->  Result  (cost=0.00..0.01 rows=1 width=736)

explain: for deletes :: explain DELETE FROM sbtest%u WHERE id=%u
for deletes
table 1 : explain DELETE FROM sbtest1 WHERE id=3625203
	Delete on sbtest1  (cost=0.43..8.45 rows=0 width=0)
	  ->  Index Scan using sbtest1_pkey on sbtest1  (cost=0.43..8.45 rows=1 width=6)
	        Index Cond: (id = 3625203)

table 2 : explain DELETE FROM sbtest2 WHERE id=6583289
	Delete on sbtest2  (cost=0.43..8.45 rows=0 width=0)
	  ->  Index Scan using sbtest2_pkey on sbtest2  (cost=0.43..8.45 rows=1 width=6)
	        Index Cond: (id = 6583289)

table 3 : explain DELETE FROM sbtest3 WHERE id=6588319
	Delete on sbtest3  (cost=0.43..8.45 rows=0 width=0)
	  ->  Index Scan using sbtest3_pkey on sbtest3  (cost=0.43..8.45 rows=1 width=6)
	        Index Cond: (id = 6588319)

table 4 : explain DELETE FROM sbtest4 WHERE id=1183241
	Delete on sbtest4  (cost=0.43..8.45 rows=0 width=0)
	  ->  Index Scan using sbtest4_pkey on sbtest4  (cost=0.43..8.45 rows=1 width=6)
	        Index Cond: (id = 1183241)

table 5 : explain DELETE FROM sbtest5 WHERE id=9584933
	Delete on sbtest5  (cost=0.43..8.45 rows=0 width=0)
	  ->  Index Scan using sbtest5_pkey on sbtest5  (cost=0.43..8.45 rows=1 width=6)
	        Index Cond: (id = 9584933)

table 6 : explain DELETE FROM sbtest6 WHERE id=5959977
	Delete on sbtest6  (cost=0.43..8.45 rows=0 width=0)
	  ->  Index Scan using sbtest6_pkey on sbtest6  (cost=0.43..8.45 rows=1 width=6)
	        Index Cond: (id = 5959977)

table 7 : explain DELETE FROM sbtest7 WHERE id=7031032
	Delete on sbtest7  (cost=0.43..8.45 rows=0 width=0)
	  ->  Index Scan using sbtest7_pkey on sbtest7  (cost=0.43..8.45 rows=1 width=6)
	        Index Cond: (id = 7031032)

table 8 : explain DELETE FROM sbtest8 WHERE id=5233896
	Delete on sbtest8  (cost=0.43..8.45 rows=0 width=0)
	  ->  Index Scan using sbtest8_pkey on sbtest8  (cost=0.43..8.45 rows=1 width=6)
	        Index Cond: (id = 5233896)

for inserts
table 1 : explain INSERT INTO sbtest1 (id, k, c, pad) VALUES (4994838, 13, 'foobar', 'foobar')
	Insert on sbtest1  (cost=0.00..0.01 rows=0 width=0)
	  ->  Result  (cost=0.00..0.01 rows=1 width=736)

table 2 : explain INSERT INTO sbtest2 (id, k, c, pad) VALUES (4500396, 13, 'foobar', 'foobar')
	Insert on sbtest2  (cost=0.00..0.01 rows=0 width=0)
	  ->  Result  (cost=0.00..0.01 rows=1 width=736)

table 3 : explain INSERT INTO sbtest3 (id, k, c, pad) VALUES (9375385, 13, 'foobar', 'foobar')
	Insert on sbtest3  (cost=0.00..0.01 rows=0 width=0)
	  ->  Result  (cost=0.00..0.01 rows=1 width=736)

table 4 : explain INSERT INTO sbtest4 (id, k, c, pad) VALUES (8353787, 13, 'foobar', 'foobar')
	Insert on sbtest4  (cost=0.00..0.01 rows=0 width=0)
	  ->  Result  (cost=0.00..0.01 rows=1 width=736)

table 5 : explain INSERT INTO sbtest5 (id, k, c, pad) VALUES (9283336, 13, 'foobar', 'foobar')
	Insert on sbtest5  (cost=0.00..0.01 rows=0 width=0)
	  ->  Result  (cost=0.00..0.01 rows=1 width=736)

table 6 : explain INSERT INTO sbtest6 (id, k, c, pad) VALUES (8681984, 13, 'foobar', 'foobar')
	Insert on sbtest6  (cost=0.00..0.01 rows=0 width=0)
	  ->  Result  (cost=0.00..0.01 rows=1 width=736)

table 7 : explain INSERT INTO sbtest7 (id, k, c, pad) VALUES (4239605, 13, 'foobar', 'foobar')
	Insert on sbtest7  (cost=0.00..0.01 rows=0 width=0)
	  ->  Result  (cost=0.00..0.01 rows=1 width=736)

table 8 : explain INSERT INTO sbtest8 (id, k, c, pad) VALUES (3358878, 13, 'foobar', 'foobar')
	Insert on sbtest8  (cost=0.00..0.01 rows=0 width=0)
	  ->  Result  (cost=0.00..0.01 rows=1 width=736)

for deletes
table 1 : explain DELETE FROM sbtest1 WHERE id=4269304
	Delete on sbtest1  (cost=0.43..8.45 rows=0 width=0)
	  ->  Index Scan using sbtest1_pkey on sbtest1  (cost=0.43..8.45 rows=1 width=6)
	        Index Cond: (id = 4269304)

table 2 : explain DELETE FROM sbtest2 WHERE id=646099
	Delete on sbtest2  (cost=0.43..8.45 rows=0 width=0)
	  ->  Index Scan using sbtest2_pkey on sbtest2  (cost=0.43..8.45 rows=1 width=6)
	        Index Cond: (id = 646099)

table 3 : explain DELETE FROM sbtest3 WHERE id=223790
	Delete on sbtest3  (cost=0.43..8.45 rows=0 width=0)
	  ->  Index Scan using sbtest3_pkey on sbtest3  (cost=0.43..8.45 rows=1 width=6)
	        Index Cond: (id = 223790)

table 4 : explain DELETE FROM sbtest4 WHERE id=5382864
	Delete on sbtest4  (cost=0.43..8.45 rows=0 width=0)
	  ->  Index Scan using sbtest4_pkey on sbtest4  (cost=0.43..8.45 rows=1 width=6)
	        Index Cond: (id = 5382864)

table 5 : explain DELETE FROM sbtest5 WHERE id=5601104
	Delete on sbtest5  (cost=0.43..8.45 rows=0 width=0)
	  ->  Index Scan using sbtest5_pkey on sbtest5  (cost=0.43..8.45 rows=1 width=6)
	        Index Cond: (id = 5601104)

table 6 : explain DELETE FROM sbtest6 WHERE id=1709434
	Delete on sbtest6  (cost=0.43..8.45 rows=0 width=0)
	  ->  Index Scan using sbtest6_pkey on sbtest6  (cost=0.43..8.45 rows=1 width=6)
	        Index Cond: (id = 1709434)

table 7 : explain DELETE FROM sbtest7 WHERE id=1467407
	Delete on sbtest7  (cost=0.43..8.45 rows=0 width=0)
	  ->  Index Scan using sbtest7_pkey on sbtest7  (cost=0.43..8.45 rows=1 width=6)
	        Index Cond: (id = 1467407)

table 8 : explain DELETE FROM sbtest8 WHERE id=9126237
	Delete on sbtest8  (cost=0.43..8.45 rows=0 width=0)
	  ->  Index Scan using sbtest8_pkey on sbtest8  (cost=0.43..8.45 rows=1 width=6)
	        Index Cond: (id = 9126237)

for: order_ranges
table 1 : explain SELECT c FROM sbtest1 WHERE id BETWEEN 2069369 AND 2069378 ORDER BY c
	Sort  (cost=37.20..37.22 rows=9 width=121)
	  Sort Key: c
	  ->  Index Scan using sbtest1_pkey on sbtest1  (cost=0.43..37.06 rows=9 width=121)
	        Index Cond: ((id >= 2069369) AND (id <= 2069378))

table 2 : explain SELECT c FROM sbtest2 WHERE id BETWEEN 831752 AND 831761 ORDER BY c
	Sort  (cost=44.34..44.36 rows=11 width=121)
	  Sort Key: c
	  ->  Index Scan using sbtest2_pkey on sbtest2  (cost=0.43..44.15 rows=11 width=121)
	        Index Cond: ((id >= 831752) AND (id <= 831761))

table 3 : explain SELECT c FROM sbtest3 WHERE id BETWEEN 7651762 AND 7651771 ORDER BY c
	Sort  (cost=44.22..44.25 rows=11 width=121)
	  Sort Key: c
	  ->  Index Scan using sbtest3_pkey on sbtest3  (cost=0.43..44.03 rows=11 width=121)
	        Index Cond: ((id >= 7651762) AND (id <= 7651771))

table 4 : explain SELECT c FROM sbtest4 WHERE id BETWEEN 2373601 AND 2373610 ORDER BY c
	Sort  (cost=40.43..40.46 rows=10 width=121)
	  Sort Key: c
	  ->  Index Scan using sbtest4_pkey on sbtest4  (cost=0.43..40.27 rows=10 width=121)
	        Index Cond: ((id >= 2373601) AND (id <= 2373610))

table 5 : explain SELECT c FROM sbtest5 WHERE id BETWEEN 6246334 AND 6246343 ORDER BY c
	Sort  (cost=40.78..40.81 rows=10 width=121)
	  Sort Key: c
	  ->  Index Scan using sbtest5_pkey on sbtest5  (cost=0.43..40.62 rows=10 width=121)
	        Index Cond: ((id >= 6246334) AND (id <= 6246343))

table 6 : explain SELECT c FROM sbtest6 WHERE id BETWEEN 5899341 AND 5899350 ORDER BY c
	Sort  (cost=40.55..40.58 rows=10 width=121)
	  Sort Key: c
	  ->  Index Scan using sbtest6_pkey on sbtest6  (cost=0.43..40.39 rows=10 width=121)
	        Index Cond: ((id >= 5899341) AND (id <= 5899350))

table 7 : explain SELECT c FROM sbtest7 WHERE id BETWEEN 5890375 AND 5890384 ORDER BY c
	Sort  (cost=40.47..40.49 rows=10 width=121)
	  Sort Key: c
	  ->  Index Scan using sbtest7_pkey on sbtest7  (cost=0.43..40.30 rows=10 width=121)
	        Index Cond: ((id >= 5890375) AND (id <= 5890384))

table 8 : explain SELECT c FROM sbtest8 WHERE id BETWEEN 7140903 AND 7140912 ORDER BY c
	Sort  (cost=36.94..36.96 rows=9 width=121)
	  Sort Key: c
	  ->  Index Scan using sbtest8_pkey on sbtest8  (cost=0.43..36.80 rows=9 width=121)
	        Index Cond: ((id >= 7140903) AND (id <= 7140912))

explain: for inserts :: explain INSERT INTO sbtest%u (id, k, c, pad) VALUES (%u, 13, 'foobar', 'foobar')
explain: for inserts :: explain INSERT INTO sbtest%u (id, k, c, pad) VALUES (%u, 13, 'foobar', 'foobar')
for inserts
table 1 : explain INSERT INTO sbtest1 (id, k, c, pad) VALUES (952773, 13, 'foobar', 'foobar')
	Insert on sbtest1  (cost=0.00..0.01 rows=0 width=0)
	  ->  Result  (cost=0.00..0.01 rows=1 width=736)

table 2 : explain INSERT INTO sbtest2 (id, k, c, pad) VALUES (9665167, 13, 'foobar', 'foobar')
	Insert on sbtest2  (cost=0.00..0.01 rows=0 width=0)
	  ->  Result  (cost=0.00..0.01 rows=1 width=736)

table 3 : explain INSERT INTO sbtest3 (id, k, c, pad) VALUES (6401355, 13, 'foobar', 'foobar')
	Insert on sbtest3  (cost=0.00..0.01 rows=0 width=0)
	  ->  Result  (cost=0.00..0.01 rows=1 width=736)

table 4 : explain INSERT INTO sbtest4 (id, k, c, pad) VALUES (6712002, 13, 'foobar', 'foobar')
	Insert on sbtest4  (cost=0.00..0.01 rows=0 width=0)
	  ->  Result  (cost=0.00..0.01 rows=1 width=736)

table 5 : explain INSERT INTO sbtest5 (id, k, c, pad) VALUES (8589634, 13, 'foobar', 'foobar')
	Insert on sbtest5  (cost=0.00..0.01 rows=0 width=0)
	  ->  Result  (cost=0.00..0.01 rows=1 width=736)

table 6 : explain INSERT INTO sbtest6 (id, k, c, pad) VALUES (383484, 13, 'foobar', 'foobar')
	Insert on sbtest6  (cost=0.00..0.01 rows=0 width=0)
	  ->  Result  (cost=0.00..0.01 rows=1 width=736)

table 7 : explain INSERT INTO sbtest7 (id, k, c, pad) VALUES (6282419, 13, 'foobar', 'foobar')
	Insert on sbtest7  (cost=0.00..0.01 rows=0 width=0)
	  ->  Result  (cost=0.00..0.01 rows=1 width=736)

table 8 : explain INSERT INTO sbtest8 (id, k, c, pad) VALUES (6045126, 13, 'foobar', 'foobar')
	Insert on sbtest8  (cost=0.00..0.01 rows=0 width=0)
	  ->  Result  (cost=0.00..0.01 rows=1 width=736)

for inserts
table 1 : explain INSERT INTO sbtest1 (id, k, c, pad) VALUES (8182757, 13, 'foobar', 'foobar')
	Insert on sbtest1  (cost=0.00..0.01 rows=0 width=0)
	  ->  Result  (cost=0.00..0.01 rows=1 width=736)

table 2 : explain INSERT INTO sbtest2 (id, k, c, pad) VALUES (5034727, 13, 'foobar', 'foobar')
	Insert on sbtest2  (cost=0.00..0.01 rows=0 width=0)
	  ->  Result  (cost=0.00..0.01 rows=1 width=736)

table 3 : explain INSERT INTO sbtest3 (id, k, c, pad) VALUES (3970361, 13, 'foobar', 'foobar')
	Insert on sbtest3  (cost=0.00..0.01 rows=0 width=0)
	  ->  Result  (cost=0.00..0.01 rows=1 width=736)

table 4 : explain INSERT INTO sbtest4 (id, k, c, pad) VALUES (5213893, 13, 'foobar', 'foobar')
	Insert on sbtest4  (cost=0.00..0.01 rows=0 width=0)
	  ->  Result  (cost=0.00..0.01 rows=1 width=736)

table 5 : explain INSERT INTO sbtest5 (id, k, c, pad) VALUES (2087418, 13, 'foobar', 'foobar')
	Insert on sbtest5  (cost=0.00..0.01 rows=0 width=0)
	  ->  Result  (cost=0.00..0.01 rows=1 width=736)

table 6 : explain INSERT INTO sbtest6 (id, k, c, pad) VALUES (2685229, 13, 'foobar', 'foobar')
	Insert on sbtest6  (cost=0.00..0.01 rows=0 width=0)
	  ->  Result  (cost=0.00..0.01 rows=1 width=736)

table 7 : explain INSERT INTO sbtest7 (id, k, c, pad) VALUES (7524740, 13, 'foobar', 'foobar')
	Insert on sbtest7  (cost=0.00..0.01 rows=0 width=0)
	  ->  Result  (cost=0.00..0.01 rows=1 width=736)

table 8 : explain INSERT INTO sbtest8 (id, k, c, pad) VALUES (5161337, 13, 'foobar', 'foobar')
	Insert on sbtest8  (cost=0.00..0.01 rows=0 width=0)
	  ->  Result  (cost=0.00..0.01 rows=1 width=736)

for: distinct_ranges
table 1 : explain SELECT DISTINCT c FROM sbtest1 WHERE id BETWEEN 9258091 AND 9258100 ORDER BY c
	Unique  (cost=44.40..44.45 rows=11 width=121)
	  ->  Sort  (cost=44.40..44.43 rows=11 width=121)
	        Sort Key: c
	        ->  Index Scan using sbtest1_pkey on sbtest1  (cost=0.43..44.21 rows=11 width=121)
	              Index Cond: ((id >= 9258091) AND (id <= 9258100))

table 2 : explain SELECT DISTINCT c FROM sbtest2 WHERE id BETWEEN 7685920 AND 7685929 ORDER BY c
	Unique  (cost=37.15..37.20 rows=9 width=121)
	  ->  Sort  (cost=37.15..37.17 rows=9 width=121)
	        Sort Key: c
	        ->  Index Scan using sbtest2_pkey on sbtest2  (cost=0.43..37.01 rows=9 width=121)
	              Index Cond: ((id >= 7685920) AND (id <= 7685929))

table 3 : explain SELECT DISTINCT c FROM sbtest3 WHERE id BETWEEN 3271852 AND 3271861 ORDER BY c
	Unique  (cost=44.22..44.28 rows=11 width=121)
	  ->  Sort  (cost=44.22..44.25 rows=11 width=121)
	        Sort Key: c
	        ->  Index Scan using sbtest3_pkey on sbtest3  (cost=0.43..44.03 rows=11 width=121)
	              Index Cond: ((id >= 3271852) AND (id <= 3271861))

table 4 : explain SELECT DISTINCT c FROM sbtest4 WHERE id BETWEEN 5875555 AND 5875564 ORDER BY c
	Unique  (cost=36.87..36.92 rows=9 width=121)
	  ->  Sort  (cost=36.87..36.90 rows=9 width=121)
	        Sort Key: c
	        ->  Index Scan using sbtest4_pkey on sbtest4  (cost=0.43..36.73 rows=9 width=121)
	              Index Cond: ((id >= 5875555) AND (id <= 5875564))

table 5 : explain SELECT DISTINCT c FROM sbtest5 WHERE id BETWEEN 9703302 AND 9703311 ORDER BY c
	Unique  (cost=40.78..40.83 rows=10 width=121)
	  ->  Sort  (cost=40.78..40.81 rows=10 width=121)
	        Sort Key: c
	        ->  Index Scan using sbtest5_pkey on sbtest5  (cost=0.43..40.62 rows=10 width=121)
	              Index Cond: ((id >= 9703302) AND (id <= 9703311))

table 6 : explain SELECT DISTINCT c FROM sbtest6 WHERE id BETWEEN 1645237 AND 1645246 ORDER BY c
	Unique  (cost=40.55..40.60 rows=10 width=121)
	  ->  Sort  (cost=40.55..40.58 rows=10 width=121)
	        Sort Key: c
	        ->  Index Scan using sbtest6_pkey on sbtest6  (cost=0.43..40.39 rows=10 width=121)
	              Index Cond: ((id >= 1645237) AND (id <= 1645246))

table 7 : explain SELECT DISTINCT c FROM sbtest7 WHERE id BETWEEN 696462 AND 696471 ORDER BY c
	Unique  (cost=44.03..44.08 rows=11 width=121)
	  ->  Sort  (cost=44.03..44.06 rows=11 width=121)
	        Sort Key: c
	        ->  Index Scan using sbtest7_pkey on sbtest7  (cost=0.43..43.84 rows=11 width=121)
	              Index Cond: ((id >= 696462) AND (id <= 696471))

table 8 : explain SELECT DISTINCT c FROM sbtest8 WHERE id BETWEEN 6513124 AND 6513133 ORDER BY c
	Unique  (cost=40.51..40.56 rows=10 width=121)
	  ->  Sort  (cost=40.51..40.53 rows=10 width=121)
	        Sort Key: c
	        ->  Index Scan using sbtest8_pkey on sbtest8  (cost=0.43..40.34 rows=10 width=121)
	              Index Cond: ((id >= 6513124) AND (id <= 6513133))

explain: for deletes :: explain DELETE FROM sbtest%u WHERE id=%u
explain: for index_updates :: explain UPDATE sbtest%u SET k=k+1 WHERE id=%u
for deletes
table 1 : explain DELETE FROM sbtest1 WHERE id=6596960
	Delete on sbtest1  (cost=0.43..8.45 rows=0 width=0)
	  ->  Index Scan using sbtest1_pkey on sbtest1  (cost=0.43..8.45 rows=1 width=6)
	        Index Cond: (id = 6596960)

table 2 : explain DELETE FROM sbtest2 WHERE id=3265503
	Delete on sbtest2  (cost=0.43..8.45 rows=0 width=0)
	  ->  Index Scan using sbtest2_pkey on sbtest2  (cost=0.43..8.45 rows=1 width=6)
	        Index Cond: (id = 3265503)

table 3 : explain DELETE FROM sbtest3 WHERE id=7594101
	Delete on sbtest3  (cost=0.43..8.45 rows=0 width=0)
	  ->  Index Scan using sbtest3_pkey on sbtest3  (cost=0.43..8.45 rows=1 width=6)
	        Index Cond: (id = 7594101)

table 4 : explain DELETE FROM sbtest4 WHERE id=4340225
	Delete on sbtest4  (cost=0.43..8.45 rows=0 width=0)
	  ->  Index Scan using sbtest4_pkey on sbtest4  (cost=0.43..8.45 rows=1 width=6)
	        Index Cond: (id = 4340225)

table 5 : explain DELETE FROM sbtest5 WHERE id=3058551
	Delete on sbtest5  (cost=0.43..8.45 rows=0 width=0)
	  ->  Index Scan using sbtest5_pkey on sbtest5  (cost=0.43..8.45 rows=1 width=6)
	        Index Cond: (id = 3058551)

table 6 : explain DELETE FROM sbtest6 WHERE id=677314
	Delete on sbtest6  (cost=0.43..8.45 rows=0 width=0)
	  ->  Index Scan using sbtest6_pkey on sbtest6  (cost=0.43..8.45 rows=1 width=6)
	        Index Cond: (id = 677314)

table 7 : explain DELETE FROM sbtest7 WHERE id=417390
	Delete on sbtest7  (cost=0.43..8.45 rows=0 width=0)
	  ->  Index Scan using sbtest7_pkey on sbtest7  (cost=0.43..8.45 rows=1 width=6)
	        Index Cond: (id = 417390)

table 8 : explain DELETE FROM sbtest8 WHERE id=9676667
	Delete on sbtest8  (cost=0.43..8.45 rows=0 width=0)
	  ->  Index Scan using sbtest8_pkey on sbtest8  (cost=0.43..8.45 rows=1 width=6)
	        Index Cond: (id = 9676667)

for index_updates
table 1 : explain UPDATE sbtest1 SET k=k+1 WHERE id=3771818
	Update on sbtest1  (cost=0.43..8.46 rows=0 width=0)
	  ->  Index Scan using sbtest1_pkey on sbtest1  (cost=0.43..8.46 rows=1 width=10)
	        Index Cond: (id = 3771818)

table 2 : explain UPDATE sbtest2 SET k=k+1 WHERE id=6705725
	Update on sbtest2  (cost=0.43..8.46 rows=0 width=0)
	  ->  Index Scan using sbtest2_pkey on sbtest2  (cost=0.43..8.46 rows=1 width=10)
	        Index Cond: (id = 6705725)

table 3 : explain UPDATE sbtest3 SET k=k+1 WHERE id=9447654
	Update on sbtest3  (cost=0.43..8.46 rows=0 width=0)
	  ->  Index Scan using sbtest3_pkey on sbtest3  (cost=0.43..8.46 rows=1 width=10)
	        Index Cond: (id = 9447654)

table 4 : explain UPDATE sbtest4 SET k=k+1 WHERE id=6268299
	Update on sbtest4  (cost=0.43..8.46 rows=0 width=0)
	  ->  Index Scan using sbtest4_pkey on sbtest4  (cost=0.43..8.46 rows=1 width=10)
	        Index Cond: (id = 6268299)

table 5 : explain UPDATE sbtest5 SET k=k+1 WHERE id=5502548
	Update on sbtest5  (cost=0.43..8.46 rows=0 width=0)
	  ->  Index Scan using sbtest5_pkey on sbtest5  (cost=0.43..8.46 rows=1 width=10)
	        Index Cond: (id = 5502548)

table 6 : explain UPDATE sbtest6 SET k=k+1 WHERE id=7563010
	Update on sbtest6  (cost=0.43..8.46 rows=0 width=0)
	  ->  Index Scan using sbtest6_pkey on sbtest6  (cost=0.43..8.46 rows=1 width=10)
	        Index Cond: (id = 7563010)

table 7 : explain UPDATE sbtest7 SET k=k+1 WHERE id=4810858
	Update on sbtest7  (cost=0.43..8.46 rows=0 width=0)
	  ->  Index Scan using sbtest7_pkey on sbtest7  (cost=0.43..8.46 rows=1 width=10)
	        Index Cond: (id = 4810858)

table 8 : explain UPDATE sbtest8 SET k=k+1 WHERE id=1645465
	Update on sbtest8  (cost=0.43..8.46 rows=0 width=0)
	  ->  Index Scan using sbtest8_pkey on sbtest8  (cost=0.43..8.46 rows=1 width=10)
	        Index Cond: (id = 1645465)

explain: for inserts :: explain INSERT INTO sbtest%u (id, k, c, pad) VALUES (%u, 13, 'foobar', 'foobar')
explain: for non_index_updates :: explain UPDATE sbtest%u SET c='foobar' WHERE id=%u
for inserts
table 1 : explain INSERT INTO sbtest1 (id, k, c, pad) VALUES (4250633, 13, 'foobar', 'foobar')
	Insert on sbtest1  (cost=0.00..0.01 rows=0 width=0)
	  ->  Result  (cost=0.00..0.01 rows=1 width=736)

table 2 : explain INSERT INTO sbtest2 (id, k, c, pad) VALUES (6771035, 13, 'foobar', 'foobar')
	Insert on sbtest2  (cost=0.00..0.01 rows=0 width=0)
	  ->  Result  (cost=0.00..0.01 rows=1 width=736)

table 3 : explain INSERT INTO sbtest3 (id, k, c, pad) VALUES (3164581, 13, 'foobar', 'foobar')
	Insert on sbtest3  (cost=0.00..0.01 rows=0 width=0)
	  ->  Result  (cost=0.00..0.01 rows=1 width=736)

table 4 : explain INSERT INTO sbtest4 (id, k, c, pad) VALUES (2572833, 13, 'foobar', 'foobar')
	Insert on sbtest4  (cost=0.00..0.01 rows=0 width=0)
	  ->  Result  (cost=0.00..0.01 rows=1 width=736)

table 5 : explain INSERT INTO sbtest5 (id, k, c, pad) VALUES (8949145, 13, 'foobar', 'foobar')
	Insert on sbtest5  (cost=0.00..0.01 rows=0 width=0)
	  ->  Result  (cost=0.00..0.01 rows=1 width=736)

table 6 : explain INSERT INTO sbtest6 (id, k, c, pad) VALUES (7297547, 13, 'foobar', 'foobar')
	Insert on sbtest6  (cost=0.00..0.01 rows=0 width=0)
	  ->  Result  (cost=0.00..0.01 rows=1 width=736)

table 7 : explain INSERT INTO sbtest7 (id, k, c, pad) VALUES (9847683, 13, 'foobar', 'foobar')
	Insert on sbtest7  (cost=0.00..0.01 rows=0 width=0)
	  ->  Result  (cost=0.00..0.01 rows=1 width=736)

table 8 : explain INSERT INTO sbtest8 (id, k, c, pad) VALUES (5694504, 13, 'foobar', 'foobar')
	Insert on sbtest8  (cost=0.00..0.01 rows=0 width=0)
	  ->  Result  (cost=0.00..0.01 rows=1 width=736)

for non_index_updates
table 1 : explain UPDATE sbtest1 SET c='foobar' WHERE id=7315893
	Update on sbtest1  (cost=0.43..8.45 rows=0 width=0)
	  ->  Index Scan using sbtest1_pkey on sbtest1  (cost=0.43..8.45 rows=1 width=490)
	        Index Cond: (id = 7315893)

table 2 : explain UPDATE sbtest2 SET c='foobar' WHERE id=3144927
	Update on sbtest2  (cost=0.43..8.45 rows=0 width=0)
	  ->  Index Scan using sbtest2_pkey on sbtest2  (cost=0.43..8.45 rows=1 width=490)
	        Index Cond: (id = 3144927)

table 3 : explain UPDATE sbtest3 SET c='foobar' WHERE id=8585070
	Update on sbtest3  (cost=0.43..8.45 rows=0 width=0)
	  ->  Index Scan using sbtest3_pkey on sbtest3  (cost=0.43..8.45 rows=1 width=490)
	        Index Cond: (id = 8585070)

table 4 : explain UPDATE sbtest4 SET c='foobar' WHERE id=4534140
	Update on sbtest4  (cost=0.43..8.45 rows=0 width=0)
	  ->  Index Scan using sbtest4_pkey on sbtest4  (cost=0.43..8.45 rows=1 width=490)
	        Index Cond: (id = 4534140)

table 5 : explain UPDATE sbtest5 SET c='foobar' WHERE id=2921063
	Update on sbtest5  (cost=0.43..8.45 rows=0 width=0)
	  ->  Index Scan using sbtest5_pkey on sbtest5  (cost=0.43..8.45 rows=1 width=490)
	        Index Cond: (id = 2921063)

table 6 : explain UPDATE sbtest6 SET c='foobar' WHERE id=7898483
	Update on sbtest6  (cost=0.43..8.45 rows=0 width=0)
	  ->  Index Scan using sbtest6_pkey on sbtest6  (cost=0.43..8.45 rows=1 width=490)
	        Index Cond: (id = 7898483)

table 7 : explain UPDATE sbtest7 SET c='foobar' WHERE id=9934957
	Update on sbtest7  (cost=0.43..8.45 rows=0 width=0)
	  ->  Index Scan using sbtest7_pkey on sbtest7  (cost=0.43..8.45 rows=1 width=490)
	        Index Cond: (id = 9934957)

table 8 : explain UPDATE sbtest8 SET c='foobar' WHERE id=3123582
	Update on sbtest8  (cost=0.43..8.45 rows=0 width=0)
	  ->  Index Scan using sbtest8_pkey on sbtest8  (cost=0.43..8.45 rows=1 width=490)
	        Index Cond: (id = 3123582)

explain: for deletes :: explain DELETE FROM sbtest%u WHERE id=%u
for deletes
table 1 : explain DELETE FROM sbtest1 WHERE id=3035986
	Delete on sbtest1  (cost=0.43..8.45 rows=0 width=0)
	  ->  Index Scan using sbtest1_pkey on sbtest1  (cost=0.43..8.45 rows=1 width=6)
	        Index Cond: (id = 3035986)

table 2 : explain DELETE FROM sbtest2 WHERE id=1848757
	Delete on sbtest2  (cost=0.43..8.45 rows=0 width=0)
	  ->  Index Scan using sbtest2_pkey on sbtest2  (cost=0.43..8.45 rows=1 width=6)
	        Index Cond: (id = 1848757)

table 3 : explain DELETE FROM sbtest3 WHERE id=9658396
	Delete on sbtest3  (cost=0.43..8.45 rows=0 width=0)
	  ->  Index Scan using sbtest3_pkey on sbtest3  (cost=0.43..8.45 rows=1 width=6)
	        Index Cond: (id = 9658396)

table 4 : explain DELETE FROM sbtest4 WHERE id=6417829
	Delete on sbtest4  (cost=0.43..8.45 rows=0 width=0)
	  ->  Index Scan using sbtest4_pkey on sbtest4  (cost=0.43..8.45 rows=1 width=6)
	        Index Cond: (id = 6417829)

table 5 : explain DELETE FROM sbtest5 WHERE id=5503943
	Delete on sbtest5  (cost=0.43..8.45 rows=0 width=0)
	  ->  Index Scan using sbtest5_pkey on sbtest5  (cost=0.43..8.45 rows=1 width=6)
	        Index Cond: (id = 5503943)

table 6 : explain DELETE FROM sbtest6 WHERE id=64506
	Delete on sbtest6  (cost=0.43..8.45 rows=0 width=0)
	  ->  Index Scan using sbtest6_pkey on sbtest6  (cost=0.43..8.45 rows=1 width=6)
	        Index Cond: (id = 64506)

table 7 : explain DELETE FROM sbtest7 WHERE id=4095247
	Delete on sbtest7  (cost=0.43..8.45 rows=0 width=0)
	  ->  Index Scan using sbtest7_pkey on sbtest7  (cost=0.43..8.45 rows=1 width=6)
	        Index Cond: (id = 4095247)

table 8 : explain DELETE FROM sbtest8 WHERE id=6312565
	Delete on sbtest8  (cost=0.43..8.45 rows=0 width=0)
	  ->  Index Scan using sbtest8_pkey on sbtest8  (cost=0.43..8.45 rows=1 width=6)
	        Index Cond: (id = 6312565)

for deletes
table 1 : explain DELETE FROM sbtest1 WHERE id=3025518
	Delete on sbtest1  (cost=0.43..8.45 rows=0 width=0)
	  ->  Index Scan using sbtest1_pkey on sbtest1  (cost=0.43..8.45 rows=1 width=6)
	        Index Cond: (id = 3025518)

table 2 : explain DELETE FROM sbtest2 WHERE id=2739476
	Delete on sbtest2  (cost=0.43..8.45 rows=0 width=0)
	  ->  Index Scan using sbtest2_pkey on sbtest2  (cost=0.43..8.45 rows=1 width=6)
	        Index Cond: (id = 2739476)

table 3 : explain DELETE FROM sbtest3 WHERE id=4431592
	Delete on sbtest3  (cost=0.43..8.45 rows=0 width=0)
	  ->  Index Scan using sbtest3_pkey on sbtest3  (cost=0.43..8.45 rows=1 width=6)
	        Index Cond: (id = 4431592)

table 4 : explain DELETE FROM sbtest4 WHERE id=2420462
	Delete on sbtest4  (cost=0.43..8.45 rows=0 width=0)
	  ->  Index Scan using sbtest4_pkey on sbtest4  (cost=0.43..8.45 rows=1 width=6)
	        Index Cond: (id = 2420462)

table 5 : explain DELETE FROM sbtest5 WHERE id=4166213
	Delete on sbtest5  (cost=0.43..8.45 rows=0 width=0)
	  ->  Index Scan using sbtest5_pkey on sbtest5  (cost=0.43..8.45 rows=1 width=6)
	        Index Cond: (id = 4166213)

table 6 : explain DELETE FROM sbtest6 WHERE id=3840990
	Delete on sbtest6  (cost=0.43..8.45 rows=0 width=0)
	  ->  Index Scan using sbtest6_pkey on sbtest6  (cost=0.43..8.45 rows=1 width=6)
	        Index Cond: (id = 3840990)

table 7 : explain DELETE FROM sbtest7 WHERE id=738819
	Delete on sbtest7  (cost=0.43..8.45 rows=0 width=0)
	  ->  Index Scan using sbtest7_pkey on sbtest7  (cost=0.43..8.45 rows=1 width=6)
	        Index Cond: (id = 738819)

table 8 : explain DELETE FROM sbtest8 WHERE id=3204734
	Delete on sbtest8  (cost=0.43..8.45 rows=0 width=0)
	  ->  Index Scan using sbtest8_pkey on sbtest8  (cost=0.43..8.45 rows=1 width=6)
	        Index Cond: (id = 3204734)

explain: for inserts :: explain INSERT INTO sbtest%u (id, k, c, pad) VALUES (%u, 13, 'foobar', 'foobar')
explain: for inserts :: explain INSERT INTO sbtest%u (id, k, c, pad) VALUES (%u, 13, 'foobar', 'foobar')
for inserts
table 1 : explain INSERT INTO sbtest1 (id, k, c, pad) VALUES (2539915, 13, 'foobar', 'foobar')
	Insert on sbtest1  (cost=0.00..0.01 rows=0 width=0)
	  ->  Result  (cost=0.00..0.01 rows=1 width=736)

table 2 : explain INSERT INTO sbtest2 (id, k, c, pad) VALUES (8555011, 13, 'foobar', 'foobar')
	Insert on sbtest2  (cost=0.00..0.01 rows=0 width=0)
	  ->  Result  (cost=0.00..0.01 rows=1 width=736)

table 3 : explain INSERT INTO sbtest3 (id, k, c, pad) VALUES (3272858, 13, 'foobar', 'foobar')
	Insert on sbtest3  (cost=0.00..0.01 rows=0 width=0)
	  ->  Result  (cost=0.00..0.01 rows=1 width=736)

table 4 : explain INSERT INTO sbtest4 (id, k, c, pad) VALUES (562303, 13, 'foobar', 'foobar')
	Insert on sbtest4  (cost=0.00..0.01 rows=0 width=0)
	  ->  Result  (cost=0.00..0.01 rows=1 width=736)

table 5 : explain INSERT INTO sbtest5 (id, k, c, pad) VALUES (9373606, 13, 'foobar', 'foobar')
	Insert on sbtest5  (cost=0.00..0.01 rows=0 width=0)
	  ->  Result  (cost=0.00..0.01 rows=1 width=736)

table 6 : explain INSERT INTO sbtest6 (id, k, c, pad) VALUES (6825927, 13, 'foobar', 'foobar')
	Insert on sbtest6  (cost=0.00..0.01 rows=0 width=0)
	  ->  Result  (cost=0.00..0.01 rows=1 width=736)

table 7 : explain INSERT INTO sbtest7 (id, k, c, pad) VALUES (3067449, 13, 'foobar', 'foobar')
	Insert on sbtest7  (cost=0.00..0.01 rows=0 width=0)
	  ->  Result  (cost=0.00..0.01 rows=1 width=736)

table 8 : explain INSERT INTO sbtest8 (id, k, c, pad) VALUES (6046386, 13, 'foobar', 'foobar')
	Insert on sbtest8  (cost=0.00..0.01 rows=0 width=0)
	  ->  Result  (cost=0.00..0.01 rows=1 width=736)

for inserts
table 1 : explain INSERT INTO sbtest1 (id, k, c, pad) VALUES (4857080, 13, 'foobar', 'foobar')
	Insert on sbtest1  (cost=0.00..0.01 rows=0 width=0)
	  ->  Result  (cost=0.00..0.01 rows=1 width=736)

table 2 : explain INSERT INTO sbtest2 (id, k, c, pad) VALUES (5675908, 13, 'foobar', 'foobar')
	Insert on sbtest2  (cost=0.00..0.01 rows=0 width=0)
	  ->  Result  (cost=0.00..0.01 rows=1 width=736)

table 3 : explain INSERT INTO sbtest3 (id, k, c, pad) VALUES (874623, 13, 'foobar', 'foobar')
	Insert on sbtest3  (cost=0.00..0.01 rows=0 width=0)
	  ->  Result  (cost=0.00..0.01 rows=1 width=736)

table 4 : explain INSERT INTO sbtest4 (id, k, c, pad) VALUES (7579973, 13, 'foobar', 'foobar')
	Insert on sbtest4  (cost=0.00..0.01 rows=0 width=0)
	  ->  Result  (cost=0.00..0.01 rows=1 width=736)

table 5 : explain INSERT INTO sbtest5 (id, k, c, pad) VALUES (1313012, 13, 'foobar', 'foobar')
	Insert on sbtest5  (cost=0.00..0.01 rows=0 width=0)
	  ->  Result  (cost=0.00..0.01 rows=1 width=736)

table 6 : explain INSERT INTO sbtest6 (id, k, c, pad) VALUES (797150, 13, 'foobar', 'foobar')
	Insert on sbtest6  (cost=0.00..0.01 rows=0 width=0)
	  ->  Result  (cost=0.00..0.01 rows=1 width=736)

table 7 : explain INSERT INTO sbtest7 (id, k, c, pad) VALUES (2364389, 13, 'foobar', 'foobar')
	Insert on sbtest7  (cost=0.00..0.01 rows=0 width=0)
	  ->  Result  (cost=0.00..0.01 rows=1 width=736)

table 8 : explain INSERT INTO sbtest8 (id, k, c, pad) VALUES (7206830, 13, 'foobar', 'foobar')
	Insert on sbtest8  (cost=0.00..0.01 rows=0 width=0)
	  ->  Result  (cost=0.00..0.01 rows=1 width=736)

Threads started!

Warming up for 5 seconds...

SQL statistics:
    queries performed:
        read:                            465743798
        write:                           133069733
        other:                           66534847
        total:                           665348378
    transactions:                        33267439 (35771.12 per sec.)
    queries:                             665348378 (715421.92 per sec.)
    ignored errors:                      3      (0.00 per sec.)
    reconnects:                          0      (0.00 per sec.)

Throughput:
    events/s (eps):                      35771.1177
    time elapsed:                        930.0086s
    total number of events:              33267439

Latency (ms):
         min:                                    0.91
         avg:                                    1.12
         max:                                   95.39
         95th percentile:                        1.42
         sum:                             37165736.70

Threads fairness:
    events (avg/stddev):           831685.5750/6908.57
    execution time (avg/stddev):   929.1434/0.01

