LUA_PATH=/home/mdcallag/git/mytools/bench/sysbench.lua/lua/?.lua /home/mdcallag/git/mytools/bench/sysbench.lua/lua/sysbench --db-driver=pgsql --range-size=100 --table-size=10000000 --tables=8 --threads=40 --events=0 --warmup-time=5 --time=630 --pgsql_conn_id=true /home/mdcallag/git/mytools/bench/sysbench.lua/lua/oltp_point_select.lua run --pgsql-user=root --pgsql-password=pw --pgsql-host=127.0.0.1 --pgsql-db=ib --rand-type=uniform --skip-trx
48 CPUs
sysbench 1.1.0-9072687 (using bundled LuaJIT 2.1.0-beta3)

Running the test with following options:
Number of threads: 40
Warmup time: 5s
Initializing random number generator from current time


Initializing worker threads...

explain: for point_selects :: explain SELECT c FROM sbtest%u WHERE id=%u
explain: for point_selects :: explain SELECT c FROM sbtest%u WHERE id=%u
explain: for point_selects :: explain SELECT c FROM sbtest%u WHERE id=%uexplain: for point_selects :: explain SELECT c FROM sbtest%u WHERE id=%u
explain: for point_selects :: explain SELECT c FROM sbtest%u WHERE id=%uexplain: for point_selects :: explain SELECT c FROM sbtest%u WHERE id=%u
explain: for point_selects :: explain SELECT c FROM sbtest%u WHERE id=%u
explain: for point_selects :: explain SELECT c FROM sbtest%u WHERE id=%u
explain: for point_selects :: explain SELECT c FROM sbtest%u WHERE id=%u

explain: for point_selects :: explain SELECT c FROM sbtest%u WHERE id=%u

explain: for point_selects :: explain SELECT c FROM sbtest%u WHERE id=%u
explain: for point_selects :: explain SELECT c FROM sbtest%u WHERE id=%u
explain: for point_selects :: explain SELECT c FROM sbtest%u WHERE id=%u
explain: for point_selects :: explain SELECT c FROM sbtest%u WHERE id=%u
explain: for point_selects :: explain SELECT c FROM sbtest%u WHERE id=%u
explain: for point_selects :: explain SELECT c FROM sbtest%u WHERE id=%u
explain: for point_selects :: explain SELECT c FROM sbtest%u WHERE id=%u
explain: for point_selects :: explain SELECT c FROM sbtest%u WHERE id=%u
explain: for point_selects :: explain SELECT c FROM sbtest%u WHERE id=%u
explain: for point_selects :: explain SELECT c FROM sbtest%u WHERE id=%u
explain: for point_selects :: explain SELECT c FROM sbtest%u WHERE id=%u
explain: for point_selects :: explain SELECT c FROM sbtest%u WHERE id=%u
for point_selects
table 1 : explain SELECT c FROM sbtest1 WHERE id=5517286
	Index Scan using sbtest1_pkey on sbtest1  (cost=0.43..8.45 rows=1 width=121)
	  Index Cond: (id = 5517286)

table 2 : explain SELECT c FROM sbtest2 WHERE id=3087017
	Index Scan using sbtest2_pkey on sbtest2  (cost=0.43..8.45 rows=1 width=121)
	  Index Cond: (id = 3087017)

table 3 : explain SELECT c FROM sbtest3 WHERE id=5211654
	Index Scan using sbtest3_pkey on sbtest3  (cost=0.43..8.45 rows=1 width=121)
	  Index Cond: (id = 5211654)

table 4 : explain SELECT c FROM sbtest4 WHERE id=9688490
	Index Scan using sbtest4_pkey on sbtest4  (cost=0.43..8.45 rows=1 width=121)
	  Index Cond: (id = 9688490)

table 5 : explain SELECT c FROM sbtest5 WHERE id=679686
	Index Scan using sbtest5_pkey on sbtest5  (cost=0.43..8.45 rows=1 width=121)
	  Index Cond: (id = 679686)

table 6 : explain SELECT c FROM sbtest6 WHERE id=6164740
	Index Scan using sbtest6_pkey on sbtest6  (cost=0.43..8.45 rows=1 width=121)
	  Index Cond: (id = 6164740)

table 7 : explain SELECT c FROM sbtest7 WHERE id=121780
	Index Scan using sbtest7_pkey on sbtest7  (cost=0.43..8.45 rows=1 width=121)
	  Index Cond: (id = 121780)

table 8 : explain SELECT c FROM sbtest8 WHERE id=9165720
	Index Scan using sbtest8_pkey on sbtest8  (cost=0.43..8.45 rows=1 width=121)
	  Index Cond: (id = 9165720)

for point_selects
table 1 : explain SELECT c FROM sbtest1 WHERE id=7447716
	Index Scan using sbtest1_pkey on sbtest1  (cost=0.43..8.45 rows=1 width=121)
	  Index Cond: (id = 7447716)

table 2 : explain SELECT c FROM sbtest2 WHERE id=338782
	Index Scan using sbtest2_pkey on sbtest2  (cost=0.43..8.45 rows=1 width=121)
	  Index Cond: (id = 338782)

table 3 : explain SELECT c FROM sbtest3 WHERE id=1045827
	Index Scan using sbtest3_pkey on sbtest3  (cost=0.43..8.45 rows=1 width=121)
	  Index Cond: (id = 1045827)

table 4 : explain SELECT c FROM sbtest4 WHERE id=782224
	Index Scan using sbtest4_pkey on sbtest4  (cost=0.43..8.45 rows=1 width=121)
	  Index Cond: (id = 782224)

table 5 : explain SELECT c FROM sbtest5 WHERE id=9680714
	Index Scan using sbtest5_pkey on sbtest5  (cost=0.43..8.45 rows=1 width=121)
	  Index Cond: (id = 9680714)

table 6 : explain SELECT c FROM sbtest6 WHERE id=7719440
	Index Scan using sbtest6_pkey on sbtest6  (cost=0.43..8.45 rows=1 width=121)
	  Index Cond: (id = 7719440)

table 7 : explain SELECT c FROM sbtest7 WHERE id=5237234
	Index Scan using sbtest7_pkey on sbtest7  (cost=0.43..8.45 rows=1 width=121)
	  Index Cond: (id = 5237234)

table 8 : explain SELECT c FROM sbtest8 WHERE id=7802840
	Index Scan using sbtest8_pkey on sbtest8  (cost=0.43..8.45 rows=1 width=121)
	  Index Cond: (id = 7802840)

explain: for point_selects :: explain SELECT c FROM sbtest%u WHERE id=%u
explain: for point_selects :: explain SELECT c FROM sbtest%u WHERE id=%u
explain: for point_selects :: explain SELECT c FROM sbtest%u WHERE id=%u
explain: for point_selects :: explain SELECT c FROM sbtest%u WHERE id=%u
explain: for point_selects :: explain SELECT c FROM sbtest%u WHERE id=%u
for point_selects
table 1 : explain SELECT c FROM sbtest1 WHERE id=5092671
	Index Scan using sbtest1_pkey on sbtest1  (cost=0.43..8.45 rows=1 width=121)
	  Index Cond: (id = 5092671)

table 2 : explain SELECT c FROM sbtest2 WHERE id=2910529
	Index Scan using sbtest2_pkey on sbtest2  (cost=0.43..8.45 rows=1 width=121)
	  Index Cond: (id = 2910529)

table 3 : explain SELECT c FROM sbtest3 WHERE id=3324596
	Index Scan using sbtest3_pkey on sbtest3  (cost=0.43..8.45 rows=1 width=121)
	  Index Cond: (id = 3324596)

table 4 : explain SELECT c FROM sbtest4 WHERE id=4823123
	Index Scan using sbtest4_pkey on sbtest4  (cost=0.43..8.45 rows=1 width=121)
	  Index Cond: (id = 4823123)

table 5 : explain SELECT c FROM sbtest5 WHERE id=889447
	Index Scan using sbtest5_pkey on sbtest5  (cost=0.43..8.45 rows=1 width=121)
	  Index Cond: (id = 889447)

table 6 : explain SELECT c FROM sbtest6 WHERE id=9463315
	Index Scan using sbtest6_pkey on sbtest6  (cost=0.43..8.45 rows=1 width=121)
	  Index Cond: (id = 9463315)

table 7 : explain SELECT c FROM sbtest7 WHERE id=545570
	Index Scan using sbtest7_pkey on sbtest7  (cost=0.43..8.45 rows=1 width=121)
	  Index Cond: (id = 545570)

table 8 : explain SELECT c FROM sbtest8 WHERE id=5407937
	Index Scan using sbtest8_pkey on sbtest8  (cost=0.43..8.45 rows=1 width=121)
	  Index Cond: (id = 5407937)

for point_selects
table 1 : explain SELECT c FROM sbtest1 WHERE id=7173682
	Index Scan using sbtest1_pkey on sbtest1  (cost=0.43..8.45 rows=1 width=121)
	  Index Cond: (id = 7173682)

table 2 : explain SELECT c FROM sbtest2 WHERE id=4054329
	Index Scan using sbtest2_pkey on sbtest2  (cost=0.43..8.45 rows=1 width=121)
	  Index Cond: (id = 4054329)

table 3 : explain SELECT c FROM sbtest3 WHERE id=6537495
	Index Scan using sbtest3_pkey on sbtest3  (cost=0.43..8.45 rows=1 width=121)
	  Index Cond: (id = 6537495)

table 4 : explain SELECT c FROM sbtest4 WHERE id=4448550
	Index Scan using sbtest4_pkey on sbtest4  (cost=0.43..8.45 rows=1 width=121)
	  Index Cond: (id = 4448550)

table 5 : explain SELECT c FROM sbtest5 WHERE id=5660541
	Index Scan using sbtest5_pkey on sbtest5  (cost=0.43..8.45 rows=1 width=121)
	  Index Cond: (id = 5660541)

table 6 : explain SELECT c FROM sbtest6 WHERE id=2636303
	Index Scan using sbtest6_pkey on sbtest6  (cost=0.43..8.45 rows=1 width=121)
	  Index Cond: (id = 2636303)

table 7 : explain SELECT c FROM sbtest7 WHERE id=7701482
	Index Scan using sbtest7_pkey on sbtest7  (cost=0.43..8.45 rows=1 width=121)
	  Index Cond: (id = 7701482)

table 8 : explain SELECT c FROM sbtest8 WHERE id=1842021
	Index Scan using sbtest8_pkey on sbtest8  (cost=0.43..8.45 rows=1 width=121)
	  Index Cond: (id = 1842021)
explain: for point_selects :: explain SELECT c FROM sbtest%u WHERE id=%u
for point_selects
table 1 : explain SELECT c FROM sbtest1 WHERE id=5578741
	Index Scan using sbtest1_pkey on sbtest1  (cost=0.43..8.45 rows=1 width=121)
	  Index Cond: (id = 5578741)

table 2 : explain SELECT c FROM sbtest2 WHERE id=3702143
	Index Scan using sbtest2_pkey on sbtest2  (cost=0.43..8.45 rows=1 width=121)
	  Index Cond: (id = 3702143)

table 3 : explain SELECT c FROM sbtest3 WHERE id=9040283
	Index Scan using sbtest3_pkey on sbtest3  (cost=0.43..8.45 rows=1 width=121)
	  Index Cond: (id = 9040283)

table 4 : explain SELECT c FROM sbtest4 WHERE id=1738736
	Index Scan using sbtest4_pkey on sbtest4  (cost=0.43..8.45 rows=1 width=121)
	  Index Cond: (id = 1738736)

table 5 : explain SELECT c FROM sbtest5 WHERE id=4907684
	Index Scan using sbtest5_pkey on sbtest5  (cost=0.43..8.45 rows=1 width=121)
	  Index Cond: (id = 4907684)

table 6 : explain SELECT c FROM sbtest6 WHERE id=1295486
	Index Scan using sbtest6_pkey on sbtest6  (cost=0.43..8.45 rows=1 width=121)
	  Index Cond: (id = 1295486)

table 7 : explain SELECT c FROM sbtest7 WHERE id=1346538
	Index Scan using sbtest7_pkey on sbtest7  (cost=0.43..8.45 rows=1 width=121)
	  Index Cond: (id = 1346538)

table 8 : explain SELECT c FROM sbtest8 WHERE id=4308961
	Index Scan using sbtest8_pkey on sbtest8  (cost=0.43..8.45 rows=1 width=121)
	  Index Cond: (id = 4308961)

for point_selects
table 1 : explain SELECT c FROM sbtest1 WHERE id=2542382
	Index Scan using sbtest1_pkey on sbtest1  (cost=0.43..8.45 rows=1 width=121)
	  Index Cond: (id = 2542382)

table 2 : explain SELECT c FROM sbtest2 WHERE id=7691307
	Index Scan using sbtest2_pkey on sbtest2  (cost=0.43..8.45 rows=1 width=121)
	  Index Cond: (id = 7691307)

table 3 : explain SELECT c FROM sbtest3 WHERE id=1608082
	Index Scan using sbtest3_pkey on sbtest3  (cost=0.43..8.45 rows=1 width=121)
	  Index Cond: (id = 1608082)

table 4 : explain SELECT c FROM sbtest4 WHERE id=1324718
	Index Scan using sbtest4_pkey on sbtest4  (cost=0.43..8.45 rows=1 width=121)
	  Index Cond: (id = 1324718)

table 5 : explain SELECT c FROM sbtest5 WHERE id=9524227
	Index Scan using sbtest5_pkey on sbtest5  (cost=0.43..8.45 rows=1 width=121)
	  Index Cond: (id = 9524227)

table 6 : explain SELECT c FROM sbtest6 WHERE id=1496280
	Index Scan using sbtest6_pkey on sbtest6  (cost=0.43..8.45 rows=1 width=121)
	  Index Cond: (id = 1496280)

table 7 : explain SELECT c FROM sbtest7 WHERE id=6388233
	Index Scan using sbtest7_pkey on sbtest7  (cost=0.43..8.45 rows=1 width=121)
	  Index Cond: (id = 6388233)

table 8 : explain SELECT c FROM sbtest8 WHERE id=3210092
	Index Scan using sbtest8_pkey on sbtest8  (cost=0.43..8.45 rows=1 width=121)
	  Index Cond: (id = 3210092)
for point_selects
table 1 : explain SELECT c FROM sbtest1 WHERE id=6783285
	Index Scan using sbtest1_pkey on sbtest1  (cost=0.43..8.45 rows=1 width=121)
	  Index Cond: (id = 6783285)

table 2 : explain SELECT c FROM sbtest2 WHERE id=1693519
	Index Scan using sbtest2_pkey on sbtest2  (cost=0.43..8.45 rows=1 width=121)
	  Index Cond: (id = 1693519)

table 3 : explain SELECT c FROM sbtest3 WHERE id=2634181
	Index Scan using sbtest3_pkey on sbtest3  (cost=0.43..8.45 rows=1 width=121)
	  Index Cond: (id = 2634181)

table 4 : explain SELECT c FROM sbtest4 WHERE id=4581589
	Index Scan using sbtest4_pkey on sbtest4  (cost=0.43..8.45 rows=1 width=121)
	  Index Cond: (id = 4581589)

table 5 : explain SELECT c FROM sbtest5 WHERE id=5199853
	Index Scan using sbtest5_pkey on sbtest5  (cost=0.43..8.45 rows=1 width=121)
	  Index Cond: (id = 5199853)

table 6 : explain SELECT c FROM sbtest6 WHERE id=1611068
	Index Scan using sbtest6_pkey on sbtest6  (cost=0.43..8.45 rows=1 width=121)
	  Index Cond: (id = 1611068)

table 7 : explain SELECT c FROM sbtest7 WHERE id=4981298
	Index Scan using sbtest7_pkey on sbtest7  (cost=0.43..8.45 rows=1 width=121)
	  Index Cond: (id = 4981298)

table 8 : explain SELECT c FROM sbtest8 WHERE id=93314
	Index Scan using sbtest8_pkey on sbtest8  (cost=0.43..8.45 rows=1 width=121)
	  Index Cond: (id = 93314)

for point_selects
table 1 : explain SELECT c FROM sbtest1 WHERE id=4408914
	Index Scan using sbtest1_pkey on sbtest1  (cost=0.43..8.45 rows=1 width=121)
	  Index Cond: (id = 4408914)

table 2 : explain SELECT c FROM sbtest2 WHERE id=3538886
	Index Scan using sbtest2_pkey on sbtest2  (cost=0.43..8.45 rows=1 width=121)
	  Index Cond: (id = 3538886)

table 3 : explain SELECT c FROM sbtest3 WHERE id=4569932
	Index Scan using sbtest3_pkey on sbtest3  (cost=0.43..8.45 rows=1 width=121)
	  Index Cond: (id = 4569932)

table 4 : explain SELECT c FROM sbtest4 WHERE id=9288629
	Index Scan using sbtest4_pkey on sbtest4  (cost=0.43..8.45 rows=1 width=121)
	  Index Cond: (id = 9288629)

table 5 : explain SELECT c FROM sbtest5 WHERE id=8126293
	Index Scan using sbtest5_pkey on sbtest5  (cost=0.43..8.45 rows=1 width=121)
	  Index Cond: (id = 8126293)

table 6 : explain SELECT c FROM sbtest6 WHERE id=8629307
	Index Scan using sbtest6_pkey on sbtest6  (cost=0.43..8.45 rows=1 width=121)
	  Index Cond: (id = 8629307)

table 7 : explain SELECT c FROM sbtest7 WHERE id=9296761
	Index Scan using sbtest7_pkey on sbtest7  (cost=0.43..8.45 rows=1 width=121)
	  Index Cond: (id = 9296761)

table 8 : explain SELECT c FROM sbtest8 WHERE id=7188918
	Index Scan using sbtest8_pkey on sbtest8  (cost=0.43..8.45 rows=1 width=121)
	  Index Cond: (id = 7188918)

for point_selects
table 1 : explain SELECT c FROM sbtest1 WHERE id=7806133
	Index Scan using sbtest1_pkey on sbtest1  (cost=0.43..8.45 rows=1 width=121)
	  Index Cond: (id = 7806133)

table 2 : explain SELECT c FROM sbtest2 WHERE id=1781285
	Index Scan using sbtest2_pkey on sbtest2  (cost=0.43..8.45 rows=1 width=121)
	  Index Cond: (id = 1781285)

table 3 : explain SELECT c FROM sbtest3 WHERE id=4995989
	Index Scan using sbtest3_pkey on sbtest3  (cost=0.43..8.45 rows=1 width=121)
	  Index Cond: (id = 4995989)

table 4 : explain SELECT c FROM sbtest4 WHERE id=9152323
	Index Scan using sbtest4_pkey on sbtest4  (cost=0.43..8.45 rows=1 width=121)
	  Index Cond: (id = 9152323)

table 5 : explain SELECT c FROM sbtest5 WHERE id=4178648
	Index Scan using sbtest5_pkey on sbtest5  (cost=0.43..8.45 rows=1 width=121)
	  Index Cond: (id = 4178648)

table 6 : explain SELECT c FROM sbtest6 WHERE id=4445863
	Index Scan using sbtest6_pkey on sbtest6  (cost=0.43..8.45 rows=1 width=121)
	  Index Cond: (id = 4445863)

table 7 : explain SELECT c FROM sbtest7 WHERE id=1218558
	Index Scan using sbtest7_pkey on sbtest7  (cost=0.43..8.45 rows=1 width=121)
	  Index Cond: (id = 1218558)

table 8 : explain SELECT c FROM sbtest8 WHERE id=6167940
	Index Scan using sbtest8_pkey on sbtest8  (cost=0.43..8.45 rows=1 width=121)
	  Index Cond: (id = 6167940)

for point_selects
table 1 : explain SELECT c FROM sbtest1 WHERE id=4131227
	Index Scan using sbtest1_pkey on sbtest1  (cost=0.43..8.45 rows=1 width=121)
	  Index Cond: (id = 4131227)

table 2 : explain SELECT c FROM sbtest2 WHERE id=9754127
	Index Scan using sbtest2_pkey on sbtest2  (cost=0.43..8.45 rows=1 width=121)
	  Index Cond: (id = 9754127)

table 3 : explain SELECT c FROM sbtest3 WHERE id=8614266
	Index Scan using sbtest3_pkey on sbtest3  (cost=0.43..8.45 rows=1 width=121)
	  Index Cond: (id = 8614266)

table 4 : explain SELECT c FROM sbtest4 WHERE id=653060
	Index Scan using sbtest4_pkey on sbtest4  (cost=0.43..8.45 rows=1 width=121)
	  Index Cond: (id = 653060)

table 5 : explain SELECT c FROM sbtest5 WHERE id=4400736
	Index Scan using sbtest5_pkey on sbtest5  (cost=0.43..8.45 rows=1 width=121)
	  Index Cond: (id = 4400736)

table 6 : explain SELECT c FROM sbtest6 WHERE id=53443
	Index Scan using sbtest6_pkey on sbtest6  (cost=0.43..8.45 rows=1 width=121)
	  Index Cond: (id = 53443)

table 7 : explain SELECT c FROM sbtest7 WHERE id=3793223
	Index Scan using sbtest7_pkey on sbtest7  (cost=0.43..8.45 rows=1 width=121)
	  Index Cond: (id = 3793223)

table 8 : explain SELECT c FROM sbtest8 WHERE id=9370996
	Index Scan using sbtest8_pkey on sbtest8  (cost=0.43..8.45 rows=1 width=121)
	  Index Cond: (id = 9370996)
explain: for point_selects :: explain SELECT c FROM sbtest%u WHERE id=%u
for point_selects
table 1 : explain SELECT c FROM sbtest1 WHERE id=3599197
	Index Scan using sbtest1_pkey on sbtest1  (cost=0.43..8.45 rows=1 width=121)
	  Index Cond: (id = 3599197)

table 2 : explain SELECT c FROM sbtest2 WHERE id=9715300
	Index Scan using sbtest2_pkey on sbtest2  (cost=0.43..8.45 rows=1 width=121)
	  Index Cond: (id = 9715300)

table 3 : explain SELECT c FROM sbtest3 WHERE id=1750207
	Index Scan using sbtest3_pkey on sbtest3  (cost=0.43..8.45 rows=1 width=121)
	  Index Cond: (id = 1750207)

table 4 : explain SELECT c FROM sbtest4 WHERE id=8004913
	Index Scan using sbtest4_pkey on sbtest4  (cost=0.43..8.45 rows=1 width=121)
	  Index Cond: (id = 8004913)

table 5 : explain SELECT c FROM sbtest5 WHERE id=9780206
	Index Scan using sbtest5_pkey on sbtest5  (cost=0.43..8.45 rows=1 width=121)
	  Index Cond: (id = 9780206)

table 6 : explain SELECT c FROM sbtest6 WHERE id=8952760
	Index Scan using sbtest6_pkey on sbtest6  (cost=0.43..8.45 rows=1 width=121)
	  Index Cond: (id = 8952760)

table 7 : explain SELECT c FROM sbtest7 WHERE id=62418
	Index Scan using sbtest7_pkey on sbtest7  (cost=0.43..8.45 rows=1 width=121)
	  Index Cond: (id = 62418)

table 8 : explain SELECT c FROM sbtest8 WHERE id=6792379
	Index Scan using sbtest8_pkey on sbtest8  (cost=0.43..8.45 rows=1 width=121)
	  Index Cond: (id = 6792379)


for point_selects
table 1 : explain SELECT c FROM sbtest1 WHERE id=9360089
	Index Scan using sbtest1_pkey on sbtest1  (cost=0.43..8.45 rows=1 width=121)
	  Index Cond: (id = 9360089)

table 2 : explain SELECT c FROM sbtest2 WHERE id=3174202
	Index Scan using sbtest2_pkey on sbtest2  (cost=0.43..8.45 rows=1 width=121)
	  Index Cond: (id = 3174202)

table 3 : explain SELECT c FROM sbtest3 WHERE id=2680819
	Index Scan using sbtest3_pkey on sbtest3  (cost=0.43..8.45 rows=1 width=121)
	  Index Cond: (id = 2680819)

table 4 : explain SELECT c FROM sbtest4 WHERE id=8761311
	Index Scan using sbtest4_pkey on sbtest4  (cost=0.43..8.45 rows=1 width=121)
	  Index Cond: (id = 8761311)

table 5 : explain SELECT c FROM sbtest5 WHERE id=6974469
	Index Scan using sbtest5_pkey on sbtest5  (cost=0.43..8.45 rows=1 width=121)
	  Index Cond: (id = 6974469)

table 6 : explain SELECT c FROM sbtest6 WHERE id=9817071
	Index Scan using sbtest6_pkey on sbtest6  (cost=0.43..8.45 rows=1 width=121)
	  Index Cond: (id = 9817071)

table 7 : explain SELECT c FROM sbtest7 WHERE id=9964545
	Index Scan using sbtest7_pkey on sbtest7  (cost=0.43..8.45 rows=1 width=121)
	  Index Cond: (id = 9964545)

table 8 : explain SELECT c FROM sbtest8 WHERE id=6618877
	Index Scan using sbtest8_pkey on sbtest8  (cost=0.43..8.45 rows=1 width=121)
	  Index Cond: (id = 6618877)

explain: for point_selects :: explain SELECT c FROM sbtest%u WHERE id=%u
for point_selects
table 1 : explain SELECT c FROM sbtest1 WHERE id=5031468
	Index Scan using sbtest1_pkey on sbtest1  (cost=0.43..8.45 rows=1 width=121)
	  Index Cond: (id = 5031468)

table 2 : explain SELECT c FROM sbtest2 WHERE id=8580775
	Index Scan using sbtest2_pkey on sbtest2  (cost=0.43..8.45 rows=1 width=121)
	  Index Cond: (id = 8580775)

table 3 : explain SELECT c FROM sbtest3 WHERE id=5652603
	Index Scan using sbtest3_pkey on sbtest3  (cost=0.43..8.45 rows=1 width=121)
	  Index Cond: (id = 5652603)

table 4 : explain SELECT c FROM sbtest4 WHERE id=9685730
	Index Scan using sbtest4_pkey on sbtest4  (cost=0.43..8.45 rows=1 width=121)
	  Index Cond: (id = 9685730)

table 5 : explain SELECT c FROM sbtest5 WHERE id=890812
	Index Scan using sbtest5_pkey on sbtest5  (cost=0.43..8.45 rows=1 width=121)
	  Index Cond: (id = 890812)

table 6 : explain SELECT c FROM sbtest6 WHERE id=4986712
	Index Scan using sbtest6_pkey on sbtest6  (cost=0.43..8.45 rows=1 width=121)
	  Index Cond: (id = 4986712)

table 7 : explain SELECT c FROM sbtest7 WHERE id=6186388
	Index Scan using sbtest7_pkey on sbtest7  (cost=0.43..8.45 rows=1 width=121)
	  Index Cond: (id = 6186388)

table 8 : explain SELECT c FROM sbtest8 WHERE id=5677994
	Index Scan using sbtest8_pkey on sbtest8  (cost=0.43..8.45 rows=1 width=121)
	  Index Cond: (id = 5677994)


for point_selects
table 1 : explain SELECT c FROM sbtest1 WHERE id=1538482
	Index Scan using sbtest1_pkey on sbtest1  (cost=0.43..8.45 rows=1 width=121)
	  Index Cond: (id = 1538482)

table 2 : explain SELECT c FROM sbtest2 WHERE id=8740747
	Index Scan using sbtest2_pkey on sbtest2  (cost=0.43..8.45 rows=1 width=121)
	  Index Cond: (id = 8740747)

table 3 : explain SELECT c FROM sbtest3 WHERE id=207021
	Index Scan using sbtest3_pkey on sbtest3  (cost=0.43..8.45 rows=1 width=121)
	  Index Cond: (id = 207021)

table 4 : explain SELECT c FROM sbtest4 WHERE id=6169798
	Index Scan using sbtest4_pkey on sbtest4  (cost=0.43..8.45 rows=1 width=121)
	  Index Cond: (id = 6169798)

table 5 : explain SELECT c FROM sbtest5 WHERE id=5572718
	Index Scan using sbtest5_pkey on sbtest5  (cost=0.43..8.45 rows=1 width=121)
	  Index Cond: (id = 5572718)

table 6 : explain SELECT c FROM sbtest6 WHERE id=5759665
	Index Scan using sbtest6_pkey on sbtest6  (cost=0.43..8.45 rows=1 width=121)
	  Index Cond: (id = 5759665)

table 7 : explain SELECT c FROM sbtest7 WHERE id=6722713
	Index Scan using sbtest7_pkey on sbtest7  (cost=0.43..8.45 rows=1 width=121)
	  Index Cond: (id = 6722713)

table 8 : explain SELECT c FROM sbtest8 WHERE id=7450230
	Index Scan using sbtest8_pkey on sbtest8  (cost=0.43..8.45 rows=1 width=121)
	  Index Cond: (id = 7450230)

for point_selects
table 1 : explain SELECT c FROM sbtest1 WHERE id=1675733
	Index Scan using sbtest1_pkey on sbtest1  (cost=0.43..8.45 rows=1 width=121)
	  Index Cond: (id = 1675733)

table 2 : explain SELECT c FROM sbtest2 WHERE id=6197050
	Index Scan using sbtest2_pkey on sbtest2  (cost=0.43..8.45 rows=1 width=121)
	  Index Cond: (id = 6197050)

table 3 : explain SELECT c FROM sbtest3 WHERE id=3106042
	Index Scan using sbtest3_pkey on sbtest3  (cost=0.43..8.45 rows=1 width=121)
	  Index Cond: (id = 3106042)

table 4 : explain SELECT c FROM sbtest4 WHERE id=5015467
	Index Scan using sbtest4_pkey on sbtest4  (cost=0.43..8.45 rows=1 width=121)
	  Index Cond: (id = 5015467)

table 5 : explain SELECT c FROM sbtest5 WHERE id=8027557
	Index Scan using sbtest5_pkey on sbtest5  (cost=0.43..8.45 rows=1 width=121)
	  Index Cond: (id = 8027557)

table 6 : explain SELECT c FROM sbtest6 WHERE id=6728085
	Index Scan using sbtest6_pkey on sbtest6  (cost=0.43..8.45 rows=1 width=121)
	  Index Cond: (id = 6728085)

table 7 : explain SELECT c FROM sbtest7 WHERE id=6624836
	Index Scan using sbtest7_pkey on sbtest7  (cost=0.43..8.45 rows=1 width=121)
	  Index Cond: (id = 6624836)

table 8 : explain SELECT c FROM sbtest8 WHERE id=2224663
	Index Scan using sbtest8_pkey on sbtest8  (cost=0.43..8.45 rows=1 width=121)
	  Index Cond: (id = 2224663)

for point_selects
table 1 : explain SELECT c FROM sbtest1 WHERE id=3721198
	Index Scan using sbtest1_pkey on sbtest1  (cost=0.43..8.45 rows=1 width=121)
	  Index Cond: (id = 3721198)

table 2 : explain SELECT c FROM sbtest2 WHERE id=4722671
	Index Scan using sbtest2_pkey on sbtest2  (cost=0.43..8.45 rows=1 width=121)
	  Index Cond: (id = 4722671)

table 3 : explain SELECT c FROM sbtest3 WHERE id=5501566
	Index Scan using sbtest3_pkey on sbtest3  (cost=0.43..8.45 rows=1 width=121)
	  Index Cond: (id = 5501566)

table 4 : explain SELECT c FROM sbtest4 WHERE id=5313948
	Index Scan using sbtest4_pkey on sbtest4  (cost=0.43..8.45 rows=1 width=121)
	  Index Cond: (id = 5313948)

table 5 : explain SELECT c FROM sbtest5 WHERE id=5098847
	Index Scan using sbtest5_pkey on sbtest5  (cost=0.43..8.45 rows=1 width=121)
	  Index Cond: (id = 5098847)

table 6 : explain SELECT c FROM sbtest6 WHERE id=1134805
	Index Scan using sbtest6_pkey on sbtest6  (cost=0.43..8.45 rows=1 width=121)
	  Index Cond: (id = 1134805)

table 7 : explain SELECT c FROM sbtest7 WHERE id=5887234
	Index Scan using sbtest7_pkey on sbtest7  (cost=0.43..8.45 rows=1 width=121)
	  Index Cond: (id = 5887234)

table 8 : explain SELECT c FROM sbtest8 WHERE id=6550013
	Index Scan using sbtest8_pkey on sbtest8  (cost=0.43..8.45 rows=1 width=121)
	  Index Cond: (id = 6550013)


explain: for point_selects :: explain SELECT c FROM sbtest%u WHERE id=%u
explain: for point_selects :: explain SELECT c FROM sbtest%u WHERE id=%u
explain: for point_selects :: explain SELECT c FROM sbtest%u WHERE id=%u
explain: for point_selects :: explain SELECT c FROM sbtest%u WHERE id=%u
explain: for point_selects :: explain SELECT c FROM sbtest%u WHERE id=%u
for point_selects
table 1 : explain SELECT c FROM sbtest1 WHERE id=9397644
	Index Scan using sbtest1_pkey on sbtest1  (cost=0.43..8.45 rows=1 width=121)
	  Index Cond: (id = 9397644)

table 2 : explain SELECT c FROM sbtest2 WHERE id=4254916
	Index Scan using sbtest2_pkey on sbtest2  (cost=0.43..8.45 rows=1 width=121)
	  Index Cond: (id = 4254916)

table 3 : explain SELECT c FROM sbtest3 WHERE id=4145796
	Index Scan using sbtest3_pkey on sbtest3  (cost=0.43..8.45 rows=1 width=121)
	  Index Cond: (id = 4145796)

table 4 : explain SELECT c FROM sbtest4 WHERE id=7571914
	Index Scan using sbtest4_pkey on sbtest4  (cost=0.43..8.45 rows=1 width=121)
	  Index Cond: (id = 7571914)

table 5 : explain SELECT c FROM sbtest5 WHERE id=987045
	Index Scan using sbtest5_pkey on sbtest5  (cost=0.43..8.45 rows=1 width=121)
	  Index Cond: (id = 987045)

table 6 : explain SELECT c FROM sbtest6 WHERE id=6524382
	Index Scan using sbtest6_pkey on sbtest6  (cost=0.43..8.45 rows=1 width=121)
	  Index Cond: (id = 6524382)

table 7 : explain SELECT c FROM sbtest7 WHERE id=3720852
	Index Scan using sbtest7_pkey on sbtest7  (cost=0.43..8.45 rows=1 width=121)
	  Index Cond: (id = 3720852)

table 8 : explain SELECT c FROM sbtest8 WHERE id=5449806
	Index Scan using sbtest8_pkey on sbtest8  (cost=0.43..8.45 rows=1 width=121)
	  Index Cond: (id = 5449806)

for point_selects
table 1 : explain SELECT c FROM sbtest1 WHERE id=9416180
	Index Scan using sbtest1_pkey on sbtest1  (cost=0.43..8.45 rows=1 width=121)
	  Index Cond: (id = 9416180)

table 2 : explain SELECT c FROM sbtest2 WHERE id=7531855
	Index Scan using sbtest2_pkey on sbtest2  (cost=0.43..8.45 rows=1 width=121)
	  Index Cond: (id = 7531855)

table 3 : explain SELECT c FROM sbtest3 WHERE id=5850579
	Index Scan using sbtest3_pkey on sbtest3  (cost=0.43..8.45 rows=1 width=121)
	  Index Cond: (id = 5850579)

table 4 : explain SELECT c FROM sbtest4 WHERE id=4577115
	Index Scan using sbtest4_pkey on sbtest4  (cost=0.43..8.45 rows=1 width=121)
	  Index Cond: (id = 4577115)

table 5 : explain SELECT c FROM sbtest5 WHERE id=6097653
	Index Scan using sbtest5_pkey on sbtest5  (cost=0.43..8.45 rows=1 width=121)
	  Index Cond: (id = 6097653)

table 6 : explain SELECT c FROM sbtest6 WHERE id=9619012
	Index Scan using sbtest6_pkey on sbtest6  (cost=0.43..8.45 rows=1 width=121)
	  Index Cond: (id = 9619012)

table 7 : explain SELECT c FROM sbtest7 WHERE id=2406675
	Index Scan using sbtest7_pkey on sbtest7  (cost=0.43..8.45 rows=1 width=121)
	  Index Cond: (id = 2406675)

table 8 : explain SELECT c FROM sbtest8 WHERE id=8864874
	Index Scan using sbtest8_pkey on sbtest8  (cost=0.43..8.45 rows=1 width=121)
	  Index Cond: (id = 8864874)

for point_selects
table 1 : explain SELECT c FROM sbtest1 WHERE id=7479544
	Index Scan using sbtest1_pkey on sbtest1  (cost=0.43..8.45 rows=1 width=121)
	  Index Cond: (id = 7479544)

table 2 : explain SELECT c FROM sbtest2 WHERE id=370018
	Index Scan using sbtest2_pkey on sbtest2  (cost=0.43..8.45 rows=1 width=121)
	  Index Cond: (id = 370018)

table 3 : explain SELECT c FROM sbtest3 WHERE id=5617189
	Index Scan using sbtest3_pkey on sbtest3  (cost=0.43..8.45 rows=1 width=121)
	  Index Cond: (id = 5617189)

table 4 : explain SELECT c FROM sbtest4 WHERE id=4468431
	Index Scan using sbtest4_pkey on sbtest4  (cost=0.43..8.45 rows=1 width=121)
	  Index Cond: (id = 4468431)

table 5 : explain SELECT c FROM sbtest5 WHERE id=3311051
	Index Scan using sbtest5_pkey on sbtest5  (cost=0.43..8.45 rows=1 width=121)
	  Index Cond: (id = 3311051)

table 6 : explain SELECT c FROM sbtest6 WHERE id=5665806
	Index Scan using sbtest6_pkey on sbtest6  (cost=0.43..8.45 rows=1 width=121)
	  Index Cond: (id = 5665806)

table 7 : explain SELECT c FROM sbtest7 WHERE id=6704277
	Index Scan using sbtest7_pkey on sbtest7  (cost=0.43..8.45 rows=1 width=121)
	  Index Cond: (id = 6704277)

table 8 : explain SELECT c FROM sbtest8 WHERE id=4080399
	Index Scan using sbtest8_pkey on sbtest8  (cost=0.43..8.45 rows=1 width=121)
	  Index Cond: (id = 4080399)
explain: for point_selects :: explain SELECT c FROM sbtest%u WHERE id=%u

for point_selects
table 1 : explain SELECT c FROM sbtest1 WHERE id=4580265
	Index Scan using sbtest1_pkey on sbtest1  (cost=0.43..8.45 rows=1 width=121)
	  Index Cond: (id = 4580265)

table 2 : explain SELECT c FROM sbtest2 WHERE id=3348302
	Index Scan using sbtest2_pkey on sbtest2  (cost=0.43..8.45 rows=1 width=121)
	  Index Cond: (id = 3348302)

table 3 : explain SELECT c FROM sbtest3 WHERE id=281862
	Index Scan using sbtest3_pkey on sbtest3  (cost=0.43..8.45 rows=1 width=121)
	  Index Cond: (id = 281862)

table 4 : explain SELECT c FROM sbtest4 WHERE id=774627
	Index Scan using sbtest4_pkey on sbtest4  (cost=0.43..8.45 rows=1 width=121)
	  Index Cond: (id = 774627)

table 5 : explain SELECT c FROM sbtest5 WHERE id=9891200
	Index Scan using sbtest5_pkey on sbtest5  (cost=0.43..8.45 rows=1 width=121)
	  Index Cond: (id = 9891200)

table 6 : explain SELECT c FROM sbtest6 WHERE id=2026899
	Index Scan using sbtest6_pkey on sbtest6  (cost=0.43..8.45 rows=1 width=121)
	  Index Cond: (id = 2026899)

table 7 : explain SELECT c FROM sbtest7 WHERE id=9022202
	Index Scan using sbtest7_pkey on sbtest7  (cost=0.43..8.45 rows=1 width=121)
	  Index Cond: (id = 9022202)

table 8 : explain SELECT c FROM sbtest8 WHERE id=76306
	Index Scan using sbtest8_pkey on sbtest8  (cost=0.43..8.45 rows=1 width=121)
	  Index Cond: (id = 76306)

explain: for point_selects :: explain SELECT c FROM sbtest%u WHERE id=%u
for point_selects
table 1 : explain SELECT c FROM sbtest1 WHERE id=2717640
	Index Scan using sbtest1_pkey on sbtest1  (cost=0.43..8.45 rows=1 width=121)
	  Index Cond: (id = 2717640)

table 2 : explain SELECT c FROM sbtest2 WHERE id=8462593
	Index Scan using sbtest2_pkey on sbtest2  (cost=0.43..8.45 rows=1 width=121)
	  Index Cond: (id = 8462593)

table 3 : explain SELECT c FROM sbtest3 WHERE id=5132085
	Index Scan using sbtest3_pkey on sbtest3  (cost=0.43..8.45 rows=1 width=121)
	  Index Cond: (id = 5132085)

table 4 : explain SELECT c FROM sbtest4 WHERE id=4534792
	Index Scan using sbtest4_pkey on sbtest4  (cost=0.43..8.45 rows=1 width=121)
	  Index Cond: (id = 4534792)

table 5 : explain SELECT c FROM sbtest5 WHERE id=9187656
	Index Scan using sbtest5_pkey on sbtest5  (cost=0.43..8.45 rows=1 width=121)
	  Index Cond: (id = 9187656)

table 6 : explain SELECT c FROM sbtest6 WHERE id=785406
	Index Scan using sbtest6_pkey on sbtest6  (cost=0.43..8.45 rows=1 width=121)
	  Index Cond: (id = 785406)

table 7 : explain SELECT c FROM sbtest7 WHERE id=8146329
	Index Scan using sbtest7_pkey on sbtest7  (cost=0.43..8.45 rows=1 width=121)
	  Index Cond: (id = 8146329)

table 8 : explain SELECT c FROM sbtest8 WHERE id=8477756
	Index Scan using sbtest8_pkey on sbtest8  (cost=0.43..8.45 rows=1 width=121)
	  Index Cond: (id = 8477756)

for point_selects
table 1 : explain SELECT c FROM sbtest1 WHERE id=9074661
	Index Scan using sbtest1_pkey on sbtest1  (cost=0.43..8.45 rows=1 width=121)
	  Index Cond: (id = 9074661)

table 2 : explain SELECT c FROM sbtest2 WHERE id=1688232
	Index Scan using sbtest2_pkey on sbtest2  (cost=0.43..8.45 rows=1 width=121)
	  Index Cond: (id = 1688232)

table 3 : explain SELECT c FROM sbtest3 WHERE id=8559396
	Index Scan using sbtest3_pkey on sbtest3  (cost=0.43..8.45 rows=1 width=121)
	  Index Cond: (id = 8559396)

table 4 : explain SELECT c FROM sbtest4 WHERE id=5859456
	Index Scan using sbtest4_pkey on sbtest4  (cost=0.43..8.45 rows=1 width=121)
	  Index Cond: (id = 5859456)

table 5 : explain SELECT c FROM sbtest5 WHERE id=4019558
	Index Scan using sbtest5_pkey on sbtest5  (cost=0.43..8.45 rows=1 width=121)
	  Index Cond: (id = 4019558)

table 6 : explain SELECT c FROM sbtest6 WHERE id=9081674
	Index Scan using sbtest6_pkey on sbtest6  (cost=0.43..8.45 rows=1 width=121)
	  Index Cond: (id = 9081674)

table 7 : explain SELECT c FROM sbtest7 WHERE id=973466
	Index Scan using sbtest7_pkey on sbtest7  (cost=0.43..8.45 rows=1 width=121)
	  Index Cond: (id = 973466)

table 8 : explain SELECT c FROM sbtest8 WHERE id=4999501
	Index Scan using sbtest8_pkey on sbtest8  (cost=0.43..8.45 rows=1 width=121)
	  Index Cond: (id = 4999501)

explain: for point_selects :: explain SELECT c FROM sbtest%u WHERE id=%u
explain: for point_selects :: explain SELECT c FROM sbtest%u WHERE id=%u
explain: for point_selects :: explain SELECT c FROM sbtest%u WHERE id=%u
for point_selects
table 1 : explain SELECT c FROM sbtest1 WHERE id=2065456
	Index Scan using sbtest1_pkey on sbtest1  (cost=0.43..8.45 rows=1 width=121)
	  Index Cond: (id = 2065456)

table 2 : explain SELECT c FROM sbtest2 WHERE id=9712498
	Index Scan using sbtest2_pkey on sbtest2  (cost=0.43..8.45 rows=1 width=121)
	  Index Cond: (id = 9712498)

table 3 : explain SELECT c FROM sbtest3 WHERE id=4600376
	Index Scan using sbtest3_pkey on sbtest3  (cost=0.43..8.45 rows=1 width=121)
	  Index Cond: (id = 4600376)

table 4 : explain SELECT c FROM sbtest4 WHERE id=9814206
	Index Scan using sbtest4_pkey on sbtest4  (cost=0.43..8.45 rows=1 width=121)
	  Index Cond: (id = 9814206)

table 5 : explain SELECT c FROM sbtest5 WHERE id=2245176
	Index Scan using sbtest5_pkey on sbtest5  (cost=0.43..8.45 rows=1 width=121)
	  Index Cond: (id = 2245176)

table 6 : explain SELECT c FROM sbtest6 WHERE id=2350773
	Index Scan using sbtest6_pkey on sbtest6  (cost=0.43..8.45 rows=1 width=121)
	  Index Cond: (id = 2350773)

table 7 : explain SELECT c FROM sbtest7 WHERE id=3000714
	Index Scan using sbtest7_pkey on sbtest7  (cost=0.43..8.45 rows=1 width=121)
	  Index Cond: (id = 3000714)

table 8 : explain SELECT c FROM sbtest8 WHERE id=8622839
	Index Scan using sbtest8_pkey on sbtest8  (cost=0.43..8.45 rows=1 width=121)
	  Index Cond: (id = 8622839)

for point_selects
table 1 : explain SELECT c FROM sbtest1 WHERE id=5304909
	Index Scan using sbtest1_pkey on sbtest1  (cost=0.43..8.45 rows=1 width=121)
	  Index Cond: (id = 5304909)

table 2 : explain SELECT c FROM sbtest2 WHERE id=4518386
	Index Scan using sbtest2_pkey on sbtest2  (cost=0.43..8.45 rows=1 width=121)
	  Index Cond: (id = 4518386)

table 3 : explain SELECT c FROM sbtest3 WHERE id=2426789
	Index Scan using sbtest3_pkey on sbtest3  (cost=0.43..8.45 rows=1 width=121)
	  Index Cond: (id = 2426789)

table 4 : explain SELECT c FROM sbtest4 WHERE id=868198
	Index Scan using sbtest4_pkey on sbtest4  (cost=0.43..8.45 rows=1 width=121)
	  Index Cond: (id = 868198)

table 5 : explain SELECT c FROM sbtest5 WHERE id=7525434
	Index Scan using sbtest5_pkey on sbtest5  (cost=0.43..8.45 rows=1 width=121)
	  Index Cond: (id = 7525434)

table 6 : explain SELECT c FROM sbtest6 WHERE id=4462152
	Index Scan using sbtest6_pkey on sbtest6  (cost=0.43..8.45 rows=1 width=121)
	  Index Cond: (id = 4462152)

table 7 : explain SELECT c FROM sbtest7 WHERE id=2175852
	Index Scan using sbtest7_pkey on sbtest7  (cost=0.43..8.45 rows=1 width=121)
	  Index Cond: (id = 2175852)

table 8 : explain SELECT c FROM sbtest8 WHERE id=5209418
	Index Scan using sbtest8_pkey on sbtest8  (cost=0.43..8.45 rows=1 width=121)
	  Index Cond: (id = 5209418)

for point_selects
table 1 : explain SELECT c FROM sbtest1 WHERE id=6814358
	Index Scan using sbtest1_pkey on sbtest1  (cost=0.43..8.45 rows=1 width=121)
	  Index Cond: (id = 6814358)

table 2 : explain SELECT c FROM sbtest2 WHERE id=2170139
	Index Scan using sbtest2_pkey on sbtest2  (cost=0.43..8.45 rows=1 width=121)
	  Index Cond: (id = 2170139)

table 3 : explain SELECT c FROM sbtest3 WHERE id=2394745
	Index Scan using sbtest3_pkey on sbtest3  (cost=0.43..8.45 rows=1 width=121)
	  Index Cond: (id = 2394745)

table 4 : explain SELECT c FROM sbtest4 WHERE id=6205742
	Index Scan using sbtest4_pkey on sbtest4  (cost=0.43..8.45 rows=1 width=121)
	  Index Cond: (id = 6205742)

table 5 : explain SELECT c FROM sbtest5 WHERE id=5478675
	Index Scan using sbtest5_pkey on sbtest5  (cost=0.43..8.45 rows=1 width=121)
	  Index Cond: (id = 5478675)

table 6 : explain SELECT c FROM sbtest6 WHERE id=1648239
	Index Scan using sbtest6_pkey on sbtest6  (cost=0.43..8.45 rows=1 width=121)
	  Index Cond: (id = 1648239)

table 7 : explain SELECT c FROM sbtest7 WHERE id=8516816
	Index Scan using sbtest7_pkey on sbtest7  (cost=0.43..8.45 rows=1 width=121)
	  Index Cond: (id = 8516816)

table 8 : explain SELECT c FROM sbtest8 WHERE id=8365979
	Index Scan using sbtest8_pkey on sbtest8  (cost=0.43..8.45 rows=1 width=121)
	  Index Cond: (id = 8365979)

for point_selects
table 1 : explain SELECT c FROM sbtest1 WHERE id=7989229
	Index Scan using sbtest1_pkey on sbtest1  (cost=0.43..8.45 rows=1 width=121)
	  Index Cond: (id = 7989229)

table 2 : explain SELECT c FROM sbtest2 WHERE id=3339044
	Index Scan using sbtest2_pkey on sbtest2  (cost=0.43..8.45 rows=1 width=121)
	  Index Cond: (id = 3339044)

table 3 : explain SELECT c FROM sbtest3 WHERE id=9322714
	Index Scan using sbtest3_pkey on sbtest3  (cost=0.43..8.45 rows=1 width=121)
	  Index Cond: (id = 9322714)

table 4 : explain SELECT c FROM sbtest4 WHERE id=3001210
	Index Scan using sbtest4_pkey on sbtest4  (cost=0.43..8.45 rows=1 width=121)
	  Index Cond: (id = 3001210)

table 5 : explain SELECT c FROM sbtest5 WHERE id=1223739
	Index Scan using sbtest5_pkey on sbtest5  (cost=0.43..8.45 rows=1 width=121)
	  Index Cond: (id = 1223739)

table 6 : explain SELECT c FROM sbtest6 WHERE id=800690
	Index Scan using sbtest6_pkey on sbtest6  (cost=0.43..8.45 rows=1 width=121)
	  Index Cond: (id = 800690)

table 7 : explain SELECT c FROM sbtest7 WHERE id=8600371
	Index Scan using sbtest7_pkey on sbtest7  (cost=0.43..8.45 rows=1 width=121)
	  Index Cond: (id = 8600371)

table 8 : explain SELECT c FROM sbtest8 WHERE id=5424398
	Index Scan using sbtest8_pkey on sbtest8  (cost=0.43..8.45 rows=1 width=121)
	  Index Cond: (id = 5424398)

for point_selects
table 1 : explain SELECT c FROM sbtest1 WHERE id=4993782
	Index Scan using sbtest1_pkey on sbtest1  (cost=0.43..8.45 rows=1 width=121)
	  Index Cond: (id = 4993782)

table 2 : explain SELECT c FROM sbtest2 WHERE id=3508000
	Index Scan using sbtest2_pkey on sbtest2  (cost=0.43..8.45 rows=1 width=121)
	  Index Cond: (id = 3508000)

table 3 : explain SELECT c FROM sbtest3 WHERE id=8783882
	Index Scan using sbtest3_pkey on sbtest3  (cost=0.43..8.45 rows=1 width=121)
	  Index Cond: (id = 8783882)

table 4 : explain SELECT c FROM sbtest4 WHERE id=5414040
	Index Scan using sbtest4_pkey on sbtest4  (cost=0.43..8.45 rows=1 width=121)
	  Index Cond: (id = 5414040)

table 5 : explain SELECT c FROM sbtest5 WHERE id=9370278
	Index Scan using sbtest5_pkey on sbtest5  (cost=0.43..8.45 rows=1 width=121)
	  Index Cond: (id = 9370278)

table 6 : explain SELECT c FROM sbtest6 WHERE id=2626023
	Index Scan using sbtest6_pkey on sbtest6  (cost=0.43..8.45 rows=1 width=121)
	  Index Cond: (id = 2626023)

table 7 : explain SELECT c FROM sbtest7 WHERE id=5899789
	Index Scan using sbtest7_pkey on sbtest7  (cost=0.43..8.45 rows=1 width=121)
	  Index Cond: (id = 5899789)

table 8 : explain SELECT c FROM sbtest8 WHERE id=7008555
	Index Scan using sbtest8_pkey on sbtest8  (cost=0.43..8.45 rows=1 width=121)
	  Index Cond: (id = 7008555)

for point_selects
table 1 : explain SELECT c FROM sbtest1 WHERE id=3735251
	Index Scan using sbtest1_pkey on sbtest1  (cost=0.43..8.45 rows=1 width=121)
	  Index Cond: (id = 3735251)

table 2 : explain SELECT c FROM sbtest2 WHERE id=4619581
	Index Scan using sbtest2_pkey on sbtest2  (cost=0.43..8.45 rows=1 width=121)
	  Index Cond: (id = 4619581)

table 3 : explain SELECT c FROM sbtest3 WHERE id=566486
	Index Scan using sbtest3_pkey on sbtest3  (cost=0.43..8.45 rows=1 width=121)
	  Index Cond: (id = 566486)

table 4 : explain SELECT c FROM sbtest4 WHERE id=1404501
	Index Scan using sbtest4_pkey on sbtest4  (cost=0.43..8.45 rows=1 width=121)
	  Index Cond: (id = 1404501)

table 5 : explain SELECT c FROM sbtest5 WHERE id=6892235
	Index Scan using sbtest5_pkey on sbtest5  (cost=0.43..8.45 rows=1 width=121)
	  Index Cond: (id = 6892235)

table 6 : explain SELECT c FROM sbtest6 WHERE id=904986
	Index Scan using sbtest6_pkey on sbtest6  (cost=0.43..8.45 rows=1 width=121)
	  Index Cond: (id = 904986)

table 7 : explain SELECT c FROM sbtest7 WHERE id=2616713
	Index Scan using sbtest7_pkey on sbtest7  (cost=0.43..8.45 rows=1 width=121)
	  Index Cond: (id = 2616713)

table 8 : explain SELECT c FROM sbtest8 WHERE id=8142229
	Index Scan using sbtest8_pkey on sbtest8  (cost=0.43..8.45 rows=1 width=121)
	  Index Cond: (id = 8142229)

for point_selects
table 1 : explain SELECT c FROM sbtest1 WHERE id=3232174
	Index Scan using sbtest1_pkey on sbtest1  (cost=0.43..8.45 rows=1 width=121)
	  Index Cond: (id = 3232174)

table 2 : explain SELECT c FROM sbtest2 WHERE id=9250020
	Index Scan using sbtest2_pkey on sbtest2  (cost=0.43..8.45 rows=1 width=121)
	  Index Cond: (id = 9250020)

table 3 : explain SELECT c FROM sbtest3 WHERE id=7314407
	Index Scan using sbtest3_pkey on sbtest3  (cost=0.43..8.45 rows=1 width=121)
	  Index Cond: (id = 7314407)

table 4 : explain SELECT c FROM sbtest4 WHERE id=47297
	Index Scan using sbtest4_pkey on sbtest4  (cost=0.43..8.45 rows=1 width=121)
	  Index Cond: (id = 47297)

table 5 : explain SELECT c FROM sbtest5 WHERE id=5885779
	Index Scan using sbtest5_pkey on sbtest5  (cost=0.43..8.45 rows=1 width=121)
	  Index Cond: (id = 5885779)

table 6 : explain SELECT c FROM sbtest6 WHERE id=278128
	Index Scan using sbtest6_pkey on sbtest6  (cost=0.43..8.45 rows=1 width=121)
	  Index Cond: (id = 278128)

table 7 : explain SELECT c FROM sbtest7 WHERE id=451752
	Index Scan using sbtest7_pkey on sbtest7  (cost=0.43..8.45 rows=1 width=121)
	  Index Cond: (id = 451752)

table 8 : explain SELECT c FROM sbtest8 WHERE id=348331
	Index Scan using sbtest8_pkey on sbtest8  (cost=0.43..8.45 rows=1 width=121)
	  Index Cond: (id = 348331)

for point_selects
table 1 : explain SELECT c FROM sbtest1 WHERE id=3886176
	Index Scan using sbtest1_pkey on sbtest1  (cost=0.43..8.45 rows=1 width=121)
	  Index Cond: (id = 3886176)

table 2 : explain SELECT c FROM sbtest2 WHERE id=7757785
	Index Scan using sbtest2_pkey on sbtest2  (cost=0.43..8.45 rows=1 width=121)
	  Index Cond: (id = 7757785)

table 3 : explain SELECT c FROM sbtest3 WHERE id=7907447
	Index Scan using sbtest3_pkey on sbtest3  (cost=0.43..8.45 rows=1 width=121)
	  Index Cond: (id = 7907447)

table 4 : explain SELECT c FROM sbtest4 WHERE id=3580729
	Index Scan using sbtest4_pkey on sbtest4  (cost=0.43..8.45 rows=1 width=121)
	  Index Cond: (id = 3580729)

table 5 : explain SELECT c FROM sbtest5 WHERE id=7095941
	Index Scan using sbtest5_pkey on sbtest5  (cost=0.43..8.45 rows=1 width=121)
	  Index Cond: (id = 7095941)

table 6 : explain SELECT c FROM sbtest6 WHERE id=858764
	Index Scan using sbtest6_pkey on sbtest6  (cost=0.43..8.45 rows=1 width=121)
	  Index Cond: (id = 858764)

table 7 : explain SELECT c FROM sbtest7 WHERE id=6039838
	Index Scan using sbtest7_pkey on sbtest7  (cost=0.43..8.45 rows=1 width=121)
	  Index Cond: (id = 6039838)

table 8 : explain SELECT c FROM sbtest8 WHERE id=1939506
	Index Scan using sbtest8_pkey on sbtest8  (cost=0.43..8.45 rows=1 width=121)
	  Index Cond: (id = 1939506)

for point_selects
table 1 : explain SELECT c FROM sbtest1 WHERE id=2167817
	Index Scan using sbtest1_pkey on sbtest1  (cost=0.43..8.45 rows=1 width=121)
	  Index Cond: (id = 2167817)

table 2 : explain SELECT c FROM sbtest2 WHERE id=4549671
	Index Scan using sbtest2_pkey on sbtest2  (cost=0.43..8.45 rows=1 width=121)
	  Index Cond: (id = 4549671)

table 3 : explain SELECT c FROM sbtest3 WHERE id=3713727
	Index Scan using sbtest3_pkey on sbtest3  (cost=0.43..8.45 rows=1 width=121)
	  Index Cond: (id = 3713727)

table 4 : explain SELECT c FROM sbtest4 WHERE id=2097499
	Index Scan using sbtest4_pkey on sbtest4  (cost=0.43..8.45 rows=1 width=121)
	  Index Cond: (id = 2097499)

table 5 : explain SELECT c FROM sbtest5 WHERE id=9628581
	Index Scan using sbtest5_pkey on sbtest5  (cost=0.43..8.45 rows=1 width=121)
	  Index Cond: (id = 9628581)

table 6 : explain SELECT c FROM sbtest6 WHERE id=1566537
	Index Scan using sbtest6_pkey on sbtest6  (cost=0.43..8.45 rows=1 width=121)
	  Index Cond: (id = 1566537)

table 7 : explain SELECT c FROM sbtest7 WHERE id=1427913
	Index Scan using sbtest7_pkey on sbtest7  (cost=0.43..8.45 rows=1 width=121)
	  Index Cond: (id = 1427913)

table 8 : explain SELECT c FROM sbtest8 WHERE id=837420
	Index Scan using sbtest8_pkey on sbtest8  (cost=0.43..8.45 rows=1 width=121)
	  Index Cond: (id = 837420)

for point_selects
table 1 : explain SELECT c FROM sbtest1 WHERE id=3375068
	Index Scan using sbtest1_pkey on sbtest1  (cost=0.43..8.45 rows=1 width=121)
	  Index Cond: (id = 3375068)

table 2 : explain SELECT c FROM sbtest2 WHERE id=6313684
	Index Scan using sbtest2_pkey on sbtest2  (cost=0.43..8.45 rows=1 width=121)
	  Index Cond: (id = 6313684)

table 3 : explain SELECT c FROM sbtest3 WHERE id=8107342
	Index Scan using sbtest3_pkey on sbtest3  (cost=0.43..8.45 rows=1 width=121)
	  Index Cond: (id = 8107342)

table 4 : explain SELECT c FROM sbtest4 WHERE id=7281716
	Index Scan using sbtest4_pkey on sbtest4  (cost=0.43..8.45 rows=1 width=121)
	  Index Cond: (id = 7281716)

table 5 : explain SELECT c FROM sbtest5 WHERE id=2660667
	Index Scan using sbtest5_pkey on sbtest5  (cost=0.43..8.45 rows=1 width=121)
	  Index Cond: (id = 2660667)

table 6 : explain SELECT c FROM sbtest6 WHERE id=9017292
	Index Scan using sbtest6_pkey on sbtest6  (cost=0.43..8.45 rows=1 width=121)
	  Index Cond: (id = 9017292)

table 7 : explain SELECT c FROM sbtest7 WHERE id=8746134
	Index Scan using sbtest7_pkey on sbtest7  (cost=0.43..8.45 rows=1 width=121)
	  Index Cond: (id = 8746134)

table 8 : explain SELECT c FROM sbtest8 WHERE id=8440964
	Index Scan using sbtest8_pkey on sbtest8  (cost=0.43..8.45 rows=1 width=121)
	  Index Cond: (id = 8440964)

for point_selects
table 1 : explain SELECT c FROM sbtest1 WHERE id=3453850
	Index Scan using sbtest1_pkey on sbtest1  (cost=0.43..8.45 rows=1 width=121)
	  Index Cond: (id = 3453850)

table 2 : explain SELECT c FROM sbtest2 WHERE id=9188828
	Index Scan using sbtest2_pkey on sbtest2  (cost=0.43..8.45 rows=1 width=121)
	  Index Cond: (id = 9188828)

table 3 : explain SELECT c FROM sbtest3 WHERE id=8889316
	Index Scan using sbtest3_pkey on sbtest3  (cost=0.43..8.45 rows=1 width=121)
	  Index Cond: (id = 8889316)

table 4 : explain SELECT c FROM sbtest4 WHERE id=6852836
	Index Scan using sbtest4_pkey on sbtest4  (cost=0.43..8.45 rows=1 width=121)
	  Index Cond: (id = 6852836)

table 5 : explain SELECT c FROM sbtest5 WHERE id=3642994
	Index Scan using sbtest5_pkey on sbtest5  (cost=0.43..8.45 rows=1 width=121)
	  Index Cond: (id = 3642994)

table 6 : explain SELECT c FROM sbtest6 WHERE id=535363
	Index Scan using sbtest6_pkey on sbtest6  (cost=0.43..8.45 rows=1 width=121)
	  Index Cond: (id = 535363)

table 7 : explain SELECT c FROM sbtest7 WHERE id=9849060
	Index Scan using sbtest7_pkey on sbtest7  (cost=0.43..8.45 rows=1 width=121)
	  Index Cond: (id = 9849060)

table 8 : explain SELECT c FROM sbtest8 WHERE id=1432855
	Index Scan using sbtest8_pkey on sbtest8  (cost=0.43..8.45 rows=1 width=121)
	  Index Cond: (id = 1432855)

for point_selects
table 1 : explain SELECT c FROM sbtest1 WHERE id=6987997
	Index Scan using sbtest1_pkey on sbtest1  (cost=0.43..8.45 rows=1 width=121)
	  Index Cond: (id = 6987997)

table 2 : explain SELECT c FROM sbtest2 WHERE id=2346851
	Index Scan using sbtest2_pkey on sbtest2  (cost=0.43..8.45 rows=1 width=121)
	  Index Cond: (id = 2346851)

table 3 : explain SELECT c FROM sbtest3 WHERE id=8112666
	Index Scan using sbtest3_pkey on sbtest3  (cost=0.43..8.45 rows=1 width=121)
	  Index Cond: (id = 8112666)

table 4 : explain SELECT c FROM sbtest4 WHERE id=5568335
	Index Scan using sbtest4_pkey on sbtest4  (cost=0.43..8.45 rows=1 width=121)
	  Index Cond: (id = 5568335)

table 5 : explain SELECT c FROM sbtest5 WHERE id=2247711
	Index Scan using sbtest5_pkey on sbtest5  (cost=0.43..8.45 rows=1 width=121)
	  Index Cond: (id = 2247711)

table 6 : explain SELECT c FROM sbtest6 WHERE id=3266398
	Index Scan using sbtest6_pkey on sbtest6  (cost=0.43..8.45 rows=1 width=121)
	  Index Cond: (id = 3266398)

table 7 : explain SELECT c FROM sbtest7 WHERE id=3008247
	Index Scan using sbtest7_pkey on sbtest7  (cost=0.43..8.45 rows=1 width=121)
	  Index Cond: (id = 3008247)

table 8 : explain SELECT c FROM sbtest8 WHERE id=2444087
	Index Scan using sbtest8_pkey on sbtest8  (cost=0.43..8.45 rows=1 width=121)
	  Index Cond: (id = 2444087)
for point_selects
table 1 : explain SELECT c FROM sbtest1 WHERE id=3194651
	Index Scan using sbtest1_pkey on sbtest1  (cost=0.43..8.45 rows=1 width=121)
	  Index Cond: (id = 3194651)

table 2 : explain SELECT c FROM sbtest2 WHERE id=733138
	Index Scan using sbtest2_pkey on sbtest2  (cost=0.43..8.45 rows=1 width=121)
	  Index Cond: (id = 733138)

table 3 : explain SELECT c FROM sbtest3 WHERE id=6495288
	Index Scan using sbtest3_pkey on sbtest3  (cost=0.43..8.45 rows=1 width=121)
	  Index Cond: (id = 6495288)

table 4 : explain SELECT c FROM sbtest4 WHERE id=8229525
	Index Scan using sbtest4_pkey on sbtest4  (cost=0.43..8.45 rows=1 width=121)
	  Index Cond: (id = 8229525)

table 5 : explain SELECT c FROM sbtest5 WHERE id=4771256
	Index Scan using sbtest5_pkey on sbtest5  (cost=0.43..8.45 rows=1 width=121)
	  Index Cond: (id = 4771256)

table 6 : explain SELECT c FROM sbtest6 WHERE id=6327915
	Index Scan using sbtest6_pkey on sbtest6  (cost=0.43..8.45 rows=1 width=121)
	  Index Cond: (id = 6327915)

table 7 : explain SELECT c FROM sbtest7 WHERE id=9622502
	Index Scan using sbtest7_pkey on sbtest7  (cost=0.43..8.45 rows=1 width=121)
	  Index Cond: (id = 9622502)

table 8 : explain SELECT c FROM sbtest8 WHERE id=9722463
	Index Scan using sbtest8_pkey on sbtest8  (cost=0.43..8.45 rows=1 width=121)
	  Index Cond: (id = 9722463)


for point_selects
table 1 : explain SELECT c FROM sbtest1 WHERE id=1280793
	Index Scan using sbtest1_pkey on sbtest1  (cost=0.43..8.45 rows=1 width=121)
	  Index Cond: (id = 1280793)

table 2 : explain SELECT c FROM sbtest2 WHERE id=9908255
	Index Scan using sbtest2_pkey on sbtest2  (cost=0.43..8.45 rows=1 width=121)
	  Index Cond: (id = 9908255)

table 3 : explain SELECT c FROM sbtest3 WHERE id=759819
	Index Scan using sbtest3_pkey on sbtest3  (cost=0.43..8.45 rows=1 width=121)
	  Index Cond: (id = 759819)

table 4 : explain SELECT c FROM sbtest4 WHERE id=7873645
	Index Scan using sbtest4_pkey on sbtest4  (cost=0.43..8.45 rows=1 width=121)
	  Index Cond: (id = 7873645)

table 5 : explain SELECT c FROM sbtest5 WHERE id=1160675
	Index Scan using sbtest5_pkey on sbtest5  (cost=0.43..8.45 rows=1 width=121)
	  Index Cond: (id = 1160675)

table 6 : explain SELECT c FROM sbtest6 WHERE id=6774175
	Index Scan using sbtest6_pkey on sbtest6  (cost=0.43..8.45 rows=1 width=121)
	  Index Cond: (id = 6774175)

table 7 : explain SELECT c FROM sbtest7 WHERE id=1533190
	Index Scan using sbtest7_pkey on sbtest7  (cost=0.43..8.45 rows=1 width=121)
	  Index Cond: (id = 1533190)

table 8 : explain SELECT c FROM sbtest8 WHERE id=8468401
	Index Scan using sbtest8_pkey on sbtest8  (cost=0.43..8.45 rows=1 width=121)
	  Index Cond: (id = 8468401)

for point_selects
table 1 : explain SELECT c FROM sbtest1 WHERE id=2396960
	Index Scan using sbtest1_pkey on sbtest1  (cost=0.43..8.45 rows=1 width=121)
	  Index Cond: (id = 2396960)

table 2 : explain SELECT c FROM sbtest2 WHERE id=4906528
	Index Scan using sbtest2_pkey on sbtest2  (cost=0.43..8.45 rows=1 width=121)
	  Index Cond: (id = 4906528)

table 3 : explain SELECT c FROM sbtest3 WHERE id=1569337
	Index Scan using sbtest3_pkey on sbtest3  (cost=0.43..8.45 rows=1 width=121)
	  Index Cond: (id = 1569337)

table 4 : explain SELECT c FROM sbtest4 WHERE id=5673967
	Index Scan using sbtest4_pkey on sbtest4  (cost=0.43..8.45 rows=1 width=121)
	  Index Cond: (id = 5673967)

table 5 : explain SELECT c FROM sbtest5 WHERE id=6201833
	Index Scan using sbtest5_pkey on sbtest5  (cost=0.43..8.45 rows=1 width=121)
	  Index Cond: (id = 6201833)

table 6 : explain SELECT c FROM sbtest6 WHERE id=6063094
	Index Scan using sbtest6_pkey on sbtest6  (cost=0.43..8.45 rows=1 width=121)
	  Index Cond: (id = 6063094)

table 7 : explain SELECT c FROM sbtest7 WHERE id=2264028
	Index Scan using sbtest7_pkey on sbtest7  (cost=0.43..8.45 rows=1 width=121)
	  Index Cond: (id = 2264028)

table 8 : explain SELECT c FROM sbtest8 WHERE id=9877864
	Index Scan using sbtest8_pkey on sbtest8  (cost=0.43..8.45 rows=1 width=121)
	  Index Cond: (id = 9877864)

for point_selects
table 1 : explain SELECT c FROM sbtest1 WHERE id=4152342
	Index Scan using sbtest1_pkey on sbtest1  (cost=0.43..8.45 rows=1 width=121)
	  Index Cond: (id = 4152342)

table 2 : explain SELECT c FROM sbtest2 WHERE id=8964050
	Index Scan using sbtest2_pkey on sbtest2  (cost=0.43..8.45 rows=1 width=121)
	  Index Cond: (id = 8964050)

table 3 : explain SELECT c FROM sbtest3 WHERE id=1927557
	Index Scan using sbtest3_pkey on sbtest3  (cost=0.43..8.45 rows=1 width=121)
	  Index Cond: (id = 1927557)

table 4 : explain SELECT c FROM sbtest4 WHERE id=9472024
	Index Scan using sbtest4_pkey on sbtest4  (cost=0.43..8.45 rows=1 width=121)
	  Index Cond: (id = 9472024)

table 5 : explain SELECT c FROM sbtest5 WHERE id=2329042
	Index Scan using sbtest5_pkey on sbtest5  (cost=0.43..8.45 rows=1 width=121)
	  Index Cond: (id = 2329042)

table 6 : explain SELECT c FROM sbtest6 WHERE id=5177859
	Index Scan using sbtest6_pkey on sbtest6  (cost=0.43..8.45 rows=1 width=121)
	  Index Cond: (id = 5177859)

table 7 : explain SELECT c FROM sbtest7 WHERE id=2117687
	Index Scan using sbtest7_pkey on sbtest7  (cost=0.43..8.45 rows=1 width=121)
	  Index Cond: (id = 2117687)

table 8 : explain SELECT c FROM sbtest8 WHERE id=720666
	Index Scan using sbtest8_pkey on sbtest8  (cost=0.43..8.45 rows=1 width=121)
	  Index Cond: (id = 720666)

for point_selects
table 1 : explain SELECT c FROM sbtest1 WHERE id=2556926
	Index Scan using sbtest1_pkey on sbtest1  (cost=0.43..8.45 rows=1 width=121)
	  Index Cond: (id = 2556926)

table 2 : explain SELECT c FROM sbtest2 WHERE id=6534610
	Index Scan using sbtest2_pkey on sbtest2  (cost=0.43..8.45 rows=1 width=121)
	  Index Cond: (id = 6534610)

table 3 : explain SELECT c FROM sbtest3 WHERE id=7477811
	Index Scan using sbtest3_pkey on sbtest3  (cost=0.43..8.45 rows=1 width=121)
	  Index Cond: (id = 7477811)

table 4 : explain SELECT c FROM sbtest4 WHERE id=8396682
	Index Scan using sbtest4_pkey on sbtest4  (cost=0.43..8.45 rows=1 width=121)
	  Index Cond: (id = 8396682)

table 5 : explain SELECT c FROM sbtest5 WHERE id=1847628
	Index Scan using sbtest5_pkey on sbtest5  (cost=0.43..8.45 rows=1 width=121)
	  Index Cond: (id = 1847628)

table 6 : explain SELECT c FROM sbtest6 WHERE id=770174
	Index Scan using sbtest6_pkey on sbtest6  (cost=0.43..8.45 rows=1 width=121)
	  Index Cond: (id = 770174)

table 7 : explain SELECT c FROM sbtest7 WHERE id=8299108
	Index Scan using sbtest7_pkey on sbtest7  (cost=0.43..8.45 rows=1 width=121)
	  Index Cond: (id = 8299108)

table 8 : explain SELECT c FROM sbtest8 WHERE id=5285954
	Index Scan using sbtest8_pkey on sbtest8  (cost=0.43..8.45 rows=1 width=121)
	  Index Cond: (id = 5285954)

for point_selects
table 1 : explain SELECT c FROM sbtest1 WHERE id=3207229
	Index Scan using sbtest1_pkey on sbtest1  (cost=0.43..8.45 rows=1 width=121)
	  Index Cond: (id = 3207229)

table 2 : explain SELECT c FROM sbtest2 WHERE id=8551622
	Index Scan using sbtest2_pkey on sbtest2  (cost=0.43..8.45 rows=1 width=121)
	  Index Cond: (id = 8551622)

table 3 : explain SELECT c FROM sbtest3 WHERE id=3765829
	Index Scan using sbtest3_pkey on sbtest3  (cost=0.43..8.45 rows=1 width=121)
	  Index Cond: (id = 3765829)

table 4 : explain SELECT c FROM sbtest4 WHERE id=8007038
	Index Scan using sbtest4_pkey on sbtest4  (cost=0.43..8.45 rows=1 width=121)
	  Index Cond: (id = 8007038)

table 5 : explain SELECT c FROM sbtest5 WHERE id=6546215
	Index Scan using sbtest5_pkey on sbtest5  (cost=0.43..8.45 rows=1 width=121)
	  Index Cond: (id = 6546215)

table 6 : explain SELECT c FROM sbtest6 WHERE id=601317
	Index Scan using sbtest6_pkey on sbtest6  (cost=0.43..8.45 rows=1 width=121)
	  Index Cond: (id = 601317)

table 7 : explain SELECT c FROM sbtest7 WHERE id=3353809
	Index Scan using sbtest7_pkey on sbtest7  (cost=0.43..8.45 rows=1 width=121)
	  Index Cond: (id = 3353809)

table 8 : explain SELECT c FROM sbtest8 WHERE id=4557137
	Index Scan using sbtest8_pkey on sbtest8  (cost=0.43..8.45 rows=1 width=121)
	  Index Cond: (id = 4557137)

Threads started!

Warming up for 5 seconds...

SQL statistics:
    queries performed:
        read:                            667016313
        write:                           0
        other:                           0
        total:                           667016313
    transactions:                        667016313 (1058739.04 per sec.)
    queries:                             667016313 (1058739.04 per sec.)
    ignored errors:                      0      (0.00 per sec.)
    reconnects:                          0      (0.00 per sec.)

Throughput:
    events/s (eps):                      1058739.0450
    time elapsed:                        630.0102s
    total number of events:              667016313

Latency (ms):
         min:                                    0.03
         avg:                                    0.04
         max:                                   16.10
         95th percentile:                        0.04
         sum:                             25025396.36

Threads fairness:
    events (avg/stddev):           16675388.6500/238514.02
    execution time (avg/stddev):   625.6349/0.08

