LUA_PATH=/home/mdcallag/git/mytools/bench/sysbench.lua/lua/?.lua /home/mdcallag/git/mytools/bench/sysbench.lua/lua/sysbench --db-driver=pgsql --range-size=1000 --table-size=10000000 --tables=8 --threads=40 --events=0 --warmup-time=5 --time=630 --pgsql_conn_id=true /home/mdcallag/git/mytools/bench/sysbench.lua/lua/oltp_read_only.lua run --pgsql-user=root --pgsql-password=pw --pgsql-host=127.0.0.1 --pgsql-db=ib --rand-type=uniform --simple-ranges=1 --sum-ranges=0 --order-ranges=0 --distinct-ranges=0
48 CPUs
sysbench 1.1.0-9072687 (using bundled LuaJIT 2.1.0-beta3)

Running the test with following options:
Number of threads: 40
Warmup time: 5s
Initializing random number generator from current time


Initializing worker threads...

explain: for point_selects :: explain SELECT c FROM sbtest%u WHERE id=%u
explain: for point_selects :: explain SELECT c FROM sbtest%u WHERE id=%u
explain: for point_selects :: explain SELECT c FROM sbtest%u WHERE id=%u
explain: for point_selects :: explain SELECT c FROM sbtest%u WHERE id=%u
explain: for point_selects :: explain SELECT c FROM sbtest%u WHERE id=%u
for point_selects
table 1 : explain SELECT c FROM sbtest1 WHERE id=1936388
	Index Scan using sbtest1_pkey on sbtest1  (cost=0.43..8.45 rows=1 width=121)
	  Index Cond: (id = 1936388)

table 2 : explain SELECT c FROM sbtest2 WHERE id=4101839
	Index Scan using sbtest2_pkey on sbtest2  (cost=0.43..8.45 rows=1 width=121)
	  Index Cond: (id = 4101839)

table 3 : explain SELECT c FROM sbtest3 WHERE id=8297167
	Index Scan using sbtest3_pkey on sbtest3  (cost=0.43..8.45 rows=1 width=121)
	  Index Cond: (id = 8297167)

table 4 : explain SELECT c FROM sbtest4 WHERE id=4073370
	Index Scan using sbtest4_pkey on sbtest4  (cost=0.43..8.45 rows=1 width=121)
	  Index Cond: (id = 4073370)

table 5 : explain SELECT c FROM sbtest5 WHERE id=9102962
	Index Scan using sbtest5_pkey on sbtest5  (cost=0.43..8.45 rows=1 width=121)
	  Index Cond: (id = 9102962)

table 6 : explain SELECT c FROM sbtest6 WHERE id=1460342
	Index Scan using sbtest6_pkey on sbtest6  (cost=0.43..8.45 rows=1 width=121)
	  Index Cond: (id = 1460342)

table 7 : explain SELECT c FROM sbtest7 WHERE id=51012
	Index Scan using sbtest7_pkey on sbtest7  (cost=0.43..8.45 rows=1 width=121)
	  Index Cond: (id = 51012)

table 8 : explain SELECT c FROM sbtest8 WHERE id=8838922
	Index Scan using sbtest8_pkey on sbtest8  (cost=0.43..8.45 rows=1 width=121)
	  Index Cond: (id = 8838922)

for point_selects
table 1 : explain SELECT c FROM sbtest1 WHERE id=111986
	Index Scan using sbtest1_pkey on sbtest1  (cost=0.43..8.45 rows=1 width=121)
	  Index Cond: (id = 111986)

table 2 : explain SELECT c FROM sbtest2 WHERE id=2709363
	Index Scan using sbtest2_pkey on sbtest2  (cost=0.43..8.45 rows=1 width=121)
	  Index Cond: (id = 2709363)

table 3 : explain SELECT c FROM sbtest3 WHERE id=372172
	Index Scan using sbtest3_pkey on sbtest3  (cost=0.43..8.45 rows=1 width=121)
	  Index Cond: (id = 372172)

table 4 : explain SELECT c FROM sbtest4 WHERE id=167171
	Index Scan using sbtest4_pkey on sbtest4  (cost=0.43..8.45 rows=1 width=121)
	  Index Cond: (id = 167171)

table 5 : explain SELECT c FROM sbtest5 WHERE id=5188146
	Index Scan using sbtest5_pkey on sbtest5  (cost=0.43..8.45 rows=1 width=121)
	  Index Cond: (id = 5188146)

table 6 : explain SELECT c FROM sbtest6 WHERE id=8374520
	Index Scan using sbtest6_pkey on sbtest6  (cost=0.43..8.45 rows=1 width=121)
	  Index Cond: (id = 8374520)

table 7 : explain SELECT c FROM sbtest7 WHERE id=8504044
	Index Scan using sbtest7_pkey on sbtest7  (cost=0.43..8.45 rows=1 width=121)
	  Index Cond: (id = 8504044)

table 8 : explain SELECT c FROM sbtest8 WHERE id=5841921
	Index Scan using sbtest8_pkey on sbtest8  (cost=0.43..8.45 rows=1 width=121)
	  Index Cond: (id = 5841921)

for point_selects
table 1 : explain SELECT c FROM sbtest1 WHERE id=5103602
	Index Scan using sbtest1_pkey on sbtest1  (cost=0.43..8.45 rows=1 width=121)
	  Index Cond: (id = 5103602)

table 2 : explain SELECT c FROM sbtest2 WHERE id=4300615
	Index Scan using sbtest2_pkey on sbtest2  (cost=0.43..8.45 rows=1 width=121)
	  Index Cond: (id = 4300615)

table 3 : explain SELECT c FROM sbtest3 WHERE id=1680349
	Index Scan using sbtest3_pkey on sbtest3  (cost=0.43..8.45 rows=1 width=121)
	  Index Cond: (id = 1680349)

table 4 : explain SELECT c FROM sbtest4 WHERE id=4773852
	Index Scan using sbtest4_pkey on sbtest4  (cost=0.43..8.45 rows=1 width=121)
	  Index Cond: (id = 4773852)

table 5 : explain SELECT c FROM sbtest5 WHERE id=7422923
	Index Scan using sbtest5_pkey on sbtest5  (cost=0.43..8.45 rows=1 width=121)
	  Index Cond: (id = 7422923)

table 6 : explain SELECT c FROM sbtest6 WHERE id=7014880
	Index Scan using sbtest6_pkey on sbtest6  (cost=0.43..8.45 rows=1 width=121)
	  Index Cond: (id = 7014880)

table 7 : explain SELECT c FROM sbtest7 WHERE id=3672793
	Index Scan using sbtest7_pkey on sbtest7  (cost=0.43..8.45 rows=1 width=121)
	  Index Cond: (id = 3672793)

table 8 : explain SELECT c FROM sbtest8 WHERE id=2719509
	Index Scan using sbtest8_pkey on sbtest8  (cost=0.43..8.45 rows=1 width=121)
	  Index Cond: (id = 2719509)

for: simple_ranges
table 1 : explain SELECT c FROM sbtest1 WHERE id BETWEEN 8665561 AND 8666560
	Bitmap Heap Scan on sbtest1  (cost=22.51..3796.64 rows=983 width=121)
	  Recheck Cond: ((id >= 8665561) AND (id <= 8666560))
	  ->  Bitmap Index Scan on sbtest1_pkey  (cost=0.00..22.26 rows=983 width=0)
	        Index Cond: ((id >= 8665561) AND (id <= 8666560))

table 2 : explain SELECT c FROM sbtest2 WHERE id BETWEEN 9223640 AND 9224639
	Bitmap Heap Scan on sbtest2  (cost=23.23..4061.06 rows=1053 width=121)
	  Recheck Cond: ((id >= 9223640) AND (id <= 9224639))
	  ->  Bitmap Index Scan on sbtest2_pkey  (cost=0.00..22.96 rows=1053 width=0)
	        Index Cond: ((id >= 9223640) AND (id <= 9224639))

table 3 : explain SELECT c FROM sbtest3 WHERE id BETWEEN 4131021 AND 4132020
	Bitmap Heap Scan on sbtest3  (cost=22.60..3829.72 rows=992 width=121)
	  Recheck Cond: ((id >= 4131021) AND (id <= 4132020))
	  ->  Bitmap Index Scan on sbtest3_pkey  (cost=0.00..22.36 rows=992 width=0)
	        Index Cond: ((id >= 4131021) AND (id <= 4132020))

table 4 : explain SELECT c FROM sbtest4 WHERE id BETWEEN 4571386 AND 4572385
	Bitmap Heap Scan on sbtest4  (cost=22.30..3717.44 rows=962 width=121)
	  Recheck Cond: ((id >= 4571386) AND (id <= 4572385))
	  ->  Bitmap Index Scan on sbtest4_pkey  (cost=0.00..22.05 rows=962 width=0)
	        Index Cond: ((id >= 4571386) AND (id <= 4572385))

table 5 : explain SELECT c FROM sbtest5 WHERE id BETWEEN 5995581 AND 5996580
	Bitmap Heap Scan on sbtest5  (cost=22.48..3786.24 rows=980 width=121)
	  Recheck Cond: ((id >= 5995581) AND (id <= 5996580))
	  ->  Bitmap Index Scan on sbtest5_pkey  (cost=0.00..22.23 rows=980 width=0)
	        Index Cond: ((id >= 5995581) AND (id <= 5996580))

table 6 : explain SELECT c FROM sbtest6 WHERE id BETWEEN 7393169 AND 7394168
	Bitmap Heap Scan on sbtest6  (cost=22.07..3634.67 rows=940 width=121)
	  Recheck Cond: ((id >= 7393169) AND (id <= 7394168))
	  ->  Bitmap Index Scan on sbtest6_pkey  (cost=0.00..21.83 rows=940 width=0)
	        Index Cond: ((id >= 7393169) AND (id <= 7394168))

table 7 : explain SELECT c FROM sbtest7 WHERE id BETWEEN 3919390 AND 3920389
	Bitmap Heap Scan on sbtest7  (cost=22.89..3936.10 rows=1020 width=121)
	  Recheck Cond: ((id >= 3919390) AND (id <= 3920389))
	  ->  Bitmap Index Scan on sbtest7_pkey  (cost=0.00..22.64 rows=1020 width=0)
	        Index Cond: ((id >= 3919390) AND (id <= 3920389))

table 8 : explain SELECT c FROM sbtest8 WHERE id BETWEEN 1200023 AND 1201022
	Bitmap Heap Scan on sbtest8  (cost=21.91..3574.50 rows=924 width=121)
	  Recheck Cond: ((id >= 1200023) AND (id <= 1201022))
	  ->  Bitmap Index Scan on sbtest8_pkey  (cost=0.00..21.68 rows=924 width=0)
	        Index Cond: ((id >= 1200023) AND (id <= 1201022))

for point_selects
table 1 : explain SELECT c FROM sbtest1 WHERE id=9161291
	Index Scan using sbtest1_pkey on sbtest1  (cost=0.43..8.45 rows=1 width=121)
	  Index Cond: (id = 9161291)

table 2 : explain SELECT c FROM sbtest2 WHERE id=4916680
	Index Scan using sbtest2_pkey on sbtest2  (cost=0.43..8.45 rows=1 width=121)
	  Index Cond: (id = 4916680)

table 3 : explain SELECT c FROM sbtest3 WHERE id=1714329
	Index Scan using sbtest3_pkey on sbtest3  (cost=0.43..8.45 rows=1 width=121)
	  Index Cond: (id = 1714329)

table 4 : explain SELECT c FROM sbtest4 WHERE id=5191902
	Index Scan using sbtest4_pkey on sbtest4  (cost=0.43..8.45 rows=1 width=121)
	  Index Cond: (id = 5191902)

table 5 : explain SELECT c FROM sbtest5 WHERE id=8023539
	Index Scan using sbtest5_pkey on sbtest5  (cost=0.43..8.45 rows=1 width=121)
	  Index Cond: (id = 8023539)

table 6 : explain SELECT c FROM sbtest6 WHERE id=7207863
	Index Scan using sbtest6_pkey on sbtest6  (cost=0.43..8.45 rows=1 width=121)
	  Index Cond: (id = 7207863)

table 7 : explain SELECT c FROM sbtest7 WHERE id=7945875
	Index Scan using sbtest7_pkey on sbtest7  (cost=0.43..8.45 rows=1 width=121)
	  Index Cond: (id = 7945875)

table 8 : explain SELECT c FROM sbtest8 WHERE id=6697820
	Index Scan using sbtest8_pkey on sbtest8  (cost=0.43..8.45 rows=1 width=121)
	  Index Cond: (id = 6697820)

for: simple_ranges
table 1 : explain SELECT c FROM sbtest1 WHERE id BETWEEN 961657 AND 962656
	Bitmap Heap Scan on sbtest1  (cost=23.37..4112.67 rows=1067 width=121)
	  Recheck Cond: ((id >= 961657) AND (id <= 962656))
	  ->  Bitmap Index Scan on sbtest1_pkey  (cost=0.00..23.11 rows=1067 width=0)
	        Index Cond: ((id >= 961657) AND (id <= 962656))

table 2 : explain SELECT c FROM sbtest2 WHERE id BETWEEN 3372482 AND 3373481
	Bitmap Heap Scan on sbtest2  (cost=22.48..3786.24 rows=980 width=121)
	  Recheck Cond: ((id >= 3372482) AND (id <= 3373481))
	  ->  Bitmap Index Scan on sbtest2_pkey  (cost=0.00..22.23 rows=980 width=0)
	        Index Cond: ((id >= 3372482) AND (id <= 3373481))

table 3 : explain SELECT c FROM sbtest3 WHERE id BETWEEN 4771084 AND 4772083
	Bitmap Heap Scan on sbtest3  (cost=22.78..3893.71 rows=1009 width=121)
	  Recheck Cond: ((id >= 4771084) AND (id <= 4772083))
	  ->  Bitmap Index Scan on sbtest3_pkey  (cost=0.00..22.52 rows=1009 width=0)
	        Index Cond: ((id >= 4771084) AND (id <= 4772083))

table 4 : explain SELECT c FROM sbtest4 WHERE id BETWEEN 8434045 AND 8435044
	Bitmap Heap Scan on sbtest4  (cost=22.72..3871.92 rows=1003 width=121)
	  Recheck Cond: ((id >= 8434045) AND (id <= 8435044))
	  ->  Bitmap Index Scan on sbtest4_pkey  (cost=0.00..22.46 rows=1003 width=0)
	        Index Cond: ((id >= 8434045) AND (id <= 8435044))

table 5 : explain SELECT c FROM sbtest5 WHERE id BETWEEN 1838450 AND 1839449
	Bitmap Heap Scan on sbtest5  (cost=27.38..4121.45 rows=1068 width=121)
	  Recheck Cond: ((id >= 1838450) AND (id <= 1839449))
	  ->  Bitmap Index Scan on sbtest5_pkey  (cost=0.00..27.11 rows=1068 width=0)
	        Index Cond: ((id >= 1838450) AND (id <= 1839449))

table 6 : explain SELECT c FROM sbtest6 WHERE id BETWEEN 5484036 AND 5485035
	Bitmap Heap Scan on sbtest6  (cost=22.02..3615.80 rows=935 width=121)
	  Recheck Cond: ((id >= 5484036) AND (id <= 5485035))
	  ->  Bitmap Index Scan on sbtest6_pkey  (cost=0.00..21.79 rows=935 width=0)
	        Index Cond: ((id >= 5484036) AND (id <= 5485035))

table 7 : explain SELECT c FROM sbtest7 WHERE id BETWEEN 2136755 AND 2137754
	Bitmap Heap Scan on sbtest7  (cost=23.39..4120.34 rows=1069 width=121)
	  Recheck Cond: ((id >= 2136755) AND (id <= 2137754))
	  ->  Bitmap Index Scan on sbtest7_pkey  (cost=0.00..23.12 rows=1069 width=0)
	        Index Cond: ((id >= 2136755) AND (id <= 2137754))

table 8 : explain SELECT c FROM sbtest8 WHERE id BETWEEN 667553 AND 668552
	Bitmap Heap Scan on sbtest8  (cost=22.39..3751.83 rows=971 width=121)
	  Recheck Cond: ((id >= 667553) AND (id <= 668552))
	  ->  Bitmap Index Scan on sbtest8_pkey  (cost=0.00..22.14 rows=971 width=0)
	        Index Cond: ((id >= 667553) AND (id <= 668552))

explain: for point_selects :: explain SELECT c FROM sbtest%u WHERE id=%u
explain: for point_selects :: explain SELECT c FROM sbtest%u WHERE id=%u
for point_selects
table 1 : explain SELECT c FROM sbtest1 WHERE id=4288195
	Index Scan using sbtest1_pkey on sbtest1  (cost=0.43..8.45 rows=1 width=121)
	  Index Cond: (id = 4288195)

table 2 : explain SELECT c FROM sbtest2 WHERE id=6531132
	Index Scan using sbtest2_pkey on sbtest2  (cost=0.43..8.45 rows=1 width=121)
	  Index Cond: (id = 6531132)

table 3 : explain SELECT c FROM sbtest3 WHERE id=6496019
	Index Scan using sbtest3_pkey on sbtest3  (cost=0.43..8.45 rows=1 width=121)
	  Index Cond: (id = 6496019)

table 4 : explain SELECT c FROM sbtest4 WHERE id=8223254
	Index Scan using sbtest4_pkey on sbtest4  (cost=0.43..8.45 rows=1 width=121)
	  Index Cond: (id = 8223254)

table 5 : explain SELECT c FROM sbtest5 WHERE id=2768232
	Index Scan using sbtest5_pkey on sbtest5  (cost=0.43..8.45 rows=1 width=121)
	  Index Cond: (id = 2768232)

table 6 : explain SELECT c FROM sbtest6 WHERE id=1613900
	Index Scan using sbtest6_pkey on sbtest6  (cost=0.43..8.45 rows=1 width=121)
	  Index Cond: (id = 1613900)

table 7 : explain SELECT c FROM sbtest7 WHERE id=4784514
	Index Scan using sbtest7_pkey on sbtest7  (cost=0.43..8.45 rows=1 width=121)
	  Index Cond: (id = 4784514)

table 8 : explain SELECT c FROM sbtest8 WHERE id=8874893
	Index Scan using sbtest8_pkey on sbtest8  (cost=0.43..8.45 rows=1 width=121)
	  Index Cond: (id = 8874893)

for: simple_ranges
table 1 : explain SELECT c FROM sbtest1 WHERE id BETWEEN 6415935 AND 6416934
	Bitmap Heap Scan on sbtest1  (cost=28.45..4506.74 rows=1172 width=121)
	  Recheck Cond: ((id >= 6415935) AND (id <= 6416934))
	  ->  Bitmap Index Scan on sbtest1_pkey  (cost=0.00..28.15 rows=1172 width=0)
	        Index Cond: ((id >= 6415935) AND (id <= 6416934))

table 2 : explain SELECT c FROM sbtest2 WHERE id BETWEEN 9878473 AND 9879472
	Bitmap Heap Scan on sbtest2  (cost=22.31..3722.14 rows=963 width=121)
	  Recheck Cond: ((id >= 9878473) AND (id <= 9879472))
	  ->  Bitmap Index Scan on sbtest2_pkey  (cost=0.00..22.07 rows=963 width=0)
	        Index Cond: ((id >= 9878473) AND (id <= 9879472))

table 3 : explain SELECT c FROM sbtest3 WHERE id BETWEEN 1339138 AND 1340137
	Bitmap Heap Scan on sbtest3  (cost=23.26..4070.43 rows=1056 width=121)
	  Recheck Cond: ((id >= 1339138) AND (id <= 1340137))
	  ->  Bitmap Index Scan on sbtest3_pkey  (cost=0.00..23.00 rows=1056 width=0)
	        Index Cond: ((id >= 1339138) AND (id <= 1340137))

table 4 : explain SELECT c FROM sbtest4 WHERE id BETWEEN 6335389 AND 6336388
	Bitmap Heap Scan on sbtest4  (cost=22.29..3713.67 rows=961 width=121)
	  Recheck Cond: ((id >= 6335389) AND (id <= 6336388))
	  ->  Bitmap Index Scan on sbtest4_pkey  (cost=0.00..22.04 rows=961 width=0)
	        Index Cond: ((id >= 6335389) AND (id <= 6336388))

table 5 : explain SELECT c FROM sbtest5 WHERE id BETWEEN 1165250 AND 1166249
	Bitmap Heap Scan on sbtest5  (cost=26.68..3865.60 rows=1000 width=121)
	  Recheck Cond: ((id >= 1165250) AND (id <= 1166249))
	  ->  Bitmap Index Scan on sbtest5_pkey  (cost=0.00..26.43 rows=1000 width=0)
	        Index Cond: ((id >= 1165250) AND (id <= 1166249))

table 6 : explain SELECT c FROM sbtest6 WHERE id BETWEEN 5105912 AND 5106911
	Bitmap Heap Scan on sbtest6  (cost=23.09..4011.38 rows=1040 width=121)
	  Recheck Cond: ((id >= 5105912) AND (id <= 5106911))
	  ->  Bitmap Index Scan on sbtest6_pkey  (cost=0.00..22.83 rows=1040 width=0)
	        Index Cond: ((id >= 5105912) AND (id <= 5106911))

table 7 : explain SELECT c FROM sbtest7 WHERE id BETWEEN 6816805 AND 6817804
	Bitmap Heap Scan on sbtest7  (cost=22.31..3721.39 rows=963 width=121)
	  Recheck Cond: ((id >= 6816805) AND (id <= 6817804))
	  ->  Bitmap Index Scan on sbtest7_pkey  (cost=0.00..22.07 rows=963 width=0)
	        Index Cond: ((id >= 6816805) AND (id <= 6817804))

table 8 : explain SELECT c FROM sbtest8 WHERE id BETWEEN 7939419 AND 7940418
	Bitmap Heap Scan on sbtest8  (cost=21.81..3540.51 rows=915 width=121)
	  Recheck Cond: ((id >= 7939419) AND (id <= 7940418))
	  ->  Bitmap Index Scan on sbtest8_pkey  (cost=0.00..21.58 rows=915 width=0)
	        Index Cond: ((id >= 7939419) AND (id <= 7940418))

for: simple_ranges
table 1 : explain SELECT c FROM sbtest1 WHERE id BETWEEN 9915150 AND 9916149
	Bitmap Heap Scan on sbtest1  (cost=22.33..3728.80 rows=965 width=121)
	  Recheck Cond: ((id >= 9915150) AND (id <= 9916149))
	  ->  Bitmap Index Scan on sbtest1_pkey  (cost=0.00..22.08 rows=965 width=0)
	        Index Cond: ((id >= 9915150) AND (id <= 9916149))

table 2 : explain SELECT c FROM sbtest2 WHERE id BETWEEN 4024761 AND 4025760
	Bitmap Heap Scan on sbtest2  (cost=22.55..3812.62 rows=987 width=121)
	  Recheck Cond: ((id >= 4024761) AND (id <= 4025760))
	  ->  Bitmap Index Scan on sbtest2_pkey  (cost=0.00..22.30 rows=987 width=0)
	        Index Cond: ((id >= 4024761) AND (id <= 4025760))

table 3 : explain SELECT c FROM sbtest3 WHERE id BETWEEN 6230667 AND 6231666
	Bitmap Heap Scan on sbtest3  (cost=22.13..3656.38 rows=946 width=121)
	  Recheck Cond: ((id >= 6230667) AND (id <= 6231666))
	  ->  Bitmap Index Scan on sbtest3_pkey  (cost=0.00..21.89 rows=946 width=0)
	        Index Cond: ((id >= 6230667) AND (id <= 6231666))

table 4 : explain SELECT c FROM sbtest4 WHERE id BETWEEN 2722063 AND 2723062
	Bitmap Heap Scan on sbtest4  (cost=22.67..3856.86 rows=999 width=121)
	  Recheck Cond: ((id >= 2722063) AND (id <= 2723062))
	  ->  Bitmap Index Scan on sbtest4_pkey  (cost=0.00..22.43 rows=999 width=0)
	        Index Cond: ((id >= 2722063) AND (id <= 2723062))

table 5 : explain SELECT c FROM sbtest5 WHERE id BETWEEN 7980104 AND 7981103
	Bitmap Heap Scan on sbtest5  (cost=22.41..3759.85 rows=973 width=121)
	  Recheck Cond: ((id >= 7980104) AND (id <= 7981103))
	  ->  Bitmap Index Scan on sbtest5_pkey  (cost=0.00..22.16 rows=973 width=0)
	        Index Cond: ((id >= 7980104) AND (id <= 7981103))

table 6 : explain SELECT c FROM sbtest6 WHERE id BETWEEN 1434403 AND 1435402
	Bitmap Heap Scan on sbtest6  (cost=22.47..3781.74 rows=979 width=121)
	  Recheck Cond: ((id >= 1434403) AND (id <= 1435402))
	  ->  Bitmap Index Scan on sbtest6_pkey  (cost=0.00..22.22 rows=979 width=0)
	        Index Cond: ((id >= 1434403) AND (id <= 1435402))

table 7 : explain SELECT c FROM sbtest7 WHERE id BETWEEN 8884612 AND 8885611
	Bitmap Heap Scan on sbtest7  (cost=22.70..3864.58 rows=1001 width=121)
	  Recheck Cond: ((id >= 8884612) AND (id <= 8885611))
	  ->  Bitmap Index Scan on sbtest7_pkey  (cost=0.00..22.44 rows=1001 width=0)
	        Index Cond: ((id >= 8884612) AND (id <= 8885611))

table 8 : explain SELECT c FROM sbtest8 WHERE id BETWEEN 192424 AND 193423
	Bitmap Heap Scan on sbtest8  (cost=22.80..3902.52 rows=1011 width=121)
	  Recheck Cond: ((id >= 192424) AND (id <= 193423))
	  ->  Bitmap Index Scan on sbtest8_pkey  (cost=0.00..22.54 rows=1011 width=0)
	        Index Cond: ((id >= 192424) AND (id <= 193423))

for: sum_ranges
table 1 : explain SELECT SUM(k) FROM sbtest1 WHERE id BETWEEN 7692827 AND 7693826
	Aggregate  (cost=3602.87..3602.88 rows=1 width=8)
	  ->  Bitmap Heap Scan on sbtest1  (cost=21.98..3600.54 rows=931 width=4)
	        Recheck Cond: ((id >= 7692827) AND (id <= 7693826))
	        ->  Bitmap Index Scan on sbtest1_pkey  (cost=0.00..21.75 rows=931 width=0)
	              Index Cond: ((id >= 7692827) AND (id <= 7693826))

table 2 : explain SELECT SUM(k) FROM sbtest2 WHERE id BETWEEN 7595413 AND 7596412
	Aggregate  (cost=3849.02..3849.03 rows=1 width=8)
	  ->  Bitmap Heap Scan on sbtest2  (cost=22.64..3846.53 rows=996 width=4)
	        Recheck Cond: ((id >= 7595413) AND (id <= 7596412))
	        ->  Bitmap Index Scan on sbtest2_pkey  (cost=0.00..22.39 rows=996 width=0)
	              Index Cond: ((id >= 7595413) AND (id <= 7596412))

table 3 : explain SELECT SUM(k) FROM sbtest3 WHERE id BETWEEN 5281297 AND 5282296
	Aggregate  (cost=4313.69..4313.70 rows=1 width=8)
	  ->  Bitmap Heap Scan on sbtest3  (cost=27.92..4310.89 rows=1120 width=4)
	        Recheck Cond: ((id >= 5281297) AND (id <= 5282296))
	        ->  Bitmap Index Scan on sbtest3_pkey  (cost=0.00..27.64 rows=1120 width=0)
	              Index Cond: ((id >= 5281297) AND (id <= 5282296))

table 4 : explain SELECT SUM(k) FROM sbtest4 WHERE id BETWEEN 5724210 AND 5725209
	Aggregate  (cost=3878.19..3878.20 rows=1 width=8)
	  ->  Bitmap Heap Scan on sbtest4  (cost=22.73..3875.68 rows=1004 width=4)
	        Recheck Cond: ((id >= 5724210) AND (id <= 5725209))
	        ->  Bitmap Index Scan on sbtest4_pkey  (cost=0.00..22.47 rows=1004 width=0)
	              Index Cond: ((id >= 5724210) AND (id <= 5725209))

table 5 : explain SELECT SUM(k) FROM sbtest5 WHERE id BETWEEN 5731533 AND 5732532
	Aggregate  (cost=3913.32..3913.33 rows=1 width=8)
	  ->  Bitmap Heap Scan on sbtest5  (cost=26.81..3910.79 rows=1012 width=4)
	        Recheck Cond: ((id >= 5731533) AND (id <= 5732532))
	        ->  Bitmap Index Scan on sbtest5_pkey  (cost=0.00..26.55 rows=1012 width=0)
	              Index Cond: ((id >= 5731533) AND (id <= 5732532))

table 6 : explain SELECT SUM(k) FROM sbtest6 WHERE id BETWEEN 9082459 AND 9083458
	Aggregate  (cost=4401.19..4401.20 rows=1 width=8)
	  ->  Bitmap Heap Scan on sbtest6  (cost=28.15..4398.33 rows=1143 width=4)
	        Recheck Cond: ((id >= 9082459) AND (id <= 9083458))
	        ->  Bitmap Index Scan on sbtest6_pkey  (cost=0.00..27.86 rows=1143 width=0)
	              Index Cond: ((id >= 9082459) AND (id <= 9083458))

table 7 : explain SELECT SUM(k) FROM sbtest7 WHERE id BETWEEN 620457 AND 621456
	Aggregate  (cost=3791.69..3791.70 rows=1 width=8)
	  ->  Bitmap Heap Scan on sbtest7  (cost=22.49..3789.24 rows=981 width=4)
	        Recheck Cond: ((id >= 620457) AND (id <= 621456))
	        ->  Bitmap Index Scan on sbtest7_pkey  (cost=0.00..22.25 rows=981 width=0)
	              Index Cond: ((id >= 620457) AND (id <= 621456))

table 8 : explain SELECT SUM(k) FROM sbtest8 WHERE id BETWEEN 5014957 AND 5015956
	Aggregate  (cost=3969.08..3969.09 rows=1 width=8)
	  ->  Bitmap Heap Scan on sbtest8  (cost=22.97..3966.51 rows=1028 width=4)
	        Recheck Cond: ((id >= 5014957) AND (id <= 5015956))
	        ->  Bitmap Index Scan on sbtest8_pkey  (cost=0.00..22.71 rows=1028 width=0)
	              Index Cond: ((id >= 5014957) AND (id <= 5015956))

for point_selects
table 1 : explain SELECT c FROM sbtest1 WHERE id=7608653
	Index Scan using sbtest1_pkey on sbtest1  (cost=0.43..8.45 rows=1 width=121)
	  Index Cond: (id = 7608653)

table 2 : explain SELECT c FROM sbtest2 WHERE id=3704866
	Index Scan using sbtest2_pkey on sbtest2  (cost=0.43..8.45 rows=1 width=121)
	  Index Cond: (id = 3704866)

table 3 : explain SELECT c FROM sbtest3 WHERE id=1460237
	Index Scan using sbtest3_pkey on sbtest3  (cost=0.43..8.45 rows=1 width=121)
	  Index Cond: (id = 1460237)

table 4 : explain SELECT c FROM sbtest4 WHERE id=4338037
	Index Scan using sbtest4_pkey on sbtest4  (cost=0.43..8.45 rows=1 width=121)
	  Index Cond: (id = 4338037)

table 5 : explain SELECT c FROM sbtest5 WHERE id=4128347
	Index Scan using sbtest5_pkey on sbtest5  (cost=0.43..8.45 rows=1 width=121)
	  Index Cond: (id = 4128347)

table 6 : explain SELECT c FROM sbtest6 WHERE id=3143105
	Index Scan using sbtest6_pkey on sbtest6  (cost=0.43..8.45 rows=1 width=121)
	  Index Cond: (id = 3143105)

table 7 : explain SELECT c FROM sbtest7 WHERE id=2883740
	Index Scan using sbtest7_pkey on sbtest7  (cost=0.43..8.45 rows=1 width=121)
	  Index Cond: (id = 2883740)

table 8 : explain SELECT c FROM sbtest8 WHERE id=8325833
	Index Scan using sbtest8_pkey on sbtest8  (cost=0.43..8.45 rows=1 width=121)
	  Index Cond: (id = 8325833)

for: simple_ranges
table 1 : explain SELECT c FROM sbtest1 WHERE id BETWEEN 3991451 AND 3992450
	Bitmap Heap Scan on sbtest1  (cost=22.44..3770.26 rows=976 width=121)
	  Recheck Cond: ((id >= 3991451) AND (id <= 3992450))
	  ->  Bitmap Index Scan on sbtest1_pkey  (cost=0.00..22.19 rows=976 width=0)
	        Index Cond: ((id >= 3991451) AND (id <= 3992450))

table 2 : explain SELECT c FROM sbtest2 WHERE id BETWEEN 762710 AND 763709
	Bitmap Heap Scan on sbtest2  (cost=27.44..4144.00 rows=1074 width=121)
	  Recheck Cond: ((id >= 762710) AND (id <= 763709))
	  ->  Bitmap Index Scan on sbtest2_pkey  (cost=0.00..27.18 rows=1074 width=0)
	        Index Cond: ((id >= 762710) AND (id <= 763709))

table 3 : explain SELECT c FROM sbtest3 WHERE id BETWEEN 8404870 AND 8405869
	Bitmap Heap Scan on sbtest3  (cost=22.87..3927.57 rows=1018 width=121)
	  Recheck Cond: ((id >= 8404870) AND (id <= 8405869))
	  ->  Bitmap Index Scan on sbtest3_pkey  (cost=0.00..22.61 rows=1018 width=0)
	        Index Cond: ((id >= 8404870) AND (id <= 8405869))

table 4 : explain SELECT c FROM sbtest4 WHERE id BETWEEN 6437247 AND 6438246
	Bitmap Heap Scan on sbtest4  (cost=23.13..4022.42 rows=1043 width=121)
	  Recheck Cond: ((id >= 6437247) AND (id <= 6438246))
	  ->  Bitmap Index Scan on sbtest4_pkey  (cost=0.00..22.86 rows=1043 width=0)
	        Index Cond: ((id >= 6437247) AND (id <= 6438246))

table 5 : explain SELECT c FROM sbtest5 WHERE id BETWEEN 7985197 AND 7986196
	Bitmap Heap Scan on sbtest5  (cost=22.41..3759.85 rows=973 width=121)
	  Recheck Cond: ((id >= 7985197) AND (id <= 7986196))
	  ->  Bitmap Index Scan on sbtest5_pkey  (cost=0.00..22.16 rows=973 width=0)
	        Index Cond: ((id >= 7985197) AND (id <= 7986196))

table 6 : explain SELECT c FROM sbtest6 WHERE id BETWEEN 7036051 AND 7037050
	Bitmap Heap Scan on sbtest6  (cost=21.98..3600.70 rows=931 width=121)
	  Recheck Cond: ((id >= 7036051) AND (id <= 7037050))
	  ->  Bitmap Index Scan on sbtest6_pkey  (cost=0.00..21.75 rows=931 width=0)
	        Index Cond: ((id >= 7036051) AND (id <= 7037050))

table 7 : explain SELECT c FROM sbtest7 WHERE id BETWEEN 2052592 AND 2053591
	Bitmap Heap Scan on sbtest7  (cost=23.40..4124.09 rows=1070 width=121)
	  Recheck Cond: ((id >= 2052592) AND (id <= 2053591))
	  ->  Bitmap Index Scan on sbtest7_pkey  (cost=0.00..23.14 rows=1070 width=0)
	        Index Cond: ((id >= 2052592) AND (id <= 2053591))

table 8 : explain SELECT c FROM sbtest8 WHERE id BETWEEN 8653301 AND 8654300
	Bitmap Heap Scan on sbtest8  (cost=22.50..3793.29 rows=982 width=121)
	  Recheck Cond: ((id >= 8653301) AND (id <= 8654300))
	  ->  Bitmap Index Scan on sbtest8_pkey  (cost=0.00..22.25 rows=982 width=0)
	        Index Cond: ((id >= 8653301) AND (id <= 8654300))

for: sum_ranges
table 1 : explain SELECT SUM(k) FROM sbtest1 WHERE id BETWEEN 9435589 AND 9436588
	Aggregate  (cost=4134.13..4134.14 rows=1 width=8)
	  ->  Bitmap Heap Scan on sbtest1  (cost=23.42..4131.45 rows=1072 width=4)
	        Recheck Cond: ((id >= 9435589) AND (id <= 9436588))
	        ->  Bitmap Index Scan on sbtest1_pkey  (cost=0.00..23.15 rows=1072 width=0)
	              Index Cond: ((id >= 9435589) AND (id <= 9436588))

table 2 : explain SELECT SUM(k) FROM sbtest2 WHERE id BETWEEN 4611634 AND 4612633
	Aggregate  (cost=3497.85..3497.86 rows=1 width=8)
	  ->  Bitmap Heap Scan on sbtest2  (cost=21.69..3495.60 rows=903 width=4)
	        Recheck Cond: ((id >= 4611634) AND (id <= 4612633))
	        ->  Bitmap Index Scan on sbtest2_pkey  (cost=0.00..21.46 rows=903 width=0)
	              Index Cond: ((id >= 4611634) AND (id <= 4612633))

table 3 : explain SELECT SUM(k) FROM sbtest3 WHERE id BETWEEN 4808186 AND 4809185
	Aggregate  (cost=3896.23..3896.24 rows=1 width=8)
	  ->  Bitmap Heap Scan on sbtest3  (cost=22.78..3893.71 rows=1009 width=4)
	        Recheck Cond: ((id >= 4808186) AND (id <= 4809185))
	        ->  Bitmap Index Scan on sbtest3_pkey  (cost=0.00..22.52 rows=1009 width=0)
	              Index Cond: ((id >= 4808186) AND (id <= 4809185))

table 4 : explain SELECT SUM(k) FROM sbtest4 WHERE id BETWEEN 5819571 AND 5820570
	Aggregate  (cost=3273.71..3273.72 rows=1 width=8)
	  ->  Bitmap Heap Scan on sbtest4  (cost=21.09..3271.60 rows=844 width=4)
	        Recheck Cond: ((id >= 5819571) AND (id <= 5820570))
	        ->  Bitmap Index Scan on sbtest4_pkey  (cost=0.00..20.87 rows=844 width=0)
	              Index Cond: ((id >= 5819571) AND (id <= 5820570))

table 5 : explain SELECT SUM(k) FROM sbtest5 WHERE id BETWEEN 9206887 AND 9207886
	Aggregate  (cost=3637.70..3637.71 rows=1 width=8)
	  ->  Bitmap Heap Scan on sbtest5  (cost=22.07..3635.35 rows=940 width=4)
	        Recheck Cond: ((id >= 9206887) AND (id <= 9207886))
	        ->  Bitmap Index Scan on sbtest5_pkey  (cost=0.00..21.83 rows=940 width=0)
	              Index Cond: ((id >= 9206887) AND (id <= 9207886))

table 6 : explain SELECT SUM(k) FROM sbtest6 WHERE id BETWEEN 7631366 AND 7632365
	Aggregate  (cost=3765.33..3765.34 rows=1 width=8)
	  ->  Bitmap Heap Scan on sbtest6  (cost=22.42..3762.90 rows=974 width=4)
	        Recheck Cond: ((id >= 7631366) AND (id <= 7632365))
	        ->  Bitmap Index Scan on sbtest6_pkey  (cost=0.00..22.18 rows=974 width=0)
	              Index Cond: ((id >= 7631366) AND (id <= 7632365))

table 7 : explain SELECT SUM(k) FROM sbtest7 WHERE id BETWEEN 1155369 AND 1156368
	Aggregate  (cost=3987.59..3987.60 rows=1 width=8)
	  ->  Bitmap Heap Scan on sbtest7  (cost=23.02..3985.01 rows=1033 width=4)
	        Recheck Cond: ((id >= 1155369) AND (id <= 1156368))
	        ->  Bitmap Index Scan on sbtest7_pkey  (cost=0.00..22.76 rows=1033 width=0)
	              Index Cond: ((id >= 1155369) AND (id <= 1156368))

table 8 : explain SELECT SUM(k) FROM sbtest8 WHERE id BETWEEN 4792264 AND 4793263
	Aggregate  (cost=3950.25..3950.26 rows=1 width=8)
	  ->  Bitmap Heap Scan on sbtest8  (cost=22.92..3947.69 rows=1023 width=4)
	        Recheck Cond: ((id >= 4792264) AND (id <= 4793263))
	        ->  Bitmap Index Scan on sbtest8_pkey  (cost=0.00..22.66 rows=1023 width=0)
	              Index Cond: ((id >= 4792264) AND (id <= 4793263))

for point_selects
table 1 : explain SELECT c FROM sbtest1 WHERE id=906555
	Index Scan using sbtest1_pkey on sbtest1  (cost=0.43..8.45 rows=1 width=121)
	  Index Cond: (id = 906555)

table 2 : explain SELECT c FROM sbtest2 WHERE id=7468022
	Index Scan using sbtest2_pkey on sbtest2  (cost=0.43..8.45 rows=1 width=121)
	  Index Cond: (id = 7468022)

table 3 : explain SELECT c FROM sbtest3 WHERE id=9834510
	Index Scan using sbtest3_pkey on sbtest3  (cost=0.43..8.45 rows=1 width=121)
	  Index Cond: (id = 9834510)

table 4 : explain SELECT c FROM sbtest4 WHERE id=6798959
	Index Scan using sbtest4_pkey on sbtest4  (cost=0.43..8.45 rows=1 width=121)
	  Index Cond: (id = 6798959)

table 5 : explain SELECT c FROM sbtest5 WHERE id=8241620
	Index Scan using sbtest5_pkey on sbtest5  (cost=0.43..8.45 rows=1 width=121)
	  Index Cond: (id = 8241620)

table 6 : explain SELECT c FROM sbtest6 WHERE id=9335879
	Index Scan using sbtest6_pkey on sbtest6  (cost=0.43..8.45 rows=1 width=121)
	  Index Cond: (id = 9335879)

table 7 : explain SELECT c FROM sbtest7 WHERE id=2118176
	Index Scan using sbtest7_pkey on sbtest7  (cost=0.43..8.45 rows=1 width=121)
	  Index Cond: (id = 2118176)

table 8 : explain SELECT c FROM sbtest8 WHERE id=1461582
	Index Scan using sbtest8_pkey on sbtest8  (cost=0.43..8.45 rows=1 width=121)
	  Index Cond: (id = 1461582)

for: sum_ranges
table 1 : explain SELECT SUM(k) FROM sbtest1 WHERE id BETWEEN 860965 AND 861964
	Aggregate  (cost=3994.97..3994.98 rows=1 width=8)
	  ->  Bitmap Heap Scan on sbtest1  (cost=23.04..3992.38 rows=1035 width=4)
	        Recheck Cond: ((id >= 860965) AND (id <= 861964))
	        ->  Bitmap Index Scan on sbtest1_pkey  (cost=0.00..22.79 rows=1035 width=0)
	              Index Cond: ((id >= 860965) AND (id <= 861964))

table 2 : explain SELECT SUM(k) FROM sbtest2 WHERE id BETWEEN 6842700 AND 6843699
	Aggregate  (cost=3773.60..3773.61 rows=1 width=8)
	  ->  Bitmap Heap Scan on sbtest2  (cost=22.44..3771.16 rows=976 width=4)
	        Recheck Cond: ((id >= 6842700) AND (id <= 6843699))
	        ->  Bitmap Index Scan on sbtest2_pkey  (cost=0.00..22.19 rows=976 width=0)
	              Index Cond: ((id >= 6842700) AND (id <= 6843699))

table 3 : explain SELECT SUM(k) FROM sbtest3 WHERE id BETWEEN 4772514 AND 4773513
	Aggregate  (cost=3896.23..3896.24 rows=1 width=8)
	  ->  Bitmap Heap Scan on sbtest3  (cost=22.78..3893.71 rows=1009 width=4)
	        Recheck Cond: ((id >= 4772514) AND (id <= 4773513))
	        ->  Bitmap Index Scan on sbtest3_pkey  (cost=0.00..22.52 rows=1009 width=0)
	              Index Cond: ((id >= 4772514) AND (id <= 4773513))

table 4 : explain SELECT SUM(k) FROM sbtest4 WHERE id BETWEEN 9020108 AND 9021107
	Aggregate  (cost=3832.98..3832.99 rows=1 width=8)
	  ->  Bitmap Heap Scan on sbtest4  (cost=22.60..3830.50 rows=992 width=4)
	        Recheck Cond: ((id >= 9020108) AND (id <= 9021107))
	        ->  Bitmap Index Scan on sbtest4_pkey  (cost=0.00..22.36 rows=992 width=0)
	              Index Cond: ((id >= 9020108) AND (id <= 9021107))

table 5 : explain SELECT SUM(k) FROM sbtest5 WHERE id BETWEEN 9729145 AND 9730144
	Aggregate  (cost=4165.48..4165.49 rows=1 width=8)
	  ->  Bitmap Heap Scan on sbtest5  (cost=27.49..4162.78 rows=1079 width=4)
	        Recheck Cond: ((id >= 9729145) AND (id <= 9730144))
	        ->  Bitmap Index Scan on sbtest5_pkey  (cost=0.00..27.22 rows=1079 width=0)
	              Index Cond: ((id >= 9729145) AND (id <= 9730144))

table 6 : explain SELECT SUM(k) FROM sbtest6 WHERE id BETWEEN 2683148 AND 2684147
	Aggregate  (cost=4528.63..4528.64 rows=1 width=8)
	  ->  Bitmap Heap Scan on sbtest6  (cost=28.50..4525.69 rows=1177 width=4)
	        Recheck Cond: ((id >= 2683148) AND (id <= 2684147))
	        ->  Bitmap Index Scan on sbtest6_pkey  (cost=0.00..28.20 rows=1177 width=0)
	              Index Cond: ((id >= 2683148) AND (id <= 2684147))

table 7 : explain SELECT SUM(k) FROM sbtest7 WHERE id BETWEEN 6759410 AND 6760409
	Aggregate  (cost=3976.30..3976.31 rows=1 width=8)
	  ->  Bitmap Heap Scan on sbtest7  (cost=22.99..3973.72 rows=1030 width=4)
	        Recheck Cond: ((id >= 6759410) AND (id <= 6760409))
	        ->  Bitmap Index Scan on sbtest7_pkey  (cost=0.00..22.73 rows=1030 width=0)
	              Index Cond: ((id >= 6759410) AND (id <= 6760409))

table 8 : explain SELECT SUM(k) FROM sbtest8 WHERE id BETWEEN 9366265 AND 9367264
	Aggregate  (cost=3780.66..3780.67 rows=1 width=8)
	  ->  Bitmap Heap Scan on sbtest8  (cost=22.46..3778.22 rows=978 width=4)
	        Recheck Cond: ((id >= 9366265) AND (id <= 9367264))
	        ->  Bitmap Index Scan on sbtest8_pkey  (cost=0.00..22.21 rows=978 width=0)
	              Index Cond: ((id >= 9366265) AND (id <= 9367264))

for: simple_ranges
table 1 : explain SELECT c FROM sbtest1 WHERE id BETWEEN 6604315 AND 6605314
	Bitmap Heap Scan on sbtest1  (cost=23.22..4056.30 rows=1052 width=121)
	  Recheck Cond: ((id >= 6604315) AND (id <= 6605314))
	  ->  Bitmap Index Scan on sbtest1_pkey  (cost=0.00..22.95 rows=1052 width=0)
	        Index Cond: ((id >= 6604315) AND (id <= 6605314))

table 2 : explain SELECT c FROM sbtest2 WHERE id BETWEEN 3756905 AND 3757904
	Bitmap Heap Scan on sbtest2  (cost=27.62..4207.86 rows=1091 width=121)
	  Recheck Cond: ((id >= 3756905) AND (id <= 3757904))
	  ->  Bitmap Index Scan on sbtest2_pkey  (cost=0.00..27.34 rows=1091 width=0)
	        Index Cond: ((id >= 3756905) AND (id <= 3757904))

table 3 : explain SELECT c FROM sbtest3 WHERE id BETWEEN 1014670 AND 1015669
	Bitmap Heap Scan on sbtest3  (cost=22.93..3950.14 rows=1024 width=121)
	  Recheck Cond: ((id >= 1014670) AND (id <= 1015669))
	  ->  Bitmap Index Scan on sbtest3_pkey  (cost=0.00..22.68 rows=1024 width=0)
	        Index Cond: ((id >= 1014670) AND (id <= 1015669))

table 4 : explain SELECT c FROM sbtest4 WHERE id BETWEEN 5359097 AND 5360096
	Bitmap Heap Scan on sbtest4  (cost=22.74..3879.45 rows=1005 width=121)
	  Recheck Cond: ((id >= 5359097) AND (id <= 5360096))
	  ->  Bitmap Index Scan on sbtest4_pkey  (cost=0.00..22.48 rows=1005 width=0)
	        Index Cond: ((id >= 5359097) AND (id <= 5360096))

table 5 : explain SELECT c FROM sbtest5 WHERE id BETWEEN 3955992 AND 3956991
	Bitmap Heap Scan on sbtest5  (cost=22.16..3669.32 rows=949 width=121)
	  Recheck Cond: ((id >= 3955992) AND (id <= 3956991))
	  ->  Bitmap Index Scan on sbtest5_pkey  (cost=0.00..21.93 rows=949 width=0)
	        Index Cond: ((id >= 3955992) AND (id <= 3956991))

table 6 : explain SELECT c FROM sbtest6 WHERE id BETWEEN 3015788 AND 3016787
	Bitmap Heap Scan on sbtest6  (cost=22.12..3653.54 rows=945 width=121)
	  Recheck Cond: ((id >= 3015788) AND (id <= 3016787))
	  ->  Bitmap Index Scan on sbtest6_pkey  (cost=0.00..21.89 rows=945 width=0)
	        Index Cond: ((id >= 3015788) AND (id <= 3016787))

table 7 : explain SELECT c FROM sbtest7 WHERE id BETWEEN 1268491 AND 1269490
	Bitmap Heap Scan on sbtest7  (cost=21.90..3570.46 rows=923 width=121)
	  Recheck Cond: ((id >= 1268491) AND (id <= 1269490))
	  ->  Bitmap Index Scan on sbtest7_pkey  (cost=0.00..21.66 rows=923 width=0)
	        Index Cond: ((id >= 1268491) AND (id <= 1269490))

table 8 : explain SELECT c FROM sbtest8 WHERE id BETWEEN 1565937 AND 1566936
	Bitmap Heap Scan on sbtest8  (cost=22.38..3748.06 rows=970 width=121)
	  Recheck Cond: ((id >= 1565937) AND (id <= 1566936))
	  ->  Bitmap Index Scan on sbtest8_pkey  (cost=0.00..22.14 rows=970 width=0)
	        Index Cond: ((id >= 1565937) AND (id <= 1566936))

for: simple_ranges
table 1 : explain SELECT c FROM sbtest1 WHERE id BETWEEN 2994568 AND 2995567
	Bitmap Heap Scan on sbtest1  (cost=22.47..3781.57 rows=979 width=121)
	  Recheck Cond: ((id >= 2994568) AND (id <= 2995567))
	  ->  Bitmap Index Scan on sbtest1_pkey  (cost=0.00..22.22 rows=979 width=0)
	        Index Cond: ((id >= 2994568) AND (id <= 2995567))

table 2 : explain SELECT c FROM sbtest2 WHERE id BETWEEN 1347297 AND 1348296
	Bitmap Heap Scan on sbtest2  (cost=21.56..3446.45 rows=890 width=121)
	  Recheck Cond: ((id >= 1347297) AND (id <= 1348296))
	  ->  Bitmap Index Scan on sbtest2_pkey  (cost=0.00..21.33 rows=890 width=0)
	        Index Cond: ((id >= 1347297) AND (id <= 1348296))

table 3 : explain SELECT c FROM sbtest3 WHERE id BETWEEN 3542329 AND 3543328
	Bitmap Heap Scan on sbtest3  (cost=22.57..3818.42 rows=989 width=121)
	  Recheck Cond: ((id >= 3542329) AND (id <= 3543328))
	  ->  Bitmap Index Scan on sbtest3_pkey  (cost=0.00..22.32 rows=989 width=0)
	        Index Cond: ((id >= 3542329) AND (id <= 3543328))

table 4 : explain SELECT c FROM sbtest4 WHERE id BETWEEN 3129911 AND 3130910
	Bitmap Heap Scan on sbtest4  (cost=23.22..4056.25 rows=1052 width=121)
	  Recheck Cond: ((id >= 3129911) AND (id <= 3130910))
	  ->  Bitmap Index Scan on sbtest4_pkey  (cost=0.00..22.95 rows=1052 width=0)
	        Index Cond: ((id >= 3129911) AND (id <= 3130910))

table 5 : explain SELECT c FROM sbtest5 WHERE id BETWEEN 9447281 AND 9448280
	Bitmap Heap Scan on sbtest5  (cost=22.60..3831.46 rows=992 width=121)
	  Recheck Cond: ((id >= 9447281) AND (id <= 9448280))
	  ->  Bitmap Index Scan on sbtest5_pkey  (cost=0.00..22.36 rows=992 width=0)
	        Index Cond: ((id >= 9447281) AND (id <= 9448280))

table 6 : explain SELECT c FROM sbtest6 WHERE id BETWEEN 7540140 AND 7541139
	Bitmap Heap Scan on sbtest6  (cost=23.26..4071.53 rows=1056 width=121)
	  Recheck Cond: ((id >= 7540140) AND (id <= 7541139))
	  ->  Bitmap Index Scan on sbtest6_pkey  (cost=0.00..23.00 rows=1056 width=0)
	        Index Cond: ((id >= 7540140) AND (id <= 7541139))

table 7 : explain SELECT c FROM sbtest7 WHERE id BETWEEN 6500362 AND 6501361
	Bitmap Heap Scan on sbtest7  (cost=22.85..3921.05 rows=1016 width=121)
	  Recheck Cond: ((id >= 6500362) AND (id <= 6501361))
	  ->  Bitmap Index Scan on sbtest7_pkey  (cost=0.00..22.59 rows=1016 width=0)
	        Index Cond: ((id >= 6500362) AND (id <= 6501361))

table 8 : explain SELECT c FROM sbtest8 WHERE id BETWEEN 1937558 AND 1938557
	Bitmap Heap Scan on sbtest8  (cost=22.97..3966.51 rows=1028 width=121)
	  Recheck Cond: ((id >= 1937558) AND (id <= 1938557))
	  ->  Bitmap Index Scan on sbtest8_pkey  (cost=0.00..22.71 rows=1028 width=0)
	        Index Cond: ((id >= 1937558) AND (id <= 1938557))

explain: for point_selects :: explain SELECT c FROM sbtest%u WHERE id=%u
explain: for point_selects :: explain SELECT c FROM sbtest%u WHERE id=%u
explain: for point_selects :: explain SELECT c FROM sbtest%u WHERE id=%u
for: order_ranges
table 1 : explain SELECT c FROM sbtest1 WHERE id BETWEEN 9738149 AND 9739148 ORDER BY c
	Sort  (cost=3393.32..3395.48 rows=865 width=121)
	  Sort Key: c
	  ->  Bitmap Heap Scan on sbtest1  (cost=21.30..3351.12 rows=865 width=121)
	        Recheck Cond: ((id >= 9738149) AND (id <= 9739148))
	        ->  Bitmap Index Scan on sbtest1_pkey  (cost=0.00..21.08 rows=865 width=0)
	              Index Cond: ((id >= 9738149) AND (id <= 9739148))

table 2 : explain SELECT c FROM sbtest2 WHERE id BETWEEN 9582786 AND 9583785 ORDER BY c
	Sort  (cost=3474.70..3476.91 rows=886 width=121)
	  Sort Key: c
	  ->  Bitmap Heap Scan on sbtest2  (cost=21.52..3431.32 rows=886 width=121)
	        Recheck Cond: ((id >= 9582786) AND (id <= 9583785))
	        ->  Bitmap Index Scan on sbtest2_pkey  (cost=0.00..21.29 rows=886 width=0)
	              Index Cond: ((id >= 9582786) AND (id <= 9583785))

table 3 : explain SELECT c FROM sbtest3 WHERE id BETWEEN 3173942 AND 3174941 ORDER BY c
	Sort  (cost=4134.91..4137.55 rows=1059 width=121)
	  Sort Key: c
	  ->  Bitmap Heap Scan on sbtest3  (cost=23.29..4081.70 rows=1059 width=121)
	        Recheck Cond: ((id >= 3173942) AND (id <= 3174941))
	        ->  Bitmap Index Scan on sbtest3_pkey  (cost=0.00..23.02 rows=1059 width=0)
	              Index Cond: ((id >= 3173942) AND (id <= 3174941))

table 4 : explain SELECT c FROM sbtest4 WHERE id BETWEEN 5195528 AND 5196527 ORDER BY c
	Sort  (cost=3692.37..3694.73 rows=943 width=121)
	  Sort Key: c
	  ->  Bitmap Heap Scan on sbtest4  (cost=22.10..3645.78 rows=943 width=121)
	        Recheck Cond: ((id >= 5195528) AND (id <= 5196527))
	        ->  Bitmap Index Scan on sbtest4_pkey  (cost=0.00..21.86 rows=943 width=0)
	              Index Cond: ((id >= 5195528) AND (id <= 5196527))

table 5 : explain SELECT c FROM sbtest5 WHERE id BETWEEN 4481465 AND 4482464 ORDER BY c
	Sort  (cost=3547.60..3549.86 rows=905 width=121)
	  Sort Key: c
	  ->  Bitmap Heap Scan on sbtest5  (cost=21.71..3503.15 rows=905 width=121)
	        Recheck Cond: ((id >= 4481465) AND (id <= 4482464))
	        ->  Bitmap Index Scan on sbtest5_pkey  (cost=0.00..21.48 rows=905 width=0)
	              Index Cond: ((id >= 4481465) AND (id <= 4482464))

table 6 : explain SELECT c FROM sbtest6 WHERE id BETWEEN 8420704 AND 8421703 ORDER BY c
	Sort  (cost=3585.29..3587.58 rows=915 width=121)
	  Sort Key: c
	  ->  Bitmap Heap Scan on sbtest6  (cost=21.81..3540.29 rows=915 width=121)
	        Recheck Cond: ((id >= 8420704) AND (id <= 8421703))
	        ->  Bitmap Index Scan on sbtest6_pkey  (cost=0.00..21.58 rows=915 width=0)
	              Index Cond: ((id >= 8420704) AND (id <= 8421703))

table 7 : explain SELECT c FROM sbtest7 WHERE id BETWEEN 6886839 AND 6887838 ORDER BY c
	Sort  (cost=3769.11..3771.52 rows=963 width=121)
	  Sort Key: c
	  ->  Bitmap Heap Scan on sbtest7  (cost=22.31..3721.39 rows=963 width=121)
	        Recheck Cond: ((id >= 6886839) AND (id <= 6887838))
	        ->  Bitmap Index Scan on sbtest7_pkey  (cost=0.00..22.07 rows=963 width=0)
	              Index Cond: ((id >= 6886839) AND (id <= 6887838))

table 8 : explain SELECT c FROM sbtest8 WHERE id BETWEEN 4941713 AND 4942712 ORDER BY c
	Sort  (cost=3868.87..3871.34 rows=989 width=121)
	  Sort Key: c
	  ->  Bitmap Heap Scan on sbtest8  (cost=22.57..3819.67 rows=989 width=121)
	        Recheck Cond: ((id >= 4941713) AND (id <= 4942712))
	        ->  Bitmap Index Scan on sbtest8_pkey  (cost=0.00..22.32 rows=989 width=0)
	              Index Cond: ((id >= 4941713) AND (id <= 4942712))

for: order_ranges
table 1 : explain SELECT c FROM sbtest1 WHERE id BETWEEN 4822698 AND 4823697 ORDER BY c
	Sort  (cost=3876.09..3878.57 rows=991 width=121)
	  Sort Key: c
	  ->  Bitmap Heap Scan on sbtest1  (cost=22.59..3826.78 rows=991 width=121)
	        Recheck Cond: ((id >= 4822698) AND (id <= 4823697))
	        ->  Bitmap Index Scan on sbtest1_pkey  (cost=0.00..22.34 rows=991 width=0)
	              Index Cond: ((id >= 4822698) AND (id <= 4823697))

table 2 : explain SELECT c FROM sbtest2 WHERE id BETWEEN 4548412 AND 4549411 ORDER BY c
	Sort  (cost=3539.93..3542.18 rows=903 width=121)
	  Sort Key: c
	  ->  Bitmap Heap Scan on sbtest2  (cost=21.69..3495.60 rows=903 width=121)
	        Recheck Cond: ((id >= 4548412) AND (id <= 4549411))
	        ->  Bitmap Index Scan on sbtest2_pkey  (cost=0.00..21.46 rows=903 width=0)
	              Index Cond: ((id >= 4548412) AND (id <= 4549411))

table 3 : explain SELECT c FROM sbtest3 WHERE id BETWEEN 8312262 AND 8313261 ORDER BY c
	Sort  (cost=4112.02..4114.65 rows=1053 width=121)
	  Sort Key: c
	  ->  Bitmap Heap Scan on sbtest3  (cost=23.23..4059.16 rows=1053 width=121)
	        Recheck Cond: ((id >= 8312262) AND (id <= 8313261))
	        ->  Bitmap Index Scan on sbtest3_pkey  (cost=0.00..22.96 rows=1053 width=0)
	              Index Cond: ((id >= 8312262) AND (id <= 8313261))

table 4 : explain SELECT c FROM sbtest4 WHERE id BETWEEN 526854 AND 527853 ORDER BY c
	Sort  (cost=3891.34..3893.83 rows=995 width=121)
	  Sort Key: c
	  ->  Bitmap Heap Scan on sbtest4  (cost=22.63..3841.80 rows=995 width=121)
	        Recheck Cond: ((id >= 526854) AND (id <= 527853))
	        ->  Bitmap Index Scan on sbtest4_pkey  (cost=0.00..22.39 rows=995 width=0)
	              Index Cond: ((id >= 526854) AND (id <= 527853))

table 5 : explain SELECT c FROM sbtest5 WHERE id BETWEEN 4314898 AND 4315897 ORDER BY c
	Sort  (cost=3811.96..3814.40 rows=974 width=121)
	  Sort Key: c
	  ->  Bitmap Heap Scan on sbtest5  (cost=22.42..3763.62 rows=974 width=121)
	        Recheck Cond: ((id >= 4314898) AND (id <= 4315897))
	        ->  Bitmap Index Scan on sbtest5_pkey  (cost=0.00..22.18 rows=974 width=0)
	              Index Cond: ((id >= 4314898) AND (id <= 4315897))

table 6 : explain SELECT c FROM sbtest6 WHERE id BETWEEN 9111391 AND 9112390 ORDER BY c
	Sort  (cost=4456.39..4459.24 rows=1143 width=121)
	  Sort Key: c
	  ->  Bitmap Heap Scan on sbtest6  (cost=28.15..4398.33 rows=1143 width=121)
	        Recheck Cond: ((id >= 9111391) AND (id <= 9112390))
	        ->  Bitmap Index Scan on sbtest6_pkey  (cost=0.00..27.86 rows=1143 width=0)
	              Index Cond: ((id >= 9111391) AND (id <= 9112390))

table 7 : explain SELECT c FROM sbtest7 WHERE id BETWEEN 1238824 AND 1239823 ORDER BY c
	Sort  (cost=3615.92..3618.23 rows=923 width=121)
	  Sort Key: c
	  ->  Bitmap Heap Scan on sbtest7  (cost=21.90..3570.46 rows=923 width=121)
	        Recheck Cond: ((id >= 1238824) AND (id <= 1239823))
	        ->  Bitmap Index Scan on sbtest7_pkey  (cost=0.00..21.66 rows=923 width=0)
	              Index Cond: ((id >= 1238824) AND (id <= 1239823))

table 8 : explain SELECT c FROM sbtest8 WHERE id BETWEEN 4006669 AND 4007668 ORDER BY c
	Sort  (cost=4235.65..4238.36 rows=1084 width=121)
	  Sort Key: c
	  ->  Bitmap Heap Scan on sbtest8  (cost=27.55..4181.01 rows=1084 width=121)
	        Recheck Cond: ((id >= 4006669) AND (id <= 4007668))
	        ->  Bitmap Index Scan on sbtest8_pkey  (cost=0.00..27.27 rows=1084 width=0)
	              Index Cond: ((id >= 4006669) AND (id <= 4007668))

for: sum_ranges
table 1 : explain SELECT SUM(k) FROM sbtest1 WHERE id BETWEEN 6162505 AND 6163504
	Aggregate  (cost=3810.41..3810.42 rows=1 width=8)
	  ->  Bitmap Heap Scan on sbtest1  (cost=22.54..3807.94 rows=986 width=4)
	        Recheck Cond: ((id >= 6162505) AND (id <= 6163504))
	        ->  Bitmap Index Scan on sbtest1_pkey  (cost=0.00..22.29 rows=986 width=0)
	              Index Cond: ((id >= 6162505) AND (id <= 6163504))

table 2 : explain SELECT SUM(k) FROM sbtest2 WHERE id BETWEEN 1219212 AND 1220211
	Aggregate  (cost=3977.12..3977.13 rows=1 width=8)
	  ->  Bitmap Heap Scan on sbtest2  (cost=22.99..3974.55 rows=1030 width=4)
	        Recheck Cond: ((id >= 1219212) AND (id <= 1220211))
	        ->  Bitmap Index Scan on sbtest2_pkey  (cost=0.00..22.73 rows=1030 width=0)
	              Index Cond: ((id >= 1219212) AND (id <= 1220211))

table 3 : explain SELECT SUM(k) FROM sbtest3 WHERE id BETWEEN 8374261 AND 8375260
	Aggregate  (cost=3930.11..3930.12 rows=1 width=8)
	  ->  Bitmap Heap Scan on sbtest3  (cost=22.87..3927.57 rows=1018 width=4)
	        Recheck Cond: ((id >= 8374261) AND (id <= 8375260))
	        ->  Bitmap Index Scan on sbtest3_pkey  (cost=0.00..22.61 rows=1018 width=0)
	              Index Cond: ((id >= 8374261) AND (id <= 8375260))

table 4 : explain SELECT SUM(k) FROM sbtest4 WHERE id BETWEEN 1883487 AND 1884486
	Aggregate  (cost=3904.56..3904.57 rows=1 width=8)
	  ->  Bitmap Heap Scan on sbtest4  (cost=22.80..3902.04 rows=1011 width=4)
	        Recheck Cond: ((id >= 1883487) AND (id <= 1884486))
	        ->  Bitmap Index Scan on sbtest4_pkey  (cost=0.00..22.54 rows=1011 width=0)
	              Index Cond: ((id >= 1883487) AND (id <= 1884486))

table 5 : explain SELECT SUM(k) FROM sbtest5 WHERE id BETWEEN 1874368 AND 1875367
	Aggregate  (cost=4124.12..4124.13 rows=1 width=8)
	  ->  Bitmap Heap Scan on sbtest5  (cost=27.38..4121.45 rows=1068 width=4)
	        Recheck Cond: ((id >= 1874368) AND (id <= 1875367))
	        ->  Bitmap Index Scan on sbtest5_pkey  (cost=0.00..27.11 rows=1068 width=0)
	              Index Cond: ((id >= 1874368) AND (id <= 1875367))

table 6 : explain SELECT SUM(k) FROM sbtest6 WHERE id BETWEEN 4636596 AND 4637595
	Aggregate  (cost=3870.89..3870.90 rows=1 width=8)
	  ->  Bitmap Heap Scan on sbtest6  (cost=22.71..3868.38 rows=1002 width=4)
	        Recheck Cond: ((id >= 4636596) AND (id <= 4637595))
	        ->  Bitmap Index Scan on sbtest6_pkey  (cost=0.00..22.45 rows=1002 width=0)
	              Index Cond: ((id >= 4636596) AND (id <= 4637595))

table 7 : explain SELECT SUM(k) FROM sbtest7 WHERE id BETWEEN 7480987 AND 7481986
	Aggregate  (cost=4637.17..4637.18 rows=1 width=8)
	  ->  Bitmap Heap Scan on sbtest7  (cost=28.80..4634.16 rows=1206 width=4)
	        Recheck Cond: ((id >= 7480987) AND (id <= 7481986))
	        ->  Bitmap Index Scan on sbtest7_pkey  (cost=0.00..28.50 rows=1206 width=0)
	              Index Cond: ((id >= 7480987) AND (id <= 7481986))

table 8 : explain SELECT SUM(k) FROM sbtest8 WHERE id BETWEEN 9508842 AND 9509841
	Aggregate  (cost=3961.55..3961.56 rows=1 width=8)
	  ->  Bitmap Heap Scan on sbtest8  (cost=22.95..3958.98 rows=1026 width=4)
	        Recheck Cond: ((id >= 9508842) AND (id <= 9509841))
	        ->  Bitmap Index Scan on sbtest8_pkey  (cost=0.00..22.69 rows=1026 width=0)
	              Index Cond: ((id >= 9508842) AND (id <= 9509841))

explain: for point_selects :: explain SELECT c FROM sbtest%u WHERE id=%u
for: order_ranges
table 1 : explain SELECT c FROM sbtest1 WHERE id BETWEEN 1191075 AND 1192074 ORDER BY c
	Sort  (cost=3983.11..3985.65 rows=1019 width=121)
	  Sort Key: c
	  ->  Bitmap Heap Scan on sbtest1  (cost=22.88..3932.19 rows=1019 width=121)
	        Recheck Cond: ((id >= 1191075) AND (id <= 1192074))
	        ->  Bitmap Index Scan on sbtest1_pkey  (cost=0.00..22.62 rows=1019 width=0)
	              Index Cond: ((id >= 1191075) AND (id <= 1192074))

table 2 : explain SELECT c FROM sbtest2 WHERE id BETWEEN 1316612 AND 1317611 ORDER BY c
	Sort  (cost=3490.05..3492.27 rows=890 width=121)
	  Sort Key: c
	  ->  Bitmap Heap Scan on sbtest2  (cost=21.56..3446.45 rows=890 width=121)
	        Recheck Cond: ((id >= 1316612) AND (id <= 1317611))
	        ->  Bitmap Index Scan on sbtest2_pkey  (cost=0.00..21.33 rows=890 width=0)
	              Index Cond: ((id >= 1316612) AND (id <= 1317611))

table 3 : explain SELECT c FROM sbtest3 WHERE id BETWEEN 375184 AND 376183 ORDER BY c
	Sort  (cost=4295.26..4298.02 rows=1101 width=121)
	  Sort Key: c
	  ->  Bitmap Heap Scan on sbtest3  (cost=27.72..4239.64 rows=1101 width=121)
	        Recheck Cond: ((id >= 375184) AND (id <= 376183))
	        ->  Bitmap Index Scan on sbtest3_pkey  (cost=0.00..27.44 rows=1101 width=0)
	              Index Cond: ((id >= 375184) AND (id <= 376183))

table 4 : explain SELECT c FROM sbtest4 WHERE id BETWEEN 2249035 AND 2250034 ORDER BY c
	Sort  (cost=3565.93..3568.20 rows=910 width=121)
	  Sort Key: c
	  ->  Bitmap Heap Scan on sbtest4  (cost=21.76..3521.20 rows=910 width=121)
	        Recheck Cond: ((id >= 2249035) AND (id <= 2250034))
	        ->  Bitmap Index Scan on sbtest4_pkey  (cost=0.00..21.54 rows=910 width=0)
	              Index Cond: ((id >= 2249035) AND (id <= 2250034))

table 5 : explain SELECT c FROM sbtest5 WHERE id BETWEEN 9773156 AND 9774155 ORDER BY c
	Sort  (cost=4217.14..4219.84 rows=1079 width=121)
	  Sort Key: c
	  ->  Bitmap Heap Scan on sbtest5  (cost=27.49..4162.78 rows=1079 width=121)
	        Recheck Cond: ((id >= 9773156) AND (id <= 9774155))
	        ->  Bitmap Index Scan on sbtest5_pkey  (cost=0.00..27.22 rows=1079 width=0)
	              Index Cond: ((id >= 9773156) AND (id <= 9774155))

table 6 : explain SELECT c FROM sbtest6 WHERE id BETWEEN 574115 AND 575114 ORDER BY c
	Sort  (cost=3719.39..3721.76 rows=950 width=121)
	  Sort Key: c
	  ->  Bitmap Heap Scan on sbtest6  (cost=22.17..3672.40 rows=950 width=121)
	        Recheck Cond: ((id >= 574115) AND (id <= 575114))
	        ->  Bitmap Index Scan on sbtest6_pkey  (cost=0.00..21.93 rows=950 width=0)
	              Index Cond: ((id >= 574115) AND (id <= 575114))

table 7 : explain SELECT c FROM sbtest7 WHERE id BETWEEN 5026532 AND 5027531 ORDER BY c
	Sort  (cost=3562.26..3564.53 rows=909 width=121)
	  Sort Key: c
	  ->  Bitmap Heap Scan on sbtest7  (cost=21.75..3517.59 rows=909 width=121)
	        Recheck Cond: ((id >= 5026532) AND (id <= 5027531))
	        ->  Bitmap Index Scan on sbtest7_pkey  (cost=0.00..21.52 rows=909 width=0)
	              Index Cond: ((id >= 5026532) AND (id <= 5027531))

table 8 : explain SELECT c FROM sbtest8 WHERE id BETWEEN 9753347 AND 9754346 ORDER BY c
	Sort  (cost=3692.81..3695.17 rows=943 width=121)
	  Sort Key: c
	  ->  Bitmap Heap Scan on sbtest8  (cost=22.10..3646.22 rows=943 width=121)
	        Recheck Cond: ((id >= 9753347) AND (id <= 9754346))
	        ->  Bitmap Index Scan on sbtest8_pkey  (cost=0.00..21.86 rows=943 width=0)
	              Index Cond: ((id >= 9753347) AND (id <= 9754346))

for: sum_ranges
table 1 : explain SELECT SUM(k) FROM sbtest1 WHERE id BETWEEN 2274895 AND 2275894
	Aggregate  (cost=3851.87..3851.88 rows=1 width=8)
	  ->  Bitmap Heap Scan on sbtest1  (cost=22.65..3849.37 rows=997 width=4)
	        Recheck Cond: ((id >= 2274895) AND (id <= 2275894))
	        ->  Bitmap Index Scan on sbtest1_pkey  (cost=0.00..22.40 rows=997 width=0)
	              Index Cond: ((id >= 2274895) AND (id <= 2275894))

table 2 : explain SELECT SUM(k) FROM sbtest2 WHERE id BETWEEN 174577 AND 175576
	Aggregate  (cost=3841.48..3841.49 rows=1 width=8)
	  ->  Bitmap Heap Scan on sbtest2  (cost=22.62..3839.00 rows=994 width=4)
	        Recheck Cond: ((id >= 174577) AND (id <= 175576))
	        ->  Bitmap Index Scan on sbtest2_pkey  (cost=0.00..22.37 rows=994 width=0)
	              Index Cond: ((id >= 174577) AND (id <= 175576))

table 3 : explain SELECT SUM(k) FROM sbtest3 WHERE id BETWEEN 2716554 AND 2717553
	Aggregate  (cost=3756.82..3756.83 rows=1 width=8)
	  ->  Bitmap Heap Scan on sbtest3  (cost=22.40..3754.39 rows=972 width=4)
	        Recheck Cond: ((id >= 2716554) AND (id <= 2717553))
	        ->  Bitmap Index Scan on sbtest3_pkey  (cost=0.00..22.15 rows=972 width=0)
	              Index Cond: ((id >= 2716554) AND (id <= 2717553))

table 4 : explain SELECT SUM(k) FROM sbtest4 WHERE id BETWEEN 1480813 AND 1481812
	Aggregate  (cost=3832.98..3832.99 rows=1 width=8)
	  ->  Bitmap Heap Scan on sbtest4  (cost=22.60..3830.50 rows=992 width=4)
	        Recheck Cond: ((id >= 1480813) AND (id <= 1481812))
	        ->  Bitmap Index Scan on sbtest4_pkey  (cost=0.00..22.36 rows=992 width=0)
	              Index Cond: ((id >= 1480813) AND (id <= 1481812))

table 5 : explain SELECT SUM(k) FROM sbtest5 WHERE id BETWEEN 314638 AND 315637
	Aggregate  (cost=3788.69..3788.70 rows=1 width=8)
	  ->  Bitmap Heap Scan on sbtest5  (cost=22.48..3786.24 rows=980 width=4)
	        Recheck Cond: ((id >= 314638) AND (id <= 315637))
	        ->  Bitmap Index Scan on sbtest5_pkey  (cost=0.00..22.23 rows=980 width=0)
	              Index Cond: ((id >= 314638) AND (id <= 315637))

table 6 : explain SELECT SUM(k) FROM sbtest6 WHERE id BETWEEN 6315871 AND 6316870
	Aggregate  (cost=3791.73..3791.74 rows=1 width=8)
	  ->  Bitmap Heap Scan on sbtest6  (cost=22.49..3789.28 rows=981 width=4)
	        Recheck Cond: ((id >= 6315871) AND (id <= 6316870))
	        ->  Bitmap Index Scan on sbtest6_pkey  (cost=0.00..22.25 rows=981 width=0)
	              Index Cond: ((id >= 6315871) AND (id <= 6316870))

table 7 : explain SELECT SUM(k) FROM sbtest7 WHERE id BETWEEN 8081678 AND 8082677
	Aggregate  (cost=3814.31..3814.32 rows=1 width=8)
	  ->  Bitmap Heap Scan on sbtest7  (cost=22.55..3811.85 rows=987 width=4)
	        Recheck Cond: ((id >= 8081678) AND (id <= 8082677))
	        ->  Bitmap Index Scan on sbtest7_pkey  (cost=0.00..22.30 rows=987 width=0)
	              Index Cond: ((id >= 8081678) AND (id <= 8082677))

table 8 : explain SELECT SUM(k) FROM sbtest8 WHERE id BETWEEN 2787221 AND 2788220
	Aggregate  (cost=3863.60..3863.61 rows=1 width=8)
	  ->  Bitmap Heap Scan on sbtest8  (cost=22.68..3861.10 rows=1000 width=4)
	        Recheck Cond: ((id >= 2787221) AND (id <= 2788220))
	        ->  Bitmap Index Scan on sbtest8_pkey  (cost=0.00..22.43 rows=1000 width=0)
	              Index Cond: ((id >= 2787221) AND (id <= 2788220))

explain: for point_selects :: explain SELECT c FROM sbtest%u WHERE id=%u
for: distinct_ranges
table 1 : explain SELECT DISTINCT c FROM sbtest1 WHERE id BETWEEN 9218823 AND 9219822 ORDER BY c
	Unique  (cost=4021.30..4026.45 rows=1029 width=121)
	  ->  Sort  (cost=4021.30..4023.87 rows=1029 width=121)
	        Sort Key: c
	        ->  Bitmap Heap Scan on sbtest1  (cost=22.98..3969.82 rows=1029 width=121)
	              Recheck Cond: ((id >= 9218823) AND (id <= 9219822))
	              ->  Bitmap Index Scan on sbtest1_pkey  (cost=0.00..22.72 rows=1029 width=0)
	                    Index Cond: ((id >= 9218823) AND (id <= 9219822))

table 2 : explain SELECT DISTINCT c FROM sbtest2 WHERE id BETWEEN 4614672 AND 4615671 ORDER BY c
	Unique  (cost=4281.97..4287.45 rows=1096 width=121)
	  ->  Sort  (cost=4281.97..4284.71 rows=1096 width=121)
	        Sort Key: c
	        ->  Bitmap Heap Scan on sbtest2  (cost=27.67..4226.63 rows=1096 width=121)
	              Recheck Cond: ((id >= 4614672) AND (id <= 4615671))
	              ->  Bitmap Index Scan on sbtest2_pkey  (cost=0.00..27.39 rows=1096 width=0)
	                    Index Cond: ((id >= 4614672) AND (id <= 4615671))

table 3 : explain SELECT DISTINCT c FROM sbtest3 WHERE id BETWEEN 7427019 AND 7428018 ORDER BY c
	Unique  (cost=3944.05..3949.10 rows=1009 width=121)
	  ->  Sort  (cost=3944.05..3946.57 rows=1009 width=121)
	        Sort Key: c
	        ->  Bitmap Heap Scan on sbtest3  (cost=22.78..3893.71 rows=1009 width=121)
	              Recheck Cond: ((id >= 7427019) AND (id <= 7428018))
	              ->  Bitmap Index Scan on sbtest3_pkey  (cost=0.00..22.52 rows=1009 width=0)
	                    Index Cond: ((id >= 7427019) AND (id <= 7428018))

table 4 : explain SELECT DISTINCT c FROM sbtest4 WHERE id BETWEEN 1531033 AND 1532032 ORDER BY c
	Unique  (cost=3879.87..3884.83 rows=992 width=121)
	  ->  Sort  (cost=3879.87..3882.35 rows=992 width=121)
	        Sort Key: c
	        ->  Bitmap Heap Scan on sbtest4  (cost=22.60..3830.50 rows=992 width=121)
	              Recheck Cond: ((id >= 1531033) AND (id <= 1532032))
	              ->  Bitmap Index Scan on sbtest4_pkey  (cost=0.00..22.36 rows=992 width=0)
	                    Index Cond: ((id >= 1531033) AND (id <= 1532032))

table 5 : explain SELECT DISTINCT c FROM sbtest5 WHERE id BETWEEN 8279401 AND 8280400 ORDER BY c
	Unique  (cost=3727.74..3732.50 rows=952 width=121)
	  ->  Sort  (cost=3727.74..3730.12 rows=952 width=121)
	        Sort Key: c
	        ->  Bitmap Heap Scan on sbtest5  (cost=22.19..3680.64 rows=952 width=121)
	              Recheck Cond: ((id >= 8279401) AND (id <= 8280400))
	              ->  Bitmap Index Scan on sbtest5_pkey  (cost=0.00..21.95 rows=952 width=0)
	                    Index Cond: ((id >= 8279401) AND (id <= 8280400))

table 6 : explain SELECT DISTINCT c FROM sbtest6 WHERE id BETWEEN 4646757 AND 4647756 ORDER BY c
	Unique  (cost=3918.32..3923.33 rows=1002 width=121)
	  ->  Sort  (cost=3918.32..3920.83 rows=1002 width=121)
	        Sort Key: c
	        ->  Bitmap Heap Scan on sbtest6  (cost=22.71..3868.38 rows=1002 width=121)
	              Recheck Cond: ((id >= 4646757) AND (id <= 4647756))
	              ->  Bitmap Index Scan on sbtest6_pkey  (cost=0.00..22.45 rows=1002 width=0)
	                    Index Cond: ((id >= 4646757) AND (id <= 4647756))

table 7 : explain SELECT DISTINCT c FROM sbtest7 WHERE id BETWEEN 3011779 AND 3012778 ORDER BY c
	Unique  (cost=4048.18..4053.36 rows=1036 width=121)
	  ->  Sort  (cost=4048.18..4050.77 rows=1036 width=121)
	        Sort Key: c
	        ->  Bitmap Heap Scan on sbtest7  (cost=23.05..3996.29 rows=1036 width=121)
	              Recheck Cond: ((id >= 3011779) AND (id <= 3012778))
	              ->  Bitmap Index Scan on sbtest7_pkey  (cost=0.00..22.79 rows=1036 width=0)
	                    Index Cond: ((id >= 3011779) AND (id <= 3012778))

table 8 : explain SELECT DISTINCT c FROM sbtest8 WHERE id BETWEEN 7700572 AND 7701571 ORDER BY c
	Unique  (cost=3822.97..3827.85 rows=977 width=121)
	  ->  Sort  (cost=3822.97..3825.41 rows=977 width=121)
	        Sort Key: c
	        ->  Bitmap Heap Scan on sbtest8  (cost=22.45..3774.45 rows=977 width=121)
	              Recheck Cond: ((id >= 7700572) AND (id <= 7701571))
	              ->  Bitmap Index Scan on sbtest8_pkey  (cost=0.00..22.20 rows=977 width=0)
	                    Index Cond: ((id >= 7700572) AND (id <= 7701571))

for: distinct_ranges
table 1 : explain SELECT DISTINCT c FROM sbtest1 WHERE id BETWEEN 7930103 AND 7931102 ORDER BY c
	Unique  (cost=3967.82..3972.90 rows=1015 width=121)
	  ->  Sort  (cost=3967.82..3970.36 rows=1015 width=121)
	        Sort Key: c
	        ->  Bitmap Heap Scan on sbtest1  (cost=22.84..3917.14 rows=1015 width=121)
	              Recheck Cond: ((id >= 7930103) AND (id <= 7931102))
	              ->  Bitmap Index Scan on sbtest1_pkey  (cost=0.00..22.58 rows=1015 width=0)
	                    Index Cond: ((id >= 7930103) AND (id <= 7931102))

table 2 : explain SELECT DISTINCT c FROM sbtest2 WHERE id BETWEEN 8894008 AND 8895007 ORDER BY c
	Unique  (cost=4026.09..4031.24 rows=1030 width=121)
	  ->  Sort  (cost=4026.09..4028.67 rows=1030 width=121)
	        Sort Key: c
	        ->  Bitmap Heap Scan on sbtest2  (cost=22.99..3974.55 rows=1030 width=121)
	              Recheck Cond: ((id >= 8894008) AND (id <= 8895007))
	              ->  Bitmap Index Scan on sbtest2_pkey  (cost=0.00..22.73 rows=1030 width=0)
	                    Index Cond: ((id >= 8894008) AND (id <= 8895007))

table 3 : explain SELECT DISTINCT c FROM sbtest3 WHERE id BETWEEN 7560274 AND 7561273 ORDER BY c
	Unique  (cost=3515.41..3519.89 rows=897 width=121)
	  ->  Sort  (cost=3515.41..3517.65 rows=897 width=121)
	        Sort Key: c
	        ->  Bitmap Heap Scan on sbtest3  (cost=21.63..3471.42 rows=897 width=121)
	              Recheck Cond: ((id >= 7560274) AND (id <= 7561273))
	              ->  Bitmap Index Scan on sbtest3_pkey  (cost=0.00..21.40 rows=897 width=0)
	                    Index Cond: ((id >= 7560274) AND (id <= 7561273))

table 4 : explain SELECT DISTINCT c FROM sbtest4 WHERE id BETWEEN 2024896 AND 2025895 ORDER BY c
	Unique  (cost=3788.07..3792.91 rows=968 width=121)
	  ->  Sort  (cost=3788.07..3790.49 rows=968 width=121)
	        Sort Key: c
	        ->  Bitmap Heap Scan on sbtest4  (cost=22.36..3740.06 rows=968 width=121)
	              Recheck Cond: ((id >= 2024896) AND (id <= 2025895))
	              ->  Bitmap Index Scan on sbtest4_pkey  (cost=0.00..22.11 rows=968 width=0)
	                    Index Cond: ((id >= 2024896) AND (id <= 2025895))

table 5 : explain SELECT DISTINCT c FROM sbtest5 WHERE id BETWEEN 64996 AND 65995 ORDER BY c
	Unique  (cost=3907.78..3912.77 rows=998 width=121)
	  ->  Sort  (cost=3907.78..3910.27 rows=998 width=121)
	        Sort Key: c
	        ->  Bitmap Heap Scan on sbtest5  (cost=26.66..3858.06 rows=998 width=121)
	              Recheck Cond: ((id >= 64996) AND (id <= 65995))
	              ->  Bitmap Index Scan on sbtest5_pkey  (cost=0.00..26.41 rows=998 width=0)
	                    Index Cond: ((id >= 64996) AND (id <= 65995))

table 6 : explain SELECT DISTINCT c FROM sbtest6 WHERE id BETWEEN 4721789 AND 4722788 ORDER BY c
	Unique  (cost=3715.56..3720.30 rows=949 width=121)
	  ->  Sort  (cost=3715.56..3717.93 rows=949 width=121)
	        Sort Key: c
	        ->  Bitmap Heap Scan on sbtest6  (cost=22.16..3668.63 rows=949 width=121)
	              Recheck Cond: ((id >= 4721789) AND (id <= 4722788))
	              ->  Bitmap Index Scan on sbtest6_pkey  (cost=0.00..21.93 rows=949 width=0)
	                    Index Cond: ((id >= 4721789) AND (id <= 4722788))

table 7 : explain SELECT DISTINCT c FROM sbtest7 WHERE id BETWEEN 174085 AND 175084 ORDER BY c
	Unique  (cost=3638.91..3643.56 rows=929 width=121)
	  ->  Sort  (cost=3638.91..3641.24 rows=929 width=121)
	        Sort Key: c
	        ->  Bitmap Heap Scan on sbtest7  (cost=21.96..3593.12 rows=929 width=121)
	              Recheck Cond: ((id >= 174085) AND (id <= 175084))
	              ->  Bitmap Index Scan on sbtest7_pkey  (cost=0.00..21.72 rows=929 width=0)
	                    Index Cond: ((id >= 174085) AND (id <= 175084))

table 8 : explain SELECT DISTINCT c FROM sbtest8 WHERE id BETWEEN 6477293 AND 6478292 ORDER BY c
	Unique  (cost=3933.87..3938.90 rows=1006 width=121)
	  ->  Sort  (cost=3933.87..3936.39 rows=1006 width=121)
	        Sort Key: c
	        ->  Bitmap Heap Scan on sbtest8  (cost=22.75..3883.70 rows=1006 width=121)
	              Recheck Cond: ((id >= 6477293) AND (id <= 6478292))
	              ->  Bitmap Index Scan on sbtest8_pkey  (cost=0.00..22.50 rows=1006 width=0)
	                    Index Cond: ((id >= 6477293) AND (id <= 6478292))

for: order_ranges
table 1 : explain SELECT c FROM sbtest1 WHERE id BETWEEN 7169997 AND 7170996 ORDER BY c
	Sort  (cost=3784.29..3786.71 rows=967 width=121)
	  Sort Key: c
	  ->  Bitmap Heap Scan on sbtest1  (cost=22.35..3736.34 rows=967 width=121)
	        Recheck Cond: ((id >= 7169997) AND (id <= 7170996))
	        ->  Bitmap Index Scan on sbtest1_pkey  (cost=0.00..22.11 rows=967 width=0)
	              Index Cond: ((id >= 7169997) AND (id <= 7170996))

table 2 : explain SELECT c FROM sbtest2 WHERE id BETWEEN 2953611 AND 2954610 ORDER BY c
	Sort  (cost=3720.08..3722.46 rows=950 width=121)
	  Sort Key: c
	  ->  Bitmap Heap Scan on sbtest2  (cost=22.17..3673.09 rows=950 width=121)
	        Recheck Cond: ((id >= 2953611) AND (id <= 2954610))
	        ->  Bitmap Index Scan on sbtest2_pkey  (cost=0.00..21.93 rows=950 width=0)
	              Index Cond: ((id >= 2953611) AND (id <= 2954610))

table 3 : explain SELECT c FROM sbtest3 WHERE id BETWEEN 4508227 AND 4509226 ORDER BY c
	Sort  (cost=4054.78..4057.38 rows=1038 width=121)
	  Sort Key: c
	  ->  Bitmap Heap Scan on sbtest3  (cost=23.07..4002.78 rows=1038 width=121)
	        Recheck Cond: ((id >= 4508227) AND (id <= 4509226))
	        ->  Bitmap Index Scan on sbtest3_pkey  (cost=0.00..22.82 rows=1038 width=0)
	              Index Cond: ((id >= 4508227) AND (id <= 4509226))

table 4 : explain SELECT c FROM sbtest4 WHERE id BETWEEN 2147671 AND 2148670 ORDER BY c
	Sort  (cost=3944.85..3947.37 rows=1009 width=121)
	  Sort Key: c
	  ->  Bitmap Heap Scan on sbtest4  (cost=22.78..3894.51 rows=1009 width=121)
	        Recheck Cond: ((id >= 2147671) AND (id <= 2148670))
	        ->  Bitmap Index Scan on sbtest4_pkey  (cost=0.00..22.52 rows=1009 width=0)
	              Index Cond: ((id >= 2147671) AND (id <= 2148670))

table 5 : explain SELECT c FROM sbtest5 WHERE id BETWEEN 2027353 AND 2028352 ORDER BY c
	Sort  (cost=4102.65..4105.28 rows=1049 width=121)
	  Sort Key: c
	  ->  Bitmap Heap Scan on sbtest5  (cost=27.19..4050.02 rows=1049 width=121)
	        Recheck Cond: ((id >= 2027353) AND (id <= 2028352))
	        ->  Bitmap Index Scan on sbtest5_pkey  (cost=0.00..26.93 rows=1049 width=0)
	              Index Cond: ((id >= 2027353) AND (id <= 2028352))

table 6 : explain SELECT c FROM sbtest6 WHERE id BETWEEN 8902430 AND 8903429 ORDER BY c
	Sort  (cost=3734.70..3737.09 rows=954 width=121)
	  Sort Key: c
	  ->  Bitmap Heap Scan on sbtest6  (cost=22.21..3687.49 rows=954 width=121)
	        Recheck Cond: ((id >= 8902430) AND (id <= 8903429))
	        ->  Bitmap Index Scan on sbtest6_pkey  (cost=0.00..21.97 rows=954 width=0)
	              Index Cond: ((id >= 8902430) AND (id <= 8903429))

table 7 : explain SELECT c FROM sbtest7 WHERE id BETWEEN 4696845 AND 4697844 ORDER BY c
	Sort  (cost=3753.80..3756.20 rows=959 width=121)
	  Sort Key: c
	  ->  Bitmap Heap Scan on sbtest7  (cost=22.26..3706.31 rows=959 width=121)
	        Recheck Cond: ((id >= 4696845) AND (id <= 4697844))
	        ->  Bitmap Index Scan on sbtest7_pkey  (cost=0.00..22.02 rows=959 width=0)
	              Index Cond: ((id >= 4696845) AND (id <= 4697844))

table 8 : explain SELECT c FROM sbtest8 WHERE id BETWEEN 2908251 AND 2909250 ORDER BY c
	Sort  (cost=3838.27..3840.72 rows=981 width=121)
	  Sort Key: c
	  ->  Bitmap Heap Scan on sbtest8  (cost=22.49..3789.52 rows=981 width=121)
	        Recheck Cond: ((id >= 2908251) AND (id <= 2909250))
	        ->  Bitmap Index Scan on sbtest8_pkey  (cost=0.00..22.25 rows=981 width=0)
	              Index Cond: ((id >= 2908251) AND (id <= 2909250))

explain: for point_selects :: explain SELECT c FROM sbtest%u WHERE id=%u
explain: for point_selects :: explain SELECT c FROM sbtest%u WHERE id=%u
for point_selects
table 1 : explain SELECT c FROM sbtest1 WHERE id=1875887
	Index Scan using sbtest1_pkey on sbtest1  (cost=0.43..8.45 rows=1 width=121)
	  Index Cond: (id = 1875887)

table 2 : explain SELECT c FROM sbtest2 WHERE id=5783681
	Index Scan using sbtest2_pkey on sbtest2  (cost=0.43..8.45 rows=1 width=121)
	  Index Cond: (id = 5783681)

table 3 : explain SELECT c FROM sbtest3 WHERE id=1034951
	Index Scan using sbtest3_pkey on sbtest3  (cost=0.43..8.45 rows=1 width=121)
	  Index Cond: (id = 1034951)

table 4 : explain SELECT c FROM sbtest4 WHERE id=9497688
	Index Scan using sbtest4_pkey on sbtest4  (cost=0.43..8.45 rows=1 width=121)
	  Index Cond: (id = 9497688)

table 5 : explain SELECT c FROM sbtest5 WHERE id=5133795
	Index Scan using sbtest5_pkey on sbtest5  (cost=0.43..8.45 rows=1 width=121)
	  Index Cond: (id = 5133795)

table 6 : explain SELECT c FROM sbtest6 WHERE id=6029871
	Index Scan using sbtest6_pkey on sbtest6  (cost=0.43..8.45 rows=1 width=121)
	  Index Cond: (id = 6029871)

table 7 : explain SELECT c FROM sbtest7 WHERE id=5187346
	Index Scan using sbtest7_pkey on sbtest7  (cost=0.43..8.45 rows=1 width=121)
	  Index Cond: (id = 5187346)

table 8 : explain SELECT c FROM sbtest8 WHERE id=2267498
	Index Scan using sbtest8_pkey on sbtest8  (cost=0.43..8.45 rows=1 width=121)
	  Index Cond: (id = 2267498)

for: sum_ranges
table 1 : explain SELECT SUM(k) FROM sbtest1 WHERE id BETWEEN 1730617 AND 1731616
	Aggregate  (cost=3478.15..3478.16 rows=1 width=8)
	  ->  Bitmap Heap Scan on sbtest1  (cost=21.64..3475.91 rows=898 width=4)
	        Recheck Cond: ((id >= 1730617) AND (id <= 1731616))
	        ->  Bitmap Index Scan on sbtest1_pkey  (cost=0.00..21.41 rows=898 width=0)
	              Index Cond: ((id >= 1730617) AND (id <= 1731616))

table 2 : explain SELECT SUM(k) FROM sbtest2 WHERE id BETWEEN 8944911 AND 8945910
	Aggregate  (cost=3977.12..3977.13 rows=1 width=8)
	  ->  Bitmap Heap Scan on sbtest2  (cost=22.99..3974.55 rows=1030 width=4)
	        Recheck Cond: ((id >= 8944911) AND (id <= 8945910))
	        ->  Bitmap Index Scan on sbtest2_pkey  (cost=0.00..22.73 rows=1030 width=0)
	              Index Cond: ((id >= 8944911) AND (id <= 8945910))

table 3 : explain SELECT SUM(k) FROM sbtest3 WHERE id BETWEEN 3866636 AND 3867635
	Aggregate  (cost=3809.59..3809.60 rows=1 width=8)
	  ->  Bitmap Heap Scan on sbtest3  (cost=22.54..3807.12 rows=986 width=4)
	        Recheck Cond: ((id >= 3866636) AND (id <= 3867635))
	        ->  Bitmap Index Scan on sbtest3_pkey  (cost=0.00..22.29 rows=986 width=0)
	              Index Cond: ((id >= 3866636) AND (id <= 3867635))

table 4 : explain SELECT SUM(k) FROM sbtest4 WHERE id BETWEEN 8574229 AND 8575228
	Aggregate  (cost=3829.21..3829.22 rows=1 width=8)
	  ->  Bitmap Heap Scan on sbtest4  (cost=22.59..3826.73 rows=991 width=4)
	        Recheck Cond: ((id >= 8574229) AND (id <= 8575228))
	        ->  Bitmap Index Scan on sbtest4_pkey  (cost=0.00..22.34 rows=991 width=0)
	              Index Cond: ((id >= 8574229) AND (id <= 8575228))

table 5 : explain SELECT SUM(k) FROM sbtest5 WHERE id BETWEEN 6287757 AND 6288756
	Aggregate  (cost=3626.37..3626.38 rows=1 width=8)
	  ->  Bitmap Heap Scan on sbtest5  (cost=22.04..3624.03 rows=937 width=4)
	        Recheck Cond: ((id >= 6287757) AND (id <= 6288756))
	        ->  Bitmap Index Scan on sbtest5_pkey  (cost=0.00..21.80 rows=937 width=0)
	              Index Cond: ((id >= 6287757) AND (id <= 6288756))

table 6 : explain SELECT SUM(k) FROM sbtest6 WHERE id BETWEEN 7146829 AND 7147828
	Aggregate  (cost=3953.75..3953.76 rows=1 width=8)
	  ->  Bitmap Heap Scan on sbtest6  (cost=22.93..3951.19 rows=1024 width=4)
	        Recheck Cond: ((id >= 7146829) AND (id <= 7147828))
	        ->  Bitmap Index Scan on sbtest6_pkey  (cost=0.00..22.68 rows=1024 width=0)
	              Index Cond: ((id >= 7146829) AND (id <= 7147828))

table 7 : explain SELECT SUM(k) FROM sbtest7 WHERE id BETWEEN 6106687 AND 6107686
	Aggregate  (cost=3904.75..3904.76 rows=1 width=8)
	  ->  Bitmap Heap Scan on sbtest7  (cost=22.80..3902.23 rows=1011 width=4)
	        Recheck Cond: ((id >= 6106687) AND (id <= 6107686))
	        ->  Bitmap Index Scan on sbtest7_pkey  (cost=0.00..22.54 rows=1011 width=0)
	              Index Cond: ((id >= 6106687) AND (id <= 6107686))

table 8 : explain SELECT SUM(k) FROM sbtest8 WHERE id BETWEEN 7617811 AND 7618810
	Aggregate  (cost=3663.68..3663.69 rows=1 width=8)
	  ->  Bitmap Heap Scan on sbtest8  (cost=22.14..3661.32 rows=947 width=4)
	        Recheck Cond: ((id >= 7617811) AND (id <= 7618810))
	        ->  Bitmap Index Scan on sbtest8_pkey  (cost=0.00..21.90 rows=947 width=0)
	              Index Cond: ((id >= 7617811) AND (id <= 7618810))

for: order_ranges
table 1 : explain SELECT c FROM sbtest1 WHERE id BETWEEN 6466386 AND 6467385 ORDER BY c
	Sort  (cost=4566.48..4569.41 rows=1172 width=121)
	  Sort Key: c
	  ->  Bitmap Heap Scan on sbtest1  (cost=28.45..4506.74 rows=1172 width=121)
	        Recheck Cond: ((id >= 6466386) AND (id <= 6467385))
	        ->  Bitmap Index Scan on sbtest1_pkey  (cost=0.00..28.15 rows=1172 width=0)
	              Index Cond: ((id >= 6466386) AND (id <= 6467385))

table 2 : explain SELECT c FROM sbtest2 WHERE id BETWEEN 9754707 AND 9755706 ORDER BY c
	Sort  (cost=3930.55..3933.06 rows=1005 width=121)
	  Sort Key: c
	  ->  Bitmap Heap Scan on sbtest2  (cost=22.74..3880.43 rows=1005 width=121)
	        Recheck Cond: ((id >= 9754707) AND (id <= 9755706))
	        ->  Bitmap Index Scan on sbtest2_pkey  (cost=0.00..22.48 rows=1005 width=0)
	              Index Cond: ((id >= 9754707) AND (id <= 9755706))

table 3 : explain SELECT c FROM sbtest3 WHERE id BETWEEN 4820678 AND 4821677 ORDER BY c
	Sort  (cost=3944.05..3946.57 rows=1009 width=121)
	  Sort Key: c
	  ->  Bitmap Heap Scan on sbtest3  (cost=22.78..3893.71 rows=1009 width=121)
	        Recheck Cond: ((id >= 4820678) AND (id <= 4821677))
	        ->  Bitmap Index Scan on sbtest3_pkey  (cost=0.00..22.52 rows=1009 width=0)
	              Index Cond: ((id >= 4820678) AND (id <= 4821677))

table 4 : explain SELECT c FROM sbtest4 WHERE id BETWEEN 7528 AND 8527 ORDER BY c
	Sort  (cost=3845.45..3847.91 rows=983 width=121)
	  Sort Key: c
	  ->  Bitmap Heap Scan on sbtest4  (cost=22.51..3796.59 rows=983 width=121)
	        Recheck Cond: ((id >= 7528) AND (id <= 8527))
	        ->  Bitmap Index Scan on sbtest4_pkey  (cost=0.00..22.26 rows=983 width=0)
	              Index Cond: ((id >= 7528) AND (id <= 8527))

table 5 : explain SELECT c FROM sbtest5 WHERE id BETWEEN 5894597 AND 5895596 ORDER BY c
	Sort  (cost=3739.23..3741.61 rows=955 width=121)
	  Sort Key: c
	  ->  Bitmap Heap Scan on sbtest5  (cost=22.22..3691.96 rows=955 width=121)
	        Recheck Cond: ((id >= 5894597) AND (id <= 5895596))
	        ->  Bitmap Index Scan on sbtest5_pkey  (cost=0.00..21.98 rows=955 width=0)
	              Index Cond: ((id >= 5894597) AND (id <= 5895596))

table 6 : explain SELECT c FROM sbtest6 WHERE id BETWEEN 4646027 AND 4647026 ORDER BY c
	Sort  (cost=3918.32..3920.83 rows=1002 width=121)
	  Sort Key: c
	  ->  Bitmap Heap Scan on sbtest6  (cost=22.71..3868.38 rows=1002 width=121)
	        Recheck Cond: ((id >= 4646027) AND (id <= 4647026))
	        ->  Bitmap Index Scan on sbtest6_pkey  (cost=0.00..22.45 rows=1002 width=0)
	              Index Cond: ((id >= 4646027) AND (id <= 4647026))

table 7 : explain SELECT c FROM sbtest7 WHERE id BETWEEN 7347848 AND 7348847 ORDER BY c
	Sort  (cost=3967.97..3970.50 rows=1015 width=121)
	  Sort Key: c
	  ->  Bitmap Heap Scan on sbtest7  (cost=22.84..3917.28 rows=1015 width=121)
	        Recheck Cond: ((id >= 7347848) AND (id <= 7348847))
	        ->  Bitmap Index Scan on sbtest7_pkey  (cost=0.00..22.58 rows=1015 width=0)
	              Index Cond: ((id >= 7347848) AND (id <= 7348847))

table 8 : explain SELECT c FROM sbtest8 WHERE id BETWEEN 2466076 AND 2467075 ORDER BY c
	Sort  (cost=4532.80..4535.71 rows=1163 width=121)
	  Sort Key: c
	  ->  Bitmap Heap Scan on sbtest8  (cost=28.36..4473.58 rows=1163 width=121)
	        Recheck Cond: ((id >= 2466076) AND (id <= 2467075))
	        ->  Bitmap Index Scan on sbtest8_pkey  (cost=0.00..28.07 rows=1163 width=0)
	              Index Cond: ((id >= 2466076) AND (id <= 2467075))

for point_selects
table 1 : explain SELECT c FROM sbtest1 WHERE id=2510923
	Index Scan using sbtest1_pkey on sbtest1  (cost=0.43..8.45 rows=1 width=121)
	  Index Cond: (id = 2510923)

table 2 : explain SELECT c FROM sbtest2 WHERE id=4433493
	Index Scan using sbtest2_pkey on sbtest2  (cost=0.43..8.45 rows=1 width=121)
	  Index Cond: (id = 4433493)

table 3 : explain SELECT c FROM sbtest3 WHERE id=1987008
	Index Scan using sbtest3_pkey on sbtest3  (cost=0.43..8.45 rows=1 width=121)
	  Index Cond: (id = 1987008)

table 4 : explain SELECT c FROM sbtest4 WHERE id=3879032
	Index Scan using sbtest4_pkey on sbtest4  (cost=0.43..8.45 rows=1 width=121)
	  Index Cond: (id = 3879032)

table 5 : explain SELECT c FROM sbtest5 WHERE id=7279604
	Index Scan using sbtest5_pkey on sbtest5  (cost=0.43..8.45 rows=1 width=121)
	  Index Cond: (id = 7279604)

table 6 : explain SELECT c FROM sbtest6 WHERE id=7162427
	Index Scan using sbtest6_pkey on sbtest6  (cost=0.43..8.45 rows=1 width=121)
	  Index Cond: (id = 7162427)

table 7 : explain SELECT c FROM sbtest7 WHERE id=6794399
	Index Scan using sbtest7_pkey on sbtest7  (cost=0.43..8.45 rows=1 width=121)
	  Index Cond: (id = 6794399)

table 8 : explain SELECT c FROM sbtest8 WHERE id=4628541
	Index Scan using sbtest8_pkey on sbtest8  (cost=0.43..8.45 rows=1 width=121)
	  Index Cond: (id = 4628541)

for: distinct_ranges
table 1 : explain SELECT DISTINCT c FROM sbtest1 WHERE id BETWEEN 5503636 AND 5504635 ORDER BY c
	Unique  (cost=3550.63..3555.16 rows=906 width=121)
	  ->  Sort  (cost=3550.63..3552.90 rows=906 width=121)
	        Sort Key: c
	        ->  Bitmap Heap Scan on sbtest1  (cost=21.72..3506.13 rows=906 width=121)
	              Recheck Cond: ((id >= 5503636) AND (id <= 5504635))
	              ->  Bitmap Index Scan on sbtest1_pkey  (cost=0.00..21.50 rows=906 width=0)
	                    Index Cond: ((id >= 5503636) AND (id <= 5504635))

table 2 : explain SELECT DISTINCT c FROM sbtest2 WHERE id BETWEEN 3465813 AND 3466812 ORDER BY c
	Unique  (cost=3861.71..3866.64 rows=987 width=121)
	  ->  Sort  (cost=3861.71..3864.18 rows=987 width=121)
	        Sort Key: c
	        ->  Bitmap Heap Scan on sbtest2  (cost=22.55..3812.62 rows=987 width=121)
	              Recheck Cond: ((id >= 3465813) AND (id <= 3466812))
	              ->  Bitmap Index Scan on sbtest2_pkey  (cost=0.00..22.30 rows=987 width=0)
	                    Index Cond: ((id >= 3465813) AND (id <= 3466812))

table 3 : explain SELECT DISTINCT c FROM sbtest3 WHERE id BETWEEN 6658668 AND 6659667 ORDER BY c
	Unique  (cost=3657.19..3661.86 rows=934 width=121)
	  ->  Sort  (cost=3657.19..3659.52 rows=934 width=121)
	        Sort Key: c
	        ->  Bitmap Heap Scan on sbtest3  (cost=22.01..3611.11 rows=934 width=121)
	              Recheck Cond: ((id >= 6658668) AND (id <= 6659667))
	              ->  Bitmap Index Scan on sbtest3_pkey  (cost=0.00..21.77 rows=934 width=0)
	                    Index Cond: ((id >= 6658668) AND (id <= 6659667))

table 4 : explain SELECT DISTINCT c FROM sbtest4 WHERE id BETWEEN 9492421 AND 9493420 ORDER BY c
	Unique  (cost=3944.85..3949.90 rows=1009 width=121)
	  ->  Sort  (cost=3944.85..3947.37 rows=1009 width=121)
	        Sort Key: c
	        ->  Bitmap Heap Scan on sbtest4  (cost=22.78..3894.51 rows=1009 width=121)
	              Recheck Cond: ((id >= 9492421) AND (id <= 9493420))
	              ->  Bitmap Index Scan on sbtest4_pkey  (cost=0.00..22.52 rows=1009 width=0)
	                    Index Cond: ((id >= 9492421) AND (id <= 9493420))

table 5 : explain SELECT DISTINCT c FROM sbtest5 WHERE id BETWEEN 9634498 AND 9635497 ORDER BY c
	Unique  (cost=3965.13..3970.19 rows=1013 width=121)
	  ->  Sort  (cost=3965.13..3967.66 rows=1013 width=121)
	        Sort Key: c
	        ->  Bitmap Heap Scan on sbtest5  (cost=26.82..3914.56 rows=1013 width=121)
	              Recheck Cond: ((id >= 9634498) AND (id <= 9635497))
	              ->  Bitmap Index Scan on sbtest5_pkey  (cost=0.00..26.57 rows=1013 width=0)
	                    Index Cond: ((id >= 9634498) AND (id <= 9635497))

table 6 : explain SELECT DISTINCT c FROM sbtest6 WHERE id BETWEEN 5246450 AND 5247449 ORDER BY c
	Unique  (cost=3822.72..3827.61 rows=977 width=121)
	  ->  Sort  (cost=3822.72..3825.16 rows=977 width=121)
	        Sort Key: c
	        ->  Bitmap Heap Scan on sbtest6  (cost=22.45..3774.20 rows=977 width=121)
	              Recheck Cond: ((id >= 5246450) AND (id <= 5247449))
	              ->  Bitmap Index Scan on sbtest6_pkey  (cost=0.00..22.20 rows=977 width=0)
	                    Index Cond: ((id >= 5246450) AND (id <= 5247449))

table 7 : explain SELECT DISTINCT c FROM sbtest7 WHERE id BETWEEN 3655415 AND 3656414 ORDER BY c
	Unique  (cost=3834.16..3839.06 rows=980 width=121)
	  ->  Sort  (cost=3834.16..3836.61 rows=980 width=121)
	        Sort Key: c
	        ->  Bitmap Heap Scan on sbtest7  (cost=22.48..3785.47 rows=980 width=121)
	              Recheck Cond: ((id >= 3655415) AND (id <= 3656414))
	              ->  Bitmap Index Scan on sbtest7_pkey  (cost=0.00..22.23 rows=980 width=0)
	                    Index Cond: ((id >= 3655415) AND (id <= 3656414))

table 8 : explain SELECT DISTINCT c FROM sbtest8 WHERE id BETWEEN 2977269 AND 2978268 ORDER BY c
	Unique  (cost=4311.97..4317.50 rows=1105 width=121)
	  ->  Sort  (cost=4311.97..4314.74 rows=1105 width=121)
	        Sort Key: c
	        ->  Bitmap Heap Scan on sbtest8  (cost=27.76..4256.12 rows=1105 width=121)
	              Recheck Cond: ((id >= 2977269) AND (id <= 2978268))
	              ->  Bitmap Index Scan on sbtest8_pkey  (cost=0.00..27.48 rows=1105 width=0)
	                    Index Cond: ((id >= 2977269) AND (id <= 2978268))

for point_selects
table 1 : explain SELECT c FROM sbtest1 WHERE id=7874746
	Index Scan using sbtest1_pkey on sbtest1  (cost=0.43..8.45 rows=1 width=121)
	  Index Cond: (id = 7874746)

table 2 : explain SELECT c FROM sbtest2 WHERE id=1700164
	Index Scan using sbtest2_pkey on sbtest2  (cost=0.43..8.45 rows=1 width=121)
	  Index Cond: (id = 1700164)

table 3 : explain SELECT c FROM sbtest3 WHERE id=6506266
	Index Scan using sbtest3_pkey on sbtest3  (cost=0.43..8.45 rows=1 width=121)
	  Index Cond: (id = 6506266)

table 4 : explain SELECT c FROM sbtest4 WHERE id=5567431
	Index Scan using sbtest4_pkey on sbtest4  (cost=0.43..8.45 rows=1 width=121)
	  Index Cond: (id = 5567431)

table 5 : explain SELECT c FROM sbtest5 WHERE id=5593313
	Index Scan using sbtest5_pkey on sbtest5  (cost=0.43..8.45 rows=1 width=121)
	  Index Cond: (id = 5593313)

table 6 : explain SELECT c FROM sbtest6 WHERE id=4127702
	Index Scan using sbtest6_pkey on sbtest6  (cost=0.43..8.45 rows=1 width=121)
	  Index Cond: (id = 4127702)

table 7 : explain SELECT c FROM sbtest7 WHERE id=8509470
	Index Scan using sbtest7_pkey on sbtest7  (cost=0.43..8.45 rows=1 width=121)
	  Index Cond: (id = 8509470)

table 8 : explain SELECT c FROM sbtest8 WHERE id=9453156
	Index Scan using sbtest8_pkey on sbtest8  (cost=0.43..8.45 rows=1 width=121)
	  Index Cond: (id = 9453156)

for: distinct_ranges
table 1 : explain SELECT DISTINCT c FROM sbtest1 WHERE id BETWEEN 8990294 AND 8991293 ORDER BY c
	Unique  (cost=3830.20..3835.10 rows=979 width=121)
	  ->  Sort  (cost=3830.20..3832.65 rows=979 width=121)
	        Sort Key: c
	        ->  Bitmap Heap Scan on sbtest1  (cost=22.47..3781.57 rows=979 width=121)
	              Recheck Cond: ((id >= 8990294) AND (id <= 8991293))
	              ->  Bitmap Index Scan on sbtest1_pkey  (cost=0.00..22.22 rows=979 width=0)
	                    Index Cond: ((id >= 8990294) AND (id <= 8991293))

table 2 : explain SELECT DISTINCT c FROM sbtest2 WHERE id BETWEEN 3743829 AND 3744828 ORDER BY c
	Unique  (cost=4262.91..4268.36 rows=1091 width=121)
	  ->  Sort  (cost=4262.91..4265.63 rows=1091 width=121)
	        Sort Key: c
	        ->  Bitmap Heap Scan on sbtest2  (cost=27.62..4207.86 rows=1091 width=121)
	              Recheck Cond: ((id >= 3743829) AND (id <= 3744828))
	              ->  Bitmap Index Scan on sbtest2_pkey  (cost=0.00..27.34 rows=1091 width=0)
	                    Index Cond: ((id >= 3743829) AND (id <= 3744828))

table 3 : explain SELECT DISTINCT c FROM sbtest3 WHERE id BETWEEN 1155053 AND 1156052 ORDER BY c
	Unique  (cost=3966.97..3972.04 rows=1015 width=121)
	  ->  Sort  (cost=3966.97..3969.51 rows=1015 width=121)
	        Sort Key: c
	        ->  Bitmap Heap Scan on sbtest3  (cost=22.84..3916.28 rows=1015 width=121)
	              Recheck Cond: ((id >= 1155053) AND (id <= 1156052))
	              ->  Bitmap Index Scan on sbtest3_pkey  (cost=0.00..22.58 rows=1015 width=0)
	                    Index Cond: ((id >= 1155053) AND (id <= 1156052))

table 4 : explain SELECT DISTINCT c FROM sbtest4 WHERE id BETWEEN 1685571 AND 1686570 ORDER BY c
	Unique  (cost=4437.08..4442.77 rows=1138 width=121)
	  ->  Sort  (cost=4437.08..4439.93 rows=1138 width=121)
	        Sort Key: c
	        ->  Bitmap Heap Scan on sbtest4  (cost=28.10..4379.32 rows=1138 width=121)
	              Recheck Cond: ((id >= 1685571) AND (id <= 1686570))
	              ->  Bitmap Index Scan on sbtest4_pkey  (cost=0.00..27.82 rows=1138 width=0)
	                    Index Cond: ((id >= 1685571) AND (id <= 1686570))

table 5 : explain SELECT DISTINCT c FROM sbtest5 WHERE id BETWEEN 9393614 AND 9394613 ORDER BY c
	Unique  (cost=3796.65..3801.50 rows=970 width=121)
	  ->  Sort  (cost=3796.65..3799.08 rows=970 width=121)
	        Sort Key: c
	        ->  Bitmap Heap Scan on sbtest5  (cost=22.38..3748.53 rows=970 width=121)
	              Recheck Cond: ((id >= 9393614) AND (id <= 9394613))
	              ->  Bitmap Index Scan on sbtest5_pkey  (cost=0.00..22.14 rows=970 width=0)
	                    Index Cond: ((id >= 9393614) AND (id <= 9394613))

table 6 : explain SELECT DISTINCT c FROM sbtest6 WHERE id BETWEEN 4987550 AND 4988549 ORDER BY c
	Unique  (cost=4521.07..4526.87 rows=1160 width=121)
	  ->  Sort  (cost=4521.07..4523.97 rows=1160 width=121)
	        Sort Key: c
	        ->  Bitmap Heap Scan on sbtest6  (cost=28.32..4462.03 rows=1160 width=121)
	              Recheck Cond: ((id >= 4987550) AND (id <= 4988549))
	              ->  Bitmap Index Scan on sbtest6_pkey  (cost=0.00..28.04 rows=1160 width=0)
	                    Index Cond: ((id >= 4987550) AND (id <= 4988549))

table 7 : explain SELECT DISTINCT c FROM sbtest7 WHERE id BETWEEN 8257545 AND 8258544 ORDER BY c
	Unique  (cost=4189.38..4194.74 rows=1073 width=121)
	  ->  Sort  (cost=4189.38..4192.06 rows=1073 width=121)
	        Sort Key: c
	        ->  Bitmap Heap Scan on sbtest7  (cost=23.43..4135.36 rows=1073 width=121)
	              Recheck Cond: ((id >= 8257545) AND (id <= 8258544))
	              ->  Bitmap Index Scan on sbtest7_pkey  (cost=0.00..23.16 rows=1073 width=0)
	                    Index Cond: ((id >= 8257545) AND (id <= 8258544))

table 8 : explain SELECT DISTINCT c FROM sbtest8 WHERE id BETWEEN 4034832 AND 4035831 ORDER BY c
	Unique  (cost=4235.65..4241.07 rows=1084 width=121)
	  ->  Sort  (cost=4235.65..4238.36 rows=1084 width=121)
	        Sort Key: c
	        ->  Bitmap Heap Scan on sbtest8  (cost=27.55..4181.01 rows=1084 width=121)
	              Recheck Cond: ((id >= 4034832) AND (id <= 4035831))
	              ->  Bitmap Index Scan on sbtest8_pkey  (cost=0.00..27.27 rows=1084 width=0)
	                    Index Cond: ((id >= 4034832) AND (id <= 4035831))

for point_selects
table 1 : explain SELECT c FROM sbtest1 WHERE id=1163244
	Index Scan using sbtest1_pkey on sbtest1  (cost=0.43..8.45 rows=1 width=121)
	  Index Cond: (id = 1163244)

table 2 : explain SELECT c FROM sbtest2 WHERE id=8131645
	Index Scan using sbtest2_pkey on sbtest2  (cost=0.43..8.45 rows=1 width=121)
	  Index Cond: (id = 8131645)

table 3 : explain SELECT c FROM sbtest3 WHERE id=4284493
	Index Scan using sbtest3_pkey on sbtest3  (cost=0.43..8.45 rows=1 width=121)
	  Index Cond: (id = 4284493)

table 4 : explain SELECT c FROM sbtest4 WHERE id=3402788
	Index Scan using sbtest4_pkey on sbtest4  (cost=0.43..8.45 rows=1 width=121)
	  Index Cond: (id = 3402788)

table 5 : explain SELECT c FROM sbtest5 WHERE id=5148099
	Index Scan using sbtest5_pkey on sbtest5  (cost=0.43..8.45 rows=1 width=121)
	  Index Cond: (id = 5148099)

table 6 : explain SELECT c FROM sbtest6 WHERE id=4448453
	Index Scan using sbtest6_pkey on sbtest6  (cost=0.43..8.45 rows=1 width=121)
	  Index Cond: (id = 4448453)

table 7 : explain SELECT c FROM sbtest7 WHERE id=4062603
	Index Scan using sbtest7_pkey on sbtest7  (cost=0.43..8.45 rows=1 width=121)
	  Index Cond: (id = 4062603)

table 8 : explain SELECT c FROM sbtest8 WHERE id=7015812
	Index Scan using sbtest8_pkey on sbtest8  (cost=0.43..8.45 rows=1 width=121)
	  Index Cond: (id = 7015812)

explain: for point_selects :: explain SELECT c FROM sbtest%u WHERE id=%u
for: simple_ranges
table 1 : explain SELECT c FROM sbtest1 WHERE id BETWEEN 2458828 AND 2459827
	Bitmap Heap Scan on sbtest1  (cost=22.58..3823.01 rows=990 width=121)
	  Recheck Cond: ((id >= 2458828) AND (id <= 2459827))
	  ->  Bitmap Index Scan on sbtest1_pkey  (cost=0.00..22.33 rows=990 width=0)
	        Index Cond: ((id >= 2458828) AND (id <= 2459827))

table 2 : explain SELECT c FROM sbtest2 WHERE id BETWEEN 6720318 AND 6721317
	Bitmap Heap Scan on sbtest2  (cost=22.36..3740.99 rows=968 width=121)
	  Recheck Cond: ((id >= 6720318) AND (id <= 6721317))
	  ->  Bitmap Index Scan on sbtest2_pkey  (cost=0.00..22.11 rows=968 width=0)
	        Index Cond: ((id >= 6720318) AND (id <= 6721317))

table 3 : explain SELECT c FROM sbtest3 WHERE id BETWEEN 406176 AND 407175
	Bitmap Heap Scan on sbtest3  (cost=22.81..3905.00 rows=1012 width=121)
	  Recheck Cond: ((id >= 406176) AND (id <= 407175))
	  ->  Bitmap Index Scan on sbtest3_pkey  (cost=0.00..22.55 rows=1012 width=0)
	        Index Cond: ((id >= 406176) AND (id <= 407175))

table 4 : explain SELECT c FROM sbtest4 WHERE id BETWEEN 6715698 AND 6716697
	Bitmap Heap Scan on sbtest4  (cost=22.17..3672.19 rows=950 width=121)
	  Recheck Cond: ((id >= 6715698) AND (id <= 6716697))
	  ->  Bitmap Index Scan on sbtest4_pkey  (cost=0.00..21.93 rows=950 width=0)
	        Index Cond: ((id >= 6715698) AND (id <= 6716697))

table 5 : explain SELECT c FROM sbtest5 WHERE id BETWEEN 6374539 AND 6375538
	Bitmap Heap Scan on sbtest5  (cost=22.40..3756.08 rows=972 width=121)
	  Recheck Cond: ((id >= 6374539) AND (id <= 6375538))
	  ->  Bitmap Index Scan on sbtest5_pkey  (cost=0.00..22.15 rows=972 width=0)
	        Index Cond: ((id >= 6374539) AND (id <= 6375538))

table 6 : explain SELECT c FROM sbtest6 WHERE id BETWEEN 160061 AND 161060
	Bitmap Heap Scan on sbtest6  (cost=23.17..4037.70 rows=1047 width=121)
	  Recheck Cond: ((id >= 160061) AND (id <= 161060))
	  ->  Bitmap Index Scan on sbtest6_pkey  (cost=0.00..22.90 rows=1047 width=0)
	        Index Cond: ((id >= 160061) AND (id <= 161060))

table 7 : explain SELECT c FROM sbtest7 WHERE id BETWEEN 9243258 AND 9244257
	Bitmap Heap Scan on sbtest7  (cost=22.10..3645.95 rows=943 width=121)
	  Recheck Cond: ((id >= 9243258) AND (id <= 9244257))
	  ->  Bitmap Index Scan on sbtest7_pkey  (cost=0.00..21.86 rows=943 width=0)
	        Index Cond: ((id >= 9243258) AND (id <= 9244257))

table 8 : explain SELECT c FROM sbtest8 WHERE id BETWEEN 6104328 AND 6105327
	Bitmap Heap Scan on sbtest8  (cost=23.41..4128.18 rows=1071 width=121)
	  Recheck Cond: ((id >= 6104328) AND (id <= 6105327))
	  ->  Bitmap Index Scan on sbtest8_pkey  (cost=0.00..23.14 rows=1071 width=0)
	        Index Cond: ((id >= 6104328) AND (id <= 6105327))

for: sum_ranges
table 1 : explain SELECT SUM(k) FROM sbtest1 WHERE id BETWEEN 1996603 AND 1997602
	Aggregate  (cost=3976.15..3976.16 rows=1 width=8)
	  ->  Bitmap Heap Scan on sbtest1  (cost=22.99..3973.58 rows=1030 width=4)
	        Recheck Cond: ((id >= 1996603) AND (id <= 1997602))
	        ->  Bitmap Index Scan on sbtest1_pkey  (cost=0.00..22.73 rows=1030 width=0)
	              Index Cond: ((id >= 1996603) AND (id <= 1997602))

table 2 : explain SELECT SUM(k) FROM sbtest2 WHERE id BETWEEN 1310091 AND 1311090
	Aggregate  (cost=3448.67..3448.68 rows=1 width=8)
	  ->  Bitmap Heap Scan on sbtest2  (cost=21.56..3446.45 rows=890 width=4)
	        Recheck Cond: ((id >= 1310091) AND (id <= 1311090))
	        ->  Bitmap Index Scan on sbtest2_pkey  (cost=0.00..21.33 rows=890 width=0)
	              Index Cond: ((id >= 1310091) AND (id <= 1311090))

table 3 : explain SELECT SUM(k) FROM sbtest3 WHERE id BETWEEN 7308923 AND 7309922
	Aggregate  (cost=3963.99..3964.00 rows=1 width=8)
	  ->  Bitmap Heap Scan on sbtest3  (cost=22.96..3961.42 rows=1027 width=4)
	        Recheck Cond: ((id >= 7308923) AND (id <= 7309922))
	        ->  Bitmap Index Scan on sbtest3_pkey  (cost=0.00..22.70 rows=1027 width=0)
	              Index Cond: ((id >= 7308923) AND (id <= 7309922))

table 4 : explain SELECT SUM(k) FROM sbtest4 WHERE id BETWEEN 1201760 AND 1202759
	Aggregate  (cost=4239.55..4239.56 rows=1 width=8)
	  ->  Bitmap Heap Scan on sbtest4  (cost=27.71..4236.80 rows=1100 width=4)
	        Recheck Cond: ((id >= 1201760) AND (id <= 1202759))
	        ->  Bitmap Index Scan on sbtest4_pkey  (cost=0.00..27.43 rows=1100 width=0)
	              Index Cond: ((id >= 1201760) AND (id <= 1202759))

table 5 : explain SELECT SUM(k) FROM sbtest5 WHERE id BETWEEN 9875881 AND 9876880
	Aggregate  (cost=4033.83..4033.84 rows=1 width=8)
	  ->  Bitmap Heap Scan on sbtest5  (cost=27.14..4031.22 rows=1044 width=4)
	        Recheck Cond: ((id >= 9875881) AND (id <= 9876880))
	        ->  Bitmap Index Scan on sbtest5_pkey  (cost=0.00..26.87 rows=1044 width=0)
	              Index Cond: ((id >= 9875881) AND (id <= 9876880))

table 6 : explain SELECT SUM(k) FROM sbtest6 WHERE id BETWEEN 856914 AND 857913
	Aggregate  (cost=3535.01..3535.02 rows=1 width=8)
	  ->  Bitmap Heap Scan on sbtest6  (cost=21.79..3532.73 rows=913 width=4)
	        Recheck Cond: ((id >= 856914) AND (id <= 857913))
	        ->  Bitmap Index Scan on sbtest6_pkey  (cost=0.00..21.57 rows=913 width=0)
	              Index Cond: ((id >= 856914) AND (id <= 857913))

table 7 : explain SELECT SUM(k) FROM sbtest7 WHERE id BETWEEN 951783 AND 952782
	Aggregate  (cost=4119.25..4119.26 rows=1 width=8)
	  ->  Bitmap Heap Scan on sbtest7  (cost=23.38..4116.58 rows=1068 width=4)
	        Recheck Cond: ((id >= 951783) AND (id <= 952782))
	        ->  Bitmap Index Scan on sbtest7_pkey  (cost=0.00..23.11 rows=1068 width=0)
	              Index Cond: ((id >= 951783) AND (id <= 952782))

table 8 : explain SELECT SUM(k) FROM sbtest8 WHERE id BETWEEN 5841971 AND 5842970
	Aggregate  (cost=3825.91..3825.92 rows=1 width=8)
	  ->  Bitmap Heap Scan on sbtest8  (cost=22.58..3823.44 rows=990 width=4)
	        Recheck Cond: ((id >= 5841971) AND (id <= 5842970))
	        ->  Bitmap Index Scan on sbtest8_pkey  (cost=0.00..22.33 rows=990 width=0)
	              Index Cond: ((id >= 5841971) AND (id <= 5842970))

for: distinct_ranges
table 1 : explain SELECT DISTINCT c FROM sbtest1 WHERE id BETWEEN 84160 AND 85159 ORDER BY c
	Unique  (cost=3631.13..3635.76 rows=927 width=121)
	  ->  Sort  (cost=3631.13..3633.44 rows=927 width=121)
	        Sort Key: c
	        ->  Bitmap Heap Scan on sbtest1  (cost=21.94..3585.44 rows=927 width=121)
	              Recheck Cond: ((id >= 84160) AND (id <= 85159))
	              ->  Bitmap Index Scan on sbtest1_pkey  (cost=0.00..21.70 rows=927 width=0)
	                    Index Cond: ((id >= 84160) AND (id <= 85159))

table 2 : explain SELECT DISTINCT c FROM sbtest2 WHERE id BETWEEN 9848222 AND 9849221 ORDER BY c
	Unique  (cost=3769.86..3774.68 rows=963 width=121)
	  ->  Sort  (cost=3769.86..3772.27 rows=963 width=121)
	        Sort Key: c
	        ->  Bitmap Heap Scan on sbtest2  (cost=22.31..3722.14 rows=963 width=121)
	              Recheck Cond: ((id >= 9848222) AND (id <= 9849221))
	              ->  Bitmap Index Scan on sbtest2_pkey  (cost=0.00..22.07 rows=963 width=0)
	                    Index Cond: ((id >= 9848222) AND (id <= 9849221))

table 3 : explain SELECT DISTINCT c FROM sbtest3 WHERE id BETWEEN 313319 AND 314318 ORDER BY c
	Unique  (cost=4295.26..4300.77 rows=1101 width=121)
	  ->  Sort  (cost=4295.26..4298.02 rows=1101 width=121)
	        Sort Key: c
	        ->  Bitmap Heap Scan on sbtest3  (cost=27.72..4239.64 rows=1101 width=121)
	              Recheck Cond: ((id >= 313319) AND (id <= 314318))
	              ->  Bitmap Index Scan on sbtest3_pkey  (cost=0.00..27.44 rows=1101 width=0)
	                    Index Cond: ((id >= 313319) AND (id <= 314318))

table 4 : explain SELECT DISTINCT c FROM sbtest4 WHERE id BETWEEN 5251049 AND 5252048 ORDER BY c
	Unique  (cost=3692.37..3697.09 rows=943 width=121)
	  ->  Sort  (cost=3692.37..3694.73 rows=943 width=121)
	        Sort Key: c
	        ->  Bitmap Heap Scan on sbtest4  (cost=22.10..3645.78 rows=943 width=121)
	              Recheck Cond: ((id >= 5251049) AND (id <= 5252048))
	              ->  Bitmap Index Scan on sbtest4_pkey  (cost=0.00..21.86 rows=943 width=0)
	                    Index Cond: ((id >= 5251049) AND (id <= 5252048))

table 5 : explain SELECT DISTINCT c FROM sbtest5 WHERE id BETWEEN 5776490 AND 5777489 ORDER BY c
	Unique  (cost=3961.31..3966.37 rows=1012 width=121)
	  ->  Sort  (cost=3961.31..3963.84 rows=1012 width=121)
	        Sort Key: c
	        ->  Bitmap Heap Scan on sbtest5  (cost=26.81..3910.79 rows=1012 width=121)
	              Recheck Cond: ((id >= 5776490) AND (id <= 5777489))
	              ->  Bitmap Index Scan on sbtest5_pkey  (cost=0.00..26.55 rows=1012 width=0)
	                    Index Cond: ((id >= 5776490) AND (id <= 5777489))

table 6 : explain SELECT DISTINCT c FROM sbtest6 WHERE id BETWEEN 4204465 AND 4205464 ORDER BY c
	Unique  (cost=3830.37..3835.27 rows=979 width=121)
	  ->  Sort  (cost=3830.37..3832.82 rows=979 width=121)
	        Sort Key: c
	        ->  Bitmap Heap Scan on sbtest6  (cost=22.47..3781.74 rows=979 width=121)
	              Recheck Cond: ((id >= 4204465) AND (id <= 4205464))
	              ->  Bitmap Index Scan on sbtest6_pkey  (cost=0.00..22.22 rows=979 width=0)
	                    Index Cond: ((id >= 4204465) AND (id <= 4205464))

table 7 : explain SELECT DISTINCT c FROM sbtest7 WHERE id BETWEEN 1515981 AND 1516980 ORDER BY c
	Unique  (cost=4116.89..4122.16 rows=1054 width=121)
	  ->  Sort  (cost=4116.89..4119.52 rows=1054 width=121)
	        Sort Key: c
	        ->  Bitmap Heap Scan on sbtest7  (cost=23.24..4063.97 rows=1054 width=121)
	              Recheck Cond: ((id >= 1515981) AND (id <= 1516980))
	              ->  Bitmap Index Scan on sbtest7_pkey  (cost=0.00..22.97 rows=1054 width=0)
	                    Index Cond: ((id >= 1515981) AND (id <= 1516980))

table 8 : explain SELECT DISTINCT c FROM sbtest8 WHERE id BETWEEN 6011324 AND 6012323 ORDER BY c
	Unique  (cost=3945.34..3950.38 rows=1009 width=121)
	  ->  Sort  (cost=3945.34..3947.86 rows=1009 width=121)
	        Sort Key: c
	        ->  Bitmap Heap Scan on sbtest8  (cost=22.78..3894.99 rows=1009 width=121)
	              Recheck Cond: ((id >= 6011324) AND (id <= 6012323))
	              ->  Bitmap Index Scan on sbtest8_pkey  (cost=0.00..22.52 rows=1009 width=0)
	                    Index Cond: ((id >= 6011324) AND (id <= 6012323))

for point_selects
table 1 : explain SELECT c FROM sbtest1 WHERE id=8783656
	Index Scan using sbtest1_pkey on sbtest1  (cost=0.43..8.45 rows=1 width=121)
	  Index Cond: (id = 8783656)

table 2 : explain SELECT c FROM sbtest2 WHERE id=8037393
	Index Scan using sbtest2_pkey on sbtest2  (cost=0.43..8.45 rows=1 width=121)
	  Index Cond: (id = 8037393)

table 3 : explain SELECT c FROM sbtest3 WHERE id=9120847
	Index Scan using sbtest3_pkey on sbtest3  (cost=0.43..8.45 rows=1 width=121)
	  Index Cond: (id = 9120847)

table 4 : explain SELECT c FROM sbtest4 WHERE id=6599000
	Index Scan using sbtest4_pkey on sbtest4  (cost=0.43..8.45 rows=1 width=121)
	  Index Cond: (id = 6599000)

table 5 : explain SELECT c FROM sbtest5 WHERE id=3766391
	Index Scan using sbtest5_pkey on sbtest5  (cost=0.43..8.45 rows=1 width=121)
	  Index Cond: (id = 3766391)

table 6 : explain SELECT c FROM sbtest6 WHERE id=9361738
	Index Scan using sbtest6_pkey on sbtest6  (cost=0.43..8.45 rows=1 width=121)
	  Index Cond: (id = 9361738)

table 7 : explain SELECT c FROM sbtest7 WHERE id=7502197
	Index Scan using sbtest7_pkey on sbtest7  (cost=0.43..8.45 rows=1 width=121)
	  Index Cond: (id = 7502197)

table 8 : explain SELECT c FROM sbtest8 WHERE id=4085491
	Index Scan using sbtest8_pkey on sbtest8  (cost=0.43..8.45 rows=1 width=121)
	  Index Cond: (id = 4085491)

for: simple_ranges
table 1 : explain SELECT c FROM sbtest1 WHERE id BETWEEN 8444205 AND 8445204
	Bitmap Heap Scan on sbtest1  (cost=22.95..3958.53 rows=1026 width=121)
	  Recheck Cond: ((id >= 8444205) AND (id <= 8445204))
	  ->  Bitmap Index Scan on sbtest1_pkey  (cost=0.00..22.69 rows=1026 width=0)
	        Index Cond: ((id >= 8444205) AND (id <= 8445204))

table 2 : explain SELECT c FROM sbtest2 WHERE id BETWEEN 8279992 AND 8280991
	Bitmap Heap Scan on sbtest2  (cost=21.39..3385.93 rows=874 width=121)
	  Recheck Cond: ((id >= 8279992) AND (id <= 8280991))
	  ->  Bitmap Index Scan on sbtest2_pkey  (cost=0.00..21.18 rows=874 width=0)
	        Index Cond: ((id >= 8279992) AND (id <= 8280991))

table 3 : explain SELECT c FROM sbtest3 WHERE id BETWEEN 1130297 AND 1131296
	Bitmap Heap Scan on sbtest3  (cost=22.84..3916.28 rows=1015 width=121)
	  Recheck Cond: ((id >= 1130297) AND (id <= 1131296))
	  ->  Bitmap Index Scan on sbtest3_pkey  (cost=0.00..22.58 rows=1015 width=0)
	        Index Cond: ((id >= 1130297) AND (id <= 1131296))

table 4 : explain SELECT c FROM sbtest4 WHERE id BETWEEN 56070 AND 57069
	Bitmap Heap Scan on sbtest4  (cost=22.51..3796.59 rows=983 width=121)
	  Recheck Cond: ((id >= 56070) AND (id <= 57069))
	  ->  Bitmap Index Scan on sbtest4_pkey  (cost=0.00..22.26 rows=983 width=0)
	        Index Cond: ((id >= 56070) AND (id <= 57069))

table 5 : explain SELECT c FROM sbtest5 WHERE id BETWEEN 3433318 AND 3434317
	Bitmap Heap Scan on sbtest5  (cost=26.67..3861.83 rows=999 width=121)
	  Recheck Cond: ((id >= 3433318) AND (id <= 3434317))
	  ->  Bitmap Index Scan on sbtest5_pkey  (cost=0.00..26.43 rows=999 width=0)
	        Index Cond: ((id >= 3433318) AND (id <= 3434317))

table 6 : explain SELECT c FROM sbtest6 WHERE id BETWEEN 1764929 AND 1765928
	Bitmap Heap Scan on sbtest6  (cost=23.11..4015.14 rows=1041 width=121)
	  Recheck Cond: ((id >= 1764929) AND (id <= 1765928))
	  ->  Bitmap Index Scan on sbtest6_pkey  (cost=0.00..22.84 rows=1041 width=0)
	        Index Cond: ((id >= 1764929) AND (id <= 1765928))

table 7 : explain SELECT c FROM sbtest7 WHERE id BETWEEN 2212144 AND 2213143
	Bitmap Heap Scan on sbtest7  (cost=23.20..4048.93 rows=1050 width=121)
	  Recheck Cond: ((id >= 2212144) AND (id <= 2213143))
	  ->  Bitmap Index Scan on sbtest7_pkey  (cost=0.00..22.93 rows=1050 width=0)
	        Index Cond: ((id >= 2212144) AND (id <= 2213143))

table 8 : explain SELECT c FROM sbtest8 WHERE id BETWEEN 3196519 AND 3197518
	Bitmap Heap Scan on sbtest8  (cost=22.56..3815.90 rows=988 width=121)
	  Recheck Cond: ((id >= 3196519) AND (id <= 3197518))
	  ->  Bitmap Index Scan on sbtest8_pkey  (cost=0.00..22.32 rows=988 width=0)
	        Index Cond: ((id >= 3196519) AND (id <= 3197518))

for: simple_ranges
table 1 : explain SELECT c FROM sbtest1 WHERE id BETWEEN 4710908 AND 4711907
	Bitmap Heap Scan on sbtest1  (cost=22.67..3856.91 rows=999 width=121)
	  Recheck Cond: ((id >= 4710908) AND (id <= 4711907))
	  ->  Bitmap Index Scan on sbtest1_pkey  (cost=0.00..22.43 rows=999 width=0)
	        Index Cond: ((id >= 4710908) AND (id <= 4711907))

table 2 : explain SELECT c FROM sbtest2 WHERE id BETWEEN 822264 AND 823263
	Bitmap Heap Scan on sbtest2  (cost=22.90..3940.68 rows=1021 width=121)
	  Recheck Cond: ((id >= 822264) AND (id <= 823263))
	  ->  Bitmap Index Scan on sbtest2_pkey  (cost=0.00..22.64 rows=1021 width=0)
	        Index Cond: ((id >= 822264) AND (id <= 823263))

table 3 : explain SELECT c FROM sbtest3 WHERE id BETWEEN 4306906 AND 4307905
	Bitmap Heap Scan on sbtest3  (cost=22.59..3825.95 rows=991 width=121)
	  Recheck Cond: ((id >= 4306906) AND (id <= 4307905))
	  ->  Bitmap Index Scan on sbtest3_pkey  (cost=0.00..22.34 rows=991 width=0)
	        Index Cond: ((id >= 4306906) AND (id <= 4307905))

table 4 : explain SELECT c FROM sbtest4 WHERE id BETWEEN 6778099 AND 6779098
	Bitmap Heap Scan on sbtest4  (cost=22.17..3672.19 rows=950 width=121)
	  Recheck Cond: ((id >= 6778099) AND (id <= 6779098))
	  ->  Bitmap Index Scan on sbtest4_pkey  (cost=0.00..21.93 rows=950 width=0)
	        Index Cond: ((id >= 6778099) AND (id <= 6779098))

table 5 : explain SELECT c FROM sbtest5 WHERE id BETWEEN 7247874 AND 7248873
	Bitmap Heap Scan on sbtest5  (cost=26.65..3854.30 rows=997 width=121)
	  Recheck Cond: ((id >= 7247874) AND (id <= 7248873))
	  ->  Bitmap Index Scan on sbtest5_pkey  (cost=0.00..26.40 rows=997 width=0)
	        Index Cond: ((id >= 7247874) AND (id <= 7248873))

table 6 : explain SELECT c FROM sbtest6 WHERE id BETWEEN 2536742 AND 2537741
	Bitmap Heap Scan on sbtest6  (cost=22.82..3909.79 rows=1013 width=121)
	  Recheck Cond: ((id >= 2536742) AND (id <= 2537741))
	  ->  Bitmap Index Scan on sbtest6_pkey  (cost=0.00..22.57 rows=1013 width=0)
	        Index Cond: ((id >= 2536742) AND (id <= 2537741))

table 7 : explain SELECT c FROM sbtest7 WHERE id BETWEEN 3755605 AND 3756604
	Bitmap Heap Scan on sbtest7  (cost=22.30..3717.62 rows=962 width=121)
	  Recheck Cond: ((id >= 3755605) AND (id <= 3756604))
	  ->  Bitmap Index Scan on sbtest7_pkey  (cost=0.00..22.05 rows=962 width=0)
	        Index Cond: ((id >= 3755605) AND (id <= 3756604))

table 8 : explain SELECT c FROM sbtest8 WHERE id BETWEEN 7502856 AND 7503855
	Bitmap Heap Scan on sbtest8  (cost=23.07..4004.12 rows=1038 width=121)
	  Recheck Cond: ((id >= 7502856) AND (id <= 7503855))
	  ->  Bitmap Index Scan on sbtest8_pkey  (cost=0.00..22.82 rows=1038 width=0)
	        Index Cond: ((id >= 7502856) AND (id <= 7503855))

for: order_ranges
table 1 : explain SELECT c FROM sbtest1 WHERE id BETWEEN 2138265 AND 2139264 ORDER BY c
	Sort  (cost=3673.27..3675.61 rows=938 width=121)
	  Sort Key: c
	  ->  Bitmap Heap Scan on sbtest1  (cost=22.05..3626.96 rows=938 width=121)
	        Recheck Cond: ((id >= 2138265) AND (id <= 2139264))
	        ->  Bitmap Index Scan on sbtest1_pkey  (cost=0.00..21.82 rows=938 width=0)
	              Index Cond: ((id >= 2138265) AND (id <= 2139264))

table 2 : explain SELECT c FROM sbtest2 WHERE id BETWEEN 3225254 AND 3226253 ORDER BY c
	Sort  (cost=3980.24..3982.79 rows=1018 width=121)
	  Sort Key: c
	  ->  Bitmap Heap Scan on sbtest2  (cost=22.87..3929.38 rows=1018 width=121)
	        Recheck Cond: ((id >= 3225254) AND (id <= 3226253))
	        ->  Bitmap Index Scan on sbtest2_pkey  (cost=0.00..22.61 rows=1018 width=0)
	              Index Cond: ((id >= 3225254) AND (id <= 3226253))

table 3 : explain SELECT c FROM sbtest3 WHERE id BETWEEN 1826447 AND 1827446 ORDER BY c
	Sort  (cost=4401.88..4404.70 rows=1129 width=121)
	  Sort Key: c
	  ->  Bitmap Heap Scan on sbtest3  (cost=28.01..4344.63 rows=1129 width=121)
	        Recheck Cond: ((id >= 1826447) AND (id <= 1827446))
	        ->  Bitmap Index Scan on sbtest3_pkey  (cost=0.00..27.72 rows=1129 width=0)
	              Index Cond: ((id >= 1826447) AND (id <= 1827446))

table 4 : explain SELECT c FROM sbtest4 WHERE id BETWEEN 234857 AND 235856 ORDER BY c
	Sort  (cost=4093.79..4096.41 rows=1048 width=121)
	  Sort Key: c
	  ->  Bitmap Heap Scan on sbtest4  (cost=23.18..4041.21 rows=1048 width=121)
	        Recheck Cond: ((id >= 234857) AND (id <= 235856))
	        ->  Bitmap Index Scan on sbtest4_pkey  (cost=0.00..22.91 rows=1048 width=0)
	              Index Cond: ((id >= 234857) AND (id <= 235856))

table 5 : explain SELECT c FROM sbtest5 WHERE id BETWEEN 4746512 AND 4747511 ORDER BY c
	Sort  (cost=3746.89..3749.28 rows=957 width=121)
	  Sort Key: c
	  ->  Bitmap Heap Scan on sbtest5  (cost=22.24..3699.50 rows=957 width=121)
	        Recheck Cond: ((id >= 4746512) AND (id <= 4747511))
	        ->  Bitmap Index Scan on sbtest5_pkey  (cost=0.00..22.00 rows=957 width=0)
	              Index Cond: ((id >= 4746512) AND (id <= 4747511))

table 6 : explain SELECT c FROM sbtest6 WHERE id BETWEEN 329338 AND 330337 ORDER BY c
	Sort  (cost=4242.99..4245.71 rows=1086 width=121)
	  Sort Key: c
	  ->  Bitmap Heap Scan on sbtest6  (cost=27.57..4188.23 rows=1086 width=121)
	        Recheck Cond: ((id >= 329338) AND (id <= 330337))
	        ->  Bitmap Index Scan on sbtest6_pkey  (cost=0.00..27.29 rows=1086 width=0)
	              Index Cond: ((id >= 329338) AND (id <= 330337))

table 7 : explain SELECT c FROM sbtest7 WHERE id BETWEEN 9166831 AND 9167830 ORDER BY c
	Sort  (cost=4139.78..4142.43 rows=1060 width=121)
	  Sort Key: c
	  ->  Bitmap Heap Scan on sbtest7  (cost=23.30..4086.52 rows=1060 width=121)
	        Recheck Cond: ((id >= 9166831) AND (id <= 9167830))
	        ->  Bitmap Index Scan on sbtest7_pkey  (cost=0.00..23.04 rows=1060 width=0)
	              Index Cond: ((id >= 9166831) AND (id <= 9167830))

table 8 : explain SELECT c FROM sbtest8 WHERE id BETWEEN 8224188 AND 8225187 ORDER BY c
	Sort  (cost=3784.70..3787.12 rows=967 width=121)
	  Sort Key: c
	  ->  Bitmap Heap Scan on sbtest8  (cost=22.35..3736.75 rows=967 width=121)
	        Recheck Cond: ((id >= 8224188) AND (id <= 8225187))
	        ->  Bitmap Index Scan on sbtest8_pkey  (cost=0.00..22.11 rows=967 width=0)
	              Index Cond: ((id >= 8224188) AND (id <= 8225187))

for: simple_ranges
table 1 : explain SELECT c FROM sbtest1 WHERE id BETWEEN 1480669 AND 1481668
	Bitmap Heap Scan on sbtest1  (cost=22.62..3838.08 rows=994 width=121)
	  Recheck Cond: ((id >= 1480669) AND (id <= 1481668))
	  ->  Bitmap Index Scan on sbtest1_pkey  (cost=0.00..22.37 rows=994 width=0)
	        Index Cond: ((id >= 1480669) AND (id <= 1481668))

table 2 : explain SELECT c FROM sbtest2 WHERE id BETWEEN 7727724 AND 7728723
	Bitmap Heap Scan on sbtest2  (cost=22.92..3948.20 rows=1023 width=121)
	  Recheck Cond: ((id >= 7727724) AND (id <= 7728723))
	  ->  Bitmap Index Scan on sbtest2_pkey  (cost=0.00..22.66 rows=1023 width=0)
	        Index Cond: ((id >= 7727724) AND (id <= 7728723))

table 3 : explain SELECT c FROM sbtest3 WHERE id BETWEEN 3237141 AND 3238140
	Bitmap Heap Scan on sbtest3  (cost=23.29..4081.70 rows=1059 width=121)
	  Recheck Cond: ((id >= 3237141) AND (id <= 3238140))
	  ->  Bitmap Index Scan on sbtest3_pkey  (cost=0.00..23.02 rows=1059 width=0)
	        Index Cond: ((id >= 3237141) AND (id <= 3238140))

table 4 : explain SELECT c FROM sbtest4 WHERE id BETWEEN 8537699 AND 8538698
	Bitmap Heap Scan on sbtest4  (cost=22.43..3766.45 rows=975 width=121)
	  Recheck Cond: ((id >= 8537699) AND (id <= 8538698))
	  ->  Bitmap Index Scan on sbtest4_pkey  (cost=0.00..22.18 rows=975 width=0)
	        Index Cond: ((id >= 8537699) AND (id <= 8538698))

table 5 : explain SELECT c FROM sbtest5 WHERE id BETWEEN 5498901 AND 5499900
	Bitmap Heap Scan on sbtest5  (cost=26.68..3865.60 rows=1000 width=121)
	  Recheck Cond: ((id >= 5498901) AND (id <= 5499900))
	  ->  Bitmap Index Scan on sbtest5_pkey  (cost=0.00..26.43 rows=1000 width=0)
	        Index Cond: ((id >= 5498901) AND (id <= 5499900))

table 6 : explain SELECT c FROM sbtest6 WHERE id BETWEEN 1339582 AND 1340581
	Bitmap Heap Scan on sbtest6  (cost=22.08..3638.44 rows=941 width=121)
	  Recheck Cond: ((id >= 1339582) AND (id <= 1340581))
	  ->  Bitmap Index Scan on sbtest6_pkey  (cost=0.00..21.84 rows=941 width=0)
	        Index Cond: ((id >= 1339582) AND (id <= 1340581))

table 7 : explain SELECT c FROM sbtest7 WHERE id BETWEEN 6582496 AND 6583495
	Bitmap Heap Scan on sbtest7  (cost=23.36..4109.07 rows=1066 width=121)
	  Recheck Cond: ((id >= 6582496) AND (id <= 6583495))
	  ->  Bitmap Index Scan on sbtest7_pkey  (cost=0.00..23.09 rows=1066 width=0)
	        Index Cond: ((id >= 6582496) AND (id <= 6583495))

table 8 : explain SELECT c FROM sbtest8 WHERE id BETWEEN 5674949 AND 5675948
	Bitmap Heap Scan on sbtest8  (cost=22.55..3812.13 rows=987 width=121)
	  Recheck Cond: ((id >= 5674949) AND (id <= 5675948))
	  ->  Bitmap Index Scan on sbtest8_pkey  (cost=0.00..22.30 rows=987 width=0)
	        Index Cond: ((id >= 5674949) AND (id <= 5675948))

for: sum_ranges
table 1 : explain SELECT SUM(k) FROM sbtest1 WHERE id BETWEEN 9543540 AND 9544539
	Aggregate  (cost=3942.27..3942.28 rows=1 width=8)
	  ->  Bitmap Heap Scan on sbtest1  (cost=22.90..3939.72 rows=1021 width=4)
	        Recheck Cond: ((id >= 9543540) AND (id <= 9544539))
	        ->  Bitmap Index Scan on sbtest1_pkey  (cost=0.00..22.64 rows=1021 width=0)
	              Index Cond: ((id >= 9543540) AND (id <= 9544539))

table 2 : explain SELECT SUM(k) FROM sbtest2 WHERE id BETWEEN 7459512 AND 7460511
	Aggregate  (cost=4003.48..4003.49 rows=1 width=8)
	  ->  Bitmap Heap Scan on sbtest2  (cost=23.06..4000.89 rows=1037 width=4)
	        Recheck Cond: ((id >= 7459512) AND (id <= 7460511))
	        ->  Bitmap Index Scan on sbtest2_pkey  (cost=0.00..22.80 rows=1037 width=0)
	              Index Cond: ((id >= 7459512) AND (id <= 7460511))

table 3 : explain SELECT SUM(k) FROM sbtest3 WHERE id BETWEEN 3064229 AND 3065228
	Aggregate  (cost=3783.21..3783.22 rows=1 width=8)
	  ->  Bitmap Heap Scan on sbtest3  (cost=22.47..3780.76 rows=979 width=4)
	        Recheck Cond: ((id >= 3064229) AND (id <= 3065228))
	        ->  Bitmap Index Scan on sbtest3_pkey  (cost=0.00..22.22 rows=979 width=0)
	              Index Cond: ((id >= 3064229) AND (id <= 3065228))

table 4 : explain SELECT SUM(k) FROM sbtest4 WHERE id BETWEEN 5234070 AND 5235069
	Aggregate  (cost=3648.14..3648.15 rows=1 width=8)
	  ->  Bitmap Heap Scan on sbtest4  (cost=22.10..3645.78 rows=943 width=4)
	        Recheck Cond: ((id >= 5234070) AND (id <= 5235069))
	        ->  Bitmap Index Scan on sbtest4_pkey  (cost=0.00..21.86 rows=943 width=0)
	              Index Cond: ((id >= 5234070) AND (id <= 5235069))

table 5 : explain SELECT SUM(k) FROM sbtest5 WHERE id BETWEEN 1682379 AND 1683378
	Aggregate  (cost=4048.88..4048.89 rows=1 width=8)
	  ->  Bitmap Heap Scan on sbtest5  (cost=27.18..4046.26 rows=1048 width=4)
	        Recheck Cond: ((id >= 1682379) AND (id <= 1683378))
	        ->  Bitmap Index Scan on sbtest5_pkey  (cost=0.00..26.91 rows=1048 width=0)
	              Index Cond: ((id >= 1682379) AND (id <= 1683378))

table 6 : explain SELECT SUM(k) FROM sbtest6 WHERE id BETWEEN 149824 AND 150823
	Aggregate  (cost=4040.31..4040.32 rows=1 width=8)
	  ->  Bitmap Heap Scan on sbtest6  (cost=23.17..4037.70 rows=1047 width=4)
	        Recheck Cond: ((id >= 149824) AND (id <= 150823))
	        ->  Bitmap Index Scan on sbtest6_pkey  (cost=0.00..22.90 rows=1047 width=0)
	              Index Cond: ((id >= 149824) AND (id <= 150823))

table 7 : explain SELECT SUM(k) FROM sbtest7 WHERE id BETWEEN 9562930 AND 9563929
	Aggregate  (cost=3602.99..3603.00 rows=1 width=8)
	  ->  Bitmap Heap Scan on sbtest7  (cost=21.98..3600.67 rows=931 width=4)
	        Recheck Cond: ((id >= 9562930) AND (id <= 9563929))
	        ->  Bitmap Index Scan on sbtest7_pkey  (cost=0.00..21.75 rows=931 width=0)
	              Index Cond: ((id >= 9562930) AND (id <= 9563929))

table 8 : explain SELECT SUM(k) FROM sbtest8 WHERE id BETWEEN 9341979 AND 9342978
	Aggregate  (cost=3780.66..3780.67 rows=1 width=8)
	  ->  Bitmap Heap Scan on sbtest8  (cost=22.46..3778.22 rows=978 width=4)
	        Recheck Cond: ((id >= 9341979) AND (id <= 9342978))
	        ->  Bitmap Index Scan on sbtest8_pkey  (cost=0.00..22.21 rows=978 width=0)
	              Index Cond: ((id >= 9341979) AND (id <= 9342978))

for: simple_ranges
table 1 : explain SELECT c FROM sbtest1 WHERE id BETWEEN 4130756 AND 4131755
	Bitmap Heap Scan on sbtest1  (cost=22.97..3966.05 rows=1028 width=121)
	  Recheck Cond: ((id >= 4130756) AND (id <= 4131755))
	  ->  Bitmap Index Scan on sbtest1_pkey  (cost=0.00..22.71 rows=1028 width=0)
	        Index Cond: ((id >= 4130756) AND (id <= 4131755))

table 2 : explain SELECT c FROM sbtest2 WHERE id BETWEEN 4606627 AND 4607626
	Bitmap Heap Scan on sbtest2  (cost=21.69..3495.60 rows=903 width=121)
	  Recheck Cond: ((id >= 4606627) AND (id <= 4607626))
	  ->  Bitmap Index Scan on sbtest2_pkey  (cost=0.00..21.46 rows=903 width=0)
	        Index Cond: ((id >= 4606627) AND (id <= 4607626))

table 3 : explain SELECT c FROM sbtest3 WHERE id BETWEEN 238201 AND 239200
	Bitmap Heap Scan on sbtest3  (cost=22.64..3844.78 rows=996 width=121)
	  Recheck Cond: ((id >= 238201) AND (id <= 239200))
	  ->  Bitmap Index Scan on sbtest3_pkey  (cost=0.00..22.39 rows=996 width=0)
	        Index Cond: ((id >= 238201) AND (id <= 239200))

table 4 : explain SELECT c FROM sbtest4 WHERE id BETWEEN 7391194 AND 7392193
	Bitmap Heap Scan on sbtest4  (cost=23.03..3988.57 rows=1034 width=121)
	  Recheck Cond: ((id >= 7391194) AND (id <= 7392193))
	  ->  Bitmap Index Scan on sbtest4_pkey  (cost=0.00..22.77 rows=1034 width=0)
	        Index Cond: ((id >= 7391194) AND (id <= 7392193))

table 5 : explain SELECT c FROM sbtest5 WHERE id BETWEEN 943881 AND 944880
	Bitmap Heap Scan on sbtest5  (cost=26.80..3907.03 rows=1011 width=121)
	  Recheck Cond: ((id >= 943881) AND (id <= 944880))
	  ->  Bitmap Index Scan on sbtest5_pkey  (cost=0.00..26.54 rows=1011 width=0)
	        Index Cond: ((id >= 943881) AND (id <= 944880))

table 6 : explain SELECT c FROM sbtest6 WHERE id BETWEEN 2296062 AND 2297061
	Bitmap Heap Scan on sbtest6  (cost=22.76..3887.21 rows=1007 width=121)
	  Recheck Cond: ((id >= 2296062) AND (id <= 2297061))
	  ->  Bitmap Index Scan on sbtest6_pkey  (cost=0.00..22.50 rows=1007 width=0)
	        Index Cond: ((id >= 2296062) AND (id <= 2297061))

table 7 : explain SELECT c FROM sbtest7 WHERE id BETWEEN 8522306 AND 8523305
	Bitmap Heap Scan on sbtest7  (cost=23.43..4135.36 rows=1073 width=121)
	  Recheck Cond: ((id >= 8522306) AND (id <= 8523305))
	  ->  Bitmap Index Scan on sbtest7_pkey  (cost=0.00..23.16 rows=1073 width=0)
	        Index Cond: ((id >= 8522306) AND (id <= 8523305))

table 8 : explain SELECT c FROM sbtest8 WHERE id BETWEEN 782563 AND 783562
	Bitmap Heap Scan on sbtest8  (cost=23.08..4007.89 rows=1039 width=121)
	  Recheck Cond: ((id >= 782563) AND (id <= 783562))
	  ->  Bitmap Index Scan on sbtest8_pkey  (cost=0.00..22.82 rows=1039 width=0)
	        Index Cond: ((id >= 782563) AND (id <= 783562))

for: order_ranges
table 1 : explain SELECT c FROM sbtest1 WHERE id BETWEEN 5831480 AND 5832479 ORDER BY c
	Sort  (cost=3734.53..3736.92 rows=954 width=121)
	  Sort Key: c
	  ->  Bitmap Heap Scan on sbtest1  (cost=22.21..3687.32 rows=954 width=121)
	        Recheck Cond: ((id >= 5831480) AND (id <= 5832479))
	        ->  Bitmap Index Scan on sbtest1_pkey  (cost=0.00..21.97 rows=954 width=0)
	              Index Cond: ((id >= 5831480) AND (id <= 5832479))

table 2 : explain SELECT c FROM sbtest2 WHERE id BETWEEN 9312221 AND 9313220 ORDER BY c
	Sort  (cost=4232.40..4235.11 rows=1083 width=121)
	  Sort Key: c
	  ->  Bitmap Heap Scan on sbtest2  (cost=27.54..4177.81 rows=1083 width=121)
	        Recheck Cond: ((id >= 9312221) AND (id <= 9313220))
	        ->  Bitmap Index Scan on sbtest2_pkey  (cost=0.00..27.26 rows=1083 width=0)
	              Index Cond: ((id >= 9312221) AND (id <= 9313220))

table 3 : explain SELECT c FROM sbtest3 WHERE id BETWEEN 9547230 AND 9548229 ORDER BY c
	Sort  (cost=3561.41..3563.68 rows=909 width=121)
	  Sort Key: c
	  ->  Bitmap Heap Scan on sbtest3  (cost=21.75..3516.74 rows=909 width=121)
	        Recheck Cond: ((id >= 9547230) AND (id <= 9548229))
	        ->  Bitmap Index Scan on sbtest3_pkey  (cost=0.00..21.52 rows=909 width=0)
	              Index Cond: ((id >= 9547230) AND (id <= 9548229))

table 4 : explain SELECT c FROM sbtest4 WHERE id BETWEEN 3504781 AND 3505780 ORDER BY c
	Sort  (cost=4273.23..4275.96 rows=1094 width=121)
	  Sort Key: c
	  ->  Bitmap Heap Scan on sbtest4  (cost=27.65..4218.01 rows=1094 width=121)
	        Recheck Cond: ((id >= 3504781) AND (id <= 3505780))
	        ->  Bitmap Index Scan on sbtest4_pkey  (cost=0.00..27.37 rows=1094 width=0)
	              Index Cond: ((id >= 3504781) AND (id <= 3505780))

table 5 : explain SELECT c FROM sbtest5 WHERE id BETWEEN 76698 AND 77697 ORDER BY c
	Sort  (cost=3907.78..3910.27 rows=998 width=121)
	  Sort Key: c
	  ->  Bitmap Heap Scan on sbtest5  (cost=26.66..3858.06 rows=998 width=121)
	        Recheck Cond: ((id >= 76698) AND (id <= 77697))
	        ->  Bitmap Index Scan on sbtest5_pkey  (cost=0.00..26.41 rows=998 width=0)
	              Index Cond: ((id >= 76698) AND (id <= 77697))

table 6 : explain SELECT c FROM sbtest6 WHERE id BETWEEN 6113876 AND 6114875 ORDER BY c
	Sort  (cost=3891.56..3894.05 rows=995 width=121)
	  Sort Key: c
	  ->  Bitmap Heap Scan on sbtest6  (cost=22.63..3842.02 rows=995 width=121)
	        Recheck Cond: ((id >= 6113876) AND (id <= 6114875))
	        ->  Bitmap Index Scan on sbtest6_pkey  (cost=0.00..22.39 rows=995 width=0)
	              Index Cond: ((id >= 6113876) AND (id <= 6114875))

table 7 : explain SELECT c FROM sbtest7 WHERE id BETWEEN 5323622 AND 5324621 ORDER BY c
	Sort  (cost=4040.54..4043.13 rows=1034 width=121)
	  Sort Key: c
	  ->  Bitmap Heap Scan on sbtest7  (cost=23.03..3988.77 rows=1034 width=121)
	        Recheck Cond: ((id >= 5323622) AND (id <= 5324621))
	        ->  Bitmap Index Scan on sbtest7_pkey  (cost=0.00..22.77 rows=1034 width=0)
	              Index Cond: ((id >= 5323622) AND (id <= 5324621))

table 8 : explain SELECT c FROM sbtest8 WHERE id BETWEEN 7541820 AND 7542819 ORDER BY c
	Sort  (cost=3708.13..3710.50 rows=947 width=121)
	  Sort Key: c
	  ->  Bitmap Heap Scan on sbtest8  (cost=22.14..3661.32 rows=947 width=121)
	        Recheck Cond: ((id >= 7541820) AND (id <= 7542819))
	        ->  Bitmap Index Scan on sbtest8_pkey  (cost=0.00..21.90 rows=947 width=0)
	              Index Cond: ((id >= 7541820) AND (id <= 7542819))

explain: for point_selects :: explain SELECT c FROM sbtest%u WHERE id=%u
for: distinct_ranges
table 1 : explain SELECT DISTINCT c FROM sbtest1 WHERE id BETWEEN 4663757 AND 4664756 ORDER BY c
	Unique  (cost=3906.68..3911.67 rows=999 width=121)
	  ->  Sort  (cost=3906.68..3909.18 rows=999 width=121)
	        Sort Key: c
	        ->  Bitmap Heap Scan on sbtest1  (cost=22.67..3856.91 rows=999 width=121)
	              Recheck Cond: ((id >= 4663757) AND (id <= 4664756))
	              ->  Bitmap Index Scan on sbtest1_pkey  (cost=0.00..22.43 rows=999 width=0)
	                    Index Cond: ((id >= 4663757) AND (id <= 4664756))

table 2 : explain SELECT DISTINCT c FROM sbtest2 WHERE id BETWEEN 2817023 AND 2818022 ORDER BY c
	Unique  (cost=3570.61..3575.17 rows=911 width=121)
	  ->  Sort  (cost=3570.61..3572.89 rows=911 width=121)
	        Sort Key: c
	        ->  Bitmap Heap Scan on sbtest2  (cost=21.77..3525.83 rows=911 width=121)
	              Recheck Cond: ((id >= 2817023) AND (id <= 2818022))
	              ->  Bitmap Index Scan on sbtest2_pkey  (cost=0.00..21.54 rows=911 width=0)
	                    Index Cond: ((id >= 2817023) AND (id <= 2818022))

table 3 : explain SELECT DISTINCT c FROM sbtest3 WHERE id BETWEEN 4895397 AND 4896396 ORDER BY c
	Unique  (cost=4035.70..4040.86 rows=1033 width=121)
	  ->  Sort  (cost=4035.70..4038.28 rows=1033 width=121)
	        Sort Key: c
	        ->  Bitmap Heap Scan on sbtest3  (cost=23.02..3983.98 rows=1033 width=121)
	              Recheck Cond: ((id >= 4895397) AND (id <= 4896396))
	              ->  Bitmap Index Scan on sbtest3_pkey  (cost=0.00..22.76 rows=1033 width=0)
	                    Index Cond: ((id >= 4895397) AND (id <= 4896396))

table 4 : explain SELECT DISTINCT c FROM sbtest4 WHERE id BETWEEN 1364081 AND 1365080 ORDER BY c
	Unique  (cost=3791.90..3796.74 rows=969 width=121)
	  ->  Sort  (cost=3791.90..3794.32 rows=969 width=121)
	        Sort Key: c
	        ->  Bitmap Heap Scan on sbtest4  (cost=22.37..3743.83 rows=969 width=121)
	              Recheck Cond: ((id >= 1364081) AND (id <= 1365080))
	              ->  Bitmap Index Scan on sbtest4_pkey  (cost=0.00..22.12 rows=969 width=0)
	                    Index Cond: ((id >= 1364081) AND (id <= 1365080))

table 5 : explain SELECT DISTINCT c FROM sbtest5 WHERE id BETWEEN 1798761 AND 1799760 ORDER BY c
	Unique  (cost=3877.01..3881.96 rows=991 width=121)
	  ->  Sort  (cost=3877.01..3879.48 rows=991 width=121)
	        Sort Key: c
	        ->  Bitmap Heap Scan on sbtest5  (cost=22.59..3827.69 rows=991 width=121)
	              Recheck Cond: ((id >= 1798761) AND (id <= 1799760))
	              ->  Bitmap Index Scan on sbtest5_pkey  (cost=0.00..22.34 rows=991 width=0)
	                    Index Cond: ((id >= 1798761) AND (id <= 1799760))

table 6 : explain SELECT DISTINCT c FROM sbtest6 WHERE id BETWEEN 3143538 AND 3144537 ORDER BY c
	Unique  (cost=3792.11..3796.96 rows=969 width=121)
	  ->  Sort  (cost=3792.11..3794.54 rows=969 width=121)
	        Sort Key: c
	        ->  Bitmap Heap Scan on sbtest6  (cost=22.37..3744.05 rows=969 width=121)
	              Recheck Cond: ((id >= 3143538) AND (id <= 3144537))
	              ->  Bitmap Index Scan on sbtest6_pkey  (cost=0.00..22.12 rows=969 width=0)
	                    Index Cond: ((id >= 3143538) AND (id <= 3144537))

table 7 : explain SELECT DISTINCT c FROM sbtest7 WHERE id BETWEEN 8029492 AND 8030491 ORDER BY c
	Unique  (cost=3860.93..3865.87 rows=987 width=121)
	  ->  Sort  (cost=3860.93..3863.40 rows=987 width=121)
	        Sort Key: c
	        ->  Bitmap Heap Scan on sbtest7  (cost=22.55..3811.85 rows=987 width=121)
	              Recheck Cond: ((id >= 8029492) AND (id <= 8030491))
	              ->  Bitmap Index Scan on sbtest7_pkey  (cost=0.00..22.30 rows=987 width=0)
	                    Index Cond: ((id >= 8029492) AND (id <= 8030491))

table 8 : explain SELECT DISTINCT c FROM sbtest8 WHERE id BETWEEN 6170410 AND 6171409 ORDER BY c
	Unique  (cost=4182.07..4187.43 rows=1071 width=121)
	  ->  Sort  (cost=4182.07..4184.75 rows=1071 width=121)
	        Sort Key: c
	        ->  Bitmap Heap Scan on sbtest8  (cost=23.41..4128.18 rows=1071 width=121)
	              Recheck Cond: ((id >= 6170410) AND (id <= 6171409))
	              ->  Bitmap Index Scan on sbtest8_pkey  (cost=0.00..23.14 rows=1071 width=0)
	                    Index Cond: ((id >= 6170410) AND (id <= 6171409))

for: sum_ranges
table 1 : explain SELECT SUM(k) FROM sbtest1 WHERE id BETWEEN 4472584 AND 4473583
	Aggregate  (cost=3750.07..3750.08 rows=1 width=8)
	  ->  Bitmap Heap Scan on sbtest1  (cost=22.38..3747.65 rows=970 width=4)
	        Recheck Cond: ((id >= 4472584) AND (id <= 4473583))
	        ->  Bitmap Index Scan on sbtest1_pkey  (cost=0.00..22.14 rows=970 width=0)
	              Index Cond: ((id >= 4472584) AND (id <= 4473583))

table 2 : explain SELECT SUM(k) FROM sbtest2 WHERE id BETWEEN 3946558 AND 3947557
	Aggregate  (cost=3958.29..3958.30 rows=1 width=8)
	  ->  Bitmap Heap Scan on sbtest2  (cost=22.94..3955.73 rows=1025 width=4)
	        Recheck Cond: ((id >= 3946558) AND (id <= 3947557))
	        ->  Bitmap Index Scan on sbtest2_pkey  (cost=0.00..22.68 rows=1025 width=0)
	              Index Cond: ((id >= 3946558) AND (id <= 3947557))

table 3 : explain SELECT SUM(k) FROM sbtest3 WHERE id BETWEEN 3081164 AND 3082163
	Aggregate  (cost=3783.21..3783.22 rows=1 width=8)
	  ->  Bitmap Heap Scan on sbtest3  (cost=22.47..3780.76 rows=979 width=4)
	        Recheck Cond: ((id >= 3081164) AND (id <= 3082163))
	        ->  Bitmap Index Scan on sbtest3_pkey  (cost=0.00..22.22 rows=979 width=0)
	              Index Cond: ((id >= 3081164) AND (id <= 3082163))

table 4 : explain SELECT SUM(k) FROM sbtest4 WHERE id BETWEEN 3518687 AND 3519686
	Aggregate  (cost=4220.74..4220.75 rows=1 width=8)
	  ->  Bitmap Heap Scan on sbtest4  (cost=27.65..4218.01 rows=1094 width=4)
	        Recheck Cond: ((id >= 3518687) AND (id <= 3519686))
	        ->  Bitmap Index Scan on sbtest4_pkey  (cost=0.00..27.37 rows=1094 width=0)
	              Index Cond: ((id >= 3518687) AND (id <= 3519686))

table 5 : explain SELECT SUM(k) FROM sbtest5 WHERE id BETWEEN 4437801 AND 4438800
	Aggregate  (cost=3505.42..3505.43 rows=1 width=8)
	  ->  Bitmap Heap Scan on sbtest5  (cost=21.71..3503.15 rows=905 width=4)
	        Recheck Cond: ((id >= 4437801) AND (id <= 4438800))
	        ->  Bitmap Index Scan on sbtest5_pkey  (cost=0.00..21.48 rows=905 width=0)
	              Index Cond: ((id >= 4437801) AND (id <= 4438800))

table 6 : explain SELECT SUM(k) FROM sbtest6 WHERE id BETWEEN 5055871 AND 5056870
	Aggregate  (cost=4013.98..4013.99 rows=1 width=8)
	  ->  Bitmap Heap Scan on sbtest6  (cost=23.09..4011.38 rows=1040 width=4)
	        Recheck Cond: ((id >= 5055871) AND (id <= 5056870))
	        ->  Bitmap Index Scan on sbtest6_pkey  (cost=0.00..22.83 rows=1040 width=0)
	              Index Cond: ((id >= 5055871) AND (id <= 5056870))

table 7 : explain SELECT SUM(k) FROM sbtest7 WHERE id BETWEEN 5427025 AND 5428024
	Aggregate  (cost=3500.96..3500.97 rows=1 width=8)
	  ->  Bitmap Heap Scan on sbtest7  (cost=21.70..3498.70 rows=904 width=4)
	        Recheck Cond: ((id >= 5427025) AND (id <= 5428024))
	        ->  Bitmap Index Scan on sbtest7_pkey  (cost=0.00..21.47 rows=904 width=0)
	              Index Cond: ((id >= 5427025) AND (id <= 5428024))

table 8 : explain SELECT SUM(k) FROM sbtest8 WHERE id BETWEEN 5571172 AND 5572171
	Aggregate  (cost=3765.58..3765.59 rows=1 width=8)
	  ->  Bitmap Heap Scan on sbtest8  (cost=22.42..3763.14 rows=974 width=4)
	        Recheck Cond: ((id >= 5571172) AND (id <= 5572171))
	        ->  Bitmap Index Scan on sbtest8_pkey  (cost=0.00..22.18 rows=974 width=0)
	              Index Cond: ((id >= 5571172) AND (id <= 5572171))

explain: for point_selects :: explain SELECT c FROM sbtest%u WHERE id=%u
explain: for point_selects :: explain SELECT c FROM sbtest%u WHERE id=%u
for: distinct_ranges
table 1 : explain SELECT DISTINCT c FROM sbtest1 WHERE id BETWEEN 283853 AND 284852 ORDER BY c
	Unique  (cost=4288.61..4294.10 rows=1099 width=121)
	  ->  Sort  (cost=4288.61..4291.36 rows=1099 width=121)
	        Sort Key: c
	        ->  Bitmap Heap Scan on sbtest1  (cost=27.70..4233.10 rows=1099 width=121)
	              Recheck Cond: ((id >= 283853) AND (id <= 284852))
	              ->  Bitmap Index Scan on sbtest1_pkey  (cost=0.00..27.43 rows=1099 width=0)
	                    Index Cond: ((id >= 283853) AND (id <= 284852))

table 2 : explain SELECT DISTINCT c FROM sbtest2 WHERE id BETWEEN 3189885 AND 3190884 ORDER BY c
	Unique  (cost=3945.84..3950.89 rows=1009 width=121)
	  ->  Sort  (cost=3945.84..3948.36 rows=1009 width=121)
	        Sort Key: c
	        ->  Bitmap Heap Scan on sbtest2  (cost=22.78..3895.50 rows=1009 width=121)
	              Recheck Cond: ((id >= 3189885) AND (id <= 3190884))
	              ->  Bitmap Index Scan on sbtest2_pkey  (cost=0.00..22.52 rows=1009 width=0)
	                    Index Cond: ((id >= 3189885) AND (id <= 3190884))

table 3 : explain SELECT DISTINCT c FROM sbtest3 WHERE id BETWEEN 3608046 AND 3609045 ORDER BY c
	Unique  (cost=3875.27..3880.22 rows=991 width=121)
	  ->  Sort  (cost=3875.27..3877.75 rows=991 width=121)
	        Sort Key: c
	        ->  Bitmap Heap Scan on sbtest3  (cost=22.59..3825.95 rows=991 width=121)
	              Recheck Cond: ((id >= 3608046) AND (id <= 3609045))
	              ->  Bitmap Index Scan on sbtest3_pkey  (cost=0.00..22.34 rows=991 width=0)
	                    Index Cond: ((id >= 3608046) AND (id <= 3609045))

table 4 : explain SELECT DISTINCT c FROM sbtest4 WHERE id BETWEEN 3851007 AND 3852006 ORDER BY c
	Unique  (cost=3700.03..3704.76 rows=945 width=121)
	  ->  Sort  (cost=3700.03..3702.39 rows=945 width=121)
	        Sort Key: c
	        ->  Bitmap Heap Scan on sbtest4  (cost=22.12..3653.33 rows=945 width=121)
	              Recheck Cond: ((id >= 3851007) AND (id <= 3852006))
	              ->  Bitmap Index Scan on sbtest4_pkey  (cost=0.00..21.89 rows=945 width=0)
	                    Index Cond: ((id >= 3851007) AND (id <= 3852006))

table 5 : explain SELECT DISTINCT c FROM sbtest5 WHERE id BETWEEN 6160651 AND 6161650 ORDER BY c
	Unique  (cost=4068.29..4073.49 rows=1040 width=121)
	  ->  Sort  (cost=4068.29..4070.89 rows=1040 width=121)
	        Sort Key: c
	        ->  Bitmap Heap Scan on sbtest5  (cost=27.09..4016.17 rows=1040 width=121)
	              Recheck Cond: ((id >= 6160651) AND (id <= 6161650))
	              ->  Bitmap Index Scan on sbtest5_pkey  (cost=0.00..26.83 rows=1040 width=0)
	                    Index Cond: ((id >= 6160651) AND (id <= 6161650))

table 6 : explain SELECT DISTINCT c FROM sbtest6 WHERE id BETWEEN 8412045 AND 8413044 ORDER BY c
	Unique  (cost=3585.29..3589.87 rows=915 width=121)
	  ->  Sort  (cost=3585.29..3587.58 rows=915 width=121)
	        Sort Key: c
	        ->  Bitmap Heap Scan on sbtest6  (cost=21.81..3540.29 rows=915 width=121)
	              Recheck Cond: ((id >= 8412045) AND (id <= 8413044))
	              ->  Bitmap Index Scan on sbtest6_pkey  (cost=0.00..21.58 rows=915 width=0)
	                    Index Cond: ((id >= 8412045) AND (id <= 8413044))

table 7 : explain SELECT DISTINCT c FROM sbtest7 WHERE id BETWEEN 5755842 AND 5756841 ORDER BY c
	Unique  (cost=4067.27..4072.47 rows=1041 width=121)
	  ->  Sort  (cost=4067.27..4069.87 rows=1041 width=121)
	        Sort Key: c
	        ->  Bitmap Heap Scan on sbtest7  (cost=23.11..4015.10 rows=1041 width=121)
	              Recheck Cond: ((id >= 5755842) AND (id <= 5756841))
	              ->  Bitmap Index Scan on sbtest7_pkey  (cost=0.00..22.84 rows=1041 width=0)
	                    Index Cond: ((id >= 5755842) AND (id <= 5756841))

table 8 : explain SELECT DISTINCT c FROM sbtest8 WHERE id BETWEEN 1828094 AND 1829093 ORDER BY c
	Unique  (cost=3807.66..3812.53 rows=973 width=121)
	  ->  Sort  (cost=3807.66..3810.10 rows=973 width=121)
	        Sort Key: c
	        ->  Bitmap Heap Scan on sbtest8  (cost=22.41..3759.37 rows=973 width=121)
	              Recheck Cond: ((id >= 1828094) AND (id <= 1829093))
	              ->  Bitmap Index Scan on sbtest8_pkey  (cost=0.00..22.16 rows=973 width=0)
	                    Index Cond: ((id >= 1828094) AND (id <= 1829093))

for: order_ranges
table 1 : explain SELECT c FROM sbtest1 WHERE id BETWEEN 9206418 AND 9207417 ORDER BY c
	Sort  (cost=4021.30..4023.87 rows=1029 width=121)
	  Sort Key: c
	  ->  Bitmap Heap Scan on sbtest1  (cost=22.98..3969.82 rows=1029 width=121)
	        Recheck Cond: ((id >= 9206418) AND (id <= 9207417))
	        ->  Bitmap Index Scan on sbtest1_pkey  (cost=0.00..22.72 rows=1029 width=0)
	              Index Cond: ((id >= 9206418) AND (id <= 9207417))

table 2 : explain SELECT c FROM sbtest2 WHERE id BETWEEN 6514236 AND 6515235 ORDER BY c
	Sort  (cost=4056.65..4059.25 rows=1038 width=121)
	  Sort Key: c
	  ->  Bitmap Heap Scan on sbtest2  (cost=23.07..4004.65 rows=1038 width=121)
	        Recheck Cond: ((id >= 6514236) AND (id <= 6515235))
	        ->  Bitmap Index Scan on sbtest2_pkey  (cost=0.00..22.82 rows=1038 width=0)
	              Index Cond: ((id >= 6514236) AND (id <= 6515235))

table 3 : explain SELECT c FROM sbtest3 WHERE id BETWEEN 6506930 AND 6507929 ORDER BY c
	Sort  (cost=4333.35..4336.13 rows=1111 width=121)
	  Sort Key: c
	  ->  Bitmap Heap Scan on sbtest3  (cost=27.82..4277.15 rows=1111 width=121)
	        Recheck Cond: ((id >= 6506930) AND (id <= 6507929))
	        ->  Bitmap Index Scan on sbtest3_pkey  (cost=0.00..27.54 rows=1111 width=0)
	              Index Cond: ((id >= 6506930) AND (id <= 6507929))

table 4 : explain SELECT c FROM sbtest4 WHERE id BETWEEN 696736 AND 697735 ORDER BY c
	Sort  (cost=4277.12..4279.86 rows=1096 width=121)
	  Sort Key: c
	  ->  Bitmap Heap Scan on sbtest4  (cost=27.67..4221.78 rows=1096 width=121)
	        Recheck Cond: ((id >= 696736) AND (id <= 697735))
	        ->  Bitmap Index Scan on sbtest4_pkey  (cost=0.00..27.39 rows=1096 width=0)
	              Index Cond: ((id >= 696736) AND (id <= 697735))

table 5 : explain SELECT c FROM sbtest5 WHERE id BETWEEN 1884733 AND 1885732 ORDER BY c
	Sort  (cost=4175.17..4177.84 rows=1068 width=121)
	  Sort Key: c
	  ->  Bitmap Heap Scan on sbtest5  (cost=27.38..4121.45 rows=1068 width=121)
	        Recheck Cond: ((id >= 1884733) AND (id <= 1885732))
	        ->  Bitmap Index Scan on sbtest5_pkey  (cost=0.00..27.11 rows=1068 width=0)
	              Index Cond: ((id >= 1884733) AND (id <= 1885732))

table 6 : explain SELECT c FROM sbtest6 WHERE id BETWEEN 518664 AND 519663 ORDER BY c
	Sort  (cost=3719.39..3721.76 rows=950 width=121)
	  Sort Key: c
	  ->  Bitmap Heap Scan on sbtest6  (cost=22.17..3672.40 rows=950 width=121)
	        Recheck Cond: ((id >= 518664) AND (id <= 519663))
	        ->  Bitmap Index Scan on sbtest6_pkey  (cost=0.00..21.93 rows=950 width=0)
	              Index Cond: ((id >= 518664) AND (id <= 519663))

table 7 : explain SELECT c FROM sbtest7 WHERE id BETWEEN 3202504 AND 3203503 ORDER BY c
	Sort  (cost=3592.93..3595.22 rows=917 width=121)
	  Sort Key: c
	  ->  Bitmap Heap Scan on sbtest7  (cost=21.83..3547.81 rows=917 width=121)
	        Recheck Cond: ((id >= 3202504) AND (id <= 3203503))
	        ->  Bitmap Index Scan on sbtest7_pkey  (cost=0.00..21.61 rows=917 width=0)
	              Index Cond: ((id >= 3202504) AND (id <= 3203503))

table 8 : explain SELECT c FROM sbtest8 WHERE id BETWEEN 2550358 AND 2551357 ORDER BY c
	Sort  (cost=3922.40..3924.91 rows=1003 width=121)
	  Sort Key: c
	  ->  Bitmap Heap Scan on sbtest8  (cost=22.72..3872.40 rows=1003 width=121)
	        Recheck Cond: ((id >= 2550358) AND (id <= 2551357))
	        ->  Bitmap Index Scan on sbtest8_pkey  (cost=0.00..22.46 rows=1003 width=0)
	              Index Cond: ((id >= 2550358) AND (id <= 2551357))

for point_selects
table 1 : explain SELECT c FROM sbtest1 WHERE id=9325740
	Index Scan using sbtest1_pkey on sbtest1  (cost=0.43..8.45 rows=1 width=121)
	  Index Cond: (id = 9325740)

table 2 : explain SELECT c FROM sbtest2 WHERE id=7790320
	Index Scan using sbtest2_pkey on sbtest2  (cost=0.43..8.45 rows=1 width=121)
	  Index Cond: (id = 7790320)

table 3 : explain SELECT c FROM sbtest3 WHERE id=9702676
	Index Scan using sbtest3_pkey on sbtest3  (cost=0.43..8.45 rows=1 width=121)
	  Index Cond: (id = 9702676)

table 4 : explain SELECT c FROM sbtest4 WHERE id=5256197
	Index Scan using sbtest4_pkey on sbtest4  (cost=0.43..8.45 rows=1 width=121)
	  Index Cond: (id = 5256197)

table 5 : explain SELECT c FROM sbtest5 WHERE id=6710916
	Index Scan using sbtest5_pkey on sbtest5  (cost=0.43..8.45 rows=1 width=121)
	  Index Cond: (id = 6710916)

table 6 : explain SELECT c FROM sbtest6 WHERE id=9139298
	Index Scan using sbtest6_pkey on sbtest6  (cost=0.43..8.45 rows=1 width=121)
	  Index Cond: (id = 9139298)

table 7 : explain SELECT c FROM sbtest7 WHERE id=5251532
	Index Scan using sbtest7_pkey on sbtest7  (cost=0.43..8.45 rows=1 width=121)
	  Index Cond: (id = 5251532)

table 8 : explain SELECT c FROM sbtest8 WHERE id=1828380
	Index Scan using sbtest8_pkey on sbtest8  (cost=0.43..8.45 rows=1 width=121)
	  Index Cond: (id = 1828380)

for: sum_ranges
table 1 : explain SELECT SUM(k) FROM sbtest1 WHERE id BETWEEN 9142134 AND 9143133
	Aggregate  (cost=3825.49..3825.50 rows=1 width=8)
	  ->  Bitmap Heap Scan on sbtest1  (cost=22.58..3823.01 rows=990 width=4)
	        Recheck Cond: ((id >= 9142134) AND (id <= 9143133))
	        ->  Bitmap Index Scan on sbtest1_pkey  (cost=0.00..22.33 rows=990 width=0)
	              Index Cond: ((id >= 9142134) AND (id <= 9143133))

table 2 : explain SELECT SUM(k) FROM sbtest2 WHERE id BETWEEN 9173066 AND 9174065
	Aggregate  (cost=3992.19..3992.20 rows=1 width=8)
	  ->  Bitmap Heap Scan on sbtest2  (cost=23.03..3989.60 rows=1034 width=4)
	        Recheck Cond: ((id >= 9173066) AND (id <= 9174065))
	        ->  Bitmap Index Scan on sbtest2_pkey  (cost=0.00..22.77 rows=1034 width=0)
	              Index Cond: ((id >= 9173066) AND (id <= 9174065))

table 3 : explain SELECT SUM(k) FROM sbtest3 WHERE id BETWEEN 4158780 AND 4159779
	Aggregate  (cost=3696.47..3696.48 rows=1 width=8)
	  ->  Bitmap Heap Scan on sbtest3  (cost=22.23..3694.08 rows=956 width=4)
	        Recheck Cond: ((id >= 4158780) AND (id <= 4159779))
	        ->  Bitmap Index Scan on sbtest3_pkey  (cost=0.00..22.00 rows=956 width=0)
	              Index Cond: ((id >= 4158780) AND (id <= 4159779))

table 4 : explain SELECT SUM(k) FROM sbtest4 WHERE id BETWEEN 2818340 AND 2819339
	Aggregate  (cost=3670.79..3670.80 rows=1 width=8)
	  ->  Bitmap Heap Scan on sbtest4  (cost=22.16..3668.42 rows=949 width=4)
	        Recheck Cond: ((id >= 2818340) AND (id <= 2819339))
	        ->  Bitmap Index Scan on sbtest4_pkey  (cost=0.00..21.93 rows=949 width=0)
	              Index Cond: ((id >= 2818340) AND (id <= 2819339))

table 5 : explain SELECT SUM(k) FROM sbtest5 WHERE id BETWEEN 3371134 AND 3372133
	Aggregate  (cost=4063.93..4063.94 rows=1 width=8)
	  ->  Bitmap Heap Scan on sbtest5  (cost=27.22..4061.30 rows=1052 width=4)
	        Recheck Cond: ((id >= 3371134) AND (id <= 3372133))
	        ->  Bitmap Index Scan on sbtest5_pkey  (cost=0.00..26.95 rows=1052 width=0)
	              Index Cond: ((id >= 3371134) AND (id <= 3372133))

table 6 : explain SELECT SUM(k) FROM sbtest6 WHERE id BETWEEN 736170 AND 737169
	Aggregate  (cost=4002.69..4002.70 rows=1 width=8)
	  ->  Bitmap Heap Scan on sbtest6  (cost=23.06..4000.09 rows=1037 width=4)
	        Recheck Cond: ((id >= 736170) AND (id <= 737169))
	        ->  Bitmap Index Scan on sbtest6_pkey  (cost=0.00..22.80 rows=1037 width=0)
	              Index Cond: ((id >= 736170) AND (id <= 737169))

table 7 : explain SELECT SUM(k) FROM sbtest7 WHERE id BETWEEN 5841712 AND 5842711
	Aggregate  (cost=4006.41..4006.42 rows=1 width=8)
	  ->  Bitmap Heap Scan on sbtest7  (cost=23.07..4003.81 rows=1038 width=4)
	        Recheck Cond: ((id >= 5841712) AND (id <= 5842711))
	        ->  Bitmap Index Scan on sbtest7_pkey  (cost=0.00..22.82 rows=1038 width=0)
	              Index Cond: ((id >= 5841712) AND (id <= 5842711))

table 8 : explain SELECT SUM(k) FROM sbtest8 WHERE id BETWEEN 5387230 AND 5388229
	Aggregate  (cost=3599.48..3599.49 rows=1 width=8)
	  ->  Bitmap Heap Scan on sbtest8  (cost=21.97..3597.15 rows=930 width=4)
	        Recheck Cond: ((id >= 5387230) AND (id <= 5388229))
	        ->  Bitmap Index Scan on sbtest8_pkey  (cost=0.00..21.73 rows=930 width=0)
	              Index Cond: ((id >= 5387230) AND (id <= 5388229))

explain: for point_selects :: explain SELECT c FROM sbtest%u WHERE id=%u
explain: for point_selects :: explain SELECT c FROM sbtest%u WHERE id=%u
for point_selects
table 1 : explain SELECT c FROM sbtest1 WHERE id=7530261
	Index Scan using sbtest1_pkey on sbtest1  (cost=0.43..8.45 rows=1 width=121)
	  Index Cond: (id = 7530261)

table 2 : explain SELECT c FROM sbtest2 WHERE id=12575
	Index Scan using sbtest2_pkey on sbtest2  (cost=0.43..8.45 rows=1 width=121)
	  Index Cond: (id = 12575)

table 3 : explain SELECT c FROM sbtest3 WHERE id=1511159
	Index Scan using sbtest3_pkey on sbtest3  (cost=0.43..8.45 rows=1 width=121)
	  Index Cond: (id = 1511159)

table 4 : explain SELECT c FROM sbtest4 WHERE id=3610541
	Index Scan using sbtest4_pkey on sbtest4  (cost=0.43..8.45 rows=1 width=121)
	  Index Cond: (id = 3610541)

table 5 : explain SELECT c FROM sbtest5 WHERE id=7657019
	Index Scan using sbtest5_pkey on sbtest5  (cost=0.43..8.45 rows=1 width=121)
	  Index Cond: (id = 7657019)

table 6 : explain SELECT c FROM sbtest6 WHERE id=3602590
	Index Scan using sbtest6_pkey on sbtest6  (cost=0.43..8.45 rows=1 width=121)
	  Index Cond: (id = 3602590)

table 7 : explain SELECT c FROM sbtest7 WHERE id=2198287
	Index Scan using sbtest7_pkey on sbtest7  (cost=0.43..8.45 rows=1 width=121)
	  Index Cond: (id = 2198287)

table 8 : explain SELECT c FROM sbtest8 WHERE id=3008006
	Index Scan using sbtest8_pkey on sbtest8  (cost=0.43..8.45 rows=1 width=121)
	  Index Cond: (id = 3008006)

explain: for point_selects :: explain SELECT c FROM sbtest%u WHERE id=%u
for: order_ranges
table 1 : explain SELECT c FROM sbtest1 WHERE id BETWEEN 1414898 AND 1415897 ORDER BY c
	Sort  (cost=3887.56..3890.05 rows=994 width=121)
	  Sort Key: c
	  ->  Bitmap Heap Scan on sbtest1  (cost=22.62..3838.08 rows=994 width=121)
	        Recheck Cond: ((id >= 1414898) AND (id <= 1415897))
	        ->  Bitmap Index Scan on sbtest1_pkey  (cost=0.00..22.37 rows=994 width=0)
	              Index Cond: ((id >= 1414898) AND (id <= 1415897))

table 2 : explain SELECT c FROM sbtest2 WHERE id BETWEEN 1999252 AND 2000251 ORDER BY c
	Sort  (cost=3964.95..3967.49 rows=1014 width=121)
	  Sort Key: c
	  ->  Bitmap Heap Scan on sbtest2  (cost=22.83..3914.32 rows=1014 width=121)
	        Recheck Cond: ((id >= 1999252) AND (id <= 2000251))
	        ->  Bitmap Index Scan on sbtest2_pkey  (cost=0.00..22.57 rows=1014 width=0)
	              Index Cond: ((id >= 1999252) AND (id <= 2000251))

table 3 : explain SELECT c FROM sbtest3 WHERE id BETWEEN 4376978 AND 4377977 ORDER BY c
	Sort  (cost=3477.06..3479.28 rows=887 width=121)
	  Sort Key: c
	  ->  Bitmap Heap Scan on sbtest3  (cost=21.53..3433.63 rows=887 width=121)
	        Recheck Cond: ((id >= 4376978) AND (id <= 4377977))
	        ->  Bitmap Index Scan on sbtest3_pkey  (cost=0.00..21.30 rows=887 width=0)
	              Index Cond: ((id >= 4376978) AND (id <= 4377977))

table 4 : explain SELECT c FROM sbtest4 WHERE id BETWEEN 3222159 AND 3223158 ORDER BY c
	Sort  (cost=3397.12..3399.28 rows=866 width=121)
	  Sort Key: c
	  ->  Bitmap Heap Scan on sbtest4  (cost=21.31..3354.87 rows=866 width=121)
	        Recheck Cond: ((id >= 3222159) AND (id <= 3223158))
	        ->  Bitmap Index Scan on sbtest4_pkey  (cost=0.00..21.09 rows=866 width=0)
	              Index Cond: ((id >= 3222159) AND (id <= 3223158))

table 5 : explain SELECT c FROM sbtest5 WHERE id BETWEEN 156682 AND 157681 ORDER BY c
	Sort  (cost=4259.09..4261.82 rows=1090 width=121)
	  Sort Key: c
	  ->  Bitmap Heap Scan on sbtest5  (cost=27.61..4204.10 rows=1090 width=121)
	        Recheck Cond: ((id >= 156682) AND (id <= 157681))
	        ->  Bitmap Index Scan on sbtest5_pkey  (cost=0.00..27.33 rows=1090 width=0)
	              Index Cond: ((id >= 156682) AND (id <= 157681))

table 6 : explain SELECT c FROM sbtest6 WHERE id BETWEEN 7152812 AND 7153811 ORDER BY c
	Sort  (cost=4002.39..4004.95 rows=1024 width=121)
	  Sort Key: c
	  ->  Bitmap Heap Scan on sbtest6  (cost=22.93..3951.19 rows=1024 width=121)
	        Recheck Cond: ((id >= 7152812) AND (id <= 7153811))
	        ->  Bitmap Index Scan on sbtest6_pkey  (cost=0.00..22.68 rows=1024 width=0)
	              Index Cond: ((id >= 7152812) AND (id <= 7153811))

table 7 : explain SELECT c FROM sbtest7 WHERE id BETWEEN 4417342 AND 4418341 ORDER BY c
	Sort  (cost=3619.75..3622.06 rows=924 width=121)
	  Sort Key: c
	  ->  Bitmap Heap Scan on sbtest7  (cost=21.91..3574.24 rows=924 width=121)
	        Recheck Cond: ((id >= 4417342) AND (id <= 4418341))
	        ->  Bitmap Index Scan on sbtest7_pkey  (cost=0.00..21.68 rows=924 width=0)
	              Index Cond: ((id >= 4417342) AND (id <= 4418341))

table 8 : explain SELECT c FROM sbtest8 WHERE id BETWEEN 2478776 AND 2479775 ORDER BY c
	Sort  (cost=3922.40..3924.91 rows=1003 width=121)
	  Sort Key: c
	  ->  Bitmap Heap Scan on sbtest8  (cost=22.72..3872.40 rows=1003 width=121)
	        Recheck Cond: ((id >= 2478776) AND (id <= 2479775))
	        ->  Bitmap Index Scan on sbtest8_pkey  (cost=0.00..22.46 rows=1003 width=0)
	              Index Cond: ((id >= 2478776) AND (id <= 2479775))

explain: for point_selects :: explain SELECT c FROM sbtest%u WHERE id=%u
for: sum_ranges
table 1 : explain SELECT SUM(k) FROM sbtest1 WHERE id BETWEEN 6229063 AND 6230062
	Aggregate  (cost=3810.41..3810.42 rows=1 width=8)
	  ->  Bitmap Heap Scan on sbtest1  (cost=22.54..3807.94 rows=986 width=4)
	        Recheck Cond: ((id >= 6229063) AND (id <= 6230062))
	        ->  Bitmap Index Scan on sbtest1_pkey  (cost=0.00..22.29 rows=986 width=0)
	              Index Cond: ((id >= 6229063) AND (id <= 6230062))

table 2 : explain SELECT SUM(k) FROM sbtest2 WHERE id BETWEEN 7346356 AND 7347355
	Aggregate  (cost=3694.35..3694.36 rows=1 width=8)
	  ->  Bitmap Heap Scan on sbtest2  (cost=22.22..3691.96 rows=955 width=4)
	        Recheck Cond: ((id >= 7346356) AND (id <= 7347355))
	        ->  Bitmap Index Scan on sbtest2_pkey  (cost=0.00..21.98 rows=955 width=0)
	              Index Cond: ((id >= 7346356) AND (id <= 7347355))

table 3 : explain SELECT SUM(k) FROM sbtest3 WHERE id BETWEEN 9614302 AND 9615301
	Aggregate  (cost=3945.17..3945.18 rows=1 width=8)
	  ->  Bitmap Heap Scan on sbtest3  (cost=22.91..3942.62 rows=1022 width=4)
	        Recheck Cond: ((id >= 9614302) AND (id <= 9615301))
	        ->  Bitmap Index Scan on sbtest3_pkey  (cost=0.00..22.65 rows=1022 width=0)
	              Index Cond: ((id >= 9614302) AND (id <= 9615301))

table 4 : explain SELECT SUM(k) FROM sbtest4 WHERE id BETWEEN 3727322 AND 3728321
	Aggregate  (cost=3863.12..3863.13 rows=1 width=8)
	  ->  Bitmap Heap Scan on sbtest4  (cost=22.68..3860.62 rows=1000 width=4)
	        Recheck Cond: ((id >= 3727322) AND (id <= 3728321))
	        ->  Bitmap Index Scan on sbtest4_pkey  (cost=0.00..22.43 rows=1000 width=0)
	              Index Cond: ((id >= 3727322) AND (id <= 3728321))

table 5 : explain SELECT SUM(k) FROM sbtest5 WHERE id BETWEEN 1128962 AND 1129961
	Aggregate  (cost=3868.10..3868.11 rows=1 width=8)
	  ->  Bitmap Heap Scan on sbtest5  (cost=26.68..3865.60 rows=1000 width=4)
	        Recheck Cond: ((id >= 1128962) AND (id <= 1129961))
	        ->  Bitmap Index Scan on sbtest5_pkey  (cost=0.00..26.43 rows=1000 width=0)
	              Index Cond: ((id >= 1128962) AND (id <= 1129961))

table 6 : explain SELECT SUM(k) FROM sbtest6 WHERE id BETWEEN 3678097 AND 3679096
	Aggregate  (cost=4047.84..4047.85 rows=1 width=8)
	  ->  Bitmap Heap Scan on sbtest6  (cost=23.19..4045.22 rows=1049 width=4)
	        Recheck Cond: ((id >= 3678097) AND (id <= 3679096))
	        ->  Bitmap Index Scan on sbtest6_pkey  (cost=0.00..22.93 rows=1049 width=0)
	              Index Cond: ((id >= 3678097) AND (id <= 3679096))

table 7 : explain SELECT SUM(k) FROM sbtest7 WHERE id BETWEEN 9832033 AND 9833032
	Aggregate  (cost=3516.08..3516.09 rows=1 width=8)
	  ->  Bitmap Heap Scan on sbtest7  (cost=21.74..3513.81 rows=908 width=4)
	        Recheck Cond: ((id >= 9832033) AND (id <= 9833032))
	        ->  Bitmap Index Scan on sbtest7_pkey  (cost=0.00..21.51 rows=908 width=0)
	              Index Cond: ((id >= 9832033) AND (id <= 9833032))

table 8 : explain SELECT SUM(k) FROM sbtest8 WHERE id BETWEEN 2437203 AND 2438202
	Aggregate  (cost=4476.49..4476.50 rows=1 width=8)
	  ->  Bitmap Heap Scan on sbtest8  (cost=28.36..4473.58 rows=1163 width=4)
	        Recheck Cond: ((id >= 2437203) AND (id <= 2438202))
	        ->  Bitmap Index Scan on sbtest8_pkey  (cost=0.00..28.07 rows=1163 width=0)
	              Index Cond: ((id >= 2437203) AND (id <= 2438202))

explain: for point_selects :: explain SELECT c FROM sbtest%u WHERE id=%u
for: simple_ranges
table 1 : explain SELECT c FROM sbtest1 WHERE id BETWEEN 6003894 AND 6004893
	Bitmap Heap Scan on sbtest1  (cost=22.09..3642.05 rows=942 width=121)
	  Recheck Cond: ((id >= 6003894) AND (id <= 6004893))
	  ->  Bitmap Index Scan on sbtest1_pkey  (cost=0.00..21.86 rows=942 width=0)
	        Index Cond: ((id >= 6003894) AND (id <= 6004893))

table 2 : explain SELECT c FROM sbtest2 WHERE id BETWEEN 8048604 AND 8049603
	Bitmap Heap Scan on sbtest2  (cost=22.52..3801.31 rows=984 width=121)
	  Recheck Cond: ((id >= 8048604) AND (id <= 8049603))
	  ->  Bitmap Index Scan on sbtest2_pkey  (cost=0.00..22.27 rows=984 width=0)
	        Index Cond: ((id >= 8048604) AND (id <= 8049603))

table 3 : explain SELECT c FROM sbtest3 WHERE id BETWEEN 5691937 AND 5692936
	Bitmap Heap Scan on sbtest3  (cost=23.07..4002.78 rows=1038 width=121)
	  Recheck Cond: ((id >= 5691937) AND (id <= 5692936))
	  ->  Bitmap Index Scan on sbtest3_pkey  (cost=0.00..22.82 rows=1038 width=0)
	        Index Cond: ((id >= 5691937) AND (id <= 5692936))

table 4 : explain SELECT c FROM sbtest4 WHERE id BETWEEN 2202912 AND 2203911
	Bitmap Heap Scan on sbtest4  (cost=21.76..3521.20 rows=910 width=121)
	  Recheck Cond: ((id >= 2202912) AND (id <= 2203911))
	  ->  Bitmap Index Scan on sbtest4_pkey  (cost=0.00..21.54 rows=910 width=0)
	        Index Cond: ((id >= 2202912) AND (id <= 2203911))

table 5 : explain SELECT c FROM sbtest5 WHERE id BETWEEN 8913939 AND 8914938
	Bitmap Heap Scan on sbtest5  (cost=26.71..3873.13 rows=1002 width=121)
	  Recheck Cond: ((id >= 8913939) AND (id <= 8914938))
	  ->  Bitmap Index Scan on sbtest5_pkey  (cost=0.00..26.45 rows=1002 width=0)
	        Index Cond: ((id >= 8913939) AND (id <= 8914938))

table 6 : explain SELECT c FROM sbtest6 WHERE id BETWEEN 4209136 AND 4210135
	Bitmap Heap Scan on sbtest6  (cost=22.47..3781.74 rows=979 width=121)
	  Recheck Cond: ((id >= 4209136) AND (id <= 4210135))
	  ->  Bitmap Index Scan on sbtest6_pkey  (cost=0.00..22.22 rows=979 width=0)
	        Index Cond: ((id >= 4209136) AND (id <= 4210135))

table 7 : explain SELECT c FROM sbtest7 WHERE id BETWEEN 210790 AND 211789
	Bitmap Heap Scan on sbtest7  (cost=23.20..4048.93 rows=1050 width=121)
	  Recheck Cond: ((id >= 210790) AND (id <= 211789))
	  ->  Bitmap Index Scan on sbtest7_pkey  (cost=0.00..22.93 rows=1050 width=0)
	        Index Cond: ((id >= 210790) AND (id <= 211789))

table 8 : explain SELECT c FROM sbtest8 WHERE id BETWEEN 594631 AND 595630
	Bitmap Heap Scan on sbtest8  (cost=22.65..3849.81 rows=997 width=121)
	  Recheck Cond: ((id >= 594631) AND (id <= 595630))
	  ->  Bitmap Index Scan on sbtest8_pkey  (cost=0.00..22.40 rows=997 width=0)
	        Index Cond: ((id >= 594631) AND (id <= 595630))

for: distinct_ranges
table 1 : explain SELECT DISTINCT c FROM sbtest1 WHERE id BETWEEN 1640267 AND 1641266 ORDER BY c
	Unique  (cost=3891.39..3896.36 rows=995 width=121)
	  ->  Sort  (cost=3891.39..3893.87 rows=995 width=121)
	        Sort Key: c
	        ->  Bitmap Heap Scan on sbtest1  (cost=22.63..3841.84 rows=995 width=121)
	              Recheck Cond: ((id >= 1640267) AND (id <= 1641266))
	              ->  Bitmap Index Scan on sbtest1_pkey  (cost=0.00..22.39 rows=995 width=0)
	                    Index Cond: ((id >= 1640267) AND (id <= 1641266))

table 2 : explain SELECT DISTINCT c FROM sbtest2 WHERE id BETWEEN 2803599 AND 2804598 ORDER BY c
	Unique  (cost=3727.74..3732.50 rows=952 width=121)
	  ->  Sort  (cost=3727.74..3730.12 rows=952 width=121)
	        Sort Key: c
	        ->  Bitmap Heap Scan on sbtest2  (cost=22.19..3680.64 rows=952 width=121)
	              Recheck Cond: ((id >= 2803599) AND (id <= 2804598))
	              ->  Bitmap Index Scan on sbtest2_pkey  (cost=0.00..21.95 rows=952 width=0)
	                    Index Cond: ((id >= 2803599) AND (id <= 2804598))

table 3 : explain SELECT DISTINCT c FROM sbtest3 WHERE id BETWEEN 4046865 AND 4047864 ORDER BY c
	Unique  (cost=3752.89..3757.68 rows=959 width=121)
	  ->  Sort  (cost=3752.89..3755.29 rows=959 width=121)
	        Sort Key: c
	        ->  Bitmap Heap Scan on sbtest3  (cost=22.26..3705.39 rows=959 width=121)
	              Recheck Cond: ((id >= 4046865) AND (id <= 4047864))
	              ->  Bitmap Index Scan on sbtest3_pkey  (cost=0.00..22.02 rows=959 width=0)
	                    Index Cond: ((id >= 4046865) AND (id <= 4047864))

table 4 : explain SELECT DISTINCT c FROM sbtest4 WHERE id BETWEEN 7829988 AND 7830987 ORDER BY c
	Unique  (cost=4341.89..4347.46 rows=1113 width=121)
	  ->  Sort  (cost=4341.89..4344.67 rows=1113 width=121)
	        Sort Key: c
	        ->  Bitmap Heap Scan on sbtest4  (cost=27.84..4285.57 rows=1113 width=121)
	              Recheck Cond: ((id >= 7829988) AND (id <= 7830987))
	              ->  Bitmap Index Scan on sbtest4_pkey  (cost=0.00..27.57 rows=1113 width=0)
	                    Index Cond: ((id >= 7829988) AND (id <= 7830987))

table 5 : explain SELECT DISTINCT c FROM sbtest5 WHERE id BETWEEN 872520 AND 873519 ORDER BY c
	Unique  (cost=3888.48..3893.45 rows=994 width=121)
	  ->  Sort  (cost=3888.48..3890.97 rows=994 width=121)
	        Sort Key: c
	        ->  Bitmap Heap Scan on sbtest5  (cost=22.62..3838.99 rows=994 width=121)
	              Recheck Cond: ((id >= 872520) AND (id <= 873519))
	              ->  Bitmap Index Scan on sbtest5_pkey  (cost=0.00..22.37 rows=994 width=0)
	                    Index Cond: ((id >= 872520) AND (id <= 873519))

table 6 : explain SELECT DISTINCT c FROM sbtest6 WHERE id BETWEEN 9069335 AND 9070334 ORDER BY c
	Unique  (cost=4456.39..4462.10 rows=1143 width=121)
	  ->  Sort  (cost=4456.39..4459.24 rows=1143 width=121)
	        Sort Key: c
	        ->  Bitmap Heap Scan on sbtest6  (cost=28.15..4398.33 rows=1143 width=121)
	              Recheck Cond: ((id >= 9069335) AND (id <= 9070334))
	              ->  Bitmap Index Scan on sbtest6_pkey  (cost=0.00..27.86 rows=1143 width=0)
	                    Index Cond: ((id >= 9069335) AND (id <= 9070334))

table 7 : explain SELECT DISTINCT c FROM sbtest7 WHERE id BETWEEN 6692661 AND 6693660 ORDER BY c
	Unique  (cost=4193.19..4198.56 rows=1074 width=121)
	  ->  Sort  (cost=4193.19..4195.87 rows=1074 width=121)
	        Sort Key: c
	        ->  Bitmap Heap Scan on sbtest7  (cost=23.44..4139.12 rows=1074 width=121)
	              Recheck Cond: ((id >= 6692661) AND (id <= 6693660))
	              ->  Bitmap Index Scan on sbtest7_pkey  (cost=0.00..23.18 rows=1074 width=0)
	                    Index Cond: ((id >= 6692661) AND (id <= 6693660))

table 8 : explain SELECT DISTINCT c FROM sbtest8 WHERE id BETWEEN 3465459 AND 3466458 ORDER BY c
	Unique  (cost=4029.39..4034.55 rows=1031 width=121)
	  ->  Sort  (cost=4029.39..4031.97 rows=1031 width=121)
	        Sort Key: c
	        ->  Bitmap Heap Scan on sbtest8  (cost=23.00..3977.79 rows=1031 width=121)
	              Recheck Cond: ((id >= 3465459) AND (id <= 3466458))
	              ->  Bitmap Index Scan on sbtest8_pkey  (cost=0.00..22.75 rows=1031 width=0)
	                    Index Cond: ((id >= 3465459) AND (id <= 3466458))

explain: for point_selects :: explain SELECT c FROM sbtest%u WHERE id=%u
explain: for point_selects :: explain SELECT c FROM sbtest%u WHERE id=%u
for point_selects
table 1 : explain SELECT c FROM sbtest1 WHERE id=5581886
	Index Scan using sbtest1_pkey on sbtest1  (cost=0.43..8.45 rows=1 width=121)
	  Index Cond: (id = 5581886)

table 2 : explain SELECT c FROM sbtest2 WHERE id=4634334
	Index Scan using sbtest2_pkey on sbtest2  (cost=0.43..8.45 rows=1 width=121)
	  Index Cond: (id = 4634334)

table 3 : explain SELECT c FROM sbtest3 WHERE id=7853449
	Index Scan using sbtest3_pkey on sbtest3  (cost=0.43..8.45 rows=1 width=121)
	  Index Cond: (id = 7853449)

table 4 : explain SELECT c FROM sbtest4 WHERE id=4287804
	Index Scan using sbtest4_pkey on sbtest4  (cost=0.43..8.45 rows=1 width=121)
	  Index Cond: (id = 4287804)

table 5 : explain SELECT c FROM sbtest5 WHERE id=5438407
	Index Scan using sbtest5_pkey on sbtest5  (cost=0.43..8.45 rows=1 width=121)
	  Index Cond: (id = 5438407)

table 6 : explain SELECT c FROM sbtest6 WHERE id=3326509
	Index Scan using sbtest6_pkey on sbtest6  (cost=0.43..8.45 rows=1 width=121)
	  Index Cond: (id = 3326509)

table 7 : explain SELECT c FROM sbtest7 WHERE id=2910740
	Index Scan using sbtest7_pkey on sbtest7  (cost=0.43..8.45 rows=1 width=121)
	  Index Cond: (id = 2910740)

table 8 : explain SELECT c FROM sbtest8 WHERE id=8966803
	Index Scan using sbtest8_pkey on sbtest8  (cost=0.43..8.45 rows=1 width=121)
	  Index Cond: (id = 8966803)

for point_selects
table 1 : explain SELECT c FROM sbtest1 WHERE id=3716974
	Index Scan using sbtest1_pkey on sbtest1  (cost=0.43..8.45 rows=1 width=121)
	  Index Cond: (id = 3716974)

table 2 : explain SELECT c FROM sbtest2 WHERE id=8974354
	Index Scan using sbtest2_pkey on sbtest2  (cost=0.43..8.45 rows=1 width=121)
	  Index Cond: (id = 8974354)

table 3 : explain SELECT c FROM sbtest3 WHERE id=7521909
	Index Scan using sbtest3_pkey on sbtest3  (cost=0.43..8.45 rows=1 width=121)
	  Index Cond: (id = 7521909)

table 4 : explain SELECT c FROM sbtest4 WHERE id=6206206
	Index Scan using sbtest4_pkey on sbtest4  (cost=0.43..8.45 rows=1 width=121)
	  Index Cond: (id = 6206206)

table 5 : explain SELECT c FROM sbtest5 WHERE id=239459
	Index Scan using sbtest5_pkey on sbtest5  (cost=0.43..8.45 rows=1 width=121)
	  Index Cond: (id = 239459)

table 6 : explain SELECT c FROM sbtest6 WHERE id=9671312
	Index Scan using sbtest6_pkey on sbtest6  (cost=0.43..8.45 rows=1 width=121)
	  Index Cond: (id = 9671312)

table 7 : explain SELECT c FROM sbtest7 WHERE id=7899039
	Index Scan using sbtest7_pkey on sbtest7  (cost=0.43..8.45 rows=1 width=121)
	  Index Cond: (id = 7899039)

table 8 : explain SELECT c FROM sbtest8 WHERE id=4292978
	Index Scan using sbtest8_pkey on sbtest8  (cost=0.43..8.45 rows=1 width=121)
	  Index Cond: (id = 4292978)

for point_selects
table 1 : explain SELECT c FROM sbtest1 WHERE id=6349476
	Index Scan using sbtest1_pkey on sbtest1  (cost=0.43..8.45 rows=1 width=121)
	  Index Cond: (id = 6349476)

table 2 : explain SELECT c FROM sbtest2 WHERE id=4756084
	Index Scan using sbtest2_pkey on sbtest2  (cost=0.43..8.45 rows=1 width=121)
	  Index Cond: (id = 4756084)

table 3 : explain SELECT c FROM sbtest3 WHERE id=5733749
	Index Scan using sbtest3_pkey on sbtest3  (cost=0.43..8.45 rows=1 width=121)
	  Index Cond: (id = 5733749)

table 4 : explain SELECT c FROM sbtest4 WHERE id=7022956
	Index Scan using sbtest4_pkey on sbtest4  (cost=0.43..8.45 rows=1 width=121)
	  Index Cond: (id = 7022956)

table 5 : explain SELECT c FROM sbtest5 WHERE id=1702230
	Index Scan using sbtest5_pkey on sbtest5  (cost=0.43..8.45 rows=1 width=121)
	  Index Cond: (id = 1702230)

table 6 : explain SELECT c FROM sbtest6 WHERE id=4520384
	Index Scan using sbtest6_pkey on sbtest6  (cost=0.43..8.45 rows=1 width=121)
	  Index Cond: (id = 4520384)

table 7 : explain SELECT c FROM sbtest7 WHERE id=1427352
	Index Scan using sbtest7_pkey on sbtest7  (cost=0.43..8.45 rows=1 width=121)
	  Index Cond: (id = 1427352)

table 8 : explain SELECT c FROM sbtest8 WHERE id=930796
	Index Scan using sbtest8_pkey on sbtest8  (cost=0.43..8.45 rows=1 width=121)
	  Index Cond: (id = 930796)

for point_selects
table 1 : explain SELECT c FROM sbtest1 WHERE id=5643331
	Index Scan using sbtest1_pkey on sbtest1  (cost=0.43..8.45 rows=1 width=121)
	  Index Cond: (id = 5643331)

table 2 : explain SELECT c FROM sbtest2 WHERE id=3934610
	Index Scan using sbtest2_pkey on sbtest2  (cost=0.43..8.45 rows=1 width=121)
	  Index Cond: (id = 3934610)

table 3 : explain SELECT c FROM sbtest3 WHERE id=6550637
	Index Scan using sbtest3_pkey on sbtest3  (cost=0.43..8.45 rows=1 width=121)
	  Index Cond: (id = 6550637)

table 4 : explain SELECT c FROM sbtest4 WHERE id=741847
	Index Scan using sbtest4_pkey on sbtest4  (cost=0.43..8.45 rows=1 width=121)
	  Index Cond: (id = 741847)

table 5 : explain SELECT c FROM sbtest5 WHERE id=6764583
	Index Scan using sbtest5_pkey on sbtest5  (cost=0.43..8.45 rows=1 width=121)
	  Index Cond: (id = 6764583)

table 6 : explain SELECT c FROM sbtest6 WHERE id=2860770
	Index Scan using sbtest6_pkey on sbtest6  (cost=0.43..8.45 rows=1 width=121)
	  Index Cond: (id = 2860770)

table 7 : explain SELECT c FROM sbtest7 WHERE id=3827872
	Index Scan using sbtest7_pkey on sbtest7  (cost=0.43..8.45 rows=1 width=121)
	  Index Cond: (id = 3827872)

table 8 : explain SELECT c FROM sbtest8 WHERE id=9977612
	Index Scan using sbtest8_pkey on sbtest8  (cost=0.43..8.45 rows=1 width=121)
	  Index Cond: (id = 9977612)

explain: for point_selects :: explain SELECT c FROM sbtest%u WHERE id=%u
for point_selects
table 1 : explain SELECT c FROM sbtest1 WHERE id=5755335
	Index Scan using sbtest1_pkey on sbtest1  (cost=0.43..8.45 rows=1 width=121)
	  Index Cond: (id = 5755335)

table 2 : explain SELECT c FROM sbtest2 WHERE id=9833448
	Index Scan using sbtest2_pkey on sbtest2  (cost=0.43..8.45 rows=1 width=121)
	  Index Cond: (id = 9833448)

table 3 : explain SELECT c FROM sbtest3 WHERE id=683869
	Index Scan using sbtest3_pkey on sbtest3  (cost=0.43..8.45 rows=1 width=121)
	  Index Cond: (id = 683869)

table 4 : explain SELECT c FROM sbtest4 WHERE id=380111
	Index Scan using sbtest4_pkey on sbtest4  (cost=0.43..8.45 rows=1 width=121)
	  Index Cond: (id = 380111)

table 5 : explain SELECT c FROM sbtest5 WHERE id=4017117
	Index Scan using sbtest5_pkey on sbtest5  (cost=0.43..8.45 rows=1 width=121)
	  Index Cond: (id = 4017117)

table 6 : explain SELECT c FROM sbtest6 WHERE id=2262798
	Index Scan using sbtest6_pkey on sbtest6  (cost=0.43..8.45 rows=1 width=121)
	  Index Cond: (id = 2262798)

table 7 : explain SELECT c FROM sbtest7 WHERE id=4521164
	Index Scan using sbtest7_pkey on sbtest7  (cost=0.43..8.45 rows=1 width=121)
	  Index Cond: (id = 4521164)

table 8 : explain SELECT c FROM sbtest8 WHERE id=1195597
	Index Scan using sbtest8_pkey on sbtest8  (cost=0.43..8.45 rows=1 width=121)
	  Index Cond: (id = 1195597)

for: simple_ranges
table 1 : explain SELECT c FROM sbtest1 WHERE id BETWEEN 127097 AND 128096
	Bitmap Heap Scan on sbtest1  (cost=22.92..3947.24 rows=1023 width=121)
	  Recheck Cond: ((id >= 127097) AND (id <= 128096))
	  ->  Bitmap Index Scan on sbtest1_pkey  (cost=0.00..22.66 rows=1023 width=0)
	        Index Cond: ((id >= 127097) AND (id <= 128096))

table 2 : explain SELECT c FROM sbtest2 WHERE id BETWEEN 7166198 AND 7167197
	Bitmap Heap Scan on sbtest2  (cost=22.68..3861.60 rows=1000 width=121)
	  Recheck Cond: ((id >= 7166198) AND (id <= 7167197))
	  ->  Bitmap Index Scan on sbtest2_pkey  (cost=0.00..22.43 rows=1000 width=0)
	        Index Cond: ((id >= 7166198) AND (id <= 7167197))

table 3 : explain SELECT c FROM sbtest3 WHERE id BETWEEN 2302092 AND 2303091
	Bitmap Heap Scan on sbtest3  (cost=21.88..3562.05 rows=921 width=121)
	  Recheck Cond: ((id >= 2302092) AND (id <= 2303091))
	  ->  Bitmap Index Scan on sbtest3_pkey  (cost=0.00..21.64 rows=921 width=0)
	        Index Cond: ((id >= 2302092) AND (id <= 2303091))

table 4 : explain SELECT c FROM sbtest4 WHERE id BETWEEN 7388413 AND 7389412
	Bitmap Heap Scan on sbtest4  (cost=23.03..3988.57 rows=1034 width=121)
	  Recheck Cond: ((id >= 7388413) AND (id <= 7389412))
	  ->  Bitmap Index Scan on sbtest4_pkey  (cost=0.00..22.77 rows=1034 width=0)
	        Index Cond: ((id >= 7388413) AND (id <= 7389412))

table 5 : explain SELECT c FROM sbtest5 WHERE id BETWEEN 8180179 AND 8181178
	Bitmap Heap Scan on sbtest5  (cost=26.73..3880.66 rows=1004 width=121)
	  Recheck Cond: ((id >= 8180179) AND (id <= 8181178))
	  ->  Bitmap Index Scan on sbtest5_pkey  (cost=0.00..26.47 rows=1004 width=0)
	        Index Cond: ((id >= 8180179) AND (id <= 8181178))

table 6 : explain SELECT c FROM sbtest6 WHERE id BETWEEN 2782217 AND 2783216
	Bitmap Heap Scan on sbtest6  (cost=22.54..3808.12 rows=986 width=121)
	  Recheck Cond: ((id >= 2782217) AND (id <= 2783216))
	  ->  Bitmap Index Scan on sbtest6_pkey  (cost=0.00..22.29 rows=986 width=0)
	        Index Cond: ((id >= 2782217) AND (id <= 2783216))

table 7 : explain SELECT c FROM sbtest7 WHERE id BETWEEN 5836428 AND 5837427
	Bitmap Heap Scan on sbtest7  (cost=23.07..4003.81 rows=1038 width=121)
	  Recheck Cond: ((id >= 5836428) AND (id <= 5837427))
	  ->  Bitmap Index Scan on sbtest7_pkey  (cost=0.00..22.82 rows=1038 width=0)
	        Index Cond: ((id >= 5836428) AND (id <= 5837427))

table 8 : explain SELECT c FROM sbtest8 WHERE id BETWEEN 3389818 AND 3390817
	Bitmap Heap Scan on sbtest8  (cost=22.20..3683.95 rows=953 width=121)
	  Recheck Cond: ((id >= 3389818) AND (id <= 3390817))
	  ->  Bitmap Index Scan on sbtest8_pkey  (cost=0.00..21.96 rows=953 width=0)
	        Index Cond: ((id >= 3389818) AND (id <= 3390817))

for point_selects
table 1 : explain SELECT c FROM sbtest1 WHERE id=5041830
	Index Scan using sbtest1_pkey on sbtest1  (cost=0.43..8.45 rows=1 width=121)
	  Index Cond: (id = 5041830)

table 2 : explain SELECT c FROM sbtest2 WHERE id=6307248
	Index Scan using sbtest2_pkey on sbtest2  (cost=0.43..8.45 rows=1 width=121)
	  Index Cond: (id = 6307248)

table 3 : explain SELECT c FROM sbtest3 WHERE id=3575399
	Index Scan using sbtest3_pkey on sbtest3  (cost=0.43..8.45 rows=1 width=121)
	  Index Cond: (id = 3575399)

table 4 : explain SELECT c FROM sbtest4 WHERE id=7722196
	Index Scan using sbtest4_pkey on sbtest4  (cost=0.43..8.45 rows=1 width=121)
	  Index Cond: (id = 7722196)

table 5 : explain SELECT c FROM sbtest5 WHERE id=6917836
	Index Scan using sbtest5_pkey on sbtest5  (cost=0.43..8.45 rows=1 width=121)
	  Index Cond: (id = 6917836)

table 6 : explain SELECT c FROM sbtest6 WHERE id=5666366
	Index Scan using sbtest6_pkey on sbtest6  (cost=0.43..8.45 rows=1 width=121)
	  Index Cond: (id = 5666366)

table 7 : explain SELECT c FROM sbtest7 WHERE id=9653883
	Index Scan using sbtest7_pkey on sbtest7  (cost=0.43..8.45 rows=1 width=121)
	  Index Cond: (id = 9653883)

table 8 : explain SELECT c FROM sbtest8 WHERE id=6046800
	Index Scan using sbtest8_pkey on sbtest8  (cost=0.43..8.45 rows=1 width=121)
	  Index Cond: (id = 6046800)

for point_selects
table 1 : explain SELECT c FROM sbtest1 WHERE id=2278004
	Index Scan using sbtest1_pkey on sbtest1  (cost=0.43..8.45 rows=1 width=121)
	  Index Cond: (id = 2278004)

table 2 : explain SELECT c FROM sbtest2 WHERE id=8029161
	Index Scan using sbtest2_pkey on sbtest2  (cost=0.43..8.45 rows=1 width=121)
	  Index Cond: (id = 8029161)

table 3 : explain SELECT c FROM sbtest3 WHERE id=643375
	Index Scan using sbtest3_pkey on sbtest3  (cost=0.43..8.45 rows=1 width=121)
	  Index Cond: (id = 643375)

table 4 : explain SELECT c FROM sbtest4 WHERE id=3702006
	Index Scan using sbtest4_pkey on sbtest4  (cost=0.43..8.45 rows=1 width=121)
	  Index Cond: (id = 3702006)

table 5 : explain SELECT c FROM sbtest5 WHERE id=9951832
	Index Scan using sbtest5_pkey on sbtest5  (cost=0.43..8.45 rows=1 width=121)
	  Index Cond: (id = 9951832)

table 6 : explain SELECT c FROM sbtest6 WHERE id=9623783
	Index Scan using sbtest6_pkey on sbtest6  (cost=0.43..8.45 rows=1 width=121)
	  Index Cond: (id = 9623783)

table 7 : explain SELECT c FROM sbtest7 WHERE id=1488522
	Index Scan using sbtest7_pkey on sbtest7  (cost=0.43..8.45 rows=1 width=121)
	  Index Cond: (id = 1488522)

table 8 : explain SELECT c FROM sbtest8 WHERE id=5998248
	Index Scan using sbtest8_pkey on sbtest8  (cost=0.43..8.45 rows=1 width=121)
	  Index Cond: (id = 5998248)

for: order_ranges
table 1 : explain SELECT c FROM sbtest1 WHERE id BETWEEN 7472946 AND 7473945 ORDER BY c
	Sort  (cost=3891.39..3893.87 rows=995 width=121)
	  Sort Key: c
	  ->  Bitmap Heap Scan on sbtest1  (cost=22.63..3841.84 rows=995 width=121)
	        Recheck Cond: ((id >= 7472946) AND (id <= 7473945))
	        ->  Bitmap Index Scan on sbtest1_pkey  (cost=0.00..22.39 rows=995 width=0)
	              Index Cond: ((id >= 7472946) AND (id <= 7473945))

table 2 : explain SELECT c FROM sbtest2 WHERE id BETWEEN 1446394 AND 1447393 ORDER BY c
	Sort  (cost=4240.03..4242.74 rows=1085 width=121)
	  Sort Key: c
	  ->  Bitmap Heap Scan on sbtest2  (cost=27.56..4185.32 rows=1085 width=121)
	        Recheck Cond: ((id >= 1446394) AND (id <= 1447393))
	        ->  Bitmap Index Scan on sbtest2_pkey  (cost=0.00..27.29 rows=1085 width=0)
	              Index Cond: ((id >= 1446394) AND (id <= 1447393))

table 3 : explain SELECT c FROM sbtest3 WHERE id BETWEEN 5681597 AND 5682596 ORDER BY c
	Sort  (cost=4054.78..4057.38 rows=1038 width=121)
	  Sort Key: c
	  ->  Bitmap Heap Scan on sbtest3  (cost=23.07..4002.78 rows=1038 width=121)
	        Recheck Cond: ((id >= 5681597) AND (id <= 5682596))
	        ->  Bitmap Index Scan on sbtest3_pkey  (cost=0.00..22.82 rows=1038 width=0)
	              Index Cond: ((id >= 5681597) AND (id <= 5682596))

table 4 : explain SELECT c FROM sbtest4 WHERE id BETWEEN 1249546 AND 1250545 ORDER BY c
	Sort  (cost=4292.36..4295.11 rows=1100 width=121)
	  Sort Key: c
	  ->  Bitmap Heap Scan on sbtest4  (cost=27.71..4236.80 rows=1100 width=121)
	        Recheck Cond: ((id >= 1249546) AND (id <= 1250545))
	        ->  Bitmap Index Scan on sbtest4_pkey  (cost=0.00..27.43 rows=1100 width=0)
	              Index Cond: ((id >= 1249546) AND (id <= 1250545))

table 5 : explain SELECT c FROM sbtest5 WHERE id BETWEEN 8098072 AND 8099071 ORDER BY c
	Sort  (cost=3911.60..3914.10 rows=999 width=121)
	  Sort Key: c
	  ->  Bitmap Heap Scan on sbtest5  (cost=26.67..3861.83 rows=999 width=121)
	        Recheck Cond: ((id >= 8098072) AND (id <= 8099071))
	        ->  Bitmap Index Scan on sbtest5_pkey  (cost=0.00..26.43 rows=999 width=0)
	              Index Cond: ((id >= 8098072) AND (id <= 8099071))

table 6 : explain SELECT c FROM sbtest6 WHERE id BETWEEN 963249 AND 964248 ORDER BY c
	Sort  (cost=3964.19..3966.72 rows=1014 width=121)
	  Sort Key: c
	  ->  Bitmap Heap Scan on sbtest6  (cost=22.83..3913.56 rows=1014 width=121)
	        Recheck Cond: ((id >= 963249) AND (id <= 964248))
	        ->  Bitmap Index Scan on sbtest6_pkey  (cost=0.00..22.57 rows=1014 width=0)
	              Index Cond: ((id >= 963249) AND (id <= 964248))

table 7 : explain SELECT c FROM sbtest7 WHERE id BETWEEN 1394563 AND 1395562 ORDER BY c
	Sort  (cost=3738.49..3740.88 rows=955 width=121)
	  Sort Key: c
	  ->  Bitmap Heap Scan on sbtest7  (cost=22.22..3691.22 rows=955 width=121)
	        Recheck Cond: ((id >= 1394563) AND (id <= 1395562))
	        ->  Bitmap Index Scan on sbtest7_pkey  (cost=0.00..21.98 rows=955 width=0)
	              Index Cond: ((id >= 1394563) AND (id <= 1395562))

table 8 : explain SELECT c FROM sbtest8 WHERE id BETWEEN 5365190 AND 5366189 ORDER BY c
	Sort  (cost=3891.82..3894.30 rows=995 width=121)
	  Sort Key: c
	  ->  Bitmap Heap Scan on sbtest8  (cost=22.63..3842.27 rows=995 width=121)
	        Recheck Cond: ((id >= 5365190) AND (id <= 5366189))
	        ->  Bitmap Index Scan on sbtest8_pkey  (cost=0.00..22.39 rows=995 width=0)
	              Index Cond: ((id >= 5365190) AND (id <= 5366189))

for point_selects
table 1 : explain SELECT c FROM sbtest1 WHERE id=3389455
	Index Scan using sbtest1_pkey on sbtest1  (cost=0.43..8.45 rows=1 width=121)
	  Index Cond: (id = 3389455)

table 2 : explain SELECT c FROM sbtest2 WHERE id=4599970
	Index Scan using sbtest2_pkey on sbtest2  (cost=0.43..8.45 rows=1 width=121)
	  Index Cond: (id = 4599970)

table 3 : explain SELECT c FROM sbtest3 WHERE id=4732630
	Index Scan using sbtest3_pkey on sbtest3  (cost=0.43..8.45 rows=1 width=121)
	  Index Cond: (id = 4732630)

table 4 : explain SELECT c FROM sbtest4 WHERE id=9986028
	Index Scan using sbtest4_pkey on sbtest4  (cost=0.43..8.45 rows=1 width=121)
	  Index Cond: (id = 9986028)

table 5 : explain SELECT c FROM sbtest5 WHERE id=5724220
	Index Scan using sbtest5_pkey on sbtest5  (cost=0.43..8.45 rows=1 width=121)
	  Index Cond: (id = 5724220)

table 6 : explain SELECT c FROM sbtest6 WHERE id=3921135
	Index Scan using sbtest6_pkey on sbtest6  (cost=0.43..8.45 rows=1 width=121)
	  Index Cond: (id = 3921135)

table 7 : explain SELECT c FROM sbtest7 WHERE id=581681
	Index Scan using sbtest7_pkey on sbtest7  (cost=0.43..8.45 rows=1 width=121)
	  Index Cond: (id = 581681)

table 8 : explain SELECT c FROM sbtest8 WHERE id=9262313
	Index Scan using sbtest8_pkey on sbtest8  (cost=0.43..8.45 rows=1 width=121)
	  Index Cond: (id = 9262313)

for: simple_ranges
table 1 : explain SELECT c FROM sbtest1 WHERE id BETWEEN 8849542 AND 8850541
	Bitmap Heap Scan on sbtest1  (cost=22.85..3920.90 rows=1016 width=121)
	  Recheck Cond: ((id >= 8849542) AND (id <= 8850541))
	  ->  Bitmap Index Scan on sbtest1_pkey  (cost=0.00..22.59 rows=1016 width=0)
	        Index Cond: ((id >= 8849542) AND (id <= 8850541))

table 2 : explain SELECT c FROM sbtest2 WHERE id BETWEEN 2778105 AND 2779104
	Bitmap Heap Scan on sbtest2  (cost=22.19..3680.64 rows=952 width=121)
	  Recheck Cond: ((id >= 2778105) AND (id <= 2779104))
	  ->  Bitmap Index Scan on sbtest2_pkey  (cost=0.00..21.95 rows=952 width=0)
	        Index Cond: ((id >= 2778105) AND (id <= 2779104))

table 3 : explain SELECT c FROM sbtest3 WHERE id BETWEEN 8514748 AND 8515747
	Bitmap Heap Scan on sbtest3  (cost=23.36..4107.99 rows=1066 width=121)
	  Recheck Cond: ((id >= 8514748) AND (id <= 8515747))
	  ->  Bitmap Index Scan on sbtest3_pkey  (cost=0.00..23.09 rows=1066 width=0)
	        Index Cond: ((id >= 8514748) AND (id <= 8515747))

table 4 : explain SELECT c FROM sbtest4 WHERE id BETWEEN 4864180 AND 4865179
	Bitmap Heap Scan on sbtest4  (cost=22.51..3796.59 rows=983 width=121)
	  Recheck Cond: ((id >= 4864180) AND (id <= 4865179))
	  ->  Bitmap Index Scan on sbtest4_pkey  (cost=0.00..22.26 rows=983 width=0)
	        Index Cond: ((id >= 4864180) AND (id <= 4865179))

table 5 : explain SELECT c FROM sbtest5 WHERE id BETWEEN 6555811 AND 6556810
	Bitmap Heap Scan on sbtest5  (cost=28.00..4342.99 rows=1128 width=121)
	  Recheck Cond: ((id >= 6555811) AND (id <= 6556810))
	  ->  Bitmap Index Scan on sbtest5_pkey  (cost=0.00..27.71 rows=1128 width=0)
	        Index Cond: ((id >= 6555811) AND (id <= 6556810))

table 6 : explain SELECT c FROM sbtest6 WHERE id BETWEEN 2803518 AND 2804517
	Bitmap Heap Scan on sbtest6  (cost=22.54..3808.12 rows=986 width=121)
	  Recheck Cond: ((id >= 2803518) AND (id <= 2804517))
	  ->  Bitmap Index Scan on sbtest6_pkey  (cost=0.00..22.29 rows=986 width=0)
	        Index Cond: ((id >= 2803518) AND (id <= 2804517))

table 7 : explain SELECT c FROM sbtest7 WHERE id BETWEEN 8456452 AND 8457451
	Bitmap Heap Scan on sbtest7  (cost=22.13..3657.27 rows=946 width=121)
	  Recheck Cond: ((id >= 8456452) AND (id <= 8457451))
	  ->  Bitmap Index Scan on sbtest7_pkey  (cost=0.00..21.89 rows=946 width=0)
	        Index Cond: ((id >= 8456452) AND (id <= 8457451))

table 8 : explain SELECT c FROM sbtest8 WHERE id BETWEEN 1263669 AND 1264668
	Bitmap Heap Scan on sbtest8  (cost=21.91..3574.50 rows=924 width=121)
	  Recheck Cond: ((id >= 1263669) AND (id <= 1264668))
	  ->  Bitmap Index Scan on sbtest8_pkey  (cost=0.00..21.68 rows=924 width=0)
	        Index Cond: ((id >= 1263669) AND (id <= 1264668))

for: simple_ranges
table 1 : explain SELECT c FROM sbtest1 WHERE id BETWEEN 9280896 AND 9281895
	Bitmap Heap Scan on sbtest1  (cost=22.98..3969.82 rows=1029 width=121)
	  Recheck Cond: ((id >= 9280896) AND (id <= 9281895))
	  ->  Bitmap Index Scan on sbtest1_pkey  (cost=0.00..22.72 rows=1029 width=0)
	        Index Cond: ((id >= 9280896) AND (id <= 9281895))

table 2 : explain SELECT c FROM sbtest2 WHERE id BETWEEN 5523501 AND 5524500
	Bitmap Heap Scan on sbtest2  (cost=22.08..3639.13 rows=941 width=121)
	  Recheck Cond: ((id >= 5523501) AND (id <= 5524500))
	  ->  Bitmap Index Scan on sbtest2_pkey  (cost=0.00..21.84 rows=941 width=0)
	        Index Cond: ((id >= 5523501) AND (id <= 5524500))

table 3 : explain SELECT c FROM sbtest3 WHERE id BETWEEN 1455143 AND 1456142
	Bitmap Heap Scan on sbtest3  (cost=22.80..3901.23 rows=1011 width=121)
	  Recheck Cond: ((id >= 1455143) AND (id <= 1456142))
	  ->  Bitmap Index Scan on sbtest3_pkey  (cost=0.00..22.54 rows=1011 width=0)
	        Index Cond: ((id >= 1455143) AND (id <= 1456142))

table 4 : explain SELECT c FROM sbtest4 WHERE id BETWEEN 8622510 AND 8623509
	Bitmap Heap Scan on sbtest4  (cost=22.59..3826.73 rows=991 width=121)
	  Recheck Cond: ((id >= 8622510) AND (id <= 8623509))
	  ->  Bitmap Index Scan on sbtest4_pkey  (cost=0.00..22.34 rows=991 width=0)
	        Index Cond: ((id >= 8622510) AND (id <= 8623509))

table 5 : explain SELECT c FROM sbtest5 WHERE id BETWEEN 1029605 AND 1030604
	Bitmap Heap Scan on sbtest5  (cost=22.04..3624.03 rows=937 width=121)
	  Recheck Cond: ((id >= 1029605) AND (id <= 1030604))
	  ->  Bitmap Index Scan on sbtest5_pkey  (cost=0.00..21.80 rows=937 width=0)
	        Index Cond: ((id >= 1029605) AND (id <= 1030604))

table 6 : explain SELECT c FROM sbtest6 WHERE id BETWEEN 7357395 AND 7358394
	Bitmap Heap Scan on sbtest6  (cost=22.07..3634.67 rows=940 width=121)
	  Recheck Cond: ((id >= 7357395) AND (id <= 7358394))
	  ->  Bitmap Index Scan on sbtest6_pkey  (cost=0.00..21.83 rows=940 width=0)
	        Index Cond: ((id >= 7357395) AND (id <= 7358394))

table 7 : explain SELECT c FROM sbtest7 WHERE id BETWEEN 5861688 AND 5862687
	Bitmap Heap Scan on sbtest7  (cost=23.07..4003.81 rows=1038 width=121)
	  Recheck Cond: ((id >= 5861688) AND (id <= 5862687))
	  ->  Bitmap Index Scan on sbtest7_pkey  (cost=0.00..22.82 rows=1038 width=0)
	        Index Cond: ((id >= 5861688) AND (id <= 5862687))

table 8 : explain SELECT c FROM sbtest8 WHERE id BETWEEN 6414855 AND 6415854
	Bitmap Heap Scan on sbtest8  (cost=23.20..4049.25 rows=1050 width=121)
	  Recheck Cond: ((id >= 6414855) AND (id <= 6415854))
	  ->  Bitmap Index Scan on sbtest8_pkey  (cost=0.00..22.93 rows=1050 width=0)
	        Index Cond: ((id >= 6414855) AND (id <= 6415854))

for point_selects
table 1 : explain SELECT c FROM sbtest1 WHERE id=5383764
	Index Scan using sbtest1_pkey on sbtest1  (cost=0.43..8.45 rows=1 width=121)
	  Index Cond: (id = 5383764)

table 2 : explain SELECT c FROM sbtest2 WHERE id=5034235
	Index Scan using sbtest2_pkey on sbtest2  (cost=0.43..8.45 rows=1 width=121)
	  Index Cond: (id = 5034235)

table 3 : explain SELECT c FROM sbtest3 WHERE id=5778329
	Index Scan using sbtest3_pkey on sbtest3  (cost=0.43..8.45 rows=1 width=121)
	  Index Cond: (id = 5778329)

table 4 : explain SELECT c FROM sbtest4 WHERE id=4274267
	Index Scan using sbtest4_pkey on sbtest4  (cost=0.43..8.45 rows=1 width=121)
	  Index Cond: (id = 4274267)

table 5 : explain SELECT c FROM sbtest5 WHERE id=4803834
	Index Scan using sbtest5_pkey on sbtest5  (cost=0.43..8.45 rows=1 width=121)
	  Index Cond: (id = 4803834)

table 6 : explain SELECT c FROM sbtest6 WHERE id=248046
	Index Scan using sbtest6_pkey on sbtest6  (cost=0.43..8.45 rows=1 width=121)
	  Index Cond: (id = 248046)

table 7 : explain SELECT c FROM sbtest7 WHERE id=8262004
	Index Scan using sbtest7_pkey on sbtest7  (cost=0.43..8.45 rows=1 width=121)
	  Index Cond: (id = 8262004)

table 8 : explain SELECT c FROM sbtest8 WHERE id=1228634
	Index Scan using sbtest8_pkey on sbtest8  (cost=0.43..8.45 rows=1 width=121)
	  Index Cond: (id = 1228634)

for point_selects
table 1 : explain SELECT c FROM sbtest1 WHERE id=2073289
	Index Scan using sbtest1_pkey on sbtest1  (cost=0.43..8.45 rows=1 width=121)
	  Index Cond: (id = 2073289)

table 2 : explain SELECT c FROM sbtest2 WHERE id=1946340
	Index Scan using sbtest2_pkey on sbtest2  (cost=0.43..8.45 rows=1 width=121)
	  Index Cond: (id = 1946340)

table 3 : explain SELECT c FROM sbtest3 WHERE id=9020855
	Index Scan using sbtest3_pkey on sbtest3  (cost=0.43..8.45 rows=1 width=121)
	  Index Cond: (id = 9020855)

table 4 : explain SELECT c FROM sbtest4 WHERE id=2037067
	Index Scan using sbtest4_pkey on sbtest4  (cost=0.43..8.45 rows=1 width=121)
	  Index Cond: (id = 2037067)

table 5 : explain SELECT c FROM sbtest5 WHERE id=4553794
	Index Scan using sbtest5_pkey on sbtest5  (cost=0.43..8.45 rows=1 width=121)
	  Index Cond: (id = 4553794)

table 6 : explain SELECT c FROM sbtest6 WHERE id=7531168
	Index Scan using sbtest6_pkey on sbtest6  (cost=0.43..8.45 rows=1 width=121)
	  Index Cond: (id = 7531168)

table 7 : explain SELECT c FROM sbtest7 WHERE id=8881022
	Index Scan using sbtest7_pkey on sbtest7  (cost=0.43..8.45 rows=1 width=121)
	  Index Cond: (id = 8881022)

table 8 : explain SELECT c FROM sbtest8 WHERE id=6575775
	Index Scan using sbtest8_pkey on sbtest8  (cost=0.43..8.45 rows=1 width=121)
	  Index Cond: (id = 6575775)

explain: for point_selects :: explain SELECT c FROM sbtest%u WHERE id=%u
for: simple_ranges
table 1 : explain SELECT c FROM sbtest1 WHERE id BETWEEN 7384378 AND 7385377
	Bitmap Heap Scan on sbtest1  (cost=23.11..4014.95 rows=1041 width=121)
	  Recheck Cond: ((id >= 7384378) AND (id <= 7385377))
	  ->  Bitmap Index Scan on sbtest1_pkey  (cost=0.00..22.84 rows=1041 width=0)
	        Index Cond: ((id >= 7384378) AND (id <= 7385377))

table 2 : explain SELECT c FROM sbtest2 WHERE id BETWEEN 3657895 AND 3658894
	Bitmap Heap Scan on sbtest2  (cost=27.35..4110.18 rows=1065 width=121)
	  Recheck Cond: ((id >= 3657895) AND (id <= 3658894))
	  ->  Bitmap Index Scan on sbtest2_pkey  (cost=0.00..27.08 rows=1065 width=0)
	        Index Cond: ((id >= 3657895) AND (id <= 3658894))

table 3 : explain SELECT c FROM sbtest3 WHERE id BETWEEN 3924456 AND 3925455
	Bitmap Heap Scan on sbtest3  (cost=22.54..3807.12 rows=986 width=121)
	  Recheck Cond: ((id >= 3924456) AND (id <= 3925455))
	  ->  Bitmap Index Scan on sbtest3_pkey  (cost=0.00..22.29 rows=986 width=0)
	        Index Cond: ((id >= 3924456) AND (id <= 3925455))

table 4 : explain SELECT c FROM sbtest4 WHERE id BETWEEN 4897493 AND 4898492
	Bitmap Heap Scan on sbtest4  (cost=23.00..3977.29 rows=1031 width=121)
	  Recheck Cond: ((id >= 4897493) AND (id <= 4898492))
	  ->  Bitmap Index Scan on sbtest4_pkey  (cost=0.00..22.75 rows=1031 width=0)
	        Index Cond: ((id >= 4897493) AND (id <= 4898492))

table 5 : explain SELECT c FROM sbtest5 WHERE id BETWEEN 8578655 AND 8579654
	Bitmap Heap Scan on sbtest5  (cost=26.68..3865.60 rows=1000 width=121)
	  Recheck Cond: ((id >= 8578655) AND (id <= 8579654))
	  ->  Bitmap Index Scan on sbtest5_pkey  (cost=0.00..26.43 rows=1000 width=0)
	        Index Cond: ((id >= 8578655) AND (id <= 8579654))

table 6 : explain SELECT c FROM sbtest6 WHERE id BETWEEN 4121175 AND 4122174
	Bitmap Heap Scan on sbtest6  (cost=22.04..3623.35 rows=937 width=121)
	  Recheck Cond: ((id >= 4121175) AND (id <= 4122174))
	  ->  Bitmap Index Scan on sbtest6_pkey  (cost=0.00..21.80 rows=937 width=0)
	        Index Cond: ((id >= 4121175) AND (id <= 4122174))

table 7 : explain SELECT c FROM sbtest7 WHERE id BETWEEN 551889 AND 552888
	Bitmap Heap Scan on sbtest7  (cost=28.35..4469.47 rows=1162 width=121)
	  Recheck Cond: ((id >= 551889) AND (id <= 552888))
	  ->  Bitmap Index Scan on sbtest7_pkey  (cost=0.00..28.05 rows=1162 width=0)
	        Index Cond: ((id >= 551889) AND (id <= 552888))

table 8 : explain SELECT c FROM sbtest8 WHERE id BETWEEN 4156896 AND 4157895
	Bitmap Heap Scan on sbtest8  (cost=22.30..3717.90 rows=962 width=121)
	  Recheck Cond: ((id >= 4156896) AND (id <= 4157895))
	  ->  Bitmap Index Scan on sbtest8_pkey  (cost=0.00..22.05 rows=962 width=0)
	        Index Cond: ((id >= 4156896) AND (id <= 4157895))

for: sum_ranges
table 1 : explain SELECT SUM(k) FROM sbtest1 WHERE id BETWEEN 9794219 AND 9795218
	Aggregate  (cost=3353.28..3353.29 rows=1 width=8)
	  ->  Bitmap Heap Scan on sbtest1  (cost=21.30..3351.12 rows=865 width=4)
	        Recheck Cond: ((id >= 9794219) AND (id <= 9795218))
	        ->  Bitmap Index Scan on sbtest1_pkey  (cost=0.00..21.08 rows=865 width=0)
	              Index Cond: ((id >= 9794219) AND (id <= 9795218))

table 2 : explain SELECT SUM(k) FROM sbtest2 WHERE id BETWEEN 2604469 AND 2605468
	Aggregate  (cost=3860.33..3860.34 rows=1 width=8)
	  ->  Bitmap Heap Scan on sbtest2  (cost=22.67..3857.83 rows=999 width=4)
	        Recheck Cond: ((id >= 2604469) AND (id <= 2605468))
	        ->  Bitmap Index Scan on sbtest2_pkey  (cost=0.00..22.43 rows=999 width=0)
	              Index Cond: ((id >= 2604469) AND (id <= 2605468))

table 3 : explain SELECT SUM(k) FROM sbtest3 WHERE id BETWEEN 6022404 AND 6023403
	Aggregate  (cost=3749.27..3749.28 rows=1 width=8)
	  ->  Bitmap Heap Scan on sbtest3  (cost=22.38..3746.85 rows=970 width=4)
	        Recheck Cond: ((id >= 6022404) AND (id <= 6023403))
	        ->  Bitmap Index Scan on sbtest3_pkey  (cost=0.00..22.14 rows=970 width=0)
	              Index Cond: ((id >= 6022404) AND (id <= 6023403))

table 4 : explain SELECT SUM(k) FROM sbtest4 WHERE id BETWEEN 7001309 AND 7002308
	Aggregate  (cost=3738.71..3738.72 rows=1 width=8)
	  ->  Bitmap Heap Scan on sbtest4  (cost=22.35..3736.29 rows=967 width=4)
	        Recheck Cond: ((id >= 7001309) AND (id <= 7002308))
	        ->  Bitmap Index Scan on sbtest4_pkey  (cost=0.00..22.11 rows=967 width=0)
	              Index Cond: ((id >= 7001309) AND (id <= 7002308))

table 5 : explain SELECT SUM(k) FROM sbtest5 WHERE id BETWEEN 8162827 AND 8163826
	Aggregate  (cost=3883.17..3883.18 rows=1 width=8)
	  ->  Bitmap Heap Scan on sbtest5  (cost=26.73..3880.66 rows=1004 width=4)
	        Recheck Cond: ((id >= 8162827) AND (id <= 8163826))
	        ->  Bitmap Index Scan on sbtest5_pkey  (cost=0.00..26.47 rows=1004 width=0)
	              Index Cond: ((id >= 8162827) AND (id <= 8163826))

table 6 : explain SELECT SUM(k) FROM sbtest6 WHERE id BETWEEN 9804 AND 10803
	Aggregate  (cost=3731.38..3731.39 rows=1 width=8)
	  ->  Bitmap Heap Scan on sbtest6  (cost=22.33..3728.97 rows=965 width=4)
	        Recheck Cond: ((id >= 9804) AND (id <= 10803))
	        ->  Bitmap Index Scan on sbtest6_pkey  (cost=0.00..22.08 rows=965 width=0)
	              Index Cond: ((id >= 9804) AND (id <= 10803))

table 7 : explain SELECT SUM(k) FROM sbtest7 WHERE id BETWEEN 236203 AND 237202
	Aggregate  (cost=4051.56..4051.57 rows=1 width=8)
	  ->  Bitmap Heap Scan on sbtest7  (cost=23.20..4048.93 rows=1050 width=4)
	        Recheck Cond: ((id >= 236203) AND (id <= 237202))
	        ->  Bitmap Index Scan on sbtest7_pkey  (cost=0.00..22.93 rows=1050 width=0)
	              Index Cond: ((id >= 236203) AND (id <= 237202))

table 8 : explain SELECT SUM(k) FROM sbtest8 WHERE id BETWEEN 7019707 AND 7020706
	Aggregate  (cost=4029.30..4029.31 rows=1 width=8)
	  ->  Bitmap Heap Scan on sbtest8  (cost=23.14..4026.69 rows=1044 width=4)
	        Recheck Cond: ((id >= 7019707) AND (id <= 7020706))
	        ->  Bitmap Index Scan on sbtest8_pkey  (cost=0.00..22.87 rows=1044 width=0)
	              Index Cond: ((id >= 7019707) AND (id <= 7020706))

for point_selects
table 1 : explain SELECT c FROM sbtest1 WHERE id=1567294
	Index Scan using sbtest1_pkey on sbtest1  (cost=0.43..8.45 rows=1 width=121)
	  Index Cond: (id = 1567294)

table 2 : explain SELECT c FROM sbtest2 WHERE id=3268768
	Index Scan using sbtest2_pkey on sbtest2  (cost=0.43..8.45 rows=1 width=121)
	  Index Cond: (id = 3268768)

table 3 : explain SELECT c FROM sbtest3 WHERE id=5784261
	Index Scan using sbtest3_pkey on sbtest3  (cost=0.43..8.45 rows=1 width=121)
	  Index Cond: (id = 5784261)

table 4 : explain SELECT c FROM sbtest4 WHERE id=495005
	Index Scan using sbtest4_pkey on sbtest4  (cost=0.43..8.45 rows=1 width=121)
	  Index Cond: (id = 495005)

table 5 : explain SELECT c FROM sbtest5 WHERE id=2122307
	Index Scan using sbtest5_pkey on sbtest5  (cost=0.43..8.45 rows=1 width=121)
	  Index Cond: (id = 2122307)

table 6 : explain SELECT c FROM sbtest6 WHERE id=1506455
	Index Scan using sbtest6_pkey on sbtest6  (cost=0.43..8.45 rows=1 width=121)
	  Index Cond: (id = 1506455)

table 7 : explain SELECT c FROM sbtest7 WHERE id=804812
	Index Scan using sbtest7_pkey on sbtest7  (cost=0.43..8.45 rows=1 width=121)
	  Index Cond: (id = 804812)

table 8 : explain SELECT c FROM sbtest8 WHERE id=1784374
	Index Scan using sbtest8_pkey on sbtest8  (cost=0.43..8.45 rows=1 width=121)
	  Index Cond: (id = 1784374)

for: sum_ranges
table 1 : explain SELECT SUM(k) FROM sbtest1 WHERE id BETWEEN 5246311 AND 5247310
	Aggregate  (cost=3768.93..3768.94 rows=1 width=8)
	  ->  Bitmap Heap Scan on sbtest1  (cost=22.43..3766.49 rows=975 width=4)
	        Recheck Cond: ((id >= 5246311) AND (id <= 5247310))
	        ->  Bitmap Index Scan on sbtest1_pkey  (cost=0.00..22.18 rows=975 width=0)
	              Index Cond: ((id >= 5246311) AND (id <= 5247310))

table 2 : explain SELECT SUM(k) FROM sbtest2 WHERE id BETWEEN 1297663 AND 1298662
	Aggregate  (cost=3977.12..3977.13 rows=1 width=8)
	  ->  Bitmap Heap Scan on sbtest2  (cost=22.99..3974.55 rows=1030 width=4)
	        Recheck Cond: ((id >= 1297663) AND (id <= 1298662))
	        ->  Bitmap Index Scan on sbtest2_pkey  (cost=0.00..22.73 rows=1030 width=0)
	              Index Cond: ((id >= 1297663) AND (id <= 1298662))

table 3 : explain SELECT SUM(k) FROM sbtest3 WHERE id BETWEEN 8372875 AND 8373874
	Aggregate  (cost=3930.11..3930.12 rows=1 width=8)
	  ->  Bitmap Heap Scan on sbtest3  (cost=22.87..3927.57 rows=1018 width=4)
	        Recheck Cond: ((id >= 8372875) AND (id <= 8373874))
	        ->  Bitmap Index Scan on sbtest3_pkey  (cost=0.00..22.61 rows=1018 width=0)
	              Index Cond: ((id >= 8372875) AND (id <= 8373874))

table 4 : explain SELECT SUM(k) FROM sbtest4 WHERE id BETWEEN 4605836 AND 4606835
	Aggregate  (cost=3719.85..3719.86 rows=1 width=8)
	  ->  Bitmap Heap Scan on sbtest4  (cost=22.30..3717.44 rows=962 width=4)
	        Recheck Cond: ((id >= 4605836) AND (id <= 4606835))
	        ->  Bitmap Index Scan on sbtest4_pkey  (cost=0.00..22.05 rows=962 width=0)
	              Index Cond: ((id >= 4605836) AND (id <= 4606835))

table 5 : explain SELECT SUM(k) FROM sbtest5 WHERE id BETWEEN 4616540 AND 4617539
	Aggregate  (cost=4409.60..4409.61 rows=1 width=8)
	  ->  Bitmap Heap Scan on sbtest5  (cost=28.17..4406.74 rows=1145 width=4)
	        Recheck Cond: ((id >= 4616540) AND (id <= 4617539))
	        ->  Bitmap Index Scan on sbtest5_pkey  (cost=0.00..27.89 rows=1145 width=0)
	              Index Cond: ((id >= 4616540) AND (id <= 4617539))

table 6 : explain SELECT SUM(k) FROM sbtest6 WHERE id BETWEEN 18177 AND 19176
	Aggregate  (cost=3731.38..3731.39 rows=1 width=8)
	  ->  Bitmap Heap Scan on sbtest6  (cost=22.33..3728.97 rows=965 width=4)
	        Recheck Cond: ((id >= 18177) AND (id <= 19176))
	        ->  Bitmap Index Scan on sbtest6_pkey  (cost=0.00..22.08 rows=965 width=0)
	              Index Cond: ((id >= 18177) AND (id <= 19176))

table 7 : explain SELECT SUM(k) FROM sbtest7 WHERE id BETWEEN 9980715 AND 9981714
	Aggregate  (cost=3900.99..3901.00 rows=1 width=8)
	  ->  Bitmap Heap Scan on sbtest7  (cost=22.79..3898.46 rows=1010 width=4)
	        Recheck Cond: ((id >= 9980715) AND (id <= 9981714))
	        ->  Bitmap Index Scan on sbtest7_pkey  (cost=0.00..22.54 rows=1010 width=0)
	              Index Cond: ((id >= 9980715) AND (id <= 9981714))

table 8 : explain SELECT SUM(k) FROM sbtest8 WHERE id BETWEEN 7965668 AND 7966667
	Aggregate  (cost=3916.35..3916.36 rows=1 width=8)
	  ->  Bitmap Heap Scan on sbtest8  (cost=22.83..3913.82 rows=1014 width=4)
	        Recheck Cond: ((id >= 7965668) AND (id <= 7966667))
	        ->  Bitmap Index Scan on sbtest8_pkey  (cost=0.00..22.57 rows=1014 width=0)
	              Index Cond: ((id >= 7965668) AND (id <= 7966667))

for: simple_ranges
table 1 : explain SELECT c FROM sbtest1 WHERE id BETWEEN 8736919 AND 8737918
	Bitmap Heap Scan on sbtest1  (cost=23.13..4022.47 rows=1043 width=121)
	  Recheck Cond: ((id >= 8736919) AND (id <= 8737918))
	  ->  Bitmap Index Scan on sbtest1_pkey  (cost=0.00..22.86 rows=1043 width=0)
	        Index Cond: ((id >= 8736919) AND (id <= 8737918))

table 2 : explain SELECT c FROM sbtest2 WHERE id BETWEEN 8344323 AND 8345322
	Bitmap Heap Scan on sbtest2  (cost=23.24..4064.82 rows=1054 width=121)
	  Recheck Cond: ((id >= 8344323) AND (id <= 8345322))
	  ->  Bitmap Index Scan on sbtest2_pkey  (cost=0.00..22.97 rows=1054 width=0)
	        Index Cond: ((id >= 8344323) AND (id <= 8345322))

table 3 : explain SELECT c FROM sbtest3 WHERE id BETWEEN 2568546 AND 2569545
	Bitmap Heap Scan on sbtest3  (cost=22.61..3833.48 rows=993 width=121)
	  Recheck Cond: ((id >= 2568546) AND (id <= 2569545))
	  ->  Bitmap Index Scan on sbtest3_pkey  (cost=0.00..22.36 rows=993 width=0)
	        Index Cond: ((id >= 2568546) AND (id <= 2569545))

table 4 : explain SELECT c FROM sbtest4 WHERE id BETWEEN 1175137 AND 1176136
	Bitmap Heap Scan on sbtest4  (cost=27.71..4236.80 rows=1100 width=121)
	  Recheck Cond: ((id >= 1175137) AND (id <= 1176136))
	  ->  Bitmap Index Scan on sbtest4_pkey  (cost=0.00..27.43 rows=1100 width=0)
	        Index Cond: ((id >= 1175137) AND (id <= 1176136))

table 5 : explain SELECT c FROM sbtest5 WHERE id BETWEEN 35087 AND 36086
	Bitmap Heap Scan on sbtest5  (cost=26.66..3858.06 rows=998 width=121)
	  Recheck Cond: ((id >= 35087) AND (id <= 36086))
	  ->  Bitmap Index Scan on sbtest5_pkey  (cost=0.00..26.41 rows=998 width=0)
	        Index Cond: ((id >= 35087) AND (id <= 36086))

table 6 : explain SELECT c FROM sbtest6 WHERE id BETWEEN 5145329 AND 5146328
	Bitmap Heap Scan on sbtest6  (cost=22.63..3842.02 rows=995 width=121)
	  Recheck Cond: ((id >= 5145329) AND (id <= 5146328))
	  ->  Bitmap Index Scan on sbtest6_pkey  (cost=0.00..22.39 rows=995 width=0)
	        Index Cond: ((id >= 5145329) AND (id <= 5146328))

table 7 : explain SELECT c FROM sbtest7 WHERE id BETWEEN 1397041 AND 1398040
	Bitmap Heap Scan on sbtest7  (cost=22.24..3698.77 rows=957 width=121)
	  Recheck Cond: ((id >= 1397041) AND (id <= 1398040))
	  ->  Bitmap Index Scan on sbtest7_pkey  (cost=0.00..22.00 rows=957 width=0)
	        Index Cond: ((id >= 1397041) AND (id <= 1398040))

table 8 : explain SELECT c FROM sbtest8 WHERE id BETWEEN 5935225 AND 5936224
	Bitmap Heap Scan on sbtest8  (cost=22.88..3932.64 rows=1019 width=121)
	  Recheck Cond: ((id >= 5935225) AND (id <= 5936224))
	  ->  Bitmap Index Scan on sbtest8_pkey  (cost=0.00..22.62 rows=1019 width=0)
	        Index Cond: ((id >= 5935225) AND (id <= 5936224))

for: sum_ranges
table 1 : explain SELECT SUM(k) FROM sbtest1 WHERE id BETWEEN 3692320 AND 3693319
	Aggregate  (cost=3693.48..3693.49 rows=1 width=8)
	  ->  Bitmap Heap Scan on sbtest1  (cost=22.22..3691.09 rows=955 width=4)
	        Recheck Cond: ((id >= 3692320) AND (id <= 3693319))
	        ->  Bitmap Index Scan on sbtest1_pkey  (cost=0.00..21.98 rows=955 width=0)
	              Index Cond: ((id >= 3692320) AND (id <= 3693319))

table 2 : explain SELECT SUM(k) FROM sbtest2 WHERE id BETWEEN 2911799 AND 2912798
	Aggregate  (cost=3528.11..3528.12 rows=1 width=8)
	  ->  Bitmap Heap Scan on sbtest2  (cost=21.77..3525.83 rows=911 width=4)
	        Recheck Cond: ((id >= 2911799) AND (id <= 2912798))
	        ->  Bitmap Index Scan on sbtest2_pkey  (cost=0.00..21.54 rows=911 width=0)
	              Index Cond: ((id >= 2911799) AND (id <= 2912798))

table 3 : explain SELECT SUM(k) FROM sbtest3 WHERE id BETWEEN 6653946 AND 6654945
	Aggregate  (cost=3613.44..3613.45 rows=1 width=8)
	  ->  Bitmap Heap Scan on sbtest3  (cost=22.01..3611.11 rows=934 width=4)
	        Recheck Cond: ((id >= 6653946) AND (id <= 6654945))
	        ->  Bitmap Index Scan on sbtest3_pkey  (cost=0.00..21.77 rows=934 width=0)
	              Index Cond: ((id >= 6653946) AND (id <= 6654945))

table 4 : explain SELECT SUM(k) FROM sbtest4 WHERE id BETWEEN 1617390 AND 1618389
	Aggregate  (cost=3859.36..3859.37 rows=1 width=8)
	  ->  Bitmap Heap Scan on sbtest4  (cost=22.67..3856.86 rows=999 width=4)
	        Recheck Cond: ((id >= 1617390) AND (id <= 1618389))
	        ->  Bitmap Index Scan on sbtest4_pkey  (cost=0.00..22.43 rows=999 width=0)
	              Index Cond: ((id >= 1617390) AND (id <= 1618389))

table 5 : explain SELECT SUM(k) FROM sbtest5 WHERE id BETWEEN 8167607 AND 8168606
	Aggregate  (cost=3883.17..3883.18 rows=1 width=8)
	  ->  Bitmap Heap Scan on sbtest5  (cost=26.73..3880.66 rows=1004 width=4)
	        Recheck Cond: ((id >= 8167607) AND (id <= 8168606))
	        ->  Bitmap Index Scan on sbtest5_pkey  (cost=0.00..26.47 rows=1004 width=0)
	              Index Cond: ((id >= 8167607) AND (id <= 8168606))

table 6 : explain SELECT SUM(k) FROM sbtest6 WHERE id BETWEEN 4651500 AND 4652499
	Aggregate  (cost=3870.89..3870.90 rows=1 width=8)
	  ->  Bitmap Heap Scan on sbtest6  (cost=22.71..3868.38 rows=1002 width=4)
	        Recheck Cond: ((id >= 4651500) AND (id <= 4652499))
	        ->  Bitmap Index Scan on sbtest6_pkey  (cost=0.00..22.45 rows=1002 width=0)
	              Index Cond: ((id >= 4651500) AND (id <= 4652499))

table 7 : explain SELECT SUM(k) FROM sbtest7 WHERE id BETWEEN 9438622 AND 9439621
	Aggregate  (cost=3983.83..3983.84 rows=1 width=8)
	  ->  Bitmap Heap Scan on sbtest7  (cost=23.01..3981.25 rows=1032 width=4)
	        Recheck Cond: ((id >= 9438622) AND (id <= 9439621))
	        ->  Bitmap Index Scan on sbtest7_pkey  (cost=0.00..22.75 rows=1032 width=0)
	              Index Cond: ((id >= 9438622) AND (id <= 9439621))

table 8 : explain SELECT SUM(k) FROM sbtest8 WHERE id BETWEEN 5196837 AND 5197836
	Aggregate  (cost=3807.06..3807.07 rows=1 width=8)
	  ->  Bitmap Heap Scan on sbtest8  (cost=22.53..3804.60 rows=985 width=4)
	        Recheck Cond: ((id >= 5196837) AND (id <= 5197836))
	        ->  Bitmap Index Scan on sbtest8_pkey  (cost=0.00..22.29 rows=985 width=0)
	              Index Cond: ((id >= 5196837) AND (id <= 5197836))

for: sum_ranges
table 1 : explain SELECT SUM(k) FROM sbtest1 WHERE id BETWEEN 8309987 AND 8310986
	Aggregate  (cost=3870.71..3870.72 rows=1 width=8)
	  ->  Bitmap Heap Scan on sbtest1  (cost=22.71..3868.20 rows=1002 width=4)
	        Recheck Cond: ((id >= 8309987) AND (id <= 8310986))
	        ->  Bitmap Index Scan on sbtest1_pkey  (cost=0.00..22.45 rows=1002 width=0)
	              Index Cond: ((id >= 8309987) AND (id <= 8310986))

table 2 : explain SELECT SUM(k) FROM sbtest2 WHERE id BETWEEN 1760076 AND 1761075
	Aggregate  (cost=3867.87..3867.88 rows=1 width=8)
	  ->  Bitmap Heap Scan on sbtest2  (cost=22.70..3865.37 rows=1001 width=4)
	        Recheck Cond: ((id >= 1760076) AND (id <= 1761075))
	        ->  Bitmap Index Scan on sbtest2_pkey  (cost=0.00..22.44 rows=1001 width=0)
	              Index Cond: ((id >= 1760076) AND (id <= 1761075))

table 3 : explain SELECT SUM(k) FROM sbtest3 WHERE id BETWEEN 7286444 AND 7287443
	Aggregate  (cost=3963.99..3964.00 rows=1 width=8)
	  ->  Bitmap Heap Scan on sbtest3  (cost=22.96..3961.42 rows=1027 width=4)
	        Recheck Cond: ((id >= 7286444) AND (id <= 7287443))
	        ->  Bitmap Index Scan on sbtest3_pkey  (cost=0.00..22.70 rows=1027 width=0)
	              Index Cond: ((id >= 7286444) AND (id <= 7287443))

table 4 : explain SELECT SUM(k) FROM sbtest4 WHERE id BETWEEN 555408 AND 556407
	Aggregate  (cost=3844.28..3844.29 rows=1 width=8)
	  ->  Bitmap Heap Scan on sbtest4  (cost=22.63..3841.80 rows=995 width=4)
	        Recheck Cond: ((id >= 555408) AND (id <= 556407))
	        ->  Bitmap Index Scan on sbtest4_pkey  (cost=0.00..22.39 rows=995 width=0)
	              Index Cond: ((id >= 555408) AND (id <= 556407))

table 5 : explain SELECT SUM(k) FROM sbtest5 WHERE id BETWEEN 3364408 AND 3365407
	Aggregate  (cost=4063.93..4063.94 rows=1 width=8)
	  ->  Bitmap Heap Scan on sbtest5  (cost=27.22..4061.30 rows=1052 width=4)
	        Recheck Cond: ((id >= 3364408) AND (id <= 3365407))
	        ->  Bitmap Index Scan on sbtest5_pkey  (cost=0.00..26.95 rows=1052 width=0)
	              Index Cond: ((id >= 3364408) AND (id <= 3365407))

table 6 : explain SELECT SUM(k) FROM sbtest6 WHERE id BETWEEN 6394051 AND 6395050
	Aggregate  (cost=3934.92..3934.93 rows=1 width=8)
	  ->  Bitmap Heap Scan on sbtest6  (cost=22.88..3932.38 rows=1019 width=4)
	        Recheck Cond: ((id >= 6394051) AND (id <= 6395050))
	        ->  Bitmap Index Scan on sbtest6_pkey  (cost=0.00..22.62 rows=1019 width=0)
	              Index Cond: ((id >= 6394051) AND (id <= 6395050))

table 7 : explain SELECT SUM(k) FROM sbtest7 WHERE id BETWEEN 2034720 AND 2035719
	Aggregate  (cost=4126.77..4126.78 rows=1 width=8)
	  ->  Bitmap Heap Scan on sbtest7  (cost=23.40..4124.09 rows=1070 width=4)
	        Recheck Cond: ((id >= 2034720) AND (id <= 2035719))
	        ->  Bitmap Index Scan on sbtest7_pkey  (cost=0.00..23.14 rows=1070 width=0)
	              Index Cond: ((id >= 2034720) AND (id <= 2035719))

table 8 : explain SELECT SUM(k) FROM sbtest8 WHERE id BETWEEN 2828255 AND 2829254
	Aggregate  (cost=3863.60..3863.61 rows=1 width=8)
	  ->  Bitmap Heap Scan on sbtest8  (cost=22.68..3861.10 rows=1000 width=4)
	        Recheck Cond: ((id >= 2828255) AND (id <= 2829254))
	        ->  Bitmap Index Scan on sbtest8_pkey  (cost=0.00..22.43 rows=1000 width=0)
	              Index Cond: ((id >= 2828255) AND (id <= 2829254))

for: simple_ranges
table 1 : explain SELECT c FROM sbtest1 WHERE id BETWEEN 7095585 AND 7096584
	Bitmap Heap Scan on sbtest1  (cost=22.35..3736.34 rows=967 width=121)
	  Recheck Cond: ((id >= 7095585) AND (id <= 7096584))
	  ->  Bitmap Index Scan on sbtest1_pkey  (cost=0.00..22.11 rows=967 width=0)
	        Index Cond: ((id >= 7095585) AND (id <= 7096584))

table 2 : explain SELECT c FROM sbtest2 WHERE id BETWEEN 7154234 AND 7155233
	Bitmap Heap Scan on sbtest2  (cost=22.68..3861.60 rows=1000 width=121)
	  Recheck Cond: ((id >= 7154234) AND (id <= 7155233))
	  ->  Bitmap Index Scan on sbtest2_pkey  (cost=0.00..22.43 rows=1000 width=0)
	        Index Cond: ((id >= 7154234) AND (id <= 7155233))

table 3 : explain SELECT c FROM sbtest3 WHERE id BETWEEN 6201013 AND 6202012
	Bitmap Heap Scan on sbtest3  (cost=22.13..3656.38 rows=946 width=121)
	  Recheck Cond: ((id >= 6201013) AND (id <= 6202012))
	  ->  Bitmap Index Scan on sbtest3_pkey  (cost=0.00..21.89 rows=946 width=0)
	        Index Cond: ((id >= 6201013) AND (id <= 6202012))

table 4 : explain SELECT c FROM sbtest4 WHERE id BETWEEN 8962076 AND 8963075
	Bitmap Heap Scan on sbtest4  (cost=21.78..3528.76 rows=912 width=121)
	  Recheck Cond: ((id >= 8962076) AND (id <= 8963075))
	  ->  Bitmap Index Scan on sbtest4_pkey  (cost=0.00..21.55 rows=912 width=0)
	        Index Cond: ((id >= 8962076) AND (id <= 8963075))

table 5 : explain SELECT c FROM sbtest5 WHERE id BETWEEN 798290 AND 799289
	Bitmap Heap Scan on sbtest5  (cost=22.62..3838.99 rows=994 width=121)
	  Recheck Cond: ((id >= 798290) AND (id <= 799289))
	  ->  Bitmap Index Scan on sbtest5_pkey  (cost=0.00..22.37 rows=994 width=0)
	        Index Cond: ((id >= 798290) AND (id <= 799289))

table 6 : explain SELECT c FROM sbtest6 WHERE id BETWEEN 8077249 AND 8078248
	Bitmap Heap Scan on sbtest6  (cost=21.94..3585.60 rows=927 width=121)
	  Recheck Cond: ((id >= 8077249) AND (id <= 8078248))
	  ->  Bitmap Index Scan on sbtest6_pkey  (cost=0.00..21.70 rows=927 width=0)
	        Index Cond: ((id >= 8077249) AND (id <= 8078248))

table 7 : explain SELECT c FROM sbtest7 WHERE id BETWEEN 760255 AND 761254
	Bitmap Heap Scan on sbtest7  (cost=22.08..3638.41 rows=941 width=121)
	  Recheck Cond: ((id >= 760255) AND (id <= 761254))
	  ->  Bitmap Index Scan on sbtest7_pkey  (cost=0.00..21.84 rows=941 width=0)
	        Index Cond: ((id >= 760255) AND (id <= 761254))

table 8 : explain SELECT c FROM sbtest8 WHERE id BETWEEN 2293036 AND 2294035
	Bitmap Heap Scan on sbtest8  (cost=22.85..3921.35 rows=1016 width=121)
	  Recheck Cond: ((id >= 2293036) AND (id <= 2294035))
	  ->  Bitmap Index Scan on sbtest8_pkey  (cost=0.00..22.59 rows=1016 width=0)
	        Index Cond: ((id >= 2293036) AND (id <= 2294035))

for: simple_ranges
table 1 : explain SELECT c FROM sbtest1 WHERE id BETWEEN 6918919 AND 6919918
	Bitmap Heap Scan on sbtest1  (cost=22.85..3920.90 rows=1016 width=121)
	  Recheck Cond: ((id >= 6918919) AND (id <= 6919918))
	  ->  Bitmap Index Scan on sbtest1_pkey  (cost=0.00..22.59 rows=1016 width=0)
	        Index Cond: ((id >= 6918919) AND (id <= 6919918))

table 2 : explain SELECT c FROM sbtest2 WHERE id BETWEEN 6677580 AND 6678579
	Bitmap Heap Scan on sbtest2  (cost=22.90..3940.68 rows=1021 width=121)
	  Recheck Cond: ((id >= 6677580) AND (id <= 6678579))
	  ->  Bitmap Index Scan on sbtest2_pkey  (cost=0.00..22.64 rows=1021 width=0)
	        Index Cond: ((id >= 6677580) AND (id <= 6678579))

table 3 : explain SELECT c FROM sbtest3 WHERE id BETWEEN 6426117 AND 6427116
	Bitmap Heap Scan on sbtest3  (cost=22.39..3750.62 rows=971 width=121)
	  Recheck Cond: ((id >= 6426117) AND (id <= 6427116))
	  ->  Bitmap Index Scan on sbtest3_pkey  (cost=0.00..22.14 rows=971 width=0)
	        Index Cond: ((id >= 6426117) AND (id <= 6427116))

table 4 : explain SELECT c FROM sbtest4 WHERE id BETWEEN 6974832 AND 6975831
	Bitmap Heap Scan on sbtest4  (cost=22.60..3830.50 rows=992 width=121)
	  Recheck Cond: ((id >= 6974832) AND (id <= 6975831))
	  ->  Bitmap Index Scan on sbtest4_pkey  (cost=0.00..22.36 rows=992 width=0)
	        Index Cond: ((id >= 6974832) AND (id <= 6975831))

table 5 : explain SELECT c FROM sbtest5 WHERE id BETWEEN 7455026 AND 7456025
	Bitmap Heap Scan on sbtest5  (cost=21.65..3480.47 rows=899 width=121)
	  Recheck Cond: ((id >= 7455026) AND (id <= 7456025))
	  ->  Bitmap Index Scan on sbtest5_pkey  (cost=0.00..21.43 rows=899 width=0)
	        Index Cond: ((id >= 7455026) AND (id <= 7456025))

table 6 : explain SELECT c FROM sbtest6 WHERE id BETWEEN 9723132 AND 9724131
	Bitmap Heap Scan on sbtest6  (cost=22.19..3679.94 rows=952 width=121)
	  Recheck Cond: ((id >= 9723132) AND (id <= 9724131))
	  ->  Bitmap Index Scan on sbtest6_pkey  (cost=0.00..21.95 rows=952 width=0)
	        Index Cond: ((id >= 9723132) AND (id <= 9724131))

table 7 : explain SELECT c FROM sbtest7 WHERE id BETWEEN 9428677 AND 9429676
	Bitmap Heap Scan on sbtest7  (cost=23.01..3981.25 rows=1032 width=121)
	  Recheck Cond: ((id >= 9428677) AND (id <= 9429676))
	  ->  Bitmap Index Scan on sbtest7_pkey  (cost=0.00..22.75 rows=1032 width=0)
	        Index Cond: ((id >= 9428677) AND (id <= 9429676))

table 8 : explain SELECT c FROM sbtest8 WHERE id BETWEEN 4484834 AND 4485833
	Bitmap Heap Scan on sbtest8  (cost=22.36..3740.52 rows=968 width=121)
	  Recheck Cond: ((id >= 4484834) AND (id <= 4485833))
	  ->  Bitmap Index Scan on sbtest8_pkey  (cost=0.00..22.11 rows=968 width=0)
	        Index Cond: ((id >= 4484834) AND (id <= 4485833))

for: simple_ranges
table 1 : explain SELECT c FROM sbtest1 WHERE id BETWEEN 3972240 AND 3973239
	Bitmap Heap Scan on sbtest1  (cost=22.44..3770.26 rows=976 width=121)
	  Recheck Cond: ((id >= 3972240) AND (id <= 3973239))
	  ->  Bitmap Index Scan on sbtest1_pkey  (cost=0.00..22.19 rows=976 width=0)
	        Index Cond: ((id >= 3972240) AND (id <= 3973239))

table 2 : explain SELECT c FROM sbtest2 WHERE id BETWEEN 8048711 AND 8049710
	Bitmap Heap Scan on sbtest2  (cost=22.52..3801.31 rows=984 width=121)
	  Recheck Cond: ((id >= 8048711) AND (id <= 8049710))
	  ->  Bitmap Index Scan on sbtest2_pkey  (cost=0.00..22.27 rows=984 width=0)
	        Index Cond: ((id >= 8048711) AND (id <= 8049710))

table 3 : explain SELECT c FROM sbtest3 WHERE id BETWEEN 8702971 AND 8703970
	Bitmap Heap Scan on sbtest3  (cost=22.87..3927.57 rows=1018 width=121)
	  Recheck Cond: ((id >= 8702971) AND (id <= 8703970))
	  ->  Bitmap Index Scan on sbtest3_pkey  (cost=0.00..22.61 rows=1018 width=0)
	        Index Cond: ((id >= 8702971) AND (id <= 8703970))

table 4 : explain SELECT c FROM sbtest4 WHERE id BETWEEN 1583173 AND 1584172
	Bitmap Heap Scan on sbtest4  (cost=22.67..3856.86 rows=999 width=121)
	  Recheck Cond: ((id >= 1583173) AND (id <= 1584172))
	  ->  Bitmap Index Scan on sbtest4_pkey  (cost=0.00..22.43 rows=999 width=0)
	        Index Cond: ((id >= 1583173) AND (id <= 1584172))

table 5 : explain SELECT c FROM sbtest5 WHERE id BETWEEN 4866790 AND 4867789
	Bitmap Heap Scan on sbtest5  (cost=27.52..4170.30 rows=1081 width=121)
	  Recheck Cond: ((id >= 4866790) AND (id <= 4867789))
	  ->  Bitmap Index Scan on sbtest5_pkey  (cost=0.00..27.25 rows=1081 width=0)
	        Index Cond: ((id >= 4866790) AND (id <= 4867789))

table 6 : explain SELECT c FROM sbtest6 WHERE id BETWEEN 4822558 AND 4823557
	Bitmap Heap Scan on sbtest6  (cost=22.16..3668.63 rows=949 width=121)
	  Recheck Cond: ((id >= 4822558) AND (id <= 4823557))
	  ->  Bitmap Index Scan on sbtest6_pkey  (cost=0.00..21.93 rows=949 width=0)
	        Index Cond: ((id >= 4822558) AND (id <= 4823557))

table 7 : explain SELECT c FROM sbtest7 WHERE id BETWEEN 4709345 AND 4710344
	Bitmap Heap Scan on sbtest7  (cost=22.26..3706.31 rows=959 width=121)
	  Recheck Cond: ((id >= 4709345) AND (id <= 4710344))
	  ->  Bitmap Index Scan on sbtest7_pkey  (cost=0.00..22.02 rows=959 width=0)
	        Index Cond: ((id >= 4709345) AND (id <= 4710344))

table 8 : explain SELECT c FROM sbtest8 WHERE id BETWEEN 1020317 AND 1021316
	Bitmap Heap Scan on sbtest8  (cost=22.84..3917.58 rows=1015 width=121)
	  Recheck Cond: ((id >= 1020317) AND (id <= 1021316))
	  ->  Bitmap Index Scan on sbtest8_pkey  (cost=0.00..22.58 rows=1015 width=0)
	        Index Cond: ((id >= 1020317) AND (id <= 1021316))

for: simple_ranges
table 1 : explain SELECT c FROM sbtest1 WHERE id BETWEEN 1384045 AND 1385044
	Bitmap Heap Scan on sbtest1  (cost=22.66..3853.14 rows=998 width=121)
	  Recheck Cond: ((id >= 1384045) AND (id <= 1385044))
	  ->  Bitmap Index Scan on sbtest1_pkey  (cost=0.00..22.41 rows=998 width=0)
	        Index Cond: ((id >= 1384045) AND (id <= 1385044))

table 2 : explain SELECT c FROM sbtest2 WHERE id BETWEEN 7196337 AND 7197336
	Bitmap Heap Scan on sbtest2  (cost=22.53..3805.08 rows=985 width=121)
	  Recheck Cond: ((id >= 7196337) AND (id <= 7197336))
	  ->  Bitmap Index Scan on sbtest2_pkey  (cost=0.00..22.29 rows=985 width=0)
	        Index Cond: ((id >= 7196337) AND (id <= 7197336))

table 3 : explain SELECT c FROM sbtest3 WHERE id BETWEEN 832964 AND 833963
	Bitmap Heap Scan on sbtest3  (cost=23.17..4036.61 rows=1047 width=121)
	  Recheck Cond: ((id >= 832964) AND (id <= 833963))
	  ->  Bitmap Index Scan on sbtest3_pkey  (cost=0.00..22.90 rows=1047 width=0)
	        Index Cond: ((id >= 832964) AND (id <= 833963))

table 4 : explain SELECT c FROM sbtest4 WHERE id BETWEEN 7369173 AND 7370172
	Bitmap Heap Scan on sbtest4  (cost=22.27..3709.90 rows=960 width=121)
	  Recheck Cond: ((id >= 7369173) AND (id <= 7370172))
	  ->  Bitmap Index Scan on sbtest4_pkey  (cost=0.00..22.04 rows=960 width=0)
	        Index Cond: ((id >= 7369173) AND (id <= 7370172))

table 5 : explain SELECT c FROM sbtest5 WHERE id BETWEEN 9856539 AND 9857538
	Bitmap Heap Scan on sbtest5  (cost=27.14..4031.22 rows=1044 width=121)
	  Recheck Cond: ((id >= 9856539) AND (id <= 9857538))
	  ->  Bitmap Index Scan on sbtest5_pkey  (cost=0.00..26.87 rows=1044 width=0)
	        Index Cond: ((id >= 9856539) AND (id <= 9857538))

table 6 : explain SELECT c FROM sbtest6 WHERE id BETWEEN 9295610 AND 9296609
	Bitmap Heap Scan on sbtest6  (cost=22.49..3789.28 rows=981 width=121)
	  Recheck Cond: ((id >= 9295610) AND (id <= 9296609))
	  ->  Bitmap Index Scan on sbtest6_pkey  (cost=0.00..22.25 rows=981 width=0)
	        Index Cond: ((id >= 9295610) AND (id <= 9296609))

table 7 : explain SELECT c FROM sbtest7 WHERE id BETWEEN 8599039 AND 8600038
	Bitmap Heap Scan on sbtest7  (cost=23.43..4135.36 rows=1073 width=121)
	  Recheck Cond: ((id >= 8599039) AND (id <= 8600038))
	  ->  Bitmap Index Scan on sbtest7_pkey  (cost=0.00..23.16 rows=1073 width=0)
	        Index Cond: ((id >= 8599039) AND (id <= 8600038))

table 8 : explain SELECT c FROM sbtest8 WHERE id BETWEEN 7175648 AND 7176647
	Bitmap Heap Scan on sbtest8  (cost=22.85..3921.35 rows=1016 width=121)
	  Recheck Cond: ((id >= 7175648) AND (id <= 7176647))
	  ->  Bitmap Index Scan on sbtest8_pkey  (cost=0.00..22.59 rows=1016 width=0)
	        Index Cond: ((id >= 7175648) AND (id <= 7176647))

for: distinct_ranges
table 1 : explain SELECT DISTINCT c FROM sbtest1 WHERE id BETWEEN 4225825 AND 4226824 ORDER BY c
	Unique  (cost=3703.90..3708.63 rows=946 width=121)
	  ->  Sort  (cost=3703.90..3706.27 rows=946 width=121)
	        Sort Key: c
	        ->  Bitmap Heap Scan on sbtest1  (cost=22.13..3657.15 rows=946 width=121)
	              Recheck Cond: ((id >= 4225825) AND (id <= 4226824))
	              ->  Bitmap Index Scan on sbtest1_pkey  (cost=0.00..21.89 rows=946 width=0)
	                    Index Cond: ((id >= 4225825) AND (id <= 4226824))

table 2 : explain SELECT DISTINCT c FROM sbtest2 WHERE id BETWEEN 822112 AND 823111 ORDER BY c
	Unique  (cost=3991.71..3996.81 rows=1021 width=121)
	  ->  Sort  (cost=3991.71..3994.26 rows=1021 width=121)
	        Sort Key: c
	        ->  Bitmap Heap Scan on sbtest2  (cost=22.90..3940.68 rows=1021 width=121)
	              Recheck Cond: ((id >= 822112) AND (id <= 823111))
	              ->  Bitmap Index Scan on sbtest2_pkey  (cost=0.00..22.64 rows=1021 width=0)
	                    Index Cond: ((id >= 822112) AND (id <= 823111))

table 3 : explain SELECT DISTINCT c FROM sbtest3 WHERE id BETWEEN 3144281 AND 3145280 ORDER BY c
	Unique  (cost=3829.39..3834.29 rows=979 width=121)
	  ->  Sort  (cost=3829.39..3831.84 rows=979 width=121)
	        Sort Key: c
	        ->  Bitmap Heap Scan on sbtest3  (cost=22.47..3780.76 rows=979 width=121)
	              Recheck Cond: ((id >= 3144281) AND (id <= 3145280))
	              ->  Bitmap Index Scan on sbtest3_pkey  (cost=0.00..22.22 rows=979 width=0)
	                    Index Cond: ((id >= 3144281) AND (id <= 3145280))

table 4 : explain SELECT DISTINCT c FROM sbtest4 WHERE id BETWEEN 9180497 AND 9181496 ORDER BY c
	Unique  (cost=3523.75..3528.24 rows=899 width=121)
	  ->  Sort  (cost=3523.75..3526.00 rows=899 width=121)
	        Sort Key: c
	        ->  Bitmap Heap Scan on sbtest4  (cost=21.65..3479.64 rows=899 width=121)
	              Recheck Cond: ((id >= 9180497) AND (id <= 9181496))
	              ->  Bitmap Index Scan on sbtest4_pkey  (cost=0.00..21.43 rows=899 width=0)
	                    Index Cond: ((id >= 9180497) AND (id <= 9181496))

table 5 : explain SELECT DISTINCT c FROM sbtest5 WHERE id BETWEEN 292591 AND 293590 ORDER BY c
	Unique  (cost=3455.50..3459.91 rows=881 width=121)
	  ->  Sort  (cost=3455.50..3457.70 rows=881 width=121)
	        Sort Key: c
	        ->  Bitmap Heap Scan on sbtest5  (cost=21.47..3412.41 rows=881 width=121)
	              Recheck Cond: ((id >= 292591) AND (id <= 293590))
	              ->  Bitmap Index Scan on sbtest5_pkey  (cost=0.00..21.25 rows=881 width=0)
	                    Index Cond: ((id >= 292591) AND (id <= 293590))

table 6 : explain SELECT DISTINCT c FROM sbtest6 WHERE id BETWEEN 3404575 AND 3405574 ORDER BY c
	Unique  (cost=4699.73..4705.77 rows=1207 width=121)
	  ->  Sort  (cost=4699.73..4702.75 rows=1207 width=121)
	        Sort Key: c
	        ->  Bitmap Heap Scan on sbtest6  (cost=28.81..4637.95 rows=1207 width=121)
	              Recheck Cond: ((id >= 3404575) AND (id <= 3405574))
	              ->  Bitmap Index Scan on sbtest6_pkey  (cost=0.00..28.50 rows=1207 width=0)
	                    Index Cond: ((id >= 3404575) AND (id <= 3405574))

table 7 : explain SELECT DISTINCT c FROM sbtest7 WHERE id BETWEEN 2961848 AND 2962847 ORDER BY c
	Unique  (cost=4017.63..4022.77 rows=1028 width=121)
	  ->  Sort  (cost=4017.63..4020.20 rows=1028 width=121)
	        Sort Key: c
	        ->  Bitmap Heap Scan on sbtest7  (cost=22.97..3966.20 rows=1028 width=121)
	              Recheck Cond: ((id >= 2961848) AND (id <= 2962847))
	              ->  Bitmap Index Scan on sbtest7_pkey  (cost=0.00..22.71 rows=1028 width=0)
	                    Index Cond: ((id >= 2961848) AND (id <= 2962847))

table 8 : explain SELECT DISTINCT c FROM sbtest8 WHERE id BETWEEN 8954087 AND 8955086 ORDER BY c
	Unique  (cost=3416.70..3421.06 rows=871 width=121)
	  ->  Sort  (cost=3416.70..3418.88 rows=871 width=121)
	        Sort Key: c
	        ->  Bitmap Heap Scan on sbtest8  (cost=21.36..3374.17 rows=871 width=121)
	              Recheck Cond: ((id >= 8954087) AND (id <= 8955086))
	              ->  Bitmap Index Scan on sbtest8_pkey  (cost=0.00..21.14 rows=871 width=0)
	                    Index Cond: ((id >= 8954087) AND (id <= 8955086))

for: simple_ranges
table 1 : explain SELECT c FROM sbtest1 WHERE id BETWEEN 1308139 AND 1309138
	Bitmap Heap Scan on sbtest1  (cost=22.66..3853.14 rows=998 width=121)
	  Recheck Cond: ((id >= 1308139) AND (id <= 1309138))
	  ->  Bitmap Index Scan on sbtest1_pkey  (cost=0.00..22.41 rows=998 width=0)
	        Index Cond: ((id >= 1308139) AND (id <= 1309138))

table 2 : explain SELECT c FROM sbtest2 WHERE id BETWEEN 3133454 AND 3134453
	Bitmap Heap Scan on sbtest2  (cost=22.78..3895.50 rows=1009 width=121)
	  Recheck Cond: ((id >= 3133454) AND (id <= 3134453))
	  ->  Bitmap Index Scan on sbtest2_pkey  (cost=0.00..22.52 rows=1009 width=0)
	        Index Cond: ((id >= 3133454) AND (id <= 3134453))

table 3 : explain SELECT c FROM sbtest3 WHERE id BETWEEN 5813143 AND 5814142
	Bitmap Heap Scan on sbtest3  (cost=22.58..3822.19 rows=990 width=121)
	  Recheck Cond: ((id >= 5813143) AND (id <= 5814142))
	  ->  Bitmap Index Scan on sbtest3_pkey  (cost=0.00..22.33 rows=990 width=0)
	        Index Cond: ((id >= 5813143) AND (id <= 5814142))

table 4 : explain SELECT c FROM sbtest4 WHERE id BETWEEN 4709562 AND 4710561
	Bitmap Heap Scan on sbtest4  (cost=21.54..3438.07 rows=888 width=121)
	  Recheck Cond: ((id >= 4709562) AND (id <= 4710561))
	  ->  Bitmap Index Scan on sbtest4_pkey  (cost=0.00..21.32 rows=888 width=0)
	        Index Cond: ((id >= 4709562) AND (id <= 4710561))

table 5 : explain SELECT c FROM sbtest5 WHERE id BETWEEN 4586236 AND 4587235
	Bitmap Heap Scan on sbtest5  (cost=27.06..4004.88 rows=1037 width=121)
	  Recheck Cond: ((id >= 4586236) AND (id <= 4587235))
	  ->  Bitmap Index Scan on sbtest5_pkey  (cost=0.00..26.80 rows=1037 width=0)
	        Index Cond: ((id >= 4586236) AND (id <= 4587235))

table 6 : explain SELECT c FROM sbtest6 WHERE id BETWEEN 749817 AND 750816
	Bitmap Heap Scan on sbtest6  (cost=23.06..4000.09 rows=1037 width=121)
	  Recheck Cond: ((id >= 749817) AND (id <= 750816))
	  ->  Bitmap Index Scan on sbtest6_pkey  (cost=0.00..22.80 rows=1037 width=0)
	        Index Cond: ((id >= 749817) AND (id <= 750816))

table 7 : explain SELECT c FROM sbtest7 WHERE id BETWEEN 8387164 AND 8388163
	Bitmap Heap Scan on sbtest7  (cost=22.27..3710.08 rows=960 width=121)
	  Recheck Cond: ((id >= 8387164) AND (id <= 8388163))
	  ->  Bitmap Index Scan on sbtest7_pkey  (cost=0.00..22.04 rows=960 width=0)
	        Index Cond: ((id >= 8387164) AND (id <= 8388163))

table 8 : explain SELECT c FROM sbtest8 WHERE id BETWEEN 3635659 AND 3636658
	Bitmap Heap Scan on sbtest8  (cost=23.03..3989.08 rows=1034 width=121)
	  Recheck Cond: ((id >= 3635659) AND (id <= 3636658))
	  ->  Bitmap Index Scan on sbtest8_pkey  (cost=0.00..22.77 rows=1034 width=0)
	        Index Cond: ((id >= 3635659) AND (id <= 3636658))

for: sum_ranges
table 1 : explain SELECT SUM(k) FROM sbtest1 WHERE id BETWEEN 6447728 AND 6448727
	Aggregate  (cost=4509.67..4509.68 rows=1 width=8)
	  ->  Bitmap Heap Scan on sbtest1  (cost=28.45..4506.74 rows=1172 width=4)
	        Recheck Cond: ((id >= 6447728) AND (id <= 6448727))
	        ->  Bitmap Index Scan on sbtest1_pkey  (cost=0.00..28.15 rows=1172 width=0)
	              Index Cond: ((id >= 6447728) AND (id <= 6448727))

table 2 : explain SELECT SUM(k) FROM sbtest2 WHERE id BETWEEN 9531672 AND 9532671
	Aggregate  (cost=3841.48..3841.49 rows=1 width=8)
	  ->  Bitmap Heap Scan on sbtest2  (cost=22.62..3839.00 rows=994 width=4)
	        Recheck Cond: ((id >= 9531672) AND (id <= 9532671))
	        ->  Bitmap Index Scan on sbtest2_pkey  (cost=0.00..22.37 rows=994 width=0)
	              Index Cond: ((id >= 9531672) AND (id <= 9532671))

table 3 : explain SELECT SUM(k) FROM sbtest3 WHERE id BETWEEN 8992627 AND 8993626
	Aggregate  (cost=3666.29..3666.30 rows=1 width=8)
	  ->  Bitmap Heap Scan on sbtest3  (cost=22.15..3663.92 rows=948 width=4)
	        Recheck Cond: ((id >= 8992627) AND (id <= 8993626))
	        ->  Bitmap Index Scan on sbtest3_pkey  (cost=0.00..21.91 rows=948 width=0)
	              Index Cond: ((id >= 8992627) AND (id <= 8993626))

table 4 : explain SELECT SUM(k) FROM sbtest4 WHERE id BETWEEN 7984530 AND 7985529
	Aggregate  (cost=4017.50..4017.51 rows=1 width=8)
	  ->  Bitmap Heap Scan on sbtest4  (cost=23.11..4014.90 rows=1041 width=4)
	        Recheck Cond: ((id >= 7984530) AND (id <= 7985529))
	        ->  Bitmap Index Scan on sbtest4_pkey  (cost=0.00..22.84 rows=1041 width=0)
	              Index Cond: ((id >= 7984530) AND (id <= 7985529))

table 5 : explain SELECT SUM(k) FROM sbtest5 WHERE id BETWEEN 256706 AND 257705
	Aggregate  (cost=3414.61..3414.62 rows=1 width=8)
	  ->  Bitmap Heap Scan on sbtest5  (cost=21.47..3412.41 rows=881 width=4)
	        Recheck Cond: ((id >= 256706) AND (id <= 257705))
	        ->  Bitmap Index Scan on sbtest5_pkey  (cost=0.00..21.25 rows=881 width=0)
	              Index Cond: ((id >= 256706) AND (id <= 257705))

table 6 : explain SELECT SUM(k) FROM sbtest6 WHERE id BETWEEN 2671157 AND 2672156
	Aggregate  (cost=4528.63..4528.64 rows=1 width=8)
	  ->  Bitmap Heap Scan on sbtest6  (cost=28.50..4525.69 rows=1177 width=4)
	        Recheck Cond: ((id >= 2671157) AND (id <= 2672156))
	        ->  Bitmap Index Scan on sbtest6_pkey  (cost=0.00..28.20 rows=1177 width=0)
	              Index Cond: ((id >= 2671157) AND (id <= 2672156))

table 7 : explain SELECT SUM(k) FROM sbtest7 WHERE id BETWEEN 8919640 AND 8920639
	Aggregate  (cost=4389.89..4389.90 rows=1 width=8)
	  ->  Bitmap Heap Scan on sbtest7  (cost=28.12..4387.04 rows=1140 width=4)
	        Recheck Cond: ((id >= 8919640) AND (id <= 8920639))
	        ->  Bitmap Index Scan on sbtest7_pkey  (cost=0.00..27.83 rows=1140 width=0)
	              Index Cond: ((id >= 8919640) AND (id <= 8920639))

table 8 : explain SELECT SUM(k) FROM sbtest8 WHERE id BETWEEN 3509240 AND 3510239
	Aggregate  (cost=3980.37..3980.38 rows=1 width=8)
	  ->  Bitmap Heap Scan on sbtest8  (cost=23.00..3977.79 rows=1031 width=4)
	        Recheck Cond: ((id >= 3509240) AND (id <= 3510239))
	        ->  Bitmap Index Scan on sbtest8_pkey  (cost=0.00..22.75 rows=1031 width=0)
	              Index Cond: ((id >= 3509240) AND (id <= 3510239))

for: simple_ranges
table 1 : explain SELECT c FROM sbtest1 WHERE id BETWEEN 7947577 AND 7948576
	Bitmap Heap Scan on sbtest1  (cost=22.84..3917.14 rows=1015 width=121)
	  Recheck Cond: ((id >= 7947577) AND (id <= 7948576))
	  ->  Bitmap Index Scan on sbtest1_pkey  (cost=0.00..22.58 rows=1015 width=0)
	        Index Cond: ((id >= 7947577) AND (id <= 7948576))

table 2 : explain SELECT c FROM sbtest2 WHERE id BETWEEN 2664131 AND 2665130
	Bitmap Heap Scan on sbtest2  (cost=22.77..3891.73 rows=1008 width=121)
	  Recheck Cond: ((id >= 2664131) AND (id <= 2665130))
	  ->  Bitmap Index Scan on sbtest2_pkey  (cost=0.00..22.51 rows=1008 width=0)
	        Index Cond: ((id >= 2664131) AND (id <= 2665130))

table 3 : explain SELECT c FROM sbtest3 WHERE id BETWEEN 2241968 AND 2242967
	Bitmap Heap Scan on sbtest3  (cost=22.39..3750.62 rows=971 width=121)
	  Recheck Cond: ((id >= 2241968) AND (id <= 2242967))
	  ->  Bitmap Index Scan on sbtest3_pkey  (cost=0.00..22.14 rows=971 width=0)
	        Index Cond: ((id >= 2241968) AND (id <= 2242967))

table 4 : explain SELECT c FROM sbtest4 WHERE id BETWEEN 5644354 AND 5645353
	Bitmap Heap Scan on sbtest4  (cost=22.59..3826.73 rows=991 width=121)
	  Recheck Cond: ((id >= 5644354) AND (id <= 5645353))
	  ->  Bitmap Index Scan on sbtest4_pkey  (cost=0.00..22.34 rows=991 width=0)
	        Index Cond: ((id >= 5644354) AND (id <= 5645353))

table 5 : explain SELECT c FROM sbtest5 WHERE id BETWEEN 4999883 AND 5000882
	Bitmap Heap Scan on sbtest5  (cost=21.23..3325.37 rows=858 width=121)
	  Recheck Cond: ((id >= 4999883) AND (id <= 5000882))
	  ->  Bitmap Index Scan on sbtest5_pkey  (cost=0.00..21.01 rows=858 width=0)
	        Index Cond: ((id >= 4999883) AND (id <= 5000882))

table 6 : explain SELECT c FROM sbtest6 WHERE id BETWEEN 2268984 AND 2269983
	Bitmap Heap Scan on sbtest6  (cost=22.76..3887.21 rows=1007 width=121)
	  Recheck Cond: ((id >= 2268984) AND (id <= 2269983))
	  ->  Bitmap Index Scan on sbtest6_pkey  (cost=0.00..22.50 rows=1007 width=0)
	        Index Cond: ((id >= 2268984) AND (id <= 2269983))

table 7 : explain SELECT c FROM sbtest7 WHERE id BETWEEN 3011181 AND 3012180
	Bitmap Heap Scan on sbtest7  (cost=23.05..3996.29 rows=1036 width=121)
	  Recheck Cond: ((id >= 3011181) AND (id <= 3012180))
	  ->  Bitmap Index Scan on sbtest7_pkey  (cost=0.00..22.79 rows=1036 width=0)
	        Index Cond: ((id >= 3011181) AND (id <= 3012180))

table 8 : explain SELECT c FROM sbtest8 WHERE id BETWEEN 4032212 AND 4033211
	Bitmap Heap Scan on sbtest8  (cost=27.55..4181.01 rows=1084 width=121)
	  Recheck Cond: ((id >= 4032212) AND (id <= 4033211))
	  ->  Bitmap Index Scan on sbtest8_pkey  (cost=0.00..27.27 rows=1084 width=0)
	        Index Cond: ((id >= 4032212) AND (id <= 4033211))

explain: for point_selects :: explain SELECT c FROM sbtest%u WHERE id=%u
for: order_ranges
table 1 : explain SELECT c FROM sbtest1 WHERE id BETWEEN 4733245 AND 4734244 ORDER BY c
	Sort  (cost=3876.09..3878.57 rows=991 width=121)
	  Sort Key: c
	  ->  Bitmap Heap Scan on sbtest1  (cost=22.59..3826.78 rows=991 width=121)
	        Recheck Cond: ((id >= 4733245) AND (id <= 4734244))
	        ->  Bitmap Index Scan on sbtest1_pkey  (cost=0.00..22.34 rows=991 width=0)
	              Index Cond: ((id >= 4733245) AND (id <= 4734244))

table 2 : explain SELECT c FROM sbtest2 WHERE id BETWEEN 3307379 AND 3308378 ORDER BY c
	Sort  (cost=4075.75..4078.35 rows=1043 width=121)
	  Sort Key: c
	  ->  Bitmap Heap Scan on sbtest2  (cost=23.13..4023.46 rows=1043 width=121)
	        Recheck Cond: ((id >= 3307379) AND (id <= 3308378))
	        ->  Bitmap Index Scan on sbtest2_pkey  (cost=0.00..22.86 rows=1043 width=0)
	              Index Cond: ((id >= 3307379) AND (id <= 3308378))

table 3 : explain SELECT c FROM sbtest3 WHERE id BETWEEN 1286713 AND 1287712 ORDER BY c
	Sort  (cost=4123.46..4126.10 rows=1056 width=121)
	  Sort Key: c
	  ->  Bitmap Heap Scan on sbtest3  (cost=23.26..4070.43 rows=1056 width=121)
	        Recheck Cond: ((id >= 1286713) AND (id <= 1287712))
	        ->  Bitmap Index Scan on sbtest3_pkey  (cost=0.00..23.00 rows=1056 width=0)
	              Index Cond: ((id >= 1286713) AND (id <= 1287712))

table 4 : explain SELECT c FROM sbtest4 WHERE id BETWEEN 8941504 AND 8942503 ORDER BY c
	Sort  (cost=3573.60..3575.88 rows=912 width=121)
	  Sort Key: c
	  ->  Bitmap Heap Scan on sbtest4  (cost=21.78..3528.76 rows=912 width=121)
	        Recheck Cond: ((id >= 8941504) AND (id <= 8942503))
	        ->  Bitmap Index Scan on sbtest4_pkey  (cost=0.00..21.55 rows=912 width=0)
	              Index Cond: ((id >= 8941504) AND (id <= 8942503))

table 5 : explain SELECT c FROM sbtest5 WHERE id BETWEEN 1691337 AND 1692336 ORDER BY c
	Sort  (cost=4098.83..4101.45 rows=1048 width=121)
	  Sort Key: c
	  ->  Bitmap Heap Scan on sbtest5  (cost=27.18..4046.26 rows=1048 width=121)
	        Recheck Cond: ((id >= 1691337) AND (id <= 1692336))
	        ->  Bitmap Index Scan on sbtest5_pkey  (cost=0.00..26.91 rows=1048 width=0)
	              Index Cond: ((id >= 1691337) AND (id <= 1692336))

table 6 : explain SELECT c FROM sbtest6 WHERE id BETWEEN 1631746 AND 1632745 ORDER BY c
	Sort  (cost=3834.20..3836.65 rows=980 width=121)
	  Sort Key: c
	  ->  Bitmap Heap Scan on sbtest6  (cost=22.48..3785.51 rows=980 width=121)
	        Recheck Cond: ((id >= 1631746) AND (id <= 1632745))
	        ->  Bitmap Index Scan on sbtest6_pkey  (cost=0.00..22.23 rows=980 width=0)
	              Index Cond: ((id >= 1631746) AND (id <= 1632745))

table 7 : explain SELECT c FROM sbtest7 WHERE id BETWEEN 8930604 AND 8931603 ORDER BY c
	Sort  (cost=4444.92..4447.77 rows=1140 width=121)
	  Sort Key: c
	  ->  Bitmap Heap Scan on sbtest7  (cost=28.12..4387.04 rows=1140 width=121)
	        Recheck Cond: ((id >= 8930604) AND (id <= 8931603))
	        ->  Bitmap Index Scan on sbtest7_pkey  (cost=0.00..27.83 rows=1140 width=0)
	              Index Cond: ((id >= 8930604) AND (id <= 8931603))

table 8 : explain SELECT c FROM sbtest8 WHERE id BETWEEN 3229092 AND 3230091 ORDER BY c
	Sort  (cost=3865.05..3867.52 rows=988 width=121)
	  Sort Key: c
	  ->  Bitmap Heap Scan on sbtest8  (cost=22.56..3815.90 rows=988 width=121)
	        Recheck Cond: ((id >= 3229092) AND (id <= 3230091))
	        ->  Bitmap Index Scan on sbtest8_pkey  (cost=0.00..22.32 rows=988 width=0)
	              Index Cond: ((id >= 3229092) AND (id <= 3230091))

for point_selects
table 1 : explain SELECT c FROM sbtest1 WHERE id=3824939
	Index Scan using sbtest1_pkey on sbtest1  (cost=0.43..8.45 rows=1 width=121)
	  Index Cond: (id = 3824939)

table 2 : explain SELECT c FROM sbtest2 WHERE id=9235692
	Index Scan using sbtest2_pkey on sbtest2  (cost=0.43..8.45 rows=1 width=121)
	  Index Cond: (id = 9235692)

table 3 : explain SELECT c FROM sbtest3 WHERE id=2779879
	Index Scan using sbtest3_pkey on sbtest3  (cost=0.43..8.45 rows=1 width=121)
	  Index Cond: (id = 2779879)

table 4 : explain SELECT c FROM sbtest4 WHERE id=967428
	Index Scan using sbtest4_pkey on sbtest4  (cost=0.43..8.45 rows=1 width=121)
	  Index Cond: (id = 967428)

table 5 : explain SELECT c FROM sbtest5 WHERE id=4337684
	Index Scan using sbtest5_pkey on sbtest5  (cost=0.43..8.45 rows=1 width=121)
	  Index Cond: (id = 4337684)

table 6 : explain SELECT c FROM sbtest6 WHERE id=3350499
	Index Scan using sbtest6_pkey on sbtest6  (cost=0.43..8.45 rows=1 width=121)
	  Index Cond: (id = 3350499)

table 7 : explain SELECT c FROM sbtest7 WHERE id=5134379
	Index Scan using sbtest7_pkey on sbtest7  (cost=0.43..8.45 rows=1 width=121)
	  Index Cond: (id = 5134379)

table 8 : explain SELECT c FROM sbtest8 WHERE id=70027
	Index Scan using sbtest8_pkey on sbtest8  (cost=0.43..8.45 rows=1 width=121)
	  Index Cond: (id = 70027)

explain: for point_selects :: explain SELECT c FROM sbtest%u WHERE id=%u
for: order_ranges
table 1 : explain SELECT c FROM sbtest1 WHERE id BETWEEN 489819 AND 490818 ORDER BY c
	Sort  (cost=4090.02..4092.64 rows=1047 width=121)
	  Sort Key: c
	  ->  Bitmap Heap Scan on sbtest1  (cost=23.17..4037.51 rows=1047 width=121)
	        Recheck Cond: ((id >= 489819) AND (id <= 490818))
	        ->  Bitmap Index Scan on sbtest1_pkey  (cost=0.00..22.90 rows=1047 width=0)
	              Index Cond: ((id >= 489819) AND (id <= 490818))

table 2 : explain SELECT c FROM sbtest2 WHERE id BETWEEN 1917743 AND 1918742 ORDER BY c
	Sort  (cost=3964.95..3967.49 rows=1014 width=121)
	  Sort Key: c
	  ->  Bitmap Heap Scan on sbtest2  (cost=22.83..3914.32 rows=1014 width=121)
	        Recheck Cond: ((id >= 1917743) AND (id <= 1918742))
	        ->  Bitmap Index Scan on sbtest2_pkey  (cost=0.00..22.57 rows=1014 width=0)
	              Index Cond: ((id >= 1917743) AND (id <= 1918742))

table 3 : explain SELECT c FROM sbtest3 WHERE id BETWEEN 8571637 AND 8572636 ORDER BY c
	Sort  (cost=3645.70..3648.03 rows=931 width=121)
	  Sort Key: c
	  ->  Bitmap Heap Scan on sbtest3  (cost=21.98..3599.79 rows=931 width=121)
	        Recheck Cond: ((id >= 8571637) AND (id <= 8572636))
	        ->  Bitmap Index Scan on sbtest3_pkey  (cost=0.00..21.75 rows=931 width=0)
	              Index Cond: ((id >= 8571637) AND (id <= 8572636))

table 4 : explain SELECT c FROM sbtest4 WHERE id BETWEEN 6500366 AND 6501365 ORDER BY c
	Sort  (cost=4307.61..4310.37 rows=1104 width=121)
	  Sort Key: c
	  ->  Bitmap Heap Scan on sbtest4  (cost=27.75..4251.81 rows=1104 width=121)
	        Recheck Cond: ((id >= 6500366) AND (id <= 6501365))
	        ->  Bitmap Index Scan on sbtest4_pkey  (cost=0.00..27.47 rows=1104 width=0)
	              Index Cond: ((id >= 6500366) AND (id <= 6501365))

table 5 : explain SELECT c FROM sbtest5 WHERE id BETWEEN 9027438 AND 9028437 ORDER BY c
	Sort  (cost=3513.07..3515.31 rows=896 width=121)
	  Sort Key: c
	  ->  Bitmap Heap Scan on sbtest5  (cost=21.62..3469.13 rows=896 width=121)
	        Recheck Cond: ((id >= 9027438) AND (id <= 9028437))
	        ->  Bitmap Index Scan on sbtest5_pkey  (cost=0.00..21.39 rows=896 width=0)
	              Index Cond: ((id >= 9027438) AND (id <= 9028437))

table 6 : explain SELECT c FROM sbtest6 WHERE id BETWEEN 7177750 AND 7178749 ORDER BY c
	Sort  (cost=4002.39..4004.95 rows=1024 width=121)
	  Sort Key: c
	  ->  Bitmap Heap Scan on sbtest6  (cost=22.93..3951.19 rows=1024 width=121)
	        Recheck Cond: ((id >= 7177750) AND (id <= 7178749))
	        ->  Bitmap Index Scan on sbtest6_pkey  (cost=0.00..22.68 rows=1024 width=0)
	              Index Cond: ((id >= 7177750) AND (id <= 7178749))

table 7 : explain SELECT c FROM sbtest7 WHERE id BETWEEN 2738895 AND 2739894 ORDER BY c
	Sort  (cost=4052.00..4054.59 rows=1037 width=121)
	  Sort Key: c
	  ->  Bitmap Heap Scan on sbtest7  (cost=23.06..4000.05 rows=1037 width=121)
	        Recheck Cond: ((id >= 2738895) AND (id <= 2739894))
	        ->  Bitmap Index Scan on sbtest7_pkey  (cost=0.00..22.80 rows=1037 width=0)
	              Index Cond: ((id >= 2738895) AND (id <= 2739894))

table 8 : explain SELECT c FROM sbtest8 WHERE id BETWEEN 1473905 AND 1474904 ORDER BY c
	Sort  (cost=3838.27..3840.72 rows=981 width=121)
	  Sort Key: c
	  ->  Bitmap Heap Scan on sbtest8  (cost=22.49..3789.52 rows=981 width=121)
	        Recheck Cond: ((id >= 1473905) AND (id <= 1474904))
	        ->  Bitmap Index Scan on sbtest8_pkey  (cost=0.00..22.25 rows=981 width=0)
	              Index Cond: ((id >= 1473905) AND (id <= 1474904))

for: sum_ranges
table 1 : explain SELECT SUM(k) FROM sbtest1 WHERE id BETWEEN 6198683 AND 6199682
	Aggregate  (cost=3810.41..3810.42 rows=1 width=8)
	  ->  Bitmap Heap Scan on sbtest1  (cost=22.54..3807.94 rows=986 width=4)
	        Recheck Cond: ((id >= 6198683) AND (id <= 6199682))
	        ->  Bitmap Index Scan on sbtest1_pkey  (cost=0.00..22.29 rows=986 width=0)
	              Index Cond: ((id >= 6198683) AND (id <= 6199682))

table 2 : explain SELECT SUM(k) FROM sbtest2 WHERE id BETWEEN 1899620 AND 1900619
	Aggregate  (cost=4052.41..4052.42 rows=1 width=8)
	  ->  Bitmap Heap Scan on sbtest2  (cost=23.20..4049.78 rows=1050 width=4)
	        Recheck Cond: ((id >= 1899620) AND (id <= 1900619))
	        ->  Bitmap Index Scan on sbtest2_pkey  (cost=0.00..22.93 rows=1050 width=0)
	              Index Cond: ((id >= 1899620) AND (id <= 1900619))

table 3 : explain SELECT SUM(k) FROM sbtest3 WHERE id BETWEEN 6968339 AND 6969338
	Aggregate  (cost=3628.54..3628.55 rows=1 width=8)
	  ->  Bitmap Heap Scan on sbtest3  (cost=22.05..3626.20 rows=938 width=4)
	        Recheck Cond: ((id >= 6968339) AND (id <= 6969338))
	        ->  Bitmap Index Scan on sbtest3_pkey  (cost=0.00..21.82 rows=938 width=0)
	              Index Cond: ((id >= 6968339) AND (id <= 6969338))

table 4 : explain SELECT SUM(k) FROM sbtest4 WHERE id BETWEEN 5887303 AND 5888302
	Aggregate  (cost=3273.71..3273.72 rows=1 width=8)
	  ->  Bitmap Heap Scan on sbtest4  (cost=21.09..3271.60 rows=844 width=4)
	        Recheck Cond: ((id >= 5887303) AND (id <= 5888302))
	        ->  Bitmap Index Scan on sbtest4_pkey  (cost=0.00..20.87 rows=844 width=0)
	              Index Cond: ((id >= 5887303) AND (id <= 5888302))

table 5 : explain SELECT SUM(k) FROM sbtest5 WHERE id BETWEEN 3236349 AND 3237348
	Aggregate  (cost=4360.83..4360.84 rows=1 width=8)
	  ->  Bitmap Heap Scan on sbtest5  (cost=28.04..4358.00 rows=1132 width=4)
	        Recheck Cond: ((id >= 3236349) AND (id <= 3237348))
	        ->  Bitmap Index Scan on sbtest5_pkey  (cost=0.00..27.75 rows=1132 width=0)
	              Index Cond: ((id >= 3236349) AND (id <= 3237348))

table 6 : explain SELECT SUM(k) FROM sbtest6 WHERE id BETWEEN 474935 AND 475934
	Aggregate  (cost=3516.11..3516.12 rows=1 width=8)
	  ->  Bitmap Heap Scan on sbtest6  (cost=21.74..3513.84 rows=908 width=4)
	        Recheck Cond: ((id >= 474935) AND (id <= 475934))
	        ->  Bitmap Index Scan on sbtest6_pkey  (cost=0.00..21.51 rows=908 width=0)
	              Index Cond: ((id >= 474935) AND (id <= 475934))

table 7 : explain SELECT SUM(k) FROM sbtest7 WHERE id BETWEEN 2630551 AND 2631550
	Aggregate  (cost=3746.43..3746.44 rows=1 width=8)
	  ->  Bitmap Heap Scan on sbtest7  (cost=22.37..3744.01 rows=969 width=4)
	        Recheck Cond: ((id >= 2630551) AND (id <= 2631550))
	        ->  Bitmap Index Scan on sbtest7_pkey  (cost=0.00..22.12 rows=969 width=0)
	              Index Cond: ((id >= 2630551) AND (id <= 2631550))

table 8 : explain SELECT SUM(k) FROM sbtest8 WHERE id BETWEEN 7781234 AND 7782233
	Aggregate  (cost=3731.62..3731.63 rows=1 width=8)
	  ->  Bitmap Heap Scan on sbtest8  (cost=22.33..3729.21 rows=965 width=4)
	        Recheck Cond: ((id >= 7781234) AND (id <= 7782233))
	        ->  Bitmap Index Scan on sbtest8_pkey  (cost=0.00..22.08 rows=965 width=0)
	              Index Cond: ((id >= 7781234) AND (id <= 7782233))

for: order_ranges
table 1 : explain SELECT c FROM sbtest1 WHERE id BETWEEN 7973280 AND 7974279 ORDER BY c
	Sort  (cost=3967.82..3970.36 rows=1015 width=121)
	  Sort Key: c
	  ->  Bitmap Heap Scan on sbtest1  (cost=22.84..3917.14 rows=1015 width=121)
	        Recheck Cond: ((id >= 7973280) AND (id <= 7974279))
	        ->  Bitmap Index Scan on sbtest1_pkey  (cost=0.00..22.58 rows=1015 width=0)
	              Index Cond: ((id >= 7973280) AND (id <= 7974279))

table 2 : explain SELECT c FROM sbtest2 WHERE id BETWEEN 3699514 AND 3700513 ORDER BY c
	Sort  (cost=4163.73..4166.39 rows=1065 width=121)
	  Sort Key: c
	  ->  Bitmap Heap Scan on sbtest2  (cost=27.35..4110.18 rows=1065 width=121)
	        Recheck Cond: ((id >= 3699514) AND (id <= 3700513))
	        ->  Bitmap Index Scan on sbtest2_pkey  (cost=0.00..27.08 rows=1065 width=0)
	              Index Cond: ((id >= 3699514) AND (id <= 3700513))

table 3 : explain SELECT c FROM sbtest3 WHERE id BETWEEN 7447089 AND 7448088 ORDER BY c
	Sort  (cost=3944.05..3946.57 rows=1009 width=121)
	  Sort Key: c
	  ->  Bitmap Heap Scan on sbtest3  (cost=22.78..3893.71 rows=1009 width=121)
	        Recheck Cond: ((id >= 7447089) AND (id <= 7448088))
	        ->  Bitmap Index Scan on sbtest3_pkey  (cost=0.00..22.52 rows=1009 width=0)
	              Index Cond: ((id >= 7447089) AND (id <= 7448088))

table 4 : explain SELECT c FROM sbtest4 WHERE id BETWEEN 546762 AND 547761 ORDER BY c
	Sort  (cost=3891.34..3893.83 rows=995 width=121)
	  Sort Key: c
	  ->  Bitmap Heap Scan on sbtest4  (cost=22.63..3841.80 rows=995 width=121)
	        Recheck Cond: ((id >= 546762) AND (id <= 547761))
	        ->  Bitmap Index Scan on sbtest4_pkey  (cost=0.00..22.39 rows=995 width=0)
	              Index Cond: ((id >= 546762) AND (id <= 547761))

table 5 : explain SELECT c FROM sbtest5 WHERE id BETWEEN 1779668 AND 1780667 ORDER BY c
	Sort  (cost=3877.01..3879.48 rows=991 width=121)
	  Sort Key: c
	  ->  Bitmap Heap Scan on sbtest5  (cost=22.59..3827.69 rows=991 width=121)
	        Recheck Cond: ((id >= 1779668) AND (id <= 1780667))
	        ->  Bitmap Index Scan on sbtest5_pkey  (cost=0.00..22.34 rows=991 width=0)
	              Index Cond: ((id >= 1779668) AND (id <= 1780667))

table 6 : explain SELECT c FROM sbtest6 WHERE id BETWEEN 9595255 AND 9596254 ORDER BY c
	Sort  (cost=4090.22..4092.83 rows=1047 width=121)
	  Sort Key: c
	  ->  Bitmap Heap Scan on sbtest6  (cost=23.17..4037.70 rows=1047 width=121)
	        Recheck Cond: ((id >= 9595255) AND (id <= 9596254))
	        ->  Bitmap Index Scan on sbtest6_pkey  (cost=0.00..22.90 rows=1047 width=0)
	              Index Cond: ((id >= 9595255) AND (id <= 9596254))

table 7 : explain SELECT c FROM sbtest7 WHERE id BETWEEN 838343 AND 839342 ORDER BY c
	Sort  (cost=4086.36..4088.97 rows=1046 width=121)
	  Sort Key: c
	  ->  Bitmap Heap Scan on sbtest7  (cost=23.16..4033.90 rows=1046 width=121)
	        Recheck Cond: ((id >= 838343) AND (id <= 839342))
	        ->  Bitmap Index Scan on sbtest7_pkey  (cost=0.00..22.89 rows=1046 width=0)
	              Index Cond: ((id >= 838343) AND (id <= 839342))

table 8 : explain SELECT c FROM sbtest8 WHERE id BETWEEN 2998657 AND 2999656 ORDER BY c
	Sort  (cost=4311.97..4314.74 rows=1105 width=121)
	  Sort Key: c
	  ->  Bitmap Heap Scan on sbtest8  (cost=27.76..4256.12 rows=1105 width=121)
	        Recheck Cond: ((id >= 2998657) AND (id <= 2999656))
	        ->  Bitmap Index Scan on sbtest8_pkey  (cost=0.00..27.48 rows=1105 width=0)
	              Index Cond: ((id >= 2998657) AND (id <= 2999656))

for: sum_ranges
table 1 : explain SELECT SUM(k) FROM sbtest1 WHERE id BETWEEN 6853505 AND 6854504
	Aggregate  (cost=3994.97..3994.98 rows=1 width=8)
	  ->  Bitmap Heap Scan on sbtest1  (cost=23.04..3992.38 rows=1035 width=4)
	        Recheck Cond: ((id >= 6853505) AND (id <= 6854504))
	        ->  Bitmap Index Scan on sbtest1_pkey  (cost=0.00..22.79 rows=1035 width=0)
	              Index Cond: ((id >= 6853505) AND (id <= 6854504))

table 2 : explain SELECT SUM(k) FROM sbtest2 WHERE id BETWEEN 276400 AND 277399
	Aggregate  (cost=3581.03..3581.04 rows=1 width=8)
	  ->  Bitmap Heap Scan on sbtest2  (cost=21.92..3578.72 rows=925 width=4)
	        Recheck Cond: ((id >= 276400) AND (id <= 277399))
	        ->  Bitmap Index Scan on sbtest2_pkey  (cost=0.00..21.68 rows=925 width=0)
	              Index Cond: ((id >= 276400) AND (id <= 277399))

table 3 : explain SELECT SUM(k) FROM sbtest3 WHERE id BETWEEN 3330008 AND 3331007
	Aggregate  (cost=4197.06..4197.07 rows=1 width=8)
	  ->  Bitmap Heap Scan on sbtest3  (cost=23.60..4194.34 rows=1089 width=4)
	        Recheck Cond: ((id >= 3330008) AND (id <= 3331007))
	        ->  Bitmap Index Scan on sbtest3_pkey  (cost=0.00..23.32 rows=1089 width=0)
	              Index Cond: ((id >= 3330008) AND (id <= 3331007))

table 4 : explain SELECT SUM(k) FROM sbtest4 WHERE id BETWEEN 1351259 AND 1352258
	Aggregate  (cost=3900.80..3900.81 rows=1 width=8)
	  ->  Bitmap Heap Scan on sbtest4  (cost=22.79..3898.27 rows=1010 width=4)
	        Recheck Cond: ((id >= 1351259) AND (id <= 1352258))
	        ->  Bitmap Index Scan on sbtest4_pkey  (cost=0.00..22.54 rows=1010 width=0)
	              Index Cond: ((id >= 1351259) AND (id <= 1352258))

table 5 : explain SELECT SUM(k) FROM sbtest5 WHERE id BETWEEN 7628780 AND 7629779
	Aggregate  (cost=3679.24..3679.25 rows=1 width=8)
	  ->  Bitmap Heap Scan on sbtest5  (cost=22.18..3676.87 rows=951 width=4)
	        Recheck Cond: ((id >= 7628780) AND (id <= 7629779))
	        ->  Bitmap Index Scan on sbtest5_pkey  (cost=0.00..21.94 rows=951 width=0)
	              Index Cond: ((id >= 7628780) AND (id <= 7629779))

table 6 : explain SELECT SUM(k) FROM sbtest6 WHERE id BETWEEN 2327633 AND 2328632
	Aggregate  (cost=3844.51..3844.52 rows=1 width=8)
	  ->  Bitmap Heap Scan on sbtest6  (cost=22.63..3842.02 rows=995 width=4)
	        Recheck Cond: ((id >= 2327633) AND (id <= 2328632))
	        ->  Bitmap Index Scan on sbtest6_pkey  (cost=0.00..22.39 rows=995 width=0)
	              Index Cond: ((id >= 2327633) AND (id <= 2328632))

table 7 : explain SELECT SUM(k) FROM sbtest7 WHERE id BETWEEN 8811429 AND 8812428
	Aggregate  (cost=3867.08..3867.09 rows=1 width=8)
	  ->  Bitmap Heap Scan on sbtest7  (cost=22.70..3864.58 rows=1001 width=4)
	        Recheck Cond: ((id >= 8811429) AND (id <= 8812428))
	        ->  Bitmap Index Scan on sbtest7_pkey  (cost=0.00..22.44 rows=1001 width=0)
	              Index Cond: ((id >= 8811429) AND (id <= 8812428))

table 8 : explain SELECT SUM(k) FROM sbtest8 WHERE id BETWEEN 1364138 AND 1365137
	Aggregate  (cost=3776.89..3776.90 rows=1 width=8)
	  ->  Bitmap Heap Scan on sbtest8  (cost=22.45..3774.45 rows=977 width=4)
	        Recheck Cond: ((id >= 1364138) AND (id <= 1365137))
	        ->  Bitmap Index Scan on sbtest8_pkey  (cost=0.00..22.20 rows=977 width=0)
	              Index Cond: ((id >= 1364138) AND (id <= 1365137))

for: simple_ranges
table 1 : explain SELECT c FROM sbtest1 WHERE id BETWEEN 6845666 AND 6846665
	Bitmap Heap Scan on sbtest1  (cost=23.04..3992.38 rows=1035 width=121)
	  Recheck Cond: ((id >= 6845666) AND (id <= 6846665))
	  ->  Bitmap Index Scan on sbtest1_pkey  (cost=0.00..22.79 rows=1035 width=0)
	        Index Cond: ((id >= 6845666) AND (id <= 6846665))

table 2 : explain SELECT c FROM sbtest2 WHERE id BETWEEN 733579 AND 734578
	Bitmap Heap Scan on sbtest2  (cost=27.44..4144.00 rows=1074 width=121)
	  Recheck Cond: ((id >= 733579) AND (id <= 734578))
	  ->  Bitmap Index Scan on sbtest2_pkey  (cost=0.00..27.18 rows=1074 width=0)
	        Index Cond: ((id >= 733579) AND (id <= 734578))

table 3 : explain SELECT c FROM sbtest3 WHERE id BETWEEN 4258334 AND 4259333
	Bitmap Heap Scan on sbtest3  (cost=22.23..3694.08 rows=956 width=121)
	  Recheck Cond: ((id >= 4258334) AND (id <= 4259333))
	  ->  Bitmap Index Scan on sbtest3_pkey  (cost=0.00..22.00 rows=956 width=0)
	        Index Cond: ((id >= 4258334) AND (id <= 4259333))

table 4 : explain SELECT c FROM sbtest4 WHERE id BETWEEN 675813 AND 676812
	Bitmap Heap Scan on sbtest4  (cost=23.52..4165.20 rows=1081 width=121)
	  Recheck Cond: ((id >= 675813) AND (id <= 676812))
	  ->  Bitmap Index Scan on sbtest4_pkey  (cost=0.00..23.25 rows=1081 width=0)
	        Index Cond: ((id >= 675813) AND (id <= 676812))

table 5 : explain SELECT c FROM sbtest5 WHERE id BETWEEN 5149265 AND 5150264
	Bitmap Heap Scan on sbtest5  (cost=22.18..3676.87 rows=951 width=121)
	  Recheck Cond: ((id >= 5149265) AND (id <= 5150264))
	  ->  Bitmap Index Scan on sbtest5_pkey  (cost=0.00..21.94 rows=951 width=0)
	        Index Cond: ((id >= 5149265) AND (id <= 5150264))

table 6 : explain SELECT c FROM sbtest6 WHERE id BETWEEN 1632185 AND 1633184
	Bitmap Heap Scan on sbtest6  (cost=22.48..3785.51 rows=980 width=121)
	  Recheck Cond: ((id >= 1632185) AND (id <= 1633184))
	  ->  Bitmap Index Scan on sbtest6_pkey  (cost=0.00..22.23 rows=980 width=0)
	        Index Cond: ((id >= 1632185) AND (id <= 1633184))

table 7 : explain SELECT c FROM sbtest7 WHERE id BETWEEN 4961780 AND 4962779
	Bitmap Heap Scan on sbtest7  (cost=21.75..3517.59 rows=909 width=121)
	  Recheck Cond: ((id >= 4961780) AND (id <= 4962779))
	  ->  Bitmap Index Scan on sbtest7_pkey  (cost=0.00..21.52 rows=909 width=0)
	        Index Cond: ((id >= 4961780) AND (id <= 4962779))

table 8 : explain SELECT c FROM sbtest8 WHERE id BETWEEN 4037205 AND 4038204
	Bitmap Heap Scan on sbtest8  (cost=27.55..4181.01 rows=1084 width=121)
	  Recheck Cond: ((id >= 4037205) AND (id <= 4038204))
	  ->  Bitmap Index Scan on sbtest8_pkey  (cost=0.00..27.27 rows=1084 width=0)
	        Index Cond: ((id >= 4037205) AND (id <= 4038204))

for point_selects
table 1 : explain SELECT c FROM sbtest1 WHERE id=6996698
	Index Scan using sbtest1_pkey on sbtest1  (cost=0.43..8.45 rows=1 width=121)
	  Index Cond: (id = 6996698)

table 2 : explain SELECT c FROM sbtest2 WHERE id=6023156
	Index Scan using sbtest2_pkey on sbtest2  (cost=0.43..8.45 rows=1 width=121)
	  Index Cond: (id = 6023156)

table 3 : explain SELECT c FROM sbtest3 WHERE id=182536
	Index Scan using sbtest3_pkey on sbtest3  (cost=0.43..8.45 rows=1 width=121)
	  Index Cond: (id = 182536)

table 4 : explain SELECT c FROM sbtest4 WHERE id=6106024
	Index Scan using sbtest4_pkey on sbtest4  (cost=0.43..8.45 rows=1 width=121)
	  Index Cond: (id = 6106024)

table 5 : explain SELECT c FROM sbtest5 WHERE id=4726342
	Index Scan using sbtest5_pkey on sbtest5  (cost=0.43..8.45 rows=1 width=121)
	  Index Cond: (id = 4726342)

table 6 : explain SELECT c FROM sbtest6 WHERE id=3117818
	Index Scan using sbtest6_pkey on sbtest6  (cost=0.43..8.45 rows=1 width=121)
	  Index Cond: (id = 3117818)

table 7 : explain SELECT c FROM sbtest7 WHERE id=4107588
	Index Scan using sbtest7_pkey on sbtest7  (cost=0.43..8.45 rows=1 width=121)
	  Index Cond: (id = 4107588)

table 8 : explain SELECT c FROM sbtest8 WHERE id=2001411
	Index Scan using sbtest8_pkey on sbtest8  (cost=0.43..8.45 rows=1 width=121)
	  Index Cond: (id = 2001411)

for: order_ranges
table 1 : explain SELECT c FROM sbtest1 WHERE id BETWEEN 1503271 AND 1504270 ORDER BY c
	Sort  (cost=3891.39..3893.87 rows=995 width=121)
	  Sort Key: c
	  ->  Bitmap Heap Scan on sbtest1  (cost=22.63..3841.84 rows=995 width=121)
	        Recheck Cond: ((id >= 1503271) AND (id <= 1504270))
	        ->  Bitmap Index Scan on sbtest1_pkey  (cost=0.00..22.39 rows=995 width=0)
	              Index Cond: ((id >= 1503271) AND (id <= 1504270))

table 2 : explain SELECT c FROM sbtest2 WHERE id BETWEEN 702955 AND 703954 ORDER BY c
	Sort  (cost=3804.31..3806.74 rows=972 width=121)
	  Sort Key: c
	  ->  Bitmap Heap Scan on sbtest2  (cost=22.40..3756.08 rows=972 width=121)
	        Recheck Cond: ((id >= 702955) AND (id <= 703954))
	        ->  Bitmap Index Scan on sbtest2_pkey  (cost=0.00..22.15 rows=972 width=0)
	              Index Cond: ((id >= 702955) AND (id <= 703954))

table 3 : explain SELECT c FROM sbtest3 WHERE id BETWEEN 6182777 AND 6183776 ORDER BY c
	Sort  (cost=3703.13..3705.50 rows=946 width=121)
	  Sort Key: c
	  ->  Bitmap Heap Scan on sbtest3  (cost=22.13..3656.38 rows=946 width=121)
	        Recheck Cond: ((id >= 6182777) AND (id <= 6183776))
	        ->  Bitmap Index Scan on sbtest3_pkey  (cost=0.00..21.89 rows=946 width=0)
	              Index Cond: ((id >= 6182777) AND (id <= 6183776))

table 4 : explain SELECT c FROM sbtest4 WHERE id BETWEEN 7206383 AND 7207382 ORDER BY c
	Sort  (cost=3876.05..3878.52 rows=991 width=121)
	  Sort Key: c
	  ->  Bitmap Heap Scan on sbtest4  (cost=22.59..3826.73 rows=991 width=121)
	        Recheck Cond: ((id >= 7206383) AND (id <= 7207382))
	        ->  Bitmap Index Scan on sbtest4_pkey  (cost=0.00..22.34 rows=991 width=0)
	              Index Cond: ((id >= 7206383) AND (id <= 7207382))

table 5 : explain SELECT c FROM sbtest5 WHERE id BETWEEN 8506576 AND 8507575 ORDER BY c
	Sort  (cost=3915.43..3917.93 rows=1000 width=121)
	  Sort Key: c
	  ->  Bitmap Heap Scan on sbtest5  (cost=26.68..3865.60 rows=1000 width=121)
	        Recheck Cond: ((id >= 8506576) AND (id <= 8507575))
	        ->  Bitmap Index Scan on sbtest5_pkey  (cost=0.00..26.43 rows=1000 width=0)
	              Index Cond: ((id >= 8506576) AND (id <= 8507575))

table 6 : explain SELECT c FROM sbtest6 WHERE id BETWEEN 787136 AND 788135 ORDER BY c
	Sort  (cost=4052.04..4054.63 rows=1037 width=121)
	  Sort Key: c
	  ->  Bitmap Heap Scan on sbtest6  (cost=23.06..4000.09 rows=1037 width=121)
	        Recheck Cond: ((id >= 787136) AND (id <= 788135))
	        ->  Bitmap Index Scan on sbtest6_pkey  (cost=0.00..22.80 rows=1037 width=0)
	              Index Cond: ((id >= 787136) AND (id <= 788135))

table 7 : explain SELECT c FROM sbtest7 WHERE id BETWEEN 2301781 AND 2302780 ORDER BY c
	Sort  (cost=4048.18..4050.77 rows=1036 width=121)
	  Sort Key: c
	  ->  Bitmap Heap Scan on sbtest7  (cost=23.05..3996.29 rows=1036 width=121)
	        Recheck Cond: ((id >= 2301781) AND (id <= 2302780))
	        ->  Bitmap Index Scan on sbtest7_pkey  (cost=0.00..22.79 rows=1036 width=0)
	              Index Cond: ((id >= 2301781) AND (id <= 2302780))

table 8 : explain SELECT c FROM sbtest8 WHERE id BETWEEN 5962178 AND 5963177 ORDER BY c
	Sort  (cost=3983.55..3986.10 rows=1019 width=121)
	  Sort Key: c
	  ->  Bitmap Heap Scan on sbtest8  (cost=22.88..3932.64 rows=1019 width=121)
	        Recheck Cond: ((id >= 5962178) AND (id <= 5963177))
	        ->  Bitmap Index Scan on sbtest8_pkey  (cost=0.00..22.62 rows=1019 width=0)
	              Index Cond: ((id >= 5962178) AND (id <= 5963177))

for: sum_ranges
table 1 : explain SELECT SUM(k) FROM sbtest1 WHERE id BETWEEN 3081964 AND 3082963
	Aggregate  (cost=3912.14..3912.15 rows=1 width=8)
	  ->  Bitmap Heap Scan on sbtest1  (cost=22.82..3909.61 rows=1013 width=4)
	        Recheck Cond: ((id >= 3081964) AND (id <= 3082963))
	        ->  Bitmap Index Scan on sbtest1_pkey  (cost=0.00..22.57 rows=1013 width=0)
	              Index Cond: ((id >= 3081964) AND (id <= 3082963))

table 2 : explain SELECT SUM(k) FROM sbtest2 WHERE id BETWEEN 1049905 AND 1050904
	Aggregate  (cost=3750.96..3750.97 rows=1 width=8)
	  ->  Bitmap Heap Scan on sbtest2  (cost=22.38..3748.54 rows=970 width=4)
	        Recheck Cond: ((id >= 1049905) AND (id <= 1050904))
	        ->  Bitmap Index Scan on sbtest2_pkey  (cost=0.00..22.14 rows=970 width=0)
	              Index Cond: ((id >= 1049905) AND (id <= 1050904))

table 3 : explain SELECT SUM(k) FROM sbtest3 WHERE id BETWEEN 9501522 AND 9502521
	Aggregate  (cost=3519.01..3519.02 rows=1 width=8)
	  ->  Bitmap Heap Scan on sbtest3  (cost=21.75..3516.74 rows=909 width=4)
	        Recheck Cond: ((id >= 9501522) AND (id <= 9502521))
	        ->  Bitmap Index Scan on sbtest3_pkey  (cost=0.00..21.52 rows=909 width=0)
	              Index Cond: ((id >= 9501522) AND (id <= 9502521))

table 4 : explain SELECT SUM(k) FROM sbtest4 WHERE id BETWEEN 9817557 AND 9818556
	Aggregate  (cost=3802.82..3802.83 rows=1 width=8)
	  ->  Bitmap Heap Scan on sbtest4  (cost=22.52..3800.36 rows=984 width=4)
	        Recheck Cond: ((id >= 9817557) AND (id <= 9818556))
	        ->  Bitmap Index Scan on sbtest4_pkey  (cost=0.00..22.27 rows=984 width=0)
	              Index Cond: ((id >= 9817557) AND (id <= 9818556))

table 5 : explain SELECT SUM(k) FROM sbtest5 WHERE id BETWEEN 4100100 AND 4101099
	Aggregate  (cost=3917.09..3917.10 rows=1 width=8)
	  ->  Bitmap Heap Scan on sbtest5  (cost=26.82..3914.56 rows=1013 width=4)
	        Recheck Cond: ((id >= 4100100) AND (id <= 4101099))
	        ->  Bitmap Index Scan on sbtest5_pkey  (cost=0.00..26.57 rows=1013 width=0)
	              Index Cond: ((id >= 4100100) AND (id <= 4101099))

table 6 : explain SELECT SUM(k) FROM sbtest6 WHERE id BETWEEN 9085911 AND 9086910
	Aggregate  (cost=4401.19..4401.20 rows=1 width=8)
	  ->  Bitmap Heap Scan on sbtest6  (cost=28.15..4398.33 rows=1143 width=4)
	        Recheck Cond: ((id >= 9085911) AND (id <= 9086910))
	        ->  Bitmap Index Scan on sbtest6_pkey  (cost=0.00..27.86 rows=1143 width=0)
	              Index Cond: ((id >= 9085911) AND (id <= 9086910))

table 7 : explain SELECT SUM(k) FROM sbtest7 WHERE id BETWEEN 8691490 AND 8692489
	Aggregate  (cost=3949.95..3949.96 rows=1 width=8)
	  ->  Bitmap Heap Scan on sbtest7  (cost=22.92..3947.39 rows=1023 width=4)
	        Recheck Cond: ((id >= 8691490) AND (id <= 8692489))
	        ->  Bitmap Index Scan on sbtest7_pkey  (cost=0.00..22.66 rows=1023 width=0)
	              Index Cond: ((id >= 8691490) AND (id <= 8692489))

table 8 : explain SELECT SUM(k) FROM sbtest8 WHERE id BETWEEN 7977306 AND 7978305
	Aggregate  (cost=3916.35..3916.36 rows=1 width=8)
	  ->  Bitmap Heap Scan on sbtest8  (cost=22.83..3913.82 rows=1014 width=4)
	        Recheck Cond: ((id >= 7977306) AND (id <= 7978305))
	        ->  Bitmap Index Scan on sbtest8_pkey  (cost=0.00..22.57 rows=1014 width=0)
	              Index Cond: ((id >= 7977306) AND (id <= 7978305))

for: sum_ranges
table 1 : explain SELECT SUM(k) FROM sbtest1 WHERE id BETWEEN 5140262 AND 5141261
	Aggregate  (cost=3833.02..3833.03 rows=1 width=8)
	  ->  Bitmap Heap Scan on sbtest1  (cost=22.60..3830.54 rows=992 width=4)
	        Recheck Cond: ((id >= 5140262) AND (id <= 5141261))
	        ->  Bitmap Index Scan on sbtest1_pkey  (cost=0.00..22.36 rows=992 width=0)
	              Index Cond: ((id >= 5140262) AND (id <= 5141261))

table 2 : explain SELECT SUM(k) FROM sbtest2 WHERE id BETWEEN 3700617 AND 3701616
	Aggregate  (cost=4112.84..4112.85 rows=1 width=8)
	  ->  Bitmap Heap Scan on sbtest2  (cost=27.35..4110.18 rows=1065 width=4)
	        Recheck Cond: ((id >= 3700617) AND (id <= 3701616))
	        ->  Bitmap Index Scan on sbtest2_pkey  (cost=0.00..27.08 rows=1065 width=0)
	              Index Cond: ((id >= 3700617) AND (id <= 3701616))

table 3 : explain SELECT SUM(k) FROM sbtest3 WHERE id BETWEEN 163482 AND 164481
	Aggregate  (cost=3930.11..3930.12 rows=1 width=8)
	  ->  Bitmap Heap Scan on sbtest3  (cost=22.87..3927.57 rows=1018 width=4)
	        Recheck Cond: ((id >= 163482) AND (id <= 164481))
	        ->  Bitmap Index Scan on sbtest3_pkey  (cost=0.00..22.61 rows=1018 width=0)
	              Index Cond: ((id >= 163482) AND (id <= 164481))

table 4 : explain SELECT SUM(k) FROM sbtest4 WHERE id BETWEEN 9716074 AND 9717073
	Aggregate  (cost=3848.05..3848.06 rows=1 width=8)
	  ->  Bitmap Heap Scan on sbtest4  (cost=22.64..3845.56 rows=996 width=4)
	        Recheck Cond: ((id >= 9716074) AND (id <= 9717073))
	        ->  Bitmap Index Scan on sbtest4_pkey  (cost=0.00..22.39 rows=996 width=0)
	              Index Cond: ((id >= 9716074) AND (id <= 9717073))

table 5 : explain SELECT SUM(k) FROM sbtest5 WHERE id BETWEEN 4596912 AND 4597911
	Aggregate  (cost=4007.48..4007.49 rows=1 width=8)
	  ->  Bitmap Heap Scan on sbtest5  (cost=27.06..4004.88 rows=1037 width=4)
	        Recheck Cond: ((id >= 4596912) AND (id <= 4597911))
	        ->  Bitmap Index Scan on sbtest5_pkey  (cost=0.00..26.80 rows=1037 width=0)
	              Index Cond: ((id >= 4596912) AND (id <= 4597911))

table 6 : explain SELECT SUM(k) FROM sbtest6 WHERE id BETWEEN 5380010 AND 5381009
	Aggregate  (cost=3855.81..3855.82 rows=1 width=8)
	  ->  Bitmap Heap Scan on sbtest6  (cost=22.66..3853.32 rows=998 width=4)
	        Recheck Cond: ((id >= 5380010) AND (id <= 5381009))
	        ->  Bitmap Index Scan on sbtest6_pkey  (cost=0.00..22.41 rows=998 width=0)
	              Index Cond: ((id >= 5380010) AND (id <= 5381009))

table 7 : explain SELECT SUM(k) FROM sbtest7 WHERE id BETWEEN 635775 AND 636774
	Aggregate  (cost=3791.69..3791.70 rows=1 width=8)
	  ->  Bitmap Heap Scan on sbtest7  (cost=22.49..3789.24 rows=981 width=4)
	        Recheck Cond: ((id >= 635775) AND (id <= 636774))
	        ->  Bitmap Index Scan on sbtest7_pkey  (cost=0.00..22.25 rows=981 width=0)
	              Index Cond: ((id >= 635775) AND (id <= 636774))

table 8 : explain SELECT SUM(k) FROM sbtest8 WHERE id BETWEEN 8544521 AND 8545520
	Aggregate  (cost=3569.25..3569.26 rows=1 width=8)
	  ->  Bitmap Heap Scan on sbtest8  (cost=21.89..3566.95 rows=922 width=4)
	        Recheck Cond: ((id >= 8544521) AND (id <= 8545520))
	        ->  Bitmap Index Scan on sbtest8_pkey  (cost=0.00..21.65 rows=922 width=0)
	              Index Cond: ((id >= 8544521) AND (id <= 8545520))

for: sum_ranges
table 1 : explain SELECT SUM(k) FROM sbtest1 WHERE id BETWEEN 4334400 AND 4335399
	Aggregate  (cost=3689.71..3689.72 rows=1 width=8)
	  ->  Bitmap Heap Scan on sbtest1  (cost=22.21..3687.32 rows=954 width=4)
	        Recheck Cond: ((id >= 4334400) AND (id <= 4335399))
	        ->  Bitmap Index Scan on sbtest1_pkey  (cost=0.00..21.97 rows=954 width=0)
	              Index Cond: ((id >= 4334400) AND (id <= 4335399))

table 2 : explain SELECT SUM(k) FROM sbtest2 WHERE id BETWEEN 7385486 AND 7386485
	Aggregate  (cost=3694.35..3694.36 rows=1 width=8)
	  ->  Bitmap Heap Scan on sbtest2  (cost=22.22..3691.96 rows=955 width=4)
	        Recheck Cond: ((id >= 7385486) AND (id <= 7386485))
	        ->  Bitmap Index Scan on sbtest2_pkey  (cost=0.00..21.98 rows=955 width=0)
	              Index Cond: ((id >= 7385486) AND (id <= 7386485))

table 3 : explain SELECT SUM(k) FROM sbtest3 WHERE id BETWEEN 5239099 AND 5240098
	Aggregate  (cost=4249.90..4249.91 rows=1 width=8)
	  ->  Bitmap Heap Scan on sbtest3  (cost=27.74..4247.14 rows=1103 width=4)
	        Recheck Cond: ((id >= 5239099) AND (id <= 5240098))
	        ->  Bitmap Index Scan on sbtest3_pkey  (cost=0.00..27.46 rows=1103 width=0)
	              Index Cond: ((id >= 5239099) AND (id <= 5240098))

table 4 : explain SELECT SUM(k) FROM sbtest4 WHERE id BETWEEN 4701388 AND 4702387
	Aggregate  (cost=3440.29..3440.30 rows=1 width=8)
	  ->  Bitmap Heap Scan on sbtest4  (cost=21.54..3438.07 rows=888 width=4)
	        Recheck Cond: ((id >= 4701388) AND (id <= 4702387))
	        ->  Bitmap Index Scan on sbtest4_pkey  (cost=0.00..21.32 rows=888 width=0)
	              Index Cond: ((id >= 4701388) AND (id <= 4702387))

table 5 : explain SELECT SUM(k) FROM sbtest5 WHERE id BETWEEN 9559694 AND 9560693
	Aggregate  (cost=3932.16..3932.17 rows=1 width=8)
	  ->  Bitmap Heap Scan on sbtest5  (cost=26.86..3929.62 rows=1017 width=4)
	        Recheck Cond: ((id >= 9559694) AND (id <= 9560693))
	        ->  Bitmap Index Scan on sbtest5_pkey  (cost=0.00..26.61 rows=1017 width=0)
	              Index Cond: ((id >= 9559694) AND (id <= 9560693))

table 6 : explain SELECT SUM(k) FROM sbtest6 WHERE id BETWEEN 1394797 AND 1395796
	Aggregate  (cost=3640.80..3640.81 rows=1 width=8)
	  ->  Bitmap Heap Scan on sbtest6  (cost=22.08..3638.44 rows=941 width=4)
	        Recheck Cond: ((id >= 1394797) AND (id <= 1395796))
	        ->  Bitmap Index Scan on sbtest6_pkey  (cost=0.00..21.84 rows=941 width=0)
	              Index Cond: ((id >= 1394797) AND (id <= 1395796))

table 7 : explain SELECT SUM(k) FROM sbtest7 WHERE id BETWEEN 1408666 AND 1409665
	Aggregate  (cost=3720.03..3720.04 rows=1 width=8)
	  ->  Bitmap Heap Scan on sbtest7  (cost=22.30..3717.62 rows=962 width=4)
	        Recheck Cond: ((id >= 1408666) AND (id <= 1409665))
	        ->  Bitmap Index Scan on sbtest7_pkey  (cost=0.00..22.05 rows=962 width=0)
	              Index Cond: ((id >= 1408666) AND (id <= 1409665))

table 8 : explain SELECT SUM(k) FROM sbtest8 WHERE id BETWEEN 2422390 AND 2423389
	Aggregate  (cost=4476.49..4476.50 rows=1 width=8)
	  ->  Bitmap Heap Scan on sbtest8  (cost=28.36..4473.58 rows=1163 width=4)
	        Recheck Cond: ((id >= 2422390) AND (id <= 2423389))
	        ->  Bitmap Index Scan on sbtest8_pkey  (cost=0.00..28.07 rows=1163 width=0)
	              Index Cond: ((id >= 2422390) AND (id <= 2423389))

for: simple_ranges
table 1 : explain SELECT c FROM sbtest1 WHERE id BETWEEN 907369 AND 908368
	Bitmap Heap Scan on sbtest1  (cost=23.37..4112.67 rows=1067 width=121)
	  Recheck Cond: ((id >= 907369) AND (id <= 908368))
	  ->  Bitmap Index Scan on sbtest1_pkey  (cost=0.00..23.11 rows=1067 width=0)
	        Index Cond: ((id >= 907369) AND (id <= 908368))

table 2 : explain SELECT c FROM sbtest2 WHERE id BETWEEN 9202131 AND 9203130
	Bitmap Heap Scan on sbtest2  (cost=23.23..4061.06 rows=1053 width=121)
	  Recheck Cond: ((id >= 9202131) AND (id <= 9203130))
	  ->  Bitmap Index Scan on sbtest2_pkey  (cost=0.00..22.96 rows=1053 width=0)
	        Index Cond: ((id >= 9202131) AND (id <= 9203130))

table 3 : explain SELECT c FROM sbtest3 WHERE id BETWEEN 6498547 AND 6499546
	Bitmap Heap Scan on sbtest3  (cost=27.82..4277.15 rows=1111 width=121)
	  Recheck Cond: ((id >= 6498547) AND (id <= 6499546))
	  ->  Bitmap Index Scan on sbtest3_pkey  (cost=0.00..27.54 rows=1111 width=0)
	        Index Cond: ((id >= 6498547) AND (id <= 6499546))

table 4 : explain SELECT c FROM sbtest4 WHERE id BETWEEN 620864 AND 621863
	Bitmap Heap Scan on sbtest4  (cost=23.52..4165.20 rows=1081 width=121)
	  Recheck Cond: ((id >= 620864) AND (id <= 621863))
	  ->  Bitmap Index Scan on sbtest4_pkey  (cost=0.00..23.25 rows=1081 width=0)
	        Index Cond: ((id >= 620864) AND (id <= 621863))

table 5 : explain SELECT c FROM sbtest5 WHERE id BETWEEN 2057349 AND 2058348
	Bitmap Heap Scan on sbtest5  (cost=27.19..4050.02 rows=1049 width=121)
	  Recheck Cond: ((id >= 2057349) AND (id <= 2058348))
	  ->  Bitmap Index Scan on sbtest5_pkey  (cost=0.00..26.93 rows=1049 width=0)
	        Index Cond: ((id >= 2057349) AND (id <= 2058348))

table 6 : explain SELECT c FROM sbtest6 WHERE id BETWEEN 5896543 AND 5897542
	Bitmap Heap Scan on sbtest6  (cost=23.16..4033.94 rows=1046 width=121)
	  Recheck Cond: ((id >= 5896543) AND (id <= 5897542))
	  ->  Bitmap Index Scan on sbtest6_pkey  (cost=0.00..22.89 rows=1046 width=0)
	        Index Cond: ((id >= 5896543) AND (id <= 5897542))

table 7 : explain SELECT c FROM sbtest7 WHERE id BETWEEN 2200864 AND 2201863
	Bitmap Heap Scan on sbtest7  (cost=23.20..4048.93 rows=1050 width=121)
	  Recheck Cond: ((id >= 2200864) AND (id <= 2201863))
	  ->  Bitmap Index Scan on sbtest7_pkey  (cost=0.00..22.93 rows=1050 width=0)
	        Index Cond: ((id >= 2200864) AND (id <= 2201863))

table 8 : explain SELECT c FROM sbtest8 WHERE id BETWEEN 5118638 AND 5119637
	Bitmap Heap Scan on sbtest8  (cost=22.46..3778.22 rows=978 width=121)
	  Recheck Cond: ((id >= 5118638) AND (id <= 5119637))
	  ->  Bitmap Index Scan on sbtest8_pkey  (cost=0.00..22.21 rows=978 width=0)
	        Index Cond: ((id >= 5118638) AND (id <= 5119637))

explain: for point_selects :: explain SELECT c FROM sbtest%u WHERE id=%u
for: distinct_ranges
table 1 : explain SELECT DISTINCT c FROM sbtest1 WHERE id BETWEEN 4238156 AND 4239155 ORDER BY c
	Unique  (cost=3703.90..3708.63 rows=946 width=121)
	  ->  Sort  (cost=3703.90..3706.27 rows=946 width=121)
	        Sort Key: c
	        ->  Bitmap Heap Scan on sbtest1  (cost=22.13..3657.15 rows=946 width=121)
	              Recheck Cond: ((id >= 4238156) AND (id <= 4239155))
	              ->  Bitmap Index Scan on sbtest1_pkey  (cost=0.00..21.89 rows=946 width=0)
	                    Index Cond: ((id >= 4238156) AND (id <= 4239155))

table 2 : explain SELECT DISTINCT c FROM sbtest2 WHERE id BETWEEN 5212568 AND 5213567 ORDER BY c
	Unique  (cost=3424.79..3429.15 rows=873 width=121)
	  ->  Sort  (cost=3424.79..3426.97 rows=873 width=121)
	        Sort Key: c
	        ->  Bitmap Heap Scan on sbtest2  (cost=21.38..3382.14 rows=873 width=121)
	              Recheck Cond: ((id >= 5212568) AND (id <= 5213567))
	              ->  Bitmap Index Scan on sbtest2_pkey  (cost=0.00..21.16 rows=873 width=0)
	                    Index Cond: ((id >= 5212568) AND (id <= 5213567))

table 3 : explain SELECT DISTINCT c FROM sbtest3 WHERE id BETWEEN 7327014 AND 7328013 ORDER BY c
	Unique  (cost=4012.79..4017.93 rows=1027 width=121)
	  ->  Sort  (cost=4012.79..4015.36 rows=1027 width=121)
	        Sort Key: c
	        ->  Bitmap Heap Scan on sbtest3  (cost=22.96..3961.42 rows=1027 width=121)
	              Recheck Cond: ((id >= 7327014) AND (id <= 7328013))
	              ->  Bitmap Index Scan on sbtest3_pkey  (cost=0.00..22.70 rows=1027 width=0)
	                    Index Cond: ((id >= 7327014) AND (id <= 7328013))

table 4 : explain SELECT DISTINCT c FROM sbtest4 WHERE id BETWEEN 376884 AND 377883 ORDER BY c
	Unique  (cost=3680.88..3685.58 rows=940 width=121)
	  ->  Sort  (cost=3680.88..3683.23 rows=940 width=121)
	        Sort Key: c
	        ->  Bitmap Heap Scan on sbtest4  (cost=22.07..3634.46 rows=940 width=121)
	              Recheck Cond: ((id >= 376884) AND (id <= 377883))
	              ->  Bitmap Index Scan on sbtest4_pkey  (cost=0.00..21.83 rows=940 width=0)
	                    Index Cond: ((id >= 376884) AND (id <= 377883))

table 5 : explain SELECT DISTINCT c FROM sbtest5 WHERE id BETWEEN 6745891 AND 6746890 ORDER BY c
	Unique  (cost=3754.54..3759.34 rows=959 width=121)
	  ->  Sort  (cost=3754.54..3756.94 rows=959 width=121)
	        Sort Key: c
	        ->  Bitmap Heap Scan on sbtest5  (cost=22.26..3707.05 rows=959 width=121)
	              Recheck Cond: ((id >= 6745891) AND (id <= 6746890))
	              ->  Bitmap Index Scan on sbtest5_pkey  (cost=0.00..22.02 rows=959 width=0)
	                    Index Cond: ((id >= 6745891) AND (id <= 6746890))

table 6 : explain SELECT DISTINCT c FROM sbtest6 WHERE id BETWEEN 6315893 AND 6316892 ORDER BY c
	Unique  (cost=3838.02..3842.93 rows=981 width=121)
	  ->  Sort  (cost=3838.02..3840.48 rows=981 width=121)
	        Sort Key: c
	        ->  Bitmap Heap Scan on sbtest6  (cost=22.49..3789.28 rows=981 width=121)
	              Recheck Cond: ((id >= 6315893) AND (id <= 6316892))
	              ->  Bitmap Index Scan on sbtest6_pkey  (cost=0.00..22.25 rows=981 width=0)
	                    Index Cond: ((id >= 6315893) AND (id <= 6316892))

table 7 : explain SELECT DISTINCT c FROM sbtest7 WHERE id BETWEEN 2142893 AND 2143892 ORDER BY c
	Unique  (cost=4174.12..4179.46 rows=1069 width=121)
	  ->  Sort  (cost=4174.12..4176.79 rows=1069 width=121)
	        Sort Key: c
	        ->  Bitmap Heap Scan on sbtest7  (cost=23.39..4120.34 rows=1069 width=121)
	              Recheck Cond: ((id >= 2142893) AND (id <= 2143892))
	              ->  Bitmap Index Scan on sbtest7_pkey  (cost=0.00..23.12 rows=1069 width=0)
	                    Index Cond: ((id >= 2142893) AND (id <= 2143892))

table 8 : explain SELECT DISTINCT c FROM sbtest8 WHERE id BETWEEN 2322166 AND 2323165 ORDER BY c
	Unique  (cost=4010.29..4015.42 rows=1026 width=121)
	  ->  Sort  (cost=4010.29..4012.86 rows=1026 width=121)
	        Sort Key: c
	        ->  Bitmap Heap Scan on sbtest8  (cost=22.95..3958.98 rows=1026 width=121)
	              Recheck Cond: ((id >= 2322166) AND (id <= 2323165))
	              ->  Bitmap Index Scan on sbtest8_pkey  (cost=0.00..22.69 rows=1026 width=0)
	                    Index Cond: ((id >= 2322166) AND (id <= 2323165))

for: order_ranges
table 1 : explain SELECT c FROM sbtest1 WHERE id BETWEEN 3492317 AND 3493316 ORDER BY c
	Sort  (cost=3565.97..3568.25 rows=910 width=121)
	  Sort Key: c
	  ->  Bitmap Heap Scan on sbtest1  (cost=21.76..3521.24 rows=910 width=121)
	        Recheck Cond: ((id >= 3492317) AND (id <= 3493316))
	        ->  Bitmap Index Scan on sbtest1_pkey  (cost=0.00..21.54 rows=910 width=0)
	              Index Cond: ((id >= 3492317) AND (id <= 3493316))

table 2 : explain SELECT c FROM sbtest2 WHERE id BETWEEN 7693447 AND 7694446 ORDER BY c
	Sort  (cost=3999.35..4001.91 rows=1023 width=121)
	  Sort Key: c
	  ->  Bitmap Heap Scan on sbtest2  (cost=22.92..3948.20 rows=1023 width=121)
	        Recheck Cond: ((id >= 7693447) AND (id <= 7694446))
	        ->  Bitmap Index Scan on sbtest2_pkey  (cost=0.00..22.66 rows=1023 width=0)
	              Index Cond: ((id >= 7693447) AND (id <= 7694446))

table 3 : explain SELECT c FROM sbtest3 WHERE id BETWEEN 2230234 AND 2231233 ORDER BY c
	Sort  (cost=3798.80..3801.22 rows=971 width=121)
	  Sort Key: c
	  ->  Bitmap Heap Scan on sbtest3  (cost=22.39..3750.62 rows=971 width=121)
	        Recheck Cond: ((id >= 2230234) AND (id <= 2231233))
	        ->  Bitmap Index Scan on sbtest3_pkey  (cost=0.00..22.14 rows=971 width=0)
	              Index Cond: ((id >= 2230234) AND (id <= 2231233))

table 4 : explain SELECT c FROM sbtest4 WHERE id BETWEEN 6270474 AND 6271473 ORDER BY c
	Sort  (cost=3986.88..3989.43 rows=1020 width=121)
	  Sort Key: c
	  ->  Bitmap Heap Scan on sbtest4  (cost=22.89..3935.91 rows=1020 width=121)
	        Recheck Cond: ((id >= 6270474) AND (id <= 6271473))
	        ->  Bitmap Index Scan on sbtest4_pkey  (cost=0.00..22.64 rows=1020 width=0)
	              Index Cond: ((id >= 6270474) AND (id <= 6271473))

table 5 : explain SELECT c FROM sbtest5 WHERE id BETWEEN 539280 AND 540279 ORDER BY c
	Sort  (cost=4186.62..4189.30 rows=1071 width=121)
	  Sort Key: c
	  ->  Bitmap Heap Scan on sbtest5  (cost=27.41..4132.72 rows=1071 width=121)
	        Recheck Cond: ((id >= 539280) AND (id <= 540279))
	        ->  Bitmap Index Scan on sbtest5_pkey  (cost=0.00..27.14 rows=1071 width=0)
	              Index Cond: ((id >= 539280) AND (id <= 540279))

table 6 : explain SELECT c FROM sbtest6 WHERE id BETWEEN 5878644 AND 5879643 ORDER BY c
	Sort  (cost=4086.40..4089.01 rows=1046 width=121)
	  Sort Key: c
	  ->  Bitmap Heap Scan on sbtest6  (cost=23.16..4033.94 rows=1046 width=121)
	        Recheck Cond: ((id >= 5878644) AND (id <= 5879643))
	        ->  Bitmap Index Scan on sbtest6_pkey  (cost=0.00..22.89 rows=1046 width=0)
	              Index Cond: ((id >= 5878644) AND (id <= 5879643))

table 7 : explain SELECT c FROM sbtest7 WHERE id BETWEEN 3009598 AND 3010597 ORDER BY c
	Sort  (cost=4048.18..4050.77 rows=1036 width=121)
	  Sort Key: c
	  ->  Bitmap Heap Scan on sbtest7  (cost=23.05..3996.29 rows=1036 width=121)
	        Recheck Cond: ((id >= 3009598) AND (id <= 3010597))
	        ->  Bitmap Index Scan on sbtest7_pkey  (cost=0.00..22.79 rows=1036 width=0)
	              Index Cond: ((id >= 3009598) AND (id <= 3010597))

table 8 : explain SELECT c FROM sbtest8 WHERE id BETWEEN 3264717 AND 3265716 ORDER BY c
	Sort  (cost=3899.46..3901.96 rows=997 width=121)
	  Sort Key: c
	  ->  Bitmap Heap Scan on sbtest8  (cost=22.65..3849.81 rows=997 width=121)
	        Recheck Cond: ((id >= 3264717) AND (id <= 3265716))
	        ->  Bitmap Index Scan on sbtest8_pkey  (cost=0.00..22.40 rows=997 width=0)
	              Index Cond: ((id >= 3264717) AND (id <= 3265716))

for: order_ranges
table 1 : explain SELECT c FROM sbtest1 WHERE id BETWEEN 9481634 AND 9482633 ORDER BY c
	Sort  (cost=4185.41..4188.09 rows=1072 width=121)
	  Sort Key: c
	  ->  Bitmap Heap Scan on sbtest1  (cost=23.42..4131.45 rows=1072 width=121)
	        Recheck Cond: ((id >= 9481634) AND (id <= 9482633))
	        ->  Bitmap Index Scan on sbtest1_pkey  (cost=0.00..23.15 rows=1072 width=0)
	              Index Cond: ((id >= 9481634) AND (id <= 9482633))

table 2 : explain SELECT c FROM sbtest2 WHERE id BETWEEN 9778510 AND 9779509 ORDER BY c
	Sort  (cost=3930.55..3933.06 rows=1005 width=121)
	  Sort Key: c
	  ->  Bitmap Heap Scan on sbtest2  (cost=22.74..3880.43 rows=1005 width=121)
	        Recheck Cond: ((id >= 9778510) AND (id <= 9779509))
	        ->  Bitmap Index Scan on sbtest2_pkey  (cost=0.00..22.48 rows=1005 width=0)
	              Index Cond: ((id >= 9778510) AND (id <= 9779509))

table 3 : explain SELECT c FROM sbtest3 WHERE id BETWEEN 8415756 AND 8416755 ORDER BY c
	Sort  (cost=3978.43..3980.97 rows=1018 width=121)
	  Sort Key: c
	  ->  Bitmap Heap Scan on sbtest3  (cost=22.87..3927.57 rows=1018 width=121)
	        Recheck Cond: ((id >= 8415756) AND (id <= 8416755))
	        ->  Bitmap Index Scan on sbtest3_pkey  (cost=0.00..22.61 rows=1018 width=0)
	              Index Cond: ((id >= 8415756) AND (id <= 8416755))

table 4 : explain SELECT c FROM sbtest4 WHERE id BETWEEN 3482388 AND 3483387 ORDER BY c
	Sort  (cost=3546.76..3549.02 rows=905 width=121)
	  Sort Key: c
	  ->  Bitmap Heap Scan on sbtest4  (cost=21.71..3502.31 rows=905 width=121)
	        Recheck Cond: ((id >= 3482388) AND (id <= 3483387))
	        ->  Bitmap Index Scan on sbtest4_pkey  (cost=0.00..21.48 rows=905 width=0)
	              Index Cond: ((id >= 3482388) AND (id <= 3483387))

table 5 : explain SELECT c FROM sbtest5 WHERE id BETWEEN 9207008 AND 9208007 ORDER BY c
	Sort  (cost=3681.77..3684.12 rows=940 width=121)
	  Sort Key: c
	  ->  Bitmap Heap Scan on sbtest5  (cost=22.07..3635.35 rows=940 width=121)
	        Recheck Cond: ((id >= 9207008) AND (id <= 9208007))
	        ->  Bitmap Index Scan on sbtest5_pkey  (cost=0.00..21.83 rows=940 width=0)
	              Index Cond: ((id >= 9207008) AND (id <= 9208007))

table 6 : explain SELECT c FROM sbtest6 WHERE id BETWEEN 6103983 AND 6104982 ORDER BY c
	Sort  (cost=3891.56..3894.05 rows=995 width=121)
	  Sort Key: c
	  ->  Bitmap Heap Scan on sbtest6  (cost=22.63..3842.02 rows=995 width=121)
	        Recheck Cond: ((id >= 6103983) AND (id <= 6104982))
	        ->  Bitmap Index Scan on sbtest6_pkey  (cost=0.00..22.39 rows=995 width=0)
	              Index Cond: ((id >= 6103983) AND (id <= 6104982))

table 7 : explain SELECT c FROM sbtest7 WHERE id BETWEEN 3264076 AND 3265075 ORDER BY c
	Sort  (cost=3592.93..3595.22 rows=917 width=121)
	  Sort Key: c
	  ->  Bitmap Heap Scan on sbtest7  (cost=21.83..3547.81 rows=917 width=121)
	        Recheck Cond: ((id >= 3264076) AND (id <= 3265075))
	        ->  Bitmap Index Scan on sbtest7_pkey  (cost=0.00..21.61 rows=917 width=0)
	              Index Cond: ((id >= 3264076) AND (id <= 3265075))

table 8 : explain SELECT c FROM sbtest8 WHERE id BETWEEN 5392286 AND 5393285 ORDER BY c
	Sort  (cost=3643.01..3645.33 rows=930 width=121)
	  Sort Key: c
	  ->  Bitmap Heap Scan on sbtest8  (cost=21.97..3597.15 rows=930 width=121)
	        Recheck Cond: ((id >= 5392286) AND (id <= 5393285))
	        ->  Bitmap Index Scan on sbtest8_pkey  (cost=0.00..21.73 rows=930 width=0)
	              Index Cond: ((id >= 5392286) AND (id <= 5393285))

for: order_ranges
table 1 : explain SELECT c FROM sbtest1 WHERE id BETWEEN 3411707 AND 3412706 ORDER BY c
	Sort  (cost=3565.97..3568.25 rows=910 width=121)
	  Sort Key: c
	  ->  Bitmap Heap Scan on sbtest1  (cost=21.76..3521.24 rows=910 width=121)
	        Recheck Cond: ((id >= 3411707) AND (id <= 3412706))
	        ->  Bitmap Index Scan on sbtest1_pkey  (cost=0.00..21.54 rows=910 width=0)
	              Index Cond: ((id >= 3411707) AND (id <= 3412706))

table 2 : explain SELECT c FROM sbtest2 WHERE id BETWEEN 3497538 AND 3498537 ORDER BY c
	Sort  (cost=3861.71..3864.18 rows=987 width=121)
	  Sort Key: c
	  ->  Bitmap Heap Scan on sbtest2  (cost=22.55..3812.62 rows=987 width=121)
	        Recheck Cond: ((id >= 3497538) AND (id <= 3498537))
	        ->  Bitmap Index Scan on sbtest2_pkey  (cost=0.00..22.30 rows=987 width=0)
	              Index Cond: ((id >= 3497538) AND (id <= 3498537))

table 3 : explain SELECT c FROM sbtest3 WHERE id BETWEEN 1076886 AND 1077885 ORDER BY c
	Sort  (cost=4001.34..4003.90 rows=1024 width=121)
	  Sort Key: c
	  ->  Bitmap Heap Scan on sbtest3  (cost=22.93..3950.14 rows=1024 width=121)
	        Recheck Cond: ((id >= 1076886) AND (id <= 1077885))
	        ->  Bitmap Index Scan on sbtest3_pkey  (cost=0.00..22.68 rows=1024 width=0)
	              Index Cond: ((id >= 1076886) AND (id <= 1077885))

table 4 : explain SELECT c FROM sbtest4 WHERE id BETWEEN 2907132 AND 2908131 ORDER BY c
	Sort  (cost=3692.37..3694.73 rows=943 width=121)
	  Sort Key: c
	  ->  Bitmap Heap Scan on sbtest4  (cost=22.10..3645.78 rows=943 width=121)
	        Recheck Cond: ((id >= 2907132) AND (id <= 2908131))
	        ->  Bitmap Index Scan on sbtest4_pkey  (cost=0.00..21.86 rows=943 width=0)
	              Index Cond: ((id >= 2907132) AND (id <= 2908131))

table 5 : explain SELECT c FROM sbtest5 WHERE id BETWEEN 523147 AND 524146 ORDER BY c
	Sort  (cost=4186.62..4189.30 rows=1071 width=121)
	  Sort Key: c
	  ->  Bitmap Heap Scan on sbtest5  (cost=27.41..4132.72 rows=1071 width=121)
	        Recheck Cond: ((id >= 523147) AND (id <= 524146))
	        ->  Bitmap Index Scan on sbtest5_pkey  (cost=0.00..27.14 rows=1071 width=0)
	              Index Cond: ((id >= 523147) AND (id <= 524146))

table 6 : explain SELECT c FROM sbtest6 WHERE id BETWEEN 6313402 AND 6314401 ORDER BY c
	Sort  (cost=3838.02..3840.48 rows=981 width=121)
	  Sort Key: c
	  ->  Bitmap Heap Scan on sbtest6  (cost=22.49..3789.28 rows=981 width=121)
	        Recheck Cond: ((id >= 6313402) AND (id <= 6314401))
	        ->  Bitmap Index Scan on sbtest6_pkey  (cost=0.00..22.25 rows=981 width=0)
	              Index Cond: ((id >= 6313402) AND (id <= 6314401))

table 7 : explain SELECT c FROM sbtest7 WHERE id BETWEEN 8262278 AND 8263277 ORDER BY c
	Sort  (cost=4189.38..4192.06 rows=1073 width=121)
	  Sort Key: c
	  ->  Bitmap Heap Scan on sbtest7  (cost=23.43..4135.36 rows=1073 width=121)
	        Recheck Cond: ((id >= 8262278) AND (id <= 8263277))
	        ->  Bitmap Index Scan on sbtest7_pkey  (cost=0.00..23.16 rows=1073 width=0)
	              Index Cond: ((id >= 8262278) AND (id <= 8263277))

table 8 : explain SELECT c FROM sbtest8 WHERE id BETWEEN 178549 AND 179548 ORDER BY c
	Sort  (cost=3952.98..3955.51 rows=1011 width=121)
	  Sort Key: c
	  ->  Bitmap Heap Scan on sbtest8  (cost=22.80..3902.52 rows=1011 width=121)
	        Recheck Cond: ((id >= 178549) AND (id <= 179548))
	        ->  Bitmap Index Scan on sbtest8_pkey  (cost=0.00..22.54 rows=1011 width=0)
	              Index Cond: ((id >= 178549) AND (id <= 179548))

for: order_ranges
table 1 : explain SELECT c FROM sbtest1 WHERE id BETWEEN 8445646 AND 8446645 ORDER BY c
	Sort  (cost=4009.84..4012.41 rows=1026 width=121)
	  Sort Key: c
	  ->  Bitmap Heap Scan on sbtest1  (cost=22.95..3958.53 rows=1026 width=121)
	        Recheck Cond: ((id >= 8445646) AND (id <= 8446645))
	        ->  Bitmap Index Scan on sbtest1_pkey  (cost=0.00..22.69 rows=1026 width=0)
	              Index Cond: ((id >= 8445646) AND (id <= 8446645))

table 2 : explain SELECT c FROM sbtest2 WHERE id BETWEEN 7451195 AND 7452194 ORDER BY c
	Sort  (cost=4052.83..4055.42 rows=1037 width=121)
	  Sort Key: c
	  ->  Bitmap Heap Scan on sbtest2  (cost=23.06..4000.89 rows=1037 width=121)
	        Recheck Cond: ((id >= 7451195) AND (id <= 7452194))
	        ->  Bitmap Index Scan on sbtest2_pkey  (cost=0.00..22.80 rows=1037 width=0)
	              Index Cond: ((id >= 7451195) AND (id <= 7452194))

table 3 : explain SELECT c FROM sbtest3 WHERE id BETWEEN 7882009 AND 7883008 ORDER BY c
	Sort  (cost=4169.23..4171.90 rows=1068 width=121)
	  Sort Key: c
	  ->  Bitmap Heap Scan on sbtest3  (cost=23.38..4115.50 rows=1068 width=121)
	        Recheck Cond: ((id >= 7882009) AND (id <= 7883008))
	        ->  Bitmap Index Scan on sbtest3_pkey  (cost=0.00..23.11 rows=1068 width=0)
	              Index Cond: ((id >= 7882009) AND (id <= 7883008))

table 4 : explain SELECT c FROM sbtest4 WHERE id BETWEEN 4528968 AND 4529967 ORDER BY c
	Sort  (cost=3811.03..3813.46 rows=974 width=121)
	  Sort Key: c
	  ->  Bitmap Heap Scan on sbtest4  (cost=22.42..3762.68 rows=974 width=121)
	        Recheck Cond: ((id >= 4528968) AND (id <= 4529967))
	        ->  Bitmap Index Scan on sbtest4_pkey  (cost=0.00..22.18 rows=974 width=0)
	              Index Cond: ((id >= 4528968) AND (id <= 4529967))

table 5 : explain SELECT c FROM sbtest5 WHERE id BETWEEN 7055399 AND 7056398 ORDER BY c
	Sort  (cost=3919.25..3921.75 rows=1001 width=121)
	  Sort Key: c
	  ->  Bitmap Heap Scan on sbtest5  (cost=26.70..3869.37 rows=1001 width=121)
	        Recheck Cond: ((id >= 7055399) AND (id <= 7056398))
	        ->  Bitmap Index Scan on sbtest5_pkey  (cost=0.00..26.44 rows=1001 width=0)
	              Index Cond: ((id >= 7055399) AND (id <= 7056398))

table 6 : explain SELECT c FROM sbtest6 WHERE id BETWEEN 8626789 AND 8627788 ORDER BY c
	Sort  (cost=3615.96..3618.26 rows=923 width=121)
	  Sort Key: c
	  ->  Bitmap Heap Scan on sbtest6  (cost=21.90..3570.50 rows=923 width=121)
	        Recheck Cond: ((id >= 8626789) AND (id <= 8627788))
	        ->  Bitmap Index Scan on sbtest6_pkey  (cost=0.00..21.66 rows=923 width=0)
	              Index Cond: ((id >= 8626789) AND (id <= 8627788))

table 7 : explain SELECT c FROM sbtest7 WHERE id BETWEEN 715916 AND 716915 ORDER BY c
	Sort  (cost=3684.88..3687.24 rows=941 width=121)
	  Sort Key: c
	  ->  Bitmap Heap Scan on sbtest7  (cost=22.08..3638.41 rows=941 width=121)
	        Recheck Cond: ((id >= 715916) AND (id <= 716915))
	        ->  Bitmap Index Scan on sbtest7_pkey  (cost=0.00..21.84 rows=941 width=0)
	              Index Cond: ((id >= 715916) AND (id <= 716915))

table 8 : explain SELECT c FROM sbtest8 WHERE id BETWEEN 4495152 AND 4496151 ORDER BY c
	Sort  (cost=3788.53..3790.95 rows=968 width=121)
	  Sort Key: c
	  ->  Bitmap Heap Scan on sbtest8  (cost=22.36..3740.52 rows=968 width=121)
	        Recheck Cond: ((id >= 4495152) AND (id <= 4496151))
	        ->  Bitmap Index Scan on sbtest8_pkey  (cost=0.00..22.11 rows=968 width=0)
	              Index Cond: ((id >= 4495152) AND (id <= 4496151))

for: sum_ranges
table 1 : explain SELECT SUM(k) FROM sbtest1 WHERE id BETWEEN 8692440 AND 8693439
	Aggregate  (cost=3799.10..3799.11 rows=1 width=8)
	  ->  Bitmap Heap Scan on sbtest1  (cost=22.51..3796.64 rows=983 width=4)
	        Recheck Cond: ((id >= 8692440) AND (id <= 8693439))
	        ->  Bitmap Index Scan on sbtest1_pkey  (cost=0.00..22.26 rows=983 width=0)
	              Index Cond: ((id >= 8692440) AND (id <= 8693439))

table 2 : explain SELECT SUM(k) FROM sbtest2 WHERE id BETWEEN 6611521 AND 6612520
	Aggregate  (cost=3943.23..3943.24 rows=1 width=8)
	  ->  Bitmap Heap Scan on sbtest2  (cost=22.90..3940.68 rows=1021 width=4)
	        Recheck Cond: ((id >= 6611521) AND (id <= 6612520))
	        ->  Bitmap Index Scan on sbtest2_pkey  (cost=0.00..22.64 rows=1021 width=0)
	              Index Cond: ((id >= 6611521) AND (id <= 6612520))

table 3 : explain SELECT SUM(k) FROM sbtest3 WHERE id BETWEEN 8110168 AND 8111167
	Aggregate  (cost=3994.09..3994.10 rows=1 width=8)
	  ->  Bitmap Heap Scan on sbtest3  (cost=23.04..3991.50 rows=1035 width=4)
	        Recheck Cond: ((id >= 8110168) AND (id <= 8111167))
	        ->  Bitmap Index Scan on sbtest3_pkey  (cost=0.00..22.79 rows=1035 width=0)
	              Index Cond: ((id >= 8110168) AND (id <= 8111167))

table 4 : explain SELECT SUM(k) FROM sbtest4 WHERE id BETWEEN 1408617 AND 1409616
	Aggregate  (cost=3746.26..3746.27 rows=1 width=8)
	  ->  Bitmap Heap Scan on sbtest4  (cost=22.37..3743.83 rows=969 width=4)
	        Recheck Cond: ((id >= 1408617) AND (id <= 1409616))
	        ->  Bitmap Index Scan on sbtest4_pkey  (cost=0.00..22.12 rows=969 width=0)
	              Index Cond: ((id >= 1408617) AND (id <= 1409616))

table 5 : explain SELECT SUM(k) FROM sbtest5 WHERE id BETWEEN 7095173 AND 7096172
	Aggregate  (cost=3376.75..3376.76 rows=1 width=8)
	  ->  Bitmap Heap Scan on sbtest5  (cost=21.36..3374.57 rows=871 width=4)
	        Recheck Cond: ((id >= 7095173) AND (id <= 7096172))
	        ->  Bitmap Index Scan on sbtest5_pkey  (cost=0.00..21.14 rows=871 width=0)
	              Index Cond: ((id >= 7095173) AND (id <= 7096172))

table 6 : explain SELECT SUM(k) FROM sbtest6 WHERE id BETWEEN 7805886 AND 7806885
	Aggregate  (cost=4089.21..4089.22 rows=1 width=8)
	  ->  Bitmap Heap Scan on sbtest6  (cost=23.30..4086.56 rows=1060 width=4)
	        Recheck Cond: ((id >= 7805886) AND (id <= 7806885))
	        ->  Bitmap Index Scan on sbtest6_pkey  (cost=0.00..23.04 rows=1060 width=0)
	              Index Cond: ((id >= 7805886) AND (id <= 7806885))

table 7 : explain SELECT SUM(k) FROM sbtest7 WHERE id BETWEEN 5588592 AND 5589591
	Aggregate  (cost=3972.53..3972.54 rows=1 width=8)
	  ->  Bitmap Heap Scan on sbtest7  (cost=22.98..3969.96 rows=1029 width=4)
	        Recheck Cond: ((id >= 5588592) AND (id <= 5589591))
	        ->  Bitmap Index Scan on sbtest7_pkey  (cost=0.00..22.72 rows=1029 width=0)
	              Index Cond: ((id >= 5588592) AND (id <= 5589591))

table 8 : explain SELECT SUM(k) FROM sbtest8 WHERE id BETWEEN 8079970 AND 8080969
	Aggregate  (cost=4089.49..4089.50 rows=1 width=8)
	  ->  Bitmap Heap Scan on sbtest8  (cost=23.30..4086.84 rows=1060 width=4)
	        Recheck Cond: ((id >= 8079970) AND (id <= 8080969))
	        ->  Bitmap Index Scan on sbtest8_pkey  (cost=0.00..23.04 rows=1060 width=0)
	              Index Cond: ((id >= 8079970) AND (id <= 8080969))

for: simple_ranges
table 1 : explain SELECT c FROM sbtest1 WHERE id BETWEEN 6608915 AND 6609914
	Bitmap Heap Scan on sbtest1  (cost=23.22..4056.30 rows=1052 width=121)
	  Recheck Cond: ((id >= 6608915) AND (id <= 6609914))
	  ->  Bitmap Index Scan on sbtest1_pkey  (cost=0.00..22.95 rows=1052 width=0)
	        Index Cond: ((id >= 6608915) AND (id <= 6609914))

table 2 : explain SELECT c FROM sbtest2 WHERE id BETWEEN 3728953 AND 3729952
	Bitmap Heap Scan on sbtest2  (cost=27.62..4207.86 rows=1091 width=121)
	  Recheck Cond: ((id >= 3728953) AND (id <= 3729952))
	  ->  Bitmap Index Scan on sbtest2_pkey  (cost=0.00..27.34 rows=1091 width=0)
	        Index Cond: ((id >= 3728953) AND (id <= 3729952))

table 3 : explain SELECT c FROM sbtest3 WHERE id BETWEEN 6050496 AND 6051495
	Bitmap Heap Scan on sbtest3  (cost=22.22..3690.31 rows=955 width=121)
	  Recheck Cond: ((id >= 6050496) AND (id <= 6051495))
	  ->  Bitmap Index Scan on sbtest3_pkey  (cost=0.00..21.98 rows=955 width=0)
	        Index Cond: ((id >= 6050496) AND (id <= 6051495))

table 4 : explain SELECT c FROM sbtest4 WHERE id BETWEEN 256692 AND 257691
	Bitmap Heap Scan on sbtest4  (cost=23.18..4041.21 rows=1048 width=121)
	  Recheck Cond: ((id >= 256692) AND (id <= 257691))
	  ->  Bitmap Index Scan on sbtest4_pkey  (cost=0.00..22.91 rows=1048 width=0)
	        Index Cond: ((id >= 256692) AND (id <= 257691))

table 5 : explain SELECT c FROM sbtest5 WHERE id BETWEEN 6976559 AND 6977558
	Bitmap Heap Scan on sbtest5  (cost=22.29..3714.59 rows=961 width=121)
	  Recheck Cond: ((id >= 6976559) AND (id <= 6977558))
	  ->  Bitmap Index Scan on sbtest5_pkey  (cost=0.00..22.04 rows=961 width=0)
	        Index Cond: ((id >= 6976559) AND (id <= 6977558))

table 6 : explain SELECT c FROM sbtest6 WHERE id BETWEEN 1153315 AND 1154314
	Bitmap Heap Scan on sbtest6  (cost=21.91..3574.27 rows=924 width=121)
	  Recheck Cond: ((id >= 1153315) AND (id <= 1154314))
	  ->  Bitmap Index Scan on sbtest6_pkey  (cost=0.00..21.68 rows=924 width=0)
	        Index Cond: ((id >= 1153315) AND (id <= 1154314))

table 7 : explain SELECT c FROM sbtest7 WHERE id BETWEEN 7603573 AND 7604572
	Bitmap Heap Scan on sbtest7  (cost=22.16..3668.59 rows=949 width=121)
	  Recheck Cond: ((id >= 7603573) AND (id <= 7604572))
	  ->  Bitmap Index Scan on sbtest7_pkey  (cost=0.00..21.93 rows=949 width=0)
	        Index Cond: ((id >= 7603573) AND (id <= 7604572))

table 8 : explain SELECT c FROM sbtest8 WHERE id BETWEEN 3982386 AND 3983385
	Bitmap Heap Scan on sbtest8  (cost=27.55..4181.01 rows=1084 width=121)
	  Recheck Cond: ((id >= 3982386) AND (id <= 3983385))
	  ->  Bitmap Index Scan on sbtest8_pkey  (cost=0.00..27.27 rows=1084 width=0)
	        Index Cond: ((id >= 3982386) AND (id <= 3983385))

for: sum_ranges
table 1 : explain SELECT SUM(k) FROM sbtest1 WHERE id BETWEEN 2274274 AND 2275273
	Aggregate  (cost=3851.87..3851.88 rows=1 width=8)
	  ->  Bitmap Heap Scan on sbtest1  (cost=22.65..3849.37 rows=997 width=4)
	        Recheck Cond: ((id >= 2274274) AND (id <= 2275273))
	        ->  Bitmap Index Scan on sbtest1_pkey  (cost=0.00..22.40 rows=997 width=0)
	              Index Cond: ((id >= 2274274) AND (id <= 2275273))

table 2 : explain SELECT SUM(k) FROM sbtest2 WHERE id BETWEEN 2174074 AND 2175073
	Aggregate  (cost=3954.53..3954.54 rows=1 width=8)
	  ->  Bitmap Heap Scan on sbtest2  (cost=22.93..3951.97 rows=1024 width=4)
	        Recheck Cond: ((id >= 2174074) AND (id <= 2175073))
	        ->  Bitmap Index Scan on sbtest2_pkey  (cost=0.00..22.68 rows=1024 width=0)
	              Index Cond: ((id >= 2174074) AND (id <= 2175073))

table 3 : explain SELECT SUM(k) FROM sbtest3 WHERE id BETWEEN 143690 AND 144689
	Aggregate  (cost=3930.11..3930.12 rows=1 width=8)
	  ->  Bitmap Heap Scan on sbtest3  (cost=22.87..3927.57 rows=1018 width=4)
	        Recheck Cond: ((id >= 143690) AND (id <= 144689))
	        ->  Bitmap Index Scan on sbtest3_pkey  (cost=0.00..22.61 rows=1018 width=0)
	              Index Cond: ((id >= 143690) AND (id <= 144689))

table 4 : explain SELECT SUM(k) FROM sbtest4 WHERE id BETWEEN 3865171 AND 3866170
	Aggregate  (cost=3655.69..3655.70 rows=1 width=8)
	  ->  Bitmap Heap Scan on sbtest4  (cost=22.12..3653.33 rows=945 width=4)
	        Recheck Cond: ((id >= 3865171) AND (id <= 3866170))
	        ->  Bitmap Index Scan on sbtest4_pkey  (cost=0.00..21.89 rows=945 width=0)
	              Index Cond: ((id >= 3865171) AND (id <= 3866170))

table 5 : explain SELECT SUM(k) FROM sbtest5 WHERE id BETWEEN 2435088 AND 2436087
	Aggregate  (cost=3890.71..3890.72 rows=1 width=8)
	  ->  Bitmap Heap Scan on sbtest5  (cost=26.75..3888.20 rows=1006 width=4)
	        Recheck Cond: ((id >= 2435088) AND (id <= 2436087))
	        ->  Bitmap Index Scan on sbtest5_pkey  (cost=0.00..26.50 rows=1006 width=0)
	              Index Cond: ((id >= 2435088) AND (id <= 2436087))

table 6 : explain SELECT SUM(k) FROM sbtest6 WHERE id BETWEEN 2090939 AND 2091938
	Aggregate  (cost=3671.00..3671.01 rows=1 width=8)
	  ->  Bitmap Heap Scan on sbtest6  (cost=22.16..3668.63 rows=949 width=4)
	        Recheck Cond: ((id >= 2090939) AND (id <= 2091938))
	        ->  Bitmap Index Scan on sbtest6_pkey  (cost=0.00..21.93 rows=949 width=0)
	              Index Cond: ((id >= 2090939) AND (id <= 2091938))

table 7 : explain SELECT SUM(k) FROM sbtest7 WHERE id BETWEEN 5366658 AND 5367657
	Aggregate  (cost=4025.22..4025.23 rows=1 width=8)
	  ->  Bitmap Heap Scan on sbtest7  (cost=23.13..4022.62 rows=1043 width=4)
	        Recheck Cond: ((id >= 5366658) AND (id <= 5367657))
	        ->  Bitmap Index Scan on sbtest7_pkey  (cost=0.00..22.86 rows=1043 width=0)
	              Index Cond: ((id >= 5366658) AND (id <= 5367657))

table 8 : explain SELECT SUM(k) FROM sbtest8 WHERE id BETWEEN 3023936 AND 3024935
	Aggregate  (cost=4258.88..4258.89 rows=1 width=8)
	  ->  Bitmap Heap Scan on sbtest8  (cost=27.76..4256.12 rows=1105 width=4)
	        Recheck Cond: ((id >= 3023936) AND (id <= 3024935))
	        ->  Bitmap Index Scan on sbtest8_pkey  (cost=0.00..27.48 rows=1105 width=0)
	              Index Cond: ((id >= 3023936) AND (id <= 3024935))

for: distinct_ranges
table 1 : explain SELECT DISTINCT c FROM sbtest1 WHERE id BETWEEN 397119 AND 398118 ORDER BY c
	Unique  (cost=3627.29..3631.92 rows=926 width=121)
	  ->  Sort  (cost=3627.29..3629.61 rows=926 width=121)
	        Sort Key: c
	        ->  Bitmap Heap Scan on sbtest1  (cost=21.93..3581.67 rows=926 width=121)
	              Recheck Cond: ((id >= 397119) AND (id <= 398118))
	              ->  Bitmap Index Scan on sbtest1_pkey  (cost=0.00..21.69 rows=926 width=0)
	                    Index Cond: ((id >= 397119) AND (id <= 398118))

table 2 : explain SELECT DISTINCT c FROM sbtest2 WHERE id BETWEEN 6662720 AND 6663719 ORDER BY c
	Unique  (cost=3991.71..3996.81 rows=1021 width=121)
	  ->  Sort  (cost=3991.71..3994.26 rows=1021 width=121)
	        Sort Key: c
	        ->  Bitmap Heap Scan on sbtest2  (cost=22.90..3940.68 rows=1021 width=121)
	              Recheck Cond: ((id >= 6662720) AND (id <= 6663719))
	              ->  Bitmap Index Scan on sbtest2_pkey  (cost=0.00..22.64 rows=1021 width=0)
	                    Index Cond: ((id >= 6662720) AND (id <= 6663719))

table 3 : explain SELECT DISTINCT c FROM sbtest3 WHERE id BETWEEN 6834765 AND 6835764 ORDER BY c
	Unique  (cost=3638.04..3642.69 rows=929 width=121)
	  ->  Sort  (cost=3638.04..3640.36 rows=929 width=121)
	        Sort Key: c
	        ->  Bitmap Heap Scan on sbtest3  (cost=21.96..3592.24 rows=929 width=121)
	              Recheck Cond: ((id >= 6834765) AND (id <= 6835764))
	              ->  Bitmap Index Scan on sbtest3_pkey  (cost=0.00..21.72 rows=929 width=0)
	                    Index Cond: ((id >= 6834765) AND (id <= 6835764))

table 4 : explain SELECT DISTINCT c FROM sbtest4 WHERE id BETWEEN 6158768 AND 6159767 ORDER BY c
	Unique  (cost=4074.71..4079.92 rows=1043 width=121)
	  ->  Sort  (cost=4074.71..4077.31 rows=1043 width=121)
	        Sort Key: c
	        ->  Bitmap Heap Scan on sbtest4  (cost=23.13..4022.42 rows=1043 width=121)
	              Recheck Cond: ((id >= 6158768) AND (id <= 6159767))
	              ->  Bitmap Index Scan on sbtest4_pkey  (cost=0.00..22.86 rows=1043 width=0)
	                    Index Cond: ((id >= 6158768) AND (id <= 6159767))

table 5 : explain SELECT DISTINCT c FROM sbtest5 WHERE id BETWEEN 6793669 AND 6794668 ORDER BY c
	Unique  (cost=4079.74..4084.96 rows=1043 width=121)
	  ->  Sort  (cost=4079.74..4082.35 rows=1043 width=121)
	        Sort Key: c
	        ->  Bitmap Heap Scan on sbtest5  (cost=27.13..4027.45 rows=1043 width=121)
	              Recheck Cond: ((id >= 6793669) AND (id <= 6794668))
	              ->  Bitmap Index Scan on sbtest5_pkey  (cost=0.00..26.86 rows=1043 width=0)
	                    Index Cond: ((id >= 6793669) AND (id <= 6794668))

table 6 : explain SELECT DISTINCT c FROM sbtest6 WHERE id BETWEEN 1813390 AND 1814389 ORDER BY c
	Unique  (cost=4067.31..4072.52 rows=1041 width=121)
	  ->  Sort  (cost=4067.31..4069.91 rows=1041 width=121)
	        Sort Key: c
	        ->  Bitmap Heap Scan on sbtest6  (cost=23.11..4015.14 rows=1041 width=121)
	              Recheck Cond: ((id >= 1813390) AND (id <= 1814389))
	              ->  Bitmap Index Scan on sbtest6_pkey  (cost=0.00..22.84 rows=1041 width=0)
	                    Index Cond: ((id >= 1813390) AND (id <= 1814389))

table 7 : explain SELECT DISTINCT c FROM sbtest7 WHERE id BETWEEN 4552741 AND 4553740 ORDER BY c
	Unique  (cost=3669.56..3674.25 rows=937 width=121)
	  ->  Sort  (cost=3669.56..3671.91 rows=937 width=121)
	        Sort Key: c
	        ->  Bitmap Heap Scan on sbtest7  (cost=22.04..3623.31 rows=937 width=121)
	              Recheck Cond: ((id >= 4552741) AND (id <= 4553740))
	              ->  Bitmap Index Scan on sbtest7_pkey  (cost=0.00..21.80 rows=937 width=0)
	                    Index Cond: ((id >= 4552741) AND (id <= 4553740))

table 8 : explain SELECT DISTINCT c FROM sbtest8 WHERE id BETWEEN 2158907 AND 2159906 ORDER BY c
	Unique  (cost=3734.94..3739.71 rows=954 width=121)
	  ->  Sort  (cost=3734.94..3737.32 rows=954 width=121)
	        Sort Key: c
	        ->  Bitmap Heap Scan on sbtest8  (cost=22.21..3687.72 rows=954 width=121)
	              Recheck Cond: ((id >= 2158907) AND (id <= 2159906))
	              ->  Bitmap Index Scan on sbtest8_pkey  (cost=0.00..21.97 rows=954 width=0)
	                    Index Cond: ((id >= 2158907) AND (id <= 2159906))

for: distinct_ranges
table 1 : explain SELECT DISTINCT c FROM sbtest1 WHERE id BETWEEN 738798 AND 739797 ORDER BY c
	Unique  (cost=3971.65..3976.73 rows=1016 width=121)
	  ->  Sort  (cost=3971.65..3974.19 rows=1016 width=121)
	        Sort Key: c
	        ->  Bitmap Heap Scan on sbtest1  (cost=22.85..3920.90 rows=1016 width=121)
	              Recheck Cond: ((id >= 738798) AND (id <= 739797))
	              ->  Bitmap Index Scan on sbtest1_pkey  (cost=0.00..22.59 rows=1016 width=0)
	                    Index Cond: ((id >= 738798) AND (id <= 739797))

table 2 : explain SELECT DISTINCT c FROM sbtest2 WHERE id BETWEEN 2250100 AND 2251099 ORDER BY c
	Unique  (cost=3785.17..3790.01 rows=967 width=121)
	  ->  Sort  (cost=3785.17..3787.59 rows=967 width=121)
	        Sort Key: c
	        ->  Bitmap Heap Scan on sbtest2  (cost=22.35..3737.22 rows=967 width=121)
	              Recheck Cond: ((id >= 2250100) AND (id <= 2251099))
	              ->  Bitmap Index Scan on sbtest2_pkey  (cost=0.00..22.11 rows=967 width=0)
	                    Index Cond: ((id >= 2250100) AND (id <= 2251099))

table 3 : explain SELECT DISTINCT c FROM sbtest3 WHERE id BETWEEN 6589324 AND 6590323 ORDER BY c
	Unique  (cost=3940.23..3945.27 rows=1008 width=121)
	  ->  Sort  (cost=3940.23..3942.75 rows=1008 width=121)
	        Sort Key: c
	        ->  Bitmap Heap Scan on sbtest3  (cost=22.77..3889.94 rows=1008 width=121)
	              Recheck Cond: ((id >= 6589324) AND (id <= 6590323))
	              ->  Bitmap Index Scan on sbtest3_pkey  (cost=0.00..22.51 rows=1008 width=0)
	                    Index Cond: ((id >= 6589324) AND (id <= 6590323))

table 4 : explain SELECT DISTINCT c FROM sbtest4 WHERE id BETWEEN 3762286 AND 3763285 ORDER BY c
	Unique  (cost=3910.45..3915.45 rows=1000 width=121)
	  ->  Sort  (cost=3910.45..3912.95 rows=1000 width=121)
	        Sort Key: c
	        ->  Bitmap Heap Scan on sbtest4  (cost=22.68..3860.62 rows=1000 width=121)
	              Recheck Cond: ((id >= 3762286) AND (id <= 3763285))
	              ->  Bitmap Index Scan on sbtest4_pkey  (cost=0.00..22.43 rows=1000 width=0)
	                    Index Cond: ((id >= 3762286) AND (id <= 3763285))

table 5 : explain SELECT DISTINCT c FROM sbtest5 WHERE id BETWEEN 2262377 AND 2263376 ORDER BY c
	Unique  (cost=4175.17..4180.51 rows=1068 width=121)
	  ->  Sort  (cost=4175.17..4177.84 rows=1068 width=121)
	        Sort Key: c
	        ->  Bitmap Heap Scan on sbtest5  (cost=27.38..4121.45 rows=1068 width=121)
	              Recheck Cond: ((id >= 2262377) AND (id <= 2263376))
	              ->  Bitmap Index Scan on sbtest5_pkey  (cost=0.00..27.11 rows=1068 width=0)
	                    Index Cond: ((id >= 2262377) AND (id <= 2263376))

table 6 : explain SELECT DISTINCT c FROM sbtest6 WHERE id BETWEEN 7937005 AND 7938004 ORDER BY c
	Unique  (cost=3887.74..3892.71 rows=994 width=121)
	  ->  Sort  (cost=3887.74..3890.22 rows=994 width=121)
	        Sort Key: c
	        ->  Bitmap Heap Scan on sbtest6  (cost=22.62..3838.25 rows=994 width=121)
	              Recheck Cond: ((id >= 7937005) AND (id <= 7938004))
	              ->  Bitmap Index Scan on sbtest6_pkey  (cost=0.00..22.37 rows=994 width=0)
	                    Index Cond: ((id >= 7937005) AND (id <= 7938004))

table 7 : explain SELECT DISTINCT c FROM sbtest7 WHERE id BETWEEN 1285480 AND 1286479 ORDER BY c
	Unique  (cost=3615.92..3620.54 rows=923 width=121)
	  ->  Sort  (cost=3615.92..3618.23 rows=923 width=121)
	        Sort Key: c
	        ->  Bitmap Heap Scan on sbtest7  (cost=21.90..3570.46 rows=923 width=121)
	              Recheck Cond: ((id >= 1285480) AND (id <= 1286479))
	              ->  Bitmap Index Scan on sbtest7_pkey  (cost=0.00..21.66 rows=923 width=0)
	                    Index Cond: ((id >= 1285480) AND (id <= 1286479))

table 8 : explain SELECT DISTINCT c FROM sbtest8 WHERE id BETWEEN 3214135 AND 3215134 ORDER BY c
	Unique  (cost=3865.05..3869.99 rows=988 width=121)
	  ->  Sort  (cost=3865.05..3867.52 rows=988 width=121)
	        Sort Key: c
	        ->  Bitmap Heap Scan on sbtest8  (cost=22.56..3815.90 rows=988 width=121)
	              Recheck Cond: ((id >= 3214135) AND (id <= 3215134))
	              ->  Bitmap Index Scan on sbtest8_pkey  (cost=0.00..22.32 rows=988 width=0)
	                    Index Cond: ((id >= 3214135) AND (id <= 3215134))

for: order_ranges
table 1 : explain SELECT c FROM sbtest1 WHERE id BETWEEN 2676080 AND 2677079 ORDER BY c
	Sort  (cost=3768.98..3771.39 rows=963 width=121)
	  Sort Key: c
	  ->  Bitmap Heap Scan on sbtest1  (cost=22.31..3721.26 rows=963 width=121)
	        Recheck Cond: ((id >= 2676080) AND (id <= 2677079))
	        ->  Bitmap Index Scan on sbtest1_pkey  (cost=0.00..22.07 rows=963 width=0)
	              Index Cond: ((id >= 2676080) AND (id <= 2677079))

table 2 : explain SELECT c FROM sbtest2 WHERE id BETWEEN 2223228 AND 2224227 ORDER BY c
	Sort  (cost=3785.17..3787.59 rows=967 width=121)
	  Sort Key: c
	  ->  Bitmap Heap Scan on sbtest2  (cost=22.35..3737.22 rows=967 width=121)
	        Recheck Cond: ((id >= 2223228) AND (id <= 2224227))
	        ->  Bitmap Index Scan on sbtest2_pkey  (cost=0.00..22.11 rows=967 width=0)
	              Index Cond: ((id >= 2223228) AND (id <= 2224227))

table 3 : explain SELECT c FROM sbtest3 WHERE id BETWEEN 7803952 AND 7804951 ORDER BY c
	Sort  (cost=3921.13..3923.63 rows=1003 width=121)
	  Sort Key: c
	  ->  Bitmap Heap Scan on sbtest3  (cost=22.72..3871.13 rows=1003 width=121)
	        Recheck Cond: ((id >= 7803952) AND (id <= 7804951))
	        ->  Bitmap Index Scan on sbtest3_pkey  (cost=0.00..22.46 rows=1003 width=0)
	              Index Cond: ((id >= 7803952) AND (id <= 7804951))

table 4 : explain SELECT c FROM sbtest4 WHERE id BETWEEN 4675645 AND 4676644 ORDER BY c
	Sort  (cost=3481.56..3483.78 rows=888 width=121)
	  Sort Key: c
	  ->  Bitmap Heap Scan on sbtest4  (cost=21.54..3438.07 rows=888 width=121)
	        Recheck Cond: ((id >= 4675645) AND (id <= 4676644))
	        ->  Bitmap Index Scan on sbtest4_pkey  (cost=0.00..21.32 rows=888 width=0)
	              Index Cond: ((id >= 4675645) AND (id <= 4676644))

table 5 : explain SELECT c FROM sbtest5 WHERE id BETWEEN 7107609 AND 7108608 ORDER BY c
	Sort  (cost=3417.11..3419.28 rows=871 width=121)
	  Sort Key: c
	  ->  Bitmap Heap Scan on sbtest5  (cost=21.36..3374.57 rows=871 width=121)
	        Recheck Cond: ((id >= 7107609) AND (id <= 7108608))
	        ->  Bitmap Index Scan on sbtest5_pkey  (cost=0.00..21.14 rows=871 width=0)
	              Index Cond: ((id >= 7107609) AND (id <= 7108608))

table 6 : explain SELECT c FROM sbtest6 WHERE id BETWEEN 5034008 AND 5035007 ORDER BY c
	Sort  (cost=4063.49..4066.09 rows=1040 width=121)
	  Sort Key: c
	  ->  Bitmap Heap Scan on sbtest6  (cost=23.09..4011.38 rows=1040 width=121)
	        Recheck Cond: ((id >= 5034008) AND (id <= 5035007))
	        ->  Bitmap Index Scan on sbtest6_pkey  (cost=0.00..22.83 rows=1040 width=0)
	              Index Cond: ((id >= 5034008) AND (id <= 5035007))

table 7 : explain SELECT c FROM sbtest7 WHERE id BETWEEN 9087251 AND 9088250 ORDER BY c
	Sort  (cost=4002.35..4004.91 rows=1024 width=121)
	  Sort Key: c
	  ->  Bitmap Heap Scan on sbtest7  (cost=22.93..3951.15 rows=1024 width=121)
	        Recheck Cond: ((id >= 9087251) AND (id <= 9088250))
	        ->  Bitmap Index Scan on sbtest7_pkey  (cost=0.00..22.68 rows=1024 width=0)
	              Index Cond: ((id >= 9087251) AND (id <= 9088250))

table 8 : explain SELECT c FROM sbtest8 WHERE id BETWEEN 7919827 AND 7920826 ORDER BY c
	Sort  (cost=3585.52..3587.80 rows=915 width=121)
	  Sort Key: c
	  ->  Bitmap Heap Scan on sbtest8  (cost=21.81..3540.51 rows=915 width=121)
	        Recheck Cond: ((id >= 7919827) AND (id <= 7920826))
	        ->  Bitmap Index Scan on sbtest8_pkey  (cost=0.00..21.58 rows=915 width=0)
	              Index Cond: ((id >= 7919827) AND (id <= 7920826))

for: sum_ranges
table 1 : explain SELECT SUM(k) FROM sbtest1 WHERE id BETWEEN 8790881 AND 8791880
	Aggregate  (cost=4025.08..4025.09 rows=1 width=8)
	  ->  Bitmap Heap Scan on sbtest1  (cost=23.13..4022.47 rows=1043 width=4)
	        Recheck Cond: ((id >= 8790881) AND (id <= 8791880))
	        ->  Bitmap Index Scan on sbtest1_pkey  (cost=0.00..22.86 rows=1043 width=0)
	              Index Cond: ((id >= 8790881) AND (id <= 8791880))

table 2 : explain SELECT SUM(k) FROM sbtest2 WHERE id BETWEEN 9857098 AND 9858097
	Aggregate  (cost=3724.55..3724.56 rows=1 width=8)
	  ->  Bitmap Heap Scan on sbtest2  (cost=22.31..3722.14 rows=963 width=4)
	        Recheck Cond: ((id >= 9857098) AND (id <= 9858097))
	        ->  Bitmap Index Scan on sbtest2_pkey  (cost=0.00..22.07 rows=963 width=0)
	              Index Cond: ((id >= 9857098) AND (id <= 9858097))

table 3 : explain SELECT SUM(k) FROM sbtest3 WHERE id BETWEEN 389064 AND 390063
	Aggregate  (cost=3907.53..3907.54 rows=1 width=8)
	  ->  Bitmap Heap Scan on sbtest3  (cost=22.81..3905.00 rows=1012 width=4)
	        Recheck Cond: ((id >= 389064) AND (id <= 390063))
	        ->  Bitmap Index Scan on sbtest3_pkey  (cost=0.00..22.55 rows=1012 width=0)
	              Index Cond: ((id >= 389064) AND (id <= 390063))

table 4 : explain SELECT SUM(k) FROM sbtest4 WHERE id BETWEEN 9234660 AND 9235659
	Aggregate  (cost=3481.89..3481.90 rows=1 width=8)
	  ->  Bitmap Heap Scan on sbtest4  (cost=21.65..3479.64 rows=899 width=4)
	        Recheck Cond: ((id >= 9234660) AND (id <= 9235659))
	        ->  Bitmap Index Scan on sbtest4_pkey  (cost=0.00..21.43 rows=899 width=0)
	              Index Cond: ((id >= 9234660) AND (id <= 9235659))

table 5 : explain SELECT SUM(k) FROM sbtest5 WHERE id BETWEEN 4509648 AND 4510647
	Aggregate  (cost=4007.48..4007.49 rows=1 width=8)
	  ->  Bitmap Heap Scan on sbtest5  (cost=27.06..4004.88 rows=1037 width=4)
	        Recheck Cond: ((id >= 4509648) AND (id <= 4510647))
	        ->  Bitmap Index Scan on sbtest5_pkey  (cost=0.00..26.80 rows=1037 width=0)
	              Index Cond: ((id >= 4509648) AND (id <= 4510647))

table 6 : explain SELECT SUM(k) FROM sbtest6 WHERE id BETWEEN 3186156 AND 3187155
	Aggregate  (cost=3746.47..3746.48 rows=1 width=8)
	  ->  Bitmap Heap Scan on sbtest6  (cost=22.37..3744.05 rows=969 width=4)
	        Recheck Cond: ((id >= 3186156) AND (id <= 3187155))
	        ->  Bitmap Index Scan on sbtest6_pkey  (cost=0.00..22.12 rows=969 width=0)
	              Index Cond: ((id >= 3186156) AND (id <= 3187155))

table 7 : explain SELECT SUM(k) FROM sbtest7 WHERE id BETWEEN 1150577 AND 1151576
	Aggregate  (cost=3987.59..3987.60 rows=1 width=8)
	  ->  Bitmap Heap Scan on sbtest7  (cost=23.02..3985.01 rows=1033 width=4)
	        Recheck Cond: ((id >= 1150577) AND (id <= 1151576))
	        ->  Bitmap Index Scan on sbtest7_pkey  (cost=0.00..22.76 rows=1033 width=0)
	              Index Cond: ((id >= 1150577) AND (id <= 1151576))

table 8 : explain SELECT SUM(k) FROM sbtest8 WHERE id BETWEEN 3659735 AND 3660734
	Aggregate  (cost=3761.80..3761.81 rows=1 width=8)
	  ->  Bitmap Heap Scan on sbtest8  (cost=22.41..3759.37 rows=973 width=4)
	        Recheck Cond: ((id >= 3659735) AND (id <= 3660734))
	        ->  Bitmap Index Scan on sbtest8_pkey  (cost=0.00..22.16 rows=973 width=0)
	              Index Cond: ((id >= 3659735) AND (id <= 3660734))

for: order_ranges
table 1 : explain SELECT c FROM sbtest1 WHERE id BETWEEN 1716767 AND 1717766 ORDER BY c
	Sort  (cost=3519.96..3522.20 rows=898 width=121)
	  Sort Key: c
	  ->  Bitmap Heap Scan on sbtest1  (cost=21.64..3475.91 rows=898 width=121)
	        Recheck Cond: ((id >= 1716767) AND (id <= 1717766))
	        ->  Bitmap Index Scan on sbtest1_pkey  (cost=0.00..21.41 rows=898 width=0)
	              Index Cond: ((id >= 1716767) AND (id <= 1717766))

table 2 : explain SELECT c FROM sbtest2 WHERE id BETWEEN 6987313 AND 6988312 ORDER BY c
	Sort  (cost=4419.23..4422.06 rows=1133 width=121)
	  Sort Key: c
	  ->  Bitmap Heap Scan on sbtest2  (cost=28.05..4361.75 rows=1133 width=121)
	        Recheck Cond: ((id >= 6987313) AND (id <= 6988312))
	        ->  Bitmap Index Scan on sbtest2_pkey  (cost=0.00..27.76 rows=1133 width=0)
	              Index Cond: ((id >= 6987313) AND (id <= 6988312))

table 3 : explain SELECT c FROM sbtest3 WHERE id BETWEEN 486048 AND 487047 ORDER BY c
	Sort  (cost=3955.51..3958.04 rows=1012 width=121)
	  Sort Key: c
	  ->  Bitmap Heap Scan on sbtest3  (cost=22.81..3905.00 rows=1012 width=121)
	        Recheck Cond: ((id >= 486048) AND (id <= 487047))
	        ->  Bitmap Index Scan on sbtest3_pkey  (cost=0.00..22.55 rows=1012 width=0)
	              Index Cond: ((id >= 486048) AND (id <= 487047))

table 4 : explain SELECT c FROM sbtest4 WHERE id BETWEEN 1299915 AND 1300914 ORDER BY c
	Sort  (cost=3948.67..3951.20 rows=1010 width=121)
	  Sort Key: c
	  ->  Bitmap Heap Scan on sbtest4  (cost=22.79..3898.27 rows=1010 width=121)
	        Recheck Cond: ((id >= 1299915) AND (id <= 1300914))
	        ->  Bitmap Index Scan on sbtest4_pkey  (cost=0.00..22.54 rows=1010 width=0)
	              Index Cond: ((id >= 1299915) AND (id <= 1300914))

table 5 : explain SELECT c FROM sbtest5 WHERE id BETWEEN 1791619 AND 1792618 ORDER BY c
	Sort  (cost=3877.01..3879.48 rows=991 width=121)
	  Sort Key: c
	  ->  Bitmap Heap Scan on sbtest5  (cost=22.59..3827.69 rows=991 width=121)
	        Recheck Cond: ((id >= 1791619) AND (id <= 1792618))
	        ->  Bitmap Index Scan on sbtest5_pkey  (cost=0.00..22.34 rows=991 width=0)
	              Index Cond: ((id >= 1791619) AND (id <= 1792618))

table 6 : explain SELECT c FROM sbtest6 WHERE id BETWEEN 4991870 AND 4992869 ORDER BY c
	Sort  (cost=4521.07..4523.97 rows=1160 width=121)
	  Sort Key: c
	  ->  Bitmap Heap Scan on sbtest6  (cost=28.32..4462.03 rows=1160 width=121)
	        Recheck Cond: ((id >= 4991870) AND (id <= 4992869))
	        ->  Bitmap Index Scan on sbtest6_pkey  (cost=0.00..28.04 rows=1160 width=0)
	              Index Cond: ((id >= 4991870) AND (id <= 4992869))

table 7 : explain SELECT c FROM sbtest7 WHERE id BETWEEN 9792718 AND 9793717 ORDER BY c
	Sort  (cost=3558.42..3560.69 rows=908 width=121)
	  Sort Key: c
	  ->  Bitmap Heap Scan on sbtest7  (cost=21.74..3513.81 rows=908 width=121)
	        Recheck Cond: ((id >= 9792718) AND (id <= 9793717))
	        ->  Bitmap Index Scan on sbtest7_pkey  (cost=0.00..21.51 rows=908 width=0)
	              Index Cond: ((id >= 9792718) AND (id <= 9793717))

table 8 : explain SELECT c FROM sbtest8 WHERE id BETWEEN 2171514 AND 2172513 ORDER BY c
	Sort  (cost=3734.94..3737.32 rows=954 width=121)
	  Sort Key: c
	  ->  Bitmap Heap Scan on sbtest8  (cost=22.21..3687.72 rows=954 width=121)
	        Recheck Cond: ((id >= 2171514) AND (id <= 2172513))
	        ->  Bitmap Index Scan on sbtest8_pkey  (cost=0.00..21.97 rows=954 width=0)
	              Index Cond: ((id >= 2171514) AND (id <= 2172513))

for: order_ranges
table 1 : explain SELECT c FROM sbtest1 WHERE id BETWEEN 9059916 AND 9060915 ORDER BY c
	Sort  (cost=4135.82..4138.46 rows=1059 width=121)
	  Sort Key: c
	  ->  Bitmap Heap Scan on sbtest1  (cost=23.29..4082.61 rows=1059 width=121)
	        Recheck Cond: ((id >= 9059916) AND (id <= 9060915))
	        ->  Bitmap Index Scan on sbtest1_pkey  (cost=0.00..23.02 rows=1059 width=0)
	              Index Cond: ((id >= 9059916) AND (id <= 9060915))

table 2 : explain SELECT c FROM sbtest2 WHERE id BETWEEN 9988519 AND 9989518 ORDER BY c
	Sort  (cost=3739.23..3741.62 rows=955 width=121)
	  Sort Key: c
	  ->  Bitmap Heap Scan on sbtest2  (cost=22.22..3691.96 rows=955 width=121)
	        Recheck Cond: ((id >= 9988519) AND (id <= 9989518))
	        ->  Bitmap Index Scan on sbtest2_pkey  (cost=0.00..21.98 rows=955 width=0)
	              Index Cond: ((id >= 9988519) AND (id <= 9989518))

table 3 : explain SELECT c FROM sbtest3 WHERE id BETWEEN 1223246 AND 1224245 ORDER BY c
	Sort  (cost=3970.79..3973.33 rows=1016 width=121)
	  Sort Key: c
	  ->  Bitmap Heap Scan on sbtest3  (cost=22.85..3920.05 rows=1016 width=121)
	        Recheck Cond: ((id >= 1223246) AND (id <= 1224245))
	        ->  Bitmap Index Scan on sbtest3_pkey  (cost=0.00..22.59 rows=1016 width=0)
	              Index Cond: ((id >= 1223246) AND (id <= 1224245))

table 4 : explain SELECT c FROM sbtest4 WHERE id BETWEEN 5682133 AND 5683132 ORDER BY c
	Sort  (cost=3876.05..3878.52 rows=991 width=121)
	  Sort Key: c
	  ->  Bitmap Heap Scan on sbtest4  (cost=22.59..3826.73 rows=991 width=121)
	        Recheck Cond: ((id >= 5682133) AND (id <= 5683132))
	        ->  Bitmap Index Scan on sbtest4_pkey  (cost=0.00..22.34 rows=991 width=0)
	              Index Cond: ((id >= 5682133) AND (id <= 5683132))

table 5 : explain SELECT c FROM sbtest5 WHERE id BETWEEN 1235323 AND 1236322 ORDER BY c
	Sort  (cost=4129.38..4132.02 rows=1056 width=121)
	  Sort Key: c
	  ->  Bitmap Heap Scan on sbtest5  (cost=27.26..4076.34 rows=1056 width=121)
	        Recheck Cond: ((id >= 1235323) AND (id <= 1236322))
	        ->  Bitmap Index Scan on sbtest5_pkey  (cost=0.00..27.00 rows=1056 width=0)
	              Index Cond: ((id >= 1235323) AND (id <= 1236322))

table 6 : explain SELECT c FROM sbtest6 WHERE id BETWEEN 6005307 AND 6006306 ORDER BY c
	Sort  (cost=3493.25..3495.48 rows=891 width=121)
	  Sort Key: c
	  ->  Bitmap Heap Scan on sbtest6  (cost=21.57..3449.60 rows=891 width=121)
	        Recheck Cond: ((id >= 6005307) AND (id <= 6006306))
	        ->  Bitmap Index Scan on sbtest6_pkey  (cost=0.00..21.34 rows=891 width=0)
	              Index Cond: ((id >= 6005307) AND (id <= 6006306))

table 7 : explain SELECT c FROM sbtest7 WHERE id BETWEEN 1003232 AND 1004231 ORDER BY c
	Sort  (cost=3960.33..3962.86 rows=1013 width=121)
	  Sort Key: c
	  ->  Bitmap Heap Scan on sbtest7  (cost=22.82..3909.75 rows=1013 width=121)
	        Recheck Cond: ((id >= 1003232) AND (id <= 1004231))
	        ->  Bitmap Index Scan on sbtest7_pkey  (cost=0.00..22.57 rows=1013 width=0)
	              Index Cond: ((id >= 1003232) AND (id <= 1004231))

table 8 : explain SELECT c FROM sbtest8 WHERE id BETWEEN 3127282 AND 3128281 ORDER BY c
	Sort  (cost=4048.49..4051.08 rows=1036 width=121)
	  Sort Key: c
	  ->  Bitmap Heap Scan on sbtest8  (cost=23.05..3996.60 rows=1036 width=121)
	        Recheck Cond: ((id >= 3127282) AND (id <= 3128281))
	        ->  Bitmap Index Scan on sbtest8_pkey  (cost=0.00..22.79 rows=1036 width=0)
	              Index Cond: ((id >= 3127282) AND (id <= 3128281))

for: distinct_ranges
table 1 : explain SELECT DISTINCT c FROM sbtest1 WHERE id BETWEEN 8965514 AND 8966513 ORDER BY c
	Unique  (cost=3830.20..3835.10 rows=979 width=121)
	  ->  Sort  (cost=3830.20..3832.65 rows=979 width=121)
	        Sort Key: c
	        ->  Bitmap Heap Scan on sbtest1  (cost=22.47..3781.57 rows=979 width=121)
	              Recheck Cond: ((id >= 8965514) AND (id <= 8966513))
	              ->  Bitmap Index Scan on sbtest1_pkey  (cost=0.00..22.22 rows=979 width=0)
	                    Index Cond: ((id >= 8965514) AND (id <= 8966513))

table 2 : explain SELECT DISTINCT c FROM sbtest2 WHERE id BETWEEN 3431525 AND 3432524 ORDER BY c
	Unique  (cost=3861.71..3866.64 rows=987 width=121)
	  ->  Sort  (cost=3861.71..3864.18 rows=987 width=121)
	        Sort Key: c
	        ->  Bitmap Heap Scan on sbtest2  (cost=22.55..3812.62 rows=987 width=121)
	              Recheck Cond: ((id >= 3431525) AND (id <= 3432524))
	              ->  Bitmap Index Scan on sbtest2_pkey  (cost=0.00..22.30 rows=987 width=0)
	                    Index Cond: ((id >= 3431525) AND (id <= 3432524))

table 3 : explain SELECT DISTINCT c FROM sbtest3 WHERE id BETWEEN 5731158 AND 5732157 ORDER BY c
	Unique  (cost=3871.45..3876.40 rows=990 width=121)
	  ->  Sort  (cost=3871.45..3873.92 rows=990 width=121)
	        Sort Key: c
	        ->  Bitmap Heap Scan on sbtest3  (cost=22.58..3822.19 rows=990 width=121)
	              Recheck Cond: ((id >= 5731158) AND (id <= 5732157))
	              ->  Bitmap Index Scan on sbtest3_pkey  (cost=0.00..22.33 rows=990 width=0)
	                    Index Cond: ((id >= 5731158) AND (id <= 5732157))

table 4 : explain SELECT DISTINCT c FROM sbtest4 WHERE id BETWEEN 740096 AND 741095 ORDER BY c
	Unique  (cost=4277.12..4282.60 rows=1096 width=121)
	  ->  Sort  (cost=4277.12..4279.86 rows=1096 width=121)
	        Sort Key: c
	        ->  Bitmap Heap Scan on sbtest4  (cost=27.67..4221.78 rows=1096 width=121)
	              Recheck Cond: ((id >= 740096) AND (id <= 741095))
	              ->  Bitmap Index Scan on sbtest4_pkey  (cost=0.00..27.39 rows=1096 width=0)
	                    Index Cond: ((id >= 740096) AND (id <= 741095))

table 5 : explain SELECT DISTINCT c FROM sbtest5 WHERE id BETWEEN 4858988 AND 4859987 ORDER BY c
	Unique  (cost=4224.77..4230.17 rows=1081 width=121)
	  ->  Sort  (cost=4224.77..4227.47 rows=1081 width=121)
	        Sort Key: c
	        ->  Bitmap Heap Scan on sbtest5  (cost=27.52..4170.30 rows=1081 width=121)
	              Recheck Cond: ((id >= 4858988) AND (id <= 4859987))
	              ->  Bitmap Index Scan on sbtest5_pkey  (cost=0.00..27.25 rows=1081 width=0)
	                    Index Cond: ((id >= 4858988) AND (id <= 4859987))

table 6 : explain SELECT DISTINCT c FROM sbtest6 WHERE id BETWEEN 8138878 AND 8139877 ORDER BY c
	Unique  (cost=3795.94..3800.79 rows=970 width=121)
	  ->  Sort  (cost=3795.94..3798.36 rows=970 width=121)
	        Sort Key: c
	        ->  Bitmap Heap Scan on sbtest6  (cost=22.38..3747.82 rows=970 width=121)
	              Recheck Cond: ((id >= 8138878) AND (id <= 8139877))
	              ->  Bitmap Index Scan on sbtest6_pkey  (cost=0.00..22.14 rows=970 width=0)
	                    Index Cond: ((id >= 8138878) AND (id <= 8139877))

table 7 : explain SELECT DISTINCT c FROM sbtest7 WHERE id BETWEEN 4151462 AND 4152461 ORDER BY c
	Unique  (cost=3937.40..3942.43 rows=1007 width=121)
	  ->  Sort  (cost=3937.40..3939.91 rows=1007 width=121)
	        Sort Key: c
	        ->  Bitmap Heap Scan on sbtest7  (cost=22.76..3887.17 rows=1007 width=121)
	              Recheck Cond: ((id >= 4151462) AND (id <= 4152461))
	              ->  Bitmap Index Scan on sbtest7_pkey  (cost=0.00..22.50 rows=1007 width=0)
	                    Index Cond: ((id >= 4151462) AND (id <= 4152461))

table 8 : explain SELECT DISTINCT c FROM sbtest8 WHERE id BETWEEN 3417298 AND 3418297 ORDER BY c
	Unique  (cost=3731.11..3735.87 rows=953 width=121)
	  ->  Sort  (cost=3731.11..3733.49 rows=953 width=121)
	        Sort Key: c
	        ->  Bitmap Heap Scan on sbtest8  (cost=22.20..3683.95 rows=953 width=121)
	              Recheck Cond: ((id >= 3417298) AND (id <= 3418297))
	              ->  Bitmap Index Scan on sbtest8_pkey  (cost=0.00..21.96 rows=953 width=0)
	                    Index Cond: ((id >= 3417298) AND (id <= 3418297))

for: distinct_ranges
table 1 : explain SELECT DISTINCT c FROM sbtest1 WHERE id BETWEEN 2119592 AND 2120591 ORDER BY c
	Unique  (cost=3673.27..3677.96 rows=938 width=121)
	  ->  Sort  (cost=3673.27..3675.61 rows=938 width=121)
	        Sort Key: c
	        ->  Bitmap Heap Scan on sbtest1  (cost=22.05..3626.96 rows=938 width=121)
	              Recheck Cond: ((id >= 2119592) AND (id <= 2120591))
	              ->  Bitmap Index Scan on sbtest1_pkey  (cost=0.00..21.82 rows=938 width=0)
	                    Index Cond: ((id >= 2119592) AND (id <= 2120591))

table 2 : explain SELECT DISTINCT c FROM sbtest2 WHERE id BETWEEN 7806231 AND 7807230 ORDER BY c
	Unique  (cost=4075.75..4080.96 rows=1043 width=121)
	  ->  Sort  (cost=4075.75..4078.35 rows=1043 width=121)
	        Sort Key: c
	        ->  Bitmap Heap Scan on sbtest2  (cost=23.13..4023.46 rows=1043 width=121)
	              Recheck Cond: ((id >= 7806231) AND (id <= 7807230))
	              ->  Bitmap Index Scan on sbtest2_pkey  (cost=0.00..22.86 rows=1043 width=0)
	                    Index Cond: ((id >= 7806231) AND (id <= 7807230))

table 3 : explain SELECT DISTINCT c FROM sbtest3 WHERE id BETWEEN 8228331 AND 8229330 ORDER BY c
	Unique  (cost=3703.13..3707.86 rows=946 width=121)
	  ->  Sort  (cost=3703.13..3705.50 rows=946 width=121)
	        Sort Key: c
	        ->  Bitmap Heap Scan on sbtest3  (cost=22.13..3656.38 rows=946 width=121)
	              Recheck Cond: ((id >= 8228331) AND (id <= 8229330))
	              ->  Bitmap Index Scan on sbtest3_pkey  (cost=0.00..21.89 rows=946 width=0)
	                    Index Cond: ((id >= 8228331) AND (id <= 8229330))

table 4 : explain SELECT DISTINCT c FROM sbtest4 WHERE id BETWEEN 7256883 AND 7257882 ORDER BY c
	Unique  (cost=3876.05..3881.00 rows=991 width=121)
	  ->  Sort  (cost=3876.05..3878.52 rows=991 width=121)
	        Sort Key: c
	        ->  Bitmap Heap Scan on sbtest4  (cost=22.59..3826.73 rows=991 width=121)
	              Recheck Cond: ((id >= 7256883) AND (id <= 7257882))
	              ->  Bitmap Index Scan on sbtest4_pkey  (cost=0.00..22.34 rows=991 width=0)
	                    Index Cond: ((id >= 7256883) AND (id <= 7257882))

table 5 : explain SELECT DISTINCT c FROM sbtest5 WHERE id BETWEEN 7799512 AND 7800511 ORDER BY c
	Unique  (cost=4320.17..4325.70 rows=1107 width=121)
	  ->  Sort  (cost=4320.17..4322.94 rows=1107 width=121)
	        Sort Key: c
	        ->  Bitmap Heap Scan on sbtest5  (cost=27.78..4264.20 rows=1107 width=121)
	              Recheck Cond: ((id >= 7799512) AND (id <= 7800511))
	              ->  Bitmap Index Scan on sbtest5_pkey  (cost=0.00..27.50 rows=1107 width=0)
	                    Index Cond: ((id >= 7799512) AND (id <= 7800511))

table 6 : explain SELECT DISTINCT c FROM sbtest6 WHERE id BETWEEN 9545009 AND 9546008 ORDER BY c
	Unique  (cost=4090.22..4095.45 rows=1047 width=121)
	  ->  Sort  (cost=4090.22..4092.83 rows=1047 width=121)
	        Sort Key: c
	        ->  Bitmap Heap Scan on sbtest6  (cost=23.17..4037.70 rows=1047 width=121)
	              Recheck Cond: ((id >= 9545009) AND (id <= 9546008))
	              ->  Bitmap Index Scan on sbtest6_pkey  (cost=0.00..22.90 rows=1047 width=0)
	                    Index Cond: ((id >= 9545009) AND (id <= 9546008))

table 7 : explain SELECT DISTINCT c FROM sbtest7 WHERE id BETWEEN 2188176 AND 2189175 ORDER BY c
	Unique  (cost=4101.62..4106.87 rows=1050 width=121)
	  ->  Sort  (cost=4101.62..4104.25 rows=1050 width=121)
	        Sort Key: c
	        ->  Bitmap Heap Scan on sbtest7  (cost=23.20..4048.93 rows=1050 width=121)
	              Recheck Cond: ((id >= 2188176) AND (id <= 2189175))
	              ->  Bitmap Index Scan on sbtest7_pkey  (cost=0.00..22.93 rows=1050 width=0)
	                    Index Cond: ((id >= 2188176) AND (id <= 2189175))

table 8 : explain SELECT DISTINCT c FROM sbtest8 WHERE id BETWEEN 904125 AND 905124 ORDER BY c
	Unique  (cost=4273.78..4279.25 rows=1094 width=121)
	  ->  Sort  (cost=4273.78..4276.51 rows=1094 width=121)
	        Sort Key: c
	        ->  Bitmap Heap Scan on sbtest8  (cost=27.65..4218.56 rows=1094 width=121)
	              Recheck Cond: ((id >= 904125) AND (id <= 905124))
	              ->  Bitmap Index Scan on sbtest8_pkey  (cost=0.00..27.37 rows=1094 width=0)
	                    Index Cond: ((id >= 904125) AND (id <= 905124))

for: distinct_ranges
table 1 : explain SELECT DISTINCT c FROM sbtest1 WHERE id BETWEEN 6562109 AND 6563108 ORDER BY c
	Unique  (cost=3967.82..3972.90 rows=1015 width=121)
	  ->  Sort  (cost=3967.82..3970.36 rows=1015 width=121)
	        Sort Key: c
	        ->  Bitmap Heap Scan on sbtest1  (cost=22.84..3917.14 rows=1015 width=121)
	              Recheck Cond: ((id >= 6562109) AND (id <= 6563108))
	              ->  Bitmap Index Scan on sbtest1_pkey  (cost=0.00..22.58 rows=1015 width=0)
	                    Index Cond: ((id >= 6562109) AND (id <= 6563108))

table 2 : explain SELECT DISTINCT c FROM sbtest2 WHERE id BETWEEN 5036421 AND 5037420 ORDER BY c
	Unique  (cost=3815.79..3820.67 rows=975 width=121)
	  ->  Sort  (cost=3815.79..3818.23 rows=975 width=121)
	        Sort Key: c
	        ->  Bitmap Heap Scan on sbtest2  (cost=22.43..3767.39 rows=975 width=121)
	              Recheck Cond: ((id >= 5036421) AND (id <= 5037420))
	              ->  Bitmap Index Scan on sbtest2_pkey  (cost=0.00..22.18 rows=975 width=0)
	                    Index Cond: ((id >= 5036421) AND (id <= 5037420))

table 3 : explain SELECT DISTINCT c FROM sbtest3 WHERE id BETWEEN 1577776 AND 1578775 ORDER BY c
	Unique  (cost=3966.97..3972.04 rows=1015 width=121)
	  ->  Sort  (cost=3966.97..3969.51 rows=1015 width=121)
	        Sort Key: c
	        ->  Bitmap Heap Scan on sbtest3  (cost=22.84..3916.28 rows=1015 width=121)
	              Recheck Cond: ((id >= 1577776) AND (id <= 1578775))
	              ->  Bitmap Index Scan on sbtest3_pkey  (cost=0.00..22.58 rows=1015 width=0)
	                    Index Cond: ((id >= 1577776) AND (id <= 1578775))

table 4 : explain SELECT DISTINCT c FROM sbtest4 WHERE id BETWEEN 4110788 AND 4111787 ORDER BY c
	Unique  (cost=4242.55..4247.98 rows=1087 width=121)
	  ->  Sort  (cost=4242.55..4245.26 rows=1087 width=121)
	        Sort Key: c
	        ->  Bitmap Heap Scan on sbtest4  (cost=23.58..4187.73 rows=1087 width=121)
	              Recheck Cond: ((id >= 4110788) AND (id <= 4111787))
	              ->  Bitmap Index Scan on sbtest4_pkey  (cost=0.00..23.30 rows=1087 width=0)
	                    Index Cond: ((id >= 4110788) AND (id <= 4111787))

table 5 : explain SELECT DISTINCT c FROM sbtest5 WHERE id BETWEEN 8410702 AND 8411701 ORDER BY c
	Unique  (cost=3999.52..4004.63 rows=1022 width=121)
	  ->  Sort  (cost=3999.52..4002.08 rows=1022 width=121)
	        Sort Key: c
	        ->  Bitmap Heap Scan on sbtest5  (cost=26.91..3948.44 rows=1022 width=121)
	              Recheck Cond: ((id >= 8410702) AND (id <= 8411701))
	              ->  Bitmap Index Scan on sbtest5_pkey  (cost=0.00..26.65 rows=1022 width=0)
	                    Index Cond: ((id >= 8410702) AND (id <= 8411701))

table 6 : explain SELECT DISTINCT c FROM sbtest6 WHERE id BETWEEN 1265943 AND 1266942 ORDER BY c
	Unique  (cost=3803.59..3808.45 rows=972 width=121)
	  ->  Sort  (cost=3803.59..3806.02 rows=972 width=121)
	        Sort Key: c
	        ->  Bitmap Heap Scan on sbtest6  (cost=22.40..3755.36 rows=972 width=121)
	              Recheck Cond: ((id >= 1265943) AND (id <= 1266942))
	              ->  Bitmap Index Scan on sbtest6_pkey  (cost=0.00..22.15 rows=972 width=0)
	                    Index Cond: ((id >= 1265943) AND (id <= 1266942))

table 7 : explain SELECT DISTINCT c FROM sbtest7 WHERE id BETWEEN 1542502 AND 1543501 ORDER BY c
	Unique  (cost=4116.89..4122.16 rows=1054 width=121)
	  ->  Sort  (cost=4116.89..4119.52 rows=1054 width=121)
	        Sort Key: c
	        ->  Bitmap Heap Scan on sbtest7  (cost=23.24..4063.97 rows=1054 width=121)
	              Recheck Cond: ((id >= 1542502) AND (id <= 1543501))
	              ->  Bitmap Index Scan on sbtest7_pkey  (cost=0.00..22.97 rows=1054 width=0)
	                    Index Cond: ((id >= 1542502) AND (id <= 1543501))

table 8 : explain SELECT DISTINCT c FROM sbtest8 WHERE id BETWEEN 2966943 AND 2967942 ORDER BY c
	Unique  (cost=3838.27..3843.18 rows=981 width=121)
	  ->  Sort  (cost=3838.27..3840.72 rows=981 width=121)
	        Sort Key: c
	        ->  Bitmap Heap Scan on sbtest8  (cost=22.49..3789.52 rows=981 width=121)
	              Recheck Cond: ((id >= 2966943) AND (id <= 2967942))
	              ->  Bitmap Index Scan on sbtest8_pkey  (cost=0.00..22.25 rows=981 width=0)
	                    Index Cond: ((id >= 2966943) AND (id <= 2967942))

for: distinct_ranges
table 1 : explain SELECT DISTINCT c FROM sbtest1 WHERE id BETWEEN 3268943 AND 3269942 ORDER BY c
	Unique  (cost=4204.47..4209.86 rows=1077 width=121)
	  ->  Sort  (cost=4204.47..4207.17 rows=1077 width=121)
	        Sort Key: c
	        ->  Bitmap Heap Scan on sbtest1  (cost=23.47..4150.23 rows=1077 width=121)
	              Recheck Cond: ((id >= 3268943) AND (id <= 3269942))
	              ->  Bitmap Index Scan on sbtest1_pkey  (cost=0.00..23.20 rows=1077 width=0)
	                    Index Cond: ((id >= 3268943) AND (id <= 3269942))

table 2 : explain SELECT DISTINCT c FROM sbtest2 WHERE id BETWEEN 4910960 AND 4911959 ORDER BY c
	Unique  (cost=3919.08..3924.09 rows=1002 width=121)
	  ->  Sort  (cost=3919.08..3921.58 rows=1002 width=121)
	        Sort Key: c
	        ->  Bitmap Heap Scan on sbtest2  (cost=22.71..3869.13 rows=1002 width=121)
	              Recheck Cond: ((id >= 4910960) AND (id <= 4911959))
	              ->  Bitmap Index Scan on sbtest2_pkey  (cost=0.00..22.45 rows=1002 width=0)
	                    Index Cond: ((id >= 4910960) AND (id <= 4911959))

table 3 : explain SELECT DISTINCT c FROM sbtest3 WHERE id BETWEEN 8119587 AND 8120586 ORDER BY c
	Unique  (cost=4043.33..4048.51 rows=1035 width=121)
	  ->  Sort  (cost=4043.33..4045.92 rows=1035 width=121)
	        Sort Key: c
	        ->  Bitmap Heap Scan on sbtest3  (cost=23.04..3991.50 rows=1035 width=121)
	              Recheck Cond: ((id >= 8119587) AND (id <= 8120586))
	              ->  Bitmap Index Scan on sbtest3_pkey  (cost=0.00..22.79 rows=1035 width=0)
	                    Index Cond: ((id >= 8119587) AND (id <= 8120586))

table 4 : explain SELECT DISTINCT c FROM sbtest4 WHERE id BETWEEN 4645727 AND 4646726 ORDER BY c
	Unique  (cost=3765.11..3769.92 rows=962 width=121)
	  ->  Sort  (cost=3765.11..3767.52 rows=962 width=121)
	        Sort Key: c
	        ->  Bitmap Heap Scan on sbtest4  (cost=22.30..3717.44 rows=962 width=121)
	              Recheck Cond: ((id >= 4645727) AND (id <= 4646726))
	              ->  Bitmap Index Scan on sbtest4_pkey  (cost=0.00..22.05 rows=962 width=0)
	                    Index Cond: ((id >= 4645727) AND (id <= 4646726))

table 5 : explain SELECT DISTINCT c FROM sbtest5 WHERE id BETWEEN 1811129 AND 1812128 ORDER BY c
	Unique  (cost=3877.01..3881.96 rows=991 width=121)
	  ->  Sort  (cost=3877.01..3879.48 rows=991 width=121)
	        Sort Key: c
	        ->  Bitmap Heap Scan on sbtest5  (cost=22.59..3827.69 rows=991 width=121)
	              Recheck Cond: ((id >= 1811129) AND (id <= 1812128))
	              ->  Bitmap Index Scan on sbtest5_pkey  (cost=0.00..22.34 rows=991 width=0)
	                    Index Cond: ((id >= 1811129) AND (id <= 1812128))

table 6 : explain SELECT DISTINCT c FROM sbtest6 WHERE id BETWEEN 933975 AND 934974 ORDER BY c
	Unique  (cost=3964.19..3969.26 rows=1014 width=121)
	  ->  Sort  (cost=3964.19..3966.72 rows=1014 width=121)
	        Sort Key: c
	        ->  Bitmap Heap Scan on sbtest6  (cost=22.83..3913.56 rows=1014 width=121)
	              Recheck Cond: ((id >= 933975) AND (id <= 934974))
	              ->  Bitmap Index Scan on sbtest6_pkey  (cost=0.00..22.57 rows=1014 width=0)
	                    Index Cond: ((id >= 933975) AND (id <= 934974))

table 7 : explain SELECT DISTINCT c FROM sbtest7 WHERE id BETWEEN 3180251 AND 3181250 ORDER BY c
	Unique  (cost=3592.93..3597.51 rows=917 width=121)
	  ->  Sort  (cost=3592.93..3595.22 rows=917 width=121)
	        Sort Key: c
	        ->  Bitmap Heap Scan on sbtest7  (cost=21.83..3547.81 rows=917 width=121)
	              Recheck Cond: ((id >= 3180251) AND (id <= 3181250))
	              ->  Bitmap Index Scan on sbtest7_pkey  (cost=0.00..21.61 rows=917 width=0)
	                    Index Cond: ((id >= 3180251) AND (id <= 3181250))

table 8 : explain SELECT DISTINCT c FROM sbtest8 WHERE id BETWEEN 6088172 AND 6089171 ORDER BY c
	Unique  (cost=4182.07..4187.43 rows=1071 width=121)
	  ->  Sort  (cost=4182.07..4184.75 rows=1071 width=121)
	        Sort Key: c
	        ->  Bitmap Heap Scan on sbtest8  (cost=23.41..4128.18 rows=1071 width=121)
	              Recheck Cond: ((id >= 6088172) AND (id <= 6089171))
	              ->  Bitmap Index Scan on sbtest8_pkey  (cost=0.00..23.14 rows=1071 width=0)
	                    Index Cond: ((id >= 6088172) AND (id <= 6089171))

for point_selects
table 1 : explain SELECT c FROM sbtest1 WHERE id=4001655
	Index Scan using sbtest1_pkey on sbtest1  (cost=0.43..8.45 rows=1 width=121)
	  Index Cond: (id = 4001655)

table 2 : explain SELECT c FROM sbtest2 WHERE id=1560095
	Index Scan using sbtest2_pkey on sbtest2  (cost=0.43..8.45 rows=1 width=121)
	  Index Cond: (id = 1560095)

table 3 : explain SELECT c FROM sbtest3 WHERE id=3966333
	Index Scan using sbtest3_pkey on sbtest3  (cost=0.43..8.45 rows=1 width=121)
	  Index Cond: (id = 3966333)

table 4 : explain SELECT c FROM sbtest4 WHERE id=8483561
	Index Scan using sbtest4_pkey on sbtest4  (cost=0.43..8.45 rows=1 width=121)
	  Index Cond: (id = 8483561)

table 5 : explain SELECT c FROM sbtest5 WHERE id=4041050
	Index Scan using sbtest5_pkey on sbtest5  (cost=0.43..8.45 rows=1 width=121)
	  Index Cond: (id = 4041050)

table 6 : explain SELECT c FROM sbtest6 WHERE id=1283936
	Index Scan using sbtest6_pkey on sbtest6  (cost=0.43..8.45 rows=1 width=121)
	  Index Cond: (id = 1283936)

table 7 : explain SELECT c FROM sbtest7 WHERE id=7494777
	Index Scan using sbtest7_pkey on sbtest7  (cost=0.43..8.45 rows=1 width=121)
	  Index Cond: (id = 7494777)

table 8 : explain SELECT c FROM sbtest8 WHERE id=7120436
	Index Scan using sbtest8_pkey on sbtest8  (cost=0.43..8.45 rows=1 width=121)
	  Index Cond: (id = 7120436)

for: order_ranges
table 1 : explain SELECT c FROM sbtest1 WHERE id BETWEEN 757429 AND 758428 ORDER BY c
	Sort  (cost=3971.65..3974.19 rows=1016 width=121)
	  Sort Key: c
	  ->  Bitmap Heap Scan on sbtest1  (cost=22.85..3920.90 rows=1016 width=121)
	        Recheck Cond: ((id >= 757429) AND (id <= 758428))
	        ->  Bitmap Index Scan on sbtest1_pkey  (cost=0.00..22.59 rows=1016 width=0)
	              Index Cond: ((id >= 757429) AND (id <= 758428))

table 2 : explain SELECT c FROM sbtest2 WHERE id BETWEEN 9211411 AND 9212410 ORDER BY c
	Sort  (cost=4113.93..4116.56 rows=1053 width=121)
	  Sort Key: c
	  ->  Bitmap Heap Scan on sbtest2  (cost=23.23..4061.06 rows=1053 width=121)
	        Recheck Cond: ((id >= 9211411) AND (id <= 9212410))
	        ->  Bitmap Index Scan on sbtest2_pkey  (cost=0.00..22.96 rows=1053 width=0)
	              Index Cond: ((id >= 9211411) AND (id <= 9212410))

table 3 : explain SELECT c FROM sbtest3 WHERE id BETWEEN 2609515 AND 2610514 ORDER BY c
	Sort  (cost=4153.97..4156.63 rows=1064 width=121)
	  Sort Key: c
	  ->  Bitmap Heap Scan on sbtest3  (cost=23.34..4100.48 rows=1064 width=121)
	        Recheck Cond: ((id >= 2609515) AND (id <= 2610514))
	        ->  Bitmap Index Scan on sbtest3_pkey  (cost=0.00..23.07 rows=1064 width=0)
	              Index Cond: ((id >= 2609515) AND (id <= 2610514))

table 4 : explain SELECT c FROM sbtest4 WHERE id BETWEEN 3920291 AND 3921290 ORDER BY c
	Sort  (cost=4311.42..4314.18 rows=1105 width=121)
	  Sort Key: c
	  ->  Bitmap Heap Scan on sbtest4  (cost=27.76..4255.56 rows=1105 width=121)
	        Recheck Cond: ((id >= 3920291) AND (id <= 3921290))
	        ->  Bitmap Index Scan on sbtest4_pkey  (cost=0.00..27.48 rows=1105 width=0)
	              Index Cond: ((id >= 3920291) AND (id <= 3921290))

table 5 : explain SELECT c FROM sbtest5 WHERE id BETWEEN 6434882 AND 6435881 ORDER BY c
	Sort  (cost=3984.24..3986.78 rows=1018 width=121)
	  Sort Key: c
	  ->  Bitmap Heap Scan on sbtest5  (cost=26.87..3933.38 rows=1018 width=121)
	        Recheck Cond: ((id >= 6434882) AND (id <= 6435881))
	        ->  Bitmap Index Scan on sbtest5_pkey  (cost=0.00..26.61 rows=1018 width=0)
	              Index Cond: ((id >= 6434882) AND (id <= 6435881))

table 6 : explain SELECT c FROM sbtest6 WHERE id BETWEEN 1125546 AND 1126545 ORDER BY c
	Sort  (cost=3619.79..3622.10 rows=924 width=121)
	  Sort Key: c
	  ->  Bitmap Heap Scan on sbtest6  (cost=21.91..3574.27 rows=924 width=121)
	        Recheck Cond: ((id >= 1125546) AND (id <= 1126545))
	        ->  Bitmap Index Scan on sbtest6_pkey  (cost=0.00..21.68 rows=924 width=0)
	              Index Cond: ((id >= 1125546) AND (id <= 1126545))

table 7 : explain SELECT c FROM sbtest7 WHERE id BETWEEN 3047197 AND 3048196 ORDER BY c
	Sort  (cost=4048.18..4050.77 rows=1036 width=121)
	  Sort Key: c
	  ->  Bitmap Heap Scan on sbtest7  (cost=23.05..3996.29 rows=1036 width=121)
	        Recheck Cond: ((id >= 3047197) AND (id <= 3048196))
	        ->  Bitmap Index Scan on sbtest7_pkey  (cost=0.00..22.79 rows=1036 width=0)
	              Index Cond: ((id >= 3047197) AND (id <= 3048196))

table 8 : explain SELECT c FROM sbtest8 WHERE id BETWEEN 207530 AND 208529 ORDER BY c
	Sort  (cost=4044.67..4047.26 rows=1035 width=121)
	  Sort Key: c
	  ->  Bitmap Heap Scan on sbtest8  (cost=23.04..3992.84 rows=1035 width=121)
	        Recheck Cond: ((id >= 207530) AND (id <= 208529))
	        ->  Bitmap Index Scan on sbtest8_pkey  (cost=0.00..22.79 rows=1035 width=0)
	              Index Cond: ((id >= 207530) AND (id <= 208529))

for: sum_ranges
table 1 : explain SELECT SUM(k) FROM sbtest1 WHERE id BETWEEN 3554373 AND 3555372
	Aggregate  (cost=4137.89..4137.90 rows=1 width=8)
	  ->  Bitmap Heap Scan on sbtest1  (cost=23.43..4135.21 rows=1073 width=4)
	        Recheck Cond: ((id >= 3554373) AND (id <= 3555372))
	        ->  Bitmap Index Scan on sbtest1_pkey  (cost=0.00..23.16 rows=1073 width=0)
	              Index Cond: ((id >= 3554373) AND (id <= 3555372))

table 2 : explain SELECT SUM(k) FROM sbtest2 WHERE id BETWEEN 9584281 AND 9585280
	Aggregate  (cost=3433.54..3433.55 rows=1 width=8)
	  ->  Bitmap Heap Scan on sbtest2  (cost=21.52..3431.32 rows=886 width=4)
	        Recheck Cond: ((id >= 9584281) AND (id <= 9585280))
	        ->  Bitmap Index Scan on sbtest2_pkey  (cost=0.00..21.29 rows=886 width=0)
	              Index Cond: ((id >= 9584281) AND (id <= 9585280))

table 3 : explain SELECT SUM(k) FROM sbtest3 WHERE id BETWEEN 8990633 AND 8991632
	Aggregate  (cost=3666.29..3666.30 rows=1 width=8)
	  ->  Bitmap Heap Scan on sbtest3  (cost=22.15..3663.92 rows=948 width=4)
	        Recheck Cond: ((id >= 8990633) AND (id <= 8991632))
	        ->  Bitmap Index Scan on sbtest3_pkey  (cost=0.00..21.91 rows=948 width=0)
	              Index Cond: ((id >= 8990633) AND (id <= 8991632))

table 4 : explain SELECT SUM(k) FROM sbtest4 WHERE id BETWEEN 7649568 AND 7650567
	Aggregate  (cost=3780.20..3780.21 rows=1 width=8)
	  ->  Bitmap Heap Scan on sbtest4  (cost=22.46..3777.75 rows=978 width=4)
	        Recheck Cond: ((id >= 7649568) AND (id <= 7650567))
	        ->  Bitmap Index Scan on sbtest4_pkey  (cost=0.00..22.21 rows=978 width=0)
	              Index Cond: ((id >= 7649568) AND (id <= 7650567))

table 5 : explain SELECT SUM(k) FROM sbtest5 WHERE id BETWEEN 8345079 AND 8346078
	Aggregate  (cost=3641.48..3641.49 rows=1 width=8)
	  ->  Bitmap Heap Scan on sbtest5  (cost=22.08..3639.13 rows=941 width=4)
	        Recheck Cond: ((id >= 8345079) AND (id <= 8346078))
	        ->  Bitmap Index Scan on sbtest5_pkey  (cost=0.00..21.84 rows=941 width=0)
	              Index Cond: ((id >= 8345079) AND (id <= 8346078))

table 6 : explain SELECT SUM(k) FROM sbtest6 WHERE id BETWEEN 3724208 AND 3725207
	Aggregate  (cost=3689.87..3689.88 rows=1 width=8)
	  ->  Bitmap Heap Scan on sbtest6  (cost=22.21..3687.49 rows=954 width=4)
	        Recheck Cond: ((id >= 3724208) AND (id <= 3725207))
	        ->  Bitmap Index Scan on sbtest6_pkey  (cost=0.00..21.97 rows=954 width=0)
	              Index Cond: ((id >= 3724208) AND (id <= 3725207))

table 7 : explain SELECT SUM(k) FROM sbtest7 WHERE id BETWEEN 6934866 AND 6935865
	Aggregate  (cost=3900.99..3901.00 rows=1 width=8)
	  ->  Bitmap Heap Scan on sbtest7  (cost=22.79..3898.46 rows=1010 width=4)
	        Recheck Cond: ((id >= 6934866) AND (id <= 6935865))
	        ->  Bitmap Index Scan on sbtest7_pkey  (cost=0.00..22.54 rows=1010 width=0)
	              Index Cond: ((id >= 6934866) AND (id <= 6935865))

table 8 : explain SELECT SUM(k) FROM sbtest8 WHERE id BETWEEN 5238766 AND 5239765
	Aggregate  (cost=3807.06..3807.07 rows=1 width=8)
	  ->  Bitmap Heap Scan on sbtest8  (cost=22.53..3804.60 rows=985 width=4)
	        Recheck Cond: ((id >= 5238766) AND (id <= 5239765))
	        ->  Bitmap Index Scan on sbtest8_pkey  (cost=0.00..22.29 rows=985 width=0)
	              Index Cond: ((id >= 5238766) AND (id <= 5239765))

for: distinct_ranges
table 1 : explain SELECT DISTINCT c FROM sbtest1 WHERE id BETWEEN 7851781 AND 7852780 ORDER BY c
	Unique  (cost=4173.96..4179.31 rows=1069 width=121)
	  ->  Sort  (cost=4173.96..4176.64 rows=1069 width=121)
	        Sort Key: c
	        ->  Bitmap Heap Scan on sbtest1  (cost=23.39..4120.18 rows=1069 width=121)
	              Recheck Cond: ((id >= 7851781) AND (id <= 7852780))
	              ->  Bitmap Index Scan on sbtest1_pkey  (cost=0.00..23.12 rows=1069 width=0)
	                    Index Cond: ((id >= 7851781) AND (id <= 7852780))

table 2 : explain SELECT DISTINCT c FROM sbtest2 WHERE id BETWEEN 9627295 AND 9628294 ORDER BY c
	Unique  (cost=3474.70..3479.13 rows=886 width=121)
	  ->  Sort  (cost=3474.70..3476.91 rows=886 width=121)
	        Sort Key: c
	        ->  Bitmap Heap Scan on sbtest2  (cost=21.52..3431.32 rows=886 width=121)
	              Recheck Cond: ((id >= 9627295) AND (id <= 9628294))
	              ->  Bitmap Index Scan on sbtest2_pkey  (cost=0.00..21.29 rows=886 width=0)
	                    Index Cond: ((id >= 9627295) AND (id <= 9628294))

table 3 : explain SELECT DISTINCT c FROM sbtest3 WHERE id BETWEEN 1537073 AND 1538072 ORDER BY c
	Unique  (cost=4218.79..4224.19 rows=1081 width=121)
	  ->  Sort  (cost=4218.79..4221.49 rows=1081 width=121)
	        Sort Key: c
	        ->  Bitmap Heap Scan on sbtest3  (cost=23.52..4164.31 rows=1081 width=121)
	              Recheck Cond: ((id >= 1537073) AND (id <= 1538072))
	              ->  Bitmap Index Scan on sbtest3_pkey  (cost=0.00..23.25 rows=1081 width=0)
	                    Index Cond: ((id >= 1537073) AND (id <= 1538072))

table 4 : explain SELECT DISTINCT c FROM sbtest4 WHERE id BETWEEN 3837287 AND 3838286 ORDER BY c
	Unique  (cost=3700.03..3704.76 rows=945 width=121)
	  ->  Sort  (cost=3700.03..3702.39 rows=945 width=121)
	        Sort Key: c
	        ->  Bitmap Heap Scan on sbtest4  (cost=22.12..3653.33 rows=945 width=121)
	              Recheck Cond: ((id >= 3837287) AND (id <= 3838286))
	              ->  Bitmap Index Scan on sbtest4_pkey  (cost=0.00..21.89 rows=945 width=0)
	                    Index Cond: ((id >= 3837287) AND (id <= 3838286))

table 5 : explain SELECT DISTINCT c FROM sbtest5 WHERE id BETWEEN 2977701 AND 2978700 ORDER BY c
	Unique  (cost=3716.25..3720.99 rows=949 width=121)
	  ->  Sort  (cost=3716.25..3718.62 rows=949 width=121)
	        Sort Key: c
	        ->  Bitmap Heap Scan on sbtest5  (cost=22.16..3669.32 rows=949 width=121)
	              Recheck Cond: ((id >= 2977701) AND (id <= 2978700))
	              ->  Bitmap Index Scan on sbtest5_pkey  (cost=0.00..21.93 rows=949 width=0)
	                    Index Cond: ((id >= 2977701) AND (id <= 2978700))

table 6 : explain SELECT DISTINCT c FROM sbtest6 WHERE id BETWEEN 1288651 AND 1289650 ORDER BY c
	Unique  (cost=3803.59..3808.45 rows=972 width=121)
	  ->  Sort  (cost=3803.59..3806.02 rows=972 width=121)
	        Sort Key: c
	        ->  Bitmap Heap Scan on sbtest6  (cost=22.40..3755.36 rows=972 width=121)
	              Recheck Cond: ((id >= 1288651) AND (id <= 1289650))
	              ->  Bitmap Index Scan on sbtest6_pkey  (cost=0.00..22.15 rows=972 width=0)
	                    Index Cond: ((id >= 1288651) AND (id <= 1289650))

table 7 : explain SELECT DISTINCT c FROM sbtest7 WHERE id BETWEEN 8779461 AND 8780460 ORDER BY c
	Unique  (cost=3600.59..3605.19 rows=919 width=121)
	  ->  Sort  (cost=3600.59..3602.89 rows=919 width=121)
	        Sort Key: c
	        ->  Bitmap Heap Scan on sbtest7  (cost=21.85..3555.36 rows=919 width=121)
	              Recheck Cond: ((id >= 8779461) AND (id <= 8780460))
	              ->  Bitmap Index Scan on sbtest7_pkey  (cost=0.00..21.62 rows=919 width=0)
	                    Index Cond: ((id >= 8779461) AND (id <= 8780460))

table 8 : explain SELECT DISTINCT c FROM sbtest8 WHERE id BETWEEN 9946198 AND 9947197 ORDER BY c
	Unique  (cost=3704.30..3709.03 rows=946 width=121)
	  ->  Sort  (cost=3704.30..3706.67 rows=946 width=121)
	        Sort Key: c
	        ->  Bitmap Heap Scan on sbtest8  (cost=22.13..3657.54 rows=946 width=121)
	              Recheck Cond: ((id >= 9946198) AND (id <= 9947197))
	              ->  Bitmap Index Scan on sbtest8_pkey  (cost=0.00..21.89 rows=946 width=0)
	                    Index Cond: ((id >= 9946198) AND (id <= 9947197))

for: distinct_ranges
table 1 : explain SELECT DISTINCT c FROM sbtest1 WHERE id BETWEEN 7504744 AND 7505743 ORDER BY c
	Unique  (cost=3910.50..3915.50 rows=1000 width=121)
	  ->  Sort  (cost=3910.50..3913.00 rows=1000 width=121)
	        Sort Key: c
	        ->  Bitmap Heap Scan on sbtest1  (cost=22.68..3860.67 rows=1000 width=121)
	              Recheck Cond: ((id >= 7504744) AND (id <= 7505743))
	              ->  Bitmap Index Scan on sbtest1_pkey  (cost=0.00..22.43 rows=1000 width=0)
	                    Index Cond: ((id >= 7504744) AND (id <= 7505743))

table 2 : explain SELECT DISTINCT c FROM sbtest2 WHERE id BETWEEN 345859 AND 346858 ORDER BY c
	Unique  (cost=3593.62..3598.20 rows=917 width=121)
	  ->  Sort  (cost=3593.62..3595.91 rows=917 width=121)
	        Sort Key: c
	        ->  Bitmap Heap Scan on sbtest2  (cost=21.83..3548.50 rows=917 width=121)
	              Recheck Cond: ((id >= 345859) AND (id <= 346858))
	              ->  Bitmap Index Scan on sbtest2_pkey  (cost=0.00..21.61 rows=917 width=0)
	                    Index Cond: ((id >= 345859) AND (id <= 346858))

table 3 : explain SELECT DISTINCT c FROM sbtest3 WHERE id BETWEEN 3690946 AND 3691945 ORDER BY c
	Unique  (cost=4115.83..4121.10 rows=1054 width=121)
	  ->  Sort  (cost=4115.83..4118.47 rows=1054 width=121)
	        Sort Key: c
	        ->  Bitmap Heap Scan on sbtest3  (cost=23.24..4062.91 rows=1054 width=121)
	              Recheck Cond: ((id >= 3690946) AND (id <= 3691945))
	              ->  Bitmap Index Scan on sbtest3_pkey  (cost=0.00..22.97 rows=1054 width=0)
	                    Index Cond: ((id >= 3690946) AND (id <= 3691945))

table 4 : explain SELECT DISTINCT c FROM sbtest4 WHERE id BETWEEN 3635539 AND 3636538 ORDER BY c
	Unique  (cost=3941.03..3946.07 rows=1008 width=121)
	  ->  Sort  (cost=3941.03..3943.55 rows=1008 width=121)
	        Sort Key: c
	        ->  Bitmap Heap Scan on sbtest4  (cost=22.77..3890.74 rows=1008 width=121)
	              Recheck Cond: ((id >= 3635539) AND (id <= 3636538))
	              ->  Bitmap Index Scan on sbtest4_pkey  (cost=0.00..22.51 rows=1008 width=0)
	                    Index Cond: ((id >= 3635539) AND (id <= 3636538))

table 5 : explain SELECT DISTINCT c FROM sbtest5 WHERE id BETWEEN 256481 AND 257480 ORDER BY c
	Unique  (cost=3455.50..3459.91 rows=881 width=121)
	  ->  Sort  (cost=3455.50..3457.70 rows=881 width=121)
	        Sort Key: c
	        ->  Bitmap Heap Scan on sbtest5  (cost=21.47..3412.41 rows=881 width=121)
	              Recheck Cond: ((id >= 256481) AND (id <= 257480))
	              ->  Bitmap Index Scan on sbtest5_pkey  (cost=0.00..21.25 rows=881 width=0)
	                    Index Cond: ((id >= 256481) AND (id <= 257480))

table 6 : explain SELECT DISTINCT c FROM sbtest6 WHERE id BETWEEN 2390524 AND 2391523 ORDER BY c
	Unique  (cost=3891.56..3896.54 rows=995 width=121)
	  ->  Sort  (cost=3891.56..3894.05 rows=995 width=121)
	        Sort Key: c
	        ->  Bitmap Heap Scan on sbtest6  (cost=22.63..3842.02 rows=995 width=121)
	              Recheck Cond: ((id >= 2390524) AND (id <= 2391523))
	              ->  Bitmap Index Scan on sbtest6_pkey  (cost=0.00..22.39 rows=995 width=0)
	                    Index Cond: ((id >= 2390524) AND (id <= 2391523))

table 7 : explain SELECT DISTINCT c FROM sbtest7 WHERE id BETWEEN 1356020 AND 1357019 ORDER BY c
	Unique  (cost=3738.49..3743.27 rows=955 width=121)
	  ->  Sort  (cost=3738.49..3740.88 rows=955 width=121)
	        Sort Key: c
	        ->  Bitmap Heap Scan on sbtest7  (cost=22.22..3691.22 rows=955 width=121)
	              Recheck Cond: ((id >= 1356020) AND (id <= 1357019))
	              ->  Bitmap Index Scan on sbtest7_pkey  (cost=0.00..21.98 rows=955 width=0)
	                    Index Cond: ((id >= 1356020) AND (id <= 1357019))

table 8 : explain SELECT DISTINCT c FROM sbtest8 WHERE id BETWEEN 2271830 AND 2272829 ORDER BY c
	Unique  (cost=3887.99..3892.96 rows=994 width=121)
	  ->  Sort  (cost=3887.99..3890.48 rows=994 width=121)
	        Sort Key: c
	        ->  Bitmap Heap Scan on sbtest8  (cost=22.62..3838.51 rows=994 width=121)
	              Recheck Cond: ((id >= 2271830) AND (id <= 2272829))
	              ->  Bitmap Index Scan on sbtest8_pkey  (cost=0.00..22.37 rows=994 width=0)
	                    Index Cond: ((id >= 2271830) AND (id <= 2272829))

for: distinct_ranges
table 1 : explain SELECT DISTINCT c FROM sbtest1 WHERE id BETWEEN 5746008 AND 5747007 ORDER BY c
	Unique  (cost=3734.53..3739.30 rows=954 width=121)
	  ->  Sort  (cost=3734.53..3736.92 rows=954 width=121)
	        Sort Key: c
	        ->  Bitmap Heap Scan on sbtest1  (cost=22.21..3687.32 rows=954 width=121)
	              Recheck Cond: ((id >= 5746008) AND (id <= 5747007))
	              ->  Bitmap Index Scan on sbtest1_pkey  (cost=0.00..21.97 rows=954 width=0)
	                    Index Cond: ((id >= 5746008) AND (id <= 5747007))

table 2 : explain SELECT DISTINCT c FROM sbtest2 WHERE id BETWEEN 5160547 AND 5161546 ORDER BY c
	Unique  (cost=3424.79..3429.15 rows=873 width=121)
	  ->  Sort  (cost=3424.79..3426.97 rows=873 width=121)
	        Sort Key: c
	        ->  Bitmap Heap Scan on sbtest2  (cost=21.38..3382.14 rows=873 width=121)
	              Recheck Cond: ((id >= 5160547) AND (id <= 5161546))
	              ->  Bitmap Index Scan on sbtest2_pkey  (cost=0.00..21.16 rows=873 width=0)
	                    Index Cond: ((id >= 5160547) AND (id <= 5161546))

table 3 : explain SELECT DISTINCT c FROM sbtest3 WHERE id BETWEEN 5433190 AND 5434189 ORDER BY c
	Unique  (cost=4054.78..4059.97 rows=1038 width=121)
	  ->  Sort  (cost=4054.78..4057.38 rows=1038 width=121)
	        Sort Key: c
	        ->  Bitmap Heap Scan on sbtest3  (cost=23.07..4002.78 rows=1038 width=121)
	              Recheck Cond: ((id >= 5433190) AND (id <= 5434189))
	              ->  Bitmap Index Scan on sbtest3_pkey  (cost=0.00..22.82 rows=1038 width=0)
	                    Index Cond: ((id >= 5433190) AND (id <= 5434189))

table 4 : explain SELECT DISTINCT c FROM sbtest4 WHERE id BETWEEN 2219664 AND 2220663 ORDER BY c
	Unique  (cost=3565.93..3570.48 rows=910 width=121)
	  ->  Sort  (cost=3565.93..3568.20 rows=910 width=121)
	        Sort Key: c
	        ->  Bitmap Heap Scan on sbtest4  (cost=21.76..3521.20 rows=910 width=121)
	              Recheck Cond: ((id >= 2219664) AND (id <= 2220663))
	              ->  Bitmap Index Scan on sbtest4_pkey  (cost=0.00..21.54 rows=910 width=0)
	                    Index Cond: ((id >= 2219664) AND (id <= 2220663))

table 5 : explain SELECT DISTINCT c FROM sbtest5 WHERE id BETWEEN 6347094 AND 6348093 ORDER BY c
	Unique  (cost=3804.31..3809.17 rows=972 width=121)
	  ->  Sort  (cost=3804.31..3806.74 rows=972 width=121)
	        Sort Key: c
	        ->  Bitmap Heap Scan on sbtest5  (cost=22.40..3756.08 rows=972 width=121)
	              Recheck Cond: ((id >= 6347094) AND (id <= 6348093))
	              ->  Bitmap Index Scan on sbtest5_pkey  (cost=0.00..22.15 rows=972 width=0)
	                    Index Cond: ((id >= 6347094) AND (id <= 6348093))

table 6 : explain SELECT DISTINCT c FROM sbtest6 WHERE id BETWEEN 8264925 AND 8265924 ORDER BY c
	Unique  (cost=4216.30..4221.70 rows=1079 width=121)
	  ->  Sort  (cost=4216.30..4219.00 rows=1079 width=121)
	        Sort Key: c
	        ->  Bitmap Heap Scan on sbtest6  (cost=27.49..4161.94 rows=1079 width=121)
	              Recheck Cond: ((id >= 8264925) AND (id <= 8265924))
	              ->  Bitmap Index Scan on sbtest6_pkey  (cost=0.00..27.22 rows=1079 width=0)
	                    Index Cond: ((id >= 8264925) AND (id <= 8265924))

table 7 : explain SELECT DISTINCT c FROM sbtest7 WHERE id BETWEEN 2494932 AND 2495931 ORDER BY c
	Unique  (cost=3784.42..3789.26 rows=967 width=121)
	  ->  Sort  (cost=3784.42..3786.84 rows=967 width=121)
	        Sort Key: c
	        ->  Bitmap Heap Scan on sbtest7  (cost=22.35..3736.47 rows=967 width=121)
	              Recheck Cond: ((id >= 2494932) AND (id <= 2495931))
	              ->  Bitmap Index Scan on sbtest7_pkey  (cost=0.00..22.11 rows=967 width=0)
	                    Index Cond: ((id >= 2494932) AND (id <= 2495931))

table 8 : explain SELECT DISTINCT c FROM sbtest8 WHERE id BETWEEN 5258122 AND 5259121 ORDER BY c
	Unique  (cost=3853.57..3858.50 rows=985 width=121)
	  ->  Sort  (cost=3853.57..3856.03 rows=985 width=121)
	        Sort Key: c
	        ->  Bitmap Heap Scan on sbtest8  (cost=22.53..3804.60 rows=985 width=121)
	              Recheck Cond: ((id >= 5258122) AND (id <= 5259121))
	              ->  Bitmap Index Scan on sbtest8_pkey  (cost=0.00..22.29 rows=985 width=0)
	                    Index Cond: ((id >= 5258122) AND (id <= 5259121))

for: distinct_ranges
table 1 : explain SELECT DISTINCT c FROM sbtest1 WHERE id BETWEEN 2624752 AND 2625751 ORDER BY c
	Unique  (cost=3768.98..3773.80 rows=963 width=121)
	  ->  Sort  (cost=3768.98..3771.39 rows=963 width=121)
	        Sort Key: c
	        ->  Bitmap Heap Scan on sbtest1  (cost=22.31..3721.26 rows=963 width=121)
	              Recheck Cond: ((id >= 2624752) AND (id <= 2625751))
	              ->  Bitmap Index Scan on sbtest1_pkey  (cost=0.00..22.07 rows=963 width=0)
	                    Index Cond: ((id >= 2624752) AND (id <= 2625751))

table 2 : explain SELECT DISTINCT c FROM sbtest2 WHERE id BETWEEN 9071396 AND 9072395 ORDER BY c
	Unique  (cost=3792.83..3797.67 rows=969 width=121)
	  ->  Sort  (cost=3792.83..3795.25 rows=969 width=121)
	        Sort Key: c
	        ->  Bitmap Heap Scan on sbtest2  (cost=22.37..3744.77 rows=969 width=121)
	              Recheck Cond: ((id >= 9071396) AND (id <= 9072395))
	              ->  Bitmap Index Scan on sbtest2_pkey  (cost=0.00..22.12 rows=969 width=0)
	                    Index Cond: ((id >= 9071396) AND (id <= 9072395))

table 3 : explain SELECT DISTINCT c FROM sbtest3 WHERE id BETWEEN 1288478 AND 1289477 ORDER BY c
	Unique  (cost=4123.46..4128.74 rows=1056 width=121)
	  ->  Sort  (cost=4123.46..4126.10 rows=1056 width=121)
	        Sort Key: c
	        ->  Bitmap Heap Scan on sbtest3  (cost=23.26..4070.43 rows=1056 width=121)
	              Recheck Cond: ((id >= 1288478) AND (id <= 1289477))
	              ->  Bitmap Index Scan on sbtest3_pkey  (cost=0.00..23.00 rows=1056 width=0)
	                    Index Cond: ((id >= 1288478) AND (id <= 1289477))

table 4 : explain SELECT DISTINCT c FROM sbtest4 WHERE id BETWEEN 9664941 AND 9665940 ORDER BY c
	Unique  (cost=3707.69..3712.42 rows=947 width=121)
	  ->  Sort  (cost=3707.69..3710.06 rows=947 width=121)
	        Sort Key: c
	        ->  Bitmap Heap Scan on sbtest4  (cost=22.14..3660.87 rows=947 width=121)
	              Recheck Cond: ((id >= 9664941) AND (id <= 9665940))
	              ->  Bitmap Index Scan on sbtest4_pkey  (cost=0.00..21.90 rows=947 width=0)
	                    Index Cond: ((id >= 9664941) AND (id <= 9665940))

table 5 : explain SELECT DISTINCT c FROM sbtest5 WHERE id BETWEEN 8317868 AND 8318867 ORDER BY c
	Unique  (cost=3685.60..3690.31 rows=941 width=121)
	  ->  Sort  (cost=3685.60..3687.95 rows=941 width=121)
	        Sort Key: c
	        ->  Bitmap Heap Scan on sbtest5  (cost=22.08..3639.13 rows=941 width=121)
	              Recheck Cond: ((id >= 8317868) AND (id <= 8318867))
	              ->  Bitmap Index Scan on sbtest5_pkey  (cost=0.00..21.84 rows=941 width=0)
	                    Index Cond: ((id >= 8317868) AND (id <= 8318867))

table 6 : explain SELECT DISTINCT c FROM sbtest6 WHERE id BETWEEN 3636940 AND 3637939 ORDER BY c
	Unique  (cost=4097.85..4103.09 rows=1049 width=121)
	  ->  Sort  (cost=4097.85..4100.47 rows=1049 width=121)
	        Sort Key: c
	        ->  Bitmap Heap Scan on sbtest6  (cost=23.19..4045.22 rows=1049 width=121)
	              Recheck Cond: ((id >= 3636940) AND (id <= 3637939))
	              ->  Bitmap Index Scan on sbtest6_pkey  (cost=0.00..22.93 rows=1049 width=0)
	                    Index Cond: ((id >= 3636940) AND (id <= 3637939))

table 7 : explain SELECT DISTINCT c FROM sbtest7 WHERE id BETWEEN 7618804 AND 7619803 ORDER BY c
	Unique  (cost=3715.52..3720.27 rows=949 width=121)
	  ->  Sort  (cost=3715.52..3717.89 rows=949 width=121)
	        Sort Key: c
	        ->  Bitmap Heap Scan on sbtest7  (cost=22.16..3668.59 rows=949 width=121)
	              Recheck Cond: ((id >= 7618804) AND (id <= 7619803))
	              ->  Bitmap Index Scan on sbtest7_pkey  (cost=0.00..21.93 rows=949 width=0)
	                    Index Cond: ((id >= 7618804) AND (id <= 7619803))

table 8 : explain SELECT DISTINCT c FROM sbtest8 WHERE id BETWEEN 4152982 AND 4153981 ORDER BY c
	Unique  (cost=3765.56..3770.37 rows=962 width=121)
	  ->  Sort  (cost=3765.56..3767.97 rows=962 width=121)
	        Sort Key: c
	        ->  Bitmap Heap Scan on sbtest8  (cost=22.30..3717.90 rows=962 width=121)
	              Recheck Cond: ((id >= 4152982) AND (id <= 4153981))
	              ->  Bitmap Index Scan on sbtest8_pkey  (cost=0.00..22.05 rows=962 width=0)
	                    Index Cond: ((id >= 4152982) AND (id <= 4153981))

explain: for point_selects :: explain SELECT c FROM sbtest%u WHERE id=%u
explain: for point_selects :: explain SELECT c FROM sbtest%u WHERE id=%u
for: sum_ranges
table 1 : explain SELECT SUM(k) FROM sbtest1 WHERE id BETWEEN 9470008 AND 9471007
	Aggregate  (cost=4134.13..4134.14 rows=1 width=8)
	  ->  Bitmap Heap Scan on sbtest1  (cost=23.42..4131.45 rows=1072 width=4)
	        Recheck Cond: ((id >= 9470008) AND (id <= 9471007))
	        ->  Bitmap Index Scan on sbtest1_pkey  (cost=0.00..23.15 rows=1072 width=0)
	              Index Cond: ((id >= 9470008) AND (id <= 9471007))

table 2 : explain SELECT SUM(k) FROM sbtest2 WHERE id BETWEEN 3625927 AND 3626926
	Aggregate  (cost=4112.84..4112.85 rows=1 width=8)
	  ->  Bitmap Heap Scan on sbtest2  (cost=27.35..4110.18 rows=1065 width=4)
	        Recheck Cond: ((id >= 3625927) AND (id <= 3626926))
	        ->  Bitmap Index Scan on sbtest2_pkey  (cost=0.00..27.08 rows=1065 width=0)
	              Index Cond: ((id >= 3625927) AND (id <= 3626926))

table 3 : explain SELECT SUM(k) FROM sbtest3 WHERE id BETWEEN 5256786 AND 5257785
	Aggregate  (cost=4313.69..4313.70 rows=1 width=8)
	  ->  Bitmap Heap Scan on sbtest3  (cost=27.92..4310.89 rows=1120 width=4)
	        Recheck Cond: ((id >= 5256786) AND (id <= 5257785))
	        ->  Bitmap Index Scan on sbtest3_pkey  (cost=0.00..27.64 rows=1120 width=0)
	              Index Cond: ((id >= 5256786) AND (id <= 5257785))

table 4 : explain SELECT SUM(k) FROM sbtest4 WHERE id BETWEEN 1924186 AND 1925185
	Aggregate  (cost=3904.56..3904.57 rows=1 width=8)
	  ->  Bitmap Heap Scan on sbtest4  (cost=22.80..3902.04 rows=1011 width=4)
	        Recheck Cond: ((id >= 1924186) AND (id <= 1925185))
	        ->  Bitmap Index Scan on sbtest4_pkey  (cost=0.00..22.54 rows=1011 width=0)
	              Index Cond: ((id >= 1924186) AND (id <= 1925185))

table 5 : explain SELECT SUM(k) FROM sbtest5 WHERE id BETWEEN 2683365 AND 2684364
	Aggregate  (cost=4033.83..4033.84 rows=1 width=8)
	  ->  Bitmap Heap Scan on sbtest5  (cost=27.14..4031.22 rows=1044 width=4)
	        Recheck Cond: ((id >= 2683365) AND (id <= 2684364))
	        ->  Bitmap Index Scan on sbtest5_pkey  (cost=0.00..26.87 rows=1044 width=0)
	              Index Cond: ((id >= 2683365) AND (id <= 2684364))

table 6 : explain SELECT SUM(k) FROM sbtest6 WHERE id BETWEEN 7954529 AND 7955528
	Aggregate  (cost=3840.74..3840.75 rows=1 width=8)
	  ->  Bitmap Heap Scan on sbtest6  (cost=22.62..3838.25 rows=994 width=4)
	        Recheck Cond: ((id >= 7954529) AND (id <= 7955528))
	        ->  Bitmap Index Scan on sbtest6_pkey  (cost=0.00..22.37 rows=994 width=0)
	              Index Cond: ((id >= 7954529) AND (id <= 7955528))

table 7 : explain SELECT SUM(k) FROM sbtest7 WHERE id BETWEEN 845697 AND 846696
	Aggregate  (cost=4036.51..4036.52 rows=1 width=8)
	  ->  Bitmap Heap Scan on sbtest7  (cost=23.16..4033.90 rows=1046 width=4)
	        Recheck Cond: ((id >= 845697) AND (id <= 846696))
	        ->  Bitmap Index Scan on sbtest7_pkey  (cost=0.00..22.89 rows=1046 width=0)
	              Index Cond: ((id >= 845697) AND (id <= 846696))

table 8 : explain SELECT SUM(k) FROM sbtest8 WHERE id BETWEEN 9294098 AND 9295097
	Aggregate  (cost=3780.66..3780.67 rows=1 width=8)
	  ->  Bitmap Heap Scan on sbtest8  (cost=22.46..3778.22 rows=978 width=4)
	        Recheck Cond: ((id >= 9294098) AND (id <= 9295097))
	        ->  Bitmap Index Scan on sbtest8_pkey  (cost=0.00..22.21 rows=978 width=0)
	              Index Cond: ((id >= 9294098) AND (id <= 9295097))

explain: for point_selects :: explain SELECT c FROM sbtest%u WHERE id=%u
explain: for point_selects :: explain SELECT c FROM sbtest%u WHERE id=%u
for: distinct_ranges
table 1 : explain SELECT DISTINCT c FROM sbtest1 WHERE id BETWEEN 8236354 AND 8237353 ORDER BY c
	Unique  (cost=4322.90..4328.44 rows=1108 width=121)
	  ->  Sort  (cost=4322.90..4325.67 rows=1108 width=121)
	        Sort Key: c
	        ->  Bitmap Heap Scan on sbtest1  (cost=27.79..4266.87 rows=1108 width=121)
	              Recheck Cond: ((id >= 8236354) AND (id <= 8237353))
	              ->  Bitmap Index Scan on sbtest1_pkey  (cost=0.00..27.51 rows=1108 width=0)
	                    Index Cond: ((id >= 8236354) AND (id <= 8237353))

table 2 : explain SELECT DISTINCT c FROM sbtest2 WHERE id BETWEEN 2872544 AND 2873543 ORDER BY c
	Unique  (cost=3570.61..3575.17 rows=911 width=121)
	  ->  Sort  (cost=3570.61..3572.89 rows=911 width=121)
	        Sort Key: c
	        ->  Bitmap Heap Scan on sbtest2  (cost=21.77..3525.83 rows=911 width=121)
	              Recheck Cond: ((id >= 2872544) AND (id <= 2873543))
	              ->  Bitmap Index Scan on sbtest2_pkey  (cost=0.00..21.54 rows=911 width=0)
	                    Index Cond: ((id >= 2872544) AND (id <= 2873543))

table 3 : explain SELECT DISTINCT c FROM sbtest3 WHERE id BETWEEN 2821128 AND 2822127 ORDER BY c
	Unique  (cost=3852.33..3857.26 rows=985 width=121)
	  ->  Sort  (cost=3852.33..3854.79 rows=985 width=121)
	        Sort Key: c
	        ->  Bitmap Heap Scan on sbtest3  (cost=22.53..3803.36 rows=985 width=121)
	              Recheck Cond: ((id >= 2821128) AND (id <= 2822127))
	              ->  Bitmap Index Scan on sbtest3_pkey  (cost=0.00..22.29 rows=985 width=0)
	                    Index Cond: ((id >= 2821128) AND (id <= 2822127))

table 4 : explain SELECT DISTINCT c FROM sbtest4 WHERE id BETWEEN 7299438 AND 7300437 ORDER BY c
	Unique  (cost=3757.46..3762.26 rows=960 width=121)
	  ->  Sort  (cost=3757.46..3759.86 rows=960 width=121)
	        Sort Key: c
	        ->  Bitmap Heap Scan on sbtest4  (cost=22.27..3709.90 rows=960 width=121)
	              Recheck Cond: ((id >= 7299438) AND (id <= 7300437))
	              ->  Bitmap Index Scan on sbtest4_pkey  (cost=0.00..22.04 rows=960 width=0)
	                    Index Cond: ((id >= 7299438) AND (id <= 7300437))

table 5 : explain SELECT DISTINCT c FROM sbtest5 WHERE id BETWEEN 4952422 AND 4953421 ORDER BY c
	Unique  (cost=3367.17..3371.46 rows=858 width=121)
	  ->  Sort  (cost=3367.17..3369.32 rows=858 width=121)
	        Sort Key: c
	        ->  Bitmap Heap Scan on sbtest5  (cost=21.23..3325.37 rows=858 width=121)
	              Recheck Cond: ((id >= 4952422) AND (id <= 4953421))
	              ->  Bitmap Index Scan on sbtest5_pkey  (cost=0.00..21.01 rows=858 width=0)
	                    Index Cond: ((id >= 4952422) AND (id <= 4953421))

table 6 : explain SELECT DISTINCT c FROM sbtest6 WHERE id BETWEEN 2930989 AND 2931988 ORDER BY c
	Unique  (cost=3700.24..3704.96 rows=945 width=121)
	  ->  Sort  (cost=3700.24..3702.60 rows=945 width=121)
	        Sort Key: c
	        ->  Bitmap Heap Scan on sbtest6  (cost=22.12..3653.54 rows=945 width=121)
	              Recheck Cond: ((id >= 2930989) AND (id <= 2931988))
	              ->  Bitmap Index Scan on sbtest6_pkey  (cost=0.00..21.89 rows=945 width=0)
	                    Index Cond: ((id >= 2930989) AND (id <= 2931988))

table 7 : explain SELECT DISTINCT c FROM sbtest7 WHERE id BETWEEN 4913217 AND 4914216 ORDER BY c
	Unique  (cost=3868.58..3873.53 rows=989 width=121)
	  ->  Sort  (cost=3868.58..3871.06 rows=989 width=121)
	        Sort Key: c
	        ->  Bitmap Heap Scan on sbtest7  (cost=22.57..3819.38 rows=989 width=121)
	              Recheck Cond: ((id >= 4913217) AND (id <= 4914216))
	              ->  Bitmap Index Scan on sbtest7_pkey  (cost=0.00..22.32 rows=989 width=0)
	                    Index Cond: ((id >= 4913217) AND (id <= 4914216))

table 8 : explain SELECT DISTINCT c FROM sbtest8 WHERE id BETWEEN 1547056 AND 1548055 ORDER BY c
	Unique  (cost=3796.18..3801.03 rows=970 width=121)
	  ->  Sort  (cost=3796.18..3798.61 rows=970 width=121)
	        Sort Key: c
	        ->  Bitmap Heap Scan on sbtest8  (cost=22.38..3748.06 rows=970 width=121)
	              Recheck Cond: ((id >= 1547056) AND (id <= 1548055))
	              ->  Bitmap Index Scan on sbtest8_pkey  (cost=0.00..22.14 rows=970 width=0)
	                    Index Cond: ((id >= 1547056) AND (id <= 1548055))

for: simple_ranges
table 1 : explain SELECT c FROM sbtest1 WHERE id BETWEEN 9956318 AND 9957317
	Bitmap Heap Scan on sbtest1  (cost=22.33..3728.80 rows=965 width=121)
	  Recheck Cond: ((id >= 9956318) AND (id <= 9957317))
	  ->  Bitmap Index Scan on sbtest1_pkey  (cost=0.00..22.08 rows=965 width=0)
	        Index Cond: ((id >= 9956318) AND (id <= 9957317))

table 2 : explain SELECT c FROM sbtest2 WHERE id BETWEEN 2034868 AND 2035867
	Bitmap Heap Scan on sbtest2  (cost=22.30..3718.37 rows=962 width=121)
	  Recheck Cond: ((id >= 2034868) AND (id <= 2035867))
	  ->  Bitmap Index Scan on sbtest2_pkey  (cost=0.00..22.05 rows=962 width=0)
	        Index Cond: ((id >= 2034868) AND (id <= 2035867))

table 3 : explain SELECT c FROM sbtest3 WHERE id BETWEEN 459002 AND 460001
	Bitmap Heap Scan on sbtest3  (cost=22.81..3905.00 rows=1012 width=121)
	  Recheck Cond: ((id >= 459002) AND (id <= 460001))
	  ->  Bitmap Index Scan on sbtest3_pkey  (cost=0.00..22.55 rows=1012 width=0)
	        Index Cond: ((id >= 459002) AND (id <= 460001))

table 4 : explain SELECT c FROM sbtest4 WHERE id BETWEEN 9705174 AND 9706173
	Bitmap Heap Scan on sbtest4  (cost=22.64..3845.56 rows=996 width=121)
	  Recheck Cond: ((id >= 9705174) AND (id <= 9706173))
	  ->  Bitmap Index Scan on sbtest4_pkey  (cost=0.00..22.39 rows=996 width=0)
	        Index Cond: ((id >= 9705174) AND (id <= 9706173))

table 5 : explain SELECT c FROM sbtest5 WHERE id BETWEEN 1710602 AND 1711601
	Bitmap Heap Scan on sbtest5  (cost=27.18..4046.26 rows=1048 width=121)
	  Recheck Cond: ((id >= 1710602) AND (id <= 1711601))
	  ->  Bitmap Index Scan on sbtest5_pkey  (cost=0.00..26.91 rows=1048 width=0)
	        Index Cond: ((id >= 1710602) AND (id <= 1711601))

table 6 : explain SELECT c FROM sbtest6 WHERE id BETWEEN 8176126 AND 8177125
	Bitmap Heap Scan on sbtest6  (cost=22.38..3747.82 rows=970 width=121)
	  Recheck Cond: ((id >= 8176126) AND (id <= 8177125))
	  ->  Bitmap Index Scan on sbtest6_pkey  (cost=0.00..22.14 rows=970 width=0)
	        Index Cond: ((id >= 8176126) AND (id <= 8177125))

table 7 : explain SELECT c FROM sbtest7 WHERE id BETWEEN 4045417 AND 4046416
	Bitmap Heap Scan on sbtest7  (cost=22.46..3777.93 rows=978 width=121)
	  Recheck Cond: ((id >= 4045417) AND (id <= 4046416))
	  ->  Bitmap Index Scan on sbtest7_pkey  (cost=0.00..22.21 rows=978 width=0)
	        Index Cond: ((id >= 4045417) AND (id <= 4046416))

table 8 : explain SELECT c FROM sbtest8 WHERE id BETWEEN 8096208 AND 8097207
	Bitmap Heap Scan on sbtest8  (cost=23.30..4086.84 rows=1060 width=121)
	  Recheck Cond: ((id >= 8096208) AND (id <= 8097207))
	  ->  Bitmap Index Scan on sbtest8_pkey  (cost=0.00..23.04 rows=1060 width=0)
	        Index Cond: ((id >= 8096208) AND (id <= 8097207))

for: order_ranges
table 1 : explain SELECT c FROM sbtest1 WHERE id BETWEEN 148379 AND 149378 ORDER BY c
	Sort  (cost=3998.39..4000.94 rows=1023 width=121)
	  Sort Key: c
	  ->  Bitmap Heap Scan on sbtest1  (cost=22.92..3947.24 rows=1023 width=121)
	        Recheck Cond: ((id >= 148379) AND (id <= 149378))
	        ->  Bitmap Index Scan on sbtest1_pkey  (cost=0.00..22.66 rows=1023 width=0)
	              Index Cond: ((id >= 148379) AND (id <= 149378))

table 2 : explain SELECT c FROM sbtest2 WHERE id BETWEEN 9303023 AND 9304022 ORDER BY c
	Sort  (cost=4232.40..4235.11 rows=1083 width=121)
	  Sort Key: c
	  ->  Bitmap Heap Scan on sbtest2  (cost=27.54..4177.81 rows=1083 width=121)
	        Recheck Cond: ((id >= 9303023) AND (id <= 9304022))
	        ->  Bitmap Index Scan on sbtest2_pkey  (cost=0.00..27.26 rows=1083 width=0)
	              Index Cond: ((id >= 9303023) AND (id <= 9304022))

table 3 : explain SELECT c FROM sbtest3 WHERE id BETWEEN 5264372 AND 5265371 ORDER BY c
	Sort  (cost=4367.62..4370.42 rows=1120 width=121)
	  Sort Key: c
	  ->  Bitmap Heap Scan on sbtest3  (cost=27.92..4310.89 rows=1120 width=121)
	        Recheck Cond: ((id >= 5264372) AND (id <= 5265371))
	        ->  Bitmap Index Scan on sbtest3_pkey  (cost=0.00..27.64 rows=1120 width=0)
	              Index Cond: ((id >= 5264372) AND (id <= 5265371))

table 4 : explain SELECT c FROM sbtest4 WHERE id BETWEEN 6281346 AND 6282345 ORDER BY c
	Sort  (cost=3986.88..3989.43 rows=1020 width=121)
	  Sort Key: c
	  ->  Bitmap Heap Scan on sbtest4  (cost=22.89..3935.91 rows=1020 width=121)
	        Recheck Cond: ((id >= 6281346) AND (id <= 6282345))
	        ->  Bitmap Index Scan on sbtest4_pkey  (cost=0.00..22.64 rows=1020 width=0)
	              Index Cond: ((id >= 6281346) AND (id <= 6282345))

table 5 : explain SELECT c FROM sbtest5 WHERE id BETWEEN 6158650 AND 6159649 ORDER BY c
	Sort  (cost=4068.29..4070.89 rows=1040 width=121)
	  Sort Key: c
	  ->  Bitmap Heap Scan on sbtest5  (cost=27.09..4016.17 rows=1040 width=121)
	        Recheck Cond: ((id >= 6158650) AND (id <= 6159649))
	        ->  Bitmap Index Scan on sbtest5_pkey  (cost=0.00..26.83 rows=1040 width=0)
	              Index Cond: ((id >= 6158650) AND (id <= 6159649))

table 6 : explain SELECT c FROM sbtest6 WHERE id BETWEEN 2522038 AND 2523037 ORDER BY c
	Sort  (cost=4002.39..4004.95 rows=1024 width=121)
	  Sort Key: c
	  ->  Bitmap Heap Scan on sbtest6  (cost=22.93..3951.19 rows=1024 width=121)
	        Recheck Cond: ((id >= 2522038) AND (id <= 2523037))
	        ->  Bitmap Index Scan on sbtest6_pkey  (cost=0.00..22.68 rows=1024 width=0)
	              Index Cond: ((id >= 2522038) AND (id <= 2523037))

table 7 : explain SELECT c FROM sbtest7 WHERE id BETWEEN 2865081 AND 2866080 ORDER BY c
	Sort  (cost=3864.76..3867.23 rows=988 width=121)
	  Sort Key: c
	  ->  Bitmap Heap Scan on sbtest7  (cost=22.56..3815.61 rows=988 width=121)
	        Recheck Cond: ((id >= 2865081) AND (id <= 2866080))
	        ->  Bitmap Index Scan on sbtest7_pkey  (cost=0.00..22.32 rows=988 width=0)
	              Index Cond: ((id >= 2865081) AND (id <= 2866080))

table 8 : explain SELECT c FROM sbtest8 WHERE id BETWEEN 9273185 AND 9274184 ORDER BY c
	Sort  (cost=3899.46..3901.96 rows=997 width=121)
	  Sort Key: c
	  ->  Bitmap Heap Scan on sbtest8  (cost=22.65..3849.81 rows=997 width=121)
	        Recheck Cond: ((id >= 9273185) AND (id <= 9274184))
	        ->  Bitmap Index Scan on sbtest8_pkey  (cost=0.00..22.40 rows=997 width=0)
	              Index Cond: ((id >= 9273185) AND (id <= 9274184))

for: order_ranges
table 1 : explain SELECT c FROM sbtest1 WHERE id BETWEEN 6067459 AND 6068458 ORDER BY c
	Sort  (cost=3638.79..3641.11 rows=929 width=121)
	  Sort Key: c
	  ->  Bitmap Heap Scan on sbtest1  (cost=21.96..3592.99 rows=929 width=121)
	        Recheck Cond: ((id >= 6067459) AND (id <= 6068458))
	        ->  Bitmap Index Scan on sbtest1_pkey  (cost=0.00..21.72 rows=929 width=0)
	              Index Cond: ((id >= 6067459) AND (id <= 6068458))

table 2 : explain SELECT c FROM sbtest2 WHERE id BETWEEN 4000664 AND 4001663 ORDER BY c
	Sort  (cost=4006.99..4009.55 rows=1025 width=121)
	  Sort Key: c
	  ->  Bitmap Heap Scan on sbtest2  (cost=22.94..3955.73 rows=1025 width=121)
	        Recheck Cond: ((id >= 4000664) AND (id <= 4001663))
	        ->  Bitmap Index Scan on sbtest2_pkey  (cost=0.00..22.68 rows=1025 width=0)
	              Index Cond: ((id >= 4000664) AND (id <= 4001663))

table 3 : explain SELECT c FROM sbtest3 WHERE id BETWEEN 3333491 AND 3334490 ORDER BY c
	Sort  (cost=4249.27..4252.00 rows=1089 width=121)
	  Sort Key: c
	  ->  Bitmap Heap Scan on sbtest3  (cost=23.60..4194.34 rows=1089 width=121)
	        Recheck Cond: ((id >= 3333491) AND (id <= 3334490))
	        ->  Bitmap Index Scan on sbtest3_pkey  (cost=0.00..23.32 rows=1089 width=0)
	              Index Cond: ((id >= 3333491) AND (id <= 3334490))

table 4 : explain SELECT c FROM sbtest4 WHERE id BETWEEN 5410698 AND 5411697 ORDER BY c
	Sort  (cost=3948.67..3951.20 rows=1010 width=121)
	  Sort Key: c
	  ->  Bitmap Heap Scan on sbtest4  (cost=22.79..3898.27 rows=1010 width=121)
	        Recheck Cond: ((id >= 5410698) AND (id <= 5411697))
	        ->  Bitmap Index Scan on sbtest4_pkey  (cost=0.00..22.54 rows=1010 width=0)
	              Index Cond: ((id >= 5410698) AND (id <= 5411697))

table 5 : explain SELECT c FROM sbtest5 WHERE id BETWEEN 2866052 AND 2867051 ORDER BY c
	Sort  (cost=3781.34..3783.76 rows=966 width=121)
	  Sort Key: c
	  ->  Bitmap Heap Scan on sbtest5  (cost=22.34..3733.45 rows=966 width=121)
	        Recheck Cond: ((id >= 2866052) AND (id <= 2867051))
	        ->  Bitmap Index Scan on sbtest5_pkey  (cost=0.00..22.09 rows=966 width=0)
	              Index Cond: ((id >= 2866052) AND (id <= 2867051))

table 6 : explain SELECT c FROM sbtest6 WHERE id BETWEEN 8990639 AND 8991638 ORDER BY c
	Sort  (cost=3704.07..3706.43 rows=946 width=121)
	  Sort Key: c
	  ->  Bitmap Heap Scan on sbtest6  (cost=22.13..3657.31 rows=946 width=121)
	        Recheck Cond: ((id >= 8990639) AND (id <= 8991638))
	        ->  Bitmap Index Scan on sbtest6_pkey  (cost=0.00..21.89 rows=946 width=0)
	              Index Cond: ((id >= 8990639) AND (id <= 8991638))

table 7 : explain SELECT c FROM sbtest7 WHERE id BETWEEN 2533077 AND 2534076 ORDER BY c
	Sort  (cost=3784.42..3786.84 rows=967 width=121)
	  Sort Key: c
	  ->  Bitmap Heap Scan on sbtest7  (cost=22.35..3736.47 rows=967 width=121)
	        Recheck Cond: ((id >= 2533077) AND (id <= 2534076))
	        ->  Bitmap Index Scan on sbtest7_pkey  (cost=0.00..22.11 rows=967 width=0)
	              Index Cond: ((id >= 2533077) AND (id <= 2534076))

table 8 : explain SELECT c FROM sbtest8 WHERE id BETWEEN 5356364 AND 5357363 ORDER BY c
	Sort  (cost=3891.82..3894.30 rows=995 width=121)
	  Sort Key: c
	  ->  Bitmap Heap Scan on sbtest8  (cost=22.63..3842.27 rows=995 width=121)
	        Recheck Cond: ((id >= 5356364) AND (id <= 5357363))
	        ->  Bitmap Index Scan on sbtest8_pkey  (cost=0.00..22.39 rows=995 width=0)
	              Index Cond: ((id >= 5356364) AND (id <= 5357363))

for: order_ranges
table 1 : explain SELECT c FROM sbtest1 WHERE id BETWEEN 6738861 AND 6739860 ORDER BY c
	Sort  (cost=3876.09..3878.57 rows=991 width=121)
	  Sort Key: c
	  ->  Bitmap Heap Scan on sbtest1  (cost=22.59..3826.78 rows=991 width=121)
	        Recheck Cond: ((id >= 6738861) AND (id <= 6739860))
	        ->  Bitmap Index Scan on sbtest1_pkey  (cost=0.00..22.34 rows=991 width=0)
	              Index Cond: ((id >= 6738861) AND (id <= 6739860))

table 2 : explain SELECT c FROM sbtest2 WHERE id BETWEEN 7154717 AND 7155716 ORDER BY c
	Sort  (cost=3911.43..3913.93 rows=1000 width=121)
	  Sort Key: c
	  ->  Bitmap Heap Scan on sbtest2  (cost=22.68..3861.60 rows=1000 width=121)
	        Recheck Cond: ((id >= 7154717) AND (id <= 7155716))
	        ->  Bitmap Index Scan on sbtest2_pkey  (cost=0.00..22.43 rows=1000 width=0)
	              Index Cond: ((id >= 7154717) AND (id <= 7155716))

table 3 : explain SELECT c FROM sbtest3 WHERE id BETWEEN 8416026 AND 8417025 ORDER BY c
	Sort  (cost=3978.43..3980.97 rows=1018 width=121)
	  Sort Key: c
	  ->  Bitmap Heap Scan on sbtest3  (cost=22.87..3927.57 rows=1018 width=121)
	        Recheck Cond: ((id >= 8416026) AND (id <= 8417025))
	        ->  Bitmap Index Scan on sbtest3_pkey  (cost=0.00..22.61 rows=1018 width=0)
	              Index Cond: ((id >= 8416026) AND (id <= 8417025))

table 4 : explain SELECT c FROM sbtest4 WHERE id BETWEEN 3462736 AND 3463735 ORDER BY c
	Sort  (cost=3546.76..3549.02 rows=905 width=121)
	  Sort Key: c
	  ->  Bitmap Heap Scan on sbtest4  (cost=21.71..3502.31 rows=905 width=121)
	        Recheck Cond: ((id >= 3462736) AND (id <= 3463735))
	        ->  Bitmap Index Scan on sbtest4_pkey  (cost=0.00..21.48 rows=905 width=0)
	              Index Cond: ((id >= 3462736) AND (id <= 3463735))

table 5 : explain SELECT c FROM sbtest5 WHERE id BETWEEN 7034375 AND 7035374 ORDER BY c
	Sort  (cost=3919.25..3921.75 rows=1001 width=121)
	  Sort Key: c
	  ->  Bitmap Heap Scan on sbtest5  (cost=26.70..3869.37 rows=1001 width=121)
	        Recheck Cond: ((id >= 7034375) AND (id <= 7035374))
	        ->  Bitmap Index Scan on sbtest5_pkey  (cost=0.00..26.44 rows=1001 width=0)
	              Index Cond: ((id >= 7034375) AND (id <= 7035374))

table 6 : explain SELECT c FROM sbtest6 WHERE id BETWEEN 1755854 AND 1756853 ORDER BY c
	Sort  (cost=4067.31..4069.91 rows=1041 width=121)
	  Sort Key: c
	  ->  Bitmap Heap Scan on sbtest6  (cost=23.11..4015.14 rows=1041 width=121)
	        Recheck Cond: ((id >= 1755854) AND (id <= 1756853))
	        ->  Bitmap Index Scan on sbtest6_pkey  (cost=0.00..22.84 rows=1041 width=0)
	              Index Cond: ((id >= 1755854) AND (id <= 1756853))

table 7 : explain SELECT c FROM sbtest7 WHERE id BETWEEN 125338 AND 126337 ORDER BY c
	Sort  (cost=3638.91..3641.24 rows=929 width=121)
	  Sort Key: c
	  ->  Bitmap Heap Scan on sbtest7  (cost=21.96..3593.12 rows=929 width=121)
	        Recheck Cond: ((id >= 125338) AND (id <= 126337))
	        ->  Bitmap Index Scan on sbtest7_pkey  (cost=0.00..21.72 rows=929 width=0)
	              Index Cond: ((id >= 125338) AND (id <= 126337))

table 8 : explain SELECT c FROM sbtest8 WHERE id BETWEEN 6627898 AND 6628897 ORDER BY c
	Sort  (cost=4025.57..4028.15 rows=1030 width=121)
	  Sort Key: c
	  ->  Bitmap Heap Scan on sbtest8  (cost=22.99..3974.03 rows=1030 width=121)
	        Recheck Cond: ((id >= 6627898) AND (id <= 6628897))
	        ->  Bitmap Index Scan on sbtest8_pkey  (cost=0.00..22.73 rows=1030 width=0)
	              Index Cond: ((id >= 6627898) AND (id <= 6628897))

for: distinct_ranges
table 1 : explain SELECT DISTINCT c FROM sbtest1 WHERE id BETWEEN 6918814 AND 6919813 ORDER BY c
	Unique  (cost=3971.65..3976.73 rows=1016 width=121)
	  ->  Sort  (cost=3971.65..3974.19 rows=1016 width=121)
	        Sort Key: c
	        ->  Bitmap Heap Scan on sbtest1  (cost=22.85..3920.90 rows=1016 width=121)
	              Recheck Cond: ((id >= 6918814) AND (id <= 6919813))
	              ->  Bitmap Index Scan on sbtest1_pkey  (cost=0.00..22.59 rows=1016 width=0)
	                    Index Cond: ((id >= 6918814) AND (id <= 6919813))

table 2 : explain SELECT DISTINCT c FROM sbtest2 WHERE id BETWEEN 7176046 AND 7177045 ORDER BY c
	Unique  (cost=3911.43..3916.43 rows=1000 width=121)
	  ->  Sort  (cost=3911.43..3913.93 rows=1000 width=121)
	        Sort Key: c
	        ->  Bitmap Heap Scan on sbtest2  (cost=22.68..3861.60 rows=1000 width=121)
	              Recheck Cond: ((id >= 7176046) AND (id <= 7177045))
	              ->  Bitmap Index Scan on sbtest2_pkey  (cost=0.00..22.43 rows=1000 width=0)
	                    Index Cond: ((id >= 7176046) AND (id <= 7177045))

table 3 : explain SELECT DISTINCT c FROM sbtest3 WHERE id BETWEEN 9141427 AND 9142426 ORDER BY c
	Unique  (cost=3484.73..3489.18 rows=889 width=121)
	  ->  Sort  (cost=3484.73..3486.95 rows=889 width=121)
	        Sort Key: c
	        ->  Bitmap Heap Scan on sbtest3  (cost=21.55..3441.19 rows=889 width=121)
	              Recheck Cond: ((id >= 9141427) AND (id <= 9142426))
	              ->  Bitmap Index Scan on sbtest3_pkey  (cost=0.00..21.32 rows=889 width=0)
	                    Index Cond: ((id >= 9141427) AND (id <= 9142426))

table 4 : explain SELECT DISTINCT c FROM sbtest4 WHERE id BETWEEN 1350502 AND 1351501 ORDER BY c
	Unique  (cost=3948.67..3953.72 rows=1010 width=121)
	  ->  Sort  (cost=3948.67..3951.20 rows=1010 width=121)
	        Sort Key: c
	        ->  Bitmap Heap Scan on sbtest4  (cost=22.79..3898.27 rows=1010 width=121)
	              Recheck Cond: ((id >= 1350502) AND (id <= 1351501))
	              ->  Bitmap Index Scan on sbtest4_pkey  (cost=0.00..22.54 rows=1010 width=0)
	                    Index Cond: ((id >= 1350502) AND (id <= 1351501))

table 5 : explain SELECT DISTINCT c FROM sbtest5 WHERE id BETWEEN 1160350 AND 1161349 ORDER BY c
	Unique  (cost=3915.43..3920.43 rows=1000 width=121)
	  ->  Sort  (cost=3915.43..3917.93 rows=1000 width=121)
	        Sort Key: c
	        ->  Bitmap Heap Scan on sbtest5  (cost=26.68..3865.60 rows=1000 width=121)
	              Recheck Cond: ((id >= 1160350) AND (id <= 1161349))
	              ->  Bitmap Index Scan on sbtest5_pkey  (cost=0.00..26.43 rows=1000 width=0)
	                    Index Cond: ((id >= 1160350) AND (id <= 1161349))

table 6 : explain SELECT DISTINCT c FROM sbtest6 WHERE id BETWEEN 1922105 AND 1923104 ORDER BY c
	Unique  (cost=3692.58..3697.29 rows=943 width=121)
	  ->  Sort  (cost=3692.58..3694.94 rows=943 width=121)
	        Sort Key: c
	        ->  Bitmap Heap Scan on sbtest6  (cost=22.10..3645.99 rows=943 width=121)
	              Recheck Cond: ((id >= 1922105) AND (id <= 1923104))
	              ->  Bitmap Index Scan on sbtest6_pkey  (cost=0.00..21.86 rows=943 width=0)
	                    Index Cond: ((id >= 1922105) AND (id <= 1923104))

table 7 : explain SELECT DISTINCT c FROM sbtest7 WHERE id BETWEEN 1079024 AND 1080023 ORDER BY c
	Unique  (cost=3960.33..3965.39 rows=1013 width=121)
	  ->  Sort  (cost=3960.33..3962.86 rows=1013 width=121)
	        Sort Key: c
	        ->  Bitmap Heap Scan on sbtest7  (cost=22.82..3909.75 rows=1013 width=121)
	              Recheck Cond: ((id >= 1079024) AND (id <= 1080023))
	              ->  Bitmap Index Scan on sbtest7_pkey  (cost=0.00..22.57 rows=1013 width=0)
	                    Index Cond: ((id >= 1079024) AND (id <= 1080023))

table 8 : explain SELECT DISTINCT c FROM sbtest8 WHERE id BETWEEN 5750539 AND 5751538 ORDER BY c
	Unique  (cost=3918.58..3923.59 rows=1002 width=121)
	  ->  Sort  (cost=3918.58..3921.08 rows=1002 width=121)
	        Sort Key: c
	        ->  Bitmap Heap Scan on sbtest8  (cost=22.71..3868.64 rows=1002 width=121)
	              Recheck Cond: ((id >= 5750539) AND (id <= 5751538))
	              ->  Bitmap Index Scan on sbtest8_pkey  (cost=0.00..22.45 rows=1002 width=0)
	                    Index Cond: ((id >= 5750539) AND (id <= 5751538))

for point_selects
table 1 : explain SELECT c FROM sbtest1 WHERE id=7380890
	Index Scan using sbtest1_pkey on sbtest1  (cost=0.43..8.45 rows=1 width=121)
	  Index Cond: (id = 7380890)

table 2 : explain SELECT c FROM sbtest2 WHERE id=5081479
	Index Scan using sbtest2_pkey on sbtest2  (cost=0.43..8.45 rows=1 width=121)
	  Index Cond: (id = 5081479)

table 3 : explain SELECT c FROM sbtest3 WHERE id=9372868
	Index Scan using sbtest3_pkey on sbtest3  (cost=0.43..8.45 rows=1 width=121)
	  Index Cond: (id = 9372868)

table 4 : explain SELECT c FROM sbtest4 WHERE id=8282156
	Index Scan using sbtest4_pkey on sbtest4  (cost=0.43..8.45 rows=1 width=121)
	  Index Cond: (id = 8282156)

table 5 : explain SELECT c FROM sbtest5 WHERE id=4302475
	Index Scan using sbtest5_pkey on sbtest5  (cost=0.43..8.45 rows=1 width=121)
	  Index Cond: (id = 4302475)

table 6 : explain SELECT c FROM sbtest6 WHERE id=418361
	Index Scan using sbtest6_pkey on sbtest6  (cost=0.43..8.45 rows=1 width=121)
	  Index Cond: (id = 418361)

table 7 : explain SELECT c FROM sbtest7 WHERE id=1214764
	Index Scan using sbtest7_pkey on sbtest7  (cost=0.43..8.45 rows=1 width=121)
	  Index Cond: (id = 1214764)

table 8 : explain SELECT c FROM sbtest8 WHERE id=2321609
	Index Scan using sbtest8_pkey on sbtest8  (cost=0.43..8.45 rows=1 width=121)
	  Index Cond: (id = 2321609)
for point_selects
table 1 : explain SELECT c FROM sbtest1 WHERE id=1068945
	Index Scan using sbtest1_pkey on sbtest1  (cost=0.43..8.45 rows=1 width=121)
	  Index Cond: (id = 1068945)

table 2 : explain SELECT c FROM sbtest2 WHERE id=5999137
	Index Scan using sbtest2_pkey on sbtest2  (cost=0.43..8.45 rows=1 width=121)
	  Index Cond: (id = 5999137)

table 3 : explain SELECT c FROM sbtest3 WHERE id=1787287
	Index Scan using sbtest3_pkey on sbtest3  (cost=0.43..8.45 rows=1 width=121)
	  Index Cond: (id = 1787287)

table 4 : explain SELECT c FROM sbtest4 WHERE id=9627328
	Index Scan using sbtest4_pkey on sbtest4  (cost=0.43..8.45 rows=1 width=121)
	  Index Cond: (id = 9627328)

table 5 : explain SELECT c FROM sbtest5 WHERE id=7699014
	Index Scan using sbtest5_pkey on sbtest5  (cost=0.43..8.45 rows=1 width=121)
	  Index Cond: (id = 7699014)

table 6 : explain SELECT c FROM sbtest6 WHERE id=4035383
	Index Scan using sbtest6_pkey on sbtest6  (cost=0.43..8.45 rows=1 width=121)
	  Index Cond: (id = 4035383)

table 7 : explain SELECT c FROM sbtest7 WHERE id=533165
	Index Scan using sbtest7_pkey on sbtest7  (cost=0.43..8.45 rows=1 width=121)
	  Index Cond: (id = 533165)

table 8 : explain SELECT c FROM sbtest8 WHERE id=1149276
	Index Scan using sbtest8_pkey on sbtest8  (cost=0.43..8.45 rows=1 width=121)
	  Index Cond: (id = 1149276)


for: sum_ranges
table 1 : explain SELECT SUM(k) FROM sbtest1 WHERE id BETWEEN 6453538 AND 6454537
	Aggregate  (cost=4509.67..4509.68 rows=1 width=8)
	  ->  Bitmap Heap Scan on sbtest1  (cost=28.45..4506.74 rows=1172 width=4)
	        Recheck Cond: ((id >= 6453538) AND (id <= 6454537))
	        ->  Bitmap Index Scan on sbtest1_pkey  (cost=0.00..28.15 rows=1172 width=0)
	              Index Cond: ((id >= 6453538) AND (id <= 6454537))

table 2 : explain SELECT SUM(k) FROM sbtest2 WHERE id BETWEEN 9792282 AND 9793281
	Aggregate  (cost=3724.55..3724.56 rows=1 width=8)
	  ->  Bitmap Heap Scan on sbtest2  (cost=22.31..3722.14 rows=963 width=4)
	        Recheck Cond: ((id >= 9792282) AND (id <= 9793281))
	        ->  Bitmap Index Scan on sbtest2_pkey  (cost=0.00..22.07 rows=963 width=0)
	              Index Cond: ((id >= 9792282) AND (id <= 9793281))

table 3 : explain SELECT SUM(k) FROM sbtest3 WHERE id BETWEEN 7964283 AND 7965282
	Aggregate  (cost=4118.17..4118.18 rows=1 width=8)
	  ->  Bitmap Heap Scan on sbtest3  (cost=23.38..4115.50 rows=1068 width=4)
	        Recheck Cond: ((id >= 7964283) AND (id <= 7965282))
	        ->  Bitmap Index Scan on sbtest3_pkey  (cost=0.00..23.11 rows=1068 width=0)
	              Index Cond: ((id >= 7964283) AND (id <= 7965282))

table 4 : explain SELECT SUM(k) FROM sbtest4 WHERE id BETWEEN 1380584 AND 1381583
	Aggregate  (cost=3746.26..3746.27 rows=1 width=8)
	  ->  Bitmap Heap Scan on sbtest4  (cost=22.37..3743.83 rows=969 width=4)
	        Recheck Cond: ((id >= 1380584) AND (id <= 1381583))
	        ->  Bitmap Index Scan on sbtest4_pkey  (cost=0.00..22.12 rows=969 width=0)
	              Index Cond: ((id >= 1380584) AND (id <= 1381583))

table 5 : explain SELECT SUM(k) FROM sbtest5 WHERE id BETWEEN 502109 AND 503108
	Aggregate  (cost=3735.86..3735.87 rows=1 width=8)
	  ->  Bitmap Heap Scan on sbtest5  (cost=22.34..3733.45 rows=966 width=4)
	        Recheck Cond: ((id >= 502109) AND (id <= 503108))
	        ->  Bitmap Index Scan on sbtest5_pkey  (cost=0.00..22.09 rows=966 width=0)
	              Index Cond: ((id >= 502109) AND (id <= 503108))

table 6 : explain SELECT SUM(k) FROM sbtest6 WHERE id BETWEEN 4732705 AND 4733704
	Aggregate  (cost=3671.00..3671.01 rows=1 width=8)
	  ->  Bitmap Heap Scan on sbtest6  (cost=22.16..3668.63 rows=949 width=4)
	        Recheck Cond: ((id >= 4732705) AND (id <= 4733704))
	        ->  Bitmap Index Scan on sbtest6_pkey  (cost=0.00..21.93 rows=949 width=0)
	              Index Cond: ((id >= 4732705) AND (id <= 4733704))

table 7 : explain SELECT SUM(k) FROM sbtest7 WHERE id BETWEEN 8007440 AND 8008439
	Aggregate  (cost=3417.74..3417.75 rows=1 width=8)
	  ->  Bitmap Heap Scan on sbtest7  (cost=21.48..3415.54 rows=882 width=4)
	        Recheck Cond: ((id >= 8007440) AND (id <= 8008439))
	        ->  Bitmap Index Scan on sbtest7_pkey  (cost=0.00..21.25 rows=882 width=0)
	              Index Cond: ((id >= 8007440) AND (id <= 8008439))

table 8 : explain SELECT SUM(k) FROM sbtest8 WHERE id BETWEEN 1374297 AND 1375296
	Aggregate  (cost=3776.89..3776.90 rows=1 width=8)
	  ->  Bitmap Heap Scan on sbtest8  (cost=22.45..3774.45 rows=977 width=4)
	        Recheck Cond: ((id >= 1374297) AND (id <= 1375296))
	        ->  Bitmap Index Scan on sbtest8_pkey  (cost=0.00..22.20 rows=977 width=0)
	              Index Cond: ((id >= 1374297) AND (id <= 1375296))

for: distinct_ranges
table 1 : explain SELECT DISTINCT c FROM sbtest1 WHERE id BETWEEN 4348693 AND 4349692 ORDER BY c
	Unique  (cost=3734.53..3739.30 rows=954 width=121)
	  ->  Sort  (cost=3734.53..3736.92 rows=954 width=121)
	        Sort Key: c
	        ->  Bitmap Heap Scan on sbtest1  (cost=22.21..3687.32 rows=954 width=121)
	              Recheck Cond: ((id >= 4348693) AND (id <= 4349692))
	              ->  Bitmap Index Scan on sbtest1_pkey  (cost=0.00..21.97 rows=954 width=0)
	                    Index Cond: ((id >= 4348693) AND (id <= 4349692))

table 2 : explain SELECT DISTINCT c FROM sbtest2 WHERE id BETWEEN 8416798 AND 8417797 ORDER BY c
	Unique  (cost=3838.75..3843.66 rows=981 width=121)
	  ->  Sort  (cost=3838.75..3841.21 rows=981 width=121)
	        Sort Key: c
	        ->  Bitmap Heap Scan on sbtest2  (cost=22.49..3790.01 rows=981 width=121)
	              Recheck Cond: ((id >= 8416798) AND (id <= 8417797))
	              ->  Bitmap Index Scan on sbtest2_pkey  (cost=0.00..22.25 rows=981 width=0)
	                    Index Cond: ((id >= 8416798) AND (id <= 8417797))

table 3 : explain SELECT DISTINCT c FROM sbtest3 WHERE id BETWEEN 8594018 AND 8595017 ORDER BY c
	Unique  (cost=3645.70..3650.36 rows=931 width=121)
	  ->  Sort  (cost=3645.70..3648.03 rows=931 width=121)
	        Sort Key: c
	        ->  Bitmap Heap Scan on sbtest3  (cost=21.98..3599.79 rows=931 width=121)
	              Recheck Cond: ((id >= 8594018) AND (id <= 8595017))
	              ->  Bitmap Index Scan on sbtest3_pkey  (cost=0.00..21.75 rows=931 width=0)
	                    Index Cond: ((id >= 8594018) AND (id <= 8595017))

table 4 : explain SELECT DISTINCT c FROM sbtest4 WHERE id BETWEEN 1299497 AND 1300496 ORDER BY c
	Unique  (cost=3948.67..3953.72 rows=1010 width=121)
	  ->  Sort  (cost=3948.67..3951.20 rows=1010 width=121)
	        Sort Key: c
	        ->  Bitmap Heap Scan on sbtest4  (cost=22.79..3898.27 rows=1010 width=121)
	              Recheck Cond: ((id >= 1299497) AND (id <= 1300496))
	              ->  Bitmap Index Scan on sbtest4_pkey  (cost=0.00..22.54 rows=1010 width=0)
	                    Index Cond: ((id >= 1299497) AND (id <= 1300496))

table 5 : explain SELECT DISTINCT c FROM sbtest5 WHERE id BETWEEN 1268035 AND 1269034 ORDER BY c
	Unique  (cost=4129.38..4134.66 rows=1056 width=121)
	  ->  Sort  (cost=4129.38..4132.02 rows=1056 width=121)
	        Sort Key: c
	        ->  Bitmap Heap Scan on sbtest5  (cost=27.26..4076.34 rows=1056 width=121)
	              Recheck Cond: ((id >= 1268035) AND (id <= 1269034))
	              ->  Bitmap Index Scan on sbtest5_pkey  (cost=0.00..27.00 rows=1056 width=0)
	                    Index Cond: ((id >= 1268035) AND (id <= 1269034))

table 6 : explain SELECT DISTINCT c FROM sbtest6 WHERE id BETWEEN 6452561 AND 6453560 ORDER BY c
	Unique  (cost=3983.29..3988.38 rows=1019 width=121)
	  ->  Sort  (cost=3983.29..3985.84 rows=1019 width=121)
	        Sort Key: c
	        ->  Bitmap Heap Scan on sbtest6  (cost=22.88..3932.38 rows=1019 width=121)
	              Recheck Cond: ((id >= 6452561) AND (id <= 6453560))
	              ->  Bitmap Index Scan on sbtest6_pkey  (cost=0.00..22.62 rows=1019 width=0)
	                    Index Cond: ((id >= 6452561) AND (id <= 6453560))

table 7 : explain SELECT DISTINCT c FROM sbtest7 WHERE id BETWEEN 3606560 AND 3607559 ORDER BY c
	Unique  (cost=3834.16..3839.06 rows=980 width=121)
	  ->  Sort  (cost=3834.16..3836.61 rows=980 width=121)
	        Sort Key: c
	        ->  Bitmap Heap Scan on sbtest7  (cost=22.48..3785.47 rows=980 width=121)
	              Recheck Cond: ((id >= 3606560) AND (id <= 3607559))
	              ->  Bitmap Index Scan on sbtest7_pkey  (cost=0.00..22.23 rows=980 width=0)
	                    Index Cond: ((id >= 3606560) AND (id <= 3607559))

table 8 : explain SELECT DISTINCT c FROM sbtest8 WHERE id BETWEEN 86060 AND 87059 ORDER BY c
	Unique  (cost=3995.01..4000.12 rows=1022 width=121)
	  ->  Sort  (cost=3995.01..3997.57 rows=1022 width=121)
	        Sort Key: c
	        ->  Bitmap Heap Scan on sbtest8  (cost=22.91..3943.93 rows=1022 width=121)
	              Recheck Cond: ((id >= 86060) AND (id <= 87059))
	              ->  Bitmap Index Scan on sbtest8_pkey  (cost=0.00..22.65 rows=1022 width=0)
	                    Index Cond: ((id >= 86060) AND (id <= 87059))

for: order_ranges
table 1 : explain SELECT c FROM sbtest1 WHERE id BETWEEN 2731634 AND 2732633 ORDER BY c
	Sort  (cost=3952.54..3955.07 rows=1011 width=121)
	  Sort Key: c
	  ->  Bitmap Heap Scan on sbtest1  (cost=22.80..3902.08 rows=1011 width=121)
	        Recheck Cond: ((id >= 2731634) AND (id <= 2732633))
	        ->  Bitmap Index Scan on sbtest1_pkey  (cost=0.00..22.54 rows=1011 width=0)
	              Index Cond: ((id >= 2731634) AND (id <= 2732633))

table 2 : explain SELECT c FROM sbtest2 WHERE id BETWEEN 2436793 AND 2437792 ORDER BY c
	Sort  (cost=3804.31..3806.74 rows=972 width=121)
	  Sort Key: c
	  ->  Bitmap Heap Scan on sbtest2  (cost=22.40..3756.08 rows=972 width=121)
	        Recheck Cond: ((id >= 2436793) AND (id <= 2437792))
	        ->  Bitmap Index Scan on sbtest2_pkey  (cost=0.00..22.15 rows=972 width=0)
	              Index Cond: ((id >= 2436793) AND (id <= 2437792))

table 3 : explain SELECT c FROM sbtest3 WHERE id BETWEEN 9491170 AND 9492169 ORDER BY c
	Sort  (cost=4363.81..4366.61 rows=1119 width=121)
	  Sort Key: c
	  ->  Bitmap Heap Scan on sbtest3  (cost=27.90..4307.15 rows=1119 width=121)
	        Recheck Cond: ((id >= 9491170) AND (id <= 9492169))
	        ->  Bitmap Index Scan on sbtest3_pkey  (cost=0.00..27.62 rows=1119 width=0)
	              Index Cond: ((id >= 9491170) AND (id <= 9492169))

table 4 : explain SELECT c FROM sbtest4 WHERE id BETWEEN 8744263 AND 8745262 ORDER BY c
	Sort  (cost=4025.07..4027.65 rows=1030 width=121)
	  Sort Key: c
	  ->  Bitmap Heap Scan on sbtest4  (cost=22.99..3973.53 rows=1030 width=121)
	        Recheck Cond: ((id >= 8744263) AND (id <= 8745262))
	        ->  Bitmap Index Scan on sbtest4_pkey  (cost=0.00..22.73 rows=1030 width=0)
	              Index Cond: ((id >= 8744263) AND (id <= 8745262))

table 5 : explain SELECT c FROM sbtest5 WHERE id BETWEEN 8302170 AND 8303169 ORDER BY c
	Sort  (cost=3727.74..3730.12 rows=952 width=121)
	  Sort Key: c
	  ->  Bitmap Heap Scan on sbtest5  (cost=22.19..3680.64 rows=952 width=121)
	        Recheck Cond: ((id >= 8302170) AND (id <= 8303169))
	        ->  Bitmap Index Scan on sbtest5_pkey  (cost=0.00..21.95 rows=952 width=0)
	              Index Cond: ((id >= 8302170) AND (id <= 8303169))

table 6 : explain SELECT c FROM sbtest6 WHERE id BETWEEN 1124090 AND 1125089 ORDER BY c
	Sort  (cost=3619.79..3622.10 rows=924 width=121)
	  Sort Key: c
	  ->  Bitmap Heap Scan on sbtest6  (cost=21.91..3574.27 rows=924 width=121)
	        Recheck Cond: ((id >= 1124090) AND (id <= 1125089))
	        ->  Bitmap Index Scan on sbtest6_pkey  (cost=0.00..21.68 rows=924 width=0)
	              Index Cond: ((id >= 1124090) AND (id <= 1125089))

table 7 : explain SELECT c FROM sbtest7 WHERE id BETWEEN 2620704 AND 2621703 ORDER BY c
	Sort  (cost=3792.08..3794.50 rows=969 width=121)
	  Sort Key: c
	  ->  Bitmap Heap Scan on sbtest7  (cost=22.37..3744.01 rows=969 width=121)
	        Recheck Cond: ((id >= 2620704) AND (id <= 2621703))
	        ->  Bitmap Index Scan on sbtest7_pkey  (cost=0.00..22.12 rows=969 width=0)
	              Index Cond: ((id >= 2620704) AND (id <= 2621703))

table 8 : explain SELECT c FROM sbtest8 WHERE id BETWEEN 8339030 AND 8340029 ORDER BY c
	Sort  (cost=4124.84..4127.48 rows=1056 width=121)
	  Sort Key: c
	  ->  Bitmap Heap Scan on sbtest8  (cost=23.26..4071.81 rows=1056 width=121)
	        Recheck Cond: ((id >= 8339030) AND (id <= 8340029))
	        ->  Bitmap Index Scan on sbtest8_pkey  (cost=0.00..23.00 rows=1056 width=0)
	              Index Cond: ((id >= 8339030) AND (id <= 8340029))

for point_selects
table 1 : explain SELECT c FROM sbtest1 WHERE id=2911618
	Index Scan using sbtest1_pkey on sbtest1  (cost=0.43..8.45 rows=1 width=121)
	  Index Cond: (id = 2911618)

table 2 : explain SELECT c FROM sbtest2 WHERE id=1618046
	Index Scan using sbtest2_pkey on sbtest2  (cost=0.43..8.45 rows=1 width=121)
	  Index Cond: (id = 1618046)

table 3 : explain SELECT c FROM sbtest3 WHERE id=653477
	Index Scan using sbtest3_pkey on sbtest3  (cost=0.43..8.45 rows=1 width=121)
	  Index Cond: (id = 653477)

table 4 : explain SELECT c FROM sbtest4 WHERE id=7440096
	Index Scan using sbtest4_pkey on sbtest4  (cost=0.43..8.45 rows=1 width=121)
	  Index Cond: (id = 7440096)

table 5 : explain SELECT c FROM sbtest5 WHERE id=27965
	Index Scan using sbtest5_pkey on sbtest5  (cost=0.43..8.45 rows=1 width=121)
	  Index Cond: (id = 27965)

table 6 : explain SELECT c FROM sbtest6 WHERE id=9771160
	Index Scan using sbtest6_pkey on sbtest6  (cost=0.43..8.45 rows=1 width=121)
	  Index Cond: (id = 9771160)

table 7 : explain SELECT c FROM sbtest7 WHERE id=1416154
	Index Scan using sbtest7_pkey on sbtest7  (cost=0.43..8.45 rows=1 width=121)
	  Index Cond: (id = 1416154)

table 8 : explain SELECT c FROM sbtest8 WHERE id=3019270
	Index Scan using sbtest8_pkey on sbtest8  (cost=0.43..8.45 rows=1 width=121)
	  Index Cond: (id = 3019270)

for point_selects
table 1 : explain SELECT c FROM sbtest1 WHERE id=249024
	Index Scan using sbtest1_pkey on sbtest1  (cost=0.43..8.45 rows=1 width=121)
	  Index Cond: (id = 249024)

table 2 : explain SELECT c FROM sbtest2 WHERE id=5968420
	Index Scan using sbtest2_pkey on sbtest2  (cost=0.43..8.45 rows=1 width=121)
	  Index Cond: (id = 5968420)

table 3 : explain SELECT c FROM sbtest3 WHERE id=8456632
	Index Scan using sbtest3_pkey on sbtest3  (cost=0.43..8.45 rows=1 width=121)
	  Index Cond: (id = 8456632)

table 4 : explain SELECT c FROM sbtest4 WHERE id=4163146
	Index Scan using sbtest4_pkey on sbtest4  (cost=0.43..8.45 rows=1 width=121)
	  Index Cond: (id = 4163146)

table 5 : explain SELECT c FROM sbtest5 WHERE id=1591360
	Index Scan using sbtest5_pkey on sbtest5  (cost=0.43..8.45 rows=1 width=121)
	  Index Cond: (id = 1591360)

table 6 : explain SELECT c FROM sbtest6 WHERE id=69871
	Index Scan using sbtest6_pkey on sbtest6  (cost=0.43..8.45 rows=1 width=121)
	  Index Cond: (id = 69871)

table 7 : explain SELECT c FROM sbtest7 WHERE id=4642885
	Index Scan using sbtest7_pkey on sbtest7  (cost=0.43..8.45 rows=1 width=121)
	  Index Cond: (id = 4642885)

table 8 : explain SELECT c FROM sbtest8 WHERE id=2630855
	Index Scan using sbtest8_pkey on sbtest8  (cost=0.43..8.45 rows=1 width=121)
	  Index Cond: (id = 2630855)

for point_selects
table 1 : explain SELECT c FROM sbtest1 WHERE id=4550810
	Index Scan using sbtest1_pkey on sbtest1  (cost=0.43..8.45 rows=1 width=121)
	  Index Cond: (id = 4550810)

table 2 : explain SELECT c FROM sbtest2 WHERE id=7801340
	Index Scan using sbtest2_pkey on sbtest2  (cost=0.43..8.45 rows=1 width=121)
	  Index Cond: (id = 7801340)

table 3 : explain SELECT c FROM sbtest3 WHERE id=895552
	Index Scan using sbtest3_pkey on sbtest3  (cost=0.43..8.45 rows=1 width=121)
	  Index Cond: (id = 895552)

table 4 : explain SELECT c FROM sbtest4 WHERE id=4239290
	Index Scan using sbtest4_pkey on sbtest4  (cost=0.43..8.45 rows=1 width=121)
	  Index Cond: (id = 4239290)

table 5 : explain SELECT c FROM sbtest5 WHERE id=5495769
	Index Scan using sbtest5_pkey on sbtest5  (cost=0.43..8.45 rows=1 width=121)
	  Index Cond: (id = 5495769)

table 6 : explain SELECT c FROM sbtest6 WHERE id=5358537
	Index Scan using sbtest6_pkey on sbtest6  (cost=0.43..8.45 rows=1 width=121)
	  Index Cond: (id = 5358537)

table 7 : explain SELECT c FROM sbtest7 WHERE id=2337580
	Index Scan using sbtest7_pkey on sbtest7  (cost=0.43..8.45 rows=1 width=121)
	  Index Cond: (id = 2337580)

table 8 : explain SELECT c FROM sbtest8 WHERE id=5969510
	Index Scan using sbtest8_pkey on sbtest8  (cost=0.43..8.45 rows=1 width=121)
	  Index Cond: (id = 5969510)

for: sum_ranges
table 1 : explain SELECT SUM(k) FROM sbtest1 WHERE id BETWEEN 1641910 AND 1642909
	Aggregate  (cost=3844.33..3844.34 rows=1 width=8)
	  ->  Bitmap Heap Scan on sbtest1  (cost=22.63..3841.84 rows=995 width=4)
	        Recheck Cond: ((id >= 1641910) AND (id <= 1642909))
	        ->  Bitmap Index Scan on sbtest1_pkey  (cost=0.00..22.39 rows=995 width=0)
	              Index Cond: ((id >= 1641910) AND (id <= 1642909))

table 2 : explain SELECT SUM(k) FROM sbtest2 WHERE id BETWEEN 2515077 AND 2516076
	Aggregate  (cost=3860.33..3860.34 rows=1 width=8)
	  ->  Bitmap Heap Scan on sbtest2  (cost=22.67..3857.83 rows=999 width=4)
	        Recheck Cond: ((id >= 2515077) AND (id <= 2516076))
	        ->  Bitmap Index Scan on sbtest2_pkey  (cost=0.00..22.43 rows=999 width=0)
	              Index Cond: ((id >= 2515077) AND (id <= 2516076))

table 3 : explain SELECT SUM(k) FROM sbtest3 WHERE id BETWEEN 5017600 AND 5018599
	Aggregate  (cost=4031.71..4031.72 rows=1 width=8)
	  ->  Bitmap Heap Scan on sbtest3  (cost=23.15..4029.09 rows=1045 width=4)
	        Recheck Cond: ((id >= 5017600) AND (id <= 5018599))
	        ->  Bitmap Index Scan on sbtest3_pkey  (cost=0.00..22.89 rows=1045 width=0)
	              Index Cond: ((id >= 5017600) AND (id <= 5018599))

table 4 : explain SELECT SUM(k) FROM sbtest4 WHERE id BETWEEN 4606847 AND 4607846
	Aggregate  (cost=3719.85..3719.86 rows=1 width=8)
	  ->  Bitmap Heap Scan on sbtest4  (cost=22.30..3717.44 rows=962 width=4)
	        Recheck Cond: ((id >= 4606847) AND (id <= 4607846))
	        ->  Bitmap Index Scan on sbtest4_pkey  (cost=0.00..22.05 rows=962 width=0)
	              Index Cond: ((id >= 4606847) AND (id <= 4607846))

table 5 : explain SELECT SUM(k) FROM sbtest5 WHERE id BETWEEN 2959699 AND 2960698
	Aggregate  (cost=3671.69..3671.70 rows=1 width=8)
	  ->  Bitmap Heap Scan on sbtest5  (cost=22.16..3669.32 rows=949 width=4)
	        Recheck Cond: ((id >= 2959699) AND (id <= 2960698))
	        ->  Bitmap Index Scan on sbtest5_pkey  (cost=0.00..21.93 rows=949 width=0)
	              Index Cond: ((id >= 2959699) AND (id <= 2960698))

table 6 : explain SELECT SUM(k) FROM sbtest6 WHERE id BETWEEN 3531810 AND 3532809
	Aggregate  (cost=3818.12..3818.13 rows=1 width=8)
	  ->  Bitmap Heap Scan on sbtest6  (cost=22.56..3815.65 rows=988 width=4)
	        Recheck Cond: ((id >= 3531810) AND (id <= 3532809))
	        ->  Bitmap Index Scan on sbtest6_pkey  (cost=0.00..22.32 rows=988 width=0)
	              Index Cond: ((id >= 3531810) AND (id <= 3532809))

table 7 : explain SELECT SUM(k) FROM sbtest7 WHERE id BETWEEN 3433223 AND 3434222
	Aggregate  (cost=4251.03..4251.04 rows=1 width=8)
	  ->  Bitmap Heap Scan on sbtest7  (cost=27.74..4248.27 rows=1103 width=4)
	        Recheck Cond: ((id >= 3433223) AND (id <= 3434222))
	        ->  Bitmap Index Scan on sbtest7_pkey  (cost=0.00..27.46 rows=1103 width=0)
	              Index Cond: ((id >= 3433223) AND (id <= 3434222))

table 8 : explain SELECT SUM(k) FROM sbtest8 WHERE id BETWEEN 6549493 AND 6550492
	Aggregate  (cost=3886.21..3886.22 rows=1 width=8)
	  ->  Bitmap Heap Scan on sbtest8  (cost=22.75..3883.70 rows=1006 width=4)
	        Recheck Cond: ((id >= 6549493) AND (id <= 6550492))
	        ->  Bitmap Index Scan on sbtest8_pkey  (cost=0.00..22.50 rows=1006 width=0)
	              Index Cond: ((id >= 6549493) AND (id <= 6550492))

explain: for point_selects :: explain SELECT c FROM sbtest%u WHERE id=%uexplain: for point_selects :: explain SELECT c FROM sbtest%u WHERE id=%uexplain: for point_selects :: explain SELECT c FROM sbtest%u WHERE id=%u


for: simple_ranges
table 1 : explain SELECT c FROM sbtest1 WHERE id BETWEEN 855124 AND 856123
	Bitmap Heap Scan on sbtest1  (cost=23.04..3992.38 rows=1035 width=121)
	  Recheck Cond: ((id >= 855124) AND (id <= 856123))
	  ->  Bitmap Index Scan on sbtest1_pkey  (cost=0.00..22.79 rows=1035 width=0)
	        Index Cond: ((id >= 855124) AND (id <= 856123))

table 2 : explain SELECT c FROM sbtest2 WHERE id BETWEEN 3821367 AND 3822366
	Bitmap Heap Scan on sbtest2  (cost=22.91..3944.44 rows=1022 width=121)
	  Recheck Cond: ((id >= 3821367) AND (id <= 3822366))
	  ->  Bitmap Index Scan on sbtest2_pkey  (cost=0.00..22.65 rows=1022 width=0)
	        Index Cond: ((id >= 3821367) AND (id <= 3822366))

table 3 : explain SELECT c FROM sbtest3 WHERE id BETWEEN 3795908 AND 3796907
	Bitmap Heap Scan on sbtest3  (cost=22.07..3633.74 rows=940 width=121)
	  Recheck Cond: ((id >= 3795908) AND (id <= 3796907))
	  ->  Bitmap Index Scan on sbtest3_pkey  (cost=0.00..21.83 rows=940 width=0)
	        Index Cond: ((id >= 3795908) AND (id <= 3796907))

table 4 : explain SELECT c FROM sbtest4 WHERE id BETWEEN 1040652 AND 1041651
	Bitmap Heap Scan on sbtest4  (cost=22.95..3958.48 rows=1026 width=121)
	  Recheck Cond: ((id >= 1040652) AND (id <= 1041651))
	  ->  Bitmap Index Scan on sbtest4_pkey  (cost=0.00..22.69 rows=1026 width=0)
	        Index Cond: ((id >= 1040652) AND (id <= 1041651))

table 5 : explain SELECT c FROM sbtest5 WHERE id BETWEEN 2437780 AND 2438779
	Bitmap Heap Scan on sbtest5  (cost=26.75..3888.20 rows=1006 width=121)
	  Recheck Cond: ((id >= 2437780) AND (id <= 2438779))
	  ->  Bitmap Index Scan on sbtest5_pkey  (cost=0.00..26.50 rows=1006 width=0)
	        Index Cond: ((id >= 2437780) AND (id <= 2438779))

table 6 : explain SELECT c FROM sbtest6 WHERE id BETWEEN 8444168 AND 8445167
	Bitmap Heap Scan on sbtest6  (cost=21.81..3540.29 rows=915 width=121)
	  Recheck Cond: ((id >= 8444168) AND (id <= 8445167))
	  ->  Bitmap Index Scan on sbtest6_pkey  (cost=0.00..21.58 rows=915 width=0)
	        Index Cond: ((id >= 8444168) AND (id <= 8445167))

table 7 : explain SELECT c FROM sbtest7 WHERE id BETWEEN 9580136 AND 9581135
	Bitmap Heap Scan on sbtest7  (cost=21.98..3600.67 rows=931 width=121)
	  Recheck Cond: ((id >= 9580136) AND (id <= 9581135))
	  ->  Bitmap Index Scan on sbtest7_pkey  (cost=0.00..21.75 rows=931 width=0)
	        Index Cond: ((id >= 9580136) AND (id <= 9581135))

table 8 : explain SELECT c FROM sbtest8 WHERE id BETWEEN 8672934 AND 8673933
	Bitmap Heap Scan on sbtest8  (cost=22.50..3793.29 rows=982 width=121)
	  Recheck Cond: ((id >= 8672934) AND (id <= 8673933))
	  ->  Bitmap Index Scan on sbtest8_pkey  (cost=0.00..22.25 rows=982 width=0)
	        Index Cond: ((id >= 8672934) AND (id <= 8673933))

for: simple_ranges
table 1 : explain SELECT c FROM sbtest1 WHERE id BETWEEN 3746385 AND 3747384
	Bitmap Heap Scan on sbtest1  (cost=22.53..3804.18 rows=985 width=121)
	  Recheck Cond: ((id >= 3746385) AND (id <= 3747384))
	  ->  Bitmap Index Scan on sbtest1_pkey  (cost=0.00..22.29 rows=985 width=0)
	        Index Cond: ((id >= 3746385) AND (id <= 3747384))

table 2 : explain SELECT c FROM sbtest2 WHERE id BETWEEN 4037153 AND 4038152
	Bitmap Heap Scan on sbtest2  (cost=22.55..3812.62 rows=987 width=121)
	  Recheck Cond: ((id >= 4037153) AND (id <= 4038152))
	  ->  Bitmap Index Scan on sbtest2_pkey  (cost=0.00..22.30 rows=987 width=0)
	        Index Cond: ((id >= 4037153) AND (id <= 4038152))

table 3 : explain SELECT c FROM sbtest3 WHERE id BETWEEN 5569713 AND 5570712
	Bitmap Heap Scan on sbtest3  (cost=22.17..3671.46 rows=950 width=121)
	  Recheck Cond: ((id >= 5569713) AND (id <= 5570712))
	  ->  Bitmap Index Scan on sbtest3_pkey  (cost=0.00..21.93 rows=950 width=0)
	        Index Cond: ((id >= 5569713) AND (id <= 5570712))

table 4 : explain SELECT c FROM sbtest4 WHERE id BETWEEN 2266471 AND 2267470
	Bitmap Heap Scan on sbtest4  (cost=22.38..3747.60 rows=970 width=121)
	  Recheck Cond: ((id >= 2266471) AND (id <= 2267470))
	  ->  Bitmap Index Scan on sbtest4_pkey  (cost=0.00..22.14 rows=970 width=0)
	        Index Cond: ((id >= 2266471) AND (id <= 2267470))

table 5 : explain SELECT c FROM sbtest5 WHERE id BETWEEN 7344769 AND 7345768
	Bitmap Heap Scan on sbtest5  (cost=21.90..3571.16 rows=923 width=121)
	  Recheck Cond: ((id >= 7344769) AND (id <= 7345768))
	  ->  Bitmap Index Scan on sbtest5_pkey  (cost=0.00..21.66 rows=923 width=0)
	        Index Cond: ((id >= 7344769) AND (id <= 7345768))

table 6 : explain SELECT c FROM sbtest6 WHERE id BETWEEN 3584881 AND 3585880
	Bitmap Heap Scan on sbtest6  (cost=22.56..3815.65 rows=988 width=121)
	  Recheck Cond: ((id >= 3584881) AND (id <= 3585880))
	  ->  Bitmap Index Scan on sbtest6_pkey  (cost=0.00..22.32 rows=988 width=0)
	        Index Cond: ((id >= 3584881) AND (id <= 3585880))

table 7 : explain SELECT c FROM sbtest7 WHERE id BETWEEN 8123000 AND 8123999
	Bitmap Heap Scan on sbtest7  (cost=23.40..4124.09 rows=1070 width=121)
	  Recheck Cond: ((id >= 8123000) AND (id <= 8123999))
	  ->  Bitmap Index Scan on sbtest7_pkey  (cost=0.00..23.14 rows=1070 width=0)
	        Index Cond: ((id >= 8123000) AND (id <= 8123999))

table 8 : explain SELECT c FROM sbtest8 WHERE id BETWEEN 1514324 AND 1515323
	Bitmap Heap Scan on sbtest8  (cost=22.38..3748.06 rows=970 width=121)
	  Recheck Cond: ((id >= 1514324) AND (id <= 1515323))
	  ->  Bitmap Index Scan on sbtest8_pkey  (cost=0.00..22.14 rows=970 width=0)
	        Index Cond: ((id >= 1514324) AND (id <= 1515323))

explain: for point_selects :: explain SELECT c FROM sbtest%u WHERE id=%u
for: distinct_ranges
table 1 : explain SELECT DISTINCT c FROM sbtest1 WHERE id BETWEEN 192460 AND 193459 ORDER BY c
	Unique  (cost=3998.39..4003.50 rows=1023 width=121)
	  ->  Sort  (cost=3998.39..4000.94 rows=1023 width=121)
	        Sort Key: c
	        ->  Bitmap Heap Scan on sbtest1  (cost=22.92..3947.24 rows=1023 width=121)
	              Recheck Cond: ((id >= 192460) AND (id <= 193459))
	              ->  Bitmap Index Scan on sbtest1_pkey  (cost=0.00..22.66 rows=1023 width=0)
	                    Index Cond: ((id >= 192460) AND (id <= 193459))

table 2 : explain SELECT DISTINCT c FROM sbtest2 WHERE id BETWEEN 4747630 AND 4748629 ORDER BY c
	Unique  (cost=3601.29..3605.88 rows=919 width=121)
	  ->  Sort  (cost=3601.29..3603.59 rows=919 width=121)
	        Sort Key: c
	        ->  Bitmap Heap Scan on sbtest2  (cost=21.85..3556.05 rows=919 width=121)
	              Recheck Cond: ((id >= 4747630) AND (id <= 4748629))
	              ->  Bitmap Index Scan on sbtest2_pkey  (cost=0.00..21.62 rows=919 width=0)
	                    Index Cond: ((id >= 4747630) AND (id <= 4748629))

table 3 : explain SELECT DISTINCT c FROM sbtest3 WHERE id BETWEEN 4346578 AND 4347577 ORDER BY c
	Unique  (cost=3875.27..3880.22 rows=991 width=121)
	  ->  Sort  (cost=3875.27..3877.75 rows=991 width=121)
	        Sort Key: c
	        ->  Bitmap Heap Scan on sbtest3  (cost=22.59..3825.95 rows=991 width=121)
	              Recheck Cond: ((id >= 4346578) AND (id <= 4347577))
	              ->  Bitmap Index Scan on sbtest3_pkey  (cost=0.00..22.34 rows=991 width=0)
	                    Index Cond: ((id >= 4346578) AND (id <= 4347577))

table 4 : explain SELECT DISTINCT c FROM sbtest4 WHERE id BETWEEN 2529951 AND 2530950 ORDER BY c
	Unique  (cost=4261.61..4267.07 rows=1092 width=121)
	  ->  Sort  (cost=4261.61..4264.34 rows=1092 width=121)
	        Sort Key: c
	        ->  Bitmap Heap Scan on sbtest4  (cost=23.63..4206.50 rows=1092 width=121)
	              Recheck Cond: ((id >= 2529951) AND (id <= 2530950))
	              ->  Bitmap Index Scan on sbtest4_pkey  (cost=0.00..23.36 rows=1092 width=0)
	                    Index Cond: ((id >= 2529951) AND (id <= 2530950))

table 5 : explain SELECT DISTINCT c FROM sbtest5 WHERE id BETWEEN 7920032 AND 7921031 ORDER BY c
	Unique  (cost=3808.14..3813.00 rows=973 width=121)
	  ->  Sort  (cost=3808.14..3810.57 rows=973 width=121)
	        Sort Key: c
	        ->  Bitmap Heap Scan on sbtest5  (cost=22.41..3759.85 rows=973 width=121)
	              Recheck Cond: ((id >= 7920032) AND (id <= 7921031))
	              ->  Bitmap Index Scan on sbtest5_pkey  (cost=0.00..22.16 rows=973 width=0)
	                    Index Cond: ((id >= 7920032) AND (id <= 7921031))

table 6 : explain SELECT DISTINCT c FROM sbtest6 WHERE id BETWEEN 2576181 AND 2577180 ORDER BY c
	Unique  (cost=3960.36..3965.43 rows=1013 width=121)
	  ->  Sort  (cost=3960.36..3962.90 rows=1013 width=121)
	        Sort Key: c
	        ->  Bitmap Heap Scan on sbtest6  (cost=22.82..3909.79 rows=1013 width=121)
	              Recheck Cond: ((id >= 2576181) AND (id <= 2577180))
	              ->  Bitmap Index Scan on sbtest6_pkey  (cost=0.00..22.57 rows=1013 width=0)
	                    Index Cond: ((id >= 2576181) AND (id <= 2577180))

table 7 : explain SELECT DISTINCT c FROM sbtest7 WHERE id BETWEEN 5712616 AND 5713615 ORDER BY c
	Unique  (cost=3818.86..3823.74 rows=976 width=121)
	  ->  Sort  (cost=3818.86..3821.30 rows=976 width=121)
	        Sort Key: c
	        ->  Bitmap Heap Scan on sbtest7  (cost=22.44..3770.40 rows=976 width=121)
	              Recheck Cond: ((id >= 5712616) AND (id <= 5713615))
	              ->  Bitmap Index Scan on sbtest7_pkey  (cost=0.00..22.19 rows=976 width=0)
	                    Index Cond: ((id >= 5712616) AND (id <= 5713615))

table 8 : explain SELECT DISTINCT c FROM sbtest8 WHERE id BETWEEN 5432201 AND 5433200 ORDER BY c
	Unique  (cost=3643.01..3647.66 rows=930 width=121)
	  ->  Sort  (cost=3643.01..3645.33 rows=930 width=121)
	        Sort Key: c
	        ->  Bitmap Heap Scan on sbtest8  (cost=21.97..3597.15 rows=930 width=121)
	              Recheck Cond: ((id >= 5432201) AND (id <= 5433200))
	              ->  Bitmap Index Scan on sbtest8_pkey  (cost=0.00..21.73 rows=930 width=0)
	                    Index Cond: ((id >= 5432201) AND (id <= 5433200))

for point_selects
table 1 : explain SELECT c FROM sbtest1 WHERE id=1787985
	Index Scan using sbtest1_pkey on sbtest1  (cost=0.43..8.45 rows=1 width=121)
	  Index Cond: (id = 1787985)

table 2 : explain SELECT c FROM sbtest2 WHERE id=3037123
	Index Scan using sbtest2_pkey on sbtest2  (cost=0.43..8.45 rows=1 width=121)
	  Index Cond: (id = 3037123)

table 3 : explain SELECT c FROM sbtest3 WHERE id=3144332
	Index Scan using sbtest3_pkey on sbtest3  (cost=0.43..8.45 rows=1 width=121)
	  Index Cond: (id = 3144332)

table 4 : explain SELECT c FROM sbtest4 WHERE id=3142417
	Index Scan using sbtest4_pkey on sbtest4  (cost=0.43..8.45 rows=1 width=121)
	  Index Cond: (id = 3142417)

table 5 : explain SELECT c FROM sbtest5 WHERE id=620850
	Index Scan using sbtest5_pkey on sbtest5  (cost=0.43..8.45 rows=1 width=121)
	  Index Cond: (id = 620850)

table 6 : explain SELECT c FROM sbtest6 WHERE id=2520762
	Index Scan using sbtest6_pkey on sbtest6  (cost=0.43..8.45 rows=1 width=121)
	  Index Cond: (id = 2520762)

table 7 : explain SELECT c FROM sbtest7 WHERE id=8432605
	Index Scan using sbtest7_pkey on sbtest7  (cost=0.43..8.45 rows=1 width=121)
	  Index Cond: (id = 8432605)

table 8 : explain SELECT c FROM sbtest8 WHERE id=6979286
	Index Scan using sbtest8_pkey on sbtest8  (cost=0.43..8.45 rows=1 width=121)
	  Index Cond: (id = 6979286)

for: simple_ranges
table 1 : explain SELECT c FROM sbtest1 WHERE id BETWEEN 9255293 AND 9256292
	Bitmap Heap Scan on sbtest1  (cost=22.98..3969.82 rows=1029 width=121)
	  Recheck Cond: ((id >= 9255293) AND (id <= 9256292))
	  ->  Bitmap Index Scan on sbtest1_pkey  (cost=0.00..22.72 rows=1029 width=0)
	        Index Cond: ((id >= 9255293) AND (id <= 9256292))

table 2 : explain SELECT c FROM sbtest2 WHERE id BETWEEN 3409279 AND 3410278
	Bitmap Heap Scan on sbtest2  (cost=22.48..3786.24 rows=980 width=121)
	  Recheck Cond: ((id >= 3409279) AND (id <= 3410278))
	  ->  Bitmap Index Scan on sbtest2_pkey  (cost=0.00..22.23 rows=980 width=0)
	        Index Cond: ((id >= 3409279) AND (id <= 3410278))

table 3 : explain SELECT c FROM sbtest3 WHERE id BETWEEN 6442870 AND 6443869
	Bitmap Heap Scan on sbtest3  (cost=27.82..4277.15 rows=1111 width=121)
	  Recheck Cond: ((id >= 6442870) AND (id <= 6443869))
	  ->  Bitmap Index Scan on sbtest3_pkey  (cost=0.00..27.54 rows=1111 width=0)
	        Index Cond: ((id >= 6442870) AND (id <= 6443869))

table 4 : explain SELECT c FROM sbtest4 WHERE id BETWEEN 9352932 AND 9353931
	Bitmap Heap Scan on sbtest4  (cost=23.04..3992.33 rows=1035 width=121)
	  Recheck Cond: ((id >= 9352932) AND (id <= 9353931))
	  ->  Bitmap Index Scan on sbtest4_pkey  (cost=0.00..22.79 rows=1035 width=0)
	        Index Cond: ((id >= 9352932) AND (id <= 9353931))

table 5 : explain SELECT c FROM sbtest5 WHERE id BETWEEN 9519140 AND 9520139
	Bitmap Heap Scan on sbtest5  (cost=22.60..3831.46 rows=992 width=121)
	  Recheck Cond: ((id >= 9519140) AND (id <= 9520139))
	  ->  Bitmap Index Scan on sbtest5_pkey  (cost=0.00..22.36 rows=992 width=0)
	        Index Cond: ((id >= 9519140) AND (id <= 9520139))

table 6 : explain SELECT c FROM sbtest6 WHERE id BETWEEN 4480805 AND 4481804
	Bitmap Heap Scan on sbtest6  (cost=22.72..3872.15 rows=1003 width=121)
	  Recheck Cond: ((id >= 4480805) AND (id <= 4481804))
	  ->  Bitmap Index Scan on sbtest6_pkey  (cost=0.00..22.46 rows=1003 width=0)
	        Index Cond: ((id >= 4480805) AND (id <= 4481804))

table 7 : explain SELECT c FROM sbtest7 WHERE id BETWEEN 6871110 AND 6872109
	Bitmap Heap Scan on sbtest7  (cost=22.31..3721.39 rows=963 width=121)
	  Recheck Cond: ((id >= 6871110) AND (id <= 6872109))
	  ->  Bitmap Index Scan on sbtest7_pkey  (cost=0.00..22.07 rows=963 width=0)
	        Index Cond: ((id >= 6871110) AND (id <= 6872109))

table 8 : explain SELECT c FROM sbtest8 WHERE id BETWEEN 7351338 AND 7352337
	Bitmap Heap Scan on sbtest8  (cost=22.55..3812.13 rows=987 width=121)
	  Recheck Cond: ((id >= 7351338) AND (id <= 7352337))
	  ->  Bitmap Index Scan on sbtest8_pkey  (cost=0.00..22.30 rows=987 width=0)
	        Index Cond: ((id >= 7351338) AND (id <= 7352337))

for: simple_ranges
table 1 : explain SELECT c FROM sbtest1 WHERE id BETWEEN 9278217 AND 9279216
	Bitmap Heap Scan on sbtest1  (cost=22.98..3969.82 rows=1029 width=121)
	  Recheck Cond: ((id >= 9278217) AND (id <= 9279216))
	  ->  Bitmap Index Scan on sbtest1_pkey  (cost=0.00..22.72 rows=1029 width=0)
	        Index Cond: ((id >= 9278217) AND (id <= 9279216))

table 2 : explain SELECT c FROM sbtest2 WHERE id BETWEEN 4261260 AND 4262259
	Bitmap Heap Scan on sbtest2  (cost=22.73..3876.67 rows=1004 width=121)
	  Recheck Cond: ((id >= 4261260) AND (id <= 4262259))
	  ->  Bitmap Index Scan on sbtest2_pkey  (cost=0.00..22.47 rows=1004 width=0)
	        Index Cond: ((id >= 4261260) AND (id <= 4262259))

table 3 : explain SELECT c FROM sbtest3 WHERE id BETWEEN 5562614 AND 5563613
	Bitmap Heap Scan on sbtest3  (cost=22.17..3671.46 rows=950 width=121)
	  Recheck Cond: ((id >= 5562614) AND (id <= 5563613))
	  ->  Bitmap Index Scan on sbtest3_pkey  (cost=0.00..21.93 rows=950 width=0)
	        Index Cond: ((id >= 5562614) AND (id <= 5563613))

table 4 : explain SELECT c FROM sbtest4 WHERE id BETWEEN 887471 AND 888470
	Bitmap Heap Scan on sbtest4  (cost=22.56..3815.43 rows=988 width=121)
	  Recheck Cond: ((id >= 887471) AND (id <= 888470))
	  ->  Bitmap Index Scan on sbtest4_pkey  (cost=0.00..22.32 rows=988 width=0)
	        Index Cond: ((id >= 887471) AND (id <= 888470))

table 5 : explain SELECT c FROM sbtest5 WHERE id BETWEEN 3145881 AND 3146880
	Bitmap Heap Scan on sbtest5  (cost=22.44..3771.16 rows=976 width=121)
	  Recheck Cond: ((id >= 3145881) AND (id <= 3146880))
	  ->  Bitmap Index Scan on sbtest5_pkey  (cost=0.00..22.19 rows=976 width=0)
	        Index Cond: ((id >= 3145881) AND (id <= 3146880))

table 6 : explain SELECT c FROM sbtest6 WHERE id BETWEEN 3378438 AND 3379437
	Bitmap Heap Scan on sbtest6  (cost=28.81..4637.95 rows=1207 width=121)
	  Recheck Cond: ((id >= 3378438) AND (id <= 3379437))
	  ->  Bitmap Index Scan on sbtest6_pkey  (cost=0.00..28.50 rows=1207 width=0)
	        Index Cond: ((id >= 3378438) AND (id <= 3379437))

table 7 : explain SELECT c FROM sbtest7 WHERE id BETWEEN 1656045 AND 1657044
	Bitmap Heap Scan on sbtest7  (cost=27.53..4173.17 rows=1082 width=121)
	  Recheck Cond: ((id >= 1656045) AND (id <= 1657044))
	  ->  Bitmap Index Scan on sbtest7_pkey  (cost=0.00..27.25 rows=1082 width=0)
	        Index Cond: ((id >= 1656045) AND (id <= 1657044))

table 8 : explain SELECT c FROM sbtest8 WHERE id BETWEEN 3915544 AND 3916543
	Bitmap Heap Scan on sbtest8  (cost=22.45..3774.45 rows=977 width=121)
	  Recheck Cond: ((id >= 3915544) AND (id <= 3916543))
	  ->  Bitmap Index Scan on sbtest8_pkey  (cost=0.00..22.20 rows=977 width=0)
	        Index Cond: ((id >= 3915544) AND (id <= 3916543))

for: simple_ranges
table 1 : explain SELECT c FROM sbtest1 WHERE id BETWEEN 8946859 AND 8947858
	Bitmap Heap Scan on sbtest1  (cost=22.47..3781.57 rows=979 width=121)
	  Recheck Cond: ((id >= 8946859) AND (id <= 8947858))
	  ->  Bitmap Index Scan on sbtest1_pkey  (cost=0.00..22.22 rows=979 width=0)
	        Index Cond: ((id >= 8946859) AND (id <= 8947858))

table 2 : explain SELECT c FROM sbtest2 WHERE id BETWEEN 2594286 AND 2595285
	Bitmap Heap Scan on sbtest2  (cost=22.67..3857.83 rows=999 width=121)
	  Recheck Cond: ((id >= 2594286) AND (id <= 2595285))
	  ->  Bitmap Index Scan on sbtest2_pkey  (cost=0.00..22.43 rows=999 width=0)
	        Index Cond: ((id >= 2594286) AND (id <= 2595285))

table 3 : explain SELECT c FROM sbtest3 WHERE id BETWEEN 5670492 AND 5671491
	Bitmap Heap Scan on sbtest3  (cost=23.07..4002.78 rows=1038 width=121)
	  Recheck Cond: ((id >= 5670492) AND (id <= 5671491))
	  ->  Bitmap Index Scan on sbtest3_pkey  (cost=0.00..22.82 rows=1038 width=0)
	        Index Cond: ((id >= 5670492) AND (id <= 5671491))

table 4 : explain SELECT c FROM sbtest4 WHERE id BETWEEN 862378 AND 863377
	Bitmap Heap Scan on sbtest4  (cost=22.32..3724.99 rows=964 width=121)
	  Recheck Cond: ((id >= 862378) AND (id <= 863377))
	  ->  Bitmap Index Scan on sbtest4_pkey  (cost=0.00..22.07 rows=964 width=0)
	        Index Cond: ((id >= 862378) AND (id <= 863377))

table 5 : explain SELECT c FROM sbtest5 WHERE id BETWEEN 1290058 AND 1291057
	Bitmap Heap Scan on sbtest5  (cost=27.26..4076.34 rows=1056 width=121)
	  Recheck Cond: ((id >= 1290058) AND (id <= 1291057))
	  ->  Bitmap Index Scan on sbtest5_pkey  (cost=0.00..27.00 rows=1056 width=0)
	        Index Cond: ((id >= 1290058) AND (id <= 1291057))

table 6 : explain SELECT c FROM sbtest6 WHERE id BETWEEN 613936 AND 614935
	Bitmap Heap Scan on sbtest6  (cost=22.50..3793.05 rows=982 width=121)
	  Recheck Cond: ((id >= 613936) AND (id <= 614935))
	  ->  Bitmap Index Scan on sbtest6_pkey  (cost=0.00..22.25 rows=982 width=0)
	        Index Cond: ((id >= 613936) AND (id <= 614935))

table 7 : explain SELECT c FROM sbtest7 WHERE id BETWEEN 5204123 AND 5205122
	Bitmap Heap Scan on sbtest7  (cost=22.80..3902.23 rows=1011 width=121)
	  Recheck Cond: ((id >= 5204123) AND (id <= 5205122))
	  ->  Bitmap Index Scan on sbtest7_pkey  (cost=0.00..22.54 rows=1011 width=0)
	        Index Cond: ((id >= 5204123) AND (id <= 5205122))

table 8 : explain SELECT c FROM sbtest8 WHERE id BETWEEN 791997 AND 792996
	Bitmap Heap Scan on sbtest8  (cost=23.08..4007.89 rows=1039 width=121)
	  Recheck Cond: ((id >= 791997) AND (id <= 792996))
	  ->  Bitmap Index Scan on sbtest8_pkey  (cost=0.00..22.82 rows=1039 width=0)
	        Index Cond: ((id >= 791997) AND (id <= 792996))

for: distinct_ranges
table 1 : explain SELECT DISTINCT c FROM sbtest1 WHERE id BETWEEN 1477463 AND 1478462 ORDER BY c
	Unique  (cost=3887.56..3892.53 rows=994 width=121)
	  ->  Sort  (cost=3887.56..3890.05 rows=994 width=121)
	        Sort Key: c
	        ->  Bitmap Heap Scan on sbtest1  (cost=22.62..3838.08 rows=994 width=121)
	              Recheck Cond: ((id >= 1477463) AND (id <= 1478462))
	              ->  Bitmap Index Scan on sbtest1_pkey  (cost=0.00..22.37 rows=994 width=0)
	                    Index Cond: ((id >= 1477463) AND (id <= 1478462))

table 2 : explain SELECT DISTINCT c FROM sbtest2 WHERE id BETWEEN 4228771 AND 4229770 ORDER BY c
	Unique  (cost=3926.72..3931.74 rows=1004 width=121)
	  ->  Sort  (cost=3926.72..3929.23 rows=1004 width=121)
	        Sort Key: c
	        ->  Bitmap Heap Scan on sbtest2  (cost=22.73..3876.67 rows=1004 width=121)
	              Recheck Cond: ((id >= 4228771) AND (id <= 4229770))
	              ->  Bitmap Index Scan on sbtest2_pkey  (cost=0.00..22.47 rows=1004 width=0)
	                    Index Cond: ((id >= 4228771) AND (id <= 4229770))

table 3 : explain SELECT DISTINCT c FROM sbtest3 WHERE id BETWEEN 7419939 AND 7420938 ORDER BY c
	Unique  (cost=3944.05..3949.10 rows=1009 width=121)
	  ->  Sort  (cost=3944.05..3946.57 rows=1009 width=121)
	        Sort Key: c
	        ->  Bitmap Heap Scan on sbtest3  (cost=22.78..3893.71 rows=1009 width=121)
	              Recheck Cond: ((id >= 7419939) AND (id <= 7420938))
	              ->  Bitmap Index Scan on sbtest3_pkey  (cost=0.00..22.52 rows=1009 width=0)
	                    Index Cond: ((id >= 7419939) AND (id <= 7420938))

table 4 : explain SELECT DISTINCT c FROM sbtest4 WHERE id BETWEEN 9438866 AND 9439865 ORDER BY c
	Unique  (cost=3948.67..3953.72 rows=1010 width=121)
	  ->  Sort  (cost=3948.67..3951.20 rows=1010 width=121)
	        Sort Key: c
	        ->  Bitmap Heap Scan on sbtest4  (cost=22.79..3898.27 rows=1010 width=121)
	              Recheck Cond: ((id >= 9438866) AND (id <= 9439865))
	              ->  Bitmap Index Scan on sbtest4_pkey  (cost=0.00..22.54 rows=1010 width=0)
	                    Index Cond: ((id >= 9438866) AND (id <= 9439865))

table 5 : explain SELECT DISTINCT c FROM sbtest5 WHERE id BETWEEN 8883874 AND 8884873 ORDER BY c
	Unique  (cost=3689.43..3694.14 rows=942 width=121)
	  ->  Sort  (cost=3689.43..3691.79 rows=942 width=121)
	        Sort Key: c
	        ->  Bitmap Heap Scan on sbtest5  (cost=22.09..3642.90 rows=942 width=121)
	              Recheck Cond: ((id >= 8883874) AND (id <= 8884873))
	              ->  Bitmap Index Scan on sbtest5_pkey  (cost=0.00..21.86 rows=942 width=0)
	                    Index Cond: ((id >= 8883874) AND (id <= 8884873))

table 6 : explain SELECT DISTINCT c FROM sbtest6 WHERE id BETWEEN 8770094 AND 8771093 ORDER BY c
	Unique  (cost=4029.13..4034.28 rows=1031 width=121)
	  ->  Sort  (cost=4029.13..4031.70 rows=1031 width=121)
	        Sort Key: c
	        ->  Bitmap Heap Scan on sbtest6  (cost=23.00..3977.53 rows=1031 width=121)
	              Recheck Cond: ((id >= 8770094) AND (id <= 8771093))
	              ->  Bitmap Index Scan on sbtest6_pkey  (cost=0.00..22.75 rows=1031 width=0)
	                    Index Cond: ((id >= 8770094) AND (id <= 8771093))

table 7 : explain SELECT DISTINCT c FROM sbtest7 WHERE id BETWEEN 7456502 AND 7457501 ORDER BY c
	Unique  (cost=4695.88..4701.91 rows=1206 width=121)
	  ->  Sort  (cost=4695.88..4698.90 rows=1206 width=121)
	        Sort Key: c
	        ->  Bitmap Heap Scan on sbtest7  (cost=28.80..4634.16 rows=1206 width=121)
	              Recheck Cond: ((id >= 7456502) AND (id <= 7457501))
	              ->  Bitmap Index Scan on sbtest7_pkey  (cost=0.00..28.50 rows=1206 width=0)
	                    Index Cond: ((id >= 7456502) AND (id <= 7457501))

table 8 : explain SELECT DISTINCT c FROM sbtest8 WHERE id BETWEEN 6937935 AND 6938934 ORDER BY c
	Unique  (cost=4059.94..4065.14 rows=1039 width=121)
	  ->  Sort  (cost=4059.94..4062.54 rows=1039 width=121)
	        Sort Key: c
	        ->  Bitmap Heap Scan on sbtest8  (cost=23.08..4007.89 rows=1039 width=121)
	              Recheck Cond: ((id >= 6937935) AND (id <= 6938934))
	              ->  Bitmap Index Scan on sbtest8_pkey  (cost=0.00..22.82 rows=1039 width=0)
	                    Index Cond: ((id >= 6937935) AND (id <= 6938934))

for: order_ranges
table 1 : explain SELECT c FROM sbtest1 WHERE id BETWEEN 757297 AND 758296 ORDER BY c
	Sort  (cost=3971.65..3974.19 rows=1016 width=121)
	  Sort Key: c
	  ->  Bitmap Heap Scan on sbtest1  (cost=22.85..3920.90 rows=1016 width=121)
	        Recheck Cond: ((id >= 757297) AND (id <= 758296))
	        ->  Bitmap Index Scan on sbtest1_pkey  (cost=0.00..22.59 rows=1016 width=0)
	              Index Cond: ((id >= 757297) AND (id <= 758296))

table 2 : explain SELECT c FROM sbtest2 WHERE id BETWEEN 9899872 AND 9900871 ORDER BY c
	Sort  (cost=3739.23..3741.62 rows=955 width=121)
	  Sort Key: c
	  ->  Bitmap Heap Scan on sbtest2  (cost=22.22..3691.96 rows=955 width=121)
	        Recheck Cond: ((id >= 9899872) AND (id <= 9900871))
	        ->  Bitmap Index Scan on sbtest2_pkey  (cost=0.00..21.98 rows=955 width=0)
	              Index Cond: ((id >= 9899872) AND (id <= 9900871))

table 3 : explain SELECT c FROM sbtest3 WHERE id BETWEEN 7250663 AND 7251662 ORDER BY c
	Sort  (cost=3760.54..3762.94 rows=961 width=121)
	  Sort Key: c
	  ->  Bitmap Heap Scan on sbtest3  (cost=22.29..3712.93 rows=961 width=121)
	        Recheck Cond: ((id >= 7250663) AND (id <= 7251662))
	        ->  Bitmap Index Scan on sbtest3_pkey  (cost=0.00..22.04 rows=961 width=0)
	              Index Cond: ((id >= 7250663) AND (id <= 7251662))

table 4 : explain SELECT c FROM sbtest4 WHERE id BETWEEN 9879789 AND 9880788 ORDER BY c
	Sort  (cost=3849.28..3851.74 rows=984 width=121)
	  Sort Key: c
	  ->  Bitmap Heap Scan on sbtest4  (cost=22.52..3800.36 rows=984 width=121)
	        Recheck Cond: ((id >= 9879789) AND (id <= 9880788))
	        ->  Bitmap Index Scan on sbtest4_pkey  (cost=0.00..22.27 rows=984 width=0)
	              Index Cond: ((id >= 9879789) AND (id <= 9880788))

table 5 : explain SELECT c FROM sbtest5 WHERE id BETWEEN 728908 AND 729907 ORDER BY c
	Sort  (cost=4110.29..4112.92 rows=1051 width=121)
	  Sort Key: c
	  ->  Bitmap Heap Scan on sbtest5  (cost=27.21..4057.54 rows=1051 width=121)
	        Recheck Cond: ((id >= 728908) AND (id <= 729907))
	        ->  Bitmap Index Scan on sbtest5_pkey  (cost=0.00..26.94 rows=1051 width=0)
	              Index Cond: ((id >= 728908) AND (id <= 729907))

table 6 : explain SELECT c FROM sbtest6 WHERE id BETWEEN 8932460 AND 8933459 ORDER BY c
	Sort  (cost=3704.07..3706.43 rows=946 width=121)
	  Sort Key: c
	  ->  Bitmap Heap Scan on sbtest6  (cost=22.13..3657.31 rows=946 width=121)
	        Recheck Cond: ((id >= 8932460) AND (id <= 8933459))
	        ->  Bitmap Index Scan on sbtest6_pkey  (cost=0.00..21.89 rows=946 width=0)
	              Index Cond: ((id >= 8932460) AND (id <= 8933459))

table 7 : explain SELECT c FROM sbtest7 WHERE id BETWEEN 1797779 AND 1798778 ORDER BY c
	Sort  (cost=3941.22..3943.74 rows=1008 width=121)
	  Sort Key: c
	  ->  Bitmap Heap Scan on sbtest7  (cost=22.77..3890.93 rows=1008 width=121)
	        Recheck Cond: ((id >= 1797779) AND (id <= 1798778))
	        ->  Bitmap Index Scan on sbtest7_pkey  (cost=0.00..22.51 rows=1008 width=0)
	              Index Cond: ((id >= 1797779) AND (id <= 1798778))

table 8 : explain SELECT c FROM sbtest8 WHERE id BETWEEN 436175 AND 437174 ORDER BY c
	Sort  (cost=3669.83..3672.17 rows=937 width=121)
	  Sort Key: c
	  ->  Bitmap Heap Scan on sbtest8  (cost=22.04..3623.58 rows=937 width=121)
	        Recheck Cond: ((id >= 436175) AND (id <= 437174))
	        ->  Bitmap Index Scan on sbtest8_pkey  (cost=0.00..21.80 rows=937 width=0)
	              Index Cond: ((id >= 436175) AND (id <= 437174))

for: order_ranges
table 1 : explain SELECT c FROM sbtest1 WHERE id BETWEEN 1203163 AND 1204162 ORDER BY c
	Sort  (cost=3983.11..3985.65 rows=1019 width=121)
	  Sort Key: c
	  ->  Bitmap Heap Scan on sbtest1  (cost=22.88..3932.19 rows=1019 width=121)
	        Recheck Cond: ((id >= 1203163) AND (id <= 1204162))
	        ->  Bitmap Index Scan on sbtest1_pkey  (cost=0.00..22.62 rows=1019 width=0)
	              Index Cond: ((id >= 1203163) AND (id <= 1204162))

table 2 : explain SELECT c FROM sbtest2 WHERE id BETWEEN 1754977 AND 1755976 ORDER BY c
	Sort  (cost=3915.25..3917.76 rows=1001 width=121)
	  Sort Key: c
	  ->  Bitmap Heap Scan on sbtest2  (cost=22.70..3865.37 rows=1001 width=121)
	        Recheck Cond: ((id >= 1754977) AND (id <= 1755976))
	        ->  Bitmap Index Scan on sbtest2_pkey  (cost=0.00..22.44 rows=1001 width=0)
	              Index Cond: ((id >= 1754977) AND (id <= 1755976))

table 3 : explain SELECT c FROM sbtest3 WHERE id BETWEEN 6055622 AND 6056621 ORDER BY c
	Sort  (cost=3737.58..3739.97 rows=955 width=121)
	  Sort Key: c
	  ->  Bitmap Heap Scan on sbtest3  (cost=22.22..3690.31 rows=955 width=121)
	        Recheck Cond: ((id >= 6055622) AND (id <= 6056621))
	        ->  Bitmap Index Scan on sbtest3_pkey  (cost=0.00..21.98 rows=955 width=0)
	              Index Cond: ((id >= 6055622) AND (id <= 6056621))

table 4 : explain SELECT c FROM sbtest4 WHERE id BETWEEN 5304141 AND 5305140 ORDER BY c
	Sort  (cost=3929.56..3932.08 rows=1005 width=121)
	  Sort Key: c
	  ->  Bitmap Heap Scan on sbtest4  (cost=22.74..3879.45 rows=1005 width=121)
	        Recheck Cond: ((id >= 5304141) AND (id <= 5305140))
	        ->  Bitmap Index Scan on sbtest4_pkey  (cost=0.00..22.48 rows=1005 width=0)
	              Index Cond: ((id >= 5304141) AND (id <= 5305140))

table 5 : explain SELECT c FROM sbtest5 WHERE id BETWEEN 5114692 AND 5115691 ORDER BY c
	Sort  (cost=3723.91..3726.29 rows=951 width=121)
	  Sort Key: c
	  ->  Bitmap Heap Scan on sbtest5  (cost=22.18..3676.87 rows=951 width=121)
	        Recheck Cond: ((id >= 5114692) AND (id <= 5115691))
	        ->  Bitmap Index Scan on sbtest5_pkey  (cost=0.00..21.94 rows=951 width=0)
	              Index Cond: ((id >= 5114692) AND (id <= 5115691))

table 6 : explain SELECT c FROM sbtest6 WHERE id BETWEEN 680704 AND 681703 ORDER BY c
	Sort  (cost=3841.85..3844.30 rows=982 width=121)
	  Sort Key: c
	  ->  Bitmap Heap Scan on sbtest6  (cost=22.50..3793.05 rows=982 width=121)
	        Recheck Cond: ((id >= 680704) AND (id <= 681703))
	        ->  Bitmap Index Scan on sbtest6_pkey  (cost=0.00..22.25 rows=982 width=0)
	              Index Cond: ((id >= 680704) AND (id <= 681703))

table 7 : explain SELECT c FROM sbtest7 WHERE id BETWEEN 4478934 AND 4479933 ORDER BY c
	Sort  (cost=3619.75..3622.06 rows=924 width=121)
	  Sort Key: c
	  ->  Bitmap Heap Scan on sbtest7  (cost=21.91..3574.24 rows=924 width=121)
	        Recheck Cond: ((id >= 4478934) AND (id <= 4479933))
	        ->  Bitmap Index Scan on sbtest7_pkey  (cost=0.00..21.68 rows=924 width=0)
	              Index Cond: ((id >= 4478934) AND (id <= 4479933))

table 8 : explain SELECT c FROM sbtest8 WHERE id BETWEEN 170440 AND 171439 ORDER BY c
	Sort  (cost=3952.98..3955.51 rows=1011 width=121)
	  Sort Key: c
	  ->  Bitmap Heap Scan on sbtest8  (cost=22.80..3902.52 rows=1011 width=121)
	        Recheck Cond: ((id >= 170440) AND (id <= 171439))
	        ->  Bitmap Index Scan on sbtest8_pkey  (cost=0.00..22.54 rows=1011 width=0)
	              Index Cond: ((id >= 170440) AND (id <= 171439))

for: distinct_ranges
table 1 : explain SELECT DISTINCT c FROM sbtest1 WHERE id BETWEEN 7160778 AND 7161777 ORDER BY c
	Unique  (cost=3784.29..3789.13 rows=967 width=121)
	  ->  Sort  (cost=3784.29..3786.71 rows=967 width=121)
	        Sort Key: c
	        ->  Bitmap Heap Scan on sbtest1  (cost=22.35..3736.34 rows=967 width=121)
	              Recheck Cond: ((id >= 7160778) AND (id <= 7161777))
	              ->  Bitmap Index Scan on sbtest1_pkey  (cost=0.00..22.11 rows=967 width=0)
	                    Index Cond: ((id >= 7160778) AND (id <= 7161777))

table 2 : explain SELECT DISTINCT c FROM sbtest2 WHERE id BETWEEN 2474119 AND 2475118 ORDER BY c
	Unique  (cost=3804.31..3809.17 rows=972 width=121)
	  ->  Sort  (cost=3804.31..3806.74 rows=972 width=121)
	        Sort Key: c
	        ->  Bitmap Heap Scan on sbtest2  (cost=22.40..3756.08 rows=972 width=121)
	              Recheck Cond: ((id >= 2474119) AND (id <= 2475118))
	              ->  Bitmap Index Scan on sbtest2_pkey  (cost=0.00..22.15 rows=972 width=0)
	                    Index Cond: ((id >= 2474119) AND (id <= 2475118))

table 3 : explain SELECT DISTINCT c FROM sbtest3 WHERE id BETWEEN 8558008 AND 8559007 ORDER BY c
	Unique  (cost=4161.60..4166.93 rows=1066 width=121)
	  ->  Sort  (cost=4161.60..4164.27 rows=1066 width=121)
	        Sort Key: c
	        ->  Bitmap Heap Scan on sbtest3  (cost=23.36..4107.99 rows=1066 width=121)
	              Recheck Cond: ((id >= 8558008) AND (id <= 8559007))
	              ->  Bitmap Index Scan on sbtest3_pkey  (cost=0.00..23.09 rows=1066 width=0)
	                    Index Cond: ((id >= 8558008) AND (id <= 8559007))

table 4 : explain SELECT DISTINCT c FROM sbtest4 WHERE id BETWEEN 4332082 AND 4333081 ORDER BY c
	Unique  (cost=4227.30..4232.71 rows=1083 width=121)
	  ->  Sort  (cost=4227.30..4230.01 rows=1083 width=121)
	        Sort Key: c
	        ->  Bitmap Heap Scan on sbtest4  (cost=23.54..4172.71 rows=1083 width=121)
	              Recheck Cond: ((id >= 4332082) AND (id <= 4333081))
	              ->  Bitmap Index Scan on sbtest4_pkey  (cost=0.00..23.26 rows=1083 width=0)
	                    Index Cond: ((id >= 4332082) AND (id <= 4333081))

table 5 : explain SELECT DISTINCT c FROM sbtest5 WHERE id BETWEEN 8270911 AND 8271910 ORDER BY c
	Unique  (cost=3727.74..3732.50 rows=952 width=121)
	  ->  Sort  (cost=3727.74..3730.12 rows=952 width=121)
	        Sort Key: c
	        ->  Bitmap Heap Scan on sbtest5  (cost=22.19..3680.64 rows=952 width=121)
	              Recheck Cond: ((id >= 8270911) AND (id <= 8271910))
	              ->  Bitmap Index Scan on sbtest5_pkey  (cost=0.00..21.95 rows=952 width=0)
	                    Index Cond: ((id >= 8270911) AND (id <= 8271910))

table 6 : explain SELECT DISTINCT c FROM sbtest6 WHERE id BETWEEN 7397661 AND 7398660 ORDER BY c
	Unique  (cost=3681.09..3685.79 rows=940 width=121)
	  ->  Sort  (cost=3681.09..3683.44 rows=940 width=121)
	        Sort Key: c
	        ->  Bitmap Heap Scan on sbtest6  (cost=22.07..3634.67 rows=940 width=121)
	              Recheck Cond: ((id >= 7397661) AND (id <= 7398660))
	              ->  Bitmap Index Scan on sbtest6_pkey  (cost=0.00..21.83 rows=940 width=0)
	                    Index Cond: ((id >= 7397661) AND (id <= 7398660))

table 7 : explain SELECT DISTINCT c FROM sbtest7 WHERE id BETWEEN 6172951 AND 6173950 ORDER BY c
	Unique  (cost=3765.29..3770.10 rows=962 width=121)
	  ->  Sort  (cost=3765.29..3767.69 rows=962 width=121)
	        Sort Key: c
	        ->  Bitmap Heap Scan on sbtest7  (cost=22.30..3717.62 rows=962 width=121)
	              Recheck Cond: ((id >= 6172951) AND (id <= 6173950))
	              ->  Bitmap Index Scan on sbtest7_pkey  (cost=0.00..22.05 rows=962 width=0)
	                    Index Cond: ((id >= 6172951) AND (id <= 6173950))

table 8 : explain SELECT DISTINCT c FROM sbtest8 WHERE id BETWEEN 108612 AND 109611 ORDER BY c
	Unique  (cost=3952.98..3958.04 rows=1011 width=121)
	  ->  Sort  (cost=3952.98..3955.51 rows=1011 width=121)
	        Sort Key: c
	        ->  Bitmap Heap Scan on sbtest8  (cost=22.80..3902.52 rows=1011 width=121)
	              Recheck Cond: ((id >= 108612) AND (id <= 109611))
	              ->  Bitmap Index Scan on sbtest8_pkey  (cost=0.00..22.54 rows=1011 width=0)
	                    Index Cond: ((id >= 108612) AND (id <= 109611))

for: sum_ranges
table 1 : explain SELECT SUM(k) FROM sbtest1 WHERE id BETWEEN 7491588 AND 7492587
	Aggregate  (cost=3863.17..3863.18 rows=1 width=8)
	  ->  Bitmap Heap Scan on sbtest1  (cost=22.68..3860.67 rows=1000 width=4)
	        Recheck Cond: ((id >= 7491588) AND (id <= 7492587))
	        ->  Bitmap Index Scan on sbtest1_pkey  (cost=0.00..22.43 rows=1000 width=0)
	              Index Cond: ((id >= 7491588) AND (id <= 7492587))

table 2 : explain SELECT SUM(k) FROM sbtest2 WHERE id BETWEEN 3945696 AND 3946695
	Aggregate  (cost=3958.29..3958.30 rows=1 width=8)
	  ->  Bitmap Heap Scan on sbtest2  (cost=22.94..3955.73 rows=1025 width=4)
	        Recheck Cond: ((id >= 3945696) AND (id <= 3946695))
	        ->  Bitmap Index Scan on sbtest2_pkey  (cost=0.00..22.68 rows=1025 width=0)
	              Index Cond: ((id >= 3945696) AND (id <= 3946695))

table 3 : explain SELECT SUM(k) FROM sbtest3 WHERE id BETWEEN 4420577 AND 4421576
	Aggregate  (cost=3435.85..3435.86 rows=1 width=8)
	  ->  Bitmap Heap Scan on sbtest3  (cost=21.53..3433.63 rows=887 width=4)
	        Recheck Cond: ((id >= 4420577) AND (id <= 4421576))
	        ->  Bitmap Index Scan on sbtest3_pkey  (cost=0.00..21.30 rows=887 width=0)
	              Index Cond: ((id >= 4420577) AND (id <= 4421576))

table 4 : explain SELECT SUM(k) FROM sbtest4 WHERE id BETWEEN 7967210 AND 7968209
	Aggregate  (cost=3716.08..3716.09 rows=1 width=8)
	  ->  Bitmap Heap Scan on sbtest4  (cost=22.29..3713.67 rows=961 width=4)
	        Recheck Cond: ((id >= 7967210) AND (id <= 7968209))
	        ->  Bitmap Index Scan on sbtest4_pkey  (cost=0.00..22.04 rows=961 width=0)
	              Index Cond: ((id >= 7967210) AND (id <= 7968209))

table 5 : explain SELECT SUM(k) FROM sbtest5 WHERE id BETWEEN 3277755 AND 3278754
	Aggregate  (cost=4360.83..4360.84 rows=1 width=8)
	  ->  Bitmap Heap Scan on sbtest5  (cost=28.04..4358.00 rows=1132 width=4)
	        Recheck Cond: ((id >= 3277755) AND (id <= 3278754))
	        ->  Bitmap Index Scan on sbtest5_pkey  (cost=0.00..27.75 rows=1132 width=0)
	              Index Cond: ((id >= 3277755) AND (id <= 3278754))

table 6 : explain SELECT SUM(k) FROM sbtest6 WHERE id BETWEEN 1813932 AND 1814931
	Aggregate  (cost=4017.74..4017.75 rows=1 width=8)
	  ->  Bitmap Heap Scan on sbtest6  (cost=23.11..4015.14 rows=1041 width=4)
	        Recheck Cond: ((id >= 1813932) AND (id <= 1814931))
	        ->  Bitmap Index Scan on sbtest6_pkey  (cost=0.00..22.84 rows=1041 width=0)
	              Index Cond: ((id >= 1813932) AND (id <= 1814931))

table 7 : explain SELECT SUM(k) FROM sbtest7 WHERE id BETWEEN 5085376 AND 5086375
	Aggregate  (cost=3976.30..3976.31 rows=1 width=8)
	  ->  Bitmap Heap Scan on sbtest7  (cost=22.99..3973.72 rows=1030 width=4)
	        Recheck Cond: ((id >= 5085376) AND (id <= 5086375))
	        ->  Bitmap Index Scan on sbtest7_pkey  (cost=0.00..22.73 rows=1030 width=0)
	              Index Cond: ((id >= 5085376) AND (id <= 5086375))

table 8 : explain SELECT SUM(k) FROM sbtest8 WHERE id BETWEEN 5847826 AND 5848825
	Aggregate  (cost=3825.91..3825.92 rows=1 width=8)
	  ->  Bitmap Heap Scan on sbtest8  (cost=22.58..3823.44 rows=990 width=4)
	        Recheck Cond: ((id >= 5847826) AND (id <= 5848825))
	        ->  Bitmap Index Scan on sbtest8_pkey  (cost=0.00..22.33 rows=990 width=0)
	              Index Cond: ((id >= 5847826) AND (id <= 5848825))

for: simple_ranges
table 1 : explain SELECT c FROM sbtest1 WHERE id BETWEEN 6398672 AND 6399671
	Bitmap Heap Scan on sbtest1  (cost=27.99..4338.14 rows=1127 width=121)
	  Recheck Cond: ((id >= 6398672) AND (id <= 6399671))
	  ->  Bitmap Index Scan on sbtest1_pkey  (cost=0.00..27.70 rows=1127 width=0)
	        Index Cond: ((id >= 6398672) AND (id <= 6399671))

table 2 : explain SELECT c FROM sbtest2 WHERE id BETWEEN 1386129 AND 1387128
	Bitmap Heap Scan on sbtest2  (cost=21.56..3446.45 rows=890 width=121)
	  Recheck Cond: ((id >= 1386129) AND (id <= 1387128))
	  ->  Bitmap Index Scan on sbtest2_pkey  (cost=0.00..21.33 rows=890 width=0)
	        Index Cond: ((id >= 1386129) AND (id <= 1387128))

table 3 : explain SELECT c FROM sbtest3 WHERE id BETWEEN 8845026 AND 8846025
	Bitmap Heap Scan on sbtest3  (cost=22.40..3754.39 rows=972 width=121)
	  Recheck Cond: ((id >= 8845026) AND (id <= 8846025))
	  ->  Bitmap Index Scan on sbtest3_pkey  (cost=0.00..22.15 rows=972 width=0)
	        Index Cond: ((id >= 8845026) AND (id <= 8846025))

table 4 : explain SELECT c FROM sbtest4 WHERE id BETWEEN 7144120 AND 7145119
	Bitmap Heap Scan on sbtest4  (cost=23.31..4090.07 rows=1061 width=121)
	  Recheck Cond: ((id >= 7144120) AND (id <= 7145119))
	  ->  Bitmap Index Scan on sbtest4_pkey  (cost=0.00..23.04 rows=1061 width=0)
	        Index Cond: ((id >= 7144120) AND (id <= 7145119))

table 5 : explain SELECT c FROM sbtest5 WHERE id BETWEEN 642009 AND 643008
	Bitmap Heap Scan on sbtest5  (cost=26.84..3922.09 rows=1015 width=121)
	  Recheck Cond: ((id >= 642009) AND (id <= 643008))
	  ->  Bitmap Index Scan on sbtest5_pkey  (cost=0.00..26.58 rows=1015 width=0)
	        Index Cond: ((id >= 642009) AND (id <= 643008))

table 6 : explain SELECT c FROM sbtest6 WHERE id BETWEEN 6603394 AND 6604393
	Bitmap Heap Scan on sbtest6  (cost=23.06..4000.09 rows=1037 width=121)
	  Recheck Cond: ((id >= 6603394) AND (id <= 6604393))
	  ->  Bitmap Index Scan on sbtest6_pkey  (cost=0.00..22.80 rows=1037 width=0)
	        Index Cond: ((id >= 6603394) AND (id <= 6604393))

table 7 : explain SELECT c FROM sbtest7 WHERE id BETWEEN 8519503 AND 8520502
	Bitmap Heap Scan on sbtest7  (cost=23.43..4135.36 rows=1073 width=121)
	  Recheck Cond: ((id >= 8519503) AND (id <= 8520502))
	  ->  Bitmap Index Scan on sbtest7_pkey  (cost=0.00..23.16 rows=1073 width=0)
	        Index Cond: ((id >= 8519503) AND (id <= 8520502))

table 8 : explain SELECT c FROM sbtest8 WHERE id BETWEEN 294707 AND 295706
	Bitmap Heap Scan on sbtest8  (cost=22.40..3755.60 rows=972 width=121)
	  Recheck Cond: ((id >= 294707) AND (id <= 295706))
	  ->  Bitmap Index Scan on sbtest8_pkey  (cost=0.00..22.15 rows=972 width=0)
	        Index Cond: ((id >= 294707) AND (id <= 295706))

for: distinct_ranges
table 1 : explain SELECT DISTINCT c FROM sbtest1 WHERE id BETWEEN 8078838 AND 8079837 ORDER BY c
	Unique  (cost=3665.61..3670.29 rows=936 width=121)
	  ->  Sort  (cost=3665.61..3667.95 rows=936 width=121)
	        Sort Key: c
	        ->  Bitmap Heap Scan on sbtest1  (cost=22.03..3619.41 rows=936 width=121)
	              Recheck Cond: ((id >= 8078838) AND (id <= 8079837))
	              ->  Bitmap Index Scan on sbtest1_pkey  (cost=0.00..21.79 rows=936 width=0)
	                    Index Cond: ((id >= 8078838) AND (id <= 8079837))

table 2 : explain SELECT DISTINCT c FROM sbtest2 WHERE id BETWEEN 7598017 AND 7599016 ORDER BY c
	Unique  (cost=3896.13..3901.11 rows=996 width=121)
	  ->  Sort  (cost=3896.13..3898.62 rows=996 width=121)
	        Sort Key: c
	        ->  Bitmap Heap Scan on sbtest2  (cost=22.64..3846.53 rows=996 width=121)
	              Recheck Cond: ((id >= 7598017) AND (id <= 7599016))
	              ->  Bitmap Index Scan on sbtest2_pkey  (cost=0.00..22.39 rows=996 width=0)
	                    Index Cond: ((id >= 7598017) AND (id <= 7599016))

table 3 : explain SELECT DISTINCT c FROM sbtest3 WHERE id BETWEEN 2662544 AND 2663543 ORDER BY c
	Unique  (cost=4066.23..4071.44 rows=1041 width=121)
	  ->  Sort  (cost=4066.23..4068.83 rows=1041 width=121)
	        Sort Key: c
	        ->  Bitmap Heap Scan on sbtest3  (cost=23.11..4014.06 rows=1041 width=121)
	              Recheck Cond: ((id >= 2662544) AND (id <= 2663543))
	              ->  Bitmap Index Scan on sbtest3_pkey  (cost=0.00..22.84 rows=1041 width=0)
	                    Index Cond: ((id >= 2662544) AND (id <= 2663543))

table 4 : explain SELECT DISTINCT c FROM sbtest4 WHERE id BETWEEN 6380131 AND 6381130 ORDER BY c
	Unique  (cost=3761.28..3766.09 rows=961 width=121)
	  ->  Sort  (cost=3761.28..3763.69 rows=961 width=121)
	        Sort Key: c
	        ->  Bitmap Heap Scan on sbtest4  (cost=22.29..3713.67 rows=961 width=121)
	              Recheck Cond: ((id >= 6380131) AND (id <= 6381130))
	              ->  Bitmap Index Scan on sbtest4_pkey  (cost=0.00..22.04 rows=961 width=0)
	                    Index Cond: ((id >= 6380131) AND (id <= 6381130))

table 5 : explain SELECT DISTINCT c FROM sbtest5 WHERE id BETWEEN 2291256 AND 2292255 ORDER BY c
	Unique  (cost=3808.14..3813.00 rows=973 width=121)
	  ->  Sort  (cost=3808.14..3810.57 rows=973 width=121)
	        Sort Key: c
	        ->  Bitmap Heap Scan on sbtest5  (cost=22.41..3759.85 rows=973 width=121)
	              Recheck Cond: ((id >= 2291256) AND (id <= 2292255))
	              ->  Bitmap Index Scan on sbtest5_pkey  (cost=0.00..22.16 rows=973 width=0)
	                    Index Cond: ((id >= 2291256) AND (id <= 2292255))

table 6 : explain SELECT DISTINCT c FROM sbtest6 WHERE id BETWEEN 5437304 AND 5438303 ORDER BY c
	Unique  (cost=3661.94..3666.61 rows=935 width=121)
	  ->  Sort  (cost=3661.94..3664.27 rows=935 width=121)
	        Sort Key: c
	        ->  Bitmap Heap Scan on sbtest6  (cost=22.02..3615.80 rows=935 width=121)
	              Recheck Cond: ((id >= 5437304) AND (id <= 5438303))
	              ->  Bitmap Index Scan on sbtest6_pkey  (cost=0.00..21.79 rows=935 width=0)
	                    Index Cond: ((id >= 5437304) AND (id <= 5438303))

table 7 : explain SELECT DISTINCT c FROM sbtest7 WHERE id BETWEEN 6049128 AND 6050127 ORDER BY c
	Unique  (cost=3952.68..3957.74 rows=1011 width=121)
	  ->  Sort  (cost=3952.68..3955.21 rows=1011 width=121)
	        Sort Key: c
	        ->  Bitmap Heap Scan on sbtest7  (cost=22.80..3902.23 rows=1011 width=121)
	              Recheck Cond: ((id >= 6049128) AND (id <= 6050127))
	              ->  Bitmap Index Scan on sbtest7_pkey  (cost=0.00..22.54 rows=1011 width=0)
	                    Index Cond: ((id >= 6049128) AND (id <= 6050127))

table 8 : explain SELECT DISTINCT c FROM sbtest8 WHERE id BETWEEN 4451992 AND 4452991 ORDER BY c
	Unique  (cost=3527.99..3532.49 rows=900 width=121)
	  ->  Sort  (cost=3527.99..3530.24 rows=900 width=121)
	        Sort Key: c
	        ->  Bitmap Heap Scan on sbtest8  (cost=21.66..3483.83 rows=900 width=121)
	              Recheck Cond: ((id >= 4451992) AND (id <= 4452991))
	              ->  Bitmap Index Scan on sbtest8_pkey  (cost=0.00..21.43 rows=900 width=0)
	                    Index Cond: ((id >= 4451992) AND (id <= 4452991))

for point_selects
table 1 : explain SELECT c FROM sbtest1 WHERE id=6606560
	Index Scan using sbtest1_pkey on sbtest1  (cost=0.43..8.45 rows=1 width=121)
	  Index Cond: (id = 6606560)

table 2 : explain SELECT c FROM sbtest2 WHERE id=3072240
	Index Scan using sbtest2_pkey on sbtest2  (cost=0.43..8.45 rows=1 width=121)
	  Index Cond: (id = 3072240)

table 3 : explain SELECT c FROM sbtest3 WHERE id=62069
	Index Scan using sbtest3_pkey on sbtest3  (cost=0.43..8.45 rows=1 width=121)
	  Index Cond: (id = 62069)

table 4 : explain SELECT c FROM sbtest4 WHERE id=1981819
	Index Scan using sbtest4_pkey on sbtest4  (cost=0.43..8.45 rows=1 width=121)
	  Index Cond: (id = 1981819)

table 5 : explain SELECT c FROM sbtest5 WHERE id=9894926
	Index Scan using sbtest5_pkey on sbtest5  (cost=0.43..8.45 rows=1 width=121)
	  Index Cond: (id = 9894926)

table 6 : explain SELECT c FROM sbtest6 WHERE id=8587338
	Index Scan using sbtest6_pkey on sbtest6  (cost=0.43..8.45 rows=1 width=121)
	  Index Cond: (id = 8587338)

table 7 : explain SELECT c FROM sbtest7 WHERE id=4441940
	Index Scan using sbtest7_pkey on sbtest7  (cost=0.43..8.45 rows=1 width=121)
	  Index Cond: (id = 4441940)

table 8 : explain SELECT c FROM sbtest8 WHERE id=7961929
	Index Scan using sbtest8_pkey on sbtest8  (cost=0.43..8.45 rows=1 width=121)
	  Index Cond: (id = 7961929)

for: distinct_ranges
table 1 : explain SELECT DISTINCT c FROM sbtest1 WHERE id BETWEEN 1746129 AND 1747128 ORDER BY c
	Unique  (cost=3519.96..3524.45 rows=898 width=121)
	  ->  Sort  (cost=3519.96..3522.20 rows=898 width=121)
	        Sort Key: c
	        ->  Bitmap Heap Scan on sbtest1  (cost=21.64..3475.91 rows=898 width=121)
	              Recheck Cond: ((id >= 1746129) AND (id <= 1747128))
	              ->  Bitmap Index Scan on sbtest1_pkey  (cost=0.00..21.41 rows=898 width=0)
	                    Index Cond: ((id >= 1746129) AND (id <= 1747128))

table 2 : explain SELECT DISTINCT c FROM sbtest2 WHERE id BETWEEN 4720199 AND 4721198 ORDER BY c
	Unique  (cost=3601.29..3605.88 rows=919 width=121)
	  ->  Sort  (cost=3601.29..3603.59 rows=919 width=121)
	        Sort Key: c
	        ->  Bitmap Heap Scan on sbtest2  (cost=21.85..3556.05 rows=919 width=121)
	              Recheck Cond: ((id >= 4720199) AND (id <= 4721198))
	              ->  Bitmap Index Scan on sbtest2_pkey  (cost=0.00..21.62 rows=919 width=0)
	                    Index Cond: ((id >= 4720199) AND (id <= 4721198))

table 3 : explain SELECT DISTINCT c FROM sbtest3 WHERE id BETWEEN 2432820 AND 2433819 ORDER BY c
	Unique  (cost=3683.99..3688.70 rows=941 width=121)
	  ->  Sort  (cost=3683.99..3686.35 rows=941 width=121)
	        Sort Key: c
	        ->  Bitmap Heap Scan on sbtest3  (cost=22.08..3637.52 rows=941 width=121)
	              Recheck Cond: ((id >= 2432820) AND (id <= 2433819))
	              ->  Bitmap Index Scan on sbtest3_pkey  (cost=0.00..21.84 rows=941 width=0)
	                    Index Cond: ((id >= 2432820) AND (id <= 2433819))

table 4 : explain SELECT DISTINCT c FROM sbtest4 WHERE id BETWEEN 4869955 AND 4870954 ORDER BY c
	Unique  (cost=3845.45..3850.37 rows=983 width=121)
	  ->  Sort  (cost=3845.45..3847.91 rows=983 width=121)
	        Sort Key: c
	        ->  Bitmap Heap Scan on sbtest4  (cost=22.51..3796.59 rows=983 width=121)
	              Recheck Cond: ((id >= 4869955) AND (id <= 4870954))
	              ->  Bitmap Index Scan on sbtest4_pkey  (cost=0.00..22.26 rows=983 width=0)
	                    Index Cond: ((id >= 4869955) AND (id <= 4870954))

table 5 : explain SELECT DISTINCT c FROM sbtest5 WHERE id BETWEEN 6065415 AND 6066414 ORDER BY c
	Unique  (cost=3834.92..3839.82 rows=980 width=121)
	  ->  Sort  (cost=3834.92..3837.37 rows=980 width=121)
	        Sort Key: c
	        ->  Bitmap Heap Scan on sbtest5  (cost=22.48..3786.24 rows=980 width=121)
	              Recheck Cond: ((id >= 6065415) AND (id <= 6066414))
	              ->  Bitmap Index Scan on sbtest5_pkey  (cost=0.00..22.23 rows=980 width=0)
	                    Index Cond: ((id >= 6065415) AND (id <= 6066414))

table 6 : explain SELECT DISTINCT c FROM sbtest6 WHERE id BETWEEN 7485115 AND 7486114 ORDER BY c
	Unique  (cost=3834.20..3839.10 rows=980 width=121)
	  ->  Sort  (cost=3834.20..3836.65 rows=980 width=121)
	        Sort Key: c
	        ->  Bitmap Heap Scan on sbtest6  (cost=22.48..3785.51 rows=980 width=121)
	              Recheck Cond: ((id >= 7485115) AND (id <= 7486114))
	              ->  Bitmap Index Scan on sbtest6_pkey  (cost=0.00..22.23 rows=980 width=0)
	                    Index Cond: ((id >= 7485115) AND (id <= 7486114))

table 7 : explain SELECT DISTINCT c FROM sbtest7 WHERE id BETWEEN 5441332 AND 5442331 ORDER BY c
	Unique  (cost=3543.08..3547.60 rows=904 width=121)
	  ->  Sort  (cost=3543.08..3545.34 rows=904 width=121)
	        Sort Key: c
	        ->  Bitmap Heap Scan on sbtest7  (cost=21.70..3498.70 rows=904 width=121)
	              Recheck Cond: ((id >= 5441332) AND (id <= 5442331))
	              ->  Bitmap Index Scan on sbtest7_pkey  (cost=0.00..21.47 rows=904 width=0)
	                    Index Cond: ((id >= 5441332) AND (id <= 5442331))

table 8 : explain SELECT DISTINCT c FROM sbtest8 WHERE id BETWEEN 4658425 AND 4659424 ORDER BY c
	Unique  (cost=3907.11..3912.11 rows=999 width=121)
	  ->  Sort  (cost=3907.11..3909.61 rows=999 width=121)
	        Sort Key: c
	        ->  Bitmap Heap Scan on sbtest8  (cost=22.67..3857.34 rows=999 width=121)
	              Recheck Cond: ((id >= 4658425) AND (id <= 4659424))
	              ->  Bitmap Index Scan on sbtest8_pkey  (cost=0.00..22.43 rows=999 width=0)
	                    Index Cond: ((id >= 4658425) AND (id <= 4659424))

for point_selects
table 1 : explain SELECT c FROM sbtest1 WHERE id=6837568
	Index Scan using sbtest1_pkey on sbtest1  (cost=0.43..8.45 rows=1 width=121)
	  Index Cond: (id = 6837568)

table 2 : explain SELECT c FROM sbtest2 WHERE id=7388795
	Index Scan using sbtest2_pkey on sbtest2  (cost=0.43..8.45 rows=1 width=121)
	  Index Cond: (id = 7388795)

table 3 : explain SELECT c FROM sbtest3 WHERE id=5948479
	Index Scan using sbtest3_pkey on sbtest3  (cost=0.43..8.45 rows=1 width=121)
	  Index Cond: (id = 5948479)

table 4 : explain SELECT c FROM sbtest4 WHERE id=2704627
	Index Scan using sbtest4_pkey on sbtest4  (cost=0.43..8.45 rows=1 width=121)
	  Index Cond: (id = 2704627)

table 5 : explain SELECT c FROM sbtest5 WHERE id=7950557
	Index Scan using sbtest5_pkey on sbtest5  (cost=0.43..8.45 rows=1 width=121)
	  Index Cond: (id = 7950557)

table 6 : explain SELECT c FROM sbtest6 WHERE id=5316943
	Index Scan using sbtest6_pkey on sbtest6  (cost=0.43..8.45 rows=1 width=121)
	  Index Cond: (id = 5316943)

table 7 : explain SELECT c FROM sbtest7 WHERE id=1103034
	Index Scan using sbtest7_pkey on sbtest7  (cost=0.43..8.45 rows=1 width=121)
	  Index Cond: (id = 1103034)

table 8 : explain SELECT c FROM sbtest8 WHERE id=5736565
	Index Scan using sbtest8_pkey on sbtest8  (cost=0.43..8.45 rows=1 width=121)
	  Index Cond: (id = 5736565)

for: sum_ranges
table 1 : explain SELECT SUM(k) FROM sbtest1 WHERE id BETWEEN 7322046 AND 7323045
	Aggregate  (cost=4017.55..4017.56 rows=1 width=8)
	  ->  Bitmap Heap Scan on sbtest1  (cost=23.11..4014.95 rows=1041 width=4)
	        Recheck Cond: ((id >= 7322046) AND (id <= 7323045))
	        ->  Bitmap Index Scan on sbtest1_pkey  (cost=0.00..22.84 rows=1041 width=0)
	              Index Cond: ((id >= 7322046) AND (id <= 7323045))

table 2 : explain SELECT SUM(k) FROM sbtest2 WHERE id BETWEEN 631650 AND 632649
	Aggregate  (cost=3758.51..3758.52 rows=1 width=8)
	  ->  Bitmap Heap Scan on sbtest2  (cost=22.40..3756.08 rows=972 width=4)
	        Recheck Cond: ((id >= 631650) AND (id <= 632649))
	        ->  Bitmap Index Scan on sbtest2_pkey  (cost=0.00..22.15 rows=972 width=0)
	              Index Cond: ((id >= 631650) AND (id <= 632649))

table 3 : explain SELECT SUM(k) FROM sbtest3 WHERE id BETWEEN 7404882 AND 7405881
	Aggregate  (cost=3896.23..3896.24 rows=1 width=8)
	  ->  Bitmap Heap Scan on sbtest3  (cost=22.78..3893.71 rows=1009 width=4)
	        Recheck Cond: ((id >= 7404882) AND (id <= 7405881))
	        ->  Bitmap Index Scan on sbtest3_pkey  (cost=0.00..22.52 rows=1009 width=0)
	              Index Cond: ((id >= 7404882) AND (id <= 7405881))

table 4 : explain SELECT SUM(k) FROM sbtest4 WHERE id BETWEEN 8528244 AND 8529243
	Aggregate  (cost=3768.89..3768.90 rows=1 width=8)
	  ->  Bitmap Heap Scan on sbtest4  (cost=22.43..3766.45 rows=975 width=4)
	        Recheck Cond: ((id >= 8528244) AND (id <= 8529243))
	        ->  Bitmap Index Scan on sbtest4_pkey  (cost=0.00..22.18 rows=975 width=0)
	              Index Cond: ((id >= 8528244) AND (id <= 8529243))

table 5 : explain SELECT SUM(k) FROM sbtest5 WHERE id BETWEEN 6777629 AND 6778628
	Aggregate  (cost=3988.65..3988.66 rows=1 width=8)
	  ->  Bitmap Heap Scan on sbtest5  (cost=27.01..3986.07 rows=1032 width=4)
	        Recheck Cond: ((id >= 6777629) AND (id <= 6778628))
	        ->  Bitmap Index Scan on sbtest5_pkey  (cost=0.00..26.75 rows=1032 width=0)
	              Index Cond: ((id >= 6777629) AND (id <= 6778628))

table 6 : explain SELECT SUM(k) FROM sbtest6 WHERE id BETWEEN 9469433 AND 9470432
	Aggregate  (cost=4685.87..4685.88 rows=1 width=8)
	  ->  Bitmap Heap Scan on sbtest6  (cost=28.93..4682.82 rows=1219 width=4)
	        Recheck Cond: ((id >= 9469433) AND (id <= 9470432))
	        ->  Bitmap Index Scan on sbtest6_pkey  (cost=0.00..28.62 rows=1219 width=0)
	              Index Cond: ((id >= 9469433) AND (id <= 9470432))

table 7 : explain SELECT SUM(k) FROM sbtest7 WHERE id BETWEEN 1701726 AND 1702725
	Aggregate  (cost=3931.12..3931.13 rows=1 width=8)
	  ->  Bitmap Heap Scan on sbtest7  (cost=22.87..3928.57 rows=1018 width=4)
	        Recheck Cond: ((id >= 1701726) AND (id <= 1702725))
	        ->  Bitmap Index Scan on sbtest7_pkey  (cost=0.00..22.61 rows=1018 width=0)
	              Index Cond: ((id >= 1701726) AND (id <= 1702725))

table 8 : explain SELECT SUM(k) FROM sbtest8 WHERE id BETWEEN 4070323 AND 4071322
	Aggregate  (cost=3720.30..3720.31 rows=1 width=8)
	  ->  Bitmap Heap Scan on sbtest8  (cost=22.30..3717.90 rows=962 width=4)
	        Recheck Cond: ((id >= 4070323) AND (id <= 4071322))
	        ->  Bitmap Index Scan on sbtest8_pkey  (cost=0.00..22.05 rows=962 width=0)
	              Index Cond: ((id >= 4070323) AND (id <= 4071322))

for point_selects
table 1 : explain SELECT c FROM sbtest1 WHERE id=5127033
	Index Scan using sbtest1_pkey on sbtest1  (cost=0.43..8.45 rows=1 width=121)
	  Index Cond: (id = 5127033)

table 2 : explain SELECT c FROM sbtest2 WHERE id=6348357
	Index Scan using sbtest2_pkey on sbtest2  (cost=0.43..8.45 rows=1 width=121)
	  Index Cond: (id = 6348357)

table 3 : explain SELECT c FROM sbtest3 WHERE id=1799628
	Index Scan using sbtest3_pkey on sbtest3  (cost=0.43..8.45 rows=1 width=121)
	  Index Cond: (id = 1799628)

table 4 : explain SELECT c FROM sbtest4 WHERE id=5154850
	Index Scan using sbtest4_pkey on sbtest4  (cost=0.43..8.45 rows=1 width=121)
	  Index Cond: (id = 5154850)

table 5 : explain SELECT c FROM sbtest5 WHERE id=1258067
	Index Scan using sbtest5_pkey on sbtest5  (cost=0.43..8.45 rows=1 width=121)
	  Index Cond: (id = 1258067)

table 6 : explain SELECT c FROM sbtest6 WHERE id=6844397
	Index Scan using sbtest6_pkey on sbtest6  (cost=0.43..8.45 rows=1 width=121)
	  Index Cond: (id = 6844397)

table 7 : explain SELECT c FROM sbtest7 WHERE id=5593478
	Index Scan using sbtest7_pkey on sbtest7  (cost=0.43..8.45 rows=1 width=121)
	  Index Cond: (id = 5593478)

table 8 : explain SELECT c FROM sbtest8 WHERE id=7404726
	Index Scan using sbtest8_pkey on sbtest8  (cost=0.43..8.45 rows=1 width=121)
	  Index Cond: (id = 7404726)

for: sum_ranges
table 1 : explain SELECT SUM(k) FROM sbtest1 WHERE id BETWEEN 2327061 AND 2328060
	Aggregate  (cost=4198.01..4198.02 rows=1 width=8)
	  ->  Bitmap Heap Scan on sbtest1  (cost=23.60..4195.29 rows=1089 width=4)
	        Recheck Cond: ((id >= 2327061) AND (id <= 2328060))
	        ->  Bitmap Index Scan on sbtest1_pkey  (cost=0.00..23.32 rows=1089 width=0)
	              Index Cond: ((id >= 2327061) AND (id <= 2328060))

table 2 : explain SELECT SUM(k) FROM sbtest2 WHERE id BETWEEN 7491088 AND 7492087
	Aggregate  (cost=4003.48..4003.49 rows=1 width=8)
	  ->  Bitmap Heap Scan on sbtest2  (cost=23.06..4000.89 rows=1037 width=4)
	        Recheck Cond: ((id >= 7491088) AND (id <= 7492087))
	        ->  Bitmap Index Scan on sbtest2_pkey  (cost=0.00..22.80 rows=1037 width=0)
	              Index Cond: ((id >= 7491088) AND (id <= 7492087))

table 3 : explain SELECT SUM(k) FROM sbtest3 WHERE id BETWEEN 8464760 AND 8465759
	Aggregate  (cost=3930.11..3930.12 rows=1 width=8)
	  ->  Bitmap Heap Scan on sbtest3  (cost=22.87..3927.57 rows=1018 width=4)
	        Recheck Cond: ((id >= 8464760) AND (id <= 8465759))
	        ->  Bitmap Index Scan on sbtest3_pkey  (cost=0.00..22.61 rows=1018 width=0)
	              Index Cond: ((id >= 8464760) AND (id <= 8465759))

table 4 : explain SELECT SUM(k) FROM sbtest4 WHERE id BETWEEN 394079 AND 395078
	Aggregate  (cost=3855.59..3855.60 rows=1 width=8)
	  ->  Bitmap Heap Scan on sbtest4  (cost=22.66..3853.09 rows=998 width=4)
	        Recheck Cond: ((id >= 394079) AND (id <= 395078))
	        ->  Bitmap Index Scan on sbtest4_pkey  (cost=0.00..22.41 rows=998 width=0)
	              Index Cond: ((id >= 394079) AND (id <= 395078))

table 5 : explain SELECT SUM(k) FROM sbtest5 WHERE id BETWEEN 6852044 AND 6853043
	Aggregate  (cost=4030.06..4030.07 rows=1 width=8)
	  ->  Bitmap Heap Scan on sbtest5  (cost=27.13..4027.45 rows=1043 width=4)
	        Recheck Cond: ((id >= 6852044) AND (id <= 6853043))
	        ->  Bitmap Index Scan on sbtest5_pkey  (cost=0.00..26.86 rows=1043 width=0)
	              Index Cond: ((id >= 6852044) AND (id <= 6853043))

table 6 : explain SELECT SUM(k) FROM sbtest6 WHERE id BETWEEN 4653776 AND 4654775
	Aggregate  (cost=3870.89..3870.90 rows=1 width=8)
	  ->  Bitmap Heap Scan on sbtest6  (cost=22.71..3868.38 rows=1002 width=4)
	        Recheck Cond: ((id >= 4653776) AND (id <= 4654775))
	        ->  Bitmap Index Scan on sbtest6_pkey  (cost=0.00..22.45 rows=1002 width=0)
	              Index Cond: ((id >= 4653776) AND (id <= 4654775))

table 7 : explain SELECT SUM(k) FROM sbtest7 WHERE id BETWEEN 1824020 AND 1825019
	Aggregate  (cost=3893.45..3893.46 rows=1 width=8)
	  ->  Bitmap Heap Scan on sbtest7  (cost=22.77..3890.93 rows=1008 width=4)
	        Recheck Cond: ((id >= 1824020) AND (id <= 1825019))
	        ->  Bitmap Index Scan on sbtest7_pkey  (cost=0.00..22.51 rows=1008 width=0)
	              Index Cond: ((id >= 1824020) AND (id <= 1825019))

table 8 : explain SELECT SUM(k) FROM sbtest8 WHERE id BETWEEN 3025539 AND 3026538
	Aggregate  (cost=4258.88..4258.89 rows=1 width=8)
	  ->  Bitmap Heap Scan on sbtest8  (cost=27.76..4256.12 rows=1105 width=4)
	        Recheck Cond: ((id >= 3025539) AND (id <= 3026538))
	        ->  Bitmap Index Scan on sbtest8_pkey  (cost=0.00..27.48 rows=1105 width=0)
	              Index Cond: ((id >= 3025539) AND (id <= 3026538))

for point_selects
table 1 : explain SELECT c FROM sbtest1 WHERE id=286746
	Index Scan using sbtest1_pkey on sbtest1  (cost=0.43..8.45 rows=1 width=121)
	  Index Cond: (id = 286746)

table 2 : explain SELECT c FROM sbtest2 WHERE id=2690474
	Index Scan using sbtest2_pkey on sbtest2  (cost=0.43..8.45 rows=1 width=121)
	  Index Cond: (id = 2690474)

table 3 : explain SELECT c FROM sbtest3 WHERE id=5714592
	Index Scan using sbtest3_pkey on sbtest3  (cost=0.43..8.45 rows=1 width=121)
	  Index Cond: (id = 5714592)

table 4 : explain SELECT c FROM sbtest4 WHERE id=1389350
	Index Scan using sbtest4_pkey on sbtest4  (cost=0.43..8.45 rows=1 width=121)
	  Index Cond: (id = 1389350)

table 5 : explain SELECT c FROM sbtest5 WHERE id=8190845
	Index Scan using sbtest5_pkey on sbtest5  (cost=0.43..8.45 rows=1 width=121)
	  Index Cond: (id = 8190845)

table 6 : explain SELECT c FROM sbtest6 WHERE id=5025858
	Index Scan using sbtest6_pkey on sbtest6  (cost=0.43..8.45 rows=1 width=121)
	  Index Cond: (id = 5025858)

table 7 : explain SELECT c FROM sbtest7 WHERE id=3762873
	Index Scan using sbtest7_pkey on sbtest7  (cost=0.43..8.45 rows=1 width=121)
	  Index Cond: (id = 3762873)

table 8 : explain SELECT c FROM sbtest8 WHERE id=5253555
	Index Scan using sbtest8_pkey on sbtest8  (cost=0.43..8.45 rows=1 width=121)
	  Index Cond: (id = 5253555)

for: order_ranges
table 1 : explain SELECT c FROM sbtest1 WHERE id BETWEEN 1186548 AND 1187547 ORDER BY c
	Sort  (cost=3696.25..3698.61 rows=944 width=121)
	  Sort Key: c
	  ->  Bitmap Heap Scan on sbtest1  (cost=22.11..3649.60 rows=944 width=121)
	        Recheck Cond: ((id >= 1186548) AND (id <= 1187547))
	        ->  Bitmap Index Scan on sbtest1_pkey  (cost=0.00..21.87 rows=944 width=0)
	              Index Cond: ((id >= 1186548) AND (id <= 1187547))

table 2 : explain SELECT c FROM sbtest2 WHERE id BETWEEN 8135648 AND 8136647 ORDER BY c
	Sort  (cost=4102.47..4105.10 rows=1050 width=121)
	  Sort Key: c
	  ->  Bitmap Heap Scan on sbtest2  (cost=23.20..4049.78 rows=1050 width=121)
	        Recheck Cond: ((id >= 8135648) AND (id <= 8136647))
	        ->  Bitmap Index Scan on sbtest2_pkey  (cost=0.00..22.93 rows=1050 width=0)
	              Index Cond: ((id >= 8135648) AND (id <= 8136647))

table 3 : explain SELECT c FROM sbtest3 WHERE id BETWEEN 3965939 AND 3966938 ORDER BY c
	Sort  (cost=3752.89..3755.29 rows=959 width=121)
	  Sort Key: c
	  ->  Bitmap Heap Scan on sbtest3  (cost=22.26..3705.39 rows=959 width=121)
	        Recheck Cond: ((id >= 3965939) AND (id <= 3966938))
	        ->  Bitmap Index Scan on sbtest3_pkey  (cost=0.00..22.02 rows=959 width=0)
	              Index Cond: ((id >= 3965939) AND (id <= 3966938))

table 4 : explain SELECT c FROM sbtest4 WHERE id BETWEEN 1614680 AND 1615679 ORDER BY c
	Sort  (cost=3906.63..3909.13 rows=999 width=121)
	  Sort Key: c
	  ->  Bitmap Heap Scan on sbtest4  (cost=22.67..3856.86 rows=999 width=121)
	        Recheck Cond: ((id >= 1614680) AND (id <= 1615679))
	        ->  Bitmap Index Scan on sbtest4_pkey  (cost=0.00..22.43 rows=999 width=0)
	              Index Cond: ((id >= 1614680) AND (id <= 1615679))

table 5 : explain SELECT c FROM sbtest5 WHERE id BETWEEN 621946 AND 622945 ORDER BY c
	Sort  (cost=3972.77..3975.31 rows=1015 width=121)
	  Sort Key: c
	  ->  Bitmap Heap Scan on sbtest5  (cost=26.84..3922.09 rows=1015 width=121)
	        Recheck Cond: ((id >= 621946) AND (id <= 622945))
	        ->  Bitmap Index Scan on sbtest5_pkey  (cost=0.00..26.58 rows=1015 width=0)
	              Index Cond: ((id >= 621946) AND (id <= 622945))

table 6 : explain SELECT c FROM sbtest6 WHERE id BETWEEN 7358396 AND 7359395 ORDER BY c
	Sort  (cost=3681.09..3683.44 rows=940 width=121)
	  Sort Key: c
	  ->  Bitmap Heap Scan on sbtest6  (cost=22.07..3634.67 rows=940 width=121)
	        Recheck Cond: ((id >= 7358396) AND (id <= 7359395))
	        ->  Bitmap Index Scan on sbtest6_pkey  (cost=0.00..21.83 rows=940 width=0)
	              Index Cond: ((id >= 7358396) AND (id <= 7359395))

table 7 : explain SELECT c FROM sbtest7 WHERE id BETWEEN 5384411 AND 5385410 ORDER BY c
	Sort  (cost=4074.90..4077.51 rows=1043 width=121)
	  Sort Key: c
	  ->  Bitmap Heap Scan on sbtest7  (cost=23.13..4022.62 rows=1043 width=121)
	        Recheck Cond: ((id >= 5384411) AND (id <= 5385410))
	        ->  Bitmap Index Scan on sbtest7_pkey  (cost=0.00..22.86 rows=1043 width=0)
	              Index Cond: ((id >= 5384411) AND (id <= 5385410))

table 8 : explain SELECT c FROM sbtest8 WHERE id BETWEEN 2213372 AND 2214371 ORDER BY c
	Sort  (cost=3887.99..3890.48 rows=994 width=121)
	  Sort Key: c
	  ->  Bitmap Heap Scan on sbtest8  (cost=22.62..3838.51 rows=994 width=121)
	        Recheck Cond: ((id >= 2213372) AND (id <= 2214371))
	        ->  Bitmap Index Scan on sbtest8_pkey  (cost=0.00..22.37 rows=994 width=0)
	              Index Cond: ((id >= 2213372) AND (id <= 2214371))

for: sum_ranges
table 1 : explain SELECT SUM(k) FROM sbtest1 WHERE id BETWEEN 892468 AND 893467
	Aggregate  (cost=3994.97..3994.98 rows=1 width=8)
	  ->  Bitmap Heap Scan on sbtest1  (cost=23.04..3992.38 rows=1035 width=4)
	        Recheck Cond: ((id >= 892468) AND (id <= 893467))
	        ->  Bitmap Index Scan on sbtest1_pkey  (cost=0.00..22.79 rows=1035 width=0)
	              Index Cond: ((id >= 892468) AND (id <= 893467))

table 2 : explain SELECT SUM(k) FROM sbtest2 WHERE id BETWEEN 7966799 AND 7967798
	Aggregate  (cost=3769.83..3769.84 rows=1 width=8)
	  ->  Bitmap Heap Scan on sbtest2  (cost=22.43..3767.39 rows=975 width=4)
	        Recheck Cond: ((id >= 7966799) AND (id <= 7967798))
	        ->  Bitmap Index Scan on sbtest2_pkey  (cost=0.00..22.18 rows=975 width=0)
	              Index Cond: ((id >= 7966799) AND (id <= 7967798))

table 3 : explain SELECT SUM(k) FROM sbtest3 WHERE id BETWEEN 872171 AND 873170
	Aggregate  (cost=4039.23..4039.24 rows=1 width=8)
	  ->  Bitmap Heap Scan on sbtest3  (cost=23.17..4036.61 rows=1047 width=4)
	        Recheck Cond: ((id >= 872171) AND (id <= 873170))
	        ->  Bitmap Index Scan on sbtest3_pkey  (cost=0.00..22.90 rows=1047 width=0)
	              Index Cond: ((id >= 872171) AND (id <= 873170))

table 4 : explain SELECT SUM(k) FROM sbtest4 WHERE id BETWEEN 621907 AND 622906
	Aggregate  (cost=4167.90..4167.91 rows=1 width=8)
	  ->  Bitmap Heap Scan on sbtest4  (cost=23.52..4165.20 rows=1081 width=4)
	        Recheck Cond: ((id >= 621907) AND (id <= 622906))
	        ->  Bitmap Index Scan on sbtest4_pkey  (cost=0.00..23.25 rows=1081 width=0)
	              Index Cond: ((id >= 621907) AND (id <= 622906))

table 5 : explain SELECT SUM(k) FROM sbtest5 WHERE id BETWEEN 4674059 AND 4675058
	Aggregate  (cost=4409.60..4409.61 rows=1 width=8)
	  ->  Bitmap Heap Scan on sbtest5  (cost=28.17..4406.74 rows=1145 width=4)
	        Recheck Cond: ((id >= 4674059) AND (id <= 4675058))
	        ->  Bitmap Index Scan on sbtest5_pkey  (cost=0.00..27.89 rows=1145 width=0)
	              Index Cond: ((id >= 4674059) AND (id <= 4675058))

table 6 : explain SELECT SUM(k) FROM sbtest6 WHERE id BETWEEN 2034483 AND 2035482
	Aggregate  (cost=3671.00..3671.01 rows=1 width=8)
	  ->  Bitmap Heap Scan on sbtest6  (cost=22.16..3668.63 rows=949 width=4)
	        Recheck Cond: ((id >= 2034483) AND (id <= 2035482))
	        ->  Bitmap Index Scan on sbtest6_pkey  (cost=0.00..21.93 rows=949 width=0)
	              Index Cond: ((id >= 2034483) AND (id <= 2035482))

table 7 : explain SELECT SUM(k) FROM sbtest7 WHERE id BETWEEN 5779837 AND 5780836
	Aggregate  (cost=4017.70..4017.71 rows=1 width=8)
	  ->  Bitmap Heap Scan on sbtest7  (cost=23.11..4015.10 rows=1041 width=4)
	        Recheck Cond: ((id >= 5779837) AND (id <= 5780836))
	        ->  Bitmap Index Scan on sbtest7_pkey  (cost=0.00..22.84 rows=1041 width=0)
	              Index Cond: ((id >= 5779837) AND (id <= 5780836))

table 8 : explain SELECT SUM(k) FROM sbtest8 WHERE id BETWEEN 1675580 AND 1676579
	Aggregate  (cost=3565.47..3565.48 rows=1 width=8)
	  ->  Bitmap Heap Scan on sbtest8  (cost=21.88..3563.17 rows=921 width=4)
	        Recheck Cond: ((id >= 1675580) AND (id <= 1676579))
	        ->  Bitmap Index Scan on sbtest8_pkey  (cost=0.00..21.64 rows=921 width=0)
	              Index Cond: ((id >= 1675580) AND (id <= 1676579))

for: simple_ranges
table 1 : explain SELECT c FROM sbtest1 WHERE id BETWEEN 9333373 AND 9334372
	Bitmap Heap Scan on sbtest1  (cost=22.06..3630.73 rows=939 width=121)
	  Recheck Cond: ((id >= 9333373) AND (id <= 9334372))
	  ->  Bitmap Index Scan on sbtest1_pkey  (cost=0.00..21.82 rows=939 width=0)
	        Index Cond: ((id >= 9333373) AND (id <= 9334372))

table 2 : explain SELECT c FROM sbtest2 WHERE id BETWEEN 5126912 AND 5127911
	Bitmap Heap Scan on sbtest2  (cost=21.38..3382.14 rows=873 width=121)
	  Recheck Cond: ((id >= 5126912) AND (id <= 5127911))
	  ->  Bitmap Index Scan on sbtest2_pkey  (cost=0.00..21.16 rows=873 width=0)
	        Index Cond: ((id >= 5126912) AND (id <= 5127911))

table 3 : explain SELECT c FROM sbtest3 WHERE id BETWEEN 2764071 AND 2765070
	Bitmap Heap Scan on sbtest3  (cost=22.40..3754.39 rows=972 width=121)
	  Recheck Cond: ((id >= 2764071) AND (id <= 2765070))
	  ->  Bitmap Index Scan on sbtest3_pkey  (cost=0.00..22.15 rows=972 width=0)
	        Index Cond: ((id >= 2764071) AND (id <= 2765070))

table 4 : explain SELECT c FROM sbtest4 WHERE id BETWEEN 5306154 AND 5307153
	Bitmap Heap Scan on sbtest4  (cost=22.74..3879.45 rows=1005 width=121)
	  Recheck Cond: ((id >= 5306154) AND (id <= 5307153))
	  ->  Bitmap Index Scan on sbtest4_pkey  (cost=0.00..22.48 rows=1005 width=0)
	        Index Cond: ((id >= 5306154) AND (id <= 5307153))

table 5 : explain SELECT c FROM sbtest5 WHERE id BETWEEN 3502076 AND 3503075
	Bitmap Heap Scan on sbtest5  (cost=21.55..3442.66 rows=889 width=121)
	  Recheck Cond: ((id >= 3502076) AND (id <= 3503075))
	  ->  Bitmap Index Scan on sbtest5_pkey  (cost=0.00..21.32 rows=889 width=0)
	        Index Cond: ((id >= 3502076) AND (id <= 3503075))

table 6 : explain SELECT c FROM sbtest6 WHERE id BETWEEN 3264456 AND 3265455
	Bitmap Heap Scan on sbtest6  (cost=22.25..3702.57 rows=958 width=121)
	  Recheck Cond: ((id >= 3264456) AND (id <= 3265455))
	  ->  Bitmap Index Scan on sbtest6_pkey  (cost=0.00..22.01 rows=958 width=0)
	        Index Cond: ((id >= 3264456) AND (id <= 3265455))

table 7 : explain SELECT c FROM sbtest7 WHERE id BETWEEN 5508487 AND 5509486
	Bitmap Heap Scan on sbtest7  (cost=21.70..3498.70 rows=904 width=121)
	  Recheck Cond: ((id >= 5508487) AND (id <= 5509486))
	  ->  Bitmap Index Scan on sbtest7_pkey  (cost=0.00..21.47 rows=904 width=0)
	        Index Cond: ((id >= 5508487) AND (id <= 5509486))

table 8 : explain SELECT c FROM sbtest8 WHERE id BETWEEN 6149565 AND 6150564
	Bitmap Heap Scan on sbtest8  (cost=23.41..4128.18 rows=1071 width=121)
	  Recheck Cond: ((id >= 6149565) AND (id <= 6150564))
	  ->  Bitmap Index Scan on sbtest8_pkey  (cost=0.00..23.14 rows=1071 width=0)
	        Index Cond: ((id >= 6149565) AND (id <= 6150564))

for: simple_ranges
table 1 : explain SELECT c FROM sbtest1 WHERE id BETWEEN 5155235 AND 5156234
	Bitmap Heap Scan on sbtest1  (cost=22.60..3830.54 rows=992 width=121)
	  Recheck Cond: ((id >= 5155235) AND (id <= 5156234))
	  ->  Bitmap Index Scan on sbtest1_pkey  (cost=0.00..22.36 rows=992 width=0)
	        Index Cond: ((id >= 5155235) AND (id <= 5156234))

table 2 : explain SELECT c FROM sbtest2 WHERE id BETWEEN 118394 AND 119393
	Bitmap Heap Scan on sbtest2  (cost=22.62..3839.00 rows=994 width=121)
	  Recheck Cond: ((id >= 118394) AND (id <= 119393))
	  ->  Bitmap Index Scan on sbtest2_pkey  (cost=0.00..22.37 rows=994 width=0)
	        Index Cond: ((id >= 118394) AND (id <= 119393))

table 3 : explain SELECT c FROM sbtest3 WHERE id BETWEEN 4941382 AND 4942381
	Bitmap Heap Scan on sbtest3  (cost=23.02..3983.98 rows=1033 width=121)
	  Recheck Cond: ((id >= 4941382) AND (id <= 4942381))
	  ->  Bitmap Index Scan on sbtest3_pkey  (cost=0.00..22.76 rows=1033 width=0)
	        Index Cond: ((id >= 4941382) AND (id <= 4942381))

table 4 : explain SELECT c FROM sbtest4 WHERE id BETWEEN 3914706 AND 3915705
	Bitmap Heap Scan on sbtest4  (cost=27.76..4255.56 rows=1105 width=121)
	  Recheck Cond: ((id >= 3914706) AND (id <= 3915705))
	  ->  Bitmap Index Scan on sbtest4_pkey  (cost=0.00..27.48 rows=1105 width=0)
	        Index Cond: ((id >= 3914706) AND (id <= 3915705))

table 5 : explain SELECT c FROM sbtest5 WHERE id BETWEEN 6013846 AND 6014845
	Bitmap Heap Scan on sbtest5  (cost=22.48..3786.24 rows=980 width=121)
	  Recheck Cond: ((id >= 6013846) AND (id <= 6014845))
	  ->  Bitmap Index Scan on sbtest5_pkey  (cost=0.00..22.23 rows=980 width=0)
	        Index Cond: ((id >= 6013846) AND (id <= 6014845))

table 6 : explain SELECT c FROM sbtest6 WHERE id BETWEEN 7075653 AND 7076652
	Bitmap Heap Scan on sbtest6  (cost=21.98..3600.70 rows=931 width=121)
	  Recheck Cond: ((id >= 7075653) AND (id <= 7076652))
	  ->  Bitmap Index Scan on sbtest6_pkey  (cost=0.00..21.75 rows=931 width=0)
	        Index Cond: ((id >= 7075653) AND (id <= 7076652))

table 7 : explain SELECT c FROM sbtest7 WHERE id BETWEEN 4391694 AND 4392693
	Bitmap Heap Scan on sbtest7  (cost=22.04..3623.31 rows=937 width=121)
	  Recheck Cond: ((id >= 4391694) AND (id <= 4392693))
	  ->  Bitmap Index Scan on sbtest7_pkey  (cost=0.00..21.80 rows=937 width=0)
	        Index Cond: ((id >= 4391694) AND (id <= 4392693))

table 8 : explain SELECT c FROM sbtest8 WHERE id BETWEEN 8100695 AND 8101694
	Bitmap Heap Scan on sbtest8  (cost=23.30..4086.84 rows=1060 width=121)
	  Recheck Cond: ((id >= 8100695) AND (id <= 8101694))
	  ->  Bitmap Index Scan on sbtest8_pkey  (cost=0.00..23.04 rows=1060 width=0)
	        Index Cond: ((id >= 8100695) AND (id <= 8101694))

for: simple_ranges
table 1 : explain SELECT c FROM sbtest1 WHERE id BETWEEN 3004499 AND 3005498
	Bitmap Heap Scan on sbtest1  (cost=22.47..3781.57 rows=979 width=121)
	  Recheck Cond: ((id >= 3004499) AND (id <= 3005498))
	  ->  Bitmap Index Scan on sbtest1_pkey  (cost=0.00..22.22 rows=979 width=0)
	        Index Cond: ((id >= 3004499) AND (id <= 3005498))

table 2 : explain SELECT c FROM sbtest2 WHERE id BETWEEN 227740 AND 228739
	Bitmap Heap Scan on sbtest2  (cost=21.92..3578.72 rows=925 width=121)
	  Recheck Cond: ((id >= 227740) AND (id <= 228739))
	  ->  Bitmap Index Scan on sbtest2_pkey  (cost=0.00..21.68 rows=925 width=0)
	        Index Cond: ((id >= 227740) AND (id <= 228739))

table 3 : explain SELECT c FROM sbtest3 WHERE id BETWEEN 8495556 AND 8496555
	Bitmap Heap Scan on sbtest3  (cost=23.36..4107.99 rows=1066 width=121)
	  Recheck Cond: ((id >= 8495556) AND (id <= 8496555))
	  ->  Bitmap Index Scan on sbtest3_pkey  (cost=0.00..23.09 rows=1066 width=0)
	        Index Cond: ((id >= 8495556) AND (id <= 8496555))

table 4 : explain SELECT c FROM sbtest4 WHERE id BETWEEN 2860614 AND 2861613
	Bitmap Heap Scan on sbtest4  (cost=22.10..3645.78 rows=943 width=121)
	  Recheck Cond: ((id >= 2860614) AND (id <= 2861613))
	  ->  Bitmap Index Scan on sbtest4_pkey  (cost=0.00..21.86 rows=943 width=0)
	        Index Cond: ((id >= 2860614) AND (id <= 2861613))

table 5 : explain SELECT c FROM sbtest5 WHERE id BETWEEN 114620 AND 115619
	Bitmap Heap Scan on sbtest5  (cost=27.61..4204.10 rows=1090 width=121)
	  Recheck Cond: ((id >= 114620) AND (id <= 115619))
	  ->  Bitmap Index Scan on sbtest5_pkey  (cost=0.00..27.33 rows=1090 width=0)
	        Index Cond: ((id >= 114620) AND (id <= 115619))

table 6 : explain SELECT c FROM sbtest6 WHERE id BETWEEN 7930224 AND 7931223
	Bitmap Heap Scan on sbtest6  (cost=22.62..3838.25 rows=994 width=121)
	  Recheck Cond: ((id >= 7930224) AND (id <= 7931223))
	  ->  Bitmap Index Scan on sbtest6_pkey  (cost=0.00..22.37 rows=994 width=0)
	        Index Cond: ((id >= 7930224) AND (id <= 7931223))

table 7 : explain SELECT c FROM sbtest7 WHERE id BETWEEN 894508 AND 895507
	Bitmap Heap Scan on sbtest7  (cost=23.16..4033.90 rows=1046 width=121)
	  Recheck Cond: ((id >= 894508) AND (id <= 895507))
	  ->  Bitmap Index Scan on sbtest7_pkey  (cost=0.00..22.89 rows=1046 width=0)
	        Index Cond: ((id >= 894508) AND (id <= 895507))

table 8 : explain SELECT c FROM sbtest8 WHERE id BETWEEN 7006099 AND 7007098
	Bitmap Heap Scan on sbtest8  (cost=23.14..4026.69 rows=1044 width=121)
	  Recheck Cond: ((id >= 7006099) AND (id <= 7007098))
	  ->  Bitmap Index Scan on sbtest8_pkey  (cost=0.00..22.87 rows=1044 width=0)
	        Index Cond: ((id >= 7006099) AND (id <= 7007098))

for: sum_ranges
table 1 : explain SELECT SUM(k) FROM sbtest1 WHERE id BETWEEN 3646453 AND 3647452
	Aggregate  (cost=3693.48..3693.49 rows=1 width=8)
	  ->  Bitmap Heap Scan on sbtest1  (cost=22.22..3691.09 rows=955 width=4)
	        Recheck Cond: ((id >= 3646453) AND (id <= 3647452))
	        ->  Bitmap Index Scan on sbtest1_pkey  (cost=0.00..21.98 rows=955 width=0)
	              Index Cond: ((id >= 3646453) AND (id <= 3647452))

table 2 : explain SELECT SUM(k) FROM sbtest2 WHERE id BETWEEN 6240741 AND 6241740
	Aggregate  (cost=3811.32..3811.33 rows=1 width=8)
	  ->  Bitmap Heap Scan on sbtest2  (cost=22.54..3808.85 rows=986 width=4)
	        Recheck Cond: ((id >= 6240741) AND (id <= 6241740))
	        ->  Bitmap Index Scan on sbtest2_pkey  (cost=0.00..22.29 rows=986 width=0)
	              Index Cond: ((id >= 6240741) AND (id <= 6241740))

table 3 : explain SELECT SUM(k) FROM sbtest3 WHERE id BETWEEN 5555601 AND 5556600
	Aggregate  (cost=3673.83..3673.84 rows=1 width=8)
	  ->  Bitmap Heap Scan on sbtest3  (cost=22.17..3671.46 rows=950 width=4)
	        Recheck Cond: ((id >= 5555601) AND (id <= 5556600))
	        ->  Bitmap Index Scan on sbtest3_pkey  (cost=0.00..21.93 rows=950 width=0)
	              Index Cond: ((id >= 5555601) AND (id <= 5556600))

table 4 : explain SELECT SUM(k) FROM sbtest4 WHERE id BETWEEN 8898628 AND 8899627
	Aggregate  (cost=3531.04..3531.05 rows=1 width=8)
	  ->  Bitmap Heap Scan on sbtest4  (cost=21.78..3528.76 rows=912 width=4)
	        Recheck Cond: ((id >= 8898628) AND (id <= 8899627))
	        ->  Bitmap Index Scan on sbtest4_pkey  (cost=0.00..21.55 rows=912 width=0)
	              Index Cond: ((id >= 8898628) AND (id <= 8899627))

table 5 : explain SELECT SUM(k) FROM sbtest5 WHERE id BETWEEN 2736960 AND 2737959
	Aggregate  (cost=3788.69..3788.70 rows=1 width=8)
	  ->  Bitmap Heap Scan on sbtest5  (cost=22.48..3786.24 rows=980 width=4)
	        Recheck Cond: ((id >= 2736960) AND (id <= 2737959))
	        ->  Bitmap Index Scan on sbtest5_pkey  (cost=0.00..22.23 rows=980 width=0)
	              Index Cond: ((id >= 2736960) AND (id <= 2737959))

table 6 : explain SELECT SUM(k) FROM sbtest6 WHERE id BETWEEN 3017247 AND 3018246
	Aggregate  (cost=3655.90..3655.91 rows=1 width=8)
	  ->  Bitmap Heap Scan on sbtest6  (cost=22.12..3653.54 rows=945 width=4)
	        Recheck Cond: ((id >= 3017247) AND (id <= 3018246))
	        ->  Bitmap Index Scan on sbtest6_pkey  (cost=0.00..21.89 rows=945 width=0)
	              Index Cond: ((id >= 3017247) AND (id <= 3018246))

table 7 : explain SELECT SUM(k) FROM sbtest7 WHERE id BETWEEN 9809334 AND 9810333
	Aggregate  (cost=3516.08..3516.09 rows=1 width=8)
	  ->  Bitmap Heap Scan on sbtest7  (cost=21.74..3513.81 rows=908 width=4)
	        Recheck Cond: ((id >= 9809334) AND (id <= 9810333))
	        ->  Bitmap Index Scan on sbtest7_pkey  (cost=0.00..21.51 rows=908 width=0)
	              Index Cond: ((id >= 9809334) AND (id <= 9810333))

table 8 : explain SELECT SUM(k) FROM sbtest8 WHERE id BETWEEN 1029497 AND 1030496
	Aggregate  (cost=3920.12..3920.13 rows=1 width=8)
	  ->  Bitmap Heap Scan on sbtest8  (cost=22.84..3917.58 rows=1015 width=4)
	        Recheck Cond: ((id >= 1029497) AND (id <= 1030496))
	        ->  Bitmap Index Scan on sbtest8_pkey  (cost=0.00..22.58 rows=1015 width=0)
	              Index Cond: ((id >= 1029497) AND (id <= 1030496))

for: order_ranges
table 1 : explain SELECT c FROM sbtest1 WHERE id BETWEEN 1784819 AND 1785818 ORDER BY c
	Sort  (cost=3519.96..3522.20 rows=898 width=121)
	  Sort Key: c
	  ->  Bitmap Heap Scan on sbtest1  (cost=21.64..3475.91 rows=898 width=121)
	        Recheck Cond: ((id >= 1784819) AND (id <= 1785818))
	        ->  Bitmap Index Scan on sbtest1_pkey  (cost=0.00..21.41 rows=898 width=0)
	              Index Cond: ((id >= 1784819) AND (id <= 1785818))

table 2 : explain SELECT c FROM sbtest2 WHERE id BETWEEN 4544013 AND 4545012 ORDER BY c
	Sort  (cost=3539.93..3542.18 rows=903 width=121)
	  Sort Key: c
	  ->  Bitmap Heap Scan on sbtest2  (cost=21.69..3495.60 rows=903 width=121)
	        Recheck Cond: ((id >= 4544013) AND (id <= 4545012))
	        ->  Bitmap Index Scan on sbtest2_pkey  (cost=0.00..21.46 rows=903 width=0)
	              Index Cond: ((id >= 4544013) AND (id <= 4545012))

table 3 : explain SELECT c FROM sbtest3 WHERE id BETWEEN 6210694 AND 6211693 ORDER BY c
	Sort  (cost=3703.13..3705.50 rows=946 width=121)
	  Sort Key: c
	  ->  Bitmap Heap Scan on sbtest3  (cost=22.13..3656.38 rows=946 width=121)
	        Recheck Cond: ((id >= 6210694) AND (id <= 6211693))
	        ->  Bitmap Index Scan on sbtest3_pkey  (cost=0.00..21.89 rows=946 width=0)
	              Index Cond: ((id >= 6210694) AND (id <= 6211693))

table 4 : explain SELECT c FROM sbtest4 WHERE id BETWEEN 2646595 AND 2647594 ORDER BY c
	Sort  (cost=4135.77..4138.41 rows=1059 width=121)
	  Sort Key: c
	  ->  Bitmap Heap Scan on sbtest4  (cost=23.29..4082.56 rows=1059 width=121)
	        Recheck Cond: ((id >= 2646595) AND (id <= 2647594))
	        ->  Bitmap Index Scan on sbtest4_pkey  (cost=0.00..23.02 rows=1059 width=0)
	              Index Cond: ((id >= 2646595) AND (id <= 2647594))

table 5 : explain SELECT c FROM sbtest5 WHERE id BETWEEN 1309998 AND 1310997 ORDER BY c
	Sort  (cost=3490.05..3492.27 rows=890 width=121)
	  Sort Key: c
	  ->  Bitmap Heap Scan on sbtest5  (cost=21.56..3446.45 rows=890 width=121)
	        Recheck Cond: ((id >= 1309998) AND (id <= 1310997))
	        ->  Bitmap Index Scan on sbtest5_pkey  (cost=0.00..21.33 rows=890 width=0)
	              Index Cond: ((id >= 1309998) AND (id <= 1310997))

table 6 : explain SELECT c FROM sbtest6 WHERE id BETWEEN 3843863 AND 3844862 ORDER BY c
	Sort  (cost=3562.29..3564.56 rows=909 width=121)
	  Sort Key: c
	  ->  Bitmap Heap Scan on sbtest6  (cost=21.75..3517.62 rows=909 width=121)
	        Recheck Cond: ((id >= 3843863) AND (id <= 3844862))
	        ->  Bitmap Index Scan on sbtest6_pkey  (cost=0.00..21.52 rows=909 width=0)
	              Index Cond: ((id >= 3843863) AND (id <= 3844862))

table 7 : explain SELECT c FROM sbtest7 WHERE id BETWEEN 236593 AND 237592 ORDER BY c
	Sort  (cost=4101.62..4104.25 rows=1050 width=121)
	  Sort Key: c
	  ->  Bitmap Heap Scan on sbtest7  (cost=23.20..4048.93 rows=1050 width=121)
	        Recheck Cond: ((id >= 236593) AND (id <= 237592))
	        ->  Bitmap Index Scan on sbtest7_pkey  (cost=0.00..22.93 rows=1050 width=0)
	              Index Cond: ((id >= 236593) AND (id <= 237592))

table 8 : explain SELECT c FROM sbtest8 WHERE id BETWEEN 157785 AND 158784 ORDER BY c
	Sort  (cost=3952.98..3955.51 rows=1011 width=121)
	  Sort Key: c
	  ->  Bitmap Heap Scan on sbtest8  (cost=22.80..3902.52 rows=1011 width=121)
	        Recheck Cond: ((id >= 157785) AND (id <= 158784))
	        ->  Bitmap Index Scan on sbtest8_pkey  (cost=0.00..22.54 rows=1011 width=0)
	              Index Cond: ((id >= 157785) AND (id <= 158784))

for: order_ranges
table 1 : explain SELECT c FROM sbtest1 WHERE id BETWEEN 7225756 AND 7226755 ORDER BY c
	Sort  (cost=3860.80..3863.27 rows=987 width=121)
	  Sort Key: c
	  ->  Bitmap Heap Scan on sbtest1  (cost=22.55..3811.71 rows=987 width=121)
	        Recheck Cond: ((id >= 7225756) AND (id <= 7226755))
	        ->  Bitmap Index Scan on sbtest1_pkey  (cost=0.00..22.30 rows=987 width=0)
	              Index Cond: ((id >= 7225756) AND (id <= 7226755))

table 2 : explain SELECT c FROM sbtest2 WHERE id BETWEEN 3729323 AND 3730322 ORDER BY c
	Sort  (cost=4262.91..4265.63 rows=1091 width=121)
	  Sort Key: c
	  ->  Bitmap Heap Scan on sbtest2  (cost=27.62..4207.86 rows=1091 width=121)
	        Recheck Cond: ((id >= 3729323) AND (id <= 3730322))
	        ->  Bitmap Index Scan on sbtest2_pkey  (cost=0.00..27.34 rows=1091 width=0)
	              Index Cond: ((id >= 3729323) AND (id <= 3730322))

table 3 : explain SELECT c FROM sbtest3 WHERE id BETWEEN 9174718 AND 9175717 ORDER BY c
	Sort  (cost=3484.73..3486.95 rows=889 width=121)
	  Sort Key: c
	  ->  Bitmap Heap Scan on sbtest3  (cost=21.55..3441.19 rows=889 width=121)
	        Recheck Cond: ((id >= 9174718) AND (id <= 9175717))
	        ->  Bitmap Index Scan on sbtest3_pkey  (cost=0.00..21.32 rows=889 width=0)
	              Index Cond: ((id >= 9174718) AND (id <= 9175717))

table 4 : explain SELECT c FROM sbtest4 WHERE id BETWEEN 607730 AND 608729 ORDER BY c
	Sort  (cost=4219.67..4222.38 rows=1081 width=121)
	  Sort Key: c
	  ->  Bitmap Heap Scan on sbtest4  (cost=23.52..4165.20 rows=1081 width=121)
	        Recheck Cond: ((id >= 607730) AND (id <= 608729))
	        ->  Bitmap Index Scan on sbtest4_pkey  (cost=0.00..23.25 rows=1081 width=0)
	              Index Cond: ((id >= 607730) AND (id <= 608729))

table 5 : explain SELECT c FROM sbtest5 WHERE id BETWEEN 3688231 AND 3689230 ORDER BY c
	Sort  (cost=4152.28..4154.93 rows=1062 width=121)
	  Sort Key: c
	  ->  Bitmap Heap Scan on sbtest5  (cost=27.32..4098.90 rows=1062 width=121)
	        Recheck Cond: ((id >= 3688231) AND (id <= 3689230))
	        ->  Bitmap Index Scan on sbtest5_pkey  (cost=0.00..27.05 rows=1062 width=0)
	              Index Cond: ((id >= 3688231) AND (id <= 3689230))

table 6 : explain SELECT c FROM sbtest6 WHERE id BETWEEN 5148553 AND 5149552 ORDER BY c
	Sort  (cost=3891.56..3894.05 rows=995 width=121)
	  Sort Key: c
	  ->  Bitmap Heap Scan on sbtest6  (cost=22.63..3842.02 rows=995 width=121)
	        Recheck Cond: ((id >= 5148553) AND (id <= 5149552))
	        ->  Bitmap Index Scan on sbtest6_pkey  (cost=0.00..22.39 rows=995 width=0)
	              Index Cond: ((id >= 5148553) AND (id <= 5149552))

table 7 : explain SELECT c FROM sbtest7 WHERE id BETWEEN 3463154 AND 3464153 ORDER BY c
	Sort  (cost=4304.01..4306.77 rows=1103 width=121)
	  Sort Key: c
	  ->  Bitmap Heap Scan on sbtest7  (cost=27.74..4248.27 rows=1103 width=121)
	        Recheck Cond: ((id >= 3463154) AND (id <= 3464153))
	        ->  Bitmap Index Scan on sbtest7_pkey  (cost=0.00..27.46 rows=1103 width=0)
	              Index Cond: ((id >= 3463154) AND (id <= 3464153))

table 8 : explain SELECT c FROM sbtest8 WHERE id BETWEEN 4166349 AND 4167348 ORDER BY c
	Sort  (cost=4243.28..4245.99 rows=1086 width=121)
	  Sort Key: c
	  ->  Bitmap Heap Scan on sbtest8  (cost=27.57..4188.52 rows=1086 width=121)
	        Recheck Cond: ((id >= 4166349) AND (id <= 4167348))
	        ->  Bitmap Index Scan on sbtest8_pkey  (cost=0.00..27.29 rows=1086 width=0)
	              Index Cond: ((id >= 4166349) AND (id <= 4167348))

for: simple_ranges
table 1 : explain SELECT c FROM sbtest1 WHERE id BETWEEN 504911 AND 505910
	Bitmap Heap Scan on sbtest1  (cost=22.25..3702.41 rows=958 width=121)
	  Recheck Cond: ((id >= 504911) AND (id <= 505910))
	  ->  Bitmap Index Scan on sbtest1_pkey  (cost=0.00..22.01 rows=958 width=0)
	        Index Cond: ((id >= 504911) AND (id <= 505910))

table 2 : explain SELECT c FROM sbtest2 WHERE id BETWEEN 7863476 AND 7864475
	Bitmap Heap Scan on sbtest2  (cost=23.13..4023.46 rows=1043 width=121)
	  Recheck Cond: ((id >= 7863476) AND (id <= 7864475))
	  ->  Bitmap Index Scan on sbtest2_pkey  (cost=0.00..22.86 rows=1043 width=0)
	        Index Cond: ((id >= 7863476) AND (id <= 7864475))

table 3 : explain SELECT c FROM sbtest3 WHERE id BETWEEN 196510 AND 197509
	Bitmap Heap Scan on sbtest3  (cost=22.87..3927.57 rows=1018 width=121)
	  Recheck Cond: ((id >= 196510) AND (id <= 197509))
	  ->  Bitmap Index Scan on sbtest3_pkey  (cost=0.00..22.61 rows=1018 width=0)
	        Index Cond: ((id >= 196510) AND (id <= 197509))

table 4 : explain SELECT c FROM sbtest4 WHERE id BETWEEN 1300623 AND 1301622
	Bitmap Heap Scan on sbtest4  (cost=22.79..3898.27 rows=1010 width=121)
	  Recheck Cond: ((id >= 1300623) AND (id <= 1301622))
	  ->  Bitmap Index Scan on sbtest4_pkey  (cost=0.00..22.54 rows=1010 width=0)
	        Index Cond: ((id >= 1300623) AND (id <= 1301622))

table 5 : explain SELECT c FROM sbtest5 WHERE id BETWEEN 7379709 AND 7380708
	Bitmap Heap Scan on sbtest5  (cost=21.90..3571.16 rows=923 width=121)
	  Recheck Cond: ((id >= 7379709) AND (id <= 7380708))
	  ->  Bitmap Index Scan on sbtest5_pkey  (cost=0.00..21.66 rows=923 width=0)
	        Index Cond: ((id >= 7379709) AND (id <= 7380708))

table 6 : explain SELECT c FROM sbtest6 WHERE id BETWEEN 13304 AND 14303
	Bitmap Heap Scan on sbtest6  (cost=22.33..3728.97 rows=965 width=121)
	  Recheck Cond: ((id >= 13304) AND (id <= 14303))
	  ->  Bitmap Index Scan on sbtest6_pkey  (cost=0.00..22.08 rows=965 width=0)
	        Index Cond: ((id >= 13304) AND (id <= 14303))

table 7 : explain SELECT c FROM sbtest7 WHERE id BETWEEN 7151506 AND 7152505
	Bitmap Heap Scan on sbtest7  (cost=27.78..4263.28 rows=1107 width=121)
	  Recheck Cond: ((id >= 7151506) AND (id <= 7152505))
	  ->  Bitmap Index Scan on sbtest7_pkey  (cost=0.00..27.50 rows=1107 width=0)
	        Index Cond: ((id >= 7151506) AND (id <= 7152505))

table 8 : explain SELECT c FROM sbtest8 WHERE id BETWEEN 1724821 AND 1725820
	Bitmap Heap Scan on sbtest8  (cost=28.14..4394.89 rows=1142 width=121)
	  Recheck Cond: ((id >= 1724821) AND (id <= 1725820))
	  ->  Bitmap Index Scan on sbtest8_pkey  (cost=0.00..27.86 rows=1142 width=0)
	        Index Cond: ((id >= 1724821) AND (id <= 1725820))

for: distinct_ranges
table 1 : explain SELECT DISTINCT c FROM sbtest1 WHERE id BETWEEN 1105239 AND 1106238 ORDER BY c
	Unique  (cost=3696.25..3700.97 rows=944 width=121)
	  ->  Sort  (cost=3696.25..3698.61 rows=944 width=121)
	        Sort Key: c
	        ->  Bitmap Heap Scan on sbtest1  (cost=22.11..3649.60 rows=944 width=121)
	              Recheck Cond: ((id >= 1105239) AND (id <= 1106238))
	              ->  Bitmap Index Scan on sbtest1_pkey  (cost=0.00..21.87 rows=944 width=0)
	                    Index Cond: ((id >= 1105239) AND (id <= 1106238))

table 2 : explain SELECT DISTINCT c FROM sbtest2 WHERE id BETWEEN 8508542 AND 8509541 ORDER BY c
	Unique  (cost=3850.23..3855.15 rows=984 width=121)
	  ->  Sort  (cost=3850.23..3852.69 rows=984 width=121)
	        Sort Key: c
	        ->  Bitmap Heap Scan on sbtest2  (cost=22.52..3801.31 rows=984 width=121)
	              Recheck Cond: ((id >= 8508542) AND (id <= 8509541))
	              ->  Bitmap Index Scan on sbtest2_pkey  (cost=0.00..22.27 rows=984 width=0)
	                    Index Cond: ((id >= 8508542) AND (id <= 8509541))

table 3 : explain SELECT DISTINCT c FROM sbtest3 WHERE id BETWEEN 5431 AND 6430 ORDER BY c
	Unique  (cost=3932.59..3937.62 rows=1006 width=121)
	  ->  Sort  (cost=3932.59..3935.10 rows=1006 width=121)
	        Sort Key: c
	        ->  Bitmap Heap Scan on sbtest3  (cost=22.75..3882.42 rows=1006 width=121)
	              Recheck Cond: ((id >= 5431) AND (id <= 6430))
	              ->  Bitmap Index Scan on sbtest3_pkey  (cost=0.00..22.50 rows=1006 width=0)
	                    Index Cond: ((id >= 5431) AND (id <= 6430))

table 4 : explain SELECT DISTINCT c FROM sbtest4 WHERE id BETWEEN 2177656 AND 2178655 ORDER BY c
	Unique  (cost=3565.93..3570.48 rows=910 width=121)
	  ->  Sort  (cost=3565.93..3568.20 rows=910 width=121)
	        Sort Key: c
	        ->  Bitmap Heap Scan on sbtest4  (cost=21.76..3521.20 rows=910 width=121)
	              Recheck Cond: ((id >= 2177656) AND (id <= 2178655))
	              ->  Bitmap Index Scan on sbtest4_pkey  (cost=0.00..21.54 rows=910 width=0)
	                    Index Cond: ((id >= 2177656) AND (id <= 2178655))

table 5 : explain SELECT DISTINCT c FROM sbtest5 WHERE id BETWEEN 2858158 AND 2859157 ORDER BY c
	Unique  (cost=3781.34..3786.17 rows=966 width=121)
	  ->  Sort  (cost=3781.34..3783.76 rows=966 width=121)
	        Sort Key: c
	        ->  Bitmap Heap Scan on sbtest5  (cost=22.34..3733.45 rows=966 width=121)
	              Recheck Cond: ((id >= 2858158) AND (id <= 2859157))
	              ->  Bitmap Index Scan on sbtest5_pkey  (cost=0.00..22.09 rows=966 width=0)
	                    Index Cond: ((id >= 2858158) AND (id <= 2859157))

table 6 : explain SELECT DISTINCT c FROM sbtest6 WHERE id BETWEEN 1866850 AND 1867849 ORDER BY c
	Unique  (cost=4078.76..4083.98 rows=1044 width=121)
	  ->  Sort  (cost=4078.76..4081.37 rows=1044 width=121)
	        Sort Key: c
	        ->  Bitmap Heap Scan on sbtest6  (cost=23.14..4026.42 rows=1044 width=121)
	              Recheck Cond: ((id >= 1866850) AND (id <= 1867849))
	              ->  Bitmap Index Scan on sbtest6_pkey  (cost=0.00..22.87 rows=1044 width=0)
	                    Index Cond: ((id >= 1866850) AND (id <= 1867849))

table 7 : explain SELECT DISTINCT c FROM sbtest7 WHERE id BETWEEN 5872844 AND 5873843 ORDER BY c
	Unique  (cost=4055.82..4061.01 rows=1038 width=121)
	  ->  Sort  (cost=4055.82..4058.41 rows=1038 width=121)
	        Sort Key: c
	        ->  Bitmap Heap Scan on sbtest7  (cost=23.07..4003.81 rows=1038 width=121)
	              Recheck Cond: ((id >= 5872844) AND (id <= 5873843))
	              ->  Bitmap Index Scan on sbtest7_pkey  (cost=0.00..22.82 rows=1038 width=0)
	                    Index Cond: ((id >= 5872844) AND (id <= 5873843))

table 8 : explain SELECT DISTINCT c FROM sbtest8 WHERE id BETWEEN 9859715 AND 9860714 ORDER BY c
	Unique  (cost=3819.14..3824.02 rows=976 width=121)
	  ->  Sort  (cost=3819.14..3821.58 rows=976 width=121)
	        Sort Key: c
	        ->  Bitmap Heap Scan on sbtest8  (cost=22.44..3770.68 rows=976 width=121)
	              Recheck Cond: ((id >= 9859715) AND (id <= 9860714))
	              ->  Bitmap Index Scan on sbtest8_pkey  (cost=0.00..22.19 rows=976 width=0)
	                    Index Cond: ((id >= 9859715) AND (id <= 9860714))

for: order_ranges
table 1 : explain SELECT c FROM sbtest1 WHERE id BETWEEN 6728098 AND 6729097 ORDER BY c
	Sort  (cost=3876.09..3878.57 rows=991 width=121)
	  Sort Key: c
	  ->  Bitmap Heap Scan on sbtest1  (cost=22.59..3826.78 rows=991 width=121)
	        Recheck Cond: ((id >= 6728098) AND (id <= 6729097))
	        ->  Bitmap Index Scan on sbtest1_pkey  (cost=0.00..22.34 rows=991 width=0)
	              Index Cond: ((id >= 6728098) AND (id <= 6729097))

table 2 : explain SELECT c FROM sbtest2 WHERE id BETWEEN 2401486 AND 2402485 ORDER BY c
	Sort  (cost=4171.36..4174.03 rows=1067 width=121)
	  Sort Key: c
	  ->  Bitmap Heap Scan on sbtest2  (cost=27.37..4117.69 rows=1067 width=121)
	        Recheck Cond: ((id >= 2401486) AND (id <= 2402485))
	        ->  Bitmap Index Scan on sbtest2_pkey  (cost=0.00..27.11 rows=1067 width=0)
	              Index Cond: ((id >= 2401486) AND (id <= 2402485))

table 3 : explain SELECT c FROM sbtest3 WHERE id BETWEEN 5863752 AND 5864751 ORDER BY c
	Sort  (cost=3768.19..3770.60 rows=963 width=121)
	  Sort Key: c
	  ->  Bitmap Heap Scan on sbtest3  (cost=22.31..3720.47 rows=963 width=121)
	        Recheck Cond: ((id >= 5863752) AND (id <= 5864751))
	        ->  Bitmap Index Scan on sbtest3_pkey  (cost=0.00..22.07 rows=963 width=0)
	              Index Cond: ((id >= 5863752) AND (id <= 5864751))

table 4 : explain SELECT c FROM sbtest4 WHERE id BETWEEN 4200868 AND 4201867 ORDER BY c
	Sort  (cost=4021.25..4023.83 rows=1029 width=121)
	  Sort Key: c
	  ->  Bitmap Heap Scan on sbtest4  (cost=22.98..3969.77 rows=1029 width=121)
	        Recheck Cond: ((id >= 4200868) AND (id <= 4201867))
	        ->  Bitmap Index Scan on sbtest4_pkey  (cost=0.00..22.72 rows=1029 width=0)
	              Index Cond: ((id >= 4200868) AND (id <= 4201867))

table 5 : explain SELECT c FROM sbtest5 WHERE id BETWEEN 1140311 AND 1141310 ORDER BY c
	Sort  (cost=3915.43..3917.93 rows=1000 width=121)
	  Sort Key: c
	  ->  Bitmap Heap Scan on sbtest5  (cost=26.68..3865.60 rows=1000 width=121)
	        Recheck Cond: ((id >= 1140311) AND (id <= 1141310))
	        ->  Bitmap Index Scan on sbtest5_pkey  (cost=0.00..26.43 rows=1000 width=0)
	              Index Cond: ((id >= 1140311) AND (id <= 1141310))

table 6 : explain SELECT c FROM sbtest6 WHERE id BETWEEN 4337433 AND 4338432 ORDER BY c
	Sort  (cost=3815.07..3817.51 rows=975 width=121)
	  Sort Key: c
	  ->  Bitmap Heap Scan on sbtest6  (cost=22.43..3766.67 rows=975 width=121)
	        Recheck Cond: ((id >= 4337433) AND (id <= 4338432))
	        ->  Bitmap Index Scan on sbtest6_pkey  (cost=0.00..22.18 rows=975 width=0)
	              Index Cond: ((id >= 4337433) AND (id <= 4338432))

table 7 : explain SELECT c FROM sbtest7 WHERE id BETWEEN 2802969 AND 2803968 ORDER BY c
	Sort  (cost=3864.76..3867.23 rows=988 width=121)
	  Sort Key: c
	  ->  Bitmap Heap Scan on sbtest7  (cost=22.56..3815.61 rows=988 width=121)
	        Recheck Cond: ((id >= 2802969) AND (id <= 2803968))
	        ->  Bitmap Index Scan on sbtest7_pkey  (cost=0.00..22.32 rows=988 width=0)
	              Index Cond: ((id >= 2802969) AND (id <= 2803968))

table 8 : explain SELECT c FROM sbtest8 WHERE id BETWEEN 7042057 AND 7043056 ORDER BY c
	Sort  (cost=4079.03..4081.64 rows=1044 width=121)
	  Sort Key: c
	  ->  Bitmap Heap Scan on sbtest8  (cost=23.14..4026.69 rows=1044 width=121)
	        Recheck Cond: ((id >= 7042057) AND (id <= 7043056))
	        ->  Bitmap Index Scan on sbtest8_pkey  (cost=0.00..22.87 rows=1044 width=0)
	              Index Cond: ((id >= 7042057) AND (id <= 7043056))

for: sum_ranges
table 1 : explain SELECT SUM(k) FROM sbtest1 WHERE id BETWEEN 8023404 AND 8024403
	Aggregate  (cost=3621.75..3621.76 rows=1 width=8)
	  ->  Bitmap Heap Scan on sbtest1  (cost=22.03..3619.41 rows=936 width=4)
	        Recheck Cond: ((id >= 8023404) AND (id <= 8024403))
	        ->  Bitmap Index Scan on sbtest1_pkey  (cost=0.00..21.79 rows=936 width=0)
	              Index Cond: ((id >= 8023404) AND (id <= 8024403))

table 2 : explain SELECT SUM(k) FROM sbtest2 WHERE id BETWEEN 4301898 AND 4302897
	Aggregate  (cost=3879.18..3879.19 rows=1 width=8)
	  ->  Bitmap Heap Scan on sbtest2  (cost=22.73..3876.67 rows=1004 width=4)
	        Recheck Cond: ((id >= 4301898) AND (id <= 4302897))
	        ->  Bitmap Index Scan on sbtest2_pkey  (cost=0.00..22.47 rows=1004 width=0)
	              Index Cond: ((id >= 4301898) AND (id <= 4302897))

table 3 : explain SELECT SUM(k) FROM sbtest3 WHERE id BETWEEN 4844907 AND 4845906
	Aggregate  (cost=3896.23..3896.24 rows=1 width=8)
	  ->  Bitmap Heap Scan on sbtest3  (cost=22.78..3893.71 rows=1009 width=4)
	        Recheck Cond: ((id >= 4844907) AND (id <= 4845906))
	        ->  Bitmap Index Scan on sbtest3_pkey  (cost=0.00..22.52 rows=1009 width=0)
	              Index Cond: ((id >= 4844907) AND (id <= 4845906))

table 4 : explain SELECT SUM(k) FROM sbtest4 WHERE id BETWEEN 5905527 AND 5906526
	Aggregate  (cost=3485.67..3485.68 rows=1 width=8)
	  ->  Bitmap Heap Scan on sbtest4  (cost=21.66..3483.42 rows=900 width=4)
	        Recheck Cond: ((id >= 5905527) AND (id <= 5906526))
	        ->  Bitmap Index Scan on sbtest4_pkey  (cost=0.00..21.43 rows=900 width=0)
	              Index Cond: ((id >= 5905527) AND (id <= 5906526))

table 5 : explain SELECT SUM(k) FROM sbtest5 WHERE id BETWEEN 7089992 AND 7090991
	Aggregate  (cost=3376.75..3376.76 rows=1 width=8)
	  ->  Bitmap Heap Scan on sbtest5  (cost=21.36..3374.57 rows=871 width=4)
	        Recheck Cond: ((id >= 7089992) AND (id <= 7090991))
	        ->  Bitmap Index Scan on sbtest5_pkey  (cost=0.00..21.14 rows=871 width=0)
	              Index Cond: ((id >= 7089992) AND (id <= 7090991))

table 6 : explain SELECT SUM(k) FROM sbtest6 WHERE id BETWEEN 8657263 AND 8658262
	Aggregate  (cost=3572.81..3572.82 rows=1 width=8)
	  ->  Bitmap Heap Scan on sbtest6  (cost=21.90..3570.50 rows=923 width=4)
	        Recheck Cond: ((id >= 8657263) AND (id <= 8658262))
	        ->  Bitmap Index Scan on sbtest6_pkey  (cost=0.00..21.66 rows=923 width=0)
	              Index Cond: ((id >= 8657263) AND (id <= 8658262))

table 7 : explain SELECT SUM(k) FROM sbtest7 WHERE id BETWEEN 9288109 AND 9289108
	Aggregate  (cost=3648.31..3648.32 rows=1 width=8)
	  ->  Bitmap Heap Scan on sbtest7  (cost=22.10..3645.95 rows=943 width=4)
	        Recheck Cond: ((id >= 9288109) AND (id <= 9289108))
	        ->  Bitmap Index Scan on sbtest7_pkey  (cost=0.00..21.86 rows=943 width=0)
	              Index Cond: ((id >= 9288109) AND (id <= 9289108))

table 8 : explain SELECT SUM(k) FROM sbtest8 WHERE id BETWEEN 1189714 AND 1190713
	Aggregate  (cost=3576.81..3576.82 rows=1 width=8)
	  ->  Bitmap Heap Scan on sbtest8  (cost=21.91..3574.50 rows=924 width=4)
	        Recheck Cond: ((id >= 1189714) AND (id <= 1190713))
	        ->  Bitmap Index Scan on sbtest8_pkey  (cost=0.00..21.68 rows=924 width=0)
	              Index Cond: ((id >= 1189714) AND (id <= 1190713))

for: sum_ranges
table 1 : explain SELECT SUM(k) FROM sbtest1 WHERE id BETWEEN 4290334 AND 4291333
	Aggregate  (cost=3659.51..3659.52 rows=1 width=8)
	  ->  Bitmap Heap Scan on sbtest1  (cost=22.13..3657.15 rows=946 width=4)
	        Recheck Cond: ((id >= 4290334) AND (id <= 4291333))
	        ->  Bitmap Index Scan on sbtest1_pkey  (cost=0.00..21.89 rows=946 width=0)
	              Index Cond: ((id >= 4290334) AND (id <= 4291333))

table 2 : explain SELECT SUM(k) FROM sbtest2 WHERE id BETWEEN 4345131 AND 4346130
	Aggregate  (cost=3596.15..3596.16 rows=1 width=8)
	  ->  Bitmap Heap Scan on sbtest2  (cost=21.96..3593.82 rows=929 width=4)
	        Recheck Cond: ((id >= 4345131) AND (id <= 4346130))
	        ->  Bitmap Index Scan on sbtest2_pkey  (cost=0.00..21.72 rows=929 width=0)
	              Index Cond: ((id >= 4345131) AND (id <= 4346130))

table 3 : explain SELECT SUM(k) FROM sbtest3 WHERE id BETWEEN 3067756 AND 3068755
	Aggregate  (cost=3783.21..3783.22 rows=1 width=8)
	  ->  Bitmap Heap Scan on sbtest3  (cost=22.47..3780.76 rows=979 width=4)
	        Recheck Cond: ((id >= 3067756) AND (id <= 3068755))
	        ->  Bitmap Index Scan on sbtest3_pkey  (cost=0.00..22.22 rows=979 width=0)
	              Index Cond: ((id >= 3067756) AND (id <= 3068755))

table 4 : explain SELECT SUM(k) FROM sbtest4 WHERE id BETWEEN 6204916 AND 6205915
	Aggregate  (cost=3938.46..3938.47 rows=1 width=8)
	  ->  Bitmap Heap Scan on sbtest4  (cost=22.89..3935.91 rows=1020 width=4)
	        Recheck Cond: ((id >= 6204916) AND (id <= 6205915))
	        ->  Bitmap Index Scan on sbtest4_pkey  (cost=0.00..22.64 rows=1020 width=0)
	              Index Cond: ((id >= 6204916) AND (id <= 6205915))

table 5 : explain SELECT SUM(k) FROM sbtest5 WHERE id BETWEEN 8556398 AND 8557397
	Aggregate  (cost=3868.10..3868.11 rows=1 width=8)
	  ->  Bitmap Heap Scan on sbtest5  (cost=26.68..3865.60 rows=1000 width=4)
	        Recheck Cond: ((id >= 8556398) AND (id <= 8557397))
	        ->  Bitmap Index Scan on sbtest5_pkey  (cost=0.00..26.43 rows=1000 width=0)
	              Index Cond: ((id >= 8556398) AND (id <= 8557397))

table 6 : explain SELECT SUM(k) FROM sbtest6 WHERE id BETWEEN 5828924 AND 5829923
	Aggregate  (cost=4036.55..4036.56 rows=1 width=8)
	  ->  Bitmap Heap Scan on sbtest6  (cost=23.16..4033.94 rows=1046 width=4)
	        Recheck Cond: ((id >= 5828924) AND (id <= 5829923))
	        ->  Bitmap Index Scan on sbtest6_pkey  (cost=0.00..22.89 rows=1046 width=0)
	              Index Cond: ((id >= 5828924) AND (id <= 5829923))

table 7 : explain SELECT SUM(k) FROM sbtest7 WHERE id BETWEEN 229585 AND 230584
	Aggregate  (cost=4051.56..4051.57 rows=1 width=8)
	  ->  Bitmap Heap Scan on sbtest7  (cost=23.20..4048.93 rows=1050 width=4)
	        Recheck Cond: ((id >= 229585) AND (id <= 230584))
	        ->  Bitmap Index Scan on sbtest7_pkey  (cost=0.00..22.93 rows=1050 width=0)
	              Index Cond: ((id >= 229585) AND (id <= 230584))

table 8 : explain SELECT SUM(k) FROM sbtest8 WHERE id BETWEEN 735442 AND 736441
	Aggregate  (cost=4010.48..4010.49 rows=1 width=8)
	  ->  Bitmap Heap Scan on sbtest8  (cost=23.08..4007.89 rows=1039 width=4)
	        Recheck Cond: ((id >= 735442) AND (id <= 736441))
	        ->  Bitmap Index Scan on sbtest8_pkey  (cost=0.00..22.82 rows=1039 width=0)
	              Index Cond: ((id >= 735442) AND (id <= 736441))

for: sum_ranges
table 1 : explain SELECT SUM(k) FROM sbtest1 WHERE id BETWEEN 5277520 AND 5278519
	Aggregate  (cost=3768.93..3768.94 rows=1 width=8)
	  ->  Bitmap Heap Scan on sbtest1  (cost=22.43..3766.49 rows=975 width=4)
	        Recheck Cond: ((id >= 5277520) AND (id <= 5278519))
	        ->  Bitmap Index Scan on sbtest1_pkey  (cost=0.00..22.18 rows=975 width=0)
	              Index Cond: ((id >= 5277520) AND (id <= 5278519))

table 2 : explain SELECT SUM(k) FROM sbtest2 WHERE id BETWEEN 9048473 AND 9049472
	Aggregate  (cost=3747.19..3747.20 rows=1 width=8)
	  ->  Bitmap Heap Scan on sbtest2  (cost=22.37..3744.77 rows=969 width=4)
	        Recheck Cond: ((id >= 9048473) AND (id <= 9049472))
	        ->  Bitmap Index Scan on sbtest2_pkey  (cost=0.00..22.12 rows=969 width=0)
	              Index Cond: ((id >= 9048473) AND (id <= 9049472))

table 3 : explain SELECT SUM(k) FROM sbtest3 WHERE id BETWEEN 9831872 AND 9832871
	Aggregate  (cost=3873.63..3873.64 rows=1 width=8)
	  ->  Bitmap Heap Scan on sbtest3  (cost=22.72..3871.13 rows=1003 width=4)
	        Recheck Cond: ((id >= 9831872) AND (id <= 9832871))
	        ->  Bitmap Index Scan on sbtest3_pkey  (cost=0.00..22.46 rows=1003 width=0)
	              Index Cond: ((id >= 9831872) AND (id <= 9832871))

table 4 : explain SELECT SUM(k) FROM sbtest4 WHERE id BETWEEN 7113004 AND 7114003
	Aggregate  (cost=4092.73..4092.74 rows=1 width=8)
	  ->  Bitmap Heap Scan on sbtest4  (cost=23.31..4090.07 rows=1061 width=4)
	        Recheck Cond: ((id >= 7113004) AND (id <= 7114003))
	        ->  Bitmap Index Scan on sbtest4_pkey  (cost=0.00..23.04 rows=1061 width=0)
	              Index Cond: ((id >= 7113004) AND (id <= 7114003))

table 5 : explain SELECT SUM(k) FROM sbtest5 WHERE id BETWEEN 2923334 AND 2924333
	Aggregate  (cost=3671.69..3671.70 rows=1 width=8)
	  ->  Bitmap Heap Scan on sbtest5  (cost=22.16..3669.32 rows=949 width=4)
	        Recheck Cond: ((id >= 2923334) AND (id <= 2924333))
	        ->  Bitmap Index Scan on sbtest5_pkey  (cost=0.00..21.93 rows=949 width=0)
	              Index Cond: ((id >= 2923334) AND (id <= 2924333))

table 6 : explain SELECT SUM(k) FROM sbtest6 WHERE id BETWEEN 6005635 AND 6006634
	Aggregate  (cost=3451.83..3451.84 rows=1 width=8)
	  ->  Bitmap Heap Scan on sbtest6  (cost=21.57..3449.60 rows=891 width=4)
	        Recheck Cond: ((id >= 6005635) AND (id <= 6006634))
	        ->  Bitmap Index Scan on sbtest6_pkey  (cost=0.00..21.34 rows=891 width=0)
	              Index Cond: ((id >= 6005635) AND (id <= 6006634))

table 7 : explain SELECT SUM(k) FROM sbtest7 WHERE id BETWEEN 8643864 AND 8644863
	Aggregate  (cost=3949.95..3949.96 rows=1 width=8)
	  ->  Bitmap Heap Scan on sbtest7  (cost=22.92..3947.39 rows=1023 width=4)
	        Recheck Cond: ((id >= 8643864) AND (id <= 8644863))
	        ->  Bitmap Index Scan on sbtest7_pkey  (cost=0.00..22.66 rows=1023 width=0)
	              Index Cond: ((id >= 8643864) AND (id <= 8644863))

table 8 : explain SELECT SUM(k) FROM sbtest8 WHERE id BETWEEN 7392098 AND 7393097
	Aggregate  (cost=3814.60..3814.61 rows=1 width=8)
	  ->  Bitmap Heap Scan on sbtest8  (cost=22.55..3812.13 rows=987 width=4)
	        Recheck Cond: ((id >= 7392098) AND (id <= 7393097))
	        ->  Bitmap Index Scan on sbtest8_pkey  (cost=0.00..22.30 rows=987 width=0)
	              Index Cond: ((id >= 7392098) AND (id <= 7393097))

for: distinct_ranges
table 1 : explain SELECT DISTINCT c FROM sbtest1 WHERE id BETWEEN 5079709 AND 5080708 ORDER BY c
	Unique  (cost=3849.32..3854.24 rows=984 width=121)
	  ->  Sort  (cost=3849.32..3851.78 rows=984 width=121)
	        Sort Key: c
	        ->  Bitmap Heap Scan on sbtest1  (cost=22.52..3800.41 rows=984 width=121)
	              Recheck Cond: ((id >= 5079709) AND (id <= 5080708))
	              ->  Bitmap Index Scan on sbtest1_pkey  (cost=0.00..22.27 rows=984 width=0)
	                    Index Cond: ((id >= 5079709) AND (id <= 5080708))

table 2 : explain SELECT DISTINCT c FROM sbtest2 WHERE id BETWEEN 3036913 AND 3037912 ORDER BY c
	Unique  (cost=3877.01..3881.96 rows=991 width=121)
	  ->  Sort  (cost=3877.01..3879.49 rows=991 width=121)
	        Sort Key: c
	        ->  Bitmap Heap Scan on sbtest2  (cost=22.59..3827.69 rows=991 width=121)
	              Recheck Cond: ((id >= 3036913) AND (id <= 3037912))
	              ->  Bitmap Index Scan on sbtest2_pkey  (cost=0.00..22.34 rows=991 width=0)
	                    Index Cond: ((id >= 3036913) AND (id <= 3037912))

table 3 : explain SELECT DISTINCT c FROM sbtest3 WHERE id BETWEEN 283918 AND 284917 ORDER BY c
	Unique  (cost=3894.38..3899.36 rows=996 width=121)
	  ->  Sort  (cost=3894.38..3896.87 rows=996 width=121)
	        Sort Key: c
	        ->  Bitmap Heap Scan on sbtest3  (cost=22.64..3844.78 rows=996 width=121)
	              Recheck Cond: ((id >= 283918) AND (id <= 284917))
	              ->  Bitmap Index Scan on sbtest3_pkey  (cost=0.00..22.39 rows=996 width=0)
	                    Index Cond: ((id >= 283918) AND (id <= 284917))

table 4 : explain SELECT DISTINCT c FROM sbtest4 WHERE id BETWEEN 1869143 AND 1870142 ORDER BY c
	Unique  (cost=3952.49..3957.55 rows=1011 width=121)
	  ->  Sort  (cost=3952.49..3955.02 rows=1011 width=121)
	        Sort Key: c
	        ->  Bitmap Heap Scan on sbtest4  (cost=22.80..3902.04 rows=1011 width=121)
	              Recheck Cond: ((id >= 1869143) AND (id <= 1870142))
	              ->  Bitmap Index Scan on sbtest4_pkey  (cost=0.00..22.54 rows=1011 width=0)
	                    Index Cond: ((id >= 1869143) AND (id <= 1870142))

table 5 : explain SELECT DISTINCT c FROM sbtest5 WHERE id BETWEEN 6715328 AND 6716327 ORDER BY c
	Unique  (cost=3754.54..3759.34 rows=959 width=121)
	  ->  Sort  (cost=3754.54..3756.94 rows=959 width=121)
	        Sort Key: c
	        ->  Bitmap Heap Scan on sbtest5  (cost=22.26..3707.05 rows=959 width=121)
	              Recheck Cond: ((id >= 6715328) AND (id <= 6716327))
	              ->  Bitmap Index Scan on sbtest5_pkey  (cost=0.00..22.02 rows=959 width=0)
	                    Index Cond: ((id >= 6715328) AND (id <= 6716327))

table 6 : explain SELECT DISTINCT c FROM sbtest6 WHERE id BETWEEN 925681 AND 926680 ORDER BY c
	Unique  (cost=3964.19..3969.26 rows=1014 width=121)
	  ->  Sort  (cost=3964.19..3966.72 rows=1014 width=121)
	        Sort Key: c
	        ->  Bitmap Heap Scan on sbtest6  (cost=22.83..3913.56 rows=1014 width=121)
	              Recheck Cond: ((id >= 925681) AND (id <= 926680))
	              ->  Bitmap Index Scan on sbtest6_pkey  (cost=0.00..22.57 rows=1014 width=0)
	                    Index Cond: ((id >= 925681) AND (id <= 926680))

table 7 : explain SELECT DISTINCT c FROM sbtest7 WHERE id BETWEEN 5528143 AND 5529142 ORDER BY c
	Unique  (cost=3543.08..3547.60 rows=904 width=121)
	  ->  Sort  (cost=3543.08..3545.34 rows=904 width=121)
	        Sort Key: c
	        ->  Bitmap Heap Scan on sbtest7  (cost=21.70..3498.70 rows=904 width=121)
	              Recheck Cond: ((id >= 5528143) AND (id <= 5529142))
	              ->  Bitmap Index Scan on sbtest7_pkey  (cost=0.00..21.47 rows=904 width=0)
	                    Index Cond: ((id >= 5528143) AND (id <= 5529142))

table 8 : explain SELECT DISTINCT c FROM sbtest8 WHERE id BETWEEN 21570 AND 22569 ORDER BY c
	Unique  (cost=3995.01..4000.12 rows=1022 width=121)
	  ->  Sort  (cost=3995.01..3997.57 rows=1022 width=121)
	        Sort Key: c
	        ->  Bitmap Heap Scan on sbtest8  (cost=22.91..3943.93 rows=1022 width=121)
	              Recheck Cond: ((id >= 21570) AND (id <= 22569))
	              ->  Bitmap Index Scan on sbtest8_pkey  (cost=0.00..22.65 rows=1022 width=0)
	                    Index Cond: ((id >= 21570) AND (id <= 22569))

for: order_ranges
table 1 : explain SELECT c FROM sbtest1 WHERE id BETWEEN 1870690 AND 1871689 ORDER BY c
	Sort  (cost=3925.79..3928.30 rows=1004 width=121)
	  Sort Key: c
	  ->  Bitmap Heap Scan on sbtest1  (cost=22.73..3875.73 rows=1004 width=121)
	        Recheck Cond: ((id >= 1870690) AND (id <= 1871689))
	        ->  Bitmap Index Scan on sbtest1_pkey  (cost=0.00..22.47 rows=1004 width=0)
	              Index Cond: ((id >= 1870690) AND (id <= 1871689))

table 2 : explain SELECT c FROM sbtest2 WHERE id BETWEEN 6979150 AND 6980149 ORDER BY c
	Sort  (cost=4419.23..4422.06 rows=1133 width=121)
	  Sort Key: c
	  ->  Bitmap Heap Scan on sbtest2  (cost=28.05..4361.75 rows=1133 width=121)
	        Recheck Cond: ((id >= 6979150) AND (id <= 6980149))
	        ->  Bitmap Index Scan on sbtest2_pkey  (cost=0.00..27.76 rows=1133 width=0)
	              Index Cond: ((id >= 6979150) AND (id <= 6980149))

table 3 : explain SELECT c FROM sbtest3 WHERE id BETWEEN 9188503 AND 9189502 ORDER BY c
	Sort  (cost=3484.73..3486.95 rows=889 width=121)
	  Sort Key: c
	  ->  Bitmap Heap Scan on sbtest3  (cost=21.55..3441.19 rows=889 width=121)
	        Recheck Cond: ((id >= 9188503) AND (id <= 9189502))
	        ->  Bitmap Index Scan on sbtest3_pkey  (cost=0.00..21.32 rows=889 width=0)
	              Index Cond: ((id >= 9188503) AND (id <= 9189502))

table 4 : explain SELECT c FROM sbtest4 WHERE id BETWEEN 3764846 AND 3765845 ORDER BY c
	Sort  (cost=3910.45..3912.95 rows=1000 width=121)
	  Sort Key: c
	  ->  Bitmap Heap Scan on sbtest4  (cost=22.68..3860.62 rows=1000 width=121)
	        Recheck Cond: ((id >= 3764846) AND (id <= 3765845))
	        ->  Bitmap Index Scan on sbtest4_pkey  (cost=0.00..22.43 rows=1000 width=0)
	              Index Cond: ((id >= 3764846) AND (id <= 3765845))

table 5 : explain SELECT c FROM sbtest5 WHERE id BETWEEN 6534157 AND 6535156 ORDER BY c
	Sort  (cost=4400.18..4403.00 rows=1128 width=121)
	  Sort Key: c
	  ->  Bitmap Heap Scan on sbtest5  (cost=28.00..4342.99 rows=1128 width=121)
	        Recheck Cond: ((id >= 6534157) AND (id <= 6535156))
	        ->  Bitmap Index Scan on sbtest5_pkey  (cost=0.00..27.71 rows=1128 width=0)
	              Index Cond: ((id >= 6534157) AND (id <= 6535156))

table 6 : explain SELECT c FROM sbtest6 WHERE id BETWEEN 2127793 AND 2128792 ORDER BY c
	Sort  (cost=3715.56..3717.93 rows=949 width=121)
	  Sort Key: c
	  ->  Bitmap Heap Scan on sbtest6  (cost=22.16..3668.63 rows=949 width=121)
	        Recheck Cond: ((id >= 2127793) AND (id <= 2128792))
	        ->  Bitmap Index Scan on sbtest6_pkey  (cost=0.00..21.93 rows=949 width=0)
	              Index Cond: ((id >= 2127793) AND (id <= 2128792))

table 7 : explain SELECT c FROM sbtest7 WHERE id BETWEEN 6115461 AND 6116460 ORDER BY c
	Sort  (cost=3952.68..3955.21 rows=1011 width=121)
	  Sort Key: c
	  ->  Bitmap Heap Scan on sbtest7  (cost=22.80..3902.23 rows=1011 width=121)
	        Recheck Cond: ((id >= 6115461) AND (id <= 6116460))
	        ->  Bitmap Index Scan on sbtest7_pkey  (cost=0.00..22.54 rows=1011 width=0)
	              Index Cond: ((id >= 6115461) AND (id <= 6116460))

table 8 : explain SELECT c FROM sbtest8 WHERE id BETWEEN 4584787 AND 4585786 ORDER BY c
	Sort  (cost=3907.11..3909.61 rows=999 width=121)
	  Sort Key: c
	  ->  Bitmap Heap Scan on sbtest8  (cost=22.67..3857.34 rows=999 width=121)
	        Recheck Cond: ((id >= 4584787) AND (id <= 4585786))
	        ->  Bitmap Index Scan on sbtest8_pkey  (cost=0.00..22.43 rows=999 width=0)
	              Index Cond: ((id >= 4584787) AND (id <= 4585786))

for: distinct_ranges
table 1 : explain SELECT DISTINCT c FROM sbtest1 WHERE id BETWEEN 8712755 AND 8713754 ORDER BY c
	Unique  (cost=4074.76..4079.97 rows=1043 width=121)
	  ->  Sort  (cost=4074.76..4077.36 rows=1043 width=121)
	        Sort Key: c
	        ->  Bitmap Heap Scan on sbtest1  (cost=23.13..4022.47 rows=1043 width=121)
	              Recheck Cond: ((id >= 8712755) AND (id <= 8713754))
	              ->  Bitmap Index Scan on sbtest1_pkey  (cost=0.00..22.86 rows=1043 width=0)
	                    Index Cond: ((id >= 8712755) AND (id <= 8713754))

table 2 : explain SELECT DISTINCT c FROM sbtest2 WHERE id BETWEEN 4638984 AND 4639983 ORDER BY c
	Unique  (cost=4281.97..4287.45 rows=1096 width=121)
	  ->  Sort  (cost=4281.97..4284.71 rows=1096 width=121)
	        Sort Key: c
	        ->  Bitmap Heap Scan on sbtest2  (cost=27.67..4226.63 rows=1096 width=121)
	              Recheck Cond: ((id >= 4638984) AND (id <= 4639983))
	              ->  Bitmap Index Scan on sbtest2_pkey  (cost=0.00..27.39 rows=1096 width=0)
	                    Index Cond: ((id >= 4638984) AND (id <= 4639983))

table 3 : explain SELECT DISTINCT c FROM sbtest3 WHERE id BETWEEN 9232569 AND 9233568 ORDER BY c
	Unique  (cost=4020.43..4025.57 rows=1029 width=121)
	  ->  Sort  (cost=4020.43..4023.00 rows=1029 width=121)
	        Sort Key: c
	        ->  Bitmap Heap Scan on sbtest3  (cost=22.98..3968.94 rows=1029 width=121)
	              Recheck Cond: ((id >= 9232569) AND (id <= 9233568))
	              ->  Bitmap Index Scan on sbtest3_pkey  (cost=0.00..22.72 rows=1029 width=0)
	                    Index Cond: ((id >= 9232569) AND (id <= 9233568))

table 4 : explain SELECT DISTINCT c FROM sbtest4 WHERE id BETWEEN 317603 AND 318602 ORDER BY c
	Unique  (cost=3680.88..3685.58 rows=940 width=121)
	  ->  Sort  (cost=3680.88..3683.23 rows=940 width=121)
	        Sort Key: c
	        ->  Bitmap Heap Scan on sbtest4  (cost=22.07..3634.46 rows=940 width=121)
	              Recheck Cond: ((id >= 317603) AND (id <= 318602))
	              ->  Bitmap Index Scan on sbtest4_pkey  (cost=0.00..21.83 rows=940 width=0)
	                    Index Cond: ((id >= 317603) AND (id <= 318602))

table 5 : explain SELECT DISTINCT c FROM sbtest5 WHERE id BETWEEN 1526803 AND 1527802 ORDER BY c
	Unique  (cost=3631.95..3636.59 rows=927 width=121)
	  ->  Sort  (cost=3631.95..3634.27 rows=927 width=121)
	        Sort Key: c
	        ->  Bitmap Heap Scan on sbtest5  (cost=21.94..3586.27 rows=927 width=121)
	              Recheck Cond: ((id >= 1526803) AND (id <= 1527802))
	              ->  Bitmap Index Scan on sbtest5_pkey  (cost=0.00..21.70 rows=927 width=0)
	                    Index Cond: ((id >= 1526803) AND (id <= 1527802))

table 6 : explain SELECT DISTINCT c FROM sbtest6 WHERE id BETWEEN 5009888 AND 5010887 ORDER BY c
	Unique  (cost=4521.07..4526.87 rows=1160 width=121)
	  ->  Sort  (cost=4521.07..4523.97 rows=1160 width=121)
	        Sort Key: c
	        ->  Bitmap Heap Scan on sbtest6  (cost=28.32..4462.03 rows=1160 width=121)
	              Recheck Cond: ((id >= 5009888) AND (id <= 5010887))
	              ->  Bitmap Index Scan on sbtest6_pkey  (cost=0.00..28.04 rows=1160 width=0)
	                    Index Cond: ((id >= 5009888) AND (id <= 5010887))

table 7 : explain SELECT DISTINCT c FROM sbtest7 WHERE id BETWEEN 469189 AND 470188 ORDER BY c
	Unique  (cost=3925.93..3930.95 rows=1004 width=121)
	  ->  Sort  (cost=3925.93..3928.44 rows=1004 width=121)
	        Sort Key: c
	        ->  Bitmap Heap Scan on sbtest7  (cost=22.73..3875.87 rows=1004 width=121)
	              Recheck Cond: ((id >= 469189) AND (id <= 470188))
	              ->  Bitmap Index Scan on sbtest7_pkey  (cost=0.00..22.47 rows=1004 width=0)
	                    Index Cond: ((id >= 469189) AND (id <= 470188))

table 8 : explain SELECT DISTINCT c FROM sbtest8 WHERE id BETWEEN 9232576 AND 9233575 ORDER BY c
	Unique  (cost=3899.46..3904.45 rows=997 width=121)
	  ->  Sort  (cost=3899.46..3901.96 rows=997 width=121)
	        Sort Key: c
	        ->  Bitmap Heap Scan on sbtest8  (cost=22.65..3849.81 rows=997 width=121)
	              Recheck Cond: ((id >= 9232576) AND (id <= 9233575))
	              ->  Bitmap Index Scan on sbtest8_pkey  (cost=0.00..22.40 rows=997 width=0)
	                    Index Cond: ((id >= 9232576) AND (id <= 9233575))

for: sum_ranges
table 1 : explain SELECT SUM(k) FROM sbtest1 WHERE id BETWEEN 9139941 AND 9140940
	Aggregate  (cost=3825.49..3825.50 rows=1 width=8)
	  ->  Bitmap Heap Scan on sbtest1  (cost=22.58..3823.01 rows=990 width=4)
	        Recheck Cond: ((id >= 9139941) AND (id <= 9140940))
	        ->  Bitmap Index Scan on sbtest1_pkey  (cost=0.00..22.33 rows=990 width=0)
	              Index Cond: ((id >= 9139941) AND (id <= 9140940))

table 2 : explain SELECT SUM(k) FROM sbtest2 WHERE id BETWEEN 1753645 AND 1754644
	Aggregate  (cost=3867.87..3867.88 rows=1 width=8)
	  ->  Bitmap Heap Scan on sbtest2  (cost=22.70..3865.37 rows=1001 width=4)
	        Recheck Cond: ((id >= 1753645) AND (id <= 1754644))
	        ->  Bitmap Index Scan on sbtest2_pkey  (cost=0.00..22.44 rows=1001 width=0)
	              Index Cond: ((id >= 1753645) AND (id <= 1754644))

table 3 : explain SELECT SUM(k) FROM sbtest3 WHERE id BETWEEN 142324 AND 143323
	Aggregate  (cost=3930.11..3930.12 rows=1 width=8)
	  ->  Bitmap Heap Scan on sbtest3  (cost=22.87..3927.57 rows=1018 width=4)
	        Recheck Cond: ((id >= 142324) AND (id <= 143323))
	        ->  Bitmap Index Scan on sbtest3_pkey  (cost=0.00..22.61 rows=1018 width=0)
	              Index Cond: ((id >= 142324) AND (id <= 143323))

table 4 : explain SELECT SUM(k) FROM sbtest4 WHERE id BETWEEN 2301499 AND 2302498
	Aggregate  (cost=3840.51..3840.52 rows=1 width=8)
	  ->  Bitmap Heap Scan on sbtest4  (cost=22.62..3838.03 rows=994 width=4)
	        Recheck Cond: ((id >= 2301499) AND (id <= 2302498))
	        ->  Bitmap Index Scan on sbtest4_pkey  (cost=0.00..22.37 rows=994 width=0)
	              Index Cond: ((id >= 2301499) AND (id <= 2302498))

table 5 : explain SELECT SUM(k) FROM sbtest5 WHERE id BETWEEN 2129343 AND 2130342
	Aggregate  (cost=4312.03..4312.04 rows=1 width=8)
	  ->  Bitmap Heap Scan on sbtest5  (cost=27.90..4309.23 rows=1119 width=4)
	        Recheck Cond: ((id >= 2129343) AND (id <= 2130342))
	        ->  Bitmap Index Scan on sbtest5_pkey  (cost=0.00..27.62 rows=1119 width=0)
	              Index Cond: ((id >= 2129343) AND (id <= 2130342))

table 6 : explain SELECT SUM(k) FROM sbtest6 WHERE id BETWEEN 9014667 AND 9015666
	Aggregate  (cost=3659.67..3659.68 rows=1 width=8)
	  ->  Bitmap Heap Scan on sbtest6  (cost=22.13..3657.31 rows=946 width=4)
	        Recheck Cond: ((id >= 9014667) AND (id <= 9015666))
	        ->  Bitmap Index Scan on sbtest6_pkey  (cost=0.00..21.89 rows=946 width=0)
	              Index Cond: ((id >= 9014667) AND (id <= 9015666))

table 7 : explain SELECT SUM(k) FROM sbtest7 WHERE id BETWEEN 3151888 AND 3152887
	Aggregate  (cost=4032.75..4032.76 rows=1 width=8)
	  ->  Bitmap Heap Scan on sbtest7  (cost=23.15..4030.14 rows=1045 width=4)
	        Recheck Cond: ((id >= 3151888) AND (id <= 3152887))
	        ->  Bitmap Index Scan on sbtest7_pkey  (cost=0.00..22.89 rows=1045 width=0)
	              Index Cond: ((id >= 3151888) AND (id <= 3152887))

table 8 : explain SELECT SUM(k) FROM sbtest8 WHERE id BETWEEN 1084374 AND 1085373
	Aggregate  (cost=3920.12..3920.13 rows=1 width=8)
	  ->  Bitmap Heap Scan on sbtest8  (cost=22.84..3917.58 rows=1015 width=4)
	        Recheck Cond: ((id >= 1084374) AND (id <= 1085373))
	        ->  Bitmap Index Scan on sbtest8_pkey  (cost=0.00..22.58 rows=1015 width=0)
	              Index Cond: ((id >= 1084374) AND (id <= 1085373))

explain: for point_selects :: explain SELECT c FROM sbtest%u WHERE id=%u
for: distinct_ranges
table 1 : explain SELECT DISTINCT c FROM sbtest1 WHERE id BETWEEN 4890543 AND 4891542 ORDER BY c
	Unique  (cost=3937.26..3942.29 rows=1007 width=121)
	  ->  Sort  (cost=3937.26..3939.77 rows=1007 width=121)
	        Sort Key: c
	        ->  Bitmap Heap Scan on sbtest1  (cost=22.76..3887.03 rows=1007 width=121)
	              Recheck Cond: ((id >= 4890543) AND (id <= 4891542))
	              ->  Bitmap Index Scan on sbtest1_pkey  (cost=0.00..22.50 rows=1007 width=0)
	                    Index Cond: ((id >= 4890543) AND (id <= 4891542))

table 2 : explain SELECT DISTINCT c FROM sbtest2 WHERE id BETWEEN 2755963 AND 2756962 ORDER BY c
	Unique  (cost=3727.74..3732.50 rows=952 width=121)
	  ->  Sort  (cost=3727.74..3730.12 rows=952 width=121)
	        Sort Key: c
	        ->  Bitmap Heap Scan on sbtest2  (cost=22.19..3680.64 rows=952 width=121)
	              Recheck Cond: ((id >= 2755963) AND (id <= 2756962))
	              ->  Bitmap Index Scan on sbtest2_pkey  (cost=0.00..21.95 rows=952 width=0)
	                    Index Cond: ((id >= 2755963) AND (id <= 2756962))

table 3 : explain SELECT DISTINCT c FROM sbtest3 WHERE id BETWEEN 6324610 AND 6325609 ORDER BY c
	Unique  (cost=4050.97..4056.15 rows=1037 width=121)
	  ->  Sort  (cost=4050.97..4053.56 rows=1037 width=121)
	        Sort Key: c
	        ->  Bitmap Heap Scan on sbtest3  (cost=23.06..3999.02 rows=1037 width=121)
	              Recheck Cond: ((id >= 6324610) AND (id <= 6325609))
	              ->  Bitmap Index Scan on sbtest3_pkey  (cost=0.00..22.80 rows=1037 width=0)
	                    Index Cond: ((id >= 6324610) AND (id <= 6325609))

table 4 : explain SELECT DISTINCT c FROM sbtest4 WHERE id BETWEEN 4354645 AND 4355644 ORDER BY c
	Unique  (cost=4227.30..4232.71 rows=1083 width=121)
	  ->  Sort  (cost=4227.30..4230.01 rows=1083 width=121)
	        Sort Key: c
	        ->  Bitmap Heap Scan on sbtest4  (cost=23.54..4172.71 rows=1083 width=121)
	              Recheck Cond: ((id >= 4354645) AND (id <= 4355644))
	              ->  Bitmap Index Scan on sbtest4_pkey  (cost=0.00..23.26 rows=1083 width=0)
	                    Index Cond: ((id >= 4354645) AND (id <= 4355644))

table 5 : explain SELECT DISTINCT c FROM sbtest5 WHERE id BETWEEN 9822958 AND 9823957 ORDER BY c
	Unique  (cost=4083.56..4088.78 rows=1044 width=121)
	  ->  Sort  (cost=4083.56..4086.17 rows=1044 width=121)
	        Sort Key: c
	        ->  Bitmap Heap Scan on sbtest5  (cost=27.14..4031.22 rows=1044 width=121)
	              Recheck Cond: ((id >= 9822958) AND (id <= 9823957))
	              ->  Bitmap Index Scan on sbtest5_pkey  (cost=0.00..26.87 rows=1044 width=0)
	                    Index Cond: ((id >= 9822958) AND (id <= 9823957))

table 6 : explain SELECT DISTINCT c FROM sbtest6 WHERE id BETWEEN 5669837 AND 5670836 ORDER BY c
	Unique  (cost=3994.75..3999.86 rows=1022 width=121)
	  ->  Sort  (cost=3994.75..3997.31 rows=1022 width=121)
	        Sort Key: c
	        ->  Bitmap Heap Scan on sbtest6  (cost=22.91..3943.66 rows=1022 width=121)
	              Recheck Cond: ((id >= 5669837) AND (id <= 5670836))
	              ->  Bitmap Index Scan on sbtest6_pkey  (cost=0.00..22.65 rows=1022 width=0)
	                    Index Cond: ((id >= 5669837) AND (id <= 5670836))

table 7 : explain SELECT DISTINCT c FROM sbtest7 WHERE id BETWEEN 2298763 AND 2299762 ORDER BY c
	Unique  (cost=4048.18..4053.36 rows=1036 width=121)
	  ->  Sort  (cost=4048.18..4050.77 rows=1036 width=121)
	        Sort Key: c
	        ->  Bitmap Heap Scan on sbtest7  (cost=23.05..3996.29 rows=1036 width=121)
	              Recheck Cond: ((id >= 2298763) AND (id <= 2299762))
	              ->  Bitmap Index Scan on sbtest7_pkey  (cost=0.00..22.79 rows=1036 width=0)
	                    Index Cond: ((id >= 2298763) AND (id <= 2299762))

table 8 : explain SELECT DISTINCT c FROM sbtest8 WHERE id BETWEEN 8417099 AND 8418098 ORDER BY c
	Unique  (cost=4040.85..4046.02 rows=1034 width=121)
	  ->  Sort  (cost=4040.85..4043.44 rows=1034 width=121)
	        Sort Key: c
	        ->  Bitmap Heap Scan on sbtest8  (cost=23.03..3989.08 rows=1034 width=121)
	              Recheck Cond: ((id >= 8417099) AND (id <= 8418098))
	              ->  Bitmap Index Scan on sbtest8_pkey  (cost=0.00..22.77 rows=1034 width=0)
	                    Index Cond: ((id >= 8417099) AND (id <= 8418098))

for: order_ranges
table 1 : explain SELECT c FROM sbtest1 WHERE id BETWEEN 6024456 AND 6025455 ORDER BY c
	Sort  (cost=3688.59..3690.94 rows=942 width=121)
	  Sort Key: c
	  ->  Bitmap Heap Scan on sbtest1  (cost=22.09..3642.05 rows=942 width=121)
	        Recheck Cond: ((id >= 6024456) AND (id <= 6025455))
	        ->  Bitmap Index Scan on sbtest1_pkey  (cost=0.00..21.86 rows=942 width=0)
	              Index Cond: ((id >= 6024456) AND (id <= 6025455))

table 2 : explain SELECT c FROM sbtest2 WHERE id BETWEEN 4928827 AND 4929826 ORDER BY c
	Sort  (cost=3800.49..3802.91 rows=971 width=121)
	  Sort Key: c
	  ->  Bitmap Heap Scan on sbtest2  (cost=22.39..3752.31 rows=971 width=121)
	        Recheck Cond: ((id >= 4928827) AND (id <= 4929826))
	        ->  Bitmap Index Scan on sbtest2_pkey  (cost=0.00..22.14 rows=971 width=0)
	              Index Cond: ((id >= 4928827) AND (id <= 4929826))

table 3 : explain SELECT c FROM sbtest3 WHERE id BETWEEN 4161656 AND 4162655 ORDER BY c
	Sort  (cost=3741.41..3743.80 rows=956 width=121)
	  Sort Key: c
	  ->  Bitmap Heap Scan on sbtest3  (cost=22.23..3694.08 rows=956 width=121)
	        Recheck Cond: ((id >= 4161656) AND (id <= 4162655))
	        ->  Bitmap Index Scan on sbtest3_pkey  (cost=0.00..22.00 rows=956 width=0)
	              Index Cond: ((id >= 4161656) AND (id <= 4162655))

table 4 : explain SELECT c FROM sbtest4 WHERE id BETWEEN 8736932 AND 8737931 ORDER BY c
	Sort  (cost=4025.07..4027.65 rows=1030 width=121)
	  Sort Key: c
	  ->  Bitmap Heap Scan on sbtest4  (cost=22.99..3973.53 rows=1030 width=121)
	        Recheck Cond: ((id >= 8736932) AND (id <= 8737931))
	        ->  Bitmap Index Scan on sbtest4_pkey  (cost=0.00..22.73 rows=1030 width=0)
	              Index Cond: ((id >= 8736932) AND (id <= 8737931))

table 5 : explain SELECT c FROM sbtest5 WHERE id BETWEEN 9138989 AND 9139988 ORDER BY c
	Sort  (cost=3681.77..3684.12 rows=940 width=121)
	  Sort Key: c
	  ->  Bitmap Heap Scan on sbtest5  (cost=22.07..3635.35 rows=940 width=121)
	        Recheck Cond: ((id >= 9138989) AND (id <= 9139988))
	        ->  Bitmap Index Scan on sbtest5_pkey  (cost=0.00..21.83 rows=940 width=0)
	              Index Cond: ((id >= 9138989) AND (id <= 9139988))

table 6 : explain SELECT c FROM sbtest6 WHERE id BETWEEN 884499 AND 885498 ORDER BY c
	Sort  (cost=3577.63..3579.91 rows=913 width=121)
	  Sort Key: c
	  ->  Bitmap Heap Scan on sbtest6  (cost=21.79..3532.73 rows=913 width=121)
	        Recheck Cond: ((id >= 884499) AND (id <= 885498))
	        ->  Bitmap Index Scan on sbtest6_pkey  (cost=0.00..21.57 rows=913 width=0)
	              Index Cond: ((id >= 884499) AND (id <= 885498))

table 7 : explain SELECT c FROM sbtest7 WHERE id BETWEEN 944269 AND 945268 ORDER BY c
	Sort  (cost=4170.30..4172.97 rows=1068 width=121)
	  Sort Key: c
	  ->  Bitmap Heap Scan on sbtest7  (cost=23.38..4116.58 rows=1068 width=121)
	        Recheck Cond: ((id >= 944269) AND (id <= 945268))
	        ->  Bitmap Index Scan on sbtest7_pkey  (cost=0.00..23.11 rows=1068 width=0)
	              Index Cond: ((id >= 944269) AND (id <= 945268))

table 8 : explain SELECT c FROM sbtest8 WHERE id BETWEEN 4141039 AND 4142038 ORDER BY c
	Sort  (cost=3765.56..3767.97 rows=962 width=121)
	  Sort Key: c
	  ->  Bitmap Heap Scan on sbtest8  (cost=22.30..3717.90 rows=962 width=121)
	        Recheck Cond: ((id >= 4141039) AND (id <= 4142038))
	        ->  Bitmap Index Scan on sbtest8_pkey  (cost=0.00..22.05 rows=962 width=0)
	              Index Cond: ((id >= 4141039) AND (id <= 4142038))

for: distinct_ranges
table 1 : explain SELECT DISTINCT c FROM sbtest1 WHERE id BETWEEN 1259286 AND 1260285 ORDER BY c
	Unique  (cost=3983.11..3988.20 rows=1019 width=121)
	  ->  Sort  (cost=3983.11..3985.65 rows=1019 width=121)
	        Sort Key: c
	        ->  Bitmap Heap Scan on sbtest1  (cost=22.88..3932.19 rows=1019 width=121)
	              Recheck Cond: ((id >= 1259286) AND (id <= 1260285))
	              ->  Bitmap Index Scan on sbtest1_pkey  (cost=0.00..22.62 rows=1019 width=0)
	                    Index Cond: ((id >= 1259286) AND (id <= 1260285))

table 2 : explain SELECT DISTINCT c FROM sbtest2 WHERE id BETWEEN 8849585 AND 8850584 ORDER BY c
	Unique  (cost=4037.55..4042.72 rows=1033 width=121)
	  ->  Sort  (cost=4037.55..4040.14 rows=1033 width=121)
	        Sort Key: c
	        ->  Bitmap Heap Scan on sbtest2  (cost=23.02..3985.84 rows=1033 width=121)
	              Recheck Cond: ((id >= 8849585) AND (id <= 8850584))
	              ->  Bitmap Index Scan on sbtest2_pkey  (cost=0.00..22.76 rows=1033 width=0)
	                    Index Cond: ((id >= 8849585) AND (id <= 8850584))

table 3 : explain SELECT DISTINCT c FROM sbtest3 WHERE id BETWEEN 83226 AND 84225 ORDER BY c
	Unique  (cost=3932.59..3937.62 rows=1006 width=121)
	  ->  Sort  (cost=3932.59..3935.10 rows=1006 width=121)
	        Sort Key: c
	        ->  Bitmap Heap Scan on sbtest3  (cost=22.75..3882.42 rows=1006 width=121)
	              Recheck Cond: ((id >= 83226) AND (id <= 84225))
	              ->  Bitmap Index Scan on sbtest3_pkey  (cost=0.00..22.50 rows=1006 width=0)
	                    Index Cond: ((id >= 83226) AND (id <= 84225))

table 4 : explain SELECT DISTINCT c FROM sbtest4 WHERE id BETWEEN 6263888 AND 6264887 ORDER BY c
	Unique  (cost=3986.88..3991.98 rows=1020 width=121)
	  ->  Sort  (cost=3986.88..3989.43 rows=1020 width=121)
	        Sort Key: c
	        ->  Bitmap Heap Scan on sbtest4  (cost=22.89..3935.91 rows=1020 width=121)
	              Recheck Cond: ((id >= 6263888) AND (id <= 6264887))
	              ->  Bitmap Index Scan on sbtest4_pkey  (cost=0.00..22.64 rows=1020 width=0)
	                    Index Cond: ((id >= 6263888) AND (id <= 6264887))

table 5 : explain SELECT DISTINCT c FROM sbtest5 WHERE id BETWEEN 9280556 AND 9281555 ORDER BY c
	Unique  (cost=4388.75..4394.38 rows=1125 width=121)
	  ->  Sort  (cost=4388.75..4391.57 rows=1125 width=121)
	        Sort Key: c
	        ->  Bitmap Heap Scan on sbtest5  (cost=27.97..4331.74 rows=1125 width=121)
	              Recheck Cond: ((id >= 9280556) AND (id <= 9281555))
	              ->  Bitmap Index Scan on sbtest5_pkey  (cost=0.00..27.68 rows=1125 width=0)
	                    Index Cond: ((id >= 9280556) AND (id <= 9281555))

table 6 : explain SELECT DISTINCT c FROM sbtest6 WHERE id BETWEEN 5119755 AND 5120754 ORDER BY c
	Unique  (cost=3891.56..3896.54 rows=995 width=121)
	  ->  Sort  (cost=3891.56..3894.05 rows=995 width=121)
	        Sort Key: c
	        ->  Bitmap Heap Scan on sbtest6  (cost=22.63..3842.02 rows=995 width=121)
	              Recheck Cond: ((id >= 5119755) AND (id <= 5120754))
	              ->  Bitmap Index Scan on sbtest6_pkey  (cost=0.00..22.39 rows=995 width=0)
	                    Index Cond: ((id >= 5119755) AND (id <= 5120754))

table 7 : explain SELECT DISTINCT c FROM sbtest7 WHERE id BETWEEN 8026279 AND 8027278 ORDER BY c
	Unique  (cost=3860.93..3865.87 rows=987 width=121)
	  ->  Sort  (cost=3860.93..3863.40 rows=987 width=121)
	        Sort Key: c
	        ->  Bitmap Heap Scan on sbtest7  (cost=22.55..3811.85 rows=987 width=121)
	              Recheck Cond: ((id >= 8026279) AND (id <= 8027278))
	              ->  Bitmap Index Scan on sbtest7_pkey  (cost=0.00..22.30 rows=987 width=0)
	                    Index Cond: ((id >= 8026279) AND (id <= 8027278))

table 8 : explain SELECT DISTINCT c FROM sbtest8 WHERE id BETWEEN 7255593 AND 7256592 ORDER BY c
	Unique  (cost=4517.58..4523.38 rows=1159 width=121)
	  ->  Sort  (cost=4517.58..4520.48 rows=1159 width=121)
	        Sort Key: c
	        ->  Bitmap Heap Scan on sbtest8  (cost=28.31..4458.60 rows=1159 width=121)
	              Recheck Cond: ((id >= 7255593) AND (id <= 7256592))
	              ->  Bitmap Index Scan on sbtest8_pkey  (cost=0.00..28.02 rows=1159 width=0)
	                    Index Cond: ((id >= 7255593) AND (id <= 7256592))

for: order_ranges
table 1 : explain SELECT c FROM sbtest1 WHERE id BETWEEN 3549571 AND 3550570 ORDER BY c
	Sort  (cost=4189.22..4191.90 rows=1073 width=121)
	  Sort Key: c
	  ->  Bitmap Heap Scan on sbtest1  (cost=23.43..4135.21 rows=1073 width=121)
	        Recheck Cond: ((id >= 3549571) AND (id <= 3550570))
	        ->  Bitmap Index Scan on sbtest1_pkey  (cost=0.00..23.16 rows=1073 width=0)
	              Index Cond: ((id >= 3549571) AND (id <= 3550570))

table 2 : explain SELECT c FROM sbtest2 WHERE id BETWEEN 5263224 AND 5264223 ORDER BY c
	Sort  (cost=4098.66..4101.28 rows=1049 width=121)
	  Sort Key: c
	  ->  Bitmap Heap Scan on sbtest2  (cost=23.19..4046.02 rows=1049 width=121)
	        Recheck Cond: ((id >= 5263224) AND (id <= 5264223))
	        ->  Bitmap Index Scan on sbtest2_pkey  (cost=0.00..22.93 rows=1049 width=0)
	              Index Cond: ((id >= 5263224) AND (id <= 5264223))

table 3 : explain SELECT c FROM sbtest3 WHERE id BETWEEN 1481892 AND 1482891 ORDER BY c
	Sort  (cost=4218.79..4221.49 rows=1081 width=121)
	  Sort Key: c
	  ->  Bitmap Heap Scan on sbtest3  (cost=23.52..4164.31 rows=1081 width=121)
	        Recheck Cond: ((id >= 1481892) AND (id <= 1482891))
	        ->  Bitmap Index Scan on sbtest3_pkey  (cost=0.00..23.25 rows=1081 width=0)
	              Index Cond: ((id >= 1481892) AND (id <= 1482891))

table 4 : explain SELECT c FROM sbtest4 WHERE id BETWEEN 2571162 AND 2572161 ORDER BY c
	Sort  (cost=4135.77..4138.41 rows=1059 width=121)
	  Sort Key: c
	  ->  Bitmap Heap Scan on sbtest4  (cost=23.29..4082.56 rows=1059 width=121)
	        Recheck Cond: ((id >= 2571162) AND (id <= 2572161))
	        ->  Bitmap Index Scan on sbtest4_pkey  (cost=0.00..23.02 rows=1059 width=0)
	              Index Cond: ((id >= 2571162) AND (id <= 2572161))

table 5 : explain SELECT c FROM sbtest5 WHERE id BETWEEN 2201653 AND 2202652 ORDER BY c
	Sort  (cost=4175.17..4177.84 rows=1068 width=121)
	  Sort Key: c
	  ->  Bitmap Heap Scan on sbtest5  (cost=27.38..4121.45 rows=1068 width=121)
	        Recheck Cond: ((id >= 2201653) AND (id <= 2202652))
	        ->  Bitmap Index Scan on sbtest5_pkey  (cost=0.00..27.11 rows=1068 width=0)
	              Index Cond: ((id >= 2201653) AND (id <= 2202652))

table 6 : explain SELECT c FROM sbtest6 WHERE id BETWEEN 316472 AND 317471 ORDER BY c
	Sort  (cost=4242.99..4245.71 rows=1086 width=121)
	  Sort Key: c
	  ->  Bitmap Heap Scan on sbtest6  (cost=27.57..4188.23 rows=1086 width=121)
	        Recheck Cond: ((id >= 316472) AND (id <= 317471))
	        ->  Bitmap Index Scan on sbtest6_pkey  (cost=0.00..27.29 rows=1086 width=0)
	              Index Cond: ((id >= 316472) AND (id <= 317471))

table 7 : explain SELECT c FROM sbtest7 WHERE id BETWEEN 4807967 AND 4808966 ORDER BY c
	Sort  (cost=3818.86..3821.30 rows=976 width=121)
	  Sort Key: c
	  ->  Bitmap Heap Scan on sbtest7  (cost=22.44..3770.40 rows=976 width=121)
	        Recheck Cond: ((id >= 4807967) AND (id <= 4808966))
	        ->  Bitmap Index Scan on sbtest7_pkey  (cost=0.00..22.19 rows=976 width=0)
	              Index Cond: ((id >= 4807967) AND (id <= 4808966))

table 8 : explain SELECT c FROM sbtest8 WHERE id BETWEEN 7684478 AND 7685477 ORDER BY c
	Sort  (cost=3822.97..3825.41 rows=977 width=121)
	  Sort Key: c
	  ->  Bitmap Heap Scan on sbtest8  (cost=22.45..3774.45 rows=977 width=121)
	        Recheck Cond: ((id >= 7684478) AND (id <= 7685477))
	        ->  Bitmap Index Scan on sbtest8_pkey  (cost=0.00..22.20 rows=977 width=0)
	              Index Cond: ((id >= 7684478) AND (id <= 7685477))

for: order_ranges
table 1 : explain SELECT c FROM sbtest1 WHERE id BETWEEN 9555899 AND 9556898 ORDER BY c
	Sort  (cost=3990.75..3993.30 rows=1021 width=121)
	  Sort Key: c
	  ->  Bitmap Heap Scan on sbtest1  (cost=22.90..3939.72 rows=1021 width=121)
	        Recheck Cond: ((id >= 9555899) AND (id <= 9556898))
	        ->  Bitmap Index Scan on sbtest1_pkey  (cost=0.00..22.64 rows=1021 width=0)
	              Index Cond: ((id >= 9555899) AND (id <= 9556898))

table 2 : explain SELECT c FROM sbtest2 WHERE id BETWEEN 117821 AND 118820 ORDER BY c
	Sort  (cost=3888.48..3890.97 rows=994 width=121)
	  Sort Key: c
	  ->  Bitmap Heap Scan on sbtest2  (cost=22.62..3839.00 rows=994 width=121)
	        Recheck Cond: ((id >= 117821) AND (id <= 118820))
	        ->  Bitmap Index Scan on sbtest2_pkey  (cost=0.00..22.37 rows=994 width=0)
	              Index Cond: ((id >= 117821) AND (id <= 118820))

table 3 : explain SELECT c FROM sbtest3 WHERE id BETWEEN 1371871 AND 1372870 ORDER BY c
	Sort  (cost=4123.46..4126.10 rows=1056 width=121)
	  Sort Key: c
	  ->  Bitmap Heap Scan on sbtest3  (cost=23.26..4070.43 rows=1056 width=121)
	        Recheck Cond: ((id >= 1371871) AND (id <= 1372870))
	        ->  Bitmap Index Scan on sbtest3_pkey  (cost=0.00..23.00 rows=1056 width=0)
	              Index Cond: ((id >= 1371871) AND (id <= 1372870))

table 4 : explain SELECT c FROM sbtest4 WHERE id BETWEEN 6020134 AND 6021133 ORDER BY c
	Sort  (cost=4303.80..4306.55 rows=1103 width=121)
	  Sort Key: c
	  ->  Bitmap Heap Scan on sbtest4  (cost=27.74..4248.05 rows=1103 width=121)
	        Recheck Cond: ((id >= 6020134) AND (id <= 6021133))
	        ->  Bitmap Index Scan on sbtest4_pkey  (cost=0.00..27.46 rows=1103 width=0)
	              Index Cond: ((id >= 6020134) AND (id <= 6021133))

table 5 : explain SELECT c FROM sbtest5 WHERE id BETWEEN 1799983 AND 1800982 ORDER BY c
	Sort  (cost=3877.01..3879.48 rows=991 width=121)
	  Sort Key: c
	  ->  Bitmap Heap Scan on sbtest5  (cost=22.59..3827.69 rows=991 width=121)
	        Recheck Cond: ((id >= 1799983) AND (id <= 1800982))
	        ->  Bitmap Index Scan on sbtest5_pkey  (cost=0.00..22.34 rows=991 width=0)
	              Index Cond: ((id >= 1799983) AND (id <= 1800982))

table 6 : explain SELECT c FROM sbtest6 WHERE id BETWEEN 1451702 AND 1452701 ORDER BY c
	Sort  (cost=3830.37..3832.82 rows=979 width=121)
	  Sort Key: c
	  ->  Bitmap Heap Scan on sbtest6  (cost=22.47..3781.74 rows=979 width=121)
	        Recheck Cond: ((id >= 1451702) AND (id <= 1452701))
	        ->  Bitmap Index Scan on sbtest6_pkey  (cost=0.00..22.22 rows=979 width=0)
	              Index Cond: ((id >= 1451702) AND (id <= 1452701))

table 7 : explain SELECT c FROM sbtest7 WHERE id BETWEEN 2848841 AND 2849840 ORDER BY c
	Sort  (cost=3864.76..3867.23 rows=988 width=121)
	  Sort Key: c
	  ->  Bitmap Heap Scan on sbtest7  (cost=22.56..3815.61 rows=988 width=121)
	        Recheck Cond: ((id >= 2848841) AND (id <= 2849840))
	        ->  Bitmap Index Scan on sbtest7_pkey  (cost=0.00..22.32 rows=988 width=0)
	              Index Cond: ((id >= 2848841) AND (id <= 2849840))

table 8 : explain SELECT c FROM sbtest8 WHERE id BETWEEN 7531099 AND 7532098 ORDER BY c
	Sort  (cost=4056.13..4058.72 rows=1038 width=121)
	  Sort Key: c
	  ->  Bitmap Heap Scan on sbtest8  (cost=23.07..4004.12 rows=1038 width=121)
	        Recheck Cond: ((id >= 7531099) AND (id <= 7532098))
	        ->  Bitmap Index Scan on sbtest8_pkey  (cost=0.00..22.82 rows=1038 width=0)
	              Index Cond: ((id >= 7531099) AND (id <= 7532098))

for: order_ranges
table 1 : explain SELECT c FROM sbtest1 WHERE id BETWEEN 2440032 AND 2441031 ORDER BY c
	Sort  (cost=3872.27..3874.74 rows=990 width=121)
	  Sort Key: c
	  ->  Bitmap Heap Scan on sbtest1  (cost=22.58..3823.01 rows=990 width=121)
	        Recheck Cond: ((id >= 2440032) AND (id <= 2441031))
	        ->  Bitmap Index Scan on sbtest1_pkey  (cost=0.00..22.33 rows=990 width=0)
	              Index Cond: ((id >= 2440032) AND (id <= 2441031))

table 2 : explain SELECT c FROM sbtest2 WHERE id BETWEEN 5950960 AND 5951959 ORDER BY c
	Sort  (cost=4010.81..4013.38 rows=1026 width=121)
	  Sort Key: c
	  ->  Bitmap Heap Scan on sbtest2  (cost=22.95..3959.50 rows=1026 width=121)
	        Recheck Cond: ((id >= 5950960) AND (id <= 5951959))
	        ->  Bitmap Index Scan on sbtest2_pkey  (cost=0.00..22.69 rows=1026 width=0)
	              Index Cond: ((id >= 5950960) AND (id <= 5951959))

table 3 : explain SELECT c FROM sbtest3 WHERE id BETWEEN 5002505 AND 5003504 ORDER BY c
	Sort  (cost=4081.50..4084.11 rows=1045 width=121)
	  Sort Key: c
	  ->  Bitmap Heap Scan on sbtest3  (cost=23.15..4029.09 rows=1045 width=121)
	        Recheck Cond: ((id >= 5002505) AND (id <= 5003504))
	        ->  Bitmap Index Scan on sbtest3_pkey  (cost=0.00..22.89 rows=1045 width=0)
	              Index Cond: ((id >= 5002505) AND (id <= 5003504))

table 4 : explain SELECT c FROM sbtest4 WHERE id BETWEEN 1852080 AND 1853079 ORDER BY c
	Sort  (cost=3841.63..3844.08 rows=982 width=121)
	  Sort Key: c
	  ->  Bitmap Heap Scan on sbtest4  (cost=22.50..3792.83 rows=982 width=121)
	        Recheck Cond: ((id >= 1852080) AND (id <= 1853079))
	        ->  Bitmap Index Scan on sbtest4_pkey  (cost=0.00..22.25 rows=982 width=0)
	              Index Cond: ((id >= 1852080) AND (id <= 1853079))

table 5 : explain SELECT c FROM sbtest5 WHERE id BETWEEN 5397957 AND 5398956 ORDER BY c
	Sort  (cost=4037.73..4040.31 rows=1032 width=121)
	  Sort Key: c
	  ->  Bitmap Heap Scan on sbtest5  (cost=27.01..3986.07 rows=1032 width=121)
	        Recheck Cond: ((id >= 5397957) AND (id <= 5398956))
	        ->  Bitmap Index Scan on sbtest5_pkey  (cost=0.00..26.75 rows=1032 width=0)
	              Index Cond: ((id >= 5397957) AND (id <= 5398956))

table 6 : explain SELECT c FROM sbtest6 WHERE id BETWEEN 6677750 AND 6678749 ORDER BY c
	Sort  (cost=3960.36..3962.90 rows=1013 width=121)
	  Sort Key: c
	  ->  Bitmap Heap Scan on sbtest6  (cost=22.82..3909.79 rows=1013 width=121)
	        Recheck Cond: ((id >= 6677750) AND (id <= 6678749))
	        ->  Bitmap Index Scan on sbtest6_pkey  (cost=0.00..22.57 rows=1013 width=0)
	              Index Cond: ((id >= 6677750) AND (id <= 6678749))

table 7 : explain SELECT c FROM sbtest7 WHERE id BETWEEN 2627323 AND 2628322 ORDER BY c
	Sort  (cost=3792.08..3794.50 rows=969 width=121)
	  Sort Key: c
	  ->  Bitmap Heap Scan on sbtest7  (cost=22.37..3744.01 rows=969 width=121)
	        Recheck Cond: ((id >= 2627323) AND (id <= 2628322))
	        ->  Bitmap Index Scan on sbtest7_pkey  (cost=0.00..22.12 rows=969 width=0)
	              Index Cond: ((id >= 2627323) AND (id <= 2628322))

table 8 : explain SELECT c FROM sbtest8 WHERE id BETWEEN 455048 AND 456047 ORDER BY c
	Sort  (cost=3669.83..3672.17 rows=937 width=121)
	  Sort Key: c
	  ->  Bitmap Heap Scan on sbtest8  (cost=22.04..3623.58 rows=937 width=121)
	        Recheck Cond: ((id >= 455048) AND (id <= 456047))
	        ->  Bitmap Index Scan on sbtest8_pkey  (cost=0.00..21.80 rows=937 width=0)
	              Index Cond: ((id >= 455048) AND (id <= 456047))

for: distinct_ranges
table 1 : explain SELECT DISTINCT c FROM sbtest1 WHERE id BETWEEN 5953416 AND 5954415 ORDER BY c
	Unique  (cost=3688.59..3693.30 rows=942 width=121)
	  ->  Sort  (cost=3688.59..3690.94 rows=942 width=121)
	        Sort Key: c
	        ->  Bitmap Heap Scan on sbtest1  (cost=22.09..3642.05 rows=942 width=121)
	              Recheck Cond: ((id >= 5953416) AND (id <= 5954415))
	              ->  Bitmap Index Scan on sbtest1_pkey  (cost=0.00..21.86 rows=942 width=0)
	                    Index Cond: ((id >= 5953416) AND (id <= 5954415))

table 2 : explain SELECT DISTINCT c FROM sbtest2 WHERE id BETWEEN 6873996 AND 6874995 ORDER BY c
	Unique  (cost=3819.62..3824.50 rows=976 width=121)
	  ->  Sort  (cost=3819.62..3822.06 rows=976 width=121)
	        Sort Key: c
	        ->  Bitmap Heap Scan on sbtest2  (cost=22.44..3771.16 rows=976 width=121)
	              Recheck Cond: ((id >= 6873996) AND (id <= 6874995))
	              ->  Bitmap Index Scan on sbtest2_pkey  (cost=0.00..22.19 rows=976 width=0)
	                    Index Cond: ((id >= 6873996) AND (id <= 6874995))

table 3 : explain SELECT DISTINCT c FROM sbtest3 WHERE id BETWEEN 5775927 AND 5776926 ORDER BY c
	Unique  (cost=3871.45..3876.40 rows=990 width=121)
	  ->  Sort  (cost=3871.45..3873.92 rows=990 width=121)
	        Sort Key: c
	        ->  Bitmap Heap Scan on sbtest3  (cost=22.58..3822.19 rows=990 width=121)
	              Recheck Cond: ((id >= 5775927) AND (id <= 5776926))
	              ->  Bitmap Index Scan on sbtest3_pkey  (cost=0.00..22.33 rows=990 width=0)
	                    Index Cond: ((id >= 5775927) AND (id <= 5776926))

table 4 : explain SELECT DISTINCT c FROM sbtest4 WHERE id BETWEEN 6742594 AND 6743593 ORDER BY c
	Unique  (cost=3719.18..3723.93 rows=950 width=121)
	  ->  Sort  (cost=3719.18..3721.55 rows=950 width=121)
	        Sort Key: c
	        ->  Bitmap Heap Scan on sbtest4  (cost=22.17..3672.19 rows=950 width=121)
	              Recheck Cond: ((id >= 6742594) AND (id <= 6743593))
	              ->  Bitmap Index Scan on sbtest4_pkey  (cost=0.00..21.93 rows=950 width=0)
	                    Index Cond: ((id >= 6742594) AND (id <= 6743593))

table 5 : explain SELECT DISTINCT c FROM sbtest5 WHERE id BETWEEN 4659022 AND 4660021 ORDER BY c
	Unique  (cost=4464.91..4470.64 rows=1145 width=121)
	  ->  Sort  (cost=4464.91..4467.78 rows=1145 width=121)
	        Sort Key: c
	        ->  Bitmap Heap Scan on sbtest5  (cost=28.17..4406.74 rows=1145 width=121)
	              Recheck Cond: ((id >= 4659022) AND (id <= 4660021))
	              ->  Bitmap Index Scan on sbtest5_pkey  (cost=0.00..27.89 rows=1145 width=0)
	                    Index Cond: ((id >= 4659022) AND (id <= 4660021))

table 6 : explain SELECT DISTINCT c FROM sbtest6 WHERE id BETWEEN 94005 AND 95004 ORDER BY c
	Unique  (cost=3776.81..3781.63 rows=965 width=121)
	  ->  Sort  (cost=3776.81..3779.22 rows=965 width=121)
	        Sort Key: c
	        ->  Bitmap Heap Scan on sbtest6  (cost=22.33..3728.97 rows=965 width=121)
	              Recheck Cond: ((id >= 94005) AND (id <= 95004))
	              ->  Bitmap Index Scan on sbtest6_pkey  (cost=0.00..22.08 rows=965 width=0)
	                    Index Cond: ((id >= 94005) AND (id <= 95004))

table 7 : explain SELECT DISTINCT c FROM sbtest7 WHERE id BETWEEN 2302609 AND 2303608 ORDER BY c
	Unique  (cost=4048.18..4053.36 rows=1036 width=121)
	  ->  Sort  (cost=4048.18..4050.77 rows=1036 width=121)
	        Sort Key: c
	        ->  Bitmap Heap Scan on sbtest7  (cost=23.05..3996.29 rows=1036 width=121)
	              Recheck Cond: ((id >= 2302609) AND (id <= 2303608))
	              ->  Bitmap Index Scan on sbtest7_pkey  (cost=0.00..22.79 rows=1036 width=0)
	                    Index Cond: ((id >= 2302609) AND (id <= 2303608))

table 8 : explain SELECT DISTINCT c FROM sbtest8 WHERE id BETWEEN 2027011 AND 2028010 ORDER BY c
	Unique  (cost=4159.18..4164.51 rows=1065 width=121)
	  ->  Sort  (cost=4159.18..4161.85 rows=1065 width=121)
	        Sort Key: c
	        ->  Bitmap Heap Scan on sbtest8  (cost=23.35..4105.63 rows=1065 width=121)
	              Recheck Cond: ((id >= 2027011) AND (id <= 2028010))
	              ->  Bitmap Index Scan on sbtest8_pkey  (cost=0.00..23.08 rows=1065 width=0)
	                    Index Cond: ((id >= 2027011) AND (id <= 2028010))

for: distinct_ranges
table 1 : explain SELECT DISTINCT c FROM sbtest1 WHERE id BETWEEN 6298698 AND 6299697 ORDER BY c
	Unique  (cost=4486.61..4492.37 rows=1151 width=121)
	  ->  Sort  (cost=4486.61..4489.49 rows=1151 width=121)
	        Sort Key: c
	        ->  Bitmap Heap Scan on sbtest1  (cost=28.23..4428.09 rows=1151 width=121)
	              Recheck Cond: ((id >= 6298698) AND (id <= 6299697))
	              ->  Bitmap Index Scan on sbtest1_pkey  (cost=0.00..27.94 rows=1151 width=0)
	                    Index Cond: ((id >= 6298698) AND (id <= 6299697))

table 2 : explain SELECT DISTINCT c FROM sbtest2 WHERE id BETWEEN 1762225 AND 1763224 ORDER BY c
	Unique  (cost=3915.25..3920.26 rows=1001 width=121)
	  ->  Sort  (cost=3915.25..3917.76 rows=1001 width=121)
	        Sort Key: c
	        ->  Bitmap Heap Scan on sbtest2  (cost=22.70..3865.37 rows=1001 width=121)
	              Recheck Cond: ((id >= 1762225) AND (id <= 1763224))
	              ->  Bitmap Index Scan on sbtest2_pkey  (cost=0.00..22.44 rows=1001 width=0)
	                    Index Cond: ((id >= 1762225) AND (id <= 1763224))

table 3 : explain SELECT DISTINCT c FROM sbtest3 WHERE id BETWEEN 3578634 AND 3579633 ORDER BY c
	Unique  (cost=3875.27..3880.22 rows=991 width=121)
	  ->  Sort  (cost=3875.27..3877.75 rows=991 width=121)
	        Sort Key: c
	        ->  Bitmap Heap Scan on sbtest3  (cost=22.59..3825.95 rows=991 width=121)
	              Recheck Cond: ((id >= 3578634) AND (id <= 3579633))
	              ->  Bitmap Index Scan on sbtest3_pkey  (cost=0.00..22.34 rows=991 width=0)
	                    Index Cond: ((id >= 3578634) AND (id <= 3579633))

table 4 : explain SELECT DISTINCT c FROM sbtest4 WHERE id BETWEEN 5481771 AND 5482770 ORDER BY c
	Unique  (cost=3527.58..3532.08 rows=900 width=121)
	  ->  Sort  (cost=3527.58..3529.83 rows=900 width=121)
	        Sort Key: c
	        ->  Bitmap Heap Scan on sbtest4  (cost=21.66..3483.42 rows=900 width=121)
	              Recheck Cond: ((id >= 5481771) AND (id <= 5482770))
	              ->  Bitmap Index Scan on sbtest4_pkey  (cost=0.00..21.43 rows=900 width=0)
	                    Index Cond: ((id >= 5481771) AND (id <= 5482770))

table 5 : explain SELECT DISTINCT c FROM sbtest5 WHERE id BETWEEN 6430699 AND 6431698 ORDER BY c
	Unique  (cost=3984.24..3989.33 rows=1018 width=121)
	  ->  Sort  (cost=3984.24..3986.78 rows=1018 width=121)
	        Sort Key: c
	        ->  Bitmap Heap Scan on sbtest5  (cost=26.87..3933.38 rows=1018 width=121)
	              Recheck Cond: ((id >= 6430699) AND (id <= 6431698))
	              ->  Bitmap Index Scan on sbtest5_pkey  (cost=0.00..26.61 rows=1018 width=0)
	                    Index Cond: ((id >= 6430699) AND (id <= 6431698))

table 6 : explain SELECT DISTINCT c FROM sbtest6 WHERE id BETWEEN 5130535 AND 5131534 ORDER BY c
	Unique  (cost=3891.56..3896.54 rows=995 width=121)
	  ->  Sort  (cost=3891.56..3894.05 rows=995 width=121)
	        Sort Key: c
	        ->  Bitmap Heap Scan on sbtest6  (cost=22.63..3842.02 rows=995 width=121)
	              Recheck Cond: ((id >= 5130535) AND (id <= 5131534))
	              ->  Bitmap Index Scan on sbtest6_pkey  (cost=0.00..22.39 rows=995 width=0)
	                    Index Cond: ((id >= 5130535) AND (id <= 5131534))

table 7 : explain SELECT DISTINCT c FROM sbtest7 WHERE id BETWEEN 8133860 AND 8134859 ORDER BY c
	Unique  (cost=4177.93..4183.28 rows=1070 width=121)
	  ->  Sort  (cost=4177.93..4180.61 rows=1070 width=121)
	        Sort Key: c
	        ->  Bitmap Heap Scan on sbtest7  (cost=23.40..4124.09 rows=1070 width=121)
	              Recheck Cond: ((id >= 8133860) AND (id <= 8134859))
	              ->  Bitmap Index Scan on sbtest7_pkey  (cost=0.00..23.14 rows=1070 width=0)
	                    Index Cond: ((id >= 8133860) AND (id <= 8134859))

table 8 : explain SELECT DISTINCT c FROM sbtest8 WHERE id BETWEEN 5261397 AND 5262396 ORDER BY c
	Unique  (cost=3853.57..3858.50 rows=985 width=121)
	  ->  Sort  (cost=3853.57..3856.03 rows=985 width=121)
	        Sort Key: c
	        ->  Bitmap Heap Scan on sbtest8  (cost=22.53..3804.60 rows=985 width=121)
	              Recheck Cond: ((id >= 5261397) AND (id <= 5262396))
	              ->  Bitmap Index Scan on sbtest8_pkey  (cost=0.00..22.29 rows=985 width=0)
	                    Index Cond: ((id >= 5261397) AND (id <= 5262396))

for point_selects
table 1 : explain SELECT c FROM sbtest1 WHERE id=1321422
	Index Scan using sbtest1_pkey on sbtest1  (cost=0.43..8.45 rows=1 width=121)
	  Index Cond: (id = 1321422)

table 2 : explain SELECT c FROM sbtest2 WHERE id=4762193
	Index Scan using sbtest2_pkey on sbtest2  (cost=0.43..8.45 rows=1 width=121)
	  Index Cond: (id = 4762193)

table 3 : explain SELECT c FROM sbtest3 WHERE id=4171009
	Index Scan using sbtest3_pkey on sbtest3  (cost=0.43..8.45 rows=1 width=121)
	  Index Cond: (id = 4171009)

table 4 : explain SELECT c FROM sbtest4 WHERE id=6477039
	Index Scan using sbtest4_pkey on sbtest4  (cost=0.43..8.45 rows=1 width=121)
	  Index Cond: (id = 6477039)

table 5 : explain SELECT c FROM sbtest5 WHERE id=491754
	Index Scan using sbtest5_pkey on sbtest5  (cost=0.43..8.45 rows=1 width=121)
	  Index Cond: (id = 491754)

table 6 : explain SELECT c FROM sbtest6 WHERE id=7718784
	Index Scan using sbtest6_pkey on sbtest6  (cost=0.43..8.45 rows=1 width=121)
	  Index Cond: (id = 7718784)

table 7 : explain SELECT c FROM sbtest7 WHERE id=7085613
	Index Scan using sbtest7_pkey on sbtest7  (cost=0.43..8.45 rows=1 width=121)
	  Index Cond: (id = 7085613)

table 8 : explain SELECT c FROM sbtest8 WHERE id=6198037
	Index Scan using sbtest8_pkey on sbtest8  (cost=0.43..8.45 rows=1 width=121)
	  Index Cond: (id = 6198037)

for: distinct_ranges
table 1 : explain SELECT DISTINCT c FROM sbtest1 WHERE id BETWEEN 7956545 AND 7957544 ORDER BY c
	Unique  (cost=3967.82..3972.90 rows=1015 width=121)
	  ->  Sort  (cost=3967.82..3970.36 rows=1015 width=121)
	        Sort Key: c
	        ->  Bitmap Heap Scan on sbtest1  (cost=22.84..3917.14 rows=1015 width=121)
	              Recheck Cond: ((id >= 7956545) AND (id <= 7957544))
	              ->  Bitmap Index Scan on sbtest1_pkey  (cost=0.00..22.58 rows=1015 width=0)
	                    Index Cond: ((id >= 7956545) AND (id <= 7957544))

table 2 : explain SELECT DISTINCT c FROM sbtest2 WHERE id BETWEEN 1999939 AND 2000938 ORDER BY c
	Unique  (cost=3964.95..3970.02 rows=1014 width=121)
	  ->  Sort  (cost=3964.95..3967.49 rows=1014 width=121)
	        Sort Key: c
	        ->  Bitmap Heap Scan on sbtest2  (cost=22.83..3914.32 rows=1014 width=121)
	              Recheck Cond: ((id >= 1999939) AND (id <= 2000938))
	              ->  Bitmap Index Scan on sbtest2_pkey  (cost=0.00..22.57 rows=1014 width=0)
	                    Index Cond: ((id >= 1999939) AND (id <= 2000938))

table 3 : explain SELECT DISTINCT c FROM sbtest3 WHERE id BETWEEN 5699133 AND 5700132 ORDER BY c
	Unique  (cost=4054.78..4059.97 rows=1038 width=121)
	  ->  Sort  (cost=4054.78..4057.38 rows=1038 width=121)
	        Sort Key: c
	        ->  Bitmap Heap Scan on sbtest3  (cost=23.07..4002.78 rows=1038 width=121)
	              Recheck Cond: ((id >= 5699133) AND (id <= 5700132))
	              ->  Bitmap Index Scan on sbtest3_pkey  (cost=0.00..22.82 rows=1038 width=0)
	                    Index Cond: ((id >= 5699133) AND (id <= 5700132))

table 4 : explain SELECT DISTINCT c FROM sbtest4 WHERE id BETWEEN 1243320 AND 1244319 ORDER BY c
	Unique  (cost=4292.36..4297.86 rows=1100 width=121)
	  ->  Sort  (cost=4292.36..4295.11 rows=1100 width=121)
	        Sort Key: c
	        ->  Bitmap Heap Scan on sbtest4  (cost=27.71..4236.80 rows=1100 width=121)
	              Recheck Cond: ((id >= 1243320) AND (id <= 1244319))
	              ->  Bitmap Index Scan on sbtest4_pkey  (cost=0.00..27.43 rows=1100 width=0)
	                    Index Cond: ((id >= 1243320) AND (id <= 1244319))

table 5 : explain SELECT DISTINCT c FROM sbtest5 WHERE id BETWEEN 3515776 AND 3516775 ORDER BY c
	Unique  (cost=3486.21..3490.65 rows=889 width=121)
	  ->  Sort  (cost=3486.21..3488.43 rows=889 width=121)
	        Sort Key: c
	        ->  Bitmap Heap Scan on sbtest5  (cost=21.55..3442.66 rows=889 width=121)
	              Recheck Cond: ((id >= 3515776) AND (id <= 3516775))
	              ->  Bitmap Index Scan on sbtest5_pkey  (cost=0.00..21.32 rows=889 width=0)
	                    Index Cond: ((id >= 3515776) AND (id <= 3516775))

table 6 : explain SELECT DISTINCT c FROM sbtest6 WHERE id BETWEEN 1999250 AND 2000249 ORDER BY c
	Unique  (cost=3692.58..3697.29 rows=943 width=121)
	  ->  Sort  (cost=3692.58..3694.94 rows=943 width=121)
	        Sort Key: c
	        ->  Bitmap Heap Scan on sbtest6  (cost=22.10..3645.99 rows=943 width=121)
	              Recheck Cond: ((id >= 1999250) AND (id <= 2000249))
	              ->  Bitmap Index Scan on sbtest6_pkey  (cost=0.00..21.86 rows=943 width=0)
	                    Index Cond: ((id >= 1999250) AND (id <= 2000249))

table 7 : explain SELECT DISTINCT c FROM sbtest7 WHERE id BETWEEN 7124313 AND 7125312 ORDER BY c
	Unique  (cost=4319.25..4324.79 rows=1107 width=121)
	  ->  Sort  (cost=4319.25..4322.02 rows=1107 width=121)
	        Sort Key: c
	        ->  Bitmap Heap Scan on sbtest7  (cost=27.78..4263.28 rows=1107 width=121)
	              Recheck Cond: ((id >= 7124313) AND (id <= 7125312))
	              ->  Bitmap Index Scan on sbtest7_pkey  (cost=0.00..27.50 rows=1107 width=0)
	                    Index Cond: ((id >= 7124313) AND (id <= 7125312))

table 8 : explain SELECT DISTINCT c FROM sbtest8 WHERE id BETWEEN 2296643 AND 2297642 ORDER BY c
	Unique  (cost=4010.29..4015.42 rows=1026 width=121)
	  ->  Sort  (cost=4010.29..4012.86 rows=1026 width=121)
	        Sort Key: c
	        ->  Bitmap Heap Scan on sbtest8  (cost=22.95..3958.98 rows=1026 width=121)
	              Recheck Cond: ((id >= 2296643) AND (id <= 2297642))
	              ->  Bitmap Index Scan on sbtest8_pkey  (cost=0.00..22.69 rows=1026 width=0)
	                    Index Cond: ((id >= 2296643) AND (id <= 2297642))

for: distinct_ranges
table 1 : explain SELECT DISTINCT c FROM sbtest1 WHERE id BETWEEN 4391416 AND 4392415 ORDER BY c
	Unique  (cost=3734.53..3739.30 rows=954 width=121)
	  ->  Sort  (cost=3734.53..3736.92 rows=954 width=121)
	        Sort Key: c
	        ->  Bitmap Heap Scan on sbtest1  (cost=22.21..3687.32 rows=954 width=121)
	              Recheck Cond: ((id >= 4391416) AND (id <= 4392415))
	              ->  Bitmap Index Scan on sbtest1_pkey  (cost=0.00..21.97 rows=954 width=0)
	                    Index Cond: ((id >= 4391416) AND (id <= 4392415))

table 2 : explain SELECT DISTINCT c FROM sbtest2 WHERE id BETWEEN 246651 AND 247650 ORDER BY c
	Unique  (cost=3624.29..3628.91 rows=925 width=121)
	  ->  Sort  (cost=3624.29..3626.60 rows=925 width=121)
	        Sort Key: c
	        ->  Bitmap Heap Scan on sbtest2  (cost=21.92..3578.72 rows=925 width=121)
	              Recheck Cond: ((id >= 246651) AND (id <= 247650))
	              ->  Bitmap Index Scan on sbtest2_pkey  (cost=0.00..21.68 rows=925 width=0)
	                    Index Cond: ((id >= 246651) AND (id <= 247650))

table 3 : explain SELECT DISTINCT c FROM sbtest3 WHERE id BETWEEN 1528825 AND 1529824 ORDER BY c
	Unique  (cost=4218.79..4224.19 rows=1081 width=121)
	  ->  Sort  (cost=4218.79..4221.49 rows=1081 width=121)
	        Sort Key: c
	        ->  Bitmap Heap Scan on sbtest3  (cost=23.52..4164.31 rows=1081 width=121)
	              Recheck Cond: ((id >= 1528825) AND (id <= 1529824))
	              ->  Bitmap Index Scan on sbtest3_pkey  (cost=0.00..23.25 rows=1081 width=0)
	                    Index Cond: ((id >= 1528825) AND (id <= 1529824))

table 4 : explain SELECT DISTINCT c FROM sbtest4 WHERE id BETWEEN 6244135 AND 6245134 ORDER BY c
	Unique  (cost=3986.88..3991.98 rows=1020 width=121)
	  ->  Sort  (cost=3986.88..3989.43 rows=1020 width=121)
	        Sort Key: c
	        ->  Bitmap Heap Scan on sbtest4  (cost=22.89..3935.91 rows=1020 width=121)
	              Recheck Cond: ((id >= 6244135) AND (id <= 6245134))
	              ->  Bitmap Index Scan on sbtest4_pkey  (cost=0.00..22.64 rows=1020 width=0)
	                    Index Cond: ((id >= 6244135) AND (id <= 6245134))

table 5 : explain SELECT DISTINCT c FROM sbtest5 WHERE id BETWEEN 3840440 AND 3841439 ORDER BY c
	Unique  (cost=3980.42..3985.50 rows=1017 width=121)
	  ->  Sort  (cost=3980.42..3982.96 rows=1017 width=121)
	        Sort Key: c
	        ->  Bitmap Heap Scan on sbtest5  (cost=26.86..3929.62 rows=1017 width=121)
	              Recheck Cond: ((id >= 3840440) AND (id <= 3841439))
	              ->  Bitmap Index Scan on sbtest5_pkey  (cost=0.00..26.61 rows=1017 width=0)
	                    Index Cond: ((id >= 3840440) AND (id <= 3841439))

table 6 : explain SELECT DISTINCT c FROM sbtest6 WHERE id BETWEEN 20909 AND 21908 ORDER BY c
	Unique  (cost=3776.81..3781.63 rows=965 width=121)
	  ->  Sort  (cost=3776.81..3779.22 rows=965 width=121)
	        Sort Key: c
	        ->  Bitmap Heap Scan on sbtest6  (cost=22.33..3728.97 rows=965 width=121)
	              Recheck Cond: ((id >= 20909) AND (id <= 21908))
	              ->  Bitmap Index Scan on sbtest6_pkey  (cost=0.00..22.08 rows=965 width=0)
	                    Index Cond: ((id >= 20909) AND (id <= 21908))

table 7 : explain SELECT DISTINCT c FROM sbtest7 WHERE id BETWEEN 1484554 AND 1485553 ORDER BY c
	Unique  (cost=3765.29..3770.10 rows=962 width=121)
	  ->  Sort  (cost=3765.29..3767.69 rows=962 width=121)
	        Sort Key: c
	        ->  Bitmap Heap Scan on sbtest7  (cost=22.30..3717.62 rows=962 width=121)
	              Recheck Cond: ((id >= 1484554) AND (id <= 1485553))
	              ->  Bitmap Index Scan on sbtest7_pkey  (cost=0.00..22.05 rows=962 width=0)
	                    Index Cond: ((id >= 1484554) AND (id <= 1485553))

table 8 : explain SELECT DISTINCT c FROM sbtest8 WHERE id BETWEEN 2774134 AND 2775133 ORDER BY c
	Unique  (cost=3910.93..3915.93 rows=1000 width=121)
	  ->  Sort  (cost=3910.93..3913.43 rows=1000 width=121)
	        Sort Key: c
	        ->  Bitmap Heap Scan on sbtest8  (cost=22.68..3861.10 rows=1000 width=121)
	              Recheck Cond: ((id >= 2774134) AND (id <= 2775133))
	              ->  Bitmap Index Scan on sbtest8_pkey  (cost=0.00..22.43 rows=1000 width=0)
	                    Index Cond: ((id >= 2774134) AND (id <= 2775133))

for: simple_ranges
table 1 : explain SELECT c FROM sbtest1 WHERE id BETWEEN 9646869 AND 9647868
	Bitmap Heap Scan on sbtest1  (cost=23.31..4090.13 rows=1061 width=121)
	  Recheck Cond: ((id >= 9646869) AND (id <= 9647868))
	  ->  Bitmap Index Scan on sbtest1_pkey  (cost=0.00..23.04 rows=1061 width=0)
	        Index Cond: ((id >= 9646869) AND (id <= 9647868))

table 2 : explain SELECT c FROM sbtest2 WHERE id BETWEEN 8133136 AND 8134135
	Bitmap Heap Scan on sbtest2  (cost=23.20..4049.78 rows=1050 width=121)
	  Recheck Cond: ((id >= 8133136) AND (id <= 8134135))
	  ->  Bitmap Index Scan on sbtest2_pkey  (cost=0.00..22.93 rows=1050 width=0)
	        Index Cond: ((id >= 8133136) AND (id <= 8134135))

table 3 : explain SELECT c FROM sbtest3 WHERE id BETWEEN 9200812 AND 9201811
	Bitmap Heap Scan on sbtest3  (cost=22.98..3968.94 rows=1029 width=121)
	  Recheck Cond: ((id >= 9200812) AND (id <= 9201811))
	  ->  Bitmap Index Scan on sbtest3_pkey  (cost=0.00..22.72 rows=1029 width=0)
	        Index Cond: ((id >= 9200812) AND (id <= 9201811))

table 4 : explain SELECT c FROM sbtest4 WHERE id BETWEEN 5464578 AND 5465577
	Bitmap Heap Scan on sbtest4  (cost=22.79..3898.27 rows=1010 width=121)
	  Recheck Cond: ((id >= 5464578) AND (id <= 5465577))
	  ->  Bitmap Index Scan on sbtest4_pkey  (cost=0.00..22.54 rows=1010 width=0)
	        Index Cond: ((id >= 5464578) AND (id <= 5465577))

table 5 : explain SELECT c FROM sbtest5 WHERE id BETWEEN 2275433 AND 2276432
	Bitmap Heap Scan on sbtest5  (cost=27.38..4121.45 rows=1068 width=121)
	  Recheck Cond: ((id >= 2275433) AND (id <= 2276432))
	  ->  Bitmap Index Scan on sbtest5_pkey  (cost=0.00..27.11 rows=1068 width=0)
	        Index Cond: ((id >= 2275433) AND (id <= 2276432))

table 6 : explain SELECT c FROM sbtest6 WHERE id BETWEEN 3868236 AND 3869235
	Bitmap Heap Scan on sbtest6  (cost=21.75..3517.62 rows=909 width=121)
	  Recheck Cond: ((id >= 3868236) AND (id <= 3869235))
	  ->  Bitmap Index Scan on sbtest6_pkey  (cost=0.00..21.52 rows=909 width=0)
	        Index Cond: ((id >= 3868236) AND (id <= 3869235))

table 7 : explain SELECT c FROM sbtest7 WHERE id BETWEEN 35492 AND 36491
	Bitmap Heap Scan on sbtest7  (cost=23.45..4142.88 rows=1075 width=121)
	  Recheck Cond: ((id >= 35492) AND (id <= 36491))
	  ->  Bitmap Index Scan on sbtest7_pkey  (cost=0.00..23.18 rows=1075 width=0)
	        Index Cond: ((id >= 35492) AND (id <= 36491))

table 8 : explain SELECT c FROM sbtest8 WHERE id BETWEEN 6879668 AND 6880667
	Bitmap Heap Scan on sbtest8  (cost=23.08..4007.89 rows=1039 width=121)
	  Recheck Cond: ((id >= 6879668) AND (id <= 6880667))
	  ->  Bitmap Index Scan on sbtest8_pkey  (cost=0.00..22.82 rows=1039 width=0)
	        Index Cond: ((id >= 6879668) AND (id <= 6880667))

explain: for point_selects :: explain SELECT c FROM sbtest%u WHERE id=%u
for: sum_ranges
table 1 : explain SELECT SUM(k) FROM sbtest1 WHERE id BETWEEN 9793615 AND 9794614
	Aggregate  (cost=3353.28..3353.29 rows=1 width=8)
	  ->  Bitmap Heap Scan on sbtest1  (cost=21.30..3351.12 rows=865 width=4)
	        Recheck Cond: ((id >= 9793615) AND (id <= 9794614))
	        ->  Bitmap Index Scan on sbtest1_pkey  (cost=0.00..21.08 rows=865 width=0)
	              Index Cond: ((id >= 9793615) AND (id <= 9794614))

table 2 : explain SELECT SUM(k) FROM sbtest2 WHERE id BETWEEN 2799462 AND 2800461
	Aggregate  (cost=3683.02..3683.03 rows=1 width=8)
	  ->  Bitmap Heap Scan on sbtest2  (cost=22.19..3680.64 rows=952 width=4)
	        Recheck Cond: ((id >= 2799462) AND (id <= 2800461))
	        ->  Bitmap Index Scan on sbtest2_pkey  (cost=0.00..21.95 rows=952 width=0)
	              Index Cond: ((id >= 2799462) AND (id <= 2800461))

table 3 : explain SELECT SUM(k) FROM sbtest3 WHERE id BETWEEN 4266676 AND 4267675
	Aggregate  (cost=3828.43..3828.44 rows=1 width=8)
	  ->  Bitmap Heap Scan on sbtest3  (cost=22.59..3825.95 rows=991 width=4)
	        Recheck Cond: ((id >= 4266676) AND (id <= 4267675))
	        ->  Bitmap Index Scan on sbtest3_pkey  (cost=0.00..22.34 rows=991 width=0)
	              Index Cond: ((id >= 4266676) AND (id <= 4267675))

table 4 : explain SELECT SUM(k) FROM sbtest4 WHERE id BETWEEN 2927829 AND 2928828
	Aggregate  (cost=3648.14..3648.15 rows=1 width=8)
	  ->  Bitmap Heap Scan on sbtest4  (cost=22.10..3645.78 rows=943 width=4)
	        Recheck Cond: ((id >= 2927829) AND (id <= 2928828))
	        ->  Bitmap Index Scan on sbtest4_pkey  (cost=0.00..21.86 rows=943 width=0)
	              Index Cond: ((id >= 2927829) AND (id <= 2928828))

table 5 : explain SELECT SUM(k) FROM sbtest5 WHERE id BETWEEN 684237 AND 685236
	Aggregate  (cost=3924.62..3924.63 rows=1 width=8)
	  ->  Bitmap Heap Scan on sbtest5  (cost=26.84..3922.09 rows=1015 width=4)
	        Recheck Cond: ((id >= 684237) AND (id <= 685236))
	        ->  Bitmap Index Scan on sbtest5_pkey  (cost=0.00..26.58 rows=1015 width=0)
	              Index Cond: ((id >= 684237) AND (id <= 685236))

table 6 : explain SELECT SUM(k) FROM sbtest6 WHERE id BETWEEN 3809399 AND 3810398
	Aggregate  (cost=3689.87..3689.88 rows=1 width=8)
	  ->  Bitmap Heap Scan on sbtest6  (cost=22.21..3687.49 rows=954 width=4)
	        Recheck Cond: ((id >= 3809399) AND (id <= 3810398))
	        ->  Bitmap Index Scan on sbtest6_pkey  (cost=0.00..21.97 rows=954 width=0)
	              Index Cond: ((id >= 3809399) AND (id <= 3810398))

table 7 : explain SELECT SUM(k) FROM sbtest7 WHERE id BETWEEN 8481463 AND 8482462
	Aggregate  (cost=3659.64..3659.65 rows=1 width=8)
	  ->  Bitmap Heap Scan on sbtest7  (cost=22.13..3657.27 rows=946 width=4)
	        Recheck Cond: ((id >= 8481463) AND (id <= 8482462))
	        ->  Bitmap Index Scan on sbtest7_pkey  (cost=0.00..21.89 rows=946 width=0)
	              Index Cond: ((id >= 8481463) AND (id <= 8482462))

table 8 : explain SELECT SUM(k) FROM sbtest8 WHERE id BETWEEN 2515887 AND 2516886
	Aggregate  (cost=3874.91..3874.92 rows=1 width=8)
	  ->  Bitmap Heap Scan on sbtest8  (cost=22.72..3872.40 rows=1003 width=4)
	        Recheck Cond: ((id >= 2515887) AND (id <= 2516886))
	        ->  Bitmap Index Scan on sbtest8_pkey  (cost=0.00..22.46 rows=1003 width=0)
	              Index Cond: ((id >= 2515887) AND (id <= 2516886))

for: sum_ranges
table 1 : explain SELECT SUM(k) FROM sbtest1 WHERE id BETWEEN 501020 AND 502019
	Aggregate  (cost=3704.80..3704.81 rows=1 width=8)
	  ->  Bitmap Heap Scan on sbtest1  (cost=22.25..3702.41 rows=958 width=4)
	        Recheck Cond: ((id >= 501020) AND (id <= 502019))
	        ->  Bitmap Index Scan on sbtest1_pkey  (cost=0.00..22.01 rows=958 width=0)
	              Index Cond: ((id >= 501020) AND (id <= 502019))

table 2 : explain SELECT SUM(k) FROM sbtest2 WHERE id BETWEEN 1244088 AND 1245087
	Aggregate  (cost=3977.12..3977.13 rows=1 width=8)
	  ->  Bitmap Heap Scan on sbtest2  (cost=22.99..3974.55 rows=1030 width=4)
	        Recheck Cond: ((id >= 1244088) AND (id <= 1245087))
	        ->  Bitmap Index Scan on sbtest2_pkey  (cost=0.00..22.73 rows=1030 width=0)
	              Index Cond: ((id >= 1244088) AND (id <= 1245087))

table 3 : explain SELECT SUM(k) FROM sbtest3 WHERE id BETWEEN 5594018 AND 5595017
	Aggregate  (cost=3673.83..3673.84 rows=1 width=8)
	  ->  Bitmap Heap Scan on sbtest3  (cost=22.17..3671.46 rows=950 width=4)
	        Recheck Cond: ((id >= 5594018) AND (id <= 5595017))
	        ->  Bitmap Index Scan on sbtest3_pkey  (cost=0.00..21.93 rows=950 width=0)
	              Index Cond: ((id >= 5594018) AND (id <= 5595017))

table 4 : explain SELECT SUM(k) FROM sbtest4 WHERE id BETWEEN 9763845 AND 9764844
	Aggregate  (cost=3848.05..3848.06 rows=1 width=8)
	  ->  Bitmap Heap Scan on sbtest4  (cost=22.64..3845.56 rows=996 width=4)
	        Recheck Cond: ((id >= 9763845) AND (id <= 9764844))
	        ->  Bitmap Index Scan on sbtest4_pkey  (cost=0.00..22.39 rows=996 width=0)
	              Index Cond: ((id >= 9763845) AND (id <= 9764844))

table 5 : explain SELECT SUM(k) FROM sbtest5 WHERE id BETWEEN 6825442 AND 6826441
	Aggregate  (cost=4030.06..4030.07 rows=1 width=8)
	  ->  Bitmap Heap Scan on sbtest5  (cost=27.13..4027.45 rows=1043 width=4)
	        Recheck Cond: ((id >= 6825442) AND (id <= 6826441))
	        ->  Bitmap Index Scan on sbtest5_pkey  (cost=0.00..26.86 rows=1043 width=0)
	              Index Cond: ((id >= 6825442) AND (id <= 6826441))

table 6 : explain SELECT SUM(k) FROM sbtest6 WHERE id BETWEEN 9108655 AND 9109654
	Aggregate  (cost=4401.19..4401.20 rows=1 width=8)
	  ->  Bitmap Heap Scan on sbtest6  (cost=28.15..4398.33 rows=1143 width=4)
	        Recheck Cond: ((id >= 9108655) AND (id <= 9109654))
	        ->  Bitmap Index Scan on sbtest6_pkey  (cost=0.00..27.86 rows=1143 width=0)
	              Index Cond: ((id >= 9108655) AND (id <= 9109654))

table 7 : explain SELECT SUM(k) FROM sbtest7 WHERE id BETWEEN 734390 AND 735389
	Aggregate  (cost=3640.76..3640.77 rows=1 width=8)
	  ->  Bitmap Heap Scan on sbtest7  (cost=22.08..3638.41 rows=941 width=4)
	        Recheck Cond: ((id >= 734390) AND (id <= 735389))
	        ->  Bitmap Index Scan on sbtest7_pkey  (cost=0.00..21.84 rows=941 width=0)
	              Index Cond: ((id >= 734390) AND (id <= 735389))

table 8 : explain SELECT SUM(k) FROM sbtest8 WHERE id BETWEEN 2017030 AND 2018029
	Aggregate  (cost=4108.29..4108.30 rows=1 width=8)
	  ->  Bitmap Heap Scan on sbtest8  (cost=23.35..4105.63 rows=1065 width=4)
	        Recheck Cond: ((id >= 2017030) AND (id <= 2018029))
	        ->  Bitmap Index Scan on sbtest8_pkey  (cost=0.00..23.08 rows=1065 width=0)
	              Index Cond: ((id >= 2017030) AND (id <= 2018029))

for point_selects
table 1 : explain SELECT c FROM sbtest1 WHERE id=9597753
	Index Scan using sbtest1_pkey on sbtest1  (cost=0.43..8.45 rows=1 width=121)
	  Index Cond: (id = 9597753)

table 2 : explain SELECT c FROM sbtest2 WHERE id=622441
	Index Scan using sbtest2_pkey on sbtest2  (cost=0.43..8.45 rows=1 width=121)
	  Index Cond: (id = 622441)

table 3 : explain SELECT c FROM sbtest3 WHERE id=4677060
	Index Scan using sbtest3_pkey on sbtest3  (cost=0.43..8.45 rows=1 width=121)
	  Index Cond: (id = 4677060)

table 4 : explain SELECT c FROM sbtest4 WHERE id=4526608
	Index Scan using sbtest4_pkey on sbtest4  (cost=0.43..8.45 rows=1 width=121)
	  Index Cond: (id = 4526608)

table 5 : explain SELECT c FROM sbtest5 WHERE id=9699433
	Index Scan using sbtest5_pkey on sbtest5  (cost=0.43..8.45 rows=1 width=121)
	  Index Cond: (id = 9699433)

table 6 : explain SELECT c FROM sbtest6 WHERE id=4511636
	Index Scan using sbtest6_pkey on sbtest6  (cost=0.43..8.45 rows=1 width=121)
	  Index Cond: (id = 4511636)

table 7 : explain SELECT c FROM sbtest7 WHERE id=3086850
	Index Scan using sbtest7_pkey on sbtest7  (cost=0.43..8.45 rows=1 width=121)
	  Index Cond: (id = 3086850)

table 8 : explain SELECT c FROM sbtest8 WHERE id=7875999
	Index Scan using sbtest8_pkey on sbtest8  (cost=0.43..8.45 rows=1 width=121)
	  Index Cond: (id = 7875999)

for: order_ranges
table 1 : explain SELECT c FROM sbtest1 WHERE id BETWEEN 4423775 AND 4424774 ORDER BY c
	Sort  (cost=3780.46..3782.88 rows=966 width=121)
	  Sort Key: c
	  ->  Bitmap Heap Scan on sbtest1  (cost=22.34..3732.57 rows=966 width=121)
	        Recheck Cond: ((id >= 4423775) AND (id <= 4424774))
	        ->  Bitmap Index Scan on sbtest1_pkey  (cost=0.00..22.09 rows=966 width=0)
	              Index Cond: ((id >= 4423775) AND (id <= 4424774))

table 2 : explain SELECT c FROM sbtest2 WHERE id BETWEEN 149317 AND 150316 ORDER BY c
	Sort  (cost=3888.48..3890.97 rows=994 width=121)
	  Sort Key: c
	  ->  Bitmap Heap Scan on sbtest2  (cost=22.62..3839.00 rows=994 width=121)
	        Recheck Cond: ((id >= 149317) AND (id <= 150316))
	        ->  Bitmap Index Scan on sbtest2_pkey  (cost=0.00..22.37 rows=994 width=0)
	              Index Cond: ((id >= 149317) AND (id <= 150316))

table 3 : explain SELECT c FROM sbtest3 WHERE id BETWEEN 9314478 AND 9315477 ORDER BY c
	Sort  (cost=3457.88..3460.08 rows=882 width=121)
	  Sort Key: c
	  ->  Bitmap Heap Scan on sbtest3  (cost=21.48..3414.73 rows=882 width=121)
	        Recheck Cond: ((id >= 9314478) AND (id <= 9315477))
	        ->  Bitmap Index Scan on sbtest3_pkey  (cost=0.00..21.25 rows=882 width=0)
	              Index Cond: ((id >= 9314478) AND (id <= 9315477))

table 4 : explain SELECT c FROM sbtest4 WHERE id BETWEEN 699429 AND 700428 ORDER BY c
	Sort  (cost=4277.12..4279.86 rows=1096 width=121)
	  Sort Key: c
	  ->  Bitmap Heap Scan on sbtest4  (cost=27.67..4221.78 rows=1096 width=121)
	        Recheck Cond: ((id >= 699429) AND (id <= 700428))
	        ->  Bitmap Index Scan on sbtest4_pkey  (cost=0.00..27.39 rows=1096 width=0)
	              Index Cond: ((id >= 699429) AND (id <= 700428))

table 5 : explain SELECT c FROM sbtest5 WHERE id BETWEEN 8512096 AND 8513095 ORDER BY c
	Sort  (cost=3915.43..3917.93 rows=1000 width=121)
	  Sort Key: c
	  ->  Bitmap Heap Scan on sbtest5  (cost=26.68..3865.60 rows=1000 width=121)
	        Recheck Cond: ((id >= 8512096) AND (id <= 8513095))
	        ->  Bitmap Index Scan on sbtest5_pkey  (cost=0.00..26.43 rows=1000 width=0)
	              Index Cond: ((id >= 8512096) AND (id <= 8513095))

table 6 : explain SELECT c FROM sbtest6 WHERE id BETWEEN 3180722 AND 3181721 ORDER BY c
	Sort  (cost=3792.11..3794.54 rows=969 width=121)
	  Sort Key: c
	  ->  Bitmap Heap Scan on sbtest6  (cost=22.37..3744.05 rows=969 width=121)
	        Recheck Cond: ((id >= 3180722) AND (id <= 3181721))
	        ->  Bitmap Index Scan on sbtest6_pkey  (cost=0.00..22.12 rows=969 width=0)
	              Index Cond: ((id >= 3180722) AND (id <= 3181721))

table 7 : explain SELECT c FROM sbtest7 WHERE id BETWEEN 3894498 AND 3895497 ORDER BY c
	Sort  (cost=3451.01..3453.21 rows=880 width=121)
	  Sort Key: c
	  ->  Bitmap Heap Scan on sbtest7  (cost=21.45..3407.97 rows=880 width=121)
	        Recheck Cond: ((id >= 3894498) AND (id <= 3895497))
	        ->  Bitmap Index Scan on sbtest7_pkey  (cost=0.00..21.23 rows=880 width=0)
	              Index Cond: ((id >= 3894498) AND (id <= 3895497))

table 8 : explain SELECT c FROM sbtest8 WHERE id BETWEEN 4362580 AND 4363579 ORDER BY c
	Sort  (cost=3527.99..3530.24 rows=900 width=121)
	  Sort Key: c
	  ->  Bitmap Heap Scan on sbtest8  (cost=21.66..3483.83 rows=900 width=121)
	        Recheck Cond: ((id >= 4362580) AND (id <= 4363579))
	        ->  Bitmap Index Scan on sbtest8_pkey  (cost=0.00..21.43 rows=900 width=0)
	              Index Cond: ((id >= 4362580) AND (id <= 4363579))

for: order_ranges
table 1 : explain SELECT c FROM sbtest1 WHERE id BETWEEN 8966395 AND 8967394 ORDER BY c
	Sort  (cost=3830.20..3832.65 rows=979 width=121)
	  Sort Key: c
	  ->  Bitmap Heap Scan on sbtest1  (cost=22.47..3781.57 rows=979 width=121)
	        Recheck Cond: ((id >= 8966395) AND (id <= 8967394))
	        ->  Bitmap Index Scan on sbtest1_pkey  (cost=0.00..22.22 rows=979 width=0)
	              Index Cond: ((id >= 8966395) AND (id <= 8967394))

table 2 : explain SELECT c FROM sbtest2 WHERE id BETWEEN 9154667 AND 9155666 ORDER BY c
	Sort  (cost=4041.37..4043.96 rows=1034 width=121)
	  Sort Key: c
	  ->  Bitmap Heap Scan on sbtest2  (cost=23.03..3989.60 rows=1034 width=121)
	        Recheck Cond: ((id >= 9154667) AND (id <= 9155666))
	        ->  Bitmap Index Scan on sbtest2_pkey  (cost=0.00..22.77 rows=1034 width=0)
	              Index Cond: ((id >= 9154667) AND (id <= 9155666))

table 3 : explain SELECT c FROM sbtest3 WHERE id BETWEEN 5992956 AND 5993955 ORDER BY c
	Sort  (cost=3794.97..3797.40 rows=970 width=121)
	  Sort Key: c
	  ->  Bitmap Heap Scan on sbtest3  (cost=22.38..3746.85 rows=970 width=121)
	        Recheck Cond: ((id >= 5992956) AND (id <= 5993955))
	        ->  Bitmap Index Scan on sbtest3_pkey  (cost=0.00..22.14 rows=970 width=0)
	              Index Cond: ((id >= 5992956) AND (id <= 5993955))

table 4 : explain SELECT c FROM sbtest4 WHERE id BETWEEN 5055938 AND 5056937 ORDER BY c
	Sort  (cost=3895.16..3897.65 rows=996 width=121)
	  Sort Key: c
	  ->  Bitmap Heap Scan on sbtest4  (cost=22.64..3845.56 rows=996 width=121)
	        Recheck Cond: ((id >= 5055938) AND (id <= 5056937))
	        ->  Bitmap Index Scan on sbtest4_pkey  (cost=0.00..22.39 rows=996 width=0)
	              Index Cond: ((id >= 5055938) AND (id <= 5056937))

table 5 : explain SELECT c FROM sbtest5 WHERE id BETWEEN 5992314 AND 5993313 ORDER BY c
	Sort  (cost=3834.92..3837.37 rows=980 width=121)
	  Sort Key: c
	  ->  Bitmap Heap Scan on sbtest5  (cost=22.48..3786.24 rows=980 width=121)
	        Recheck Cond: ((id >= 5992314) AND (id <= 5993313))
	        ->  Bitmap Index Scan on sbtest5_pkey  (cost=0.00..22.23 rows=980 width=0)
	              Index Cond: ((id >= 5992314) AND (id <= 5993313))

table 6 : explain SELECT c FROM sbtest6 WHERE id BETWEEN 3391822 AND 3392821 ORDER BY c
	Sort  (cost=4699.73..4702.75 rows=1207 width=121)
	  Sort Key: c
	  ->  Bitmap Heap Scan on sbtest6  (cost=28.81..4637.95 rows=1207 width=121)
	        Recheck Cond: ((id >= 3391822) AND (id <= 3392821))
	        ->  Bitmap Index Scan on sbtest6_pkey  (cost=0.00..28.50 rows=1207 width=0)
	              Index Cond: ((id >= 3391822) AND (id <= 3392821))

table 7 : explain SELECT c FROM sbtest7 WHERE id BETWEEN 2357683 AND 2358682 ORDER BY c
	Sort  (cost=4048.18..4050.77 rows=1036 width=121)
	  Sort Key: c
	  ->  Bitmap Heap Scan on sbtest7  (cost=23.05..3996.29 rows=1036 width=121)
	        Recheck Cond: ((id >= 2357683) AND (id <= 2358682))
	        ->  Bitmap Index Scan on sbtest7_pkey  (cost=0.00..22.79 rows=1036 width=0)
	              Index Cond: ((id >= 2357683) AND (id <= 2358682))

table 8 : explain SELECT c FROM sbtest8 WHERE id BETWEEN 3073362 AND 3074361 ORDER BY c
	Sort  (cost=4048.49..4051.08 rows=1036 width=121)
	  Sort Key: c
	  ->  Bitmap Heap Scan on sbtest8  (cost=23.05..3996.60 rows=1036 width=121)
	        Recheck Cond: ((id >= 3073362) AND (id <= 3074361))
	        ->  Bitmap Index Scan on sbtest8_pkey  (cost=0.00..22.79 rows=1036 width=0)
	              Index Cond: ((id >= 3073362) AND (id <= 3074361))

for: simple_ranges
table 1 : explain SELECT c FROM sbtest1 WHERE id BETWEEN 7349252 AND 7350251
	Bitmap Heap Scan on sbtest1  (cost=23.11..4014.95 rows=1041 width=121)
	  Recheck Cond: ((id >= 7349252) AND (id <= 7350251))
	  ->  Bitmap Index Scan on sbtest1_pkey  (cost=0.00..22.84 rows=1041 width=0)
	        Index Cond: ((id >= 7349252) AND (id <= 7350251))

table 2 : explain SELECT c FROM sbtest2 WHERE id BETWEEN 4437924 AND 4438923
	Bitmap Heap Scan on sbtest2  (cost=27.59..4196.59 rows=1088 width=121)
	  Recheck Cond: ((id >= 4437924) AND (id <= 4438923))
	  ->  Bitmap Index Scan on sbtest2_pkey  (cost=0.00..27.32 rows=1088 width=0)
	        Index Cond: ((id >= 4437924) AND (id <= 4438923))

table 3 : explain SELECT c FROM sbtest3 WHERE id BETWEEN 5424025 AND 5425024
	Bitmap Heap Scan on sbtest3  (cost=23.07..4002.78 rows=1038 width=121)
	  Recheck Cond: ((id >= 5424025) AND (id <= 5425024))
	  ->  Bitmap Index Scan on sbtest3_pkey  (cost=0.00..22.82 rows=1038 width=0)
	        Index Cond: ((id >= 5424025) AND (id <= 5425024))

table 4 : explain SELECT c FROM sbtest4 WHERE id BETWEEN 4124982 AND 4125981
	Bitmap Heap Scan on sbtest4  (cost=23.58..4187.73 rows=1087 width=121)
	  Recheck Cond: ((id >= 4124982) AND (id <= 4125981))
	  ->  Bitmap Index Scan on sbtest4_pkey  (cost=0.00..23.30 rows=1087 width=0)
	        Index Cond: ((id >= 4124982) AND (id <= 4125981))

table 5 : explain SELECT c FROM sbtest5 WHERE id BETWEEN 2793352 AND 2794351
	Bitmap Heap Scan on sbtest5  (cost=22.48..3786.24 rows=980 width=121)
	  Recheck Cond: ((id >= 2793352) AND (id <= 2794351))
	  ->  Bitmap Index Scan on sbtest5_pkey  (cost=0.00..22.23 rows=980 width=0)
	        Index Cond: ((id >= 2793352) AND (id <= 2794351))

table 6 : explain SELECT c FROM sbtest6 WHERE id BETWEEN 1972545 AND 1973544
	Bitmap Heap Scan on sbtest6  (cost=22.10..3645.99 rows=943 width=121)
	  Recheck Cond: ((id >= 1972545) AND (id <= 1973544))
	  ->  Bitmap Index Scan on sbtest6_pkey  (cost=0.00..21.86 rows=943 width=0)
	        Index Cond: ((id >= 1972545) AND (id <= 1973544))

table 7 : explain SELECT c FROM sbtest7 WHERE id BETWEEN 4928436 AND 4929435
	Bitmap Heap Scan on sbtest7  (cost=21.75..3517.59 rows=909 width=121)
	  Recheck Cond: ((id >= 4928436) AND (id <= 4929435))
	  ->  Bitmap Index Scan on sbtest7_pkey  (cost=0.00..21.52 rows=909 width=0)
	        Index Cond: ((id >= 4928436) AND (id <= 4929435))

table 8 : explain SELECT c FROM sbtest8 WHERE id BETWEEN 4721165 AND 4722164
	Bitmap Heap Scan on sbtest8  (cost=22.84..3917.58 rows=1015 width=121)
	  Recheck Cond: ((id >= 4721165) AND (id <= 4722164))
	  ->  Bitmap Index Scan on sbtest8_pkey  (cost=0.00..22.58 rows=1015 width=0)
	        Index Cond: ((id >= 4721165) AND (id <= 4722164))

for: distinct_ranges
table 1 : explain SELECT DISTINCT c FROM sbtest1 WHERE id BETWEEN 9941424 AND 9942423 ORDER BY c
	Unique  (cost=3776.64..3781.46 rows=965 width=121)
	  ->  Sort  (cost=3776.64..3779.05 rows=965 width=121)
	        Sort Key: c
	        ->  Bitmap Heap Scan on sbtest1  (cost=22.33..3728.80 rows=965 width=121)
	              Recheck Cond: ((id >= 9941424) AND (id <= 9942423))
	              ->  Bitmap Index Scan on sbtest1_pkey  (cost=0.00..22.08 rows=965 width=0)
	                    Index Cond: ((id >= 9941424) AND (id <= 9942423))

table 2 : explain SELECT DISTINCT c FROM sbtest2 WHERE id BETWEEN 2031251 AND 2032250 ORDER BY c
	Unique  (cost=3766.03..3770.84 rows=962 width=121)
	  ->  Sort  (cost=3766.03..3768.44 rows=962 width=121)
	        Sort Key: c
	        ->  Bitmap Heap Scan on sbtest2  (cost=22.30..3718.37 rows=962 width=121)
	              Recheck Cond: ((id >= 2031251) AND (id <= 2032250))
	              ->  Bitmap Index Scan on sbtest2_pkey  (cost=0.00..22.05 rows=962 width=0)
	                    Index Cond: ((id >= 2031251) AND (id <= 2032250))

table 3 : explain SELECT DISTINCT c FROM sbtest3 WHERE id BETWEEN 3768597 AND 3769596 ORDER BY c
	Unique  (cost=3680.16..3684.86 rows=940 width=121)
	  ->  Sort  (cost=3680.16..3682.51 rows=940 width=121)
	        Sort Key: c
	        ->  Bitmap Heap Scan on sbtest3  (cost=22.07..3633.74 rows=940 width=121)
	              Recheck Cond: ((id >= 3768597) AND (id <= 3769596))
	              ->  Bitmap Index Scan on sbtest3_pkey  (cost=0.00..21.83 rows=940 width=0)
	                    Index Cond: ((id >= 3768597) AND (id <= 3769596))

table 4 : explain SELECT DISTINCT c FROM sbtest4 WHERE id BETWEEN 2112463 AND 2113462 ORDER BY c
	Unique  (cost=3944.85..3949.90 rows=1009 width=121)
	  ->  Sort  (cost=3944.85..3947.37 rows=1009 width=121)
	        Sort Key: c
	        ->  Bitmap Heap Scan on sbtest4  (cost=22.78..3894.51 rows=1009 width=121)
	              Recheck Cond: ((id >= 2112463) AND (id <= 2113462))
	              ->  Bitmap Index Scan on sbtest4_pkey  (cost=0.00..22.52 rows=1009 width=0)
	                    Index Cond: ((id >= 2112463) AND (id <= 2113462))

table 5 : explain SELECT DISTINCT c FROM sbtest5 WHERE id BETWEEN 9704814 AND 9705813 ORDER BY c
	Unique  (cost=3965.13..3970.19 rows=1013 width=121)
	  ->  Sort  (cost=3965.13..3967.66 rows=1013 width=121)
	        Sort Key: c
	        ->  Bitmap Heap Scan on sbtest5  (cost=26.82..3914.56 rows=1013 width=121)
	              Recheck Cond: ((id >= 9704814) AND (id <= 9705813))
	              ->  Bitmap Index Scan on sbtest5_pkey  (cost=0.00..26.57 rows=1013 width=0)
	                    Index Cond: ((id >= 9704814) AND (id <= 9705813))

table 6 : explain SELECT DISTINCT c FROM sbtest6 WHERE id BETWEEN 1502125 AND 1503124 ORDER BY c
	Unique  (cost=3830.37..3835.27 rows=979 width=121)
	  ->  Sort  (cost=3830.37..3832.82 rows=979 width=121)
	        Sort Key: c
	        ->  Bitmap Heap Scan on sbtest6  (cost=22.47..3781.74 rows=979 width=121)
	              Recheck Cond: ((id >= 1502125) AND (id <= 1503124))
	              ->  Bitmap Index Scan on sbtest6_pkey  (cost=0.00..22.22 rows=979 width=0)
	                    Index Cond: ((id >= 1502125) AND (id <= 1503124))

table 7 : explain SELECT DISTINCT c FROM sbtest7 WHERE id BETWEEN 8996871 AND 8997870 ORDER BY c
	Unique  (cost=4002.35..4007.47 rows=1024 width=121)
	  ->  Sort  (cost=4002.35..4004.91 rows=1024 width=121)
	        Sort Key: c
	        ->  Bitmap Heap Scan on sbtest7  (cost=22.93..3951.15 rows=1024 width=121)
	              Recheck Cond: ((id >= 8996871) AND (id <= 8997870))
	              ->  Bitmap Index Scan on sbtest7_pkey  (cost=0.00..22.68 rows=1024 width=0)
	                    Index Cond: ((id >= 8996871) AND (id <= 8997870))

table 8 : explain SELECT DISTINCT c FROM sbtest8 WHERE id BETWEEN 6539745 AND 6540744 ORDER BY c
	Unique  (cost=3933.87..3938.90 rows=1006 width=121)
	  ->  Sort  (cost=3933.87..3936.39 rows=1006 width=121)
	        Sort Key: c
	        ->  Bitmap Heap Scan on sbtest8  (cost=22.75..3883.70 rows=1006 width=121)
	              Recheck Cond: ((id >= 6539745) AND (id <= 6540744))
	              ->  Bitmap Index Scan on sbtest8_pkey  (cost=0.00..22.50 rows=1006 width=0)
	                    Index Cond: ((id >= 6539745) AND (id <= 6540744))

for: distinct_ranges
table 1 : explain SELECT DISTINCT c FROM sbtest1 WHERE id BETWEEN 7223307 AND 7224306 ORDER BY c
	Unique  (cost=3860.80..3865.73 rows=987 width=121)
	  ->  Sort  (cost=3860.80..3863.27 rows=987 width=121)
	        Sort Key: c
	        ->  Bitmap Heap Scan on sbtest1  (cost=22.55..3811.71 rows=987 width=121)
	              Recheck Cond: ((id >= 7223307) AND (id <= 7224306))
	              ->  Bitmap Index Scan on sbtest1_pkey  (cost=0.00..22.30 rows=987 width=0)
	                    Index Cond: ((id >= 7223307) AND (id <= 7224306))

table 2 : explain SELECT DISTINCT c FROM sbtest2 WHERE id BETWEEN 9292371 AND 9293370 ORDER BY c
	Unique  (cost=4232.40..4237.81 rows=1083 width=121)
	  ->  Sort  (cost=4232.40..4235.11 rows=1083 width=121)
	        Sort Key: c
	        ->  Bitmap Heap Scan on sbtest2  (cost=27.54..4177.81 rows=1083 width=121)
	              Recheck Cond: ((id >= 9292371) AND (id <= 9293370))
	              ->  Bitmap Index Scan on sbtest2_pkey  (cost=0.00..27.26 rows=1083 width=0)
	                    Index Cond: ((id >= 9292371) AND (id <= 9293370))

table 3 : explain SELECT DISTINCT c FROM sbtest3 WHERE id BETWEEN 5835731 AND 5836730 ORDER BY c
	Unique  (cost=3768.19..3773.01 rows=963 width=121)
	  ->  Sort  (cost=3768.19..3770.60 rows=963 width=121)
	        Sort Key: c
	        ->  Bitmap Heap Scan on sbtest3  (cost=22.31..3720.47 rows=963 width=121)
	              Recheck Cond: ((id >= 5835731) AND (id <= 5836730))
	              ->  Bitmap Index Scan on sbtest3_pkey  (cost=0.00..22.07 rows=963 width=0)
	                    Index Cond: ((id >= 5835731) AND (id <= 5836730))

table 4 : explain SELECT DISTINCT c FROM sbtest4 WHERE id BETWEEN 2968080 AND 2969079 ORDER BY c
	Unique  (cost=3841.63..3846.54 rows=982 width=121)
	  ->  Sort  (cost=3841.63..3844.08 rows=982 width=121)
	        Sort Key: c
	        ->  Bitmap Heap Scan on sbtest4  (cost=22.50..3792.83 rows=982 width=121)
	              Recheck Cond: ((id >= 2968080) AND (id <= 2969079))
	              ->  Bitmap Index Scan on sbtest4_pkey  (cost=0.00..22.25 rows=982 width=0)
	                    Index Cond: ((id >= 2968080) AND (id <= 2969079))

table 5 : explain SELECT DISTINCT c FROM sbtest5 WHERE id BETWEEN 4236612 AND 4237611 ORDER BY c
	Unique  (cost=3857.88..3862.81 rows=986 width=121)
	  ->  Sort  (cost=3857.88..3860.35 rows=986 width=121)
	        Sort Key: c
	        ->  Bitmap Heap Scan on sbtest5  (cost=22.54..3808.85 rows=986 width=121)
	              Recheck Cond: ((id >= 4236612) AND (id <= 4237611))
	              ->  Bitmap Index Scan on sbtest5_pkey  (cost=0.00..22.29 rows=986 width=0)
	                    Index Cond: ((id >= 4236612) AND (id <= 4237611))

table 6 : explain SELECT DISTINCT c FROM sbtest6 WHERE id BETWEEN 7467563 AND 7468562 ORDER BY c
	Unique  (cost=3834.20..3839.10 rows=980 width=121)
	  ->  Sort  (cost=3834.20..3836.65 rows=980 width=121)
	        Sort Key: c
	        ->  Bitmap Heap Scan on sbtest6  (cost=22.48..3785.51 rows=980 width=121)
	              Recheck Cond: ((id >= 7467563) AND (id <= 7468562))
	              ->  Bitmap Index Scan on sbtest6_pkey  (cost=0.00..22.23 rows=980 width=0)
	                    Index Cond: ((id >= 7467563) AND (id <= 7468562))

table 7 : explain SELECT DISTINCT c FROM sbtest7 WHERE id BETWEEN 4693866 AND 4694865 ORDER BY c
	Unique  (cost=3753.80..3758.60 rows=959 width=121)
	  ->  Sort  (cost=3753.80..3756.20 rows=959 width=121)
	        Sort Key: c
	        ->  Bitmap Heap Scan on sbtest7  (cost=22.26..3706.31 rows=959 width=121)
	              Recheck Cond: ((id >= 4693866) AND (id <= 4694865))
	              ->  Bitmap Index Scan on sbtest7_pkey  (cost=0.00..22.02 rows=959 width=0)
	                    Index Cond: ((id >= 4693866) AND (id <= 4694865))

table 8 : explain SELECT DISTINCT c FROM sbtest8 WHERE id BETWEEN 2359704 AND 2360703 ORDER BY c
	Unique  (cost=4010.29..4015.42 rows=1026 width=121)
	  ->  Sort  (cost=4010.29..4012.86 rows=1026 width=121)
	        Sort Key: c
	        ->  Bitmap Heap Scan on sbtest8  (cost=22.95..3958.98 rows=1026 width=121)
	              Recheck Cond: ((id >= 2359704) AND (id <= 2360703))
	              ->  Bitmap Index Scan on sbtest8_pkey  (cost=0.00..22.69 rows=1026 width=0)
	                    Index Cond: ((id >= 2359704) AND (id <= 2360703))

for: sum_ranges
table 1 : explain SELECT SUM(k) FROM sbtest1 WHERE id BETWEEN 5948190 AND 5949189
	Aggregate  (cost=3644.41..3644.42 rows=1 width=8)
	  ->  Bitmap Heap Scan on sbtest1  (cost=22.09..3642.05 rows=942 width=4)
	        Recheck Cond: ((id >= 5948190) AND (id <= 5949189))
	        ->  Bitmap Index Scan on sbtest1_pkey  (cost=0.00..21.86 rows=942 width=0)
	              Index Cond: ((id >= 5948190) AND (id <= 5949189))

table 2 : explain SELECT SUM(k) FROM sbtest2 WHERE id BETWEEN 7441849 AND 7442848
	Aggregate  (cost=4003.48..4003.49 rows=1 width=8)
	  ->  Bitmap Heap Scan on sbtest2  (cost=23.06..4000.89 rows=1037 width=4)
	        Recheck Cond: ((id >= 7441849) AND (id <= 7442848))
	        ->  Bitmap Index Scan on sbtest2_pkey  (cost=0.00..22.80 rows=1037 width=0)
	              Index Cond: ((id >= 7441849) AND (id <= 7442848))

table 3 : explain SELECT SUM(k) FROM sbtest3 WHERE id BETWEEN 2405775 AND 2406774
	Aggregate  (cost=3639.87..3639.88 rows=1 width=8)
	  ->  Bitmap Heap Scan on sbtest3  (cost=22.08..3637.52 rows=941 width=4)
	        Recheck Cond: ((id >= 2405775) AND (id <= 2406774))
	        ->  Bitmap Index Scan on sbtest3_pkey  (cost=0.00..21.84 rows=941 width=0)
	              Index Cond: ((id >= 2405775) AND (id <= 2406774))

table 4 : explain SELECT SUM(k) FROM sbtest4 WHERE id BETWEEN 9778941 AND 9779940
	Aggregate  (cost=3848.05..3848.06 rows=1 width=8)
	  ->  Bitmap Heap Scan on sbtest4  (cost=22.64..3845.56 rows=996 width=4)
	        Recheck Cond: ((id >= 9778941) AND (id <= 9779940))
	        ->  Bitmap Index Scan on sbtest4_pkey  (cost=0.00..22.39 rows=996 width=0)
	              Index Cond: ((id >= 9778941) AND (id <= 9779940))

table 5 : explain SELECT SUM(k) FROM sbtest5 WHERE id BETWEEN 8895146 AND 8896145
	Aggregate  (cost=3645.26..3645.27 rows=1 width=8)
	  ->  Bitmap Heap Scan on sbtest5  (cost=22.09..3642.90 rows=942 width=4)
	        Recheck Cond: ((id >= 8895146) AND (id <= 8896145))
	        ->  Bitmap Index Scan on sbtest5_pkey  (cost=0.00..21.86 rows=942 width=0)
	              Index Cond: ((id >= 8895146) AND (id <= 8896145))

table 6 : explain SELECT SUM(k) FROM sbtest6 WHERE id BETWEEN 4347518 AND 4348517
	Aggregate  (cost=3769.10..3769.11 rows=1 width=8)
	  ->  Bitmap Heap Scan on sbtest6  (cost=22.43..3766.67 rows=975 width=4)
	        Recheck Cond: ((id >= 4347518) AND (id <= 4348517))
	        ->  Bitmap Index Scan on sbtest6_pkey  (cost=0.00..22.18 rows=975 width=0)
	              Index Cond: ((id >= 4347518) AND (id <= 4348517))

table 7 : explain SELECT SUM(k) FROM sbtest7 WHERE id BETWEEN 5619194 AND 5620193
	Aggregate  (cost=3972.53..3972.54 rows=1 width=8)
	  ->  Bitmap Heap Scan on sbtest7  (cost=22.98..3969.96 rows=1029 width=4)
	        Recheck Cond: ((id >= 5619194) AND (id <= 5620193))
	        ->  Bitmap Index Scan on sbtest7_pkey  (cost=0.00..22.72 rows=1029 width=0)
	              Index Cond: ((id >= 5619194) AND (id <= 5620193))

table 8 : explain SELECT SUM(k) FROM sbtest8 WHERE id BETWEEN 5171634 AND 5172633
	Aggregate  (cost=3807.06..3807.07 rows=1 width=8)
	  ->  Bitmap Heap Scan on sbtest8  (cost=22.53..3804.60 rows=985 width=4)
	        Recheck Cond: ((id >= 5171634) AND (id <= 5172633))
	        ->  Bitmap Index Scan on sbtest8_pkey  (cost=0.00..22.29 rows=985 width=0)
	              Index Cond: ((id >= 5171634) AND (id <= 5172633))

for: order_ranges
table 1 : explain SELECT c FROM sbtest1 WHERE id BETWEEN 785656 AND 786655 ORDER BY c
	Sort  (cost=3971.65..3974.19 rows=1016 width=121)
	  Sort Key: c
	  ->  Bitmap Heap Scan on sbtest1  (cost=22.85..3920.90 rows=1016 width=121)
	        Recheck Cond: ((id >= 785656) AND (id <= 786655))
	        ->  Bitmap Index Scan on sbtest1_pkey  (cost=0.00..22.59 rows=1016 width=0)
	              Index Cond: ((id >= 785656) AND (id <= 786655))

table 2 : explain SELECT c FROM sbtest2 WHERE id BETWEEN 143896 AND 144895 ORDER BY c
	Sort  (cost=3888.48..3890.97 rows=994 width=121)
	  Sort Key: c
	  ->  Bitmap Heap Scan on sbtest2  (cost=22.62..3839.00 rows=994 width=121)
	        Recheck Cond: ((id >= 143896) AND (id <= 144895))
	        ->  Bitmap Index Scan on sbtest2_pkey  (cost=0.00..22.37 rows=994 width=0)
	              Index Cond: ((id >= 143896) AND (id <= 144895))

table 3 : explain SELECT c FROM sbtest3 WHERE id BETWEEN 7401533 AND 7402532 ORDER BY c
	Sort  (cost=3944.05..3946.57 rows=1009 width=121)
	  Sort Key: c
	  ->  Bitmap Heap Scan on sbtest3  (cost=22.78..3893.71 rows=1009 width=121)
	        Recheck Cond: ((id >= 7401533) AND (id <= 7402532))
	        ->  Bitmap Index Scan on sbtest3_pkey  (cost=0.00..22.52 rows=1009 width=0)
	              Index Cond: ((id >= 7401533) AND (id <= 7402532))

table 4 : explain SELECT c FROM sbtest4 WHERE id BETWEEN 5281474 AND 5282473 ORDER BY c
	Sort  (cost=3929.56..3932.08 rows=1005 width=121)
	  Sort Key: c
	  ->  Bitmap Heap Scan on sbtest4  (cost=22.74..3879.45 rows=1005 width=121)
	        Recheck Cond: ((id >= 5281474) AND (id <= 5282473))
	        ->  Bitmap Index Scan on sbtest4_pkey  (cost=0.00..22.48 rows=1005 width=0)
	              Index Cond: ((id >= 5281474) AND (id <= 5282473))

table 5 : explain SELECT c FROM sbtest5 WHERE id BETWEEN 9405334 AND 9406333 ORDER BY c
	Sort  (cost=3796.65..3799.08 rows=970 width=121)
	  Sort Key: c
	  ->  Bitmap Heap Scan on sbtest5  (cost=22.38..3748.53 rows=970 width=121)
	        Recheck Cond: ((id >= 9405334) AND (id <= 9406333))
	        ->  Bitmap Index Scan on sbtest5_pkey  (cost=0.00..22.14 rows=970 width=0)
	              Index Cond: ((id >= 9405334) AND (id <= 9406333))

table 6 : explain SELECT c FROM sbtest6 WHERE id BETWEEN 5917295 AND 5918294 ORDER BY c
	Sort  (cost=3493.25..3495.48 rows=891 width=121)
	  Sort Key: c
	  ->  Bitmap Heap Scan on sbtest6  (cost=21.57..3449.60 rows=891 width=121)
	        Recheck Cond: ((id >= 5917295) AND (id <= 5918294))
	        ->  Bitmap Index Scan on sbtest6_pkey  (cost=0.00..21.34 rows=891 width=0)
	              Index Cond: ((id >= 5917295) AND (id <= 5918294))

table 7 : explain SELECT c FROM sbtest7 WHERE id BETWEEN 7050759 AND 7051758 ORDER BY c
	Sort  (cost=4189.38..4192.06 rows=1073 width=121)
	  Sort Key: c
	  ->  Bitmap Heap Scan on sbtest7  (cost=23.43..4135.36 rows=1073 width=121)
	        Recheck Cond: ((id >= 7050759) AND (id <= 7051758))
	        ->  Bitmap Index Scan on sbtest7_pkey  (cost=0.00..23.16 rows=1073 width=0)
	              Index Cond: ((id >= 7050759) AND (id <= 7051758))

table 8 : explain SELECT c FROM sbtest8 WHERE id BETWEEN 5420565 AND 5421564 ORDER BY c
	Sort  (cost=3643.01..3645.33 rows=930 width=121)
	  Sort Key: c
	  ->  Bitmap Heap Scan on sbtest8  (cost=21.97..3597.15 rows=930 width=121)
	        Recheck Cond: ((id >= 5420565) AND (id <= 5421564))
	        ->  Bitmap Index Scan on sbtest8_pkey  (cost=0.00..21.73 rows=930 width=0)
	              Index Cond: ((id >= 5420565) AND (id <= 5421564))

for: distinct_ranges
table 1 : explain SELECT DISTINCT c FROM sbtest1 WHERE id BETWEEN 5273649 AND 5274648 ORDER BY c
	Unique  (cost=3814.90..3819.77 rows=975 width=121)
	  ->  Sort  (cost=3814.90..3817.34 rows=975 width=121)
	        Sort Key: c
	        ->  Bitmap Heap Scan on sbtest1  (cost=22.43..3766.49 rows=975 width=121)
	              Recheck Cond: ((id >= 5273649) AND (id <= 5274648))
	              ->  Bitmap Index Scan on sbtest1_pkey  (cost=0.00..22.18 rows=975 width=0)
	                    Index Cond: ((id >= 5273649) AND (id <= 5274648))

table 2 : explain SELECT DISTINCT c FROM sbtest2 WHERE id BETWEEN 7750058 AND 7751057 ORDER BY c
	Unique  (cost=3999.35..4004.46 rows=1023 width=121)
	  ->  Sort  (cost=3999.35..4001.91 rows=1023 width=121)
	        Sort Key: c
	        ->  Bitmap Heap Scan on sbtest2  (cost=22.92..3948.20 rows=1023 width=121)
	              Recheck Cond: ((id >= 7750058) AND (id <= 7751057))
	              ->  Bitmap Index Scan on sbtest2_pkey  (cost=0.00..22.66 rows=1023 width=0)
	                    Index Cond: ((id >= 7750058) AND (id <= 7751057))

table 3 : explain SELECT DISTINCT c FROM sbtest3 WHERE id BETWEEN 7989499 AND 7990498 ORDER BY c
	Unique  (cost=3890.56..3895.53 rows=995 width=121)
	  ->  Sort  (cost=3890.56..3893.04 rows=995 width=121)
	        Sort Key: c
	        ->  Bitmap Heap Scan on sbtest3  (cost=22.63..3841.01 rows=995 width=121)
	              Recheck Cond: ((id >= 7989499) AND (id <= 7990498))
	              ->  Bitmap Index Scan on sbtest3_pkey  (cost=0.00..22.39 rows=995 width=0)
	                    Index Cond: ((id >= 7989499) AND (id <= 7990498))

table 4 : explain SELECT DISTINCT c FROM sbtest4 WHERE id BETWEEN 1061353 AND 1062352 ORDER BY c
	Unique  (cost=4009.80..4014.93 rows=1026 width=121)
	  ->  Sort  (cost=4009.80..4012.36 rows=1026 width=121)
	        Sort Key: c
	        ->  Bitmap Heap Scan on sbtest4  (cost=22.95..3958.48 rows=1026 width=121)
	              Recheck Cond: ((id >= 1061353) AND (id <= 1062352))
	              ->  Bitmap Index Scan on sbtest4_pkey  (cost=0.00..22.69 rows=1026 width=0)
	                    Index Cond: ((id >= 1061353) AND (id <= 1062352))

table 5 : explain SELECT DISTINCT c FROM sbtest5 WHERE id BETWEEN 3257566 AND 3258565 ORDER BY c
	Unique  (cost=4415.41..4421.07 rows=1132 width=121)
	  ->  Sort  (cost=4415.41..4418.24 rows=1132 width=121)
	        Sort Key: c
	        ->  Bitmap Heap Scan on sbtest5  (cost=28.04..4358.00 rows=1132 width=121)
	              Recheck Cond: ((id >= 3257566) AND (id <= 3258565))
	              ->  Bitmap Index Scan on sbtest5_pkey  (cost=0.00..27.75 rows=1132 width=0)
	                    Index Cond: ((id >= 3257566) AND (id <= 3258565))

table 6 : explain SELECT DISTINCT c FROM sbtest6 WHERE id BETWEEN 2928362 AND 2929361 ORDER BY c
	Unique  (cost=3700.24..3704.96 rows=945 width=121)
	  ->  Sort  (cost=3700.24..3702.60 rows=945 width=121)
	        Sort Key: c
	        ->  Bitmap Heap Scan on sbtest6  (cost=22.12..3653.54 rows=945 width=121)
	              Recheck Cond: ((id >= 2928362) AND (id <= 2929361))
	              ->  Bitmap Index Scan on sbtest6_pkey  (cost=0.00..21.89 rows=945 width=0)
	                    Index Cond: ((id >= 2928362) AND (id <= 2929361))

table 7 : explain SELECT DISTINCT c FROM sbtest7 WHERE id BETWEEN 8783818 AND 8784817 ORDER BY c
	Unique  (cost=3600.59..3605.19 rows=919 width=121)
	  ->  Sort  (cost=3600.59..3602.89 rows=919 width=121)
	        Sort Key: c
	        ->  Bitmap Heap Scan on sbtest7  (cost=21.85..3555.36 rows=919 width=121)
	              Recheck Cond: ((id >= 8783818) AND (id <= 8784817))
	              ->  Bitmap Index Scan on sbtest7_pkey  (cost=0.00..21.62 rows=919 width=0)
	                    Index Cond: ((id >= 8783818) AND (id <= 8784817))

table 8 : explain SELECT DISTINCT c FROM sbtest8 WHERE id BETWEEN 5033190 AND 5034189 ORDER BY c
	Unique  (cost=4017.93..4023.07 rows=1028 width=121)
	  ->  Sort  (cost=4017.93..4020.50 rows=1028 width=121)
	        Sort Key: c
	        ->  Bitmap Heap Scan on sbtest8  (cost=22.97..3966.51 rows=1028 width=121)
	              Recheck Cond: ((id >= 5033190) AND (id <= 5034189))
	              ->  Bitmap Index Scan on sbtest8_pkey  (cost=0.00..22.71 rows=1028 width=0)
	                    Index Cond: ((id >= 5033190) AND (id <= 5034189))

Threads started!

Warming up for 5 seconds...

SQL statistics:
    queries performed:
        read:                            124049883
        write:                           0
        other:                           22554542
        total:                           146604425
    transactions:                        11277291 (17899.96 per sec.)
    queries:                             146604425 (232698.95 per sec.)
    ignored errors:                      0      (0.00 per sec.)
    reconnects:                          0      (0.00 per sec.)

Throughput:
    events/s (eps):                      17899.9627
    time elapsed:                        630.0177s
    total number of events:              11277291

Latency (ms):
         min:                                    0.49
         avg:                                    2.23
         max:                                   25.97
         95th percentile:                        2.39
         sum:                             25187959.33

Threads fairness:
    events (avg/stddev):           281932.0750/1022.25
    execution time (avg/stddev):   629.6990/0.01

