LUA_PATH=/home/mdcallag/git/mytools/bench/sysbench.lua/lua/?.lua /home/mdcallag/git/mytools/bench/sysbench.lua/lua/sysbench --db-driver=pgsql --range-size=100 --table-size=10000000 --tables=8 --threads=40 --events=0 --warmup-time=5 --time=930 --pgsql_conn_id=true /home/mdcallag/git/mytools/bench/sysbench.lua/lua/oltp_inlist_update.lua run --pgsql-user=root --pgsql-password=pw --pgsql-host=127.0.0.1 --pgsql-db=ib --rand-type=uniform
48 CPUs
sysbench 1.1.0-9072687 (using bundled LuaJIT 2.1.0-beta3)

Running the test with following options:
Number of threads: 40
Warmup time: 5s
Initializing random number generator from current time


Initializing worker threads...

explain: for update-inlist :: explain UPDATE sbtest%d set c=7 WHERE id IN ( 9653243, 4567815, 150026, 9735558, 3515481, 5714755, 530734, 5270850, 7901976, 9726576)
explain: for update-inlist :: explain UPDATE sbtest%d set c=7 WHERE id IN ( 8934316, 619529, 4327763, 1432023, 1099452, 3499567, 2709820, 2902597, 9441897, 3164542)
for update-inlist
table 1 : explain UPDATE sbtest1 set c=7 WHERE id IN ( 9653243, 4567815, 150026, 9735558, 3515481, 5714755, 530734, 5270850, 7901976, 9726576)
	Update on sbtest1  (cost=0.43..48.53 rows=0 width=0)
	  ->  Index Scan using sbtest1_pkey on sbtest1  (cost=0.43..48.53 rows=10 width=490)
	        Index Cond: (id = ANY ('{9653243,4567815,150026,9735558,3515481,5714755,530734,5270850,7901976,9726576}'::integer[]))

table 2 : explain UPDATE sbtest2 set c=7 WHERE id IN ( 9653243, 4567815, 150026, 9735558, 3515481, 5714755, 530734, 5270850, 7901976, 9726576)
	Update on sbtest2  (cost=0.43..48.53 rows=0 width=0)
	  ->  Index Scan using sbtest2_pkey on sbtest2  (cost=0.43..48.53 rows=10 width=490)
	        Index Cond: (id = ANY ('{9653243,4567815,150026,9735558,3515481,5714755,530734,5270850,7901976,9726576}'::integer[]))

table 3 : explain UPDATE sbtest3 set c=7 WHERE id IN ( 9653243, 4567815, 150026, 9735558, 3515481, 5714755, 530734, 5270850, 7901976, 9726576)
	Update on sbtest3  (cost=0.43..48.53 rows=0 width=0)
	  ->  Index Scan using sbtest3_pkey on sbtest3  (cost=0.43..48.53 rows=10 width=490)
	        Index Cond: (id = ANY ('{9653243,4567815,150026,9735558,3515481,5714755,530734,5270850,7901976,9726576}'::integer[]))

table 4 : explain UPDATE sbtest4 set c=7 WHERE id IN ( 9653243, 4567815, 150026, 9735558, 3515481, 5714755, 530734, 5270850, 7901976, 9726576)
	Update on sbtest4  (cost=0.43..48.53 rows=0 width=0)
	  ->  Index Scan using sbtest4_pkey on sbtest4  (cost=0.43..48.53 rows=10 width=490)
	        Index Cond: (id = ANY ('{9653243,4567815,150026,9735558,3515481,5714755,530734,5270850,7901976,9726576}'::integer[]))

table 5 : explain UPDATE sbtest5 set c=7 WHERE id IN ( 9653243, 4567815, 150026, 9735558, 3515481, 5714755, 530734, 5270850, 7901976, 9726576)
	Update on sbtest5  (cost=0.43..48.53 rows=0 width=0)
	  ->  Index Scan using sbtest5_pkey on sbtest5  (cost=0.43..48.53 rows=10 width=490)
	        Index Cond: (id = ANY ('{9653243,4567815,150026,9735558,3515481,5714755,530734,5270850,7901976,9726576}'::integer[]))

table 6 : explain UPDATE sbtest6 set c=7 WHERE id IN ( 9653243, 4567815, 150026, 9735558, 3515481, 5714755, 530734, 5270850, 7901976, 9726576)
	Update on sbtest6  (cost=0.43..48.53 rows=0 width=0)
	  ->  Index Scan using sbtest6_pkey on sbtest6  (cost=0.43..48.53 rows=10 width=490)
	        Index Cond: (id = ANY ('{9653243,4567815,150026,9735558,3515481,5714755,530734,5270850,7901976,9726576}'::integer[]))

table 7 : explain UPDATE sbtest7 set c=7 WHERE id IN ( 9653243, 4567815, 150026, 9735558, 3515481, 5714755, 530734, 5270850, 7901976, 9726576)
	Update on sbtest7  (cost=0.43..48.53 rows=0 width=0)
	  ->  Index Scan using sbtest7_pkey on sbtest7  (cost=0.43..48.53 rows=10 width=490)
	        Index Cond: (id = ANY ('{9653243,4567815,150026,9735558,3515481,5714755,530734,5270850,7901976,9726576}'::integer[]))

table 8 : explain UPDATE sbtest8 set c=7 WHERE id IN ( 9653243, 4567815, 150026, 9735558, 3515481, 5714755, 530734, 5270850, 7901976, 9726576)
	Update on sbtest8  (cost=0.43..48.53 rows=0 width=0)
	  ->  Index Scan using sbtest8_pkey on sbtest8  (cost=0.43..48.53 rows=10 width=490)
	        Index Cond: (id = ANY ('{9653243,4567815,150026,9735558,3515481,5714755,530734,5270850,7901976,9726576}'::integer[]))

explain: for update-inlist :: explain UPDATE sbtest%d set c=7 WHERE id IN ( 837991, 8964852, 1621080, 804195, 6780802, 4899446, 3552806, 9874787, 918928, 9064684)
for update-inlist
table 1 : explain UPDATE sbtest1 set c=7 WHERE id IN ( 8934316, 619529, 4327763, 1432023, 1099452, 3499567, 2709820, 2902597, 9441897, 3164542)
	Update on sbtest1  (cost=0.43..48.53 rows=0 width=0)
	  ->  Index Scan using sbtest1_pkey on sbtest1  (cost=0.43..48.53 rows=10 width=490)
	        Index Cond: (id = ANY ('{8934316,619529,4327763,1432023,1099452,3499567,2709820,2902597,9441897,3164542}'::integer[]))

table 2 : explain UPDATE sbtest2 set c=7 WHERE id IN ( 8934316, 619529, 4327763, 1432023, 1099452, 3499567, 2709820, 2902597, 9441897, 3164542)
	Update on sbtest2  (cost=0.43..48.53 rows=0 width=0)
	  ->  Index Scan using sbtest2_pkey on sbtest2  (cost=0.43..48.53 rows=10 width=490)
	        Index Cond: (id = ANY ('{8934316,619529,4327763,1432023,1099452,3499567,2709820,2902597,9441897,3164542}'::integer[]))

table 3 : explain UPDATE sbtest3 set c=7 WHERE id IN ( 8934316, 619529, 4327763, 1432023, 1099452, 3499567, 2709820, 2902597, 9441897, 3164542)
	Update on sbtest3  (cost=0.43..48.53 rows=0 width=0)
	  ->  Index Scan using sbtest3_pkey on sbtest3  (cost=0.43..48.53 rows=10 width=490)
	        Index Cond: (id = ANY ('{8934316,619529,4327763,1432023,1099452,3499567,2709820,2902597,9441897,3164542}'::integer[]))

table 4 : explain UPDATE sbtest4 set c=7 WHERE id IN ( 8934316, 619529, 4327763, 1432023, 1099452, 3499567, 2709820, 2902597, 9441897, 3164542)
	Update on sbtest4  (cost=0.43..48.53 rows=0 width=0)
	  ->  Index Scan using sbtest4_pkey on sbtest4  (cost=0.43..48.53 rows=10 width=490)
	        Index Cond: (id = ANY ('{8934316,619529,4327763,1432023,1099452,3499567,2709820,2902597,9441897,3164542}'::integer[]))

table 5 : explain UPDATE sbtest5 set c=7 WHERE id IN ( 8934316, 619529, 4327763, 1432023, 1099452, 3499567, 2709820, 2902597, 9441897, 3164542)
	Update on sbtest5  (cost=0.43..48.53 rows=0 width=0)
	  ->  Index Scan using sbtest5_pkey on sbtest5  (cost=0.43..48.53 rows=10 width=490)
	        Index Cond: (id = ANY ('{8934316,619529,4327763,1432023,1099452,3499567,2709820,2902597,9441897,3164542}'::integer[]))

table 6 : explain UPDATE sbtest6 set c=7 WHERE id IN ( 8934316, 619529, 4327763, 1432023, 1099452, 3499567, 2709820, 2902597, 9441897, 3164542)
	Update on sbtest6  (cost=0.43..48.53 rows=0 width=0)
	  ->  Index Scan using sbtest6_pkey on sbtest6  (cost=0.43..48.53 rows=10 width=490)
	        Index Cond: (id = ANY ('{8934316,619529,4327763,1432023,1099452,3499567,2709820,2902597,9441897,3164542}'::integer[]))

table 7 : explain UPDATE sbtest7 set c=7 WHERE id IN ( 8934316, 619529, 4327763, 1432023, 1099452, 3499567, 2709820, 2902597, 9441897, 3164542)
	Update on sbtest7  (cost=0.43..48.53 rows=0 width=0)
	  ->  Index Scan using sbtest7_pkey on sbtest7  (cost=0.43..48.53 rows=10 width=490)
	        Index Cond: (id = ANY ('{8934316,619529,4327763,1432023,1099452,3499567,2709820,2902597,9441897,3164542}'::integer[]))

table 8 : explain UPDATE sbtest8 set c=7 WHERE id IN ( 8934316, 619529, 4327763, 1432023, 1099452, 3499567, 2709820, 2902597, 9441897, 3164542)
	Update on sbtest8  (cost=0.43..48.53 rows=0 width=0)
	  ->  Index Scan using sbtest8_pkey on sbtest8  (cost=0.43..48.53 rows=10 width=490)
	        Index Cond: (id = ANY ('{8934316,619529,4327763,1432023,1099452,3499567,2709820,2902597,9441897,3164542}'::integer[]))

explain: for update-inlist :: explain UPDATE sbtest%d set c=7 WHERE id IN ( 4529387, 4435313, 2442632, 6886007, 5573410, 5242582, 3855441, 4839229, 2738017, 913706)
explain: for update-inlist :: explain UPDATE sbtest%d set c=7 WHERE id IN ( 7876094, 2348306, 6979396, 3861425, 7386019, 4678429, 85716, 1324768, 4406073, 4364456)
for update-inlist
table 1 : explain UPDATE sbtest1 set c=7 WHERE id IN ( 837991, 8964852, 1621080, 804195, 6780802, 4899446, 3552806, 9874787, 918928, 9064684)
	Update on sbtest1  (cost=0.43..48.53 rows=0 width=0)
	  ->  Index Scan using sbtest1_pkey on sbtest1  (cost=0.43..48.53 rows=10 width=490)
	        Index Cond: (id = ANY ('{837991,8964852,1621080,804195,6780802,4899446,3552806,9874787,918928,9064684}'::integer[]))

table 2 : explain UPDATE sbtest2 set c=7 WHERE id IN ( 837991, 8964852, 1621080, 804195, 6780802, 4899446, 3552806, 9874787, 918928, 9064684)
	Update on sbtest2  (cost=0.43..48.53 rows=0 width=0)
	  ->  Index Scan using sbtest2_pkey on sbtest2  (cost=0.43..48.53 rows=10 width=490)
	        Index Cond: (id = ANY ('{837991,8964852,1621080,804195,6780802,4899446,3552806,9874787,918928,9064684}'::integer[]))

table 3 : explain UPDATE sbtest3 set c=7 WHERE id IN ( 837991, 8964852, 1621080, 804195, 6780802, 4899446, 3552806, 9874787, 918928, 9064684)
	Update on sbtest3  (cost=0.43..48.53 rows=0 width=0)
	  ->  Index Scan using sbtest3_pkey on sbtest3  (cost=0.43..48.53 rows=10 width=490)
	        Index Cond: (id = ANY ('{837991,8964852,1621080,804195,6780802,4899446,3552806,9874787,918928,9064684}'::integer[]))

table 4 : explain UPDATE sbtest4 set c=7 WHERE id IN ( 837991, 8964852, 1621080, 804195, 6780802, 4899446, 3552806, 9874787, 918928, 9064684)
	Update on sbtest4  (cost=0.43..48.53 rows=0 width=0)
	  ->  Index Scan using sbtest4_pkey on sbtest4  (cost=0.43..48.53 rows=10 width=490)
	        Index Cond: (id = ANY ('{837991,8964852,1621080,804195,6780802,4899446,3552806,9874787,918928,9064684}'::integer[]))

table 5 : explain UPDATE sbtest5 set c=7 WHERE id IN ( 837991, 8964852, 1621080, 804195, 6780802, 4899446, 3552806, 9874787, 918928, 9064684)
	Update on sbtest5  (cost=0.43..48.53 rows=0 width=0)
	  ->  Index Scan using sbtest5_pkey on sbtest5  (cost=0.43..48.53 rows=10 width=490)
	        Index Cond: (id = ANY ('{837991,8964852,1621080,804195,6780802,4899446,3552806,9874787,918928,9064684}'::integer[]))

table 6 : explain UPDATE sbtest6 set c=7 WHERE id IN ( 837991, 8964852, 1621080, 804195, 6780802, 4899446, 3552806, 9874787, 918928, 9064684)
	Update on sbtest6  (cost=0.43..48.53 rows=0 width=0)
	  ->  Index Scan using sbtest6_pkey on sbtest6  (cost=0.43..48.53 rows=10 width=490)
	        Index Cond: (id = ANY ('{837991,8964852,1621080,804195,6780802,4899446,3552806,9874787,918928,9064684}'::integer[]))

table 7 : explain UPDATE sbtest7 set c=7 WHERE id IN ( 837991, 8964852, 1621080, 804195, 6780802, 4899446, 3552806, 9874787, 918928, 9064684)
	Update on sbtest7  (cost=0.43..48.53 rows=0 width=0)
	  ->  Index Scan using sbtest7_pkey on sbtest7  (cost=0.43..48.53 rows=10 width=490)
	        Index Cond: (id = ANY ('{837991,8964852,1621080,804195,6780802,4899446,3552806,9874787,918928,9064684}'::integer[]))

table 8 : explain UPDATE sbtest8 set c=7 WHERE id IN ( 837991, 8964852, 1621080, 804195, 6780802, 4899446, 3552806, 9874787, 918928, 9064684)
	Update on sbtest8  (cost=0.43..48.53 rows=0 width=0)
	  ->  Index Scan using sbtest8_pkey on sbtest8  (cost=0.43..48.53 rows=10 width=490)
	        Index Cond: (id = ANY ('{837991,8964852,1621080,804195,6780802,4899446,3552806,9874787,918928,9064684}'::integer[]))

explain: for update-inlist :: explain UPDATE sbtest%d set c=7 WHERE id IN ( 4652410, 887663, 5706520, 8970010, 8145416, 8838196, 5519485, 6596656, 1925863, 8633365)
explain: for update-inlist :: explain UPDATE sbtest%d set c=7 WHERE id IN ( 4795961, 3229860, 486919, 2101869, 5904342, 7179588, 6044462, 3234346, 4176245, 6015833)
for update-inlist
table 1 : explain UPDATE sbtest1 set c=7 WHERE id IN ( 4529387, 4435313, 2442632, 6886007, 5573410, 5242582, 3855441, 4839229, 2738017, 913706)
	Update on sbtest1  (cost=0.43..48.53 rows=0 width=0)
	  ->  Index Scan using sbtest1_pkey on sbtest1  (cost=0.43..48.53 rows=10 width=490)
	        Index Cond: (id = ANY ('{4529387,4435313,2442632,6886007,5573410,5242582,3855441,4839229,2738017,913706}'::integer[]))

table 2 : explain UPDATE sbtest2 set c=7 WHERE id IN ( 4529387, 4435313, 2442632, 6886007, 5573410, 5242582, 3855441, 4839229, 2738017, 913706)
	Update on sbtest2  (cost=0.43..48.53 rows=0 width=0)
	  ->  Index Scan using sbtest2_pkey on sbtest2  (cost=0.43..48.53 rows=10 width=490)
	        Index Cond: (id = ANY ('{4529387,4435313,2442632,6886007,5573410,5242582,3855441,4839229,2738017,913706}'::integer[]))

table 3 : explain UPDATE sbtest3 set c=7 WHERE id IN ( 4529387, 4435313, 2442632, 6886007, 5573410, 5242582, 3855441, 4839229, 2738017, 913706)
	Update on sbtest3  (cost=0.43..48.53 rows=0 width=0)
	  ->  Index Scan using sbtest3_pkey on sbtest3  (cost=0.43..48.53 rows=10 width=490)
	        Index Cond: (id = ANY ('{4529387,4435313,2442632,6886007,5573410,5242582,3855441,4839229,2738017,913706}'::integer[]))

table 4 : explain UPDATE sbtest4 set c=7 WHERE id IN ( 4529387, 4435313, 2442632, 6886007, 5573410, 5242582, 3855441, 4839229, 2738017, 913706)
	Update on sbtest4  (cost=0.43..48.53 rows=0 width=0)
	  ->  Index Scan using sbtest4_pkey on sbtest4  (cost=0.43..48.53 rows=10 width=490)
	        Index Cond: (id = ANY ('{4529387,4435313,2442632,6886007,5573410,5242582,3855441,4839229,2738017,913706}'::integer[]))

table 5 : explain UPDATE sbtest5 set c=7 WHERE id IN ( 4529387, 4435313, 2442632, 6886007, 5573410, 5242582, 3855441, 4839229, 2738017, 913706)
	Update on sbtest5  (cost=0.43..48.53 rows=0 width=0)
	  ->  Index Scan using sbtest5_pkey on sbtest5  (cost=0.43..48.53 rows=10 width=490)
	        Index Cond: (id = ANY ('{4529387,4435313,2442632,6886007,5573410,5242582,3855441,4839229,2738017,913706}'::integer[]))

table 6 : explain UPDATE sbtest6 set c=7 WHERE id IN ( 4529387, 4435313, 2442632, 6886007, 5573410, 5242582, 3855441, 4839229, 2738017, 913706)
	Update on sbtest6  (cost=0.43..48.53 rows=0 width=0)
	  ->  Index Scan using sbtest6_pkey on sbtest6  (cost=0.43..48.53 rows=10 width=490)
	        Index Cond: (id = ANY ('{4529387,4435313,2442632,6886007,5573410,5242582,3855441,4839229,2738017,913706}'::integer[]))

table 7 : explain UPDATE sbtest7 set c=7 WHERE id IN ( 4529387, 4435313, 2442632, 6886007, 5573410, 5242582, 3855441, 4839229, 2738017, 913706)
	Update on sbtest7  (cost=0.43..48.53 rows=0 width=0)
	  ->  Index Scan using sbtest7_pkey on sbtest7  (cost=0.43..48.53 rows=10 width=490)
	        Index Cond: (id = ANY ('{4529387,4435313,2442632,6886007,5573410,5242582,3855441,4839229,2738017,913706}'::integer[]))

table 8 : explain UPDATE sbtest8 set c=7 WHERE id IN ( 4529387, 4435313, 2442632, 6886007, 5573410, 5242582, 3855441, 4839229, 2738017, 913706)
	Update on sbtest8  (cost=0.43..48.53 rows=0 width=0)
	  ->  Index Scan using sbtest8_pkey on sbtest8  (cost=0.43..48.53 rows=10 width=490)
	        Index Cond: (id = ANY ('{4529387,4435313,2442632,6886007,5573410,5242582,3855441,4839229,2738017,913706}'::integer[]))

explain: for update-inlist :: explain UPDATE sbtest%d set c=7 WHERE id IN ( 6945228, 8475709, 9672236, 7158563, 761586, 7479291, 8399090, 5046712, 1948565, 6832273)
explain: for update-inlist :: explain UPDATE sbtest%d set c=7 WHERE id IN ( 8631485, 3396994, 7168109, 1069509, 8014485, 8276859, 6317376, 8661933, 5403108, 7959007)
explain: for update-inlist :: explain UPDATE sbtest%d set c=7 WHERE id IN ( 9588739, 6454558, 7505484, 4526783, 4502453, 8172217, 7713091, 4373017, 1157029, 5886759)
for update-inlist
table 1 : explain UPDATE sbtest1 set c=7 WHERE id IN ( 4652410, 887663, 5706520, 8970010, 8145416, 8838196, 5519485, 6596656, 1925863, 8633365)
	Update on sbtest1  (cost=0.43..48.53 rows=0 width=0)
	  ->  Index Scan using sbtest1_pkey on sbtest1  (cost=0.43..48.53 rows=10 width=490)
	        Index Cond: (id = ANY ('{4652410,887663,5706520,8970010,8145416,8838196,5519485,6596656,1925863,8633365}'::integer[]))

table 2 : explain UPDATE sbtest2 set c=7 WHERE id IN ( 4652410, 887663, 5706520, 8970010, 8145416, 8838196, 5519485, 6596656, 1925863, 8633365)
	Update on sbtest2  (cost=0.43..48.53 rows=0 width=0)
	  ->  Index Scan using sbtest2_pkey on sbtest2  (cost=0.43..48.53 rows=10 width=490)
	        Index Cond: (id = ANY ('{4652410,887663,5706520,8970010,8145416,8838196,5519485,6596656,1925863,8633365}'::integer[]))

table 3 : explain UPDATE sbtest3 set c=7 WHERE id IN ( 4652410, 887663, 5706520, 8970010, 8145416, 8838196, 5519485, 6596656, 1925863, 8633365)
	Update on sbtest3  (cost=0.43..48.53 rows=0 width=0)
	  ->  Index Scan using sbtest3_pkey on sbtest3  (cost=0.43..48.53 rows=10 width=490)
	        Index Cond: (id = ANY ('{4652410,887663,5706520,8970010,8145416,8838196,5519485,6596656,1925863,8633365}'::integer[]))

table 4 : explain UPDATE sbtest4 set c=7 WHERE id IN ( 4652410, 887663, 5706520, 8970010, 8145416, 8838196, 5519485, 6596656, 1925863, 8633365)
	Update on sbtest4  (cost=0.43..48.53 rows=0 width=0)
	  ->  Index Scan using sbtest4_pkey on sbtest4  (cost=0.43..48.53 rows=10 width=490)
	        Index Cond: (id = ANY ('{4652410,887663,5706520,8970010,8145416,8838196,5519485,6596656,1925863,8633365}'::integer[]))

table 5 : explain UPDATE sbtest5 set c=7 WHERE id IN ( 4652410, 887663, 5706520, 8970010, 8145416, 8838196, 5519485, 6596656, 1925863, 8633365)
	Update on sbtest5  (cost=0.43..48.53 rows=0 width=0)
	  ->  Index Scan using sbtest5_pkey on sbtest5  (cost=0.43..48.53 rows=10 width=490)
	        Index Cond: (id = ANY ('{4652410,887663,5706520,8970010,8145416,8838196,5519485,6596656,1925863,8633365}'::integer[]))

table 6 : explain UPDATE sbtest6 set c=7 WHERE id IN ( 4652410, 887663, 5706520, 8970010, 8145416, 8838196, 5519485, 6596656, 1925863, 8633365)
	Update on sbtest6  (cost=0.43..48.53 rows=0 width=0)
	  ->  Index Scan using sbtest6_pkey on sbtest6  (cost=0.43..48.53 rows=10 width=490)
	        Index Cond: (id = ANY ('{4652410,887663,5706520,8970010,8145416,8838196,5519485,6596656,1925863,8633365}'::integer[]))

table 7 : explain UPDATE sbtest7 set c=7 WHERE id IN ( 4652410, 887663, 5706520, 8970010, 8145416, 8838196, 5519485, 6596656, 1925863, 8633365)
	Update on sbtest7  (cost=0.43..48.53 rows=0 width=0)
	  ->  Index Scan using sbtest7_pkey on sbtest7  (cost=0.43..48.53 rows=10 width=490)
	        Index Cond: (id = ANY ('{4652410,887663,5706520,8970010,8145416,8838196,5519485,6596656,1925863,8633365}'::integer[]))

table 8 : explain UPDATE sbtest8 set c=7 WHERE id IN ( 4652410, 887663, 5706520, 8970010, 8145416, 8838196, 5519485, 6596656, 1925863, 8633365)
	Update on sbtest8  (cost=0.43..48.53 rows=0 width=0)
	  ->  Index Scan using sbtest8_pkey on sbtest8  (cost=0.43..48.53 rows=10 width=490)
	        Index Cond: (id = ANY ('{4652410,887663,5706520,8970010,8145416,8838196,5519485,6596656,1925863,8633365}'::integer[]))

for update-inlist
table 1 : explain UPDATE sbtest1 set c=7 WHERE id IN ( 8631485, 3396994, 7168109, 1069509, 8014485, 8276859, 6317376, 8661933, 5403108, 7959007)
	Update on sbtest1  (cost=0.43..48.53 rows=0 width=0)
	  ->  Index Scan using sbtest1_pkey on sbtest1  (cost=0.43..48.53 rows=10 width=490)
	        Index Cond: (id = ANY ('{8631485,3396994,7168109,1069509,8014485,8276859,6317376,8661933,5403108,7959007}'::integer[]))

table 2 : explain UPDATE sbtest2 set c=7 WHERE id IN ( 8631485, 3396994, 7168109, 1069509, 8014485, 8276859, 6317376, 8661933, 5403108, 7959007)
	Update on sbtest2  (cost=0.43..48.53 rows=0 width=0)
	  ->  Index Scan using sbtest2_pkey on sbtest2  (cost=0.43..48.53 rows=10 width=490)
	        Index Cond: (id = ANY ('{8631485,3396994,7168109,1069509,8014485,8276859,6317376,8661933,5403108,7959007}'::integer[]))

table 3 : explain UPDATE sbtest3 set c=7 WHERE id IN ( 8631485, 3396994, 7168109, 1069509, 8014485, 8276859, 6317376, 8661933, 5403108, 7959007)
	Update on sbtest3  (cost=0.43..48.53 rows=0 width=0)
	  ->  Index Scan using sbtest3_pkey on sbtest3  (cost=0.43..48.53 rows=10 width=490)
	        Index Cond: (id = ANY ('{8631485,3396994,7168109,1069509,8014485,8276859,6317376,8661933,5403108,7959007}'::integer[]))

table 4 : explain UPDATE sbtest4 set c=7 WHERE id IN ( 8631485, 3396994, 7168109, 1069509, 8014485, 8276859, 6317376, 8661933, 5403108, 7959007)
	Update on sbtest4  (cost=0.43..48.53 rows=0 width=0)
	  ->  Index Scan using sbtest4_pkey on sbtest4  (cost=0.43..48.53 rows=10 width=490)
	        Index Cond: (id = ANY ('{8631485,3396994,7168109,1069509,8014485,8276859,6317376,8661933,5403108,7959007}'::integer[]))

table 5 : explain UPDATE sbtest5 set c=7 WHERE id IN ( 8631485, 3396994, 7168109, 1069509, 8014485, 8276859, 6317376, 8661933, 5403108, 7959007)
	Update on sbtest5  (cost=0.43..48.53 rows=0 width=0)
	  ->  Index Scan using sbtest5_pkey on sbtest5  (cost=0.43..48.53 rows=10 width=490)
	        Index Cond: (id = ANY ('{8631485,3396994,7168109,1069509,8014485,8276859,6317376,8661933,5403108,7959007}'::integer[]))

table 6 : explain UPDATE sbtest6 set c=7 WHERE id IN ( 8631485, 3396994, 7168109, 1069509, 8014485, 8276859, 6317376, 8661933, 5403108, 7959007)
	Update on sbtest6  (cost=0.43..48.53 rows=0 width=0)
	  ->  Index Scan using sbtest6_pkey on sbtest6  (cost=0.43..48.53 rows=10 width=490)
	        Index Cond: (id = ANY ('{8631485,3396994,7168109,1069509,8014485,8276859,6317376,8661933,5403108,7959007}'::integer[]))

table 7 : explain UPDATE sbtest7 set c=7 WHERE id IN ( 8631485, 3396994, 7168109, 1069509, 8014485, 8276859, 6317376, 8661933, 5403108, 7959007)
	Update on sbtest7  (cost=0.43..48.53 rows=0 width=0)
	  ->  Index Scan using sbtest7_pkey on sbtest7  (cost=0.43..48.53 rows=10 width=490)
	        Index Cond: (id = ANY ('{8631485,3396994,7168109,1069509,8014485,8276859,6317376,8661933,5403108,7959007}'::integer[]))

table 8 : explain UPDATE sbtest8 set c=7 WHERE id IN ( 8631485, 3396994, 7168109, 1069509, 8014485, 8276859, 6317376, 8661933, 5403108, 7959007)
	Update on sbtest8  (cost=0.43..48.53 rows=0 width=0)
	  ->  Index Scan using sbtest8_pkey on sbtest8  (cost=0.43..48.53 rows=10 width=490)
	        Index Cond: (id = ANY ('{8631485,3396994,7168109,1069509,8014485,8276859,6317376,8661933,5403108,7959007}'::integer[]))

for update-inlist
table 1 : explain UPDATE sbtest1 set c=7 WHERE id IN ( 4795961, 3229860, 486919, 2101869, 5904342, 7179588, 6044462, 3234346, 4176245, 6015833)
	Update on sbtest1  (cost=0.43..48.53 rows=0 width=0)
	  ->  Index Scan using sbtest1_pkey on sbtest1  (cost=0.43..48.53 rows=10 width=490)
	        Index Cond: (id = ANY ('{4795961,3229860,486919,2101869,5904342,7179588,6044462,3234346,4176245,6015833}'::integer[]))

table 2 : explain UPDATE sbtest2 set c=7 WHERE id IN ( 4795961, 3229860, 486919, 2101869, 5904342, 7179588, 6044462, 3234346, 4176245, 6015833)
	Update on sbtest2  (cost=0.43..48.53 rows=0 width=0)
	  ->  Index Scan using sbtest2_pkey on sbtest2  (cost=0.43..48.53 rows=10 width=490)
	        Index Cond: (id = ANY ('{4795961,3229860,486919,2101869,5904342,7179588,6044462,3234346,4176245,6015833}'::integer[]))

table 3 : explain UPDATE sbtest3 set c=7 WHERE id IN ( 4795961, 3229860, 486919, 2101869, 5904342, 7179588, 6044462, 3234346, 4176245, 6015833)
	Update on sbtest3  (cost=0.43..48.53 rows=0 width=0)
	  ->  Index Scan using sbtest3_pkey on sbtest3  (cost=0.43..48.53 rows=10 width=490)
	        Index Cond: (id = ANY ('{4795961,3229860,486919,2101869,5904342,7179588,6044462,3234346,4176245,6015833}'::integer[]))

table 4 : explain UPDATE sbtest4 set c=7 WHERE id IN ( 4795961, 3229860, 486919, 2101869, 5904342, 7179588, 6044462, 3234346, 4176245, 6015833)
	Update on sbtest4  (cost=0.43..48.53 rows=0 width=0)
	  ->  Index Scan using sbtest4_pkey on sbtest4  (cost=0.43..48.53 rows=10 width=490)
	        Index Cond: (id = ANY ('{4795961,3229860,486919,2101869,5904342,7179588,6044462,3234346,4176245,6015833}'::integer[]))

table 5 : explain UPDATE sbtest5 set c=7 WHERE id IN ( 4795961, 3229860, 486919, 2101869, 5904342, 7179588, 6044462, 3234346, 4176245, 6015833)
	Update on sbtest5  (cost=0.43..48.53 rows=0 width=0)
	  ->  Index Scan using sbtest5_pkey on sbtest5  (cost=0.43..48.53 rows=10 width=490)
	        Index Cond: (id = ANY ('{4795961,3229860,486919,2101869,5904342,7179588,6044462,3234346,4176245,6015833}'::integer[]))

table 6 : explain UPDATE sbtest6 set c=7 WHERE id IN ( 4795961, 3229860, 486919, 2101869, 5904342, 7179588, 6044462, 3234346, 4176245, 6015833)
	Update on sbtest6  (cost=0.43..48.53 rows=0 width=0)
	  ->  Index Scan using sbtest6_pkey on sbtest6  (cost=0.43..48.53 rows=10 width=490)
	        Index Cond: (id = ANY ('{4795961,3229860,486919,2101869,5904342,7179588,6044462,3234346,4176245,6015833}'::integer[]))

table 7 : explain UPDATE sbtest7 set c=7 WHERE id IN ( 4795961, 3229860, 486919, 2101869, 5904342, 7179588, 6044462, 3234346, 4176245, 6015833)
	Update on sbtest7  (cost=0.43..48.53 rows=0 width=0)
	  ->  Index Scan using sbtest7_pkey on sbtest7  (cost=0.43..48.53 rows=10 width=490)
	        Index Cond: (id = ANY ('{4795961,3229860,486919,2101869,5904342,7179588,6044462,3234346,4176245,6015833}'::integer[]))

table 8 : explain UPDATE sbtest8 set c=7 WHERE id IN ( 4795961, 3229860, 486919, 2101869, 5904342, 7179588, 6044462, 3234346, 4176245, 6015833)
	Update on sbtest8  (cost=0.43..48.53 rows=0 width=0)
	  ->  Index Scan using sbtest8_pkey on sbtest8  (cost=0.43..48.53 rows=10 width=490)
	        Index Cond: (id = ANY ('{4795961,3229860,486919,2101869,5904342,7179588,6044462,3234346,4176245,6015833}'::integer[]))

for update-inlist
table 1 : explain UPDATE sbtest1 set c=7 WHERE id IN ( 9588739, 6454558, 7505484, 4526783, 4502453, 8172217, 7713091, 4373017, 1157029, 5886759)
	Update on sbtest1  (cost=0.43..48.53 rows=0 width=0)
	  ->  Index Scan using sbtest1_pkey on sbtest1  (cost=0.43..48.53 rows=10 width=490)
	        Index Cond: (id = ANY ('{9588739,6454558,7505484,4526783,4502453,8172217,7713091,4373017,1157029,5886759}'::integer[]))

table 2 : explain UPDATE sbtest2 set c=7 WHERE id IN ( 9588739, 6454558, 7505484, 4526783, 4502453, 8172217, 7713091, 4373017, 1157029, 5886759)
	Update on sbtest2  (cost=0.43..48.53 rows=0 width=0)
	  ->  Index Scan using sbtest2_pkey on sbtest2  (cost=0.43..48.53 rows=10 width=490)
	        Index Cond: (id = ANY ('{9588739,6454558,7505484,4526783,4502453,8172217,7713091,4373017,1157029,5886759}'::integer[]))

table 3 : explain UPDATE sbtest3 set c=7 WHERE id IN ( 9588739, 6454558, 7505484, 4526783, 4502453, 8172217, 7713091, 4373017, 1157029, 5886759)
	Update on sbtest3  (cost=0.43..48.53 rows=0 width=0)
	  ->  Index Scan using sbtest3_pkey on sbtest3  (cost=0.43..48.53 rows=10 width=490)
	        Index Cond: (id = ANY ('{9588739,6454558,7505484,4526783,4502453,8172217,7713091,4373017,1157029,5886759}'::integer[]))

table 4 : explain UPDATE sbtest4 set c=7 WHERE id IN ( 9588739, 6454558, 7505484, 4526783, 4502453, 8172217, 7713091, 4373017, 1157029, 5886759)
	Update on sbtest4  (cost=0.43..48.53 rows=0 width=0)
	  ->  Index Scan using sbtest4_pkey on sbtest4  (cost=0.43..48.53 rows=10 width=490)
	        Index Cond: (id = ANY ('{9588739,6454558,7505484,4526783,4502453,8172217,7713091,4373017,1157029,5886759}'::integer[]))

table 5 : explain UPDATE sbtest5 set c=7 WHERE id IN ( 9588739, 6454558, 7505484, 4526783, 4502453, 8172217, 7713091, 4373017, 1157029, 5886759)
	Update on sbtest5  (cost=0.43..48.53 rows=0 width=0)
	  ->  Index Scan using sbtest5_pkey on sbtest5  (cost=0.43..48.53 rows=10 width=490)
	        Index Cond: (id = ANY ('{9588739,6454558,7505484,4526783,4502453,8172217,7713091,4373017,1157029,5886759}'::integer[]))

table 6 : explain UPDATE sbtest6 set c=7 WHERE id IN ( 9588739, 6454558, 7505484, 4526783, 4502453, 8172217, 7713091, 4373017, 1157029, 5886759)
	Update on sbtest6  (cost=0.43..48.53 rows=0 width=0)
	  ->  Index Scan using sbtest6_pkey on sbtest6  (cost=0.43..48.53 rows=10 width=490)
	        Index Cond: (id = ANY ('{9588739,6454558,7505484,4526783,4502453,8172217,7713091,4373017,1157029,5886759}'::integer[]))

table 7 : explain UPDATE sbtest7 set c=7 WHERE id IN ( 9588739, 6454558, 7505484, 4526783, 4502453, 8172217, 7713091, 4373017, 1157029, 5886759)
	Update on sbtest7  (cost=0.43..48.53 rows=0 width=0)
	  ->  Index Scan using sbtest7_pkey on sbtest7  (cost=0.43..48.53 rows=10 width=490)
	        Index Cond: (id = ANY ('{9588739,6454558,7505484,4526783,4502453,8172217,7713091,4373017,1157029,5886759}'::integer[]))

table 8 : explain UPDATE sbtest8 set c=7 WHERE id IN ( 9588739, 6454558, 7505484, 4526783, 4502453, 8172217, 7713091, 4373017, 1157029, 5886759)
	Update on sbtest8  (cost=0.43..48.53 rows=0 width=0)
	  ->  Index Scan using sbtest8_pkey on sbtest8  (cost=0.43..48.53 rows=10 width=490)
	        Index Cond: (id = ANY ('{9588739,6454558,7505484,4526783,4502453,8172217,7713091,4373017,1157029,5886759}'::integer[]))

for update-inlist
table 1 : explain UPDATE sbtest1 set c=7 WHERE id IN ( 6945228, 8475709, 9672236, 7158563, 761586, 7479291, 8399090, 5046712, 1948565, 6832273)
	Update on sbtest1  (cost=0.43..48.53 rows=0 width=0)
	  ->  Index Scan using sbtest1_pkey on sbtest1  (cost=0.43..48.53 rows=10 width=490)
	        Index Cond: (id = ANY ('{6945228,8475709,9672236,7158563,761586,7479291,8399090,5046712,1948565,6832273}'::integer[]))

table 2 : explain UPDATE sbtest2 set c=7 WHERE id IN ( 6945228, 8475709, 9672236, 7158563, 761586, 7479291, 8399090, 5046712, 1948565, 6832273)
	Update on sbtest2  (cost=0.43..48.53 rows=0 width=0)
	  ->  Index Scan using sbtest2_pkey on sbtest2  (cost=0.43..48.53 rows=10 width=490)
	        Index Cond: (id = ANY ('{6945228,8475709,9672236,7158563,761586,7479291,8399090,5046712,1948565,6832273}'::integer[]))

table 3 : explain UPDATE sbtest3 set c=7 WHERE id IN ( 6945228, 8475709, 9672236, 7158563, 761586, 7479291, 8399090, 5046712, 1948565, 6832273)
	Update on sbtest3  (cost=0.43..48.53 rows=0 width=0)
	  ->  Index Scan using sbtest3_pkey on sbtest3  (cost=0.43..48.53 rows=10 width=490)
	        Index Cond: (id = ANY ('{6945228,8475709,9672236,7158563,761586,7479291,8399090,5046712,1948565,6832273}'::integer[]))

table 4 : explain UPDATE sbtest4 set c=7 WHERE id IN ( 6945228, 8475709, 9672236, 7158563, 761586, 7479291, 8399090, 5046712, 1948565, 6832273)
	Update on sbtest4  (cost=0.43..48.53 rows=0 width=0)
	  ->  Index Scan using sbtest4_pkey on sbtest4  (cost=0.43..48.53 rows=10 width=490)
	        Index Cond: (id = ANY ('{6945228,8475709,9672236,7158563,761586,7479291,8399090,5046712,1948565,6832273}'::integer[]))

table 5 : explain UPDATE sbtest5 set c=7 WHERE id IN ( 6945228, 8475709, 9672236, 7158563, 761586, 7479291, 8399090, 5046712, 1948565, 6832273)
	Update on sbtest5  (cost=0.43..48.53 rows=0 width=0)
	  ->  Index Scan using sbtest5_pkey on sbtest5  (cost=0.43..48.53 rows=10 width=490)
	        Index Cond: (id = ANY ('{6945228,8475709,9672236,7158563,761586,7479291,8399090,5046712,1948565,6832273}'::integer[]))

table 6 : explain UPDATE sbtest6 set c=7 WHERE id IN ( 6945228, 8475709, 9672236, 7158563, 761586, 7479291, 8399090, 5046712, 1948565, 6832273)
	Update on sbtest6  (cost=0.43..48.53 rows=0 width=0)
	  ->  Index Scan using sbtest6_pkey on sbtest6  (cost=0.43..48.53 rows=10 width=490)
	        Index Cond: (id = ANY ('{6945228,8475709,9672236,7158563,761586,7479291,8399090,5046712,1948565,6832273}'::integer[]))

table 7 : explain UPDATE sbtest7 set c=7 WHERE id IN ( 6945228, 8475709, 9672236, 7158563, 761586, 7479291, 8399090, 5046712, 1948565, 6832273)
	Update on sbtest7  (cost=0.43..48.53 rows=0 width=0)
	  ->  Index Scan using sbtest7_pkey on sbtest7  (cost=0.43..48.53 rows=10 width=490)
	        Index Cond: (id = ANY ('{6945228,8475709,9672236,7158563,761586,7479291,8399090,5046712,1948565,6832273}'::integer[]))

table 8 : explain UPDATE sbtest8 set c=7 WHERE id IN ( 6945228, 8475709, 9672236, 7158563, 761586, 7479291, 8399090, 5046712, 1948565, 6832273)
	Update on sbtest8  (cost=0.43..48.53 rows=0 width=0)
	  ->  Index Scan using sbtest8_pkey on sbtest8  (cost=0.43..48.53 rows=10 width=490)
	        Index Cond: (id = ANY ('{6945228,8475709,9672236,7158563,761586,7479291,8399090,5046712,1948565,6832273}'::integer[]))

explain: for update-inlist :: explain UPDATE sbtest%d set c=7 WHERE id IN ( 5039093, 2466185, 4935779, 3437503, 9631510, 5641283, 8066981, 3696388, 7675731, 4534428)
explain: for update-inlist :: explain UPDATE sbtest%d set c=7 WHERE id IN ( 6161870, 3112745, 8040331, 2025925, 3008170, 2439496, 8012783, 1476857, 6810294, 2632839)
explain: for update-inlist :: explain UPDATE sbtest%d set c=7 WHERE id IN ( 6227704, 8517213, 6984040, 2403319, 2500668, 1417671, 9465924, 561305, 938965, 3414520)
explain: for update-inlist :: explain UPDATE sbtest%d set c=7 WHERE id IN ( 6637616, 3884817, 90134, 2937413, 702827, 5481353, 6697265, 9994247, 5450197, 1308368)
for update-inlist
table 1 : explain UPDATE sbtest1 set c=7 WHERE id IN ( 6161870, 3112745, 8040331, 2025925, 3008170, 2439496, 8012783, 1476857, 6810294, 2632839)
	Update on sbtest1  (cost=0.43..48.53 rows=0 width=0)
	  ->  Index Scan using sbtest1_pkey on sbtest1  (cost=0.43..48.53 rows=10 width=490)
	        Index Cond: (id = ANY ('{6161870,3112745,8040331,2025925,3008170,2439496,8012783,1476857,6810294,2632839}'::integer[]))

table 2 : explain UPDATE sbtest2 set c=7 WHERE id IN ( 6161870, 3112745, 8040331, 2025925, 3008170, 2439496, 8012783, 1476857, 6810294, 2632839)
	Update on sbtest2  (cost=0.43..48.53 rows=0 width=0)
	  ->  Index Scan using sbtest2_pkey on sbtest2  (cost=0.43..48.53 rows=10 width=490)
	        Index Cond: (id = ANY ('{6161870,3112745,8040331,2025925,3008170,2439496,8012783,1476857,6810294,2632839}'::integer[]))

table 3 : explain UPDATE sbtest3 set c=7 WHERE id IN ( 6161870, 3112745, 8040331, 2025925, 3008170, 2439496, 8012783, 1476857, 6810294, 2632839)
	Update on sbtest3  (cost=0.43..48.53 rows=0 width=0)
	  ->  Index Scan using sbtest3_pkey on sbtest3  (cost=0.43..48.53 rows=10 width=490)
	        Index Cond: (id = ANY ('{6161870,3112745,8040331,2025925,3008170,2439496,8012783,1476857,6810294,2632839}'::integer[]))

table 4 : explain UPDATE sbtest4 set c=7 WHERE id IN ( 6161870, 3112745, 8040331, 2025925, 3008170, 2439496, 8012783, 1476857, 6810294, 2632839)
	Update on sbtest4  (cost=0.43..48.53 rows=0 width=0)
	  ->  Index Scan using sbtest4_pkey on sbtest4  (cost=0.43..48.53 rows=10 width=490)
	        Index Cond: (id = ANY ('{6161870,3112745,8040331,2025925,3008170,2439496,8012783,1476857,6810294,2632839}'::integer[]))

table 5 : explain UPDATE sbtest5 set c=7 WHERE id IN ( 6161870, 3112745, 8040331, 2025925, 3008170, 2439496, 8012783, 1476857, 6810294, 2632839)
	Update on sbtest5  (cost=0.43..48.53 rows=0 width=0)
	  ->  Index Scan using sbtest5_pkey on sbtest5  (cost=0.43..48.53 rows=10 width=490)
	        Index Cond: (id = ANY ('{6161870,3112745,8040331,2025925,3008170,2439496,8012783,1476857,6810294,2632839}'::integer[]))

table 6 : explain UPDATE sbtest6 set c=7 WHERE id IN ( 6161870, 3112745, 8040331, 2025925, 3008170, 2439496, 8012783, 1476857, 6810294, 2632839)
	Update on sbtest6  (cost=0.43..48.53 rows=0 width=0)
	  ->  Index Scan using sbtest6_pkey on sbtest6  (cost=0.43..48.53 rows=10 width=490)
	        Index Cond: (id = ANY ('{6161870,3112745,8040331,2025925,3008170,2439496,8012783,1476857,6810294,2632839}'::integer[]))

table 7 : explain UPDATE sbtest7 set c=7 WHERE id IN ( 6161870, 3112745, 8040331, 2025925, 3008170, 2439496, 8012783, 1476857, 6810294, 2632839)
	Update on sbtest7  (cost=0.43..48.53 rows=0 width=0)
	  ->  Index Scan using sbtest7_pkey on sbtest7  (cost=0.43..48.53 rows=10 width=490)
	        Index Cond: (id = ANY ('{6161870,3112745,8040331,2025925,3008170,2439496,8012783,1476857,6810294,2632839}'::integer[]))

table 8 : explain UPDATE sbtest8 set c=7 WHERE id IN ( 6161870, 3112745, 8040331, 2025925, 3008170, 2439496, 8012783, 1476857, 6810294, 2632839)
	Update on sbtest8  (cost=0.43..48.53 rows=0 width=0)
	  ->  Index Scan using sbtest8_pkey on sbtest8  (cost=0.43..48.53 rows=10 width=490)
	        Index Cond: (id = ANY ('{6161870,3112745,8040331,2025925,3008170,2439496,8012783,1476857,6810294,2632839}'::integer[]))

explain: for update-inlist :: explain UPDATE sbtest%d set c=7 WHERE id IN ( 7758431, 874749, 889543, 1836365, 6392324, 4864756, 502496, 7792850, 5552965, 1133479)
explain: for update-inlist :: explain UPDATE sbtest%d set c=7 WHERE id IN ( 2793651, 8959934, 8802276, 5337522, 2119006, 9467987, 9503321, 1463649, 9614543, 9862460)
explain: for update-inlist :: explain UPDATE sbtest%d set c=7 WHERE id IN ( 4128580, 7182394, 5450457, 8233766, 7771245, 9181840, 8403462, 875360, 5368059, 9069784)
explain: for update-inlist :: explain UPDATE sbtest%d set c=7 WHERE id IN ( 7452945, 8434300, 689981, 7532643, 1678360, 8161929, 3390844, 4872053, 6533523, 2727188)
explain: for update-inlist :: explain UPDATE sbtest%d set c=7 WHERE id IN ( 4959313, 4916372, 1102723, 2918780, 6140443, 7576369, 5598652, 4911546, 7245808, 1241660)
for update-inlist
table 1 : explain UPDATE sbtest1 set c=7 WHERE id IN ( 5039093, 2466185, 4935779, 3437503, 9631510, 5641283, 8066981, 3696388, 7675731, 4534428)
	Update on sbtest1  (cost=0.43..48.53 rows=0 width=0)
	  ->  Index Scan using sbtest1_pkey on sbtest1  (cost=0.43..48.53 rows=10 width=490)
	        Index Cond: (id = ANY ('{5039093,2466185,4935779,3437503,9631510,5641283,8066981,3696388,7675731,4534428}'::integer[]))

table 2 : explain UPDATE sbtest2 set c=7 WHERE id IN ( 5039093, 2466185, 4935779, 3437503, 9631510, 5641283, 8066981, 3696388, 7675731, 4534428)
	Update on sbtest2  (cost=0.43..48.53 rows=0 width=0)
	  ->  Index Scan using sbtest2_pkey on sbtest2  (cost=0.43..48.53 rows=10 width=490)
	        Index Cond: (id = ANY ('{5039093,2466185,4935779,3437503,9631510,5641283,8066981,3696388,7675731,4534428}'::integer[]))

table 3 : explain UPDATE sbtest3 set c=7 WHERE id IN ( 5039093, 2466185, 4935779, 3437503, 9631510, 5641283, 8066981, 3696388, 7675731, 4534428)
	Update on sbtest3  (cost=0.43..48.53 rows=0 width=0)
	  ->  Index Scan using sbtest3_pkey on sbtest3  (cost=0.43..48.53 rows=10 width=490)
	        Index Cond: (id = ANY ('{5039093,2466185,4935779,3437503,9631510,5641283,8066981,3696388,7675731,4534428}'::integer[]))

table 4 : explain UPDATE sbtest4 set c=7 WHERE id IN ( 5039093, 2466185, 4935779, 3437503, 9631510, 5641283, 8066981, 3696388, 7675731, 4534428)
	Update on sbtest4  (cost=0.43..48.53 rows=0 width=0)
	  ->  Index Scan using sbtest4_pkey on sbtest4  (cost=0.43..48.53 rows=10 width=490)
	        Index Cond: (id = ANY ('{5039093,2466185,4935779,3437503,9631510,5641283,8066981,3696388,7675731,4534428}'::integer[]))

table 5 : explain UPDATE sbtest5 set c=7 WHERE id IN ( 5039093, 2466185, 4935779, 3437503, 9631510, 5641283, 8066981, 3696388, 7675731, 4534428)
	Update on sbtest5  (cost=0.43..48.53 rows=0 width=0)
	  ->  Index Scan using sbtest5_pkey on sbtest5  (cost=0.43..48.53 rows=10 width=490)
	        Index Cond: (id = ANY ('{5039093,2466185,4935779,3437503,9631510,5641283,8066981,3696388,7675731,4534428}'::integer[]))

table 6 : explain UPDATE sbtest6 set c=7 WHERE id IN ( 5039093, 2466185, 4935779, 3437503, 9631510, 5641283, 8066981, 3696388, 7675731, 4534428)
	Update on sbtest6  (cost=0.43..48.53 rows=0 width=0)
	  ->  Index Scan using sbtest6_pkey on sbtest6  (cost=0.43..48.53 rows=10 width=490)
	        Index Cond: (id = ANY ('{5039093,2466185,4935779,3437503,9631510,5641283,8066981,3696388,7675731,4534428}'::integer[]))

table 7 : explain UPDATE sbtest7 set c=7 WHERE id IN ( 5039093, 2466185, 4935779, 3437503, 9631510, 5641283, 8066981, 3696388, 7675731, 4534428)
	Update on sbtest7  (cost=0.43..48.53 rows=0 width=0)
	  ->  Index Scan using sbtest7_pkey on sbtest7  (cost=0.43..48.53 rows=10 width=490)
	        Index Cond: (id = ANY ('{5039093,2466185,4935779,3437503,9631510,5641283,8066981,3696388,7675731,4534428}'::integer[]))

table 8 : explain UPDATE sbtest8 set c=7 WHERE id IN ( 5039093, 2466185, 4935779, 3437503, 9631510, 5641283, 8066981, 3696388, 7675731, 4534428)
	Update on sbtest8  (cost=0.43..48.53 rows=0 width=0)
	  ->  Index Scan using sbtest8_pkey on sbtest8  (cost=0.43..48.53 rows=10 width=490)
	        Index Cond: (id = ANY ('{5039093,2466185,4935779,3437503,9631510,5641283,8066981,3696388,7675731,4534428}'::integer[]))

for update-inlist
table 1 : explain UPDATE sbtest1 set c=7 WHERE id IN ( 7758431, 874749, 889543, 1836365, 6392324, 4864756, 502496, 7792850, 5552965, 1133479)
	Update on sbtest1  (cost=0.43..48.53 rows=0 width=0)
	  ->  Index Scan using sbtest1_pkey on sbtest1  (cost=0.43..48.53 rows=10 width=490)
	        Index Cond: (id = ANY ('{7758431,874749,889543,1836365,6392324,4864756,502496,7792850,5552965,1133479}'::integer[]))

table 2 : explain UPDATE sbtest2 set c=7 WHERE id IN ( 7758431, 874749, 889543, 1836365, 6392324, 4864756, 502496, 7792850, 5552965, 1133479)
	Update on sbtest2  (cost=0.43..48.53 rows=0 width=0)
	  ->  Index Scan using sbtest2_pkey on sbtest2  (cost=0.43..48.53 rows=10 width=490)
	        Index Cond: (id = ANY ('{7758431,874749,889543,1836365,6392324,4864756,502496,7792850,5552965,1133479}'::integer[]))

table 3 : explain UPDATE sbtest3 set c=7 WHERE id IN ( 7758431, 874749, 889543, 1836365, 6392324, 4864756, 502496, 7792850, 5552965, 1133479)
	Update on sbtest3  (cost=0.43..48.53 rows=0 width=0)
	  ->  Index Scan using sbtest3_pkey on sbtest3  (cost=0.43..48.53 rows=10 width=490)
	        Index Cond: (id = ANY ('{7758431,874749,889543,1836365,6392324,4864756,502496,7792850,5552965,1133479}'::integer[]))

table 4 : explain UPDATE sbtest4 set c=7 WHERE id IN ( 7758431, 874749, 889543, 1836365, 6392324, 4864756, 502496, 7792850, 5552965, 1133479)
	Update on sbtest4  (cost=0.43..48.53 rows=0 width=0)
	  ->  Index Scan using sbtest4_pkey on sbtest4  (cost=0.43..48.53 rows=10 width=490)
	        Index Cond: (id = ANY ('{7758431,874749,889543,1836365,6392324,4864756,502496,7792850,5552965,1133479}'::integer[]))

table 5 : explain UPDATE sbtest5 set c=7 WHERE id IN ( 7758431, 874749, 889543, 1836365, 6392324, 4864756, 502496, 7792850, 5552965, 1133479)
	Update on sbtest5  (cost=0.43..48.53 rows=0 width=0)
	  ->  Index Scan using sbtest5_pkey on sbtest5  (cost=0.43..48.53 rows=10 width=490)
	        Index Cond: (id = ANY ('{7758431,874749,889543,1836365,6392324,4864756,502496,7792850,5552965,1133479}'::integer[]))

table 6 : explain UPDATE sbtest6 set c=7 WHERE id IN ( 7758431, 874749, 889543, 1836365, 6392324, 4864756, 502496, 7792850, 5552965, 1133479)
	Update on sbtest6  (cost=0.43..48.53 rows=0 width=0)
	  ->  Index Scan using sbtest6_pkey on sbtest6  (cost=0.43..48.53 rows=10 width=490)
	        Index Cond: (id = ANY ('{7758431,874749,889543,1836365,6392324,4864756,502496,7792850,5552965,1133479}'::integer[]))

table 7 : explain UPDATE sbtest7 set c=7 WHERE id IN ( 7758431, 874749, 889543, 1836365, 6392324, 4864756, 502496, 7792850, 5552965, 1133479)
	Update on sbtest7  (cost=0.43..48.53 rows=0 width=0)
	  ->  Index Scan using sbtest7_pkey on sbtest7  (cost=0.43..48.53 rows=10 width=490)
	        Index Cond: (id = ANY ('{7758431,874749,889543,1836365,6392324,4864756,502496,7792850,5552965,1133479}'::integer[]))

table 8 : explain UPDATE sbtest8 set c=7 WHERE id IN ( 7758431, 874749, 889543, 1836365, 6392324, 4864756, 502496, 7792850, 5552965, 1133479)
	Update on sbtest8  (cost=0.43..48.53 rows=0 width=0)
	  ->  Index Scan using sbtest8_pkey on sbtest8  (cost=0.43..48.53 rows=10 width=490)
	        Index Cond: (id = ANY ('{7758431,874749,889543,1836365,6392324,4864756,502496,7792850,5552965,1133479}'::integer[]))

for update-inlist
table 1 : explain UPDATE sbtest1 set c=7 WHERE id IN ( 6227704, 8517213, 6984040, 2403319, 2500668, 1417671, 9465924, 561305, 938965, 3414520)
	Update on sbtest1  (cost=0.43..48.53 rows=0 width=0)
	  ->  Index Scan using sbtest1_pkey on sbtest1  (cost=0.43..48.53 rows=10 width=490)
	        Index Cond: (id = ANY ('{6227704,8517213,6984040,2403319,2500668,1417671,9465924,561305,938965,3414520}'::integer[]))

table 2 : explain UPDATE sbtest2 set c=7 WHERE id IN ( 6227704, 8517213, 6984040, 2403319, 2500668, 1417671, 9465924, 561305, 938965, 3414520)
	Update on sbtest2  (cost=0.43..48.53 rows=0 width=0)
	  ->  Index Scan using sbtest2_pkey on sbtest2  (cost=0.43..48.53 rows=10 width=490)
	        Index Cond: (id = ANY ('{6227704,8517213,6984040,2403319,2500668,1417671,9465924,561305,938965,3414520}'::integer[]))

table 3 : explain UPDATE sbtest3 set c=7 WHERE id IN ( 6227704, 8517213, 6984040, 2403319, 2500668, 1417671, 9465924, 561305, 938965, 3414520)
	Update on sbtest3  (cost=0.43..48.53 rows=0 width=0)
	  ->  Index Scan using sbtest3_pkey on sbtest3  (cost=0.43..48.53 rows=10 width=490)
	        Index Cond: (id = ANY ('{6227704,8517213,6984040,2403319,2500668,1417671,9465924,561305,938965,3414520}'::integer[]))

table 4 : explain UPDATE sbtest4 set c=7 WHERE id IN ( 6227704, 8517213, 6984040, 2403319, 2500668, 1417671, 9465924, 561305, 938965, 3414520)
	Update on sbtest4  (cost=0.43..48.53 rows=0 width=0)
	  ->  Index Scan using sbtest4_pkey on sbtest4  (cost=0.43..48.53 rows=10 width=490)
	        Index Cond: (id = ANY ('{6227704,8517213,6984040,2403319,2500668,1417671,9465924,561305,938965,3414520}'::integer[]))

table 5 : explain UPDATE sbtest5 set c=7 WHERE id IN ( 6227704, 8517213, 6984040, 2403319, 2500668, 1417671, 9465924, 561305, 938965, 3414520)
	Update on sbtest5  (cost=0.43..48.53 rows=0 width=0)
	  ->  Index Scan using sbtest5_pkey on sbtest5  (cost=0.43..48.53 rows=10 width=490)
	        Index Cond: (id = ANY ('{6227704,8517213,6984040,2403319,2500668,1417671,9465924,561305,938965,3414520}'::integer[]))

table 6 : explain UPDATE sbtest6 set c=7 WHERE id IN ( 6227704, 8517213, 6984040, 2403319, 2500668, 1417671, 9465924, 561305, 938965, 3414520)
	Update on sbtest6  (cost=0.43..48.53 rows=0 width=0)
	  ->  Index Scan using sbtest6_pkey on sbtest6  (cost=0.43..48.53 rows=10 width=490)
	        Index Cond: (id = ANY ('{6227704,8517213,6984040,2403319,2500668,1417671,9465924,561305,938965,3414520}'::integer[]))

table 7 : explain UPDATE sbtest7 set c=7 WHERE id IN ( 6227704, 8517213, 6984040, 2403319, 2500668, 1417671, 9465924, 561305, 938965, 3414520)
	Update on sbtest7  (cost=0.43..48.53 rows=0 width=0)
	  ->  Index Scan using sbtest7_pkey on sbtest7  (cost=0.43..48.53 rows=10 width=490)
	        Index Cond: (id = ANY ('{6227704,8517213,6984040,2403319,2500668,1417671,9465924,561305,938965,3414520}'::integer[]))

table 8 : explain UPDATE sbtest8 set c=7 WHERE id IN ( 6227704, 8517213, 6984040, 2403319, 2500668, 1417671, 9465924, 561305, 938965, 3414520)
	Update on sbtest8  (cost=0.43..48.53 rows=0 width=0)
	  ->  Index Scan using sbtest8_pkey on sbtest8  (cost=0.43..48.53 rows=10 width=490)
	        Index Cond: (id = ANY ('{6227704,8517213,6984040,2403319,2500668,1417671,9465924,561305,938965,3414520}'::integer[]))

explain: for update-inlist :: explain UPDATE sbtest%d set c=7 WHERE id IN ( 2836068, 3647438, 3454597, 9330138, 1597130, 6280697, 1496015, 6877923, 693087, 1986722)
for update-inlist
table 1 : explain UPDATE sbtest1 set c=7 WHERE id IN ( 4128580, 7182394, 5450457, 8233766, 7771245, 9181840, 8403462, 875360, 5368059, 9069784)
	Update on sbtest1  (cost=0.43..48.53 rows=0 width=0)
	  ->  Index Scan using sbtest1_pkey on sbtest1  (cost=0.43..48.53 rows=10 width=490)
	        Index Cond: (id = ANY ('{4128580,7182394,5450457,8233766,7771245,9181840,8403462,875360,5368059,9069784}'::integer[]))

table 2 : explain UPDATE sbtest2 set c=7 WHERE id IN ( 4128580, 7182394, 5450457, 8233766, 7771245, 9181840, 8403462, 875360, 5368059, 9069784)
	Update on sbtest2  (cost=0.43..48.53 rows=0 width=0)
	  ->  Index Scan using sbtest2_pkey on sbtest2  (cost=0.43..48.53 rows=10 width=490)
	        Index Cond: (id = ANY ('{4128580,7182394,5450457,8233766,7771245,9181840,8403462,875360,5368059,9069784}'::integer[]))

table 3 : explain UPDATE sbtest3 set c=7 WHERE id IN ( 4128580, 7182394, 5450457, 8233766, 7771245, 9181840, 8403462, 875360, 5368059, 9069784)
	Update on sbtest3  (cost=0.43..48.53 rows=0 width=0)
	  ->  Index Scan using sbtest3_pkey on sbtest3  (cost=0.43..48.53 rows=10 width=490)
	        Index Cond: (id = ANY ('{4128580,7182394,5450457,8233766,7771245,9181840,8403462,875360,5368059,9069784}'::integer[]))

table 4 : explain UPDATE sbtest4 set c=7 WHERE id IN ( 4128580, 7182394, 5450457, 8233766, 7771245, 9181840, 8403462, 875360, 5368059, 9069784)
	Update on sbtest4  (cost=0.43..48.53 rows=0 width=0)
	  ->  Index Scan using sbtest4_pkey on sbtest4  (cost=0.43..48.53 rows=10 width=490)
	        Index Cond: (id = ANY ('{4128580,7182394,5450457,8233766,7771245,9181840,8403462,875360,5368059,9069784}'::integer[]))

table 5 : explain UPDATE sbtest5 set c=7 WHERE id IN ( 4128580, 7182394, 5450457, 8233766, 7771245, 9181840, 8403462, 875360, 5368059, 9069784)
	Update on sbtest5  (cost=0.43..48.53 rows=0 width=0)
	  ->  Index Scan using sbtest5_pkey on sbtest5  (cost=0.43..48.53 rows=10 width=490)
	        Index Cond: (id = ANY ('{4128580,7182394,5450457,8233766,7771245,9181840,8403462,875360,5368059,9069784}'::integer[]))

table 6 : explain UPDATE sbtest6 set c=7 WHERE id IN ( 4128580, 7182394, 5450457, 8233766, 7771245, 9181840, 8403462, 875360, 5368059, 9069784)
	Update on sbtest6  (cost=0.43..48.53 rows=0 width=0)
	  ->  Index Scan using sbtest6_pkey on sbtest6  (cost=0.43..48.53 rows=10 width=490)
	        Index Cond: (id = ANY ('{4128580,7182394,5450457,8233766,7771245,9181840,8403462,875360,5368059,9069784}'::integer[]))

table 7 : explain UPDATE sbtest7 set c=7 WHERE id IN ( 4128580, 7182394, 5450457, 8233766, 7771245, 9181840, 8403462, 875360, 5368059, 9069784)
	Update on sbtest7  (cost=0.43..48.53 rows=0 width=0)
	  ->  Index Scan using sbtest7_pkey on sbtest7  (cost=0.43..48.53 rows=10 width=490)
	        Index Cond: (id = ANY ('{4128580,7182394,5450457,8233766,7771245,9181840,8403462,875360,5368059,9069784}'::integer[]))

table 8 : explain UPDATE sbtest8 set c=7 WHERE id IN ( 4128580, 7182394, 5450457, 8233766, 7771245, 9181840, 8403462, 875360, 5368059, 9069784)
	Update on sbtest8  (cost=0.43..48.53 rows=0 width=0)
	  ->  Index Scan using sbtest8_pkey on sbtest8  (cost=0.43..48.53 rows=10 width=490)
	        Index Cond: (id = ANY ('{4128580,7182394,5450457,8233766,7771245,9181840,8403462,875360,5368059,9069784}'::integer[]))

for update-inlist
table 1 : explain UPDATE sbtest1 set c=7 WHERE id IN ( 7452945, 8434300, 689981, 7532643, 1678360, 8161929, 3390844, 4872053, 6533523, 2727188)
	Update on sbtest1  (cost=0.43..48.53 rows=0 width=0)
	  ->  Index Scan using sbtest1_pkey on sbtest1  (cost=0.43..48.53 rows=10 width=490)
	        Index Cond: (id = ANY ('{7452945,8434300,689981,7532643,1678360,8161929,3390844,4872053,6533523,2727188}'::integer[]))

table 2 : explain UPDATE sbtest2 set c=7 WHERE id IN ( 7452945, 8434300, 689981, 7532643, 1678360, 8161929, 3390844, 4872053, 6533523, 2727188)
	Update on sbtest2  (cost=0.43..48.53 rows=0 width=0)
	  ->  Index Scan using sbtest2_pkey on sbtest2  (cost=0.43..48.53 rows=10 width=490)
	        Index Cond: (id = ANY ('{7452945,8434300,689981,7532643,1678360,8161929,3390844,4872053,6533523,2727188}'::integer[]))

table 3 : explain UPDATE sbtest3 set c=7 WHERE id IN ( 7452945, 8434300, 689981, 7532643, 1678360, 8161929, 3390844, 4872053, 6533523, 2727188)
	Update on sbtest3  (cost=0.43..48.53 rows=0 width=0)
	  ->  Index Scan using sbtest3_pkey on sbtest3  (cost=0.43..48.53 rows=10 width=490)
	        Index Cond: (id = ANY ('{7452945,8434300,689981,7532643,1678360,8161929,3390844,4872053,6533523,2727188}'::integer[]))

table 4 : explain UPDATE sbtest4 set c=7 WHERE id IN ( 7452945, 8434300, 689981, 7532643, 1678360, 8161929, 3390844, 4872053, 6533523, 2727188)
	Update on sbtest4  (cost=0.43..48.53 rows=0 width=0)
	  ->  Index Scan using sbtest4_pkey on sbtest4  (cost=0.43..48.53 rows=10 width=490)
	        Index Cond: (id = ANY ('{7452945,8434300,689981,7532643,1678360,8161929,3390844,4872053,6533523,2727188}'::integer[]))

table 5 : explain UPDATE sbtest5 set c=7 WHERE id IN ( 7452945, 8434300, 689981, 7532643, 1678360, 8161929, 3390844, 4872053, 6533523, 2727188)
	Update on sbtest5  (cost=0.43..48.53 rows=0 width=0)
	  ->  Index Scan using sbtest5_pkey on sbtest5  (cost=0.43..48.53 rows=10 width=490)
	        Index Cond: (id = ANY ('{7452945,8434300,689981,7532643,1678360,8161929,3390844,4872053,6533523,2727188}'::integer[]))

table 6 : explain UPDATE sbtest6 set c=7 WHERE id IN ( 7452945, 8434300, 689981, 7532643, 1678360, 8161929, 3390844, 4872053, 6533523, 2727188)
	Update on sbtest6  (cost=0.43..48.53 rows=0 width=0)
	  ->  Index Scan using sbtest6_pkey on sbtest6  (cost=0.43..48.53 rows=10 width=490)
	        Index Cond: (id = ANY ('{7452945,8434300,689981,7532643,1678360,8161929,3390844,4872053,6533523,2727188}'::integer[]))

table 7 : explain UPDATE sbtest7 set c=7 WHERE id IN ( 7452945, 8434300, 689981, 7532643, 1678360, 8161929, 3390844, 4872053, 6533523, 2727188)
	Update on sbtest7  (cost=0.43..48.53 rows=0 width=0)
	  ->  Index Scan using sbtest7_pkey on sbtest7  (cost=0.43..48.53 rows=10 width=490)
	        Index Cond: (id = ANY ('{7452945,8434300,689981,7532643,1678360,8161929,3390844,4872053,6533523,2727188}'::integer[]))

table 8 : explain UPDATE sbtest8 set c=7 WHERE id IN ( 7452945, 8434300, 689981, 7532643, 1678360, 8161929, 3390844, 4872053, 6533523, 2727188)
	Update on sbtest8  (cost=0.43..48.53 rows=0 width=0)
	  ->  Index Scan using sbtest8_pkey on sbtest8  (cost=0.43..48.53 rows=10 width=490)
	        Index Cond: (id = ANY ('{7452945,8434300,689981,7532643,1678360,8161929,3390844,4872053,6533523,2727188}'::integer[]))

for update-inlist
table 1 : explain UPDATE sbtest1 set c=7 WHERE id IN ( 7876094, 2348306, 6979396, 3861425, 7386019, 4678429, 85716, 1324768, 4406073, 4364456)
	Update on sbtest1  (cost=0.43..48.53 rows=0 width=0)
	  ->  Index Scan using sbtest1_pkey on sbtest1  (cost=0.43..48.53 rows=10 width=490)
	        Index Cond: (id = ANY ('{7876094,2348306,6979396,3861425,7386019,4678429,85716,1324768,4406073,4364456}'::integer[]))

table 2 : explain UPDATE sbtest2 set c=7 WHERE id IN ( 7876094, 2348306, 6979396, 3861425, 7386019, 4678429, 85716, 1324768, 4406073, 4364456)
	Update on sbtest2  (cost=0.43..48.53 rows=0 width=0)
	  ->  Index Scan using sbtest2_pkey on sbtest2  (cost=0.43..48.53 rows=10 width=490)
	        Index Cond: (id = ANY ('{7876094,2348306,6979396,3861425,7386019,4678429,85716,1324768,4406073,4364456}'::integer[]))

table 3 : explain UPDATE sbtest3 set c=7 WHERE id IN ( 7876094, 2348306, 6979396, 3861425, 7386019, 4678429, 85716, 1324768, 4406073, 4364456)
	Update on sbtest3  (cost=0.43..48.53 rows=0 width=0)
	  ->  Index Scan using sbtest3_pkey on sbtest3  (cost=0.43..48.53 rows=10 width=490)
	        Index Cond: (id = ANY ('{7876094,2348306,6979396,3861425,7386019,4678429,85716,1324768,4406073,4364456}'::integer[]))

table 4 : explain UPDATE sbtest4 set c=7 WHERE id IN ( 7876094, 2348306, 6979396, 3861425, 7386019, 4678429, 85716, 1324768, 4406073, 4364456)
	Update on sbtest4  (cost=0.43..48.53 rows=0 width=0)
	  ->  Index Scan using sbtest4_pkey on sbtest4  (cost=0.43..48.53 rows=10 width=490)
	        Index Cond: (id = ANY ('{7876094,2348306,6979396,3861425,7386019,4678429,85716,1324768,4406073,4364456}'::integer[]))

table 5 : explain UPDATE sbtest5 set c=7 WHERE id IN ( 7876094, 2348306, 6979396, 3861425, 7386019, 4678429, 85716, 1324768, 4406073, 4364456)
	Update on sbtest5  (cost=0.43..48.53 rows=0 width=0)
	  ->  Index Scan using sbtest5_pkey on sbtest5  (cost=0.43..48.53 rows=10 width=490)
	        Index Cond: (id = ANY ('{7876094,2348306,6979396,3861425,7386019,4678429,85716,1324768,4406073,4364456}'::integer[]))

table 6 : explain UPDATE sbtest6 set c=7 WHERE id IN ( 7876094, 2348306, 6979396, 3861425, 7386019, 4678429, 85716, 1324768, 4406073, 4364456)
	Update on sbtest6  (cost=0.43..48.53 rows=0 width=0)
	  ->  Index Scan using sbtest6_pkey on sbtest6  (cost=0.43..48.53 rows=10 width=490)
	        Index Cond: (id = ANY ('{7876094,2348306,6979396,3861425,7386019,4678429,85716,1324768,4406073,4364456}'::integer[]))

table 7 : explain UPDATE sbtest7 set c=7 WHERE id IN ( 7876094, 2348306, 6979396, 3861425, 7386019, 4678429, 85716, 1324768, 4406073, 4364456)
	Update on sbtest7  (cost=0.43..48.53 rows=0 width=0)
	  ->  Index Scan using sbtest7_pkey on sbtest7  (cost=0.43..48.53 rows=10 width=490)
	        Index Cond: (id = ANY ('{7876094,2348306,6979396,3861425,7386019,4678429,85716,1324768,4406073,4364456}'::integer[]))

table 8 : explain UPDATE sbtest8 set c=7 WHERE id IN ( 7876094, 2348306, 6979396, 3861425, 7386019, 4678429, 85716, 1324768, 4406073, 4364456)
	Update on sbtest8  (cost=0.43..48.53 rows=0 width=0)
	  ->  Index Scan using sbtest8_pkey on sbtest8  (cost=0.43..48.53 rows=10 width=490)
	        Index Cond: (id = ANY ('{7876094,2348306,6979396,3861425,7386019,4678429,85716,1324768,4406073,4364456}'::integer[]))

explain: for update-inlist :: explain UPDATE sbtest%d set c=7 WHERE id IN ( 6437977, 1090145, 4959928, 6609648, 220397, 7020717, 1899558, 9424558, 9532542, 8436201)
for update-inlist
table 1 : explain UPDATE sbtest1 set c=7 WHERE id IN ( 2793651, 8959934, 8802276, 5337522, 2119006, 9467987, 9503321, 1463649, 9614543, 9862460)
	Update on sbtest1  (cost=0.43..48.53 rows=0 width=0)
	  ->  Index Scan using sbtest1_pkey on sbtest1  (cost=0.43..48.53 rows=10 width=490)
	        Index Cond: (id = ANY ('{2793651,8959934,8802276,5337522,2119006,9467987,9503321,1463649,9614543,9862460}'::integer[]))

table 2 : explain UPDATE sbtest2 set c=7 WHERE id IN ( 2793651, 8959934, 8802276, 5337522, 2119006, 9467987, 9503321, 1463649, 9614543, 9862460)
	Update on sbtest2  (cost=0.43..48.53 rows=0 width=0)
	  ->  Index Scan using sbtest2_pkey on sbtest2  (cost=0.43..48.53 rows=10 width=490)
	        Index Cond: (id = ANY ('{2793651,8959934,8802276,5337522,2119006,9467987,9503321,1463649,9614543,9862460}'::integer[]))

table 3 : explain UPDATE sbtest3 set c=7 WHERE id IN ( 2793651, 8959934, 8802276, 5337522, 2119006, 9467987, 9503321, 1463649, 9614543, 9862460)
	Update on sbtest3  (cost=0.43..48.53 rows=0 width=0)
	  ->  Index Scan using sbtest3_pkey on sbtest3  (cost=0.43..48.53 rows=10 width=490)
	        Index Cond: (id = ANY ('{2793651,8959934,8802276,5337522,2119006,9467987,9503321,1463649,9614543,9862460}'::integer[]))

table 4 : explain UPDATE sbtest4 set c=7 WHERE id IN ( 2793651, 8959934, 8802276, 5337522, 2119006, 9467987, 9503321, 1463649, 9614543, 9862460)
	Update on sbtest4  (cost=0.43..48.53 rows=0 width=0)
	  ->  Index Scan using sbtest4_pkey on sbtest4  (cost=0.43..48.53 rows=10 width=490)
	        Index Cond: (id = ANY ('{2793651,8959934,8802276,5337522,2119006,9467987,9503321,1463649,9614543,9862460}'::integer[]))

table 5 : explain UPDATE sbtest5 set c=7 WHERE id IN ( 2793651, 8959934, 8802276, 5337522, 2119006, 9467987, 9503321, 1463649, 9614543, 9862460)
	Update on sbtest5  (cost=0.43..48.53 rows=0 width=0)
	  ->  Index Scan using sbtest5_pkey on sbtest5  (cost=0.43..48.53 rows=10 width=490)
	        Index Cond: (id = ANY ('{2793651,8959934,8802276,5337522,2119006,9467987,9503321,1463649,9614543,9862460}'::integer[]))

table 6 : explain UPDATE sbtest6 set c=7 WHERE id IN ( 2793651, 8959934, 8802276, 5337522, 2119006, 9467987, 9503321, 1463649, 9614543, 9862460)
	Update on sbtest6  (cost=0.43..48.53 rows=0 width=0)
	  ->  Index Scan using sbtest6_pkey on sbtest6  (cost=0.43..48.53 rows=10 width=490)
	        Index Cond: (id = ANY ('{2793651,8959934,8802276,5337522,2119006,9467987,9503321,1463649,9614543,9862460}'::integer[]))

table 7 : explain UPDATE sbtest7 set c=7 WHERE id IN ( 2793651, 8959934, 8802276, 5337522, 2119006, 9467987, 9503321, 1463649, 9614543, 9862460)
	Update on sbtest7  (cost=0.43..48.53 rows=0 width=0)
	  ->  Index Scan using sbtest7_pkey on sbtest7  (cost=0.43..48.53 rows=10 width=490)
	        Index Cond: (id = ANY ('{2793651,8959934,8802276,5337522,2119006,9467987,9503321,1463649,9614543,9862460}'::integer[]))

table 8 : explain UPDATE sbtest8 set c=7 WHERE id IN ( 2793651, 8959934, 8802276, 5337522, 2119006, 9467987, 9503321, 1463649, 9614543, 9862460)
	Update on sbtest8  (cost=0.43..48.53 rows=0 width=0)
	  ->  Index Scan using sbtest8_pkey on sbtest8  (cost=0.43..48.53 rows=10 width=490)
	        Index Cond: (id = ANY ('{2793651,8959934,8802276,5337522,2119006,9467987,9503321,1463649,9614543,9862460}'::integer[]))

explain: for update-inlist :: explain UPDATE sbtest%d set c=7 WHERE id IN ( 9592959, 4382570, 1319179, 8816681, 7135024, 3574972, 126052, 8099642, 9099692, 4884309)
for update-inlist
table 1 : explain UPDATE sbtest1 set c=7 WHERE id IN ( 6637616, 3884817, 90134, 2937413, 702827, 5481353, 6697265, 9994247, 5450197, 1308368)
	Update on sbtest1  (cost=0.43..48.53 rows=0 width=0)
	  ->  Index Scan using sbtest1_pkey on sbtest1  (cost=0.43..48.53 rows=10 width=490)
	        Index Cond: (id = ANY ('{6637616,3884817,90134,2937413,702827,5481353,6697265,9994247,5450197,1308368}'::integer[]))

table 2 : explain UPDATE sbtest2 set c=7 WHERE id IN ( 6637616, 3884817, 90134, 2937413, 702827, 5481353, 6697265, 9994247, 5450197, 1308368)
	Update on sbtest2  (cost=0.43..48.53 rows=0 width=0)
	  ->  Index Scan using sbtest2_pkey on sbtest2  (cost=0.43..48.53 rows=10 width=490)
	        Index Cond: (id = ANY ('{6637616,3884817,90134,2937413,702827,5481353,6697265,9994247,5450197,1308368}'::integer[]))

table 3 : explain UPDATE sbtest3 set c=7 WHERE id IN ( 6637616, 3884817, 90134, 2937413, 702827, 5481353, 6697265, 9994247, 5450197, 1308368)
	Update on sbtest3  (cost=0.43..48.53 rows=0 width=0)
	  ->  Index Scan using sbtest3_pkey on sbtest3  (cost=0.43..48.53 rows=10 width=490)
	        Index Cond: (id = ANY ('{6637616,3884817,90134,2937413,702827,5481353,6697265,9994247,5450197,1308368}'::integer[]))

table 4 : explain UPDATE sbtest4 set c=7 WHERE id IN ( 6637616, 3884817, 90134, 2937413, 702827, 5481353, 6697265, 9994247, 5450197, 1308368)
	Update on sbtest4  (cost=0.43..48.53 rows=0 width=0)
	  ->  Index Scan using sbtest4_pkey on sbtest4  (cost=0.43..48.53 rows=10 width=490)
	        Index Cond: (id = ANY ('{6637616,3884817,90134,2937413,702827,5481353,6697265,9994247,5450197,1308368}'::integer[]))

table 5 : explain UPDATE sbtest5 set c=7 WHERE id IN ( 6637616, 3884817, 90134, 2937413, 702827, 5481353, 6697265, 9994247, 5450197, 1308368)
	Update on sbtest5  (cost=0.43..48.53 rows=0 width=0)
	  ->  Index Scan using sbtest5_pkey on sbtest5  (cost=0.43..48.53 rows=10 width=490)
	        Index Cond: (id = ANY ('{6637616,3884817,90134,2937413,702827,5481353,6697265,9994247,5450197,1308368}'::integer[]))

table 6 : explain UPDATE sbtest6 set c=7 WHERE id IN ( 6637616, 3884817, 90134, 2937413, 702827, 5481353, 6697265, 9994247, 5450197, 1308368)
	Update on sbtest6  (cost=0.43..48.53 rows=0 width=0)
	  ->  Index Scan using sbtest6_pkey on sbtest6  (cost=0.43..48.53 rows=10 width=490)
	        Index Cond: (id = ANY ('{6637616,3884817,90134,2937413,702827,5481353,6697265,9994247,5450197,1308368}'::integer[]))

table 7 : explain UPDATE sbtest7 set c=7 WHERE id IN ( 6637616, 3884817, 90134, 2937413, 702827, 5481353, 6697265, 9994247, 5450197, 1308368)
	Update on sbtest7  (cost=0.43..48.53 rows=0 width=0)
	  ->  Index Scan using sbtest7_pkey on sbtest7  (cost=0.43..48.53 rows=10 width=490)
	        Index Cond: (id = ANY ('{6637616,3884817,90134,2937413,702827,5481353,6697265,9994247,5450197,1308368}'::integer[]))

table 8 : explain UPDATE sbtest8 set c=7 WHERE id IN ( 6637616, 3884817, 90134, 2937413, 702827, 5481353, 6697265, 9994247, 5450197, 1308368)
	Update on sbtest8  (cost=0.43..48.53 rows=0 width=0)
	  ->  Index Scan using sbtest8_pkey on sbtest8  (cost=0.43..48.53 rows=10 width=490)
	        Index Cond: (id = ANY ('{6637616,3884817,90134,2937413,702827,5481353,6697265,9994247,5450197,1308368}'::integer[]))

explain: for update-inlist :: explain UPDATE sbtest%d set c=7 WHERE id IN ( 8754121, 1274071, 9294002, 4212931, 2390321, 658426, 2580820, 3085500, 9724395, 2074929)
explain: for update-inlist :: explain UPDATE sbtest%d set c=7 WHERE id IN ( 1488924, 2326384, 3543585, 5260882, 6211223, 786200, 3622608, 9479396, 1332109, 5106729)
explain: for update-inlist :: explain UPDATE sbtest%d set c=7 WHERE id IN ( 8754489, 8056918, 4547423, 5962301, 8488302, 721295, 3847087, 4910480, 93198, 4867174)
explain: for update-inlist :: explain UPDATE sbtest%d set c=7 WHERE id IN ( 2538772, 4665725, 4121615, 6854235, 6239571, 2095651, 2416104, 9371426, 8699749, 2982433)
explain: for update-inlist :: explain UPDATE sbtest%d set c=7 WHERE id IN ( 192914, 1991617, 3385780, 700094, 705206, 9569051, 5404144, 4267979, 9598742, 1868223)
for update-inlist
table 1 : explain UPDATE sbtest1 set c=7 WHERE id IN ( 4959313, 4916372, 1102723, 2918780, 6140443, 7576369, 5598652, 4911546, 7245808, 1241660)
	Update on sbtest1  (cost=0.43..48.53 rows=0 width=0)
	  ->  Index Scan using sbtest1_pkey on sbtest1  (cost=0.43..48.53 rows=10 width=490)
	        Index Cond: (id = ANY ('{4959313,4916372,1102723,2918780,6140443,7576369,5598652,4911546,7245808,1241660}'::integer[]))

table 2 : explain UPDATE sbtest2 set c=7 WHERE id IN ( 4959313, 4916372, 1102723, 2918780, 6140443, 7576369, 5598652, 4911546, 7245808, 1241660)
	Update on sbtest2  (cost=0.43..48.53 rows=0 width=0)
	  ->  Index Scan using sbtest2_pkey on sbtest2  (cost=0.43..48.53 rows=10 width=490)
	        Index Cond: (id = ANY ('{4959313,4916372,1102723,2918780,6140443,7576369,5598652,4911546,7245808,1241660}'::integer[]))

table 3 : explain UPDATE sbtest3 set c=7 WHERE id IN ( 4959313, 4916372, 1102723, 2918780, 6140443, 7576369, 5598652, 4911546, 7245808, 1241660)
	Update on sbtest3  (cost=0.43..48.53 rows=0 width=0)
	  ->  Index Scan using sbtest3_pkey on sbtest3  (cost=0.43..48.53 rows=10 width=490)
	        Index Cond: (id = ANY ('{4959313,4916372,1102723,2918780,6140443,7576369,5598652,4911546,7245808,1241660}'::integer[]))

table 4 : explain UPDATE sbtest4 set c=7 WHERE id IN ( 4959313, 4916372, 1102723, 2918780, 6140443, 7576369, 5598652, 4911546, 7245808, 1241660)
	Update on sbtest4  (cost=0.43..48.53 rows=0 width=0)
	  ->  Index Scan using sbtest4_pkey on sbtest4  (cost=0.43..48.53 rows=10 width=490)
	        Index Cond: (id = ANY ('{4959313,4916372,1102723,2918780,6140443,7576369,5598652,4911546,7245808,1241660}'::integer[]))

table 5 : explain UPDATE sbtest5 set c=7 WHERE id IN ( 4959313, 4916372, 1102723, 2918780, 6140443, 7576369, 5598652, 4911546, 7245808, 1241660)
	Update on sbtest5  (cost=0.43..48.53 rows=0 width=0)
	  ->  Index Scan using sbtest5_pkey on sbtest5  (cost=0.43..48.53 rows=10 width=490)
	        Index Cond: (id = ANY ('{4959313,4916372,1102723,2918780,6140443,7576369,5598652,4911546,7245808,1241660}'::integer[]))

table 6 : explain UPDATE sbtest6 set c=7 WHERE id IN ( 4959313, 4916372, 1102723, 2918780, 6140443, 7576369, 5598652, 4911546, 7245808, 1241660)
	Update on sbtest6  (cost=0.43..48.53 rows=0 width=0)
	  ->  Index Scan using sbtest6_pkey on sbtest6  (cost=0.43..48.53 rows=10 width=490)
	        Index Cond: (id = ANY ('{4959313,4916372,1102723,2918780,6140443,7576369,5598652,4911546,7245808,1241660}'::integer[]))

table 7 : explain UPDATE sbtest7 set c=7 WHERE id IN ( 4959313, 4916372, 1102723, 2918780, 6140443, 7576369, 5598652, 4911546, 7245808, 1241660)
	Update on sbtest7  (cost=0.43..48.53 rows=0 width=0)
	  ->  Index Scan using sbtest7_pkey on sbtest7  (cost=0.43..48.53 rows=10 width=490)
	        Index Cond: (id = ANY ('{4959313,4916372,1102723,2918780,6140443,7576369,5598652,4911546,7245808,1241660}'::integer[]))

table 8 : explain UPDATE sbtest8 set c=7 WHERE id IN ( 4959313, 4916372, 1102723, 2918780, 6140443, 7576369, 5598652, 4911546, 7245808, 1241660)
	Update on sbtest8  (cost=0.43..48.53 rows=0 width=0)
	  ->  Index Scan using sbtest8_pkey on sbtest8  (cost=0.43..48.53 rows=10 width=490)
	        Index Cond: (id = ANY ('{4959313,4916372,1102723,2918780,6140443,7576369,5598652,4911546,7245808,1241660}'::integer[]))

for update-inlist
table 1 : explain UPDATE sbtest1 set c=7 WHERE id IN ( 6437977, 1090145, 4959928, 6609648, 220397, 7020717, 1899558, 9424558, 9532542, 8436201)
	Update on sbtest1  (cost=0.43..48.53 rows=0 width=0)
	  ->  Index Scan using sbtest1_pkey on sbtest1  (cost=0.43..48.53 rows=10 width=490)
	        Index Cond: (id = ANY ('{6437977,1090145,4959928,6609648,220397,7020717,1899558,9424558,9532542,8436201}'::integer[]))

table 2 : explain UPDATE sbtest2 set c=7 WHERE id IN ( 6437977, 1090145, 4959928, 6609648, 220397, 7020717, 1899558, 9424558, 9532542, 8436201)
	Update on sbtest2  (cost=0.43..48.53 rows=0 width=0)
	  ->  Index Scan using sbtest2_pkey on sbtest2  (cost=0.43..48.53 rows=10 width=490)
	        Index Cond: (id = ANY ('{6437977,1090145,4959928,6609648,220397,7020717,1899558,9424558,9532542,8436201}'::integer[]))

table 3 : explain UPDATE sbtest3 set c=7 WHERE id IN ( 6437977, 1090145, 4959928, 6609648, 220397, 7020717, 1899558, 9424558, 9532542, 8436201)
	Update on sbtest3  (cost=0.43..48.53 rows=0 width=0)
	  ->  Index Scan using sbtest3_pkey on sbtest3  (cost=0.43..48.53 rows=10 width=490)
	        Index Cond: (id = ANY ('{6437977,1090145,4959928,6609648,220397,7020717,1899558,9424558,9532542,8436201}'::integer[]))

table 4 : explain UPDATE sbtest4 set c=7 WHERE id IN ( 6437977, 1090145, 4959928, 6609648, 220397, 7020717, 1899558, 9424558, 9532542, 8436201)
	Update on sbtest4  (cost=0.43..48.53 rows=0 width=0)
	  ->  Index Scan using sbtest4_pkey on sbtest4  (cost=0.43..48.53 rows=10 width=490)
	        Index Cond: (id = ANY ('{6437977,1090145,4959928,6609648,220397,7020717,1899558,9424558,9532542,8436201}'::integer[]))

table 5 : explain UPDATE sbtest5 set c=7 WHERE id IN ( 6437977, 1090145, 4959928, 6609648, 220397, 7020717, 1899558, 9424558, 9532542, 8436201)
	Update on sbtest5  (cost=0.43..48.53 rows=0 width=0)
	  ->  Index Scan using sbtest5_pkey on sbtest5  (cost=0.43..48.53 rows=10 width=490)
	        Index Cond: (id = ANY ('{6437977,1090145,4959928,6609648,220397,7020717,1899558,9424558,9532542,8436201}'::integer[]))

table 6 : explain UPDATE sbtest6 set c=7 WHERE id IN ( 6437977, 1090145, 4959928, 6609648, 220397, 7020717, 1899558, 9424558, 9532542, 8436201)
	Update on sbtest6  (cost=0.43..48.53 rows=0 width=0)
	  ->  Index Scan using sbtest6_pkey on sbtest6  (cost=0.43..48.53 rows=10 width=490)
	        Index Cond: (id = ANY ('{6437977,1090145,4959928,6609648,220397,7020717,1899558,9424558,9532542,8436201}'::integer[]))

table 7 : explain UPDATE sbtest7 set c=7 WHERE id IN ( 6437977, 1090145, 4959928, 6609648, 220397, 7020717, 1899558, 9424558, 9532542, 8436201)
	Update on sbtest7  (cost=0.43..48.53 rows=0 width=0)
	  ->  Index Scan using sbtest7_pkey on sbtest7  (cost=0.43..48.53 rows=10 width=490)
	        Index Cond: (id = ANY ('{6437977,1090145,4959928,6609648,220397,7020717,1899558,9424558,9532542,8436201}'::integer[]))

table 8 : explain UPDATE sbtest8 set c=7 WHERE id IN ( 6437977, 1090145, 4959928, 6609648, 220397, 7020717, 1899558, 9424558, 9532542, 8436201)
	Update on sbtest8  (cost=0.43..48.53 rows=0 width=0)
	  ->  Index Scan using sbtest8_pkey on sbtest8  (cost=0.43..48.53 rows=10 width=490)
	        Index Cond: (id = ANY ('{6437977,1090145,4959928,6609648,220397,7020717,1899558,9424558,9532542,8436201}'::integer[]))

for update-inlist
table 1 : explain UPDATE sbtest1 set c=7 WHERE id IN ( 9592959, 4382570, 1319179, 8816681, 7135024, 3574972, 126052, 8099642, 9099692, 4884309)
	Update on sbtest1  (cost=0.43..48.53 rows=0 width=0)
	  ->  Index Scan using sbtest1_pkey on sbtest1  (cost=0.43..48.53 rows=10 width=490)
	        Index Cond: (id = ANY ('{9592959,4382570,1319179,8816681,7135024,3574972,126052,8099642,9099692,4884309}'::integer[]))

table 2 : explain UPDATE sbtest2 set c=7 WHERE id IN ( 9592959, 4382570, 1319179, 8816681, 7135024, 3574972, 126052, 8099642, 9099692, 4884309)
	Update on sbtest2  (cost=0.43..48.53 rows=0 width=0)
	  ->  Index Scan using sbtest2_pkey on sbtest2  (cost=0.43..48.53 rows=10 width=490)
	        Index Cond: (id = ANY ('{9592959,4382570,1319179,8816681,7135024,3574972,126052,8099642,9099692,4884309}'::integer[]))

table 3 : explain UPDATE sbtest3 set c=7 WHERE id IN ( 9592959, 4382570, 1319179, 8816681, 7135024, 3574972, 126052, 8099642, 9099692, 4884309)
	Update on sbtest3  (cost=0.43..48.53 rows=0 width=0)
	  ->  Index Scan using sbtest3_pkey on sbtest3  (cost=0.43..48.53 rows=10 width=490)
	        Index Cond: (id = ANY ('{9592959,4382570,1319179,8816681,7135024,3574972,126052,8099642,9099692,4884309}'::integer[]))

table 4 : explain UPDATE sbtest4 set c=7 WHERE id IN ( 9592959, 4382570, 1319179, 8816681, 7135024, 3574972, 126052, 8099642, 9099692, 4884309)
	Update on sbtest4  (cost=0.43..48.53 rows=0 width=0)
	  ->  Index Scan using sbtest4_pkey on sbtest4  (cost=0.43..48.53 rows=10 width=490)
	        Index Cond: (id = ANY ('{9592959,4382570,1319179,8816681,7135024,3574972,126052,8099642,9099692,4884309}'::integer[]))

table 5 : explain UPDATE sbtest5 set c=7 WHERE id IN ( 9592959, 4382570, 1319179, 8816681, 7135024, 3574972, 126052, 8099642, 9099692, 4884309)
	Update on sbtest5  (cost=0.43..48.53 rows=0 width=0)
	  ->  Index Scan using sbtest5_pkey on sbtest5  (cost=0.43..48.53 rows=10 width=490)
	        Index Cond: (id = ANY ('{9592959,4382570,1319179,8816681,7135024,3574972,126052,8099642,9099692,4884309}'::integer[]))

table 6 : explain UPDATE sbtest6 set c=7 WHERE id IN ( 9592959, 4382570, 1319179, 8816681, 7135024, 3574972, 126052, 8099642, 9099692, 4884309)
	Update on sbtest6  (cost=0.43..48.53 rows=0 width=0)
	  ->  Index Scan using sbtest6_pkey on sbtest6  (cost=0.43..48.53 rows=10 width=490)
	        Index Cond: (id = ANY ('{9592959,4382570,1319179,8816681,7135024,3574972,126052,8099642,9099692,4884309}'::integer[]))

table 7 : explain UPDATE sbtest7 set c=7 WHERE id IN ( 9592959, 4382570, 1319179, 8816681, 7135024, 3574972, 126052, 8099642, 9099692, 4884309)
	Update on sbtest7  (cost=0.43..48.53 rows=0 width=0)
	  ->  Index Scan using sbtest7_pkey on sbtest7  (cost=0.43..48.53 rows=10 width=490)
	        Index Cond: (id = ANY ('{9592959,4382570,1319179,8816681,7135024,3574972,126052,8099642,9099692,4884309}'::integer[]))

table 8 : explain UPDATE sbtest8 set c=7 WHERE id IN ( 9592959, 4382570, 1319179, 8816681, 7135024, 3574972, 126052, 8099642, 9099692, 4884309)
	Update on sbtest8  (cost=0.43..48.53 rows=0 width=0)
	  ->  Index Scan using sbtest8_pkey on sbtest8  (cost=0.43..48.53 rows=10 width=490)
	        Index Cond: (id = ANY ('{9592959,4382570,1319179,8816681,7135024,3574972,126052,8099642,9099692,4884309}'::integer[]))

explain: for update-inlist :: explain UPDATE sbtest%d set c=7 WHERE id IN ( 3054422, 9902340, 2549231, 1184412, 1639667, 257070, 61683, 5550303, 7655114, 8677818)
for update-inlist
table 1 : explain UPDATE sbtest1 set c=7 WHERE id IN ( 2538772, 4665725, 4121615, 6854235, 6239571, 2095651, 2416104, 9371426, 8699749, 2982433)
	Update on sbtest1  (cost=0.43..48.53 rows=0 width=0)
	  ->  Index Scan using sbtest1_pkey on sbtest1  (cost=0.43..48.53 rows=10 width=490)
	        Index Cond: (id = ANY ('{2538772,4665725,4121615,6854235,6239571,2095651,2416104,9371426,8699749,2982433}'::integer[]))

table 2 : explain UPDATE sbtest2 set c=7 WHERE id IN ( 2538772, 4665725, 4121615, 6854235, 6239571, 2095651, 2416104, 9371426, 8699749, 2982433)
	Update on sbtest2  (cost=0.43..48.53 rows=0 width=0)
	  ->  Index Scan using sbtest2_pkey on sbtest2  (cost=0.43..48.53 rows=10 width=490)
	        Index Cond: (id = ANY ('{2538772,4665725,4121615,6854235,6239571,2095651,2416104,9371426,8699749,2982433}'::integer[]))

table 3 : explain UPDATE sbtest3 set c=7 WHERE id IN ( 2538772, 4665725, 4121615, 6854235, 6239571, 2095651, 2416104, 9371426, 8699749, 2982433)
	Update on sbtest3  (cost=0.43..48.53 rows=0 width=0)
	  ->  Index Scan using sbtest3_pkey on sbtest3  (cost=0.43..48.53 rows=10 width=490)
	        Index Cond: (id = ANY ('{2538772,4665725,4121615,6854235,6239571,2095651,2416104,9371426,8699749,2982433}'::integer[]))

table 4 : explain UPDATE sbtest4 set c=7 WHERE id IN ( 2538772, 4665725, 4121615, 6854235, 6239571, 2095651, 2416104, 9371426, 8699749, 2982433)
	Update on sbtest4  (cost=0.43..48.53 rows=0 width=0)
	  ->  Index Scan using sbtest4_pkey on sbtest4  (cost=0.43..48.53 rows=10 width=490)
	        Index Cond: (id = ANY ('{2538772,4665725,4121615,6854235,6239571,2095651,2416104,9371426,8699749,2982433}'::integer[]))

table 5 : explain UPDATE sbtest5 set c=7 WHERE id IN ( 2538772, 4665725, 4121615, 6854235, 6239571, 2095651, 2416104, 9371426, 8699749, 2982433)
	Update on sbtest5  (cost=0.43..48.53 rows=0 width=0)
	  ->  Index Scan using sbtest5_pkey on sbtest5  (cost=0.43..48.53 rows=10 width=490)
	        Index Cond: (id = ANY ('{2538772,4665725,4121615,6854235,6239571,2095651,2416104,9371426,8699749,2982433}'::integer[]))

table 6 : explain UPDATE sbtest6 set c=7 WHERE id IN ( 2538772, 4665725, 4121615, 6854235, 6239571, 2095651, 2416104, 9371426, 8699749, 2982433)
	Update on sbtest6  (cost=0.43..48.53 rows=0 width=0)
	  ->  Index Scan using sbtest6_pkey on sbtest6  (cost=0.43..48.53 rows=10 width=490)
	        Index Cond: (id = ANY ('{2538772,4665725,4121615,6854235,6239571,2095651,2416104,9371426,8699749,2982433}'::integer[]))

table 7 : explain UPDATE sbtest7 set c=7 WHERE id IN ( 2538772, 4665725, 4121615, 6854235, 6239571, 2095651, 2416104, 9371426, 8699749, 2982433)
	Update on sbtest7  (cost=0.43..48.53 rows=0 width=0)
	  ->  Index Scan using sbtest7_pkey on sbtest7  (cost=0.43..48.53 rows=10 width=490)
	        Index Cond: (id = ANY ('{2538772,4665725,4121615,6854235,6239571,2095651,2416104,9371426,8699749,2982433}'::integer[]))

table 8 : explain UPDATE sbtest8 set c=7 WHERE id IN ( 2538772, 4665725, 4121615, 6854235, 6239571, 2095651, 2416104, 9371426, 8699749, 2982433)
	Update on sbtest8  (cost=0.43..48.53 rows=0 width=0)
	  ->  Index Scan using sbtest8_pkey on sbtest8  (cost=0.43..48.53 rows=10 width=490)
	        Index Cond: (id = ANY ('{2538772,4665725,4121615,6854235,6239571,2095651,2416104,9371426,8699749,2982433}'::integer[]))

for update-inlist
table 1 : explain UPDATE sbtest1 set c=7 WHERE id IN ( 8754121, 1274071, 9294002, 4212931, 2390321, 658426, 2580820, 3085500, 9724395, 2074929)
	Update on sbtest1  (cost=0.43..48.53 rows=0 width=0)
	  ->  Index Scan using sbtest1_pkey on sbtest1  (cost=0.43..48.53 rows=10 width=490)
	        Index Cond: (id = ANY ('{8754121,1274071,9294002,4212931,2390321,658426,2580820,3085500,9724395,2074929}'::integer[]))

table 2 : explain UPDATE sbtest2 set c=7 WHERE id IN ( 8754121, 1274071, 9294002, 4212931, 2390321, 658426, 2580820, 3085500, 9724395, 2074929)
	Update on sbtest2  (cost=0.43..48.53 rows=0 width=0)
	  ->  Index Scan using sbtest2_pkey on sbtest2  (cost=0.43..48.53 rows=10 width=490)
	        Index Cond: (id = ANY ('{8754121,1274071,9294002,4212931,2390321,658426,2580820,3085500,9724395,2074929}'::integer[]))

table 3 : explain UPDATE sbtest3 set c=7 WHERE id IN ( 8754121, 1274071, 9294002, 4212931, 2390321, 658426, 2580820, 3085500, 9724395, 2074929)
	Update on sbtest3  (cost=0.43..48.53 rows=0 width=0)
	  ->  Index Scan using sbtest3_pkey on sbtest3  (cost=0.43..48.53 rows=10 width=490)
	        Index Cond: (id = ANY ('{8754121,1274071,9294002,4212931,2390321,658426,2580820,3085500,9724395,2074929}'::integer[]))

table 4 : explain UPDATE sbtest4 set c=7 WHERE id IN ( 8754121, 1274071, 9294002, 4212931, 2390321, 658426, 2580820, 3085500, 9724395, 2074929)
	Update on sbtest4  (cost=0.43..48.53 rows=0 width=0)
	  ->  Index Scan using sbtest4_pkey on sbtest4  (cost=0.43..48.53 rows=10 width=490)
	        Index Cond: (id = ANY ('{8754121,1274071,9294002,4212931,2390321,658426,2580820,3085500,9724395,2074929}'::integer[]))

table 5 : explain UPDATE sbtest5 set c=7 WHERE id IN ( 8754121, 1274071, 9294002, 4212931, 2390321, 658426, 2580820, 3085500, 9724395, 2074929)
	Update on sbtest5  (cost=0.43..48.53 rows=0 width=0)
	  ->  Index Scan using sbtest5_pkey on sbtest5  (cost=0.43..48.53 rows=10 width=490)
	        Index Cond: (id = ANY ('{8754121,1274071,9294002,4212931,2390321,658426,2580820,3085500,9724395,2074929}'::integer[]))

table 6 : explain UPDATE sbtest6 set c=7 WHERE id IN ( 8754121, 1274071, 9294002, 4212931, 2390321, 658426, 2580820, 3085500, 9724395, 2074929)
	Update on sbtest6  (cost=0.43..48.53 rows=0 width=0)
	  ->  Index Scan using sbtest6_pkey on sbtest6  (cost=0.43..48.53 rows=10 width=490)
	        Index Cond: (id = ANY ('{8754121,1274071,9294002,4212931,2390321,658426,2580820,3085500,9724395,2074929}'::integer[]))

table 7 : explain UPDATE sbtest7 set c=7 WHERE id IN ( 8754121, 1274071, 9294002, 4212931, 2390321, 658426, 2580820, 3085500, 9724395, 2074929)
	Update on sbtest7  (cost=0.43..48.53 rows=0 width=0)
	  ->  Index Scan using sbtest7_pkey on sbtest7  (cost=0.43..48.53 rows=10 width=490)
	        Index Cond: (id = ANY ('{8754121,1274071,9294002,4212931,2390321,658426,2580820,3085500,9724395,2074929}'::integer[]))

table 8 : explain UPDATE sbtest8 set c=7 WHERE id IN ( 8754121, 1274071, 9294002, 4212931, 2390321, 658426, 2580820, 3085500, 9724395, 2074929)
	Update on sbtest8  (cost=0.43..48.53 rows=0 width=0)
	  ->  Index Scan using sbtest8_pkey on sbtest8  (cost=0.43..48.53 rows=10 width=490)
	        Index Cond: (id = ANY ('{8754121,1274071,9294002,4212931,2390321,658426,2580820,3085500,9724395,2074929}'::integer[]))

for update-inlist
table 1 : explain UPDATE sbtest1 set c=7 WHERE id IN ( 192914, 1991617, 3385780, 700094, 705206, 9569051, 5404144, 4267979, 9598742, 1868223)
	Update on sbtest1  (cost=0.43..48.53 rows=0 width=0)
	  ->  Index Scan using sbtest1_pkey on sbtest1  (cost=0.43..48.53 rows=10 width=490)
	        Index Cond: (id = ANY ('{192914,1991617,3385780,700094,705206,9569051,5404144,4267979,9598742,1868223}'::integer[]))

table 2 : explain UPDATE sbtest2 set c=7 WHERE id IN ( 192914, 1991617, 3385780, 700094, 705206, 9569051, 5404144, 4267979, 9598742, 1868223)
	Update on sbtest2  (cost=0.43..48.53 rows=0 width=0)
	  ->  Index Scan using sbtest2_pkey on sbtest2  (cost=0.43..48.53 rows=10 width=490)
	        Index Cond: (id = ANY ('{192914,1991617,3385780,700094,705206,9569051,5404144,4267979,9598742,1868223}'::integer[]))

table 3 : explain UPDATE sbtest3 set c=7 WHERE id IN ( 192914, 1991617, 3385780, 700094, 705206, 9569051, 5404144, 4267979, 9598742, 1868223)
	Update on sbtest3  (cost=0.43..48.53 rows=0 width=0)
	  ->  Index Scan using sbtest3_pkey on sbtest3  (cost=0.43..48.53 rows=10 width=490)
	        Index Cond: (id = ANY ('{192914,1991617,3385780,700094,705206,9569051,5404144,4267979,9598742,1868223}'::integer[]))

table 4 : explain UPDATE sbtest4 set c=7 WHERE id IN ( 192914, 1991617, 3385780, 700094, 705206, 9569051, 5404144, 4267979, 9598742, 1868223)
	Update on sbtest4  (cost=0.43..48.53 rows=0 width=0)
	  ->  Index Scan using sbtest4_pkey on sbtest4  (cost=0.43..48.53 rows=10 width=490)
	        Index Cond: (id = ANY ('{192914,1991617,3385780,700094,705206,9569051,5404144,4267979,9598742,1868223}'::integer[]))

table 5 : explain UPDATE sbtest5 set c=7 WHERE id IN ( 192914, 1991617, 3385780, 700094, 705206, 9569051, 5404144, 4267979, 9598742, 1868223)
	Update on sbtest5  (cost=0.43..48.53 rows=0 width=0)
	  ->  Index Scan using sbtest5_pkey on sbtest5  (cost=0.43..48.53 rows=10 width=490)
	        Index Cond: (id = ANY ('{192914,1991617,3385780,700094,705206,9569051,5404144,4267979,9598742,1868223}'::integer[]))

table 6 : explain UPDATE sbtest6 set c=7 WHERE id IN ( 192914, 1991617, 3385780, 700094, 705206, 9569051, 5404144, 4267979, 9598742, 1868223)
	Update on sbtest6  (cost=0.43..48.53 rows=0 width=0)
	  ->  Index Scan using sbtest6_pkey on sbtest6  (cost=0.43..48.53 rows=10 width=490)
	        Index Cond: (id = ANY ('{192914,1991617,3385780,700094,705206,9569051,5404144,4267979,9598742,1868223}'::integer[]))

table 7 : explain UPDATE sbtest7 set c=7 WHERE id IN ( 192914, 1991617, 3385780, 700094, 705206, 9569051, 5404144, 4267979, 9598742, 1868223)
	Update on sbtest7  (cost=0.43..48.53 rows=0 width=0)
	  ->  Index Scan using sbtest7_pkey on sbtest7  (cost=0.43..48.53 rows=10 width=490)
	        Index Cond: (id = ANY ('{192914,1991617,3385780,700094,705206,9569051,5404144,4267979,9598742,1868223}'::integer[]))

table 8 : explain UPDATE sbtest8 set c=7 WHERE id IN ( 192914, 1991617, 3385780, 700094, 705206, 9569051, 5404144, 4267979, 9598742, 1868223)
	Update on sbtest8  (cost=0.43..48.53 rows=0 width=0)
	  ->  Index Scan using sbtest8_pkey on sbtest8  (cost=0.43..48.53 rows=10 width=490)
	        Index Cond: (id = ANY ('{192914,1991617,3385780,700094,705206,9569051,5404144,4267979,9598742,1868223}'::integer[]))

for update-inlist
table 1 : explain UPDATE sbtest1 set c=7 WHERE id IN ( 2836068, 3647438, 3454597, 9330138, 1597130, 6280697, 1496015, 6877923, 693087, 1986722)
	Update on sbtest1  (cost=0.43..48.53 rows=0 width=0)
	  ->  Index Scan using sbtest1_pkey on sbtest1  (cost=0.43..48.53 rows=10 width=490)
	        Index Cond: (id = ANY ('{2836068,3647438,3454597,9330138,1597130,6280697,1496015,6877923,693087,1986722}'::integer[]))

table 2 : explain UPDATE sbtest2 set c=7 WHERE id IN ( 2836068, 3647438, 3454597, 9330138, 1597130, 6280697, 1496015, 6877923, 693087, 1986722)
	Update on sbtest2  (cost=0.43..48.53 rows=0 width=0)
	  ->  Index Scan using sbtest2_pkey on sbtest2  (cost=0.43..48.53 rows=10 width=490)
	        Index Cond: (id = ANY ('{2836068,3647438,3454597,9330138,1597130,6280697,1496015,6877923,693087,1986722}'::integer[]))

table 3 : explain UPDATE sbtest3 set c=7 WHERE id IN ( 2836068, 3647438, 3454597, 9330138, 1597130, 6280697, 1496015, 6877923, 693087, 1986722)
	Update on sbtest3  (cost=0.43..48.53 rows=0 width=0)
	  ->  Index Scan using sbtest3_pkey on sbtest3  (cost=0.43..48.53 rows=10 width=490)
	        Index Cond: (id = ANY ('{2836068,3647438,3454597,9330138,1597130,6280697,1496015,6877923,693087,1986722}'::integer[]))

table 4 : explain UPDATE sbtest4 set c=7 WHERE id IN ( 2836068, 3647438, 3454597, 9330138, 1597130, 6280697, 1496015, 6877923, 693087, 1986722)
	Update on sbtest4  (cost=0.43..48.53 rows=0 width=0)
	  ->  Index Scan using sbtest4_pkey on sbtest4  (cost=0.43..48.53 rows=10 width=490)
	        Index Cond: (id = ANY ('{2836068,3647438,3454597,9330138,1597130,6280697,1496015,6877923,693087,1986722}'::integer[]))

table 5 : explain UPDATE sbtest5 set c=7 WHERE id IN ( 2836068, 3647438, 3454597, 9330138, 1597130, 6280697, 1496015, 6877923, 693087, 1986722)
	Update on sbtest5  (cost=0.43..48.53 rows=0 width=0)
	  ->  Index Scan using sbtest5_pkey on sbtest5  (cost=0.43..48.53 rows=10 width=490)
	        Index Cond: (id = ANY ('{2836068,3647438,3454597,9330138,1597130,6280697,1496015,6877923,693087,1986722}'::integer[]))

table 6 : explain UPDATE sbtest6 set c=7 WHERE id IN ( 2836068, 3647438, 3454597, 9330138, 1597130, 6280697, 1496015, 6877923, 693087, 1986722)
	Update on sbtest6  (cost=0.43..48.53 rows=0 width=0)
	  ->  Index Scan using sbtest6_pkey on sbtest6  (cost=0.43..48.53 rows=10 width=490)
	        Index Cond: (id = ANY ('{2836068,3647438,3454597,9330138,1597130,6280697,1496015,6877923,693087,1986722}'::integer[]))

table 7 : explain UPDATE sbtest7 set c=7 WHERE id IN ( 2836068, 3647438, 3454597, 9330138, 1597130, 6280697, 1496015, 6877923, 693087, 1986722)
	Update on sbtest7  (cost=0.43..48.53 rows=0 width=0)
	  ->  Index Scan using sbtest7_pkey on sbtest7  (cost=0.43..48.53 rows=10 width=490)
	        Index Cond: (id = ANY ('{2836068,3647438,3454597,9330138,1597130,6280697,1496015,6877923,693087,1986722}'::integer[]))

table 8 : explain UPDATE sbtest8 set c=7 WHERE id IN ( 2836068, 3647438, 3454597, 9330138, 1597130, 6280697, 1496015, 6877923, 693087, 1986722)
	Update on sbtest8  (cost=0.43..48.53 rows=0 width=0)
	  ->  Index Scan using sbtest8_pkey on sbtest8  (cost=0.43..48.53 rows=10 width=490)
	        Index Cond: (id = ANY ('{2836068,3647438,3454597,9330138,1597130,6280697,1496015,6877923,693087,1986722}'::integer[]))

explain: for update-inlist :: explain UPDATE sbtest%d set c=7 WHERE id IN ( 9327456, 4387691, 3287969, 1441311, 2221505, 5923371, 2560832, 4331344, 6740687, 8199882)
explain: for update-inlist :: explain UPDATE sbtest%d set c=7 WHERE id IN ( 8381903, 7186479, 8414772, 3094482, 6606126, 7011954, 1406126, 5450837, 1261844, 1348103)
explain: for update-inlist :: explain UPDATE sbtest%d set c=7 WHERE id IN ( 731856, 592660, 2620098, 3191237, 3056316, 2966221, 356228, 2923968, 8748341, 4316762)
explain: for update-inlist :: explain UPDATE sbtest%d set c=7 WHERE id IN ( 8794693, 1741727, 7463918, 8276506, 1933158, 9142356, 7339205, 7834101, 9950963, 3907242)
for update-inlist
table 1 : explain UPDATE sbtest1 set c=7 WHERE id IN ( 1488924, 2326384, 3543585, 5260882, 6211223, 786200, 3622608, 9479396, 1332109, 5106729)
	Update on sbtest1  (cost=0.43..48.53 rows=0 width=0)
	  ->  Index Scan using sbtest1_pkey on sbtest1  (cost=0.43..48.53 rows=10 width=490)
	        Index Cond: (id = ANY ('{1488924,2326384,3543585,5260882,6211223,786200,3622608,9479396,1332109,5106729}'::integer[]))

table 2 : explain UPDATE sbtest2 set c=7 WHERE id IN ( 1488924, 2326384, 3543585, 5260882, 6211223, 786200, 3622608, 9479396, 1332109, 5106729)
	Update on sbtest2  (cost=0.43..48.53 rows=0 width=0)
	  ->  Index Scan using sbtest2_pkey on sbtest2  (cost=0.43..48.53 rows=10 width=490)
	        Index Cond: (id = ANY ('{1488924,2326384,3543585,5260882,6211223,786200,3622608,9479396,1332109,5106729}'::integer[]))

table 3 : explain UPDATE sbtest3 set c=7 WHERE id IN ( 1488924, 2326384, 3543585, 5260882, 6211223, 786200, 3622608, 9479396, 1332109, 5106729)
	Update on sbtest3  (cost=0.43..48.53 rows=0 width=0)
	  ->  Index Scan using sbtest3_pkey on sbtest3  (cost=0.43..48.53 rows=10 width=490)
	        Index Cond: (id = ANY ('{1488924,2326384,3543585,5260882,6211223,786200,3622608,9479396,1332109,5106729}'::integer[]))

table 4 : explain UPDATE sbtest4 set c=7 WHERE id IN ( 1488924, 2326384, 3543585, 5260882, 6211223, 786200, 3622608, 9479396, 1332109, 5106729)
	Update on sbtest4  (cost=0.43..48.53 rows=0 width=0)
	  ->  Index Scan using sbtest4_pkey on sbtest4  (cost=0.43..48.53 rows=10 width=490)
	        Index Cond: (id = ANY ('{1488924,2326384,3543585,5260882,6211223,786200,3622608,9479396,1332109,5106729}'::integer[]))

table 5 : explain UPDATE sbtest5 set c=7 WHERE id IN ( 1488924, 2326384, 3543585, 5260882, 6211223, 786200, 3622608, 9479396, 1332109, 5106729)
	Update on sbtest5  (cost=0.43..48.53 rows=0 width=0)
	  ->  Index Scan using sbtest5_pkey on sbtest5  (cost=0.43..48.53 rows=10 width=490)
	        Index Cond: (id = ANY ('{1488924,2326384,3543585,5260882,6211223,786200,3622608,9479396,1332109,5106729}'::integer[]))

table 6 : explain UPDATE sbtest6 set c=7 WHERE id IN ( 1488924, 2326384, 3543585, 5260882, 6211223, 786200, 3622608, 9479396, 1332109, 5106729)
	Update on sbtest6  (cost=0.43..48.53 rows=0 width=0)
	  ->  Index Scan using sbtest6_pkey on sbtest6  (cost=0.43..48.53 rows=10 width=490)
	        Index Cond: (id = ANY ('{1488924,2326384,3543585,5260882,6211223,786200,3622608,9479396,1332109,5106729}'::integer[]))

table 7 : explain UPDATE sbtest7 set c=7 WHERE id IN ( 1488924, 2326384, 3543585, 5260882, 6211223, 786200, 3622608, 9479396, 1332109, 5106729)
	Update on sbtest7  (cost=0.43..48.53 rows=0 width=0)
	  ->  Index Scan using sbtest7_pkey on sbtest7  (cost=0.43..48.53 rows=10 width=490)
	        Index Cond: (id = ANY ('{1488924,2326384,3543585,5260882,6211223,786200,3622608,9479396,1332109,5106729}'::integer[]))

table 8 : explain UPDATE sbtest8 set c=7 WHERE id IN ( 1488924, 2326384, 3543585, 5260882, 6211223, 786200, 3622608, 9479396, 1332109, 5106729)
	Update on sbtest8  (cost=0.43..48.53 rows=0 width=0)
	  ->  Index Scan using sbtest8_pkey on sbtest8  (cost=0.43..48.53 rows=10 width=490)
	        Index Cond: (id = ANY ('{1488924,2326384,3543585,5260882,6211223,786200,3622608,9479396,1332109,5106729}'::integer[]))

for update-inlist
table 1 : explain UPDATE sbtest1 set c=7 WHERE id IN ( 8754489, 8056918, 4547423, 5962301, 8488302, 721295, 3847087, 4910480, 93198, 4867174)
	Update on sbtest1  (cost=0.43..48.53 rows=0 width=0)
	  ->  Index Scan using sbtest1_pkey on sbtest1  (cost=0.43..48.53 rows=10 width=490)
	        Index Cond: (id = ANY ('{8754489,8056918,4547423,5962301,8488302,721295,3847087,4910480,93198,4867174}'::integer[]))

table 2 : explain UPDATE sbtest2 set c=7 WHERE id IN ( 8754489, 8056918, 4547423, 5962301, 8488302, 721295, 3847087, 4910480, 93198, 4867174)
	Update on sbtest2  (cost=0.43..48.53 rows=0 width=0)
	  ->  Index Scan using sbtest2_pkey on sbtest2  (cost=0.43..48.53 rows=10 width=490)
	        Index Cond: (id = ANY ('{8754489,8056918,4547423,5962301,8488302,721295,3847087,4910480,93198,4867174}'::integer[]))

table 3 : explain UPDATE sbtest3 set c=7 WHERE id IN ( 8754489, 8056918, 4547423, 5962301, 8488302, 721295, 3847087, 4910480, 93198, 4867174)
	Update on sbtest3  (cost=0.43..48.53 rows=0 width=0)
	  ->  Index Scan using sbtest3_pkey on sbtest3  (cost=0.43..48.53 rows=10 width=490)
	        Index Cond: (id = ANY ('{8754489,8056918,4547423,5962301,8488302,721295,3847087,4910480,93198,4867174}'::integer[]))

table 4 : explain UPDATE sbtest4 set c=7 WHERE id IN ( 8754489, 8056918, 4547423, 5962301, 8488302, 721295, 3847087, 4910480, 93198, 4867174)
	Update on sbtest4  (cost=0.43..48.53 rows=0 width=0)
	  ->  Index Scan using sbtest4_pkey on sbtest4  (cost=0.43..48.53 rows=10 width=490)
	        Index Cond: (id = ANY ('{8754489,8056918,4547423,5962301,8488302,721295,3847087,4910480,93198,4867174}'::integer[]))

table 5 : explain UPDATE sbtest5 set c=7 WHERE id IN ( 8754489, 8056918, 4547423, 5962301, 8488302, 721295, 3847087, 4910480, 93198, 4867174)
	Update on sbtest5  (cost=0.43..48.53 rows=0 width=0)
	  ->  Index Scan using sbtest5_pkey on sbtest5  (cost=0.43..48.53 rows=10 width=490)
	        Index Cond: (id = ANY ('{8754489,8056918,4547423,5962301,8488302,721295,3847087,4910480,93198,4867174}'::integer[]))

table 6 : explain UPDATE sbtest6 set c=7 WHERE id IN ( 8754489, 8056918, 4547423, 5962301, 8488302, 721295, 3847087, 4910480, 93198, 4867174)
	Update on sbtest6  (cost=0.43..48.53 rows=0 width=0)
	  ->  Index Scan using sbtest6_pkey on sbtest6  (cost=0.43..48.53 rows=10 width=490)
	        Index Cond: (id = ANY ('{8754489,8056918,4547423,5962301,8488302,721295,3847087,4910480,93198,4867174}'::integer[]))

table 7 : explain UPDATE sbtest7 set c=7 WHERE id IN ( 8754489, 8056918, 4547423, 5962301, 8488302, 721295, 3847087, 4910480, 93198, 4867174)
	Update on sbtest7  (cost=0.43..48.53 rows=0 width=0)
	  ->  Index Scan using sbtest7_pkey on sbtest7  (cost=0.43..48.53 rows=10 width=490)
	        Index Cond: (id = ANY ('{8754489,8056918,4547423,5962301,8488302,721295,3847087,4910480,93198,4867174}'::integer[]))

table 8 : explain UPDATE sbtest8 set c=7 WHERE id IN ( 8754489, 8056918, 4547423, 5962301, 8488302, 721295, 3847087, 4910480, 93198, 4867174)
	Update on sbtest8  (cost=0.43..48.53 rows=0 width=0)
	  ->  Index Scan using sbtest8_pkey on sbtest8  (cost=0.43..48.53 rows=10 width=490)
	        Index Cond: (id = ANY ('{8754489,8056918,4547423,5962301,8488302,721295,3847087,4910480,93198,4867174}'::integer[]))

for update-inlist
table 1 : explain UPDATE sbtest1 set c=7 WHERE id IN ( 9327456, 4387691, 3287969, 1441311, 2221505, 5923371, 2560832, 4331344, 6740687, 8199882)
	Update on sbtest1  (cost=0.43..48.53 rows=0 width=0)
	  ->  Index Scan using sbtest1_pkey on sbtest1  (cost=0.43..48.53 rows=10 width=490)
	        Index Cond: (id = ANY ('{9327456,4387691,3287969,1441311,2221505,5923371,2560832,4331344,6740687,8199882}'::integer[]))

table 2 : explain UPDATE sbtest2 set c=7 WHERE id IN ( 9327456, 4387691, 3287969, 1441311, 2221505, 5923371, 2560832, 4331344, 6740687, 8199882)
	Update on sbtest2  (cost=0.43..48.53 rows=0 width=0)
	  ->  Index Scan using sbtest2_pkey on sbtest2  (cost=0.43..48.53 rows=10 width=490)
	        Index Cond: (id = ANY ('{9327456,4387691,3287969,1441311,2221505,5923371,2560832,4331344,6740687,8199882}'::integer[]))

table 3 : explain UPDATE sbtest3 set c=7 WHERE id IN ( 9327456, 4387691, 3287969, 1441311, 2221505, 5923371, 2560832, 4331344, 6740687, 8199882)
	Update on sbtest3  (cost=0.43..48.53 rows=0 width=0)
	  ->  Index Scan using sbtest3_pkey on sbtest3  (cost=0.43..48.53 rows=10 width=490)
	        Index Cond: (id = ANY ('{9327456,4387691,3287969,1441311,2221505,5923371,2560832,4331344,6740687,8199882}'::integer[]))

table 4 : explain UPDATE sbtest4 set c=7 WHERE id IN ( 9327456, 4387691, 3287969, 1441311, 2221505, 5923371, 2560832, 4331344, 6740687, 8199882)
	Update on sbtest4  (cost=0.43..48.53 rows=0 width=0)
	  ->  Index Scan using sbtest4_pkey on sbtest4  (cost=0.43..48.53 rows=10 width=490)
	        Index Cond: (id = ANY ('{9327456,4387691,3287969,1441311,2221505,5923371,2560832,4331344,6740687,8199882}'::integer[]))

table 5 : explain UPDATE sbtest5 set c=7 WHERE id IN ( 9327456, 4387691, 3287969, 1441311, 2221505, 5923371, 2560832, 4331344, 6740687, 8199882)
	Update on sbtest5  (cost=0.43..48.53 rows=0 width=0)
	  ->  Index Scan using sbtest5_pkey on sbtest5  (cost=0.43..48.53 rows=10 width=490)
	        Index Cond: (id = ANY ('{9327456,4387691,3287969,1441311,2221505,5923371,2560832,4331344,6740687,8199882}'::integer[]))

table 6 : explain UPDATE sbtest6 set c=7 WHERE id IN ( 9327456, 4387691, 3287969, 1441311, 2221505, 5923371, 2560832, 4331344, 6740687, 8199882)
	Update on sbtest6  (cost=0.43..48.53 rows=0 width=0)
	  ->  Index Scan using sbtest6_pkey on sbtest6  (cost=0.43..48.53 rows=10 width=490)
	        Index Cond: (id = ANY ('{9327456,4387691,3287969,1441311,2221505,5923371,2560832,4331344,6740687,8199882}'::integer[]))

table 7 : explain UPDATE sbtest7 set c=7 WHERE id IN ( 9327456, 4387691, 3287969, 1441311, 2221505, 5923371, 2560832, 4331344, 6740687, 8199882)
	Update on sbtest7  (cost=0.43..48.53 rows=0 width=0)
	  ->  Index Scan using sbtest7_pkey on sbtest7  (cost=0.43..48.53 rows=10 width=490)
	        Index Cond: (id = ANY ('{9327456,4387691,3287969,1441311,2221505,5923371,2560832,4331344,6740687,8199882}'::integer[]))

table 8 : explain UPDATE sbtest8 set c=7 WHERE id IN ( 9327456, 4387691, 3287969, 1441311, 2221505, 5923371, 2560832, 4331344, 6740687, 8199882)
	Update on sbtest8  (cost=0.43..48.53 rows=0 width=0)
	  ->  Index Scan using sbtest8_pkey on sbtest8  (cost=0.43..48.53 rows=10 width=490)
	        Index Cond: (id = ANY ('{9327456,4387691,3287969,1441311,2221505,5923371,2560832,4331344,6740687,8199882}'::integer[]))

for update-inlist
table 1 : explain UPDATE sbtest1 set c=7 WHERE id IN ( 8794693, 1741727, 7463918, 8276506, 1933158, 9142356, 7339205, 7834101, 9950963, 3907242)
	Update on sbtest1  (cost=0.43..48.53 rows=0 width=0)
	  ->  Index Scan using sbtest1_pkey on sbtest1  (cost=0.43..48.53 rows=10 width=490)
	        Index Cond: (id = ANY ('{8794693,1741727,7463918,8276506,1933158,9142356,7339205,7834101,9950963,3907242}'::integer[]))

table 2 : explain UPDATE sbtest2 set c=7 WHERE id IN ( 8794693, 1741727, 7463918, 8276506, 1933158, 9142356, 7339205, 7834101, 9950963, 3907242)
	Update on sbtest2  (cost=0.43..48.53 rows=0 width=0)
	  ->  Index Scan using sbtest2_pkey on sbtest2  (cost=0.43..48.53 rows=10 width=490)
	        Index Cond: (id = ANY ('{8794693,1741727,7463918,8276506,1933158,9142356,7339205,7834101,9950963,3907242}'::integer[]))

table 3 : explain UPDATE sbtest3 set c=7 WHERE id IN ( 8794693, 1741727, 7463918, 8276506, 1933158, 9142356, 7339205, 7834101, 9950963, 3907242)
	Update on sbtest3  (cost=0.43..48.53 rows=0 width=0)
	  ->  Index Scan using sbtest3_pkey on sbtest3  (cost=0.43..48.53 rows=10 width=490)
	        Index Cond: (id = ANY ('{8794693,1741727,7463918,8276506,1933158,9142356,7339205,7834101,9950963,3907242}'::integer[]))

table 4 : explain UPDATE sbtest4 set c=7 WHERE id IN ( 8794693, 1741727, 7463918, 8276506, 1933158, 9142356, 7339205, 7834101, 9950963, 3907242)
	Update on sbtest4  (cost=0.43..48.53 rows=0 width=0)
	  ->  Index Scan using sbtest4_pkey on sbtest4  (cost=0.43..48.53 rows=10 width=490)
	        Index Cond: (id = ANY ('{8794693,1741727,7463918,8276506,1933158,9142356,7339205,7834101,9950963,3907242}'::integer[]))

table 5 : explain UPDATE sbtest5 set c=7 WHERE id IN ( 8794693, 1741727, 7463918, 8276506, 1933158, 9142356, 7339205, 7834101, 9950963, 3907242)
	Update on sbtest5  (cost=0.43..48.53 rows=0 width=0)
	  ->  Index Scan using sbtest5_pkey on sbtest5  (cost=0.43..48.53 rows=10 width=490)
	        Index Cond: (id = ANY ('{8794693,1741727,7463918,8276506,1933158,9142356,7339205,7834101,9950963,3907242}'::integer[]))

table 6 : explain UPDATE sbtest6 set c=7 WHERE id IN ( 8794693, 1741727, 7463918, 8276506, 1933158, 9142356, 7339205, 7834101, 9950963, 3907242)
	Update on sbtest6  (cost=0.43..48.53 rows=0 width=0)
	  ->  Index Scan using sbtest6_pkey on sbtest6  (cost=0.43..48.53 rows=10 width=490)
	        Index Cond: (id = ANY ('{8794693,1741727,7463918,8276506,1933158,9142356,7339205,7834101,9950963,3907242}'::integer[]))

table 7 : explain UPDATE sbtest7 set c=7 WHERE id IN ( 8794693, 1741727, 7463918, 8276506, 1933158, 9142356, 7339205, 7834101, 9950963, 3907242)
	Update on sbtest7  (cost=0.43..48.53 rows=0 width=0)
	  ->  Index Scan using sbtest7_pkey on sbtest7  (cost=0.43..48.53 rows=10 width=490)
	        Index Cond: (id = ANY ('{8794693,1741727,7463918,8276506,1933158,9142356,7339205,7834101,9950963,3907242}'::integer[]))

table 8 : explain UPDATE sbtest8 set c=7 WHERE id IN ( 8794693, 1741727, 7463918, 8276506, 1933158, 9142356, 7339205, 7834101, 9950963, 3907242)
	Update on sbtest8  (cost=0.43..48.53 rows=0 width=0)
	  ->  Index Scan using sbtest8_pkey on sbtest8  (cost=0.43..48.53 rows=10 width=490)
	        Index Cond: (id = ANY ('{8794693,1741727,7463918,8276506,1933158,9142356,7339205,7834101,9950963,3907242}'::integer[]))

for update-inlist
table 1 : explain UPDATE sbtest1 set c=7 WHERE id IN ( 731856, 592660, 2620098, 3191237, 3056316, 2966221, 356228, 2923968, 8748341, 4316762)
	Update on sbtest1  (cost=0.43..48.53 rows=0 width=0)
	  ->  Index Scan using sbtest1_pkey on sbtest1  (cost=0.43..48.53 rows=10 width=490)
	        Index Cond: (id = ANY ('{731856,592660,2620098,3191237,3056316,2966221,356228,2923968,8748341,4316762}'::integer[]))

table 2 : explain UPDATE sbtest2 set c=7 WHERE id IN ( 731856, 592660, 2620098, 3191237, 3056316, 2966221, 356228, 2923968, 8748341, 4316762)
	Update on sbtest2  (cost=0.43..48.53 rows=0 width=0)
	  ->  Index Scan using sbtest2_pkey on sbtest2  (cost=0.43..48.53 rows=10 width=490)
	        Index Cond: (id = ANY ('{731856,592660,2620098,3191237,3056316,2966221,356228,2923968,8748341,4316762}'::integer[]))

table 3 : explain UPDATE sbtest3 set c=7 WHERE id IN ( 731856, 592660, 2620098, 3191237, 3056316, 2966221, 356228, 2923968, 8748341, 4316762)
	Update on sbtest3  (cost=0.43..48.53 rows=0 width=0)
	  ->  Index Scan using sbtest3_pkey on sbtest3  (cost=0.43..48.53 rows=10 width=490)
	        Index Cond: (id = ANY ('{731856,592660,2620098,3191237,3056316,2966221,356228,2923968,8748341,4316762}'::integer[]))

table 4 : explain UPDATE sbtest4 set c=7 WHERE id IN ( 731856, 592660, 2620098, 3191237, 3056316, 2966221, 356228, 2923968, 8748341, 4316762)
	Update on sbtest4  (cost=0.43..48.53 rows=0 width=0)
	  ->  Index Scan using sbtest4_pkey on sbtest4  (cost=0.43..48.53 rows=10 width=490)
	        Index Cond: (id = ANY ('{731856,592660,2620098,3191237,3056316,2966221,356228,2923968,8748341,4316762}'::integer[]))

table 5 : explain UPDATE sbtest5 set c=7 WHERE id IN ( 731856, 592660, 2620098, 3191237, 3056316, 2966221, 356228, 2923968, 8748341, 4316762)
	Update on sbtest5  (cost=0.43..48.53 rows=0 width=0)
	  ->  Index Scan using sbtest5_pkey on sbtest5  (cost=0.43..48.53 rows=10 width=490)
	        Index Cond: (id = ANY ('{731856,592660,2620098,3191237,3056316,2966221,356228,2923968,8748341,4316762}'::integer[]))

table 6 : explain UPDATE sbtest6 set c=7 WHERE id IN ( 731856, 592660, 2620098, 3191237, 3056316, 2966221, 356228, 2923968, 8748341, 4316762)
	Update on sbtest6  (cost=0.43..48.53 rows=0 width=0)
	  ->  Index Scan using sbtest6_pkey on sbtest6  (cost=0.43..48.53 rows=10 width=490)
	        Index Cond: (id = ANY ('{731856,592660,2620098,3191237,3056316,2966221,356228,2923968,8748341,4316762}'::integer[]))

table 7 : explain UPDATE sbtest7 set c=7 WHERE id IN ( 731856, 592660, 2620098, 3191237, 3056316, 2966221, 356228, 2923968, 8748341, 4316762)
	Update on sbtest7  (cost=0.43..48.53 rows=0 width=0)
	  ->  Index Scan using sbtest7_pkey on sbtest7  (cost=0.43..48.53 rows=10 width=490)
	        Index Cond: (id = ANY ('{731856,592660,2620098,3191237,3056316,2966221,356228,2923968,8748341,4316762}'::integer[]))

table 8 : explain UPDATE sbtest8 set c=7 WHERE id IN ( 731856, 592660, 2620098, 3191237, 3056316, 2966221, 356228, 2923968, 8748341, 4316762)
	Update on sbtest8  (cost=0.43..48.53 rows=0 width=0)
	  ->  Index Scan using sbtest8_pkey on sbtest8  (cost=0.43..48.53 rows=10 width=490)
	        Index Cond: (id = ANY ('{731856,592660,2620098,3191237,3056316,2966221,356228,2923968,8748341,4316762}'::integer[]))

explain: for update-inlist :: explain UPDATE sbtest%d set c=7 WHERE id IN ( 220656, 674323, 5447027, 5765571, 4783743, 5515762, 7653769, 9664183, 8763627, 5946330)
explain: for update-inlist :: explain UPDATE sbtest%d set c=7 WHERE id IN ( 8386354, 3614057, 6141732, 6615800, 8055431, 2876006, 6669091, 1759540, 5090374, 3408220)
explain: for update-inlist :: explain UPDATE sbtest%d set c=7 WHERE id IN ( 3768676, 335384, 8978347, 1343991, 3479954, 829970, 6758254, 2130004, 4781102, 3047963)
explain: for update-inlist :: explain UPDATE sbtest%d set c=7 WHERE id IN ( 5254977, 7646767, 7836567, 6457611, 1292685, 3668900, 8066841, 4004794, 2859006, 7019409)
for update-inlist
table 1 : explain UPDATE sbtest1 set c=7 WHERE id IN ( 8381903, 7186479, 8414772, 3094482, 6606126, 7011954, 1406126, 5450837, 1261844, 1348103)
	Update on sbtest1  (cost=0.43..48.53 rows=0 width=0)
	  ->  Index Scan using sbtest1_pkey on sbtest1  (cost=0.43..48.53 rows=10 width=490)
	        Index Cond: (id = ANY ('{8381903,7186479,8414772,3094482,6606126,7011954,1406126,5450837,1261844,1348103}'::integer[]))

table 2 : explain UPDATE sbtest2 set c=7 WHERE id IN ( 8381903, 7186479, 8414772, 3094482, 6606126, 7011954, 1406126, 5450837, 1261844, 1348103)
	Update on sbtest2  (cost=0.43..48.53 rows=0 width=0)
	  ->  Index Scan using sbtest2_pkey on sbtest2  (cost=0.43..48.53 rows=10 width=490)
	        Index Cond: (id = ANY ('{8381903,7186479,8414772,3094482,6606126,7011954,1406126,5450837,1261844,1348103}'::integer[]))

table 3 : explain UPDATE sbtest3 set c=7 WHERE id IN ( 8381903, 7186479, 8414772, 3094482, 6606126, 7011954, 1406126, 5450837, 1261844, 1348103)
	Update on sbtest3  (cost=0.43..48.53 rows=0 width=0)
	  ->  Index Scan using sbtest3_pkey on sbtest3  (cost=0.43..48.53 rows=10 width=490)
	        Index Cond: (id = ANY ('{8381903,7186479,8414772,3094482,6606126,7011954,1406126,5450837,1261844,1348103}'::integer[]))

table 4 : explain UPDATE sbtest4 set c=7 WHERE id IN ( 8381903, 7186479, 8414772, 3094482, 6606126, 7011954, 1406126, 5450837, 1261844, 1348103)
	Update on sbtest4  (cost=0.43..48.53 rows=0 width=0)
	  ->  Index Scan using sbtest4_pkey on sbtest4  (cost=0.43..48.53 rows=10 width=490)
	        Index Cond: (id = ANY ('{8381903,7186479,8414772,3094482,6606126,7011954,1406126,5450837,1261844,1348103}'::integer[]))

table 5 : explain UPDATE sbtest5 set c=7 WHERE id IN ( 8381903, 7186479, 8414772, 3094482, 6606126, 7011954, 1406126, 5450837, 1261844, 1348103)
	Update on sbtest5  (cost=0.43..48.53 rows=0 width=0)
	  ->  Index Scan using sbtest5_pkey on sbtest5  (cost=0.43..48.53 rows=10 width=490)
	        Index Cond: (id = ANY ('{8381903,7186479,8414772,3094482,6606126,7011954,1406126,5450837,1261844,1348103}'::integer[]))

table 6 : explain UPDATE sbtest6 set c=7 WHERE id IN ( 8381903, 7186479, 8414772, 3094482, 6606126, 7011954, 1406126, 5450837, 1261844, 1348103)
	Update on sbtest6  (cost=0.43..48.53 rows=0 width=0)
	  ->  Index Scan using sbtest6_pkey on sbtest6  (cost=0.43..48.53 rows=10 width=490)
	        Index Cond: (id = ANY ('{8381903,7186479,8414772,3094482,6606126,7011954,1406126,5450837,1261844,1348103}'::integer[]))

table 7 : explain UPDATE sbtest7 set c=7 WHERE id IN ( 8381903, 7186479, 8414772, 3094482, 6606126, 7011954, 1406126, 5450837, 1261844, 1348103)
	Update on sbtest7  (cost=0.43..48.53 rows=0 width=0)
	  ->  Index Scan using sbtest7_pkey on sbtest7  (cost=0.43..48.53 rows=10 width=490)
	        Index Cond: (id = ANY ('{8381903,7186479,8414772,3094482,6606126,7011954,1406126,5450837,1261844,1348103}'::integer[]))

table 8 : explain UPDATE sbtest8 set c=7 WHERE id IN ( 8381903, 7186479, 8414772, 3094482, 6606126, 7011954, 1406126, 5450837, 1261844, 1348103)
	Update on sbtest8  (cost=0.43..48.53 rows=0 width=0)
	  ->  Index Scan using sbtest8_pkey on sbtest8  (cost=0.43..48.53 rows=10 width=490)
	        Index Cond: (id = ANY ('{8381903,7186479,8414772,3094482,6606126,7011954,1406126,5450837,1261844,1348103}'::integer[]))

for update-inlist
table 1 : explain UPDATE sbtest1 set c=7 WHERE id IN ( 3054422, 9902340, 2549231, 1184412, 1639667, 257070, 61683, 5550303, 7655114, 8677818)
	Update on sbtest1  (cost=0.43..48.53 rows=0 width=0)
	  ->  Index Scan using sbtest1_pkey on sbtest1  (cost=0.43..48.53 rows=10 width=490)
	        Index Cond: (id = ANY ('{3054422,9902340,2549231,1184412,1639667,257070,61683,5550303,7655114,8677818}'::integer[]))

table 2 : explain UPDATE sbtest2 set c=7 WHERE id IN ( 3054422, 9902340, 2549231, 1184412, 1639667, 257070, 61683, 5550303, 7655114, 8677818)
	Update on sbtest2  (cost=0.43..48.53 rows=0 width=0)
	  ->  Index Scan using sbtest2_pkey on sbtest2  (cost=0.43..48.53 rows=10 width=490)
	        Index Cond: (id = ANY ('{3054422,9902340,2549231,1184412,1639667,257070,61683,5550303,7655114,8677818}'::integer[]))

table 3 : explain UPDATE sbtest3 set c=7 WHERE id IN ( 3054422, 9902340, 2549231, 1184412, 1639667, 257070, 61683, 5550303, 7655114, 8677818)
	Update on sbtest3  (cost=0.43..48.53 rows=0 width=0)
	  ->  Index Scan using sbtest3_pkey on sbtest3  (cost=0.43..48.53 rows=10 width=490)
	        Index Cond: (id = ANY ('{3054422,9902340,2549231,1184412,1639667,257070,61683,5550303,7655114,8677818}'::integer[]))

table 4 : explain UPDATE sbtest4 set c=7 WHERE id IN ( 3054422, 9902340, 2549231, 1184412, 1639667, 257070, 61683, 5550303, 7655114, 8677818)
	Update on sbtest4  (cost=0.43..48.53 rows=0 width=0)
	  ->  Index Scan using sbtest4_pkey on sbtest4  (cost=0.43..48.53 rows=10 width=490)
	        Index Cond: (id = ANY ('{3054422,9902340,2549231,1184412,1639667,257070,61683,5550303,7655114,8677818}'::integer[]))

table 5 : explain UPDATE sbtest5 set c=7 WHERE id IN ( 3054422, 9902340, 2549231, 1184412, 1639667, 257070, 61683, 5550303, 7655114, 8677818)
	Update on sbtest5  (cost=0.43..48.53 rows=0 width=0)
	  ->  Index Scan using sbtest5_pkey on sbtest5  (cost=0.43..48.53 rows=10 width=490)
	        Index Cond: (id = ANY ('{3054422,9902340,2549231,1184412,1639667,257070,61683,5550303,7655114,8677818}'::integer[]))

table 6 : explain UPDATE sbtest6 set c=7 WHERE id IN ( 3054422, 9902340, 2549231, 1184412, 1639667, 257070, 61683, 5550303, 7655114, 8677818)
	Update on sbtest6  (cost=0.43..48.53 rows=0 width=0)
	  ->  Index Scan using sbtest6_pkey on sbtest6  (cost=0.43..48.53 rows=10 width=490)
	        Index Cond: (id = ANY ('{3054422,9902340,2549231,1184412,1639667,257070,61683,5550303,7655114,8677818}'::integer[]))

table 7 : explain UPDATE sbtest7 set c=7 WHERE id IN ( 3054422, 9902340, 2549231, 1184412, 1639667, 257070, 61683, 5550303, 7655114, 8677818)
	Update on sbtest7  (cost=0.43..48.53 rows=0 width=0)
	  ->  Index Scan using sbtest7_pkey on sbtest7  (cost=0.43..48.53 rows=10 width=490)
	        Index Cond: (id = ANY ('{3054422,9902340,2549231,1184412,1639667,257070,61683,5550303,7655114,8677818}'::integer[]))

table 8 : explain UPDATE sbtest8 set c=7 WHERE id IN ( 3054422, 9902340, 2549231, 1184412, 1639667, 257070, 61683, 5550303, 7655114, 8677818)
	Update on sbtest8  (cost=0.43..48.53 rows=0 width=0)
	  ->  Index Scan using sbtest8_pkey on sbtest8  (cost=0.43..48.53 rows=10 width=490)
	        Index Cond: (id = ANY ('{3054422,9902340,2549231,1184412,1639667,257070,61683,5550303,7655114,8677818}'::integer[]))

for update-inlist
table 1 : explain UPDATE sbtest1 set c=7 WHERE id IN ( 220656, 674323, 5447027, 5765571, 4783743, 5515762, 7653769, 9664183, 8763627, 5946330)
	Update on sbtest1  (cost=0.43..48.53 rows=0 width=0)
	  ->  Index Scan using sbtest1_pkey on sbtest1  (cost=0.43..48.53 rows=10 width=490)
	        Index Cond: (id = ANY ('{220656,674323,5447027,5765571,4783743,5515762,7653769,9664183,8763627,5946330}'::integer[]))

table 2 : explain UPDATE sbtest2 set c=7 WHERE id IN ( 220656, 674323, 5447027, 5765571, 4783743, 5515762, 7653769, 9664183, 8763627, 5946330)
	Update on sbtest2  (cost=0.43..48.53 rows=0 width=0)
	  ->  Index Scan using sbtest2_pkey on sbtest2  (cost=0.43..48.53 rows=10 width=490)
	        Index Cond: (id = ANY ('{220656,674323,5447027,5765571,4783743,5515762,7653769,9664183,8763627,5946330}'::integer[]))

table 3 : explain UPDATE sbtest3 set c=7 WHERE id IN ( 220656, 674323, 5447027, 5765571, 4783743, 5515762, 7653769, 9664183, 8763627, 5946330)
	Update on sbtest3  (cost=0.43..48.53 rows=0 width=0)
	  ->  Index Scan using sbtest3_pkey on sbtest3  (cost=0.43..48.53 rows=10 width=490)
	        Index Cond: (id = ANY ('{220656,674323,5447027,5765571,4783743,5515762,7653769,9664183,8763627,5946330}'::integer[]))

table 4 : explain UPDATE sbtest4 set c=7 WHERE id IN ( 220656, 674323, 5447027, 5765571, 4783743, 5515762, 7653769, 9664183, 8763627, 5946330)
	Update on sbtest4  (cost=0.43..48.53 rows=0 width=0)
	  ->  Index Scan using sbtest4_pkey on sbtest4  (cost=0.43..48.53 rows=10 width=490)
	        Index Cond: (id = ANY ('{220656,674323,5447027,5765571,4783743,5515762,7653769,9664183,8763627,5946330}'::integer[]))

table 5 : explain UPDATE sbtest5 set c=7 WHERE id IN ( 220656, 674323, 5447027, 5765571, 4783743, 5515762, 7653769, 9664183, 8763627, 5946330)
	Update on sbtest5  (cost=0.43..48.53 rows=0 width=0)
	  ->  Index Scan using sbtest5_pkey on sbtest5  (cost=0.43..48.53 rows=10 width=490)
	        Index Cond: (id = ANY ('{220656,674323,5447027,5765571,4783743,5515762,7653769,9664183,8763627,5946330}'::integer[]))

table 6 : explain UPDATE sbtest6 set c=7 WHERE id IN ( 220656, 674323, 5447027, 5765571, 4783743, 5515762, 7653769, 9664183, 8763627, 5946330)
	Update on sbtest6  (cost=0.43..48.53 rows=0 width=0)
	  ->  Index Scan using sbtest6_pkey on sbtest6  (cost=0.43..48.53 rows=10 width=490)
	        Index Cond: (id = ANY ('{220656,674323,5447027,5765571,4783743,5515762,7653769,9664183,8763627,5946330}'::integer[]))

table 7 : explain UPDATE sbtest7 set c=7 WHERE id IN ( 220656, 674323, 5447027, 5765571, 4783743, 5515762, 7653769, 9664183, 8763627, 5946330)
	Update on sbtest7  (cost=0.43..48.53 rows=0 width=0)
	  ->  Index Scan using sbtest7_pkey on sbtest7  (cost=0.43..48.53 rows=10 width=490)
	        Index Cond: (id = ANY ('{220656,674323,5447027,5765571,4783743,5515762,7653769,9664183,8763627,5946330}'::integer[]))

table 8 : explain UPDATE sbtest8 set c=7 WHERE id IN ( 220656, 674323, 5447027, 5765571, 4783743, 5515762, 7653769, 9664183, 8763627, 5946330)
	Update on sbtest8  (cost=0.43..48.53 rows=0 width=0)
	  ->  Index Scan using sbtest8_pkey on sbtest8  (cost=0.43..48.53 rows=10 width=490)
	        Index Cond: (id = ANY ('{220656,674323,5447027,5765571,4783743,5515762,7653769,9664183,8763627,5946330}'::integer[]))

for update-inlist
table 1 : explain UPDATE sbtest1 set c=7 WHERE id IN ( 8386354, 3614057, 6141732, 6615800, 8055431, 2876006, 6669091, 1759540, 5090374, 3408220)
	Update on sbtest1  (cost=0.43..48.53 rows=0 width=0)
	  ->  Index Scan using sbtest1_pkey on sbtest1  (cost=0.43..48.53 rows=10 width=490)
	        Index Cond: (id = ANY ('{8386354,3614057,6141732,6615800,8055431,2876006,6669091,1759540,5090374,3408220}'::integer[]))

table 2 : explain UPDATE sbtest2 set c=7 WHERE id IN ( 8386354, 3614057, 6141732, 6615800, 8055431, 2876006, 6669091, 1759540, 5090374, 3408220)
	Update on sbtest2  (cost=0.43..48.53 rows=0 width=0)
	  ->  Index Scan using sbtest2_pkey on sbtest2  (cost=0.43..48.53 rows=10 width=490)
	        Index Cond: (id = ANY ('{8386354,3614057,6141732,6615800,8055431,2876006,6669091,1759540,5090374,3408220}'::integer[]))

table 3 : explain UPDATE sbtest3 set c=7 WHERE id IN ( 8386354, 3614057, 6141732, 6615800, 8055431, 2876006, 6669091, 1759540, 5090374, 3408220)
	Update on sbtest3  (cost=0.43..48.53 rows=0 width=0)
	  ->  Index Scan using sbtest3_pkey on sbtest3  (cost=0.43..48.53 rows=10 width=490)
	        Index Cond: (id = ANY ('{8386354,3614057,6141732,6615800,8055431,2876006,6669091,1759540,5090374,3408220}'::integer[]))

table 4 : explain UPDATE sbtest4 set c=7 WHERE id IN ( 8386354, 3614057, 6141732, 6615800, 8055431, 2876006, 6669091, 1759540, 5090374, 3408220)
	Update on sbtest4  (cost=0.43..48.53 rows=0 width=0)
	  ->  Index Scan using sbtest4_pkey on sbtest4  (cost=0.43..48.53 rows=10 width=490)
	        Index Cond: (id = ANY ('{8386354,3614057,6141732,6615800,8055431,2876006,6669091,1759540,5090374,3408220}'::integer[]))

table 5 : explain UPDATE sbtest5 set c=7 WHERE id IN ( 8386354, 3614057, 6141732, 6615800, 8055431, 2876006, 6669091, 1759540, 5090374, 3408220)
	Update on sbtest5  (cost=0.43..48.53 rows=0 width=0)
	  ->  Index Scan using sbtest5_pkey on sbtest5  (cost=0.43..48.53 rows=10 width=490)
	        Index Cond: (id = ANY ('{8386354,3614057,6141732,6615800,8055431,2876006,6669091,1759540,5090374,3408220}'::integer[]))

table 6 : explain UPDATE sbtest6 set c=7 WHERE id IN ( 8386354, 3614057, 6141732, 6615800, 8055431, 2876006, 6669091, 1759540, 5090374, 3408220)
	Update on sbtest6  (cost=0.43..48.53 rows=0 width=0)
	  ->  Index Scan using sbtest6_pkey on sbtest6  (cost=0.43..48.53 rows=10 width=490)
	        Index Cond: (id = ANY ('{8386354,3614057,6141732,6615800,8055431,2876006,6669091,1759540,5090374,3408220}'::integer[]))

table 7 : explain UPDATE sbtest7 set c=7 WHERE id IN ( 8386354, 3614057, 6141732, 6615800, 8055431, 2876006, 6669091, 1759540, 5090374, 3408220)
	Update on sbtest7  (cost=0.43..48.53 rows=0 width=0)
	  ->  Index Scan using sbtest7_pkey on sbtest7  (cost=0.43..48.53 rows=10 width=490)
	        Index Cond: (id = ANY ('{8386354,3614057,6141732,6615800,8055431,2876006,6669091,1759540,5090374,3408220}'::integer[]))

table 8 : explain UPDATE sbtest8 set c=7 WHERE id IN ( 8386354, 3614057, 6141732, 6615800, 8055431, 2876006, 6669091, 1759540, 5090374, 3408220)
	Update on sbtest8  (cost=0.43..48.53 rows=0 width=0)
	  ->  Index Scan using sbtest8_pkey on sbtest8  (cost=0.43..48.53 rows=10 width=490)
	        Index Cond: (id = ANY ('{8386354,3614057,6141732,6615800,8055431,2876006,6669091,1759540,5090374,3408220}'::integer[]))

for update-inlist
table 1 : explain UPDATE sbtest1 set c=7 WHERE id IN ( 3768676, 335384, 8978347, 1343991, 3479954, 829970, 6758254, 2130004, 4781102, 3047963)
	Update on sbtest1  (cost=0.43..48.53 rows=0 width=0)
	  ->  Index Scan using sbtest1_pkey on sbtest1  (cost=0.43..48.53 rows=10 width=490)
	        Index Cond: (id = ANY ('{3768676,335384,8978347,1343991,3479954,829970,6758254,2130004,4781102,3047963}'::integer[]))

table 2 : explain UPDATE sbtest2 set c=7 WHERE id IN ( 3768676, 335384, 8978347, 1343991, 3479954, 829970, 6758254, 2130004, 4781102, 3047963)
	Update on sbtest2  (cost=0.43..48.53 rows=0 width=0)
	  ->  Index Scan using sbtest2_pkey on sbtest2  (cost=0.43..48.53 rows=10 width=490)
	        Index Cond: (id = ANY ('{3768676,335384,8978347,1343991,3479954,829970,6758254,2130004,4781102,3047963}'::integer[]))

table 3 : explain UPDATE sbtest3 set c=7 WHERE id IN ( 3768676, 335384, 8978347, 1343991, 3479954, 829970, 6758254, 2130004, 4781102, 3047963)
	Update on sbtest3  (cost=0.43..48.53 rows=0 width=0)
	  ->  Index Scan using sbtest3_pkey on sbtest3  (cost=0.43..48.53 rows=10 width=490)
	        Index Cond: (id = ANY ('{3768676,335384,8978347,1343991,3479954,829970,6758254,2130004,4781102,3047963}'::integer[]))

table 4 : explain UPDATE sbtest4 set c=7 WHERE id IN ( 3768676, 335384, 8978347, 1343991, 3479954, 829970, 6758254, 2130004, 4781102, 3047963)
	Update on sbtest4  (cost=0.43..48.53 rows=0 width=0)
	  ->  Index Scan using sbtest4_pkey on sbtest4  (cost=0.43..48.53 rows=10 width=490)
	        Index Cond: (id = ANY ('{3768676,335384,8978347,1343991,3479954,829970,6758254,2130004,4781102,3047963}'::integer[]))

table 5 : explain UPDATE sbtest5 set c=7 WHERE id IN ( 3768676, 335384, 8978347, 1343991, 3479954, 829970, 6758254, 2130004, 4781102, 3047963)
	Update on sbtest5  (cost=0.43..48.53 rows=0 width=0)
	  ->  Index Scan using sbtest5_pkey on sbtest5  (cost=0.43..48.53 rows=10 width=490)
	        Index Cond: (id = ANY ('{3768676,335384,8978347,1343991,3479954,829970,6758254,2130004,4781102,3047963}'::integer[]))

table 6 : explain UPDATE sbtest6 set c=7 WHERE id IN ( 3768676, 335384, 8978347, 1343991, 3479954, 829970, 6758254, 2130004, 4781102, 3047963)
	Update on sbtest6  (cost=0.43..48.53 rows=0 width=0)
	  ->  Index Scan using sbtest6_pkey on sbtest6  (cost=0.43..48.53 rows=10 width=490)
	        Index Cond: (id = ANY ('{3768676,335384,8978347,1343991,3479954,829970,6758254,2130004,4781102,3047963}'::integer[]))

table 7 : explain UPDATE sbtest7 set c=7 WHERE id IN ( 3768676, 335384, 8978347, 1343991, 3479954, 829970, 6758254, 2130004, 4781102, 3047963)
	Update on sbtest7  (cost=0.43..48.53 rows=0 width=0)
	  ->  Index Scan using sbtest7_pkey on sbtest7  (cost=0.43..48.53 rows=10 width=490)
	        Index Cond: (id = ANY ('{3768676,335384,8978347,1343991,3479954,829970,6758254,2130004,4781102,3047963}'::integer[]))

table 8 : explain UPDATE sbtest8 set c=7 WHERE id IN ( 3768676, 335384, 8978347, 1343991, 3479954, 829970, 6758254, 2130004, 4781102, 3047963)
	Update on sbtest8  (cost=0.43..48.53 rows=0 width=0)
	  ->  Index Scan using sbtest8_pkey on sbtest8  (cost=0.43..48.53 rows=10 width=490)
	        Index Cond: (id = ANY ('{3768676,335384,8978347,1343991,3479954,829970,6758254,2130004,4781102,3047963}'::integer[]))

explain: for update-inlist :: explain UPDATE sbtest%d set c=7 WHERE id IN ( 4542264, 8054006, 5229206, 9019069, 3612856, 2293096, 9494508, 1751301, 8525889, 1077366)
for update-inlist
table 1 : explain UPDATE sbtest1 set c=7 WHERE id IN ( 5254977, 7646767, 7836567, 6457611, 1292685, 3668900, 8066841, 4004794, 2859006, 7019409)
	Update on sbtest1  (cost=0.43..48.53 rows=0 width=0)
	  ->  Index Scan using sbtest1_pkey on sbtest1  (cost=0.43..48.53 rows=10 width=490)
	        Index Cond: (id = ANY ('{5254977,7646767,7836567,6457611,1292685,3668900,8066841,4004794,2859006,7019409}'::integer[]))

table 2 : explain UPDATE sbtest2 set c=7 WHERE id IN ( 5254977, 7646767, 7836567, 6457611, 1292685, 3668900, 8066841, 4004794, 2859006, 7019409)
	Update on sbtest2  (cost=0.43..48.53 rows=0 width=0)
	  ->  Index Scan using sbtest2_pkey on sbtest2  (cost=0.43..48.53 rows=10 width=490)
	        Index Cond: (id = ANY ('{5254977,7646767,7836567,6457611,1292685,3668900,8066841,4004794,2859006,7019409}'::integer[]))

table 3 : explain UPDATE sbtest3 set c=7 WHERE id IN ( 5254977, 7646767, 7836567, 6457611, 1292685, 3668900, 8066841, 4004794, 2859006, 7019409)
	Update on sbtest3  (cost=0.43..48.53 rows=0 width=0)
	  ->  Index Scan using sbtest3_pkey on sbtest3  (cost=0.43..48.53 rows=10 width=490)
	        Index Cond: (id = ANY ('{5254977,7646767,7836567,6457611,1292685,3668900,8066841,4004794,2859006,7019409}'::integer[]))

table 4 : explain UPDATE sbtest4 set c=7 WHERE id IN ( 5254977, 7646767, 7836567, 6457611, 1292685, 3668900, 8066841, 4004794, 2859006, 7019409)
	Update on sbtest4  (cost=0.43..48.53 rows=0 width=0)
	  ->  Index Scan using sbtest4_pkey on sbtest4  (cost=0.43..48.53 rows=10 width=490)
	        Index Cond: (id = ANY ('{5254977,7646767,7836567,6457611,1292685,3668900,8066841,4004794,2859006,7019409}'::integer[]))

table 5 : explain UPDATE sbtest5 set c=7 WHERE id IN ( 5254977, 7646767, 7836567, 6457611, 1292685, 3668900, 8066841, 4004794, 2859006, 7019409)
	Update on sbtest5  (cost=0.43..48.53 rows=0 width=0)
	  ->  Index Scan using sbtest5_pkey on sbtest5  (cost=0.43..48.53 rows=10 width=490)
	        Index Cond: (id = ANY ('{5254977,7646767,7836567,6457611,1292685,3668900,8066841,4004794,2859006,7019409}'::integer[]))

table 6 : explain UPDATE sbtest6 set c=7 WHERE id IN ( 5254977, 7646767, 7836567, 6457611, 1292685, 3668900, 8066841, 4004794, 2859006, 7019409)
	Update on sbtest6  (cost=0.43..48.53 rows=0 width=0)
	  ->  Index Scan using sbtest6_pkey on sbtest6  (cost=0.43..48.53 rows=10 width=490)
	        Index Cond: (id = ANY ('{5254977,7646767,7836567,6457611,1292685,3668900,8066841,4004794,2859006,7019409}'::integer[]))

table 7 : explain UPDATE sbtest7 set c=7 WHERE id IN ( 5254977, 7646767, 7836567, 6457611, 1292685, 3668900, 8066841, 4004794, 2859006, 7019409)
	Update on sbtest7  (cost=0.43..48.53 rows=0 width=0)
	  ->  Index Scan using sbtest7_pkey on sbtest7  (cost=0.43..48.53 rows=10 width=490)
	        Index Cond: (id = ANY ('{5254977,7646767,7836567,6457611,1292685,3668900,8066841,4004794,2859006,7019409}'::integer[]))

table 8 : explain UPDATE sbtest8 set c=7 WHERE id IN ( 5254977, 7646767, 7836567, 6457611, 1292685, 3668900, 8066841, 4004794, 2859006, 7019409)
	Update on sbtest8  (cost=0.43..48.53 rows=0 width=0)
	  ->  Index Scan using sbtest8_pkey on sbtest8  (cost=0.43..48.53 rows=10 width=490)
	        Index Cond: (id = ANY ('{5254977,7646767,7836567,6457611,1292685,3668900,8066841,4004794,2859006,7019409}'::integer[]))

for update-inlist
table 1 : explain UPDATE sbtest1 set c=7 WHERE id IN ( 4542264, 8054006, 5229206, 9019069, 3612856, 2293096, 9494508, 1751301, 8525889, 1077366)
	Update on sbtest1  (cost=0.43..48.53 rows=0 width=0)
	  ->  Index Scan using sbtest1_pkey on sbtest1  (cost=0.43..48.53 rows=10 width=490)
	        Index Cond: (id = ANY ('{4542264,8054006,5229206,9019069,3612856,2293096,9494508,1751301,8525889,1077366}'::integer[]))

table 2 : explain UPDATE sbtest2 set c=7 WHERE id IN ( 4542264, 8054006, 5229206, 9019069, 3612856, 2293096, 9494508, 1751301, 8525889, 1077366)
	Update on sbtest2  (cost=0.43..48.53 rows=0 width=0)
	  ->  Index Scan using sbtest2_pkey on sbtest2  (cost=0.43..48.53 rows=10 width=490)
	        Index Cond: (id = ANY ('{4542264,8054006,5229206,9019069,3612856,2293096,9494508,1751301,8525889,1077366}'::integer[]))

table 3 : explain UPDATE sbtest3 set c=7 WHERE id IN ( 4542264, 8054006, 5229206, 9019069, 3612856, 2293096, 9494508, 1751301, 8525889, 1077366)
	Update on sbtest3  (cost=0.43..48.53 rows=0 width=0)
	  ->  Index Scan using sbtest3_pkey on sbtest3  (cost=0.43..48.53 rows=10 width=490)
	        Index Cond: (id = ANY ('{4542264,8054006,5229206,9019069,3612856,2293096,9494508,1751301,8525889,1077366}'::integer[]))

table 4 : explain UPDATE sbtest4 set c=7 WHERE id IN ( 4542264, 8054006, 5229206, 9019069, 3612856, 2293096, 9494508, 1751301, 8525889, 1077366)
	Update on sbtest4  (cost=0.43..48.53 rows=0 width=0)
	  ->  Index Scan using sbtest4_pkey on sbtest4  (cost=0.43..48.53 rows=10 width=490)
	        Index Cond: (id = ANY ('{4542264,8054006,5229206,9019069,3612856,2293096,9494508,1751301,8525889,1077366}'::integer[]))

table 5 : explain UPDATE sbtest5 set c=7 WHERE id IN ( 4542264, 8054006, 5229206, 9019069, 3612856, 2293096, 9494508, 1751301, 8525889, 1077366)
	Update on sbtest5  (cost=0.43..48.53 rows=0 width=0)
	  ->  Index Scan using sbtest5_pkey on sbtest5  (cost=0.43..48.53 rows=10 width=490)
	        Index Cond: (id = ANY ('{4542264,8054006,5229206,9019069,3612856,2293096,9494508,1751301,8525889,1077366}'::integer[]))

table 6 : explain UPDATE sbtest6 set c=7 WHERE id IN ( 4542264, 8054006, 5229206, 9019069, 3612856, 2293096, 9494508, 1751301, 8525889, 1077366)
	Update on sbtest6  (cost=0.43..48.53 rows=0 width=0)
	  ->  Index Scan using sbtest6_pkey on sbtest6  (cost=0.43..48.53 rows=10 width=490)
	        Index Cond: (id = ANY ('{4542264,8054006,5229206,9019069,3612856,2293096,9494508,1751301,8525889,1077366}'::integer[]))

table 7 : explain UPDATE sbtest7 set c=7 WHERE id IN ( 4542264, 8054006, 5229206, 9019069, 3612856, 2293096, 9494508, 1751301, 8525889, 1077366)
	Update on sbtest7  (cost=0.43..48.53 rows=0 width=0)
	  ->  Index Scan using sbtest7_pkey on sbtest7  (cost=0.43..48.53 rows=10 width=490)
	        Index Cond: (id = ANY ('{4542264,8054006,5229206,9019069,3612856,2293096,9494508,1751301,8525889,1077366}'::integer[]))

table 8 : explain UPDATE sbtest8 set c=7 WHERE id IN ( 4542264, 8054006, 5229206, 9019069, 3612856, 2293096, 9494508, 1751301, 8525889, 1077366)
	Update on sbtest8  (cost=0.43..48.53 rows=0 width=0)
	  ->  Index Scan using sbtest8_pkey on sbtest8  (cost=0.43..48.53 rows=10 width=490)
	        Index Cond: (id = ANY ('{4542264,8054006,5229206,9019069,3612856,2293096,9494508,1751301,8525889,1077366}'::integer[]))

explain: for update-inlist :: explain UPDATE sbtest%d set c=7 WHERE id IN ( 9947077, 482889, 7023189, 1846537, 9262803, 3831638, 2968578, 7395937, 5176916, 3049079)
explain: for update-inlist :: explain UPDATE sbtest%d set c=7 WHERE id IN ( 9138180, 8301958, 4234350, 7294217, 7317985, 4858483, 6811417, 6903055, 8518408, 5541914)
for update-inlist
table 1 : explain UPDATE sbtest1 set c=7 WHERE id IN ( 9947077, 482889, 7023189, 1846537, 9262803, 3831638, 2968578, 7395937, 5176916, 3049079)
	Update on sbtest1  (cost=0.43..48.53 rows=0 width=0)
	  ->  Index Scan using sbtest1_pkey on sbtest1  (cost=0.43..48.53 rows=10 width=490)
	        Index Cond: (id = ANY ('{9947077,482889,7023189,1846537,9262803,3831638,2968578,7395937,5176916,3049079}'::integer[]))

table 2 : explain UPDATE sbtest2 set c=7 WHERE id IN ( 9947077, 482889, 7023189, 1846537, 9262803, 3831638, 2968578, 7395937, 5176916, 3049079)
	Update on sbtest2  (cost=0.43..48.53 rows=0 width=0)
	  ->  Index Scan using sbtest2_pkey on sbtest2  (cost=0.43..48.53 rows=10 width=490)
	        Index Cond: (id = ANY ('{9947077,482889,7023189,1846537,9262803,3831638,2968578,7395937,5176916,3049079}'::integer[]))

table 3 : explain UPDATE sbtest3 set c=7 WHERE id IN ( 9947077, 482889, 7023189, 1846537, 9262803, 3831638, 2968578, 7395937, 5176916, 3049079)
	Update on sbtest3  (cost=0.43..48.53 rows=0 width=0)
	  ->  Index Scan using sbtest3_pkey on sbtest3  (cost=0.43..48.53 rows=10 width=490)
	        Index Cond: (id = ANY ('{9947077,482889,7023189,1846537,9262803,3831638,2968578,7395937,5176916,3049079}'::integer[]))

table 4 : explain UPDATE sbtest4 set c=7 WHERE id IN ( 9947077, 482889, 7023189, 1846537, 9262803, 3831638, 2968578, 7395937, 5176916, 3049079)
	Update on sbtest4  (cost=0.43..48.53 rows=0 width=0)
	  ->  Index Scan using sbtest4_pkey on sbtest4  (cost=0.43..48.53 rows=10 width=490)
	        Index Cond: (id = ANY ('{9947077,482889,7023189,1846537,9262803,3831638,2968578,7395937,5176916,3049079}'::integer[]))

table 5 : explain UPDATE sbtest5 set c=7 WHERE id IN ( 9947077, 482889, 7023189, 1846537, 9262803, 3831638, 2968578, 7395937, 5176916, 3049079)
	Update on sbtest5  (cost=0.43..48.53 rows=0 width=0)
	  ->  Index Scan using sbtest5_pkey on sbtest5  (cost=0.43..48.53 rows=10 width=490)
	        Index Cond: (id = ANY ('{9947077,482889,7023189,1846537,9262803,3831638,2968578,7395937,5176916,3049079}'::integer[]))

table 6 : explain UPDATE sbtest6 set c=7 WHERE id IN ( 9947077, 482889, 7023189, 1846537, 9262803, 3831638, 2968578, 7395937, 5176916, 3049079)
	Update on sbtest6  (cost=0.43..48.53 rows=0 width=0)
	  ->  Index Scan using sbtest6_pkey on sbtest6  (cost=0.43..48.53 rows=10 width=490)
	        Index Cond: (id = ANY ('{9947077,482889,7023189,1846537,9262803,3831638,2968578,7395937,5176916,3049079}'::integer[]))

table 7 : explain UPDATE sbtest7 set c=7 WHERE id IN ( 9947077, 482889, 7023189, 1846537, 9262803, 3831638, 2968578, 7395937, 5176916, 3049079)
	Update on sbtest7  (cost=0.43..48.53 rows=0 width=0)
	  ->  Index Scan using sbtest7_pkey on sbtest7  (cost=0.43..48.53 rows=10 width=490)
	        Index Cond: (id = ANY ('{9947077,482889,7023189,1846537,9262803,3831638,2968578,7395937,5176916,3049079}'::integer[]))

table 8 : explain UPDATE sbtest8 set c=7 WHERE id IN ( 9947077, 482889, 7023189, 1846537, 9262803, 3831638, 2968578, 7395937, 5176916, 3049079)
	Update on sbtest8  (cost=0.43..48.53 rows=0 width=0)
	  ->  Index Scan using sbtest8_pkey on sbtest8  (cost=0.43..48.53 rows=10 width=490)
	        Index Cond: (id = ANY ('{9947077,482889,7023189,1846537,9262803,3831638,2968578,7395937,5176916,3049079}'::integer[]))

explain: for update-inlist :: explain UPDATE sbtest%d set c=7 WHERE id IN ( 8403813, 135503, 7247156, 6121132, 2035128, 5084876, 62863, 4519222, 9922176, 7517747)
for update-inlist
table 1 : explain UPDATE sbtest1 set c=7 WHERE id IN ( 9138180, 8301958, 4234350, 7294217, 7317985, 4858483, 6811417, 6903055, 8518408, 5541914)
	Update on sbtest1  (cost=0.43..48.53 rows=0 width=0)
	  ->  Index Scan using sbtest1_pkey on sbtest1  (cost=0.43..48.53 rows=10 width=490)
	        Index Cond: (id = ANY ('{9138180,8301958,4234350,7294217,7317985,4858483,6811417,6903055,8518408,5541914}'::integer[]))

table 2 : explain UPDATE sbtest2 set c=7 WHERE id IN ( 9138180, 8301958, 4234350, 7294217, 7317985, 4858483, 6811417, 6903055, 8518408, 5541914)
	Update on sbtest2  (cost=0.43..48.53 rows=0 width=0)
	  ->  Index Scan using sbtest2_pkey on sbtest2  (cost=0.43..48.53 rows=10 width=490)
	        Index Cond: (id = ANY ('{9138180,8301958,4234350,7294217,7317985,4858483,6811417,6903055,8518408,5541914}'::integer[]))

table 3 : explain UPDATE sbtest3 set c=7 WHERE id IN ( 9138180, 8301958, 4234350, 7294217, 7317985, 4858483, 6811417, 6903055, 8518408, 5541914)
	Update on sbtest3  (cost=0.43..48.53 rows=0 width=0)
	  ->  Index Scan using sbtest3_pkey on sbtest3  (cost=0.43..48.53 rows=10 width=490)
	        Index Cond: (id = ANY ('{9138180,8301958,4234350,7294217,7317985,4858483,6811417,6903055,8518408,5541914}'::integer[]))

table 4 : explain UPDATE sbtest4 set c=7 WHERE id IN ( 9138180, 8301958, 4234350, 7294217, 7317985, 4858483, 6811417, 6903055, 8518408, 5541914)
	Update on sbtest4  (cost=0.43..48.53 rows=0 width=0)
	  ->  Index Scan using sbtest4_pkey on sbtest4  (cost=0.43..48.53 rows=10 width=490)
	        Index Cond: (id = ANY ('{9138180,8301958,4234350,7294217,7317985,4858483,6811417,6903055,8518408,5541914}'::integer[]))

table 5 : explain UPDATE sbtest5 set c=7 WHERE id IN ( 9138180, 8301958, 4234350, 7294217, 7317985, 4858483, 6811417, 6903055, 8518408, 5541914)
	Update on sbtest5  (cost=0.43..48.53 rows=0 width=0)
	  ->  Index Scan using sbtest5_pkey on sbtest5  (cost=0.43..48.53 rows=10 width=490)
	        Index Cond: (id = ANY ('{9138180,8301958,4234350,7294217,7317985,4858483,6811417,6903055,8518408,5541914}'::integer[]))

table 6 : explain UPDATE sbtest6 set c=7 WHERE id IN ( 9138180, 8301958, 4234350, 7294217, 7317985, 4858483, 6811417, 6903055, 8518408, 5541914)
	Update on sbtest6  (cost=0.43..48.53 rows=0 width=0)
	  ->  Index Scan using sbtest6_pkey on sbtest6  (cost=0.43..48.53 rows=10 width=490)
	        Index Cond: (id = ANY ('{9138180,8301958,4234350,7294217,7317985,4858483,6811417,6903055,8518408,5541914}'::integer[]))

table 7 : explain UPDATE sbtest7 set c=7 WHERE id IN ( 9138180, 8301958, 4234350, 7294217, 7317985, 4858483, 6811417, 6903055, 8518408, 5541914)
	Update on sbtest7  (cost=0.43..48.53 rows=0 width=0)
	  ->  Index Scan using sbtest7_pkey on sbtest7  (cost=0.43..48.53 rows=10 width=490)
	        Index Cond: (id = ANY ('{9138180,8301958,4234350,7294217,7317985,4858483,6811417,6903055,8518408,5541914}'::integer[]))

table 8 : explain UPDATE sbtest8 set c=7 WHERE id IN ( 9138180, 8301958, 4234350, 7294217, 7317985, 4858483, 6811417, 6903055, 8518408, 5541914)
	Update on sbtest8  (cost=0.43..48.53 rows=0 width=0)
	  ->  Index Scan using sbtest8_pkey on sbtest8  (cost=0.43..48.53 rows=10 width=490)
	        Index Cond: (id = ANY ('{9138180,8301958,4234350,7294217,7317985,4858483,6811417,6903055,8518408,5541914}'::integer[]))

for update-inlist
table 1 : explain UPDATE sbtest1 set c=7 WHERE id IN ( 8403813, 135503, 7247156, 6121132, 2035128, 5084876, 62863, 4519222, 9922176, 7517747)
	Update on sbtest1  (cost=0.43..48.53 rows=0 width=0)
	  ->  Index Scan using sbtest1_pkey on sbtest1  (cost=0.43..48.53 rows=10 width=490)
	        Index Cond: (id = ANY ('{8403813,135503,7247156,6121132,2035128,5084876,62863,4519222,9922176,7517747}'::integer[]))

table 2 : explain UPDATE sbtest2 set c=7 WHERE id IN ( 8403813, 135503, 7247156, 6121132, 2035128, 5084876, 62863, 4519222, 9922176, 7517747)
	Update on sbtest2  (cost=0.43..48.53 rows=0 width=0)
	  ->  Index Scan using sbtest2_pkey on sbtest2  (cost=0.43..48.53 rows=10 width=490)
	        Index Cond: (id = ANY ('{8403813,135503,7247156,6121132,2035128,5084876,62863,4519222,9922176,7517747}'::integer[]))

table 3 : explain UPDATE sbtest3 set c=7 WHERE id IN ( 8403813, 135503, 7247156, 6121132, 2035128, 5084876, 62863, 4519222, 9922176, 7517747)
	Update on sbtest3  (cost=0.43..48.53 rows=0 width=0)
	  ->  Index Scan using sbtest3_pkey on sbtest3  (cost=0.43..48.53 rows=10 width=490)
	        Index Cond: (id = ANY ('{8403813,135503,7247156,6121132,2035128,5084876,62863,4519222,9922176,7517747}'::integer[]))

table 4 : explain UPDATE sbtest4 set c=7 WHERE id IN ( 8403813, 135503, 7247156, 6121132, 2035128, 5084876, 62863, 4519222, 9922176, 7517747)
	Update on sbtest4  (cost=0.43..48.53 rows=0 width=0)
	  ->  Index Scan using sbtest4_pkey on sbtest4  (cost=0.43..48.53 rows=10 width=490)
	        Index Cond: (id = ANY ('{8403813,135503,7247156,6121132,2035128,5084876,62863,4519222,9922176,7517747}'::integer[]))

table 5 : explain UPDATE sbtest5 set c=7 WHERE id IN ( 8403813, 135503, 7247156, 6121132, 2035128, 5084876, 62863, 4519222, 9922176, 7517747)
	Update on sbtest5  (cost=0.43..48.53 rows=0 width=0)
	  ->  Index Scan using sbtest5_pkey on sbtest5  (cost=0.43..48.53 rows=10 width=490)
	        Index Cond: (id = ANY ('{8403813,135503,7247156,6121132,2035128,5084876,62863,4519222,9922176,7517747}'::integer[]))

table 6 : explain UPDATE sbtest6 set c=7 WHERE id IN ( 8403813, 135503, 7247156, 6121132, 2035128, 5084876, 62863, 4519222, 9922176, 7517747)
	Update on sbtest6  (cost=0.43..48.53 rows=0 width=0)
	  ->  Index Scan using sbtest6_pkey on sbtest6  (cost=0.43..48.53 rows=10 width=490)
	        Index Cond: (id = ANY ('{8403813,135503,7247156,6121132,2035128,5084876,62863,4519222,9922176,7517747}'::integer[]))

table 7 : explain UPDATE sbtest7 set c=7 WHERE id IN ( 8403813, 135503, 7247156, 6121132, 2035128, 5084876, 62863, 4519222, 9922176, 7517747)
	Update on sbtest7  (cost=0.43..48.53 rows=0 width=0)
	  ->  Index Scan using sbtest7_pkey on sbtest7  (cost=0.43..48.53 rows=10 width=490)
	        Index Cond: (id = ANY ('{8403813,135503,7247156,6121132,2035128,5084876,62863,4519222,9922176,7517747}'::integer[]))

table 8 : explain UPDATE sbtest8 set c=7 WHERE id IN ( 8403813, 135503, 7247156, 6121132, 2035128, 5084876, 62863, 4519222, 9922176, 7517747)
	Update on sbtest8  (cost=0.43..48.53 rows=0 width=0)
	  ->  Index Scan using sbtest8_pkey on sbtest8  (cost=0.43..48.53 rows=10 width=490)
	        Index Cond: (id = ANY ('{8403813,135503,7247156,6121132,2035128,5084876,62863,4519222,9922176,7517747}'::integer[]))

Threads started!

Warming up for 5 seconds...

SQL statistics:
    queries performed:
        read:                            0
        write:                           113312130
        other:                           0
        total:                           113312130
    transactions:                        113312130 (121839.81 per sec.)
    queries:                             113312130 (121839.81 per sec.)
    ignored errors:                      0      (0.00 per sec.)
    reconnects:                          0      (0.00 per sec.)

Throughput:
    events/s (eps):                      121839.8054
    time elapsed:                        930.0092s
    total number of events:              113312130

Latency (ms):
         min:                                    0.12
         avg:                                    0.33
         max:                                  266.93
         95th percentile:                        0.51
         sum:                             37126239.25

Threads fairness:
    events (avg/stddev):           2832803.1750/28155.71
    execution time (avg/stddev):   928.1560/0.03

