LUA_PATH=/home/mdcallag/git/mytools/bench/sysbench.lua/lua/?.lua /home/mdcallag/git/mytools/bench/sysbench.lua/lua/sysbench --db-driver=pgsql --range-size=100 --table-size=10000000 --tables=8 --threads=40 --events=0 --warmup-time=5 --time=630 --pgsql_conn_id=true /home/mdcallag/git/mytools/bench/sysbench.lua/lua/oltp_range_covered.lua run --pgsql-user=root --pgsql-password=pw --pgsql-host=127.0.0.1 --pgsql-db=ib --rand-type=uniform --random-points=100 --skip-trx --on-id=false --covered=false
48 CPUs
sysbench 1.1.0-9072687 (using bundled LuaJIT 2.1.0-beta3)

Running the test with following options:
Number of threads: 40
Warmup time: 5s
Initializing random number generator from current time


Initializing worker threads...

explain: for range-notcovered :: explain SELECT k, c FROM sbtest%d WHERE k BETWEEN 5799430 AND 5799530
explain: for range-notcovered :: explain SELECT k, c FROM sbtest%d WHERE k BETWEEN 3763505 AND 3763605
explain: for range-notcovered :: explain SELECT k, c FROM sbtest%d WHERE k BETWEEN 7687964 AND 7688064
explain: for range-notcovered :: explain SELECT k, c FROM sbtest%d WHERE k BETWEEN 1458180 AND 1458280
explain: for range-notcovered :: explain SELECT k, c FROM sbtest%d WHERE k BETWEEN 1868326 AND 1868426
explain: for range-notcovered :: explain SELECT k, c FROM sbtest%d WHERE k BETWEEN 1289756 AND 1289856
explain: for range-notcovered :: explain SELECT k, c FROM sbtest%d WHERE k BETWEEN 4875382 AND 4875482
explain: for range-notcovered :: explain SELECT k, c FROM sbtest%d WHERE k BETWEEN 8146709 AND 8146809
explain: for range-notcovered :: explain SELECT k, c FROM sbtest%d WHERE k BETWEEN 1575884 AND 1575984
explain: for range-notcovered :: explain SELECT k, c FROM sbtest%d WHERE k BETWEEN 4829581 AND 4829681
explain: for range-notcovered :: explain SELECT k, c FROM sbtest%d WHERE k BETWEEN 6128050 AND 6128150
explain: for range-notcovered :: explain SELECT k, c FROM sbtest%d WHERE k BETWEEN 2748161 AND 2748261
explain: for range-notcovered :: explain SELECT k, c FROM sbtest%d WHERE k BETWEEN 7490797 AND 7490897
explain: for range-notcovered :: explain SELECT k, c FROM sbtest%d WHERE k BETWEEN 6924761 AND 6924861
explain: for range-notcovered :: explain SELECT k, c FROM sbtest%d WHERE k BETWEEN 2845276 AND 2845376
explain: for range-notcovered :: explain SELECT k, c FROM sbtest%d WHERE k BETWEEN 8429688 AND 8429788
explain: for range-notcovered :: explain SELECT k, c FROM sbtest%d WHERE k BETWEEN 1158135 AND 1158235
explain: for range-notcovered :: explain SELECT k, c FROM sbtest%d WHERE k BETWEEN 7541855 AND 7541955
explain: for range-notcovered :: explain SELECT k, c FROM sbtest%d WHERE k BETWEEN 7830027 AND 7830127
explain: for range-notcovered :: explain SELECT k, c FROM sbtest%d WHERE k BETWEEN 6852626 AND 6852726
explain: for range-notcovered :: explain SELECT k, c FROM sbtest%d WHERE k BETWEEN 3282562 AND 3282662
explain: for range-notcovered :: explain SELECT k, c FROM sbtest%d WHERE k BETWEEN 3595470 AND 3595570
explain: for range-notcovered :: explain SELECT k, c FROM sbtest%d WHERE k BETWEEN 5912230 AND 5912330
for range-notcovered
table 1 : explain SELECT k, c FROM sbtest1 WHERE k BETWEEN 5799430 AND 5799530
	Bitmap Heap Scan on sbtest1  (cost=5.49..413.31 rows=103 width=125)
	  Recheck Cond: ((k >= 5799430) AND (k <= 5799530))
	  ->  Bitmap Index Scan on k_1  (cost=0.00..5.46 rows=103 width=0)
	        Index Cond: ((k >= 5799430) AND (k <= 5799530))

table 2 : explain SELECT k, c FROM sbtest2 WHERE k BETWEEN 5799430 AND 5799530
	Bitmap Heap Scan on sbtest2  (cost=5.49..413.34 rows=103 width=125)
	  Recheck Cond: ((k >= 5799430) AND (k <= 5799530))
	  ->  Bitmap Index Scan on k_2  (cost=0.00..5.46 rows=103 width=0)
	        Index Cond: ((k >= 5799430) AND (k <= 5799530))

table 3 : explain SELECT k, c FROM sbtest3 WHERE k BETWEEN 5799430 AND 5799530
	Bitmap Heap Scan on sbtest3  (cost=5.46..401.45 rows=100 width=125)
	  Recheck Cond: ((k >= 5799430) AND (k <= 5799530))
	  ->  Bitmap Index Scan on k_3  (cost=0.00..5.43 rows=100 width=0)
	        Index Cond: ((k >= 5799430) AND (k <= 5799530))

table 4 : explain SELECT k, c FROM sbtest4 WHERE k BETWEEN 5799430 AND 5799530
	Bitmap Heap Scan on sbtest4  (cost=5.52..425.13 rows=106 width=125)
	  Recheck Cond: ((k >= 5799430) AND (k <= 5799530))
	  ->  Bitmap Index Scan on k_4  (cost=0.00..5.50 rows=106 width=0)
	        Index Cond: ((k >= 5799430) AND (k <= 5799530))

table 5 : explain SELECT k, c FROM sbtest5 WHERE k BETWEEN 5799430 AND 5799530
	Bitmap Heap Scan on sbtest5  (cost=5.47..405.45 rows=101 width=125)
	  Recheck Cond: ((k >= 5799430) AND (k <= 5799530))
	  ->  Bitmap Index Scan on k_5  (cost=0.00..5.44 rows=101 width=0)
	        Index Cond: ((k >= 5799430) AND (k <= 5799530))

table 6 : explain SELECT k, c FROM sbtest6 WHERE k BETWEEN 5799430 AND 5799530
	Bitmap Heap Scan on sbtest6  (cost=5.62..464.53 rows=116 width=125)
	  Recheck Cond: ((k >= 5799430) AND (k <= 5799530))
	  ->  Bitmap Index Scan on k_6  (cost=0.00..5.59 rows=116 width=0)
	        Index Cond: ((k >= 5799430) AND (k <= 5799530))

table 7 : explain SELECT k, c FROM sbtest7 WHERE k BETWEEN 5799430 AND 5799530
	Bitmap Heap Scan on sbtest7  (cost=5.45..397.54 rows=99 width=125)
	  Recheck Cond: ((k >= 5799430) AND (k <= 5799530))
	  ->  Bitmap Index Scan on k_7  (cost=0.00..5.42 rows=99 width=0)
	        Index Cond: ((k >= 5799430) AND (k <= 5799530))

table 8 : explain SELECT k, c FROM sbtest8 WHERE k BETWEEN 5799430 AND 5799530
	Bitmap Heap Scan on sbtest8  (cost=5.50..417.26 rows=104 width=125)
	  Recheck Cond: ((k >= 5799430) AND (k <= 5799530))
	  ->  Bitmap Index Scan on k_8  (cost=0.00..5.47 rows=104 width=0)
	        Index Cond: ((k >= 5799430) AND (k <= 5799530))

explain: for range-notcovered :: explain SELECT k, c FROM sbtest%d WHERE k BETWEEN 1880241 AND 1880341
explain: for range-notcovered :: explain SELECT k, c FROM sbtest%d WHERE k BETWEEN 5799430 AND 5799530
explain: for range-notcovered :: explain SELECT k, c FROM sbtest%d WHERE k BETWEEN 6714694 AND 6714794
explain: for range-notcovered :: explain SELECT k, c FROM sbtest%d WHERE k BETWEEN 5036418 AND 5036518
explain: for range-notcovered :: explain SELECT k, c FROM sbtest%d WHERE k BETWEEN 7966267 AND 7966367
for range-notcovered
table 1 : explain SELECT k, c FROM sbtest1 WHERE k BETWEEN 1575884 AND 1575984
	Bitmap Heap Scan on sbtest1  (cost=5.47..405.42 rows=101 width=125)
	  Recheck Cond: ((k >= 1575884) AND (k <= 1575984))
	  ->  Bitmap Index Scan on k_1  (cost=0.00..5.44 rows=101 width=0)
	        Index Cond: ((k >= 1575884) AND (k <= 1575984))

table 2 : explain SELECT k, c FROM sbtest2 WHERE k BETWEEN 1575884 AND 1575984
	Bitmap Heap Scan on sbtest2  (cost=5.41..381.79 rows=95 width=125)
	  Recheck Cond: ((k >= 1575884) AND (k <= 1575984))
	  ->  Bitmap Index Scan on k_2  (cost=0.00..5.38 rows=95 width=0)
	        Index Cond: ((k >= 1575884) AND (k <= 1575984))

table 3 : explain SELECT k, c FROM sbtest3 WHERE k BETWEEN 1575884 AND 1575984
	Bitmap Heap Scan on sbtest3  (cost=5.50..417.22 rows=104 width=125)
	  Recheck Cond: ((k >= 1575884) AND (k <= 1575984))
	  ->  Bitmap Index Scan on k_3  (cost=0.00..5.47 rows=104 width=0)
	        Index Cond: ((k >= 1575884) AND (k <= 1575984))

table 4 : explain SELECT k, c FROM sbtest4 WHERE k BETWEEN 1575884 AND 1575984
	Bitmap Heap Scan on sbtest4  (cost=5.43..389.65 rows=97 width=125)
	  Recheck Cond: ((k >= 1575884) AND (k <= 1575984))
	  ->  Bitmap Index Scan on k_4  (cost=0.00..5.40 rows=97 width=0)
	        Index Cond: ((k >= 1575884) AND (k <= 1575984))

table 5 : explain SELECT k, c FROM sbtest5 WHERE k BETWEEN 1575884 AND 1575984
	Bitmap Heap Scan on sbtest5  (cost=5.52..425.16 rows=106 width=125)
	  Recheck Cond: ((k >= 1575884) AND (k <= 1575984))
	  ->  Bitmap Index Scan on k_5  (cost=0.00..5.50 rows=106 width=0)
	        Index Cond: ((k >= 1575884) AND (k <= 1575984))

table 6 : explain SELECT k, c FROM sbtest6 WHERE k BETWEEN 1575884 AND 1575984
	Bitmap Heap Scan on sbtest6  (cost=5.55..436.96 rows=109 width=125)
	  Recheck Cond: ((k >= 1575884) AND (k <= 1575984))
	  ->  Bitmap Index Scan on k_6  (cost=0.00..5.52 rows=109 width=0)
	        Index Cond: ((k >= 1575884) AND (k <= 1575984))

table 7 : explain SELECT k, c FROM sbtest7 WHERE k BETWEEN 1575884 AND 1575984
	Bitmap Heap Scan on sbtest7  (cost=5.63..468.46 rows=117 width=125)
	  Recheck Cond: ((k >= 1575884) AND (k <= 1575984))
	  ->  Bitmap Index Scan on k_7  (cost=0.00..5.60 rows=117 width=0)
	        Index Cond: ((k >= 1575884) AND (k <= 1575984))

table 8 : explain SELECT k, c FROM sbtest8 WHERE k BETWEEN 1575884 AND 1575984
	Bitmap Heap Scan on sbtest8  (cost=5.40..377.83 rows=94 width=125)
	  Recheck Cond: ((k >= 1575884) AND (k <= 1575984))
	  ->  Bitmap Index Scan on k_8  (cost=0.00..5.38 rows=94 width=0)
	        Index Cond: ((k >= 1575884) AND (k <= 1575984))

for range-notcovered
table 1 : explain SELECT k, c FROM sbtest1 WHERE k BETWEEN 7687964 AND 7688064
	Bitmap Heap Scan on sbtest1  (cost=5.53..429.07 rows=107 width=125)
	  Recheck Cond: ((k >= 7687964) AND (k <= 7688064))
	  ->  Bitmap Index Scan on k_1  (cost=0.00..5.50 rows=107 width=0)
	        Index Cond: ((k >= 7687964) AND (k <= 7688064))

table 2 : explain SELECT k, c FROM sbtest2 WHERE k BETWEEN 7687964 AND 7688064
	Bitmap Heap Scan on sbtest2  (cost=5.58..448.80 rows=112 width=125)
	  Recheck Cond: ((k >= 7687964) AND (k <= 7688064))
	  ->  Bitmap Index Scan on k_2  (cost=0.00..5.55 rows=112 width=0)
	        Index Cond: ((k >= 7687964) AND (k <= 7688064))

table 3 : explain SELECT k, c FROM sbtest3 WHERE k BETWEEN 7687964 AND 7688064
	Bitmap Heap Scan on sbtest3  (cost=5.48..409.34 rows=102 width=125)
	  Recheck Cond: ((k >= 7687964) AND (k <= 7688064))
	  ->  Bitmap Index Scan on k_3  (cost=0.00..5.45 rows=102 width=0)
	        Index Cond: ((k >= 7687964) AND (k <= 7688064))

table 4 : explain SELECT k, c FROM sbtest4 WHERE k BETWEEN 7687964 AND 7688064
	Bitmap Heap Scan on sbtest4  (cost=5.50..417.25 rows=104 width=125)
	  Recheck Cond: ((k >= 7687964) AND (k <= 7688064))
	  ->  Bitmap Index Scan on k_4  (cost=0.00..5.47 rows=104 width=0)
	        Index Cond: ((k >= 7687964) AND (k <= 7688064))

table 5 : explain SELECT k, c FROM sbtest5 WHERE k BETWEEN 7687964 AND 7688064
	Bitmap Heap Scan on sbtest5  (cost=5.68..484.24 rows=121 width=125)
	  Recheck Cond: ((k >= 7687964) AND (k <= 7688064))
	  ->  Bitmap Index Scan on k_5  (cost=0.00..5.64 rows=121 width=0)
	        Index Cond: ((k >= 7687964) AND (k <= 7688064))

table 6 : explain SELECT k, c FROM sbtest6 WHERE k BETWEEN 7687964 AND 7688064
	Bitmap Heap Scan on sbtest6  (cost=5.50..417.26 rows=104 width=125)
	  Recheck Cond: ((k >= 7687964) AND (k <= 7688064))
	  ->  Bitmap Index Scan on k_6  (cost=0.00..5.47 rows=104 width=0)
	        Index Cond: ((k >= 7687964) AND (k <= 7688064))

table 7 : explain SELECT k, c FROM sbtest7 WHERE k BETWEEN 7687964 AND 7688064
	Bitmap Heap Scan on sbtest7  (cost=5.47..405.43 rows=101 width=125)
	  Recheck Cond: ((k >= 7687964) AND (k <= 7688064))
	  ->  Bitmap Index Scan on k_7  (cost=0.00..5.44 rows=101 width=0)
	        Index Cond: ((k >= 7687964) AND (k <= 7688064))

table 8 : explain SELECT k, c FROM sbtest8 WHERE k BETWEEN 7687964 AND 7688064
	Bitmap Heap Scan on sbtest8  (cost=5.48..409.38 rows=102 width=125)
	  Recheck Cond: ((k >= 7687964) AND (k <= 7688064))
	  ->  Bitmap Index Scan on k_8  (cost=0.00..5.45 rows=102 width=0)
	        Index Cond: ((k >= 7687964) AND (k <= 7688064))

for range-notcovered
table 1 : explain SELECT k, c FROM sbtest1 WHERE k BETWEEN 3763505 AND 3763605
	Bitmap Heap Scan on sbtest1  (cost=5.46..401.48 rows=100 width=125)
	  Recheck Cond: ((k >= 3763505) AND (k <= 3763605))
	  ->  Bitmap Index Scan on k_1  (cost=0.00..5.43 rows=100 width=0)
	        Index Cond: ((k >= 3763505) AND (k <= 3763605))

table 2 : explain SELECT k, c FROM sbtest2 WHERE k BETWEEN 3763505 AND 3763605
	Bitmap Heap Scan on sbtest2  (cost=5.46..401.51 rows=100 width=125)
	  Recheck Cond: ((k >= 3763505) AND (k <= 3763605))
	  ->  Bitmap Index Scan on k_2  (cost=0.00..5.43 rows=100 width=0)
	        Index Cond: ((k >= 3763505) AND (k <= 3763605))

table 3 : explain SELECT k, c FROM sbtest3 WHERE k BETWEEN 3763505 AND 3763605
	Bitmap Heap Scan on sbtest3  (cost=5.55..436.92 rows=109 width=125)
	  Recheck Cond: ((k >= 3763505) AND (k <= 3763605))
	  ->  Bitmap Index Scan on k_3  (cost=0.00..5.52 rows=109 width=0)
	        Index Cond: ((k >= 3763505) AND (k <= 3763605))

table 4 : explain SELECT k, c FROM sbtest4 WHERE k BETWEEN 3763505 AND 3763605
	Bitmap Heap Scan on sbtest4  (cost=5.41..381.76 rows=95 width=125)
	  Recheck Cond: ((k >= 3763505) AND (k <= 3763605))
	  ->  Bitmap Index Scan on k_4  (cost=0.00..5.38 rows=95 width=0)
	        Index Cond: ((k >= 3763505) AND (k <= 3763605))

table 5 : explain SELECT k, c FROM sbtest5 WHERE k BETWEEN 3763505 AND 3763605
	Bitmap Heap Scan on sbtest5  (cost=5.54..433.05 rows=108 width=125)
	  Recheck Cond: ((k >= 3763505) AND (k <= 3763605))
	  ->  Bitmap Index Scan on k_5  (cost=0.00..5.51 rows=108 width=0)
	        Index Cond: ((k >= 3763505) AND (k <= 3763605))

table 6 : explain SELECT k, c FROM sbtest6 WHERE k BETWEEN 3763505 AND 3763605
	Bitmap Heap Scan on sbtest6  (cost=5.50..417.26 rows=104 width=125)
	  Recheck Cond: ((k >= 3763505) AND (k <= 3763605))
	  ->  Bitmap Index Scan on k_6  (cost=0.00..5.47 rows=104 width=0)
	        Index Cond: ((k >= 3763505) AND (k <= 3763605))

table 7 : explain SELECT k, c FROM sbtest7 WHERE k BETWEEN 3763505 AND 3763605
	Bitmap Heap Scan on sbtest7  (cost=5.44..393.60 rows=98 width=125)
	  Recheck Cond: ((k >= 3763505) AND (k <= 3763605))
	  ->  Bitmap Index Scan on k_7  (cost=0.00..5.42 rows=98 width=0)
	        Index Cond: ((k >= 3763505) AND (k <= 3763605))

table 8 : explain SELECT k, c FROM sbtest8 WHERE k BETWEEN 3763505 AND 3763605
	Bitmap Heap Scan on sbtest8  (cost=5.44..393.61 rows=98 width=125)
	  Recheck Cond: ((k >= 3763505) AND (k <= 3763605))
	  ->  Bitmap Index Scan on k_8  (cost=0.00..5.42 rows=98 width=0)
	        Index Cond: ((k >= 3763505) AND (k <= 3763605))

for range-notcovered
table 1 : explain SELECT k, c FROM sbtest1 WHERE k BETWEEN 4875382 AND 4875482
	Bitmap Heap Scan on sbtest1  (cost=5.58..448.77 rows=112 width=125)
	  Recheck Cond: ((k >= 4875382) AND (k <= 4875482))
	  ->  Bitmap Index Scan on k_1  (cost=0.00..5.55 rows=112 width=0)
	        Index Cond: ((k >= 4875382) AND (k <= 4875482))

table 2 : explain SELECT k, c FROM sbtest2 WHERE k BETWEEN 4875382 AND 4875482
	Bitmap Heap Scan on sbtest2  (cost=5.45..397.57 rows=99 width=125)
	  Recheck Cond: ((k >= 4875382) AND (k <= 4875482))
	  ->  Bitmap Index Scan on k_2  (cost=0.00..5.42 rows=99 width=0)
	        Index Cond: ((k >= 4875382) AND (k <= 4875482))

table 3 : explain SELECT k, c FROM sbtest3 WHERE k BETWEEN 4875382 AND 4875482
	Bitmap Heap Scan on sbtest3  (cost=5.43..389.62 rows=97 width=125)
	  Recheck Cond: ((k >= 4875382) AND (k <= 4875482))
	  ->  Bitmap Index Scan on k_3  (cost=0.00..5.40 rows=97 width=0)
	        Index Cond: ((k >= 4875382) AND (k <= 4875482))

table 4 : explain SELECT k, c FROM sbtest4 WHERE k BETWEEN 4875382 AND 4875482
	Bitmap Heap Scan on sbtest4  (cost=5.44..393.59 rows=98 width=125)
	  Recheck Cond: ((k >= 4875382) AND (k <= 4875482))
	  ->  Bitmap Index Scan on k_4  (cost=0.00..5.42 rows=98 width=0)
	        Index Cond: ((k >= 4875382) AND (k <= 4875482))

table 5 : explain SELECT k, c FROM sbtest5 WHERE k BETWEEN 4875382 AND 4875482
	Bitmap Heap Scan on sbtest5  (cost=5.47..405.45 rows=101 width=125)
	  Recheck Cond: ((k >= 4875382) AND (k <= 4875482))
	  ->  Bitmap Index Scan on k_5  (cost=0.00..5.44 rows=101 width=0)
	        Index Cond: ((k >= 4875382) AND (k <= 4875482))

table 6 : explain SELECT k, c FROM sbtest6 WHERE k BETWEEN 4875382 AND 4875482
	Bitmap Heap Scan on sbtest6  (cost=5.45..397.54 rows=99 width=125)
	  Recheck Cond: ((k >= 4875382) AND (k <= 4875482))
	  ->  Bitmap Index Scan on k_6  (cost=0.00..5.42 rows=99 width=0)
	        Index Cond: ((k >= 4875382) AND (k <= 4875482))

table 7 : explain SELECT k, c FROM sbtest7 WHERE k BETWEEN 4875382 AND 4875482
	Bitmap Heap Scan on sbtest7  (cost=5.47..405.43 rows=101 width=125)
	  Recheck Cond: ((k >= 4875382) AND (k <= 4875482))
	  ->  Bitmap Index Scan on k_7  (cost=0.00..5.44 rows=101 width=0)
	        Index Cond: ((k >= 4875382) AND (k <= 4875482))

table 8 : explain SELECT k, c FROM sbtest8 WHERE k BETWEEN 4875382 AND 4875482
	Bitmap Heap Scan on sbtest8  (cost=5.39..373.88 rows=93 width=125)
	  Recheck Cond: ((k >= 4875382) AND (k <= 4875482))
	  ->  Bitmap Index Scan on k_8  (cost=0.00..5.36 rows=93 width=0)
	        Index Cond: ((k >= 4875382) AND (k <= 4875482))

for range-notcovered
table 1 : explain SELECT k, c FROM sbtest1 WHERE k BETWEEN 8146709 AND 8146809
	Bitmap Heap Scan on sbtest1  (cost=5.44..393.59 rows=98 width=125)
	  Recheck Cond: ((k >= 8146709) AND (k <= 8146809))
	  ->  Bitmap Index Scan on k_1  (cost=0.00..5.42 rows=98 width=0)
	        Index Cond: ((k >= 8146709) AND (k <= 8146809))

table 2 : explain SELECT k, c FROM sbtest2 WHERE k BETWEEN 8146709 AND 8146809
	Bitmap Heap Scan on sbtest2  (cost=5.46..401.51 rows=100 width=125)
	  Recheck Cond: ((k >= 8146709) AND (k <= 8146809))
	  ->  Bitmap Index Scan on k_2  (cost=0.00..5.43 rows=100 width=0)
	        Index Cond: ((k >= 8146709) AND (k <= 8146809))

table 3 : explain SELECT k, c FROM sbtest3 WHERE k BETWEEN 8146709 AND 8146809
	Bitmap Heap Scan on sbtest3  (cost=5.48..409.34 rows=102 width=125)
	  Recheck Cond: ((k >= 8146709) AND (k <= 8146809))
	  ->  Bitmap Index Scan on k_3  (cost=0.00..5.45 rows=102 width=0)
	        Index Cond: ((k >= 8146709) AND (k <= 8146809))

table 4 : explain SELECT k, c FROM sbtest4 WHERE k BETWEEN 8146709 AND 8146809
	Bitmap Heap Scan on sbtest4  (cost=5.50..417.25 rows=104 width=125)
	  Recheck Cond: ((k >= 8146709) AND (k <= 8146809))
	  ->  Bitmap Index Scan on k_4  (cost=0.00..5.47 rows=104 width=0)
	        Index Cond: ((k >= 8146709) AND (k <= 8146809))

table 5 : explain SELECT k, c FROM sbtest5 WHERE k BETWEEN 8146709 AND 8146809
	Bitmap Heap Scan on sbtest5  (cost=5.54..433.05 rows=108 width=125)
	  Recheck Cond: ((k >= 8146709) AND (k <= 8146809))
	  ->  Bitmap Index Scan on k_5  (cost=0.00..5.51 rows=108 width=0)
	        Index Cond: ((k >= 8146709) AND (k <= 8146809))

table 6 : explain SELECT k, c FROM sbtest6 WHERE k BETWEEN 8146709 AND 8146809
	Bitmap Heap Scan on sbtest6  (cost=5.41..381.77 rows=95 width=125)
	  Recheck Cond: ((k >= 8146709) AND (k <= 8146809))
	  ->  Bitmap Index Scan on k_6  (cost=0.00..5.38 rows=95 width=0)
	        Index Cond: ((k >= 8146709) AND (k <= 8146809))

table 7 : explain SELECT k, c FROM sbtest7 WHERE k BETWEEN 8146709 AND 8146809
	Bitmap Heap Scan on sbtest7  (cost=5.52..425.14 rows=106 width=125)
	  Recheck Cond: ((k >= 8146709) AND (k <= 8146809))
	  ->  Bitmap Index Scan on k_7  (cost=0.00..5.50 rows=106 width=0)
	        Index Cond: ((k >= 8146709) AND (k <= 8146809))

table 8 : explain SELECT k, c FROM sbtest8 WHERE k BETWEEN 8146709 AND 8146809
	Bitmap Heap Scan on sbtest8  (cost=5.57..444.85 rows=111 width=125)
	  Recheck Cond: ((k >= 8146709) AND (k <= 8146809))
	  ->  Bitmap Index Scan on k_8  (cost=0.00..5.54 rows=111 width=0)
	        Index Cond: ((k >= 8146709) AND (k <= 8146809))
for range-notcovered
table 1 : explain SELECT k, c FROM sbtest1 WHERE k BETWEEN 1868326 AND 1868426
	Bitmap Heap Scan on sbtest1  (cost=5.42..385.71 rows=96 width=125)
	  Recheck Cond: ((k >= 1868326) AND (k <= 1868426))
	  ->  Bitmap Index Scan on k_1  (cost=0.00..5.39 rows=96 width=0)
	        Index Cond: ((k >= 1868326) AND (k <= 1868426))

table 2 : explain SELECT k, c FROM sbtest2 WHERE k BETWEEN 1868326 AND 1868426
	Bitmap Heap Scan on sbtest2  (cost=5.49..413.34 rows=103 width=125)
	  Recheck Cond: ((k >= 1868326) AND (k <= 1868426))
	  ->  Bitmap Index Scan on k_2  (cost=0.00..5.46 rows=103 width=0)
	        Index Cond: ((k >= 1868326) AND (k <= 1868426))

table 3 : explain SELECT k, c FROM sbtest3 WHERE k BETWEEN 1868326 AND 1868426
	Bitmap Heap Scan on sbtest3  (cost=5.50..417.22 rows=104 width=125)
	  Recheck Cond: ((k >= 1868326) AND (k <= 1868426))
	  ->  Bitmap Index Scan on k_3  (cost=0.00..5.47 rows=104 width=0)
	        Index Cond: ((k >= 1868326) AND (k <= 1868426))

table 4 : explain SELECT k, c FROM sbtest4 WHERE k BETWEEN 1868326 AND 1868426
	Bitmap Heap Scan on sbtest4  (cost=5.42..385.70 rows=96 width=125)
	  Recheck Cond: ((k >= 1868326) AND (k <= 1868426))
	  ->  Bitmap Index Scan on k_4  (cost=0.00..5.39 rows=96 width=0)
	        Index Cond: ((k >= 1868326) AND (k <= 1868426))

table 5 : explain SELECT k, c FROM sbtest5 WHERE k BETWEEN 1868326 AND 1868426
	Bitmap Heap Scan on sbtest5  (cost=5.51..421.22 rows=105 width=125)
	  Recheck Cond: ((k >= 1868326) AND (k <= 1868426))
	  ->  Bitmap Index Scan on k_5  (cost=0.00..5.48 rows=105 width=0)
	        Index Cond: ((k >= 1868326) AND (k <= 1868426))

table 6 : explain SELECT k, c FROM sbtest6 WHERE k BETWEEN 1868326 AND 1868426
	Bitmap Heap Scan on sbtest6  (cost=5.47..405.43 rows=101 width=125)
	  Recheck Cond: ((k >= 1868326) AND (k <= 1868426))
	  ->  Bitmap Index Scan on k_6  (cost=0.00..5.44 rows=101 width=0)
	        Index Cond: ((k >= 1868326) AND (k <= 1868426))

table 7 : explain SELECT k, c FROM sbtest7 WHERE k BETWEEN 1868326 AND 1868426
	Bitmap Heap Scan on sbtest7  (cost=5.45..397.54 rows=99 width=125)
	  Recheck Cond: ((k >= 1868326) AND (k <= 1868426))
	  ->  Bitmap Index Scan on k_7  (cost=0.00..5.42 rows=99 width=0)
	        Index Cond: ((k >= 1868326) AND (k <= 1868426))

table 8 : explain SELECT k, c FROM sbtest8 WHERE k BETWEEN 1868326 AND 1868426
	Bitmap Heap Scan on sbtest8  (cost=5.52..425.15 rows=106 width=125)
	  Recheck Cond: ((k >= 1868326) AND (k <= 1868426))
	  ->  Bitmap Index Scan on k_8  (cost=0.00..5.50 rows=106 width=0)
	        Index Cond: ((k >= 1868326) AND (k <= 1868426))

explain: for range-notcovered :: explain SELECT k, c FROM sbtest%d WHERE k BETWEEN 7687964 AND 7688064

explain: for range-notcovered :: explain SELECT k, c FROM sbtest%d WHERE k BETWEEN 1575884 AND 1575984
explain: for range-notcovered :: explain SELECT k, c FROM sbtest%d WHERE k BETWEEN 3763505 AND 3763605
explain: for range-notcovered :: explain SELECT k, c FROM sbtest%d WHERE k BETWEEN 4875382 AND 4875482
explain: for range-notcovered :: explain SELECT k, c FROM sbtest%d WHERE k BETWEEN 1868326 AND 1868426
explain: for range-notcovered :: explain SELECT k, c FROM sbtest%d WHERE k BETWEEN 8146709 AND 8146809
for range-notcovered
table 1 : explain SELECT k, c FROM sbtest1 WHERE k BETWEEN 1289756 AND 1289856
	Bitmap Heap Scan on sbtest1  (cost=5.55..436.95 rows=109 width=125)
	  Recheck Cond: ((k >= 1289756) AND (k <= 1289856))
	  ->  Bitmap Index Scan on k_1  (cost=0.00..5.52 rows=109 width=0)
	        Index Cond: ((k >= 1289756) AND (k <= 1289856))

table 2 : explain SELECT k, c FROM sbtest2 WHERE k BETWEEN 1289756 AND 1289856
	Bitmap Heap Scan on sbtest2  (cost=5.49..413.34 rows=103 width=125)
	  Recheck Cond: ((k >= 1289756) AND (k <= 1289856))
	  ->  Bitmap Index Scan on k_2  (cost=0.00..5.46 rows=103 width=0)
	        Index Cond: ((k >= 1289756) AND (k <= 1289856))

table 3 : explain SELECT k, c FROM sbtest3 WHERE k BETWEEN 1289756 AND 1289856
	Bitmap Heap Scan on sbtest3  (cost=5.56..440.86 rows=110 width=125)
	  Recheck Cond: ((k >= 1289756) AND (k <= 1289856))
	  ->  Bitmap Index Scan on k_3  (cost=0.00..5.53 rows=110 width=0)
	        Index Cond: ((k >= 1289756) AND (k <= 1289856))

table 4 : explain SELECT k, c FROM sbtest4 WHERE k BETWEEN 1289756 AND 1289856
	Bitmap Heap Scan on sbtest4  (cost=5.56..440.89 rows=110 width=125)
	  Recheck Cond: ((k >= 1289756) AND (k <= 1289856))
	  ->  Bitmap Index Scan on k_4  (cost=0.00..5.53 rows=110 width=0)
	        Index Cond: ((k >= 1289756) AND (k <= 1289856))

table 5 : explain SELECT k, c FROM sbtest5 WHERE k BETWEEN 1289756 AND 1289856
	Bitmap Heap Scan on sbtest5  (cost=5.36..362.05 rows=90 width=125)
	  Recheck Cond: ((k >= 1289756) AND (k <= 1289856))
	  ->  Bitmap Index Scan on k_5  (cost=0.00..5.33 rows=90 width=0)
	        Index Cond: ((k >= 1289756) AND (k <= 1289856))

table 6 : explain SELECT k, c FROM sbtest6 WHERE k BETWEEN 1289756 AND 1289856
	Bitmap Heap Scan on sbtest6  (cost=5.37..365.98 rows=91 width=125)
	  Recheck Cond: ((k >= 1289756) AND (k <= 1289856))
	  ->  Bitmap Index Scan on k_6  (cost=0.00..5.34 rows=91 width=0)
	        Index Cond: ((k >= 1289756) AND (k <= 1289856))

table 7 : explain SELECT k, c FROM sbtest7 WHERE k BETWEEN 1289756 AND 1289856
	Bitmap Heap Scan on sbtest7  (cost=5.50..417.25 rows=104 width=125)
	  Recheck Cond: ((k >= 1289756) AND (k <= 1289856))
	  ->  Bitmap Index Scan on k_7  (cost=0.00..5.47 rows=104 width=0)
	        Index Cond: ((k >= 1289756) AND (k <= 1289856))

table 8 : explain SELECT k, c FROM sbtest8 WHERE k BETWEEN 1289756 AND 1289856
	Bitmap Heap Scan on sbtest8  (cost=5.38..369.93 rows=92 width=125)
	  Recheck Cond: ((k >= 1289756) AND (k <= 1289856))
	  ->  Bitmap Index Scan on k_8  (cost=0.00..5.35 rows=92 width=0)
	        Index Cond: ((k >= 1289756) AND (k <= 1289856))

for range-notcovered
table 1 : explain SELECT k, c FROM sbtest1 WHERE k BETWEEN 4829581 AND 4829681
	Bitmap Heap Scan on sbtest1  (cost=5.58..448.77 rows=112 width=125)
	  Recheck Cond: ((k >= 4829581) AND (k <= 4829681))
	  ->  Bitmap Index Scan on k_1  (cost=0.00..5.55 rows=112 width=0)
	        Index Cond: ((k >= 4829581) AND (k <= 4829681))

table 2 : explain SELECT k, c FROM sbtest2 WHERE k BETWEEN 4829581 AND 4829681
	Bitmap Heap Scan on sbtest2  (cost=5.45..397.57 rows=99 width=125)
	  Recheck Cond: ((k >= 4829581) AND (k <= 4829681))
	  ->  Bitmap Index Scan on k_2  (cost=0.00..5.42 rows=99 width=0)
	        Index Cond: ((k >= 4829581) AND (k <= 4829681))

table 3 : explain SELECT k, c FROM sbtest3 WHERE k BETWEEN 4829581 AND 4829681
	Bitmap Heap Scan on sbtest3  (cost=5.48..409.34 rows=102 width=125)
	  Recheck Cond: ((k >= 4829581) AND (k <= 4829681))
	  ->  Bitmap Index Scan on k_3  (cost=0.00..5.45 rows=102 width=0)
	        Index Cond: ((k >= 4829581) AND (k <= 4829681))

table 4 : explain SELECT k, c FROM sbtest4 WHERE k BETWEEN 4829581 AND 4829681
	Bitmap Heap Scan on sbtest4  (cost=5.43..389.65 rows=97 width=125)
	  Recheck Cond: ((k >= 4829581) AND (k <= 4829681))
	  ->  Bitmap Index Scan on k_4  (cost=0.00..5.40 rows=97 width=0)
	        Index Cond: ((k >= 4829581) AND (k <= 4829681))

table 5 : explain SELECT k, c FROM sbtest5 WHERE k BETWEEN 4829581 AND 4829681
	Bitmap Heap Scan on sbtest5  (cost=5.47..405.45 rows=101 width=125)
	  Recheck Cond: ((k >= 4829581) AND (k <= 4829681))
	  ->  Bitmap Index Scan on k_5  (cost=0.00..5.44 rows=101 width=0)
	        Index Cond: ((k >= 4829581) AND (k <= 4829681))

table 6 : explain SELECT k, c FROM sbtest6 WHERE k BETWEEN 4829581 AND 4829681
	Bitmap Heap Scan on sbtest6  (cost=5.45..397.54 rows=99 width=125)
	  Recheck Cond: ((k >= 4829581) AND (k <= 4829681))
	  ->  Bitmap Index Scan on k_6  (cost=0.00..5.42 rows=99 width=0)
	        Index Cond: ((k >= 4829581) AND (k <= 4829681))

table 7 : explain SELECT k, c FROM sbtest7 WHERE k BETWEEN 4829581 AND 4829681
	Bitmap Heap Scan on sbtest7  (cost=5.47..405.43 rows=101 width=125)
	  Recheck Cond: ((k >= 4829581) AND (k <= 4829681))
	  ->  Bitmap Index Scan on k_7  (cost=0.00..5.44 rows=101 width=0)
	        Index Cond: ((k >= 4829581) AND (k <= 4829681))

table 8 : explain SELECT k, c FROM sbtest8 WHERE k BETWEEN 4829581 AND 4829681
	Bitmap Heap Scan on sbtest8  (cost=5.46..401.49 rows=100 width=125)
	  Recheck Cond: ((k >= 4829581) AND (k <= 4829681))
	  ->  Bitmap Index Scan on k_8  (cost=0.00..5.43 rows=100 width=0)
	        Index Cond: ((k >= 4829581) AND (k <= 4829681))

explain: for range-notcovered :: explain SELECT k, c FROM sbtest%d WHERE k BETWEEN 3406885 AND 3406985
explain: for range-notcovered :: explain SELECT k, c FROM sbtest%d WHERE k BETWEEN 1289756 AND 1289856
explain: for range-notcovered :: explain SELECT k, c FROM sbtest%d WHERE k BETWEEN 4829581 AND 4829681
explain: for range-notcovered :: explain SELECT k, c FROM sbtest%d WHERE k BETWEEN 5037207 AND 5037307
for range-notcovered
table 1 : explain SELECT k, c FROM sbtest1 WHERE k BETWEEN 5799430 AND 5799530
	Bitmap Heap Scan on sbtest1  (cost=5.49..413.31 rows=103 width=125)
	  Recheck Cond: ((k >= 5799430) AND (k <= 5799530))
	  ->  Bitmap Index Scan on k_1  (cost=0.00..5.46 rows=103 width=0)
	        Index Cond: ((k >= 5799430) AND (k <= 5799530))

table 2 : explain SELECT k, c FROM sbtest2 WHERE k BETWEEN 5799430 AND 5799530
	Bitmap Heap Scan on sbtest2  (cost=5.49..413.34 rows=103 width=125)
	  Recheck Cond: ((k >= 5799430) AND (k <= 5799530))
	  ->  Bitmap Index Scan on k_2  (cost=0.00..5.46 rows=103 width=0)
	        Index Cond: ((k >= 5799430) AND (k <= 5799530))

table 3 : explain SELECT k, c FROM sbtest3 WHERE k BETWEEN 5799430 AND 5799530
	Bitmap Heap Scan on sbtest3  (cost=5.46..401.45 rows=100 width=125)
	  Recheck Cond: ((k >= 5799430) AND (k <= 5799530))
	  ->  Bitmap Index Scan on k_3  (cost=0.00..5.43 rows=100 width=0)
	        Index Cond: ((k >= 5799430) AND (k <= 5799530))

table 4 : explain SELECT k, c FROM sbtest4 WHERE k BETWEEN 5799430 AND 5799530
	Bitmap Heap Scan on sbtest4  (cost=5.52..425.13 rows=106 width=125)
	  Recheck Cond: ((k >= 5799430) AND (k <= 5799530))
	  ->  Bitmap Index Scan on k_4  (cost=0.00..5.50 rows=106 width=0)
	        Index Cond: ((k >= 5799430) AND (k <= 5799530))

table 5 : explain SELECT k, c FROM sbtest5 WHERE k BETWEEN 5799430 AND 5799530
	Bitmap Heap Scan on sbtest5  (cost=5.47..405.45 rows=101 width=125)
	  Recheck Cond: ((k >= 5799430) AND (k <= 5799530))
	  ->  Bitmap Index Scan on k_5  (cost=0.00..5.44 rows=101 width=0)
	        Index Cond: ((k >= 5799430) AND (k <= 5799530))

table 6 : explain SELECT k, c FROM sbtest6 WHERE k BETWEEN 5799430 AND 5799530
	Bitmap Heap Scan on sbtest6  (cost=5.62..464.53 rows=116 width=125)
	  Recheck Cond: ((k >= 5799430) AND (k <= 5799530))
	  ->  Bitmap Index Scan on k_6  (cost=0.00..5.59 rows=116 width=0)
	        Index Cond: ((k >= 5799430) AND (k <= 5799530))

table 7 : explain SELECT k, c FROM sbtest7 WHERE k BETWEEN 5799430 AND 5799530
	Bitmap Heap Scan on sbtest7  (cost=5.45..397.54 rows=99 width=125)
	  Recheck Cond: ((k >= 5799430) AND (k <= 5799530))
	  ->  Bitmap Index Scan on k_7  (cost=0.00..5.42 rows=99 width=0)
	        Index Cond: ((k >= 5799430) AND (k <= 5799530))

table 8 : explain SELECT k, c FROM sbtest8 WHERE k BETWEEN 5799430 AND 5799530
	Bitmap Heap Scan on sbtest8  (cost=5.50..417.26 rows=104 width=125)
	  Recheck Cond: ((k >= 5799430) AND (k <= 5799530))
	  ->  Bitmap Index Scan on k_8  (cost=0.00..5.47 rows=104 width=0)
	        Index Cond: ((k >= 5799430) AND (k <= 5799530))

explain: for range-notcovered :: explain SELECT k, c FROM sbtest%d WHERE k BETWEEN 6944435 AND 6944535
explain: for range-notcovered :: explain SELECT k, c FROM sbtest%d WHERE k BETWEEN 5799430 AND 5799530
for range-notcovered
table 1 : explain SELECT k, c FROM sbtest1 WHERE k BETWEEN 7687964 AND 7688064
	Bitmap Heap Scan on sbtest1  (cost=5.53..429.07 rows=107 width=125)
	  Recheck Cond: ((k >= 7687964) AND (k <= 7688064))
	  ->  Bitmap Index Scan on k_1  (cost=0.00..5.50 rows=107 width=0)
	        Index Cond: ((k >= 7687964) AND (k <= 7688064))

table 2 : explain SELECT k, c FROM sbtest2 WHERE k BETWEEN 7687964 AND 7688064
	Bitmap Heap Scan on sbtest2  (cost=5.58..448.80 rows=112 width=125)
	  Recheck Cond: ((k >= 7687964) AND (k <= 7688064))
	  ->  Bitmap Index Scan on k_2  (cost=0.00..5.55 rows=112 width=0)
	        Index Cond: ((k >= 7687964) AND (k <= 7688064))

table 3 : explain SELECT k, c FROM sbtest3 WHERE k BETWEEN 7687964 AND 7688064
	Bitmap Heap Scan on sbtest3  (cost=5.48..409.34 rows=102 width=125)
	  Recheck Cond: ((k >= 7687964) AND (k <= 7688064))
	  ->  Bitmap Index Scan on k_3  (cost=0.00..5.45 rows=102 width=0)
	        Index Cond: ((k >= 7687964) AND (k <= 7688064))

table 4 : explain SELECT k, c FROM sbtest4 WHERE k BETWEEN 7687964 AND 7688064
	Bitmap Heap Scan on sbtest4  (cost=5.50..417.25 rows=104 width=125)
	  Recheck Cond: ((k >= 7687964) AND (k <= 7688064))
	  ->  Bitmap Index Scan on k_4  (cost=0.00..5.47 rows=104 width=0)
	        Index Cond: ((k >= 7687964) AND (k <= 7688064))

table 5 : explain SELECT k, c FROM sbtest5 WHERE k BETWEEN 7687964 AND 7688064
	Bitmap Heap Scan on sbtest5  (cost=5.68..484.24 rows=121 width=125)
	  Recheck Cond: ((k >= 7687964) AND (k <= 7688064))
	  ->  Bitmap Index Scan on k_5  (cost=0.00..5.64 rows=121 width=0)
	        Index Cond: ((k >= 7687964) AND (k <= 7688064))

table 6 : explain SELECT k, c FROM sbtest6 WHERE k BETWEEN 7687964 AND 7688064
	Bitmap Heap Scan on sbtest6  (cost=5.50..417.26 rows=104 width=125)
	  Recheck Cond: ((k >= 7687964) AND (k <= 7688064))
	  ->  Bitmap Index Scan on k_6  (cost=0.00..5.47 rows=104 width=0)
	        Index Cond: ((k >= 7687964) AND (k <= 7688064))

table 7 : explain SELECT k, c FROM sbtest7 WHERE k BETWEEN 7687964 AND 7688064
	Bitmap Heap Scan on sbtest7  (cost=5.47..405.43 rows=101 width=125)
	  Recheck Cond: ((k >= 7687964) AND (k <= 7688064))
	  ->  Bitmap Index Scan on k_7  (cost=0.00..5.44 rows=101 width=0)
	        Index Cond: ((k >= 7687964) AND (k <= 7688064))

table 8 : explain SELECT k, c FROM sbtest8 WHERE k BETWEEN 7687964 AND 7688064
	Bitmap Heap Scan on sbtest8  (cost=5.48..409.38 rows=102 width=125)
	  Recheck Cond: ((k >= 7687964) AND (k <= 7688064))
	  ->  Bitmap Index Scan on k_8  (cost=0.00..5.45 rows=102 width=0)
	        Index Cond: ((k >= 7687964) AND (k <= 7688064))

explain: for range-notcovered :: explain SELECT k, c FROM sbtest%d WHERE k BETWEEN 7488677 AND 7488777
for range-notcovered
table 1 : explain SELECT k, c FROM sbtest1 WHERE k BETWEEN 3763505 AND 3763605
	Bitmap Heap Scan on sbtest1  (cost=5.46..401.48 rows=100 width=125)
	  Recheck Cond: ((k >= 3763505) AND (k <= 3763605))
	  ->  Bitmap Index Scan on k_1  (cost=0.00..5.43 rows=100 width=0)
	        Index Cond: ((k >= 3763505) AND (k <= 3763605))

table 2 : explain SELECT k, c FROM sbtest2 WHERE k BETWEEN 3763505 AND 3763605
	Bitmap Heap Scan on sbtest2  (cost=5.46..401.51 rows=100 width=125)
	  Recheck Cond: ((k >= 3763505) AND (k <= 3763605))
	  ->  Bitmap Index Scan on k_2  (cost=0.00..5.43 rows=100 width=0)
	        Index Cond: ((k >= 3763505) AND (k <= 3763605))

table 3 : explain SELECT k, c FROM sbtest3 WHERE k BETWEEN 3763505 AND 3763605
	Bitmap Heap Scan on sbtest3  (cost=5.55..436.92 rows=109 width=125)
	  Recheck Cond: ((k >= 3763505) AND (k <= 3763605))
	  ->  Bitmap Index Scan on k_3  (cost=0.00..5.52 rows=109 width=0)
	        Index Cond: ((k >= 3763505) AND (k <= 3763605))

table 4 : explain SELECT k, c FROM sbtest4 WHERE k BETWEEN 3763505 AND 3763605
	Bitmap Heap Scan on sbtest4  (cost=5.41..381.76 rows=95 width=125)
	  Recheck Cond: ((k >= 3763505) AND (k <= 3763605))
	  ->  Bitmap Index Scan on k_4  (cost=0.00..5.38 rows=95 width=0)
	        Index Cond: ((k >= 3763505) AND (k <= 3763605))

table 5 : explain SELECT k, c FROM sbtest5 WHERE k BETWEEN 3763505 AND 3763605
	Bitmap Heap Scan on sbtest5  (cost=5.54..433.05 rows=108 width=125)
	  Recheck Cond: ((k >= 3763505) AND (k <= 3763605))
	  ->  Bitmap Index Scan on k_5  (cost=0.00..5.51 rows=108 width=0)
	        Index Cond: ((k >= 3763505) AND (k <= 3763605))

table 6 : explain SELECT k, c FROM sbtest6 WHERE k BETWEEN 3763505 AND 3763605
	Bitmap Heap Scan on sbtest6  (cost=5.50..417.26 rows=104 width=125)
	  Recheck Cond: ((k >= 3763505) AND (k <= 3763605))
	  ->  Bitmap Index Scan on k_6  (cost=0.00..5.47 rows=104 width=0)
	        Index Cond: ((k >= 3763505) AND (k <= 3763605))

table 7 : explain SELECT k, c FROM sbtest7 WHERE k BETWEEN 3763505 AND 3763605
	Bitmap Heap Scan on sbtest7  (cost=5.44..393.60 rows=98 width=125)
	  Recheck Cond: ((k >= 3763505) AND (k <= 3763605))
	  ->  Bitmap Index Scan on k_7  (cost=0.00..5.42 rows=98 width=0)
	        Index Cond: ((k >= 3763505) AND (k <= 3763605))

table 8 : explain SELECT k, c FROM sbtest8 WHERE k BETWEEN 3763505 AND 3763605
	Bitmap Heap Scan on sbtest8  (cost=5.44..393.61 rows=98 width=125)
	  Recheck Cond: ((k >= 3763505) AND (k <= 3763605))
	  ->  Bitmap Index Scan on k_8  (cost=0.00..5.42 rows=98 width=0)
	        Index Cond: ((k >= 3763505) AND (k <= 3763605))

for range-notcovered
table 1 : explain SELECT k, c FROM sbtest1 WHERE k BETWEEN 7490797 AND 7490897
	Bitmap Heap Scan on sbtest1  (cost=5.44..393.59 rows=98 width=125)
	  Recheck Cond: ((k >= 7490797) AND (k <= 7490897))
	  ->  Bitmap Index Scan on k_1  (cost=0.00..5.42 rows=98 width=0)
	        Index Cond: ((k >= 7490797) AND (k <= 7490897))

table 2 : explain SELECT k, c FROM sbtest2 WHERE k BETWEEN 7490797 AND 7490897
	Bitmap Heap Scan on sbtest2  (cost=5.46..401.51 rows=100 width=125)
	  Recheck Cond: ((k >= 7490797) AND (k <= 7490897))
	  ->  Bitmap Index Scan on k_2  (cost=0.00..5.43 rows=100 width=0)
	        Index Cond: ((k >= 7490797) AND (k <= 7490897))

table 3 : explain SELECT k, c FROM sbtest3 WHERE k BETWEEN 7490797 AND 7490897
	Bitmap Heap Scan on sbtest3  (cost=5.54..432.98 rows=108 width=125)
	  Recheck Cond: ((k >= 7490797) AND (k <= 7490897))
	  ->  Bitmap Index Scan on k_3  (cost=0.00..5.51 rows=108 width=0)
	        Index Cond: ((k >= 7490797) AND (k <= 7490897))

table 4 : explain SELECT k, c FROM sbtest4 WHERE k BETWEEN 7490797 AND 7490897
	Bitmap Heap Scan on sbtest4  (cost=5.44..393.59 rows=98 width=125)
	  Recheck Cond: ((k >= 7490797) AND (k <= 7490897))
	  ->  Bitmap Index Scan on k_4  (cost=0.00..5.42 rows=98 width=0)
	        Index Cond: ((k >= 7490797) AND (k <= 7490897))

table 5 : explain SELECT k, c FROM sbtest5 WHERE k BETWEEN 7490797 AND 7490897
	Bitmap Heap Scan on sbtest5  (cost=5.35..358.11 rows=89 width=125)
	  Recheck Cond: ((k >= 7490797) AND (k <= 7490897))
	  ->  Bitmap Index Scan on k_5  (cost=0.00..5.32 rows=89 width=0)
	        Index Cond: ((k >= 7490797) AND (k <= 7490897))

table 6 : explain SELECT k, c FROM sbtest6 WHERE k BETWEEN 7490797 AND 7490897
	Bitmap Heap Scan on sbtest6  (cost=5.49..413.31 rows=103 width=125)
	  Recheck Cond: ((k >= 7490797) AND (k <= 7490897))
	  ->  Bitmap Index Scan on k_6  (cost=0.00..5.46 rows=103 width=0)
	        Index Cond: ((k >= 7490797) AND (k <= 7490897))

table 7 : explain SELECT k, c FROM sbtest7 WHERE k BETWEEN 7490797 AND 7490897
	Bitmap Heap Scan on sbtest7  (cost=5.42..385.71 rows=96 width=125)
	  Recheck Cond: ((k >= 7490797) AND (k <= 7490897))
	  ->  Bitmap Index Scan on k_7  (cost=0.00..5.39 rows=96 width=0)
	        Index Cond: ((k >= 7490797) AND (k <= 7490897))

table 8 : explain SELECT k, c FROM sbtest8 WHERE k BETWEEN 7490797 AND 7490897
	Bitmap Heap Scan on sbtest8  (cost=5.47..405.44 rows=101 width=125)
	  Recheck Cond: ((k >= 7490797) AND (k <= 7490897))
	  ->  Bitmap Index Scan on k_8  (cost=0.00..5.44 rows=101 width=0)
	        Index Cond: ((k >= 7490797) AND (k <= 7490897))
for range-notcovered
table 1 : explain SELECT k, c FROM sbtest1 WHERE k BETWEEN 4875382 AND 4875482
	Bitmap Heap Scan on sbtest1  (cost=5.58..448.77 rows=112 width=125)
	  Recheck Cond: ((k >= 4875382) AND (k <= 4875482))
	  ->  Bitmap Index Scan on k_1  (cost=0.00..5.55 rows=112 width=0)
	        Index Cond: ((k >= 4875382) AND (k <= 4875482))

table 2 : explain SELECT k, c FROM sbtest2 WHERE k BETWEEN 4875382 AND 4875482
	Bitmap Heap Scan on sbtest2  (cost=5.45..397.57 rows=99 width=125)
	  Recheck Cond: ((k >= 4875382) AND (k <= 4875482))
	  ->  Bitmap Index Scan on k_2  (cost=0.00..5.42 rows=99 width=0)
	        Index Cond: ((k >= 4875382) AND (k <= 4875482))

table 3 : explain SELECT k, c FROM sbtest3 WHERE k BETWEEN 4875382 AND 4875482
	Bitmap Heap Scan on sbtest3  (cost=5.43..389.62 rows=97 width=125)
	  Recheck Cond: ((k >= 4875382) AND (k <= 4875482))
	  ->  Bitmap Index Scan on k_3  (cost=0.00..5.40 rows=97 width=0)
	        Index Cond: ((k >= 4875382) AND (k <= 4875482))

table 4 : explain SELECT k, c FROM sbtest4 WHERE k BETWEEN 4875382 AND 4875482
	Bitmap Heap Scan on sbtest4  (cost=5.44..393.59 rows=98 width=125)
	  Recheck Cond: ((k >= 4875382) AND (k <= 4875482))
	  ->  Bitmap Index Scan on k_4  (cost=0.00..5.42 rows=98 width=0)
	        Index Cond: ((k >= 4875382) AND (k <= 4875482))

table 5 : explain SELECT k, c FROM sbtest5 WHERE k BETWEEN 4875382 AND 4875482
	Bitmap Heap Scan on sbtest5  (cost=5.47..405.45 rows=101 width=125)
	  Recheck Cond: ((k >= 4875382) AND (k <= 4875482))
	  ->  Bitmap Index Scan on k_5  (cost=0.00..5.44 rows=101 width=0)
	        Index Cond: ((k >= 4875382) AND (k <= 4875482))

table 6 : explain SELECT k, c FROM sbtest6 WHERE k BETWEEN 4875382 AND 4875482
	Bitmap Heap Scan on sbtest6  (cost=5.45..397.54 rows=99 width=125)
	  Recheck Cond: ((k >= 4875382) AND (k <= 4875482))
	  ->  Bitmap Index Scan on k_6  (cost=0.00..5.42 rows=99 width=0)
	        Index Cond: ((k >= 4875382) AND (k <= 4875482))

table 7 : explain SELECT k, c FROM sbtest7 WHERE k BETWEEN 4875382 AND 4875482
	Bitmap Heap Scan on sbtest7  (cost=5.47..405.43 rows=101 width=125)
	  Recheck Cond: ((k >= 4875382) AND (k <= 4875482))
	  ->  Bitmap Index Scan on k_7  (cost=0.00..5.44 rows=101 width=0)
	        Index Cond: ((k >= 4875382) AND (k <= 4875482))

table 8 : explain SELECT k, c FROM sbtest8 WHERE k BETWEEN 4875382 AND 4875482
	Bitmap Heap Scan on sbtest8  (cost=5.39..373.88 rows=93 width=125)
	  Recheck Cond: ((k >= 4875382) AND (k <= 4875482))
	  ->  Bitmap Index Scan on k_8  (cost=0.00..5.36 rows=93 width=0)
	        Index Cond: ((k >= 4875382) AND (k <= 4875482))


explain: for range-notcovered :: explain SELECT k, c FROM sbtest%d WHERE k BETWEEN 7687964 AND 7688064
for range-notcovered
table 1 : explain SELECT k, c FROM sbtest1 WHERE k BETWEEN 6128050 AND 6128150
	Bitmap Heap Scan on sbtest1  (cost=5.43..389.65 rows=97 width=125)
	  Recheck Cond: ((k >= 6128050) AND (k <= 6128150))
	  ->  Bitmap Index Scan on k_1  (cost=0.00..5.40 rows=97 width=0)
	        Index Cond: ((k >= 6128050) AND (k <= 6128150))

table 2 : explain SELECT k, c FROM sbtest2 WHERE k BETWEEN 6128050 AND 6128150
	Bitmap Heap Scan on sbtest2  (cost=5.52..425.16 rows=106 width=125)
	  Recheck Cond: ((k >= 6128050) AND (k <= 6128150))
	  ->  Bitmap Index Scan on k_2  (cost=0.00..5.50 rows=106 width=0)
	        Index Cond: ((k >= 6128050) AND (k <= 6128150))

table 3 : explain SELECT k, c FROM sbtest3 WHERE k BETWEEN 6128050 AND 6128150
	Bitmap Heap Scan on sbtest3  (cost=5.49..413.28 rows=103 width=125)
	  Recheck Cond: ((k >= 6128050) AND (k <= 6128150))
	  ->  Bitmap Index Scan on k_3  (cost=0.00..5.46 rows=103 width=0)
	        Index Cond: ((k >= 6128050) AND (k <= 6128150))

table 4 : explain SELECT k, c FROM sbtest4 WHERE k BETWEEN 6128050 AND 6128150
	Bitmap Heap Scan on sbtest4  (cost=5.53..429.07 rows=107 width=125)
	  Recheck Cond: ((k >= 6128050) AND (k <= 6128150))
	  ->  Bitmap Index Scan on k_4  (cost=0.00..5.50 rows=107 width=0)
	        Index Cond: ((k >= 6128050) AND (k <= 6128150))

table 5 : explain SELECT k, c FROM sbtest5 WHERE k BETWEEN 6128050 AND 6128150
	Bitmap Heap Scan on sbtest5  (cost=5.47..405.45 rows=101 width=125)
	  Recheck Cond: ((k >= 6128050) AND (k <= 6128150))
	  ->  Bitmap Index Scan on k_5  (cost=0.00..5.44 rows=101 width=0)
	        Index Cond: ((k >= 6128050) AND (k <= 6128150))

table 6 : explain SELECT k, c FROM sbtest6 WHERE k BETWEEN 6128050 AND 6128150
	Bitmap Heap Scan on sbtest6  (cost=5.54..433.02 rows=108 width=125)
	  Recheck Cond: ((k >= 6128050) AND (k <= 6128150))
	  ->  Bitmap Index Scan on k_6  (cost=0.00..5.51 rows=108 width=0)
	        Index Cond: ((k >= 6128050) AND (k <= 6128150))

table 7 : explain SELECT k, c FROM sbtest7 WHERE k BETWEEN 6128050 AND 6128150
	Bitmap Heap Scan on sbtest7  (cost=5.44..393.60 rows=98 width=125)
	  Recheck Cond: ((k >= 6128050) AND (k <= 6128150))
	  ->  Bitmap Index Scan on k_7  (cost=0.00..5.42 rows=98 width=0)
	        Index Cond: ((k >= 6128050) AND (k <= 6128150))

table 8 : explain SELECT k, c FROM sbtest8 WHERE k BETWEEN 6128050 AND 6128150
	Bitmap Heap Scan on sbtest8  (cost=5.43..389.66 rows=97 width=125)
	  Recheck Cond: ((k >= 6128050) AND (k <= 6128150))
	  ->  Bitmap Index Scan on k_8  (cost=0.00..5.40 rows=97 width=0)
	        Index Cond: ((k >= 6128050) AND (k <= 6128150))

for range-notcovered
table 1 : explain SELECT k, c FROM sbtest1 WHERE k BETWEEN 1575884 AND 1575984
	Bitmap Heap Scan on sbtest1  (cost=5.47..405.42 rows=101 width=125)
	  Recheck Cond: ((k >= 1575884) AND (k <= 1575984))
	  ->  Bitmap Index Scan on k_1  (cost=0.00..5.44 rows=101 width=0)
	        Index Cond: ((k >= 1575884) AND (k <= 1575984))

table 2 : explain SELECT k, c FROM sbtest2 WHERE k BETWEEN 1575884 AND 1575984
	Bitmap Heap Scan on sbtest2  (cost=5.41..381.79 rows=95 width=125)
	  Recheck Cond: ((k >= 1575884) AND (k <= 1575984))
	  ->  Bitmap Index Scan on k_2  (cost=0.00..5.38 rows=95 width=0)
	        Index Cond: ((k >= 1575884) AND (k <= 1575984))

table 3 : explain SELECT k, c FROM sbtest3 WHERE k BETWEEN 1575884 AND 1575984
	Bitmap Heap Scan on sbtest3  (cost=5.50..417.22 rows=104 width=125)
	  Recheck Cond: ((k >= 1575884) AND (k <= 1575984))
	  ->  Bitmap Index Scan on k_3  (cost=0.00..5.47 rows=104 width=0)
	        Index Cond: ((k >= 1575884) AND (k <= 1575984))

table 4 : explain SELECT k, c FROM sbtest4 WHERE k BETWEEN 1575884 AND 1575984
	Bitmap Heap Scan on sbtest4  (cost=5.43..389.65 rows=97 width=125)
	  Recheck Cond: ((k >= 1575884) AND (k <= 1575984))
	  ->  Bitmap Index Scan on k_4  (cost=0.00..5.40 rows=97 width=0)
	        Index Cond: ((k >= 1575884) AND (k <= 1575984))

table 5 : explain SELECT k, c FROM sbtest5 WHERE k BETWEEN 1575884 AND 1575984
	Bitmap Heap Scan on sbtest5  (cost=5.52..425.16 rows=106 width=125)
	  Recheck Cond: ((k >= 1575884) AND (k <= 1575984))
	  ->  Bitmap Index Scan on k_5  (cost=0.00..5.50 rows=106 width=0)
	        Index Cond: ((k >= 1575884) AND (k <= 1575984))

table 6 : explain SELECT k, c FROM sbtest6 WHERE k BETWEEN 1575884 AND 1575984
	Bitmap Heap Scan on sbtest6  (cost=5.55..436.96 rows=109 width=125)
	  Recheck Cond: ((k >= 1575884) AND (k <= 1575984))
	  ->  Bitmap Index Scan on k_6  (cost=0.00..5.52 rows=109 width=0)
	        Index Cond: ((k >= 1575884) AND (k <= 1575984))

table 7 : explain SELECT k, c FROM sbtest7 WHERE k BETWEEN 1575884 AND 1575984
	Bitmap Heap Scan on sbtest7  (cost=5.63..468.46 rows=117 width=125)
	  Recheck Cond: ((k >= 1575884) AND (k <= 1575984))
	  ->  Bitmap Index Scan on k_7  (cost=0.00..5.60 rows=117 width=0)
	        Index Cond: ((k >= 1575884) AND (k <= 1575984))

table 8 : explain SELECT k, c FROM sbtest8 WHERE k BETWEEN 1575884 AND 1575984
	Bitmap Heap Scan on sbtest8  (cost=5.40..377.83 rows=94 width=125)
	  Recheck Cond: ((k >= 1575884) AND (k <= 1575984))
	  ->  Bitmap Index Scan on k_8  (cost=0.00..5.38 rows=94 width=0)
	        Index Cond: ((k >= 1575884) AND (k <= 1575984))

explain: for range-notcovered :: explain SELECT k, c FROM sbtest%d WHERE k BETWEEN 4875382 AND 4875482
explain: for range-notcovered :: explain SELECT k, c FROM sbtest%d WHERE k BETWEEN 4815064 AND 4815164explain: for range-notcovered :: explain SELECT k, c FROM sbtest%d WHERE k BETWEEN 7490797 AND 7490897explain: for range-notcovered :: explain SELECT k, c FROM sbtest%d WHERE k BETWEEN 3763505 AND 3763605
explain: for range-notcovered :: explain SELECT k, c FROM sbtest%d WHERE k BETWEEN 6997775 AND 6997875for range-notcovered
table 1 : explain SELECT k, c FROM sbtest1 WHERE k BETWEEN 8146709 AND 8146809
	Bitmap Heap Scan on sbtest1  (cost=5.44..393.59 rows=98 width=125)
	  Recheck Cond: ((k >= 8146709) AND (k <= 8146809))
	  ->  Bitmap Index Scan on k_1  (cost=0.00..5.42 rows=98 width=0)
	        Index Cond: ((k >= 8146709) AND (k <= 8146809))

table 2 : explain SELECT k, c FROM sbtest2 WHERE k BETWEEN 8146709 AND 8146809
	Bitmap Heap Scan on sbtest2  (cost=5.46..401.51 rows=100 width=125)
	  Recheck Cond: ((k >= 8146709) AND (k <= 8146809))
	  ->  Bitmap Index Scan on k_2  (cost=0.00..5.43 rows=100 width=0)
	        Index Cond: ((k >= 8146709) AND (k <= 8146809))

table 3 : explain SELECT k, c FROM sbtest3 WHERE k BETWEEN 8146709 AND 8146809
	Bitmap Heap Scan on sbtest3  (cost=5.48..409.34 rows=102 width=125)
	  Recheck Cond: ((k >= 8146709) AND (k <= 8146809))
	  ->  Bitmap Index Scan on k_3  (cost=0.00..5.45 rows=102 width=0)
	        Index Cond: ((k >= 8146709) AND (k <= 8146809))

table 4 : explain SELECT k, c FROM sbtest4 WHERE k BETWEEN 8146709 AND 8146809
	Bitmap Heap Scan on sbtest4  (cost=5.50..417.25 rows=104 width=125)
	  Recheck Cond: ((k >= 8146709) AND (k <= 8146809))
	  ->  Bitmap Index Scan on k_4  (cost=0.00..5.47 rows=104 width=0)
	        Index Cond: ((k >= 8146709) AND (k <= 8146809))

table 5 : explain SELECT k, c FROM sbtest5 WHERE k BETWEEN 8146709 AND 8146809
	Bitmap Heap Scan on sbtest5  (cost=5.54..433.05 rows=108 width=125)
	  Recheck Cond: ((k >= 8146709) AND (k <= 8146809))
	  ->  Bitmap Index Scan on k_5  (cost=0.00..5.51 rows=108 width=0)
	        Index Cond: ((k >= 8146709) AND (k <= 8146809))

table 6 : explain SELECT k, c FROM sbtest6 WHERE k BETWEEN 8146709 AND 8146809
	Bitmap Heap Scan on sbtest6  (cost=5.41..381.77 rows=95 width=125)
	  Recheck Cond: ((k >= 8146709) AND (k <= 8146809))
	  ->  Bitmap Index Scan on k_6  (cost=0.00..5.38 rows=95 width=0)
	        Index Cond: ((k >= 8146709) AND (k <= 8146809))

table 7 : explain SELECT k, c FROM sbtest7 WHERE k BETWEEN 8146709 AND 8146809
	Bitmap Heap Scan on sbtest7  (cost=5.52..425.14 rows=106 width=125)
	  Recheck Cond: ((k >= 8146709) AND (k <= 8146809))
	  ->  Bitmap Index Scan on k_7  (cost=0.00..5.50 rows=106 width=0)
	        Index Cond: ((k >= 8146709) AND (k <= 8146809))

table 8 : explain SELECT k, c FROM sbtest8 WHERE k BETWEEN 8146709 AND 8146809
	Bitmap Heap Scan on sbtest8  (cost=5.57..444.85 rows=111 width=125)
	  Recheck Cond: ((k >= 8146709) AND (k <= 8146809))
	  ->  Bitmap Index Scan on k_8  (cost=0.00..5.54 rows=111 width=0)
	        Index Cond: ((k >= 8146709) AND (k <= 8146809))

for range-notcovered
table 1 : explain SELECT k, c FROM sbtest1 WHERE k BETWEEN 1868326 AND 1868426
	Bitmap Heap Scan on sbtest1  (cost=5.42..385.71 rows=96 width=125)
	  Recheck Cond: ((k >= 1868326) AND (k <= 1868426))
	  ->  Bitmap Index Scan on k_1  (cost=0.00..5.39 rows=96 width=0)
	        Index Cond: ((k >= 1868326) AND (k <= 1868426))

table 2 : explain SELECT k, c FROM sbtest2 WHERE k BETWEEN 1868326 AND 1868426
	Bitmap Heap Scan on sbtest2  (cost=5.49..413.34 rows=103 width=125)
	  Recheck Cond: ((k >= 1868326) AND (k <= 1868426))
	  ->  Bitmap Index Scan on k_2  (cost=0.00..5.46 rows=103 width=0)
	        Index Cond: ((k >= 1868326) AND (k <= 1868426))

table 3 : explain SELECT k, c FROM sbtest3 WHERE k BETWEEN 1868326 AND 1868426
	Bitmap Heap Scan on sbtest3  (cost=5.50..417.22 rows=104 width=125)
	  Recheck Cond: ((k >= 1868326) AND (k <= 1868426))
	  ->  Bitmap Index Scan on k_3  (cost=0.00..5.47 rows=104 width=0)
	        Index Cond: ((k >= 1868326) AND (k <= 1868426))

table 4 : explain SELECT k, c FROM sbtest4 WHERE k BETWEEN 1868326 AND 1868426
	Bitmap Heap Scan on sbtest4  (cost=5.42..385.70 rows=96 width=125)
	  Recheck Cond: ((k >= 1868326) AND (k <= 1868426))
	  ->  Bitmap Index Scan on k_4  (cost=0.00..5.39 rows=96 width=0)
	        Index Cond: ((k >= 1868326) AND (k <= 1868426))

table 5 : explain SELECT k, c FROM sbtest5 WHERE k BETWEEN 1868326 AND 1868426
	Bitmap Heap Scan on sbtest5  (cost=5.51..421.22 rows=105 width=125)
	  Recheck Cond: ((k >= 1868326) AND (k <= 1868426))
	  ->  Bitmap Index Scan on k_5  (cost=0.00..5.48 rows=105 width=0)
	        Index Cond: ((k >= 1868326) AND (k <= 1868426))

table 6 : explain SELECT k, c FROM sbtest6 WHERE k BETWEEN 1868326 AND 1868426
	Bitmap Heap Scan on sbtest6  (cost=5.47..405.43 rows=101 width=125)
	  Recheck Cond: ((k >= 1868326) AND (k <= 1868426))
	  ->  Bitmap Index Scan on k_6  (cost=0.00..5.44 rows=101 width=0)
	        Index Cond: ((k >= 1868326) AND (k <= 1868426))

table 7 : explain SELECT k, c FROM sbtest7 WHERE k BETWEEN 1868326 AND 1868426
	Bitmap Heap Scan on sbtest7  (cost=5.45..397.54 rows=99 width=125)
	  Recheck Cond: ((k >= 1868326) AND (k <= 1868426))
	  ->  Bitmap Index Scan on k_7  (cost=0.00..5.42 rows=99 width=0)
	        Index Cond: ((k >= 1868326) AND (k <= 1868426))

table 8 : explain SELECT k, c FROM sbtest8 WHERE k BETWEEN 1868326 AND 1868426
	Bitmap Heap Scan on sbtest8  (cost=5.52..425.15 rows=106 width=125)
	  Recheck Cond: ((k >= 1868326) AND (k <= 1868426))
	  ->  Bitmap Index Scan on k_8  (cost=0.00..5.50 rows=106 width=0)
	        Index Cond: ((k >= 1868326) AND (k <= 1868426))

for range-notcovered
table 1 : explain SELECT k, c FROM sbtest1 WHERE k BETWEEN 1458180 AND 1458280
	Bitmap Heap Scan on sbtest1  (cost=5.48..409.37 rows=102 width=125)
	  Recheck Cond: ((k >= 1458180) AND (k <= 1458280))
	  ->  Bitmap Index Scan on k_1  (cost=0.00..5.45 rows=102 width=0)
	        Index Cond: ((k >= 1458180) AND (k <= 1458280))

table 2 : explain SELECT k, c FROM sbtest2 WHERE k BETWEEN 1458180 AND 1458280
	Bitmap Heap Scan on sbtest2  (cost=5.51..421.22 rows=105 width=125)
	  Recheck Cond: ((k >= 1458180) AND (k <= 1458280))
	  ->  Bitmap Index Scan on k_2  (cost=0.00..5.48 rows=105 width=0)
	        Index Cond: ((k >= 1458180) AND (k <= 1458280))

table 3 : explain SELECT k, c FROM sbtest3 WHERE k BETWEEN 1458180 AND 1458280
	Bitmap Heap Scan on sbtest3  (cost=5.50..417.22 rows=104 width=125)
	  Recheck Cond: ((k >= 1458180) AND (k <= 1458280))
	  ->  Bitmap Index Scan on k_3  (cost=0.00..5.47 rows=104 width=0)
	        Index Cond: ((k >= 1458180) AND (k <= 1458280))

table 4 : explain SELECT k, c FROM sbtest4 WHERE k BETWEEN 1458180 AND 1458280
	Bitmap Heap Scan on sbtest4  (cost=5.52..425.13 rows=106 width=125)
	  Recheck Cond: ((k >= 1458180) AND (k <= 1458280))
	  ->  Bitmap Index Scan on k_4  (cost=0.00..5.50 rows=106 width=0)
	        Index Cond: ((k >= 1458180) AND (k <= 1458280))

table 5 : explain SELECT k, c FROM sbtest5 WHERE k BETWEEN 1458180 AND 1458280
	Bitmap Heap Scan on sbtest5  (cost=5.51..421.22 rows=105 width=125)
	  Recheck Cond: ((k >= 1458180) AND (k <= 1458280))
	  ->  Bitmap Index Scan on k_5  (cost=0.00..5.48 rows=105 width=0)
	        Index Cond: ((k >= 1458180) AND (k <= 1458280))

table 6 : explain SELECT k, c FROM sbtest6 WHERE k BETWEEN 1458180 AND 1458280
	Bitmap Heap Scan on sbtest6  (cost=5.45..397.54 rows=99 width=125)
	  Recheck Cond: ((k >= 1458180) AND (k <= 1458280))
	  ->  Bitmap Index Scan on k_6  (cost=0.00..5.42 rows=99 width=0)
	        Index Cond: ((k >= 1458180) AND (k <= 1458280))

table 7 : explain SELECT k, c FROM sbtest7 WHERE k BETWEEN 1458180 AND 1458280
	Bitmap Heap Scan on sbtest7  (cost=5.53..429.08 rows=107 width=125)
	  Recheck Cond: ((k >= 1458180) AND (k <= 1458280))
	  ->  Bitmap Index Scan on k_7  (cost=0.00..5.50 rows=107 width=0)
	        Index Cond: ((k >= 1458180) AND (k <= 1458280))

table 8 : explain SELECT k, c FROM sbtest8 WHERE k BETWEEN 1458180 AND 1458280
	Bitmap Heap Scan on sbtest8  (cost=5.43..389.66 rows=97 width=125)
	  Recheck Cond: ((k >= 1458180) AND (k <= 1458280))
	  ->  Bitmap Index Scan on k_8  (cost=0.00..5.40 rows=97 width=0)
	        Index Cond: ((k >= 1458180) AND (k <= 1458280))

for range-notcovered
table 1 : explain SELECT k, c FROM sbtest1 WHERE k BETWEEN 2748161 AND 2748261
	Bitmap Heap Scan on sbtest1  (cost=5.43..389.65 rows=97 width=125)
	  Recheck Cond: ((k >= 2748161) AND (k <= 2748261))
	  ->  Bitmap Index Scan on k_1  (cost=0.00..5.40 rows=97 width=0)
	        Index Cond: ((k >= 2748161) AND (k <= 2748261))

table 2 : explain SELECT k, c FROM sbtest2 WHERE k BETWEEN 2748161 AND 2748261
	Bitmap Heap Scan on sbtest2  (cost=5.53..429.10 rows=107 width=125)
	  Recheck Cond: ((k >= 2748161) AND (k <= 2748261))
	  ->  Bitmap Index Scan on k_2  (cost=0.00..5.50 rows=107 width=0)
	        Index Cond: ((k >= 2748161) AND (k <= 2748261))

table 3 : explain SELECT k, c FROM sbtest3 WHERE k BETWEEN 2748161 AND 2748261
	Bitmap Heap Scan on sbtest3  (cost=5.49..413.28 rows=103 width=125)
	  Recheck Cond: ((k >= 2748161) AND (k <= 2748261))
	  ->  Bitmap Index Scan on k_3  (cost=0.00..5.46 rows=103 width=0)
	        Index Cond: ((k >= 2748161) AND (k <= 2748261))

table 4 : explain SELECT k, c FROM sbtest4 WHERE k BETWEEN 2748161 AND 2748261
	Bitmap Heap Scan on sbtest4  (cost=5.42..385.70 rows=96 width=125)
	  Recheck Cond: ((k >= 2748161) AND (k <= 2748261))
	  ->  Bitmap Index Scan on k_4  (cost=0.00..5.39 rows=96 width=0)
	        Index Cond: ((k >= 2748161) AND (k <= 2748261))

table 5 : explain SELECT k, c FROM sbtest5 WHERE k BETWEEN 2748161 AND 2748261
	Bitmap Heap Scan on sbtest5  (cost=5.52..425.16 rows=106 width=125)
	  Recheck Cond: ((k >= 2748161) AND (k <= 2748261))
	  ->  Bitmap Index Scan on k_5  (cost=0.00..5.50 rows=106 width=0)
	        Index Cond: ((k >= 2748161) AND (k <= 2748261))

table 6 : explain SELECT k, c FROM sbtest6 WHERE k BETWEEN 2748161 AND 2748261
	Bitmap Heap Scan on sbtest6  (cost=5.46..401.49 rows=100 width=125)
	  Recheck Cond: ((k >= 2748161) AND (k <= 2748261))
	  ->  Bitmap Index Scan on k_6  (cost=0.00..5.43 rows=100 width=0)
	        Index Cond: ((k >= 2748161) AND (k <= 2748261))

table 7 : explain SELECT k, c FROM sbtest7 WHERE k BETWEEN 2748161 AND 2748261
	Bitmap Heap Scan on sbtest7  (cost=5.47..405.43 rows=101 width=125)
	  Recheck Cond: ((k >= 2748161) AND (k <= 2748261))
	  ->  Bitmap Index Scan on k_7  (cost=0.00..5.44 rows=101 width=0)
	        Index Cond: ((k >= 2748161) AND (k <= 2748261))

table 8 : explain SELECT k, c FROM sbtest8 WHERE k BETWEEN 2748161 AND 2748261
	Bitmap Heap Scan on sbtest8  (cost=5.59..452.72 rows=113 width=125)
	  Recheck Cond: ((k >= 2748161) AND (k <= 2748261))
	  ->  Bitmap Index Scan on k_8  (cost=0.00..5.56 rows=113 width=0)
	        Index Cond: ((k >= 2748161) AND (k <= 2748261))

explain: for range-notcovered :: explain SELECT k, c FROM sbtest%d WHERE k BETWEEN 1575884 AND 1575984

explain: for range-notcovered :: explain SELECT k, c FROM sbtest%d WHERE k BETWEEN 8146709 AND 8146809
explain: for range-notcovered :: explain SELECT k, c FROM sbtest%d WHERE k BETWEEN 6128050 AND 6128150for range-notcovered
table 1 : explain SELECT k, c FROM sbtest1 WHERE k BETWEEN 6924761 AND 6924861
	Bitmap Heap Scan on sbtest1  (cost=5.68..484.20 rows=121 width=125)
	  Recheck Cond: ((k >= 6924761) AND (k <= 6924861))
	  ->  Bitmap Index Scan on k_1  (cost=0.00..5.64 rows=121 width=0)
	        Index Cond: ((k >= 6924761) AND (k <= 6924861))

table 2 : explain SELECT k, c FROM sbtest2 WHERE k BETWEEN 6924761 AND 6924861
	Bitmap Heap Scan on sbtest2  (cost=5.52..425.16 rows=106 width=125)
	  Recheck Cond: ((k >= 6924761) AND (k <= 6924861))
	  ->  Bitmap Index Scan on k_2  (cost=0.00..5.50 rows=106 width=0)
	        Index Cond: ((k >= 6924761) AND (k <= 6924861))

table 3 : explain SELECT k, c FROM sbtest3 WHERE k BETWEEN 6924761 AND 6924861
	Bitmap Heap Scan on sbtest3  (cost=5.46..401.45 rows=100 width=125)
	  Recheck Cond: ((k >= 6924761) AND (k <= 6924861))
	  ->  Bitmap Index Scan on k_3  (cost=0.00..5.43 rows=100 width=0)
	        Index Cond: ((k >= 6924761) AND (k <= 6924861))

table 4 : explain SELECT k, c FROM sbtest4 WHERE k BETWEEN 6924761 AND 6924861
	Bitmap Heap Scan on sbtest4  (cost=5.50..417.25 rows=104 width=125)
	  Recheck Cond: ((k >= 6924761) AND (k <= 6924861))
	  ->  Bitmap Index Scan on k_4  (cost=0.00..5.47 rows=104 width=0)
	        Index Cond: ((k >= 6924761) AND (k <= 6924861))

table 5 : explain SELECT k, c FROM sbtest5 WHERE k BETWEEN 6924761 AND 6924861
	Bitmap Heap Scan on sbtest5  (cost=5.46..401.51 rows=100 width=125)
	  Recheck Cond: ((k >= 6924761) AND (k <= 6924861))
	  ->  Bitmap Index Scan on k_5  (cost=0.00..5.43 rows=100 width=0)
	        Index Cond: ((k >= 6924761) AND (k <= 6924861))

table 6 : explain SELECT k, c FROM sbtest6 WHERE k BETWEEN 6924761 AND 6924861
	Bitmap Heap Scan on sbtest6  (cost=5.46..401.49 rows=100 width=125)
	  Recheck Cond: ((k >= 6924761) AND (k <= 6924861))
	  ->  Bitmap Index Scan on k_6  (cost=0.00..5.43 rows=100 width=0)
	        Index Cond: ((k >= 6924761) AND (k <= 6924861))

table 7 : explain SELECT k, c FROM sbtest7 WHERE k BETWEEN 6924761 AND 6924861
	Bitmap Heap Scan on sbtest7  (cost=5.43..389.65 rows=97 width=125)
	  Recheck Cond: ((k >= 6924761) AND (k <= 6924861))
	  ->  Bitmap Index Scan on k_7  (cost=0.00..5.40 rows=97 width=0)
	        Index Cond: ((k >= 6924761) AND (k <= 6924861))

table 8 : explain SELECT k, c FROM sbtest8 WHERE k BETWEEN 6924761 AND 6924861
	Bitmap Heap Scan on sbtest8  (cost=5.55..436.97 rows=109 width=125)
	  Recheck Cond: ((k >= 6924761) AND (k <= 6924861))
	  ->  Bitmap Index Scan on k_8  (cost=0.00..5.52 rows=109 width=0)
	        Index Cond: ((k >= 6924761) AND (k <= 6924861))

for range-notcovered
table 1 : explain SELECT k, c FROM sbtest1 WHERE k BETWEEN 4829581 AND 4829681
	Bitmap Heap Scan on sbtest1  (cost=5.58..448.77 rows=112 width=125)
	  Recheck Cond: ((k >= 4829581) AND (k <= 4829681))
	  ->  Bitmap Index Scan on k_1  (cost=0.00..5.55 rows=112 width=0)
	        Index Cond: ((k >= 4829581) AND (k <= 4829681))

table 2 : explain SELECT k, c FROM sbtest2 WHERE k BETWEEN 4829581 AND 4829681
	Bitmap Heap Scan on sbtest2  (cost=5.45..397.57 rows=99 width=125)
	  Recheck Cond: ((k >= 4829581) AND (k <= 4829681))
	  ->  Bitmap Index Scan on k_2  (cost=0.00..5.42 rows=99 width=0)
	        Index Cond: ((k >= 4829581) AND (k <= 4829681))

table 3 : explain SELECT k, c FROM sbtest3 WHERE k BETWEEN 4829581 AND 4829681
	Bitmap Heap Scan on sbtest3  (cost=5.48..409.34 rows=102 width=125)
	  Recheck Cond: ((k >= 4829581) AND (k <= 4829681))
	  ->  Bitmap Index Scan on k_3  (cost=0.00..5.45 rows=102 width=0)
	        Index Cond: ((k >= 4829581) AND (k <= 4829681))

table 4 : explain SELECT k, c FROM sbtest4 WHERE k BETWEEN 4829581 AND 4829681
	Bitmap Heap Scan on sbtest4  (cost=5.43..389.65 rows=97 width=125)
	  Recheck Cond: ((k >= 4829581) AND (k <= 4829681))
	  ->  Bitmap Index Scan on k_4  (cost=0.00..5.40 rows=97 width=0)
	        Index Cond: ((k >= 4829581) AND (k <= 4829681))

table 5 : explain SELECT k, c FROM sbtest5 WHERE k BETWEEN 4829581 AND 4829681
	Bitmap Heap Scan on sbtest5  (cost=5.47..405.45 rows=101 width=125)
	  Recheck Cond: ((k >= 4829581) AND (k <= 4829681))
	  ->  Bitmap Index Scan on k_5  (cost=0.00..5.44 rows=101 width=0)
	        Index Cond: ((k >= 4829581) AND (k <= 4829681))

table 6 : explain SELECT k, c FROM sbtest6 WHERE k BETWEEN 4829581 AND 4829681
	Bitmap Heap Scan on sbtest6  (cost=5.45..397.54 rows=99 width=125)
	  Recheck Cond: ((k >= 4829581) AND (k <= 4829681))
	  ->  Bitmap Index Scan on k_6  (cost=0.00..5.42 rows=99 width=0)
	        Index Cond: ((k >= 4829581) AND (k <= 4829681))

table 7 : explain SELECT k, c FROM sbtest7 WHERE k BETWEEN 4829581 AND 4829681
	Bitmap Heap Scan on sbtest7  (cost=5.47..405.43 rows=101 width=125)
	  Recheck Cond: ((k >= 4829581) AND (k <= 4829681))
	  ->  Bitmap Index Scan on k_7  (cost=0.00..5.44 rows=101 width=0)
	        Index Cond: ((k >= 4829581) AND (k <= 4829681))

table 8 : explain SELECT k, c FROM sbtest8 WHERE k BETWEEN 4829581 AND 4829681
	Bitmap Heap Scan on sbtest8  (cost=5.46..401.49 rows=100 width=125)
	  Recheck Cond: ((k >= 4829581) AND (k <= 4829681))
	  ->  Bitmap Index Scan on k_8  (cost=0.00..5.43 rows=100 width=0)
	        Index Cond: ((k >= 4829581) AND (k <= 4829681))


explain: for range-notcovered :: explain SELECT k, c FROM sbtest%d WHERE k BETWEEN 1458180 AND 1458280

for range-notcovered
table 1 : explain SELECT k, c FROM sbtest1 WHERE k BETWEEN 1289756 AND 1289856
	Bitmap Heap Scan on sbtest1  (cost=5.55..436.95 rows=109 width=125)
	  Recheck Cond: ((k >= 1289756) AND (k <= 1289856))
	  ->  Bitmap Index Scan on k_1  (cost=0.00..5.52 rows=109 width=0)
	        Index Cond: ((k >= 1289756) AND (k <= 1289856))

table 2 : explain SELECT k, c FROM sbtest2 WHERE k BETWEEN 1289756 AND 1289856
	Bitmap Heap Scan on sbtest2  (cost=5.49..413.34 rows=103 width=125)
	  Recheck Cond: ((k >= 1289756) AND (k <= 1289856))
	  ->  Bitmap Index Scan on k_2  (cost=0.00..5.46 rows=103 width=0)
	        Index Cond: ((k >= 1289756) AND (k <= 1289856))

table 3 : explain SELECT k, c FROM sbtest3 WHERE k BETWEEN 1289756 AND 1289856
	Bitmap Heap Scan on sbtest3  (cost=5.56..440.86 rows=110 width=125)
	  Recheck Cond: ((k >= 1289756) AND (k <= 1289856))
	  ->  Bitmap Index Scan on k_3  (cost=0.00..5.53 rows=110 width=0)
	        Index Cond: ((k >= 1289756) AND (k <= 1289856))

table 4 : explain SELECT k, c FROM sbtest4 WHERE k BETWEEN 1289756 AND 1289856
	Bitmap Heap Scan on sbtest4  (cost=5.56..440.89 rows=110 width=125)
	  Recheck Cond: ((k >= 1289756) AND (k <= 1289856))
	  ->  Bitmap Index Scan on k_4  (cost=0.00..5.53 rows=110 width=0)
	        Index Cond: ((k >= 1289756) AND (k <= 1289856))

table 5 : explain SELECT k, c FROM sbtest5 WHERE k BETWEEN 1289756 AND 1289856
	Bitmap Heap Scan on sbtest5  (cost=5.36..362.05 rows=90 width=125)
	  Recheck Cond: ((k >= 1289756) AND (k <= 1289856))
	  ->  Bitmap Index Scan on k_5  (cost=0.00..5.33 rows=90 width=0)
	        Index Cond: ((k >= 1289756) AND (k <= 1289856))

table 6 : explain SELECT k, c FROM sbtest6 WHERE k BETWEEN 1289756 AND 1289856
	Bitmap Heap Scan on sbtest6  (cost=5.37..365.98 rows=91 width=125)
	  Recheck Cond: ((k >= 1289756) AND (k <= 1289856))
	  ->  Bitmap Index Scan on k_6  (cost=0.00..5.34 rows=91 width=0)
	        Index Cond: ((k >= 1289756) AND (k <= 1289856))

table 7 : explain SELECT k, c FROM sbtest7 WHERE k BETWEEN 1289756 AND 1289856
	Bitmap Heap Scan on sbtest7  (cost=5.50..417.25 rows=104 width=125)
	  Recheck Cond: ((k >= 1289756) AND (k <= 1289856))
	  ->  Bitmap Index Scan on k_7  (cost=0.00..5.47 rows=104 width=0)
	        Index Cond: ((k >= 1289756) AND (k <= 1289856))

table 8 : explain SELECT k, c FROM sbtest8 WHERE k BETWEEN 1289756 AND 1289856
	Bitmap Heap Scan on sbtest8  (cost=5.38..369.93 rows=92 width=125)
	  Recheck Cond: ((k >= 1289756) AND (k <= 1289856))
	  ->  Bitmap Index Scan on k_8  (cost=0.00..5.35 rows=92 width=0)
	        Index Cond: ((k >= 1289756) AND (k <= 1289856))

explain: for range-notcovered :: explain SELECT k, c FROM sbtest%d WHERE k BETWEEN 4829581 AND 4829681
explain: for range-notcovered :: explain SELECT k, c FROM sbtest%d WHERE k BETWEEN 2748161 AND 2748261

explain: for range-notcovered :: explain SELECT k, c FROM sbtest%d WHERE k BETWEEN 4780123 AND 4780223
for range-notcovered
table 1 : explain SELECT k, c FROM sbtest1 WHERE k BETWEEN 5799430 AND 5799530
	Bitmap Heap Scan on sbtest1  (cost=5.49..413.31 rows=103 width=125)
	  Recheck Cond: ((k >= 5799430) AND (k <= 5799530))
	  ->  Bitmap Index Scan on k_1  (cost=0.00..5.46 rows=103 width=0)
	        Index Cond: ((k >= 5799430) AND (k <= 5799530))

table 2 : explain SELECT k, c FROM sbtest2 WHERE k BETWEEN 5799430 AND 5799530
	Bitmap Heap Scan on sbtest2  (cost=5.49..413.34 rows=103 width=125)
	  Recheck Cond: ((k >= 5799430) AND (k <= 5799530))
	  ->  Bitmap Index Scan on k_2  (cost=0.00..5.46 rows=103 width=0)
	        Index Cond: ((k >= 5799430) AND (k <= 5799530))

table 3 : explain SELECT k, c FROM sbtest3 WHERE k BETWEEN 5799430 AND 5799530
	Bitmap Heap Scan on sbtest3  (cost=5.46..401.45 rows=100 width=125)
	  Recheck Cond: ((k >= 5799430) AND (k <= 5799530))
	  ->  Bitmap Index Scan on k_3  (cost=0.00..5.43 rows=100 width=0)
	        Index Cond: ((k >= 5799430) AND (k <= 5799530))

table 4 : explain SELECT k, c FROM sbtest4 WHERE k BETWEEN 5799430 AND 5799530
	Bitmap Heap Scan on sbtest4  (cost=5.52..425.13 rows=106 width=125)
	  Recheck Cond: ((k >= 5799430) AND (k <= 5799530))
	  ->  Bitmap Index Scan on k_4  (cost=0.00..5.50 rows=106 width=0)
	        Index Cond: ((k >= 5799430) AND (k <= 5799530))

table 5 : explain SELECT k, c FROM sbtest5 WHERE k BETWEEN 5799430 AND 5799530
	Bitmap Heap Scan on sbtest5  (cost=5.47..405.45 rows=101 width=125)
	  Recheck Cond: ((k >= 5799430) AND (k <= 5799530))
	  ->  Bitmap Index Scan on k_5  (cost=0.00..5.44 rows=101 width=0)
	        Index Cond: ((k >= 5799430) AND (k <= 5799530))

table 6 : explain SELECT k, c FROM sbtest6 WHERE k BETWEEN 5799430 AND 5799530
	Bitmap Heap Scan on sbtest6  (cost=5.62..464.53 rows=116 width=125)
	  Recheck Cond: ((k >= 5799430) AND (k <= 5799530))
	  ->  Bitmap Index Scan on k_6  (cost=0.00..5.59 rows=116 width=0)
	        Index Cond: ((k >= 5799430) AND (k <= 5799530))

table 7 : explain SELECT k, c FROM sbtest7 WHERE k BETWEEN 5799430 AND 5799530
	Bitmap Heap Scan on sbtest7  (cost=5.45..397.54 rows=99 width=125)
	  Recheck Cond: ((k >= 5799430) AND (k <= 5799530))
	  ->  Bitmap Index Scan on k_7  (cost=0.00..5.42 rows=99 width=0)
	        Index Cond: ((k >= 5799430) AND (k <= 5799530))

table 8 : explain SELECT k, c FROM sbtest8 WHERE k BETWEEN 5799430 AND 5799530
	Bitmap Heap Scan on sbtest8  (cost=5.50..417.26 rows=104 width=125)
	  Recheck Cond: ((k >= 5799430) AND (k <= 5799530))
	  ->  Bitmap Index Scan on k_8  (cost=0.00..5.47 rows=104 width=0)
	        Index Cond: ((k >= 5799430) AND (k <= 5799530))

explain: for range-notcovered :: explain SELECT k, c FROM sbtest%d WHERE k BETWEEN 1868326 AND 1868426
explain: for range-notcovered :: explain SELECT k, c FROM sbtest%d WHERE k BETWEEN 1289756 AND 1289856
explain: for range-notcovered :: explain SELECT k, c FROM sbtest%d WHERE k BETWEEN 6924761 AND 6924861
for range-notcovered
table 1 : explain SELECT k, c FROM sbtest1 WHERE k BETWEEN 8429688 AND 8429788
	Bitmap Heap Scan on sbtest1  (cost=5.45..397.54 rows=99 width=125)
	  Recheck Cond: ((k >= 8429688) AND (k <= 8429788))
	  ->  Bitmap Index Scan on k_1  (cost=0.00..5.42 rows=99 width=0)
	        Index Cond: ((k >= 8429688) AND (k <= 8429788))

table 2 : explain SELECT k, c FROM sbtest2 WHERE k BETWEEN 8429688 AND 8429788
	Bitmap Heap Scan on sbtest2  (cost=5.45..397.57 rows=99 width=125)
	  Recheck Cond: ((k >= 8429688) AND (k <= 8429788))
	  ->  Bitmap Index Scan on k_2  (cost=0.00..5.42 rows=99 width=0)
	        Index Cond: ((k >= 8429688) AND (k <= 8429788))

table 3 : explain SELECT k, c FROM sbtest3 WHERE k BETWEEN 8429688 AND 8429788
	Bitmap Heap Scan on sbtest3  (cost=5.43..389.62 rows=97 width=125)
	  Recheck Cond: ((k >= 8429688) AND (k <= 8429788))
	  ->  Bitmap Index Scan on k_3  (cost=0.00..5.40 rows=97 width=0)
	        Index Cond: ((k >= 8429688) AND (k <= 8429788))

table 4 : explain SELECT k, c FROM sbtest4 WHERE k BETWEEN 8429688 AND 8429788
	Bitmap Heap Scan on sbtest4  (cost=5.48..409.36 rows=102 width=125)
	  Recheck Cond: ((k >= 8429688) AND (k <= 8429788))
	  ->  Bitmap Index Scan on k_4  (cost=0.00..5.45 rows=102 width=0)
	        Index Cond: ((k >= 8429688) AND (k <= 8429788))

table 5 : explain SELECT k, c FROM sbtest5 WHERE k BETWEEN 8429688 AND 8429788
	Bitmap Heap Scan on sbtest5  (cost=5.50..417.28 rows=104 width=125)
	  Recheck Cond: ((k >= 8429688) AND (k <= 8429788))
	  ->  Bitmap Index Scan on k_5  (cost=0.00..5.47 rows=104 width=0)
	        Index Cond: ((k >= 8429688) AND (k <= 8429788))

table 6 : explain SELECT k, c FROM sbtest6 WHERE k BETWEEN 8429688 AND 8429788
	Bitmap Heap Scan on sbtest6  (cost=5.55..436.96 rows=109 width=125)
	  Recheck Cond: ((k >= 8429688) AND (k <= 8429788))
	  ->  Bitmap Index Scan on k_6  (cost=0.00..5.52 rows=109 width=0)
	        Index Cond: ((k >= 8429688) AND (k <= 8429788))

table 7 : explain SELECT k, c FROM sbtest7 WHERE k BETWEEN 8429688 AND 8429788
	Bitmap Heap Scan on sbtest7  (cost=5.52..425.14 rows=106 width=125)
	  Recheck Cond: ((k >= 8429688) AND (k <= 8429788))
	  ->  Bitmap Index Scan on k_7  (cost=0.00..5.50 rows=106 width=0)
	        Index Cond: ((k >= 8429688) AND (k <= 8429788))

table 8 : explain SELECT k, c FROM sbtest8 WHERE k BETWEEN 8429688 AND 8429788
	Bitmap Heap Scan on sbtest8  (cost=5.54..433.03 rows=108 width=125)
	  Recheck Cond: ((k >= 8429688) AND (k <= 8429788))
	  ->  Bitmap Index Scan on k_8  (cost=0.00..5.51 rows=108 width=0)
	        Index Cond: ((k >= 8429688) AND (k <= 8429788))

for range-notcovered
table 1 : explain SELECT k, c FROM sbtest1 WHERE k BETWEEN 2845276 AND 2845376
	Bitmap Heap Scan on sbtest1  (cost=5.53..429.07 rows=107 width=125)
	  Recheck Cond: ((k >= 2845276) AND (k <= 2845376))
	  ->  Bitmap Index Scan on k_1  (cost=0.00..5.50 rows=107 width=0)
	        Index Cond: ((k >= 2845276) AND (k <= 2845376))

table 2 : explain SELECT k, c FROM sbtest2 WHERE k BETWEEN 2845276 AND 2845376
	Bitmap Heap Scan on sbtest2  (cost=5.41..381.79 rows=95 width=125)
	  Recheck Cond: ((k >= 2845276) AND (k <= 2845376))
	  ->  Bitmap Index Scan on k_2  (cost=0.00..5.38 rows=95 width=0)
	        Index Cond: ((k >= 2845276) AND (k <= 2845376))

table 3 : explain SELECT k, c FROM sbtest3 WHERE k BETWEEN 2845276 AND 2845376
	Bitmap Heap Scan on sbtest3  (cost=5.38..369.90 rows=92 width=125)
	  Recheck Cond: ((k >= 2845276) AND (k <= 2845376))
	  ->  Bitmap Index Scan on k_3  (cost=0.00..5.35 rows=92 width=0)
	        Index Cond: ((k >= 2845276) AND (k <= 2845376))

table 4 : explain SELECT k, c FROM sbtest4 WHERE k BETWEEN 2845276 AND 2845376
	Bitmap Heap Scan on sbtest4  (cost=5.45..397.54 rows=99 width=125)
	  Recheck Cond: ((k >= 2845276) AND (k <= 2845376))
	  ->  Bitmap Index Scan on k_4  (cost=0.00..5.42 rows=99 width=0)
	        Index Cond: ((k >= 2845276) AND (k <= 2845376))

table 5 : explain SELECT k, c FROM sbtest5 WHERE k BETWEEN 2845276 AND 2845376
	Bitmap Heap Scan on sbtest5  (cost=5.41..381.79 rows=95 width=125)
	  Recheck Cond: ((k >= 2845276) AND (k <= 2845376))
	  ->  Bitmap Index Scan on k_5  (cost=0.00..5.38 rows=95 width=0)
	        Index Cond: ((k >= 2845276) AND (k <= 2845376))

table 6 : explain SELECT k, c FROM sbtest6 WHERE k BETWEEN 2845276 AND 2845376
	Bitmap Heap Scan on sbtest6  (cost=5.51..421.20 rows=105 width=125)
	  Recheck Cond: ((k >= 2845276) AND (k <= 2845376))
	  ->  Bitmap Index Scan on k_6  (cost=0.00..5.48 rows=105 width=0)
	        Index Cond: ((k >= 2845276) AND (k <= 2845376))

table 7 : explain SELECT k, c FROM sbtest7 WHERE k BETWEEN 2845276 AND 2845376
	Bitmap Heap Scan on sbtest7  (cost=5.52..425.14 rows=106 width=125)
	  Recheck Cond: ((k >= 2845276) AND (k <= 2845376))
	  ->  Bitmap Index Scan on k_7  (cost=0.00..5.50 rows=106 width=0)
	        Index Cond: ((k >= 2845276) AND (k <= 2845376))

table 8 : explain SELECT k, c FROM sbtest8 WHERE k BETWEEN 2845276 AND 2845376
	Bitmap Heap Scan on sbtest8  (cost=5.46..401.49 rows=100 width=125)
	  Recheck Cond: ((k >= 2845276) AND (k <= 2845376))
	  ->  Bitmap Index Scan on k_8  (cost=0.00..5.43 rows=100 width=0)
	        Index Cond: ((k >= 2845276) AND (k <= 2845376))

explain: for range-notcovered :: explain SELECT k, c FROM sbtest%d WHERE k BETWEEN 5799430 AND 5799530
explain: for range-notcovered :: explain SELECT k, c FROM sbtest%d WHERE k BETWEEN 5964910 AND 5965010
explain: for range-notcovered :: explain SELECT k, c FROM sbtest%d WHERE k BETWEEN 8429688 AND 8429788
explain: for range-notcovered :: explain SELECT k, c FROM sbtest%d WHERE k BETWEEN 2845276 AND 2845376
explain: for range-notcovered :: explain SELECT k, c FROM sbtest%d WHERE k BETWEEN 5498507 AND 5498607
for range-notcovered
table 1 : explain SELECT k, c FROM sbtest1 WHERE k BETWEEN 1158135 AND 1158235
	Bitmap Heap Scan on sbtest1  (cost=5.49..413.31 rows=103 width=125)
	  Recheck Cond: ((k >= 1158135) AND (k <= 1158235))
	  ->  Bitmap Index Scan on k_1  (cost=0.00..5.46 rows=103 width=0)
	        Index Cond: ((k >= 1158135) AND (k <= 1158235))

table 2 : explain SELECT k, c FROM sbtest2 WHERE k BETWEEN 1158135 AND 1158235
	Bitmap Heap Scan on sbtest2  (cost=5.50..417.28 rows=104 width=125)
	  Recheck Cond: ((k >= 1158135) AND (k <= 1158235))
	  ->  Bitmap Index Scan on k_2  (cost=0.00..5.47 rows=104 width=0)
	        Index Cond: ((k >= 1158135) AND (k <= 1158235))

table 3 : explain SELECT k, c FROM sbtest3 WHERE k BETWEEN 1158135 AND 1158235
	Bitmap Heap Scan on sbtest3  (cost=5.54..432.98 rows=108 width=125)
	  Recheck Cond: ((k >= 1158135) AND (k <= 1158235))
	  ->  Bitmap Index Scan on k_3  (cost=0.00..5.51 rows=108 width=0)
	        Index Cond: ((k >= 1158135) AND (k <= 1158235))

table 4 : explain SELECT k, c FROM sbtest4 WHERE k BETWEEN 1158135 AND 1158235
	Bitmap Heap Scan on sbtest4  (cost=5.56..440.89 rows=110 width=125)
	  Recheck Cond: ((k >= 1158135) AND (k <= 1158235))
	  ->  Bitmap Index Scan on k_4  (cost=0.00..5.53 rows=110 width=0)
	        Index Cond: ((k >= 1158135) AND (k <= 1158235))

table 5 : explain SELECT k, c FROM sbtest5 WHERE k BETWEEN 1158135 AND 1158235
	Bitmap Heap Scan on sbtest5  (cost=5.55..436.99 rows=109 width=125)
	  Recheck Cond: ((k >= 1158135) AND (k <= 1158235))
	  ->  Bitmap Index Scan on k_5  (cost=0.00..5.52 rows=109 width=0)
	        Index Cond: ((k >= 1158135) AND (k <= 1158235))

table 6 : explain SELECT k, c FROM sbtest6 WHERE k BETWEEN 1158135 AND 1158235
	Bitmap Heap Scan on sbtest6  (cost=5.56..440.90 rows=110 width=125)
	  Recheck Cond: ((k >= 1158135) AND (k <= 1158235))
	  ->  Bitmap Index Scan on k_6  (cost=0.00..5.53 rows=110 width=0)
	        Index Cond: ((k >= 1158135) AND (k <= 1158235))

table 7 : explain SELECT k, c FROM sbtest7 WHERE k BETWEEN 1158135 AND 1158235
	Bitmap Heap Scan on sbtest7  (cost=5.51..421.20 rows=105 width=125)
	  Recheck Cond: ((k >= 1158135) AND (k <= 1158235))
	  ->  Bitmap Index Scan on k_7  (cost=0.00..5.48 rows=105 width=0)
	        Index Cond: ((k >= 1158135) AND (k <= 1158235))

table 8 : explain SELECT k, c FROM sbtest8 WHERE k BETWEEN 1158135 AND 1158235
	Bitmap Heap Scan on sbtest8  (cost=5.59..452.72 rows=113 width=125)
	  Recheck Cond: ((k >= 1158135) AND (k <= 1158235))
	  ->  Bitmap Index Scan on k_8  (cost=0.00..5.56 rows=113 width=0)
	        Index Cond: ((k >= 1158135) AND (k <= 1158235))

for range-notcovered
table 1 : explain SELECT k, c FROM sbtest1 WHERE k BETWEEN 7541855 AND 7541955
	Bitmap Heap Scan on sbtest1  (cost=5.43..389.65 rows=97 width=125)
	  Recheck Cond: ((k >= 7541855) AND (k <= 7541955))
	  ->  Bitmap Index Scan on k_1  (cost=0.00..5.40 rows=97 width=0)
	        Index Cond: ((k >= 7541855) AND (k <= 7541955))

table 2 : explain SELECT k, c FROM sbtest2 WHERE k BETWEEN 7541855 AND 7541955
	Bitmap Heap Scan on sbtest2  (cost=5.42..385.73 rows=96 width=125)
	  Recheck Cond: ((k >= 7541855) AND (k <= 7541955))
	  ->  Bitmap Index Scan on k_2  (cost=0.00..5.39 rows=96 width=0)
	        Index Cond: ((k >= 7541855) AND (k <= 7541955))

table 3 : explain SELECT k, c FROM sbtest3 WHERE k BETWEEN 7541855 AND 7541955
	Bitmap Heap Scan on sbtest3  (cost=5.54..432.98 rows=108 width=125)
	  Recheck Cond: ((k >= 7541855) AND (k <= 7541955))
	  ->  Bitmap Index Scan on k_3  (cost=0.00..5.51 rows=108 width=0)
	        Index Cond: ((k >= 7541855) AND (k <= 7541955))

table 4 : explain SELECT k, c FROM sbtest4 WHERE k BETWEEN 7541855 AND 7541955
	Bitmap Heap Scan on sbtest4  (cost=5.44..393.59 rows=98 width=125)
	  Recheck Cond: ((k >= 7541855) AND (k <= 7541955))
	  ->  Bitmap Index Scan on k_4  (cost=0.00..5.42 rows=98 width=0)
	        Index Cond: ((k >= 7541855) AND (k <= 7541955))

table 5 : explain SELECT k, c FROM sbtest5 WHERE k BETWEEN 7541855 AND 7541955
	Bitmap Heap Scan on sbtest5  (cost=5.55..436.99 rows=109 width=125)
	  Recheck Cond: ((k >= 7541855) AND (k <= 7541955))
	  ->  Bitmap Index Scan on k_5  (cost=0.00..5.52 rows=109 width=0)
	        Index Cond: ((k >= 7541855) AND (k <= 7541955))

table 6 : explain SELECT k, c FROM sbtest6 WHERE k BETWEEN 7541855 AND 7541955
	Bitmap Heap Scan on sbtest6  (cost=5.48..409.37 rows=102 width=125)
	  Recheck Cond: ((k >= 7541855) AND (k <= 7541955))
	  ->  Bitmap Index Scan on k_6  (cost=0.00..5.45 rows=102 width=0)
	        Index Cond: ((k >= 7541855) AND (k <= 7541955))

table 7 : explain SELECT k, c FROM sbtest7 WHERE k BETWEEN 7541855 AND 7541955
	Bitmap Heap Scan on sbtest7  (cost=5.53..429.08 rows=107 width=125)
	  Recheck Cond: ((k >= 7541855) AND (k <= 7541955))
	  ->  Bitmap Index Scan on k_7  (cost=0.00..5.50 rows=107 width=0)
	        Index Cond: ((k >= 7541855) AND (k <= 7541955))

table 8 : explain SELECT k, c FROM sbtest8 WHERE k BETWEEN 7541855 AND 7541955
	Bitmap Heap Scan on sbtest8  (cost=5.47..405.44 rows=101 width=125)
	  Recheck Cond: ((k >= 7541855) AND (k <= 7541955))
	  ->  Bitmap Index Scan on k_8  (cost=0.00..5.44 rows=101 width=0)
	        Index Cond: ((k >= 7541855) AND (k <= 7541955))

for range-notcovered
table 1 : explain SELECT k, c FROM sbtest1 WHERE k BETWEEN 7687964 AND 7688064
	Bitmap Heap Scan on sbtest1  (cost=5.53..429.07 rows=107 width=125)
	  Recheck Cond: ((k >= 7687964) AND (k <= 7688064))
	  ->  Bitmap Index Scan on k_1  (cost=0.00..5.50 rows=107 width=0)
	        Index Cond: ((k >= 7687964) AND (k <= 7688064))

table 2 : explain SELECT k, c FROM sbtest2 WHERE k BETWEEN 7687964 AND 7688064
	Bitmap Heap Scan on sbtest2  (cost=5.58..448.80 rows=112 width=125)
	  Recheck Cond: ((k >= 7687964) AND (k <= 7688064))
	  ->  Bitmap Index Scan on k_2  (cost=0.00..5.55 rows=112 width=0)
	        Index Cond: ((k >= 7687964) AND (k <= 7688064))

table 3 : explain SELECT k, c FROM sbtest3 WHERE k BETWEEN 7687964 AND 7688064
	Bitmap Heap Scan on sbtest3  (cost=5.48..409.34 rows=102 width=125)
	  Recheck Cond: ((k >= 7687964) AND (k <= 7688064))
	  ->  Bitmap Index Scan on k_3  (cost=0.00..5.45 rows=102 width=0)
	        Index Cond: ((k >= 7687964) AND (k <= 7688064))

table 4 : explain SELECT k, c FROM sbtest4 WHERE k BETWEEN 7687964 AND 7688064
	Bitmap Heap Scan on sbtest4  (cost=5.50..417.25 rows=104 width=125)
	  Recheck Cond: ((k >= 7687964) AND (k <= 7688064))
	  ->  Bitmap Index Scan on k_4  (cost=0.00..5.47 rows=104 width=0)
	        Index Cond: ((k >= 7687964) AND (k <= 7688064))

table 5 : explain SELECT k, c FROM sbtest5 WHERE k BETWEEN 7687964 AND 7688064
	Bitmap Heap Scan on sbtest5  (cost=5.68..484.24 rows=121 width=125)
	  Recheck Cond: ((k >= 7687964) AND (k <= 7688064))
	  ->  Bitmap Index Scan on k_5  (cost=0.00..5.64 rows=121 width=0)
	        Index Cond: ((k >= 7687964) AND (k <= 7688064))

table 6 : explain SELECT k, c FROM sbtest6 WHERE k BETWEEN 7687964 AND 7688064
	Bitmap Heap Scan on sbtest6  (cost=5.50..417.26 rows=104 width=125)
	  Recheck Cond: ((k >= 7687964) AND (k <= 7688064))
	  ->  Bitmap Index Scan on k_6  (cost=0.00..5.47 rows=104 width=0)
	        Index Cond: ((k >= 7687964) AND (k <= 7688064))

table 7 : explain SELECT k, c FROM sbtest7 WHERE k BETWEEN 7687964 AND 7688064
	Bitmap Heap Scan on sbtest7  (cost=5.47..405.43 rows=101 width=125)
	  Recheck Cond: ((k >= 7687964) AND (k <= 7688064))
	  ->  Bitmap Index Scan on k_7  (cost=0.00..5.44 rows=101 width=0)
	        Index Cond: ((k >= 7687964) AND (k <= 7688064))

table 8 : explain SELECT k, c FROM sbtest8 WHERE k BETWEEN 7687964 AND 7688064
	Bitmap Heap Scan on sbtest8  (cost=5.48..409.38 rows=102 width=125)
	  Recheck Cond: ((k >= 7687964) AND (k <= 7688064))
	  ->  Bitmap Index Scan on k_8  (cost=0.00..5.45 rows=102 width=0)
	        Index Cond: ((k >= 7687964) AND (k <= 7688064))

explain: for range-notcovered :: explain SELECT k, c FROM sbtest%d WHERE k BETWEEN 7541855 AND 7541955
explain: for range-notcovered :: explain SELECT k, c FROM sbtest%d WHERE k BETWEEN 1158135 AND 1158235
explain: for range-notcovered :: explain SELECT k, c FROM sbtest%d WHERE k BETWEEN 5419310 AND 5419410
for range-notcovered
table 1 : explain SELECT k, c FROM sbtest1 WHERE k BETWEEN 4875382 AND 4875482
	Bitmap Heap Scan on sbtest1  (cost=5.58..448.77 rows=112 width=125)
	  Recheck Cond: ((k >= 4875382) AND (k <= 4875482))
	  ->  Bitmap Index Scan on k_1  (cost=0.00..5.55 rows=112 width=0)
	        Index Cond: ((k >= 4875382) AND (k <= 4875482))

table 2 : explain SELECT k, c FROM sbtest2 WHERE k BETWEEN 4875382 AND 4875482
	Bitmap Heap Scan on sbtest2  (cost=5.45..397.57 rows=99 width=125)
	  Recheck Cond: ((k >= 4875382) AND (k <= 4875482))
	  ->  Bitmap Index Scan on k_2  (cost=0.00..5.42 rows=99 width=0)
	        Index Cond: ((k >= 4875382) AND (k <= 4875482))

table 3 : explain SELECT k, c FROM sbtest3 WHERE k BETWEEN 4875382 AND 4875482
	Bitmap Heap Scan on sbtest3  (cost=5.43..389.62 rows=97 width=125)
	  Recheck Cond: ((k >= 4875382) AND (k <= 4875482))
	  ->  Bitmap Index Scan on k_3  (cost=0.00..5.40 rows=97 width=0)
	        Index Cond: ((k >= 4875382) AND (k <= 4875482))

table 4 : explain SELECT k, c FROM sbtest4 WHERE k BETWEEN 4875382 AND 4875482
	Bitmap Heap Scan on sbtest4  (cost=5.44..393.59 rows=98 width=125)
	  Recheck Cond: ((k >= 4875382) AND (k <= 4875482))
	  ->  Bitmap Index Scan on k_4  (cost=0.00..5.42 rows=98 width=0)
	        Index Cond: ((k >= 4875382) AND (k <= 4875482))

table 5 : explain SELECT k, c FROM sbtest5 WHERE k BETWEEN 4875382 AND 4875482
	Bitmap Heap Scan on sbtest5  (cost=5.47..405.45 rows=101 width=125)
	  Recheck Cond: ((k >= 4875382) AND (k <= 4875482))
	  ->  Bitmap Index Scan on k_5  (cost=0.00..5.44 rows=101 width=0)
	        Index Cond: ((k >= 4875382) AND (k <= 4875482))

table 6 : explain SELECT k, c FROM sbtest6 WHERE k BETWEEN 4875382 AND 4875482
	Bitmap Heap Scan on sbtest6  (cost=5.45..397.54 rows=99 width=125)
	  Recheck Cond: ((k >= 4875382) AND (k <= 4875482))
	  ->  Bitmap Index Scan on k_6  (cost=0.00..5.42 rows=99 width=0)
	        Index Cond: ((k >= 4875382) AND (k <= 4875482))

table 7 : explain SELECT k, c FROM sbtest7 WHERE k BETWEEN 4875382 AND 4875482
	Bitmap Heap Scan on sbtest7  (cost=5.47..405.43 rows=101 width=125)
	  Recheck Cond: ((k >= 4875382) AND (k <= 4875482))
	  ->  Bitmap Index Scan on k_7  (cost=0.00..5.44 rows=101 width=0)
	        Index Cond: ((k >= 4875382) AND (k <= 4875482))

table 8 : explain SELECT k, c FROM sbtest8 WHERE k BETWEEN 4875382 AND 4875482
	Bitmap Heap Scan on sbtest8  (cost=5.39..373.88 rows=93 width=125)
	  Recheck Cond: ((k >= 4875382) AND (k <= 4875482))
	  ->  Bitmap Index Scan on k_8  (cost=0.00..5.36 rows=93 width=0)
	        Index Cond: ((k >= 4875382) AND (k <= 4875482))

for range-notcovered
table 1 : explain SELECT k, c FROM sbtest1 WHERE k BETWEEN 7830027 AND 7830127
	Bitmap Heap Scan on sbtest1  (cost=5.50..417.25 rows=104 width=125)
	  Recheck Cond: ((k >= 7830027) AND (k <= 7830127))
	  ->  Bitmap Index Scan on k_1  (cost=0.00..5.47 rows=104 width=0)
	        Index Cond: ((k >= 7830027) AND (k <= 7830127))

table 2 : explain SELECT k, c FROM sbtest2 WHERE k BETWEEN 7830027 AND 7830127
	Bitmap Heap Scan on sbtest2  (cost=5.51..421.22 rows=105 width=125)
	  Recheck Cond: ((k >= 7830027) AND (k <= 7830127))
	  ->  Bitmap Index Scan on k_2  (cost=0.00..5.48 rows=105 width=0)
	        Index Cond: ((k >= 7830027) AND (k <= 7830127))

table 3 : explain SELECT k, c FROM sbtest3 WHERE k BETWEEN 7830027 AND 7830127
	Bitmap Heap Scan on sbtest3  (cost=5.48..409.34 rows=102 width=125)
	  Recheck Cond: ((k >= 7830027) AND (k <= 7830127))
	  ->  Bitmap Index Scan on k_3  (cost=0.00..5.45 rows=102 width=0)
	        Index Cond: ((k >= 7830027) AND (k <= 7830127))

table 4 : explain SELECT k, c FROM sbtest4 WHERE k BETWEEN 7830027 AND 7830127
	Bitmap Heap Scan on sbtest4  (cost=5.47..405.42 rows=101 width=125)
	  Recheck Cond: ((k >= 7830027) AND (k <= 7830127))
	  ->  Bitmap Index Scan on k_4  (cost=0.00..5.44 rows=101 width=0)
	        Index Cond: ((k >= 7830027) AND (k <= 7830127))

table 5 : explain SELECT k, c FROM sbtest5 WHERE k BETWEEN 7830027 AND 7830127
	Bitmap Heap Scan on sbtest5  (cost=5.42..385.73 rows=96 width=125)
	  Recheck Cond: ((k >= 7830027) AND (k <= 7830127))
	  ->  Bitmap Index Scan on k_5  (cost=0.00..5.39 rows=96 width=0)
	        Index Cond: ((k >= 7830027) AND (k <= 7830127))

table 6 : explain SELECT k, c FROM sbtest6 WHERE k BETWEEN 7830027 AND 7830127
	Bitmap Heap Scan on sbtest6  (cost=5.55..436.96 rows=109 width=125)
	  Recheck Cond: ((k >= 7830027) AND (k <= 7830127))
	  ->  Bitmap Index Scan on k_6  (cost=0.00..5.52 rows=109 width=0)
	        Index Cond: ((k >= 7830027) AND (k <= 7830127))

table 7 : explain SELECT k, c FROM sbtest7 WHERE k BETWEEN 7830027 AND 7830127
	Bitmap Heap Scan on sbtest7  (cost=5.51..421.20 rows=105 width=125)
	  Recheck Cond: ((k >= 7830027) AND (k <= 7830127))
	  ->  Bitmap Index Scan on k_7  (cost=0.00..5.48 rows=105 width=0)
	        Index Cond: ((k >= 7830027) AND (k <= 7830127))

table 8 : explain SELECT k, c FROM sbtest8 WHERE k BETWEEN 7830027 AND 7830127
	Bitmap Heap Scan on sbtest8  (cost=5.43..389.66 rows=97 width=125)
	  Recheck Cond: ((k >= 7830027) AND (k <= 7830127))
	  ->  Bitmap Index Scan on k_8  (cost=0.00..5.40 rows=97 width=0)
	        Index Cond: ((k >= 7830027) AND (k <= 7830127))

explain: for range-notcovered :: explain SELECT k, c FROM sbtest%d WHERE k BETWEEN 7687964 AND 7688064
explain: for range-notcovered :: explain SELECT k, c FROM sbtest%d WHERE k BETWEEN 4875382 AND 4875482
for range-notcovered
table 1 : explain SELECT k, c FROM sbtest1 WHERE k BETWEEN 6852626 AND 6852726
	Bitmap Heap Scan on sbtest1  (cost=5.56..440.89 rows=110 width=125)
	  Recheck Cond: ((k >= 6852626) AND (k <= 6852726))
	  ->  Bitmap Index Scan on k_1  (cost=0.00..5.53 rows=110 width=0)
	        Index Cond: ((k >= 6852626) AND (k <= 6852726))

table 2 : explain SELECT k, c FROM sbtest2 WHERE k BETWEEN 6852626 AND 6852726
	Bitmap Heap Scan on sbtest2  (cost=5.51..421.22 rows=105 width=125)
	  Recheck Cond: ((k >= 6852626) AND (k <= 6852726))
	  ->  Bitmap Index Scan on k_2  (cost=0.00..5.48 rows=105 width=0)
	        Index Cond: ((k >= 6852626) AND (k <= 6852726))

table 3 : explain SELECT k, c FROM sbtest3 WHERE k BETWEEN 6852626 AND 6852726
	Bitmap Heap Scan on sbtest3  (cost=5.48..409.34 rows=102 width=125)
	  Recheck Cond: ((k >= 6852626) AND (k <= 6852726))
	  ->  Bitmap Index Scan on k_3  (cost=0.00..5.45 rows=102 width=0)
	        Index Cond: ((k >= 6852626) AND (k <= 6852726))

table 4 : explain SELECT k, c FROM sbtest4 WHERE k BETWEEN 6852626 AND 6852726
	Bitmap Heap Scan on sbtest4  (cost=5.51..421.19 rows=105 width=125)
	  Recheck Cond: ((k >= 6852626) AND (k <= 6852726))
	  ->  Bitmap Index Scan on k_4  (cost=0.00..5.48 rows=105 width=0)
	        Index Cond: ((k >= 6852626) AND (k <= 6852726))

table 5 : explain SELECT k, c FROM sbtest5 WHERE k BETWEEN 6852626 AND 6852726
	Bitmap Heap Scan on sbtest5  (cost=5.46..401.51 rows=100 width=125)
	  Recheck Cond: ((k >= 6852626) AND (k <= 6852726))
	  ->  Bitmap Index Scan on k_5  (cost=0.00..5.43 rows=100 width=0)
	        Index Cond: ((k >= 6852626) AND (k <= 6852726))

table 6 : explain SELECT k, c FROM sbtest6 WHERE k BETWEEN 6852626 AND 6852726
	Bitmap Heap Scan on sbtest6  (cost=5.53..429.08 rows=107 width=125)
	  Recheck Cond: ((k >= 6852626) AND (k <= 6852726))
	  ->  Bitmap Index Scan on k_6  (cost=0.00..5.50 rows=107 width=0)
	        Index Cond: ((k >= 6852626) AND (k <= 6852726))

table 7 : explain SELECT k, c FROM sbtest7 WHERE k BETWEEN 6852626 AND 6852726
	Bitmap Heap Scan on sbtest7  (cost=5.46..401.49 rows=100 width=125)
	  Recheck Cond: ((k >= 6852626) AND (k <= 6852726))
	  ->  Bitmap Index Scan on k_7  (cost=0.00..5.43 rows=100 width=0)
	        Index Cond: ((k >= 6852626) AND (k <= 6852726))

table 8 : explain SELECT k, c FROM sbtest8 WHERE k BETWEEN 6852626 AND 6852726
	Bitmap Heap Scan on sbtest8  (cost=5.46..401.49 rows=100 width=125)
	  Recheck Cond: ((k >= 6852626) AND (k <= 6852726))
	  ->  Bitmap Index Scan on k_8  (cost=0.00..5.43 rows=100 width=0)
	        Index Cond: ((k >= 6852626) AND (k <= 6852726))

explain: for range-notcovered :: explain SELECT k, c FROM sbtest%d WHERE k BETWEEN 6889981 AND 6890081
explain: for range-notcovered :: explain SELECT k, c FROM sbtest%d WHERE k BETWEEN 7830027 AND 7830127
for range-notcovered
table 1 : explain SELECT k, c FROM sbtest1 WHERE k BETWEEN 8146709 AND 8146809
	Bitmap Heap Scan on sbtest1  (cost=5.44..393.59 rows=98 width=125)
	  Recheck Cond: ((k >= 8146709) AND (k <= 8146809))
	  ->  Bitmap Index Scan on k_1  (cost=0.00..5.42 rows=98 width=0)
	        Index Cond: ((k >= 8146709) AND (k <= 8146809))

table 2 : explain SELECT k, c FROM sbtest2 WHERE k BETWEEN 8146709 AND 8146809
	Bitmap Heap Scan on sbtest2  (cost=5.46..401.51 rows=100 width=125)
	  Recheck Cond: ((k >= 8146709) AND (k <= 8146809))
	  ->  Bitmap Index Scan on k_2  (cost=0.00..5.43 rows=100 width=0)
	        Index Cond: ((k >= 8146709) AND (k <= 8146809))

table 3 : explain SELECT k, c FROM sbtest3 WHERE k BETWEEN 8146709 AND 8146809
	Bitmap Heap Scan on sbtest3  (cost=5.48..409.34 rows=102 width=125)
	  Recheck Cond: ((k >= 8146709) AND (k <= 8146809))
	  ->  Bitmap Index Scan on k_3  (cost=0.00..5.45 rows=102 width=0)
	        Index Cond: ((k >= 8146709) AND (k <= 8146809))

table 4 : explain SELECT k, c FROM sbtest4 WHERE k BETWEEN 8146709 AND 8146809
	Bitmap Heap Scan on sbtest4  (cost=5.50..417.25 rows=104 width=125)
	  Recheck Cond: ((k >= 8146709) AND (k <= 8146809))
	  ->  Bitmap Index Scan on k_4  (cost=0.00..5.47 rows=104 width=0)
	        Index Cond: ((k >= 8146709) AND (k <= 8146809))

table 5 : explain SELECT k, c FROM sbtest5 WHERE k BETWEEN 8146709 AND 8146809
	Bitmap Heap Scan on sbtest5  (cost=5.54..433.05 rows=108 width=125)
	  Recheck Cond: ((k >= 8146709) AND (k <= 8146809))
	  ->  Bitmap Index Scan on k_5  (cost=0.00..5.51 rows=108 width=0)
	        Index Cond: ((k >= 8146709) AND (k <= 8146809))

table 6 : explain SELECT k, c FROM sbtest6 WHERE k BETWEEN 8146709 AND 8146809
	Bitmap Heap Scan on sbtest6  (cost=5.41..381.77 rows=95 width=125)
	  Recheck Cond: ((k >= 8146709) AND (k <= 8146809))
	  ->  Bitmap Index Scan on k_6  (cost=0.00..5.38 rows=95 width=0)
	        Index Cond: ((k >= 8146709) AND (k <= 8146809))

table 7 : explain SELECT k, c FROM sbtest7 WHERE k BETWEEN 8146709 AND 8146809
	Bitmap Heap Scan on sbtest7  (cost=5.52..425.14 rows=106 width=125)
	  Recheck Cond: ((k >= 8146709) AND (k <= 8146809))
	  ->  Bitmap Index Scan on k_7  (cost=0.00..5.50 rows=106 width=0)
	        Index Cond: ((k >= 8146709) AND (k <= 8146809))

table 8 : explain SELECT k, c FROM sbtest8 WHERE k BETWEEN 8146709 AND 8146809
	Bitmap Heap Scan on sbtest8  (cost=5.57..444.85 rows=111 width=125)
	  Recheck Cond: ((k >= 8146709) AND (k <= 8146809))
	  ->  Bitmap Index Scan on k_8  (cost=0.00..5.54 rows=111 width=0)
	        Index Cond: ((k >= 8146709) AND (k <= 8146809))

for range-notcovered
table 1 : explain SELECT k, c FROM sbtest1 WHERE k BETWEEN 1575884 AND 1575984
	Bitmap Heap Scan on sbtest1  (cost=5.47..405.42 rows=101 width=125)
	  Recheck Cond: ((k >= 1575884) AND (k <= 1575984))
	  ->  Bitmap Index Scan on k_1  (cost=0.00..5.44 rows=101 width=0)
	        Index Cond: ((k >= 1575884) AND (k <= 1575984))

table 2 : explain SELECT k, c FROM sbtest2 WHERE k BETWEEN 1575884 AND 1575984
	Bitmap Heap Scan on sbtest2  (cost=5.41..381.79 rows=95 width=125)
	  Recheck Cond: ((k >= 1575884) AND (k <= 1575984))
	  ->  Bitmap Index Scan on k_2  (cost=0.00..5.38 rows=95 width=0)
	        Index Cond: ((k >= 1575884) AND (k <= 1575984))

table 3 : explain SELECT k, c FROM sbtest3 WHERE k BETWEEN 1575884 AND 1575984
	Bitmap Heap Scan on sbtest3  (cost=5.50..417.22 rows=104 width=125)
	  Recheck Cond: ((k >= 1575884) AND (k <= 1575984))
	  ->  Bitmap Index Scan on k_3  (cost=0.00..5.47 rows=104 width=0)
	        Index Cond: ((k >= 1575884) AND (k <= 1575984))

table 4 : explain SELECT k, c FROM sbtest4 WHERE k BETWEEN 1575884 AND 1575984
	Bitmap Heap Scan on sbtest4  (cost=5.43..389.65 rows=97 width=125)
	  Recheck Cond: ((k >= 1575884) AND (k <= 1575984))
	  ->  Bitmap Index Scan on k_4  (cost=0.00..5.40 rows=97 width=0)
	        Index Cond: ((k >= 1575884) AND (k <= 1575984))

table 5 : explain SELECT k, c FROM sbtest5 WHERE k BETWEEN 1575884 AND 1575984
	Bitmap Heap Scan on sbtest5  (cost=5.52..425.16 rows=106 width=125)
	  Recheck Cond: ((k >= 1575884) AND (k <= 1575984))
	  ->  Bitmap Index Scan on k_5  (cost=0.00..5.50 rows=106 width=0)
	        Index Cond: ((k >= 1575884) AND (k <= 1575984))

table 6 : explain SELECT k, c FROM sbtest6 WHERE k BETWEEN 1575884 AND 1575984
	Bitmap Heap Scan on sbtest6  (cost=5.55..436.96 rows=109 width=125)
	  Recheck Cond: ((k >= 1575884) AND (k <= 1575984))
	  ->  Bitmap Index Scan on k_6  (cost=0.00..5.52 rows=109 width=0)
	        Index Cond: ((k >= 1575884) AND (k <= 1575984))

table 7 : explain SELECT k, c FROM sbtest7 WHERE k BETWEEN 1575884 AND 1575984
	Bitmap Heap Scan on sbtest7  (cost=5.63..468.46 rows=117 width=125)
	  Recheck Cond: ((k >= 1575884) AND (k <= 1575984))
	  ->  Bitmap Index Scan on k_7  (cost=0.00..5.60 rows=117 width=0)
	        Index Cond: ((k >= 1575884) AND (k <= 1575984))

table 8 : explain SELECT k, c FROM sbtest8 WHERE k BETWEEN 1575884 AND 1575984
	Bitmap Heap Scan on sbtest8  (cost=5.40..377.83 rows=94 width=125)
	  Recheck Cond: ((k >= 1575884) AND (k <= 1575984))
	  ->  Bitmap Index Scan on k_8  (cost=0.00..5.38 rows=94 width=0)
	        Index Cond: ((k >= 1575884) AND (k <= 1575984))

explain: for range-notcovered :: explain SELECT k, c FROM sbtest%d WHERE k BETWEEN 6852626 AND 6852726
for range-notcovered
table 1 : explain SELECT k, c FROM sbtest1 WHERE k BETWEEN 3763505 AND 3763605
	Bitmap Heap Scan on sbtest1  (cost=5.46..401.48 rows=100 width=125)
	  Recheck Cond: ((k >= 3763505) AND (k <= 3763605))
	  ->  Bitmap Index Scan on k_1  (cost=0.00..5.43 rows=100 width=0)
	        Index Cond: ((k >= 3763505) AND (k <= 3763605))

table 2 : explain SELECT k, c FROM sbtest2 WHERE k BETWEEN 3763505 AND 3763605
	Bitmap Heap Scan on sbtest2  (cost=5.46..401.51 rows=100 width=125)
	  Recheck Cond: ((k >= 3763505) AND (k <= 3763605))
	  ->  Bitmap Index Scan on k_2  (cost=0.00..5.43 rows=100 width=0)
	        Index Cond: ((k >= 3763505) AND (k <= 3763605))

table 3 : explain SELECT k, c FROM sbtest3 WHERE k BETWEEN 3763505 AND 3763605
	Bitmap Heap Scan on sbtest3  (cost=5.55..436.92 rows=109 width=125)
	  Recheck Cond: ((k >= 3763505) AND (k <= 3763605))
	  ->  Bitmap Index Scan on k_3  (cost=0.00..5.52 rows=109 width=0)
	        Index Cond: ((k >= 3763505) AND (k <= 3763605))

table 4 : explain SELECT k, c FROM sbtest4 WHERE k BETWEEN 3763505 AND 3763605
	Bitmap Heap Scan on sbtest4  (cost=5.41..381.76 rows=95 width=125)
	  Recheck Cond: ((k >= 3763505) AND (k <= 3763605))
	  ->  Bitmap Index Scan on k_4  (cost=0.00..5.38 rows=95 width=0)
	        Index Cond: ((k >= 3763505) AND (k <= 3763605))

table 5 : explain SELECT k, c FROM sbtest5 WHERE k BETWEEN 3763505 AND 3763605
	Bitmap Heap Scan on sbtest5  (cost=5.54..433.05 rows=108 width=125)
	  Recheck Cond: ((k >= 3763505) AND (k <= 3763605))
	  ->  Bitmap Index Scan on k_5  (cost=0.00..5.51 rows=108 width=0)
	        Index Cond: ((k >= 3763505) AND (k <= 3763605))

table 6 : explain SELECT k, c FROM sbtest6 WHERE k BETWEEN 3763505 AND 3763605
	Bitmap Heap Scan on sbtest6  (cost=5.50..417.26 rows=104 width=125)
	  Recheck Cond: ((k >= 3763505) AND (k <= 3763605))
	  ->  Bitmap Index Scan on k_6  (cost=0.00..5.47 rows=104 width=0)
	        Index Cond: ((k >= 3763505) AND (k <= 3763605))

table 7 : explain SELECT k, c FROM sbtest7 WHERE k BETWEEN 3763505 AND 3763605
	Bitmap Heap Scan on sbtest7  (cost=5.44..393.60 rows=98 width=125)
	  Recheck Cond: ((k >= 3763505) AND (k <= 3763605))
	  ->  Bitmap Index Scan on k_7  (cost=0.00..5.42 rows=98 width=0)
	        Index Cond: ((k >= 3763505) AND (k <= 3763605))

table 8 : explain SELECT k, c FROM sbtest8 WHERE k BETWEEN 3763505 AND 3763605
	Bitmap Heap Scan on sbtest8  (cost=5.44..393.61 rows=98 width=125)
	  Recheck Cond: ((k >= 3763505) AND (k <= 3763605))
	  ->  Bitmap Index Scan on k_8  (cost=0.00..5.42 rows=98 width=0)
	        Index Cond: ((k >= 3763505) AND (k <= 3763605))
explain: for range-notcovered :: explain SELECT k, c FROM sbtest%d WHERE k BETWEEN 8146709 AND 8146809

for range-notcovered
table 1 : explain SELECT k, c FROM sbtest1 WHERE k BETWEEN 4829581 AND 4829681
	Bitmap Heap Scan on sbtest1  (cost=5.58..448.77 rows=112 width=125)
	  Recheck Cond: ((k >= 4829581) AND (k <= 4829681))
	  ->  Bitmap Index Scan on k_1  (cost=0.00..5.55 rows=112 width=0)
	        Index Cond: ((k >= 4829581) AND (k <= 4829681))

table 2 : explain SELECT k, c FROM sbtest2 WHERE k BETWEEN 4829581 AND 4829681
	Bitmap Heap Scan on sbtest2  (cost=5.45..397.57 rows=99 width=125)
	  Recheck Cond: ((k >= 4829581) AND (k <= 4829681))
	  ->  Bitmap Index Scan on k_2  (cost=0.00..5.42 rows=99 width=0)
	        Index Cond: ((k >= 4829581) AND (k <= 4829681))

table 3 : explain SELECT k, c FROM sbtest3 WHERE k BETWEEN 4829581 AND 4829681
	Bitmap Heap Scan on sbtest3  (cost=5.48..409.34 rows=102 width=125)
	  Recheck Cond: ((k >= 4829581) AND (k <= 4829681))
	  ->  Bitmap Index Scan on k_3  (cost=0.00..5.45 rows=102 width=0)
	        Index Cond: ((k >= 4829581) AND (k <= 4829681))

table 4 : explain SELECT k, c FROM sbtest4 WHERE k BETWEEN 4829581 AND 4829681
	Bitmap Heap Scan on sbtest4  (cost=5.43..389.65 rows=97 width=125)
	  Recheck Cond: ((k >= 4829581) AND (k <= 4829681))
	  ->  Bitmap Index Scan on k_4  (cost=0.00..5.40 rows=97 width=0)
	        Index Cond: ((k >= 4829581) AND (k <= 4829681))

table 5 : explain SELECT k, c FROM sbtest5 WHERE k BETWEEN 4829581 AND 4829681
	Bitmap Heap Scan on sbtest5  (cost=5.47..405.45 rows=101 width=125)
	  Recheck Cond: ((k >= 4829581) AND (k <= 4829681))
	  ->  Bitmap Index Scan on k_5  (cost=0.00..5.44 rows=101 width=0)
	        Index Cond: ((k >= 4829581) AND (k <= 4829681))

table 6 : explain SELECT k, c FROM sbtest6 WHERE k BETWEEN 4829581 AND 4829681
	Bitmap Heap Scan on sbtest6  (cost=5.45..397.54 rows=99 width=125)
	  Recheck Cond: ((k >= 4829581) AND (k <= 4829681))
	  ->  Bitmap Index Scan on k_6  (cost=0.00..5.42 rows=99 width=0)
	        Index Cond: ((k >= 4829581) AND (k <= 4829681))

table 7 : explain SELECT k, c FROM sbtest7 WHERE k BETWEEN 4829581 AND 4829681
	Bitmap Heap Scan on sbtest7  (cost=5.47..405.43 rows=101 width=125)
	  Recheck Cond: ((k >= 4829581) AND (k <= 4829681))
	  ->  Bitmap Index Scan on k_7  (cost=0.00..5.44 rows=101 width=0)
	        Index Cond: ((k >= 4829581) AND (k <= 4829681))

table 8 : explain SELECT k, c FROM sbtest8 WHERE k BETWEEN 4829581 AND 4829681
	Bitmap Heap Scan on sbtest8  (cost=5.46..401.49 rows=100 width=125)
	  Recheck Cond: ((k >= 4829581) AND (k <= 4829681))
	  ->  Bitmap Index Scan on k_8  (cost=0.00..5.43 rows=100 width=0)
	        Index Cond: ((k >= 4829581) AND (k <= 4829681))

explain: for range-notcovered :: explain SELECT k, c FROM sbtest%d WHERE k BETWEEN 2383613 AND 2383713
explain: for range-notcovered :: explain SELECT k, c FROM sbtest%d WHERE k BETWEEN 1575884 AND 1575984
for range-notcovered
table 1 : explain SELECT k, c FROM sbtest1 WHERE k BETWEEN 3282562 AND 3282662
	Bitmap Heap Scan on sbtest1  (cost=5.45..397.54 rows=99 width=125)
	  Recheck Cond: ((k >= 3282562) AND (k <= 3282662))
	  ->  Bitmap Index Scan on k_1  (cost=0.00..5.42 rows=99 width=0)
	        Index Cond: ((k >= 3282562) AND (k <= 3282662))

table 2 : explain SELECT k, c FROM sbtest2 WHERE k BETWEEN 3282562 AND 3282662
	Bitmap Heap Scan on sbtest2  (cost=5.44..393.62 rows=98 width=125)
	  Recheck Cond: ((k >= 3282562) AND (k <= 3282662))
	  ->  Bitmap Index Scan on k_2  (cost=0.00..5.42 rows=98 width=0)
	        Index Cond: ((k >= 3282562) AND (k <= 3282662))

table 3 : explain SELECT k, c FROM sbtest3 WHERE k BETWEEN 3282562 AND 3282662
	Bitmap Heap Scan on sbtest3  (cost=5.49..413.28 rows=103 width=125)
	  Recheck Cond: ((k >= 3282562) AND (k <= 3282662))
	  ->  Bitmap Index Scan on k_3  (cost=0.00..5.46 rows=103 width=0)
	        Index Cond: ((k >= 3282562) AND (k <= 3282662))

table 4 : explain SELECT k, c FROM sbtest4 WHERE k BETWEEN 3282562 AND 3282662
	Bitmap Heap Scan on sbtest4  (cost=5.52..425.13 rows=106 width=125)
	  Recheck Cond: ((k >= 3282562) AND (k <= 3282662))
	  ->  Bitmap Index Scan on k_4  (cost=0.00..5.50 rows=106 width=0)
	        Index Cond: ((k >= 3282562) AND (k <= 3282662))

table 5 : explain SELECT k, c FROM sbtest5 WHERE k BETWEEN 3282562 AND 3282662
	Bitmap Heap Scan on sbtest5  (cost=5.50..417.28 rows=104 width=125)
	  Recheck Cond: ((k >= 3282562) AND (k <= 3282662))
	  ->  Bitmap Index Scan on k_5  (cost=0.00..5.47 rows=104 width=0)
	        Index Cond: ((k >= 3282562) AND (k <= 3282662))

table 6 : explain SELECT k, c FROM sbtest6 WHERE k BETWEEN 3282562 AND 3282662
	Bitmap Heap Scan on sbtest6  (cost=5.41..381.77 rows=95 width=125)
	  Recheck Cond: ((k >= 3282562) AND (k <= 3282662))
	  ->  Bitmap Index Scan on k_6  (cost=0.00..5.38 rows=95 width=0)
	        Index Cond: ((k >= 3282562) AND (k <= 3282662))

table 7 : explain SELECT k, c FROM sbtest7 WHERE k BETWEEN 3282562 AND 3282662
	Bitmap Heap Scan on sbtest7  (cost=5.42..385.71 rows=96 width=125)
	  Recheck Cond: ((k >= 3282562) AND (k <= 3282662))
	  ->  Bitmap Index Scan on k_7  (cost=0.00..5.39 rows=96 width=0)
	        Index Cond: ((k >= 3282562) AND (k <= 3282662))

table 8 : explain SELECT k, c FROM sbtest8 WHERE k BETWEEN 3282562 AND 3282662
	Bitmap Heap Scan on sbtest8  (cost=5.57..444.85 rows=111 width=125)
	  Recheck Cond: ((k >= 3282562) AND (k <= 3282662))
	  ->  Bitmap Index Scan on k_8  (cost=0.00..5.54 rows=111 width=0)
	        Index Cond: ((k >= 3282562) AND (k <= 3282662))

explain: for range-notcovered :: explain SELECT k, c FROM sbtest%d WHERE k BETWEEN 4829581 AND 4829681
explain: for range-notcovered :: explain SELECT k, c FROM sbtest%d WHERE k BETWEEN 3763505 AND 3763605
for range-notcovered
table 1 : explain SELECT k, c FROM sbtest1 WHERE k BETWEEN 6128050 AND 6128150
	Bitmap Heap Scan on sbtest1  (cost=5.43..389.65 rows=97 width=125)
	  Recheck Cond: ((k >= 6128050) AND (k <= 6128150))
	  ->  Bitmap Index Scan on k_1  (cost=0.00..5.40 rows=97 width=0)
	        Index Cond: ((k >= 6128050) AND (k <= 6128150))

table 2 : explain SELECT k, c FROM sbtest2 WHERE k BETWEEN 6128050 AND 6128150
	Bitmap Heap Scan on sbtest2  (cost=5.52..425.16 rows=106 width=125)
	  Recheck Cond: ((k >= 6128050) AND (k <= 6128150))
	  ->  Bitmap Index Scan on k_2  (cost=0.00..5.50 rows=106 width=0)
	        Index Cond: ((k >= 6128050) AND (k <= 6128150))

table 3 : explain SELECT k, c FROM sbtest3 WHERE k BETWEEN 6128050 AND 6128150
	Bitmap Heap Scan on sbtest3  (cost=5.49..413.28 rows=103 width=125)
	  Recheck Cond: ((k >= 6128050) AND (k <= 6128150))
	  ->  Bitmap Index Scan on k_3  (cost=0.00..5.46 rows=103 width=0)
	        Index Cond: ((k >= 6128050) AND (k <= 6128150))

table 4 : explain SELECT k, c FROM sbtest4 WHERE k BETWEEN 6128050 AND 6128150
	Bitmap Heap Scan on sbtest4  (cost=5.53..429.07 rows=107 width=125)
	  Recheck Cond: ((k >= 6128050) AND (k <= 6128150))
	  ->  Bitmap Index Scan on k_4  (cost=0.00..5.50 rows=107 width=0)
	        Index Cond: ((k >= 6128050) AND (k <= 6128150))

table 5 : explain SELECT k, c FROM sbtest5 WHERE k BETWEEN 6128050 AND 6128150
	Bitmap Heap Scan on sbtest5  (cost=5.47..405.45 rows=101 width=125)
	  Recheck Cond: ((k >= 6128050) AND (k <= 6128150))
	  ->  Bitmap Index Scan on k_5  (cost=0.00..5.44 rows=101 width=0)
	        Index Cond: ((k >= 6128050) AND (k <= 6128150))

table 6 : explain SELECT k, c FROM sbtest6 WHERE k BETWEEN 6128050 AND 6128150
	Bitmap Heap Scan on sbtest6  (cost=5.54..433.02 rows=108 width=125)
	  Recheck Cond: ((k >= 6128050) AND (k <= 6128150))
	  ->  Bitmap Index Scan on k_6  (cost=0.00..5.51 rows=108 width=0)
	        Index Cond: ((k >= 6128050) AND (k <= 6128150))

table 7 : explain SELECT k, c FROM sbtest7 WHERE k BETWEEN 6128050 AND 6128150
	Bitmap Heap Scan on sbtest7  (cost=5.44..393.60 rows=98 width=125)
	  Recheck Cond: ((k >= 6128050) AND (k <= 6128150))
	  ->  Bitmap Index Scan on k_7  (cost=0.00..5.42 rows=98 width=0)
	        Index Cond: ((k >= 6128050) AND (k <= 6128150))

table 8 : explain SELECT k, c FROM sbtest8 WHERE k BETWEEN 6128050 AND 6128150
	Bitmap Heap Scan on sbtest8  (cost=5.43..389.66 rows=97 width=125)
	  Recheck Cond: ((k >= 6128050) AND (k <= 6128150))
	  ->  Bitmap Index Scan on k_8  (cost=0.00..5.40 rows=97 width=0)
	        Index Cond: ((k >= 6128050) AND (k <= 6128150))

explain: for range-notcovered :: explain SELECT k, c FROM sbtest%d WHERE k BETWEEN 3282562 AND 3282662
for range-notcovered
table 1 : explain SELECT k, c FROM sbtest1 WHERE k BETWEEN 6924761 AND 6924861
	Bitmap Heap Scan on sbtest1  (cost=5.68..484.20 rows=121 width=125)
	  Recheck Cond: ((k >= 6924761) AND (k <= 6924861))
	  ->  Bitmap Index Scan on k_1  (cost=0.00..5.64 rows=121 width=0)
	        Index Cond: ((k >= 6924761) AND (k <= 6924861))

table 2 : explain SELECT k, c FROM sbtest2 WHERE k BETWEEN 6924761 AND 6924861
	Bitmap Heap Scan on sbtest2  (cost=5.52..425.16 rows=106 width=125)
	  Recheck Cond: ((k >= 6924761) AND (k <= 6924861))
	  ->  Bitmap Index Scan on k_2  (cost=0.00..5.50 rows=106 width=0)
	        Index Cond: ((k >= 6924761) AND (k <= 6924861))

table 3 : explain SELECT k, c FROM sbtest3 WHERE k BETWEEN 6924761 AND 6924861
	Bitmap Heap Scan on sbtest3  (cost=5.46..401.45 rows=100 width=125)
	  Recheck Cond: ((k >= 6924761) AND (k <= 6924861))
	  ->  Bitmap Index Scan on k_3  (cost=0.00..5.43 rows=100 width=0)
	        Index Cond: ((k >= 6924761) AND (k <= 6924861))

table 4 : explain SELECT k, c FROM sbtest4 WHERE k BETWEEN 6924761 AND 6924861
	Bitmap Heap Scan on sbtest4  (cost=5.50..417.25 rows=104 width=125)
	  Recheck Cond: ((k >= 6924761) AND (k <= 6924861))
	  ->  Bitmap Index Scan on k_4  (cost=0.00..5.47 rows=104 width=0)
	        Index Cond: ((k >= 6924761) AND (k <= 6924861))

table 5 : explain SELECT k, c FROM sbtest5 WHERE k BETWEEN 6924761 AND 6924861
	Bitmap Heap Scan on sbtest5  (cost=5.46..401.51 rows=100 width=125)
	  Recheck Cond: ((k >= 6924761) AND (k <= 6924861))
	  ->  Bitmap Index Scan on k_5  (cost=0.00..5.43 rows=100 width=0)
	        Index Cond: ((k >= 6924761) AND (k <= 6924861))

table 6 : explain SELECT k, c FROM sbtest6 WHERE k BETWEEN 6924761 AND 6924861
	Bitmap Heap Scan on sbtest6  (cost=5.46..401.49 rows=100 width=125)
	  Recheck Cond: ((k >= 6924761) AND (k <= 6924861))
	  ->  Bitmap Index Scan on k_6  (cost=0.00..5.43 rows=100 width=0)
	        Index Cond: ((k >= 6924761) AND (k <= 6924861))

table 7 : explain SELECT k, c FROM sbtest7 WHERE k BETWEEN 6924761 AND 6924861
	Bitmap Heap Scan on sbtest7  (cost=5.43..389.65 rows=97 width=125)
	  Recheck Cond: ((k >= 6924761) AND (k <= 6924861))
	  ->  Bitmap Index Scan on k_7  (cost=0.00..5.40 rows=97 width=0)
	        Index Cond: ((k >= 6924761) AND (k <= 6924861))

table 8 : explain SELECT k, c FROM sbtest8 WHERE k BETWEEN 6924761 AND 6924861
	Bitmap Heap Scan on sbtest8  (cost=5.55..436.97 rows=109 width=125)
	  Recheck Cond: ((k >= 6924761) AND (k <= 6924861))
	  ->  Bitmap Index Scan on k_8  (cost=0.00..5.52 rows=109 width=0)
	        Index Cond: ((k >= 6924761) AND (k <= 6924861))

for range-notcovered
table 1 : explain SELECT k, c FROM sbtest1 WHERE k BETWEEN 7490797 AND 7490897
	Bitmap Heap Scan on sbtest1  (cost=5.44..393.59 rows=98 width=125)
	  Recheck Cond: ((k >= 7490797) AND (k <= 7490897))
	  ->  Bitmap Index Scan on k_1  (cost=0.00..5.42 rows=98 width=0)
	        Index Cond: ((k >= 7490797) AND (k <= 7490897))

table 2 : explain SELECT k, c FROM sbtest2 WHERE k BETWEEN 7490797 AND 7490897
	Bitmap Heap Scan on sbtest2  (cost=5.46..401.51 rows=100 width=125)
	  Recheck Cond: ((k >= 7490797) AND (k <= 7490897))
	  ->  Bitmap Index Scan on k_2  (cost=0.00..5.43 rows=100 width=0)
	        Index Cond: ((k >= 7490797) AND (k <= 7490897))

table 3 : explain SELECT k, c FROM sbtest3 WHERE k BETWEEN 7490797 AND 7490897
	Bitmap Heap Scan on sbtest3  (cost=5.54..432.98 rows=108 width=125)
	  Recheck Cond: ((k >= 7490797) AND (k <= 7490897))
	  ->  Bitmap Index Scan on k_3  (cost=0.00..5.51 rows=108 width=0)
	        Index Cond: ((k >= 7490797) AND (k <= 7490897))

table 4 : explain SELECT k, c FROM sbtest4 WHERE k BETWEEN 7490797 AND 7490897
	Bitmap Heap Scan on sbtest4  (cost=5.44..393.59 rows=98 width=125)
	  Recheck Cond: ((k >= 7490797) AND (k <= 7490897))
	  ->  Bitmap Index Scan on k_4  (cost=0.00..5.42 rows=98 width=0)
	        Index Cond: ((k >= 7490797) AND (k <= 7490897))

table 5 : explain SELECT k, c FROM sbtest5 WHERE k BETWEEN 7490797 AND 7490897
	Bitmap Heap Scan on sbtest5  (cost=5.35..358.11 rows=89 width=125)
	  Recheck Cond: ((k >= 7490797) AND (k <= 7490897))
	  ->  Bitmap Index Scan on k_5  (cost=0.00..5.32 rows=89 width=0)
	        Index Cond: ((k >= 7490797) AND (k <= 7490897))

table 6 : explain SELECT k, c FROM sbtest6 WHERE k BETWEEN 7490797 AND 7490897
	Bitmap Heap Scan on sbtest6  (cost=5.49..413.31 rows=103 width=125)
	  Recheck Cond: ((k >= 7490797) AND (k <= 7490897))
	  ->  Bitmap Index Scan on k_6  (cost=0.00..5.46 rows=103 width=0)
	        Index Cond: ((k >= 7490797) AND (k <= 7490897))

table 7 : explain SELECT k, c FROM sbtest7 WHERE k BETWEEN 7490797 AND 7490897
	Bitmap Heap Scan on sbtest7  (cost=5.42..385.71 rows=96 width=125)
	  Recheck Cond: ((k >= 7490797) AND (k <= 7490897))
	  ->  Bitmap Index Scan on k_7  (cost=0.00..5.39 rows=96 width=0)
	        Index Cond: ((k >= 7490797) AND (k <= 7490897))

table 8 : explain SELECT k, c FROM sbtest8 WHERE k BETWEEN 7490797 AND 7490897
	Bitmap Heap Scan on sbtest8  (cost=5.47..405.44 rows=101 width=125)
	  Recheck Cond: ((k >= 7490797) AND (k <= 7490897))
	  ->  Bitmap Index Scan on k_8  (cost=0.00..5.44 rows=101 width=0)
	        Index Cond: ((k >= 7490797) AND (k <= 7490897))

for range-notcovered
table 1 : explain SELECT k, c FROM sbtest1 WHERE k BETWEEN 1868326 AND 1868426
	Bitmap Heap Scan on sbtest1  (cost=5.42..385.71 rows=96 width=125)
	  Recheck Cond: ((k >= 1868326) AND (k <= 1868426))
	  ->  Bitmap Index Scan on k_1  (cost=0.00..5.39 rows=96 width=0)
	        Index Cond: ((k >= 1868326) AND (k <= 1868426))

table 2 : explain SELECT k, c FROM sbtest2 WHERE k BETWEEN 1868326 AND 1868426
	Bitmap Heap Scan on sbtest2  (cost=5.49..413.34 rows=103 width=125)
	  Recheck Cond: ((k >= 1868326) AND (k <= 1868426))
	  ->  Bitmap Index Scan on k_2  (cost=0.00..5.46 rows=103 width=0)
	        Index Cond: ((k >= 1868326) AND (k <= 1868426))

table 3 : explain SELECT k, c FROM sbtest3 WHERE k BETWEEN 1868326 AND 1868426
	Bitmap Heap Scan on sbtest3  (cost=5.50..417.22 rows=104 width=125)
	  Recheck Cond: ((k >= 1868326) AND (k <= 1868426))
	  ->  Bitmap Index Scan on k_3  (cost=0.00..5.47 rows=104 width=0)
	        Index Cond: ((k >= 1868326) AND (k <= 1868426))

table 4 : explain SELECT k, c FROM sbtest4 WHERE k BETWEEN 1868326 AND 1868426
	Bitmap Heap Scan on sbtest4  (cost=5.42..385.70 rows=96 width=125)
	  Recheck Cond: ((k >= 1868326) AND (k <= 1868426))
	  ->  Bitmap Index Scan on k_4  (cost=0.00..5.39 rows=96 width=0)
	        Index Cond: ((k >= 1868326) AND (k <= 1868426))

table 5 : explain SELECT k, c FROM sbtest5 WHERE k BETWEEN 1868326 AND 1868426
	Bitmap Heap Scan on sbtest5  (cost=5.51..421.22 rows=105 width=125)
	  Recheck Cond: ((k >= 1868326) AND (k <= 1868426))
	  ->  Bitmap Index Scan on k_5  (cost=0.00..5.48 rows=105 width=0)
	        Index Cond: ((k >= 1868326) AND (k <= 1868426))

table 6 : explain SELECT k, c FROM sbtest6 WHERE k BETWEEN 1868326 AND 1868426
	Bitmap Heap Scan on sbtest6  (cost=5.47..405.43 rows=101 width=125)
	  Recheck Cond: ((k >= 1868326) AND (k <= 1868426))
	  ->  Bitmap Index Scan on k_6  (cost=0.00..5.44 rows=101 width=0)
	        Index Cond: ((k >= 1868326) AND (k <= 1868426))

table 7 : explain SELECT k, c FROM sbtest7 WHERE k BETWEEN 1868326 AND 1868426
	Bitmap Heap Scan on sbtest7  (cost=5.45..397.54 rows=99 width=125)
	  Recheck Cond: ((k >= 1868326) AND (k <= 1868426))
	  ->  Bitmap Index Scan on k_7  (cost=0.00..5.42 rows=99 width=0)
	        Index Cond: ((k >= 1868326) AND (k <= 1868426))

table 8 : explain SELECT k, c FROM sbtest8 WHERE k BETWEEN 1868326 AND 1868426
	Bitmap Heap Scan on sbtest8  (cost=5.52..425.15 rows=106 width=125)
	  Recheck Cond: ((k >= 1868326) AND (k <= 1868426))
	  ->  Bitmap Index Scan on k_8  (cost=0.00..5.50 rows=106 width=0)
	        Index Cond: ((k >= 1868326) AND (k <= 1868426))
for range-notcovered
table 1 : explain SELECT k, c FROM sbtest1 WHERE k BETWEEN 3595470 AND 3595570
	Bitmap Heap Scan on sbtest1  (cost=5.38..369.92 rows=92 width=125)
	  Recheck Cond: ((k >= 3595470) AND (k <= 3595570))
	  ->  Bitmap Index Scan on k_1  (cost=0.00..5.35 rows=92 width=0)
	        Index Cond: ((k >= 3595470) AND (k <= 3595570))

table 2 : explain SELECT k, c FROM sbtest2 WHERE k BETWEEN 3595470 AND 3595570
	Bitmap Heap Scan on sbtest2  (cost=5.51..421.22 rows=105 width=125)
	  Recheck Cond: ((k >= 3595470) AND (k <= 3595570))
	  ->  Bitmap Index Scan on k_2  (cost=0.00..5.48 rows=105 width=0)
	        Index Cond: ((k >= 3595470) AND (k <= 3595570))

table 3 : explain SELECT k, c FROM sbtest3 WHERE k BETWEEN 3595470 AND 3595570
	Bitmap Heap Scan on sbtest3  (cost=5.46..401.45 rows=100 width=125)
	  Recheck Cond: ((k >= 3595470) AND (k <= 3595570))
	  ->  Bitmap Index Scan on k_3  (cost=0.00..5.43 rows=100 width=0)
	        Index Cond: ((k >= 3595470) AND (k <= 3595570))

table 4 : explain SELECT k, c FROM sbtest4 WHERE k BETWEEN 3595470 AND 3595570
	Bitmap Heap Scan on sbtest4  (cost=5.37..365.97 rows=91 width=125)
	  Recheck Cond: ((k >= 3595470) AND (k <= 3595570))
	  ->  Bitmap Index Scan on k_4  (cost=0.00..5.34 rows=91 width=0)
	        Index Cond: ((k >= 3595470) AND (k <= 3595570))

table 5 : explain SELECT k, c FROM sbtest5 WHERE k BETWEEN 3595470 AND 3595570
	Bitmap Heap Scan on sbtest5  (cost=5.46..401.51 rows=100 width=125)
	  Recheck Cond: ((k >= 3595470) AND (k <= 3595570))
	  ->  Bitmap Index Scan on k_5  (cost=0.00..5.43 rows=100 width=0)
	        Index Cond: ((k >= 3595470) AND (k <= 3595570))

table 6 : explain SELECT k, c FROM sbtest6 WHERE k BETWEEN 3595470 AND 3595570
	Bitmap Heap Scan on sbtest6  (cost=5.38..369.93 rows=92 width=125)
	  Recheck Cond: ((k >= 3595470) AND (k <= 3595570))
	  ->  Bitmap Index Scan on k_6  (cost=0.00..5.35 rows=92 width=0)
	        Index Cond: ((k >= 3595470) AND (k <= 3595570))

table 7 : explain SELECT k, c FROM sbtest7 WHERE k BETWEEN 3595470 AND 3595570
	Bitmap Heap Scan on sbtest7  (cost=5.47..405.43 rows=101 width=125)
	  Recheck Cond: ((k >= 3595470) AND (k <= 3595570))
	  ->  Bitmap Index Scan on k_7  (cost=0.00..5.44 rows=101 width=0)
	        Index Cond: ((k >= 3595470) AND (k <= 3595570))

table 8 : explain SELECT k, c FROM sbtest8 WHERE k BETWEEN 3595470 AND 3595570
	Bitmap Heap Scan on sbtest8  (cost=5.45..397.55 rows=99 width=125)
	  Recheck Cond: ((k >= 3595470) AND (k <= 3595570))
	  ->  Bitmap Index Scan on k_8  (cost=0.00..5.42 rows=99 width=0)
	        Index Cond: ((k >= 3595470) AND (k <= 3595570))

for range-notcovered
table 1 : explain SELECT k, c FROM sbtest1 WHERE k BETWEEN 5799430 AND 5799530
	Bitmap Heap Scan on sbtest1  (cost=5.49..413.31 rows=103 width=125)
	  Recheck Cond: ((k >= 5799430) AND (k <= 5799530))
	  ->  Bitmap Index Scan on k_1  (cost=0.00..5.46 rows=103 width=0)
	        Index Cond: ((k >= 5799430) AND (k <= 5799530))

table 2 : explain SELECT k, c FROM sbtest2 WHERE k BETWEEN 5799430 AND 5799530
	Bitmap Heap Scan on sbtest2  (cost=5.49..413.34 rows=103 width=125)
	  Recheck Cond: ((k >= 5799430) AND (k <= 5799530))
	  ->  Bitmap Index Scan on k_2  (cost=0.00..5.46 rows=103 width=0)
	        Index Cond: ((k >= 5799430) AND (k <= 5799530))

table 3 : explain SELECT k, c FROM sbtest3 WHERE k BETWEEN 5799430 AND 5799530
	Bitmap Heap Scan on sbtest3  (cost=5.46..401.45 rows=100 width=125)
	  Recheck Cond: ((k >= 5799430) AND (k <= 5799530))
	  ->  Bitmap Index Scan on k_3  (cost=0.00..5.43 rows=100 width=0)
	        Index Cond: ((k >= 5799430) AND (k <= 5799530))

table 4 : explain SELECT k, c FROM sbtest4 WHERE k BETWEEN 5799430 AND 5799530
	Bitmap Heap Scan on sbtest4  (cost=5.52..425.13 rows=106 width=125)
	  Recheck Cond: ((k >= 5799430) AND (k <= 5799530))
	  ->  Bitmap Index Scan on k_4  (cost=0.00..5.50 rows=106 width=0)
	        Index Cond: ((k >= 5799430) AND (k <= 5799530))

table 5 : explain SELECT k, c FROM sbtest5 WHERE k BETWEEN 5799430 AND 5799530
	Bitmap Heap Scan on sbtest5  (cost=5.47..405.45 rows=101 width=125)
	  Recheck Cond: ((k >= 5799430) AND (k <= 5799530))
	  ->  Bitmap Index Scan on k_5  (cost=0.00..5.44 rows=101 width=0)
	        Index Cond: ((k >= 5799430) AND (k <= 5799530))

table 6 : explain SELECT k, c FROM sbtest6 WHERE k BETWEEN 5799430 AND 5799530
	Bitmap Heap Scan on sbtest6  (cost=5.62..464.53 rows=116 width=125)
	  Recheck Cond: ((k >= 5799430) AND (k <= 5799530))
	  ->  Bitmap Index Scan on k_6  (cost=0.00..5.59 rows=116 width=0)
	        Index Cond: ((k >= 5799430) AND (k <= 5799530))

table 7 : explain SELECT k, c FROM sbtest7 WHERE k BETWEEN 5799430 AND 5799530
	Bitmap Heap Scan on sbtest7  (cost=5.45..397.54 rows=99 width=125)
	  Recheck Cond: ((k >= 5799430) AND (k <= 5799530))
	  ->  Bitmap Index Scan on k_7  (cost=0.00..5.42 rows=99 width=0)
	        Index Cond: ((k >= 5799430) AND (k <= 5799530))

table 8 : explain SELECT k, c FROM sbtest8 WHERE k BETWEEN 5799430 AND 5799530
	Bitmap Heap Scan on sbtest8  (cost=5.50..417.26 rows=104 width=125)
	  Recheck Cond: ((k >= 5799430) AND (k <= 5799530))
	  ->  Bitmap Index Scan on k_8  (cost=0.00..5.47 rows=104 width=0)
	        Index Cond: ((k >= 5799430) AND (k <= 5799530))

explain: for range-notcovered :: explain SELECT k, c FROM sbtest%d WHERE k BETWEEN 6128050 AND 6128150

for range-notcovered
table 1 : explain SELECT k, c FROM sbtest1 WHERE k BETWEEN 1458180 AND 1458280
	Bitmap Heap Scan on sbtest1  (cost=5.48..409.37 rows=102 width=125)
	  Recheck Cond: ((k >= 1458180) AND (k <= 1458280))
	  ->  Bitmap Index Scan on k_1  (cost=0.00..5.45 rows=102 width=0)
	        Index Cond: ((k >= 1458180) AND (k <= 1458280))

table 2 : explain SELECT k, c FROM sbtest2 WHERE k BETWEEN 1458180 AND 1458280
	Bitmap Heap Scan on sbtest2  (cost=5.51..421.22 rows=105 width=125)
	  Recheck Cond: ((k >= 1458180) AND (k <= 1458280))
	  ->  Bitmap Index Scan on k_2  (cost=0.00..5.48 rows=105 width=0)
	        Index Cond: ((k >= 1458180) AND (k <= 1458280))

table 3 : explain SELECT k, c FROM sbtest3 WHERE k BETWEEN 1458180 AND 1458280
	Bitmap Heap Scan on sbtest3  (cost=5.50..417.22 rows=104 width=125)
	  Recheck Cond: ((k >= 1458180) AND (k <= 1458280))
	  ->  Bitmap Index Scan on k_3  (cost=0.00..5.47 rows=104 width=0)
	        Index Cond: ((k >= 1458180) AND (k <= 1458280))

table 4 : explain SELECT k, c FROM sbtest4 WHERE k BETWEEN 1458180 AND 1458280
	Bitmap Heap Scan on sbtest4  (cost=5.52..425.13 rows=106 width=125)
	  Recheck Cond: ((k >= 1458180) AND (k <= 1458280))
	  ->  Bitmap Index Scan on k_4  (cost=0.00..5.50 rows=106 width=0)
	        Index Cond: ((k >= 1458180) AND (k <= 1458280))

table 5 : explain SELECT k, c FROM sbtest5 WHERE k BETWEEN 1458180 AND 1458280
	Bitmap Heap Scan on sbtest5  (cost=5.51..421.22 rows=105 width=125)
	  Recheck Cond: ((k >= 1458180) AND (k <= 1458280))
	  ->  Bitmap Index Scan on k_5  (cost=0.00..5.48 rows=105 width=0)
	        Index Cond: ((k >= 1458180) AND (k <= 1458280))

table 6 : explain SELECT k, c FROM sbtest6 WHERE k BETWEEN 1458180 AND 1458280
	Bitmap Heap Scan on sbtest6  (cost=5.45..397.54 rows=99 width=125)
	  Recheck Cond: ((k >= 1458180) AND (k <= 1458280))
	  ->  Bitmap Index Scan on k_6  (cost=0.00..5.42 rows=99 width=0)
	        Index Cond: ((k >= 1458180) AND (k <= 1458280))

table 7 : explain SELECT k, c FROM sbtest7 WHERE k BETWEEN 1458180 AND 1458280
	Bitmap Heap Scan on sbtest7  (cost=5.53..429.08 rows=107 width=125)
	  Recheck Cond: ((k >= 1458180) AND (k <= 1458280))
	  ->  Bitmap Index Scan on k_7  (cost=0.00..5.50 rows=107 width=0)
	        Index Cond: ((k >= 1458180) AND (k <= 1458280))

table 8 : explain SELECT k, c FROM sbtest8 WHERE k BETWEEN 1458180 AND 1458280
	Bitmap Heap Scan on sbtest8  (cost=5.43..389.66 rows=97 width=125)
	  Recheck Cond: ((k >= 1458180) AND (k <= 1458280))
	  ->  Bitmap Index Scan on k_8  (cost=0.00..5.40 rows=97 width=0)
	        Index Cond: ((k >= 1458180) AND (k <= 1458280))

for range-notcovered
table 1 : explain SELECT k, c FROM sbtest1 WHERE k BETWEEN 5912230 AND 5912330
	Bitmap Heap Scan on sbtest1  (cost=5.49..413.31 rows=103 width=125)
	  Recheck Cond: ((k >= 5912230) AND (k <= 5912330))
	  ->  Bitmap Index Scan on k_1  (cost=0.00..5.46 rows=103 width=0)
	        Index Cond: ((k >= 5912230) AND (k <= 5912330))

table 2 : explain SELECT k, c FROM sbtest2 WHERE k BETWEEN 5912230 AND 5912330
	Bitmap Heap Scan on sbtest2  (cost=5.42..385.73 rows=96 width=125)
	  Recheck Cond: ((k >= 5912230) AND (k <= 5912330))
	  ->  Bitmap Index Scan on k_2  (cost=0.00..5.39 rows=96 width=0)
	        Index Cond: ((k >= 5912230) AND (k <= 5912330))

table 3 : explain SELECT k, c FROM sbtest3 WHERE k BETWEEN 5912230 AND 5912330
	Bitmap Heap Scan on sbtest3  (cost=5.48..409.34 rows=102 width=125)
	  Recheck Cond: ((k >= 5912230) AND (k <= 5912330))
	  ->  Bitmap Index Scan on k_3  (cost=0.00..5.45 rows=102 width=0)
	        Index Cond: ((k >= 5912230) AND (k <= 5912330))

table 4 : explain SELECT k, c FROM sbtest4 WHERE k BETWEEN 5912230 AND 5912330
	Bitmap Heap Scan on sbtest4  (cost=5.43..389.65 rows=97 width=125)
	  Recheck Cond: ((k >= 5912230) AND (k <= 5912330))
	  ->  Bitmap Index Scan on k_4  (cost=0.00..5.40 rows=97 width=0)
	        Index Cond: ((k >= 5912230) AND (k <= 5912330))

table 5 : explain SELECT k, c FROM sbtest5 WHERE k BETWEEN 5912230 AND 5912330
	Bitmap Heap Scan on sbtest5  (cost=5.50..417.28 rows=104 width=125)
	  Recheck Cond: ((k >= 5912230) AND (k <= 5912330))
	  ->  Bitmap Index Scan on k_5  (cost=0.00..5.47 rows=104 width=0)
	        Index Cond: ((k >= 5912230) AND (k <= 5912330))

table 6 : explain SELECT k, c FROM sbtest6 WHERE k BETWEEN 5912230 AND 5912330
	Bitmap Heap Scan on sbtest6  (cost=5.50..417.26 rows=104 width=125)
	  Recheck Cond: ((k >= 5912230) AND (k <= 5912330))
	  ->  Bitmap Index Scan on k_6  (cost=0.00..5.47 rows=104 width=0)
	        Index Cond: ((k >= 5912230) AND (k <= 5912330))

table 7 : explain SELECT k, c FROM sbtest7 WHERE k BETWEEN 5912230 AND 5912330
	Bitmap Heap Scan on sbtest7  (cost=5.44..393.60 rows=98 width=125)
	  Recheck Cond: ((k >= 5912230) AND (k <= 5912330))
	  ->  Bitmap Index Scan on k_7  (cost=0.00..5.42 rows=98 width=0)
	        Index Cond: ((k >= 5912230) AND (k <= 5912330))

table 8 : explain SELECT k, c FROM sbtest8 WHERE k BETWEEN 5912230 AND 5912330
	Bitmap Heap Scan on sbtest8  (cost=5.44..393.61 rows=98 width=125)
	  Recheck Cond: ((k >= 5912230) AND (k <= 5912330))
	  ->  Bitmap Index Scan on k_8  (cost=0.00..5.42 rows=98 width=0)
	        Index Cond: ((k >= 5912230) AND (k <= 5912330))

explain: for range-notcovered :: explain SELECT k, c FROM sbtest%d WHERE k BETWEEN 7490797 AND 7490897
for range-notcovered
table 1 : explain SELECT k, c FROM sbtest1 WHERE k BETWEEN 8429688 AND 8429788
	Bitmap Heap Scan on sbtest1  (cost=5.45..397.54 rows=99 width=125)
	  Recheck Cond: ((k >= 8429688) AND (k <= 8429788))
	  ->  Bitmap Index Scan on k_1  (cost=0.00..5.42 rows=99 width=0)
	        Index Cond: ((k >= 8429688) AND (k <= 8429788))

table 2 : explain SELECT k, c FROM sbtest2 WHERE k BETWEEN 8429688 AND 8429788
	Bitmap Heap Scan on sbtest2  (cost=5.45..397.57 rows=99 width=125)
	  Recheck Cond: ((k >= 8429688) AND (k <= 8429788))
	  ->  Bitmap Index Scan on k_2  (cost=0.00..5.42 rows=99 width=0)
	        Index Cond: ((k >= 8429688) AND (k <= 8429788))

table 3 : explain SELECT k, c FROM sbtest3 WHERE k BETWEEN 8429688 AND 8429788
	Bitmap Heap Scan on sbtest3  (cost=5.43..389.62 rows=97 width=125)
	  Recheck Cond: ((k >= 8429688) AND (k <= 8429788))
	  ->  Bitmap Index Scan on k_3  (cost=0.00..5.40 rows=97 width=0)
	        Index Cond: ((k >= 8429688) AND (k <= 8429788))

table 4 : explain SELECT k, c FROM sbtest4 WHERE k BETWEEN 8429688 AND 8429788
	Bitmap Heap Scan on sbtest4  (cost=5.48..409.36 rows=102 width=125)
	  Recheck Cond: ((k >= 8429688) AND (k <= 8429788))
	  ->  Bitmap Index Scan on k_4  (cost=0.00..5.45 rows=102 width=0)
	        Index Cond: ((k >= 8429688) AND (k <= 8429788))

table 5 : explain SELECT k, c FROM sbtest5 WHERE k BETWEEN 8429688 AND 8429788
	Bitmap Heap Scan on sbtest5  (cost=5.50..417.28 rows=104 width=125)
	  Recheck Cond: ((k >= 8429688) AND (k <= 8429788))
	  ->  Bitmap Index Scan on k_5  (cost=0.00..5.47 rows=104 width=0)
	        Index Cond: ((k >= 8429688) AND (k <= 8429788))

table 6 : explain SELECT k, c FROM sbtest6 WHERE k BETWEEN 8429688 AND 8429788
	Bitmap Heap Scan on sbtest6  (cost=5.55..436.96 rows=109 width=125)
	  Recheck Cond: ((k >= 8429688) AND (k <= 8429788))
	  ->  Bitmap Index Scan on k_6  (cost=0.00..5.52 rows=109 width=0)
	        Index Cond: ((k >= 8429688) AND (k <= 8429788))

table 7 : explain SELECT k, c FROM sbtest7 WHERE k BETWEEN 8429688 AND 8429788
	Bitmap Heap Scan on sbtest7  (cost=5.52..425.14 rows=106 width=125)
	  Recheck Cond: ((k >= 8429688) AND (k <= 8429788))
	  ->  Bitmap Index Scan on k_7  (cost=0.00..5.50 rows=106 width=0)
	        Index Cond: ((k >= 8429688) AND (k <= 8429788))

table 8 : explain SELECT k, c FROM sbtest8 WHERE k BETWEEN 8429688 AND 8429788
	Bitmap Heap Scan on sbtest8  (cost=5.54..433.03 rows=108 width=125)
	  Recheck Cond: ((k >= 8429688) AND (k <= 8429788))
	  ->  Bitmap Index Scan on k_8  (cost=0.00..5.51 rows=108 width=0)
	        Index Cond: ((k >= 8429688) AND (k <= 8429788))

for range-notcovered
table 1 : explain SELECT k, c FROM sbtest1 WHERE k BETWEEN 2845276 AND 2845376
	Bitmap Heap Scan on sbtest1  (cost=5.53..429.07 rows=107 width=125)
	  Recheck Cond: ((k >= 2845276) AND (k <= 2845376))
	  ->  Bitmap Index Scan on k_1  (cost=0.00..5.50 rows=107 width=0)
	        Index Cond: ((k >= 2845276) AND (k <= 2845376))

table 2 : explain SELECT k, c FROM sbtest2 WHERE k BETWEEN 2845276 AND 2845376
	Bitmap Heap Scan on sbtest2  (cost=5.41..381.79 rows=95 width=125)
	  Recheck Cond: ((k >= 2845276) AND (k <= 2845376))
	  ->  Bitmap Index Scan on k_2  (cost=0.00..5.38 rows=95 width=0)
	        Index Cond: ((k >= 2845276) AND (k <= 2845376))

table 3 : explain SELECT k, c FROM sbtest3 WHERE k BETWEEN 2845276 AND 2845376
	Bitmap Heap Scan on sbtest3  (cost=5.38..369.90 rows=92 width=125)
	  Recheck Cond: ((k >= 2845276) AND (k <= 2845376))
	  ->  Bitmap Index Scan on k_3  (cost=0.00..5.35 rows=92 width=0)
	        Index Cond: ((k >= 2845276) AND (k <= 2845376))

table 4 : explain SELECT k, c FROM sbtest4 WHERE k BETWEEN 2845276 AND 2845376
	Bitmap Heap Scan on sbtest4  (cost=5.45..397.54 rows=99 width=125)
	  Recheck Cond: ((k >= 2845276) AND (k <= 2845376))
	  ->  Bitmap Index Scan on k_4  (cost=0.00..5.42 rows=99 width=0)
	        Index Cond: ((k >= 2845276) AND (k <= 2845376))

table 5 : explain SELECT k, c FROM sbtest5 WHERE k BETWEEN 2845276 AND 2845376
	Bitmap Heap Scan on sbtest5  (cost=5.41..381.79 rows=95 width=125)
	  Recheck Cond: ((k >= 2845276) AND (k <= 2845376))
	  ->  Bitmap Index Scan on k_5  (cost=0.00..5.38 rows=95 width=0)
	        Index Cond: ((k >= 2845276) AND (k <= 2845376))

table 6 : explain SELECT k, c FROM sbtest6 WHERE k BETWEEN 2845276 AND 2845376
	Bitmap Heap Scan on sbtest6  (cost=5.51..421.20 rows=105 width=125)
	  Recheck Cond: ((k >= 2845276) AND (k <= 2845376))
	  ->  Bitmap Index Scan on k_6  (cost=0.00..5.48 rows=105 width=0)
	        Index Cond: ((k >= 2845276) AND (k <= 2845376))

table 7 : explain SELECT k, c FROM sbtest7 WHERE k BETWEEN 2845276 AND 2845376
	Bitmap Heap Scan on sbtest7  (cost=5.52..425.14 rows=106 width=125)
	  Recheck Cond: ((k >= 2845276) AND (k <= 2845376))
	  ->  Bitmap Index Scan on k_7  (cost=0.00..5.50 rows=106 width=0)
	        Index Cond: ((k >= 2845276) AND (k <= 2845376))

table 8 : explain SELECT k, c FROM sbtest8 WHERE k BETWEEN 2845276 AND 2845376
	Bitmap Heap Scan on sbtest8  (cost=5.46..401.49 rows=100 width=125)
	  Recheck Cond: ((k >= 2845276) AND (k <= 2845376))
	  ->  Bitmap Index Scan on k_8  (cost=0.00..5.43 rows=100 width=0)
	        Index Cond: ((k >= 2845276) AND (k <= 2845376))

explain: for range-notcovered :: explain SELECT k, c FROM sbtest%d WHERE k BETWEEN 1868326 AND 1868426
explain: for range-notcovered :: explain SELECT k, c FROM sbtest%d WHERE k BETWEEN 5799430 AND 5799530explain: for range-notcovered :: explain SELECT k, c FROM sbtest%d WHERE k BETWEEN 1458180 AND 1458280explain: for range-notcovered :: explain SELECT k, c FROM sbtest%d WHERE k BETWEEN 5912230 AND 5912330
for range-notcovered
table 1 : explain SELECT k, c FROM sbtest1 WHERE k BETWEEN 7541855 AND 7541955
	Bitmap Heap Scan on sbtest1  (cost=5.43..389.65 rows=97 width=125)
	  Recheck Cond: ((k >= 7541855) AND (k <= 7541955))
	  ->  Bitmap Index Scan on k_1  (cost=0.00..5.40 rows=97 width=0)
	        Index Cond: ((k >= 7541855) AND (k <= 7541955))

table 2 : explain SELECT k, c FROM sbtest2 WHERE k BETWEEN 7541855 AND 7541955
	Bitmap Heap Scan on sbtest2  (cost=5.42..385.73 rows=96 width=125)
	  Recheck Cond: ((k >= 7541855) AND (k <= 7541955))
	  ->  Bitmap Index Scan on k_2  (cost=0.00..5.39 rows=96 width=0)
	        Index Cond: ((k >= 7541855) AND (k <= 7541955))

table 3 : explain SELECT k, c FROM sbtest3 WHERE k BETWEEN 7541855 AND 7541955
	Bitmap Heap Scan on sbtest3  (cost=5.54..432.98 rows=108 width=125)
	  Recheck Cond: ((k >= 7541855) AND (k <= 7541955))
	  ->  Bitmap Index Scan on k_3  (cost=0.00..5.51 rows=108 width=0)
	        Index Cond: ((k >= 7541855) AND (k <= 7541955))

table 4 : explain SELECT k, c FROM sbtest4 WHERE k BETWEEN 7541855 AND 7541955
	Bitmap Heap Scan on sbtest4  (cost=5.44..393.59 rows=98 width=125)
	  Recheck Cond: ((k >= 7541855) AND (k <= 7541955))
	  ->  Bitmap Index Scan on k_4  (cost=0.00..5.42 rows=98 width=0)
	        Index Cond: ((k >= 7541855) AND (k <= 7541955))

table 5 : explain SELECT k, c FROM sbtest5 WHERE k BETWEEN 7541855 AND 7541955
	Bitmap Heap Scan on sbtest5  (cost=5.55..436.99 rows=109 width=125)
	  Recheck Cond: ((k >= 7541855) AND (k <= 7541955))
	  ->  Bitmap Index Scan on k_5  (cost=0.00..5.52 rows=109 width=0)
	        Index Cond: ((k >= 7541855) AND (k <= 7541955))

table 6 : explain SELECT k, c FROM sbtest6 WHERE k BETWEEN 7541855 AND 7541955
	Bitmap Heap Scan on sbtest6  (cost=5.48..409.37 rows=102 width=125)
	  Recheck Cond: ((k >= 7541855) AND (k <= 7541955))
	  ->  Bitmap Index Scan on k_6  (cost=0.00..5.45 rows=102 width=0)
	        Index Cond: ((k >= 7541855) AND (k <= 7541955))

table 7 : explain SELECT k, c FROM sbtest7 WHERE k BETWEEN 7541855 AND 7541955
	Bitmap Heap Scan on sbtest7  (cost=5.53..429.08 rows=107 width=125)
	  Recheck Cond: ((k >= 7541855) AND (k <= 7541955))
	  ->  Bitmap Index Scan on k_7  (cost=0.00..5.50 rows=107 width=0)
	        Index Cond: ((k >= 7541855) AND (k <= 7541955))

table 8 : explain SELECT k, c FROM sbtest8 WHERE k BETWEEN 7541855 AND 7541955
	Bitmap Heap Scan on sbtest8  (cost=5.47..405.44 rows=101 width=125)
	  Recheck Cond: ((k >= 7541855) AND (k <= 7541955))
	  ->  Bitmap Index Scan on k_8  (cost=0.00..5.44 rows=101 width=0)
	        Index Cond: ((k >= 7541855) AND (k <= 7541955))
explain: for range-notcovered :: explain SELECT k, c FROM sbtest%d WHERE k BETWEEN 8429688 AND 8429788
explain: for range-notcovered :: explain SELECT k, c FROM sbtest%d WHERE k BETWEEN 6924761 AND 6924861explain: for range-notcovered :: explain SELECT k, c FROM sbtest%d WHERE k BETWEEN 2845276 AND 2845376

explain: for range-notcovered :: explain SELECT k, c FROM sbtest%d WHERE k BETWEEN 3595470 AND 3595570

for range-notcovered
table 1 : explain SELECT k, c FROM sbtest1 WHERE k BETWEEN 1880241 AND 1880341
	Bitmap Heap Scan on sbtest1  (cost=5.42..385.71 rows=96 width=125)
	  Recheck Cond: ((k >= 1880241) AND (k <= 1880341))
	  ->  Bitmap Index Scan on k_1  (cost=0.00..5.39 rows=96 width=0)
	        Index Cond: ((k >= 1880241) AND (k <= 1880341))

table 2 : explain SELECT k, c FROM sbtest2 WHERE k BETWEEN 1880241 AND 1880341
	Bitmap Heap Scan on sbtest2  (cost=5.49..413.34 rows=103 width=125)
	  Recheck Cond: ((k >= 1880241) AND (k <= 1880341))
	  ->  Bitmap Index Scan on k_2  (cost=0.00..5.46 rows=103 width=0)
	        Index Cond: ((k >= 1880241) AND (k <= 1880341))

table 3 : explain SELECT k, c FROM sbtest3 WHERE k BETWEEN 1880241 AND 1880341
	Bitmap Heap Scan on sbtest3  (cost=5.50..417.22 rows=104 width=125)
	  Recheck Cond: ((k >= 1880241) AND (k <= 1880341))
	  ->  Bitmap Index Scan on k_3  (cost=0.00..5.47 rows=104 width=0)
	        Index Cond: ((k >= 1880241) AND (k <= 1880341))

table 4 : explain SELECT k, c FROM sbtest4 WHERE k BETWEEN 1880241 AND 1880341
	Bitmap Heap Scan on sbtest4  (cost=5.42..385.70 rows=96 width=125)
	  Recheck Cond: ((k >= 1880241) AND (k <= 1880341))
	  ->  Bitmap Index Scan on k_4  (cost=0.00..5.39 rows=96 width=0)
	        Index Cond: ((k >= 1880241) AND (k <= 1880341))

table 5 : explain SELECT k, c FROM sbtest5 WHERE k BETWEEN 1880241 AND 1880341
	Bitmap Heap Scan on sbtest5  (cost=5.51..421.22 rows=105 width=125)
	  Recheck Cond: ((k >= 1880241) AND (k <= 1880341))
	  ->  Bitmap Index Scan on k_5  (cost=0.00..5.48 rows=105 width=0)
	        Index Cond: ((k >= 1880241) AND (k <= 1880341))

table 6 : explain SELECT k, c FROM sbtest6 WHERE k BETWEEN 1880241 AND 1880341
	Bitmap Heap Scan on sbtest6  (cost=5.47..405.43 rows=101 width=125)
	  Recheck Cond: ((k >= 1880241) AND (k <= 1880341))
	  ->  Bitmap Index Scan on k_6  (cost=0.00..5.44 rows=101 width=0)
	        Index Cond: ((k >= 1880241) AND (k <= 1880341))

table 7 : explain SELECT k, c FROM sbtest7 WHERE k BETWEEN 1880241 AND 1880341
	Bitmap Heap Scan on sbtest7  (cost=5.45..397.54 rows=99 width=125)
	  Recheck Cond: ((k >= 1880241) AND (k <= 1880341))
	  ->  Bitmap Index Scan on k_7  (cost=0.00..5.42 rows=99 width=0)
	        Index Cond: ((k >= 1880241) AND (k <= 1880341))

table 8 : explain SELECT k, c FROM sbtest8 WHERE k BETWEEN 1880241 AND 1880341
	Bitmap Heap Scan on sbtest8  (cost=5.52..425.15 rows=106 width=125)
	  Recheck Cond: ((k >= 1880241) AND (k <= 1880341))
	  ->  Bitmap Index Scan on k_8  (cost=0.00..5.50 rows=106 width=0)
	        Index Cond: ((k >= 1880241) AND (k <= 1880341))



for range-notcovered
table 1 : explain SELECT k, c FROM sbtest1 WHERE k BETWEEN 1158135 AND 1158235
	Bitmap Heap Scan on sbtest1  (cost=5.49..413.31 rows=103 width=125)
	  Recheck Cond: ((k >= 1158135) AND (k <= 1158235))
	  ->  Bitmap Index Scan on k_1  (cost=0.00..5.46 rows=103 width=0)
	        Index Cond: ((k >= 1158135) AND (k <= 1158235))

table 2 : explain SELECT k, c FROM sbtest2 WHERE k BETWEEN 1158135 AND 1158235
	Bitmap Heap Scan on sbtest2  (cost=5.50..417.28 rows=104 width=125)
	  Recheck Cond: ((k >= 1158135) AND (k <= 1158235))
	  ->  Bitmap Index Scan on k_2  (cost=0.00..5.47 rows=104 width=0)
	        Index Cond: ((k >= 1158135) AND (k <= 1158235))

table 3 : explain SELECT k, c FROM sbtest3 WHERE k BETWEEN 1158135 AND 1158235
	Bitmap Heap Scan on sbtest3  (cost=5.54..432.98 rows=108 width=125)
	  Recheck Cond: ((k >= 1158135) AND (k <= 1158235))
	  ->  Bitmap Index Scan on k_3  (cost=0.00..5.51 rows=108 width=0)
	        Index Cond: ((k >= 1158135) AND (k <= 1158235))

table 4 : explain SELECT k, c FROM sbtest4 WHERE k BETWEEN 1158135 AND 1158235
	Bitmap Heap Scan on sbtest4  (cost=5.56..440.89 rows=110 width=125)
	  Recheck Cond: ((k >= 1158135) AND (k <= 1158235))
	  ->  Bitmap Index Scan on k_4  (cost=0.00..5.53 rows=110 width=0)
	        Index Cond: ((k >= 1158135) AND (k <= 1158235))

table 5 : explain SELECT k, c FROM sbtest5 WHERE k BETWEEN 1158135 AND 1158235
	Bitmap Heap Scan on sbtest5  (cost=5.55..436.99 rows=109 width=125)
	  Recheck Cond: ((k >= 1158135) AND (k <= 1158235))
	  ->  Bitmap Index Scan on k_5  (cost=0.00..5.52 rows=109 width=0)
	        Index Cond: ((k >= 1158135) AND (k <= 1158235))

table 6 : explain SELECT k, c FROM sbtest6 WHERE k BETWEEN 1158135 AND 1158235
	Bitmap Heap Scan on sbtest6  (cost=5.56..440.90 rows=110 width=125)
	  Recheck Cond: ((k >= 1158135) AND (k <= 1158235))
	  ->  Bitmap Index Scan on k_6  (cost=0.00..5.53 rows=110 width=0)
	        Index Cond: ((k >= 1158135) AND (k <= 1158235))

table 7 : explain SELECT k, c FROM sbtest7 WHERE k BETWEEN 1158135 AND 1158235
	Bitmap Heap Scan on sbtest7  (cost=5.51..421.20 rows=105 width=125)
	  Recheck Cond: ((k >= 1158135) AND (k <= 1158235))
	  ->  Bitmap Index Scan on k_7  (cost=0.00..5.48 rows=105 width=0)
	        Index Cond: ((k >= 1158135) AND (k <= 1158235))

table 8 : explain SELECT k, c FROM sbtest8 WHERE k BETWEEN 1158135 AND 1158235
	Bitmap Heap Scan on sbtest8  (cost=5.59..452.72 rows=113 width=125)
	  Recheck Cond: ((k >= 1158135) AND (k <= 1158235))
	  ->  Bitmap Index Scan on k_8  (cost=0.00..5.56 rows=113 width=0)
	        Index Cond: ((k >= 1158135) AND (k <= 1158235))

for range-notcovered
table 1 : explain SELECT k, c FROM sbtest1 WHERE k BETWEEN 1289756 AND 1289856
	Bitmap Heap Scan on sbtest1  (cost=5.55..436.95 rows=109 width=125)
	  Recheck Cond: ((k >= 1289756) AND (k <= 1289856))
	  ->  Bitmap Index Scan on k_1  (cost=0.00..5.52 rows=109 width=0)
	        Index Cond: ((k >= 1289756) AND (k <= 1289856))

table 2 : explain SELECT k, c FROM sbtest2 WHERE k BETWEEN 1289756 AND 1289856
	Bitmap Heap Scan on sbtest2  (cost=5.49..413.34 rows=103 width=125)
	  Recheck Cond: ((k >= 1289756) AND (k <= 1289856))
	  ->  Bitmap Index Scan on k_2  (cost=0.00..5.46 rows=103 width=0)
	        Index Cond: ((k >= 1289756) AND (k <= 1289856))

table 3 : explain SELECT k, c FROM sbtest3 WHERE k BETWEEN 1289756 AND 1289856
	Bitmap Heap Scan on sbtest3  (cost=5.56..440.86 rows=110 width=125)
	  Recheck Cond: ((k >= 1289756) AND (k <= 1289856))
	  ->  Bitmap Index Scan on k_3  (cost=0.00..5.53 rows=110 width=0)
	        Index Cond: ((k >= 1289756) AND (k <= 1289856))

table 4 : explain SELECT k, c FROM sbtest4 WHERE k BETWEEN 1289756 AND 1289856
	Bitmap Heap Scan on sbtest4  (cost=5.56..440.89 rows=110 width=125)
	  Recheck Cond: ((k >= 1289756) AND (k <= 1289856))
	  ->  Bitmap Index Scan on k_4  (cost=0.00..5.53 rows=110 width=0)
	        Index Cond: ((k >= 1289756) AND (k <= 1289856))

table 5 : explain SELECT k, c FROM sbtest5 WHERE k BETWEEN 1289756 AND 1289856
	Bitmap Heap Scan on sbtest5  (cost=5.36..362.05 rows=90 width=125)
	  Recheck Cond: ((k >= 1289756) AND (k <= 1289856))
	  ->  Bitmap Index Scan on k_5  (cost=0.00..5.33 rows=90 width=0)
	        Index Cond: ((k >= 1289756) AND (k <= 1289856))

table 6 : explain SELECT k, c FROM sbtest6 WHERE k BETWEEN 1289756 AND 1289856
	Bitmap Heap Scan on sbtest6  (cost=5.37..365.98 rows=91 width=125)
	  Recheck Cond: ((k >= 1289756) AND (k <= 1289856))
	  ->  Bitmap Index Scan on k_6  (cost=0.00..5.34 rows=91 width=0)
	        Index Cond: ((k >= 1289756) AND (k <= 1289856))

table 7 : explain SELECT k, c FROM sbtest7 WHERE k BETWEEN 1289756 AND 1289856
	Bitmap Heap Scan on sbtest7  (cost=5.50..417.25 rows=104 width=125)
	  Recheck Cond: ((k >= 1289756) AND (k <= 1289856))
	  ->  Bitmap Index Scan on k_7  (cost=0.00..5.47 rows=104 width=0)
	        Index Cond: ((k >= 1289756) AND (k <= 1289856))

table 8 : explain SELECT k, c FROM sbtest8 WHERE k BETWEEN 1289756 AND 1289856
	Bitmap Heap Scan on sbtest8  (cost=5.38..369.93 rows=92 width=125)
	  Recheck Cond: ((k >= 1289756) AND (k <= 1289856))
	  ->  Bitmap Index Scan on k_8  (cost=0.00..5.35 rows=92 width=0)
	        Index Cond: ((k >= 1289756) AND (k <= 1289856))

explain: for range-notcovered :: explain SELECT k, c FROM sbtest%d WHERE k BETWEEN 1880241 AND 1880341
explain: for range-notcovered :: explain SELECT k, c FROM sbtest%d WHERE k BETWEEN 7541855 AND 7541955
for range-notcovered
table 1 : explain SELECT k, c FROM sbtest1 WHERE k BETWEEN 6714694 AND 6714794
	Bitmap Heap Scan on sbtest1  (cost=5.42..385.71 rows=96 width=125)
	  Recheck Cond: ((k >= 6714694) AND (k <= 6714794))
	  ->  Bitmap Index Scan on k_1  (cost=0.00..5.39 rows=96 width=0)
	        Index Cond: ((k >= 6714694) AND (k <= 6714794))

table 2 : explain SELECT k, c FROM sbtest2 WHERE k BETWEEN 6714694 AND 6714794
	Bitmap Heap Scan on sbtest2  (cost=5.45..397.57 rows=99 width=125)
	  Recheck Cond: ((k >= 6714694) AND (k <= 6714794))
	  ->  Bitmap Index Scan on k_2  (cost=0.00..5.42 rows=99 width=0)
	        Index Cond: ((k >= 6714694) AND (k <= 6714794))

table 3 : explain SELECT k, c FROM sbtest3 WHERE k BETWEEN 6714694 AND 6714794
	Bitmap Heap Scan on sbtest3  (cost=5.63..468.42 rows=117 width=125)
	  Recheck Cond: ((k >= 6714694) AND (k <= 6714794))
	  ->  Bitmap Index Scan on k_3  (cost=0.00..5.60 rows=117 width=0)
	        Index Cond: ((k >= 6714694) AND (k <= 6714794))

table 4 : explain SELECT k, c FROM sbtest4 WHERE k BETWEEN 6714694 AND 6714794
	Bitmap Heap Scan on sbtest4  (cost=5.46..401.48 rows=100 width=125)
	  Recheck Cond: ((k >= 6714694) AND (k <= 6714794))
	  ->  Bitmap Index Scan on k_4  (cost=0.00..5.43 rows=100 width=0)
	        Index Cond: ((k >= 6714694) AND (k <= 6714794))

table 5 : explain SELECT k, c FROM sbtest5 WHERE k BETWEEN 6714694 AND 6714794
	Bitmap Heap Scan on sbtest5  (cost=5.45..397.57 rows=99 width=125)
	  Recheck Cond: ((k >= 6714694) AND (k <= 6714794))
	  ->  Bitmap Index Scan on k_5  (cost=0.00..5.42 rows=99 width=0)
	        Index Cond: ((k >= 6714694) AND (k <= 6714794))

table 6 : explain SELECT k, c FROM sbtest6 WHERE k BETWEEN 6714694 AND 6714794
	Bitmap Heap Scan on sbtest6  (cost=5.48..409.37 rows=102 width=125)
	  Recheck Cond: ((k >= 6714694) AND (k <= 6714794))
	  ->  Bitmap Index Scan on k_6  (cost=0.00..5.45 rows=102 width=0)
	        Index Cond: ((k >= 6714694) AND (k <= 6714794))

table 7 : explain SELECT k, c FROM sbtest7 WHERE k BETWEEN 6714694 AND 6714794
	Bitmap Heap Scan on sbtest7  (cost=5.39..373.87 rows=93 width=125)
	  Recheck Cond: ((k >= 6714694) AND (k <= 6714794))
	  ->  Bitmap Index Scan on k_7  (cost=0.00..5.36 rows=93 width=0)
	        Index Cond: ((k >= 6714694) AND (k <= 6714794))

table 8 : explain SELECT k, c FROM sbtest8 WHERE k BETWEEN 6714694 AND 6714794
	Bitmap Heap Scan on sbtest8  (cost=5.54..433.03 rows=108 width=125)
	  Recheck Cond: ((k >= 6714694) AND (k <= 6714794))
	  ->  Bitmap Index Scan on k_8  (cost=0.00..5.51 rows=108 width=0)
	        Index Cond: ((k >= 6714694) AND (k <= 6714794))

explain: for range-notcovered :: explain SELECT k, c FROM sbtest%d WHERE k BETWEEN 1158135 AND 1158235
for range-notcovered
table 1 : explain SELECT k, c FROM sbtest1 WHERE k BETWEEN 2748161 AND 2748261
	Bitmap Heap Scan on sbtest1  (cost=5.43..389.65 rows=97 width=125)
	  Recheck Cond: ((k >= 2748161) AND (k <= 2748261))
	  ->  Bitmap Index Scan on k_1  (cost=0.00..5.40 rows=97 width=0)
	        Index Cond: ((k >= 2748161) AND (k <= 2748261))

table 2 : explain SELECT k, c FROM sbtest2 WHERE k BETWEEN 2748161 AND 2748261
	Bitmap Heap Scan on sbtest2  (cost=5.53..429.10 rows=107 width=125)
	  Recheck Cond: ((k >= 2748161) AND (k <= 2748261))
	  ->  Bitmap Index Scan on k_2  (cost=0.00..5.50 rows=107 width=0)
	        Index Cond: ((k >= 2748161) AND (k <= 2748261))

table 3 : explain SELECT k, c FROM sbtest3 WHERE k BETWEEN 2748161 AND 2748261
	Bitmap Heap Scan on sbtest3  (cost=5.49..413.28 rows=103 width=125)
	  Recheck Cond: ((k >= 2748161) AND (k <= 2748261))
	  ->  Bitmap Index Scan on k_3  (cost=0.00..5.46 rows=103 width=0)
	        Index Cond: ((k >= 2748161) AND (k <= 2748261))

table 4 : explain SELECT k, c FROM sbtest4 WHERE k BETWEEN 2748161 AND 2748261
	Bitmap Heap Scan on sbtest4  (cost=5.42..385.70 rows=96 width=125)
	  Recheck Cond: ((k >= 2748161) AND (k <= 2748261))
	  ->  Bitmap Index Scan on k_4  (cost=0.00..5.39 rows=96 width=0)
	        Index Cond: ((k >= 2748161) AND (k <= 2748261))

table 5 : explain SELECT k, c FROM sbtest5 WHERE k BETWEEN 2748161 AND 2748261
	Bitmap Heap Scan on sbtest5  (cost=5.52..425.16 rows=106 width=125)
	  Recheck Cond: ((k >= 2748161) AND (k <= 2748261))
	  ->  Bitmap Index Scan on k_5  (cost=0.00..5.50 rows=106 width=0)
	        Index Cond: ((k >= 2748161) AND (k <= 2748261))

table 6 : explain SELECT k, c FROM sbtest6 WHERE k BETWEEN 2748161 AND 2748261
	Bitmap Heap Scan on sbtest6  (cost=5.46..401.49 rows=100 width=125)
	  Recheck Cond: ((k >= 2748161) AND (k <= 2748261))
	  ->  Bitmap Index Scan on k_6  (cost=0.00..5.43 rows=100 width=0)
	        Index Cond: ((k >= 2748161) AND (k <= 2748261))

table 7 : explain SELECT k, c FROM sbtest7 WHERE k BETWEEN 2748161 AND 2748261
	Bitmap Heap Scan on sbtest7  (cost=5.47..405.43 rows=101 width=125)
	  Recheck Cond: ((k >= 2748161) AND (k <= 2748261))
	  ->  Bitmap Index Scan on k_7  (cost=0.00..5.44 rows=101 width=0)
	        Index Cond: ((k >= 2748161) AND (k <= 2748261))

table 8 : explain SELECT k, c FROM sbtest8 WHERE k BETWEEN 2748161 AND 2748261
	Bitmap Heap Scan on sbtest8  (cost=5.59..452.72 rows=113 width=125)
	  Recheck Cond: ((k >= 2748161) AND (k <= 2748261))
	  ->  Bitmap Index Scan on k_8  (cost=0.00..5.56 rows=113 width=0)
	        Index Cond: ((k >= 2748161) AND (k <= 2748261))

explain: for range-notcovered :: explain SELECT k, c FROM sbtest%d WHERE k BETWEEN 1289756 AND 1289856
explain: for range-notcovered :: explain SELECT k, c FROM sbtest%d WHERE k BETWEEN 6598920 AND 6599020
for range-notcovered
table 1 : explain SELECT k, c FROM sbtest1 WHERE k BETWEEN 6852626 AND 6852726
	Bitmap Heap Scan on sbtest1  (cost=5.56..440.89 rows=110 width=125)
	  Recheck Cond: ((k >= 6852626) AND (k <= 6852726))
	  ->  Bitmap Index Scan on k_1  (cost=0.00..5.53 rows=110 width=0)
	        Index Cond: ((k >= 6852626) AND (k <= 6852726))

table 2 : explain SELECT k, c FROM sbtest2 WHERE k BETWEEN 6852626 AND 6852726
	Bitmap Heap Scan on sbtest2  (cost=5.51..421.22 rows=105 width=125)
	  Recheck Cond: ((k >= 6852626) AND (k <= 6852726))
	  ->  Bitmap Index Scan on k_2  (cost=0.00..5.48 rows=105 width=0)
	        Index Cond: ((k >= 6852626) AND (k <= 6852726))

table 3 : explain SELECT k, c FROM sbtest3 WHERE k BETWEEN 6852626 AND 6852726
	Bitmap Heap Scan on sbtest3  (cost=5.48..409.34 rows=102 width=125)
	  Recheck Cond: ((k >= 6852626) AND (k <= 6852726))
	  ->  Bitmap Index Scan on k_3  (cost=0.00..5.45 rows=102 width=0)
	        Index Cond: ((k >= 6852626) AND (k <= 6852726))

table 4 : explain SELECT k, c FROM sbtest4 WHERE k BETWEEN 6852626 AND 6852726
	Bitmap Heap Scan on sbtest4  (cost=5.51..421.19 rows=105 width=125)
	  Recheck Cond: ((k >= 6852626) AND (k <= 6852726))
	  ->  Bitmap Index Scan on k_4  (cost=0.00..5.48 rows=105 width=0)
	        Index Cond: ((k >= 6852626) AND (k <= 6852726))

table 5 : explain SELECT k, c FROM sbtest5 WHERE k BETWEEN 6852626 AND 6852726
	Bitmap Heap Scan on sbtest5  (cost=5.46..401.51 rows=100 width=125)
	  Recheck Cond: ((k >= 6852626) AND (k <= 6852726))
	  ->  Bitmap Index Scan on k_5  (cost=0.00..5.43 rows=100 width=0)
	        Index Cond: ((k >= 6852626) AND (k <= 6852726))

table 6 : explain SELECT k, c FROM sbtest6 WHERE k BETWEEN 6852626 AND 6852726
	Bitmap Heap Scan on sbtest6  (cost=5.53..429.08 rows=107 width=125)
	  Recheck Cond: ((k >= 6852626) AND (k <= 6852726))
	  ->  Bitmap Index Scan on k_6  (cost=0.00..5.50 rows=107 width=0)
	        Index Cond: ((k >= 6852626) AND (k <= 6852726))

table 7 : explain SELECT k, c FROM sbtest7 WHERE k BETWEEN 6852626 AND 6852726
	Bitmap Heap Scan on sbtest7  (cost=5.46..401.49 rows=100 width=125)
	  Recheck Cond: ((k >= 6852626) AND (k <= 6852726))
	  ->  Bitmap Index Scan on k_7  (cost=0.00..5.43 rows=100 width=0)
	        Index Cond: ((k >= 6852626) AND (k <= 6852726))

table 8 : explain SELECT k, c FROM sbtest8 WHERE k BETWEEN 6852626 AND 6852726
	Bitmap Heap Scan on sbtest8  (cost=5.46..401.49 rows=100 width=125)
	  Recheck Cond: ((k >= 6852626) AND (k <= 6852726))
	  ->  Bitmap Index Scan on k_8  (cost=0.00..5.43 rows=100 width=0)
	        Index Cond: ((k >= 6852626) AND (k <= 6852726))

for range-notcovered
table 1 : explain SELECT k, c FROM sbtest1 WHERE k BETWEEN 8146709 AND 8146809
	Bitmap Heap Scan on sbtest1  (cost=5.44..393.59 rows=98 width=125)
	  Recheck Cond: ((k >= 8146709) AND (k <= 8146809))
	  ->  Bitmap Index Scan on k_1  (cost=0.00..5.42 rows=98 width=0)
	        Index Cond: ((k >= 8146709) AND (k <= 8146809))

table 2 : explain SELECT k, c FROM sbtest2 WHERE k BETWEEN 8146709 AND 8146809
	Bitmap Heap Scan on sbtest2  (cost=5.46..401.51 rows=100 width=125)
	  Recheck Cond: ((k >= 8146709) AND (k <= 8146809))
	  ->  Bitmap Index Scan on k_2  (cost=0.00..5.43 rows=100 width=0)
	        Index Cond: ((k >= 8146709) AND (k <= 8146809))

table 3 : explain SELECT k, c FROM sbtest3 WHERE k BETWEEN 8146709 AND 8146809
	Bitmap Heap Scan on sbtest3  (cost=5.48..409.34 rows=102 width=125)
	  Recheck Cond: ((k >= 8146709) AND (k <= 8146809))
	  ->  Bitmap Index Scan on k_3  (cost=0.00..5.45 rows=102 width=0)
	        Index Cond: ((k >= 8146709) AND (k <= 8146809))

table 4 : explain SELECT k, c FROM sbtest4 WHERE k BETWEEN 8146709 AND 8146809
	Bitmap Heap Scan on sbtest4  (cost=5.50..417.25 rows=104 width=125)
	  Recheck Cond: ((k >= 8146709) AND (k <= 8146809))
	  ->  Bitmap Index Scan on k_4  (cost=0.00..5.47 rows=104 width=0)
	        Index Cond: ((k >= 8146709) AND (k <= 8146809))

table 5 : explain SELECT k, c FROM sbtest5 WHERE k BETWEEN 8146709 AND 8146809
	Bitmap Heap Scan on sbtest5  (cost=5.54..433.05 rows=108 width=125)
	  Recheck Cond: ((k >= 8146709) AND (k <= 8146809))
	  ->  Bitmap Index Scan on k_5  (cost=0.00..5.51 rows=108 width=0)
	        Index Cond: ((k >= 8146709) AND (k <= 8146809))

table 6 : explain SELECT k, c FROM sbtest6 WHERE k BETWEEN 8146709 AND 8146809
	Bitmap Heap Scan on sbtest6  (cost=5.41..381.77 rows=95 width=125)
	  Recheck Cond: ((k >= 8146709) AND (k <= 8146809))
	  ->  Bitmap Index Scan on k_6  (cost=0.00..5.38 rows=95 width=0)
	        Index Cond: ((k >= 8146709) AND (k <= 8146809))

table 7 : explain SELECT k, c FROM sbtest7 WHERE k BETWEEN 8146709 AND 8146809
	Bitmap Heap Scan on sbtest7  (cost=5.52..425.14 rows=106 width=125)
	  Recheck Cond: ((k >= 8146709) AND (k <= 8146809))
	  ->  Bitmap Index Scan on k_7  (cost=0.00..5.50 rows=106 width=0)
	        Index Cond: ((k >= 8146709) AND (k <= 8146809))

table 8 : explain SELECT k, c FROM sbtest8 WHERE k BETWEEN 8146709 AND 8146809
	Bitmap Heap Scan on sbtest8  (cost=5.57..444.85 rows=111 width=125)
	  Recheck Cond: ((k >= 8146709) AND (k <= 8146809))
	  ->  Bitmap Index Scan on k_8  (cost=0.00..5.54 rows=111 width=0)
	        Index Cond: ((k >= 8146709) AND (k <= 8146809))

explain: for range-notcovered :: explain SELECT k, c FROM sbtest%d WHERE k BETWEEN 6714694 AND 6714794
explain: for range-notcovered :: explain SELECT k, c FROM sbtest%d WHERE k BETWEEN 2748161 AND 2748261
for range-notcovered
table 1 : explain SELECT k, c FROM sbtest1 WHERE k BETWEEN 4875382 AND 4875482
	Bitmap Heap Scan on sbtest1  (cost=5.58..448.77 rows=112 width=125)
	  Recheck Cond: ((k >= 4875382) AND (k <= 4875482))
	  ->  Bitmap Index Scan on k_1  (cost=0.00..5.55 rows=112 width=0)
	        Index Cond: ((k >= 4875382) AND (k <= 4875482))

table 2 : explain SELECT k, c FROM sbtest2 WHERE k BETWEEN 4875382 AND 4875482
	Bitmap Heap Scan on sbtest2  (cost=5.45..397.57 rows=99 width=125)
	  Recheck Cond: ((k >= 4875382) AND (k <= 4875482))
	  ->  Bitmap Index Scan on k_2  (cost=0.00..5.42 rows=99 width=0)
	        Index Cond: ((k >= 4875382) AND (k <= 4875482))

table 3 : explain SELECT k, c FROM sbtest3 WHERE k BETWEEN 4875382 AND 4875482
	Bitmap Heap Scan on sbtest3  (cost=5.43..389.62 rows=97 width=125)
	  Recheck Cond: ((k >= 4875382) AND (k <= 4875482))
	  ->  Bitmap Index Scan on k_3  (cost=0.00..5.40 rows=97 width=0)
	        Index Cond: ((k >= 4875382) AND (k <= 4875482))

table 4 : explain SELECT k, c FROM sbtest4 WHERE k BETWEEN 4875382 AND 4875482
	Bitmap Heap Scan on sbtest4  (cost=5.44..393.59 rows=98 width=125)
	  Recheck Cond: ((k >= 4875382) AND (k <= 4875482))
	  ->  Bitmap Index Scan on k_4  (cost=0.00..5.42 rows=98 width=0)
	        Index Cond: ((k >= 4875382) AND (k <= 4875482))

table 5 : explain SELECT k, c FROM sbtest5 WHERE k BETWEEN 4875382 AND 4875482
	Bitmap Heap Scan on sbtest5  (cost=5.47..405.45 rows=101 width=125)
	  Recheck Cond: ((k >= 4875382) AND (k <= 4875482))
	  ->  Bitmap Index Scan on k_5  (cost=0.00..5.44 rows=101 width=0)
	        Index Cond: ((k >= 4875382) AND (k <= 4875482))

table 6 : explain SELECT k, c FROM sbtest6 WHERE k BETWEEN 4875382 AND 4875482
	Bitmap Heap Scan on sbtest6  (cost=5.45..397.54 rows=99 width=125)
	  Recheck Cond: ((k >= 4875382) AND (k <= 4875482))
	  ->  Bitmap Index Scan on k_6  (cost=0.00..5.42 rows=99 width=0)
	        Index Cond: ((k >= 4875382) AND (k <= 4875482))

table 7 : explain SELECT k, c FROM sbtest7 WHERE k BETWEEN 4875382 AND 4875482
	Bitmap Heap Scan on sbtest7  (cost=5.47..405.43 rows=101 width=125)
	  Recheck Cond: ((k >= 4875382) AND (k <= 4875482))
	  ->  Bitmap Index Scan on k_7  (cost=0.00..5.44 rows=101 width=0)
	        Index Cond: ((k >= 4875382) AND (k <= 4875482))

table 8 : explain SELECT k, c FROM sbtest8 WHERE k BETWEEN 4875382 AND 4875482
	Bitmap Heap Scan on sbtest8  (cost=5.39..373.88 rows=93 width=125)
	  Recheck Cond: ((k >= 4875382) AND (k <= 4875482))
	  ->  Bitmap Index Scan on k_8  (cost=0.00..5.36 rows=93 width=0)
	        Index Cond: ((k >= 4875382) AND (k <= 4875482))

for range-notcovered
table 1 : explain SELECT k, c FROM sbtest1 WHERE k BETWEEN 4829581 AND 4829681
	Bitmap Heap Scan on sbtest1  (cost=5.58..448.77 rows=112 width=125)
	  Recheck Cond: ((k >= 4829581) AND (k <= 4829681))
	  ->  Bitmap Index Scan on k_1  (cost=0.00..5.55 rows=112 width=0)
	        Index Cond: ((k >= 4829581) AND (k <= 4829681))

table 2 : explain SELECT k, c FROM sbtest2 WHERE k BETWEEN 4829581 AND 4829681
	Bitmap Heap Scan on sbtest2  (cost=5.45..397.57 rows=99 width=125)
	  Recheck Cond: ((k >= 4829581) AND (k <= 4829681))
	  ->  Bitmap Index Scan on k_2  (cost=0.00..5.42 rows=99 width=0)
	        Index Cond: ((k >= 4829581) AND (k <= 4829681))

table 3 : explain SELECT k, c FROM sbtest3 WHERE k BETWEEN 4829581 AND 4829681
	Bitmap Heap Scan on sbtest3  (cost=5.48..409.34 rows=102 width=125)
	  Recheck Cond: ((k >= 4829581) AND (k <= 4829681))
	  ->  Bitmap Index Scan on k_3  (cost=0.00..5.45 rows=102 width=0)
	        Index Cond: ((k >= 4829581) AND (k <= 4829681))

table 4 : explain SELECT k, c FROM sbtest4 WHERE k BETWEEN 4829581 AND 4829681
	Bitmap Heap Scan on sbtest4  (cost=5.43..389.65 rows=97 width=125)
	  Recheck Cond: ((k >= 4829581) AND (k <= 4829681))
	  ->  Bitmap Index Scan on k_4  (cost=0.00..5.40 rows=97 width=0)
	        Index Cond: ((k >= 4829581) AND (k <= 4829681))

table 5 : explain SELECT k, c FROM sbtest5 WHERE k BETWEEN 4829581 AND 4829681
	Bitmap Heap Scan on sbtest5  (cost=5.47..405.45 rows=101 width=125)
	  Recheck Cond: ((k >= 4829581) AND (k <= 4829681))
	  ->  Bitmap Index Scan on k_5  (cost=0.00..5.44 rows=101 width=0)
	        Index Cond: ((k >= 4829581) AND (k <= 4829681))

table 6 : explain SELECT k, c FROM sbtest6 WHERE k BETWEEN 4829581 AND 4829681
	Bitmap Heap Scan on sbtest6  (cost=5.45..397.54 rows=99 width=125)
	  Recheck Cond: ((k >= 4829581) AND (k <= 4829681))
	  ->  Bitmap Index Scan on k_6  (cost=0.00..5.42 rows=99 width=0)
	        Index Cond: ((k >= 4829581) AND (k <= 4829681))

table 7 : explain SELECT k, c FROM sbtest7 WHERE k BETWEEN 4829581 AND 4829681
	Bitmap Heap Scan on sbtest7  (cost=5.47..405.43 rows=101 width=125)
	  Recheck Cond: ((k >= 4829581) AND (k <= 4829681))
	  ->  Bitmap Index Scan on k_7  (cost=0.00..5.44 rows=101 width=0)
	        Index Cond: ((k >= 4829581) AND (k <= 4829681))

table 8 : explain SELECT k, c FROM sbtest8 WHERE k BETWEEN 4829581 AND 4829681
	Bitmap Heap Scan on sbtest8  (cost=5.46..401.49 rows=100 width=125)
	  Recheck Cond: ((k >= 4829581) AND (k <= 4829681))
	  ->  Bitmap Index Scan on k_8  (cost=0.00..5.43 rows=100 width=0)
	        Index Cond: ((k >= 4829581) AND (k <= 4829681))
explain: for range-notcovered :: explain SELECT k, c FROM sbtest%d WHERE k BETWEEN 8146709 AND 8146809

explain: for range-notcovered :: explain SELECT k, c FROM sbtest%d WHERE k BETWEEN 6852626 AND 6852726
for range-notcovered
table 1 : explain SELECT k, c FROM sbtest1 WHERE k BETWEEN 1575884 AND 1575984
	Bitmap Heap Scan on sbtest1  (cost=5.47..405.42 rows=101 width=125)
	  Recheck Cond: ((k >= 1575884) AND (k <= 1575984))
	  ->  Bitmap Index Scan on k_1  (cost=0.00..5.44 rows=101 width=0)
	        Index Cond: ((k >= 1575884) AND (k <= 1575984))

table 2 : explain SELECT k, c FROM sbtest2 WHERE k BETWEEN 1575884 AND 1575984
	Bitmap Heap Scan on sbtest2  (cost=5.41..381.79 rows=95 width=125)
	  Recheck Cond: ((k >= 1575884) AND (k <= 1575984))
	  ->  Bitmap Index Scan on k_2  (cost=0.00..5.38 rows=95 width=0)
	        Index Cond: ((k >= 1575884) AND (k <= 1575984))

table 3 : explain SELECT k, c FROM sbtest3 WHERE k BETWEEN 1575884 AND 1575984
	Bitmap Heap Scan on sbtest3  (cost=5.50..417.22 rows=104 width=125)
	  Recheck Cond: ((k >= 1575884) AND (k <= 1575984))
	  ->  Bitmap Index Scan on k_3  (cost=0.00..5.47 rows=104 width=0)
	        Index Cond: ((k >= 1575884) AND (k <= 1575984))

table 4 : explain SELECT k, c FROM sbtest4 WHERE k BETWEEN 1575884 AND 1575984
	Bitmap Heap Scan on sbtest4  (cost=5.43..389.65 rows=97 width=125)
	  Recheck Cond: ((k >= 1575884) AND (k <= 1575984))
	  ->  Bitmap Index Scan on k_4  (cost=0.00..5.40 rows=97 width=0)
	        Index Cond: ((k >= 1575884) AND (k <= 1575984))

table 5 : explain SELECT k, c FROM sbtest5 WHERE k BETWEEN 1575884 AND 1575984
	Bitmap Heap Scan on sbtest5  (cost=5.52..425.16 rows=106 width=125)
	  Recheck Cond: ((k >= 1575884) AND (k <= 1575984))
	  ->  Bitmap Index Scan on k_5  (cost=0.00..5.50 rows=106 width=0)
	        Index Cond: ((k >= 1575884) AND (k <= 1575984))

table 6 : explain SELECT k, c FROM sbtest6 WHERE k BETWEEN 1575884 AND 1575984
	Bitmap Heap Scan on sbtest6  (cost=5.55..436.96 rows=109 width=125)
	  Recheck Cond: ((k >= 1575884) AND (k <= 1575984))
	  ->  Bitmap Index Scan on k_6  (cost=0.00..5.52 rows=109 width=0)
	        Index Cond: ((k >= 1575884) AND (k <= 1575984))

table 7 : explain SELECT k, c FROM sbtest7 WHERE k BETWEEN 1575884 AND 1575984
	Bitmap Heap Scan on sbtest7  (cost=5.63..468.46 rows=117 width=125)
	  Recheck Cond: ((k >= 1575884) AND (k <= 1575984))
	  ->  Bitmap Index Scan on k_7  (cost=0.00..5.60 rows=117 width=0)
	        Index Cond: ((k >= 1575884) AND (k <= 1575984))

table 8 : explain SELECT k, c FROM sbtest8 WHERE k BETWEEN 1575884 AND 1575984
	Bitmap Heap Scan on sbtest8  (cost=5.40..377.83 rows=94 width=125)
	  Recheck Cond: ((k >= 1575884) AND (k <= 1575984))
	  ->  Bitmap Index Scan on k_8  (cost=0.00..5.38 rows=94 width=0)
	        Index Cond: ((k >= 1575884) AND (k <= 1575984))

explain: for range-notcovered :: explain SELECT k, c FROM sbtest%d WHERE k BETWEEN 4875382 AND 4875482
explain: for range-notcovered :: explain SELECT k, c FROM sbtest%d WHERE k BETWEEN 4829581 AND 4829681
explain: for range-notcovered :: explain SELECT k, c FROM sbtest%d WHERE k BETWEEN 1575884 AND 1575984
for range-notcovered
table 1 : explain SELECT k, c FROM sbtest1 WHERE k BETWEEN 5036418 AND 5036518
	Bitmap Heap Scan on sbtest1  (cost=5.48..409.37 rows=102 width=125)
	  Recheck Cond: ((k >= 5036418) AND (k <= 5036518))
	  ->  Bitmap Index Scan on k_1  (cost=0.00..5.45 rows=102 width=0)
	        Index Cond: ((k >= 5036418) AND (k <= 5036518))

table 2 : explain SELECT k, c FROM sbtest2 WHERE k BETWEEN 5036418 AND 5036518
	Bitmap Heap Scan on sbtest2  (cost=5.50..417.28 rows=104 width=125)
	  Recheck Cond: ((k >= 5036418) AND (k <= 5036518))
	  ->  Bitmap Index Scan on k_2  (cost=0.00..5.47 rows=104 width=0)
	        Index Cond: ((k >= 5036418) AND (k <= 5036518))

table 3 : explain SELECT k, c FROM sbtest3 WHERE k BETWEEN 5036418 AND 5036518
	Bitmap Heap Scan on sbtest3  (cost=5.52..425.10 rows=106 width=125)
	  Recheck Cond: ((k >= 5036418) AND (k <= 5036518))
	  ->  Bitmap Index Scan on k_3  (cost=0.00..5.50 rows=106 width=0)
	        Index Cond: ((k >= 5036418) AND (k <= 5036518))

table 4 : explain SELECT k, c FROM sbtest4 WHERE k BETWEEN 5036418 AND 5036518
	Bitmap Heap Scan on sbtest4  (cost=5.53..429.07 rows=107 width=125)
	  Recheck Cond: ((k >= 5036418) AND (k <= 5036518))
	  ->  Bitmap Index Scan on k_4  (cost=0.00..5.50 rows=107 width=0)
	        Index Cond: ((k >= 5036418) AND (k <= 5036518))

table 5 : explain SELECT k, c FROM sbtest5 WHERE k BETWEEN 5036418 AND 5036518
	Bitmap Heap Scan on sbtest5  (cost=5.48..409.40 rows=102 width=125)
	  Recheck Cond: ((k >= 5036418) AND (k <= 5036518))
	  ->  Bitmap Index Scan on k_5  (cost=0.00..5.45 rows=102 width=0)
	        Index Cond: ((k >= 5036418) AND (k <= 5036518))

table 6 : explain SELECT k, c FROM sbtest6 WHERE k BETWEEN 5036418 AND 5036518
	Bitmap Heap Scan on sbtest6  (cost=5.51..421.20 rows=105 width=125)
	  Recheck Cond: ((k >= 5036418) AND (k <= 5036518))
	  ->  Bitmap Index Scan on k_6  (cost=0.00..5.48 rows=105 width=0)
	        Index Cond: ((k >= 5036418) AND (k <= 5036518))

table 7 : explain SELECT k, c FROM sbtest7 WHERE k BETWEEN 5036418 AND 5036518
	Bitmap Heap Scan on sbtest7  (cost=5.51..421.20 rows=105 width=125)
	  Recheck Cond: ((k >= 5036418) AND (k <= 5036518))
	  ->  Bitmap Index Scan on k_7  (cost=0.00..5.48 rows=105 width=0)
	        Index Cond: ((k >= 5036418) AND (k <= 5036518))

table 8 : explain SELECT k, c FROM sbtest8 WHERE k BETWEEN 5036418 AND 5036518
	Bitmap Heap Scan on sbtest8  (cost=5.53..429.09 rows=107 width=125)
	  Recheck Cond: ((k >= 5036418) AND (k <= 5036518))
	  ->  Bitmap Index Scan on k_8  (cost=0.00..5.50 rows=107 width=0)
	        Index Cond: ((k >= 5036418) AND (k <= 5036518))

for range-notcovered
table 1 : explain SELECT k, c FROM sbtest1 WHERE k BETWEEN 3282562 AND 3282662
	Bitmap Heap Scan on sbtest1  (cost=5.45..397.54 rows=99 width=125)
	  Recheck Cond: ((k >= 3282562) AND (k <= 3282662))
	  ->  Bitmap Index Scan on k_1  (cost=0.00..5.42 rows=99 width=0)
	        Index Cond: ((k >= 3282562) AND (k <= 3282662))

table 2 : explain SELECT k, c FROM sbtest2 WHERE k BETWEEN 3282562 AND 3282662
	Bitmap Heap Scan on sbtest2  (cost=5.44..393.62 rows=98 width=125)
	  Recheck Cond: ((k >= 3282562) AND (k <= 3282662))
	  ->  Bitmap Index Scan on k_2  (cost=0.00..5.42 rows=98 width=0)
	        Index Cond: ((k >= 3282562) AND (k <= 3282662))

table 3 : explain SELECT k, c FROM sbtest3 WHERE k BETWEEN 3282562 AND 3282662
	Bitmap Heap Scan on sbtest3  (cost=5.49..413.28 rows=103 width=125)
	  Recheck Cond: ((k >= 3282562) AND (k <= 3282662))
	  ->  Bitmap Index Scan on k_3  (cost=0.00..5.46 rows=103 width=0)
	        Index Cond: ((k >= 3282562) AND (k <= 3282662))

table 4 : explain SELECT k, c FROM sbtest4 WHERE k BETWEEN 3282562 AND 3282662
	Bitmap Heap Scan on sbtest4  (cost=5.52..425.13 rows=106 width=125)
	  Recheck Cond: ((k >= 3282562) AND (k <= 3282662))
	  ->  Bitmap Index Scan on k_4  (cost=0.00..5.50 rows=106 width=0)
	        Index Cond: ((k >= 3282562) AND (k <= 3282662))

table 5 : explain SELECT k, c FROM sbtest5 WHERE k BETWEEN 3282562 AND 3282662
	Bitmap Heap Scan on sbtest5  (cost=5.50..417.28 rows=104 width=125)
	  Recheck Cond: ((k >= 3282562) AND (k <= 3282662))
	  ->  Bitmap Index Scan on k_5  (cost=0.00..5.47 rows=104 width=0)
	        Index Cond: ((k >= 3282562) AND (k <= 3282662))

table 6 : explain SELECT k, c FROM sbtest6 WHERE k BETWEEN 3282562 AND 3282662
	Bitmap Heap Scan on sbtest6  (cost=5.41..381.77 rows=95 width=125)
	  Recheck Cond: ((k >= 3282562) AND (k <= 3282662))
	  ->  Bitmap Index Scan on k_6  (cost=0.00..5.38 rows=95 width=0)
	        Index Cond: ((k >= 3282562) AND (k <= 3282662))

table 7 : explain SELECT k, c FROM sbtest7 WHERE k BETWEEN 3282562 AND 3282662
	Bitmap Heap Scan on sbtest7  (cost=5.42..385.71 rows=96 width=125)
	  Recheck Cond: ((k >= 3282562) AND (k <= 3282662))
	  ->  Bitmap Index Scan on k_7  (cost=0.00..5.39 rows=96 width=0)
	        Index Cond: ((k >= 3282562) AND (k <= 3282662))

table 8 : explain SELECT k, c FROM sbtest8 WHERE k BETWEEN 3282562 AND 3282662
	Bitmap Heap Scan on sbtest8  (cost=5.57..444.85 rows=111 width=125)
	  Recheck Cond: ((k >= 3282562) AND (k <= 3282662))
	  ->  Bitmap Index Scan on k_8  (cost=0.00..5.54 rows=111 width=0)
	        Index Cond: ((k >= 3282562) AND (k <= 3282662))

explain: for range-notcovered :: explain SELECT k, c FROM sbtest%d WHERE k BETWEEN 5036418 AND 5036518
explain: for range-notcovered :: explain SELECT k, c FROM sbtest%d WHERE k BETWEEN 3282562 AND 3282662
for range-notcovered
table 1 : explain SELECT k, c FROM sbtest1 WHERE k BETWEEN 7687964 AND 7688064
	Bitmap Heap Scan on sbtest1  (cost=5.53..429.07 rows=107 width=125)
	  Recheck Cond: ((k >= 7687964) AND (k <= 7688064))
	  ->  Bitmap Index Scan on k_1  (cost=0.00..5.50 rows=107 width=0)
	        Index Cond: ((k >= 7687964) AND (k <= 7688064))

table 2 : explain SELECT k, c FROM sbtest2 WHERE k BETWEEN 7687964 AND 7688064
	Bitmap Heap Scan on sbtest2  (cost=5.58..448.80 rows=112 width=125)
	  Recheck Cond: ((k >= 7687964) AND (k <= 7688064))
	  ->  Bitmap Index Scan on k_2  (cost=0.00..5.55 rows=112 width=0)
	        Index Cond: ((k >= 7687964) AND (k <= 7688064))

table 3 : explain SELECT k, c FROM sbtest3 WHERE k BETWEEN 7687964 AND 7688064
	Bitmap Heap Scan on sbtest3  (cost=5.48..409.34 rows=102 width=125)
	  Recheck Cond: ((k >= 7687964) AND (k <= 7688064))
	  ->  Bitmap Index Scan on k_3  (cost=0.00..5.45 rows=102 width=0)
	        Index Cond: ((k >= 7687964) AND (k <= 7688064))

table 4 : explain SELECT k, c FROM sbtest4 WHERE k BETWEEN 7687964 AND 7688064
	Bitmap Heap Scan on sbtest4  (cost=5.50..417.25 rows=104 width=125)
	  Recheck Cond: ((k >= 7687964) AND (k <= 7688064))
	  ->  Bitmap Index Scan on k_4  (cost=0.00..5.47 rows=104 width=0)
	        Index Cond: ((k >= 7687964) AND (k <= 7688064))

table 5 : explain SELECT k, c FROM sbtest5 WHERE k BETWEEN 7687964 AND 7688064
	Bitmap Heap Scan on sbtest5  (cost=5.68..484.24 rows=121 width=125)
	  Recheck Cond: ((k >= 7687964) AND (k <= 7688064))
	  ->  Bitmap Index Scan on k_5  (cost=0.00..5.64 rows=121 width=0)
	        Index Cond: ((k >= 7687964) AND (k <= 7688064))

table 6 : explain SELECT k, c FROM sbtest6 WHERE k BETWEEN 7687964 AND 7688064
	Bitmap Heap Scan on sbtest6  (cost=5.50..417.26 rows=104 width=125)
	  Recheck Cond: ((k >= 7687964) AND (k <= 7688064))
	  ->  Bitmap Index Scan on k_6  (cost=0.00..5.47 rows=104 width=0)
	        Index Cond: ((k >= 7687964) AND (k <= 7688064))

table 7 : explain SELECT k, c FROM sbtest7 WHERE k BETWEEN 7687964 AND 7688064
	Bitmap Heap Scan on sbtest7  (cost=5.47..405.43 rows=101 width=125)
	  Recheck Cond: ((k >= 7687964) AND (k <= 7688064))
	  ->  Bitmap Index Scan on k_7  (cost=0.00..5.44 rows=101 width=0)
	        Index Cond: ((k >= 7687964) AND (k <= 7688064))

table 8 : explain SELECT k, c FROM sbtest8 WHERE k BETWEEN 7687964 AND 7688064
	Bitmap Heap Scan on sbtest8  (cost=5.48..409.38 rows=102 width=125)
	  Recheck Cond: ((k >= 7687964) AND (k <= 7688064))
	  ->  Bitmap Index Scan on k_8  (cost=0.00..5.45 rows=102 width=0)
	        Index Cond: ((k >= 7687964) AND (k <= 7688064))

for range-notcovered
table 1 : explain SELECT k, c FROM sbtest1 WHERE k BETWEEN 7966267 AND 7966367
	Bitmap Heap Scan on sbtest1  (cost=5.48..409.37 rows=102 width=125)
	  Recheck Cond: ((k >= 7966267) AND (k <= 7966367))
	  ->  Bitmap Index Scan on k_1  (cost=0.00..5.45 rows=102 width=0)
	        Index Cond: ((k >= 7966267) AND (k <= 7966367))

table 2 : explain SELECT k, c FROM sbtest2 WHERE k BETWEEN 7966267 AND 7966367
	Bitmap Heap Scan on sbtest2  (cost=5.49..413.34 rows=103 width=125)
	  Recheck Cond: ((k >= 7966267) AND (k <= 7966367))
	  ->  Bitmap Index Scan on k_2  (cost=0.00..5.46 rows=103 width=0)
	        Index Cond: ((k >= 7966267) AND (k <= 7966367))

table 3 : explain SELECT k, c FROM sbtest3 WHERE k BETWEEN 7966267 AND 7966367
	Bitmap Heap Scan on sbtest3  (cost=5.51..421.16 rows=105 width=125)
	  Recheck Cond: ((k >= 7966267) AND (k <= 7966367))
	  ->  Bitmap Index Scan on k_3  (cost=0.00..5.48 rows=105 width=0)
	        Index Cond: ((k >= 7966267) AND (k <= 7966367))

table 4 : explain SELECT k, c FROM sbtest4 WHERE k BETWEEN 7966267 AND 7966367
	Bitmap Heap Scan on sbtest4  (cost=5.46..401.48 rows=100 width=125)
	  Recheck Cond: ((k >= 7966267) AND (k <= 7966367))
	  ->  Bitmap Index Scan on k_4  (cost=0.00..5.43 rows=100 width=0)
	        Index Cond: ((k >= 7966267) AND (k <= 7966367))

table 5 : explain SELECT k, c FROM sbtest5 WHERE k BETWEEN 7966267 AND 7966367
	Bitmap Heap Scan on sbtest5  (cost=5.42..385.73 rows=96 width=125)
	  Recheck Cond: ((k >= 7966267) AND (k <= 7966367))
	  ->  Bitmap Index Scan on k_5  (cost=0.00..5.39 rows=96 width=0)
	        Index Cond: ((k >= 7966267) AND (k <= 7966367))

table 6 : explain SELECT k, c FROM sbtest6 WHERE k BETWEEN 7966267 AND 7966367
	Bitmap Heap Scan on sbtest6  (cost=5.42..385.71 rows=96 width=125)
	  Recheck Cond: ((k >= 7966267) AND (k <= 7966367))
	  ->  Bitmap Index Scan on k_6  (cost=0.00..5.39 rows=96 width=0)
	        Index Cond: ((k >= 7966267) AND (k <= 7966367))

table 7 : explain SELECT k, c FROM sbtest7 WHERE k BETWEEN 7966267 AND 7966367
	Bitmap Heap Scan on sbtest7  (cost=5.52..425.14 rows=106 width=125)
	  Recheck Cond: ((k >= 7966267) AND (k <= 7966367))
	  ->  Bitmap Index Scan on k_7  (cost=0.00..5.50 rows=106 width=0)
	        Index Cond: ((k >= 7966267) AND (k <= 7966367))

table 8 : explain SELECT k, c FROM sbtest8 WHERE k BETWEEN 7966267 AND 7966367
	Bitmap Heap Scan on sbtest8  (cost=5.50..417.26 rows=104 width=125)
	  Recheck Cond: ((k >= 7966267) AND (k <= 7966367))
	  ->  Bitmap Index Scan on k_8  (cost=0.00..5.47 rows=104 width=0)
	        Index Cond: ((k >= 7966267) AND (k <= 7966367))

for range-notcovered
table 1 : explain SELECT k, c FROM sbtest1 WHERE k BETWEEN 7490797 AND 7490897
	Bitmap Heap Scan on sbtest1  (cost=5.44..393.59 rows=98 width=125)
	  Recheck Cond: ((k >= 7490797) AND (k <= 7490897))
	  ->  Bitmap Index Scan on k_1  (cost=0.00..5.42 rows=98 width=0)
	        Index Cond: ((k >= 7490797) AND (k <= 7490897))

table 2 : explain SELECT k, c FROM sbtest2 WHERE k BETWEEN 7490797 AND 7490897
	Bitmap Heap Scan on sbtest2  (cost=5.46..401.51 rows=100 width=125)
	  Recheck Cond: ((k >= 7490797) AND (k <= 7490897))
	  ->  Bitmap Index Scan on k_2  (cost=0.00..5.43 rows=100 width=0)
	        Index Cond: ((k >= 7490797) AND (k <= 7490897))

table 3 : explain SELECT k, c FROM sbtest3 WHERE k BETWEEN 7490797 AND 7490897
	Bitmap Heap Scan on sbtest3  (cost=5.54..432.98 rows=108 width=125)
	  Recheck Cond: ((k >= 7490797) AND (k <= 7490897))
	  ->  Bitmap Index Scan on k_3  (cost=0.00..5.51 rows=108 width=0)
	        Index Cond: ((k >= 7490797) AND (k <= 7490897))

table 4 : explain SELECT k, c FROM sbtest4 WHERE k BETWEEN 7490797 AND 7490897
	Bitmap Heap Scan on sbtest4  (cost=5.44..393.59 rows=98 width=125)
	  Recheck Cond: ((k >= 7490797) AND (k <= 7490897))
	  ->  Bitmap Index Scan on k_4  (cost=0.00..5.42 rows=98 width=0)
	        Index Cond: ((k >= 7490797) AND (k <= 7490897))

table 5 : explain SELECT k, c FROM sbtest5 WHERE k BETWEEN 7490797 AND 7490897
	Bitmap Heap Scan on sbtest5  (cost=5.35..358.11 rows=89 width=125)
	  Recheck Cond: ((k >= 7490797) AND (k <= 7490897))
	  ->  Bitmap Index Scan on k_5  (cost=0.00..5.32 rows=89 width=0)
	        Index Cond: ((k >= 7490797) AND (k <= 7490897))

table 6 : explain SELECT k, c FROM sbtest6 WHERE k BETWEEN 7490797 AND 7490897
	Bitmap Heap Scan on sbtest6  (cost=5.49..413.31 rows=103 width=125)
	  Recheck Cond: ((k >= 7490797) AND (k <= 7490897))
	  ->  Bitmap Index Scan on k_6  (cost=0.00..5.46 rows=103 width=0)
	        Index Cond: ((k >= 7490797) AND (k <= 7490897))

table 7 : explain SELECT k, c FROM sbtest7 WHERE k BETWEEN 7490797 AND 7490897
	Bitmap Heap Scan on sbtest7  (cost=5.42..385.71 rows=96 width=125)
	  Recheck Cond: ((k >= 7490797) AND (k <= 7490897))
	  ->  Bitmap Index Scan on k_7  (cost=0.00..5.39 rows=96 width=0)
	        Index Cond: ((k >= 7490797) AND (k <= 7490897))

table 8 : explain SELECT k, c FROM sbtest8 WHERE k BETWEEN 7490797 AND 7490897
	Bitmap Heap Scan on sbtest8  (cost=5.47..405.44 rows=101 width=125)
	  Recheck Cond: ((k >= 7490797) AND (k <= 7490897))
	  ->  Bitmap Index Scan on k_8  (cost=0.00..5.44 rows=101 width=0)
	        Index Cond: ((k >= 7490797) AND (k <= 7490897))

for range-notcovered
table 1 : explain SELECT k, c FROM sbtest1 WHERE k BETWEEN 3763505 AND 3763605
	Bitmap Heap Scan on sbtest1  (cost=5.46..401.48 rows=100 width=125)
	  Recheck Cond: ((k >= 3763505) AND (k <= 3763605))
	  ->  Bitmap Index Scan on k_1  (cost=0.00..5.43 rows=100 width=0)
	        Index Cond: ((k >= 3763505) AND (k <= 3763605))

table 2 : explain SELECT k, c FROM sbtest2 WHERE k BETWEEN 3763505 AND 3763605
	Bitmap Heap Scan on sbtest2  (cost=5.46..401.51 rows=100 width=125)
	  Recheck Cond: ((k >= 3763505) AND (k <= 3763605))
	  ->  Bitmap Index Scan on k_2  (cost=0.00..5.43 rows=100 width=0)
	        Index Cond: ((k >= 3763505) AND (k <= 3763605))

table 3 : explain SELECT k, c FROM sbtest3 WHERE k BETWEEN 3763505 AND 3763605
	Bitmap Heap Scan on sbtest3  (cost=5.55..436.92 rows=109 width=125)
	  Recheck Cond: ((k >= 3763505) AND (k <= 3763605))
	  ->  Bitmap Index Scan on k_3  (cost=0.00..5.52 rows=109 width=0)
	        Index Cond: ((k >= 3763505) AND (k <= 3763605))

table 4 : explain SELECT k, c FROM sbtest4 WHERE k BETWEEN 3763505 AND 3763605
	Bitmap Heap Scan on sbtest4  (cost=5.41..381.76 rows=95 width=125)
	  Recheck Cond: ((k >= 3763505) AND (k <= 3763605))
	  ->  Bitmap Index Scan on k_4  (cost=0.00..5.38 rows=95 width=0)
	        Index Cond: ((k >= 3763505) AND (k <= 3763605))

table 5 : explain SELECT k, c FROM sbtest5 WHERE k BETWEEN 3763505 AND 3763605
	Bitmap Heap Scan on sbtest5  (cost=5.54..433.05 rows=108 width=125)
	  Recheck Cond: ((k >= 3763505) AND (k <= 3763605))
	  ->  Bitmap Index Scan on k_5  (cost=0.00..5.51 rows=108 width=0)
	        Index Cond: ((k >= 3763505) AND (k <= 3763605))

table 6 : explain SELECT k, c FROM sbtest6 WHERE k BETWEEN 3763505 AND 3763605
	Bitmap Heap Scan on sbtest6  (cost=5.50..417.26 rows=104 width=125)
	  Recheck Cond: ((k >= 3763505) AND (k <= 3763605))
	  ->  Bitmap Index Scan on k_6  (cost=0.00..5.47 rows=104 width=0)
	        Index Cond: ((k >= 3763505) AND (k <= 3763605))

table 7 : explain SELECT k, c FROM sbtest7 WHERE k BETWEEN 3763505 AND 3763605
	Bitmap Heap Scan on sbtest7  (cost=5.44..393.60 rows=98 width=125)
	  Recheck Cond: ((k >= 3763505) AND (k <= 3763605))
	  ->  Bitmap Index Scan on k_7  (cost=0.00..5.42 rows=98 width=0)
	        Index Cond: ((k >= 3763505) AND (k <= 3763605))

table 8 : explain SELECT k, c FROM sbtest8 WHERE k BETWEEN 3763505 AND 3763605
	Bitmap Heap Scan on sbtest8  (cost=5.44..393.61 rows=98 width=125)
	  Recheck Cond: ((k >= 3763505) AND (k <= 3763605))
	  ->  Bitmap Index Scan on k_8  (cost=0.00..5.42 rows=98 width=0)
	        Index Cond: ((k >= 3763505) AND (k <= 3763605))

for range-notcovered
table 1 : explain SELECT k, c FROM sbtest1 WHERE k BETWEEN 5912230 AND 5912330
	Bitmap Heap Scan on sbtest1  (cost=5.49..413.31 rows=103 width=125)
	  Recheck Cond: ((k >= 5912230) AND (k <= 5912330))
	  ->  Bitmap Index Scan on k_1  (cost=0.00..5.46 rows=103 width=0)
	        Index Cond: ((k >= 5912230) AND (k <= 5912330))

table 2 : explain SELECT k, c FROM sbtest2 WHERE k BETWEEN 5912230 AND 5912330
	Bitmap Heap Scan on sbtest2  (cost=5.42..385.73 rows=96 width=125)
	  Recheck Cond: ((k >= 5912230) AND (k <= 5912330))
	  ->  Bitmap Index Scan on k_2  (cost=0.00..5.39 rows=96 width=0)
	        Index Cond: ((k >= 5912230) AND (k <= 5912330))

table 3 : explain SELECT k, c FROM sbtest3 WHERE k BETWEEN 5912230 AND 5912330
	Bitmap Heap Scan on sbtest3  (cost=5.48..409.34 rows=102 width=125)
	  Recheck Cond: ((k >= 5912230) AND (k <= 5912330))
	  ->  Bitmap Index Scan on k_3  (cost=0.00..5.45 rows=102 width=0)
	        Index Cond: ((k >= 5912230) AND (k <= 5912330))

table 4 : explain SELECT k, c FROM sbtest4 WHERE k BETWEEN 5912230 AND 5912330
	Bitmap Heap Scan on sbtest4  (cost=5.43..389.65 rows=97 width=125)
	  Recheck Cond: ((k >= 5912230) AND (k <= 5912330))
	  ->  Bitmap Index Scan on k_4  (cost=0.00..5.40 rows=97 width=0)
	        Index Cond: ((k >= 5912230) AND (k <= 5912330))

table 5 : explain SELECT k, c FROM sbtest5 WHERE k BETWEEN 5912230 AND 5912330
	Bitmap Heap Scan on sbtest5  (cost=5.50..417.28 rows=104 width=125)
	  Recheck Cond: ((k >= 5912230) AND (k <= 5912330))
	  ->  Bitmap Index Scan on k_5  (cost=0.00..5.47 rows=104 width=0)
	        Index Cond: ((k >= 5912230) AND (k <= 5912330))

table 6 : explain SELECT k, c FROM sbtest6 WHERE k BETWEEN 5912230 AND 5912330
	Bitmap Heap Scan on sbtest6  (cost=5.50..417.26 rows=104 width=125)
	  Recheck Cond: ((k >= 5912230) AND (k <= 5912330))
	  ->  Bitmap Index Scan on k_6  (cost=0.00..5.47 rows=104 width=0)
	        Index Cond: ((k >= 5912230) AND (k <= 5912330))

table 7 : explain SELECT k, c FROM sbtest7 WHERE k BETWEEN 5912230 AND 5912330
	Bitmap Heap Scan on sbtest7  (cost=5.44..393.60 rows=98 width=125)
	  Recheck Cond: ((k >= 5912230) AND (k <= 5912330))
	  ->  Bitmap Index Scan on k_7  (cost=0.00..5.42 rows=98 width=0)
	        Index Cond: ((k >= 5912230) AND (k <= 5912330))

table 8 : explain SELECT k, c FROM sbtest8 WHERE k BETWEEN 5912230 AND 5912330
	Bitmap Heap Scan on sbtest8  (cost=5.44..393.61 rows=98 width=125)
	  Recheck Cond: ((k >= 5912230) AND (k <= 5912330))
	  ->  Bitmap Index Scan on k_8  (cost=0.00..5.42 rows=98 width=0)
	        Index Cond: ((k >= 5912230) AND (k <= 5912330))

for range-notcovered
table 1 : explain SELECT k, c FROM sbtest1 WHERE k BETWEEN 1868326 AND 1868426
	Bitmap Heap Scan on sbtest1  (cost=5.42..385.71 rows=96 width=125)
	  Recheck Cond: ((k >= 1868326) AND (k <= 1868426))
	  ->  Bitmap Index Scan on k_1  (cost=0.00..5.39 rows=96 width=0)
	        Index Cond: ((k >= 1868326) AND (k <= 1868426))

table 2 : explain SELECT k, c FROM sbtest2 WHERE k BETWEEN 1868326 AND 1868426
	Bitmap Heap Scan on sbtest2  (cost=5.49..413.34 rows=103 width=125)
	  Recheck Cond: ((k >= 1868326) AND (k <= 1868426))
	  ->  Bitmap Index Scan on k_2  (cost=0.00..5.46 rows=103 width=0)
	        Index Cond: ((k >= 1868326) AND (k <= 1868426))

table 3 : explain SELECT k, c FROM sbtest3 WHERE k BETWEEN 1868326 AND 1868426
	Bitmap Heap Scan on sbtest3  (cost=5.50..417.22 rows=104 width=125)
	  Recheck Cond: ((k >= 1868326) AND (k <= 1868426))
	  ->  Bitmap Index Scan on k_3  (cost=0.00..5.47 rows=104 width=0)
	        Index Cond: ((k >= 1868326) AND (k <= 1868426))

table 4 : explain SELECT k, c FROM sbtest4 WHERE k BETWEEN 1868326 AND 1868426
	Bitmap Heap Scan on sbtest4  (cost=5.42..385.70 rows=96 width=125)
	  Recheck Cond: ((k >= 1868326) AND (k <= 1868426))
	  ->  Bitmap Index Scan on k_4  (cost=0.00..5.39 rows=96 width=0)
	        Index Cond: ((k >= 1868326) AND (k <= 1868426))

table 5 : explain SELECT k, c FROM sbtest5 WHERE k BETWEEN 1868326 AND 1868426
	Bitmap Heap Scan on sbtest5  (cost=5.51..421.22 rows=105 width=125)
	  Recheck Cond: ((k >= 1868326) AND (k <= 1868426))
	  ->  Bitmap Index Scan on k_5  (cost=0.00..5.48 rows=105 width=0)
	        Index Cond: ((k >= 1868326) AND (k <= 1868426))

table 6 : explain SELECT k, c FROM sbtest6 WHERE k BETWEEN 1868326 AND 1868426
	Bitmap Heap Scan on sbtest6  (cost=5.47..405.43 rows=101 width=125)
	  Recheck Cond: ((k >= 1868326) AND (k <= 1868426))
	  ->  Bitmap Index Scan on k_6  (cost=0.00..5.44 rows=101 width=0)
	        Index Cond: ((k >= 1868326) AND (k <= 1868426))

table 7 : explain SELECT k, c FROM sbtest7 WHERE k BETWEEN 1868326 AND 1868426
	Bitmap Heap Scan on sbtest7  (cost=5.45..397.54 rows=99 width=125)
	  Recheck Cond: ((k >= 1868326) AND (k <= 1868426))
	  ->  Bitmap Index Scan on k_7  (cost=0.00..5.42 rows=99 width=0)
	        Index Cond: ((k >= 1868326) AND (k <= 1868426))

table 8 : explain SELECT k, c FROM sbtest8 WHERE k BETWEEN 1868326 AND 1868426
	Bitmap Heap Scan on sbtest8  (cost=5.52..425.15 rows=106 width=125)
	  Recheck Cond: ((k >= 1868326) AND (k <= 1868426))
	  ->  Bitmap Index Scan on k_8  (cost=0.00..5.50 rows=106 width=0)
	        Index Cond: ((k >= 1868326) AND (k <= 1868426))

for range-notcovered
table 1 : explain SELECT k, c FROM sbtest1 WHERE k BETWEEN 1880241 AND 1880341
	Bitmap Heap Scan on sbtest1  (cost=5.42..385.71 rows=96 width=125)
	  Recheck Cond: ((k >= 1880241) AND (k <= 1880341))
	  ->  Bitmap Index Scan on k_1  (cost=0.00..5.39 rows=96 width=0)
	        Index Cond: ((k >= 1880241) AND (k <= 1880341))

table 2 : explain SELECT k, c FROM sbtest2 WHERE k BETWEEN 1880241 AND 1880341
	Bitmap Heap Scan on sbtest2  (cost=5.49..413.34 rows=103 width=125)
	  Recheck Cond: ((k >= 1880241) AND (k <= 1880341))
	  ->  Bitmap Index Scan on k_2  (cost=0.00..5.46 rows=103 width=0)
	        Index Cond: ((k >= 1880241) AND (k <= 1880341))

table 3 : explain SELECT k, c FROM sbtest3 WHERE k BETWEEN 1880241 AND 1880341
	Bitmap Heap Scan on sbtest3  (cost=5.50..417.22 rows=104 width=125)
	  Recheck Cond: ((k >= 1880241) AND (k <= 1880341))
	  ->  Bitmap Index Scan on k_3  (cost=0.00..5.47 rows=104 width=0)
	        Index Cond: ((k >= 1880241) AND (k <= 1880341))

table 4 : explain SELECT k, c FROM sbtest4 WHERE k BETWEEN 1880241 AND 1880341
	Bitmap Heap Scan on sbtest4  (cost=5.42..385.70 rows=96 width=125)
	  Recheck Cond: ((k >= 1880241) AND (k <= 1880341))
	  ->  Bitmap Index Scan on k_4  (cost=0.00..5.39 rows=96 width=0)
	        Index Cond: ((k >= 1880241) AND (k <= 1880341))

table 5 : explain SELECT k, c FROM sbtest5 WHERE k BETWEEN 1880241 AND 1880341
	Bitmap Heap Scan on sbtest5  (cost=5.51..421.22 rows=105 width=125)
	  Recheck Cond: ((k >= 1880241) AND (k <= 1880341))
	  ->  Bitmap Index Scan on k_5  (cost=0.00..5.48 rows=105 width=0)
	        Index Cond: ((k >= 1880241) AND (k <= 1880341))

table 6 : explain SELECT k, c FROM sbtest6 WHERE k BETWEEN 1880241 AND 1880341
	Bitmap Heap Scan on sbtest6  (cost=5.47..405.43 rows=101 width=125)
	  Recheck Cond: ((k >= 1880241) AND (k <= 1880341))
	  ->  Bitmap Index Scan on k_6  (cost=0.00..5.44 rows=101 width=0)
	        Index Cond: ((k >= 1880241) AND (k <= 1880341))

table 7 : explain SELECT k, c FROM sbtest7 WHERE k BETWEEN 1880241 AND 1880341
	Bitmap Heap Scan on sbtest7  (cost=5.45..397.54 rows=99 width=125)
	  Recheck Cond: ((k >= 1880241) AND (k <= 1880341))
	  ->  Bitmap Index Scan on k_7  (cost=0.00..5.42 rows=99 width=0)
	        Index Cond: ((k >= 1880241) AND (k <= 1880341))

table 8 : explain SELECT k, c FROM sbtest8 WHERE k BETWEEN 1880241 AND 1880341
	Bitmap Heap Scan on sbtest8  (cost=5.52..425.15 rows=106 width=125)
	  Recheck Cond: ((k >= 1880241) AND (k <= 1880341))
	  ->  Bitmap Index Scan on k_8  (cost=0.00..5.50 rows=106 width=0)
	        Index Cond: ((k >= 1880241) AND (k <= 1880341))

for range-notcovered
table 1 : explain SELECT k, c FROM sbtest1 WHERE k BETWEEN 8429688 AND 8429788
	Bitmap Heap Scan on sbtest1  (cost=5.45..397.54 rows=99 width=125)
	  Recheck Cond: ((k >= 8429688) AND (k <= 8429788))
	  ->  Bitmap Index Scan on k_1  (cost=0.00..5.42 rows=99 width=0)
	        Index Cond: ((k >= 8429688) AND (k <= 8429788))

table 2 : explain SELECT k, c FROM sbtest2 WHERE k BETWEEN 8429688 AND 8429788
	Bitmap Heap Scan on sbtest2  (cost=5.45..397.57 rows=99 width=125)
	  Recheck Cond: ((k >= 8429688) AND (k <= 8429788))
	  ->  Bitmap Index Scan on k_2  (cost=0.00..5.42 rows=99 width=0)
	        Index Cond: ((k >= 8429688) AND (k <= 8429788))

table 3 : explain SELECT k, c FROM sbtest3 WHERE k BETWEEN 8429688 AND 8429788
	Bitmap Heap Scan on sbtest3  (cost=5.43..389.62 rows=97 width=125)
	  Recheck Cond: ((k >= 8429688) AND (k <= 8429788))
	  ->  Bitmap Index Scan on k_3  (cost=0.00..5.40 rows=97 width=0)
	        Index Cond: ((k >= 8429688) AND (k <= 8429788))

table 4 : explain SELECT k, c FROM sbtest4 WHERE k BETWEEN 8429688 AND 8429788
	Bitmap Heap Scan on sbtest4  (cost=5.48..409.36 rows=102 width=125)
	  Recheck Cond: ((k >= 8429688) AND (k <= 8429788))
	  ->  Bitmap Index Scan on k_4  (cost=0.00..5.45 rows=102 width=0)
	        Index Cond: ((k >= 8429688) AND (k <= 8429788))

table 5 : explain SELECT k, c FROM sbtest5 WHERE k BETWEEN 8429688 AND 8429788
	Bitmap Heap Scan on sbtest5  (cost=5.50..417.28 rows=104 width=125)
	  Recheck Cond: ((k >= 8429688) AND (k <= 8429788))
	  ->  Bitmap Index Scan on k_5  (cost=0.00..5.47 rows=104 width=0)
	        Index Cond: ((k >= 8429688) AND (k <= 8429788))

table 6 : explain SELECT k, c FROM sbtest6 WHERE k BETWEEN 8429688 AND 8429788
	Bitmap Heap Scan on sbtest6  (cost=5.55..436.96 rows=109 width=125)
	  Recheck Cond: ((k >= 8429688) AND (k <= 8429788))
	  ->  Bitmap Index Scan on k_6  (cost=0.00..5.52 rows=109 width=0)
	        Index Cond: ((k >= 8429688) AND (k <= 8429788))

table 7 : explain SELECT k, c FROM sbtest7 WHERE k BETWEEN 8429688 AND 8429788
	Bitmap Heap Scan on sbtest7  (cost=5.52..425.14 rows=106 width=125)
	  Recheck Cond: ((k >= 8429688) AND (k <= 8429788))
	  ->  Bitmap Index Scan on k_7  (cost=0.00..5.50 rows=106 width=0)
	        Index Cond: ((k >= 8429688) AND (k <= 8429788))

table 8 : explain SELECT k, c FROM sbtest8 WHERE k BETWEEN 8429688 AND 8429788
	Bitmap Heap Scan on sbtest8  (cost=5.54..433.03 rows=108 width=125)
	  Recheck Cond: ((k >= 8429688) AND (k <= 8429788))
	  ->  Bitmap Index Scan on k_8  (cost=0.00..5.51 rows=108 width=0)
	        Index Cond: ((k >= 8429688) AND (k <= 8429788))

for range-notcovered
table 1 : explain SELECT k, c FROM sbtest1 WHERE k BETWEEN 3406885 AND 3406985
	Bitmap Heap Scan on sbtest1  (cost=5.61..460.58 rows=115 width=125)
	  Recheck Cond: ((k >= 3406885) AND (k <= 3406985))
	  ->  Bitmap Index Scan on k_1  (cost=0.00..5.58 rows=115 width=0)
	        Index Cond: ((k >= 3406885) AND (k <= 3406985))

table 2 : explain SELECT k, c FROM sbtest2 WHERE k BETWEEN 3406885 AND 3406985
	Bitmap Heap Scan on sbtest2  (cost=5.48..409.40 rows=102 width=125)
	  Recheck Cond: ((k >= 3406885) AND (k <= 3406985))
	  ->  Bitmap Index Scan on k_2  (cost=0.00..5.45 rows=102 width=0)
	        Index Cond: ((k >= 3406885) AND (k <= 3406985))

table 3 : explain SELECT k, c FROM sbtest3 WHERE k BETWEEN 3406885 AND 3406985
	Bitmap Heap Scan on sbtest3  (cost=5.54..432.98 rows=108 width=125)
	  Recheck Cond: ((k >= 3406885) AND (k <= 3406985))
	  ->  Bitmap Index Scan on k_3  (cost=0.00..5.51 rows=108 width=0)
	        Index Cond: ((k >= 3406885) AND (k <= 3406985))

table 4 : explain SELECT k, c FROM sbtest4 WHERE k BETWEEN 3406885 AND 3406985
	Bitmap Heap Scan on sbtest4  (cost=5.46..401.48 rows=100 width=125)
	  Recheck Cond: ((k >= 3406885) AND (k <= 3406985))
	  ->  Bitmap Index Scan on k_4  (cost=0.00..5.43 rows=100 width=0)
	        Index Cond: ((k >= 3406885) AND (k <= 3406985))

table 5 : explain SELECT k, c FROM sbtest5 WHERE k BETWEEN 3406885 AND 3406985
	Bitmap Heap Scan on sbtest5  (cost=5.48..409.40 rows=102 width=125)
	  Recheck Cond: ((k >= 3406885) AND (k <= 3406985))
	  ->  Bitmap Index Scan on k_5  (cost=0.00..5.45 rows=102 width=0)
	        Index Cond: ((k >= 3406885) AND (k <= 3406985))

table 6 : explain SELECT k, c FROM sbtest6 WHERE k BETWEEN 3406885 AND 3406985
	Bitmap Heap Scan on sbtest6  (cost=5.41..381.77 rows=95 width=125)
	  Recheck Cond: ((k >= 3406885) AND (k <= 3406985))
	  ->  Bitmap Index Scan on k_6  (cost=0.00..5.38 rows=95 width=0)
	        Index Cond: ((k >= 3406885) AND (k <= 3406985))

table 7 : explain SELECT k, c FROM sbtest7 WHERE k BETWEEN 3406885 AND 3406985
	Bitmap Heap Scan on sbtest7  (cost=5.49..413.31 rows=103 width=125)
	  Recheck Cond: ((k >= 3406885) AND (k <= 3406985))
	  ->  Bitmap Index Scan on k_7  (cost=0.00..5.46 rows=103 width=0)
	        Index Cond: ((k >= 3406885) AND (k <= 3406985))

table 8 : explain SELECT k, c FROM sbtest8 WHERE k BETWEEN 3406885 AND 3406985
	Bitmap Heap Scan on sbtest8  (cost=5.38..369.93 rows=92 width=125)
	  Recheck Cond: ((k >= 3406885) AND (k <= 3406985))
	  ->  Bitmap Index Scan on k_8  (cost=0.00..5.35 rows=92 width=0)
	        Index Cond: ((k >= 3406885) AND (k <= 3406985))

for range-notcovered
table 1 : explain SELECT k, c FROM sbtest1 WHERE k BETWEEN 5799430 AND 5799530
	Bitmap Heap Scan on sbtest1  (cost=5.49..413.31 rows=103 width=125)
	  Recheck Cond: ((k >= 5799430) AND (k <= 5799530))
	  ->  Bitmap Index Scan on k_1  (cost=0.00..5.46 rows=103 width=0)
	        Index Cond: ((k >= 5799430) AND (k <= 5799530))

table 2 : explain SELECT k, c FROM sbtest2 WHERE k BETWEEN 5799430 AND 5799530
	Bitmap Heap Scan on sbtest2  (cost=5.49..413.34 rows=103 width=125)
	  Recheck Cond: ((k >= 5799430) AND (k <= 5799530))
	  ->  Bitmap Index Scan on k_2  (cost=0.00..5.46 rows=103 width=0)
	        Index Cond: ((k >= 5799430) AND (k <= 5799530))

table 3 : explain SELECT k, c FROM sbtest3 WHERE k BETWEEN 5799430 AND 5799530
	Bitmap Heap Scan on sbtest3  (cost=5.46..401.45 rows=100 width=125)
	  Recheck Cond: ((k >= 5799430) AND (k <= 5799530))
	  ->  Bitmap Index Scan on k_3  (cost=0.00..5.43 rows=100 width=0)
	        Index Cond: ((k >= 5799430) AND (k <= 5799530))

table 4 : explain SELECT k, c FROM sbtest4 WHERE k BETWEEN 5799430 AND 5799530
	Bitmap Heap Scan on sbtest4  (cost=5.52..425.13 rows=106 width=125)
	  Recheck Cond: ((k >= 5799430) AND (k <= 5799530))
	  ->  Bitmap Index Scan on k_4  (cost=0.00..5.50 rows=106 width=0)
	        Index Cond: ((k >= 5799430) AND (k <= 5799530))

table 5 : explain SELECT k, c FROM sbtest5 WHERE k BETWEEN 5799430 AND 5799530
	Bitmap Heap Scan on sbtest5  (cost=5.47..405.45 rows=101 width=125)
	  Recheck Cond: ((k >= 5799430) AND (k <= 5799530))
	  ->  Bitmap Index Scan on k_5  (cost=0.00..5.44 rows=101 width=0)
	        Index Cond: ((k >= 5799430) AND (k <= 5799530))

table 6 : explain SELECT k, c FROM sbtest6 WHERE k BETWEEN 5799430 AND 5799530
	Bitmap Heap Scan on sbtest6  (cost=5.62..464.53 rows=116 width=125)
	  Recheck Cond: ((k >= 5799430) AND (k <= 5799530))
	  ->  Bitmap Index Scan on k_6  (cost=0.00..5.59 rows=116 width=0)
	        Index Cond: ((k >= 5799430) AND (k <= 5799530))

table 7 : explain SELECT k, c FROM sbtest7 WHERE k BETWEEN 5799430 AND 5799530
	Bitmap Heap Scan on sbtest7  (cost=5.45..397.54 rows=99 width=125)
	  Recheck Cond: ((k >= 5799430) AND (k <= 5799530))
	  ->  Bitmap Index Scan on k_7  (cost=0.00..5.42 rows=99 width=0)
	        Index Cond: ((k >= 5799430) AND (k <= 5799530))

table 8 : explain SELECT k, c FROM sbtest8 WHERE k BETWEEN 5799430 AND 5799530
	Bitmap Heap Scan on sbtest8  (cost=5.50..417.26 rows=104 width=125)
	  Recheck Cond: ((k >= 5799430) AND (k <= 5799530))
	  ->  Bitmap Index Scan on k_8  (cost=0.00..5.47 rows=104 width=0)
	        Index Cond: ((k >= 5799430) AND (k <= 5799530))
for range-notcovered
table 1 : explain SELECT k, c FROM sbtest1 WHERE k BETWEEN 6128050 AND 6128150
	Bitmap Heap Scan on sbtest1  (cost=5.43..389.65 rows=97 width=125)
	  Recheck Cond: ((k >= 6128050) AND (k <= 6128150))
	  ->  Bitmap Index Scan on k_1  (cost=0.00..5.40 rows=97 width=0)
	        Index Cond: ((k >= 6128050) AND (k <= 6128150))

table 2 : explain SELECT k, c FROM sbtest2 WHERE k BETWEEN 6128050 AND 6128150
	Bitmap Heap Scan on sbtest2  (cost=5.52..425.16 rows=106 width=125)
	  Recheck Cond: ((k >= 6128050) AND (k <= 6128150))
	  ->  Bitmap Index Scan on k_2  (cost=0.00..5.50 rows=106 width=0)
	        Index Cond: ((k >= 6128050) AND (k <= 6128150))

table 3 : explain SELECT k, c FROM sbtest3 WHERE k BETWEEN 6128050 AND 6128150
	Bitmap Heap Scan on sbtest3  (cost=5.49..413.28 rows=103 width=125)
	  Recheck Cond: ((k >= 6128050) AND (k <= 6128150))
	  ->  Bitmap Index Scan on k_3  (cost=0.00..5.46 rows=103 width=0)
	        Index Cond: ((k >= 6128050) AND (k <= 6128150))

table 4 : explain SELECT k, c FROM sbtest4 WHERE k BETWEEN 6128050 AND 6128150
	Bitmap Heap Scan on sbtest4  (cost=5.53..429.07 rows=107 width=125)
	  Recheck Cond: ((k >= 6128050) AND (k <= 6128150))
	  ->  Bitmap Index Scan on k_4  (cost=0.00..5.50 rows=107 width=0)
	        Index Cond: ((k >= 6128050) AND (k <= 6128150))

table 5 : explain SELECT k, c FROM sbtest5 WHERE k BETWEEN 6128050 AND 6128150
	Bitmap Heap Scan on sbtest5  (cost=5.47..405.45 rows=101 width=125)
	  Recheck Cond: ((k >= 6128050) AND (k <= 6128150))
	  ->  Bitmap Index Scan on k_5  (cost=0.00..5.44 rows=101 width=0)
	        Index Cond: ((k >= 6128050) AND (k <= 6128150))

table 6 : explain SELECT k, c FROM sbtest6 WHERE k BETWEEN 6128050 AND 6128150
	Bitmap Heap Scan on sbtest6  (cost=5.54..433.02 rows=108 width=125)
	  Recheck Cond: ((k >= 6128050) AND (k <= 6128150))
	  ->  Bitmap Index Scan on k_6  (cost=0.00..5.51 rows=108 width=0)
	        Index Cond: ((k >= 6128050) AND (k <= 6128150))

table 7 : explain SELECT k, c FROM sbtest7 WHERE k BETWEEN 6128050 AND 6128150
	Bitmap Heap Scan on sbtest7  (cost=5.44..393.60 rows=98 width=125)
	  Recheck Cond: ((k >= 6128050) AND (k <= 6128150))
	  ->  Bitmap Index Scan on k_7  (cost=0.00..5.42 rows=98 width=0)
	        Index Cond: ((k >= 6128050) AND (k <= 6128150))

table 8 : explain SELECT k, c FROM sbtest8 WHERE k BETWEEN 6128050 AND 6128150
	Bitmap Heap Scan on sbtest8  (cost=5.43..389.66 rows=97 width=125)
	  Recheck Cond: ((k >= 6128050) AND (k <= 6128150))
	  ->  Bitmap Index Scan on k_8  (cost=0.00..5.40 rows=97 width=0)
	        Index Cond: ((k >= 6128050) AND (k <= 6128150))

explain: for range-notcovered :: explain SELECT k, c FROM sbtest%d WHERE k BETWEEN 7687964 AND 7688064
explain: for range-notcovered :: explain SELECT k, c FROM sbtest%d WHERE k BETWEEN 8429688 AND 8429788
explain: for range-notcovered :: explain SELECT k, c FROM sbtest%d WHERE k BETWEEN 7966267 AND 7966367for range-notcovered
table 1 : explain SELECT k, c FROM sbtest1 WHERE k BETWEEN 2748161 AND 2748261
	Bitmap Heap Scan on sbtest1  (cost=5.43..389.65 rows=97 width=125)
	  Recheck Cond: ((k >= 2748161) AND (k <= 2748261))
	  ->  Bitmap Index Scan on k_1  (cost=0.00..5.40 rows=97 width=0)
	        Index Cond: ((k >= 2748161) AND (k <= 2748261))

table 2 : explain SELECT k, c FROM sbtest2 WHERE k BETWEEN 2748161 AND 2748261
	Bitmap Heap Scan on sbtest2  (cost=5.53..429.10 rows=107 width=125)
	  Recheck Cond: ((k >= 2748161) AND (k <= 2748261))
	  ->  Bitmap Index Scan on k_2  (cost=0.00..5.50 rows=107 width=0)
	        Index Cond: ((k >= 2748161) AND (k <= 2748261))

table 3 : explain SELECT k, c FROM sbtest3 WHERE k BETWEEN 2748161 AND 2748261
	Bitmap Heap Scan on sbtest3  (cost=5.49..413.28 rows=103 width=125)
	  Recheck Cond: ((k >= 2748161) AND (k <= 2748261))
	  ->  Bitmap Index Scan on k_3  (cost=0.00..5.46 rows=103 width=0)
	        Index Cond: ((k >= 2748161) AND (k <= 2748261))

table 4 : explain SELECT k, c FROM sbtest4 WHERE k BETWEEN 2748161 AND 2748261
	Bitmap Heap Scan on sbtest4  (cost=5.42..385.70 rows=96 width=125)
	  Recheck Cond: ((k >= 2748161) AND (k <= 2748261))
	  ->  Bitmap Index Scan on k_4  (cost=0.00..5.39 rows=96 width=0)
	        Index Cond: ((k >= 2748161) AND (k <= 2748261))

table 5 : explain SELECT k, c FROM sbtest5 WHERE k BETWEEN 2748161 AND 2748261
	Bitmap Heap Scan on sbtest5  (cost=5.52..425.16 rows=106 width=125)
	  Recheck Cond: ((k >= 2748161) AND (k <= 2748261))
	  ->  Bitmap Index Scan on k_5  (cost=0.00..5.50 rows=106 width=0)
	        Index Cond: ((k >= 2748161) AND (k <= 2748261))

table 6 : explain SELECT k, c FROM sbtest6 WHERE k BETWEEN 2748161 AND 2748261
	Bitmap Heap Scan on sbtest6  (cost=5.46..401.49 rows=100 width=125)
	  Recheck Cond: ((k >= 2748161) AND (k <= 2748261))
	  ->  Bitmap Index Scan on k_6  (cost=0.00..5.43 rows=100 width=0)
	        Index Cond: ((k >= 2748161) AND (k <= 2748261))

table 7 : explain SELECT k, c FROM sbtest7 WHERE k BETWEEN 2748161 AND 2748261
	Bitmap Heap Scan on sbtest7  (cost=5.47..405.43 rows=101 width=125)
	  Recheck Cond: ((k >= 2748161) AND (k <= 2748261))
	  ->  Bitmap Index Scan on k_7  (cost=0.00..5.44 rows=101 width=0)
	        Index Cond: ((k >= 2748161) AND (k <= 2748261))

table 8 : explain SELECT k, c FROM sbtest8 WHERE k BETWEEN 2748161 AND 2748261
	Bitmap Heap Scan on sbtest8  (cost=5.59..452.72 rows=113 width=125)
	  Recheck Cond: ((k >= 2748161) AND (k <= 2748261))
	  ->  Bitmap Index Scan on k_8  (cost=0.00..5.56 rows=113 width=0)
	        Index Cond: ((k >= 2748161) AND (k <= 2748261))

for range-notcovered
table 1 : explain SELECT k, c FROM sbtest1 WHERE k BETWEEN 7830027 AND 7830127
	Bitmap Heap Scan on sbtest1  (cost=5.50..417.25 rows=104 width=125)
	  Recheck Cond: ((k >= 7830027) AND (k <= 7830127))
	  ->  Bitmap Index Scan on k_1  (cost=0.00..5.47 rows=104 width=0)
	        Index Cond: ((k >= 7830027) AND (k <= 7830127))

table 2 : explain SELECT k, c FROM sbtest2 WHERE k BETWEEN 7830027 AND 7830127
	Bitmap Heap Scan on sbtest2  (cost=5.51..421.22 rows=105 width=125)
	  Recheck Cond: ((k >= 7830027) AND (k <= 7830127))
	  ->  Bitmap Index Scan on k_2  (cost=0.00..5.48 rows=105 width=0)
	        Index Cond: ((k >= 7830027) AND (k <= 7830127))

table 3 : explain SELECT k, c FROM sbtest3 WHERE k BETWEEN 7830027 AND 7830127
	Bitmap Heap Scan on sbtest3  (cost=5.48..409.34 rows=102 width=125)
	  Recheck Cond: ((k >= 7830027) AND (k <= 7830127))
	  ->  Bitmap Index Scan on k_3  (cost=0.00..5.45 rows=102 width=0)
	        Index Cond: ((k >= 7830027) AND (k <= 7830127))

table 4 : explain SELECT k, c FROM sbtest4 WHERE k BETWEEN 7830027 AND 7830127
	Bitmap Heap Scan on sbtest4  (cost=5.47..405.42 rows=101 width=125)
	  Recheck Cond: ((k >= 7830027) AND (k <= 7830127))
	  ->  Bitmap Index Scan on k_4  (cost=0.00..5.44 rows=101 width=0)
	        Index Cond: ((k >= 7830027) AND (k <= 7830127))

table 5 : explain SELECT k, c FROM sbtest5 WHERE k BETWEEN 7830027 AND 7830127
	Bitmap Heap Scan on sbtest5  (cost=5.42..385.73 rows=96 width=125)
	  Recheck Cond: ((k >= 7830027) AND (k <= 7830127))
	  ->  Bitmap Index Scan on k_5  (cost=0.00..5.39 rows=96 width=0)
	        Index Cond: ((k >= 7830027) AND (k <= 7830127))

table 6 : explain SELECT k, c FROM sbtest6 WHERE k BETWEEN 7830027 AND 7830127
	Bitmap Heap Scan on sbtest6  (cost=5.55..436.96 rows=109 width=125)
	  Recheck Cond: ((k >= 7830027) AND (k <= 7830127))
	  ->  Bitmap Index Scan on k_6  (cost=0.00..5.52 rows=109 width=0)
	        Index Cond: ((k >= 7830027) AND (k <= 7830127))

table 7 : explain SELECT k, c FROM sbtest7 WHERE k BETWEEN 7830027 AND 7830127
	Bitmap Heap Scan on sbtest7  (cost=5.51..421.20 rows=105 width=125)
	  Recheck Cond: ((k >= 7830027) AND (k <= 7830127))
	  ->  Bitmap Index Scan on k_7  (cost=0.00..5.48 rows=105 width=0)
	        Index Cond: ((k >= 7830027) AND (k <= 7830127))

table 8 : explain SELECT k, c FROM sbtest8 WHERE k BETWEEN 7830027 AND 7830127
	Bitmap Heap Scan on sbtest8  (cost=5.43..389.66 rows=97 width=125)
	  Recheck Cond: ((k >= 7830027) AND (k <= 7830127))
	  ->  Bitmap Index Scan on k_8  (cost=0.00..5.40 rows=97 width=0)
	        Index Cond: ((k >= 7830027) AND (k <= 7830127))

for range-notcovered
table 1 : explain SELECT k, c FROM sbtest1 WHERE k BETWEEN 2845276 AND 2845376
	Bitmap Heap Scan on sbtest1  (cost=5.53..429.07 rows=107 width=125)
	  Recheck Cond: ((k >= 2845276) AND (k <= 2845376))
	  ->  Bitmap Index Scan on k_1  (cost=0.00..5.50 rows=107 width=0)
	        Index Cond: ((k >= 2845276) AND (k <= 2845376))

table 2 : explain SELECT k, c FROM sbtest2 WHERE k BETWEEN 2845276 AND 2845376
	Bitmap Heap Scan on sbtest2  (cost=5.41..381.79 rows=95 width=125)
	  Recheck Cond: ((k >= 2845276) AND (k <= 2845376))
	  ->  Bitmap Index Scan on k_2  (cost=0.00..5.38 rows=95 width=0)
	        Index Cond: ((k >= 2845276) AND (k <= 2845376))

table 3 : explain SELECT k, c FROM sbtest3 WHERE k BETWEEN 2845276 AND 2845376
	Bitmap Heap Scan on sbtest3  (cost=5.38..369.90 rows=92 width=125)
	  Recheck Cond: ((k >= 2845276) AND (k <= 2845376))
	  ->  Bitmap Index Scan on k_3  (cost=0.00..5.35 rows=92 width=0)
	        Index Cond: ((k >= 2845276) AND (k <= 2845376))

table 4 : explain SELECT k, c FROM sbtest4 WHERE k BETWEEN 2845276 AND 2845376
	Bitmap Heap Scan on sbtest4  (cost=5.45..397.54 rows=99 width=125)
	  Recheck Cond: ((k >= 2845276) AND (k <= 2845376))
	  ->  Bitmap Index Scan on k_4  (cost=0.00..5.42 rows=99 width=0)
	        Index Cond: ((k >= 2845276) AND (k <= 2845376))

table 5 : explain SELECT k, c FROM sbtest5 WHERE k BETWEEN 2845276 AND 2845376
	Bitmap Heap Scan on sbtest5  (cost=5.41..381.79 rows=95 width=125)
	  Recheck Cond: ((k >= 2845276) AND (k <= 2845376))
	  ->  Bitmap Index Scan on k_5  (cost=0.00..5.38 rows=95 width=0)
	        Index Cond: ((k >= 2845276) AND (k <= 2845376))

table 6 : explain SELECT k, c FROM sbtest6 WHERE k BETWEEN 2845276 AND 2845376
	Bitmap Heap Scan on sbtest6  (cost=5.51..421.20 rows=105 width=125)
	  Recheck Cond: ((k >= 2845276) AND (k <= 2845376))
	  ->  Bitmap Index Scan on k_6  (cost=0.00..5.48 rows=105 width=0)
	        Index Cond: ((k >= 2845276) AND (k <= 2845376))

table 7 : explain SELECT k, c FROM sbtest7 WHERE k BETWEEN 2845276 AND 2845376
	Bitmap Heap Scan on sbtest7  (cost=5.52..425.14 rows=106 width=125)
	  Recheck Cond: ((k >= 2845276) AND (k <= 2845376))
	  ->  Bitmap Index Scan on k_7  (cost=0.00..5.50 rows=106 width=0)
	        Index Cond: ((k >= 2845276) AND (k <= 2845376))

table 8 : explain SELECT k, c FROM sbtest8 WHERE k BETWEEN 2845276 AND 2845376
	Bitmap Heap Scan on sbtest8  (cost=5.46..401.49 rows=100 width=125)
	  Recheck Cond: ((k >= 2845276) AND (k <= 2845376))
	  ->  Bitmap Index Scan on k_8  (cost=0.00..5.43 rows=100 width=0)
	        Index Cond: ((k >= 2845276) AND (k <= 2845376))

explain: for range-notcovered :: explain SELECT k, c FROM sbtest%d WHERE k BETWEEN 3763505 AND 3763605
for range-notcovered
table 1 : explain SELECT k, c FROM sbtest1 WHERE k BETWEEN 5037207 AND 5037307
	Bitmap Heap Scan on sbtest1  (cost=5.48..409.37 rows=102 width=125)
	  Recheck Cond: ((k >= 5037207) AND (k <= 5037307))
	  ->  Bitmap Index Scan on k_1  (cost=0.00..5.45 rows=102 width=0)
	        Index Cond: ((k >= 5037207) AND (k <= 5037307))

table 2 : explain SELECT k, c FROM sbtest2 WHERE k BETWEEN 5037207 AND 5037307
	Bitmap Heap Scan on sbtest2  (cost=5.50..417.28 rows=104 width=125)
	  Recheck Cond: ((k >= 5037207) AND (k <= 5037307))
	  ->  Bitmap Index Scan on k_2  (cost=0.00..5.47 rows=104 width=0)
	        Index Cond: ((k >= 5037207) AND (k <= 5037307))

table 3 : explain SELECT k, c FROM sbtest3 WHERE k BETWEEN 5037207 AND 5037307
	Bitmap Heap Scan on sbtest3  (cost=5.52..425.10 rows=106 width=125)
	  Recheck Cond: ((k >= 5037207) AND (k <= 5037307))
	  ->  Bitmap Index Scan on k_3  (cost=0.00..5.50 rows=106 width=0)
	        Index Cond: ((k >= 5037207) AND (k <= 5037307))

table 4 : explain SELECT k, c FROM sbtest4 WHERE k BETWEEN 5037207 AND 5037307
	Bitmap Heap Scan on sbtest4  (cost=5.53..429.07 rows=107 width=125)
	  Recheck Cond: ((k >= 5037207) AND (k <= 5037307))
	  ->  Bitmap Index Scan on k_4  (cost=0.00..5.50 rows=107 width=0)
	        Index Cond: ((k >= 5037207) AND (k <= 5037307))

table 5 : explain SELECT k, c FROM sbtest5 WHERE k BETWEEN 5037207 AND 5037307
	Bitmap Heap Scan on sbtest5  (cost=5.48..409.40 rows=102 width=125)
	  Recheck Cond: ((k >= 5037207) AND (k <= 5037307))
	  ->  Bitmap Index Scan on k_5  (cost=0.00..5.45 rows=102 width=0)
	        Index Cond: ((k >= 5037207) AND (k <= 5037307))

table 6 : explain SELECT k, c FROM sbtest6 WHERE k BETWEEN 5037207 AND 5037307
	Bitmap Heap Scan on sbtest6  (cost=5.51..421.20 rows=105 width=125)
	  Recheck Cond: ((k >= 5037207) AND (k <= 5037307))
	  ->  Bitmap Index Scan on k_6  (cost=0.00..5.48 rows=105 width=0)
	        Index Cond: ((k >= 5037207) AND (k <= 5037307))

table 7 : explain SELECT k, c FROM sbtest7 WHERE k BETWEEN 5037207 AND 5037307
	Bitmap Heap Scan on sbtest7  (cost=5.51..421.20 rows=105 width=125)
	  Recheck Cond: ((k >= 5037207) AND (k <= 5037307))
	  ->  Bitmap Index Scan on k_7  (cost=0.00..5.48 rows=105 width=0)
	        Index Cond: ((k >= 5037207) AND (k <= 5037307))

table 8 : explain SELECT k, c FROM sbtest8 WHERE k BETWEEN 5037207 AND 5037307
	Bitmap Heap Scan on sbtest8  (cost=5.53..429.09 rows=107 width=125)
	  Recheck Cond: ((k >= 5037207) AND (k <= 5037307))
	  ->  Bitmap Index Scan on k_8  (cost=0.00..5.50 rows=107 width=0)
	        Index Cond: ((k >= 5037207) AND (k <= 5037307))
for range-notcovered
table 1 : explain SELECT k, c FROM sbtest1 WHERE k BETWEEN 4875382 AND 4875482
	Bitmap Heap Scan on sbtest1  (cost=5.58..448.77 rows=112 width=125)
	  Recheck Cond: ((k >= 4875382) AND (k <= 4875482))
	  ->  Bitmap Index Scan on k_1  (cost=0.00..5.55 rows=112 width=0)
	        Index Cond: ((k >= 4875382) AND (k <= 4875482))

table 2 : explain SELECT k, c FROM sbtest2 WHERE k BETWEEN 4875382 AND 4875482
	Bitmap Heap Scan on sbtest2  (cost=5.45..397.57 rows=99 width=125)
	  Recheck Cond: ((k >= 4875382) AND (k <= 4875482))
	  ->  Bitmap Index Scan on k_2  (cost=0.00..5.42 rows=99 width=0)
	        Index Cond: ((k >= 4875382) AND (k <= 4875482))

table 3 : explain SELECT k, c FROM sbtest3 WHERE k BETWEEN 4875382 AND 4875482
	Bitmap Heap Scan on sbtest3  (cost=5.43..389.62 rows=97 width=125)
	  Recheck Cond: ((k >= 4875382) AND (k <= 4875482))
	  ->  Bitmap Index Scan on k_3  (cost=0.00..5.40 rows=97 width=0)
	        Index Cond: ((k >= 4875382) AND (k <= 4875482))

table 4 : explain SELECT k, c FROM sbtest4 WHERE k BETWEEN 4875382 AND 4875482
	Bitmap Heap Scan on sbtest4  (cost=5.44..393.59 rows=98 width=125)
	  Recheck Cond: ((k >= 4875382) AND (k <= 4875482))
	  ->  Bitmap Index Scan on k_4  (cost=0.00..5.42 rows=98 width=0)
	        Index Cond: ((k >= 4875382) AND (k <= 4875482))

table 5 : explain SELECT k, c FROM sbtest5 WHERE k BETWEEN 4875382 AND 4875482
	Bitmap Heap Scan on sbtest5  (cost=5.47..405.45 rows=101 width=125)
	  Recheck Cond: ((k >= 4875382) AND (k <= 4875482))
	  ->  Bitmap Index Scan on k_5  (cost=0.00..5.44 rows=101 width=0)
	        Index Cond: ((k >= 4875382) AND (k <= 4875482))

table 6 : explain SELECT k, c FROM sbtest6 WHERE k BETWEEN 4875382 AND 4875482
	Bitmap Heap Scan on sbtest6  (cost=5.45..397.54 rows=99 width=125)
	  Recheck Cond: ((k >= 4875382) AND (k <= 4875482))
	  ->  Bitmap Index Scan on k_6  (cost=0.00..5.42 rows=99 width=0)
	        Index Cond: ((k >= 4875382) AND (k <= 4875482))

table 7 : explain SELECT k, c FROM sbtest7 WHERE k BETWEEN 4875382 AND 4875482
	Bitmap Heap Scan on sbtest7  (cost=5.47..405.43 rows=101 width=125)
	  Recheck Cond: ((k >= 4875382) AND (k <= 4875482))
	  ->  Bitmap Index Scan on k_7  (cost=0.00..5.44 rows=101 width=0)
	        Index Cond: ((k >= 4875382) AND (k <= 4875482))

table 8 : explain SELECT k, c FROM sbtest8 WHERE k BETWEEN 4875382 AND 4875482
	Bitmap Heap Scan on sbtest8  (cost=5.39..373.88 rows=93 width=125)
	  Recheck Cond: ((k >= 4875382) AND (k <= 4875482))
	  ->  Bitmap Index Scan on k_8  (cost=0.00..5.36 rows=93 width=0)
	        Index Cond: ((k >= 4875382) AND (k <= 4875482))

for range-notcovered
table 1 : explain SELECT k, c FROM sbtest1 WHERE k BETWEEN 1575884 AND 1575984
	Bitmap Heap Scan on sbtest1  (cost=5.47..405.42 rows=101 width=125)
	  Recheck Cond: ((k >= 1575884) AND (k <= 1575984))
	  ->  Bitmap Index Scan on k_1  (cost=0.00..5.44 rows=101 width=0)
	        Index Cond: ((k >= 1575884) AND (k <= 1575984))

table 2 : explain SELECT k, c FROM sbtest2 WHERE k BETWEEN 1575884 AND 1575984
	Bitmap Heap Scan on sbtest2  (cost=5.41..381.79 rows=95 width=125)
	  Recheck Cond: ((k >= 1575884) AND (k <= 1575984))
	  ->  Bitmap Index Scan on k_2  (cost=0.00..5.38 rows=95 width=0)
	        Index Cond: ((k >= 1575884) AND (k <= 1575984))

table 3 : explain SELECT k, c FROM sbtest3 WHERE k BETWEEN 1575884 AND 1575984
	Bitmap Heap Scan on sbtest3  (cost=5.50..417.22 rows=104 width=125)
	  Recheck Cond: ((k >= 1575884) AND (k <= 1575984))
	  ->  Bitmap Index Scan on k_3  (cost=0.00..5.47 rows=104 width=0)
	        Index Cond: ((k >= 1575884) AND (k <= 1575984))

table 4 : explain SELECT k, c FROM sbtest4 WHERE k BETWEEN 1575884 AND 1575984
	Bitmap Heap Scan on sbtest4  (cost=5.43..389.65 rows=97 width=125)
	  Recheck Cond: ((k >= 1575884) AND (k <= 1575984))
	  ->  Bitmap Index Scan on k_4  (cost=0.00..5.40 rows=97 width=0)
	        Index Cond: ((k >= 1575884) AND (k <= 1575984))

table 5 : explain SELECT k, c FROM sbtest5 WHERE k BETWEEN 1575884 AND 1575984
	Bitmap Heap Scan on sbtest5  (cost=5.52..425.16 rows=106 width=125)
	  Recheck Cond: ((k >= 1575884) AND (k <= 1575984))
	  ->  Bitmap Index Scan on k_5  (cost=0.00..5.50 rows=106 width=0)
	        Index Cond: ((k >= 1575884) AND (k <= 1575984))

table 6 : explain SELECT k, c FROM sbtest6 WHERE k BETWEEN 1575884 AND 1575984
	Bitmap Heap Scan on sbtest6  (cost=5.55..436.96 rows=109 width=125)
	  Recheck Cond: ((k >= 1575884) AND (k <= 1575984))
	  ->  Bitmap Index Scan on k_6  (cost=0.00..5.52 rows=109 width=0)
	        Index Cond: ((k >= 1575884) AND (k <= 1575984))

table 7 : explain SELECT k, c FROM sbtest7 WHERE k BETWEEN 1575884 AND 1575984
	Bitmap Heap Scan on sbtest7  (cost=5.63..468.46 rows=117 width=125)
	  Recheck Cond: ((k >= 1575884) AND (k <= 1575984))
	  ->  Bitmap Index Scan on k_7  (cost=0.00..5.60 rows=117 width=0)
	        Index Cond: ((k >= 1575884) AND (k <= 1575984))

table 8 : explain SELECT k, c FROM sbtest8 WHERE k BETWEEN 1575884 AND 1575984
	Bitmap Heap Scan on sbtest8  (cost=5.40..377.83 rows=94 width=125)
	  Recheck Cond: ((k >= 1575884) AND (k <= 1575984))
	  ->  Bitmap Index Scan on k_8  (cost=0.00..5.38 rows=94 width=0)
	        Index Cond: ((k >= 1575884) AND (k <= 1575984))


explain: for range-notcovered :: explain SELECT k, c FROM sbtest%d WHERE k BETWEEN 2845276 AND 2845376
for range-notcovered
table 1 : explain SELECT k, c FROM sbtest1 WHERE k BETWEEN 3595470 AND 3595570
	Bitmap Heap Scan on sbtest1  (cost=5.38..369.92 rows=92 width=125)
	  Recheck Cond: ((k >= 3595470) AND (k <= 3595570))
	  ->  Bitmap Index Scan on k_1  (cost=0.00..5.35 rows=92 width=0)
	        Index Cond: ((k >= 3595470) AND (k <= 3595570))

table 2 : explain SELECT k, c FROM sbtest2 WHERE k BETWEEN 3595470 AND 3595570
	Bitmap Heap Scan on sbtest2  (cost=5.51..421.22 rows=105 width=125)
	  Recheck Cond: ((k >= 3595470) AND (k <= 3595570))
	  ->  Bitmap Index Scan on k_2  (cost=0.00..5.48 rows=105 width=0)
	        Index Cond: ((k >= 3595470) AND (k <= 3595570))

table 3 : explain SELECT k, c FROM sbtest3 WHERE k BETWEEN 3595470 AND 3595570
	Bitmap Heap Scan on sbtest3  (cost=5.46..401.45 rows=100 width=125)
	  Recheck Cond: ((k >= 3595470) AND (k <= 3595570))
	  ->  Bitmap Index Scan on k_3  (cost=0.00..5.43 rows=100 width=0)
	        Index Cond: ((k >= 3595470) AND (k <= 3595570))

table 4 : explain SELECT k, c FROM sbtest4 WHERE k BETWEEN 3595470 AND 3595570
	Bitmap Heap Scan on sbtest4  (cost=5.37..365.97 rows=91 width=125)
	  Recheck Cond: ((k >= 3595470) AND (k <= 3595570))
	  ->  Bitmap Index Scan on k_4  (cost=0.00..5.34 rows=91 width=0)
	        Index Cond: ((k >= 3595470) AND (k <= 3595570))

table 5 : explain SELECT k, c FROM sbtest5 WHERE k BETWEEN 3595470 AND 3595570
	Bitmap Heap Scan on sbtest5  (cost=5.46..401.51 rows=100 width=125)
	  Recheck Cond: ((k >= 3595470) AND (k <= 3595570))
	  ->  Bitmap Index Scan on k_5  (cost=0.00..5.43 rows=100 width=0)
	        Index Cond: ((k >= 3595470) AND (k <= 3595570))

table 6 : explain SELECT k, c FROM sbtest6 WHERE k BETWEEN 3595470 AND 3595570
	Bitmap Heap Scan on sbtest6  (cost=5.38..369.93 rows=92 width=125)
	  Recheck Cond: ((k >= 3595470) AND (k <= 3595570))
	  ->  Bitmap Index Scan on k_6  (cost=0.00..5.35 rows=92 width=0)
	        Index Cond: ((k >= 3595470) AND (k <= 3595570))

table 7 : explain SELECT k, c FROM sbtest7 WHERE k BETWEEN 3595470 AND 3595570
	Bitmap Heap Scan on sbtest7  (cost=5.47..405.43 rows=101 width=125)
	  Recheck Cond: ((k >= 3595470) AND (k <= 3595570))
	  ->  Bitmap Index Scan on k_7  (cost=0.00..5.44 rows=101 width=0)
	        Index Cond: ((k >= 3595470) AND (k <= 3595570))

table 8 : explain SELECT k, c FROM sbtest8 WHERE k BETWEEN 3595470 AND 3595570
	Bitmap Heap Scan on sbtest8  (cost=5.45..397.55 rows=99 width=125)
	  Recheck Cond: ((k >= 3595470) AND (k <= 3595570))
	  ->  Bitmap Index Scan on k_8  (cost=0.00..5.42 rows=99 width=0)
	        Index Cond: ((k >= 3595470) AND (k <= 3595570))
explain: for range-notcovered :: explain SELECT k, c FROM sbtest%d WHERE k BETWEEN 1880241 AND 1880341
for range-notcovered
table 1 : explain SELECT k, c FROM sbtest1 WHERE k BETWEEN 8146709 AND 8146809
	Bitmap Heap Scan on sbtest1  (cost=5.44..393.59 rows=98 width=125)
	  Recheck Cond: ((k >= 8146709) AND (k <= 8146809))
	  ->  Bitmap Index Scan on k_1  (cost=0.00..5.42 rows=98 width=0)
	        Index Cond: ((k >= 8146709) AND (k <= 8146809))

table 2 : explain SELECT k, c FROM sbtest2 WHERE k BETWEEN 8146709 AND 8146809
	Bitmap Heap Scan on sbtest2  (cost=5.46..401.51 rows=100 width=125)
	  Recheck Cond: ((k >= 8146709) AND (k <= 8146809))
	  ->  Bitmap Index Scan on k_2  (cost=0.00..5.43 rows=100 width=0)
	        Index Cond: ((k >= 8146709) AND (k <= 8146809))

table 3 : explain SELECT k, c FROM sbtest3 WHERE k BETWEEN 8146709 AND 8146809
	Bitmap Heap Scan on sbtest3  (cost=5.48..409.34 rows=102 width=125)
	  Recheck Cond: ((k >= 8146709) AND (k <= 8146809))
	  ->  Bitmap Index Scan on k_3  (cost=0.00..5.45 rows=102 width=0)
	        Index Cond: ((k >= 8146709) AND (k <= 8146809))

table 4 : explain SELECT k, c FROM sbtest4 WHERE k BETWEEN 8146709 AND 8146809
	Bitmap Heap Scan on sbtest4  (cost=5.50..417.25 rows=104 width=125)
	  Recheck Cond: ((k >= 8146709) AND (k <= 8146809))
	  ->  Bitmap Index Scan on k_4  (cost=0.00..5.47 rows=104 width=0)
	        Index Cond: ((k >= 8146709) AND (k <= 8146809))

table 5 : explain SELECT k, c FROM sbtest5 WHERE k BETWEEN 8146709 AND 8146809
	Bitmap Heap Scan on sbtest5  (cost=5.54..433.05 rows=108 width=125)
	  Recheck Cond: ((k >= 8146709) AND (k <= 8146809))
	  ->  Bitmap Index Scan on k_5  (cost=0.00..5.51 rows=108 width=0)
	        Index Cond: ((k >= 8146709) AND (k <= 8146809))

table 6 : explain SELECT k, c FROM sbtest6 WHERE k BETWEEN 8146709 AND 8146809
	Bitmap Heap Scan on sbtest6  (cost=5.41..381.77 rows=95 width=125)
	  Recheck Cond: ((k >= 8146709) AND (k <= 8146809))
	  ->  Bitmap Index Scan on k_6  (cost=0.00..5.38 rows=95 width=0)
	        Index Cond: ((k >= 8146709) AND (k <= 8146809))

table 7 : explain SELECT k, c FROM sbtest7 WHERE k BETWEEN 8146709 AND 8146809
	Bitmap Heap Scan on sbtest7  (cost=5.52..425.14 rows=106 width=125)
	  Recheck Cond: ((k >= 8146709) AND (k <= 8146809))
	  ->  Bitmap Index Scan on k_7  (cost=0.00..5.50 rows=106 width=0)
	        Index Cond: ((k >= 8146709) AND (k <= 8146809))

table 8 : explain SELECT k, c FROM sbtest8 WHERE k BETWEEN 8146709 AND 8146809
	Bitmap Heap Scan on sbtest8  (cost=5.57..444.85 rows=111 width=125)
	  Recheck Cond: ((k >= 8146709) AND (k <= 8146809))
	  ->  Bitmap Index Scan on k_8  (cost=0.00..5.54 rows=111 width=0)
	        Index Cond: ((k >= 8146709) AND (k <= 8146809))


explain: for range-notcovered :: explain SELECT k, c FROM sbtest%d WHERE k BETWEEN 1575884 AND 1575984
for range-notcovered
table 1 : explain SELECT k, c FROM sbtest1 WHERE k BETWEEN 1289756 AND 1289856
	Bitmap Heap Scan on sbtest1  (cost=5.55..436.95 rows=109 width=125)
	  Recheck Cond: ((k >= 1289756) AND (k <= 1289856))
	  ->  Bitmap Index Scan on k_1  (cost=0.00..5.52 rows=109 width=0)
	        Index Cond: ((k >= 1289756) AND (k <= 1289856))

table 2 : explain SELECT k, c FROM sbtest2 WHERE k BETWEEN 1289756 AND 1289856
	Bitmap Heap Scan on sbtest2  (cost=5.49..413.34 rows=103 width=125)
	  Recheck Cond: ((k >= 1289756) AND (k <= 1289856))
	  ->  Bitmap Index Scan on k_2  (cost=0.00..5.46 rows=103 width=0)
	        Index Cond: ((k >= 1289756) AND (k <= 1289856))

table 3 : explain SELECT k, c FROM sbtest3 WHERE k BETWEEN 1289756 AND 1289856
	Bitmap Heap Scan on sbtest3  (cost=5.56..440.86 rows=110 width=125)
	  Recheck Cond: ((k >= 1289756) AND (k <= 1289856))
	  ->  Bitmap Index Scan on k_3  (cost=0.00..5.53 rows=110 width=0)
	        Index Cond: ((k >= 1289756) AND (k <= 1289856))

table 4 : explain SELECT k, c FROM sbtest4 WHERE k BETWEEN 1289756 AND 1289856
	Bitmap Heap Scan on sbtest4  (cost=5.56..440.89 rows=110 width=125)
	  Recheck Cond: ((k >= 1289756) AND (k <= 1289856))
	  ->  Bitmap Index Scan on k_4  (cost=0.00..5.53 rows=110 width=0)
	        Index Cond: ((k >= 1289756) AND (k <= 1289856))

table 5 : explain SELECT k, c FROM sbtest5 WHERE k BETWEEN 1289756 AND 1289856
	Bitmap Heap Scan on sbtest5  (cost=5.36..362.05 rows=90 width=125)
	  Recheck Cond: ((k >= 1289756) AND (k <= 1289856))
	  ->  Bitmap Index Scan on k_5  (cost=0.00..5.33 rows=90 width=0)
	        Index Cond: ((k >= 1289756) AND (k <= 1289856))

table 6 : explain SELECT k, c FROM sbtest6 WHERE k BETWEEN 1289756 AND 1289856
	Bitmap Heap Scan on sbtest6  (cost=5.37..365.98 rows=91 width=125)
	  Recheck Cond: ((k >= 1289756) AND (k <= 1289856))
	  ->  Bitmap Index Scan on k_6  (cost=0.00..5.34 rows=91 width=0)
	        Index Cond: ((k >= 1289756) AND (k <= 1289856))

table 7 : explain SELECT k, c FROM sbtest7 WHERE k BETWEEN 1289756 AND 1289856
	Bitmap Heap Scan on sbtest7  (cost=5.50..417.25 rows=104 width=125)
	  Recheck Cond: ((k >= 1289756) AND (k <= 1289856))
	  ->  Bitmap Index Scan on k_7  (cost=0.00..5.47 rows=104 width=0)
	        Index Cond: ((k >= 1289756) AND (k <= 1289856))

table 8 : explain SELECT k, c FROM sbtest8 WHERE k BETWEEN 1289756 AND 1289856
	Bitmap Heap Scan on sbtest8  (cost=5.38..369.93 rows=92 width=125)
	  Recheck Cond: ((k >= 1289756) AND (k <= 1289856))
	  ->  Bitmap Index Scan on k_8  (cost=0.00..5.35 rows=92 width=0)
	        Index Cond: ((k >= 1289756) AND (k <= 1289856))

for range-notcovered
table 1 : explain SELECT k, c FROM sbtest1 WHERE k BETWEEN 1458180 AND 1458280
	Bitmap Heap Scan on sbtest1  (cost=5.48..409.37 rows=102 width=125)
	  Recheck Cond: ((k >= 1458180) AND (k <= 1458280))
	  ->  Bitmap Index Scan on k_1  (cost=0.00..5.45 rows=102 width=0)
	        Index Cond: ((k >= 1458180) AND (k <= 1458280))

table 2 : explain SELECT k, c FROM sbtest2 WHERE k BETWEEN 1458180 AND 1458280
	Bitmap Heap Scan on sbtest2  (cost=5.51..421.22 rows=105 width=125)
	  Recheck Cond: ((k >= 1458180) AND (k <= 1458280))
	  ->  Bitmap Index Scan on k_2  (cost=0.00..5.48 rows=105 width=0)
	        Index Cond: ((k >= 1458180) AND (k <= 1458280))

table 3 : explain SELECT k, c FROM sbtest3 WHERE k BETWEEN 1458180 AND 1458280
	Bitmap Heap Scan on sbtest3  (cost=5.50..417.22 rows=104 width=125)
	  Recheck Cond: ((k >= 1458180) AND (k <= 1458280))
	  ->  Bitmap Index Scan on k_3  (cost=0.00..5.47 rows=104 width=0)
	        Index Cond: ((k >= 1458180) AND (k <= 1458280))

table 4 : explain SELECT k, c FROM sbtest4 WHERE k BETWEEN 1458180 AND 1458280
	Bitmap Heap Scan on sbtest4  (cost=5.52..425.13 rows=106 width=125)
	  Recheck Cond: ((k >= 1458180) AND (k <= 1458280))
	  ->  Bitmap Index Scan on k_4  (cost=0.00..5.50 rows=106 width=0)
	        Index Cond: ((k >= 1458180) AND (k <= 1458280))

table 5 : explain SELECT k, c FROM sbtest5 WHERE k BETWEEN 1458180 AND 1458280
	Bitmap Heap Scan on sbtest5  (cost=5.51..421.22 rows=105 width=125)
	  Recheck Cond: ((k >= 1458180) AND (k <= 1458280))
	  ->  Bitmap Index Scan on k_5  (cost=0.00..5.48 rows=105 width=0)
	        Index Cond: ((k >= 1458180) AND (k <= 1458280))

table 6 : explain SELECT k, c FROM sbtest6 WHERE k BETWEEN 1458180 AND 1458280
	Bitmap Heap Scan on sbtest6  (cost=5.45..397.54 rows=99 width=125)
	  Recheck Cond: ((k >= 1458180) AND (k <= 1458280))
	  ->  Bitmap Index Scan on k_6  (cost=0.00..5.42 rows=99 width=0)
	        Index Cond: ((k >= 1458180) AND (k <= 1458280))

table 7 : explain SELECT k, c FROM sbtest7 WHERE k BETWEEN 1458180 AND 1458280
	Bitmap Heap Scan on sbtest7  (cost=5.53..429.08 rows=107 width=125)
	  Recheck Cond: ((k >= 1458180) AND (k <= 1458280))
	  ->  Bitmap Index Scan on k_7  (cost=0.00..5.50 rows=107 width=0)
	        Index Cond: ((k >= 1458180) AND (k <= 1458280))

table 8 : explain SELECT k, c FROM sbtest8 WHERE k BETWEEN 1458180 AND 1458280
	Bitmap Heap Scan on sbtest8  (cost=5.43..389.66 rows=97 width=125)
	  Recheck Cond: ((k >= 1458180) AND (k <= 1458280))
	  ->  Bitmap Index Scan on k_8  (cost=0.00..5.40 rows=97 width=0)
	        Index Cond: ((k >= 1458180) AND (k <= 1458280))

for range-notcovered
table 1 : explain SELECT k, c FROM sbtest1 WHERE k BETWEEN 4829581 AND 4829681
	Bitmap Heap Scan on sbtest1  (cost=5.58..448.77 rows=112 width=125)
	  Recheck Cond: ((k >= 4829581) AND (k <= 4829681))
	  ->  Bitmap Index Scan on k_1  (cost=0.00..5.55 rows=112 width=0)
	        Index Cond: ((k >= 4829581) AND (k <= 4829681))

table 2 : explain SELECT k, c FROM sbtest2 WHERE k BETWEEN 4829581 AND 4829681
	Bitmap Heap Scan on sbtest2  (cost=5.45..397.57 rows=99 width=125)
	  Recheck Cond: ((k >= 4829581) AND (k <= 4829681))
	  ->  Bitmap Index Scan on k_2  (cost=0.00..5.42 rows=99 width=0)
	        Index Cond: ((k >= 4829581) AND (k <= 4829681))

table 3 : explain SELECT k, c FROM sbtest3 WHERE k BETWEEN 4829581 AND 4829681
	Bitmap Heap Scan on sbtest3  (cost=5.48..409.34 rows=102 width=125)
	  Recheck Cond: ((k >= 4829581) AND (k <= 4829681))
	  ->  Bitmap Index Scan on k_3  (cost=0.00..5.45 rows=102 width=0)
	        Index Cond: ((k >= 4829581) AND (k <= 4829681))

table 4 : explain SELECT k, c FROM sbtest4 WHERE k BETWEEN 4829581 AND 4829681
	Bitmap Heap Scan on sbtest4  (cost=5.43..389.65 rows=97 width=125)
	  Recheck Cond: ((k >= 4829581) AND (k <= 4829681))
	  ->  Bitmap Index Scan on k_4  (cost=0.00..5.40 rows=97 width=0)
	        Index Cond: ((k >= 4829581) AND (k <= 4829681))

table 5 : explain SELECT k, c FROM sbtest5 WHERE k BETWEEN 4829581 AND 4829681
	Bitmap Heap Scan on sbtest5  (cost=5.47..405.45 rows=101 width=125)
	  Recheck Cond: ((k >= 4829581) AND (k <= 4829681))
	  ->  Bitmap Index Scan on k_5  (cost=0.00..5.44 rows=101 width=0)
	        Index Cond: ((k >= 4829581) AND (k <= 4829681))

table 6 : explain SELECT k, c FROM sbtest6 WHERE k BETWEEN 4829581 AND 4829681
	Bitmap Heap Scan on sbtest6  (cost=5.45..397.54 rows=99 width=125)
	  Recheck Cond: ((k >= 4829581) AND (k <= 4829681))
	  ->  Bitmap Index Scan on k_6  (cost=0.00..5.42 rows=99 width=0)
	        Index Cond: ((k >= 4829581) AND (k <= 4829681))

table 7 : explain SELECT k, c FROM sbtest7 WHERE k BETWEEN 4829581 AND 4829681
	Bitmap Heap Scan on sbtest7  (cost=5.47..405.43 rows=101 width=125)
	  Recheck Cond: ((k >= 4829581) AND (k <= 4829681))
	  ->  Bitmap Index Scan on k_7  (cost=0.00..5.44 rows=101 width=0)
	        Index Cond: ((k >= 4829581) AND (k <= 4829681))

table 8 : explain SELECT k, c FROM sbtest8 WHERE k BETWEEN 4829581 AND 4829681
	Bitmap Heap Scan on sbtest8  (cost=5.46..401.49 rows=100 width=125)
	  Recheck Cond: ((k >= 4829581) AND (k <= 4829681))
	  ->  Bitmap Index Scan on k_8  (cost=0.00..5.43 rows=100 width=0)
	        Index Cond: ((k >= 4829581) AND (k <= 4829681))

explain: for range-notcovered :: explain SELECT k, c FROM sbtest%d WHERE k BETWEEN 6128050 AND 6128150
explain: for range-notcovered :: explain SELECT k, c FROM sbtest%d WHERE k BETWEEN 5912230 AND 5912330
for range-notcovered
table 1 : explain SELECT k, c FROM sbtest1 WHERE k BETWEEN 6852626 AND 6852726
	Bitmap Heap Scan on sbtest1  (cost=5.56..440.89 rows=110 width=125)
	  Recheck Cond: ((k >= 6852626) AND (k <= 6852726))
	  ->  Bitmap Index Scan on k_1  (cost=0.00..5.53 rows=110 width=0)
	        Index Cond: ((k >= 6852626) AND (k <= 6852726))

table 2 : explain SELECT k, c FROM sbtest2 WHERE k BETWEEN 6852626 AND 6852726
	Bitmap Heap Scan on sbtest2  (cost=5.51..421.22 rows=105 width=125)
	  Recheck Cond: ((k >= 6852626) AND (k <= 6852726))
	  ->  Bitmap Index Scan on k_2  (cost=0.00..5.48 rows=105 width=0)
	        Index Cond: ((k >= 6852626) AND (k <= 6852726))

table 3 : explain SELECT k, c FROM sbtest3 WHERE k BETWEEN 6852626 AND 6852726
	Bitmap Heap Scan on sbtest3  (cost=5.48..409.34 rows=102 width=125)
	  Recheck Cond: ((k >= 6852626) AND (k <= 6852726))
	  ->  Bitmap Index Scan on k_3  (cost=0.00..5.45 rows=102 width=0)
	        Index Cond: ((k >= 6852626) AND (k <= 6852726))

table 4 : explain SELECT k, c FROM sbtest4 WHERE k BETWEEN 6852626 AND 6852726
	Bitmap Heap Scan on sbtest4  (cost=5.51..421.19 rows=105 width=125)
	  Recheck Cond: ((k >= 6852626) AND (k <= 6852726))
	  ->  Bitmap Index Scan on k_4  (cost=0.00..5.48 rows=105 width=0)
	        Index Cond: ((k >= 6852626) AND (k <= 6852726))

table 5 : explain SELECT k, c FROM sbtest5 WHERE k BETWEEN 6852626 AND 6852726
	Bitmap Heap Scan on sbtest5  (cost=5.46..401.51 rows=100 width=125)
	  Recheck Cond: ((k >= 6852626) AND (k <= 6852726))
	  ->  Bitmap Index Scan on k_5  (cost=0.00..5.43 rows=100 width=0)
	        Index Cond: ((k >= 6852626) AND (k <= 6852726))

table 6 : explain SELECT k, c FROM sbtest6 WHERE k BETWEEN 6852626 AND 6852726
	Bitmap Heap Scan on sbtest6  (cost=5.53..429.08 rows=107 width=125)
	  Recheck Cond: ((k >= 6852626) AND (k <= 6852726))
	  ->  Bitmap Index Scan on k_6  (cost=0.00..5.50 rows=107 width=0)
	        Index Cond: ((k >= 6852626) AND (k <= 6852726))

table 7 : explain SELECT k, c FROM sbtest7 WHERE k BETWEEN 6852626 AND 6852726
	Bitmap Heap Scan on sbtest7  (cost=5.46..401.49 rows=100 width=125)
	  Recheck Cond: ((k >= 6852626) AND (k <= 6852726))
	  ->  Bitmap Index Scan on k_7  (cost=0.00..5.43 rows=100 width=0)
	        Index Cond: ((k >= 6852626) AND (k <= 6852726))

table 8 : explain SELECT k, c FROM sbtest8 WHERE k BETWEEN 6852626 AND 6852726
	Bitmap Heap Scan on sbtest8  (cost=5.46..401.49 rows=100 width=125)
	  Recheck Cond: ((k >= 6852626) AND (k <= 6852726))
	  ->  Bitmap Index Scan on k_8  (cost=0.00..5.43 rows=100 width=0)
	        Index Cond: ((k >= 6852626) AND (k <= 6852726))
explain: for range-notcovered :: explain SELECT k, c FROM sbtest%d WHERE k BETWEEN 1289756 AND 1289856
explain: for range-notcovered :: explain SELECT k, c FROM sbtest%d WHERE k BETWEEN 2748161 AND 2748261
explain: for range-notcovered :: explain SELECT k, c FROM sbtest%d WHERE k BETWEEN 4829581 AND 4829681
for range-notcovered
table 1 : explain SELECT k, c FROM sbtest1 WHERE k BETWEEN 3282562 AND 3282662
	Bitmap Heap Scan on sbtest1  (cost=5.45..397.54 rows=99 width=125)
	  Recheck Cond: ((k >= 3282562) AND (k <= 3282662))
	  ->  Bitmap Index Scan on k_1  (cost=0.00..5.42 rows=99 width=0)
	        Index Cond: ((k >= 3282562) AND (k <= 3282662))

table 2 : explain SELECT k, c FROM sbtest2 WHERE k BETWEEN 3282562 AND 3282662
	Bitmap Heap Scan on sbtest2  (cost=5.44..393.62 rows=98 width=125)
	  Recheck Cond: ((k >= 3282562) AND (k <= 3282662))
	  ->  Bitmap Index Scan on k_2  (cost=0.00..5.42 rows=98 width=0)
	        Index Cond: ((k >= 3282562) AND (k <= 3282662))

table 3 : explain SELECT k, c FROM sbtest3 WHERE k BETWEEN 3282562 AND 3282662
	Bitmap Heap Scan on sbtest3  (cost=5.49..413.28 rows=103 width=125)
	  Recheck Cond: ((k >= 3282562) AND (k <= 3282662))
	  ->  Bitmap Index Scan on k_3  (cost=0.00..5.46 rows=103 width=0)
	        Index Cond: ((k >= 3282562) AND (k <= 3282662))

table 4 : explain SELECT k, c FROM sbtest4 WHERE k BETWEEN 3282562 AND 3282662
	Bitmap Heap Scan on sbtest4  (cost=5.52..425.13 rows=106 width=125)
	  Recheck Cond: ((k >= 3282562) AND (k <= 3282662))
	  ->  Bitmap Index Scan on k_4  (cost=0.00..5.50 rows=106 width=0)
	        Index Cond: ((k >= 3282562) AND (k <= 3282662))

table 5 : explain SELECT k, c FROM sbtest5 WHERE k BETWEEN 3282562 AND 3282662
	Bitmap Heap Scan on sbtest5  (cost=5.50..417.28 rows=104 width=125)
	  Recheck Cond: ((k >= 3282562) AND (k <= 3282662))
	  ->  Bitmap Index Scan on k_5  (cost=0.00..5.47 rows=104 width=0)
	        Index Cond: ((k >= 3282562) AND (k <= 3282662))

table 6 : explain SELECT k, c FROM sbtest6 WHERE k BETWEEN 3282562 AND 3282662
	Bitmap Heap Scan on sbtest6  (cost=5.41..381.77 rows=95 width=125)
	  Recheck Cond: ((k >= 3282562) AND (k <= 3282662))
	  ->  Bitmap Index Scan on k_6  (cost=0.00..5.38 rows=95 width=0)
	        Index Cond: ((k >= 3282562) AND (k <= 3282662))

table 7 : explain SELECT k, c FROM sbtest7 WHERE k BETWEEN 3282562 AND 3282662
	Bitmap Heap Scan on sbtest7  (cost=5.42..385.71 rows=96 width=125)
	  Recheck Cond: ((k >= 3282562) AND (k <= 3282662))
	  ->  Bitmap Index Scan on k_7  (cost=0.00..5.39 rows=96 width=0)
	        Index Cond: ((k >= 3282562) AND (k <= 3282662))

table 8 : explain SELECT k, c FROM sbtest8 WHERE k BETWEEN 3282562 AND 3282662
	Bitmap Heap Scan on sbtest8  (cost=5.57..444.85 rows=111 width=125)
	  Recheck Cond: ((k >= 3282562) AND (k <= 3282662))
	  ->  Bitmap Index Scan on k_8  (cost=0.00..5.54 rows=111 width=0)
	        Index Cond: ((k >= 3282562) AND (k <= 3282662))

for range-notcovered
table 1 : explain SELECT k, c FROM sbtest1 WHERE k BETWEEN 6944435 AND 6944535
	Bitmap Heap Scan on sbtest1  (cost=5.52..425.13 rows=106 width=125)
	  Recheck Cond: ((k >= 6944435) AND (k <= 6944535))
	  ->  Bitmap Index Scan on k_1  (cost=0.00..5.50 rows=106 width=0)
	        Index Cond: ((k >= 6944435) AND (k <= 6944535))

table 2 : explain SELECT k, c FROM sbtest2 WHERE k BETWEEN 6944435 AND 6944535
	Bitmap Heap Scan on sbtest2  (cost=5.52..425.16 rows=106 width=125)
	  Recheck Cond: ((k >= 6944435) AND (k <= 6944535))
	  ->  Bitmap Index Scan on k_2  (cost=0.00..5.50 rows=106 width=0)
	        Index Cond: ((k >= 6944435) AND (k <= 6944535))

table 3 : explain SELECT k, c FROM sbtest3 WHERE k BETWEEN 6944435 AND 6944535
	Bitmap Heap Scan on sbtest3  (cost=5.46..401.45 rows=100 width=125)
	  Recheck Cond: ((k >= 6944435) AND (k <= 6944535))
	  ->  Bitmap Index Scan on k_3  (cost=0.00..5.43 rows=100 width=0)
	        Index Cond: ((k >= 6944435) AND (k <= 6944535))

table 4 : explain SELECT k, c FROM sbtest4 WHERE k BETWEEN 6944435 AND 6944535
	Bitmap Heap Scan on sbtest4  (cost=5.50..417.25 rows=104 width=125)
	  Recheck Cond: ((k >= 6944435) AND (k <= 6944535))
	  ->  Bitmap Index Scan on k_4  (cost=0.00..5.47 rows=104 width=0)
	        Index Cond: ((k >= 6944435) AND (k <= 6944535))

table 5 : explain SELECT k, c FROM sbtest5 WHERE k BETWEEN 6944435 AND 6944535
	Bitmap Heap Scan on sbtest5  (cost=5.47..405.45 rows=101 width=125)
	  Recheck Cond: ((k >= 6944435) AND (k <= 6944535))
	  ->  Bitmap Index Scan on k_5  (cost=0.00..5.44 rows=101 width=0)
	        Index Cond: ((k >= 6944435) AND (k <= 6944535))

table 6 : explain SELECT k, c FROM sbtest6 WHERE k BETWEEN 6944435 AND 6944535
	Bitmap Heap Scan on sbtest6  (cost=5.46..401.49 rows=100 width=125)
	  Recheck Cond: ((k >= 6944435) AND (k <= 6944535))
	  ->  Bitmap Index Scan on k_6  (cost=0.00..5.43 rows=100 width=0)
	        Index Cond: ((k >= 6944435) AND (k <= 6944535))

table 7 : explain SELECT k, c FROM sbtest7 WHERE k BETWEEN 6944435 AND 6944535
	Bitmap Heap Scan on sbtest7  (cost=5.43..389.65 rows=97 width=125)
	  Recheck Cond: ((k >= 6944435) AND (k <= 6944535))
	  ->  Bitmap Index Scan on k_7  (cost=0.00..5.40 rows=97 width=0)
	        Index Cond: ((k >= 6944435) AND (k <= 6944535))

table 8 : explain SELECT k, c FROM sbtest8 WHERE k BETWEEN 6944435 AND 6944535
	Bitmap Heap Scan on sbtest8  (cost=5.55..436.97 rows=109 width=125)
	  Recheck Cond: ((k >= 6944435) AND (k <= 6944535))
	  ->  Bitmap Index Scan on k_8  (cost=0.00..5.52 rows=109 width=0)
	        Index Cond: ((k >= 6944435) AND (k <= 6944535))


for range-notcovered
table 1 : explain SELECT k, c FROM sbtest1 WHERE k BETWEEN 1158135 AND 1158235
	Bitmap Heap Scan on sbtest1  (cost=5.49..413.31 rows=103 width=125)
	  Recheck Cond: ((k >= 1158135) AND (k <= 1158235))
	  ->  Bitmap Index Scan on k_1  (cost=0.00..5.46 rows=103 width=0)
	        Index Cond: ((k >= 1158135) AND (k <= 1158235))

table 2 : explain SELECT k, c FROM sbtest2 WHERE k BETWEEN 1158135 AND 1158235
	Bitmap Heap Scan on sbtest2  (cost=5.50..417.28 rows=104 width=125)
	  Recheck Cond: ((k >= 1158135) AND (k <= 1158235))
	  ->  Bitmap Index Scan on k_2  (cost=0.00..5.47 rows=104 width=0)
	        Index Cond: ((k >= 1158135) AND (k <= 1158235))

table 3 : explain SELECT k, c FROM sbtest3 WHERE k BETWEEN 1158135 AND 1158235
	Bitmap Heap Scan on sbtest3  (cost=5.54..432.98 rows=108 width=125)
	  Recheck Cond: ((k >= 1158135) AND (k <= 1158235))
	  ->  Bitmap Index Scan on k_3  (cost=0.00..5.51 rows=108 width=0)
	        Index Cond: ((k >= 1158135) AND (k <= 1158235))

table 4 : explain SELECT k, c FROM sbtest4 WHERE k BETWEEN 1158135 AND 1158235
	Bitmap Heap Scan on sbtest4  (cost=5.56..440.89 rows=110 width=125)
	  Recheck Cond: ((k >= 1158135) AND (k <= 1158235))
	  ->  Bitmap Index Scan on k_4  (cost=0.00..5.53 rows=110 width=0)
	        Index Cond: ((k >= 1158135) AND (k <= 1158235))

table 5 : explain SELECT k, c FROM sbtest5 WHERE k BETWEEN 1158135 AND 1158235
	Bitmap Heap Scan on sbtest5  (cost=5.55..436.99 rows=109 width=125)
	  Recheck Cond: ((k >= 1158135) AND (k <= 1158235))
	  ->  Bitmap Index Scan on k_5  (cost=0.00..5.52 rows=109 width=0)
	        Index Cond: ((k >= 1158135) AND (k <= 1158235))

table 6 : explain SELECT k, c FROM sbtest6 WHERE k BETWEEN 1158135 AND 1158235
	Bitmap Heap Scan on sbtest6  (cost=5.56..440.90 rows=110 width=125)
	  Recheck Cond: ((k >= 1158135) AND (k <= 1158235))
	  ->  Bitmap Index Scan on k_6  (cost=0.00..5.53 rows=110 width=0)
	        Index Cond: ((k >= 1158135) AND (k <= 1158235))

table 7 : explain SELECT k, c FROM sbtest7 WHERE k BETWEEN 1158135 AND 1158235
	Bitmap Heap Scan on sbtest7  (cost=5.51..421.20 rows=105 width=125)
	  Recheck Cond: ((k >= 1158135) AND (k <= 1158235))
	  ->  Bitmap Index Scan on k_7  (cost=0.00..5.48 rows=105 width=0)
	        Index Cond: ((k >= 1158135) AND (k <= 1158235))

table 8 : explain SELECT k, c FROM sbtest8 WHERE k BETWEEN 1158135 AND 1158235
	Bitmap Heap Scan on sbtest8  (cost=5.59..452.72 rows=113 width=125)
	  Recheck Cond: ((k >= 1158135) AND (k <= 1158235))
	  ->  Bitmap Index Scan on k_8  (cost=0.00..5.56 rows=113 width=0)
	        Index Cond: ((k >= 1158135) AND (k <= 1158235))

for range-notcovered
table 1 : explain SELECT k, c FROM sbtest1 WHERE k BETWEEN 6714694 AND 6714794
	Bitmap Heap Scan on sbtest1  (cost=5.42..385.71 rows=96 width=125)
	  Recheck Cond: ((k >= 6714694) AND (k <= 6714794))
	  ->  Bitmap Index Scan on k_1  (cost=0.00..5.39 rows=96 width=0)
	        Index Cond: ((k >= 6714694) AND (k <= 6714794))

table 2 : explain SELECT k, c FROM sbtest2 WHERE k BETWEEN 6714694 AND 6714794
	Bitmap Heap Scan on sbtest2  (cost=5.45..397.57 rows=99 width=125)
	  Recheck Cond: ((k >= 6714694) AND (k <= 6714794))
	  ->  Bitmap Index Scan on k_2  (cost=0.00..5.42 rows=99 width=0)
	        Index Cond: ((k >= 6714694) AND (k <= 6714794))

table 3 : explain SELECT k, c FROM sbtest3 WHERE k BETWEEN 6714694 AND 6714794
	Bitmap Heap Scan on sbtest3  (cost=5.63..468.42 rows=117 width=125)
	  Recheck Cond: ((k >= 6714694) AND (k <= 6714794))
	  ->  Bitmap Index Scan on k_3  (cost=0.00..5.60 rows=117 width=0)
	        Index Cond: ((k >= 6714694) AND (k <= 6714794))

table 4 : explain SELECT k, c FROM sbtest4 WHERE k BETWEEN 6714694 AND 6714794
	Bitmap Heap Scan on sbtest4  (cost=5.46..401.48 rows=100 width=125)
	  Recheck Cond: ((k >= 6714694) AND (k <= 6714794))
	  ->  Bitmap Index Scan on k_4  (cost=0.00..5.43 rows=100 width=0)
	        Index Cond: ((k >= 6714694) AND (k <= 6714794))

table 5 : explain SELECT k, c FROM sbtest5 WHERE k BETWEEN 6714694 AND 6714794
	Bitmap Heap Scan on sbtest5  (cost=5.45..397.57 rows=99 width=125)
	  Recheck Cond: ((k >= 6714694) AND (k <= 6714794))
	  ->  Bitmap Index Scan on k_5  (cost=0.00..5.42 rows=99 width=0)
	        Index Cond: ((k >= 6714694) AND (k <= 6714794))

table 6 : explain SELECT k, c FROM sbtest6 WHERE k BETWEEN 6714694 AND 6714794
	Bitmap Heap Scan on sbtest6  (cost=5.48..409.37 rows=102 width=125)
	  Recheck Cond: ((k >= 6714694) AND (k <= 6714794))
	  ->  Bitmap Index Scan on k_6  (cost=0.00..5.45 rows=102 width=0)
	        Index Cond: ((k >= 6714694) AND (k <= 6714794))

table 7 : explain SELECT k, c FROM sbtest7 WHERE k BETWEEN 6714694 AND 6714794
	Bitmap Heap Scan on sbtest7  (cost=5.39..373.87 rows=93 width=125)
	  Recheck Cond: ((k >= 6714694) AND (k <= 6714794))
	  ->  Bitmap Index Scan on k_7  (cost=0.00..5.36 rows=93 width=0)
	        Index Cond: ((k >= 6714694) AND (k <= 6714794))

table 8 : explain SELECT k, c FROM sbtest8 WHERE k BETWEEN 6714694 AND 6714794
	Bitmap Heap Scan on sbtest8  (cost=5.54..433.03 rows=108 width=125)
	  Recheck Cond: ((k >= 6714694) AND (k <= 6714794))
	  ->  Bitmap Index Scan on k_8  (cost=0.00..5.51 rows=108 width=0)
	        Index Cond: ((k >= 6714694) AND (k <= 6714794))

explain: for range-notcovered :: explain SELECT k, c FROM sbtest%d WHERE k BETWEEN 4875382 AND 4875482explain: for range-notcovered :: explain SELECT k, c FROM sbtest%d WHERE k BETWEEN 5037207 AND 5037307explain: for range-notcovered :: explain SELECT k, c FROM sbtest%d WHERE k BETWEEN 5799430 AND 5799530
explain: for range-notcovered :: explain SELECT k, c FROM sbtest%d WHERE k BETWEEN 3406885 AND 3406985

explain: for range-notcovered :: explain SELECT k, c FROM sbtest%d WHERE k BETWEEN 3595470 AND 3595570explain: for range-notcovered :: explain SELECT k, c FROM sbtest%d WHERE k BETWEEN 6714694 AND 6714794
explain: for range-notcovered :: explain SELECT k, c FROM sbtest%d WHERE k BETWEEN 7830027 AND 7830127
explain: for range-notcovered :: explain SELECT k, c FROM sbtest%d WHERE k BETWEEN 1458180 AND 1458280
explain: for range-notcovered :: explain SELECT k, c FROM sbtest%d WHERE k BETWEEN 1868326 AND 1868426
explain: for range-notcovered :: explain SELECT k, c FROM sbtest%d WHERE k BETWEEN 3282562 AND 3282662

for range-notcovered
table 1 : explain SELECT k, c FROM sbtest1 WHERE k BETWEEN 6924761 AND 6924861
	Bitmap Heap Scan on sbtest1  (cost=5.68..484.20 rows=121 width=125)
	  Recheck Cond: ((k >= 6924761) AND (k <= 6924861))
	  ->  Bitmap Index Scan on k_1  (cost=0.00..5.64 rows=121 width=0)
	        Index Cond: ((k >= 6924761) AND (k <= 6924861))

table 2 : explain SELECT k, c FROM sbtest2 WHERE k BETWEEN 6924761 AND 6924861
	Bitmap Heap Scan on sbtest2  (cost=5.52..425.16 rows=106 width=125)
	  Recheck Cond: ((k >= 6924761) AND (k <= 6924861))
	  ->  Bitmap Index Scan on k_2  (cost=0.00..5.50 rows=106 width=0)
	        Index Cond: ((k >= 6924761) AND (k <= 6924861))

table 3 : explain SELECT k, c FROM sbtest3 WHERE k BETWEEN 6924761 AND 6924861
	Bitmap Heap Scan on sbtest3  (cost=5.46..401.45 rows=100 width=125)
	  Recheck Cond: ((k >= 6924761) AND (k <= 6924861))
	  ->  Bitmap Index Scan on k_3  (cost=0.00..5.43 rows=100 width=0)
	        Index Cond: ((k >= 6924761) AND (k <= 6924861))

table 4 : explain SELECT k, c FROM sbtest4 WHERE k BETWEEN 6924761 AND 6924861
	Bitmap Heap Scan on sbtest4  (cost=5.50..417.25 rows=104 width=125)
	  Recheck Cond: ((k >= 6924761) AND (k <= 6924861))
	  ->  Bitmap Index Scan on k_4  (cost=0.00..5.47 rows=104 width=0)
	        Index Cond: ((k >= 6924761) AND (k <= 6924861))

table 5 : explain SELECT k, c FROM sbtest5 WHERE k BETWEEN 6924761 AND 6924861
	Bitmap Heap Scan on sbtest5  (cost=5.46..401.51 rows=100 width=125)
	  Recheck Cond: ((k >= 6924761) AND (k <= 6924861))
	  ->  Bitmap Index Scan on k_5  (cost=0.00..5.43 rows=100 width=0)
	        Index Cond: ((k >= 6924761) AND (k <= 6924861))

table 6 : explain SELECT k, c FROM sbtest6 WHERE k BETWEEN 6924761 AND 6924861
	Bitmap Heap Scan on sbtest6  (cost=5.46..401.49 rows=100 width=125)
	  Recheck Cond: ((k >= 6924761) AND (k <= 6924861))
	  ->  Bitmap Index Scan on k_6  (cost=0.00..5.43 rows=100 width=0)
	        Index Cond: ((k >= 6924761) AND (k <= 6924861))

table 7 : explain SELECT k, c FROM sbtest7 WHERE k BETWEEN 6924761 AND 6924861
	Bitmap Heap Scan on sbtest7  (cost=5.43..389.65 rows=97 width=125)
	  Recheck Cond: ((k >= 6924761) AND (k <= 6924861))
	  ->  Bitmap Index Scan on k_7  (cost=0.00..5.40 rows=97 width=0)
	        Index Cond: ((k >= 6924761) AND (k <= 6924861))

table 8 : explain SELECT k, c FROM sbtest8 WHERE k BETWEEN 6924761 AND 6924861
	Bitmap Heap Scan on sbtest8  (cost=5.55..436.97 rows=109 width=125)
	  Recheck Cond: ((k >= 6924761) AND (k <= 6924861))
	  ->  Bitmap Index Scan on k_8  (cost=0.00..5.52 rows=109 width=0)
	        Index Cond: ((k >= 6924761) AND (k <= 6924861))
explain: for range-notcovered :: explain SELECT k, c FROM sbtest%d WHERE k BETWEEN 6852626 AND 6852726
explain: for range-notcovered :: explain SELECT k, c FROM sbtest%d WHERE k BETWEEN 1158135 AND 1158235

explain: for range-notcovered :: explain SELECT k, c FROM sbtest%d WHERE k BETWEEN 8146709 AND 8146809
for range-notcovered
table 1 : explain SELECT k, c FROM sbtest1 WHERE k BETWEEN 4815064 AND 4815164
	Bitmap Heap Scan on sbtest1  (cost=5.58..448.77 rows=112 width=125)
	  Recheck Cond: ((k >= 4815064) AND (k <= 4815164))
	  ->  Bitmap Index Scan on k_1  (cost=0.00..5.55 rows=112 width=0)
	        Index Cond: ((k >= 4815064) AND (k <= 4815164))

table 2 : explain SELECT k, c FROM sbtest2 WHERE k BETWEEN 4815064 AND 4815164
	Bitmap Heap Scan on sbtest2  (cost=5.49..413.34 rows=103 width=125)
	  Recheck Cond: ((k >= 4815064) AND (k <= 4815164))
	  ->  Bitmap Index Scan on k_2  (cost=0.00..5.46 rows=103 width=0)
	        Index Cond: ((k >= 4815064) AND (k <= 4815164))

table 3 : explain SELECT k, c FROM sbtest3 WHERE k BETWEEN 4815064 AND 4815164
	Bitmap Heap Scan on sbtest3  (cost=5.48..409.34 rows=102 width=125)
	  Recheck Cond: ((k >= 4815064) AND (k <= 4815164))
	  ->  Bitmap Index Scan on k_3  (cost=0.00..5.45 rows=102 width=0)
	        Index Cond: ((k >= 4815064) AND (k <= 4815164))

table 4 : explain SELECT k, c FROM sbtest4 WHERE k BETWEEN 4815064 AND 4815164
	Bitmap Heap Scan on sbtest4  (cost=5.43..389.65 rows=97 width=125)
	  Recheck Cond: ((k >= 4815064) AND (k <= 4815164))
	  ->  Bitmap Index Scan on k_4  (cost=0.00..5.40 rows=97 width=0)
	        Index Cond: ((k >= 4815064) AND (k <= 4815164))

table 5 : explain SELECT k, c FROM sbtest5 WHERE k BETWEEN 4815064 AND 4815164
	Bitmap Heap Scan on sbtest5  (cost=5.47..405.45 rows=101 width=125)
	  Recheck Cond: ((k >= 4815064) AND (k <= 4815164))
	  ->  Bitmap Index Scan on k_5  (cost=0.00..5.44 rows=101 width=0)
	        Index Cond: ((k >= 4815064) AND (k <= 4815164))

table 6 : explain SELECT k, c FROM sbtest6 WHERE k BETWEEN 4815064 AND 4815164
	Bitmap Heap Scan on sbtest6  (cost=5.45..397.54 rows=99 width=125)
	  Recheck Cond: ((k >= 4815064) AND (k <= 4815164))
	  ->  Bitmap Index Scan on k_6  (cost=0.00..5.42 rows=99 width=0)
	        Index Cond: ((k >= 4815064) AND (k <= 4815164))

table 7 : explain SELECT k, c FROM sbtest7 WHERE k BETWEEN 4815064 AND 4815164
	Bitmap Heap Scan on sbtest7  (cost=5.47..405.43 rows=101 width=125)
	  Recheck Cond: ((k >= 4815064) AND (k <= 4815164))
	  ->  Bitmap Index Scan on k_7  (cost=0.00..5.44 rows=101 width=0)
	        Index Cond: ((k >= 4815064) AND (k <= 4815164))

table 8 : explain SELECT k, c FROM sbtest8 WHERE k BETWEEN 4815064 AND 4815164
	Bitmap Heap Scan on sbtest8  (cost=5.46..401.49 rows=100 width=125)
	  Recheck Cond: ((k >= 4815064) AND (k <= 4815164))
	  ->  Bitmap Index Scan on k_8  (cost=0.00..5.43 rows=100 width=0)
	        Index Cond: ((k >= 4815064) AND (k <= 4815164))


for range-notcovered
table 1 : explain SELECT k, c FROM sbtest1 WHERE k BETWEEN 7541855 AND 7541955
	Bitmap Heap Scan on sbtest1  (cost=5.43..389.65 rows=97 width=125)
	  Recheck Cond: ((k >= 7541855) AND (k <= 7541955))
	  ->  Bitmap Index Scan on k_1  (cost=0.00..5.40 rows=97 width=0)
	        Index Cond: ((k >= 7541855) AND (k <= 7541955))

table 2 : explain SELECT k, c FROM sbtest2 WHERE k BETWEEN 7541855 AND 7541955
	Bitmap Heap Scan on sbtest2  (cost=5.42..385.73 rows=96 width=125)
	  Recheck Cond: ((k >= 7541855) AND (k <= 7541955))
	  ->  Bitmap Index Scan on k_2  (cost=0.00..5.39 rows=96 width=0)
	        Index Cond: ((k >= 7541855) AND (k <= 7541955))

table 3 : explain SELECT k, c FROM sbtest3 WHERE k BETWEEN 7541855 AND 7541955
	Bitmap Heap Scan on sbtest3  (cost=5.54..432.98 rows=108 width=125)
	  Recheck Cond: ((k >= 7541855) AND (k <= 7541955))
	  ->  Bitmap Index Scan on k_3  (cost=0.00..5.51 rows=108 width=0)
	        Index Cond: ((k >= 7541855) AND (k <= 7541955))

table 4 : explain SELECT k, c FROM sbtest4 WHERE k BETWEEN 7541855 AND 7541955
	Bitmap Heap Scan on sbtest4  (cost=5.44..393.59 rows=98 width=125)
	  Recheck Cond: ((k >= 7541855) AND (k <= 7541955))
	  ->  Bitmap Index Scan on k_4  (cost=0.00..5.42 rows=98 width=0)
	        Index Cond: ((k >= 7541855) AND (k <= 7541955))

table 5 : explain SELECT k, c FROM sbtest5 WHERE k BETWEEN 7541855 AND 7541955
	Bitmap Heap Scan on sbtest5  (cost=5.55..436.99 rows=109 width=125)
	  Recheck Cond: ((k >= 7541855) AND (k <= 7541955))
	  ->  Bitmap Index Scan on k_5  (cost=0.00..5.52 rows=109 width=0)
	        Index Cond: ((k >= 7541855) AND (k <= 7541955))

table 6 : explain SELECT k, c FROM sbtest6 WHERE k BETWEEN 7541855 AND 7541955
	Bitmap Heap Scan on sbtest6  (cost=5.48..409.37 rows=102 width=125)
	  Recheck Cond: ((k >= 7541855) AND (k <= 7541955))
	  ->  Bitmap Index Scan on k_6  (cost=0.00..5.45 rows=102 width=0)
	        Index Cond: ((k >= 7541855) AND (k <= 7541955))

table 7 : explain SELECT k, c FROM sbtest7 WHERE k BETWEEN 7541855 AND 7541955
	Bitmap Heap Scan on sbtest7  (cost=5.53..429.08 rows=107 width=125)
	  Recheck Cond: ((k >= 7541855) AND (k <= 7541955))
	  ->  Bitmap Index Scan on k_7  (cost=0.00..5.50 rows=107 width=0)
	        Index Cond: ((k >= 7541855) AND (k <= 7541955))

table 8 : explain SELECT k, c FROM sbtest8 WHERE k BETWEEN 7541855 AND 7541955
	Bitmap Heap Scan on sbtest8  (cost=5.47..405.44 rows=101 width=125)
	  Recheck Cond: ((k >= 7541855) AND (k <= 7541955))
	  ->  Bitmap Index Scan on k_8  (cost=0.00..5.44 rows=101 width=0)
	        Index Cond: ((k >= 7541855) AND (k <= 7541955))

explain: for range-notcovered :: explain SELECT k, c FROM sbtest%d WHERE k BETWEEN 7490797 AND 7490897
for range-notcovered
table 1 : explain SELECT k, c FROM sbtest1 WHERE k BETWEEN 5036418 AND 5036518
	Bitmap Heap Scan on sbtest1  (cost=5.48..409.37 rows=102 width=125)
	  Recheck Cond: ((k >= 5036418) AND (k <= 5036518))
	  ->  Bitmap Index Scan on k_1  (cost=0.00..5.45 rows=102 width=0)
	        Index Cond: ((k >= 5036418) AND (k <= 5036518))

table 2 : explain SELECT k, c FROM sbtest2 WHERE k BETWEEN 5036418 AND 5036518
	Bitmap Heap Scan on sbtest2  (cost=5.50..417.28 rows=104 width=125)
	  Recheck Cond: ((k >= 5036418) AND (k <= 5036518))
	  ->  Bitmap Index Scan on k_2  (cost=0.00..5.47 rows=104 width=0)
	        Index Cond: ((k >= 5036418) AND (k <= 5036518))

table 3 : explain SELECT k, c FROM sbtest3 WHERE k BETWEEN 5036418 AND 5036518
	Bitmap Heap Scan on sbtest3  (cost=5.52..425.10 rows=106 width=125)
	  Recheck Cond: ((k >= 5036418) AND (k <= 5036518))
	  ->  Bitmap Index Scan on k_3  (cost=0.00..5.50 rows=106 width=0)
	        Index Cond: ((k >= 5036418) AND (k <= 5036518))

table 4 : explain SELECT k, c FROM sbtest4 WHERE k BETWEEN 5036418 AND 5036518
	Bitmap Heap Scan on sbtest4  (cost=5.53..429.07 rows=107 width=125)
	  Recheck Cond: ((k >= 5036418) AND (k <= 5036518))
	  ->  Bitmap Index Scan on k_4  (cost=0.00..5.50 rows=107 width=0)
	        Index Cond: ((k >= 5036418) AND (k <= 5036518))

table 5 : explain SELECT k, c FROM sbtest5 WHERE k BETWEEN 5036418 AND 5036518
	Bitmap Heap Scan on sbtest5  (cost=5.48..409.40 rows=102 width=125)
	  Recheck Cond: ((k >= 5036418) AND (k <= 5036518))
	  ->  Bitmap Index Scan on k_5  (cost=0.00..5.45 rows=102 width=0)
	        Index Cond: ((k >= 5036418) AND (k <= 5036518))

table 6 : explain SELECT k, c FROM sbtest6 WHERE k BETWEEN 5036418 AND 5036518
	Bitmap Heap Scan on sbtest6  (cost=5.51..421.20 rows=105 width=125)
	  Recheck Cond: ((k >= 5036418) AND (k <= 5036518))
	  ->  Bitmap Index Scan on k_6  (cost=0.00..5.48 rows=105 width=0)
	        Index Cond: ((k >= 5036418) AND (k <= 5036518))

table 7 : explain SELECT k, c FROM sbtest7 WHERE k BETWEEN 5036418 AND 5036518
	Bitmap Heap Scan on sbtest7  (cost=5.51..421.20 rows=105 width=125)
	  Recheck Cond: ((k >= 5036418) AND (k <= 5036518))
	  ->  Bitmap Index Scan on k_7  (cost=0.00..5.48 rows=105 width=0)
	        Index Cond: ((k >= 5036418) AND (k <= 5036518))

table 8 : explain SELECT k, c FROM sbtest8 WHERE k BETWEEN 5036418 AND 5036518
	Bitmap Heap Scan on sbtest8  (cost=5.53..429.09 rows=107 width=125)
	  Recheck Cond: ((k >= 5036418) AND (k <= 5036518))
	  ->  Bitmap Index Scan on k_8  (cost=0.00..5.50 rows=107 width=0)
	        Index Cond: ((k >= 5036418) AND (k <= 5036518))
explain: for range-notcovered :: explain SELECT k, c FROM sbtest%d WHERE k BETWEEN 4815064 AND 4815164

explain: for range-notcovered :: explain SELECT k, c FROM sbtest%d WHERE k BETWEEN 6944435 AND 6944535
for range-notcovered
table 1 : explain SELECT k, c FROM sbtest1 WHERE k BETWEEN 7687964 AND 7688064
	Bitmap Heap Scan on sbtest1  (cost=5.53..429.07 rows=107 width=125)
	  Recheck Cond: ((k >= 7687964) AND (k <= 7688064))
	  ->  Bitmap Index Scan on k_1  (cost=0.00..5.50 rows=107 width=0)
	        Index Cond: ((k >= 7687964) AND (k <= 7688064))

table 2 : explain SELECT k, c FROM sbtest2 WHERE k BETWEEN 7687964 AND 7688064
	Bitmap Heap Scan on sbtest2  (cost=5.58..448.80 rows=112 width=125)
	  Recheck Cond: ((k >= 7687964) AND (k <= 7688064))
	  ->  Bitmap Index Scan on k_2  (cost=0.00..5.55 rows=112 width=0)
	        Index Cond: ((k >= 7687964) AND (k <= 7688064))

table 3 : explain SELECT k, c FROM sbtest3 WHERE k BETWEEN 7687964 AND 7688064
	Bitmap Heap Scan on sbtest3  (cost=5.48..409.34 rows=102 width=125)
	  Recheck Cond: ((k >= 7687964) AND (k <= 7688064))
	  ->  Bitmap Index Scan on k_3  (cost=0.00..5.45 rows=102 width=0)
	        Index Cond: ((k >= 7687964) AND (k <= 7688064))

table 4 : explain SELECT k, c FROM sbtest4 WHERE k BETWEEN 7687964 AND 7688064
	Bitmap Heap Scan on sbtest4  (cost=5.50..417.25 rows=104 width=125)
	  Recheck Cond: ((k >= 7687964) AND (k <= 7688064))
	  ->  Bitmap Index Scan on k_4  (cost=0.00..5.47 rows=104 width=0)
	        Index Cond: ((k >= 7687964) AND (k <= 7688064))

table 5 : explain SELECT k, c FROM sbtest5 WHERE k BETWEEN 7687964 AND 7688064
	Bitmap Heap Scan on sbtest5  (cost=5.68..484.24 rows=121 width=125)
	  Recheck Cond: ((k >= 7687964) AND (k <= 7688064))
	  ->  Bitmap Index Scan on k_5  (cost=0.00..5.64 rows=121 width=0)
	        Index Cond: ((k >= 7687964) AND (k <= 7688064))

table 6 : explain SELECT k, c FROM sbtest6 WHERE k BETWEEN 7687964 AND 7688064
	Bitmap Heap Scan on sbtest6  (cost=5.50..417.26 rows=104 width=125)
	  Recheck Cond: ((k >= 7687964) AND (k <= 7688064))
	  ->  Bitmap Index Scan on k_6  (cost=0.00..5.47 rows=104 width=0)
	        Index Cond: ((k >= 7687964) AND (k <= 7688064))

table 7 : explain SELECT k, c FROM sbtest7 WHERE k BETWEEN 7687964 AND 7688064
	Bitmap Heap Scan on sbtest7  (cost=5.47..405.43 rows=101 width=125)
	  Recheck Cond: ((k >= 7687964) AND (k <= 7688064))
	  ->  Bitmap Index Scan on k_7  (cost=0.00..5.44 rows=101 width=0)
	        Index Cond: ((k >= 7687964) AND (k <= 7688064))

table 8 : explain SELECT k, c FROM sbtest8 WHERE k BETWEEN 7687964 AND 7688064
	Bitmap Heap Scan on sbtest8  (cost=5.48..409.38 rows=102 width=125)
	  Recheck Cond: ((k >= 7687964) AND (k <= 7688064))
	  ->  Bitmap Index Scan on k_8  (cost=0.00..5.45 rows=102 width=0)
	        Index Cond: ((k >= 7687964) AND (k <= 7688064))

for range-notcovered
table 1 : explain SELECT k, c FROM sbtest1 WHERE k BETWEEN 6997775 AND 6997875
	Bitmap Heap Scan on sbtest1  (cost=5.52..425.13 rows=106 width=125)
	  Recheck Cond: ((k >= 6997775) AND (k <= 6997875))
	  ->  Bitmap Index Scan on k_1  (cost=0.00..5.50 rows=106 width=0)
	        Index Cond: ((k >= 6997775) AND (k <= 6997875))

table 2 : explain SELECT k, c FROM sbtest2 WHERE k BETWEEN 6997775 AND 6997875
	Bitmap Heap Scan on sbtest2  (cost=5.52..425.16 rows=106 width=125)
	  Recheck Cond: ((k >= 6997775) AND (k <= 6997875))
	  ->  Bitmap Index Scan on k_2  (cost=0.00..5.50 rows=106 width=0)
	        Index Cond: ((k >= 6997775) AND (k <= 6997875))

table 3 : explain SELECT k, c FROM sbtest3 WHERE k BETWEEN 6997775 AND 6997875
	Bitmap Heap Scan on sbtest3  (cost=5.42..385.68 rows=96 width=125)
	  Recheck Cond: ((k >= 6997775) AND (k <= 6997875))
	  ->  Bitmap Index Scan on k_3  (cost=0.00..5.39 rows=96 width=0)
	        Index Cond: ((k >= 6997775) AND (k <= 6997875))

table 4 : explain SELECT k, c FROM sbtest4 WHERE k BETWEEN 6997775 AND 6997875
	Bitmap Heap Scan on sbtest4  (cost=5.43..389.65 rows=97 width=125)
	  Recheck Cond: ((k >= 6997775) AND (k <= 6997875))
	  ->  Bitmap Index Scan on k_4  (cost=0.00..5.40 rows=97 width=0)
	        Index Cond: ((k >= 6997775) AND (k <= 6997875))

table 5 : explain SELECT k, c FROM sbtest5 WHERE k BETWEEN 6997775 AND 6997875
	Bitmap Heap Scan on sbtest5  (cost=5.47..405.45 rows=101 width=125)
	  Recheck Cond: ((k >= 6997775) AND (k <= 6997875))
	  ->  Bitmap Index Scan on k_5  (cost=0.00..5.44 rows=101 width=0)
	        Index Cond: ((k >= 6997775) AND (k <= 6997875))

table 6 : explain SELECT k, c FROM sbtest6 WHERE k BETWEEN 6997775 AND 6997875
	Bitmap Heap Scan on sbtest6  (cost=5.47..405.43 rows=101 width=125)
	  Recheck Cond: ((k >= 6997775) AND (k <= 6997875))
	  ->  Bitmap Index Scan on k_6  (cost=0.00..5.44 rows=101 width=0)
	        Index Cond: ((k >= 6997775) AND (k <= 6997875))

table 7 : explain SELECT k, c FROM sbtest7 WHERE k BETWEEN 6997775 AND 6997875
	Bitmap Heap Scan on sbtest7  (cost=5.47..405.43 rows=101 width=125)
	  Recheck Cond: ((k >= 6997775) AND (k <= 6997875))
	  ->  Bitmap Index Scan on k_7  (cost=0.00..5.44 rows=101 width=0)
	        Index Cond: ((k >= 6997775) AND (k <= 6997875))

table 8 : explain SELECT k, c FROM sbtest8 WHERE k BETWEEN 6997775 AND 6997875
	Bitmap Heap Scan on sbtest8  (cost=5.55..436.97 rows=109 width=125)
	  Recheck Cond: ((k >= 6997775) AND (k <= 6997875))
	  ->  Bitmap Index Scan on k_8  (cost=0.00..5.52 rows=109 width=0)
	        Index Cond: ((k >= 6997775) AND (k <= 6997875))



for range-notcovered
table 1 : explain SELECT k, c FROM sbtest1 WHERE k BETWEEN 3763505 AND 3763605
	Bitmap Heap Scan on sbtest1  (cost=5.46..401.48 rows=100 width=125)
	  Recheck Cond: ((k >= 3763505) AND (k <= 3763605))
	  ->  Bitmap Index Scan on k_1  (cost=0.00..5.43 rows=100 width=0)
	        Index Cond: ((k >= 3763505) AND (k <= 3763605))

table 2 : explain SELECT k, c FROM sbtest2 WHERE k BETWEEN 3763505 AND 3763605
	Bitmap Heap Scan on sbtest2  (cost=5.46..401.51 rows=100 width=125)
	  Recheck Cond: ((k >= 3763505) AND (k <= 3763605))
	  ->  Bitmap Index Scan on k_2  (cost=0.00..5.43 rows=100 width=0)
	        Index Cond: ((k >= 3763505) AND (k <= 3763605))

table 3 : explain SELECT k, c FROM sbtest3 WHERE k BETWEEN 3763505 AND 3763605
	Bitmap Heap Scan on sbtest3  (cost=5.55..436.92 rows=109 width=125)
	  Recheck Cond: ((k >= 3763505) AND (k <= 3763605))
	  ->  Bitmap Index Scan on k_3  (cost=0.00..5.52 rows=109 width=0)
	        Index Cond: ((k >= 3763505) AND (k <= 3763605))

table 4 : explain SELECT k, c FROM sbtest4 WHERE k BETWEEN 3763505 AND 3763605
	Bitmap Heap Scan on sbtest4  (cost=5.41..381.76 rows=95 width=125)
	  Recheck Cond: ((k >= 3763505) AND (k <= 3763605))
	  ->  Bitmap Index Scan on k_4  (cost=0.00..5.38 rows=95 width=0)
	        Index Cond: ((k >= 3763505) AND (k <= 3763605))

table 5 : explain SELECT k, c FROM sbtest5 WHERE k BETWEEN 3763505 AND 3763605
	Bitmap Heap Scan on sbtest5  (cost=5.54..433.05 rows=108 width=125)
	  Recheck Cond: ((k >= 3763505) AND (k <= 3763605))
	  ->  Bitmap Index Scan on k_5  (cost=0.00..5.51 rows=108 width=0)
	        Index Cond: ((k >= 3763505) AND (k <= 3763605))

table 6 : explain SELECT k, c FROM sbtest6 WHERE k BETWEEN 3763505 AND 3763605
	Bitmap Heap Scan on sbtest6  (cost=5.50..417.26 rows=104 width=125)
	  Recheck Cond: ((k >= 3763505) AND (k <= 3763605))
	  ->  Bitmap Index Scan on k_6  (cost=0.00..5.47 rows=104 width=0)
	        Index Cond: ((k >= 3763505) AND (k <= 3763605))

table 7 : explain SELECT k, c FROM sbtest7 WHERE k BETWEEN 3763505 AND 3763605
	Bitmap Heap Scan on sbtest7  (cost=5.44..393.60 rows=98 width=125)
	  Recheck Cond: ((k >= 3763505) AND (k <= 3763605))
	  ->  Bitmap Index Scan on k_7  (cost=0.00..5.42 rows=98 width=0)
	        Index Cond: ((k >= 3763505) AND (k <= 3763605))

table 8 : explain SELECT k, c FROM sbtest8 WHERE k BETWEEN 3763505 AND 3763605
	Bitmap Heap Scan on sbtest8  (cost=5.44..393.61 rows=98 width=125)
	  Recheck Cond: ((k >= 3763505) AND (k <= 3763605))
	  ->  Bitmap Index Scan on k_8  (cost=0.00..5.42 rows=98 width=0)
	        Index Cond: ((k >= 3763505) AND (k <= 3763605))

explain: for range-notcovered :: explain SELECT k, c FROM sbtest%d WHERE k BETWEEN 7541855 AND 7541955
explain: for range-notcovered :: explain SELECT k, c FROM sbtest%d WHERE k BETWEEN 6924761 AND 6924861
for range-notcovered
table 1 : explain SELECT k, c FROM sbtest1 WHERE k BETWEEN 7488677 AND 7488777
	Bitmap Heap Scan on sbtest1  (cost=5.44..393.59 rows=98 width=125)
	  Recheck Cond: ((k >= 7488677) AND (k <= 7488777))
	  ->  Bitmap Index Scan on k_1  (cost=0.00..5.42 rows=98 width=0)
	        Index Cond: ((k >= 7488677) AND (k <= 7488777))

table 2 : explain SELECT k, c FROM sbtest2 WHERE k BETWEEN 7488677 AND 7488777
	Bitmap Heap Scan on sbtest2  (cost=5.46..401.51 rows=100 width=125)
	  Recheck Cond: ((k >= 7488677) AND (k <= 7488777))
	  ->  Bitmap Index Scan on k_2  (cost=0.00..5.43 rows=100 width=0)
	        Index Cond: ((k >= 7488677) AND (k <= 7488777))

table 3 : explain SELECT k, c FROM sbtest3 WHERE k BETWEEN 7488677 AND 7488777
	Bitmap Heap Scan on sbtest3  (cost=5.54..432.98 rows=108 width=125)
	  Recheck Cond: ((k >= 7488677) AND (k <= 7488777))
	  ->  Bitmap Index Scan on k_3  (cost=0.00..5.51 rows=108 width=0)
	        Index Cond: ((k >= 7488677) AND (k <= 7488777))

table 4 : explain SELECT k, c FROM sbtest4 WHERE k BETWEEN 7488677 AND 7488777
	Bitmap Heap Scan on sbtest4  (cost=5.44..393.59 rows=98 width=125)
	  Recheck Cond: ((k >= 7488677) AND (k <= 7488777))
	  ->  Bitmap Index Scan on k_4  (cost=0.00..5.42 rows=98 width=0)
	        Index Cond: ((k >= 7488677) AND (k <= 7488777))

table 5 : explain SELECT k, c FROM sbtest5 WHERE k BETWEEN 7488677 AND 7488777
	Bitmap Heap Scan on sbtest5  (cost=5.35..358.11 rows=89 width=125)
	  Recheck Cond: ((k >= 7488677) AND (k <= 7488777))
	  ->  Bitmap Index Scan on k_5  (cost=0.00..5.32 rows=89 width=0)
	        Index Cond: ((k >= 7488677) AND (k <= 7488777))

table 6 : explain SELECT k, c FROM sbtest6 WHERE k BETWEEN 7488677 AND 7488777
	Bitmap Heap Scan on sbtest6  (cost=5.49..413.31 rows=103 width=125)
	  Recheck Cond: ((k >= 7488677) AND (k <= 7488777))
	  ->  Bitmap Index Scan on k_6  (cost=0.00..5.46 rows=103 width=0)
	        Index Cond: ((k >= 7488677) AND (k <= 7488777))

table 7 : explain SELECT k, c FROM sbtest7 WHERE k BETWEEN 7488677 AND 7488777
	Bitmap Heap Scan on sbtest7  (cost=5.42..385.71 rows=96 width=125)
	  Recheck Cond: ((k >= 7488677) AND (k <= 7488777))
	  ->  Bitmap Index Scan on k_7  (cost=0.00..5.39 rows=96 width=0)
	        Index Cond: ((k >= 7488677) AND (k <= 7488777))

table 8 : explain SELECT k, c FROM sbtest8 WHERE k BETWEEN 7488677 AND 7488777
	Bitmap Heap Scan on sbtest8  (cost=5.47..405.44 rows=101 width=125)
	  Recheck Cond: ((k >= 7488677) AND (k <= 7488777))
	  ->  Bitmap Index Scan on k_8  (cost=0.00..5.44 rows=101 width=0)
	        Index Cond: ((k >= 7488677) AND (k <= 7488777))

explain: for range-notcovered :: explain SELECT k, c FROM sbtest%d WHERE k BETWEEN 5036418 AND 5036518
explain: for range-notcovered :: explain SELECT k, c FROM sbtest%d WHERE k BETWEEN 6997775 AND 6997875
explain: for range-notcovered :: explain SELECT k, c FROM sbtest%d WHERE k BETWEEN 3763505 AND 3763605for range-notcovered
table 1 : explain SELECT k, c FROM sbtest1 WHERE k BETWEEN 2845276 AND 2845376
	Bitmap Heap Scan on sbtest1  (cost=5.53..429.07 rows=107 width=125)
	  Recheck Cond: ((k >= 2845276) AND (k <= 2845376))
	  ->  Bitmap Index Scan on k_1  (cost=0.00..5.50 rows=107 width=0)
	        Index Cond: ((k >= 2845276) AND (k <= 2845376))

table 2 : explain SELECT k, c FROM sbtest2 WHERE k BETWEEN 2845276 AND 2845376
	Bitmap Heap Scan on sbtest2  (cost=5.41..381.79 rows=95 width=125)
	  Recheck Cond: ((k >= 2845276) AND (k <= 2845376))
	  ->  Bitmap Index Scan on k_2  (cost=0.00..5.38 rows=95 width=0)
	        Index Cond: ((k >= 2845276) AND (k <= 2845376))

table 3 : explain SELECT k, c FROM sbtest3 WHERE k BETWEEN 2845276 AND 2845376
	Bitmap Heap Scan on sbtest3  (cost=5.38..369.90 rows=92 width=125)
	  Recheck Cond: ((k >= 2845276) AND (k <= 2845376))
	  ->  Bitmap Index Scan on k_3  (cost=0.00..5.35 rows=92 width=0)
	        Index Cond: ((k >= 2845276) AND (k <= 2845376))

table 4 : explain SELECT k, c FROM sbtest4 WHERE k BETWEEN 2845276 AND 2845376
	Bitmap Heap Scan on sbtest4  (cost=5.45..397.54 rows=99 width=125)
	  Recheck Cond: ((k >= 2845276) AND (k <= 2845376))
	  ->  Bitmap Index Scan on k_4  (cost=0.00..5.42 rows=99 width=0)
	        Index Cond: ((k >= 2845276) AND (k <= 2845376))

table 5 : explain SELECT k, c FROM sbtest5 WHERE k BETWEEN 2845276 AND 2845376
	Bitmap Heap Scan on sbtest5  (cost=5.41..381.79 rows=95 width=125)
	  Recheck Cond: ((k >= 2845276) AND (k <= 2845376))
	  ->  Bitmap Index Scan on k_5  (cost=0.00..5.38 rows=95 width=0)
	        Index Cond: ((k >= 2845276) AND (k <= 2845376))

table 6 : explain SELECT k, c FROM sbtest6 WHERE k BETWEEN 2845276 AND 2845376
	Bitmap Heap Scan on sbtest6  (cost=5.51..421.20 rows=105 width=125)
	  Recheck Cond: ((k >= 2845276) AND (k <= 2845376))
	  ->  Bitmap Index Scan on k_6  (cost=0.00..5.48 rows=105 width=0)
	        Index Cond: ((k >= 2845276) AND (k <= 2845376))

table 7 : explain SELECT k, c FROM sbtest7 WHERE k BETWEEN 2845276 AND 2845376
	Bitmap Heap Scan on sbtest7  (cost=5.52..425.14 rows=106 width=125)
	  Recheck Cond: ((k >= 2845276) AND (k <= 2845376))
	  ->  Bitmap Index Scan on k_7  (cost=0.00..5.50 rows=106 width=0)
	        Index Cond: ((k >= 2845276) AND (k <= 2845376))

table 8 : explain SELECT k, c FROM sbtest8 WHERE k BETWEEN 2845276 AND 2845376
	Bitmap Heap Scan on sbtest8  (cost=5.46..401.49 rows=100 width=125)
	  Recheck Cond: ((k >= 2845276) AND (k <= 2845376))
	  ->  Bitmap Index Scan on k_8  (cost=0.00..5.43 rows=100 width=0)
	        Index Cond: ((k >= 2845276) AND (k <= 2845376))


for range-notcovered
table 1 : explain SELECT k, c FROM sbtest1 WHERE k BETWEEN 8429688 AND 8429788
	Bitmap Heap Scan on sbtest1  (cost=5.45..397.54 rows=99 width=125)
	  Recheck Cond: ((k >= 8429688) AND (k <= 8429788))
	  ->  Bitmap Index Scan on k_1  (cost=0.00..5.42 rows=99 width=0)
	        Index Cond: ((k >= 8429688) AND (k <= 8429788))

table 2 : explain SELECT k, c FROM sbtest2 WHERE k BETWEEN 8429688 AND 8429788
	Bitmap Heap Scan on sbtest2  (cost=5.45..397.57 rows=99 width=125)
	  Recheck Cond: ((k >= 8429688) AND (k <= 8429788))
	  ->  Bitmap Index Scan on k_2  (cost=0.00..5.42 rows=99 width=0)
	        Index Cond: ((k >= 8429688) AND (k <= 8429788))

table 3 : explain SELECT k, c FROM sbtest3 WHERE k BETWEEN 8429688 AND 8429788
	Bitmap Heap Scan on sbtest3  (cost=5.43..389.62 rows=97 width=125)
	  Recheck Cond: ((k >= 8429688) AND (k <= 8429788))
	  ->  Bitmap Index Scan on k_3  (cost=0.00..5.40 rows=97 width=0)
	        Index Cond: ((k >= 8429688) AND (k <= 8429788))

table 4 : explain SELECT k, c FROM sbtest4 WHERE k BETWEEN 8429688 AND 8429788
	Bitmap Heap Scan on sbtest4  (cost=5.48..409.36 rows=102 width=125)
	  Recheck Cond: ((k >= 8429688) AND (k <= 8429788))
	  ->  Bitmap Index Scan on k_4  (cost=0.00..5.45 rows=102 width=0)
	        Index Cond: ((k >= 8429688) AND (k <= 8429788))

table 5 : explain SELECT k, c FROM sbtest5 WHERE k BETWEEN 8429688 AND 8429788
	Bitmap Heap Scan on sbtest5  (cost=5.50..417.28 rows=104 width=125)
	  Recheck Cond: ((k >= 8429688) AND (k <= 8429788))
	  ->  Bitmap Index Scan on k_5  (cost=0.00..5.47 rows=104 width=0)
	        Index Cond: ((k >= 8429688) AND (k <= 8429788))

table 6 : explain SELECT k, c FROM sbtest6 WHERE k BETWEEN 8429688 AND 8429788
	Bitmap Heap Scan on sbtest6  (cost=5.55..436.96 rows=109 width=125)
	  Recheck Cond: ((k >= 8429688) AND (k <= 8429788))
	  ->  Bitmap Index Scan on k_6  (cost=0.00..5.52 rows=109 width=0)
	        Index Cond: ((k >= 8429688) AND (k <= 8429788))

table 7 : explain SELECT k, c FROM sbtest7 WHERE k BETWEEN 8429688 AND 8429788
	Bitmap Heap Scan on sbtest7  (cost=5.52..425.14 rows=106 width=125)
	  Recheck Cond: ((k >= 8429688) AND (k <= 8429788))
	  ->  Bitmap Index Scan on k_7  (cost=0.00..5.50 rows=106 width=0)
	        Index Cond: ((k >= 8429688) AND (k <= 8429788))

table 8 : explain SELECT k, c FROM sbtest8 WHERE k BETWEEN 8429688 AND 8429788
	Bitmap Heap Scan on sbtest8  (cost=5.54..433.03 rows=108 width=125)
	  Recheck Cond: ((k >= 8429688) AND (k <= 8429788))
	  ->  Bitmap Index Scan on k_8  (cost=0.00..5.51 rows=108 width=0)
	        Index Cond: ((k >= 8429688) AND (k <= 8429788))

explain: for range-notcovered :: explain SELECT k, c FROM sbtest%d WHERE k BETWEEN 7687964 AND 7688064explain: for range-notcovered :: explain SELECT k, c FROM sbtest%d WHERE k BETWEEN 2845276 AND 2845376
explain: for range-notcovered :: explain SELECT k, c FROM sbtest%d WHERE k BETWEEN 7488677 AND 7488777
for range-notcovered
table 1 : explain SELECT k, c FROM sbtest1 WHERE k BETWEEN 4780123 AND 4780223
	Bitmap Heap Scan on sbtest1  (cost=5.40..377.81 rows=94 width=125)
	  Recheck Cond: ((k >= 4780123) AND (k <= 4780223))
	  ->  Bitmap Index Scan on k_1  (cost=0.00..5.38 rows=94 width=0)
	        Index Cond: ((k >= 4780123) AND (k <= 4780223))

table 2 : explain SELECT k, c FROM sbtest2 WHERE k BETWEEN 4780123 AND 4780223
	Bitmap Heap Scan on sbtest2  (cost=5.49..413.34 rows=103 width=125)
	  Recheck Cond: ((k >= 4780123) AND (k <= 4780223))
	  ->  Bitmap Index Scan on k_2  (cost=0.00..5.46 rows=103 width=0)
	        Index Cond: ((k >= 4780123) AND (k <= 4780223))

table 3 : explain SELECT k, c FROM sbtest3 WHERE k BETWEEN 4780123 AND 4780223
	Bitmap Heap Scan on sbtest3  (cost=5.48..409.34 rows=102 width=125)
	  Recheck Cond: ((k >= 4780123) AND (k <= 4780223))
	  ->  Bitmap Index Scan on k_3  (cost=0.00..5.45 rows=102 width=0)
	        Index Cond: ((k >= 4780123) AND (k <= 4780223))

table 4 : explain SELECT k, c FROM sbtest4 WHERE k BETWEEN 4780123 AND 4780223
	Bitmap Heap Scan on sbtest4  (cost=5.43..389.65 rows=97 width=125)
	  Recheck Cond: ((k >= 4780123) AND (k <= 4780223))
	  ->  Bitmap Index Scan on k_4  (cost=0.00..5.40 rows=97 width=0)
	        Index Cond: ((k >= 4780123) AND (k <= 4780223))

table 5 : explain SELECT k, c FROM sbtest5 WHERE k BETWEEN 4780123 AND 4780223
	Bitmap Heap Scan on sbtest5  (cost=5.52..425.16 rows=106 width=125)
	  Recheck Cond: ((k >= 4780123) AND (k <= 4780223))
	  ->  Bitmap Index Scan on k_5  (cost=0.00..5.50 rows=106 width=0)
	        Index Cond: ((k >= 4780123) AND (k <= 4780223))

table 6 : explain SELECT k, c FROM sbtest6 WHERE k BETWEEN 4780123 AND 4780223
	Bitmap Heap Scan on sbtest6  (cost=5.61..460.59 rows=115 width=125)
	  Recheck Cond: ((k >= 4780123) AND (k <= 4780223))
	  ->  Bitmap Index Scan on k_6  (cost=0.00..5.58 rows=115 width=0)
	        Index Cond: ((k >= 4780123) AND (k <= 4780223))

table 7 : explain SELECT k, c FROM sbtest7 WHERE k BETWEEN 4780123 AND 4780223
	Bitmap Heap Scan on sbtest7  (cost=5.37..365.98 rows=91 width=125)
	  Recheck Cond: ((k >= 4780123) AND (k <= 4780223))
	  ->  Bitmap Index Scan on k_7  (cost=0.00..5.34 rows=91 width=0)
	        Index Cond: ((k >= 4780123) AND (k <= 4780223))

table 8 : explain SELECT k, c FROM sbtest8 WHERE k BETWEEN 4780123 AND 4780223
	Bitmap Heap Scan on sbtest8  (cost=5.46..401.49 rows=100 width=125)
	  Recheck Cond: ((k >= 4780123) AND (k <= 4780223))
	  ->  Bitmap Index Scan on k_8  (cost=0.00..5.43 rows=100 width=0)
	        Index Cond: ((k >= 4780123) AND (k <= 4780223))


for range-notcovered
table 1 : explain SELECT k, c FROM sbtest1 WHERE k BETWEEN 1575884 AND 1575984
	Bitmap Heap Scan on sbtest1  (cost=5.47..405.42 rows=101 width=125)
	  Recheck Cond: ((k >= 1575884) AND (k <= 1575984))
	  ->  Bitmap Index Scan on k_1  (cost=0.00..5.44 rows=101 width=0)
	        Index Cond: ((k >= 1575884) AND (k <= 1575984))

table 2 : explain SELECT k, c FROM sbtest2 WHERE k BETWEEN 1575884 AND 1575984
	Bitmap Heap Scan on sbtest2  (cost=5.41..381.79 rows=95 width=125)
	  Recheck Cond: ((k >= 1575884) AND (k <= 1575984))
	  ->  Bitmap Index Scan on k_2  (cost=0.00..5.38 rows=95 width=0)
	        Index Cond: ((k >= 1575884) AND (k <= 1575984))

table 3 : explain SELECT k, c FROM sbtest3 WHERE k BETWEEN 1575884 AND 1575984
	Bitmap Heap Scan on sbtest3  (cost=5.50..417.22 rows=104 width=125)
	  Recheck Cond: ((k >= 1575884) AND (k <= 1575984))
	  ->  Bitmap Index Scan on k_3  (cost=0.00..5.47 rows=104 width=0)
	        Index Cond: ((k >= 1575884) AND (k <= 1575984))

table 4 : explain SELECT k, c FROM sbtest4 WHERE k BETWEEN 1575884 AND 1575984
	Bitmap Heap Scan on sbtest4  (cost=5.43..389.65 rows=97 width=125)
	  Recheck Cond: ((k >= 1575884) AND (k <= 1575984))
	  ->  Bitmap Index Scan on k_4  (cost=0.00..5.40 rows=97 width=0)
	        Index Cond: ((k >= 1575884) AND (k <= 1575984))

table 5 : explain SELECT k, c FROM sbtest5 WHERE k BETWEEN 1575884 AND 1575984
	Bitmap Heap Scan on sbtest5  (cost=5.52..425.16 rows=106 width=125)
	  Recheck Cond: ((k >= 1575884) AND (k <= 1575984))
	  ->  Bitmap Index Scan on k_5  (cost=0.00..5.50 rows=106 width=0)
	        Index Cond: ((k >= 1575884) AND (k <= 1575984))

table 6 : explain SELECT k, c FROM sbtest6 WHERE k BETWEEN 1575884 AND 1575984
	Bitmap Heap Scan on sbtest6  (cost=5.55..436.96 rows=109 width=125)
	  Recheck Cond: ((k >= 1575884) AND (k <= 1575984))
	  ->  Bitmap Index Scan on k_6  (cost=0.00..5.52 rows=109 width=0)
	        Index Cond: ((k >= 1575884) AND (k <= 1575984))

table 7 : explain SELECT k, c FROM sbtest7 WHERE k BETWEEN 1575884 AND 1575984
	Bitmap Heap Scan on sbtest7  (cost=5.63..468.46 rows=117 width=125)
	  Recheck Cond: ((k >= 1575884) AND (k <= 1575984))
	  ->  Bitmap Index Scan on k_7  (cost=0.00..5.60 rows=117 width=0)
	        Index Cond: ((k >= 1575884) AND (k <= 1575984))

table 8 : explain SELECT k, c FROM sbtest8 WHERE k BETWEEN 1575884 AND 1575984
	Bitmap Heap Scan on sbtest8  (cost=5.40..377.83 rows=94 width=125)
	  Recheck Cond: ((k >= 1575884) AND (k <= 1575984))
	  ->  Bitmap Index Scan on k_8  (cost=0.00..5.38 rows=94 width=0)
	        Index Cond: ((k >= 1575884) AND (k <= 1575984))

explain: for range-notcovered :: explain SELECT k, c FROM sbtest%d WHERE k BETWEEN 8429688 AND 8429788
for range-notcovered
table 1 : explain SELECT k, c FROM sbtest1 WHERE k BETWEEN 1880241 AND 1880341
	Bitmap Heap Scan on sbtest1  (cost=5.42..385.71 rows=96 width=125)
	  Recheck Cond: ((k >= 1880241) AND (k <= 1880341))
	  ->  Bitmap Index Scan on k_1  (cost=0.00..5.39 rows=96 width=0)
	        Index Cond: ((k >= 1880241) AND (k <= 1880341))

table 2 : explain SELECT k, c FROM sbtest2 WHERE k BETWEEN 1880241 AND 1880341
	Bitmap Heap Scan on sbtest2  (cost=5.49..413.34 rows=103 width=125)
	  Recheck Cond: ((k >= 1880241) AND (k <= 1880341))
	  ->  Bitmap Index Scan on k_2  (cost=0.00..5.46 rows=103 width=0)
	        Index Cond: ((k >= 1880241) AND (k <= 1880341))

table 3 : explain SELECT k, c FROM sbtest3 WHERE k BETWEEN 1880241 AND 1880341
	Bitmap Heap Scan on sbtest3  (cost=5.50..417.22 rows=104 width=125)
	  Recheck Cond: ((k >= 1880241) AND (k <= 1880341))
	  ->  Bitmap Index Scan on k_3  (cost=0.00..5.47 rows=104 width=0)
	        Index Cond: ((k >= 1880241) AND (k <= 1880341))

table 4 : explain SELECT k, c FROM sbtest4 WHERE k BETWEEN 1880241 AND 1880341
	Bitmap Heap Scan on sbtest4  (cost=5.42..385.70 rows=96 width=125)
	  Recheck Cond: ((k >= 1880241) AND (k <= 1880341))
	  ->  Bitmap Index Scan on k_4  (cost=0.00..5.39 rows=96 width=0)
	        Index Cond: ((k >= 1880241) AND (k <= 1880341))

table 5 : explain SELECT k, c FROM sbtest5 WHERE k BETWEEN 1880241 AND 1880341
	Bitmap Heap Scan on sbtest5  (cost=5.51..421.22 rows=105 width=125)
	  Recheck Cond: ((k >= 1880241) AND (k <= 1880341))
	  ->  Bitmap Index Scan on k_5  (cost=0.00..5.48 rows=105 width=0)
	        Index Cond: ((k >= 1880241) AND (k <= 1880341))

table 6 : explain SELECT k, c FROM sbtest6 WHERE k BETWEEN 1880241 AND 1880341
	Bitmap Heap Scan on sbtest6  (cost=5.47..405.43 rows=101 width=125)
	  Recheck Cond: ((k >= 1880241) AND (k <= 1880341))
	  ->  Bitmap Index Scan on k_6  (cost=0.00..5.44 rows=101 width=0)
	        Index Cond: ((k >= 1880241) AND (k <= 1880341))

table 7 : explain SELECT k, c FROM sbtest7 WHERE k BETWEEN 1880241 AND 1880341
	Bitmap Heap Scan on sbtest7  (cost=5.45..397.54 rows=99 width=125)
	  Recheck Cond: ((k >= 1880241) AND (k <= 1880341))
	  ->  Bitmap Index Scan on k_7  (cost=0.00..5.42 rows=99 width=0)
	        Index Cond: ((k >= 1880241) AND (k <= 1880341))

table 8 : explain SELECT k, c FROM sbtest8 WHERE k BETWEEN 1880241 AND 1880341
	Bitmap Heap Scan on sbtest8  (cost=5.52..425.15 rows=106 width=125)
	  Recheck Cond: ((k >= 1880241) AND (k <= 1880341))
	  ->  Bitmap Index Scan on k_8  (cost=0.00..5.50 rows=106 width=0)
	        Index Cond: ((k >= 1880241) AND (k <= 1880341))

for range-notcovered
table 1 : explain SELECT k, c FROM sbtest1 WHERE k BETWEEN 5912230 AND 5912330
	Bitmap Heap Scan on sbtest1  (cost=5.49..413.31 rows=103 width=125)
	  Recheck Cond: ((k >= 5912230) AND (k <= 5912330))
	  ->  Bitmap Index Scan on k_1  (cost=0.00..5.46 rows=103 width=0)
	        Index Cond: ((k >= 5912230) AND (k <= 5912330))

table 2 : explain SELECT k, c FROM sbtest2 WHERE k BETWEEN 5912230 AND 5912330
	Bitmap Heap Scan on sbtest2  (cost=5.42..385.73 rows=96 width=125)
	  Recheck Cond: ((k >= 5912230) AND (k <= 5912330))
	  ->  Bitmap Index Scan on k_2  (cost=0.00..5.39 rows=96 width=0)
	        Index Cond: ((k >= 5912230) AND (k <= 5912330))

table 3 : explain SELECT k, c FROM sbtest3 WHERE k BETWEEN 5912230 AND 5912330
	Bitmap Heap Scan on sbtest3  (cost=5.48..409.34 rows=102 width=125)
	  Recheck Cond: ((k >= 5912230) AND (k <= 5912330))
	  ->  Bitmap Index Scan on k_3  (cost=0.00..5.45 rows=102 width=0)
	        Index Cond: ((k >= 5912230) AND (k <= 5912330))

table 4 : explain SELECT k, c FROM sbtest4 WHERE k BETWEEN 5912230 AND 5912330
	Bitmap Heap Scan on sbtest4  (cost=5.43..389.65 rows=97 width=125)
	  Recheck Cond: ((k >= 5912230) AND (k <= 5912330))
	  ->  Bitmap Index Scan on k_4  (cost=0.00..5.40 rows=97 width=0)
	        Index Cond: ((k >= 5912230) AND (k <= 5912330))

table 5 : explain SELECT k, c FROM sbtest5 WHERE k BETWEEN 5912230 AND 5912330
	Bitmap Heap Scan on sbtest5  (cost=5.50..417.28 rows=104 width=125)
	  Recheck Cond: ((k >= 5912230) AND (k <= 5912330))
	  ->  Bitmap Index Scan on k_5  (cost=0.00..5.47 rows=104 width=0)
	        Index Cond: ((k >= 5912230) AND (k <= 5912330))

table 6 : explain SELECT k, c FROM sbtest6 WHERE k BETWEEN 5912230 AND 5912330
	Bitmap Heap Scan on sbtest6  (cost=5.50..417.26 rows=104 width=125)
	  Recheck Cond: ((k >= 5912230) AND (k <= 5912330))
	  ->  Bitmap Index Scan on k_6  (cost=0.00..5.47 rows=104 width=0)
	        Index Cond: ((k >= 5912230) AND (k <= 5912330))

table 7 : explain SELECT k, c FROM sbtest7 WHERE k BETWEEN 5912230 AND 5912330
	Bitmap Heap Scan on sbtest7  (cost=5.44..393.60 rows=98 width=125)
	  Recheck Cond: ((k >= 5912230) AND (k <= 5912330))
	  ->  Bitmap Index Scan on k_7  (cost=0.00..5.42 rows=98 width=0)
	        Index Cond: ((k >= 5912230) AND (k <= 5912330))

table 8 : explain SELECT k, c FROM sbtest8 WHERE k BETWEEN 5912230 AND 5912330
	Bitmap Heap Scan on sbtest8  (cost=5.44..393.61 rows=98 width=125)
	  Recheck Cond: ((k >= 5912230) AND (k <= 5912330))
	  ->  Bitmap Index Scan on k_8  (cost=0.00..5.42 rows=98 width=0)
	        Index Cond: ((k >= 5912230) AND (k <= 5912330))

for range-notcovered
table 1 : explain SELECT k, c FROM sbtest1 WHERE k BETWEEN 6128050 AND 6128150
	Bitmap Heap Scan on sbtest1  (cost=5.43..389.65 rows=97 width=125)
	  Recheck Cond: ((k >= 6128050) AND (k <= 6128150))
	  ->  Bitmap Index Scan on k_1  (cost=0.00..5.40 rows=97 width=0)
	        Index Cond: ((k >= 6128050) AND (k <= 6128150))

table 2 : explain SELECT k, c FROM sbtest2 WHERE k BETWEEN 6128050 AND 6128150
	Bitmap Heap Scan on sbtest2  (cost=5.52..425.16 rows=106 width=125)
	  Recheck Cond: ((k >= 6128050) AND (k <= 6128150))
	  ->  Bitmap Index Scan on k_2  (cost=0.00..5.50 rows=106 width=0)
	        Index Cond: ((k >= 6128050) AND (k <= 6128150))

table 3 : explain SELECT k, c FROM sbtest3 WHERE k BETWEEN 6128050 AND 6128150
	Bitmap Heap Scan on sbtest3  (cost=5.49..413.28 rows=103 width=125)
	  Recheck Cond: ((k >= 6128050) AND (k <= 6128150))
	  ->  Bitmap Index Scan on k_3  (cost=0.00..5.46 rows=103 width=0)
	        Index Cond: ((k >= 6128050) AND (k <= 6128150))

table 4 : explain SELECT k, c FROM sbtest4 WHERE k BETWEEN 6128050 AND 6128150
	Bitmap Heap Scan on sbtest4  (cost=5.53..429.07 rows=107 width=125)
	  Recheck Cond: ((k >= 6128050) AND (k <= 6128150))
	  ->  Bitmap Index Scan on k_4  (cost=0.00..5.50 rows=107 width=0)
	        Index Cond: ((k >= 6128050) AND (k <= 6128150))

table 5 : explain SELECT k, c FROM sbtest5 WHERE k BETWEEN 6128050 AND 6128150
	Bitmap Heap Scan on sbtest5  (cost=5.47..405.45 rows=101 width=125)
	  Recheck Cond: ((k >= 6128050) AND (k <= 6128150))
	  ->  Bitmap Index Scan on k_5  (cost=0.00..5.44 rows=101 width=0)
	        Index Cond: ((k >= 6128050) AND (k <= 6128150))

table 6 : explain SELECT k, c FROM sbtest6 WHERE k BETWEEN 6128050 AND 6128150
	Bitmap Heap Scan on sbtest6  (cost=5.54..433.02 rows=108 width=125)
	  Recheck Cond: ((k >= 6128050) AND (k <= 6128150))
	  ->  Bitmap Index Scan on k_6  (cost=0.00..5.51 rows=108 width=0)
	        Index Cond: ((k >= 6128050) AND (k <= 6128150))

table 7 : explain SELECT k, c FROM sbtest7 WHERE k BETWEEN 6128050 AND 6128150
	Bitmap Heap Scan on sbtest7  (cost=5.44..393.60 rows=98 width=125)
	  Recheck Cond: ((k >= 6128050) AND (k <= 6128150))
	  ->  Bitmap Index Scan on k_7  (cost=0.00..5.42 rows=98 width=0)
	        Index Cond: ((k >= 6128050) AND (k <= 6128150))

table 8 : explain SELECT k, c FROM sbtest8 WHERE k BETWEEN 6128050 AND 6128150
	Bitmap Heap Scan on sbtest8  (cost=5.43..389.66 rows=97 width=125)
	  Recheck Cond: ((k >= 6128050) AND (k <= 6128150))
	  ->  Bitmap Index Scan on k_8  (cost=0.00..5.40 rows=97 width=0)
	        Index Cond: ((k >= 6128050) AND (k <= 6128150))
for range-notcovered
table 1 : explain SELECT k, c FROM sbtest1 WHERE k BETWEEN 4829581 AND 4829681
	Bitmap Heap Scan on sbtest1  (cost=5.58..448.77 rows=112 width=125)
	  Recheck Cond: ((k >= 4829581) AND (k <= 4829681))
	  ->  Bitmap Index Scan on k_1  (cost=0.00..5.55 rows=112 width=0)
	        Index Cond: ((k >= 4829581) AND (k <= 4829681))

table 2 : explain SELECT k, c FROM sbtest2 WHERE k BETWEEN 4829581 AND 4829681
	Bitmap Heap Scan on sbtest2  (cost=5.45..397.57 rows=99 width=125)
	  Recheck Cond: ((k >= 4829581) AND (k <= 4829681))
	  ->  Bitmap Index Scan on k_2  (cost=0.00..5.42 rows=99 width=0)
	        Index Cond: ((k >= 4829581) AND (k <= 4829681))

table 3 : explain SELECT k, c FROM sbtest3 WHERE k BETWEEN 4829581 AND 4829681
	Bitmap Heap Scan on sbtest3  (cost=5.48..409.34 rows=102 width=125)
	  Recheck Cond: ((k >= 4829581) AND (k <= 4829681))
	  ->  Bitmap Index Scan on k_3  (cost=0.00..5.45 rows=102 width=0)
	        Index Cond: ((k >= 4829581) AND (k <= 4829681))

table 4 : explain SELECT k, c FROM sbtest4 WHERE k BETWEEN 4829581 AND 4829681
	Bitmap Heap Scan on sbtest4  (cost=5.43..389.65 rows=97 width=125)
	  Recheck Cond: ((k >= 4829581) AND (k <= 4829681))
	  ->  Bitmap Index Scan on k_4  (cost=0.00..5.40 rows=97 width=0)
	        Index Cond: ((k >= 4829581) AND (k <= 4829681))

table 5 : explain SELECT k, c FROM sbtest5 WHERE k BETWEEN 4829581 AND 4829681
	Bitmap Heap Scan on sbtest5  (cost=5.47..405.45 rows=101 width=125)
	  Recheck Cond: ((k >= 4829581) AND (k <= 4829681))
	  ->  Bitmap Index Scan on k_5  (cost=0.00..5.44 rows=101 width=0)
	        Index Cond: ((k >= 4829581) AND (k <= 4829681))

table 6 : explain SELECT k, c FROM sbtest6 WHERE k BETWEEN 4829581 AND 4829681
	Bitmap Heap Scan on sbtest6  (cost=5.45..397.54 rows=99 width=125)
	  Recheck Cond: ((k >= 4829581) AND (k <= 4829681))
	  ->  Bitmap Index Scan on k_6  (cost=0.00..5.42 rows=99 width=0)
	        Index Cond: ((k >= 4829581) AND (k <= 4829681))

table 7 : explain SELECT k, c FROM sbtest7 WHERE k BETWEEN 4829581 AND 4829681
	Bitmap Heap Scan on sbtest7  (cost=5.47..405.43 rows=101 width=125)
	  Recheck Cond: ((k >= 4829581) AND (k <= 4829681))
	  ->  Bitmap Index Scan on k_7  (cost=0.00..5.44 rows=101 width=0)
	        Index Cond: ((k >= 4829581) AND (k <= 4829681))

table 8 : explain SELECT k, c FROM sbtest8 WHERE k BETWEEN 4829581 AND 4829681
	Bitmap Heap Scan on sbtest8  (cost=5.46..401.49 rows=100 width=125)
	  Recheck Cond: ((k >= 4829581) AND (k <= 4829681))
	  ->  Bitmap Index Scan on k_8  (cost=0.00..5.43 rows=100 width=0)
	        Index Cond: ((k >= 4829581) AND (k <= 4829681))


explain: for range-notcovered :: explain SELECT k, c FROM sbtest%d WHERE k BETWEEN 1575884 AND 1575984
explain: for range-notcovered :: explain SELECT k, c FROM sbtest%d WHERE k BETWEEN 5912230 AND 5912330
explain: for range-notcovered :: explain SELECT k, c FROM sbtest%d WHERE k BETWEEN 1880241 AND 1880341
for range-notcovered
table 1 : explain SELECT k, c FROM sbtest1 WHERE k BETWEEN 5964910 AND 5965010
	Bitmap Heap Scan on sbtest1  (cost=5.52..425.13 rows=106 width=125)
	  Recheck Cond: ((k >= 5964910) AND (k <= 5965010))
	  ->  Bitmap Index Scan on k_1  (cost=0.00..5.50 rows=106 width=0)
	        Index Cond: ((k >= 5964910) AND (k <= 5965010))

table 2 : explain SELECT k, c FROM sbtest2 WHERE k BETWEEN 5964910 AND 5965010
	Bitmap Heap Scan on sbtest2  (cost=5.42..385.73 rows=96 width=125)
	  Recheck Cond: ((k >= 5964910) AND (k <= 5965010))
	  ->  Bitmap Index Scan on k_2  (cost=0.00..5.39 rows=96 width=0)
	        Index Cond: ((k >= 5964910) AND (k <= 5965010))

table 3 : explain SELECT k, c FROM sbtest3 WHERE k BETWEEN 5964910 AND 5965010
	Bitmap Heap Scan on sbtest3  (cost=5.39..373.85 rows=93 width=125)
	  Recheck Cond: ((k >= 5964910) AND (k <= 5965010))
	  ->  Bitmap Index Scan on k_3  (cost=0.00..5.36 rows=93 width=0)
	        Index Cond: ((k >= 5964910) AND (k <= 5965010))

table 4 : explain SELECT k, c FROM sbtest4 WHERE k BETWEEN 5964910 AND 5965010
	Bitmap Heap Scan on sbtest4  (cost=5.54..433.01 rows=108 width=125)
	  Recheck Cond: ((k >= 5964910) AND (k <= 5965010))
	  ->  Bitmap Index Scan on k_4  (cost=0.00..5.51 rows=108 width=0)
	        Index Cond: ((k >= 5964910) AND (k <= 5965010))

table 5 : explain SELECT k, c FROM sbtest5 WHERE k BETWEEN 5964910 AND 5965010
	Bitmap Heap Scan on sbtest5  (cost=5.50..417.28 rows=104 width=125)
	  Recheck Cond: ((k >= 5964910) AND (k <= 5965010))
	  ->  Bitmap Index Scan on k_5  (cost=0.00..5.47 rows=104 width=0)
	        Index Cond: ((k >= 5964910) AND (k <= 5965010))

table 6 : explain SELECT k, c FROM sbtest6 WHERE k BETWEEN 5964910 AND 5965010
	Bitmap Heap Scan on sbtest6  (cost=5.50..417.26 rows=104 width=125)
	  Recheck Cond: ((k >= 5964910) AND (k <= 5965010))
	  ->  Bitmap Index Scan on k_6  (cost=0.00..5.47 rows=104 width=0)
	        Index Cond: ((k >= 5964910) AND (k <= 5965010))

table 7 : explain SELECT k, c FROM sbtest7 WHERE k BETWEEN 5964910 AND 5965010
	Bitmap Heap Scan on sbtest7  (cost=5.44..393.60 rows=98 width=125)
	  Recheck Cond: ((k >= 5964910) AND (k <= 5965010))
	  ->  Bitmap Index Scan on k_7  (cost=0.00..5.42 rows=98 width=0)
	        Index Cond: ((k >= 5964910) AND (k <= 5965010))

table 8 : explain SELECT k, c FROM sbtest8 WHERE k BETWEEN 5964910 AND 5965010
	Bitmap Heap Scan on sbtest8  (cost=5.44..393.61 rows=98 width=125)
	  Recheck Cond: ((k >= 5964910) AND (k <= 5965010))
	  ->  Bitmap Index Scan on k_8  (cost=0.00..5.42 rows=98 width=0)
	        Index Cond: ((k >= 5964910) AND (k <= 5965010))
explain: for range-notcovered :: explain SELECT k, c FROM sbtest%d WHERE k BETWEEN 4829581 AND 4829681
for range-notcovered
table 1 : explain SELECT k, c FROM sbtest1 WHERE k BETWEEN 5498507 AND 5498607
	Bitmap Heap Scan on sbtest1  (cost=5.49..413.31 rows=103 width=125)
	  Recheck Cond: ((k >= 5498507) AND (k <= 5498607))
	  ->  Bitmap Index Scan on k_1  (cost=0.00..5.46 rows=103 width=0)
	        Index Cond: ((k >= 5498507) AND (k <= 5498607))

table 2 : explain SELECT k, c FROM sbtest2 WHERE k BETWEEN 5498507 AND 5498607
	Bitmap Heap Scan on sbtest2  (cost=5.49..413.34 rows=103 width=125)
	  Recheck Cond: ((k >= 5498507) AND (k <= 5498607))
	  ->  Bitmap Index Scan on k_2  (cost=0.00..5.46 rows=103 width=0)
	        Index Cond: ((k >= 5498507) AND (k <= 5498607))

table 3 : explain SELECT k, c FROM sbtest3 WHERE k BETWEEN 5498507 AND 5498607
	Bitmap Heap Scan on sbtest3  (cost=5.41..381.74 rows=95 width=125)
	  Recheck Cond: ((k >= 5498507) AND (k <= 5498607))
	  ->  Bitmap Index Scan on k_3  (cost=0.00..5.38 rows=95 width=0)
	        Index Cond: ((k >= 5498507) AND (k <= 5498607))

table 4 : explain SELECT k, c FROM sbtest4 WHERE k BETWEEN 5498507 AND 5498607
	Bitmap Heap Scan on sbtest4  (cost=5.38..369.92 rows=92 width=125)
	  Recheck Cond: ((k >= 5498507) AND (k <= 5498607))
	  ->  Bitmap Index Scan on k_4  (cost=0.00..5.35 rows=92 width=0)
	        Index Cond: ((k >= 5498507) AND (k <= 5498607))

table 5 : explain SELECT k, c FROM sbtest5 WHERE k BETWEEN 5498507 AND 5498607
	Bitmap Heap Scan on sbtest5  (cost=5.46..401.51 rows=100 width=125)
	  Recheck Cond: ((k >= 5498507) AND (k <= 5498607))
	  ->  Bitmap Index Scan on k_5  (cost=0.00..5.43 rows=100 width=0)
	        Index Cond: ((k >= 5498507) AND (k <= 5498607))

table 6 : explain SELECT k, c FROM sbtest6 WHERE k BETWEEN 5498507 AND 5498607
	Bitmap Heap Scan on sbtest6  (cost=5.63..468.46 rows=117 width=125)
	  Recheck Cond: ((k >= 5498507) AND (k <= 5498607))
	  ->  Bitmap Index Scan on k_6  (cost=0.00..5.60 rows=117 width=0)
	        Index Cond: ((k >= 5498507) AND (k <= 5498607))

table 7 : explain SELECT k, c FROM sbtest7 WHERE k BETWEEN 5498507 AND 5498607
	Bitmap Heap Scan on sbtest7  (cost=5.50..417.25 rows=104 width=125)
	  Recheck Cond: ((k >= 5498507) AND (k <= 5498607))
	  ->  Bitmap Index Scan on k_7  (cost=0.00..5.47 rows=104 width=0)
	        Index Cond: ((k >= 5498507) AND (k <= 5498607))

table 8 : explain SELECT k, c FROM sbtest8 WHERE k BETWEEN 5498507 AND 5498607
	Bitmap Heap Scan on sbtest8  (cost=5.55..436.97 rows=109 width=125)
	  Recheck Cond: ((k >= 5498507) AND (k <= 5498607))
	  ->  Bitmap Index Scan on k_8  (cost=0.00..5.52 rows=109 width=0)
	        Index Cond: ((k >= 5498507) AND (k <= 5498607))

for range-notcovered
table 1 : explain SELECT k, c FROM sbtest1 WHERE k BETWEEN 2748161 AND 2748261
	Bitmap Heap Scan on sbtest1  (cost=5.43..389.65 rows=97 width=125)
	  Recheck Cond: ((k >= 2748161) AND (k <= 2748261))
	  ->  Bitmap Index Scan on k_1  (cost=0.00..5.40 rows=97 width=0)
	        Index Cond: ((k >= 2748161) AND (k <= 2748261))

table 2 : explain SELECT k, c FROM sbtest2 WHERE k BETWEEN 2748161 AND 2748261
	Bitmap Heap Scan on sbtest2  (cost=5.53..429.10 rows=107 width=125)
	  Recheck Cond: ((k >= 2748161) AND (k <= 2748261))
	  ->  Bitmap Index Scan on k_2  (cost=0.00..5.50 rows=107 width=0)
	        Index Cond: ((k >= 2748161) AND (k <= 2748261))

table 3 : explain SELECT k, c FROM sbtest3 WHERE k BETWEEN 2748161 AND 2748261
	Bitmap Heap Scan on sbtest3  (cost=5.49..413.28 rows=103 width=125)
	  Recheck Cond: ((k >= 2748161) AND (k <= 2748261))
	  ->  Bitmap Index Scan on k_3  (cost=0.00..5.46 rows=103 width=0)
	        Index Cond: ((k >= 2748161) AND (k <= 2748261))

table 4 : explain SELECT k, c FROM sbtest4 WHERE k BETWEEN 2748161 AND 2748261
	Bitmap Heap Scan on sbtest4  (cost=5.42..385.70 rows=96 width=125)
	  Recheck Cond: ((k >= 2748161) AND (k <= 2748261))
	  ->  Bitmap Index Scan on k_4  (cost=0.00..5.39 rows=96 width=0)
	        Index Cond: ((k >= 2748161) AND (k <= 2748261))

table 5 : explain SELECT k, c FROM sbtest5 WHERE k BETWEEN 2748161 AND 2748261
	Bitmap Heap Scan on sbtest5  (cost=5.52..425.16 rows=106 width=125)
	  Recheck Cond: ((k >= 2748161) AND (k <= 2748261))
	  ->  Bitmap Index Scan on k_5  (cost=0.00..5.50 rows=106 width=0)
	        Index Cond: ((k >= 2748161) AND (k <= 2748261))

table 6 : explain SELECT k, c FROM sbtest6 WHERE k BETWEEN 2748161 AND 2748261
	Bitmap Heap Scan on sbtest6  (cost=5.46..401.49 rows=100 width=125)
	  Recheck Cond: ((k >= 2748161) AND (k <= 2748261))
	  ->  Bitmap Index Scan on k_6  (cost=0.00..5.43 rows=100 width=0)
	        Index Cond: ((k >= 2748161) AND (k <= 2748261))

table 7 : explain SELECT k, c FROM sbtest7 WHERE k BETWEEN 2748161 AND 2748261
	Bitmap Heap Scan on sbtest7  (cost=5.47..405.43 rows=101 width=125)
	  Recheck Cond: ((k >= 2748161) AND (k <= 2748261))
	  ->  Bitmap Index Scan on k_7  (cost=0.00..5.44 rows=101 width=0)
	        Index Cond: ((k >= 2748161) AND (k <= 2748261))

table 8 : explain SELECT k, c FROM sbtest8 WHERE k BETWEEN 2748161 AND 2748261
	Bitmap Heap Scan on sbtest8  (cost=5.59..452.72 rows=113 width=125)
	  Recheck Cond: ((k >= 2748161) AND (k <= 2748261))
	  ->  Bitmap Index Scan on k_8  (cost=0.00..5.56 rows=113 width=0)
	        Index Cond: ((k >= 2748161) AND (k <= 2748261))

for range-notcovered
table 1 : explain SELECT k, c FROM sbtest1 WHERE k BETWEEN 5799430 AND 5799530
	Bitmap Heap Scan on sbtest1  (cost=5.49..413.31 rows=103 width=125)
	  Recheck Cond: ((k >= 5799430) AND (k <= 5799530))
	  ->  Bitmap Index Scan on k_1  (cost=0.00..5.46 rows=103 width=0)
	        Index Cond: ((k >= 5799430) AND (k <= 5799530))

table 2 : explain SELECT k, c FROM sbtest2 WHERE k BETWEEN 5799430 AND 5799530
	Bitmap Heap Scan on sbtest2  (cost=5.49..413.34 rows=103 width=125)
	  Recheck Cond: ((k >= 5799430) AND (k <= 5799530))
	  ->  Bitmap Index Scan on k_2  (cost=0.00..5.46 rows=103 width=0)
	        Index Cond: ((k >= 5799430) AND (k <= 5799530))

table 3 : explain SELECT k, c FROM sbtest3 WHERE k BETWEEN 5799430 AND 5799530
	Bitmap Heap Scan on sbtest3  (cost=5.46..401.45 rows=100 width=125)
	  Recheck Cond: ((k >= 5799430) AND (k <= 5799530))
	  ->  Bitmap Index Scan on k_3  (cost=0.00..5.43 rows=100 width=0)
	        Index Cond: ((k >= 5799430) AND (k <= 5799530))

table 4 : explain SELECT k, c FROM sbtest4 WHERE k BETWEEN 5799430 AND 5799530
	Bitmap Heap Scan on sbtest4  (cost=5.52..425.13 rows=106 width=125)
	  Recheck Cond: ((k >= 5799430) AND (k <= 5799530))
	  ->  Bitmap Index Scan on k_4  (cost=0.00..5.50 rows=106 width=0)
	        Index Cond: ((k >= 5799430) AND (k <= 5799530))

table 5 : explain SELECT k, c FROM sbtest5 WHERE k BETWEEN 5799430 AND 5799530
	Bitmap Heap Scan on sbtest5  (cost=5.47..405.45 rows=101 width=125)
	  Recheck Cond: ((k >= 5799430) AND (k <= 5799530))
	  ->  Bitmap Index Scan on k_5  (cost=0.00..5.44 rows=101 width=0)
	        Index Cond: ((k >= 5799430) AND (k <= 5799530))

table 6 : explain SELECT k, c FROM sbtest6 WHERE k BETWEEN 5799430 AND 5799530
	Bitmap Heap Scan on sbtest6  (cost=5.62..464.53 rows=116 width=125)
	  Recheck Cond: ((k >= 5799430) AND (k <= 5799530))
	  ->  Bitmap Index Scan on k_6  (cost=0.00..5.59 rows=116 width=0)
	        Index Cond: ((k >= 5799430) AND (k <= 5799530))

table 7 : explain SELECT k, c FROM sbtest7 WHERE k BETWEEN 5799430 AND 5799530
	Bitmap Heap Scan on sbtest7  (cost=5.45..397.54 rows=99 width=125)
	  Recheck Cond: ((k >= 5799430) AND (k <= 5799530))
	  ->  Bitmap Index Scan on k_7  (cost=0.00..5.42 rows=99 width=0)
	        Index Cond: ((k >= 5799430) AND (k <= 5799530))

table 8 : explain SELECT k, c FROM sbtest8 WHERE k BETWEEN 5799430 AND 5799530
	Bitmap Heap Scan on sbtest8  (cost=5.50..417.26 rows=104 width=125)
	  Recheck Cond: ((k >= 5799430) AND (k <= 5799530))
	  ->  Bitmap Index Scan on k_8  (cost=0.00..5.47 rows=104 width=0)
	        Index Cond: ((k >= 5799430) AND (k <= 5799530))

explain: for range-notcovered :: explain SELECT k, c FROM sbtest%d WHERE k BETWEEN 6128050 AND 6128150for range-notcovered
table 1 : explain SELECT k, c FROM sbtest1 WHERE k BETWEEN 7830027 AND 7830127
	Bitmap Heap Scan on sbtest1  (cost=5.50..417.25 rows=104 width=125)
	  Recheck Cond: ((k >= 7830027) AND (k <= 7830127))
	  ->  Bitmap Index Scan on k_1  (cost=0.00..5.47 rows=104 width=0)
	        Index Cond: ((k >= 7830027) AND (k <= 7830127))

table 2 : explain SELECT k, c FROM sbtest2 WHERE k BETWEEN 7830027 AND 7830127
	Bitmap Heap Scan on sbtest2  (cost=5.51..421.22 rows=105 width=125)
	  Recheck Cond: ((k >= 7830027) AND (k <= 7830127))
	  ->  Bitmap Index Scan on k_2  (cost=0.00..5.48 rows=105 width=0)
	        Index Cond: ((k >= 7830027) AND (k <= 7830127))

table 3 : explain SELECT k, c FROM sbtest3 WHERE k BETWEEN 7830027 AND 7830127
	Bitmap Heap Scan on sbtest3  (cost=5.48..409.34 rows=102 width=125)
	  Recheck Cond: ((k >= 7830027) AND (k <= 7830127))
	  ->  Bitmap Index Scan on k_3  (cost=0.00..5.45 rows=102 width=0)
	        Index Cond: ((k >= 7830027) AND (k <= 7830127))

table 4 : explain SELECT k, c FROM sbtest4 WHERE k BETWEEN 7830027 AND 7830127
	Bitmap Heap Scan on sbtest4  (cost=5.47..405.42 rows=101 width=125)
	  Recheck Cond: ((k >= 7830027) AND (k <= 7830127))
	  ->  Bitmap Index Scan on k_4  (cost=0.00..5.44 rows=101 width=0)
	        Index Cond: ((k >= 7830027) AND (k <= 7830127))

table 5 : explain SELECT k, c FROM sbtest5 WHERE k BETWEEN 7830027 AND 7830127
	Bitmap Heap Scan on sbtest5  (cost=5.42..385.73 rows=96 width=125)
	  Recheck Cond: ((k >= 7830027) AND (k <= 7830127))
	  ->  Bitmap Index Scan on k_5  (cost=0.00..5.39 rows=96 width=0)
	        Index Cond: ((k >= 7830027) AND (k <= 7830127))

table 6 : explain SELECT k, c FROM sbtest6 WHERE k BETWEEN 7830027 AND 7830127
	Bitmap Heap Scan on sbtest6  (cost=5.55..436.96 rows=109 width=125)
	  Recheck Cond: ((k >= 7830027) AND (k <= 7830127))
	  ->  Bitmap Index Scan on k_6  (cost=0.00..5.52 rows=109 width=0)
	        Index Cond: ((k >= 7830027) AND (k <= 7830127))

table 7 : explain SELECT k, c FROM sbtest7 WHERE k BETWEEN 7830027 AND 7830127
	Bitmap Heap Scan on sbtest7  (cost=5.51..421.20 rows=105 width=125)
	  Recheck Cond: ((k >= 7830027) AND (k <= 7830127))
	  ->  Bitmap Index Scan on k_7  (cost=0.00..5.48 rows=105 width=0)
	        Index Cond: ((k >= 7830027) AND (k <= 7830127))

table 8 : explain SELECT k, c FROM sbtest8 WHERE k BETWEEN 7830027 AND 7830127
	Bitmap Heap Scan on sbtest8  (cost=5.43..389.66 rows=97 width=125)
	  Recheck Cond: ((k >= 7830027) AND (k <= 7830127))
	  ->  Bitmap Index Scan on k_8  (cost=0.00..5.40 rows=97 width=0)
	        Index Cond: ((k >= 7830027) AND (k <= 7830127))

for range-notcovered
table 1 : explain SELECT k, c FROM sbtest1 WHERE k BETWEEN 1289756 AND 1289856
	Bitmap Heap Scan on sbtest1  (cost=5.55..436.95 rows=109 width=125)
	  Recheck Cond: ((k >= 1289756) AND (k <= 1289856))
	  ->  Bitmap Index Scan on k_1  (cost=0.00..5.52 rows=109 width=0)
	        Index Cond: ((k >= 1289756) AND (k <= 1289856))

table 2 : explain SELECT k, c FROM sbtest2 WHERE k BETWEEN 1289756 AND 1289856
	Bitmap Heap Scan on sbtest2  (cost=5.49..413.34 rows=103 width=125)
	  Recheck Cond: ((k >= 1289756) AND (k <= 1289856))
	  ->  Bitmap Index Scan on k_2  (cost=0.00..5.46 rows=103 width=0)
	        Index Cond: ((k >= 1289756) AND (k <= 1289856))

table 3 : explain SELECT k, c FROM sbtest3 WHERE k BETWEEN 1289756 AND 1289856
	Bitmap Heap Scan on sbtest3  (cost=5.56..440.86 rows=110 width=125)
	  Recheck Cond: ((k >= 1289756) AND (k <= 1289856))
	  ->  Bitmap Index Scan on k_3  (cost=0.00..5.53 rows=110 width=0)
	        Index Cond: ((k >= 1289756) AND (k <= 1289856))

table 4 : explain SELECT k, c FROM sbtest4 WHERE k BETWEEN 1289756 AND 1289856
	Bitmap Heap Scan on sbtest4  (cost=5.56..440.89 rows=110 width=125)
	  Recheck Cond: ((k >= 1289756) AND (k <= 1289856))
	  ->  Bitmap Index Scan on k_4  (cost=0.00..5.53 rows=110 width=0)
	        Index Cond: ((k >= 1289756) AND (k <= 1289856))

table 5 : explain SELECT k, c FROM sbtest5 WHERE k BETWEEN 1289756 AND 1289856
	Bitmap Heap Scan on sbtest5  (cost=5.36..362.05 rows=90 width=125)
	  Recheck Cond: ((k >= 1289756) AND (k <= 1289856))
	  ->  Bitmap Index Scan on k_5  (cost=0.00..5.33 rows=90 width=0)
	        Index Cond: ((k >= 1289756) AND (k <= 1289856))

table 6 : explain SELECT k, c FROM sbtest6 WHERE k BETWEEN 1289756 AND 1289856
	Bitmap Heap Scan on sbtest6  (cost=5.37..365.98 rows=91 width=125)
	  Recheck Cond: ((k >= 1289756) AND (k <= 1289856))
	  ->  Bitmap Index Scan on k_6  (cost=0.00..5.34 rows=91 width=0)
	        Index Cond: ((k >= 1289756) AND (k <= 1289856))

table 7 : explain SELECT k, c FROM sbtest7 WHERE k BETWEEN 1289756 AND 1289856
	Bitmap Heap Scan on sbtest7  (cost=5.50..417.25 rows=104 width=125)
	  Recheck Cond: ((k >= 1289756) AND (k <= 1289856))
	  ->  Bitmap Index Scan on k_7  (cost=0.00..5.47 rows=104 width=0)
	        Index Cond: ((k >= 1289756) AND (k <= 1289856))

table 8 : explain SELECT k, c FROM sbtest8 WHERE k BETWEEN 1289756 AND 1289856
	Bitmap Heap Scan on sbtest8  (cost=5.38..369.93 rows=92 width=125)
	  Recheck Cond: ((k >= 1289756) AND (k <= 1289856))
	  ->  Bitmap Index Scan on k_8  (cost=0.00..5.35 rows=92 width=0)
	        Index Cond: ((k >= 1289756) AND (k <= 1289856))


explain: for range-notcovered :: explain SELECT k, c FROM sbtest%d WHERE k BETWEEN 2748161 AND 2748261
explain: for range-notcovered :: explain SELECT k, c FROM sbtest%d WHERE k BETWEEN 4780123 AND 4780223
for range-notcovered
table 1 : explain SELECT k, c FROM sbtest1 WHERE k BETWEEN 5419310 AND 5419410
	Bitmap Heap Scan on sbtest1  (cost=5.50..417.25 rows=104 width=125)
	  Recheck Cond: ((k >= 5419310) AND (k <= 5419410))
	  ->  Bitmap Index Scan on k_1  (cost=0.00..5.47 rows=104 width=0)
	        Index Cond: ((k >= 5419310) AND (k <= 5419410))

table 2 : explain SELECT k, c FROM sbtest2 WHERE k BETWEEN 5419310 AND 5419410
	Bitmap Heap Scan on sbtest2  (cost=5.49..413.34 rows=103 width=125)
	  Recheck Cond: ((k >= 5419310) AND (k <= 5419410))
	  ->  Bitmap Index Scan on k_2  (cost=0.00..5.46 rows=103 width=0)
	        Index Cond: ((k >= 5419310) AND (k <= 5419410))

table 3 : explain SELECT k, c FROM sbtest3 WHERE k BETWEEN 5419310 AND 5419410
	Bitmap Heap Scan on sbtest3  (cost=5.56..440.86 rows=110 width=125)
	  Recheck Cond: ((k >= 5419310) AND (k <= 5419410))
	  ->  Bitmap Index Scan on k_3  (cost=0.00..5.53 rows=110 width=0)
	        Index Cond: ((k >= 5419310) AND (k <= 5419410))

table 4 : explain SELECT k, c FROM sbtest4 WHERE k BETWEEN 5419310 AND 5419410
	Bitmap Heap Scan on sbtest4  (cost=5.54..433.01 rows=108 width=125)
	  Recheck Cond: ((k >= 5419310) AND (k <= 5419410))
	  ->  Bitmap Index Scan on k_4  (cost=0.00..5.51 rows=108 width=0)
	        Index Cond: ((k >= 5419310) AND (k <= 5419410))

table 5 : explain SELECT k, c FROM sbtest5 WHERE k BETWEEN 5419310 AND 5419410
	Bitmap Heap Scan on sbtest5  (cost=5.46..401.51 rows=100 width=125)
	  Recheck Cond: ((k >= 5419310) AND (k <= 5419410))
	  ->  Bitmap Index Scan on k_5  (cost=0.00..5.43 rows=100 width=0)
	        Index Cond: ((k >= 5419310) AND (k <= 5419410))

table 6 : explain SELECT k, c FROM sbtest6 WHERE k BETWEEN 5419310 AND 5419410
	Bitmap Heap Scan on sbtest6  (cost=5.63..468.46 rows=117 width=125)
	  Recheck Cond: ((k >= 5419310) AND (k <= 5419410))
	  ->  Bitmap Index Scan on k_6  (cost=0.00..5.60 rows=117 width=0)
	        Index Cond: ((k >= 5419310) AND (k <= 5419410))

table 7 : explain SELECT k, c FROM sbtest7 WHERE k BETWEEN 5419310 AND 5419410
	Bitmap Heap Scan on sbtest7  (cost=5.45..397.54 rows=99 width=125)
	  Recheck Cond: ((k >= 5419310) AND (k <= 5419410))
	  ->  Bitmap Index Scan on k_7  (cost=0.00..5.42 rows=99 width=0)
	        Index Cond: ((k >= 5419310) AND (k <= 5419410))

table 8 : explain SELECT k, c FROM sbtest8 WHERE k BETWEEN 5419310 AND 5419410
	Bitmap Heap Scan on sbtest8  (cost=5.50..417.26 rows=104 width=125)
	  Recheck Cond: ((k >= 5419310) AND (k <= 5419410))
	  ->  Bitmap Index Scan on k_8  (cost=0.00..5.47 rows=104 width=0)
	        Index Cond: ((k >= 5419310) AND (k <= 5419410))
explain: for range-notcovered :: explain SELECT k, c FROM sbtest%d WHERE k BETWEEN 5799430 AND 5799530explain: for range-notcovered :: explain SELECT k, c FROM sbtest%d WHERE k BETWEEN 5498507 AND 5498607
explain: for range-notcovered :: explain SELECT k, c FROM sbtest%d WHERE k BETWEEN 1289756 AND 1289856
for range-notcovered
table 1 : explain SELECT k, c FROM sbtest1 WHERE k BETWEEN 8146709 AND 8146809
	Bitmap Heap Scan on sbtest1  (cost=5.44..393.59 rows=98 width=125)
	  Recheck Cond: ((k >= 8146709) AND (k <= 8146809))
	  ->  Bitmap Index Scan on k_1  (cost=0.00..5.42 rows=98 width=0)
	        Index Cond: ((k >= 8146709) AND (k <= 8146809))

table 2 : explain SELECT k, c FROM sbtest2 WHERE k BETWEEN 8146709 AND 8146809
	Bitmap Heap Scan on sbtest2  (cost=5.46..401.51 rows=100 width=125)
	  Recheck Cond: ((k >= 8146709) AND (k <= 8146809))
	  ->  Bitmap Index Scan on k_2  (cost=0.00..5.43 rows=100 width=0)
	        Index Cond: ((k >= 8146709) AND (k <= 8146809))

table 3 : explain SELECT k, c FROM sbtest3 WHERE k BETWEEN 8146709 AND 8146809
	Bitmap Heap Scan on sbtest3  (cost=5.48..409.34 rows=102 width=125)
	  Recheck Cond: ((k >= 8146709) AND (k <= 8146809))
	  ->  Bitmap Index Scan on k_3  (cost=0.00..5.45 rows=102 width=0)
	        Index Cond: ((k >= 8146709) AND (k <= 8146809))

table 4 : explain SELECT k, c FROM sbtest4 WHERE k BETWEEN 8146709 AND 8146809
	Bitmap Heap Scan on sbtest4  (cost=5.50..417.25 rows=104 width=125)
	  Recheck Cond: ((k >= 8146709) AND (k <= 8146809))
	  ->  Bitmap Index Scan on k_4  (cost=0.00..5.47 rows=104 width=0)
	        Index Cond: ((k >= 8146709) AND (k <= 8146809))

table 5 : explain SELECT k, c FROM sbtest5 WHERE k BETWEEN 8146709 AND 8146809
	Bitmap Heap Scan on sbtest5  (cost=5.54..433.05 rows=108 width=125)
	  Recheck Cond: ((k >= 8146709) AND (k <= 8146809))
	  ->  Bitmap Index Scan on k_5  (cost=0.00..5.51 rows=108 width=0)
	        Index Cond: ((k >= 8146709) AND (k <= 8146809))

table 6 : explain SELECT k, c FROM sbtest6 WHERE k BETWEEN 8146709 AND 8146809
	Bitmap Heap Scan on sbtest6  (cost=5.41..381.77 rows=95 width=125)
	  Recheck Cond: ((k >= 8146709) AND (k <= 8146809))
	  ->  Bitmap Index Scan on k_6  (cost=0.00..5.38 rows=95 width=0)
	        Index Cond: ((k >= 8146709) AND (k <= 8146809))

table 7 : explain SELECT k, c FROM sbtest7 WHERE k BETWEEN 8146709 AND 8146809
	Bitmap Heap Scan on sbtest7  (cost=5.52..425.14 rows=106 width=125)
	  Recheck Cond: ((k >= 8146709) AND (k <= 8146809))
	  ->  Bitmap Index Scan on k_7  (cost=0.00..5.50 rows=106 width=0)
	        Index Cond: ((k >= 8146709) AND (k <= 8146809))

table 8 : explain SELECT k, c FROM sbtest8 WHERE k BETWEEN 8146709 AND 8146809
	Bitmap Heap Scan on sbtest8  (cost=5.57..444.85 rows=111 width=125)
	  Recheck Cond: ((k >= 8146709) AND (k <= 8146809))
	  ->  Bitmap Index Scan on k_8  (cost=0.00..5.54 rows=111 width=0)
	        Index Cond: ((k >= 8146709) AND (k <= 8146809))

for range-notcovered
table 1 : explain SELECT k, c FROM sbtest1 WHERE k BETWEEN 1868326 AND 1868426
	Bitmap Heap Scan on sbtest1  (cost=5.42..385.71 rows=96 width=125)
	  Recheck Cond: ((k >= 1868326) AND (k <= 1868426))
	  ->  Bitmap Index Scan on k_1  (cost=0.00..5.39 rows=96 width=0)
	        Index Cond: ((k >= 1868326) AND (k <= 1868426))

table 2 : explain SELECT k, c FROM sbtest2 WHERE k BETWEEN 1868326 AND 1868426
	Bitmap Heap Scan on sbtest2  (cost=5.49..413.34 rows=103 width=125)
	  Recheck Cond: ((k >= 1868326) AND (k <= 1868426))
	  ->  Bitmap Index Scan on k_2  (cost=0.00..5.46 rows=103 width=0)
	        Index Cond: ((k >= 1868326) AND (k <= 1868426))

table 3 : explain SELECT k, c FROM sbtest3 WHERE k BETWEEN 1868326 AND 1868426
	Bitmap Heap Scan on sbtest3  (cost=5.50..417.22 rows=104 width=125)
	  Recheck Cond: ((k >= 1868326) AND (k <= 1868426))
	  ->  Bitmap Index Scan on k_3  (cost=0.00..5.47 rows=104 width=0)
	        Index Cond: ((k >= 1868326) AND (k <= 1868426))

table 4 : explain SELECT k, c FROM sbtest4 WHERE k BETWEEN 1868326 AND 1868426
	Bitmap Heap Scan on sbtest4  (cost=5.42..385.70 rows=96 width=125)
	  Recheck Cond: ((k >= 1868326) AND (k <= 1868426))
	  ->  Bitmap Index Scan on k_4  (cost=0.00..5.39 rows=96 width=0)
	        Index Cond: ((k >= 1868326) AND (k <= 1868426))

table 5 : explain SELECT k, c FROM sbtest5 WHERE k BETWEEN 1868326 AND 1868426
	Bitmap Heap Scan on sbtest5  (cost=5.51..421.22 rows=105 width=125)
	  Recheck Cond: ((k >= 1868326) AND (k <= 1868426))
	  ->  Bitmap Index Scan on k_5  (cost=0.00..5.48 rows=105 width=0)
	        Index Cond: ((k >= 1868326) AND (k <= 1868426))

table 6 : explain SELECT k, c FROM sbtest6 WHERE k BETWEEN 1868326 AND 1868426
	Bitmap Heap Scan on sbtest6  (cost=5.47..405.43 rows=101 width=125)
	  Recheck Cond: ((k >= 1868326) AND (k <= 1868426))
	  ->  Bitmap Index Scan on k_6  (cost=0.00..5.44 rows=101 width=0)
	        Index Cond: ((k >= 1868326) AND (k <= 1868426))

table 7 : explain SELECT k, c FROM sbtest7 WHERE k BETWEEN 1868326 AND 1868426
	Bitmap Heap Scan on sbtest7  (cost=5.45..397.54 rows=99 width=125)
	  Recheck Cond: ((k >= 1868326) AND (k <= 1868426))
	  ->  Bitmap Index Scan on k_7  (cost=0.00..5.42 rows=99 width=0)
	        Index Cond: ((k >= 1868326) AND (k <= 1868426))

table 8 : explain SELECT k, c FROM sbtest8 WHERE k BETWEEN 1868326 AND 1868426
	Bitmap Heap Scan on sbtest8  (cost=5.52..425.15 rows=106 width=125)
	  Recheck Cond: ((k >= 1868326) AND (k <= 1868426))
	  ->  Bitmap Index Scan on k_8  (cost=0.00..5.50 rows=106 width=0)
	        Index Cond: ((k >= 1868326) AND (k <= 1868426))


for range-notcovered
table 1 : explain SELECT k, c FROM sbtest1 WHERE k BETWEEN 1158135 AND 1158235
	Bitmap Heap Scan on sbtest1  (cost=5.49..413.31 rows=103 width=125)
	  Recheck Cond: ((k >= 1158135) AND (k <= 1158235))
	  ->  Bitmap Index Scan on k_1  (cost=0.00..5.46 rows=103 width=0)
	        Index Cond: ((k >= 1158135) AND (k <= 1158235))

table 2 : explain SELECT k, c FROM sbtest2 WHERE k BETWEEN 1158135 AND 1158235
	Bitmap Heap Scan on sbtest2  (cost=5.50..417.28 rows=104 width=125)
	  Recheck Cond: ((k >= 1158135) AND (k <= 1158235))
	  ->  Bitmap Index Scan on k_2  (cost=0.00..5.47 rows=104 width=0)
	        Index Cond: ((k >= 1158135) AND (k <= 1158235))

table 3 : explain SELECT k, c FROM sbtest3 WHERE k BETWEEN 1158135 AND 1158235
	Bitmap Heap Scan on sbtest3  (cost=5.54..432.98 rows=108 width=125)
	  Recheck Cond: ((k >= 1158135) AND (k <= 1158235))
	  ->  Bitmap Index Scan on k_3  (cost=0.00..5.51 rows=108 width=0)
	        Index Cond: ((k >= 1158135) AND (k <= 1158235))

table 4 : explain SELECT k, c FROM sbtest4 WHERE k BETWEEN 1158135 AND 1158235
	Bitmap Heap Scan on sbtest4  (cost=5.56..440.89 rows=110 width=125)
	  Recheck Cond: ((k >= 1158135) AND (k <= 1158235))
	  ->  Bitmap Index Scan on k_4  (cost=0.00..5.53 rows=110 width=0)
	        Index Cond: ((k >= 1158135) AND (k <= 1158235))

table 5 : explain SELECT k, c FROM sbtest5 WHERE k BETWEEN 1158135 AND 1158235
	Bitmap Heap Scan on sbtest5  (cost=5.55..436.99 rows=109 width=125)
	  Recheck Cond: ((k >= 1158135) AND (k <= 1158235))
	  ->  Bitmap Index Scan on k_5  (cost=0.00..5.52 rows=109 width=0)
	        Index Cond: ((k >= 1158135) AND (k <= 1158235))

table 6 : explain SELECT k, c FROM sbtest6 WHERE k BETWEEN 1158135 AND 1158235
	Bitmap Heap Scan on sbtest6  (cost=5.56..440.90 rows=110 width=125)
	  Recheck Cond: ((k >= 1158135) AND (k <= 1158235))
	  ->  Bitmap Index Scan on k_6  (cost=0.00..5.53 rows=110 width=0)
	        Index Cond: ((k >= 1158135) AND (k <= 1158235))

table 7 : explain SELECT k, c FROM sbtest7 WHERE k BETWEEN 1158135 AND 1158235
	Bitmap Heap Scan on sbtest7  (cost=5.51..421.20 rows=105 width=125)
	  Recheck Cond: ((k >= 1158135) AND (k <= 1158235))
	  ->  Bitmap Index Scan on k_7  (cost=0.00..5.48 rows=105 width=0)
	        Index Cond: ((k >= 1158135) AND (k <= 1158235))

table 8 : explain SELECT k, c FROM sbtest8 WHERE k BETWEEN 1158135 AND 1158235
	Bitmap Heap Scan on sbtest8  (cost=5.59..452.72 rows=113 width=125)
	  Recheck Cond: ((k >= 1158135) AND (k <= 1158235))
	  ->  Bitmap Index Scan on k_8  (cost=0.00..5.56 rows=113 width=0)
	        Index Cond: ((k >= 1158135) AND (k <= 1158235))

for range-notcovered
table 1 : explain SELECT k, c FROM sbtest1 WHERE k BETWEEN 6944435 AND 6944535
	Bitmap Heap Scan on sbtest1  (cost=5.52..425.13 rows=106 width=125)
	  Recheck Cond: ((k >= 6944435) AND (k <= 6944535))
	  ->  Bitmap Index Scan on k_1  (cost=0.00..5.50 rows=106 width=0)
	        Index Cond: ((k >= 6944435) AND (k <= 6944535))

table 2 : explain SELECT k, c FROM sbtest2 WHERE k BETWEEN 6944435 AND 6944535
	Bitmap Heap Scan on sbtest2  (cost=5.52..425.16 rows=106 width=125)
	  Recheck Cond: ((k >= 6944435) AND (k <= 6944535))
	  ->  Bitmap Index Scan on k_2  (cost=0.00..5.50 rows=106 width=0)
	        Index Cond: ((k >= 6944435) AND (k <= 6944535))

table 3 : explain SELECT k, c FROM sbtest3 WHERE k BETWEEN 6944435 AND 6944535
	Bitmap Heap Scan on sbtest3  (cost=5.46..401.45 rows=100 width=125)
	  Recheck Cond: ((k >= 6944435) AND (k <= 6944535))
	  ->  Bitmap Index Scan on k_3  (cost=0.00..5.43 rows=100 width=0)
	        Index Cond: ((k >= 6944435) AND (k <= 6944535))

table 4 : explain SELECT k, c FROM sbtest4 WHERE k BETWEEN 6944435 AND 6944535
	Bitmap Heap Scan on sbtest4  (cost=5.50..417.25 rows=104 width=125)
	  Recheck Cond: ((k >= 6944435) AND (k <= 6944535))
	  ->  Bitmap Index Scan on k_4  (cost=0.00..5.47 rows=104 width=0)
	        Index Cond: ((k >= 6944435) AND (k <= 6944535))

table 5 : explain SELECT k, c FROM sbtest5 WHERE k BETWEEN 6944435 AND 6944535
	Bitmap Heap Scan on sbtest5  (cost=5.47..405.45 rows=101 width=125)
	  Recheck Cond: ((k >= 6944435) AND (k <= 6944535))
	  ->  Bitmap Index Scan on k_5  (cost=0.00..5.44 rows=101 width=0)
	        Index Cond: ((k >= 6944435) AND (k <= 6944535))

table 6 : explain SELECT k, c FROM sbtest6 WHERE k BETWEEN 6944435 AND 6944535
	Bitmap Heap Scan on sbtest6  (cost=5.46..401.49 rows=100 width=125)
	  Recheck Cond: ((k >= 6944435) AND (k <= 6944535))
	  ->  Bitmap Index Scan on k_6  (cost=0.00..5.43 rows=100 width=0)
	        Index Cond: ((k >= 6944435) AND (k <= 6944535))

table 7 : explain SELECT k, c FROM sbtest7 WHERE k BETWEEN 6944435 AND 6944535
	Bitmap Heap Scan on sbtest7  (cost=5.43..389.65 rows=97 width=125)
	  Recheck Cond: ((k >= 6944435) AND (k <= 6944535))
	  ->  Bitmap Index Scan on k_7  (cost=0.00..5.40 rows=97 width=0)
	        Index Cond: ((k >= 6944435) AND (k <= 6944535))

table 8 : explain SELECT k, c FROM sbtest8 WHERE k BETWEEN 6944435 AND 6944535
	Bitmap Heap Scan on sbtest8  (cost=5.55..436.97 rows=109 width=125)
	  Recheck Cond: ((k >= 6944435) AND (k <= 6944535))
	  ->  Bitmap Index Scan on k_8  (cost=0.00..5.52 rows=109 width=0)
	        Index Cond: ((k >= 6944435) AND (k <= 6944535))
for range-notcovered
table 1 : explain SELECT k, c FROM sbtest1 WHERE k BETWEEN 6852626 AND 6852726
	Bitmap Heap Scan on sbtest1  (cost=5.56..440.89 rows=110 width=125)
	  Recheck Cond: ((k >= 6852626) AND (k <= 6852726))
	  ->  Bitmap Index Scan on k_1  (cost=0.00..5.53 rows=110 width=0)
	        Index Cond: ((k >= 6852626) AND (k <= 6852726))

table 2 : explain SELECT k, c FROM sbtest2 WHERE k BETWEEN 6852626 AND 6852726
	Bitmap Heap Scan on sbtest2  (cost=5.51..421.22 rows=105 width=125)
	  Recheck Cond: ((k >= 6852626) AND (k <= 6852726))
	  ->  Bitmap Index Scan on k_2  (cost=0.00..5.48 rows=105 width=0)
	        Index Cond: ((k >= 6852626) AND (k <= 6852726))

table 3 : explain SELECT k, c FROM sbtest3 WHERE k BETWEEN 6852626 AND 6852726
	Bitmap Heap Scan on sbtest3  (cost=5.48..409.34 rows=102 width=125)
	  Recheck Cond: ((k >= 6852626) AND (k <= 6852726))
	  ->  Bitmap Index Scan on k_3  (cost=0.00..5.45 rows=102 width=0)
	        Index Cond: ((k >= 6852626) AND (k <= 6852726))

table 4 : explain SELECT k, c FROM sbtest4 WHERE k BETWEEN 6852626 AND 6852726
	Bitmap Heap Scan on sbtest4  (cost=5.51..421.19 rows=105 width=125)
	  Recheck Cond: ((k >= 6852626) AND (k <= 6852726))
	  ->  Bitmap Index Scan on k_4  (cost=0.00..5.48 rows=105 width=0)
	        Index Cond: ((k >= 6852626) AND (k <= 6852726))

table 5 : explain SELECT k, c FROM sbtest5 WHERE k BETWEEN 6852626 AND 6852726
	Bitmap Heap Scan on sbtest5  (cost=5.46..401.51 rows=100 width=125)
	  Recheck Cond: ((k >= 6852626) AND (k <= 6852726))
	  ->  Bitmap Index Scan on k_5  (cost=0.00..5.43 rows=100 width=0)
	        Index Cond: ((k >= 6852626) AND (k <= 6852726))

table 6 : explain SELECT k, c FROM sbtest6 WHERE k BETWEEN 6852626 AND 6852726
	Bitmap Heap Scan on sbtest6  (cost=5.53..429.08 rows=107 width=125)
	  Recheck Cond: ((k >= 6852626) AND (k <= 6852726))
	  ->  Bitmap Index Scan on k_6  (cost=0.00..5.50 rows=107 width=0)
	        Index Cond: ((k >= 6852626) AND (k <= 6852726))

table 7 : explain SELECT k, c FROM sbtest7 WHERE k BETWEEN 6852626 AND 6852726
	Bitmap Heap Scan on sbtest7  (cost=5.46..401.49 rows=100 width=125)
	  Recheck Cond: ((k >= 6852626) AND (k <= 6852726))
	  ->  Bitmap Index Scan on k_7  (cost=0.00..5.43 rows=100 width=0)
	        Index Cond: ((k >= 6852626) AND (k <= 6852726))

table 8 : explain SELECT k, c FROM sbtest8 WHERE k BETWEEN 6852626 AND 6852726
	Bitmap Heap Scan on sbtest8  (cost=5.46..401.49 rows=100 width=125)
	  Recheck Cond: ((k >= 6852626) AND (k <= 6852726))
	  ->  Bitmap Index Scan on k_8  (cost=0.00..5.43 rows=100 width=0)
	        Index Cond: ((k >= 6852626) AND (k <= 6852726))

for range-notcovered
table 1 : explain SELECT k, c FROM sbtest1 WHERE k BETWEEN 7966267 AND 7966367
	Bitmap Heap Scan on sbtest1  (cost=5.48..409.37 rows=102 width=125)
	  Recheck Cond: ((k >= 7966267) AND (k <= 7966367))
	  ->  Bitmap Index Scan on k_1  (cost=0.00..5.45 rows=102 width=0)
	        Index Cond: ((k >= 7966267) AND (k <= 7966367))

table 2 : explain SELECT k, c FROM sbtest2 WHERE k BETWEEN 7966267 AND 7966367
	Bitmap Heap Scan on sbtest2  (cost=5.49..413.34 rows=103 width=125)
	  Recheck Cond: ((k >= 7966267) AND (k <= 7966367))
	  ->  Bitmap Index Scan on k_2  (cost=0.00..5.46 rows=103 width=0)
	        Index Cond: ((k >= 7966267) AND (k <= 7966367))

table 3 : explain SELECT k, c FROM sbtest3 WHERE k BETWEEN 7966267 AND 7966367
	Bitmap Heap Scan on sbtest3  (cost=5.51..421.16 rows=105 width=125)
	  Recheck Cond: ((k >= 7966267) AND (k <= 7966367))
	  ->  Bitmap Index Scan on k_3  (cost=0.00..5.48 rows=105 width=0)
	        Index Cond: ((k >= 7966267) AND (k <= 7966367))

table 4 : explain SELECT k, c FROM sbtest4 WHERE k BETWEEN 7966267 AND 7966367
	Bitmap Heap Scan on sbtest4  (cost=5.46..401.48 rows=100 width=125)
	  Recheck Cond: ((k >= 7966267) AND (k <= 7966367))
	  ->  Bitmap Index Scan on k_4  (cost=0.00..5.43 rows=100 width=0)
	        Index Cond: ((k >= 7966267) AND (k <= 7966367))

table 5 : explain SELECT k, c FROM sbtest5 WHERE k BETWEEN 7966267 AND 7966367
	Bitmap Heap Scan on sbtest5  (cost=5.42..385.73 rows=96 width=125)
	  Recheck Cond: ((k >= 7966267) AND (k <= 7966367))
	  ->  Bitmap Index Scan on k_5  (cost=0.00..5.39 rows=96 width=0)
	        Index Cond: ((k >= 7966267) AND (k <= 7966367))

table 6 : explain SELECT k, c FROM sbtest6 WHERE k BETWEEN 7966267 AND 7966367
	Bitmap Heap Scan on sbtest6  (cost=5.42..385.71 rows=96 width=125)
	  Recheck Cond: ((k >= 7966267) AND (k <= 7966367))
	  ->  Bitmap Index Scan on k_6  (cost=0.00..5.39 rows=96 width=0)
	        Index Cond: ((k >= 7966267) AND (k <= 7966367))

table 7 : explain SELECT k, c FROM sbtest7 WHERE k BETWEEN 7966267 AND 7966367
	Bitmap Heap Scan on sbtest7  (cost=5.52..425.14 rows=106 width=125)
	  Recheck Cond: ((k >= 7966267) AND (k <= 7966367))
	  ->  Bitmap Index Scan on k_7  (cost=0.00..5.50 rows=106 width=0)
	        Index Cond: ((k >= 7966267) AND (k <= 7966367))

table 8 : explain SELECT k, c FROM sbtest8 WHERE k BETWEEN 7966267 AND 7966367
	Bitmap Heap Scan on sbtest8  (cost=5.50..417.26 rows=104 width=125)
	  Recheck Cond: ((k >= 7966267) AND (k <= 7966367))
	  ->  Bitmap Index Scan on k_8  (cost=0.00..5.47 rows=104 width=0)
	        Index Cond: ((k >= 7966267) AND (k <= 7966367))

for range-notcovered
table 1 : explain SELECT k, c FROM sbtest1 WHERE k BETWEEN 3282562 AND 3282662
	Bitmap Heap Scan on sbtest1  (cost=5.45..397.54 rows=99 width=125)
	  Recheck Cond: ((k >= 3282562) AND (k <= 3282662))
	  ->  Bitmap Index Scan on k_1  (cost=0.00..5.42 rows=99 width=0)
	        Index Cond: ((k >= 3282562) AND (k <= 3282662))

table 2 : explain SELECT k, c FROM sbtest2 WHERE k BETWEEN 3282562 AND 3282662
	Bitmap Heap Scan on sbtest2  (cost=5.44..393.62 rows=98 width=125)
	  Recheck Cond: ((k >= 3282562) AND (k <= 3282662))
	  ->  Bitmap Index Scan on k_2  (cost=0.00..5.42 rows=98 width=0)
	        Index Cond: ((k >= 3282562) AND (k <= 3282662))

table 3 : explain SELECT k, c FROM sbtest3 WHERE k BETWEEN 3282562 AND 3282662
	Bitmap Heap Scan on sbtest3  (cost=5.49..413.28 rows=103 width=125)
	  Recheck Cond: ((k >= 3282562) AND (k <= 3282662))
	  ->  Bitmap Index Scan on k_3  (cost=0.00..5.46 rows=103 width=0)
	        Index Cond: ((k >= 3282562) AND (k <= 3282662))

table 4 : explain SELECT k, c FROM sbtest4 WHERE k BETWEEN 3282562 AND 3282662
	Bitmap Heap Scan on sbtest4  (cost=5.52..425.13 rows=106 width=125)
	  Recheck Cond: ((k >= 3282562) AND (k <= 3282662))
	  ->  Bitmap Index Scan on k_4  (cost=0.00..5.50 rows=106 width=0)
	        Index Cond: ((k >= 3282562) AND (k <= 3282662))

table 5 : explain SELECT k, c FROM sbtest5 WHERE k BETWEEN 3282562 AND 3282662
	Bitmap Heap Scan on sbtest5  (cost=5.50..417.28 rows=104 width=125)
	  Recheck Cond: ((k >= 3282562) AND (k <= 3282662))
	  ->  Bitmap Index Scan on k_5  (cost=0.00..5.47 rows=104 width=0)
	        Index Cond: ((k >= 3282562) AND (k <= 3282662))

table 6 : explain SELECT k, c FROM sbtest6 WHERE k BETWEEN 3282562 AND 3282662
	Bitmap Heap Scan on sbtest6  (cost=5.41..381.77 rows=95 width=125)
	  Recheck Cond: ((k >= 3282562) AND (k <= 3282662))
	  ->  Bitmap Index Scan on k_6  (cost=0.00..5.38 rows=95 width=0)
	        Index Cond: ((k >= 3282562) AND (k <= 3282662))

table 7 : explain SELECT k, c FROM sbtest7 WHERE k BETWEEN 3282562 AND 3282662
	Bitmap Heap Scan on sbtest7  (cost=5.42..385.71 rows=96 width=125)
	  Recheck Cond: ((k >= 3282562) AND (k <= 3282662))
	  ->  Bitmap Index Scan on k_7  (cost=0.00..5.39 rows=96 width=0)
	        Index Cond: ((k >= 3282562) AND (k <= 3282662))

table 8 : explain SELECT k, c FROM sbtest8 WHERE k BETWEEN 3282562 AND 3282662
	Bitmap Heap Scan on sbtest8  (cost=5.57..444.85 rows=111 width=125)
	  Recheck Cond: ((k >= 3282562) AND (k <= 3282662))
	  ->  Bitmap Index Scan on k_8  (cost=0.00..5.54 rows=111 width=0)
	        Index Cond: ((k >= 3282562) AND (k <= 3282662))

for range-notcovered
table 1 : explain SELECT k, c FROM sbtest1 WHERE k BETWEEN 5037207 AND 5037307
	Bitmap Heap Scan on sbtest1  (cost=5.48..409.37 rows=102 width=125)
	  Recheck Cond: ((k >= 5037207) AND (k <= 5037307))
	  ->  Bitmap Index Scan on k_1  (cost=0.00..5.45 rows=102 width=0)
	        Index Cond: ((k >= 5037207) AND (k <= 5037307))

table 2 : explain SELECT k, c FROM sbtest2 WHERE k BETWEEN 5037207 AND 5037307
	Bitmap Heap Scan on sbtest2  (cost=5.50..417.28 rows=104 width=125)
	  Recheck Cond: ((k >= 5037207) AND (k <= 5037307))
	  ->  Bitmap Index Scan on k_2  (cost=0.00..5.47 rows=104 width=0)
	        Index Cond: ((k >= 5037207) AND (k <= 5037307))

table 3 : explain SELECT k, c FROM sbtest3 WHERE k BETWEEN 5037207 AND 5037307
	Bitmap Heap Scan on sbtest3  (cost=5.52..425.10 rows=106 width=125)
	  Recheck Cond: ((k >= 5037207) AND (k <= 5037307))
	  ->  Bitmap Index Scan on k_3  (cost=0.00..5.50 rows=106 width=0)
	        Index Cond: ((k >= 5037207) AND (k <= 5037307))

table 4 : explain SELECT k, c FROM sbtest4 WHERE k BETWEEN 5037207 AND 5037307
	Bitmap Heap Scan on sbtest4  (cost=5.53..429.07 rows=107 width=125)
	  Recheck Cond: ((k >= 5037207) AND (k <= 5037307))
	  ->  Bitmap Index Scan on k_4  (cost=0.00..5.50 rows=107 width=0)
	        Index Cond: ((k >= 5037207) AND (k <= 5037307))

table 5 : explain SELECT k, c FROM sbtest5 WHERE k BETWEEN 5037207 AND 5037307
	Bitmap Heap Scan on sbtest5  (cost=5.48..409.40 rows=102 width=125)
	  Recheck Cond: ((k >= 5037207) AND (k <= 5037307))
	  ->  Bitmap Index Scan on k_5  (cost=0.00..5.45 rows=102 width=0)
	        Index Cond: ((k >= 5037207) AND (k <= 5037307))

table 6 : explain SELECT k, c FROM sbtest6 WHERE k BETWEEN 5037207 AND 5037307
	Bitmap Heap Scan on sbtest6  (cost=5.51..421.20 rows=105 width=125)
	  Recheck Cond: ((k >= 5037207) AND (k <= 5037307))
	  ->  Bitmap Index Scan on k_6  (cost=0.00..5.48 rows=105 width=0)
	        Index Cond: ((k >= 5037207) AND (k <= 5037307))

table 7 : explain SELECT k, c FROM sbtest7 WHERE k BETWEEN 5037207 AND 5037307
	Bitmap Heap Scan on sbtest7  (cost=5.51..421.20 rows=105 width=125)
	  Recheck Cond: ((k >= 5037207) AND (k <= 5037307))
	  ->  Bitmap Index Scan on k_7  (cost=0.00..5.48 rows=105 width=0)
	        Index Cond: ((k >= 5037207) AND (k <= 5037307))

table 8 : explain SELECT k, c FROM sbtest8 WHERE k BETWEEN 5037207 AND 5037307
	Bitmap Heap Scan on sbtest8  (cost=5.53..429.09 rows=107 width=125)
	  Recheck Cond: ((k >= 5037207) AND (k <= 5037307))
	  ->  Bitmap Index Scan on k_8  (cost=0.00..5.50 rows=107 width=0)
	        Index Cond: ((k >= 5037207) AND (k <= 5037307))


for range-notcovered
table 1 : explain SELECT k, c FROM sbtest1 WHERE k BETWEEN 3763505 AND 3763605
	Bitmap Heap Scan on sbtest1  (cost=5.46..401.48 rows=100 width=125)
	  Recheck Cond: ((k >= 3763505) AND (k <= 3763605))
	  ->  Bitmap Index Scan on k_1  (cost=0.00..5.43 rows=100 width=0)
	        Index Cond: ((k >= 3763505) AND (k <= 3763605))

table 2 : explain SELECT k, c FROM sbtest2 WHERE k BETWEEN 3763505 AND 3763605
	Bitmap Heap Scan on sbtest2  (cost=5.46..401.51 rows=100 width=125)
	  Recheck Cond: ((k >= 3763505) AND (k <= 3763605))
	  ->  Bitmap Index Scan on k_2  (cost=0.00..5.43 rows=100 width=0)
	        Index Cond: ((k >= 3763505) AND (k <= 3763605))

table 3 : explain SELECT k, c FROM sbtest3 WHERE k BETWEEN 3763505 AND 3763605
	Bitmap Heap Scan on sbtest3  (cost=5.55..436.92 rows=109 width=125)
	  Recheck Cond: ((k >= 3763505) AND (k <= 3763605))
	  ->  Bitmap Index Scan on k_3  (cost=0.00..5.52 rows=109 width=0)
	        Index Cond: ((k >= 3763505) AND (k <= 3763605))

table 4 : explain SELECT k, c FROM sbtest4 WHERE k BETWEEN 3763505 AND 3763605
	Bitmap Heap Scan on sbtest4  (cost=5.41..381.76 rows=95 width=125)
	  Recheck Cond: ((k >= 3763505) AND (k <= 3763605))
	  ->  Bitmap Index Scan on k_4  (cost=0.00..5.38 rows=95 width=0)
	        Index Cond: ((k >= 3763505) AND (k <= 3763605))

table 5 : explain SELECT k, c FROM sbtest5 WHERE k BETWEEN 3763505 AND 3763605
	Bitmap Heap Scan on sbtest5  (cost=5.54..433.05 rows=108 width=125)
	  Recheck Cond: ((k >= 3763505) AND (k <= 3763605))
	  ->  Bitmap Index Scan on k_5  (cost=0.00..5.51 rows=108 width=0)
	        Index Cond: ((k >= 3763505) AND (k <= 3763605))

table 6 : explain SELECT k, c FROM sbtest6 WHERE k BETWEEN 3763505 AND 3763605
	Bitmap Heap Scan on sbtest6  (cost=5.50..417.26 rows=104 width=125)
	  Recheck Cond: ((k >= 3763505) AND (k <= 3763605))
	  ->  Bitmap Index Scan on k_6  (cost=0.00..5.47 rows=104 width=0)
	        Index Cond: ((k >= 3763505) AND (k <= 3763605))

table 7 : explain SELECT k, c FROM sbtest7 WHERE k BETWEEN 3763505 AND 3763605
	Bitmap Heap Scan on sbtest7  (cost=5.44..393.60 rows=98 width=125)
	  Recheck Cond: ((k >= 3763505) AND (k <= 3763605))
	  ->  Bitmap Index Scan on k_7  (cost=0.00..5.42 rows=98 width=0)
	        Index Cond: ((k >= 3763505) AND (k <= 3763605))

table 8 : explain SELECT k, c FROM sbtest8 WHERE k BETWEEN 3763505 AND 3763605
	Bitmap Heap Scan on sbtest8  (cost=5.44..393.61 rows=98 width=125)
	  Recheck Cond: ((k >= 3763505) AND (k <= 3763605))
	  ->  Bitmap Index Scan on k_8  (cost=0.00..5.42 rows=98 width=0)
	        Index Cond: ((k >= 3763505) AND (k <= 3763605))
for range-notcovered
table 1 : explain SELECT k, c FROM sbtest1 WHERE k BETWEEN 7490797 AND 7490897
	Bitmap Heap Scan on sbtest1  (cost=5.44..393.59 rows=98 width=125)
	  Recheck Cond: ((k >= 7490797) AND (k <= 7490897))
	  ->  Bitmap Index Scan on k_1  (cost=0.00..5.42 rows=98 width=0)
	        Index Cond: ((k >= 7490797) AND (k <= 7490897))

table 2 : explain SELECT k, c FROM sbtest2 WHERE k BETWEEN 7490797 AND 7490897
	Bitmap Heap Scan on sbtest2  (cost=5.46..401.51 rows=100 width=125)
	  Recheck Cond: ((k >= 7490797) AND (k <= 7490897))
	  ->  Bitmap Index Scan on k_2  (cost=0.00..5.43 rows=100 width=0)
	        Index Cond: ((k >= 7490797) AND (k <= 7490897))

table 3 : explain SELECT k, c FROM sbtest3 WHERE k BETWEEN 7490797 AND 7490897
	Bitmap Heap Scan on sbtest3  (cost=5.54..432.98 rows=108 width=125)
	  Recheck Cond: ((k >= 7490797) AND (k <= 7490897))
	  ->  Bitmap Index Scan on k_3  (cost=0.00..5.51 rows=108 width=0)
	        Index Cond: ((k >= 7490797) AND (k <= 7490897))

table 4 : explain SELECT k, c FROM sbtest4 WHERE k BETWEEN 7490797 AND 7490897
	Bitmap Heap Scan on sbtest4  (cost=5.44..393.59 rows=98 width=125)
	  Recheck Cond: ((k >= 7490797) AND (k <= 7490897))
	  ->  Bitmap Index Scan on k_4  (cost=0.00..5.42 rows=98 width=0)
	        Index Cond: ((k >= 7490797) AND (k <= 7490897))

table 5 : explain SELECT k, c FROM sbtest5 WHERE k BETWEEN 7490797 AND 7490897
	Bitmap Heap Scan on sbtest5  (cost=5.35..358.11 rows=89 width=125)
	  Recheck Cond: ((k >= 7490797) AND (k <= 7490897))
	  ->  Bitmap Index Scan on k_5  (cost=0.00..5.32 rows=89 width=0)
	        Index Cond: ((k >= 7490797) AND (k <= 7490897))

table 6 : explain SELECT k, c FROM sbtest6 WHERE k BETWEEN 7490797 AND 7490897
	Bitmap Heap Scan on sbtest6  (cost=5.49..413.31 rows=103 width=125)
	  Recheck Cond: ((k >= 7490797) AND (k <= 7490897))
	  ->  Bitmap Index Scan on k_6  (cost=0.00..5.46 rows=103 width=0)
	        Index Cond: ((k >= 7490797) AND (k <= 7490897))

table 7 : explain SELECT k, c FROM sbtest7 WHERE k BETWEEN 7490797 AND 7490897
	Bitmap Heap Scan on sbtest7  (cost=5.42..385.71 rows=96 width=125)
	  Recheck Cond: ((k >= 7490797) AND (k <= 7490897))
	  ->  Bitmap Index Scan on k_7  (cost=0.00..5.39 rows=96 width=0)
	        Index Cond: ((k >= 7490797) AND (k <= 7490897))

table 8 : explain SELECT k, c FROM sbtest8 WHERE k BETWEEN 7490797 AND 7490897
	Bitmap Heap Scan on sbtest8  (cost=5.47..405.44 rows=101 width=125)
	  Recheck Cond: ((k >= 7490797) AND (k <= 7490897))
	  ->  Bitmap Index Scan on k_8  (cost=0.00..5.44 rows=101 width=0)
	        Index Cond: ((k >= 7490797) AND (k <= 7490897))
explain: for range-notcovered :: explain SELECT k, c FROM sbtest%d WHERE k BETWEEN 6852626 AND 6852726
explain: for range-notcovered :: explain SELECT k, c FROM sbtest%d WHERE k BETWEEN 5964910 AND 5965010
for range-notcovered
table 1 : explain SELECT k, c FROM sbtest1 WHERE k BETWEEN 4875382 AND 4875482
	Bitmap Heap Scan on sbtest1  (cost=5.58..448.77 rows=112 width=125)
	  Recheck Cond: ((k >= 4875382) AND (k <= 4875482))
	  ->  Bitmap Index Scan on k_1  (cost=0.00..5.55 rows=112 width=0)
	        Index Cond: ((k >= 4875382) AND (k <= 4875482))

table 2 : explain SELECT k, c FROM sbtest2 WHERE k BETWEEN 4875382 AND 4875482
	Bitmap Heap Scan on sbtest2  (cost=5.45..397.57 rows=99 width=125)
	  Recheck Cond: ((k >= 4875382) AND (k <= 4875482))
	  ->  Bitmap Index Scan on k_2  (cost=0.00..5.42 rows=99 width=0)
	        Index Cond: ((k >= 4875382) AND (k <= 4875482))

table 3 : explain SELECT k, c FROM sbtest3 WHERE k BETWEEN 4875382 AND 4875482
	Bitmap Heap Scan on sbtest3  (cost=5.43..389.62 rows=97 width=125)
	  Recheck Cond: ((k >= 4875382) AND (k <= 4875482))
	  ->  Bitmap Index Scan on k_3  (cost=0.00..5.40 rows=97 width=0)
	        Index Cond: ((k >= 4875382) AND (k <= 4875482))

table 4 : explain SELECT k, c FROM sbtest4 WHERE k BETWEEN 4875382 AND 4875482
	Bitmap Heap Scan on sbtest4  (cost=5.44..393.59 rows=98 width=125)
	  Recheck Cond: ((k >= 4875382) AND (k <= 4875482))
	  ->  Bitmap Index Scan on k_4  (cost=0.00..5.42 rows=98 width=0)
	        Index Cond: ((k >= 4875382) AND (k <= 4875482))

table 5 : explain SELECT k, c FROM sbtest5 WHERE k BETWEEN 4875382 AND 4875482
	Bitmap Heap Scan on sbtest5  (cost=5.47..405.45 rows=101 width=125)
	  Recheck Cond: ((k >= 4875382) AND (k <= 4875482))
	  ->  Bitmap Index Scan on k_5  (cost=0.00..5.44 rows=101 width=0)
	        Index Cond: ((k >= 4875382) AND (k <= 4875482))

table 6 : explain SELECT k, c FROM sbtest6 WHERE k BETWEEN 4875382 AND 4875482
	Bitmap Heap Scan on sbtest6  (cost=5.45..397.54 rows=99 width=125)
	  Recheck Cond: ((k >= 4875382) AND (k <= 4875482))
	  ->  Bitmap Index Scan on k_6  (cost=0.00..5.42 rows=99 width=0)
	        Index Cond: ((k >= 4875382) AND (k <= 4875482))

table 7 : explain SELECT k, c FROM sbtest7 WHERE k BETWEEN 4875382 AND 4875482
	Bitmap Heap Scan on sbtest7  (cost=5.47..405.43 rows=101 width=125)
	  Recheck Cond: ((k >= 4875382) AND (k <= 4875482))
	  ->  Bitmap Index Scan on k_7  (cost=0.00..5.44 rows=101 width=0)
	        Index Cond: ((k >= 4875382) AND (k <= 4875482))

table 8 : explain SELECT k, c FROM sbtest8 WHERE k BETWEEN 4875382 AND 4875482
	Bitmap Heap Scan on sbtest8  (cost=5.39..373.88 rows=93 width=125)
	  Recheck Cond: ((k >= 4875382) AND (k <= 4875482))
	  ->  Bitmap Index Scan on k_8  (cost=0.00..5.36 rows=93 width=0)
	        Index Cond: ((k >= 4875382) AND (k <= 4875482))
explain: for range-notcovered :: explain SELECT k, c FROM sbtest%d WHERE k BETWEEN 5037207 AND 5037307

for range-notcovered
table 1 : explain SELECT k, c FROM sbtest1 WHERE k BETWEEN 7541855 AND 7541955
	Bitmap Heap Scan on sbtest1  (cost=5.43..389.65 rows=97 width=125)
	  Recheck Cond: ((k >= 7541855) AND (k <= 7541955))
	  ->  Bitmap Index Scan on k_1  (cost=0.00..5.40 rows=97 width=0)
	        Index Cond: ((k >= 7541855) AND (k <= 7541955))

table 2 : explain SELECT k, c FROM sbtest2 WHERE k BETWEEN 7541855 AND 7541955
	Bitmap Heap Scan on sbtest2  (cost=5.42..385.73 rows=96 width=125)
	  Recheck Cond: ((k >= 7541855) AND (k <= 7541955))
	  ->  Bitmap Index Scan on k_2  (cost=0.00..5.39 rows=96 width=0)
	        Index Cond: ((k >= 7541855) AND (k <= 7541955))

table 3 : explain SELECT k, c FROM sbtest3 WHERE k BETWEEN 7541855 AND 7541955
	Bitmap Heap Scan on sbtest3  (cost=5.54..432.98 rows=108 width=125)
	  Recheck Cond: ((k >= 7541855) AND (k <= 7541955))
	  ->  Bitmap Index Scan on k_3  (cost=0.00..5.51 rows=108 width=0)
	        Index Cond: ((k >= 7541855) AND (k <= 7541955))

table 4 : explain SELECT k, c FROM sbtest4 WHERE k BETWEEN 7541855 AND 7541955
	Bitmap Heap Scan on sbtest4  (cost=5.44..393.59 rows=98 width=125)
	  Recheck Cond: ((k >= 7541855) AND (k <= 7541955))
	  ->  Bitmap Index Scan on k_4  (cost=0.00..5.42 rows=98 width=0)
	        Index Cond: ((k >= 7541855) AND (k <= 7541955))

table 5 : explain SELECT k, c FROM sbtest5 WHERE k BETWEEN 7541855 AND 7541955
	Bitmap Heap Scan on sbtest5  (cost=5.55..436.99 rows=109 width=125)
	  Recheck Cond: ((k >= 7541855) AND (k <= 7541955))
	  ->  Bitmap Index Scan on k_5  (cost=0.00..5.52 rows=109 width=0)
	        Index Cond: ((k >= 7541855) AND (k <= 7541955))

table 6 : explain SELECT k, c FROM sbtest6 WHERE k BETWEEN 7541855 AND 7541955
	Bitmap Heap Scan on sbtest6  (cost=5.48..409.37 rows=102 width=125)
	  Recheck Cond: ((k >= 7541855) AND (k <= 7541955))
	  ->  Bitmap Index Scan on k_6  (cost=0.00..5.45 rows=102 width=0)
	        Index Cond: ((k >= 7541855) AND (k <= 7541955))

table 7 : explain SELECT k, c FROM sbtest7 WHERE k BETWEEN 7541855 AND 7541955
	Bitmap Heap Scan on sbtest7  (cost=5.53..429.08 rows=107 width=125)
	  Recheck Cond: ((k >= 7541855) AND (k <= 7541955))
	  ->  Bitmap Index Scan on k_7  (cost=0.00..5.50 rows=107 width=0)
	        Index Cond: ((k >= 7541855) AND (k <= 7541955))

table 8 : explain SELECT k, c FROM sbtest8 WHERE k BETWEEN 7541855 AND 7541955
	Bitmap Heap Scan on sbtest8  (cost=5.47..405.44 rows=101 width=125)
	  Recheck Cond: ((k >= 7541855) AND (k <= 7541955))
	  ->  Bitmap Index Scan on k_8  (cost=0.00..5.44 rows=101 width=0)
	        Index Cond: ((k >= 7541855) AND (k <= 7541955))

explain: for range-notcovered :: explain SELECT k, c FROM sbtest%d WHERE k BETWEEN 8146709 AND 8146809
explain: for range-notcovered :: explain SELECT k, c FROM sbtest%d WHERE k BETWEEN 5419310 AND 5419410
explain: for range-notcovered :: explain SELECT k, c FROM sbtest%d WHERE k BETWEEN 1868326 AND 1868426
for range-notcovered
table 1 : explain SELECT k, c FROM sbtest1 WHERE k BETWEEN 4815064 AND 4815164
	Bitmap Heap Scan on sbtest1  (cost=5.58..448.77 rows=112 width=125)
	  Recheck Cond: ((k >= 4815064) AND (k <= 4815164))
	  ->  Bitmap Index Scan on k_1  (cost=0.00..5.55 rows=112 width=0)
	        Index Cond: ((k >= 4815064) AND (k <= 4815164))

table 2 : explain SELECT k, c FROM sbtest2 WHERE k BETWEEN 4815064 AND 4815164
	Bitmap Heap Scan on sbtest2  (cost=5.49..413.34 rows=103 width=125)
	  Recheck Cond: ((k >= 4815064) AND (k <= 4815164))
	  ->  Bitmap Index Scan on k_2  (cost=0.00..5.46 rows=103 width=0)
	        Index Cond: ((k >= 4815064) AND (k <= 4815164))

table 3 : explain SELECT k, c FROM sbtest3 WHERE k BETWEEN 4815064 AND 4815164
	Bitmap Heap Scan on sbtest3  (cost=5.48..409.34 rows=102 width=125)
	  Recheck Cond: ((k >= 4815064) AND (k <= 4815164))
	  ->  Bitmap Index Scan on k_3  (cost=0.00..5.45 rows=102 width=0)
	        Index Cond: ((k >= 4815064) AND (k <= 4815164))

table 4 : explain SELECT k, c FROM sbtest4 WHERE k BETWEEN 4815064 AND 4815164
	Bitmap Heap Scan on sbtest4  (cost=5.43..389.65 rows=97 width=125)
	  Recheck Cond: ((k >= 4815064) AND (k <= 4815164))
	  ->  Bitmap Index Scan on k_4  (cost=0.00..5.40 rows=97 width=0)
	        Index Cond: ((k >= 4815064) AND (k <= 4815164))

table 5 : explain SELECT k, c FROM sbtest5 WHERE k BETWEEN 4815064 AND 4815164
	Bitmap Heap Scan on sbtest5  (cost=5.47..405.45 rows=101 width=125)
	  Recheck Cond: ((k >= 4815064) AND (k <= 4815164))
	  ->  Bitmap Index Scan on k_5  (cost=0.00..5.44 rows=101 width=0)
	        Index Cond: ((k >= 4815064) AND (k <= 4815164))

table 6 : explain SELECT k, c FROM sbtest6 WHERE k BETWEEN 4815064 AND 4815164
	Bitmap Heap Scan on sbtest6  (cost=5.45..397.54 rows=99 width=125)
	  Recheck Cond: ((k >= 4815064) AND (k <= 4815164))
	  ->  Bitmap Index Scan on k_6  (cost=0.00..5.42 rows=99 width=0)
	        Index Cond: ((k >= 4815064) AND (k <= 4815164))

table 7 : explain SELECT k, c FROM sbtest7 WHERE k BETWEEN 4815064 AND 4815164
	Bitmap Heap Scan on sbtest7  (cost=5.47..405.43 rows=101 width=125)
	  Recheck Cond: ((k >= 4815064) AND (k <= 4815164))
	  ->  Bitmap Index Scan on k_7  (cost=0.00..5.44 rows=101 width=0)
	        Index Cond: ((k >= 4815064) AND (k <= 4815164))

table 8 : explain SELECT k, c FROM sbtest8 WHERE k BETWEEN 4815064 AND 4815164
	Bitmap Heap Scan on sbtest8  (cost=5.46..401.49 rows=100 width=125)
	  Recheck Cond: ((k >= 4815064) AND (k <= 4815164))
	  ->  Bitmap Index Scan on k_8  (cost=0.00..5.43 rows=100 width=0)
	        Index Cond: ((k >= 4815064) AND (k <= 4815164))
for range-notcovered
table 1 : explain SELECT k, c FROM sbtest1 WHERE k BETWEEN 1458180 AND 1458280
	Bitmap Heap Scan on sbtest1  (cost=5.48..409.37 rows=102 width=125)
	  Recheck Cond: ((k >= 1458180) AND (k <= 1458280))
	  ->  Bitmap Index Scan on k_1  (cost=0.00..5.45 rows=102 width=0)
	        Index Cond: ((k >= 1458180) AND (k <= 1458280))

table 2 : explain SELECT k, c FROM sbtest2 WHERE k BETWEEN 1458180 AND 1458280
	Bitmap Heap Scan on sbtest2  (cost=5.51..421.22 rows=105 width=125)
	  Recheck Cond: ((k >= 1458180) AND (k <= 1458280))
	  ->  Bitmap Index Scan on k_2  (cost=0.00..5.48 rows=105 width=0)
	        Index Cond: ((k >= 1458180) AND (k <= 1458280))

table 3 : explain SELECT k, c FROM sbtest3 WHERE k BETWEEN 1458180 AND 1458280
	Bitmap Heap Scan on sbtest3  (cost=5.50..417.22 rows=104 width=125)
	  Recheck Cond: ((k >= 1458180) AND (k <= 1458280))
	  ->  Bitmap Index Scan on k_3  (cost=0.00..5.47 rows=104 width=0)
	        Index Cond: ((k >= 1458180) AND (k <= 1458280))

table 4 : explain SELECT k, c FROM sbtest4 WHERE k BETWEEN 1458180 AND 1458280
	Bitmap Heap Scan on sbtest4  (cost=5.52..425.13 rows=106 width=125)
	  Recheck Cond: ((k >= 1458180) AND (k <= 1458280))
	  ->  Bitmap Index Scan on k_4  (cost=0.00..5.50 rows=106 width=0)
	        Index Cond: ((k >= 1458180) AND (k <= 1458280))

table 5 : explain SELECT k, c FROM sbtest5 WHERE k BETWEEN 1458180 AND 1458280
	Bitmap Heap Scan on sbtest5  (cost=5.51..421.22 rows=105 width=125)
	  Recheck Cond: ((k >= 1458180) AND (k <= 1458280))
	  ->  Bitmap Index Scan on k_5  (cost=0.00..5.48 rows=105 width=0)
	        Index Cond: ((k >= 1458180) AND (k <= 1458280))

table 6 : explain SELECT k, c FROM sbtest6 WHERE k BETWEEN 1458180 AND 1458280
	Bitmap Heap Scan on sbtest6  (cost=5.45..397.54 rows=99 width=125)
	  Recheck Cond: ((k >= 1458180) AND (k <= 1458280))
	  ->  Bitmap Index Scan on k_6  (cost=0.00..5.42 rows=99 width=0)
	        Index Cond: ((k >= 1458180) AND (k <= 1458280))

table 7 : explain SELECT k, c FROM sbtest7 WHERE k BETWEEN 1458180 AND 1458280
	Bitmap Heap Scan on sbtest7  (cost=5.53..429.08 rows=107 width=125)
	  Recheck Cond: ((k >= 1458180) AND (k <= 1458280))
	  ->  Bitmap Index Scan on k_7  (cost=0.00..5.50 rows=107 width=0)
	        Index Cond: ((k >= 1458180) AND (k <= 1458280))

table 8 : explain SELECT k, c FROM sbtest8 WHERE k BETWEEN 1458180 AND 1458280
	Bitmap Heap Scan on sbtest8  (cost=5.43..389.66 rows=97 width=125)
	  Recheck Cond: ((k >= 1458180) AND (k <= 1458280))
	  ->  Bitmap Index Scan on k_8  (cost=0.00..5.40 rows=97 width=0)
	        Index Cond: ((k >= 1458180) AND (k <= 1458280))


explain: for range-notcovered :: explain SELECT k, c FROM sbtest%d WHERE k BETWEEN 7541855 AND 7541955
for range-notcovered
table 1 : explain SELECT k, c FROM sbtest1 WHERE k BETWEEN 3406885 AND 3406985
	Bitmap Heap Scan on sbtest1  (cost=5.61..460.58 rows=115 width=125)
	  Recheck Cond: ((k >= 3406885) AND (k <= 3406985))
	  ->  Bitmap Index Scan on k_1  (cost=0.00..5.58 rows=115 width=0)
	        Index Cond: ((k >= 3406885) AND (k <= 3406985))

table 2 : explain SELECT k, c FROM sbtest2 WHERE k BETWEEN 3406885 AND 3406985
	Bitmap Heap Scan on sbtest2  (cost=5.48..409.40 rows=102 width=125)
	  Recheck Cond: ((k >= 3406885) AND (k <= 3406985))
	  ->  Bitmap Index Scan on k_2  (cost=0.00..5.45 rows=102 width=0)
	        Index Cond: ((k >= 3406885) AND (k <= 3406985))

table 3 : explain SELECT k, c FROM sbtest3 WHERE k BETWEEN 3406885 AND 3406985
	Bitmap Heap Scan on sbtest3  (cost=5.54..432.98 rows=108 width=125)
	  Recheck Cond: ((k >= 3406885) AND (k <= 3406985))
	  ->  Bitmap Index Scan on k_3  (cost=0.00..5.51 rows=108 width=0)
	        Index Cond: ((k >= 3406885) AND (k <= 3406985))

table 4 : explain SELECT k, c FROM sbtest4 WHERE k BETWEEN 3406885 AND 3406985
	Bitmap Heap Scan on sbtest4  (cost=5.46..401.48 rows=100 width=125)
	  Recheck Cond: ((k >= 3406885) AND (k <= 3406985))
	  ->  Bitmap Index Scan on k_4  (cost=0.00..5.43 rows=100 width=0)
	        Index Cond: ((k >= 3406885) AND (k <= 3406985))

table 5 : explain SELECT k, c FROM sbtest5 WHERE k BETWEEN 3406885 AND 3406985
	Bitmap Heap Scan on sbtest5  (cost=5.48..409.40 rows=102 width=125)
	  Recheck Cond: ((k >= 3406885) AND (k <= 3406985))
	  ->  Bitmap Index Scan on k_5  (cost=0.00..5.45 rows=102 width=0)
	        Index Cond: ((k >= 3406885) AND (k <= 3406985))

table 6 : explain SELECT k, c FROM sbtest6 WHERE k BETWEEN 3406885 AND 3406985
	Bitmap Heap Scan on sbtest6  (cost=5.41..381.77 rows=95 width=125)
	  Recheck Cond: ((k >= 3406885) AND (k <= 3406985))
	  ->  Bitmap Index Scan on k_6  (cost=0.00..5.38 rows=95 width=0)
	        Index Cond: ((k >= 3406885) AND (k <= 3406985))

table 7 : explain SELECT k, c FROM sbtest7 WHERE k BETWEEN 3406885 AND 3406985
	Bitmap Heap Scan on sbtest7  (cost=5.49..413.31 rows=103 width=125)
	  Recheck Cond: ((k >= 3406885) AND (k <= 3406985))
	  ->  Bitmap Index Scan on k_7  (cost=0.00..5.46 rows=103 width=0)
	        Index Cond: ((k >= 3406885) AND (k <= 3406985))

table 8 : explain SELECT k, c FROM sbtest8 WHERE k BETWEEN 3406885 AND 3406985
	Bitmap Heap Scan on sbtest8  (cost=5.38..369.93 rows=92 width=125)
	  Recheck Cond: ((k >= 3406885) AND (k <= 3406985))
	  ->  Bitmap Index Scan on k_8  (cost=0.00..5.35 rows=92 width=0)
	        Index Cond: ((k >= 3406885) AND (k <= 3406985))
for range-notcovered
table 1 : explain SELECT k, c FROM sbtest1 WHERE k BETWEEN 7687964 AND 7688064
	Bitmap Heap Scan on sbtest1  (cost=5.53..429.07 rows=107 width=125)
	  Recheck Cond: ((k >= 7687964) AND (k <= 7688064))
	  ->  Bitmap Index Scan on k_1  (cost=0.00..5.50 rows=107 width=0)
	        Index Cond: ((k >= 7687964) AND (k <= 7688064))

table 2 : explain SELECT k, c FROM sbtest2 WHERE k BETWEEN 7687964 AND 7688064
	Bitmap Heap Scan on sbtest2  (cost=5.58..448.80 rows=112 width=125)
	  Recheck Cond: ((k >= 7687964) AND (k <= 7688064))
	  ->  Bitmap Index Scan on k_2  (cost=0.00..5.55 rows=112 width=0)
	        Index Cond: ((k >= 7687964) AND (k <= 7688064))

table 3 : explain SELECT k, c FROM sbtest3 WHERE k BETWEEN 7687964 AND 7688064
	Bitmap Heap Scan on sbtest3  (cost=5.48..409.34 rows=102 width=125)
	  Recheck Cond: ((k >= 7687964) AND (k <= 7688064))
	  ->  Bitmap Index Scan on k_3  (cost=0.00..5.45 rows=102 width=0)
	        Index Cond: ((k >= 7687964) AND (k <= 7688064))

table 4 : explain SELECT k, c FROM sbtest4 WHERE k BETWEEN 7687964 AND 7688064
	Bitmap Heap Scan on sbtest4  (cost=5.50..417.25 rows=104 width=125)
	  Recheck Cond: ((k >= 7687964) AND (k <= 7688064))
	  ->  Bitmap Index Scan on k_4  (cost=0.00..5.47 rows=104 width=0)
	        Index Cond: ((k >= 7687964) AND (k <= 7688064))

table 5 : explain SELECT k, c FROM sbtest5 WHERE k BETWEEN 7687964 AND 7688064
	Bitmap Heap Scan on sbtest5  (cost=5.68..484.24 rows=121 width=125)
	  Recheck Cond: ((k >= 7687964) AND (k <= 7688064))
	  ->  Bitmap Index Scan on k_5  (cost=0.00..5.64 rows=121 width=0)
	        Index Cond: ((k >= 7687964) AND (k <= 7688064))

table 6 : explain SELECT k, c FROM sbtest6 WHERE k BETWEEN 7687964 AND 7688064
	Bitmap Heap Scan on sbtest6  (cost=5.50..417.26 rows=104 width=125)
	  Recheck Cond: ((k >= 7687964) AND (k <= 7688064))
	  ->  Bitmap Index Scan on k_6  (cost=0.00..5.47 rows=104 width=0)
	        Index Cond: ((k >= 7687964) AND (k <= 7688064))

table 7 : explain SELECT k, c FROM sbtest7 WHERE k BETWEEN 7687964 AND 7688064
	Bitmap Heap Scan on sbtest7  (cost=5.47..405.43 rows=101 width=125)
	  Recheck Cond: ((k >= 7687964) AND (k <= 7688064))
	  ->  Bitmap Index Scan on k_7  (cost=0.00..5.44 rows=101 width=0)
	        Index Cond: ((k >= 7687964) AND (k <= 7688064))

table 8 : explain SELECT k, c FROM sbtest8 WHERE k BETWEEN 7687964 AND 7688064
	Bitmap Heap Scan on sbtest8  (cost=5.48..409.38 rows=102 width=125)
	  Recheck Cond: ((k >= 7687964) AND (k <= 7688064))
	  ->  Bitmap Index Scan on k_8  (cost=0.00..5.45 rows=102 width=0)
	        Index Cond: ((k >= 7687964) AND (k <= 7688064))

for range-notcovered
table 1 : explain SELECT k, c FROM sbtest1 WHERE k BETWEEN 2845276 AND 2845376
	Bitmap Heap Scan on sbtest1  (cost=5.53..429.07 rows=107 width=125)
	  Recheck Cond: ((k >= 2845276) AND (k <= 2845376))
	  ->  Bitmap Index Scan on k_1  (cost=0.00..5.50 rows=107 width=0)
	        Index Cond: ((k >= 2845276) AND (k <= 2845376))

table 2 : explain SELECT k, c FROM sbtest2 WHERE k BETWEEN 2845276 AND 2845376
	Bitmap Heap Scan on sbtest2  (cost=5.41..381.79 rows=95 width=125)
	  Recheck Cond: ((k >= 2845276) AND (k <= 2845376))
	  ->  Bitmap Index Scan on k_2  (cost=0.00..5.38 rows=95 width=0)
	        Index Cond: ((k >= 2845276) AND (k <= 2845376))

table 3 : explain SELECT k, c FROM sbtest3 WHERE k BETWEEN 2845276 AND 2845376
	Bitmap Heap Scan on sbtest3  (cost=5.38..369.90 rows=92 width=125)
	  Recheck Cond: ((k >= 2845276) AND (k <= 2845376))
	  ->  Bitmap Index Scan on k_3  (cost=0.00..5.35 rows=92 width=0)
	        Index Cond: ((k >= 2845276) AND (k <= 2845376))

table 4 : explain SELECT k, c FROM sbtest4 WHERE k BETWEEN 2845276 AND 2845376
	Bitmap Heap Scan on sbtest4  (cost=5.45..397.54 rows=99 width=125)
	  Recheck Cond: ((k >= 2845276) AND (k <= 2845376))
	  ->  Bitmap Index Scan on k_4  (cost=0.00..5.42 rows=99 width=0)
	        Index Cond: ((k >= 2845276) AND (k <= 2845376))

table 5 : explain SELECT k, c FROM sbtest5 WHERE k BETWEEN 2845276 AND 2845376
	Bitmap Heap Scan on sbtest5  (cost=5.41..381.79 rows=95 width=125)
	  Recheck Cond: ((k >= 2845276) AND (k <= 2845376))
	  ->  Bitmap Index Scan on k_5  (cost=0.00..5.38 rows=95 width=0)
	        Index Cond: ((k >= 2845276) AND (k <= 2845376))

table 6 : explain SELECT k, c FROM sbtest6 WHERE k BETWEEN 2845276 AND 2845376
	Bitmap Heap Scan on sbtest6  (cost=5.51..421.20 rows=105 width=125)
	  Recheck Cond: ((k >= 2845276) AND (k <= 2845376))
	  ->  Bitmap Index Scan on k_6  (cost=0.00..5.48 rows=105 width=0)
	        Index Cond: ((k >= 2845276) AND (k <= 2845376))

table 7 : explain SELECT k, c FROM sbtest7 WHERE k BETWEEN 2845276 AND 2845376
	Bitmap Heap Scan on sbtest7  (cost=5.52..425.14 rows=106 width=125)
	  Recheck Cond: ((k >= 2845276) AND (k <= 2845376))
	  ->  Bitmap Index Scan on k_7  (cost=0.00..5.50 rows=106 width=0)
	        Index Cond: ((k >= 2845276) AND (k <= 2845376))

table 8 : explain SELECT k, c FROM sbtest8 WHERE k BETWEEN 2845276 AND 2845376
	Bitmap Heap Scan on sbtest8  (cost=5.46..401.49 rows=100 width=125)
	  Recheck Cond: ((k >= 2845276) AND (k <= 2845376))
	  ->  Bitmap Index Scan on k_8  (cost=0.00..5.43 rows=100 width=0)
	        Index Cond: ((k >= 2845276) AND (k <= 2845376))

explain: for range-notcovered :: explain SELECT k, c FROM sbtest%d WHERE k BETWEEN 3282562 AND 3282662
for range-notcovered
table 1 : explain SELECT k, c FROM sbtest1 WHERE k BETWEEN 5036418 AND 5036518
	Bitmap Heap Scan on sbtest1  (cost=5.48..409.37 rows=102 width=125)
	  Recheck Cond: ((k >= 5036418) AND (k <= 5036518))
	  ->  Bitmap Index Scan on k_1  (cost=0.00..5.45 rows=102 width=0)
	        Index Cond: ((k >= 5036418) AND (k <= 5036518))

table 2 : explain SELECT k, c FROM sbtest2 WHERE k BETWEEN 5036418 AND 5036518
	Bitmap Heap Scan on sbtest2  (cost=5.50..417.28 rows=104 width=125)
	  Recheck Cond: ((k >= 5036418) AND (k <= 5036518))
	  ->  Bitmap Index Scan on k_2  (cost=0.00..5.47 rows=104 width=0)
	        Index Cond: ((k >= 5036418) AND (k <= 5036518))

table 3 : explain SELECT k, c FROM sbtest3 WHERE k BETWEEN 5036418 AND 5036518
	Bitmap Heap Scan on sbtest3  (cost=5.52..425.10 rows=106 width=125)
	  Recheck Cond: ((k >= 5036418) AND (k <= 5036518))
	  ->  Bitmap Index Scan on k_3  (cost=0.00..5.50 rows=106 width=0)
	        Index Cond: ((k >= 5036418) AND (k <= 5036518))

table 4 : explain SELECT k, c FROM sbtest4 WHERE k BETWEEN 5036418 AND 5036518
	Bitmap Heap Scan on sbtest4  (cost=5.53..429.07 rows=107 width=125)
	  Recheck Cond: ((k >= 5036418) AND (k <= 5036518))
	  ->  Bitmap Index Scan on k_4  (cost=0.00..5.50 rows=107 width=0)
	        Index Cond: ((k >= 5036418) AND (k <= 5036518))

table 5 : explain SELECT k, c FROM sbtest5 WHERE k BETWEEN 5036418 AND 5036518
	Bitmap Heap Scan on sbtest5  (cost=5.48..409.40 rows=102 width=125)
	  Recheck Cond: ((k >= 5036418) AND (k <= 5036518))
	  ->  Bitmap Index Scan on k_5  (cost=0.00..5.45 rows=102 width=0)
	        Index Cond: ((k >= 5036418) AND (k <= 5036518))

table 6 : explain SELECT k, c FROM sbtest6 WHERE k BETWEEN 5036418 AND 5036518
	Bitmap Heap Scan on sbtest6  (cost=5.51..421.20 rows=105 width=125)
	  Recheck Cond: ((k >= 5036418) AND (k <= 5036518))
	  ->  Bitmap Index Scan on k_6  (cost=0.00..5.48 rows=105 width=0)
	        Index Cond: ((k >= 5036418) AND (k <= 5036518))

table 7 : explain SELECT k, c FROM sbtest7 WHERE k BETWEEN 5036418 AND 5036518
	Bitmap Heap Scan on sbtest7  (cost=5.51..421.20 rows=105 width=125)
	  Recheck Cond: ((k >= 5036418) AND (k <= 5036518))
	  ->  Bitmap Index Scan on k_7  (cost=0.00..5.48 rows=105 width=0)
	        Index Cond: ((k >= 5036418) AND (k <= 5036518))

table 8 : explain SELECT k, c FROM sbtest8 WHERE k BETWEEN 5036418 AND 5036518
	Bitmap Heap Scan on sbtest8  (cost=5.53..429.09 rows=107 width=125)
	  Recheck Cond: ((k >= 5036418) AND (k <= 5036518))
	  ->  Bitmap Index Scan on k_8  (cost=0.00..5.50 rows=107 width=0)
	        Index Cond: ((k >= 5036418) AND (k <= 5036518))


for range-notcovered
table 1 : explain SELECT k, c FROM sbtest1 WHERE k BETWEEN 6889981 AND 6890081
	Bitmap Heap Scan on sbtest1  (cost=5.68..484.20 rows=121 width=125)
	  Recheck Cond: ((k >= 6889981) AND (k <= 6890081))
	  ->  Bitmap Index Scan on k_1  (cost=0.00..5.64 rows=121 width=0)
	        Index Cond: ((k >= 6889981) AND (k <= 6890081))

table 2 : explain SELECT k, c FROM sbtest2 WHERE k BETWEEN 6889981 AND 6890081
	Bitmap Heap Scan on sbtest2  (cost=5.51..421.22 rows=105 width=125)
	  Recheck Cond: ((k >= 6889981) AND (k <= 6890081))
	  ->  Bitmap Index Scan on k_2  (cost=0.00..5.48 rows=105 width=0)
	        Index Cond: ((k >= 6889981) AND (k <= 6890081))

table 3 : explain SELECT k, c FROM sbtest3 WHERE k BETWEEN 6889981 AND 6890081
	Bitmap Heap Scan on sbtest3  (cost=5.46..401.45 rows=100 width=125)
	  Recheck Cond: ((k >= 6889981) AND (k <= 6890081))
	  ->  Bitmap Index Scan on k_3  (cost=0.00..5.43 rows=100 width=0)
	        Index Cond: ((k >= 6889981) AND (k <= 6890081))

table 4 : explain SELECT k, c FROM sbtest4 WHERE k BETWEEN 6889981 AND 6890081
	Bitmap Heap Scan on sbtest4  (cost=5.50..417.25 rows=104 width=125)
	  Recheck Cond: ((k >= 6889981) AND (k <= 6890081))
	  ->  Bitmap Index Scan on k_4  (cost=0.00..5.47 rows=104 width=0)
	        Index Cond: ((k >= 6889981) AND (k <= 6890081))

table 5 : explain SELECT k, c FROM sbtest5 WHERE k BETWEEN 6889981 AND 6890081
	Bitmap Heap Scan on sbtest5  (cost=5.46..401.51 rows=100 width=125)
	  Recheck Cond: ((k >= 6889981) AND (k <= 6890081))
	  ->  Bitmap Index Scan on k_5  (cost=0.00..5.43 rows=100 width=0)
	        Index Cond: ((k >= 6889981) AND (k <= 6890081))

table 6 : explain SELECT k, c FROM sbtest6 WHERE k BETWEEN 6889981 AND 6890081
	Bitmap Heap Scan on sbtest6  (cost=5.46..401.49 rows=100 width=125)
	  Recheck Cond: ((k >= 6889981) AND (k <= 6890081))
	  ->  Bitmap Index Scan on k_6  (cost=0.00..5.43 rows=100 width=0)
	        Index Cond: ((k >= 6889981) AND (k <= 6890081))

table 7 : explain SELECT k, c FROM sbtest7 WHERE k BETWEEN 6889981 AND 6890081
	Bitmap Heap Scan on sbtest7  (cost=5.43..389.65 rows=97 width=125)
	  Recheck Cond: ((k >= 6889981) AND (k <= 6890081))
	  ->  Bitmap Index Scan on k_7  (cost=0.00..5.40 rows=97 width=0)
	        Index Cond: ((k >= 6889981) AND (k <= 6890081))

table 8 : explain SELECT k, c FROM sbtest8 WHERE k BETWEEN 6889981 AND 6890081
	Bitmap Heap Scan on sbtest8  (cost=5.46..401.49 rows=100 width=125)
	  Recheck Cond: ((k >= 6889981) AND (k <= 6890081))
	  ->  Bitmap Index Scan on k_8  (cost=0.00..5.43 rows=100 width=0)
	        Index Cond: ((k >= 6889981) AND (k <= 6890081))

explain: for range-notcovered :: explain SELECT k, c FROM sbtest%d WHERE k BETWEEN 7966267 AND 7966367
for range-notcovered
table 1 : explain SELECT k, c FROM sbtest1 WHERE k BETWEEN 6714694 AND 6714794
	Bitmap Heap Scan on sbtest1  (cost=5.42..385.71 rows=96 width=125)
	  Recheck Cond: ((k >= 6714694) AND (k <= 6714794))
	  ->  Bitmap Index Scan on k_1  (cost=0.00..5.39 rows=96 width=0)
	        Index Cond: ((k >= 6714694) AND (k <= 6714794))

table 2 : explain SELECT k, c FROM sbtest2 WHERE k BETWEEN 6714694 AND 6714794
	Bitmap Heap Scan on sbtest2  (cost=5.45..397.57 rows=99 width=125)
	  Recheck Cond: ((k >= 6714694) AND (k <= 6714794))
	  ->  Bitmap Index Scan on k_2  (cost=0.00..5.42 rows=99 width=0)
	        Index Cond: ((k >= 6714694) AND (k <= 6714794))

table 3 : explain SELECT k, c FROM sbtest3 WHERE k BETWEEN 6714694 AND 6714794
	Bitmap Heap Scan on sbtest3  (cost=5.63..468.42 rows=117 width=125)
	  Recheck Cond: ((k >= 6714694) AND (k <= 6714794))
	  ->  Bitmap Index Scan on k_3  (cost=0.00..5.60 rows=117 width=0)
	        Index Cond: ((k >= 6714694) AND (k <= 6714794))

table 4 : explain SELECT k, c FROM sbtest4 WHERE k BETWEEN 6714694 AND 6714794
	Bitmap Heap Scan on sbtest4  (cost=5.46..401.48 rows=100 width=125)
	  Recheck Cond: ((k >= 6714694) AND (k <= 6714794))
	  ->  Bitmap Index Scan on k_4  (cost=0.00..5.43 rows=100 width=0)
	        Index Cond: ((k >= 6714694) AND (k <= 6714794))

table 5 : explain SELECT k, c FROM sbtest5 WHERE k BETWEEN 6714694 AND 6714794
	Bitmap Heap Scan on sbtest5  (cost=5.45..397.57 rows=99 width=125)
	  Recheck Cond: ((k >= 6714694) AND (k <= 6714794))
	  ->  Bitmap Index Scan on k_5  (cost=0.00..5.42 rows=99 width=0)
	        Index Cond: ((k >= 6714694) AND (k <= 6714794))

table 6 : explain SELECT k, c FROM sbtest6 WHERE k BETWEEN 6714694 AND 6714794
	Bitmap Heap Scan on sbtest6  (cost=5.48..409.37 rows=102 width=125)
	  Recheck Cond: ((k >= 6714694) AND (k <= 6714794))
	  ->  Bitmap Index Scan on k_6  (cost=0.00..5.45 rows=102 width=0)
	        Index Cond: ((k >= 6714694) AND (k <= 6714794))

table 7 : explain SELECT k, c FROM sbtest7 WHERE k BETWEEN 6714694 AND 6714794
	Bitmap Heap Scan on sbtest7  (cost=5.39..373.87 rows=93 width=125)
	  Recheck Cond: ((k >= 6714694) AND (k <= 6714794))
	  ->  Bitmap Index Scan on k_7  (cost=0.00..5.36 rows=93 width=0)
	        Index Cond: ((k >= 6714694) AND (k <= 6714794))

table 8 : explain SELECT k, c FROM sbtest8 WHERE k BETWEEN 6714694 AND 6714794
	Bitmap Heap Scan on sbtest8  (cost=5.54..433.03 rows=108 width=125)
	  Recheck Cond: ((k >= 6714694) AND (k <= 6714794))
	  ->  Bitmap Index Scan on k_8  (cost=0.00..5.51 rows=108 width=0)
	        Index Cond: ((k >= 6714694) AND (k <= 6714794))

explain: for range-notcovered :: explain SELECT k, c FROM sbtest%d WHERE k BETWEEN 1158135 AND 1158235
explain: for range-notcovered :: explain SELECT k, c FROM sbtest%d WHERE k BETWEEN 6944435 AND 6944535
for range-notcovered
table 1 : explain SELECT k, c FROM sbtest1 WHERE k BETWEEN 6924761 AND 6924861
	Bitmap Heap Scan on sbtest1  (cost=5.68..484.20 rows=121 width=125)
	  Recheck Cond: ((k >= 6924761) AND (k <= 6924861))
	  ->  Bitmap Index Scan on k_1  (cost=0.00..5.64 rows=121 width=0)
	        Index Cond: ((k >= 6924761) AND (k <= 6924861))

table 2 : explain SELECT k, c FROM sbtest2 WHERE k BETWEEN 6924761 AND 6924861
	Bitmap Heap Scan on sbtest2  (cost=5.52..425.16 rows=106 width=125)
	  Recheck Cond: ((k >= 6924761) AND (k <= 6924861))
	  ->  Bitmap Index Scan on k_2  (cost=0.00..5.50 rows=106 width=0)
	        Index Cond: ((k >= 6924761) AND (k <= 6924861))

table 3 : explain SELECT k, c FROM sbtest3 WHERE k BETWEEN 6924761 AND 6924861
	Bitmap Heap Scan on sbtest3  (cost=5.46..401.45 rows=100 width=125)
	  Recheck Cond: ((k >= 6924761) AND (k <= 6924861))
	  ->  Bitmap Index Scan on k_3  (cost=0.00..5.43 rows=100 width=0)
	        Index Cond: ((k >= 6924761) AND (k <= 6924861))

table 4 : explain SELECT k, c FROM sbtest4 WHERE k BETWEEN 6924761 AND 6924861
	Bitmap Heap Scan on sbtest4  (cost=5.50..417.25 rows=104 width=125)
	  Recheck Cond: ((k >= 6924761) AND (k <= 6924861))
	  ->  Bitmap Index Scan on k_4  (cost=0.00..5.47 rows=104 width=0)
	        Index Cond: ((k >= 6924761) AND (k <= 6924861))

table 5 : explain SELECT k, c FROM sbtest5 WHERE k BETWEEN 6924761 AND 6924861
	Bitmap Heap Scan on sbtest5  (cost=5.46..401.51 rows=100 width=125)
	  Recheck Cond: ((k >= 6924761) AND (k <= 6924861))
	  ->  Bitmap Index Scan on k_5  (cost=0.00..5.43 rows=100 width=0)
	        Index Cond: ((k >= 6924761) AND (k <= 6924861))

table 6 : explain SELECT k, c FROM sbtest6 WHERE k BETWEEN 6924761 AND 6924861
	Bitmap Heap Scan on sbtest6  (cost=5.46..401.49 rows=100 width=125)
	  Recheck Cond: ((k >= 6924761) AND (k <= 6924861))
	  ->  Bitmap Index Scan on k_6  (cost=0.00..5.43 rows=100 width=0)
	        Index Cond: ((k >= 6924761) AND (k <= 6924861))

table 7 : explain SELECT k, c FROM sbtest7 WHERE k BETWEEN 6924761 AND 6924861
	Bitmap Heap Scan on sbtest7  (cost=5.43..389.65 rows=97 width=125)
	  Recheck Cond: ((k >= 6924761) AND (k <= 6924861))
	  ->  Bitmap Index Scan on k_7  (cost=0.00..5.40 rows=97 width=0)
	        Index Cond: ((k >= 6924761) AND (k <= 6924861))

table 8 : explain SELECT k, c FROM sbtest8 WHERE k BETWEEN 6924761 AND 6924861
	Bitmap Heap Scan on sbtest8  (cost=5.55..436.97 rows=109 width=125)
	  Recheck Cond: ((k >= 6924761) AND (k <= 6924861))
	  ->  Bitmap Index Scan on k_8  (cost=0.00..5.52 rows=109 width=0)
	        Index Cond: ((k >= 6924761) AND (k <= 6924861))
explain: for range-notcovered :: explain SELECT k, c FROM sbtest%d WHERE k BETWEEN 5036418 AND 5036518
for range-notcovered
table 1 : explain SELECT k, c FROM sbtest1 WHERE k BETWEEN 7488677 AND 7488777
	Bitmap Heap Scan on sbtest1  (cost=5.44..393.59 rows=98 width=125)
	  Recheck Cond: ((k >= 7488677) AND (k <= 7488777))
	  ->  Bitmap Index Scan on k_1  (cost=0.00..5.42 rows=98 width=0)
	        Index Cond: ((k >= 7488677) AND (k <= 7488777))

table 2 : explain SELECT k, c FROM sbtest2 WHERE k BETWEEN 7488677 AND 7488777
	Bitmap Heap Scan on sbtest2  (cost=5.46..401.51 rows=100 width=125)
	  Recheck Cond: ((k >= 7488677) AND (k <= 7488777))
	  ->  Bitmap Index Scan on k_2  (cost=0.00..5.43 rows=100 width=0)
	        Index Cond: ((k >= 7488677) AND (k <= 7488777))

table 3 : explain SELECT k, c FROM sbtest3 WHERE k BETWEEN 7488677 AND 7488777
	Bitmap Heap Scan on sbtest3  (cost=5.54..432.98 rows=108 width=125)
	  Recheck Cond: ((k >= 7488677) AND (k <= 7488777))
	  ->  Bitmap Index Scan on k_3  (cost=0.00..5.51 rows=108 width=0)
	        Index Cond: ((k >= 7488677) AND (k <= 7488777))

table 4 : explain SELECT k, c FROM sbtest4 WHERE k BETWEEN 7488677 AND 7488777
	Bitmap Heap Scan on sbtest4  (cost=5.44..393.59 rows=98 width=125)
	  Recheck Cond: ((k >= 7488677) AND (k <= 7488777))
	  ->  Bitmap Index Scan on k_4  (cost=0.00..5.42 rows=98 width=0)
	        Index Cond: ((k >= 7488677) AND (k <= 7488777))

table 5 : explain SELECT k, c FROM sbtest5 WHERE k BETWEEN 7488677 AND 7488777
	Bitmap Heap Scan on sbtest5  (cost=5.35..358.11 rows=89 width=125)
	  Recheck Cond: ((k >= 7488677) AND (k <= 7488777))
	  ->  Bitmap Index Scan on k_5  (cost=0.00..5.32 rows=89 width=0)
	        Index Cond: ((k >= 7488677) AND (k <= 7488777))

table 6 : explain SELECT k, c FROM sbtest6 WHERE k BETWEEN 7488677 AND 7488777
	Bitmap Heap Scan on sbtest6  (cost=5.49..413.31 rows=103 width=125)
	  Recheck Cond: ((k >= 7488677) AND (k <= 7488777))
	  ->  Bitmap Index Scan on k_6  (cost=0.00..5.46 rows=103 width=0)
	        Index Cond: ((k >= 7488677) AND (k <= 7488777))

table 7 : explain SELECT k, c FROM sbtest7 WHERE k BETWEEN 7488677 AND 7488777
	Bitmap Heap Scan on sbtest7  (cost=5.42..385.71 rows=96 width=125)
	  Recheck Cond: ((k >= 7488677) AND (k <= 7488777))
	  ->  Bitmap Index Scan on k_7  (cost=0.00..5.39 rows=96 width=0)
	        Index Cond: ((k >= 7488677) AND (k <= 7488777))

table 8 : explain SELECT k, c FROM sbtest8 WHERE k BETWEEN 7488677 AND 7488777
	Bitmap Heap Scan on sbtest8  (cost=5.47..405.44 rows=101 width=125)
	  Recheck Cond: ((k >= 7488677) AND (k <= 7488777))
	  ->  Bitmap Index Scan on k_8  (cost=0.00..5.44 rows=101 width=0)
	        Index Cond: ((k >= 7488677) AND (k <= 7488777))
explain: for range-notcovered :: explain SELECT k, c FROM sbtest%d WHERE k BETWEEN 7830027 AND 7830127
for range-notcovered
table 1 : explain SELECT k, c FROM sbtest1 WHERE k BETWEEN 6128050 AND 6128150
	Bitmap Heap Scan on sbtest1  (cost=5.43..389.65 rows=97 width=125)
	  Recheck Cond: ((k >= 6128050) AND (k <= 6128150))
	  ->  Bitmap Index Scan on k_1  (cost=0.00..5.40 rows=97 width=0)
	        Index Cond: ((k >= 6128050) AND (k <= 6128150))

table 2 : explain SELECT k, c FROM sbtest2 WHERE k BETWEEN 6128050 AND 6128150
	Bitmap Heap Scan on sbtest2  (cost=5.52..425.16 rows=106 width=125)
	  Recheck Cond: ((k >= 6128050) AND (k <= 6128150))
	  ->  Bitmap Index Scan on k_2  (cost=0.00..5.50 rows=106 width=0)
	        Index Cond: ((k >= 6128050) AND (k <= 6128150))

table 3 : explain SELECT k, c FROM sbtest3 WHERE k BETWEEN 6128050 AND 6128150
	Bitmap Heap Scan on sbtest3  (cost=5.49..413.28 rows=103 width=125)
	  Recheck Cond: ((k >= 6128050) AND (k <= 6128150))
	  ->  Bitmap Index Scan on k_3  (cost=0.00..5.46 rows=103 width=0)
	        Index Cond: ((k >= 6128050) AND (k <= 6128150))

table 4 : explain SELECT k, c FROM sbtest4 WHERE k BETWEEN 6128050 AND 6128150
	Bitmap Heap Scan on sbtest4  (cost=5.53..429.07 rows=107 width=125)
	  Recheck Cond: ((k >= 6128050) AND (k <= 6128150))
	  ->  Bitmap Index Scan on k_4  (cost=0.00..5.50 rows=107 width=0)
	        Index Cond: ((k >= 6128050) AND (k <= 6128150))

table 5 : explain SELECT k, c FROM sbtest5 WHERE k BETWEEN 6128050 AND 6128150
	Bitmap Heap Scan on sbtest5  (cost=5.47..405.45 rows=101 width=125)
	  Recheck Cond: ((k >= 6128050) AND (k <= 6128150))
	  ->  Bitmap Index Scan on k_5  (cost=0.00..5.44 rows=101 width=0)
	        Index Cond: ((k >= 6128050) AND (k <= 6128150))

table 6 : explain SELECT k, c FROM sbtest6 WHERE k BETWEEN 6128050 AND 6128150
	Bitmap Heap Scan on sbtest6  (cost=5.54..433.02 rows=108 width=125)
	  Recheck Cond: ((k >= 6128050) AND (k <= 6128150))
	  ->  Bitmap Index Scan on k_6  (cost=0.00..5.51 rows=108 width=0)
	        Index Cond: ((k >= 6128050) AND (k <= 6128150))

table 7 : explain SELECT k, c FROM sbtest7 WHERE k BETWEEN 6128050 AND 6128150
	Bitmap Heap Scan on sbtest7  (cost=5.44..393.60 rows=98 width=125)
	  Recheck Cond: ((k >= 6128050) AND (k <= 6128150))
	  ->  Bitmap Index Scan on k_7  (cost=0.00..5.42 rows=98 width=0)
	        Index Cond: ((k >= 6128050) AND (k <= 6128150))

table 8 : explain SELECT k, c FROM sbtest8 WHERE k BETWEEN 6128050 AND 6128150
	Bitmap Heap Scan on sbtest8  (cost=5.43..389.66 rows=97 width=125)
	  Recheck Cond: ((k >= 6128050) AND (k <= 6128150))
	  ->  Bitmap Index Scan on k_8  (cost=0.00..5.40 rows=97 width=0)
	        Index Cond: ((k >= 6128050) AND (k <= 6128150))



for range-notcovered
table 1 : explain SELECT k, c FROM sbtest1 WHERE k BETWEEN 2383613 AND 2383713
	Bitmap Heap Scan on sbtest1  (cost=5.43..389.65 rows=97 width=125)
	  Recheck Cond: ((k >= 2383613) AND (k <= 2383713))
	  ->  Bitmap Index Scan on k_1  (cost=0.00..5.40 rows=97 width=0)
	        Index Cond: ((k >= 2383613) AND (k <= 2383713))

table 2 : explain SELECT k, c FROM sbtest2 WHERE k BETWEEN 2383613 AND 2383713
	Bitmap Heap Scan on sbtest2  (cost=5.50..417.28 rows=104 width=125)
	  Recheck Cond: ((k >= 2383613) AND (k <= 2383713))
	  ->  Bitmap Index Scan on k_2  (cost=0.00..5.47 rows=104 width=0)
	        Index Cond: ((k >= 2383613) AND (k <= 2383713))

table 3 : explain SELECT k, c FROM sbtest3 WHERE k BETWEEN 2383613 AND 2383713
	Bitmap Heap Scan on sbtest3  (cost=5.44..393.57 rows=98 width=125)
	  Recheck Cond: ((k >= 2383613) AND (k <= 2383713))
	  ->  Bitmap Index Scan on k_3  (cost=0.00..5.42 rows=98 width=0)
	        Index Cond: ((k >= 2383613) AND (k <= 2383713))

table 4 : explain SELECT k, c FROM sbtest4 WHERE k BETWEEN 2383613 AND 2383713
	Bitmap Heap Scan on sbtest4  (cost=5.52..425.13 rows=106 width=125)
	  Recheck Cond: ((k >= 2383613) AND (k <= 2383713))
	  ->  Bitmap Index Scan on k_4  (cost=0.00..5.50 rows=106 width=0)
	        Index Cond: ((k >= 2383613) AND (k <= 2383713))

table 5 : explain SELECT k, c FROM sbtest5 WHERE k BETWEEN 2383613 AND 2383713
	Bitmap Heap Scan on sbtest5  (cost=5.53..429.10 rows=107 width=125)
	  Recheck Cond: ((k >= 2383613) AND (k <= 2383713))
	  ->  Bitmap Index Scan on k_5  (cost=0.00..5.50 rows=107 width=0)
	        Index Cond: ((k >= 2383613) AND (k <= 2383713))

table 6 : explain SELECT k, c FROM sbtest6 WHERE k BETWEEN 2383613 AND 2383713
	Bitmap Heap Scan on sbtest6  (cost=5.40..377.82 rows=94 width=125)
	  Recheck Cond: ((k >= 2383613) AND (k <= 2383713))
	  ->  Bitmap Index Scan on k_6  (cost=0.00..5.38 rows=94 width=0)
	        Index Cond: ((k >= 2383613) AND (k <= 2383713))

table 7 : explain SELECT k, c FROM sbtest7 WHERE k BETWEEN 2383613 AND 2383713
	Bitmap Heap Scan on sbtest7  (cost=5.45..397.54 rows=99 width=125)
	  Recheck Cond: ((k >= 2383613) AND (k <= 2383713))
	  ->  Bitmap Index Scan on k_7  (cost=0.00..5.42 rows=99 width=0)
	        Index Cond: ((k >= 2383613) AND (k <= 2383713))

table 8 : explain SELECT k, c FROM sbtest8 WHERE k BETWEEN 2383613 AND 2383713
	Bitmap Heap Scan on sbtest8  (cost=5.50..417.26 rows=104 width=125)
	  Recheck Cond: ((k >= 2383613) AND (k <= 2383713))
	  ->  Bitmap Index Scan on k_8  (cost=0.00..5.47 rows=104 width=0)
	        Index Cond: ((k >= 2383613) AND (k <= 2383713))

explain: for range-notcovered :: explain SELECT k, c FROM sbtest%d WHERE k BETWEEN 1458180 AND 1458280
explain: for range-notcovered :: explain SELECT k, c FROM sbtest%d WHERE k BETWEEN 3763505 AND 3763605

explain: for range-notcovered :: explain SELECT k, c FROM sbtest%d WHERE k BETWEEN 7490797 AND 7490897
explain: for range-notcovered :: explain SELECT k, c FROM sbtest%d WHERE k BETWEEN 7687964 AND 7688064
explain: for range-notcovered :: explain SELECT k, c FROM sbtest%d WHERE k BETWEEN 2845276 AND 2845376
for range-notcovered
table 1 : explain SELECT k, c FROM sbtest1 WHERE k BETWEEN 1289756 AND 1289856
	Bitmap Heap Scan on sbtest1  (cost=5.55..436.95 rows=109 width=125)
	  Recheck Cond: ((k >= 1289756) AND (k <= 1289856))
	  ->  Bitmap Index Scan on k_1  (cost=0.00..5.52 rows=109 width=0)
	        Index Cond: ((k >= 1289756) AND (k <= 1289856))

table 2 : explain SELECT k, c FROM sbtest2 WHERE k BETWEEN 1289756 AND 1289856
	Bitmap Heap Scan on sbtest2  (cost=5.49..413.34 rows=103 width=125)
	  Recheck Cond: ((k >= 1289756) AND (k <= 1289856))
	  ->  Bitmap Index Scan on k_2  (cost=0.00..5.46 rows=103 width=0)
	        Index Cond: ((k >= 1289756) AND (k <= 1289856))

table 3 : explain SELECT k, c FROM sbtest3 WHERE k BETWEEN 1289756 AND 1289856
	Bitmap Heap Scan on sbtest3  (cost=5.56..440.86 rows=110 width=125)
	  Recheck Cond: ((k >= 1289756) AND (k <= 1289856))
	  ->  Bitmap Index Scan on k_3  (cost=0.00..5.53 rows=110 width=0)
	        Index Cond: ((k >= 1289756) AND (k <= 1289856))

table 4 : explain SELECT k, c FROM sbtest4 WHERE k BETWEEN 1289756 AND 1289856
	Bitmap Heap Scan on sbtest4  (cost=5.56..440.89 rows=110 width=125)
	  Recheck Cond: ((k >= 1289756) AND (k <= 1289856))
	  ->  Bitmap Index Scan on k_4  (cost=0.00..5.53 rows=110 width=0)
	        Index Cond: ((k >= 1289756) AND (k <= 1289856))

table 5 : explain SELECT k, c FROM sbtest5 WHERE k BETWEEN 1289756 AND 1289856
	Bitmap Heap Scan on sbtest5  (cost=5.36..362.05 rows=90 width=125)
	  Recheck Cond: ((k >= 1289756) AND (k <= 1289856))
	  ->  Bitmap Index Scan on k_5  (cost=0.00..5.33 rows=90 width=0)
	        Index Cond: ((k >= 1289756) AND (k <= 1289856))

table 6 : explain SELECT k, c FROM sbtest6 WHERE k BETWEEN 1289756 AND 1289856
	Bitmap Heap Scan on sbtest6  (cost=5.37..365.98 rows=91 width=125)
	  Recheck Cond: ((k >= 1289756) AND (k <= 1289856))
	  ->  Bitmap Index Scan on k_6  (cost=0.00..5.34 rows=91 width=0)
	        Index Cond: ((k >= 1289756) AND (k <= 1289856))

table 7 : explain SELECT k, c FROM sbtest7 WHERE k BETWEEN 1289756 AND 1289856
	Bitmap Heap Scan on sbtest7  (cost=5.50..417.25 rows=104 width=125)
	  Recheck Cond: ((k >= 1289756) AND (k <= 1289856))
	  ->  Bitmap Index Scan on k_7  (cost=0.00..5.47 rows=104 width=0)
	        Index Cond: ((k >= 1289756) AND (k <= 1289856))

table 8 : explain SELECT k, c FROM sbtest8 WHERE k BETWEEN 1289756 AND 1289856
	Bitmap Heap Scan on sbtest8  (cost=5.38..369.93 rows=92 width=125)
	  Recheck Cond: ((k >= 1289756) AND (k <= 1289856))
	  ->  Bitmap Index Scan on k_8  (cost=0.00..5.35 rows=92 width=0)
	        Index Cond: ((k >= 1289756) AND (k <= 1289856))

for range-notcovered
table 1 : explain SELECT k, c FROM sbtest1 WHERE k BETWEEN 4829581 AND 4829681
	Bitmap Heap Scan on sbtest1  (cost=5.58..448.77 rows=112 width=125)
	  Recheck Cond: ((k >= 4829581) AND (k <= 4829681))
	  ->  Bitmap Index Scan on k_1  (cost=0.00..5.55 rows=112 width=0)
	        Index Cond: ((k >= 4829581) AND (k <= 4829681))

table 2 : explain SELECT k, c FROM sbtest2 WHERE k BETWEEN 4829581 AND 4829681
	Bitmap Heap Scan on sbtest2  (cost=5.45..397.57 rows=99 width=125)
	  Recheck Cond: ((k >= 4829581) AND (k <= 4829681))
	  ->  Bitmap Index Scan on k_2  (cost=0.00..5.42 rows=99 width=0)
	        Index Cond: ((k >= 4829581) AND (k <= 4829681))

table 3 : explain SELECT k, c FROM sbtest3 WHERE k BETWEEN 4829581 AND 4829681
	Bitmap Heap Scan on sbtest3  (cost=5.48..409.34 rows=102 width=125)
	  Recheck Cond: ((k >= 4829581) AND (k <= 4829681))
	  ->  Bitmap Index Scan on k_3  (cost=0.00..5.45 rows=102 width=0)
	        Index Cond: ((k >= 4829581) AND (k <= 4829681))

table 4 : explain SELECT k, c FROM sbtest4 WHERE k BETWEEN 4829581 AND 4829681
	Bitmap Heap Scan on sbtest4  (cost=5.43..389.65 rows=97 width=125)
	  Recheck Cond: ((k >= 4829581) AND (k <= 4829681))
	  ->  Bitmap Index Scan on k_4  (cost=0.00..5.40 rows=97 width=0)
	        Index Cond: ((k >= 4829581) AND (k <= 4829681))

table 5 : explain SELECT k, c FROM sbtest5 WHERE k BETWEEN 4829581 AND 4829681
	Bitmap Heap Scan on sbtest5  (cost=5.47..405.45 rows=101 width=125)
	  Recheck Cond: ((k >= 4829581) AND (k <= 4829681))
	  ->  Bitmap Index Scan on k_5  (cost=0.00..5.44 rows=101 width=0)
	        Index Cond: ((k >= 4829581) AND (k <= 4829681))

table 6 : explain SELECT k, c FROM sbtest6 WHERE k BETWEEN 4829581 AND 4829681
	Bitmap Heap Scan on sbtest6  (cost=5.45..397.54 rows=99 width=125)
	  Recheck Cond: ((k >= 4829581) AND (k <= 4829681))
	  ->  Bitmap Index Scan on k_6  (cost=0.00..5.42 rows=99 width=0)
	        Index Cond: ((k >= 4829581) AND (k <= 4829681))

table 7 : explain SELECT k, c FROM sbtest7 WHERE k BETWEEN 4829581 AND 4829681
	Bitmap Heap Scan on sbtest7  (cost=5.47..405.43 rows=101 width=125)
	  Recheck Cond: ((k >= 4829581) AND (k <= 4829681))
	  ->  Bitmap Index Scan on k_7  (cost=0.00..5.44 rows=101 width=0)
	        Index Cond: ((k >= 4829581) AND (k <= 4829681))

table 8 : explain SELECT k, c FROM sbtest8 WHERE k BETWEEN 4829581 AND 4829681
	Bitmap Heap Scan on sbtest8  (cost=5.46..401.49 rows=100 width=125)
	  Recheck Cond: ((k >= 4829581) AND (k <= 4829681))
	  ->  Bitmap Index Scan on k_8  (cost=0.00..5.43 rows=100 width=0)
	        Index Cond: ((k >= 4829581) AND (k <= 4829681))


explain: for range-notcovered :: explain SELECT k, c FROM sbtest%d WHERE k BETWEEN 6889981 AND 6890081


for range-notcovered
table 1 : explain SELECT k, c FROM sbtest1 WHERE k BETWEEN 1575884 AND 1575984
	Bitmap Heap Scan on sbtest1  (cost=5.47..405.42 rows=101 width=125)
	  Recheck Cond: ((k >= 1575884) AND (k <= 1575984))
	  ->  Bitmap Index Scan on k_1  (cost=0.00..5.44 rows=101 width=0)
	        Index Cond: ((k >= 1575884) AND (k <= 1575984))

table 2 : explain SELECT k, c FROM sbtest2 WHERE k BETWEEN 1575884 AND 1575984
	Bitmap Heap Scan on sbtest2  (cost=5.41..381.79 rows=95 width=125)
	  Recheck Cond: ((k >= 1575884) AND (k <= 1575984))
	  ->  Bitmap Index Scan on k_2  (cost=0.00..5.38 rows=95 width=0)
	        Index Cond: ((k >= 1575884) AND (k <= 1575984))

table 3 : explain SELECT k, c FROM sbtest3 WHERE k BETWEEN 1575884 AND 1575984
	Bitmap Heap Scan on sbtest3  (cost=5.50..417.22 rows=104 width=125)
	  Recheck Cond: ((k >= 1575884) AND (k <= 1575984))
	  ->  Bitmap Index Scan on k_3  (cost=0.00..5.47 rows=104 width=0)
	        Index Cond: ((k >= 1575884) AND (k <= 1575984))

table 4 : explain SELECT k, c FROM sbtest4 WHERE k BETWEEN 1575884 AND 1575984
	Bitmap Heap Scan on sbtest4  (cost=5.43..389.65 rows=97 width=125)
	  Recheck Cond: ((k >= 1575884) AND (k <= 1575984))
	  ->  Bitmap Index Scan on k_4  (cost=0.00..5.40 rows=97 width=0)
	        Index Cond: ((k >= 1575884) AND (k <= 1575984))

table 5 : explain SELECT k, c FROM sbtest5 WHERE k BETWEEN 1575884 AND 1575984
	Bitmap Heap Scan on sbtest5  (cost=5.52..425.16 rows=106 width=125)
	  Recheck Cond: ((k >= 1575884) AND (k <= 1575984))
	  ->  Bitmap Index Scan on k_5  (cost=0.00..5.50 rows=106 width=0)
	        Index Cond: ((k >= 1575884) AND (k <= 1575984))

table 6 : explain SELECT k, c FROM sbtest6 WHERE k BETWEEN 1575884 AND 1575984
	Bitmap Heap Scan on sbtest6  (cost=5.55..436.96 rows=109 width=125)
	  Recheck Cond: ((k >= 1575884) AND (k <= 1575984))
	  ->  Bitmap Index Scan on k_6  (cost=0.00..5.52 rows=109 width=0)
	        Index Cond: ((k >= 1575884) AND (k <= 1575984))

table 7 : explain SELECT k, c FROM sbtest7 WHERE k BETWEEN 1575884 AND 1575984
	Bitmap Heap Scan on sbtest7  (cost=5.63..468.46 rows=117 width=125)
	  Recheck Cond: ((k >= 1575884) AND (k <= 1575984))
	  ->  Bitmap Index Scan on k_7  (cost=0.00..5.60 rows=117 width=0)
	        Index Cond: ((k >= 1575884) AND (k <= 1575984))

table 8 : explain SELECT k, c FROM sbtest8 WHERE k BETWEEN 1575884 AND 1575984
	Bitmap Heap Scan on sbtest8  (cost=5.40..377.83 rows=94 width=125)
	  Recheck Cond: ((k >= 1575884) AND (k <= 1575984))
	  ->  Bitmap Index Scan on k_8  (cost=0.00..5.38 rows=94 width=0)
	        Index Cond: ((k >= 1575884) AND (k <= 1575984))
explain: for range-notcovered :: explain SELECT k, c FROM sbtest%d WHERE k BETWEEN 4829581 AND 4829681
for range-notcovered
table 1 : explain SELECT k, c FROM sbtest1 WHERE k BETWEEN 1880241 AND 1880341
	Bitmap Heap Scan on sbtest1  (cost=5.42..385.71 rows=96 width=125)
	  Recheck Cond: ((k >= 1880241) AND (k <= 1880341))
	  ->  Bitmap Index Scan on k_1  (cost=0.00..5.39 rows=96 width=0)
	        Index Cond: ((k >= 1880241) AND (k <= 1880341))

table 2 : explain SELECT k, c FROM sbtest2 WHERE k BETWEEN 1880241 AND 1880341
	Bitmap Heap Scan on sbtest2  (cost=5.49..413.34 rows=103 width=125)
	  Recheck Cond: ((k >= 1880241) AND (k <= 1880341))
	  ->  Bitmap Index Scan on k_2  (cost=0.00..5.46 rows=103 width=0)
	        Index Cond: ((k >= 1880241) AND (k <= 1880341))

table 3 : explain SELECT k, c FROM sbtest3 WHERE k BETWEEN 1880241 AND 1880341
	Bitmap Heap Scan on sbtest3  (cost=5.50..417.22 rows=104 width=125)
	  Recheck Cond: ((k >= 1880241) AND (k <= 1880341))
	  ->  Bitmap Index Scan on k_3  (cost=0.00..5.47 rows=104 width=0)
	        Index Cond: ((k >= 1880241) AND (k <= 1880341))

table 4 : explain SELECT k, c FROM sbtest4 WHERE k BETWEEN 1880241 AND 1880341
	Bitmap Heap Scan on sbtest4  (cost=5.42..385.70 rows=96 width=125)
	  Recheck Cond: ((k >= 1880241) AND (k <= 1880341))
	  ->  Bitmap Index Scan on k_4  (cost=0.00..5.39 rows=96 width=0)
	        Index Cond: ((k >= 1880241) AND (k <= 1880341))

table 5 : explain SELECT k, c FROM sbtest5 WHERE k BETWEEN 1880241 AND 1880341
	Bitmap Heap Scan on sbtest5  (cost=5.51..421.22 rows=105 width=125)
	  Recheck Cond: ((k >= 1880241) AND (k <= 1880341))
	  ->  Bitmap Index Scan on k_5  (cost=0.00..5.48 rows=105 width=0)
	        Index Cond: ((k >= 1880241) AND (k <= 1880341))

table 6 : explain SELECT k, c FROM sbtest6 WHERE k BETWEEN 1880241 AND 1880341
	Bitmap Heap Scan on sbtest6  (cost=5.47..405.43 rows=101 width=125)
	  Recheck Cond: ((k >= 1880241) AND (k <= 1880341))
	  ->  Bitmap Index Scan on k_6  (cost=0.00..5.44 rows=101 width=0)
	        Index Cond: ((k >= 1880241) AND (k <= 1880341))

table 7 : explain SELECT k, c FROM sbtest7 WHERE k BETWEEN 1880241 AND 1880341
	Bitmap Heap Scan on sbtest7  (cost=5.45..397.54 rows=99 width=125)
	  Recheck Cond: ((k >= 1880241) AND (k <= 1880341))
	  ->  Bitmap Index Scan on k_7  (cost=0.00..5.42 rows=99 width=0)
	        Index Cond: ((k >= 1880241) AND (k <= 1880341))

table 8 : explain SELECT k, c FROM sbtest8 WHERE k BETWEEN 1880241 AND 1880341
	Bitmap Heap Scan on sbtest8  (cost=5.52..425.15 rows=106 width=125)
	  Recheck Cond: ((k >= 1880241) AND (k <= 1880341))
	  ->  Bitmap Index Scan on k_8  (cost=0.00..5.50 rows=106 width=0)
	        Index Cond: ((k >= 1880241) AND (k <= 1880341))

for range-notcovered
table 1 : explain SELECT k, c FROM sbtest1 WHERE k BETWEEN 5912230 AND 5912330
	Bitmap Heap Scan on sbtest1  (cost=5.49..413.31 rows=103 width=125)
	  Recheck Cond: ((k >= 5912230) AND (k <= 5912330))
	  ->  Bitmap Index Scan on k_1  (cost=0.00..5.46 rows=103 width=0)
	        Index Cond: ((k >= 5912230) AND (k <= 5912330))

table 2 : explain SELECT k, c FROM sbtest2 WHERE k BETWEEN 5912230 AND 5912330
	Bitmap Heap Scan on sbtest2  (cost=5.42..385.73 rows=96 width=125)
	  Recheck Cond: ((k >= 5912230) AND (k <= 5912330))
	  ->  Bitmap Index Scan on k_2  (cost=0.00..5.39 rows=96 width=0)
	        Index Cond: ((k >= 5912230) AND (k <= 5912330))

table 3 : explain SELECT k, c FROM sbtest3 WHERE k BETWEEN 5912230 AND 5912330
	Bitmap Heap Scan on sbtest3  (cost=5.48..409.34 rows=102 width=125)
	  Recheck Cond: ((k >= 5912230) AND (k <= 5912330))
	  ->  Bitmap Index Scan on k_3  (cost=0.00..5.45 rows=102 width=0)
	        Index Cond: ((k >= 5912230) AND (k <= 5912330))

table 4 : explain SELECT k, c FROM sbtest4 WHERE k BETWEEN 5912230 AND 5912330
	Bitmap Heap Scan on sbtest4  (cost=5.43..389.65 rows=97 width=125)
	  Recheck Cond: ((k >= 5912230) AND (k <= 5912330))
	  ->  Bitmap Index Scan on k_4  (cost=0.00..5.40 rows=97 width=0)
	        Index Cond: ((k >= 5912230) AND (k <= 5912330))

table 5 : explain SELECT k, c FROM sbtest5 WHERE k BETWEEN 5912230 AND 5912330
	Bitmap Heap Scan on sbtest5  (cost=5.50..417.28 rows=104 width=125)
	  Recheck Cond: ((k >= 5912230) AND (k <= 5912330))
	  ->  Bitmap Index Scan on k_5  (cost=0.00..5.47 rows=104 width=0)
	        Index Cond: ((k >= 5912230) AND (k <= 5912330))

table 6 : explain SELECT k, c FROM sbtest6 WHERE k BETWEEN 5912230 AND 5912330
	Bitmap Heap Scan on sbtest6  (cost=5.50..417.26 rows=104 width=125)
	  Recheck Cond: ((k >= 5912230) AND (k <= 5912330))
	  ->  Bitmap Index Scan on k_6  (cost=0.00..5.47 rows=104 width=0)
	        Index Cond: ((k >= 5912230) AND (k <= 5912330))

table 7 : explain SELECT k, c FROM sbtest7 WHERE k BETWEEN 5912230 AND 5912330
	Bitmap Heap Scan on sbtest7  (cost=5.44..393.60 rows=98 width=125)
	  Recheck Cond: ((k >= 5912230) AND (k <= 5912330))
	  ->  Bitmap Index Scan on k_7  (cost=0.00..5.42 rows=98 width=0)
	        Index Cond: ((k >= 5912230) AND (k <= 5912330))

table 8 : explain SELECT k, c FROM sbtest8 WHERE k BETWEEN 5912230 AND 5912330
	Bitmap Heap Scan on sbtest8  (cost=5.44..393.61 rows=98 width=125)
	  Recheck Cond: ((k >= 5912230) AND (k <= 5912330))
	  ->  Bitmap Index Scan on k_8  (cost=0.00..5.42 rows=98 width=0)
	        Index Cond: ((k >= 5912230) AND (k <= 5912330))

explain: for range-notcovered :: explain SELECT k, c FROM sbtest%d WHERE k BETWEEN 4815064 AND 4815164explain: for range-notcovered :: explain SELECT k, c FROM sbtest%d WHERE k BETWEEN 7488677 AND 7488777
explain: for range-notcovered :: explain SELECT k, c FROM sbtest%d WHERE k BETWEEN 6128050 AND 6128150
explain: for range-notcovered :: explain SELECT k, c FROM sbtest%d WHERE k BETWEEN 3406885 AND 3406985for range-notcovered
table 1 : explain SELECT k, c FROM sbtest1 WHERE k BETWEEN 6598920 AND 6599020
	Bitmap Heap Scan on sbtest1  (cost=5.44..393.59 rows=98 width=125)
	  Recheck Cond: ((k >= 6598920) AND (k <= 6599020))
	  ->  Bitmap Index Scan on k_1  (cost=0.00..5.42 rows=98 width=0)
	        Index Cond: ((k >= 6598920) AND (k <= 6599020))

table 2 : explain SELECT k, c FROM sbtest2 WHERE k BETWEEN 6598920 AND 6599020
	Bitmap Heap Scan on sbtest2  (cost=5.46..401.51 rows=100 width=125)
	  Recheck Cond: ((k >= 6598920) AND (k <= 6599020))
	  ->  Bitmap Index Scan on k_2  (cost=0.00..5.43 rows=100 width=0)
	        Index Cond: ((k >= 6598920) AND (k <= 6599020))

table 3 : explain SELECT k, c FROM sbtest3 WHERE k BETWEEN 6598920 AND 6599020
	Bitmap Heap Scan on sbtest3  (cost=5.42..385.68 rows=96 width=125)
	  Recheck Cond: ((k >= 6598920) AND (k <= 6599020))
	  ->  Bitmap Index Scan on k_3  (cost=0.00..5.39 rows=96 width=0)
	        Index Cond: ((k >= 6598920) AND (k <= 6599020))

table 4 : explain SELECT k, c FROM sbtest4 WHERE k BETWEEN 6598920 AND 6599020
	Bitmap Heap Scan on sbtest4  (cost=5.48..409.36 rows=102 width=125)
	  Recheck Cond: ((k >= 6598920) AND (k <= 6599020))
	  ->  Bitmap Index Scan on k_4  (cost=0.00..5.45 rows=102 width=0)
	        Index Cond: ((k >= 6598920) AND (k <= 6599020))

table 5 : explain SELECT k, c FROM sbtest5 WHERE k BETWEEN 6598920 AND 6599020
	Bitmap Heap Scan on sbtest5  (cost=5.46..401.51 rows=100 width=125)
	  Recheck Cond: ((k >= 6598920) AND (k <= 6599020))
	  ->  Bitmap Index Scan on k_5  (cost=0.00..5.43 rows=100 width=0)
	        Index Cond: ((k >= 6598920) AND (k <= 6599020))

table 6 : explain SELECT k, c FROM sbtest6 WHERE k BETWEEN 6598920 AND 6599020
	Bitmap Heap Scan on sbtest6  (cost=5.49..413.31 rows=103 width=125)
	  Recheck Cond: ((k >= 6598920) AND (k <= 6599020))
	  ->  Bitmap Index Scan on k_6  (cost=0.00..5.46 rows=103 width=0)
	        Index Cond: ((k >= 6598920) AND (k <= 6599020))

table 7 : explain SELECT k, c FROM sbtest7 WHERE k BETWEEN 6598920 AND 6599020
	Bitmap Heap Scan on sbtest7  (cost=5.45..397.54 rows=99 width=125)
	  Recheck Cond: ((k >= 6598920) AND (k <= 6599020))
	  ->  Bitmap Index Scan on k_7  (cost=0.00..5.42 rows=99 width=0)
	        Index Cond: ((k >= 6598920) AND (k <= 6599020))

table 8 : explain SELECT k, c FROM sbtest8 WHERE k BETWEEN 6598920 AND 6599020
	Bitmap Heap Scan on sbtest8  (cost=5.43..389.66 rows=97 width=125)
	  Recheck Cond: ((k >= 6598920) AND (k <= 6599020))
	  ->  Bitmap Index Scan on k_8  (cost=0.00..5.40 rows=97 width=0)
	        Index Cond: ((k >= 6598920) AND (k <= 6599020))

for range-notcovered
table 1 : explain SELECT k, c FROM sbtest1 WHERE k BETWEEN 2748161 AND 2748261
	Bitmap Heap Scan on sbtest1  (cost=5.43..389.65 rows=97 width=125)
	  Recheck Cond: ((k >= 2748161) AND (k <= 2748261))
	  ->  Bitmap Index Scan on k_1  (cost=0.00..5.40 rows=97 width=0)
	        Index Cond: ((k >= 2748161) AND (k <= 2748261))

table 2 : explain SELECT k, c FROM sbtest2 WHERE k BETWEEN 2748161 AND 2748261
	Bitmap Heap Scan on sbtest2  (cost=5.53..429.10 rows=107 width=125)
	  Recheck Cond: ((k >= 2748161) AND (k <= 2748261))
	  ->  Bitmap Index Scan on k_2  (cost=0.00..5.50 rows=107 width=0)
	        Index Cond: ((k >= 2748161) AND (k <= 2748261))

table 3 : explain SELECT k, c FROM sbtest3 WHERE k BETWEEN 2748161 AND 2748261
	Bitmap Heap Scan on sbtest3  (cost=5.49..413.28 rows=103 width=125)
	  Recheck Cond: ((k >= 2748161) AND (k <= 2748261))
	  ->  Bitmap Index Scan on k_3  (cost=0.00..5.46 rows=103 width=0)
	        Index Cond: ((k >= 2748161) AND (k <= 2748261))

table 4 : explain SELECT k, c FROM sbtest4 WHERE k BETWEEN 2748161 AND 2748261
	Bitmap Heap Scan on sbtest4  (cost=5.42..385.70 rows=96 width=125)
	  Recheck Cond: ((k >= 2748161) AND (k <= 2748261))
	  ->  Bitmap Index Scan on k_4  (cost=0.00..5.39 rows=96 width=0)
	        Index Cond: ((k >= 2748161) AND (k <= 2748261))

table 5 : explain SELECT k, c FROM sbtest5 WHERE k BETWEEN 2748161 AND 2748261
	Bitmap Heap Scan on sbtest5  (cost=5.52..425.16 rows=106 width=125)
	  Recheck Cond: ((k >= 2748161) AND (k <= 2748261))
	  ->  Bitmap Index Scan on k_5  (cost=0.00..5.50 rows=106 width=0)
	        Index Cond: ((k >= 2748161) AND (k <= 2748261))

table 6 : explain SELECT k, c FROM sbtest6 WHERE k BETWEEN 2748161 AND 2748261
	Bitmap Heap Scan on sbtest6  (cost=5.46..401.49 rows=100 width=125)
	  Recheck Cond: ((k >= 2748161) AND (k <= 2748261))
	  ->  Bitmap Index Scan on k_6  (cost=0.00..5.43 rows=100 width=0)
	        Index Cond: ((k >= 2748161) AND (k <= 2748261))

table 7 : explain SELECT k, c FROM sbtest7 WHERE k BETWEEN 2748161 AND 2748261
	Bitmap Heap Scan on sbtest7  (cost=5.47..405.43 rows=101 width=125)
	  Recheck Cond: ((k >= 2748161) AND (k <= 2748261))
	  ->  Bitmap Index Scan on k_7  (cost=0.00..5.44 rows=101 width=0)
	        Index Cond: ((k >= 2748161) AND (k <= 2748261))

table 8 : explain SELECT k, c FROM sbtest8 WHERE k BETWEEN 2748161 AND 2748261
	Bitmap Heap Scan on sbtest8  (cost=5.59..452.72 rows=113 width=125)
	  Recheck Cond: ((k >= 2748161) AND (k <= 2748261))
	  ->  Bitmap Index Scan on k_8  (cost=0.00..5.56 rows=113 width=0)
	        Index Cond: ((k >= 2748161) AND (k <= 2748261))

explain: for range-notcovered :: explain SELECT k, c FROM sbtest%d WHERE k BETWEEN 4875382 AND 4875482
explain: for range-notcovered :: explain SELECT k, c FROM sbtest%d WHERE k BETWEEN 1289756 AND 1289856

for range-notcovered
table 1 : explain SELECT k, c FROM sbtest1 WHERE k BETWEEN 3595470 AND 3595570
	Bitmap Heap Scan on sbtest1  (cost=5.38..369.92 rows=92 width=125)
	  Recheck Cond: ((k >= 3595470) AND (k <= 3595570))
	  ->  Bitmap Index Scan on k_1  (cost=0.00..5.35 rows=92 width=0)
	        Index Cond: ((k >= 3595470) AND (k <= 3595570))

table 2 : explain SELECT k, c FROM sbtest2 WHERE k BETWEEN 3595470 AND 3595570
	Bitmap Heap Scan on sbtest2  (cost=5.51..421.22 rows=105 width=125)
	  Recheck Cond: ((k >= 3595470) AND (k <= 3595570))
	  ->  Bitmap Index Scan on k_2  (cost=0.00..5.48 rows=105 width=0)
	        Index Cond: ((k >= 3595470) AND (k <= 3595570))

table 3 : explain SELECT k, c FROM sbtest3 WHERE k BETWEEN 3595470 AND 3595570
	Bitmap Heap Scan on sbtest3  (cost=5.46..401.45 rows=100 width=125)
	  Recheck Cond: ((k >= 3595470) AND (k <= 3595570))
	  ->  Bitmap Index Scan on k_3  (cost=0.00..5.43 rows=100 width=0)
	        Index Cond: ((k >= 3595470) AND (k <= 3595570))

table 4 : explain SELECT k, c FROM sbtest4 WHERE k BETWEEN 3595470 AND 3595570
	Bitmap Heap Scan on sbtest4  (cost=5.37..365.97 rows=91 width=125)
	  Recheck Cond: ((k >= 3595470) AND (k <= 3595570))
	  ->  Bitmap Index Scan on k_4  (cost=0.00..5.34 rows=91 width=0)
	        Index Cond: ((k >= 3595470) AND (k <= 3595570))

table 5 : explain SELECT k, c FROM sbtest5 WHERE k BETWEEN 3595470 AND 3595570
	Bitmap Heap Scan on sbtest5  (cost=5.46..401.51 rows=100 width=125)
	  Recheck Cond: ((k >= 3595470) AND (k <= 3595570))
	  ->  Bitmap Index Scan on k_5  (cost=0.00..5.43 rows=100 width=0)
	        Index Cond: ((k >= 3595470) AND (k <= 3595570))

table 6 : explain SELECT k, c FROM sbtest6 WHERE k BETWEEN 3595470 AND 3595570
	Bitmap Heap Scan on sbtest6  (cost=5.38..369.93 rows=92 width=125)
	  Recheck Cond: ((k >= 3595470) AND (k <= 3595570))
	  ->  Bitmap Index Scan on k_6  (cost=0.00..5.35 rows=92 width=0)
	        Index Cond: ((k >= 3595470) AND (k <= 3595570))

table 7 : explain SELECT k, c FROM sbtest7 WHERE k BETWEEN 3595470 AND 3595570
	Bitmap Heap Scan on sbtest7  (cost=5.47..405.43 rows=101 width=125)
	  Recheck Cond: ((k >= 3595470) AND (k <= 3595570))
	  ->  Bitmap Index Scan on k_7  (cost=0.00..5.44 rows=101 width=0)
	        Index Cond: ((k >= 3595470) AND (k <= 3595570))

table 8 : explain SELECT k, c FROM sbtest8 WHERE k BETWEEN 3595470 AND 3595570
	Bitmap Heap Scan on sbtest8  (cost=5.45..397.55 rows=99 width=125)
	  Recheck Cond: ((k >= 3595470) AND (k <= 3595570))
	  ->  Bitmap Index Scan on k_8  (cost=0.00..5.42 rows=99 width=0)
	        Index Cond: ((k >= 3595470) AND (k <= 3595570))
for range-notcovered
table 1 : explain SELECT k, c FROM sbtest1 WHERE k BETWEEN 5964910 AND 5965010
	Bitmap Heap Scan on sbtest1  (cost=5.52..425.13 rows=106 width=125)
	  Recheck Cond: ((k >= 5964910) AND (k <= 5965010))
	  ->  Bitmap Index Scan on k_1  (cost=0.00..5.50 rows=106 width=0)
	        Index Cond: ((k >= 5964910) AND (k <= 5965010))

table 2 : explain SELECT k, c FROM sbtest2 WHERE k BETWEEN 5964910 AND 5965010
	Bitmap Heap Scan on sbtest2  (cost=5.42..385.73 rows=96 width=125)
	  Recheck Cond: ((k >= 5964910) AND (k <= 5965010))
	  ->  Bitmap Index Scan on k_2  (cost=0.00..5.39 rows=96 width=0)
	        Index Cond: ((k >= 5964910) AND (k <= 5965010))

table 3 : explain SELECT k, c FROM sbtest3 WHERE k BETWEEN 5964910 AND 5965010
	Bitmap Heap Scan on sbtest3  (cost=5.39..373.85 rows=93 width=125)
	  Recheck Cond: ((k >= 5964910) AND (k <= 5965010))
	  ->  Bitmap Index Scan on k_3  (cost=0.00..5.36 rows=93 width=0)
	        Index Cond: ((k >= 5964910) AND (k <= 5965010))

table 4 : explain SELECT k, c FROM sbtest4 WHERE k BETWEEN 5964910 AND 5965010
	Bitmap Heap Scan on sbtest4  (cost=5.54..433.01 rows=108 width=125)
	  Recheck Cond: ((k >= 5964910) AND (k <= 5965010))
	  ->  Bitmap Index Scan on k_4  (cost=0.00..5.51 rows=108 width=0)
	        Index Cond: ((k >= 5964910) AND (k <= 5965010))

table 5 : explain SELECT k, c FROM sbtest5 WHERE k BETWEEN 5964910 AND 5965010
	Bitmap Heap Scan on sbtest5  (cost=5.50..417.28 rows=104 width=125)
	  Recheck Cond: ((k >= 5964910) AND (k <= 5965010))
	  ->  Bitmap Index Scan on k_5  (cost=0.00..5.47 rows=104 width=0)
	        Index Cond: ((k >= 5964910) AND (k <= 5965010))

table 6 : explain SELECT k, c FROM sbtest6 WHERE k BETWEEN 5964910 AND 5965010
	Bitmap Heap Scan on sbtest6  (cost=5.50..417.26 rows=104 width=125)
	  Recheck Cond: ((k >= 5964910) AND (k <= 5965010))
	  ->  Bitmap Index Scan on k_6  (cost=0.00..5.47 rows=104 width=0)
	        Index Cond: ((k >= 5964910) AND (k <= 5965010))

table 7 : explain SELECT k, c FROM sbtest7 WHERE k BETWEEN 5964910 AND 5965010
	Bitmap Heap Scan on sbtest7  (cost=5.44..393.60 rows=98 width=125)
	  Recheck Cond: ((k >= 5964910) AND (k <= 5965010))
	  ->  Bitmap Index Scan on k_7  (cost=0.00..5.42 rows=98 width=0)
	        Index Cond: ((k >= 5964910) AND (k <= 5965010))

table 8 : explain SELECT k, c FROM sbtest8 WHERE k BETWEEN 5964910 AND 5965010
	Bitmap Heap Scan on sbtest8  (cost=5.44..393.61 rows=98 width=125)
	  Recheck Cond: ((k >= 5964910) AND (k <= 5965010))
	  ->  Bitmap Index Scan on k_8  (cost=0.00..5.42 rows=98 width=0)
	        Index Cond: ((k >= 5964910) AND (k <= 5965010))

for range-notcovered
table 1 : explain SELECT k, c FROM sbtest1 WHERE k BETWEEN 8429688 AND 8429788
	Bitmap Heap Scan on sbtest1  (cost=5.45..397.54 rows=99 width=125)
	  Recheck Cond: ((k >= 8429688) AND (k <= 8429788))
	  ->  Bitmap Index Scan on k_1  (cost=0.00..5.42 rows=99 width=0)
	        Index Cond: ((k >= 8429688) AND (k <= 8429788))

table 2 : explain SELECT k, c FROM sbtest2 WHERE k BETWEEN 8429688 AND 8429788
	Bitmap Heap Scan on sbtest2  (cost=5.45..397.57 rows=99 width=125)
	  Recheck Cond: ((k >= 8429688) AND (k <= 8429788))
	  ->  Bitmap Index Scan on k_2  (cost=0.00..5.42 rows=99 width=0)
	        Index Cond: ((k >= 8429688) AND (k <= 8429788))

table 3 : explain SELECT k, c FROM sbtest3 WHERE k BETWEEN 8429688 AND 8429788
	Bitmap Heap Scan on sbtest3  (cost=5.43..389.62 rows=97 width=125)
	  Recheck Cond: ((k >= 8429688) AND (k <= 8429788))
	  ->  Bitmap Index Scan on k_3  (cost=0.00..5.40 rows=97 width=0)
	        Index Cond: ((k >= 8429688) AND (k <= 8429788))

table 4 : explain SELECT k, c FROM sbtest4 WHERE k BETWEEN 8429688 AND 8429788
	Bitmap Heap Scan on sbtest4  (cost=5.48..409.36 rows=102 width=125)
	  Recheck Cond: ((k >= 8429688) AND (k <= 8429788))
	  ->  Bitmap Index Scan on k_4  (cost=0.00..5.45 rows=102 width=0)
	        Index Cond: ((k >= 8429688) AND (k <= 8429788))

table 5 : explain SELECT k, c FROM sbtest5 WHERE k BETWEEN 8429688 AND 8429788
	Bitmap Heap Scan on sbtest5  (cost=5.50..417.28 rows=104 width=125)
	  Recheck Cond: ((k >= 8429688) AND (k <= 8429788))
	  ->  Bitmap Index Scan on k_5  (cost=0.00..5.47 rows=104 width=0)
	        Index Cond: ((k >= 8429688) AND (k <= 8429788))

table 6 : explain SELECT k, c FROM sbtest6 WHERE k BETWEEN 8429688 AND 8429788
	Bitmap Heap Scan on sbtest6  (cost=5.55..436.96 rows=109 width=125)
	  Recheck Cond: ((k >= 8429688) AND (k <= 8429788))
	  ->  Bitmap Index Scan on k_6  (cost=0.00..5.52 rows=109 width=0)
	        Index Cond: ((k >= 8429688) AND (k <= 8429788))

table 7 : explain SELECT k, c FROM sbtest7 WHERE k BETWEEN 8429688 AND 8429788
	Bitmap Heap Scan on sbtest7  (cost=5.52..425.14 rows=106 width=125)
	  Recheck Cond: ((k >= 8429688) AND (k <= 8429788))
	  ->  Bitmap Index Scan on k_7  (cost=0.00..5.50 rows=106 width=0)
	        Index Cond: ((k >= 8429688) AND (k <= 8429788))

table 8 : explain SELECT k, c FROM sbtest8 WHERE k BETWEEN 8429688 AND 8429788
	Bitmap Heap Scan on sbtest8  (cost=5.54..433.03 rows=108 width=125)
	  Recheck Cond: ((k >= 8429688) AND (k <= 8429788))
	  ->  Bitmap Index Scan on k_8  (cost=0.00..5.51 rows=108 width=0)
	        Index Cond: ((k >= 8429688) AND (k <= 8429788))

explain: for range-notcovered :: explain SELECT k, c FROM sbtest%d WHERE k BETWEEN 6924761 AND 6924861
explain: for range-notcovered :: explain SELECT k, c FROM sbtest%d WHERE k BETWEEN 6714694 AND 6714794
explain: for range-notcovered :: explain SELECT k, c FROM sbtest%d WHERE k BETWEEN 1880241 AND 1880341
explain: for range-notcovered :: explain SELECT k, c FROM sbtest%d WHERE k BETWEEN 5912230 AND 5912330explain: for range-notcovered :: explain SELECT k, c FROM sbtest%d WHERE k BETWEEN 5964910 AND 5965010
for range-notcovered
table 1 : explain SELECT k, c FROM sbtest1 WHERE k BETWEEN 4780123 AND 4780223
	Bitmap Heap Scan on sbtest1  (cost=5.40..377.81 rows=94 width=125)
	  Recheck Cond: ((k >= 4780123) AND (k <= 4780223))
	  ->  Bitmap Index Scan on k_1  (cost=0.00..5.38 rows=94 width=0)
	        Index Cond: ((k >= 4780123) AND (k <= 4780223))

table 2 : explain SELECT k, c FROM sbtest2 WHERE k BETWEEN 4780123 AND 4780223
	Bitmap Heap Scan on sbtest2  (cost=5.49..413.34 rows=103 width=125)
	  Recheck Cond: ((k >= 4780123) AND (k <= 4780223))
	  ->  Bitmap Index Scan on k_2  (cost=0.00..5.46 rows=103 width=0)
	        Index Cond: ((k >= 4780123) AND (k <= 4780223))

table 3 : explain SELECT k, c FROM sbtest3 WHERE k BETWEEN 4780123 AND 4780223
	Bitmap Heap Scan on sbtest3  (cost=5.48..409.34 rows=102 width=125)
	  Recheck Cond: ((k >= 4780123) AND (k <= 4780223))
	  ->  Bitmap Index Scan on k_3  (cost=0.00..5.45 rows=102 width=0)
	        Index Cond: ((k >= 4780123) AND (k <= 4780223))

table 4 : explain SELECT k, c FROM sbtest4 WHERE k BETWEEN 4780123 AND 4780223
	Bitmap Heap Scan on sbtest4  (cost=5.43..389.65 rows=97 width=125)
	  Recheck Cond: ((k >= 4780123) AND (k <= 4780223))
	  ->  Bitmap Index Scan on k_4  (cost=0.00..5.40 rows=97 width=0)
	        Index Cond: ((k >= 4780123) AND (k <= 4780223))

table 5 : explain SELECT k, c FROM sbtest5 WHERE k BETWEEN 4780123 AND 4780223
	Bitmap Heap Scan on sbtest5  (cost=5.52..425.16 rows=106 width=125)
	  Recheck Cond: ((k >= 4780123) AND (k <= 4780223))
	  ->  Bitmap Index Scan on k_5  (cost=0.00..5.50 rows=106 width=0)
	        Index Cond: ((k >= 4780123) AND (k <= 4780223))

table 6 : explain SELECT k, c FROM sbtest6 WHERE k BETWEEN 4780123 AND 4780223
	Bitmap Heap Scan on sbtest6  (cost=5.61..460.59 rows=115 width=125)
	  Recheck Cond: ((k >= 4780123) AND (k <= 4780223))
	  ->  Bitmap Index Scan on k_6  (cost=0.00..5.58 rows=115 width=0)
	        Index Cond: ((k >= 4780123) AND (k <= 4780223))

table 7 : explain SELECT k, c FROM sbtest7 WHERE k BETWEEN 4780123 AND 4780223
	Bitmap Heap Scan on sbtest7  (cost=5.37..365.98 rows=91 width=125)
	  Recheck Cond: ((k >= 4780123) AND (k <= 4780223))
	  ->  Bitmap Index Scan on k_7  (cost=0.00..5.34 rows=91 width=0)
	        Index Cond: ((k >= 4780123) AND (k <= 4780223))

table 8 : explain SELECT k, c FROM sbtest8 WHERE k BETWEEN 4780123 AND 4780223
	Bitmap Heap Scan on sbtest8  (cost=5.46..401.49 rows=100 width=125)
	  Recheck Cond: ((k >= 4780123) AND (k <= 4780223))
	  ->  Bitmap Index Scan on k_8  (cost=0.00..5.43 rows=100 width=0)
	        Index Cond: ((k >= 4780123) AND (k <= 4780223))

for range-notcovered
table 1 : explain SELECT k, c FROM sbtest1 WHERE k BETWEEN 6852626 AND 6852726
	Bitmap Heap Scan on sbtest1  (cost=5.56..440.89 rows=110 width=125)
	  Recheck Cond: ((k >= 6852626) AND (k <= 6852726))
	  ->  Bitmap Index Scan on k_1  (cost=0.00..5.53 rows=110 width=0)
	        Index Cond: ((k >= 6852626) AND (k <= 6852726))

table 2 : explain SELECT k, c FROM sbtest2 WHERE k BETWEEN 6852626 AND 6852726
	Bitmap Heap Scan on sbtest2  (cost=5.51..421.22 rows=105 width=125)
	  Recheck Cond: ((k >= 6852626) AND (k <= 6852726))
	  ->  Bitmap Index Scan on k_2  (cost=0.00..5.48 rows=105 width=0)
	        Index Cond: ((k >= 6852626) AND (k <= 6852726))

table 3 : explain SELECT k, c FROM sbtest3 WHERE k BETWEEN 6852626 AND 6852726
	Bitmap Heap Scan on sbtest3  (cost=5.48..409.34 rows=102 width=125)
	  Recheck Cond: ((k >= 6852626) AND (k <= 6852726))
	  ->  Bitmap Index Scan on k_3  (cost=0.00..5.45 rows=102 width=0)
	        Index Cond: ((k >= 6852626) AND (k <= 6852726))

table 4 : explain SELECT k, c FROM sbtest4 WHERE k BETWEEN 6852626 AND 6852726
	Bitmap Heap Scan on sbtest4  (cost=5.51..421.19 rows=105 width=125)
	  Recheck Cond: ((k >= 6852626) AND (k <= 6852726))
	  ->  Bitmap Index Scan on k_4  (cost=0.00..5.48 rows=105 width=0)
	        Index Cond: ((k >= 6852626) AND (k <= 6852726))

table 5 : explain SELECT k, c FROM sbtest5 WHERE k BETWEEN 6852626 AND 6852726
	Bitmap Heap Scan on sbtest5  (cost=5.46..401.51 rows=100 width=125)
	  Recheck Cond: ((k >= 6852626) AND (k <= 6852726))
	  ->  Bitmap Index Scan on k_5  (cost=0.00..5.43 rows=100 width=0)
	        Index Cond: ((k >= 6852626) AND (k <= 6852726))

table 6 : explain SELECT k, c FROM sbtest6 WHERE k BETWEEN 6852626 AND 6852726
	Bitmap Heap Scan on sbtest6  (cost=5.53..429.08 rows=107 width=125)
	  Recheck Cond: ((k >= 6852626) AND (k <= 6852726))
	  ->  Bitmap Index Scan on k_6  (cost=0.00..5.50 rows=107 width=0)
	        Index Cond: ((k >= 6852626) AND (k <= 6852726))

table 7 : explain SELECT k, c FROM sbtest7 WHERE k BETWEEN 6852626 AND 6852726
	Bitmap Heap Scan on sbtest7  (cost=5.46..401.49 rows=100 width=125)
	  Recheck Cond: ((k >= 6852626) AND (k <= 6852726))
	  ->  Bitmap Index Scan on k_7  (cost=0.00..5.43 rows=100 width=0)
	        Index Cond: ((k >= 6852626) AND (k <= 6852726))

table 8 : explain SELECT k, c FROM sbtest8 WHERE k BETWEEN 6852626 AND 6852726
	Bitmap Heap Scan on sbtest8  (cost=5.46..401.49 rows=100 width=125)
	  Recheck Cond: ((k >= 6852626) AND (k <= 6852726))
	  ->  Bitmap Index Scan on k_8  (cost=0.00..5.43 rows=100 width=0)
	        Index Cond: ((k >= 6852626) AND (k <= 6852726))

explain: for range-notcovered :: explain SELECT k, c FROM sbtest%d WHERE k BETWEEN 6598920 AND 6599020

explain: for range-notcovered :: explain SELECT k, c FROM sbtest%d WHERE k BETWEEN 8429688 AND 8429788
explain: for range-notcovered :: explain SELECT k, c FROM sbtest%d WHERE k BETWEEN 2748161 AND 2748261
for range-notcovered
table 1 : explain SELECT k, c FROM sbtest1 WHERE k BETWEEN 5419310 AND 5419410
	Bitmap Heap Scan on sbtest1  (cost=5.50..417.25 rows=104 width=125)
	  Recheck Cond: ((k >= 5419310) AND (k <= 5419410))
	  ->  Bitmap Index Scan on k_1  (cost=0.00..5.47 rows=104 width=0)
	        Index Cond: ((k >= 5419310) AND (k <= 5419410))

table 2 : explain SELECT k, c FROM sbtest2 WHERE k BETWEEN 5419310 AND 5419410
	Bitmap Heap Scan on sbtest2  (cost=5.49..413.34 rows=103 width=125)
	  Recheck Cond: ((k >= 5419310) AND (k <= 5419410))
	  ->  Bitmap Index Scan on k_2  (cost=0.00..5.46 rows=103 width=0)
	        Index Cond: ((k >= 5419310) AND (k <= 5419410))

table 3 : explain SELECT k, c FROM sbtest3 WHERE k BETWEEN 5419310 AND 5419410
	Bitmap Heap Scan on sbtest3  (cost=5.56..440.86 rows=110 width=125)
	  Recheck Cond: ((k >= 5419310) AND (k <= 5419410))
	  ->  Bitmap Index Scan on k_3  (cost=0.00..5.53 rows=110 width=0)
	        Index Cond: ((k >= 5419310) AND (k <= 5419410))

table 4 : explain SELECT k, c FROM sbtest4 WHERE k BETWEEN 5419310 AND 5419410
	Bitmap Heap Scan on sbtest4  (cost=5.54..433.01 rows=108 width=125)
	  Recheck Cond: ((k >= 5419310) AND (k <= 5419410))
	  ->  Bitmap Index Scan on k_4  (cost=0.00..5.51 rows=108 width=0)
	        Index Cond: ((k >= 5419310) AND (k <= 5419410))

table 5 : explain SELECT k, c FROM sbtest5 WHERE k BETWEEN 5419310 AND 5419410
	Bitmap Heap Scan on sbtest5  (cost=5.46..401.51 rows=100 width=125)
	  Recheck Cond: ((k >= 5419310) AND (k <= 5419410))
	  ->  Bitmap Index Scan on k_5  (cost=0.00..5.43 rows=100 width=0)
	        Index Cond: ((k >= 5419310) AND (k <= 5419410))

table 6 : explain SELECT k, c FROM sbtest6 WHERE k BETWEEN 5419310 AND 5419410
	Bitmap Heap Scan on sbtest6  (cost=5.63..468.46 rows=117 width=125)
	  Recheck Cond: ((k >= 5419310) AND (k <= 5419410))
	  ->  Bitmap Index Scan on k_6  (cost=0.00..5.60 rows=117 width=0)
	        Index Cond: ((k >= 5419310) AND (k <= 5419410))

table 7 : explain SELECT k, c FROM sbtest7 WHERE k BETWEEN 5419310 AND 5419410
	Bitmap Heap Scan on sbtest7  (cost=5.45..397.54 rows=99 width=125)
	  Recheck Cond: ((k >= 5419310) AND (k <= 5419410))
	  ->  Bitmap Index Scan on k_7  (cost=0.00..5.42 rows=99 width=0)
	        Index Cond: ((k >= 5419310) AND (k <= 5419410))

table 8 : explain SELECT k, c FROM sbtest8 WHERE k BETWEEN 5419310 AND 5419410
	Bitmap Heap Scan on sbtest8  (cost=5.50..417.26 rows=104 width=125)
	  Recheck Cond: ((k >= 5419310) AND (k <= 5419410))
	  ->  Bitmap Index Scan on k_8  (cost=0.00..5.47 rows=104 width=0)
	        Index Cond: ((k >= 5419310) AND (k <= 5419410))
explain: for range-notcovered :: explain SELECT k, c FROM sbtest%d WHERE k BETWEEN 6852626 AND 6852726

for range-notcovered
table 1 : explain SELECT k, c FROM sbtest1 WHERE k BETWEEN 8146709 AND 8146809
	Bitmap Heap Scan on sbtest1  (cost=5.44..393.59 rows=98 width=125)
	  Recheck Cond: ((k >= 8146709) AND (k <= 8146809))
	  ->  Bitmap Index Scan on k_1  (cost=0.00..5.42 rows=98 width=0)
	        Index Cond: ((k >= 8146709) AND (k <= 8146809))

table 2 : explain SELECT k, c FROM sbtest2 WHERE k BETWEEN 8146709 AND 8146809
	Bitmap Heap Scan on sbtest2  (cost=5.46..401.51 rows=100 width=125)
	  Recheck Cond: ((k >= 8146709) AND (k <= 8146809))
	  ->  Bitmap Index Scan on k_2  (cost=0.00..5.43 rows=100 width=0)
	        Index Cond: ((k >= 8146709) AND (k <= 8146809))

table 3 : explain SELECT k, c FROM sbtest3 WHERE k BETWEEN 8146709 AND 8146809
	Bitmap Heap Scan on sbtest3  (cost=5.48..409.34 rows=102 width=125)
	  Recheck Cond: ((k >= 8146709) AND (k <= 8146809))
	  ->  Bitmap Index Scan on k_3  (cost=0.00..5.45 rows=102 width=0)
	        Index Cond: ((k >= 8146709) AND (k <= 8146809))

table 4 : explain SELECT k, c FROM sbtest4 WHERE k BETWEEN 8146709 AND 8146809
	Bitmap Heap Scan on sbtest4  (cost=5.50..417.25 rows=104 width=125)
	  Recheck Cond: ((k >= 8146709) AND (k <= 8146809))
	  ->  Bitmap Index Scan on k_4  (cost=0.00..5.47 rows=104 width=0)
	        Index Cond: ((k >= 8146709) AND (k <= 8146809))

table 5 : explain SELECT k, c FROM sbtest5 WHERE k BETWEEN 8146709 AND 8146809
	Bitmap Heap Scan on sbtest5  (cost=5.54..433.05 rows=108 width=125)
	  Recheck Cond: ((k >= 8146709) AND (k <= 8146809))
	  ->  Bitmap Index Scan on k_5  (cost=0.00..5.51 rows=108 width=0)
	        Index Cond: ((k >= 8146709) AND (k <= 8146809))

table 6 : explain SELECT k, c FROM sbtest6 WHERE k BETWEEN 8146709 AND 8146809
	Bitmap Heap Scan on sbtest6  (cost=5.41..381.77 rows=95 width=125)
	  Recheck Cond: ((k >= 8146709) AND (k <= 8146809))
	  ->  Bitmap Index Scan on k_6  (cost=0.00..5.38 rows=95 width=0)
	        Index Cond: ((k >= 8146709) AND (k <= 8146809))

table 7 : explain SELECT k, c FROM sbtest7 WHERE k BETWEEN 8146709 AND 8146809
	Bitmap Heap Scan on sbtest7  (cost=5.52..425.14 rows=106 width=125)
	  Recheck Cond: ((k >= 8146709) AND (k <= 8146809))
	  ->  Bitmap Index Scan on k_7  (cost=0.00..5.50 rows=106 width=0)
	        Index Cond: ((k >= 8146709) AND (k <= 8146809))

table 8 : explain SELECT k, c FROM sbtest8 WHERE k BETWEEN 8146709 AND 8146809
	Bitmap Heap Scan on sbtest8  (cost=5.57..444.85 rows=111 width=125)
	  Recheck Cond: ((k >= 8146709) AND (k <= 8146809))
	  ->  Bitmap Index Scan on k_8  (cost=0.00..5.54 rows=111 width=0)
	        Index Cond: ((k >= 8146709) AND (k <= 8146809))

explain: for range-notcovered :: explain SELECT k, c FROM sbtest%d WHERE k BETWEEN 1575884 AND 1575984
for range-notcovered
table 1 : explain SELECT k, c FROM sbtest1 WHERE k BETWEEN 6997775 AND 6997875
	Bitmap Heap Scan on sbtest1  (cost=5.52..425.13 rows=106 width=125)
	  Recheck Cond: ((k >= 6997775) AND (k <= 6997875))
	  ->  Bitmap Index Scan on k_1  (cost=0.00..5.50 rows=106 width=0)
	        Index Cond: ((k >= 6997775) AND (k <= 6997875))

table 2 : explain SELECT k, c FROM sbtest2 WHERE k BETWEEN 6997775 AND 6997875
	Bitmap Heap Scan on sbtest2  (cost=5.52..425.16 rows=106 width=125)
	  Recheck Cond: ((k >= 6997775) AND (k <= 6997875))
	  ->  Bitmap Index Scan on k_2  (cost=0.00..5.50 rows=106 width=0)
	        Index Cond: ((k >= 6997775) AND (k <= 6997875))

table 3 : explain SELECT k, c FROM sbtest3 WHERE k BETWEEN 6997775 AND 6997875
	Bitmap Heap Scan on sbtest3  (cost=5.42..385.68 rows=96 width=125)
	  Recheck Cond: ((k >= 6997775) AND (k <= 6997875))
	  ->  Bitmap Index Scan on k_3  (cost=0.00..5.39 rows=96 width=0)
	        Index Cond: ((k >= 6997775) AND (k <= 6997875))

table 4 : explain SELECT k, c FROM sbtest4 WHERE k BETWEEN 6997775 AND 6997875
	Bitmap Heap Scan on sbtest4  (cost=5.43..389.65 rows=97 width=125)
	  Recheck Cond: ((k >= 6997775) AND (k <= 6997875))
	  ->  Bitmap Index Scan on k_4  (cost=0.00..5.40 rows=97 width=0)
	        Index Cond: ((k >= 6997775) AND (k <= 6997875))

table 5 : explain SELECT k, c FROM sbtest5 WHERE k BETWEEN 6997775 AND 6997875
	Bitmap Heap Scan on sbtest5  (cost=5.47..405.45 rows=101 width=125)
	  Recheck Cond: ((k >= 6997775) AND (k <= 6997875))
	  ->  Bitmap Index Scan on k_5  (cost=0.00..5.44 rows=101 width=0)
	        Index Cond: ((k >= 6997775) AND (k <= 6997875))

table 6 : explain SELECT k, c FROM sbtest6 WHERE k BETWEEN 6997775 AND 6997875
	Bitmap Heap Scan on sbtest6  (cost=5.47..405.43 rows=101 width=125)
	  Recheck Cond: ((k >= 6997775) AND (k <= 6997875))
	  ->  Bitmap Index Scan on k_6  (cost=0.00..5.44 rows=101 width=0)
	        Index Cond: ((k >= 6997775) AND (k <= 6997875))

table 7 : explain SELECT k, c FROM sbtest7 WHERE k BETWEEN 6997775 AND 6997875
	Bitmap Heap Scan on sbtest7  (cost=5.47..405.43 rows=101 width=125)
	  Recheck Cond: ((k >= 6997775) AND (k <= 6997875))
	  ->  Bitmap Index Scan on k_7  (cost=0.00..5.44 rows=101 width=0)
	        Index Cond: ((k >= 6997775) AND (k <= 6997875))

table 8 : explain SELECT k, c FROM sbtest8 WHERE k BETWEEN 6997775 AND 6997875
	Bitmap Heap Scan on sbtest8  (cost=5.55..436.97 rows=109 width=125)
	  Recheck Cond: ((k >= 6997775) AND (k <= 6997875))
	  ->  Bitmap Index Scan on k_8  (cost=0.00..5.52 rows=109 width=0)
	        Index Cond: ((k >= 6997775) AND (k <= 6997875))


for range-notcovered
table 1 : explain SELECT k, c FROM sbtest1 WHERE k BETWEEN 7541855 AND 7541955
	Bitmap Heap Scan on sbtest1  (cost=5.43..389.65 rows=97 width=125)
	  Recheck Cond: ((k >= 7541855) AND (k <= 7541955))
	  ->  Bitmap Index Scan on k_1  (cost=0.00..5.40 rows=97 width=0)
	        Index Cond: ((k >= 7541855) AND (k <= 7541955))

table 2 : explain SELECT k, c FROM sbtest2 WHERE k BETWEEN 7541855 AND 7541955
	Bitmap Heap Scan on sbtest2  (cost=5.42..385.73 rows=96 width=125)
	  Recheck Cond: ((k >= 7541855) AND (k <= 7541955))
	  ->  Bitmap Index Scan on k_2  (cost=0.00..5.39 rows=96 width=0)
	        Index Cond: ((k >= 7541855) AND (k <= 7541955))

table 3 : explain SELECT k, c FROM sbtest3 WHERE k BETWEEN 7541855 AND 7541955
	Bitmap Heap Scan on sbtest3  (cost=5.54..432.98 rows=108 width=125)
	  Recheck Cond: ((k >= 7541855) AND (k <= 7541955))
	  ->  Bitmap Index Scan on k_3  (cost=0.00..5.51 rows=108 width=0)
	        Index Cond: ((k >= 7541855) AND (k <= 7541955))

table 4 : explain SELECT k, c FROM sbtest4 WHERE k BETWEEN 7541855 AND 7541955
	Bitmap Heap Scan on sbtest4  (cost=5.44..393.59 rows=98 width=125)
	  Recheck Cond: ((k >= 7541855) AND (k <= 7541955))
	  ->  Bitmap Index Scan on k_4  (cost=0.00..5.42 rows=98 width=0)
	        Index Cond: ((k >= 7541855) AND (k <= 7541955))

table 5 : explain SELECT k, c FROM sbtest5 WHERE k BETWEEN 7541855 AND 7541955
	Bitmap Heap Scan on sbtest5  (cost=5.55..436.99 rows=109 width=125)
	  Recheck Cond: ((k >= 7541855) AND (k <= 7541955))
	  ->  Bitmap Index Scan on k_5  (cost=0.00..5.52 rows=109 width=0)
	        Index Cond: ((k >= 7541855) AND (k <= 7541955))

table 6 : explain SELECT k, c FROM sbtest6 WHERE k BETWEEN 7541855 AND 7541955
	Bitmap Heap Scan on sbtest6  (cost=5.48..409.37 rows=102 width=125)
	  Recheck Cond: ((k >= 7541855) AND (k <= 7541955))
	  ->  Bitmap Index Scan on k_6  (cost=0.00..5.45 rows=102 width=0)
	        Index Cond: ((k >= 7541855) AND (k <= 7541955))

table 7 : explain SELECT k, c FROM sbtest7 WHERE k BETWEEN 7541855 AND 7541955
	Bitmap Heap Scan on sbtest7  (cost=5.53..429.08 rows=107 width=125)
	  Recheck Cond: ((k >= 7541855) AND (k <= 7541955))
	  ->  Bitmap Index Scan on k_7  (cost=0.00..5.50 rows=107 width=0)
	        Index Cond: ((k >= 7541855) AND (k <= 7541955))

table 8 : explain SELECT k, c FROM sbtest8 WHERE k BETWEEN 7541855 AND 7541955
	Bitmap Heap Scan on sbtest8  (cost=5.47..405.44 rows=101 width=125)
	  Recheck Cond: ((k >= 7541855) AND (k <= 7541955))
	  ->  Bitmap Index Scan on k_8  (cost=0.00..5.44 rows=101 width=0)
	        Index Cond: ((k >= 7541855) AND (k <= 7541955))

explain: for range-notcovered :: explain SELECT k, c FROM sbtest%d WHERE k BETWEEN 2383613 AND 2383713
for range-notcovered
table 1 : explain SELECT k, c FROM sbtest1 WHERE k BETWEEN 1158135 AND 1158235
	Bitmap Heap Scan on sbtest1  (cost=5.49..413.31 rows=103 width=125)
	  Recheck Cond: ((k >= 1158135) AND (k <= 1158235))
	  ->  Bitmap Index Scan on k_1  (cost=0.00..5.46 rows=103 width=0)
	        Index Cond: ((k >= 1158135) AND (k <= 1158235))

table 2 : explain SELECT k, c FROM sbtest2 WHERE k BETWEEN 1158135 AND 1158235
	Bitmap Heap Scan on sbtest2  (cost=5.50..417.28 rows=104 width=125)
	  Recheck Cond: ((k >= 1158135) AND (k <= 1158235))
	  ->  Bitmap Index Scan on k_2  (cost=0.00..5.47 rows=104 width=0)
	        Index Cond: ((k >= 1158135) AND (k <= 1158235))

table 3 : explain SELECT k, c FROM sbtest3 WHERE k BETWEEN 1158135 AND 1158235
	Bitmap Heap Scan on sbtest3  (cost=5.54..432.98 rows=108 width=125)
	  Recheck Cond: ((k >= 1158135) AND (k <= 1158235))
	  ->  Bitmap Index Scan on k_3  (cost=0.00..5.51 rows=108 width=0)
	        Index Cond: ((k >= 1158135) AND (k <= 1158235))

table 4 : explain SELECT k, c FROM sbtest4 WHERE k BETWEEN 1158135 AND 1158235
	Bitmap Heap Scan on sbtest4  (cost=5.56..440.89 rows=110 width=125)
	  Recheck Cond: ((k >= 1158135) AND (k <= 1158235))
	  ->  Bitmap Index Scan on k_4  (cost=0.00..5.53 rows=110 width=0)
	        Index Cond: ((k >= 1158135) AND (k <= 1158235))

table 5 : explain SELECT k, c FROM sbtest5 WHERE k BETWEEN 1158135 AND 1158235
	Bitmap Heap Scan on sbtest5  (cost=5.55..436.99 rows=109 width=125)
	  Recheck Cond: ((k >= 1158135) AND (k <= 1158235))
	  ->  Bitmap Index Scan on k_5  (cost=0.00..5.52 rows=109 width=0)
	        Index Cond: ((k >= 1158135) AND (k <= 1158235))

table 6 : explain SELECT k, c FROM sbtest6 WHERE k BETWEEN 1158135 AND 1158235
	Bitmap Heap Scan on sbtest6  (cost=5.56..440.90 rows=110 width=125)
	  Recheck Cond: ((k >= 1158135) AND (k <= 1158235))
	  ->  Bitmap Index Scan on k_6  (cost=0.00..5.53 rows=110 width=0)
	        Index Cond: ((k >= 1158135) AND (k <= 1158235))

table 7 : explain SELECT k, c FROM sbtest7 WHERE k BETWEEN 1158135 AND 1158235
	Bitmap Heap Scan on sbtest7  (cost=5.51..421.20 rows=105 width=125)
	  Recheck Cond: ((k >= 1158135) AND (k <= 1158235))
	  ->  Bitmap Index Scan on k_7  (cost=0.00..5.48 rows=105 width=0)
	        Index Cond: ((k >= 1158135) AND (k <= 1158235))

table 8 : explain SELECT k, c FROM sbtest8 WHERE k BETWEEN 1158135 AND 1158235
	Bitmap Heap Scan on sbtest8  (cost=5.59..452.72 rows=113 width=125)
	  Recheck Cond: ((k >= 1158135) AND (k <= 1158235))
	  ->  Bitmap Index Scan on k_8  (cost=0.00..5.56 rows=113 width=0)
	        Index Cond: ((k >= 1158135) AND (k <= 1158235))

for range-notcovered
table 1 : explain SELECT k, c FROM sbtest1 WHERE k BETWEEN 6944435 AND 6944535
	Bitmap Heap Scan on sbtest1  (cost=5.52..425.13 rows=106 width=125)
	  Recheck Cond: ((k >= 6944435) AND (k <= 6944535))
	  ->  Bitmap Index Scan on k_1  (cost=0.00..5.50 rows=106 width=0)
	        Index Cond: ((k >= 6944435) AND (k <= 6944535))

table 2 : explain SELECT k, c FROM sbtest2 WHERE k BETWEEN 6944435 AND 6944535
	Bitmap Heap Scan on sbtest2  (cost=5.52..425.16 rows=106 width=125)
	  Recheck Cond: ((k >= 6944435) AND (k <= 6944535))
	  ->  Bitmap Index Scan on k_2  (cost=0.00..5.50 rows=106 width=0)
	        Index Cond: ((k >= 6944435) AND (k <= 6944535))

table 3 : explain SELECT k, c FROM sbtest3 WHERE k BETWEEN 6944435 AND 6944535
	Bitmap Heap Scan on sbtest3  (cost=5.46..401.45 rows=100 width=125)
	  Recheck Cond: ((k >= 6944435) AND (k <= 6944535))
	  ->  Bitmap Index Scan on k_3  (cost=0.00..5.43 rows=100 width=0)
	        Index Cond: ((k >= 6944435) AND (k <= 6944535))

table 4 : explain SELECT k, c FROM sbtest4 WHERE k BETWEEN 6944435 AND 6944535
	Bitmap Heap Scan on sbtest4  (cost=5.50..417.25 rows=104 width=125)
	  Recheck Cond: ((k >= 6944435) AND (k <= 6944535))
	  ->  Bitmap Index Scan on k_4  (cost=0.00..5.47 rows=104 width=0)
	        Index Cond: ((k >= 6944435) AND (k <= 6944535))

table 5 : explain SELECT k, c FROM sbtest5 WHERE k BETWEEN 6944435 AND 6944535
	Bitmap Heap Scan on sbtest5  (cost=5.47..405.45 rows=101 width=125)
	  Recheck Cond: ((k >= 6944435) AND (k <= 6944535))
	  ->  Bitmap Index Scan on k_5  (cost=0.00..5.44 rows=101 width=0)
	        Index Cond: ((k >= 6944435) AND (k <= 6944535))

table 6 : explain SELECT k, c FROM sbtest6 WHERE k BETWEEN 6944435 AND 6944535
	Bitmap Heap Scan on sbtest6  (cost=5.46..401.49 rows=100 width=125)
	  Recheck Cond: ((k >= 6944435) AND (k <= 6944535))
	  ->  Bitmap Index Scan on k_6  (cost=0.00..5.43 rows=100 width=0)
	        Index Cond: ((k >= 6944435) AND (k <= 6944535))

table 7 : explain SELECT k, c FROM sbtest7 WHERE k BETWEEN 6944435 AND 6944535
	Bitmap Heap Scan on sbtest7  (cost=5.43..389.65 rows=97 width=125)
	  Recheck Cond: ((k >= 6944435) AND (k <= 6944535))
	  ->  Bitmap Index Scan on k_7  (cost=0.00..5.40 rows=97 width=0)
	        Index Cond: ((k >= 6944435) AND (k <= 6944535))

table 8 : explain SELECT k, c FROM sbtest8 WHERE k BETWEEN 6944435 AND 6944535
	Bitmap Heap Scan on sbtest8  (cost=5.55..436.97 rows=109 width=125)
	  Recheck Cond: ((k >= 6944435) AND (k <= 6944535))
	  ->  Bitmap Index Scan on k_8  (cost=0.00..5.52 rows=109 width=0)
	        Index Cond: ((k >= 6944435) AND (k <= 6944535))

for range-notcovered
table 1 : explain SELECT k, c FROM sbtest1 WHERE k BETWEEN 1868326 AND 1868426
	Bitmap Heap Scan on sbtest1  (cost=5.42..385.71 rows=96 width=125)
	  Recheck Cond: ((k >= 1868326) AND (k <= 1868426))
	  ->  Bitmap Index Scan on k_1  (cost=0.00..5.39 rows=96 width=0)
	        Index Cond: ((k >= 1868326) AND (k <= 1868426))

table 2 : explain SELECT k, c FROM sbtest2 WHERE k BETWEEN 1868326 AND 1868426
	Bitmap Heap Scan on sbtest2  (cost=5.49..413.34 rows=103 width=125)
	  Recheck Cond: ((k >= 1868326) AND (k <= 1868426))
	  ->  Bitmap Index Scan on k_2  (cost=0.00..5.46 rows=103 width=0)
	        Index Cond: ((k >= 1868326) AND (k <= 1868426))

table 3 : explain SELECT k, c FROM sbtest3 WHERE k BETWEEN 1868326 AND 1868426
	Bitmap Heap Scan on sbtest3  (cost=5.50..417.22 rows=104 width=125)
	  Recheck Cond: ((k >= 1868326) AND (k <= 1868426))
	  ->  Bitmap Index Scan on k_3  (cost=0.00..5.47 rows=104 width=0)
	        Index Cond: ((k >= 1868326) AND (k <= 1868426))

table 4 : explain SELECT k, c FROM sbtest4 WHERE k BETWEEN 1868326 AND 1868426
	Bitmap Heap Scan on sbtest4  (cost=5.42..385.70 rows=96 width=125)
	  Recheck Cond: ((k >= 1868326) AND (k <= 1868426))
	  ->  Bitmap Index Scan on k_4  (cost=0.00..5.39 rows=96 width=0)
	        Index Cond: ((k >= 1868326) AND (k <= 1868426))

table 5 : explain SELECT k, c FROM sbtest5 WHERE k BETWEEN 1868326 AND 1868426
	Bitmap Heap Scan on sbtest5  (cost=5.51..421.22 rows=105 width=125)
	  Recheck Cond: ((k >= 1868326) AND (k <= 1868426))
	  ->  Bitmap Index Scan on k_5  (cost=0.00..5.48 rows=105 width=0)
	        Index Cond: ((k >= 1868326) AND (k <= 1868426))

table 6 : explain SELECT k, c FROM sbtest6 WHERE k BETWEEN 1868326 AND 1868426
	Bitmap Heap Scan on sbtest6  (cost=5.47..405.43 rows=101 width=125)
	  Recheck Cond: ((k >= 1868326) AND (k <= 1868426))
	  ->  Bitmap Index Scan on k_6  (cost=0.00..5.44 rows=101 width=0)
	        Index Cond: ((k >= 1868326) AND (k <= 1868426))

table 7 : explain SELECT k, c FROM sbtest7 WHERE k BETWEEN 1868326 AND 1868426
	Bitmap Heap Scan on sbtest7  (cost=5.45..397.54 rows=99 width=125)
	  Recheck Cond: ((k >= 1868326) AND (k <= 1868426))
	  ->  Bitmap Index Scan on k_7  (cost=0.00..5.42 rows=99 width=0)
	        Index Cond: ((k >= 1868326) AND (k <= 1868426))

table 8 : explain SELECT k, c FROM sbtest8 WHERE k BETWEEN 1868326 AND 1868426
	Bitmap Heap Scan on sbtest8  (cost=5.52..425.15 rows=106 width=125)
	  Recheck Cond: ((k >= 1868326) AND (k <= 1868426))
	  ->  Bitmap Index Scan on k_8  (cost=0.00..5.50 rows=106 width=0)
	        Index Cond: ((k >= 1868326) AND (k <= 1868426))

explain: for range-notcovered :: explain SELECT k, c FROM sbtest%d WHERE k BETWEEN 1158135 AND 1158235explain: for range-notcovered :: explain SELECT k, c FROM sbtest%d WHERE k BETWEEN 7541855 AND 7541955explain: for range-notcovered :: explain SELECT k, c FROM sbtest%d WHERE k BETWEEN 3595470 AND 3595570
for range-notcovered
table 1 : explain SELECT k, c FROM sbtest1 WHERE k BETWEEN 5799430 AND 5799530
	Bitmap Heap Scan on sbtest1  (cost=5.49..413.31 rows=103 width=125)
	  Recheck Cond: ((k >= 5799430) AND (k <= 5799530))
	  ->  Bitmap Index Scan on k_1  (cost=0.00..5.46 rows=103 width=0)
	        Index Cond: ((k >= 5799430) AND (k <= 5799530))

table 2 : explain SELECT k, c FROM sbtest2 WHERE k BETWEEN 5799430 AND 5799530
	Bitmap Heap Scan on sbtest2  (cost=5.49..413.34 rows=103 width=125)
	  Recheck Cond: ((k >= 5799430) AND (k <= 5799530))
	  ->  Bitmap Index Scan on k_2  (cost=0.00..5.46 rows=103 width=0)
	        Index Cond: ((k >= 5799430) AND (k <= 5799530))

table 3 : explain SELECT k, c FROM sbtest3 WHERE k BETWEEN 5799430 AND 5799530
	Bitmap Heap Scan on sbtest3  (cost=5.46..401.45 rows=100 width=125)
	  Recheck Cond: ((k >= 5799430) AND (k <= 5799530))
	  ->  Bitmap Index Scan on k_3  (cost=0.00..5.43 rows=100 width=0)
	        Index Cond: ((k >= 5799430) AND (k <= 5799530))

table 4 : explain SELECT k, c FROM sbtest4 WHERE k BETWEEN 5799430 AND 5799530
	Bitmap Heap Scan on sbtest4  (cost=5.52..425.13 rows=106 width=125)
	  Recheck Cond: ((k >= 5799430) AND (k <= 5799530))
	  ->  Bitmap Index Scan on k_4  (cost=0.00..5.50 rows=106 width=0)
	        Index Cond: ((k >= 5799430) AND (k <= 5799530))

table 5 : explain SELECT k, c FROM sbtest5 WHERE k BETWEEN 5799430 AND 5799530
	Bitmap Heap Scan on sbtest5  (cost=5.47..405.45 rows=101 width=125)
	  Recheck Cond: ((k >= 5799430) AND (k <= 5799530))
	  ->  Bitmap Index Scan on k_5  (cost=0.00..5.44 rows=101 width=0)
	        Index Cond: ((k >= 5799430) AND (k <= 5799530))

table 6 : explain SELECT k, c FROM sbtest6 WHERE k BETWEEN 5799430 AND 5799530
	Bitmap Heap Scan on sbtest6  (cost=5.62..464.53 rows=116 width=125)
	  Recheck Cond: ((k >= 5799430) AND (k <= 5799530))
	  ->  Bitmap Index Scan on k_6  (cost=0.00..5.59 rows=116 width=0)
	        Index Cond: ((k >= 5799430) AND (k <= 5799530))

table 7 : explain SELECT k, c FROM sbtest7 WHERE k BETWEEN 5799430 AND 5799530
	Bitmap Heap Scan on sbtest7  (cost=5.45..397.54 rows=99 width=125)
	  Recheck Cond: ((k >= 5799430) AND (k <= 5799530))
	  ->  Bitmap Index Scan on k_7  (cost=0.00..5.42 rows=99 width=0)
	        Index Cond: ((k >= 5799430) AND (k <= 5799530))

table 8 : explain SELECT k, c FROM sbtest8 WHERE k BETWEEN 5799430 AND 5799530
	Bitmap Heap Scan on sbtest8  (cost=5.50..417.26 rows=104 width=125)
	  Recheck Cond: ((k >= 5799430) AND (k <= 5799530))
	  ->  Bitmap Index Scan on k_8  (cost=0.00..5.47 rows=104 width=0)
	        Index Cond: ((k >= 5799430) AND (k <= 5799530))
for range-notcovered
table 1 : explain SELECT k, c FROM sbtest1 WHERE k BETWEEN 1458180 AND 1458280
	Bitmap Heap Scan on sbtest1  (cost=5.48..409.37 rows=102 width=125)
	  Recheck Cond: ((k >= 1458180) AND (k <= 1458280))
	  ->  Bitmap Index Scan on k_1  (cost=0.00..5.45 rows=102 width=0)
	        Index Cond: ((k >= 1458180) AND (k <= 1458280))

table 2 : explain SELECT k, c FROM sbtest2 WHERE k BETWEEN 1458180 AND 1458280
	Bitmap Heap Scan on sbtest2  (cost=5.51..421.22 rows=105 width=125)
	  Recheck Cond: ((k >= 1458180) AND (k <= 1458280))
	  ->  Bitmap Index Scan on k_2  (cost=0.00..5.48 rows=105 width=0)
	        Index Cond: ((k >= 1458180) AND (k <= 1458280))

table 3 : explain SELECT k, c FROM sbtest3 WHERE k BETWEEN 1458180 AND 1458280
	Bitmap Heap Scan on sbtest3  (cost=5.50..417.22 rows=104 width=125)
	  Recheck Cond: ((k >= 1458180) AND (k <= 1458280))
	  ->  Bitmap Index Scan on k_3  (cost=0.00..5.47 rows=104 width=0)
	        Index Cond: ((k >= 1458180) AND (k <= 1458280))

table 4 : explain SELECT k, c FROM sbtest4 WHERE k BETWEEN 1458180 AND 1458280
	Bitmap Heap Scan on sbtest4  (cost=5.52..425.13 rows=106 width=125)
	  Recheck Cond: ((k >= 1458180) AND (k <= 1458280))
	  ->  Bitmap Index Scan on k_4  (cost=0.00..5.50 rows=106 width=0)
	        Index Cond: ((k >= 1458180) AND (k <= 1458280))

table 5 : explain SELECT k, c FROM sbtest5 WHERE k BETWEEN 1458180 AND 1458280
	Bitmap Heap Scan on sbtest5  (cost=5.51..421.22 rows=105 width=125)
	  Recheck Cond: ((k >= 1458180) AND (k <= 1458280))
	  ->  Bitmap Index Scan on k_5  (cost=0.00..5.48 rows=105 width=0)
	        Index Cond: ((k >= 1458180) AND (k <= 1458280))

table 6 : explain SELECT k, c FROM sbtest6 WHERE k BETWEEN 1458180 AND 1458280
	Bitmap Heap Scan on sbtest6  (cost=5.45..397.54 rows=99 width=125)
	  Recheck Cond: ((k >= 1458180) AND (k <= 1458280))
	  ->  Bitmap Index Scan on k_6  (cost=0.00..5.42 rows=99 width=0)
	        Index Cond: ((k >= 1458180) AND (k <= 1458280))

table 7 : explain SELECT k, c FROM sbtest7 WHERE k BETWEEN 1458180 AND 1458280
	Bitmap Heap Scan on sbtest7  (cost=5.53..429.08 rows=107 width=125)
	  Recheck Cond: ((k >= 1458180) AND (k <= 1458280))
	  ->  Bitmap Index Scan on k_7  (cost=0.00..5.50 rows=107 width=0)
	        Index Cond: ((k >= 1458180) AND (k <= 1458280))

table 8 : explain SELECT k, c FROM sbtest8 WHERE k BETWEEN 1458180 AND 1458280
	Bitmap Heap Scan on sbtest8  (cost=5.43..389.66 rows=97 width=125)
	  Recheck Cond: ((k >= 1458180) AND (k <= 1458280))
	  ->  Bitmap Index Scan on k_8  (cost=0.00..5.40 rows=97 width=0)
	        Index Cond: ((k >= 1458180) AND (k <= 1458280))

for range-notcovered
table 1 : explain SELECT k, c FROM sbtest1 WHERE k BETWEEN 7687964 AND 7688064
	Bitmap Heap Scan on sbtest1  (cost=5.53..429.07 rows=107 width=125)
	  Recheck Cond: ((k >= 7687964) AND (k <= 7688064))
	  ->  Bitmap Index Scan on k_1  (cost=0.00..5.50 rows=107 width=0)
	        Index Cond: ((k >= 7687964) AND (k <= 7688064))

table 2 : explain SELECT k, c FROM sbtest2 WHERE k BETWEEN 7687964 AND 7688064
	Bitmap Heap Scan on sbtest2  (cost=5.58..448.80 rows=112 width=125)
	  Recheck Cond: ((k >= 7687964) AND (k <= 7688064))
	  ->  Bitmap Index Scan on k_2  (cost=0.00..5.55 rows=112 width=0)
	        Index Cond: ((k >= 7687964) AND (k <= 7688064))

table 3 : explain SELECT k, c FROM sbtest3 WHERE k BETWEEN 7687964 AND 7688064
	Bitmap Heap Scan on sbtest3  (cost=5.48..409.34 rows=102 width=125)
	  Recheck Cond: ((k >= 7687964) AND (k <= 7688064))
	  ->  Bitmap Index Scan on k_3  (cost=0.00..5.45 rows=102 width=0)
	        Index Cond: ((k >= 7687964) AND (k <= 7688064))

table 4 : explain SELECT k, c FROM sbtest4 WHERE k BETWEEN 7687964 AND 7688064
	Bitmap Heap Scan on sbtest4  (cost=5.50..417.25 rows=104 width=125)
	  Recheck Cond: ((k >= 7687964) AND (k <= 7688064))
	  ->  Bitmap Index Scan on k_4  (cost=0.00..5.47 rows=104 width=0)
	        Index Cond: ((k >= 7687964) AND (k <= 7688064))

table 5 : explain SELECT k, c FROM sbtest5 WHERE k BETWEEN 7687964 AND 7688064
	Bitmap Heap Scan on sbtest5  (cost=5.68..484.24 rows=121 width=125)
	  Recheck Cond: ((k >= 7687964) AND (k <= 7688064))
	  ->  Bitmap Index Scan on k_5  (cost=0.00..5.64 rows=121 width=0)
	        Index Cond: ((k >= 7687964) AND (k <= 7688064))

table 6 : explain SELECT k, c FROM sbtest6 WHERE k BETWEEN 7687964 AND 7688064
	Bitmap Heap Scan on sbtest6  (cost=5.50..417.26 rows=104 width=125)
	  Recheck Cond: ((k >= 7687964) AND (k <= 7688064))
	  ->  Bitmap Index Scan on k_6  (cost=0.00..5.47 rows=104 width=0)
	        Index Cond: ((k >= 7687964) AND (k <= 7688064))

table 7 : explain SELECT k, c FROM sbtest7 WHERE k BETWEEN 7687964 AND 7688064
	Bitmap Heap Scan on sbtest7  (cost=5.47..405.43 rows=101 width=125)
	  Recheck Cond: ((k >= 7687964) AND (k <= 7688064))
	  ->  Bitmap Index Scan on k_7  (cost=0.00..5.44 rows=101 width=0)
	        Index Cond: ((k >= 7687964) AND (k <= 7688064))

table 8 : explain SELECT k, c FROM sbtest8 WHERE k BETWEEN 7687964 AND 7688064
	Bitmap Heap Scan on sbtest8  (cost=5.48..409.38 rows=102 width=125)
	  Recheck Cond: ((k >= 7687964) AND (k <= 7688064))
	  ->  Bitmap Index Scan on k_8  (cost=0.00..5.45 rows=102 width=0)
	        Index Cond: ((k >= 7687964) AND (k <= 7688064))

explain: for range-notcovered :: explain SELECT k, c FROM sbtest%d WHERE k BETWEEN 1868326 AND 1868426


for range-notcovered
table 1 : explain SELECT k, c FROM sbtest1 WHERE k BETWEEN 5037207 AND 5037307
	Bitmap Heap Scan on sbtest1  (cost=5.48..409.37 rows=102 width=125)
	  Recheck Cond: ((k >= 5037207) AND (k <= 5037307))
	  ->  Bitmap Index Scan on k_1  (cost=0.00..5.45 rows=102 width=0)
	        Index Cond: ((k >= 5037207) AND (k <= 5037307))

table 2 : explain SELECT k, c FROM sbtest2 WHERE k BETWEEN 5037207 AND 5037307
	Bitmap Heap Scan on sbtest2  (cost=5.50..417.28 rows=104 width=125)
	  Recheck Cond: ((k >= 5037207) AND (k <= 5037307))
	  ->  Bitmap Index Scan on k_2  (cost=0.00..5.47 rows=104 width=0)
	        Index Cond: ((k >= 5037207) AND (k <= 5037307))

table 3 : explain SELECT k, c FROM sbtest3 WHERE k BETWEEN 5037207 AND 5037307
	Bitmap Heap Scan on sbtest3  (cost=5.52..425.10 rows=106 width=125)
	  Recheck Cond: ((k >= 5037207) AND (k <= 5037307))
	  ->  Bitmap Index Scan on k_3  (cost=0.00..5.50 rows=106 width=0)
	        Index Cond: ((k >= 5037207) AND (k <= 5037307))

table 4 : explain SELECT k, c FROM sbtest4 WHERE k BETWEEN 5037207 AND 5037307
	Bitmap Heap Scan on sbtest4  (cost=5.53..429.07 rows=107 width=125)
	  Recheck Cond: ((k >= 5037207) AND (k <= 5037307))
	  ->  Bitmap Index Scan on k_4  (cost=0.00..5.50 rows=107 width=0)
	        Index Cond: ((k >= 5037207) AND (k <= 5037307))

table 5 : explain SELECT k, c FROM sbtest5 WHERE k BETWEEN 5037207 AND 5037307
	Bitmap Heap Scan on sbtest5  (cost=5.48..409.40 rows=102 width=125)
	  Recheck Cond: ((k >= 5037207) AND (k <= 5037307))
	  ->  Bitmap Index Scan on k_5  (cost=0.00..5.45 rows=102 width=0)
	        Index Cond: ((k >= 5037207) AND (k <= 5037307))

table 6 : explain SELECT k, c FROM sbtest6 WHERE k BETWEEN 5037207 AND 5037307
	Bitmap Heap Scan on sbtest6  (cost=5.51..421.20 rows=105 width=125)
	  Recheck Cond: ((k >= 5037207) AND (k <= 5037307))
	  ->  Bitmap Index Scan on k_6  (cost=0.00..5.48 rows=105 width=0)
	        Index Cond: ((k >= 5037207) AND (k <= 5037307))

table 7 : explain SELECT k, c FROM sbtest7 WHERE k BETWEEN 5037207 AND 5037307
	Bitmap Heap Scan on sbtest7  (cost=5.51..421.20 rows=105 width=125)
	  Recheck Cond: ((k >= 5037207) AND (k <= 5037307))
	  ->  Bitmap Index Scan on k_7  (cost=0.00..5.48 rows=105 width=0)
	        Index Cond: ((k >= 5037207) AND (k <= 5037307))

table 8 : explain SELECT k, c FROM sbtest8 WHERE k BETWEEN 5037207 AND 5037307
	Bitmap Heap Scan on sbtest8  (cost=5.53..429.09 rows=107 width=125)
	  Recheck Cond: ((k >= 5037207) AND (k <= 5037307))
	  ->  Bitmap Index Scan on k_8  (cost=0.00..5.50 rows=107 width=0)
	        Index Cond: ((k >= 5037207) AND (k <= 5037307))

for range-notcovered
table 1 : explain SELECT k, c FROM sbtest1 WHERE k BETWEEN 5498507 AND 5498607
	Bitmap Heap Scan on sbtest1  (cost=5.49..413.31 rows=103 width=125)
	  Recheck Cond: ((k >= 5498507) AND (k <= 5498607))
	  ->  Bitmap Index Scan on k_1  (cost=0.00..5.46 rows=103 width=0)
	        Index Cond: ((k >= 5498507) AND (k <= 5498607))

table 2 : explain SELECT k, c FROM sbtest2 WHERE k BETWEEN 5498507 AND 5498607
	Bitmap Heap Scan on sbtest2  (cost=5.49..413.34 rows=103 width=125)
	  Recheck Cond: ((k >= 5498507) AND (k <= 5498607))
	  ->  Bitmap Index Scan on k_2  (cost=0.00..5.46 rows=103 width=0)
	        Index Cond: ((k >= 5498507) AND (k <= 5498607))

table 3 : explain SELECT k, c FROM sbtest3 WHERE k BETWEEN 5498507 AND 5498607
	Bitmap Heap Scan on sbtest3  (cost=5.41..381.74 rows=95 width=125)
	  Recheck Cond: ((k >= 5498507) AND (k <= 5498607))
	  ->  Bitmap Index Scan on k_3  (cost=0.00..5.38 rows=95 width=0)
	        Index Cond: ((k >= 5498507) AND (k <= 5498607))

table 4 : explain SELECT k, c FROM sbtest4 WHERE k BETWEEN 5498507 AND 5498607
	Bitmap Heap Scan on sbtest4  (cost=5.38..369.92 rows=92 width=125)
	  Recheck Cond: ((k >= 5498507) AND (k <= 5498607))
	  ->  Bitmap Index Scan on k_4  (cost=0.00..5.35 rows=92 width=0)
	        Index Cond: ((k >= 5498507) AND (k <= 5498607))

table 5 : explain SELECT k, c FROM sbtest5 WHERE k BETWEEN 5498507 AND 5498607
	Bitmap Heap Scan on sbtest5  (cost=5.46..401.51 rows=100 width=125)
	  Recheck Cond: ((k >= 5498507) AND (k <= 5498607))
	  ->  Bitmap Index Scan on k_5  (cost=0.00..5.43 rows=100 width=0)
	        Index Cond: ((k >= 5498507) AND (k <= 5498607))

table 6 : explain SELECT k, c FROM sbtest6 WHERE k BETWEEN 5498507 AND 5498607
	Bitmap Heap Scan on sbtest6  (cost=5.63..468.46 rows=117 width=125)
	  Recheck Cond: ((k >= 5498507) AND (k <= 5498607))
	  ->  Bitmap Index Scan on k_6  (cost=0.00..5.60 rows=117 width=0)
	        Index Cond: ((k >= 5498507) AND (k <= 5498607))

table 7 : explain SELECT k, c FROM sbtest7 WHERE k BETWEEN 5498507 AND 5498607
	Bitmap Heap Scan on sbtest7  (cost=5.50..417.25 rows=104 width=125)
	  Recheck Cond: ((k >= 5498507) AND (k <= 5498607))
	  ->  Bitmap Index Scan on k_7  (cost=0.00..5.47 rows=104 width=0)
	        Index Cond: ((k >= 5498507) AND (k <= 5498607))

table 8 : explain SELECT k, c FROM sbtest8 WHERE k BETWEEN 5498507 AND 5498607
	Bitmap Heap Scan on sbtest8  (cost=5.55..436.97 rows=109 width=125)
	  Recheck Cond: ((k >= 5498507) AND (k <= 5498607))
	  ->  Bitmap Index Scan on k_8  (cost=0.00..5.52 rows=109 width=0)
	        Index Cond: ((k >= 5498507) AND (k <= 5498607))

explain: for range-notcovered :: explain SELECT k, c FROM sbtest%d WHERE k BETWEEN 6944435 AND 6944535


explain: for range-notcovered :: explain SELECT k, c FROM sbtest%d WHERE k BETWEEN 4780123 AND 4780223
for range-notcovered
table 1 : explain SELECT k, c FROM sbtest1 WHERE k BETWEEN 7830027 AND 7830127
	Bitmap Heap Scan on sbtest1  (cost=5.50..417.25 rows=104 width=125)
	  Recheck Cond: ((k >= 7830027) AND (k <= 7830127))
	  ->  Bitmap Index Scan on k_1  (cost=0.00..5.47 rows=104 width=0)
	        Index Cond: ((k >= 7830027) AND (k <= 7830127))

table 2 : explain SELECT k, c FROM sbtest2 WHERE k BETWEEN 7830027 AND 7830127
	Bitmap Heap Scan on sbtest2  (cost=5.51..421.22 rows=105 width=125)
	  Recheck Cond: ((k >= 7830027) AND (k <= 7830127))
	  ->  Bitmap Index Scan on k_2  (cost=0.00..5.48 rows=105 width=0)
	        Index Cond: ((k >= 7830027) AND (k <= 7830127))

table 3 : explain SELECT k, c FROM sbtest3 WHERE k BETWEEN 7830027 AND 7830127
	Bitmap Heap Scan on sbtest3  (cost=5.48..409.34 rows=102 width=125)
	  Recheck Cond: ((k >= 7830027) AND (k <= 7830127))
	  ->  Bitmap Index Scan on k_3  (cost=0.00..5.45 rows=102 width=0)
	        Index Cond: ((k >= 7830027) AND (k <= 7830127))

table 4 : explain SELECT k, c FROM sbtest4 WHERE k BETWEEN 7830027 AND 7830127
	Bitmap Heap Scan on sbtest4  (cost=5.47..405.42 rows=101 width=125)
	  Recheck Cond: ((k >= 7830027) AND (k <= 7830127))
	  ->  Bitmap Index Scan on k_4  (cost=0.00..5.44 rows=101 width=0)
	        Index Cond: ((k >= 7830027) AND (k <= 7830127))

table 5 : explain SELECT k, c FROM sbtest5 WHERE k BETWEEN 7830027 AND 7830127
	Bitmap Heap Scan on sbtest5  (cost=5.42..385.73 rows=96 width=125)
	  Recheck Cond: ((k >= 7830027) AND (k <= 7830127))
	  ->  Bitmap Index Scan on k_5  (cost=0.00..5.39 rows=96 width=0)
	        Index Cond: ((k >= 7830027) AND (k <= 7830127))

table 6 : explain SELECT k, c FROM sbtest6 WHERE k BETWEEN 7830027 AND 7830127
	Bitmap Heap Scan on sbtest6  (cost=5.55..436.96 rows=109 width=125)
	  Recheck Cond: ((k >= 7830027) AND (k <= 7830127))
	  ->  Bitmap Index Scan on k_6  (cost=0.00..5.52 rows=109 width=0)
	        Index Cond: ((k >= 7830027) AND (k <= 7830127))

table 7 : explain SELECT k, c FROM sbtest7 WHERE k BETWEEN 7830027 AND 7830127
	Bitmap Heap Scan on sbtest7  (cost=5.51..421.20 rows=105 width=125)
	  Recheck Cond: ((k >= 7830027) AND (k <= 7830127))
	  ->  Bitmap Index Scan on k_7  (cost=0.00..5.48 rows=105 width=0)
	        Index Cond: ((k >= 7830027) AND (k <= 7830127))

table 8 : explain SELECT k, c FROM sbtest8 WHERE k BETWEEN 7830027 AND 7830127
	Bitmap Heap Scan on sbtest8  (cost=5.43..389.66 rows=97 width=125)
	  Recheck Cond: ((k >= 7830027) AND (k <= 7830127))
	  ->  Bitmap Index Scan on k_8  (cost=0.00..5.40 rows=97 width=0)
	        Index Cond: ((k >= 7830027) AND (k <= 7830127))

for range-notcovered
table 1 : explain SELECT k, c FROM sbtest1 WHERE k BETWEEN 7966267 AND 7966367
	Bitmap Heap Scan on sbtest1  (cost=5.48..409.37 rows=102 width=125)
	  Recheck Cond: ((k >= 7966267) AND (k <= 7966367))
	  ->  Bitmap Index Scan on k_1  (cost=0.00..5.45 rows=102 width=0)
	        Index Cond: ((k >= 7966267) AND (k <= 7966367))

table 2 : explain SELECT k, c FROM sbtest2 WHERE k BETWEEN 7966267 AND 7966367
	Bitmap Heap Scan on sbtest2  (cost=5.49..413.34 rows=103 width=125)
	  Recheck Cond: ((k >= 7966267) AND (k <= 7966367))
	  ->  Bitmap Index Scan on k_2  (cost=0.00..5.46 rows=103 width=0)
	        Index Cond: ((k >= 7966267) AND (k <= 7966367))

table 3 : explain SELECT k, c FROM sbtest3 WHERE k BETWEEN 7966267 AND 7966367
	Bitmap Heap Scan on sbtest3  (cost=5.51..421.16 rows=105 width=125)
	  Recheck Cond: ((k >= 7966267) AND (k <= 7966367))
	  ->  Bitmap Index Scan on k_3  (cost=0.00..5.48 rows=105 width=0)
	        Index Cond: ((k >= 7966267) AND (k <= 7966367))

table 4 : explain SELECT k, c FROM sbtest4 WHERE k BETWEEN 7966267 AND 7966367
	Bitmap Heap Scan on sbtest4  (cost=5.46..401.48 rows=100 width=125)
	  Recheck Cond: ((k >= 7966267) AND (k <= 7966367))
	  ->  Bitmap Index Scan on k_4  (cost=0.00..5.43 rows=100 width=0)
	        Index Cond: ((k >= 7966267) AND (k <= 7966367))

table 5 : explain SELECT k, c FROM sbtest5 WHERE k BETWEEN 7966267 AND 7966367
	Bitmap Heap Scan on sbtest5  (cost=5.42..385.73 rows=96 width=125)
	  Recheck Cond: ((k >= 7966267) AND (k <= 7966367))
	  ->  Bitmap Index Scan on k_5  (cost=0.00..5.39 rows=96 width=0)
	        Index Cond: ((k >= 7966267) AND (k <= 7966367))

table 6 : explain SELECT k, c FROM sbtest6 WHERE k BETWEEN 7966267 AND 7966367
	Bitmap Heap Scan on sbtest6  (cost=5.42..385.71 rows=96 width=125)
	  Recheck Cond: ((k >= 7966267) AND (k <= 7966367))
	  ->  Bitmap Index Scan on k_6  (cost=0.00..5.39 rows=96 width=0)
	        Index Cond: ((k >= 7966267) AND (k <= 7966367))

table 7 : explain SELECT k, c FROM sbtest7 WHERE k BETWEEN 7966267 AND 7966367
	Bitmap Heap Scan on sbtest7  (cost=5.52..425.14 rows=106 width=125)
	  Recheck Cond: ((k >= 7966267) AND (k <= 7966367))
	  ->  Bitmap Index Scan on k_7  (cost=0.00..5.50 rows=106 width=0)
	        Index Cond: ((k >= 7966267) AND (k <= 7966367))

table 8 : explain SELECT k, c FROM sbtest8 WHERE k BETWEEN 7966267 AND 7966367
	Bitmap Heap Scan on sbtest8  (cost=5.50..417.26 rows=104 width=125)
	  Recheck Cond: ((k >= 7966267) AND (k <= 7966367))
	  ->  Bitmap Index Scan on k_8  (cost=0.00..5.47 rows=104 width=0)
	        Index Cond: ((k >= 7966267) AND (k <= 7966367))

explain: for range-notcovered :: explain SELECT k, c FROM sbtest%d WHERE k BETWEEN 5037207 AND 5037307explain: for range-notcovered :: explain SELECT k, c FROM sbtest%d WHERE k BETWEEN 1458180 AND 1458280
for range-notcovered
table 1 : explain SELECT k, c FROM sbtest1 WHERE k BETWEEN 7490797 AND 7490897
	Bitmap Heap Scan on sbtest1  (cost=5.44..393.59 rows=98 width=125)
	  Recheck Cond: ((k >= 7490797) AND (k <= 7490897))
	  ->  Bitmap Index Scan on k_1  (cost=0.00..5.42 rows=98 width=0)
	        Index Cond: ((k >= 7490797) AND (k <= 7490897))

table 2 : explain SELECT k, c FROM sbtest2 WHERE k BETWEEN 7490797 AND 7490897
	Bitmap Heap Scan on sbtest2  (cost=5.46..401.51 rows=100 width=125)
	  Recheck Cond: ((k >= 7490797) AND (k <= 7490897))
	  ->  Bitmap Index Scan on k_2  (cost=0.00..5.43 rows=100 width=0)
	        Index Cond: ((k >= 7490797) AND (k <= 7490897))

table 3 : explain SELECT k, c FROM sbtest3 WHERE k BETWEEN 7490797 AND 7490897
	Bitmap Heap Scan on sbtest3  (cost=5.54..432.98 rows=108 width=125)
	  Recheck Cond: ((k >= 7490797) AND (k <= 7490897))
	  ->  Bitmap Index Scan on k_3  (cost=0.00..5.51 rows=108 width=0)
	        Index Cond: ((k >= 7490797) AND (k <= 7490897))

table 4 : explain SELECT k, c FROM sbtest4 WHERE k BETWEEN 7490797 AND 7490897
	Bitmap Heap Scan on sbtest4  (cost=5.44..393.59 rows=98 width=125)
	  Recheck Cond: ((k >= 7490797) AND (k <= 7490897))
	  ->  Bitmap Index Scan on k_4  (cost=0.00..5.42 rows=98 width=0)
	        Index Cond: ((k >= 7490797) AND (k <= 7490897))

table 5 : explain SELECT k, c FROM sbtest5 WHERE k BETWEEN 7490797 AND 7490897
	Bitmap Heap Scan on sbtest5  (cost=5.35..358.11 rows=89 width=125)
	  Recheck Cond: ((k >= 7490797) AND (k <= 7490897))
	  ->  Bitmap Index Scan on k_5  (cost=0.00..5.32 rows=89 width=0)
	        Index Cond: ((k >= 7490797) AND (k <= 7490897))

table 6 : explain SELECT k, c FROM sbtest6 WHERE k BETWEEN 7490797 AND 7490897
	Bitmap Heap Scan on sbtest6  (cost=5.49..413.31 rows=103 width=125)
	  Recheck Cond: ((k >= 7490797) AND (k <= 7490897))
	  ->  Bitmap Index Scan on k_6  (cost=0.00..5.46 rows=103 width=0)
	        Index Cond: ((k >= 7490797) AND (k <= 7490897))

table 7 : explain SELECT k, c FROM sbtest7 WHERE k BETWEEN 7490797 AND 7490897
	Bitmap Heap Scan on sbtest7  (cost=5.42..385.71 rows=96 width=125)
	  Recheck Cond: ((k >= 7490797) AND (k <= 7490897))
	  ->  Bitmap Index Scan on k_7  (cost=0.00..5.39 rows=96 width=0)
	        Index Cond: ((k >= 7490797) AND (k <= 7490897))

table 8 : explain SELECT k, c FROM sbtest8 WHERE k BETWEEN 7490797 AND 7490897
	Bitmap Heap Scan on sbtest8  (cost=5.47..405.44 rows=101 width=125)
	  Recheck Cond: ((k >= 7490797) AND (k <= 7490897))
	  ->  Bitmap Index Scan on k_8  (cost=0.00..5.44 rows=101 width=0)
	        Index Cond: ((k >= 7490797) AND (k <= 7490897))

explain: for range-notcovered :: explain SELECT k, c FROM sbtest%d WHERE k BETWEEN 8146709 AND 8146809for range-notcovered
table 1 : explain SELECT k, c FROM sbtest1 WHERE k BETWEEN 6889981 AND 6890081
	Bitmap Heap Scan on sbtest1  (cost=5.68..484.20 rows=121 width=125)
	  Recheck Cond: ((k >= 6889981) AND (k <= 6890081))
	  ->  Bitmap Index Scan on k_1  (cost=0.00..5.64 rows=121 width=0)
	        Index Cond: ((k >= 6889981) AND (k <= 6890081))

table 2 : explain SELECT k, c FROM sbtest2 WHERE k BETWEEN 6889981 AND 6890081
	Bitmap Heap Scan on sbtest2  (cost=5.51..421.22 rows=105 width=125)
	  Recheck Cond: ((k >= 6889981) AND (k <= 6890081))
	  ->  Bitmap Index Scan on k_2  (cost=0.00..5.48 rows=105 width=0)
	        Index Cond: ((k >= 6889981) AND (k <= 6890081))

table 3 : explain SELECT k, c FROM sbtest3 WHERE k BETWEEN 6889981 AND 6890081
	Bitmap Heap Scan on sbtest3  (cost=5.46..401.45 rows=100 width=125)
	  Recheck Cond: ((k >= 6889981) AND (k <= 6890081))
	  ->  Bitmap Index Scan on k_3  (cost=0.00..5.43 rows=100 width=0)
	        Index Cond: ((k >= 6889981) AND (k <= 6890081))

table 4 : explain SELECT k, c FROM sbtest4 WHERE k BETWEEN 6889981 AND 6890081
	Bitmap Heap Scan on sbtest4  (cost=5.50..417.25 rows=104 width=125)
	  Recheck Cond: ((k >= 6889981) AND (k <= 6890081))
	  ->  Bitmap Index Scan on k_4  (cost=0.00..5.47 rows=104 width=0)
	        Index Cond: ((k >= 6889981) AND (k <= 6890081))

table 5 : explain SELECT k, c FROM sbtest5 WHERE k BETWEEN 6889981 AND 6890081
	Bitmap Heap Scan on sbtest5  (cost=5.46..401.51 rows=100 width=125)
	  Recheck Cond: ((k >= 6889981) AND (k <= 6890081))
	  ->  Bitmap Index Scan on k_5  (cost=0.00..5.43 rows=100 width=0)
	        Index Cond: ((k >= 6889981) AND (k <= 6890081))

table 6 : explain SELECT k, c FROM sbtest6 WHERE k BETWEEN 6889981 AND 6890081
	Bitmap Heap Scan on sbtest6  (cost=5.46..401.49 rows=100 width=125)
	  Recheck Cond: ((k >= 6889981) AND (k <= 6890081))
	  ->  Bitmap Index Scan on k_6  (cost=0.00..5.43 rows=100 width=0)
	        Index Cond: ((k >= 6889981) AND (k <= 6890081))

table 7 : explain SELECT k, c FROM sbtest7 WHERE k BETWEEN 6889981 AND 6890081
	Bitmap Heap Scan on sbtest7  (cost=5.43..389.65 rows=97 width=125)
	  Recheck Cond: ((k >= 6889981) AND (k <= 6890081))
	  ->  Bitmap Index Scan on k_7  (cost=0.00..5.40 rows=97 width=0)
	        Index Cond: ((k >= 6889981) AND (k <= 6890081))

table 8 : explain SELECT k, c FROM sbtest8 WHERE k BETWEEN 6889981 AND 6890081
	Bitmap Heap Scan on sbtest8  (cost=5.46..401.49 rows=100 width=125)
	  Recheck Cond: ((k >= 6889981) AND (k <= 6890081))
	  ->  Bitmap Index Scan on k_8  (cost=0.00..5.43 rows=100 width=0)
	        Index Cond: ((k >= 6889981) AND (k <= 6890081))
explain: for range-notcovered :: explain SELECT k, c FROM sbtest%d WHERE k BETWEEN 7830027 AND 7830127explain: for range-notcovered :: explain SELECT k, c FROM sbtest%d WHERE k BETWEEN 7966267 AND 7966367explain: for range-notcovered :: explain SELECT k, c FROM sbtest%d WHERE k BETWEEN 5498507 AND 5498607
for range-notcovered
table 1 : explain SELECT k, c FROM sbtest1 WHERE k BETWEEN 4829581 AND 4829681
	Bitmap Heap Scan on sbtest1  (cost=5.58..448.77 rows=112 width=125)
	  Recheck Cond: ((k >= 4829581) AND (k <= 4829681))
	  ->  Bitmap Index Scan on k_1  (cost=0.00..5.55 rows=112 width=0)
	        Index Cond: ((k >= 4829581) AND (k <= 4829681))

table 2 : explain SELECT k, c FROM sbtest2 WHERE k BETWEEN 4829581 AND 4829681
	Bitmap Heap Scan on sbtest2  (cost=5.45..397.57 rows=99 width=125)
	  Recheck Cond: ((k >= 4829581) AND (k <= 4829681))
	  ->  Bitmap Index Scan on k_2  (cost=0.00..5.42 rows=99 width=0)
	        Index Cond: ((k >= 4829581) AND (k <= 4829681))

table 3 : explain SELECT k, c FROM sbtest3 WHERE k BETWEEN 4829581 AND 4829681
	Bitmap Heap Scan on sbtest3  (cost=5.48..409.34 rows=102 width=125)
	  Recheck Cond: ((k >= 4829581) AND (k <= 4829681))
	  ->  Bitmap Index Scan on k_3  (cost=0.00..5.45 rows=102 width=0)
	        Index Cond: ((k >= 4829581) AND (k <= 4829681))

table 4 : explain SELECT k, c FROM sbtest4 WHERE k BETWEEN 4829581 AND 4829681
	Bitmap Heap Scan on sbtest4  (cost=5.43..389.65 rows=97 width=125)
	  Recheck Cond: ((k >= 4829581) AND (k <= 4829681))
	  ->  Bitmap Index Scan on k_4  (cost=0.00..5.40 rows=97 width=0)
	        Index Cond: ((k >= 4829581) AND (k <= 4829681))

table 5 : explain SELECT k, c FROM sbtest5 WHERE k BETWEEN 4829581 AND 4829681
	Bitmap Heap Scan on sbtest5  (cost=5.47..405.45 rows=101 width=125)
	  Recheck Cond: ((k >= 4829581) AND (k <= 4829681))
	  ->  Bitmap Index Scan on k_5  (cost=0.00..5.44 rows=101 width=0)
	        Index Cond: ((k >= 4829581) AND (k <= 4829681))

table 6 : explain SELECT k, c FROM sbtest6 WHERE k BETWEEN 4829581 AND 4829681
	Bitmap Heap Scan on sbtest6  (cost=5.45..397.54 rows=99 width=125)
	  Recheck Cond: ((k >= 4829581) AND (k <= 4829681))
	  ->  Bitmap Index Scan on k_6  (cost=0.00..5.42 rows=99 width=0)
	        Index Cond: ((k >= 4829581) AND (k <= 4829681))

table 7 : explain SELECT k, c FROM sbtest7 WHERE k BETWEEN 4829581 AND 4829681
	Bitmap Heap Scan on sbtest7  (cost=5.47..405.43 rows=101 width=125)
	  Recheck Cond: ((k >= 4829581) AND (k <= 4829681))
	  ->  Bitmap Index Scan on k_7  (cost=0.00..5.44 rows=101 width=0)
	        Index Cond: ((k >= 4829581) AND (k <= 4829681))

table 8 : explain SELECT k, c FROM sbtest8 WHERE k BETWEEN 4829581 AND 4829681
	Bitmap Heap Scan on sbtest8  (cost=5.46..401.49 rows=100 width=125)
	  Recheck Cond: ((k >= 4829581) AND (k <= 4829681))
	  ->  Bitmap Index Scan on k_8  (cost=0.00..5.43 rows=100 width=0)
	        Index Cond: ((k >= 4829581) AND (k <= 4829681))

explain: for range-notcovered :: explain SELECT k, c FROM sbtest%d WHERE k BETWEEN 7687964 AND 7688064for range-notcovered
table 1 : explain SELECT k, c FROM sbtest1 WHERE k BETWEEN 1289756 AND 1289856
	Bitmap Heap Scan on sbtest1  (cost=5.55..436.95 rows=109 width=125)
	  Recheck Cond: ((k >= 1289756) AND (k <= 1289856))
	  ->  Bitmap Index Scan on k_1  (cost=0.00..5.52 rows=109 width=0)
	        Index Cond: ((k >= 1289756) AND (k <= 1289856))

table 2 : explain SELECT k, c FROM sbtest2 WHERE k BETWEEN 1289756 AND 1289856
	Bitmap Heap Scan on sbtest2  (cost=5.49..413.34 rows=103 width=125)
	  Recheck Cond: ((k >= 1289756) AND (k <= 1289856))
	  ->  Bitmap Index Scan on k_2  (cost=0.00..5.46 rows=103 width=0)
	        Index Cond: ((k >= 1289756) AND (k <= 1289856))

table 3 : explain SELECT k, c FROM sbtest3 WHERE k BETWEEN 1289756 AND 1289856
	Bitmap Heap Scan on sbtest3  (cost=5.56..440.86 rows=110 width=125)
	  Recheck Cond: ((k >= 1289756) AND (k <= 1289856))
	  ->  Bitmap Index Scan on k_3  (cost=0.00..5.53 rows=110 width=0)
	        Index Cond: ((k >= 1289756) AND (k <= 1289856))

table 4 : explain SELECT k, c FROM sbtest4 WHERE k BETWEEN 1289756 AND 1289856
	Bitmap Heap Scan on sbtest4  (cost=5.56..440.89 rows=110 width=125)
	  Recheck Cond: ((k >= 1289756) AND (k <= 1289856))
	  ->  Bitmap Index Scan on k_4  (cost=0.00..5.53 rows=110 width=0)
	        Index Cond: ((k >= 1289756) AND (k <= 1289856))

table 5 : explain SELECT k, c FROM sbtest5 WHERE k BETWEEN 1289756 AND 1289856
	Bitmap Heap Scan on sbtest5  (cost=5.36..362.05 rows=90 width=125)
	  Recheck Cond: ((k >= 1289756) AND (k <= 1289856))
	  ->  Bitmap Index Scan on k_5  (cost=0.00..5.33 rows=90 width=0)
	        Index Cond: ((k >= 1289756) AND (k <= 1289856))

table 6 : explain SELECT k, c FROM sbtest6 WHERE k BETWEEN 1289756 AND 1289856
	Bitmap Heap Scan on sbtest6  (cost=5.37..365.98 rows=91 width=125)
	  Recheck Cond: ((k >= 1289756) AND (k <= 1289856))
	  ->  Bitmap Index Scan on k_6  (cost=0.00..5.34 rows=91 width=0)
	        Index Cond: ((k >= 1289756) AND (k <= 1289856))

table 7 : explain SELECT k, c FROM sbtest7 WHERE k BETWEEN 1289756 AND 1289856
	Bitmap Heap Scan on sbtest7  (cost=5.50..417.25 rows=104 width=125)
	  Recheck Cond: ((k >= 1289756) AND (k <= 1289856))
	  ->  Bitmap Index Scan on k_7  (cost=0.00..5.47 rows=104 width=0)
	        Index Cond: ((k >= 1289756) AND (k <= 1289856))

table 8 : explain SELECT k, c FROM sbtest8 WHERE k BETWEEN 1289756 AND 1289856
	Bitmap Heap Scan on sbtest8  (cost=5.38..369.93 rows=92 width=125)
	  Recheck Cond: ((k >= 1289756) AND (k <= 1289856))
	  ->  Bitmap Index Scan on k_8  (cost=0.00..5.35 rows=92 width=0)
	        Index Cond: ((k >= 1289756) AND (k <= 1289856))


explain: for range-notcovered :: explain SELECT k, c FROM sbtest%d WHERE k BETWEEN 5419310 AND 5419410

for range-notcovered
table 1 : explain SELECT k, c FROM sbtest1 WHERE k BETWEEN 4815064 AND 4815164
	Bitmap Heap Scan on sbtest1  (cost=5.58..448.77 rows=112 width=125)
	  Recheck Cond: ((k >= 4815064) AND (k <= 4815164))
	  ->  Bitmap Index Scan on k_1  (cost=0.00..5.55 rows=112 width=0)
	        Index Cond: ((k >= 4815064) AND (k <= 4815164))

table 2 : explain SELECT k, c FROM sbtest2 WHERE k BETWEEN 4815064 AND 4815164
	Bitmap Heap Scan on sbtest2  (cost=5.49..413.34 rows=103 width=125)
	  Recheck Cond: ((k >= 4815064) AND (k <= 4815164))
	  ->  Bitmap Index Scan on k_2  (cost=0.00..5.46 rows=103 width=0)
	        Index Cond: ((k >= 4815064) AND (k <= 4815164))

table 3 : explain SELECT k, c FROM sbtest3 WHERE k BETWEEN 4815064 AND 4815164
	Bitmap Heap Scan on sbtest3  (cost=5.48..409.34 rows=102 width=125)
	  Recheck Cond: ((k >= 4815064) AND (k <= 4815164))
	  ->  Bitmap Index Scan on k_3  (cost=0.00..5.45 rows=102 width=0)
	        Index Cond: ((k >= 4815064) AND (k <= 4815164))

table 4 : explain SELECT k, c FROM sbtest4 WHERE k BETWEEN 4815064 AND 4815164
	Bitmap Heap Scan on sbtest4  (cost=5.43..389.65 rows=97 width=125)
	  Recheck Cond: ((k >= 4815064) AND (k <= 4815164))
	  ->  Bitmap Index Scan on k_4  (cost=0.00..5.40 rows=97 width=0)
	        Index Cond: ((k >= 4815064) AND (k <= 4815164))

table 5 : explain SELECT k, c FROM sbtest5 WHERE k BETWEEN 4815064 AND 4815164
	Bitmap Heap Scan on sbtest5  (cost=5.47..405.45 rows=101 width=125)
	  Recheck Cond: ((k >= 4815064) AND (k <= 4815164))
	  ->  Bitmap Index Scan on k_5  (cost=0.00..5.44 rows=101 width=0)
	        Index Cond: ((k >= 4815064) AND (k <= 4815164))

table 6 : explain SELECT k, c FROM sbtest6 WHERE k BETWEEN 4815064 AND 4815164
	Bitmap Heap Scan on sbtest6  (cost=5.45..397.54 rows=99 width=125)
	  Recheck Cond: ((k >= 4815064) AND (k <= 4815164))
	  ->  Bitmap Index Scan on k_6  (cost=0.00..5.42 rows=99 width=0)
	        Index Cond: ((k >= 4815064) AND (k <= 4815164))

table 7 : explain SELECT k, c FROM sbtest7 WHERE k BETWEEN 4815064 AND 4815164
	Bitmap Heap Scan on sbtest7  (cost=5.47..405.43 rows=101 width=125)
	  Recheck Cond: ((k >= 4815064) AND (k <= 4815164))
	  ->  Bitmap Index Scan on k_7  (cost=0.00..5.44 rows=101 width=0)
	        Index Cond: ((k >= 4815064) AND (k <= 4815164))

table 8 : explain SELECT k, c FROM sbtest8 WHERE k BETWEEN 4815064 AND 4815164
	Bitmap Heap Scan on sbtest8  (cost=5.46..401.49 rows=100 width=125)
	  Recheck Cond: ((k >= 4815064) AND (k <= 4815164))
	  ->  Bitmap Index Scan on k_8  (cost=0.00..5.43 rows=100 width=0)
	        Index Cond: ((k >= 4815064) AND (k <= 4815164))



for range-notcovered
table 1 : explain SELECT k, c FROM sbtest1 WHERE k BETWEEN 4875382 AND 4875482
	Bitmap Heap Scan on sbtest1  (cost=5.58..448.77 rows=112 width=125)
	  Recheck Cond: ((k >= 4875382) AND (k <= 4875482))
	  ->  Bitmap Index Scan on k_1  (cost=0.00..5.55 rows=112 width=0)
	        Index Cond: ((k >= 4875382) AND (k <= 4875482))

table 2 : explain SELECT k, c FROM sbtest2 WHERE k BETWEEN 4875382 AND 4875482
	Bitmap Heap Scan on sbtest2  (cost=5.45..397.57 rows=99 width=125)
	  Recheck Cond: ((k >= 4875382) AND (k <= 4875482))
	  ->  Bitmap Index Scan on k_2  (cost=0.00..5.42 rows=99 width=0)
	        Index Cond: ((k >= 4875382) AND (k <= 4875482))

table 3 : explain SELECT k, c FROM sbtest3 WHERE k BETWEEN 4875382 AND 4875482
	Bitmap Heap Scan on sbtest3  (cost=5.43..389.62 rows=97 width=125)
	  Recheck Cond: ((k >= 4875382) AND (k <= 4875482))
	  ->  Bitmap Index Scan on k_3  (cost=0.00..5.40 rows=97 width=0)
	        Index Cond: ((k >= 4875382) AND (k <= 4875482))

table 4 : explain SELECT k, c FROM sbtest4 WHERE k BETWEEN 4875382 AND 4875482
	Bitmap Heap Scan on sbtest4  (cost=5.44..393.59 rows=98 width=125)
	  Recheck Cond: ((k >= 4875382) AND (k <= 4875482))
	  ->  Bitmap Index Scan on k_4  (cost=0.00..5.42 rows=98 width=0)
	        Index Cond: ((k >= 4875382) AND (k <= 4875482))

table 5 : explain SELECT k, c FROM sbtest5 WHERE k BETWEEN 4875382 AND 4875482
	Bitmap Heap Scan on sbtest5  (cost=5.47..405.45 rows=101 width=125)
	  Recheck Cond: ((k >= 4875382) AND (k <= 4875482))
	  ->  Bitmap Index Scan on k_5  (cost=0.00..5.44 rows=101 width=0)
	        Index Cond: ((k >= 4875382) AND (k <= 4875482))

table 6 : explain SELECT k, c FROM sbtest6 WHERE k BETWEEN 4875382 AND 4875482
	Bitmap Heap Scan on sbtest6  (cost=5.45..397.54 rows=99 width=125)
	  Recheck Cond: ((k >= 4875382) AND (k <= 4875482))
	  ->  Bitmap Index Scan on k_6  (cost=0.00..5.42 rows=99 width=0)
	        Index Cond: ((k >= 4875382) AND (k <= 4875482))

table 7 : explain SELECT k, c FROM sbtest7 WHERE k BETWEEN 4875382 AND 4875482
	Bitmap Heap Scan on sbtest7  (cost=5.47..405.43 rows=101 width=125)
	  Recheck Cond: ((k >= 4875382) AND (k <= 4875482))
	  ->  Bitmap Index Scan on k_7  (cost=0.00..5.44 rows=101 width=0)
	        Index Cond: ((k >= 4875382) AND (k <= 4875482))

table 8 : explain SELECT k, c FROM sbtest8 WHERE k BETWEEN 4875382 AND 4875482
	Bitmap Heap Scan on sbtest8  (cost=5.39..373.88 rows=93 width=125)
	  Recheck Cond: ((k >= 4875382) AND (k <= 4875482))
	  ->  Bitmap Index Scan on k_8  (cost=0.00..5.36 rows=93 width=0)
	        Index Cond: ((k >= 4875382) AND (k <= 4875482))

for range-notcovered
table 1 : explain SELECT k, c FROM sbtest1 WHERE k BETWEEN 3763505 AND 3763605
	Bitmap Heap Scan on sbtest1  (cost=5.46..401.48 rows=100 width=125)
	  Recheck Cond: ((k >= 3763505) AND (k <= 3763605))
	  ->  Bitmap Index Scan on k_1  (cost=0.00..5.43 rows=100 width=0)
	        Index Cond: ((k >= 3763505) AND (k <= 3763605))

table 2 : explain SELECT k, c FROM sbtest2 WHERE k BETWEEN 3763505 AND 3763605
	Bitmap Heap Scan on sbtest2  (cost=5.46..401.51 rows=100 width=125)
	  Recheck Cond: ((k >= 3763505) AND (k <= 3763605))
	  ->  Bitmap Index Scan on k_2  (cost=0.00..5.43 rows=100 width=0)
	        Index Cond: ((k >= 3763505) AND (k <= 3763605))

table 3 : explain SELECT k, c FROM sbtest3 WHERE k BETWEEN 3763505 AND 3763605
	Bitmap Heap Scan on sbtest3  (cost=5.55..436.92 rows=109 width=125)
	  Recheck Cond: ((k >= 3763505) AND (k <= 3763605))
	  ->  Bitmap Index Scan on k_3  (cost=0.00..5.52 rows=109 width=0)
	        Index Cond: ((k >= 3763505) AND (k <= 3763605))

table 4 : explain SELECT k, c FROM sbtest4 WHERE k BETWEEN 3763505 AND 3763605
	Bitmap Heap Scan on sbtest4  (cost=5.41..381.76 rows=95 width=125)
	  Recheck Cond: ((k >= 3763505) AND (k <= 3763605))
	  ->  Bitmap Index Scan on k_4  (cost=0.00..5.38 rows=95 width=0)
	        Index Cond: ((k >= 3763505) AND (k <= 3763605))

table 5 : explain SELECT k, c FROM sbtest5 WHERE k BETWEEN 3763505 AND 3763605
	Bitmap Heap Scan on sbtest5  (cost=5.54..433.05 rows=108 width=125)
	  Recheck Cond: ((k >= 3763505) AND (k <= 3763605))
	  ->  Bitmap Index Scan on k_5  (cost=0.00..5.51 rows=108 width=0)
	        Index Cond: ((k >= 3763505) AND (k <= 3763605))

table 6 : explain SELECT k, c FROM sbtest6 WHERE k BETWEEN 3763505 AND 3763605
	Bitmap Heap Scan on sbtest6  (cost=5.50..417.26 rows=104 width=125)
	  Recheck Cond: ((k >= 3763505) AND (k <= 3763605))
	  ->  Bitmap Index Scan on k_6  (cost=0.00..5.47 rows=104 width=0)
	        Index Cond: ((k >= 3763505) AND (k <= 3763605))

table 7 : explain SELECT k, c FROM sbtest7 WHERE k BETWEEN 3763505 AND 3763605
	Bitmap Heap Scan on sbtest7  (cost=5.44..393.60 rows=98 width=125)
	  Recheck Cond: ((k >= 3763505) AND (k <= 3763605))
	  ->  Bitmap Index Scan on k_7  (cost=0.00..5.42 rows=98 width=0)
	        Index Cond: ((k >= 3763505) AND (k <= 3763605))

table 8 : explain SELECT k, c FROM sbtest8 WHERE k BETWEEN 3763505 AND 3763605
	Bitmap Heap Scan on sbtest8  (cost=5.44..393.61 rows=98 width=125)
	  Recheck Cond: ((k >= 3763505) AND (k <= 3763605))
	  ->  Bitmap Index Scan on k_8  (cost=0.00..5.42 rows=98 width=0)
	        Index Cond: ((k >= 3763505) AND (k <= 3763605))
for range-notcovered
table 1 : explain SELECT k, c FROM sbtest1 WHERE k BETWEEN 5964910 AND 5965010
	Bitmap Heap Scan on sbtest1  (cost=5.52..425.13 rows=106 width=125)
	  Recheck Cond: ((k >= 5964910) AND (k <= 5965010))
	  ->  Bitmap Index Scan on k_1  (cost=0.00..5.50 rows=106 width=0)
	        Index Cond: ((k >= 5964910) AND (k <= 5965010))

table 2 : explain SELECT k, c FROM sbtest2 WHERE k BETWEEN 5964910 AND 5965010
	Bitmap Heap Scan on sbtest2  (cost=5.42..385.73 rows=96 width=125)
	  Recheck Cond: ((k >= 5964910) AND (k <= 5965010))
	  ->  Bitmap Index Scan on k_2  (cost=0.00..5.39 rows=96 width=0)
	        Index Cond: ((k >= 5964910) AND (k <= 5965010))

table 3 : explain SELECT k, c FROM sbtest3 WHERE k BETWEEN 5964910 AND 5965010
	Bitmap Heap Scan on sbtest3  (cost=5.39..373.85 rows=93 width=125)
	  Recheck Cond: ((k >= 5964910) AND (k <= 5965010))
	  ->  Bitmap Index Scan on k_3  (cost=0.00..5.36 rows=93 width=0)
	        Index Cond: ((k >= 5964910) AND (k <= 5965010))

table 4 : explain SELECT k, c FROM sbtest4 WHERE k BETWEEN 5964910 AND 5965010
	Bitmap Heap Scan on sbtest4  (cost=5.54..433.01 rows=108 width=125)
	  Recheck Cond: ((k >= 5964910) AND (k <= 5965010))
	  ->  Bitmap Index Scan on k_4  (cost=0.00..5.51 rows=108 width=0)
	        Index Cond: ((k >= 5964910) AND (k <= 5965010))

table 5 : explain SELECT k, c FROM sbtest5 WHERE k BETWEEN 5964910 AND 5965010
	Bitmap Heap Scan on sbtest5  (cost=5.50..417.28 rows=104 width=125)
	  Recheck Cond: ((k >= 5964910) AND (k <= 5965010))
	  ->  Bitmap Index Scan on k_5  (cost=0.00..5.47 rows=104 width=0)
	        Index Cond: ((k >= 5964910) AND (k <= 5965010))

table 6 : explain SELECT k, c FROM sbtest6 WHERE k BETWEEN 5964910 AND 5965010
	Bitmap Heap Scan on sbtest6  (cost=5.50..417.26 rows=104 width=125)
	  Recheck Cond: ((k >= 5964910) AND (k <= 5965010))
	  ->  Bitmap Index Scan on k_6  (cost=0.00..5.47 rows=104 width=0)
	        Index Cond: ((k >= 5964910) AND (k <= 5965010))

table 7 : explain SELECT k, c FROM sbtest7 WHERE k BETWEEN 5964910 AND 5965010
	Bitmap Heap Scan on sbtest7  (cost=5.44..393.60 rows=98 width=125)
	  Recheck Cond: ((k >= 5964910) AND (k <= 5965010))
	  ->  Bitmap Index Scan on k_7  (cost=0.00..5.42 rows=98 width=0)
	        Index Cond: ((k >= 5964910) AND (k <= 5965010))

table 8 : explain SELECT k, c FROM sbtest8 WHERE k BETWEEN 5964910 AND 5965010
	Bitmap Heap Scan on sbtest8  (cost=5.44..393.61 rows=98 width=125)
	  Recheck Cond: ((k >= 5964910) AND (k <= 5965010))
	  ->  Bitmap Index Scan on k_8  (cost=0.00..5.42 rows=98 width=0)
	        Index Cond: ((k >= 5964910) AND (k <= 5965010))


explain: for range-notcovered :: explain SELECT k, c FROM sbtest%d WHERE k BETWEEN 5799430 AND 5799530explain: for range-notcovered :: explain SELECT k, c FROM sbtest%d WHERE k BETWEEN 4875382 AND 4875482
for range-notcovered
table 1 : explain SELECT k, c FROM sbtest1 WHERE k BETWEEN 6924761 AND 6924861
	Bitmap Heap Scan on sbtest1  (cost=5.68..484.20 rows=121 width=125)
	  Recheck Cond: ((k >= 6924761) AND (k <= 6924861))
	  ->  Bitmap Index Scan on k_1  (cost=0.00..5.64 rows=121 width=0)
	        Index Cond: ((k >= 6924761) AND (k <= 6924861))

table 2 : explain SELECT k, c FROM sbtest2 WHERE k BETWEEN 6924761 AND 6924861
	Bitmap Heap Scan on sbtest2  (cost=5.52..425.16 rows=106 width=125)
	  Recheck Cond: ((k >= 6924761) AND (k <= 6924861))
	  ->  Bitmap Index Scan on k_2  (cost=0.00..5.50 rows=106 width=0)
	        Index Cond: ((k >= 6924761) AND (k <= 6924861))

table 3 : explain SELECT k, c FROM sbtest3 WHERE k BETWEEN 6924761 AND 6924861
	Bitmap Heap Scan on sbtest3  (cost=5.46..401.45 rows=100 width=125)
	  Recheck Cond: ((k >= 6924761) AND (k <= 6924861))
	  ->  Bitmap Index Scan on k_3  (cost=0.00..5.43 rows=100 width=0)
	        Index Cond: ((k >= 6924761) AND (k <= 6924861))

table 4 : explain SELECT k, c FROM sbtest4 WHERE k BETWEEN 6924761 AND 6924861
	Bitmap Heap Scan on sbtest4  (cost=5.50..417.25 rows=104 width=125)
	  Recheck Cond: ((k >= 6924761) AND (k <= 6924861))
	  ->  Bitmap Index Scan on k_4  (cost=0.00..5.47 rows=104 width=0)
	        Index Cond: ((k >= 6924761) AND (k <= 6924861))

table 5 : explain SELECT k, c FROM sbtest5 WHERE k BETWEEN 6924761 AND 6924861
	Bitmap Heap Scan on sbtest5  (cost=5.46..401.51 rows=100 width=125)
	  Recheck Cond: ((k >= 6924761) AND (k <= 6924861))
	  ->  Bitmap Index Scan on k_5  (cost=0.00..5.43 rows=100 width=0)
	        Index Cond: ((k >= 6924761) AND (k <= 6924861))

table 6 : explain SELECT k, c FROM sbtest6 WHERE k BETWEEN 6924761 AND 6924861
	Bitmap Heap Scan on sbtest6  (cost=5.46..401.49 rows=100 width=125)
	  Recheck Cond: ((k >= 6924761) AND (k <= 6924861))
	  ->  Bitmap Index Scan on k_6  (cost=0.00..5.43 rows=100 width=0)
	        Index Cond: ((k >= 6924761) AND (k <= 6924861))

table 7 : explain SELECT k, c FROM sbtest7 WHERE k BETWEEN 6924761 AND 6924861
	Bitmap Heap Scan on sbtest7  (cost=5.43..389.65 rows=97 width=125)
	  Recheck Cond: ((k >= 6924761) AND (k <= 6924861))
	  ->  Bitmap Index Scan on k_7  (cost=0.00..5.40 rows=97 width=0)
	        Index Cond: ((k >= 6924761) AND (k <= 6924861))

table 8 : explain SELECT k, c FROM sbtest8 WHERE k BETWEEN 6924761 AND 6924861
	Bitmap Heap Scan on sbtest8  (cost=5.55..436.97 rows=109 width=125)
	  Recheck Cond: ((k >= 6924761) AND (k <= 6924861))
	  ->  Bitmap Index Scan on k_8  (cost=0.00..5.52 rows=109 width=0)
	        Index Cond: ((k >= 6924761) AND (k <= 6924861))


explain: for range-notcovered :: explain SELECT k, c FROM sbtest%d WHERE k BETWEEN 7490797 AND 7490897
for range-notcovered
table 1 : explain SELECT k, c FROM sbtest1 WHERE k BETWEEN 3282562 AND 3282662
	Bitmap Heap Scan on sbtest1  (cost=5.45..397.54 rows=99 width=125)
	  Recheck Cond: ((k >= 3282562) AND (k <= 3282662))
	  ->  Bitmap Index Scan on k_1  (cost=0.00..5.42 rows=99 width=0)
	        Index Cond: ((k >= 3282562) AND (k <= 3282662))

table 2 : explain SELECT k, c FROM sbtest2 WHERE k BETWEEN 3282562 AND 3282662
	Bitmap Heap Scan on sbtest2  (cost=5.44..393.62 rows=98 width=125)
	  Recheck Cond: ((k >= 3282562) AND (k <= 3282662))
	  ->  Bitmap Index Scan on k_2  (cost=0.00..5.42 rows=98 width=0)
	        Index Cond: ((k >= 3282562) AND (k <= 3282662))

table 3 : explain SELECT k, c FROM sbtest3 WHERE k BETWEEN 3282562 AND 3282662
	Bitmap Heap Scan on sbtest3  (cost=5.49..413.28 rows=103 width=125)
	  Recheck Cond: ((k >= 3282562) AND (k <= 3282662))
	  ->  Bitmap Index Scan on k_3  (cost=0.00..5.46 rows=103 width=0)
	        Index Cond: ((k >= 3282562) AND (k <= 3282662))

table 4 : explain SELECT k, c FROM sbtest4 WHERE k BETWEEN 3282562 AND 3282662
	Bitmap Heap Scan on sbtest4  (cost=5.52..425.13 rows=106 width=125)
	  Recheck Cond: ((k >= 3282562) AND (k <= 3282662))
	  ->  Bitmap Index Scan on k_4  (cost=0.00..5.50 rows=106 width=0)
	        Index Cond: ((k >= 3282562) AND (k <= 3282662))

table 5 : explain SELECT k, c FROM sbtest5 WHERE k BETWEEN 3282562 AND 3282662
	Bitmap Heap Scan on sbtest5  (cost=5.50..417.28 rows=104 width=125)
	  Recheck Cond: ((k >= 3282562) AND (k <= 3282662))
	  ->  Bitmap Index Scan on k_5  (cost=0.00..5.47 rows=104 width=0)
	        Index Cond: ((k >= 3282562) AND (k <= 3282662))

table 6 : explain SELECT k, c FROM sbtest6 WHERE k BETWEEN 3282562 AND 3282662
	Bitmap Heap Scan on sbtest6  (cost=5.41..381.77 rows=95 width=125)
	  Recheck Cond: ((k >= 3282562) AND (k <= 3282662))
	  ->  Bitmap Index Scan on k_6  (cost=0.00..5.38 rows=95 width=0)
	        Index Cond: ((k >= 3282562) AND (k <= 3282662))

table 7 : explain SELECT k, c FROM sbtest7 WHERE k BETWEEN 3282562 AND 3282662
	Bitmap Heap Scan on sbtest7  (cost=5.42..385.71 rows=96 width=125)
	  Recheck Cond: ((k >= 3282562) AND (k <= 3282662))
	  ->  Bitmap Index Scan on k_7  (cost=0.00..5.39 rows=96 width=0)
	        Index Cond: ((k >= 3282562) AND (k <= 3282662))

table 8 : explain SELECT k, c FROM sbtest8 WHERE k BETWEEN 3282562 AND 3282662
	Bitmap Heap Scan on sbtest8  (cost=5.57..444.85 rows=111 width=125)
	  Recheck Cond: ((k >= 3282562) AND (k <= 3282662))
	  ->  Bitmap Index Scan on k_8  (cost=0.00..5.54 rows=111 width=0)
	        Index Cond: ((k >= 3282562) AND (k <= 3282662))


for range-notcovered
table 1 : explain SELECT k, c FROM sbtest1 WHERE k BETWEEN 8429688 AND 8429788
	Bitmap Heap Scan on sbtest1  (cost=5.45..397.54 rows=99 width=125)
	  Recheck Cond: ((k >= 8429688) AND (k <= 8429788))
	  ->  Bitmap Index Scan on k_1  (cost=0.00..5.42 rows=99 width=0)
	        Index Cond: ((k >= 8429688) AND (k <= 8429788))

table 2 : explain SELECT k, c FROM sbtest2 WHERE k BETWEEN 8429688 AND 8429788
	Bitmap Heap Scan on sbtest2  (cost=5.45..397.57 rows=99 width=125)
	  Recheck Cond: ((k >= 8429688) AND (k <= 8429788))
	  ->  Bitmap Index Scan on k_2  (cost=0.00..5.42 rows=99 width=0)
	        Index Cond: ((k >= 8429688) AND (k <= 8429788))

table 3 : explain SELECT k, c FROM sbtest3 WHERE k BETWEEN 8429688 AND 8429788
	Bitmap Heap Scan on sbtest3  (cost=5.43..389.62 rows=97 width=125)
	  Recheck Cond: ((k >= 8429688) AND (k <= 8429788))
	  ->  Bitmap Index Scan on k_3  (cost=0.00..5.40 rows=97 width=0)
	        Index Cond: ((k >= 8429688) AND (k <= 8429788))

table 4 : explain SELECT k, c FROM sbtest4 WHERE k BETWEEN 8429688 AND 8429788
	Bitmap Heap Scan on sbtest4  (cost=5.48..409.36 rows=102 width=125)
	  Recheck Cond: ((k >= 8429688) AND (k <= 8429788))
	  ->  Bitmap Index Scan on k_4  (cost=0.00..5.45 rows=102 width=0)
	        Index Cond: ((k >= 8429688) AND (k <= 8429788))

table 5 : explain SELECT k, c FROM sbtest5 WHERE k BETWEEN 8429688 AND 8429788
	Bitmap Heap Scan on sbtest5  (cost=5.50..417.28 rows=104 width=125)
	  Recheck Cond: ((k >= 8429688) AND (k <= 8429788))
	  ->  Bitmap Index Scan on k_5  (cost=0.00..5.47 rows=104 width=0)
	        Index Cond: ((k >= 8429688) AND (k <= 8429788))

table 6 : explain SELECT k, c FROM sbtest6 WHERE k BETWEEN 8429688 AND 8429788
	Bitmap Heap Scan on sbtest6  (cost=5.55..436.96 rows=109 width=125)
	  Recheck Cond: ((k >= 8429688) AND (k <= 8429788))
	  ->  Bitmap Index Scan on k_6  (cost=0.00..5.52 rows=109 width=0)
	        Index Cond: ((k >= 8429688) AND (k <= 8429788))

table 7 : explain SELECT k, c FROM sbtest7 WHERE k BETWEEN 8429688 AND 8429788
	Bitmap Heap Scan on sbtest7  (cost=5.52..425.14 rows=106 width=125)
	  Recheck Cond: ((k >= 8429688) AND (k <= 8429788))
	  ->  Bitmap Index Scan on k_7  (cost=0.00..5.50 rows=106 width=0)
	        Index Cond: ((k >= 8429688) AND (k <= 8429788))

table 8 : explain SELECT k, c FROM sbtest8 WHERE k BETWEEN 8429688 AND 8429788
	Bitmap Heap Scan on sbtest8  (cost=5.54..433.03 rows=108 width=125)
	  Recheck Cond: ((k >= 8429688) AND (k <= 8429788))
	  ->  Bitmap Index Scan on k_8  (cost=0.00..5.51 rows=108 width=0)
	        Index Cond: ((k >= 8429688) AND (k <= 8429788))

for range-notcovered
table 1 : explain SELECT k, c FROM sbtest1 WHERE k BETWEEN 6852626 AND 6852726
	Bitmap Heap Scan on sbtest1  (cost=5.56..440.89 rows=110 width=125)
	  Recheck Cond: ((k >= 6852626) AND (k <= 6852726))
	  ->  Bitmap Index Scan on k_1  (cost=0.00..5.53 rows=110 width=0)
	        Index Cond: ((k >= 6852626) AND (k <= 6852726))

table 2 : explain SELECT k, c FROM sbtest2 WHERE k BETWEEN 6852626 AND 6852726
	Bitmap Heap Scan on sbtest2  (cost=5.51..421.22 rows=105 width=125)
	  Recheck Cond: ((k >= 6852626) AND (k <= 6852726))
	  ->  Bitmap Index Scan on k_2  (cost=0.00..5.48 rows=105 width=0)
	        Index Cond: ((k >= 6852626) AND (k <= 6852726))

table 3 : explain SELECT k, c FROM sbtest3 WHERE k BETWEEN 6852626 AND 6852726
	Bitmap Heap Scan on sbtest3  (cost=5.48..409.34 rows=102 width=125)
	  Recheck Cond: ((k >= 6852626) AND (k <= 6852726))
	  ->  Bitmap Index Scan on k_3  (cost=0.00..5.45 rows=102 width=0)
	        Index Cond: ((k >= 6852626) AND (k <= 6852726))

table 4 : explain SELECT k, c FROM sbtest4 WHERE k BETWEEN 6852626 AND 6852726
	Bitmap Heap Scan on sbtest4  (cost=5.51..421.19 rows=105 width=125)
	  Recheck Cond: ((k >= 6852626) AND (k <= 6852726))
	  ->  Bitmap Index Scan on k_4  (cost=0.00..5.48 rows=105 width=0)
	        Index Cond: ((k >= 6852626) AND (k <= 6852726))

table 5 : explain SELECT k, c FROM sbtest5 WHERE k BETWEEN 6852626 AND 6852726
	Bitmap Heap Scan on sbtest5  (cost=5.46..401.51 rows=100 width=125)
	  Recheck Cond: ((k >= 6852626) AND (k <= 6852726))
	  ->  Bitmap Index Scan on k_5  (cost=0.00..5.43 rows=100 width=0)
	        Index Cond: ((k >= 6852626) AND (k <= 6852726))

table 6 : explain SELECT k, c FROM sbtest6 WHERE k BETWEEN 6852626 AND 6852726
	Bitmap Heap Scan on sbtest6  (cost=5.53..429.08 rows=107 width=125)
	  Recheck Cond: ((k >= 6852626) AND (k <= 6852726))
	  ->  Bitmap Index Scan on k_6  (cost=0.00..5.50 rows=107 width=0)
	        Index Cond: ((k >= 6852626) AND (k <= 6852726))

table 7 : explain SELECT k, c FROM sbtest7 WHERE k BETWEEN 6852626 AND 6852726
	Bitmap Heap Scan on sbtest7  (cost=5.46..401.49 rows=100 width=125)
	  Recheck Cond: ((k >= 6852626) AND (k <= 6852726))
	  ->  Bitmap Index Scan on k_7  (cost=0.00..5.43 rows=100 width=0)
	        Index Cond: ((k >= 6852626) AND (k <= 6852726))

table 8 : explain SELECT k, c FROM sbtest8 WHERE k BETWEEN 6852626 AND 6852726
	Bitmap Heap Scan on sbtest8  (cost=5.46..401.49 rows=100 width=125)
	  Recheck Cond: ((k >= 6852626) AND (k <= 6852726))
	  ->  Bitmap Index Scan on k_8  (cost=0.00..5.43 rows=100 width=0)
	        Index Cond: ((k >= 6852626) AND (k <= 6852726))

for range-notcovered
table 1 : explain SELECT k, c FROM sbtest1 WHERE k BETWEEN 6714694 AND 6714794
	Bitmap Heap Scan on sbtest1  (cost=5.42..385.71 rows=96 width=125)
	  Recheck Cond: ((k >= 6714694) AND (k <= 6714794))
	  ->  Bitmap Index Scan on k_1  (cost=0.00..5.39 rows=96 width=0)
	        Index Cond: ((k >= 6714694) AND (k <= 6714794))

table 2 : explain SELECT k, c FROM sbtest2 WHERE k BETWEEN 6714694 AND 6714794
	Bitmap Heap Scan on sbtest2  (cost=5.45..397.57 rows=99 width=125)
	  Recheck Cond: ((k >= 6714694) AND (k <= 6714794))
	  ->  Bitmap Index Scan on k_2  (cost=0.00..5.42 rows=99 width=0)
	        Index Cond: ((k >= 6714694) AND (k <= 6714794))

table 3 : explain SELECT k, c FROM sbtest3 WHERE k BETWEEN 6714694 AND 6714794
	Bitmap Heap Scan on sbtest3  (cost=5.63..468.42 rows=117 width=125)
	  Recheck Cond: ((k >= 6714694) AND (k <= 6714794))
	  ->  Bitmap Index Scan on k_3  (cost=0.00..5.60 rows=117 width=0)
	        Index Cond: ((k >= 6714694) AND (k <= 6714794))

table 4 : explain SELECT k, c FROM sbtest4 WHERE k BETWEEN 6714694 AND 6714794
	Bitmap Heap Scan on sbtest4  (cost=5.46..401.48 rows=100 width=125)
	  Recheck Cond: ((k >= 6714694) AND (k <= 6714794))
	  ->  Bitmap Index Scan on k_4  (cost=0.00..5.43 rows=100 width=0)
	        Index Cond: ((k >= 6714694) AND (k <= 6714794))

table 5 : explain SELECT k, c FROM sbtest5 WHERE k BETWEEN 6714694 AND 6714794
	Bitmap Heap Scan on sbtest5  (cost=5.45..397.57 rows=99 width=125)
	  Recheck Cond: ((k >= 6714694) AND (k <= 6714794))
	  ->  Bitmap Index Scan on k_5  (cost=0.00..5.42 rows=99 width=0)
	        Index Cond: ((k >= 6714694) AND (k <= 6714794))

table 6 : explain SELECT k, c FROM sbtest6 WHERE k BETWEEN 6714694 AND 6714794
	Bitmap Heap Scan on sbtest6  (cost=5.48..409.37 rows=102 width=125)
	  Recheck Cond: ((k >= 6714694) AND (k <= 6714794))
	  ->  Bitmap Index Scan on k_6  (cost=0.00..5.45 rows=102 width=0)
	        Index Cond: ((k >= 6714694) AND (k <= 6714794))

table 7 : explain SELECT k, c FROM sbtest7 WHERE k BETWEEN 6714694 AND 6714794
	Bitmap Heap Scan on sbtest7  (cost=5.39..373.87 rows=93 width=125)
	  Recheck Cond: ((k >= 6714694) AND (k <= 6714794))
	  ->  Bitmap Index Scan on k_7  (cost=0.00..5.36 rows=93 width=0)
	        Index Cond: ((k >= 6714694) AND (k <= 6714794))

table 8 : explain SELECT k, c FROM sbtest8 WHERE k BETWEEN 6714694 AND 6714794
	Bitmap Heap Scan on sbtest8  (cost=5.54..433.03 rows=108 width=125)
	  Recheck Cond: ((k >= 6714694) AND (k <= 6714794))
	  ->  Bitmap Index Scan on k_8  (cost=0.00..5.51 rows=108 width=0)
	        Index Cond: ((k >= 6714694) AND (k <= 6714794))

for range-notcovered
table 1 : explain SELECT k, c FROM sbtest1 WHERE k BETWEEN 6598920 AND 6599020
	Bitmap Heap Scan on sbtest1  (cost=5.44..393.59 rows=98 width=125)
	  Recheck Cond: ((k >= 6598920) AND (k <= 6599020))
	  ->  Bitmap Index Scan on k_1  (cost=0.00..5.42 rows=98 width=0)
	        Index Cond: ((k >= 6598920) AND (k <= 6599020))

table 2 : explain SELECT k, c FROM sbtest2 WHERE k BETWEEN 6598920 AND 6599020
	Bitmap Heap Scan on sbtest2  (cost=5.46..401.51 rows=100 width=125)
	  Recheck Cond: ((k >= 6598920) AND (k <= 6599020))
	  ->  Bitmap Index Scan on k_2  (cost=0.00..5.43 rows=100 width=0)
	        Index Cond: ((k >= 6598920) AND (k <= 6599020))

table 3 : explain SELECT k, c FROM sbtest3 WHERE k BETWEEN 6598920 AND 6599020
	Bitmap Heap Scan on sbtest3  (cost=5.42..385.68 rows=96 width=125)
	  Recheck Cond: ((k >= 6598920) AND (k <= 6599020))
	  ->  Bitmap Index Scan on k_3  (cost=0.00..5.39 rows=96 width=0)
	        Index Cond: ((k >= 6598920) AND (k <= 6599020))

table 4 : explain SELECT k, c FROM sbtest4 WHERE k BETWEEN 6598920 AND 6599020
	Bitmap Heap Scan on sbtest4  (cost=5.48..409.36 rows=102 width=125)
	  Recheck Cond: ((k >= 6598920) AND (k <= 6599020))
	  ->  Bitmap Index Scan on k_4  (cost=0.00..5.45 rows=102 width=0)
	        Index Cond: ((k >= 6598920) AND (k <= 6599020))

table 5 : explain SELECT k, c FROM sbtest5 WHERE k BETWEEN 6598920 AND 6599020
	Bitmap Heap Scan on sbtest5  (cost=5.46..401.51 rows=100 width=125)
	  Recheck Cond: ((k >= 6598920) AND (k <= 6599020))
	  ->  Bitmap Index Scan on k_5  (cost=0.00..5.43 rows=100 width=0)
	        Index Cond: ((k >= 6598920) AND (k <= 6599020))

table 6 : explain SELECT k, c FROM sbtest6 WHERE k BETWEEN 6598920 AND 6599020
	Bitmap Heap Scan on sbtest6  (cost=5.49..413.31 rows=103 width=125)
	  Recheck Cond: ((k >= 6598920) AND (k <= 6599020))
	  ->  Bitmap Index Scan on k_6  (cost=0.00..5.46 rows=103 width=0)
	        Index Cond: ((k >= 6598920) AND (k <= 6599020))

table 7 : explain SELECT k, c FROM sbtest7 WHERE k BETWEEN 6598920 AND 6599020
	Bitmap Heap Scan on sbtest7  (cost=5.45..397.54 rows=99 width=125)
	  Recheck Cond: ((k >= 6598920) AND (k <= 6599020))
	  ->  Bitmap Index Scan on k_7  (cost=0.00..5.42 rows=99 width=0)
	        Index Cond: ((k >= 6598920) AND (k <= 6599020))

table 8 : explain SELECT k, c FROM sbtest8 WHERE k BETWEEN 6598920 AND 6599020
	Bitmap Heap Scan on sbtest8  (cost=5.43..389.66 rows=97 width=125)
	  Recheck Cond: ((k >= 6598920) AND (k <= 6599020))
	  ->  Bitmap Index Scan on k_8  (cost=0.00..5.40 rows=97 width=0)
	        Index Cond: ((k >= 6598920) AND (k <= 6599020))


for range-notcovered
table 1 : explain SELECT k, c FROM sbtest1 WHERE k BETWEEN 5036418 AND 5036518
	Bitmap Heap Scan on sbtest1  (cost=5.48..409.37 rows=102 width=125)
	  Recheck Cond: ((k >= 5036418) AND (k <= 5036518))
	  ->  Bitmap Index Scan on k_1  (cost=0.00..5.45 rows=102 width=0)
	        Index Cond: ((k >= 5036418) AND (k <= 5036518))

table 2 : explain SELECT k, c FROM sbtest2 WHERE k BETWEEN 5036418 AND 5036518
	Bitmap Heap Scan on sbtest2  (cost=5.50..417.28 rows=104 width=125)
	  Recheck Cond: ((k >= 5036418) AND (k <= 5036518))
	  ->  Bitmap Index Scan on k_2  (cost=0.00..5.47 rows=104 width=0)
	        Index Cond: ((k >= 5036418) AND (k <= 5036518))

table 3 : explain SELECT k, c FROM sbtest3 WHERE k BETWEEN 5036418 AND 5036518
	Bitmap Heap Scan on sbtest3  (cost=5.52..425.10 rows=106 width=125)
	  Recheck Cond: ((k >= 5036418) AND (k <= 5036518))
	  ->  Bitmap Index Scan on k_3  (cost=0.00..5.50 rows=106 width=0)
	        Index Cond: ((k >= 5036418) AND (k <= 5036518))

table 4 : explain SELECT k, c FROM sbtest4 WHERE k BETWEEN 5036418 AND 5036518
	Bitmap Heap Scan on sbtest4  (cost=5.53..429.07 rows=107 width=125)
	  Recheck Cond: ((k >= 5036418) AND (k <= 5036518))
	  ->  Bitmap Index Scan on k_4  (cost=0.00..5.50 rows=107 width=0)
	        Index Cond: ((k >= 5036418) AND (k <= 5036518))

table 5 : explain SELECT k, c FROM sbtest5 WHERE k BETWEEN 5036418 AND 5036518
	Bitmap Heap Scan on sbtest5  (cost=5.48..409.40 rows=102 width=125)
	  Recheck Cond: ((k >= 5036418) AND (k <= 5036518))
	  ->  Bitmap Index Scan on k_5  (cost=0.00..5.45 rows=102 width=0)
	        Index Cond: ((k >= 5036418) AND (k <= 5036518))

table 6 : explain SELECT k, c FROM sbtest6 WHERE k BETWEEN 5036418 AND 5036518
	Bitmap Heap Scan on sbtest6  (cost=5.51..421.20 rows=105 width=125)
	  Recheck Cond: ((k >= 5036418) AND (k <= 5036518))
	  ->  Bitmap Index Scan on k_6  (cost=0.00..5.48 rows=105 width=0)
	        Index Cond: ((k >= 5036418) AND (k <= 5036518))

table 7 : explain SELECT k, c FROM sbtest7 WHERE k BETWEEN 5036418 AND 5036518
	Bitmap Heap Scan on sbtest7  (cost=5.51..421.20 rows=105 width=125)
	  Recheck Cond: ((k >= 5036418) AND (k <= 5036518))
	  ->  Bitmap Index Scan on k_7  (cost=0.00..5.48 rows=105 width=0)
	        Index Cond: ((k >= 5036418) AND (k <= 5036518))

table 8 : explain SELECT k, c FROM sbtest8 WHERE k BETWEEN 5036418 AND 5036518
	Bitmap Heap Scan on sbtest8  (cost=5.53..429.09 rows=107 width=125)
	  Recheck Cond: ((k >= 5036418) AND (k <= 5036518))
	  ->  Bitmap Index Scan on k_8  (cost=0.00..5.50 rows=107 width=0)
	        Index Cond: ((k >= 5036418) AND (k <= 5036518))

for range-notcovered
table 1 : explain SELECT k, c FROM sbtest1 WHERE k BETWEEN 1880241 AND 1880341
	Bitmap Heap Scan on sbtest1  (cost=5.42..385.71 rows=96 width=125)
	  Recheck Cond: ((k >= 1880241) AND (k <= 1880341))
	  ->  Bitmap Index Scan on k_1  (cost=0.00..5.39 rows=96 width=0)
	        Index Cond: ((k >= 1880241) AND (k <= 1880341))

table 2 : explain SELECT k, c FROM sbtest2 WHERE k BETWEEN 1880241 AND 1880341
	Bitmap Heap Scan on sbtest2  (cost=5.49..413.34 rows=103 width=125)
	  Recheck Cond: ((k >= 1880241) AND (k <= 1880341))
	  ->  Bitmap Index Scan on k_2  (cost=0.00..5.46 rows=103 width=0)
	        Index Cond: ((k >= 1880241) AND (k <= 1880341))

table 3 : explain SELECT k, c FROM sbtest3 WHERE k BETWEEN 1880241 AND 1880341
	Bitmap Heap Scan on sbtest3  (cost=5.50..417.22 rows=104 width=125)
	  Recheck Cond: ((k >= 1880241) AND (k <= 1880341))
	  ->  Bitmap Index Scan on k_3  (cost=0.00..5.47 rows=104 width=0)
	        Index Cond: ((k >= 1880241) AND (k <= 1880341))

table 4 : explain SELECT k, c FROM sbtest4 WHERE k BETWEEN 1880241 AND 1880341
	Bitmap Heap Scan on sbtest4  (cost=5.42..385.70 rows=96 width=125)
	  Recheck Cond: ((k >= 1880241) AND (k <= 1880341))
	  ->  Bitmap Index Scan on k_4  (cost=0.00..5.39 rows=96 width=0)
	        Index Cond: ((k >= 1880241) AND (k <= 1880341))

table 5 : explain SELECT k, c FROM sbtest5 WHERE k BETWEEN 1880241 AND 1880341
	Bitmap Heap Scan on sbtest5  (cost=5.51..421.22 rows=105 width=125)
	  Recheck Cond: ((k >= 1880241) AND (k <= 1880341))
	  ->  Bitmap Index Scan on k_5  (cost=0.00..5.48 rows=105 width=0)
	        Index Cond: ((k >= 1880241) AND (k <= 1880341))

table 6 : explain SELECT k, c FROM sbtest6 WHERE k BETWEEN 1880241 AND 1880341
	Bitmap Heap Scan on sbtest6  (cost=5.47..405.43 rows=101 width=125)
	  Recheck Cond: ((k >= 1880241) AND (k <= 1880341))
	  ->  Bitmap Index Scan on k_6  (cost=0.00..5.44 rows=101 width=0)
	        Index Cond: ((k >= 1880241) AND (k <= 1880341))

table 7 : explain SELECT k, c FROM sbtest7 WHERE k BETWEEN 1880241 AND 1880341
	Bitmap Heap Scan on sbtest7  (cost=5.45..397.54 rows=99 width=125)
	  Recheck Cond: ((k >= 1880241) AND (k <= 1880341))
	  ->  Bitmap Index Scan on k_7  (cost=0.00..5.42 rows=99 width=0)
	        Index Cond: ((k >= 1880241) AND (k <= 1880341))

table 8 : explain SELECT k, c FROM sbtest8 WHERE k BETWEEN 1880241 AND 1880341
	Bitmap Heap Scan on sbtest8  (cost=5.52..425.15 rows=106 width=125)
	  Recheck Cond: ((k >= 1880241) AND (k <= 1880341))
	  ->  Bitmap Index Scan on k_8  (cost=0.00..5.50 rows=106 width=0)
	        Index Cond: ((k >= 1880241) AND (k <= 1880341))

explain: for range-notcovered :: explain SELECT k, c FROM sbtest%d WHERE k BETWEEN 6852626 AND 6852726
explain: for range-notcovered :: explain SELECT k, c FROM sbtest%d WHERE k BETWEEN 6889981 AND 6890081explain: for range-notcovered :: explain SELECT k, c FROM sbtest%d WHERE k BETWEEN 6598920 AND 6599020
explain: for range-notcovered :: explain SELECT k, c FROM sbtest%d WHERE k BETWEEN 5964910 AND 5965010
explain: for range-notcovered :: explain SELECT k, c FROM sbtest%d WHERE k BETWEEN 5036418 AND 5036518
explain: for range-notcovered :: explain SELECT k, c FROM sbtest%d WHERE k BETWEEN 1289756 AND 1289856
explain: for range-notcovered :: explain SELECT k, c FROM sbtest%d WHERE k BETWEEN 6924761 AND 6924861

for range-notcovered
table 1 : explain SELECT k, c FROM sbtest1 WHERE k BETWEEN 3595470 AND 3595570
	Bitmap Heap Scan on sbtest1  (cost=5.38..369.92 rows=92 width=125)
	  Recheck Cond: ((k >= 3595470) AND (k <= 3595570))
	  ->  Bitmap Index Scan on k_1  (cost=0.00..5.35 rows=92 width=0)
	        Index Cond: ((k >= 3595470) AND (k <= 3595570))

table 2 : explain SELECT k, c FROM sbtest2 WHERE k BETWEEN 3595470 AND 3595570
	Bitmap Heap Scan on sbtest2  (cost=5.51..421.22 rows=105 width=125)
	  Recheck Cond: ((k >= 3595470) AND (k <= 3595570))
	  ->  Bitmap Index Scan on k_2  (cost=0.00..5.48 rows=105 width=0)
	        Index Cond: ((k >= 3595470) AND (k <= 3595570))

table 3 : explain SELECT k, c FROM sbtest3 WHERE k BETWEEN 3595470 AND 3595570
	Bitmap Heap Scan on sbtest3  (cost=5.46..401.45 rows=100 width=125)
	  Recheck Cond: ((k >= 3595470) AND (k <= 3595570))
	  ->  Bitmap Index Scan on k_3  (cost=0.00..5.43 rows=100 width=0)
	        Index Cond: ((k >= 3595470) AND (k <= 3595570))

table 4 : explain SELECT k, c FROM sbtest4 WHERE k BETWEEN 3595470 AND 3595570
	Bitmap Heap Scan on sbtest4  (cost=5.37..365.97 rows=91 width=125)
	  Recheck Cond: ((k >= 3595470) AND (k <= 3595570))
	  ->  Bitmap Index Scan on k_4  (cost=0.00..5.34 rows=91 width=0)
	        Index Cond: ((k >= 3595470) AND (k <= 3595570))

table 5 : explain SELECT k, c FROM sbtest5 WHERE k BETWEEN 3595470 AND 3595570
	Bitmap Heap Scan on sbtest5  (cost=5.46..401.51 rows=100 width=125)
	  Recheck Cond: ((k >= 3595470) AND (k <= 3595570))
	  ->  Bitmap Index Scan on k_5  (cost=0.00..5.43 rows=100 width=0)
	        Index Cond: ((k >= 3595470) AND (k <= 3595570))

table 6 : explain SELECT k, c FROM sbtest6 WHERE k BETWEEN 3595470 AND 3595570
	Bitmap Heap Scan on sbtest6  (cost=5.38..369.93 rows=92 width=125)
	  Recheck Cond: ((k >= 3595470) AND (k <= 3595570))
	  ->  Bitmap Index Scan on k_6  (cost=0.00..5.35 rows=92 width=0)
	        Index Cond: ((k >= 3595470) AND (k <= 3595570))

table 7 : explain SELECT k, c FROM sbtest7 WHERE k BETWEEN 3595470 AND 3595570
	Bitmap Heap Scan on sbtest7  (cost=5.47..405.43 rows=101 width=125)
	  Recheck Cond: ((k >= 3595470) AND (k <= 3595570))
	  ->  Bitmap Index Scan on k_7  (cost=0.00..5.44 rows=101 width=0)
	        Index Cond: ((k >= 3595470) AND (k <= 3595570))

table 8 : explain SELECT k, c FROM sbtest8 WHERE k BETWEEN 3595470 AND 3595570
	Bitmap Heap Scan on sbtest8  (cost=5.45..397.55 rows=99 width=125)
	  Recheck Cond: ((k >= 3595470) AND (k <= 3595570))
	  ->  Bitmap Index Scan on k_8  (cost=0.00..5.42 rows=99 width=0)
	        Index Cond: ((k >= 3595470) AND (k <= 3595570))

explain: for range-notcovered :: explain SELECT k, c FROM sbtest%d WHERE k BETWEEN 1880241 AND 1880341
explain: for range-notcovered :: explain SELECT k, c FROM sbtest%d WHERE k BETWEEN 3282562 AND 3282662
for range-notcovered
table 1 : explain SELECT k, c FROM sbtest1 WHERE k BETWEEN 2845276 AND 2845376
	Bitmap Heap Scan on sbtest1  (cost=5.53..429.07 rows=107 width=125)
	  Recheck Cond: ((k >= 2845276) AND (k <= 2845376))
	  ->  Bitmap Index Scan on k_1  (cost=0.00..5.50 rows=107 width=0)
	        Index Cond: ((k >= 2845276) AND (k <= 2845376))

table 2 : explain SELECT k, c FROM sbtest2 WHERE k BETWEEN 2845276 AND 2845376
	Bitmap Heap Scan on sbtest2  (cost=5.41..381.79 rows=95 width=125)
	  Recheck Cond: ((k >= 2845276) AND (k <= 2845376))
	  ->  Bitmap Index Scan on k_2  (cost=0.00..5.38 rows=95 width=0)
	        Index Cond: ((k >= 2845276) AND (k <= 2845376))

table 3 : explain SELECT k, c FROM sbtest3 WHERE k BETWEEN 2845276 AND 2845376
	Bitmap Heap Scan on sbtest3  (cost=5.38..369.90 rows=92 width=125)
	  Recheck Cond: ((k >= 2845276) AND (k <= 2845376))
	  ->  Bitmap Index Scan on k_3  (cost=0.00..5.35 rows=92 width=0)
	        Index Cond: ((k >= 2845276) AND (k <= 2845376))

table 4 : explain SELECT k, c FROM sbtest4 WHERE k BETWEEN 2845276 AND 2845376
	Bitmap Heap Scan on sbtest4  (cost=5.45..397.54 rows=99 width=125)
	  Recheck Cond: ((k >= 2845276) AND (k <= 2845376))
	  ->  Bitmap Index Scan on k_4  (cost=0.00..5.42 rows=99 width=0)
	        Index Cond: ((k >= 2845276) AND (k <= 2845376))

table 5 : explain SELECT k, c FROM sbtest5 WHERE k BETWEEN 2845276 AND 2845376
	Bitmap Heap Scan on sbtest5  (cost=5.41..381.79 rows=95 width=125)
	  Recheck Cond: ((k >= 2845276) AND (k <= 2845376))
	  ->  Bitmap Index Scan on k_5  (cost=0.00..5.38 rows=95 width=0)
	        Index Cond: ((k >= 2845276) AND (k <= 2845376))

table 6 : explain SELECT k, c FROM sbtest6 WHERE k BETWEEN 2845276 AND 2845376
	Bitmap Heap Scan on sbtest6  (cost=5.51..421.20 rows=105 width=125)
	  Recheck Cond: ((k >= 2845276) AND (k <= 2845376))
	  ->  Bitmap Index Scan on k_6  (cost=0.00..5.48 rows=105 width=0)
	        Index Cond: ((k >= 2845276) AND (k <= 2845376))

table 7 : explain SELECT k, c FROM sbtest7 WHERE k BETWEEN 2845276 AND 2845376
	Bitmap Heap Scan on sbtest7  (cost=5.52..425.14 rows=106 width=125)
	  Recheck Cond: ((k >= 2845276) AND (k <= 2845376))
	  ->  Bitmap Index Scan on k_7  (cost=0.00..5.50 rows=106 width=0)
	        Index Cond: ((k >= 2845276) AND (k <= 2845376))

table 8 : explain SELECT k, c FROM sbtest8 WHERE k BETWEEN 2845276 AND 2845376
	Bitmap Heap Scan on sbtest8  (cost=5.46..401.49 rows=100 width=125)
	  Recheck Cond: ((k >= 2845276) AND (k <= 2845376))
	  ->  Bitmap Index Scan on k_8  (cost=0.00..5.43 rows=100 width=0)
	        Index Cond: ((k >= 2845276) AND (k <= 2845376))
explain: for range-notcovered :: explain SELECT k, c FROM sbtest%d WHERE k BETWEEN 3763505 AND 3763605for range-notcovered
table 1 : explain SELECT k, c FROM sbtest1 WHERE k BETWEEN 3406885 AND 3406985
	Bitmap Heap Scan on sbtest1  (cost=5.61..460.58 rows=115 width=125)
	  Recheck Cond: ((k >= 3406885) AND (k <= 3406985))
	  ->  Bitmap Index Scan on k_1  (cost=0.00..5.58 rows=115 width=0)
	        Index Cond: ((k >= 3406885) AND (k <= 3406985))

table 2 : explain SELECT k, c FROM sbtest2 WHERE k BETWEEN 3406885 AND 3406985
	Bitmap Heap Scan on sbtest2  (cost=5.48..409.40 rows=102 width=125)
	  Recheck Cond: ((k >= 3406885) AND (k <= 3406985))
	  ->  Bitmap Index Scan on k_2  (cost=0.00..5.45 rows=102 width=0)
	        Index Cond: ((k >= 3406885) AND (k <= 3406985))

table 3 : explain SELECT k, c FROM sbtest3 WHERE k BETWEEN 3406885 AND 3406985
	Bitmap Heap Scan on sbtest3  (cost=5.54..432.98 rows=108 width=125)
	  Recheck Cond: ((k >= 3406885) AND (k <= 3406985))
	  ->  Bitmap Index Scan on k_3  (cost=0.00..5.51 rows=108 width=0)
	        Index Cond: ((k >= 3406885) AND (k <= 3406985))

table 4 : explain SELECT k, c FROM sbtest4 WHERE k BETWEEN 3406885 AND 3406985
	Bitmap Heap Scan on sbtest4  (cost=5.46..401.48 rows=100 width=125)
	  Recheck Cond: ((k >= 3406885) AND (k <= 3406985))
	  ->  Bitmap Index Scan on k_4  (cost=0.00..5.43 rows=100 width=0)
	        Index Cond: ((k >= 3406885) AND (k <= 3406985))

table 5 : explain SELECT k, c FROM sbtest5 WHERE k BETWEEN 3406885 AND 3406985
	Bitmap Heap Scan on sbtest5  (cost=5.48..409.40 rows=102 width=125)
	  Recheck Cond: ((k >= 3406885) AND (k <= 3406985))
	  ->  Bitmap Index Scan on k_5  (cost=0.00..5.45 rows=102 width=0)
	        Index Cond: ((k >= 3406885) AND (k <= 3406985))

table 6 : explain SELECT k, c FROM sbtest6 WHERE k BETWEEN 3406885 AND 3406985
	Bitmap Heap Scan on sbtest6  (cost=5.41..381.77 rows=95 width=125)
	  Recheck Cond: ((k >= 3406885) AND (k <= 3406985))
	  ->  Bitmap Index Scan on k_6  (cost=0.00..5.38 rows=95 width=0)
	        Index Cond: ((k >= 3406885) AND (k <= 3406985))

table 7 : explain SELECT k, c FROM sbtest7 WHERE k BETWEEN 3406885 AND 3406985
	Bitmap Heap Scan on sbtest7  (cost=5.49..413.31 rows=103 width=125)
	  Recheck Cond: ((k >= 3406885) AND (k <= 3406985))
	  ->  Bitmap Index Scan on k_7  (cost=0.00..5.46 rows=103 width=0)
	        Index Cond: ((k >= 3406885) AND (k <= 3406985))

table 8 : explain SELECT k, c FROM sbtest8 WHERE k BETWEEN 3406885 AND 3406985
	Bitmap Heap Scan on sbtest8  (cost=5.38..369.93 rows=92 width=125)
	  Recheck Cond: ((k >= 3406885) AND (k <= 3406985))
	  ->  Bitmap Index Scan on k_8  (cost=0.00..5.35 rows=92 width=0)
	        Index Cond: ((k >= 3406885) AND (k <= 3406985))

explain: for range-notcovered :: explain SELECT k, c FROM sbtest%d WHERE k BETWEEN 6714694 AND 6714794
for range-notcovered
table 1 : explain SELECT k, c FROM sbtest1 WHERE k BETWEEN 2748161 AND 2748261
	Bitmap Heap Scan on sbtest1  (cost=5.43..389.65 rows=97 width=125)
	  Recheck Cond: ((k >= 2748161) AND (k <= 2748261))
	  ->  Bitmap Index Scan on k_1  (cost=0.00..5.40 rows=97 width=0)
	        Index Cond: ((k >= 2748161) AND (k <= 2748261))

table 2 : explain SELECT k, c FROM sbtest2 WHERE k BETWEEN 2748161 AND 2748261
	Bitmap Heap Scan on sbtest2  (cost=5.53..429.10 rows=107 width=125)
	  Recheck Cond: ((k >= 2748161) AND (k <= 2748261))
	  ->  Bitmap Index Scan on k_2  (cost=0.00..5.50 rows=107 width=0)
	        Index Cond: ((k >= 2748161) AND (k <= 2748261))

table 3 : explain SELECT k, c FROM sbtest3 WHERE k BETWEEN 2748161 AND 2748261
	Bitmap Heap Scan on sbtest3  (cost=5.49..413.28 rows=103 width=125)
	  Recheck Cond: ((k >= 2748161) AND (k <= 2748261))
	  ->  Bitmap Index Scan on k_3  (cost=0.00..5.46 rows=103 width=0)
	        Index Cond: ((k >= 2748161) AND (k <= 2748261))

table 4 : explain SELECT k, c FROM sbtest4 WHERE k BETWEEN 2748161 AND 2748261
	Bitmap Heap Scan on sbtest4  (cost=5.42..385.70 rows=96 width=125)
	  Recheck Cond: ((k >= 2748161) AND (k <= 2748261))
	  ->  Bitmap Index Scan on k_4  (cost=0.00..5.39 rows=96 width=0)
	        Index Cond: ((k >= 2748161) AND (k <= 2748261))

table 5 : explain SELECT k, c FROM sbtest5 WHERE k BETWEEN 2748161 AND 2748261
	Bitmap Heap Scan on sbtest5  (cost=5.52..425.16 rows=106 width=125)
	  Recheck Cond: ((k >= 2748161) AND (k <= 2748261))
	  ->  Bitmap Index Scan on k_5  (cost=0.00..5.50 rows=106 width=0)
	        Index Cond: ((k >= 2748161) AND (k <= 2748261))

table 6 : explain SELECT k, c FROM sbtest6 WHERE k BETWEEN 2748161 AND 2748261
	Bitmap Heap Scan on sbtest6  (cost=5.46..401.49 rows=100 width=125)
	  Recheck Cond: ((k >= 2748161) AND (k <= 2748261))
	  ->  Bitmap Index Scan on k_6  (cost=0.00..5.43 rows=100 width=0)
	        Index Cond: ((k >= 2748161) AND (k <= 2748261))

table 7 : explain SELECT k, c FROM sbtest7 WHERE k BETWEEN 2748161 AND 2748261
	Bitmap Heap Scan on sbtest7  (cost=5.47..405.43 rows=101 width=125)
	  Recheck Cond: ((k >= 2748161) AND (k <= 2748261))
	  ->  Bitmap Index Scan on k_7  (cost=0.00..5.44 rows=101 width=0)
	        Index Cond: ((k >= 2748161) AND (k <= 2748261))

table 8 : explain SELECT k, c FROM sbtest8 WHERE k BETWEEN 2748161 AND 2748261
	Bitmap Heap Scan on sbtest8  (cost=5.59..452.72 rows=113 width=125)
	  Recheck Cond: ((k >= 2748161) AND (k <= 2748261))
	  ->  Bitmap Index Scan on k_8  (cost=0.00..5.56 rows=113 width=0)
	        Index Cond: ((k >= 2748161) AND (k <= 2748261))

for range-notcovered
table 1 : explain SELECT k, c FROM sbtest1 WHERE k BETWEEN 1868326 AND 1868426
	Bitmap Heap Scan on sbtest1  (cost=5.42..385.71 rows=96 width=125)
	  Recheck Cond: ((k >= 1868326) AND (k <= 1868426))
	  ->  Bitmap Index Scan on k_1  (cost=0.00..5.39 rows=96 width=0)
	        Index Cond: ((k >= 1868326) AND (k <= 1868426))

table 2 : explain SELECT k, c FROM sbtest2 WHERE k BETWEEN 1868326 AND 1868426
	Bitmap Heap Scan on sbtest2  (cost=5.49..413.34 rows=103 width=125)
	  Recheck Cond: ((k >= 1868326) AND (k <= 1868426))
	  ->  Bitmap Index Scan on k_2  (cost=0.00..5.46 rows=103 width=0)
	        Index Cond: ((k >= 1868326) AND (k <= 1868426))

table 3 : explain SELECT k, c FROM sbtest3 WHERE k BETWEEN 1868326 AND 1868426
	Bitmap Heap Scan on sbtest3  (cost=5.50..417.22 rows=104 width=125)
	  Recheck Cond: ((k >= 1868326) AND (k <= 1868426))
	  ->  Bitmap Index Scan on k_3  (cost=0.00..5.47 rows=104 width=0)
	        Index Cond: ((k >= 1868326) AND (k <= 1868426))

table 4 : explain SELECT k, c FROM sbtest4 WHERE k BETWEEN 1868326 AND 1868426
	Bitmap Heap Scan on sbtest4  (cost=5.42..385.70 rows=96 width=125)
	  Recheck Cond: ((k >= 1868326) AND (k <= 1868426))
	  ->  Bitmap Index Scan on k_4  (cost=0.00..5.39 rows=96 width=0)
	        Index Cond: ((k >= 1868326) AND (k <= 1868426))

table 5 : explain SELECT k, c FROM sbtest5 WHERE k BETWEEN 1868326 AND 1868426
	Bitmap Heap Scan on sbtest5  (cost=5.51..421.22 rows=105 width=125)
	  Recheck Cond: ((k >= 1868326) AND (k <= 1868426))
	  ->  Bitmap Index Scan on k_5  (cost=0.00..5.48 rows=105 width=0)
	        Index Cond: ((k >= 1868326) AND (k <= 1868426))

table 6 : explain SELECT k, c FROM sbtest6 WHERE k BETWEEN 1868326 AND 1868426
	Bitmap Heap Scan on sbtest6  (cost=5.47..405.43 rows=101 width=125)
	  Recheck Cond: ((k >= 1868326) AND (k <= 1868426))
	  ->  Bitmap Index Scan on k_6  (cost=0.00..5.44 rows=101 width=0)
	        Index Cond: ((k >= 1868326) AND (k <= 1868426))

table 7 : explain SELECT k, c FROM sbtest7 WHERE k BETWEEN 1868326 AND 1868426
	Bitmap Heap Scan on sbtest7  (cost=5.45..397.54 rows=99 width=125)
	  Recheck Cond: ((k >= 1868326) AND (k <= 1868426))
	  ->  Bitmap Index Scan on k_7  (cost=0.00..5.42 rows=99 width=0)
	        Index Cond: ((k >= 1868326) AND (k <= 1868426))

table 8 : explain SELECT k, c FROM sbtest8 WHERE k BETWEEN 1868326 AND 1868426
	Bitmap Heap Scan on sbtest8  (cost=5.52..425.15 rows=106 width=125)
	  Recheck Cond: ((k >= 1868326) AND (k <= 1868426))
	  ->  Bitmap Index Scan on k_8  (cost=0.00..5.50 rows=106 width=0)
	        Index Cond: ((k >= 1868326) AND (k <= 1868426))

for range-notcovered
table 1 : explain SELECT k, c FROM sbtest1 WHERE k BETWEEN 1458180 AND 1458280
	Bitmap Heap Scan on sbtest1  (cost=5.48..409.37 rows=102 width=125)
	  Recheck Cond: ((k >= 1458180) AND (k <= 1458280))
	  ->  Bitmap Index Scan on k_1  (cost=0.00..5.45 rows=102 width=0)
	        Index Cond: ((k >= 1458180) AND (k <= 1458280))

table 2 : explain SELECT k, c FROM sbtest2 WHERE k BETWEEN 1458180 AND 1458280
	Bitmap Heap Scan on sbtest2  (cost=5.51..421.22 rows=105 width=125)
	  Recheck Cond: ((k >= 1458180) AND (k <= 1458280))
	  ->  Bitmap Index Scan on k_2  (cost=0.00..5.48 rows=105 width=0)
	        Index Cond: ((k >= 1458180) AND (k <= 1458280))

table 3 : explain SELECT k, c FROM sbtest3 WHERE k BETWEEN 1458180 AND 1458280
	Bitmap Heap Scan on sbtest3  (cost=5.50..417.22 rows=104 width=125)
	  Recheck Cond: ((k >= 1458180) AND (k <= 1458280))
	  ->  Bitmap Index Scan on k_3  (cost=0.00..5.47 rows=104 width=0)
	        Index Cond: ((k >= 1458180) AND (k <= 1458280))

table 4 : explain SELECT k, c FROM sbtest4 WHERE k BETWEEN 1458180 AND 1458280
	Bitmap Heap Scan on sbtest4  (cost=5.52..425.13 rows=106 width=125)
	  Recheck Cond: ((k >= 1458180) AND (k <= 1458280))
	  ->  Bitmap Index Scan on k_4  (cost=0.00..5.50 rows=106 width=0)
	        Index Cond: ((k >= 1458180) AND (k <= 1458280))

table 5 : explain SELECT k, c FROM sbtest5 WHERE k BETWEEN 1458180 AND 1458280
	Bitmap Heap Scan on sbtest5  (cost=5.51..421.22 rows=105 width=125)
	  Recheck Cond: ((k >= 1458180) AND (k <= 1458280))
	  ->  Bitmap Index Scan on k_5  (cost=0.00..5.48 rows=105 width=0)
	        Index Cond: ((k >= 1458180) AND (k <= 1458280))

table 6 : explain SELECT k, c FROM sbtest6 WHERE k BETWEEN 1458180 AND 1458280
	Bitmap Heap Scan on sbtest6  (cost=5.45..397.54 rows=99 width=125)
	  Recheck Cond: ((k >= 1458180) AND (k <= 1458280))
	  ->  Bitmap Index Scan on k_6  (cost=0.00..5.42 rows=99 width=0)
	        Index Cond: ((k >= 1458180) AND (k <= 1458280))

table 7 : explain SELECT k, c FROM sbtest7 WHERE k BETWEEN 1458180 AND 1458280
	Bitmap Heap Scan on sbtest7  (cost=5.53..429.08 rows=107 width=125)
	  Recheck Cond: ((k >= 1458180) AND (k <= 1458280))
	  ->  Bitmap Index Scan on k_7  (cost=0.00..5.50 rows=107 width=0)
	        Index Cond: ((k >= 1458180) AND (k <= 1458280))

table 8 : explain SELECT k, c FROM sbtest8 WHERE k BETWEEN 1458180 AND 1458280
	Bitmap Heap Scan on sbtest8  (cost=5.43..389.66 rows=97 width=125)
	  Recheck Cond: ((k >= 1458180) AND (k <= 1458280))
	  ->  Bitmap Index Scan on k_8  (cost=0.00..5.40 rows=97 width=0)
	        Index Cond: ((k >= 1458180) AND (k <= 1458280))


for range-notcovered
table 1 : explain SELECT k, c FROM sbtest1 WHERE k BETWEEN 6128050 AND 6128150
	Bitmap Heap Scan on sbtest1  (cost=5.43..389.65 rows=97 width=125)
	  Recheck Cond: ((k >= 6128050) AND (k <= 6128150))
	  ->  Bitmap Index Scan on k_1  (cost=0.00..5.40 rows=97 width=0)
	        Index Cond: ((k >= 6128050) AND (k <= 6128150))

table 2 : explain SELECT k, c FROM sbtest2 WHERE k BETWEEN 6128050 AND 6128150
	Bitmap Heap Scan on sbtest2  (cost=5.52..425.16 rows=106 width=125)
	  Recheck Cond: ((k >= 6128050) AND (k <= 6128150))
	  ->  Bitmap Index Scan on k_2  (cost=0.00..5.50 rows=106 width=0)
	        Index Cond: ((k >= 6128050) AND (k <= 6128150))

table 3 : explain SELECT k, c FROM sbtest3 WHERE k BETWEEN 6128050 AND 6128150
	Bitmap Heap Scan on sbtest3  (cost=5.49..413.28 rows=103 width=125)
	  Recheck Cond: ((k >= 6128050) AND (k <= 6128150))
	  ->  Bitmap Index Scan on k_3  (cost=0.00..5.46 rows=103 width=0)
	        Index Cond: ((k >= 6128050) AND (k <= 6128150))

table 4 : explain SELECT k, c FROM sbtest4 WHERE k BETWEEN 6128050 AND 6128150
	Bitmap Heap Scan on sbtest4  (cost=5.53..429.07 rows=107 width=125)
	  Recheck Cond: ((k >= 6128050) AND (k <= 6128150))
	  ->  Bitmap Index Scan on k_4  (cost=0.00..5.50 rows=107 width=0)
	        Index Cond: ((k >= 6128050) AND (k <= 6128150))

table 5 : explain SELECT k, c FROM sbtest5 WHERE k BETWEEN 6128050 AND 6128150
	Bitmap Heap Scan on sbtest5  (cost=5.47..405.45 rows=101 width=125)
	  Recheck Cond: ((k >= 6128050) AND (k <= 6128150))
	  ->  Bitmap Index Scan on k_5  (cost=0.00..5.44 rows=101 width=0)
	        Index Cond: ((k >= 6128050) AND (k <= 6128150))

table 6 : explain SELECT k, c FROM sbtest6 WHERE k BETWEEN 6128050 AND 6128150
	Bitmap Heap Scan on sbtest6  (cost=5.54..433.02 rows=108 width=125)
	  Recheck Cond: ((k >= 6128050) AND (k <= 6128150))
	  ->  Bitmap Index Scan on k_6  (cost=0.00..5.51 rows=108 width=0)
	        Index Cond: ((k >= 6128050) AND (k <= 6128150))

table 7 : explain SELECT k, c FROM sbtest7 WHERE k BETWEEN 6128050 AND 6128150
	Bitmap Heap Scan on sbtest7  (cost=5.44..393.60 rows=98 width=125)
	  Recheck Cond: ((k >= 6128050) AND (k <= 6128150))
	  ->  Bitmap Index Scan on k_7  (cost=0.00..5.42 rows=98 width=0)
	        Index Cond: ((k >= 6128050) AND (k <= 6128150))

table 8 : explain SELECT k, c FROM sbtest8 WHERE k BETWEEN 6128050 AND 6128150
	Bitmap Heap Scan on sbtest8  (cost=5.43..389.66 rows=97 width=125)
	  Recheck Cond: ((k >= 6128050) AND (k <= 6128150))
	  ->  Bitmap Index Scan on k_8  (cost=0.00..5.40 rows=97 width=0)
	        Index Cond: ((k >= 6128050) AND (k <= 6128150))

for range-notcovered
table 1 : explain SELECT k, c FROM sbtest1 WHERE k BETWEEN 1575884 AND 1575984
	Bitmap Heap Scan on sbtest1  (cost=5.47..405.42 rows=101 width=125)
	  Recheck Cond: ((k >= 1575884) AND (k <= 1575984))
	  ->  Bitmap Index Scan on k_1  (cost=0.00..5.44 rows=101 width=0)
	        Index Cond: ((k >= 1575884) AND (k <= 1575984))

table 2 : explain SELECT k, c FROM sbtest2 WHERE k BETWEEN 1575884 AND 1575984
	Bitmap Heap Scan on sbtest2  (cost=5.41..381.79 rows=95 width=125)
	  Recheck Cond: ((k >= 1575884) AND (k <= 1575984))
	  ->  Bitmap Index Scan on k_2  (cost=0.00..5.38 rows=95 width=0)
	        Index Cond: ((k >= 1575884) AND (k <= 1575984))

table 3 : explain SELECT k, c FROM sbtest3 WHERE k BETWEEN 1575884 AND 1575984
	Bitmap Heap Scan on sbtest3  (cost=5.50..417.22 rows=104 width=125)
	  Recheck Cond: ((k >= 1575884) AND (k <= 1575984))
	  ->  Bitmap Index Scan on k_3  (cost=0.00..5.47 rows=104 width=0)
	        Index Cond: ((k >= 1575884) AND (k <= 1575984))

table 4 : explain SELECT k, c FROM sbtest4 WHERE k BETWEEN 1575884 AND 1575984
	Bitmap Heap Scan on sbtest4  (cost=5.43..389.65 rows=97 width=125)
	  Recheck Cond: ((k >= 1575884) AND (k <= 1575984))
	  ->  Bitmap Index Scan on k_4  (cost=0.00..5.40 rows=97 width=0)
	        Index Cond: ((k >= 1575884) AND (k <= 1575984))

table 5 : explain SELECT k, c FROM sbtest5 WHERE k BETWEEN 1575884 AND 1575984
	Bitmap Heap Scan on sbtest5  (cost=5.52..425.16 rows=106 width=125)
	  Recheck Cond: ((k >= 1575884) AND (k <= 1575984))
	  ->  Bitmap Index Scan on k_5  (cost=0.00..5.50 rows=106 width=0)
	        Index Cond: ((k >= 1575884) AND (k <= 1575984))

table 6 : explain SELECT k, c FROM sbtest6 WHERE k BETWEEN 1575884 AND 1575984
	Bitmap Heap Scan on sbtest6  (cost=5.55..436.96 rows=109 width=125)
	  Recheck Cond: ((k >= 1575884) AND (k <= 1575984))
	  ->  Bitmap Index Scan on k_6  (cost=0.00..5.52 rows=109 width=0)
	        Index Cond: ((k >= 1575884) AND (k <= 1575984))

table 7 : explain SELECT k, c FROM sbtest7 WHERE k BETWEEN 1575884 AND 1575984
	Bitmap Heap Scan on sbtest7  (cost=5.63..468.46 rows=117 width=125)
	  Recheck Cond: ((k >= 1575884) AND (k <= 1575984))
	  ->  Bitmap Index Scan on k_7  (cost=0.00..5.60 rows=117 width=0)
	        Index Cond: ((k >= 1575884) AND (k <= 1575984))

table 8 : explain SELECT k, c FROM sbtest8 WHERE k BETWEEN 1575884 AND 1575984
	Bitmap Heap Scan on sbtest8  (cost=5.40..377.83 rows=94 width=125)
	  Recheck Cond: ((k >= 1575884) AND (k <= 1575984))
	  ->  Bitmap Index Scan on k_8  (cost=0.00..5.38 rows=94 width=0)
	        Index Cond: ((k >= 1575884) AND (k <= 1575984))
explain: for range-notcovered :: explain SELECT k, c FROM sbtest%d WHERE k BETWEEN 2748161 AND 2748261for range-notcovered
table 1 : explain SELECT k, c FROM sbtest1 WHERE k BETWEEN 2383613 AND 2383713
	Bitmap Heap Scan on sbtest1  (cost=5.43..389.65 rows=97 width=125)
	  Recheck Cond: ((k >= 2383613) AND (k <= 2383713))
	  ->  Bitmap Index Scan on k_1  (cost=0.00..5.40 rows=97 width=0)
	        Index Cond: ((k >= 2383613) AND (k <= 2383713))

table 2 : explain SELECT k, c FROM sbtest2 WHERE k BETWEEN 2383613 AND 2383713
	Bitmap Heap Scan on sbtest2  (cost=5.50..417.28 rows=104 width=125)
	  Recheck Cond: ((k >= 2383613) AND (k <= 2383713))
	  ->  Bitmap Index Scan on k_2  (cost=0.00..5.47 rows=104 width=0)
	        Index Cond: ((k >= 2383613) AND (k <= 2383713))

table 3 : explain SELECT k, c FROM sbtest3 WHERE k BETWEEN 2383613 AND 2383713
	Bitmap Heap Scan on sbtest3  (cost=5.44..393.57 rows=98 width=125)
	  Recheck Cond: ((k >= 2383613) AND (k <= 2383713))
	  ->  Bitmap Index Scan on k_3  (cost=0.00..5.42 rows=98 width=0)
	        Index Cond: ((k >= 2383613) AND (k <= 2383713))

table 4 : explain SELECT k, c FROM sbtest4 WHERE k BETWEEN 2383613 AND 2383713
	Bitmap Heap Scan on sbtest4  (cost=5.52..425.13 rows=106 width=125)
	  Recheck Cond: ((k >= 2383613) AND (k <= 2383713))
	  ->  Bitmap Index Scan on k_4  (cost=0.00..5.50 rows=106 width=0)
	        Index Cond: ((k >= 2383613) AND (k <= 2383713))

table 5 : explain SELECT k, c FROM sbtest5 WHERE k BETWEEN 2383613 AND 2383713
	Bitmap Heap Scan on sbtest5  (cost=5.53..429.10 rows=107 width=125)
	  Recheck Cond: ((k >= 2383613) AND (k <= 2383713))
	  ->  Bitmap Index Scan on k_5  (cost=0.00..5.50 rows=107 width=0)
	        Index Cond: ((k >= 2383613) AND (k <= 2383713))

table 6 : explain SELECT k, c FROM sbtest6 WHERE k BETWEEN 2383613 AND 2383713
	Bitmap Heap Scan on sbtest6  (cost=5.40..377.82 rows=94 width=125)
	  Recheck Cond: ((k >= 2383613) AND (k <= 2383713))
	  ->  Bitmap Index Scan on k_6  (cost=0.00..5.38 rows=94 width=0)
	        Index Cond: ((k >= 2383613) AND (k <= 2383713))

table 7 : explain SELECT k, c FROM sbtest7 WHERE k BETWEEN 2383613 AND 2383713
	Bitmap Heap Scan on sbtest7  (cost=5.45..397.54 rows=99 width=125)
	  Recheck Cond: ((k >= 2383613) AND (k <= 2383713))
	  ->  Bitmap Index Scan on k_7  (cost=0.00..5.42 rows=99 width=0)
	        Index Cond: ((k >= 2383613) AND (k <= 2383713))

table 8 : explain SELECT k, c FROM sbtest8 WHERE k BETWEEN 2383613 AND 2383713
	Bitmap Heap Scan on sbtest8  (cost=5.50..417.26 rows=104 width=125)
	  Recheck Cond: ((k >= 2383613) AND (k <= 2383713))
	  ->  Bitmap Index Scan on k_8  (cost=0.00..5.47 rows=104 width=0)
	        Index Cond: ((k >= 2383613) AND (k <= 2383713))

explain: for range-notcovered :: explain SELECT k, c FROM sbtest%d WHERE k BETWEEN 8429688 AND 8429788
explain: for range-notcovered :: explain SELECT k, c FROM sbtest%d WHERE k BETWEEN 3595470 AND 3595570for range-notcovered
table 1 : explain SELECT k, c FROM sbtest1 WHERE k BETWEEN 1158135 AND 1158235
	Bitmap Heap Scan on sbtest1  (cost=5.49..413.31 rows=103 width=125)
	  Recheck Cond: ((k >= 1158135) AND (k <= 1158235))
	  ->  Bitmap Index Scan on k_1  (cost=0.00..5.46 rows=103 width=0)
	        Index Cond: ((k >= 1158135) AND (k <= 1158235))

table 2 : explain SELECT k, c FROM sbtest2 WHERE k BETWEEN 1158135 AND 1158235
	Bitmap Heap Scan on sbtest2  (cost=5.50..417.28 rows=104 width=125)
	  Recheck Cond: ((k >= 1158135) AND (k <= 1158235))
	  ->  Bitmap Index Scan on k_2  (cost=0.00..5.47 rows=104 width=0)
	        Index Cond: ((k >= 1158135) AND (k <= 1158235))

table 3 : explain SELECT k, c FROM sbtest3 WHERE k BETWEEN 1158135 AND 1158235
	Bitmap Heap Scan on sbtest3  (cost=5.54..432.98 rows=108 width=125)
	  Recheck Cond: ((k >= 1158135) AND (k <= 1158235))
	  ->  Bitmap Index Scan on k_3  (cost=0.00..5.51 rows=108 width=0)
	        Index Cond: ((k >= 1158135) AND (k <= 1158235))

table 4 : explain SELECT k, c FROM sbtest4 WHERE k BETWEEN 1158135 AND 1158235
	Bitmap Heap Scan on sbtest4  (cost=5.56..440.89 rows=110 width=125)
	  Recheck Cond: ((k >= 1158135) AND (k <= 1158235))
	  ->  Bitmap Index Scan on k_4  (cost=0.00..5.53 rows=110 width=0)
	        Index Cond: ((k >= 1158135) AND (k <= 1158235))

table 5 : explain SELECT k, c FROM sbtest5 WHERE k BETWEEN 1158135 AND 1158235
	Bitmap Heap Scan on sbtest5  (cost=5.55..436.99 rows=109 width=125)
	  Recheck Cond: ((k >= 1158135) AND (k <= 1158235))
	  ->  Bitmap Index Scan on k_5  (cost=0.00..5.52 rows=109 width=0)
	        Index Cond: ((k >= 1158135) AND (k <= 1158235))

table 6 : explain SELECT k, c FROM sbtest6 WHERE k BETWEEN 1158135 AND 1158235
	Bitmap Heap Scan on sbtest6  (cost=5.56..440.90 rows=110 width=125)
	  Recheck Cond: ((k >= 1158135) AND (k <= 1158235))
	  ->  Bitmap Index Scan on k_6  (cost=0.00..5.53 rows=110 width=0)
	        Index Cond: ((k >= 1158135) AND (k <= 1158235))

table 7 : explain SELECT k, c FROM sbtest7 WHERE k BETWEEN 1158135 AND 1158235
	Bitmap Heap Scan on sbtest7  (cost=5.51..421.20 rows=105 width=125)
	  Recheck Cond: ((k >= 1158135) AND (k <= 1158235))
	  ->  Bitmap Index Scan on k_7  (cost=0.00..5.48 rows=105 width=0)
	        Index Cond: ((k >= 1158135) AND (k <= 1158235))

table 8 : explain SELECT k, c FROM sbtest8 WHERE k BETWEEN 1158135 AND 1158235
	Bitmap Heap Scan on sbtest8  (cost=5.59..452.72 rows=113 width=125)
	  Recheck Cond: ((k >= 1158135) AND (k <= 1158235))
	  ->  Bitmap Index Scan on k_8  (cost=0.00..5.56 rows=113 width=0)
	        Index Cond: ((k >= 1158135) AND (k <= 1158235))

for range-notcovered
table 1 : explain SELECT k, c FROM sbtest1 WHERE k BETWEEN 6944435 AND 6944535
	Bitmap Heap Scan on sbtest1  (cost=5.52..425.13 rows=106 width=125)
	  Recheck Cond: ((k >= 6944435) AND (k <= 6944535))
	  ->  Bitmap Index Scan on k_1  (cost=0.00..5.50 rows=106 width=0)
	        Index Cond: ((k >= 6944435) AND (k <= 6944535))

table 2 : explain SELECT k, c FROM sbtest2 WHERE k BETWEEN 6944435 AND 6944535
	Bitmap Heap Scan on sbtest2  (cost=5.52..425.16 rows=106 width=125)
	  Recheck Cond: ((k >= 6944435) AND (k <= 6944535))
	  ->  Bitmap Index Scan on k_2  (cost=0.00..5.50 rows=106 width=0)
	        Index Cond: ((k >= 6944435) AND (k <= 6944535))

table 3 : explain SELECT k, c FROM sbtest3 WHERE k BETWEEN 6944435 AND 6944535
	Bitmap Heap Scan on sbtest3  (cost=5.46..401.45 rows=100 width=125)
	  Recheck Cond: ((k >= 6944435) AND (k <= 6944535))
	  ->  Bitmap Index Scan on k_3  (cost=0.00..5.43 rows=100 width=0)
	        Index Cond: ((k >= 6944435) AND (k <= 6944535))

table 4 : explain SELECT k, c FROM sbtest4 WHERE k BETWEEN 6944435 AND 6944535
	Bitmap Heap Scan on sbtest4  (cost=5.50..417.25 rows=104 width=125)
	  Recheck Cond: ((k >= 6944435) AND (k <= 6944535))
	  ->  Bitmap Index Scan on k_4  (cost=0.00..5.47 rows=104 width=0)
	        Index Cond: ((k >= 6944435) AND (k <= 6944535))

table 5 : explain SELECT k, c FROM sbtest5 WHERE k BETWEEN 6944435 AND 6944535
	Bitmap Heap Scan on sbtest5  (cost=5.47..405.45 rows=101 width=125)
	  Recheck Cond: ((k >= 6944435) AND (k <= 6944535))
	  ->  Bitmap Index Scan on k_5  (cost=0.00..5.44 rows=101 width=0)
	        Index Cond: ((k >= 6944435) AND (k <= 6944535))

table 6 : explain SELECT k, c FROM sbtest6 WHERE k BETWEEN 6944435 AND 6944535
	Bitmap Heap Scan on sbtest6  (cost=5.46..401.49 rows=100 width=125)
	  Recheck Cond: ((k >= 6944435) AND (k <= 6944535))
	  ->  Bitmap Index Scan on k_6  (cost=0.00..5.43 rows=100 width=0)
	        Index Cond: ((k >= 6944435) AND (k <= 6944535))

table 7 : explain SELECT k, c FROM sbtest7 WHERE k BETWEEN 6944435 AND 6944535
	Bitmap Heap Scan on sbtest7  (cost=5.43..389.65 rows=97 width=125)
	  Recheck Cond: ((k >= 6944435) AND (k <= 6944535))
	  ->  Bitmap Index Scan on k_7  (cost=0.00..5.40 rows=97 width=0)
	        Index Cond: ((k >= 6944435) AND (k <= 6944535))

table 8 : explain SELECT k, c FROM sbtest8 WHERE k BETWEEN 6944435 AND 6944535
	Bitmap Heap Scan on sbtest8  (cost=5.55..436.97 rows=109 width=125)
	  Recheck Cond: ((k >= 6944435) AND (k <= 6944535))
	  ->  Bitmap Index Scan on k_8  (cost=0.00..5.52 rows=109 width=0)
	        Index Cond: ((k >= 6944435) AND (k <= 6944535))

for range-notcovered
table 1 : explain SELECT k, c FROM sbtest1 WHERE k BETWEEN 7488677 AND 7488777
	Bitmap Heap Scan on sbtest1  (cost=5.44..393.59 rows=98 width=125)
	  Recheck Cond: ((k >= 7488677) AND (k <= 7488777))
	  ->  Bitmap Index Scan on k_1  (cost=0.00..5.42 rows=98 width=0)
	        Index Cond: ((k >= 7488677) AND (k <= 7488777))

table 2 : explain SELECT k, c FROM sbtest2 WHERE k BETWEEN 7488677 AND 7488777
	Bitmap Heap Scan on sbtest2  (cost=5.46..401.51 rows=100 width=125)
	  Recheck Cond: ((k >= 7488677) AND (k <= 7488777))
	  ->  Bitmap Index Scan on k_2  (cost=0.00..5.43 rows=100 width=0)
	        Index Cond: ((k >= 7488677) AND (k <= 7488777))

table 3 : explain SELECT k, c FROM sbtest3 WHERE k BETWEEN 7488677 AND 7488777
	Bitmap Heap Scan on sbtest3  (cost=5.54..432.98 rows=108 width=125)
	  Recheck Cond: ((k >= 7488677) AND (k <= 7488777))
	  ->  Bitmap Index Scan on k_3  (cost=0.00..5.51 rows=108 width=0)
	        Index Cond: ((k >= 7488677) AND (k <= 7488777))

table 4 : explain SELECT k, c FROM sbtest4 WHERE k BETWEEN 7488677 AND 7488777
	Bitmap Heap Scan on sbtest4  (cost=5.44..393.59 rows=98 width=125)
	  Recheck Cond: ((k >= 7488677) AND (k <= 7488777))
	  ->  Bitmap Index Scan on k_4  (cost=0.00..5.42 rows=98 width=0)
	        Index Cond: ((k >= 7488677) AND (k <= 7488777))

table 5 : explain SELECT k, c FROM sbtest5 WHERE k BETWEEN 7488677 AND 7488777
	Bitmap Heap Scan on sbtest5  (cost=5.35..358.11 rows=89 width=125)
	  Recheck Cond: ((k >= 7488677) AND (k <= 7488777))
	  ->  Bitmap Index Scan on k_5  (cost=0.00..5.32 rows=89 width=0)
	        Index Cond: ((k >= 7488677) AND (k <= 7488777))

table 6 : explain SELECT k, c FROM sbtest6 WHERE k BETWEEN 7488677 AND 7488777
	Bitmap Heap Scan on sbtest6  (cost=5.49..413.31 rows=103 width=125)
	  Recheck Cond: ((k >= 7488677) AND (k <= 7488777))
	  ->  Bitmap Index Scan on k_6  (cost=0.00..5.46 rows=103 width=0)
	        Index Cond: ((k >= 7488677) AND (k <= 7488777))

table 7 : explain SELECT k, c FROM sbtest7 WHERE k BETWEEN 7488677 AND 7488777
	Bitmap Heap Scan on sbtest7  (cost=5.42..385.71 rows=96 width=125)
	  Recheck Cond: ((k >= 7488677) AND (k <= 7488777))
	  ->  Bitmap Index Scan on k_7  (cost=0.00..5.39 rows=96 width=0)
	        Index Cond: ((k >= 7488677) AND (k <= 7488777))

table 8 : explain SELECT k, c FROM sbtest8 WHERE k BETWEEN 7488677 AND 7488777
	Bitmap Heap Scan on sbtest8  (cost=5.47..405.44 rows=101 width=125)
	  Recheck Cond: ((k >= 7488677) AND (k <= 7488777))
	  ->  Bitmap Index Scan on k_8  (cost=0.00..5.44 rows=101 width=0)
	        Index Cond: ((k >= 7488677) AND (k <= 7488777))

explain: for range-notcovered :: explain SELECT k, c FROM sbtest%d WHERE k BETWEEN 6997775 AND 6997875
explain: for range-notcovered :: explain SELECT k, c FROM sbtest%d WHERE k BETWEEN 3406885 AND 3406985
for range-notcovered
table 1 : explain SELECT k, c FROM sbtest1 WHERE k BETWEEN 4780123 AND 4780223
	Bitmap Heap Scan on sbtest1  (cost=5.40..377.81 rows=94 width=125)
	  Recheck Cond: ((k >= 4780123) AND (k <= 4780223))
	  ->  Bitmap Index Scan on k_1  (cost=0.00..5.38 rows=94 width=0)
	        Index Cond: ((k >= 4780123) AND (k <= 4780223))

table 2 : explain SELECT k, c FROM sbtest2 WHERE k BETWEEN 4780123 AND 4780223
	Bitmap Heap Scan on sbtest2  (cost=5.49..413.34 rows=103 width=125)
	  Recheck Cond: ((k >= 4780123) AND (k <= 4780223))
	  ->  Bitmap Index Scan on k_2  (cost=0.00..5.46 rows=103 width=0)
	        Index Cond: ((k >= 4780123) AND (k <= 4780223))

table 3 : explain SELECT k, c FROM sbtest3 WHERE k BETWEEN 4780123 AND 4780223
	Bitmap Heap Scan on sbtest3  (cost=5.48..409.34 rows=102 width=125)
	  Recheck Cond: ((k >= 4780123) AND (k <= 4780223))
	  ->  Bitmap Index Scan on k_3  (cost=0.00..5.45 rows=102 width=0)
	        Index Cond: ((k >= 4780123) AND (k <= 4780223))

table 4 : explain SELECT k, c FROM sbtest4 WHERE k BETWEEN 4780123 AND 4780223
	Bitmap Heap Scan on sbtest4  (cost=5.43..389.65 rows=97 width=125)
	  Recheck Cond: ((k >= 4780123) AND (k <= 4780223))
	  ->  Bitmap Index Scan on k_4  (cost=0.00..5.40 rows=97 width=0)
	        Index Cond: ((k >= 4780123) AND (k <= 4780223))

table 5 : explain SELECT k, c FROM sbtest5 WHERE k BETWEEN 4780123 AND 4780223
	Bitmap Heap Scan on sbtest5  (cost=5.52..425.16 rows=106 width=125)
	  Recheck Cond: ((k >= 4780123) AND (k <= 4780223))
	  ->  Bitmap Index Scan on k_5  (cost=0.00..5.50 rows=106 width=0)
	        Index Cond: ((k >= 4780123) AND (k <= 4780223))

table 6 : explain SELECT k, c FROM sbtest6 WHERE k BETWEEN 4780123 AND 4780223
	Bitmap Heap Scan on sbtest6  (cost=5.61..460.59 rows=115 width=125)
	  Recheck Cond: ((k >= 4780123) AND (k <= 4780223))
	  ->  Bitmap Index Scan on k_6  (cost=0.00..5.58 rows=115 width=0)
	        Index Cond: ((k >= 4780123) AND (k <= 4780223))

table 7 : explain SELECT k, c FROM sbtest7 WHERE k BETWEEN 4780123 AND 4780223
	Bitmap Heap Scan on sbtest7  (cost=5.37..365.98 rows=91 width=125)
	  Recheck Cond: ((k >= 4780123) AND (k <= 4780223))
	  ->  Bitmap Index Scan on k_7  (cost=0.00..5.34 rows=91 width=0)
	        Index Cond: ((k >= 4780123) AND (k <= 4780223))

table 8 : explain SELECT k, c FROM sbtest8 WHERE k BETWEEN 4780123 AND 4780223
	Bitmap Heap Scan on sbtest8  (cost=5.46..401.49 rows=100 width=125)
	  Recheck Cond: ((k >= 4780123) AND (k <= 4780223))
	  ->  Bitmap Index Scan on k_8  (cost=0.00..5.43 rows=100 width=0)
	        Index Cond: ((k >= 4780123) AND (k <= 4780223))
explain: for range-notcovered :: explain SELECT k, c FROM sbtest%d WHERE k BETWEEN 6944435 AND 6944535

explain: for range-notcovered :: explain SELECT k, c FROM sbtest%d WHERE k BETWEEN 1158135 AND 1158235



explain: for range-notcovered :: explain SELECT k, c FROM sbtest%d WHERE k BETWEEN 1458180 AND 1458280
for range-notcovered
table 1 : explain SELECT k, c FROM sbtest1 WHERE k BETWEEN 8146709 AND 8146809
	Bitmap Heap Scan on sbtest1  (cost=5.44..393.59 rows=98 width=125)
	  Recheck Cond: ((k >= 8146709) AND (k <= 8146809))
	  ->  Bitmap Index Scan on k_1  (cost=0.00..5.42 rows=98 width=0)
	        Index Cond: ((k >= 8146709) AND (k <= 8146809))

table 2 : explain SELECT k, c FROM sbtest2 WHERE k BETWEEN 8146709 AND 8146809
	Bitmap Heap Scan on sbtest2  (cost=5.46..401.51 rows=100 width=125)
	  Recheck Cond: ((k >= 8146709) AND (k <= 8146809))
	  ->  Bitmap Index Scan on k_2  (cost=0.00..5.43 rows=100 width=0)
	        Index Cond: ((k >= 8146709) AND (k <= 8146809))

table 3 : explain SELECT k, c FROM sbtest3 WHERE k BETWEEN 8146709 AND 8146809
	Bitmap Heap Scan on sbtest3  (cost=5.48..409.34 rows=102 width=125)
	  Recheck Cond: ((k >= 8146709) AND (k <= 8146809))
	  ->  Bitmap Index Scan on k_3  (cost=0.00..5.45 rows=102 width=0)
	        Index Cond: ((k >= 8146709) AND (k <= 8146809))

table 4 : explain SELECT k, c FROM sbtest4 WHERE k BETWEEN 8146709 AND 8146809
	Bitmap Heap Scan on sbtest4  (cost=5.50..417.25 rows=104 width=125)
	  Recheck Cond: ((k >= 8146709) AND (k <= 8146809))
	  ->  Bitmap Index Scan on k_4  (cost=0.00..5.47 rows=104 width=0)
	        Index Cond: ((k >= 8146709) AND (k <= 8146809))

table 5 : explain SELECT k, c FROM sbtest5 WHERE k BETWEEN 8146709 AND 8146809
	Bitmap Heap Scan on sbtest5  (cost=5.54..433.05 rows=108 width=125)
	  Recheck Cond: ((k >= 8146709) AND (k <= 8146809))
	  ->  Bitmap Index Scan on k_5  (cost=0.00..5.51 rows=108 width=0)
	        Index Cond: ((k >= 8146709) AND (k <= 8146809))

table 6 : explain SELECT k, c FROM sbtest6 WHERE k BETWEEN 8146709 AND 8146809
	Bitmap Heap Scan on sbtest6  (cost=5.41..381.77 rows=95 width=125)
	  Recheck Cond: ((k >= 8146709) AND (k <= 8146809))
	  ->  Bitmap Index Scan on k_6  (cost=0.00..5.38 rows=95 width=0)
	        Index Cond: ((k >= 8146709) AND (k <= 8146809))

table 7 : explain SELECT k, c FROM sbtest7 WHERE k BETWEEN 8146709 AND 8146809
	Bitmap Heap Scan on sbtest7  (cost=5.52..425.14 rows=106 width=125)
	  Recheck Cond: ((k >= 8146709) AND (k <= 8146809))
	  ->  Bitmap Index Scan on k_7  (cost=0.00..5.50 rows=106 width=0)
	        Index Cond: ((k >= 8146709) AND (k <= 8146809))

table 8 : explain SELECT k, c FROM sbtest8 WHERE k BETWEEN 8146709 AND 8146809
	Bitmap Heap Scan on sbtest8  (cost=5.57..444.85 rows=111 width=125)
	  Recheck Cond: ((k >= 8146709) AND (k <= 8146809))
	  ->  Bitmap Index Scan on k_8  (cost=0.00..5.54 rows=111 width=0)
	        Index Cond: ((k >= 8146709) AND (k <= 8146809))
explain: for range-notcovered :: explain SELECT k, c FROM sbtest%d WHERE k BETWEEN 7488677 AND 7488777for range-notcovered
table 1 : explain SELECT k, c FROM sbtest1 WHERE k BETWEEN 7687964 AND 7688064
	Bitmap Heap Scan on sbtest1  (cost=5.53..429.07 rows=107 width=125)
	  Recheck Cond: ((k >= 7687964) AND (k <= 7688064))
	  ->  Bitmap Index Scan on k_1  (cost=0.00..5.50 rows=107 width=0)
	        Index Cond: ((k >= 7687964) AND (k <= 7688064))

table 2 : explain SELECT k, c FROM sbtest2 WHERE k BETWEEN 7687964 AND 7688064
	Bitmap Heap Scan on sbtest2  (cost=5.58..448.80 rows=112 width=125)
	  Recheck Cond: ((k >= 7687964) AND (k <= 7688064))
	  ->  Bitmap Index Scan on k_2  (cost=0.00..5.55 rows=112 width=0)
	        Index Cond: ((k >= 7687964) AND (k <= 7688064))

table 3 : explain SELECT k, c FROM sbtest3 WHERE k BETWEEN 7687964 AND 7688064
	Bitmap Heap Scan on sbtest3  (cost=5.48..409.34 rows=102 width=125)
	  Recheck Cond: ((k >= 7687964) AND (k <= 7688064))
	  ->  Bitmap Index Scan on k_3  (cost=0.00..5.45 rows=102 width=0)
	        Index Cond: ((k >= 7687964) AND (k <= 7688064))

table 4 : explain SELECT k, c FROM sbtest4 WHERE k BETWEEN 7687964 AND 7688064
	Bitmap Heap Scan on sbtest4  (cost=5.50..417.25 rows=104 width=125)
	  Recheck Cond: ((k >= 7687964) AND (k <= 7688064))
	  ->  Bitmap Index Scan on k_4  (cost=0.00..5.47 rows=104 width=0)
	        Index Cond: ((k >= 7687964) AND (k <= 7688064))

table 5 : explain SELECT k, c FROM sbtest5 WHERE k BETWEEN 7687964 AND 7688064
	Bitmap Heap Scan on sbtest5  (cost=5.68..484.24 rows=121 width=125)
	  Recheck Cond: ((k >= 7687964) AND (k <= 7688064))
	  ->  Bitmap Index Scan on k_5  (cost=0.00..5.64 rows=121 width=0)
	        Index Cond: ((k >= 7687964) AND (k <= 7688064))

table 6 : explain SELECT k, c FROM sbtest6 WHERE k BETWEEN 7687964 AND 7688064
	Bitmap Heap Scan on sbtest6  (cost=5.50..417.26 rows=104 width=125)
	  Recheck Cond: ((k >= 7687964) AND (k <= 7688064))
	  ->  Bitmap Index Scan on k_6  (cost=0.00..5.47 rows=104 width=0)
	        Index Cond: ((k >= 7687964) AND (k <= 7688064))

table 7 : explain SELECT k, c FROM sbtest7 WHERE k BETWEEN 7687964 AND 7688064
	Bitmap Heap Scan on sbtest7  (cost=5.47..405.43 rows=101 width=125)
	  Recheck Cond: ((k >= 7687964) AND (k <= 7688064))
	  ->  Bitmap Index Scan on k_7  (cost=0.00..5.44 rows=101 width=0)
	        Index Cond: ((k >= 7687964) AND (k <= 7688064))

table 8 : explain SELECT k, c FROM sbtest8 WHERE k BETWEEN 7687964 AND 7688064
	Bitmap Heap Scan on sbtest8  (cost=5.48..409.38 rows=102 width=125)
	  Recheck Cond: ((k >= 7687964) AND (k <= 7688064))
	  ->  Bitmap Index Scan on k_8  (cost=0.00..5.45 rows=102 width=0)
	        Index Cond: ((k >= 7687964) AND (k <= 7688064))

for range-notcovered
table 1 : explain SELECT k, c FROM sbtest1 WHERE k BETWEEN 5912230 AND 5912330
	Bitmap Heap Scan on sbtest1  (cost=5.49..413.31 rows=103 width=125)
	  Recheck Cond: ((k >= 5912230) AND (k <= 5912330))
	  ->  Bitmap Index Scan on k_1  (cost=0.00..5.46 rows=103 width=0)
	        Index Cond: ((k >= 5912230) AND (k <= 5912330))

table 2 : explain SELECT k, c FROM sbtest2 WHERE k BETWEEN 5912230 AND 5912330
	Bitmap Heap Scan on sbtest2  (cost=5.42..385.73 rows=96 width=125)
	  Recheck Cond: ((k >= 5912230) AND (k <= 5912330))
	  ->  Bitmap Index Scan on k_2  (cost=0.00..5.39 rows=96 width=0)
	        Index Cond: ((k >= 5912230) AND (k <= 5912330))

table 3 : explain SELECT k, c FROM sbtest3 WHERE k BETWEEN 5912230 AND 5912330
	Bitmap Heap Scan on sbtest3  (cost=5.48..409.34 rows=102 width=125)
	  Recheck Cond: ((k >= 5912230) AND (k <= 5912330))
	  ->  Bitmap Index Scan on k_3  (cost=0.00..5.45 rows=102 width=0)
	        Index Cond: ((k >= 5912230) AND (k <= 5912330))

table 4 : explain SELECT k, c FROM sbtest4 WHERE k BETWEEN 5912230 AND 5912330
	Bitmap Heap Scan on sbtest4  (cost=5.43..389.65 rows=97 width=125)
	  Recheck Cond: ((k >= 5912230) AND (k <= 5912330))
	  ->  Bitmap Index Scan on k_4  (cost=0.00..5.40 rows=97 width=0)
	        Index Cond: ((k >= 5912230) AND (k <= 5912330))

table 5 : explain SELECT k, c FROM sbtest5 WHERE k BETWEEN 5912230 AND 5912330
	Bitmap Heap Scan on sbtest5  (cost=5.50..417.28 rows=104 width=125)
	  Recheck Cond: ((k >= 5912230) AND (k <= 5912330))
	  ->  Bitmap Index Scan on k_5  (cost=0.00..5.47 rows=104 width=0)
	        Index Cond: ((k >= 5912230) AND (k <= 5912330))

table 6 : explain SELECT k, c FROM sbtest6 WHERE k BETWEEN 5912230 AND 5912330
	Bitmap Heap Scan on sbtest6  (cost=5.50..417.26 rows=104 width=125)
	  Recheck Cond: ((k >= 5912230) AND (k <= 5912330))
	  ->  Bitmap Index Scan on k_6  (cost=0.00..5.47 rows=104 width=0)
	        Index Cond: ((k >= 5912230) AND (k <= 5912330))

table 7 : explain SELECT k, c FROM sbtest7 WHERE k BETWEEN 5912230 AND 5912330
	Bitmap Heap Scan on sbtest7  (cost=5.44..393.60 rows=98 width=125)
	  Recheck Cond: ((k >= 5912230) AND (k <= 5912330))
	  ->  Bitmap Index Scan on k_7  (cost=0.00..5.42 rows=98 width=0)
	        Index Cond: ((k >= 5912230) AND (k <= 5912330))

table 8 : explain SELECT k, c FROM sbtest8 WHERE k BETWEEN 5912230 AND 5912330
	Bitmap Heap Scan on sbtest8  (cost=5.44..393.61 rows=98 width=125)
	  Recheck Cond: ((k >= 5912230) AND (k <= 5912330))
	  ->  Bitmap Index Scan on k_8  (cost=0.00..5.42 rows=98 width=0)
	        Index Cond: ((k >= 5912230) AND (k <= 5912330))
for range-notcovered
table 1 : explain SELECT k, c FROM sbtest1 WHERE k BETWEEN 7490797 AND 7490897
	Bitmap Heap Scan on sbtest1  (cost=5.44..393.59 rows=98 width=125)
	  Recheck Cond: ((k >= 7490797) AND (k <= 7490897))
	  ->  Bitmap Index Scan on k_1  (cost=0.00..5.42 rows=98 width=0)
	        Index Cond: ((k >= 7490797) AND (k <= 7490897))

table 2 : explain SELECT k, c FROM sbtest2 WHERE k BETWEEN 7490797 AND 7490897
	Bitmap Heap Scan on sbtest2  (cost=5.46..401.51 rows=100 width=125)
	  Recheck Cond: ((k >= 7490797) AND (k <= 7490897))
	  ->  Bitmap Index Scan on k_2  (cost=0.00..5.43 rows=100 width=0)
	        Index Cond: ((k >= 7490797) AND (k <= 7490897))

table 3 : explain SELECT k, c FROM sbtest3 WHERE k BETWEEN 7490797 AND 7490897
	Bitmap Heap Scan on sbtest3  (cost=5.54..432.98 rows=108 width=125)
	  Recheck Cond: ((k >= 7490797) AND (k <= 7490897))
	  ->  Bitmap Index Scan on k_3  (cost=0.00..5.51 rows=108 width=0)
	        Index Cond: ((k >= 7490797) AND (k <= 7490897))

table 4 : explain SELECT k, c FROM sbtest4 WHERE k BETWEEN 7490797 AND 7490897
	Bitmap Heap Scan on sbtest4  (cost=5.44..393.59 rows=98 width=125)
	  Recheck Cond: ((k >= 7490797) AND (k <= 7490897))
	  ->  Bitmap Index Scan on k_4  (cost=0.00..5.42 rows=98 width=0)
	        Index Cond: ((k >= 7490797) AND (k <= 7490897))

table 5 : explain SELECT k, c FROM sbtest5 WHERE k BETWEEN 7490797 AND 7490897
	Bitmap Heap Scan on sbtest5  (cost=5.35..358.11 rows=89 width=125)
	  Recheck Cond: ((k >= 7490797) AND (k <= 7490897))
	  ->  Bitmap Index Scan on k_5  (cost=0.00..5.32 rows=89 width=0)
	        Index Cond: ((k >= 7490797) AND (k <= 7490897))

table 6 : explain SELECT k, c FROM sbtest6 WHERE k BETWEEN 7490797 AND 7490897
	Bitmap Heap Scan on sbtest6  (cost=5.49..413.31 rows=103 width=125)
	  Recheck Cond: ((k >= 7490797) AND (k <= 7490897))
	  ->  Bitmap Index Scan on k_6  (cost=0.00..5.46 rows=103 width=0)
	        Index Cond: ((k >= 7490797) AND (k <= 7490897))

table 7 : explain SELECT k, c FROM sbtest7 WHERE k BETWEEN 7490797 AND 7490897
	Bitmap Heap Scan on sbtest7  (cost=5.42..385.71 rows=96 width=125)
	  Recheck Cond: ((k >= 7490797) AND (k <= 7490897))
	  ->  Bitmap Index Scan on k_7  (cost=0.00..5.39 rows=96 width=0)
	        Index Cond: ((k >= 7490797) AND (k <= 7490897))

table 8 : explain SELECT k, c FROM sbtest8 WHERE k BETWEEN 7490797 AND 7490897
	Bitmap Heap Scan on sbtest8  (cost=5.47..405.44 rows=101 width=125)
	  Recheck Cond: ((k >= 7490797) AND (k <= 7490897))
	  ->  Bitmap Index Scan on k_8  (cost=0.00..5.44 rows=101 width=0)
	        Index Cond: ((k >= 7490797) AND (k <= 7490897))

explain: for range-notcovered :: explain SELECT k, c FROM sbtest%d WHERE k BETWEEN 2845276 AND 2845376
for range-notcovered
table 1 : explain SELECT k, c FROM sbtest1 WHERE k BETWEEN 5498507 AND 5498607
	Bitmap Heap Scan on sbtest1  (cost=5.49..413.31 rows=103 width=125)
	  Recheck Cond: ((k >= 5498507) AND (k <= 5498607))
	  ->  Bitmap Index Scan on k_1  (cost=0.00..5.46 rows=103 width=0)
	        Index Cond: ((k >= 5498507) AND (k <= 5498607))

table 2 : explain SELECT k, c FROM sbtest2 WHERE k BETWEEN 5498507 AND 5498607
	Bitmap Heap Scan on sbtest2  (cost=5.49..413.34 rows=103 width=125)
	  Recheck Cond: ((k >= 5498507) AND (k <= 5498607))
	  ->  Bitmap Index Scan on k_2  (cost=0.00..5.46 rows=103 width=0)
	        Index Cond: ((k >= 5498507) AND (k <= 5498607))

table 3 : explain SELECT k, c FROM sbtest3 WHERE k BETWEEN 5498507 AND 5498607
	Bitmap Heap Scan on sbtest3  (cost=5.41..381.74 rows=95 width=125)
	  Recheck Cond: ((k >= 5498507) AND (k <= 5498607))
	  ->  Bitmap Index Scan on k_3  (cost=0.00..5.38 rows=95 width=0)
	        Index Cond: ((k >= 5498507) AND (k <= 5498607))

table 4 : explain SELECT k, c FROM sbtest4 WHERE k BETWEEN 5498507 AND 5498607
	Bitmap Heap Scan on sbtest4  (cost=5.38..369.92 rows=92 width=125)
	  Recheck Cond: ((k >= 5498507) AND (k <= 5498607))
	  ->  Bitmap Index Scan on k_4  (cost=0.00..5.35 rows=92 width=0)
	        Index Cond: ((k >= 5498507) AND (k <= 5498607))

table 5 : explain SELECT k, c FROM sbtest5 WHERE k BETWEEN 5498507 AND 5498607
	Bitmap Heap Scan on sbtest5  (cost=5.46..401.51 rows=100 width=125)
	  Recheck Cond: ((k >= 5498507) AND (k <= 5498607))
	  ->  Bitmap Index Scan on k_5  (cost=0.00..5.43 rows=100 width=0)
	        Index Cond: ((k >= 5498507) AND (k <= 5498607))

table 6 : explain SELECT k, c FROM sbtest6 WHERE k BETWEEN 5498507 AND 5498607
	Bitmap Heap Scan on sbtest6  (cost=5.63..468.46 rows=117 width=125)
	  Recheck Cond: ((k >= 5498507) AND (k <= 5498607))
	  ->  Bitmap Index Scan on k_6  (cost=0.00..5.60 rows=117 width=0)
	        Index Cond: ((k >= 5498507) AND (k <= 5498607))

table 7 : explain SELECT k, c FROM sbtest7 WHERE k BETWEEN 5498507 AND 5498607
	Bitmap Heap Scan on sbtest7  (cost=5.50..417.25 rows=104 width=125)
	  Recheck Cond: ((k >= 5498507) AND (k <= 5498607))
	  ->  Bitmap Index Scan on k_7  (cost=0.00..5.47 rows=104 width=0)
	        Index Cond: ((k >= 5498507) AND (k <= 5498607))

table 8 : explain SELECT k, c FROM sbtest8 WHERE k BETWEEN 5498507 AND 5498607
	Bitmap Heap Scan on sbtest8  (cost=5.55..436.97 rows=109 width=125)
	  Recheck Cond: ((k >= 5498507) AND (k <= 5498607))
	  ->  Bitmap Index Scan on k_8  (cost=0.00..5.52 rows=109 width=0)
	        Index Cond: ((k >= 5498507) AND (k <= 5498607))

for range-notcovered
table 1 : explain SELECT k, c FROM sbtest1 WHERE k BETWEEN 7830027 AND 7830127
	Bitmap Heap Scan on sbtest1  (cost=5.50..417.25 rows=104 width=125)
	  Recheck Cond: ((k >= 7830027) AND (k <= 7830127))
	  ->  Bitmap Index Scan on k_1  (cost=0.00..5.47 rows=104 width=0)
	        Index Cond: ((k >= 7830027) AND (k <= 7830127))

table 2 : explain SELECT k, c FROM sbtest2 WHERE k BETWEEN 7830027 AND 7830127
	Bitmap Heap Scan on sbtest2  (cost=5.51..421.22 rows=105 width=125)
	  Recheck Cond: ((k >= 7830027) AND (k <= 7830127))
	  ->  Bitmap Index Scan on k_2  (cost=0.00..5.48 rows=105 width=0)
	        Index Cond: ((k >= 7830027) AND (k <= 7830127))

table 3 : explain SELECT k, c FROM sbtest3 WHERE k BETWEEN 7830027 AND 7830127
	Bitmap Heap Scan on sbtest3  (cost=5.48..409.34 rows=102 width=125)
	  Recheck Cond: ((k >= 7830027) AND (k <= 7830127))
	  ->  Bitmap Index Scan on k_3  (cost=0.00..5.45 rows=102 width=0)
	        Index Cond: ((k >= 7830027) AND (k <= 7830127))

table 4 : explain SELECT k, c FROM sbtest4 WHERE k BETWEEN 7830027 AND 7830127
	Bitmap Heap Scan on sbtest4  (cost=5.47..405.42 rows=101 width=125)
	  Recheck Cond: ((k >= 7830027) AND (k <= 7830127))
	  ->  Bitmap Index Scan on k_4  (cost=0.00..5.44 rows=101 width=0)
	        Index Cond: ((k >= 7830027) AND (k <= 7830127))

table 5 : explain SELECT k, c FROM sbtest5 WHERE k BETWEEN 7830027 AND 7830127
	Bitmap Heap Scan on sbtest5  (cost=5.42..385.73 rows=96 width=125)
	  Recheck Cond: ((k >= 7830027) AND (k <= 7830127))
	  ->  Bitmap Index Scan on k_5  (cost=0.00..5.39 rows=96 width=0)
	        Index Cond: ((k >= 7830027) AND (k <= 7830127))

table 6 : explain SELECT k, c FROM sbtest6 WHERE k BETWEEN 7830027 AND 7830127
	Bitmap Heap Scan on sbtest6  (cost=5.55..436.96 rows=109 width=125)
	  Recheck Cond: ((k >= 7830027) AND (k <= 7830127))
	  ->  Bitmap Index Scan on k_6  (cost=0.00..5.52 rows=109 width=0)
	        Index Cond: ((k >= 7830027) AND (k <= 7830127))

table 7 : explain SELECT k, c FROM sbtest7 WHERE k BETWEEN 7830027 AND 7830127
	Bitmap Heap Scan on sbtest7  (cost=5.51..421.20 rows=105 width=125)
	  Recheck Cond: ((k >= 7830027) AND (k <= 7830127))
	  ->  Bitmap Index Scan on k_7  (cost=0.00..5.48 rows=105 width=0)
	        Index Cond: ((k >= 7830027) AND (k <= 7830127))

table 8 : explain SELECT k, c FROM sbtest8 WHERE k BETWEEN 7830027 AND 7830127
	Bitmap Heap Scan on sbtest8  (cost=5.43..389.66 rows=97 width=125)
	  Recheck Cond: ((k >= 7830027) AND (k <= 7830127))
	  ->  Bitmap Index Scan on k_8  (cost=0.00..5.40 rows=97 width=0)
	        Index Cond: ((k >= 7830027) AND (k <= 7830127))

for range-notcovered
table 1 : explain SELECT k, c FROM sbtest1 WHERE k BETWEEN 5419310 AND 5419410
	Bitmap Heap Scan on sbtest1  (cost=5.50..417.25 rows=104 width=125)
	  Recheck Cond: ((k >= 5419310) AND (k <= 5419410))
	  ->  Bitmap Index Scan on k_1  (cost=0.00..5.47 rows=104 width=0)
	        Index Cond: ((k >= 5419310) AND (k <= 5419410))

table 2 : explain SELECT k, c FROM sbtest2 WHERE k BETWEEN 5419310 AND 5419410
	Bitmap Heap Scan on sbtest2  (cost=5.49..413.34 rows=103 width=125)
	  Recheck Cond: ((k >= 5419310) AND (k <= 5419410))
	  ->  Bitmap Index Scan on k_2  (cost=0.00..5.46 rows=103 width=0)
	        Index Cond: ((k >= 5419310) AND (k <= 5419410))

table 3 : explain SELECT k, c FROM sbtest3 WHERE k BETWEEN 5419310 AND 5419410
	Bitmap Heap Scan on sbtest3  (cost=5.56..440.86 rows=110 width=125)
	  Recheck Cond: ((k >= 5419310) AND (k <= 5419410))
	  ->  Bitmap Index Scan on k_3  (cost=0.00..5.53 rows=110 width=0)
	        Index Cond: ((k >= 5419310) AND (k <= 5419410))

table 4 : explain SELECT k, c FROM sbtest4 WHERE k BETWEEN 5419310 AND 5419410
	Bitmap Heap Scan on sbtest4  (cost=5.54..433.01 rows=108 width=125)
	  Recheck Cond: ((k >= 5419310) AND (k <= 5419410))
	  ->  Bitmap Index Scan on k_4  (cost=0.00..5.51 rows=108 width=0)
	        Index Cond: ((k >= 5419310) AND (k <= 5419410))

table 5 : explain SELECT k, c FROM sbtest5 WHERE k BETWEEN 5419310 AND 5419410
	Bitmap Heap Scan on sbtest5  (cost=5.46..401.51 rows=100 width=125)
	  Recheck Cond: ((k >= 5419310) AND (k <= 5419410))
	  ->  Bitmap Index Scan on k_5  (cost=0.00..5.43 rows=100 width=0)
	        Index Cond: ((k >= 5419310) AND (k <= 5419410))

table 6 : explain SELECT k, c FROM sbtest6 WHERE k BETWEEN 5419310 AND 5419410
	Bitmap Heap Scan on sbtest6  (cost=5.63..468.46 rows=117 width=125)
	  Recheck Cond: ((k >= 5419310) AND (k <= 5419410))
	  ->  Bitmap Index Scan on k_6  (cost=0.00..5.60 rows=117 width=0)
	        Index Cond: ((k >= 5419310) AND (k <= 5419410))

table 7 : explain SELECT k, c FROM sbtest7 WHERE k BETWEEN 5419310 AND 5419410
	Bitmap Heap Scan on sbtest7  (cost=5.45..397.54 rows=99 width=125)
	  Recheck Cond: ((k >= 5419310) AND (k <= 5419410))
	  ->  Bitmap Index Scan on k_7  (cost=0.00..5.42 rows=99 width=0)
	        Index Cond: ((k >= 5419310) AND (k <= 5419410))

table 8 : explain SELECT k, c FROM sbtest8 WHERE k BETWEEN 5419310 AND 5419410
	Bitmap Heap Scan on sbtest8  (cost=5.50..417.26 rows=104 width=125)
	  Recheck Cond: ((k >= 5419310) AND (k <= 5419410))
	  ->  Bitmap Index Scan on k_8  (cost=0.00..5.47 rows=104 width=0)
	        Index Cond: ((k >= 5419310) AND (k <= 5419410))


for range-notcovered
table 1 : explain SELECT k, c FROM sbtest1 WHERE k BETWEEN 6924761 AND 6924861
	Bitmap Heap Scan on sbtest1  (cost=5.68..484.20 rows=121 width=125)
	  Recheck Cond: ((k >= 6924761) AND (k <= 6924861))
	  ->  Bitmap Index Scan on k_1  (cost=0.00..5.64 rows=121 width=0)
	        Index Cond: ((k >= 6924761) AND (k <= 6924861))

table 2 : explain SELECT k, c FROM sbtest2 WHERE k BETWEEN 6924761 AND 6924861
	Bitmap Heap Scan on sbtest2  (cost=5.52..425.16 rows=106 width=125)
	  Recheck Cond: ((k >= 6924761) AND (k <= 6924861))
	  ->  Bitmap Index Scan on k_2  (cost=0.00..5.50 rows=106 width=0)
	        Index Cond: ((k >= 6924761) AND (k <= 6924861))

table 3 : explain SELECT k, c FROM sbtest3 WHERE k BETWEEN 6924761 AND 6924861
	Bitmap Heap Scan on sbtest3  (cost=5.46..401.45 rows=100 width=125)
	  Recheck Cond: ((k >= 6924761) AND (k <= 6924861))
	  ->  Bitmap Index Scan on k_3  (cost=0.00..5.43 rows=100 width=0)
	        Index Cond: ((k >= 6924761) AND (k <= 6924861))

table 4 : explain SELECT k, c FROM sbtest4 WHERE k BETWEEN 6924761 AND 6924861
	Bitmap Heap Scan on sbtest4  (cost=5.50..417.25 rows=104 width=125)
	  Recheck Cond: ((k >= 6924761) AND (k <= 6924861))
	  ->  Bitmap Index Scan on k_4  (cost=0.00..5.47 rows=104 width=0)
	        Index Cond: ((k >= 6924761) AND (k <= 6924861))

table 5 : explain SELECT k, c FROM sbtest5 WHERE k BETWEEN 6924761 AND 6924861
	Bitmap Heap Scan on sbtest5  (cost=5.46..401.51 rows=100 width=125)
	  Recheck Cond: ((k >= 6924761) AND (k <= 6924861))
	  ->  Bitmap Index Scan on k_5  (cost=0.00..5.43 rows=100 width=0)
	        Index Cond: ((k >= 6924761) AND (k <= 6924861))

table 6 : explain SELECT k, c FROM sbtest6 WHERE k BETWEEN 6924761 AND 6924861
	Bitmap Heap Scan on sbtest6  (cost=5.46..401.49 rows=100 width=125)
	  Recheck Cond: ((k >= 6924761) AND (k <= 6924861))
	  ->  Bitmap Index Scan on k_6  (cost=0.00..5.43 rows=100 width=0)
	        Index Cond: ((k >= 6924761) AND (k <= 6924861))

table 7 : explain SELECT k, c FROM sbtest7 WHERE k BETWEEN 6924761 AND 6924861
	Bitmap Heap Scan on sbtest7  (cost=5.43..389.65 rows=97 width=125)
	  Recheck Cond: ((k >= 6924761) AND (k <= 6924861))
	  ->  Bitmap Index Scan on k_7  (cost=0.00..5.40 rows=97 width=0)
	        Index Cond: ((k >= 6924761) AND (k <= 6924861))

table 8 : explain SELECT k, c FROM sbtest8 WHERE k BETWEEN 6924761 AND 6924861
	Bitmap Heap Scan on sbtest8  (cost=5.55..436.97 rows=109 width=125)
	  Recheck Cond: ((k >= 6924761) AND (k <= 6924861))
	  ->  Bitmap Index Scan on k_8  (cost=0.00..5.52 rows=109 width=0)
	        Index Cond: ((k >= 6924761) AND (k <= 6924861))

explain: for range-notcovered :: explain SELECT k, c FROM sbtest%d WHERE k BETWEEN 6128050 AND 6128150


explain: for range-notcovered :: explain SELECT k, c FROM sbtest%d WHERE k BETWEEN 5419310 AND 5419410

for range-notcovered
table 1 : explain SELECT k, c FROM sbtest1 WHERE k BETWEEN 5037207 AND 5037307
	Bitmap Heap Scan on sbtest1  (cost=5.48..409.37 rows=102 width=125)
	  Recheck Cond: ((k >= 5037207) AND (k <= 5037307))
	  ->  Bitmap Index Scan on k_1  (cost=0.00..5.45 rows=102 width=0)
	        Index Cond: ((k >= 5037207) AND (k <= 5037307))

table 2 : explain SELECT k, c FROM sbtest2 WHERE k BETWEEN 5037207 AND 5037307
	Bitmap Heap Scan on sbtest2  (cost=5.50..417.28 rows=104 width=125)
	  Recheck Cond: ((k >= 5037207) AND (k <= 5037307))
	  ->  Bitmap Index Scan on k_2  (cost=0.00..5.47 rows=104 width=0)
	        Index Cond: ((k >= 5037207) AND (k <= 5037307))

table 3 : explain SELECT k, c FROM sbtest3 WHERE k BETWEEN 5037207 AND 5037307
	Bitmap Heap Scan on sbtest3  (cost=5.52..425.10 rows=106 width=125)
	  Recheck Cond: ((k >= 5037207) AND (k <= 5037307))
	  ->  Bitmap Index Scan on k_3  (cost=0.00..5.50 rows=106 width=0)
	        Index Cond: ((k >= 5037207) AND (k <= 5037307))

table 4 : explain SELECT k, c FROM sbtest4 WHERE k BETWEEN 5037207 AND 5037307
	Bitmap Heap Scan on sbtest4  (cost=5.53..429.07 rows=107 width=125)
	  Recheck Cond: ((k >= 5037207) AND (k <= 5037307))
	  ->  Bitmap Index Scan on k_4  (cost=0.00..5.50 rows=107 width=0)
	        Index Cond: ((k >= 5037207) AND (k <= 5037307))

table 5 : explain SELECT k, c FROM sbtest5 WHERE k BETWEEN 5037207 AND 5037307
	Bitmap Heap Scan on sbtest5  (cost=5.48..409.40 rows=102 width=125)
	  Recheck Cond: ((k >= 5037207) AND (k <= 5037307))
	  ->  Bitmap Index Scan on k_5  (cost=0.00..5.45 rows=102 width=0)
	        Index Cond: ((k >= 5037207) AND (k <= 5037307))

table 6 : explain SELECT k, c FROM sbtest6 WHERE k BETWEEN 5037207 AND 5037307
	Bitmap Heap Scan on sbtest6  (cost=5.51..421.20 rows=105 width=125)
	  Recheck Cond: ((k >= 5037207) AND (k <= 5037307))
	  ->  Bitmap Index Scan on k_6  (cost=0.00..5.48 rows=105 width=0)
	        Index Cond: ((k >= 5037207) AND (k <= 5037307))

table 7 : explain SELECT k, c FROM sbtest7 WHERE k BETWEEN 5037207 AND 5037307
	Bitmap Heap Scan on sbtest7  (cost=5.51..421.20 rows=105 width=125)
	  Recheck Cond: ((k >= 5037207) AND (k <= 5037307))
	  ->  Bitmap Index Scan on k_7  (cost=0.00..5.48 rows=105 width=0)
	        Index Cond: ((k >= 5037207) AND (k <= 5037307))

table 8 : explain SELECT k, c FROM sbtest8 WHERE k BETWEEN 5037207 AND 5037307
	Bitmap Heap Scan on sbtest8  (cost=5.53..429.09 rows=107 width=125)
	  Recheck Cond: ((k >= 5037207) AND (k <= 5037307))
	  ->  Bitmap Index Scan on k_8  (cost=0.00..5.50 rows=107 width=0)
	        Index Cond: ((k >= 5037207) AND (k <= 5037307))

explain: for range-notcovered :: explain SELECT k, c FROM sbtest%d WHERE k BETWEEN 1868326 AND 1868426
for range-notcovered
table 1 : explain SELECT k, c FROM sbtest1 WHERE k BETWEEN 7541855 AND 7541955
	Bitmap Heap Scan on sbtest1  (cost=5.43..389.65 rows=97 width=125)
	  Recheck Cond: ((k >= 7541855) AND (k <= 7541955))
	  ->  Bitmap Index Scan on k_1  (cost=0.00..5.40 rows=97 width=0)
	        Index Cond: ((k >= 7541855) AND (k <= 7541955))

table 2 : explain SELECT k, c FROM sbtest2 WHERE k BETWEEN 7541855 AND 7541955
	Bitmap Heap Scan on sbtest2  (cost=5.42..385.73 rows=96 width=125)
	  Recheck Cond: ((k >= 7541855) AND (k <= 7541955))
	  ->  Bitmap Index Scan on k_2  (cost=0.00..5.39 rows=96 width=0)
	        Index Cond: ((k >= 7541855) AND (k <= 7541955))

table 3 : explain SELECT k, c FROM sbtest3 WHERE k BETWEEN 7541855 AND 7541955
	Bitmap Heap Scan on sbtest3  (cost=5.54..432.98 rows=108 width=125)
	  Recheck Cond: ((k >= 7541855) AND (k <= 7541955))
	  ->  Bitmap Index Scan on k_3  (cost=0.00..5.51 rows=108 width=0)
	        Index Cond: ((k >= 7541855) AND (k <= 7541955))

table 4 : explain SELECT k, c FROM sbtest4 WHERE k BETWEEN 7541855 AND 7541955
	Bitmap Heap Scan on sbtest4  (cost=5.44..393.59 rows=98 width=125)
	  Recheck Cond: ((k >= 7541855) AND (k <= 7541955))
	  ->  Bitmap Index Scan on k_4  (cost=0.00..5.42 rows=98 width=0)
	        Index Cond: ((k >= 7541855) AND (k <= 7541955))

table 5 : explain SELECT k, c FROM sbtest5 WHERE k BETWEEN 7541855 AND 7541955
	Bitmap Heap Scan on sbtest5  (cost=5.55..436.99 rows=109 width=125)
	  Recheck Cond: ((k >= 7541855) AND (k <= 7541955))
	  ->  Bitmap Index Scan on k_5  (cost=0.00..5.52 rows=109 width=0)
	        Index Cond: ((k >= 7541855) AND (k <= 7541955))

table 6 : explain SELECT k, c FROM sbtest6 WHERE k BETWEEN 7541855 AND 7541955
	Bitmap Heap Scan on sbtest6  (cost=5.48..409.37 rows=102 width=125)
	  Recheck Cond: ((k >= 7541855) AND (k <= 7541955))
	  ->  Bitmap Index Scan on k_6  (cost=0.00..5.45 rows=102 width=0)
	        Index Cond: ((k >= 7541855) AND (k <= 7541955))

table 7 : explain SELECT k, c FROM sbtest7 WHERE k BETWEEN 7541855 AND 7541955
	Bitmap Heap Scan on sbtest7  (cost=5.53..429.08 rows=107 width=125)
	  Recheck Cond: ((k >= 7541855) AND (k <= 7541955))
	  ->  Bitmap Index Scan on k_7  (cost=0.00..5.50 rows=107 width=0)
	        Index Cond: ((k >= 7541855) AND (k <= 7541955))

table 8 : explain SELECT k, c FROM sbtest8 WHERE k BETWEEN 7541855 AND 7541955
	Bitmap Heap Scan on sbtest8  (cost=5.47..405.44 rows=101 width=125)
	  Recheck Cond: ((k >= 7541855) AND (k <= 7541955))
	  ->  Bitmap Index Scan on k_8  (cost=0.00..5.44 rows=101 width=0)
	        Index Cond: ((k >= 7541855) AND (k <= 7541955))

for range-notcovered
table 1 : explain SELECT k, c FROM sbtest1 WHERE k BETWEEN 4875382 AND 4875482
	Bitmap Heap Scan on sbtest1  (cost=5.58..448.77 rows=112 width=125)
	  Recheck Cond: ((k >= 4875382) AND (k <= 4875482))
	  ->  Bitmap Index Scan on k_1  (cost=0.00..5.55 rows=112 width=0)
	        Index Cond: ((k >= 4875382) AND (k <= 4875482))

table 2 : explain SELECT k, c FROM sbtest2 WHERE k BETWEEN 4875382 AND 4875482
	Bitmap Heap Scan on sbtest2  (cost=5.45..397.57 rows=99 width=125)
	  Recheck Cond: ((k >= 4875382) AND (k <= 4875482))
	  ->  Bitmap Index Scan on k_2  (cost=0.00..5.42 rows=99 width=0)
	        Index Cond: ((k >= 4875382) AND (k <= 4875482))

table 3 : explain SELECT k, c FROM sbtest3 WHERE k BETWEEN 4875382 AND 4875482
	Bitmap Heap Scan on sbtest3  (cost=5.43..389.62 rows=97 width=125)
	  Recheck Cond: ((k >= 4875382) AND (k <= 4875482))
	  ->  Bitmap Index Scan on k_3  (cost=0.00..5.40 rows=97 width=0)
	        Index Cond: ((k >= 4875382) AND (k <= 4875482))

table 4 : explain SELECT k, c FROM sbtest4 WHERE k BETWEEN 4875382 AND 4875482
	Bitmap Heap Scan on sbtest4  (cost=5.44..393.59 rows=98 width=125)
	  Recheck Cond: ((k >= 4875382) AND (k <= 4875482))
	  ->  Bitmap Index Scan on k_4  (cost=0.00..5.42 rows=98 width=0)
	        Index Cond: ((k >= 4875382) AND (k <= 4875482))

table 5 : explain SELECT k, c FROM sbtest5 WHERE k BETWEEN 4875382 AND 4875482
	Bitmap Heap Scan on sbtest5  (cost=5.47..405.45 rows=101 width=125)
	  Recheck Cond: ((k >= 4875382) AND (k <= 4875482))
	  ->  Bitmap Index Scan on k_5  (cost=0.00..5.44 rows=101 width=0)
	        Index Cond: ((k >= 4875382) AND (k <= 4875482))

table 6 : explain SELECT k, c FROM sbtest6 WHERE k BETWEEN 4875382 AND 4875482
	Bitmap Heap Scan on sbtest6  (cost=5.45..397.54 rows=99 width=125)
	  Recheck Cond: ((k >= 4875382) AND (k <= 4875482))
	  ->  Bitmap Index Scan on k_6  (cost=0.00..5.42 rows=99 width=0)
	        Index Cond: ((k >= 4875382) AND (k <= 4875482))

table 7 : explain SELECT k, c FROM sbtest7 WHERE k BETWEEN 4875382 AND 4875482
	Bitmap Heap Scan on sbtest7  (cost=5.47..405.43 rows=101 width=125)
	  Recheck Cond: ((k >= 4875382) AND (k <= 4875482))
	  ->  Bitmap Index Scan on k_7  (cost=0.00..5.44 rows=101 width=0)
	        Index Cond: ((k >= 4875382) AND (k <= 4875482))

table 8 : explain SELECT k, c FROM sbtest8 WHERE k BETWEEN 4875382 AND 4875482
	Bitmap Heap Scan on sbtest8  (cost=5.39..373.88 rows=93 width=125)
	  Recheck Cond: ((k >= 4875382) AND (k <= 4875482))
	  ->  Bitmap Index Scan on k_8  (cost=0.00..5.36 rows=93 width=0)
	        Index Cond: ((k >= 4875382) AND (k <= 4875482))

explain: for range-notcovered :: explain SELECT k, c FROM sbtest%d WHERE k BETWEEN 7490797 AND 7490897
explain: for range-notcovered :: explain SELECT k, c FROM sbtest%d WHERE k BETWEEN 4815064 AND 4815164
explain: for range-notcovered :: explain SELECT k, c FROM sbtest%d WHERE k BETWEEN 7830027 AND 7830127for range-notcovered
table 1 : explain SELECT k, c FROM sbtest1 WHERE k BETWEEN 6598920 AND 6599020
	Bitmap Heap Scan on sbtest1  (cost=5.44..393.59 rows=98 width=125)
	  Recheck Cond: ((k >= 6598920) AND (k <= 6599020))
	  ->  Bitmap Index Scan on k_1  (cost=0.00..5.42 rows=98 width=0)
	        Index Cond: ((k >= 6598920) AND (k <= 6599020))

table 2 : explain SELECT k, c FROM sbtest2 WHERE k BETWEEN 6598920 AND 6599020
	Bitmap Heap Scan on sbtest2  (cost=5.46..401.51 rows=100 width=125)
	  Recheck Cond: ((k >= 6598920) AND (k <= 6599020))
	  ->  Bitmap Index Scan on k_2  (cost=0.00..5.43 rows=100 width=0)
	        Index Cond: ((k >= 6598920) AND (k <= 6599020))

table 3 : explain SELECT k, c FROM sbtest3 WHERE k BETWEEN 6598920 AND 6599020
	Bitmap Heap Scan on sbtest3  (cost=5.42..385.68 rows=96 width=125)
	  Recheck Cond: ((k >= 6598920) AND (k <= 6599020))
	  ->  Bitmap Index Scan on k_3  (cost=0.00..5.39 rows=96 width=0)
	        Index Cond: ((k >= 6598920) AND (k <= 6599020))

table 4 : explain SELECT k, c FROM sbtest4 WHERE k BETWEEN 6598920 AND 6599020
	Bitmap Heap Scan on sbtest4  (cost=5.48..409.36 rows=102 width=125)
	  Recheck Cond: ((k >= 6598920) AND (k <= 6599020))
	  ->  Bitmap Index Scan on k_4  (cost=0.00..5.45 rows=102 width=0)
	        Index Cond: ((k >= 6598920) AND (k <= 6599020))

table 5 : explain SELECT k, c FROM sbtest5 WHERE k BETWEEN 6598920 AND 6599020
	Bitmap Heap Scan on sbtest5  (cost=5.46..401.51 rows=100 width=125)
	  Recheck Cond: ((k >= 6598920) AND (k <= 6599020))
	  ->  Bitmap Index Scan on k_5  (cost=0.00..5.43 rows=100 width=0)
	        Index Cond: ((k >= 6598920) AND (k <= 6599020))

table 6 : explain SELECT k, c FROM sbtest6 WHERE k BETWEEN 6598920 AND 6599020
	Bitmap Heap Scan on sbtest6  (cost=5.49..413.31 rows=103 width=125)
	  Recheck Cond: ((k >= 6598920) AND (k <= 6599020))
	  ->  Bitmap Index Scan on k_6  (cost=0.00..5.46 rows=103 width=0)
	        Index Cond: ((k >= 6598920) AND (k <= 6599020))

table 7 : explain SELECT k, c FROM sbtest7 WHERE k BETWEEN 6598920 AND 6599020
	Bitmap Heap Scan on sbtest7  (cost=5.45..397.54 rows=99 width=125)
	  Recheck Cond: ((k >= 6598920) AND (k <= 6599020))
	  ->  Bitmap Index Scan on k_7  (cost=0.00..5.42 rows=99 width=0)
	        Index Cond: ((k >= 6598920) AND (k <= 6599020))

table 8 : explain SELECT k, c FROM sbtest8 WHERE k BETWEEN 6598920 AND 6599020
	Bitmap Heap Scan on sbtest8  (cost=5.43..389.66 rows=97 width=125)
	  Recheck Cond: ((k >= 6598920) AND (k <= 6599020))
	  ->  Bitmap Index Scan on k_8  (cost=0.00..5.40 rows=97 width=0)
	        Index Cond: ((k >= 6598920) AND (k <= 6599020))


explain: for range-notcovered :: explain SELECT k, c FROM sbtest%d WHERE k BETWEEN 7541855 AND 7541955
for range-notcovered
table 1 : explain SELECT k, c FROM sbtest1 WHERE k BETWEEN 6852626 AND 6852726
	Bitmap Heap Scan on sbtest1  (cost=5.56..440.89 rows=110 width=125)
	  Recheck Cond: ((k >= 6852626) AND (k <= 6852726))
	  ->  Bitmap Index Scan on k_1  (cost=0.00..5.53 rows=110 width=0)
	        Index Cond: ((k >= 6852626) AND (k <= 6852726))

table 2 : explain SELECT k, c FROM sbtest2 WHERE k BETWEEN 6852626 AND 6852726
	Bitmap Heap Scan on sbtest2  (cost=5.51..421.22 rows=105 width=125)
	  Recheck Cond: ((k >= 6852626) AND (k <= 6852726))
	  ->  Bitmap Index Scan on k_2  (cost=0.00..5.48 rows=105 width=0)
	        Index Cond: ((k >= 6852626) AND (k <= 6852726))

table 3 : explain SELECT k, c FROM sbtest3 WHERE k BETWEEN 6852626 AND 6852726
	Bitmap Heap Scan on sbtest3  (cost=5.48..409.34 rows=102 width=125)
	  Recheck Cond: ((k >= 6852626) AND (k <= 6852726))
	  ->  Bitmap Index Scan on k_3  (cost=0.00..5.45 rows=102 width=0)
	        Index Cond: ((k >= 6852626) AND (k <= 6852726))

table 4 : explain SELECT k, c FROM sbtest4 WHERE k BETWEEN 6852626 AND 6852726
	Bitmap Heap Scan on sbtest4  (cost=5.51..421.19 rows=105 width=125)
	  Recheck Cond: ((k >= 6852626) AND (k <= 6852726))
	  ->  Bitmap Index Scan on k_4  (cost=0.00..5.48 rows=105 width=0)
	        Index Cond: ((k >= 6852626) AND (k <= 6852726))

table 5 : explain SELECT k, c FROM sbtest5 WHERE k BETWEEN 6852626 AND 6852726
	Bitmap Heap Scan on sbtest5  (cost=5.46..401.51 rows=100 width=125)
	  Recheck Cond: ((k >= 6852626) AND (k <= 6852726))
	  ->  Bitmap Index Scan on k_5  (cost=0.00..5.43 rows=100 width=0)
	        Index Cond: ((k >= 6852626) AND (k <= 6852726))

table 6 : explain SELECT k, c FROM sbtest6 WHERE k BETWEEN 6852626 AND 6852726
	Bitmap Heap Scan on sbtest6  (cost=5.53..429.08 rows=107 width=125)
	  Recheck Cond: ((k >= 6852626) AND (k <= 6852726))
	  ->  Bitmap Index Scan on k_6  (cost=0.00..5.50 rows=107 width=0)
	        Index Cond: ((k >= 6852626) AND (k <= 6852726))

table 7 : explain SELECT k, c FROM sbtest7 WHERE k BETWEEN 6852626 AND 6852726
	Bitmap Heap Scan on sbtest7  (cost=5.46..401.49 rows=100 width=125)
	  Recheck Cond: ((k >= 6852626) AND (k <= 6852726))
	  ->  Bitmap Index Scan on k_7  (cost=0.00..5.43 rows=100 width=0)
	        Index Cond: ((k >= 6852626) AND (k <= 6852726))

table 8 : explain SELECT k, c FROM sbtest8 WHERE k BETWEEN 6852626 AND 6852726
	Bitmap Heap Scan on sbtest8  (cost=5.46..401.49 rows=100 width=125)
	  Recheck Cond: ((k >= 6852626) AND (k <= 6852726))
	  ->  Bitmap Index Scan on k_8  (cost=0.00..5.43 rows=100 width=0)
	        Index Cond: ((k >= 6852626) AND (k <= 6852726))

explain: for range-notcovered :: explain SELECT k, c FROM sbtest%d WHERE k BETWEEN 5037207 AND 5037307
explain: for range-notcovered :: explain SELECT k, c FROM sbtest%d WHERE k BETWEEN 2383613 AND 2383713

explain: for range-notcovered :: explain SELECT k, c FROM sbtest%d WHERE k BETWEEN 5498507 AND 5498607
explain: for range-notcovered :: explain SELECT k, c FROM sbtest%d WHERE k BETWEEN 6924761 AND 6924861explain: for range-notcovered :: explain SELECT k, c FROM sbtest%d WHERE k BETWEEN 5912230 AND 5912330for range-notcovered
table 1 : explain SELECT k, c FROM sbtest1 WHERE k BETWEEN 5964910 AND 5965010
	Bitmap Heap Scan on sbtest1  (cost=5.52..425.13 rows=106 width=125)
	  Recheck Cond: ((k >= 5964910) AND (k <= 5965010))
	  ->  Bitmap Index Scan on k_1  (cost=0.00..5.50 rows=106 width=0)
	        Index Cond: ((k >= 5964910) AND (k <= 5965010))

table 2 : explain SELECT k, c FROM sbtest2 WHERE k BETWEEN 5964910 AND 5965010
	Bitmap Heap Scan on sbtest2  (cost=5.42..385.73 rows=96 width=125)
	  Recheck Cond: ((k >= 5964910) AND (k <= 5965010))
	  ->  Bitmap Index Scan on k_2  (cost=0.00..5.39 rows=96 width=0)
	        Index Cond: ((k >= 5964910) AND (k <= 5965010))

table 3 : explain SELECT k, c FROM sbtest3 WHERE k BETWEEN 5964910 AND 5965010
	Bitmap Heap Scan on sbtest3  (cost=5.39..373.85 rows=93 width=125)
	  Recheck Cond: ((k >= 5964910) AND (k <= 5965010))
	  ->  Bitmap Index Scan on k_3  (cost=0.00..5.36 rows=93 width=0)
	        Index Cond: ((k >= 5964910) AND (k <= 5965010))

table 4 : explain SELECT k, c FROM sbtest4 WHERE k BETWEEN 5964910 AND 5965010
	Bitmap Heap Scan on sbtest4  (cost=5.54..433.01 rows=108 width=125)
	  Recheck Cond: ((k >= 5964910) AND (k <= 5965010))
	  ->  Bitmap Index Scan on k_4  (cost=0.00..5.51 rows=108 width=0)
	        Index Cond: ((k >= 5964910) AND (k <= 5965010))

table 5 : explain SELECT k, c FROM sbtest5 WHERE k BETWEEN 5964910 AND 5965010
	Bitmap Heap Scan on sbtest5  (cost=5.50..417.28 rows=104 width=125)
	  Recheck Cond: ((k >= 5964910) AND (k <= 5965010))
	  ->  Bitmap Index Scan on k_5  (cost=0.00..5.47 rows=104 width=0)
	        Index Cond: ((k >= 5964910) AND (k <= 5965010))

table 6 : explain SELECT k, c FROM sbtest6 WHERE k BETWEEN 5964910 AND 5965010
	Bitmap Heap Scan on sbtest6  (cost=5.50..417.26 rows=104 width=125)
	  Recheck Cond: ((k >= 5964910) AND (k <= 5965010))
	  ->  Bitmap Index Scan on k_6  (cost=0.00..5.47 rows=104 width=0)
	        Index Cond: ((k >= 5964910) AND (k <= 5965010))

table 7 : explain SELECT k, c FROM sbtest7 WHERE k BETWEEN 5964910 AND 5965010
	Bitmap Heap Scan on sbtest7  (cost=5.44..393.60 rows=98 width=125)
	  Recheck Cond: ((k >= 5964910) AND (k <= 5965010))
	  ->  Bitmap Index Scan on k_7  (cost=0.00..5.42 rows=98 width=0)
	        Index Cond: ((k >= 5964910) AND (k <= 5965010))

table 8 : explain SELECT k, c FROM sbtest8 WHERE k BETWEEN 5964910 AND 5965010
	Bitmap Heap Scan on sbtest8  (cost=5.44..393.61 rows=98 width=125)
	  Recheck Cond: ((k >= 5964910) AND (k <= 5965010))
	  ->  Bitmap Index Scan on k_8  (cost=0.00..5.42 rows=98 width=0)
	        Index Cond: ((k >= 5964910) AND (k <= 5965010))
explain: for range-notcovered :: explain SELECT k, c FROM sbtest%d WHERE k BETWEEN 6852626 AND 6852726explain: for range-notcovered :: explain SELECT k, c FROM sbtest%d WHERE k BETWEEN 4780123 AND 4780223for range-notcovered
table 1 : explain SELECT k, c FROM sbtest1 WHERE k BETWEEN 1289756 AND 1289856
	Bitmap Heap Scan on sbtest1  (cost=5.55..436.95 rows=109 width=125)
	  Recheck Cond: ((k >= 1289756) AND (k <= 1289856))
	  ->  Bitmap Index Scan on k_1  (cost=0.00..5.52 rows=109 width=0)
	        Index Cond: ((k >= 1289756) AND (k <= 1289856))

table 2 : explain SELECT k, c FROM sbtest2 WHERE k BETWEEN 1289756 AND 1289856
	Bitmap Heap Scan on sbtest2  (cost=5.49..413.34 rows=103 width=125)
	  Recheck Cond: ((k >= 1289756) AND (k <= 1289856))
	  ->  Bitmap Index Scan on k_2  (cost=0.00..5.46 rows=103 width=0)
	        Index Cond: ((k >= 1289756) AND (k <= 1289856))

table 3 : explain SELECT k, c FROM sbtest3 WHERE k BETWEEN 1289756 AND 1289856
	Bitmap Heap Scan on sbtest3  (cost=5.56..440.86 rows=110 width=125)
	  Recheck Cond: ((k >= 1289756) AND (k <= 1289856))
	  ->  Bitmap Index Scan on k_3  (cost=0.00..5.53 rows=110 width=0)
	        Index Cond: ((k >= 1289756) AND (k <= 1289856))

table 4 : explain SELECT k, c FROM sbtest4 WHERE k BETWEEN 1289756 AND 1289856
	Bitmap Heap Scan on sbtest4  (cost=5.56..440.89 rows=110 width=125)
	  Recheck Cond: ((k >= 1289756) AND (k <= 1289856))
	  ->  Bitmap Index Scan on k_4  (cost=0.00..5.53 rows=110 width=0)
	        Index Cond: ((k >= 1289756) AND (k <= 1289856))

table 5 : explain SELECT k, c FROM sbtest5 WHERE k BETWEEN 1289756 AND 1289856
	Bitmap Heap Scan on sbtest5  (cost=5.36..362.05 rows=90 width=125)
	  Recheck Cond: ((k >= 1289756) AND (k <= 1289856))
	  ->  Bitmap Index Scan on k_5  (cost=0.00..5.33 rows=90 width=0)
	        Index Cond: ((k >= 1289756) AND (k <= 1289856))

table 6 : explain SELECT k, c FROM sbtest6 WHERE k BETWEEN 1289756 AND 1289856
	Bitmap Heap Scan on sbtest6  (cost=5.37..365.98 rows=91 width=125)
	  Recheck Cond: ((k >= 1289756) AND (k <= 1289856))
	  ->  Bitmap Index Scan on k_6  (cost=0.00..5.34 rows=91 width=0)
	        Index Cond: ((k >= 1289756) AND (k <= 1289856))

table 7 : explain SELECT k, c FROM sbtest7 WHERE k BETWEEN 1289756 AND 1289856
	Bitmap Heap Scan on sbtest7  (cost=5.50..417.25 rows=104 width=125)
	  Recheck Cond: ((k >= 1289756) AND (k <= 1289856))
	  ->  Bitmap Index Scan on k_7  (cost=0.00..5.47 rows=104 width=0)
	        Index Cond: ((k >= 1289756) AND (k <= 1289856))

table 8 : explain SELECT k, c FROM sbtest8 WHERE k BETWEEN 1289756 AND 1289856
	Bitmap Heap Scan on sbtest8  (cost=5.38..369.93 rows=92 width=125)
	  Recheck Cond: ((k >= 1289756) AND (k <= 1289856))
	  ->  Bitmap Index Scan on k_8  (cost=0.00..5.35 rows=92 width=0)
	        Index Cond: ((k >= 1289756) AND (k <= 1289856))


for range-notcovered
table 1 : explain SELECT k, c FROM sbtest1 WHERE k BETWEEN 6714694 AND 6714794
	Bitmap Heap Scan on sbtest1  (cost=5.42..385.71 rows=96 width=125)
	  Recheck Cond: ((k >= 6714694) AND (k <= 6714794))
	  ->  Bitmap Index Scan on k_1  (cost=0.00..5.39 rows=96 width=0)
	        Index Cond: ((k >= 6714694) AND (k <= 6714794))

table 2 : explain SELECT k, c FROM sbtest2 WHERE k BETWEEN 6714694 AND 6714794
	Bitmap Heap Scan on sbtest2  (cost=5.45..397.57 rows=99 width=125)
	  Recheck Cond: ((k >= 6714694) AND (k <= 6714794))
	  ->  Bitmap Index Scan on k_2  (cost=0.00..5.42 rows=99 width=0)
	        Index Cond: ((k >= 6714694) AND (k <= 6714794))

table 3 : explain SELECT k, c FROM sbtest3 WHERE k BETWEEN 6714694 AND 6714794
	Bitmap Heap Scan on sbtest3  (cost=5.63..468.42 rows=117 width=125)
	  Recheck Cond: ((k >= 6714694) AND (k <= 6714794))
	  ->  Bitmap Index Scan on k_3  (cost=0.00..5.60 rows=117 width=0)
	        Index Cond: ((k >= 6714694) AND (k <= 6714794))

table 4 : explain SELECT k, c FROM sbtest4 WHERE k BETWEEN 6714694 AND 6714794
	Bitmap Heap Scan on sbtest4  (cost=5.46..401.48 rows=100 width=125)
	  Recheck Cond: ((k >= 6714694) AND (k <= 6714794))
	  ->  Bitmap Index Scan on k_4  (cost=0.00..5.43 rows=100 width=0)
	        Index Cond: ((k >= 6714694) AND (k <= 6714794))

table 5 : explain SELECT k, c FROM sbtest5 WHERE k BETWEEN 6714694 AND 6714794
	Bitmap Heap Scan on sbtest5  (cost=5.45..397.57 rows=99 width=125)
	  Recheck Cond: ((k >= 6714694) AND (k <= 6714794))
	  ->  Bitmap Index Scan on k_5  (cost=0.00..5.42 rows=99 width=0)
	        Index Cond: ((k >= 6714694) AND (k <= 6714794))

table 6 : explain SELECT k, c FROM sbtest6 WHERE k BETWEEN 6714694 AND 6714794
	Bitmap Heap Scan on sbtest6  (cost=5.48..409.37 rows=102 width=125)
	  Recheck Cond: ((k >= 6714694) AND (k <= 6714794))
	  ->  Bitmap Index Scan on k_6  (cost=0.00..5.45 rows=102 width=0)
	        Index Cond: ((k >= 6714694) AND (k <= 6714794))

table 7 : explain SELECT k, c FROM sbtest7 WHERE k BETWEEN 6714694 AND 6714794
	Bitmap Heap Scan on sbtest7  (cost=5.39..373.87 rows=93 width=125)
	  Recheck Cond: ((k >= 6714694) AND (k <= 6714794))
	  ->  Bitmap Index Scan on k_7  (cost=0.00..5.36 rows=93 width=0)
	        Index Cond: ((k >= 6714694) AND (k <= 6714794))

table 8 : explain SELECT k, c FROM sbtest8 WHERE k BETWEEN 6714694 AND 6714794
	Bitmap Heap Scan on sbtest8  (cost=5.54..433.03 rows=108 width=125)
	  Recheck Cond: ((k >= 6714694) AND (k <= 6714794))
	  ->  Bitmap Index Scan on k_8  (cost=0.00..5.51 rows=108 width=0)
	        Index Cond: ((k >= 6714694) AND (k <= 6714794))



for range-notcovered
table 1 : explain SELECT k, c FROM sbtest1 WHERE k BETWEEN 5799430 AND 5799530
	Bitmap Heap Scan on sbtest1  (cost=5.49..413.31 rows=103 width=125)
	  Recheck Cond: ((k >= 5799430) AND (k <= 5799530))
	  ->  Bitmap Index Scan on k_1  (cost=0.00..5.46 rows=103 width=0)
	        Index Cond: ((k >= 5799430) AND (k <= 5799530))

table 2 : explain SELECT k, c FROM sbtest2 WHERE k BETWEEN 5799430 AND 5799530
	Bitmap Heap Scan on sbtest2  (cost=5.49..413.34 rows=103 width=125)
	  Recheck Cond: ((k >= 5799430) AND (k <= 5799530))
	  ->  Bitmap Index Scan on k_2  (cost=0.00..5.46 rows=103 width=0)
	        Index Cond: ((k >= 5799430) AND (k <= 5799530))

table 3 : explain SELECT k, c FROM sbtest3 WHERE k BETWEEN 5799430 AND 5799530
	Bitmap Heap Scan on sbtest3  (cost=5.46..401.45 rows=100 width=125)
	  Recheck Cond: ((k >= 5799430) AND (k <= 5799530))
	  ->  Bitmap Index Scan on k_3  (cost=0.00..5.43 rows=100 width=0)
	        Index Cond: ((k >= 5799430) AND (k <= 5799530))

table 4 : explain SELECT k, c FROM sbtest4 WHERE k BETWEEN 5799430 AND 5799530
	Bitmap Heap Scan on sbtest4  (cost=5.52..425.13 rows=106 width=125)
	  Recheck Cond: ((k >= 5799430) AND (k <= 5799530))
	  ->  Bitmap Index Scan on k_4  (cost=0.00..5.50 rows=106 width=0)
	        Index Cond: ((k >= 5799430) AND (k <= 5799530))

table 5 : explain SELECT k, c FROM sbtest5 WHERE k BETWEEN 5799430 AND 5799530
	Bitmap Heap Scan on sbtest5  (cost=5.47..405.45 rows=101 width=125)
	  Recheck Cond: ((k >= 5799430) AND (k <= 5799530))
	  ->  Bitmap Index Scan on k_5  (cost=0.00..5.44 rows=101 width=0)
	        Index Cond: ((k >= 5799430) AND (k <= 5799530))

table 6 : explain SELECT k, c FROM sbtest6 WHERE k BETWEEN 5799430 AND 5799530
	Bitmap Heap Scan on sbtest6  (cost=5.62..464.53 rows=116 width=125)
	  Recheck Cond: ((k >= 5799430) AND (k <= 5799530))
	  ->  Bitmap Index Scan on k_6  (cost=0.00..5.59 rows=116 width=0)
	        Index Cond: ((k >= 5799430) AND (k <= 5799530))

table 7 : explain SELECT k, c FROM sbtest7 WHERE k BETWEEN 5799430 AND 5799530
	Bitmap Heap Scan on sbtest7  (cost=5.45..397.54 rows=99 width=125)
	  Recheck Cond: ((k >= 5799430) AND (k <= 5799530))
	  ->  Bitmap Index Scan on k_7  (cost=0.00..5.42 rows=99 width=0)
	        Index Cond: ((k >= 5799430) AND (k <= 5799530))

table 8 : explain SELECT k, c FROM sbtest8 WHERE k BETWEEN 5799430 AND 5799530
	Bitmap Heap Scan on sbtest8  (cost=5.50..417.26 rows=104 width=125)
	  Recheck Cond: ((k >= 5799430) AND (k <= 5799530))
	  ->  Bitmap Index Scan on k_8  (cost=0.00..5.47 rows=104 width=0)
	        Index Cond: ((k >= 5799430) AND (k <= 5799530))


for range-notcovered
table 1 : explain SELECT k, c FROM sbtest1 WHERE k BETWEEN 2748161 AND 2748261
	Bitmap Heap Scan on sbtest1  (cost=5.43..389.65 rows=97 width=125)
	  Recheck Cond: ((k >= 2748161) AND (k <= 2748261))
	  ->  Bitmap Index Scan on k_1  (cost=0.00..5.40 rows=97 width=0)
	        Index Cond: ((k >= 2748161) AND (k <= 2748261))

table 2 : explain SELECT k, c FROM sbtest2 WHERE k BETWEEN 2748161 AND 2748261
	Bitmap Heap Scan on sbtest2  (cost=5.53..429.10 rows=107 width=125)
	  Recheck Cond: ((k >= 2748161) AND (k <= 2748261))
	  ->  Bitmap Index Scan on k_2  (cost=0.00..5.50 rows=107 width=0)
	        Index Cond: ((k >= 2748161) AND (k <= 2748261))

table 3 : explain SELECT k, c FROM sbtest3 WHERE k BETWEEN 2748161 AND 2748261
	Bitmap Heap Scan on sbtest3  (cost=5.49..413.28 rows=103 width=125)
	  Recheck Cond: ((k >= 2748161) AND (k <= 2748261))
	  ->  Bitmap Index Scan on k_3  (cost=0.00..5.46 rows=103 width=0)
	        Index Cond: ((k >= 2748161) AND (k <= 2748261))

table 4 : explain SELECT k, c FROM sbtest4 WHERE k BETWEEN 2748161 AND 2748261
	Bitmap Heap Scan on sbtest4  (cost=5.42..385.70 rows=96 width=125)
	  Recheck Cond: ((k >= 2748161) AND (k <= 2748261))
	  ->  Bitmap Index Scan on k_4  (cost=0.00..5.39 rows=96 width=0)
	        Index Cond: ((k >= 2748161) AND (k <= 2748261))

table 5 : explain SELECT k, c FROM sbtest5 WHERE k BETWEEN 2748161 AND 2748261
	Bitmap Heap Scan on sbtest5  (cost=5.52..425.16 rows=106 width=125)
	  Recheck Cond: ((k >= 2748161) AND (k <= 2748261))
	  ->  Bitmap Index Scan on k_5  (cost=0.00..5.50 rows=106 width=0)
	        Index Cond: ((k >= 2748161) AND (k <= 2748261))

table 6 : explain SELECT k, c FROM sbtest6 WHERE k BETWEEN 2748161 AND 2748261
	Bitmap Heap Scan on sbtest6  (cost=5.46..401.49 rows=100 width=125)
	  Recheck Cond: ((k >= 2748161) AND (k <= 2748261))
	  ->  Bitmap Index Scan on k_6  (cost=0.00..5.43 rows=100 width=0)
	        Index Cond: ((k >= 2748161) AND (k <= 2748261))

table 7 : explain SELECT k, c FROM sbtest7 WHERE k BETWEEN 2748161 AND 2748261
	Bitmap Heap Scan on sbtest7  (cost=5.47..405.43 rows=101 width=125)
	  Recheck Cond: ((k >= 2748161) AND (k <= 2748261))
	  ->  Bitmap Index Scan on k_7  (cost=0.00..5.44 rows=101 width=0)
	        Index Cond: ((k >= 2748161) AND (k <= 2748261))

table 8 : explain SELECT k, c FROM sbtest8 WHERE k BETWEEN 2748161 AND 2748261
	Bitmap Heap Scan on sbtest8  (cost=5.59..452.72 rows=113 width=125)
	  Recheck Cond: ((k >= 2748161) AND (k <= 2748261))
	  ->  Bitmap Index Scan on k_8  (cost=0.00..5.56 rows=113 width=0)
	        Index Cond: ((k >= 2748161) AND (k <= 2748261))

explain: for range-notcovered :: explain SELECT k, c FROM sbtest%d WHERE k BETWEEN 6598920 AND 6599020
for range-notcovered
table 1 : explain SELECT k, c FROM sbtest1 WHERE k BETWEEN 3763505 AND 3763605
	Bitmap Heap Scan on sbtest1  (cost=5.46..401.48 rows=100 width=125)
	  Recheck Cond: ((k >= 3763505) AND (k <= 3763605))
	  ->  Bitmap Index Scan on k_1  (cost=0.00..5.43 rows=100 width=0)
	        Index Cond: ((k >= 3763505) AND (k <= 3763605))

table 2 : explain SELECT k, c FROM sbtest2 WHERE k BETWEEN 3763505 AND 3763605
	Bitmap Heap Scan on sbtest2  (cost=5.46..401.51 rows=100 width=125)
	  Recheck Cond: ((k >= 3763505) AND (k <= 3763605))
	  ->  Bitmap Index Scan on k_2  (cost=0.00..5.43 rows=100 width=0)
	        Index Cond: ((k >= 3763505) AND (k <= 3763605))

table 3 : explain SELECT k, c FROM sbtest3 WHERE k BETWEEN 3763505 AND 3763605
	Bitmap Heap Scan on sbtest3  (cost=5.55..436.92 rows=109 width=125)
	  Recheck Cond: ((k >= 3763505) AND (k <= 3763605))
	  ->  Bitmap Index Scan on k_3  (cost=0.00..5.52 rows=109 width=0)
	        Index Cond: ((k >= 3763505) AND (k <= 3763605))

table 4 : explain SELECT k, c FROM sbtest4 WHERE k BETWEEN 3763505 AND 3763605
	Bitmap Heap Scan on sbtest4  (cost=5.41..381.76 rows=95 width=125)
	  Recheck Cond: ((k >= 3763505) AND (k <= 3763605))
	  ->  Bitmap Index Scan on k_4  (cost=0.00..5.38 rows=95 width=0)
	        Index Cond: ((k >= 3763505) AND (k <= 3763605))

table 5 : explain SELECT k, c FROM sbtest5 WHERE k BETWEEN 3763505 AND 3763605
	Bitmap Heap Scan on sbtest5  (cost=5.54..433.05 rows=108 width=125)
	  Recheck Cond: ((k >= 3763505) AND (k <= 3763605))
	  ->  Bitmap Index Scan on k_5  (cost=0.00..5.51 rows=108 width=0)
	        Index Cond: ((k >= 3763505) AND (k <= 3763605))

table 6 : explain SELECT k, c FROM sbtest6 WHERE k BETWEEN 3763505 AND 3763605
	Bitmap Heap Scan on sbtest6  (cost=5.50..417.26 rows=104 width=125)
	  Recheck Cond: ((k >= 3763505) AND (k <= 3763605))
	  ->  Bitmap Index Scan on k_6  (cost=0.00..5.47 rows=104 width=0)
	        Index Cond: ((k >= 3763505) AND (k <= 3763605))

table 7 : explain SELECT k, c FROM sbtest7 WHERE k BETWEEN 3763505 AND 3763605
	Bitmap Heap Scan on sbtest7  (cost=5.44..393.60 rows=98 width=125)
	  Recheck Cond: ((k >= 3763505) AND (k <= 3763605))
	  ->  Bitmap Index Scan on k_7  (cost=0.00..5.42 rows=98 width=0)
	        Index Cond: ((k >= 3763505) AND (k <= 3763605))

table 8 : explain SELECT k, c FROM sbtest8 WHERE k BETWEEN 3763505 AND 3763605
	Bitmap Heap Scan on sbtest8  (cost=5.44..393.61 rows=98 width=125)
	  Recheck Cond: ((k >= 3763505) AND (k <= 3763605))
	  ->  Bitmap Index Scan on k_8  (cost=0.00..5.42 rows=98 width=0)
	        Index Cond: ((k >= 3763505) AND (k <= 3763605))

for range-notcovered
table 1 : explain SELECT k, c FROM sbtest1 WHERE k BETWEEN 3282562 AND 3282662
	Bitmap Heap Scan on sbtest1  (cost=5.45..397.54 rows=99 width=125)
	  Recheck Cond: ((k >= 3282562) AND (k <= 3282662))
	  ->  Bitmap Index Scan on k_1  (cost=0.00..5.42 rows=99 width=0)
	        Index Cond: ((k >= 3282562) AND (k <= 3282662))

table 2 : explain SELECT k, c FROM sbtest2 WHERE k BETWEEN 3282562 AND 3282662
	Bitmap Heap Scan on sbtest2  (cost=5.44..393.62 rows=98 width=125)
	  Recheck Cond: ((k >= 3282562) AND (k <= 3282662))
	  ->  Bitmap Index Scan on k_2  (cost=0.00..5.42 rows=98 width=0)
	        Index Cond: ((k >= 3282562) AND (k <= 3282662))

table 3 : explain SELECT k, c FROM sbtest3 WHERE k BETWEEN 3282562 AND 3282662
	Bitmap Heap Scan on sbtest3  (cost=5.49..413.28 rows=103 width=125)
	  Recheck Cond: ((k >= 3282562) AND (k <= 3282662))
	  ->  Bitmap Index Scan on k_3  (cost=0.00..5.46 rows=103 width=0)
	        Index Cond: ((k >= 3282562) AND (k <= 3282662))

table 4 : explain SELECT k, c FROM sbtest4 WHERE k BETWEEN 3282562 AND 3282662
	Bitmap Heap Scan on sbtest4  (cost=5.52..425.13 rows=106 width=125)
	  Recheck Cond: ((k >= 3282562) AND (k <= 3282662))
	  ->  Bitmap Index Scan on k_4  (cost=0.00..5.50 rows=106 width=0)
	        Index Cond: ((k >= 3282562) AND (k <= 3282662))

table 5 : explain SELECT k, c FROM sbtest5 WHERE k BETWEEN 3282562 AND 3282662
	Bitmap Heap Scan on sbtest5  (cost=5.50..417.28 rows=104 width=125)
	  Recheck Cond: ((k >= 3282562) AND (k <= 3282662))
	  ->  Bitmap Index Scan on k_5  (cost=0.00..5.47 rows=104 width=0)
	        Index Cond: ((k >= 3282562) AND (k <= 3282662))

table 6 : explain SELECT k, c FROM sbtest6 WHERE k BETWEEN 3282562 AND 3282662
	Bitmap Heap Scan on sbtest6  (cost=5.41..381.77 rows=95 width=125)
	  Recheck Cond: ((k >= 3282562) AND (k <= 3282662))
	  ->  Bitmap Index Scan on k_6  (cost=0.00..5.38 rows=95 width=0)
	        Index Cond: ((k >= 3282562) AND (k <= 3282662))

table 7 : explain SELECT k, c FROM sbtest7 WHERE k BETWEEN 3282562 AND 3282662
	Bitmap Heap Scan on sbtest7  (cost=5.42..385.71 rows=96 width=125)
	  Recheck Cond: ((k >= 3282562) AND (k <= 3282662))
	  ->  Bitmap Index Scan on k_7  (cost=0.00..5.39 rows=96 width=0)
	        Index Cond: ((k >= 3282562) AND (k <= 3282662))

table 8 : explain SELECT k, c FROM sbtest8 WHERE k BETWEEN 3282562 AND 3282662
	Bitmap Heap Scan on sbtest8  (cost=5.57..444.85 rows=111 width=125)
	  Recheck Cond: ((k >= 3282562) AND (k <= 3282662))
	  ->  Bitmap Index Scan on k_8  (cost=0.00..5.54 rows=111 width=0)
	        Index Cond: ((k >= 3282562) AND (k <= 3282662))


explain: for range-notcovered :: explain SELECT k, c FROM sbtest%d WHERE k BETWEEN 5964910 AND 5965010for range-notcovered
table 1 : explain SELECT k, c FROM sbtest1 WHERE k BETWEEN 1458180 AND 1458280
	Bitmap Heap Scan on sbtest1  (cost=5.48..409.37 rows=102 width=125)
	  Recheck Cond: ((k >= 1458180) AND (k <= 1458280))
	  ->  Bitmap Index Scan on k_1  (cost=0.00..5.45 rows=102 width=0)
	        Index Cond: ((k >= 1458180) AND (k <= 1458280))

table 2 : explain SELECT k, c FROM sbtest2 WHERE k BETWEEN 1458180 AND 1458280
	Bitmap Heap Scan on sbtest2  (cost=5.51..421.22 rows=105 width=125)
	  Recheck Cond: ((k >= 1458180) AND (k <= 1458280))
	  ->  Bitmap Index Scan on k_2  (cost=0.00..5.48 rows=105 width=0)
	        Index Cond: ((k >= 1458180) AND (k <= 1458280))

table 3 : explain SELECT k, c FROM sbtest3 WHERE k BETWEEN 1458180 AND 1458280
	Bitmap Heap Scan on sbtest3  (cost=5.50..417.22 rows=104 width=125)
	  Recheck Cond: ((k >= 1458180) AND (k <= 1458280))
	  ->  Bitmap Index Scan on k_3  (cost=0.00..5.47 rows=104 width=0)
	        Index Cond: ((k >= 1458180) AND (k <= 1458280))

table 4 : explain SELECT k, c FROM sbtest4 WHERE k BETWEEN 1458180 AND 1458280
	Bitmap Heap Scan on sbtest4  (cost=5.52..425.13 rows=106 width=125)
	  Recheck Cond: ((k >= 1458180) AND (k <= 1458280))
	  ->  Bitmap Index Scan on k_4  (cost=0.00..5.50 rows=106 width=0)
	        Index Cond: ((k >= 1458180) AND (k <= 1458280))

table 5 : explain SELECT k, c FROM sbtest5 WHERE k BETWEEN 1458180 AND 1458280
	Bitmap Heap Scan on sbtest5  (cost=5.51..421.22 rows=105 width=125)
	  Recheck Cond: ((k >= 1458180) AND (k <= 1458280))
	  ->  Bitmap Index Scan on k_5  (cost=0.00..5.48 rows=105 width=0)
	        Index Cond: ((k >= 1458180) AND (k <= 1458280))

table 6 : explain SELECT k, c FROM sbtest6 WHERE k BETWEEN 1458180 AND 1458280
	Bitmap Heap Scan on sbtest6  (cost=5.45..397.54 rows=99 width=125)
	  Recheck Cond: ((k >= 1458180) AND (k <= 1458280))
	  ->  Bitmap Index Scan on k_6  (cost=0.00..5.42 rows=99 width=0)
	        Index Cond: ((k >= 1458180) AND (k <= 1458280))

table 7 : explain SELECT k, c FROM sbtest7 WHERE k BETWEEN 1458180 AND 1458280
	Bitmap Heap Scan on sbtest7  (cost=5.53..429.08 rows=107 width=125)
	  Recheck Cond: ((k >= 1458180) AND (k <= 1458280))
	  ->  Bitmap Index Scan on k_7  (cost=0.00..5.50 rows=107 width=0)
	        Index Cond: ((k >= 1458180) AND (k <= 1458280))

table 8 : explain SELECT k, c FROM sbtest8 WHERE k BETWEEN 1458180 AND 1458280
	Bitmap Heap Scan on sbtest8  (cost=5.43..389.66 rows=97 width=125)
	  Recheck Cond: ((k >= 1458180) AND (k <= 1458280))
	  ->  Bitmap Index Scan on k_8  (cost=0.00..5.40 rows=97 width=0)
	        Index Cond: ((k >= 1458180) AND (k <= 1458280))

explain: for range-notcovered :: explain SELECT k, c FROM sbtest%d WHERE k BETWEEN 6714694 AND 6714794
explain: for range-notcovered :: explain SELECT k, c FROM sbtest%d WHERE k BETWEEN 2748161 AND 2748261
for range-notcovered
table 1 : explain SELECT k, c FROM sbtest1 WHERE k BETWEEN 6889981 AND 6890081
	Bitmap Heap Scan on sbtest1  (cost=5.68..484.20 rows=121 width=125)
	  Recheck Cond: ((k >= 6889981) AND (k <= 6890081))
	  ->  Bitmap Index Scan on k_1  (cost=0.00..5.64 rows=121 width=0)
	        Index Cond: ((k >= 6889981) AND (k <= 6890081))

table 2 : explain SELECT k, c FROM sbtest2 WHERE k BETWEEN 6889981 AND 6890081
	Bitmap Heap Scan on sbtest2  (cost=5.51..421.22 rows=105 width=125)
	  Recheck Cond: ((k >= 6889981) AND (k <= 6890081))
	  ->  Bitmap Index Scan on k_2  (cost=0.00..5.48 rows=105 width=0)
	        Index Cond: ((k >= 6889981) AND (k <= 6890081))

table 3 : explain SELECT k, c FROM sbtest3 WHERE k BETWEEN 6889981 AND 6890081
	Bitmap Heap Scan on sbtest3  (cost=5.46..401.45 rows=100 width=125)
	  Recheck Cond: ((k >= 6889981) AND (k <= 6890081))
	  ->  Bitmap Index Scan on k_3  (cost=0.00..5.43 rows=100 width=0)
	        Index Cond: ((k >= 6889981) AND (k <= 6890081))

table 4 : explain SELECT k, c FROM sbtest4 WHERE k BETWEEN 6889981 AND 6890081
	Bitmap Heap Scan on sbtest4  (cost=5.50..417.25 rows=104 width=125)
	  Recheck Cond: ((k >= 6889981) AND (k <= 6890081))
	  ->  Bitmap Index Scan on k_4  (cost=0.00..5.47 rows=104 width=0)
	        Index Cond: ((k >= 6889981) AND (k <= 6890081))

table 5 : explain SELECT k, c FROM sbtest5 WHERE k BETWEEN 6889981 AND 6890081
	Bitmap Heap Scan on sbtest5  (cost=5.46..401.51 rows=100 width=125)
	  Recheck Cond: ((k >= 6889981) AND (k <= 6890081))
	  ->  Bitmap Index Scan on k_5  (cost=0.00..5.43 rows=100 width=0)
	        Index Cond: ((k >= 6889981) AND (k <= 6890081))

table 6 : explain SELECT k, c FROM sbtest6 WHERE k BETWEEN 6889981 AND 6890081
	Bitmap Heap Scan on sbtest6  (cost=5.46..401.49 rows=100 width=125)
	  Recheck Cond: ((k >= 6889981) AND (k <= 6890081))
	  ->  Bitmap Index Scan on k_6  (cost=0.00..5.43 rows=100 width=0)
	        Index Cond: ((k >= 6889981) AND (k <= 6890081))

table 7 : explain SELECT k, c FROM sbtest7 WHERE k BETWEEN 6889981 AND 6890081
	Bitmap Heap Scan on sbtest7  (cost=5.43..389.65 rows=97 width=125)
	  Recheck Cond: ((k >= 6889981) AND (k <= 6890081))
	  ->  Bitmap Index Scan on k_7  (cost=0.00..5.40 rows=97 width=0)
	        Index Cond: ((k >= 6889981) AND (k <= 6890081))

table 8 : explain SELECT k, c FROM sbtest8 WHERE k BETWEEN 6889981 AND 6890081
	Bitmap Heap Scan on sbtest8  (cost=5.46..401.49 rows=100 width=125)
	  Recheck Cond: ((k >= 6889981) AND (k <= 6890081))
	  ->  Bitmap Index Scan on k_8  (cost=0.00..5.43 rows=100 width=0)
	        Index Cond: ((k >= 6889981) AND (k <= 6890081))

for range-notcovered
table 1 : explain SELECT k, c FROM sbtest1 WHERE k BETWEEN 1880241 AND 1880341
	Bitmap Heap Scan on sbtest1  (cost=5.42..385.71 rows=96 width=125)
	  Recheck Cond: ((k >= 1880241) AND (k <= 1880341))
	  ->  Bitmap Index Scan on k_1  (cost=0.00..5.39 rows=96 width=0)
	        Index Cond: ((k >= 1880241) AND (k <= 1880341))

table 2 : explain SELECT k, c FROM sbtest2 WHERE k BETWEEN 1880241 AND 1880341
	Bitmap Heap Scan on sbtest2  (cost=5.49..413.34 rows=103 width=125)
	  Recheck Cond: ((k >= 1880241) AND (k <= 1880341))
	  ->  Bitmap Index Scan on k_2  (cost=0.00..5.46 rows=103 width=0)
	        Index Cond: ((k >= 1880241) AND (k <= 1880341))

table 3 : explain SELECT k, c FROM sbtest3 WHERE k BETWEEN 1880241 AND 1880341
	Bitmap Heap Scan on sbtest3  (cost=5.50..417.22 rows=104 width=125)
	  Recheck Cond: ((k >= 1880241) AND (k <= 1880341))
	  ->  Bitmap Index Scan on k_3  (cost=0.00..5.47 rows=104 width=0)
	        Index Cond: ((k >= 1880241) AND (k <= 1880341))

table 4 : explain SELECT k, c FROM sbtest4 WHERE k BETWEEN 1880241 AND 1880341
	Bitmap Heap Scan on sbtest4  (cost=5.42..385.70 rows=96 width=125)
	  Recheck Cond: ((k >= 1880241) AND (k <= 1880341))
	  ->  Bitmap Index Scan on k_4  (cost=0.00..5.39 rows=96 width=0)
	        Index Cond: ((k >= 1880241) AND (k <= 1880341))

table 5 : explain SELECT k, c FROM sbtest5 WHERE k BETWEEN 1880241 AND 1880341
	Bitmap Heap Scan on sbtest5  (cost=5.51..421.22 rows=105 width=125)
	  Recheck Cond: ((k >= 1880241) AND (k <= 1880341))
	  ->  Bitmap Index Scan on k_5  (cost=0.00..5.48 rows=105 width=0)
	        Index Cond: ((k >= 1880241) AND (k <= 1880341))

table 6 : explain SELECT k, c FROM sbtest6 WHERE k BETWEEN 1880241 AND 1880341
	Bitmap Heap Scan on sbtest6  (cost=5.47..405.43 rows=101 width=125)
	  Recheck Cond: ((k >= 1880241) AND (k <= 1880341))
	  ->  Bitmap Index Scan on k_6  (cost=0.00..5.44 rows=101 width=0)
	        Index Cond: ((k >= 1880241) AND (k <= 1880341))

table 7 : explain SELECT k, c FROM sbtest7 WHERE k BETWEEN 1880241 AND 1880341
	Bitmap Heap Scan on sbtest7  (cost=5.45..397.54 rows=99 width=125)
	  Recheck Cond: ((k >= 1880241) AND (k <= 1880341))
	  ->  Bitmap Index Scan on k_7  (cost=0.00..5.42 rows=99 width=0)
	        Index Cond: ((k >= 1880241) AND (k <= 1880341))

table 8 : explain SELECT k, c FROM sbtest8 WHERE k BETWEEN 1880241 AND 1880341
	Bitmap Heap Scan on sbtest8  (cost=5.52..425.15 rows=106 width=125)
	  Recheck Cond: ((k >= 1880241) AND (k <= 1880341))
	  ->  Bitmap Index Scan on k_8  (cost=0.00..5.50 rows=106 width=0)
	        Index Cond: ((k >= 1880241) AND (k <= 1880341))
for range-notcovered
table 1 : explain SELECT k, c FROM sbtest1 WHERE k BETWEEN 3406885 AND 3406985
	Bitmap Heap Scan on sbtest1  (cost=5.61..460.58 rows=115 width=125)
	  Recheck Cond: ((k >= 3406885) AND (k <= 3406985))
	  ->  Bitmap Index Scan on k_1  (cost=0.00..5.58 rows=115 width=0)
	        Index Cond: ((k >= 3406885) AND (k <= 3406985))

table 2 : explain SELECT k, c FROM sbtest2 WHERE k BETWEEN 3406885 AND 3406985
	Bitmap Heap Scan on sbtest2  (cost=5.48..409.40 rows=102 width=125)
	  Recheck Cond: ((k >= 3406885) AND (k <= 3406985))
	  ->  Bitmap Index Scan on k_2  (cost=0.00..5.45 rows=102 width=0)
	        Index Cond: ((k >= 3406885) AND (k <= 3406985))

table 3 : explain SELECT k, c FROM sbtest3 WHERE k BETWEEN 3406885 AND 3406985
	Bitmap Heap Scan on sbtest3  (cost=5.54..432.98 rows=108 width=125)
	  Recheck Cond: ((k >= 3406885) AND (k <= 3406985))
	  ->  Bitmap Index Scan on k_3  (cost=0.00..5.51 rows=108 width=0)
	        Index Cond: ((k >= 3406885) AND (k <= 3406985))

table 4 : explain SELECT k, c FROM sbtest4 WHERE k BETWEEN 3406885 AND 3406985
	Bitmap Heap Scan on sbtest4  (cost=5.46..401.48 rows=100 width=125)
	  Recheck Cond: ((k >= 3406885) AND (k <= 3406985))
	  ->  Bitmap Index Scan on k_4  (cost=0.00..5.43 rows=100 width=0)
	        Index Cond: ((k >= 3406885) AND (k <= 3406985))

table 5 : explain SELECT k, c FROM sbtest5 WHERE k BETWEEN 3406885 AND 3406985
	Bitmap Heap Scan on sbtest5  (cost=5.48..409.40 rows=102 width=125)
	  Recheck Cond: ((k >= 3406885) AND (k <= 3406985))
	  ->  Bitmap Index Scan on k_5  (cost=0.00..5.45 rows=102 width=0)
	        Index Cond: ((k >= 3406885) AND (k <= 3406985))

table 6 : explain SELECT k, c FROM sbtest6 WHERE k BETWEEN 3406885 AND 3406985
	Bitmap Heap Scan on sbtest6  (cost=5.41..381.77 rows=95 width=125)
	  Recheck Cond: ((k >= 3406885) AND (k <= 3406985))
	  ->  Bitmap Index Scan on k_6  (cost=0.00..5.38 rows=95 width=0)
	        Index Cond: ((k >= 3406885) AND (k <= 3406985))

table 7 : explain SELECT k, c FROM sbtest7 WHERE k BETWEEN 3406885 AND 3406985
	Bitmap Heap Scan on sbtest7  (cost=5.49..413.31 rows=103 width=125)
	  Recheck Cond: ((k >= 3406885) AND (k <= 3406985))
	  ->  Bitmap Index Scan on k_7  (cost=0.00..5.46 rows=103 width=0)
	        Index Cond: ((k >= 3406885) AND (k <= 3406985))

table 8 : explain SELECT k, c FROM sbtest8 WHERE k BETWEEN 3406885 AND 3406985
	Bitmap Heap Scan on sbtest8  (cost=5.38..369.93 rows=92 width=125)
	  Recheck Cond: ((k >= 3406885) AND (k <= 3406985))
	  ->  Bitmap Index Scan on k_8  (cost=0.00..5.35 rows=92 width=0)
	        Index Cond: ((k >= 3406885) AND (k <= 3406985))
for range-notcovered
table 1 : explain SELECT k, c FROM sbtest1 WHERE k BETWEEN 6997775 AND 6997875
	Bitmap Heap Scan on sbtest1  (cost=5.52..425.13 rows=106 width=125)
	  Recheck Cond: ((k >= 6997775) AND (k <= 6997875))
	  ->  Bitmap Index Scan on k_1  (cost=0.00..5.50 rows=106 width=0)
	        Index Cond: ((k >= 6997775) AND (k <= 6997875))

table 2 : explain SELECT k, c FROM sbtest2 WHERE k BETWEEN 6997775 AND 6997875
	Bitmap Heap Scan on sbtest2  (cost=5.52..425.16 rows=106 width=125)
	  Recheck Cond: ((k >= 6997775) AND (k <= 6997875))
	  ->  Bitmap Index Scan on k_2  (cost=0.00..5.50 rows=106 width=0)
	        Index Cond: ((k >= 6997775) AND (k <= 6997875))

table 3 : explain SELECT k, c FROM sbtest3 WHERE k BETWEEN 6997775 AND 6997875
	Bitmap Heap Scan on sbtest3  (cost=5.42..385.68 rows=96 width=125)
	  Recheck Cond: ((k >= 6997775) AND (k <= 6997875))
	  ->  Bitmap Index Scan on k_3  (cost=0.00..5.39 rows=96 width=0)
	        Index Cond: ((k >= 6997775) AND (k <= 6997875))

table 4 : explain SELECT k, c FROM sbtest4 WHERE k BETWEEN 6997775 AND 6997875
	Bitmap Heap Scan on sbtest4  (cost=5.43..389.65 rows=97 width=125)
	  Recheck Cond: ((k >= 6997775) AND (k <= 6997875))
	  ->  Bitmap Index Scan on k_4  (cost=0.00..5.40 rows=97 width=0)
	        Index Cond: ((k >= 6997775) AND (k <= 6997875))

table 5 : explain SELECT k, c FROM sbtest5 WHERE k BETWEEN 6997775 AND 6997875
	Bitmap Heap Scan on sbtest5  (cost=5.47..405.45 rows=101 width=125)
	  Recheck Cond: ((k >= 6997775) AND (k <= 6997875))
	  ->  Bitmap Index Scan on k_5  (cost=0.00..5.44 rows=101 width=0)
	        Index Cond: ((k >= 6997775) AND (k <= 6997875))

table 6 : explain SELECT k, c FROM sbtest6 WHERE k BETWEEN 6997775 AND 6997875
	Bitmap Heap Scan on sbtest6  (cost=5.47..405.43 rows=101 width=125)
	  Recheck Cond: ((k >= 6997775) AND (k <= 6997875))
	  ->  Bitmap Index Scan on k_6  (cost=0.00..5.44 rows=101 width=0)
	        Index Cond: ((k >= 6997775) AND (k <= 6997875))

table 7 : explain SELECT k, c FROM sbtest7 WHERE k BETWEEN 6997775 AND 6997875
	Bitmap Heap Scan on sbtest7  (cost=5.47..405.43 rows=101 width=125)
	  Recheck Cond: ((k >= 6997775) AND (k <= 6997875))
	  ->  Bitmap Index Scan on k_7  (cost=0.00..5.44 rows=101 width=0)
	        Index Cond: ((k >= 6997775) AND (k <= 6997875))

table 8 : explain SELECT k, c FROM sbtest8 WHERE k BETWEEN 6997775 AND 6997875
	Bitmap Heap Scan on sbtest8  (cost=5.55..436.97 rows=109 width=125)
	  Recheck Cond: ((k >= 6997775) AND (k <= 6997875))
	  ->  Bitmap Index Scan on k_8  (cost=0.00..5.52 rows=109 width=0)
	        Index Cond: ((k >= 6997775) AND (k <= 6997875))

for range-notcovered
table 1 : explain SELECT k, c FROM sbtest1 WHERE k BETWEEN 3595470 AND 3595570
	Bitmap Heap Scan on sbtest1  (cost=5.38..369.92 rows=92 width=125)
	  Recheck Cond: ((k >= 3595470) AND (k <= 3595570))
	  ->  Bitmap Index Scan on k_1  (cost=0.00..5.35 rows=92 width=0)
	        Index Cond: ((k >= 3595470) AND (k <= 3595570))

table 2 : explain SELECT k, c FROM sbtest2 WHERE k BETWEEN 3595470 AND 3595570
	Bitmap Heap Scan on sbtest2  (cost=5.51..421.22 rows=105 width=125)
	  Recheck Cond: ((k >= 3595470) AND (k <= 3595570))
	  ->  Bitmap Index Scan on k_2  (cost=0.00..5.48 rows=105 width=0)
	        Index Cond: ((k >= 3595470) AND (k <= 3595570))

table 3 : explain SELECT k, c FROM sbtest3 WHERE k BETWEEN 3595470 AND 3595570
	Bitmap Heap Scan on sbtest3  (cost=5.46..401.45 rows=100 width=125)
	  Recheck Cond: ((k >= 3595470) AND (k <= 3595570))
	  ->  Bitmap Index Scan on k_3  (cost=0.00..5.43 rows=100 width=0)
	        Index Cond: ((k >= 3595470) AND (k <= 3595570))

table 4 : explain SELECT k, c FROM sbtest4 WHERE k BETWEEN 3595470 AND 3595570
	Bitmap Heap Scan on sbtest4  (cost=5.37..365.97 rows=91 width=125)
	  Recheck Cond: ((k >= 3595470) AND (k <= 3595570))
	  ->  Bitmap Index Scan on k_4  (cost=0.00..5.34 rows=91 width=0)
	        Index Cond: ((k >= 3595470) AND (k <= 3595570))

table 5 : explain SELECT k, c FROM sbtest5 WHERE k BETWEEN 3595470 AND 3595570
	Bitmap Heap Scan on sbtest5  (cost=5.46..401.51 rows=100 width=125)
	  Recheck Cond: ((k >= 3595470) AND (k <= 3595570))
	  ->  Bitmap Index Scan on k_5  (cost=0.00..5.43 rows=100 width=0)
	        Index Cond: ((k >= 3595470) AND (k <= 3595570))

table 6 : explain SELECT k, c FROM sbtest6 WHERE k BETWEEN 3595470 AND 3595570
	Bitmap Heap Scan on sbtest6  (cost=5.38..369.93 rows=92 width=125)
	  Recheck Cond: ((k >= 3595470) AND (k <= 3595570))
	  ->  Bitmap Index Scan on k_6  (cost=0.00..5.35 rows=92 width=0)
	        Index Cond: ((k >= 3595470) AND (k <= 3595570))

table 7 : explain SELECT k, c FROM sbtest7 WHERE k BETWEEN 3595470 AND 3595570
	Bitmap Heap Scan on sbtest7  (cost=5.47..405.43 rows=101 width=125)
	  Recheck Cond: ((k >= 3595470) AND (k <= 3595570))
	  ->  Bitmap Index Scan on k_7  (cost=0.00..5.44 rows=101 width=0)
	        Index Cond: ((k >= 3595470) AND (k <= 3595570))

table 8 : explain SELECT k, c FROM sbtest8 WHERE k BETWEEN 3595470 AND 3595570
	Bitmap Heap Scan on sbtest8  (cost=5.45..397.55 rows=99 width=125)
	  Recheck Cond: ((k >= 3595470) AND (k <= 3595570))
	  ->  Bitmap Index Scan on k_8  (cost=0.00..5.42 rows=99 width=0)
	        Index Cond: ((k >= 3595470) AND (k <= 3595570))


for range-notcovered
table 1 : explain SELECT k, c FROM sbtest1 WHERE k BETWEEN 7966267 AND 7966367
	Bitmap Heap Scan on sbtest1  (cost=5.48..409.37 rows=102 width=125)
	  Recheck Cond: ((k >= 7966267) AND (k <= 7966367))
	  ->  Bitmap Index Scan on k_1  (cost=0.00..5.45 rows=102 width=0)
	        Index Cond: ((k >= 7966267) AND (k <= 7966367))

table 2 : explain SELECT k, c FROM sbtest2 WHERE k BETWEEN 7966267 AND 7966367
	Bitmap Heap Scan on sbtest2  (cost=5.49..413.34 rows=103 width=125)
	  Recheck Cond: ((k >= 7966267) AND (k <= 7966367))
	  ->  Bitmap Index Scan on k_2  (cost=0.00..5.46 rows=103 width=0)
	        Index Cond: ((k >= 7966267) AND (k <= 7966367))

table 3 : explain SELECT k, c FROM sbtest3 WHERE k BETWEEN 7966267 AND 7966367
	Bitmap Heap Scan on sbtest3  (cost=5.51..421.16 rows=105 width=125)
	  Recheck Cond: ((k >= 7966267) AND (k <= 7966367))
	  ->  Bitmap Index Scan on k_3  (cost=0.00..5.48 rows=105 width=0)
	        Index Cond: ((k >= 7966267) AND (k <= 7966367))

table 4 : explain SELECT k, c FROM sbtest4 WHERE k BETWEEN 7966267 AND 7966367
	Bitmap Heap Scan on sbtest4  (cost=5.46..401.48 rows=100 width=125)
	  Recheck Cond: ((k >= 7966267) AND (k <= 7966367))
	  ->  Bitmap Index Scan on k_4  (cost=0.00..5.43 rows=100 width=0)
	        Index Cond: ((k >= 7966267) AND (k <= 7966367))

table 5 : explain SELECT k, c FROM sbtest5 WHERE k BETWEEN 7966267 AND 7966367
	Bitmap Heap Scan on sbtest5  (cost=5.42..385.73 rows=96 width=125)
	  Recheck Cond: ((k >= 7966267) AND (k <= 7966367))
	  ->  Bitmap Index Scan on k_5  (cost=0.00..5.39 rows=96 width=0)
	        Index Cond: ((k >= 7966267) AND (k <= 7966367))

table 6 : explain SELECT k, c FROM sbtest6 WHERE k BETWEEN 7966267 AND 7966367
	Bitmap Heap Scan on sbtest6  (cost=5.42..385.71 rows=96 width=125)
	  Recheck Cond: ((k >= 7966267) AND (k <= 7966367))
	  ->  Bitmap Index Scan on k_6  (cost=0.00..5.39 rows=96 width=0)
	        Index Cond: ((k >= 7966267) AND (k <= 7966367))

table 7 : explain SELECT k, c FROM sbtest7 WHERE k BETWEEN 7966267 AND 7966367
	Bitmap Heap Scan on sbtest7  (cost=5.52..425.14 rows=106 width=125)
	  Recheck Cond: ((k >= 7966267) AND (k <= 7966367))
	  ->  Bitmap Index Scan on k_7  (cost=0.00..5.50 rows=106 width=0)
	        Index Cond: ((k >= 7966267) AND (k <= 7966367))

table 8 : explain SELECT k, c FROM sbtest8 WHERE k BETWEEN 7966267 AND 7966367
	Bitmap Heap Scan on sbtest8  (cost=5.50..417.26 rows=104 width=125)
	  Recheck Cond: ((k >= 7966267) AND (k <= 7966367))
	  ->  Bitmap Index Scan on k_8  (cost=0.00..5.47 rows=104 width=0)
	        Index Cond: ((k >= 7966267) AND (k <= 7966367))

for range-notcovered
table 1 : explain SELECT k, c FROM sbtest1 WHERE k BETWEEN 8429688 AND 8429788
	Bitmap Heap Scan on sbtest1  (cost=5.45..397.54 rows=99 width=125)
	  Recheck Cond: ((k >= 8429688) AND (k <= 8429788))
	  ->  Bitmap Index Scan on k_1  (cost=0.00..5.42 rows=99 width=0)
	        Index Cond: ((k >= 8429688) AND (k <= 8429788))

table 2 : explain SELECT k, c FROM sbtest2 WHERE k BETWEEN 8429688 AND 8429788
	Bitmap Heap Scan on sbtest2  (cost=5.45..397.57 rows=99 width=125)
	  Recheck Cond: ((k >= 8429688) AND (k <= 8429788))
	  ->  Bitmap Index Scan on k_2  (cost=0.00..5.42 rows=99 width=0)
	        Index Cond: ((k >= 8429688) AND (k <= 8429788))

table 3 : explain SELECT k, c FROM sbtest3 WHERE k BETWEEN 8429688 AND 8429788
	Bitmap Heap Scan on sbtest3  (cost=5.43..389.62 rows=97 width=125)
	  Recheck Cond: ((k >= 8429688) AND (k <= 8429788))
	  ->  Bitmap Index Scan on k_3  (cost=0.00..5.40 rows=97 width=0)
	        Index Cond: ((k >= 8429688) AND (k <= 8429788))

table 4 : explain SELECT k, c FROM sbtest4 WHERE k BETWEEN 8429688 AND 8429788
	Bitmap Heap Scan on sbtest4  (cost=5.48..409.36 rows=102 width=125)
	  Recheck Cond: ((k >= 8429688) AND (k <= 8429788))
	  ->  Bitmap Index Scan on k_4  (cost=0.00..5.45 rows=102 width=0)
	        Index Cond: ((k >= 8429688) AND (k <= 8429788))

table 5 : explain SELECT k, c FROM sbtest5 WHERE k BETWEEN 8429688 AND 8429788
	Bitmap Heap Scan on sbtest5  (cost=5.50..417.28 rows=104 width=125)
	  Recheck Cond: ((k >= 8429688) AND (k <= 8429788))
	  ->  Bitmap Index Scan on k_5  (cost=0.00..5.47 rows=104 width=0)
	        Index Cond: ((k >= 8429688) AND (k <= 8429788))

table 6 : explain SELECT k, c FROM sbtest6 WHERE k BETWEEN 8429688 AND 8429788
	Bitmap Heap Scan on sbtest6  (cost=5.55..436.96 rows=109 width=125)
	  Recheck Cond: ((k >= 8429688) AND (k <= 8429788))
	  ->  Bitmap Index Scan on k_6  (cost=0.00..5.52 rows=109 width=0)
	        Index Cond: ((k >= 8429688) AND (k <= 8429788))

table 7 : explain SELECT k, c FROM sbtest7 WHERE k BETWEEN 8429688 AND 8429788
	Bitmap Heap Scan on sbtest7  (cost=5.52..425.14 rows=106 width=125)
	  Recheck Cond: ((k >= 8429688) AND (k <= 8429788))
	  ->  Bitmap Index Scan on k_7  (cost=0.00..5.50 rows=106 width=0)
	        Index Cond: ((k >= 8429688) AND (k <= 8429788))

table 8 : explain SELECT k, c FROM sbtest8 WHERE k BETWEEN 8429688 AND 8429788
	Bitmap Heap Scan on sbtest8  (cost=5.54..433.03 rows=108 width=125)
	  Recheck Cond: ((k >= 8429688) AND (k <= 8429788))
	  ->  Bitmap Index Scan on k_8  (cost=0.00..5.51 rows=108 width=0)
	        Index Cond: ((k >= 8429688) AND (k <= 8429788))

explain: for range-notcovered :: explain SELECT k, c FROM sbtest%d WHERE k BETWEEN 1458180 AND 1458280

for range-notcovered
table 1 : explain SELECT k, c FROM sbtest1 WHERE k BETWEEN 2845276 AND 2845376
	Bitmap Heap Scan on sbtest1  (cost=5.53..429.07 rows=107 width=125)
	  Recheck Cond: ((k >= 2845276) AND (k <= 2845376))
	  ->  Bitmap Index Scan on k_1  (cost=0.00..5.50 rows=107 width=0)
	        Index Cond: ((k >= 2845276) AND (k <= 2845376))

table 2 : explain SELECT k, c FROM sbtest2 WHERE k BETWEEN 2845276 AND 2845376
	Bitmap Heap Scan on sbtest2  (cost=5.41..381.79 rows=95 width=125)
	  Recheck Cond: ((k >= 2845276) AND (k <= 2845376))
	  ->  Bitmap Index Scan on k_2  (cost=0.00..5.38 rows=95 width=0)
	        Index Cond: ((k >= 2845276) AND (k <= 2845376))

table 3 : explain SELECT k, c FROM sbtest3 WHERE k BETWEEN 2845276 AND 2845376
	Bitmap Heap Scan on sbtest3  (cost=5.38..369.90 rows=92 width=125)
	  Recheck Cond: ((k >= 2845276) AND (k <= 2845376))
	  ->  Bitmap Index Scan on k_3  (cost=0.00..5.35 rows=92 width=0)
	        Index Cond: ((k >= 2845276) AND (k <= 2845376))

table 4 : explain SELECT k, c FROM sbtest4 WHERE k BETWEEN 2845276 AND 2845376
	Bitmap Heap Scan on sbtest4  (cost=5.45..397.54 rows=99 width=125)
	  Recheck Cond: ((k >= 2845276) AND (k <= 2845376))
	  ->  Bitmap Index Scan on k_4  (cost=0.00..5.42 rows=99 width=0)
	        Index Cond: ((k >= 2845276) AND (k <= 2845376))

table 5 : explain SELECT k, c FROM sbtest5 WHERE k BETWEEN 2845276 AND 2845376
	Bitmap Heap Scan on sbtest5  (cost=5.41..381.79 rows=95 width=125)
	  Recheck Cond: ((k >= 2845276) AND (k <= 2845376))
	  ->  Bitmap Index Scan on k_5  (cost=0.00..5.38 rows=95 width=0)
	        Index Cond: ((k >= 2845276) AND (k <= 2845376))

table 6 : explain SELECT k, c FROM sbtest6 WHERE k BETWEEN 2845276 AND 2845376
	Bitmap Heap Scan on sbtest6  (cost=5.51..421.20 rows=105 width=125)
	  Recheck Cond: ((k >= 2845276) AND (k <= 2845376))
	  ->  Bitmap Index Scan on k_6  (cost=0.00..5.48 rows=105 width=0)
	        Index Cond: ((k >= 2845276) AND (k <= 2845376))

table 7 : explain SELECT k, c FROM sbtest7 WHERE k BETWEEN 2845276 AND 2845376
	Bitmap Heap Scan on sbtest7  (cost=5.52..425.14 rows=106 width=125)
	  Recheck Cond: ((k >= 2845276) AND (k <= 2845376))
	  ->  Bitmap Index Scan on k_7  (cost=0.00..5.50 rows=106 width=0)
	        Index Cond: ((k >= 2845276) AND (k <= 2845376))

table 8 : explain SELECT k, c FROM sbtest8 WHERE k BETWEEN 2845276 AND 2845376
	Bitmap Heap Scan on sbtest8  (cost=5.46..401.49 rows=100 width=125)
	  Recheck Cond: ((k >= 2845276) AND (k <= 2845376))
	  ->  Bitmap Index Scan on k_8  (cost=0.00..5.43 rows=100 width=0)
	        Index Cond: ((k >= 2845276) AND (k <= 2845376))

for range-notcovered
table 1 : explain SELECT k, c FROM sbtest1 WHERE k BETWEEN 5036418 AND 5036518
	Bitmap Heap Scan on sbtest1  (cost=5.48..409.37 rows=102 width=125)
	  Recheck Cond: ((k >= 5036418) AND (k <= 5036518))
	  ->  Bitmap Index Scan on k_1  (cost=0.00..5.45 rows=102 width=0)
	        Index Cond: ((k >= 5036418) AND (k <= 5036518))

table 2 : explain SELECT k, c FROM sbtest2 WHERE k BETWEEN 5036418 AND 5036518
	Bitmap Heap Scan on sbtest2  (cost=5.50..417.28 rows=104 width=125)
	  Recheck Cond: ((k >= 5036418) AND (k <= 5036518))
	  ->  Bitmap Index Scan on k_2  (cost=0.00..5.47 rows=104 width=0)
	        Index Cond: ((k >= 5036418) AND (k <= 5036518))

table 3 : explain SELECT k, c FROM sbtest3 WHERE k BETWEEN 5036418 AND 5036518
	Bitmap Heap Scan on sbtest3  (cost=5.52..425.10 rows=106 width=125)
	  Recheck Cond: ((k >= 5036418) AND (k <= 5036518))
	  ->  Bitmap Index Scan on k_3  (cost=0.00..5.50 rows=106 width=0)
	        Index Cond: ((k >= 5036418) AND (k <= 5036518))

table 4 : explain SELECT k, c FROM sbtest4 WHERE k BETWEEN 5036418 AND 5036518
	Bitmap Heap Scan on sbtest4  (cost=5.53..429.07 rows=107 width=125)
	  Recheck Cond: ((k >= 5036418) AND (k <= 5036518))
	  ->  Bitmap Index Scan on k_4  (cost=0.00..5.50 rows=107 width=0)
	        Index Cond: ((k >= 5036418) AND (k <= 5036518))

table 5 : explain SELECT k, c FROM sbtest5 WHERE k BETWEEN 5036418 AND 5036518
	Bitmap Heap Scan on sbtest5  (cost=5.48..409.40 rows=102 width=125)
	  Recheck Cond: ((k >= 5036418) AND (k <= 5036518))
	  ->  Bitmap Index Scan on k_5  (cost=0.00..5.45 rows=102 width=0)
	        Index Cond: ((k >= 5036418) AND (k <= 5036518))

table 6 : explain SELECT k, c FROM sbtest6 WHERE k BETWEEN 5036418 AND 5036518
	Bitmap Heap Scan on sbtest6  (cost=5.51..421.20 rows=105 width=125)
	  Recheck Cond: ((k >= 5036418) AND (k <= 5036518))
	  ->  Bitmap Index Scan on k_6  (cost=0.00..5.48 rows=105 width=0)
	        Index Cond: ((k >= 5036418) AND (k <= 5036518))

table 7 : explain SELECT k, c FROM sbtest7 WHERE k BETWEEN 5036418 AND 5036518
	Bitmap Heap Scan on sbtest7  (cost=5.51..421.20 rows=105 width=125)
	  Recheck Cond: ((k >= 5036418) AND (k <= 5036518))
	  ->  Bitmap Index Scan on k_7  (cost=0.00..5.48 rows=105 width=0)
	        Index Cond: ((k >= 5036418) AND (k <= 5036518))

table 8 : explain SELECT k, c FROM sbtest8 WHERE k BETWEEN 5036418 AND 5036518
	Bitmap Heap Scan on sbtest8  (cost=5.53..429.09 rows=107 width=125)
	  Recheck Cond: ((k >= 5036418) AND (k <= 5036518))
	  ->  Bitmap Index Scan on k_8  (cost=0.00..5.50 rows=107 width=0)
	        Index Cond: ((k >= 5036418) AND (k <= 5036518))

for range-notcovered
table 1 : explain SELECT k, c FROM sbtest1 WHERE k BETWEEN 1158135 AND 1158235
	Bitmap Heap Scan on sbtest1  (cost=5.49..413.31 rows=103 width=125)
	  Recheck Cond: ((k >= 1158135) AND (k <= 1158235))
	  ->  Bitmap Index Scan on k_1  (cost=0.00..5.46 rows=103 width=0)
	        Index Cond: ((k >= 1158135) AND (k <= 1158235))

table 2 : explain SELECT k, c FROM sbtest2 WHERE k BETWEEN 1158135 AND 1158235
	Bitmap Heap Scan on sbtest2  (cost=5.50..417.28 rows=104 width=125)
	  Recheck Cond: ((k >= 1158135) AND (k <= 1158235))
	  ->  Bitmap Index Scan on k_2  (cost=0.00..5.47 rows=104 width=0)
	        Index Cond: ((k >= 1158135) AND (k <= 1158235))

table 3 : explain SELECT k, c FROM sbtest3 WHERE k BETWEEN 1158135 AND 1158235
	Bitmap Heap Scan on sbtest3  (cost=5.54..432.98 rows=108 width=125)
	  Recheck Cond: ((k >= 1158135) AND (k <= 1158235))
	  ->  Bitmap Index Scan on k_3  (cost=0.00..5.51 rows=108 width=0)
	        Index Cond: ((k >= 1158135) AND (k <= 1158235))

table 4 : explain SELECT k, c FROM sbtest4 WHERE k BETWEEN 1158135 AND 1158235
	Bitmap Heap Scan on sbtest4  (cost=5.56..440.89 rows=110 width=125)
	  Recheck Cond: ((k >= 1158135) AND (k <= 1158235))
	  ->  Bitmap Index Scan on k_4  (cost=0.00..5.53 rows=110 width=0)
	        Index Cond: ((k >= 1158135) AND (k <= 1158235))

table 5 : explain SELECT k, c FROM sbtest5 WHERE k BETWEEN 1158135 AND 1158235
	Bitmap Heap Scan on sbtest5  (cost=5.55..436.99 rows=109 width=125)
	  Recheck Cond: ((k >= 1158135) AND (k <= 1158235))
	  ->  Bitmap Index Scan on k_5  (cost=0.00..5.52 rows=109 width=0)
	        Index Cond: ((k >= 1158135) AND (k <= 1158235))

table 6 : explain SELECT k, c FROM sbtest6 WHERE k BETWEEN 1158135 AND 1158235
	Bitmap Heap Scan on sbtest6  (cost=5.56..440.90 rows=110 width=125)
	  Recheck Cond: ((k >= 1158135) AND (k <= 1158235))
	  ->  Bitmap Index Scan on k_6  (cost=0.00..5.53 rows=110 width=0)
	        Index Cond: ((k >= 1158135) AND (k <= 1158235))

table 7 : explain SELECT k, c FROM sbtest7 WHERE k BETWEEN 1158135 AND 1158235
	Bitmap Heap Scan on sbtest7  (cost=5.51..421.20 rows=105 width=125)
	  Recheck Cond: ((k >= 1158135) AND (k <= 1158235))
	  ->  Bitmap Index Scan on k_7  (cost=0.00..5.48 rows=105 width=0)
	        Index Cond: ((k >= 1158135) AND (k <= 1158235))

table 8 : explain SELECT k, c FROM sbtest8 WHERE k BETWEEN 1158135 AND 1158235
	Bitmap Heap Scan on sbtest8  (cost=5.59..452.72 rows=113 width=125)
	  Recheck Cond: ((k >= 1158135) AND (k <= 1158235))
	  ->  Bitmap Index Scan on k_8  (cost=0.00..5.56 rows=113 width=0)
	        Index Cond: ((k >= 1158135) AND (k <= 1158235))
for range-notcovered
table 1 : explain SELECT k, c FROM sbtest1 WHERE k BETWEEN 6128050 AND 6128150
	Bitmap Heap Scan on sbtest1  (cost=5.43..389.65 rows=97 width=125)
	  Recheck Cond: ((k >= 6128050) AND (k <= 6128150))
	  ->  Bitmap Index Scan on k_1  (cost=0.00..5.40 rows=97 width=0)
	        Index Cond: ((k >= 6128050) AND (k <= 6128150))

table 2 : explain SELECT k, c FROM sbtest2 WHERE k BETWEEN 6128050 AND 6128150
	Bitmap Heap Scan on sbtest2  (cost=5.52..425.16 rows=106 width=125)
	  Recheck Cond: ((k >= 6128050) AND (k <= 6128150))
	  ->  Bitmap Index Scan on k_2  (cost=0.00..5.50 rows=106 width=0)
	        Index Cond: ((k >= 6128050) AND (k <= 6128150))

table 3 : explain SELECT k, c FROM sbtest3 WHERE k BETWEEN 6128050 AND 6128150
	Bitmap Heap Scan on sbtest3  (cost=5.49..413.28 rows=103 width=125)
	  Recheck Cond: ((k >= 6128050) AND (k <= 6128150))
	  ->  Bitmap Index Scan on k_3  (cost=0.00..5.46 rows=103 width=0)
	        Index Cond: ((k >= 6128050) AND (k <= 6128150))

table 4 : explain SELECT k, c FROM sbtest4 WHERE k BETWEEN 6128050 AND 6128150
	Bitmap Heap Scan on sbtest4  (cost=5.53..429.07 rows=107 width=125)
	  Recheck Cond: ((k >= 6128050) AND (k <= 6128150))
	  ->  Bitmap Index Scan on k_4  (cost=0.00..5.50 rows=107 width=0)
	        Index Cond: ((k >= 6128050) AND (k <= 6128150))

table 5 : explain SELECT k, c FROM sbtest5 WHERE k BETWEEN 6128050 AND 6128150
	Bitmap Heap Scan on sbtest5  (cost=5.47..405.45 rows=101 width=125)
	  Recheck Cond: ((k >= 6128050) AND (k <= 6128150))
	  ->  Bitmap Index Scan on k_5  (cost=0.00..5.44 rows=101 width=0)
	        Index Cond: ((k >= 6128050) AND (k <= 6128150))

table 6 : explain SELECT k, c FROM sbtest6 WHERE k BETWEEN 6128050 AND 6128150
	Bitmap Heap Scan on sbtest6  (cost=5.54..433.02 rows=108 width=125)
	  Recheck Cond: ((k >= 6128050) AND (k <= 6128150))
	  ->  Bitmap Index Scan on k_6  (cost=0.00..5.51 rows=108 width=0)
	        Index Cond: ((k >= 6128050) AND (k <= 6128150))

table 7 : explain SELECT k, c FROM sbtest7 WHERE k BETWEEN 6128050 AND 6128150
	Bitmap Heap Scan on sbtest7  (cost=5.44..393.60 rows=98 width=125)
	  Recheck Cond: ((k >= 6128050) AND (k <= 6128150))
	  ->  Bitmap Index Scan on k_7  (cost=0.00..5.42 rows=98 width=0)
	        Index Cond: ((k >= 6128050) AND (k <= 6128150))

table 8 : explain SELECT k, c FROM sbtest8 WHERE k BETWEEN 6128050 AND 6128150
	Bitmap Heap Scan on sbtest8  (cost=5.43..389.66 rows=97 width=125)
	  Recheck Cond: ((k >= 6128050) AND (k <= 6128150))
	  ->  Bitmap Index Scan on k_8  (cost=0.00..5.40 rows=97 width=0)
	        Index Cond: ((k >= 6128050) AND (k <= 6128150))


explain: for range-notcovered :: explain SELECT k, c FROM sbtest%d WHERE k BETWEEN 6997775 AND 6997875for range-notcovered
table 1 : explain SELECT k, c FROM sbtest1 WHERE k BETWEEN 5419310 AND 5419410
	Bitmap Heap Scan on sbtest1  (cost=5.50..417.25 rows=104 width=125)
	  Recheck Cond: ((k >= 5419310) AND (k <= 5419410))
	  ->  Bitmap Index Scan on k_1  (cost=0.00..5.47 rows=104 width=0)
	        Index Cond: ((k >= 5419310) AND (k <= 5419410))

table 2 : explain SELECT k, c FROM sbtest2 WHERE k BETWEEN 5419310 AND 5419410
	Bitmap Heap Scan on sbtest2  (cost=5.49..413.34 rows=103 width=125)
	  Recheck Cond: ((k >= 5419310) AND (k <= 5419410))
	  ->  Bitmap Index Scan on k_2  (cost=0.00..5.46 rows=103 width=0)
	        Index Cond: ((k >= 5419310) AND (k <= 5419410))

table 3 : explain SELECT k, c FROM sbtest3 WHERE k BETWEEN 5419310 AND 5419410
	Bitmap Heap Scan on sbtest3  (cost=5.56..440.86 rows=110 width=125)
	  Recheck Cond: ((k >= 5419310) AND (k <= 5419410))
	  ->  Bitmap Index Scan on k_3  (cost=0.00..5.53 rows=110 width=0)
	        Index Cond: ((k >= 5419310) AND (k <= 5419410))

table 4 : explain SELECT k, c FROM sbtest4 WHERE k BETWEEN 5419310 AND 5419410
	Bitmap Heap Scan on sbtest4  (cost=5.54..433.01 rows=108 width=125)
	  Recheck Cond: ((k >= 5419310) AND (k <= 5419410))
	  ->  Bitmap Index Scan on k_4  (cost=0.00..5.51 rows=108 width=0)
	        Index Cond: ((k >= 5419310) AND (k <= 5419410))

table 5 : explain SELECT k, c FROM sbtest5 WHERE k BETWEEN 5419310 AND 5419410
	Bitmap Heap Scan on sbtest5  (cost=5.46..401.51 rows=100 width=125)
	  Recheck Cond: ((k >= 5419310) AND (k <= 5419410))
	  ->  Bitmap Index Scan on k_5  (cost=0.00..5.43 rows=100 width=0)
	        Index Cond: ((k >= 5419310) AND (k <= 5419410))

table 6 : explain SELECT k, c FROM sbtest6 WHERE k BETWEEN 5419310 AND 5419410
	Bitmap Heap Scan on sbtest6  (cost=5.63..468.46 rows=117 width=125)
	  Recheck Cond: ((k >= 5419310) AND (k <= 5419410))
	  ->  Bitmap Index Scan on k_6  (cost=0.00..5.60 rows=117 width=0)
	        Index Cond: ((k >= 5419310) AND (k <= 5419410))

table 7 : explain SELECT k, c FROM sbtest7 WHERE k BETWEEN 5419310 AND 5419410
	Bitmap Heap Scan on sbtest7  (cost=5.45..397.54 rows=99 width=125)
	  Recheck Cond: ((k >= 5419310) AND (k <= 5419410))
	  ->  Bitmap Index Scan on k_7  (cost=0.00..5.42 rows=99 width=0)
	        Index Cond: ((k >= 5419310) AND (k <= 5419410))

table 8 : explain SELECT k, c FROM sbtest8 WHERE k BETWEEN 5419310 AND 5419410
	Bitmap Heap Scan on sbtest8  (cost=5.50..417.26 rows=104 width=125)
	  Recheck Cond: ((k >= 5419310) AND (k <= 5419410))
	  ->  Bitmap Index Scan on k_8  (cost=0.00..5.47 rows=104 width=0)
	        Index Cond: ((k >= 5419310) AND (k <= 5419410))
explain: for range-notcovered :: explain SELECT k, c FROM sbtest%d WHERE k BETWEEN 3282562 AND 3282662explain: for range-notcovered :: explain SELECT k, c FROM sbtest%d WHERE k BETWEEN 3406885 AND 3406985
explain: for range-notcovered :: explain SELECT k, c FROM sbtest%d WHERE k BETWEEN 6889981 AND 6890081explain: for range-notcovered :: explain SELECT k, c FROM sbtest%d WHERE k BETWEEN 7966267 AND 7966367explain: for range-notcovered :: explain SELECT k, c FROM sbtest%d WHERE k BETWEEN 5036418 AND 5036518



explain: for range-notcovered :: explain SELECT k, c FROM sbtest%d WHERE k BETWEEN 2845276 AND 2845376for range-notcovered
table 1 : explain SELECT k, c FROM sbtest1 WHERE k BETWEEN 4815064 AND 4815164
	Bitmap Heap Scan on sbtest1  (cost=5.58..448.77 rows=112 width=125)
	  Recheck Cond: ((k >= 4815064) AND (k <= 4815164))
	  ->  Bitmap Index Scan on k_1  (cost=0.00..5.55 rows=112 width=0)
	        Index Cond: ((k >= 4815064) AND (k <= 4815164))

table 2 : explain SELECT k, c FROM sbtest2 WHERE k BETWEEN 4815064 AND 4815164
	Bitmap Heap Scan on sbtest2  (cost=5.49..413.34 rows=103 width=125)
	  Recheck Cond: ((k >= 4815064) AND (k <= 4815164))
	  ->  Bitmap Index Scan on k_2  (cost=0.00..5.46 rows=103 width=0)
	        Index Cond: ((k >= 4815064) AND (k <= 4815164))

table 3 : explain SELECT k, c FROM sbtest3 WHERE k BETWEEN 4815064 AND 4815164
	Bitmap Heap Scan on sbtest3  (cost=5.48..409.34 rows=102 width=125)
	  Recheck Cond: ((k >= 4815064) AND (k <= 4815164))
	  ->  Bitmap Index Scan on k_3  (cost=0.00..5.45 rows=102 width=0)
	        Index Cond: ((k >= 4815064) AND (k <= 4815164))

table 4 : explain SELECT k, c FROM sbtest4 WHERE k BETWEEN 4815064 AND 4815164
	Bitmap Heap Scan on sbtest4  (cost=5.43..389.65 rows=97 width=125)
	  Recheck Cond: ((k >= 4815064) AND (k <= 4815164))
	  ->  Bitmap Index Scan on k_4  (cost=0.00..5.40 rows=97 width=0)
	        Index Cond: ((k >= 4815064) AND (k <= 4815164))

table 5 : explain SELECT k, c FROM sbtest5 WHERE k BETWEEN 4815064 AND 4815164
	Bitmap Heap Scan on sbtest5  (cost=5.47..405.45 rows=101 width=125)
	  Recheck Cond: ((k >= 4815064) AND (k <= 4815164))
	  ->  Bitmap Index Scan on k_5  (cost=0.00..5.44 rows=101 width=0)
	        Index Cond: ((k >= 4815064) AND (k <= 4815164))

table 6 : explain SELECT k, c FROM sbtest6 WHERE k BETWEEN 4815064 AND 4815164
	Bitmap Heap Scan on sbtest6  (cost=5.45..397.54 rows=99 width=125)
	  Recheck Cond: ((k >= 4815064) AND (k <= 4815164))
	  ->  Bitmap Index Scan on k_6  (cost=0.00..5.42 rows=99 width=0)
	        Index Cond: ((k >= 4815064) AND (k <= 4815164))

table 7 : explain SELECT k, c FROM sbtest7 WHERE k BETWEEN 4815064 AND 4815164
	Bitmap Heap Scan on sbtest7  (cost=5.47..405.43 rows=101 width=125)
	  Recheck Cond: ((k >= 4815064) AND (k <= 4815164))
	  ->  Bitmap Index Scan on k_7  (cost=0.00..5.44 rows=101 width=0)
	        Index Cond: ((k >= 4815064) AND (k <= 4815164))

table 8 : explain SELECT k, c FROM sbtest8 WHERE k BETWEEN 4815064 AND 4815164
	Bitmap Heap Scan on sbtest8  (cost=5.46..401.49 rows=100 width=125)
	  Recheck Cond: ((k >= 4815064) AND (k <= 4815164))
	  ->  Bitmap Index Scan on k_8  (cost=0.00..5.43 rows=100 width=0)
	        Index Cond: ((k >= 4815064) AND (k <= 4815164))
explain: for range-notcovered :: explain SELECT k, c FROM sbtest%d WHERE k BETWEEN 8429688 AND 8429788

explain: for range-notcovered :: explain SELECT k, c FROM sbtest%d WHERE k BETWEEN 5419310 AND 5419410

explain: for range-notcovered :: explain SELECT k, c FROM sbtest%d WHERE k BETWEEN 6128050 AND 6128150


explain: for range-notcovered :: explain SELECT k, c FROM sbtest%d WHERE k BETWEEN 1158135 AND 1158235
for range-notcovered
table 1 : explain SELECT k, c FROM sbtest1 WHERE k BETWEEN 7541855 AND 7541955
	Bitmap Heap Scan on sbtest1  (cost=5.43..389.65 rows=97 width=125)
	  Recheck Cond: ((k >= 7541855) AND (k <= 7541955))
	  ->  Bitmap Index Scan on k_1  (cost=0.00..5.40 rows=97 width=0)
	        Index Cond: ((k >= 7541855) AND (k <= 7541955))

table 2 : explain SELECT k, c FROM sbtest2 WHERE k BETWEEN 7541855 AND 7541955
	Bitmap Heap Scan on sbtest2  (cost=5.42..385.73 rows=96 width=125)
	  Recheck Cond: ((k >= 7541855) AND (k <= 7541955))
	  ->  Bitmap Index Scan on k_2  (cost=0.00..5.39 rows=96 width=0)
	        Index Cond: ((k >= 7541855) AND (k <= 7541955))

table 3 : explain SELECT k, c FROM sbtest3 WHERE k BETWEEN 7541855 AND 7541955
	Bitmap Heap Scan on sbtest3  (cost=5.54..432.98 rows=108 width=125)
	  Recheck Cond: ((k >= 7541855) AND (k <= 7541955))
	  ->  Bitmap Index Scan on k_3  (cost=0.00..5.51 rows=108 width=0)
	        Index Cond: ((k >= 7541855) AND (k <= 7541955))

table 4 : explain SELECT k, c FROM sbtest4 WHERE k BETWEEN 7541855 AND 7541955
	Bitmap Heap Scan on sbtest4  (cost=5.44..393.59 rows=98 width=125)
	  Recheck Cond: ((k >= 7541855) AND (k <= 7541955))
	  ->  Bitmap Index Scan on k_4  (cost=0.00..5.42 rows=98 width=0)
	        Index Cond: ((k >= 7541855) AND (k <= 7541955))

table 5 : explain SELECT k, c FROM sbtest5 WHERE k BETWEEN 7541855 AND 7541955
	Bitmap Heap Scan on sbtest5  (cost=5.55..436.99 rows=109 width=125)
	  Recheck Cond: ((k >= 7541855) AND (k <= 7541955))
	  ->  Bitmap Index Scan on k_5  (cost=0.00..5.52 rows=109 width=0)
	        Index Cond: ((k >= 7541855) AND (k <= 7541955))

table 6 : explain SELECT k, c FROM sbtest6 WHERE k BETWEEN 7541855 AND 7541955
	Bitmap Heap Scan on sbtest6  (cost=5.48..409.37 rows=102 width=125)
	  Recheck Cond: ((k >= 7541855) AND (k <= 7541955))
	  ->  Bitmap Index Scan on k_6  (cost=0.00..5.45 rows=102 width=0)
	        Index Cond: ((k >= 7541855) AND (k <= 7541955))

table 7 : explain SELECT k, c FROM sbtest7 WHERE k BETWEEN 7541855 AND 7541955
	Bitmap Heap Scan on sbtest7  (cost=5.53..429.08 rows=107 width=125)
	  Recheck Cond: ((k >= 7541855) AND (k <= 7541955))
	  ->  Bitmap Index Scan on k_7  (cost=0.00..5.50 rows=107 width=0)
	        Index Cond: ((k >= 7541855) AND (k <= 7541955))

table 8 : explain SELECT k, c FROM sbtest8 WHERE k BETWEEN 7541855 AND 7541955
	Bitmap Heap Scan on sbtest8  (cost=5.47..405.44 rows=101 width=125)
	  Recheck Cond: ((k >= 7541855) AND (k <= 7541955))
	  ->  Bitmap Index Scan on k_8  (cost=0.00..5.44 rows=101 width=0)
	        Index Cond: ((k >= 7541855) AND (k <= 7541955))

for range-notcovered
table 1 : explain SELECT k, c FROM sbtest1 WHERE k BETWEEN 7488677 AND 7488777
	Bitmap Heap Scan on sbtest1  (cost=5.44..393.59 rows=98 width=125)
	  Recheck Cond: ((k >= 7488677) AND (k <= 7488777))
	  ->  Bitmap Index Scan on k_1  (cost=0.00..5.42 rows=98 width=0)
	        Index Cond: ((k >= 7488677) AND (k <= 7488777))

table 2 : explain SELECT k, c FROM sbtest2 WHERE k BETWEEN 7488677 AND 7488777
	Bitmap Heap Scan on sbtest2  (cost=5.46..401.51 rows=100 width=125)
	  Recheck Cond: ((k >= 7488677) AND (k <= 7488777))
	  ->  Bitmap Index Scan on k_2  (cost=0.00..5.43 rows=100 width=0)
	        Index Cond: ((k >= 7488677) AND (k <= 7488777))

table 3 : explain SELECT k, c FROM sbtest3 WHERE k BETWEEN 7488677 AND 7488777
	Bitmap Heap Scan on sbtest3  (cost=5.54..432.98 rows=108 width=125)
	  Recheck Cond: ((k >= 7488677) AND (k <= 7488777))
	  ->  Bitmap Index Scan on k_3  (cost=0.00..5.51 rows=108 width=0)
	        Index Cond: ((k >= 7488677) AND (k <= 7488777))

table 4 : explain SELECT k, c FROM sbtest4 WHERE k BETWEEN 7488677 AND 7488777
	Bitmap Heap Scan on sbtest4  (cost=5.44..393.59 rows=98 width=125)
	  Recheck Cond: ((k >= 7488677) AND (k <= 7488777))
	  ->  Bitmap Index Scan on k_4  (cost=0.00..5.42 rows=98 width=0)
	        Index Cond: ((k >= 7488677) AND (k <= 7488777))

table 5 : explain SELECT k, c FROM sbtest5 WHERE k BETWEEN 7488677 AND 7488777
	Bitmap Heap Scan on sbtest5  (cost=5.35..358.11 rows=89 width=125)
	  Recheck Cond: ((k >= 7488677) AND (k <= 7488777))
	  ->  Bitmap Index Scan on k_5  (cost=0.00..5.32 rows=89 width=0)
	        Index Cond: ((k >= 7488677) AND (k <= 7488777))

table 6 : explain SELECT k, c FROM sbtest6 WHERE k BETWEEN 7488677 AND 7488777
	Bitmap Heap Scan on sbtest6  (cost=5.49..413.31 rows=103 width=125)
	  Recheck Cond: ((k >= 7488677) AND (k <= 7488777))
	  ->  Bitmap Index Scan on k_6  (cost=0.00..5.46 rows=103 width=0)
	        Index Cond: ((k >= 7488677) AND (k <= 7488777))

table 7 : explain SELECT k, c FROM sbtest7 WHERE k BETWEEN 7488677 AND 7488777
	Bitmap Heap Scan on sbtest7  (cost=5.42..385.71 rows=96 width=125)
	  Recheck Cond: ((k >= 7488677) AND (k <= 7488777))
	  ->  Bitmap Index Scan on k_7  (cost=0.00..5.39 rows=96 width=0)
	        Index Cond: ((k >= 7488677) AND (k <= 7488777))

table 8 : explain SELECT k, c FROM sbtest8 WHERE k BETWEEN 7488677 AND 7488777
	Bitmap Heap Scan on sbtest8  (cost=5.47..405.44 rows=101 width=125)
	  Recheck Cond: ((k >= 7488677) AND (k <= 7488777))
	  ->  Bitmap Index Scan on k_8  (cost=0.00..5.44 rows=101 width=0)
	        Index Cond: ((k >= 7488677) AND (k <= 7488777))

for range-notcovered
table 1 : explain SELECT k, c FROM sbtest1 WHERE k BETWEEN 1868326 AND 1868426
	Bitmap Heap Scan on sbtest1  (cost=5.42..385.71 rows=96 width=125)
	  Recheck Cond: ((k >= 1868326) AND (k <= 1868426))
	  ->  Bitmap Index Scan on k_1  (cost=0.00..5.39 rows=96 width=0)
	        Index Cond: ((k >= 1868326) AND (k <= 1868426))

table 2 : explain SELECT k, c FROM sbtest2 WHERE k BETWEEN 1868326 AND 1868426
	Bitmap Heap Scan on sbtest2  (cost=5.49..413.34 rows=103 width=125)
	  Recheck Cond: ((k >= 1868326) AND (k <= 1868426))
	  ->  Bitmap Index Scan on k_2  (cost=0.00..5.46 rows=103 width=0)
	        Index Cond: ((k >= 1868326) AND (k <= 1868426))

table 3 : explain SELECT k, c FROM sbtest3 WHERE k BETWEEN 1868326 AND 1868426
	Bitmap Heap Scan on sbtest3  (cost=5.50..417.22 rows=104 width=125)
	  Recheck Cond: ((k >= 1868326) AND (k <= 1868426))
	  ->  Bitmap Index Scan on k_3  (cost=0.00..5.47 rows=104 width=0)
	        Index Cond: ((k >= 1868326) AND (k <= 1868426))

table 4 : explain SELECT k, c FROM sbtest4 WHERE k BETWEEN 1868326 AND 1868426
	Bitmap Heap Scan on sbtest4  (cost=5.42..385.70 rows=96 width=125)
	  Recheck Cond: ((k >= 1868326) AND (k <= 1868426))
	  ->  Bitmap Index Scan on k_4  (cost=0.00..5.39 rows=96 width=0)
	        Index Cond: ((k >= 1868326) AND (k <= 1868426))

table 5 : explain SELECT k, c FROM sbtest5 WHERE k BETWEEN 1868326 AND 1868426
	Bitmap Heap Scan on sbtest5  (cost=5.51..421.22 rows=105 width=125)
	  Recheck Cond: ((k >= 1868326) AND (k <= 1868426))
	  ->  Bitmap Index Scan on k_5  (cost=0.00..5.48 rows=105 width=0)
	        Index Cond: ((k >= 1868326) AND (k <= 1868426))

table 6 : explain SELECT k, c FROM sbtest6 WHERE k BETWEEN 1868326 AND 1868426
	Bitmap Heap Scan on sbtest6  (cost=5.47..405.43 rows=101 width=125)
	  Recheck Cond: ((k >= 1868326) AND (k <= 1868426))
	  ->  Bitmap Index Scan on k_6  (cost=0.00..5.44 rows=101 width=0)
	        Index Cond: ((k >= 1868326) AND (k <= 1868426))

table 7 : explain SELECT k, c FROM sbtest7 WHERE k BETWEEN 1868326 AND 1868426
	Bitmap Heap Scan on sbtest7  (cost=5.45..397.54 rows=99 width=125)
	  Recheck Cond: ((k >= 1868326) AND (k <= 1868426))
	  ->  Bitmap Index Scan on k_7  (cost=0.00..5.42 rows=99 width=0)
	        Index Cond: ((k >= 1868326) AND (k <= 1868426))

table 8 : explain SELECT k, c FROM sbtest8 WHERE k BETWEEN 1868326 AND 1868426
	Bitmap Heap Scan on sbtest8  (cost=5.52..425.15 rows=106 width=125)
	  Recheck Cond: ((k >= 1868326) AND (k <= 1868426))
	  ->  Bitmap Index Scan on k_8  (cost=0.00..5.50 rows=106 width=0)
	        Index Cond: ((k >= 1868326) AND (k <= 1868426))

for range-notcovered
table 1 : explain SELECT k, c FROM sbtest1 WHERE k BETWEEN 6944435 AND 6944535
	Bitmap Heap Scan on sbtest1  (cost=5.52..425.13 rows=106 width=125)
	  Recheck Cond: ((k >= 6944435) AND (k <= 6944535))
	  ->  Bitmap Index Scan on k_1  (cost=0.00..5.50 rows=106 width=0)
	        Index Cond: ((k >= 6944435) AND (k <= 6944535))

table 2 : explain SELECT k, c FROM sbtest2 WHERE k BETWEEN 6944435 AND 6944535
	Bitmap Heap Scan on sbtest2  (cost=5.52..425.16 rows=106 width=125)
	  Recheck Cond: ((k >= 6944435) AND (k <= 6944535))
	  ->  Bitmap Index Scan on k_2  (cost=0.00..5.50 rows=106 width=0)
	        Index Cond: ((k >= 6944435) AND (k <= 6944535))

table 3 : explain SELECT k, c FROM sbtest3 WHERE k BETWEEN 6944435 AND 6944535
	Bitmap Heap Scan on sbtest3  (cost=5.46..401.45 rows=100 width=125)
	  Recheck Cond: ((k >= 6944435) AND (k <= 6944535))
	  ->  Bitmap Index Scan on k_3  (cost=0.00..5.43 rows=100 width=0)
	        Index Cond: ((k >= 6944435) AND (k <= 6944535))

table 4 : explain SELECT k, c FROM sbtest4 WHERE k BETWEEN 6944435 AND 6944535
	Bitmap Heap Scan on sbtest4  (cost=5.50..417.25 rows=104 width=125)
	  Recheck Cond: ((k >= 6944435) AND (k <= 6944535))
	  ->  Bitmap Index Scan on k_4  (cost=0.00..5.47 rows=104 width=0)
	        Index Cond: ((k >= 6944435) AND (k <= 6944535))

table 5 : explain SELECT k, c FROM sbtest5 WHERE k BETWEEN 6944435 AND 6944535
	Bitmap Heap Scan on sbtest5  (cost=5.47..405.45 rows=101 width=125)
	  Recheck Cond: ((k >= 6944435) AND (k <= 6944535))
	  ->  Bitmap Index Scan on k_5  (cost=0.00..5.44 rows=101 width=0)
	        Index Cond: ((k >= 6944435) AND (k <= 6944535))

table 6 : explain SELECT k, c FROM sbtest6 WHERE k BETWEEN 6944435 AND 6944535
	Bitmap Heap Scan on sbtest6  (cost=5.46..401.49 rows=100 width=125)
	  Recheck Cond: ((k >= 6944435) AND (k <= 6944535))
	  ->  Bitmap Index Scan on k_6  (cost=0.00..5.43 rows=100 width=0)
	        Index Cond: ((k >= 6944435) AND (k <= 6944535))

table 7 : explain SELECT k, c FROM sbtest7 WHERE k BETWEEN 6944435 AND 6944535
	Bitmap Heap Scan on sbtest7  (cost=5.43..389.65 rows=97 width=125)
	  Recheck Cond: ((k >= 6944435) AND (k <= 6944535))
	  ->  Bitmap Index Scan on k_7  (cost=0.00..5.40 rows=97 width=0)
	        Index Cond: ((k >= 6944435) AND (k <= 6944535))

table 8 : explain SELECT k, c FROM sbtest8 WHERE k BETWEEN 6944435 AND 6944535
	Bitmap Heap Scan on sbtest8  (cost=5.55..436.97 rows=109 width=125)
	  Recheck Cond: ((k >= 6944435) AND (k <= 6944535))
	  ->  Bitmap Index Scan on k_8  (cost=0.00..5.52 rows=109 width=0)
	        Index Cond: ((k >= 6944435) AND (k <= 6944535))
for range-notcovered
table 1 : explain SELECT k, c FROM sbtest1 WHERE k BETWEEN 2383613 AND 2383713
	Bitmap Heap Scan on sbtest1  (cost=5.43..389.65 rows=97 width=125)
	  Recheck Cond: ((k >= 2383613) AND (k <= 2383713))
	  ->  Bitmap Index Scan on k_1  (cost=0.00..5.40 rows=97 width=0)
	        Index Cond: ((k >= 2383613) AND (k <= 2383713))

table 2 : explain SELECT k, c FROM sbtest2 WHERE k BETWEEN 2383613 AND 2383713
	Bitmap Heap Scan on sbtest2  (cost=5.50..417.28 rows=104 width=125)
	  Recheck Cond: ((k >= 2383613) AND (k <= 2383713))
	  ->  Bitmap Index Scan on k_2  (cost=0.00..5.47 rows=104 width=0)
	        Index Cond: ((k >= 2383613) AND (k <= 2383713))

table 3 : explain SELECT k, c FROM sbtest3 WHERE k BETWEEN 2383613 AND 2383713
	Bitmap Heap Scan on sbtest3  (cost=5.44..393.57 rows=98 width=125)
	  Recheck Cond: ((k >= 2383613) AND (k <= 2383713))
	  ->  Bitmap Index Scan on k_3  (cost=0.00..5.42 rows=98 width=0)
	        Index Cond: ((k >= 2383613) AND (k <= 2383713))

table 4 : explain SELECT k, c FROM sbtest4 WHERE k BETWEEN 2383613 AND 2383713
	Bitmap Heap Scan on sbtest4  (cost=5.52..425.13 rows=106 width=125)
	  Recheck Cond: ((k >= 2383613) AND (k <= 2383713))
	  ->  Bitmap Index Scan on k_4  (cost=0.00..5.50 rows=106 width=0)
	        Index Cond: ((k >= 2383613) AND (k <= 2383713))

table 5 : explain SELECT k, c FROM sbtest5 WHERE k BETWEEN 2383613 AND 2383713
	Bitmap Heap Scan on sbtest5  (cost=5.53..429.10 rows=107 width=125)
	  Recheck Cond: ((k >= 2383613) AND (k <= 2383713))
	  ->  Bitmap Index Scan on k_5  (cost=0.00..5.50 rows=107 width=0)
	        Index Cond: ((k >= 2383613) AND (k <= 2383713))

table 6 : explain SELECT k, c FROM sbtest6 WHERE k BETWEEN 2383613 AND 2383713
	Bitmap Heap Scan on sbtest6  (cost=5.40..377.82 rows=94 width=125)
	  Recheck Cond: ((k >= 2383613) AND (k <= 2383713))
	  ->  Bitmap Index Scan on k_6  (cost=0.00..5.38 rows=94 width=0)
	        Index Cond: ((k >= 2383613) AND (k <= 2383713))

table 7 : explain SELECT k, c FROM sbtest7 WHERE k BETWEEN 2383613 AND 2383713
	Bitmap Heap Scan on sbtest7  (cost=5.45..397.54 rows=99 width=125)
	  Recheck Cond: ((k >= 2383613) AND (k <= 2383713))
	  ->  Bitmap Index Scan on k_7  (cost=0.00..5.42 rows=99 width=0)
	        Index Cond: ((k >= 2383613) AND (k <= 2383713))

table 8 : explain SELECT k, c FROM sbtest8 WHERE k BETWEEN 2383613 AND 2383713
	Bitmap Heap Scan on sbtest8  (cost=5.50..417.26 rows=104 width=125)
	  Recheck Cond: ((k >= 2383613) AND (k <= 2383713))
	  ->  Bitmap Index Scan on k_8  (cost=0.00..5.47 rows=104 width=0)
	        Index Cond: ((k >= 2383613) AND (k <= 2383713))

explain: for range-notcovered :: explain SELECT k, c FROM sbtest%d WHERE k BETWEEN 3595470 AND 3595570explain: for range-notcovered :: explain SELECT k, c FROM sbtest%d WHERE k BETWEEN 7541855 AND 7541955
for range-notcovered
table 1 : explain SELECT k, c FROM sbtest1 WHERE k BETWEEN 5037207 AND 5037307
	Bitmap Heap Scan on sbtest1  (cost=5.48..409.37 rows=102 width=125)
	  Recheck Cond: ((k >= 5037207) AND (k <= 5037307))
	  ->  Bitmap Index Scan on k_1  (cost=0.00..5.45 rows=102 width=0)
	        Index Cond: ((k >= 5037207) AND (k <= 5037307))

table 2 : explain SELECT k, c FROM sbtest2 WHERE k BETWEEN 5037207 AND 5037307
	Bitmap Heap Scan on sbtest2  (cost=5.50..417.28 rows=104 width=125)
	  Recheck Cond: ((k >= 5037207) AND (k <= 5037307))
	  ->  Bitmap Index Scan on k_2  (cost=0.00..5.47 rows=104 width=0)
	        Index Cond: ((k >= 5037207) AND (k <= 5037307))

table 3 : explain SELECT k, c FROM sbtest3 WHERE k BETWEEN 5037207 AND 5037307
	Bitmap Heap Scan on sbtest3  (cost=5.52..425.10 rows=106 width=125)
	  Recheck Cond: ((k >= 5037207) AND (k <= 5037307))
	  ->  Bitmap Index Scan on k_3  (cost=0.00..5.50 rows=106 width=0)
	        Index Cond: ((k >= 5037207) AND (k <= 5037307))

table 4 : explain SELECT k, c FROM sbtest4 WHERE k BETWEEN 5037207 AND 5037307
	Bitmap Heap Scan on sbtest4  (cost=5.53..429.07 rows=107 width=125)
	  Recheck Cond: ((k >= 5037207) AND (k <= 5037307))
	  ->  Bitmap Index Scan on k_4  (cost=0.00..5.50 rows=107 width=0)
	        Index Cond: ((k >= 5037207) AND (k <= 5037307))

table 5 : explain SELECT k, c FROM sbtest5 WHERE k BETWEEN 5037207 AND 5037307
	Bitmap Heap Scan on sbtest5  (cost=5.48..409.40 rows=102 width=125)
	  Recheck Cond: ((k >= 5037207) AND (k <= 5037307))
	  ->  Bitmap Index Scan on k_5  (cost=0.00..5.45 rows=102 width=0)
	        Index Cond: ((k >= 5037207) AND (k <= 5037307))

table 6 : explain SELECT k, c FROM sbtest6 WHERE k BETWEEN 5037207 AND 5037307
	Bitmap Heap Scan on sbtest6  (cost=5.51..421.20 rows=105 width=125)
	  Recheck Cond: ((k >= 5037207) AND (k <= 5037307))
	  ->  Bitmap Index Scan on k_6  (cost=0.00..5.48 rows=105 width=0)
	        Index Cond: ((k >= 5037207) AND (k <= 5037307))

table 7 : explain SELECT k, c FROM sbtest7 WHERE k BETWEEN 5037207 AND 5037307
	Bitmap Heap Scan on sbtest7  (cost=5.51..421.20 rows=105 width=125)
	  Recheck Cond: ((k >= 5037207) AND (k <= 5037307))
	  ->  Bitmap Index Scan on k_7  (cost=0.00..5.48 rows=105 width=0)
	        Index Cond: ((k >= 5037207) AND (k <= 5037307))

table 8 : explain SELECT k, c FROM sbtest8 WHERE k BETWEEN 5037207 AND 5037307
	Bitmap Heap Scan on sbtest8  (cost=5.53..429.09 rows=107 width=125)
	  Recheck Cond: ((k >= 5037207) AND (k <= 5037307))
	  ->  Bitmap Index Scan on k_8  (cost=0.00..5.50 rows=107 width=0)
	        Index Cond: ((k >= 5037207) AND (k <= 5037307))

explain: for range-notcovered :: explain SELECT k, c FROM sbtest%d WHERE k BETWEEN 1880241 AND 1880341

for range-notcovered
table 1 : explain SELECT k, c FROM sbtest1 WHERE k BETWEEN 7830027 AND 7830127
	Bitmap Heap Scan on sbtest1  (cost=5.50..417.25 rows=104 width=125)
	  Recheck Cond: ((k >= 7830027) AND (k <= 7830127))
	  ->  Bitmap Index Scan on k_1  (cost=0.00..5.47 rows=104 width=0)
	        Index Cond: ((k >= 7830027) AND (k <= 7830127))

table 2 : explain SELECT k, c FROM sbtest2 WHERE k BETWEEN 7830027 AND 7830127
	Bitmap Heap Scan on sbtest2  (cost=5.51..421.22 rows=105 width=125)
	  Recheck Cond: ((k >= 7830027) AND (k <= 7830127))
	  ->  Bitmap Index Scan on k_2  (cost=0.00..5.48 rows=105 width=0)
	        Index Cond: ((k >= 7830027) AND (k <= 7830127))

table 3 : explain SELECT k, c FROM sbtest3 WHERE k BETWEEN 7830027 AND 7830127
	Bitmap Heap Scan on sbtest3  (cost=5.48..409.34 rows=102 width=125)
	  Recheck Cond: ((k >= 7830027) AND (k <= 7830127))
	  ->  Bitmap Index Scan on k_3  (cost=0.00..5.45 rows=102 width=0)
	        Index Cond: ((k >= 7830027) AND (k <= 7830127))

table 4 : explain SELECT k, c FROM sbtest4 WHERE k BETWEEN 7830027 AND 7830127
	Bitmap Heap Scan on sbtest4  (cost=5.47..405.42 rows=101 width=125)
	  Recheck Cond: ((k >= 7830027) AND (k <= 7830127))
	  ->  Bitmap Index Scan on k_4  (cost=0.00..5.44 rows=101 width=0)
	        Index Cond: ((k >= 7830027) AND (k <= 7830127))

table 5 : explain SELECT k, c FROM sbtest5 WHERE k BETWEEN 7830027 AND 7830127
	Bitmap Heap Scan on sbtest5  (cost=5.42..385.73 rows=96 width=125)
	  Recheck Cond: ((k >= 7830027) AND (k <= 7830127))
	  ->  Bitmap Index Scan on k_5  (cost=0.00..5.39 rows=96 width=0)
	        Index Cond: ((k >= 7830027) AND (k <= 7830127))

table 6 : explain SELECT k, c FROM sbtest6 WHERE k BETWEEN 7830027 AND 7830127
	Bitmap Heap Scan on sbtest6  (cost=5.55..436.96 rows=109 width=125)
	  Recheck Cond: ((k >= 7830027) AND (k <= 7830127))
	  ->  Bitmap Index Scan on k_6  (cost=0.00..5.52 rows=109 width=0)
	        Index Cond: ((k >= 7830027) AND (k <= 7830127))

table 7 : explain SELECT k, c FROM sbtest7 WHERE k BETWEEN 7830027 AND 7830127
	Bitmap Heap Scan on sbtest7  (cost=5.51..421.20 rows=105 width=125)
	  Recheck Cond: ((k >= 7830027) AND (k <= 7830127))
	  ->  Bitmap Index Scan on k_7  (cost=0.00..5.48 rows=105 width=0)
	        Index Cond: ((k >= 7830027) AND (k <= 7830127))

table 8 : explain SELECT k, c FROM sbtest8 WHERE k BETWEEN 7830027 AND 7830127
	Bitmap Heap Scan on sbtest8  (cost=5.43..389.66 rows=97 width=125)
	  Recheck Cond: ((k >= 7830027) AND (k <= 7830127))
	  ->  Bitmap Index Scan on k_8  (cost=0.00..5.40 rows=97 width=0)
	        Index Cond: ((k >= 7830027) AND (k <= 7830127))
explain: for range-notcovered :: explain SELECT k, c FROM sbtest%d WHERE k BETWEEN 2383613 AND 2383713for range-notcovered
table 1 : explain SELECT k, c FROM sbtest1 WHERE k BETWEEN 7490797 AND 7490897
	Bitmap Heap Scan on sbtest1  (cost=5.44..393.59 rows=98 width=125)
	  Recheck Cond: ((k >= 7490797) AND (k <= 7490897))
	  ->  Bitmap Index Scan on k_1  (cost=0.00..5.42 rows=98 width=0)
	        Index Cond: ((k >= 7490797) AND (k <= 7490897))

table 2 : explain SELECT k, c FROM sbtest2 WHERE k BETWEEN 7490797 AND 7490897
	Bitmap Heap Scan on sbtest2  (cost=5.46..401.51 rows=100 width=125)
	  Recheck Cond: ((k >= 7490797) AND (k <= 7490897))
	  ->  Bitmap Index Scan on k_2  (cost=0.00..5.43 rows=100 width=0)
	        Index Cond: ((k >= 7490797) AND (k <= 7490897))

table 3 : explain SELECT k, c FROM sbtest3 WHERE k BETWEEN 7490797 AND 7490897
	Bitmap Heap Scan on sbtest3  (cost=5.54..432.98 rows=108 width=125)
	  Recheck Cond: ((k >= 7490797) AND (k <= 7490897))
	  ->  Bitmap Index Scan on k_3  (cost=0.00..5.51 rows=108 width=0)
	        Index Cond: ((k >= 7490797) AND (k <= 7490897))

table 4 : explain SELECT k, c FROM sbtest4 WHERE k BETWEEN 7490797 AND 7490897
	Bitmap Heap Scan on sbtest4  (cost=5.44..393.59 rows=98 width=125)
	  Recheck Cond: ((k >= 7490797) AND (k <= 7490897))
	  ->  Bitmap Index Scan on k_4  (cost=0.00..5.42 rows=98 width=0)
	        Index Cond: ((k >= 7490797) AND (k <= 7490897))

table 5 : explain SELECT k, c FROM sbtest5 WHERE k BETWEEN 7490797 AND 7490897
	Bitmap Heap Scan on sbtest5  (cost=5.35..358.11 rows=89 width=125)
	  Recheck Cond: ((k >= 7490797) AND (k <= 7490897))
	  ->  Bitmap Index Scan on k_5  (cost=0.00..5.32 rows=89 width=0)
	        Index Cond: ((k >= 7490797) AND (k <= 7490897))

table 6 : explain SELECT k, c FROM sbtest6 WHERE k BETWEEN 7490797 AND 7490897
	Bitmap Heap Scan on sbtest6  (cost=5.49..413.31 rows=103 width=125)
	  Recheck Cond: ((k >= 7490797) AND (k <= 7490897))
	  ->  Bitmap Index Scan on k_6  (cost=0.00..5.46 rows=103 width=0)
	        Index Cond: ((k >= 7490797) AND (k <= 7490897))

table 7 : explain SELECT k, c FROM sbtest7 WHERE k BETWEEN 7490797 AND 7490897
	Bitmap Heap Scan on sbtest7  (cost=5.42..385.71 rows=96 width=125)
	  Recheck Cond: ((k >= 7490797) AND (k <= 7490897))
	  ->  Bitmap Index Scan on k_7  (cost=0.00..5.39 rows=96 width=0)
	        Index Cond: ((k >= 7490797) AND (k <= 7490897))

table 8 : explain SELECT k, c FROM sbtest8 WHERE k BETWEEN 7490797 AND 7490897
	Bitmap Heap Scan on sbtest8  (cost=5.47..405.44 rows=101 width=125)
	  Recheck Cond: ((k >= 7490797) AND (k <= 7490897))
	  ->  Bitmap Index Scan on k_8  (cost=0.00..5.44 rows=101 width=0)
	        Index Cond: ((k >= 7490797) AND (k <= 7490897))

explain: for range-notcovered :: explain SELECT k, c FROM sbtest%d WHERE k BETWEEN 7488677 AND 7488777for range-notcovered
table 1 : explain SELECT k, c FROM sbtest1 WHERE k BETWEEN 5498507 AND 5498607
	Bitmap Heap Scan on sbtest1  (cost=5.49..413.31 rows=103 width=125)
	  Recheck Cond: ((k >= 5498507) AND (k <= 5498607))
	  ->  Bitmap Index Scan on k_1  (cost=0.00..5.46 rows=103 width=0)
	        Index Cond: ((k >= 5498507) AND (k <= 5498607))

table 2 : explain SELECT k, c FROM sbtest2 WHERE k BETWEEN 5498507 AND 5498607
	Bitmap Heap Scan on sbtest2  (cost=5.49..413.34 rows=103 width=125)
	  Recheck Cond: ((k >= 5498507) AND (k <= 5498607))
	  ->  Bitmap Index Scan on k_2  (cost=0.00..5.46 rows=103 width=0)
	        Index Cond: ((k >= 5498507) AND (k <= 5498607))

table 3 : explain SELECT k, c FROM sbtest3 WHERE k BETWEEN 5498507 AND 5498607
	Bitmap Heap Scan on sbtest3  (cost=5.41..381.74 rows=95 width=125)
	  Recheck Cond: ((k >= 5498507) AND (k <= 5498607))
	  ->  Bitmap Index Scan on k_3  (cost=0.00..5.38 rows=95 width=0)
	        Index Cond: ((k >= 5498507) AND (k <= 5498607))

table 4 : explain SELECT k, c FROM sbtest4 WHERE k BETWEEN 5498507 AND 5498607
	Bitmap Heap Scan on sbtest4  (cost=5.38..369.92 rows=92 width=125)
	  Recheck Cond: ((k >= 5498507) AND (k <= 5498607))
	  ->  Bitmap Index Scan on k_4  (cost=0.00..5.35 rows=92 width=0)
	        Index Cond: ((k >= 5498507) AND (k <= 5498607))

table 5 : explain SELECT k, c FROM sbtest5 WHERE k BETWEEN 5498507 AND 5498607
	Bitmap Heap Scan on sbtest5  (cost=5.46..401.51 rows=100 width=125)
	  Recheck Cond: ((k >= 5498507) AND (k <= 5498607))
	  ->  Bitmap Index Scan on k_5  (cost=0.00..5.43 rows=100 width=0)
	        Index Cond: ((k >= 5498507) AND (k <= 5498607))

table 6 : explain SELECT k, c FROM sbtest6 WHERE k BETWEEN 5498507 AND 5498607
	Bitmap Heap Scan on sbtest6  (cost=5.63..468.46 rows=117 width=125)
	  Recheck Cond: ((k >= 5498507) AND (k <= 5498607))
	  ->  Bitmap Index Scan on k_6  (cost=0.00..5.60 rows=117 width=0)
	        Index Cond: ((k >= 5498507) AND (k <= 5498607))

table 7 : explain SELECT k, c FROM sbtest7 WHERE k BETWEEN 5498507 AND 5498607
	Bitmap Heap Scan on sbtest7  (cost=5.50..417.25 rows=104 width=125)
	  Recheck Cond: ((k >= 5498507) AND (k <= 5498607))
	  ->  Bitmap Index Scan on k_7  (cost=0.00..5.47 rows=104 width=0)
	        Index Cond: ((k >= 5498507) AND (k <= 5498607))

table 8 : explain SELECT k, c FROM sbtest8 WHERE k BETWEEN 5498507 AND 5498607
	Bitmap Heap Scan on sbtest8  (cost=5.55..436.97 rows=109 width=125)
	  Recheck Cond: ((k >= 5498507) AND (k <= 5498607))
	  ->  Bitmap Index Scan on k_8  (cost=0.00..5.52 rows=109 width=0)
	        Index Cond: ((k >= 5498507) AND (k <= 5498607))



for range-notcovered
table 1 : explain SELECT k, c FROM sbtest1 WHERE k BETWEEN 6924761 AND 6924861
	Bitmap Heap Scan on sbtest1  (cost=5.68..484.20 rows=121 width=125)
	  Recheck Cond: ((k >= 6924761) AND (k <= 6924861))
	  ->  Bitmap Index Scan on k_1  (cost=0.00..5.64 rows=121 width=0)
	        Index Cond: ((k >= 6924761) AND (k <= 6924861))

table 2 : explain SELECT k, c FROM sbtest2 WHERE k BETWEEN 6924761 AND 6924861
	Bitmap Heap Scan on sbtest2  (cost=5.52..425.16 rows=106 width=125)
	  Recheck Cond: ((k >= 6924761) AND (k <= 6924861))
	  ->  Bitmap Index Scan on k_2  (cost=0.00..5.50 rows=106 width=0)
	        Index Cond: ((k >= 6924761) AND (k <= 6924861))

table 3 : explain SELECT k, c FROM sbtest3 WHERE k BETWEEN 6924761 AND 6924861
	Bitmap Heap Scan on sbtest3  (cost=5.46..401.45 rows=100 width=125)
	  Recheck Cond: ((k >= 6924761) AND (k <= 6924861))
	  ->  Bitmap Index Scan on k_3  (cost=0.00..5.43 rows=100 width=0)
	        Index Cond: ((k >= 6924761) AND (k <= 6924861))

table 4 : explain SELECT k, c FROM sbtest4 WHERE k BETWEEN 6924761 AND 6924861
	Bitmap Heap Scan on sbtest4  (cost=5.50..417.25 rows=104 width=125)
	  Recheck Cond: ((k >= 6924761) AND (k <= 6924861))
	  ->  Bitmap Index Scan on k_4  (cost=0.00..5.47 rows=104 width=0)
	        Index Cond: ((k >= 6924761) AND (k <= 6924861))

table 5 : explain SELECT k, c FROM sbtest5 WHERE k BETWEEN 6924761 AND 6924861
	Bitmap Heap Scan on sbtest5  (cost=5.46..401.51 rows=100 width=125)
	  Recheck Cond: ((k >= 6924761) AND (k <= 6924861))
	  ->  Bitmap Index Scan on k_5  (cost=0.00..5.43 rows=100 width=0)
	        Index Cond: ((k >= 6924761) AND (k <= 6924861))

table 6 : explain SELECT k, c FROM sbtest6 WHERE k BETWEEN 6924761 AND 6924861
	Bitmap Heap Scan on sbtest6  (cost=5.46..401.49 rows=100 width=125)
	  Recheck Cond: ((k >= 6924761) AND (k <= 6924861))
	  ->  Bitmap Index Scan on k_6  (cost=0.00..5.43 rows=100 width=0)
	        Index Cond: ((k >= 6924761) AND (k <= 6924861))

table 7 : explain SELECT k, c FROM sbtest7 WHERE k BETWEEN 6924761 AND 6924861
	Bitmap Heap Scan on sbtest7  (cost=5.43..389.65 rows=97 width=125)
	  Recheck Cond: ((k >= 6924761) AND (k <= 6924861))
	  ->  Bitmap Index Scan on k_7  (cost=0.00..5.40 rows=97 width=0)
	        Index Cond: ((k >= 6924761) AND (k <= 6924861))

table 8 : explain SELECT k, c FROM sbtest8 WHERE k BETWEEN 6924761 AND 6924861
	Bitmap Heap Scan on sbtest8  (cost=5.55..436.97 rows=109 width=125)
	  Recheck Cond: ((k >= 6924761) AND (k <= 6924861))
	  ->  Bitmap Index Scan on k_8  (cost=0.00..5.52 rows=109 width=0)
	        Index Cond: ((k >= 6924761) AND (k <= 6924861))

for range-notcovered
table 1 : explain SELECT k, c FROM sbtest1 WHERE k BETWEEN 6852626 AND 6852726
	Bitmap Heap Scan on sbtest1  (cost=5.56..440.89 rows=110 width=125)
	  Recheck Cond: ((k >= 6852626) AND (k <= 6852726))
	  ->  Bitmap Index Scan on k_1  (cost=0.00..5.53 rows=110 width=0)
	        Index Cond: ((k >= 6852626) AND (k <= 6852726))

table 2 : explain SELECT k, c FROM sbtest2 WHERE k BETWEEN 6852626 AND 6852726
	Bitmap Heap Scan on sbtest2  (cost=5.51..421.22 rows=105 width=125)
	  Recheck Cond: ((k >= 6852626) AND (k <= 6852726))
	  ->  Bitmap Index Scan on k_2  (cost=0.00..5.48 rows=105 width=0)
	        Index Cond: ((k >= 6852626) AND (k <= 6852726))

table 3 : explain SELECT k, c FROM sbtest3 WHERE k BETWEEN 6852626 AND 6852726
	Bitmap Heap Scan on sbtest3  (cost=5.48..409.34 rows=102 width=125)
	  Recheck Cond: ((k >= 6852626) AND (k <= 6852726))
	  ->  Bitmap Index Scan on k_3  (cost=0.00..5.45 rows=102 width=0)
	        Index Cond: ((k >= 6852626) AND (k <= 6852726))

table 4 : explain SELECT k, c FROM sbtest4 WHERE k BETWEEN 6852626 AND 6852726
	Bitmap Heap Scan on sbtest4  (cost=5.51..421.19 rows=105 width=125)
	  Recheck Cond: ((k >= 6852626) AND (k <= 6852726))
	  ->  Bitmap Index Scan on k_4  (cost=0.00..5.48 rows=105 width=0)
	        Index Cond: ((k >= 6852626) AND (k <= 6852726))

table 5 : explain SELECT k, c FROM sbtest5 WHERE k BETWEEN 6852626 AND 6852726
	Bitmap Heap Scan on sbtest5  (cost=5.46..401.51 rows=100 width=125)
	  Recheck Cond: ((k >= 6852626) AND (k <= 6852726))
	  ->  Bitmap Index Scan on k_5  (cost=0.00..5.43 rows=100 width=0)
	        Index Cond: ((k >= 6852626) AND (k <= 6852726))

table 6 : explain SELECT k, c FROM sbtest6 WHERE k BETWEEN 6852626 AND 6852726
	Bitmap Heap Scan on sbtest6  (cost=5.53..429.08 rows=107 width=125)
	  Recheck Cond: ((k >= 6852626) AND (k <= 6852726))
	  ->  Bitmap Index Scan on k_6  (cost=0.00..5.50 rows=107 width=0)
	        Index Cond: ((k >= 6852626) AND (k <= 6852726))

table 7 : explain SELECT k, c FROM sbtest7 WHERE k BETWEEN 6852626 AND 6852726
	Bitmap Heap Scan on sbtest7  (cost=5.46..401.49 rows=100 width=125)
	  Recheck Cond: ((k >= 6852626) AND (k <= 6852726))
	  ->  Bitmap Index Scan on k_7  (cost=0.00..5.43 rows=100 width=0)
	        Index Cond: ((k >= 6852626) AND (k <= 6852726))

table 8 : explain SELECT k, c FROM sbtest8 WHERE k BETWEEN 6852626 AND 6852726
	Bitmap Heap Scan on sbtest8  (cost=5.46..401.49 rows=100 width=125)
	  Recheck Cond: ((k >= 6852626) AND (k <= 6852726))
	  ->  Bitmap Index Scan on k_8  (cost=0.00..5.43 rows=100 width=0)
	        Index Cond: ((k >= 6852626) AND (k <= 6852726))

explain: for range-notcovered :: explain SELECT k, c FROM sbtest%d WHERE k BETWEEN 5037207 AND 5037307


explain: for range-notcovered :: explain SELECT k, c FROM sbtest%d WHERE k BETWEEN 6944435 AND 6944535
for range-notcovered
table 1 : explain SELECT k, c FROM sbtest1 WHERE k BETWEEN 6598920 AND 6599020
	Bitmap Heap Scan on sbtest1  (cost=5.44..393.59 rows=98 width=125)
	  Recheck Cond: ((k >= 6598920) AND (k <= 6599020))
	  ->  Bitmap Index Scan on k_1  (cost=0.00..5.42 rows=98 width=0)
	        Index Cond: ((k >= 6598920) AND (k <= 6599020))

table 2 : explain SELECT k, c FROM sbtest2 WHERE k BETWEEN 6598920 AND 6599020
	Bitmap Heap Scan on sbtest2  (cost=5.46..401.51 rows=100 width=125)
	  Recheck Cond: ((k >= 6598920) AND (k <= 6599020))
	  ->  Bitmap Index Scan on k_2  (cost=0.00..5.43 rows=100 width=0)
	        Index Cond: ((k >= 6598920) AND (k <= 6599020))

table 3 : explain SELECT k, c FROM sbtest3 WHERE k BETWEEN 6598920 AND 6599020
	Bitmap Heap Scan on sbtest3  (cost=5.42..385.68 rows=96 width=125)
	  Recheck Cond: ((k >= 6598920) AND (k <= 6599020))
	  ->  Bitmap Index Scan on k_3  (cost=0.00..5.39 rows=96 width=0)
	        Index Cond: ((k >= 6598920) AND (k <= 6599020))

table 4 : explain SELECT k, c FROM sbtest4 WHERE k BETWEEN 6598920 AND 6599020
	Bitmap Heap Scan on sbtest4  (cost=5.48..409.36 rows=102 width=125)
	  Recheck Cond: ((k >= 6598920) AND (k <= 6599020))
	  ->  Bitmap Index Scan on k_4  (cost=0.00..5.45 rows=102 width=0)
	        Index Cond: ((k >= 6598920) AND (k <= 6599020))

table 5 : explain SELECT k, c FROM sbtest5 WHERE k BETWEEN 6598920 AND 6599020
	Bitmap Heap Scan on sbtest5  (cost=5.46..401.51 rows=100 width=125)
	  Recheck Cond: ((k >= 6598920) AND (k <= 6599020))
	  ->  Bitmap Index Scan on k_5  (cost=0.00..5.43 rows=100 width=0)
	        Index Cond: ((k >= 6598920) AND (k <= 6599020))

table 6 : explain SELECT k, c FROM sbtest6 WHERE k BETWEEN 6598920 AND 6599020
	Bitmap Heap Scan on sbtest6  (cost=5.49..413.31 rows=103 width=125)
	  Recheck Cond: ((k >= 6598920) AND (k <= 6599020))
	  ->  Bitmap Index Scan on k_6  (cost=0.00..5.46 rows=103 width=0)
	        Index Cond: ((k >= 6598920) AND (k <= 6599020))

table 7 : explain SELECT k, c FROM sbtest7 WHERE k BETWEEN 6598920 AND 6599020
	Bitmap Heap Scan on sbtest7  (cost=5.45..397.54 rows=99 width=125)
	  Recheck Cond: ((k >= 6598920) AND (k <= 6599020))
	  ->  Bitmap Index Scan on k_7  (cost=0.00..5.42 rows=99 width=0)
	        Index Cond: ((k >= 6598920) AND (k <= 6599020))

table 8 : explain SELECT k, c FROM sbtest8 WHERE k BETWEEN 6598920 AND 6599020
	Bitmap Heap Scan on sbtest8  (cost=5.43..389.66 rows=97 width=125)
	  Recheck Cond: ((k >= 6598920) AND (k <= 6599020))
	  ->  Bitmap Index Scan on k_8  (cost=0.00..5.40 rows=97 width=0)
	        Index Cond: ((k >= 6598920) AND (k <= 6599020))
explain: for range-notcovered :: explain SELECT k, c FROM sbtest%d WHERE k BETWEEN 7490797 AND 7490897
for range-notcovered
table 1 : explain SELECT k, c FROM sbtest1 WHERE k BETWEEN 5912230 AND 5912330
	Bitmap Heap Scan on sbtest1  (cost=5.49..413.31 rows=103 width=125)
	  Recheck Cond: ((k >= 5912230) AND (k <= 5912330))
	  ->  Bitmap Index Scan on k_1  (cost=0.00..5.46 rows=103 width=0)
	        Index Cond: ((k >= 5912230) AND (k <= 5912330))

table 2 : explain SELECT k, c FROM sbtest2 WHERE k BETWEEN 5912230 AND 5912330
	Bitmap Heap Scan on sbtest2  (cost=5.42..385.73 rows=96 width=125)
	  Recheck Cond: ((k >= 5912230) AND (k <= 5912330))
	  ->  Bitmap Index Scan on k_2  (cost=0.00..5.39 rows=96 width=0)
	        Index Cond: ((k >= 5912230) AND (k <= 5912330))

table 3 : explain SELECT k, c FROM sbtest3 WHERE k BETWEEN 5912230 AND 5912330
	Bitmap Heap Scan on sbtest3  (cost=5.48..409.34 rows=102 width=125)
	  Recheck Cond: ((k >= 5912230) AND (k <= 5912330))
	  ->  Bitmap Index Scan on k_3  (cost=0.00..5.45 rows=102 width=0)
	        Index Cond: ((k >= 5912230) AND (k <= 5912330))

table 4 : explain SELECT k, c FROM sbtest4 WHERE k BETWEEN 5912230 AND 5912330
	Bitmap Heap Scan on sbtest4  (cost=5.43..389.65 rows=97 width=125)
	  Recheck Cond: ((k >= 5912230) AND (k <= 5912330))
	  ->  Bitmap Index Scan on k_4  (cost=0.00..5.40 rows=97 width=0)
	        Index Cond: ((k >= 5912230) AND (k <= 5912330))

table 5 : explain SELECT k, c FROM sbtest5 WHERE k BETWEEN 5912230 AND 5912330
	Bitmap Heap Scan on sbtest5  (cost=5.50..417.28 rows=104 width=125)
	  Recheck Cond: ((k >= 5912230) AND (k <= 5912330))
	  ->  Bitmap Index Scan on k_5  (cost=0.00..5.47 rows=104 width=0)
	        Index Cond: ((k >= 5912230) AND (k <= 5912330))

table 6 : explain SELECT k, c FROM sbtest6 WHERE k BETWEEN 5912230 AND 5912330
	Bitmap Heap Scan on sbtest6  (cost=5.50..417.26 rows=104 width=125)
	  Recheck Cond: ((k >= 5912230) AND (k <= 5912330))
	  ->  Bitmap Index Scan on k_6  (cost=0.00..5.47 rows=104 width=0)
	        Index Cond: ((k >= 5912230) AND (k <= 5912330))

table 7 : explain SELECT k, c FROM sbtest7 WHERE k BETWEEN 5912230 AND 5912330
	Bitmap Heap Scan on sbtest7  (cost=5.44..393.60 rows=98 width=125)
	  Recheck Cond: ((k >= 5912230) AND (k <= 5912330))
	  ->  Bitmap Index Scan on k_7  (cost=0.00..5.42 rows=98 width=0)
	        Index Cond: ((k >= 5912230) AND (k <= 5912330))

table 8 : explain SELECT k, c FROM sbtest8 WHERE k BETWEEN 5912230 AND 5912330
	Bitmap Heap Scan on sbtest8  (cost=5.44..393.61 rows=98 width=125)
	  Recheck Cond: ((k >= 5912230) AND (k <= 5912330))
	  ->  Bitmap Index Scan on k_8  (cost=0.00..5.42 rows=98 width=0)
	        Index Cond: ((k >= 5912230) AND (k <= 5912330))
for range-notcovered
table 1 : explain SELECT k, c FROM sbtest1 WHERE k BETWEEN 1458180 AND 1458280
	Bitmap Heap Scan on sbtest1  (cost=5.48..409.37 rows=102 width=125)
	  Recheck Cond: ((k >= 1458180) AND (k <= 1458280))
	  ->  Bitmap Index Scan on k_1  (cost=0.00..5.45 rows=102 width=0)
	        Index Cond: ((k >= 1458180) AND (k <= 1458280))

table 2 : explain SELECT k, c FROM sbtest2 WHERE k BETWEEN 1458180 AND 1458280
	Bitmap Heap Scan on sbtest2  (cost=5.51..421.22 rows=105 width=125)
	  Recheck Cond: ((k >= 1458180) AND (k <= 1458280))
	  ->  Bitmap Index Scan on k_2  (cost=0.00..5.48 rows=105 width=0)
	        Index Cond: ((k >= 1458180) AND (k <= 1458280))

table 3 : explain SELECT k, c FROM sbtest3 WHERE k BETWEEN 1458180 AND 1458280
	Bitmap Heap Scan on sbtest3  (cost=5.50..417.22 rows=104 width=125)
	  Recheck Cond: ((k >= 1458180) AND (k <= 1458280))
	  ->  Bitmap Index Scan on k_3  (cost=0.00..5.47 rows=104 width=0)
	        Index Cond: ((k >= 1458180) AND (k <= 1458280))

table 4 : explain SELECT k, c FROM sbtest4 WHERE k BETWEEN 1458180 AND 1458280
	Bitmap Heap Scan on sbtest4  (cost=5.52..425.13 rows=106 width=125)
	  Recheck Cond: ((k >= 1458180) AND (k <= 1458280))
	  ->  Bitmap Index Scan on k_4  (cost=0.00..5.50 rows=106 width=0)
	        Index Cond: ((k >= 1458180) AND (k <= 1458280))

table 5 : explain SELECT k, c FROM sbtest5 WHERE k BETWEEN 1458180 AND 1458280
	Bitmap Heap Scan on sbtest5  (cost=5.51..421.22 rows=105 width=125)
	  Recheck Cond: ((k >= 1458180) AND (k <= 1458280))
	  ->  Bitmap Index Scan on k_5  (cost=0.00..5.48 rows=105 width=0)
	        Index Cond: ((k >= 1458180) AND (k <= 1458280))

table 6 : explain SELECT k, c FROM sbtest6 WHERE k BETWEEN 1458180 AND 1458280
	Bitmap Heap Scan on sbtest6  (cost=5.45..397.54 rows=99 width=125)
	  Recheck Cond: ((k >= 1458180) AND (k <= 1458280))
	  ->  Bitmap Index Scan on k_6  (cost=0.00..5.42 rows=99 width=0)
	        Index Cond: ((k >= 1458180) AND (k <= 1458280))

table 7 : explain SELECT k, c FROM sbtest7 WHERE k BETWEEN 1458180 AND 1458280
	Bitmap Heap Scan on sbtest7  (cost=5.53..429.08 rows=107 width=125)
	  Recheck Cond: ((k >= 1458180) AND (k <= 1458280))
	  ->  Bitmap Index Scan on k_7  (cost=0.00..5.50 rows=107 width=0)
	        Index Cond: ((k >= 1458180) AND (k <= 1458280))

table 8 : explain SELECT k, c FROM sbtest8 WHERE k BETWEEN 1458180 AND 1458280
	Bitmap Heap Scan on sbtest8  (cost=5.43..389.66 rows=97 width=125)
	  Recheck Cond: ((k >= 1458180) AND (k <= 1458280))
	  ->  Bitmap Index Scan on k_8  (cost=0.00..5.40 rows=97 width=0)
	        Index Cond: ((k >= 1458180) AND (k <= 1458280))

explain: for range-notcovered :: explain SELECT k, c FROM sbtest%d WHERE k BETWEEN 5498507 AND 5498607
explain: for range-notcovered :: explain SELECT k, c FROM sbtest%d WHERE k BETWEEN 4815064 AND 4815164
explain: for range-notcovered :: explain SELECT k, c FROM sbtest%d WHERE k BETWEEN 7830027 AND 7830127
explain: for range-notcovered :: explain SELECT k, c FROM sbtest%d WHERE k BETWEEN 6924761 AND 6924861

for range-notcovered
table 1 : explain SELECT k, c FROM sbtest1 WHERE k BETWEEN 5964910 AND 5965010
	Bitmap Heap Scan on sbtest1  (cost=5.52..425.13 rows=106 width=125)
	  Recheck Cond: ((k >= 5964910) AND (k <= 5965010))
	  ->  Bitmap Index Scan on k_1  (cost=0.00..5.50 rows=106 width=0)
	        Index Cond: ((k >= 5964910) AND (k <= 5965010))

table 2 : explain SELECT k, c FROM sbtest2 WHERE k BETWEEN 5964910 AND 5965010
	Bitmap Heap Scan on sbtest2  (cost=5.42..385.73 rows=96 width=125)
	  Recheck Cond: ((k >= 5964910) AND (k <= 5965010))
	  ->  Bitmap Index Scan on k_2  (cost=0.00..5.39 rows=96 width=0)
	        Index Cond: ((k >= 5964910) AND (k <= 5965010))

table 3 : explain SELECT k, c FROM sbtest3 WHERE k BETWEEN 5964910 AND 5965010
	Bitmap Heap Scan on sbtest3  (cost=5.39..373.85 rows=93 width=125)
	  Recheck Cond: ((k >= 5964910) AND (k <= 5965010))
	  ->  Bitmap Index Scan on k_3  (cost=0.00..5.36 rows=93 width=0)
	        Index Cond: ((k >= 5964910) AND (k <= 5965010))

table 4 : explain SELECT k, c FROM sbtest4 WHERE k BETWEEN 5964910 AND 5965010
	Bitmap Heap Scan on sbtest4  (cost=5.54..433.01 rows=108 width=125)
	  Recheck Cond: ((k >= 5964910) AND (k <= 5965010))
	  ->  Bitmap Index Scan on k_4  (cost=0.00..5.51 rows=108 width=0)
	        Index Cond: ((k >= 5964910) AND (k <= 5965010))

table 5 : explain SELECT k, c FROM sbtest5 WHERE k BETWEEN 5964910 AND 5965010
	Bitmap Heap Scan on sbtest5  (cost=5.50..417.28 rows=104 width=125)
	  Recheck Cond: ((k >= 5964910) AND (k <= 5965010))
	  ->  Bitmap Index Scan on k_5  (cost=0.00..5.47 rows=104 width=0)
	        Index Cond: ((k >= 5964910) AND (k <= 5965010))

table 6 : explain SELECT k, c FROM sbtest6 WHERE k BETWEEN 5964910 AND 5965010
	Bitmap Heap Scan on sbtest6  (cost=5.50..417.26 rows=104 width=125)
	  Recheck Cond: ((k >= 5964910) AND (k <= 5965010))
	  ->  Bitmap Index Scan on k_6  (cost=0.00..5.47 rows=104 width=0)
	        Index Cond: ((k >= 5964910) AND (k <= 5965010))

table 7 : explain SELECT k, c FROM sbtest7 WHERE k BETWEEN 5964910 AND 5965010
	Bitmap Heap Scan on sbtest7  (cost=5.44..393.60 rows=98 width=125)
	  Recheck Cond: ((k >= 5964910) AND (k <= 5965010))
	  ->  Bitmap Index Scan on k_7  (cost=0.00..5.42 rows=98 width=0)
	        Index Cond: ((k >= 5964910) AND (k <= 5965010))

table 8 : explain SELECT k, c FROM sbtest8 WHERE k BETWEEN 5964910 AND 5965010
	Bitmap Heap Scan on sbtest8  (cost=5.44..393.61 rows=98 width=125)
	  Recheck Cond: ((k >= 5964910) AND (k <= 5965010))
	  ->  Bitmap Index Scan on k_8  (cost=0.00..5.42 rows=98 width=0)
	        Index Cond: ((k >= 5964910) AND (k <= 5965010))

for range-notcovered
table 1 : explain SELECT k, c FROM sbtest1 WHERE k BETWEEN 4780123 AND 4780223
	Bitmap Heap Scan on sbtest1  (cost=5.40..377.81 rows=94 width=125)
	  Recheck Cond: ((k >= 4780123) AND (k <= 4780223))
	  ->  Bitmap Index Scan on k_1  (cost=0.00..5.38 rows=94 width=0)
	        Index Cond: ((k >= 4780123) AND (k <= 4780223))

table 2 : explain SELECT k, c FROM sbtest2 WHERE k BETWEEN 4780123 AND 4780223
	Bitmap Heap Scan on sbtest2  (cost=5.49..413.34 rows=103 width=125)
	  Recheck Cond: ((k >= 4780123) AND (k <= 4780223))
	  ->  Bitmap Index Scan on k_2  (cost=0.00..5.46 rows=103 width=0)
	        Index Cond: ((k >= 4780123) AND (k <= 4780223))

table 3 : explain SELECT k, c FROM sbtest3 WHERE k BETWEEN 4780123 AND 4780223
	Bitmap Heap Scan on sbtest3  (cost=5.48..409.34 rows=102 width=125)
	  Recheck Cond: ((k >= 4780123) AND (k <= 4780223))
	  ->  Bitmap Index Scan on k_3  (cost=0.00..5.45 rows=102 width=0)
	        Index Cond: ((k >= 4780123) AND (k <= 4780223))

table 4 : explain SELECT k, c FROM sbtest4 WHERE k BETWEEN 4780123 AND 4780223
	Bitmap Heap Scan on sbtest4  (cost=5.43..389.65 rows=97 width=125)
	  Recheck Cond: ((k >= 4780123) AND (k <= 4780223))
	  ->  Bitmap Index Scan on k_4  (cost=0.00..5.40 rows=97 width=0)
	        Index Cond: ((k >= 4780123) AND (k <= 4780223))

table 5 : explain SELECT k, c FROM sbtest5 WHERE k BETWEEN 4780123 AND 4780223
	Bitmap Heap Scan on sbtest5  (cost=5.52..425.16 rows=106 width=125)
	  Recheck Cond: ((k >= 4780123) AND (k <= 4780223))
	  ->  Bitmap Index Scan on k_5  (cost=0.00..5.50 rows=106 width=0)
	        Index Cond: ((k >= 4780123) AND (k <= 4780223))

table 6 : explain SELECT k, c FROM sbtest6 WHERE k BETWEEN 4780123 AND 4780223
	Bitmap Heap Scan on sbtest6  (cost=5.61..460.59 rows=115 width=125)
	  Recheck Cond: ((k >= 4780123) AND (k <= 4780223))
	  ->  Bitmap Index Scan on k_6  (cost=0.00..5.58 rows=115 width=0)
	        Index Cond: ((k >= 4780123) AND (k <= 4780223))

table 7 : explain SELECT k, c FROM sbtest7 WHERE k BETWEEN 4780123 AND 4780223
	Bitmap Heap Scan on sbtest7  (cost=5.37..365.98 rows=91 width=125)
	  Recheck Cond: ((k >= 4780123) AND (k <= 4780223))
	  ->  Bitmap Index Scan on k_7  (cost=0.00..5.34 rows=91 width=0)
	        Index Cond: ((k >= 4780123) AND (k <= 4780223))

table 8 : explain SELECT k, c FROM sbtest8 WHERE k BETWEEN 4780123 AND 4780223
	Bitmap Heap Scan on sbtest8  (cost=5.46..401.49 rows=100 width=125)
	  Recheck Cond: ((k >= 4780123) AND (k <= 4780223))
	  ->  Bitmap Index Scan on k_8  (cost=0.00..5.43 rows=100 width=0)
	        Index Cond: ((k >= 4780123) AND (k <= 4780223))


for range-notcovered
table 1 : explain SELECT k, c FROM sbtest1 WHERE k BETWEEN 2748161 AND 2748261
	Bitmap Heap Scan on sbtest1  (cost=5.43..389.65 rows=97 width=125)
	  Recheck Cond: ((k >= 2748161) AND (k <= 2748261))
	  ->  Bitmap Index Scan on k_1  (cost=0.00..5.40 rows=97 width=0)
	        Index Cond: ((k >= 2748161) AND (k <= 2748261))

table 2 : explain SELECT k, c FROM sbtest2 WHERE k BETWEEN 2748161 AND 2748261
	Bitmap Heap Scan on sbtest2  (cost=5.53..429.10 rows=107 width=125)
	  Recheck Cond: ((k >= 2748161) AND (k <= 2748261))
	  ->  Bitmap Index Scan on k_2  (cost=0.00..5.50 rows=107 width=0)
	        Index Cond: ((k >= 2748161) AND (k <= 2748261))

table 3 : explain SELECT k, c FROM sbtest3 WHERE k BETWEEN 2748161 AND 2748261
	Bitmap Heap Scan on sbtest3  (cost=5.49..413.28 rows=103 width=125)
	  Recheck Cond: ((k >= 2748161) AND (k <= 2748261))
	  ->  Bitmap Index Scan on k_3  (cost=0.00..5.46 rows=103 width=0)
	        Index Cond: ((k >= 2748161) AND (k <= 2748261))

table 4 : explain SELECT k, c FROM sbtest4 WHERE k BETWEEN 2748161 AND 2748261
	Bitmap Heap Scan on sbtest4  (cost=5.42..385.70 rows=96 width=125)
	  Recheck Cond: ((k >= 2748161) AND (k <= 2748261))
	  ->  Bitmap Index Scan on k_4  (cost=0.00..5.39 rows=96 width=0)
	        Index Cond: ((k >= 2748161) AND (k <= 2748261))

table 5 : explain SELECT k, c FROM sbtest5 WHERE k BETWEEN 2748161 AND 2748261
	Bitmap Heap Scan on sbtest5  (cost=5.52..425.16 rows=106 width=125)
	  Recheck Cond: ((k >= 2748161) AND (k <= 2748261))
	  ->  Bitmap Index Scan on k_5  (cost=0.00..5.50 rows=106 width=0)
	        Index Cond: ((k >= 2748161) AND (k <= 2748261))

table 6 : explain SELECT k, c FROM sbtest6 WHERE k BETWEEN 2748161 AND 2748261
	Bitmap Heap Scan on sbtest6  (cost=5.46..401.49 rows=100 width=125)
	  Recheck Cond: ((k >= 2748161) AND (k <= 2748261))
	  ->  Bitmap Index Scan on k_6  (cost=0.00..5.43 rows=100 width=0)
	        Index Cond: ((k >= 2748161) AND (k <= 2748261))

table 7 : explain SELECT k, c FROM sbtest7 WHERE k BETWEEN 2748161 AND 2748261
	Bitmap Heap Scan on sbtest7  (cost=5.47..405.43 rows=101 width=125)
	  Recheck Cond: ((k >= 2748161) AND (k <= 2748261))
	  ->  Bitmap Index Scan on k_7  (cost=0.00..5.44 rows=101 width=0)
	        Index Cond: ((k >= 2748161) AND (k <= 2748261))

table 8 : explain SELECT k, c FROM sbtest8 WHERE k BETWEEN 2748161 AND 2748261
	Bitmap Heap Scan on sbtest8  (cost=5.59..452.72 rows=113 width=125)
	  Recheck Cond: ((k >= 2748161) AND (k <= 2748261))
	  ->  Bitmap Index Scan on k_8  (cost=0.00..5.56 rows=113 width=0)
	        Index Cond: ((k >= 2748161) AND (k <= 2748261))

for range-notcovered
table 1 : explain SELECT k, c FROM sbtest1 WHERE k BETWEEN 6714694 AND 6714794
	Bitmap Heap Scan on sbtest1  (cost=5.42..385.71 rows=96 width=125)
	  Recheck Cond: ((k >= 6714694) AND (k <= 6714794))
	  ->  Bitmap Index Scan on k_1  (cost=0.00..5.39 rows=96 width=0)
	        Index Cond: ((k >= 6714694) AND (k <= 6714794))

table 2 : explain SELECT k, c FROM sbtest2 WHERE k BETWEEN 6714694 AND 6714794
	Bitmap Heap Scan on sbtest2  (cost=5.45..397.57 rows=99 width=125)
	  Recheck Cond: ((k >= 6714694) AND (k <= 6714794))
	  ->  Bitmap Index Scan on k_2  (cost=0.00..5.42 rows=99 width=0)
	        Index Cond: ((k >= 6714694) AND (k <= 6714794))

table 3 : explain SELECT k, c FROM sbtest3 WHERE k BETWEEN 6714694 AND 6714794
	Bitmap Heap Scan on sbtest3  (cost=5.63..468.42 rows=117 width=125)
	  Recheck Cond: ((k >= 6714694) AND (k <= 6714794))
	  ->  Bitmap Index Scan on k_3  (cost=0.00..5.60 rows=117 width=0)
	        Index Cond: ((k >= 6714694) AND (k <= 6714794))

table 4 : explain SELECT k, c FROM sbtest4 WHERE k BETWEEN 6714694 AND 6714794
	Bitmap Heap Scan on sbtest4  (cost=5.46..401.48 rows=100 width=125)
	  Recheck Cond: ((k >= 6714694) AND (k <= 6714794))
	  ->  Bitmap Index Scan on k_4  (cost=0.00..5.43 rows=100 width=0)
	        Index Cond: ((k >= 6714694) AND (k <= 6714794))

table 5 : explain SELECT k, c FROM sbtest5 WHERE k BETWEEN 6714694 AND 6714794
	Bitmap Heap Scan on sbtest5  (cost=5.45..397.57 rows=99 width=125)
	  Recheck Cond: ((k >= 6714694) AND (k <= 6714794))
	  ->  Bitmap Index Scan on k_5  (cost=0.00..5.42 rows=99 width=0)
	        Index Cond: ((k >= 6714694) AND (k <= 6714794))

table 6 : explain SELECT k, c FROM sbtest6 WHERE k BETWEEN 6714694 AND 6714794
	Bitmap Heap Scan on sbtest6  (cost=5.48..409.37 rows=102 width=125)
	  Recheck Cond: ((k >= 6714694) AND (k <= 6714794))
	  ->  Bitmap Index Scan on k_6  (cost=0.00..5.45 rows=102 width=0)
	        Index Cond: ((k >= 6714694) AND (k <= 6714794))

table 7 : explain SELECT k, c FROM sbtest7 WHERE k BETWEEN 6714694 AND 6714794
	Bitmap Heap Scan on sbtest7  (cost=5.39..373.87 rows=93 width=125)
	  Recheck Cond: ((k >= 6714694) AND (k <= 6714794))
	  ->  Bitmap Index Scan on k_7  (cost=0.00..5.36 rows=93 width=0)
	        Index Cond: ((k >= 6714694) AND (k <= 6714794))

table 8 : explain SELECT k, c FROM sbtest8 WHERE k BETWEEN 6714694 AND 6714794
	Bitmap Heap Scan on sbtest8  (cost=5.54..433.03 rows=108 width=125)
	  Recheck Cond: ((k >= 6714694) AND (k <= 6714794))
	  ->  Bitmap Index Scan on k_8  (cost=0.00..5.51 rows=108 width=0)
	        Index Cond: ((k >= 6714694) AND (k <= 6714794))
explain: for range-notcovered :: explain SELECT k, c FROM sbtest%d WHERE k BETWEEN 6598920 AND 6599020
for range-notcovered
table 1 : explain SELECT k, c FROM sbtest1 WHERE k BETWEEN 3406885 AND 3406985
	Bitmap Heap Scan on sbtest1  (cost=5.61..460.58 rows=115 width=125)
	  Recheck Cond: ((k >= 3406885) AND (k <= 3406985))
	  ->  Bitmap Index Scan on k_1  (cost=0.00..5.58 rows=115 width=0)
	        Index Cond: ((k >= 3406885) AND (k <= 3406985))

table 2 : explain SELECT k, c FROM sbtest2 WHERE k BETWEEN 3406885 AND 3406985
	Bitmap Heap Scan on sbtest2  (cost=5.48..409.40 rows=102 width=125)
	  Recheck Cond: ((k >= 3406885) AND (k <= 3406985))
	  ->  Bitmap Index Scan on k_2  (cost=0.00..5.45 rows=102 width=0)
	        Index Cond: ((k >= 3406885) AND (k <= 3406985))

table 3 : explain SELECT k, c FROM sbtest3 WHERE k BETWEEN 3406885 AND 3406985
	Bitmap Heap Scan on sbtest3  (cost=5.54..432.98 rows=108 width=125)
	  Recheck Cond: ((k >= 3406885) AND (k <= 3406985))
	  ->  Bitmap Index Scan on k_3  (cost=0.00..5.51 rows=108 width=0)
	        Index Cond: ((k >= 3406885) AND (k <= 3406985))

table 4 : explain SELECT k, c FROM sbtest4 WHERE k BETWEEN 3406885 AND 3406985
	Bitmap Heap Scan on sbtest4  (cost=5.46..401.48 rows=100 width=125)
	  Recheck Cond: ((k >= 3406885) AND (k <= 3406985))
	  ->  Bitmap Index Scan on k_4  (cost=0.00..5.43 rows=100 width=0)
	        Index Cond: ((k >= 3406885) AND (k <= 3406985))

table 5 : explain SELECT k, c FROM sbtest5 WHERE k BETWEEN 3406885 AND 3406985
	Bitmap Heap Scan on sbtest5  (cost=5.48..409.40 rows=102 width=125)
	  Recheck Cond: ((k >= 3406885) AND (k <= 3406985))
	  ->  Bitmap Index Scan on k_5  (cost=0.00..5.45 rows=102 width=0)
	        Index Cond: ((k >= 3406885) AND (k <= 3406985))

table 6 : explain SELECT k, c FROM sbtest6 WHERE k BETWEEN 3406885 AND 3406985
	Bitmap Heap Scan on sbtest6  (cost=5.41..381.77 rows=95 width=125)
	  Recheck Cond: ((k >= 3406885) AND (k <= 3406985))
	  ->  Bitmap Index Scan on k_6  (cost=0.00..5.38 rows=95 width=0)
	        Index Cond: ((k >= 3406885) AND (k <= 3406985))

table 7 : explain SELECT k, c FROM sbtest7 WHERE k BETWEEN 3406885 AND 3406985
	Bitmap Heap Scan on sbtest7  (cost=5.49..413.31 rows=103 width=125)
	  Recheck Cond: ((k >= 3406885) AND (k <= 3406985))
	  ->  Bitmap Index Scan on k_7  (cost=0.00..5.46 rows=103 width=0)
	        Index Cond: ((k >= 3406885) AND (k <= 3406985))

table 8 : explain SELECT k, c FROM sbtest8 WHERE k BETWEEN 3406885 AND 3406985
	Bitmap Heap Scan on sbtest8  (cost=5.38..369.93 rows=92 width=125)
	  Recheck Cond: ((k >= 3406885) AND (k <= 3406985))
	  ->  Bitmap Index Scan on k_8  (cost=0.00..5.35 rows=92 width=0)
	        Index Cond: ((k >= 3406885) AND (k <= 3406985))



explain: for range-notcovered :: explain SELECT k, c FROM sbtest%d WHERE k BETWEEN 5964910 AND 5965010
explain: for range-notcovered :: explain SELECT k, c FROM sbtest%d WHERE k BETWEEN 4780123 AND 4780223
explain: for range-notcovered :: explain SELECT k, c FROM sbtest%d WHERE k BETWEEN 5912230 AND 5912330
for range-notcovered
table 1 : explain SELECT k, c FROM sbtest1 WHERE k BETWEEN 5419310 AND 5419410
	Bitmap Heap Scan on sbtest1  (cost=5.50..417.25 rows=104 width=125)
	  Recheck Cond: ((k >= 5419310) AND (k <= 5419410))
	  ->  Bitmap Index Scan on k_1  (cost=0.00..5.47 rows=104 width=0)
	        Index Cond: ((k >= 5419310) AND (k <= 5419410))

table 2 : explain SELECT k, c FROM sbtest2 WHERE k BETWEEN 5419310 AND 5419410
	Bitmap Heap Scan on sbtest2  (cost=5.49..413.34 rows=103 width=125)
	  Recheck Cond: ((k >= 5419310) AND (k <= 5419410))
	  ->  Bitmap Index Scan on k_2  (cost=0.00..5.46 rows=103 width=0)
	        Index Cond: ((k >= 5419310) AND (k <= 5419410))

table 3 : explain SELECT k, c FROM sbtest3 WHERE k BETWEEN 5419310 AND 5419410
	Bitmap Heap Scan on sbtest3  (cost=5.56..440.86 rows=110 width=125)
	  Recheck Cond: ((k >= 5419310) AND (k <= 5419410))
	  ->  Bitmap Index Scan on k_3  (cost=0.00..5.53 rows=110 width=0)
	        Index Cond: ((k >= 5419310) AND (k <= 5419410))

table 4 : explain SELECT k, c FROM sbtest4 WHERE k BETWEEN 5419310 AND 5419410
	Bitmap Heap Scan on sbtest4  (cost=5.54..433.01 rows=108 width=125)
	  Recheck Cond: ((k >= 5419310) AND (k <= 5419410))
	  ->  Bitmap Index Scan on k_4  (cost=0.00..5.51 rows=108 width=0)
	        Index Cond: ((k >= 5419310) AND (k <= 5419410))

table 5 : explain SELECT k, c FROM sbtest5 WHERE k BETWEEN 5419310 AND 5419410
	Bitmap Heap Scan on sbtest5  (cost=5.46..401.51 rows=100 width=125)
	  Recheck Cond: ((k >= 5419310) AND (k <= 5419410))
	  ->  Bitmap Index Scan on k_5  (cost=0.00..5.43 rows=100 width=0)
	        Index Cond: ((k >= 5419310) AND (k <= 5419410))

table 6 : explain SELECT k, c FROM sbtest6 WHERE k BETWEEN 5419310 AND 5419410
	Bitmap Heap Scan on sbtest6  (cost=5.63..468.46 rows=117 width=125)
	  Recheck Cond: ((k >= 5419310) AND (k <= 5419410))
	  ->  Bitmap Index Scan on k_6  (cost=0.00..5.60 rows=117 width=0)
	        Index Cond: ((k >= 5419310) AND (k <= 5419410))

table 7 : explain SELECT k, c FROM sbtest7 WHERE k BETWEEN 5419310 AND 5419410
	Bitmap Heap Scan on sbtest7  (cost=5.45..397.54 rows=99 width=125)
	  Recheck Cond: ((k >= 5419310) AND (k <= 5419410))
	  ->  Bitmap Index Scan on k_7  (cost=0.00..5.42 rows=99 width=0)
	        Index Cond: ((k >= 5419310) AND (k <= 5419410))

table 8 : explain SELECT k, c FROM sbtest8 WHERE k BETWEEN 5419310 AND 5419410
	Bitmap Heap Scan on sbtest8  (cost=5.50..417.26 rows=104 width=125)
	  Recheck Cond: ((k >= 5419310) AND (k <= 5419410))
	  ->  Bitmap Index Scan on k_8  (cost=0.00..5.47 rows=104 width=0)
	        Index Cond: ((k >= 5419310) AND (k <= 5419410))

explain: for range-notcovered :: explain SELECT k, c FROM sbtest%d WHERE k BETWEEN 3406885 AND 3406985
explain: for range-notcovered :: explain SELECT k, c FROM sbtest%d WHERE k BETWEEN 6714694 AND 6714794
explain: for range-notcovered :: explain SELECT k, c FROM sbtest%d WHERE k BETWEEN 5419310 AND 5419410for range-notcovered
table 1 : explain SELECT k, c FROM sbtest1 WHERE k BETWEEN 6997775 AND 6997875
	Bitmap Heap Scan on sbtest1  (cost=5.52..425.13 rows=106 width=125)
	  Recheck Cond: ((k >= 6997775) AND (k <= 6997875))
	  ->  Bitmap Index Scan on k_1  (cost=0.00..5.50 rows=106 width=0)
	        Index Cond: ((k >= 6997775) AND (k <= 6997875))

table 2 : explain SELECT k, c FROM sbtest2 WHERE k BETWEEN 6997775 AND 6997875
	Bitmap Heap Scan on sbtest2  (cost=5.52..425.16 rows=106 width=125)
	  Recheck Cond: ((k >= 6997775) AND (k <= 6997875))
	  ->  Bitmap Index Scan on k_2  (cost=0.00..5.50 rows=106 width=0)
	        Index Cond: ((k >= 6997775) AND (k <= 6997875))

table 3 : explain SELECT k, c FROM sbtest3 WHERE k BETWEEN 6997775 AND 6997875
	Bitmap Heap Scan on sbtest3  (cost=5.42..385.68 rows=96 width=125)
	  Recheck Cond: ((k >= 6997775) AND (k <= 6997875))
	  ->  Bitmap Index Scan on k_3  (cost=0.00..5.39 rows=96 width=0)
	        Index Cond: ((k >= 6997775) AND (k <= 6997875))

table 4 : explain SELECT k, c FROM sbtest4 WHERE k BETWEEN 6997775 AND 6997875
	Bitmap Heap Scan on sbtest4  (cost=5.43..389.65 rows=97 width=125)
	  Recheck Cond: ((k >= 6997775) AND (k <= 6997875))
	  ->  Bitmap Index Scan on k_4  (cost=0.00..5.40 rows=97 width=0)
	        Index Cond: ((k >= 6997775) AND (k <= 6997875))

table 5 : explain SELECT k, c FROM sbtest5 WHERE k BETWEEN 6997775 AND 6997875
	Bitmap Heap Scan on sbtest5  (cost=5.47..405.45 rows=101 width=125)
	  Recheck Cond: ((k >= 6997775) AND (k <= 6997875))
	  ->  Bitmap Index Scan on k_5  (cost=0.00..5.44 rows=101 width=0)
	        Index Cond: ((k >= 6997775) AND (k <= 6997875))

table 6 : explain SELECT k, c FROM sbtest6 WHERE k BETWEEN 6997775 AND 6997875
	Bitmap Heap Scan on sbtest6  (cost=5.47..405.43 rows=101 width=125)
	  Recheck Cond: ((k >= 6997775) AND (k <= 6997875))
	  ->  Bitmap Index Scan on k_6  (cost=0.00..5.44 rows=101 width=0)
	        Index Cond: ((k >= 6997775) AND (k <= 6997875))

table 7 : explain SELECT k, c FROM sbtest7 WHERE k BETWEEN 6997775 AND 6997875
	Bitmap Heap Scan on sbtest7  (cost=5.47..405.43 rows=101 width=125)
	  Recheck Cond: ((k >= 6997775) AND (k <= 6997875))
	  ->  Bitmap Index Scan on k_7  (cost=0.00..5.44 rows=101 width=0)
	        Index Cond: ((k >= 6997775) AND (k <= 6997875))

table 8 : explain SELECT k, c FROM sbtest8 WHERE k BETWEEN 6997775 AND 6997875
	Bitmap Heap Scan on sbtest8  (cost=5.55..436.97 rows=109 width=125)
	  Recheck Cond: ((k >= 6997775) AND (k <= 6997875))
	  ->  Bitmap Index Scan on k_8  (cost=0.00..5.52 rows=109 width=0)
	        Index Cond: ((k >= 6997775) AND (k <= 6997875))


for range-notcovered
table 1 : explain SELECT k, c FROM sbtest1 WHERE k BETWEEN 6128050 AND 6128150
	Bitmap Heap Scan on sbtest1  (cost=5.43..389.65 rows=97 width=125)
	  Recheck Cond: ((k >= 6128050) AND (k <= 6128150))
	  ->  Bitmap Index Scan on k_1  (cost=0.00..5.40 rows=97 width=0)
	        Index Cond: ((k >= 6128050) AND (k <= 6128150))

table 2 : explain SELECT k, c FROM sbtest2 WHERE k BETWEEN 6128050 AND 6128150
	Bitmap Heap Scan on sbtest2  (cost=5.52..425.16 rows=106 width=125)
	  Recheck Cond: ((k >= 6128050) AND (k <= 6128150))
	  ->  Bitmap Index Scan on k_2  (cost=0.00..5.50 rows=106 width=0)
	        Index Cond: ((k >= 6128050) AND (k <= 6128150))

table 3 : explain SELECT k, c FROM sbtest3 WHERE k BETWEEN 6128050 AND 6128150
	Bitmap Heap Scan on sbtest3  (cost=5.49..413.28 rows=103 width=125)
	  Recheck Cond: ((k >= 6128050) AND (k <= 6128150))
	  ->  Bitmap Index Scan on k_3  (cost=0.00..5.46 rows=103 width=0)
	        Index Cond: ((k >= 6128050) AND (k <= 6128150))

table 4 : explain SELECT k, c FROM sbtest4 WHERE k BETWEEN 6128050 AND 6128150
	Bitmap Heap Scan on sbtest4  (cost=5.53..429.07 rows=107 width=125)
	  Recheck Cond: ((k >= 6128050) AND (k <= 6128150))
	  ->  Bitmap Index Scan on k_4  (cost=0.00..5.50 rows=107 width=0)
	        Index Cond: ((k >= 6128050) AND (k <= 6128150))

table 5 : explain SELECT k, c FROM sbtest5 WHERE k BETWEEN 6128050 AND 6128150
	Bitmap Heap Scan on sbtest5  (cost=5.47..405.45 rows=101 width=125)
	  Recheck Cond: ((k >= 6128050) AND (k <= 6128150))
	  ->  Bitmap Index Scan on k_5  (cost=0.00..5.44 rows=101 width=0)
	        Index Cond: ((k >= 6128050) AND (k <= 6128150))

table 6 : explain SELECT k, c FROM sbtest6 WHERE k BETWEEN 6128050 AND 6128150
	Bitmap Heap Scan on sbtest6  (cost=5.54..433.02 rows=108 width=125)
	  Recheck Cond: ((k >= 6128050) AND (k <= 6128150))
	  ->  Bitmap Index Scan on k_6  (cost=0.00..5.51 rows=108 width=0)
	        Index Cond: ((k >= 6128050) AND (k <= 6128150))

table 7 : explain SELECT k, c FROM sbtest7 WHERE k BETWEEN 6128050 AND 6128150
	Bitmap Heap Scan on sbtest7  (cost=5.44..393.60 rows=98 width=125)
	  Recheck Cond: ((k >= 6128050) AND (k <= 6128150))
	  ->  Bitmap Index Scan on k_7  (cost=0.00..5.42 rows=98 width=0)
	        Index Cond: ((k >= 6128050) AND (k <= 6128150))

table 8 : explain SELECT k, c FROM sbtest8 WHERE k BETWEEN 6128050 AND 6128150
	Bitmap Heap Scan on sbtest8  (cost=5.43..389.66 rows=97 width=125)
	  Recheck Cond: ((k >= 6128050) AND (k <= 6128150))
	  ->  Bitmap Index Scan on k_8  (cost=0.00..5.40 rows=97 width=0)
	        Index Cond: ((k >= 6128050) AND (k <= 6128150))
for range-notcovered
table 1 : explain SELECT k, c FROM sbtest1 WHERE k BETWEEN 6889981 AND 6890081
	Bitmap Heap Scan on sbtest1  (cost=5.68..484.20 rows=121 width=125)
	  Recheck Cond: ((k >= 6889981) AND (k <= 6890081))
	  ->  Bitmap Index Scan on k_1  (cost=0.00..5.64 rows=121 width=0)
	        Index Cond: ((k >= 6889981) AND (k <= 6890081))

table 2 : explain SELECT k, c FROM sbtest2 WHERE k BETWEEN 6889981 AND 6890081
	Bitmap Heap Scan on sbtest2  (cost=5.51..421.22 rows=105 width=125)
	  Recheck Cond: ((k >= 6889981) AND (k <= 6890081))
	  ->  Bitmap Index Scan on k_2  (cost=0.00..5.48 rows=105 width=0)
	        Index Cond: ((k >= 6889981) AND (k <= 6890081))

table 3 : explain SELECT k, c FROM sbtest3 WHERE k BETWEEN 6889981 AND 6890081
	Bitmap Heap Scan on sbtest3  (cost=5.46..401.45 rows=100 width=125)
	  Recheck Cond: ((k >= 6889981) AND (k <= 6890081))
	  ->  Bitmap Index Scan on k_3  (cost=0.00..5.43 rows=100 width=0)
	        Index Cond: ((k >= 6889981) AND (k <= 6890081))

table 4 : explain SELECT k, c FROM sbtest4 WHERE k BETWEEN 6889981 AND 6890081
	Bitmap Heap Scan on sbtest4  (cost=5.50..417.25 rows=104 width=125)
	  Recheck Cond: ((k >= 6889981) AND (k <= 6890081))
	  ->  Bitmap Index Scan on k_4  (cost=0.00..5.47 rows=104 width=0)
	        Index Cond: ((k >= 6889981) AND (k <= 6890081))

table 5 : explain SELECT k, c FROM sbtest5 WHERE k BETWEEN 6889981 AND 6890081
	Bitmap Heap Scan on sbtest5  (cost=5.46..401.51 rows=100 width=125)
	  Recheck Cond: ((k >= 6889981) AND (k <= 6890081))
	  ->  Bitmap Index Scan on k_5  (cost=0.00..5.43 rows=100 width=0)
	        Index Cond: ((k >= 6889981) AND (k <= 6890081))

table 6 : explain SELECT k, c FROM sbtest6 WHERE k BETWEEN 6889981 AND 6890081
	Bitmap Heap Scan on sbtest6  (cost=5.46..401.49 rows=100 width=125)
	  Recheck Cond: ((k >= 6889981) AND (k <= 6890081))
	  ->  Bitmap Index Scan on k_6  (cost=0.00..5.43 rows=100 width=0)
	        Index Cond: ((k >= 6889981) AND (k <= 6890081))

table 7 : explain SELECT k, c FROM sbtest7 WHERE k BETWEEN 6889981 AND 6890081
	Bitmap Heap Scan on sbtest7  (cost=5.43..389.65 rows=97 width=125)
	  Recheck Cond: ((k >= 6889981) AND (k <= 6890081))
	  ->  Bitmap Index Scan on k_7  (cost=0.00..5.40 rows=97 width=0)
	        Index Cond: ((k >= 6889981) AND (k <= 6890081))

table 8 : explain SELECT k, c FROM sbtest8 WHERE k BETWEEN 6889981 AND 6890081
	Bitmap Heap Scan on sbtest8  (cost=5.46..401.49 rows=100 width=125)
	  Recheck Cond: ((k >= 6889981) AND (k <= 6890081))
	  ->  Bitmap Index Scan on k_8  (cost=0.00..5.43 rows=100 width=0)
	        Index Cond: ((k >= 6889981) AND (k <= 6890081))


for range-notcovered
table 1 : explain SELECT k, c FROM sbtest1 WHERE k BETWEEN 2845276 AND 2845376
	Bitmap Heap Scan on sbtest1  (cost=5.53..429.07 rows=107 width=125)
	  Recheck Cond: ((k >= 2845276) AND (k <= 2845376))
	  ->  Bitmap Index Scan on k_1  (cost=0.00..5.50 rows=107 width=0)
	        Index Cond: ((k >= 2845276) AND (k <= 2845376))

table 2 : explain SELECT k, c FROM sbtest2 WHERE k BETWEEN 2845276 AND 2845376
	Bitmap Heap Scan on sbtest2  (cost=5.41..381.79 rows=95 width=125)
	  Recheck Cond: ((k >= 2845276) AND (k <= 2845376))
	  ->  Bitmap Index Scan on k_2  (cost=0.00..5.38 rows=95 width=0)
	        Index Cond: ((k >= 2845276) AND (k <= 2845376))

table 3 : explain SELECT k, c FROM sbtest3 WHERE k BETWEEN 2845276 AND 2845376
	Bitmap Heap Scan on sbtest3  (cost=5.38..369.90 rows=92 width=125)
	  Recheck Cond: ((k >= 2845276) AND (k <= 2845376))
	  ->  Bitmap Index Scan on k_3  (cost=0.00..5.35 rows=92 width=0)
	        Index Cond: ((k >= 2845276) AND (k <= 2845376))

table 4 : explain SELECT k, c FROM sbtest4 WHERE k BETWEEN 2845276 AND 2845376
	Bitmap Heap Scan on sbtest4  (cost=5.45..397.54 rows=99 width=125)
	  Recheck Cond: ((k >= 2845276) AND (k <= 2845376))
	  ->  Bitmap Index Scan on k_4  (cost=0.00..5.42 rows=99 width=0)
	        Index Cond: ((k >= 2845276) AND (k <= 2845376))

table 5 : explain SELECT k, c FROM sbtest5 WHERE k BETWEEN 2845276 AND 2845376
	Bitmap Heap Scan on sbtest5  (cost=5.41..381.79 rows=95 width=125)
	  Recheck Cond: ((k >= 2845276) AND (k <= 2845376))
	  ->  Bitmap Index Scan on k_5  (cost=0.00..5.38 rows=95 width=0)
	        Index Cond: ((k >= 2845276) AND (k <= 2845376))

table 6 : explain SELECT k, c FROM sbtest6 WHERE k BETWEEN 2845276 AND 2845376
	Bitmap Heap Scan on sbtest6  (cost=5.51..421.20 rows=105 width=125)
	  Recheck Cond: ((k >= 2845276) AND (k <= 2845376))
	  ->  Bitmap Index Scan on k_6  (cost=0.00..5.48 rows=105 width=0)
	        Index Cond: ((k >= 2845276) AND (k <= 2845376))

table 7 : explain SELECT k, c FROM sbtest7 WHERE k BETWEEN 2845276 AND 2845376
	Bitmap Heap Scan on sbtest7  (cost=5.52..425.14 rows=106 width=125)
	  Recheck Cond: ((k >= 2845276) AND (k <= 2845376))
	  ->  Bitmap Index Scan on k_7  (cost=0.00..5.50 rows=106 width=0)
	        Index Cond: ((k >= 2845276) AND (k <= 2845376))

table 8 : explain SELECT k, c FROM sbtest8 WHERE k BETWEEN 2845276 AND 2845376
	Bitmap Heap Scan on sbtest8  (cost=5.46..401.49 rows=100 width=125)
	  Recheck Cond: ((k >= 2845276) AND (k <= 2845376))
	  ->  Bitmap Index Scan on k_8  (cost=0.00..5.43 rows=100 width=0)
	        Index Cond: ((k >= 2845276) AND (k <= 2845376))

for range-notcovered
table 1 : explain SELECT k, c FROM sbtest1 WHERE k BETWEEN 7966267 AND 7966367
	Bitmap Heap Scan on sbtest1  (cost=5.48..409.37 rows=102 width=125)
	  Recheck Cond: ((k >= 7966267) AND (k <= 7966367))
	  ->  Bitmap Index Scan on k_1  (cost=0.00..5.45 rows=102 width=0)
	        Index Cond: ((k >= 7966267) AND (k <= 7966367))

table 2 : explain SELECT k, c FROM sbtest2 WHERE k BETWEEN 7966267 AND 7966367
	Bitmap Heap Scan on sbtest2  (cost=5.49..413.34 rows=103 width=125)
	  Recheck Cond: ((k >= 7966267) AND (k <= 7966367))
	  ->  Bitmap Index Scan on k_2  (cost=0.00..5.46 rows=103 width=0)
	        Index Cond: ((k >= 7966267) AND (k <= 7966367))

table 3 : explain SELECT k, c FROM sbtest3 WHERE k BETWEEN 7966267 AND 7966367
	Bitmap Heap Scan on sbtest3  (cost=5.51..421.16 rows=105 width=125)
	  Recheck Cond: ((k >= 7966267) AND (k <= 7966367))
	  ->  Bitmap Index Scan on k_3  (cost=0.00..5.48 rows=105 width=0)
	        Index Cond: ((k >= 7966267) AND (k <= 7966367))

table 4 : explain SELECT k, c FROM sbtest4 WHERE k BETWEEN 7966267 AND 7966367
	Bitmap Heap Scan on sbtest4  (cost=5.46..401.48 rows=100 width=125)
	  Recheck Cond: ((k >= 7966267) AND (k <= 7966367))
	  ->  Bitmap Index Scan on k_4  (cost=0.00..5.43 rows=100 width=0)
	        Index Cond: ((k >= 7966267) AND (k <= 7966367))

table 5 : explain SELECT k, c FROM sbtest5 WHERE k BETWEEN 7966267 AND 7966367
	Bitmap Heap Scan on sbtest5  (cost=5.42..385.73 rows=96 width=125)
	  Recheck Cond: ((k >= 7966267) AND (k <= 7966367))
	  ->  Bitmap Index Scan on k_5  (cost=0.00..5.39 rows=96 width=0)
	        Index Cond: ((k >= 7966267) AND (k <= 7966367))

table 6 : explain SELECT k, c FROM sbtest6 WHERE k BETWEEN 7966267 AND 7966367
	Bitmap Heap Scan on sbtest6  (cost=5.42..385.71 rows=96 width=125)
	  Recheck Cond: ((k >= 7966267) AND (k <= 7966367))
	  ->  Bitmap Index Scan on k_6  (cost=0.00..5.39 rows=96 width=0)
	        Index Cond: ((k >= 7966267) AND (k <= 7966367))

table 7 : explain SELECT k, c FROM sbtest7 WHERE k BETWEEN 7966267 AND 7966367
	Bitmap Heap Scan on sbtest7  (cost=5.52..425.14 rows=106 width=125)
	  Recheck Cond: ((k >= 7966267) AND (k <= 7966367))
	  ->  Bitmap Index Scan on k_7  (cost=0.00..5.50 rows=106 width=0)
	        Index Cond: ((k >= 7966267) AND (k <= 7966367))

table 8 : explain SELECT k, c FROM sbtest8 WHERE k BETWEEN 7966267 AND 7966367
	Bitmap Heap Scan on sbtest8  (cost=5.50..417.26 rows=104 width=125)
	  Recheck Cond: ((k >= 7966267) AND (k <= 7966367))
	  ->  Bitmap Index Scan on k_8  (cost=0.00..5.47 rows=104 width=0)
	        Index Cond: ((k >= 7966267) AND (k <= 7966367))

for range-notcovered
table 1 : explain SELECT k, c FROM sbtest1 WHERE k BETWEEN 3282562 AND 3282662
	Bitmap Heap Scan on sbtest1  (cost=5.45..397.54 rows=99 width=125)
	  Recheck Cond: ((k >= 3282562) AND (k <= 3282662))
	  ->  Bitmap Index Scan on k_1  (cost=0.00..5.42 rows=99 width=0)
	        Index Cond: ((k >= 3282562) AND (k <= 3282662))

table 2 : explain SELECT k, c FROM sbtest2 WHERE k BETWEEN 3282562 AND 3282662
	Bitmap Heap Scan on sbtest2  (cost=5.44..393.62 rows=98 width=125)
	  Recheck Cond: ((k >= 3282562) AND (k <= 3282662))
	  ->  Bitmap Index Scan on k_2  (cost=0.00..5.42 rows=98 width=0)
	        Index Cond: ((k >= 3282562) AND (k <= 3282662))

table 3 : explain SELECT k, c FROM sbtest3 WHERE k BETWEEN 3282562 AND 3282662
	Bitmap Heap Scan on sbtest3  (cost=5.49..413.28 rows=103 width=125)
	  Recheck Cond: ((k >= 3282562) AND (k <= 3282662))
	  ->  Bitmap Index Scan on k_3  (cost=0.00..5.46 rows=103 width=0)
	        Index Cond: ((k >= 3282562) AND (k <= 3282662))

table 4 : explain SELECT k, c FROM sbtest4 WHERE k BETWEEN 3282562 AND 3282662
	Bitmap Heap Scan on sbtest4  (cost=5.52..425.13 rows=106 width=125)
	  Recheck Cond: ((k >= 3282562) AND (k <= 3282662))
	  ->  Bitmap Index Scan on k_4  (cost=0.00..5.50 rows=106 width=0)
	        Index Cond: ((k >= 3282562) AND (k <= 3282662))

table 5 : explain SELECT k, c FROM sbtest5 WHERE k BETWEEN 3282562 AND 3282662
	Bitmap Heap Scan on sbtest5  (cost=5.50..417.28 rows=104 width=125)
	  Recheck Cond: ((k >= 3282562) AND (k <= 3282662))
	  ->  Bitmap Index Scan on k_5  (cost=0.00..5.47 rows=104 width=0)
	        Index Cond: ((k >= 3282562) AND (k <= 3282662))

table 6 : explain SELECT k, c FROM sbtest6 WHERE k BETWEEN 3282562 AND 3282662
	Bitmap Heap Scan on sbtest6  (cost=5.41..381.77 rows=95 width=125)
	  Recheck Cond: ((k >= 3282562) AND (k <= 3282662))
	  ->  Bitmap Index Scan on k_6  (cost=0.00..5.38 rows=95 width=0)
	        Index Cond: ((k >= 3282562) AND (k <= 3282662))

table 7 : explain SELECT k, c FROM sbtest7 WHERE k BETWEEN 3282562 AND 3282662
	Bitmap Heap Scan on sbtest7  (cost=5.42..385.71 rows=96 width=125)
	  Recheck Cond: ((k >= 3282562) AND (k <= 3282662))
	  ->  Bitmap Index Scan on k_7  (cost=0.00..5.39 rows=96 width=0)
	        Index Cond: ((k >= 3282562) AND (k <= 3282662))

table 8 : explain SELECT k, c FROM sbtest8 WHERE k BETWEEN 3282562 AND 3282662
	Bitmap Heap Scan on sbtest8  (cost=5.57..444.85 rows=111 width=125)
	  Recheck Cond: ((k >= 3282562) AND (k <= 3282662))
	  ->  Bitmap Index Scan on k_8  (cost=0.00..5.54 rows=111 width=0)
	        Index Cond: ((k >= 3282562) AND (k <= 3282662))

for range-notcovered
table 1 : explain SELECT k, c FROM sbtest1 WHERE k BETWEEN 1158135 AND 1158235
	Bitmap Heap Scan on sbtest1  (cost=5.49..413.31 rows=103 width=125)
	  Recheck Cond: ((k >= 1158135) AND (k <= 1158235))
	  ->  Bitmap Index Scan on k_1  (cost=0.00..5.46 rows=103 width=0)
	        Index Cond: ((k >= 1158135) AND (k <= 1158235))

table 2 : explain SELECT k, c FROM sbtest2 WHERE k BETWEEN 1158135 AND 1158235
	Bitmap Heap Scan on sbtest2  (cost=5.50..417.28 rows=104 width=125)
	  Recheck Cond: ((k >= 1158135) AND (k <= 1158235))
	  ->  Bitmap Index Scan on k_2  (cost=0.00..5.47 rows=104 width=0)
	        Index Cond: ((k >= 1158135) AND (k <= 1158235))

table 3 : explain SELECT k, c FROM sbtest3 WHERE k BETWEEN 1158135 AND 1158235
	Bitmap Heap Scan on sbtest3  (cost=5.54..432.98 rows=108 width=125)
	  Recheck Cond: ((k >= 1158135) AND (k <= 1158235))
	  ->  Bitmap Index Scan on k_3  (cost=0.00..5.51 rows=108 width=0)
	        Index Cond: ((k >= 1158135) AND (k <= 1158235))

table 4 : explain SELECT k, c FROM sbtest4 WHERE k BETWEEN 1158135 AND 1158235
	Bitmap Heap Scan on sbtest4  (cost=5.56..440.89 rows=110 width=125)
	  Recheck Cond: ((k >= 1158135) AND (k <= 1158235))
	  ->  Bitmap Index Scan on k_4  (cost=0.00..5.53 rows=110 width=0)
	        Index Cond: ((k >= 1158135) AND (k <= 1158235))

table 5 : explain SELECT k, c FROM sbtest5 WHERE k BETWEEN 1158135 AND 1158235
	Bitmap Heap Scan on sbtest5  (cost=5.55..436.99 rows=109 width=125)
	  Recheck Cond: ((k >= 1158135) AND (k <= 1158235))
	  ->  Bitmap Index Scan on k_5  (cost=0.00..5.52 rows=109 width=0)
	        Index Cond: ((k >= 1158135) AND (k <= 1158235))

table 6 : explain SELECT k, c FROM sbtest6 WHERE k BETWEEN 1158135 AND 1158235
	Bitmap Heap Scan on sbtest6  (cost=5.56..440.90 rows=110 width=125)
	  Recheck Cond: ((k >= 1158135) AND (k <= 1158235))
	  ->  Bitmap Index Scan on k_6  (cost=0.00..5.53 rows=110 width=0)
	        Index Cond: ((k >= 1158135) AND (k <= 1158235))

table 7 : explain SELECT k, c FROM sbtest7 WHERE k BETWEEN 1158135 AND 1158235
	Bitmap Heap Scan on sbtest7  (cost=5.51..421.20 rows=105 width=125)
	  Recheck Cond: ((k >= 1158135) AND (k <= 1158235))
	  ->  Bitmap Index Scan on k_7  (cost=0.00..5.48 rows=105 width=0)
	        Index Cond: ((k >= 1158135) AND (k <= 1158235))

table 8 : explain SELECT k, c FROM sbtest8 WHERE k BETWEEN 1158135 AND 1158235
	Bitmap Heap Scan on sbtest8  (cost=5.59..452.72 rows=113 width=125)
	  Recheck Cond: ((k >= 1158135) AND (k <= 1158235))
	  ->  Bitmap Index Scan on k_8  (cost=0.00..5.56 rows=113 width=0)
	        Index Cond: ((k >= 1158135) AND (k <= 1158235))

for range-notcovered
table 1 : explain SELECT k, c FROM sbtest1 WHERE k BETWEEN 5036418 AND 5036518
	Bitmap Heap Scan on sbtest1  (cost=5.48..409.37 rows=102 width=125)
	  Recheck Cond: ((k >= 5036418) AND (k <= 5036518))
	  ->  Bitmap Index Scan on k_1  (cost=0.00..5.45 rows=102 width=0)
	        Index Cond: ((k >= 5036418) AND (k <= 5036518))

table 2 : explain SELECT k, c FROM sbtest2 WHERE k BETWEEN 5036418 AND 5036518
	Bitmap Heap Scan on sbtest2  (cost=5.50..417.28 rows=104 width=125)
	  Recheck Cond: ((k >= 5036418) AND (k <= 5036518))
	  ->  Bitmap Index Scan on k_2  (cost=0.00..5.47 rows=104 width=0)
	        Index Cond: ((k >= 5036418) AND (k <= 5036518))

table 3 : explain SELECT k, c FROM sbtest3 WHERE k BETWEEN 5036418 AND 5036518
	Bitmap Heap Scan on sbtest3  (cost=5.52..425.10 rows=106 width=125)
	  Recheck Cond: ((k >= 5036418) AND (k <= 5036518))
	  ->  Bitmap Index Scan on k_3  (cost=0.00..5.50 rows=106 width=0)
	        Index Cond: ((k >= 5036418) AND (k <= 5036518))

table 4 : explain SELECT k, c FROM sbtest4 WHERE k BETWEEN 5036418 AND 5036518
	Bitmap Heap Scan on sbtest4  (cost=5.53..429.07 rows=107 width=125)
	  Recheck Cond: ((k >= 5036418) AND (k <= 5036518))
	  ->  Bitmap Index Scan on k_4  (cost=0.00..5.50 rows=107 width=0)
	        Index Cond: ((k >= 5036418) AND (k <= 5036518))

table 5 : explain SELECT k, c FROM sbtest5 WHERE k BETWEEN 5036418 AND 5036518
	Bitmap Heap Scan on sbtest5  (cost=5.48..409.40 rows=102 width=125)
	  Recheck Cond: ((k >= 5036418) AND (k <= 5036518))
	  ->  Bitmap Index Scan on k_5  (cost=0.00..5.45 rows=102 width=0)
	        Index Cond: ((k >= 5036418) AND (k <= 5036518))

table 6 : explain SELECT k, c FROM sbtest6 WHERE k BETWEEN 5036418 AND 5036518
	Bitmap Heap Scan on sbtest6  (cost=5.51..421.20 rows=105 width=125)
	  Recheck Cond: ((k >= 5036418) AND (k <= 5036518))
	  ->  Bitmap Index Scan on k_6  (cost=0.00..5.48 rows=105 width=0)
	        Index Cond: ((k >= 5036418) AND (k <= 5036518))

table 7 : explain SELECT k, c FROM sbtest7 WHERE k BETWEEN 5036418 AND 5036518
	Bitmap Heap Scan on sbtest7  (cost=5.51..421.20 rows=105 width=125)
	  Recheck Cond: ((k >= 5036418) AND (k <= 5036518))
	  ->  Bitmap Index Scan on k_7  (cost=0.00..5.48 rows=105 width=0)
	        Index Cond: ((k >= 5036418) AND (k <= 5036518))

table 8 : explain SELECT k, c FROM sbtest8 WHERE k BETWEEN 5036418 AND 5036518
	Bitmap Heap Scan on sbtest8  (cost=5.53..429.09 rows=107 width=125)
	  Recheck Cond: ((k >= 5036418) AND (k <= 5036518))
	  ->  Bitmap Index Scan on k_8  (cost=0.00..5.50 rows=107 width=0)
	        Index Cond: ((k >= 5036418) AND (k <= 5036518))

explain: for range-notcovered :: explain SELECT k, c FROM sbtest%d WHERE k BETWEEN 6889981 AND 6890081explain: for range-notcovered :: explain SELECT k, c FROM sbtest%d WHERE k BETWEEN 7966267 AND 7966367
for range-notcovered
table 1 : explain SELECT k, c FROM sbtest1 WHERE k BETWEEN 8429688 AND 8429788
	Bitmap Heap Scan on sbtest1  (cost=5.45..397.54 rows=99 width=125)
	  Recheck Cond: ((k >= 8429688) AND (k <= 8429788))
	  ->  Bitmap Index Scan on k_1  (cost=0.00..5.42 rows=99 width=0)
	        Index Cond: ((k >= 8429688) AND (k <= 8429788))

table 2 : explain SELECT k, c FROM sbtest2 WHERE k BETWEEN 8429688 AND 8429788
	Bitmap Heap Scan on sbtest2  (cost=5.45..397.57 rows=99 width=125)
	  Recheck Cond: ((k >= 8429688) AND (k <= 8429788))
	  ->  Bitmap Index Scan on k_2  (cost=0.00..5.42 rows=99 width=0)
	        Index Cond: ((k >= 8429688) AND (k <= 8429788))

table 3 : explain SELECT k, c FROM sbtest3 WHERE k BETWEEN 8429688 AND 8429788
	Bitmap Heap Scan on sbtest3  (cost=5.43..389.62 rows=97 width=125)
	  Recheck Cond: ((k >= 8429688) AND (k <= 8429788))
	  ->  Bitmap Index Scan on k_3  (cost=0.00..5.40 rows=97 width=0)
	        Index Cond: ((k >= 8429688) AND (k <= 8429788))

table 4 : explain SELECT k, c FROM sbtest4 WHERE k BETWEEN 8429688 AND 8429788
	Bitmap Heap Scan on sbtest4  (cost=5.48..409.36 rows=102 width=125)
	  Recheck Cond: ((k >= 8429688) AND (k <= 8429788))
	  ->  Bitmap Index Scan on k_4  (cost=0.00..5.45 rows=102 width=0)
	        Index Cond: ((k >= 8429688) AND (k <= 8429788))

table 5 : explain SELECT k, c FROM sbtest5 WHERE k BETWEEN 8429688 AND 8429788
	Bitmap Heap Scan on sbtest5  (cost=5.50..417.28 rows=104 width=125)
	  Recheck Cond: ((k >= 8429688) AND (k <= 8429788))
	  ->  Bitmap Index Scan on k_5  (cost=0.00..5.47 rows=104 width=0)
	        Index Cond: ((k >= 8429688) AND (k <= 8429788))

table 6 : explain SELECT k, c FROM sbtest6 WHERE k BETWEEN 8429688 AND 8429788
	Bitmap Heap Scan on sbtest6  (cost=5.55..436.96 rows=109 width=125)
	  Recheck Cond: ((k >= 8429688) AND (k <= 8429788))
	  ->  Bitmap Index Scan on k_6  (cost=0.00..5.52 rows=109 width=0)
	        Index Cond: ((k >= 8429688) AND (k <= 8429788))

table 7 : explain SELECT k, c FROM sbtest7 WHERE k BETWEEN 8429688 AND 8429788
	Bitmap Heap Scan on sbtest7  (cost=5.52..425.14 rows=106 width=125)
	  Recheck Cond: ((k >= 8429688) AND (k <= 8429788))
	  ->  Bitmap Index Scan on k_7  (cost=0.00..5.50 rows=106 width=0)
	        Index Cond: ((k >= 8429688) AND (k <= 8429788))

table 8 : explain SELECT k, c FROM sbtest8 WHERE k BETWEEN 8429688 AND 8429788
	Bitmap Heap Scan on sbtest8  (cost=5.54..433.03 rows=108 width=125)
	  Recheck Cond: ((k >= 8429688) AND (k <= 8429788))
	  ->  Bitmap Index Scan on k_8  (cost=0.00..5.51 rows=108 width=0)
	        Index Cond: ((k >= 8429688) AND (k <= 8429788))
explain: for range-notcovered :: explain SELECT k, c FROM sbtest%d WHERE k BETWEEN 3282562 AND 3282662
explain: for range-notcovered :: explain SELECT k, c FROM sbtest%d WHERE k BETWEEN 6997775 AND 6997875


for range-notcovered
table 1 : explain SELECT k, c FROM sbtest1 WHERE k BETWEEN 7541855 AND 7541955
	Bitmap Heap Scan on sbtest1  (cost=5.43..389.65 rows=97 width=125)
	  Recheck Cond: ((k >= 7541855) AND (k <= 7541955))
	  ->  Bitmap Index Scan on k_1  (cost=0.00..5.40 rows=97 width=0)
	        Index Cond: ((k >= 7541855) AND (k <= 7541955))

table 2 : explain SELECT k, c FROM sbtest2 WHERE k BETWEEN 7541855 AND 7541955
	Bitmap Heap Scan on sbtest2  (cost=5.42..385.73 rows=96 width=125)
	  Recheck Cond: ((k >= 7541855) AND (k <= 7541955))
	  ->  Bitmap Index Scan on k_2  (cost=0.00..5.39 rows=96 width=0)
	        Index Cond: ((k >= 7541855) AND (k <= 7541955))

table 3 : explain SELECT k, c FROM sbtest3 WHERE k BETWEEN 7541855 AND 7541955
	Bitmap Heap Scan on sbtest3  (cost=5.54..432.98 rows=108 width=125)
	  Recheck Cond: ((k >= 7541855) AND (k <= 7541955))
	  ->  Bitmap Index Scan on k_3  (cost=0.00..5.51 rows=108 width=0)
	        Index Cond: ((k >= 7541855) AND (k <= 7541955))

table 4 : explain SELECT k, c FROM sbtest4 WHERE k BETWEEN 7541855 AND 7541955
	Bitmap Heap Scan on sbtest4  (cost=5.44..393.59 rows=98 width=125)
	  Recheck Cond: ((k >= 7541855) AND (k <= 7541955))
	  ->  Bitmap Index Scan on k_4  (cost=0.00..5.42 rows=98 width=0)
	        Index Cond: ((k >= 7541855) AND (k <= 7541955))

table 5 : explain SELECT k, c FROM sbtest5 WHERE k BETWEEN 7541855 AND 7541955
	Bitmap Heap Scan on sbtest5  (cost=5.55..436.99 rows=109 width=125)
	  Recheck Cond: ((k >= 7541855) AND (k <= 7541955))
	  ->  Bitmap Index Scan on k_5  (cost=0.00..5.52 rows=109 width=0)
	        Index Cond: ((k >= 7541855) AND (k <= 7541955))

table 6 : explain SELECT k, c FROM sbtest6 WHERE k BETWEEN 7541855 AND 7541955
	Bitmap Heap Scan on sbtest6  (cost=5.48..409.37 rows=102 width=125)
	  Recheck Cond: ((k >= 7541855) AND (k <= 7541955))
	  ->  Bitmap Index Scan on k_6  (cost=0.00..5.45 rows=102 width=0)
	        Index Cond: ((k >= 7541855) AND (k <= 7541955))

table 7 : explain SELECT k, c FROM sbtest7 WHERE k BETWEEN 7541855 AND 7541955
	Bitmap Heap Scan on sbtest7  (cost=5.53..429.08 rows=107 width=125)
	  Recheck Cond: ((k >= 7541855) AND (k <= 7541955))
	  ->  Bitmap Index Scan on k_7  (cost=0.00..5.50 rows=107 width=0)
	        Index Cond: ((k >= 7541855) AND (k <= 7541955))

table 8 : explain SELECT k, c FROM sbtest8 WHERE k BETWEEN 7541855 AND 7541955
	Bitmap Heap Scan on sbtest8  (cost=5.47..405.44 rows=101 width=125)
	  Recheck Cond: ((k >= 7541855) AND (k <= 7541955))
	  ->  Bitmap Index Scan on k_8  (cost=0.00..5.44 rows=101 width=0)
	        Index Cond: ((k >= 7541855) AND (k <= 7541955))

explain: for range-notcovered :: explain SELECT k, c FROM sbtest%d WHERE k BETWEEN 5036418 AND 5036518
for range-notcovered
table 1 : explain SELECT k, c FROM sbtest1 WHERE k BETWEEN 1880241 AND 1880341
	Bitmap Heap Scan on sbtest1  (cost=5.42..385.71 rows=96 width=125)
	  Recheck Cond: ((k >= 1880241) AND (k <= 1880341))
	  ->  Bitmap Index Scan on k_1  (cost=0.00..5.39 rows=96 width=0)
	        Index Cond: ((k >= 1880241) AND (k <= 1880341))

table 2 : explain SELECT k, c FROM sbtest2 WHERE k BETWEEN 1880241 AND 1880341
	Bitmap Heap Scan on sbtest2  (cost=5.49..413.34 rows=103 width=125)
	  Recheck Cond: ((k >= 1880241) AND (k <= 1880341))
	  ->  Bitmap Index Scan on k_2  (cost=0.00..5.46 rows=103 width=0)
	        Index Cond: ((k >= 1880241) AND (k <= 1880341))

table 3 : explain SELECT k, c FROM sbtest3 WHERE k BETWEEN 1880241 AND 1880341
	Bitmap Heap Scan on sbtest3  (cost=5.50..417.22 rows=104 width=125)
	  Recheck Cond: ((k >= 1880241) AND (k <= 1880341))
	  ->  Bitmap Index Scan on k_3  (cost=0.00..5.47 rows=104 width=0)
	        Index Cond: ((k >= 1880241) AND (k <= 1880341))

table 4 : explain SELECT k, c FROM sbtest4 WHERE k BETWEEN 1880241 AND 1880341
	Bitmap Heap Scan on sbtest4  (cost=5.42..385.70 rows=96 width=125)
	  Recheck Cond: ((k >= 1880241) AND (k <= 1880341))
	  ->  Bitmap Index Scan on k_4  (cost=0.00..5.39 rows=96 width=0)
	        Index Cond: ((k >= 1880241) AND (k <= 1880341))

table 5 : explain SELECT k, c FROM sbtest5 WHERE k BETWEEN 1880241 AND 1880341
	Bitmap Heap Scan on sbtest5  (cost=5.51..421.22 rows=105 width=125)
	  Recheck Cond: ((k >= 1880241) AND (k <= 1880341))
	  ->  Bitmap Index Scan on k_5  (cost=0.00..5.48 rows=105 width=0)
	        Index Cond: ((k >= 1880241) AND (k <= 1880341))

table 6 : explain SELECT k, c FROM sbtest6 WHERE k BETWEEN 1880241 AND 1880341
	Bitmap Heap Scan on sbtest6  (cost=5.47..405.43 rows=101 width=125)
	  Recheck Cond: ((k >= 1880241) AND (k <= 1880341))
	  ->  Bitmap Index Scan on k_6  (cost=0.00..5.44 rows=101 width=0)
	        Index Cond: ((k >= 1880241) AND (k <= 1880341))

table 7 : explain SELECT k, c FROM sbtest7 WHERE k BETWEEN 1880241 AND 1880341
	Bitmap Heap Scan on sbtest7  (cost=5.45..397.54 rows=99 width=125)
	  Recheck Cond: ((k >= 1880241) AND (k <= 1880341))
	  ->  Bitmap Index Scan on k_7  (cost=0.00..5.42 rows=99 width=0)
	        Index Cond: ((k >= 1880241) AND (k <= 1880341))

table 8 : explain SELECT k, c FROM sbtest8 WHERE k BETWEEN 1880241 AND 1880341
	Bitmap Heap Scan on sbtest8  (cost=5.52..425.15 rows=106 width=125)
	  Recheck Cond: ((k >= 1880241) AND (k <= 1880341))
	  ->  Bitmap Index Scan on k_8  (cost=0.00..5.50 rows=106 width=0)
	        Index Cond: ((k >= 1880241) AND (k <= 1880341))

for range-notcovered
table 1 : explain SELECT k, c FROM sbtest1 WHERE k BETWEEN 4815064 AND 4815164
	Bitmap Heap Scan on sbtest1  (cost=5.58..448.77 rows=112 width=125)
	  Recheck Cond: ((k >= 4815064) AND (k <= 4815164))
	  ->  Bitmap Index Scan on k_1  (cost=0.00..5.55 rows=112 width=0)
	        Index Cond: ((k >= 4815064) AND (k <= 4815164))

table 2 : explain SELECT k, c FROM sbtest2 WHERE k BETWEEN 4815064 AND 4815164
	Bitmap Heap Scan on sbtest2  (cost=5.49..413.34 rows=103 width=125)
	  Recheck Cond: ((k >= 4815064) AND (k <= 4815164))
	  ->  Bitmap Index Scan on k_2  (cost=0.00..5.46 rows=103 width=0)
	        Index Cond: ((k >= 4815064) AND (k <= 4815164))

table 3 : explain SELECT k, c FROM sbtest3 WHERE k BETWEEN 4815064 AND 4815164
	Bitmap Heap Scan on sbtest3  (cost=5.48..409.34 rows=102 width=125)
	  Recheck Cond: ((k >= 4815064) AND (k <= 4815164))
	  ->  Bitmap Index Scan on k_3  (cost=0.00..5.45 rows=102 width=0)
	        Index Cond: ((k >= 4815064) AND (k <= 4815164))

table 4 : explain SELECT k, c FROM sbtest4 WHERE k BETWEEN 4815064 AND 4815164
	Bitmap Heap Scan on sbtest4  (cost=5.43..389.65 rows=97 width=125)
	  Recheck Cond: ((k >= 4815064) AND (k <= 4815164))
	  ->  Bitmap Index Scan on k_4  (cost=0.00..5.40 rows=97 width=0)
	        Index Cond: ((k >= 4815064) AND (k <= 4815164))

table 5 : explain SELECT k, c FROM sbtest5 WHERE k BETWEEN 4815064 AND 4815164
	Bitmap Heap Scan on sbtest5  (cost=5.47..405.45 rows=101 width=125)
	  Recheck Cond: ((k >= 4815064) AND (k <= 4815164))
	  ->  Bitmap Index Scan on k_5  (cost=0.00..5.44 rows=101 width=0)
	        Index Cond: ((k >= 4815064) AND (k <= 4815164))

table 6 : explain SELECT k, c FROM sbtest6 WHERE k BETWEEN 4815064 AND 4815164
	Bitmap Heap Scan on sbtest6  (cost=5.45..397.54 rows=99 width=125)
	  Recheck Cond: ((k >= 4815064) AND (k <= 4815164))
	  ->  Bitmap Index Scan on k_6  (cost=0.00..5.42 rows=99 width=0)
	        Index Cond: ((k >= 4815064) AND (k <= 4815164))

table 7 : explain SELECT k, c FROM sbtest7 WHERE k BETWEEN 4815064 AND 4815164
	Bitmap Heap Scan on sbtest7  (cost=5.47..405.43 rows=101 width=125)
	  Recheck Cond: ((k >= 4815064) AND (k <= 4815164))
	  ->  Bitmap Index Scan on k_7  (cost=0.00..5.44 rows=101 width=0)
	        Index Cond: ((k >= 4815064) AND (k <= 4815164))

table 8 : explain SELECT k, c FROM sbtest8 WHERE k BETWEEN 4815064 AND 4815164
	Bitmap Heap Scan on sbtest8  (cost=5.46..401.49 rows=100 width=125)
	  Recheck Cond: ((k >= 4815064) AND (k <= 4815164))
	  ->  Bitmap Index Scan on k_8  (cost=0.00..5.43 rows=100 width=0)
	        Index Cond: ((k >= 4815064) AND (k <= 4815164))

explain: for range-notcovered :: explain SELECT k, c FROM sbtest%d WHERE k BETWEEN 1880241 AND 1880341
for range-notcovered
table 1 : explain SELECT k, c FROM sbtest1 WHERE k BETWEEN 7490797 AND 7490897
	Bitmap Heap Scan on sbtest1  (cost=5.44..393.59 rows=98 width=125)
	  Recheck Cond: ((k >= 7490797) AND (k <= 7490897))
	  ->  Bitmap Index Scan on k_1  (cost=0.00..5.42 rows=98 width=0)
	        Index Cond: ((k >= 7490797) AND (k <= 7490897))

table 2 : explain SELECT k, c FROM sbtest2 WHERE k BETWEEN 7490797 AND 7490897
	Bitmap Heap Scan on sbtest2  (cost=5.46..401.51 rows=100 width=125)
	  Recheck Cond: ((k >= 7490797) AND (k <= 7490897))
	  ->  Bitmap Index Scan on k_2  (cost=0.00..5.43 rows=100 width=0)
	        Index Cond: ((k >= 7490797) AND (k <= 7490897))

table 3 : explain SELECT k, c FROM sbtest3 WHERE k BETWEEN 7490797 AND 7490897
	Bitmap Heap Scan on sbtest3  (cost=5.54..432.98 rows=108 width=125)
	  Recheck Cond: ((k >= 7490797) AND (k <= 7490897))
	  ->  Bitmap Index Scan on k_3  (cost=0.00..5.51 rows=108 width=0)
	        Index Cond: ((k >= 7490797) AND (k <= 7490897))

table 4 : explain SELECT k, c FROM sbtest4 WHERE k BETWEEN 7490797 AND 7490897
	Bitmap Heap Scan on sbtest4  (cost=5.44..393.59 rows=98 width=125)
	  Recheck Cond: ((k >= 7490797) AND (k <= 7490897))
	  ->  Bitmap Index Scan on k_4  (cost=0.00..5.42 rows=98 width=0)
	        Index Cond: ((k >= 7490797) AND (k <= 7490897))

table 5 : explain SELECT k, c FROM sbtest5 WHERE k BETWEEN 7490797 AND 7490897
	Bitmap Heap Scan on sbtest5  (cost=5.35..358.11 rows=89 width=125)
	  Recheck Cond: ((k >= 7490797) AND (k <= 7490897))
	  ->  Bitmap Index Scan on k_5  (cost=0.00..5.32 rows=89 width=0)
	        Index Cond: ((k >= 7490797) AND (k <= 7490897))

table 6 : explain SELECT k, c FROM sbtest6 WHERE k BETWEEN 7490797 AND 7490897
	Bitmap Heap Scan on sbtest6  (cost=5.49..413.31 rows=103 width=125)
	  Recheck Cond: ((k >= 7490797) AND (k <= 7490897))
	  ->  Bitmap Index Scan on k_6  (cost=0.00..5.46 rows=103 width=0)
	        Index Cond: ((k >= 7490797) AND (k <= 7490897))

table 7 : explain SELECT k, c FROM sbtest7 WHERE k BETWEEN 7490797 AND 7490897
	Bitmap Heap Scan on sbtest7  (cost=5.42..385.71 rows=96 width=125)
	  Recheck Cond: ((k >= 7490797) AND (k <= 7490897))
	  ->  Bitmap Index Scan on k_7  (cost=0.00..5.39 rows=96 width=0)
	        Index Cond: ((k >= 7490797) AND (k <= 7490897))

table 8 : explain SELECT k, c FROM sbtest8 WHERE k BETWEEN 7490797 AND 7490897
	Bitmap Heap Scan on sbtest8  (cost=5.47..405.44 rows=101 width=125)
	  Recheck Cond: ((k >= 7490797) AND (k <= 7490897))
	  ->  Bitmap Index Scan on k_8  (cost=0.00..5.44 rows=101 width=0)
	        Index Cond: ((k >= 7490797) AND (k <= 7490897))

for range-notcovered
table 1 : explain SELECT k, c FROM sbtest1 WHERE k BETWEEN 6944435 AND 6944535
	Bitmap Heap Scan on sbtest1  (cost=5.52..425.13 rows=106 width=125)
	  Recheck Cond: ((k >= 6944435) AND (k <= 6944535))
	  ->  Bitmap Index Scan on k_1  (cost=0.00..5.50 rows=106 width=0)
	        Index Cond: ((k >= 6944435) AND (k <= 6944535))

table 2 : explain SELECT k, c FROM sbtest2 WHERE k BETWEEN 6944435 AND 6944535
	Bitmap Heap Scan on sbtest2  (cost=5.52..425.16 rows=106 width=125)
	  Recheck Cond: ((k >= 6944435) AND (k <= 6944535))
	  ->  Bitmap Index Scan on k_2  (cost=0.00..5.50 rows=106 width=0)
	        Index Cond: ((k >= 6944435) AND (k <= 6944535))

table 3 : explain SELECT k, c FROM sbtest3 WHERE k BETWEEN 6944435 AND 6944535
	Bitmap Heap Scan on sbtest3  (cost=5.46..401.45 rows=100 width=125)
	  Recheck Cond: ((k >= 6944435) AND (k <= 6944535))
	  ->  Bitmap Index Scan on k_3  (cost=0.00..5.43 rows=100 width=0)
	        Index Cond: ((k >= 6944435) AND (k <= 6944535))

table 4 : explain SELECT k, c FROM sbtest4 WHERE k BETWEEN 6944435 AND 6944535
	Bitmap Heap Scan on sbtest4  (cost=5.50..417.25 rows=104 width=125)
	  Recheck Cond: ((k >= 6944435) AND (k <= 6944535))
	  ->  Bitmap Index Scan on k_4  (cost=0.00..5.47 rows=104 width=0)
	        Index Cond: ((k >= 6944435) AND (k <= 6944535))

table 5 : explain SELECT k, c FROM sbtest5 WHERE k BETWEEN 6944435 AND 6944535
	Bitmap Heap Scan on sbtest5  (cost=5.47..405.45 rows=101 width=125)
	  Recheck Cond: ((k >= 6944435) AND (k <= 6944535))
	  ->  Bitmap Index Scan on k_5  (cost=0.00..5.44 rows=101 width=0)
	        Index Cond: ((k >= 6944435) AND (k <= 6944535))

table 6 : explain SELECT k, c FROM sbtest6 WHERE k BETWEEN 6944435 AND 6944535
	Bitmap Heap Scan on sbtest6  (cost=5.46..401.49 rows=100 width=125)
	  Recheck Cond: ((k >= 6944435) AND (k <= 6944535))
	  ->  Bitmap Index Scan on k_6  (cost=0.00..5.43 rows=100 width=0)
	        Index Cond: ((k >= 6944435) AND (k <= 6944535))

table 7 : explain SELECT k, c FROM sbtest7 WHERE k BETWEEN 6944435 AND 6944535
	Bitmap Heap Scan on sbtest7  (cost=5.43..389.65 rows=97 width=125)
	  Recheck Cond: ((k >= 6944435) AND (k <= 6944535))
	  ->  Bitmap Index Scan on k_7  (cost=0.00..5.40 rows=97 width=0)
	        Index Cond: ((k >= 6944435) AND (k <= 6944535))

table 8 : explain SELECT k, c FROM sbtest8 WHERE k BETWEEN 6944435 AND 6944535
	Bitmap Heap Scan on sbtest8  (cost=5.55..436.97 rows=109 width=125)
	  Recheck Cond: ((k >= 6944435) AND (k <= 6944535))
	  ->  Bitmap Index Scan on k_8  (cost=0.00..5.52 rows=109 width=0)
	        Index Cond: ((k >= 6944435) AND (k <= 6944535))

explain: for range-notcovered :: explain SELECT k, c FROM sbtest%d WHERE k BETWEEN 4815064 AND 4815164
for range-notcovered
table 1 : explain SELECT k, c FROM sbtest1 WHERE k BETWEEN 6924761 AND 6924861
	Bitmap Heap Scan on sbtest1  (cost=5.68..484.20 rows=121 width=125)
	  Recheck Cond: ((k >= 6924761) AND (k <= 6924861))
	  ->  Bitmap Index Scan on k_1  (cost=0.00..5.64 rows=121 width=0)
	        Index Cond: ((k >= 6924761) AND (k <= 6924861))

table 2 : explain SELECT k, c FROM sbtest2 WHERE k BETWEEN 6924761 AND 6924861
	Bitmap Heap Scan on sbtest2  (cost=5.52..425.16 rows=106 width=125)
	  Recheck Cond: ((k >= 6924761) AND (k <= 6924861))
	  ->  Bitmap Index Scan on k_2  (cost=0.00..5.50 rows=106 width=0)
	        Index Cond: ((k >= 6924761) AND (k <= 6924861))

table 3 : explain SELECT k, c FROM sbtest3 WHERE k BETWEEN 6924761 AND 6924861
	Bitmap Heap Scan on sbtest3  (cost=5.46..401.45 rows=100 width=125)
	  Recheck Cond: ((k >= 6924761) AND (k <= 6924861))
	  ->  Bitmap Index Scan on k_3  (cost=0.00..5.43 rows=100 width=0)
	        Index Cond: ((k >= 6924761) AND (k <= 6924861))

table 4 : explain SELECT k, c FROM sbtest4 WHERE k BETWEEN 6924761 AND 6924861
	Bitmap Heap Scan on sbtest4  (cost=5.50..417.25 rows=104 width=125)
	  Recheck Cond: ((k >= 6924761) AND (k <= 6924861))
	  ->  Bitmap Index Scan on k_4  (cost=0.00..5.47 rows=104 width=0)
	        Index Cond: ((k >= 6924761) AND (k <= 6924861))

table 5 : explain SELECT k, c FROM sbtest5 WHERE k BETWEEN 6924761 AND 6924861
	Bitmap Heap Scan on sbtest5  (cost=5.46..401.51 rows=100 width=125)
	  Recheck Cond: ((k >= 6924761) AND (k <= 6924861))
	  ->  Bitmap Index Scan on k_5  (cost=0.00..5.43 rows=100 width=0)
	        Index Cond: ((k >= 6924761) AND (k <= 6924861))

table 6 : explain SELECT k, c FROM sbtest6 WHERE k BETWEEN 6924761 AND 6924861
	Bitmap Heap Scan on sbtest6  (cost=5.46..401.49 rows=100 width=125)
	  Recheck Cond: ((k >= 6924761) AND (k <= 6924861))
	  ->  Bitmap Index Scan on k_6  (cost=0.00..5.43 rows=100 width=0)
	        Index Cond: ((k >= 6924761) AND (k <= 6924861))

table 7 : explain SELECT k, c FROM sbtest7 WHERE k BETWEEN 6924761 AND 6924861
	Bitmap Heap Scan on sbtest7  (cost=5.43..389.65 rows=97 width=125)
	  Recheck Cond: ((k >= 6924761) AND (k <= 6924861))
	  ->  Bitmap Index Scan on k_7  (cost=0.00..5.40 rows=97 width=0)
	        Index Cond: ((k >= 6924761) AND (k <= 6924861))

table 8 : explain SELECT k, c FROM sbtest8 WHERE k BETWEEN 6924761 AND 6924861
	Bitmap Heap Scan on sbtest8  (cost=5.55..436.97 rows=109 width=125)
	  Recheck Cond: ((k >= 6924761) AND (k <= 6924861))
	  ->  Bitmap Index Scan on k_8  (cost=0.00..5.52 rows=109 width=0)
	        Index Cond: ((k >= 6924761) AND (k <= 6924861))

for range-notcovered
table 1 : explain SELECT k, c FROM sbtest1 WHERE k BETWEEN 7488677 AND 7488777
	Bitmap Heap Scan on sbtest1  (cost=5.44..393.59 rows=98 width=125)
	  Recheck Cond: ((k >= 7488677) AND (k <= 7488777))
	  ->  Bitmap Index Scan on k_1  (cost=0.00..5.42 rows=98 width=0)
	        Index Cond: ((k >= 7488677) AND (k <= 7488777))

table 2 : explain SELECT k, c FROM sbtest2 WHERE k BETWEEN 7488677 AND 7488777
	Bitmap Heap Scan on sbtest2  (cost=5.46..401.51 rows=100 width=125)
	  Recheck Cond: ((k >= 7488677) AND (k <= 7488777))
	  ->  Bitmap Index Scan on k_2  (cost=0.00..5.43 rows=100 width=0)
	        Index Cond: ((k >= 7488677) AND (k <= 7488777))

table 3 : explain SELECT k, c FROM sbtest3 WHERE k BETWEEN 7488677 AND 7488777
	Bitmap Heap Scan on sbtest3  (cost=5.54..432.98 rows=108 width=125)
	  Recheck Cond: ((k >= 7488677) AND (k <= 7488777))
	  ->  Bitmap Index Scan on k_3  (cost=0.00..5.51 rows=108 width=0)
	        Index Cond: ((k >= 7488677) AND (k <= 7488777))

table 4 : explain SELECT k, c FROM sbtest4 WHERE k BETWEEN 7488677 AND 7488777
	Bitmap Heap Scan on sbtest4  (cost=5.44..393.59 rows=98 width=125)
	  Recheck Cond: ((k >= 7488677) AND (k <= 7488777))
	  ->  Bitmap Index Scan on k_4  (cost=0.00..5.42 rows=98 width=0)
	        Index Cond: ((k >= 7488677) AND (k <= 7488777))

table 5 : explain SELECT k, c FROM sbtest5 WHERE k BETWEEN 7488677 AND 7488777
	Bitmap Heap Scan on sbtest5  (cost=5.35..358.11 rows=89 width=125)
	  Recheck Cond: ((k >= 7488677) AND (k <= 7488777))
	  ->  Bitmap Index Scan on k_5  (cost=0.00..5.32 rows=89 width=0)
	        Index Cond: ((k >= 7488677) AND (k <= 7488777))

table 6 : explain SELECT k, c FROM sbtest6 WHERE k BETWEEN 7488677 AND 7488777
	Bitmap Heap Scan on sbtest6  (cost=5.49..413.31 rows=103 width=125)
	  Recheck Cond: ((k >= 7488677) AND (k <= 7488777))
	  ->  Bitmap Index Scan on k_6  (cost=0.00..5.46 rows=103 width=0)
	        Index Cond: ((k >= 7488677) AND (k <= 7488777))

table 7 : explain SELECT k, c FROM sbtest7 WHERE k BETWEEN 7488677 AND 7488777
	Bitmap Heap Scan on sbtest7  (cost=5.42..385.71 rows=96 width=125)
	  Recheck Cond: ((k >= 7488677) AND (k <= 7488777))
	  ->  Bitmap Index Scan on k_7  (cost=0.00..5.39 rows=96 width=0)
	        Index Cond: ((k >= 7488677) AND (k <= 7488777))

table 8 : explain SELECT k, c FROM sbtest8 WHERE k BETWEEN 7488677 AND 7488777
	Bitmap Heap Scan on sbtest8  (cost=5.47..405.44 rows=101 width=125)
	  Recheck Cond: ((k >= 7488677) AND (k <= 7488777))
	  ->  Bitmap Index Scan on k_8  (cost=0.00..5.44 rows=101 width=0)
	        Index Cond: ((k >= 7488677) AND (k <= 7488777))
for range-notcovered
table 1 : explain SELECT k, c FROM sbtest1 WHERE k BETWEEN 7830027 AND 7830127
	Bitmap Heap Scan on sbtest1  (cost=5.50..417.25 rows=104 width=125)
	  Recheck Cond: ((k >= 7830027) AND (k <= 7830127))
	  ->  Bitmap Index Scan on k_1  (cost=0.00..5.47 rows=104 width=0)
	        Index Cond: ((k >= 7830027) AND (k <= 7830127))

table 2 : explain SELECT k, c FROM sbtest2 WHERE k BETWEEN 7830027 AND 7830127
	Bitmap Heap Scan on sbtest2  (cost=5.51..421.22 rows=105 width=125)
	  Recheck Cond: ((k >= 7830027) AND (k <= 7830127))
	  ->  Bitmap Index Scan on k_2  (cost=0.00..5.48 rows=105 width=0)
	        Index Cond: ((k >= 7830027) AND (k <= 7830127))

table 3 : explain SELECT k, c FROM sbtest3 WHERE k BETWEEN 7830027 AND 7830127
	Bitmap Heap Scan on sbtest3  (cost=5.48..409.34 rows=102 width=125)
	  Recheck Cond: ((k >= 7830027) AND (k <= 7830127))
	  ->  Bitmap Index Scan on k_3  (cost=0.00..5.45 rows=102 width=0)
	        Index Cond: ((k >= 7830027) AND (k <= 7830127))

table 4 : explain SELECT k, c FROM sbtest4 WHERE k BETWEEN 7830027 AND 7830127
	Bitmap Heap Scan on sbtest4  (cost=5.47..405.42 rows=101 width=125)
	  Recheck Cond: ((k >= 7830027) AND (k <= 7830127))
	  ->  Bitmap Index Scan on k_4  (cost=0.00..5.44 rows=101 width=0)
	        Index Cond: ((k >= 7830027) AND (k <= 7830127))

table 5 : explain SELECT k, c FROM sbtest5 WHERE k BETWEEN 7830027 AND 7830127
	Bitmap Heap Scan on sbtest5  (cost=5.42..385.73 rows=96 width=125)
	  Recheck Cond: ((k >= 7830027) AND (k <= 7830127))
	  ->  Bitmap Index Scan on k_5  (cost=0.00..5.39 rows=96 width=0)
	        Index Cond: ((k >= 7830027) AND (k <= 7830127))

table 6 : explain SELECT k, c FROM sbtest6 WHERE k BETWEEN 7830027 AND 7830127
	Bitmap Heap Scan on sbtest6  (cost=5.55..436.96 rows=109 width=125)
	  Recheck Cond: ((k >= 7830027) AND (k <= 7830127))
	  ->  Bitmap Index Scan on k_6  (cost=0.00..5.52 rows=109 width=0)
	        Index Cond: ((k >= 7830027) AND (k <= 7830127))

table 7 : explain SELECT k, c FROM sbtest7 WHERE k BETWEEN 7830027 AND 7830127
	Bitmap Heap Scan on sbtest7  (cost=5.51..421.20 rows=105 width=125)
	  Recheck Cond: ((k >= 7830027) AND (k <= 7830127))
	  ->  Bitmap Index Scan on k_7  (cost=0.00..5.48 rows=105 width=0)
	        Index Cond: ((k >= 7830027) AND (k <= 7830127))

table 8 : explain SELECT k, c FROM sbtest8 WHERE k BETWEEN 7830027 AND 7830127
	Bitmap Heap Scan on sbtest8  (cost=5.43..389.66 rows=97 width=125)
	  Recheck Cond: ((k >= 7830027) AND (k <= 7830127))
	  ->  Bitmap Index Scan on k_8  (cost=0.00..5.40 rows=97 width=0)
	        Index Cond: ((k >= 7830027) AND (k <= 7830127))

for range-notcovered
table 1 : explain SELECT k, c FROM sbtest1 WHERE k BETWEEN 5037207 AND 5037307
	Bitmap Heap Scan on sbtest1  (cost=5.48..409.37 rows=102 width=125)
	  Recheck Cond: ((k >= 5037207) AND (k <= 5037307))
	  ->  Bitmap Index Scan on k_1  (cost=0.00..5.45 rows=102 width=0)
	        Index Cond: ((k >= 5037207) AND (k <= 5037307))

table 2 : explain SELECT k, c FROM sbtest2 WHERE k BETWEEN 5037207 AND 5037307
	Bitmap Heap Scan on sbtest2  (cost=5.50..417.28 rows=104 width=125)
	  Recheck Cond: ((k >= 5037207) AND (k <= 5037307))
	  ->  Bitmap Index Scan on k_2  (cost=0.00..5.47 rows=104 width=0)
	        Index Cond: ((k >= 5037207) AND (k <= 5037307))

table 3 : explain SELECT k, c FROM sbtest3 WHERE k BETWEEN 5037207 AND 5037307
	Bitmap Heap Scan on sbtest3  (cost=5.52..425.10 rows=106 width=125)
	  Recheck Cond: ((k >= 5037207) AND (k <= 5037307))
	  ->  Bitmap Index Scan on k_3  (cost=0.00..5.50 rows=106 width=0)
	        Index Cond: ((k >= 5037207) AND (k <= 5037307))

table 4 : explain SELECT k, c FROM sbtest4 WHERE k BETWEEN 5037207 AND 5037307
	Bitmap Heap Scan on sbtest4  (cost=5.53..429.07 rows=107 width=125)
	  Recheck Cond: ((k >= 5037207) AND (k <= 5037307))
	  ->  Bitmap Index Scan on k_4  (cost=0.00..5.50 rows=107 width=0)
	        Index Cond: ((k >= 5037207) AND (k <= 5037307))

table 5 : explain SELECT k, c FROM sbtest5 WHERE k BETWEEN 5037207 AND 5037307
	Bitmap Heap Scan on sbtest5  (cost=5.48..409.40 rows=102 width=125)
	  Recheck Cond: ((k >= 5037207) AND (k <= 5037307))
	  ->  Bitmap Index Scan on k_5  (cost=0.00..5.45 rows=102 width=0)
	        Index Cond: ((k >= 5037207) AND (k <= 5037307))

table 6 : explain SELECT k, c FROM sbtest6 WHERE k BETWEEN 5037207 AND 5037307
	Bitmap Heap Scan on sbtest6  (cost=5.51..421.20 rows=105 width=125)
	  Recheck Cond: ((k >= 5037207) AND (k <= 5037307))
	  ->  Bitmap Index Scan on k_6  (cost=0.00..5.48 rows=105 width=0)
	        Index Cond: ((k >= 5037207) AND (k <= 5037307))

table 7 : explain SELECT k, c FROM sbtest7 WHERE k BETWEEN 5037207 AND 5037307
	Bitmap Heap Scan on sbtest7  (cost=5.51..421.20 rows=105 width=125)
	  Recheck Cond: ((k >= 5037207) AND (k <= 5037307))
	  ->  Bitmap Index Scan on k_7  (cost=0.00..5.48 rows=105 width=0)
	        Index Cond: ((k >= 5037207) AND (k <= 5037307))

table 8 : explain SELECT k, c FROM sbtest8 WHERE k BETWEEN 5037207 AND 5037307
	Bitmap Heap Scan on sbtest8  (cost=5.53..429.09 rows=107 width=125)
	  Recheck Cond: ((k >= 5037207) AND (k <= 5037307))
	  ->  Bitmap Index Scan on k_8  (cost=0.00..5.50 rows=107 width=0)
	        Index Cond: ((k >= 5037207) AND (k <= 5037307))


for range-notcovered
table 1 : explain SELECT k, c FROM sbtest1 WHERE k BETWEEN 3595470 AND 3595570
	Bitmap Heap Scan on sbtest1  (cost=5.38..369.92 rows=92 width=125)
	  Recheck Cond: ((k >= 3595470) AND (k <= 3595570))
	  ->  Bitmap Index Scan on k_1  (cost=0.00..5.35 rows=92 width=0)
	        Index Cond: ((k >= 3595470) AND (k <= 3595570))

table 2 : explain SELECT k, c FROM sbtest2 WHERE k BETWEEN 3595470 AND 3595570
	Bitmap Heap Scan on sbtest2  (cost=5.51..421.22 rows=105 width=125)
	  Recheck Cond: ((k >= 3595470) AND (k <= 3595570))
	  ->  Bitmap Index Scan on k_2  (cost=0.00..5.48 rows=105 width=0)
	        Index Cond: ((k >= 3595470) AND (k <= 3595570))

table 3 : explain SELECT k, c FROM sbtest3 WHERE k BETWEEN 3595470 AND 3595570
	Bitmap Heap Scan on sbtest3  (cost=5.46..401.45 rows=100 width=125)
	  Recheck Cond: ((k >= 3595470) AND (k <= 3595570))
	  ->  Bitmap Index Scan on k_3  (cost=0.00..5.43 rows=100 width=0)
	        Index Cond: ((k >= 3595470) AND (k <= 3595570))

table 4 : explain SELECT k, c FROM sbtest4 WHERE k BETWEEN 3595470 AND 3595570
	Bitmap Heap Scan on sbtest4  (cost=5.37..365.97 rows=91 width=125)
	  Recheck Cond: ((k >= 3595470) AND (k <= 3595570))
	  ->  Bitmap Index Scan on k_4  (cost=0.00..5.34 rows=91 width=0)
	        Index Cond: ((k >= 3595470) AND (k <= 3595570))

table 5 : explain SELECT k, c FROM sbtest5 WHERE k BETWEEN 3595470 AND 3595570
	Bitmap Heap Scan on sbtest5  (cost=5.46..401.51 rows=100 width=125)
	  Recheck Cond: ((k >= 3595470) AND (k <= 3595570))
	  ->  Bitmap Index Scan on k_5  (cost=0.00..5.43 rows=100 width=0)
	        Index Cond: ((k >= 3595470) AND (k <= 3595570))

table 6 : explain SELECT k, c FROM sbtest6 WHERE k BETWEEN 3595470 AND 3595570
	Bitmap Heap Scan on sbtest6  (cost=5.38..369.93 rows=92 width=125)
	  Recheck Cond: ((k >= 3595470) AND (k <= 3595570))
	  ->  Bitmap Index Scan on k_6  (cost=0.00..5.35 rows=92 width=0)
	        Index Cond: ((k >= 3595470) AND (k <= 3595570))

table 7 : explain SELECT k, c FROM sbtest7 WHERE k BETWEEN 3595470 AND 3595570
	Bitmap Heap Scan on sbtest7  (cost=5.47..405.43 rows=101 width=125)
	  Recheck Cond: ((k >= 3595470) AND (k <= 3595570))
	  ->  Bitmap Index Scan on k_7  (cost=0.00..5.44 rows=101 width=0)
	        Index Cond: ((k >= 3595470) AND (k <= 3595570))

table 8 : explain SELECT k, c FROM sbtest8 WHERE k BETWEEN 3595470 AND 3595570
	Bitmap Heap Scan on sbtest8  (cost=5.45..397.55 rows=99 width=125)
	  Recheck Cond: ((k >= 3595470) AND (k <= 3595570))
	  ->  Bitmap Index Scan on k_8  (cost=0.00..5.42 rows=99 width=0)
	        Index Cond: ((k >= 3595470) AND (k <= 3595570))

explain: for range-notcovered :: explain SELECT k, c FROM sbtest%d WHERE k BETWEEN 6944435 AND 6944535
for range-notcovered
table 1 : explain SELECT k, c FROM sbtest1 WHERE k BETWEEN 5498507 AND 5498607
	Bitmap Heap Scan on sbtest1  (cost=5.49..413.31 rows=103 width=125)
	  Recheck Cond: ((k >= 5498507) AND (k <= 5498607))
	  ->  Bitmap Index Scan on k_1  (cost=0.00..5.46 rows=103 width=0)
	        Index Cond: ((k >= 5498507) AND (k <= 5498607))

table 2 : explain SELECT k, c FROM sbtest2 WHERE k BETWEEN 5498507 AND 5498607
	Bitmap Heap Scan on sbtest2  (cost=5.49..413.34 rows=103 width=125)
	  Recheck Cond: ((k >= 5498507) AND (k <= 5498607))
	  ->  Bitmap Index Scan on k_2  (cost=0.00..5.46 rows=103 width=0)
	        Index Cond: ((k >= 5498507) AND (k <= 5498607))

table 3 : explain SELECT k, c FROM sbtest3 WHERE k BETWEEN 5498507 AND 5498607
	Bitmap Heap Scan on sbtest3  (cost=5.41..381.74 rows=95 width=125)
	  Recheck Cond: ((k >= 5498507) AND (k <= 5498607))
	  ->  Bitmap Index Scan on k_3  (cost=0.00..5.38 rows=95 width=0)
	        Index Cond: ((k >= 5498507) AND (k <= 5498607))

table 4 : explain SELECT k, c FROM sbtest4 WHERE k BETWEEN 5498507 AND 5498607
	Bitmap Heap Scan on sbtest4  (cost=5.38..369.92 rows=92 width=125)
	  Recheck Cond: ((k >= 5498507) AND (k <= 5498607))
	  ->  Bitmap Index Scan on k_4  (cost=0.00..5.35 rows=92 width=0)
	        Index Cond: ((k >= 5498507) AND (k <= 5498607))

table 5 : explain SELECT k, c FROM sbtest5 WHERE k BETWEEN 5498507 AND 5498607
	Bitmap Heap Scan on sbtest5  (cost=5.46..401.51 rows=100 width=125)
	  Recheck Cond: ((k >= 5498507) AND (k <= 5498607))
	  ->  Bitmap Index Scan on k_5  (cost=0.00..5.43 rows=100 width=0)
	        Index Cond: ((k >= 5498507) AND (k <= 5498607))

table 6 : explain SELECT k, c FROM sbtest6 WHERE k BETWEEN 5498507 AND 5498607
	Bitmap Heap Scan on sbtest6  (cost=5.63..468.46 rows=117 width=125)
	  Recheck Cond: ((k >= 5498507) AND (k <= 5498607))
	  ->  Bitmap Index Scan on k_6  (cost=0.00..5.60 rows=117 width=0)
	        Index Cond: ((k >= 5498507) AND (k <= 5498607))

table 7 : explain SELECT k, c FROM sbtest7 WHERE k BETWEEN 5498507 AND 5498607
	Bitmap Heap Scan on sbtest7  (cost=5.50..417.25 rows=104 width=125)
	  Recheck Cond: ((k >= 5498507) AND (k <= 5498607))
	  ->  Bitmap Index Scan on k_7  (cost=0.00..5.47 rows=104 width=0)
	        Index Cond: ((k >= 5498507) AND (k <= 5498607))

table 8 : explain SELECT k, c FROM sbtest8 WHERE k BETWEEN 5498507 AND 5498607
	Bitmap Heap Scan on sbtest8  (cost=5.55..436.97 rows=109 width=125)
	  Recheck Cond: ((k >= 5498507) AND (k <= 5498607))
	  ->  Bitmap Index Scan on k_8  (cost=0.00..5.52 rows=109 width=0)
	        Index Cond: ((k >= 5498507) AND (k <= 5498607))

explain: for range-notcovered :: explain SELECT k, c FROM sbtest%d WHERE k BETWEEN 7830027 AND 7830127
for range-notcovered
table 1 : explain SELECT k, c FROM sbtest1 WHERE k BETWEEN 5964910 AND 5965010
	Bitmap Heap Scan on sbtest1  (cost=5.52..425.13 rows=106 width=125)
	  Recheck Cond: ((k >= 5964910) AND (k <= 5965010))
	  ->  Bitmap Index Scan on k_1  (cost=0.00..5.50 rows=106 width=0)
	        Index Cond: ((k >= 5964910) AND (k <= 5965010))

table 2 : explain SELECT k, c FROM sbtest2 WHERE k BETWEEN 5964910 AND 5965010
	Bitmap Heap Scan on sbtest2  (cost=5.42..385.73 rows=96 width=125)
	  Recheck Cond: ((k >= 5964910) AND (k <= 5965010))
	  ->  Bitmap Index Scan on k_2  (cost=0.00..5.39 rows=96 width=0)
	        Index Cond: ((k >= 5964910) AND (k <= 5965010))

table 3 : explain SELECT k, c FROM sbtest3 WHERE k BETWEEN 5964910 AND 5965010
	Bitmap Heap Scan on sbtest3  (cost=5.39..373.85 rows=93 width=125)
	  Recheck Cond: ((k >= 5964910) AND (k <= 5965010))
	  ->  Bitmap Index Scan on k_3  (cost=0.00..5.36 rows=93 width=0)
	        Index Cond: ((k >= 5964910) AND (k <= 5965010))

table 4 : explain SELECT k, c FROM sbtest4 WHERE k BETWEEN 5964910 AND 5965010
	Bitmap Heap Scan on sbtest4  (cost=5.54..433.01 rows=108 width=125)
	  Recheck Cond: ((k >= 5964910) AND (k <= 5965010))
	  ->  Bitmap Index Scan on k_4  (cost=0.00..5.51 rows=108 width=0)
	        Index Cond: ((k >= 5964910) AND (k <= 5965010))

table 5 : explain SELECT k, c FROM sbtest5 WHERE k BETWEEN 5964910 AND 5965010
	Bitmap Heap Scan on sbtest5  (cost=5.50..417.28 rows=104 width=125)
	  Recheck Cond: ((k >= 5964910) AND (k <= 5965010))
	  ->  Bitmap Index Scan on k_5  (cost=0.00..5.47 rows=104 width=0)
	        Index Cond: ((k >= 5964910) AND (k <= 5965010))

table 6 : explain SELECT k, c FROM sbtest6 WHERE k BETWEEN 5964910 AND 5965010
	Bitmap Heap Scan on sbtest6  (cost=5.50..417.26 rows=104 width=125)
	  Recheck Cond: ((k >= 5964910) AND (k <= 5965010))
	  ->  Bitmap Index Scan on k_6  (cost=0.00..5.47 rows=104 width=0)
	        Index Cond: ((k >= 5964910) AND (k <= 5965010))

table 7 : explain SELECT k, c FROM sbtest7 WHERE k BETWEEN 5964910 AND 5965010
	Bitmap Heap Scan on sbtest7  (cost=5.44..393.60 rows=98 width=125)
	  Recheck Cond: ((k >= 5964910) AND (k <= 5965010))
	  ->  Bitmap Index Scan on k_7  (cost=0.00..5.42 rows=98 width=0)
	        Index Cond: ((k >= 5964910) AND (k <= 5965010))

table 8 : explain SELECT k, c FROM sbtest8 WHERE k BETWEEN 5964910 AND 5965010
	Bitmap Heap Scan on sbtest8  (cost=5.44..393.61 rows=98 width=125)
	  Recheck Cond: ((k >= 5964910) AND (k <= 5965010))
	  ->  Bitmap Index Scan on k_8  (cost=0.00..5.42 rows=98 width=0)
	        Index Cond: ((k >= 5964910) AND (k <= 5965010))

explain: for range-notcovered :: explain SELECT k, c FROM sbtest%d WHERE k BETWEEN 7488677 AND 7488777
explain: for range-notcovered :: explain SELECT k, c FROM sbtest%d WHERE k BETWEEN 5037207 AND 5037307
for range-notcovered
table 1 : explain SELECT k, c FROM sbtest1 WHERE k BETWEEN 3406885 AND 3406985
	Bitmap Heap Scan on sbtest1  (cost=5.61..460.58 rows=115 width=125)
	  Recheck Cond: ((k >= 3406885) AND (k <= 3406985))
	  ->  Bitmap Index Scan on k_1  (cost=0.00..5.58 rows=115 width=0)
	        Index Cond: ((k >= 3406885) AND (k <= 3406985))

table 2 : explain SELECT k, c FROM sbtest2 WHERE k BETWEEN 3406885 AND 3406985
	Bitmap Heap Scan on sbtest2  (cost=5.48..409.40 rows=102 width=125)
	  Recheck Cond: ((k >= 3406885) AND (k <= 3406985))
	  ->  Bitmap Index Scan on k_2  (cost=0.00..5.45 rows=102 width=0)
	        Index Cond: ((k >= 3406885) AND (k <= 3406985))

table 3 : explain SELECT k, c FROM sbtest3 WHERE k BETWEEN 3406885 AND 3406985
	Bitmap Heap Scan on sbtest3  (cost=5.54..432.98 rows=108 width=125)
	  Recheck Cond: ((k >= 3406885) AND (k <= 3406985))
	  ->  Bitmap Index Scan on k_3  (cost=0.00..5.51 rows=108 width=0)
	        Index Cond: ((k >= 3406885) AND (k <= 3406985))

table 4 : explain SELECT k, c FROM sbtest4 WHERE k BETWEEN 3406885 AND 3406985
	Bitmap Heap Scan on sbtest4  (cost=5.46..401.48 rows=100 width=125)
	  Recheck Cond: ((k >= 3406885) AND (k <= 3406985))
	  ->  Bitmap Index Scan on k_4  (cost=0.00..5.43 rows=100 width=0)
	        Index Cond: ((k >= 3406885) AND (k <= 3406985))

table 5 : explain SELECT k, c FROM sbtest5 WHERE k BETWEEN 3406885 AND 3406985
	Bitmap Heap Scan on sbtest5  (cost=5.48..409.40 rows=102 width=125)
	  Recheck Cond: ((k >= 3406885) AND (k <= 3406985))
	  ->  Bitmap Index Scan on k_5  (cost=0.00..5.45 rows=102 width=0)
	        Index Cond: ((k >= 3406885) AND (k <= 3406985))

table 6 : explain SELECT k, c FROM sbtest6 WHERE k BETWEEN 3406885 AND 3406985
	Bitmap Heap Scan on sbtest6  (cost=5.41..381.77 rows=95 width=125)
	  Recheck Cond: ((k >= 3406885) AND (k <= 3406985))
	  ->  Bitmap Index Scan on k_6  (cost=0.00..5.38 rows=95 width=0)
	        Index Cond: ((k >= 3406885) AND (k <= 3406985))

table 7 : explain SELECT k, c FROM sbtest7 WHERE k BETWEEN 3406885 AND 3406985
	Bitmap Heap Scan on sbtest7  (cost=5.49..413.31 rows=103 width=125)
	  Recheck Cond: ((k >= 3406885) AND (k <= 3406985))
	  ->  Bitmap Index Scan on k_7  (cost=0.00..5.46 rows=103 width=0)
	        Index Cond: ((k >= 3406885) AND (k <= 3406985))

table 8 : explain SELECT k, c FROM sbtest8 WHERE k BETWEEN 3406885 AND 3406985
	Bitmap Heap Scan on sbtest8  (cost=5.38..369.93 rows=92 width=125)
	  Recheck Cond: ((k >= 3406885) AND (k <= 3406985))
	  ->  Bitmap Index Scan on k_8  (cost=0.00..5.35 rows=92 width=0)
	        Index Cond: ((k >= 3406885) AND (k <= 3406985))

explain: for range-notcovered :: explain SELECT k, c FROM sbtest%d WHERE k BETWEEN 3595470 AND 3595570
for range-notcovered
table 1 : explain SELECT k, c FROM sbtest1 WHERE k BETWEEN 4780123 AND 4780223
	Bitmap Heap Scan on sbtest1  (cost=5.40..377.81 rows=94 width=125)
	  Recheck Cond: ((k >= 4780123) AND (k <= 4780223))
	  ->  Bitmap Index Scan on k_1  (cost=0.00..5.38 rows=94 width=0)
	        Index Cond: ((k >= 4780123) AND (k <= 4780223))

table 2 : explain SELECT k, c FROM sbtest2 WHERE k BETWEEN 4780123 AND 4780223
	Bitmap Heap Scan on sbtest2  (cost=5.49..413.34 rows=103 width=125)
	  Recheck Cond: ((k >= 4780123) AND (k <= 4780223))
	  ->  Bitmap Index Scan on k_2  (cost=0.00..5.46 rows=103 width=0)
	        Index Cond: ((k >= 4780123) AND (k <= 4780223))

table 3 : explain SELECT k, c FROM sbtest3 WHERE k BETWEEN 4780123 AND 4780223
	Bitmap Heap Scan on sbtest3  (cost=5.48..409.34 rows=102 width=125)
	  Recheck Cond: ((k >= 4780123) AND (k <= 4780223))
	  ->  Bitmap Index Scan on k_3  (cost=0.00..5.45 rows=102 width=0)
	        Index Cond: ((k >= 4780123) AND (k <= 4780223))

table 4 : explain SELECT k, c FROM sbtest4 WHERE k BETWEEN 4780123 AND 4780223
	Bitmap Heap Scan on sbtest4  (cost=5.43..389.65 rows=97 width=125)
	  Recheck Cond: ((k >= 4780123) AND (k <= 4780223))
	  ->  Bitmap Index Scan on k_4  (cost=0.00..5.40 rows=97 width=0)
	        Index Cond: ((k >= 4780123) AND (k <= 4780223))

table 5 : explain SELECT k, c FROM sbtest5 WHERE k BETWEEN 4780123 AND 4780223
	Bitmap Heap Scan on sbtest5  (cost=5.52..425.16 rows=106 width=125)
	  Recheck Cond: ((k >= 4780123) AND (k <= 4780223))
	  ->  Bitmap Index Scan on k_5  (cost=0.00..5.50 rows=106 width=0)
	        Index Cond: ((k >= 4780123) AND (k <= 4780223))

table 6 : explain SELECT k, c FROM sbtest6 WHERE k BETWEEN 4780123 AND 4780223
	Bitmap Heap Scan on sbtest6  (cost=5.61..460.59 rows=115 width=125)
	  Recheck Cond: ((k >= 4780123) AND (k <= 4780223))
	  ->  Bitmap Index Scan on k_6  (cost=0.00..5.58 rows=115 width=0)
	        Index Cond: ((k >= 4780123) AND (k <= 4780223))

table 7 : explain SELECT k, c FROM sbtest7 WHERE k BETWEEN 4780123 AND 4780223
	Bitmap Heap Scan on sbtest7  (cost=5.37..365.98 rows=91 width=125)
	  Recheck Cond: ((k >= 4780123) AND (k <= 4780223))
	  ->  Bitmap Index Scan on k_7  (cost=0.00..5.34 rows=91 width=0)
	        Index Cond: ((k >= 4780123) AND (k <= 4780223))

table 8 : explain SELECT k, c FROM sbtest8 WHERE k BETWEEN 4780123 AND 4780223
	Bitmap Heap Scan on sbtest8  (cost=5.46..401.49 rows=100 width=125)
	  Recheck Cond: ((k >= 4780123) AND (k <= 4780223))
	  ->  Bitmap Index Scan on k_8  (cost=0.00..5.43 rows=100 width=0)
	        Index Cond: ((k >= 4780123) AND (k <= 4780223))
explain: for range-notcovered :: explain SELECT k, c FROM sbtest%d WHERE k BETWEEN 5964910 AND 5965010
for range-notcovered
table 1 : explain SELECT k, c FROM sbtest1 WHERE k BETWEEN 5419310 AND 5419410
	Bitmap Heap Scan on sbtest1  (cost=5.50..417.25 rows=104 width=125)
	  Recheck Cond: ((k >= 5419310) AND (k <= 5419410))
	  ->  Bitmap Index Scan on k_1  (cost=0.00..5.47 rows=104 width=0)
	        Index Cond: ((k >= 5419310) AND (k <= 5419410))

table 2 : explain SELECT k, c FROM sbtest2 WHERE k BETWEEN 5419310 AND 5419410
	Bitmap Heap Scan on sbtest2  (cost=5.49..413.34 rows=103 width=125)
	  Recheck Cond: ((k >= 5419310) AND (k <= 5419410))
	  ->  Bitmap Index Scan on k_2  (cost=0.00..5.46 rows=103 width=0)
	        Index Cond: ((k >= 5419310) AND (k <= 5419410))

table 3 : explain SELECT k, c FROM sbtest3 WHERE k BETWEEN 5419310 AND 5419410
	Bitmap Heap Scan on sbtest3  (cost=5.56..440.86 rows=110 width=125)
	  Recheck Cond: ((k >= 5419310) AND (k <= 5419410))
	  ->  Bitmap Index Scan on k_3  (cost=0.00..5.53 rows=110 width=0)
	        Index Cond: ((k >= 5419310) AND (k <= 5419410))

table 4 : explain SELECT k, c FROM sbtest4 WHERE k BETWEEN 5419310 AND 5419410
	Bitmap Heap Scan on sbtest4  (cost=5.54..433.01 rows=108 width=125)
	  Recheck Cond: ((k >= 5419310) AND (k <= 5419410))
	  ->  Bitmap Index Scan on k_4  (cost=0.00..5.51 rows=108 width=0)
	        Index Cond: ((k >= 5419310) AND (k <= 5419410))

table 5 : explain SELECT k, c FROM sbtest5 WHERE k BETWEEN 5419310 AND 5419410
	Bitmap Heap Scan on sbtest5  (cost=5.46..401.51 rows=100 width=125)
	  Recheck Cond: ((k >= 5419310) AND (k <= 5419410))
	  ->  Bitmap Index Scan on k_5  (cost=0.00..5.43 rows=100 width=0)
	        Index Cond: ((k >= 5419310) AND (k <= 5419410))

table 6 : explain SELECT k, c FROM sbtest6 WHERE k BETWEEN 5419310 AND 5419410
	Bitmap Heap Scan on sbtest6  (cost=5.63..468.46 rows=117 width=125)
	  Recheck Cond: ((k >= 5419310) AND (k <= 5419410))
	  ->  Bitmap Index Scan on k_6  (cost=0.00..5.60 rows=117 width=0)
	        Index Cond: ((k >= 5419310) AND (k <= 5419410))

table 7 : explain SELECT k, c FROM sbtest7 WHERE k BETWEEN 5419310 AND 5419410
	Bitmap Heap Scan on sbtest7  (cost=5.45..397.54 rows=99 width=125)
	  Recheck Cond: ((k >= 5419310) AND (k <= 5419410))
	  ->  Bitmap Index Scan on k_7  (cost=0.00..5.42 rows=99 width=0)
	        Index Cond: ((k >= 5419310) AND (k <= 5419410))

table 8 : explain SELECT k, c FROM sbtest8 WHERE k BETWEEN 5419310 AND 5419410
	Bitmap Heap Scan on sbtest8  (cost=5.50..417.26 rows=104 width=125)
	  Recheck Cond: ((k >= 5419310) AND (k <= 5419410))
	  ->  Bitmap Index Scan on k_8  (cost=0.00..5.47 rows=104 width=0)
	        Index Cond: ((k >= 5419310) AND (k <= 5419410))


explain: for range-notcovered :: explain SELECT k, c FROM sbtest%d WHERE k BETWEEN 5498507 AND 5498607
for range-notcovered
table 1 : explain SELECT k, c FROM sbtest1 WHERE k BETWEEN 5912230 AND 5912330
	Bitmap Heap Scan on sbtest1  (cost=5.49..413.31 rows=103 width=125)
	  Recheck Cond: ((k >= 5912230) AND (k <= 5912330))
	  ->  Bitmap Index Scan on k_1  (cost=0.00..5.46 rows=103 width=0)
	        Index Cond: ((k >= 5912230) AND (k <= 5912330))

table 2 : explain SELECT k, c FROM sbtest2 WHERE k BETWEEN 5912230 AND 5912330
	Bitmap Heap Scan on sbtest2  (cost=5.42..385.73 rows=96 width=125)
	  Recheck Cond: ((k >= 5912230) AND (k <= 5912330))
	  ->  Bitmap Index Scan on k_2  (cost=0.00..5.39 rows=96 width=0)
	        Index Cond: ((k >= 5912230) AND (k <= 5912330))

table 3 : explain SELECT k, c FROM sbtest3 WHERE k BETWEEN 5912230 AND 5912330
	Bitmap Heap Scan on sbtest3  (cost=5.48..409.34 rows=102 width=125)
	  Recheck Cond: ((k >= 5912230) AND (k <= 5912330))
	  ->  Bitmap Index Scan on k_3  (cost=0.00..5.45 rows=102 width=0)
	        Index Cond: ((k >= 5912230) AND (k <= 5912330))

table 4 : explain SELECT k, c FROM sbtest4 WHERE k BETWEEN 5912230 AND 5912330
	Bitmap Heap Scan on sbtest4  (cost=5.43..389.65 rows=97 width=125)
	  Recheck Cond: ((k >= 5912230) AND (k <= 5912330))
	  ->  Bitmap Index Scan on k_4  (cost=0.00..5.40 rows=97 width=0)
	        Index Cond: ((k >= 5912230) AND (k <= 5912330))

table 5 : explain SELECT k, c FROM sbtest5 WHERE k BETWEEN 5912230 AND 5912330
	Bitmap Heap Scan on sbtest5  (cost=5.50..417.28 rows=104 width=125)
	  Recheck Cond: ((k >= 5912230) AND (k <= 5912330))
	  ->  Bitmap Index Scan on k_5  (cost=0.00..5.47 rows=104 width=0)
	        Index Cond: ((k >= 5912230) AND (k <= 5912330))

table 6 : explain SELECT k, c FROM sbtest6 WHERE k BETWEEN 5912230 AND 5912330
	Bitmap Heap Scan on sbtest6  (cost=5.50..417.26 rows=104 width=125)
	  Recheck Cond: ((k >= 5912230) AND (k <= 5912330))
	  ->  Bitmap Index Scan on k_6  (cost=0.00..5.47 rows=104 width=0)
	        Index Cond: ((k >= 5912230) AND (k <= 5912330))

table 7 : explain SELECT k, c FROM sbtest7 WHERE k BETWEEN 5912230 AND 5912330
	Bitmap Heap Scan on sbtest7  (cost=5.44..393.60 rows=98 width=125)
	  Recheck Cond: ((k >= 5912230) AND (k <= 5912330))
	  ->  Bitmap Index Scan on k_7  (cost=0.00..5.42 rows=98 width=0)
	        Index Cond: ((k >= 5912230) AND (k <= 5912330))

table 8 : explain SELECT k, c FROM sbtest8 WHERE k BETWEEN 5912230 AND 5912330
	Bitmap Heap Scan on sbtest8  (cost=5.44..393.61 rows=98 width=125)
	  Recheck Cond: ((k >= 5912230) AND (k <= 5912330))
	  ->  Bitmap Index Scan on k_8  (cost=0.00..5.42 rows=98 width=0)
	        Index Cond: ((k >= 5912230) AND (k <= 5912330))

explain: for range-notcovered :: explain SELECT k, c FROM sbtest%d WHERE k BETWEEN 3406885 AND 3406985
explain: for range-notcovered :: explain SELECT k, c FROM sbtest%d WHERE k BETWEEN 5419310 AND 5419410
explain: for range-notcovered :: explain SELECT k, c FROM sbtest%d WHERE k BETWEEN 4780123 AND 4780223
explain: for range-notcovered :: explain SELECT k, c FROM sbtest%d WHERE k BETWEEN 5912230 AND 5912330
for range-notcovered
table 1 : explain SELECT k, c FROM sbtest1 WHERE k BETWEEN 6598920 AND 6599020
	Bitmap Heap Scan on sbtest1  (cost=5.44..393.59 rows=98 width=125)
	  Recheck Cond: ((k >= 6598920) AND (k <= 6599020))
	  ->  Bitmap Index Scan on k_1  (cost=0.00..5.42 rows=98 width=0)
	        Index Cond: ((k >= 6598920) AND (k <= 6599020))

table 2 : explain SELECT k, c FROM sbtest2 WHERE k BETWEEN 6598920 AND 6599020
	Bitmap Heap Scan on sbtest2  (cost=5.46..401.51 rows=100 width=125)
	  Recheck Cond: ((k >= 6598920) AND (k <= 6599020))
	  ->  Bitmap Index Scan on k_2  (cost=0.00..5.43 rows=100 width=0)
	        Index Cond: ((k >= 6598920) AND (k <= 6599020))

table 3 : explain SELECT k, c FROM sbtest3 WHERE k BETWEEN 6598920 AND 6599020
	Bitmap Heap Scan on sbtest3  (cost=5.42..385.68 rows=96 width=125)
	  Recheck Cond: ((k >= 6598920) AND (k <= 6599020))
	  ->  Bitmap Index Scan on k_3  (cost=0.00..5.39 rows=96 width=0)
	        Index Cond: ((k >= 6598920) AND (k <= 6599020))

table 4 : explain SELECT k, c FROM sbtest4 WHERE k BETWEEN 6598920 AND 6599020
	Bitmap Heap Scan on sbtest4  (cost=5.48..409.36 rows=102 width=125)
	  Recheck Cond: ((k >= 6598920) AND (k <= 6599020))
	  ->  Bitmap Index Scan on k_4  (cost=0.00..5.45 rows=102 width=0)
	        Index Cond: ((k >= 6598920) AND (k <= 6599020))

table 5 : explain SELECT k, c FROM sbtest5 WHERE k BETWEEN 6598920 AND 6599020
	Bitmap Heap Scan on sbtest5  (cost=5.46..401.51 rows=100 width=125)
	  Recheck Cond: ((k >= 6598920) AND (k <= 6599020))
	  ->  Bitmap Index Scan on k_5  (cost=0.00..5.43 rows=100 width=0)
	        Index Cond: ((k >= 6598920) AND (k <= 6599020))

table 6 : explain SELECT k, c FROM sbtest6 WHERE k BETWEEN 6598920 AND 6599020
	Bitmap Heap Scan on sbtest6  (cost=5.49..413.31 rows=103 width=125)
	  Recheck Cond: ((k >= 6598920) AND (k <= 6599020))
	  ->  Bitmap Index Scan on k_6  (cost=0.00..5.46 rows=103 width=0)
	        Index Cond: ((k >= 6598920) AND (k <= 6599020))

table 7 : explain SELECT k, c FROM sbtest7 WHERE k BETWEEN 6598920 AND 6599020
	Bitmap Heap Scan on sbtest7  (cost=5.45..397.54 rows=99 width=125)
	  Recheck Cond: ((k >= 6598920) AND (k <= 6599020))
	  ->  Bitmap Index Scan on k_7  (cost=0.00..5.42 rows=99 width=0)
	        Index Cond: ((k >= 6598920) AND (k <= 6599020))

table 8 : explain SELECT k, c FROM sbtest8 WHERE k BETWEEN 6598920 AND 6599020
	Bitmap Heap Scan on sbtest8  (cost=5.43..389.66 rows=97 width=125)
	  Recheck Cond: ((k >= 6598920) AND (k <= 6599020))
	  ->  Bitmap Index Scan on k_8  (cost=0.00..5.40 rows=97 width=0)
	        Index Cond: ((k >= 6598920) AND (k <= 6599020))

for range-notcovered
table 1 : explain SELECT k, c FROM sbtest1 WHERE k BETWEEN 6714694 AND 6714794
	Bitmap Heap Scan on sbtest1  (cost=5.42..385.71 rows=96 width=125)
	  Recheck Cond: ((k >= 6714694) AND (k <= 6714794))
	  ->  Bitmap Index Scan on k_1  (cost=0.00..5.39 rows=96 width=0)
	        Index Cond: ((k >= 6714694) AND (k <= 6714794))

table 2 : explain SELECT k, c FROM sbtest2 WHERE k BETWEEN 6714694 AND 6714794
	Bitmap Heap Scan on sbtest2  (cost=5.45..397.57 rows=99 width=125)
	  Recheck Cond: ((k >= 6714694) AND (k <= 6714794))
	  ->  Bitmap Index Scan on k_2  (cost=0.00..5.42 rows=99 width=0)
	        Index Cond: ((k >= 6714694) AND (k <= 6714794))

table 3 : explain SELECT k, c FROM sbtest3 WHERE k BETWEEN 6714694 AND 6714794
	Bitmap Heap Scan on sbtest3  (cost=5.63..468.42 rows=117 width=125)
	  Recheck Cond: ((k >= 6714694) AND (k <= 6714794))
	  ->  Bitmap Index Scan on k_3  (cost=0.00..5.60 rows=117 width=0)
	        Index Cond: ((k >= 6714694) AND (k <= 6714794))

table 4 : explain SELECT k, c FROM sbtest4 WHERE k BETWEEN 6714694 AND 6714794
	Bitmap Heap Scan on sbtest4  (cost=5.46..401.48 rows=100 width=125)
	  Recheck Cond: ((k >= 6714694) AND (k <= 6714794))
	  ->  Bitmap Index Scan on k_4  (cost=0.00..5.43 rows=100 width=0)
	        Index Cond: ((k >= 6714694) AND (k <= 6714794))

table 5 : explain SELECT k, c FROM sbtest5 WHERE k BETWEEN 6714694 AND 6714794
	Bitmap Heap Scan on sbtest5  (cost=5.45..397.57 rows=99 width=125)
	  Recheck Cond: ((k >= 6714694) AND (k <= 6714794))
	  ->  Bitmap Index Scan on k_5  (cost=0.00..5.42 rows=99 width=0)
	        Index Cond: ((k >= 6714694) AND (k <= 6714794))

table 6 : explain SELECT k, c FROM sbtest6 WHERE k BETWEEN 6714694 AND 6714794
	Bitmap Heap Scan on sbtest6  (cost=5.48..409.37 rows=102 width=125)
	  Recheck Cond: ((k >= 6714694) AND (k <= 6714794))
	  ->  Bitmap Index Scan on k_6  (cost=0.00..5.45 rows=102 width=0)
	        Index Cond: ((k >= 6714694) AND (k <= 6714794))

table 7 : explain SELECT k, c FROM sbtest7 WHERE k BETWEEN 6714694 AND 6714794
	Bitmap Heap Scan on sbtest7  (cost=5.39..373.87 rows=93 width=125)
	  Recheck Cond: ((k >= 6714694) AND (k <= 6714794))
	  ->  Bitmap Index Scan on k_7  (cost=0.00..5.36 rows=93 width=0)
	        Index Cond: ((k >= 6714694) AND (k <= 6714794))

table 8 : explain SELECT k, c FROM sbtest8 WHERE k BETWEEN 6714694 AND 6714794
	Bitmap Heap Scan on sbtest8  (cost=5.54..433.03 rows=108 width=125)
	  Recheck Cond: ((k >= 6714694) AND (k <= 6714794))
	  ->  Bitmap Index Scan on k_8  (cost=0.00..5.51 rows=108 width=0)
	        Index Cond: ((k >= 6714694) AND (k <= 6714794))

for range-notcovered
table 1 : explain SELECT k, c FROM sbtest1 WHERE k BETWEEN 7966267 AND 7966367
	Bitmap Heap Scan on sbtest1  (cost=5.48..409.37 rows=102 width=125)
	  Recheck Cond: ((k >= 7966267) AND (k <= 7966367))
	  ->  Bitmap Index Scan on k_1  (cost=0.00..5.45 rows=102 width=0)
	        Index Cond: ((k >= 7966267) AND (k <= 7966367))

table 2 : explain SELECT k, c FROM sbtest2 WHERE k BETWEEN 7966267 AND 7966367
	Bitmap Heap Scan on sbtest2  (cost=5.49..413.34 rows=103 width=125)
	  Recheck Cond: ((k >= 7966267) AND (k <= 7966367))
	  ->  Bitmap Index Scan on k_2  (cost=0.00..5.46 rows=103 width=0)
	        Index Cond: ((k >= 7966267) AND (k <= 7966367))

table 3 : explain SELECT k, c FROM sbtest3 WHERE k BETWEEN 7966267 AND 7966367
	Bitmap Heap Scan on sbtest3  (cost=5.51..421.16 rows=105 width=125)
	  Recheck Cond: ((k >= 7966267) AND (k <= 7966367))
	  ->  Bitmap Index Scan on k_3  (cost=0.00..5.48 rows=105 width=0)
	        Index Cond: ((k >= 7966267) AND (k <= 7966367))

table 4 : explain SELECT k, c FROM sbtest4 WHERE k BETWEEN 7966267 AND 7966367
	Bitmap Heap Scan on sbtest4  (cost=5.46..401.48 rows=100 width=125)
	  Recheck Cond: ((k >= 7966267) AND (k <= 7966367))
	  ->  Bitmap Index Scan on k_4  (cost=0.00..5.43 rows=100 width=0)
	        Index Cond: ((k >= 7966267) AND (k <= 7966367))

table 5 : explain SELECT k, c FROM sbtest5 WHERE k BETWEEN 7966267 AND 7966367
	Bitmap Heap Scan on sbtest5  (cost=5.42..385.73 rows=96 width=125)
	  Recheck Cond: ((k >= 7966267) AND (k <= 7966367))
	  ->  Bitmap Index Scan on k_5  (cost=0.00..5.39 rows=96 width=0)
	        Index Cond: ((k >= 7966267) AND (k <= 7966367))

table 6 : explain SELECT k, c FROM sbtest6 WHERE k BETWEEN 7966267 AND 7966367
	Bitmap Heap Scan on sbtest6  (cost=5.42..385.71 rows=96 width=125)
	  Recheck Cond: ((k >= 7966267) AND (k <= 7966367))
	  ->  Bitmap Index Scan on k_6  (cost=0.00..5.39 rows=96 width=0)
	        Index Cond: ((k >= 7966267) AND (k <= 7966367))

table 7 : explain SELECT k, c FROM sbtest7 WHERE k BETWEEN 7966267 AND 7966367
	Bitmap Heap Scan on sbtest7  (cost=5.52..425.14 rows=106 width=125)
	  Recheck Cond: ((k >= 7966267) AND (k <= 7966367))
	  ->  Bitmap Index Scan on k_7  (cost=0.00..5.50 rows=106 width=0)
	        Index Cond: ((k >= 7966267) AND (k <= 7966367))

table 8 : explain SELECT k, c FROM sbtest8 WHERE k BETWEEN 7966267 AND 7966367
	Bitmap Heap Scan on sbtest8  (cost=5.50..417.26 rows=104 width=125)
	  Recheck Cond: ((k >= 7966267) AND (k <= 7966367))
	  ->  Bitmap Index Scan on k_8  (cost=0.00..5.47 rows=104 width=0)
	        Index Cond: ((k >= 7966267) AND (k <= 7966367))

for range-notcovered
table 1 : explain SELECT k, c FROM sbtest1 WHERE k BETWEEN 2383613 AND 2383713
	Bitmap Heap Scan on sbtest1  (cost=5.43..389.65 rows=97 width=125)
	  Recheck Cond: ((k >= 2383613) AND (k <= 2383713))
	  ->  Bitmap Index Scan on k_1  (cost=0.00..5.40 rows=97 width=0)
	        Index Cond: ((k >= 2383613) AND (k <= 2383713))

table 2 : explain SELECT k, c FROM sbtest2 WHERE k BETWEEN 2383613 AND 2383713
	Bitmap Heap Scan on sbtest2  (cost=5.50..417.28 rows=104 width=125)
	  Recheck Cond: ((k >= 2383613) AND (k <= 2383713))
	  ->  Bitmap Index Scan on k_2  (cost=0.00..5.47 rows=104 width=0)
	        Index Cond: ((k >= 2383613) AND (k <= 2383713))

table 3 : explain SELECT k, c FROM sbtest3 WHERE k BETWEEN 2383613 AND 2383713
	Bitmap Heap Scan on sbtest3  (cost=5.44..393.57 rows=98 width=125)
	  Recheck Cond: ((k >= 2383613) AND (k <= 2383713))
	  ->  Bitmap Index Scan on k_3  (cost=0.00..5.42 rows=98 width=0)
	        Index Cond: ((k >= 2383613) AND (k <= 2383713))

table 4 : explain SELECT k, c FROM sbtest4 WHERE k BETWEEN 2383613 AND 2383713
	Bitmap Heap Scan on sbtest4  (cost=5.52..425.13 rows=106 width=125)
	  Recheck Cond: ((k >= 2383613) AND (k <= 2383713))
	  ->  Bitmap Index Scan on k_4  (cost=0.00..5.50 rows=106 width=0)
	        Index Cond: ((k >= 2383613) AND (k <= 2383713))

table 5 : explain SELECT k, c FROM sbtest5 WHERE k BETWEEN 2383613 AND 2383713
	Bitmap Heap Scan on sbtest5  (cost=5.53..429.10 rows=107 width=125)
	  Recheck Cond: ((k >= 2383613) AND (k <= 2383713))
	  ->  Bitmap Index Scan on k_5  (cost=0.00..5.50 rows=107 width=0)
	        Index Cond: ((k >= 2383613) AND (k <= 2383713))

table 6 : explain SELECT k, c FROM sbtest6 WHERE k BETWEEN 2383613 AND 2383713
	Bitmap Heap Scan on sbtest6  (cost=5.40..377.82 rows=94 width=125)
	  Recheck Cond: ((k >= 2383613) AND (k <= 2383713))
	  ->  Bitmap Index Scan on k_6  (cost=0.00..5.38 rows=94 width=0)
	        Index Cond: ((k >= 2383613) AND (k <= 2383713))

table 7 : explain SELECT k, c FROM sbtest7 WHERE k BETWEEN 2383613 AND 2383713
	Bitmap Heap Scan on sbtest7  (cost=5.45..397.54 rows=99 width=125)
	  Recheck Cond: ((k >= 2383613) AND (k <= 2383713))
	  ->  Bitmap Index Scan on k_7  (cost=0.00..5.42 rows=99 width=0)
	        Index Cond: ((k >= 2383613) AND (k <= 2383713))

table 8 : explain SELECT k, c FROM sbtest8 WHERE k BETWEEN 2383613 AND 2383713
	Bitmap Heap Scan on sbtest8  (cost=5.50..417.26 rows=104 width=125)
	  Recheck Cond: ((k >= 2383613) AND (k <= 2383713))
	  ->  Bitmap Index Scan on k_8  (cost=0.00..5.47 rows=104 width=0)
	        Index Cond: ((k >= 2383613) AND (k <= 2383713))

for range-notcovered
table 1 : explain SELECT k, c FROM sbtest1 WHERE k BETWEEN 3282562 AND 3282662
	Bitmap Heap Scan on sbtest1  (cost=5.45..397.54 rows=99 width=125)
	  Recheck Cond: ((k >= 3282562) AND (k <= 3282662))
	  ->  Bitmap Index Scan on k_1  (cost=0.00..5.42 rows=99 width=0)
	        Index Cond: ((k >= 3282562) AND (k <= 3282662))

table 2 : explain SELECT k, c FROM sbtest2 WHERE k BETWEEN 3282562 AND 3282662
	Bitmap Heap Scan on sbtest2  (cost=5.44..393.62 rows=98 width=125)
	  Recheck Cond: ((k >= 3282562) AND (k <= 3282662))
	  ->  Bitmap Index Scan on k_2  (cost=0.00..5.42 rows=98 width=0)
	        Index Cond: ((k >= 3282562) AND (k <= 3282662))

table 3 : explain SELECT k, c FROM sbtest3 WHERE k BETWEEN 3282562 AND 3282662
	Bitmap Heap Scan on sbtest3  (cost=5.49..413.28 rows=103 width=125)
	  Recheck Cond: ((k >= 3282562) AND (k <= 3282662))
	  ->  Bitmap Index Scan on k_3  (cost=0.00..5.46 rows=103 width=0)
	        Index Cond: ((k >= 3282562) AND (k <= 3282662))

table 4 : explain SELECT k, c FROM sbtest4 WHERE k BETWEEN 3282562 AND 3282662
	Bitmap Heap Scan on sbtest4  (cost=5.52..425.13 rows=106 width=125)
	  Recheck Cond: ((k >= 3282562) AND (k <= 3282662))
	  ->  Bitmap Index Scan on k_4  (cost=0.00..5.50 rows=106 width=0)
	        Index Cond: ((k >= 3282562) AND (k <= 3282662))

table 5 : explain SELECT k, c FROM sbtest5 WHERE k BETWEEN 3282562 AND 3282662
	Bitmap Heap Scan on sbtest5  (cost=5.50..417.28 rows=104 width=125)
	  Recheck Cond: ((k >= 3282562) AND (k <= 3282662))
	  ->  Bitmap Index Scan on k_5  (cost=0.00..5.47 rows=104 width=0)
	        Index Cond: ((k >= 3282562) AND (k <= 3282662))

table 6 : explain SELECT k, c FROM sbtest6 WHERE k BETWEEN 3282562 AND 3282662
	Bitmap Heap Scan on sbtest6  (cost=5.41..381.77 rows=95 width=125)
	  Recheck Cond: ((k >= 3282562) AND (k <= 3282662))
	  ->  Bitmap Index Scan on k_6  (cost=0.00..5.38 rows=95 width=0)
	        Index Cond: ((k >= 3282562) AND (k <= 3282662))

table 7 : explain SELECT k, c FROM sbtest7 WHERE k BETWEEN 3282562 AND 3282662
	Bitmap Heap Scan on sbtest7  (cost=5.42..385.71 rows=96 width=125)
	  Recheck Cond: ((k >= 3282562) AND (k <= 3282662))
	  ->  Bitmap Index Scan on k_7  (cost=0.00..5.39 rows=96 width=0)
	        Index Cond: ((k >= 3282562) AND (k <= 3282662))

table 8 : explain SELECT k, c FROM sbtest8 WHERE k BETWEEN 3282562 AND 3282662
	Bitmap Heap Scan on sbtest8  (cost=5.57..444.85 rows=111 width=125)
	  Recheck Cond: ((k >= 3282562) AND (k <= 3282662))
	  ->  Bitmap Index Scan on k_8  (cost=0.00..5.54 rows=111 width=0)
	        Index Cond: ((k >= 3282562) AND (k <= 3282662))

explain: for range-notcovered :: explain SELECT k, c FROM sbtest%d WHERE k BETWEEN 6598920 AND 6599020
for range-notcovered
table 1 : explain SELECT k, c FROM sbtest1 WHERE k BETWEEN 6997775 AND 6997875
	Bitmap Heap Scan on sbtest1  (cost=5.52..425.13 rows=106 width=125)
	  Recheck Cond: ((k >= 6997775) AND (k <= 6997875))
	  ->  Bitmap Index Scan on k_1  (cost=0.00..5.50 rows=106 width=0)
	        Index Cond: ((k >= 6997775) AND (k <= 6997875))

table 2 : explain SELECT k, c FROM sbtest2 WHERE k BETWEEN 6997775 AND 6997875
	Bitmap Heap Scan on sbtest2  (cost=5.52..425.16 rows=106 width=125)
	  Recheck Cond: ((k >= 6997775) AND (k <= 6997875))
	  ->  Bitmap Index Scan on k_2  (cost=0.00..5.50 rows=106 width=0)
	        Index Cond: ((k >= 6997775) AND (k <= 6997875))

table 3 : explain SELECT k, c FROM sbtest3 WHERE k BETWEEN 6997775 AND 6997875
	Bitmap Heap Scan on sbtest3  (cost=5.42..385.68 rows=96 width=125)
	  Recheck Cond: ((k >= 6997775) AND (k <= 6997875))
	  ->  Bitmap Index Scan on k_3  (cost=0.00..5.39 rows=96 width=0)
	        Index Cond: ((k >= 6997775) AND (k <= 6997875))

table 4 : explain SELECT k, c FROM sbtest4 WHERE k BETWEEN 6997775 AND 6997875
	Bitmap Heap Scan on sbtest4  (cost=5.43..389.65 rows=97 width=125)
	  Recheck Cond: ((k >= 6997775) AND (k <= 6997875))
	  ->  Bitmap Index Scan on k_4  (cost=0.00..5.40 rows=97 width=0)
	        Index Cond: ((k >= 6997775) AND (k <= 6997875))

table 5 : explain SELECT k, c FROM sbtest5 WHERE k BETWEEN 6997775 AND 6997875
	Bitmap Heap Scan on sbtest5  (cost=5.47..405.45 rows=101 width=125)
	  Recheck Cond: ((k >= 6997775) AND (k <= 6997875))
	  ->  Bitmap Index Scan on k_5  (cost=0.00..5.44 rows=101 width=0)
	        Index Cond: ((k >= 6997775) AND (k <= 6997875))

table 6 : explain SELECT k, c FROM sbtest6 WHERE k BETWEEN 6997775 AND 6997875
	Bitmap Heap Scan on sbtest6  (cost=5.47..405.43 rows=101 width=125)
	  Recheck Cond: ((k >= 6997775) AND (k <= 6997875))
	  ->  Bitmap Index Scan on k_6  (cost=0.00..5.44 rows=101 width=0)
	        Index Cond: ((k >= 6997775) AND (k <= 6997875))

table 7 : explain SELECT k, c FROM sbtest7 WHERE k BETWEEN 6997775 AND 6997875
	Bitmap Heap Scan on sbtest7  (cost=5.47..405.43 rows=101 width=125)
	  Recheck Cond: ((k >= 6997775) AND (k <= 6997875))
	  ->  Bitmap Index Scan on k_7  (cost=0.00..5.44 rows=101 width=0)
	        Index Cond: ((k >= 6997775) AND (k <= 6997875))

table 8 : explain SELECT k, c FROM sbtest8 WHERE k BETWEEN 6997775 AND 6997875
	Bitmap Heap Scan on sbtest8  (cost=5.55..436.97 rows=109 width=125)
	  Recheck Cond: ((k >= 6997775) AND (k <= 6997875))
	  ->  Bitmap Index Scan on k_8  (cost=0.00..5.52 rows=109 width=0)
	        Index Cond: ((k >= 6997775) AND (k <= 6997875))

for range-notcovered
table 1 : explain SELECT k, c FROM sbtest1 WHERE k BETWEEN 6889981 AND 6890081
	Bitmap Heap Scan on sbtest1  (cost=5.68..484.20 rows=121 width=125)
	  Recheck Cond: ((k >= 6889981) AND (k <= 6890081))
	  ->  Bitmap Index Scan on k_1  (cost=0.00..5.64 rows=121 width=0)
	        Index Cond: ((k >= 6889981) AND (k <= 6890081))

table 2 : explain SELECT k, c FROM sbtest2 WHERE k BETWEEN 6889981 AND 6890081
	Bitmap Heap Scan on sbtest2  (cost=5.51..421.22 rows=105 width=125)
	  Recheck Cond: ((k >= 6889981) AND (k <= 6890081))
	  ->  Bitmap Index Scan on k_2  (cost=0.00..5.48 rows=105 width=0)
	        Index Cond: ((k >= 6889981) AND (k <= 6890081))

table 3 : explain SELECT k, c FROM sbtest3 WHERE k BETWEEN 6889981 AND 6890081
	Bitmap Heap Scan on sbtest3  (cost=5.46..401.45 rows=100 width=125)
	  Recheck Cond: ((k >= 6889981) AND (k <= 6890081))
	  ->  Bitmap Index Scan on k_3  (cost=0.00..5.43 rows=100 width=0)
	        Index Cond: ((k >= 6889981) AND (k <= 6890081))

table 4 : explain SELECT k, c FROM sbtest4 WHERE k BETWEEN 6889981 AND 6890081
	Bitmap Heap Scan on sbtest4  (cost=5.50..417.25 rows=104 width=125)
	  Recheck Cond: ((k >= 6889981) AND (k <= 6890081))
	  ->  Bitmap Index Scan on k_4  (cost=0.00..5.47 rows=104 width=0)
	        Index Cond: ((k >= 6889981) AND (k <= 6890081))

table 5 : explain SELECT k, c FROM sbtest5 WHERE k BETWEEN 6889981 AND 6890081
	Bitmap Heap Scan on sbtest5  (cost=5.46..401.51 rows=100 width=125)
	  Recheck Cond: ((k >= 6889981) AND (k <= 6890081))
	  ->  Bitmap Index Scan on k_5  (cost=0.00..5.43 rows=100 width=0)
	        Index Cond: ((k >= 6889981) AND (k <= 6890081))

table 6 : explain SELECT k, c FROM sbtest6 WHERE k BETWEEN 6889981 AND 6890081
	Bitmap Heap Scan on sbtest6  (cost=5.46..401.49 rows=100 width=125)
	  Recheck Cond: ((k >= 6889981) AND (k <= 6890081))
	  ->  Bitmap Index Scan on k_6  (cost=0.00..5.43 rows=100 width=0)
	        Index Cond: ((k >= 6889981) AND (k <= 6890081))

table 7 : explain SELECT k, c FROM sbtest7 WHERE k BETWEEN 6889981 AND 6890081
	Bitmap Heap Scan on sbtest7  (cost=5.43..389.65 rows=97 width=125)
	  Recheck Cond: ((k >= 6889981) AND (k <= 6890081))
	  ->  Bitmap Index Scan on k_7  (cost=0.00..5.40 rows=97 width=0)
	        Index Cond: ((k >= 6889981) AND (k <= 6890081))

table 8 : explain SELECT k, c FROM sbtest8 WHERE k BETWEEN 6889981 AND 6890081
	Bitmap Heap Scan on sbtest8  (cost=5.46..401.49 rows=100 width=125)
	  Recheck Cond: ((k >= 6889981) AND (k <= 6890081))
	  ->  Bitmap Index Scan on k_8  (cost=0.00..5.43 rows=100 width=0)
	        Index Cond: ((k >= 6889981) AND (k <= 6890081))

explain: for range-notcovered :: explain SELECT k, c FROM sbtest%d WHERE k BETWEEN 6714694 AND 6714794explain: for range-notcovered :: explain SELECT k, c FROM sbtest%d WHERE k BETWEEN 2383613 AND 2383713explain: for range-notcovered :: explain SELECT k, c FROM sbtest%d WHERE k BETWEEN 7966267 AND 7966367


explain: for range-notcovered :: explain SELECT k, c FROM sbtest%d WHERE k BETWEEN 6997775 AND 6997875
explain: for range-notcovered :: explain SELECT k, c FROM sbtest%d WHERE k BETWEEN 6889981 AND 6890081
for range-notcovered
table 1 : explain SELECT k, c FROM sbtest1 WHERE k BETWEEN 1880241 AND 1880341
	Bitmap Heap Scan on sbtest1  (cost=5.42..385.71 rows=96 width=125)
	  Recheck Cond: ((k >= 1880241) AND (k <= 1880341))
	  ->  Bitmap Index Scan on k_1  (cost=0.00..5.39 rows=96 width=0)
	        Index Cond: ((k >= 1880241) AND (k <= 1880341))

table 2 : explain SELECT k, c FROM sbtest2 WHERE k BETWEEN 1880241 AND 1880341
	Bitmap Heap Scan on sbtest2  (cost=5.49..413.34 rows=103 width=125)
	  Recheck Cond: ((k >= 1880241) AND (k <= 1880341))
	  ->  Bitmap Index Scan on k_2  (cost=0.00..5.46 rows=103 width=0)
	        Index Cond: ((k >= 1880241) AND (k <= 1880341))

table 3 : explain SELECT k, c FROM sbtest3 WHERE k BETWEEN 1880241 AND 1880341
	Bitmap Heap Scan on sbtest3  (cost=5.50..417.22 rows=104 width=125)
	  Recheck Cond: ((k >= 1880241) AND (k <= 1880341))
	  ->  Bitmap Index Scan on k_3  (cost=0.00..5.47 rows=104 width=0)
	        Index Cond: ((k >= 1880241) AND (k <= 1880341))

table 4 : explain SELECT k, c FROM sbtest4 WHERE k BETWEEN 1880241 AND 1880341
	Bitmap Heap Scan on sbtest4  (cost=5.42..385.70 rows=96 width=125)
	  Recheck Cond: ((k >= 1880241) AND (k <= 1880341))
	  ->  Bitmap Index Scan on k_4  (cost=0.00..5.39 rows=96 width=0)
	        Index Cond: ((k >= 1880241) AND (k <= 1880341))

table 5 : explain SELECT k, c FROM sbtest5 WHERE k BETWEEN 1880241 AND 1880341
	Bitmap Heap Scan on sbtest5  (cost=5.51..421.22 rows=105 width=125)
	  Recheck Cond: ((k >= 1880241) AND (k <= 1880341))
	  ->  Bitmap Index Scan on k_5  (cost=0.00..5.48 rows=105 width=0)
	        Index Cond: ((k >= 1880241) AND (k <= 1880341))

table 6 : explain SELECT k, c FROM sbtest6 WHERE k BETWEEN 1880241 AND 1880341
	Bitmap Heap Scan on sbtest6  (cost=5.47..405.43 rows=101 width=125)
	  Recheck Cond: ((k >= 1880241) AND (k <= 1880341))
	  ->  Bitmap Index Scan on k_6  (cost=0.00..5.44 rows=101 width=0)
	        Index Cond: ((k >= 1880241) AND (k <= 1880341))

table 7 : explain SELECT k, c FROM sbtest7 WHERE k BETWEEN 1880241 AND 1880341
	Bitmap Heap Scan on sbtest7  (cost=5.45..397.54 rows=99 width=125)
	  Recheck Cond: ((k >= 1880241) AND (k <= 1880341))
	  ->  Bitmap Index Scan on k_7  (cost=0.00..5.42 rows=99 width=0)
	        Index Cond: ((k >= 1880241) AND (k <= 1880341))

table 8 : explain SELECT k, c FROM sbtest8 WHERE k BETWEEN 1880241 AND 1880341
	Bitmap Heap Scan on sbtest8  (cost=5.52..425.15 rows=106 width=125)
	  Recheck Cond: ((k >= 1880241) AND (k <= 1880341))
	  ->  Bitmap Index Scan on k_8  (cost=0.00..5.50 rows=106 width=0)
	        Index Cond: ((k >= 1880241) AND (k <= 1880341))

for range-notcovered
table 1 : explain SELECT k, c FROM sbtest1 WHERE k BETWEEN 5036418 AND 5036518
	Bitmap Heap Scan on sbtest1  (cost=5.48..409.37 rows=102 width=125)
	  Recheck Cond: ((k >= 5036418) AND (k <= 5036518))
	  ->  Bitmap Index Scan on k_1  (cost=0.00..5.45 rows=102 width=0)
	        Index Cond: ((k >= 5036418) AND (k <= 5036518))

table 2 : explain SELECT k, c FROM sbtest2 WHERE k BETWEEN 5036418 AND 5036518
	Bitmap Heap Scan on sbtest2  (cost=5.50..417.28 rows=104 width=125)
	  Recheck Cond: ((k >= 5036418) AND (k <= 5036518))
	  ->  Bitmap Index Scan on k_2  (cost=0.00..5.47 rows=104 width=0)
	        Index Cond: ((k >= 5036418) AND (k <= 5036518))

table 3 : explain SELECT k, c FROM sbtest3 WHERE k BETWEEN 5036418 AND 5036518
	Bitmap Heap Scan on sbtest3  (cost=5.52..425.10 rows=106 width=125)
	  Recheck Cond: ((k >= 5036418) AND (k <= 5036518))
	  ->  Bitmap Index Scan on k_3  (cost=0.00..5.50 rows=106 width=0)
	        Index Cond: ((k >= 5036418) AND (k <= 5036518))

table 4 : explain SELECT k, c FROM sbtest4 WHERE k BETWEEN 5036418 AND 5036518
	Bitmap Heap Scan on sbtest4  (cost=5.53..429.07 rows=107 width=125)
	  Recheck Cond: ((k >= 5036418) AND (k <= 5036518))
	  ->  Bitmap Index Scan on k_4  (cost=0.00..5.50 rows=107 width=0)
	        Index Cond: ((k >= 5036418) AND (k <= 5036518))

table 5 : explain SELECT k, c FROM sbtest5 WHERE k BETWEEN 5036418 AND 5036518
	Bitmap Heap Scan on sbtest5  (cost=5.48..409.40 rows=102 width=125)
	  Recheck Cond: ((k >= 5036418) AND (k <= 5036518))
	  ->  Bitmap Index Scan on k_5  (cost=0.00..5.45 rows=102 width=0)
	        Index Cond: ((k >= 5036418) AND (k <= 5036518))

table 6 : explain SELECT k, c FROM sbtest6 WHERE k BETWEEN 5036418 AND 5036518
	Bitmap Heap Scan on sbtest6  (cost=5.51..421.20 rows=105 width=125)
	  Recheck Cond: ((k >= 5036418) AND (k <= 5036518))
	  ->  Bitmap Index Scan on k_6  (cost=0.00..5.48 rows=105 width=0)
	        Index Cond: ((k >= 5036418) AND (k <= 5036518))

table 7 : explain SELECT k, c FROM sbtest7 WHERE k BETWEEN 5036418 AND 5036518
	Bitmap Heap Scan on sbtest7  (cost=5.51..421.20 rows=105 width=125)
	  Recheck Cond: ((k >= 5036418) AND (k <= 5036518))
	  ->  Bitmap Index Scan on k_7  (cost=0.00..5.48 rows=105 width=0)
	        Index Cond: ((k >= 5036418) AND (k <= 5036518))

table 8 : explain SELECT k, c FROM sbtest8 WHERE k BETWEEN 5036418 AND 5036518
	Bitmap Heap Scan on sbtest8  (cost=5.53..429.09 rows=107 width=125)
	  Recheck Cond: ((k >= 5036418) AND (k <= 5036518))
	  ->  Bitmap Index Scan on k_8  (cost=0.00..5.50 rows=107 width=0)
	        Index Cond: ((k >= 5036418) AND (k <= 5036518))

for range-notcovered
table 1 : explain SELECT k, c FROM sbtest1 WHERE k BETWEEN 4815064 AND 4815164
	Bitmap Heap Scan on sbtest1  (cost=5.58..448.77 rows=112 width=125)
	  Recheck Cond: ((k >= 4815064) AND (k <= 4815164))
	  ->  Bitmap Index Scan on k_1  (cost=0.00..5.55 rows=112 width=0)
	        Index Cond: ((k >= 4815064) AND (k <= 4815164))

table 2 : explain SELECT k, c FROM sbtest2 WHERE k BETWEEN 4815064 AND 4815164
	Bitmap Heap Scan on sbtest2  (cost=5.49..413.34 rows=103 width=125)
	  Recheck Cond: ((k >= 4815064) AND (k <= 4815164))
	  ->  Bitmap Index Scan on k_2  (cost=0.00..5.46 rows=103 width=0)
	        Index Cond: ((k >= 4815064) AND (k <= 4815164))

table 3 : explain SELECT k, c FROM sbtest3 WHERE k BETWEEN 4815064 AND 4815164
	Bitmap Heap Scan on sbtest3  (cost=5.48..409.34 rows=102 width=125)
	  Recheck Cond: ((k >= 4815064) AND (k <= 4815164))
	  ->  Bitmap Index Scan on k_3  (cost=0.00..5.45 rows=102 width=0)
	        Index Cond: ((k >= 4815064) AND (k <= 4815164))

table 4 : explain SELECT k, c FROM sbtest4 WHERE k BETWEEN 4815064 AND 4815164
	Bitmap Heap Scan on sbtest4  (cost=5.43..389.65 rows=97 width=125)
	  Recheck Cond: ((k >= 4815064) AND (k <= 4815164))
	  ->  Bitmap Index Scan on k_4  (cost=0.00..5.40 rows=97 width=0)
	        Index Cond: ((k >= 4815064) AND (k <= 4815164))

table 5 : explain SELECT k, c FROM sbtest5 WHERE k BETWEEN 4815064 AND 4815164
	Bitmap Heap Scan on sbtest5  (cost=5.47..405.45 rows=101 width=125)
	  Recheck Cond: ((k >= 4815064) AND (k <= 4815164))
	  ->  Bitmap Index Scan on k_5  (cost=0.00..5.44 rows=101 width=0)
	        Index Cond: ((k >= 4815064) AND (k <= 4815164))

table 6 : explain SELECT k, c FROM sbtest6 WHERE k BETWEEN 4815064 AND 4815164
	Bitmap Heap Scan on sbtest6  (cost=5.45..397.54 rows=99 width=125)
	  Recheck Cond: ((k >= 4815064) AND (k <= 4815164))
	  ->  Bitmap Index Scan on k_6  (cost=0.00..5.42 rows=99 width=0)
	        Index Cond: ((k >= 4815064) AND (k <= 4815164))

table 7 : explain SELECT k, c FROM sbtest7 WHERE k BETWEEN 4815064 AND 4815164
	Bitmap Heap Scan on sbtest7  (cost=5.47..405.43 rows=101 width=125)
	  Recheck Cond: ((k >= 4815064) AND (k <= 4815164))
	  ->  Bitmap Index Scan on k_7  (cost=0.00..5.44 rows=101 width=0)
	        Index Cond: ((k >= 4815064) AND (k <= 4815164))

table 8 : explain SELECT k, c FROM sbtest8 WHERE k BETWEEN 4815064 AND 4815164
	Bitmap Heap Scan on sbtest8  (cost=5.46..401.49 rows=100 width=125)
	  Recheck Cond: ((k >= 4815064) AND (k <= 4815164))
	  ->  Bitmap Index Scan on k_8  (cost=0.00..5.43 rows=100 width=0)
	        Index Cond: ((k >= 4815064) AND (k <= 4815164))

explain: for range-notcovered :: explain SELECT k, c FROM sbtest%d WHERE k BETWEEN 5036418 AND 5036518
explain: for range-notcovered :: explain SELECT k, c FROM sbtest%d WHERE k BETWEEN 4815064 AND 4815164
for range-notcovered
table 1 : explain SELECT k, c FROM sbtest1 WHERE k BETWEEN 7830027 AND 7830127
	Bitmap Heap Scan on sbtest1  (cost=5.50..417.25 rows=104 width=125)
	  Recheck Cond: ((k >= 7830027) AND (k <= 7830127))
	  ->  Bitmap Index Scan on k_1  (cost=0.00..5.47 rows=104 width=0)
	        Index Cond: ((k >= 7830027) AND (k <= 7830127))

table 2 : explain SELECT k, c FROM sbtest2 WHERE k BETWEEN 7830027 AND 7830127
	Bitmap Heap Scan on sbtest2  (cost=5.51..421.22 rows=105 width=125)
	  Recheck Cond: ((k >= 7830027) AND (k <= 7830127))
	  ->  Bitmap Index Scan on k_2  (cost=0.00..5.48 rows=105 width=0)
	        Index Cond: ((k >= 7830027) AND (k <= 7830127))

table 3 : explain SELECT k, c FROM sbtest3 WHERE k BETWEEN 7830027 AND 7830127
	Bitmap Heap Scan on sbtest3  (cost=5.48..409.34 rows=102 width=125)
	  Recheck Cond: ((k >= 7830027) AND (k <= 7830127))
	  ->  Bitmap Index Scan on k_3  (cost=0.00..5.45 rows=102 width=0)
	        Index Cond: ((k >= 7830027) AND (k <= 7830127))

table 4 : explain SELECT k, c FROM sbtest4 WHERE k BETWEEN 7830027 AND 7830127
	Bitmap Heap Scan on sbtest4  (cost=5.47..405.42 rows=101 width=125)
	  Recheck Cond: ((k >= 7830027) AND (k <= 7830127))
	  ->  Bitmap Index Scan on k_4  (cost=0.00..5.44 rows=101 width=0)
	        Index Cond: ((k >= 7830027) AND (k <= 7830127))

table 5 : explain SELECT k, c FROM sbtest5 WHERE k BETWEEN 7830027 AND 7830127
	Bitmap Heap Scan on sbtest5  (cost=5.42..385.73 rows=96 width=125)
	  Recheck Cond: ((k >= 7830027) AND (k <= 7830127))
	  ->  Bitmap Index Scan on k_5  (cost=0.00..5.39 rows=96 width=0)
	        Index Cond: ((k >= 7830027) AND (k <= 7830127))

table 6 : explain SELECT k, c FROM sbtest6 WHERE k BETWEEN 7830027 AND 7830127
	Bitmap Heap Scan on sbtest6  (cost=5.55..436.96 rows=109 width=125)
	  Recheck Cond: ((k >= 7830027) AND (k <= 7830127))
	  ->  Bitmap Index Scan on k_6  (cost=0.00..5.52 rows=109 width=0)
	        Index Cond: ((k >= 7830027) AND (k <= 7830127))

table 7 : explain SELECT k, c FROM sbtest7 WHERE k BETWEEN 7830027 AND 7830127
	Bitmap Heap Scan on sbtest7  (cost=5.51..421.20 rows=105 width=125)
	  Recheck Cond: ((k >= 7830027) AND (k <= 7830127))
	  ->  Bitmap Index Scan on k_7  (cost=0.00..5.48 rows=105 width=0)
	        Index Cond: ((k >= 7830027) AND (k <= 7830127))

table 8 : explain SELECT k, c FROM sbtest8 WHERE k BETWEEN 7830027 AND 7830127
	Bitmap Heap Scan on sbtest8  (cost=5.43..389.66 rows=97 width=125)
	  Recheck Cond: ((k >= 7830027) AND (k <= 7830127))
	  ->  Bitmap Index Scan on k_8  (cost=0.00..5.40 rows=97 width=0)
	        Index Cond: ((k >= 7830027) AND (k <= 7830127))

for range-notcovered
table 1 : explain SELECT k, c FROM sbtest1 WHERE k BETWEEN 5964910 AND 5965010
	Bitmap Heap Scan on sbtest1  (cost=5.52..425.13 rows=106 width=125)
	  Recheck Cond: ((k >= 5964910) AND (k <= 5965010))
	  ->  Bitmap Index Scan on k_1  (cost=0.00..5.50 rows=106 width=0)
	        Index Cond: ((k >= 5964910) AND (k <= 5965010))

table 2 : explain SELECT k, c FROM sbtest2 WHERE k BETWEEN 5964910 AND 5965010
	Bitmap Heap Scan on sbtest2  (cost=5.42..385.73 rows=96 width=125)
	  Recheck Cond: ((k >= 5964910) AND (k <= 5965010))
	  ->  Bitmap Index Scan on k_2  (cost=0.00..5.39 rows=96 width=0)
	        Index Cond: ((k >= 5964910) AND (k <= 5965010))

table 3 : explain SELECT k, c FROM sbtest3 WHERE k BETWEEN 5964910 AND 5965010
	Bitmap Heap Scan on sbtest3  (cost=5.39..373.85 rows=93 width=125)
	  Recheck Cond: ((k >= 5964910) AND (k <= 5965010))
	  ->  Bitmap Index Scan on k_3  (cost=0.00..5.36 rows=93 width=0)
	        Index Cond: ((k >= 5964910) AND (k <= 5965010))

table 4 : explain SELECT k, c FROM sbtest4 WHERE k BETWEEN 5964910 AND 5965010
	Bitmap Heap Scan on sbtest4  (cost=5.54..433.01 rows=108 width=125)
	  Recheck Cond: ((k >= 5964910) AND (k <= 5965010))
	  ->  Bitmap Index Scan on k_4  (cost=0.00..5.51 rows=108 width=0)
	        Index Cond: ((k >= 5964910) AND (k <= 5965010))

table 5 : explain SELECT k, c FROM sbtest5 WHERE k BETWEEN 5964910 AND 5965010
	Bitmap Heap Scan on sbtest5  (cost=5.50..417.28 rows=104 width=125)
	  Recheck Cond: ((k >= 5964910) AND (k <= 5965010))
	  ->  Bitmap Index Scan on k_5  (cost=0.00..5.47 rows=104 width=0)
	        Index Cond: ((k >= 5964910) AND (k <= 5965010))

table 6 : explain SELECT k, c FROM sbtest6 WHERE k BETWEEN 5964910 AND 5965010
	Bitmap Heap Scan on sbtest6  (cost=5.50..417.26 rows=104 width=125)
	  Recheck Cond: ((k >= 5964910) AND (k <= 5965010))
	  ->  Bitmap Index Scan on k_6  (cost=0.00..5.47 rows=104 width=0)
	        Index Cond: ((k >= 5964910) AND (k <= 5965010))

table 7 : explain SELECT k, c FROM sbtest7 WHERE k BETWEEN 5964910 AND 5965010
	Bitmap Heap Scan on sbtest7  (cost=5.44..393.60 rows=98 width=125)
	  Recheck Cond: ((k >= 5964910) AND (k <= 5965010))
	  ->  Bitmap Index Scan on k_7  (cost=0.00..5.42 rows=98 width=0)
	        Index Cond: ((k >= 5964910) AND (k <= 5965010))

table 8 : explain SELECT k, c FROM sbtest8 WHERE k BETWEEN 5964910 AND 5965010
	Bitmap Heap Scan on sbtest8  (cost=5.44..393.61 rows=98 width=125)
	  Recheck Cond: ((k >= 5964910) AND (k <= 5965010))
	  ->  Bitmap Index Scan on k_8  (cost=0.00..5.42 rows=98 width=0)
	        Index Cond: ((k >= 5964910) AND (k <= 5965010))

for range-notcovered
table 1 : explain SELECT k, c FROM sbtest1 WHERE k BETWEEN 5037207 AND 5037307
	Bitmap Heap Scan on sbtest1  (cost=5.48..409.37 rows=102 width=125)
	  Recheck Cond: ((k >= 5037207) AND (k <= 5037307))
	  ->  Bitmap Index Scan on k_1  (cost=0.00..5.45 rows=102 width=0)
	        Index Cond: ((k >= 5037207) AND (k <= 5037307))

table 2 : explain SELECT k, c FROM sbtest2 WHERE k BETWEEN 5037207 AND 5037307
	Bitmap Heap Scan on sbtest2  (cost=5.50..417.28 rows=104 width=125)
	  Recheck Cond: ((k >= 5037207) AND (k <= 5037307))
	  ->  Bitmap Index Scan on k_2  (cost=0.00..5.47 rows=104 width=0)
	        Index Cond: ((k >= 5037207) AND (k <= 5037307))

table 3 : explain SELECT k, c FROM sbtest3 WHERE k BETWEEN 5037207 AND 5037307
	Bitmap Heap Scan on sbtest3  (cost=5.52..425.10 rows=106 width=125)
	  Recheck Cond: ((k >= 5037207) AND (k <= 5037307))
	  ->  Bitmap Index Scan on k_3  (cost=0.00..5.50 rows=106 width=0)
	        Index Cond: ((k >= 5037207) AND (k <= 5037307))

table 4 : explain SELECT k, c FROM sbtest4 WHERE k BETWEEN 5037207 AND 5037307
	Bitmap Heap Scan on sbtest4  (cost=5.53..429.07 rows=107 width=125)
	  Recheck Cond: ((k >= 5037207) AND (k <= 5037307))
	  ->  Bitmap Index Scan on k_4  (cost=0.00..5.50 rows=107 width=0)
	        Index Cond: ((k >= 5037207) AND (k <= 5037307))

table 5 : explain SELECT k, c FROM sbtest5 WHERE k BETWEEN 5037207 AND 5037307
	Bitmap Heap Scan on sbtest5  (cost=5.48..409.40 rows=102 width=125)
	  Recheck Cond: ((k >= 5037207) AND (k <= 5037307))
	  ->  Bitmap Index Scan on k_5  (cost=0.00..5.45 rows=102 width=0)
	        Index Cond: ((k >= 5037207) AND (k <= 5037307))

table 6 : explain SELECT k, c FROM sbtest6 WHERE k BETWEEN 5037207 AND 5037307
	Bitmap Heap Scan on sbtest6  (cost=5.51..421.20 rows=105 width=125)
	  Recheck Cond: ((k >= 5037207) AND (k <= 5037307))
	  ->  Bitmap Index Scan on k_6  (cost=0.00..5.48 rows=105 width=0)
	        Index Cond: ((k >= 5037207) AND (k <= 5037307))

table 7 : explain SELECT k, c FROM sbtest7 WHERE k BETWEEN 5037207 AND 5037307
	Bitmap Heap Scan on sbtest7  (cost=5.51..421.20 rows=105 width=125)
	  Recheck Cond: ((k >= 5037207) AND (k <= 5037307))
	  ->  Bitmap Index Scan on k_7  (cost=0.00..5.48 rows=105 width=0)
	        Index Cond: ((k >= 5037207) AND (k <= 5037307))

table 8 : explain SELECT k, c FROM sbtest8 WHERE k BETWEEN 5037207 AND 5037307
	Bitmap Heap Scan on sbtest8  (cost=5.53..429.09 rows=107 width=125)
	  Recheck Cond: ((k >= 5037207) AND (k <= 5037307))
	  ->  Bitmap Index Scan on k_8  (cost=0.00..5.50 rows=107 width=0)
	        Index Cond: ((k >= 5037207) AND (k <= 5037307))

for range-notcovered
table 1 : explain SELECT k, c FROM sbtest1 WHERE k BETWEEN 3595470 AND 3595570
	Bitmap Heap Scan on sbtest1  (cost=5.38..369.92 rows=92 width=125)
	  Recheck Cond: ((k >= 3595470) AND (k <= 3595570))
	  ->  Bitmap Index Scan on k_1  (cost=0.00..5.35 rows=92 width=0)
	        Index Cond: ((k >= 3595470) AND (k <= 3595570))

table 2 : explain SELECT k, c FROM sbtest2 WHERE k BETWEEN 3595470 AND 3595570
	Bitmap Heap Scan on sbtest2  (cost=5.51..421.22 rows=105 width=125)
	  Recheck Cond: ((k >= 3595470) AND (k <= 3595570))
	  ->  Bitmap Index Scan on k_2  (cost=0.00..5.48 rows=105 width=0)
	        Index Cond: ((k >= 3595470) AND (k <= 3595570))

table 3 : explain SELECT k, c FROM sbtest3 WHERE k BETWEEN 3595470 AND 3595570
	Bitmap Heap Scan on sbtest3  (cost=5.46..401.45 rows=100 width=125)
	  Recheck Cond: ((k >= 3595470) AND (k <= 3595570))
	  ->  Bitmap Index Scan on k_3  (cost=0.00..5.43 rows=100 width=0)
	        Index Cond: ((k >= 3595470) AND (k <= 3595570))

table 4 : explain SELECT k, c FROM sbtest4 WHERE k BETWEEN 3595470 AND 3595570
	Bitmap Heap Scan on sbtest4  (cost=5.37..365.97 rows=91 width=125)
	  Recheck Cond: ((k >= 3595470) AND (k <= 3595570))
	  ->  Bitmap Index Scan on k_4  (cost=0.00..5.34 rows=91 width=0)
	        Index Cond: ((k >= 3595470) AND (k <= 3595570))

table 5 : explain SELECT k, c FROM sbtest5 WHERE k BETWEEN 3595470 AND 3595570
	Bitmap Heap Scan on sbtest5  (cost=5.46..401.51 rows=100 width=125)
	  Recheck Cond: ((k >= 3595470) AND (k <= 3595570))
	  ->  Bitmap Index Scan on k_5  (cost=0.00..5.43 rows=100 width=0)
	        Index Cond: ((k >= 3595470) AND (k <= 3595570))

table 6 : explain SELECT k, c FROM sbtest6 WHERE k BETWEEN 3595470 AND 3595570
	Bitmap Heap Scan on sbtest6  (cost=5.38..369.93 rows=92 width=125)
	  Recheck Cond: ((k >= 3595470) AND (k <= 3595570))
	  ->  Bitmap Index Scan on k_6  (cost=0.00..5.35 rows=92 width=0)
	        Index Cond: ((k >= 3595470) AND (k <= 3595570))

table 7 : explain SELECT k, c FROM sbtest7 WHERE k BETWEEN 3595470 AND 3595570
	Bitmap Heap Scan on sbtest7  (cost=5.47..405.43 rows=101 width=125)
	  Recheck Cond: ((k >= 3595470) AND (k <= 3595570))
	  ->  Bitmap Index Scan on k_7  (cost=0.00..5.44 rows=101 width=0)
	        Index Cond: ((k >= 3595470) AND (k <= 3595570))

table 8 : explain SELECT k, c FROM sbtest8 WHERE k BETWEEN 3595470 AND 3595570
	Bitmap Heap Scan on sbtest8  (cost=5.45..397.55 rows=99 width=125)
	  Recheck Cond: ((k >= 3595470) AND (k <= 3595570))
	  ->  Bitmap Index Scan on k_8  (cost=0.00..5.42 rows=99 width=0)
	        Index Cond: ((k >= 3595470) AND (k <= 3595570))

explain: for range-notcovered :: explain SELECT k, c FROM sbtest%d WHERE k BETWEEN 5964910 AND 5965010
for range-notcovered
table 1 : explain SELECT k, c FROM sbtest1 WHERE k BETWEEN 3406885 AND 3406985
	Bitmap Heap Scan on sbtest1  (cost=5.61..460.58 rows=115 width=125)
	  Recheck Cond: ((k >= 3406885) AND (k <= 3406985))
	  ->  Bitmap Index Scan on k_1  (cost=0.00..5.58 rows=115 width=0)
	        Index Cond: ((k >= 3406885) AND (k <= 3406985))

table 2 : explain SELECT k, c FROM sbtest2 WHERE k BETWEEN 3406885 AND 3406985
	Bitmap Heap Scan on sbtest2  (cost=5.48..409.40 rows=102 width=125)
	  Recheck Cond: ((k >= 3406885) AND (k <= 3406985))
	  ->  Bitmap Index Scan on k_2  (cost=0.00..5.45 rows=102 width=0)
	        Index Cond: ((k >= 3406885) AND (k <= 3406985))

table 3 : explain SELECT k, c FROM sbtest3 WHERE k BETWEEN 3406885 AND 3406985
	Bitmap Heap Scan on sbtest3  (cost=5.54..432.98 rows=108 width=125)
	  Recheck Cond: ((k >= 3406885) AND (k <= 3406985))
	  ->  Bitmap Index Scan on k_3  (cost=0.00..5.51 rows=108 width=0)
	        Index Cond: ((k >= 3406885) AND (k <= 3406985))

table 4 : explain SELECT k, c FROM sbtest4 WHERE k BETWEEN 3406885 AND 3406985
	Bitmap Heap Scan on sbtest4  (cost=5.46..401.48 rows=100 width=125)
	  Recheck Cond: ((k >= 3406885) AND (k <= 3406985))
	  ->  Bitmap Index Scan on k_4  (cost=0.00..5.43 rows=100 width=0)
	        Index Cond: ((k >= 3406885) AND (k <= 3406985))

table 5 : explain SELECT k, c FROM sbtest5 WHERE k BETWEEN 3406885 AND 3406985
	Bitmap Heap Scan on sbtest5  (cost=5.48..409.40 rows=102 width=125)
	  Recheck Cond: ((k >= 3406885) AND (k <= 3406985))
	  ->  Bitmap Index Scan on k_5  (cost=0.00..5.45 rows=102 width=0)
	        Index Cond: ((k >= 3406885) AND (k <= 3406985))

table 6 : explain SELECT k, c FROM sbtest6 WHERE k BETWEEN 3406885 AND 3406985
	Bitmap Heap Scan on sbtest6  (cost=5.41..381.77 rows=95 width=125)
	  Recheck Cond: ((k >= 3406885) AND (k <= 3406985))
	  ->  Bitmap Index Scan on k_6  (cost=0.00..5.38 rows=95 width=0)
	        Index Cond: ((k >= 3406885) AND (k <= 3406985))

table 7 : explain SELECT k, c FROM sbtest7 WHERE k BETWEEN 3406885 AND 3406985
	Bitmap Heap Scan on sbtest7  (cost=5.49..413.31 rows=103 width=125)
	  Recheck Cond: ((k >= 3406885) AND (k <= 3406985))
	  ->  Bitmap Index Scan on k_7  (cost=0.00..5.46 rows=103 width=0)
	        Index Cond: ((k >= 3406885) AND (k <= 3406985))

table 8 : explain SELECT k, c FROM sbtest8 WHERE k BETWEEN 3406885 AND 3406985
	Bitmap Heap Scan on sbtest8  (cost=5.38..369.93 rows=92 width=125)
	  Recheck Cond: ((k >= 3406885) AND (k <= 3406985))
	  ->  Bitmap Index Scan on k_8  (cost=0.00..5.35 rows=92 width=0)
	        Index Cond: ((k >= 3406885) AND (k <= 3406985))

for range-notcovered
table 1 : explain SELECT k, c FROM sbtest1 WHERE k BETWEEN 7488677 AND 7488777
	Bitmap Heap Scan on sbtest1  (cost=5.44..393.59 rows=98 width=125)
	  Recheck Cond: ((k >= 7488677) AND (k <= 7488777))
	  ->  Bitmap Index Scan on k_1  (cost=0.00..5.42 rows=98 width=0)
	        Index Cond: ((k >= 7488677) AND (k <= 7488777))

table 2 : explain SELECT k, c FROM sbtest2 WHERE k BETWEEN 7488677 AND 7488777
	Bitmap Heap Scan on sbtest2  (cost=5.46..401.51 rows=100 width=125)
	  Recheck Cond: ((k >= 7488677) AND (k <= 7488777))
	  ->  Bitmap Index Scan on k_2  (cost=0.00..5.43 rows=100 width=0)
	        Index Cond: ((k >= 7488677) AND (k <= 7488777))

table 3 : explain SELECT k, c FROM sbtest3 WHERE k BETWEEN 7488677 AND 7488777
	Bitmap Heap Scan on sbtest3  (cost=5.54..432.98 rows=108 width=125)
	  Recheck Cond: ((k >= 7488677) AND (k <= 7488777))
	  ->  Bitmap Index Scan on k_3  (cost=0.00..5.51 rows=108 width=0)
	        Index Cond: ((k >= 7488677) AND (k <= 7488777))

table 4 : explain SELECT k, c FROM sbtest4 WHERE k BETWEEN 7488677 AND 7488777
	Bitmap Heap Scan on sbtest4  (cost=5.44..393.59 rows=98 width=125)
	  Recheck Cond: ((k >= 7488677) AND (k <= 7488777))
	  ->  Bitmap Index Scan on k_4  (cost=0.00..5.42 rows=98 width=0)
	        Index Cond: ((k >= 7488677) AND (k <= 7488777))

table 5 : explain SELECT k, c FROM sbtest5 WHERE k BETWEEN 7488677 AND 7488777
	Bitmap Heap Scan on sbtest5  (cost=5.35..358.11 rows=89 width=125)
	  Recheck Cond: ((k >= 7488677) AND (k <= 7488777))
	  ->  Bitmap Index Scan on k_5  (cost=0.00..5.32 rows=89 width=0)
	        Index Cond: ((k >= 7488677) AND (k <= 7488777))

table 6 : explain SELECT k, c FROM sbtest6 WHERE k BETWEEN 7488677 AND 7488777
	Bitmap Heap Scan on sbtest6  (cost=5.49..413.31 rows=103 width=125)
	  Recheck Cond: ((k >= 7488677) AND (k <= 7488777))
	  ->  Bitmap Index Scan on k_6  (cost=0.00..5.46 rows=103 width=0)
	        Index Cond: ((k >= 7488677) AND (k <= 7488777))

table 7 : explain SELECT k, c FROM sbtest7 WHERE k BETWEEN 7488677 AND 7488777
	Bitmap Heap Scan on sbtest7  (cost=5.42..385.71 rows=96 width=125)
	  Recheck Cond: ((k >= 7488677) AND (k <= 7488777))
	  ->  Bitmap Index Scan on k_7  (cost=0.00..5.39 rows=96 width=0)
	        Index Cond: ((k >= 7488677) AND (k <= 7488777))

table 8 : explain SELECT k, c FROM sbtest8 WHERE k BETWEEN 7488677 AND 7488777
	Bitmap Heap Scan on sbtest8  (cost=5.47..405.44 rows=101 width=125)
	  Recheck Cond: ((k >= 7488677) AND (k <= 7488777))
	  ->  Bitmap Index Scan on k_8  (cost=0.00..5.44 rows=101 width=0)
	        Index Cond: ((k >= 7488677) AND (k <= 7488777))

explain: for range-notcovered :: explain SELECT k, c FROM sbtest%d WHERE k BETWEEN 5037207 AND 5037307
for range-notcovered
table 1 : explain SELECT k, c FROM sbtest1 WHERE k BETWEEN 5419310 AND 5419410
	Bitmap Heap Scan on sbtest1  (cost=5.50..417.25 rows=104 width=125)
	  Recheck Cond: ((k >= 5419310) AND (k <= 5419410))
	  ->  Bitmap Index Scan on k_1  (cost=0.00..5.47 rows=104 width=0)
	        Index Cond: ((k >= 5419310) AND (k <= 5419410))

table 2 : explain SELECT k, c FROM sbtest2 WHERE k BETWEEN 5419310 AND 5419410
	Bitmap Heap Scan on sbtest2  (cost=5.49..413.34 rows=103 width=125)
	  Recheck Cond: ((k >= 5419310) AND (k <= 5419410))
	  ->  Bitmap Index Scan on k_2  (cost=0.00..5.46 rows=103 width=0)
	        Index Cond: ((k >= 5419310) AND (k <= 5419410))

table 3 : explain SELECT k, c FROM sbtest3 WHERE k BETWEEN 5419310 AND 5419410
	Bitmap Heap Scan on sbtest3  (cost=5.56..440.86 rows=110 width=125)
	  Recheck Cond: ((k >= 5419310) AND (k <= 5419410))
	  ->  Bitmap Index Scan on k_3  (cost=0.00..5.53 rows=110 width=0)
	        Index Cond: ((k >= 5419310) AND (k <= 5419410))

table 4 : explain SELECT k, c FROM sbtest4 WHERE k BETWEEN 5419310 AND 5419410
	Bitmap Heap Scan on sbtest4  (cost=5.54..433.01 rows=108 width=125)
	  Recheck Cond: ((k >= 5419310) AND (k <= 5419410))
	  ->  Bitmap Index Scan on k_4  (cost=0.00..5.51 rows=108 width=0)
	        Index Cond: ((k >= 5419310) AND (k <= 5419410))

table 5 : explain SELECT k, c FROM sbtest5 WHERE k BETWEEN 5419310 AND 5419410
	Bitmap Heap Scan on sbtest5  (cost=5.46..401.51 rows=100 width=125)
	  Recheck Cond: ((k >= 5419310) AND (k <= 5419410))
	  ->  Bitmap Index Scan on k_5  (cost=0.00..5.43 rows=100 width=0)
	        Index Cond: ((k >= 5419310) AND (k <= 5419410))

table 6 : explain SELECT k, c FROM sbtest6 WHERE k BETWEEN 5419310 AND 5419410
	Bitmap Heap Scan on sbtest6  (cost=5.63..468.46 rows=117 width=125)
	  Recheck Cond: ((k >= 5419310) AND (k <= 5419410))
	  ->  Bitmap Index Scan on k_6  (cost=0.00..5.60 rows=117 width=0)
	        Index Cond: ((k >= 5419310) AND (k <= 5419410))

table 7 : explain SELECT k, c FROM sbtest7 WHERE k BETWEEN 5419310 AND 5419410
	Bitmap Heap Scan on sbtest7  (cost=5.45..397.54 rows=99 width=125)
	  Recheck Cond: ((k >= 5419310) AND (k <= 5419410))
	  ->  Bitmap Index Scan on k_7  (cost=0.00..5.42 rows=99 width=0)
	        Index Cond: ((k >= 5419310) AND (k <= 5419410))

table 8 : explain SELECT k, c FROM sbtest8 WHERE k BETWEEN 5419310 AND 5419410
	Bitmap Heap Scan on sbtest8  (cost=5.50..417.26 rows=104 width=125)
	  Recheck Cond: ((k >= 5419310) AND (k <= 5419410))
	  ->  Bitmap Index Scan on k_8  (cost=0.00..5.47 rows=104 width=0)
	        Index Cond: ((k >= 5419310) AND (k <= 5419410))

for range-notcovered
table 1 : explain SELECT k, c FROM sbtest1 WHERE k BETWEEN 5498507 AND 5498607
	Bitmap Heap Scan on sbtest1  (cost=5.49..413.31 rows=103 width=125)
	  Recheck Cond: ((k >= 5498507) AND (k <= 5498607))
	  ->  Bitmap Index Scan on k_1  (cost=0.00..5.46 rows=103 width=0)
	        Index Cond: ((k >= 5498507) AND (k <= 5498607))

table 2 : explain SELECT k, c FROM sbtest2 WHERE k BETWEEN 5498507 AND 5498607
	Bitmap Heap Scan on sbtest2  (cost=5.49..413.34 rows=103 width=125)
	  Recheck Cond: ((k >= 5498507) AND (k <= 5498607))
	  ->  Bitmap Index Scan on k_2  (cost=0.00..5.46 rows=103 width=0)
	        Index Cond: ((k >= 5498507) AND (k <= 5498607))

table 3 : explain SELECT k, c FROM sbtest3 WHERE k BETWEEN 5498507 AND 5498607
	Bitmap Heap Scan on sbtest3  (cost=5.41..381.74 rows=95 width=125)
	  Recheck Cond: ((k >= 5498507) AND (k <= 5498607))
	  ->  Bitmap Index Scan on k_3  (cost=0.00..5.38 rows=95 width=0)
	        Index Cond: ((k >= 5498507) AND (k <= 5498607))

table 4 : explain SELECT k, c FROM sbtest4 WHERE k BETWEEN 5498507 AND 5498607
	Bitmap Heap Scan on sbtest4  (cost=5.38..369.92 rows=92 width=125)
	  Recheck Cond: ((k >= 5498507) AND (k <= 5498607))
	  ->  Bitmap Index Scan on k_4  (cost=0.00..5.35 rows=92 width=0)
	        Index Cond: ((k >= 5498507) AND (k <= 5498607))

table 5 : explain SELECT k, c FROM sbtest5 WHERE k BETWEEN 5498507 AND 5498607
	Bitmap Heap Scan on sbtest5  (cost=5.46..401.51 rows=100 width=125)
	  Recheck Cond: ((k >= 5498507) AND (k <= 5498607))
	  ->  Bitmap Index Scan on k_5  (cost=0.00..5.43 rows=100 width=0)
	        Index Cond: ((k >= 5498507) AND (k <= 5498607))

table 6 : explain SELECT k, c FROM sbtest6 WHERE k BETWEEN 5498507 AND 5498607
	Bitmap Heap Scan on sbtest6  (cost=5.63..468.46 rows=117 width=125)
	  Recheck Cond: ((k >= 5498507) AND (k <= 5498607))
	  ->  Bitmap Index Scan on k_6  (cost=0.00..5.60 rows=117 width=0)
	        Index Cond: ((k >= 5498507) AND (k <= 5498607))

table 7 : explain SELECT k, c FROM sbtest7 WHERE k BETWEEN 5498507 AND 5498607
	Bitmap Heap Scan on sbtest7  (cost=5.50..417.25 rows=104 width=125)
	  Recheck Cond: ((k >= 5498507) AND (k <= 5498607))
	  ->  Bitmap Index Scan on k_7  (cost=0.00..5.47 rows=104 width=0)
	        Index Cond: ((k >= 5498507) AND (k <= 5498607))

table 8 : explain SELECT k, c FROM sbtest8 WHERE k BETWEEN 5498507 AND 5498607
	Bitmap Heap Scan on sbtest8  (cost=5.55..436.97 rows=109 width=125)
	  Recheck Cond: ((k >= 5498507) AND (k <= 5498607))
	  ->  Bitmap Index Scan on k_8  (cost=0.00..5.52 rows=109 width=0)
	        Index Cond: ((k >= 5498507) AND (k <= 5498607))

for range-notcovered
table 1 : explain SELECT k, c FROM sbtest1 WHERE k BETWEEN 4780123 AND 4780223
	Bitmap Heap Scan on sbtest1  (cost=5.40..377.81 rows=94 width=125)
	  Recheck Cond: ((k >= 4780123) AND (k <= 4780223))
	  ->  Bitmap Index Scan on k_1  (cost=0.00..5.38 rows=94 width=0)
	        Index Cond: ((k >= 4780123) AND (k <= 4780223))

table 2 : explain SELECT k, c FROM sbtest2 WHERE k BETWEEN 4780123 AND 4780223
	Bitmap Heap Scan on sbtest2  (cost=5.49..413.34 rows=103 width=125)
	  Recheck Cond: ((k >= 4780123) AND (k <= 4780223))
	  ->  Bitmap Index Scan on k_2  (cost=0.00..5.46 rows=103 width=0)
	        Index Cond: ((k >= 4780123) AND (k <= 4780223))

table 3 : explain SELECT k, c FROM sbtest3 WHERE k BETWEEN 4780123 AND 4780223
	Bitmap Heap Scan on sbtest3  (cost=5.48..409.34 rows=102 width=125)
	  Recheck Cond: ((k >= 4780123) AND (k <= 4780223))
	  ->  Bitmap Index Scan on k_3  (cost=0.00..5.45 rows=102 width=0)
	        Index Cond: ((k >= 4780123) AND (k <= 4780223))

table 4 : explain SELECT k, c FROM sbtest4 WHERE k BETWEEN 4780123 AND 4780223
	Bitmap Heap Scan on sbtest4  (cost=5.43..389.65 rows=97 width=125)
	  Recheck Cond: ((k >= 4780123) AND (k <= 4780223))
	  ->  Bitmap Index Scan on k_4  (cost=0.00..5.40 rows=97 width=0)
	        Index Cond: ((k >= 4780123) AND (k <= 4780223))

table 5 : explain SELECT k, c FROM sbtest5 WHERE k BETWEEN 4780123 AND 4780223
	Bitmap Heap Scan on sbtest5  (cost=5.52..425.16 rows=106 width=125)
	  Recheck Cond: ((k >= 4780123) AND (k <= 4780223))
	  ->  Bitmap Index Scan on k_5  (cost=0.00..5.50 rows=106 width=0)
	        Index Cond: ((k >= 4780123) AND (k <= 4780223))

table 6 : explain SELECT k, c FROM sbtest6 WHERE k BETWEEN 4780123 AND 4780223
	Bitmap Heap Scan on sbtest6  (cost=5.61..460.59 rows=115 width=125)
	  Recheck Cond: ((k >= 4780123) AND (k <= 4780223))
	  ->  Bitmap Index Scan on k_6  (cost=0.00..5.58 rows=115 width=0)
	        Index Cond: ((k >= 4780123) AND (k <= 4780223))

table 7 : explain SELECT k, c FROM sbtest7 WHERE k BETWEEN 4780123 AND 4780223
	Bitmap Heap Scan on sbtest7  (cost=5.37..365.98 rows=91 width=125)
	  Recheck Cond: ((k >= 4780123) AND (k <= 4780223))
	  ->  Bitmap Index Scan on k_7  (cost=0.00..5.34 rows=91 width=0)
	        Index Cond: ((k >= 4780123) AND (k <= 4780223))

table 8 : explain SELECT k, c FROM sbtest8 WHERE k BETWEEN 4780123 AND 4780223
	Bitmap Heap Scan on sbtest8  (cost=5.46..401.49 rows=100 width=125)
	  Recheck Cond: ((k >= 4780123) AND (k <= 4780223))
	  ->  Bitmap Index Scan on k_8  (cost=0.00..5.43 rows=100 width=0)
	        Index Cond: ((k >= 4780123) AND (k <= 4780223))

explain: for range-notcovered :: explain SELECT k, c FROM sbtest%d WHERE k BETWEEN 3406885 AND 3406985for range-notcovered
table 1 : explain SELECT k, c FROM sbtest1 WHERE k BETWEEN 5912230 AND 5912330
	Bitmap Heap Scan on sbtest1  (cost=5.49..413.31 rows=103 width=125)
	  Recheck Cond: ((k >= 5912230) AND (k <= 5912330))
	  ->  Bitmap Index Scan on k_1  (cost=0.00..5.46 rows=103 width=0)
	        Index Cond: ((k >= 5912230) AND (k <= 5912330))

table 2 : explain SELECT k, c FROM sbtest2 WHERE k BETWEEN 5912230 AND 5912330
	Bitmap Heap Scan on sbtest2  (cost=5.42..385.73 rows=96 width=125)
	  Recheck Cond: ((k >= 5912230) AND (k <= 5912330))
	  ->  Bitmap Index Scan on k_2  (cost=0.00..5.39 rows=96 width=0)
	        Index Cond: ((k >= 5912230) AND (k <= 5912330))

table 3 : explain SELECT k, c FROM sbtest3 WHERE k BETWEEN 5912230 AND 5912330
	Bitmap Heap Scan on sbtest3  (cost=5.48..409.34 rows=102 width=125)
	  Recheck Cond: ((k >= 5912230) AND (k <= 5912330))
	  ->  Bitmap Index Scan on k_3  (cost=0.00..5.45 rows=102 width=0)
	        Index Cond: ((k >= 5912230) AND (k <= 5912330))

table 4 : explain SELECT k, c FROM sbtest4 WHERE k BETWEEN 5912230 AND 5912330
	Bitmap Heap Scan on sbtest4  (cost=5.43..389.65 rows=97 width=125)
	  Recheck Cond: ((k >= 5912230) AND (k <= 5912330))
	  ->  Bitmap Index Scan on k_4  (cost=0.00..5.40 rows=97 width=0)
	        Index Cond: ((k >= 5912230) AND (k <= 5912330))

table 5 : explain SELECT k, c FROM sbtest5 WHERE k BETWEEN 5912230 AND 5912330
	Bitmap Heap Scan on sbtest5  (cost=5.50..417.28 rows=104 width=125)
	  Recheck Cond: ((k >= 5912230) AND (k <= 5912330))
	  ->  Bitmap Index Scan on k_5  (cost=0.00..5.47 rows=104 width=0)
	        Index Cond: ((k >= 5912230) AND (k <= 5912330))

table 6 : explain SELECT k, c FROM sbtest6 WHERE k BETWEEN 5912230 AND 5912330
	Bitmap Heap Scan on sbtest6  (cost=5.50..417.26 rows=104 width=125)
	  Recheck Cond: ((k >= 5912230) AND (k <= 5912330))
	  ->  Bitmap Index Scan on k_6  (cost=0.00..5.47 rows=104 width=0)
	        Index Cond: ((k >= 5912230) AND (k <= 5912330))

table 7 : explain SELECT k, c FROM sbtest7 WHERE k BETWEEN 5912230 AND 5912330
	Bitmap Heap Scan on sbtest7  (cost=5.44..393.60 rows=98 width=125)
	  Recheck Cond: ((k >= 5912230) AND (k <= 5912330))
	  ->  Bitmap Index Scan on k_7  (cost=0.00..5.42 rows=98 width=0)
	        Index Cond: ((k >= 5912230) AND (k <= 5912330))

table 8 : explain SELECT k, c FROM sbtest8 WHERE k BETWEEN 5912230 AND 5912330
	Bitmap Heap Scan on sbtest8  (cost=5.44..393.61 rows=98 width=125)
	  Recheck Cond: ((k >= 5912230) AND (k <= 5912330))
	  ->  Bitmap Index Scan on k_8  (cost=0.00..5.42 rows=98 width=0)
	        Index Cond: ((k >= 5912230) AND (k <= 5912330))
explain: for range-notcovered :: explain SELECT k, c FROM sbtest%d WHERE k BETWEEN 3595470 AND 3595570explain: for range-notcovered :: explain SELECT k, c FROM sbtest%d WHERE k BETWEEN 5419310 AND 5419410

for range-notcovered
table 1 : explain SELECT k, c FROM sbtest1 WHERE k BETWEEN 6944435 AND 6944535
	Bitmap Heap Scan on sbtest1  (cost=5.52..425.13 rows=106 width=125)
	  Recheck Cond: ((k >= 6944435) AND (k <= 6944535))
	  ->  Bitmap Index Scan on k_1  (cost=0.00..5.50 rows=106 width=0)
	        Index Cond: ((k >= 6944435) AND (k <= 6944535))

table 2 : explain SELECT k, c FROM sbtest2 WHERE k BETWEEN 6944435 AND 6944535
	Bitmap Heap Scan on sbtest2  (cost=5.52..425.16 rows=106 width=125)
	  Recheck Cond: ((k >= 6944435) AND (k <= 6944535))
	  ->  Bitmap Index Scan on k_2  (cost=0.00..5.50 rows=106 width=0)
	        Index Cond: ((k >= 6944435) AND (k <= 6944535))

table 3 : explain SELECT k, c FROM sbtest3 WHERE k BETWEEN 6944435 AND 6944535
	Bitmap Heap Scan on sbtest3  (cost=5.46..401.45 rows=100 width=125)
	  Recheck Cond: ((k >= 6944435) AND (k <= 6944535))
	  ->  Bitmap Index Scan on k_3  (cost=0.00..5.43 rows=100 width=0)
	        Index Cond: ((k >= 6944435) AND (k <= 6944535))

table 4 : explain SELECT k, c FROM sbtest4 WHERE k BETWEEN 6944435 AND 6944535
	Bitmap Heap Scan on sbtest4  (cost=5.50..417.25 rows=104 width=125)
	  Recheck Cond: ((k >= 6944435) AND (k <= 6944535))
	  ->  Bitmap Index Scan on k_4  (cost=0.00..5.47 rows=104 width=0)
	        Index Cond: ((k >= 6944435) AND (k <= 6944535))

table 5 : explain SELECT k, c FROM sbtest5 WHERE k BETWEEN 6944435 AND 6944535
	Bitmap Heap Scan on sbtest5  (cost=5.47..405.45 rows=101 width=125)
	  Recheck Cond: ((k >= 6944435) AND (k <= 6944535))
	  ->  Bitmap Index Scan on k_5  (cost=0.00..5.44 rows=101 width=0)
	        Index Cond: ((k >= 6944435) AND (k <= 6944535))

table 6 : explain SELECT k, c FROM sbtest6 WHERE k BETWEEN 6944435 AND 6944535
	Bitmap Heap Scan on sbtest6  (cost=5.46..401.49 rows=100 width=125)
	  Recheck Cond: ((k >= 6944435) AND (k <= 6944535))
	  ->  Bitmap Index Scan on k_6  (cost=0.00..5.43 rows=100 width=0)
	        Index Cond: ((k >= 6944435) AND (k <= 6944535))

table 7 : explain SELECT k, c FROM sbtest7 WHERE k BETWEEN 6944435 AND 6944535
	Bitmap Heap Scan on sbtest7  (cost=5.43..389.65 rows=97 width=125)
	  Recheck Cond: ((k >= 6944435) AND (k <= 6944535))
	  ->  Bitmap Index Scan on k_7  (cost=0.00..5.40 rows=97 width=0)
	        Index Cond: ((k >= 6944435) AND (k <= 6944535))

table 8 : explain SELECT k, c FROM sbtest8 WHERE k BETWEEN 6944435 AND 6944535
	Bitmap Heap Scan on sbtest8  (cost=5.55..436.97 rows=109 width=125)
	  Recheck Cond: ((k >= 6944435) AND (k <= 6944535))
	  ->  Bitmap Index Scan on k_8  (cost=0.00..5.52 rows=109 width=0)
	        Index Cond: ((k >= 6944435) AND (k <= 6944535))



explain: for range-notcovered :: explain SELECT k, c FROM sbtest%d WHERE k BETWEEN 4780123 AND 4780223
explain: for range-notcovered :: explain SELECT k, c FROM sbtest%d WHERE k BETWEEN 5498507 AND 5498607
for range-notcovered
table 1 : explain SELECT k, c FROM sbtest1 WHERE k BETWEEN 6598920 AND 6599020
	Bitmap Heap Scan on sbtest1  (cost=5.44..393.59 rows=98 width=125)
	  Recheck Cond: ((k >= 6598920) AND (k <= 6599020))
	  ->  Bitmap Index Scan on k_1  (cost=0.00..5.42 rows=98 width=0)
	        Index Cond: ((k >= 6598920) AND (k <= 6599020))

table 2 : explain SELECT k, c FROM sbtest2 WHERE k BETWEEN 6598920 AND 6599020
	Bitmap Heap Scan on sbtest2  (cost=5.46..401.51 rows=100 width=125)
	  Recheck Cond: ((k >= 6598920) AND (k <= 6599020))
	  ->  Bitmap Index Scan on k_2  (cost=0.00..5.43 rows=100 width=0)
	        Index Cond: ((k >= 6598920) AND (k <= 6599020))

table 3 : explain SELECT k, c FROM sbtest3 WHERE k BETWEEN 6598920 AND 6599020
	Bitmap Heap Scan on sbtest3  (cost=5.42..385.68 rows=96 width=125)
	  Recheck Cond: ((k >= 6598920) AND (k <= 6599020))
	  ->  Bitmap Index Scan on k_3  (cost=0.00..5.39 rows=96 width=0)
	        Index Cond: ((k >= 6598920) AND (k <= 6599020))

table 4 : explain SELECT k, c FROM sbtest4 WHERE k BETWEEN 6598920 AND 6599020
	Bitmap Heap Scan on sbtest4  (cost=5.48..409.36 rows=102 width=125)
	  Recheck Cond: ((k >= 6598920) AND (k <= 6599020))
	  ->  Bitmap Index Scan on k_4  (cost=0.00..5.45 rows=102 width=0)
	        Index Cond: ((k >= 6598920) AND (k <= 6599020))

table 5 : explain SELECT k, c FROM sbtest5 WHERE k BETWEEN 6598920 AND 6599020
	Bitmap Heap Scan on sbtest5  (cost=5.46..401.51 rows=100 width=125)
	  Recheck Cond: ((k >= 6598920) AND (k <= 6599020))
	  ->  Bitmap Index Scan on k_5  (cost=0.00..5.43 rows=100 width=0)
	        Index Cond: ((k >= 6598920) AND (k <= 6599020))

table 6 : explain SELECT k, c FROM sbtest6 WHERE k BETWEEN 6598920 AND 6599020
	Bitmap Heap Scan on sbtest6  (cost=5.49..413.31 rows=103 width=125)
	  Recheck Cond: ((k >= 6598920) AND (k <= 6599020))
	  ->  Bitmap Index Scan on k_6  (cost=0.00..5.46 rows=103 width=0)
	        Index Cond: ((k >= 6598920) AND (k <= 6599020))

table 7 : explain SELECT k, c FROM sbtest7 WHERE k BETWEEN 6598920 AND 6599020
	Bitmap Heap Scan on sbtest7  (cost=5.45..397.54 rows=99 width=125)
	  Recheck Cond: ((k >= 6598920) AND (k <= 6599020))
	  ->  Bitmap Index Scan on k_7  (cost=0.00..5.42 rows=99 width=0)
	        Index Cond: ((k >= 6598920) AND (k <= 6599020))

table 8 : explain SELECT k, c FROM sbtest8 WHERE k BETWEEN 6598920 AND 6599020
	Bitmap Heap Scan on sbtest8  (cost=5.43..389.66 rows=97 width=125)
	  Recheck Cond: ((k >= 6598920) AND (k <= 6599020))
	  ->  Bitmap Index Scan on k_8  (cost=0.00..5.40 rows=97 width=0)
	        Index Cond: ((k >= 6598920) AND (k <= 6599020))

explain: for range-notcovered :: explain SELECT k, c FROM sbtest%d WHERE k BETWEEN 7488677 AND 7488777
explain: for range-notcovered :: explain SELECT k, c FROM sbtest%d WHERE k BETWEEN 6944435 AND 6944535
for range-notcovered
table 1 : explain SELECT k, c FROM sbtest1 WHERE k BETWEEN 7966267 AND 7966367
	Bitmap Heap Scan on sbtest1  (cost=5.48..409.37 rows=102 width=125)
	  Recheck Cond: ((k >= 7966267) AND (k <= 7966367))
	  ->  Bitmap Index Scan on k_1  (cost=0.00..5.45 rows=102 width=0)
	        Index Cond: ((k >= 7966267) AND (k <= 7966367))

table 2 : explain SELECT k, c FROM sbtest2 WHERE k BETWEEN 7966267 AND 7966367
	Bitmap Heap Scan on sbtest2  (cost=5.49..413.34 rows=103 width=125)
	  Recheck Cond: ((k >= 7966267) AND (k <= 7966367))
	  ->  Bitmap Index Scan on k_2  (cost=0.00..5.46 rows=103 width=0)
	        Index Cond: ((k >= 7966267) AND (k <= 7966367))

table 3 : explain SELECT k, c FROM sbtest3 WHERE k BETWEEN 7966267 AND 7966367
	Bitmap Heap Scan on sbtest3  (cost=5.51..421.16 rows=105 width=125)
	  Recheck Cond: ((k >= 7966267) AND (k <= 7966367))
	  ->  Bitmap Index Scan on k_3  (cost=0.00..5.48 rows=105 width=0)
	        Index Cond: ((k >= 7966267) AND (k <= 7966367))

table 4 : explain SELECT k, c FROM sbtest4 WHERE k BETWEEN 7966267 AND 7966367
	Bitmap Heap Scan on sbtest4  (cost=5.46..401.48 rows=100 width=125)
	  Recheck Cond: ((k >= 7966267) AND (k <= 7966367))
	  ->  Bitmap Index Scan on k_4  (cost=0.00..5.43 rows=100 width=0)
	        Index Cond: ((k >= 7966267) AND (k <= 7966367))

table 5 : explain SELECT k, c FROM sbtest5 WHERE k BETWEEN 7966267 AND 7966367
	Bitmap Heap Scan on sbtest5  (cost=5.42..385.73 rows=96 width=125)
	  Recheck Cond: ((k >= 7966267) AND (k <= 7966367))
	  ->  Bitmap Index Scan on k_5  (cost=0.00..5.39 rows=96 width=0)
	        Index Cond: ((k >= 7966267) AND (k <= 7966367))

table 6 : explain SELECT k, c FROM sbtest6 WHERE k BETWEEN 7966267 AND 7966367
	Bitmap Heap Scan on sbtest6  (cost=5.42..385.71 rows=96 width=125)
	  Recheck Cond: ((k >= 7966267) AND (k <= 7966367))
	  ->  Bitmap Index Scan on k_6  (cost=0.00..5.39 rows=96 width=0)
	        Index Cond: ((k >= 7966267) AND (k <= 7966367))

table 7 : explain SELECT k, c FROM sbtest7 WHERE k BETWEEN 7966267 AND 7966367
	Bitmap Heap Scan on sbtest7  (cost=5.52..425.14 rows=106 width=125)
	  Recheck Cond: ((k >= 7966267) AND (k <= 7966367))
	  ->  Bitmap Index Scan on k_7  (cost=0.00..5.50 rows=106 width=0)
	        Index Cond: ((k >= 7966267) AND (k <= 7966367))

table 8 : explain SELECT k, c FROM sbtest8 WHERE k BETWEEN 7966267 AND 7966367
	Bitmap Heap Scan on sbtest8  (cost=5.50..417.26 rows=104 width=125)
	  Recheck Cond: ((k >= 7966267) AND (k <= 7966367))
	  ->  Bitmap Index Scan on k_8  (cost=0.00..5.47 rows=104 width=0)
	        Index Cond: ((k >= 7966267) AND (k <= 7966367))

explain: for range-notcovered :: explain SELECT k, c FROM sbtest%d WHERE k BETWEEN 6598920 AND 6599020
for range-notcovered
table 1 : explain SELECT k, c FROM sbtest1 WHERE k BETWEEN 6889981 AND 6890081
	Bitmap Heap Scan on sbtest1  (cost=5.68..484.20 rows=121 width=125)
	  Recheck Cond: ((k >= 6889981) AND (k <= 6890081))
	  ->  Bitmap Index Scan on k_1  (cost=0.00..5.64 rows=121 width=0)
	        Index Cond: ((k >= 6889981) AND (k <= 6890081))

table 2 : explain SELECT k, c FROM sbtest2 WHERE k BETWEEN 6889981 AND 6890081
	Bitmap Heap Scan on sbtest2  (cost=5.51..421.22 rows=105 width=125)
	  Recheck Cond: ((k >= 6889981) AND (k <= 6890081))
	  ->  Bitmap Index Scan on k_2  (cost=0.00..5.48 rows=105 width=0)
	        Index Cond: ((k >= 6889981) AND (k <= 6890081))

table 3 : explain SELECT k, c FROM sbtest3 WHERE k BETWEEN 6889981 AND 6890081
	Bitmap Heap Scan on sbtest3  (cost=5.46..401.45 rows=100 width=125)
	  Recheck Cond: ((k >= 6889981) AND (k <= 6890081))
	  ->  Bitmap Index Scan on k_3  (cost=0.00..5.43 rows=100 width=0)
	        Index Cond: ((k >= 6889981) AND (k <= 6890081))

table 4 : explain SELECT k, c FROM sbtest4 WHERE k BETWEEN 6889981 AND 6890081
	Bitmap Heap Scan on sbtest4  (cost=5.50..417.25 rows=104 width=125)
	  Recheck Cond: ((k >= 6889981) AND (k <= 6890081))
	  ->  Bitmap Index Scan on k_4  (cost=0.00..5.47 rows=104 width=0)
	        Index Cond: ((k >= 6889981) AND (k <= 6890081))

table 5 : explain SELECT k, c FROM sbtest5 WHERE k BETWEEN 6889981 AND 6890081
	Bitmap Heap Scan on sbtest5  (cost=5.46..401.51 rows=100 width=125)
	  Recheck Cond: ((k >= 6889981) AND (k <= 6890081))
	  ->  Bitmap Index Scan on k_5  (cost=0.00..5.43 rows=100 width=0)
	        Index Cond: ((k >= 6889981) AND (k <= 6890081))

table 6 : explain SELECT k, c FROM sbtest6 WHERE k BETWEEN 6889981 AND 6890081
	Bitmap Heap Scan on sbtest6  (cost=5.46..401.49 rows=100 width=125)
	  Recheck Cond: ((k >= 6889981) AND (k <= 6890081))
	  ->  Bitmap Index Scan on k_6  (cost=0.00..5.43 rows=100 width=0)
	        Index Cond: ((k >= 6889981) AND (k <= 6890081))

table 7 : explain SELECT k, c FROM sbtest7 WHERE k BETWEEN 6889981 AND 6890081
	Bitmap Heap Scan on sbtest7  (cost=5.43..389.65 rows=97 width=125)
	  Recheck Cond: ((k >= 6889981) AND (k <= 6890081))
	  ->  Bitmap Index Scan on k_7  (cost=0.00..5.40 rows=97 width=0)
	        Index Cond: ((k >= 6889981) AND (k <= 6890081))

table 8 : explain SELECT k, c FROM sbtest8 WHERE k BETWEEN 6889981 AND 6890081
	Bitmap Heap Scan on sbtest8  (cost=5.46..401.49 rows=100 width=125)
	  Recheck Cond: ((k >= 6889981) AND (k <= 6890081))
	  ->  Bitmap Index Scan on k_8  (cost=0.00..5.43 rows=100 width=0)
	        Index Cond: ((k >= 6889981) AND (k <= 6890081))

explain: for range-notcovered :: explain SELECT k, c FROM sbtest%d WHERE k BETWEEN 7966267 AND 7966367
for range-notcovered
table 1 : explain SELECT k, c FROM sbtest1 WHERE k BETWEEN 6997775 AND 6997875
	Bitmap Heap Scan on sbtest1  (cost=5.52..425.13 rows=106 width=125)
	  Recheck Cond: ((k >= 6997775) AND (k <= 6997875))
	  ->  Bitmap Index Scan on k_1  (cost=0.00..5.50 rows=106 width=0)
	        Index Cond: ((k >= 6997775) AND (k <= 6997875))

table 2 : explain SELECT k, c FROM sbtest2 WHERE k BETWEEN 6997775 AND 6997875
	Bitmap Heap Scan on sbtest2  (cost=5.52..425.16 rows=106 width=125)
	  Recheck Cond: ((k >= 6997775) AND (k <= 6997875))
	  ->  Bitmap Index Scan on k_2  (cost=0.00..5.50 rows=106 width=0)
	        Index Cond: ((k >= 6997775) AND (k <= 6997875))

table 3 : explain SELECT k, c FROM sbtest3 WHERE k BETWEEN 6997775 AND 6997875
	Bitmap Heap Scan on sbtest3  (cost=5.42..385.68 rows=96 width=125)
	  Recheck Cond: ((k >= 6997775) AND (k <= 6997875))
	  ->  Bitmap Index Scan on k_3  (cost=0.00..5.39 rows=96 width=0)
	        Index Cond: ((k >= 6997775) AND (k <= 6997875))

table 4 : explain SELECT k, c FROM sbtest4 WHERE k BETWEEN 6997775 AND 6997875
	Bitmap Heap Scan on sbtest4  (cost=5.43..389.65 rows=97 width=125)
	  Recheck Cond: ((k >= 6997775) AND (k <= 6997875))
	  ->  Bitmap Index Scan on k_4  (cost=0.00..5.40 rows=97 width=0)
	        Index Cond: ((k >= 6997775) AND (k <= 6997875))

table 5 : explain SELECT k, c FROM sbtest5 WHERE k BETWEEN 6997775 AND 6997875
	Bitmap Heap Scan on sbtest5  (cost=5.47..405.45 rows=101 width=125)
	  Recheck Cond: ((k >= 6997775) AND (k <= 6997875))
	  ->  Bitmap Index Scan on k_5  (cost=0.00..5.44 rows=101 width=0)
	        Index Cond: ((k >= 6997775) AND (k <= 6997875))

table 6 : explain SELECT k, c FROM sbtest6 WHERE k BETWEEN 6997775 AND 6997875
	Bitmap Heap Scan on sbtest6  (cost=5.47..405.43 rows=101 width=125)
	  Recheck Cond: ((k >= 6997775) AND (k <= 6997875))
	  ->  Bitmap Index Scan on k_6  (cost=0.00..5.44 rows=101 width=0)
	        Index Cond: ((k >= 6997775) AND (k <= 6997875))

table 7 : explain SELECT k, c FROM sbtest7 WHERE k BETWEEN 6997775 AND 6997875
	Bitmap Heap Scan on sbtest7  (cost=5.47..405.43 rows=101 width=125)
	  Recheck Cond: ((k >= 6997775) AND (k <= 6997875))
	  ->  Bitmap Index Scan on k_7  (cost=0.00..5.44 rows=101 width=0)
	        Index Cond: ((k >= 6997775) AND (k <= 6997875))

table 8 : explain SELECT k, c FROM sbtest8 WHERE k BETWEEN 6997775 AND 6997875
	Bitmap Heap Scan on sbtest8  (cost=5.55..436.97 rows=109 width=125)
	  Recheck Cond: ((k >= 6997775) AND (k <= 6997875))
	  ->  Bitmap Index Scan on k_8  (cost=0.00..5.52 rows=109 width=0)
	        Index Cond: ((k >= 6997775) AND (k <= 6997875))
for range-notcovered
table 1 : explain SELECT k, c FROM sbtest1 WHERE k BETWEEN 2383613 AND 2383713
	Bitmap Heap Scan on sbtest1  (cost=5.43..389.65 rows=97 width=125)
	  Recheck Cond: ((k >= 2383613) AND (k <= 2383713))
	  ->  Bitmap Index Scan on k_1  (cost=0.00..5.40 rows=97 width=0)
	        Index Cond: ((k >= 2383613) AND (k <= 2383713))

table 2 : explain SELECT k, c FROM sbtest2 WHERE k BETWEEN 2383613 AND 2383713
	Bitmap Heap Scan on sbtest2  (cost=5.50..417.28 rows=104 width=125)
	  Recheck Cond: ((k >= 2383613) AND (k <= 2383713))
	  ->  Bitmap Index Scan on k_2  (cost=0.00..5.47 rows=104 width=0)
	        Index Cond: ((k >= 2383613) AND (k <= 2383713))

table 3 : explain SELECT k, c FROM sbtest3 WHERE k BETWEEN 2383613 AND 2383713
	Bitmap Heap Scan on sbtest3  (cost=5.44..393.57 rows=98 width=125)
	  Recheck Cond: ((k >= 2383613) AND (k <= 2383713))
	  ->  Bitmap Index Scan on k_3  (cost=0.00..5.42 rows=98 width=0)
	        Index Cond: ((k >= 2383613) AND (k <= 2383713))

table 4 : explain SELECT k, c FROM sbtest4 WHERE k BETWEEN 2383613 AND 2383713
	Bitmap Heap Scan on sbtest4  (cost=5.52..425.13 rows=106 width=125)
	  Recheck Cond: ((k >= 2383613) AND (k <= 2383713))
	  ->  Bitmap Index Scan on k_4  (cost=0.00..5.50 rows=106 width=0)
	        Index Cond: ((k >= 2383613) AND (k <= 2383713))

table 5 : explain SELECT k, c FROM sbtest5 WHERE k BETWEEN 2383613 AND 2383713
	Bitmap Heap Scan on sbtest5  (cost=5.53..429.10 rows=107 width=125)
	  Recheck Cond: ((k >= 2383613) AND (k <= 2383713))
	  ->  Bitmap Index Scan on k_5  (cost=0.00..5.50 rows=107 width=0)
	        Index Cond: ((k >= 2383613) AND (k <= 2383713))

table 6 : explain SELECT k, c FROM sbtest6 WHERE k BETWEEN 2383613 AND 2383713
	Bitmap Heap Scan on sbtest6  (cost=5.40..377.82 rows=94 width=125)
	  Recheck Cond: ((k >= 2383613) AND (k <= 2383713))
	  ->  Bitmap Index Scan on k_6  (cost=0.00..5.38 rows=94 width=0)
	        Index Cond: ((k >= 2383613) AND (k <= 2383713))

table 7 : explain SELECT k, c FROM sbtest7 WHERE k BETWEEN 2383613 AND 2383713
	Bitmap Heap Scan on sbtest7  (cost=5.45..397.54 rows=99 width=125)
	  Recheck Cond: ((k >= 2383613) AND (k <= 2383713))
	  ->  Bitmap Index Scan on k_7  (cost=0.00..5.42 rows=99 width=0)
	        Index Cond: ((k >= 2383613) AND (k <= 2383713))

table 8 : explain SELECT k, c FROM sbtest8 WHERE k BETWEEN 2383613 AND 2383713
	Bitmap Heap Scan on sbtest8  (cost=5.50..417.26 rows=104 width=125)
	  Recheck Cond: ((k >= 2383613) AND (k <= 2383713))
	  ->  Bitmap Index Scan on k_8  (cost=0.00..5.47 rows=104 width=0)
	        Index Cond: ((k >= 2383613) AND (k <= 2383713))


for range-notcovered
table 1 : explain SELECT k, c FROM sbtest1 WHERE k BETWEEN 6714694 AND 6714794
	Bitmap Heap Scan on sbtest1  (cost=5.42..385.71 rows=96 width=125)
	  Recheck Cond: ((k >= 6714694) AND (k <= 6714794))
	  ->  Bitmap Index Scan on k_1  (cost=0.00..5.39 rows=96 width=0)
	        Index Cond: ((k >= 6714694) AND (k <= 6714794))

table 2 : explain SELECT k, c FROM sbtest2 WHERE k BETWEEN 6714694 AND 6714794
	Bitmap Heap Scan on sbtest2  (cost=5.45..397.57 rows=99 width=125)
	  Recheck Cond: ((k >= 6714694) AND (k <= 6714794))
	  ->  Bitmap Index Scan on k_2  (cost=0.00..5.42 rows=99 width=0)
	        Index Cond: ((k >= 6714694) AND (k <= 6714794))

table 3 : explain SELECT k, c FROM sbtest3 WHERE k BETWEEN 6714694 AND 6714794
	Bitmap Heap Scan on sbtest3  (cost=5.63..468.42 rows=117 width=125)
	  Recheck Cond: ((k >= 6714694) AND (k <= 6714794))
	  ->  Bitmap Index Scan on k_3  (cost=0.00..5.60 rows=117 width=0)
	        Index Cond: ((k >= 6714694) AND (k <= 6714794))

table 4 : explain SELECT k, c FROM sbtest4 WHERE k BETWEEN 6714694 AND 6714794
	Bitmap Heap Scan on sbtest4  (cost=5.46..401.48 rows=100 width=125)
	  Recheck Cond: ((k >= 6714694) AND (k <= 6714794))
	  ->  Bitmap Index Scan on k_4  (cost=0.00..5.43 rows=100 width=0)
	        Index Cond: ((k >= 6714694) AND (k <= 6714794))

table 5 : explain SELECT k, c FROM sbtest5 WHERE k BETWEEN 6714694 AND 6714794
	Bitmap Heap Scan on sbtest5  (cost=5.45..397.57 rows=99 width=125)
	  Recheck Cond: ((k >= 6714694) AND (k <= 6714794))
	  ->  Bitmap Index Scan on k_5  (cost=0.00..5.42 rows=99 width=0)
	        Index Cond: ((k >= 6714694) AND (k <= 6714794))

table 6 : explain SELECT k, c FROM sbtest6 WHERE k BETWEEN 6714694 AND 6714794
	Bitmap Heap Scan on sbtest6  (cost=5.48..409.37 rows=102 width=125)
	  Recheck Cond: ((k >= 6714694) AND (k <= 6714794))
	  ->  Bitmap Index Scan on k_6  (cost=0.00..5.45 rows=102 width=0)
	        Index Cond: ((k >= 6714694) AND (k <= 6714794))

table 7 : explain SELECT k, c FROM sbtest7 WHERE k BETWEEN 6714694 AND 6714794
	Bitmap Heap Scan on sbtest7  (cost=5.39..373.87 rows=93 width=125)
	  Recheck Cond: ((k >= 6714694) AND (k <= 6714794))
	  ->  Bitmap Index Scan on k_7  (cost=0.00..5.36 rows=93 width=0)
	        Index Cond: ((k >= 6714694) AND (k <= 6714794))

table 8 : explain SELECT k, c FROM sbtest8 WHERE k BETWEEN 6714694 AND 6714794
	Bitmap Heap Scan on sbtest8  (cost=5.54..433.03 rows=108 width=125)
	  Recheck Cond: ((k >= 6714694) AND (k <= 6714794))
	  ->  Bitmap Index Scan on k_8  (cost=0.00..5.51 rows=108 width=0)
	        Index Cond: ((k >= 6714694) AND (k <= 6714794))

explain: for range-notcovered :: explain SELECT k, c FROM sbtest%d WHERE k BETWEEN 6889981 AND 6890081
explain: for range-notcovered :: explain SELECT k, c FROM sbtest%d WHERE k BETWEEN 2383613 AND 2383713explain: for range-notcovered :: explain SELECT k, c FROM sbtest%d WHERE k BETWEEN 6997775 AND 6997875

for range-notcovered
table 1 : explain SELECT k, c FROM sbtest1 WHERE k BETWEEN 4815064 AND 4815164
	Bitmap Heap Scan on sbtest1  (cost=5.58..448.77 rows=112 width=125)
	  Recheck Cond: ((k >= 4815064) AND (k <= 4815164))
	  ->  Bitmap Index Scan on k_1  (cost=0.00..5.55 rows=112 width=0)
	        Index Cond: ((k >= 4815064) AND (k <= 4815164))

table 2 : explain SELECT k, c FROM sbtest2 WHERE k BETWEEN 4815064 AND 4815164
	Bitmap Heap Scan on sbtest2  (cost=5.49..413.34 rows=103 width=125)
	  Recheck Cond: ((k >= 4815064) AND (k <= 4815164))
	  ->  Bitmap Index Scan on k_2  (cost=0.00..5.46 rows=103 width=0)
	        Index Cond: ((k >= 4815064) AND (k <= 4815164))

table 3 : explain SELECT k, c FROM sbtest3 WHERE k BETWEEN 4815064 AND 4815164
	Bitmap Heap Scan on sbtest3  (cost=5.48..409.34 rows=102 width=125)
	  Recheck Cond: ((k >= 4815064) AND (k <= 4815164))
	  ->  Bitmap Index Scan on k_3  (cost=0.00..5.45 rows=102 width=0)
	        Index Cond: ((k >= 4815064) AND (k <= 4815164))

table 4 : explain SELECT k, c FROM sbtest4 WHERE k BETWEEN 4815064 AND 4815164
	Bitmap Heap Scan on sbtest4  (cost=5.43..389.65 rows=97 width=125)
	  Recheck Cond: ((k >= 4815064) AND (k <= 4815164))
	  ->  Bitmap Index Scan on k_4  (cost=0.00..5.40 rows=97 width=0)
	        Index Cond: ((k >= 4815064) AND (k <= 4815164))

table 5 : explain SELECT k, c FROM sbtest5 WHERE k BETWEEN 4815064 AND 4815164
	Bitmap Heap Scan on sbtest5  (cost=5.47..405.45 rows=101 width=125)
	  Recheck Cond: ((k >= 4815064) AND (k <= 4815164))
	  ->  Bitmap Index Scan on k_5  (cost=0.00..5.44 rows=101 width=0)
	        Index Cond: ((k >= 4815064) AND (k <= 4815164))

table 6 : explain SELECT k, c FROM sbtest6 WHERE k BETWEEN 4815064 AND 4815164
	Bitmap Heap Scan on sbtest6  (cost=5.45..397.54 rows=99 width=125)
	  Recheck Cond: ((k >= 4815064) AND (k <= 4815164))
	  ->  Bitmap Index Scan on k_6  (cost=0.00..5.42 rows=99 width=0)
	        Index Cond: ((k >= 4815064) AND (k <= 4815164))

table 7 : explain SELECT k, c FROM sbtest7 WHERE k BETWEEN 4815064 AND 4815164
	Bitmap Heap Scan on sbtest7  (cost=5.47..405.43 rows=101 width=125)
	  Recheck Cond: ((k >= 4815064) AND (k <= 4815164))
	  ->  Bitmap Index Scan on k_7  (cost=0.00..5.44 rows=101 width=0)
	        Index Cond: ((k >= 4815064) AND (k <= 4815164))

table 8 : explain SELECT k, c FROM sbtest8 WHERE k BETWEEN 4815064 AND 4815164
	Bitmap Heap Scan on sbtest8  (cost=5.46..401.49 rows=100 width=125)
	  Recheck Cond: ((k >= 4815064) AND (k <= 4815164))
	  ->  Bitmap Index Scan on k_8  (cost=0.00..5.43 rows=100 width=0)
	        Index Cond: ((k >= 4815064) AND (k <= 4815164))

explain: for range-notcovered :: explain SELECT k, c FROM sbtest%d WHERE k BETWEEN 4815064 AND 4815164
for range-notcovered
table 1 : explain SELECT k, c FROM sbtest1 WHERE k BETWEEN 5036418 AND 5036518
	Bitmap Heap Scan on sbtest1  (cost=5.48..409.37 rows=102 width=125)
	  Recheck Cond: ((k >= 5036418) AND (k <= 5036518))
	  ->  Bitmap Index Scan on k_1  (cost=0.00..5.45 rows=102 width=0)
	        Index Cond: ((k >= 5036418) AND (k <= 5036518))

table 2 : explain SELECT k, c FROM sbtest2 WHERE k BETWEEN 5036418 AND 5036518
	Bitmap Heap Scan on sbtest2  (cost=5.50..417.28 rows=104 width=125)
	  Recheck Cond: ((k >= 5036418) AND (k <= 5036518))
	  ->  Bitmap Index Scan on k_2  (cost=0.00..5.47 rows=104 width=0)
	        Index Cond: ((k >= 5036418) AND (k <= 5036518))

table 3 : explain SELECT k, c FROM sbtest3 WHERE k BETWEEN 5036418 AND 5036518
	Bitmap Heap Scan on sbtest3  (cost=5.52..425.10 rows=106 width=125)
	  Recheck Cond: ((k >= 5036418) AND (k <= 5036518))
	  ->  Bitmap Index Scan on k_3  (cost=0.00..5.50 rows=106 width=0)
	        Index Cond: ((k >= 5036418) AND (k <= 5036518))

table 4 : explain SELECT k, c FROM sbtest4 WHERE k BETWEEN 5036418 AND 5036518
	Bitmap Heap Scan on sbtest4  (cost=5.53..429.07 rows=107 width=125)
	  Recheck Cond: ((k >= 5036418) AND (k <= 5036518))
	  ->  Bitmap Index Scan on k_4  (cost=0.00..5.50 rows=107 width=0)
	        Index Cond: ((k >= 5036418) AND (k <= 5036518))

table 5 : explain SELECT k, c FROM sbtest5 WHERE k BETWEEN 5036418 AND 5036518
	Bitmap Heap Scan on sbtest5  (cost=5.48..409.40 rows=102 width=125)
	  Recheck Cond: ((k >= 5036418) AND (k <= 5036518))
	  ->  Bitmap Index Scan on k_5  (cost=0.00..5.45 rows=102 width=0)
	        Index Cond: ((k >= 5036418) AND (k <= 5036518))

table 6 : explain SELECT k, c FROM sbtest6 WHERE k BETWEEN 5036418 AND 5036518
	Bitmap Heap Scan on sbtest6  (cost=5.51..421.20 rows=105 width=125)
	  Recheck Cond: ((k >= 5036418) AND (k <= 5036518))
	  ->  Bitmap Index Scan on k_6  (cost=0.00..5.48 rows=105 width=0)
	        Index Cond: ((k >= 5036418) AND (k <= 5036518))

table 7 : explain SELECT k, c FROM sbtest7 WHERE k BETWEEN 5036418 AND 5036518
	Bitmap Heap Scan on sbtest7  (cost=5.51..421.20 rows=105 width=125)
	  Recheck Cond: ((k >= 5036418) AND (k <= 5036518))
	  ->  Bitmap Index Scan on k_7  (cost=0.00..5.48 rows=105 width=0)
	        Index Cond: ((k >= 5036418) AND (k <= 5036518))

table 8 : explain SELECT k, c FROM sbtest8 WHERE k BETWEEN 5036418 AND 5036518
	Bitmap Heap Scan on sbtest8  (cost=5.53..429.09 rows=107 width=125)
	  Recheck Cond: ((k >= 5036418) AND (k <= 5036518))
	  ->  Bitmap Index Scan on k_8  (cost=0.00..5.50 rows=107 width=0)
	        Index Cond: ((k >= 5036418) AND (k <= 5036518))

for range-notcovered
table 1 : explain SELECT k, c FROM sbtest1 WHERE k BETWEEN 5964910 AND 5965010
	Bitmap Heap Scan on sbtest1  (cost=5.52..425.13 rows=106 width=125)
	  Recheck Cond: ((k >= 5964910) AND (k <= 5965010))
	  ->  Bitmap Index Scan on k_1  (cost=0.00..5.50 rows=106 width=0)
	        Index Cond: ((k >= 5964910) AND (k <= 5965010))

table 2 : explain SELECT k, c FROM sbtest2 WHERE k BETWEEN 5964910 AND 5965010
	Bitmap Heap Scan on sbtest2  (cost=5.42..385.73 rows=96 width=125)
	  Recheck Cond: ((k >= 5964910) AND (k <= 5965010))
	  ->  Bitmap Index Scan on k_2  (cost=0.00..5.39 rows=96 width=0)
	        Index Cond: ((k >= 5964910) AND (k <= 5965010))

table 3 : explain SELECT k, c FROM sbtest3 WHERE k BETWEEN 5964910 AND 5965010
	Bitmap Heap Scan on sbtest3  (cost=5.39..373.85 rows=93 width=125)
	  Recheck Cond: ((k >= 5964910) AND (k <= 5965010))
	  ->  Bitmap Index Scan on k_3  (cost=0.00..5.36 rows=93 width=0)
	        Index Cond: ((k >= 5964910) AND (k <= 5965010))

table 4 : explain SELECT k, c FROM sbtest4 WHERE k BETWEEN 5964910 AND 5965010
	Bitmap Heap Scan on sbtest4  (cost=5.54..433.01 rows=108 width=125)
	  Recheck Cond: ((k >= 5964910) AND (k <= 5965010))
	  ->  Bitmap Index Scan on k_4  (cost=0.00..5.51 rows=108 width=0)
	        Index Cond: ((k >= 5964910) AND (k <= 5965010))

table 5 : explain SELECT k, c FROM sbtest5 WHERE k BETWEEN 5964910 AND 5965010
	Bitmap Heap Scan on sbtest5  (cost=5.50..417.28 rows=104 width=125)
	  Recheck Cond: ((k >= 5964910) AND (k <= 5965010))
	  ->  Bitmap Index Scan on k_5  (cost=0.00..5.47 rows=104 width=0)
	        Index Cond: ((k >= 5964910) AND (k <= 5965010))

table 6 : explain SELECT k, c FROM sbtest6 WHERE k BETWEEN 5964910 AND 5965010
	Bitmap Heap Scan on sbtest6  (cost=5.50..417.26 rows=104 width=125)
	  Recheck Cond: ((k >= 5964910) AND (k <= 5965010))
	  ->  Bitmap Index Scan on k_6  (cost=0.00..5.47 rows=104 width=0)
	        Index Cond: ((k >= 5964910) AND (k <= 5965010))

table 7 : explain SELECT k, c FROM sbtest7 WHERE k BETWEEN 5964910 AND 5965010
	Bitmap Heap Scan on sbtest7  (cost=5.44..393.60 rows=98 width=125)
	  Recheck Cond: ((k >= 5964910) AND (k <= 5965010))
	  ->  Bitmap Index Scan on k_7  (cost=0.00..5.42 rows=98 width=0)
	        Index Cond: ((k >= 5964910) AND (k <= 5965010))

table 8 : explain SELECT k, c FROM sbtest8 WHERE k BETWEEN 5964910 AND 5965010
	Bitmap Heap Scan on sbtest8  (cost=5.44..393.61 rows=98 width=125)
	  Recheck Cond: ((k >= 5964910) AND (k <= 5965010))
	  ->  Bitmap Index Scan on k_8  (cost=0.00..5.42 rows=98 width=0)
	        Index Cond: ((k >= 5964910) AND (k <= 5965010))

for range-notcovered
table 1 : explain SELECT k, c FROM sbtest1 WHERE k BETWEEN 5037207 AND 5037307
	Bitmap Heap Scan on sbtest1  (cost=5.48..409.37 rows=102 width=125)
	  Recheck Cond: ((k >= 5037207) AND (k <= 5037307))
	  ->  Bitmap Index Scan on k_1  (cost=0.00..5.45 rows=102 width=0)
	        Index Cond: ((k >= 5037207) AND (k <= 5037307))

table 2 : explain SELECT k, c FROM sbtest2 WHERE k BETWEEN 5037207 AND 5037307
	Bitmap Heap Scan on sbtest2  (cost=5.50..417.28 rows=104 width=125)
	  Recheck Cond: ((k >= 5037207) AND (k <= 5037307))
	  ->  Bitmap Index Scan on k_2  (cost=0.00..5.47 rows=104 width=0)
	        Index Cond: ((k >= 5037207) AND (k <= 5037307))

table 3 : explain SELECT k, c FROM sbtest3 WHERE k BETWEEN 5037207 AND 5037307
	Bitmap Heap Scan on sbtest3  (cost=5.52..425.10 rows=106 width=125)
	  Recheck Cond: ((k >= 5037207) AND (k <= 5037307))
	  ->  Bitmap Index Scan on k_3  (cost=0.00..5.50 rows=106 width=0)
	        Index Cond: ((k >= 5037207) AND (k <= 5037307))

table 4 : explain SELECT k, c FROM sbtest4 WHERE k BETWEEN 5037207 AND 5037307
	Bitmap Heap Scan on sbtest4  (cost=5.53..429.07 rows=107 width=125)
	  Recheck Cond: ((k >= 5037207) AND (k <= 5037307))
	  ->  Bitmap Index Scan on k_4  (cost=0.00..5.50 rows=107 width=0)
	        Index Cond: ((k >= 5037207) AND (k <= 5037307))

table 5 : explain SELECT k, c FROM sbtest5 WHERE k BETWEEN 5037207 AND 5037307
	Bitmap Heap Scan on sbtest5  (cost=5.48..409.40 rows=102 width=125)
	  Recheck Cond: ((k >= 5037207) AND (k <= 5037307))
	  ->  Bitmap Index Scan on k_5  (cost=0.00..5.45 rows=102 width=0)
	        Index Cond: ((k >= 5037207) AND (k <= 5037307))

table 6 : explain SELECT k, c FROM sbtest6 WHERE k BETWEEN 5037207 AND 5037307
	Bitmap Heap Scan on sbtest6  (cost=5.51..421.20 rows=105 width=125)
	  Recheck Cond: ((k >= 5037207) AND (k <= 5037307))
	  ->  Bitmap Index Scan on k_6  (cost=0.00..5.48 rows=105 width=0)
	        Index Cond: ((k >= 5037207) AND (k <= 5037307))

table 7 : explain SELECT k, c FROM sbtest7 WHERE k BETWEEN 5037207 AND 5037307
	Bitmap Heap Scan on sbtest7  (cost=5.51..421.20 rows=105 width=125)
	  Recheck Cond: ((k >= 5037207) AND (k <= 5037307))
	  ->  Bitmap Index Scan on k_7  (cost=0.00..5.48 rows=105 width=0)
	        Index Cond: ((k >= 5037207) AND (k <= 5037307))

table 8 : explain SELECT k, c FROM sbtest8 WHERE k BETWEEN 5037207 AND 5037307
	Bitmap Heap Scan on sbtest8  (cost=5.53..429.09 rows=107 width=125)
	  Recheck Cond: ((k >= 5037207) AND (k <= 5037307))
	  ->  Bitmap Index Scan on k_8  (cost=0.00..5.50 rows=107 width=0)
	        Index Cond: ((k >= 5037207) AND (k <= 5037307))

for range-notcovered
table 1 : explain SELECT k, c FROM sbtest1 WHERE k BETWEEN 3406885 AND 3406985
	Bitmap Heap Scan on sbtest1  (cost=5.61..460.58 rows=115 width=125)
	  Recheck Cond: ((k >= 3406885) AND (k <= 3406985))
	  ->  Bitmap Index Scan on k_1  (cost=0.00..5.58 rows=115 width=0)
	        Index Cond: ((k >= 3406885) AND (k <= 3406985))

table 2 : explain SELECT k, c FROM sbtest2 WHERE k BETWEEN 3406885 AND 3406985
	Bitmap Heap Scan on sbtest2  (cost=5.48..409.40 rows=102 width=125)
	  Recheck Cond: ((k >= 3406885) AND (k <= 3406985))
	  ->  Bitmap Index Scan on k_2  (cost=0.00..5.45 rows=102 width=0)
	        Index Cond: ((k >= 3406885) AND (k <= 3406985))

table 3 : explain SELECT k, c FROM sbtest3 WHERE k BETWEEN 3406885 AND 3406985
	Bitmap Heap Scan on sbtest3  (cost=5.54..432.98 rows=108 width=125)
	  Recheck Cond: ((k >= 3406885) AND (k <= 3406985))
	  ->  Bitmap Index Scan on k_3  (cost=0.00..5.51 rows=108 width=0)
	        Index Cond: ((k >= 3406885) AND (k <= 3406985))

table 4 : explain SELECT k, c FROM sbtest4 WHERE k BETWEEN 3406885 AND 3406985
	Bitmap Heap Scan on sbtest4  (cost=5.46..401.48 rows=100 width=125)
	  Recheck Cond: ((k >= 3406885) AND (k <= 3406985))
	  ->  Bitmap Index Scan on k_4  (cost=0.00..5.43 rows=100 width=0)
	        Index Cond: ((k >= 3406885) AND (k <= 3406985))

table 5 : explain SELECT k, c FROM sbtest5 WHERE k BETWEEN 3406885 AND 3406985
	Bitmap Heap Scan on sbtest5  (cost=5.48..409.40 rows=102 width=125)
	  Recheck Cond: ((k >= 3406885) AND (k <= 3406985))
	  ->  Bitmap Index Scan on k_5  (cost=0.00..5.45 rows=102 width=0)
	        Index Cond: ((k >= 3406885) AND (k <= 3406985))

table 6 : explain SELECT k, c FROM sbtest6 WHERE k BETWEEN 3406885 AND 3406985
	Bitmap Heap Scan on sbtest6  (cost=5.41..381.77 rows=95 width=125)
	  Recheck Cond: ((k >= 3406885) AND (k <= 3406985))
	  ->  Bitmap Index Scan on k_6  (cost=0.00..5.38 rows=95 width=0)
	        Index Cond: ((k >= 3406885) AND (k <= 3406985))

table 7 : explain SELECT k, c FROM sbtest7 WHERE k BETWEEN 3406885 AND 3406985
	Bitmap Heap Scan on sbtest7  (cost=5.49..413.31 rows=103 width=125)
	  Recheck Cond: ((k >= 3406885) AND (k <= 3406985))
	  ->  Bitmap Index Scan on k_7  (cost=0.00..5.46 rows=103 width=0)
	        Index Cond: ((k >= 3406885) AND (k <= 3406985))

table 8 : explain SELECT k, c FROM sbtest8 WHERE k BETWEEN 3406885 AND 3406985
	Bitmap Heap Scan on sbtest8  (cost=5.38..369.93 rows=92 width=125)
	  Recheck Cond: ((k >= 3406885) AND (k <= 3406985))
	  ->  Bitmap Index Scan on k_8  (cost=0.00..5.35 rows=92 width=0)
	        Index Cond: ((k >= 3406885) AND (k <= 3406985))

for range-notcovered
table 1 : explain SELECT k, c FROM sbtest1 WHERE k BETWEEN 4780123 AND 4780223
	Bitmap Heap Scan on sbtest1  (cost=5.40..377.81 rows=94 width=125)
	  Recheck Cond: ((k >= 4780123) AND (k <= 4780223))
	  ->  Bitmap Index Scan on k_1  (cost=0.00..5.38 rows=94 width=0)
	        Index Cond: ((k >= 4780123) AND (k <= 4780223))

table 2 : explain SELECT k, c FROM sbtest2 WHERE k BETWEEN 4780123 AND 4780223
	Bitmap Heap Scan on sbtest2  (cost=5.49..413.34 rows=103 width=125)
	  Recheck Cond: ((k >= 4780123) AND (k <= 4780223))
	  ->  Bitmap Index Scan on k_2  (cost=0.00..5.46 rows=103 width=0)
	        Index Cond: ((k >= 4780123) AND (k <= 4780223))

table 3 : explain SELECT k, c FROM sbtest3 WHERE k BETWEEN 4780123 AND 4780223
	Bitmap Heap Scan on sbtest3  (cost=5.48..409.34 rows=102 width=125)
	  Recheck Cond: ((k >= 4780123) AND (k <= 4780223))
	  ->  Bitmap Index Scan on k_3  (cost=0.00..5.45 rows=102 width=0)
	        Index Cond: ((k >= 4780123) AND (k <= 4780223))

table 4 : explain SELECT k, c FROM sbtest4 WHERE k BETWEEN 4780123 AND 4780223
	Bitmap Heap Scan on sbtest4  (cost=5.43..389.65 rows=97 width=125)
	  Recheck Cond: ((k >= 4780123) AND (k <= 4780223))
	  ->  Bitmap Index Scan on k_4  (cost=0.00..5.40 rows=97 width=0)
	        Index Cond: ((k >= 4780123) AND (k <= 4780223))

table 5 : explain SELECT k, c FROM sbtest5 WHERE k BETWEEN 4780123 AND 4780223
	Bitmap Heap Scan on sbtest5  (cost=5.52..425.16 rows=106 width=125)
	  Recheck Cond: ((k >= 4780123) AND (k <= 4780223))
	  ->  Bitmap Index Scan on k_5  (cost=0.00..5.50 rows=106 width=0)
	        Index Cond: ((k >= 4780123) AND (k <= 4780223))

table 6 : explain SELECT k, c FROM sbtest6 WHERE k BETWEEN 4780123 AND 4780223
	Bitmap Heap Scan on sbtest6  (cost=5.61..460.59 rows=115 width=125)
	  Recheck Cond: ((k >= 4780123) AND (k <= 4780223))
	  ->  Bitmap Index Scan on k_6  (cost=0.00..5.58 rows=115 width=0)
	        Index Cond: ((k >= 4780123) AND (k <= 4780223))

table 7 : explain SELECT k, c FROM sbtest7 WHERE k BETWEEN 4780123 AND 4780223
	Bitmap Heap Scan on sbtest7  (cost=5.37..365.98 rows=91 width=125)
	  Recheck Cond: ((k >= 4780123) AND (k <= 4780223))
	  ->  Bitmap Index Scan on k_7  (cost=0.00..5.34 rows=91 width=0)
	        Index Cond: ((k >= 4780123) AND (k <= 4780223))

table 8 : explain SELECT k, c FROM sbtest8 WHERE k BETWEEN 4780123 AND 4780223
	Bitmap Heap Scan on sbtest8  (cost=5.46..401.49 rows=100 width=125)
	  Recheck Cond: ((k >= 4780123) AND (k <= 4780223))
	  ->  Bitmap Index Scan on k_8  (cost=0.00..5.43 rows=100 width=0)
	        Index Cond: ((k >= 4780123) AND (k <= 4780223))

for range-notcovered
table 1 : explain SELECT k, c FROM sbtest1 WHERE k BETWEEN 3595470 AND 3595570
	Bitmap Heap Scan on sbtest1  (cost=5.38..369.92 rows=92 width=125)
	  Recheck Cond: ((k >= 3595470) AND (k <= 3595570))
	  ->  Bitmap Index Scan on k_1  (cost=0.00..5.35 rows=92 width=0)
	        Index Cond: ((k >= 3595470) AND (k <= 3595570))

table 2 : explain SELECT k, c FROM sbtest2 WHERE k BETWEEN 3595470 AND 3595570
	Bitmap Heap Scan on sbtest2  (cost=5.51..421.22 rows=105 width=125)
	  Recheck Cond: ((k >= 3595470) AND (k <= 3595570))
	  ->  Bitmap Index Scan on k_2  (cost=0.00..5.48 rows=105 width=0)
	        Index Cond: ((k >= 3595470) AND (k <= 3595570))

table 3 : explain SELECT k, c FROM sbtest3 WHERE k BETWEEN 3595470 AND 3595570
	Bitmap Heap Scan on sbtest3  (cost=5.46..401.45 rows=100 width=125)
	  Recheck Cond: ((k >= 3595470) AND (k <= 3595570))
	  ->  Bitmap Index Scan on k_3  (cost=0.00..5.43 rows=100 width=0)
	        Index Cond: ((k >= 3595470) AND (k <= 3595570))

table 4 : explain SELECT k, c FROM sbtest4 WHERE k BETWEEN 3595470 AND 3595570
	Bitmap Heap Scan on sbtest4  (cost=5.37..365.97 rows=91 width=125)
	  Recheck Cond: ((k >= 3595470) AND (k <= 3595570))
	  ->  Bitmap Index Scan on k_4  (cost=0.00..5.34 rows=91 width=0)
	        Index Cond: ((k >= 3595470) AND (k <= 3595570))

table 5 : explain SELECT k, c FROM sbtest5 WHERE k BETWEEN 3595470 AND 3595570
	Bitmap Heap Scan on sbtest5  (cost=5.46..401.51 rows=100 width=125)
	  Recheck Cond: ((k >= 3595470) AND (k <= 3595570))
	  ->  Bitmap Index Scan on k_5  (cost=0.00..5.43 rows=100 width=0)
	        Index Cond: ((k >= 3595470) AND (k <= 3595570))

table 6 : explain SELECT k, c FROM sbtest6 WHERE k BETWEEN 3595470 AND 3595570
	Bitmap Heap Scan on sbtest6  (cost=5.38..369.93 rows=92 width=125)
	  Recheck Cond: ((k >= 3595470) AND (k <= 3595570))
	  ->  Bitmap Index Scan on k_6  (cost=0.00..5.35 rows=92 width=0)
	        Index Cond: ((k >= 3595470) AND (k <= 3595570))

table 7 : explain SELECT k, c FROM sbtest7 WHERE k BETWEEN 3595470 AND 3595570
	Bitmap Heap Scan on sbtest7  (cost=5.47..405.43 rows=101 width=125)
	  Recheck Cond: ((k >= 3595470) AND (k <= 3595570))
	  ->  Bitmap Index Scan on k_7  (cost=0.00..5.44 rows=101 width=0)
	        Index Cond: ((k >= 3595470) AND (k <= 3595570))

table 8 : explain SELECT k, c FROM sbtest8 WHERE k BETWEEN 3595470 AND 3595570
	Bitmap Heap Scan on sbtest8  (cost=5.45..397.55 rows=99 width=125)
	  Recheck Cond: ((k >= 3595470) AND (k <= 3595570))
	  ->  Bitmap Index Scan on k_8  (cost=0.00..5.42 rows=99 width=0)
	        Index Cond: ((k >= 3595470) AND (k <= 3595570))

for range-notcovered
table 1 : explain SELECT k, c FROM sbtest1 WHERE k BETWEEN 5419310 AND 5419410
	Bitmap Heap Scan on sbtest1  (cost=5.50..417.25 rows=104 width=125)
	  Recheck Cond: ((k >= 5419310) AND (k <= 5419410))
	  ->  Bitmap Index Scan on k_1  (cost=0.00..5.47 rows=104 width=0)
	        Index Cond: ((k >= 5419310) AND (k <= 5419410))

table 2 : explain SELECT k, c FROM sbtest2 WHERE k BETWEEN 5419310 AND 5419410
	Bitmap Heap Scan on sbtest2  (cost=5.49..413.34 rows=103 width=125)
	  Recheck Cond: ((k >= 5419310) AND (k <= 5419410))
	  ->  Bitmap Index Scan on k_2  (cost=0.00..5.46 rows=103 width=0)
	        Index Cond: ((k >= 5419310) AND (k <= 5419410))

table 3 : explain SELECT k, c FROM sbtest3 WHERE k BETWEEN 5419310 AND 5419410
	Bitmap Heap Scan on sbtest3  (cost=5.56..440.86 rows=110 width=125)
	  Recheck Cond: ((k >= 5419310) AND (k <= 5419410))
	  ->  Bitmap Index Scan on k_3  (cost=0.00..5.53 rows=110 width=0)
	        Index Cond: ((k >= 5419310) AND (k <= 5419410))

table 4 : explain SELECT k, c FROM sbtest4 WHERE k BETWEEN 5419310 AND 5419410
	Bitmap Heap Scan on sbtest4  (cost=5.54..433.01 rows=108 width=125)
	  Recheck Cond: ((k >= 5419310) AND (k <= 5419410))
	  ->  Bitmap Index Scan on k_4  (cost=0.00..5.51 rows=108 width=0)
	        Index Cond: ((k >= 5419310) AND (k <= 5419410))

table 5 : explain SELECT k, c FROM sbtest5 WHERE k BETWEEN 5419310 AND 5419410
	Bitmap Heap Scan on sbtest5  (cost=5.46..401.51 rows=100 width=125)
	  Recheck Cond: ((k >= 5419310) AND (k <= 5419410))
	  ->  Bitmap Index Scan on k_5  (cost=0.00..5.43 rows=100 width=0)
	        Index Cond: ((k >= 5419310) AND (k <= 5419410))

table 6 : explain SELECT k, c FROM sbtest6 WHERE k BETWEEN 5419310 AND 5419410
	Bitmap Heap Scan on sbtest6  (cost=5.63..468.46 rows=117 width=125)
	  Recheck Cond: ((k >= 5419310) AND (k <= 5419410))
	  ->  Bitmap Index Scan on k_6  (cost=0.00..5.60 rows=117 width=0)
	        Index Cond: ((k >= 5419310) AND (k <= 5419410))

table 7 : explain SELECT k, c FROM sbtest7 WHERE k BETWEEN 5419310 AND 5419410
	Bitmap Heap Scan on sbtest7  (cost=5.45..397.54 rows=99 width=125)
	  Recheck Cond: ((k >= 5419310) AND (k <= 5419410))
	  ->  Bitmap Index Scan on k_7  (cost=0.00..5.42 rows=99 width=0)
	        Index Cond: ((k >= 5419310) AND (k <= 5419410))

table 8 : explain SELECT k, c FROM sbtest8 WHERE k BETWEEN 5419310 AND 5419410
	Bitmap Heap Scan on sbtest8  (cost=5.50..417.26 rows=104 width=125)
	  Recheck Cond: ((k >= 5419310) AND (k <= 5419410))
	  ->  Bitmap Index Scan on k_8  (cost=0.00..5.47 rows=104 width=0)
	        Index Cond: ((k >= 5419310) AND (k <= 5419410))

explain: for range-notcovered :: explain SELECT k, c FROM sbtest%d WHERE k BETWEEN 4780123 AND 4780223
for range-notcovered
table 1 : explain SELECT k, c FROM sbtest1 WHERE k BETWEEN 5498507 AND 5498607
	Bitmap Heap Scan on sbtest1  (cost=5.49..413.31 rows=103 width=125)
	  Recheck Cond: ((k >= 5498507) AND (k <= 5498607))
	  ->  Bitmap Index Scan on k_1  (cost=0.00..5.46 rows=103 width=0)
	        Index Cond: ((k >= 5498507) AND (k <= 5498607))

table 2 : explain SELECT k, c FROM sbtest2 WHERE k BETWEEN 5498507 AND 5498607
	Bitmap Heap Scan on sbtest2  (cost=5.49..413.34 rows=103 width=125)
	  Recheck Cond: ((k >= 5498507) AND (k <= 5498607))
	  ->  Bitmap Index Scan on k_2  (cost=0.00..5.46 rows=103 width=0)
	        Index Cond: ((k >= 5498507) AND (k <= 5498607))

table 3 : explain SELECT k, c FROM sbtest3 WHERE k BETWEEN 5498507 AND 5498607
	Bitmap Heap Scan on sbtest3  (cost=5.41..381.74 rows=95 width=125)
	  Recheck Cond: ((k >= 5498507) AND (k <= 5498607))
	  ->  Bitmap Index Scan on k_3  (cost=0.00..5.38 rows=95 width=0)
	        Index Cond: ((k >= 5498507) AND (k <= 5498607))

table 4 : explain SELECT k, c FROM sbtest4 WHERE k BETWEEN 5498507 AND 5498607
	Bitmap Heap Scan on sbtest4  (cost=5.38..369.92 rows=92 width=125)
	  Recheck Cond: ((k >= 5498507) AND (k <= 5498607))
	  ->  Bitmap Index Scan on k_4  (cost=0.00..5.35 rows=92 width=0)
	        Index Cond: ((k >= 5498507) AND (k <= 5498607))

table 5 : explain SELECT k, c FROM sbtest5 WHERE k BETWEEN 5498507 AND 5498607
	Bitmap Heap Scan on sbtest5  (cost=5.46..401.51 rows=100 width=125)
	  Recheck Cond: ((k >= 5498507) AND (k <= 5498607))
	  ->  Bitmap Index Scan on k_5  (cost=0.00..5.43 rows=100 width=0)
	        Index Cond: ((k >= 5498507) AND (k <= 5498607))

table 6 : explain SELECT k, c FROM sbtest6 WHERE k BETWEEN 5498507 AND 5498607
	Bitmap Heap Scan on sbtest6  (cost=5.63..468.46 rows=117 width=125)
	  Recheck Cond: ((k >= 5498507) AND (k <= 5498607))
	  ->  Bitmap Index Scan on k_6  (cost=0.00..5.60 rows=117 width=0)
	        Index Cond: ((k >= 5498507) AND (k <= 5498607))

table 7 : explain SELECT k, c FROM sbtest7 WHERE k BETWEEN 5498507 AND 5498607
	Bitmap Heap Scan on sbtest7  (cost=5.50..417.25 rows=104 width=125)
	  Recheck Cond: ((k >= 5498507) AND (k <= 5498607))
	  ->  Bitmap Index Scan on k_7  (cost=0.00..5.47 rows=104 width=0)
	        Index Cond: ((k >= 5498507) AND (k <= 5498607))

table 8 : explain SELECT k, c FROM sbtest8 WHERE k BETWEEN 5498507 AND 5498607
	Bitmap Heap Scan on sbtest8  (cost=5.55..436.97 rows=109 width=125)
	  Recheck Cond: ((k >= 5498507) AND (k <= 5498607))
	  ->  Bitmap Index Scan on k_8  (cost=0.00..5.52 rows=109 width=0)
	        Index Cond: ((k >= 5498507) AND (k <= 5498607))

for range-notcovered
table 1 : explain SELECT k, c FROM sbtest1 WHERE k BETWEEN 6598920 AND 6599020
	Bitmap Heap Scan on sbtest1  (cost=5.44..393.59 rows=98 width=125)
	  Recheck Cond: ((k >= 6598920) AND (k <= 6599020))
	  ->  Bitmap Index Scan on k_1  (cost=0.00..5.42 rows=98 width=0)
	        Index Cond: ((k >= 6598920) AND (k <= 6599020))

table 2 : explain SELECT k, c FROM sbtest2 WHERE k BETWEEN 6598920 AND 6599020
	Bitmap Heap Scan on sbtest2  (cost=5.46..401.51 rows=100 width=125)
	  Recheck Cond: ((k >= 6598920) AND (k <= 6599020))
	  ->  Bitmap Index Scan on k_2  (cost=0.00..5.43 rows=100 width=0)
	        Index Cond: ((k >= 6598920) AND (k <= 6599020))

table 3 : explain SELECT k, c FROM sbtest3 WHERE k BETWEEN 6598920 AND 6599020
	Bitmap Heap Scan on sbtest3  (cost=5.42..385.68 rows=96 width=125)
	  Recheck Cond: ((k >= 6598920) AND (k <= 6599020))
	  ->  Bitmap Index Scan on k_3  (cost=0.00..5.39 rows=96 width=0)
	        Index Cond: ((k >= 6598920) AND (k <= 6599020))

table 4 : explain SELECT k, c FROM sbtest4 WHERE k BETWEEN 6598920 AND 6599020
	Bitmap Heap Scan on sbtest4  (cost=5.48..409.36 rows=102 width=125)
	  Recheck Cond: ((k >= 6598920) AND (k <= 6599020))
	  ->  Bitmap Index Scan on k_4  (cost=0.00..5.45 rows=102 width=0)
	        Index Cond: ((k >= 6598920) AND (k <= 6599020))

table 5 : explain SELECT k, c FROM sbtest5 WHERE k BETWEEN 6598920 AND 6599020
	Bitmap Heap Scan on sbtest5  (cost=5.46..401.51 rows=100 width=125)
	  Recheck Cond: ((k >= 6598920) AND (k <= 6599020))
	  ->  Bitmap Index Scan on k_5  (cost=0.00..5.43 rows=100 width=0)
	        Index Cond: ((k >= 6598920) AND (k <= 6599020))

table 6 : explain SELECT k, c FROM sbtest6 WHERE k BETWEEN 6598920 AND 6599020
	Bitmap Heap Scan on sbtest6  (cost=5.49..413.31 rows=103 width=125)
	  Recheck Cond: ((k >= 6598920) AND (k <= 6599020))
	  ->  Bitmap Index Scan on k_6  (cost=0.00..5.46 rows=103 width=0)
	        Index Cond: ((k >= 6598920) AND (k <= 6599020))

table 7 : explain SELECT k, c FROM sbtest7 WHERE k BETWEEN 6598920 AND 6599020
	Bitmap Heap Scan on sbtest7  (cost=5.45..397.54 rows=99 width=125)
	  Recheck Cond: ((k >= 6598920) AND (k <= 6599020))
	  ->  Bitmap Index Scan on k_7  (cost=0.00..5.42 rows=99 width=0)
	        Index Cond: ((k >= 6598920) AND (k <= 6599020))

table 8 : explain SELECT k, c FROM sbtest8 WHERE k BETWEEN 6598920 AND 6599020
	Bitmap Heap Scan on sbtest8  (cost=5.43..389.66 rows=97 width=125)
	  Recheck Cond: ((k >= 6598920) AND (k <= 6599020))
	  ->  Bitmap Index Scan on k_8  (cost=0.00..5.40 rows=97 width=0)
	        Index Cond: ((k >= 6598920) AND (k <= 6599020))
for range-notcovered
table 1 : explain SELECT k, c FROM sbtest1 WHERE k BETWEEN 7966267 AND 7966367
	Bitmap Heap Scan on sbtest1  (cost=5.48..409.37 rows=102 width=125)
	  Recheck Cond: ((k >= 7966267) AND (k <= 7966367))
	  ->  Bitmap Index Scan on k_1  (cost=0.00..5.45 rows=102 width=0)
	        Index Cond: ((k >= 7966267) AND (k <= 7966367))

table 2 : explain SELECT k, c FROM sbtest2 WHERE k BETWEEN 7966267 AND 7966367
	Bitmap Heap Scan on sbtest2  (cost=5.49..413.34 rows=103 width=125)
	  Recheck Cond: ((k >= 7966267) AND (k <= 7966367))
	  ->  Bitmap Index Scan on k_2  (cost=0.00..5.46 rows=103 width=0)
	        Index Cond: ((k >= 7966267) AND (k <= 7966367))

table 3 : explain SELECT k, c FROM sbtest3 WHERE k BETWEEN 7966267 AND 7966367
	Bitmap Heap Scan on sbtest3  (cost=5.51..421.16 rows=105 width=125)
	  Recheck Cond: ((k >= 7966267) AND (k <= 7966367))
	  ->  Bitmap Index Scan on k_3  (cost=0.00..5.48 rows=105 width=0)
	        Index Cond: ((k >= 7966267) AND (k <= 7966367))

table 4 : explain SELECT k, c FROM sbtest4 WHERE k BETWEEN 7966267 AND 7966367
	Bitmap Heap Scan on sbtest4  (cost=5.46..401.48 rows=100 width=125)
	  Recheck Cond: ((k >= 7966267) AND (k <= 7966367))
	  ->  Bitmap Index Scan on k_4  (cost=0.00..5.43 rows=100 width=0)
	        Index Cond: ((k >= 7966267) AND (k <= 7966367))

table 5 : explain SELECT k, c FROM sbtest5 WHERE k BETWEEN 7966267 AND 7966367
	Bitmap Heap Scan on sbtest5  (cost=5.42..385.73 rows=96 width=125)
	  Recheck Cond: ((k >= 7966267) AND (k <= 7966367))
	  ->  Bitmap Index Scan on k_5  (cost=0.00..5.39 rows=96 width=0)
	        Index Cond: ((k >= 7966267) AND (k <= 7966367))

table 6 : explain SELECT k, c FROM sbtest6 WHERE k BETWEEN 7966267 AND 7966367
	Bitmap Heap Scan on sbtest6  (cost=5.42..385.71 rows=96 width=125)
	  Recheck Cond: ((k >= 7966267) AND (k <= 7966367))
	  ->  Bitmap Index Scan on k_6  (cost=0.00..5.39 rows=96 width=0)
	        Index Cond: ((k >= 7966267) AND (k <= 7966367))

table 7 : explain SELECT k, c FROM sbtest7 WHERE k BETWEEN 7966267 AND 7966367
	Bitmap Heap Scan on sbtest7  (cost=5.52..425.14 rows=106 width=125)
	  Recheck Cond: ((k >= 7966267) AND (k <= 7966367))
	  ->  Bitmap Index Scan on k_7  (cost=0.00..5.50 rows=106 width=0)
	        Index Cond: ((k >= 7966267) AND (k <= 7966367))

table 8 : explain SELECT k, c FROM sbtest8 WHERE k BETWEEN 7966267 AND 7966367
	Bitmap Heap Scan on sbtest8  (cost=5.50..417.26 rows=104 width=125)
	  Recheck Cond: ((k >= 7966267) AND (k <= 7966367))
	  ->  Bitmap Index Scan on k_8  (cost=0.00..5.47 rows=104 width=0)
	        Index Cond: ((k >= 7966267) AND (k <= 7966367))


explain: for range-notcovered :: explain SELECT k, c FROM sbtest%d WHERE k BETWEEN 5498507 AND 5498607
for range-notcovered
table 1 : explain SELECT k, c FROM sbtest1 WHERE k BETWEEN 7488677 AND 7488777
	Bitmap Heap Scan on sbtest1  (cost=5.44..393.59 rows=98 width=125)
	  Recheck Cond: ((k >= 7488677) AND (k <= 7488777))
	  ->  Bitmap Index Scan on k_1  (cost=0.00..5.42 rows=98 width=0)
	        Index Cond: ((k >= 7488677) AND (k <= 7488777))

table 2 : explain SELECT k, c FROM sbtest2 WHERE k BETWEEN 7488677 AND 7488777
	Bitmap Heap Scan on sbtest2  (cost=5.46..401.51 rows=100 width=125)
	  Recheck Cond: ((k >= 7488677) AND (k <= 7488777))
	  ->  Bitmap Index Scan on k_2  (cost=0.00..5.43 rows=100 width=0)
	        Index Cond: ((k >= 7488677) AND (k <= 7488777))

table 3 : explain SELECT k, c FROM sbtest3 WHERE k BETWEEN 7488677 AND 7488777
	Bitmap Heap Scan on sbtest3  (cost=5.54..432.98 rows=108 width=125)
	  Recheck Cond: ((k >= 7488677) AND (k <= 7488777))
	  ->  Bitmap Index Scan on k_3  (cost=0.00..5.51 rows=108 width=0)
	        Index Cond: ((k >= 7488677) AND (k <= 7488777))

table 4 : explain SELECT k, c FROM sbtest4 WHERE k BETWEEN 7488677 AND 7488777
	Bitmap Heap Scan on sbtest4  (cost=5.44..393.59 rows=98 width=125)
	  Recheck Cond: ((k >= 7488677) AND (k <= 7488777))
	  ->  Bitmap Index Scan on k_4  (cost=0.00..5.42 rows=98 width=0)
	        Index Cond: ((k >= 7488677) AND (k <= 7488777))

table 5 : explain SELECT k, c FROM sbtest5 WHERE k BETWEEN 7488677 AND 7488777
	Bitmap Heap Scan on sbtest5  (cost=5.35..358.11 rows=89 width=125)
	  Recheck Cond: ((k >= 7488677) AND (k <= 7488777))
	  ->  Bitmap Index Scan on k_5  (cost=0.00..5.32 rows=89 width=0)
	        Index Cond: ((k >= 7488677) AND (k <= 7488777))

table 6 : explain SELECT k, c FROM sbtest6 WHERE k BETWEEN 7488677 AND 7488777
	Bitmap Heap Scan on sbtest6  (cost=5.49..413.31 rows=103 width=125)
	  Recheck Cond: ((k >= 7488677) AND (k <= 7488777))
	  ->  Bitmap Index Scan on k_6  (cost=0.00..5.46 rows=103 width=0)
	        Index Cond: ((k >= 7488677) AND (k <= 7488777))

table 7 : explain SELECT k, c FROM sbtest7 WHERE k BETWEEN 7488677 AND 7488777
	Bitmap Heap Scan on sbtest7  (cost=5.42..385.71 rows=96 width=125)
	  Recheck Cond: ((k >= 7488677) AND (k <= 7488777))
	  ->  Bitmap Index Scan on k_7  (cost=0.00..5.39 rows=96 width=0)
	        Index Cond: ((k >= 7488677) AND (k <= 7488777))

table 8 : explain SELECT k, c FROM sbtest8 WHERE k BETWEEN 7488677 AND 7488777
	Bitmap Heap Scan on sbtest8  (cost=5.47..405.44 rows=101 width=125)
	  Recheck Cond: ((k >= 7488677) AND (k <= 7488777))
	  ->  Bitmap Index Scan on k_8  (cost=0.00..5.44 rows=101 width=0)
	        Index Cond: ((k >= 7488677) AND (k <= 7488777))

explain: for range-notcovered :: explain SELECT k, c FROM sbtest%d WHERE k BETWEEN 6598920 AND 6599020
for range-notcovered
table 1 : explain SELECT k, c FROM sbtest1 WHERE k BETWEEN 6889981 AND 6890081
	Bitmap Heap Scan on sbtest1  (cost=5.68..484.20 rows=121 width=125)
	  Recheck Cond: ((k >= 6889981) AND (k <= 6890081))
	  ->  Bitmap Index Scan on k_1  (cost=0.00..5.64 rows=121 width=0)
	        Index Cond: ((k >= 6889981) AND (k <= 6890081))

table 2 : explain SELECT k, c FROM sbtest2 WHERE k BETWEEN 6889981 AND 6890081
	Bitmap Heap Scan on sbtest2  (cost=5.51..421.22 rows=105 width=125)
	  Recheck Cond: ((k >= 6889981) AND (k <= 6890081))
	  ->  Bitmap Index Scan on k_2  (cost=0.00..5.48 rows=105 width=0)
	        Index Cond: ((k >= 6889981) AND (k <= 6890081))

table 3 : explain SELECT k, c FROM sbtest3 WHERE k BETWEEN 6889981 AND 6890081
	Bitmap Heap Scan on sbtest3  (cost=5.46..401.45 rows=100 width=125)
	  Recheck Cond: ((k >= 6889981) AND (k <= 6890081))
	  ->  Bitmap Index Scan on k_3  (cost=0.00..5.43 rows=100 width=0)
	        Index Cond: ((k >= 6889981) AND (k <= 6890081))

table 4 : explain SELECT k, c FROM sbtest4 WHERE k BETWEEN 6889981 AND 6890081
	Bitmap Heap Scan on sbtest4  (cost=5.50..417.25 rows=104 width=125)
	  Recheck Cond: ((k >= 6889981) AND (k <= 6890081))
	  ->  Bitmap Index Scan on k_4  (cost=0.00..5.47 rows=104 width=0)
	        Index Cond: ((k >= 6889981) AND (k <= 6890081))

table 5 : explain SELECT k, c FROM sbtest5 WHERE k BETWEEN 6889981 AND 6890081
	Bitmap Heap Scan on sbtest5  (cost=5.46..401.51 rows=100 width=125)
	  Recheck Cond: ((k >= 6889981) AND (k <= 6890081))
	  ->  Bitmap Index Scan on k_5  (cost=0.00..5.43 rows=100 width=0)
	        Index Cond: ((k >= 6889981) AND (k <= 6890081))

table 6 : explain SELECT k, c FROM sbtest6 WHERE k BETWEEN 6889981 AND 6890081
	Bitmap Heap Scan on sbtest6  (cost=5.46..401.49 rows=100 width=125)
	  Recheck Cond: ((k >= 6889981) AND (k <= 6890081))
	  ->  Bitmap Index Scan on k_6  (cost=0.00..5.43 rows=100 width=0)
	        Index Cond: ((k >= 6889981) AND (k <= 6890081))

table 7 : explain SELECT k, c FROM sbtest7 WHERE k BETWEEN 6889981 AND 6890081
	Bitmap Heap Scan on sbtest7  (cost=5.43..389.65 rows=97 width=125)
	  Recheck Cond: ((k >= 6889981) AND (k <= 6890081))
	  ->  Bitmap Index Scan on k_7  (cost=0.00..5.40 rows=97 width=0)
	        Index Cond: ((k >= 6889981) AND (k <= 6890081))

table 8 : explain SELECT k, c FROM sbtest8 WHERE k BETWEEN 6889981 AND 6890081
	Bitmap Heap Scan on sbtest8  (cost=5.46..401.49 rows=100 width=125)
	  Recheck Cond: ((k >= 6889981) AND (k <= 6890081))
	  ->  Bitmap Index Scan on k_8  (cost=0.00..5.43 rows=100 width=0)
	        Index Cond: ((k >= 6889981) AND (k <= 6890081))

explain: for range-notcovered :: explain SELECT k, c FROM sbtest%d WHERE k BETWEEN 7488677 AND 7488777
for range-notcovered
table 1 : explain SELECT k, c FROM sbtest1 WHERE k BETWEEN 6944435 AND 6944535
	Bitmap Heap Scan on sbtest1  (cost=5.52..425.13 rows=106 width=125)
	  Recheck Cond: ((k >= 6944435) AND (k <= 6944535))
	  ->  Bitmap Index Scan on k_1  (cost=0.00..5.50 rows=106 width=0)
	        Index Cond: ((k >= 6944435) AND (k <= 6944535))

table 2 : explain SELECT k, c FROM sbtest2 WHERE k BETWEEN 6944435 AND 6944535
	Bitmap Heap Scan on sbtest2  (cost=5.52..425.16 rows=106 width=125)
	  Recheck Cond: ((k >= 6944435) AND (k <= 6944535))
	  ->  Bitmap Index Scan on k_2  (cost=0.00..5.50 rows=106 width=0)
	        Index Cond: ((k >= 6944435) AND (k <= 6944535))

table 3 : explain SELECT k, c FROM sbtest3 WHERE k BETWEEN 6944435 AND 6944535
	Bitmap Heap Scan on sbtest3  (cost=5.46..401.45 rows=100 width=125)
	  Recheck Cond: ((k >= 6944435) AND (k <= 6944535))
	  ->  Bitmap Index Scan on k_3  (cost=0.00..5.43 rows=100 width=0)
	        Index Cond: ((k >= 6944435) AND (k <= 6944535))

table 4 : explain SELECT k, c FROM sbtest4 WHERE k BETWEEN 6944435 AND 6944535
	Bitmap Heap Scan on sbtest4  (cost=5.50..417.25 rows=104 width=125)
	  Recheck Cond: ((k >= 6944435) AND (k <= 6944535))
	  ->  Bitmap Index Scan on k_4  (cost=0.00..5.47 rows=104 width=0)
	        Index Cond: ((k >= 6944435) AND (k <= 6944535))

table 5 : explain SELECT k, c FROM sbtest5 WHERE k BETWEEN 6944435 AND 6944535
	Bitmap Heap Scan on sbtest5  (cost=5.47..405.45 rows=101 width=125)
	  Recheck Cond: ((k >= 6944435) AND (k <= 6944535))
	  ->  Bitmap Index Scan on k_5  (cost=0.00..5.44 rows=101 width=0)
	        Index Cond: ((k >= 6944435) AND (k <= 6944535))

table 6 : explain SELECT k, c FROM sbtest6 WHERE k BETWEEN 6944435 AND 6944535
	Bitmap Heap Scan on sbtest6  (cost=5.46..401.49 rows=100 width=125)
	  Recheck Cond: ((k >= 6944435) AND (k <= 6944535))
	  ->  Bitmap Index Scan on k_6  (cost=0.00..5.43 rows=100 width=0)
	        Index Cond: ((k >= 6944435) AND (k <= 6944535))

table 7 : explain SELECT k, c FROM sbtest7 WHERE k BETWEEN 6944435 AND 6944535
	Bitmap Heap Scan on sbtest7  (cost=5.43..389.65 rows=97 width=125)
	  Recheck Cond: ((k >= 6944435) AND (k <= 6944535))
	  ->  Bitmap Index Scan on k_7  (cost=0.00..5.40 rows=97 width=0)
	        Index Cond: ((k >= 6944435) AND (k <= 6944535))

table 8 : explain SELECT k, c FROM sbtest8 WHERE k BETWEEN 6944435 AND 6944535
	Bitmap Heap Scan on sbtest8  (cost=5.55..436.97 rows=109 width=125)
	  Recheck Cond: ((k >= 6944435) AND (k <= 6944535))
	  ->  Bitmap Index Scan on k_8  (cost=0.00..5.52 rows=109 width=0)
	        Index Cond: ((k >= 6944435) AND (k <= 6944535))

for range-notcovered
table 1 : explain SELECT k, c FROM sbtest1 WHERE k BETWEEN 6997775 AND 6997875
	Bitmap Heap Scan on sbtest1  (cost=5.52..425.13 rows=106 width=125)
	  Recheck Cond: ((k >= 6997775) AND (k <= 6997875))
	  ->  Bitmap Index Scan on k_1  (cost=0.00..5.50 rows=106 width=0)
	        Index Cond: ((k >= 6997775) AND (k <= 6997875))

table 2 : explain SELECT k, c FROM sbtest2 WHERE k BETWEEN 6997775 AND 6997875
	Bitmap Heap Scan on sbtest2  (cost=5.52..425.16 rows=106 width=125)
	  Recheck Cond: ((k >= 6997775) AND (k <= 6997875))
	  ->  Bitmap Index Scan on k_2  (cost=0.00..5.50 rows=106 width=0)
	        Index Cond: ((k >= 6997775) AND (k <= 6997875))

table 3 : explain SELECT k, c FROM sbtest3 WHERE k BETWEEN 6997775 AND 6997875
	Bitmap Heap Scan on sbtest3  (cost=5.42..385.68 rows=96 width=125)
	  Recheck Cond: ((k >= 6997775) AND (k <= 6997875))
	  ->  Bitmap Index Scan on k_3  (cost=0.00..5.39 rows=96 width=0)
	        Index Cond: ((k >= 6997775) AND (k <= 6997875))

table 4 : explain SELECT k, c FROM sbtest4 WHERE k BETWEEN 6997775 AND 6997875
	Bitmap Heap Scan on sbtest4  (cost=5.43..389.65 rows=97 width=125)
	  Recheck Cond: ((k >= 6997775) AND (k <= 6997875))
	  ->  Bitmap Index Scan on k_4  (cost=0.00..5.40 rows=97 width=0)
	        Index Cond: ((k >= 6997775) AND (k <= 6997875))

table 5 : explain SELECT k, c FROM sbtest5 WHERE k BETWEEN 6997775 AND 6997875
	Bitmap Heap Scan on sbtest5  (cost=5.47..405.45 rows=101 width=125)
	  Recheck Cond: ((k >= 6997775) AND (k <= 6997875))
	  ->  Bitmap Index Scan on k_5  (cost=0.00..5.44 rows=101 width=0)
	        Index Cond: ((k >= 6997775) AND (k <= 6997875))

table 6 : explain SELECT k, c FROM sbtest6 WHERE k BETWEEN 6997775 AND 6997875
	Bitmap Heap Scan on sbtest6  (cost=5.47..405.43 rows=101 width=125)
	  Recheck Cond: ((k >= 6997775) AND (k <= 6997875))
	  ->  Bitmap Index Scan on k_6  (cost=0.00..5.44 rows=101 width=0)
	        Index Cond: ((k >= 6997775) AND (k <= 6997875))

table 7 : explain SELECT k, c FROM sbtest7 WHERE k BETWEEN 6997775 AND 6997875
	Bitmap Heap Scan on sbtest7  (cost=5.47..405.43 rows=101 width=125)
	  Recheck Cond: ((k >= 6997775) AND (k <= 6997875))
	  ->  Bitmap Index Scan on k_7  (cost=0.00..5.44 rows=101 width=0)
	        Index Cond: ((k >= 6997775) AND (k <= 6997875))

table 8 : explain SELECT k, c FROM sbtest8 WHERE k BETWEEN 6997775 AND 6997875
	Bitmap Heap Scan on sbtest8  (cost=5.55..436.97 rows=109 width=125)
	  Recheck Cond: ((k >= 6997775) AND (k <= 6997875))
	  ->  Bitmap Index Scan on k_8  (cost=0.00..5.52 rows=109 width=0)
	        Index Cond: ((k >= 6997775) AND (k <= 6997875))

explain: for range-notcovered :: explain SELECT k, c FROM sbtest%d WHERE k BETWEEN 6889981 AND 6890081
for range-notcovered
table 1 : explain SELECT k, c FROM sbtest1 WHERE k BETWEEN 2383613 AND 2383713
	Bitmap Heap Scan on sbtest1  (cost=5.43..389.65 rows=97 width=125)
	  Recheck Cond: ((k >= 2383613) AND (k <= 2383713))
	  ->  Bitmap Index Scan on k_1  (cost=0.00..5.40 rows=97 width=0)
	        Index Cond: ((k >= 2383613) AND (k <= 2383713))

table 2 : explain SELECT k, c FROM sbtest2 WHERE k BETWEEN 2383613 AND 2383713
	Bitmap Heap Scan on sbtest2  (cost=5.50..417.28 rows=104 width=125)
	  Recheck Cond: ((k >= 2383613) AND (k <= 2383713))
	  ->  Bitmap Index Scan on k_2  (cost=0.00..5.47 rows=104 width=0)
	        Index Cond: ((k >= 2383613) AND (k <= 2383713))

table 3 : explain SELECT k, c FROM sbtest3 WHERE k BETWEEN 2383613 AND 2383713
	Bitmap Heap Scan on sbtest3  (cost=5.44..393.57 rows=98 width=125)
	  Recheck Cond: ((k >= 2383613) AND (k <= 2383713))
	  ->  Bitmap Index Scan on k_3  (cost=0.00..5.42 rows=98 width=0)
	        Index Cond: ((k >= 2383613) AND (k <= 2383713))

table 4 : explain SELECT k, c FROM sbtest4 WHERE k BETWEEN 2383613 AND 2383713
	Bitmap Heap Scan on sbtest4  (cost=5.52..425.13 rows=106 width=125)
	  Recheck Cond: ((k >= 2383613) AND (k <= 2383713))
	  ->  Bitmap Index Scan on k_4  (cost=0.00..5.50 rows=106 width=0)
	        Index Cond: ((k >= 2383613) AND (k <= 2383713))

table 5 : explain SELECT k, c FROM sbtest5 WHERE k BETWEEN 2383613 AND 2383713
	Bitmap Heap Scan on sbtest5  (cost=5.53..429.10 rows=107 width=125)
	  Recheck Cond: ((k >= 2383613) AND (k <= 2383713))
	  ->  Bitmap Index Scan on k_5  (cost=0.00..5.50 rows=107 width=0)
	        Index Cond: ((k >= 2383613) AND (k <= 2383713))

table 6 : explain SELECT k, c FROM sbtest6 WHERE k BETWEEN 2383613 AND 2383713
	Bitmap Heap Scan on sbtest6  (cost=5.40..377.82 rows=94 width=125)
	  Recheck Cond: ((k >= 2383613) AND (k <= 2383713))
	  ->  Bitmap Index Scan on k_6  (cost=0.00..5.38 rows=94 width=0)
	        Index Cond: ((k >= 2383613) AND (k <= 2383713))

table 7 : explain SELECT k, c FROM sbtest7 WHERE k BETWEEN 2383613 AND 2383713
	Bitmap Heap Scan on sbtest7  (cost=5.45..397.54 rows=99 width=125)
	  Recheck Cond: ((k >= 2383613) AND (k <= 2383713))
	  ->  Bitmap Index Scan on k_7  (cost=0.00..5.42 rows=99 width=0)
	        Index Cond: ((k >= 2383613) AND (k <= 2383713))

table 8 : explain SELECT k, c FROM sbtest8 WHERE k BETWEEN 2383613 AND 2383713
	Bitmap Heap Scan on sbtest8  (cost=5.50..417.26 rows=104 width=125)
	  Recheck Cond: ((k >= 2383613) AND (k <= 2383713))
	  ->  Bitmap Index Scan on k_8  (cost=0.00..5.47 rows=104 width=0)
	        Index Cond: ((k >= 2383613) AND (k <= 2383713))

explain: for range-notcovered :: explain SELECT k, c FROM sbtest%d WHERE k BETWEEN 6997775 AND 6997875
for range-notcovered
table 1 : explain SELECT k, c FROM sbtest1 WHERE k BETWEEN 4815064 AND 4815164
	Bitmap Heap Scan on sbtest1  (cost=5.58..448.77 rows=112 width=125)
	  Recheck Cond: ((k >= 4815064) AND (k <= 4815164))
	  ->  Bitmap Index Scan on k_1  (cost=0.00..5.55 rows=112 width=0)
	        Index Cond: ((k >= 4815064) AND (k <= 4815164))

table 2 : explain SELECT k, c FROM sbtest2 WHERE k BETWEEN 4815064 AND 4815164
	Bitmap Heap Scan on sbtest2  (cost=5.49..413.34 rows=103 width=125)
	  Recheck Cond: ((k >= 4815064) AND (k <= 4815164))
	  ->  Bitmap Index Scan on k_2  (cost=0.00..5.46 rows=103 width=0)
	        Index Cond: ((k >= 4815064) AND (k <= 4815164))

table 3 : explain SELECT k, c FROM sbtest3 WHERE k BETWEEN 4815064 AND 4815164
	Bitmap Heap Scan on sbtest3  (cost=5.48..409.34 rows=102 width=125)
	  Recheck Cond: ((k >= 4815064) AND (k <= 4815164))
	  ->  Bitmap Index Scan on k_3  (cost=0.00..5.45 rows=102 width=0)
	        Index Cond: ((k >= 4815064) AND (k <= 4815164))

table 4 : explain SELECT k, c FROM sbtest4 WHERE k BETWEEN 4815064 AND 4815164
	Bitmap Heap Scan on sbtest4  (cost=5.43..389.65 rows=97 width=125)
	  Recheck Cond: ((k >= 4815064) AND (k <= 4815164))
	  ->  Bitmap Index Scan on k_4  (cost=0.00..5.40 rows=97 width=0)
	        Index Cond: ((k >= 4815064) AND (k <= 4815164))

table 5 : explain SELECT k, c FROM sbtest5 WHERE k BETWEEN 4815064 AND 4815164
	Bitmap Heap Scan on sbtest5  (cost=5.47..405.45 rows=101 width=125)
	  Recheck Cond: ((k >= 4815064) AND (k <= 4815164))
	  ->  Bitmap Index Scan on k_5  (cost=0.00..5.44 rows=101 width=0)
	        Index Cond: ((k >= 4815064) AND (k <= 4815164))

table 6 : explain SELECT k, c FROM sbtest6 WHERE k BETWEEN 4815064 AND 4815164
	Bitmap Heap Scan on sbtest6  (cost=5.45..397.54 rows=99 width=125)
	  Recheck Cond: ((k >= 4815064) AND (k <= 4815164))
	  ->  Bitmap Index Scan on k_6  (cost=0.00..5.42 rows=99 width=0)
	        Index Cond: ((k >= 4815064) AND (k <= 4815164))

table 7 : explain SELECT k, c FROM sbtest7 WHERE k BETWEEN 4815064 AND 4815164
	Bitmap Heap Scan on sbtest7  (cost=5.47..405.43 rows=101 width=125)
	  Recheck Cond: ((k >= 4815064) AND (k <= 4815164))
	  ->  Bitmap Index Scan on k_7  (cost=0.00..5.44 rows=101 width=0)
	        Index Cond: ((k >= 4815064) AND (k <= 4815164))

table 8 : explain SELECT k, c FROM sbtest8 WHERE k BETWEEN 4815064 AND 4815164
	Bitmap Heap Scan on sbtest8  (cost=5.46..401.49 rows=100 width=125)
	  Recheck Cond: ((k >= 4815064) AND (k <= 4815164))
	  ->  Bitmap Index Scan on k_8  (cost=0.00..5.43 rows=100 width=0)
	        Index Cond: ((k >= 4815064) AND (k <= 4815164))

explain: for range-notcovered :: explain SELECT k, c FROM sbtest%d WHERE k BETWEEN 2383613 AND 2383713
for range-notcovered
table 1 : explain SELECT k, c FROM sbtest1 WHERE k BETWEEN 4780123 AND 4780223
	Bitmap Heap Scan on sbtest1  (cost=5.40..377.81 rows=94 width=125)
	  Recheck Cond: ((k >= 4780123) AND (k <= 4780223))
	  ->  Bitmap Index Scan on k_1  (cost=0.00..5.38 rows=94 width=0)
	        Index Cond: ((k >= 4780123) AND (k <= 4780223))

table 2 : explain SELECT k, c FROM sbtest2 WHERE k BETWEEN 4780123 AND 4780223
	Bitmap Heap Scan on sbtest2  (cost=5.49..413.34 rows=103 width=125)
	  Recheck Cond: ((k >= 4780123) AND (k <= 4780223))
	  ->  Bitmap Index Scan on k_2  (cost=0.00..5.46 rows=103 width=0)
	        Index Cond: ((k >= 4780123) AND (k <= 4780223))

table 3 : explain SELECT k, c FROM sbtest3 WHERE k BETWEEN 4780123 AND 4780223
	Bitmap Heap Scan on sbtest3  (cost=5.48..409.34 rows=102 width=125)
	  Recheck Cond: ((k >= 4780123) AND (k <= 4780223))
	  ->  Bitmap Index Scan on k_3  (cost=0.00..5.45 rows=102 width=0)
	        Index Cond: ((k >= 4780123) AND (k <= 4780223))

table 4 : explain SELECT k, c FROM sbtest4 WHERE k BETWEEN 4780123 AND 4780223
	Bitmap Heap Scan on sbtest4  (cost=5.43..389.65 rows=97 width=125)
	  Recheck Cond: ((k >= 4780123) AND (k <= 4780223))
	  ->  Bitmap Index Scan on k_4  (cost=0.00..5.40 rows=97 width=0)
	        Index Cond: ((k >= 4780123) AND (k <= 4780223))

table 5 : explain SELECT k, c FROM sbtest5 WHERE k BETWEEN 4780123 AND 4780223
	Bitmap Heap Scan on sbtest5  (cost=5.52..425.16 rows=106 width=125)
	  Recheck Cond: ((k >= 4780123) AND (k <= 4780223))
	  ->  Bitmap Index Scan on k_5  (cost=0.00..5.50 rows=106 width=0)
	        Index Cond: ((k >= 4780123) AND (k <= 4780223))

table 6 : explain SELECT k, c FROM sbtest6 WHERE k BETWEEN 4780123 AND 4780223
	Bitmap Heap Scan on sbtest6  (cost=5.61..460.59 rows=115 width=125)
	  Recheck Cond: ((k >= 4780123) AND (k <= 4780223))
	  ->  Bitmap Index Scan on k_6  (cost=0.00..5.58 rows=115 width=0)
	        Index Cond: ((k >= 4780123) AND (k <= 4780223))

table 7 : explain SELECT k, c FROM sbtest7 WHERE k BETWEEN 4780123 AND 4780223
	Bitmap Heap Scan on sbtest7  (cost=5.37..365.98 rows=91 width=125)
	  Recheck Cond: ((k >= 4780123) AND (k <= 4780223))
	  ->  Bitmap Index Scan on k_7  (cost=0.00..5.34 rows=91 width=0)
	        Index Cond: ((k >= 4780123) AND (k <= 4780223))

table 8 : explain SELECT k, c FROM sbtest8 WHERE k BETWEEN 4780123 AND 4780223
	Bitmap Heap Scan on sbtest8  (cost=5.46..401.49 rows=100 width=125)
	  Recheck Cond: ((k >= 4780123) AND (k <= 4780223))
	  ->  Bitmap Index Scan on k_8  (cost=0.00..5.43 rows=100 width=0)
	        Index Cond: ((k >= 4780123) AND (k <= 4780223))

for range-notcovered
table 1 : explain SELECT k, c FROM sbtest1 WHERE k BETWEEN 5498507 AND 5498607
	Bitmap Heap Scan on sbtest1  (cost=5.49..413.31 rows=103 width=125)
	  Recheck Cond: ((k >= 5498507) AND (k <= 5498607))
	  ->  Bitmap Index Scan on k_1  (cost=0.00..5.46 rows=103 width=0)
	        Index Cond: ((k >= 5498507) AND (k <= 5498607))

table 2 : explain SELECT k, c FROM sbtest2 WHERE k BETWEEN 5498507 AND 5498607
	Bitmap Heap Scan on sbtest2  (cost=5.49..413.34 rows=103 width=125)
	  Recheck Cond: ((k >= 5498507) AND (k <= 5498607))
	  ->  Bitmap Index Scan on k_2  (cost=0.00..5.46 rows=103 width=0)
	        Index Cond: ((k >= 5498507) AND (k <= 5498607))

table 3 : explain SELECT k, c FROM sbtest3 WHERE k BETWEEN 5498507 AND 5498607
	Bitmap Heap Scan on sbtest3  (cost=5.41..381.74 rows=95 width=125)
	  Recheck Cond: ((k >= 5498507) AND (k <= 5498607))
	  ->  Bitmap Index Scan on k_3  (cost=0.00..5.38 rows=95 width=0)
	        Index Cond: ((k >= 5498507) AND (k <= 5498607))

table 4 : explain SELECT k, c FROM sbtest4 WHERE k BETWEEN 5498507 AND 5498607
	Bitmap Heap Scan on sbtest4  (cost=5.38..369.92 rows=92 width=125)
	  Recheck Cond: ((k >= 5498507) AND (k <= 5498607))
	  ->  Bitmap Index Scan on k_4  (cost=0.00..5.35 rows=92 width=0)
	        Index Cond: ((k >= 5498507) AND (k <= 5498607))

table 5 : explain SELECT k, c FROM sbtest5 WHERE k BETWEEN 5498507 AND 5498607
	Bitmap Heap Scan on sbtest5  (cost=5.46..401.51 rows=100 width=125)
	  Recheck Cond: ((k >= 5498507) AND (k <= 5498607))
	  ->  Bitmap Index Scan on k_5  (cost=0.00..5.43 rows=100 width=0)
	        Index Cond: ((k >= 5498507) AND (k <= 5498607))

table 6 : explain SELECT k, c FROM sbtest6 WHERE k BETWEEN 5498507 AND 5498607
	Bitmap Heap Scan on sbtest6  (cost=5.63..468.46 rows=117 width=125)
	  Recheck Cond: ((k >= 5498507) AND (k <= 5498607))
	  ->  Bitmap Index Scan on k_6  (cost=0.00..5.60 rows=117 width=0)
	        Index Cond: ((k >= 5498507) AND (k <= 5498607))

table 7 : explain SELECT k, c FROM sbtest7 WHERE k BETWEEN 5498507 AND 5498607
	Bitmap Heap Scan on sbtest7  (cost=5.50..417.25 rows=104 width=125)
	  Recheck Cond: ((k >= 5498507) AND (k <= 5498607))
	  ->  Bitmap Index Scan on k_7  (cost=0.00..5.47 rows=104 width=0)
	        Index Cond: ((k >= 5498507) AND (k <= 5498607))

table 8 : explain SELECT k, c FROM sbtest8 WHERE k BETWEEN 5498507 AND 5498607
	Bitmap Heap Scan on sbtest8  (cost=5.55..436.97 rows=109 width=125)
	  Recheck Cond: ((k >= 5498507) AND (k <= 5498607))
	  ->  Bitmap Index Scan on k_8  (cost=0.00..5.52 rows=109 width=0)
	        Index Cond: ((k >= 5498507) AND (k <= 5498607))

for range-notcovered
table 1 : explain SELECT k, c FROM sbtest1 WHERE k BETWEEN 6598920 AND 6599020
	Bitmap Heap Scan on sbtest1  (cost=5.44..393.59 rows=98 width=125)
	  Recheck Cond: ((k >= 6598920) AND (k <= 6599020))
	  ->  Bitmap Index Scan on k_1  (cost=0.00..5.42 rows=98 width=0)
	        Index Cond: ((k >= 6598920) AND (k <= 6599020))

table 2 : explain SELECT k, c FROM sbtest2 WHERE k BETWEEN 6598920 AND 6599020
	Bitmap Heap Scan on sbtest2  (cost=5.46..401.51 rows=100 width=125)
	  Recheck Cond: ((k >= 6598920) AND (k <= 6599020))
	  ->  Bitmap Index Scan on k_2  (cost=0.00..5.43 rows=100 width=0)
	        Index Cond: ((k >= 6598920) AND (k <= 6599020))

table 3 : explain SELECT k, c FROM sbtest3 WHERE k BETWEEN 6598920 AND 6599020
	Bitmap Heap Scan on sbtest3  (cost=5.42..385.68 rows=96 width=125)
	  Recheck Cond: ((k >= 6598920) AND (k <= 6599020))
	  ->  Bitmap Index Scan on k_3  (cost=0.00..5.39 rows=96 width=0)
	        Index Cond: ((k >= 6598920) AND (k <= 6599020))

table 4 : explain SELECT k, c FROM sbtest4 WHERE k BETWEEN 6598920 AND 6599020
	Bitmap Heap Scan on sbtest4  (cost=5.48..409.36 rows=102 width=125)
	  Recheck Cond: ((k >= 6598920) AND (k <= 6599020))
	  ->  Bitmap Index Scan on k_4  (cost=0.00..5.45 rows=102 width=0)
	        Index Cond: ((k >= 6598920) AND (k <= 6599020))

table 5 : explain SELECT k, c FROM sbtest5 WHERE k BETWEEN 6598920 AND 6599020
	Bitmap Heap Scan on sbtest5  (cost=5.46..401.51 rows=100 width=125)
	  Recheck Cond: ((k >= 6598920) AND (k <= 6599020))
	  ->  Bitmap Index Scan on k_5  (cost=0.00..5.43 rows=100 width=0)
	        Index Cond: ((k >= 6598920) AND (k <= 6599020))

table 6 : explain SELECT k, c FROM sbtest6 WHERE k BETWEEN 6598920 AND 6599020
	Bitmap Heap Scan on sbtest6  (cost=5.49..413.31 rows=103 width=125)
	  Recheck Cond: ((k >= 6598920) AND (k <= 6599020))
	  ->  Bitmap Index Scan on k_6  (cost=0.00..5.46 rows=103 width=0)
	        Index Cond: ((k >= 6598920) AND (k <= 6599020))

table 7 : explain SELECT k, c FROM sbtest7 WHERE k BETWEEN 6598920 AND 6599020
	Bitmap Heap Scan on sbtest7  (cost=5.45..397.54 rows=99 width=125)
	  Recheck Cond: ((k >= 6598920) AND (k <= 6599020))
	  ->  Bitmap Index Scan on k_7  (cost=0.00..5.42 rows=99 width=0)
	        Index Cond: ((k >= 6598920) AND (k <= 6599020))

table 8 : explain SELECT k, c FROM sbtest8 WHERE k BETWEEN 6598920 AND 6599020
	Bitmap Heap Scan on sbtest8  (cost=5.43..389.66 rows=97 width=125)
	  Recheck Cond: ((k >= 6598920) AND (k <= 6599020))
	  ->  Bitmap Index Scan on k_8  (cost=0.00..5.40 rows=97 width=0)
	        Index Cond: ((k >= 6598920) AND (k <= 6599020))

for range-notcovered
table 1 : explain SELECT k, c FROM sbtest1 WHERE k BETWEEN 7488677 AND 7488777
	Bitmap Heap Scan on sbtest1  (cost=5.44..393.59 rows=98 width=125)
	  Recheck Cond: ((k >= 7488677) AND (k <= 7488777))
	  ->  Bitmap Index Scan on k_1  (cost=0.00..5.42 rows=98 width=0)
	        Index Cond: ((k >= 7488677) AND (k <= 7488777))

table 2 : explain SELECT k, c FROM sbtest2 WHERE k BETWEEN 7488677 AND 7488777
	Bitmap Heap Scan on sbtest2  (cost=5.46..401.51 rows=100 width=125)
	  Recheck Cond: ((k >= 7488677) AND (k <= 7488777))
	  ->  Bitmap Index Scan on k_2  (cost=0.00..5.43 rows=100 width=0)
	        Index Cond: ((k >= 7488677) AND (k <= 7488777))

table 3 : explain SELECT k, c FROM sbtest3 WHERE k BETWEEN 7488677 AND 7488777
	Bitmap Heap Scan on sbtest3  (cost=5.54..432.98 rows=108 width=125)
	  Recheck Cond: ((k >= 7488677) AND (k <= 7488777))
	  ->  Bitmap Index Scan on k_3  (cost=0.00..5.51 rows=108 width=0)
	        Index Cond: ((k >= 7488677) AND (k <= 7488777))

table 4 : explain SELECT k, c FROM sbtest4 WHERE k BETWEEN 7488677 AND 7488777
	Bitmap Heap Scan on sbtest4  (cost=5.44..393.59 rows=98 width=125)
	  Recheck Cond: ((k >= 7488677) AND (k <= 7488777))
	  ->  Bitmap Index Scan on k_4  (cost=0.00..5.42 rows=98 width=0)
	        Index Cond: ((k >= 7488677) AND (k <= 7488777))

table 5 : explain SELECT k, c FROM sbtest5 WHERE k BETWEEN 7488677 AND 7488777
	Bitmap Heap Scan on sbtest5  (cost=5.35..358.11 rows=89 width=125)
	  Recheck Cond: ((k >= 7488677) AND (k <= 7488777))
	  ->  Bitmap Index Scan on k_5  (cost=0.00..5.32 rows=89 width=0)
	        Index Cond: ((k >= 7488677) AND (k <= 7488777))

table 6 : explain SELECT k, c FROM sbtest6 WHERE k BETWEEN 7488677 AND 7488777
	Bitmap Heap Scan on sbtest6  (cost=5.49..413.31 rows=103 width=125)
	  Recheck Cond: ((k >= 7488677) AND (k <= 7488777))
	  ->  Bitmap Index Scan on k_6  (cost=0.00..5.46 rows=103 width=0)
	        Index Cond: ((k >= 7488677) AND (k <= 7488777))

table 7 : explain SELECT k, c FROM sbtest7 WHERE k BETWEEN 7488677 AND 7488777
	Bitmap Heap Scan on sbtest7  (cost=5.42..385.71 rows=96 width=125)
	  Recheck Cond: ((k >= 7488677) AND (k <= 7488777))
	  ->  Bitmap Index Scan on k_7  (cost=0.00..5.39 rows=96 width=0)
	        Index Cond: ((k >= 7488677) AND (k <= 7488777))

table 8 : explain SELECT k, c FROM sbtest8 WHERE k BETWEEN 7488677 AND 7488777
	Bitmap Heap Scan on sbtest8  (cost=5.47..405.44 rows=101 width=125)
	  Recheck Cond: ((k >= 7488677) AND (k <= 7488777))
	  ->  Bitmap Index Scan on k_8  (cost=0.00..5.44 rows=101 width=0)
	        Index Cond: ((k >= 7488677) AND (k <= 7488777))

for range-notcovered
table 1 : explain SELECT k, c FROM sbtest1 WHERE k BETWEEN 6889981 AND 6890081
	Bitmap Heap Scan on sbtest1  (cost=5.68..484.20 rows=121 width=125)
	  Recheck Cond: ((k >= 6889981) AND (k <= 6890081))
	  ->  Bitmap Index Scan on k_1  (cost=0.00..5.64 rows=121 width=0)
	        Index Cond: ((k >= 6889981) AND (k <= 6890081))

table 2 : explain SELECT k, c FROM sbtest2 WHERE k BETWEEN 6889981 AND 6890081
	Bitmap Heap Scan on sbtest2  (cost=5.51..421.22 rows=105 width=125)
	  Recheck Cond: ((k >= 6889981) AND (k <= 6890081))
	  ->  Bitmap Index Scan on k_2  (cost=0.00..5.48 rows=105 width=0)
	        Index Cond: ((k >= 6889981) AND (k <= 6890081))

table 3 : explain SELECT k, c FROM sbtest3 WHERE k BETWEEN 6889981 AND 6890081
	Bitmap Heap Scan on sbtest3  (cost=5.46..401.45 rows=100 width=125)
	  Recheck Cond: ((k >= 6889981) AND (k <= 6890081))
	  ->  Bitmap Index Scan on k_3  (cost=0.00..5.43 rows=100 width=0)
	        Index Cond: ((k >= 6889981) AND (k <= 6890081))

table 4 : explain SELECT k, c FROM sbtest4 WHERE k BETWEEN 6889981 AND 6890081
	Bitmap Heap Scan on sbtest4  (cost=5.50..417.25 rows=104 width=125)
	  Recheck Cond: ((k >= 6889981) AND (k <= 6890081))
	  ->  Bitmap Index Scan on k_4  (cost=0.00..5.47 rows=104 width=0)
	        Index Cond: ((k >= 6889981) AND (k <= 6890081))

table 5 : explain SELECT k, c FROM sbtest5 WHERE k BETWEEN 6889981 AND 6890081
	Bitmap Heap Scan on sbtest5  (cost=5.46..401.51 rows=100 width=125)
	  Recheck Cond: ((k >= 6889981) AND (k <= 6890081))
	  ->  Bitmap Index Scan on k_5  (cost=0.00..5.43 rows=100 width=0)
	        Index Cond: ((k >= 6889981) AND (k <= 6890081))

table 6 : explain SELECT k, c FROM sbtest6 WHERE k BETWEEN 6889981 AND 6890081
	Bitmap Heap Scan on sbtest6  (cost=5.46..401.49 rows=100 width=125)
	  Recheck Cond: ((k >= 6889981) AND (k <= 6890081))
	  ->  Bitmap Index Scan on k_6  (cost=0.00..5.43 rows=100 width=0)
	        Index Cond: ((k >= 6889981) AND (k <= 6890081))

table 7 : explain SELECT k, c FROM sbtest7 WHERE k BETWEEN 6889981 AND 6890081
	Bitmap Heap Scan on sbtest7  (cost=5.43..389.65 rows=97 width=125)
	  Recheck Cond: ((k >= 6889981) AND (k <= 6890081))
	  ->  Bitmap Index Scan on k_7  (cost=0.00..5.40 rows=97 width=0)
	        Index Cond: ((k >= 6889981) AND (k <= 6890081))

table 8 : explain SELECT k, c FROM sbtest8 WHERE k BETWEEN 6889981 AND 6890081
	Bitmap Heap Scan on sbtest8  (cost=5.46..401.49 rows=100 width=125)
	  Recheck Cond: ((k >= 6889981) AND (k <= 6890081))
	  ->  Bitmap Index Scan on k_8  (cost=0.00..5.43 rows=100 width=0)
	        Index Cond: ((k >= 6889981) AND (k <= 6890081))

for range-notcovered
table 1 : explain SELECT k, c FROM sbtest1 WHERE k BETWEEN 6997775 AND 6997875
	Bitmap Heap Scan on sbtest1  (cost=5.52..425.13 rows=106 width=125)
	  Recheck Cond: ((k >= 6997775) AND (k <= 6997875))
	  ->  Bitmap Index Scan on k_1  (cost=0.00..5.50 rows=106 width=0)
	        Index Cond: ((k >= 6997775) AND (k <= 6997875))

table 2 : explain SELECT k, c FROM sbtest2 WHERE k BETWEEN 6997775 AND 6997875
	Bitmap Heap Scan on sbtest2  (cost=5.52..425.16 rows=106 width=125)
	  Recheck Cond: ((k >= 6997775) AND (k <= 6997875))
	  ->  Bitmap Index Scan on k_2  (cost=0.00..5.50 rows=106 width=0)
	        Index Cond: ((k >= 6997775) AND (k <= 6997875))

table 3 : explain SELECT k, c FROM sbtest3 WHERE k BETWEEN 6997775 AND 6997875
	Bitmap Heap Scan on sbtest3  (cost=5.42..385.68 rows=96 width=125)
	  Recheck Cond: ((k >= 6997775) AND (k <= 6997875))
	  ->  Bitmap Index Scan on k_3  (cost=0.00..5.39 rows=96 width=0)
	        Index Cond: ((k >= 6997775) AND (k <= 6997875))

table 4 : explain SELECT k, c FROM sbtest4 WHERE k BETWEEN 6997775 AND 6997875
	Bitmap Heap Scan on sbtest4  (cost=5.43..389.65 rows=97 width=125)
	  Recheck Cond: ((k >= 6997775) AND (k <= 6997875))
	  ->  Bitmap Index Scan on k_4  (cost=0.00..5.40 rows=97 width=0)
	        Index Cond: ((k >= 6997775) AND (k <= 6997875))

table 5 : explain SELECT k, c FROM sbtest5 WHERE k BETWEEN 6997775 AND 6997875
	Bitmap Heap Scan on sbtest5  (cost=5.47..405.45 rows=101 width=125)
	  Recheck Cond: ((k >= 6997775) AND (k <= 6997875))
	  ->  Bitmap Index Scan on k_5  (cost=0.00..5.44 rows=101 width=0)
	        Index Cond: ((k >= 6997775) AND (k <= 6997875))

table 6 : explain SELECT k, c FROM sbtest6 WHERE k BETWEEN 6997775 AND 6997875
	Bitmap Heap Scan on sbtest6  (cost=5.47..405.43 rows=101 width=125)
	  Recheck Cond: ((k >= 6997775) AND (k <= 6997875))
	  ->  Bitmap Index Scan on k_6  (cost=0.00..5.44 rows=101 width=0)
	        Index Cond: ((k >= 6997775) AND (k <= 6997875))

table 7 : explain SELECT k, c FROM sbtest7 WHERE k BETWEEN 6997775 AND 6997875
	Bitmap Heap Scan on sbtest7  (cost=5.47..405.43 rows=101 width=125)
	  Recheck Cond: ((k >= 6997775) AND (k <= 6997875))
	  ->  Bitmap Index Scan on k_7  (cost=0.00..5.44 rows=101 width=0)
	        Index Cond: ((k >= 6997775) AND (k <= 6997875))

table 8 : explain SELECT k, c FROM sbtest8 WHERE k BETWEEN 6997775 AND 6997875
	Bitmap Heap Scan on sbtest8  (cost=5.55..436.97 rows=109 width=125)
	  Recheck Cond: ((k >= 6997775) AND (k <= 6997875))
	  ->  Bitmap Index Scan on k_8  (cost=0.00..5.52 rows=109 width=0)
	        Index Cond: ((k >= 6997775) AND (k <= 6997875))

for range-notcovered
table 1 : explain SELECT k, c FROM sbtest1 WHERE k BETWEEN 2383613 AND 2383713
	Bitmap Heap Scan on sbtest1  (cost=5.43..389.65 rows=97 width=125)
	  Recheck Cond: ((k >= 2383613) AND (k <= 2383713))
	  ->  Bitmap Index Scan on k_1  (cost=0.00..5.40 rows=97 width=0)
	        Index Cond: ((k >= 2383613) AND (k <= 2383713))

table 2 : explain SELECT k, c FROM sbtest2 WHERE k BETWEEN 2383613 AND 2383713
	Bitmap Heap Scan on sbtest2  (cost=5.50..417.28 rows=104 width=125)
	  Recheck Cond: ((k >= 2383613) AND (k <= 2383713))
	  ->  Bitmap Index Scan on k_2  (cost=0.00..5.47 rows=104 width=0)
	        Index Cond: ((k >= 2383613) AND (k <= 2383713))

table 3 : explain SELECT k, c FROM sbtest3 WHERE k BETWEEN 2383613 AND 2383713
	Bitmap Heap Scan on sbtest3  (cost=5.44..393.57 rows=98 width=125)
	  Recheck Cond: ((k >= 2383613) AND (k <= 2383713))
	  ->  Bitmap Index Scan on k_3  (cost=0.00..5.42 rows=98 width=0)
	        Index Cond: ((k >= 2383613) AND (k <= 2383713))

table 4 : explain SELECT k, c FROM sbtest4 WHERE k BETWEEN 2383613 AND 2383713
	Bitmap Heap Scan on sbtest4  (cost=5.52..425.13 rows=106 width=125)
	  Recheck Cond: ((k >= 2383613) AND (k <= 2383713))
	  ->  Bitmap Index Scan on k_4  (cost=0.00..5.50 rows=106 width=0)
	        Index Cond: ((k >= 2383613) AND (k <= 2383713))

table 5 : explain SELECT k, c FROM sbtest5 WHERE k BETWEEN 2383613 AND 2383713
	Bitmap Heap Scan on sbtest5  (cost=5.53..429.10 rows=107 width=125)
	  Recheck Cond: ((k >= 2383613) AND (k <= 2383713))
	  ->  Bitmap Index Scan on k_5  (cost=0.00..5.50 rows=107 width=0)
	        Index Cond: ((k >= 2383613) AND (k <= 2383713))

table 6 : explain SELECT k, c FROM sbtest6 WHERE k BETWEEN 2383613 AND 2383713
	Bitmap Heap Scan on sbtest6  (cost=5.40..377.82 rows=94 width=125)
	  Recheck Cond: ((k >= 2383613) AND (k <= 2383713))
	  ->  Bitmap Index Scan on k_6  (cost=0.00..5.38 rows=94 width=0)
	        Index Cond: ((k >= 2383613) AND (k <= 2383713))

table 7 : explain SELECT k, c FROM sbtest7 WHERE k BETWEEN 2383613 AND 2383713
	Bitmap Heap Scan on sbtest7  (cost=5.45..397.54 rows=99 width=125)
	  Recheck Cond: ((k >= 2383613) AND (k <= 2383713))
	  ->  Bitmap Index Scan on k_7  (cost=0.00..5.42 rows=99 width=0)
	        Index Cond: ((k >= 2383613) AND (k <= 2383713))

table 8 : explain SELECT k, c FROM sbtest8 WHERE k BETWEEN 2383613 AND 2383713
	Bitmap Heap Scan on sbtest8  (cost=5.50..417.26 rows=104 width=125)
	  Recheck Cond: ((k >= 2383613) AND (k <= 2383713))
	  ->  Bitmap Index Scan on k_8  (cost=0.00..5.47 rows=104 width=0)
	        Index Cond: ((k >= 2383613) AND (k <= 2383713))

explain: for range-notcovered :: explain SELECT k, c FROM sbtest%d WHERE k BETWEEN 2383613 AND 2383713
for range-notcovered
table 1 : explain SELECT k, c FROM sbtest1 WHERE k BETWEEN 2383613 AND 2383713
	Bitmap Heap Scan on sbtest1  (cost=5.43..389.65 rows=97 width=125)
	  Recheck Cond: ((k >= 2383613) AND (k <= 2383713))
	  ->  Bitmap Index Scan on k_1  (cost=0.00..5.40 rows=97 width=0)
	        Index Cond: ((k >= 2383613) AND (k <= 2383713))

table 2 : explain SELECT k, c FROM sbtest2 WHERE k BETWEEN 2383613 AND 2383713
	Bitmap Heap Scan on sbtest2  (cost=5.50..417.28 rows=104 width=125)
	  Recheck Cond: ((k >= 2383613) AND (k <= 2383713))
	  ->  Bitmap Index Scan on k_2  (cost=0.00..5.47 rows=104 width=0)
	        Index Cond: ((k >= 2383613) AND (k <= 2383713))

table 3 : explain SELECT k, c FROM sbtest3 WHERE k BETWEEN 2383613 AND 2383713
	Bitmap Heap Scan on sbtest3  (cost=5.44..393.57 rows=98 width=125)
	  Recheck Cond: ((k >= 2383613) AND (k <= 2383713))
	  ->  Bitmap Index Scan on k_3  (cost=0.00..5.42 rows=98 width=0)
	        Index Cond: ((k >= 2383613) AND (k <= 2383713))

table 4 : explain SELECT k, c FROM sbtest4 WHERE k BETWEEN 2383613 AND 2383713
	Bitmap Heap Scan on sbtest4  (cost=5.52..425.13 rows=106 width=125)
	  Recheck Cond: ((k >= 2383613) AND (k <= 2383713))
	  ->  Bitmap Index Scan on k_4  (cost=0.00..5.50 rows=106 width=0)
	        Index Cond: ((k >= 2383613) AND (k <= 2383713))

table 5 : explain SELECT k, c FROM sbtest5 WHERE k BETWEEN 2383613 AND 2383713
	Bitmap Heap Scan on sbtest5  (cost=5.53..429.10 rows=107 width=125)
	  Recheck Cond: ((k >= 2383613) AND (k <= 2383713))
	  ->  Bitmap Index Scan on k_5  (cost=0.00..5.50 rows=107 width=0)
	        Index Cond: ((k >= 2383613) AND (k <= 2383713))

table 6 : explain SELECT k, c FROM sbtest6 WHERE k BETWEEN 2383613 AND 2383713
	Bitmap Heap Scan on sbtest6  (cost=5.40..377.82 rows=94 width=125)
	  Recheck Cond: ((k >= 2383613) AND (k <= 2383713))
	  ->  Bitmap Index Scan on k_6  (cost=0.00..5.38 rows=94 width=0)
	        Index Cond: ((k >= 2383613) AND (k <= 2383713))

table 7 : explain SELECT k, c FROM sbtest7 WHERE k BETWEEN 2383613 AND 2383713
	Bitmap Heap Scan on sbtest7  (cost=5.45..397.54 rows=99 width=125)
	  Recheck Cond: ((k >= 2383613) AND (k <= 2383713))
	  ->  Bitmap Index Scan on k_7  (cost=0.00..5.42 rows=99 width=0)
	        Index Cond: ((k >= 2383613) AND (k <= 2383713))

table 8 : explain SELECT k, c FROM sbtest8 WHERE k BETWEEN 2383613 AND 2383713
	Bitmap Heap Scan on sbtest8  (cost=5.50..417.26 rows=104 width=125)
	  Recheck Cond: ((k >= 2383613) AND (k <= 2383713))
	  ->  Bitmap Index Scan on k_8  (cost=0.00..5.47 rows=104 width=0)
	        Index Cond: ((k >= 2383613) AND (k <= 2383713))

Threads started!

Warming up for 5 seconds...

SQL statistics:
    queries performed:
        read:                            99313092
        write:                           0
        other:                           0
        total:                           99313092
    transactions:                        99313092 (157638.36 per sec.)
    queries:                             99313092 (157638.36 per sec.)
    ignored errors:                      0      (0.00 per sec.)
    reconnects:                          0      (0.00 per sec.)

Throughput:
    events/s (eps):                      157638.3579
    time elapsed:                        630.0060s
    total number of events:              99313092

Latency (ms):
         min:                                    0.08
         avg:                                    0.25
         max:                                   12.36
         95th percentile:                        0.29
         sum:                             25155145.15

Threads fairness:
    events (avg/stddev):           2482824.4750/5023.01
    execution time (avg/stddev):   628.8786/0.02

