LUA_PATH=/home/mdcallag/git/mytools/bench/sysbench.lua/lua/?.lua /home/mdcallag/git/mytools/bench/sysbench.lua/lua/sysbench --db-driver=pgsql --range-size=1000 --table-size=10000000 --tables=8 --threads=40 --events=0 --warmup-time=5 --time=630 --pgsql_conn_id=true /home/mdcallag/git/mytools/bench/sysbench.lua/lua/oltp_read_only.lua run --pgsql-user=root --pgsql-password=pw --pgsql-host=127.0.0.1 --pgsql-db=ib --rand-type=uniform --simple-ranges=0 --sum-ranges=1 --order-ranges=0 --distinct-ranges=0
48 CPUs
sysbench 1.1.0-9072687 (using bundled LuaJIT 2.1.0-beta3)

Running the test with following options:
Number of threads: 40
Warmup time: 5s
Initializing random number generator from current time


Initializing worker threads...

explain: for point_selects :: explain SELECT c FROM sbtest%u WHERE id=%u
explain: for point_selects :: explain SELECT c FROM sbtest%u WHERE id=%u
explain: for point_selects :: explain SELECT c FROM sbtest%u WHERE id=%u
explain: for point_selects :: explain SELECT c FROM sbtest%u WHERE id=%u
explain: for point_selects :: explain SELECT c FROM sbtest%u WHERE id=%u
for point_selects
table 1 : explain SELECT c FROM sbtest1 WHERE id=4739195
	Index Scan using sbtest1_pkey on sbtest1  (cost=0.43..8.45 rows=1 width=121)
	  Index Cond: (id = 4739195)

table 2 : explain SELECT c FROM sbtest2 WHERE id=1919021
	Index Scan using sbtest2_pkey on sbtest2  (cost=0.43..8.45 rows=1 width=121)
	  Index Cond: (id = 1919021)

table 3 : explain SELECT c FROM sbtest3 WHERE id=8933766
	Index Scan using sbtest3_pkey on sbtest3  (cost=0.43..8.45 rows=1 width=121)
	  Index Cond: (id = 8933766)

table 4 : explain SELECT c FROM sbtest4 WHERE id=3770549
	Index Scan using sbtest4_pkey on sbtest4  (cost=0.43..8.45 rows=1 width=121)
	  Index Cond: (id = 3770549)

table 5 : explain SELECT c FROM sbtest5 WHERE id=8854947
	Index Scan using sbtest5_pkey on sbtest5  (cost=0.43..8.45 rows=1 width=121)
	  Index Cond: (id = 8854947)

table 6 : explain SELECT c FROM sbtest6 WHERE id=4631067
	Index Scan using sbtest6_pkey on sbtest6  (cost=0.43..8.45 rows=1 width=121)
	  Index Cond: (id = 4631067)

table 7 : explain SELECT c FROM sbtest7 WHERE id=4822755
	Index Scan using sbtest7_pkey on sbtest7  (cost=0.43..8.45 rows=1 width=121)
	  Index Cond: (id = 4822755)

table 8 : explain SELECT c FROM sbtest8 WHERE id=9549895
	Index Scan using sbtest8_pkey on sbtest8  (cost=0.43..8.45 rows=1 width=121)
	  Index Cond: (id = 9549895)

for point_selects
table 1 : explain SELECT c FROM sbtest1 WHERE id=685568
	Index Scan using sbtest1_pkey on sbtest1  (cost=0.43..8.45 rows=1 width=121)
	  Index Cond: (id = 685568)

table 2 : explain SELECT c FROM sbtest2 WHERE id=3042224
	Index Scan using sbtest2_pkey on sbtest2  (cost=0.43..8.45 rows=1 width=121)
	  Index Cond: (id = 3042224)

table 3 : explain SELECT c FROM sbtest3 WHERE id=9025858
	Index Scan using sbtest3_pkey on sbtest3  (cost=0.43..8.45 rows=1 width=121)
	  Index Cond: (id = 9025858)

table 4 : explain SELECT c FROM sbtest4 WHERE id=4219027
	Index Scan using sbtest4_pkey on sbtest4  (cost=0.43..8.45 rows=1 width=121)
	  Index Cond: (id = 4219027)

table 5 : explain SELECT c FROM sbtest5 WHERE id=3938896
	Index Scan using sbtest5_pkey on sbtest5  (cost=0.43..8.45 rows=1 width=121)
	  Index Cond: (id = 3938896)

table 6 : explain SELECT c FROM sbtest6 WHERE id=7118648
	Index Scan using sbtest6_pkey on sbtest6  (cost=0.43..8.45 rows=1 width=121)
	  Index Cond: (id = 7118648)

table 7 : explain SELECT c FROM sbtest7 WHERE id=564457
	Index Scan using sbtest7_pkey on sbtest7  (cost=0.43..8.45 rows=1 width=121)
	  Index Cond: (id = 564457)

table 8 : explain SELECT c FROM sbtest8 WHERE id=4284813
	Index Scan using sbtest8_pkey on sbtest8  (cost=0.43..8.45 rows=1 width=121)
	  Index Cond: (id = 4284813)

for point_selects
table 1 : explain SELECT c FROM sbtest1 WHERE id=6665146
	Index Scan using sbtest1_pkey on sbtest1  (cost=0.43..8.45 rows=1 width=121)
	  Index Cond: (id = 6665146)

table 2 : explain SELECT c FROM sbtest2 WHERE id=7818570
	Index Scan using sbtest2_pkey on sbtest2  (cost=0.43..8.45 rows=1 width=121)
	  Index Cond: (id = 7818570)

table 3 : explain SELECT c FROM sbtest3 WHERE id=909071
	Index Scan using sbtest3_pkey on sbtest3  (cost=0.43..8.45 rows=1 width=121)
	  Index Cond: (id = 909071)

table 4 : explain SELECT c FROM sbtest4 WHERE id=1883251
	Index Scan using sbtest4_pkey on sbtest4  (cost=0.43..8.45 rows=1 width=121)
	  Index Cond: (id = 1883251)

table 5 : explain SELECT c FROM sbtest5 WHERE id=8387265
	Index Scan using sbtest5_pkey on sbtest5  (cost=0.43..8.45 rows=1 width=121)
	  Index Cond: (id = 8387265)

table 6 : explain SELECT c FROM sbtest6 WHERE id=7735881
	Index Scan using sbtest6_pkey on sbtest6  (cost=0.43..8.45 rows=1 width=121)
	  Index Cond: (id = 7735881)

table 7 : explain SELECT c FROM sbtest7 WHERE id=1839504
	Index Scan using sbtest7_pkey on sbtest7  (cost=0.43..8.45 rows=1 width=121)
	  Index Cond: (id = 1839504)

table 8 : explain SELECT c FROM sbtest8 WHERE id=549840
	Index Scan using sbtest8_pkey on sbtest8  (cost=0.43..8.45 rows=1 width=121)
	  Index Cond: (id = 549840)

explain: for point_selects :: explain SELECT c FROM sbtest%u WHERE id=%u
for: simple_ranges
table 1 : explain SELECT c FROM sbtest1 WHERE id BETWEEN 7504155 AND 7505154
	Bitmap Heap Scan on sbtest1  (cost=22.68..3860.67 rows=1000 width=121)
	  Recheck Cond: ((id >= 7504155) AND (id <= 7505154))
	  ->  Bitmap Index Scan on sbtest1_pkey  (cost=0.00..22.43 rows=1000 width=0)
	        Index Cond: ((id >= 7504155) AND (id <= 7505154))

table 2 : explain SELECT c FROM sbtest2 WHERE id BETWEEN 3269452 AND 3270451
	Bitmap Heap Scan on sbtest2  (cost=23.13..4023.46 rows=1043 width=121)
	  Recheck Cond: ((id >= 3269452) AND (id <= 3270451))
	  ->  Bitmap Index Scan on sbtest2_pkey  (cost=0.00..22.86 rows=1043 width=0)
	        Index Cond: ((id >= 3269452) AND (id <= 3270451))

table 3 : explain SELECT c FROM sbtest3 WHERE id BETWEEN 7198507 AND 7199506
	Bitmap Heap Scan on sbtest3  (cost=22.29..3712.93 rows=961 width=121)
	  Recheck Cond: ((id >= 7198507) AND (id <= 7199506))
	  ->  Bitmap Index Scan on sbtest3_pkey  (cost=0.00..22.04 rows=961 width=0)
	        Index Cond: ((id >= 7198507) AND (id <= 7199506))

table 4 : explain SELECT c FROM sbtest4 WHERE id BETWEEN 8787822 AND 8788821
	Bitmap Heap Scan on sbtest4  (cost=21.81..3540.09 rows=915 width=121)
	  Recheck Cond: ((id >= 8787822) AND (id <= 8788821))
	  ->  Bitmap Index Scan on sbtest4_pkey  (cost=0.00..21.58 rows=915 width=0)
	        Index Cond: ((id >= 8787822) AND (id <= 8788821))

table 5 : explain SELECT c FROM sbtest5 WHERE id BETWEEN 2326232 AND 2327231
	Bitmap Heap Scan on sbtest5  (cost=22.41..3759.85 rows=973 width=121)
	  Recheck Cond: ((id >= 2326232) AND (id <= 2327231))
	  ->  Bitmap Index Scan on sbtest5_pkey  (cost=0.00..22.16 rows=973 width=0)
	        Index Cond: ((id >= 2326232) AND (id <= 2327231))

table 6 : explain SELECT c FROM sbtest6 WHERE id BETWEEN 3865190 AND 3866189
	Bitmap Heap Scan on sbtest6  (cost=21.75..3517.62 rows=909 width=121)
	  Recheck Cond: ((id >= 3865190) AND (id <= 3866189))
	  ->  Bitmap Index Scan on sbtest6_pkey  (cost=0.00..21.52 rows=909 width=0)
	        Index Cond: ((id >= 3865190) AND (id <= 3866189))

table 7 : explain SELECT c FROM sbtest7 WHERE id BETWEEN 6368159 AND 6369158
	Bitmap Heap Scan on sbtest7  (cost=28.00..4342.05 rows=1128 width=121)
	  Recheck Cond: ((id >= 6368159) AND (id <= 6369158))
	  ->  Bitmap Index Scan on sbtest7_pkey  (cost=0.00..27.71 rows=1128 width=0)
	        Index Cond: ((id >= 6368159) AND (id <= 6369158))

table 8 : explain SELECT c FROM sbtest8 WHERE id BETWEEN 8959344 AND 8960343
	Bitmap Heap Scan on sbtest8  (cost=21.36..3374.17 rows=871 width=121)
	  Recheck Cond: ((id >= 8959344) AND (id <= 8960343))
	  ->  Bitmap Index Scan on sbtest8_pkey  (cost=0.00..21.14 rows=871 width=0)
	        Index Cond: ((id >= 8959344) AND (id <= 8960343))

explain: for point_selects :: explain SELECT c FROM sbtest%u WHERE id=%u
for: simple_ranges
table 1 : explain SELECT c FROM sbtest1 WHERE id BETWEEN 7412404 AND 7413403
	Bitmap Heap Scan on sbtest1  (cost=22.63..3841.84 rows=995 width=121)
	  Recheck Cond: ((id >= 7412404) AND (id <= 7413403))
	  ->  Bitmap Index Scan on sbtest1_pkey  (cost=0.00..22.39 rows=995 width=0)
	        Index Cond: ((id >= 7412404) AND (id <= 7413403))

table 2 : explain SELECT c FROM sbtest2 WHERE id BETWEEN 3963399 AND 3964398
	Bitmap Heap Scan on sbtest2  (cost=22.94..3955.73 rows=1025 width=121)
	  Recheck Cond: ((id >= 3963399) AND (id <= 3964398))
	  ->  Bitmap Index Scan on sbtest2_pkey  (cost=0.00..22.68 rows=1025 width=0)
	        Index Cond: ((id >= 3963399) AND (id <= 3964398))

table 3 : explain SELECT c FROM sbtest3 WHERE id BETWEEN 8901786 AND 8902785
	Bitmap Heap Scan on sbtest3  (cost=22.33..3728.01 rows=965 width=121)
	  Recheck Cond: ((id >= 8901786) AND (id <= 8902785))
	  ->  Bitmap Index Scan on sbtest3_pkey  (cost=0.00..22.08 rows=965 width=0)
	        Index Cond: ((id >= 8901786) AND (id <= 8902785))

table 4 : explain SELECT c FROM sbtest4 WHERE id BETWEEN 310500 AND 311499
	Bitmap Heap Scan on sbtest4  (cost=22.07..3634.46 rows=940 width=121)
	  Recheck Cond: ((id >= 310500) AND (id <= 311499))
	  ->  Bitmap Index Scan on sbtest4_pkey  (cost=0.00..21.83 rows=940 width=0)
	        Index Cond: ((id >= 310500) AND (id <= 311499))

table 5 : explain SELECT c FROM sbtest5 WHERE id BETWEEN 2471656 AND 2472655
	Bitmap Heap Scan on sbtest5  (cost=26.75..3888.20 rows=1006 width=121)
	  Recheck Cond: ((id >= 2471656) AND (id <= 2472655))
	  ->  Bitmap Index Scan on sbtest5_pkey  (cost=0.00..26.50 rows=1006 width=0)
	        Index Cond: ((id >= 2471656) AND (id <= 2472655))

table 6 : explain SELECT c FROM sbtest6 WHERE id BETWEEN 5596542 AND 5597541
	Bitmap Heap Scan on sbtest6  (cost=23.30..4086.56 rows=1060 width=121)
	  Recheck Cond: ((id >= 5596542) AND (id <= 5597541))
	  ->  Bitmap Index Scan on sbtest6_pkey  (cost=0.00..23.04 rows=1060 width=0)
	        Index Cond: ((id >= 5596542) AND (id <= 5597541))

table 7 : explain SELECT c FROM sbtest7 WHERE id BETWEEN 3292901 AND 3293900
	Bitmap Heap Scan on sbtest7  (cost=21.85..3555.36 rows=919 width=121)
	  Recheck Cond: ((id >= 3292901) AND (id <= 3293900))
	  ->  Bitmap Index Scan on sbtest7_pkey  (cost=0.00..21.62 rows=919 width=0)
	        Index Cond: ((id >= 3292901) AND (id <= 3293900))

table 8 : explain SELECT c FROM sbtest8 WHERE id BETWEEN 9277237 AND 9278236
	Bitmap Heap Scan on sbtest8  (cost=22.46..3778.22 rows=978 width=121)
	  Recheck Cond: ((id >= 9277237) AND (id <= 9278236))
	  ->  Bitmap Index Scan on sbtest8_pkey  (cost=0.00..22.21 rows=978 width=0)
	        Index Cond: ((id >= 9277237) AND (id <= 9278236))

explain: for point_selects :: explain SELECT c FROM sbtest%u WHERE id=%u
for point_selects
table 1 : explain SELECT c FROM sbtest1 WHERE id=1532450
	Index Scan using sbtest1_pkey on sbtest1  (cost=0.43..8.45 rows=1 width=121)
	  Index Cond: (id = 1532450)

table 2 : explain SELECT c FROM sbtest2 WHERE id=4315054
	Index Scan using sbtest2_pkey on sbtest2  (cost=0.43..8.45 rows=1 width=121)
	  Index Cond: (id = 4315054)

table 3 : explain SELECT c FROM sbtest3 WHERE id=4681279
	Index Scan using sbtest3_pkey on sbtest3  (cost=0.43..8.45 rows=1 width=121)
	  Index Cond: (id = 4681279)

table 4 : explain SELECT c FROM sbtest4 WHERE id=6242454
	Index Scan using sbtest4_pkey on sbtest4  (cost=0.43..8.45 rows=1 width=121)
	  Index Cond: (id = 6242454)

table 5 : explain SELECT c FROM sbtest5 WHERE id=3453524
	Index Scan using sbtest5_pkey on sbtest5  (cost=0.43..8.45 rows=1 width=121)
	  Index Cond: (id = 3453524)

table 6 : explain SELECT c FROM sbtest6 WHERE id=6031083
	Index Scan using sbtest6_pkey on sbtest6  (cost=0.43..8.45 rows=1 width=121)
	  Index Cond: (id = 6031083)

table 7 : explain SELECT c FROM sbtest7 WHERE id=815526
	Index Scan using sbtest7_pkey on sbtest7  (cost=0.43..8.45 rows=1 width=121)
	  Index Cond: (id = 815526)

table 8 : explain SELECT c FROM sbtest8 WHERE id=9450687
	Index Scan using sbtest8_pkey on sbtest8  (cost=0.43..8.45 rows=1 width=121)
	  Index Cond: (id = 9450687)

for: simple_ranges
table 1 : explain SELECT c FROM sbtest1 WHERE id BETWEEN 7421704 AND 7422703
	Bitmap Heap Scan on sbtest1  (cost=22.63..3841.84 rows=995 width=121)
	  Recheck Cond: ((id >= 7421704) AND (id <= 7422703))
	  ->  Bitmap Index Scan on sbtest1_pkey  (cost=0.00..22.39 rows=995 width=0)
	        Index Cond: ((id >= 7421704) AND (id <= 7422703))

table 2 : explain SELECT c FROM sbtest2 WHERE id BETWEEN 8521806 AND 8522805
	Bitmap Heap Scan on sbtest2  (cost=22.52..3801.31 rows=984 width=121)
	  Recheck Cond: ((id >= 8521806) AND (id <= 8522805))
	  ->  Bitmap Index Scan on sbtest2_pkey  (cost=0.00..22.27 rows=984 width=0)
	        Index Cond: ((id >= 8521806) AND (id <= 8522805))

table 3 : explain SELECT c FROM sbtest3 WHERE id BETWEEN 7348675 AND 7349674
	Bitmap Heap Scan on sbtest3  (cost=22.96..3961.42 rows=1027 width=121)
	  Recheck Cond: ((id >= 7348675) AND (id <= 7349674))
	  ->  Bitmap Index Scan on sbtest3_pkey  (cost=0.00..22.70 rows=1027 width=0)
	        Index Cond: ((id >= 7348675) AND (id <= 7349674))

table 4 : explain SELECT c FROM sbtest4 WHERE id BETWEEN 6082011 AND 6083010
	Bitmap Heap Scan on sbtest4  (cost=27.74..4248.05 rows=1103 width=121)
	  Recheck Cond: ((id >= 6082011) AND (id <= 6083010))
	  ->  Bitmap Index Scan on sbtest4_pkey  (cost=0.00..27.46 rows=1103 width=0)
	        Index Cond: ((id >= 6082011) AND (id <= 6083010))

table 5 : explain SELECT c FROM sbtest5 WHERE id BETWEEN 5006674 AND 5007673
	Bitmap Heap Scan on sbtest5  (cost=26.71..3873.13 rows=1002 width=121)
	  Recheck Cond: ((id >= 5006674) AND (id <= 5007673))
	  ->  Bitmap Index Scan on sbtest5_pkey  (cost=0.00..26.45 rows=1002 width=0)
	        Index Cond: ((id >= 5006674) AND (id <= 5007673))

table 6 : explain SELECT c FROM sbtest6 WHERE id BETWEEN 2522061 AND 2523060
	Bitmap Heap Scan on sbtest6  (cost=22.93..3951.19 rows=1024 width=121)
	  Recheck Cond: ((id >= 2522061) AND (id <= 2523060))
	  ->  Bitmap Index Scan on sbtest6_pkey  (cost=0.00..22.68 rows=1024 width=0)
	        Index Cond: ((id >= 2522061) AND (id <= 2523060))

table 7 : explain SELECT c FROM sbtest7 WHERE id BETWEEN 7869992 AND 7870991
	Bitmap Heap Scan on sbtest7  (cost=22.00..3608.22 rows=933 width=121)
	  Recheck Cond: ((id >= 7869992) AND (id <= 7870991))
	  ->  Bitmap Index Scan on sbtest7_pkey  (cost=0.00..21.76 rows=933 width=0)
	        Index Cond: ((id >= 7869992) AND (id <= 7870991))

table 8 : explain SELECT c FROM sbtest8 WHERE id BETWEEN 6644246 AND 6645245
	Bitmap Heap Scan on sbtest8  (cost=22.99..3974.03 rows=1030 width=121)
	  Recheck Cond: ((id >= 6644246) AND (id <= 6645245))
	  ->  Bitmap Index Scan on sbtest8_pkey  (cost=0.00..22.73 rows=1030 width=0)
	        Index Cond: ((id >= 6644246) AND (id <= 6645245))

explain: for point_selects :: explain SELECT c FROM sbtest%u WHERE id=%u
for: sum_ranges
table 1 : explain SELECT SUM(k) FROM sbtest1 WHERE id BETWEEN 2686380 AND 2687379
	Aggregate  (cost=3723.67..3723.68 rows=1 width=8)
	  ->  Bitmap Heap Scan on sbtest1  (cost=22.31..3721.26 rows=963 width=4)
	        Recheck Cond: ((id >= 2686380) AND (id <= 2687379))
	        ->  Bitmap Index Scan on sbtest1_pkey  (cost=0.00..22.07 rows=963 width=0)
	              Index Cond: ((id >= 2686380) AND (id <= 2687379))

table 2 : explain SELECT SUM(k) FROM sbtest2 WHERE id BETWEEN 4209684 AND 4210683
	Aggregate  (cost=3879.18..3879.19 rows=1 width=8)
	  ->  Bitmap Heap Scan on sbtest2  (cost=22.73..3876.67 rows=1004 width=4)
	        Recheck Cond: ((id >= 4209684) AND (id <= 4210683))
	        ->  Bitmap Index Scan on sbtest2_pkey  (cost=0.00..22.47 rows=1004 width=0)
	              Index Cond: ((id >= 4209684) AND (id <= 4210683))

table 3 : explain SELECT SUM(k) FROM sbtest3 WHERE id BETWEEN 571912 AND 572911
	Aggregate  (cost=3824.66..3824.67 rows=1 width=8)
	  ->  Bitmap Heap Scan on sbtest3  (cost=22.58..3822.19 rows=990 width=4)
	        Recheck Cond: ((id >= 571912) AND (id <= 572911))
	        ->  Bitmap Index Scan on sbtest3_pkey  (cost=0.00..22.33 rows=990 width=0)
	              Index Cond: ((id >= 571912) AND (id <= 572911))

table 4 : explain SELECT SUM(k) FROM sbtest4 WHERE id BETWEEN 9446353 AND 9447352
	Aggregate  (cost=3900.80..3900.81 rows=1 width=8)
	  ->  Bitmap Heap Scan on sbtest4  (cost=22.79..3898.27 rows=1010 width=4)
	        Recheck Cond: ((id >= 9446353) AND (id <= 9447352))
	        ->  Bitmap Index Scan on sbtest4_pkey  (cost=0.00..22.54 rows=1010 width=0)
	              Index Cond: ((id >= 9446353) AND (id <= 9447352))

table 5 : explain SELECT SUM(k) FROM sbtest5 WHERE id BETWEEN 4707663 AND 4708662
	Aggregate  (cost=3701.90..3701.91 rows=1 width=8)
	  ->  Bitmap Heap Scan on sbtest5  (cost=22.24..3699.50 rows=957 width=4)
	        Recheck Cond: ((id >= 4707663) AND (id <= 4708662))
	        ->  Bitmap Index Scan on sbtest5_pkey  (cost=0.00..22.00 rows=957 width=0)
	              Index Cond: ((id >= 4707663) AND (id <= 4708662))

table 6 : explain SELECT SUM(k) FROM sbtest6 WHERE id BETWEEN 512549 AND 513548
	Aggregate  (cost=3674.77..3674.78 rows=1 width=8)
	  ->  Bitmap Heap Scan on sbtest6  (cost=22.17..3672.40 rows=950 width=4)
	        Recheck Cond: ((id >= 512549) AND (id <= 513548))
	        ->  Bitmap Index Scan on sbtest6_pkey  (cost=0.00..21.93 rows=950 width=0)
	              Index Cond: ((id >= 512549) AND (id <= 513548))

table 7 : explain SELECT SUM(k) FROM sbtest7 WHERE id BETWEEN 7312603 AND 7313602
	Aggregate  (cost=3919.82..3919.83 rows=1 width=8)
	  ->  Bitmap Heap Scan on sbtest7  (cost=22.84..3917.28 rows=1015 width=4)
	        Recheck Cond: ((id >= 7312603) AND (id <= 7313602))
	        ->  Bitmap Index Scan on sbtest7_pkey  (cost=0.00..22.58 rows=1015 width=0)
	              Index Cond: ((id >= 7312603) AND (id <= 7313602))

table 8 : explain SELECT SUM(k) FROM sbtest8 WHERE id BETWEEN 1824823 AND 1825822
	Aggregate  (cost=3761.80..3761.81 rows=1 width=8)
	  ->  Bitmap Heap Scan on sbtest8  (cost=22.41..3759.37 rows=973 width=4)
	        Recheck Cond: ((id >= 1824823) AND (id <= 1825822))
	        ->  Bitmap Index Scan on sbtest8_pkey  (cost=0.00..22.16 rows=973 width=0)
	              Index Cond: ((id >= 1824823) AND (id <= 1825822))

for point_selects
table 1 : explain SELECT c FROM sbtest1 WHERE id=6621917
	Index Scan using sbtest1_pkey on sbtest1  (cost=0.43..8.45 rows=1 width=121)
	  Index Cond: (id = 6621917)

table 2 : explain SELECT c FROM sbtest2 WHERE id=8649249
	Index Scan using sbtest2_pkey on sbtest2  (cost=0.43..8.45 rows=1 width=121)
	  Index Cond: (id = 8649249)

table 3 : explain SELECT c FROM sbtest3 WHERE id=198540
	Index Scan using sbtest3_pkey on sbtest3  (cost=0.43..8.45 rows=1 width=121)
	  Index Cond: (id = 198540)

table 4 : explain SELECT c FROM sbtest4 WHERE id=2448286
	Index Scan using sbtest4_pkey on sbtest4  (cost=0.43..8.45 rows=1 width=121)
	  Index Cond: (id = 2448286)

table 5 : explain SELECT c FROM sbtest5 WHERE id=38213
	Index Scan using sbtest5_pkey on sbtest5  (cost=0.43..8.45 rows=1 width=121)
	  Index Cond: (id = 38213)

table 6 : explain SELECT c FROM sbtest6 WHERE id=821847
	Index Scan using sbtest6_pkey on sbtest6  (cost=0.43..8.45 rows=1 width=121)
	  Index Cond: (id = 821847)

table 7 : explain SELECT c FROM sbtest7 WHERE id=592782
	Index Scan using sbtest7_pkey on sbtest7  (cost=0.43..8.45 rows=1 width=121)
	  Index Cond: (id = 592782)

table 8 : explain SELECT c FROM sbtest8 WHERE id=1498129
	Index Scan using sbtest8_pkey on sbtest8  (cost=0.43..8.45 rows=1 width=121)
	  Index Cond: (id = 1498129)

for point_selects
table 1 : explain SELECT c FROM sbtest1 WHERE id=7332675
	Index Scan using sbtest1_pkey on sbtest1  (cost=0.43..8.45 rows=1 width=121)
	  Index Cond: (id = 7332675)

table 2 : explain SELECT c FROM sbtest2 WHERE id=6898017
	Index Scan using sbtest2_pkey on sbtest2  (cost=0.43..8.45 rows=1 width=121)
	  Index Cond: (id = 6898017)

table 3 : explain SELECT c FROM sbtest3 WHERE id=8293492
	Index Scan using sbtest3_pkey on sbtest3  (cost=0.43..8.45 rows=1 width=121)
	  Index Cond: (id = 8293492)

table 4 : explain SELECT c FROM sbtest4 WHERE id=7648354
	Index Scan using sbtest4_pkey on sbtest4  (cost=0.43..8.45 rows=1 width=121)
	  Index Cond: (id = 7648354)

table 5 : explain SELECT c FROM sbtest5 WHERE id=6183814
	Index Scan using sbtest5_pkey on sbtest5  (cost=0.43..8.45 rows=1 width=121)
	  Index Cond: (id = 6183814)

table 6 : explain SELECT c FROM sbtest6 WHERE id=2516930
	Index Scan using sbtest6_pkey on sbtest6  (cost=0.43..8.45 rows=1 width=121)
	  Index Cond: (id = 2516930)

table 7 : explain SELECT c FROM sbtest7 WHERE id=1761900
	Index Scan using sbtest7_pkey on sbtest7  (cost=0.43..8.45 rows=1 width=121)
	  Index Cond: (id = 1761900)

table 8 : explain SELECT c FROM sbtest8 WHERE id=7799362
	Index Scan using sbtest8_pkey on sbtest8  (cost=0.43..8.45 rows=1 width=121)
	  Index Cond: (id = 7799362)

for: simple_ranges
table 1 : explain SELECT c FROM sbtest1 WHERE id BETWEEN 3403052 AND 3404051
	Bitmap Heap Scan on sbtest1  (cost=22.84..3917.14 rows=1015 width=121)
	  Recheck Cond: ((id >= 3403052) AND (id <= 3404051))
	  ->  Bitmap Index Scan on sbtest1_pkey  (cost=0.00..22.58 rows=1015 width=0)
	        Index Cond: ((id >= 3403052) AND (id <= 3404051))

table 2 : explain SELECT c FROM sbtest2 WHERE id BETWEEN 1687939 AND 1688938
	Bitmap Heap Scan on sbtest2  (cost=22.43..3767.39 rows=975 width=121)
	  Recheck Cond: ((id >= 1687939) AND (id <= 1688938))
	  ->  Bitmap Index Scan on sbtest2_pkey  (cost=0.00..22.18 rows=975 width=0)
	        Index Cond: ((id >= 1687939) AND (id <= 1688938))

table 3 : explain SELECT c FROM sbtest3 WHERE id BETWEEN 9035193 AND 9036192
	Bitmap Heap Scan on sbtest3  (cost=22.15..3663.92 rows=948 width=121)
	  Recheck Cond: ((id >= 9035193) AND (id <= 9036192))
	  ->  Bitmap Index Scan on sbtest3_pkey  (cost=0.00..21.91 rows=948 width=0)
	        Index Cond: ((id >= 9035193) AND (id <= 9036192))

table 4 : explain SELECT c FROM sbtest4 WHERE id BETWEEN 2520905 AND 2521904
	Bitmap Heap Scan on sbtest4  (cost=23.63..4206.50 rows=1092 width=121)
	  Recheck Cond: ((id >= 2520905) AND (id <= 2521904))
	  ->  Bitmap Index Scan on sbtest4_pkey  (cost=0.00..23.36 rows=1092 width=0)
	        Index Cond: ((id >= 2520905) AND (id <= 2521904))

table 5 : explain SELECT c FROM sbtest5 WHERE id BETWEEN 812553 AND 813552
	Bitmap Heap Scan on sbtest5  (cost=22.62..3838.99 rows=994 width=121)
	  Recheck Cond: ((id >= 812553) AND (id <= 813552))
	  ->  Bitmap Index Scan on sbtest5_pkey  (cost=0.00..22.37 rows=994 width=0)
	        Index Cond: ((id >= 812553) AND (id <= 813552))

table 6 : explain SELECT c FROM sbtest6 WHERE id BETWEEN 7969740 AND 7970739
	Bitmap Heap Scan on sbtest6  (cost=22.62..3838.25 rows=994 width=121)
	  Recheck Cond: ((id >= 7969740) AND (id <= 7970739))
	  ->  Bitmap Index Scan on sbtest6_pkey  (cost=0.00..22.37 rows=994 width=0)
	        Index Cond: ((id >= 7969740) AND (id <= 7970739))

table 7 : explain SELECT c FROM sbtest7 WHERE id BETWEEN 2509922 AND 2510921
	Bitmap Heap Scan on sbtest7  (cost=22.35..3736.47 rows=967 width=121)
	  Recheck Cond: ((id >= 2509922) AND (id <= 2510921))
	  ->  Bitmap Index Scan on sbtest7_pkey  (cost=0.00..22.11 rows=967 width=0)
	        Index Cond: ((id >= 2509922) AND (id <= 2510921))

table 8 : explain SELECT c FROM sbtest8 WHERE id BETWEEN 8621254 AND 8622253
	Bitmap Heap Scan on sbtest8  (cost=22.98..3970.27 rows=1029 width=121)
	  Recheck Cond: ((id >= 8621254) AND (id <= 8622253))
	  ->  Bitmap Index Scan on sbtest8_pkey  (cost=0.00..22.72 rows=1029 width=0)
	        Index Cond: ((id >= 8621254) AND (id <= 8622253))

for: simple_ranges
table 1 : explain SELECT c FROM sbtest1 WHERE id BETWEEN 7339351 AND 7340350
	Bitmap Heap Scan on sbtest1  (cost=23.11..4014.95 rows=1041 width=121)
	  Recheck Cond: ((id >= 7339351) AND (id <= 7340350))
	  ->  Bitmap Index Scan on sbtest1_pkey  (cost=0.00..22.84 rows=1041 width=0)
	        Index Cond: ((id >= 7339351) AND (id <= 7340350))

table 2 : explain SELECT c FROM sbtest2 WHERE id BETWEEN 2950738 AND 2951737
	Bitmap Heap Scan on sbtest2  (cost=22.17..3673.09 rows=950 width=121)
	  Recheck Cond: ((id >= 2950738) AND (id <= 2951737))
	  ->  Bitmap Index Scan on sbtest2_pkey  (cost=0.00..21.93 rows=950 width=0)
	        Index Cond: ((id >= 2950738) AND (id <= 2951737))

table 3 : explain SELECT c FROM sbtest3 WHERE id BETWEEN 2983471 AND 2984470
	Bitmap Heap Scan on sbtest3  (cost=29.02..4715.09 rows=1228 width=121)
	  Recheck Cond: ((id >= 2983471) AND (id <= 2984470))
	  ->  Bitmap Index Scan on sbtest3_pkey  (cost=0.00..28.71 rows=1228 width=0)
	        Index Cond: ((id >= 2983471) AND (id <= 2984470))

table 4 : explain SELECT c FROM sbtest4 WHERE id BETWEEN 3861002 AND 3862001
	Bitmap Heap Scan on sbtest4  (cost=22.12..3653.33 rows=945 width=121)
	  Recheck Cond: ((id >= 3861002) AND (id <= 3862001))
	  ->  Bitmap Index Scan on sbtest4_pkey  (cost=0.00..21.89 rows=945 width=0)
	        Index Cond: ((id >= 3861002) AND (id <= 3862001))

table 5 : explain SELECT c FROM sbtest5 WHERE id BETWEEN 1282237 AND 1283236
	Bitmap Heap Scan on sbtest5  (cost=27.26..4076.34 rows=1056 width=121)
	  Recheck Cond: ((id >= 1282237) AND (id <= 1283236))
	  ->  Bitmap Index Scan on sbtest5_pkey  (cost=0.00..27.00 rows=1056 width=0)
	        Index Cond: ((id >= 1282237) AND (id <= 1283236))

table 6 : explain SELECT c FROM sbtest6 WHERE id BETWEEN 4669674 AND 4670673
	Bitmap Heap Scan on sbtest6  (cost=22.71..3868.38 rows=1002 width=121)
	  Recheck Cond: ((id >= 4669674) AND (id <= 4670673))
	  ->  Bitmap Index Scan on sbtest6_pkey  (cost=0.00..22.45 rows=1002 width=0)
	        Index Cond: ((id >= 4669674) AND (id <= 4670673))

table 7 : explain SELECT c FROM sbtest7 WHERE id BETWEEN 9338318 AND 9339317
	Bitmap Heap Scan on sbtest7  (cost=23.17..4037.66 rows=1047 width=121)
	  Recheck Cond: ((id >= 9338318) AND (id <= 9339317))
	  ->  Bitmap Index Scan on sbtest7_pkey  (cost=0.00..22.90 rows=1047 width=0)
	        Index Cond: ((id >= 9338318) AND (id <= 9339317))

table 8 : explain SELECT c FROM sbtest8 WHERE id BETWEEN 8821311 AND 8822310
	Bitmap Heap Scan on sbtest8  (cost=21.73..3510.29 rows=907 width=121)
	  Recheck Cond: ((id >= 8821311) AND (id <= 8822310))
	  ->  Bitmap Index Scan on sbtest8_pkey  (cost=0.00..21.50 rows=907 width=0)
	        Index Cond: ((id >= 8821311) AND (id <= 8822310))

explain: for point_selects :: explain SELECT c FROM sbtest%u WHERE id=%u
explain: for point_selects :: explain SELECT c FROM sbtest%u WHERE id=%u
for: simple_ranges
table 1 : explain SELECT c FROM sbtest1 WHERE id BETWEEN 812819 AND 813818
	Bitmap Heap Scan on sbtest1  (cost=23.04..3992.38 rows=1035 width=121)
	  Recheck Cond: ((id >= 812819) AND (id <= 813818))
	  ->  Bitmap Index Scan on sbtest1_pkey  (cost=0.00..22.79 rows=1035 width=0)
	        Index Cond: ((id >= 812819) AND (id <= 813818))

table 2 : explain SELECT c FROM sbtest2 WHERE id BETWEEN 68469 AND 69468
	Bitmap Heap Scan on sbtest2  (cost=22.61..3835.23 rows=993 width=121)
	  Recheck Cond: ((id >= 68469) AND (id <= 69468))
	  ->  Bitmap Index Scan on sbtest2_pkey  (cost=0.00..22.36 rows=993 width=0)
	        Index Cond: ((id >= 68469) AND (id <= 69468))

table 3 : explain SELECT c FROM sbtest3 WHERE id BETWEEN 4194797 AND 4195796
	Bitmap Heap Scan on sbtest3  (cost=22.23..3694.08 rows=956 width=121)
	  Recheck Cond: ((id >= 4194797) AND (id <= 4195796))
	  ->  Bitmap Index Scan on sbtest3_pkey  (cost=0.00..22.00 rows=956 width=0)
	        Index Cond: ((id >= 4194797) AND (id <= 4195796))

table 4 : explain SELECT c FROM sbtest4 WHERE id BETWEEN 9294931 AND 9295930
	Bitmap Heap Scan on sbtest4  (cost=23.04..3992.33 rows=1035 width=121)
	  Recheck Cond: ((id >= 9294931) AND (id <= 9295930))
	  ->  Bitmap Index Scan on sbtest4_pkey  (cost=0.00..22.79 rows=1035 width=0)
	        Index Cond: ((id >= 9294931) AND (id <= 9295930))

table 5 : explain SELECT c FROM sbtest5 WHERE id BETWEEN 8565846 AND 8566845
	Bitmap Heap Scan on sbtest5  (cost=26.68..3865.60 rows=1000 width=121)
	  Recheck Cond: ((id >= 8565846) AND (id <= 8566845))
	  ->  Bitmap Index Scan on sbtest5_pkey  (cost=0.00..26.43 rows=1000 width=0)
	        Index Cond: ((id >= 8565846) AND (id <= 8566845))

table 6 : explain SELECT c FROM sbtest6 WHERE id BETWEEN 8754591 AND 8755590
	Bitmap Heap Scan on sbtest6  (cost=23.00..3977.53 rows=1031 width=121)
	  Recheck Cond: ((id >= 8754591) AND (id <= 8755590))
	  ->  Bitmap Index Scan on sbtest6_pkey  (cost=0.00..22.75 rows=1031 width=0)
	        Index Cond: ((id >= 8754591) AND (id <= 8755590))

table 7 : explain SELECT c FROM sbtest7 WHERE id BETWEEN 6322750 AND 6323749
	Bitmap Heap Scan on sbtest7  (cost=22.41..3759.09 rows=973 width=121)
	  Recheck Cond: ((id >= 6322750) AND (id <= 6323749))
	  ->  Bitmap Index Scan on sbtest7_pkey  (cost=0.00..22.16 rows=973 width=0)
	        Index Cond: ((id >= 6322750) AND (id <= 6323749))

table 8 : explain SELECT c FROM sbtest8 WHERE id BETWEEN 7489276 AND 7490275
	Bitmap Heap Scan on sbtest8  (cost=23.07..4004.12 rows=1038 width=121)
	  Recheck Cond: ((id >= 7489276) AND (id <= 7490275))
	  ->  Bitmap Index Scan on sbtest8_pkey  (cost=0.00..22.82 rows=1038 width=0)
	        Index Cond: ((id >= 7489276) AND (id <= 7490275))

for point_selects
table 1 : explain SELECT c FROM sbtest1 WHERE id=1990253
	Index Scan using sbtest1_pkey on sbtest1  (cost=0.43..8.45 rows=1 width=121)
	  Index Cond: (id = 1990253)

table 2 : explain SELECT c FROM sbtest2 WHERE id=85002
	Index Scan using sbtest2_pkey on sbtest2  (cost=0.43..8.45 rows=1 width=121)
	  Index Cond: (id = 85002)

table 3 : explain SELECT c FROM sbtest3 WHERE id=6333917
	Index Scan using sbtest3_pkey on sbtest3  (cost=0.43..8.45 rows=1 width=121)
	  Index Cond: (id = 6333917)

table 4 : explain SELECT c FROM sbtest4 WHERE id=9958380
	Index Scan using sbtest4_pkey on sbtest4  (cost=0.43..8.45 rows=1 width=121)
	  Index Cond: (id = 9958380)

table 5 : explain SELECT c FROM sbtest5 WHERE id=4239482
	Index Scan using sbtest5_pkey on sbtest5  (cost=0.43..8.45 rows=1 width=121)
	  Index Cond: (id = 4239482)

table 6 : explain SELECT c FROM sbtest6 WHERE id=9716712
	Index Scan using sbtest6_pkey on sbtest6  (cost=0.43..8.45 rows=1 width=121)
	  Index Cond: (id = 9716712)

table 7 : explain SELECT c FROM sbtest7 WHERE id=4986851
	Index Scan using sbtest7_pkey on sbtest7  (cost=0.43..8.45 rows=1 width=121)
	  Index Cond: (id = 4986851)

table 8 : explain SELECT c FROM sbtest8 WHERE id=9646113
	Index Scan using sbtest8_pkey on sbtest8  (cost=0.43..8.45 rows=1 width=121)
	  Index Cond: (id = 9646113)

for point_selects
table 1 : explain SELECT c FROM sbtest1 WHERE id=4491445
	Index Scan using sbtest1_pkey on sbtest1  (cost=0.43..8.45 rows=1 width=121)
	  Index Cond: (id = 4491445)

table 2 : explain SELECT c FROM sbtest2 WHERE id=6071579
	Index Scan using sbtest2_pkey on sbtest2  (cost=0.43..8.45 rows=1 width=121)
	  Index Cond: (id = 6071579)

table 3 : explain SELECT c FROM sbtest3 WHERE id=4054615
	Index Scan using sbtest3_pkey on sbtest3  (cost=0.43..8.45 rows=1 width=121)
	  Index Cond: (id = 4054615)

table 4 : explain SELECT c FROM sbtest4 WHERE id=1706505
	Index Scan using sbtest4_pkey on sbtest4  (cost=0.43..8.45 rows=1 width=121)
	  Index Cond: (id = 1706505)

table 5 : explain SELECT c FROM sbtest5 WHERE id=1934430
	Index Scan using sbtest5_pkey on sbtest5  (cost=0.43..8.45 rows=1 width=121)
	  Index Cond: (id = 1934430)

table 6 : explain SELECT c FROM sbtest6 WHERE id=5532764
	Index Scan using sbtest6_pkey on sbtest6  (cost=0.43..8.45 rows=1 width=121)
	  Index Cond: (id = 5532764)

table 7 : explain SELECT c FROM sbtest7 WHERE id=7908972
	Index Scan using sbtest7_pkey on sbtest7  (cost=0.43..8.45 rows=1 width=121)
	  Index Cond: (id = 7908972)

table 8 : explain SELECT c FROM sbtest8 WHERE id=4796943
	Index Scan using sbtest8_pkey on sbtest8  (cost=0.43..8.45 rows=1 width=121)
	  Index Cond: (id = 4796943)

for point_selects
table 1 : explain SELECT c FROM sbtest1 WHERE id=1502890
	Index Scan using sbtest1_pkey on sbtest1  (cost=0.43..8.45 rows=1 width=121)
	  Index Cond: (id = 1502890)

table 2 : explain SELECT c FROM sbtest2 WHERE id=8236047
	Index Scan using sbtest2_pkey on sbtest2  (cost=0.43..8.45 rows=1 width=121)
	  Index Cond: (id = 8236047)

table 3 : explain SELECT c FROM sbtest3 WHERE id=6326207
	Index Scan using sbtest3_pkey on sbtest3  (cost=0.43..8.45 rows=1 width=121)
	  Index Cond: (id = 6326207)

table 4 : explain SELECT c FROM sbtest4 WHERE id=8730349
	Index Scan using sbtest4_pkey on sbtest4  (cost=0.43..8.45 rows=1 width=121)
	  Index Cond: (id = 8730349)

table 5 : explain SELECT c FROM sbtest5 WHERE id=8895581
	Index Scan using sbtest5_pkey on sbtest5  (cost=0.43..8.45 rows=1 width=121)
	  Index Cond: (id = 8895581)

table 6 : explain SELECT c FROM sbtest6 WHERE id=9864772
	Index Scan using sbtest6_pkey on sbtest6  (cost=0.43..8.45 rows=1 width=121)
	  Index Cond: (id = 9864772)

table 7 : explain SELECT c FROM sbtest7 WHERE id=2936720
	Index Scan using sbtest7_pkey on sbtest7  (cost=0.43..8.45 rows=1 width=121)
	  Index Cond: (id = 2936720)

table 8 : explain SELECT c FROM sbtest8 WHERE id=1062342
	Index Scan using sbtest8_pkey on sbtest8  (cost=0.43..8.45 rows=1 width=121)
	  Index Cond: (id = 1062342)

for: sum_ranges
table 1 : explain SELECT SUM(k) FROM sbtest1 WHERE id BETWEEN 7719062 AND 7720061
	Aggregate  (cost=3534.86..3534.87 rows=1 width=8)
	  ->  Bitmap Heap Scan on sbtest1  (cost=21.79..3532.58 rows=913 width=4)
	        Recheck Cond: ((id >= 7719062) AND (id <= 7720061))
	        ->  Bitmap Index Scan on sbtest1_pkey  (cost=0.00..21.57 rows=913 width=0)
	              Index Cond: ((id >= 7719062) AND (id <= 7720061))

table 2 : explain SELECT SUM(k) FROM sbtest2 WHERE id BETWEEN 5393730 AND 5394729
	Aggregate  (cost=4184.28..4184.29 rows=1 width=8)
	  ->  Bitmap Heap Scan on sbtest2  (cost=27.55..4181.57 rows=1084 width=4)
	        Recheck Cond: ((id >= 5393730) AND (id <= 5394729))
	        ->  Bitmap Index Scan on sbtest2_pkey  (cost=0.00..27.27 rows=1084 width=0)
	              Index Cond: ((id >= 5393730) AND (id <= 5394729))

table 3 : explain SELECT SUM(k) FROM sbtest3 WHERE id BETWEEN 4186188 AND 4187187
	Aggregate  (cost=3696.47..3696.48 rows=1 width=8)
	  ->  Bitmap Heap Scan on sbtest3  (cost=22.23..3694.08 rows=956 width=4)
	        Recheck Cond: ((id >= 4186188) AND (id <= 4187187))
	        ->  Bitmap Index Scan on sbtest3_pkey  (cost=0.00..22.00 rows=956 width=0)
	              Index Cond: ((id >= 4186188) AND (id <= 4187187))

table 4 : explain SELECT SUM(k) FROM sbtest4 WHERE id BETWEEN 1493491 AND 1494490
	Aggregate  (cost=3832.98..3832.99 rows=1 width=8)
	  ->  Bitmap Heap Scan on sbtest4  (cost=22.60..3830.50 rows=992 width=4)
	        Recheck Cond: ((id >= 1493491) AND (id <= 1494490))
	        ->  Bitmap Index Scan on sbtest4_pkey  (cost=0.00..22.36 rows=992 width=0)
	              Index Cond: ((id >= 1493491) AND (id <= 1494490))

table 5 : explain SELECT SUM(k) FROM sbtest5 WHERE id BETWEEN 2224904 AND 2225903
	Aggregate  (cost=4124.12..4124.13 rows=1 width=8)
	  ->  Bitmap Heap Scan on sbtest5  (cost=27.38..4121.45 rows=1068 width=4)
	        Recheck Cond: ((id >= 2224904) AND (id <= 2225903))
	        ->  Bitmap Index Scan on sbtest5_pkey  (cost=0.00..27.11 rows=1068 width=0)
	              Index Cond: ((id >= 2224904) AND (id <= 2225903))

table 6 : explain SELECT SUM(k) FROM sbtest6 WHERE id BETWEEN 3449263 AND 3450262
	Aggregate  (cost=3901.03..3901.04 rows=1 width=8)
	  ->  Bitmap Heap Scan on sbtest6  (cost=22.79..3898.50 rows=1010 width=4)
	        Recheck Cond: ((id >= 3449263) AND (id <= 3450262))
	        ->  Bitmap Index Scan on sbtest6_pkey  (cost=0.00..22.54 rows=1010 width=0)
	              Index Cond: ((id >= 3449263) AND (id <= 3450262))

table 7 : explain SELECT SUM(k) FROM sbtest7 WHERE id BETWEEN 4830363 AND 4831362
	Aggregate  (cost=3821.85..3821.86 rows=1 width=8)
	  ->  Bitmap Heap Scan on sbtest7  (cost=22.57..3819.38 rows=989 width=4)
	        Recheck Cond: ((id >= 4830363) AND (id <= 4831362))
	        ->  Bitmap Index Scan on sbtest7_pkey  (cost=0.00..22.32 rows=989 width=0)
	              Index Cond: ((id >= 4830363) AND (id <= 4831362))

table 8 : explain SELECT SUM(k) FROM sbtest8 WHERE id BETWEEN 1251641 AND 1252640
	Aggregate  (cost=3576.81..3576.82 rows=1 width=8)
	  ->  Bitmap Heap Scan on sbtest8  (cost=21.91..3574.50 rows=924 width=4)
	        Recheck Cond: ((id >= 1251641) AND (id <= 1252640))
	        ->  Bitmap Index Scan on sbtest8_pkey  (cost=0.00..21.68 rows=924 width=0)
	              Index Cond: ((id >= 1251641) AND (id <= 1252640))

explain: for point_selects :: explain SELECT c FROM sbtest%u WHERE id=%u
for: simple_ranges
table 1 : explain SELECT c FROM sbtest1 WHERE id BETWEEN 2163728 AND 2164727
	Bitmap Heap Scan on sbtest1  (cost=22.05..3626.96 rows=938 width=121)
	  Recheck Cond: ((id >= 2163728) AND (id <= 2164727))
	  ->  Bitmap Index Scan on sbtest1_pkey  (cost=0.00..21.82 rows=938 width=0)
	        Index Cond: ((id >= 2163728) AND (id <= 2164727))

table 2 : explain SELECT c FROM sbtest2 WHERE id BETWEEN 6446409 AND 6447408
	Bitmap Heap Scan on sbtest2  (cost=23.06..4000.89 rows=1037 width=121)
	  Recheck Cond: ((id >= 6446409) AND (id <= 6447408))
	  ->  Bitmap Index Scan on sbtest2_pkey  (cost=0.00..22.80 rows=1037 width=0)
	        Index Cond: ((id >= 6446409) AND (id <= 6447408))

table 3 : explain SELECT c FROM sbtest3 WHERE id BETWEEN 5620486 AND 5621485
	Bitmap Heap Scan on sbtest3  (cost=22.17..3671.46 rows=950 width=121)
	  Recheck Cond: ((id >= 5620486) AND (id <= 5621485))
	  ->  Bitmap Index Scan on sbtest3_pkey  (cost=0.00..21.93 rows=950 width=0)
	        Index Cond: ((id >= 5620486) AND (id <= 5621485))

table 4 : explain SELECT c FROM sbtest4 WHERE id BETWEEN 9111102 AND 9112101
	Bitmap Heap Scan on sbtest4  (cost=22.65..3849.33 rows=997 width=121)
	  Recheck Cond: ((id >= 9111102) AND (id <= 9112101))
	  ->  Bitmap Index Scan on sbtest4_pkey  (cost=0.00..22.40 rows=997 width=0)
	        Index Cond: ((id >= 9111102) AND (id <= 9112101))

table 5 : explain SELECT c FROM sbtest5 WHERE id BETWEEN 5549519 AND 5550518
	Bitmap Heap Scan on sbtest5  (cost=26.68..3865.60 rows=1000 width=121)
	  Recheck Cond: ((id >= 5549519) AND (id <= 5550518))
	  ->  Bitmap Index Scan on sbtest5_pkey  (cost=0.00..26.43 rows=1000 width=0)
	        Index Cond: ((id >= 5549519) AND (id <= 5550518))

table 6 : explain SELECT c FROM sbtest6 WHERE id BETWEEN 2897463 AND 2898462
	Bitmap Heap Scan on sbtest6  (cost=22.16..3668.63 rows=949 width=121)
	  Recheck Cond: ((id >= 2897463) AND (id <= 2898462))
	  ->  Bitmap Index Scan on sbtest6_pkey  (cost=0.00..21.93 rows=949 width=0)
	        Index Cond: ((id >= 2897463) AND (id <= 2898462))

table 7 : explain SELECT c FROM sbtest7 WHERE id BETWEEN 2785857 AND 2786856
	Bitmap Heap Scan on sbtest7  (cost=22.56..3815.61 rows=988 width=121)
	  Recheck Cond: ((id >= 2785857) AND (id <= 2786856))
	  ->  Bitmap Index Scan on sbtest7_pkey  (cost=0.00..22.32 rows=988 width=0)
	        Index Cond: ((id >= 2785857) AND (id <= 2786856))

table 8 : explain SELECT c FROM sbtest8 WHERE id BETWEEN 6158829 AND 6159828
	Bitmap Heap Scan on sbtest8  (cost=23.41..4128.18 rows=1071 width=121)
	  Recheck Cond: ((id >= 6158829) AND (id <= 6159828))
	  ->  Bitmap Index Scan on sbtest8_pkey  (cost=0.00..23.14 rows=1071 width=0)
	        Index Cond: ((id >= 6158829) AND (id <= 6159828))

for: simple_ranges
table 1 : explain SELECT c FROM sbtest1 WHERE id BETWEEN 9933022 AND 9934021
	Bitmap Heap Scan on sbtest1  (cost=22.33..3728.80 rows=965 width=121)
	  Recheck Cond: ((id >= 9933022) AND (id <= 9934021))
	  ->  Bitmap Index Scan on sbtest1_pkey  (cost=0.00..22.08 rows=965 width=0)
	        Index Cond: ((id >= 9933022) AND (id <= 9934021))

table 2 : explain SELECT c FROM sbtest2 WHERE id BETWEEN 7898566 AND 7899565
	Bitmap Heap Scan on sbtest2  (cost=22.43..3767.39 rows=975 width=121)
	  Recheck Cond: ((id >= 7898566) AND (id <= 7899565))
	  ->  Bitmap Index Scan on sbtest2_pkey  (cost=0.00..22.18 rows=975 width=0)
	        Index Cond: ((id >= 7898566) AND (id <= 7899565))

table 3 : explain SELECT c FROM sbtest3 WHERE id BETWEEN 531005 AND 532004
	Bitmap Heap Scan on sbtest3  (cost=22.58..3822.19 rows=990 width=121)
	  Recheck Cond: ((id >= 531005) AND (id <= 532004))
	  ->  Bitmap Index Scan on sbtest3_pkey  (cost=0.00..22.33 rows=990 width=0)
	        Index Cond: ((id >= 531005) AND (id <= 532004))

table 4 : explain SELECT c FROM sbtest4 WHERE id BETWEEN 442551 AND 443550
	Bitmap Heap Scan on sbtest4  (cost=22.66..3853.09 rows=998 width=121)
	  Recheck Cond: ((id >= 442551) AND (id <= 443550))
	  ->  Bitmap Index Scan on sbtest4_pkey  (cost=0.00..22.41 rows=998 width=0)
	        Index Cond: ((id >= 442551) AND (id <= 443550))

table 5 : explain SELECT c FROM sbtest5 WHERE id BETWEEN 8929940 AND 8930939
	Bitmap Heap Scan on sbtest5  (cost=26.71..3873.13 rows=1002 width=121)
	  Recheck Cond: ((id >= 8929940) AND (id <= 8930939))
	  ->  Bitmap Index Scan on sbtest5_pkey  (cost=0.00..26.45 rows=1002 width=0)
	        Index Cond: ((id >= 8929940) AND (id <= 8930939))

table 6 : explain SELECT c FROM sbtest6 WHERE id BETWEEN 7444678 AND 7445677
	Bitmap Heap Scan on sbtest6  (cost=22.48..3785.51 rows=980 width=121)
	  Recheck Cond: ((id >= 7444678) AND (id <= 7445677))
	  ->  Bitmap Index Scan on sbtest6_pkey  (cost=0.00..22.23 rows=980 width=0)
	        Index Cond: ((id >= 7444678) AND (id <= 7445677))

table 7 : explain SELECT c FROM sbtest7 WHERE id BETWEEN 7849996 AND 7850995
	Bitmap Heap Scan on sbtest7  (cost=22.00..3608.22 rows=933 width=121)
	  Recheck Cond: ((id >= 7849996) AND (id <= 7850995))
	  ->  Bitmap Index Scan on sbtest7_pkey  (cost=0.00..21.76 rows=933 width=0)
	        Index Cond: ((id >= 7849996) AND (id <= 7850995))

table 8 : explain SELECT c FROM sbtest8 WHERE id BETWEEN 1786941 AND 1787940
	Bitmap Heap Scan on sbtest8  (cost=28.14..4394.89 rows=1142 width=121)
	  Recheck Cond: ((id >= 1786941) AND (id <= 1787940))
	  ->  Bitmap Index Scan on sbtest8_pkey  (cost=0.00..27.86 rows=1142 width=0)
	        Index Cond: ((id >= 1786941) AND (id <= 1787940))

explain: for point_selects :: explain SELECT c FROM sbtest%u WHERE id=%u
explain: for point_selects :: explain SELECT c FROM sbtest%u WHERE id=%u
explain: for point_selects :: explain SELECT c FROM sbtest%u WHERE id=%u
for point_selects
table 1 : explain SELECT c FROM sbtest1 WHERE id=1790550
	Index Scan using sbtest1_pkey on sbtest1  (cost=0.43..8.45 rows=1 width=121)
	  Index Cond: (id = 1790550)

table 2 : explain SELECT c FROM sbtest2 WHERE id=2288851
	Index Scan using sbtest2_pkey on sbtest2  (cost=0.43..8.45 rows=1 width=121)
	  Index Cond: (id = 2288851)

table 3 : explain SELECT c FROM sbtest3 WHERE id=2694493
	Index Scan using sbtest3_pkey on sbtest3  (cost=0.43..8.45 rows=1 width=121)
	  Index Cond: (id = 2694493)

table 4 : explain SELECT c FROM sbtest4 WHERE id=9465407
	Index Scan using sbtest4_pkey on sbtest4  (cost=0.43..8.45 rows=1 width=121)
	  Index Cond: (id = 9465407)

table 5 : explain SELECT c FROM sbtest5 WHERE id=8947326
	Index Scan using sbtest5_pkey on sbtest5  (cost=0.43..8.45 rows=1 width=121)
	  Index Cond: (id = 8947326)

table 6 : explain SELECT c FROM sbtest6 WHERE id=3829753
	Index Scan using sbtest6_pkey on sbtest6  (cost=0.43..8.45 rows=1 width=121)
	  Index Cond: (id = 3829753)

table 7 : explain SELECT c FROM sbtest7 WHERE id=2940108
	Index Scan using sbtest7_pkey on sbtest7  (cost=0.43..8.45 rows=1 width=121)
	  Index Cond: (id = 2940108)

table 8 : explain SELECT c FROM sbtest8 WHERE id=8398337
	Index Scan using sbtest8_pkey on sbtest8  (cost=0.43..8.45 rows=1 width=121)
	  Index Cond: (id = 8398337)

explain: for point_selects :: explain SELECT c FROM sbtest%u WHERE id=%u
for: sum_ranges
table 1 : explain SELECT SUM(k) FROM sbtest1 WHERE id BETWEEN 3137004 AND 3138003
	Aggregate  (cost=3670.83..3670.84 rows=1 width=8)
	  ->  Bitmap Heap Scan on sbtest1  (cost=22.16..3668.46 rows=949 width=4)
	        Recheck Cond: ((id >= 3137004) AND (id <= 3138003))
	        ->  Bitmap Index Scan on sbtest1_pkey  (cost=0.00..21.93 rows=949 width=0)
	              Index Cond: ((id >= 3137004) AND (id <= 3138003))

table 2 : explain SELECT SUM(k) FROM sbtest2 WHERE id BETWEEN 9105658 AND 9106657
	Aggregate  (cost=3992.19..3992.20 rows=1 width=8)
	  ->  Bitmap Heap Scan on sbtest2  (cost=23.03..3989.60 rows=1034 width=4)
	        Recheck Cond: ((id >= 9105658) AND (id <= 9106657))
	        ->  Bitmap Index Scan on sbtest2_pkey  (cost=0.00..22.77 rows=1034 width=0)
	              Index Cond: ((id >= 9105658) AND (id <= 9106657))

table 3 : explain SELECT SUM(k) FROM sbtest3 WHERE id BETWEEN 1193417 AND 1194416
	Aggregate  (cost=3922.59..3922.60 rows=1 width=8)
	  ->  Bitmap Heap Scan on sbtest3  (cost=22.85..3920.05 rows=1016 width=4)
	        Recheck Cond: ((id >= 1193417) AND (id <= 1194416))
	        ->  Bitmap Index Scan on sbtest3_pkey  (cost=0.00..22.59 rows=1016 width=0)
	              Index Cond: ((id >= 1193417) AND (id <= 1194416))

table 4 : explain SELECT SUM(k) FROM sbtest4 WHERE id BETWEEN 9504934 AND 9505933
	Aggregate  (cost=3897.03..3897.04 rows=1 width=8)
	  ->  Bitmap Heap Scan on sbtest4  (cost=22.78..3894.51 rows=1009 width=4)
	        Recheck Cond: ((id >= 9504934) AND (id <= 9505933))
	        ->  Bitmap Index Scan on sbtest4_pkey  (cost=0.00..22.52 rows=1009 width=0)
	              Index Cond: ((id >= 9504934) AND (id <= 9505933))

table 5 : explain SELECT SUM(k) FROM sbtest5 WHERE id BETWEEN 2646045 AND 2647044
	Aggregate  (cost=4033.83..4033.84 rows=1 width=8)
	  ->  Bitmap Heap Scan on sbtest5  (cost=27.14..4031.22 rows=1044 width=4)
	        Recheck Cond: ((id >= 2646045) AND (id <= 2647044))
	        ->  Bitmap Index Scan on sbtest5_pkey  (cost=0.00..26.87 rows=1044 width=0)
	              Index Cond: ((id >= 2646045) AND (id <= 2647044))

table 6 : explain SELECT SUM(k) FROM sbtest6 WHERE id BETWEEN 4860252 AND 4861251
	Aggregate  (cost=3527.45..3527.46 rows=1 width=8)
	  ->  Bitmap Heap Scan on sbtest6  (cost=21.77..3525.18 rows=911 width=4)
	        Recheck Cond: ((id >= 4860252) AND (id <= 4861251))
	        ->  Bitmap Index Scan on sbtest6_pkey  (cost=0.00..21.54 rows=911 width=0)
	              Index Cond: ((id >= 4860252) AND (id <= 4861251))

table 7 : explain SELECT SUM(k) FROM sbtest7 WHERE id BETWEEN 5400676 AND 5401675
	Aggregate  (cost=4025.22..4025.23 rows=1 width=8)
	  ->  Bitmap Heap Scan on sbtest7  (cost=23.13..4022.62 rows=1043 width=4)
	        Recheck Cond: ((id >= 5400676) AND (id <= 5401675))
	        ->  Bitmap Index Scan on sbtest7_pkey  (cost=0.00..22.86 rows=1043 width=0)
	              Index Cond: ((id >= 5400676) AND (id <= 5401675))

table 8 : explain SELECT SUM(k) FROM sbtest8 WHERE id BETWEEN 6364866 AND 6365865
	Aggregate  (cost=4085.73..4085.74 rows=1 width=8)
	  ->  Bitmap Heap Scan on sbtest8  (cost=23.29..4083.08 rows=1059 width=4)
	        Recheck Cond: ((id >= 6364866) AND (id <= 6365865))
	        ->  Bitmap Index Scan on sbtest8_pkey  (cost=0.00..23.02 rows=1059 width=0)
	              Index Cond: ((id >= 6364866) AND (id <= 6365865))

for point_selects
table 1 : explain SELECT c FROM sbtest1 WHERE id=5995773
	Index Scan using sbtest1_pkey on sbtest1  (cost=0.43..8.45 rows=1 width=121)
	  Index Cond: (id = 5995773)

table 2 : explain SELECT c FROM sbtest2 WHERE id=5595896
	Index Scan using sbtest2_pkey on sbtest2  (cost=0.43..8.45 rows=1 width=121)
	  Index Cond: (id = 5595896)

table 3 : explain SELECT c FROM sbtest3 WHERE id=2058559
	Index Scan using sbtest3_pkey on sbtest3  (cost=0.43..8.45 rows=1 width=121)
	  Index Cond: (id = 2058559)

table 4 : explain SELECT c FROM sbtest4 WHERE id=9448036
	Index Scan using sbtest4_pkey on sbtest4  (cost=0.43..8.45 rows=1 width=121)
	  Index Cond: (id = 9448036)

table 5 : explain SELECT c FROM sbtest5 WHERE id=9011987
	Index Scan using sbtest5_pkey on sbtest5  (cost=0.43..8.45 rows=1 width=121)
	  Index Cond: (id = 9011987)

table 6 : explain SELECT c FROM sbtest6 WHERE id=1637959
	Index Scan using sbtest6_pkey on sbtest6  (cost=0.43..8.45 rows=1 width=121)
	  Index Cond: (id = 1637959)

table 7 : explain SELECT c FROM sbtest7 WHERE id=5909873
	Index Scan using sbtest7_pkey on sbtest7  (cost=0.43..8.45 rows=1 width=121)
	  Index Cond: (id = 5909873)

table 8 : explain SELECT c FROM sbtest8 WHERE id=8185953
	Index Scan using sbtest8_pkey on sbtest8  (cost=0.43..8.45 rows=1 width=121)
	  Index Cond: (id = 8185953)

for: order_ranges
table 1 : explain SELECT c FROM sbtest1 WHERE id BETWEEN 3448756 AND 3449755 ORDER BY c
	Sort  (cost=3565.97..3568.25 rows=910 width=121)
	  Sort Key: c
	  ->  Bitmap Heap Scan on sbtest1  (cost=21.76..3521.24 rows=910 width=121)
	        Recheck Cond: ((id >= 3448756) AND (id <= 3449755))
	        ->  Bitmap Index Scan on sbtest1_pkey  (cost=0.00..21.54 rows=910 width=0)
	              Index Cond: ((id >= 3448756) AND (id <= 3449755))

table 2 : explain SELECT c FROM sbtest2 WHERE id BETWEEN 7013623 AND 7014622 ORDER BY c
	Sort  (cost=3854.06..3856.52 rows=985 width=121)
	  Sort Key: c
	  ->  Bitmap Heap Scan on sbtest2  (cost=22.53..3805.08 rows=985 width=121)
	        Recheck Cond: ((id >= 7013623) AND (id <= 7014622))
	        ->  Bitmap Index Scan on sbtest2_pkey  (cost=0.00..22.29 rows=985 width=0)
	              Index Cond: ((id >= 7013623) AND (id <= 7014622))

table 3 : explain SELECT c FROM sbtest3 WHERE id BETWEEN 1729502 AND 1730501 ORDER BY c
	Sort  (cost=3947.87..3950.40 rows=1010 width=121)
	  Sort Key: c
	  ->  Bitmap Heap Scan on sbtest3  (cost=22.79..3897.47 rows=1010 width=121)
	        Recheck Cond: ((id >= 1729502) AND (id <= 1730501))
	        ->  Bitmap Index Scan on sbtest3_pkey  (cost=0.00..22.54 rows=1010 width=0)
	              Index Cond: ((id >= 1729502) AND (id <= 1730501))

table 4 : explain SELECT c FROM sbtest4 WHERE id BETWEEN 2190397 AND 2191396 ORDER BY c
	Sort  (cost=3565.93..3568.20 rows=910 width=121)
	  Sort Key: c
	  ->  Bitmap Heap Scan on sbtest4  (cost=21.76..3521.20 rows=910 width=121)
	        Recheck Cond: ((id >= 2190397) AND (id <= 2191396))
	        ->  Bitmap Index Scan on sbtest4_pkey  (cost=0.00..21.54 rows=910 width=0)
	              Index Cond: ((id >= 2190397) AND (id <= 2191396))

table 5 : explain SELECT c FROM sbtest5 WHERE id BETWEEN 7827501 AND 7828500 ORDER BY c
	Sort  (cost=4133.19..4135.84 rows=1057 width=121)
	  Sort Key: c
	  ->  Bitmap Heap Scan on sbtest5  (cost=27.27..4080.10 rows=1057 width=121)
	        Recheck Cond: ((id >= 7827501) AND (id <= 7828500))
	        ->  Bitmap Index Scan on sbtest5_pkey  (cost=0.00..27.00 rows=1057 width=0)
	              Index Cond: ((id >= 7827501) AND (id <= 7828500))

table 6 : explain SELECT c FROM sbtest6 WHERE id BETWEEN 1942386 AND 1943385 ORDER BY c
	Sort  (cost=3692.58..3694.94 rows=943 width=121)
	  Sort Key: c
	  ->  Bitmap Heap Scan on sbtest6  (cost=22.10..3645.99 rows=943 width=121)
	        Recheck Cond: ((id >= 1942386) AND (id <= 1943385))
	        ->  Bitmap Index Scan on sbtest6_pkey  (cost=0.00..21.86 rows=943 width=0)
	              Index Cond: ((id >= 1942386) AND (id <= 1943385))

table 7 : explain SELECT c FROM sbtest7 WHERE id BETWEEN 1234268 AND 1235267 ORDER BY c
	Sort  (cost=3615.92..3618.23 rows=923 width=121)
	  Sort Key: c
	  ->  Bitmap Heap Scan on sbtest7  (cost=21.90..3570.46 rows=923 width=121)
	        Recheck Cond: ((id >= 1234268) AND (id <= 1235267))
	        ->  Bitmap Index Scan on sbtest7_pkey  (cost=0.00..21.66 rows=923 width=0)
	              Index Cond: ((id >= 1234268) AND (id <= 1235267))

table 8 : explain SELECT c FROM sbtest8 WHERE id BETWEEN 85109 AND 86108 ORDER BY c
	Sort  (cost=3995.01..3997.57 rows=1022 width=121)
	  Sort Key: c
	  ->  Bitmap Heap Scan on sbtest8  (cost=22.91..3943.93 rows=1022 width=121)
	        Recheck Cond: ((id >= 85109) AND (id <= 86108))
	        ->  Bitmap Index Scan on sbtest8_pkey  (cost=0.00..22.65 rows=1022 width=0)
	              Index Cond: ((id >= 85109) AND (id <= 86108))

explain: for point_selects :: explain SELECT c FROM sbtest%u WHERE id=%u
for: simple_ranges
table 1 : explain SELECT c FROM sbtest1 WHERE id BETWEEN 5903008 AND 5904007
	Bitmap Heap Scan on sbtest1  (cost=27.95..4323.14 rows=1123 width=121)
	  Recheck Cond: ((id >= 5903008) AND (id <= 5904007))
	  ->  Bitmap Index Scan on sbtest1_pkey  (cost=0.00..27.66 rows=1123 width=0)
	        Index Cond: ((id >= 5903008) AND (id <= 5904007))

table 2 : explain SELECT c FROM sbtest2 WHERE id BETWEEN 1298551 AND 1299550
	Bitmap Heap Scan on sbtest2  (cost=22.99..3974.55 rows=1030 width=121)
	  Recheck Cond: ((id >= 1298551) AND (id <= 1299550))
	  ->  Bitmap Index Scan on sbtest2_pkey  (cost=0.00..22.73 rows=1030 width=0)
	        Index Cond: ((id >= 1298551) AND (id <= 1299550))

table 3 : explain SELECT c FROM sbtest3 WHERE id BETWEEN 5504985 AND 5505984
	Bitmap Heap Scan on sbtest3  (cost=28.64..4576.77 rows=1191 width=121)
	  Recheck Cond: ((id >= 5504985) AND (id <= 5505984))
	  ->  Bitmap Index Scan on sbtest3_pkey  (cost=0.00..28.34 rows=1191 width=0)
	        Index Cond: ((id >= 5504985) AND (id <= 5505984))

table 4 : explain SELECT c FROM sbtest4 WHERE id BETWEEN 6949841 AND 6950840
	Bitmap Heap Scan on sbtest4  (cost=22.60..3830.50 rows=992 width=121)
	  Recheck Cond: ((id >= 6949841) AND (id <= 6950840))
	  ->  Bitmap Index Scan on sbtest4_pkey  (cost=0.00..22.36 rows=992 width=0)
	        Index Cond: ((id >= 6949841) AND (id <= 6950840))

table 5 : explain SELECT c FROM sbtest5 WHERE id BETWEEN 9264616 AND 9265615
	Bitmap Heap Scan on sbtest5  (cost=27.97..4331.74 rows=1125 width=121)
	  Recheck Cond: ((id >= 9264616) AND (id <= 9265615))
	  ->  Bitmap Index Scan on sbtest5_pkey  (cost=0.00..27.68 rows=1125 width=0)
	        Index Cond: ((id >= 9264616) AND (id <= 9265615))

table 6 : explain SELECT c FROM sbtest6 WHERE id BETWEEN 947963 AND 948962
	Bitmap Heap Scan on sbtest6  (cost=22.83..3913.56 rows=1014 width=121)
	  Recheck Cond: ((id >= 947963) AND (id <= 948962))
	  ->  Bitmap Index Scan on sbtest6_pkey  (cost=0.00..22.57 rows=1014 width=0)
	        Index Cond: ((id >= 947963) AND (id <= 948962))

table 7 : explain SELECT c FROM sbtest7 WHERE id BETWEEN 7219573 AND 7220572
	Bitmap Heap Scan on sbtest7  (cost=21.69..3494.92 rows=903 width=121)
	  Recheck Cond: ((id >= 7219573) AND (id <= 7220572))
	  ->  Bitmap Index Scan on sbtest7_pkey  (cost=0.00..21.46 rows=903 width=0)
	        Index Cond: ((id >= 7219573) AND (id <= 7220572))

table 8 : explain SELECT c FROM sbtest8 WHERE id BETWEEN 2418116 AND 2419115
	Bitmap Heap Scan on sbtest8  (cost=28.36..4473.58 rows=1163 width=121)
	  Recheck Cond: ((id >= 2418116) AND (id <= 2419115))
	  ->  Bitmap Index Scan on sbtest8_pkey  (cost=0.00..28.07 rows=1163 width=0)
	        Index Cond: ((id >= 2418116) AND (id <= 2419115))

for: simple_ranges
table 1 : explain SELECT c FROM sbtest1 WHERE id BETWEEN 2695869 AND 2696868
	Bitmap Heap Scan on sbtest1  (cost=22.31..3721.26 rows=963 width=121)
	  Recheck Cond: ((id >= 2695869) AND (id <= 2696868))
	  ->  Bitmap Index Scan on sbtest1_pkey  (cost=0.00..22.07 rows=963 width=0)
	        Index Cond: ((id >= 2695869) AND (id <= 2696868))

table 2 : explain SELECT c FROM sbtest2 WHERE id BETWEEN 1522321 AND 1523320
	Bitmap Heap Scan on sbtest2  (cost=22.91..3944.44 rows=1022 width=121)
	  Recheck Cond: ((id >= 1522321) AND (id <= 1523320))
	  ->  Bitmap Index Scan on sbtest2_pkey  (cost=0.00..22.65 rows=1022 width=0)
	        Index Cond: ((id >= 1522321) AND (id <= 1523320))

table 3 : explain SELECT c FROM sbtest3 WHERE id BETWEEN 568425 AND 569424
	Bitmap Heap Scan on sbtest3  (cost=22.58..3822.19 rows=990 width=121)
	  Recheck Cond: ((id >= 568425) AND (id <= 569424))
	  ->  Bitmap Index Scan on sbtest3_pkey  (cost=0.00..22.33 rows=990 width=0)
	        Index Cond: ((id >= 568425) AND (id <= 569424))

table 4 : explain SELECT c FROM sbtest4 WHERE id BETWEEN 321170 AND 322169
	Bitmap Heap Scan on sbtest4  (cost=22.07..3634.46 rows=940 width=121)
	  Recheck Cond: ((id >= 321170) AND (id <= 322169))
	  ->  Bitmap Index Scan on sbtest4_pkey  (cost=0.00..21.83 rows=940 width=0)
	        Index Cond: ((id >= 321170) AND (id <= 322169))

table 5 : explain SELECT c FROM sbtest5 WHERE id BETWEEN 8572993 AND 8573992
	Bitmap Heap Scan on sbtest5  (cost=26.68..3865.60 rows=1000 width=121)
	  Recheck Cond: ((id >= 8572993) AND (id <= 8573992))
	  ->  Bitmap Index Scan on sbtest5_pkey  (cost=0.00..26.43 rows=1000 width=0)
	        Index Cond: ((id >= 8572993) AND (id <= 8573992))

table 6 : explain SELECT c FROM sbtest6 WHERE id BETWEEN 5121350 AND 5122349
	Bitmap Heap Scan on sbtest6  (cost=22.63..3842.02 rows=995 width=121)
	  Recheck Cond: ((id >= 5121350) AND (id <= 5122349))
	  ->  Bitmap Index Scan on sbtest6_pkey  (cost=0.00..22.39 rows=995 width=0)
	        Index Cond: ((id >= 5121350) AND (id <= 5122349))

table 7 : explain SELECT c FROM sbtest7 WHERE id BETWEEN 1655052 AND 1656051
	Bitmap Heap Scan on sbtest7  (cost=27.53..4173.17 rows=1082 width=121)
	  Recheck Cond: ((id >= 1655052) AND (id <= 1656051))
	  ->  Bitmap Index Scan on sbtest7_pkey  (cost=0.00..27.25 rows=1082 width=0)
	        Index Cond: ((id >= 1655052) AND (id <= 1656051))

table 8 : explain SELECT c FROM sbtest8 WHERE id BETWEEN 9211856 AND 9212855
	Bitmap Heap Scan on sbtest8  (cost=22.65..3849.81 rows=997 width=121)
	  Recheck Cond: ((id >= 9211856) AND (id <= 9212855))
	  ->  Bitmap Index Scan on sbtest8_pkey  (cost=0.00..22.40 rows=997 width=0)
	        Index Cond: ((id >= 9211856) AND (id <= 9212855))

for point_selects
table 1 : explain SELECT c FROM sbtest1 WHERE id=4968954
	Index Scan using sbtest1_pkey on sbtest1  (cost=0.43..8.45 rows=1 width=121)
	  Index Cond: (id = 4968954)

table 2 : explain SELECT c FROM sbtest2 WHERE id=5318357
	Index Scan using sbtest2_pkey on sbtest2  (cost=0.43..8.45 rows=1 width=121)
	  Index Cond: (id = 5318357)

table 3 : explain SELECT c FROM sbtest3 WHERE id=3273679
	Index Scan using sbtest3_pkey on sbtest3  (cost=0.43..8.45 rows=1 width=121)
	  Index Cond: (id = 3273679)

table 4 : explain SELECT c FROM sbtest4 WHERE id=6084648
	Index Scan using sbtest4_pkey on sbtest4  (cost=0.43..8.45 rows=1 width=121)
	  Index Cond: (id = 6084648)

table 5 : explain SELECT c FROM sbtest5 WHERE id=8319468
	Index Scan using sbtest5_pkey on sbtest5  (cost=0.43..8.45 rows=1 width=121)
	  Index Cond: (id = 8319468)

table 6 : explain SELECT c FROM sbtest6 WHERE id=5961430
	Index Scan using sbtest6_pkey on sbtest6  (cost=0.43..8.45 rows=1 width=121)
	  Index Cond: (id = 5961430)

table 7 : explain SELECT c FROM sbtest7 WHERE id=9725698
	Index Scan using sbtest7_pkey on sbtest7  (cost=0.43..8.45 rows=1 width=121)
	  Index Cond: (id = 9725698)

table 8 : explain SELECT c FROM sbtest8 WHERE id=8513050
	Index Scan using sbtest8_pkey on sbtest8  (cost=0.43..8.45 rows=1 width=121)
	  Index Cond: (id = 8513050)

for: simple_ranges
table 1 : explain SELECT c FROM sbtest1 WHERE id BETWEEN 1501263 AND 1502262
	Bitmap Heap Scan on sbtest1  (cost=22.63..3841.84 rows=995 width=121)
	  Recheck Cond: ((id >= 1501263) AND (id <= 1502262))
	  ->  Bitmap Index Scan on sbtest1_pkey  (cost=0.00..22.39 rows=995 width=0)
	        Index Cond: ((id >= 1501263) AND (id <= 1502262))

table 2 : explain SELECT c FROM sbtest2 WHERE id BETWEEN 5196865 AND 5197864
	Bitmap Heap Scan on sbtest2  (cost=21.38..3382.14 rows=873 width=121)
	  Recheck Cond: ((id >= 5196865) AND (id <= 5197864))
	  ->  Bitmap Index Scan on sbtest2_pkey  (cost=0.00..21.16 rows=873 width=0)
	        Index Cond: ((id >= 5196865) AND (id <= 5197864))

table 3 : explain SELECT c FROM sbtest3 WHERE id BETWEEN 1859178 AND 1860177
	Bitmap Heap Scan on sbtest3  (cost=22.43..3765.69 rows=975 width=121)
	  Recheck Cond: ((id >= 1859178) AND (id <= 1860177))
	  ->  Bitmap Index Scan on sbtest3_pkey  (cost=0.00..22.18 rows=975 width=0)
	        Index Cond: ((id >= 1859178) AND (id <= 1860177))

table 4 : explain SELECT c FROM sbtest4 WHERE id BETWEEN 6125664 AND 6126663
	Bitmap Heap Scan on sbtest4  (cost=23.13..4022.42 rows=1043 width=121)
	  Recheck Cond: ((id >= 6125664) AND (id <= 6126663))
	  ->  Bitmap Index Scan on sbtest4_pkey  (cost=0.00..22.86 rows=1043 width=0)
	        Index Cond: ((id >= 6125664) AND (id <= 6126663))

table 5 : explain SELECT c FROM sbtest5 WHERE id BETWEEN 2556055 AND 2557054
	Bitmap Heap Scan on sbtest5  (cost=21.81..3540.94 rows=915 width=121)
	  Recheck Cond: ((id >= 2556055) AND (id <= 2557054))
	  ->  Bitmap Index Scan on sbtest5_pkey  (cost=0.00..21.58 rows=915 width=0)
	        Index Cond: ((id >= 2556055) AND (id <= 2557054))

table 6 : explain SELECT c FROM sbtest6 WHERE id BETWEEN 6151715 AND 6152714
	Bitmap Heap Scan on sbtest6  (cost=21.57..3449.60 rows=891 width=121)
	  Recheck Cond: ((id >= 6151715) AND (id <= 6152714))
	  ->  Bitmap Index Scan on sbtest6_pkey  (cost=0.00..21.34 rows=891 width=0)
	        Index Cond: ((id >= 6151715) AND (id <= 6152714))

table 7 : explain SELECT c FROM sbtest7 WHERE id BETWEEN 5501384 AND 5502383
	Bitmap Heap Scan on sbtest7  (cost=21.70..3498.70 rows=904 width=121)
	  Recheck Cond: ((id >= 5501384) AND (id <= 5502383))
	  ->  Bitmap Index Scan on sbtest7_pkey  (cost=0.00..21.47 rows=904 width=0)
	        Index Cond: ((id >= 5501384) AND (id <= 5502383))

table 8 : explain SELECT c FROM sbtest8 WHERE id BETWEEN 8175545 AND 8176544
	Bitmap Heap Scan on sbtest8  (cost=22.35..3736.75 rows=967 width=121)
	  Recheck Cond: ((id >= 8175545) AND (id <= 8176544))
	  ->  Bitmap Index Scan on sbtest8_pkey  (cost=0.00..22.11 rows=967 width=0)
	        Index Cond: ((id >= 8175545) AND (id <= 8176544))

for point_selects
table 1 : explain SELECT c FROM sbtest1 WHERE id=3747194
	Index Scan using sbtest1_pkey on sbtest1  (cost=0.43..8.45 rows=1 width=121)
	  Index Cond: (id = 3747194)

table 2 : explain SELECT c FROM sbtest2 WHERE id=8417584
	Index Scan using sbtest2_pkey on sbtest2  (cost=0.43..8.45 rows=1 width=121)
	  Index Cond: (id = 8417584)

table 3 : explain SELECT c FROM sbtest3 WHERE id=8378022
	Index Scan using sbtest3_pkey on sbtest3  (cost=0.43..8.45 rows=1 width=121)
	  Index Cond: (id = 8378022)

table 4 : explain SELECT c FROM sbtest4 WHERE id=4442529
	Index Scan using sbtest4_pkey on sbtest4  (cost=0.43..8.45 rows=1 width=121)
	  Index Cond: (id = 4442529)

table 5 : explain SELECT c FROM sbtest5 WHERE id=7021360
	Index Scan using sbtest5_pkey on sbtest5  (cost=0.43..8.45 rows=1 width=121)
	  Index Cond: (id = 7021360)

table 6 : explain SELECT c FROM sbtest6 WHERE id=6982284
	Index Scan using sbtest6_pkey on sbtest6  (cost=0.43..8.45 rows=1 width=121)
	  Index Cond: (id = 6982284)

table 7 : explain SELECT c FROM sbtest7 WHERE id=5561446
	Index Scan using sbtest7_pkey on sbtest7  (cost=0.43..8.45 rows=1 width=121)
	  Index Cond: (id = 5561446)

table 8 : explain SELECT c FROM sbtest8 WHERE id=8370745
	Index Scan using sbtest8_pkey on sbtest8  (cost=0.43..8.45 rows=1 width=121)
	  Index Cond: (id = 8370745)

explain: for point_selects :: explain SELECT c FROM sbtest%u WHERE id=%u
for point_selects
table 1 : explain SELECT c FROM sbtest1 WHERE id=6339307
	Index Scan using sbtest1_pkey on sbtest1  (cost=0.43..8.45 rows=1 width=121)
	  Index Cond: (id = 6339307)

table 2 : explain SELECT c FROM sbtest2 WHERE id=4265914
	Index Scan using sbtest2_pkey on sbtest2  (cost=0.43..8.45 rows=1 width=121)
	  Index Cond: (id = 4265914)

table 3 : explain SELECT c FROM sbtest3 WHERE id=7653777
	Index Scan using sbtest3_pkey on sbtest3  (cost=0.43..8.45 rows=1 width=121)
	  Index Cond: (id = 7653777)

table 4 : explain SELECT c FROM sbtest4 WHERE id=9426623
	Index Scan using sbtest4_pkey on sbtest4  (cost=0.43..8.45 rows=1 width=121)
	  Index Cond: (id = 9426623)

table 5 : explain SELECT c FROM sbtest5 WHERE id=3291419
	Index Scan using sbtest5_pkey on sbtest5  (cost=0.43..8.45 rows=1 width=121)
	  Index Cond: (id = 3291419)

table 6 : explain SELECT c FROM sbtest6 WHERE id=8799437
	Index Scan using sbtest6_pkey on sbtest6  (cost=0.43..8.45 rows=1 width=121)
	  Index Cond: (id = 8799437)

table 7 : explain SELECT c FROM sbtest7 WHERE id=8396856
	Index Scan using sbtest7_pkey on sbtest7  (cost=0.43..8.45 rows=1 width=121)
	  Index Cond: (id = 8396856)

table 8 : explain SELECT c FROM sbtest8 WHERE id=5596521
	Index Scan using sbtest8_pkey on sbtest8  (cost=0.43..8.45 rows=1 width=121)
	  Index Cond: (id = 5596521)

for point_selects
table 1 : explain SELECT c FROM sbtest1 WHERE id=4304489
	Index Scan using sbtest1_pkey on sbtest1  (cost=0.43..8.45 rows=1 width=121)
	  Index Cond: (id = 4304489)

table 2 : explain SELECT c FROM sbtest2 WHERE id=3761052
	Index Scan using sbtest2_pkey on sbtest2  (cost=0.43..8.45 rows=1 width=121)
	  Index Cond: (id = 3761052)

table 3 : explain SELECT c FROM sbtest3 WHERE id=4272831
	Index Scan using sbtest3_pkey on sbtest3  (cost=0.43..8.45 rows=1 width=121)
	  Index Cond: (id = 4272831)

table 4 : explain SELECT c FROM sbtest4 WHERE id=7799934
	Index Scan using sbtest4_pkey on sbtest4  (cost=0.43..8.45 rows=1 width=121)
	  Index Cond: (id = 7799934)

table 5 : explain SELECT c FROM sbtest5 WHERE id=9470676
	Index Scan using sbtest5_pkey on sbtest5  (cost=0.43..8.45 rows=1 width=121)
	  Index Cond: (id = 9470676)

table 6 : explain SELECT c FROM sbtest6 WHERE id=7021681
	Index Scan using sbtest6_pkey on sbtest6  (cost=0.43..8.45 rows=1 width=121)
	  Index Cond: (id = 7021681)

table 7 : explain SELECT c FROM sbtest7 WHERE id=5324990
	Index Scan using sbtest7_pkey on sbtest7  (cost=0.43..8.45 rows=1 width=121)
	  Index Cond: (id = 5324990)

table 8 : explain SELECT c FROM sbtest8 WHERE id=947712
	Index Scan using sbtest8_pkey on sbtest8  (cost=0.43..8.45 rows=1 width=121)
	  Index Cond: (id = 947712)

for: simple_ranges
table 1 : explain SELECT c FROM sbtest1 WHERE id BETWEEN 7147067 AND 7148066
	Bitmap Heap Scan on sbtest1  (cost=22.35..3736.34 rows=967 width=121)
	  Recheck Cond: ((id >= 7147067) AND (id <= 7148066))
	  ->  Bitmap Index Scan on sbtest1_pkey  (cost=0.00..22.11 rows=967 width=0)
	        Index Cond: ((id >= 7147067) AND (id <= 7148066))

table 2 : explain SELECT c FROM sbtest2 WHERE id BETWEEN 6217457 AND 6218456
	Bitmap Heap Scan on sbtest2  (cost=22.54..3808.85 rows=986 width=121)
	  Recheck Cond: ((id >= 6217457) AND (id <= 6218456))
	  ->  Bitmap Index Scan on sbtest2_pkey  (cost=0.00..22.29 rows=986 width=0)
	        Index Cond: ((id >= 6217457) AND (id <= 6218456))

table 3 : explain SELECT c FROM sbtest3 WHERE id BETWEEN 5296517 AND 5297516
	Bitmap Heap Scan on sbtest3  (cost=27.92..4310.89 rows=1120 width=121)
	  Recheck Cond: ((id >= 5296517) AND (id <= 5297516))
	  ->  Bitmap Index Scan on sbtest3_pkey  (cost=0.00..27.64 rows=1120 width=0)
	        Index Cond: ((id >= 5296517) AND (id <= 5297516))

table 4 : explain SELECT c FROM sbtest4 WHERE id BETWEEN 2090126 AND 2091125
	Bitmap Heap Scan on sbtest4  (cost=22.78..3894.51 rows=1009 width=121)
	  Recheck Cond: ((id >= 2090126) AND (id <= 2091125))
	  ->  Bitmap Index Scan on sbtest4_pkey  (cost=0.00..22.52 rows=1009 width=0)
	        Index Cond: ((id >= 2090126) AND (id <= 2091125))

table 5 : explain SELECT c FROM sbtest5 WHERE id BETWEEN 780088 AND 781087
	Bitmap Heap Scan on sbtest5  (cost=27.21..4057.54 rows=1051 width=121)
	  Recheck Cond: ((id >= 780088) AND (id <= 781087))
	  ->  Bitmap Index Scan on sbtest5_pkey  (cost=0.00..26.94 rows=1051 width=0)
	        Index Cond: ((id >= 780088) AND (id <= 781087))

table 6 : explain SELECT c FROM sbtest6 WHERE id BETWEEN 4736152 AND 4737151
	Bitmap Heap Scan on sbtest6  (cost=22.16..3668.63 rows=949 width=121)
	  Recheck Cond: ((id >= 4736152) AND (id <= 4737151))
	  ->  Bitmap Index Scan on sbtest6_pkey  (cost=0.00..21.93 rows=949 width=0)
	        Index Cond: ((id >= 4736152) AND (id <= 4737151))

table 7 : explain SELECT c FROM sbtest7 WHERE id BETWEEN 3391926 AND 3392925
	Bitmap Heap Scan on sbtest7  (cost=27.70..4233.26 rows=1099 width=121)
	  Recheck Cond: ((id >= 3391926) AND (id <= 3392925))
	  ->  Bitmap Index Scan on sbtest7_pkey  (cost=0.00..27.43 rows=1099 width=0)
	        Index Cond: ((id >= 3391926) AND (id <= 3392925))

table 8 : explain SELECT c FROM sbtest8 WHERE id BETWEEN 8482613 AND 8483612
	Bitmap Heap Scan on sbtest8  (cost=21.89..3566.95 rows=922 width=121)
	  Recheck Cond: ((id >= 8482613) AND (id <= 8483612))
	  ->  Bitmap Index Scan on sbtest8_pkey  (cost=0.00..21.65 rows=922 width=0)
	        Index Cond: ((id >= 8482613) AND (id <= 8483612))

for: sum_ranges
table 1 : explain SELECT SUM(k) FROM sbtest1 WHERE id BETWEEN 5896853 AND 5897852
	Aggregate  (cost=4325.94..4325.95 rows=1 width=8)
	  ->  Bitmap Heap Scan on sbtest1  (cost=27.95..4323.14 rows=1123 width=4)
	        Recheck Cond: ((id >= 5896853) AND (id <= 5897852))
	        ->  Bitmap Index Scan on sbtest1_pkey  (cost=0.00..27.66 rows=1123 width=0)
	              Index Cond: ((id >= 5896853) AND (id <= 5897852))

table 2 : explain SELECT SUM(k) FROM sbtest2 WHERE id BETWEEN 8747873 AND 8748872
	Aggregate  (cost=4124.12..4124.13 rows=1 width=8)
	  ->  Bitmap Heap Scan on sbtest2  (cost=27.38..4121.45 rows=1068 width=4)
	        Recheck Cond: ((id >= 8747873) AND (id <= 8748872))
	        ->  Bitmap Index Scan on sbtest2_pkey  (cost=0.00..27.11 rows=1068 width=0)
	              Index Cond: ((id >= 8747873) AND (id <= 8748872))

table 3 : explain SELECT SUM(k) FROM sbtest3 WHERE id BETWEEN 1312153 AND 1313152
	Aggregate  (cost=4073.07..4073.08 rows=1 width=8)
	  ->  Bitmap Heap Scan on sbtest3  (cost=23.26..4070.43 rows=1056 width=4)
	        Recheck Cond: ((id >= 1312153) AND (id <= 1313152))
	        ->  Bitmap Index Scan on sbtest3_pkey  (cost=0.00..23.00 rows=1056 width=0)
	              Index Cond: ((id >= 1312153) AND (id <= 1313152))

table 4 : explain SELECT SUM(k) FROM sbtest4 WHERE id BETWEEN 2443815 AND 2444814
	Aggregate  (cost=3848.05..3848.06 rows=1 width=8)
	  ->  Bitmap Heap Scan on sbtest4  (cost=22.64..3845.56 rows=996 width=4)
	        Recheck Cond: ((id >= 2443815) AND (id <= 2444814))
	        ->  Bitmap Index Scan on sbtest4_pkey  (cost=0.00..22.39 rows=996 width=0)
	              Index Cond: ((id >= 2443815) AND (id <= 2444814))

table 5 : explain SELECT SUM(k) FROM sbtest5 WHERE id BETWEEN 8508819 AND 8509818
	Aggregate  (cost=3868.10..3868.11 rows=1 width=8)
	  ->  Bitmap Heap Scan on sbtest5  (cost=26.68..3865.60 rows=1000 width=4)
	        Recheck Cond: ((id >= 8508819) AND (id <= 8509818))
	        ->  Bitmap Index Scan on sbtest5_pkey  (cost=0.00..26.43 rows=1000 width=0)
	              Index Cond: ((id >= 8508819) AND (id <= 8509818))

table 6 : explain SELECT SUM(k) FROM sbtest6 WHERE id BETWEEN 4012537 AND 4013536
	Aggregate  (cost=4194.70..4194.71 rows=1 width=8)
	  ->  Bitmap Heap Scan on sbtest6  (cost=27.58..4191.98 rows=1087 width=4)
	        Recheck Cond: ((id >= 4012537) AND (id <= 4013536))
	        ->  Bitmap Index Scan on sbtest6_pkey  (cost=0.00..27.30 rows=1087 width=0)
	              Index Cond: ((id >= 4012537) AND (id <= 4013536))

table 7 : explain SELECT SUM(k) FROM sbtest7 WHERE id BETWEEN 4600850 AND 4601849
	Aggregate  (cost=3625.66..3625.67 rows=1 width=8)
	  ->  Bitmap Heap Scan on sbtest7  (cost=22.04..3623.31 rows=937 width=4)
	        Recheck Cond: ((id >= 4600850) AND (id <= 4601849))
	        ->  Bitmap Index Scan on sbtest7_pkey  (cost=0.00..21.80 rows=937 width=0)
	              Index Cond: ((id >= 4600850) AND (id <= 4601849))

table 8 : explain SELECT SUM(k) FROM sbtest8 WHERE id BETWEEN 1199257 AND 1200256
	Aggregate  (cost=3576.81..3576.82 rows=1 width=8)
	  ->  Bitmap Heap Scan on sbtest8  (cost=21.91..3574.50 rows=924 width=4)
	        Recheck Cond: ((id >= 1199257) AND (id <= 1200256))
	        ->  Bitmap Index Scan on sbtest8_pkey  (cost=0.00..21.68 rows=924 width=0)
	              Index Cond: ((id >= 1199257) AND (id <= 1200256))

for: sum_ranges
table 1 : explain SELECT SUM(k) FROM sbtest1 WHERE id BETWEEN 9591490 AND 9592489
	Aggregate  (cost=4092.78..4092.79 rows=1 width=8)
	  ->  Bitmap Heap Scan on sbtest1  (cost=23.31..4090.13 rows=1061 width=4)
	        Recheck Cond: ((id >= 9591490) AND (id <= 9592489))
	        ->  Bitmap Index Scan on sbtest1_pkey  (cost=0.00..23.04 rows=1061 width=0)
	              Index Cond: ((id >= 9591490) AND (id <= 9592489))

table 2 : explain SELECT SUM(k) FROM sbtest2 WHERE id BETWEEN 4065075 AND 4066074
	Aggregate  (cost=3815.09..3815.10 rows=1 width=8)
	  ->  Bitmap Heap Scan on sbtest2  (cost=22.55..3812.62 rows=987 width=4)
	        Recheck Cond: ((id >= 4065075) AND (id <= 4066074))
	        ->  Bitmap Index Scan on sbtest2_pkey  (cost=0.00..22.30 rows=987 width=0)
	              Index Cond: ((id >= 4065075) AND (id <= 4066074))

table 3 : explain SELECT SUM(k) FROM sbtest3 WHERE id BETWEEN 8897530 AND 8898529
	Aggregate  (cost=3730.42..3730.43 rows=1 width=8)
	  ->  Bitmap Heap Scan on sbtest3  (cost=22.33..3728.01 rows=965 width=4)
	        Recheck Cond: ((id >= 8897530) AND (id <= 8898529))
	        ->  Bitmap Index Scan on sbtest3_pkey  (cost=0.00..22.08 rows=965 width=0)
	              Index Cond: ((id >= 8897530) AND (id <= 8898529))

table 4 : explain SELECT SUM(k) FROM sbtest4 WHERE id BETWEEN 4859087 AND 4860086
	Aggregate  (cost=3799.05..3799.06 rows=1 width=8)
	  ->  Bitmap Heap Scan on sbtest4  (cost=22.51..3796.59 rows=983 width=4)
	        Recheck Cond: ((id >= 4859087) AND (id <= 4860086))
	        ->  Bitmap Index Scan on sbtest4_pkey  (cost=0.00..22.26 rows=983 width=0)
	              Index Cond: ((id >= 4859087) AND (id <= 4860086))

table 5 : explain SELECT SUM(k) FROM sbtest5 WHERE id BETWEEN 7348991 AND 7349990
	Aggregate  (cost=3573.47..3573.48 rows=1 width=8)
	  ->  Bitmap Heap Scan on sbtest5  (cost=21.90..3571.16 rows=923 width=4)
	        Recheck Cond: ((id >= 7348991) AND (id <= 7349990))
	        ->  Bitmap Index Scan on sbtest5_pkey  (cost=0.00..21.66 rows=923 width=0)
	              Index Cond: ((id >= 7348991) AND (id <= 7349990))

table 6 : explain SELECT SUM(k) FROM sbtest6 WHERE id BETWEEN 5196063 AND 5197062
	Aggregate  (cost=3844.51..3844.52 rows=1 width=8)
	  ->  Bitmap Heap Scan on sbtest6  (cost=22.63..3842.02 rows=995 width=4)
	        Recheck Cond: ((id >= 5196063) AND (id <= 5197062))
	        ->  Bitmap Index Scan on sbtest6_pkey  (cost=0.00..22.39 rows=995 width=0)
	              Index Cond: ((id >= 5196063) AND (id <= 5197062))

table 7 : explain SELECT SUM(k) FROM sbtest7 WHERE id BETWEEN 735627 AND 736626
	Aggregate  (cost=3640.76..3640.77 rows=1 width=8)
	  ->  Bitmap Heap Scan on sbtest7  (cost=22.08..3638.41 rows=941 width=4)
	        Recheck Cond: ((id >= 735627) AND (id <= 736626))
	        ->  Bitmap Index Scan on sbtest7_pkey  (cost=0.00..21.84 rows=941 width=0)
	              Index Cond: ((id >= 735627) AND (id <= 736626))

table 8 : explain SELECT SUM(k) FROM sbtest8 WHERE id BETWEEN 1348610 AND 1349609
	Aggregate  (cost=3776.89..3776.90 rows=1 width=8)
	  ->  Bitmap Heap Scan on sbtest8  (cost=22.45..3774.45 rows=977 width=4)
	        Recheck Cond: ((id >= 1348610) AND (id <= 1349609))
	        ->  Bitmap Index Scan on sbtest8_pkey  (cost=0.00..22.20 rows=977 width=0)
	              Index Cond: ((id >= 1348610) AND (id <= 1349609))

for point_selects
table 1 : explain SELECT c FROM sbtest1 WHERE id=7917046
	Index Scan using sbtest1_pkey on sbtest1  (cost=0.43..8.45 rows=1 width=121)
	  Index Cond: (id = 7917046)

table 2 : explain SELECT c FROM sbtest2 WHERE id=8255089
	Index Scan using sbtest2_pkey on sbtest2  (cost=0.43..8.45 rows=1 width=121)
	  Index Cond: (id = 8255089)

table 3 : explain SELECT c FROM sbtest3 WHERE id=581143
	Index Scan using sbtest3_pkey on sbtest3  (cost=0.43..8.45 rows=1 width=121)
	  Index Cond: (id = 581143)

table 4 : explain SELECT c FROM sbtest4 WHERE id=7569526
	Index Scan using sbtest4_pkey on sbtest4  (cost=0.43..8.45 rows=1 width=121)
	  Index Cond: (id = 7569526)

table 5 : explain SELECT c FROM sbtest5 WHERE id=2681220
	Index Scan using sbtest5_pkey on sbtest5  (cost=0.43..8.45 rows=1 width=121)
	  Index Cond: (id = 2681220)

table 6 : explain SELECT c FROM sbtest6 WHERE id=8590675
	Index Scan using sbtest6_pkey on sbtest6  (cost=0.43..8.45 rows=1 width=121)
	  Index Cond: (id = 8590675)

table 7 : explain SELECT c FROM sbtest7 WHERE id=5001887
	Index Scan using sbtest7_pkey on sbtest7  (cost=0.43..8.45 rows=1 width=121)
	  Index Cond: (id = 5001887)

table 8 : explain SELECT c FROM sbtest8 WHERE id=9705608
	Index Scan using sbtest8_pkey on sbtest8  (cost=0.43..8.45 rows=1 width=121)
	  Index Cond: (id = 9705608)

for: distinct_ranges
table 1 : explain SELECT DISTINCT c FROM sbtest1 WHERE id BETWEEN 6295562 AND 6296561 ORDER BY c
	Unique  (cost=4486.61..4492.37 rows=1151 width=121)
	  ->  Sort  (cost=4486.61..4489.49 rows=1151 width=121)
	        Sort Key: c
	        ->  Bitmap Heap Scan on sbtest1  (cost=28.23..4428.09 rows=1151 width=121)
	              Recheck Cond: ((id >= 6295562) AND (id <= 6296561))
	              ->  Bitmap Index Scan on sbtest1_pkey  (cost=0.00..27.94 rows=1151 width=0)
	                    Index Cond: ((id >= 6295562) AND (id <= 6296561))

table 2 : explain SELECT DISTINCT c FROM sbtest2 WHERE id BETWEEN 7891045 AND 7892044 ORDER BY c
	Unique  (cost=3815.79..3820.67 rows=975 width=121)
	  ->  Sort  (cost=3815.79..3818.23 rows=975 width=121)
	        Sort Key: c
	        ->  Bitmap Heap Scan on sbtest2  (cost=22.43..3767.39 rows=975 width=121)
	              Recheck Cond: ((id >= 7891045) AND (id <= 7892044))
	              ->  Bitmap Index Scan on sbtest2_pkey  (cost=0.00..22.18 rows=975 width=0)
	                    Index Cond: ((id >= 7891045) AND (id <= 7892044))

table 3 : explain SELECT DISTINCT c FROM sbtest3 WHERE id BETWEEN 8983084 AND 8984083 ORDER BY c
	Unique  (cost=3710.79..3715.53 rows=948 width=121)
	  ->  Sort  (cost=3710.79..3713.16 rows=948 width=121)
	        Sort Key: c
	        ->  Bitmap Heap Scan on sbtest3  (cost=22.15..3663.92 rows=948 width=121)
	              Recheck Cond: ((id >= 8983084) AND (id <= 8984083))
	              ->  Bitmap Index Scan on sbtest3_pkey  (cost=0.00..21.91 rows=948 width=0)
	                    Index Cond: ((id >= 8983084) AND (id <= 8984083))

table 4 : explain SELECT DISTINCT c FROM sbtest4 WHERE id BETWEEN 3248260 AND 3249259 ORDER BY c
	Unique  (cost=3397.12..3401.45 rows=866 width=121)
	  ->  Sort  (cost=3397.12..3399.28 rows=866 width=121)
	        Sort Key: c
	        ->  Bitmap Heap Scan on sbtest4  (cost=21.31..3354.87 rows=866 width=121)
	              Recheck Cond: ((id >= 3248260) AND (id <= 3249259))
	              ->  Bitmap Index Scan on sbtest4_pkey  (cost=0.00..21.09 rows=866 width=0)
	                    Index Cond: ((id >= 3248260) AND (id <= 3249259))

table 5 : explain SELECT DISTINCT c FROM sbtest5 WHERE id BETWEEN 3401636 AND 3402635 ORDER BY c
	Unique  (cost=3911.60..3916.60 rows=999 width=121)
	  ->  Sort  (cost=3911.60..3914.10 rows=999 width=121)
	        Sort Key: c
	        ->  Bitmap Heap Scan on sbtest5  (cost=26.67..3861.83 rows=999 width=121)
	              Recheck Cond: ((id >= 3401636) AND (id <= 3402635))
	              ->  Bitmap Index Scan on sbtest5_pkey  (cost=0.00..26.43 rows=999 width=0)
	                    Index Cond: ((id >= 3401636) AND (id <= 3402635))

table 6 : explain SELECT DISTINCT c FROM sbtest6 WHERE id BETWEEN 1207890 AND 1208889 ORDER BY c
	Unique  (cost=3619.79..3624.41 rows=924 width=121)
	  ->  Sort  (cost=3619.79..3622.10 rows=924 width=121)
	        Sort Key: c
	        ->  Bitmap Heap Scan on sbtest6  (cost=21.91..3574.27 rows=924 width=121)
	              Recheck Cond: ((id >= 1207890) AND (id <= 1208889))
	              ->  Bitmap Index Scan on sbtest6_pkey  (cost=0.00..21.68 rows=924 width=0)
	                    Index Cond: ((id >= 1207890) AND (id <= 1208889))

table 7 : explain SELECT DISTINCT c FROM sbtest7 WHERE id BETWEEN 2364341 AND 2365340 ORDER BY c
	Unique  (cost=4048.18..4053.36 rows=1036 width=121)
	  ->  Sort  (cost=4048.18..4050.77 rows=1036 width=121)
	        Sort Key: c
	        ->  Bitmap Heap Scan on sbtest7  (cost=23.05..3996.29 rows=1036 width=121)
	              Recheck Cond: ((id >= 2364341) AND (id <= 2365340))
	              ->  Bitmap Index Scan on sbtest7_pkey  (cost=0.00..22.79 rows=1036 width=0)
	                    Index Cond: ((id >= 2364341) AND (id <= 2365340))

table 8 : explain SELECT DISTINCT c FROM sbtest8 WHERE id BETWEEN 4636804 AND 4637803 ORDER BY c
	Unique  (cost=3907.11..3912.11 rows=999 width=121)
	  ->  Sort  (cost=3907.11..3909.61 rows=999 width=121)
	        Sort Key: c
	        ->  Bitmap Heap Scan on sbtest8  (cost=22.67..3857.34 rows=999 width=121)
	              Recheck Cond: ((id >= 4636804) AND (id <= 4637803))
	              ->  Bitmap Index Scan on sbtest8_pkey  (cost=0.00..22.43 rows=999 width=0)
	                    Index Cond: ((id >= 4636804) AND (id <= 4637803))

for: simple_ranges
table 1 : explain SELECT c FROM sbtest1 WHERE id BETWEEN 8319390 AND 8320389
	Bitmap Heap Scan on sbtest1  (cost=22.71..3868.20 rows=1002 width=121)
	  Recheck Cond: ((id >= 8319390) AND (id <= 8320389))
	  ->  Bitmap Index Scan on sbtest1_pkey  (cost=0.00..22.45 rows=1002 width=0)
	        Index Cond: ((id >= 8319390) AND (id <= 8320389))

table 2 : explain SELECT c FROM sbtest2 WHERE id BETWEEN 7707199 AND 7708198
	Bitmap Heap Scan on sbtest2  (cost=22.92..3948.20 rows=1023 width=121)
	  Recheck Cond: ((id >= 7707199) AND (id <= 7708198))
	  ->  Bitmap Index Scan on sbtest2_pkey  (cost=0.00..22.66 rows=1023 width=0)
	        Index Cond: ((id >= 7707199) AND (id <= 7708198))

table 3 : explain SELECT c FROM sbtest3 WHERE id BETWEEN 1023444 AND 1024443
	Bitmap Heap Scan on sbtest3  (cost=22.93..3950.14 rows=1024 width=121)
	  Recheck Cond: ((id >= 1023444) AND (id <= 1024443))
	  ->  Bitmap Index Scan on sbtest3_pkey  (cost=0.00..22.68 rows=1024 width=0)
	        Index Cond: ((id >= 1023444) AND (id <= 1024443))

table 4 : explain SELECT c FROM sbtest4 WHERE id BETWEEN 8022699 AND 8023698
	Bitmap Heap Scan on sbtest4  (cost=23.11..4014.90 rows=1041 width=121)
	  Recheck Cond: ((id >= 8022699) AND (id <= 8023698))
	  ->  Bitmap Index Scan on sbtest4_pkey  (cost=0.00..22.84 rows=1041 width=0)
	        Index Cond: ((id >= 8022699) AND (id <= 8023698))

table 5 : explain SELECT c FROM sbtest5 WHERE id BETWEEN 4688400 AND 4689399
	Bitmap Heap Scan on sbtest5  (cost=27.30..4091.38 rows=1060 width=121)
	  Recheck Cond: ((id >= 4688400) AND (id <= 4689399))
	  ->  Bitmap Index Scan on sbtest5_pkey  (cost=0.00..27.04 rows=1060 width=0)
	        Index Cond: ((id >= 4688400) AND (id <= 4689399))

table 6 : explain SELECT c FROM sbtest6 WHERE id BETWEEN 4797901 AND 4798900
	Bitmap Heap Scan on sbtest6  (cost=22.16..3668.63 rows=949 width=121)
	  Recheck Cond: ((id >= 4797901) AND (id <= 4798900))
	  ->  Bitmap Index Scan on sbtest6_pkey  (cost=0.00..21.93 rows=949 width=0)
	        Index Cond: ((id >= 4797901) AND (id <= 4798900))

table 7 : explain SELECT c FROM sbtest7 WHERE id BETWEEN 4368192 AND 4369191
	Bitmap Heap Scan on sbtest7  (cost=22.04..3623.31 rows=937 width=121)
	  Recheck Cond: ((id >= 4368192) AND (id <= 4369191))
	  ->  Bitmap Index Scan on sbtest7_pkey  (cost=0.00..21.80 rows=937 width=0)
	        Index Cond: ((id >= 4368192) AND (id <= 4369191))

table 8 : explain SELECT c FROM sbtest8 WHERE id BETWEEN 6078872 AND 6079871
	Bitmap Heap Scan on sbtest8  (cost=23.30..4086.84 rows=1060 width=121)
	  Recheck Cond: ((id >= 6078872) AND (id <= 6079871))
	  ->  Bitmap Index Scan on sbtest8_pkey  (cost=0.00..23.04 rows=1060 width=0)
	        Index Cond: ((id >= 6078872) AND (id <= 6079871))

for: simple_ranges
table 1 : explain SELECT c FROM sbtest1 WHERE id BETWEEN 6919995 AND 6920994
	Bitmap Heap Scan on sbtest1  (cost=22.85..3920.90 rows=1016 width=121)
	  Recheck Cond: ((id >= 6919995) AND (id <= 6920994))
	  ->  Bitmap Index Scan on sbtest1_pkey  (cost=0.00..22.59 rows=1016 width=0)
	        Index Cond: ((id >= 6919995) AND (id <= 6920994))

table 2 : explain SELECT c FROM sbtest2 WHERE id BETWEEN 8817252 AND 8818251
	Bitmap Heap Scan on sbtest2  (cost=23.02..3985.84 rows=1033 width=121)
	  Recheck Cond: ((id >= 8817252) AND (id <= 8818251))
	  ->  Bitmap Index Scan on sbtest2_pkey  (cost=0.00..22.76 rows=1033 width=0)
	        Index Cond: ((id >= 8817252) AND (id <= 8818251))

table 3 : explain SELECT c FROM sbtest3 WHERE id BETWEEN 8213990 AND 8214989
	Bitmap Heap Scan on sbtest3  (cost=22.13..3656.38 rows=946 width=121)
	  Recheck Cond: ((id >= 8213990) AND (id <= 8214989))
	  ->  Bitmap Index Scan on sbtest3_pkey  (cost=0.00..21.89 rows=946 width=0)
	        Index Cond: ((id >= 8213990) AND (id <= 8214989))

table 4 : explain SELECT c FROM sbtest4 WHERE id BETWEEN 159559 AND 160558
	Bitmap Heap Scan on sbtest4  (cost=28.11..4383.06 rows=1139 width=121)
	  Recheck Cond: ((id >= 159559) AND (id <= 160558))
	  ->  Bitmap Index Scan on sbtest4_pkey  (cost=0.00..27.82 rows=1139 width=0)
	        Index Cond: ((id >= 159559) AND (id <= 160558))

table 5 : explain SELECT c FROM sbtest5 WHERE id BETWEEN 1050378 AND 1051377
	Bitmap Heap Scan on sbtest5  (cost=22.04..3624.03 rows=937 width=121)
	  Recheck Cond: ((id >= 1050378) AND (id <= 1051377))
	  ->  Bitmap Index Scan on sbtest5_pkey  (cost=0.00..21.80 rows=937 width=0)
	        Index Cond: ((id >= 1050378) AND (id <= 1051377))

table 6 : explain SELECT c FROM sbtest6 WHERE id BETWEEN 1377957 AND 1378956
	Bitmap Heap Scan on sbtest6  (cost=22.08..3638.44 rows=941 width=121)
	  Recheck Cond: ((id >= 1377957) AND (id <= 1378956))
	  ->  Bitmap Index Scan on sbtest6_pkey  (cost=0.00..21.84 rows=941 width=0)
	        Index Cond: ((id >= 1377957) AND (id <= 1378956))

table 7 : explain SELECT c FROM sbtest7 WHERE id BETWEEN 6297738 AND 6298737
	Bitmap Heap Scan on sbtest7  (cost=22.41..3759.09 rows=973 width=121)
	  Recheck Cond: ((id >= 6297738) AND (id <= 6298737))
	  ->  Bitmap Index Scan on sbtest7_pkey  (cost=0.00..22.16 rows=973 width=0)
	        Index Cond: ((id >= 6297738) AND (id <= 6298737))

table 8 : explain SELECT c FROM sbtest8 WHERE id BETWEEN 405556 AND 406555
	Bitmap Heap Scan on sbtest8  (cost=22.04..3623.58 rows=937 width=121)
	  Recheck Cond: ((id >= 405556) AND (id <= 406555))
	  ->  Bitmap Index Scan on sbtest8_pkey  (cost=0.00..21.80 rows=937 width=0)
	        Index Cond: ((id >= 405556) AND (id <= 406555))

for: simple_ranges
table 1 : explain SELECT c FROM sbtest1 WHERE id BETWEEN 2301906 AND 2302905
	Bitmap Heap Scan on sbtest1  (cost=22.65..3849.37 rows=997 width=121)
	  Recheck Cond: ((id >= 2301906) AND (id <= 2302905))
	  ->  Bitmap Index Scan on sbtest1_pkey  (cost=0.00..22.40 rows=997 width=0)
	        Index Cond: ((id >= 2301906) AND (id <= 2302905))

table 2 : explain SELECT c FROM sbtest2 WHERE id BETWEEN 8910061 AND 8911060
	Bitmap Heap Scan on sbtest2  (cost=22.99..3974.55 rows=1030 width=121)
	  Recheck Cond: ((id >= 8910061) AND (id <= 8911060))
	  ->  Bitmap Index Scan on sbtest2_pkey  (cost=0.00..22.73 rows=1030 width=0)
	        Index Cond: ((id >= 8910061) AND (id <= 8911060))

table 3 : explain SELECT c FROM sbtest3 WHERE id BETWEEN 2506249 AND 2507248
	Bitmap Heap Scan on sbtest3  (cost=22.44..3769.46 rows=976 width=121)
	  Recheck Cond: ((id >= 2506249) AND (id <= 2507248))
	  ->  Bitmap Index Scan on sbtest3_pkey  (cost=0.00..22.19 rows=976 width=0)
	        Index Cond: ((id >= 2506249) AND (id <= 2507248))

table 4 : explain SELECT c FROM sbtest4 WHERE id BETWEEN 1693508 AND 1694507
	Bitmap Heap Scan on sbtest4  (cost=28.10..4379.32 rows=1138 width=121)
	  Recheck Cond: ((id >= 1693508) AND (id <= 1694507))
	  ->  Bitmap Index Scan on sbtest4_pkey  (cost=0.00..27.82 rows=1138 width=0)
	        Index Cond: ((id >= 1693508) AND (id <= 1694507))

table 5 : explain SELECT c FROM sbtest5 WHERE id BETWEEN 4884985 AND 4885984
	Bitmap Heap Scan on sbtest5  (cost=27.52..4170.30 rows=1081 width=121)
	  Recheck Cond: ((id >= 4884985) AND (id <= 4885984))
	  ->  Bitmap Index Scan on sbtest5_pkey  (cost=0.00..27.25 rows=1081 width=0)
	        Index Cond: ((id >= 4884985) AND (id <= 4885984))

table 6 : explain SELECT c FROM sbtest6 WHERE id BETWEEN 7242363 AND 7243362
	Bitmap Heap Scan on sbtest6  (cost=27.68..4229.53 rows=1097 width=121)
	  Recheck Cond: ((id >= 7242363) AND (id <= 7243362))
	  ->  Bitmap Index Scan on sbtest6_pkey  (cost=0.00..27.40 rows=1097 width=0)
	        Index Cond: ((id >= 7242363) AND (id <= 7243362))

table 7 : explain SELECT c FROM sbtest7 WHERE id BETWEEN 6636397 AND 6637396
	Bitmap Heap Scan on sbtest7  (cost=23.44..4139.12 rows=1074 width=121)
	  Recheck Cond: ((id >= 6636397) AND (id <= 6637396))
	  ->  Bitmap Index Scan on sbtest7_pkey  (cost=0.00..23.18 rows=1074 width=0)
	        Index Cond: ((id >= 6636397) AND (id <= 6637396))

table 8 : explain SELECT c FROM sbtest8 WHERE id BETWEEN 2223589 AND 2224588
	Bitmap Heap Scan on sbtest8  (cost=22.62..3838.51 rows=994 width=121)
	  Recheck Cond: ((id >= 2223589) AND (id <= 2224588))
	  ->  Bitmap Index Scan on sbtest8_pkey  (cost=0.00..22.37 rows=994 width=0)
	        Index Cond: ((id >= 2223589) AND (id <= 2224588))

for point_selects
table 1 : explain SELECT c FROM sbtest1 WHERE id=7891412
	Index Scan using sbtest1_pkey on sbtest1  (cost=0.43..8.45 rows=1 width=121)
	  Index Cond: (id = 7891412)

table 2 : explain SELECT c FROM sbtest2 WHERE id=7486545
	Index Scan using sbtest2_pkey on sbtest2  (cost=0.43..8.45 rows=1 width=121)
	  Index Cond: (id = 7486545)

table 3 : explain SELECT c FROM sbtest3 WHERE id=2126501
	Index Scan using sbtest3_pkey on sbtest3  (cost=0.43..8.45 rows=1 width=121)
	  Index Cond: (id = 2126501)

table 4 : explain SELECT c FROM sbtest4 WHERE id=315596
	Index Scan using sbtest4_pkey on sbtest4  (cost=0.43..8.45 rows=1 width=121)
	  Index Cond: (id = 315596)

table 5 : explain SELECT c FROM sbtest5 WHERE id=3411917
	Index Scan using sbtest5_pkey on sbtest5  (cost=0.43..8.45 rows=1 width=121)
	  Index Cond: (id = 3411917)

table 6 : explain SELECT c FROM sbtest6 WHERE id=8216387
	Index Scan using sbtest6_pkey on sbtest6  (cost=0.43..8.45 rows=1 width=121)
	  Index Cond: (id = 8216387)

table 7 : explain SELECT c FROM sbtest7 WHERE id=5861915
	Index Scan using sbtest7_pkey on sbtest7  (cost=0.43..8.45 rows=1 width=121)
	  Index Cond: (id = 5861915)

table 8 : explain SELECT c FROM sbtest8 WHERE id=3369765
	Index Scan using sbtest8_pkey on sbtest8  (cost=0.43..8.45 rows=1 width=121)
	  Index Cond: (id = 3369765)

for: simple_ranges
table 1 : explain SELECT c FROM sbtest1 WHERE id BETWEEN 6397195 AND 6398194
	Bitmap Heap Scan on sbtest1  (cost=27.99..4338.14 rows=1127 width=121)
	  Recheck Cond: ((id >= 6397195) AND (id <= 6398194))
	  ->  Bitmap Index Scan on sbtest1_pkey  (cost=0.00..27.70 rows=1127 width=0)
	        Index Cond: ((id >= 6397195) AND (id <= 6398194))

table 2 : explain SELECT c FROM sbtest2 WHERE id BETWEEN 7369202 AND 7370201
	Bitmap Heap Scan on sbtest2  (cost=22.22..3691.96 rows=955 width=121)
	  Recheck Cond: ((id >= 7369202) AND (id <= 7370201))
	  ->  Bitmap Index Scan on sbtest2_pkey  (cost=0.00..21.98 rows=955 width=0)
	        Index Cond: ((id >= 7369202) AND (id <= 7370201))

table 3 : explain SELECT c FROM sbtest3 WHERE id BETWEEN 3267292 AND 3268291
	Bitmap Heap Scan on sbtest3  (cost=23.60..4194.34 rows=1089 width=121)
	  Recheck Cond: ((id >= 3267292) AND (id <= 3268291))
	  ->  Bitmap Index Scan on sbtest3_pkey  (cost=0.00..23.32 rows=1089 width=0)
	        Index Cond: ((id >= 3267292) AND (id <= 3268291))

table 4 : explain SELECT c FROM sbtest4 WHERE id BETWEEN 3133684 AND 3134683
	Bitmap Heap Scan on sbtest4  (cost=23.22..4056.25 rows=1052 width=121)
	  Recheck Cond: ((id >= 3133684) AND (id <= 3134683))
	  ->  Bitmap Index Scan on sbtest4_pkey  (cost=0.00..22.95 rows=1052 width=0)
	        Index Cond: ((id >= 3133684) AND (id <= 3134683))

table 5 : explain SELECT c FROM sbtest5 WHERE id BETWEEN 7829802 AND 7830801
	Bitmap Heap Scan on sbtest5  (cost=27.27..4080.10 rows=1057 width=121)
	  Recheck Cond: ((id >= 7829802) AND (id <= 7830801))
	  ->  Bitmap Index Scan on sbtest5_pkey  (cost=0.00..27.00 rows=1057 width=0)
	        Index Cond: ((id >= 7829802) AND (id <= 7830801))

table 6 : explain SELECT c FROM sbtest6 WHERE id BETWEEN 3209493 AND 3210492
	Bitmap Heap Scan on sbtest6  (cost=22.37..3744.05 rows=969 width=121)
	  Recheck Cond: ((id >= 3209493) AND (id <= 3210492))
	  ->  Bitmap Index Scan on sbtest6_pkey  (cost=0.00..22.12 rows=969 width=0)
	        Index Cond: ((id >= 3209493) AND (id <= 3210492))

table 7 : explain SELECT c FROM sbtest7 WHERE id BETWEEN 3598970 AND 3599969
	Bitmap Heap Scan on sbtest7  (cost=22.48..3785.47 rows=980 width=121)
	  Recheck Cond: ((id >= 3598970) AND (id <= 3599969))
	  ->  Bitmap Index Scan on sbtest7_pkey  (cost=0.00..22.23 rows=980 width=0)
	        Index Cond: ((id >= 3598970) AND (id <= 3599969))

table 8 : explain SELECT c FROM sbtest8 WHERE id BETWEEN 3789829 AND 3790828
	Bitmap Heap Scan on sbtest8  (cost=22.26..3706.58 rows=959 width=121)
	  Recheck Cond: ((id >= 3789829) AND (id <= 3790828))
	  ->  Bitmap Index Scan on sbtest8_pkey  (cost=0.00..22.02 rows=959 width=0)
	        Index Cond: ((id >= 3789829) AND (id <= 3790828))

for point_selects
table 1 : explain SELECT c FROM sbtest1 WHERE id=9924554
	Index Scan using sbtest1_pkey on sbtest1  (cost=0.43..8.45 rows=1 width=121)
	  Index Cond: (id = 9924554)

table 2 : explain SELECT c FROM sbtest2 WHERE id=8634931
	Index Scan using sbtest2_pkey on sbtest2  (cost=0.43..8.45 rows=1 width=121)
	  Index Cond: (id = 8634931)

table 3 : explain SELECT c FROM sbtest3 WHERE id=3868993
	Index Scan using sbtest3_pkey on sbtest3  (cost=0.43..8.45 rows=1 width=121)
	  Index Cond: (id = 3868993)

table 4 : explain SELECT c FROM sbtest4 WHERE id=835079
	Index Scan using sbtest4_pkey on sbtest4  (cost=0.43..8.45 rows=1 width=121)
	  Index Cond: (id = 835079)

table 5 : explain SELECT c FROM sbtest5 WHERE id=122502
	Index Scan using sbtest5_pkey on sbtest5  (cost=0.43..8.45 rows=1 width=121)
	  Index Cond: (id = 122502)

table 6 : explain SELECT c FROM sbtest6 WHERE id=7435475
	Index Scan using sbtest6_pkey on sbtest6  (cost=0.43..8.45 rows=1 width=121)
	  Index Cond: (id = 7435475)

table 7 : explain SELECT c FROM sbtest7 WHERE id=60341
	Index Scan using sbtest7_pkey on sbtest7  (cost=0.43..8.45 rows=1 width=121)
	  Index Cond: (id = 60341)

table 8 : explain SELECT c FROM sbtest8 WHERE id=8973018
	Index Scan using sbtest8_pkey on sbtest8  (cost=0.43..8.45 rows=1 width=121)
	  Index Cond: (id = 8973018)

for: order_ranges
table 1 : explain SELECT c FROM sbtest1 WHERE id BETWEEN 4521124 AND 4522123 ORDER BY c
	Sort  (cost=3795.77..3798.19 rows=970 width=121)
	  Sort Key: c
	  ->  Bitmap Heap Scan on sbtest1  (cost=22.38..3747.65 rows=970 width=121)
	        Recheck Cond: ((id >= 4521124) AND (id <= 4522123))
	        ->  Bitmap Index Scan on sbtest1_pkey  (cost=0.00..22.14 rows=970 width=0)
	              Index Cond: ((id >= 4521124) AND (id <= 4522123))

table 2 : explain SELECT c FROM sbtest2 WHERE id BETWEEN 8139176 AND 8140175 ORDER BY c
	Sort  (cost=4102.47..4105.10 rows=1050 width=121)
	  Sort Key: c
	  ->  Bitmap Heap Scan on sbtest2  (cost=23.20..4049.78 rows=1050 width=121)
	        Recheck Cond: ((id >= 8139176) AND (id <= 8140175))
	        ->  Bitmap Index Scan on sbtest2_pkey  (cost=0.00..22.93 rows=1050 width=0)
	              Index Cond: ((id >= 8139176) AND (id <= 8140175))

table 3 : explain SELECT c FROM sbtest3 WHERE id BETWEEN 4508532 AND 4509531 ORDER BY c
	Sort  (cost=4054.78..4057.38 rows=1038 width=121)
	  Sort Key: c
	  ->  Bitmap Heap Scan on sbtest3  (cost=23.07..4002.78 rows=1038 width=121)
	        Recheck Cond: ((id >= 4508532) AND (id <= 4509531))
	        ->  Bitmap Index Scan on sbtest3_pkey  (cost=0.00..22.82 rows=1038 width=0)
	              Index Cond: ((id >= 4508532) AND (id <= 4509531))

table 4 : explain SELECT c FROM sbtest4 WHERE id BETWEEN 884428 AND 885427 ORDER BY c
	Sort  (cost=3864.58..3867.05 rows=988 width=121)
	  Sort Key: c
	  ->  Bitmap Heap Scan on sbtest4  (cost=22.56..3815.43 rows=988 width=121)
	        Recheck Cond: ((id >= 884428) AND (id <= 885427))
	        ->  Bitmap Index Scan on sbtest4_pkey  (cost=0.00..22.32 rows=988 width=0)
	              Index Cond: ((id >= 884428) AND (id <= 885427))

table 5 : explain SELECT c FROM sbtest5 WHERE id BETWEEN 2824130 AND 2825129 ORDER BY c
	Sort  (cost=3781.34..3783.76 rows=966 width=121)
	  Sort Key: c
	  ->  Bitmap Heap Scan on sbtest5  (cost=22.34..3733.45 rows=966 width=121)
	        Recheck Cond: ((id >= 2824130) AND (id <= 2825129))
	        ->  Bitmap Index Scan on sbtest5_pkey  (cost=0.00..22.09 rows=966 width=0)
	              Index Cond: ((id >= 2824130) AND (id <= 2825129))

table 6 : explain SELECT c FROM sbtest6 WHERE id BETWEEN 4862959 AND 4863958 ORDER BY c
	Sort  (cost=3569.96..3572.24 rows=911 width=121)
	  Sort Key: c
	  ->  Bitmap Heap Scan on sbtest6  (cost=21.77..3525.18 rows=911 width=121)
	        Recheck Cond: ((id >= 4862959) AND (id <= 4863958))
	        ->  Bitmap Index Scan on sbtest6_pkey  (cost=0.00..21.54 rows=911 width=0)
	              Index Cond: ((id >= 4862959) AND (id <= 4863958))

table 7 : explain SELECT c FROM sbtest7 WHERE id BETWEEN 1486962 AND 1487961 ORDER BY c
	Sort  (cost=3765.29..3767.69 rows=962 width=121)
	  Sort Key: c
	  ->  Bitmap Heap Scan on sbtest7  (cost=22.30..3717.62 rows=962 width=121)
	        Recheck Cond: ((id >= 1486962) AND (id <= 1487961))
	        ->  Bitmap Index Scan on sbtest7_pkey  (cost=0.00..22.05 rows=962 width=0)
	              Index Cond: ((id >= 1486962) AND (id <= 1487961))

table 8 : explain SELECT c FROM sbtest8 WHERE id BETWEEN 6063675 AND 6064674 ORDER BY c
	Sort  (cost=3945.34..3947.86 rows=1009 width=121)
	  Sort Key: c
	  ->  Bitmap Heap Scan on sbtest8  (cost=22.78..3894.99 rows=1009 width=121)
	        Recheck Cond: ((id >= 6063675) AND (id <= 6064674))
	        ->  Bitmap Index Scan on sbtest8_pkey  (cost=0.00..22.52 rows=1009 width=0)
	              Index Cond: ((id >= 6063675) AND (id <= 6064674))

explain: for point_selects :: explain SELECT c FROM sbtest%u WHERE id=%u
for: order_ranges
table 1 : explain SELECT c FROM sbtest1 WHERE id BETWEEN 6877699 AND 6878698 ORDER BY c
	Sort  (cost=4044.21..4046.80 rows=1035 width=121)
	  Sort Key: c
	  ->  Bitmap Heap Scan on sbtest1  (cost=23.04..3992.38 rows=1035 width=121)
	        Recheck Cond: ((id >= 6877699) AND (id <= 6878698))
	        ->  Bitmap Index Scan on sbtest1_pkey  (cost=0.00..22.79 rows=1035 width=0)
	              Index Cond: ((id >= 6877699) AND (id <= 6878698))

table 2 : explain SELECT c FROM sbtest2 WHERE id BETWEEN 6847490 AND 6848489 ORDER BY c
	Sort  (cost=3819.62..3822.06 rows=976 width=121)
	  Sort Key: c
	  ->  Bitmap Heap Scan on sbtest2  (cost=22.44..3771.16 rows=976 width=121)
	        Recheck Cond: ((id >= 6847490) AND (id <= 6848489))
	        ->  Bitmap Index Scan on sbtest2_pkey  (cost=0.00..22.19 rows=976 width=0)
	              Index Cond: ((id >= 6847490) AND (id <= 6848489))

table 3 : explain SELECT c FROM sbtest3 WHERE id BETWEEN 8285659 AND 8286658 ORDER BY c
	Sort  (cost=4112.02..4114.65 rows=1053 width=121)
	  Sort Key: c
	  ->  Bitmap Heap Scan on sbtest3  (cost=23.23..4059.16 rows=1053 width=121)
	        Recheck Cond: ((id >= 8285659) AND (id <= 8286658))
	        ->  Bitmap Index Scan on sbtest3_pkey  (cost=0.00..22.96 rows=1053 width=0)
	              Index Cond: ((id >= 8285659) AND (id <= 8286658))

table 4 : explain SELECT c FROM sbtest4 WHERE id BETWEEN 6145307 AND 6146306 ORDER BY c
	Sort  (cost=4074.71..4077.31 rows=1043 width=121)
	  Sort Key: c
	  ->  Bitmap Heap Scan on sbtest4  (cost=23.13..4022.42 rows=1043 width=121)
	        Recheck Cond: ((id >= 6145307) AND (id <= 6146306))
	        ->  Bitmap Index Scan on sbtest4_pkey  (cost=0.00..22.86 rows=1043 width=0)
	              Index Cond: ((id >= 6145307) AND (id <= 6146306))

table 5 : explain SELECT c FROM sbtest5 WHERE id BETWEEN 1125910 AND 1126909 ORDER BY c
	Sort  (cost=3915.43..3917.93 rows=1000 width=121)
	  Sort Key: c
	  ->  Bitmap Heap Scan on sbtest5  (cost=26.68..3865.60 rows=1000 width=121)
	        Recheck Cond: ((id >= 1125910) AND (id <= 1126909))
	        ->  Bitmap Index Scan on sbtest5_pkey  (cost=0.00..26.43 rows=1000 width=0)
	              Index Cond: ((id >= 1125910) AND (id <= 1126909))

table 6 : explain SELECT c FROM sbtest6 WHERE id BETWEEN 198793 AND 199792 ORDER BY c
	Sort  (cost=3887.74..3890.22 rows=994 width=121)
	  Sort Key: c
	  ->  Bitmap Heap Scan on sbtest6  (cost=22.62..3838.25 rows=994 width=121)
	        Recheck Cond: ((id >= 198793) AND (id <= 199792))
	        ->  Bitmap Index Scan on sbtest6_pkey  (cost=0.00..22.37 rows=994 width=0)
	              Index Cond: ((id >= 198793) AND (id <= 199792))

table 7 : explain SELECT c FROM sbtest7 WHERE id BETWEEN 6598854 AND 6599853 ORDER BY c
	Sort  (cost=4162.68..4165.34 rows=1066 width=121)
	  Sort Key: c
	  ->  Bitmap Heap Scan on sbtest7  (cost=23.36..4109.07 rows=1066 width=121)
	        Recheck Cond: ((id >= 6598854) AND (id <= 6599853))
	        ->  Bitmap Index Scan on sbtest7_pkey  (cost=0.00..23.09 rows=1066 width=0)
	              Index Cond: ((id >= 6598854) AND (id <= 6599853))

table 8 : explain SELECT c FROM sbtest8 WHERE id BETWEEN 9258854 AND 9259853 ORDER BY c
	Sort  (cost=3899.46..3901.96 rows=997 width=121)
	  Sort Key: c
	  ->  Bitmap Heap Scan on sbtest8  (cost=22.65..3849.81 rows=997 width=121)
	        Recheck Cond: ((id >= 9258854) AND (id <= 9259853))
	        ->  Bitmap Index Scan on sbtest8_pkey  (cost=0.00..22.40 rows=997 width=0)
	              Index Cond: ((id >= 9258854) AND (id <= 9259853))

for: distinct_ranges
table 1 : explain SELECT DISTINCT c FROM sbtest1 WHERE id BETWEEN 3526427 AND 3527426 ORDER BY c
	Unique  (cost=4189.22..4194.59 rows=1073 width=121)
	  ->  Sort  (cost=4189.22..4191.90 rows=1073 width=121)
	        Sort Key: c
	        ->  Bitmap Heap Scan on sbtest1  (cost=23.43..4135.21 rows=1073 width=121)
	              Recheck Cond: ((id >= 3526427) AND (id <= 3527426))
	              ->  Bitmap Index Scan on sbtest1_pkey  (cost=0.00..23.16 rows=1073 width=0)
	                    Index Cond: ((id >= 3526427) AND (id <= 3527426))

table 2 : explain SELECT DISTINCT c FROM sbtest2 WHERE id BETWEEN 2659442 AND 2660441 ORDER BY c
	Unique  (cost=3942.02..3947.06 rows=1008 width=121)
	  ->  Sort  (cost=3942.02..3944.54 rows=1008 width=121)
	        Sort Key: c
	        ->  Bitmap Heap Scan on sbtest2  (cost=22.77..3891.73 rows=1008 width=121)
	              Recheck Cond: ((id >= 2659442) AND (id <= 2660441))
	              ->  Bitmap Index Scan on sbtest2_pkey  (cost=0.00..22.51 rows=1008 width=0)
	                    Index Cond: ((id >= 2659442) AND (id <= 2660441))

table 3 : explain SELECT DISTINCT c FROM sbtest3 WHERE id BETWEEN 1009387 AND 1010386 ORDER BY c
	Unique  (cost=4001.34..4006.46 rows=1024 width=121)
	  ->  Sort  (cost=4001.34..4003.90 rows=1024 width=121)
	        Sort Key: c
	        ->  Bitmap Heap Scan on sbtest3  (cost=22.93..3950.14 rows=1024 width=121)
	              Recheck Cond: ((id >= 1009387) AND (id <= 1010386))
	              ->  Bitmap Index Scan on sbtest3_pkey  (cost=0.00..22.68 rows=1024 width=0)
	                    Index Cond: ((id >= 1009387) AND (id <= 1010386))

table 4 : explain SELECT DISTINCT c FROM sbtest4 WHERE id BETWEEN 4186718 AND 4187717 ORDER BY c
	Unique  (cost=4021.25..4026.40 rows=1029 width=121)
	  ->  Sort  (cost=4021.25..4023.83 rows=1029 width=121)
	        Sort Key: c
	        ->  Bitmap Heap Scan on sbtest4  (cost=22.98..3969.77 rows=1029 width=121)
	              Recheck Cond: ((id >= 4186718) AND (id <= 4187717))
	              ->  Bitmap Index Scan on sbtest4_pkey  (cost=0.00..22.72 rows=1029 width=0)
	                    Index Cond: ((id >= 4186718) AND (id <= 4187717))

table 5 : explain SELECT DISTINCT c FROM sbtest5 WHERE id BETWEEN 9211642 AND 9212641 ORDER BY c
	Unique  (cost=3681.77..3686.47 rows=940 width=121)
	  ->  Sort  (cost=3681.77..3684.12 rows=940 width=121)
	        Sort Key: c
	        ->  Bitmap Heap Scan on sbtest5  (cost=22.07..3635.35 rows=940 width=121)
	              Recheck Cond: ((id >= 9211642) AND (id <= 9212641))
	              ->  Bitmap Index Scan on sbtest5_pkey  (cost=0.00..21.83 rows=940 width=0)
	                    Index Cond: ((id >= 9211642) AND (id <= 9212641))

table 6 : explain SELECT DISTINCT c FROM sbtest6 WHERE id BETWEEN 418794 AND 419793 ORDER BY c
	Unique  (cost=3558.46..3563.00 rows=908 width=121)
	  ->  Sort  (cost=3558.46..3560.73 rows=908 width=121)
	        Sort Key: c
	        ->  Bitmap Heap Scan on sbtest6  (cost=21.74..3513.84 rows=908 width=121)
	              Recheck Cond: ((id >= 418794) AND (id <= 419793))
	              ->  Bitmap Index Scan on sbtest6_pkey  (cost=0.00..21.51 rows=908 width=0)
	                    Index Cond: ((id >= 418794) AND (id <= 419793))

table 7 : explain SELECT DISTINCT c FROM sbtest7 WHERE id BETWEEN 4603101 AND 4604100 ORDER BY c
	Unique  (cost=3669.56..3674.25 rows=937 width=121)
	  ->  Sort  (cost=3669.56..3671.91 rows=937 width=121)
	        Sort Key: c
	        ->  Bitmap Heap Scan on sbtest7  (cost=22.04..3623.31 rows=937 width=121)
	              Recheck Cond: ((id >= 4603101) AND (id <= 4604100))
	              ->  Bitmap Index Scan on sbtest7_pkey  (cost=0.00..21.80 rows=937 width=0)
	                    Index Cond: ((id >= 4603101) AND (id <= 4604100))

table 8 : explain SELECT DISTINCT c FROM sbtest8 WHERE id BETWEEN 2773406 AND 2774405 ORDER BY c
	Unique  (cost=3910.93..3915.93 rows=1000 width=121)
	  ->  Sort  (cost=3910.93..3913.43 rows=1000 width=121)
	        Sort Key: c
	        ->  Bitmap Heap Scan on sbtest8  (cost=22.68..3861.10 rows=1000 width=121)
	              Recheck Cond: ((id >= 2773406) AND (id <= 2774405))
	              ->  Bitmap Index Scan on sbtest8_pkey  (cost=0.00..22.43 rows=1000 width=0)
	                    Index Cond: ((id >= 2773406) AND (id <= 2774405))

for: sum_ranges
table 1 : explain SELECT SUM(k) FROM sbtest1 WHERE id BETWEEN 5116432 AND 5117431
	Aggregate  (cost=3802.87..3802.88 rows=1 width=8)
	  ->  Bitmap Heap Scan on sbtest1  (cost=22.52..3800.41 rows=984 width=4)
	        Recheck Cond: ((id >= 5116432) AND (id <= 5117431))
	        ->  Bitmap Index Scan on sbtest1_pkey  (cost=0.00..22.27 rows=984 width=0)
	              Index Cond: ((id >= 5116432) AND (id <= 5117431))

table 2 : explain SELECT SUM(k) FROM sbtest2 WHERE id BETWEEN 2051035 AND 2052034
	Aggregate  (cost=3720.77..3720.78 rows=1 width=8)
	  ->  Bitmap Heap Scan on sbtest2  (cost=22.30..3718.37 rows=962 width=4)
	        Recheck Cond: ((id >= 2051035) AND (id <= 2052034))
	        ->  Bitmap Index Scan on sbtest2_pkey  (cost=0.00..22.05 rows=962 width=0)
	              Index Cond: ((id >= 2051035) AND (id <= 2052034))

table 3 : explain SELECT SUM(k) FROM sbtest3 WHERE id BETWEEN 3694495 AND 3695494
	Aggregate  (cost=4065.55..4065.56 rows=1 width=8)
	  ->  Bitmap Heap Scan on sbtest3  (cost=23.24..4062.91 rows=1054 width=4)
	        Recheck Cond: ((id >= 3694495) AND (id <= 3695494))
	        ->  Bitmap Index Scan on sbtest3_pkey  (cost=0.00..22.97 rows=1054 width=0)
	              Index Cond: ((id >= 3694495) AND (id <= 3695494))

table 4 : explain SELECT SUM(k) FROM sbtest4 WHERE id BETWEEN 6417209 AND 6418208
	Aggregate  (cost=4025.02..4025.03 rows=1 width=8)
	  ->  Bitmap Heap Scan on sbtest4  (cost=23.13..4022.42 rows=1043 width=4)
	        Recheck Cond: ((id >= 6417209) AND (id <= 6418208))
	        ->  Bitmap Index Scan on sbtest4_pkey  (cost=0.00..22.86 rows=1043 width=0)
	              Index Cond: ((id >= 6417209) AND (id <= 6418208))

table 5 : explain SELECT SUM(k) FROM sbtest5 WHERE id BETWEEN 5638741 AND 5639740
	Aggregate  (cost=4450.86..4450.87 rows=1 width=8)
	  ->  Bitmap Heap Scan on sbtest5  (cost=28.28..4447.97 rows=1156 width=4)
	        Recheck Cond: ((id >= 5638741) AND (id <= 5639740))
	        ->  Bitmap Index Scan on sbtest5_pkey  (cost=0.00..28.00 rows=1156 width=0)
	              Index Cond: ((id >= 5638741) AND (id <= 5639740))

table 6 : explain SELECT SUM(k) FROM sbtest6 WHERE id BETWEEN 2011779 AND 2012778
	Aggregate  (cost=3648.35..3648.36 rows=1 width=8)
	  ->  Bitmap Heap Scan on sbtest6  (cost=22.10..3645.99 rows=943 width=4)
	        Recheck Cond: ((id >= 2011779) AND (id <= 2012778))
	        ->  Bitmap Index Scan on sbtest6_pkey  (cost=0.00..21.86 rows=943 width=0)
	              Index Cond: ((id >= 2011779) AND (id <= 2012778))

table 7 : explain SELECT SUM(k) FROM sbtest7 WHERE id BETWEEN 8770761 AND 8771760
	Aggregate  (cost=3557.66..3557.67 rows=1 width=8)
	  ->  Bitmap Heap Scan on sbtest7  (cost=21.85..3555.36 rows=919 width=4)
	        Recheck Cond: ((id >= 8770761) AND (id <= 8771760))
	        ->  Bitmap Index Scan on sbtest7_pkey  (cost=0.00..21.62 rows=919 width=0)
	              Index Cond: ((id >= 8770761) AND (id <= 8771760))

table 8 : explain SELECT SUM(k) FROM sbtest8 WHERE id BETWEEN 5954855 AND 5955854
	Aggregate  (cost=3935.19..3935.20 rows=1 width=8)
	  ->  Bitmap Heap Scan on sbtest8  (cost=22.88..3932.64 rows=1019 width=4)
	        Recheck Cond: ((id >= 5954855) AND (id <= 5955854))
	        ->  Bitmap Index Scan on sbtest8_pkey  (cost=0.00..22.62 rows=1019 width=0)
	              Index Cond: ((id >= 5954855) AND (id <= 5955854))

for: simple_ranges
table 1 : explain SELECT c FROM sbtest1 WHERE id BETWEEN 7148367 AND 7149366
	Bitmap Heap Scan on sbtest1  (cost=22.35..3736.34 rows=967 width=121)
	  Recheck Cond: ((id >= 7148367) AND (id <= 7149366))
	  ->  Bitmap Index Scan on sbtest1_pkey  (cost=0.00..22.11 rows=967 width=0)
	        Index Cond: ((id >= 7148367) AND (id <= 7149366))

table 2 : explain SELECT c FROM sbtest2 WHERE id BETWEEN 5335456 AND 5336455
	Bitmap Heap Scan on sbtest2  (cost=27.55..4181.57 rows=1084 width=121)
	  Recheck Cond: ((id >= 5335456) AND (id <= 5336455))
	  ->  Bitmap Index Scan on sbtest2_pkey  (cost=0.00..27.27 rows=1084 width=0)
	        Index Cond: ((id >= 5335456) AND (id <= 5336455))

table 3 : explain SELECT c FROM sbtest3 WHERE id BETWEEN 2246270 AND 2247269
	Bitmap Heap Scan on sbtest3  (cost=22.39..3750.62 rows=971 width=121)
	  Recheck Cond: ((id >= 2246270) AND (id <= 2247269))
	  ->  Bitmap Index Scan on sbtest3_pkey  (cost=0.00..22.14 rows=971 width=0)
	        Index Cond: ((id >= 2246270) AND (id <= 2247269))

table 4 : explain SELECT c FROM sbtest4 WHERE id BETWEEN 9986623 AND 9987622
	Bitmap Heap Scan on sbtest4  (cost=22.04..3623.14 rows=937 width=121)
	  Recheck Cond: ((id >= 9986623) AND (id <= 9987622))
	  ->  Bitmap Index Scan on sbtest4_pkey  (cost=0.00..21.80 rows=937 width=0)
	        Index Cond: ((id >= 9986623) AND (id <= 9987622))

table 5 : explain SELECT c FROM sbtest5 WHERE id BETWEEN 5997664 AND 5998663
	Bitmap Heap Scan on sbtest5  (cost=22.48..3786.24 rows=980 width=121)
	  Recheck Cond: ((id >= 5997664) AND (id <= 5998663))
	  ->  Bitmap Index Scan on sbtest5_pkey  (cost=0.00..22.23 rows=980 width=0)
	        Index Cond: ((id >= 5997664) AND (id <= 5998663))

table 6 : explain SELECT c FROM sbtest6 WHERE id BETWEEN 1512436 AND 1513435
	Bitmap Heap Scan on sbtest6  (cost=22.47..3781.74 rows=979 width=121)
	  Recheck Cond: ((id >= 1512436) AND (id <= 1513435))
	  ->  Bitmap Index Scan on sbtest6_pkey  (cost=0.00..22.22 rows=979 width=0)
	        Index Cond: ((id >= 1512436) AND (id <= 1513435))

table 7 : explain SELECT c FROM sbtest7 WHERE id BETWEEN 3269973 AND 3270972
	Bitmap Heap Scan on sbtest7  (cost=21.83..3547.81 rows=917 width=121)
	  Recheck Cond: ((id >= 3269973) AND (id <= 3270972))
	  ->  Bitmap Index Scan on sbtest7_pkey  (cost=0.00..21.61 rows=917 width=0)
	        Index Cond: ((id >= 3269973) AND (id <= 3270972))

table 8 : explain SELECT c FROM sbtest8 WHERE id BETWEEN 9273457 AND 9274456
	Bitmap Heap Scan on sbtest8  (cost=22.65..3849.81 rows=997 width=121)
	  Recheck Cond: ((id >= 9273457) AND (id <= 9274456))
	  ->  Bitmap Index Scan on sbtest8_pkey  (cost=0.00..22.40 rows=997 width=0)
	        Index Cond: ((id >= 9273457) AND (id <= 9274456))

for: simple_ranges
table 1 : explain SELECT c FROM sbtest1 WHERE id BETWEEN 3109544 AND 3110543
	Bitmap Heap Scan on sbtest1  (cost=22.16..3668.46 rows=949 width=121)
	  Recheck Cond: ((id >= 3109544) AND (id <= 3110543))
	  ->  Bitmap Index Scan on sbtest1_pkey  (cost=0.00..21.93 rows=949 width=0)
	        Index Cond: ((id >= 3109544) AND (id <= 3110543))

table 2 : explain SELECT c FROM sbtest2 WHERE id BETWEEN 4919657 AND 4920656
	Bitmap Heap Scan on sbtest2  (cost=22.39..3752.31 rows=971 width=121)
	  Recheck Cond: ((id >= 4919657) AND (id <= 4920656))
	  ->  Bitmap Index Scan on sbtest2_pkey  (cost=0.00..22.14 rows=971 width=0)
	        Index Cond: ((id >= 4919657) AND (id <= 4920656))

table 3 : explain SELECT c FROM sbtest3 WHERE id BETWEEN 9690745 AND 9691744
	Bitmap Heap Scan on sbtest3  (cost=22.91..3942.62 rows=1022 width=121)
	  Recheck Cond: ((id >= 9690745) AND (id <= 9691744))
	  ->  Bitmap Index Scan on sbtest3_pkey  (cost=0.00..22.65 rows=1022 width=0)
	        Index Cond: ((id >= 9690745) AND (id <= 9691744))

table 4 : explain SELECT c FROM sbtest4 WHERE id BETWEEN 8438787 AND 8439786
	Bitmap Heap Scan on sbtest4  (cost=22.72..3871.92 rows=1003 width=121)
	  Recheck Cond: ((id >= 8438787) AND (id <= 8439786))
	  ->  Bitmap Index Scan on sbtest4_pkey  (cost=0.00..22.46 rows=1003 width=0)
	        Index Cond: ((id >= 8438787) AND (id <= 8439786))

table 5 : explain SELECT c FROM sbtest5 WHERE id BETWEEN 7244479 AND 7245478
	Bitmap Heap Scan on sbtest5  (cost=26.65..3854.30 rows=997 width=121)
	  Recheck Cond: ((id >= 7244479) AND (id <= 7245478))
	  ->  Bitmap Index Scan on sbtest5_pkey  (cost=0.00..26.40 rows=997 width=0)
	        Index Cond: ((id >= 7244479) AND (id <= 7245478))

table 6 : explain SELECT c FROM sbtest6 WHERE id BETWEEN 4095887 AND 4096886
	Bitmap Heap Scan on sbtest6  (cost=22.04..3623.35 rows=937 width=121)
	  Recheck Cond: ((id >= 4095887) AND (id <= 4096886))
	  ->  Bitmap Index Scan on sbtest6_pkey  (cost=0.00..21.80 rows=937 width=0)
	        Index Cond: ((id >= 4095887) AND (id <= 4096886))

table 7 : explain SELECT c FROM sbtest7 WHERE id BETWEEN 6972099 AND 6973098
	Bitmap Heap Scan on sbtest7  (cost=22.79..3898.46 rows=1010 width=121)
	  Recheck Cond: ((id >= 6972099) AND (id <= 6973098))
	  ->  Bitmap Index Scan on sbtest7_pkey  (cost=0.00..22.54 rows=1010 width=0)
	        Index Cond: ((id >= 6972099) AND (id <= 6973098))

table 8 : explain SELECT c FROM sbtest8 WHERE id BETWEEN 4371022 AND 4372021
	Bitmap Heap Scan on sbtest8  (cost=21.66..3483.83 rows=900 width=121)
	  Recheck Cond: ((id >= 4371022) AND (id <= 4372021))
	  ->  Bitmap Index Scan on sbtest8_pkey  (cost=0.00..21.43 rows=900 width=0)
	        Index Cond: ((id >= 4371022) AND (id <= 4372021))

for: sum_ranges
table 1 : explain SELECT SUM(k) FROM sbtest1 WHERE id BETWEEN 4776657 AND 4777656
	Aggregate  (cost=3829.25..3829.26 rows=1 width=8)
	  ->  Bitmap Heap Scan on sbtest1  (cost=22.59..3826.78 rows=991 width=4)
	        Recheck Cond: ((id >= 4776657) AND (id <= 4777656))
	        ->  Bitmap Index Scan on sbtest1_pkey  (cost=0.00..22.34 rows=991 width=0)
	              Index Cond: ((id >= 4776657) AND (id <= 4777656))

table 2 : explain SELECT SUM(k) FROM sbtest2 WHERE id BETWEEN 1903175 AND 1904174
	Aggregate  (cost=4052.41..4052.42 rows=1 width=8)
	  ->  Bitmap Heap Scan on sbtest2  (cost=23.20..4049.78 rows=1050 width=4)
	        Recheck Cond: ((id >= 1903175) AND (id <= 1904174))
	        ->  Bitmap Index Scan on sbtest2_pkey  (cost=0.00..22.93 rows=1050 width=0)
	              Index Cond: ((id >= 1903175) AND (id <= 1904174))

table 3 : explain SELECT SUM(k) FROM sbtest3 WHERE id BETWEEN 2629738 AND 2630737
	Aggregate  (cost=4103.14..4103.15 rows=1 width=8)
	  ->  Bitmap Heap Scan on sbtest3  (cost=23.34..4100.48 rows=1064 width=4)
	        Recheck Cond: ((id >= 2629738) AND (id <= 2630737))
	        ->  Bitmap Index Scan on sbtest3_pkey  (cost=0.00..23.07 rows=1064 width=0)
	              Index Cond: ((id >= 2629738) AND (id <= 2630737))

table 4 : explain SELECT SUM(k) FROM sbtest4 WHERE id BETWEEN 1377623 AND 1378622
	Aggregate  (cost=3746.26..3746.27 rows=1 width=8)
	  ->  Bitmap Heap Scan on sbtest4  (cost=22.37..3743.83 rows=969 width=4)
	        Recheck Cond: ((id >= 1377623) AND (id <= 1378622))
	        ->  Bitmap Index Scan on sbtest4_pkey  (cost=0.00..22.12 rows=969 width=0)
	              Index Cond: ((id >= 1377623) AND (id <= 1378622))

table 5 : explain SELECT SUM(k) FROM sbtest5 WHERE id BETWEEN 3652815 AND 3653814
	Aggregate  (cost=4101.55..4101.56 rows=1 width=8)
	  ->  Bitmap Heap Scan on sbtest5  (cost=27.32..4098.90 rows=1062 width=4)
	        Recheck Cond: ((id >= 3652815) AND (id <= 3653814))
	        ->  Bitmap Index Scan on sbtest5_pkey  (cost=0.00..27.05 rows=1062 width=0)
	              Index Cond: ((id >= 3652815) AND (id <= 3653814))

table 6 : explain SELECT SUM(k) FROM sbtest6 WHERE id BETWEEN 8386187 AND 8387186
	Aggregate  (cost=3983.87..3983.88 rows=1 width=8)
	  ->  Bitmap Heap Scan on sbtest6  (cost=23.01..3981.29 rows=1032 width=4)
	        Recheck Cond: ((id >= 8386187) AND (id <= 8387186))
	        ->  Bitmap Index Scan on sbtest6_pkey  (cost=0.00..22.75 rows=1032 width=0)
	              Index Cond: ((id >= 8386187) AND (id <= 8387186))

table 7 : explain SELECT SUM(k) FROM sbtest7 WHERE id BETWEEN 2817868 AND 2818867
	Aggregate  (cost=3818.08..3818.09 rows=1 width=8)
	  ->  Bitmap Heap Scan on sbtest7  (cost=22.56..3815.61 rows=988 width=4)
	        Recheck Cond: ((id >= 2817868) AND (id <= 2818867))
	        ->  Bitmap Index Scan on sbtest7_pkey  (cost=0.00..22.32 rows=988 width=0)
	              Index Cond: ((id >= 2817868) AND (id <= 2818867))

table 8 : explain SELECT SUM(k) FROM sbtest8 WHERE id BETWEEN 6838454 AND 6839453
	Aggregate  (cost=4048.11..4048.12 rows=1 width=8)
	  ->  Bitmap Heap Scan on sbtest8  (cost=23.19..4045.49 rows=1049 width=4)
	        Recheck Cond: ((id >= 6838454) AND (id <= 6839453))
	        ->  Bitmap Index Scan on sbtest8_pkey  (cost=0.00..22.93 rows=1049 width=0)
	              Index Cond: ((id >= 6838454) AND (id <= 6839453))

for: distinct_ranges
table 1 : explain SELECT DISTINCT c FROM sbtest1 WHERE id BETWEEN 9540743 AND 9541742 ORDER BY c
	Unique  (cost=3990.75..3995.85 rows=1021 width=121)
	  ->  Sort  (cost=3990.75..3993.30 rows=1021 width=121)
	        Sort Key: c
	        ->  Bitmap Heap Scan on sbtest1  (cost=22.90..3939.72 rows=1021 width=121)
	              Recheck Cond: ((id >= 9540743) AND (id <= 9541742))
	              ->  Bitmap Index Scan on sbtest1_pkey  (cost=0.00..22.64 rows=1021 width=0)
	                    Index Cond: ((id >= 9540743) AND (id <= 9541742))

table 2 : explain SELECT DISTINCT c FROM sbtest2 WHERE id BETWEEN 6365628 AND 6366627 ORDER BY c
	Unique  (cost=3842.58..3847.49 rows=982 width=121)
	  ->  Sort  (cost=3842.58..3845.03 rows=982 width=121)
	        Sort Key: c
	        ->  Bitmap Heap Scan on sbtest2  (cost=22.50..3793.78 rows=982 width=121)
	              Recheck Cond: ((id >= 6365628) AND (id <= 6366627))
	              ->  Bitmap Index Scan on sbtest2_pkey  (cost=0.00..22.25 rows=982 width=0)
	                    Index Cond: ((id >= 6365628) AND (id <= 6366627))

table 3 : explain SELECT DISTINCT c FROM sbtest3 WHERE id BETWEEN 8663378 AND 8664377 ORDER BY c
	Unique  (cost=3645.70..3650.36 rows=931 width=121)
	  ->  Sort  (cost=3645.70..3648.03 rows=931 width=121)
	        Sort Key: c
	        ->  Bitmap Heap Scan on sbtest3  (cost=21.98..3599.79 rows=931 width=121)
	              Recheck Cond: ((id >= 8663378) AND (id <= 8664377))
	              ->  Bitmap Index Scan on sbtest3_pkey  (cost=0.00..21.75 rows=931 width=0)
	                    Index Cond: ((id >= 8663378) AND (id <= 8664377))

table 4 : explain SELECT DISTINCT c FROM sbtest4 WHERE id BETWEEN 1837585 AND 1838584 ORDER BY c
	Unique  (cost=3841.63..3846.54 rows=982 width=121)
	  ->  Sort  (cost=3841.63..3844.08 rows=982 width=121)
	        Sort Key: c
	        ->  Bitmap Heap Scan on sbtest4  (cost=22.50..3792.83 rows=982 width=121)
	              Recheck Cond: ((id >= 1837585) AND (id <= 1838584))
	              ->  Bitmap Index Scan on sbtest4_pkey  (cost=0.00..22.25 rows=982 width=0)
	                    Index Cond: ((id >= 1837585) AND (id <= 1838584))

table 5 : explain SELECT DISTINCT c FROM sbtest5 WHERE id BETWEEN 7475717 AND 7476716 ORDER BY c
	Unique  (cost=3524.58..3529.07 rows=899 width=121)
	  ->  Sort  (cost=3524.58..3526.83 rows=899 width=121)
	        Sort Key: c
	        ->  Bitmap Heap Scan on sbtest5  (cost=21.65..3480.47 rows=899 width=121)
	              Recheck Cond: ((id >= 7475717) AND (id <= 7476716))
	              ->  Bitmap Index Scan on sbtest5_pkey  (cost=0.00..21.43 rows=899 width=0)
	                    Index Cond: ((id >= 7475717) AND (id <= 7476716))

table 6 : explain SELECT DISTINCT c FROM sbtest6 WHERE id BETWEEN 3745557 AND 3746556 ORDER BY c
	Unique  (cost=3734.70..3739.47 rows=954 width=121)
	  ->  Sort  (cost=3734.70..3737.09 rows=954 width=121)
	        Sort Key: c
	        ->  Bitmap Heap Scan on sbtest6  (cost=22.21..3687.49 rows=954 width=121)
	              Recheck Cond: ((id >= 3745557) AND (id <= 3746556))
	              ->  Bitmap Index Scan on sbtest6_pkey  (cost=0.00..21.97 rows=954 width=0)
	                    Index Cond: ((id >= 3745557) AND (id <= 3746556))

table 7 : explain SELECT DISTINCT c FROM sbtest7 WHERE id BETWEEN 8709849 AND 8710848 ORDER BY c
	Unique  (cost=3600.59..3605.19 rows=919 width=121)
	  ->  Sort  (cost=3600.59..3602.89 rows=919 width=121)
	        Sort Key: c
	        ->  Bitmap Heap Scan on sbtest7  (cost=21.85..3555.36 rows=919 width=121)
	              Recheck Cond: ((id >= 8709849) AND (id <= 8710848))
	              ->  Bitmap Index Scan on sbtest7_pkey  (cost=0.00..21.62 rows=919 width=0)
	                    Index Cond: ((id >= 8709849) AND (id <= 8710848))

table 8 : explain SELECT DISTINCT c FROM sbtest8 WHERE id BETWEEN 2158357 AND 2159356 ORDER BY c
	Unique  (cost=3734.94..3739.71 rows=954 width=121)
	  ->  Sort  (cost=3734.94..3737.32 rows=954 width=121)
	        Sort Key: c
	        ->  Bitmap Heap Scan on sbtest8  (cost=22.21..3687.72 rows=954 width=121)
	              Recheck Cond: ((id >= 2158357) AND (id <= 2159356))
	              ->  Bitmap Index Scan on sbtest8_pkey  (cost=0.00..21.97 rows=954 width=0)
	                    Index Cond: ((id >= 2158357) AND (id <= 2159356))

for: sum_ranges
table 1 : explain SELECT SUM(k) FROM sbtest1 WHERE id BETWEEN 6136758 AND 6137757
	Aggregate  (cost=3810.41..3810.42 rows=1 width=8)
	  ->  Bitmap Heap Scan on sbtest1  (cost=22.54..3807.94 rows=986 width=4)
	        Recheck Cond: ((id >= 6136758) AND (id <= 6137757))
	        ->  Bitmap Index Scan on sbtest1_pkey  (cost=0.00..22.29 rows=986 width=0)
	              Index Cond: ((id >= 6136758) AND (id <= 6137757))

table 2 : explain SELECT SUM(k) FROM sbtest2 WHERE id BETWEEN 7132064 AND 7133063
	Aggregate  (cost=3864.10..3864.11 rows=1 width=8)
	  ->  Bitmap Heap Scan on sbtest2  (cost=22.68..3861.60 rows=1000 width=4)
	        Recheck Cond: ((id >= 7132064) AND (id <= 7133063))
	        ->  Bitmap Index Scan on sbtest2_pkey  (cost=0.00..22.43 rows=1000 width=0)
	              Index Cond: ((id >= 7132064) AND (id <= 7133063))

table 3 : explain SELECT SUM(k) FROM sbtest3 WHERE id BETWEEN 808812 AND 809811
	Aggregate  (cost=4039.23..4039.24 rows=1 width=8)
	  ->  Bitmap Heap Scan on sbtest3  (cost=23.17..4036.61 rows=1047 width=4)
	        Recheck Cond: ((id >= 808812) AND (id <= 809811))
	        ->  Bitmap Index Scan on sbtest3_pkey  (cost=0.00..22.90 rows=1047 width=0)
	              Index Cond: ((id >= 808812) AND (id <= 809811))

table 4 : explain SELECT SUM(k) FROM sbtest4 WHERE id BETWEEN 9181326 AND 9182325
	Aggregate  (cost=3481.89..3481.90 rows=1 width=8)
	  ->  Bitmap Heap Scan on sbtest4  (cost=21.65..3479.64 rows=899 width=4)
	        Recheck Cond: ((id >= 9181326) AND (id <= 9182325))
	        ->  Bitmap Index Scan on sbtest4_pkey  (cost=0.00..21.43 rows=899 width=0)
	              Index Cond: ((id >= 9181326) AND (id <= 9182325))

table 5 : explain SELECT SUM(k) FROM sbtest5 WHERE id BETWEEN 2652947 AND 2653946
	Aggregate  (cost=4033.83..4033.84 rows=1 width=8)
	  ->  Bitmap Heap Scan on sbtest5  (cost=27.14..4031.22 rows=1044 width=4)
	        Recheck Cond: ((id >= 2652947) AND (id <= 2653946))
	        ->  Bitmap Index Scan on sbtest5_pkey  (cost=0.00..26.87 rows=1044 width=0)
	              Index Cond: ((id >= 2652947) AND (id <= 2653946))

table 6 : explain SELECT SUM(k) FROM sbtest6 WHERE id BETWEEN 7040395 AND 7041394
	Aggregate  (cost=3603.03..3603.04 rows=1 width=8)
	  ->  Bitmap Heap Scan on sbtest6  (cost=21.98..3600.70 rows=931 width=4)
	        Recheck Cond: ((id >= 7040395) AND (id <= 7041394))
	        ->  Bitmap Index Scan on sbtest6_pkey  (cost=0.00..21.75 rows=931 width=0)
	              Index Cond: ((id >= 7040395) AND (id <= 7041394))

table 7 : explain SELECT SUM(k) FROM sbtest7 WHERE id BETWEEN 2406576 AND 2407575
	Aggregate  (cost=3406.39..3406.40 rows=1 width=8)
	  ->  Bitmap Heap Scan on sbtest7  (cost=21.44..3404.19 rows=879 width=4)
	        Recheck Cond: ((id >= 2406576) AND (id <= 2407575))
	        ->  Bitmap Index Scan on sbtest7_pkey  (cost=0.00..21.22 rows=879 width=0)
	              Index Cond: ((id >= 2406576) AND (id <= 2407575))

table 8 : explain SELECT SUM(k) FROM sbtest8 WHERE id BETWEEN 9121140 AND 9122139
	Aggregate  (cost=3705.21..3705.22 rows=1 width=8)
	  ->  Bitmap Heap Scan on sbtest8  (cost=22.25..3702.81 rows=958 width=4)
	        Recheck Cond: ((id >= 9121140) AND (id <= 9122139))
	        ->  Bitmap Index Scan on sbtest8_pkey  (cost=0.00..22.01 rows=958 width=0)
	              Index Cond: ((id >= 9121140) AND (id <= 9122139))

explain: for point_selects :: explain SELECT c FROM sbtest%u WHERE id=%u
for: sum_ranges
table 1 : explain SELECT SUM(k) FROM sbtest1 WHERE id BETWEEN 6504771 AND 6505770
	Aggregate  (cost=3919.68..3919.69 rows=1 width=8)
	  ->  Bitmap Heap Scan on sbtest1  (cost=22.84..3917.14 rows=1015 width=4)
	        Recheck Cond: ((id >= 6504771) AND (id <= 6505770))
	        ->  Bitmap Index Scan on sbtest1_pkey  (cost=0.00..22.58 rows=1015 width=0)
	              Index Cond: ((id >= 6504771) AND (id <= 6505770))

table 2 : explain SELECT SUM(k) FROM sbtest2 WHERE id BETWEEN 6517182 AND 6518181
	Aggregate  (cost=4007.24..4007.25 rows=1 width=8)
	  ->  Bitmap Heap Scan on sbtest2  (cost=23.07..4004.65 rows=1038 width=4)
	        Recheck Cond: ((id >= 6517182) AND (id <= 6518181))
	        ->  Bitmap Index Scan on sbtest2_pkey  (cost=0.00..22.82 rows=1038 width=0)
	              Index Cond: ((id >= 6517182) AND (id <= 6518181))

table 3 : explain SELECT SUM(k) FROM sbtest3 WHERE id BETWEEN 1956698 AND 1957697
	Aggregate  (cost=4283.68..4283.69 rows=1 width=8)
	  ->  Bitmap Heap Scan on sbtest3  (cost=27.83..4280.90 rows=1112 width=4)
	        Recheck Cond: ((id >= 1956698) AND (id <= 1957697))
	        ->  Bitmap Index Scan on sbtest3_pkey  (cost=0.00..27.55 rows=1112 width=0)
	              Index Cond: ((id >= 1956698) AND (id <= 1957697))

table 4 : explain SELECT SUM(k) FROM sbtest4 WHERE id BETWEEN 8862323 AND 8863322
	Aggregate  (cost=3542.38..3542.39 rows=1 width=8)
	  ->  Bitmap Heap Scan on sbtest4  (cost=21.81..3540.09 rows=915 width=4)
	        Recheck Cond: ((id >= 8862323) AND (id <= 8863322))
	        ->  Bitmap Index Scan on sbtest4_pkey  (cost=0.00..21.58 rows=915 width=0)
	              Index Cond: ((id >= 8862323) AND (id <= 8863322))

table 5 : explain SELECT SUM(k) FROM sbtest5 WHERE id BETWEEN 9935135 AND 9936134
	Aggregate  (cost=4165.48..4165.49 rows=1 width=8)
	  ->  Bitmap Heap Scan on sbtest5  (cost=27.49..4162.78 rows=1079 width=4)
	        Recheck Cond: ((id >= 9935135) AND (id <= 9936134))
	        ->  Bitmap Index Scan on sbtest5_pkey  (cost=0.00..27.22 rows=1079 width=0)
	              Index Cond: ((id >= 9935135) AND (id <= 9936134))

table 6 : explain SELECT SUM(k) FROM sbtest6 WHERE id BETWEEN 2842792 AND 2843791
	Aggregate  (cost=3671.00..3671.01 rows=1 width=8)
	  ->  Bitmap Heap Scan on sbtest6  (cost=22.16..3668.63 rows=949 width=4)
	        Recheck Cond: ((id >= 2842792) AND (id <= 2843791))
	        ->  Bitmap Index Scan on sbtest6_pkey  (cost=0.00..21.93 rows=949 width=0)
	              Index Cond: ((id >= 2842792) AND (id <= 2843791))

table 7 : explain SELECT SUM(k) FROM sbtest7 WHERE id BETWEEN 1226608 AND 1227607
	Aggregate  (cost=3572.77..3572.78 rows=1 width=8)
	  ->  Bitmap Heap Scan on sbtest7  (cost=21.90..3570.46 rows=923 width=4)
	        Recheck Cond: ((id >= 1226608) AND (id <= 1227607))
	        ->  Bitmap Index Scan on sbtest7_pkey  (cost=0.00..21.66 rows=923 width=0)
	              Index Cond: ((id >= 1226608) AND (id <= 1227607))

table 8 : explain SELECT SUM(k) FROM sbtest8 WHERE id BETWEEN 1955751 AND 1956750
	Aggregate  (cost=3969.08..3969.09 rows=1 width=8)
	  ->  Bitmap Heap Scan on sbtest8  (cost=22.97..3966.51 rows=1028 width=4)
	        Recheck Cond: ((id >= 1955751) AND (id <= 1956750))
	        ->  Bitmap Index Scan on sbtest8_pkey  (cost=0.00..22.71 rows=1028 width=0)
	              Index Cond: ((id >= 1955751) AND (id <= 1956750))

for: sum_ranges
table 1 : explain SELECT SUM(k) FROM sbtest1 WHERE id BETWEEN 947617 AND 948616
	Aggregate  (cost=4115.34..4115.35 rows=1 width=8)
	  ->  Bitmap Heap Scan on sbtest1  (cost=23.37..4112.67 rows=1067 width=4)
	        Recheck Cond: ((id >= 947617) AND (id <= 948616))
	        ->  Bitmap Index Scan on sbtest1_pkey  (cost=0.00..23.11 rows=1067 width=0)
	              Index Cond: ((id >= 947617) AND (id <= 948616))

table 2 : explain SELECT SUM(k) FROM sbtest2 WHERE id BETWEEN 5345075 AND 5346074
	Aggregate  (cost=4184.28..4184.29 rows=1 width=8)
	  ->  Bitmap Heap Scan on sbtest2  (cost=27.55..4181.57 rows=1084 width=4)
	        Recheck Cond: ((id >= 5345075) AND (id <= 5346074))
	        ->  Bitmap Index Scan on sbtest2_pkey  (cost=0.00..27.27 rows=1084 width=0)
	              Index Cond: ((id >= 5345075) AND (id <= 5346074))

table 3 : explain SELECT SUM(k) FROM sbtest3 WHERE id BETWEEN 9026291 AND 9027290
	Aggregate  (cost=3666.29..3666.30 rows=1 width=8)
	  ->  Bitmap Heap Scan on sbtest3  (cost=22.15..3663.92 rows=948 width=4)
	        Recheck Cond: ((id >= 9026291) AND (id <= 9027290))
	        ->  Bitmap Index Scan on sbtest3_pkey  (cost=0.00..21.91 rows=948 width=0)
	              Index Cond: ((id >= 9026291) AND (id <= 9027290))

table 4 : explain SELECT SUM(k) FROM sbtest4 WHERE id BETWEEN 7749584 AND 7750583
	Aggregate  (cost=4006.21..4006.22 rows=1 width=8)
	  ->  Bitmap Heap Scan on sbtest4  (cost=23.07..4003.62 rows=1038 width=4)
	        Recheck Cond: ((id >= 7749584) AND (id <= 7750583))
	        ->  Bitmap Index Scan on sbtest4_pkey  (cost=0.00..22.82 rows=1038 width=0)
	              Index Cond: ((id >= 7749584) AND (id <= 7750583))

table 5 : explain SELECT SUM(k) FROM sbtest5 WHERE id BETWEEN 7945077 AND 7946076
	Aggregate  (cost=3762.28..3762.29 rows=1 width=8)
	  ->  Bitmap Heap Scan on sbtest5  (cost=22.41..3759.85 rows=973 width=4)
	        Recheck Cond: ((id >= 7945077) AND (id <= 7946076))
	        ->  Bitmap Index Scan on sbtest5_pkey  (cost=0.00..22.16 rows=973 width=0)
	              Index Cond: ((id >= 7945077) AND (id <= 7946076))

table 6 : explain SELECT SUM(k) FROM sbtest6 WHERE id BETWEEN 838531 AND 839530
	Aggregate  (cost=3535.01..3535.02 rows=1 width=8)
	  ->  Bitmap Heap Scan on sbtest6  (cost=21.79..3532.73 rows=913 width=4)
	        Recheck Cond: ((id >= 838531) AND (id <= 839530))
	        ->  Bitmap Index Scan on sbtest6_pkey  (cost=0.00..21.57 rows=913 width=0)
	              Index Cond: ((id >= 838531) AND (id <= 839530))

table 7 : explain SELECT SUM(k) FROM sbtest7 WHERE id BETWEEN 1969474 AND 1970473
	Aggregate  (cost=3810.54..3810.55 rows=1 width=8)
	  ->  Bitmap Heap Scan on sbtest7  (cost=22.54..3808.08 rows=986 width=4)
	        Recheck Cond: ((id >= 1969474) AND (id <= 1970473))
	        ->  Bitmap Index Scan on sbtest7_pkey  (cost=0.00..22.29 rows=986 width=0)
	              Index Cond: ((id >= 1969474) AND (id <= 1970473))

table 8 : explain SELECT SUM(k) FROM sbtest8 WHERE id BETWEEN 6349957 AND 6350956
	Aggregate  (cost=4085.73..4085.74 rows=1 width=8)
	  ->  Bitmap Heap Scan on sbtest8  (cost=23.29..4083.08 rows=1059 width=4)
	        Recheck Cond: ((id >= 6349957) AND (id <= 6350956))
	        ->  Bitmap Index Scan on sbtest8_pkey  (cost=0.00..23.02 rows=1059 width=0)
	              Index Cond: ((id >= 6349957) AND (id <= 6350956))

for: sum_ranges
table 1 : explain SELECT SUM(k) FROM sbtest1 WHERE id BETWEEN 4485522 AND 4486521
	Aggregate  (cost=3750.07..3750.08 rows=1 width=8)
	  ->  Bitmap Heap Scan on sbtest1  (cost=22.38..3747.65 rows=970 width=4)
	        Recheck Cond: ((id >= 4485522) AND (id <= 4486521))
	        ->  Bitmap Index Scan on sbtest1_pkey  (cost=0.00..22.14 rows=970 width=0)
	              Index Cond: ((id >= 4485522) AND (id <= 4486521))

table 2 : explain SELECT SUM(k) FROM sbtest2 WHERE id BETWEEN 5673052 AND 5674051
	Aggregate  (cost=3841.48..3841.49 rows=1 width=8)
	  ->  Bitmap Heap Scan on sbtest2  (cost=22.62..3839.00 rows=994 width=4)
	        Recheck Cond: ((id >= 5673052) AND (id <= 5674051))
	        ->  Bitmap Index Scan on sbtest2_pkey  (cost=0.00..22.37 rows=994 width=0)
	              Index Cond: ((id >= 5673052) AND (id <= 5674051))

table 3 : explain SELECT SUM(k) FROM sbtest3 WHERE id BETWEEN 3529189 AND 3530188
	Aggregate  (cost=3820.89..3820.90 rows=1 width=8)
	  ->  Bitmap Heap Scan on sbtest3  (cost=22.57..3818.42 rows=989 width=4)
	        Recheck Cond: ((id >= 3529189) AND (id <= 3530188))
	        ->  Bitmap Index Scan on sbtest3_pkey  (cost=0.00..22.32 rows=989 width=0)
	              Index Cond: ((id >= 3529189) AND (id <= 3530188))

table 4 : explain SELECT SUM(k) FROM sbtest4 WHERE id BETWEEN 5087799 AND 5088798
	Aggregate  (cost=4408.41..4408.42 rows=1 width=8)
	  ->  Bitmap Heap Scan on sbtest4  (cost=28.17..4405.55 rows=1145 width=4)
	        Recheck Cond: ((id >= 5087799) AND (id <= 5088798))
	        ->  Bitmap Index Scan on sbtest4_pkey  (cost=0.00..27.89 rows=1145 width=0)
	              Index Cond: ((id >= 5087799) AND (id <= 5088798))

table 5 : explain SELECT SUM(k) FROM sbtest5 WHERE id BETWEEN 3766899 AND 3767898
	Aggregate  (cost=4071.46..4071.47 rows=1 width=8)
	  ->  Bitmap Heap Scan on sbtest5  (cost=27.24..4068.82 rows=1054 width=4)
	        Recheck Cond: ((id >= 3766899) AND (id <= 3767898))
	        ->  Bitmap Index Scan on sbtest5_pkey  (cost=0.00..26.97 rows=1054 width=0)
	              Index Cond: ((id >= 3766899) AND (id <= 3767898))

table 6 : explain SELECT SUM(k) FROM sbtest6 WHERE id BETWEEN 1760197 AND 1761196
	Aggregate  (cost=4017.74..4017.75 rows=1 width=8)
	  ->  Bitmap Heap Scan on sbtest6  (cost=23.11..4015.14 rows=1041 width=4)
	        Recheck Cond: ((id >= 1760197) AND (id <= 1761196))
	        ->  Bitmap Index Scan on sbtest6_pkey  (cost=0.00..22.84 rows=1041 width=0)
	              Index Cond: ((id >= 1760197) AND (id <= 1761196))

table 7 : explain SELECT SUM(k) FROM sbtest7 WHERE id BETWEEN 1475302 AND 1476301
	Aggregate  (cost=3720.03..3720.04 rows=1 width=8)
	  ->  Bitmap Heap Scan on sbtest7  (cost=22.30..3717.62 rows=962 width=4)
	        Recheck Cond: ((id >= 1475302) AND (id <= 1476301))
	        ->  Bitmap Index Scan on sbtest7_pkey  (cost=0.00..22.05 rows=962 width=0)
	              Index Cond: ((id >= 1475302) AND (id <= 1476301))

table 8 : explain SELECT SUM(k) FROM sbtest8 WHERE id BETWEEN 4382739 AND 4383738
	Aggregate  (cost=3486.08..3486.09 rows=1 width=8)
	  ->  Bitmap Heap Scan on sbtest8  (cost=21.66..3483.83 rows=900 width=4)
	        Recheck Cond: ((id >= 4382739) AND (id <= 4383738))
	        ->  Bitmap Index Scan on sbtest8_pkey  (cost=0.00..21.43 rows=900 width=0)
	              Index Cond: ((id >= 4382739) AND (id <= 4383738))

for point_selects
table 1 : explain SELECT c FROM sbtest1 WHERE id=8501720
	Index Scan using sbtest1_pkey on sbtest1  (cost=0.43..8.45 rows=1 width=121)
	  Index Cond: (id = 8501720)

table 2 : explain SELECT c FROM sbtest2 WHERE id=8789951
	Index Scan using sbtest2_pkey on sbtest2  (cost=0.43..8.45 rows=1 width=121)
	  Index Cond: (id = 8789951)

table 3 : explain SELECT c FROM sbtest3 WHERE id=9565755
	Index Scan using sbtest3_pkey on sbtest3  (cost=0.43..8.45 rows=1 width=121)
	  Index Cond: (id = 9565755)

table 4 : explain SELECT c FROM sbtest4 WHERE id=8401288
	Index Scan using sbtest4_pkey on sbtest4  (cost=0.43..8.45 rows=1 width=121)
	  Index Cond: (id = 8401288)

table 5 : explain SELECT c FROM sbtest5 WHERE id=548383
	Index Scan using sbtest5_pkey on sbtest5  (cost=0.43..8.45 rows=1 width=121)
	  Index Cond: (id = 548383)

table 6 : explain SELECT c FROM sbtest6 WHERE id=8398250
	Index Scan using sbtest6_pkey on sbtest6  (cost=0.43..8.45 rows=1 width=121)
	  Index Cond: (id = 8398250)

table 7 : explain SELECT c FROM sbtest7 WHERE id=5875231
	Index Scan using sbtest7_pkey on sbtest7  (cost=0.43..8.45 rows=1 width=121)
	  Index Cond: (id = 5875231)

table 8 : explain SELECT c FROM sbtest8 WHERE id=9455540
	Index Scan using sbtest8_pkey on sbtest8  (cost=0.43..8.45 rows=1 width=121)
	  Index Cond: (id = 9455540)

for: order_ranges
table 1 : explain SELECT c FROM sbtest1 WHERE id BETWEEN 185120 AND 186119 ORDER BY c
	Sort  (cost=3998.39..4000.94 rows=1023 width=121)
	  Sort Key: c
	  ->  Bitmap Heap Scan on sbtest1  (cost=22.92..3947.24 rows=1023 width=121)
	        Recheck Cond: ((id >= 185120) AND (id <= 186119))
	        ->  Bitmap Index Scan on sbtest1_pkey  (cost=0.00..22.66 rows=1023 width=0)
	              Index Cond: ((id >= 185120) AND (id <= 186119))

table 2 : explain SELECT c FROM sbtest2 WHERE id BETWEEN 3161519 AND 3162518 ORDER BY c
	Sort  (cost=3945.84..3948.36 rows=1009 width=121)
	  Sort Key: c
	  ->  Bitmap Heap Scan on sbtest2  (cost=22.78..3895.50 rows=1009 width=121)
	        Recheck Cond: ((id >= 3161519) AND (id <= 3162518))
	        ->  Bitmap Index Scan on sbtest2_pkey  (cost=0.00..22.52 rows=1009 width=0)
	              Index Cond: ((id >= 3161519) AND (id <= 3162518))

table 3 : explain SELECT c FROM sbtest3 WHERE id BETWEEN 810849 AND 811848 ORDER BY c
	Sort  (cost=4089.13..4091.75 rows=1047 width=121)
	  Sort Key: c
	  ->  Bitmap Heap Scan on sbtest3  (cost=23.17..4036.61 rows=1047 width=121)
	        Recheck Cond: ((id >= 810849) AND (id <= 811848))
	        ->  Bitmap Index Scan on sbtest3_pkey  (cost=0.00..22.90 rows=1047 width=0)
	              Index Cond: ((id >= 810849) AND (id <= 811848))

table 4 : explain SELECT c FROM sbtest4 WHERE id BETWEEN 3554451 AND 3555450 ORDER BY c
	Sort  (cost=4273.23..4275.96 rows=1094 width=121)
	  Sort Key: c
	  ->  Bitmap Heap Scan on sbtest4  (cost=27.65..4218.01 rows=1094 width=121)
	        Recheck Cond: ((id >= 3554451) AND (id <= 3555450))
	        ->  Bitmap Index Scan on sbtest4_pkey  (cost=0.00..27.37 rows=1094 width=0)
	              Index Cond: ((id >= 3554451) AND (id <= 3555450))

table 5 : explain SELECT c FROM sbtest5 WHERE id BETWEEN 1364765 AND 1365764 ORDER BY c
	Sort  (cost=3490.05..3492.27 rows=890 width=121)
	  Sort Key: c
	  ->  Bitmap Heap Scan on sbtest5  (cost=21.56..3446.45 rows=890 width=121)
	        Recheck Cond: ((id >= 1364765) AND (id <= 1365764))
	        ->  Bitmap Index Scan on sbtest5_pkey  (cost=0.00..21.33 rows=890 width=0)
	              Index Cond: ((id >= 1364765) AND (id <= 1365764))

table 6 : explain SELECT c FROM sbtest6 WHERE id BETWEEN 4911470 AND 4912469 ORDER BY c
	Sort  (cost=3569.96..3572.24 rows=911 width=121)
	  Sort Key: c
	  ->  Bitmap Heap Scan on sbtest6  (cost=21.77..3525.18 rows=911 width=121)
	        Recheck Cond: ((id >= 4911470) AND (id <= 4912469))
	        ->  Bitmap Index Scan on sbtest6_pkey  (cost=0.00..21.54 rows=911 width=0)
	              Index Cond: ((id >= 4911470) AND (id <= 4912469))

table 7 : explain SELECT c FROM sbtest7 WHERE id BETWEEN 2522941 AND 2523940 ORDER BY c
	Sort  (cost=3784.42..3786.84 rows=967 width=121)
	  Sort Key: c
	  ->  Bitmap Heap Scan on sbtest7  (cost=22.35..3736.47 rows=967 width=121)
	        Recheck Cond: ((id >= 2522941) AND (id <= 2523940))
	        ->  Bitmap Index Scan on sbtest7_pkey  (cost=0.00..22.11 rows=967 width=0)
	              Index Cond: ((id >= 2522941) AND (id <= 2523940))

table 8 : explain SELECT c FROM sbtest8 WHERE id BETWEEN 4914790 AND 4915789 ORDER BY c
	Sort  (cost=3868.87..3871.34 rows=989 width=121)
	  Sort Key: c
	  ->  Bitmap Heap Scan on sbtest8  (cost=22.57..3819.67 rows=989 width=121)
	        Recheck Cond: ((id >= 4914790) AND (id <= 4915789))
	        ->  Bitmap Index Scan on sbtest8_pkey  (cost=0.00..22.32 rows=989 width=0)
	              Index Cond: ((id >= 4914790) AND (id <= 4915789))

explain: for point_selects :: explain SELECT c FROM sbtest%u WHERE id=%u
for: simple_ranges
table 1 : explain SELECT c FROM sbtest1 WHERE id BETWEEN 6421860 AND 6422859
	Bitmap Heap Scan on sbtest1  (cost=28.45..4506.74 rows=1172 width=121)
	  Recheck Cond: ((id >= 6421860) AND (id <= 6422859))
	  ->  Bitmap Index Scan on sbtest1_pkey  (cost=0.00..28.15 rows=1172 width=0)
	        Index Cond: ((id >= 6421860) AND (id <= 6422859))

table 2 : explain SELECT c FROM sbtest2 WHERE id BETWEEN 403373 AND 404372
	Bitmap Heap Scan on sbtest2  (cost=21.83..3548.50 rows=917 width=121)
	  Recheck Cond: ((id >= 403373) AND (id <= 404372))
	  ->  Bitmap Index Scan on sbtest2_pkey  (cost=0.00..21.61 rows=917 width=0)
	        Index Cond: ((id >= 403373) AND (id <= 404372))

table 3 : explain SELECT c FROM sbtest3 WHERE id BETWEEN 6266545 AND 6267544
	Bitmap Heap Scan on sbtest3  (cost=23.06..3999.02 rows=1037 width=121)
	  Recheck Cond: ((id >= 6266545) AND (id <= 6267544))
	  ->  Bitmap Index Scan on sbtest3_pkey  (cost=0.00..22.80 rows=1037 width=0)
	        Index Cond: ((id >= 6266545) AND (id <= 6267544))

table 4 : explain SELECT c FROM sbtest4 WHERE id BETWEEN 6915770 AND 6916769
	Bitmap Heap Scan on sbtest4  (cost=22.60..3830.50 rows=992 width=121)
	  Recheck Cond: ((id >= 6915770) AND (id <= 6916769))
	  ->  Bitmap Index Scan on sbtest4_pkey  (cost=0.00..22.36 rows=992 width=0)
	        Index Cond: ((id >= 6915770) AND (id <= 6916769))

table 5 : explain SELECT c FROM sbtest5 WHERE id BETWEEN 4618606 AND 4619605
	Bitmap Heap Scan on sbtest5  (cost=28.17..4406.74 rows=1145 width=121)
	  Recheck Cond: ((id >= 4618606) AND (id <= 4619605))
	  ->  Bitmap Index Scan on sbtest5_pkey  (cost=0.00..27.89 rows=1145 width=0)
	        Index Cond: ((id >= 4618606) AND (id <= 4619605))

table 6 : explain SELECT c FROM sbtest6 WHERE id BETWEEN 8290205 AND 8291204
	Bitmap Heap Scan on sbtest6  (cost=27.49..4161.94 rows=1079 width=121)
	  Recheck Cond: ((id >= 8290205) AND (id <= 8291204))
	  ->  Bitmap Index Scan on sbtest6_pkey  (cost=0.00..27.22 rows=1079 width=0)
	        Index Cond: ((id >= 8290205) AND (id <= 8291204))

table 7 : explain SELECT c FROM sbtest7 WHERE id BETWEEN 6542406 AND 6543405
	Bitmap Heap Scan on sbtest7  (cost=23.36..4109.07 rows=1066 width=121)
	  Recheck Cond: ((id >= 6542406) AND (id <= 6543405))
	  ->  Bitmap Index Scan on sbtest7_pkey  (cost=0.00..23.09 rows=1066 width=0)
	        Index Cond: ((id >= 6542406) AND (id <= 6543405))

table 8 : explain SELECT c FROM sbtest8 WHERE id BETWEEN 1576134 AND 1577133
	Bitmap Heap Scan on sbtest8  (cost=22.38..3748.06 rows=970 width=121)
	  Recheck Cond: ((id >= 1576134) AND (id <= 1577133))
	  ->  Bitmap Index Scan on sbtest8_pkey  (cost=0.00..22.14 rows=970 width=0)
	        Index Cond: ((id >= 1576134) AND (id <= 1577133))

for: order_ranges
table 1 : explain SELECT c FROM sbtest1 WHERE id BETWEEN 3684066 AND 3685065 ORDER BY c
	Sort  (cost=3738.36..3740.75 rows=955 width=121)
	  Sort Key: c
	  ->  Bitmap Heap Scan on sbtest1  (cost=22.22..3691.09 rows=955 width=121)
	        Recheck Cond: ((id >= 3684066) AND (id <= 3685065))
	        ->  Bitmap Index Scan on sbtest1_pkey  (cost=0.00..21.98 rows=955 width=0)
	              Index Cond: ((id >= 3684066) AND (id <= 3685065))

table 2 : explain SELECT c FROM sbtest2 WHERE id BETWEEN 862175 AND 863174 ORDER BY c
	Sort  (cost=3991.71..3994.26 rows=1021 width=121)
	  Sort Key: c
	  ->  Bitmap Heap Scan on sbtest2  (cost=22.90..3940.68 rows=1021 width=121)
	        Recheck Cond: ((id >= 862175) AND (id <= 863174))
	        ->  Bitmap Index Scan on sbtest2_pkey  (cost=0.00..22.64 rows=1021 width=0)
	              Index Cond: ((id >= 862175) AND (id <= 863174))

table 3 : explain SELECT c FROM sbtest3 WHERE id BETWEEN 6772105 AND 6773104 ORDER BY c
	Sort  (cost=3638.04..3640.36 rows=929 width=121)
	  Sort Key: c
	  ->  Bitmap Heap Scan on sbtest3  (cost=21.96..3592.24 rows=929 width=121)
	        Recheck Cond: ((id >= 6772105) AND (id <= 6773104))
	        ->  Bitmap Index Scan on sbtest3_pkey  (cost=0.00..21.72 rows=929 width=0)
	              Index Cond: ((id >= 6772105) AND (id <= 6773104))

table 4 : explain SELECT c FROM sbtest4 WHERE id BETWEEN 8501566 AND 8502565 ORDER BY c
	Sort  (cost=3814.85..3817.29 rows=975 width=121)
	  Sort Key: c
	  ->  Bitmap Heap Scan on sbtest4  (cost=22.43..3766.45 rows=975 width=121)
	        Recheck Cond: ((id >= 8501566) AND (id <= 8502565))
	        ->  Bitmap Index Scan on sbtest4_pkey  (cost=0.00..22.18 rows=975 width=0)
	              Index Cond: ((id >= 8501566) AND (id <= 8502565))

table 5 : explain SELECT c FROM sbtest5 WHERE id BETWEEN 4652364 AND 4653363 ORDER BY c
	Sort  (cost=4464.91..4467.78 rows=1145 width=121)
	  Sort Key: c
	  ->  Bitmap Heap Scan on sbtest5  (cost=28.17..4406.74 rows=1145 width=121)
	        Recheck Cond: ((id >= 4652364) AND (id <= 4653363))
	        ->  Bitmap Index Scan on sbtest5_pkey  (cost=0.00..27.89 rows=1145 width=0)
	              Index Cond: ((id >= 4652364) AND (id <= 4653363))

table 6 : explain SELECT c FROM sbtest6 WHERE id BETWEEN 6724891 AND 6725890 ORDER BY c
	Sort  (cost=3960.36..3962.90 rows=1013 width=121)
	  Sort Key: c
	  ->  Bitmap Heap Scan on sbtest6  (cost=22.82..3909.79 rows=1013 width=121)
	        Recheck Cond: ((id >= 6724891) AND (id <= 6725890))
	        ->  Bitmap Index Scan on sbtest6_pkey  (cost=0.00..22.57 rows=1013 width=0)
	              Index Cond: ((id >= 6724891) AND (id <= 6725890))

table 7 : explain SELECT c FROM sbtest7 WHERE id BETWEEN 7391029 AND 7392028 ORDER BY c
	Sort  (cost=3967.97..3970.50 rows=1015 width=121)
	  Sort Key: c
	  ->  Bitmap Heap Scan on sbtest7  (cost=22.84..3917.28 rows=1015 width=121)
	        Recheck Cond: ((id >= 7391029) AND (id <= 7392028))
	        ->  Bitmap Index Scan on sbtest7_pkey  (cost=0.00..22.58 rows=1015 width=0)
	              Index Cond: ((id >= 7391029) AND (id <= 7392028))

table 8 : explain SELECT c FROM sbtest8 WHERE id BETWEEN 1299790 AND 1300789 ORDER BY c
	Sort  (cost=3822.97..3825.41 rows=977 width=121)
	  Sort Key: c
	  ->  Bitmap Heap Scan on sbtest8  (cost=22.45..3774.45 rows=977 width=121)
	        Recheck Cond: ((id >= 1299790) AND (id <= 1300789))
	        ->  Bitmap Index Scan on sbtest8_pkey  (cost=0.00..22.20 rows=977 width=0)
	              Index Cond: ((id >= 1299790) AND (id <= 1300789))

for: distinct_ranges
table 1 : explain SELECT DISTINCT c FROM sbtest1 WHERE id BETWEEN 8267633 AND 8268632 ORDER BY c
	Unique  (cost=4322.90..4328.44 rows=1108 width=121)
	  ->  Sort  (cost=4322.90..4325.67 rows=1108 width=121)
	        Sort Key: c
	        ->  Bitmap Heap Scan on sbtest1  (cost=27.79..4266.87 rows=1108 width=121)
	              Recheck Cond: ((id >= 8267633) AND (id <= 8268632))
	              ->  Bitmap Index Scan on sbtest1_pkey  (cost=0.00..27.51 rows=1108 width=0)
	                    Index Cond: ((id >= 8267633) AND (id <= 8268632))

table 2 : explain SELECT DISTINCT c FROM sbtest2 WHERE id BETWEEN 9317832 AND 9318831 ORDER BY c
	Unique  (cost=4232.40..4237.81 rows=1083 width=121)
	  ->  Sort  (cost=4232.40..4235.11 rows=1083 width=121)
	        Sort Key: c
	        ->  Bitmap Heap Scan on sbtest2  (cost=27.54..4177.81 rows=1083 width=121)
	              Recheck Cond: ((id >= 9317832) AND (id <= 9318831))
	              ->  Bitmap Index Scan on sbtest2_pkey  (cost=0.00..27.26 rows=1083 width=0)
	                    Index Cond: ((id >= 9317832) AND (id <= 9318831))

table 3 : explain SELECT DISTINCT c FROM sbtest3 WHERE id BETWEEN 2904739 AND 2905738 ORDER BY c
	Unique  (cost=3580.57..3585.14 rows=914 width=121)
	  ->  Sort  (cost=3580.57..3582.86 rows=914 width=121)
	        Sort Key: c
	        ->  Bitmap Heap Scan on sbtest3  (cost=21.80..3535.62 rows=914 width=121)
	              Recheck Cond: ((id >= 2904739) AND (id <= 2905738))
	              ->  Bitmap Index Scan on sbtest3_pkey  (cost=0.00..21.57 rows=914 width=0)
	                    Index Cond: ((id >= 2904739) AND (id <= 2905738))

table 4 : explain SELECT DISTINCT c FROM sbtest4 WHERE id BETWEEN 1896935 AND 1897934 ORDER BY c
	Unique  (cost=3952.49..3957.55 rows=1011 width=121)
	  ->  Sort  (cost=3952.49..3955.02 rows=1011 width=121)
	        Sort Key: c
	        ->  Bitmap Heap Scan on sbtest4  (cost=22.80..3902.04 rows=1011 width=121)
	              Recheck Cond: ((id >= 1896935) AND (id <= 1897934))
	              ->  Bitmap Index Scan on sbtest4_pkey  (cost=0.00..22.54 rows=1011 width=0)
	                    Index Cond: ((id >= 1896935) AND (id <= 1897934))

table 5 : explain SELECT DISTINCT c FROM sbtest5 WHERE id BETWEEN 2522327 AND 2523326 ORDER BY c
	Unique  (cost=3585.95..3590.52 rows=915 width=121)
	  ->  Sort  (cost=3585.95..3588.24 rows=915 width=121)
	        Sort Key: c
	        ->  Bitmap Heap Scan on sbtest5  (cost=21.81..3540.94 rows=915 width=121)
	              Recheck Cond: ((id >= 2522327) AND (id <= 2523326))
	              ->  Bitmap Index Scan on sbtest5_pkey  (cost=0.00..21.58 rows=915 width=0)
	                    Index Cond: ((id >= 2522327) AND (id <= 2523326))

table 6 : explain SELECT DISTINCT c FROM sbtest6 WHERE id BETWEEN 9596399 AND 9597398 ORDER BY c
	Unique  (cost=4090.22..4095.45 rows=1047 width=121)
	  ->  Sort  (cost=4090.22..4092.83 rows=1047 width=121)
	        Sort Key: c
	        ->  Bitmap Heap Scan on sbtest6  (cost=23.17..4037.70 rows=1047 width=121)
	              Recheck Cond: ((id >= 9596399) AND (id <= 9597398))
	              ->  Bitmap Index Scan on sbtest6_pkey  (cost=0.00..22.90 rows=1047 width=0)
	                    Index Cond: ((id >= 9596399) AND (id <= 9597398))

table 7 : explain SELECT DISTINCT c FROM sbtest7 WHERE id BETWEEN 7686014 AND 7687013 ORDER BY c
	Unique  (cost=3715.52..3720.27 rows=949 width=121)
	  ->  Sort  (cost=3715.52..3717.89 rows=949 width=121)
	        Sort Key: c
	        ->  Bitmap Heap Scan on sbtest7  (cost=22.16..3668.59 rows=949 width=121)
	              Recheck Cond: ((id >= 7686014) AND (id <= 7687013))
	              ->  Bitmap Index Scan on sbtest7_pkey  (cost=0.00..21.93 rows=949 width=0)
	                    Index Cond: ((id >= 7686014) AND (id <= 7687013))

table 8 : explain SELECT DISTINCT c FROM sbtest8 WHERE id BETWEEN 2183448 AND 2184447 ORDER BY c
	Unique  (cost=3734.94..3739.71 rows=954 width=121)
	  ->  Sort  (cost=3734.94..3737.32 rows=954 width=121)
	        Sort Key: c
	        ->  Bitmap Heap Scan on sbtest8  (cost=22.21..3687.72 rows=954 width=121)
	              Recheck Cond: ((id >= 2183448) AND (id <= 2184447))
	              ->  Bitmap Index Scan on sbtest8_pkey  (cost=0.00..21.97 rows=954 width=0)
	                    Index Cond: ((id >= 2183448) AND (id <= 2184447))

for: sum_ranges
table 1 : explain SELECT SUM(k) FROM sbtest1 WHERE id BETWEEN 5824944 AND 5825943
	Aggregate  (cost=3689.71..3689.72 rows=1 width=8)
	  ->  Bitmap Heap Scan on sbtest1  (cost=22.21..3687.32 rows=954 width=4)
	        Recheck Cond: ((id >= 5824944) AND (id <= 5825943))
	        ->  Bitmap Index Scan on sbtest1_pkey  (cost=0.00..21.97 rows=954 width=0)
	              Index Cond: ((id >= 5824944) AND (id <= 5825943))

table 2 : explain SELECT SUM(k) FROM sbtest2 WHERE id BETWEEN 7858479 AND 7859478
	Aggregate  (cost=4026.07..4026.08 rows=1 width=8)
	  ->  Bitmap Heap Scan on sbtest2  (cost=23.13..4023.46 rows=1043 width=4)
	        Recheck Cond: ((id >= 7858479) AND (id <= 7859478))
	        ->  Bitmap Index Scan on sbtest2_pkey  (cost=0.00..22.86 rows=1043 width=0)
	              Index Cond: ((id >= 7858479) AND (id <= 7859478))

table 3 : explain SELECT SUM(k) FROM sbtest3 WHERE id BETWEEN 1521339 AND 1522338
	Aggregate  (cost=4167.02..4167.03 rows=1 width=8)
	  ->  Bitmap Heap Scan on sbtest3  (cost=23.52..4164.31 rows=1081 width=4)
	        Recheck Cond: ((id >= 1521339) AND (id <= 1522338))
	        ->  Bitmap Index Scan on sbtest3_pkey  (cost=0.00..23.25 rows=1081 width=0)
	              Index Cond: ((id >= 1521339) AND (id <= 1522338))

table 4 : explain SELECT SUM(k) FROM sbtest4 WHERE id BETWEEN 8459124 AND 8460123
	Aggregate  (cost=3768.89..3768.90 rows=1 width=8)
	  ->  Bitmap Heap Scan on sbtest4  (cost=22.43..3766.45 rows=975 width=4)
	        Recheck Cond: ((id >= 8459124) AND (id <= 8460123))
	        ->  Bitmap Index Scan on sbtest4_pkey  (cost=0.00..22.18 rows=975 width=0)
	              Index Cond: ((id >= 8459124) AND (id <= 8460123))

table 5 : explain SELECT SUM(k) FROM sbtest5 WHERE id BETWEEN 5006526 AND 5007525
	Aggregate  (cost=3875.64..3875.65 rows=1 width=8)
	  ->  Bitmap Heap Scan on sbtest5  (cost=26.71..3873.13 rows=1002 width=4)
	        Recheck Cond: ((id >= 5006526) AND (id <= 5007525))
	        ->  Bitmap Index Scan on sbtest5_pkey  (cost=0.00..26.45 rows=1002 width=0)
	              Index Cond: ((id >= 5006526) AND (id <= 5007525))

table 6 : explain SELECT SUM(k) FROM sbtest6 WHERE id BETWEEN 4106773 AND 4107772
	Aggregate  (cost=3625.69..3625.70 rows=1 width=8)
	  ->  Bitmap Heap Scan on sbtest6  (cost=22.04..3623.35 rows=937 width=4)
	        Recheck Cond: ((id >= 4106773) AND (id <= 4107772))
	        ->  Bitmap Index Scan on sbtest6_pkey  (cost=0.00..21.80 rows=937 width=0)
	              Index Cond: ((id >= 4106773) AND (id <= 4107772))

table 7 : explain SELECT SUM(k) FROM sbtest7 WHERE id BETWEEN 8921801 AND 8922800
	Aggregate  (cost=4389.89..4389.90 rows=1 width=8)
	  ->  Bitmap Heap Scan on sbtest7  (cost=28.12..4387.04 rows=1140 width=4)
	        Recheck Cond: ((id >= 8921801) AND (id <= 8922800))
	        ->  Bitmap Index Scan on sbtest7_pkey  (cost=0.00..27.83 rows=1140 width=0)
	              Index Cond: ((id >= 8921801) AND (id <= 8922800))

table 8 : explain SELECT SUM(k) FROM sbtest8 WHERE id BETWEEN 4197619 AND 4198618
	Aggregate  (cost=4191.23..4191.24 rows=1 width=8)
	  ->  Bitmap Heap Scan on sbtest8  (cost=27.57..4188.52 rows=1086 width=4)
	        Recheck Cond: ((id >= 4197619) AND (id <= 4198618))
	        ->  Bitmap Index Scan on sbtest8_pkey  (cost=0.00..27.29 rows=1086 width=0)
	              Index Cond: ((id >= 4197619) AND (id <= 4198618))

explain: for point_selects :: explain SELECT c FROM sbtest%u WHERE id=%u
explain: for point_selects :: explain SELECT c FROM sbtest%u WHERE id=%u
for: sum_ranges
table 1 : explain SELECT SUM(k) FROM sbtest1 WHERE id BETWEEN 6593153 AND 6594152
	Aggregate  (cost=3919.68..3919.69 rows=1 width=8)
	  ->  Bitmap Heap Scan on sbtest1  (cost=22.84..3917.14 rows=1015 width=4)
	        Recheck Cond: ((id >= 6593153) AND (id <= 6594152))
	        ->  Bitmap Index Scan on sbtest1_pkey  (cost=0.00..22.58 rows=1015 width=0)
	              Index Cond: ((id >= 6593153) AND (id <= 6594152))

table 2 : explain SELECT SUM(k) FROM sbtest2 WHERE id BETWEEN 6621318 AND 6622317
	Aggregate  (cost=3943.23..3943.24 rows=1 width=8)
	  ->  Bitmap Heap Scan on sbtest2  (cost=22.90..3940.68 rows=1021 width=4)
	        Recheck Cond: ((id >= 6621318) AND (id <= 6622317))
	        ->  Bitmap Index Scan on sbtest2_pkey  (cost=0.00..22.64 rows=1021 width=0)
	              Index Cond: ((id >= 6621318) AND (id <= 6622317))

table 3 : explain SELECT SUM(k) FROM sbtest3 WHERE id BETWEEN 6989452 AND 6990451
	Aggregate  (cost=3628.54..3628.55 rows=1 width=8)
	  ->  Bitmap Heap Scan on sbtest3  (cost=22.05..3626.20 rows=938 width=4)
	        Recheck Cond: ((id >= 6989452) AND (id <= 6990451))
	        ->  Bitmap Index Scan on sbtest3_pkey  (cost=0.00..21.82 rows=938 width=0)
	              Index Cond: ((id >= 6989452) AND (id <= 6990451))

table 4 : explain SELECT SUM(k) FROM sbtest4 WHERE id BETWEEN 7743747 AND 7744746
	Aggregate  (cost=4006.21..4006.22 rows=1 width=8)
	  ->  Bitmap Heap Scan on sbtest4  (cost=23.07..4003.62 rows=1038 width=4)
	        Recheck Cond: ((id >= 7743747) AND (id <= 7744746))
	        ->  Bitmap Index Scan on sbtest4_pkey  (cost=0.00..22.82 rows=1038 width=0)
	              Index Cond: ((id >= 7743747) AND (id <= 7744746))

table 5 : explain SELECT SUM(k) FROM sbtest5 WHERE id BETWEEN 9358840 AND 9359839
	Aggregate  (cost=3750.96..3750.97 rows=1 width=8)
	  ->  Bitmap Heap Scan on sbtest5  (cost=22.38..3748.53 rows=970 width=4)
	        Recheck Cond: ((id >= 9358840) AND (id <= 9359839))
	        ->  Bitmap Index Scan on sbtest5_pkey  (cost=0.00..22.14 rows=970 width=0)
	              Index Cond: ((id >= 9358840) AND (id <= 9359839))

table 6 : explain SELECT SUM(k) FROM sbtest6 WHERE id BETWEEN 9873011 AND 9874010
	Aggregate  (cost=3806.81..3806.82 rows=1 width=8)
	  ->  Bitmap Heap Scan on sbtest6  (cost=22.53..3804.35 rows=985 width=4)
	        Recheck Cond: ((id >= 9873011) AND (id <= 9874010))
	        ->  Bitmap Index Scan on sbtest6_pkey  (cost=0.00..22.29 rows=985 width=0)
	              Index Cond: ((id >= 9873011) AND (id <= 9874010))

table 7 : explain SELECT SUM(k) FROM sbtest7 WHERE id BETWEEN 5673121 AND 5674120
	Aggregate  (cost=3772.84..3772.85 rows=1 width=8)
	  ->  Bitmap Heap Scan on sbtest7  (cost=22.44..3770.40 rows=976 width=4)
	        Recheck Cond: ((id >= 5673121) AND (id <= 5674120))
	        ->  Bitmap Index Scan on sbtest7_pkey  (cost=0.00..22.19 rows=976 width=0)
	              Index Cond: ((id >= 5673121) AND (id <= 5674120))

table 8 : explain SELECT SUM(k) FROM sbtest8 WHERE id BETWEEN 4435729 AND 4436728
	Aggregate  (cost=3486.08..3486.09 rows=1 width=8)
	  ->  Bitmap Heap Scan on sbtest8  (cost=21.66..3483.83 rows=900 width=4)
	        Recheck Cond: ((id >= 4435729) AND (id <= 4436728))
	        ->  Bitmap Index Scan on sbtest8_pkey  (cost=0.00..21.43 rows=900 width=0)
	              Index Cond: ((id >= 4435729) AND (id <= 4436728))

for point_selects
table 1 : explain SELECT c FROM sbtest1 WHERE id=3444455
	Index Scan using sbtest1_pkey on sbtest1  (cost=0.43..8.45 rows=1 width=121)
	  Index Cond: (id = 3444455)

table 2 : explain SELECT c FROM sbtest2 WHERE id=6993675
	Index Scan using sbtest2_pkey on sbtest2  (cost=0.43..8.45 rows=1 width=121)
	  Index Cond: (id = 6993675)

table 3 : explain SELECT c FROM sbtest3 WHERE id=6092359
	Index Scan using sbtest3_pkey on sbtest3  (cost=0.43..8.45 rows=1 width=121)
	  Index Cond: (id = 6092359)

table 4 : explain SELECT c FROM sbtest4 WHERE id=3561060
	Index Scan using sbtest4_pkey on sbtest4  (cost=0.43..8.45 rows=1 width=121)
	  Index Cond: (id = 3561060)

table 5 : explain SELECT c FROM sbtest5 WHERE id=4528315
	Index Scan using sbtest5_pkey on sbtest5  (cost=0.43..8.45 rows=1 width=121)
	  Index Cond: (id = 4528315)

table 6 : explain SELECT c FROM sbtest6 WHERE id=3807980
	Index Scan using sbtest6_pkey on sbtest6  (cost=0.43..8.45 rows=1 width=121)
	  Index Cond: (id = 3807980)

table 7 : explain SELECT c FROM sbtest7 WHERE id=6540764
	Index Scan using sbtest7_pkey on sbtest7  (cost=0.43..8.45 rows=1 width=121)
	  Index Cond: (id = 6540764)

table 8 : explain SELECT c FROM sbtest8 WHERE id=9393788
	Index Scan using sbtest8_pkey on sbtest8  (cost=0.43..8.45 rows=1 width=121)
	  Index Cond: (id = 9393788)

for: distinct_ranges
table 1 : explain SELECT DISTINCT c FROM sbtest1 WHERE id BETWEEN 5705351 AND 5706350 ORDER BY c
	Unique  (cost=4444.75..4450.45 rows=1140 width=121)
	  ->  Sort  (cost=4444.75..4447.60 rows=1140 width=121)
	        Sort Key: c
	        ->  Bitmap Heap Scan on sbtest1  (cost=28.12..4386.87 rows=1140 width=121)
	              Recheck Cond: ((id >= 5705351) AND (id <= 5706350))
	              ->  Bitmap Index Scan on sbtest1_pkey  (cost=0.00..27.83 rows=1140 width=0)
	                    Index Cond: ((id >= 5705351) AND (id <= 5706350))

table 2 : explain SELECT DISTINCT c FROM sbtest2 WHERE id BETWEEN 9413954 AND 9414953 ORDER BY c
	Unique  (cost=3697.10..3701.82 rows=944 width=121)
	  ->  Sort  (cost=3697.10..3699.46 rows=944 width=121)
	        Sort Key: c
	        ->  Bitmap Heap Scan on sbtest2  (cost=22.11..3650.45 rows=944 width=121)
	              Recheck Cond: ((id >= 9413954) AND (id <= 9414953))
	              ->  Bitmap Index Scan on sbtest2_pkey  (cost=0.00..21.87 rows=944 width=0)
	                    Index Cond: ((id >= 9413954) AND (id <= 9414953))

table 3 : explain SELECT DISTINCT c FROM sbtest3 WHERE id BETWEEN 7736615 AND 7737614 ORDER BY c
	Unique  (cost=3553.75..3558.28 rows=907 width=121)
	  ->  Sort  (cost=3553.75..3556.01 rows=907 width=121)
	        Sort Key: c
	        ->  Bitmap Heap Scan on sbtest3  (cost=21.73..3509.19 rows=907 width=121)
	              Recheck Cond: ((id >= 7736615) AND (id <= 7737614))
	              ->  Bitmap Index Scan on sbtest3_pkey  (cost=0.00..21.50 rows=907 width=0)
	                    Index Cond: ((id >= 7736615) AND (id <= 7737614))

table 4 : explain SELECT DISTINCT c FROM sbtest4 WHERE id BETWEEN 5375345 AND 5376344 ORDER BY c
	Unique  (cost=3929.56..3934.59 rows=1005 width=121)
	  ->  Sort  (cost=3929.56..3932.08 rows=1005 width=121)
	        Sort Key: c
	        ->  Bitmap Heap Scan on sbtest4  (cost=22.74..3879.45 rows=1005 width=121)
	              Recheck Cond: ((id >= 5375345) AND (id <= 5376344))
	              ->  Bitmap Index Scan on sbtest4_pkey  (cost=0.00..22.48 rows=1005 width=0)
	                    Index Cond: ((id >= 5375345) AND (id <= 5376344))

table 5 : explain SELECT DISTINCT c FROM sbtest5 WHERE id BETWEEN 6668654 AND 6669653 ORDER BY c
	Unique  (cost=4121.74..4127.01 rows=1054 width=121)
	  ->  Sort  (cost=4121.74..4124.38 rows=1054 width=121)
	        Sort Key: c
	        ->  Bitmap Heap Scan on sbtest5  (cost=27.24..4068.82 rows=1054 width=121)
	              Recheck Cond: ((id >= 6668654) AND (id <= 6669653))
	              ->  Bitmap Index Scan on sbtest5_pkey  (cost=0.00..26.97 rows=1054 width=0)
	                    Index Cond: ((id >= 6668654) AND (id <= 6669653))

table 6 : explain SELECT DISTINCT c FROM sbtest6 WHERE id BETWEEN 3789895 AND 3790894 ORDER BY c
	Unique  (cost=3734.70..3739.47 rows=954 width=121)
	  ->  Sort  (cost=3734.70..3737.09 rows=954 width=121)
	        Sort Key: c
	        ->  Bitmap Heap Scan on sbtest6  (cost=22.21..3687.49 rows=954 width=121)
	              Recheck Cond: ((id >= 3789895) AND (id <= 3790894))
	              ->  Bitmap Index Scan on sbtest6_pkey  (cost=0.00..21.97 rows=954 width=0)
	                    Index Cond: ((id >= 3789895) AND (id <= 3790894))

table 7 : explain SELECT DISTINCT c FROM sbtest7 WHERE id BETWEEN 8677670 AND 8678669 ORDER BY c
	Unique  (cost=3998.53..4003.65 rows=1023 width=121)
	  ->  Sort  (cost=3998.53..4001.09 rows=1023 width=121)
	        Sort Key: c
	        ->  Bitmap Heap Scan on sbtest7  (cost=22.92..3947.39 rows=1023 width=121)
	              Recheck Cond: ((id >= 8677670) AND (id <= 8678669))
	              ->  Bitmap Index Scan on sbtest7_pkey  (cost=0.00..22.66 rows=1023 width=0)
	                    Index Cond: ((id >= 8677670) AND (id <= 8678669))

table 8 : explain SELECT DISTINCT c FROM sbtest8 WHERE id BETWEEN 7674604 AND 7675603 ORDER BY c
	Unique  (cost=3822.97..3827.85 rows=977 width=121)
	  ->  Sort  (cost=3822.97..3825.41 rows=977 width=121)
	        Sort Key: c
	        ->  Bitmap Heap Scan on sbtest8  (cost=22.45..3774.45 rows=977 width=121)
	              Recheck Cond: ((id >= 7674604) AND (id <= 7675603))
	              ->  Bitmap Index Scan on sbtest8_pkey  (cost=0.00..22.20 rows=977 width=0)
	                    Index Cond: ((id >= 7674604) AND (id <= 7675603))

explain: for point_selects :: explain SELECT c FROM sbtest%u WHERE id=%u
for point_selects
table 1 : explain SELECT c FROM sbtest1 WHERE id=746525
	Index Scan using sbtest1_pkey on sbtest1  (cost=0.43..8.45 rows=1 width=121)
	  Index Cond: (id = 746525)

table 2 : explain SELECT c FROM sbtest2 WHERE id=8548523
	Index Scan using sbtest2_pkey on sbtest2  (cost=0.43..8.45 rows=1 width=121)
	  Index Cond: (id = 8548523)

table 3 : explain SELECT c FROM sbtest3 WHERE id=237007
	Index Scan using sbtest3_pkey on sbtest3  (cost=0.43..8.45 rows=1 width=121)
	  Index Cond: (id = 237007)

table 4 : explain SELECT c FROM sbtest4 WHERE id=3522699
	Index Scan using sbtest4_pkey on sbtest4  (cost=0.43..8.45 rows=1 width=121)
	  Index Cond: (id = 3522699)

table 5 : explain SELECT c FROM sbtest5 WHERE id=629452
	Index Scan using sbtest5_pkey on sbtest5  (cost=0.43..8.45 rows=1 width=121)
	  Index Cond: (id = 629452)

table 6 : explain SELECT c FROM sbtest6 WHERE id=4466681
	Index Scan using sbtest6_pkey on sbtest6  (cost=0.43..8.45 rows=1 width=121)
	  Index Cond: (id = 4466681)

table 7 : explain SELECT c FROM sbtest7 WHERE id=6090779
	Index Scan using sbtest7_pkey on sbtest7  (cost=0.43..8.45 rows=1 width=121)
	  Index Cond: (id = 6090779)

table 8 : explain SELECT c FROM sbtest8 WHERE id=2716597
	Index Scan using sbtest8_pkey on sbtest8  (cost=0.43..8.45 rows=1 width=121)
	  Index Cond: (id = 2716597)

for: sum_ranges
table 1 : explain SELECT SUM(k) FROM sbtest1 WHERE id BETWEEN 3546581 AND 3547580
	Aggregate  (cost=4137.89..4137.90 rows=1 width=8)
	  ->  Bitmap Heap Scan on sbtest1  (cost=23.43..4135.21 rows=1073 width=4)
	        Recheck Cond: ((id >= 3546581) AND (id <= 3547580))
	        ->  Bitmap Index Scan on sbtest1_pkey  (cost=0.00..23.16 rows=1073 width=0)
	              Index Cond: ((id >= 3546581) AND (id <= 3547580))

table 2 : explain SELECT SUM(k) FROM sbtest2 WHERE id BETWEEN 1965763 AND 1966762
	Aggregate  (cost=3916.86..3916.87 rows=1 width=8)
	  ->  Bitmap Heap Scan on sbtest2  (cost=22.83..3914.32 rows=1014 width=4)
	        Recheck Cond: ((id >= 1965763) AND (id <= 1966762))
	        ->  Bitmap Index Scan on sbtest2_pkey  (cost=0.00..22.57 rows=1014 width=0)
	              Index Cond: ((id >= 1965763) AND (id <= 1966762))

table 3 : explain SELECT SUM(k) FROM sbtest3 WHERE id BETWEEN 1557024 AND 1558023
	Aggregate  (cost=4167.02..4167.03 rows=1 width=8)
	  ->  Bitmap Heap Scan on sbtest3  (cost=23.52..4164.31 rows=1081 width=4)
	        Recheck Cond: ((id >= 1557024) AND (id <= 1558023))
	        ->  Bitmap Index Scan on sbtest3_pkey  (cost=0.00..23.25 rows=1081 width=0)
	              Index Cond: ((id >= 1557024) AND (id <= 1558023))

table 4 : explain SELECT SUM(k) FROM sbtest4 WHERE id BETWEEN 8050623 AND 8051622
	Aggregate  (cost=4017.50..4017.51 rows=1 width=8)
	  ->  Bitmap Heap Scan on sbtest4  (cost=23.11..4014.90 rows=1041 width=4)
	        Recheck Cond: ((id >= 8050623) AND (id <= 8051622))
	        ->  Bitmap Index Scan on sbtest4_pkey  (cost=0.00..22.84 rows=1041 width=0)
	              Index Cond: ((id >= 8050623) AND (id <= 8051622))

table 5 : explain SELECT SUM(k) FROM sbtest5 WHERE id BETWEEN 6683478 AND 6684477
	Aggregate  (cost=3709.44..3709.45 rows=1 width=8)
	  ->  Bitmap Heap Scan on sbtest5  (cost=22.26..3707.05 rows=959 width=4)
	        Recheck Cond: ((id >= 6683478) AND (id <= 6684477))
	        ->  Bitmap Index Scan on sbtest5_pkey  (cost=0.00..22.02 rows=959 width=0)
	              Index Cond: ((id >= 6683478) AND (id <= 6684477))

table 6 : explain SELECT SUM(k) FROM sbtest6 WHERE id BETWEEN 6579204 AND 6580203
	Aggregate  (cost=4002.69..4002.70 rows=1 width=8)
	  ->  Bitmap Heap Scan on sbtest6  (cost=23.06..4000.09 rows=1037 width=4)
	        Recheck Cond: ((id >= 6579204) AND (id <= 6580203))
	        ->  Bitmap Index Scan on sbtest6_pkey  (cost=0.00..22.80 rows=1037 width=0)
	              Index Cond: ((id >= 6579204) AND (id <= 6580203))

table 7 : explain SELECT SUM(k) FROM sbtest7 WHERE id BETWEEN 3591384 AND 3592383
	Aggregate  (cost=3787.92..3787.93 rows=1 width=8)
	  ->  Bitmap Heap Scan on sbtest7  (cost=22.48..3785.47 rows=980 width=4)
	        Recheck Cond: ((id >= 3591384) AND (id <= 3592383))
	        ->  Bitmap Index Scan on sbtest7_pkey  (cost=0.00..22.23 rows=980 width=0)
	              Index Cond: ((id >= 3591384) AND (id <= 3592383))

table 8 : explain SELECT SUM(k) FROM sbtest8 WHERE id BETWEEN 1462084 AND 1463083
	Aggregate  (cost=3791.98..3791.99 rows=1 width=8)
	  ->  Bitmap Heap Scan on sbtest8  (cost=22.49..3789.52 rows=981 width=4)
	        Recheck Cond: ((id >= 1462084) AND (id <= 1463083))
	        ->  Bitmap Index Scan on sbtest8_pkey  (cost=0.00..22.25 rows=981 width=0)
	              Index Cond: ((id >= 1462084) AND (id <= 1463083))

for: order_ranges
table 1 : explain SELECT c FROM sbtest1 WHERE id BETWEEN 9201861 AND 9202860 ORDER BY c
	Sort  (cost=4021.30..4023.87 rows=1029 width=121)
	  Sort Key: c
	  ->  Bitmap Heap Scan on sbtest1  (cost=22.98..3969.82 rows=1029 width=121)
	        Recheck Cond: ((id >= 9201861) AND (id <= 9202860))
	        ->  Bitmap Index Scan on sbtest1_pkey  (cost=0.00..22.72 rows=1029 width=0)
	              Index Cond: ((id >= 9201861) AND (id <= 9202860))

table 2 : explain SELECT c FROM sbtest2 WHERE id BETWEEN 9388217 AND 9389216 ORDER BY c
	Sort  (cost=3697.10..3699.46 rows=944 width=121)
	  Sort Key: c
	  ->  Bitmap Heap Scan on sbtest2  (cost=22.11..3650.45 rows=944 width=121)
	        Recheck Cond: ((id >= 9388217) AND (id <= 9389216))
	        ->  Bitmap Index Scan on sbtest2_pkey  (cost=0.00..21.87 rows=944 width=0)
	              Index Cond: ((id >= 9388217) AND (id <= 9389216))

table 3 : explain SELECT c FROM sbtest3 WHERE id BETWEEN 4333501 AND 4334500 ORDER BY c
	Sort  (cost=3875.27..3877.75 rows=991 width=121)
	  Sort Key: c
	  ->  Bitmap Heap Scan on sbtest3  (cost=22.59..3825.95 rows=991 width=121)
	        Recheck Cond: ((id >= 4333501) AND (id <= 4334500))
	        ->  Bitmap Index Scan on sbtest3_pkey  (cost=0.00..22.34 rows=991 width=0)
	              Index Cond: ((id >= 4333501) AND (id <= 4334500))

table 4 : explain SELECT c FROM sbtest4 WHERE id BETWEEN 3276517 AND 3277516 ORDER BY c
	Sort  (cost=3397.12..3399.28 rows=866 width=121)
	  Sort Key: c
	  ->  Bitmap Heap Scan on sbtest4  (cost=21.31..3354.87 rows=866 width=121)
	        Recheck Cond: ((id >= 3276517) AND (id <= 3277516))
	        ->  Bitmap Index Scan on sbtest4_pkey  (cost=0.00..21.09 rows=866 width=0)
	              Index Cond: ((id >= 3276517) AND (id <= 3277516))

table 5 : explain SELECT c FROM sbtest5 WHERE id BETWEEN 5351384 AND 5352383 ORDER BY c
	Sort  (cost=4018.63..4021.20 rows=1027 width=121)
	  Sort Key: c
	  ->  Bitmap Heap Scan on sbtest5  (cost=26.96..3967.26 rows=1027 width=121)
	        Recheck Cond: ((id >= 5351384) AND (id <= 5352383))
	        ->  Bitmap Index Scan on sbtest5_pkey  (cost=0.00..26.70 rows=1027 width=0)
	              Index Cond: ((id >= 5351384) AND (id <= 5352383))

table 6 : explain SELECT c FROM sbtest6 WHERE id BETWEEN 2750957 AND 2751956 ORDER BY c
	Sort  (cost=3857.15..3859.61 rows=986 width=121)
	  Sort Key: c
	  ->  Bitmap Heap Scan on sbtest6  (cost=22.54..3808.12 rows=986 width=121)
	        Recheck Cond: ((id >= 2750957) AND (id <= 2751956))
	        ->  Bitmap Index Scan on sbtest6_pkey  (cost=0.00..22.29 rows=986 width=0)
	              Index Cond: ((id >= 2750957) AND (id <= 2751956))

table 7 : explain SELECT c FROM sbtest7 WHERE id BETWEEN 7311464 AND 7312463 ORDER BY c
	Sort  (cost=3967.97..3970.50 rows=1015 width=121)
	  Sort Key: c
	  ->  Bitmap Heap Scan on sbtest7  (cost=22.84..3917.28 rows=1015 width=121)
	        Recheck Cond: ((id >= 7311464) AND (id <= 7312463))
	        ->  Bitmap Index Scan on sbtest7_pkey  (cost=0.00..22.58 rows=1015 width=0)
	              Index Cond: ((id >= 7311464) AND (id <= 7312463))

table 8 : explain SELECT c FROM sbtest8 WHERE id BETWEEN 1129576 AND 1130575 ORDER BY c
	Sort  (cost=4212.77..4215.47 rows=1078 width=121)
	  Sort Key: c
	  ->  Bitmap Heap Scan on sbtest8  (cost=27.48..4158.47 rows=1078 width=121)
	        Recheck Cond: ((id >= 1129576) AND (id <= 1130575))
	        ->  Bitmap Index Scan on sbtest8_pkey  (cost=0.00..27.21 rows=1078 width=0)
	              Index Cond: ((id >= 1129576) AND (id <= 1130575))

explain: for point_selects :: explain SELECT c FROM sbtest%u WHERE id=%u
explain: for point_selects :: explain SELECT c FROM sbtest%u WHERE id=%u
for: simple_ranges
table 1 : explain SELECT c FROM sbtest1 WHERE id BETWEEN 8268835 AND 8269834
	Bitmap Heap Scan on sbtest1  (cost=27.79..4266.87 rows=1108 width=121)
	  Recheck Cond: ((id >= 8268835) AND (id <= 8269834))
	  ->  Bitmap Index Scan on sbtest1_pkey  (cost=0.00..27.51 rows=1108 width=0)
	        Index Cond: ((id >= 8268835) AND (id <= 8269834))

table 2 : explain SELECT c FROM sbtest2 WHERE id BETWEEN 9464284 AND 9465283
	Bitmap Heap Scan on sbtest2  (cost=22.11..3650.45 rows=944 width=121)
	  Recheck Cond: ((id >= 9464284) AND (id <= 9465283))
	  ->  Bitmap Index Scan on sbtest2_pkey  (cost=0.00..21.87 rows=944 width=0)
	        Index Cond: ((id >= 9464284) AND (id <= 9465283))

table 3 : explain SELECT c FROM sbtest3 WHERE id BETWEEN 6883946 AND 6884945
	Bitmap Heap Scan on sbtest3  (cost=22.31..3720.47 rows=963 width=121)
	  Recheck Cond: ((id >= 6883946) AND (id <= 6884945))
	  ->  Bitmap Index Scan on sbtest3_pkey  (cost=0.00..22.07 rows=963 width=0)
	        Index Cond: ((id >= 6883946) AND (id <= 6884945))

table 4 : explain SELECT c FROM sbtest4 WHERE id BETWEEN 4760339 AND 4761338
	Bitmap Heap Scan on sbtest4  (cost=21.54..3438.07 rows=888 width=121)
	  Recheck Cond: ((id >= 4760339) AND (id <= 4761338))
	  ->  Bitmap Index Scan on sbtest4_pkey  (cost=0.00..21.32 rows=888 width=0)
	        Index Cond: ((id >= 4760339) AND (id <= 4761338))

table 5 : explain SELECT c FROM sbtest5 WHERE id BETWEEN 7180653 AND 7181652
	Bitmap Heap Scan on sbtest5  (cost=21.36..3374.57 rows=871 width=121)
	  Recheck Cond: ((id >= 7180653) AND (id <= 7181652))
	  ->  Bitmap Index Scan on sbtest5_pkey  (cost=0.00..21.14 rows=871 width=0)
	        Index Cond: ((id >= 7180653) AND (id <= 7181652))

table 6 : explain SELECT c FROM sbtest6 WHERE id BETWEEN 3650095 AND 3651094
	Bitmap Heap Scan on sbtest6  (cost=23.19..4045.22 rows=1049 width=121)
	  Recheck Cond: ((id >= 3650095) AND (id <= 3651094))
	  ->  Bitmap Index Scan on sbtest6_pkey  (cost=0.00..22.93 rows=1049 width=0)
	        Index Cond: ((id >= 3650095) AND (id <= 3651094))

table 7 : explain SELECT c FROM sbtest7 WHERE id BETWEEN 5545773 AND 5546772
	Bitmap Heap Scan on sbtest7  (cost=22.98..3969.96 rows=1029 width=121)
	  Recheck Cond: ((id >= 5545773) AND (id <= 5546772))
	  ->  Bitmap Index Scan on sbtest7_pkey  (cost=0.00..22.72 rows=1029 width=0)
	        Index Cond: ((id >= 5545773) AND (id <= 5546772))

table 8 : explain SELECT c FROM sbtest8 WHERE id BETWEEN 8185749 AND 8186748
	Bitmap Heap Scan on sbtest8  (cost=22.35..3736.75 rows=967 width=121)
	  Recheck Cond: ((id >= 8185749) AND (id <= 8186748))
	  ->  Bitmap Index Scan on sbtest8_pkey  (cost=0.00..22.11 rows=967 width=0)
	        Index Cond: ((id >= 8185749) AND (id <= 8186748))

for: order_ranges
table 1 : explain SELECT c FROM sbtest1 WHERE id BETWEEN 222536 AND 223535 ORDER BY c
	Sort  (cost=4288.61..4291.36 rows=1099 width=121)
	  Sort Key: c
	  ->  Bitmap Heap Scan on sbtest1  (cost=27.70..4233.10 rows=1099 width=121)
	        Recheck Cond: ((id >= 222536) AND (id <= 223535))
	        ->  Bitmap Index Scan on sbtest1_pkey  (cost=0.00..27.43 rows=1099 width=0)
	              Index Cond: ((id >= 222536) AND (id <= 223535))

table 2 : explain SELECT c FROM sbtest2 WHERE id BETWEEN 3316615 AND 3317614 ORDER BY c
	Sort  (cost=4075.75..4078.35 rows=1043 width=121)
	  Sort Key: c
	  ->  Bitmap Heap Scan on sbtest2  (cost=23.13..4023.46 rows=1043 width=121)
	        Recheck Cond: ((id >= 3316615) AND (id <= 3317614))
	        ->  Bitmap Index Scan on sbtest2_pkey  (cost=0.00..22.86 rows=1043 width=0)
	              Index Cond: ((id >= 3316615) AND (id <= 3317614))

table 3 : explain SELECT c FROM sbtest3 WHERE id BETWEEN 1161585 AND 1162584 ORDER BY c
	Sort  (cost=3966.97..3969.51 rows=1015 width=121)
	  Sort Key: c
	  ->  Bitmap Heap Scan on sbtest3  (cost=22.84..3916.28 rows=1015 width=121)
	        Recheck Cond: ((id >= 1161585) AND (id <= 1162584))
	        ->  Bitmap Index Scan on sbtest3_pkey  (cost=0.00..22.58 rows=1015 width=0)
	              Index Cond: ((id >= 1161585) AND (id <= 1162584))

table 4 : explain SELECT c FROM sbtest4 WHERE id BETWEEN 279881 AND 280880 ORDER BY c
	Sort  (cost=4093.79..4096.41 rows=1048 width=121)
	  Sort Key: c
	  ->  Bitmap Heap Scan on sbtest4  (cost=23.18..4041.21 rows=1048 width=121)
	        Recheck Cond: ((id >= 279881) AND (id <= 280880))
	        ->  Bitmap Index Scan on sbtest4_pkey  (cost=0.00..22.91 rows=1048 width=0)
	              Index Cond: ((id >= 279881) AND (id <= 280880))

table 5 : explain SELECT c FROM sbtest5 WHERE id BETWEEN 4775020 AND 4776019 ORDER BY c
	Sort  (cost=3746.89..3749.28 rows=957 width=121)
	  Sort Key: c
	  ->  Bitmap Heap Scan on sbtest5  (cost=22.24..3699.50 rows=957 width=121)
	        Recheck Cond: ((id >= 4775020) AND (id <= 4776019))
	        ->  Bitmap Index Scan on sbtest5_pkey  (cost=0.00..22.00 rows=957 width=0)
	              Index Cond: ((id >= 4775020) AND (id <= 4776019))

table 6 : explain SELECT c FROM sbtest6 WHERE id BETWEEN 8463701 AND 8464700 ORDER BY c
	Sort  (cost=3585.29..3587.58 rows=915 width=121)
	  Sort Key: c
	  ->  Bitmap Heap Scan on sbtest6  (cost=21.81..3540.29 rows=915 width=121)
	        Recheck Cond: ((id >= 8463701) AND (id <= 8464700))
	        ->  Bitmap Index Scan on sbtest6_pkey  (cost=0.00..21.58 rows=915 width=0)
	              Index Cond: ((id >= 8463701) AND (id <= 8464700))

table 7 : explain SELECT c FROM sbtest7 WHERE id BETWEEN 7524255 AND 7525254 ORDER BY c
	Sort  (cost=3895.35..3897.84 rows=996 width=121)
	  Sort Key: c
	  ->  Bitmap Heap Scan on sbtest7  (cost=22.64..3845.75 rows=996 width=121)
	        Recheck Cond: ((id >= 7524255) AND (id <= 7525254))
	        ->  Bitmap Index Scan on sbtest7_pkey  (cost=0.00..22.39 rows=996 width=0)
	              Index Cond: ((id >= 7524255) AND (id <= 7525254))

table 8 : explain SELECT c FROM sbtest8 WHERE id BETWEEN 548898 AND 549897 ORDER BY c
	Sort  (cost=3899.46..3901.96 rows=997 width=121)
	  Sort Key: c
	  ->  Bitmap Heap Scan on sbtest8  (cost=22.65..3849.81 rows=997 width=121)
	        Recheck Cond: ((id >= 548898) AND (id <= 549897))
	        ->  Bitmap Index Scan on sbtest8_pkey  (cost=0.00..22.40 rows=997 width=0)
	              Index Cond: ((id >= 548898) AND (id <= 549897))

for: distinct_ranges
table 1 : explain SELECT DISTINCT c FROM sbtest1 WHERE id BETWEEN 936519 AND 937518 ORDER BY c
	Unique  (cost=4166.34..4171.67 rows=1067 width=121)
	  ->  Sort  (cost=4166.34..4169.00 rows=1067 width=121)
	        Sort Key: c
	        ->  Bitmap Heap Scan on sbtest1  (cost=23.37..4112.67 rows=1067 width=121)
	              Recheck Cond: ((id >= 936519) AND (id <= 937518))
	              ->  Bitmap Index Scan on sbtest1_pkey  (cost=0.00..23.11 rows=1067 width=0)
	                    Index Cond: ((id >= 936519) AND (id <= 937518))

table 2 : explain SELECT DISTINCT c FROM sbtest2 WHERE id BETWEEN 9970693 AND 9971692 ORDER BY c
	Unique  (cost=3739.23..3744.00 rows=955 width=121)
	  ->  Sort  (cost=3739.23..3741.62 rows=955 width=121)
	        Sort Key: c
	        ->  Bitmap Heap Scan on sbtest2  (cost=22.22..3691.96 rows=955 width=121)
	              Recheck Cond: ((id >= 9970693) AND (id <= 9971692))
	              ->  Bitmap Index Scan on sbtest2_pkey  (cost=0.00..21.98 rows=955 width=0)
	                    Index Cond: ((id >= 9970693) AND (id <= 9971692))

table 3 : explain SELECT DISTINCT c FROM sbtest3 WHERE id BETWEEN 6726711 AND 6727710 ORDER BY c
	Unique  (cost=3657.19..3661.86 rows=934 width=121)
	  ->  Sort  (cost=3657.19..3659.52 rows=934 width=121)
	        Sort Key: c
	        ->  Bitmap Heap Scan on sbtest3  (cost=22.01..3611.11 rows=934 width=121)
	              Recheck Cond: ((id >= 6726711) AND (id <= 6727710))
	              ->  Bitmap Index Scan on sbtest3_pkey  (cost=0.00..21.77 rows=934 width=0)
	                    Index Cond: ((id >= 6726711) AND (id <= 6727710))

table 4 : explain SELECT DISTINCT c FROM sbtest4 WHERE id BETWEEN 9433042 AND 9434041 ORDER BY c
	Unique  (cost=3948.67..3953.72 rows=1010 width=121)
	  ->  Sort  (cost=3948.67..3951.20 rows=1010 width=121)
	        Sort Key: c
	        ->  Bitmap Heap Scan on sbtest4  (cost=22.79..3898.27 rows=1010 width=121)
	              Recheck Cond: ((id >= 9433042) AND (id <= 9434041))
	              ->  Bitmap Index Scan on sbtest4_pkey  (cost=0.00..22.54 rows=1010 width=0)
	                    Index Cond: ((id >= 9433042) AND (id <= 9434041))

table 5 : explain SELECT DISTINCT c FROM sbtest5 WHERE id BETWEEN 2660928 AND 2661927 ORDER BY c
	Unique  (cost=4083.56..4088.78 rows=1044 width=121)
	  ->  Sort  (cost=4083.56..4086.17 rows=1044 width=121)
	        Sort Key: c
	        ->  Bitmap Heap Scan on sbtest5  (cost=27.14..4031.22 rows=1044 width=121)
	              Recheck Cond: ((id >= 2660928) AND (id <= 2661927))
	              ->  Bitmap Index Scan on sbtest5_pkey  (cost=0.00..26.87 rows=1044 width=0)
	                    Index Cond: ((id >= 2660928) AND (id <= 2661927))

table 6 : explain SELECT DISTINCT c FROM sbtest6 WHERE id BETWEEN 1491915 AND 1492914 ORDER BY c
	Unique  (cost=3830.37..3835.27 rows=979 width=121)
	  ->  Sort  (cost=3830.37..3832.82 rows=979 width=121)
	        Sort Key: c
	        ->  Bitmap Heap Scan on sbtest6  (cost=22.47..3781.74 rows=979 width=121)
	              Recheck Cond: ((id >= 1491915) AND (id <= 1492914))
	              ->  Bitmap Index Scan on sbtest6_pkey  (cost=0.00..22.22 rows=979 width=0)
	                    Index Cond: ((id >= 1491915) AND (id <= 1492914))

table 7 : explain SELECT DISTINCT c FROM sbtest7 WHERE id BETWEEN 6771133 AND 6772132 ORDER BY c
	Unique  (cost=4025.27..4030.42 rows=1030 width=121)
	  ->  Sort  (cost=4025.27..4027.84 rows=1030 width=121)
	        Sort Key: c
	        ->  Bitmap Heap Scan on sbtest7  (cost=22.99..3973.72 rows=1030 width=121)
	              Recheck Cond: ((id >= 6771133) AND (id <= 6772132))
	              ->  Bitmap Index Scan on sbtest7_pkey  (cost=0.00..22.73 rows=1030 width=0)
	                    Index Cond: ((id >= 6771133) AND (id <= 6772132))

table 8 : explain SELECT DISTINCT c FROM sbtest8 WHERE id BETWEEN 2469496 AND 2470495 ORDER BY c
	Unique  (cost=4532.80..4538.62 rows=1163 width=121)
	  ->  Sort  (cost=4532.80..4535.71 rows=1163 width=121)
	        Sort Key: c
	        ->  Bitmap Heap Scan on sbtest8  (cost=28.36..4473.58 rows=1163 width=121)
	              Recheck Cond: ((id >= 2469496) AND (id <= 2470495))
	              ->  Bitmap Index Scan on sbtest8_pkey  (cost=0.00..28.07 rows=1163 width=0)
	                    Index Cond: ((id >= 2469496) AND (id <= 2470495))

explain: for point_selects :: explain SELECT c FROM sbtest%u WHERE id=%u
for: order_ranges
table 1 : explain SELECT c FROM sbtest1 WHERE id BETWEEN 4764549 AND 4765548 ORDER BY c
	Sort  (cost=3876.09..3878.57 rows=991 width=121)
	  Sort Key: c
	  ->  Bitmap Heap Scan on sbtest1  (cost=22.59..3826.78 rows=991 width=121)
	        Recheck Cond: ((id >= 4764549) AND (id <= 4765548))
	        ->  Bitmap Index Scan on sbtest1_pkey  (cost=0.00..22.34 rows=991 width=0)
	              Index Cond: ((id >= 4764549) AND (id <= 4765548))

table 2 : explain SELECT c FROM sbtest2 WHERE id BETWEEN 8487792 AND 8488791 ORDER BY c
	Sort  (cost=3838.75..3841.21 rows=981 width=121)
	  Sort Key: c
	  ->  Bitmap Heap Scan on sbtest2  (cost=22.49..3790.01 rows=981 width=121)
	        Recheck Cond: ((id >= 8487792) AND (id <= 8488791))
	        ->  Bitmap Index Scan on sbtest2_pkey  (cost=0.00..22.25 rows=981 width=0)
	              Index Cond: ((id >= 8487792) AND (id <= 8488791))

table 3 : explain SELECT c FROM sbtest3 WHERE id BETWEEN 2663112 AND 2664111 ORDER BY c
	Sort  (cost=3867.62..3870.10 rows=989 width=121)
	  Sort Key: c
	  ->  Bitmap Heap Scan on sbtest3  (cost=22.57..3818.42 rows=989 width=121)
	        Recheck Cond: ((id >= 2663112) AND (id <= 2664111))
	        ->  Bitmap Index Scan on sbtest3_pkey  (cost=0.00..22.32 rows=989 width=0)
	              Index Cond: ((id >= 2663112) AND (id <= 2664111))

table 4 : explain SELECT c FROM sbtest4 WHERE id BETWEEN 5078921 AND 5079920 ORDER BY c
	Sort  (cost=3895.16..3897.65 rows=996 width=121)
	  Sort Key: c
	  ->  Bitmap Heap Scan on sbtest4  (cost=22.64..3845.56 rows=996 width=121)
	        Recheck Cond: ((id >= 5078921) AND (id <= 5079920))
	        ->  Bitmap Index Scan on sbtest4_pkey  (cost=0.00..22.39 rows=996 width=0)
	              Index Cond: ((id >= 5078921) AND (id <= 5079920))

table 5 : explain SELECT c FROM sbtest5 WHERE id BETWEEN 9397285 AND 9398284 ORDER BY c
	Sort  (cost=3796.65..3799.08 rows=970 width=121)
	  Sort Key: c
	  ->  Bitmap Heap Scan on sbtest5  (cost=22.38..3748.53 rows=970 width=121)
	        Recheck Cond: ((id >= 9397285) AND (id <= 9398284))
	        ->  Bitmap Index Scan on sbtest5_pkey  (cost=0.00..22.14 rows=970 width=0)
	              Index Cond: ((id >= 9397285) AND (id <= 9398284))

table 6 : explain SELECT c FROM sbtest6 WHERE id BETWEEN 7012128 AND 7013127 ORDER BY c
	Sort  (cost=4143.64..4146.29 rows=1061 width=121)
	  Sort Key: c
	  ->  Bitmap Heap Scan on sbtest6  (cost=23.31..4090.32 rows=1061 width=121)
	        Recheck Cond: ((id >= 7012128) AND (id <= 7013127))
	        ->  Bitmap Index Scan on sbtest6_pkey  (cost=0.00..23.04 rows=1061 width=0)
	              Index Cond: ((id >= 7012128) AND (id <= 7013127))

table 7 : explain SELECT c FROM sbtest7 WHERE id BETWEEN 1250552 AND 1251551 ORDER BY c
	Sort  (cost=3615.92..3618.23 rows=923 width=121)
	  Sort Key: c
	  ->  Bitmap Heap Scan on sbtest7  (cost=21.90..3570.46 rows=923 width=121)
	        Recheck Cond: ((id >= 1250552) AND (id <= 1251551))
	        ->  Bitmap Index Scan on sbtest7_pkey  (cost=0.00..21.66 rows=923 width=0)
	              Index Cond: ((id >= 1250552) AND (id <= 1251551))

table 8 : explain SELECT c FROM sbtest8 WHERE id BETWEEN 808584 AND 809583 ORDER BY c
	Sort  (cost=3937.69..3940.21 rows=1007 width=121)
	  Sort Key: c
	  ->  Bitmap Heap Scan on sbtest8  (cost=22.76..3887.46 rows=1007 width=121)
	        Recheck Cond: ((id >= 808584) AND (id <= 809583))
	        ->  Bitmap Index Scan on sbtest8_pkey  (cost=0.00..22.50 rows=1007 width=0)
	              Index Cond: ((id >= 808584) AND (id <= 809583))

for point_selects
table 1 : explain SELECT c FROM sbtest1 WHERE id=4104148
	Index Scan using sbtest1_pkey on sbtest1  (cost=0.43..8.45 rows=1 width=121)
	  Index Cond: (id = 4104148)

table 2 : explain SELECT c FROM sbtest2 WHERE id=383463
	Index Scan using sbtest2_pkey on sbtest2  (cost=0.43..8.45 rows=1 width=121)
	  Index Cond: (id = 383463)

table 3 : explain SELECT c FROM sbtest3 WHERE id=9028544
	Index Scan using sbtest3_pkey on sbtest3  (cost=0.43..8.45 rows=1 width=121)
	  Index Cond: (id = 9028544)

table 4 : explain SELECT c FROM sbtest4 WHERE id=9223920
	Index Scan using sbtest4_pkey on sbtest4  (cost=0.43..8.45 rows=1 width=121)
	  Index Cond: (id = 9223920)

table 5 : explain SELECT c FROM sbtest5 WHERE id=6309157
	Index Scan using sbtest5_pkey on sbtest5  (cost=0.43..8.45 rows=1 width=121)
	  Index Cond: (id = 6309157)

table 6 : explain SELECT c FROM sbtest6 WHERE id=3316104
	Index Scan using sbtest6_pkey on sbtest6  (cost=0.43..8.45 rows=1 width=121)
	  Index Cond: (id = 3316104)

table 7 : explain SELECT c FROM sbtest7 WHERE id=1646856
	Index Scan using sbtest7_pkey on sbtest7  (cost=0.43..8.45 rows=1 width=121)
	  Index Cond: (id = 1646856)

table 8 : explain SELECT c FROM sbtest8 WHERE id=1700890
	Index Scan using sbtest8_pkey on sbtest8  (cost=0.43..8.45 rows=1 width=121)
	  Index Cond: (id = 1700890)

for point_selects
table 1 : explain SELECT c FROM sbtest1 WHERE id=1121463
	Index Scan using sbtest1_pkey on sbtest1  (cost=0.43..8.45 rows=1 width=121)
	  Index Cond: (id = 1121463)

table 2 : explain SELECT c FROM sbtest2 WHERE id=9076540
	Index Scan using sbtest2_pkey on sbtest2  (cost=0.43..8.45 rows=1 width=121)
	  Index Cond: (id = 9076540)

table 3 : explain SELECT c FROM sbtest3 WHERE id=7003736
	Index Scan using sbtest3_pkey on sbtest3  (cost=0.43..8.45 rows=1 width=121)
	  Index Cond: (id = 7003736)

table 4 : explain SELECT c FROM sbtest4 WHERE id=708523
	Index Scan using sbtest4_pkey on sbtest4  (cost=0.43..8.45 rows=1 width=121)
	  Index Cond: (id = 708523)

table 5 : explain SELECT c FROM sbtest5 WHERE id=1094694
	Index Scan using sbtest5_pkey on sbtest5  (cost=0.43..8.45 rows=1 width=121)
	  Index Cond: (id = 1094694)

table 6 : explain SELECT c FROM sbtest6 WHERE id=5931735
	Index Scan using sbtest6_pkey on sbtest6  (cost=0.43..8.45 rows=1 width=121)
	  Index Cond: (id = 5931735)

table 7 : explain SELECT c FROM sbtest7 WHERE id=6554036
	Index Scan using sbtest7_pkey on sbtest7  (cost=0.43..8.45 rows=1 width=121)
	  Index Cond: (id = 6554036)

table 8 : explain SELECT c FROM sbtest8 WHERE id=3199896
	Index Scan using sbtest8_pkey on sbtest8  (cost=0.43..8.45 rows=1 width=121)
	  Index Cond: (id = 3199896)

for: order_ranges
table 1 : explain SELECT c FROM sbtest1 WHERE id BETWEEN 8677127 AND 8678126 ORDER BY c
	Sort  (cost=3845.50..3847.96 rows=983 width=121)
	  Sort Key: c
	  ->  Bitmap Heap Scan on sbtest1  (cost=22.51..3796.64 rows=983 width=121)
	        Recheck Cond: ((id >= 8677127) AND (id <= 8678126))
	        ->  Bitmap Index Scan on sbtest1_pkey  (cost=0.00..22.26 rows=983 width=0)
	              Index Cond: ((id >= 8677127) AND (id <= 8678126))

table 2 : explain SELECT c FROM sbtest2 WHERE id BETWEEN 5669161 AND 5670160 ORDER BY c
	Sort  (cost=3888.48..3890.97 rows=994 width=121)
	  Sort Key: c
	  ->  Bitmap Heap Scan on sbtest2  (cost=22.62..3839.00 rows=994 width=121)
	        Recheck Cond: ((id >= 5669161) AND (id <= 5670160))
	        ->  Bitmap Index Scan on sbtest2_pkey  (cost=0.00..22.37 rows=994 width=0)
	              Index Cond: ((id >= 5669161) AND (id <= 5670160))

table 3 : explain SELECT c FROM sbtest3 WHERE id BETWEEN 5851069 AND 5852068 ORDER BY c
	Sort  (cost=3768.19..3770.60 rows=963 width=121)
	  Sort Key: c
	  ->  Bitmap Heap Scan on sbtest3  (cost=22.31..3720.47 rows=963 width=121)
	        Recheck Cond: ((id >= 5851069) AND (id <= 5852068))
	        ->  Bitmap Index Scan on sbtest3_pkey  (cost=0.00..22.07 rows=963 width=0)
	              Index Cond: ((id >= 5851069) AND (id <= 5852068))

table 4 : explain SELECT c FROM sbtest4 WHERE id BETWEEN 2683422 AND 2684421 ORDER BY c
	Sort  (cost=3906.63..3909.13 rows=999 width=121)
	  Sort Key: c
	  ->  Bitmap Heap Scan on sbtest4  (cost=22.67..3856.86 rows=999 width=121)
	        Recheck Cond: ((id >= 2683422) AND (id <= 2684421))
	        ->  Bitmap Index Scan on sbtest4_pkey  (cost=0.00..22.43 rows=999 width=0)
	              Index Cond: ((id >= 2683422) AND (id <= 2684421))

table 5 : explain SELECT c FROM sbtest5 WHERE id BETWEEN 989909 AND 990908 ORDER BY c
	Sort  (cost=3957.48..3960.01 rows=1011 width=121)
	  Sort Key: c
	  ->  Bitmap Heap Scan on sbtest5  (cost=26.80..3907.03 rows=1011 width=121)
	        Recheck Cond: ((id >= 989909) AND (id <= 990908))
	        ->  Bitmap Index Scan on sbtest5_pkey  (cost=0.00..26.54 rows=1011 width=0)
	              Index Cond: ((id >= 989909) AND (id <= 990908))

table 6 : explain SELECT c FROM sbtest6 WHERE id BETWEEN 140388 AND 141387 ORDER BY c
	Sort  (cost=4090.22..4092.83 rows=1047 width=121)
	  Sort Key: c
	  ->  Bitmap Heap Scan on sbtest6  (cost=23.17..4037.70 rows=1047 width=121)
	        Recheck Cond: ((id >= 140388) AND (id <= 141387))
	        ->  Bitmap Index Scan on sbtest6_pkey  (cost=0.00..22.90 rows=1047 width=0)
	              Index Cond: ((id >= 140388) AND (id <= 141387))

table 7 : explain SELECT c FROM sbtest7 WHERE id BETWEEN 2412891 AND 2413890 ORDER BY c
	Sort  (cost=3447.17..3449.37 rows=879 width=121)
	  Sort Key: c
	  ->  Bitmap Heap Scan on sbtest7  (cost=21.44..3404.19 rows=879 width=121)
	        Recheck Cond: ((id >= 2412891) AND (id <= 2413890))
	        ->  Bitmap Index Scan on sbtest7_pkey  (cost=0.00..21.22 rows=879 width=0)
	              Index Cond: ((id >= 2412891) AND (id <= 2413890))

table 8 : explain SELECT c FROM sbtest8 WHERE id BETWEEN 6416097 AND 6417096 ORDER BY c
	Sort  (cost=4101.94..4104.56 rows=1050 width=121)
	  Sort Key: c
	  ->  Bitmap Heap Scan on sbtest8  (cost=23.20..4049.25 rows=1050 width=121)
	        Recheck Cond: ((id >= 6416097) AND (id <= 6417096))
	        ->  Bitmap Index Scan on sbtest8_pkey  (cost=0.00..22.93 rows=1050 width=0)
	              Index Cond: ((id >= 6416097) AND (id <= 6417096))

for: sum_ranges
table 1 : explain SELECT SUM(k) FROM sbtest1 WHERE id BETWEEN 8749809 AND 8750808
	Aggregate  (cost=4025.08..4025.09 rows=1 width=8)
	  ->  Bitmap Heap Scan on sbtest1  (cost=23.13..4022.47 rows=1043 width=4)
	        Recheck Cond: ((id >= 8749809) AND (id <= 8750808))
	        ->  Bitmap Index Scan on sbtest1_pkey  (cost=0.00..22.86 rows=1043 width=0)
	              Index Cond: ((id >= 8749809) AND (id <= 8750808))

table 2 : explain SELECT SUM(k) FROM sbtest2 WHERE id BETWEEN 3950460 AND 3951459
	Aggregate  (cost=3958.29..3958.30 rows=1 width=8)
	  ->  Bitmap Heap Scan on sbtest2  (cost=22.94..3955.73 rows=1025 width=4)
	        Recheck Cond: ((id >= 3950460) AND (id <= 3951459))
	        ->  Bitmap Index Scan on sbtest2_pkey  (cost=0.00..22.68 rows=1025 width=0)
	              Index Cond: ((id >= 3950460) AND (id <= 3951459))

table 3 : explain SELECT SUM(k) FROM sbtest3 WHERE id BETWEEN 2739277 AND 2740276
	Aggregate  (cost=3756.82..3756.83 rows=1 width=8)
	  ->  Bitmap Heap Scan on sbtest3  (cost=22.40..3754.39 rows=972 width=4)
	        Recheck Cond: ((id >= 2739277) AND (id <= 2740276))
	        ->  Bitmap Index Scan on sbtest3_pkey  (cost=0.00..22.15 rows=972 width=0)
	              Index Cond: ((id >= 2739277) AND (id <= 2740276))

table 4 : explain SELECT SUM(k) FROM sbtest4 WHERE id BETWEEN 1893646 AND 1894645
	Aggregate  (cost=3904.56..3904.57 rows=1 width=8)
	  ->  Bitmap Heap Scan on sbtest4  (cost=22.80..3902.04 rows=1011 width=4)
	        Recheck Cond: ((id >= 1893646) AND (id <= 1894645))
	        ->  Bitmap Index Scan on sbtest4_pkey  (cost=0.00..22.54 rows=1011 width=0)
	              Index Cond: ((id >= 1893646) AND (id <= 1894645))

table 5 : explain SELECT SUM(k) FROM sbtest5 WHERE id BETWEEN 426076 AND 427075
	Aggregate  (cost=3735.86..3735.87 rows=1 width=8)
	  ->  Bitmap Heap Scan on sbtest5  (cost=22.34..3733.45 rows=966 width=4)
	        Recheck Cond: ((id >= 426076) AND (id <= 427075))
	        ->  Bitmap Index Scan on sbtest5_pkey  (cost=0.00..22.09 rows=966 width=0)
	              Index Cond: ((id >= 426076) AND (id <= 427075))

table 6 : explain SELECT SUM(k) FROM sbtest6 WHERE id BETWEEN 5009047 AND 5010046
	Aggregate  (cost=4464.93..4464.94 rows=1 width=8)
	  ->  Bitmap Heap Scan on sbtest6  (cost=28.32..4462.03 rows=1160 width=4)
	        Recheck Cond: ((id >= 5009047) AND (id <= 5010046))
	        ->  Bitmap Index Scan on sbtest6_pkey  (cost=0.00..28.04 rows=1160 width=0)
	              Index Cond: ((id >= 5009047) AND (id <= 5010046))

table 7 : explain SELECT SUM(k) FROM sbtest7 WHERE id BETWEEN 5810972 AND 5811971
	Aggregate  (cost=4017.70..4017.71 rows=1 width=8)
	  ->  Bitmap Heap Scan on sbtest7  (cost=23.11..4015.10 rows=1041 width=4)
	        Recheck Cond: ((id >= 5810972) AND (id <= 5811971))
	        ->  Bitmap Index Scan on sbtest7_pkey  (cost=0.00..22.84 rows=1041 width=0)
	              Index Cond: ((id >= 5810972) AND (id <= 5811971))

table 8 : explain SELECT SUM(k) FROM sbtest8 WHERE id BETWEEN 4164905 AND 4165904
	Aggregate  (cost=4191.23..4191.24 rows=1 width=8)
	  ->  Bitmap Heap Scan on sbtest8  (cost=27.57..4188.52 rows=1086 width=4)
	        Recheck Cond: ((id >= 4164905) AND (id <= 4165904))
	        ->  Bitmap Index Scan on sbtest8_pkey  (cost=0.00..27.29 rows=1086 width=0)
	              Index Cond: ((id >= 4164905) AND (id <= 4165904))

for: sum_ranges
table 1 : explain SELECT SUM(k) FROM sbtest1 WHERE id BETWEEN 334224 AND 335223
	Aggregate  (cost=3583.98..3583.99 rows=1 width=8)
	  ->  Bitmap Heap Scan on sbtest1  (cost=21.93..3581.67 rows=926 width=4)
	        Recheck Cond: ((id >= 334224) AND (id <= 335223))
	        ->  Bitmap Index Scan on sbtest1_pkey  (cost=0.00..21.69 rows=926 width=0)
	              Index Cond: ((id >= 334224) AND (id <= 335223))

table 2 : explain SELECT SUM(k) FROM sbtest2 WHERE id BETWEEN 4126249 AND 4127248
	Aggregate  (cost=3965.83..3965.84 rows=1 width=8)
	  ->  Bitmap Heap Scan on sbtest2  (cost=22.96..3963.26 rows=1027 width=4)
	        Recheck Cond: ((id >= 4126249) AND (id <= 4127248))
	        ->  Bitmap Index Scan on sbtest2_pkey  (cost=0.00..22.70 rows=1027 width=0)
	              Index Cond: ((id >= 4126249) AND (id <= 4127248))

table 3 : explain SELECT SUM(k) FROM sbtest3 WHERE id BETWEEN 7149168 AND 7150167
	Aggregate  (cost=3866.10..3866.11 rows=1 width=8)
	  ->  Bitmap Heap Scan on sbtest3  (cost=22.70..3863.60 rows=1001 width=4)
	        Recheck Cond: ((id >= 7149168) AND (id <= 7150167))
	        ->  Bitmap Index Scan on sbtest3_pkey  (cost=0.00..22.44 rows=1001 width=0)
	              Index Cond: ((id >= 7149168) AND (id <= 7150167))

table 4 : explain SELECT SUM(k) FROM sbtest4 WHERE id BETWEEN 2678185 AND 2679184
	Aggregate  (cost=3859.36..3859.37 rows=1 width=8)
	  ->  Bitmap Heap Scan on sbtest4  (cost=22.67..3856.86 rows=999 width=4)
	        Recheck Cond: ((id >= 2678185) AND (id <= 2679184))
	        ->  Bitmap Index Scan on sbtest4_pkey  (cost=0.00..22.43 rows=999 width=0)
	              Index Cond: ((id >= 2678185) AND (id <= 2679184))

table 5 : explain SELECT SUM(k) FROM sbtest5 WHERE id BETWEEN 6386143 AND 6387142
	Aggregate  (cost=3758.51..3758.52 rows=1 width=8)
	  ->  Bitmap Heap Scan on sbtest5  (cost=22.40..3756.08 rows=972 width=4)
	        Recheck Cond: ((id >= 6386143) AND (id <= 6387142))
	        ->  Bitmap Index Scan on sbtest5_pkey  (cost=0.00..22.15 rows=972 width=0)
	              Index Cond: ((id >= 6386143) AND (id <= 6387142))

table 6 : explain SELECT SUM(k) FROM sbtest6 WHERE id BETWEEN 7085674 AND 7086673
	Aggregate  (cost=3603.03..3603.04 rows=1 width=8)
	  ->  Bitmap Heap Scan on sbtest6  (cost=21.98..3600.70 rows=931 width=4)
	        Recheck Cond: ((id >= 7085674) AND (id <= 7086673))
	        ->  Bitmap Index Scan on sbtest6_pkey  (cost=0.00..21.75 rows=931 width=0)
	              Index Cond: ((id >= 7085674) AND (id <= 7086673))

table 7 : explain SELECT SUM(k) FROM sbtest7 WHERE id BETWEEN 9356207 AND 9357206
	Aggregate  (cost=4040.27..4040.28 rows=1 width=8)
	  ->  Bitmap Heap Scan on sbtest7  (cost=23.17..4037.66 rows=1047 width=4)
	        Recheck Cond: ((id >= 9356207) AND (id <= 9357206))
	        ->  Bitmap Index Scan on sbtest7_pkey  (cost=0.00..22.90 rows=1047 width=0)
	              Index Cond: ((id >= 9356207) AND (id <= 9357206))

table 8 : explain SELECT SUM(k) FROM sbtest8 WHERE id BETWEEN 5864719 AND 5865718
	Aggregate  (cost=3825.91..3825.92 rows=1 width=8)
	  ->  Bitmap Heap Scan on sbtest8  (cost=22.58..3823.44 rows=990 width=4)
	        Recheck Cond: ((id >= 5864719) AND (id <= 5865718))
	        ->  Bitmap Index Scan on sbtest8_pkey  (cost=0.00..22.33 rows=990 width=0)
	              Index Cond: ((id >= 5864719) AND (id <= 5865718))

for: distinct_ranges
table 1 : explain SELECT DISTINCT c FROM sbtest1 WHERE id BETWEEN 6201242 AND 6202241 ORDER BY c
	Unique  (cost=3856.97..3861.90 rows=986 width=121)
	  ->  Sort  (cost=3856.97..3859.44 rows=986 width=121)
	        Sort Key: c
	        ->  Bitmap Heap Scan on sbtest1  (cost=22.54..3807.94 rows=986 width=121)
	              Recheck Cond: ((id >= 6201242) AND (id <= 6202241))
	              ->  Bitmap Index Scan on sbtest1_pkey  (cost=0.00..22.29 rows=986 width=0)
	                    Index Cond: ((id >= 6201242) AND (id <= 6202241))

table 2 : explain SELECT DISTINCT c FROM sbtest2 WHERE id BETWEEN 320436 AND 321435 ORDER BY c
	Unique  (cost=3593.62..3598.20 rows=917 width=121)
	  ->  Sort  (cost=3593.62..3595.91 rows=917 width=121)
	        Sort Key: c
	        ->  Bitmap Heap Scan on sbtest2  (cost=21.83..3548.50 rows=917 width=121)
	              Recheck Cond: ((id >= 320436) AND (id <= 321435))
	              ->  Bitmap Index Scan on sbtest2_pkey  (cost=0.00..21.61 rows=917 width=0)
	                    Index Cond: ((id >= 320436) AND (id <= 321435))

table 3 : explain SELECT DISTINCT c FROM sbtest3 WHERE id BETWEEN 4743798 AND 4744797 ORDER BY c
	Unique  (cost=3940.23..3945.27 rows=1008 width=121)
	  ->  Sort  (cost=3940.23..3942.75 rows=1008 width=121)
	        Sort Key: c
	        ->  Bitmap Heap Scan on sbtest3  (cost=22.77..3889.94 rows=1008 width=121)
	              Recheck Cond: ((id >= 4743798) AND (id <= 4744797))
	              ->  Bitmap Index Scan on sbtest3_pkey  (cost=0.00..22.51 rows=1008 width=0)
	                    Index Cond: ((id >= 4743798) AND (id <= 4744797))

table 4 : explain SELECT DISTINCT c FROM sbtest4 WHERE id BETWEEN 4935093 AND 4936092 ORDER BY c
	Unique  (cost=4028.89..4034.05 rows=1031 width=121)
	  ->  Sort  (cost=4028.89..4031.47 rows=1031 width=121)
	        Sort Key: c
	        ->  Bitmap Heap Scan on sbtest4  (cost=23.00..3977.29 rows=1031 width=121)
	              Recheck Cond: ((id >= 4935093) AND (id <= 4936092))
	              ->  Bitmap Index Scan on sbtest4_pkey  (cost=0.00..22.75 rows=1031 width=0)
	                    Index Cond: ((id >= 4935093) AND (id <= 4936092))

table 5 : explain SELECT DISTINCT c FROM sbtest5 WHERE id BETWEEN 4384151 AND 4385150 ORDER BY c
	Unique  (cost=3811.96..3816.83 rows=974 width=121)
	  ->  Sort  (cost=3811.96..3814.40 rows=974 width=121)
	        Sort Key: c
	        ->  Bitmap Heap Scan on sbtest5  (cost=22.42..3763.62 rows=974 width=121)
	              Recheck Cond: ((id >= 4384151) AND (id <= 4385150))
	              ->  Bitmap Index Scan on sbtest5_pkey  (cost=0.00..22.18 rows=974 width=0)
	                    Index Cond: ((id >= 4384151) AND (id <= 4385150))

table 6 : explain SELECT DISTINCT c FROM sbtest6 WHERE id BETWEEN 7824899 AND 7825898 ORDER BY c
	Unique  (cost=4067.31..4072.52 rows=1041 width=121)
	  ->  Sort  (cost=4067.31..4069.91 rows=1041 width=121)
	        Sort Key: c
	        ->  Bitmap Heap Scan on sbtest6  (cost=23.11..4015.14 rows=1041 width=121)
	              Recheck Cond: ((id >= 7824899) AND (id <= 7825898))
	              ->  Bitmap Index Scan on sbtest6_pkey  (cost=0.00..22.84 rows=1041 width=0)
	                    Index Cond: ((id >= 7824899) AND (id <= 7825898))

table 7 : explain SELECT DISTINCT c FROM sbtest7 WHERE id BETWEEN 5697004 AND 5698003 ORDER BY c
	Unique  (cost=3818.86..3823.74 rows=976 width=121)
	  ->  Sort  (cost=3818.86..3821.30 rows=976 width=121)
	        Sort Key: c
	        ->  Bitmap Heap Scan on sbtest7  (cost=22.44..3770.40 rows=976 width=121)
	              Recheck Cond: ((id >= 5697004) AND (id <= 5698003))
	              ->  Bitmap Index Scan on sbtest7_pkey  (cost=0.00..22.19 rows=976 width=0)
	                    Index Cond: ((id >= 5697004) AND (id <= 5698003))

table 8 : explain SELECT DISTINCT c FROM sbtest8 WHERE id BETWEEN 7042916 AND 7043915 ORDER BY c
	Unique  (cost=4079.03..4084.25 rows=1044 width=121)
	  ->  Sort  (cost=4079.03..4081.64 rows=1044 width=121)
	        Sort Key: c
	        ->  Bitmap Heap Scan on sbtest8  (cost=23.14..4026.69 rows=1044 width=121)
	              Recheck Cond: ((id >= 7042916) AND (id <= 7043915))
	              ->  Bitmap Index Scan on sbtest8_pkey  (cost=0.00..22.87 rows=1044 width=0)
	                    Index Cond: ((id >= 7042916) AND (id <= 7043915))

for: simple_ranges
table 1 : explain SELECT c FROM sbtest1 WHERE id BETWEEN 2318544 AND 2319543
	Bitmap Heap Scan on sbtest1  (cost=23.60..4195.29 rows=1089 width=121)
	  Recheck Cond: ((id >= 2318544) AND (id <= 2319543))
	  ->  Bitmap Index Scan on sbtest1_pkey  (cost=0.00..23.32 rows=1089 width=0)
	        Index Cond: ((id >= 2318544) AND (id <= 2319543))

table 2 : explain SELECT c FROM sbtest2 WHERE id BETWEEN 772369 AND 773368
	Bitmap Heap Scan on sbtest2  (cost=27.44..4144.00 rows=1074 width=121)
	  Recheck Cond: ((id >= 772369) AND (id <= 773368))
	  ->  Bitmap Index Scan on sbtest2_pkey  (cost=0.00..27.18 rows=1074 width=0)
	        Index Cond: ((id >= 772369) AND (id <= 773368))

table 3 : explain SELECT c FROM sbtest3 WHERE id BETWEEN 1947062 AND 1948061
	Bitmap Heap Scan on sbtest3  (cost=22.43..3765.69 rows=975 width=121)
	  Recheck Cond: ((id >= 1947062) AND (id <= 1948061))
	  ->  Bitmap Index Scan on sbtest3_pkey  (cost=0.00..22.18 rows=975 width=0)
	        Index Cond: ((id >= 1947062) AND (id <= 1948061))

table 4 : explain SELECT c FROM sbtest4 WHERE id BETWEEN 9409566 AND 9410565
	Bitmap Heap Scan on sbtest4  (cost=22.79..3898.27 rows=1010 width=121)
	  Recheck Cond: ((id >= 9409566) AND (id <= 9410565))
	  ->  Bitmap Index Scan on sbtest4_pkey  (cost=0.00..22.54 rows=1010 width=0)
	        Index Cond: ((id >= 9409566) AND (id <= 9410565))

table 5 : explain SELECT c FROM sbtest5 WHERE id BETWEEN 3760761 AND 3761760
	Bitmap Heap Scan on sbtest5  (cost=27.24..4068.82 rows=1054 width=121)
	  Recheck Cond: ((id >= 3760761) AND (id <= 3761760))
	  ->  Bitmap Index Scan on sbtest5_pkey  (cost=0.00..26.97 rows=1054 width=0)
	        Index Cond: ((id >= 3760761) AND (id <= 3761760))

table 6 : explain SELECT c FROM sbtest6 WHERE id BETWEEN 3302939 AND 3303938
	Bitmap Heap Scan on sbtest6  (cost=22.25..3702.57 rows=958 width=121)
	  Recheck Cond: ((id >= 3302939) AND (id <= 3303938))
	  ->  Bitmap Index Scan on sbtest6_pkey  (cost=0.00..22.01 rows=958 width=0)
	        Index Cond: ((id >= 3302939) AND (id <= 3303938))

table 7 : explain SELECT c FROM sbtest7 WHERE id BETWEEN 1749782 AND 1750781
	Bitmap Heap Scan on sbtest7  (cost=22.87..3928.57 rows=1018 width=121)
	  Recheck Cond: ((id >= 1749782) AND (id <= 1750781))
	  ->  Bitmap Index Scan on sbtest7_pkey  (cost=0.00..22.61 rows=1018 width=0)
	        Index Cond: ((id >= 1749782) AND (id <= 1750781))

table 8 : explain SELECT c FROM sbtest8 WHERE id BETWEEN 6471154 AND 6472153
	Bitmap Heap Scan on sbtest8  (cost=22.75..3883.70 rows=1006 width=121)
	  Recheck Cond: ((id >= 6471154) AND (id <= 6472153))
	  ->  Bitmap Index Scan on sbtest8_pkey  (cost=0.00..22.50 rows=1006 width=0)
	        Index Cond: ((id >= 6471154) AND (id <= 6472153))

explain: for point_selects :: explain SELECT c FROM sbtest%u WHERE id=%u
for point_selects
table 1 : explain SELECT c FROM sbtest1 WHERE id=8644728
	Index Scan using sbtest1_pkey on sbtest1  (cost=0.43..8.45 rows=1 width=121)
	  Index Cond: (id = 8644728)

table 2 : explain SELECT c FROM sbtest2 WHERE id=5331836
	Index Scan using sbtest2_pkey on sbtest2  (cost=0.43..8.45 rows=1 width=121)
	  Index Cond: (id = 5331836)

table 3 : explain SELECT c FROM sbtest3 WHERE id=6524080
	Index Scan using sbtest3_pkey on sbtest3  (cost=0.43..8.45 rows=1 width=121)
	  Index Cond: (id = 6524080)

table 4 : explain SELECT c FROM sbtest4 WHERE id=2545144
	Index Scan using sbtest4_pkey on sbtest4  (cost=0.43..8.45 rows=1 width=121)
	  Index Cond: (id = 2545144)

table 5 : explain SELECT c FROM sbtest5 WHERE id=5924523
	Index Scan using sbtest5_pkey on sbtest5  (cost=0.43..8.45 rows=1 width=121)
	  Index Cond: (id = 5924523)

table 6 : explain SELECT c FROM sbtest6 WHERE id=9201000
	Index Scan using sbtest6_pkey on sbtest6  (cost=0.43..8.45 rows=1 width=121)
	  Index Cond: (id = 9201000)

table 7 : explain SELECT c FROM sbtest7 WHERE id=2565276
	Index Scan using sbtest7_pkey on sbtest7  (cost=0.43..8.45 rows=1 width=121)
	  Index Cond: (id = 2565276)

table 8 : explain SELECT c FROM sbtest8 WHERE id=3877087
	Index Scan using sbtest8_pkey on sbtest8  (cost=0.43..8.45 rows=1 width=121)
	  Index Cond: (id = 3877087)

for: simple_ranges
table 1 : explain SELECT c FROM sbtest1 WHERE id BETWEEN 8541896 AND 8542895
	Bitmap Heap Scan on sbtest1  (cost=22.14..3660.92 rows=947 width=121)
	  Recheck Cond: ((id >= 8541896) AND (id <= 8542895))
	  ->  Bitmap Index Scan on sbtest1_pkey  (cost=0.00..21.90 rows=947 width=0)
	        Index Cond: ((id >= 8541896) AND (id <= 8542895))

table 2 : explain SELECT c FROM sbtest2 WHERE id BETWEEN 6191238 AND 6192237
	Bitmap Heap Scan on sbtest2  (cost=22.93..3951.97 rows=1024 width=121)
	  Recheck Cond: ((id >= 6191238) AND (id <= 6192237))
	  ->  Bitmap Index Scan on sbtest2_pkey  (cost=0.00..22.68 rows=1024 width=0)
	        Index Cond: ((id >= 6191238) AND (id <= 6192237))

table 3 : explain SELECT c FROM sbtest3 WHERE id BETWEEN 7758714 AND 7759713
	Bitmap Heap Scan on sbtest3  (cost=21.73..3509.19 rows=907 width=121)
	  Recheck Cond: ((id >= 7758714) AND (id <= 7759713))
	  ->  Bitmap Index Scan on sbtest3_pkey  (cost=0.00..21.50 rows=907 width=0)
	        Index Cond: ((id >= 7758714) AND (id <= 7759713))

table 4 : explain SELECT c FROM sbtest4 WHERE id BETWEEN 9896124 AND 9897123
	Bitmap Heap Scan on sbtest4  (cost=22.04..3623.14 rows=937 width=121)
	  Recheck Cond: ((id >= 9896124) AND (id <= 9897123))
	  ->  Bitmap Index Scan on sbtest4_pkey  (cost=0.00..21.80 rows=937 width=0)
	        Index Cond: ((id >= 9896124) AND (id <= 9897123))

table 5 : explain SELECT c FROM sbtest5 WHERE id BETWEEN 2495605 AND 2496604
	Bitmap Heap Scan on sbtest5  (cost=21.81..3540.94 rows=915 width=121)
	  Recheck Cond: ((id >= 2495605) AND (id <= 2496604))
	  ->  Bitmap Index Scan on sbtest5_pkey  (cost=0.00..21.58 rows=915 width=0)
	        Index Cond: ((id >= 2495605) AND (id <= 2496604))

table 6 : explain SELECT c FROM sbtest6 WHERE id BETWEEN 1621574 AND 1622573
	Bitmap Heap Scan on sbtest6  (cost=22.48..3785.51 rows=980 width=121)
	  Recheck Cond: ((id >= 1621574) AND (id <= 1622573))
	  ->  Bitmap Index Scan on sbtest6_pkey  (cost=0.00..22.23 rows=980 width=0)
	        Index Cond: ((id >= 1621574) AND (id <= 1622573))

table 7 : explain SELECT c FROM sbtest7 WHERE id BETWEEN 5149656 AND 5150655
	Bitmap Heap Scan on sbtest7  (cost=22.80..3902.23 rows=1011 width=121)
	  Recheck Cond: ((id >= 5149656) AND (id <= 5150655))
	  ->  Bitmap Index Scan on sbtest7_pkey  (cost=0.00..22.54 rows=1011 width=0)
	        Index Cond: ((id >= 5149656) AND (id <= 5150655))

table 8 : explain SELECT c FROM sbtest8 WHERE id BETWEEN 3280723 AND 3281722
	Bitmap Heap Scan on sbtest8  (cost=22.65..3849.81 rows=997 width=121)
	  Recheck Cond: ((id >= 3280723) AND (id <= 3281722))
	  ->  Bitmap Index Scan on sbtest8_pkey  (cost=0.00..22.40 rows=997 width=0)
	        Index Cond: ((id >= 3280723) AND (id <= 3281722))

for: sum_ranges
table 1 : explain SELECT SUM(k) FROM sbtest1 WHERE id BETWEEN 8650088 AND 8651087
	Aggregate  (cost=3799.10..3799.11 rows=1 width=8)
	  ->  Bitmap Heap Scan on sbtest1  (cost=22.51..3796.64 rows=983 width=4)
	        Recheck Cond: ((id >= 8650088) AND (id <= 8651087))
	        ->  Bitmap Index Scan on sbtest1_pkey  (cost=0.00..22.26 rows=983 width=0)
	              Index Cond: ((id >= 8650088) AND (id <= 8651087))

table 2 : explain SELECT SUM(k) FROM sbtest2 WHERE id BETWEEN 1377923 AND 1378922
	Aggregate  (cost=3448.67..3448.68 rows=1 width=8)
	  ->  Bitmap Heap Scan on sbtest2  (cost=21.56..3446.45 rows=890 width=4)
	        Recheck Cond: ((id >= 1377923) AND (id <= 1378922))
	        ->  Bitmap Index Scan on sbtest2_pkey  (cost=0.00..21.33 rows=890 width=0)
	              Index Cond: ((id >= 1377923) AND (id <= 1378922))

table 3 : explain SELECT SUM(k) FROM sbtest3 WHERE id BETWEEN 4388241 AND 4389240
	Aggregate  (cost=3435.85..3435.86 rows=1 width=8)
	  ->  Bitmap Heap Scan on sbtest3  (cost=21.53..3433.63 rows=887 width=4)
	        Recheck Cond: ((id >= 4388241) AND (id <= 4389240))
	        ->  Bitmap Index Scan on sbtest3_pkey  (cost=0.00..21.30 rows=887 width=0)
	              Index Cond: ((id >= 4388241) AND (id <= 4389240))

table 4 : explain SELECT SUM(k) FROM sbtest4 WHERE id BETWEEN 3585553 AND 3586552
	Aggregate  (cost=3893.26..3893.27 rows=1 width=8)
	  ->  Bitmap Heap Scan on sbtest4  (cost=22.77..3890.74 rows=1008 width=4)
	        Recheck Cond: ((id >= 3585553) AND (id <= 3586552))
	        ->  Bitmap Index Scan on sbtest4_pkey  (cost=0.00..22.51 rows=1008 width=0)
	              Index Cond: ((id >= 3585553) AND (id <= 3586552))

table 5 : explain SELECT SUM(k) FROM sbtest5 WHERE id BETWEEN 4134014 AND 4135013
	Aggregate  (cost=3917.09..3917.10 rows=1 width=8)
	  ->  Bitmap Heap Scan on sbtest5  (cost=26.82..3914.56 rows=1013 width=4)
	        Recheck Cond: ((id >= 4134014) AND (id <= 4135013))
	        ->  Bitmap Index Scan on sbtest5_pkey  (cost=0.00..26.57 rows=1013 width=0)
	              Index Cond: ((id >= 4134014) AND (id <= 4135013))

table 6 : explain SELECT SUM(k) FROM sbtest6 WHERE id BETWEEN 100077 AND 101076
	Aggregate  (cost=3731.38..3731.39 rows=1 width=8)
	  ->  Bitmap Heap Scan on sbtest6  (cost=22.33..3728.97 rows=965 width=4)
	        Recheck Cond: ((id >= 100077) AND (id <= 101076))
	        ->  Bitmap Index Scan on sbtest6_pkey  (cost=0.00..22.08 rows=965 width=0)
	              Index Cond: ((id >= 100077) AND (id <= 101076))

table 7 : explain SELECT SUM(k) FROM sbtest7 WHERE id BETWEEN 3170043 AND 3171042
	Aggregate  (cost=4032.75..4032.76 rows=1 width=8)
	  ->  Bitmap Heap Scan on sbtest7  (cost=23.15..4030.14 rows=1045 width=4)
	        Recheck Cond: ((id >= 3170043) AND (id <= 3171042))
	        ->  Bitmap Index Scan on sbtest7_pkey  (cost=0.00..22.89 rows=1045 width=0)
	              Index Cond: ((id >= 3170043) AND (id <= 3171042))

table 8 : explain SELECT SUM(k) FROM sbtest8 WHERE id BETWEEN 1464716 AND 1465715
	Aggregate  (cost=3791.98..3791.99 rows=1 width=8)
	  ->  Bitmap Heap Scan on sbtest8  (cost=22.49..3789.52 rows=981 width=4)
	        Recheck Cond: ((id >= 1464716) AND (id <= 1465715))
	        ->  Bitmap Index Scan on sbtest8_pkey  (cost=0.00..22.25 rows=981 width=0)
	              Index Cond: ((id >= 1464716) AND (id <= 1465715))

for: order_ranges
table 1 : explain SELECT c FROM sbtest1 WHERE id BETWEEN 3386573 AND 3387572 ORDER BY c
	Sort  (cost=3967.82..3970.36 rows=1015 width=121)
	  Sort Key: c
	  ->  Bitmap Heap Scan on sbtest1  (cost=22.84..3917.14 rows=1015 width=121)
	        Recheck Cond: ((id >= 3386573) AND (id <= 3387572))
	        ->  Bitmap Index Scan on sbtest1_pkey  (cost=0.00..22.58 rows=1015 width=0)
	              Index Cond: ((id >= 3386573) AND (id <= 3387572))

table 2 : explain SELECT c FROM sbtest2 WHERE id BETWEEN 5737608 AND 5738607 ORDER BY c
	Sort  (cost=4018.45..4021.02 rows=1028 width=121)
	  Sort Key: c
	  ->  Bitmap Heap Scan on sbtest2  (cost=22.97..3967.02 rows=1028 width=121)
	        Recheck Cond: ((id >= 5737608) AND (id <= 5738607))
	        ->  Bitmap Index Scan on sbtest2_pkey  (cost=0.00..22.71 rows=1028 width=0)
	              Index Cond: ((id >= 5737608) AND (id <= 5738607))

table 3 : explain SELECT c FROM sbtest3 WHERE id BETWEEN 1156030 AND 1157029 ORDER BY c
	Sort  (cost=3966.97..3969.51 rows=1015 width=121)
	  Sort Key: c
	  ->  Bitmap Heap Scan on sbtest3  (cost=22.84..3916.28 rows=1015 width=121)
	        Recheck Cond: ((id >= 1156030) AND (id <= 1157029))
	        ->  Bitmap Index Scan on sbtest3_pkey  (cost=0.00..22.58 rows=1015 width=0)
	              Index Cond: ((id >= 1156030) AND (id <= 1157029))

table 4 : explain SELECT c FROM sbtest4 WHERE id BETWEEN 8546171 AND 8547170 ORDER BY c
	Sort  (cost=3814.85..3817.29 rows=975 width=121)
	  Sort Key: c
	  ->  Bitmap Heap Scan on sbtest4  (cost=22.43..3766.45 rows=975 width=121)
	        Recheck Cond: ((id >= 8546171) AND (id <= 8547170))
	        ->  Bitmap Index Scan on sbtest4_pkey  (cost=0.00..22.18 rows=975 width=0)
	              Index Cond: ((id >= 8546171) AND (id <= 8547170))

table 5 : explain SELECT c FROM sbtest5 WHERE id BETWEEN 659054 AND 660053 ORDER BY c
	Sort  (cost=3972.77..3975.31 rows=1015 width=121)
	  Sort Key: c
	  ->  Bitmap Heap Scan on sbtest5  (cost=26.84..3922.09 rows=1015 width=121)
	        Recheck Cond: ((id >= 659054) AND (id <= 660053))
	        ->  Bitmap Index Scan on sbtest5_pkey  (cost=0.00..26.58 rows=1015 width=0)
	              Index Cond: ((id >= 659054) AND (id <= 660053))

table 6 : explain SELECT c FROM sbtest6 WHERE id BETWEEN 2450847 AND 2451846 ORDER BY c
	Sort  (cost=4002.39..4004.95 rows=1024 width=121)
	  Sort Key: c
	  ->  Bitmap Heap Scan on sbtest6  (cost=22.93..3951.19 rows=1024 width=121)
	        Recheck Cond: ((id >= 2450847) AND (id <= 2451846))
	        ->  Bitmap Index Scan on sbtest6_pkey  (cost=0.00..22.68 rows=1024 width=0)
	              Index Cond: ((id >= 2450847) AND (id <= 2451846))

table 7 : explain SELECT c FROM sbtest7 WHERE id BETWEEN 2608899 AND 2609898 ORDER BY c
	Sort  (cost=3792.08..3794.50 rows=969 width=121)
	  Sort Key: c
	  ->  Bitmap Heap Scan on sbtest7  (cost=22.37..3744.01 rows=969 width=121)
	        Recheck Cond: ((id >= 2608899) AND (id <= 2609898))
	        ->  Bitmap Index Scan on sbtest7_pkey  (cost=0.00..22.12 rows=969 width=0)
	              Index Cond: ((id >= 2608899) AND (id <= 2609898))

table 8 : explain SELECT c FROM sbtest8 WHERE id BETWEEN 949738 AND 950737 ORDER BY c
	Sort  (cost=4273.78..4276.51 rows=1094 width=121)
	  Sort Key: c
	  ->  Bitmap Heap Scan on sbtest8  (cost=27.65..4218.56 rows=1094 width=121)
	        Recheck Cond: ((id >= 949738) AND (id <= 950737))
	        ->  Bitmap Index Scan on sbtest8_pkey  (cost=0.00..27.37 rows=1094 width=0)
	              Index Cond: ((id >= 949738) AND (id <= 950737))

for: sum_ranges
table 1 : explain SELECT SUM(k) FROM sbtest1 WHERE id BETWEEN 6637753 AND 6638752
	Aggregate  (cost=4058.93..4058.94 rows=1 width=8)
	  ->  Bitmap Heap Scan on sbtest1  (cost=23.22..4056.30 rows=1052 width=4)
	        Recheck Cond: ((id >= 6637753) AND (id <= 6638752))
	        ->  Bitmap Index Scan on sbtest1_pkey  (cost=0.00..22.95 rows=1052 width=0)
	              Index Cond: ((id >= 6637753) AND (id <= 6638752))

table 2 : explain SELECT SUM(k) FROM sbtest2 WHERE id BETWEEN 1755982 AND 1756981
	Aggregate  (cost=3867.87..3867.88 rows=1 width=8)
	  ->  Bitmap Heap Scan on sbtest2  (cost=22.70..3865.37 rows=1001 width=4)
	        Recheck Cond: ((id >= 1755982) AND (id <= 1756981))
	        ->  Bitmap Index Scan on sbtest2_pkey  (cost=0.00..22.44 rows=1001 width=0)
	              Index Cond: ((id >= 1755982) AND (id <= 1756981))

table 3 : explain SELECT SUM(k) FROM sbtest3 WHERE id BETWEEN 2886027 AND 2887026
	Aggregate  (cost=3537.91..3537.92 rows=1 width=8)
	  ->  Bitmap Heap Scan on sbtest3  (cost=21.80..3535.62 rows=914 width=4)
	        Recheck Cond: ((id >= 2886027) AND (id <= 2887026))
	        ->  Bitmap Index Scan on sbtest3_pkey  (cost=0.00..21.57 rows=914 width=0)
	              Index Cond: ((id >= 2886027) AND (id <= 2887026))

table 4 : explain SELECT SUM(k) FROM sbtest4 WHERE id BETWEEN 250785 AND 251784
	Aggregate  (cost=4043.83..4043.84 rows=1 width=8)
	  ->  Bitmap Heap Scan on sbtest4  (cost=23.18..4041.21 rows=1048 width=4)
	        Recheck Cond: ((id >= 250785) AND (id <= 251784))
	        ->  Bitmap Index Scan on sbtest4_pkey  (cost=0.00..22.91 rows=1048 width=0)
	              Index Cond: ((id >= 250785) AND (id <= 251784))

table 5 : explain SELECT SUM(k) FROM sbtest5 WHERE id BETWEEN 5689418 AND 5690417
	Aggregate  (cost=3913.32..3913.33 rows=1 width=8)
	  ->  Bitmap Heap Scan on sbtest5  (cost=26.81..3910.79 rows=1012 width=4)
	        Recheck Cond: ((id >= 5689418) AND (id <= 5690417))
	        ->  Bitmap Index Scan on sbtest5_pkey  (cost=0.00..26.55 rows=1012 width=0)
	              Index Cond: ((id >= 5689418) AND (id <= 5690417))

table 6 : explain SELECT SUM(k) FROM sbtest6 WHERE id BETWEEN 5299701 AND 5300700
	Aggregate  (cost=3776.65..3776.66 rows=1 width=8)
	  ->  Bitmap Heap Scan on sbtest6  (cost=22.45..3774.20 rows=977 width=4)
	        Recheck Cond: ((id >= 5299701) AND (id <= 5300700))
	        ->  Bitmap Index Scan on sbtest6_pkey  (cost=0.00..22.20 rows=977 width=0)
	              Index Cond: ((id >= 5299701) AND (id <= 5300700))

table 7 : explain SELECT SUM(k) FROM sbtest7 WHERE id BETWEEN 4977084 AND 4978083
	Aggregate  (cost=3519.86..3519.87 rows=1 width=8)
	  ->  Bitmap Heap Scan on sbtest7  (cost=21.75..3517.59 rows=909 width=4)
	        Recheck Cond: ((id >= 4977084) AND (id <= 4978083))
	        ->  Bitmap Index Scan on sbtest7_pkey  (cost=0.00..21.52 rows=909 width=0)
	              Index Cond: ((id >= 4977084) AND (id <= 4978083))

table 8 : explain SELECT SUM(k) FROM sbtest8 WHERE id BETWEEN 5985713 AND 5986712
	Aggregate  (cost=3897.52..3897.53 rows=1 width=8)
	  ->  Bitmap Heap Scan on sbtest8  (cost=22.78..3894.99 rows=1009 width=4)
	        Recheck Cond: ((id >= 5985713) AND (id <= 5986712))
	        ->  Bitmap Index Scan on sbtest8_pkey  (cost=0.00..22.52 rows=1009 width=0)
	              Index Cond: ((id >= 5985713) AND (id <= 5986712))

for: order_ranges
table 1 : explain SELECT c FROM sbtest1 WHERE id BETWEEN 5213180 AND 5214179 ORDER BY c
	Sort  (cost=3879.92..3882.40 rows=992 width=121)
	  Sort Key: c
	  ->  Bitmap Heap Scan on sbtest1  (cost=22.60..3830.54 rows=992 width=121)
	        Recheck Cond: ((id >= 5213180) AND (id <= 5214179))
	        ->  Bitmap Index Scan on sbtest1_pkey  (cost=0.00..22.36 rows=992 width=0)
	              Index Cond: ((id >= 5213180) AND (id <= 5214179))

table 2 : explain SELECT c FROM sbtest2 WHERE id BETWEEN 3785109 AND 3786108 ORDER BY c
	Sort  (cost=4262.91..4265.63 rows=1091 width=121)
	  Sort Key: c
	  ->  Bitmap Heap Scan on sbtest2  (cost=27.62..4207.86 rows=1091 width=121)
	        Recheck Cond: ((id >= 3785109) AND (id <= 3786108))
	        ->  Bitmap Index Scan on sbtest2_pkey  (cost=0.00..27.34 rows=1091 width=0)
	              Index Cond: ((id >= 3785109) AND (id <= 3786108))

table 3 : explain SELECT c FROM sbtest3 WHERE id BETWEEN 1990198 AND 1991197 ORDER BY c
	Sort  (cost=4337.16..4339.94 rows=1112 width=121)
	  Sort Key: c
	  ->  Bitmap Heap Scan on sbtest3  (cost=27.83..4280.90 rows=1112 width=121)
	        Recheck Cond: ((id >= 1990198) AND (id <= 1991197))
	        ->  Bitmap Index Scan on sbtest3_pkey  (cost=0.00..27.55 rows=1112 width=0)
	              Index Cond: ((id >= 1990198) AND (id <= 1991197))

table 4 : explain SELECT c FROM sbtest4 WHERE id BETWEEN 7645724 AND 7646723 ORDER BY c
	Sort  (cost=3826.33..3828.77 rows=978 width=121)
	  Sort Key: c
	  ->  Bitmap Heap Scan on sbtest4  (cost=22.46..3777.75 rows=978 width=121)
	        Recheck Cond: ((id >= 7645724) AND (id <= 7646723))
	        ->  Bitmap Index Scan on sbtest4_pkey  (cost=0.00..22.21 rows=978 width=0)
	              Index Cond: ((id >= 7645724) AND (id <= 7646723))

table 5 : explain SELECT c FROM sbtest5 WHERE id BETWEEN 5084788 AND 5085787 ORDER BY c
	Sort  (cost=3923.07..3925.58 rows=1002 width=121)
	  Sort Key: c
	  ->  Bitmap Heap Scan on sbtest5  (cost=26.71..3873.13 rows=1002 width=121)
	        Recheck Cond: ((id >= 5084788) AND (id <= 5085787))
	        ->  Bitmap Index Scan on sbtest5_pkey  (cost=0.00..26.45 rows=1002 width=0)
	              Index Cond: ((id >= 5084788) AND (id <= 5085787))

table 6 : explain SELECT c FROM sbtest6 WHERE id BETWEEN 3184989 AND 3185988 ORDER BY c
	Sort  (cost=3792.11..3794.54 rows=969 width=121)
	  Sort Key: c
	  ->  Bitmap Heap Scan on sbtest6  (cost=22.37..3744.05 rows=969 width=121)
	        Recheck Cond: ((id >= 3184989) AND (id <= 3185988))
	        ->  Bitmap Index Scan on sbtest6_pkey  (cost=0.00..22.12 rows=969 width=0)
	              Index Cond: ((id >= 3184989) AND (id <= 3185988))

table 7 : explain SELECT c FROM sbtest7 WHERE id BETWEEN 4984247 AND 4985246 ORDER BY c
	Sort  (cost=3562.26..3564.53 rows=909 width=121)
	  Sort Key: c
	  ->  Bitmap Heap Scan on sbtest7  (cost=21.75..3517.59 rows=909 width=121)
	        Recheck Cond: ((id >= 4984247) AND (id <= 4985246))
	        ->  Bitmap Index Scan on sbtest7_pkey  (cost=0.00..21.52 rows=909 width=0)
	              Index Cond: ((id >= 4984247) AND (id <= 4985246))

table 8 : explain SELECT c FROM sbtest8 WHERE id BETWEEN 8483849 AND 8484848 ORDER BY c
	Sort  (cost=3612.35..3614.65 rows=922 width=121)
	  Sort Key: c
	  ->  Bitmap Heap Scan on sbtest8  (cost=21.89..3566.95 rows=922 width=121)
	        Recheck Cond: ((id >= 8483849) AND (id <= 8484848))
	        ->  Bitmap Index Scan on sbtest8_pkey  (cost=0.00..21.65 rows=922 width=0)
	              Index Cond: ((id >= 8483849) AND (id <= 8484848))

for point_selects
table 1 : explain SELECT c FROM sbtest1 WHERE id=3304500
	Index Scan using sbtest1_pkey on sbtest1  (cost=0.43..8.45 rows=1 width=121)
	  Index Cond: (id = 3304500)

table 2 : explain SELECT c FROM sbtest2 WHERE id=8002785
	Index Scan using sbtest2_pkey on sbtest2  (cost=0.43..8.45 rows=1 width=121)
	  Index Cond: (id = 8002785)

table 3 : explain SELECT c FROM sbtest3 WHERE id=3729778
	Index Scan using sbtest3_pkey on sbtest3  (cost=0.43..8.45 rows=1 width=121)
	  Index Cond: (id = 3729778)

table 4 : explain SELECT c FROM sbtest4 WHERE id=2940797
	Index Scan using sbtest4_pkey on sbtest4  (cost=0.43..8.45 rows=1 width=121)
	  Index Cond: (id = 2940797)

table 5 : explain SELECT c FROM sbtest5 WHERE id=7098835
	Index Scan using sbtest5_pkey on sbtest5  (cost=0.43..8.45 rows=1 width=121)
	  Index Cond: (id = 7098835)

table 6 : explain SELECT c FROM sbtest6 WHERE id=4889440
	Index Scan using sbtest6_pkey on sbtest6  (cost=0.43..8.45 rows=1 width=121)
	  Index Cond: (id = 4889440)

table 7 : explain SELECT c FROM sbtest7 WHERE id=3562832
	Index Scan using sbtest7_pkey on sbtest7  (cost=0.43..8.45 rows=1 width=121)
	  Index Cond: (id = 3562832)

table 8 : explain SELECT c FROM sbtest8 WHERE id=7633840
	Index Scan using sbtest8_pkey on sbtest8  (cost=0.43..8.45 rows=1 width=121)
	  Index Cond: (id = 7633840)

for: order_ranges
table 1 : explain SELECT c FROM sbtest1 WHERE id BETWEEN 6699483 AND 6700482 ORDER BY c
	Sort  (cost=3876.09..3878.57 rows=991 width=121)
	  Sort Key: c
	  ->  Bitmap Heap Scan on sbtest1  (cost=22.59..3826.78 rows=991 width=121)
	        Recheck Cond: ((id >= 6699483) AND (id <= 6700482))
	        ->  Bitmap Index Scan on sbtest1_pkey  (cost=0.00..22.34 rows=991 width=0)
	              Index Cond: ((id >= 6699483) AND (id <= 6700482))

table 2 : explain SELECT c FROM sbtest2 WHERE id BETWEEN 9530955 AND 9531954 ORDER BY c
	Sort  (cost=3888.48..3890.97 rows=994 width=121)
	  Sort Key: c
	  ->  Bitmap Heap Scan on sbtest2  (cost=22.62..3839.00 rows=994 width=121)
	        Recheck Cond: ((id >= 9530955) AND (id <= 9531954))
	        ->  Bitmap Index Scan on sbtest2_pkey  (cost=0.00..22.37 rows=994 width=0)
	              Index Cond: ((id >= 9530955) AND (id <= 9531954))

table 3 : explain SELECT c FROM sbtest3 WHERE id BETWEEN 3255407 AND 3256406 ORDER BY c
	Sort  (cost=4249.27..4252.00 rows=1089 width=121)
	  Sort Key: c
	  ->  Bitmap Heap Scan on sbtest3  (cost=23.60..4194.34 rows=1089 width=121)
	        Recheck Cond: ((id >= 3255407) AND (id <= 3256406))
	        ->  Bitmap Index Scan on sbtest3_pkey  (cost=0.00..23.32 rows=1089 width=0)
	              Index Cond: ((id >= 3255407) AND (id <= 3256406))

table 4 : explain SELECT c FROM sbtest4 WHERE id BETWEEN 806281 AND 807280 ORDER BY c
	Sort  (cost=3772.77..3775.18 rows=964 width=121)
	  Sort Key: c
	  ->  Bitmap Heap Scan on sbtest4  (cost=22.32..3724.99 rows=964 width=121)
	        Recheck Cond: ((id >= 806281) AND (id <= 807280))
	        ->  Bitmap Index Scan on sbtest4_pkey  (cost=0.00..22.07 rows=964 width=0)
	              Index Cond: ((id >= 806281) AND (id <= 807280))

table 5 : explain SELECT c FROM sbtest5 WHERE id BETWEEN 2850697 AND 2851696 ORDER BY c
	Sort  (cost=3781.34..3783.76 rows=966 width=121)
	  Sort Key: c
	  ->  Bitmap Heap Scan on sbtest5  (cost=22.34..3733.45 rows=966 width=121)
	        Recheck Cond: ((id >= 2850697) AND (id <= 2851696))
	        ->  Bitmap Index Scan on sbtest5_pkey  (cost=0.00..22.09 rows=966 width=0)
	              Index Cond: ((id >= 2850697) AND (id <= 2851696))

table 6 : explain SELECT c FROM sbtest6 WHERE id BETWEEN 7147186 AND 7148185 ORDER BY c
	Sort  (cost=4002.39..4004.95 rows=1024 width=121)
	  Sort Key: c
	  ->  Bitmap Heap Scan on sbtest6  (cost=22.93..3951.19 rows=1024 width=121)
	        Recheck Cond: ((id >= 7147186) AND (id <= 7148185))
	        ->  Bitmap Index Scan on sbtest6_pkey  (cost=0.00..22.68 rows=1024 width=0)
	              Index Cond: ((id >= 7147186) AND (id <= 7148185))

table 7 : explain SELECT c FROM sbtest7 WHERE id BETWEEN 6737265 AND 6738264 ORDER BY c
	Sort  (cost=4025.27..4027.84 rows=1030 width=121)
	  Sort Key: c
	  ->  Bitmap Heap Scan on sbtest7  (cost=22.99..3973.72 rows=1030 width=121)
	        Recheck Cond: ((id >= 6737265) AND (id <= 6738264))
	        ->  Bitmap Index Scan on sbtest7_pkey  (cost=0.00..22.73 rows=1030 width=0)
	              Index Cond: ((id >= 6737265) AND (id <= 6738264))

table 8 : explain SELECT c FROM sbtest8 WHERE id BETWEEN 3081635 AND 3082634 ORDER BY c
	Sort  (cost=4048.49..4051.08 rows=1036 width=121)
	  Sort Key: c
	  ->  Bitmap Heap Scan on sbtest8  (cost=23.05..3996.60 rows=1036 width=121)
	        Recheck Cond: ((id >= 3081635) AND (id <= 3082634))
	        ->  Bitmap Index Scan on sbtest8_pkey  (cost=0.00..22.79 rows=1036 width=0)
	              Index Cond: ((id >= 3081635) AND (id <= 3082634))

for: simple_ranges
table 1 : explain SELECT c FROM sbtest1 WHERE id BETWEEN 2101136 AND 2102135
	Bitmap Heap Scan on sbtest1  (cost=22.37..3743.88 rows=969 width=121)
	  Recheck Cond: ((id >= 2101136) AND (id <= 2102135))
	  ->  Bitmap Index Scan on sbtest1_pkey  (cost=0.00..22.12 rows=969 width=0)
	        Index Cond: ((id >= 2101136) AND (id <= 2102135))

table 2 : explain SELECT c FROM sbtest2 WHERE id BETWEEN 7811291 AND 7812290
	Bitmap Heap Scan on sbtest2  (cost=23.13..4023.46 rows=1043 width=121)
	  Recheck Cond: ((id >= 7811291) AND (id <= 7812290))
	  ->  Bitmap Index Scan on sbtest2_pkey  (cost=0.00..22.86 rows=1043 width=0)
	        Index Cond: ((id >= 7811291) AND (id <= 7812290))

table 3 : explain SELECT c FROM sbtest3 WHERE id BETWEEN 3858956 AND 3859955
	Bitmap Heap Scan on sbtest3  (cost=22.54..3807.12 rows=986 width=121)
	  Recheck Cond: ((id >= 3858956) AND (id <= 3859955))
	  ->  Bitmap Index Scan on sbtest3_pkey  (cost=0.00..22.29 rows=986 width=0)
	        Index Cond: ((id >= 3858956) AND (id <= 3859955))

table 4 : explain SELECT c FROM sbtest4 WHERE id BETWEEN 7896739 AND 7897738
	Bitmap Heap Scan on sbtest4  (cost=22.29..3713.67 rows=961 width=121)
	  Recheck Cond: ((id >= 7896739) AND (id <= 7897738))
	  ->  Bitmap Index Scan on sbtest4_pkey  (cost=0.00..22.04 rows=961 width=0)
	        Index Cond: ((id >= 7896739) AND (id <= 7897738))

table 5 : explain SELECT c FROM sbtest5 WHERE id BETWEEN 4932440 AND 4933439
	Bitmap Heap Scan on sbtest5  (cost=21.23..3325.37 rows=858 width=121)
	  Recheck Cond: ((id >= 4932440) AND (id <= 4933439))
	  ->  Bitmap Index Scan on sbtest5_pkey  (cost=0.00..21.01 rows=858 width=0)
	        Index Cond: ((id >= 4932440) AND (id <= 4933439))

table 6 : explain SELECT c FROM sbtest6 WHERE id BETWEEN 1818339 AND 1819338
	Bitmap Heap Scan on sbtest6  (cost=23.11..4015.14 rows=1041 width=121)
	  Recheck Cond: ((id >= 1818339) AND (id <= 1819338))
	  ->  Bitmap Index Scan on sbtest6_pkey  (cost=0.00..22.84 rows=1041 width=0)
	        Index Cond: ((id >= 1818339) AND (id <= 1819338))

table 7 : explain SELECT c FROM sbtest7 WHERE id BETWEEN 9893826 AND 9894825
	Bitmap Heap Scan on sbtest7  (cost=21.74..3513.81 rows=908 width=121)
	  Recheck Cond: ((id >= 9893826) AND (id <= 9894825))
	  ->  Bitmap Index Scan on sbtest7_pkey  (cost=0.00..21.51 rows=908 width=0)
	        Index Cond: ((id >= 9893826) AND (id <= 9894825))

table 8 : explain SELECT c FROM sbtest8 WHERE id BETWEEN 4481003 AND 4482002
	Bitmap Heap Scan on sbtest8  (cost=22.36..3740.52 rows=968 width=121)
	  Recheck Cond: ((id >= 4481003) AND (id <= 4482002))
	  ->  Bitmap Index Scan on sbtest8_pkey  (cost=0.00..22.11 rows=968 width=0)
	        Index Cond: ((id >= 4481003) AND (id <= 4482002))

for: order_ranges
table 1 : explain SELECT c FROM sbtest1 WHERE id BETWEEN 263093 AND 264092 ORDER BY c
	Sort  (cost=4288.61..4291.36 rows=1099 width=121)
	  Sort Key: c
	  ->  Bitmap Heap Scan on sbtest1  (cost=27.70..4233.10 rows=1099 width=121)
	        Recheck Cond: ((id >= 263093) AND (id <= 264092))
	        ->  Bitmap Index Scan on sbtest1_pkey  (cost=0.00..27.43 rows=1099 width=0)
	              Index Cond: ((id >= 263093) AND (id <= 264092))

table 2 : explain SELECT c FROM sbtest2 WHERE id BETWEEN 163503 AND 164502 ORDER BY c
	Sort  (cost=3888.48..3890.97 rows=994 width=121)
	  Sort Key: c
	  ->  Bitmap Heap Scan on sbtest2  (cost=22.62..3839.00 rows=994 width=121)
	        Recheck Cond: ((id >= 163503) AND (id <= 164502))
	        ->  Bitmap Index Scan on sbtest2_pkey  (cost=0.00..22.37 rows=994 width=0)
	              Index Cond: ((id >= 163503) AND (id <= 164502))

table 3 : explain SELECT c FROM sbtest3 WHERE id BETWEEN 9222652 AND 9223651 ORDER BY c
	Sort  (cost=4020.43..4023.00 rows=1029 width=121)
	  Sort Key: c
	  ->  Bitmap Heap Scan on sbtest3  (cost=22.98..3968.94 rows=1029 width=121)
	        Recheck Cond: ((id >= 9222652) AND (id <= 9223651))
	        ->  Bitmap Index Scan on sbtest3_pkey  (cost=0.00..22.72 rows=1029 width=0)
	              Index Cond: ((id >= 9222652) AND (id <= 9223651))

table 4 : explain SELECT c FROM sbtest4 WHERE id BETWEEN 97580 AND 98579 ORDER BY c
	Sort  (cost=3845.45..3847.91 rows=983 width=121)
	  Sort Key: c
	  ->  Bitmap Heap Scan on sbtest4  (cost=22.51..3796.59 rows=983 width=121)
	        Recheck Cond: ((id >= 97580) AND (id <= 98579))
	        ->  Bitmap Index Scan on sbtest4_pkey  (cost=0.00..22.26 rows=983 width=0)
	              Index Cond: ((id >= 97580) AND (id <= 98579))

table 5 : explain SELECT c FROM sbtest5 WHERE id BETWEEN 6087051 AND 6088050 ORDER BY c
	Sort  (cost=4068.29..4070.89 rows=1040 width=121)
	  Sort Key: c
	  ->  Bitmap Heap Scan on sbtest5  (cost=27.09..4016.17 rows=1040 width=121)
	        Recheck Cond: ((id >= 6087051) AND (id <= 6088050))
	        ->  Bitmap Index Scan on sbtest5_pkey  (cost=0.00..26.83 rows=1040 width=0)
	              Index Cond: ((id >= 6087051) AND (id <= 6088050))

table 6 : explain SELECT c FROM sbtest6 WHERE id BETWEEN 4018116 AND 4019115 ORDER BY c
	Sort  (cost=3669.60..3671.94 rows=937 width=121)
	  Sort Key: c
	  ->  Bitmap Heap Scan on sbtest6  (cost=22.04..3623.35 rows=937 width=121)
	        Recheck Cond: ((id >= 4018116) AND (id <= 4019115))
	        ->  Bitmap Index Scan on sbtest6_pkey  (cost=0.00..21.80 rows=937 width=0)
	              Index Cond: ((id >= 4018116) AND (id <= 4019115))

table 7 : explain SELECT c FROM sbtest7 WHERE id BETWEEN 975151 AND 976150 ORDER BY c
	Sort  (cost=4170.30..4172.97 rows=1068 width=121)
	  Sort Key: c
	  ->  Bitmap Heap Scan on sbtest7  (cost=23.38..4116.58 rows=1068 width=121)
	        Recheck Cond: ((id >= 975151) AND (id <= 976150))
	        ->  Bitmap Index Scan on sbtest7_pkey  (cost=0.00..23.11 rows=1068 width=0)
	              Index Cond: ((id >= 975151) AND (id <= 976150))

table 8 : explain SELECT c FROM sbtest8 WHERE id BETWEEN 6676774 AND 6677773 ORDER BY c
	Sort  (cost=3995.01..3997.57 rows=1022 width=121)
	  Sort Key: c
	  ->  Bitmap Heap Scan on sbtest8  (cost=22.91..3943.93 rows=1022 width=121)
	        Recheck Cond: ((id >= 6676774) AND (id <= 6677773))
	        ->  Bitmap Index Scan on sbtest8_pkey  (cost=0.00..22.65 rows=1022 width=0)
	              Index Cond: ((id >= 6676774) AND (id <= 6677773))

for point_selects
table 1 : explain SELECT c FROM sbtest1 WHERE id=4517331
	Index Scan using sbtest1_pkey on sbtest1  (cost=0.43..8.45 rows=1 width=121)
	  Index Cond: (id = 4517331)

table 2 : explain SELECT c FROM sbtest2 WHERE id=1068790
	Index Scan using sbtest2_pkey on sbtest2  (cost=0.43..8.45 rows=1 width=121)
	  Index Cond: (id = 1068790)

table 3 : explain SELECT c FROM sbtest3 WHERE id=3953444
	Index Scan using sbtest3_pkey on sbtest3  (cost=0.43..8.45 rows=1 width=121)
	  Index Cond: (id = 3953444)

table 4 : explain SELECT c FROM sbtest4 WHERE id=7404881
	Index Scan using sbtest4_pkey on sbtest4  (cost=0.43..8.45 rows=1 width=121)
	  Index Cond: (id = 7404881)

table 5 : explain SELECT c FROM sbtest5 WHERE id=6645475
	Index Scan using sbtest5_pkey on sbtest5  (cost=0.43..8.45 rows=1 width=121)
	  Index Cond: (id = 6645475)

table 6 : explain SELECT c FROM sbtest6 WHERE id=509801
	Index Scan using sbtest6_pkey on sbtest6  (cost=0.43..8.45 rows=1 width=121)
	  Index Cond: (id = 509801)

table 7 : explain SELECT c FROM sbtest7 WHERE id=6707301
	Index Scan using sbtest7_pkey on sbtest7  (cost=0.43..8.45 rows=1 width=121)
	  Index Cond: (id = 6707301)

table 8 : explain SELECT c FROM sbtest8 WHERE id=1008188
	Index Scan using sbtest8_pkey on sbtest8  (cost=0.43..8.45 rows=1 width=121)
	  Index Cond: (id = 1008188)

for: distinct_ranges
table 1 : explain SELECT DISTINCT c FROM sbtest1 WHERE id BETWEEN 5657439 AND 5658438 ORDER BY c
	Unique  (cost=4444.75..4450.45 rows=1140 width=121)
	  ->  Sort  (cost=4444.75..4447.60 rows=1140 width=121)
	        Sort Key: c
	        ->  Bitmap Heap Scan on sbtest1  (cost=28.12..4386.87 rows=1140 width=121)
	              Recheck Cond: ((id >= 5657439) AND (id <= 5658438))
	              ->  Bitmap Index Scan on sbtest1_pkey  (cost=0.00..27.83 rows=1140 width=0)
	                    Index Cond: ((id >= 5657439) AND (id <= 5658438))

table 2 : explain SELECT DISTINCT c FROM sbtest2 WHERE id BETWEEN 8477049 AND 8478048 ORDER BY c
	Unique  (cost=3838.75..3843.66 rows=981 width=121)
	  ->  Sort  (cost=3838.75..3841.21 rows=981 width=121)
	        Sort Key: c
	        ->  Bitmap Heap Scan on sbtest2  (cost=22.49..3790.01 rows=981 width=121)
	              Recheck Cond: ((id >= 8477049) AND (id <= 8478048))
	              ->  Bitmap Index Scan on sbtest2_pkey  (cost=0.00..22.25 rows=981 width=0)
	                    Index Cond: ((id >= 8477049) AND (id <= 8478048))

table 3 : explain SELECT DISTINCT c FROM sbtest3 WHERE id BETWEEN 7868729 AND 7869728 ORDER BY c
	Unique  (cost=3921.13..3926.14 rows=1003 width=121)
	  ->  Sort  (cost=3921.13..3923.63 rows=1003 width=121)
	        Sort Key: c
	        ->  Bitmap Heap Scan on sbtest3  (cost=22.72..3871.13 rows=1003 width=121)
	              Recheck Cond: ((id >= 7868729) AND (id <= 7869728))
	              ->  Bitmap Index Scan on sbtest3_pkey  (cost=0.00..22.46 rows=1003 width=0)
	                    Index Cond: ((id >= 7868729) AND (id <= 7869728))

table 4 : explain SELECT DISTINCT c FROM sbtest4 WHERE id BETWEEN 6906307 AND 6907306 ORDER BY c
	Unique  (cost=3879.87..3884.83 rows=992 width=121)
	  ->  Sort  (cost=3879.87..3882.35 rows=992 width=121)
	        Sort Key: c
	        ->  Bitmap Heap Scan on sbtest4  (cost=22.60..3830.50 rows=992 width=121)
	              Recheck Cond: ((id >= 6906307) AND (id <= 6907306))
	              ->  Bitmap Index Scan on sbtest4_pkey  (cost=0.00..22.36 rows=992 width=0)
	                    Index Cond: ((id >= 6906307) AND (id <= 6907306))

table 5 : explain SELECT DISTINCT c FROM sbtest5 WHERE id BETWEEN 5042264 AND 5043263 ORDER BY c
	Unique  (cost=3923.07..3928.08 rows=1002 width=121)
	  ->  Sort  (cost=3923.07..3925.58 rows=1002 width=121)
	        Sort Key: c
	        ->  Bitmap Heap Scan on sbtest5  (cost=26.71..3873.13 rows=1002 width=121)
	              Recheck Cond: ((id >= 5042264) AND (id <= 5043263))
	              ->  Bitmap Index Scan on sbtest5_pkey  (cost=0.00..26.45 rows=1002 width=0)
	                    Index Cond: ((id >= 5042264) AND (id <= 5043263))

table 6 : explain SELECT DISTINCT c FROM sbtest6 WHERE id BETWEEN 5870408 AND 5871407 ORDER BY c
	Unique  (cost=4086.40..4091.63 rows=1046 width=121)
	  ->  Sort  (cost=4086.40..4089.01 rows=1046 width=121)
	        Sort Key: c
	        ->  Bitmap Heap Scan on sbtest6  (cost=23.16..4033.94 rows=1046 width=121)
	              Recheck Cond: ((id >= 5870408) AND (id <= 5871407))
	              ->  Bitmap Index Scan on sbtest6_pkey  (cost=0.00..22.89 rows=1046 width=0)
	                    Index Cond: ((id >= 5870408) AND (id <= 5871407))

table 7 : explain SELECT DISTINCT c FROM sbtest7 WHERE id BETWEEN 8750162 AND 8751161 ORDER BY c
	Unique  (cost=3600.59..3605.19 rows=919 width=121)
	  ->  Sort  (cost=3600.59..3602.89 rows=919 width=121)
	        Sort Key: c
	        ->  Bitmap Heap Scan on sbtest7  (cost=21.85..3555.36 rows=919 width=121)
	              Recheck Cond: ((id >= 8750162) AND (id <= 8751161))
	              ->  Bitmap Index Scan on sbtest7_pkey  (cost=0.00..21.62 rows=919 width=0)
	                    Index Cond: ((id >= 8750162) AND (id <= 8751161))

table 8 : explain SELECT DISTINCT c FROM sbtest8 WHERE id BETWEEN 8036802 AND 8037801 ORDER BY c
	Unique  (cost=3964.45..3969.52 rows=1014 width=121)
	  ->  Sort  (cost=3964.45..3966.98 rows=1014 width=121)
	        Sort Key: c
	        ->  Bitmap Heap Scan on sbtest8  (cost=22.83..3913.82 rows=1014 width=121)
	              Recheck Cond: ((id >= 8036802) AND (id <= 8037801))
	              ->  Bitmap Index Scan on sbtest8_pkey  (cost=0.00..22.57 rows=1014 width=0)
	                    Index Cond: ((id >= 8036802) AND (id <= 8037801))

for: sum_ranges
table 1 : explain SELECT SUM(k) FROM sbtest1 WHERE id BETWEEN 2934856 AND 2935855
	Aggregate  (cost=3784.02..3784.03 rows=1 width=8)
	  ->  Bitmap Heap Scan on sbtest1  (cost=22.47..3781.57 rows=979 width=4)
	        Recheck Cond: ((id >= 2934856) AND (id <= 2935855))
	        ->  Bitmap Index Scan on sbtest1_pkey  (cost=0.00..22.22 rows=979 width=0)
	              Index Cond: ((id >= 2934856) AND (id <= 2935855))

table 2 : explain SELECT SUM(k) FROM sbtest2 WHERE id BETWEEN 944865 AND 945864
	Aggregate  (cost=4011.01..4011.02 rows=1 width=8)
	  ->  Bitmap Heap Scan on sbtest2  (cost=23.08..4008.41 rows=1039 width=4)
	        Recheck Cond: ((id >= 944865) AND (id <= 945864))
	        ->  Bitmap Index Scan on sbtest2_pkey  (cost=0.00..22.82 rows=1039 width=0)
	              Index Cond: ((id >= 944865) AND (id <= 945864))

table 3 : explain SELECT SUM(k) FROM sbtest3 WHERE id BETWEEN 2532526 AND 2533525
	Aggregate  (cost=3771.90..3771.91 rows=1 width=8)
	  ->  Bitmap Heap Scan on sbtest3  (cost=22.44..3769.46 rows=976 width=4)
	        Recheck Cond: ((id >= 2532526) AND (id <= 2533525))
	        ->  Bitmap Index Scan on sbtest3_pkey  (cost=0.00..22.19 rows=976 width=0)
	              Index Cond: ((id >= 2532526) AND (id <= 2533525))

table 4 : explain SELECT SUM(k) FROM sbtest4 WHERE id BETWEEN 4997151 AND 4998150
	Aggregate  (cost=3848.05..3848.06 rows=1 width=8)
	  ->  Bitmap Heap Scan on sbtest4  (cost=22.64..3845.56 rows=996 width=4)
	        Recheck Cond: ((id >= 4997151) AND (id <= 4998150))
	        ->  Bitmap Index Scan on sbtest4_pkey  (cost=0.00..22.39 rows=996 width=0)
	              Index Cond: ((id >= 4997151) AND (id <= 4998150))

table 5 : explain SELECT SUM(k) FROM sbtest5 WHERE id BETWEEN 1837775 AND 1838774
	Aggregate  (cost=4124.12..4124.13 rows=1 width=8)
	  ->  Bitmap Heap Scan on sbtest5  (cost=27.38..4121.45 rows=1068 width=4)
	        Recheck Cond: ((id >= 1837775) AND (id <= 1838774))
	        ->  Bitmap Index Scan on sbtest5_pkey  (cost=0.00..27.11 rows=1068 width=0)
	              Index Cond: ((id >= 1837775) AND (id <= 1838774))

table 6 : explain SELECT SUM(k) FROM sbtest6 WHERE id BETWEEN 4192085 AND 4193084
	Aggregate  (cost=3784.19..3784.20 rows=1 width=8)
	  ->  Bitmap Heap Scan on sbtest6  (cost=22.47..3781.74 rows=979 width=4)
	        Recheck Cond: ((id >= 4192085) AND (id <= 4193084))
	        ->  Bitmap Index Scan on sbtest6_pkey  (cost=0.00..22.22 rows=979 width=0)
	              Index Cond: ((id >= 4192085) AND (id <= 4193084))

table 7 : explain SELECT SUM(k) FROM sbtest7 WHERE id BETWEEN 8508375 AND 8509374
	Aggregate  (cost=4138.05..4138.06 rows=1 width=8)
	  ->  Bitmap Heap Scan on sbtest7  (cost=23.43..4135.36 rows=1073 width=4)
	        Recheck Cond: ((id >= 8508375) AND (id <= 8509374))
	        ->  Bitmap Index Scan on sbtest7_pkey  (cost=0.00..23.16 rows=1073 width=0)
	              Index Cond: ((id >= 8508375) AND (id <= 8509374))

table 8 : explain SELECT SUM(k) FROM sbtest8 WHERE id BETWEEN 4752705 AND 4753704
	Aggregate  (cost=3920.12..3920.13 rows=1 width=8)
	  ->  Bitmap Heap Scan on sbtest8  (cost=22.84..3917.58 rows=1015 width=4)
	        Recheck Cond: ((id >= 4752705) AND (id <= 4753704))
	        ->  Bitmap Index Scan on sbtest8_pkey  (cost=0.00..22.58 rows=1015 width=0)
	              Index Cond: ((id >= 4752705) AND (id <= 4753704))

for: distinct_ranges
table 1 : explain SELECT DISTINCT c FROM sbtest1 WHERE id BETWEEN 4060249 AND 4061248 ORDER BY c
	Unique  (cost=3937.26..3942.29 rows=1007 width=121)
	  ->  Sort  (cost=3937.26..3939.77 rows=1007 width=121)
	        Sort Key: c
	        ->  Bitmap Heap Scan on sbtest1  (cost=22.76..3887.03 rows=1007 width=121)
	              Recheck Cond: ((id >= 4060249) AND (id <= 4061248))
	              ->  Bitmap Index Scan on sbtest1_pkey  (cost=0.00..22.50 rows=1007 width=0)
	                    Index Cond: ((id >= 4060249) AND (id <= 4061248))

table 2 : explain SELECT DISTINCT c FROM sbtest2 WHERE id BETWEEN 1895097 AND 1896096 ORDER BY c
	Unique  (cost=4102.47..4107.72 rows=1050 width=121)
	  ->  Sort  (cost=4102.47..4105.10 rows=1050 width=121)
	        Sort Key: c
	        ->  Bitmap Heap Scan on sbtest2  (cost=23.20..4049.78 rows=1050 width=121)
	              Recheck Cond: ((id >= 1895097) AND (id <= 1896096))
	              ->  Bitmap Index Scan on sbtest2_pkey  (cost=0.00..22.93 rows=1050 width=0)
	                    Index Cond: ((id >= 1895097) AND (id <= 1896096))

table 3 : explain SELECT DISTINCT c FROM sbtest3 WHERE id BETWEEN 2311103 AND 2312102 ORDER BY c
	Unique  (cost=3607.39..3612.00 rows=921 width=121)
	  ->  Sort  (cost=3607.39..3609.70 rows=921 width=121)
	        Sort Key: c
	        ->  Bitmap Heap Scan on sbtest3  (cost=21.88..3562.05 rows=921 width=121)
	              Recheck Cond: ((id >= 2311103) AND (id <= 2312102))
	              ->  Bitmap Index Scan on sbtest3_pkey  (cost=0.00..21.64 rows=921 width=0)
	                    Index Cond: ((id >= 2311103) AND (id <= 2312102))

table 4 : explain SELECT DISTINCT c FROM sbtest4 WHERE id BETWEEN 9722003 AND 9723002 ORDER BY c
	Unique  (cost=3895.16..3900.14 rows=996 width=121)
	  ->  Sort  (cost=3895.16..3897.65 rows=996 width=121)
	        Sort Key: c
	        ->  Bitmap Heap Scan on sbtest4  (cost=22.64..3845.56 rows=996 width=121)
	              Recheck Cond: ((id >= 9722003) AND (id <= 9723002))
	              ->  Bitmap Index Scan on sbtest4_pkey  (cost=0.00..22.39 rows=996 width=0)
	                    Index Cond: ((id >= 9722003) AND (id <= 9723002))

table 5 : explain SELECT DISTINCT c FROM sbtest5 WHERE id BETWEEN 2320335 AND 2321334 ORDER BY c
	Unique  (cost=3808.14..3813.00 rows=973 width=121)
	  ->  Sort  (cost=3808.14..3810.57 rows=973 width=121)
	        Sort Key: c
	        ->  Bitmap Heap Scan on sbtest5  (cost=22.41..3759.85 rows=973 width=121)
	              Recheck Cond: ((id >= 2320335) AND (id <= 2321334))
	              ->  Bitmap Index Scan on sbtest5_pkey  (cost=0.00..22.16 rows=973 width=0)
	                    Index Cond: ((id >= 2320335) AND (id <= 2321334))

table 6 : explain SELECT DISTINCT c FROM sbtest6 WHERE id BETWEEN 5622707 AND 5623706 ORDER BY c
	Unique  (cost=3994.75..3999.86 rows=1022 width=121)
	  ->  Sort  (cost=3994.75..3997.31 rows=1022 width=121)
	        Sort Key: c
	        ->  Bitmap Heap Scan on sbtest6  (cost=22.91..3943.66 rows=1022 width=121)
	              Recheck Cond: ((id >= 5622707) AND (id <= 5623706))
	              ->  Bitmap Index Scan on sbtest6_pkey  (cost=0.00..22.65 rows=1022 width=0)
	                    Index Cond: ((id >= 5622707) AND (id <= 5623706))

table 7 : explain SELECT DISTINCT c FROM sbtest7 WHERE id BETWEEN 7363332 AND 7364331 ORDER BY c
	Unique  (cost=3967.97..3973.04 rows=1015 width=121)
	  ->  Sort  (cost=3967.97..3970.50 rows=1015 width=121)
	        Sort Key: c
	        ->  Bitmap Heap Scan on sbtest7  (cost=22.84..3917.28 rows=1015 width=121)
	              Recheck Cond: ((id >= 7363332) AND (id <= 7364331))
	              ->  Bitmap Index Scan on sbtest7_pkey  (cost=0.00..22.58 rows=1015 width=0)
	                    Index Cond: ((id >= 7363332) AND (id <= 7364331))

table 8 : explain SELECT DISTINCT c FROM sbtest8 WHERE id BETWEEN 611567 AND 612566 ORDER BY c
	Unique  (cost=3800.01..3804.87 rows=971 width=121)
	  ->  Sort  (cost=3800.01..3802.44 rows=971 width=121)
	        Sort Key: c
	        ->  Bitmap Heap Scan on sbtest8  (cost=22.39..3751.83 rows=971 width=121)
	              Recheck Cond: ((id >= 611567) AND (id <= 612566))
	              ->  Bitmap Index Scan on sbtest8_pkey  (cost=0.00..22.14 rows=971 width=0)
	                    Index Cond: ((id >= 611567) AND (id <= 612566))

for: distinct_ranges
table 1 : explain SELECT DISTINCT c FROM sbtest1 WHERE id BETWEEN 1024439 AND 1025438 ORDER BY c
	Unique  (cost=4147.26..4152.57 rows=1062 width=121)
	  ->  Sort  (cost=4147.26..4149.92 rows=1062 width=121)
	        Sort Key: c
	        ->  Bitmap Heap Scan on sbtest1  (cost=23.32..4093.88 rows=1062 width=121)
	              Recheck Cond: ((id >= 1024439) AND (id <= 1025438))
	              ->  Bitmap Index Scan on sbtest1_pkey  (cost=0.00..23.05 rows=1062 width=0)
	                    Index Cond: ((id >= 1024439) AND (id <= 1025438))

table 2 : explain SELECT DISTINCT c FROM sbtest2 WHERE id BETWEEN 5326778 AND 5327777 ORDER BY c
	Unique  (cost=4205.70..4211.08 rows=1076 width=121)
	  ->  Sort  (cost=4205.70..4208.39 rows=1076 width=121)
	        Sort Key: c
	        ->  Bitmap Heap Scan on sbtest2  (cost=27.46..4151.51 rows=1076 width=121)
	              Recheck Cond: ((id >= 5326778) AND (id <= 5327777))
	              ->  Bitmap Index Scan on sbtest2_pkey  (cost=0.00..27.19 rows=1076 width=0)
	                    Index Cond: ((id >= 5326778) AND (id <= 5327777))

table 3 : explain SELECT DISTINCT c FROM sbtest3 WHERE id BETWEEN 1944179 AND 1945178 ORDER BY c
	Unique  (cost=3814.09..3818.97 rows=975 width=121)
	  ->  Sort  (cost=3814.09..3816.53 rows=975 width=121)
	        Sort Key: c
	        ->  Bitmap Heap Scan on sbtest3  (cost=22.43..3765.69 rows=975 width=121)
	              Recheck Cond: ((id >= 1944179) AND (id <= 1945178))
	              ->  Bitmap Index Scan on sbtest3_pkey  (cost=0.00..22.18 rows=975 width=0)
	                    Index Cond: ((id >= 1944179) AND (id <= 1945178))

table 4 : explain SELECT DISTINCT c FROM sbtest4 WHERE id BETWEEN 9819743 AND 9820742 ORDER BY c
	Unique  (cost=3849.28..3854.20 rows=984 width=121)
	  ->  Sort  (cost=3849.28..3851.74 rows=984 width=121)
	        Sort Key: c
	        ->  Bitmap Heap Scan on sbtest4  (cost=22.52..3800.36 rows=984 width=121)
	              Recheck Cond: ((id >= 9819743) AND (id <= 9820742))
	              ->  Bitmap Index Scan on sbtest4_pkey  (cost=0.00..22.27 rows=984 width=0)
	                    Index Cond: ((id >= 9819743) AND (id <= 9820742))

table 5 : explain SELECT DISTINCT c FROM sbtest5 WHERE id BETWEEN 4797360 AND 4798359 ORDER BY c
	Unique  (cost=4224.77..4230.17 rows=1081 width=121)
	  ->  Sort  (cost=4224.77..4227.47 rows=1081 width=121)
	        Sort Key: c
	        ->  Bitmap Heap Scan on sbtest5  (cost=27.52..4170.30 rows=1081 width=121)
	              Recheck Cond: ((id >= 4797360) AND (id <= 4798359))
	              ->  Bitmap Index Scan on sbtest5_pkey  (cost=0.00..27.25 rows=1081 width=0)
	                    Index Cond: ((id >= 4797360) AND (id <= 4798359))

table 6 : explain SELECT DISTINCT c FROM sbtest6 WHERE id BETWEEN 4260183 AND 4261182 ORDER BY c
	Unique  (cost=4185.79..4191.15 rows=1071 width=121)
	  ->  Sort  (cost=4185.79..4188.47 rows=1071 width=121)
	        Sort Key: c
	        ->  Bitmap Heap Scan on sbtest6  (cost=27.41..4131.89 rows=1071 width=121)
	              Recheck Cond: ((id >= 4260183) AND (id <= 4261182))
	              ->  Bitmap Index Scan on sbtest6_pkey  (cost=0.00..27.14 rows=1071 width=0)
	                    Index Cond: ((id >= 4260183) AND (id <= 4261182))

table 7 : explain SELECT DISTINCT c FROM sbtest7 WHERE id BETWEEN 8904630 AND 8905629 ORDER BY c
	Unique  (cost=3914.46..3919.47 rows=1001 width=121)
	  ->  Sort  (cost=3914.46..3916.97 rows=1001 width=121)
	        Sort Key: c
	        ->  Bitmap Heap Scan on sbtest7  (cost=22.70..3864.58 rows=1001 width=121)
	              Recheck Cond: ((id >= 8904630) AND (id <= 8905629))
	              ->  Bitmap Index Scan on sbtest7_pkey  (cost=0.00..22.44 rows=1001 width=0)
	                    Index Cond: ((id >= 8904630) AND (id <= 8905629))

table 8 : explain SELECT DISTINCT c FROM sbtest8 WHERE id BETWEEN 6569801 AND 6570800 ORDER BY c
	Unique  (cost=4025.57..4030.72 rows=1030 width=121)
	  ->  Sort  (cost=4025.57..4028.15 rows=1030 width=121)
	        Sort Key: c
	        ->  Bitmap Heap Scan on sbtest8  (cost=22.99..3974.03 rows=1030 width=121)
	              Recheck Cond: ((id >= 6569801) AND (id <= 6570800))
	              ->  Bitmap Index Scan on sbtest8_pkey  (cost=0.00..22.73 rows=1030 width=0)
	                    Index Cond: ((id >= 6569801) AND (id <= 6570800))

for: distinct_ranges
table 1 : explain SELECT DISTINCT c FROM sbtest1 WHERE id BETWEEN 8267925 AND 8268924 ORDER BY c
	Unique  (cost=4322.90..4328.44 rows=1108 width=121)
	  ->  Sort  (cost=4322.90..4325.67 rows=1108 width=121)
	        Sort Key: c
	        ->  Bitmap Heap Scan on sbtest1  (cost=27.79..4266.87 rows=1108 width=121)
	              Recheck Cond: ((id >= 8267925) AND (id <= 8268924))
	              ->  Bitmap Index Scan on sbtest1_pkey  (cost=0.00..27.51 rows=1108 width=0)
	                    Index Cond: ((id >= 8267925) AND (id <= 8268924))

table 2 : explain SELECT DISTINCT c FROM sbtest2 WHERE id BETWEEN 5708888 AND 5709887 ORDER BY c
	Unique  (cost=3888.48..3893.45 rows=994 width=121)
	  ->  Sort  (cost=3888.48..3890.97 rows=994 width=121)
	        Sort Key: c
	        ->  Bitmap Heap Scan on sbtest2  (cost=22.62..3839.00 rows=994 width=121)
	              Recheck Cond: ((id >= 5708888) AND (id <= 5709887))
	              ->  Bitmap Index Scan on sbtest2_pkey  (cost=0.00..22.37 rows=994 width=0)
	                    Index Cond: ((id >= 5708888) AND (id <= 5709887))

table 3 : explain SELECT DISTINCT c FROM sbtest3 WHERE id BETWEEN 6879015 AND 6880014 ORDER BY c
	Unique  (cost=3768.19..3773.01 rows=963 width=121)
	  ->  Sort  (cost=3768.19..3770.60 rows=963 width=121)
	        Sort Key: c
	        ->  Bitmap Heap Scan on sbtest3  (cost=22.31..3720.47 rows=963 width=121)
	              Recheck Cond: ((id >= 6879015) AND (id <= 6880014))
	              ->  Bitmap Index Scan on sbtest3_pkey  (cost=0.00..22.07 rows=963 width=0)
	                    Index Cond: ((id >= 6879015) AND (id <= 6880014))

table 4 : explain SELECT DISTINCT c FROM sbtest4 WHERE id BETWEEN 3930325 AND 3931324 ORDER BY c
	Unique  (cost=4311.42..4316.94 rows=1105 width=121)
	  ->  Sort  (cost=4311.42..4314.18 rows=1105 width=121)
	        Sort Key: c
	        ->  Bitmap Heap Scan on sbtest4  (cost=27.76..4255.56 rows=1105 width=121)
	              Recheck Cond: ((id >= 3930325) AND (id <= 3931324))
	              ->  Bitmap Index Scan on sbtest4_pkey  (cost=0.00..27.48 rows=1105 width=0)
	                    Index Cond: ((id >= 3930325) AND (id <= 3931324))

table 5 : explain SELECT DISTINCT c FROM sbtest5 WHERE id BETWEEN 3577407 AND 3578406 ORDER BY c
	Unique  (cost=3486.21..3490.65 rows=889 width=121)
	  ->  Sort  (cost=3486.21..3488.43 rows=889 width=121)
	        Sort Key: c
	        ->  Bitmap Heap Scan on sbtest5  (cost=21.55..3442.66 rows=889 width=121)
	              Recheck Cond: ((id >= 3577407) AND (id <= 3578406))
	              ->  Bitmap Index Scan on sbtest5_pkey  (cost=0.00..21.32 rows=889 width=0)
	                    Index Cond: ((id >= 3577407) AND (id <= 3578406))

table 6 : explain SELECT DISTINCT c FROM sbtest6 WHERE id BETWEEN 6796175 AND 6797174 ORDER BY c
	Unique  (cost=4464.00..4469.72 rows=1145 width=121)
	  ->  Sort  (cost=4464.00..4466.86 rows=1145 width=121)
	        Sort Key: c
	        ->  Bitmap Heap Scan on sbtest6  (cost=28.17..4405.83 rows=1145 width=121)
	              Recheck Cond: ((id >= 6796175) AND (id <= 6797174))
	              ->  Bitmap Index Scan on sbtest6_pkey  (cost=0.00..27.89 rows=1145 width=0)
	                    Index Cond: ((id >= 6796175) AND (id <= 6797174))

table 7 : explain SELECT DISTINCT c FROM sbtest7 WHERE id BETWEEN 6270433 AND 6271432 ORDER BY c
	Unique  (cost=3807.38..3812.25 rows=973 width=121)
	  ->  Sort  (cost=3807.38..3809.81 rows=973 width=121)
	        Sort Key: c
	        ->  Bitmap Heap Scan on sbtest7  (cost=22.41..3759.09 rows=973 width=121)
	              Recheck Cond: ((id >= 6270433) AND (id <= 6271432))
	              ->  Bitmap Index Scan on sbtest7_pkey  (cost=0.00..22.16 rows=973 width=0)
	                    Index Cond: ((id >= 6270433) AND (id <= 6271432))

table 8 : explain SELECT DISTINCT c FROM sbtest8 WHERE id BETWEEN 2073839 AND 2074838 ORDER BY c
	Unique  (cost=4159.18..4164.51 rows=1065 width=121)
	  ->  Sort  (cost=4159.18..4161.85 rows=1065 width=121)
	        Sort Key: c
	        ->  Bitmap Heap Scan on sbtest8  (cost=23.35..4105.63 rows=1065 width=121)
	              Recheck Cond: ((id >= 2073839) AND (id <= 2074838))
	              ->  Bitmap Index Scan on sbtest8_pkey  (cost=0.00..23.08 rows=1065 width=0)
	                    Index Cond: ((id >= 2073839) AND (id <= 2074838))

for: distinct_ranges
table 1 : explain SELECT DISTINCT c FROM sbtest1 WHERE id BETWEEN 1374538 AND 1375537 ORDER BY c
	Unique  (cost=3902.86..3907.85 rows=998 width=121)
	  ->  Sort  (cost=3902.86..3905.35 rows=998 width=121)
	        Sort Key: c
	        ->  Bitmap Heap Scan on sbtest1  (cost=22.66..3853.14 rows=998 width=121)
	              Recheck Cond: ((id >= 1374538) AND (id <= 1375537))
	              ->  Bitmap Index Scan on sbtest1_pkey  (cost=0.00..22.41 rows=998 width=0)
	                    Index Cond: ((id >= 1374538) AND (id <= 1375537))

table 2 : explain SELECT DISTINCT c FROM sbtest2 WHERE id BETWEEN 4662649 AND 4663648 ORDER BY c
	Unique  (cost=4281.97..4287.45 rows=1096 width=121)
	  ->  Sort  (cost=4281.97..4284.71 rows=1096 width=121)
	        Sort Key: c
	        ->  Bitmap Heap Scan on sbtest2  (cost=27.67..4226.63 rows=1096 width=121)
	              Recheck Cond: ((id >= 4662649) AND (id <= 4663648))
	              ->  Bitmap Index Scan on sbtest2_pkey  (cost=0.00..27.39 rows=1096 width=0)
	                    Index Cond: ((id >= 4662649) AND (id <= 4663648))

table 3 : explain SELECT DISTINCT c FROM sbtest3 WHERE id BETWEEN 203038 AND 204037 ORDER BY c
	Unique  (cost=3894.38..3899.36 rows=996 width=121)
	  ->  Sort  (cost=3894.38..3896.87 rows=996 width=121)
	        Sort Key: c
	        ->  Bitmap Heap Scan on sbtest3  (cost=22.64..3844.78 rows=996 width=121)
	              Recheck Cond: ((id >= 203038) AND (id <= 204037))
	              ->  Bitmap Index Scan on sbtest3_pkey  (cost=0.00..22.39 rows=996 width=0)
	                    Index Cond: ((id >= 203038) AND (id <= 204037))

table 4 : explain SELECT DISTINCT c FROM sbtest4 WHERE id BETWEEN 9102646 AND 9103645 ORDER BY c
	Unique  (cost=3898.99..3903.97 rows=997 width=121)
	  ->  Sort  (cost=3898.99..3901.48 rows=997 width=121)
	        Sort Key: c
	        ->  Bitmap Heap Scan on sbtest4  (cost=22.65..3849.33 rows=997 width=121)
	              Recheck Cond: ((id >= 9102646) AND (id <= 9103645))
	              ->  Bitmap Index Scan on sbtest4_pkey  (cost=0.00..22.40 rows=997 width=0)
	                    Index Cond: ((id >= 9102646) AND (id <= 9103645))

table 5 : explain SELECT DISTINCT c FROM sbtest5 WHERE id BETWEEN 8923625 AND 8924624 ORDER BY c
	Unique  (cost=3923.07..3928.08 rows=1002 width=121)
	  ->  Sort  (cost=3923.07..3925.58 rows=1002 width=121)
	        Sort Key: c
	        ->  Bitmap Heap Scan on sbtest5  (cost=26.71..3873.13 rows=1002 width=121)
	              Recheck Cond: ((id >= 8923625) AND (id <= 8924624))
	              ->  Bitmap Index Scan on sbtest5_pkey  (cost=0.00..26.45 rows=1002 width=0)
	                    Index Cond: ((id >= 8923625) AND (id <= 8924624))

table 6 : explain SELECT DISTINCT c FROM sbtest6 WHERE id BETWEEN 8844693 AND 8845692 ORDER BY c
	Unique  (cost=3734.70..3739.47 rows=954 width=121)
	  ->  Sort  (cost=3734.70..3737.09 rows=954 width=121)
	        Sort Key: c
	        ->  Bitmap Heap Scan on sbtest6  (cost=22.21..3687.49 rows=954 width=121)
	              Recheck Cond: ((id >= 8844693) AND (id <= 8845692))
	              ->  Bitmap Index Scan on sbtest6_pkey  (cost=0.00..21.97 rows=954 width=0)
	                    Index Cond: ((id >= 8844693) AND (id <= 8845692))

table 7 : explain SELECT DISTINCT c FROM sbtest7 WHERE id BETWEEN 7268489 AND 7269488 ORDER BY c
	Unique  (cost=3539.25..3543.76 rows=903 width=121)
	  ->  Sort  (cost=3539.25..3541.51 rows=903 width=121)
	        Sort Key: c
	        ->  Bitmap Heap Scan on sbtest7  (cost=21.69..3494.92 rows=903 width=121)
	              Recheck Cond: ((id >= 7268489) AND (id <= 7269488))
	              ->  Bitmap Index Scan on sbtest7_pkey  (cost=0.00..21.46 rows=903 width=0)
	                    Index Cond: ((id >= 7268489) AND (id <= 7269488))

table 8 : explain SELECT DISTINCT c FROM sbtest8 WHERE id BETWEEN 4310055 AND 4311054 ORDER BY c
	Unique  (cost=3811.49..3816.36 rows=974 width=121)
	  ->  Sort  (cost=3811.49..3813.92 rows=974 width=121)
	        Sort Key: c
	        ->  Bitmap Heap Scan on sbtest8  (cost=22.42..3763.14 rows=974 width=121)
	              Recheck Cond: ((id >= 4310055) AND (id <= 4311054))
	              ->  Bitmap Index Scan on sbtest8_pkey  (cost=0.00..22.18 rows=974 width=0)
	                    Index Cond: ((id >= 4310055) AND (id <= 4311054))

for: sum_ranges
table 1 : explain SELECT SUM(k) FROM sbtest1 WHERE id BETWEEN 8198230 AND 8199229
	Aggregate  (cost=3734.99..3735.00 rows=1 width=8)
	  ->  Bitmap Heap Scan on sbtest1  (cost=22.34..3732.57 rows=966 width=4)
	        Recheck Cond: ((id >= 8198230) AND (id <= 8199229))
	        ->  Bitmap Index Scan on sbtest1_pkey  (cost=0.00..22.09 rows=966 width=0)
	              Index Cond: ((id >= 8198230) AND (id <= 8199229))

table 2 : explain SELECT SUM(k) FROM sbtest2 WHERE id BETWEEN 1920286 AND 1921285
	Aggregate  (cost=3916.86..3916.87 rows=1 width=8)
	  ->  Bitmap Heap Scan on sbtest2  (cost=22.83..3914.32 rows=1014 width=4)
	        Recheck Cond: ((id >= 1920286) AND (id <= 1921285))
	        ->  Bitmap Index Scan on sbtest2_pkey  (cost=0.00..22.57 rows=1014 width=0)
	              Index Cond: ((id >= 1920286) AND (id <= 1921285))

table 3 : explain SELECT SUM(k) FROM sbtest3 WHERE id BETWEEN 9034016 AND 9035015
	Aggregate  (cost=3666.29..3666.30 rows=1 width=8)
	  ->  Bitmap Heap Scan on sbtest3  (cost=22.15..3663.92 rows=948 width=4)
	        Recheck Cond: ((id >= 9034016) AND (id <= 9035015))
	        ->  Bitmap Index Scan on sbtest3_pkey  (cost=0.00..21.91 rows=948 width=0)
	              Index Cond: ((id >= 9034016) AND (id <= 9035015))

table 4 : explain SELECT SUM(k) FROM sbtest4 WHERE id BETWEEN 3999389 AND 4000388
	Aggregate  (cost=3878.19..3878.20 rows=1 width=8)
	  ->  Bitmap Heap Scan on sbtest4  (cost=22.73..3875.68 rows=1004 width=4)
	        Recheck Cond: ((id >= 3999389) AND (id <= 4000388))
	        ->  Bitmap Index Scan on sbtest4_pkey  (cost=0.00..22.47 rows=1004 width=0)
	              Index Cond: ((id >= 3999389) AND (id <= 4000388))

table 5 : explain SELECT SUM(k) FROM sbtest5 WHERE id BETWEEN 1145962 AND 1146961
	Aggregate  (cost=3868.10..3868.11 rows=1 width=8)
	  ->  Bitmap Heap Scan on sbtest5  (cost=26.68..3865.60 rows=1000 width=4)
	        Recheck Cond: ((id >= 1145962) AND (id <= 1146961))
	        ->  Bitmap Index Scan on sbtest5_pkey  (cost=0.00..26.43 rows=1000 width=0)
	              Index Cond: ((id >= 1145962) AND (id <= 1146961))

table 6 : explain SELECT SUM(k) FROM sbtest6 WHERE id BETWEEN 3650515 AND 3651514
	Aggregate  (cost=4047.84..4047.85 rows=1 width=8)
	  ->  Bitmap Heap Scan on sbtest6  (cost=23.19..4045.22 rows=1049 width=4)
	        Recheck Cond: ((id >= 3650515) AND (id <= 3651514))
	        ->  Bitmap Index Scan on sbtest6_pkey  (cost=0.00..22.93 rows=1049 width=0)
	              Index Cond: ((id >= 3650515) AND (id <= 3651514))

table 7 : explain SELECT SUM(k) FROM sbtest7 WHERE id BETWEEN 681607 AND 682606
	Aggregate  (cost=3791.69..3791.70 rows=1 width=8)
	  ->  Bitmap Heap Scan on sbtest7  (cost=22.49..3789.24 rows=981 width=4)
	        Recheck Cond: ((id >= 681607) AND (id <= 682606))
	        ->  Bitmap Index Scan on sbtest7_pkey  (cost=0.00..22.25 rows=981 width=0)
	              Index Cond: ((id >= 681607) AND (id <= 682606))

table 8 : explain SELECT SUM(k) FROM sbtest8 WHERE id BETWEEN 7938438 AND 7939437
	Aggregate  (cost=3542.80..3542.81 rows=1 width=8)
	  ->  Bitmap Heap Scan on sbtest8  (cost=21.81..3540.51 rows=915 width=4)
	        Recheck Cond: ((id >= 7938438) AND (id <= 7939437))
	        ->  Bitmap Index Scan on sbtest8_pkey  (cost=0.00..21.58 rows=915 width=0)
	              Index Cond: ((id >= 7938438) AND (id <= 7939437))

for: simple_ranges
table 1 : explain SELECT c FROM sbtest1 WHERE id BETWEEN 9211397 AND 9212396
	Bitmap Heap Scan on sbtest1  (cost=22.98..3969.82 rows=1029 width=121)
	  Recheck Cond: ((id >= 9211397) AND (id <= 9212396))
	  ->  Bitmap Index Scan on sbtest1_pkey  (cost=0.00..22.72 rows=1029 width=0)
	        Index Cond: ((id >= 9211397) AND (id <= 9212396))

table 2 : explain SELECT c FROM sbtest2 WHERE id BETWEEN 7819443 AND 7820442
	Bitmap Heap Scan on sbtest2  (cost=23.13..4023.46 rows=1043 width=121)
	  Recheck Cond: ((id >= 7819443) AND (id <= 7820442))
	  ->  Bitmap Index Scan on sbtest2_pkey  (cost=0.00..22.86 rows=1043 width=0)
	        Index Cond: ((id >= 7819443) AND (id <= 7820442))

table 3 : explain SELECT c FROM sbtest3 WHERE id BETWEEN 8616394 AND 8617393
	Bitmap Heap Scan on sbtest3  (cost=21.98..3599.79 rows=931 width=121)
	  Recheck Cond: ((id >= 8616394) AND (id <= 8617393))
	  ->  Bitmap Index Scan on sbtest3_pkey  (cost=0.00..21.75 rows=931 width=0)
	        Index Cond: ((id >= 8616394) AND (id <= 8617393))

table 4 : explain SELECT c FROM sbtest4 WHERE id BETWEEN 4650414 AND 4651413
	Bitmap Heap Scan on sbtest4  (cost=22.30..3717.44 rows=962 width=121)
	  Recheck Cond: ((id >= 4650414) AND (id <= 4651413))
	  ->  Bitmap Index Scan on sbtest4_pkey  (cost=0.00..22.05 rows=962 width=0)
	        Index Cond: ((id >= 4650414) AND (id <= 4651413))

table 5 : explain SELECT c FROM sbtest5 WHERE id BETWEEN 3391265 AND 3392264
	Bitmap Heap Scan on sbtest5  (cost=26.67..3861.83 rows=999 width=121)
	  Recheck Cond: ((id >= 3391265) AND (id <= 3392264))
	  ->  Bitmap Index Scan on sbtest5_pkey  (cost=0.00..26.43 rows=999 width=0)
	        Index Cond: ((id >= 3391265) AND (id <= 3392264))

table 6 : explain SELECT c FROM sbtest6 WHERE id BETWEEN 3438735 AND 3439734
	Bitmap Heap Scan on sbtest6  (cost=22.79..3898.50 rows=1010 width=121)
	  Recheck Cond: ((id >= 3438735) AND (id <= 3439734))
	  ->  Bitmap Index Scan on sbtest6_pkey  (cost=0.00..22.54 rows=1010 width=0)
	        Index Cond: ((id >= 3438735) AND (id <= 3439734))

table 7 : explain SELECT c FROM sbtest7 WHERE id BETWEEN 9906185 AND 9907184
	Bitmap Heap Scan on sbtest7  (cost=22.79..3898.46 rows=1010 width=121)
	  Recheck Cond: ((id >= 9906185) AND (id <= 9907184))
	  ->  Bitmap Index Scan on sbtest7_pkey  (cost=0.00..22.54 rows=1010 width=0)
	        Index Cond: ((id >= 9906185) AND (id <= 9907184))

table 8 : explain SELECT c FROM sbtest8 WHERE id BETWEEN 783271 AND 784270
	Bitmap Heap Scan on sbtest8  (cost=23.08..4007.89 rows=1039 width=121)
	  Recheck Cond: ((id >= 783271) AND (id <= 784270))
	  ->  Bitmap Index Scan on sbtest8_pkey  (cost=0.00..22.82 rows=1039 width=0)
	        Index Cond: ((id >= 783271) AND (id <= 784270))

for point_selects
table 1 : explain SELECT c FROM sbtest1 WHERE id=3837946
	Index Scan using sbtest1_pkey on sbtest1  (cost=0.43..8.45 rows=1 width=121)
	  Index Cond: (id = 3837946)

table 2 : explain SELECT c FROM sbtest2 WHERE id=8100458
	Index Scan using sbtest2_pkey on sbtest2  (cost=0.43..8.45 rows=1 width=121)
	  Index Cond: (id = 8100458)

table 3 : explain SELECT c FROM sbtest3 WHERE id=1976367
	Index Scan using sbtest3_pkey on sbtest3  (cost=0.43..8.45 rows=1 width=121)
	  Index Cond: (id = 1976367)

table 4 : explain SELECT c FROM sbtest4 WHERE id=1828688
	Index Scan using sbtest4_pkey on sbtest4  (cost=0.43..8.45 rows=1 width=121)
	  Index Cond: (id = 1828688)

table 5 : explain SELECT c FROM sbtest5 WHERE id=8590400
	Index Scan using sbtest5_pkey on sbtest5  (cost=0.43..8.45 rows=1 width=121)
	  Index Cond: (id = 8590400)

table 6 : explain SELECT c FROM sbtest6 WHERE id=9864757
	Index Scan using sbtest6_pkey on sbtest6  (cost=0.43..8.45 rows=1 width=121)
	  Index Cond: (id = 9864757)

table 7 : explain SELECT c FROM sbtest7 WHERE id=2961363
	Index Scan using sbtest7_pkey on sbtest7  (cost=0.43..8.45 rows=1 width=121)
	  Index Cond: (id = 2961363)

table 8 : explain SELECT c FROM sbtest8 WHERE id=1369586
	Index Scan using sbtest8_pkey on sbtest8  (cost=0.43..8.45 rows=1 width=121)
	  Index Cond: (id = 1369586)

for: distinct_ranges
table 1 : explain SELECT DISTINCT c FROM sbtest1 WHERE id BETWEEN 8557552 AND 8558551 ORDER BY c
	Unique  (cost=3707.73..3712.47 rows=947 width=121)
	  ->  Sort  (cost=3707.73..3710.10 rows=947 width=121)
	        Sort Key: c
	        ->  Bitmap Heap Scan on sbtest1  (cost=22.14..3660.92 rows=947 width=121)
	              Recheck Cond: ((id >= 8557552) AND (id <= 8558551))
	              ->  Bitmap Index Scan on sbtest1_pkey  (cost=0.00..21.90 rows=947 width=0)
	                    Index Cond: ((id >= 8557552) AND (id <= 8558551))

table 2 : explain SELECT DISTINCT c FROM sbtest2 WHERE id BETWEEN 484731 AND 485730 ORDER BY c
	Unique  (cost=3964.95..3970.02 rows=1014 width=121)
	  ->  Sort  (cost=3964.95..3967.49 rows=1014 width=121)
	        Sort Key: c
	        ->  Bitmap Heap Scan on sbtest2  (cost=22.83..3914.32 rows=1014 width=121)
	              Recheck Cond: ((id >= 484731) AND (id <= 485730))
	              ->  Bitmap Index Scan on sbtest2_pkey  (cost=0.00..22.57 rows=1014 width=0)
	                    Index Cond: ((id >= 484731) AND (id <= 485730))

table 3 : explain SELECT DISTINCT c FROM sbtest3 WHERE id BETWEEN 3028075 AND 3029074 ORDER BY c
	Unique  (cost=4778.10..4784.24 rows=1228 width=121)
	  ->  Sort  (cost=4778.10..4781.17 rows=1228 width=121)
	        Sort Key: c
	        ->  Bitmap Heap Scan on sbtest3  (cost=29.02..4715.09 rows=1228 width=121)
	              Recheck Cond: ((id >= 3028075) AND (id <= 3029074))
	              ->  Bitmap Index Scan on sbtest3_pkey  (cost=0.00..28.71 rows=1228 width=0)
	                    Index Cond: ((id >= 3028075) AND (id <= 3029074))

table 4 : explain SELECT DISTINCT c FROM sbtest4 WHERE id BETWEEN 9341000 AND 9341999 ORDER BY c
	Unique  (cost=4044.16..4049.34 rows=1035 width=121)
	  ->  Sort  (cost=4044.16..4046.75 rows=1035 width=121)
	        Sort Key: c
	        ->  Bitmap Heap Scan on sbtest4  (cost=23.04..3992.33 rows=1035 width=121)
	              Recheck Cond: ((id >= 9341000) AND (id <= 9341999))
	              ->  Bitmap Index Scan on sbtest4_pkey  (cost=0.00..22.79 rows=1035 width=0)
	                    Index Cond: ((id >= 9341000) AND (id <= 9341999))

table 5 : explain SELECT DISTINCT c FROM sbtest5 WHERE id BETWEEN 2005520 AND 2006519 ORDER BY c
	Unique  (cost=4133.19..4138.48 rows=1057 width=121)
	  ->  Sort  (cost=4133.19..4135.84 rows=1057 width=121)
	        Sort Key: c
	        ->  Bitmap Heap Scan on sbtest5  (cost=27.27..4080.10 rows=1057 width=121)
	              Recheck Cond: ((id >= 2005520) AND (id <= 2006519))
	              ->  Bitmap Index Scan on sbtest5_pkey  (cost=0.00..27.00 rows=1057 width=0)
	                    Index Cond: ((id >= 2005520) AND (id <= 2006519))

table 6 : explain SELECT DISTINCT c FROM sbtest6 WHERE id BETWEEN 4593065 AND 4594064 ORDER BY c
	Unique  (cost=4006.21..4011.34 rows=1025 width=121)
	  ->  Sort  (cost=4006.21..4008.77 rows=1025 width=121)
	        Sort Key: c
	        ->  Bitmap Heap Scan on sbtest6  (cost=22.94..3954.95 rows=1025 width=121)
	              Recheck Cond: ((id >= 4593065) AND (id <= 4594064))
	              ->  Bitmap Index Scan on sbtest6_pkey  (cost=0.00..22.68 rows=1025 width=0)
	                    Index Cond: ((id >= 4593065) AND (id <= 4594064))

table 7 : explain SELECT DISTINCT c FROM sbtest7 WHERE id BETWEEN 9986655 AND 9987654 ORDER BY c
	Unique  (cost=3948.86..3953.91 rows=1010 width=121)
	  ->  Sort  (cost=3948.86..3951.39 rows=1010 width=121)
	        Sort Key: c
	        ->  Bitmap Heap Scan on sbtest7  (cost=22.79..3898.46 rows=1010 width=121)
	              Recheck Cond: ((id >= 9986655) AND (id <= 9987654))
	              ->  Bitmap Index Scan on sbtest7_pkey  (cost=0.00..22.54 rows=1010 width=0)
	                    Index Cond: ((id >= 9986655) AND (id <= 9987654))

table 8 : explain SELECT DISTINCT c FROM sbtest8 WHERE id BETWEEN 1088496 AND 1089495 ORDER BY c
	Unique  (cost=3968.27..3973.34 rows=1015 width=121)
	  ->  Sort  (cost=3968.27..3970.80 rows=1015 width=121)
	        Sort Key: c
	        ->  Bitmap Heap Scan on sbtest8  (cost=22.84..3917.58 rows=1015 width=121)
	              Recheck Cond: ((id >= 1088496) AND (id <= 1089495))
	              ->  Bitmap Index Scan on sbtest8_pkey  (cost=0.00..22.58 rows=1015 width=0)
	                    Index Cond: ((id >= 1088496) AND (id <= 1089495))

for: order_ranges
table 1 : explain SELECT c FROM sbtest1 WHERE id BETWEEN 6244068 AND 6245067 ORDER BY c
	Sort  (cost=4486.61..4489.49 rows=1151 width=121)
	  Sort Key: c
	  ->  Bitmap Heap Scan on sbtest1  (cost=28.23..4428.09 rows=1151 width=121)
	        Recheck Cond: ((id >= 6244068) AND (id <= 6245067))
	        ->  Bitmap Index Scan on sbtest1_pkey  (cost=0.00..27.94 rows=1151 width=0)
	              Index Cond: ((id >= 6244068) AND (id <= 6245067))

table 2 : explain SELECT c FROM sbtest2 WHERE id BETWEEN 7079585 AND 7080584 ORDER BY c
	Sort  (cost=3854.06..3856.52 rows=985 width=121)
	  Sort Key: c
	  ->  Bitmap Heap Scan on sbtest2  (cost=22.53..3805.08 rows=985 width=121)
	        Recheck Cond: ((id >= 7079585) AND (id <= 7080584))
	        ->  Bitmap Index Scan on sbtest2_pkey  (cost=0.00..22.29 rows=985 width=0)
	              Index Cond: ((id >= 7079585) AND (id <= 7080584))

table 3 : explain SELECT c FROM sbtest3 WHERE id BETWEEN 1555021 AND 1556020 ORDER BY c
	Sort  (cost=4218.79..4221.49 rows=1081 width=121)
	  Sort Key: c
	  ->  Bitmap Heap Scan on sbtest3  (cost=23.52..4164.31 rows=1081 width=121)
	        Recheck Cond: ((id >= 1555021) AND (id <= 1556020))
	        ->  Bitmap Index Scan on sbtest3_pkey  (cost=0.00..23.25 rows=1081 width=0)
	              Index Cond: ((id >= 1555021) AND (id <= 1556020))

table 4 : explain SELECT c FROM sbtest4 WHERE id BETWEEN 3713949 AND 3714948 ORDER BY c
	Sort  (cost=3910.45..3912.95 rows=1000 width=121)
	  Sort Key: c
	  ->  Bitmap Heap Scan on sbtest4  (cost=22.68..3860.62 rows=1000 width=121)
	        Recheck Cond: ((id >= 3713949) AND (id <= 3714948))
	        ->  Bitmap Index Scan on sbtest4_pkey  (cost=0.00..22.43 rows=1000 width=0)
	              Index Cond: ((id >= 3713949) AND (id <= 3714948))

table 5 : explain SELECT c FROM sbtest5 WHERE id BETWEEN 1495602 AND 1496601 ORDER BY c
	Sort  (cost=3739.23..3741.61 rows=955 width=121)
	  Sort Key: c
	  ->  Bitmap Heap Scan on sbtest5  (cost=22.22..3691.96 rows=955 width=121)
	        Recheck Cond: ((id >= 1495602) AND (id <= 1496601))
	        ->  Bitmap Index Scan on sbtest5_pkey  (cost=0.00..21.98 rows=955 width=0)
	              Index Cond: ((id >= 1495602) AND (id <= 1496601))

table 6 : explain SELECT c FROM sbtest6 WHERE id BETWEEN 9455758 AND 9456757 ORDER BY c
	Sort  (cost=4745.31..4748.35 rows=1219 width=121)
	  Sort Key: c
	  ->  Bitmap Heap Scan on sbtest6  (cost=28.93..4682.82 rows=1219 width=121)
	        Recheck Cond: ((id >= 9455758) AND (id <= 9456757))
	        ->  Bitmap Index Scan on sbtest6_pkey  (cost=0.00..28.62 rows=1219 width=0)
	              Index Cond: ((id >= 9455758) AND (id <= 9456757))

table 7 : explain SELECT c FROM sbtest7 WHERE id BETWEEN 3665521 AND 3666520 ORDER BY c
	Sort  (cost=3834.16..3836.61 rows=980 width=121)
	  Sort Key: c
	  ->  Bitmap Heap Scan on sbtest7  (cost=22.48..3785.47 rows=980 width=121)
	        Recheck Cond: ((id >= 3665521) AND (id <= 3666520))
	        ->  Bitmap Index Scan on sbtest7_pkey  (cost=0.00..22.23 rows=980 width=0)
	              Index Cond: ((id >= 3665521) AND (id <= 3666520))

table 8 : explain SELECT c FROM sbtest8 WHERE id BETWEEN 5459473 AND 5460472 ORDER BY c
	Sort  (cost=3643.01..3645.33 rows=930 width=121)
	  Sort Key: c
	  ->  Bitmap Heap Scan on sbtest8  (cost=21.97..3597.15 rows=930 width=121)
	        Recheck Cond: ((id >= 5459473) AND (id <= 5460472))
	        ->  Bitmap Index Scan on sbtest8_pkey  (cost=0.00..21.73 rows=930 width=0)
	              Index Cond: ((id >= 5459473) AND (id <= 5460472))

for: simple_ranges
table 1 : explain SELECT c FROM sbtest1 WHERE id BETWEEN 5198170 AND 5199169
	Bitmap Heap Scan on sbtest1  (cost=22.60..3830.54 rows=992 width=121)
	  Recheck Cond: ((id >= 5198170) AND (id <= 5199169))
	  ->  Bitmap Index Scan on sbtest1_pkey  (cost=0.00..22.36 rows=992 width=0)
	        Index Cond: ((id >= 5198170) AND (id <= 5199169))

table 2 : explain SELECT c FROM sbtest2 WHERE id BETWEEN 7592763 AND 7593762
	Bitmap Heap Scan on sbtest2  (cost=22.64..3846.53 rows=996 width=121)
	  Recheck Cond: ((id >= 7592763) AND (id <= 7593762))
	  ->  Bitmap Index Scan on sbtest2_pkey  (cost=0.00..22.39 rows=996 width=0)
	        Index Cond: ((id >= 7592763) AND (id <= 7593762))

table 3 : explain SELECT c FROM sbtest3 WHERE id BETWEEN 9630361 AND 9631360
	Bitmap Heap Scan on sbtest3  (cost=22.91..3942.62 rows=1022 width=121)
	  Recheck Cond: ((id >= 9630361) AND (id <= 9631360))
	  ->  Bitmap Index Scan on sbtest3_pkey  (cost=0.00..22.65 rows=1022 width=0)
	        Index Cond: ((id >= 9630361) AND (id <= 9631360))

table 4 : explain SELECT c FROM sbtest4 WHERE id BETWEEN 1086111 AND 1087110
	Bitmap Heap Scan on sbtest4  (cost=27.71..4236.80 rows=1100 width=121)
	  Recheck Cond: ((id >= 1086111) AND (id <= 1087110))
	  ->  Bitmap Index Scan on sbtest4_pkey  (cost=0.00..27.43 rows=1100 width=0)
	        Index Cond: ((id >= 1086111) AND (id <= 1087110))

table 5 : explain SELECT c FROM sbtest5 WHERE id BETWEEN 4405429 AND 4406428
	Bitmap Heap Scan on sbtest5  (cost=21.71..3503.15 rows=905 width=121)
	  Recheck Cond: ((id >= 4405429) AND (id <= 4406428))
	  ->  Bitmap Index Scan on sbtest5_pkey  (cost=0.00..21.48 rows=905 width=0)
	        Index Cond: ((id >= 4405429) AND (id <= 4406428))

table 6 : explain SELECT c FROM sbtest6 WHERE id BETWEEN 1745994 AND 1746993
	Bitmap Heap Scan on sbtest6  (cost=23.11..4015.14 rows=1041 width=121)
	  Recheck Cond: ((id >= 1745994) AND (id <= 1746993))
	  ->  Bitmap Index Scan on sbtest6_pkey  (cost=0.00..22.84 rows=1041 width=0)
	        Index Cond: ((id >= 1745994) AND (id <= 1746993))

table 7 : explain SELECT c FROM sbtest7 WHERE id BETWEEN 6779596 AND 6780595
	Bitmap Heap Scan on sbtest7  (cost=22.99..3973.72 rows=1030 width=121)
	  Recheck Cond: ((id >= 6779596) AND (id <= 6780595))
	  ->  Bitmap Index Scan on sbtest7_pkey  (cost=0.00..22.73 rows=1030 width=0)
	        Index Cond: ((id >= 6779596) AND (id <= 6780595))

table 8 : explain SELECT c FROM sbtest8 WHERE id BETWEEN 9394548 AND 9395547
	Bitmap Heap Scan on sbtest8  (cost=21.90..3570.72 rows=923 width=121)
	  Recheck Cond: ((id >= 9394548) AND (id <= 9395547))
	  ->  Bitmap Index Scan on sbtest8_pkey  (cost=0.00..21.66 rows=923 width=0)
	        Index Cond: ((id >= 9394548) AND (id <= 9395547))

explain: for point_selects :: explain SELECT c FROM sbtest%u WHERE id=%u
explain: for point_selects :: explain SELECT c FROM sbtest%u WHERE id=%u
for: order_ranges
table 1 : explain SELECT c FROM sbtest1 WHERE id BETWEEN 6158849 AND 6159848 ORDER BY c
	Sort  (cost=3856.97..3859.44 rows=986 width=121)
	  Sort Key: c
	  ->  Bitmap Heap Scan on sbtest1  (cost=22.54..3807.94 rows=986 width=121)
	        Recheck Cond: ((id >= 6158849) AND (id <= 6159848))
	        ->  Bitmap Index Scan on sbtest1_pkey  (cost=0.00..22.29 rows=986 width=0)
	              Index Cond: ((id >= 6158849) AND (id <= 6159848))

table 2 : explain SELECT c FROM sbtest2 WHERE id BETWEEN 1015483 AND 1016482 ORDER BY c
	Sort  (cost=3796.66..3799.08 rows=970 width=121)
	  Sort Key: c
	  ->  Bitmap Heap Scan on sbtest2  (cost=22.38..3748.54 rows=970 width=121)
	        Recheck Cond: ((id >= 1015483) AND (id <= 1016482))
	        ->  Bitmap Index Scan on sbtest2_pkey  (cost=0.00..22.14 rows=970 width=0)
	              Index Cond: ((id >= 1015483) AND (id <= 1016482))

table 3 : explain SELECT c FROM sbtest3 WHERE id BETWEEN 3814316 AND 3815315 ORDER BY c
	Sort  (cost=3680.16..3682.51 rows=940 width=121)
	  Sort Key: c
	  ->  Bitmap Heap Scan on sbtest3  (cost=22.07..3633.74 rows=940 width=121)
	        Recheck Cond: ((id >= 3814316) AND (id <= 3815315))
	        ->  Bitmap Index Scan on sbtest3_pkey  (cost=0.00..21.83 rows=940 width=0)
	              Index Cond: ((id >= 3814316) AND (id <= 3815315))

table 4 : explain SELECT c FROM sbtest4 WHERE id BETWEEN 2338458 AND 2339457 ORDER BY c
	Sort  (cost=3887.52..3890.00 rows=994 width=121)
	  Sort Key: c
	  ->  Bitmap Heap Scan on sbtest4  (cost=22.62..3838.03 rows=994 width=121)
	        Recheck Cond: ((id >= 2338458) AND (id <= 2339457))
	        ->  Bitmap Index Scan on sbtest4_pkey  (cost=0.00..22.37 rows=994 width=0)
	              Index Cond: ((id >= 2338458) AND (id <= 2339457))

table 5 : explain SELECT c FROM sbtest5 WHERE id BETWEEN 8155095 AND 8156094 ORDER BY c
	Sort  (cost=3930.72..3933.23 rows=1004 width=121)
	  Sort Key: c
	  ->  Bitmap Heap Scan on sbtest5  (cost=26.73..3880.66 rows=1004 width=121)
	        Recheck Cond: ((id >= 8155095) AND (id <= 8156094))
	        ->  Bitmap Index Scan on sbtest5_pkey  (cost=0.00..26.47 rows=1004 width=0)
	              Index Cond: ((id >= 8155095) AND (id <= 8156094))

table 6 : explain SELECT c FROM sbtest6 WHERE id BETWEEN 5706744 AND 5707743 ORDER BY c
	Sort  (cost=3994.75..3997.31 rows=1022 width=121)
	  Sort Key: c
	  ->  Bitmap Heap Scan on sbtest6  (cost=22.91..3943.66 rows=1022 width=121)
	        Recheck Cond: ((id >= 5706744) AND (id <= 5707743))
	        ->  Bitmap Index Scan on sbtest6_pkey  (cost=0.00..22.65 rows=1022 width=0)
	              Index Cond: ((id >= 5706744) AND (id <= 5707743))

table 7 : explain SELECT c FROM sbtest7 WHERE id BETWEEN 3940903 AND 3941902 ORDER BY c
	Sort  (cost=3987.07..3989.62 rows=1020 width=121)
	  Sort Key: c
	  ->  Bitmap Heap Scan on sbtest7  (cost=22.89..3936.10 rows=1020 width=121)
	        Recheck Cond: ((id >= 3940903) AND (id <= 3941902))
	        ->  Bitmap Index Scan on sbtest7_pkey  (cost=0.00..22.64 rows=1020 width=0)
	              Index Cond: ((id >= 3940903) AND (id <= 3941902))

table 8 : explain SELECT c FROM sbtest8 WHERE id BETWEEN 1159920 AND 1160919 ORDER BY c
	Sort  (cost=4212.77..4215.47 rows=1078 width=121)
	  Sort Key: c
	  ->  Bitmap Heap Scan on sbtest8  (cost=27.48..4158.47 rows=1078 width=121)
	        Recheck Cond: ((id >= 1159920) AND (id <= 1160919))
	        ->  Bitmap Index Scan on sbtest8_pkey  (cost=0.00..27.21 rows=1078 width=0)
	              Index Cond: ((id >= 1159920) AND (id <= 1160919))

for: sum_ranges
table 1 : explain SELECT SUM(k) FROM sbtest1 WHERE id BETWEEN 6038439 AND 6039438
	Aggregate  (cost=3595.31..3595.32 rows=1 width=8)
	  ->  Bitmap Heap Scan on sbtest1  (cost=21.96..3592.99 rows=929 width=4)
	        Recheck Cond: ((id >= 6038439) AND (id <= 6039438))
	        ->  Bitmap Index Scan on sbtest1_pkey  (cost=0.00..21.72 rows=929 width=0)
	              Index Cond: ((id >= 6038439) AND (id <= 6039438))

table 2 : explain SELECT SUM(k) FROM sbtest2 WHERE id BETWEEN 8656461 AND 8657460
	Aggregate  (cost=3845.25..3845.26 rows=1 width=8)
	  ->  Bitmap Heap Scan on sbtest2  (cost=22.63..3842.77 rows=995 width=4)
	        Recheck Cond: ((id >= 8656461) AND (id <= 8657460))
	        ->  Bitmap Index Scan on sbtest2_pkey  (cost=0.00..22.39 rows=995 width=0)
	              Index Cond: ((id >= 8656461) AND (id <= 8657460))

table 3 : explain SELECT SUM(k) FROM sbtest3 WHERE id BETWEEN 1246515 AND 1247514
	Aggregate  (cost=3922.59..3922.60 rows=1 width=8)
	  ->  Bitmap Heap Scan on sbtest3  (cost=22.85..3920.05 rows=1016 width=4)
	        Recheck Cond: ((id >= 1246515) AND (id <= 1247514))
	        ->  Bitmap Index Scan on sbtest3_pkey  (cost=0.00..22.59 rows=1016 width=0)
	              Index Cond: ((id >= 1246515) AND (id <= 1247514))

table 4 : explain SELECT SUM(k) FROM sbtest4 WHERE id BETWEEN 1130238 AND 1131237
	Aggregate  (cost=4239.55..4239.56 rows=1 width=8)
	  ->  Bitmap Heap Scan on sbtest4  (cost=27.71..4236.80 rows=1100 width=4)
	        Recheck Cond: ((id >= 1130238) AND (id <= 1131237))
	        ->  Bitmap Index Scan on sbtest4_pkey  (cost=0.00..27.43 rows=1100 width=0)
	              Index Cond: ((id >= 1130238) AND (id <= 1131237))

table 5 : explain SELECT SUM(k) FROM sbtest5 WHERE id BETWEEN 6192650 AND 6193649
	Aggregate  (cost=3626.37..3626.38 rows=1 width=8)
	  ->  Bitmap Heap Scan on sbtest5  (cost=22.04..3624.03 rows=937 width=4)
	        Recheck Cond: ((id >= 6192650) AND (id <= 6193649))
	        ->  Bitmap Index Scan on sbtest5_pkey  (cost=0.00..21.80 rows=937 width=0)
	              Index Cond: ((id >= 6192650) AND (id <= 6193649))

table 6 : explain SELECT SUM(k) FROM sbtest6 WHERE id BETWEEN 1124906 AND 1125905
	Aggregate  (cost=3576.58..3576.59 rows=1 width=8)
	  ->  Bitmap Heap Scan on sbtest6  (cost=21.91..3574.27 rows=924 width=4)
	        Recheck Cond: ((id >= 1124906) AND (id <= 1125905))
	        ->  Bitmap Index Scan on sbtest6_pkey  (cost=0.00..21.68 rows=924 width=0)
	              Index Cond: ((id >= 1124906) AND (id <= 1125905))

table 7 : explain SELECT SUM(k) FROM sbtest7 WHERE id BETWEEN 8529835 AND 8530834
	Aggregate  (cost=4138.05..4138.06 rows=1 width=8)
	  ->  Bitmap Heap Scan on sbtest7  (cost=23.43..4135.36 rows=1073 width=4)
	        Recheck Cond: ((id >= 8529835) AND (id <= 8530834))
	        ->  Bitmap Index Scan on sbtest7_pkey  (cost=0.00..23.16 rows=1073 width=0)
	              Index Cond: ((id >= 8529835) AND (id <= 8530834))

table 8 : explain SELECT SUM(k) FROM sbtest8 WHERE id BETWEEN 1524035 AND 1525034
	Aggregate  (cost=3750.49..3750.50 rows=1 width=8)
	  ->  Bitmap Heap Scan on sbtest8  (cost=22.38..3748.06 rows=970 width=4)
	        Recheck Cond: ((id >= 1524035) AND (id <= 1525034))
	        ->  Bitmap Index Scan on sbtest8_pkey  (cost=0.00..22.14 rows=970 width=0)
	              Index Cond: ((id >= 1524035) AND (id <= 1525034))

explain: for point_selects :: explain SELECT c FROM sbtest%u WHERE id=%u
for: simple_ranges
table 1 : explain SELECT c FROM sbtest1 WHERE id BETWEEN 521052 AND 522051
	Bitmap Heap Scan on sbtest1  (cost=22.25..3702.41 rows=958 width=121)
	  Recheck Cond: ((id >= 521052) AND (id <= 522051))
	  ->  Bitmap Index Scan on sbtest1_pkey  (cost=0.00..22.01 rows=958 width=0)
	        Index Cond: ((id >= 521052) AND (id <= 522051))

table 2 : explain SELECT c FROM sbtest2 WHERE id BETWEEN 2406983 AND 2407982
	Bitmap Heap Scan on sbtest2  (cost=22.40..3756.08 rows=972 width=121)
	  Recheck Cond: ((id >= 2406983) AND (id <= 2407982))
	  ->  Bitmap Index Scan on sbtest2_pkey  (cost=0.00..22.15 rows=972 width=0)
	        Index Cond: ((id >= 2406983) AND (id <= 2407982))

table 3 : explain SELECT c FROM sbtest3 WHERE id BETWEEN 7303653 AND 7304652
	Bitmap Heap Scan on sbtest3  (cost=22.96..3961.42 rows=1027 width=121)
	  Recheck Cond: ((id >= 7303653) AND (id <= 7304652))
	  ->  Bitmap Index Scan on sbtest3_pkey  (cost=0.00..22.70 rows=1027 width=0)
	        Index Cond: ((id >= 7303653) AND (id <= 7304652))

table 4 : explain SELECT c FROM sbtest4 WHERE id BETWEEN 2680677 AND 2681676
	Bitmap Heap Scan on sbtest4  (cost=22.67..3856.86 rows=999 width=121)
	  Recheck Cond: ((id >= 2680677) AND (id <= 2681676))
	  ->  Bitmap Index Scan on sbtest4_pkey  (cost=0.00..22.43 rows=999 width=0)
	        Index Cond: ((id >= 2680677) AND (id <= 2681676))

table 5 : explain SELECT c FROM sbtest5 WHERE id BETWEEN 8054377 AND 8055376
	Bitmap Heap Scan on sbtest5  (cost=26.67..3861.83 rows=999 width=121)
	  Recheck Cond: ((id >= 8054377) AND (id <= 8055376))
	  ->  Bitmap Index Scan on sbtest5_pkey  (cost=0.00..26.43 rows=999 width=0)
	        Index Cond: ((id >= 8054377) AND (id <= 8055376))

table 6 : explain SELECT c FROM sbtest6 WHERE id BETWEEN 1493219 AND 1494218
	Bitmap Heap Scan on sbtest6  (cost=22.47..3781.74 rows=979 width=121)
	  Recheck Cond: ((id >= 1493219) AND (id <= 1494218))
	  ->  Bitmap Index Scan on sbtest6_pkey  (cost=0.00..22.22 rows=979 width=0)
	        Index Cond: ((id >= 1493219) AND (id <= 1494218))

table 7 : explain SELECT c FROM sbtest7 WHERE id BETWEEN 3790158 AND 3791157
	Bitmap Heap Scan on sbtest7  (cost=21.45..3407.97 rows=880 width=121)
	  Recheck Cond: ((id >= 3790158) AND (id <= 3791157))
	  ->  Bitmap Index Scan on sbtest7_pkey  (cost=0.00..21.23 rows=880 width=0)
	        Index Cond: ((id >= 3790158) AND (id <= 3791157))

table 8 : explain SELECT c FROM sbtest8 WHERE id BETWEEN 6204711 AND 6205710
	Bitmap Heap Scan on sbtest8  (cost=22.39..3751.83 rows=971 width=121)
	  Recheck Cond: ((id >= 6204711) AND (id <= 6205710))
	  ->  Bitmap Index Scan on sbtest8_pkey  (cost=0.00..22.14 rows=971 width=0)
	        Index Cond: ((id >= 6204711) AND (id <= 6205710))

for: sum_ranges
table 1 : explain SELECT SUM(k) FROM sbtest1 WHERE id BETWEEN 1013904 AND 1014903
	Aggregate  (cost=4096.54..4096.55 rows=1 width=8)
	  ->  Bitmap Heap Scan on sbtest1  (cost=23.32..4093.88 rows=1062 width=4)
	        Recheck Cond: ((id >= 1013904) AND (id <= 1014903))
	        ->  Bitmap Index Scan on sbtest1_pkey  (cost=0.00..23.05 rows=1062 width=0)
	              Index Cond: ((id >= 1013904) AND (id <= 1014903))

table 2 : explain SELECT SUM(k) FROM sbtest2 WHERE id BETWEEN 1514786 AND 1515785
	Aggregate  (cost=3947.00..3947.01 rows=1 width=8)
	  ->  Bitmap Heap Scan on sbtest2  (cost=22.91..3944.44 rows=1022 width=4)
	        Recheck Cond: ((id >= 1514786) AND (id <= 1515785))
	        ->  Bitmap Index Scan on sbtest2_pkey  (cost=0.00..22.65 rows=1022 width=0)
	              Index Cond: ((id >= 1514786) AND (id <= 1515785))

table 3 : explain SELECT SUM(k) FROM sbtest3 WHERE id BETWEEN 4067301 AND 4068300
	Aggregate  (cost=3832.20..3832.21 rows=1 width=8)
	  ->  Bitmap Heap Scan on sbtest3  (cost=22.60..3829.72 rows=992 width=4)
	        Recheck Cond: ((id >= 4067301) AND (id <= 4068300))
	        ->  Bitmap Index Scan on sbtest3_pkey  (cost=0.00..22.36 rows=992 width=0)
	              Index Cond: ((id >= 4067301) AND (id <= 4068300))

table 4 : explain SELECT SUM(k) FROM sbtest4 WHERE id BETWEEN 4604827 AND 4605826
	Aggregate  (cost=3719.85..3719.86 rows=1 width=8)
	  ->  Bitmap Heap Scan on sbtest4  (cost=22.30..3717.44 rows=962 width=4)
	        Recheck Cond: ((id >= 4604827) AND (id <= 4605826))
	        ->  Bitmap Index Scan on sbtest4_pkey  (cost=0.00..22.05 rows=962 width=0)
	              Index Cond: ((id >= 4604827) AND (id <= 4605826))

table 5 : explain SELECT SUM(k) FROM sbtest5 WHERE id BETWEEN 5649334 AND 5650333
	Aggregate  (cost=4450.86..4450.87 rows=1 width=8)
	  ->  Bitmap Heap Scan on sbtest5  (cost=28.28..4447.97 rows=1156 width=4)
	        Recheck Cond: ((id >= 5649334) AND (id <= 5650333))
	        ->  Bitmap Index Scan on sbtest5_pkey  (cost=0.00..28.00 rows=1156 width=0)
	              Index Cond: ((id >= 5649334) AND (id <= 5650333))

table 6 : explain SELECT SUM(k) FROM sbtest6 WHERE id BETWEEN 4641933 AND 4642932
	Aggregate  (cost=3870.89..3870.90 rows=1 width=8)
	  ->  Bitmap Heap Scan on sbtest6  (cost=22.71..3868.38 rows=1002 width=4)
	        Recheck Cond: ((id >= 4641933) AND (id <= 4642932))
	        ->  Bitmap Index Scan on sbtest6_pkey  (cost=0.00..22.45 rows=1002 width=0)
	              Index Cond: ((id >= 4641933) AND (id <= 4642932))

table 7 : explain SELECT SUM(k) FROM sbtest7 WHERE id BETWEEN 9002939 AND 9003938
	Aggregate  (cost=3953.71..3953.72 rows=1 width=8)
	  ->  Bitmap Heap Scan on sbtest7  (cost=22.93..3951.15 rows=1024 width=4)
	        Recheck Cond: ((id >= 9002939) AND (id <= 9003938))
	        ->  Bitmap Index Scan on sbtest7_pkey  (cost=0.00..22.68 rows=1024 width=0)
	              Index Cond: ((id >= 9002939) AND (id <= 9003938))

table 8 : explain SELECT SUM(k) FROM sbtest8 WHERE id BETWEEN 7561607 AND 7562606
	Aggregate  (cost=3663.68..3663.69 rows=1 width=8)
	  ->  Bitmap Heap Scan on sbtest8  (cost=22.14..3661.32 rows=947 width=4)
	        Recheck Cond: ((id >= 7561607) AND (id <= 7562606))
	        ->  Bitmap Index Scan on sbtest8_pkey  (cost=0.00..21.90 rows=947 width=0)
	              Index Cond: ((id >= 7561607) AND (id <= 7562606))

for: order_ranges
table 1 : explain SELECT c FROM sbtest1 WHERE id BETWEEN 5246428 AND 5247427 ORDER BY c
	Sort  (cost=3814.90..3817.34 rows=975 width=121)
	  Sort Key: c
	  ->  Bitmap Heap Scan on sbtest1  (cost=22.43..3766.49 rows=975 width=121)
	        Recheck Cond: ((id >= 5246428) AND (id <= 5247427))
	        ->  Bitmap Index Scan on sbtest1_pkey  (cost=0.00..22.18 rows=975 width=0)
	              Index Cond: ((id >= 5246428) AND (id <= 5247427))

table 2 : explain SELECT c FROM sbtest2 WHERE id BETWEEN 3368700 AND 3369699 ORDER BY c
	Sort  (cost=3834.93..3837.38 rows=980 width=121)
	  Sort Key: c
	  ->  Bitmap Heap Scan on sbtest2  (cost=22.48..3786.24 rows=980 width=121)
	        Recheck Cond: ((id >= 3368700) AND (id <= 3369699))
	        ->  Bitmap Index Scan on sbtest2_pkey  (cost=0.00..22.23 rows=980 width=0)
	              Index Cond: ((id >= 3368700) AND (id <= 3369699))

table 3 : explain SELECT c FROM sbtest3 WHERE id BETWEEN 6325573 AND 6326572 ORDER BY c
	Sort  (cost=4050.97..4053.56 rows=1037 width=121)
	  Sort Key: c
	  ->  Bitmap Heap Scan on sbtest3  (cost=23.06..3999.02 rows=1037 width=121)
	        Recheck Cond: ((id >= 6325573) AND (id <= 6326572))
	        ->  Bitmap Index Scan on sbtest3_pkey  (cost=0.00..22.80 rows=1037 width=0)
	              Index Cond: ((id >= 6325573) AND (id <= 6326572))

table 4 : explain SELECT c FROM sbtest4 WHERE id BETWEEN 1617947 AND 1618946 ORDER BY c
	Sort  (cost=3906.63..3909.13 rows=999 width=121)
	  Sort Key: c
	  ->  Bitmap Heap Scan on sbtest4  (cost=22.67..3856.86 rows=999 width=121)
	        Recheck Cond: ((id >= 1617947) AND (id <= 1618946))
	        ->  Bitmap Index Scan on sbtest4_pkey  (cost=0.00..22.43 rows=999 width=0)
	              Index Cond: ((id >= 1617947) AND (id <= 1618946))

table 5 : explain SELECT c FROM sbtest5 WHERE id BETWEEN 6101020 AND 6102019 ORDER BY c
	Sort  (cost=4068.29..4070.89 rows=1040 width=121)
	  Sort Key: c
	  ->  Bitmap Heap Scan on sbtest5  (cost=27.09..4016.17 rows=1040 width=121)
	        Recheck Cond: ((id >= 6101020) AND (id <= 6102019))
	        ->  Bitmap Index Scan on sbtest5_pkey  (cost=0.00..26.83 rows=1040 width=0)
	              Index Cond: ((id >= 6101020) AND (id <= 6102019))

table 6 : explain SELECT c FROM sbtest6 WHERE id BETWEEN 6595566 AND 6596565 ORDER BY c
	Sort  (cost=4052.04..4054.63 rows=1037 width=121)
	  Sort Key: c
	  ->  Bitmap Heap Scan on sbtest6  (cost=23.06..4000.09 rows=1037 width=121)
	        Recheck Cond: ((id >= 6595566) AND (id <= 6596565))
	        ->  Bitmap Index Scan on sbtest6_pkey  (cost=0.00..22.80 rows=1037 width=0)
	              Index Cond: ((id >= 6595566) AND (id <= 6596565))

table 7 : explain SELECT c FROM sbtest7 WHERE id BETWEEN 6558632 AND 6559631 ORDER BY c
	Sort  (cost=4162.68..4165.34 rows=1066 width=121)
	  Sort Key: c
	  ->  Bitmap Heap Scan on sbtest7  (cost=23.36..4109.07 rows=1066 width=121)
	        Recheck Cond: ((id >= 6558632) AND (id <= 6559631))
	        ->  Bitmap Index Scan on sbtest7_pkey  (cost=0.00..23.09 rows=1066 width=0)
	              Index Cond: ((id >= 6558632) AND (id <= 6559631))

table 8 : explain SELECT c FROM sbtest8 WHERE id BETWEEN 9698267 AND 9699266 ORDER BY c
	Sort  (cost=3692.81..3695.17 rows=943 width=121)
	  Sort Key: c
	  ->  Bitmap Heap Scan on sbtest8  (cost=22.10..3646.22 rows=943 width=121)
	        Recheck Cond: ((id >= 9698267) AND (id <= 9699266))
	        ->  Bitmap Index Scan on sbtest8_pkey  (cost=0.00..21.86 rows=943 width=0)
	              Index Cond: ((id >= 9698267) AND (id <= 9699266))

for: order_ranges
table 1 : explain SELECT c FROM sbtest1 WHERE id BETWEEN 3254403 AND 3255402 ORDER BY c
	Sort  (cost=4204.47..4207.17 rows=1077 width=121)
	  Sort Key: c
	  ->  Bitmap Heap Scan on sbtest1  (cost=23.47..4150.23 rows=1077 width=121)
	        Recheck Cond: ((id >= 3254403) AND (id <= 3255402))
	        ->  Bitmap Index Scan on sbtest1_pkey  (cost=0.00..23.20 rows=1077 width=0)
	              Index Cond: ((id >= 3254403) AND (id <= 3255402))

table 2 : explain SELECT c FROM sbtest2 WHERE id BETWEEN 7866160 AND 7867159 ORDER BY c
	Sort  (cost=4075.75..4078.35 rows=1043 width=121)
	  Sort Key: c
	  ->  Bitmap Heap Scan on sbtest2  (cost=23.13..4023.46 rows=1043 width=121)
	        Recheck Cond: ((id >= 7866160) AND (id <= 7867159))
	        ->  Bitmap Index Scan on sbtest2_pkey  (cost=0.00..22.86 rows=1043 width=0)
	              Index Cond: ((id >= 7866160) AND (id <= 7867159))

table 3 : explain SELECT c FROM sbtest3 WHERE id BETWEEN 8191476 AND 8192475 ORDER BY c
	Sort  (cost=3703.13..3705.50 rows=946 width=121)
	  Sort Key: c
	  ->  Bitmap Heap Scan on sbtest3  (cost=22.13..3656.38 rows=946 width=121)
	        Recheck Cond: ((id >= 8191476) AND (id <= 8192475))
	        ->  Bitmap Index Scan on sbtest3_pkey  (cost=0.00..21.89 rows=946 width=0)
	              Index Cond: ((id >= 8191476) AND (id <= 8192475))

table 4 : explain SELECT c FROM sbtest4 WHERE id BETWEEN 8353396 AND 8354395 ORDER BY c
	Sort  (cost=4105.24..4107.87 rows=1051 width=121)
	  Sort Key: c
	  ->  Bitmap Heap Scan on sbtest4  (cost=23.21..4052.49 rows=1051 width=121)
	        Recheck Cond: ((id >= 8353396) AND (id <= 8354395))
	        ->  Bitmap Index Scan on sbtest4_pkey  (cost=0.00..22.94 rows=1051 width=0)
	              Index Cond: ((id >= 8353396) AND (id <= 8354395))

table 5 : explain SELECT c FROM sbtest5 WHERE id BETWEEN 9083023 AND 9084022 ORDER BY c
	Sort  (cost=3513.07..3515.31 rows=896 width=121)
	  Sort Key: c
	  ->  Bitmap Heap Scan on sbtest5  (cost=21.62..3469.13 rows=896 width=121)
	        Recheck Cond: ((id >= 9083023) AND (id <= 9084022))
	        ->  Bitmap Index Scan on sbtest5_pkey  (cost=0.00..21.39 rows=896 width=0)
	              Index Cond: ((id >= 9083023) AND (id <= 9084022))

table 6 : explain SELECT c FROM sbtest6 WHERE id BETWEEN 1725749 AND 1726748 ORDER BY c
	Sort  (cost=4315.49..4318.25 rows=1106 width=121)
	  Sort Key: c
	  ->  Bitmap Heap Scan on sbtest6  (cost=27.77..4259.57 rows=1106 width=121)
	        Recheck Cond: ((id >= 1725749) AND (id <= 1726748))
	        ->  Bitmap Index Scan on sbtest6_pkey  (cost=0.00..27.50 rows=1106 width=0)
	              Index Cond: ((id >= 1725749) AND (id <= 1726748))

table 7 : explain SELECT c FROM sbtest7 WHERE id BETWEEN 9109204 AND 9110203 ORDER BY c
	Sort  (cost=4139.78..4142.43 rows=1060 width=121)
	  Sort Key: c
	  ->  Bitmap Heap Scan on sbtest7  (cost=23.30..4086.52 rows=1060 width=121)
	        Recheck Cond: ((id >= 9109204) AND (id <= 9110203))
	        ->  Bitmap Index Scan on sbtest7_pkey  (cost=0.00..23.04 rows=1060 width=0)
	              Index Cond: ((id >= 9109204) AND (id <= 9110203))

table 8 : explain SELECT c FROM sbtest8 WHERE id BETWEEN 3823290 AND 3824289 ORDER BY c
	Sort  (cost=3754.08..3756.48 rows=959 width=121)
	  Sort Key: c
	  ->  Bitmap Heap Scan on sbtest8  (cost=22.26..3706.58 rows=959 width=121)
	        Recheck Cond: ((id >= 3823290) AND (id <= 3824289))
	        ->  Bitmap Index Scan on sbtest8_pkey  (cost=0.00..22.02 rows=959 width=0)
	              Index Cond: ((id >= 3823290) AND (id <= 3824289))

for point_selects
table 1 : explain SELECT c FROM sbtest1 WHERE id=3792036
	Index Scan using sbtest1_pkey on sbtest1  (cost=0.43..8.45 rows=1 width=121)
	  Index Cond: (id = 3792036)

table 2 : explain SELECT c FROM sbtest2 WHERE id=8920933
	Index Scan using sbtest2_pkey on sbtest2  (cost=0.43..8.45 rows=1 width=121)
	  Index Cond: (id = 8920933)

table 3 : explain SELECT c FROM sbtest3 WHERE id=5903432
	Index Scan using sbtest3_pkey on sbtest3  (cost=0.43..8.45 rows=1 width=121)
	  Index Cond: (id = 5903432)

table 4 : explain SELECT c FROM sbtest4 WHERE id=2573190
	Index Scan using sbtest4_pkey on sbtest4  (cost=0.43..8.45 rows=1 width=121)
	  Index Cond: (id = 2573190)

table 5 : explain SELECT c FROM sbtest5 WHERE id=8109088
	Index Scan using sbtest5_pkey on sbtest5  (cost=0.43..8.45 rows=1 width=121)
	  Index Cond: (id = 8109088)

table 6 : explain SELECT c FROM sbtest6 WHERE id=6515888
	Index Scan using sbtest6_pkey on sbtest6  (cost=0.43..8.45 rows=1 width=121)
	  Index Cond: (id = 6515888)

table 7 : explain SELECT c FROM sbtest7 WHERE id=3943835
	Index Scan using sbtest7_pkey on sbtest7  (cost=0.43..8.45 rows=1 width=121)
	  Index Cond: (id = 3943835)

table 8 : explain SELECT c FROM sbtest8 WHERE id=6410289
	Index Scan using sbtest8_pkey on sbtest8  (cost=0.43..8.45 rows=1 width=121)
	  Index Cond: (id = 6410289)

for: order_ranges
table 1 : explain SELECT c FROM sbtest1 WHERE id BETWEEN 5416897 AND 5417896 ORDER BY c
	Sort  (cost=3860.80..3863.27 rows=987 width=121)
	  Sort Key: c
	  ->  Bitmap Heap Scan on sbtest1  (cost=22.55..3811.71 rows=987 width=121)
	        Recheck Cond: ((id >= 5416897) AND (id <= 5417896))
	        ->  Bitmap Index Scan on sbtest1_pkey  (cost=0.00..22.30 rows=987 width=0)
	              Index Cond: ((id >= 5416897) AND (id <= 5417896))

table 2 : explain SELECT c FROM sbtest2 WHERE id BETWEEN 457966 AND 458965 ORDER BY c
	Sort  (cost=3964.95..3967.49 rows=1014 width=121)
	  Sort Key: c
	  ->  Bitmap Heap Scan on sbtest2  (cost=22.83..3914.32 rows=1014 width=121)
	        Recheck Cond: ((id >= 457966) AND (id <= 458965))
	        ->  Bitmap Index Scan on sbtest2_pkey  (cost=0.00..22.57 rows=1014 width=0)
	              Index Cond: ((id >= 457966) AND (id <= 458965))

table 3 : explain SELECT c FROM sbtest3 WHERE id BETWEEN 2274389 AND 2275388 ORDER BY c
	Sort  (cost=3607.39..3609.70 rows=921 width=121)
	  Sort Key: c
	  ->  Bitmap Heap Scan on sbtest3  (cost=21.88..3562.05 rows=921 width=121)
	        Recheck Cond: ((id >= 2274389) AND (id <= 2275388))
	        ->  Bitmap Index Scan on sbtest3_pkey  (cost=0.00..21.64 rows=921 width=0)
	              Index Cond: ((id >= 2274389) AND (id <= 2275388))

table 4 : explain SELECT c FROM sbtest4 WHERE id BETWEEN 5157654 AND 5158653 ORDER BY c
	Sort  (cost=4463.72..4466.58 rows=1145 width=121)
	  Sort Key: c
	  ->  Bitmap Heap Scan on sbtest4  (cost=28.17..4405.55 rows=1145 width=121)
	        Recheck Cond: ((id >= 5157654) AND (id <= 5158653))
	        ->  Bitmap Index Scan on sbtest4_pkey  (cost=0.00..27.89 rows=1145 width=0)
	              Index Cond: ((id >= 5157654) AND (id <= 5158653))

table 5 : explain SELECT c FROM sbtest5 WHERE id BETWEEN 6175054 AND 6176053 ORDER BY c
	Sort  (cost=4068.29..4070.89 rows=1040 width=121)
	  Sort Key: c
	  ->  Bitmap Heap Scan on sbtest5  (cost=27.09..4016.17 rows=1040 width=121)
	        Recheck Cond: ((id >= 6175054) AND (id <= 6176053))
	        ->  Bitmap Index Scan on sbtest5_pkey  (cost=0.00..26.83 rows=1040 width=0)
	              Index Cond: ((id >= 6175054) AND (id <= 6176053))

table 6 : explain SELECT c FROM sbtest6 WHERE id BETWEEN 423607 AND 424606 ORDER BY c
	Sort  (cost=3558.46..3560.73 rows=908 width=121)
	  Sort Key: c
	  ->  Bitmap Heap Scan on sbtest6  (cost=21.74..3513.84 rows=908 width=121)
	        Recheck Cond: ((id >= 423607) AND (id <= 424606))
	        ->  Bitmap Index Scan on sbtest6_pkey  (cost=0.00..21.51 rows=908 width=0)
	              Index Cond: ((id >= 423607) AND (id <= 424606))

table 7 : explain SELECT c FROM sbtest7 WHERE id BETWEEN 3111725 AND 3112724 ORDER BY c
	Sort  (cost=4082.54..4085.15 rows=1045 width=121)
	  Sort Key: c
	  ->  Bitmap Heap Scan on sbtest7  (cost=23.15..4030.14 rows=1045 width=121)
	        Recheck Cond: ((id >= 3111725) AND (id <= 3112724))
	        ->  Bitmap Index Scan on sbtest7_pkey  (cost=0.00..22.89 rows=1045 width=0)
	              Index Cond: ((id >= 3111725) AND (id <= 3112724))

table 8 : explain SELECT c FROM sbtest8 WHERE id BETWEEN 6837718 AND 6838717 ORDER BY c
	Sort  (cost=4098.12..4100.75 rows=1049 width=121)
	  Sort Key: c
	  ->  Bitmap Heap Scan on sbtest8  (cost=23.19..4045.49 rows=1049 width=121)
	        Recheck Cond: ((id >= 6837718) AND (id <= 6838717))
	        ->  Bitmap Index Scan on sbtest8_pkey  (cost=0.00..22.93 rows=1049 width=0)
	              Index Cond: ((id >= 6837718) AND (id <= 6838717))

for point_selects
table 1 : explain SELECT c FROM sbtest1 WHERE id=3743946
	Index Scan using sbtest1_pkey on sbtest1  (cost=0.43..8.45 rows=1 width=121)
	  Index Cond: (id = 3743946)

table 2 : explain SELECT c FROM sbtest2 WHERE id=2563309
	Index Scan using sbtest2_pkey on sbtest2  (cost=0.43..8.45 rows=1 width=121)
	  Index Cond: (id = 2563309)

table 3 : explain SELECT c FROM sbtest3 WHERE id=6045772
	Index Scan using sbtest3_pkey on sbtest3  (cost=0.43..8.45 rows=1 width=121)
	  Index Cond: (id = 6045772)

table 4 : explain SELECT c FROM sbtest4 WHERE id=4651453
	Index Scan using sbtest4_pkey on sbtest4  (cost=0.43..8.45 rows=1 width=121)
	  Index Cond: (id = 4651453)

table 5 : explain SELECT c FROM sbtest5 WHERE id=1475725
	Index Scan using sbtest5_pkey on sbtest5  (cost=0.43..8.45 rows=1 width=121)
	  Index Cond: (id = 1475725)

table 6 : explain SELECT c FROM sbtest6 WHERE id=5296593
	Index Scan using sbtest6_pkey on sbtest6  (cost=0.43..8.45 rows=1 width=121)
	  Index Cond: (id = 5296593)

table 7 : explain SELECT c FROM sbtest7 WHERE id=7099492
	Index Scan using sbtest7_pkey on sbtest7  (cost=0.43..8.45 rows=1 width=121)
	  Index Cond: (id = 7099492)

table 8 : explain SELECT c FROM sbtest8 WHERE id=9346709
	Index Scan using sbtest8_pkey on sbtest8  (cost=0.43..8.45 rows=1 width=121)
	  Index Cond: (id = 9346709)

for point_selects
table 1 : explain SELECT c FROM sbtest1 WHERE id=5680387
	Index Scan using sbtest1_pkey on sbtest1  (cost=0.43..8.45 rows=1 width=121)
	  Index Cond: (id = 5680387)

table 2 : explain SELECT c FROM sbtest2 WHERE id=6472002
	Index Scan using sbtest2_pkey on sbtest2  (cost=0.43..8.45 rows=1 width=121)
	  Index Cond: (id = 6472002)

table 3 : explain SELECT c FROM sbtest3 WHERE id=7462757
	Index Scan using sbtest3_pkey on sbtest3  (cost=0.43..8.45 rows=1 width=121)
	  Index Cond: (id = 7462757)

table 4 : explain SELECT c FROM sbtest4 WHERE id=2369500
	Index Scan using sbtest4_pkey on sbtest4  (cost=0.43..8.45 rows=1 width=121)
	  Index Cond: (id = 2369500)

table 5 : explain SELECT c FROM sbtest5 WHERE id=5959419
	Index Scan using sbtest5_pkey on sbtest5  (cost=0.43..8.45 rows=1 width=121)
	  Index Cond: (id = 5959419)

table 6 : explain SELECT c FROM sbtest6 WHERE id=7140328
	Index Scan using sbtest6_pkey on sbtest6  (cost=0.43..8.45 rows=1 width=121)
	  Index Cond: (id = 7140328)

table 7 : explain SELECT c FROM sbtest7 WHERE id=6431891
	Index Scan using sbtest7_pkey on sbtest7  (cost=0.43..8.45 rows=1 width=121)
	  Index Cond: (id = 6431891)

table 8 : explain SELECT c FROM sbtest8 WHERE id=8659334
	Index Scan using sbtest8_pkey on sbtest8  (cost=0.43..8.45 rows=1 width=121)
	  Index Cond: (id = 8659334)

for point_selects
table 1 : explain SELECT c FROM sbtest1 WHERE id=4551417
	Index Scan using sbtest1_pkey on sbtest1  (cost=0.43..8.45 rows=1 width=121)
	  Index Cond: (id = 4551417)

table 2 : explain SELECT c FROM sbtest2 WHERE id=5223517
	Index Scan using sbtest2_pkey on sbtest2  (cost=0.43..8.45 rows=1 width=121)
	  Index Cond: (id = 5223517)

table 3 : explain SELECT c FROM sbtest3 WHERE id=8363439
	Index Scan using sbtest3_pkey on sbtest3  (cost=0.43..8.45 rows=1 width=121)
	  Index Cond: (id = 8363439)

table 4 : explain SELECT c FROM sbtest4 WHERE id=1305146
	Index Scan using sbtest4_pkey on sbtest4  (cost=0.43..8.45 rows=1 width=121)
	  Index Cond: (id = 1305146)

table 5 : explain SELECT c FROM sbtest5 WHERE id=7608458
	Index Scan using sbtest5_pkey on sbtest5  (cost=0.43..8.45 rows=1 width=121)
	  Index Cond: (id = 7608458)

table 6 : explain SELECT c FROM sbtest6 WHERE id=476760
	Index Scan using sbtest6_pkey on sbtest6  (cost=0.43..8.45 rows=1 width=121)
	  Index Cond: (id = 476760)

table 7 : explain SELECT c FROM sbtest7 WHERE id=4116944
	Index Scan using sbtest7_pkey on sbtest7  (cost=0.43..8.45 rows=1 width=121)
	  Index Cond: (id = 4116944)

table 8 : explain SELECT c FROM sbtest8 WHERE id=9513486
	Index Scan using sbtest8_pkey on sbtest8  (cost=0.43..8.45 rows=1 width=121)
	  Index Cond: (id = 9513486)

for: distinct_ranges
table 1 : explain SELECT DISTINCT c FROM sbtest1 WHERE id BETWEEN 8908501 AND 8909500 ORDER BY c
	Unique  (cost=3830.20..3835.10 rows=979 width=121)
	  ->  Sort  (cost=3830.20..3832.65 rows=979 width=121)
	        Sort Key: c
	        ->  Bitmap Heap Scan on sbtest1  (cost=22.47..3781.57 rows=979 width=121)
	              Recheck Cond: ((id >= 8908501) AND (id <= 8909500))
	              ->  Bitmap Index Scan on sbtest1_pkey  (cost=0.00..22.22 rows=979 width=0)
	                    Index Cond: ((id >= 8908501) AND (id <= 8909500))

table 2 : explain SELECT DISTINCT c FROM sbtest2 WHERE id BETWEEN 8851022 AND 8852021 ORDER BY c
	Unique  (cost=4037.55..4042.72 rows=1033 width=121)
	  ->  Sort  (cost=4037.55..4040.14 rows=1033 width=121)
	        Sort Key: c
	        ->  Bitmap Heap Scan on sbtest2  (cost=23.02..3985.84 rows=1033 width=121)
	              Recheck Cond: ((id >= 8851022) AND (id <= 8852021))
	              ->  Bitmap Index Scan on sbtest2_pkey  (cost=0.00..22.76 rows=1033 width=0)
	                    Index Cond: ((id >= 8851022) AND (id <= 8852021))

table 3 : explain SELECT DISTINCT c FROM sbtest3 WHERE id BETWEEN 6136319 AND 6137318 ORDER BY c
	Unique  (cost=3703.13..3707.86 rows=946 width=121)
	  ->  Sort  (cost=3703.13..3705.50 rows=946 width=121)
	        Sort Key: c
	        ->  Bitmap Heap Scan on sbtest3  (cost=22.13..3656.38 rows=946 width=121)
	              Recheck Cond: ((id >= 6136319) AND (id <= 6137318))
	              ->  Bitmap Index Scan on sbtest3_pkey  (cost=0.00..21.89 rows=946 width=0)
	                    Index Cond: ((id >= 6136319) AND (id <= 6137318))

table 4 : explain SELECT DISTINCT c FROM sbtest4 WHERE id BETWEEN 6999663 AND 7000662 ORDER BY c
	Unique  (cost=3784.25..3789.08 rows=967 width=121)
	  ->  Sort  (cost=3784.25..3786.66 rows=967 width=121)
	        Sort Key: c
	        ->  Bitmap Heap Scan on sbtest4  (cost=22.35..3736.29 rows=967 width=121)
	              Recheck Cond: ((id >= 6999663) AND (id <= 7000662))
	              ->  Bitmap Index Scan on sbtest4_pkey  (cost=0.00..22.11 rows=967 width=0)
	                    Index Cond: ((id >= 6999663) AND (id <= 7000662))

table 5 : explain SELECT DISTINCT c FROM sbtest5 WHERE id BETWEEN 5956044 AND 5957043 ORDER BY c
	Unique  (cost=3739.23..3744.00 rows=955 width=121)
	  ->  Sort  (cost=3739.23..3741.61 rows=955 width=121)
	        Sort Key: c
	        ->  Bitmap Heap Scan on sbtest5  (cost=22.22..3691.96 rows=955 width=121)
	              Recheck Cond: ((id >= 5956044) AND (id <= 5957043))
	              ->  Bitmap Index Scan on sbtest5_pkey  (cost=0.00..21.98 rows=955 width=0)
	                    Index Cond: ((id >= 5956044) AND (id <= 5957043))

table 6 : explain SELECT DISTINCT c FROM sbtest6 WHERE id BETWEEN 3405179 AND 3406178 ORDER BY c
	Unique  (cost=4699.73..4705.77 rows=1207 width=121)
	  ->  Sort  (cost=4699.73..4702.75 rows=1207 width=121)
	        Sort Key: c
	        ->  Bitmap Heap Scan on sbtest6  (cost=28.81..4637.95 rows=1207 width=121)
	              Recheck Cond: ((id >= 3405179) AND (id <= 3406178))
	              ->  Bitmap Index Scan on sbtest6_pkey  (cost=0.00..28.50 rows=1207 width=0)
	                    Index Cond: ((id >= 3405179) AND (id <= 3406178))

table 7 : explain SELECT DISTINCT c FROM sbtest7 WHERE id BETWEEN 7668940 AND 7669939 ORDER BY c
	Unique  (cost=3715.52..3720.27 rows=949 width=121)
	  ->  Sort  (cost=3715.52..3717.89 rows=949 width=121)
	        Sort Key: c
	        ->  Bitmap Heap Scan on sbtest7  (cost=22.16..3668.59 rows=949 width=121)
	              Recheck Cond: ((id >= 7668940) AND (id <= 7669939))
	              ->  Bitmap Index Scan on sbtest7_pkey  (cost=0.00..21.93 rows=949 width=0)
	                    Index Cond: ((id >= 7668940) AND (id <= 7669939))

table 8 : explain SELECT DISTINCT c FROM sbtest8 WHERE id BETWEEN 4612730 AND 4613729 ORDER BY c
	Unique  (cost=3907.11..3912.11 rows=999 width=121)
	  ->  Sort  (cost=3907.11..3909.61 rows=999 width=121)
	        Sort Key: c
	        ->  Bitmap Heap Scan on sbtest8  (cost=22.67..3857.34 rows=999 width=121)
	              Recheck Cond: ((id >= 4612730) AND (id <= 4613729))
	              ->  Bitmap Index Scan on sbtest8_pkey  (cost=0.00..22.43 rows=999 width=0)
	                    Index Cond: ((id >= 4612730) AND (id <= 4613729))

for: sum_ranges
table 1 : explain SELECT SUM(k) FROM sbtest1 WHERE id BETWEEN 3710837 AND 3711836
	Aggregate  (cost=3693.48..3693.49 rows=1 width=8)
	  ->  Bitmap Heap Scan on sbtest1  (cost=22.22..3691.09 rows=955 width=4)
	        Recheck Cond: ((id >= 3710837) AND (id <= 3711836))
	        ->  Bitmap Index Scan on sbtest1_pkey  (cost=0.00..21.98 rows=955 width=0)
	              Index Cond: ((id >= 3710837) AND (id <= 3711836))

table 2 : explain SELECT SUM(k) FROM sbtest2 WHERE id BETWEEN 6646515 AND 6647514
	Aggregate  (cost=3943.23..3943.24 rows=1 width=8)
	  ->  Bitmap Heap Scan on sbtest2  (cost=22.90..3940.68 rows=1021 width=4)
	        Recheck Cond: ((id >= 6646515) AND (id <= 6647514))
	        ->  Bitmap Index Scan on sbtest2_pkey  (cost=0.00..22.64 rows=1021 width=0)
	              Index Cond: ((id >= 6646515) AND (id <= 6647514))

table 3 : explain SELECT SUM(k) FROM sbtest3 WHERE id BETWEEN 8943450 AND 8944449
	Aggregate  (cost=3730.42..3730.43 rows=1 width=8)
	  ->  Bitmap Heap Scan on sbtest3  (cost=22.33..3728.01 rows=965 width=4)
	        Recheck Cond: ((id >= 8943450) AND (id <= 8944449))
	        ->  Bitmap Index Scan on sbtest3_pkey  (cost=0.00..22.08 rows=965 width=0)
	              Index Cond: ((id >= 8943450) AND (id <= 8944449))

table 4 : explain SELECT SUM(k) FROM sbtest4 WHERE id BETWEEN 5801261 AND 5802260
	Aggregate  (cost=3273.71..3273.72 rows=1 width=8)
	  ->  Bitmap Heap Scan on sbtest4  (cost=21.09..3271.60 rows=844 width=4)
	        Recheck Cond: ((id >= 5801261) AND (id <= 5802260))
	        ->  Bitmap Index Scan on sbtest4_pkey  (cost=0.00..20.87 rows=844 width=0)
	              Index Cond: ((id >= 5801261) AND (id <= 5802260))

table 5 : explain SELECT SUM(k) FROM sbtest5 WHERE id BETWEEN 7018638 AND 7019637
	Aggregate  (cost=3871.87..3871.88 rows=1 width=8)
	  ->  Bitmap Heap Scan on sbtest5  (cost=26.70..3869.37 rows=1001 width=4)
	        Recheck Cond: ((id >= 7018638) AND (id <= 7019637))
	        ->  Bitmap Index Scan on sbtest5_pkey  (cost=0.00..26.44 rows=1001 width=0)
	              Index Cond: ((id >= 7018638) AND (id <= 7019637))

table 6 : explain SELECT SUM(k) FROM sbtest6 WHERE id BETWEEN 4327108 AND 4328107
	Aggregate  (cost=3769.10..3769.11 rows=1 width=8)
	  ->  Bitmap Heap Scan on sbtest6  (cost=22.43..3766.67 rows=975 width=4)
	        Recheck Cond: ((id >= 4327108) AND (id <= 4328107))
	        ->  Bitmap Index Scan on sbtest6_pkey  (cost=0.00..22.18 rows=975 width=0)
	              Index Cond: ((id >= 4327108) AND (id <= 4328107))

table 7 : explain SELECT SUM(k) FROM sbtest7 WHERE id BETWEEN 7555539 AND 7556538
	Aggregate  (cost=3848.24..3848.25 rows=1 width=8)
	  ->  Bitmap Heap Scan on sbtest7  (cost=22.64..3845.75 rows=996 width=4)
	        Recheck Cond: ((id >= 7555539) AND (id <= 7556538))
	        ->  Bitmap Index Scan on sbtest7_pkey  (cost=0.00..22.39 rows=996 width=0)
	              Index Cond: ((id >= 7555539) AND (id <= 7556538))

table 8 : explain SELECT SUM(k) FROM sbtest8 WHERE id BETWEEN 3703676 AND 3704675
	Aggregate  (cost=3761.80..3761.81 rows=1 width=8)
	  ->  Bitmap Heap Scan on sbtest8  (cost=22.41..3759.37 rows=973 width=4)
	        Recheck Cond: ((id >= 3703676) AND (id <= 3704675))
	        ->  Bitmap Index Scan on sbtest8_pkey  (cost=0.00..22.16 rows=973 width=0)
	              Index Cond: ((id >= 3703676) AND (id <= 3704675))

for: order_ranges
table 1 : explain SELECT c FROM sbtest1 WHERE id BETWEEN 5743909 AND 5744908 ORDER BY c
	Sort  (cost=3734.53..3736.92 rows=954 width=121)
	  Sort Key: c
	  ->  Bitmap Heap Scan on sbtest1  (cost=22.21..3687.32 rows=954 width=121)
	        Recheck Cond: ((id >= 5743909) AND (id <= 5744908))
	        ->  Bitmap Index Scan on sbtest1_pkey  (cost=0.00..21.97 rows=954 width=0)
	              Index Cond: ((id >= 5743909) AND (id <= 5744908))

table 2 : explain SELECT c FROM sbtest2 WHERE id BETWEEN 285064 AND 286063 ORDER BY c
	Sort  (cost=3624.29..3626.60 rows=925 width=121)
	  Sort Key: c
	  ->  Bitmap Heap Scan on sbtest2  (cost=21.92..3578.72 rows=925 width=121)
	        Recheck Cond: ((id >= 285064) AND (id <= 286063))
	        ->  Bitmap Index Scan on sbtest2_pkey  (cost=0.00..21.68 rows=925 width=0)
	              Index Cond: ((id >= 285064) AND (id <= 286063))

table 3 : explain SELECT c FROM sbtest3 WHERE id BETWEEN 5354089 AND 5355088 ORDER BY c
	Sort  (cost=4054.78..4057.38 rows=1038 width=121)
	  Sort Key: c
	  ->  Bitmap Heap Scan on sbtest3  (cost=23.07..4002.78 rows=1038 width=121)
	        Recheck Cond: ((id >= 5354089) AND (id <= 5355088))
	        ->  Bitmap Index Scan on sbtest3_pkey  (cost=0.00..22.82 rows=1038 width=0)
	              Index Cond: ((id >= 5354089) AND (id <= 5355088))

table 4 : explain SELECT c FROM sbtest4 WHERE id BETWEEN 2760441 AND 2761440 ORDER BY c
	Sort  (cost=3715.35..3717.72 rows=949 width=121)
	  Sort Key: c
	  ->  Bitmap Heap Scan on sbtest4  (cost=22.16..3668.42 rows=949 width=121)
	        Recheck Cond: ((id >= 2760441) AND (id <= 2761440))
	        ->  Bitmap Index Scan on sbtest4_pkey  (cost=0.00..21.93 rows=949 width=0)
	              Index Cond: ((id >= 2760441) AND (id <= 2761440))

table 5 : explain SELECT c FROM sbtest5 WHERE id BETWEEN 3614443 AND 3615442 ORDER BY c
	Sort  (cost=4152.28..4154.93 rows=1062 width=121)
	  Sort Key: c
	  ->  Bitmap Heap Scan on sbtest5  (cost=27.32..4098.90 rows=1062 width=121)
	        Recheck Cond: ((id >= 3614443) AND (id <= 3615442))
	        ->  Bitmap Index Scan on sbtest5_pkey  (cost=0.00..27.05 rows=1062 width=0)
	              Index Cond: ((id >= 3614443) AND (id <= 3615442))

table 6 : explain SELECT c FROM sbtest6 WHERE id BETWEEN 2828374 AND 2829373 ORDER BY c
	Sort  (cost=3715.56..3717.93 rows=949 width=121)
	  Sort Key: c
	  ->  Bitmap Heap Scan on sbtest6  (cost=22.16..3668.63 rows=949 width=121)
	        Recheck Cond: ((id >= 2828374) AND (id <= 2829373))
	        ->  Bitmap Index Scan on sbtest6_pkey  (cost=0.00..21.93 rows=949 width=0)
	              Index Cond: ((id >= 2828374) AND (id <= 2829373))

table 7 : explain SELECT c FROM sbtest7 WHERE id BETWEEN 5367348 AND 5368347 ORDER BY c
	Sort  (cost=4074.90..4077.51 rows=1043 width=121)
	  Sort Key: c
	  ->  Bitmap Heap Scan on sbtest7  (cost=23.13..4022.62 rows=1043 width=121)
	        Recheck Cond: ((id >= 5367348) AND (id <= 5368347))
	        ->  Bitmap Index Scan on sbtest7_pkey  (cost=0.00..22.86 rows=1043 width=0)
	              Index Cond: ((id >= 5367348) AND (id <= 5368347))

table 8 : explain SELECT c FROM sbtest8 WHERE id BETWEEN 4304526 AND 4305525 ORDER BY c
	Sort  (cost=3811.49..3813.92 rows=974 width=121)
	  Sort Key: c
	  ->  Bitmap Heap Scan on sbtest8  (cost=22.42..3763.14 rows=974 width=121)
	        Recheck Cond: ((id >= 4304526) AND (id <= 4305525))
	        ->  Bitmap Index Scan on sbtest8_pkey  (cost=0.00..22.18 rows=974 width=0)
	              Index Cond: ((id >= 4304526) AND (id <= 4305525))

for: order_ranges
table 1 : explain SELECT c FROM sbtest1 WHERE id BETWEEN 7959508 AND 7960507 ORDER BY c
	Sort  (cost=3967.82..3970.36 rows=1015 width=121)
	  Sort Key: c
	  ->  Bitmap Heap Scan on sbtest1  (cost=22.84..3917.14 rows=1015 width=121)
	        Recheck Cond: ((id >= 7959508) AND (id <= 7960507))
	        ->  Bitmap Index Scan on sbtest1_pkey  (cost=0.00..22.58 rows=1015 width=0)
	              Index Cond: ((id >= 7959508) AND (id <= 7960507))

table 2 : explain SELECT c FROM sbtest2 WHERE id BETWEEN 9163905 AND 9164904 ORDER BY c
	Sort  (cost=4041.37..4043.96 rows=1034 width=121)
	  Sort Key: c
	  ->  Bitmap Heap Scan on sbtest2  (cost=23.03..3989.60 rows=1034 width=121)
	        Recheck Cond: ((id >= 9163905) AND (id <= 9164904))
	        ->  Bitmap Index Scan on sbtest2_pkey  (cost=0.00..22.77 rows=1034 width=0)
	              Index Cond: ((id >= 9163905) AND (id <= 9164904))

table 3 : explain SELECT c FROM sbtest3 WHERE id BETWEEN 6375711 AND 6376710 ORDER BY c
	Sort  (cost=3798.80..3801.22 rows=971 width=121)
	  Sort Key: c
	  ->  Bitmap Heap Scan on sbtest3  (cost=22.39..3750.62 rows=971 width=121)
	        Recheck Cond: ((id >= 6375711) AND (id <= 6376710))
	        ->  Bitmap Index Scan on sbtest3_pkey  (cost=0.00..22.14 rows=971 width=0)
	              Index Cond: ((id >= 6375711) AND (id <= 6376710))

table 4 : explain SELECT c FROM sbtest4 WHERE id BETWEEN 8578571 AND 8579570 ORDER BY c
	Sort  (cost=3876.05..3878.52 rows=991 width=121)
	  Sort Key: c
	  ->  Bitmap Heap Scan on sbtest4  (cost=22.59..3826.73 rows=991 width=121)
	        Recheck Cond: ((id >= 8578571) AND (id <= 8579570))
	        ->  Bitmap Index Scan on sbtest4_pkey  (cost=0.00..22.34 rows=991 width=0)
	              Index Cond: ((id >= 8578571) AND (id <= 8579570))

table 5 : explain SELECT c FROM sbtest5 WHERE id BETWEEN 1466186 AND 1467185 ORDER BY c
	Sort  (cost=3739.23..3741.61 rows=955 width=121)
	  Sort Key: c
	  ->  Bitmap Heap Scan on sbtest5  (cost=22.22..3691.96 rows=955 width=121)
	        Recheck Cond: ((id >= 1466186) AND (id <= 1467185))
	        ->  Bitmap Index Scan on sbtest5_pkey  (cost=0.00..21.98 rows=955 width=0)
	              Index Cond: ((id >= 1466186) AND (id <= 1467185))

table 6 : explain SELECT c FROM sbtest6 WHERE id BETWEEN 9131315 AND 9132314 ORDER BY c
	Sort  (cost=4136.01..4138.66 rows=1059 width=121)
	  Sort Key: c
	  ->  Bitmap Heap Scan on sbtest6  (cost=23.29..4082.80 rows=1059 width=121)
	        Recheck Cond: ((id >= 9131315) AND (id <= 9132314))
	        ->  Bitmap Index Scan on sbtest6_pkey  (cost=0.00..23.02 rows=1059 width=0)
	              Index Cond: ((id >= 9131315) AND (id <= 9132314))

table 7 : explain SELECT c FROM sbtest7 WHERE id BETWEEN 7517936 AND 7518935 ORDER BY c
	Sort  (cost=3895.35..3897.84 rows=996 width=121)
	  Sort Key: c
	  ->  Bitmap Heap Scan on sbtest7  (cost=22.64..3845.75 rows=996 width=121)
	        Recheck Cond: ((id >= 7517936) AND (id <= 7518935))
	        ->  Bitmap Index Scan on sbtest7_pkey  (cost=0.00..22.39 rows=996 width=0)
	              Index Cond: ((id >= 7517936) AND (id <= 7518935))

table 8 : explain SELECT c FROM sbtest8 WHERE id BETWEEN 162446 AND 163445 ORDER BY c
	Sort  (cost=3952.98..3955.51 rows=1011 width=121)
	  Sort Key: c
	  ->  Bitmap Heap Scan on sbtest8  (cost=22.80..3902.52 rows=1011 width=121)
	        Recheck Cond: ((id >= 162446) AND (id <= 163445))
	        ->  Bitmap Index Scan on sbtest8_pkey  (cost=0.00..22.54 rows=1011 width=0)
	              Index Cond: ((id >= 162446) AND (id <= 163445))

for: distinct_ranges
table 1 : explain SELECT DISTINCT c FROM sbtest1 WHERE id BETWEEN 5623237 AND 5624236 ORDER BY c
	Unique  (cost=4120.55..4125.83 rows=1055 width=121)
	  ->  Sort  (cost=4120.55..4123.19 rows=1055 width=121)
	        Sort Key: c
	        ->  Bitmap Heap Scan on sbtest1  (cost=23.25..4067.58 rows=1055 width=121)
	              Recheck Cond: ((id >= 5623237) AND (id <= 5624236))
	              ->  Bitmap Index Scan on sbtest1_pkey  (cost=0.00..22.98 rows=1055 width=0)
	                    Index Cond: ((id >= 5623237) AND (id <= 5624236))

table 2 : explain SELECT DISTINCT c FROM sbtest2 WHERE id BETWEEN 7185906 AND 7186905 ORDER BY c
	Unique  (cost=3911.43..3916.43 rows=1000 width=121)
	  ->  Sort  (cost=3911.43..3913.93 rows=1000 width=121)
	        Sort Key: c
	        ->  Bitmap Heap Scan on sbtest2  (cost=22.68..3861.60 rows=1000 width=121)
	              Recheck Cond: ((id >= 7185906) AND (id <= 7186905))
	              ->  Bitmap Index Scan on sbtest2_pkey  (cost=0.00..22.43 rows=1000 width=0)
	                    Index Cond: ((id >= 7185906) AND (id <= 7186905))

table 3 : explain SELECT DISTINCT c FROM sbtest3 WHERE id BETWEEN 6357088 AND 6358087 ORDER BY c
	Unique  (cost=3798.80..3803.65 rows=971 width=121)
	  ->  Sort  (cost=3798.80..3801.22 rows=971 width=121)
	        Sort Key: c
	        ->  Bitmap Heap Scan on sbtest3  (cost=22.39..3750.62 rows=971 width=121)
	              Recheck Cond: ((id >= 6357088) AND (id <= 6358087))
	              ->  Bitmap Index Scan on sbtest3_pkey  (cost=0.00..22.14 rows=971 width=0)
	                    Index Cond: ((id >= 6357088) AND (id <= 6358087))

table 4 : explain SELECT DISTINCT c FROM sbtest4 WHERE id BETWEEN 3189884 AND 3190883 ORDER BY c
	Unique  (cost=3397.12..3401.45 rows=866 width=121)
	  ->  Sort  (cost=3397.12..3399.28 rows=866 width=121)
	        Sort Key: c
	        ->  Bitmap Heap Scan on sbtest4  (cost=21.31..3354.87 rows=866 width=121)
	              Recheck Cond: ((id >= 3189884) AND (id <= 3190883))
	              ->  Bitmap Index Scan on sbtest4_pkey  (cost=0.00..21.09 rows=866 width=0)
	                    Index Cond: ((id >= 3189884) AND (id <= 3190883))

table 5 : explain SELECT DISTINCT c FROM sbtest5 WHERE id BETWEEN 1403000 AND 1403999 ORDER BY c
	Unique  (cost=3490.05..3494.50 rows=890 width=121)
	  ->  Sort  (cost=3490.05..3492.27 rows=890 width=121)
	        Sort Key: c
	        ->  Bitmap Heap Scan on sbtest5  (cost=21.56..3446.45 rows=890 width=121)
	              Recheck Cond: ((id >= 1403000) AND (id <= 1403999))
	              ->  Bitmap Index Scan on sbtest5_pkey  (cost=0.00..21.33 rows=890 width=0)
	                    Index Cond: ((id >= 1403000) AND (id <= 1403999))

table 6 : explain SELECT DISTINCT c FROM sbtest6 WHERE id BETWEEN 91236 AND 92235 ORDER BY c
	Unique  (cost=3776.81..3781.63 rows=965 width=121)
	  ->  Sort  (cost=3776.81..3779.22 rows=965 width=121)
	        Sort Key: c
	        ->  Bitmap Heap Scan on sbtest6  (cost=22.33..3728.97 rows=965 width=121)
	              Recheck Cond: ((id >= 91236) AND (id <= 92235))
	              ->  Bitmap Index Scan on sbtest6_pkey  (cost=0.00..22.08 rows=965 width=0)
	                    Index Cond: ((id >= 91236) AND (id <= 92235))

table 7 : explain SELECT DISTINCT c FROM sbtest7 WHERE id BETWEEN 2526 AND 3525 ORDER BY c
	Unique  (cost=4197.00..4202.38 rows=1075 width=121)
	  ->  Sort  (cost=4197.00..4199.69 rows=1075 width=121)
	        Sort Key: c
	        ->  Bitmap Heap Scan on sbtest7  (cost=23.45..4142.88 rows=1075 width=121)
	              Recheck Cond: ((id >= 2526) AND (id <= 3525))
	              ->  Bitmap Index Scan on sbtest7_pkey  (cost=0.00..23.18 rows=1075 width=0)
	                    Index Cond: ((id >= 2526) AND (id <= 3525))

table 8 : explain SELECT DISTINCT c FROM sbtest8 WHERE id BETWEEN 2296729 AND 2297728 ORDER BY c
	Unique  (cost=4010.29..4015.42 rows=1026 width=121)
	  ->  Sort  (cost=4010.29..4012.86 rows=1026 width=121)
	        Sort Key: c
	        ->  Bitmap Heap Scan on sbtest8  (cost=22.95..3958.98 rows=1026 width=121)
	              Recheck Cond: ((id >= 2296729) AND (id <= 2297728))
	              ->  Bitmap Index Scan on sbtest8_pkey  (cost=0.00..22.69 rows=1026 width=0)
	                    Index Cond: ((id >= 2296729) AND (id <= 2297728))

for: simple_ranges
table 1 : explain SELECT c FROM sbtest1 WHERE id BETWEEN 5969246 AND 5970245
	Bitmap Heap Scan on sbtest1  (cost=22.09..3642.05 rows=942 width=121)
	  Recheck Cond: ((id >= 5969246) AND (id <= 5970245))
	  ->  Bitmap Index Scan on sbtest1_pkey  (cost=0.00..21.86 rows=942 width=0)
	        Index Cond: ((id >= 5969246) AND (id <= 5970245))

table 2 : explain SELECT c FROM sbtest2 WHERE id BETWEEN 6681917 AND 6682916
	Bitmap Heap Scan on sbtest2  (cost=22.90..3940.68 rows=1021 width=121)
	  Recheck Cond: ((id >= 6681917) AND (id <= 6682916))
	  ->  Bitmap Index Scan on sbtest2_pkey  (cost=0.00..22.64 rows=1021 width=0)
	        Index Cond: ((id >= 6681917) AND (id <= 6682916))

table 3 : explain SELECT c FROM sbtest3 WHERE id BETWEEN 3335108 AND 3336107
	Bitmap Heap Scan on sbtest3  (cost=23.60..4194.34 rows=1089 width=121)
	  Recheck Cond: ((id >= 3335108) AND (id <= 3336107))
	  ->  Bitmap Index Scan on sbtest3_pkey  (cost=0.00..23.32 rows=1089 width=0)
	        Index Cond: ((id >= 3335108) AND (id <= 3336107))

table 4 : explain SELECT c FROM sbtest4 WHERE id BETWEEN 3612938 AND 3613937
	Bitmap Heap Scan on sbtest4  (cost=22.77..3890.74 rows=1008 width=121)
	  Recheck Cond: ((id >= 3612938) AND (id <= 3613937))
	  ->  Bitmap Index Scan on sbtest4_pkey  (cost=0.00..22.51 rows=1008 width=0)
	        Index Cond: ((id >= 3612938) AND (id <= 3613937))

table 5 : explain SELECT c FROM sbtest5 WHERE id BETWEEN 6099207 AND 6100206
	Bitmap Heap Scan on sbtest5  (cost=27.09..4016.17 rows=1040 width=121)
	  Recheck Cond: ((id >= 6099207) AND (id <= 6100206))
	  ->  Bitmap Index Scan on sbtest5_pkey  (cost=0.00..26.83 rows=1040 width=0)
	        Index Cond: ((id >= 6099207) AND (id <= 6100206))

table 6 : explain SELECT c FROM sbtest6 WHERE id BETWEEN 6582504 AND 6583503
	Bitmap Heap Scan on sbtest6  (cost=23.06..4000.09 rows=1037 width=121)
	  Recheck Cond: ((id >= 6582504) AND (id <= 6583503))
	  ->  Bitmap Index Scan on sbtest6_pkey  (cost=0.00..22.80 rows=1037 width=0)
	        Index Cond: ((id >= 6582504) AND (id <= 6583503))

table 7 : explain SELECT c FROM sbtest7 WHERE id BETWEEN 8391761 AND 8392760
	Bitmap Heap Scan on sbtest7  (cost=22.27..3710.08 rows=960 width=121)
	  Recheck Cond: ((id >= 8391761) AND (id <= 8392760))
	  ->  Bitmap Index Scan on sbtest7_pkey  (cost=0.00..22.04 rows=960 width=0)
	        Index Cond: ((id >= 8391761) AND (id <= 8392760))

table 8 : explain SELECT c FROM sbtest8 WHERE id BETWEEN 6683079 AND 6684078
	Bitmap Heap Scan on sbtest8  (cost=22.91..3943.93 rows=1022 width=121)
	  Recheck Cond: ((id >= 6683079) AND (id <= 6684078))
	  ->  Bitmap Index Scan on sbtest8_pkey  (cost=0.00..22.65 rows=1022 width=0)
	        Index Cond: ((id >= 6683079) AND (id <= 6684078))

explain: for point_selects :: explain SELECT c FROM sbtest%u WHERE id=%u
for: order_ranges
table 1 : explain SELECT c FROM sbtest1 WHERE id BETWEEN 303133 AND 304132 ORDER BY c
	Sort  (cost=3627.29..3629.61 rows=926 width=121)
	  Sort Key: c
	  ->  Bitmap Heap Scan on sbtest1  (cost=21.93..3581.67 rows=926 width=121)
	        Recheck Cond: ((id >= 303133) AND (id <= 304132))
	        ->  Bitmap Index Scan on sbtest1_pkey  (cost=0.00..21.69 rows=926 width=0)
	              Index Cond: ((id >= 303133) AND (id <= 304132))

table 2 : explain SELECT c FROM sbtest2 WHERE id BETWEEN 9810667 AND 9811666 ORDER BY c
	Sort  (cost=3769.86..3772.27 rows=963 width=121)
	  Sort Key: c
	  ->  Bitmap Heap Scan on sbtest2  (cost=22.31..3722.14 rows=963 width=121)
	        Recheck Cond: ((id >= 9810667) AND (id <= 9811666))
	        ->  Bitmap Index Scan on sbtest2_pkey  (cost=0.00..22.07 rows=963 width=0)
	              Index Cond: ((id >= 9810667) AND (id <= 9811666))

table 3 : explain SELECT c FROM sbtest3 WHERE id BETWEEN 6519146 AND 6520145 ORDER BY c
	Sort  (cost=4333.35..4336.13 rows=1111 width=121)
	  Sort Key: c
	  ->  Bitmap Heap Scan on sbtest3  (cost=27.82..4277.15 rows=1111 width=121)
	        Recheck Cond: ((id >= 6519146) AND (id <= 6520145))
	        ->  Bitmap Index Scan on sbtest3_pkey  (cost=0.00..27.54 rows=1111 width=0)
	              Index Cond: ((id >= 6519146) AND (id <= 6520145))

table 4 : explain SELECT c FROM sbtest4 WHERE id BETWEEN 2846798 AND 2847797 ORDER BY c
	Sort  (cost=3715.35..3717.72 rows=949 width=121)
	  Sort Key: c
	  ->  Bitmap Heap Scan on sbtest4  (cost=22.16..3668.42 rows=949 width=121)
	        Recheck Cond: ((id >= 2846798) AND (id <= 2847797))
	        ->  Bitmap Index Scan on sbtest4_pkey  (cost=0.00..21.93 rows=949 width=0)
	              Index Cond: ((id >= 2846798) AND (id <= 2847797))

table 5 : explain SELECT c FROM sbtest5 WHERE id BETWEEN 9194234 AND 9195233 ORDER BY c
	Sort  (cost=3681.77..3684.12 rows=940 width=121)
	  Sort Key: c
	  ->  Bitmap Heap Scan on sbtest5  (cost=22.07..3635.35 rows=940 width=121)
	        Recheck Cond: ((id >= 9194234) AND (id <= 9195233))
	        ->  Bitmap Index Scan on sbtest5_pkey  (cost=0.00..21.83 rows=940 width=0)
	              Index Cond: ((id >= 9194234) AND (id <= 9195233))

table 6 : explain SELECT c FROM sbtest6 WHERE id BETWEEN 6103586 AND 6104585 ORDER BY c
	Sort  (cost=3891.56..3894.05 rows=995 width=121)
	  Sort Key: c
	  ->  Bitmap Heap Scan on sbtest6  (cost=22.63..3842.02 rows=995 width=121)
	        Recheck Cond: ((id >= 6103586) AND (id <= 6104585))
	        ->  Bitmap Index Scan on sbtest6_pkey  (cost=0.00..22.39 rows=995 width=0)
	              Index Cond: ((id >= 6103586) AND (id <= 6104585))

table 7 : explain SELECT c FROM sbtest7 WHERE id BETWEEN 4257580 AND 4258579 ORDER BY c
	Sort  (cost=4021.45..4024.02 rows=1029 width=121)
	  Sort Key: c
	  ->  Bitmap Heap Scan on sbtest7  (cost=22.98..3969.96 rows=1029 width=121)
	        Recheck Cond: ((id >= 4257580) AND (id <= 4258579))
	        ->  Bitmap Index Scan on sbtest7_pkey  (cost=0.00..22.72 rows=1029 width=0)
	              Index Cond: ((id >= 4257580) AND (id <= 4258579))

table 8 : explain SELECT c FROM sbtest8 WHERE id BETWEEN 2228387 AND 2229386 ORDER BY c
	Sort  (cost=3887.99..3890.48 rows=994 width=121)
	  Sort Key: c
	  ->  Bitmap Heap Scan on sbtest8  (cost=22.62..3838.51 rows=994 width=121)
	        Recheck Cond: ((id >= 2228387) AND (id <= 2229386))
	        ->  Bitmap Index Scan on sbtest8_pkey  (cost=0.00..22.37 rows=994 width=0)
	              Index Cond: ((id >= 2228387) AND (id <= 2229386))

for: simple_ranges
table 1 : explain SELECT c FROM sbtest1 WHERE id BETWEEN 6570124 AND 6571123
	Bitmap Heap Scan on sbtest1  (cost=22.84..3917.14 rows=1015 width=121)
	  Recheck Cond: ((id >= 6570124) AND (id <= 6571123))
	  ->  Bitmap Index Scan on sbtest1_pkey  (cost=0.00..22.58 rows=1015 width=0)
	        Index Cond: ((id >= 6570124) AND (id <= 6571123))

table 2 : explain SELECT c FROM sbtest2 WHERE id BETWEEN 7557953 AND 7558952
	Bitmap Heap Scan on sbtest2  (cost=22.92..3948.20 rows=1023 width=121)
	  Recheck Cond: ((id >= 7557953) AND (id <= 7558952))
	  ->  Bitmap Index Scan on sbtest2_pkey  (cost=0.00..22.66 rows=1023 width=0)
	        Index Cond: ((id >= 7557953) AND (id <= 7558952))

table 3 : explain SELECT c FROM sbtest3 WHERE id BETWEEN 7443473 AND 7444472
	Bitmap Heap Scan on sbtest3  (cost=22.78..3893.71 rows=1009 width=121)
	  Recheck Cond: ((id >= 7443473) AND (id <= 7444472))
	  ->  Bitmap Index Scan on sbtest3_pkey  (cost=0.00..22.52 rows=1009 width=0)
	        Index Cond: ((id >= 7443473) AND (id <= 7444472))

table 4 : explain SELECT c FROM sbtest4 WHERE id BETWEEN 2008746 AND 2009745
	Bitmap Heap Scan on sbtest4  (cost=22.36..3740.06 rows=968 width=121)
	  Recheck Cond: ((id >= 2008746) AND (id <= 2009745))
	  ->  Bitmap Index Scan on sbtest4_pkey  (cost=0.00..22.11 rows=968 width=0)
	        Index Cond: ((id >= 2008746) AND (id <= 2009745))

table 5 : explain SELECT c FROM sbtest5 WHERE id BETWEEN 1214430 AND 1215429
	Bitmap Heap Scan on sbtest5  (cost=27.26..4076.34 rows=1056 width=121)
	  Recheck Cond: ((id >= 1214430) AND (id <= 1215429))
	  ->  Bitmap Index Scan on sbtest5_pkey  (cost=0.00..27.00 rows=1056 width=0)
	        Index Cond: ((id >= 1214430) AND (id <= 1215429))

table 6 : explain SELECT c FROM sbtest6 WHERE id BETWEEN 1076489 AND 1077488
	Bitmap Heap Scan on sbtest6  (cost=23.00..3977.53 rows=1031 width=121)
	  Recheck Cond: ((id >= 1076489) AND (id <= 1077488))
	  ->  Bitmap Index Scan on sbtest6_pkey  (cost=0.00..22.75 rows=1031 width=0)
	        Index Cond: ((id >= 1076489) AND (id <= 1077488))

table 7 : explain SELECT c FROM sbtest7 WHERE id BETWEEN 9237167 AND 9238166
	Bitmap Heap Scan on sbtest7  (cost=22.10..3645.95 rows=943 width=121)
	  Recheck Cond: ((id >= 9237167) AND (id <= 9238166))
	  ->  Bitmap Index Scan on sbtest7_pkey  (cost=0.00..21.86 rows=943 width=0)
	        Index Cond: ((id >= 9237167) AND (id <= 9238166))

table 8 : explain SELECT c FROM sbtest8 WHERE id BETWEEN 358485 AND 359484
	Bitmap Heap Scan on sbtest8  (cost=22.40..3755.60 rows=972 width=121)
	  Recheck Cond: ((id >= 358485) AND (id <= 359484))
	  ->  Bitmap Index Scan on sbtest8_pkey  (cost=0.00..22.15 rows=972 width=0)
	        Index Cond: ((id >= 358485) AND (id <= 359484))

for: simple_ranges
table 1 : explain SELECT c FROM sbtest1 WHERE id BETWEEN 7844460 AND 7845459
	Bitmap Heap Scan on sbtest1  (cost=23.39..4120.18 rows=1069 width=121)
	  Recheck Cond: ((id >= 7844460) AND (id <= 7845459))
	  ->  Bitmap Index Scan on sbtest1_pkey  (cost=0.00..23.12 rows=1069 width=0)
	        Index Cond: ((id >= 7844460) AND (id <= 7845459))

table 2 : explain SELECT c FROM sbtest2 WHERE id BETWEEN 8925348 AND 8926347
	Bitmap Heap Scan on sbtest2  (cost=22.99..3974.55 rows=1030 width=121)
	  Recheck Cond: ((id >= 8925348) AND (id <= 8926347))
	  ->  Bitmap Index Scan on sbtest2_pkey  (cost=0.00..22.73 rows=1030 width=0)
	        Index Cond: ((id >= 8925348) AND (id <= 8926347))

table 3 : explain SELECT c FROM sbtest3 WHERE id BETWEEN 5568247 AND 5569246
	Bitmap Heap Scan on sbtest3  (cost=22.17..3671.46 rows=950 width=121)
	  Recheck Cond: ((id >= 5568247) AND (id <= 5569246))
	  ->  Bitmap Index Scan on sbtest3_pkey  (cost=0.00..21.93 rows=950 width=0)
	        Index Cond: ((id >= 5568247) AND (id <= 5569246))

table 4 : explain SELECT c FROM sbtest4 WHERE id BETWEEN 5504013 AND 5505012
	Bitmap Heap Scan on sbtest4  (cost=21.66..3483.42 rows=900 width=121)
	  Recheck Cond: ((id >= 5504013) AND (id <= 5505012))
	  ->  Bitmap Index Scan on sbtest4_pkey  (cost=0.00..21.43 rows=900 width=0)
	        Index Cond: ((id >= 5504013) AND (id <= 5505012))

table 5 : explain SELECT c FROM sbtest5 WHERE id BETWEEN 7812665 AND 7813664
	Bitmap Heap Scan on sbtest5  (cost=27.27..4080.10 rows=1057 width=121)
	  Recheck Cond: ((id >= 7812665) AND (id <= 7813664))
	  ->  Bitmap Index Scan on sbtest5_pkey  (cost=0.00..27.00 rows=1057 width=0)
	        Index Cond: ((id >= 7812665) AND (id <= 7813664))

table 6 : explain SELECT c FROM sbtest6 WHERE id BETWEEN 7046286 AND 7047285
	Bitmap Heap Scan on sbtest6  (cost=21.98..3600.70 rows=931 width=121)
	  Recheck Cond: ((id >= 7046286) AND (id <= 7047285))
	  ->  Bitmap Index Scan on sbtest6_pkey  (cost=0.00..21.75 rows=931 width=0)
	        Index Cond: ((id >= 7046286) AND (id <= 7047285))

table 7 : explain SELECT c FROM sbtest7 WHERE id BETWEEN 4092196 AND 4093195
	Bitmap Heap Scan on sbtest7  (cost=22.46..3777.93 rows=978 width=121)
	  Recheck Cond: ((id >= 4092196) AND (id <= 4093195))
	  ->  Bitmap Index Scan on sbtest7_pkey  (cost=0.00..22.21 rows=978 width=0)
	        Index Cond: ((id >= 4092196) AND (id <= 4093195))

table 8 : explain SELECT c FROM sbtest8 WHERE id BETWEEN 3277293 AND 3278292
	Bitmap Heap Scan on sbtest8  (cost=22.65..3849.81 rows=997 width=121)
	  Recheck Cond: ((id >= 3277293) AND (id <= 3278292))
	  ->  Bitmap Index Scan on sbtest8_pkey  (cost=0.00..22.40 rows=997 width=0)
	        Index Cond: ((id >= 3277293) AND (id <= 3278292))

for: distinct_ranges
table 1 : explain SELECT DISTINCT c FROM sbtest1 WHERE id BETWEEN 2290759 AND 2291758 ORDER BY c
	Unique  (cost=3899.03..3904.02 rows=997 width=121)
	  ->  Sort  (cost=3899.03..3901.53 rows=997 width=121)
	        Sort Key: c
	        ->  Bitmap Heap Scan on sbtest1  (cost=22.65..3849.37 rows=997 width=121)
	              Recheck Cond: ((id >= 2290759) AND (id <= 2291758))
	              ->  Bitmap Index Scan on sbtest1_pkey  (cost=0.00..22.40 rows=997 width=0)
	                    Index Cond: ((id >= 2290759) AND (id <= 2291758))

table 2 : explain SELECT DISTINCT c FROM sbtest2 WHERE id BETWEEN 4042104 AND 4043103 ORDER BY c
	Unique  (cost=3861.71..3866.64 rows=987 width=121)
	  ->  Sort  (cost=3861.71..3864.18 rows=987 width=121)
	        Sort Key: c
	        ->  Bitmap Heap Scan on sbtest2  (cost=22.55..3812.62 rows=987 width=121)
	              Recheck Cond: ((id >= 4042104) AND (id <= 4043103))
	              ->  Bitmap Index Scan on sbtest2_pkey  (cost=0.00..22.30 rows=987 width=0)
	                    Index Cond: ((id >= 4042104) AND (id <= 4043103))

table 3 : explain SELECT DISTINCT c FROM sbtest3 WHERE id BETWEEN 1117027 AND 1118026 ORDER BY c
	Unique  (cost=3966.97..3972.04 rows=1015 width=121)
	  ->  Sort  (cost=3966.97..3969.51 rows=1015 width=121)
	        Sort Key: c
	        ->  Bitmap Heap Scan on sbtest3  (cost=22.84..3916.28 rows=1015 width=121)
	              Recheck Cond: ((id >= 1117027) AND (id <= 1118026))
	              ->  Bitmap Index Scan on sbtest3_pkey  (cost=0.00..22.58 rows=1015 width=0)
	                    Index Cond: ((id >= 1117027) AND (id <= 1118026))

table 4 : explain SELECT DISTINCT c FROM sbtest4 WHERE id BETWEEN 8166015 AND 8167014 ORDER BY c
	Unique  (cost=3692.37..3697.09 rows=943 width=121)
	  ->  Sort  (cost=3692.37..3694.73 rows=943 width=121)
	        Sort Key: c
	        ->  Bitmap Heap Scan on sbtest4  (cost=22.10..3645.78 rows=943 width=121)
	              Recheck Cond: ((id >= 8166015) AND (id <= 8167014))
	              ->  Bitmap Index Scan on sbtest4_pkey  (cost=0.00..21.86 rows=943 width=0)
	                    Index Cond: ((id >= 8166015) AND (id <= 8167014))

table 5 : explain SELECT DISTINCT c FROM sbtest5 WHERE id BETWEEN 1685178 AND 1686177 ORDER BY c
	Unique  (cost=4098.83..4104.07 rows=1048 width=121)
	  ->  Sort  (cost=4098.83..4101.45 rows=1048 width=121)
	        Sort Key: c
	        ->  Bitmap Heap Scan on sbtest5  (cost=27.18..4046.26 rows=1048 width=121)
	              Recheck Cond: ((id >= 1685178) AND (id <= 1686177))
	              ->  Bitmap Index Scan on sbtest5_pkey  (cost=0.00..26.91 rows=1048 width=0)
	                    Index Cond: ((id >= 1685178) AND (id <= 1686177))

table 6 : explain SELECT DISTINCT c FROM sbtest6 WHERE id BETWEEN 5295504 AND 5296503 ORDER BY c
	Unique  (cost=3822.72..3827.61 rows=977 width=121)
	  ->  Sort  (cost=3822.72..3825.16 rows=977 width=121)
	        Sort Key: c
	        ->  Bitmap Heap Scan on sbtest6  (cost=22.45..3774.20 rows=977 width=121)
	              Recheck Cond: ((id >= 5295504) AND (id <= 5296503))
	              ->  Bitmap Index Scan on sbtest6_pkey  (cost=0.00..22.20 rows=977 width=0)
	                    Index Cond: ((id >= 5295504) AND (id <= 5296503))

table 7 : explain SELECT DISTINCT c FROM sbtest7 WHERE id BETWEEN 2882359 AND 2883358 ORDER BY c
	Unique  (cost=3864.76..3869.70 rows=988 width=121)
	  ->  Sort  (cost=3864.76..3867.23 rows=988 width=121)
	        Sort Key: c
	        ->  Bitmap Heap Scan on sbtest7  (cost=22.56..3815.61 rows=988 width=121)
	              Recheck Cond: ((id >= 2882359) AND (id <= 2883358))
	              ->  Bitmap Index Scan on sbtest7_pkey  (cost=0.00..22.32 rows=988 width=0)
	                    Index Cond: ((id >= 2882359) AND (id <= 2883358))

table 8 : explain SELECT DISTINCT c FROM sbtest8 WHERE id BETWEEN 9172980 AND 9173979 ORDER BY c
	Unique  (cost=3750.25..3755.04 rows=958 width=121)
	  ->  Sort  (cost=3750.25..3752.65 rows=958 width=121)
	        Sort Key: c
	        ->  Bitmap Heap Scan on sbtest8  (cost=22.25..3702.81 rows=958 width=121)
	              Recheck Cond: ((id >= 9172980) AND (id <= 9173979))
	              ->  Bitmap Index Scan on sbtest8_pkey  (cost=0.00..22.01 rows=958 width=0)
	                    Index Cond: ((id >= 9172980) AND (id <= 9173979))

for: sum_ranges
table 1 : explain SELECT SUM(k) FROM sbtest1 WHERE id BETWEEN 1203936 AND 1204935
	Aggregate  (cost=3934.74..3934.75 rows=1 width=8)
	  ->  Bitmap Heap Scan on sbtest1  (cost=22.88..3932.19 rows=1019 width=4)
	        Recheck Cond: ((id >= 1203936) AND (id <= 1204935))
	        ->  Bitmap Index Scan on sbtest1_pkey  (cost=0.00..22.62 rows=1019 width=0)
	              Index Cond: ((id >= 1203936) AND (id <= 1204935))

table 2 : explain SELECT SUM(k) FROM sbtest2 WHERE id BETWEEN 1907325 AND 1908324
	Aggregate  (cost=3916.86..3916.87 rows=1 width=8)
	  ->  Bitmap Heap Scan on sbtest2  (cost=22.83..3914.32 rows=1014 width=4)
	        Recheck Cond: ((id >= 1907325) AND (id <= 1908324))
	        ->  Bitmap Index Scan on sbtest2_pkey  (cost=0.00..22.57 rows=1014 width=0)
	              Index Cond: ((id >= 1907325) AND (id <= 1908324))

table 3 : explain SELECT SUM(k) FROM sbtest3 WHERE id BETWEEN 8138240 AND 8139239
	Aggregate  (cost=3994.09..3994.10 rows=1 width=8)
	  ->  Bitmap Heap Scan on sbtest3  (cost=23.04..3991.50 rows=1035 width=4)
	        Recheck Cond: ((id >= 8138240) AND (id <= 8139239))
	        ->  Bitmap Index Scan on sbtest3_pkey  (cost=0.00..22.79 rows=1035 width=0)
	              Index Cond: ((id >= 8138240) AND (id <= 8139239))

table 4 : explain SELECT SUM(k) FROM sbtest4 WHERE id BETWEEN 8855887 AND 8856886
	Aggregate  (cost=3542.38..3542.39 rows=1 width=8)
	  ->  Bitmap Heap Scan on sbtest4  (cost=21.81..3540.09 rows=915 width=4)
	        Recheck Cond: ((id >= 8855887) AND (id <= 8856886))
	        ->  Bitmap Index Scan on sbtest4_pkey  (cost=0.00..21.58 rows=915 width=0)
	              Index Cond: ((id >= 8855887) AND (id <= 8856886))

table 5 : explain SELECT SUM(k) FROM sbtest5 WHERE id BETWEEN 2364068 AND 2365067
	Aggregate  (cost=3762.28..3762.29 rows=1 width=8)
	  ->  Bitmap Heap Scan on sbtest5  (cost=22.41..3759.85 rows=973 width=4)
	        Recheck Cond: ((id >= 2364068) AND (id <= 2365067))
	        ->  Bitmap Index Scan on sbtest5_pkey  (cost=0.00..22.16 rows=973 width=0)
	              Index Cond: ((id >= 2364068) AND (id <= 2365067))

table 6 : explain SELECT SUM(k) FROM sbtest6 WHERE id BETWEEN 3136551 AND 3137550
	Aggregate  (cost=3746.47..3746.48 rows=1 width=8)
	  ->  Bitmap Heap Scan on sbtest6  (cost=22.37..3744.05 rows=969 width=4)
	        Recheck Cond: ((id >= 3136551) AND (id <= 3137550))
	        ->  Bitmap Index Scan on sbtest6_pkey  (cost=0.00..22.12 rows=969 width=0)
	              Index Cond: ((id >= 3136551) AND (id <= 3137550))

table 7 : explain SELECT SUM(k) FROM sbtest7 WHERE id BETWEEN 6507543 AND 6508542
	Aggregate  (cost=3923.59..3923.60 rows=1 width=8)
	  ->  Bitmap Heap Scan on sbtest7  (cost=22.85..3921.05 rows=1016 width=4)
	        Recheck Cond: ((id >= 6507543) AND (id <= 6508542))
	        ->  Bitmap Index Scan on sbtest7_pkey  (cost=0.00..22.59 rows=1016 width=0)
	              Index Cond: ((id >= 6507543) AND (id <= 6508542))

table 8 : explain SELECT SUM(k) FROM sbtest8 WHERE id BETWEEN 229429 AND 230428
	Aggregate  (cost=3995.43..3995.44 rows=1 width=8)
	  ->  Bitmap Heap Scan on sbtest8  (cost=23.04..3992.84 rows=1035 width=4)
	        Recheck Cond: ((id >= 229429) AND (id <= 230428))
	        ->  Bitmap Index Scan on sbtest8_pkey  (cost=0.00..22.79 rows=1035 width=0)
	              Index Cond: ((id >= 229429) AND (id <= 230428))

for: distinct_ranges
table 1 : explain SELECT DISTINCT c FROM sbtest1 WHERE id BETWEEN 604967 AND 605966 ORDER BY c
	Unique  (cost=4051.85..4057.04 rows=1037 width=121)
	  ->  Sort  (cost=4051.85..4054.44 rows=1037 width=121)
	        Sort Key: c
	        ->  Bitmap Heap Scan on sbtest1  (cost=23.06..3999.91 rows=1037 width=121)
	              Recheck Cond: ((id >= 604967) AND (id <= 605966))
	              ->  Bitmap Index Scan on sbtest1_pkey  (cost=0.00..22.80 rows=1037 width=0)
	                    Index Cond: ((id >= 604967) AND (id <= 605966))

table 2 : explain SELECT DISTINCT c FROM sbtest2 WHERE id BETWEEN 6930527 AND 6931526 ORDER BY c
	Unique  (cost=4419.23..4424.89 rows=1133 width=121)
	  ->  Sort  (cost=4419.23..4422.06 rows=1133 width=121)
	        Sort Key: c
	        ->  Bitmap Heap Scan on sbtest2  (cost=28.05..4361.75 rows=1133 width=121)
	              Recheck Cond: ((id >= 6930527) AND (id <= 6931526))
	              ->  Bitmap Index Scan on sbtest2_pkey  (cost=0.00..27.76 rows=1133 width=0)
	                    Index Cond: ((id >= 6930527) AND (id <= 6931526))

table 3 : explain SELECT DISTINCT c FROM sbtest3 WHERE id BETWEEN 6860531 AND 6861530 ORDER BY c
	Unique  (cost=3768.19..3773.01 rows=963 width=121)
	  ->  Sort  (cost=3768.19..3770.60 rows=963 width=121)
	        Sort Key: c
	        ->  Bitmap Heap Scan on sbtest3  (cost=22.31..3720.47 rows=963 width=121)
	              Recheck Cond: ((id >= 6860531) AND (id <= 6861530))
	              ->  Bitmap Index Scan on sbtest3_pkey  (cost=0.00..22.07 rows=963 width=0)
	                    Index Cond: ((id >= 6860531) AND (id <= 6861530))

table 4 : explain SELECT DISTINCT c FROM sbtest4 WHERE id BETWEEN 699628 AND 700627 ORDER BY c
	Unique  (cost=4277.12..4282.60 rows=1096 width=121)
	  ->  Sort  (cost=4277.12..4279.86 rows=1096 width=121)
	        Sort Key: c
	        ->  Bitmap Heap Scan on sbtest4  (cost=27.67..4221.78 rows=1096 width=121)
	              Recheck Cond: ((id >= 699628) AND (id <= 700627))
	              ->  Bitmap Index Scan on sbtest4_pkey  (cost=0.00..27.39 rows=1096 width=0)
	                    Index Cond: ((id >= 699628) AND (id <= 700627))

table 5 : explain SELECT DISTINCT c FROM sbtest5 WHERE id BETWEEN 6389381 AND 6390380 ORDER BY c
	Unique  (cost=3804.31..3809.17 rows=972 width=121)
	  ->  Sort  (cost=3804.31..3806.74 rows=972 width=121)
	        Sort Key: c
	        ->  Bitmap Heap Scan on sbtest5  (cost=22.40..3756.08 rows=972 width=121)
	              Recheck Cond: ((id >= 6389381) AND (id <= 6390380))
	              ->  Bitmap Index Scan on sbtest5_pkey  (cost=0.00..22.15 rows=972 width=0)
	                    Index Cond: ((id >= 6389381) AND (id <= 6390380))

table 6 : explain SELECT DISTINCT c FROM sbtest6 WHERE id BETWEEN 7121237 AND 7122236 ORDER BY c
	Unique  (cost=3673.43..3678.12 rows=938 width=121)
	  ->  Sort  (cost=3673.43..3675.77 rows=938 width=121)
	        Sort Key: c
	        ->  Bitmap Heap Scan on sbtest6  (cost=22.05..3627.12 rows=938 width=121)
	              Recheck Cond: ((id >= 7121237) AND (id <= 7122236))
	              ->  Bitmap Index Scan on sbtest6_pkey  (cost=0.00..21.82 rows=938 width=0)
	                    Index Cond: ((id >= 7121237) AND (id <= 7122236))

table 7 : explain SELECT DISTINCT c FROM sbtest7 WHERE id BETWEEN 3575076 AND 3576075 ORDER BY c
	Unique  (cost=4002.35..4007.47 rows=1024 width=121)
	  ->  Sort  (cost=4002.35..4004.91 rows=1024 width=121)
	        Sort Key: c
	        ->  Bitmap Heap Scan on sbtest7  (cost=22.93..3951.15 rows=1024 width=121)
	              Recheck Cond: ((id >= 3575076) AND (id <= 3576075))
	              ->  Bitmap Index Scan on sbtest7_pkey  (cost=0.00..22.68 rows=1024 width=0)
	                    Index Cond: ((id >= 3575076) AND (id <= 3576075))

table 8 : explain SELECT DISTINCT c FROM sbtest8 WHERE id BETWEEN 6674801 AND 6675800 ORDER BY c
	Unique  (cost=3995.01..4000.12 rows=1022 width=121)
	  ->  Sort  (cost=3995.01..3997.57 rows=1022 width=121)
	        Sort Key: c
	        ->  Bitmap Heap Scan on sbtest8  (cost=22.91..3943.93 rows=1022 width=121)
	              Recheck Cond: ((id >= 6674801) AND (id <= 6675800))
	              ->  Bitmap Index Scan on sbtest8_pkey  (cost=0.00..22.65 rows=1022 width=0)
	                    Index Cond: ((id >= 6674801) AND (id <= 6675800))

for: simple_ranges
table 1 : explain SELECT c FROM sbtest1 WHERE id BETWEEN 8558032 AND 8559031
	Bitmap Heap Scan on sbtest1  (cost=22.14..3660.92 rows=947 width=121)
	  Recheck Cond: ((id >= 8558032) AND (id <= 8559031))
	  ->  Bitmap Index Scan on sbtest1_pkey  (cost=0.00..21.90 rows=947 width=0)
	        Index Cond: ((id >= 8558032) AND (id <= 8559031))

table 2 : explain SELECT c FROM sbtest2 WHERE id BETWEEN 4687576 AND 4688575
	Bitmap Heap Scan on sbtest2  (cost=27.67..4226.63 rows=1096 width=121)
	  Recheck Cond: ((id >= 4687576) AND (id <= 4688575))
	  ->  Bitmap Index Scan on sbtest2_pkey  (cost=0.00..27.39 rows=1096 width=0)
	        Index Cond: ((id >= 4687576) AND (id <= 4688575))

table 3 : explain SELECT c FROM sbtest3 WHERE id BETWEEN 6872501 AND 6873500
	Bitmap Heap Scan on sbtest3  (cost=22.31..3720.47 rows=963 width=121)
	  Recheck Cond: ((id >= 6872501) AND (id <= 6873500))
	  ->  Bitmap Index Scan on sbtest3_pkey  (cost=0.00..22.07 rows=963 width=0)
	        Index Cond: ((id >= 6872501) AND (id <= 6873500))

table 4 : explain SELECT c FROM sbtest4 WHERE id BETWEEN 7605092 AND 7606091
	Bitmap Heap Scan on sbtest4  (cost=22.46..3777.75 rows=978 width=121)
	  Recheck Cond: ((id >= 7605092) AND (id <= 7606091))
	  ->  Bitmap Index Scan on sbtest4_pkey  (cost=0.00..22.21 rows=978 width=0)
	        Index Cond: ((id >= 7605092) AND (id <= 7606091))

table 5 : explain SELECT c FROM sbtest5 WHERE id BETWEEN 479813 AND 480812
	Bitmap Heap Scan on sbtest5  (cost=22.34..3733.45 rows=966 width=121)
	  Recheck Cond: ((id >= 479813) AND (id <= 480812))
	  ->  Bitmap Index Scan on sbtest5_pkey  (cost=0.00..22.09 rows=966 width=0)
	        Index Cond: ((id >= 479813) AND (id <= 480812))

table 6 : explain SELECT c FROM sbtest6 WHERE id BETWEEN 4023582 AND 4024581
	Bitmap Heap Scan on sbtest6  (cost=22.04..3623.35 rows=937 width=121)
	  Recheck Cond: ((id >= 4023582) AND (id <= 4024581))
	  ->  Bitmap Index Scan on sbtest6_pkey  (cost=0.00..21.80 rows=937 width=0)
	        Index Cond: ((id >= 4023582) AND (id <= 4024581))

table 7 : explain SELECT c FROM sbtest7 WHERE id BETWEEN 9710545 AND 9711544
	Bitmap Heap Scan on sbtest7  (cost=27.83..4282.04 rows=1112 width=121)
	  Recheck Cond: ((id >= 9710545) AND (id <= 9711544))
	  ->  Bitmap Index Scan on sbtest7_pkey  (cost=0.00..27.55 rows=1112 width=0)
	        Index Cond: ((id >= 9710545) AND (id <= 9711544))

table 8 : explain SELECT c FROM sbtest8 WHERE id BETWEEN 9263342 AND 9264341
	Bitmap Heap Scan on sbtest8  (cost=22.65..3849.81 rows=997 width=121)
	  Recheck Cond: ((id >= 9263342) AND (id <= 9264341))
	  ->  Bitmap Index Scan on sbtest8_pkey  (cost=0.00..22.40 rows=997 width=0)
	        Index Cond: ((id >= 9263342) AND (id <= 9264341))

for: sum_ranges
table 1 : explain SELECT SUM(k) FROM sbtest1 WHERE id BETWEEN 2129372 AND 2130371
	Aggregate  (cost=3629.31..3629.32 rows=1 width=8)
	  ->  Bitmap Heap Scan on sbtest1  (cost=22.05..3626.96 rows=938 width=4)
	        Recheck Cond: ((id >= 2129372) AND (id <= 2130371))
	        ->  Bitmap Index Scan on sbtest1_pkey  (cost=0.00..21.82 rows=938 width=0)
	              Index Cond: ((id >= 2129372) AND (id <= 2130371))

table 2 : explain SELECT SUM(k) FROM sbtest2 WHERE id BETWEEN 6495407 AND 6496406
	Aggregate  (cost=4003.48..4003.49 rows=1 width=8)
	  ->  Bitmap Heap Scan on sbtest2  (cost=23.06..4000.89 rows=1037 width=4)
	        Recheck Cond: ((id >= 6495407) AND (id <= 6496406))
	        ->  Bitmap Index Scan on sbtest2_pkey  (cost=0.00..22.80 rows=1037 width=0)
	              Index Cond: ((id >= 6495407) AND (id <= 6496406))

table 3 : explain SELECT SUM(k) FROM sbtest3 WHERE id BETWEEN 8650493 AND 8651492
	Aggregate  (cost=3602.12..3602.13 rows=1 width=8)
	  ->  Bitmap Heap Scan on sbtest3  (cost=21.98..3599.79 rows=931 width=4)
	        Recheck Cond: ((id >= 8650493) AND (id <= 8651492))
	        ->  Bitmap Index Scan on sbtest3_pkey  (cost=0.00..21.75 rows=931 width=0)
	              Index Cond: ((id >= 8650493) AND (id <= 8651492))

table 4 : explain SELECT SUM(k) FROM sbtest4 WHERE id BETWEEN 767923 AND 768922
	Aggregate  (cost=4224.52..4224.53 rows=1 width=8)
	  ->  Bitmap Heap Scan on sbtest4  (cost=27.67..4221.78 rows=1096 width=4)
	        Recheck Cond: ((id >= 767923) AND (id <= 768922))
	        ->  Bitmap Index Scan on sbtest4_pkey  (cost=0.00..27.39 rows=1096 width=0)
	              Index Cond: ((id >= 767923) AND (id <= 768922))

table 5 : explain SELECT SUM(k) FROM sbtest5 WHERE id BETWEEN 523081 AND 524080
	Aggregate  (cost=4135.40..4135.41 rows=1 width=8)
	  ->  Bitmap Heap Scan on sbtest5  (cost=27.41..4132.72 rows=1071 width=4)
	        Recheck Cond: ((id >= 523081) AND (id <= 524080))
	        ->  Bitmap Index Scan on sbtest5_pkey  (cost=0.00..27.14 rows=1071 width=0)
	              Index Cond: ((id >= 523081) AND (id <= 524080))

table 6 : explain SELECT SUM(k) FROM sbtest6 WHERE id BETWEEN 5686522 AND 5687521
	Aggregate  (cost=3946.22..3946.23 rows=1 width=8)
	  ->  Bitmap Heap Scan on sbtest6  (cost=22.91..3943.66 rows=1022 width=4)
	        Recheck Cond: ((id >= 5686522) AND (id <= 5687521))
	        ->  Bitmap Index Scan on sbtest6_pkey  (cost=0.00..22.65 rows=1022 width=0)
	              Index Cond: ((id >= 5686522) AND (id <= 5687521))

table 7 : explain SELECT SUM(k) FROM sbtest7 WHERE id BETWEEN 7856738 AND 7857737
	Aggregate  (cost=3610.55..3610.56 rows=1 width=8)
	  ->  Bitmap Heap Scan on sbtest7  (cost=22.00..3608.22 rows=933 width=4)
	        Recheck Cond: ((id >= 7856738) AND (id <= 7857737))
	        ->  Bitmap Index Scan on sbtest7_pkey  (cost=0.00..21.76 rows=933 width=0)
	              Index Cond: ((id >= 7856738) AND (id <= 7857737))

table 8 : explain SELECT SUM(k) FROM sbtest8 WHERE id BETWEEN 7331241 AND 7332240
	Aggregate  (cost=4461.50..4461.51 rows=1 width=8)
	  ->  Bitmap Heap Scan on sbtest8  (cost=28.31..4458.60 rows=1159 width=4)
	        Recheck Cond: ((id >= 7331241) AND (id <= 7332240))
	        ->  Bitmap Index Scan on sbtest8_pkey  (cost=0.00..28.02 rows=1159 width=0)
	              Index Cond: ((id >= 7331241) AND (id <= 7332240))

for: sum_ranges
table 1 : explain SELECT SUM(k) FROM sbtest1 WHERE id BETWEEN 7169318 AND 7170317
	Aggregate  (cost=3738.76..3738.77 rows=1 width=8)
	  ->  Bitmap Heap Scan on sbtest1  (cost=22.35..3736.34 rows=967 width=4)
	        Recheck Cond: ((id >= 7169318) AND (id <= 7170317))
	        ->  Bitmap Index Scan on sbtest1_pkey  (cost=0.00..22.11 rows=967 width=0)
	              Index Cond: ((id >= 7169318) AND (id <= 7170317))

table 2 : explain SELECT SUM(k) FROM sbtest2 WHERE id BETWEEN 7631665 AND 7632664
	Aggregate  (cost=3849.02..3849.03 rows=1 width=8)
	  ->  Bitmap Heap Scan on sbtest2  (cost=22.64..3846.53 rows=996 width=4)
	        Recheck Cond: ((id >= 7631665) AND (id <= 7632664))
	        ->  Bitmap Index Scan on sbtest2_pkey  (cost=0.00..22.39 rows=996 width=0)
	              Index Cond: ((id >= 7631665) AND (id <= 7632664))

table 3 : explain SELECT SUM(k) FROM sbtest3 WHERE id BETWEEN 612039 AND 613038
	Aggregate  (cost=3700.24..3700.25 rows=1 width=8)
	  ->  Bitmap Heap Scan on sbtest3  (cost=22.24..3697.85 rows=957 width=4)
	        Recheck Cond: ((id >= 612039) AND (id <= 613038))
	        ->  Bitmap Index Scan on sbtest3_pkey  (cost=0.00..22.00 rows=957 width=0)
	              Index Cond: ((id >= 612039) AND (id <= 613038))

table 4 : explain SELECT SUM(k) FROM sbtest4 WHERE id BETWEEN 3970610 AND 3971609
	Aggregate  (cost=4258.32..4258.33 rows=1 width=8)
	  ->  Bitmap Heap Scan on sbtest4  (cost=27.76..4255.56 rows=1105 width=4)
	        Recheck Cond: ((id >= 3970610) AND (id <= 3971609))
	        ->  Bitmap Index Scan on sbtest4_pkey  (cost=0.00..27.48 rows=1105 width=0)
	              Index Cond: ((id >= 3970610) AND (id <= 3971609))

table 5 : explain SELECT SUM(k) FROM sbtest5 WHERE id BETWEEN 806194 AND 807193
	Aggregate  (cost=3841.48..3841.49 rows=1 width=8)
	  ->  Bitmap Heap Scan on sbtest5  (cost=22.62..3838.99 rows=994 width=4)
	        Recheck Cond: ((id >= 806194) AND (id <= 807193))
	        ->  Bitmap Index Scan on sbtest5_pkey  (cost=0.00..22.37 rows=994 width=0)
	              Index Cond: ((id >= 806194) AND (id <= 807193))

table 6 : explain SELECT SUM(k) FROM sbtest6 WHERE id BETWEEN 1298347 AND 1299346
	Aggregate  (cost=3757.79..3757.80 rows=1 width=8)
	  ->  Bitmap Heap Scan on sbtest6  (cost=22.40..3755.36 rows=972 width=4)
	        Recheck Cond: ((id >= 1298347) AND (id <= 1299346))
	        ->  Bitmap Index Scan on sbtest6_pkey  (cost=0.00..22.15 rows=972 width=0)
	              Index Cond: ((id >= 1298347) AND (id <= 1299346))

table 7 : explain SELECT SUM(k) FROM sbtest7 WHERE id BETWEEN 8648099 AND 8649098
	Aggregate  (cost=3949.95..3949.96 rows=1 width=8)
	  ->  Bitmap Heap Scan on sbtest7  (cost=22.92..3947.39 rows=1023 width=4)
	        Recheck Cond: ((id >= 8648099) AND (id <= 8649098))
	        ->  Bitmap Index Scan on sbtest7_pkey  (cost=0.00..22.66 rows=1023 width=0)
	              Index Cond: ((id >= 8648099) AND (id <= 8649098))

table 8 : explain SELECT SUM(k) FROM sbtest8 WHERE id BETWEEN 8144495 AND 8145494
	Aggregate  (cost=4089.49..4089.50 rows=1 width=8)
	  ->  Bitmap Heap Scan on sbtest8  (cost=23.30..4086.84 rows=1060 width=4)
	        Recheck Cond: ((id >= 8144495) AND (id <= 8145494))
	        ->  Bitmap Index Scan on sbtest8_pkey  (cost=0.00..23.04 rows=1060 width=0)
	              Index Cond: ((id >= 8144495) AND (id <= 8145494))

for: distinct_ranges
table 1 : explain SELECT DISTINCT c FROM sbtest1 WHERE id BETWEEN 2355492 AND 2356491 ORDER BY c
	Unique  (cost=4250.22..4255.67 rows=1089 width=121)
	  ->  Sort  (cost=4250.22..4252.95 rows=1089 width=121)
	        Sort Key: c
	        ->  Bitmap Heap Scan on sbtest1  (cost=23.60..4195.29 rows=1089 width=121)
	              Recheck Cond: ((id >= 2355492) AND (id <= 2356491))
	              ->  Bitmap Index Scan on sbtest1_pkey  (cost=0.00..23.32 rows=1089 width=0)
	                    Index Cond: ((id >= 2355492) AND (id <= 2356491))

table 2 : explain SELECT DISTINCT c FROM sbtest2 WHERE id BETWEEN 617202 AND 618201 ORDER BY c
	Unique  (cost=3804.31..3809.17 rows=972 width=121)
	  ->  Sort  (cost=3804.31..3806.74 rows=972 width=121)
	        Sort Key: c
	        ->  Bitmap Heap Scan on sbtest2  (cost=22.40..3756.08 rows=972 width=121)
	              Recheck Cond: ((id >= 617202) AND (id <= 618201))
	              ->  Bitmap Index Scan on sbtest2_pkey  (cost=0.00..22.15 rows=972 width=0)
	                    Index Cond: ((id >= 617202) AND (id <= 618201))

table 3 : explain SELECT DISTINCT c FROM sbtest3 WHERE id BETWEEN 9388315 AND 9389314 ORDER BY c
	Unique  (cost=3457.88..3462.29 rows=882 width=121)
	  ->  Sort  (cost=3457.88..3460.08 rows=882 width=121)
	        Sort Key: c
	        ->  Bitmap Heap Scan on sbtest3  (cost=21.48..3414.73 rows=882 width=121)
	              Recheck Cond: ((id >= 9388315) AND (id <= 9389314))
	              ->  Bitmap Index Scan on sbtest3_pkey  (cost=0.00..21.25 rows=882 width=0)
	                    Index Cond: ((id >= 9388315) AND (id <= 9389314))

table 4 : explain SELECT DISTINCT c FROM sbtest4 WHERE id BETWEEN 2213014 AND 2214013 ORDER BY c
	Unique  (cost=3565.93..3570.48 rows=910 width=121)
	  ->  Sort  (cost=3565.93..3568.20 rows=910 width=121)
	        Sort Key: c
	        ->  Bitmap Heap Scan on sbtest4  (cost=21.76..3521.20 rows=910 width=121)
	              Recheck Cond: ((id >= 2213014) AND (id <= 2214013))
	              ->  Bitmap Index Scan on sbtest4_pkey  (cost=0.00..21.54 rows=910 width=0)
	                    Index Cond: ((id >= 2213014) AND (id <= 2214013))

table 5 : explain SELECT DISTINCT c FROM sbtest5 WHERE id BETWEEN 2323332 AND 2324331 ORDER BY c
	Unique  (cost=3808.14..3813.00 rows=973 width=121)
	  ->  Sort  (cost=3808.14..3810.57 rows=973 width=121)
	        Sort Key: c
	        ->  Bitmap Heap Scan on sbtest5  (cost=22.41..3759.85 rows=973 width=121)
	              Recheck Cond: ((id >= 2323332) AND (id <= 2324331))
	              ->  Bitmap Index Scan on sbtest5_pkey  (cost=0.00..22.16 rows=973 width=0)
	                    Index Cond: ((id >= 2323332) AND (id <= 2324331))

table 6 : explain SELECT DISTINCT c FROM sbtest6 WHERE id BETWEEN 1076262 AND 1077261 ORDER BY c
	Unique  (cost=4029.13..4034.28 rows=1031 width=121)
	  ->  Sort  (cost=4029.13..4031.70 rows=1031 width=121)
	        Sort Key: c
	        ->  Bitmap Heap Scan on sbtest6  (cost=23.00..3977.53 rows=1031 width=121)
	              Recheck Cond: ((id >= 1076262) AND (id <= 1077261))
	              ->  Bitmap Index Scan on sbtest6_pkey  (cost=0.00..22.75 rows=1031 width=0)
	                    Index Cond: ((id >= 1076262) AND (id <= 1077261))

table 7 : explain SELECT DISTINCT c FROM sbtest7 WHERE id BETWEEN 7662039 AND 7663038 ORDER BY c
	Unique  (cost=3715.52..3720.27 rows=949 width=121)
	  ->  Sort  (cost=3715.52..3717.89 rows=949 width=121)
	        Sort Key: c
	        ->  Bitmap Heap Scan on sbtest7  (cost=22.16..3668.59 rows=949 width=121)
	              Recheck Cond: ((id >= 7662039) AND (id <= 7663038))
	              ->  Bitmap Index Scan on sbtest7_pkey  (cost=0.00..21.93 rows=949 width=0)
	                    Index Cond: ((id >= 7662039) AND (id <= 7663038))

table 8 : explain SELECT DISTINCT c FROM sbtest8 WHERE id BETWEEN 956187 AND 957186 ORDER BY c
	Unique  (cost=4273.78..4279.25 rows=1094 width=121)
	  ->  Sort  (cost=4273.78..4276.51 rows=1094 width=121)
	        Sort Key: c
	        ->  Bitmap Heap Scan on sbtest8  (cost=27.65..4218.56 rows=1094 width=121)
	              Recheck Cond: ((id >= 956187) AND (id <= 957186))
	              ->  Bitmap Index Scan on sbtest8_pkey  (cost=0.00..27.37 rows=1094 width=0)
	                    Index Cond: ((id >= 956187) AND (id <= 957186))

for: distinct_ranges
table 1 : explain SELECT DISTINCT c FROM sbtest1 WHERE id BETWEEN 384662 AND 385661 ORDER BY c
	Unique  (cost=3627.29..3631.92 rows=926 width=121)
	  ->  Sort  (cost=3627.29..3629.61 rows=926 width=121)
	        Sort Key: c
	        ->  Bitmap Heap Scan on sbtest1  (cost=21.93..3581.67 rows=926 width=121)
	              Recheck Cond: ((id >= 384662) AND (id <= 385661))
	              ->  Bitmap Index Scan on sbtest1_pkey  (cost=0.00..21.69 rows=926 width=0)
	                    Index Cond: ((id >= 384662) AND (id <= 385661))

table 2 : explain SELECT DISTINCT c FROM sbtest2 WHERE id BETWEEN 3741531 AND 3742530 ORDER BY c
	Unique  (cost=4262.91..4268.36 rows=1091 width=121)
	  ->  Sort  (cost=4262.91..4265.63 rows=1091 width=121)
	        Sort Key: c
	        ->  Bitmap Heap Scan on sbtest2  (cost=27.62..4207.86 rows=1091 width=121)
	              Recheck Cond: ((id >= 3741531) AND (id <= 3742530))
	              ->  Bitmap Index Scan on sbtest2_pkey  (cost=0.00..27.34 rows=1091 width=0)
	                    Index Cond: ((id >= 3741531) AND (id <= 3742530))

table 3 : explain SELECT DISTINCT c FROM sbtest3 WHERE id BETWEEN 2815082 AND 2816081 ORDER BY c
	Unique  (cost=3852.33..3857.26 rows=985 width=121)
	  ->  Sort  (cost=3852.33..3854.79 rows=985 width=121)
	        Sort Key: c
	        ->  Bitmap Heap Scan on sbtest3  (cost=22.53..3803.36 rows=985 width=121)
	              Recheck Cond: ((id >= 2815082) AND (id <= 2816081))
	              ->  Bitmap Index Scan on sbtest3_pkey  (cost=0.00..22.29 rows=985 width=0)
	                    Index Cond: ((id >= 2815082) AND (id <= 2816081))

table 4 : explain SELECT DISTINCT c FROM sbtest4 WHERE id BETWEEN 5753486 AND 5754485 ORDER BY c
	Unique  (cost=3925.74..3930.76 rows=1004 width=121)
	  ->  Sort  (cost=3925.74..3928.25 rows=1004 width=121)
	        Sort Key: c
	        ->  Bitmap Heap Scan on sbtest4  (cost=22.73..3875.68 rows=1004 width=121)
	              Recheck Cond: ((id >= 5753486) AND (id <= 5754485))
	              ->  Bitmap Index Scan on sbtest4_pkey  (cost=0.00..22.47 rows=1004 width=0)
	                    Index Cond: ((id >= 5753486) AND (id <= 5754485))

table 5 : explain SELECT DISTINCT c FROM sbtest5 WHERE id BETWEEN 7885445 AND 7886444 ORDER BY c
	Unique  (cost=4133.19..4138.48 rows=1057 width=121)
	  ->  Sort  (cost=4133.19..4135.84 rows=1057 width=121)
	        Sort Key: c
	        ->  Bitmap Heap Scan on sbtest5  (cost=27.27..4080.10 rows=1057 width=121)
	              Recheck Cond: ((id >= 7885445) AND (id <= 7886444))
	              ->  Bitmap Index Scan on sbtest5_pkey  (cost=0.00..27.00 rows=1057 width=0)
	                    Index Cond: ((id >= 7885445) AND (id <= 7886444))

table 6 : explain SELECT DISTINCT c FROM sbtest6 WHERE id BETWEEN 3295130 AND 3296129 ORDER BY c
	Unique  (cost=3750.01..3754.80 rows=958 width=121)
	  ->  Sort  (cost=3750.01..3752.41 rows=958 width=121)
	        Sort Key: c
	        ->  Bitmap Heap Scan on sbtest6  (cost=22.25..3702.57 rows=958 width=121)
	              Recheck Cond: ((id >= 3295130) AND (id <= 3296129))
	              ->  Bitmap Index Scan on sbtest6_pkey  (cost=0.00..22.01 rows=958 width=0)
	                    Index Cond: ((id >= 3295130) AND (id <= 3296129))

table 7 : explain SELECT DISTINCT c FROM sbtest7 WHERE id BETWEEN 1756125 AND 1757124 ORDER BY c
	Unique  (cost=3979.43..3984.52 rows=1018 width=121)
	  ->  Sort  (cost=3979.43..3981.97 rows=1018 width=121)
	        Sort Key: c
	        ->  Bitmap Heap Scan on sbtest7  (cost=22.87..3928.57 rows=1018 width=121)
	              Recheck Cond: ((id >= 1756125) AND (id <= 1757124))
	              ->  Bitmap Index Scan on sbtest7_pkey  (cost=0.00..22.61 rows=1018 width=0)
	                    Index Cond: ((id >= 1756125) AND (id <= 1757124))

table 8 : explain SELECT DISTINCT c FROM sbtest8 WHERE id BETWEEN 8429914 AND 8430913 ORDER BY c
	Unique  (cost=4040.85..4046.02 rows=1034 width=121)
	  ->  Sort  (cost=4040.85..4043.44 rows=1034 width=121)
	        Sort Key: c
	        ->  Bitmap Heap Scan on sbtest8  (cost=23.03..3989.08 rows=1034 width=121)
	              Recheck Cond: ((id >= 8429914) AND (id <= 8430913))
	              ->  Bitmap Index Scan on sbtest8_pkey  (cost=0.00..22.77 rows=1034 width=0)
	                    Index Cond: ((id >= 8429914) AND (id <= 8430913))
for: order_ranges
table 1 : explain SELECT c FROM sbtest1 WHERE id BETWEEN 4572364 AND 4573363 ORDER BY c
	Sort  (cost=3929.61..3932.12 rows=1005 width=121)
	  Sort Key: c
	  ->  Bitmap Heap Scan on sbtest1  (cost=22.74..3879.50 rows=1005 width=121)
	        Recheck Cond: ((id >= 4572364) AND (id <= 4573363))
	        ->  Bitmap Index Scan on sbtest1_pkey  (cost=0.00..22.48 rows=1005 width=0)
	              Index Cond: ((id >= 4572364) AND (id <= 4573363))

table 2 : explain SELECT c FROM sbtest2 WHERE id BETWEEN 580288 AND 581287 ORDER BY c
	Sort  (cost=3991.71..3994.26 rows=1021 width=121)
	  Sort Key: c
	  ->  Bitmap Heap Scan on sbtest2  (cost=22.90..3940.68 rows=1021 width=121)
	        Recheck Cond: ((id >= 580288) AND (id <= 581287))
	        ->  Bitmap Index Scan on sbtest2_pkey  (cost=0.00..22.64 rows=1021 width=0)
	              Index Cond: ((id >= 580288) AND (id <= 581287))

table 3 : explain SELECT c FROM sbtest3 WHERE id BETWEEN 2348230 AND 2349229 ORDER BY c
	Sort  (cost=3607.39..3609.70 rows=921 width=121)
	  Sort Key: c
	  ->  Bitmap Heap Scan on sbtest3  (cost=21.88..3562.05 rows=921 width=121)
	        Recheck Cond: ((id >= 2348230) AND (id <= 2349229))
	        ->  Bitmap Index Scan on sbtest3_pkey  (cost=0.00..21.64 rows=921 width=0)
	              Index Cond: ((id >= 2348230) AND (id <= 2349229))

table 4 : explain SELECT c FROM sbtest4 WHERE id BETWEEN 7014265 AND 7015264 ORDER BY c
	Sort  (cost=3784.25..3786.66 rows=967 width=121)
	  Sort Key: c
	  ->  Bitmap Heap Scan on sbtest4  (cost=22.35..3736.29 rows=967 width=121)
	        Recheck Cond: ((id >= 7014265) AND (id <= 7015264))
	        ->  Bitmap Index Scan on sbtest4_pkey  (cost=0.00..22.11 rows=967 width=0)
	              Index Cond: ((id >= 7014265) AND (id <= 7015264))

table 5 : explain SELECT c FROM sbtest5 WHERE id BETWEEN 9428882 AND 9429881 ORDER BY c
	Sort  (cost=3880.83..3883.31 rows=992 width=121)
	  Sort Key: c
	  ->  Bitmap Heap Scan on sbtest5  (cost=22.60..3831.46 rows=992 width=121)
	        Recheck Cond: ((id >= 9428882) AND (id <= 9429881))
	        ->  Bitmap Index Scan on sbtest5_pkey  (cost=0.00..22.36 rows=992 width=0)
	              Index Cond: ((id >= 9428882) AND (id <= 9429881))

table 6 : explain SELECT c FROM sbtest6 WHERE id BETWEEN 5207759 AND 5208758 ORDER BY c
	Sort  (cost=3891.56..3894.05 rows=995 width=121)
	  Sort Key: c
	  ->  Bitmap Heap Scan on sbtest6  (cost=22.63..3842.02 rows=995 width=121)
	        Recheck Cond: ((id >= 5207759) AND (id <= 5208758))
	        ->  Bitmap Index Scan on sbtest6_pkey  (cost=0.00..22.39 rows=995 width=0)
	              Index Cond: ((id >= 5207759) AND (id <= 5208758))

table 7 : explain SELECT c FROM sbtest7 WHERE id BETWEEN 8825964 AND 8826963 ORDER BY c
	Sort  (cost=3914.46..3916.97 rows=1001 width=121)
	  Sort Key: c
	  ->  Bitmap Heap Scan on sbtest7  (cost=22.70..3864.58 rows=1001 width=121)
	        Recheck Cond: ((id >= 8825964) AND (id <= 8826963))
	        ->  Bitmap Index Scan on sbtest7_pkey  (cost=0.00..22.44 rows=1001 width=0)
	              Index Cond: ((id >= 8825964) AND (id <= 8826963))

table 8 : explain SELECT c FROM sbtest8 WHERE id BETWEEN 2062573 AND 2063572 ORDER BY c
	Sort  (cost=4159.18..4161.85 rows=1065 width=121)
	  Sort Key: c
	  ->  Bitmap Heap Scan on sbtest8  (cost=23.35..4105.63 rows=1065 width=121)
	        Recheck Cond: ((id >= 2062573) AND (id <= 2063572))
	        ->  Bitmap Index Scan on sbtest8_pkey  (cost=0.00..23.08 rows=1065 width=0)
	              Index Cond: ((id >= 2062573) AND (id <= 2063572))


explain: for point_selects :: explain SELECT c FROM sbtest%u WHERE id=%u
for: order_ranges
table 1 : explain SELECT c FROM sbtest1 WHERE id BETWEEN 2234055 AND 2235054 ORDER BY c
	Sort  (cost=3899.03..3901.53 rows=997 width=121)
	  Sort Key: c
	  ->  Bitmap Heap Scan on sbtest1  (cost=22.65..3849.37 rows=997 width=121)
	        Recheck Cond: ((id >= 2234055) AND (id <= 2235054))
	        ->  Bitmap Index Scan on sbtest1_pkey  (cost=0.00..22.40 rows=997 width=0)
	              Index Cond: ((id >= 2234055) AND (id <= 2235054))

table 2 : explain SELECT c FROM sbtest2 WHERE id BETWEEN 7080106 AND 7081105 ORDER BY c
	Sort  (cost=3854.06..3856.52 rows=985 width=121)
	  Sort Key: c
	  ->  Bitmap Heap Scan on sbtest2  (cost=22.53..3805.08 rows=985 width=121)
	        Recheck Cond: ((id >= 7080106) AND (id <= 7081105))
	        ->  Bitmap Index Scan on sbtest2_pkey  (cost=0.00..22.29 rows=985 width=0)
	              Index Cond: ((id >= 7080106) AND (id <= 7081105))

table 3 : explain SELECT c FROM sbtest3 WHERE id BETWEEN 3543108 AND 3544107 ORDER BY c
	Sort  (cost=3867.62..3870.10 rows=989 width=121)
	  Sort Key: c
	  ->  Bitmap Heap Scan on sbtest3  (cost=22.57..3818.42 rows=989 width=121)
	        Recheck Cond: ((id >= 3543108) AND (id <= 3544107))
	        ->  Bitmap Index Scan on sbtest3_pkey  (cost=0.00..22.32 rows=989 width=0)
	              Index Cond: ((id >= 3543108) AND (id <= 3544107))

table 4 : explain SELECT c FROM sbtest4 WHERE id BETWEEN 4937068 AND 4938067 ORDER BY c
	Sort  (cost=4028.89..4031.47 rows=1031 width=121)
	  Sort Key: c
	  ->  Bitmap Heap Scan on sbtest4  (cost=23.00..3977.29 rows=1031 width=121)
	        Recheck Cond: ((id >= 4937068) AND (id <= 4938067))
	        ->  Bitmap Index Scan on sbtest4_pkey  (cost=0.00..22.75 rows=1031 width=0)
	              Index Cond: ((id >= 4937068) AND (id <= 4938067))

table 5 : explain SELECT c FROM sbtest5 WHERE id BETWEEN 7210938 AND 7211937 ORDER BY c
	Sort  (cost=3903.95..3906.45 rows=997 width=121)
	  Sort Key: c
	  ->  Bitmap Heap Scan on sbtest5  (cost=26.65..3854.30 rows=997 width=121)
	        Recheck Cond: ((id >= 7210938) AND (id <= 7211937))
	        ->  Bitmap Index Scan on sbtest5_pkey  (cost=0.00..26.40 rows=997 width=0)
	              Index Cond: ((id >= 7210938) AND (id <= 7211937))

table 6 : explain SELECT c FROM sbtest6 WHERE id BETWEEN 94209 AND 95208 ORDER BY c
	Sort  (cost=3776.81..3779.22 rows=965 width=121)
	  Sort Key: c
	  ->  Bitmap Heap Scan on sbtest6  (cost=22.33..3728.97 rows=965 width=121)
	        Recheck Cond: ((id >= 94209) AND (id <= 95208))
	        ->  Bitmap Index Scan on sbtest6_pkey  (cost=0.00..22.08 rows=965 width=0)
	              Index Cond: ((id >= 94209) AND (id <= 95208))

table 7 : explain SELECT c FROM sbtest7 WHERE id BETWEEN 2646724 AND 2647723 ORDER BY c
	Sort  (cost=3792.08..3794.50 rows=969 width=121)
	  Sort Key: c
	  ->  Bitmap Heap Scan on sbtest7  (cost=22.37..3744.01 rows=969 width=121)
	        Recheck Cond: ((id >= 2646724) AND (id <= 2647723))
	        ->  Bitmap Index Scan on sbtest7_pkey  (cost=0.00..22.12 rows=969 width=0)
	              Index Cond: ((id >= 2646724) AND (id <= 2647723))

table 8 : explain SELECT c FROM sbtest8 WHERE id BETWEEN 2484877 AND 2485876 ORDER BY c
	Sort  (cost=3922.40..3924.91 rows=1003 width=121)
	  Sort Key: c
	  ->  Bitmap Heap Scan on sbtest8  (cost=22.72..3872.40 rows=1003 width=121)
	        Recheck Cond: ((id >= 2484877) AND (id <= 2485876))
	        ->  Bitmap Index Scan on sbtest8_pkey  (cost=0.00..22.46 rows=1003 width=0)
	              Index Cond: ((id >= 2484877) AND (id <= 2485876))

for: simple_ranges
table 1 : explain SELECT c FROM sbtest1 WHERE id BETWEEN 2975154 AND 2976153
	Bitmap Heap Scan on sbtest1  (cost=22.47..3781.57 rows=979 width=121)
	  Recheck Cond: ((id >= 2975154) AND (id <= 2976153))
	  ->  Bitmap Index Scan on sbtest1_pkey  (cost=0.00..22.22 rows=979 width=0)
	        Index Cond: ((id >= 2975154) AND (id <= 2976153))

table 2 : explain SELECT c FROM sbtest2 WHERE id BETWEEN 1018217 AND 1019216
	Bitmap Heap Scan on sbtest2  (cost=22.38..3748.54 rows=970 width=121)
	  Recheck Cond: ((id >= 1018217) AND (id <= 1019216))
	  ->  Bitmap Index Scan on sbtest2_pkey  (cost=0.00..22.14 rows=970 width=0)
	        Index Cond: ((id >= 1018217) AND (id <= 1019216))

table 3 : explain SELECT c FROM sbtest3 WHERE id BETWEEN 679578 AND 680577
	Bitmap Heap Scan on sbtest3  (cost=22.24..3697.85 rows=957 width=121)
	  Recheck Cond: ((id >= 679578) AND (id <= 680577))
	  ->  Bitmap Index Scan on sbtest3_pkey  (cost=0.00..22.00 rows=957 width=0)
	        Index Cond: ((id >= 679578) AND (id <= 680577))

table 4 : explain SELECT c FROM sbtest4 WHERE id BETWEEN 1871418 AND 1872417
	Bitmap Heap Scan on sbtest4  (cost=22.80..3902.04 rows=1011 width=121)
	  Recheck Cond: ((id >= 1871418) AND (id <= 1872417))
	  ->  Bitmap Index Scan on sbtest4_pkey  (cost=0.00..22.54 rows=1011 width=0)
	        Index Cond: ((id >= 1871418) AND (id <= 1872417))

table 5 : explain SELECT c FROM sbtest5 WHERE id BETWEEN 4052784 AND 4053783
	Bitmap Heap Scan on sbtest5  (cost=22.32..3725.91 rows=964 width=121)
	  Recheck Cond: ((id >= 4052784) AND (id <= 4053783))
	  ->  Bitmap Index Scan on sbtest5_pkey  (cost=0.00..22.07 rows=964 width=0)
	        Index Cond: ((id >= 4052784) AND (id <= 4053783))

table 6 : explain SELECT c FROM sbtest6 WHERE id BETWEEN 1952529 AND 1953528
	Bitmap Heap Scan on sbtest6  (cost=22.10..3645.99 rows=943 width=121)
	  Recheck Cond: ((id >= 1952529) AND (id <= 1953528))
	  ->  Bitmap Index Scan on sbtest6_pkey  (cost=0.00..21.86 rows=943 width=0)
	        Index Cond: ((id >= 1952529) AND (id <= 1953528))

table 7 : explain SELECT c FROM sbtest7 WHERE id BETWEEN 3721518 AND 3722517
	Bitmap Heap Scan on sbtest7  (cost=22.30..3717.62 rows=962 width=121)
	  Recheck Cond: ((id >= 3721518) AND (id <= 3722517))
	  ->  Bitmap Index Scan on sbtest7_pkey  (cost=0.00..22.05 rows=962 width=0)
	        Index Cond: ((id >= 3721518) AND (id <= 3722517))

table 8 : explain SELECT c FROM sbtest8 WHERE id BETWEEN 2059913 AND 2060912
	Bitmap Heap Scan on sbtest8  (cost=23.35..4105.63 rows=1065 width=121)
	  Recheck Cond: ((id >= 2059913) AND (id <= 2060912))
	  ->  Bitmap Index Scan on sbtest8_pkey  (cost=0.00..23.08 rows=1065 width=0)
	        Index Cond: ((id >= 2059913) AND (id <= 2060912))

for: distinct_ranges
table 1 : explain SELECT DISTINCT c FROM sbtest1 WHERE id BETWEEN 5877864 AND 5878863 ORDER BY c
	Unique  (cost=4380.03..4385.65 rows=1123 width=121)
	  ->  Sort  (cost=4380.03..4382.84 rows=1123 width=121)
	        Sort Key: c
	        ->  Bitmap Heap Scan on sbtest1  (cost=27.95..4323.14 rows=1123 width=121)
	              Recheck Cond: ((id >= 5877864) AND (id <= 5878863))
	              ->  Bitmap Index Scan on sbtest1_pkey  (cost=0.00..27.66 rows=1123 width=0)
	                    Index Cond: ((id >= 5877864) AND (id <= 5878863))

table 2 : explain SELECT DISTINCT c FROM sbtest2 WHERE id BETWEEN 1116985 AND 1117984 ORDER BY c
	Unique  (cost=3861.71..3866.64 rows=987 width=121)
	  ->  Sort  (cost=3861.71..3864.18 rows=987 width=121)
	        Sort Key: c
	        ->  Bitmap Heap Scan on sbtest2  (cost=22.55..3812.62 rows=987 width=121)
	              Recheck Cond: ((id >= 1116985) AND (id <= 1117984))
	              ->  Bitmap Index Scan on sbtest2_pkey  (cost=0.00..22.30 rows=987 width=0)
	                    Index Cond: ((id >= 1116985) AND (id <= 1117984))

table 3 : explain SELECT DISTINCT c FROM sbtest3 WHERE id BETWEEN 7627716 AND 7628715 ORDER BY c
	Unique  (cost=3687.82..3692.53 rows=942 width=121)
	  ->  Sort  (cost=3687.82..3690.18 rows=942 width=121)
	        Sort Key: c
	        ->  Bitmap Heap Scan on sbtest3  (cost=22.09..3641.29 rows=942 width=121)
	              Recheck Cond: ((id >= 7627716) AND (id <= 7628715))
	              ->  Bitmap Index Scan on sbtest3_pkey  (cost=0.00..21.86 rows=942 width=0)
	                    Index Cond: ((id >= 7627716) AND (id <= 7628715))

table 4 : explain SELECT DISTINCT c FROM sbtest4 WHERE id BETWEEN 3138426 AND 3139425 ORDER BY c
	Unique  (cost=4109.06..4114.32 rows=1052 width=121)
	  ->  Sort  (cost=4109.06..4111.69 rows=1052 width=121)
	        Sort Key: c
	        ->  Bitmap Heap Scan on sbtest4  (cost=23.22..4056.25 rows=1052 width=121)
	              Recheck Cond: ((id >= 3138426) AND (id <= 3139425))
	              ->  Bitmap Index Scan on sbtest4_pkey  (cost=0.00..22.95 rows=1052 width=0)
	                    Index Cond: ((id >= 3138426) AND (id <= 3139425))

table 5 : explain SELECT DISTINCT c FROM sbtest5 WHERE id BETWEEN 1944696 AND 1945695 ORDER BY c
	Unique  (cost=4133.19..4138.48 rows=1057 width=121)
	  ->  Sort  (cost=4133.19..4135.84 rows=1057 width=121)
	        Sort Key: c
	        ->  Bitmap Heap Scan on sbtest5  (cost=27.27..4080.10 rows=1057 width=121)
	              Recheck Cond: ((id >= 1944696) AND (id <= 1945695))
	              ->  Bitmap Index Scan on sbtest5_pkey  (cost=0.00..27.00 rows=1057 width=0)
	                    Index Cond: ((id >= 1944696) AND (id <= 1945695))

table 6 : explain SELECT DISTINCT c FROM sbtest6 WHERE id BETWEEN 2766427 AND 2767426 ORDER BY c
	Unique  (cost=3857.15..3862.08 rows=986 width=121)
	  ->  Sort  (cost=3857.15..3859.61 rows=986 width=121)
	        Sort Key: c
	        ->  Bitmap Heap Scan on sbtest6  (cost=22.54..3808.12 rows=986 width=121)
	              Recheck Cond: ((id >= 2766427) AND (id <= 2767426))
	              ->  Bitmap Index Scan on sbtest6_pkey  (cost=0.00..22.29 rows=986 width=0)
	                    Index Cond: ((id >= 2766427) AND (id <= 2767426))

table 7 : explain SELECT DISTINCT c FROM sbtest7 WHERE id BETWEEN 1483287 AND 1484286 ORDER BY c
	Unique  (cost=3765.29..3770.10 rows=962 width=121)
	  ->  Sort  (cost=3765.29..3767.69 rows=962 width=121)
	        Sort Key: c
	        ->  Bitmap Heap Scan on sbtest7  (cost=22.30..3717.62 rows=962 width=121)
	              Recheck Cond: ((id >= 1483287) AND (id <= 1484286))
	              ->  Bitmap Index Scan on sbtest7_pkey  (cost=0.00..22.05 rows=962 width=0)
	                    Index Cond: ((id >= 1483287) AND (id <= 1484286))

table 8 : explain SELECT DISTINCT c FROM sbtest8 WHERE id BETWEEN 8360966 AND 8361965 ORDER BY c
	Unique  (cost=4040.85..4046.02 rows=1034 width=121)
	  ->  Sort  (cost=4040.85..4043.44 rows=1034 width=121)
	        Sort Key: c
	        ->  Bitmap Heap Scan on sbtest8  (cost=23.03..3989.08 rows=1034 width=121)
	              Recheck Cond: ((id >= 8360966) AND (id <= 8361965))
	              ->  Bitmap Index Scan on sbtest8_pkey  (cost=0.00..22.77 rows=1034 width=0)
	                    Index Cond: ((id >= 8360966) AND (id <= 8361965))

for: sum_ranges
table 1 : explain SELECT SUM(k) FROM sbtest1 WHERE id BETWEEN 3404828 AND 3405827
	Aggregate  (cost=3761.39..3761.40 rows=1 width=8)
	  ->  Bitmap Heap Scan on sbtest1  (cost=22.41..3758.96 rows=973 width=4)
	        Recheck Cond: ((id >= 3404828) AND (id <= 3405827))
	        ->  Bitmap Index Scan on sbtest1_pkey  (cost=0.00..22.16 rows=973 width=0)
	              Index Cond: ((id >= 3404828) AND (id <= 3405827))

table 2 : explain SELECT SUM(k) FROM sbtest2 WHERE id BETWEEN 7223789 AND 7224788
	Aggregate  (cost=3807.55..3807.56 rows=1 width=8)
	  ->  Bitmap Heap Scan on sbtest2  (cost=22.53..3805.08 rows=985 width=4)
	        Recheck Cond: ((id >= 7223789) AND (id <= 7224788))
	        ->  Bitmap Index Scan on sbtest2_pkey  (cost=0.00..22.29 rows=985 width=0)
	              Index Cond: ((id >= 7223789) AND (id <= 7224788))

table 3 : explain SELECT SUM(k) FROM sbtest3 WHERE id BETWEEN 8571288 AND 8572287
	Aggregate  (cost=3602.12..3602.13 rows=1 width=8)
	  ->  Bitmap Heap Scan on sbtest3  (cost=21.98..3599.79 rows=931 width=4)
	        Recheck Cond: ((id >= 8571288) AND (id <= 8572287))
	        ->  Bitmap Index Scan on sbtest3_pkey  (cost=0.00..21.75 rows=931 width=0)
	              Index Cond: ((id >= 8571288) AND (id <= 8572287))

table 4 : explain SELECT SUM(k) FROM sbtest4 WHERE id BETWEEN 1705125 AND 1706124
	Aggregate  (cost=4382.16..4382.17 rows=1 width=8)
	  ->  Bitmap Heap Scan on sbtest4  (cost=28.10..4379.32 rows=1138 width=4)
	        Recheck Cond: ((id >= 1705125) AND (id <= 1706124))
	        ->  Bitmap Index Scan on sbtest4_pkey  (cost=0.00..27.82 rows=1138 width=0)
	              Index Cond: ((id >= 1705125) AND (id <= 1706124))

table 5 : explain SELECT SUM(k) FROM sbtest5 WHERE id BETWEEN 7828435 AND 7829434
	Aggregate  (cost=4082.74..4082.75 rows=1 width=8)
	  ->  Bitmap Heap Scan on sbtest5  (cost=27.27..4080.10 rows=1057 width=4)
	        Recheck Cond: ((id >= 7828435) AND (id <= 7829434))
	        ->  Bitmap Index Scan on sbtest5_pkey  (cost=0.00..27.00 rows=1057 width=0)
	              Index Cond: ((id >= 7828435) AND (id <= 7829434))

table 6 : explain SELECT SUM(k) FROM sbtest6 WHERE id BETWEEN 1282138 AND 1283137
	Aggregate  (cost=3757.79..3757.80 rows=1 width=8)
	  ->  Bitmap Heap Scan on sbtest6  (cost=22.40..3755.36 rows=972 width=4)
	        Recheck Cond: ((id >= 1282138) AND (id <= 1283137))
	        ->  Bitmap Index Scan on sbtest6_pkey  (cost=0.00..22.15 rows=972 width=0)
	              Index Cond: ((id >= 1282138) AND (id <= 1283137))

table 7 : explain SELECT SUM(k) FROM sbtest7 WHERE id BETWEEN 5972251 AND 5973250
	Aggregate  (cost=3848.24..3848.25 rows=1 width=8)
	  ->  Bitmap Heap Scan on sbtest7  (cost=22.64..3845.75 rows=996 width=4)
	        Recheck Cond: ((id >= 5972251) AND (id <= 5973250))
	        ->  Bitmap Index Scan on sbtest7_pkey  (cost=0.00..22.39 rows=996 width=0)
	              Index Cond: ((id >= 5972251) AND (id <= 5973250))

table 8 : explain SELECT SUM(k) FROM sbtest8 WHERE id BETWEEN 2644236 AND 2645235
	Aggregate  (cost=4006.72..4006.73 rows=1 width=8)
	  ->  Bitmap Heap Scan on sbtest8  (cost=23.07..4004.12 rows=1038 width=4)
	        Recheck Cond: ((id >= 2644236) AND (id <= 2645235))
	        ->  Bitmap Index Scan on sbtest8_pkey  (cost=0.00..22.82 rows=1038 width=0)
	              Index Cond: ((id >= 2644236) AND (id <= 2645235))

for: sum_ranges
table 1 : explain SELECT SUM(k) FROM sbtest1 WHERE id BETWEEN 8500993 AND 8501992
	Aggregate  (cost=3663.29..3663.30 rows=1 width=8)
	  ->  Bitmap Heap Scan on sbtest1  (cost=22.14..3660.92 rows=947 width=4)
	        Recheck Cond: ((id >= 8500993) AND (id <= 8501992))
	        ->  Bitmap Index Scan on sbtest1_pkey  (cost=0.00..21.90 rows=947 width=0)
	              Index Cond: ((id >= 8500993) AND (id <= 8501992))

table 2 : explain SELECT SUM(k) FROM sbtest2 WHERE id BETWEEN 8514274 AND 8515273
	Aggregate  (cost=3803.77..3803.78 rows=1 width=8)
	  ->  Bitmap Heap Scan on sbtest2  (cost=22.52..3801.31 rows=984 width=4)
	        Recheck Cond: ((id >= 8514274) AND (id <= 8515273))
	        ->  Bitmap Index Scan on sbtest2_pkey  (cost=0.00..22.27 rows=984 width=0)
	              Index Cond: ((id >= 8514274) AND (id <= 8515273))

table 3 : explain SELECT SUM(k) FROM sbtest3 WHERE id BETWEEN 2114731 AND 2115730
	Aggregate  (cost=3647.42..3647.43 rows=1 width=8)
	  ->  Bitmap Heap Scan on sbtest3  (cost=22.10..3645.06 rows=943 width=4)
	        Recheck Cond: ((id >= 2114731) AND (id <= 2115730))
	        ->  Bitmap Index Scan on sbtest3_pkey  (cost=0.00..21.86 rows=943 width=0)
	              Index Cond: ((id >= 2114731) AND (id <= 2115730))

table 4 : explain SELECT SUM(k) FROM sbtest4 WHERE id BETWEEN 7208540 AND 7209539
	Aggregate  (cost=3829.21..3829.22 rows=1 width=8)
	  ->  Bitmap Heap Scan on sbtest4  (cost=22.59..3826.73 rows=991 width=4)
	        Recheck Cond: ((id >= 7208540) AND (id <= 7209539))
	        ->  Bitmap Index Scan on sbtest4_pkey  (cost=0.00..22.34 rows=991 width=0)
	              Index Cond: ((id >= 7208540) AND (id <= 7209539))

table 5 : explain SELECT SUM(k) FROM sbtest5 WHERE id BETWEEN 2023222 AND 2024221
	Aggregate  (cost=4052.64..4052.65 rows=1 width=8)
	  ->  Bitmap Heap Scan on sbtest5  (cost=27.19..4050.02 rows=1049 width=4)
	        Recheck Cond: ((id >= 2023222) AND (id <= 2024221))
	        ->  Bitmap Index Scan on sbtest5_pkey  (cost=0.00..26.93 rows=1049 width=0)
	              Index Cond: ((id >= 2023222) AND (id <= 2024221))

table 6 : explain SELECT SUM(k) FROM sbtest6 WHERE id BETWEEN 4126166 AND 4127165
	Aggregate  (cost=3784.19..3784.20 rows=1 width=8)
	  ->  Bitmap Heap Scan on sbtest6  (cost=22.47..3781.74 rows=979 width=4)
	        Recheck Cond: ((id >= 4126166) AND (id <= 4127165))
	        ->  Bitmap Index Scan on sbtest6_pkey  (cost=0.00..22.22 rows=979 width=0)
	              Index Cond: ((id >= 4126166) AND (id <= 4127165))

table 7 : explain SELECT SUM(k) FROM sbtest7 WHERE id BETWEEN 1338432 AND 1339431
	Aggregate  (cost=3693.61..3693.62 rows=1 width=8)
	  ->  Bitmap Heap Scan on sbtest7  (cost=22.22..3691.22 rows=955 width=4)
	        Recheck Cond: ((id >= 1338432) AND (id <= 1339431))
	        ->  Bitmap Index Scan on sbtest7_pkey  (cost=0.00..21.98 rows=955 width=0)
	              Index Cond: ((id >= 1338432) AND (id <= 1339431))

table 8 : explain SELECT SUM(k) FROM sbtest8 WHERE id BETWEEN 6015841 AND 6016840
	Aggregate  (cost=3897.52..3897.53 rows=1 width=8)
	  ->  Bitmap Heap Scan on sbtest8  (cost=22.78..3894.99 rows=1009 width=4)
	        Recheck Cond: ((id >= 6015841) AND (id <= 6016840))
	        ->  Bitmap Index Scan on sbtest8_pkey  (cost=0.00..22.52 rows=1009 width=0)
	              Index Cond: ((id >= 6015841) AND (id <= 6016840))

for: order_ranges
table 1 : explain SELECT c FROM sbtest1 WHERE id BETWEEN 5627247 AND 5628246 ORDER BY c
	Sort  (cost=4120.55..4123.19 rows=1055 width=121)
	  Sort Key: c
	  ->  Bitmap Heap Scan on sbtest1  (cost=23.25..4067.58 rows=1055 width=121)
	        Recheck Cond: ((id >= 5627247) AND (id <= 5628246))
	        ->  Bitmap Index Scan on sbtest1_pkey  (cost=0.00..22.98 rows=1055 width=0)
	              Index Cond: ((id >= 5627247) AND (id <= 5628246))

table 2 : explain SELECT c FROM sbtest2 WHERE id BETWEEN 556324 AND 557323 ORDER BY c
	Sort  (cost=3991.71..3994.26 rows=1021 width=121)
	  Sort Key: c
	  ->  Bitmap Heap Scan on sbtest2  (cost=22.90..3940.68 rows=1021 width=121)
	        Recheck Cond: ((id >= 556324) AND (id <= 557323))
	        ->  Bitmap Index Scan on sbtest2_pkey  (cost=0.00..22.64 rows=1021 width=0)
	              Index Cond: ((id >= 556324) AND (id <= 557323))

table 3 : explain SELECT c FROM sbtest3 WHERE id BETWEEN 1456988 AND 1457987 ORDER BY c
	Sort  (cost=3951.69..3954.22 rows=1011 width=121)
	  Sort Key: c
	  ->  Bitmap Heap Scan on sbtest3  (cost=22.80..3901.23 rows=1011 width=121)
	        Recheck Cond: ((id >= 1456988) AND (id <= 1457987))
	        ->  Bitmap Index Scan on sbtest3_pkey  (cost=0.00..22.54 rows=1011 width=0)
	              Index Cond: ((id >= 1456988) AND (id <= 1457987))

table 4 : explain SELECT c FROM sbtest4 WHERE id BETWEEN 3861780 AND 3862779 ORDER BY c
	Sort  (cost=3700.03..3702.39 rows=945 width=121)
	  Sort Key: c
	  ->  Bitmap Heap Scan on sbtest4  (cost=22.12..3653.33 rows=945 width=121)
	        Recheck Cond: ((id >= 3861780) AND (id <= 3862779))
	        ->  Bitmap Index Scan on sbtest4_pkey  (cost=0.00..21.89 rows=945 width=0)
	              Index Cond: ((id >= 3861780) AND (id <= 3862779))

table 5 : explain SELECT c FROM sbtest5 WHERE id BETWEEN 3947363 AND 3948362 ORDER BY c
	Sort  (cost=3716.25..3718.62 rows=949 width=121)
	  Sort Key: c
	  ->  Bitmap Heap Scan on sbtest5  (cost=22.16..3669.32 rows=949 width=121)
	        Recheck Cond: ((id >= 3947363) AND (id <= 3948362))
	        ->  Bitmap Index Scan on sbtest5_pkey  (cost=0.00..21.93 rows=949 width=0)
	              Index Cond: ((id >= 3947363) AND (id <= 3948362))

table 6 : explain SELECT c FROM sbtest6 WHERE id BETWEEN 585719 AND 586718 ORDER BY c
	Sort  (cost=3719.39..3721.76 rows=950 width=121)
	  Sort Key: c
	  ->  Bitmap Heap Scan on sbtest6  (cost=22.17..3672.40 rows=950 width=121)
	        Recheck Cond: ((id >= 585719) AND (id <= 586718))
	        ->  Bitmap Index Scan on sbtest6_pkey  (cost=0.00..21.93 rows=950 width=0)
	              Index Cond: ((id >= 585719) AND (id <= 586718))

table 7 : explain SELECT c FROM sbtest7 WHERE id BETWEEN 5991594 AND 5992593 ORDER BY c
	Sort  (cost=3895.35..3897.84 rows=996 width=121)
	  Sort Key: c
	  ->  Bitmap Heap Scan on sbtest7  (cost=22.64..3845.75 rows=996 width=121)
	        Recheck Cond: ((id >= 5991594) AND (id <= 5992593))
	        ->  Bitmap Index Scan on sbtest7_pkey  (cost=0.00..22.39 rows=996 width=0)
	              Index Cond: ((id >= 5991594) AND (id <= 5992593))

table 8 : explain SELECT c FROM sbtest8 WHERE id BETWEEN 3706349 AND 3707348 ORDER BY c
	Sort  (cost=3807.66..3810.10 rows=973 width=121)
	  Sort Key: c
	  ->  Bitmap Heap Scan on sbtest8  (cost=22.41..3759.37 rows=973 width=121)
	        Recheck Cond: ((id >= 3706349) AND (id <= 3707348))
	        ->  Bitmap Index Scan on sbtest8_pkey  (cost=0.00..22.16 rows=973 width=0)
	              Index Cond: ((id >= 3706349) AND (id <= 3707348))

for: distinct_ranges
table 1 : explain SELECT DISTINCT c FROM sbtest1 WHERE id BETWEEN 5260982 AND 5261981 ORDER BY c
	Unique  (cost=3814.90..3819.77 rows=975 width=121)
	  ->  Sort  (cost=3814.90..3817.34 rows=975 width=121)
	        Sort Key: c
	        ->  Bitmap Heap Scan on sbtest1  (cost=22.43..3766.49 rows=975 width=121)
	              Recheck Cond: ((id >= 5260982) AND (id <= 5261981))
	              ->  Bitmap Index Scan on sbtest1_pkey  (cost=0.00..22.18 rows=975 width=0)
	                    Index Cond: ((id >= 5260982) AND (id <= 5261981))

table 2 : explain SELECT DISTINCT c FROM sbtest2 WHERE id BETWEEN 3936675 AND 3937674 ORDER BY c
	Unique  (cost=4006.99..4012.11 rows=1025 width=121)
	  ->  Sort  (cost=4006.99..4009.55 rows=1025 width=121)
	        Sort Key: c
	        ->  Bitmap Heap Scan on sbtest2  (cost=22.94..3955.73 rows=1025 width=121)
	              Recheck Cond: ((id >= 3936675) AND (id <= 3937674))
	              ->  Bitmap Index Scan on sbtest2_pkey  (cost=0.00..22.68 rows=1025 width=0)
	                    Index Cond: ((id >= 3936675) AND (id <= 3937674))

table 3 : explain SELECT DISTINCT c FROM sbtest3 WHERE id BETWEEN 3276125 AND 3277124 ORDER BY c
	Unique  (cost=4249.27..4254.72 rows=1089 width=121)
	  ->  Sort  (cost=4249.27..4252.00 rows=1089 width=121)
	        Sort Key: c
	        ->  Bitmap Heap Scan on sbtest3  (cost=23.60..4194.34 rows=1089 width=121)
	              Recheck Cond: ((id >= 3276125) AND (id <= 3277124))
	              ->  Bitmap Index Scan on sbtest3_pkey  (cost=0.00..23.32 rows=1089 width=0)
	                    Index Cond: ((id >= 3276125) AND (id <= 3277124))

table 4 : explain SELECT DISTINCT c FROM sbtest4 WHERE id BETWEEN 280101 AND 281100 ORDER BY c
	Unique  (cost=4093.79..4099.03 rows=1048 width=121)
	  ->  Sort  (cost=4093.79..4096.41 rows=1048 width=121)
	        Sort Key: c
	        ->  Bitmap Heap Scan on sbtest4  (cost=23.18..4041.21 rows=1048 width=121)
	              Recheck Cond: ((id >= 280101) AND (id <= 281100))
	              ->  Bitmap Index Scan on sbtest4_pkey  (cost=0.00..22.91 rows=1048 width=0)
	                    Index Cond: ((id >= 280101) AND (id <= 281100))

table 5 : explain SELECT DISTINCT c FROM sbtest5 WHERE id BETWEEN 9234693 AND 9235692 ORDER BY c
	Unique  (cost=4388.75..4394.38 rows=1125 width=121)
	  ->  Sort  (cost=4388.75..4391.57 rows=1125 width=121)
	        Sort Key: c
	        ->  Bitmap Heap Scan on sbtest5  (cost=27.97..4331.74 rows=1125 width=121)
	              Recheck Cond: ((id >= 9234693) AND (id <= 9235692))
	              ->  Bitmap Index Scan on sbtest5_pkey  (cost=0.00..27.68 rows=1125 width=0)
	                    Index Cond: ((id >= 9234693) AND (id <= 9235692))

table 6 : explain SELECT DISTINCT c FROM sbtest6 WHERE id BETWEEN 531219 AND 532218 ORDER BY c
	Unique  (cost=3719.39..3724.14 rows=950 width=121)
	  ->  Sort  (cost=3719.39..3721.76 rows=950 width=121)
	        Sort Key: c
	        ->  Bitmap Heap Scan on sbtest6  (cost=22.17..3672.40 rows=950 width=121)
	              Recheck Cond: ((id >= 531219) AND (id <= 532218))
	              ->  Bitmap Index Scan on sbtest6_pkey  (cost=0.00..21.93 rows=950 width=0)
	                    Index Cond: ((id >= 531219) AND (id <= 532218))

table 7 : explain SELECT DISTINCT c FROM sbtest7 WHERE id BETWEEN 6894430 AND 6895429 ORDER BY c
	Unique  (cost=3769.11..3773.93 rows=963 width=121)
	  ->  Sort  (cost=3769.11..3771.52 rows=963 width=121)
	        Sort Key: c
	        ->  Bitmap Heap Scan on sbtest7  (cost=22.31..3721.39 rows=963 width=121)
	              Recheck Cond: ((id >= 6894430) AND (id <= 6895429))
	              ->  Bitmap Index Scan on sbtest7_pkey  (cost=0.00..22.07 rows=963 width=0)
	                    Index Cond: ((id >= 6894430) AND (id <= 6895429))

table 8 : explain SELECT DISTINCT c FROM sbtest8 WHERE id BETWEEN 6895985 AND 6896984 ORDER BY c
	Unique  (cost=4059.94..4065.14 rows=1039 width=121)
	  ->  Sort  (cost=4059.94..4062.54 rows=1039 width=121)
	        Sort Key: c
	        ->  Bitmap Heap Scan on sbtest8  (cost=23.08..4007.89 rows=1039 width=121)
	              Recheck Cond: ((id >= 6895985) AND (id <= 6896984))
	              ->  Bitmap Index Scan on sbtest8_pkey  (cost=0.00..22.82 rows=1039 width=0)
	                    Index Cond: ((id >= 6895985) AND (id <= 6896984))

for: distinct_ranges
table 1 : explain SELECT DISTINCT c FROM sbtest1 WHERE id BETWEEN 5555835 AND 5556834 ORDER BY c
	Unique  (cost=4120.55..4125.83 rows=1055 width=121)
	  ->  Sort  (cost=4120.55..4123.19 rows=1055 width=121)
	        Sort Key: c
	        ->  Bitmap Heap Scan on sbtest1  (cost=23.25..4067.58 rows=1055 width=121)
	              Recheck Cond: ((id >= 5555835) AND (id <= 5556834))
	              ->  Bitmap Index Scan on sbtest1_pkey  (cost=0.00..22.98 rows=1055 width=0)
	                    Index Cond: ((id >= 5555835) AND (id <= 5556834))

table 2 : explain SELECT DISTINCT c FROM sbtest2 WHERE id BETWEEN 6108348 AND 6109347 ORDER BY c
	Unique  (cost=4003.17..4008.29 rows=1024 width=121)
	  ->  Sort  (cost=4003.17..4005.73 rows=1024 width=121)
	        Sort Key: c
	        ->  Bitmap Heap Scan on sbtest2  (cost=22.93..3951.97 rows=1024 width=121)
	              Recheck Cond: ((id >= 6108348) AND (id <= 6109347))
	              ->  Bitmap Index Scan on sbtest2_pkey  (cost=0.00..22.68 rows=1024 width=0)
	                    Index Cond: ((id >= 6108348) AND (id <= 6109347))

table 3 : explain SELECT DISTINCT c FROM sbtest3 WHERE id BETWEEN 7130990 AND 7131989 ORDER BY c
	Unique  (cost=3913.49..3918.49 rows=1001 width=121)
	  ->  Sort  (cost=3913.49..3915.99 rows=1001 width=121)
	        Sort Key: c
	        ->  Bitmap Heap Scan on sbtest3  (cost=22.70..3863.60 rows=1001 width=121)
	              Recheck Cond: ((id >= 7130990) AND (id <= 7131989))
	              ->  Bitmap Index Scan on sbtest3_pkey  (cost=0.00..22.44 rows=1001 width=0)
	                    Index Cond: ((id >= 7130990) AND (id <= 7131989))

table 4 : explain SELECT DISTINCT c FROM sbtest4 WHERE id BETWEEN 4240446 AND 4241445 ORDER BY c
	Unique  (cost=4021.25..4026.40 rows=1029 width=121)
	  ->  Sort  (cost=4021.25..4023.83 rows=1029 width=121)
	        Sort Key: c
	        ->  Bitmap Heap Scan on sbtest4  (cost=22.98..3969.77 rows=1029 width=121)
	              Recheck Cond: ((id >= 4240446) AND (id <= 4241445))
	              ->  Bitmap Index Scan on sbtest4_pkey  (cost=0.00..22.72 rows=1029 width=0)
	                    Index Cond: ((id >= 4240446) AND (id <= 4241445))

table 5 : explain SELECT DISTINCT c FROM sbtest5 WHERE id BETWEEN 2620853 AND 2621852 ORDER BY c
	Unique  (cost=4083.56..4088.78 rows=1044 width=121)
	  ->  Sort  (cost=4083.56..4086.17 rows=1044 width=121)
	        Sort Key: c
	        ->  Bitmap Heap Scan on sbtest5  (cost=27.14..4031.22 rows=1044 width=121)
	              Recheck Cond: ((id >= 2620853) AND (id <= 2621852))
	              ->  Bitmap Index Scan on sbtest5_pkey  (cost=0.00..26.87 rows=1044 width=0)
	                    Index Cond: ((id >= 2620853) AND (id <= 2621852))

table 6 : explain SELECT DISTINCT c FROM sbtest6 WHERE id BETWEEN 5890380 AND 5891379 ORDER BY c
	Unique  (cost=4086.40..4091.63 rows=1046 width=121)
	  ->  Sort  (cost=4086.40..4089.01 rows=1046 width=121)
	        Sort Key: c
	        ->  Bitmap Heap Scan on sbtest6  (cost=23.16..4033.94 rows=1046 width=121)
	              Recheck Cond: ((id >= 5890380) AND (id <= 5891379))
	              ->  Bitmap Index Scan on sbtest6_pkey  (cost=0.00..22.89 rows=1046 width=0)
	                    Index Cond: ((id >= 5890380) AND (id <= 5891379))

table 7 : explain SELECT DISTINCT c FROM sbtest7 WHERE id BETWEEN 3495130 AND 3496129 ORDER BY c
	Unique  (cost=4002.35..4007.47 rows=1024 width=121)
	  ->  Sort  (cost=4002.35..4004.91 rows=1024 width=121)
	        Sort Key: c
	        ->  Bitmap Heap Scan on sbtest7  (cost=22.93..3951.15 rows=1024 width=121)
	              Recheck Cond: ((id >= 3495130) AND (id <= 3496129))
	              ->  Bitmap Index Scan on sbtest7_pkey  (cost=0.00..22.68 rows=1024 width=0)
	                    Index Cond: ((id >= 3495130) AND (id <= 3496129))

table 8 : explain SELECT DISTINCT c FROM sbtest8 WHERE id BETWEEN 8348679 AND 8349678 ORDER BY c
	Unique  (cost=4040.85..4046.02 rows=1034 width=121)
	  ->  Sort  (cost=4040.85..4043.44 rows=1034 width=121)
	        Sort Key: c
	        ->  Bitmap Heap Scan on sbtest8  (cost=23.03..3989.08 rows=1034 width=121)
	              Recheck Cond: ((id >= 8348679) AND (id <= 8349678))
	              ->  Bitmap Index Scan on sbtest8_pkey  (cost=0.00..22.77 rows=1034 width=0)
	                    Index Cond: ((id >= 8348679) AND (id <= 8349678))

for point_selects
table 1 : explain SELECT c FROM sbtest1 WHERE id=4435155
	Index Scan using sbtest1_pkey on sbtest1  (cost=0.43..8.45 rows=1 width=121)
	  Index Cond: (id = 4435155)

table 2 : explain SELECT c FROM sbtest2 WHERE id=7782084
	Index Scan using sbtest2_pkey on sbtest2  (cost=0.43..8.45 rows=1 width=121)
	  Index Cond: (id = 7782084)

table 3 : explain SELECT c FROM sbtest3 WHERE id=148899
	Index Scan using sbtest3_pkey on sbtest3  (cost=0.43..8.45 rows=1 width=121)
	  Index Cond: (id = 148899)

table 4 : explain SELECT c FROM sbtest4 WHERE id=1197798
	Index Scan using sbtest4_pkey on sbtest4  (cost=0.43..8.45 rows=1 width=121)
	  Index Cond: (id = 1197798)

table 5 : explain SELECT c FROM sbtest5 WHERE id=6900378
	Index Scan using sbtest5_pkey on sbtest5  (cost=0.43..8.45 rows=1 width=121)
	  Index Cond: (id = 6900378)

table 6 : explain SELECT c FROM sbtest6 WHERE id=6324839
	Index Scan using sbtest6_pkey on sbtest6  (cost=0.43..8.45 rows=1 width=121)
	  Index Cond: (id = 6324839)

table 7 : explain SELECT c FROM sbtest7 WHERE id=5682849
	Index Scan using sbtest7_pkey on sbtest7  (cost=0.43..8.45 rows=1 width=121)
	  Index Cond: (id = 5682849)

table 8 : explain SELECT c FROM sbtest8 WHERE id=6074625
	Index Scan using sbtest8_pkey on sbtest8  (cost=0.43..8.45 rows=1 width=121)
	  Index Cond: (id = 6074625)

for: order_ranges
table 1 : explain SELECT c FROM sbtest1 WHERE id BETWEEN 231621 AND 232620 ORDER BY c
	Sort  (cost=4288.61..4291.36 rows=1099 width=121)
	  Sort Key: c
	  ->  Bitmap Heap Scan on sbtest1  (cost=27.70..4233.10 rows=1099 width=121)
	        Recheck Cond: ((id >= 231621) AND (id <= 232620))
	        ->  Bitmap Index Scan on sbtest1_pkey  (cost=0.00..27.43 rows=1099 width=0)
	              Index Cond: ((id >= 231621) AND (id <= 232620))

table 2 : explain SELECT c FROM sbtest2 WHERE id BETWEEN 2436274 AND 2437273 ORDER BY c
	Sort  (cost=3804.31..3806.74 rows=972 width=121)
	  Sort Key: c
	  ->  Bitmap Heap Scan on sbtest2  (cost=22.40..3756.08 rows=972 width=121)
	        Recheck Cond: ((id >= 2436274) AND (id <= 2437273))
	        ->  Bitmap Index Scan on sbtest2_pkey  (cost=0.00..22.15 rows=972 width=0)
	              Index Cond: ((id >= 2436274) AND (id <= 2437273))

table 3 : explain SELECT c FROM sbtest3 WHERE id BETWEEN 2411937 AND 2412936 ORDER BY c
	Sort  (cost=3683.99..3686.35 rows=941 width=121)
	  Sort Key: c
	  ->  Bitmap Heap Scan on sbtest3  (cost=22.08..3637.52 rows=941 width=121)
	        Recheck Cond: ((id >= 2411937) AND (id <= 2412936))
	        ->  Bitmap Index Scan on sbtest3_pkey  (cost=0.00..21.84 rows=941 width=0)
	              Index Cond: ((id >= 2411937) AND (id <= 2412936))

table 4 : explain SELECT c FROM sbtest4 WHERE id BETWEEN 1573849 AND 1574848 ORDER BY c
	Sort  (cost=3906.63..3909.13 rows=999 width=121)
	  Sort Key: c
	  ->  Bitmap Heap Scan on sbtest4  (cost=22.67..3856.86 rows=999 width=121)
	        Recheck Cond: ((id >= 1573849) AND (id <= 1574848))
	        ->  Bitmap Index Scan on sbtest4_pkey  (cost=0.00..22.43 rows=999 width=0)
	              Index Cond: ((id >= 1573849) AND (id <= 1574848))

table 5 : explain SELECT c FROM sbtest5 WHERE id BETWEEN 6427232 AND 6428231 ORDER BY c
	Sort  (cost=3984.24..3986.78 rows=1018 width=121)
	  Sort Key: c
	  ->  Bitmap Heap Scan on sbtest5  (cost=26.87..3933.38 rows=1018 width=121)
	        Recheck Cond: ((id >= 6427232) AND (id <= 6428231))
	        ->  Bitmap Index Scan on sbtest5_pkey  (cost=0.00..26.61 rows=1018 width=0)
	              Index Cond: ((id >= 6427232) AND (id <= 6428231))

table 6 : explain SELECT c FROM sbtest6 WHERE id BETWEEN 9912776 AND 9913775 ORDER BY c
	Sort  (cost=3834.20..3836.65 rows=980 width=121)
	  Sort Key: c
	  ->  Bitmap Heap Scan on sbtest6  (cost=22.48..3785.51 rows=980 width=121)
	        Recheck Cond: ((id >= 9912776) AND (id <= 9913775))
	        ->  Bitmap Index Scan on sbtest6_pkey  (cost=0.00..22.23 rows=980 width=0)
	              Index Cond: ((id >= 9912776) AND (id <= 9913775))

table 7 : explain SELECT c FROM sbtest7 WHERE id BETWEEN 5610212 AND 5611211 ORDER BY c
	Sort  (cost=4021.45..4024.02 rows=1029 width=121)
	  Sort Key: c
	  ->  Bitmap Heap Scan on sbtest7  (cost=22.98..3969.96 rows=1029 width=121)
	        Recheck Cond: ((id >= 5610212) AND (id <= 5611211))
	        ->  Bitmap Index Scan on sbtest7_pkey  (cost=0.00..22.72 rows=1029 width=0)
	              Index Cond: ((id >= 5610212) AND (id <= 5611211))

table 8 : explain SELECT c FROM sbtest8 WHERE id BETWEEN 2372927 AND 2373926 ORDER BY c
	Sort  (cost=4010.29..4012.86 rows=1026 width=121)
	  Sort Key: c
	  ->  Bitmap Heap Scan on sbtest8  (cost=22.95..3958.98 rows=1026 width=121)
	        Recheck Cond: ((id >= 2372927) AND (id <= 2373926))
	        ->  Bitmap Index Scan on sbtest8_pkey  (cost=0.00..22.69 rows=1026 width=0)
	              Index Cond: ((id >= 2372927) AND (id <= 2373926))

for: sum_ranges
table 1 : explain SELECT SUM(k) FROM sbtest1 WHERE id BETWEEN 161965 AND 162964
	Aggregate  (cost=3949.80..3949.81 rows=1 width=8)
	  ->  Bitmap Heap Scan on sbtest1  (cost=22.92..3947.24 rows=1023 width=4)
	        Recheck Cond: ((id >= 161965) AND (id <= 162964))
	        ->  Bitmap Index Scan on sbtest1_pkey  (cost=0.00..22.66 rows=1023 width=0)
	              Index Cond: ((id >= 161965) AND (id <= 162964))

table 2 : explain SELECT SUM(k) FROM sbtest2 WHERE id BETWEEN 2064364 AND 2065363
	Aggregate  (cost=3720.77..3720.78 rows=1 width=8)
	  ->  Bitmap Heap Scan on sbtest2  (cost=22.30..3718.37 rows=962 width=4)
	        Recheck Cond: ((id >= 2064364) AND (id <= 2065363))
	        ->  Bitmap Index Scan on sbtest2_pkey  (cost=0.00..22.05 rows=962 width=0)
	              Index Cond: ((id >= 2064364) AND (id <= 2065363))

table 3 : explain SELECT SUM(k) FROM sbtest3 WHERE id BETWEEN 9755421 AND 9756420
	Aggregate  (cost=3997.85..3997.86 rows=1 width=8)
	  ->  Bitmap Heap Scan on sbtest3  (cost=23.05..3995.26 rows=1036 width=4)
	        Recheck Cond: ((id >= 9755421) AND (id <= 9756420))
	        ->  Bitmap Index Scan on sbtest3_pkey  (cost=0.00..22.79 rows=1036 width=0)
	              Index Cond: ((id >= 9755421) AND (id <= 9756420))

table 4 : explain SELECT SUM(k) FROM sbtest4 WHERE id BETWEEN 647524 AND 648523
	Aggregate  (cost=4167.90..4167.91 rows=1 width=8)
	  ->  Bitmap Heap Scan on sbtest4  (cost=23.52..4165.20 rows=1081 width=4)
	        Recheck Cond: ((id >= 647524) AND (id <= 648523))
	        ->  Bitmap Index Scan on sbtest4_pkey  (cost=0.00..23.25 rows=1081 width=0)
	              Index Cond: ((id >= 647524) AND (id <= 648523))

table 5 : explain SELECT SUM(k) FROM sbtest5 WHERE id BETWEEN 7892389 AND 7893388
	Aggregate  (cost=4082.74..4082.75 rows=1 width=8)
	  ->  Bitmap Heap Scan on sbtest5  (cost=27.27..4080.10 rows=1057 width=4)
	        Recheck Cond: ((id >= 7892389) AND (id <= 7893388))
	        ->  Bitmap Index Scan on sbtest5_pkey  (cost=0.00..27.00 rows=1057 width=0)
	              Index Cond: ((id >= 7892389) AND (id <= 7893388))

table 6 : explain SELECT SUM(k) FROM sbtest6 WHERE id BETWEEN 3761937 AND 3762936
	Aggregate  (cost=3689.87..3689.88 rows=1 width=8)
	  ->  Bitmap Heap Scan on sbtest6  (cost=22.21..3687.49 rows=954 width=4)
	        Recheck Cond: ((id >= 3761937) AND (id <= 3762936))
	        ->  Bitmap Index Scan on sbtest6_pkey  (cost=0.00..21.97 rows=954 width=0)
	              Index Cond: ((id >= 3761937) AND (id <= 3762936))

table 7 : explain SELECT SUM(k) FROM sbtest7 WHERE id BETWEEN 4655927 AND 4656926
	Aggregate  (cost=3708.71..3708.72 rows=1 width=8)
	  ->  Bitmap Heap Scan on sbtest7  (cost=22.26..3706.31 rows=959 width=4)
	        Recheck Cond: ((id >= 4655927) AND (id <= 4656926))
	        ->  Bitmap Index Scan on sbtest7_pkey  (cost=0.00..22.02 rows=959 width=0)
	              Index Cond: ((id >= 4655927) AND (id <= 4656926))

table 8 : explain SELECT SUM(k) FROM sbtest8 WHERE id BETWEEN 6259972 AND 6260971
	Aggregate  (cost=3754.26..3754.27 rows=1 width=8)
	  ->  Bitmap Heap Scan on sbtest8  (cost=22.39..3751.83 rows=971 width=4)
	        Recheck Cond: ((id >= 6259972) AND (id <= 6260971))
	        ->  Bitmap Index Scan on sbtest8_pkey  (cost=0.00..22.14 rows=971 width=0)
	              Index Cond: ((id >= 6259972) AND (id <= 6260971))

for: distinct_ranges
table 1 : explain SELECT DISTINCT c FROM sbtest1 WHERE id BETWEEN 7602329 AND 7603328 ORDER BY c
	Unique  (cost=3646.45..3651.11 rows=931 width=121)
	  ->  Sort  (cost=3646.45..3648.78 rows=931 width=121)
	        Sort Key: c
	        ->  Bitmap Heap Scan on sbtest1  (cost=21.98..3600.54 rows=931 width=121)
	              Recheck Cond: ((id >= 7602329) AND (id <= 7603328))
	              ->  Bitmap Index Scan on sbtest1_pkey  (cost=0.00..21.75 rows=931 width=0)
	                    Index Cond: ((id >= 7602329) AND (id <= 7603328))

table 2 : explain SELECT DISTINCT c FROM sbtest2 WHERE id BETWEEN 948751 AND 949750 ORDER BY c
	Unique  (cost=4060.47..4065.67 rows=1039 width=121)
	  ->  Sort  (cost=4060.47..4063.07 rows=1039 width=121)
	        Sort Key: c
	        ->  Bitmap Heap Scan on sbtest2  (cost=23.08..4008.41 rows=1039 width=121)
	              Recheck Cond: ((id >= 948751) AND (id <= 949750))
	              ->  Bitmap Index Scan on sbtest2_pkey  (cost=0.00..22.82 rows=1039 width=0)
	                    Index Cond: ((id >= 948751) AND (id <= 949750))

table 3 : explain SELECT DISTINCT c FROM sbtest3 WHERE id BETWEEN 1795630 AND 1796629 ORDER BY c
	Unique  (cost=4401.88..4407.52 rows=1129 width=121)
	  ->  Sort  (cost=4401.88..4404.70 rows=1129 width=121)
	        Sort Key: c
	        ->  Bitmap Heap Scan on sbtest3  (cost=28.01..4344.63 rows=1129 width=121)
	              Recheck Cond: ((id >= 1795630) AND (id <= 1796629))
	              ->  Bitmap Index Scan on sbtest3_pkey  (cost=0.00..27.72 rows=1129 width=0)
	                    Index Cond: ((id >= 1795630) AND (id <= 1796629))

table 4 : explain SELECT DISTINCT c FROM sbtest4 WHERE id BETWEEN 3412901 AND 3413900 ORDER BY c
	Unique  (cost=3546.76..3551.28 rows=905 width=121)
	  ->  Sort  (cost=3546.76..3549.02 rows=905 width=121)
	        Sort Key: c
	        ->  Bitmap Heap Scan on sbtest4  (cost=21.71..3502.31 rows=905 width=121)
	              Recheck Cond: ((id >= 3412901) AND (id <= 3413900))
	              ->  Bitmap Index Scan on sbtest4_pkey  (cost=0.00..21.48 rows=905 width=0)
	                    Index Cond: ((id >= 3412901) AND (id <= 3413900))

table 5 : explain SELECT DISTINCT c FROM sbtest5 WHERE id BETWEEN 7284331 AND 7285330 ORDER BY c
	Unique  (cost=3903.95..3908.94 rows=997 width=121)
	  ->  Sort  (cost=3903.95..3906.45 rows=997 width=121)
	        Sort Key: c
	        ->  Bitmap Heap Scan on sbtest5  (cost=26.65..3854.30 rows=997 width=121)
	              Recheck Cond: ((id >= 7284331) AND (id <= 7285330))
	              ->  Bitmap Index Scan on sbtest5_pkey  (cost=0.00..26.40 rows=997 width=0)
	                    Index Cond: ((id >= 7284331) AND (id <= 7285330))

table 6 : explain SELECT DISTINCT c FROM sbtest6 WHERE id BETWEEN 400534 AND 401533 ORDER BY c
	Unique  (cost=3558.46..3563.00 rows=908 width=121)
	  ->  Sort  (cost=3558.46..3560.73 rows=908 width=121)
	        Sort Key: c
	        ->  Bitmap Heap Scan on sbtest6  (cost=21.74..3513.84 rows=908 width=121)
	              Recheck Cond: ((id >= 400534) AND (id <= 401533))
	              ->  Bitmap Index Scan on sbtest6_pkey  (cost=0.00..21.51 rows=908 width=0)
	                    Index Cond: ((id >= 400534) AND (id <= 401533))

table 7 : explain SELECT DISTINCT c FROM sbtest7 WHERE id BETWEEN 3499585 AND 3500584 ORDER BY c
	Unique  (cost=4002.35..4007.47 rows=1024 width=121)
	  ->  Sort  (cost=4002.35..4004.91 rows=1024 width=121)
	        Sort Key: c
	        ->  Bitmap Heap Scan on sbtest7  (cost=22.93..3951.15 rows=1024 width=121)
	              Recheck Cond: ((id >= 3499585) AND (id <= 3500584))
	              ->  Bitmap Index Scan on sbtest7_pkey  (cost=0.00..22.68 rows=1024 width=0)
	                    Index Cond: ((id >= 3499585) AND (id <= 3500584))

table 8 : explain SELECT DISTINCT c FROM sbtest8 WHERE id BETWEEN 6478779 AND 6479778 ORDER BY c
	Unique  (cost=3933.87..3938.90 rows=1006 width=121)
	  ->  Sort  (cost=3933.87..3936.39 rows=1006 width=121)
	        Sort Key: c
	        ->  Bitmap Heap Scan on sbtest8  (cost=22.75..3883.70 rows=1006 width=121)
	              Recheck Cond: ((id >= 6478779) AND (id <= 6479778))
	              ->  Bitmap Index Scan on sbtest8_pkey  (cost=0.00..22.50 rows=1006 width=0)
	                    Index Cond: ((id >= 6478779) AND (id <= 6479778))

for: sum_ranges
table 1 : explain SELECT SUM(k) FROM sbtest1 WHERE id BETWEEN 9725357 AND 9726356
	Aggregate  (cost=3353.28..3353.29 rows=1 width=8)
	  ->  Bitmap Heap Scan on sbtest1  (cost=21.30..3351.12 rows=865 width=4)
	        Recheck Cond: ((id >= 9725357) AND (id <= 9726356))
	        ->  Bitmap Index Scan on sbtest1_pkey  (cost=0.00..21.08 rows=865 width=0)
	              Index Cond: ((id >= 9725357) AND (id <= 9726356))

table 2 : explain SELECT SUM(k) FROM sbtest2 WHERE id BETWEEN 2768895 AND 2769894
	Aggregate  (cost=3683.02..3683.03 rows=1 width=8)
	  ->  Bitmap Heap Scan on sbtest2  (cost=22.19..3680.64 rows=952 width=4)
	        Recheck Cond: ((id >= 2768895) AND (id <= 2769894))
	        ->  Bitmap Index Scan on sbtest2_pkey  (cost=0.00..21.95 rows=952 width=0)
	              Index Cond: ((id >= 2768895) AND (id <= 2769894))

table 3 : explain SELECT SUM(k) FROM sbtest3 WHERE id BETWEEN 6553571 AND 6554570
	Aggregate  (cost=3892.46..3892.47 rows=1 width=8)
	  ->  Bitmap Heap Scan on sbtest3  (cost=22.77..3889.94 rows=1008 width=4)
	        Recheck Cond: ((id >= 6553571) AND (id <= 6554570))
	        ->  Bitmap Index Scan on sbtest3_pkey  (cost=0.00..22.51 rows=1008 width=0)
	              Index Cond: ((id >= 6553571) AND (id <= 6554570))

table 4 : explain SELECT SUM(k) FROM sbtest4 WHERE id BETWEEN 9314399 AND 9315398
	Aggregate  (cost=3994.92..3994.93 rows=1 width=8)
	  ->  Bitmap Heap Scan on sbtest4  (cost=23.04..3992.33 rows=1035 width=4)
	        Recheck Cond: ((id >= 9314399) AND (id <= 9315398))
	        ->  Bitmap Index Scan on sbtest4_pkey  (cost=0.00..22.79 rows=1035 width=0)
	              Index Cond: ((id >= 9314399) AND (id <= 9315398))

table 5 : explain SELECT SUM(k) FROM sbtest5 WHERE id BETWEEN 5753764 AND 5754763
	Aggregate  (cost=3913.32..3913.33 rows=1 width=8)
	  ->  Bitmap Heap Scan on sbtest5  (cost=26.81..3910.79 rows=1012 width=4)
	        Recheck Cond: ((id >= 5753764) AND (id <= 5754763))
	        ->  Bitmap Index Scan on sbtest5_pkey  (cost=0.00..26.55 rows=1012 width=0)
	              Index Cond: ((id >= 5753764) AND (id <= 5754763))

table 6 : explain SELECT SUM(k) FROM sbtest6 WHERE id BETWEEN 8413074 AND 8414073
	Aggregate  (cost=3542.57..3542.58 rows=1 width=8)
	  ->  Bitmap Heap Scan on sbtest6  (cost=21.81..3540.29 rows=915 width=4)
	        Recheck Cond: ((id >= 8413074) AND (id <= 8414073))
	        ->  Bitmap Index Scan on sbtest6_pkey  (cost=0.00..21.58 rows=915 width=0)
	              Index Cond: ((id >= 8413074) AND (id <= 8414073))

table 7 : explain SELECT SUM(k) FROM sbtest7 WHERE id BETWEEN 4413227 AND 4414226
	Aggregate  (cost=3576.55..3576.56 rows=1 width=8)
	  ->  Bitmap Heap Scan on sbtest7  (cost=21.91..3574.24 rows=924 width=4)
	        Recheck Cond: ((id >= 4413227) AND (id <= 4414226))
	        ->  Bitmap Index Scan on sbtest7_pkey  (cost=0.00..21.68 rows=924 width=0)
	              Index Cond: ((id >= 4413227) AND (id <= 4414226))

table 8 : explain SELECT SUM(k) FROM sbtest8 WHERE id BETWEEN 8082687 AND 8083686
	Aggregate  (cost=4089.49..4089.50 rows=1 width=8)
	  ->  Bitmap Heap Scan on sbtest8  (cost=23.30..4086.84 rows=1060 width=4)
	        Recheck Cond: ((id >= 8082687) AND (id <= 8083686))
	        ->  Bitmap Index Scan on sbtest8_pkey  (cost=0.00..23.04 rows=1060 width=0)
	              Index Cond: ((id >= 8082687) AND (id <= 8083686))

for: order_ranges
table 1 : explain SELECT c FROM sbtest1 WHERE id BETWEEN 3137269 AND 3138268 ORDER BY c
	Sort  (cost=3715.39..3717.76 rows=949 width=121)
	  Sort Key: c
	  ->  Bitmap Heap Scan on sbtest1  (cost=22.16..3668.46 rows=949 width=121)
	        Recheck Cond: ((id >= 3137269) AND (id <= 3138268))
	        ->  Bitmap Index Scan on sbtest1_pkey  (cost=0.00..21.93 rows=949 width=0)
	              Index Cond: ((id >= 3137269) AND (id <= 3138268))

table 2 : explain SELECT c FROM sbtest2 WHERE id BETWEEN 6139581 AND 6140580 ORDER BY c
	Sort  (cost=4003.17..4005.73 rows=1024 width=121)
	  Sort Key: c
	  ->  Bitmap Heap Scan on sbtest2  (cost=22.93..3951.97 rows=1024 width=121)
	        Recheck Cond: ((id >= 6139581) AND (id <= 6140580))
	        ->  Bitmap Index Scan on sbtest2_pkey  (cost=0.00..22.68 rows=1024 width=0)
	              Index Cond: ((id >= 6139581) AND (id <= 6140580))

table 3 : explain SELECT c FROM sbtest3 WHERE id BETWEEN 9998009 AND 9999008 ORDER BY c
	Sort  (cost=3775.84..3778.26 rows=965 width=121)
	  Sort Key: c
	  ->  Bitmap Heap Scan on sbtest3  (cost=22.33..3728.01 rows=965 width=121)
	        Recheck Cond: ((id >= 9998009) AND (id <= 9999008))
	        ->  Bitmap Index Scan on sbtest3_pkey  (cost=0.00..22.08 rows=965 width=0)
	              Index Cond: ((id >= 9998009) AND (id <= 9999008))

table 4 : explain SELECT c FROM sbtest4 WHERE id BETWEEN 7552038 AND 7553037 ORDER BY c
	Sort  (cost=4051.80..4054.39 rows=1037 width=121)
	  Sort Key: c
	  ->  Bitmap Heap Scan on sbtest4  (cost=23.06..3999.86 rows=1037 width=121)
	        Recheck Cond: ((id >= 7552038) AND (id <= 7553037))
	        ->  Bitmap Index Scan on sbtest4_pkey  (cost=0.00..22.80 rows=1037 width=0)
	              Index Cond: ((id >= 7552038) AND (id <= 7553037))

table 5 : explain SELECT c FROM sbtest5 WHERE id BETWEEN 752485 AND 753484 ORDER BY c
	Sort  (cost=4110.29..4112.92 rows=1051 width=121)
	  Sort Key: c
	  ->  Bitmap Heap Scan on sbtest5  (cost=27.21..4057.54 rows=1051 width=121)
	        Recheck Cond: ((id >= 752485) AND (id <= 753484))
	        ->  Bitmap Index Scan on sbtest5_pkey  (cost=0.00..26.94 rows=1051 width=0)
	              Index Cond: ((id >= 752485) AND (id <= 753484))

table 6 : explain SELECT c FROM sbtest6 WHERE id BETWEEN 88756 AND 89755 ORDER BY c
	Sort  (cost=3776.81..3779.22 rows=965 width=121)
	  Sort Key: c
	  ->  Bitmap Heap Scan on sbtest6  (cost=22.33..3728.97 rows=965 width=121)
	        Recheck Cond: ((id >= 88756) AND (id <= 89755))
	        ->  Bitmap Index Scan on sbtest6_pkey  (cost=0.00..22.08 rows=965 width=0)
	              Index Cond: ((id >= 88756) AND (id <= 89755))

table 7 : explain SELECT c FROM sbtest7 WHERE id BETWEEN 3816383 AND 3817382 ORDER BY c
	Sort  (cost=3451.01..3453.21 rows=880 width=121)
	  Sort Key: c
	  ->  Bitmap Heap Scan on sbtest7  (cost=21.45..3407.97 rows=880 width=121)
	        Recheck Cond: ((id >= 3816383) AND (id <= 3817382))
	        ->  Bitmap Index Scan on sbtest7_pkey  (cost=0.00..21.23 rows=880 width=0)
	              Index Cond: ((id >= 3816383) AND (id <= 3817382))

table 8 : explain SELECT c FROM sbtest8 WHERE id BETWEEN 3531498 AND 3532497 ORDER BY c
	Sort  (cost=4029.39..4031.97 rows=1031 width=121)
	  Sort Key: c
	  ->  Bitmap Heap Scan on sbtest8  (cost=23.00..3977.79 rows=1031 width=121)
	        Recheck Cond: ((id >= 3531498) AND (id <= 3532497))
	        ->  Bitmap Index Scan on sbtest8_pkey  (cost=0.00..22.75 rows=1031 width=0)
	              Index Cond: ((id >= 3531498) AND (id <= 3532497))

for: order_ranges
table 1 : explain SELECT c FROM sbtest1 WHERE id BETWEEN 5291656 AND 5292655 ORDER BY c
	Sort  (cost=3814.90..3817.34 rows=975 width=121)
	  Sort Key: c
	  ->  Bitmap Heap Scan on sbtest1  (cost=22.43..3766.49 rows=975 width=121)
	        Recheck Cond: ((id >= 5291656) AND (id <= 5292655))
	        ->  Bitmap Index Scan on sbtest1_pkey  (cost=0.00..22.18 rows=975 width=0)
	              Index Cond: ((id >= 5291656) AND (id <= 5292655))

table 2 : explain SELECT c FROM sbtest2 WHERE id BETWEEN 8445103 AND 8446102 ORDER BY c
	Sort  (cost=3838.75..3841.21 rows=981 width=121)
	  Sort Key: c
	  ->  Bitmap Heap Scan on sbtest2  (cost=22.49..3790.01 rows=981 width=121)
	        Recheck Cond: ((id >= 8445103) AND (id <= 8446102))
	        ->  Bitmap Index Scan on sbtest2_pkey  (cost=0.00..22.25 rows=981 width=0)
	              Index Cond: ((id >= 8445103) AND (id <= 8446102))

table 3 : explain SELECT c FROM sbtest3 WHERE id BETWEEN 4851437 AND 4852436 ORDER BY c
	Sort  (cost=3944.05..3946.57 rows=1009 width=121)
	  Sort Key: c
	  ->  Bitmap Heap Scan on sbtest3  (cost=22.78..3893.71 rows=1009 width=121)
	        Recheck Cond: ((id >= 4851437) AND (id <= 4852436))
	        ->  Bitmap Index Scan on sbtest3_pkey  (cost=0.00..22.52 rows=1009 width=0)
	              Index Cond: ((id >= 4851437) AND (id <= 4852436))

table 4 : explain SELECT c FROM sbtest4 WHERE id BETWEEN 4944939 AND 4945938 ORDER BY c
	Sort  (cost=4028.89..4031.47 rows=1031 width=121)
	  Sort Key: c
	  ->  Bitmap Heap Scan on sbtest4  (cost=23.00..3977.29 rows=1031 width=121)
	        Recheck Cond: ((id >= 4944939) AND (id <= 4945938))
	        ->  Bitmap Index Scan on sbtest4_pkey  (cost=0.00..22.75 rows=1031 width=0)
	              Index Cond: ((id >= 4944939) AND (id <= 4945938))

table 5 : explain SELECT c FROM sbtest5 WHERE id BETWEEN 4368378 AND 4369377 ORDER BY c
	Sort  (cost=3811.96..3814.40 rows=974 width=121)
	  Sort Key: c
	  ->  Bitmap Heap Scan on sbtest5  (cost=22.42..3763.62 rows=974 width=121)
	        Recheck Cond: ((id >= 4368378) AND (id <= 4369377))
	        ->  Bitmap Index Scan on sbtest5_pkey  (cost=0.00..22.18 rows=974 width=0)
	              Index Cond: ((id >= 4368378) AND (id <= 4369377))

table 6 : explain SELECT c FROM sbtest6 WHERE id BETWEEN 3114985 AND 3115984 ORDER BY c
	Sort  (cost=3880.09..3882.57 rows=992 width=121)
	  Sort Key: c
	  ->  Bitmap Heap Scan on sbtest6  (cost=22.60..3830.72 rows=992 width=121)
	        Recheck Cond: ((id >= 3114985) AND (id <= 3115984))
	        ->  Bitmap Index Scan on sbtest6_pkey  (cost=0.00..22.36 rows=992 width=0)
	              Index Cond: ((id >= 3114985) AND (id <= 3115984))

table 7 : explain SELECT c FROM sbtest7 WHERE id BETWEEN 1912267 AND 1913266 ORDER BY c
	Sort  (cost=3857.11..3859.57 rows=986 width=121)
	  Sort Key: c
	  ->  Bitmap Heap Scan on sbtest7  (cost=22.54..3808.08 rows=986 width=121)
	        Recheck Cond: ((id >= 1912267) AND (id <= 1913266))
	        ->  Bitmap Index Scan on sbtest7_pkey  (cost=0.00..22.29 rows=986 width=0)
	              Index Cond: ((id >= 1912267) AND (id <= 1913266))

table 8 : explain SELECT c FROM sbtest8 WHERE id BETWEEN 5638047 AND 5639046 ORDER BY c
	Sort  (cost=3861.22..3863.69 rows=987 width=121)
	  Sort Key: c
	  ->  Bitmap Heap Scan on sbtest8  (cost=22.55..3812.13 rows=987 width=121)
	        Recheck Cond: ((id >= 5638047) AND (id <= 5639046))
	        ->  Bitmap Index Scan on sbtest8_pkey  (cost=0.00..22.30 rows=987 width=0)
	              Index Cond: ((id >= 5638047) AND (id <= 5639046))

explain: for point_selects :: explain SELECT c FROM sbtest%u WHERE id=%u
for: simple_ranges
table 1 : explain SELECT c FROM sbtest1 WHERE id BETWEEN 307210 AND 308209
	Bitmap Heap Scan on sbtest1  (cost=21.93..3581.67 rows=926 width=121)
	  Recheck Cond: ((id >= 307210) AND (id <= 308209))
	  ->  Bitmap Index Scan on sbtest1_pkey  (cost=0.00..21.69 rows=926 width=0)
	        Index Cond: ((id >= 307210) AND (id <= 308209))

table 2 : explain SELECT c FROM sbtest2 WHERE id BETWEEN 3961379 AND 3962378
	Bitmap Heap Scan on sbtest2  (cost=22.94..3955.73 rows=1025 width=121)
	  Recheck Cond: ((id >= 3961379) AND (id <= 3962378))
	  ->  Bitmap Index Scan on sbtest2_pkey  (cost=0.00..22.68 rows=1025 width=0)
	        Index Cond: ((id >= 3961379) AND (id <= 3962378))

table 3 : explain SELECT c FROM sbtest3 WHERE id BETWEEN 8382957 AND 8383956
	Bitmap Heap Scan on sbtest3  (cost=22.87..3927.57 rows=1018 width=121)
	  Recheck Cond: ((id >= 8382957) AND (id <= 8383956))
	  ->  Bitmap Index Scan on sbtest3_pkey  (cost=0.00..22.61 rows=1018 width=0)
	        Index Cond: ((id >= 8382957) AND (id <= 8383956))

table 4 : explain SELECT c FROM sbtest4 WHERE id BETWEEN 4340790 AND 4341789
	Bitmap Heap Scan on sbtest4  (cost=23.54..4172.71 rows=1083 width=121)
	  Recheck Cond: ((id >= 4340790) AND (id <= 4341789))
	  ->  Bitmap Index Scan on sbtest4_pkey  (cost=0.00..23.26 rows=1083 width=0)
	        Index Cond: ((id >= 4340790) AND (id <= 4341789))

table 5 : explain SELECT c FROM sbtest5 WHERE id BETWEEN 300568 AND 301567
	Bitmap Heap Scan on sbtest5  (cost=21.47..3412.41 rows=881 width=121)
	  Recheck Cond: ((id >= 300568) AND (id <= 301567))
	  ->  Bitmap Index Scan on sbtest5_pkey  (cost=0.00..21.25 rows=881 width=0)
	        Index Cond: ((id >= 300568) AND (id <= 301567))

table 6 : explain SELECT c FROM sbtest6 WHERE id BETWEEN 2465209 AND 2466208
	Bitmap Heap Scan on sbtest6  (cost=22.93..3951.19 rows=1024 width=121)
	  Recheck Cond: ((id >= 2465209) AND (id <= 2466208))
	  ->  Bitmap Index Scan on sbtest6_pkey  (cost=0.00..22.68 rows=1024 width=0)
	        Index Cond: ((id >= 2465209) AND (id <= 2466208))

table 7 : explain SELECT c FROM sbtest7 WHERE id BETWEEN 8097045 AND 8098044
	Bitmap Heap Scan on sbtest7  (cost=22.55..3811.85 rows=987 width=121)
	  Recheck Cond: ((id >= 8097045) AND (id <= 8098044))
	  ->  Bitmap Index Scan on sbtest7_pkey  (cost=0.00..22.30 rows=987 width=0)
	        Index Cond: ((id >= 8097045) AND (id <= 8098044))

table 8 : explain SELECT c FROM sbtest8 WHERE id BETWEEN 1442442 AND 1443441
	Bitmap Heap Scan on sbtest8  (cost=22.49..3789.52 rows=981 width=121)
	  Recheck Cond: ((id >= 1442442) AND (id <= 1443441))
	  ->  Bitmap Index Scan on sbtest8_pkey  (cost=0.00..22.25 rows=981 width=0)
	        Index Cond: ((id >= 1442442) AND (id <= 1443441))

for: order_ranges
table 1 : explain SELECT c FROM sbtest1 WHERE id BETWEEN 8108298 AND 8109297 ORDER BY c
	Sort  (cost=3780.46..3782.88 rows=966 width=121)
	  Sort Key: c
	  ->  Bitmap Heap Scan on sbtest1  (cost=22.34..3732.57 rows=966 width=121)
	        Recheck Cond: ((id >= 8108298) AND (id <= 8109297))
	        ->  Bitmap Index Scan on sbtest1_pkey  (cost=0.00..22.09 rows=966 width=0)
	              Index Cond: ((id >= 8108298) AND (id <= 8109297))

table 2 : explain SELECT c FROM sbtest2 WHERE id BETWEEN 2711250 AND 2712249 ORDER BY c
	Sort  (cost=3727.74..3730.12 rows=952 width=121)
	  Sort Key: c
	  ->  Bitmap Heap Scan on sbtest2  (cost=22.19..3680.64 rows=952 width=121)
	        Recheck Cond: ((id >= 2711250) AND (id <= 2712249))
	        ->  Bitmap Index Scan on sbtest2_pkey  (cost=0.00..21.95 rows=952 width=0)
	              Index Cond: ((id >= 2711250) AND (id <= 2712249))

table 3 : explain SELECT c FROM sbtest3 WHERE id BETWEEN 3080263 AND 3081262 ORDER BY c
	Sort  (cost=3829.39..3831.84 rows=979 width=121)
	  Sort Key: c
	  ->  Bitmap Heap Scan on sbtest3  (cost=22.47..3780.76 rows=979 width=121)
	        Recheck Cond: ((id >= 3080263) AND (id <= 3081262))
	        ->  Bitmap Index Scan on sbtest3_pkey  (cost=0.00..22.22 rows=979 width=0)
	              Index Cond: ((id >= 3080263) AND (id <= 3081262))

table 4 : explain SELECT c FROM sbtest4 WHERE id BETWEEN 3430865 AND 3431864 ORDER BY c
	Sort  (cost=3546.76..3549.02 rows=905 width=121)
	  Sort Key: c
	  ->  Bitmap Heap Scan on sbtest4  (cost=21.71..3502.31 rows=905 width=121)
	        Recheck Cond: ((id >= 3430865) AND (id <= 3431864))
	        ->  Bitmap Index Scan on sbtest4_pkey  (cost=0.00..21.48 rows=905 width=0)
	              Index Cond: ((id >= 3430865) AND (id <= 3431864))

table 5 : explain SELECT c FROM sbtest5 WHERE id BETWEEN 6148435 AND 6149434 ORDER BY c
	Sort  (cost=4068.29..4070.89 rows=1040 width=121)
	  Sort Key: c
	  ->  Bitmap Heap Scan on sbtest5  (cost=27.09..4016.17 rows=1040 width=121)
	        Recheck Cond: ((id >= 6148435) AND (id <= 6149434))
	        ->  Bitmap Index Scan on sbtest5_pkey  (cost=0.00..26.83 rows=1040 width=0)
	              Index Cond: ((id >= 6148435) AND (id <= 6149434))

table 6 : explain SELECT c FROM sbtest6 WHERE id BETWEEN 6485284 AND 6486283 ORDER BY c
	Sort  (cost=3983.29..3985.84 rows=1019 width=121)
	  Sort Key: c
	  ->  Bitmap Heap Scan on sbtest6  (cost=22.88..3932.38 rows=1019 width=121)
	        Recheck Cond: ((id >= 6485284) AND (id <= 6486283))
	        ->  Bitmap Index Scan on sbtest6_pkey  (cost=0.00..22.62 rows=1019 width=0)
	              Index Cond: ((id >= 6485284) AND (id <= 6486283))

table 7 : explain SELECT c FROM sbtest7 WHERE id BETWEEN 7801871 AND 7802870 ORDER BY c
	Sort  (cost=3654.24..3656.57 rows=933 width=121)
	  Sort Key: c
	  ->  Bitmap Heap Scan on sbtest7  (cost=22.00..3608.22 rows=933 width=121)
	        Recheck Cond: ((id >= 7801871) AND (id <= 7802870))
	        ->  Bitmap Index Scan on sbtest7_pkey  (cost=0.00..21.76 rows=933 width=0)
	              Index Cond: ((id >= 7801871) AND (id <= 7802870))

table 8 : explain SELECT c FROM sbtest8 WHERE id BETWEEN 2451080 AND 2452079 ORDER BY c
	Sort  (cost=4532.80..4535.71 rows=1163 width=121)
	  Sort Key: c
	  ->  Bitmap Heap Scan on sbtest8  (cost=28.36..4473.58 rows=1163 width=121)
	        Recheck Cond: ((id >= 2451080) AND (id <= 2452079))
	        ->  Bitmap Index Scan on sbtest8_pkey  (cost=0.00..28.07 rows=1163 width=0)
	              Index Cond: ((id >= 2451080) AND (id <= 2452079))

for: distinct_ranges
table 1 : explain SELECT DISTINCT c FROM sbtest1 WHERE id BETWEEN 4907089 AND 4908088 ORDER BY c
	Unique  (cost=3937.26..3942.29 rows=1007 width=121)
	  ->  Sort  (cost=3937.26..3939.77 rows=1007 width=121)
	        Sort Key: c
	        ->  Bitmap Heap Scan on sbtest1  (cost=22.76..3887.03 rows=1007 width=121)
	              Recheck Cond: ((id >= 4907089) AND (id <= 4908088))
	              ->  Bitmap Index Scan on sbtest1_pkey  (cost=0.00..22.50 rows=1007 width=0)
	                    Index Cond: ((id >= 4907089) AND (id <= 4908088))

table 2 : explain SELECT DISTINCT c FROM sbtest2 WHERE id BETWEEN 6257163 AND 6258162 ORDER BY c
	Unique  (cost=3857.88..3862.81 rows=986 width=121)
	  ->  Sort  (cost=3857.88..3860.35 rows=986 width=121)
	        Sort Key: c
	        ->  Bitmap Heap Scan on sbtest2  (cost=22.54..3808.85 rows=986 width=121)
	              Recheck Cond: ((id >= 6257163) AND (id <= 6258162))
	              ->  Bitmap Index Scan on sbtest2_pkey  (cost=0.00..22.29 rows=986 width=0)
	                    Index Cond: ((id >= 6257163) AND (id <= 6258162))

table 3 : explain SELECT DISTINCT c FROM sbtest3 WHERE id BETWEEN 5243087 AND 5244086 ORDER BY c
	Unique  (cost=4302.88..4308.40 rows=1103 width=121)
	  ->  Sort  (cost=4302.88..4305.64 rows=1103 width=121)
	        Sort Key: c
	        ->  Bitmap Heap Scan on sbtest3  (cost=27.74..4247.14 rows=1103 width=121)
	              Recheck Cond: ((id >= 5243087) AND (id <= 5244086))
	              ->  Bitmap Index Scan on sbtest3_pkey  (cost=0.00..27.46 rows=1103 width=0)
	                    Index Cond: ((id >= 5243087) AND (id <= 5244086))

table 4 : explain SELECT DISTINCT c FROM sbtest4 WHERE id BETWEEN 9968087 AND 9969086 ORDER BY c
	Unique  (cost=3669.39..3674.08 rows=937 width=121)
	  ->  Sort  (cost=3669.39..3671.74 rows=937 width=121)
	        Sort Key: c
	        ->  Bitmap Heap Scan on sbtest4  (cost=22.04..3623.14 rows=937 width=121)
	              Recheck Cond: ((id >= 9968087) AND (id <= 9969086))
	              ->  Bitmap Index Scan on sbtest4_pkey  (cost=0.00..21.80 rows=937 width=0)
	                    Index Cond: ((id >= 9968087) AND (id <= 9969086))

table 5 : explain SELECT DISTINCT c FROM sbtest5 WHERE id BETWEEN 2126957 AND 2127956 ORDER BY c
	Unique  (cost=4365.90..4371.49 rows=1119 width=121)
	  ->  Sort  (cost=4365.90..4368.69 rows=1119 width=121)
	        Sort Key: c
	        ->  Bitmap Heap Scan on sbtest5  (cost=27.90..4309.23 rows=1119 width=121)
	              Recheck Cond: ((id >= 2126957) AND (id <= 2127956))
	              ->  Bitmap Index Scan on sbtest5_pkey  (cost=0.00..27.62 rows=1119 width=0)
	                    Index Cond: ((id >= 2126957) AND (id <= 2127956))

table 6 : explain SELECT DISTINCT c FROM sbtest6 WHERE id BETWEEN 8554773 AND 8555772 ORDER BY c
	Unique  (cost=4048.22..4053.40 rows=1036 width=121)
	  ->  Sort  (cost=4048.22..4050.81 rows=1036 width=121)
	        Sort Key: c
	        ->  Bitmap Heap Scan on sbtest6  (cost=23.05..3996.33 rows=1036 width=121)
	              Recheck Cond: ((id >= 8554773) AND (id <= 8555772))
	              ->  Bitmap Index Scan on sbtest6_pkey  (cost=0.00..22.79 rows=1036 width=0)
	                    Index Cond: ((id >= 8554773) AND (id <= 8555772))

table 7 : explain SELECT DISTINCT c FROM sbtest7 WHERE id BETWEEN 4744080 AND 4745079 ORDER BY c
	Unique  (cost=3818.86..3823.74 rows=976 width=121)
	  ->  Sort  (cost=3818.86..3821.30 rows=976 width=121)
	        Sort Key: c
	        ->  Bitmap Heap Scan on sbtest7  (cost=22.44..3770.40 rows=976 width=121)
	              Recheck Cond: ((id >= 4744080) AND (id <= 4745079))
	              ->  Bitmap Index Scan on sbtest7_pkey  (cost=0.00..22.19 rows=976 width=0)
	                    Index Cond: ((id >= 4744080) AND (id <= 4745079))

table 8 : explain SELECT DISTINCT c FROM sbtest8 WHERE id BETWEEN 6727866 AND 6728865 ORDER BY c
	Unique  (cost=3995.01..4000.12 rows=1022 width=121)
	  ->  Sort  (cost=3995.01..3997.57 rows=1022 width=121)
	        Sort Key: c
	        ->  Bitmap Heap Scan on sbtest8  (cost=22.91..3943.93 rows=1022 width=121)
	              Recheck Cond: ((id >= 6727866) AND (id <= 6728865))
	              ->  Bitmap Index Scan on sbtest8_pkey  (cost=0.00..22.65 rows=1022 width=0)
	                    Index Cond: ((id >= 6727866) AND (id <= 6728865))

for: distinct_ranges
table 1 : explain SELECT DISTINCT c FROM sbtest1 WHERE id BETWEEN 1378183 AND 1379182 ORDER BY c
	Unique  (cost=3902.86..3907.85 rows=998 width=121)
	  ->  Sort  (cost=3902.86..3905.35 rows=998 width=121)
	        Sort Key: c
	        ->  Bitmap Heap Scan on sbtest1  (cost=22.66..3853.14 rows=998 width=121)
	              Recheck Cond: ((id >= 1378183) AND (id <= 1379182))
	              ->  Bitmap Index Scan on sbtest1_pkey  (cost=0.00..22.41 rows=998 width=0)
	                    Index Cond: ((id >= 1378183) AND (id <= 1379182))

table 2 : explain SELECT DISTINCT c FROM sbtest2 WHERE id BETWEEN 791987 AND 792986 ORDER BY c
	Unique  (cost=4198.07..4203.44 rows=1074 width=121)
	  ->  Sort  (cost=4198.07..4200.75 rows=1074 width=121)
	        Sort Key: c
	        ->  Bitmap Heap Scan on sbtest2  (cost=27.44..4144.00 rows=1074 width=121)
	              Recheck Cond: ((id >= 791987) AND (id <= 792986))
	              ->  Bitmap Index Scan on sbtest2_pkey  (cost=0.00..27.18 rows=1074 width=0)
	                    Index Cond: ((id >= 791987) AND (id <= 792986))

table 3 : explain SELECT DISTINCT c FROM sbtest3 WHERE id BETWEEN 7187133 AND 7188132 ORDER BY c
	Unique  (cost=3760.54..3765.35 rows=961 width=121)
	  ->  Sort  (cost=3760.54..3762.94 rows=961 width=121)
	        Sort Key: c
	        ->  Bitmap Heap Scan on sbtest3  (cost=22.29..3712.93 rows=961 width=121)
	              Recheck Cond: ((id >= 7187133) AND (id <= 7188132))
	              ->  Bitmap Index Scan on sbtest3_pkey  (cost=0.00..22.04 rows=961 width=0)
	                    Index Cond: ((id >= 7187133) AND (id <= 7188132))

table 4 : explain SELECT DISTINCT c FROM sbtest4 WHERE id BETWEEN 4927060 AND 4928059 ORDER BY c
	Unique  (cost=4028.89..4034.05 rows=1031 width=121)
	  ->  Sort  (cost=4028.89..4031.47 rows=1031 width=121)
	        Sort Key: c
	        ->  Bitmap Heap Scan on sbtest4  (cost=23.00..3977.29 rows=1031 width=121)
	              Recheck Cond: ((id >= 4927060) AND (id <= 4928059))
	              ->  Bitmap Index Scan on sbtest4_pkey  (cost=0.00..22.75 rows=1031 width=0)
	                    Index Cond: ((id >= 4927060) AND (id <= 4928059))

table 5 : explain SELECT DISTINCT c FROM sbtest5 WHERE id BETWEEN 6690954 AND 6691953 ORDER BY c
	Unique  (cost=3754.54..3759.34 rows=959 width=121)
	  ->  Sort  (cost=3754.54..3756.94 rows=959 width=121)
	        Sort Key: c
	        ->  Bitmap Heap Scan on sbtest5  (cost=22.26..3707.05 rows=959 width=121)
	              Recheck Cond: ((id >= 6690954) AND (id <= 6691953))
	              ->  Bitmap Index Scan on sbtest5_pkey  (cost=0.00..22.02 rows=959 width=0)
	                    Index Cond: ((id >= 6690954) AND (id <= 6691953))

table 6 : explain SELECT DISTINCT c FROM sbtest6 WHERE id BETWEEN 9031350 AND 9032349 ORDER BY c
	Unique  (cost=4456.39..4462.10 rows=1143 width=121)
	  ->  Sort  (cost=4456.39..4459.24 rows=1143 width=121)
	        Sort Key: c
	        ->  Bitmap Heap Scan on sbtest6  (cost=28.15..4398.33 rows=1143 width=121)
	              Recheck Cond: ((id >= 9031350) AND (id <= 9032349))
	              ->  Bitmap Index Scan on sbtest6_pkey  (cost=0.00..27.86 rows=1143 width=0)
	                    Index Cond: ((id >= 9031350) AND (id <= 9032349))

table 7 : explain SELECT DISTINCT c FROM sbtest7 WHERE id BETWEEN 1377302 AND 1378301 ORDER BY c
	Unique  (cost=3738.49..3743.27 rows=955 width=121)
	  ->  Sort  (cost=3738.49..3740.88 rows=955 width=121)
	        Sort Key: c
	        ->  Bitmap Heap Scan on sbtest7  (cost=22.22..3691.22 rows=955 width=121)
	              Recheck Cond: ((id >= 1377302) AND (id <= 1378301))
	              ->  Bitmap Index Scan on sbtest7_pkey  (cost=0.00..21.98 rows=955 width=0)
	                    Index Cond: ((id >= 1377302) AND (id <= 1378301))

table 8 : explain SELECT DISTINCT c FROM sbtest8 WHERE id BETWEEN 8011088 AND 8012087 ORDER BY c
	Unique  (cost=3964.45..3969.52 rows=1014 width=121)
	  ->  Sort  (cost=3964.45..3966.98 rows=1014 width=121)
	        Sort Key: c
	        ->  Bitmap Heap Scan on sbtest8  (cost=22.83..3913.82 rows=1014 width=121)
	              Recheck Cond: ((id >= 8011088) AND (id <= 8012087))
	              ->  Bitmap Index Scan on sbtest8_pkey  (cost=0.00..22.57 rows=1014 width=0)
	                    Index Cond: ((id >= 8011088) AND (id <= 8012087))

explain: for point_selects :: explain SELECT c FROM sbtest%u WHERE id=%u
for: distinct_ranges
table 1 : explain SELECT DISTINCT c FROM sbtest1 WHERE id BETWEEN 6105418 AND 6106417 ORDER BY c
	Unique  (cost=3638.79..3643.43 rows=929 width=121)
	  ->  Sort  (cost=3638.79..3641.11 rows=929 width=121)
	        Sort Key: c
	        ->  Bitmap Heap Scan on sbtest1  (cost=21.96..3592.99 rows=929 width=121)
	              Recheck Cond: ((id >= 6105418) AND (id <= 6106417))
	              ->  Bitmap Index Scan on sbtest1_pkey  (cost=0.00..21.72 rows=929 width=0)
	                    Index Cond: ((id >= 6105418) AND (id <= 6106417))

table 2 : explain SELECT DISTINCT c FROM sbtest2 WHERE id BETWEEN 1772578 AND 1773577 ORDER BY c
	Unique  (cost=3915.25..3920.26 rows=1001 width=121)
	  ->  Sort  (cost=3915.25..3917.76 rows=1001 width=121)
	        Sort Key: c
	        ->  Bitmap Heap Scan on sbtest2  (cost=22.70..3865.37 rows=1001 width=121)
	              Recheck Cond: ((id >= 1772578) AND (id <= 1773577))
	              ->  Bitmap Index Scan on sbtest2_pkey  (cost=0.00..22.44 rows=1001 width=0)
	                    Index Cond: ((id >= 1772578) AND (id <= 1773577))

table 3 : explain SELECT DISTINCT c FROM sbtest3 WHERE id BETWEEN 3960515 AND 3961514 ORDER BY c
	Unique  (cost=3752.89..3757.68 rows=959 width=121)
	  ->  Sort  (cost=3752.89..3755.29 rows=959 width=121)
	        Sort Key: c
	        ->  Bitmap Heap Scan on sbtest3  (cost=22.26..3705.39 rows=959 width=121)
	              Recheck Cond: ((id >= 3960515) AND (id <= 3961514))
	              ->  Bitmap Index Scan on sbtest3_pkey  (cost=0.00..22.02 rows=959 width=0)
	                    Index Cond: ((id >= 3960515) AND (id <= 3961514))

table 4 : explain SELECT DISTINCT c FROM sbtest4 WHERE id BETWEEN 5081695 AND 5082694 ORDER BY c
	Unique  (cost=3895.16..3900.14 rows=996 width=121)
	  ->  Sort  (cost=3895.16..3897.65 rows=996 width=121)
	        Sort Key: c
	        ->  Bitmap Heap Scan on sbtest4  (cost=22.64..3845.56 rows=996 width=121)
	              Recheck Cond: ((id >= 5081695) AND (id <= 5082694))
	              ->  Bitmap Index Scan on sbtest4_pkey  (cost=0.00..22.39 rows=996 width=0)
	                    Index Cond: ((id >= 5081695) AND (id <= 5082694))

table 5 : explain SELECT DISTINCT c FROM sbtest5 WHERE id BETWEEN 406255 AND 407254 ORDER BY c
	Unique  (cost=3834.92..3839.82 rows=980 width=121)
	  ->  Sort  (cost=3834.92..3837.37 rows=980 width=121)
	        Sort Key: c
	        ->  Bitmap Heap Scan on sbtest5  (cost=22.48..3786.24 rows=980 width=121)
	              Recheck Cond: ((id >= 406255) AND (id <= 407254))
	              ->  Bitmap Index Scan on sbtest5_pkey  (cost=0.00..22.23 rows=980 width=0)
	                    Index Cond: ((id >= 406255) AND (id <= 407254))

table 6 : explain SELECT DISTINCT c FROM sbtest6 WHERE id BETWEEN 4974544 AND 4975543 ORDER BY c
	Unique  (cost=4521.07..4526.87 rows=1160 width=121)
	  ->  Sort  (cost=4521.07..4523.97 rows=1160 width=121)
	        Sort Key: c
	        ->  Bitmap Heap Scan on sbtest6  (cost=28.32..4462.03 rows=1160 width=121)
	              Recheck Cond: ((id >= 4974544) AND (id <= 4975543))
	              ->  Bitmap Index Scan on sbtest6_pkey  (cost=0.00..28.04 rows=1160 width=0)
	                    Index Cond: ((id >= 4974544) AND (id <= 4975543))

table 7 : explain SELECT DISTINCT c FROM sbtest7 WHERE id BETWEEN 4737034 AND 4738033 ORDER BY c
	Unique  (cost=3818.86..3823.74 rows=976 width=121)
	  ->  Sort  (cost=3818.86..3821.30 rows=976 width=121)
	        Sort Key: c
	        ->  Bitmap Heap Scan on sbtest7  (cost=22.44..3770.40 rows=976 width=121)
	              Recheck Cond: ((id >= 4737034) AND (id <= 4738033))
	              ->  Bitmap Index Scan on sbtest7_pkey  (cost=0.00..22.19 rows=976 width=0)
	                    Index Cond: ((id >= 4737034) AND (id <= 4738033))

table 8 : explain SELECT DISTINCT c FROM sbtest8 WHERE id BETWEEN 4594935 AND 4595934 ORDER BY c
	Unique  (cost=3907.11..3912.11 rows=999 width=121)
	  ->  Sort  (cost=3907.11..3909.61 rows=999 width=121)
	        Sort Key: c
	        ->  Bitmap Heap Scan on sbtest8  (cost=22.67..3857.34 rows=999 width=121)
	              Recheck Cond: ((id >= 4594935) AND (id <= 4595934))
	              ->  Bitmap Index Scan on sbtest8_pkey  (cost=0.00..22.43 rows=999 width=0)
	                    Index Cond: ((id >= 4594935) AND (id <= 4595934))

for: distinct_ranges
table 1 : explain SELECT DISTINCT c FROM sbtest1 WHERE id BETWEEN 3751778 AND 3752777 ORDER BY c
	Unique  (cost=3853.15..3858.07 rows=985 width=121)
	  ->  Sort  (cost=3853.15..3855.61 rows=985 width=121)
	        Sort Key: c
	        ->  Bitmap Heap Scan on sbtest1  (cost=22.53..3804.18 rows=985 width=121)
	              Recheck Cond: ((id >= 3751778) AND (id <= 3752777))
	              ->  Bitmap Index Scan on sbtest1_pkey  (cost=0.00..22.29 rows=985 width=0)
	                    Index Cond: ((id >= 3751778) AND (id <= 3752777))

table 2 : explain SELECT DISTINCT c FROM sbtest2 WHERE id BETWEEN 466427 AND 467426 ORDER BY c
	Unique  (cost=3964.95..3970.02 rows=1014 width=121)
	  ->  Sort  (cost=3964.95..3967.49 rows=1014 width=121)
	        Sort Key: c
	        ->  Bitmap Heap Scan on sbtest2  (cost=22.83..3914.32 rows=1014 width=121)
	              Recheck Cond: ((id >= 466427) AND (id <= 467426))
	              ->  Bitmap Index Scan on sbtest2_pkey  (cost=0.00..22.57 rows=1014 width=0)
	                    Index Cond: ((id >= 466427) AND (id <= 467426))

table 3 : explain SELECT DISTINCT c FROM sbtest3 WHERE id BETWEEN 9710024 AND 9711023 ORDER BY c
	Unique  (cost=4047.15..4052.33 rows=1036 width=121)
	  ->  Sort  (cost=4047.15..4049.74 rows=1036 width=121)
	        Sort Key: c
	        ->  Bitmap Heap Scan on sbtest3  (cost=23.05..3995.26 rows=1036 width=121)
	              Recheck Cond: ((id >= 9710024) AND (id <= 9711023))
	              ->  Bitmap Index Scan on sbtest3_pkey  (cost=0.00..22.79 rows=1036 width=0)
	                    Index Cond: ((id >= 9710024) AND (id <= 9711023))

table 4 : explain SELECT DISTINCT c FROM sbtest4 WHERE id BETWEEN 9463116 AND 9464115 ORDER BY c
	Unique  (cost=3948.67..3953.72 rows=1010 width=121)
	  ->  Sort  (cost=3948.67..3951.20 rows=1010 width=121)
	        Sort Key: c
	        ->  Bitmap Heap Scan on sbtest4  (cost=22.79..3898.27 rows=1010 width=121)
	              Recheck Cond: ((id >= 9463116) AND (id <= 9464115))
	              ->  Bitmap Index Scan on sbtest4_pkey  (cost=0.00..22.54 rows=1010 width=0)
	                    Index Cond: ((id >= 9463116) AND (id <= 9464115))

table 5 : explain SELECT DISTINCT c FROM sbtest5 WHERE id BETWEEN 7271134 AND 7272133 ORDER BY c
	Unique  (cost=3903.95..3908.94 rows=997 width=121)
	  ->  Sort  (cost=3903.95..3906.45 rows=997 width=121)
	        Sort Key: c
	        ->  Bitmap Heap Scan on sbtest5  (cost=26.65..3854.30 rows=997 width=121)
	              Recheck Cond: ((id >= 7271134) AND (id <= 7272133))
	              ->  Bitmap Index Scan on sbtest5_pkey  (cost=0.00..26.40 rows=997 width=0)
	                    Index Cond: ((id >= 7271134) AND (id <= 7272133))

table 6 : explain SELECT DISTINCT c FROM sbtest6 WHERE id BETWEEN 6880460 AND 6881459 ORDER BY c
	Unique  (cost=3704.07..3708.80 rows=946 width=121)
	  ->  Sort  (cost=3704.07..3706.43 rows=946 width=121)
	        Sort Key: c
	        ->  Bitmap Heap Scan on sbtest6  (cost=22.13..3657.31 rows=946 width=121)
	              Recheck Cond: ((id >= 6880460) AND (id <= 6881459))
	              ->  Bitmap Index Scan on sbtest6_pkey  (cost=0.00..21.89 rows=946 width=0)
	                    Index Cond: ((id >= 6880460) AND (id <= 6881459))

table 7 : explain SELECT DISTINCT c FROM sbtest7 WHERE id BETWEEN 6984288 AND 6985287 ORDER BY c
	Unique  (cost=3948.86..3953.91 rows=1010 width=121)
	  ->  Sort  (cost=3948.86..3951.39 rows=1010 width=121)
	        Sort Key: c
	        ->  Bitmap Heap Scan on sbtest7  (cost=22.79..3898.46 rows=1010 width=121)
	              Recheck Cond: ((id >= 6984288) AND (id <= 6985287))
	              ->  Bitmap Index Scan on sbtest7_pkey  (cost=0.00..22.54 rows=1010 width=0)
	                    Index Cond: ((id >= 6984288) AND (id <= 6985287))

table 8 : explain SELECT DISTINCT c FROM sbtest8 WHERE id BETWEEN 6829976 AND 6830975 ORDER BY c
	Unique  (cost=4098.12..4103.37 rows=1049 width=121)
	  ->  Sort  (cost=4098.12..4100.75 rows=1049 width=121)
	        Sort Key: c
	        ->  Bitmap Heap Scan on sbtest8  (cost=23.19..4045.49 rows=1049 width=121)
	              Recheck Cond: ((id >= 6829976) AND (id <= 6830975))
	              ->  Bitmap Index Scan on sbtest8_pkey  (cost=0.00..22.93 rows=1049 width=0)
	                    Index Cond: ((id >= 6829976) AND (id <= 6830975))

for: distinct_ranges
table 1 : explain SELECT DISTINCT c FROM sbtest1 WHERE id BETWEEN 6047991 AND 6048990 ORDER BY c
	Unique  (cost=3638.79..3643.43 rows=929 width=121)
	  ->  Sort  (cost=3638.79..3641.11 rows=929 width=121)
	        Sort Key: c
	        ->  Bitmap Heap Scan on sbtest1  (cost=21.96..3592.99 rows=929 width=121)
	              Recheck Cond: ((id >= 6047991) AND (id <= 6048990))
	              ->  Bitmap Index Scan on sbtest1_pkey  (cost=0.00..21.72 rows=929 width=0)
	                    Index Cond: ((id >= 6047991) AND (id <= 6048990))

table 2 : explain SELECT DISTINCT c FROM sbtest2 WHERE id BETWEEN 6039072 AND 6040071 ORDER BY c
	Unique  (cost=4331.61..4337.16 rows=1110 width=121)
	  ->  Sort  (cost=4331.61..4334.38 rows=1110 width=121)
	        Sort Key: c
	        ->  Bitmap Heap Scan on sbtest2  (cost=27.81..4275.46 rows=1110 width=121)
	              Recheck Cond: ((id >= 6039072) AND (id <= 6040071))
	              ->  Bitmap Index Scan on sbtest2_pkey  (cost=0.00..27.54 rows=1110 width=0)
	                    Index Cond: ((id >= 6039072) AND (id <= 6040071))

table 3 : explain SELECT DISTINCT c FROM sbtest3 WHERE id BETWEEN 1174779 AND 1175778 ORDER BY c
	Unique  (cost=3966.97..3972.04 rows=1015 width=121)
	  ->  Sort  (cost=3966.97..3969.51 rows=1015 width=121)
	        Sort Key: c
	        ->  Bitmap Heap Scan on sbtest3  (cost=22.84..3916.28 rows=1015 width=121)
	              Recheck Cond: ((id >= 1174779) AND (id <= 1175778))
	              ->  Bitmap Index Scan on sbtest3_pkey  (cost=0.00..22.58 rows=1015 width=0)
	                    Index Cond: ((id >= 1174779) AND (id <= 1175778))

table 4 : explain SELECT DISTINCT c FROM sbtest4 WHERE id BETWEEN 1815545 AND 1816544 ORDER BY c
	Unique  (cost=3841.63..3846.54 rows=982 width=121)
	  ->  Sort  (cost=3841.63..3844.08 rows=982 width=121)
	        Sort Key: c
	        ->  Bitmap Heap Scan on sbtest4  (cost=22.50..3792.83 rows=982 width=121)
	              Recheck Cond: ((id >= 1815545) AND (id <= 1816544))
	              ->  Bitmap Index Scan on sbtest4_pkey  (cost=0.00..22.25 rows=982 width=0)
	                    Index Cond: ((id >= 1815545) AND (id <= 1816544))

table 5 : explain SELECT DISTINCT c FROM sbtest5 WHERE id BETWEEN 5863666 AND 5864665 ORDER BY c
	Unique  (cost=3873.18..3878.13 rows=990 width=121)
	  ->  Sort  (cost=3873.18..3875.66 rows=990 width=121)
	        Sort Key: c
	        ->  Bitmap Heap Scan on sbtest5  (cost=22.58..3823.92 rows=990 width=121)
	              Recheck Cond: ((id >= 5863666) AND (id <= 5864665))
	              ->  Bitmap Index Scan on sbtest5_pkey  (cost=0.00..22.33 rows=990 width=0)
	                    Index Cond: ((id >= 5863666) AND (id <= 5864665))

table 6 : explain SELECT DISTINCT c FROM sbtest6 WHERE id BETWEEN 9079505 AND 9080504 ORDER BY c
	Unique  (cost=4456.39..4462.10 rows=1143 width=121)
	  ->  Sort  (cost=4456.39..4459.24 rows=1143 width=121)
	        Sort Key: c
	        ->  Bitmap Heap Scan on sbtest6  (cost=28.15..4398.33 rows=1143 width=121)
	              Recheck Cond: ((id >= 9079505) AND (id <= 9080504))
	              ->  Bitmap Index Scan on sbtest6_pkey  (cost=0.00..27.86 rows=1143 width=0)
	                    Index Cond: ((id >= 9079505) AND (id <= 9080504))

table 7 : explain SELECT DISTINCT c FROM sbtest7 WHERE id BETWEEN 2530606 AND 2531605 ORDER BY c
	Unique  (cost=3784.42..3789.26 rows=967 width=121)
	  ->  Sort  (cost=3784.42..3786.84 rows=967 width=121)
	        Sort Key: c
	        ->  Bitmap Heap Scan on sbtest7  (cost=22.35..3736.47 rows=967 width=121)
	              Recheck Cond: ((id >= 2530606) AND (id <= 2531605))
	              ->  Bitmap Index Scan on sbtest7_pkey  (cost=0.00..22.11 rows=967 width=0)
	                    Index Cond: ((id >= 2530606) AND (id <= 2531605))

table 8 : explain SELECT DISTINCT c FROM sbtest8 WHERE id BETWEEN 6190255 AND 6191254 ORDER BY c
	Unique  (cost=3800.01..3804.87 rows=971 width=121)
	  ->  Sort  (cost=3800.01..3802.44 rows=971 width=121)
	        Sort Key: c
	        ->  Bitmap Heap Scan on sbtest8  (cost=22.39..3751.83 rows=971 width=121)
	              Recheck Cond: ((id >= 6190255) AND (id <= 6191254))
	              ->  Bitmap Index Scan on sbtest8_pkey  (cost=0.00..22.14 rows=971 width=0)
	                    Index Cond: ((id >= 6190255) AND (id <= 6191254))

for: sum_ranges
table 1 : explain SELECT SUM(k) FROM sbtest1 WHERE id BETWEEN 6519040 AND 6520039
	Aggregate  (cost=3919.68..3919.69 rows=1 width=8)
	  ->  Bitmap Heap Scan on sbtest1  (cost=22.84..3917.14 rows=1015 width=4)
	        Recheck Cond: ((id >= 6519040) AND (id <= 6520039))
	        ->  Bitmap Index Scan on sbtest1_pkey  (cost=0.00..22.58 rows=1015 width=0)
	              Index Cond: ((id >= 6519040) AND (id <= 6520039))

table 2 : explain SELECT SUM(k) FROM sbtest2 WHERE id BETWEEN 201800 AND 202799
	Aggregate  (cost=3581.03..3581.04 rows=1 width=8)
	  ->  Bitmap Heap Scan on sbtest2  (cost=21.92..3578.72 rows=925 width=4)
	        Recheck Cond: ((id >= 201800) AND (id <= 202799))
	        ->  Bitmap Index Scan on sbtest2_pkey  (cost=0.00..21.68 rows=925 width=0)
	              Index Cond: ((id >= 201800) AND (id <= 202799))

table 3 : explain SELECT SUM(k) FROM sbtest3 WHERE id BETWEEN 6030097 AND 6031096
	Aggregate  (cost=3692.70..3692.71 rows=1 width=8)
	  ->  Bitmap Heap Scan on sbtest3  (cost=22.22..3690.31 rows=955 width=4)
	        Recheck Cond: ((id >= 6030097) AND (id <= 6031096))
	        ->  Bitmap Index Scan on sbtest3_pkey  (cost=0.00..21.98 rows=955 width=0)
	              Index Cond: ((id >= 6030097) AND (id <= 6031096))

table 4 : explain SELECT SUM(k) FROM sbtest4 WHERE id BETWEEN 6377954 AND 6378953
	Aggregate  (cost=3716.08..3716.09 rows=1 width=8)
	  ->  Bitmap Heap Scan on sbtest4  (cost=22.29..3713.67 rows=961 width=4)
	        Recheck Cond: ((id >= 6377954) AND (id <= 6378953))
	        ->  Bitmap Index Scan on sbtest4_pkey  (cost=0.00..22.04 rows=961 width=0)
	              Index Cond: ((id >= 6377954) AND (id <= 6378953))

table 5 : explain SELECT SUM(k) FROM sbtest5 WHERE id BETWEEN 2075416 AND 2076415
	Aggregate  (cost=4052.64..4052.65 rows=1 width=8)
	  ->  Bitmap Heap Scan on sbtest5  (cost=27.19..4050.02 rows=1049 width=4)
	        Recheck Cond: ((id >= 2075416) AND (id <= 2076415))
	        ->  Bitmap Index Scan on sbtest5_pkey  (cost=0.00..26.93 rows=1049 width=0)
	              Index Cond: ((id >= 2075416) AND (id <= 2076415))

table 6 : explain SELECT SUM(k) FROM sbtest6 WHERE id BETWEEN 7064501 AND 7065500
	Aggregate  (cost=3603.03..3603.04 rows=1 width=8)
	  ->  Bitmap Heap Scan on sbtest6  (cost=21.98..3600.70 rows=931 width=4)
	        Recheck Cond: ((id >= 7064501) AND (id <= 7065500))
	        ->  Bitmap Index Scan on sbtest6_pkey  (cost=0.00..21.75 rows=931 width=0)
	              Index Cond: ((id >= 7064501) AND (id <= 7065500))

table 7 : explain SELECT SUM(k) FROM sbtest7 WHERE id BETWEEN 9649582 AND 9650581
	Aggregate  (cost=3584.11..3584.12 rows=1 width=8)
	  ->  Bitmap Heap Scan on sbtest7  (cost=21.93..3581.79 rows=926 width=4)
	        Recheck Cond: ((id >= 9649582) AND (id <= 9650581))
	        ->  Bitmap Index Scan on sbtest7_pkey  (cost=0.00..21.69 rows=926 width=0)
	              Index Cond: ((id >= 9649582) AND (id <= 9650581))

table 8 : explain SELECT SUM(k) FROM sbtest8 WHERE id BETWEEN 1539997 AND 1540996
	Aggregate  (cost=3750.49..3750.50 rows=1 width=8)
	  ->  Bitmap Heap Scan on sbtest8  (cost=22.38..3748.06 rows=970 width=4)
	        Recheck Cond: ((id >= 1539997) AND (id <= 1540996))
	        ->  Bitmap Index Scan on sbtest8_pkey  (cost=0.00..22.14 rows=970 width=0)
	              Index Cond: ((id >= 1539997) AND (id <= 1540996))

for: sum_ranges
table 1 : explain SELECT SUM(k) FROM sbtest1 WHERE id BETWEEN 4716525 AND 4717524
	Aggregate  (cost=3859.40..3859.41 rows=1 width=8)
	  ->  Bitmap Heap Scan on sbtest1  (cost=22.67..3856.91 rows=999 width=4)
	        Recheck Cond: ((id >= 4716525) AND (id <= 4717524))
	        ->  Bitmap Index Scan on sbtest1_pkey  (cost=0.00..22.43 rows=999 width=0)
	              Index Cond: ((id >= 4716525) AND (id <= 4717524))

table 2 : explain SELECT SUM(k) FROM sbtest2 WHERE id BETWEEN 5233770 AND 5234769
	Aggregate  (cost=4048.65..4048.66 rows=1 width=8)
	  ->  Bitmap Heap Scan on sbtest2  (cost=23.19..4046.02 rows=1049 width=4)
	        Recheck Cond: ((id >= 5233770) AND (id <= 5234769))
	        ->  Bitmap Index Scan on sbtest2_pkey  (cost=0.00..22.93 rows=1049 width=0)
	              Index Cond: ((id >= 5233770) AND (id <= 5234769))

table 3 : explain SELECT SUM(k) FROM sbtest3 WHERE id BETWEEN 6716203 AND 6717202
	Aggregate  (cost=3613.44..3613.45 rows=1 width=8)
	  ->  Bitmap Heap Scan on sbtest3  (cost=22.01..3611.11 rows=934 width=4)
	        Recheck Cond: ((id >= 6716203) AND (id <= 6717202))
	        ->  Bitmap Index Scan on sbtest3_pkey  (cost=0.00..21.77 rows=934 width=0)
	              Index Cond: ((id >= 6716203) AND (id <= 6717202))

table 4 : explain SELECT SUM(k) FROM sbtest4 WHERE id BETWEEN 5397570 AND 5398569
	Aggregate  (cost=3900.80..3900.81 rows=1 width=8)
	  ->  Bitmap Heap Scan on sbtest4  (cost=22.79..3898.27 rows=1010 width=4)
	        Recheck Cond: ((id >= 5397570) AND (id <= 5398569))
	        ->  Bitmap Index Scan on sbtest4_pkey  (cost=0.00..22.54 rows=1010 width=0)
	              Index Cond: ((id >= 5397570) AND (id <= 5398569))

table 5 : explain SELECT SUM(k) FROM sbtest5 WHERE id BETWEEN 7684247 AND 7685246
	Aggregate  (cost=3679.24..3679.25 rows=1 width=8)
	  ->  Bitmap Heap Scan on sbtest5  (cost=22.18..3676.87 rows=951 width=4)
	        Recheck Cond: ((id >= 7684247) AND (id <= 7685246))
	        ->  Bitmap Index Scan on sbtest5_pkey  (cost=0.00..21.94 rows=951 width=0)
	              Index Cond: ((id >= 7684247) AND (id <= 7685246))

table 6 : explain SELECT SUM(k) FROM sbtest6 WHERE id BETWEEN 6283112 AND 6284111
	Aggregate  (cost=3791.73..3791.74 rows=1 width=8)
	  ->  Bitmap Heap Scan on sbtest6  (cost=22.49..3789.28 rows=981 width=4)
	        Recheck Cond: ((id >= 6283112) AND (id <= 6284111))
	        ->  Bitmap Index Scan on sbtest6_pkey  (cost=0.00..22.25 rows=981 width=0)
	              Index Cond: ((id >= 6283112) AND (id <= 6284111))

table 7 : explain SELECT SUM(k) FROM sbtest7 WHERE id BETWEEN 6014974 AND 6015973
	Aggregate  (cost=3848.24..3848.25 rows=1 width=8)
	  ->  Bitmap Heap Scan on sbtest7  (cost=22.64..3845.75 rows=996 width=4)
	        Recheck Cond: ((id >= 6014974) AND (id <= 6015973))
	        ->  Bitmap Index Scan on sbtest7_pkey  (cost=0.00..22.39 rows=996 width=0)
	              Index Cond: ((id >= 6014974) AND (id <= 6015973))

table 8 : explain SELECT SUM(k) FROM sbtest8 WHERE id BETWEEN 1973905 AND 1974904
	Aggregate  (cost=3969.08..3969.09 rows=1 width=8)
	  ->  Bitmap Heap Scan on sbtest8  (cost=22.97..3966.51 rows=1028 width=4)
	        Recheck Cond: ((id >= 1973905) AND (id <= 1974904))
	        ->  Bitmap Index Scan on sbtest8_pkey  (cost=0.00..22.71 rows=1028 width=0)
	              Index Cond: ((id >= 1973905) AND (id <= 1974904))

for point_selects
table 1 : explain SELECT c FROM sbtest1 WHERE id=3419565
	Index Scan using sbtest1_pkey on sbtest1  (cost=0.43..8.45 rows=1 width=121)
	  Index Cond: (id = 3419565)

table 2 : explain SELECT c FROM sbtest2 WHERE id=1970197
	Index Scan using sbtest2_pkey on sbtest2  (cost=0.43..8.45 rows=1 width=121)
	  Index Cond: (id = 1970197)

table 3 : explain SELECT c FROM sbtest3 WHERE id=3258894
	Index Scan using sbtest3_pkey on sbtest3  (cost=0.43..8.45 rows=1 width=121)
	  Index Cond: (id = 3258894)

table 4 : explain SELECT c FROM sbtest4 WHERE id=5493209
	Index Scan using sbtest4_pkey on sbtest4  (cost=0.43..8.45 rows=1 width=121)
	  Index Cond: (id = 5493209)

table 5 : explain SELECT c FROM sbtest5 WHERE id=31194
	Index Scan using sbtest5_pkey on sbtest5  (cost=0.43..8.45 rows=1 width=121)
	  Index Cond: (id = 31194)

table 6 : explain SELECT c FROM sbtest6 WHERE id=1106446
	Index Scan using sbtest6_pkey on sbtest6  (cost=0.43..8.45 rows=1 width=121)
	  Index Cond: (id = 1106446)

table 7 : explain SELECT c FROM sbtest7 WHERE id=6969893
	Index Scan using sbtest7_pkey on sbtest7  (cost=0.43..8.45 rows=1 width=121)
	  Index Cond: (id = 6969893)

table 8 : explain SELECT c FROM sbtest8 WHERE id=2561293
	Index Scan using sbtest8_pkey on sbtest8  (cost=0.43..8.45 rows=1 width=121)
	  Index Cond: (id = 2561293)

explain: for point_selects :: explain SELECT c FROM sbtest%u WHERE id=%u
explain: for point_selects :: explain SELECT c FROM sbtest%u WHERE id=%u
explain: for point_selects :: explain SELECT c FROM sbtest%u WHERE id=%u
for: simple_ranges
table 1 : explain SELECT c FROM sbtest1 WHERE id BETWEEN 3525547 AND 3526546
	Bitmap Heap Scan on sbtest1  (cost=23.43..4135.21 rows=1073 width=121)
	  Recheck Cond: ((id >= 3525547) AND (id <= 3526546))
	  ->  Bitmap Index Scan on sbtest1_pkey  (cost=0.00..23.16 rows=1073 width=0)
	        Index Cond: ((id >= 3525547) AND (id <= 3526546))

table 2 : explain SELECT c FROM sbtest2 WHERE id BETWEEN 6629591 AND 6630590
	Bitmap Heap Scan on sbtest2  (cost=22.90..3940.68 rows=1021 width=121)
	  Recheck Cond: ((id >= 6629591) AND (id <= 6630590))
	  ->  Bitmap Index Scan on sbtest2_pkey  (cost=0.00..22.64 rows=1021 width=0)
	        Index Cond: ((id >= 6629591) AND (id <= 6630590))

table 3 : explain SELECT c FROM sbtest3 WHERE id BETWEEN 6061090 AND 6062089
	Bitmap Heap Scan on sbtest3  (cost=22.22..3690.31 rows=955 width=121)
	  Recheck Cond: ((id >= 6061090) AND (id <= 6062089))
	  ->  Bitmap Index Scan on sbtest3_pkey  (cost=0.00..21.98 rows=955 width=0)
	        Index Cond: ((id >= 6061090) AND (id <= 6062089))

table 4 : explain SELECT c FROM sbtest4 WHERE id BETWEEN 4310531 AND 4311530
	Bitmap Heap Scan on sbtest4  (cost=23.54..4172.71 rows=1083 width=121)
	  Recheck Cond: ((id >= 4310531) AND (id <= 4311530))
	  ->  Bitmap Index Scan on sbtest4_pkey  (cost=0.00..23.26 rows=1083 width=0)
	        Index Cond: ((id >= 4310531) AND (id <= 4311530))

table 5 : explain SELECT c FROM sbtest5 WHERE id BETWEEN 3409571 AND 3410570
	Bitmap Heap Scan on sbtest5  (cost=26.67..3861.83 rows=999 width=121)
	  Recheck Cond: ((id >= 3409571) AND (id <= 3410570))
	  ->  Bitmap Index Scan on sbtest5_pkey  (cost=0.00..26.43 rows=999 width=0)
	        Index Cond: ((id >= 3409571) AND (id <= 3410570))

table 6 : explain SELECT c FROM sbtest6 WHERE id BETWEEN 3960079 AND 3961078
	Bitmap Heap Scan on sbtest6  (cost=27.58..4191.98 rows=1087 width=121)
	  Recheck Cond: ((id >= 3960079) AND (id <= 3961078))
	  ->  Bitmap Index Scan on sbtest6_pkey  (cost=0.00..27.30 rows=1087 width=0)
	        Index Cond: ((id >= 3960079) AND (id <= 3961078))

table 7 : explain SELECT c FROM sbtest7 WHERE id BETWEEN 9553497 AND 9554496
	Bitmap Heap Scan on sbtest7  (cost=21.98..3600.67 rows=931 width=121)
	  Recheck Cond: ((id >= 9553497) AND (id <= 9554496))
	  ->  Bitmap Index Scan on sbtest7_pkey  (cost=0.00..21.75 rows=931 width=0)
	        Index Cond: ((id >= 9553497) AND (id <= 9554496))

table 8 : explain SELECT c FROM sbtest8 WHERE id BETWEEN 6041073 AND 6042072
	Bitmap Heap Scan on sbtest8  (cost=22.78..3894.99 rows=1009 width=121)
	  Recheck Cond: ((id >= 6041073) AND (id <= 6042072))
	  ->  Bitmap Index Scan on sbtest8_pkey  (cost=0.00..22.52 rows=1009 width=0)
	        Index Cond: ((id >= 6041073) AND (id <= 6042072))

for: order_ranges
table 1 : explain SELECT c FROM sbtest1 WHERE id BETWEEN 6710163 AND 6711162 ORDER BY c
	Sort  (cost=3876.09..3878.57 rows=991 width=121)
	  Sort Key: c
	  ->  Bitmap Heap Scan on sbtest1  (cost=22.59..3826.78 rows=991 width=121)
	        Recheck Cond: ((id >= 6710163) AND (id <= 6711162))
	        ->  Bitmap Index Scan on sbtest1_pkey  (cost=0.00..22.34 rows=991 width=0)
	              Index Cond: ((id >= 6710163) AND (id <= 6711162))

table 2 : explain SELECT c FROM sbtest2 WHERE id BETWEEN 2981757 AND 2982756 ORDER BY c
	Sort  (cost=3720.08..3722.46 rows=950 width=121)
	  Sort Key: c
	  ->  Bitmap Heap Scan on sbtest2  (cost=22.17..3673.09 rows=950 width=121)
	        Recheck Cond: ((id >= 2981757) AND (id <= 2982756))
	        ->  Bitmap Index Scan on sbtest2_pkey  (cost=0.00..21.93 rows=950 width=0)
	              Index Cond: ((id >= 2981757) AND (id <= 2982756))

table 3 : explain SELECT c FROM sbtest3 WHERE id BETWEEN 1151958 AND 1152957 ORDER BY c
	Sort  (cost=3966.97..3969.51 rows=1015 width=121)
	  Sort Key: c
	  ->  Bitmap Heap Scan on sbtest3  (cost=22.84..3916.28 rows=1015 width=121)
	        Recheck Cond: ((id >= 1151958) AND (id <= 1152957))
	        ->  Bitmap Index Scan on sbtest3_pkey  (cost=0.00..22.58 rows=1015 width=0)
	              Index Cond: ((id >= 1151958) AND (id <= 1152957))

table 4 : explain SELECT c FROM sbtest4 WHERE id BETWEEN 4863202 AND 4864201 ORDER BY c
	Sort  (cost=3845.45..3847.91 rows=983 width=121)
	  Sort Key: c
	  ->  Bitmap Heap Scan on sbtest4  (cost=22.51..3796.59 rows=983 width=121)
	        Recheck Cond: ((id >= 4863202) AND (id <= 4864201))
	        ->  Bitmap Index Scan on sbtest4_pkey  (cost=0.00..22.26 rows=983 width=0)
	              Index Cond: ((id >= 4863202) AND (id <= 4864201))

table 5 : explain SELECT c FROM sbtest5 WHERE id BETWEEN 3461311 AND 3462310 ORDER BY c
	Sort  (cost=3911.60..3914.10 rows=999 width=121)
	  Sort Key: c
	  ->  Bitmap Heap Scan on sbtest5  (cost=26.67..3861.83 rows=999 width=121)
	        Recheck Cond: ((id >= 3461311) AND (id <= 3462310))
	        ->  Bitmap Index Scan on sbtest5_pkey  (cost=0.00..26.43 rows=999 width=0)
	              Index Cond: ((id >= 3461311) AND (id <= 3462310))

table 6 : explain SELECT c FROM sbtest6 WHERE id BETWEEN 2848142 AND 2849141 ORDER BY c
	Sort  (cost=3715.56..3717.93 rows=949 width=121)
	  Sort Key: c
	  ->  Bitmap Heap Scan on sbtest6  (cost=22.16..3668.63 rows=949 width=121)
	        Recheck Cond: ((id >= 2848142) AND (id <= 2849141))
	        ->  Bitmap Index Scan on sbtest6_pkey  (cost=0.00..21.93 rows=949 width=0)
	              Index Cond: ((id >= 2848142) AND (id <= 2849141))

table 7 : explain SELECT c FROM sbtest7 WHERE id BETWEEN 8262195 AND 8263194 ORDER BY c
	Sort  (cost=4189.38..4192.06 rows=1073 width=121)
	  Sort Key: c
	  ->  Bitmap Heap Scan on sbtest7  (cost=23.43..4135.36 rows=1073 width=121)
	        Recheck Cond: ((id >= 8262195) AND (id <= 8263194))
	        ->  Bitmap Index Scan on sbtest7_pkey  (cost=0.00..23.16 rows=1073 width=0)
	              Index Cond: ((id >= 8262195) AND (id <= 8263194))

table 8 : explain SELECT c FROM sbtest8 WHERE id BETWEEN 852302 AND 853301 ORDER BY c
	Sort  (cost=3937.69..3940.21 rows=1007 width=121)
	  Sort Key: c
	  ->  Bitmap Heap Scan on sbtest8  (cost=22.76..3887.46 rows=1007 width=121)
	        Recheck Cond: ((id >= 852302) AND (id <= 853301))
	        ->  Bitmap Index Scan on sbtest8_pkey  (cost=0.00..22.50 rows=1007 width=0)
	              Index Cond: ((id >= 852302) AND (id <= 853301))

for point_selects
table 1 : explain SELECT c FROM sbtest1 WHERE id=8420844
	Index Scan using sbtest1_pkey on sbtest1  (cost=0.43..8.45 rows=1 width=121)
	  Index Cond: (id = 8420844)

table 2 : explain SELECT c FROM sbtest2 WHERE id=7315219
	Index Scan using sbtest2_pkey on sbtest2  (cost=0.43..8.45 rows=1 width=121)
	  Index Cond: (id = 7315219)

table 3 : explain SELECT c FROM sbtest3 WHERE id=162383
	Index Scan using sbtest3_pkey on sbtest3  (cost=0.43..8.45 rows=1 width=121)
	  Index Cond: (id = 162383)

table 4 : explain SELECT c FROM sbtest4 WHERE id=3338930
	Index Scan using sbtest4_pkey on sbtest4  (cost=0.43..8.45 rows=1 width=121)
	  Index Cond: (id = 3338930)

table 5 : explain SELECT c FROM sbtest5 WHERE id=1052959
	Index Scan using sbtest5_pkey on sbtest5  (cost=0.43..8.45 rows=1 width=121)
	  Index Cond: (id = 1052959)

table 6 : explain SELECT c FROM sbtest6 WHERE id=754583
	Index Scan using sbtest6_pkey on sbtest6  (cost=0.43..8.45 rows=1 width=121)
	  Index Cond: (id = 754583)

table 7 : explain SELECT c FROM sbtest7 WHERE id=9799219
	Index Scan using sbtest7_pkey on sbtest7  (cost=0.43..8.45 rows=1 width=121)
	  Index Cond: (id = 9799219)

table 8 : explain SELECT c FROM sbtest8 WHERE id=7764687
	Index Scan using sbtest8_pkey on sbtest8  (cost=0.43..8.45 rows=1 width=121)
	  Index Cond: (id = 7764687)

for point_selects
table 1 : explain SELECT c FROM sbtest1 WHERE id=2815310
	Index Scan using sbtest1_pkey on sbtest1  (cost=0.43..8.45 rows=1 width=121)
	  Index Cond: (id = 2815310)

table 2 : explain SELECT c FROM sbtest2 WHERE id=8807934
	Index Scan using sbtest2_pkey on sbtest2  (cost=0.43..8.45 rows=1 width=121)
	  Index Cond: (id = 8807934)

table 3 : explain SELECT c FROM sbtest3 WHERE id=2727829
	Index Scan using sbtest3_pkey on sbtest3  (cost=0.43..8.45 rows=1 width=121)
	  Index Cond: (id = 2727829)

table 4 : explain SELECT c FROM sbtest4 WHERE id=100522
	Index Scan using sbtest4_pkey on sbtest4  (cost=0.43..8.45 rows=1 width=121)
	  Index Cond: (id = 100522)

table 5 : explain SELECT c FROM sbtest5 WHERE id=4420084
	Index Scan using sbtest5_pkey on sbtest5  (cost=0.43..8.45 rows=1 width=121)
	  Index Cond: (id = 4420084)

table 6 : explain SELECT c FROM sbtest6 WHERE id=7126168
	Index Scan using sbtest6_pkey on sbtest6  (cost=0.43..8.45 rows=1 width=121)
	  Index Cond: (id = 7126168)

table 7 : explain SELECT c FROM sbtest7 WHERE id=3525104
	Index Scan using sbtest7_pkey on sbtest7  (cost=0.43..8.45 rows=1 width=121)
	  Index Cond: (id = 3525104)

table 8 : explain SELECT c FROM sbtest8 WHERE id=8748604
	Index Scan using sbtest8_pkey on sbtest8  (cost=0.43..8.45 rows=1 width=121)
	  Index Cond: (id = 8748604)

for: order_ranges
table 1 : explain SELECT c FROM sbtest1 WHERE id BETWEEN 9119418 AND 9120417 ORDER BY c
	Sort  (cost=3872.27..3874.74 rows=990 width=121)
	  Sort Key: c
	  ->  Bitmap Heap Scan on sbtest1  (cost=22.58..3823.01 rows=990 width=121)
	        Recheck Cond: ((id >= 9119418) AND (id <= 9120417))
	        ->  Bitmap Index Scan on sbtest1_pkey  (cost=0.00..22.33 rows=990 width=0)
	              Index Cond: ((id >= 9119418) AND (id <= 9120417))

table 2 : explain SELECT c FROM sbtest2 WHERE id BETWEEN 770736 AND 771735 ORDER BY c
	Sort  (cost=4198.07..4200.75 rows=1074 width=121)
	  Sort Key: c
	  ->  Bitmap Heap Scan on sbtest2  (cost=27.44..4144.00 rows=1074 width=121)
	        Recheck Cond: ((id >= 770736) AND (id <= 771735))
	        ->  Bitmap Index Scan on sbtest2_pkey  (cost=0.00..27.18 rows=1074 width=0)
	              Index Cond: ((id >= 770736) AND (id <= 771735))

table 3 : explain SELECT c FROM sbtest3 WHERE id BETWEEN 1743650 AND 1744649 ORDER BY c
	Sort  (cost=3947.87..3950.40 rows=1010 width=121)
	  Sort Key: c
	  ->  Bitmap Heap Scan on sbtest3  (cost=22.79..3897.47 rows=1010 width=121)
	        Recheck Cond: ((id >= 1743650) AND (id <= 1744649))
	        ->  Bitmap Index Scan on sbtest3_pkey  (cost=0.00..22.54 rows=1010 width=0)
	              Index Cond: ((id >= 1743650) AND (id <= 1744649))

table 4 : explain SELECT c FROM sbtest4 WHERE id BETWEEN 2414540 AND 2415539 ORDER BY c
	Sort  (cost=3895.16..3897.65 rows=996 width=121)
	  Sort Key: c
	  ->  Bitmap Heap Scan on sbtest4  (cost=22.64..3845.56 rows=996 width=121)
	        Recheck Cond: ((id >= 2414540) AND (id <= 2415539))
	        ->  Bitmap Index Scan on sbtest4_pkey  (cost=0.00..22.39 rows=996 width=0)
	              Index Cond: ((id >= 2414540) AND (id <= 2415539))

table 5 : explain SELECT c FROM sbtest5 WHERE id BETWEEN 9063215 AND 9064214 ORDER BY c
	Sort  (cost=3513.07..3515.31 rows=896 width=121)
	  Sort Key: c
	  ->  Bitmap Heap Scan on sbtest5  (cost=21.62..3469.13 rows=896 width=121)
	        Recheck Cond: ((id >= 9063215) AND (id <= 9064214))
	        ->  Bitmap Index Scan on sbtest5_pkey  (cost=0.00..21.39 rows=896 width=0)
	              Index Cond: ((id >= 9063215) AND (id <= 9064214))

table 6 : explain SELECT c FROM sbtest6 WHERE id BETWEEN 3126957 AND 3127956 ORDER BY c
	Sort  (cost=3792.11..3794.54 rows=969 width=121)
	  Sort Key: c
	  ->  Bitmap Heap Scan on sbtest6  (cost=22.37..3744.05 rows=969 width=121)
	        Recheck Cond: ((id >= 3126957) AND (id <= 3127956))
	        ->  Bitmap Index Scan on sbtest6_pkey  (cost=0.00..22.12 rows=969 width=0)
	              Index Cond: ((id >= 3126957) AND (id <= 3127956))

table 7 : explain SELECT c FROM sbtest7 WHERE id BETWEEN 1241410 AND 1242409 ORDER BY c
	Sort  (cost=3615.92..3618.23 rows=923 width=121)
	  Sort Key: c
	  ->  Bitmap Heap Scan on sbtest7  (cost=21.90..3570.46 rows=923 width=121)
	        Recheck Cond: ((id >= 1241410) AND (id <= 1242409))
	        ->  Bitmap Index Scan on sbtest7_pkey  (cost=0.00..21.66 rows=923 width=0)
	              Index Cond: ((id >= 1241410) AND (id <= 1242409))

table 8 : explain SELECT c FROM sbtest8 WHERE id BETWEEN 5681284 AND 5682283 ORDER BY c
	Sort  (cost=3914.76..3917.26 rows=1001 width=121)
	  Sort Key: c
	  ->  Bitmap Heap Scan on sbtest8  (cost=22.70..3864.87 rows=1001 width=121)
	        Recheck Cond: ((id >= 5681284) AND (id <= 5682283))
	        ->  Bitmap Index Scan on sbtest8_pkey  (cost=0.00..22.44 rows=1001 width=0)
	              Index Cond: ((id >= 5681284) AND (id <= 5682283))

for: order_ranges
table 1 : explain SELECT c FROM sbtest1 WHERE id BETWEEN 1093295 AND 1094294 ORDER BY c
	Sort  (cost=3696.25..3698.61 rows=944 width=121)
	  Sort Key: c
	  ->  Bitmap Heap Scan on sbtest1  (cost=22.11..3649.60 rows=944 width=121)
	        Recheck Cond: ((id >= 1093295) AND (id <= 1094294))
	        ->  Bitmap Index Scan on sbtest1_pkey  (cost=0.00..21.87 rows=944 width=0)
	              Index Cond: ((id >= 1093295) AND (id <= 1094294))

table 2 : explain SELECT c FROM sbtest2 WHERE id BETWEEN 4347236 AND 4348235 ORDER BY c
	Sort  (cost=3639.62..3641.94 rows=929 width=121)
	  Sort Key: c
	  ->  Bitmap Heap Scan on sbtest2  (cost=21.96..3593.82 rows=929 width=121)
	        Recheck Cond: ((id >= 4347236) AND (id <= 4348235))
	        ->  Bitmap Index Scan on sbtest2_pkey  (cost=0.00..21.72 rows=929 width=0)
	              Index Cond: ((id >= 4347236) AND (id <= 4348235))

table 3 : explain SELECT c FROM sbtest3 WHERE id BETWEEN 5002664 AND 5003663 ORDER BY c
	Sort  (cost=4081.50..4084.11 rows=1045 width=121)
	  Sort Key: c
	  ->  Bitmap Heap Scan on sbtest3  (cost=23.15..4029.09 rows=1045 width=121)
	        Recheck Cond: ((id >= 5002664) AND (id <= 5003663))
	        ->  Bitmap Index Scan on sbtest3_pkey  (cost=0.00..22.89 rows=1045 width=0)
	              Index Cond: ((id >= 5002664) AND (id <= 5003663))

table 4 : explain SELECT c FROM sbtest4 WHERE id BETWEEN 7879483 AND 7880482 ORDER BY c
	Sort  (cost=3761.28..3763.69 rows=961 width=121)
	  Sort Key: c
	  ->  Bitmap Heap Scan on sbtest4  (cost=22.29..3713.67 rows=961 width=121)
	        Recheck Cond: ((id >= 7879483) AND (id <= 7880482))
	        ->  Bitmap Index Scan on sbtest4_pkey  (cost=0.00..22.04 rows=961 width=0)
	              Index Cond: ((id >= 7879483) AND (id <= 7880482))

table 5 : explain SELECT c FROM sbtest5 WHERE id BETWEEN 3216860 AND 3217859 ORDER BY c
	Sort  (cost=4415.41..4418.24 rows=1132 width=121)
	  Sort Key: c
	  ->  Bitmap Heap Scan on sbtest5  (cost=28.04..4358.00 rows=1132 width=121)
	        Recheck Cond: ((id >= 3216860) AND (id <= 3217859))
	        ->  Bitmap Index Scan on sbtest5_pkey  (cost=0.00..27.75 rows=1132 width=0)
	              Index Cond: ((id >= 3216860) AND (id <= 3217859))

table 6 : explain SELECT c FROM sbtest6 WHERE id BETWEEN 4462179 AND 4463178 ORDER BY c
	Sort  (cost=3922.15..3924.65 rows=1003 width=121)
	  Sort Key: c
	  ->  Bitmap Heap Scan on sbtest6  (cost=22.72..3872.15 rows=1003 width=121)
	        Recheck Cond: ((id >= 4462179) AND (id <= 4463178))
	        ->  Bitmap Index Scan on sbtest6_pkey  (cost=0.00..22.46 rows=1003 width=0)
	              Index Cond: ((id >= 4462179) AND (id <= 4463178))

table 7 : explain SELECT c FROM sbtest7 WHERE id BETWEEN 6349459 AND 6350458 ORDER BY c
	Sort  (cost=4399.24..4402.06 rows=1128 width=121)
	  Sort Key: c
	  ->  Bitmap Heap Scan on sbtest7  (cost=28.00..4342.05 rows=1128 width=121)
	        Recheck Cond: ((id >= 6349459) AND (id <= 6350458))
	        ->  Bitmap Index Scan on sbtest7_pkey  (cost=0.00..27.71 rows=1128 width=0)
	              Index Cond: ((id >= 6349459) AND (id <= 6350458))

table 8 : explain SELECT c FROM sbtest8 WHERE id BETWEEN 3586368 AND 3587367 ORDER BY c
	Sort  (cost=4040.85..4043.44 rows=1034 width=121)
	  Sort Key: c
	  ->  Bitmap Heap Scan on sbtest8  (cost=23.03..3989.08 rows=1034 width=121)
	        Recheck Cond: ((id >= 3586368) AND (id <= 3587367))
	        ->  Bitmap Index Scan on sbtest8_pkey  (cost=0.00..22.77 rows=1034 width=0)
	              Index Cond: ((id >= 3586368) AND (id <= 3587367))

for point_selects
table 1 : explain SELECT c FROM sbtest1 WHERE id=5619561
	Index Scan using sbtest1_pkey on sbtest1  (cost=0.43..8.45 rows=1 width=121)
	  Index Cond: (id = 5619561)

table 2 : explain SELECT c FROM sbtest2 WHERE id=7752882
	Index Scan using sbtest2_pkey on sbtest2  (cost=0.43..8.45 rows=1 width=121)
	  Index Cond: (id = 7752882)

table 3 : explain SELECT c FROM sbtest3 WHERE id=6986667
	Index Scan using sbtest3_pkey on sbtest3  (cost=0.43..8.45 rows=1 width=121)
	  Index Cond: (id = 6986667)

table 4 : explain SELECT c FROM sbtest4 WHERE id=2568791
	Index Scan using sbtest4_pkey on sbtest4  (cost=0.43..8.45 rows=1 width=121)
	  Index Cond: (id = 2568791)

table 5 : explain SELECT c FROM sbtest5 WHERE id=1861334
	Index Scan using sbtest5_pkey on sbtest5  (cost=0.43..8.45 rows=1 width=121)
	  Index Cond: (id = 1861334)

table 6 : explain SELECT c FROM sbtest6 WHERE id=2147161
	Index Scan using sbtest6_pkey on sbtest6  (cost=0.43..8.45 rows=1 width=121)
	  Index Cond: (id = 2147161)

table 7 : explain SELECT c FROM sbtest7 WHERE id=1713470
	Index Scan using sbtest7_pkey on sbtest7  (cost=0.43..8.45 rows=1 width=121)
	  Index Cond: (id = 1713470)

table 8 : explain SELECT c FROM sbtest8 WHERE id=9472589
	Index Scan using sbtest8_pkey on sbtest8  (cost=0.43..8.45 rows=1 width=121)
	  Index Cond: (id = 9472589)

for: simple_ranges
table 1 : explain SELECT c FROM sbtest1 WHERE id BETWEEN 22110 AND 23109
	Bitmap Heap Scan on sbtest1  (cost=21.94..3585.44 rows=927 width=121)
	  Recheck Cond: ((id >= 22110) AND (id <= 23109))
	  ->  Bitmap Index Scan on sbtest1_pkey  (cost=0.00..21.70 rows=927 width=0)
	        Index Cond: ((id >= 22110) AND (id <= 23109))

table 2 : explain SELECT c FROM sbtest2 WHERE id BETWEEN 692751 AND 693750
	Bitmap Heap Scan on sbtest2  (cost=22.40..3756.08 rows=972 width=121)
	  Recheck Cond: ((id >= 692751) AND (id <= 693750))
	  ->  Bitmap Index Scan on sbtest2_pkey  (cost=0.00..22.15 rows=972 width=0)
	        Index Cond: ((id >= 692751) AND (id <= 693750))

table 3 : explain SELECT c FROM sbtest3 WHERE id BETWEEN 3619236 AND 3620235
	Bitmap Heap Scan on sbtest3  (cost=22.59..3825.95 rows=991 width=121)
	  Recheck Cond: ((id >= 3619236) AND (id <= 3620235))
	  ->  Bitmap Index Scan on sbtest3_pkey  (cost=0.00..22.34 rows=991 width=0)
	        Index Cond: ((id >= 3619236) AND (id <= 3620235))

table 4 : explain SELECT c FROM sbtest4 WHERE id BETWEEN 2567307 AND 2568306
	Bitmap Heap Scan on sbtest4  (cost=23.29..4082.56 rows=1059 width=121)
	  Recheck Cond: ((id >= 2567307) AND (id <= 2568306))
	  ->  Bitmap Index Scan on sbtest4_pkey  (cost=0.00..23.02 rows=1059 width=0)
	        Index Cond: ((id >= 2567307) AND (id <= 2568306))

table 5 : explain SELECT c FROM sbtest5 WHERE id BETWEEN 3028961 AND 3029960
	Bitmap Heap Scan on sbtest5  (cost=27.63..4211.61 rows=1092 width=121)
	  Recheck Cond: ((id >= 3028961) AND (id <= 3029960))
	  ->  Bitmap Index Scan on sbtest5_pkey  (cost=0.00..27.36 rows=1092 width=0)
	        Index Cond: ((id >= 3028961) AND (id <= 3029960))

table 6 : explain SELECT c FROM sbtest6 WHERE id BETWEEN 2074376 AND 2075375
	Bitmap Heap Scan on sbtest6  (cost=22.16..3668.63 rows=949 width=121)
	  Recheck Cond: ((id >= 2074376) AND (id <= 2075375))
	  ->  Bitmap Index Scan on sbtest6_pkey  (cost=0.00..21.93 rows=949 width=0)
	        Index Cond: ((id >= 2074376) AND (id <= 2075375))

table 7 : explain SELECT c FROM sbtest7 WHERE id BETWEEN 6756972 AND 6757971
	Bitmap Heap Scan on sbtest7  (cost=22.99..3973.72 rows=1030 width=121)
	  Recheck Cond: ((id >= 6756972) AND (id <= 6757971))
	  ->  Bitmap Index Scan on sbtest7_pkey  (cost=0.00..22.73 rows=1030 width=0)
	        Index Cond: ((id >= 6756972) AND (id <= 6757971))

table 8 : explain SELECT c FROM sbtest8 WHERE id BETWEEN 2564441 AND 2565440
	Bitmap Heap Scan on sbtest8  (cost=22.72..3872.40 rows=1003 width=121)
	  Recheck Cond: ((id >= 2564441) AND (id <= 2565440))
	  ->  Bitmap Index Scan on sbtest8_pkey  (cost=0.00..22.46 rows=1003 width=0)
	        Index Cond: ((id >= 2564441) AND (id <= 2565440))

for: order_ranges
table 1 : explain SELECT c FROM sbtest1 WHERE id BETWEEN 7047272 AND 7048271 ORDER BY c
	Sort  (cost=4032.76..4035.34 rows=1032 width=121)
	  Sort Key: c
	  ->  Bitmap Heap Scan on sbtest1  (cost=23.01..3981.10 rows=1032 width=121)
	        Recheck Cond: ((id >= 7047272) AND (id <= 7048271))
	        ->  Bitmap Index Scan on sbtest1_pkey  (cost=0.00..22.75 rows=1032 width=0)
	              Index Cond: ((id >= 7047272) AND (id <= 7048271))

table 2 : explain SELECT c FROM sbtest2 WHERE id BETWEEN 4694484 AND 4695483 ORDER BY c
	Sort  (cost=4281.97..4284.71 rows=1096 width=121)
	  Sort Key: c
	  ->  Bitmap Heap Scan on sbtest2  (cost=27.67..4226.63 rows=1096 width=121)
	        Recheck Cond: ((id >= 4694484) AND (id <= 4695483))
	        ->  Bitmap Index Scan on sbtest2_pkey  (cost=0.00..27.39 rows=1096 width=0)
	              Index Cond: ((id >= 4694484) AND (id <= 4695483))

table 3 : explain SELECT c FROM sbtest3 WHERE id BETWEEN 7224714 AND 7225713 ORDER BY c
	Sort  (cost=3760.54..3762.94 rows=961 width=121)
	  Sort Key: c
	  ->  Bitmap Heap Scan on sbtest3  (cost=22.29..3712.93 rows=961 width=121)
	        Recheck Cond: ((id >= 7224714) AND (id <= 7225713))
	        ->  Bitmap Index Scan on sbtest3_pkey  (cost=0.00..22.04 rows=961 width=0)
	              Index Cond: ((id >= 7224714) AND (id <= 7225713))

table 4 : explain SELECT c FROM sbtest4 WHERE id BETWEEN 8799198 AND 8800197 ORDER BY c
	Sort  (cost=3585.10..3587.38 rows=915 width=121)
	  Sort Key: c
	  ->  Bitmap Heap Scan on sbtest4  (cost=21.81..3540.09 rows=915 width=121)
	        Recheck Cond: ((id >= 8799198) AND (id <= 8800197))
	        ->  Bitmap Index Scan on sbtest4_pkey  (cost=0.00..21.58 rows=915 width=0)
	              Index Cond: ((id >= 8799198) AND (id <= 8800197))

table 5 : explain SELECT c FROM sbtest5 WHERE id BETWEEN 2926494 AND 2927493 ORDER BY c
	Sort  (cost=3716.25..3718.62 rows=949 width=121)
	  Sort Key: c
	  ->  Bitmap Heap Scan on sbtest5  (cost=22.16..3669.32 rows=949 width=121)
	        Recheck Cond: ((id >= 2926494) AND (id <= 2927493))
	        ->  Bitmap Index Scan on sbtest5_pkey  (cost=0.00..21.93 rows=949 width=0)
	              Index Cond: ((id >= 2926494) AND (id <= 2927493))

table 6 : explain SELECT c FROM sbtest6 WHERE id BETWEEN 9050877 AND 9051876 ORDER BY c
	Sort  (cost=4456.39..4459.24 rows=1143 width=121)
	  Sort Key: c
	  ->  Bitmap Heap Scan on sbtest6  (cost=28.15..4398.33 rows=1143 width=121)
	        Recheck Cond: ((id >= 9050877) AND (id <= 9051876))
	        ->  Bitmap Index Scan on sbtest6_pkey  (cost=0.00..27.86 rows=1143 width=0)
	              Index Cond: ((id >= 9050877) AND (id <= 9051876))

table 7 : explain SELECT c FROM sbtest7 WHERE id BETWEEN 3497332 AND 3498331 ORDER BY c
	Sort  (cost=4002.35..4004.91 rows=1024 width=121)
	  Sort Key: c
	  ->  Bitmap Heap Scan on sbtest7  (cost=22.93..3951.15 rows=1024 width=121)
	        Recheck Cond: ((id >= 3497332) AND (id <= 3498331))
	        ->  Bitmap Index Scan on sbtest7_pkey  (cost=0.00..22.68 rows=1024 width=0)
	              Index Cond: ((id >= 3497332) AND (id <= 3498331))

table 8 : explain SELECT c FROM sbtest8 WHERE id BETWEEN 1959854 AND 1960853 ORDER BY c
	Sort  (cost=4017.93..4020.50 rows=1028 width=121)
	  Sort Key: c
	  ->  Bitmap Heap Scan on sbtest8  (cost=22.97..3966.51 rows=1028 width=121)
	        Recheck Cond: ((id >= 1959854) AND (id <= 1960853))
	        ->  Bitmap Index Scan on sbtest8_pkey  (cost=0.00..22.71 rows=1028 width=0)
	              Index Cond: ((id >= 1959854) AND (id <= 1960853))

for: sum_ranges
table 1 : explain SELECT SUM(k) FROM sbtest1 WHERE id BETWEEN 902264 AND 903263
	Aggregate  (cost=4115.34..4115.35 rows=1 width=8)
	  ->  Bitmap Heap Scan on sbtest1  (cost=23.37..4112.67 rows=1067 width=4)
	        Recheck Cond: ((id >= 902264) AND (id <= 903263))
	        ->  Bitmap Index Scan on sbtest1_pkey  (cost=0.00..23.11 rows=1067 width=0)
	              Index Cond: ((id >= 902264) AND (id <= 903263))

table 2 : explain SELECT SUM(k) FROM sbtest2 WHERE id BETWEEN 40631 AND 41630
	Aggregate  (cost=3837.71..3837.72 rows=1 width=8)
	  ->  Bitmap Heap Scan on sbtest2  (cost=22.61..3835.23 rows=993 width=4)
	        Recheck Cond: ((id >= 40631) AND (id <= 41630))
	        ->  Bitmap Index Scan on sbtest2_pkey  (cost=0.00..22.36 rows=993 width=0)
	              Index Cond: ((id >= 40631) AND (id <= 41630))

table 3 : explain SELECT SUM(k) FROM sbtest3 WHERE id BETWEEN 1794171 AND 1795170
	Aggregate  (cost=4347.45..4347.46 rows=1 width=8)
	  ->  Bitmap Heap Scan on sbtest3  (cost=28.01..4344.63 rows=1129 width=4)
	        Recheck Cond: ((id >= 1794171) AND (id <= 1795170))
	        ->  Bitmap Index Scan on sbtest3_pkey  (cost=0.00..27.72 rows=1129 width=0)
	              Index Cond: ((id >= 1794171) AND (id <= 1795170))

table 4 : explain SELECT SUM(k) FROM sbtest4 WHERE id BETWEEN 7200786 AND 7201785
	Aggregate  (cost=3829.21..3829.22 rows=1 width=8)
	  ->  Bitmap Heap Scan on sbtest4  (cost=22.59..3826.73 rows=991 width=4)
	        Recheck Cond: ((id >= 7200786) AND (id <= 7201785))
	        ->  Bitmap Index Scan on sbtest4_pkey  (cost=0.00..22.34 rows=991 width=0)
	              Index Cond: ((id >= 7200786) AND (id <= 7201785))

table 5 : explain SELECT SUM(k) FROM sbtest5 WHERE id BETWEEN 2427886 AND 2428885
	Aggregate  (cost=3890.71..3890.72 rows=1 width=8)
	  ->  Bitmap Heap Scan on sbtest5  (cost=26.75..3888.20 rows=1006 width=4)
	        Recheck Cond: ((id >= 2427886) AND (id <= 2428885))
	        ->  Bitmap Index Scan on sbtest5_pkey  (cost=0.00..26.50 rows=1006 width=0)
	              Index Cond: ((id >= 2427886) AND (id <= 2428885))

table 6 : explain SELECT SUM(k) FROM sbtest6 WHERE id BETWEEN 9807163 AND 9808162
	Aggregate  (cost=3806.81..3806.82 rows=1 width=8)
	  ->  Bitmap Heap Scan on sbtest6  (cost=22.53..3804.35 rows=985 width=4)
	        Recheck Cond: ((id >= 9807163) AND (id <= 9808162))
	        ->  Bitmap Index Scan on sbtest6_pkey  (cost=0.00..22.29 rows=985 width=0)
	              Index Cond: ((id >= 9807163) AND (id <= 9808162))

table 7 : explain SELECT SUM(k) FROM sbtest7 WHERE id BETWEEN 5939971 AND 5940970
	Aggregate  (cost=3848.24..3848.25 rows=1 width=8)
	  ->  Bitmap Heap Scan on sbtest7  (cost=22.64..3845.75 rows=996 width=4)
	        Recheck Cond: ((id >= 5939971) AND (id <= 5940970))
	        ->  Bitmap Index Scan on sbtest7_pkey  (cost=0.00..22.39 rows=996 width=0)
	              Index Cond: ((id >= 5939971) AND (id <= 5940970))

table 8 : explain SELECT SUM(k) FROM sbtest8 WHERE id BETWEEN 2338949 AND 2339948
	Aggregate  (cost=3961.55..3961.56 rows=1 width=8)
	  ->  Bitmap Heap Scan on sbtest8  (cost=22.95..3958.98 rows=1026 width=4)
	        Recheck Cond: ((id >= 2338949) AND (id <= 2339948))
	        ->  Bitmap Index Scan on sbtest8_pkey  (cost=0.00..22.69 rows=1026 width=0)
	              Index Cond: ((id >= 2338949) AND (id <= 2339948))

for point_selects
table 1 : explain SELECT c FROM sbtest1 WHERE id=2401245
	Index Scan using sbtest1_pkey on sbtest1  (cost=0.43..8.45 rows=1 width=121)
	  Index Cond: (id = 2401245)

table 2 : explain SELECT c FROM sbtest2 WHERE id=5200970
	Index Scan using sbtest2_pkey on sbtest2  (cost=0.43..8.45 rows=1 width=121)
	  Index Cond: (id = 5200970)

table 3 : explain SELECT c FROM sbtest3 WHERE id=733102
	Index Scan using sbtest3_pkey on sbtest3  (cost=0.43..8.45 rows=1 width=121)
	  Index Cond: (id = 733102)

table 4 : explain SELECT c FROM sbtest4 WHERE id=918962
	Index Scan using sbtest4_pkey on sbtest4  (cost=0.43..8.45 rows=1 width=121)
	  Index Cond: (id = 918962)

table 5 : explain SELECT c FROM sbtest5 WHERE id=898269
	Index Scan using sbtest5_pkey on sbtest5  (cost=0.43..8.45 rows=1 width=121)
	  Index Cond: (id = 898269)

table 6 : explain SELECT c FROM sbtest6 WHERE id=3720989
	Index Scan using sbtest6_pkey on sbtest6  (cost=0.43..8.45 rows=1 width=121)
	  Index Cond: (id = 3720989)

table 7 : explain SELECT c FROM sbtest7 WHERE id=778209
	Index Scan using sbtest7_pkey on sbtest7  (cost=0.43..8.45 rows=1 width=121)
	  Index Cond: (id = 778209)

table 8 : explain SELECT c FROM sbtest8 WHERE id=4193978
	Index Scan using sbtest8_pkey on sbtest8  (cost=0.43..8.45 rows=1 width=121)
	  Index Cond: (id = 4193978)

for: simple_ranges
table 1 : explain SELECT c FROM sbtest1 WHERE id BETWEEN 9325680 AND 9326679
	Bitmap Heap Scan on sbtest1  (cost=22.06..3630.73 rows=939 width=121)
	  Recheck Cond: ((id >= 9325680) AND (id <= 9326679))
	  ->  Bitmap Index Scan on sbtest1_pkey  (cost=0.00..21.82 rows=939 width=0)
	        Index Cond: ((id >= 9325680) AND (id <= 9326679))

table 2 : explain SELECT c FROM sbtest2 WHERE id BETWEEN 5385899 AND 5386898
	Bitmap Heap Scan on sbtest2  (cost=27.55..4181.57 rows=1084 width=121)
	  Recheck Cond: ((id >= 5385899) AND (id <= 5386898))
	  ->  Bitmap Index Scan on sbtest2_pkey  (cost=0.00..27.27 rows=1084 width=0)
	        Index Cond: ((id >= 5385899) AND (id <= 5386898))

table 3 : explain SELECT c FROM sbtest3 WHERE id BETWEEN 5392885 AND 5393884
	Bitmap Heap Scan on sbtest3  (cost=23.07..4002.78 rows=1038 width=121)
	  Recheck Cond: ((id >= 5392885) AND (id <= 5393884))
	  ->  Bitmap Index Scan on sbtest3_pkey  (cost=0.00..22.82 rows=1038 width=0)
	        Index Cond: ((id >= 5392885) AND (id <= 5393884))

table 4 : explain SELECT c FROM sbtest4 WHERE id BETWEEN 7375168 AND 7376167
	Bitmap Heap Scan on sbtest4  (cost=22.27..3709.90 rows=960 width=121)
	  Recheck Cond: ((id >= 7375168) AND (id <= 7376167))
	  ->  Bitmap Index Scan on sbtest4_pkey  (cost=0.00..22.04 rows=960 width=0)
	        Index Cond: ((id >= 7375168) AND (id <= 7376167))

table 5 : explain SELECT c FROM sbtest5 WHERE id BETWEEN 8924245 AND 8925244
	Bitmap Heap Scan on sbtest5  (cost=26.71..3873.13 rows=1002 width=121)
	  Recheck Cond: ((id >= 8924245) AND (id <= 8925244))
	  ->  Bitmap Index Scan on sbtest5_pkey  (cost=0.00..26.45 rows=1002 width=0)
	        Index Cond: ((id >= 8924245) AND (id <= 8925244))

table 6 : explain SELECT c FROM sbtest6 WHERE id BETWEEN 107134 AND 108133
	Bitmap Heap Scan on sbtest6  (cost=23.17..4037.70 rows=1047 width=121)
	  Recheck Cond: ((id >= 107134) AND (id <= 108133))
	  ->  Bitmap Index Scan on sbtest6_pkey  (cost=0.00..22.90 rows=1047 width=0)
	        Index Cond: ((id >= 107134) AND (id <= 108133))

table 7 : explain SELECT c FROM sbtest7 WHERE id BETWEEN 725211 AND 726210
	Bitmap Heap Scan on sbtest7  (cost=22.08..3638.41 rows=941 width=121)
	  Recheck Cond: ((id >= 725211) AND (id <= 726210))
	  ->  Bitmap Index Scan on sbtest7_pkey  (cost=0.00..21.84 rows=941 width=0)
	        Index Cond: ((id >= 725211) AND (id <= 726210))

table 8 : explain SELECT c FROM sbtest8 WHERE id BETWEEN 7419049 AND 7420048
	Bitmap Heap Scan on sbtest8  (cost=22.55..3812.13 rows=987 width=121)
	  Recheck Cond: ((id >= 7419049) AND (id <= 7420048))
	  ->  Bitmap Index Scan on sbtest8_pkey  (cost=0.00..22.30 rows=987 width=0)
	        Index Cond: ((id >= 7419049) AND (id <= 7420048))

explain: for point_selects :: explain SELECT c FROM sbtest%u WHERE id=%u
for: distinct_ranges
table 1 : explain SELECT DISTINCT c FROM sbtest1 WHERE id BETWEEN 7467657 AND 7468656 ORDER BY c
	Unique  (cost=3891.39..3896.36 rows=995 width=121)
	  ->  Sort  (cost=3891.39..3893.87 rows=995 width=121)
	        Sort Key: c
	        ->  Bitmap Heap Scan on sbtest1  (cost=22.63..3841.84 rows=995 width=121)
	              Recheck Cond: ((id >= 7467657) AND (id <= 7468656))
	              ->  Bitmap Index Scan on sbtest1_pkey  (cost=0.00..22.39 rows=995 width=0)
	                    Index Cond: ((id >= 7467657) AND (id <= 7468656))

table 2 : explain SELECT DISTINCT c FROM sbtest2 WHERE id BETWEEN 7690861 AND 7691860 ORDER BY c
	Unique  (cost=3907.61..3912.60 rows=999 width=121)
	  ->  Sort  (cost=3907.61..3910.10 rows=999 width=121)
	        Sort Key: c
	        ->  Bitmap Heap Scan on sbtest2  (cost=22.67..3857.83 rows=999 width=121)
	              Recheck Cond: ((id >= 7690861) AND (id <= 7691860))
	              ->  Bitmap Index Scan on sbtest2_pkey  (cost=0.00..22.43 rows=999 width=0)
	                    Index Cond: ((id >= 7690861) AND (id <= 7691860))

table 3 : explain SELECT DISTINCT c FROM sbtest3 WHERE id BETWEEN 473808 AND 474807 ORDER BY c
	Unique  (cost=3955.51..3960.57 rows=1012 width=121)
	  ->  Sort  (cost=3955.51..3958.04 rows=1012 width=121)
	        Sort Key: c
	        ->  Bitmap Heap Scan on sbtest3  (cost=22.81..3905.00 rows=1012 width=121)
	              Recheck Cond: ((id >= 473808) AND (id <= 474807))
	              ->  Bitmap Index Scan on sbtest3_pkey  (cost=0.00..22.55 rows=1012 width=0)
	                    Index Cond: ((id >= 473808) AND (id <= 474807))

table 4 : explain SELECT DISTINCT c FROM sbtest4 WHERE id BETWEEN 7195104 AND 7196103 ORDER BY c
	Unique  (cost=3876.05..3881.00 rows=991 width=121)
	  ->  Sort  (cost=3876.05..3878.52 rows=991 width=121)
	        Sort Key: c
	        ->  Bitmap Heap Scan on sbtest4  (cost=22.59..3826.73 rows=991 width=121)
	              Recheck Cond: ((id >= 7195104) AND (id <= 7196103))
	              ->  Bitmap Index Scan on sbtest4_pkey  (cost=0.00..22.34 rows=991 width=0)
	                    Index Cond: ((id >= 7195104) AND (id <= 7196103))

table 5 : explain SELECT DISTINCT c FROM sbtest5 WHERE id BETWEEN 628034 AND 629033 ORDER BY c
	Unique  (cost=3972.77..3977.85 rows=1015 width=121)
	  ->  Sort  (cost=3972.77..3975.31 rows=1015 width=121)
	        Sort Key: c
	        ->  Bitmap Heap Scan on sbtest5  (cost=26.84..3922.09 rows=1015 width=121)
	              Recheck Cond: ((id >= 628034) AND (id <= 629033))
	              ->  Bitmap Index Scan on sbtest5_pkey  (cost=0.00..26.58 rows=1015 width=0)
	                    Index Cond: ((id >= 628034) AND (id <= 629033))

table 6 : explain SELECT DISTINCT c FROM sbtest6 WHERE id BETWEEN 6082948 AND 6083947 ORDER BY c
	Unique  (cost=3891.56..3896.54 rows=995 width=121)
	  ->  Sort  (cost=3891.56..3894.05 rows=995 width=121)
	        Sort Key: c
	        ->  Bitmap Heap Scan on sbtest6  (cost=22.63..3842.02 rows=995 width=121)
	              Recheck Cond: ((id >= 6082948) AND (id <= 6083947))
	              ->  Bitmap Index Scan on sbtest6_pkey  (cost=0.00..22.39 rows=995 width=0)
	                    Index Cond: ((id >= 6082948) AND (id <= 6083947))

table 7 : explain SELECT DISTINCT c FROM sbtest7 WHERE id BETWEEN 4220262 AND 4221261 ORDER BY c
	Unique  (cost=4021.45..4026.59 rows=1029 width=121)
	  ->  Sort  (cost=4021.45..4024.02 rows=1029 width=121)
	        Sort Key: c
	        ->  Bitmap Heap Scan on sbtest7  (cost=22.98..3969.96 rows=1029 width=121)
	              Recheck Cond: ((id >= 4220262) AND (id <= 4221261))
	              ->  Bitmap Index Scan on sbtest7_pkey  (cost=0.00..22.72 rows=1029 width=0)
	                    Index Cond: ((id >= 4220262) AND (id <= 4221261))

table 8 : explain SELECT DISTINCT c FROM sbtest8 WHERE id BETWEEN 7063279 AND 7064278 ORDER BY c
	Unique  (cost=3681.32..3686.02 rows=940 width=121)
	  ->  Sort  (cost=3681.32..3683.67 rows=940 width=121)
	        Sort Key: c
	        ->  Bitmap Heap Scan on sbtest8  (cost=22.07..3634.90 rows=940 width=121)
	              Recheck Cond: ((id >= 7063279) AND (id <= 7064278))
	              ->  Bitmap Index Scan on sbtest8_pkey  (cost=0.00..21.83 rows=940 width=0)
	                    Index Cond: ((id >= 7063279) AND (id <= 7064278))

for point_selects
table 1 : explain SELECT c FROM sbtest1 WHERE id=5605201
	Index Scan using sbtest1_pkey on sbtest1  (cost=0.43..8.45 rows=1 width=121)
	  Index Cond: (id = 5605201)

table 2 : explain SELECT c FROM sbtest2 WHERE id=5094626
	Index Scan using sbtest2_pkey on sbtest2  (cost=0.43..8.45 rows=1 width=121)
	  Index Cond: (id = 5094626)

table 3 : explain SELECT c FROM sbtest3 WHERE id=8051290
	Index Scan using sbtest3_pkey on sbtest3  (cost=0.43..8.45 rows=1 width=121)
	  Index Cond: (id = 8051290)

table 4 : explain SELECT c FROM sbtest4 WHERE id=5454732
	Index Scan using sbtest4_pkey on sbtest4  (cost=0.43..8.45 rows=1 width=121)
	  Index Cond: (id = 5454732)

table 5 : explain SELECT c FROM sbtest5 WHERE id=4819726
	Index Scan using sbtest5_pkey on sbtest5  (cost=0.43..8.45 rows=1 width=121)
	  Index Cond: (id = 4819726)

table 6 : explain SELECT c FROM sbtest6 WHERE id=8186508
	Index Scan using sbtest6_pkey on sbtest6  (cost=0.43..8.45 rows=1 width=121)
	  Index Cond: (id = 8186508)

table 7 : explain SELECT c FROM sbtest7 WHERE id=8455388
	Index Scan using sbtest7_pkey on sbtest7  (cost=0.43..8.45 rows=1 width=121)
	  Index Cond: (id = 8455388)

table 8 : explain SELECT c FROM sbtest8 WHERE id=4330415
	Index Scan using sbtest8_pkey on sbtest8  (cost=0.43..8.45 rows=1 width=121)
	  Index Cond: (id = 4330415)

for: simple_ranges
table 1 : explain SELECT c FROM sbtest1 WHERE id BETWEEN 585984 AND 586983
	Bitmap Heap Scan on sbtest1  (cost=22.25..3702.41 rows=958 width=121)
	  Recheck Cond: ((id >= 585984) AND (id <= 586983))
	  ->  Bitmap Index Scan on sbtest1_pkey  (cost=0.00..22.01 rows=958 width=0)
	        Index Cond: ((id >= 585984) AND (id <= 586983))

table 2 : explain SELECT c FROM sbtest2 WHERE id BETWEEN 689742 AND 690741
	Bitmap Heap Scan on sbtest2  (cost=22.40..3756.08 rows=972 width=121)
	  Recheck Cond: ((id >= 689742) AND (id <= 690741))
	  ->  Bitmap Index Scan on sbtest2_pkey  (cost=0.00..22.15 rows=972 width=0)
	        Index Cond: ((id >= 689742) AND (id <= 690741))

table 3 : explain SELECT c FROM sbtest3 WHERE id BETWEEN 2784040 AND 2785039
	Bitmap Heap Scan on sbtest3  (cost=22.53..3803.36 rows=985 width=121)
	  Recheck Cond: ((id >= 2784040) AND (id <= 2785039))
	  ->  Bitmap Index Scan on sbtest3_pkey  (cost=0.00..22.29 rows=985 width=0)
	        Index Cond: ((id >= 2784040) AND (id <= 2785039))

table 4 : explain SELECT c FROM sbtest4 WHERE id BETWEEN 4114757 AND 4115756
	Bitmap Heap Scan on sbtest4  (cost=23.58..4187.73 rows=1087 width=121)
	  Recheck Cond: ((id >= 4114757) AND (id <= 4115756))
	  ->  Bitmap Index Scan on sbtest4_pkey  (cost=0.00..23.30 rows=1087 width=0)
	        Index Cond: ((id >= 4114757) AND (id <= 4115756))

table 5 : explain SELECT c FROM sbtest5 WHERE id BETWEEN 4796620 AND 4797619
	Bitmap Heap Scan on sbtest5  (cost=27.52..4170.30 rows=1081 width=121)
	  Recheck Cond: ((id >= 4796620) AND (id <= 4797619))
	  ->  Bitmap Index Scan on sbtest5_pkey  (cost=0.00..27.25 rows=1081 width=0)
	        Index Cond: ((id >= 4796620) AND (id <= 4797619))

table 6 : explain SELECT c FROM sbtest6 WHERE id BETWEEN 1292689 AND 1293688
	Bitmap Heap Scan on sbtest6  (cost=22.40..3755.36 rows=972 width=121)
	  Recheck Cond: ((id >= 1292689) AND (id <= 1293688))
	  ->  Bitmap Index Scan on sbtest6_pkey  (cost=0.00..22.15 rows=972 width=0)
	        Index Cond: ((id >= 1292689) AND (id <= 1293688))

table 7 : explain SELECT c FROM sbtest7 WHERE id BETWEEN 5233221 AND 5234220
	Bitmap Heap Scan on sbtest7  (cost=23.03..3988.77 rows=1034 width=121)
	  Recheck Cond: ((id >= 5233221) AND (id <= 5234220))
	  ->  Bitmap Index Scan on sbtest7_pkey  (cost=0.00..22.77 rows=1034 width=0)
	        Index Cond: ((id >= 5233221) AND (id <= 5234220))

table 8 : explain SELECT c FROM sbtest8 WHERE id BETWEEN 6557052 AND 6558051
	Bitmap Heap Scan on sbtest8  (cost=22.75..3883.70 rows=1006 width=121)
	  Recheck Cond: ((id >= 6557052) AND (id <= 6558051))
	  ->  Bitmap Index Scan on sbtest8_pkey  (cost=0.00..22.50 rows=1006 width=0)
	        Index Cond: ((id >= 6557052) AND (id <= 6558051))

for: distinct_ranges
table 1 : explain SELECT DISTINCT c FROM sbtest1 WHERE id BETWEEN 7413793 AND 7414792 ORDER BY c
	Unique  (cost=3891.39..3896.36 rows=995 width=121)
	  ->  Sort  (cost=3891.39..3893.87 rows=995 width=121)
	        Sort Key: c
	        ->  Bitmap Heap Scan on sbtest1  (cost=22.63..3841.84 rows=995 width=121)
	              Recheck Cond: ((id >= 7413793) AND (id <= 7414792))
	              ->  Bitmap Index Scan on sbtest1_pkey  (cost=0.00..22.39 rows=995 width=0)
	                    Index Cond: ((id >= 7413793) AND (id <= 7414792))

table 2 : explain SELECT DISTINCT c FROM sbtest2 WHERE id BETWEEN 8781592 AND 8782591 ORDER BY c
	Unique  (cost=4175.18..4180.52 rows=1068 width=121)
	  ->  Sort  (cost=4175.18..4177.85 rows=1068 width=121)
	        Sort Key: c
	        ->  Bitmap Heap Scan on sbtest2  (cost=27.38..4121.45 rows=1068 width=121)
	              Recheck Cond: ((id >= 8781592) AND (id <= 8782591))
	              ->  Bitmap Index Scan on sbtest2_pkey  (cost=0.00..27.11 rows=1068 width=0)
	                    Index Cond: ((id >= 8781592) AND (id <= 8782591))

table 3 : explain SELECT DISTINCT c FROM sbtest3 WHERE id BETWEEN 1154563 AND 1155562 ORDER BY c
	Unique  (cost=3966.97..3972.04 rows=1015 width=121)
	  ->  Sort  (cost=3966.97..3969.51 rows=1015 width=121)
	        Sort Key: c
	        ->  Bitmap Heap Scan on sbtest3  (cost=22.84..3916.28 rows=1015 width=121)
	              Recheck Cond: ((id >= 1154563) AND (id <= 1155562))
	              ->  Bitmap Index Scan on sbtest3_pkey  (cost=0.00..22.58 rows=1015 width=0)
	                    Index Cond: ((id >= 1154563) AND (id <= 1155562))

table 4 : explain SELECT DISTINCT c FROM sbtest4 WHERE id BETWEEN 167010 AND 168009 ORDER BY c
	Unique  (cost=4440.89..4446.58 rows=1139 width=121)
	  ->  Sort  (cost=4440.89..4443.74 rows=1139 width=121)
	        Sort Key: c
	        ->  Bitmap Heap Scan on sbtest4  (cost=28.11..4383.06 rows=1139 width=121)
	              Recheck Cond: ((id >= 167010) AND (id <= 168009))
	              ->  Bitmap Index Scan on sbtest4_pkey  (cost=0.00..27.82 rows=1139 width=0)
	                    Index Cond: ((id >= 167010) AND (id <= 168009))

table 5 : explain SELECT DISTINCT c FROM sbtest5 WHERE id BETWEEN 676326 AND 677325 ORDER BY c
	Unique  (cost=3972.77..3977.85 rows=1015 width=121)
	  ->  Sort  (cost=3972.77..3975.31 rows=1015 width=121)
	        Sort Key: c
	        ->  Bitmap Heap Scan on sbtest5  (cost=26.84..3922.09 rows=1015 width=121)
	              Recheck Cond: ((id >= 676326) AND (id <= 677325))
	              ->  Bitmap Index Scan on sbtest5_pkey  (cost=0.00..26.58 rows=1015 width=0)
	                    Index Cond: ((id >= 676326) AND (id <= 677325))

table 6 : explain SELECT DISTINCT c FROM sbtest6 WHERE id BETWEEN 570702 AND 571701 ORDER BY c
	Unique  (cost=3719.39..3724.14 rows=950 width=121)
	  ->  Sort  (cost=3719.39..3721.76 rows=950 width=121)
	        Sort Key: c
	        ->  Bitmap Heap Scan on sbtest6  (cost=22.17..3672.40 rows=950 width=121)
	              Recheck Cond: ((id >= 570702) AND (id <= 571701))
	              ->  Bitmap Index Scan on sbtest6_pkey  (cost=0.00..21.93 rows=950 width=0)
	                    Index Cond: ((id >= 570702) AND (id <= 571701))

table 7 : explain SELECT DISTINCT c FROM sbtest7 WHERE id BETWEEN 2041358 AND 2042357 ORDER BY c
	Unique  (cost=4177.93..4183.28 rows=1070 width=121)
	  ->  Sort  (cost=4177.93..4180.61 rows=1070 width=121)
	        Sort Key: c
	        ->  Bitmap Heap Scan on sbtest7  (cost=23.40..4124.09 rows=1070 width=121)
	              Recheck Cond: ((id >= 2041358) AND (id <= 2042357))
	              ->  Bitmap Index Scan on sbtest7_pkey  (cost=0.00..23.14 rows=1070 width=0)
	                    Index Cond: ((id >= 2041358) AND (id <= 2042357))

table 8 : explain SELECT DISTINCT c FROM sbtest8 WHERE id BETWEEN 2555436 AND 2556435 ORDER BY c
	Unique  (cost=3922.40..3927.42 rows=1003 width=121)
	  ->  Sort  (cost=3922.40..3924.91 rows=1003 width=121)
	        Sort Key: c
	        ->  Bitmap Heap Scan on sbtest8  (cost=22.72..3872.40 rows=1003 width=121)
	              Recheck Cond: ((id >= 2555436) AND (id <= 2556435))
	              ->  Bitmap Index Scan on sbtest8_pkey  (cost=0.00..22.46 rows=1003 width=0)
	                    Index Cond: ((id >= 2555436) AND (id <= 2556435))

for: distinct_ranges
table 1 : explain SELECT DISTINCT c FROM sbtest1 WHERE id BETWEEN 731202 AND 732201 ORDER BY c
	Unique  (cost=3971.65..3976.73 rows=1016 width=121)
	  ->  Sort  (cost=3971.65..3974.19 rows=1016 width=121)
	        Sort Key: c
	        ->  Bitmap Heap Scan on sbtest1  (cost=22.85..3920.90 rows=1016 width=121)
	              Recheck Cond: ((id >= 731202) AND (id <= 732201))
	              ->  Bitmap Index Scan on sbtest1_pkey  (cost=0.00..22.59 rows=1016 width=0)
	                    Index Cond: ((id >= 731202) AND (id <= 732201))

table 2 : explain SELECT DISTINCT c FROM sbtest2 WHERE id BETWEEN 7223570 AND 7224569 ORDER BY c
	Unique  (cost=3854.06..3858.98 rows=985 width=121)
	  ->  Sort  (cost=3854.06..3856.52 rows=985 width=121)
	        Sort Key: c
	        ->  Bitmap Heap Scan on sbtest2  (cost=22.53..3805.08 rows=985 width=121)
	              Recheck Cond: ((id >= 7223570) AND (id <= 7224569))
	              ->  Bitmap Index Scan on sbtest2_pkey  (cost=0.00..22.29 rows=985 width=0)
	                    Index Cond: ((id >= 7223570) AND (id <= 7224569))

table 3 : explain SELECT DISTINCT c FROM sbtest3 WHERE id BETWEEN 7219102 AND 7220101 ORDER BY c
	Unique  (cost=3760.54..3765.35 rows=961 width=121)
	  ->  Sort  (cost=3760.54..3762.94 rows=961 width=121)
	        Sort Key: c
	        ->  Bitmap Heap Scan on sbtest3  (cost=22.29..3712.93 rows=961 width=121)
	              Recheck Cond: ((id >= 7219102) AND (id <= 7220101))
	              ->  Bitmap Index Scan on sbtest3_pkey  (cost=0.00..22.04 rows=961 width=0)
	                    Index Cond: ((id >= 7219102) AND (id <= 7220101))

table 4 : explain SELECT DISTINCT c FROM sbtest4 WHERE id BETWEEN 7753860 AND 7754859 ORDER BY c
	Unique  (cost=4055.62..4060.81 rows=1038 width=121)
	  ->  Sort  (cost=4055.62..4058.21 rows=1038 width=121)
	        Sort Key: c
	        ->  Bitmap Heap Scan on sbtest4  (cost=23.07..4003.62 rows=1038 width=121)
	              Recheck Cond: ((id >= 7753860) AND (id <= 7754859))
	              ->  Bitmap Index Scan on sbtest4_pkey  (cost=0.00..22.82 rows=1038 width=0)
	                    Index Cond: ((id >= 7753860) AND (id <= 7754859))

table 5 : explain SELECT DISTINCT c FROM sbtest5 WHERE id BETWEEN 2567839 AND 2568838 ORDER BY c
	Unique  (cost=3585.95..3590.52 rows=915 width=121)
	  ->  Sort  (cost=3585.95..3588.24 rows=915 width=121)
	        Sort Key: c
	        ->  Bitmap Heap Scan on sbtest5  (cost=21.81..3540.94 rows=915 width=121)
	              Recheck Cond: ((id >= 2567839) AND (id <= 2568838))
	              ->  Bitmap Index Scan on sbtest5_pkey  (cost=0.00..21.58 rows=915 width=0)
	                    Index Cond: ((id >= 2567839) AND (id <= 2568838))

table 6 : explain SELECT DISTINCT c FROM sbtest6 WHERE id BETWEEN 5028409 AND 5029408 ORDER BY c
	Unique  (cost=4063.49..4068.69 rows=1040 width=121)
	  ->  Sort  (cost=4063.49..4066.09 rows=1040 width=121)
	        Sort Key: c
	        ->  Bitmap Heap Scan on sbtest6  (cost=23.09..4011.38 rows=1040 width=121)
	              Recheck Cond: ((id >= 5028409) AND (id <= 5029408))
	              ->  Bitmap Index Scan on sbtest6_pkey  (cost=0.00..22.83 rows=1040 width=0)
	                    Index Cond: ((id >= 5028409) AND (id <= 5029408))

table 7 : explain SELECT DISTINCT c FROM sbtest7 WHERE id BETWEEN 8755622 AND 8756621 ORDER BY c
	Unique  (cost=3600.59..3605.19 rows=919 width=121)
	  ->  Sort  (cost=3600.59..3602.89 rows=919 width=121)
	        Sort Key: c
	        ->  Bitmap Heap Scan on sbtest7  (cost=21.85..3555.36 rows=919 width=121)
	              Recheck Cond: ((id >= 8755622) AND (id <= 8756621))
	              ->  Bitmap Index Scan on sbtest7_pkey  (cost=0.00..21.62 rows=919 width=0)
	                    Index Cond: ((id >= 8755622) AND (id <= 8756621))

table 8 : explain SELECT DISTINCT c FROM sbtest8 WHERE id BETWEEN 7438437 AND 7439436 ORDER BY c
	Unique  (cost=4056.13..4061.32 rows=1038 width=121)
	  ->  Sort  (cost=4056.13..4058.72 rows=1038 width=121)
	        Sort Key: c
	        ->  Bitmap Heap Scan on sbtest8  (cost=23.07..4004.12 rows=1038 width=121)
	              Recheck Cond: ((id >= 7438437) AND (id <= 7439436))
	              ->  Bitmap Index Scan on sbtest8_pkey  (cost=0.00..22.82 rows=1038 width=0)
	                    Index Cond: ((id >= 7438437) AND (id <= 7439436))

for: sum_ranges
table 1 : explain SELECT SUM(k) FROM sbtest1 WHERE id BETWEEN 1429301 AND 1430300
	Aggregate  (cost=3840.56..3840.57 rows=1 width=8)
	  ->  Bitmap Heap Scan on sbtest1  (cost=22.62..3838.08 rows=994 width=4)
	        Recheck Cond: ((id >= 1429301) AND (id <= 1430300))
	        ->  Bitmap Index Scan on sbtest1_pkey  (cost=0.00..22.37 rows=994 width=0)
	              Index Cond: ((id >= 1429301) AND (id <= 1430300))

table 2 : explain SELECT SUM(k) FROM sbtest2 WHERE id BETWEEN 9232962 AND 9233961
	Aggregate  (cost=4063.70..4063.71 rows=1 width=8)
	  ->  Bitmap Heap Scan on sbtest2  (cost=23.23..4061.06 rows=1053 width=4)
	        Recheck Cond: ((id >= 9232962) AND (id <= 9233961))
	        ->  Bitmap Index Scan on sbtest2_pkey  (cost=0.00..22.96 rows=1053 width=0)
	              Index Cond: ((id >= 9232962) AND (id <= 9233961))

table 3 : explain SELECT SUM(k) FROM sbtest3 WHERE id BETWEEN 6489114 AND 6490113
	Aggregate  (cost=4279.92..4279.93 rows=1 width=8)
	  ->  Bitmap Heap Scan on sbtest3  (cost=27.82..4277.15 rows=1111 width=4)
	        Recheck Cond: ((id >= 6489114) AND (id <= 6490113))
	        ->  Bitmap Index Scan on sbtest3_pkey  (cost=0.00..27.54 rows=1111 width=0)
	              Index Cond: ((id >= 6489114) AND (id <= 6490113))

table 4 : explain SELECT SUM(k) FROM sbtest4 WHERE id BETWEEN 3482452 AND 3483451
	Aggregate  (cost=3504.58..3504.59 rows=1 width=8)
	  ->  Bitmap Heap Scan on sbtest4  (cost=21.71..3502.31 rows=905 width=4)
	        Recheck Cond: ((id >= 3482452) AND (id <= 3483451))
	        ->  Bitmap Index Scan on sbtest4_pkey  (cost=0.00..21.48 rows=905 width=0)
	              Index Cond: ((id >= 3482452) AND (id <= 3483451))

table 5 : explain SELECT SUM(k) FROM sbtest5 WHERE id BETWEEN 1450283 AND 1451282
	Aggregate  (cost=3694.35..3694.36 rows=1 width=8)
	  ->  Bitmap Heap Scan on sbtest5  (cost=22.22..3691.96 rows=955 width=4)
	        Recheck Cond: ((id >= 1450283) AND (id <= 1451282))
	        ->  Bitmap Index Scan on sbtest5_pkey  (cost=0.00..21.98 rows=955 width=0)
	              Index Cond: ((id >= 1450283) AND (id <= 1451282))

table 6 : explain SELECT SUM(k) FROM sbtest6 WHERE id BETWEEN 3489889 AND 3490888
	Aggregate  (cost=3901.03..3901.04 rows=1 width=8)
	  ->  Bitmap Heap Scan on sbtest6  (cost=22.79..3898.50 rows=1010 width=4)
	        Recheck Cond: ((id >= 3489889) AND (id <= 3490888))
	        ->  Bitmap Index Scan on sbtest6_pkey  (cost=0.00..22.54 rows=1010 width=0)
	              Index Cond: ((id >= 3489889) AND (id <= 3490888))

table 7 : explain SELECT SUM(k) FROM sbtest7 WHERE id BETWEEN 203908 AND 204907
	Aggregate  (cost=4051.56..4051.57 rows=1 width=8)
	  ->  Bitmap Heap Scan on sbtest7  (cost=23.20..4048.93 rows=1050 width=4)
	        Recheck Cond: ((id >= 203908) AND (id <= 204907))
	        ->  Bitmap Index Scan on sbtest7_pkey  (cost=0.00..22.93 rows=1050 width=0)
	              Index Cond: ((id >= 203908) AND (id <= 204907))

table 8 : explain SELECT SUM(k) FROM sbtest8 WHERE id BETWEEN 5190745 AND 5191744
	Aggregate  (cost=3807.06..3807.07 rows=1 width=8)
	  ->  Bitmap Heap Scan on sbtest8  (cost=22.53..3804.60 rows=985 width=4)
	        Recheck Cond: ((id >= 5190745) AND (id <= 5191744))
	        ->  Bitmap Index Scan on sbtest8_pkey  (cost=0.00..22.29 rows=985 width=0)
	              Index Cond: ((id >= 5190745) AND (id <= 5191744))

for: simple_ranges
table 1 : explain SELECT c FROM sbtest1 WHERE id BETWEEN 9415341 AND 9416340
	Bitmap Heap Scan on sbtest1  (cost=23.42..4131.45 rows=1072 width=121)
	  Recheck Cond: ((id >= 9415341) AND (id <= 9416340))
	  ->  Bitmap Index Scan on sbtest1_pkey  (cost=0.00..23.15 rows=1072 width=0)
	        Index Cond: ((id >= 9415341) AND (id <= 9416340))

table 2 : explain SELECT c FROM sbtest2 WHERE id BETWEEN 6876078 AND 6877077
	Bitmap Heap Scan on sbtest2  (cost=22.44..3771.16 rows=976 width=121)
	  Recheck Cond: ((id >= 6876078) AND (id <= 6877077))
	  ->  Bitmap Index Scan on sbtest2_pkey  (cost=0.00..22.19 rows=976 width=0)
	        Index Cond: ((id >= 6876078) AND (id <= 6877077))

table 3 : explain SELECT c FROM sbtest3 WHERE id BETWEEN 9679774 AND 9680773
	Bitmap Heap Scan on sbtest3  (cost=22.91..3942.62 rows=1022 width=121)
	  Recheck Cond: ((id >= 9679774) AND (id <= 9680773))
	  ->  Bitmap Index Scan on sbtest3_pkey  (cost=0.00..22.65 rows=1022 width=0)
	        Index Cond: ((id >= 9679774) AND (id <= 9680773))

table 4 : explain SELECT c FROM sbtest4 WHERE id BETWEEN 2718647 AND 2719646
	Bitmap Heap Scan on sbtest4  (cost=22.67..3856.86 rows=999 width=121)
	  Recheck Cond: ((id >= 2718647) AND (id <= 2719646))
	  ->  Bitmap Index Scan on sbtest4_pkey  (cost=0.00..22.43 rows=999 width=0)
	        Index Cond: ((id >= 2718647) AND (id <= 2719646))

table 5 : explain SELECT c FROM sbtest5 WHERE id BETWEEN 1949840 AND 1950839
	Bitmap Heap Scan on sbtest5  (cost=27.27..4080.10 rows=1057 width=121)
	  Recheck Cond: ((id >= 1949840) AND (id <= 1950839))
	  ->  Bitmap Index Scan on sbtest5_pkey  (cost=0.00..27.00 rows=1057 width=0)
	        Index Cond: ((id >= 1949840) AND (id <= 1950839))

table 6 : explain SELECT c FROM sbtest6 WHERE id BETWEEN 1224406 AND 1225405
	Bitmap Heap Scan on sbtest6  (cost=22.40..3755.36 rows=972 width=121)
	  Recheck Cond: ((id >= 1224406) AND (id <= 1225405))
	  ->  Bitmap Index Scan on sbtest6_pkey  (cost=0.00..22.15 rows=972 width=0)
	        Index Cond: ((id >= 1224406) AND (id <= 1225405))

table 7 : explain SELECT c FROM sbtest7 WHERE id BETWEEN 2056287 AND 2057286
	Bitmap Heap Scan on sbtest7  (cost=23.40..4124.09 rows=1070 width=121)
	  Recheck Cond: ((id >= 2056287) AND (id <= 2057286))
	  ->  Bitmap Index Scan on sbtest7_pkey  (cost=0.00..23.14 rows=1070 width=0)
	        Index Cond: ((id >= 2056287) AND (id <= 2057286))

table 8 : explain SELECT c FROM sbtest8 WHERE id BETWEEN 3229925 AND 3230924
	Bitmap Heap Scan on sbtest8  (cost=22.56..3815.90 rows=988 width=121)
	  Recheck Cond: ((id >= 3229925) AND (id <= 3230924))
	  ->  Bitmap Index Scan on sbtest8_pkey  (cost=0.00..22.32 rows=988 width=0)
	        Index Cond: ((id >= 3229925) AND (id <= 3230924))

for: order_ranges
table 1 : explain SELECT c FROM sbtest1 WHERE id BETWEEN 8440826 AND 8441825 ORDER BY c
	Sort  (cost=4009.84..4012.41 rows=1026 width=121)
	  Sort Key: c
	  ->  Bitmap Heap Scan on sbtest1  (cost=22.95..3958.53 rows=1026 width=121)
	        Recheck Cond: ((id >= 8440826) AND (id <= 8441825))
	        ->  Bitmap Index Scan on sbtest1_pkey  (cost=0.00..22.69 rows=1026 width=0)
	              Index Cond: ((id >= 8440826) AND (id <= 8441825))

table 2 : explain SELECT c FROM sbtest2 WHERE id BETWEEN 6043570 AND 6044569 ORDER BY c
	Sort  (cost=4331.61..4334.38 rows=1110 width=121)
	  Sort Key: c
	  ->  Bitmap Heap Scan on sbtest2  (cost=27.81..4275.46 rows=1110 width=121)
	        Recheck Cond: ((id >= 6043570) AND (id <= 6044569))
	        ->  Bitmap Index Scan on sbtest2_pkey  (cost=0.00..27.54 rows=1110 width=0)
	              Index Cond: ((id >= 6043570) AND (id <= 6044569))

table 3 : explain SELECT c FROM sbtest3 WHERE id BETWEEN 708270 AND 709269 ORDER BY c
	Sort  (cost=4218.79..4221.49 rows=1081 width=121)
	  Sort Key: c
	  ->  Bitmap Heap Scan on sbtest3  (cost=23.52..4164.31 rows=1081 width=121)
	        Recheck Cond: ((id >= 708270) AND (id <= 709269))
	        ->  Bitmap Index Scan on sbtest3_pkey  (cost=0.00..23.25 rows=1081 width=0)
	              Index Cond: ((id >= 708270) AND (id <= 709269))

table 4 : explain SELECT c FROM sbtest4 WHERE id BETWEEN 5952514 AND 5953513 ORDER BY c
	Sort  (cost=3918.10..3920.60 rows=1002 width=121)
	  Sort Key: c
	  ->  Bitmap Heap Scan on sbtest4  (cost=22.71..3868.15 rows=1002 width=121)
	        Recheck Cond: ((id >= 5952514) AND (id <= 5953513))
	        ->  Bitmap Index Scan on sbtest4_pkey  (cost=0.00..22.45 rows=1002 width=0)
	              Index Cond: ((id >= 5952514) AND (id <= 5953513))

table 5 : explain SELECT c FROM sbtest5 WHERE id BETWEEN 2202931 AND 2203930 ORDER BY c
	Sort  (cost=4175.17..4177.84 rows=1068 width=121)
	  Sort Key: c
	  ->  Bitmap Heap Scan on sbtest5  (cost=27.38..4121.45 rows=1068 width=121)
	        Recheck Cond: ((id >= 2202931) AND (id <= 2203930))
	        ->  Bitmap Index Scan on sbtest5_pkey  (cost=0.00..27.11 rows=1068 width=0)
	              Index Cond: ((id >= 2202931) AND (id <= 2203930))

table 6 : explain SELECT c FROM sbtest6 WHERE id BETWEEN 6158385 AND 6159384 ORDER BY c
	Sort  (cost=3493.25..3495.48 rows=891 width=121)
	  Sort Key: c
	  ->  Bitmap Heap Scan on sbtest6  (cost=21.57..3449.60 rows=891 width=121)
	        Recheck Cond: ((id >= 6158385) AND (id <= 6159384))
	        ->  Bitmap Index Scan on sbtest6_pkey  (cost=0.00..21.34 rows=891 width=0)
	              Index Cond: ((id >= 6158385) AND (id <= 6159384))

table 7 : explain SELECT c FROM sbtest7 WHERE id BETWEEN 7934745 AND 7935744 ORDER BY c
	Sort  (cost=3458.69..3460.89 rows=882 width=121)
	  Sort Key: c
	  ->  Bitmap Heap Scan on sbtest7  (cost=21.48..3415.54 rows=882 width=121)
	        Recheck Cond: ((id >= 7934745) AND (id <= 7935744))
	        ->  Bitmap Index Scan on sbtest7_pkey  (cost=0.00..21.25 rows=882 width=0)
	              Index Cond: ((id >= 7934745) AND (id <= 7935744))

table 8 : explain SELECT c FROM sbtest8 WHERE id BETWEEN 7987146 AND 7988145 ORDER BY c
	Sort  (cost=3964.45..3966.98 rows=1014 width=121)
	  Sort Key: c
	  ->  Bitmap Heap Scan on sbtest8  (cost=22.83..3913.82 rows=1014 width=121)
	        Recheck Cond: ((id >= 7987146) AND (id <= 7988145))
	        ->  Bitmap Index Scan on sbtest8_pkey  (cost=0.00..22.57 rows=1014 width=0)
	              Index Cond: ((id >= 7987146) AND (id <= 7988145))

for: simple_ranges
table 1 : explain SELECT c FROM sbtest1 WHERE id BETWEEN 5786199 AND 5787198
	Bitmap Heap Scan on sbtest1  (cost=22.21..3687.32 rows=954 width=121)
	  Recheck Cond: ((id >= 5786199) AND (id <= 5787198))
	  ->  Bitmap Index Scan on sbtest1_pkey  (cost=0.00..21.97 rows=954 width=0)
	        Index Cond: ((id >= 5786199) AND (id <= 5787198))

table 2 : explain SELECT c FROM sbtest2 WHERE id BETWEEN 9250558 AND 9251557
	Bitmap Heap Scan on sbtest2  (cost=23.23..4061.06 rows=1053 width=121)
	  Recheck Cond: ((id >= 9250558) AND (id <= 9251557))
	  ->  Bitmap Index Scan on sbtest2_pkey  (cost=0.00..22.96 rows=1053 width=0)
	        Index Cond: ((id >= 9250558) AND (id <= 9251557))

table 3 : explain SELECT c FROM sbtest3 WHERE id BETWEEN 9160602 AND 9161601
	Bitmap Heap Scan on sbtest3  (cost=21.55..3441.19 rows=889 width=121)
	  Recheck Cond: ((id >= 9160602) AND (id <= 9161601))
	  ->  Bitmap Index Scan on sbtest3_pkey  (cost=0.00..21.32 rows=889 width=0)
	        Index Cond: ((id >= 9160602) AND (id <= 9161601))

table 4 : explain SELECT c FROM sbtest4 WHERE id BETWEEN 6532925 AND 6533924
	Bitmap Heap Scan on sbtest4  (cost=27.75..4251.81 rows=1104 width=121)
	  Recheck Cond: ((id >= 6532925) AND (id <= 6533924))
	  ->  Bitmap Index Scan on sbtest4_pkey  (cost=0.00..27.47 rows=1104 width=0)
	        Index Cond: ((id >= 6532925) AND (id <= 6533924))

table 5 : explain SELECT c FROM sbtest5 WHERE id BETWEEN 1552595 AND 1553594
	Bitmap Heap Scan on sbtest5  (cost=21.94..3586.27 rows=927 width=121)
	  Recheck Cond: ((id >= 1552595) AND (id <= 1553594))
	  ->  Bitmap Index Scan on sbtest5_pkey  (cost=0.00..21.70 rows=927 width=0)
	        Index Cond: ((id >= 1552595) AND (id <= 1553594))

table 6 : explain SELECT c FROM sbtest6 WHERE id BETWEEN 9330392 AND 9331391
	Bitmap Heap Scan on sbtest6  (cost=21.90..3570.50 rows=923 width=121)
	  Recheck Cond: ((id >= 9330392) AND (id <= 9331391))
	  ->  Bitmap Index Scan on sbtest6_pkey  (cost=0.00..21.66 rows=923 width=0)
	        Index Cond: ((id >= 9330392) AND (id <= 9331391))

table 7 : explain SELECT c FROM sbtest7 WHERE id BETWEEN 8726136 AND 8727135
	Bitmap Heap Scan on sbtest7  (cost=21.85..3555.36 rows=919 width=121)
	  Recheck Cond: ((id >= 8726136) AND (id <= 8727135))
	  ->  Bitmap Index Scan on sbtest7_pkey  (cost=0.00..21.62 rows=919 width=0)
	        Index Cond: ((id >= 8726136) AND (id <= 8727135))

table 8 : explain SELECT c FROM sbtest8 WHERE id BETWEEN 9485910 AND 9486909
	Bitmap Heap Scan on sbtest8  (cost=21.90..3570.72 rows=923 width=121)
	  Recheck Cond: ((id >= 9485910) AND (id <= 9486909))
	  ->  Bitmap Index Scan on sbtest8_pkey  (cost=0.00..21.66 rows=923 width=0)
	        Index Cond: ((id >= 9485910) AND (id <= 9486909))

for: distinct_ranges
table 1 : explain SELECT DISTINCT c FROM sbtest1 WHERE id BETWEEN 814759 AND 815758 ORDER BY c
	Unique  (cost=4044.21..4049.39 rows=1035 width=121)
	  ->  Sort  (cost=4044.21..4046.80 rows=1035 width=121)
	        Sort Key: c
	        ->  Bitmap Heap Scan on sbtest1  (cost=23.04..3992.38 rows=1035 width=121)
	              Recheck Cond: ((id >= 814759) AND (id <= 815758))
	              ->  Bitmap Index Scan on sbtest1_pkey  (cost=0.00..22.79 rows=1035 width=0)
	                    Index Cond: ((id >= 814759) AND (id <= 815758))

table 2 : explain SELECT DISTINCT c FROM sbtest2 WHERE id BETWEEN 9321675 AND 9322674 ORDER BY c
	Unique  (cost=4232.40..4237.81 rows=1083 width=121)
	  ->  Sort  (cost=4232.40..4235.11 rows=1083 width=121)
	        Sort Key: c
	        ->  Bitmap Heap Scan on sbtest2  (cost=27.54..4177.81 rows=1083 width=121)
	              Recheck Cond: ((id >= 9321675) AND (id <= 9322674))
	              ->  Bitmap Index Scan on sbtest2_pkey  (cost=0.00..27.26 rows=1083 width=0)
	                    Index Cond: ((id >= 9321675) AND (id <= 9322674))

table 3 : explain SELECT DISTINCT c FROM sbtest3 WHERE id BETWEEN 2507456 AND 2508455 ORDER BY c
	Unique  (cost=3817.92..3822.80 rows=976 width=121)
	  ->  Sort  (cost=3817.92..3820.36 rows=976 width=121)
	        Sort Key: c
	        ->  Bitmap Heap Scan on sbtest3  (cost=22.44..3769.46 rows=976 width=121)
	              Recheck Cond: ((id >= 2507456) AND (id <= 2508455))
	              ->  Bitmap Index Scan on sbtest3_pkey  (cost=0.00..22.19 rows=976 width=0)
	                    Index Cond: ((id >= 2507456) AND (id <= 2508455))

table 4 : explain SELECT DISTINCT c FROM sbtest4 WHERE id BETWEEN 9507181 AND 9508180 ORDER BY c
	Unique  (cost=3944.85..3949.90 rows=1009 width=121)
	  ->  Sort  (cost=3944.85..3947.37 rows=1009 width=121)
	        Sort Key: c
	        ->  Bitmap Heap Scan on sbtest4  (cost=22.78..3894.51 rows=1009 width=121)
	              Recheck Cond: ((id >= 9507181) AND (id <= 9508180))
	              ->  Bitmap Index Scan on sbtest4_pkey  (cost=0.00..22.52 rows=1009 width=0)
	                    Index Cond: ((id >= 9507181) AND (id <= 9508180))

table 5 : explain SELECT DISTINCT c FROM sbtest5 WHERE id BETWEEN 9213463 AND 9214462 ORDER BY c
	Unique  (cost=3681.77..3686.47 rows=940 width=121)
	  ->  Sort  (cost=3681.77..3684.12 rows=940 width=121)
	        Sort Key: c
	        ->  Bitmap Heap Scan on sbtest5  (cost=22.07..3635.35 rows=940 width=121)
	              Recheck Cond: ((id >= 9213463) AND (id <= 9214462))
	              ->  Bitmap Index Scan on sbtest5_pkey  (cost=0.00..21.83 rows=940 width=0)
	                    Index Cond: ((id >= 9213463) AND (id <= 9214462))

table 6 : explain SELECT DISTINCT c FROM sbtest6 WHERE id BETWEEN 8050451 AND 8051450 ORDER BY c
	Unique  (cost=3631.29..3635.92 rows=927 width=121)
	  ->  Sort  (cost=3631.29..3633.60 rows=927 width=121)
	        Sort Key: c
	        ->  Bitmap Heap Scan on sbtest6  (cost=21.94..3585.60 rows=927 width=121)
	              Recheck Cond: ((id >= 8050451) AND (id <= 8051450))
	              ->  Bitmap Index Scan on sbtest6_pkey  (cost=0.00..21.70 rows=927 width=0)
	                    Index Cond: ((id >= 8050451) AND (id <= 8051450))

table 7 : explain SELECT DISTINCT c FROM sbtest7 WHERE id BETWEEN 252142 AND 253141 ORDER BY c
	Unique  (cost=4101.62..4106.87 rows=1050 width=121)
	  ->  Sort  (cost=4101.62..4104.25 rows=1050 width=121)
	        Sort Key: c
	        ->  Bitmap Heap Scan on sbtest7  (cost=23.20..4048.93 rows=1050 width=121)
	              Recheck Cond: ((id >= 252142) AND (id <= 253141))
	              ->  Bitmap Index Scan on sbtest7_pkey  (cost=0.00..22.93 rows=1050 width=0)
	                    Index Cond: ((id >= 252142) AND (id <= 253141))

table 8 : explain SELECT DISTINCT c FROM sbtest8 WHERE id BETWEEN 5522169 AND 5523168 ORDER BY c
	Unique  (cost=3811.49..3816.36 rows=974 width=121)
	  ->  Sort  (cost=3811.49..3813.92 rows=974 width=121)
	        Sort Key: c
	        ->  Bitmap Heap Scan on sbtest8  (cost=22.42..3763.14 rows=974 width=121)
	              Recheck Cond: ((id >= 5522169) AND (id <= 5523168))
	              ->  Bitmap Index Scan on sbtest8_pkey  (cost=0.00..22.18 rows=974 width=0)
	                    Index Cond: ((id >= 5522169) AND (id <= 5523168))

for: sum_ranges
table 1 : explain SELECT SUM(k) FROM sbtest1 WHERE id BETWEEN 7480711 AND 7481710
	Aggregate  (cost=3844.33..3844.34 rows=1 width=8)
	  ->  Bitmap Heap Scan on sbtest1  (cost=22.63..3841.84 rows=995 width=4)
	        Recheck Cond: ((id >= 7480711) AND (id <= 7481710))
	        ->  Bitmap Index Scan on sbtest1_pkey  (cost=0.00..22.39 rows=995 width=0)
	              Index Cond: ((id >= 7480711) AND (id <= 7481710))

table 2 : explain SELECT SUM(k) FROM sbtest2 WHERE id BETWEEN 7659681 AND 7660680
	Aggregate  (cost=3849.02..3849.03 rows=1 width=8)
	  ->  Bitmap Heap Scan on sbtest2  (cost=22.64..3846.53 rows=996 width=4)
	        Recheck Cond: ((id >= 7659681) AND (id <= 7660680))
	        ->  Bitmap Index Scan on sbtest2_pkey  (cost=0.00..22.39 rows=996 width=0)
	              Index Cond: ((id >= 7659681) AND (id <= 7660680))

table 3 : explain SELECT SUM(k) FROM sbtest3 WHERE id BETWEEN 8463901 AND 8464900
	Aggregate  (cost=3930.11..3930.12 rows=1 width=8)
	  ->  Bitmap Heap Scan on sbtest3  (cost=22.87..3927.57 rows=1018 width=4)
	        Recheck Cond: ((id >= 8463901) AND (id <= 8464900))
	        ->  Bitmap Index Scan on sbtest3_pkey  (cost=0.00..22.61 rows=1018 width=0)
	              Index Cond: ((id >= 8463901) AND (id <= 8464900))

table 4 : explain SELECT SUM(k) FROM sbtest4 WHERE id BETWEEN 1620345 AND 1621344
	Aggregate  (cost=3859.36..3859.37 rows=1 width=8)
	  ->  Bitmap Heap Scan on sbtest4  (cost=22.67..3856.86 rows=999 width=4)
	        Recheck Cond: ((id >= 1620345) AND (id <= 1621344))
	        ->  Bitmap Index Scan on sbtest4_pkey  (cost=0.00..22.43 rows=999 width=0)
	              Index Cond: ((id >= 1620345) AND (id <= 1621344))

table 5 : explain SELECT SUM(k) FROM sbtest5 WHERE id BETWEEN 8126600 AND 8127599
	Aggregate  (cost=3883.17..3883.18 rows=1 width=8)
	  ->  Bitmap Heap Scan on sbtest5  (cost=26.73..3880.66 rows=1004 width=4)
	        Recheck Cond: ((id >= 8126600) AND (id <= 8127599))
	        ->  Bitmap Index Scan on sbtest5_pkey  (cost=0.00..26.47 rows=1004 width=0)
	              Index Cond: ((id >= 8126600) AND (id <= 8127599))

table 6 : explain SELECT SUM(k) FROM sbtest6 WHERE id BETWEEN 8762823 AND 8763822
	Aggregate  (cost=3980.10..3980.11 rows=1 width=8)
	  ->  Bitmap Heap Scan on sbtest6  (cost=23.00..3977.53 rows=1031 width=4)
	        Recheck Cond: ((id >= 8762823) AND (id <= 8763822))
	        ->  Bitmap Index Scan on sbtest6_pkey  (cost=0.00..22.75 rows=1031 width=0)
	              Index Cond: ((id >= 8762823) AND (id <= 8763822))

table 7 : explain SELECT SUM(k) FROM sbtest7 WHERE id BETWEEN 2378555 AND 2379554
	Aggregate  (cost=3406.39..3406.40 rows=1 width=8)
	  ->  Bitmap Heap Scan on sbtest7  (cost=21.44..3404.19 rows=879 width=4)
	        Recheck Cond: ((id >= 2378555) AND (id <= 2379554))
	        ->  Bitmap Index Scan on sbtest7_pkey  (cost=0.00..21.22 rows=879 width=0)
	              Index Cond: ((id >= 2378555) AND (id <= 2379554))

table 8 : explain SELECT SUM(k) FROM sbtest8 WHERE id BETWEEN 6443068 AND 6444067
	Aggregate  (cost=4051.87..4051.88 rows=1 width=8)
	  ->  Bitmap Heap Scan on sbtest8  (cost=23.20..4049.25 rows=1050 width=4)
	        Recheck Cond: ((id >= 6443068) AND (id <= 6444067))
	        ->  Bitmap Index Scan on sbtest8_pkey  (cost=0.00..22.93 rows=1050 width=0)
	              Index Cond: ((id >= 6443068) AND (id <= 6444067))

for: sum_ranges
table 1 : explain SELECT SUM(k) FROM sbtest1 WHERE id BETWEEN 2775814 AND 2776813
	Aggregate  (cost=3904.61..3904.62 rows=1 width=8)
	  ->  Bitmap Heap Scan on sbtest1  (cost=22.80..3902.08 rows=1011 width=4)
	        Recheck Cond: ((id >= 2775814) AND (id <= 2776813))
	        ->  Bitmap Index Scan on sbtest1_pkey  (cost=0.00..22.54 rows=1011 width=0)
	              Index Cond: ((id >= 2775814) AND (id <= 2776813))

table 2 : explain SELECT SUM(k) FROM sbtest2 WHERE id BETWEEN 2900446 AND 2901445
	Aggregate  (cost=3528.11..3528.12 rows=1 width=8)
	  ->  Bitmap Heap Scan on sbtest2  (cost=21.77..3525.83 rows=911 width=4)
	        Recheck Cond: ((id >= 2900446) AND (id <= 2901445))
	        ->  Bitmap Index Scan on sbtest2_pkey  (cost=0.00..21.54 rows=911 width=0)
	              Index Cond: ((id >= 2900446) AND (id <= 2901445))

table 3 : explain SELECT SUM(k) FROM sbtest3 WHERE id BETWEEN 9749206 AND 9750205
	Aggregate  (cost=3997.85..3997.86 rows=1 width=8)
	  ->  Bitmap Heap Scan on sbtest3  (cost=23.05..3995.26 rows=1036 width=4)
	        Recheck Cond: ((id >= 9749206) AND (id <= 9750205))
	        ->  Bitmap Index Scan on sbtest3_pkey  (cost=0.00..22.79 rows=1036 width=0)
	              Index Cond: ((id >= 9749206) AND (id <= 9750205))

table 4 : explain SELECT SUM(k) FROM sbtest4 WHERE id BETWEEN 7487303 AND 7488302
	Aggregate  (cost=4002.45..4002.46 rows=1 width=8)
	  ->  Bitmap Heap Scan on sbtest4  (cost=23.06..3999.86 rows=1037 width=4)
	        Recheck Cond: ((id >= 7487303) AND (id <= 7488302))
	        ->  Bitmap Index Scan on sbtest4_pkey  (cost=0.00..22.80 rows=1037 width=0)
	              Index Cond: ((id >= 7487303) AND (id <= 7488302))

table 5 : explain SELECT SUM(k) FROM sbtest5 WHERE id BETWEEN 7368259 AND 7369258
	Aggregate  (cost=3573.47..3573.48 rows=1 width=8)
	  ->  Bitmap Heap Scan on sbtest5  (cost=21.90..3571.16 rows=923 width=4)
	        Recheck Cond: ((id >= 7368259) AND (id <= 7369258))
	        ->  Bitmap Index Scan on sbtest5_pkey  (cost=0.00..21.66 rows=923 width=0)
	              Index Cond: ((id >= 7368259) AND (id <= 7369258))

table 6 : explain SELECT SUM(k) FROM sbtest6 WHERE id BETWEEN 5729781 AND 5730780
	Aggregate  (cost=4108.01..4108.02 rows=1 width=8)
	  ->  Bitmap Heap Scan on sbtest6  (cost=23.35..4105.35 rows=1065 width=4)
	        Recheck Cond: ((id >= 5729781) AND (id <= 5730780))
	        ->  Bitmap Index Scan on sbtest6_pkey  (cost=0.00..23.08 rows=1065 width=0)
	              Index Cond: ((id >= 5729781) AND (id <= 5730780))

table 7 : explain SELECT SUM(k) FROM sbtest7 WHERE id BETWEEN 2850589 AND 2851588
	Aggregate  (cost=3818.08..3818.09 rows=1 width=8)
	  ->  Bitmap Heap Scan on sbtest7  (cost=22.56..3815.61 rows=988 width=4)
	        Recheck Cond: ((id >= 2850589) AND (id <= 2851588))
	        ->  Bitmap Index Scan on sbtest7_pkey  (cost=0.00..22.32 rows=988 width=0)
	              Index Cond: ((id >= 2850589) AND (id <= 2851588))

table 8 : explain SELECT SUM(k) FROM sbtest8 WHERE id BETWEEN 9491349 AND 9492348
	Aggregate  (cost=3961.55..3961.56 rows=1 width=8)
	  ->  Bitmap Heap Scan on sbtest8  (cost=22.95..3958.98 rows=1026 width=4)
	        Recheck Cond: ((id >= 9491349) AND (id <= 9492348))
	        ->  Bitmap Index Scan on sbtest8_pkey  (cost=0.00..22.69 rows=1026 width=0)
	              Index Cond: ((id >= 9491349) AND (id <= 9492348))

for: order_ranges
table 1 : explain SELECT c FROM sbtest1 WHERE id BETWEEN 3575246 AND 3576245 ORDER BY c
	Sort  (cost=4189.22..4191.90 rows=1073 width=121)
	  Sort Key: c
	  ->  Bitmap Heap Scan on sbtest1  (cost=23.43..4135.21 rows=1073 width=121)
	        Recheck Cond: ((id >= 3575246) AND (id <= 3576245))
	        ->  Bitmap Index Scan on sbtest1_pkey  (cost=0.00..23.16 rows=1073 width=0)
	              Index Cond: ((id >= 3575246) AND (id <= 3576245))

table 2 : explain SELECT c FROM sbtest2 WHERE id BETWEEN 6899602 AND 6900601 ORDER BY c
	Sort  (cost=3819.62..3822.06 rows=976 width=121)
	  Sort Key: c
	  ->  Bitmap Heap Scan on sbtest2  (cost=22.44..3771.16 rows=976 width=121)
	        Recheck Cond: ((id >= 6899602) AND (id <= 6900601))
	        ->  Bitmap Index Scan on sbtest2_pkey  (cost=0.00..22.19 rows=976 width=0)
	              Index Cond: ((id >= 6899602) AND (id <= 6900601))

table 3 : explain SELECT c FROM sbtest3 WHERE id BETWEEN 1457683 AND 1458682 ORDER BY c
	Sort  (cost=3951.69..3954.22 rows=1011 width=121)
	  Sort Key: c
	  ->  Bitmap Heap Scan on sbtest3  (cost=22.80..3901.23 rows=1011 width=121)
	        Recheck Cond: ((id >= 1457683) AND (id <= 1458682))
	        ->  Bitmap Index Scan on sbtest3_pkey  (cost=0.00..22.54 rows=1011 width=0)
	              Index Cond: ((id >= 1457683) AND (id <= 1458682))

table 4 : explain SELECT c FROM sbtest4 WHERE id BETWEEN 8408353 AND 8409352 ORDER BY c
	Sort  (cost=3921.92..3924.43 rows=1003 width=121)
	  Sort Key: c
	  ->  Bitmap Heap Scan on sbtest4  (cost=22.72..3871.92 rows=1003 width=121)
	        Recheck Cond: ((id >= 8408353) AND (id <= 8409352))
	        ->  Bitmap Index Scan on sbtest4_pkey  (cost=0.00..22.46 rows=1003 width=0)
	              Index Cond: ((id >= 8408353) AND (id <= 8409352))

table 5 : explain SELECT c FROM sbtest5 WHERE id BETWEEN 3083486 AND 3084485 ORDER BY c
	Sort  (cost=4266.72..4269.45 rows=1092 width=121)
	  Sort Key: c
	  ->  Bitmap Heap Scan on sbtest5  (cost=27.63..4211.61 rows=1092 width=121)
	        Recheck Cond: ((id >= 3083486) AND (id <= 3084485))
	        ->  Bitmap Index Scan on sbtest5_pkey  (cost=0.00..27.36 rows=1092 width=0)
	              Index Cond: ((id >= 3083486) AND (id <= 3084485))

table 6 : explain SELECT c FROM sbtest6 WHERE id BETWEEN 1227850 AND 1228849 ORDER BY c
	Sort  (cost=3803.59..3806.02 rows=972 width=121)
	  Sort Key: c
	  ->  Bitmap Heap Scan on sbtest6  (cost=22.40..3755.36 rows=972 width=121)
	        Recheck Cond: ((id >= 1227850) AND (id <= 1228849))
	        ->  Bitmap Index Scan on sbtest6_pkey  (cost=0.00..22.15 rows=972 width=0)
	              Index Cond: ((id >= 1227850) AND (id <= 1228849))

table 7 : explain SELECT c FROM sbtest7 WHERE id BETWEEN 6352472 AND 6353471 ORDER BY c
	Sort  (cost=4399.24..4402.06 rows=1128 width=121)
	  Sort Key: c
	  ->  Bitmap Heap Scan on sbtest7  (cost=28.00..4342.05 rows=1128 width=121)
	        Recheck Cond: ((id >= 6352472) AND (id <= 6353471))
	        ->  Bitmap Index Scan on sbtest7_pkey  (cost=0.00..27.71 rows=1128 width=0)
	              Index Cond: ((id >= 6352472) AND (id <= 6353471))

table 8 : explain SELECT c FROM sbtest8 WHERE id BETWEEN 647455 AND 648454 ORDER BY c
	Sort  (cost=3800.01..3802.44 rows=971 width=121)
	  Sort Key: c
	  ->  Bitmap Heap Scan on sbtest8  (cost=22.39..3751.83 rows=971 width=121)
	        Recheck Cond: ((id >= 647455) AND (id <= 648454))
	        ->  Bitmap Index Scan on sbtest8_pkey  (cost=0.00..22.14 rows=971 width=0)
	              Index Cond: ((id >= 647455) AND (id <= 648454))

for point_selects
table 1 : explain SELECT c FROM sbtest1 WHERE id=7006017
	Index Scan using sbtest1_pkey on sbtest1  (cost=0.43..8.45 rows=1 width=121)
	  Index Cond: (id = 7006017)

table 2 : explain SELECT c FROM sbtest2 WHERE id=3825684
	Index Scan using sbtest2_pkey on sbtest2  (cost=0.43..8.45 rows=1 width=121)
	  Index Cond: (id = 3825684)

table 3 : explain SELECT c FROM sbtest3 WHERE id=5352264
	Index Scan using sbtest3_pkey on sbtest3  (cost=0.43..8.45 rows=1 width=121)
	  Index Cond: (id = 5352264)

table 4 : explain SELECT c FROM sbtest4 WHERE id=1026385
	Index Scan using sbtest4_pkey on sbtest4  (cost=0.43..8.45 rows=1 width=121)
	  Index Cond: (id = 1026385)

table 5 : explain SELECT c FROM sbtest5 WHERE id=5901072
	Index Scan using sbtest5_pkey on sbtest5  (cost=0.43..8.45 rows=1 width=121)
	  Index Cond: (id = 5901072)

table 6 : explain SELECT c FROM sbtest6 WHERE id=4743595
	Index Scan using sbtest6_pkey on sbtest6  (cost=0.43..8.45 rows=1 width=121)
	  Index Cond: (id = 4743595)

table 7 : explain SELECT c FROM sbtest7 WHERE id=1752391
	Index Scan using sbtest7_pkey on sbtest7  (cost=0.43..8.45 rows=1 width=121)
	  Index Cond: (id = 1752391)

table 8 : explain SELECT c FROM sbtest8 WHERE id=1507826
	Index Scan using sbtest8_pkey on sbtest8  (cost=0.43..8.45 rows=1 width=121)
	  Index Cond: (id = 1507826)

for: distinct_ranges
table 1 : explain SELECT DISTINCT c FROM sbtest1 WHERE id BETWEEN 6069125 AND 6070124 ORDER BY c
	Unique  (cost=3638.79..3643.43 rows=929 width=121)
	  ->  Sort  (cost=3638.79..3641.11 rows=929 width=121)
	        Sort Key: c
	        ->  Bitmap Heap Scan on sbtest1  (cost=21.96..3592.99 rows=929 width=121)
	              Recheck Cond: ((id >= 6069125) AND (id <= 6070124))
	              ->  Bitmap Index Scan on sbtest1_pkey  (cost=0.00..21.72 rows=929 width=0)
	                    Index Cond: ((id >= 6069125) AND (id <= 6070124))

table 2 : explain SELECT DISTINCT c FROM sbtest2 WHERE id BETWEEN 5521829 AND 5522828 ORDER BY c
	Unique  (cost=3685.60..3690.31 rows=941 width=121)
	  ->  Sort  (cost=3685.60..3687.96 rows=941 width=121)
	        Sort Key: c
	        ->  Bitmap Heap Scan on sbtest2  (cost=22.08..3639.13 rows=941 width=121)
	              Recheck Cond: ((id >= 5521829) AND (id <= 5522828))
	              ->  Bitmap Index Scan on sbtest2_pkey  (cost=0.00..21.84 rows=941 width=0)
	                    Index Cond: ((id >= 5521829) AND (id <= 5522828))

table 3 : explain SELECT DISTINCT c FROM sbtest3 WHERE id BETWEEN 5247714 AND 5248713 ORDER BY c
	Unique  (cost=4302.88..4308.40 rows=1103 width=121)
	  ->  Sort  (cost=4302.88..4305.64 rows=1103 width=121)
	        Sort Key: c
	        ->  Bitmap Heap Scan on sbtest3  (cost=27.74..4247.14 rows=1103 width=121)
	              Recheck Cond: ((id >= 5247714) AND (id <= 5248713))
	              ->  Bitmap Index Scan on sbtest3_pkey  (cost=0.00..27.46 rows=1103 width=0)
	                    Index Cond: ((id >= 5247714) AND (id <= 5248713))

table 4 : explain SELECT DISTINCT c FROM sbtest4 WHERE id BETWEEN 8628482 AND 8629481 ORDER BY c
	Unique  (cost=3876.05..3881.00 rows=991 width=121)
	  ->  Sort  (cost=3876.05..3878.52 rows=991 width=121)
	        Sort Key: c
	        ->  Bitmap Heap Scan on sbtest4  (cost=22.59..3826.73 rows=991 width=121)
	              Recheck Cond: ((id >= 8628482) AND (id <= 8629481))
	              ->  Bitmap Index Scan on sbtest4_pkey  (cost=0.00..22.34 rows=991 width=0)
	                    Index Cond: ((id >= 8628482) AND (id <= 8629481))

table 5 : explain SELECT DISTINCT c FROM sbtest5 WHERE id BETWEEN 1471367 AND 1472366 ORDER BY c
	Unique  (cost=3739.23..3744.00 rows=955 width=121)
	  ->  Sort  (cost=3739.23..3741.61 rows=955 width=121)
	        Sort Key: c
	        ->  Bitmap Heap Scan on sbtest5  (cost=22.22..3691.96 rows=955 width=121)
	              Recheck Cond: ((id >= 1471367) AND (id <= 1472366))
	              ->  Bitmap Index Scan on sbtest5_pkey  (cost=0.00..21.98 rows=955 width=0)
	                    Index Cond: ((id >= 1471367) AND (id <= 1472366))

table 6 : explain SELECT DISTINCT c FROM sbtest6 WHERE id BETWEEN 8440691 AND 8441690 ORDER BY c
	Unique  (cost=3585.29..3589.87 rows=915 width=121)
	  ->  Sort  (cost=3585.29..3587.58 rows=915 width=121)
	        Sort Key: c
	        ->  Bitmap Heap Scan on sbtest6  (cost=21.81..3540.29 rows=915 width=121)
	              Recheck Cond: ((id >= 8440691) AND (id <= 8441690))
	              ->  Bitmap Index Scan on sbtest6_pkey  (cost=0.00..21.58 rows=915 width=0)
	                    Index Cond: ((id >= 8440691) AND (id <= 8441690))

table 7 : explain SELECT DISTINCT c FROM sbtest7 WHERE id BETWEEN 6545396 AND 6546395 ORDER BY c
	Unique  (cost=4162.68..4168.01 rows=1066 width=121)
	  ->  Sort  (cost=4162.68..4165.34 rows=1066 width=121)
	        Sort Key: c
	        ->  Bitmap Heap Scan on sbtest7  (cost=23.36..4109.07 rows=1066 width=121)
	              Recheck Cond: ((id >= 6545396) AND (id <= 6546395))
	              ->  Bitmap Index Scan on sbtest7_pkey  (cost=0.00..23.09 rows=1066 width=0)
	                    Index Cond: ((id >= 6545396) AND (id <= 6546395))

table 8 : explain SELECT DISTINCT c FROM sbtest8 WHERE id BETWEEN 1037720 AND 1038719 ORDER BY c
	Unique  (cost=3968.27..3973.34 rows=1015 width=121)
	  ->  Sort  (cost=3968.27..3970.80 rows=1015 width=121)
	        Sort Key: c
	        ->  Bitmap Heap Scan on sbtest8  (cost=22.84..3917.58 rows=1015 width=121)
	              Recheck Cond: ((id >= 1037720) AND (id <= 1038719))
	              ->  Bitmap Index Scan on sbtest8_pkey  (cost=0.00..22.58 rows=1015 width=0)
	                    Index Cond: ((id >= 1037720) AND (id <= 1038719))

for: sum_ranges
table 1 : explain SELECT SUM(k) FROM sbtest1 WHERE id BETWEEN 11224 AND 12223
	Aggregate  (cost=3587.76..3587.77 rows=1 width=8)
	  ->  Bitmap Heap Scan on sbtest1  (cost=21.94..3585.44 rows=927 width=4)
	        Recheck Cond: ((id >= 11224) AND (id <= 12223))
	        ->  Bitmap Index Scan on sbtest1_pkey  (cost=0.00..21.70 rows=927 width=0)
	              Index Cond: ((id >= 11224) AND (id <= 12223))

table 2 : explain SELECT SUM(k) FROM sbtest2 WHERE id BETWEEN 9154702 AND 9155701
	Aggregate  (cost=3992.19..3992.20 rows=1 width=8)
	  ->  Bitmap Heap Scan on sbtest2  (cost=23.03..3989.60 rows=1034 width=4)
	        Recheck Cond: ((id >= 9154702) AND (id <= 9155701))
	        ->  Bitmap Index Scan on sbtest2_pkey  (cost=0.00..22.77 rows=1034 width=0)
	              Index Cond: ((id >= 9154702) AND (id <= 9155701))

table 3 : explain SELECT SUM(k) FROM sbtest3 WHERE id BETWEEN 2952748 AND 2953747
	Aggregate  (cost=3537.91..3537.92 rows=1 width=8)
	  ->  Bitmap Heap Scan on sbtest3  (cost=21.80..3535.62 rows=914 width=4)
	        Recheck Cond: ((id >= 2952748) AND (id <= 2953747))
	        ->  Bitmap Index Scan on sbtest3_pkey  (cost=0.00..21.57 rows=914 width=0)
	              Index Cond: ((id >= 2952748) AND (id <= 2953747))

table 4 : explain SELECT SUM(k) FROM sbtest4 WHERE id BETWEEN 3924957 AND 3925956
	Aggregate  (cost=4258.32..4258.33 rows=1 width=8)
	  ->  Bitmap Heap Scan on sbtest4  (cost=27.76..4255.56 rows=1105 width=4)
	        Recheck Cond: ((id >= 3924957) AND (id <= 3925956))
	        ->  Bitmap Index Scan on sbtest4_pkey  (cost=0.00..27.48 rows=1105 width=0)
	              Index Cond: ((id >= 3924957) AND (id <= 3925956))

table 5 : explain SELECT SUM(k) FROM sbtest5 WHERE id BETWEEN 6049873 AND 6050872
	Aggregate  (cost=3788.69..3788.70 rows=1 width=8)
	  ->  Bitmap Heap Scan on sbtest5  (cost=22.48..3786.24 rows=980 width=4)
	        Recheck Cond: ((id >= 6049873) AND (id <= 6050872))
	        ->  Bitmap Index Scan on sbtest5_pkey  (cost=0.00..22.23 rows=980 width=0)
	              Index Cond: ((id >= 6049873) AND (id <= 6050872))

table 6 : explain SELECT SUM(k) FROM sbtest6 WHERE id BETWEEN 5480052 AND 5481051
	Aggregate  (cost=3618.14..3618.15 rows=1 width=8)
	  ->  Bitmap Heap Scan on sbtest6  (cost=22.02..3615.80 rows=935 width=4)
	        Recheck Cond: ((id >= 5480052) AND (id <= 5481051))
	        ->  Bitmap Index Scan on sbtest6_pkey  (cost=0.00..21.79 rows=935 width=0)
	              Index Cond: ((id >= 5480052) AND (id <= 5481051))

table 7 : explain SELECT SUM(k) FROM sbtest7 WHERE id BETWEEN 9649688 AND 9650687
	Aggregate  (cost=3584.11..3584.12 rows=1 width=8)
	  ->  Bitmap Heap Scan on sbtest7  (cost=21.93..3581.79 rows=926 width=4)
	        Recheck Cond: ((id >= 9649688) AND (id <= 9650687))
	        ->  Bitmap Index Scan on sbtest7_pkey  (cost=0.00..21.69 rows=926 width=0)
	              Index Cond: ((id >= 9649688) AND (id <= 9650687))

table 8 : explain SELECT SUM(k) FROM sbtest8 WHERE id BETWEEN 3895199 AND 3896198
	Aggregate  (cost=3776.89..3776.90 rows=1 width=8)
	  ->  Bitmap Heap Scan on sbtest8  (cost=22.45..3774.45 rows=977 width=4)
	        Recheck Cond: ((id >= 3895199) AND (id <= 3896198))
	        ->  Bitmap Index Scan on sbtest8_pkey  (cost=0.00..22.20 rows=977 width=0)
	              Index Cond: ((id >= 3895199) AND (id <= 3896198))

for: sum_ranges
table 1 : explain SELECT SUM(k) FROM sbtest1 WHERE id BETWEEN 3010170 AND 3011169
	Aggregate  (cost=3912.14..3912.15 rows=1 width=8)
	  ->  Bitmap Heap Scan on sbtest1  (cost=22.82..3909.61 rows=1013 width=4)
	        Recheck Cond: ((id >= 3010170) AND (id <= 3011169))
	        ->  Bitmap Index Scan on sbtest1_pkey  (cost=0.00..22.57 rows=1013 width=0)
	              Index Cond: ((id >= 3010170) AND (id <= 3011169))

table 2 : explain SELECT SUM(k) FROM sbtest2 WHERE id BETWEEN 5865078 AND 5866077
	Aggregate  (cost=4236.89..4236.90 rows=1 width=8)
	  ->  Bitmap Heap Scan on sbtest2  (cost=27.69..4234.14 rows=1098 width=4)
	        Recheck Cond: ((id >= 5865078) AND (id <= 5866077))
	        ->  Bitmap Index Scan on sbtest2_pkey  (cost=0.00..27.41 rows=1098 width=0)
	              Index Cond: ((id >= 5865078) AND (id <= 5866077))

table 3 : explain SELECT SUM(k) FROM sbtest3 WHERE id BETWEEN 5545707 AND 5546706
	Aggregate  (cost=3673.83..3673.84 rows=1 width=8)
	  ->  Bitmap Heap Scan on sbtest3  (cost=22.17..3671.46 rows=950 width=4)
	        Recheck Cond: ((id >= 5545707) AND (id <= 5546706))
	        ->  Bitmap Index Scan on sbtest3_pkey  (cost=0.00..21.93 rows=950 width=0)
	              Index Cond: ((id >= 5545707) AND (id <= 5546706))

table 4 : explain SELECT SUM(k) FROM sbtest4 WHERE id BETWEEN 2092858 AND 2093857
	Aggregate  (cost=3897.03..3897.04 rows=1 width=8)
	  ->  Bitmap Heap Scan on sbtest4  (cost=22.78..3894.51 rows=1009 width=4)
	        Recheck Cond: ((id >= 2092858) AND (id <= 2093857))
	        ->  Bitmap Index Scan on sbtest4_pkey  (cost=0.00..22.52 rows=1009 width=0)
	              Index Cond: ((id >= 2092858) AND (id <= 2093857))

table 5 : explain SELECT SUM(k) FROM sbtest5 WHERE id BETWEEN 7888428 AND 7889427
	Aggregate  (cost=4082.74..4082.75 rows=1 width=8)
	  ->  Bitmap Heap Scan on sbtest5  (cost=27.27..4080.10 rows=1057 width=4)
	        Recheck Cond: ((id >= 7888428) AND (id <= 7889427))
	        ->  Bitmap Index Scan on sbtest5_pkey  (cost=0.00..27.00 rows=1057 width=0)
	              Index Cond: ((id >= 7888428) AND (id <= 7889427))

table 6 : explain SELECT SUM(k) FROM sbtest6 WHERE id BETWEEN 7158515 AND 7159514
	Aggregate  (cost=3953.75..3953.76 rows=1 width=8)
	  ->  Bitmap Heap Scan on sbtest6  (cost=22.93..3951.19 rows=1024 width=4)
	        Recheck Cond: ((id >= 7158515) AND (id <= 7159514))
	        ->  Bitmap Index Scan on sbtest6_pkey  (cost=0.00..22.68 rows=1024 width=0)
	              Index Cond: ((id >= 7158515) AND (id <= 7159514))

table 7 : explain SELECT SUM(k) FROM sbtest7 WHERE id BETWEEN 4669288 AND 4670287
	Aggregate  (cost=3708.71..3708.72 rows=1 width=8)
	  ->  Bitmap Heap Scan on sbtest7  (cost=22.26..3706.31 rows=959 width=4)
	        Recheck Cond: ((id >= 4669288) AND (id <= 4670287))
	        ->  Bitmap Index Scan on sbtest7_pkey  (cost=0.00..22.02 rows=959 width=0)
	              Index Cond: ((id >= 4669288) AND (id <= 4670287))

table 8 : explain SELECT SUM(k) FROM sbtest8 WHERE id BETWEEN 8270426 AND 8271425
	Aggregate  (cost=4074.45..4074.46 rows=1 width=8)
	  ->  Bitmap Heap Scan on sbtest8  (cost=23.26..4071.81 rows=1056 width=4)
	        Recheck Cond: ((id >= 8270426) AND (id <= 8271425))
	        ->  Bitmap Index Scan on sbtest8_pkey  (cost=0.00..23.00 rows=1056 width=0)
	              Index Cond: ((id >= 8270426) AND (id <= 8271425))

explain: for point_selects :: explain SELECT c FROM sbtest%u WHERE id=%u
for: order_ranges
table 1 : explain SELECT c FROM sbtest1 WHERE id BETWEEN 5798718 AND 5799717 ORDER BY c
	Sort  (cost=3734.53..3736.92 rows=954 width=121)
	  Sort Key: c
	  ->  Bitmap Heap Scan on sbtest1  (cost=22.21..3687.32 rows=954 width=121)
	        Recheck Cond: ((id >= 5798718) AND (id <= 5799717))
	        ->  Bitmap Index Scan on sbtest1_pkey  (cost=0.00..21.97 rows=954 width=0)
	              Index Cond: ((id >= 5798718) AND (id <= 5799717))

table 2 : explain SELECT c FROM sbtest2 WHERE id BETWEEN 8091909 AND 8092908 ORDER BY c
	Sort  (cost=4102.47..4105.10 rows=1050 width=121)
	  Sort Key: c
	  ->  Bitmap Heap Scan on sbtest2  (cost=23.20..4049.78 rows=1050 width=121)
	        Recheck Cond: ((id >= 8091909) AND (id <= 8092908))
	        ->  Bitmap Index Scan on sbtest2_pkey  (cost=0.00..22.93 rows=1050 width=0)
	              Index Cond: ((id >= 8091909) AND (id <= 8092908))

table 3 : explain SELECT c FROM sbtest3 WHERE id BETWEEN 9689652 AND 9690651 ORDER BY c
	Sort  (cost=3993.70..3996.26 rows=1022 width=121)
	  Sort Key: c
	  ->  Bitmap Heap Scan on sbtest3  (cost=22.91..3942.62 rows=1022 width=121)
	        Recheck Cond: ((id >= 9689652) AND (id <= 9690651))
	        ->  Bitmap Index Scan on sbtest3_pkey  (cost=0.00..22.65 rows=1022 width=0)
	              Index Cond: ((id >= 9689652) AND (id <= 9690651))

table 4 : explain SELECT c FROM sbtest4 WHERE id BETWEEN 5161660 AND 5162659 ORDER BY c
	Sort  (cost=4463.72..4466.58 rows=1145 width=121)
	  Sort Key: c
	  ->  Bitmap Heap Scan on sbtest4  (cost=28.17..4405.55 rows=1145 width=121)
	        Recheck Cond: ((id >= 5161660) AND (id <= 5162659))
	        ->  Bitmap Index Scan on sbtest4_pkey  (cost=0.00..27.89 rows=1145 width=0)
	              Index Cond: ((id >= 5161660) AND (id <= 5162659))

table 5 : explain SELECT c FROM sbtest5 WHERE id BETWEEN 4782199 AND 4783198 ORDER BY c
	Sort  (cost=3746.89..3749.28 rows=957 width=121)
	  Sort Key: c
	  ->  Bitmap Heap Scan on sbtest5  (cost=22.24..3699.50 rows=957 width=121)
	        Recheck Cond: ((id >= 4782199) AND (id <= 4783198))
	        ->  Bitmap Index Scan on sbtest5_pkey  (cost=0.00..22.00 rows=957 width=0)
	              Index Cond: ((id >= 4782199) AND (id <= 4783198))

table 6 : explain SELECT c FROM sbtest6 WHERE id BETWEEN 2586353 AND 2587352 ORDER BY c
	Sort  (cost=3960.36..3962.90 rows=1013 width=121)
	  Sort Key: c
	  ->  Bitmap Heap Scan on sbtest6  (cost=22.82..3909.79 rows=1013 width=121)
	        Recheck Cond: ((id >= 2586353) AND (id <= 2587352))
	        ->  Bitmap Index Scan on sbtest6_pkey  (cost=0.00..22.57 rows=1013 width=0)
	              Index Cond: ((id >= 2586353) AND (id <= 2587352))

table 7 : explain SELECT c FROM sbtest7 WHERE id BETWEEN 4762942 AND 4763941 ORDER BY c
	Sort  (cost=3818.86..3821.30 rows=976 width=121)
	  Sort Key: c
	  ->  Bitmap Heap Scan on sbtest7  (cost=22.44..3770.40 rows=976 width=121)
	        Recheck Cond: ((id >= 4762942) AND (id <= 4763941))
	        ->  Bitmap Index Scan on sbtest7_pkey  (cost=0.00..22.19 rows=976 width=0)
	              Index Cond: ((id >= 4762942) AND (id <= 4763941))

table 8 : explain SELECT c FROM sbtest8 WHERE id BETWEEN 2980546 AND 2981545 ORDER BY c
	Sort  (cost=4311.97..4314.74 rows=1105 width=121)
	  Sort Key: c
	  ->  Bitmap Heap Scan on sbtest8  (cost=27.76..4256.12 rows=1105 width=121)
	        Recheck Cond: ((id >= 2980546) AND (id <= 2981545))
	        ->  Bitmap Index Scan on sbtest8_pkey  (cost=0.00..27.48 rows=1105 width=0)
	              Index Cond: ((id >= 2980546) AND (id <= 2981545))

for: distinct_ranges
table 1 : explain SELECT DISTINCT c FROM sbtest1 WHERE id BETWEEN 6637313 AND 6638312 ORDER BY c
	Unique  (cost=4109.11..4114.37 rows=1052 width=121)
	  ->  Sort  (cost=4109.11..4111.74 rows=1052 width=121)
	        Sort Key: c
	        ->  Bitmap Heap Scan on sbtest1  (cost=23.22..4056.30 rows=1052 width=121)
	              Recheck Cond: ((id >= 6637313) AND (id <= 6638312))
	              ->  Bitmap Index Scan on sbtest1_pkey  (cost=0.00..22.95 rows=1052 width=0)
	                    Index Cond: ((id >= 6637313) AND (id <= 6638312))

table 2 : explain SELECT DISTINCT c FROM sbtest2 WHERE id BETWEEN 7432691 AND 7433690 ORDER BY c
	Unique  (cost=4052.83..4058.02 rows=1037 width=121)
	  ->  Sort  (cost=4052.83..4055.42 rows=1037 width=121)
	        Sort Key: c
	        ->  Bitmap Heap Scan on sbtest2  (cost=23.06..4000.89 rows=1037 width=121)
	              Recheck Cond: ((id >= 7432691) AND (id <= 7433690))
	              ->  Bitmap Index Scan on sbtest2_pkey  (cost=0.00..22.80 rows=1037 width=0)
	                    Index Cond: ((id >= 7432691) AND (id <= 7433690))

table 3 : explain SELECT DISTINCT c FROM sbtest3 WHERE id BETWEEN 691239 AND 692238 ORDER BY c
	Unique  (cost=3745.24..3750.02 rows=957 width=121)
	  ->  Sort  (cost=3745.24..3747.63 rows=957 width=121)
	        Sort Key: c
	        ->  Bitmap Heap Scan on sbtest3  (cost=22.24..3697.85 rows=957 width=121)
	              Recheck Cond: ((id >= 691239) AND (id <= 692238))
	              ->  Bitmap Index Scan on sbtest3_pkey  (cost=0.00..22.00 rows=957 width=0)
	                    Index Cond: ((id >= 691239) AND (id <= 692238))

table 4 : explain SELECT DISTINCT c FROM sbtest4 WHERE id BETWEEN 3946610 AND 3947609 ORDER BY c
	Unique  (cost=4311.42..4316.94 rows=1105 width=121)
	  ->  Sort  (cost=4311.42..4314.18 rows=1105 width=121)
	        Sort Key: c
	        ->  Bitmap Heap Scan on sbtest4  (cost=27.76..4255.56 rows=1105 width=121)
	              Recheck Cond: ((id >= 3946610) AND (id <= 3947609))
	              ->  Bitmap Index Scan on sbtest4_pkey  (cost=0.00..27.48 rows=1105 width=0)
	                    Index Cond: ((id >= 3946610) AND (id <= 3947609))

table 5 : explain SELECT DISTINCT c FROM sbtest5 WHERE id BETWEEN 6499864 AND 6500863 ORDER BY c
	Unique  (cost=4400.18..4405.82 rows=1128 width=121)
	  ->  Sort  (cost=4400.18..4403.00 rows=1128 width=121)
	        Sort Key: c
	        ->  Bitmap Heap Scan on sbtest5  (cost=28.00..4342.99 rows=1128 width=121)
	              Recheck Cond: ((id >= 6499864) AND (id <= 6500863))
	              ->  Bitmap Index Scan on sbtest5_pkey  (cost=0.00..27.71 rows=1128 width=0)
	                    Index Cond: ((id >= 6499864) AND (id <= 6500863))

table 6 : explain SELECT DISTINCT c FROM sbtest6 WHERE id BETWEEN 243396 AND 244395 ORDER BY c
	Unique  (cost=3734.70..3739.47 rows=954 width=121)
	  ->  Sort  (cost=3734.70..3737.09 rows=954 width=121)
	        Sort Key: c
	        ->  Bitmap Heap Scan on sbtest6  (cost=22.21..3687.49 rows=954 width=121)
	              Recheck Cond: ((id >= 243396) AND (id <= 244395))
	              ->  Bitmap Index Scan on sbtest6_pkey  (cost=0.00..21.97 rows=954 width=0)
	                    Index Cond: ((id >= 243396) AND (id <= 244395))

table 7 : explain SELECT DISTINCT c FROM sbtest7 WHERE id BETWEEN 373836 AND 374835 ORDER BY c
	Unique  (cost=3550.75..3555.28 rows=906 width=121)
	  ->  Sort  (cost=3550.75..3553.02 rows=906 width=121)
	        Sort Key: c
	        ->  Bitmap Heap Scan on sbtest7  (cost=21.72..3506.25 rows=906 width=121)
	              Recheck Cond: ((id >= 373836) AND (id <= 374835))
	              ->  Bitmap Index Scan on sbtest7_pkey  (cost=0.00..21.50 rows=906 width=0)
	                    Index Cond: ((id >= 373836) AND (id <= 374835))

table 8 : explain SELECT DISTINCT c FROM sbtest8 WHERE id BETWEEN 3291232 AND 3292231 ORDER BY c
	Unique  (cost=3899.46..3904.45 rows=997 width=121)
	  ->  Sort  (cost=3899.46..3901.96 rows=997 width=121)
	        Sort Key: c
	        ->  Bitmap Heap Scan on sbtest8  (cost=22.65..3849.81 rows=997 width=121)
	              Recheck Cond: ((id >= 3291232) AND (id <= 3292231))
	              ->  Bitmap Index Scan on sbtest8_pkey  (cost=0.00..22.40 rows=997 width=0)
	                    Index Cond: ((id >= 3291232) AND (id <= 3292231))

for: simple_ranges
table 1 : explain SELECT c FROM sbtest1 WHERE id BETWEEN 5235244 AND 5236243
	Bitmap Heap Scan on sbtest1  (cost=22.43..3766.49 rows=975 width=121)
	  Recheck Cond: ((id >= 5235244) AND (id <= 5236243))
	  ->  Bitmap Index Scan on sbtest1_pkey  (cost=0.00..22.18 rows=975 width=0)
	        Index Cond: ((id >= 5235244) AND (id <= 5236243))

table 2 : explain SELECT c FROM sbtest2 WHERE id BETWEEN 2943108 AND 2944107
	Bitmap Heap Scan on sbtest2  (cost=22.17..3673.09 rows=950 width=121)
	  Recheck Cond: ((id >= 2943108) AND (id <= 2944107))
	  ->  Bitmap Index Scan on sbtest2_pkey  (cost=0.00..21.93 rows=950 width=0)
	        Index Cond: ((id >= 2943108) AND (id <= 2944107))

table 3 : explain SELECT c FROM sbtest3 WHERE id BETWEEN 5915255 AND 5916254
	Bitmap Heap Scan on sbtest3  (cost=22.31..3720.47 rows=963 width=121)
	  Recheck Cond: ((id >= 5915255) AND (id <= 5916254))
	  ->  Bitmap Index Scan on sbtest3_pkey  (cost=0.00..22.07 rows=963 width=0)
	        Index Cond: ((id >= 5915255) AND (id <= 5916254))

table 4 : explain SELECT c FROM sbtest4 WHERE id BETWEEN 8369287 AND 8370286
	Bitmap Heap Scan on sbtest4  (cost=22.72..3871.92 rows=1003 width=121)
	  Recheck Cond: ((id >= 8369287) AND (id <= 8370286))
	  ->  Bitmap Index Scan on sbtest4_pkey  (cost=0.00..22.46 rows=1003 width=0)
	        Index Cond: ((id >= 8369287) AND (id <= 8370286))

table 5 : explain SELECT c FROM sbtest5 WHERE id BETWEEN 5638897 AND 5639896
	Bitmap Heap Scan on sbtest5  (cost=28.28..4447.97 rows=1156 width=121)
	  Recheck Cond: ((id >= 5638897) AND (id <= 5639896))
	  ->  Bitmap Index Scan on sbtest5_pkey  (cost=0.00..28.00 rows=1156 width=0)
	        Index Cond: ((id >= 5638897) AND (id <= 5639896))

table 6 : explain SELECT c FROM sbtest6 WHERE id BETWEEN 147293 AND 148292
	Bitmap Heap Scan on sbtest6  (cost=23.17..4037.70 rows=1047 width=121)
	  Recheck Cond: ((id >= 147293) AND (id <= 148292))
	  ->  Bitmap Index Scan on sbtest6_pkey  (cost=0.00..22.90 rows=1047 width=0)
	        Index Cond: ((id >= 147293) AND (id <= 148292))

table 7 : explain SELECT c FROM sbtest7 WHERE id BETWEEN 4961321 AND 4962320
	Bitmap Heap Scan on sbtest7  (cost=21.75..3517.59 rows=909 width=121)
	  Recheck Cond: ((id >= 4961321) AND (id <= 4962320))
	  ->  Bitmap Index Scan on sbtest7_pkey  (cost=0.00..21.52 rows=909 width=0)
	        Index Cond: ((id >= 4961321) AND (id <= 4962320))

table 8 : explain SELECT c FROM sbtest8 WHERE id BETWEEN 7824282 AND 7825281
	Bitmap Heap Scan on sbtest8  (cost=22.33..3729.21 rows=965 width=121)
	  Recheck Cond: ((id >= 7824282) AND (id <= 7825281))
	  ->  Bitmap Index Scan on sbtest8_pkey  (cost=0.00..22.08 rows=965 width=0)
	        Index Cond: ((id >= 7824282) AND (id <= 7825281))

for: order_ranges
table 1 : explain SELECT c FROM sbtest1 WHERE id BETWEEN 3860040 AND 3861039 ORDER BY c
	Sort  (cost=3952.54..3955.07 rows=1011 width=121)
	  Sort Key: c
	  ->  Bitmap Heap Scan on sbtest1  (cost=22.80..3902.08 rows=1011 width=121)
	        Recheck Cond: ((id >= 3860040) AND (id <= 3861039))
	        ->  Bitmap Index Scan on sbtest1_pkey  (cost=0.00..22.54 rows=1011 width=0)
	              Index Cond: ((id >= 3860040) AND (id <= 3861039))

table 2 : explain SELECT c FROM sbtest2 WHERE id BETWEEN 7055375 AND 7056374 ORDER BY c
	Sort  (cost=3854.06..3856.52 rows=985 width=121)
	  Sort Key: c
	  ->  Bitmap Heap Scan on sbtest2  (cost=22.53..3805.08 rows=985 width=121)
	        Recheck Cond: ((id >= 7055375) AND (id <= 7056374))
	        ->  Bitmap Index Scan on sbtest2_pkey  (cost=0.00..22.29 rows=985 width=0)
	              Index Cond: ((id >= 7055375) AND (id <= 7056374))

table 3 : explain SELECT c FROM sbtest3 WHERE id BETWEEN 4717434 AND 4718433 ORDER BY c
	Sort  (cost=3940.23..3942.75 rows=1008 width=121)
	  Sort Key: c
	  ->  Bitmap Heap Scan on sbtest3  (cost=22.77..3889.94 rows=1008 width=121)
	        Recheck Cond: ((id >= 4717434) AND (id <= 4718433))
	        ->  Bitmap Index Scan on sbtest3_pkey  (cost=0.00..22.51 rows=1008 width=0)
	              Index Cond: ((id >= 4717434) AND (id <= 4718433))

table 4 : explain SELECT c FROM sbtest4 WHERE id BETWEEN 1132447 AND 1133446 ORDER BY c
	Sort  (cost=4292.36..4295.11 rows=1100 width=121)
	  Sort Key: c
	  ->  Bitmap Heap Scan on sbtest4  (cost=27.71..4236.80 rows=1100 width=121)
	        Recheck Cond: ((id >= 1132447) AND (id <= 1133446))
	        ->  Bitmap Index Scan on sbtest4_pkey  (cost=0.00..27.43 rows=1100 width=0)
	              Index Cond: ((id >= 1132447) AND (id <= 1133446))

table 5 : explain SELECT c FROM sbtest5 WHERE id BETWEEN 7194985 AND 7195984 ORDER BY c
	Sort  (cost=3903.95..3906.45 rows=997 width=121)
	  Sort Key: c
	  ->  Bitmap Heap Scan on sbtest5  (cost=26.65..3854.30 rows=997 width=121)
	        Recheck Cond: ((id >= 7194985) AND (id <= 7195984))
	        ->  Bitmap Index Scan on sbtest5_pkey  (cost=0.00..26.40 rows=997 width=0)
	              Index Cond: ((id >= 7194985) AND (id <= 7195984))

table 6 : explain SELECT c FROM sbtest6 WHERE id BETWEEN 3496411 AND 3497410 ORDER BY c
	Sort  (cost=3948.90..3951.43 rows=1010 width=121)
	  Sort Key: c
	  ->  Bitmap Heap Scan on sbtest6  (cost=22.79..3898.50 rows=1010 width=121)
	        Recheck Cond: ((id >= 3496411) AND (id <= 3497410))
	        ->  Bitmap Index Scan on sbtest6_pkey  (cost=0.00..22.54 rows=1010 width=0)
	              Index Cond: ((id >= 3496411) AND (id <= 3497410))

table 7 : explain SELECT c FROM sbtest7 WHERE id BETWEEN 2840307 AND 2841306 ORDER BY c
	Sort  (cost=3864.76..3867.23 rows=988 width=121)
	  Sort Key: c
	  ->  Bitmap Heap Scan on sbtest7  (cost=22.56..3815.61 rows=988 width=121)
	        Recheck Cond: ((id >= 2840307) AND (id <= 2841306))
	        ->  Bitmap Index Scan on sbtest7_pkey  (cost=0.00..22.32 rows=988 width=0)
	              Index Cond: ((id >= 2840307) AND (id <= 2841306))

table 8 : explain SELECT c FROM sbtest8 WHERE id BETWEEN 6917560 AND 6918559 ORDER BY c
	Sort  (cost=4059.94..4062.54 rows=1039 width=121)
	  Sort Key: c
	  ->  Bitmap Heap Scan on sbtest8  (cost=23.08..4007.89 rows=1039 width=121)
	        Recheck Cond: ((id >= 6917560) AND (id <= 6918559))
	        ->  Bitmap Index Scan on sbtest8_pkey  (cost=0.00..22.82 rows=1039 width=0)
	              Index Cond: ((id >= 6917560) AND (id <= 6918559))

for: order_ranges
table 1 : explain SELECT c FROM sbtest1 WHERE id BETWEEN 993361 AND 994360 ORDER BY c
	Sort  (cost=4147.26..4149.92 rows=1062 width=121)
	  Sort Key: c
	  ->  Bitmap Heap Scan on sbtest1  (cost=23.32..4093.88 rows=1062 width=121)
	        Recheck Cond: ((id >= 993361) AND (id <= 994360))
	        ->  Bitmap Index Scan on sbtest1_pkey  (cost=0.00..23.05 rows=1062 width=0)
	              Index Cond: ((id >= 993361) AND (id <= 994360))

table 2 : explain SELECT c FROM sbtest2 WHERE id BETWEEN 6604277 AND 6605276 ORDER BY c
	Sort  (cost=3991.71..3994.26 rows=1021 width=121)
	  Sort Key: c
	  ->  Bitmap Heap Scan on sbtest2  (cost=22.90..3940.68 rows=1021 width=121)
	        Recheck Cond: ((id >= 6604277) AND (id <= 6605276))
	        ->  Bitmap Index Scan on sbtest2_pkey  (cost=0.00..22.64 rows=1021 width=0)
	              Index Cond: ((id >= 6604277) AND (id <= 6605276))

table 3 : explain SELECT c FROM sbtest3 WHERE id BETWEEN 4995635 AND 4996634 ORDER BY c
	Sort  (cost=4081.50..4084.11 rows=1045 width=121)
	  Sort Key: c
	  ->  Bitmap Heap Scan on sbtest3  (cost=23.15..4029.09 rows=1045 width=121)
	        Recheck Cond: ((id >= 4995635) AND (id <= 4996634))
	        ->  Bitmap Index Scan on sbtest3_pkey  (cost=0.00..22.89 rows=1045 width=0)
	              Index Cond: ((id >= 4995635) AND (id <= 4996634))

table 4 : explain SELECT c FROM sbtest4 WHERE id BETWEEN 9828399 AND 9829398 ORDER BY c
	Sort  (cost=3849.28..3851.74 rows=984 width=121)
	  Sort Key: c
	  ->  Bitmap Heap Scan on sbtest4  (cost=22.52..3800.36 rows=984 width=121)
	        Recheck Cond: ((id >= 9828399) AND (id <= 9829398))
	        ->  Bitmap Index Scan on sbtest4_pkey  (cost=0.00..22.27 rows=984 width=0)
	              Index Cond: ((id >= 9828399) AND (id <= 9829398))

table 5 : explain SELECT c FROM sbtest5 WHERE id BETWEEN 243638 AND 244637 ORDER BY c
	Sort  (cost=3455.50..3457.70 rows=881 width=121)
	  Sort Key: c
	  ->  Bitmap Heap Scan on sbtest5  (cost=21.47..3412.41 rows=881 width=121)
	        Recheck Cond: ((id >= 243638) AND (id <= 244637))
	        ->  Bitmap Index Scan on sbtest5_pkey  (cost=0.00..21.25 rows=881 width=0)
	              Index Cond: ((id >= 243638) AND (id <= 244637))

table 6 : explain SELECT c FROM sbtest6 WHERE id BETWEEN 3191855 AND 3192854 ORDER BY c
	Sort  (cost=3792.11..3794.54 rows=969 width=121)
	  Sort Key: c
	  ->  Bitmap Heap Scan on sbtest6  (cost=22.37..3744.05 rows=969 width=121)
	        Recheck Cond: ((id >= 3191855) AND (id <= 3192854))
	        ->  Bitmap Index Scan on sbtest6_pkey  (cost=0.00..22.12 rows=969 width=0)
	              Index Cond: ((id >= 3191855) AND (id <= 3192854))

table 7 : explain SELECT c FROM sbtest7 WHERE id BETWEEN 7372021 AND 7373020 ORDER BY c
	Sort  (cost=3967.97..3970.50 rows=1015 width=121)
	  Sort Key: c
	  ->  Bitmap Heap Scan on sbtest7  (cost=22.84..3917.28 rows=1015 width=121)
	        Recheck Cond: ((id >= 7372021) AND (id <= 7373020))
	        ->  Bitmap Index Scan on sbtest7_pkey  (cost=0.00..22.58 rows=1015 width=0)
	              Index Cond: ((id >= 7372021) AND (id <= 7373020))

table 8 : explain SELECT c FROM sbtest8 WHERE id BETWEEN 3409433 AND 3410432 ORDER BY c
	Sort  (cost=3731.11..3733.49 rows=953 width=121)
	  Sort Key: c
	  ->  Bitmap Heap Scan on sbtest8  (cost=22.20..3683.95 rows=953 width=121)
	        Recheck Cond: ((id >= 3409433) AND (id <= 3410432))
	        ->  Bitmap Index Scan on sbtest8_pkey  (cost=0.00..21.96 rows=953 width=0)
	              Index Cond: ((id >= 3409433) AND (id <= 3410432))

for: order_ranges
table 1 : explain SELECT c FROM sbtest1 WHERE id BETWEEN 7488717 AND 7489716 ORDER BY c
	Sort  (cost=3910.50..3913.00 rows=1000 width=121)
	  Sort Key: c
	  ->  Bitmap Heap Scan on sbtest1  (cost=22.68..3860.67 rows=1000 width=121)
	        Recheck Cond: ((id >= 7488717) AND (id <= 7489716))
	        ->  Bitmap Index Scan on sbtest1_pkey  (cost=0.00..22.43 rows=1000 width=0)
	              Index Cond: ((id >= 7488717) AND (id <= 7489716))

table 2 : explain SELECT c FROM sbtest2 WHERE id BETWEEN 8842414 AND 8843413 ORDER BY c
	Sort  (cost=4037.55..4040.14 rows=1033 width=121)
	  Sort Key: c
	  ->  Bitmap Heap Scan on sbtest2  (cost=23.02..3985.84 rows=1033 width=121)
	        Recheck Cond: ((id >= 8842414) AND (id <= 8843413))
	        ->  Bitmap Index Scan on sbtest2_pkey  (cost=0.00..22.76 rows=1033 width=0)
	              Index Cond: ((id >= 8842414) AND (id <= 8843413))

table 3 : explain SELECT c FROM sbtest3 WHERE id BETWEEN 8992674 AND 8993673 ORDER BY c
	Sort  (cost=3710.79..3713.16 rows=948 width=121)
	  Sort Key: c
	  ->  Bitmap Heap Scan on sbtest3  (cost=22.15..3663.92 rows=948 width=121)
	        Recheck Cond: ((id >= 8992674) AND (id <= 8993673))
	        ->  Bitmap Index Scan on sbtest3_pkey  (cost=0.00..21.91 rows=948 width=0)
	              Index Cond: ((id >= 8992674) AND (id <= 8993673))

table 4 : explain SELECT c FROM sbtest4 WHERE id BETWEEN 1957648 AND 1958647 ORDER BY c
	Sort  (cost=3788.07..3790.49 rows=968 width=121)
	  Sort Key: c
	  ->  Bitmap Heap Scan on sbtest4  (cost=22.36..3740.06 rows=968 width=121)
	        Recheck Cond: ((id >= 1957648) AND (id <= 1958647))
	        ->  Bitmap Index Scan on sbtest4_pkey  (cost=0.00..22.11 rows=968 width=0)
	              Index Cond: ((id >= 1957648) AND (id <= 1958647))

table 5 : explain SELECT c FROM sbtest5 WHERE id BETWEEN 1040051 AND 1041050 ORDER BY c
	Sort  (cost=3670.28..3672.62 rows=937 width=121)
	  Sort Key: c
	  ->  Bitmap Heap Scan on sbtest5  (cost=22.04..3624.03 rows=937 width=121)
	        Recheck Cond: ((id >= 1040051) AND (id <= 1041050))
	        ->  Bitmap Index Scan on sbtest5_pkey  (cost=0.00..21.80 rows=937 width=0)
	              Index Cond: ((id >= 1040051) AND (id <= 1041050))

table 6 : explain SELECT c FROM sbtest6 WHERE id BETWEEN 8736683 AND 8737682 ORDER BY c
	Sort  (cost=4029.13..4031.70 rows=1031 width=121)
	  Sort Key: c
	  ->  Bitmap Heap Scan on sbtest6  (cost=23.00..3977.53 rows=1031 width=121)
	        Recheck Cond: ((id >= 8736683) AND (id <= 8737682))
	        ->  Bitmap Index Scan on sbtest6_pkey  (cost=0.00..22.75 rows=1031 width=0)
	              Index Cond: ((id >= 8736683) AND (id <= 8737682))

table 7 : explain SELECT c FROM sbtest7 WHERE id BETWEEN 5979708 AND 5980707 ORDER BY c
	Sort  (cost=3895.35..3897.84 rows=996 width=121)
	  Sort Key: c
	  ->  Bitmap Heap Scan on sbtest7  (cost=22.64..3845.75 rows=996 width=121)
	        Recheck Cond: ((id >= 5979708) AND (id <= 5980707))
	        ->  Bitmap Index Scan on sbtest7_pkey  (cost=0.00..22.39 rows=996 width=0)
	              Index Cond: ((id >= 5979708) AND (id <= 5980707))

table 8 : explain SELECT c FROM sbtest8 WHERE id BETWEEN 5895615 AND 5896614 ORDER BY c
	Sort  (cost=3983.55..3986.10 rows=1019 width=121)
	  Sort Key: c
	  ->  Bitmap Heap Scan on sbtest8  (cost=22.88..3932.64 rows=1019 width=121)
	        Recheck Cond: ((id >= 5895615) AND (id <= 5896614))
	        ->  Bitmap Index Scan on sbtest8_pkey  (cost=0.00..22.62 rows=1019 width=0)
	              Index Cond: ((id >= 5895615) AND (id <= 5896614))

for: distinct_ranges
table 1 : explain SELECT DISTINCT c FROM sbtest1 WHERE id BETWEEN 964023 AND 965022 ORDER BY c
	Unique  (cost=4166.34..4171.67 rows=1067 width=121)
	  ->  Sort  (cost=4166.34..4169.00 rows=1067 width=121)
	        Sort Key: c
	        ->  Bitmap Heap Scan on sbtest1  (cost=23.37..4112.67 rows=1067 width=121)
	              Recheck Cond: ((id >= 964023) AND (id <= 965022))
	              ->  Bitmap Index Scan on sbtest1_pkey  (cost=0.00..23.11 rows=1067 width=0)
	                    Index Cond: ((id >= 964023) AND (id <= 965022))

table 2 : explain SELECT DISTINCT c FROM sbtest2 WHERE id BETWEEN 4223865 AND 4224864 ORDER BY c
	Unique  (cost=3926.72..3931.74 rows=1004 width=121)
	  ->  Sort  (cost=3926.72..3929.23 rows=1004 width=121)
	        Sort Key: c
	        ->  Bitmap Heap Scan on sbtest2  (cost=22.73..3876.67 rows=1004 width=121)
	              Recheck Cond: ((id >= 4223865) AND (id <= 4224864))
	              ->  Bitmap Index Scan on sbtest2_pkey  (cost=0.00..22.47 rows=1004 width=0)
	                    Index Cond: ((id >= 4223865) AND (id <= 4224864))

table 3 : explain SELECT DISTINCT c FROM sbtest3 WHERE id BETWEEN 1186827 AND 1187826 ORDER BY c
	Unique  (cost=3970.79..3975.87 rows=1016 width=121)
	  ->  Sort  (cost=3970.79..3973.33 rows=1016 width=121)
	        Sort Key: c
	        ->  Bitmap Heap Scan on sbtest3  (cost=22.85..3920.05 rows=1016 width=121)
	              Recheck Cond: ((id >= 1186827) AND (id <= 1187826))
	              ->  Bitmap Index Scan on sbtest3_pkey  (cost=0.00..22.59 rows=1016 width=0)
	                    Index Cond: ((id >= 1186827) AND (id <= 1187826))

table 4 : explain SELECT DISTINCT c FROM sbtest4 WHERE id BETWEEN 7259549 AND 7260548 ORDER BY c
	Unique  (cost=3876.05..3881.00 rows=991 width=121)
	  ->  Sort  (cost=3876.05..3878.52 rows=991 width=121)
	        Sort Key: c
	        ->  Bitmap Heap Scan on sbtest4  (cost=22.59..3826.73 rows=991 width=121)
	              Recheck Cond: ((id >= 7259549) AND (id <= 7260548))
	              ->  Bitmap Index Scan on sbtest4_pkey  (cost=0.00..22.34 rows=991 width=0)
	                    Index Cond: ((id >= 7259549) AND (id <= 7260548))

table 5 : explain SELECT DISTINCT c FROM sbtest5 WHERE id BETWEEN 330843 AND 331842 ORDER BY c
	Unique  (cost=3834.92..3839.82 rows=980 width=121)
	  ->  Sort  (cost=3834.92..3837.37 rows=980 width=121)
	        Sort Key: c
	        ->  Bitmap Heap Scan on sbtest5  (cost=22.48..3786.24 rows=980 width=121)
	              Recheck Cond: ((id >= 330843) AND (id <= 331842))
	              ->  Bitmap Index Scan on sbtest5_pkey  (cost=0.00..22.23 rows=980 width=0)
	                    Index Cond: ((id >= 330843) AND (id <= 331842))

table 6 : explain SELECT DISTINCT c FROM sbtest6 WHERE id BETWEEN 3534233 AND 3535232 ORDER BY c
	Unique  (cost=3864.80..3869.74 rows=988 width=121)
	  ->  Sort  (cost=3864.80..3867.27 rows=988 width=121)
	        Sort Key: c
	        ->  Bitmap Heap Scan on sbtest6  (cost=22.56..3815.65 rows=988 width=121)
	              Recheck Cond: ((id >= 3534233) AND (id <= 3535232))
	              ->  Bitmap Index Scan on sbtest6_pkey  (cost=0.00..22.32 rows=988 width=0)
	                    Index Cond: ((id >= 3534233) AND (id <= 3535232))

table 7 : explain SELECT DISTINCT c FROM sbtest7 WHERE id BETWEEN 5979177 AND 5980176 ORDER BY c
	Unique  (cost=3895.35..3900.33 rows=996 width=121)
	  ->  Sort  (cost=3895.35..3897.84 rows=996 width=121)
	        Sort Key: c
	        ->  Bitmap Heap Scan on sbtest7  (cost=22.64..3845.75 rows=996 width=121)
	              Recheck Cond: ((id >= 5979177) AND (id <= 5980176))
	              ->  Bitmap Index Scan on sbtest7_pkey  (cost=0.00..22.39 rows=996 width=0)
	                    Index Cond: ((id >= 5979177) AND (id <= 5980176))

table 8 : explain SELECT DISTINCT c FROM sbtest8 WHERE id BETWEEN 2951102 AND 2952101 ORDER BY c
	Unique  (cost=3838.27..3843.18 rows=981 width=121)
	  ->  Sort  (cost=3838.27..3840.72 rows=981 width=121)
	        Sort Key: c
	        ->  Bitmap Heap Scan on sbtest8  (cost=22.49..3789.52 rows=981 width=121)
	              Recheck Cond: ((id >= 2951102) AND (id <= 2952101))
	              ->  Bitmap Index Scan on sbtest8_pkey  (cost=0.00..22.25 rows=981 width=0)
	                    Index Cond: ((id >= 2951102) AND (id <= 2952101))

for: distinct_ranges
table 1 : explain SELECT DISTINCT c FROM sbtest1 WHERE id BETWEEN 7961573 AND 7962572 ORDER BY c
	Unique  (cost=3967.82..3972.90 rows=1015 width=121)
	  ->  Sort  (cost=3967.82..3970.36 rows=1015 width=121)
	        Sort Key: c
	        ->  Bitmap Heap Scan on sbtest1  (cost=22.84..3917.14 rows=1015 width=121)
	              Recheck Cond: ((id >= 7961573) AND (id <= 7962572))
	              ->  Bitmap Index Scan on sbtest1_pkey  (cost=0.00..22.58 rows=1015 width=0)
	                    Index Cond: ((id >= 7961573) AND (id <= 7962572))

table 2 : explain SELECT DISTINCT c FROM sbtest2 WHERE id BETWEEN 292105 AND 293104 ORDER BY c
	Unique  (cost=3624.29..3628.91 rows=925 width=121)
	  ->  Sort  (cost=3624.29..3626.60 rows=925 width=121)
	        Sort Key: c
	        ->  Bitmap Heap Scan on sbtest2  (cost=21.92..3578.72 rows=925 width=121)
	              Recheck Cond: ((id >= 292105) AND (id <= 293104))
	              ->  Bitmap Index Scan on sbtest2_pkey  (cost=0.00..21.68 rows=925 width=0)
	                    Index Cond: ((id >= 292105) AND (id <= 293104))

table 3 : explain SELECT DISTINCT c FROM sbtest3 WHERE id BETWEEN 3333826 AND 3334825 ORDER BY c
	Unique  (cost=4249.27..4254.72 rows=1089 width=121)
	  ->  Sort  (cost=4249.27..4252.00 rows=1089 width=121)
	        Sort Key: c
	        ->  Bitmap Heap Scan on sbtest3  (cost=23.60..4194.34 rows=1089 width=121)
	              Recheck Cond: ((id >= 3333826) AND (id <= 3334825))
	              ->  Bitmap Index Scan on sbtest3_pkey  (cost=0.00..23.32 rows=1089 width=0)
	                    Index Cond: ((id >= 3333826) AND (id <= 3334825))

table 4 : explain SELECT DISTINCT c FROM sbtest4 WHERE id BETWEEN 2563751 AND 2564750 ORDER BY c
	Unique  (cost=4135.77..4141.06 rows=1059 width=121)
	  ->  Sort  (cost=4135.77..4138.41 rows=1059 width=121)
	        Sort Key: c
	        ->  Bitmap Heap Scan on sbtest4  (cost=23.29..4082.56 rows=1059 width=121)
	              Recheck Cond: ((id >= 2563751) AND (id <= 2564750))
	              ->  Bitmap Index Scan on sbtest4_pkey  (cost=0.00..23.02 rows=1059 width=0)
	                    Index Cond: ((id >= 2563751) AND (id <= 2564750))

table 5 : explain SELECT DISTINCT c FROM sbtest5 WHERE id BETWEEN 5146026 AND 5147025 ORDER BY c
	Unique  (cost=3723.91..3728.66 rows=951 width=121)
	  ->  Sort  (cost=3723.91..3726.29 rows=951 width=121)
	        Sort Key: c
	        ->  Bitmap Heap Scan on sbtest5  (cost=22.18..3676.87 rows=951 width=121)
	              Recheck Cond: ((id >= 5146026) AND (id <= 5147025))
	              ->  Bitmap Index Scan on sbtest5_pkey  (cost=0.00..21.94 rows=951 width=0)
	                    Index Cond: ((id >= 5146026) AND (id <= 5147025))

table 6 : explain SELECT DISTINCT c FROM sbtest6 WHERE id BETWEEN 2169140 AND 2170139 ORDER BY c
	Unique  (cost=4040.58..4045.75 rows=1034 width=121)
	  ->  Sort  (cost=4040.58..4043.17 rows=1034 width=121)
	        Sort Key: c
	        ->  Bitmap Heap Scan on sbtest6  (cost=23.03..3988.81 rows=1034 width=121)
	              Recheck Cond: ((id >= 2169140) AND (id <= 2170139))
	              ->  Bitmap Index Scan on sbtest6_pkey  (cost=0.00..22.77 rows=1034 width=0)
	                    Index Cond: ((id >= 2169140) AND (id <= 2170139))

table 7 : explain SELECT DISTINCT c FROM sbtest7 WHERE id BETWEEN 4911151 AND 4912150 ORDER BY c
	Unique  (cost=3868.58..3873.53 rows=989 width=121)
	  ->  Sort  (cost=3868.58..3871.06 rows=989 width=121)
	        Sort Key: c
	        ->  Bitmap Heap Scan on sbtest7  (cost=22.57..3819.38 rows=989 width=121)
	              Recheck Cond: ((id >= 4911151) AND (id <= 4912150))
	              ->  Bitmap Index Scan on sbtest7_pkey  (cost=0.00..22.32 rows=989 width=0)
	                    Index Cond: ((id >= 4911151) AND (id <= 4912150))

table 8 : explain SELECT DISTINCT c FROM sbtest8 WHERE id BETWEEN 7676227 AND 7677226 ORDER BY c
	Unique  (cost=3822.97..3827.85 rows=977 width=121)
	  ->  Sort  (cost=3822.97..3825.41 rows=977 width=121)
	        Sort Key: c
	        ->  Bitmap Heap Scan on sbtest8  (cost=22.45..3774.45 rows=977 width=121)
	              Recheck Cond: ((id >= 7676227) AND (id <= 7677226))
	              ->  Bitmap Index Scan on sbtest8_pkey  (cost=0.00..22.20 rows=977 width=0)
	                    Index Cond: ((id >= 7676227) AND (id <= 7677226))

for: sum_ranges
table 1 : explain SELECT SUM(k) FROM sbtest1 WHERE id BETWEEN 4080526 AND 4081525
	Aggregate  (cost=3889.54..3889.55 rows=1 width=8)
	  ->  Bitmap Heap Scan on sbtest1  (cost=22.76..3887.03 rows=1007 width=4)
	        Recheck Cond: ((id >= 4080526) AND (id <= 4081525))
	        ->  Bitmap Index Scan on sbtest1_pkey  (cost=0.00..22.50 rows=1007 width=0)
	              Index Cond: ((id >= 4080526) AND (id <= 4081525))

table 2 : explain SELECT SUM(k) FROM sbtest2 WHERE id BETWEEN 1289912 AND 1290911
	Aggregate  (cost=3977.12..3977.13 rows=1 width=8)
	  ->  Bitmap Heap Scan on sbtest2  (cost=22.99..3974.55 rows=1030 width=4)
	        Recheck Cond: ((id >= 1289912) AND (id <= 1290911))
	        ->  Bitmap Index Scan on sbtest2_pkey  (cost=0.00..22.73 rows=1030 width=0)
	              Index Cond: ((id >= 1289912) AND (id <= 1290911))

table 3 : explain SELECT SUM(k) FROM sbtest3 WHERE id BETWEEN 165952 AND 166951
	Aggregate  (cost=3930.11..3930.12 rows=1 width=8)
	  ->  Bitmap Heap Scan on sbtest3  (cost=22.87..3927.57 rows=1018 width=4)
	        Recheck Cond: ((id >= 165952) AND (id <= 166951))
	        ->  Bitmap Index Scan on sbtest3_pkey  (cost=0.00..22.61 rows=1018 width=0)
	              Index Cond: ((id >= 165952) AND (id <= 166951))

table 4 : explain SELECT SUM(k) FROM sbtest4 WHERE id BETWEEN 9893453 AND 9894452
	Aggregate  (cost=3625.49..3625.50 rows=1 width=8)
	  ->  Bitmap Heap Scan on sbtest4  (cost=22.04..3623.14 rows=937 width=4)
	        Recheck Cond: ((id >= 9893453) AND (id <= 9894452))
	        ->  Bitmap Index Scan on sbtest4_pkey  (cost=0.00..21.80 rows=937 width=0)
	              Index Cond: ((id >= 9893453) AND (id <= 9894452))

table 5 : explain SELECT SUM(k) FROM sbtest5 WHERE id BETWEEN 4232236 AND 4233235
	Aggregate  (cost=3811.31..3811.32 rows=1 width=8)
	  ->  Bitmap Heap Scan on sbtest5  (cost=22.54..3808.85 rows=986 width=4)
	        Recheck Cond: ((id >= 4232236) AND (id <= 4233235))
	        ->  Bitmap Index Scan on sbtest5_pkey  (cost=0.00..22.29 rows=986 width=0)
	              Index Cond: ((id >= 4232236) AND (id <= 4233235))

table 6 : explain SELECT SUM(k) FROM sbtest6 WHERE id BETWEEN 9354855 AND 9355854
	Aggregate  (cost=3572.81..3572.82 rows=1 width=8)
	  ->  Bitmap Heap Scan on sbtest6  (cost=21.90..3570.50 rows=923 width=4)
	        Recheck Cond: ((id >= 9354855) AND (id <= 9355854))
	        ->  Bitmap Index Scan on sbtest6_pkey  (cost=0.00..21.66 rows=923 width=0)
	              Index Cond: ((id >= 9354855) AND (id <= 9355854))

table 7 : explain SELECT SUM(k) FROM sbtest7 WHERE id BETWEEN 7319905 AND 7320904
	Aggregate  (cost=3919.82..3919.83 rows=1 width=8)
	  ->  Bitmap Heap Scan on sbtest7  (cost=22.84..3917.28 rows=1015 width=4)
	        Recheck Cond: ((id >= 7319905) AND (id <= 7320904))
	        ->  Bitmap Index Scan on sbtest7_pkey  (cost=0.00..22.58 rows=1015 width=0)
	              Index Cond: ((id >= 7319905) AND (id <= 7320904))

table 8 : explain SELECT SUM(k) FROM sbtest8 WHERE id BETWEEN 3472496 AND 3473495
	Aggregate  (cost=3980.37..3980.38 rows=1 width=8)
	  ->  Bitmap Heap Scan on sbtest8  (cost=23.00..3977.79 rows=1031 width=4)
	        Recheck Cond: ((id >= 3472496) AND (id <= 3473495))
	        ->  Bitmap Index Scan on sbtest8_pkey  (cost=0.00..22.75 rows=1031 width=0)
	              Index Cond: ((id >= 3472496) AND (id <= 3473495))

for: distinct_ranges
table 1 : explain SELECT DISTINCT c FROM sbtest1 WHERE id BETWEEN 7618405 AND 7619404 ORDER BY c
	Unique  (cost=3646.45..3651.11 rows=931 width=121)
	  ->  Sort  (cost=3646.45..3648.78 rows=931 width=121)
	        Sort Key: c
	        ->  Bitmap Heap Scan on sbtest1  (cost=21.98..3600.54 rows=931 width=121)
	              Recheck Cond: ((id >= 7618405) AND (id <= 7619404))
	              ->  Bitmap Index Scan on sbtest1_pkey  (cost=0.00..21.75 rows=931 width=0)
	                    Index Cond: ((id >= 7618405) AND (id <= 7619404))

table 2 : explain SELECT DISTINCT c FROM sbtest2 WHERE id BETWEEN 1425496 AND 1426495 ORDER BY c
	Unique  (cost=4240.03..4245.45 rows=1085 width=121)
	  ->  Sort  (cost=4240.03..4242.74 rows=1085 width=121)
	        Sort Key: c
	        ->  Bitmap Heap Scan on sbtest2  (cost=27.56..4185.32 rows=1085 width=121)
	              Recheck Cond: ((id >= 1425496) AND (id <= 1426495))
	              ->  Bitmap Index Scan on sbtest2_pkey  (cost=0.00..27.29 rows=1085 width=0)
	                    Index Cond: ((id >= 1425496) AND (id <= 1426495))

table 3 : explain SELECT DISTINCT c FROM sbtest3 WHERE id BETWEEN 7776898 AND 7777897 ORDER BY c
	Unique  (cost=3553.75..3558.28 rows=907 width=121)
	  ->  Sort  (cost=3553.75..3556.01 rows=907 width=121)
	        Sort Key: c
	        ->  Bitmap Heap Scan on sbtest3  (cost=21.73..3509.19 rows=907 width=121)
	              Recheck Cond: ((id >= 7776898) AND (id <= 7777897))
	              ->  Bitmap Index Scan on sbtest3_pkey  (cost=0.00..21.50 rows=907 width=0)
	                    Index Cond: ((id >= 7776898) AND (id <= 7777897))

table 4 : explain SELECT DISTINCT c FROM sbtest4 WHERE id BETWEEN 8334023 AND 8335022 ORDER BY c
	Unique  (cost=4105.24..4110.49 rows=1051 width=121)
	  ->  Sort  (cost=4105.24..4107.87 rows=1051 width=121)
	        Sort Key: c
	        ->  Bitmap Heap Scan on sbtest4  (cost=23.21..4052.49 rows=1051 width=121)
	              Recheck Cond: ((id >= 8334023) AND (id <= 8335022))
	              ->  Bitmap Index Scan on sbtest4_pkey  (cost=0.00..22.94 rows=1051 width=0)
	                    Index Cond: ((id >= 8334023) AND (id <= 8335022))

table 5 : explain SELECT DISTINCT c FROM sbtest5 WHERE id BETWEEN 5419449 AND 5420448 ORDER BY c
	Unique  (cost=4037.73..4042.89 rows=1032 width=121)
	  ->  Sort  (cost=4037.73..4040.31 rows=1032 width=121)
	        Sort Key: c
	        ->  Bitmap Heap Scan on sbtest5  (cost=27.01..3986.07 rows=1032 width=121)
	              Recheck Cond: ((id >= 5419449) AND (id <= 5420448))
	              ->  Bitmap Index Scan on sbtest5_pkey  (cost=0.00..26.75 rows=1032 width=0)
	                    Index Cond: ((id >= 5419449) AND (id <= 5420448))

table 6 : explain SELECT DISTINCT c FROM sbtest6 WHERE id BETWEEN 5760925 AND 5761924 ORDER BY c
	Unique  (cost=4158.90..4164.23 rows=1065 width=121)
	  ->  Sort  (cost=4158.90..4161.57 rows=1065 width=121)
	        Sort Key: c
	        ->  Bitmap Heap Scan on sbtest6  (cost=23.35..4105.35 rows=1065 width=121)
	              Recheck Cond: ((id >= 5760925) AND (id <= 5761924))
	              ->  Bitmap Index Scan on sbtest6_pkey  (cost=0.00..23.08 rows=1065 width=0)
	                    Index Cond: ((id >= 5760925) AND (id <= 5761924))

table 7 : explain SELECT DISTINCT c FROM sbtest7 WHERE id BETWEEN 3033777 AND 3034776 ORDER BY c
	Unique  (cost=4048.18..4053.36 rows=1036 width=121)
	  ->  Sort  (cost=4048.18..4050.77 rows=1036 width=121)
	        Sort Key: c
	        ->  Bitmap Heap Scan on sbtest7  (cost=23.05..3996.29 rows=1036 width=121)
	              Recheck Cond: ((id >= 3033777) AND (id <= 3034776))
	              ->  Bitmap Index Scan on sbtest7_pkey  (cost=0.00..22.79 rows=1036 width=0)
	                    Index Cond: ((id >= 3033777) AND (id <= 3034776))

table 8 : explain SELECT DISTINCT c FROM sbtest8 WHERE id BETWEEN 5957696 AND 5958695 ORDER BY c
	Unique  (cost=3983.55..3988.65 rows=1019 width=121)
	  ->  Sort  (cost=3983.55..3986.10 rows=1019 width=121)
	        Sort Key: c
	        ->  Bitmap Heap Scan on sbtest8  (cost=22.88..3932.64 rows=1019 width=121)
	              Recheck Cond: ((id >= 5957696) AND (id <= 5958695))
	              ->  Bitmap Index Scan on sbtest8_pkey  (cost=0.00..22.62 rows=1019 width=0)
	                    Index Cond: ((id >= 5957696) AND (id <= 5958695))

for point_selects
table 1 : explain SELECT c FROM sbtest1 WHERE id=7963061
	Index Scan using sbtest1_pkey on sbtest1  (cost=0.43..8.45 rows=1 width=121)
	  Index Cond: (id = 7963061)

table 2 : explain SELECT c FROM sbtest2 WHERE id=4906520
	Index Scan using sbtest2_pkey on sbtest2  (cost=0.43..8.45 rows=1 width=121)
	  Index Cond: (id = 4906520)

table 3 : explain SELECT c FROM sbtest3 WHERE id=949091
	Index Scan using sbtest3_pkey on sbtest3  (cost=0.43..8.45 rows=1 width=121)
	  Index Cond: (id = 949091)

table 4 : explain SELECT c FROM sbtest4 WHERE id=1585457
	Index Scan using sbtest4_pkey on sbtest4  (cost=0.43..8.45 rows=1 width=121)
	  Index Cond: (id = 1585457)

table 5 : explain SELECT c FROM sbtest5 WHERE id=9749363
	Index Scan using sbtest5_pkey on sbtest5  (cost=0.43..8.45 rows=1 width=121)
	  Index Cond: (id = 9749363)

table 6 : explain SELECT c FROM sbtest6 WHERE id=4672154
	Index Scan using sbtest6_pkey on sbtest6  (cost=0.43..8.45 rows=1 width=121)
	  Index Cond: (id = 4672154)

table 7 : explain SELECT c FROM sbtest7 WHERE id=3113495
	Index Scan using sbtest7_pkey on sbtest7  (cost=0.43..8.45 rows=1 width=121)
	  Index Cond: (id = 3113495)

table 8 : explain SELECT c FROM sbtest8 WHERE id=7855286
	Index Scan using sbtest8_pkey on sbtest8  (cost=0.43..8.45 rows=1 width=121)
	  Index Cond: (id = 7855286)

for: distinct_ranges
table 1 : explain SELECT DISTINCT c FROM sbtest1 WHERE id BETWEEN 194508 AND 195507 ORDER BY c
	Unique  (cost=3998.39..4003.50 rows=1023 width=121)
	  ->  Sort  (cost=3998.39..4000.94 rows=1023 width=121)
	        Sort Key: c
	        ->  Bitmap Heap Scan on sbtest1  (cost=22.92..3947.24 rows=1023 width=121)
	              Recheck Cond: ((id >= 194508) AND (id <= 195507))
	              ->  Bitmap Index Scan on sbtest1_pkey  (cost=0.00..22.66 rows=1023 width=0)
	                    Index Cond: ((id >= 194508) AND (id <= 195507))

table 2 : explain SELECT DISTINCT c FROM sbtest2 WHERE id BETWEEN 9429533 AND 9430532 ORDER BY c
	Unique  (cost=3697.10..3701.82 rows=944 width=121)
	  ->  Sort  (cost=3697.10..3699.46 rows=944 width=121)
	        Sort Key: c
	        ->  Bitmap Heap Scan on sbtest2  (cost=22.11..3650.45 rows=944 width=121)
	              Recheck Cond: ((id >= 9429533) AND (id <= 9430532))
	              ->  Bitmap Index Scan on sbtest2_pkey  (cost=0.00..21.87 rows=944 width=0)
	                    Index Cond: ((id >= 9429533) AND (id <= 9430532))

table 3 : explain SELECT DISTINCT c FROM sbtest3 WHERE id BETWEEN 3786845 AND 3787844 ORDER BY c
	Unique  (cost=3680.16..3684.86 rows=940 width=121)
	  ->  Sort  (cost=3680.16..3682.51 rows=940 width=121)
	        Sort Key: c
	        ->  Bitmap Heap Scan on sbtest3  (cost=22.07..3633.74 rows=940 width=121)
	              Recheck Cond: ((id >= 3786845) AND (id <= 3787844))
	              ->  Bitmap Index Scan on sbtest3_pkey  (cost=0.00..21.83 rows=940 width=0)
	                    Index Cond: ((id >= 3786845) AND (id <= 3787844))

table 4 : explain SELECT DISTINCT c FROM sbtest4 WHERE id BETWEEN 7780498 AND 7781497 ORDER BY c
	Unique  (cost=4341.89..4347.46 rows=1113 width=121)
	  ->  Sort  (cost=4341.89..4344.67 rows=1113 width=121)
	        Sort Key: c
	        ->  Bitmap Heap Scan on sbtest4  (cost=27.84..4285.57 rows=1113 width=121)
	              Recheck Cond: ((id >= 7780498) AND (id <= 7781497))
	              ->  Bitmap Index Scan on sbtest4_pkey  (cost=0.00..27.57 rows=1113 width=0)
	                    Index Cond: ((id >= 7780498) AND (id <= 7781497))

table 5 : explain SELECT DISTINCT c FROM sbtest5 WHERE id BETWEEN 5404053 AND 5405052 ORDER BY c
	Unique  (cost=4037.73..4042.89 rows=1032 width=121)
	  ->  Sort  (cost=4037.73..4040.31 rows=1032 width=121)
	        Sort Key: c
	        ->  Bitmap Heap Scan on sbtest5  (cost=27.01..3986.07 rows=1032 width=121)
	              Recheck Cond: ((id >= 5404053) AND (id <= 5405052))
	              ->  Bitmap Index Scan on sbtest5_pkey  (cost=0.00..26.75 rows=1032 width=0)
	                    Index Cond: ((id >= 5404053) AND (id <= 5405052))

table 6 : explain SELECT DISTINCT c FROM sbtest6 WHERE id BETWEEN 594812 AND 595811 ORDER BY c
	Unique  (cost=3719.39..3724.14 rows=950 width=121)
	  ->  Sort  (cost=3719.39..3721.76 rows=950 width=121)
	        Sort Key: c
	        ->  Bitmap Heap Scan on sbtest6  (cost=22.17..3672.40 rows=950 width=121)
	              Recheck Cond: ((id >= 594812) AND (id <= 595811))
	              ->  Bitmap Index Scan on sbtest6_pkey  (cost=0.00..21.93 rows=950 width=0)
	                    Index Cond: ((id >= 594812) AND (id <= 595811))

table 7 : explain SELECT DISTINCT c FROM sbtest7 WHERE id BETWEEN 297007 AND 298006 ORDER BY c
	Unique  (cost=3550.75..3555.28 rows=906 width=121)
	  ->  Sort  (cost=3550.75..3553.02 rows=906 width=121)
	        Sort Key: c
	        ->  Bitmap Heap Scan on sbtest7  (cost=21.72..3506.25 rows=906 width=121)
	              Recheck Cond: ((id >= 297007) AND (id <= 298006))
	              ->  Bitmap Index Scan on sbtest7_pkey  (cost=0.00..21.50 rows=906 width=0)
	                    Index Cond: ((id >= 297007) AND (id <= 298006))

table 8 : explain SELECT DISTINCT c FROM sbtest8 WHERE id BETWEEN 8436670 AND 8437669 ORDER BY c
	Unique  (cost=4040.85..4046.02 rows=1034 width=121)
	  ->  Sort  (cost=4040.85..4043.44 rows=1034 width=121)
	        Sort Key: c
	        ->  Bitmap Heap Scan on sbtest8  (cost=23.03..3989.08 rows=1034 width=121)
	              Recheck Cond: ((id >= 8436670) AND (id <= 8437669))
	              ->  Bitmap Index Scan on sbtest8_pkey  (cost=0.00..22.77 rows=1034 width=0)
	                    Index Cond: ((id >= 8436670) AND (id <= 8437669))

for: order_ranges
table 1 : explain SELECT c FROM sbtest1 WHERE id BETWEEN 9163537 AND 9164536 ORDER BY c
	Sort  (cost=3872.27..3874.74 rows=990 width=121)
	  Sort Key: c
	  ->  Bitmap Heap Scan on sbtest1  (cost=22.58..3823.01 rows=990 width=121)
	        Recheck Cond: ((id >= 9163537) AND (id <= 9164536))
	        ->  Bitmap Index Scan on sbtest1_pkey  (cost=0.00..22.33 rows=990 width=0)
	              Index Cond: ((id >= 9163537) AND (id <= 9164536))

table 2 : explain SELECT c FROM sbtest2 WHERE id BETWEEN 1177660 AND 1178659 ORDER BY c
	Sort  (cost=3861.71..3864.18 rows=987 width=121)
	  Sort Key: c
	  ->  Bitmap Heap Scan on sbtest2  (cost=22.55..3812.62 rows=987 width=121)
	        Recheck Cond: ((id >= 1177660) AND (id <= 1178659))
	        ->  Bitmap Index Scan on sbtest2_pkey  (cost=0.00..22.30 rows=987 width=0)
	              Index Cond: ((id >= 1177660) AND (id <= 1178659))

table 3 : explain SELECT c FROM sbtest3 WHERE id BETWEEN 5720048 AND 5721047 ORDER BY c
	Sort  (cost=3871.45..3873.92 rows=990 width=121)
	  Sort Key: c
	  ->  Bitmap Heap Scan on sbtest3  (cost=22.58..3822.19 rows=990 width=121)
	        Recheck Cond: ((id >= 5720048) AND (id <= 5721047))
	        ->  Bitmap Index Scan on sbtest3_pkey  (cost=0.00..22.33 rows=990 width=0)
	              Index Cond: ((id >= 5720048) AND (id <= 5721047))

table 4 : explain SELECT c FROM sbtest4 WHERE id BETWEEN 4129635 AND 4130634 ORDER BY c
	Sort  (cost=4242.55..4245.26 rows=1087 width=121)
	  Sort Key: c
	  ->  Bitmap Heap Scan on sbtest4  (cost=23.58..4187.73 rows=1087 width=121)
	        Recheck Cond: ((id >= 4129635) AND (id <= 4130634))
	        ->  Bitmap Index Scan on sbtest4_pkey  (cost=0.00..23.30 rows=1087 width=0)
	              Index Cond: ((id >= 4129635) AND (id <= 4130634))

table 5 : explain SELECT c FROM sbtest5 WHERE id BETWEEN 7770489 AND 7771488 ORDER BY c
	Sort  (cost=4320.17..4322.94 rows=1107 width=121)
	  Sort Key: c
	  ->  Bitmap Heap Scan on sbtest5  (cost=27.78..4264.20 rows=1107 width=121)
	        Recheck Cond: ((id >= 7770489) AND (id <= 7771488))
	        ->  Bitmap Index Scan on sbtest5_pkey  (cost=0.00..27.50 rows=1107 width=0)
	              Index Cond: ((id >= 7770489) AND (id <= 7771488))

table 6 : explain SELECT c FROM sbtest6 WHERE id BETWEEN 3484494 AND 3485493 ORDER BY c
	Sort  (cost=3948.90..3951.43 rows=1010 width=121)
	  Sort Key: c
	  ->  Bitmap Heap Scan on sbtest6  (cost=22.79..3898.50 rows=1010 width=121)
	        Recheck Cond: ((id >= 3484494) AND (id <= 3485493))
	        ->  Bitmap Index Scan on sbtest6_pkey  (cost=0.00..22.54 rows=1010 width=0)
	              Index Cond: ((id >= 3484494) AND (id <= 3485493))

table 7 : explain SELECT c FROM sbtest7 WHERE id BETWEEN 6157901 AND 6158900 ORDER BY c
	Sort  (cost=3765.29..3767.69 rows=962 width=121)
	  Sort Key: c
	  ->  Bitmap Heap Scan on sbtest7  (cost=22.30..3717.62 rows=962 width=121)
	        Recheck Cond: ((id >= 6157901) AND (id <= 6158900))
	        ->  Bitmap Index Scan on sbtest7_pkey  (cost=0.00..22.05 rows=962 width=0)
	              Index Cond: ((id >= 6157901) AND (id <= 6158900))

table 8 : explain SELECT c FROM sbtest8 WHERE id BETWEEN 1072224 AND 1073223 ORDER BY c
	Sort  (cost=3968.27..3970.80 rows=1015 width=121)
	  Sort Key: c
	  ->  Bitmap Heap Scan on sbtest8  (cost=22.84..3917.58 rows=1015 width=121)
	        Recheck Cond: ((id >= 1072224) AND (id <= 1073223))
	        ->  Bitmap Index Scan on sbtest8_pkey  (cost=0.00..22.58 rows=1015 width=0)
	              Index Cond: ((id >= 1072224) AND (id <= 1073223))

for: simple_ranges
table 1 : explain SELECT c FROM sbtest1 WHERE id BETWEEN 77815 AND 78814
	Bitmap Heap Scan on sbtest1  (cost=21.94..3585.44 rows=927 width=121)
	  Recheck Cond: ((id >= 77815) AND (id <= 78814))
	  ->  Bitmap Index Scan on sbtest1_pkey  (cost=0.00..21.70 rows=927 width=0)
	        Index Cond: ((id >= 77815) AND (id <= 78814))

table 2 : explain SELECT c FROM sbtest2 WHERE id BETWEEN 3566452 AND 3567451
	Bitmap Heap Scan on sbtest2  (cost=22.81..3906.79 rows=1012 width=121)
	  Recheck Cond: ((id >= 3566452) AND (id <= 3567451))
	  ->  Bitmap Index Scan on sbtest2_pkey  (cost=0.00..22.55 rows=1012 width=0)
	        Index Cond: ((id >= 3566452) AND (id <= 3567451))

table 3 : explain SELECT c FROM sbtest3 WHERE id BETWEEN 6865609 AND 6866608
	Bitmap Heap Scan on sbtest3  (cost=22.31..3720.47 rows=963 width=121)
	  Recheck Cond: ((id >= 6865609) AND (id <= 6866608))
	  ->  Bitmap Index Scan on sbtest3_pkey  (cost=0.00..22.07 rows=963 width=0)
	        Index Cond: ((id >= 6865609) AND (id <= 6866608))

table 4 : explain SELECT c FROM sbtest4 WHERE id BETWEEN 7248700 AND 7249699
	Bitmap Heap Scan on sbtest4  (cost=22.59..3826.73 rows=991 width=121)
	  Recheck Cond: ((id >= 7248700) AND (id <= 7249699))
	  ->  Bitmap Index Scan on sbtest4_pkey  (cost=0.00..22.34 rows=991 width=0)
	        Index Cond: ((id >= 7248700) AND (id <= 7249699))

table 5 : explain SELECT c FROM sbtest5 WHERE id BETWEEN 2861748 AND 2862747
	Bitmap Heap Scan on sbtest5  (cost=22.34..3733.45 rows=966 width=121)
	  Recheck Cond: ((id >= 2861748) AND (id <= 2862747))
	  ->  Bitmap Index Scan on sbtest5_pkey  (cost=0.00..22.09 rows=966 width=0)
	        Index Cond: ((id >= 2861748) AND (id <= 2862747))

table 6 : explain SELECT c FROM sbtest6 WHERE id BETWEEN 243585 AND 244584
	Bitmap Heap Scan on sbtest6  (cost=22.21..3687.49 rows=954 width=121)
	  Recheck Cond: ((id >= 243585) AND (id <= 244584))
	  ->  Bitmap Index Scan on sbtest6_pkey  (cost=0.00..21.97 rows=954 width=0)
	        Index Cond: ((id >= 243585) AND (id <= 244584))

table 7 : explain SELECT c FROM sbtest7 WHERE id BETWEEN 6130915 AND 6131914
	Bitmap Heap Scan on sbtest7  (cost=22.30..3717.62 rows=962 width=121)
	  Recheck Cond: ((id >= 6130915) AND (id <= 6131914))
	  ->  Bitmap Index Scan on sbtest7_pkey  (cost=0.00..22.05 rows=962 width=0)
	        Index Cond: ((id >= 6130915) AND (id <= 6131914))

table 8 : explain SELECT c FROM sbtest8 WHERE id BETWEEN 3034098 AND 3035097
	Bitmap Heap Scan on sbtest8  (cost=27.76..4256.12 rows=1105 width=121)
	  Recheck Cond: ((id >= 3034098) AND (id <= 3035097))
	  ->  Bitmap Index Scan on sbtest8_pkey  (cost=0.00..27.48 rows=1105 width=0)
	        Index Cond: ((id >= 3034098) AND (id <= 3035097))

for: distinct_ranges
table 1 : explain SELECT DISTINCT c FROM sbtest1 WHERE id BETWEEN 8778312 AND 8779311 ORDER BY c
	Unique  (cost=4074.76..4079.97 rows=1043 width=121)
	  ->  Sort  (cost=4074.76..4077.36 rows=1043 width=121)
	        Sort Key: c
	        ->  Bitmap Heap Scan on sbtest1  (cost=23.13..4022.47 rows=1043 width=121)
	              Recheck Cond: ((id >= 8778312) AND (id <= 8779311))
	              ->  Bitmap Index Scan on sbtest1_pkey  (cost=0.00..22.86 rows=1043 width=0)
	                    Index Cond: ((id >= 8778312) AND (id <= 8779311))

table 2 : explain SELECT DISTINCT c FROM sbtest2 WHERE id BETWEEN 9684007 AND 9685006 ORDER BY c
	Unique  (cost=3474.70..3479.13 rows=886 width=121)
	  ->  Sort  (cost=3474.70..3476.91 rows=886 width=121)
	        Sort Key: c
	        ->  Bitmap Heap Scan on sbtest2  (cost=21.52..3431.32 rows=886 width=121)
	              Recheck Cond: ((id >= 9684007) AND (id <= 9685006))
	              ->  Bitmap Index Scan on sbtest2_pkey  (cost=0.00..21.29 rows=886 width=0)
	                    Index Cond: ((id >= 9684007) AND (id <= 9685006))

table 3 : explain SELECT DISTINCT c FROM sbtest3 WHERE id BETWEEN 5745281 AND 5746280 ORDER BY c
	Unique  (cost=3871.45..3876.40 rows=990 width=121)
	  ->  Sort  (cost=3871.45..3873.92 rows=990 width=121)
	        Sort Key: c
	        ->  Bitmap Heap Scan on sbtest3  (cost=22.58..3822.19 rows=990 width=121)
	              Recheck Cond: ((id >= 5745281) AND (id <= 5746280))
	              ->  Bitmap Index Scan on sbtest3_pkey  (cost=0.00..22.33 rows=990 width=0)
	                    Index Cond: ((id >= 5745281) AND (id <= 5746280))

table 4 : explain SELECT DISTINCT c FROM sbtest4 WHERE id BETWEEN 6787575 AND 6788574 ORDER BY c
	Unique  (cost=3921.92..3926.93 rows=1003 width=121)
	  ->  Sort  (cost=3921.92..3924.43 rows=1003 width=121)
	        Sort Key: c
	        ->  Bitmap Heap Scan on sbtest4  (cost=22.72..3871.92 rows=1003 width=121)
	              Recheck Cond: ((id >= 6787575) AND (id <= 6788574))
	              ->  Bitmap Index Scan on sbtest4_pkey  (cost=0.00..22.46 rows=1003 width=0)
	                    Index Cond: ((id >= 6787575) AND (id <= 6788574))

table 5 : explain SELECT DISTINCT c FROM sbtest5 WHERE id BETWEEN 4928079 AND 4929078 ORDER BY c
	Unique  (cost=3367.17..3371.46 rows=858 width=121)
	  ->  Sort  (cost=3367.17..3369.32 rows=858 width=121)
	        Sort Key: c
	        ->  Bitmap Heap Scan on sbtest5  (cost=21.23..3325.37 rows=858 width=121)
	              Recheck Cond: ((id >= 4928079) AND (id <= 4929078))
	              ->  Bitmap Index Scan on sbtest5_pkey  (cost=0.00..21.01 rows=858 width=0)
	                    Index Cond: ((id >= 4928079) AND (id <= 4929078))

table 6 : explain SELECT DISTINCT c FROM sbtest6 WHERE id BETWEEN 898549 AND 899548 ORDER BY c
	Unique  (cost=3577.63..3582.19 rows=913 width=121)
	  ->  Sort  (cost=3577.63..3579.91 rows=913 width=121)
	        Sort Key: c
	        ->  Bitmap Heap Scan on sbtest6  (cost=21.79..3532.73 rows=913 width=121)
	              Recheck Cond: ((id >= 898549) AND (id <= 899548))
	              ->  Bitmap Index Scan on sbtest6_pkey  (cost=0.00..21.57 rows=913 width=0)
	                    Index Cond: ((id >= 898549) AND (id <= 899548))

table 7 : explain SELECT DISTINCT c FROM sbtest7 WHERE id BETWEEN 9340635 AND 9341634 ORDER BY c
	Unique  (cost=4090.17..4095.41 rows=1047 width=121)
	  ->  Sort  (cost=4090.17..4092.79 rows=1047 width=121)
	        Sort Key: c
	        ->  Bitmap Heap Scan on sbtest7  (cost=23.17..4037.66 rows=1047 width=121)
	              Recheck Cond: ((id >= 9340635) AND (id <= 9341634))
	              ->  Bitmap Index Scan on sbtest7_pkey  (cost=0.00..22.90 rows=1047 width=0)
	                    Index Cond: ((id >= 9340635) AND (id <= 9341634))

table 8 : explain SELECT DISTINCT c FROM sbtest8 WHERE id BETWEEN 2129004 AND 2130003 ORDER BY c
	Unique  (cost=3734.94..3739.71 rows=954 width=121)
	  ->  Sort  (cost=3734.94..3737.32 rows=954 width=121)
	        Sort Key: c
	        ->  Bitmap Heap Scan on sbtest8  (cost=22.21..3687.72 rows=954 width=121)
	              Recheck Cond: ((id >= 2129004) AND (id <= 2130003))
	              ->  Bitmap Index Scan on sbtest8_pkey  (cost=0.00..21.97 rows=954 width=0)
	                    Index Cond: ((id >= 2129004) AND (id <= 2130003))

for: sum_ranges
table 1 : explain SELECT SUM(k) FROM sbtest1 WHERE id BETWEEN 4169166 AND 4170165
	Aggregate  (cost=3968.62..3968.63 rows=1 width=8)
	  ->  Bitmap Heap Scan on sbtest1  (cost=22.97..3966.05 rows=1028 width=4)
	        Recheck Cond: ((id >= 4169166) AND (id <= 4170165))
	        ->  Bitmap Index Scan on sbtest1_pkey  (cost=0.00..22.71 rows=1028 width=0)
	              Index Cond: ((id >= 4169166) AND (id <= 4170165))

table 2 : explain SELECT SUM(k) FROM sbtest2 WHERE id BETWEEN 761333 AND 762332
	Aggregate  (cost=4146.68..4146.69 rows=1 width=8)
	  ->  Bitmap Heap Scan on sbtest2  (cost=27.44..4144.00 rows=1074 width=4)
	        Recheck Cond: ((id >= 761333) AND (id <= 762332))
	        ->  Bitmap Index Scan on sbtest2_pkey  (cost=0.00..27.18 rows=1074 width=0)
	              Index Cond: ((id >= 761333) AND (id <= 762332))

table 3 : explain SELECT SUM(k) FROM sbtest3 WHERE id BETWEEN 7125376 AND 7126375
	Aggregate  (cost=3866.10..3866.11 rows=1 width=8)
	  ->  Bitmap Heap Scan on sbtest3  (cost=22.70..3863.60 rows=1001 width=4)
	        Recheck Cond: ((id >= 7125376) AND (id <= 7126375))
	        ->  Bitmap Index Scan on sbtest3_pkey  (cost=0.00..22.44 rows=1001 width=0)
	              Index Cond: ((id >= 7125376) AND (id <= 7126375))

table 4 : explain SELECT SUM(k) FROM sbtest4 WHERE id BETWEEN 6736405 AND 6737404
	Aggregate  (cost=3674.57..3674.58 rows=1 width=8)
	  ->  Bitmap Heap Scan on sbtest4  (cost=22.17..3672.19 rows=950 width=4)
	        Recheck Cond: ((id >= 6736405) AND (id <= 6737404))
	        ->  Bitmap Index Scan on sbtest4_pkey  (cost=0.00..21.93 rows=950 width=0)
	              Index Cond: ((id >= 6736405) AND (id <= 6737404))

table 5 : explain SELECT SUM(k) FROM sbtest5 WHERE id BETWEEN 8323189 AND 8324188
	Aggregate  (cost=3641.48..3641.49 rows=1 width=8)
	  ->  Bitmap Heap Scan on sbtest5  (cost=22.08..3639.13 rows=941 width=4)
	        Recheck Cond: ((id >= 8323189) AND (id <= 8324188))
	        ->  Bitmap Index Scan on sbtest5_pkey  (cost=0.00..21.84 rows=941 width=0)
	              Index Cond: ((id >= 8323189) AND (id <= 8324188))

table 6 : explain SELECT SUM(k) FROM sbtest6 WHERE id BETWEEN 2514213 AND 2515212
	Aggregate  (cost=3953.75..3953.76 rows=1 width=8)
	  ->  Bitmap Heap Scan on sbtest6  (cost=22.93..3951.19 rows=1024 width=4)
	        Recheck Cond: ((id >= 2514213) AND (id <= 2515212))
	        ->  Bitmap Index Scan on sbtest6_pkey  (cost=0.00..22.68 rows=1024 width=0)
	              Index Cond: ((id >= 2514213) AND (id <= 2515212))

table 7 : explain SELECT SUM(k) FROM sbtest7 WHERE id BETWEEN 3654313 AND 3655312
	Aggregate  (cost=3787.92..3787.93 rows=1 width=8)
	  ->  Bitmap Heap Scan on sbtest7  (cost=22.48..3785.47 rows=980 width=4)
	        Recheck Cond: ((id >= 3654313) AND (id <= 3655312))
	        ->  Bitmap Index Scan on sbtest7_pkey  (cost=0.00..22.23 rows=980 width=0)
	              Index Cond: ((id >= 3654313) AND (id <= 3655312))

table 8 : explain SELECT SUM(k) FROM sbtest8 WHERE id BETWEEN 225290 AND 226289
	Aggregate  (cost=3995.43..3995.44 rows=1 width=8)
	  ->  Bitmap Heap Scan on sbtest8  (cost=23.04..3992.84 rows=1035 width=4)
	        Recheck Cond: ((id >= 225290) AND (id <= 226289))
	        ->  Bitmap Index Scan on sbtest8_pkey  (cost=0.00..22.79 rows=1035 width=0)
	              Index Cond: ((id >= 225290) AND (id <= 226289))

for: order_ranges
table 1 : explain SELECT c FROM sbtest1 WHERE id BETWEEN 8964954 AND 8965953 ORDER BY c
	Sort  (cost=3830.20..3832.65 rows=979 width=121)
	  Sort Key: c
	  ->  Bitmap Heap Scan on sbtest1  (cost=22.47..3781.57 rows=979 width=121)
	        Recheck Cond: ((id >= 8964954) AND (id <= 8965953))
	        ->  Bitmap Index Scan on sbtest1_pkey  (cost=0.00..22.22 rows=979 width=0)
	              Index Cond: ((id >= 8964954) AND (id <= 8965953))

table 2 : explain SELECT c FROM sbtest2 WHERE id BETWEEN 2683789 AND 2684788 ORDER BY c
	Sort  (cost=3942.02..3944.54 rows=1008 width=121)
	  Sort Key: c
	  ->  Bitmap Heap Scan on sbtest2  (cost=22.77..3891.73 rows=1008 width=121)
	        Recheck Cond: ((id >= 2683789) AND (id <= 2684788))
	        ->  Bitmap Index Scan on sbtest2_pkey  (cost=0.00..22.51 rows=1008 width=0)
	              Index Cond: ((id >= 2683789) AND (id <= 2684788))

table 3 : explain SELECT c FROM sbtest3 WHERE id BETWEEN 1636219 AND 1637218 ORDER BY c
	Sort  (cost=3966.97..3969.51 rows=1015 width=121)
	  Sort Key: c
	  ->  Bitmap Heap Scan on sbtest3  (cost=22.84..3916.28 rows=1015 width=121)
	        Recheck Cond: ((id >= 1636219) AND (id <= 1637218))
	        ->  Bitmap Index Scan on sbtest3_pkey  (cost=0.00..22.58 rows=1015 width=0)
	              Index Cond: ((id >= 1636219) AND (id <= 1637218))

table 4 : explain SELECT c FROM sbtest4 WHERE id BETWEEN 8792740 AND 8793739 ORDER BY c
	Sort  (cost=3585.10..3587.38 rows=915 width=121)
	  Sort Key: c
	  ->  Bitmap Heap Scan on sbtest4  (cost=21.81..3540.09 rows=915 width=121)
	        Recheck Cond: ((id >= 8792740) AND (id <= 8793739))
	        ->  Bitmap Index Scan on sbtest4_pkey  (cost=0.00..21.58 rows=915 width=0)
	              Index Cond: ((id >= 8792740) AND (id <= 8793739))

table 5 : explain SELECT c FROM sbtest5 WHERE id BETWEEN 5349293 AND 5350292 ORDER BY c
	Sort  (cost=4018.63..4021.20 rows=1027 width=121)
	  Sort Key: c
	  ->  Bitmap Heap Scan on sbtest5  (cost=26.96..3967.26 rows=1027 width=121)
	        Recheck Cond: ((id >= 5349293) AND (id <= 5350292))
	        ->  Bitmap Index Scan on sbtest5_pkey  (cost=0.00..26.70 rows=1027 width=0)
	              Index Cond: ((id >= 5349293) AND (id <= 5350292))

table 6 : explain SELECT c FROM sbtest6 WHERE id BETWEEN 2632313 AND 2633312 ORDER BY c
	Sort  (cost=4585.72..4588.66 rows=1177 width=121)
	  Sort Key: c
	  ->  Bitmap Heap Scan on sbtest6  (cost=28.50..4525.69 rows=1177 width=121)
	        Recheck Cond: ((id >= 2632313) AND (id <= 2633312))
	        ->  Bitmap Index Scan on sbtest6_pkey  (cost=0.00..28.20 rows=1177 width=0)
	              Index Cond: ((id >= 2632313) AND (id <= 2633312))

table 7 : explain SELECT c FROM sbtest7 WHERE id BETWEEN 4172576 AND 4173575 ORDER BY c
	Sort  (cost=3937.40..3939.91 rows=1007 width=121)
	  Sort Key: c
	  ->  Bitmap Heap Scan on sbtest7  (cost=22.76..3887.17 rows=1007 width=121)
	        Recheck Cond: ((id >= 4172576) AND (id <= 4173575))
	        ->  Bitmap Index Scan on sbtest7_pkey  (cost=0.00..22.50 rows=1007 width=0)
	              Index Cond: ((id >= 4172576) AND (id <= 4173575))

table 8 : explain SELECT c FROM sbtest8 WHERE id BETWEEN 2261229 AND 2262228 ORDER BY c
	Sort  (cost=3887.99..3890.48 rows=994 width=121)
	  Sort Key: c
	  ->  Bitmap Heap Scan on sbtest8  (cost=22.62..3838.51 rows=994 width=121)
	        Recheck Cond: ((id >= 2261229) AND (id <= 2262228))
	        ->  Bitmap Index Scan on sbtest8_pkey  (cost=0.00..22.37 rows=994 width=0)
	              Index Cond: ((id >= 2261229) AND (id <= 2262228))

for: distinct_ranges
table 1 : explain SELECT DISTINCT c FROM sbtest1 WHERE id BETWEEN 2393423 AND 2394422 ORDER BY c
	Unique  (cost=4250.22..4255.67 rows=1089 width=121)
	  ->  Sort  (cost=4250.22..4252.95 rows=1089 width=121)
	        Sort Key: c
	        ->  Bitmap Heap Scan on sbtest1  (cost=23.60..4195.29 rows=1089 width=121)
	              Recheck Cond: ((id >= 2393423) AND (id <= 2394422))
	              ->  Bitmap Index Scan on sbtest1_pkey  (cost=0.00..23.32 rows=1089 width=0)
	                    Index Cond: ((id >= 2393423) AND (id <= 2394422))

table 2 : explain SELECT DISTINCT c FROM sbtest2 WHERE id BETWEEN 9191774 AND 9192773 ORDER BY c
	Unique  (cost=4113.93..4119.19 rows=1053 width=121)
	  ->  Sort  (cost=4113.93..4116.56 rows=1053 width=121)
	        Sort Key: c
	        ->  Bitmap Heap Scan on sbtest2  (cost=23.23..4061.06 rows=1053 width=121)
	              Recheck Cond: ((id >= 9191774) AND (id <= 9192773))
	              ->  Bitmap Index Scan on sbtest2_pkey  (cost=0.00..22.96 rows=1053 width=0)
	                    Index Cond: ((id >= 9191774) AND (id <= 9192773))

table 3 : explain SELECT DISTINCT c FROM sbtest3 WHERE id BETWEEN 7490042 AND 7491041 ORDER BY c
	Unique  (cost=3515.41..3519.89 rows=897 width=121)
	  ->  Sort  (cost=3515.41..3517.65 rows=897 width=121)
	        Sort Key: c
	        ->  Bitmap Heap Scan on sbtest3  (cost=21.63..3471.42 rows=897 width=121)
	              Recheck Cond: ((id >= 7490042) AND (id <= 7491041))
	              ->  Bitmap Index Scan on sbtest3_pkey  (cost=0.00..21.40 rows=897 width=0)
	                    Index Cond: ((id >= 7490042) AND (id <= 7491041))

table 4 : explain SELECT DISTINCT c FROM sbtest4 WHERE id BETWEEN 3223113 AND 3224112 ORDER BY c
	Unique  (cost=3397.12..3401.45 rows=866 width=121)
	  ->  Sort  (cost=3397.12..3399.28 rows=866 width=121)
	        Sort Key: c
	        ->  Bitmap Heap Scan on sbtest4  (cost=21.31..3354.87 rows=866 width=121)
	              Recheck Cond: ((id >= 3223113) AND (id <= 3224112))
	              ->  Bitmap Index Scan on sbtest4_pkey  (cost=0.00..21.09 rows=866 width=0)
	                    Index Cond: ((id >= 3223113) AND (id <= 3224112))

table 5 : explain SELECT DISTINCT c FROM sbtest5 WHERE id BETWEEN 8892347 AND 8893346 ORDER BY c
	Unique  (cost=3689.43..3694.14 rows=942 width=121)
	  ->  Sort  (cost=3689.43..3691.79 rows=942 width=121)
	        Sort Key: c
	        ->  Bitmap Heap Scan on sbtest5  (cost=22.09..3642.90 rows=942 width=121)
	              Recheck Cond: ((id >= 8892347) AND (id <= 8893346))
	              ->  Bitmap Index Scan on sbtest5_pkey  (cost=0.00..21.86 rows=942 width=0)
	                    Index Cond: ((id >= 8892347) AND (id <= 8893346))

table 6 : explain SELECT DISTINCT c FROM sbtest6 WHERE id BETWEEN 3544347 AND 3545346 ORDER BY c
	Unique  (cost=3864.80..3869.74 rows=988 width=121)
	  ->  Sort  (cost=3864.80..3867.27 rows=988 width=121)
	        Sort Key: c
	        ->  Bitmap Heap Scan on sbtest6  (cost=22.56..3815.65 rows=988 width=121)
	              Recheck Cond: ((id >= 3544347) AND (id <= 3545346))
	              ->  Bitmap Index Scan on sbtest6_pkey  (cost=0.00..22.32 rows=988 width=0)
	                    Index Cond: ((id >= 3544347) AND (id <= 3545346))

table 7 : explain SELECT DISTINCT c FROM sbtest7 WHERE id BETWEEN 2699850 AND 2700849 ORDER BY c
	Unique  (cost=4052.00..4057.18 rows=1037 width=121)
	  ->  Sort  (cost=4052.00..4054.59 rows=1037 width=121)
	        Sort Key: c
	        ->  Bitmap Heap Scan on sbtest7  (cost=23.06..4000.05 rows=1037 width=121)
	              Recheck Cond: ((id >= 2699850) AND (id <= 2700849))
	              ->  Bitmap Index Scan on sbtest7_pkey  (cost=0.00..22.80 rows=1037 width=0)
	                    Index Cond: ((id >= 2699850) AND (id <= 2700849))

table 8 : explain SELECT DISTINCT c FROM sbtest8 WHERE id BETWEEN 6011945 AND 6012944 ORDER BY c
	Unique  (cost=3945.34..3950.38 rows=1009 width=121)
	  ->  Sort  (cost=3945.34..3947.86 rows=1009 width=121)
	        Sort Key: c
	        ->  Bitmap Heap Scan on sbtest8  (cost=22.78..3894.99 rows=1009 width=121)
	              Recheck Cond: ((id >= 6011945) AND (id <= 6012944))
	              ->  Bitmap Index Scan on sbtest8_pkey  (cost=0.00..22.52 rows=1009 width=0)
	                    Index Cond: ((id >= 6011945) AND (id <= 6012944))

Threads started!

Warming up for 5 seconds...

SQL statistics:
    queries performed:
        read:                            155192787
        write:                           0
        other:                           28216892
        total:                           183409679
    transactions:                        14108466 (22394.10 per sec.)
    queries:                             183409679 (291122.73 per sec.)
    ignored errors:                      0      (0.00 per sec.)
    reconnects:                          0      (0.00 per sec.)

Throughput:
    events/s (eps):                      22394.1027
    time elapsed:                        630.0083s
    total number of events:              14108466

Latency (ms):
         min:                                    0.50
         avg:                                    1.79
         max:                                   26.22
         95th percentile:                        1.93
         sum:                             25187704.08

Threads fairness:
    events (avg/stddev):           352711.3500/997.07
    execution time (avg/stddev):   629.6926/0.01

