LUA_PATH=/home/mdcallag/git/mytools/bench/sysbench.lua/lua/?.lua /home/mdcallag/git/mytools/bench/sysbench.lua/lua/sysbench --db-driver=pgsql --range-size=10000 --table-size=10000000 --tables=8 --threads=40 --events=0 --warmup-time=5 --time=630 --pgsql_conn_id=true /home/mdcallag/git/mytools/bench/sysbench.lua/lua/oltp_write_only.lua run --pgsql-user=root --pgsql-password=pw --pgsql-host=127.0.0.1 --pgsql-db=ib --rand-type=uniform
48 CPUs
sysbench 1.1.0-9072687 (using bundled LuaJIT 2.1.0-beta3)

Running the test with following options:
Number of threads: 40
Warmup time: 5s
Initializing random number generator from current time


Initializing worker threads...

explain: for index_updates :: explain UPDATE sbtest%u SET k=k+1 WHERE id=%u
for index_updates
table 1 : explain UPDATE sbtest1 SET k=k+1 WHERE id=5168860
	Update on sbtest1  (cost=0.43..8.46 rows=0 width=0)
	  ->  Index Scan using sbtest1_pkey on sbtest1  (cost=0.43..8.46 rows=1 width=10)
	        Index Cond: (id = 5168860)

table 2 : explain UPDATE sbtest2 SET k=k+1 WHERE id=952212
	Update on sbtest2  (cost=0.43..8.46 rows=0 width=0)
	  ->  Index Scan using sbtest2_pkey on sbtest2  (cost=0.43..8.46 rows=1 width=10)
	        Index Cond: (id = 952212)

table 3 : explain UPDATE sbtest3 SET k=k+1 WHERE id=1056161
	Update on sbtest3  (cost=0.43..8.46 rows=0 width=0)
	  ->  Index Scan using sbtest3_pkey on sbtest3  (cost=0.43..8.46 rows=1 width=10)
	        Index Cond: (id = 1056161)

table 4 : explain UPDATE sbtest4 SET k=k+1 WHERE id=8862049
	Update on sbtest4  (cost=0.43..8.46 rows=0 width=0)
	  ->  Index Scan using sbtest4_pkey on sbtest4  (cost=0.43..8.46 rows=1 width=10)
	        Index Cond: (id = 8862049)

table 5 : explain UPDATE sbtest5 SET k=k+1 WHERE id=1931457
	Update on sbtest5  (cost=0.43..8.46 rows=0 width=0)
	  ->  Index Scan using sbtest5_pkey on sbtest5  (cost=0.43..8.46 rows=1 width=10)
	        Index Cond: (id = 1931457)

table 6 : explain UPDATE sbtest6 SET k=k+1 WHERE id=7414534
	Update on sbtest6  (cost=0.43..8.46 rows=0 width=0)
	  ->  Index Scan using sbtest6_pkey on sbtest6  (cost=0.43..8.46 rows=1 width=10)
	        Index Cond: (id = 7414534)

table 7 : explain UPDATE sbtest7 SET k=k+1 WHERE id=7540333
	Update on sbtest7  (cost=0.43..8.46 rows=0 width=0)
	  ->  Index Scan using sbtest7_pkey on sbtest7  (cost=0.43..8.46 rows=1 width=10)
	        Index Cond: (id = 7540333)

table 8 : explain UPDATE sbtest8 SET k=k+1 WHERE id=3598527
	Update on sbtest8  (cost=0.43..8.46 rows=0 width=0)
	  ->  Index Scan using sbtest8_pkey on sbtest8  (cost=0.43..8.46 rows=1 width=10)
	        Index Cond: (id = 3598527)

explain: for index_updates :: explain UPDATE sbtest%u SET k=k+1 WHERE id=%u
explain: for non_index_updates :: explain UPDATE sbtest%u SET c='foobar' WHERE id=%u
for non_index_updates
table 1 : explain UPDATE sbtest1 SET c='foobar' WHERE id=8833181
	Update on sbtest1  (cost=0.43..8.45 rows=0 width=0)
	  ->  Index Scan using sbtest1_pkey on sbtest1  (cost=0.43..8.45 rows=1 width=490)
	        Index Cond: (id = 8833181)

table 2 : explain UPDATE sbtest2 SET c='foobar' WHERE id=6756242
	Update on sbtest2  (cost=0.43..8.45 rows=0 width=0)
	  ->  Index Scan using sbtest2_pkey on sbtest2  (cost=0.43..8.45 rows=1 width=490)
	        Index Cond: (id = 6756242)

table 3 : explain UPDATE sbtest3 SET c='foobar' WHERE id=6693179
	Update on sbtest3  (cost=0.43..8.45 rows=0 width=0)
	  ->  Index Scan using sbtest3_pkey on sbtest3  (cost=0.43..8.45 rows=1 width=490)
	        Index Cond: (id = 6693179)

table 4 : explain UPDATE sbtest4 SET c='foobar' WHERE id=3413606
	Update on sbtest4  (cost=0.43..8.45 rows=0 width=0)
	  ->  Index Scan using sbtest4_pkey on sbtest4  (cost=0.43..8.45 rows=1 width=490)
	        Index Cond: (id = 3413606)

table 5 : explain UPDATE sbtest5 SET c='foobar' WHERE id=4883657
	Update on sbtest5  (cost=0.43..8.45 rows=0 width=0)
	  ->  Index Scan using sbtest5_pkey on sbtest5  (cost=0.43..8.45 rows=1 width=490)
	        Index Cond: (id = 4883657)

table 6 : explain UPDATE sbtest6 SET c='foobar' WHERE id=7472860
	Update on sbtest6  (cost=0.43..8.45 rows=0 width=0)
	  ->  Index Scan using sbtest6_pkey on sbtest6  (cost=0.43..8.45 rows=1 width=490)
	        Index Cond: (id = 7472860)

table 7 : explain UPDATE sbtest7 SET c='foobar' WHERE id=6733888
	Update on sbtest7  (cost=0.43..8.45 rows=0 width=0)
	  ->  Index Scan using sbtest7_pkey on sbtest7  (cost=0.43..8.45 rows=1 width=490)
	        Index Cond: (id = 6733888)

table 8 : explain UPDATE sbtest8 SET c='foobar' WHERE id=2782996
	Update on sbtest8  (cost=0.43..8.45 rows=0 width=0)
	  ->  Index Scan using sbtest8_pkey on sbtest8  (cost=0.43..8.45 rows=1 width=490)
	        Index Cond: (id = 2782996)

explain: for deletes :: explain DELETE FROM sbtest%u WHERE id=%u
explain: for index_updates :: explain UPDATE sbtest%u SET k=k+1 WHERE id=%u
for deletes
table 1 : explain DELETE FROM sbtest1 WHERE id=5982179
	Delete on sbtest1  (cost=0.43..8.45 rows=0 width=0)
	  ->  Index Scan using sbtest1_pkey on sbtest1  (cost=0.43..8.45 rows=1 width=6)
	        Index Cond: (id = 5982179)

table 2 : explain DELETE FROM sbtest2 WHERE id=5766928
	Delete on sbtest2  (cost=0.43..8.45 rows=0 width=0)
	  ->  Index Scan using sbtest2_pkey on sbtest2  (cost=0.43..8.45 rows=1 width=6)
	        Index Cond: (id = 5766928)

table 3 : explain DELETE FROM sbtest3 WHERE id=3228297
	Delete on sbtest3  (cost=0.43..8.45 rows=0 width=0)
	  ->  Index Scan using sbtest3_pkey on sbtest3  (cost=0.43..8.45 rows=1 width=6)
	        Index Cond: (id = 3228297)

table 4 : explain DELETE FROM sbtest4 WHERE id=9027351
	Delete on sbtest4  (cost=0.43..8.45 rows=0 width=0)
	  ->  Index Scan using sbtest4_pkey on sbtest4  (cost=0.43..8.45 rows=1 width=6)
	        Index Cond: (id = 9027351)

table 5 : explain DELETE FROM sbtest5 WHERE id=5351671
	Delete on sbtest5  (cost=0.43..8.45 rows=0 width=0)
	  ->  Index Scan using sbtest5_pkey on sbtest5  (cost=0.43..8.45 rows=1 width=6)
	        Index Cond: (id = 5351671)

table 6 : explain DELETE FROM sbtest6 WHERE id=2408729
	Delete on sbtest6  (cost=0.43..8.45 rows=0 width=0)
	  ->  Index Scan using sbtest6_pkey on sbtest6  (cost=0.43..8.45 rows=1 width=6)
	        Index Cond: (id = 2408729)

table 7 : explain DELETE FROM sbtest7 WHERE id=8534593
	Delete on sbtest7  (cost=0.43..8.45 rows=0 width=0)
	  ->  Index Scan using sbtest7_pkey on sbtest7  (cost=0.43..8.45 rows=1 width=6)
	        Index Cond: (id = 8534593)

table 8 : explain DELETE FROM sbtest8 WHERE id=7658697
	Delete on sbtest8  (cost=0.43..8.45 rows=0 width=0)
	  ->  Index Scan using sbtest8_pkey on sbtest8  (cost=0.43..8.45 rows=1 width=6)
	        Index Cond: (id = 7658697)

for index_updates
table 1 : explain UPDATE sbtest1 SET k=k+1 WHERE id=8453095
	Update on sbtest1  (cost=0.43..8.46 rows=0 width=0)
	  ->  Index Scan using sbtest1_pkey on sbtest1  (cost=0.43..8.46 rows=1 width=10)
	        Index Cond: (id = 8453095)

table 2 : explain UPDATE sbtest2 SET k=k+1 WHERE id=188043
	Update on sbtest2  (cost=0.43..8.46 rows=0 width=0)
	  ->  Index Scan using sbtest2_pkey on sbtest2  (cost=0.43..8.46 rows=1 width=10)
	        Index Cond: (id = 188043)

table 3 : explain UPDATE sbtest3 SET k=k+1 WHERE id=7267543
	Update on sbtest3  (cost=0.43..8.46 rows=0 width=0)
	  ->  Index Scan using sbtest3_pkey on sbtest3  (cost=0.43..8.46 rows=1 width=10)
	        Index Cond: (id = 7267543)

table 4 : explain UPDATE sbtest4 SET k=k+1 WHERE id=7758975
	Update on sbtest4  (cost=0.43..8.46 rows=0 width=0)
	  ->  Index Scan using sbtest4_pkey on sbtest4  (cost=0.43..8.46 rows=1 width=10)
	        Index Cond: (id = 7758975)

table 5 : explain UPDATE sbtest5 SET k=k+1 WHERE id=9404235
	Update on sbtest5  (cost=0.43..8.46 rows=0 width=0)
	  ->  Index Scan using sbtest5_pkey on sbtest5  (cost=0.43..8.46 rows=1 width=10)
	        Index Cond: (id = 9404235)

table 6 : explain UPDATE sbtest6 SET k=k+1 WHERE id=4804345
	Update on sbtest6  (cost=0.43..8.46 rows=0 width=0)
	  ->  Index Scan using sbtest6_pkey on sbtest6  (cost=0.43..8.46 rows=1 width=10)
	        Index Cond: (id = 4804345)

table 7 : explain UPDATE sbtest7 SET k=k+1 WHERE id=2738127
	Update on sbtest7  (cost=0.43..8.46 rows=0 width=0)
	  ->  Index Scan using sbtest7_pkey on sbtest7  (cost=0.43..8.46 rows=1 width=10)
	        Index Cond: (id = 2738127)

table 8 : explain UPDATE sbtest8 SET k=k+1 WHERE id=2399604
	Update on sbtest8  (cost=0.43..8.46 rows=0 width=0)
	  ->  Index Scan using sbtest8_pkey on sbtest8  (cost=0.43..8.46 rows=1 width=10)
	        Index Cond: (id = 2399604)

explain: for non_index_updates :: explain UPDATE sbtest%u SET c='foobar' WHERE id=%u
explain: for inserts :: explain INSERT INTO sbtest%u (id, k, c, pad) VALUES (%u, 13, 'foobar', 'foobar')
explain: for index_updates :: explain UPDATE sbtest%u SET k=k+1 WHERE id=%u
explain: for index_updates :: explain UPDATE sbtest%u SET k=k+1 WHERE id=%u
explain: for index_updates :: explain UPDATE sbtest%u SET k=k+1 WHERE id=%u
explain: for index_updates :: explain UPDATE sbtest%u SET k=k+1 WHERE id=%u
explain: for index_updates :: explain UPDATE sbtest%u SET k=k+1 WHERE id=%u
explain: for index_updates :: explain UPDATE sbtest%u SET k=k+1 WHERE id=%u
for index_updates
table 1 : explain UPDATE sbtest1 SET k=k+1 WHERE id=8258379
	Update on sbtest1  (cost=0.43..8.46 rows=0 width=0)
	  ->  Index Scan using sbtest1_pkey on sbtest1  (cost=0.43..8.46 rows=1 width=10)
	        Index Cond: (id = 8258379)

table 2 : explain UPDATE sbtest2 SET k=k+1 WHERE id=4888247
	Update on sbtest2  (cost=0.43..8.46 rows=0 width=0)
	  ->  Index Scan using sbtest2_pkey on sbtest2  (cost=0.43..8.46 rows=1 width=10)
	        Index Cond: (id = 4888247)

table 3 : explain UPDATE sbtest3 SET k=k+1 WHERE id=9877042
	Update on sbtest3  (cost=0.43..8.46 rows=0 width=0)
	  ->  Index Scan using sbtest3_pkey on sbtest3  (cost=0.43..8.46 rows=1 width=10)
	        Index Cond: (id = 9877042)

table 4 : explain UPDATE sbtest4 SET k=k+1 WHERE id=1666988
	Update on sbtest4  (cost=0.43..8.46 rows=0 width=0)
	  ->  Index Scan using sbtest4_pkey on sbtest4  (cost=0.43..8.46 rows=1 width=10)
	        Index Cond: (id = 1666988)

table 5 : explain UPDATE sbtest5 SET k=k+1 WHERE id=77106
	Update on sbtest5  (cost=0.43..8.46 rows=0 width=0)
	  ->  Index Scan using sbtest5_pkey on sbtest5  (cost=0.43..8.46 rows=1 width=10)
	        Index Cond: (id = 77106)

table 6 : explain UPDATE sbtest6 SET k=k+1 WHERE id=8355438
	Update on sbtest6  (cost=0.43..8.46 rows=0 width=0)
	  ->  Index Scan using sbtest6_pkey on sbtest6  (cost=0.43..8.46 rows=1 width=10)
	        Index Cond: (id = 8355438)

table 7 : explain UPDATE sbtest7 SET k=k+1 WHERE id=8670097
	Update on sbtest7  (cost=0.43..8.46 rows=0 width=0)
	  ->  Index Scan using sbtest7_pkey on sbtest7  (cost=0.43..8.46 rows=1 width=10)
	        Index Cond: (id = 8670097)

table 8 : explain UPDATE sbtest8 SET k=k+1 WHERE id=3668023
	Update on sbtest8  (cost=0.43..8.46 rows=0 width=0)
	  ->  Index Scan using sbtest8_pkey on sbtest8  (cost=0.43..8.46 rows=1 width=10)
	        Index Cond: (id = 3668023)

for non_index_updates
table 1 : explain UPDATE sbtest1 SET c='foobar' WHERE id=502253
	Update on sbtest1  (cost=0.43..8.45 rows=0 width=0)
	  ->  Index Scan using sbtest1_pkey on sbtest1  (cost=0.43..8.45 rows=1 width=490)
	        Index Cond: (id = 502253)

table 2 : explain UPDATE sbtest2 SET c='foobar' WHERE id=5710211
	Update on sbtest2  (cost=0.43..8.45 rows=0 width=0)
	  ->  Index Scan using sbtest2_pkey on sbtest2  (cost=0.43..8.45 rows=1 width=490)
	        Index Cond: (id = 5710211)

table 3 : explain UPDATE sbtest3 SET c='foobar' WHERE id=4235100
	Update on sbtest3  (cost=0.43..8.45 rows=0 width=0)
	  ->  Index Scan using sbtest3_pkey on sbtest3  (cost=0.43..8.45 rows=1 width=490)
	        Index Cond: (id = 4235100)

table 4 : explain UPDATE sbtest4 SET c='foobar' WHERE id=2084554
	Update on sbtest4  (cost=0.43..8.45 rows=0 width=0)
	  ->  Index Scan using sbtest4_pkey on sbtest4  (cost=0.43..8.45 rows=1 width=490)
	        Index Cond: (id = 2084554)

table 5 : explain UPDATE sbtest5 SET c='foobar' WHERE id=8897185
	Update on sbtest5  (cost=0.43..8.45 rows=0 width=0)
	  ->  Index Scan using sbtest5_pkey on sbtest5  (cost=0.43..8.45 rows=1 width=490)
	        Index Cond: (id = 8897185)

table 6 : explain UPDATE sbtest6 SET c='foobar' WHERE id=7175420
	Update on sbtest6  (cost=0.43..8.45 rows=0 width=0)
	  ->  Index Scan using sbtest6_pkey on sbtest6  (cost=0.43..8.45 rows=1 width=490)
	        Index Cond: (id = 7175420)

table 7 : explain UPDATE sbtest7 SET c='foobar' WHERE id=3616388
	Update on sbtest7  (cost=0.43..8.45 rows=0 width=0)
	  ->  Index Scan using sbtest7_pkey on sbtest7  (cost=0.43..8.45 rows=1 width=490)
	        Index Cond: (id = 3616388)

table 8 : explain UPDATE sbtest8 SET c='foobar' WHERE id=3859469
	Update on sbtest8  (cost=0.43..8.45 rows=0 width=0)
	  ->  Index Scan using sbtest8_pkey on sbtest8  (cost=0.43..8.45 rows=1 width=490)
	        Index Cond: (id = 3859469)

explain: for non_index_updates :: explain UPDATE sbtest%u SET c='foobar' WHERE id=%u
for inserts
table 1 : explain INSERT INTO sbtest1 (id, k, c, pad) VALUES (6755533, 13, 'foobar', 'foobar')
	Insert on sbtest1  (cost=0.00..0.01 rows=0 width=0)
	  ->  Result  (cost=0.00..0.01 rows=1 width=736)

table 2 : explain INSERT INTO sbtest2 (id, k, c, pad) VALUES (9625837, 13, 'foobar', 'foobar')
	Insert on sbtest2  (cost=0.00..0.01 rows=0 width=0)
	  ->  Result  (cost=0.00..0.01 rows=1 width=736)

table 3 : explain INSERT INTO sbtest3 (id, k, c, pad) VALUES (5706561, 13, 'foobar', 'foobar')
	Insert on sbtest3  (cost=0.00..0.01 rows=0 width=0)
	  ->  Result  (cost=0.00..0.01 rows=1 width=736)

table 4 : explain INSERT INTO sbtest4 (id, k, c, pad) VALUES (2141672, 13, 'foobar', 'foobar')
	Insert on sbtest4  (cost=0.00..0.01 rows=0 width=0)
	  ->  Result  (cost=0.00..0.01 rows=1 width=736)

table 5 : explain INSERT INTO sbtest5 (id, k, c, pad) VALUES (7628483, 13, 'foobar', 'foobar')
	Insert on sbtest5  (cost=0.00..0.01 rows=0 width=0)
	  ->  Result  (cost=0.00..0.01 rows=1 width=736)

table 6 : explain INSERT INTO sbtest6 (id, k, c, pad) VALUES (9478142, 13, 'foobar', 'foobar')
	Insert on sbtest6  (cost=0.00..0.01 rows=0 width=0)
	  ->  Result  (cost=0.00..0.01 rows=1 width=736)

table 7 : explain INSERT INTO sbtest7 (id, k, c, pad) VALUES (1902336, 13, 'foobar', 'foobar')
	Insert on sbtest7  (cost=0.00..0.01 rows=0 width=0)
	  ->  Result  (cost=0.00..0.01 rows=1 width=736)

table 8 : explain INSERT INTO sbtest8 (id, k, c, pad) VALUES (8516239, 13, 'foobar', 'foobar')
	Insert on sbtest8  (cost=0.00..0.01 rows=0 width=0)
	  ->  Result  (cost=0.00..0.01 rows=1 width=736)

for non_index_updates
table 1 : explain UPDATE sbtest1 SET c='foobar' WHERE id=4221635
	Update on sbtest1  (cost=0.43..8.45 rows=0 width=0)
	  ->  Index Scan using sbtest1_pkey on sbtest1  (cost=0.43..8.45 rows=1 width=490)
	        Index Cond: (id = 4221635)

table 2 : explain UPDATE sbtest2 SET c='foobar' WHERE id=4055046
	Update on sbtest2  (cost=0.43..8.45 rows=0 width=0)
	  ->  Index Scan using sbtest2_pkey on sbtest2  (cost=0.43..8.45 rows=1 width=490)
	        Index Cond: (id = 4055046)

table 3 : explain UPDATE sbtest3 SET c='foobar' WHERE id=5399025
	Update on sbtest3  (cost=0.43..8.45 rows=0 width=0)
	  ->  Index Scan using sbtest3_pkey on sbtest3  (cost=0.43..8.45 rows=1 width=490)
	        Index Cond: (id = 5399025)

table 4 : explain UPDATE sbtest4 SET c='foobar' WHERE id=2322542
	Update on sbtest4  (cost=0.43..8.45 rows=0 width=0)
	  ->  Index Scan using sbtest4_pkey on sbtest4  (cost=0.43..8.45 rows=1 width=490)
	        Index Cond: (id = 2322542)

table 5 : explain UPDATE sbtest5 SET c='foobar' WHERE id=772390
	Update on sbtest5  (cost=0.43..8.45 rows=0 width=0)
	  ->  Index Scan using sbtest5_pkey on sbtest5  (cost=0.43..8.45 rows=1 width=490)
	        Index Cond: (id = 772390)

table 6 : explain UPDATE sbtest6 SET c='foobar' WHERE id=3398366
	Update on sbtest6  (cost=0.43..8.45 rows=0 width=0)
	  ->  Index Scan using sbtest6_pkey on sbtest6  (cost=0.43..8.45 rows=1 width=490)
	        Index Cond: (id = 3398366)

table 7 : explain UPDATE sbtest7 SET c='foobar' WHERE id=5789516
	Update on sbtest7  (cost=0.43..8.45 rows=0 width=0)
	  ->  Index Scan using sbtest7_pkey on sbtest7  (cost=0.43..8.45 rows=1 width=490)
	        Index Cond: (id = 5789516)

table 8 : explain UPDATE sbtest8 SET c='foobar' WHERE id=6552121
	Update on sbtest8  (cost=0.43..8.45 rows=0 width=0)
	  ->  Index Scan using sbtest8_pkey on sbtest8  (cost=0.43..8.45 rows=1 width=490)
	        Index Cond: (id = 6552121)

explain: for deletes :: explain DELETE FROM sbtest%u WHERE id=%u
for index_updates
table 1 : explain UPDATE sbtest1 SET k=k+1 WHERE id=8681990
	Update on sbtest1  (cost=0.43..8.46 rows=0 width=0)
	  ->  Index Scan using sbtest1_pkey on sbtest1  (cost=0.43..8.46 rows=1 width=10)
	        Index Cond: (id = 8681990)

table 2 : explain UPDATE sbtest2 SET k=k+1 WHERE id=5056620
	Update on sbtest2  (cost=0.43..8.46 rows=0 width=0)
	  ->  Index Scan using sbtest2_pkey on sbtest2  (cost=0.43..8.46 rows=1 width=10)
	        Index Cond: (id = 5056620)

table 3 : explain UPDATE sbtest3 SET k=k+1 WHERE id=6548381
	Update on sbtest3  (cost=0.43..8.46 rows=0 width=0)
	  ->  Index Scan using sbtest3_pkey on sbtest3  (cost=0.43..8.46 rows=1 width=10)
	        Index Cond: (id = 6548381)

table 4 : explain UPDATE sbtest4 SET k=k+1 WHERE id=1400587
	Update on sbtest4  (cost=0.43..8.46 rows=0 width=0)
	  ->  Index Scan using sbtest4_pkey on sbtest4  (cost=0.43..8.46 rows=1 width=10)
	        Index Cond: (id = 1400587)

table 5 : explain UPDATE sbtest5 SET k=k+1 WHERE id=5904613
	Update on sbtest5  (cost=0.43..8.46 rows=0 width=0)
	  ->  Index Scan using sbtest5_pkey on sbtest5  (cost=0.43..8.46 rows=1 width=10)
	        Index Cond: (id = 5904613)

table 6 : explain UPDATE sbtest6 SET k=k+1 WHERE id=5572005
	Update on sbtest6  (cost=0.43..8.46 rows=0 width=0)
	  ->  Index Scan using sbtest6_pkey on sbtest6  (cost=0.43..8.46 rows=1 width=10)
	        Index Cond: (id = 5572005)

table 7 : explain UPDATE sbtest7 SET k=k+1 WHERE id=5000694
	Update on sbtest7  (cost=0.43..8.46 rows=0 width=0)
	  ->  Index Scan using sbtest7_pkey on sbtest7  (cost=0.43..8.46 rows=1 width=10)
	        Index Cond: (id = 5000694)

table 8 : explain UPDATE sbtest8 SET k=k+1 WHERE id=8254520
	Update on sbtest8  (cost=0.43..8.46 rows=0 width=0)
	  ->  Index Scan using sbtest8_pkey on sbtest8  (cost=0.43..8.46 rows=1 width=10)
	        Index Cond: (id = 8254520)

explain: for deletes :: explain DELETE FROM sbtest%u WHERE id=%u
for index_updates
table 1 : explain UPDATE sbtest1 SET k=k+1 WHERE id=3865057
	Update on sbtest1  (cost=0.43..8.46 rows=0 width=0)
	  ->  Index Scan using sbtest1_pkey on sbtest1  (cost=0.43..8.46 rows=1 width=10)
	        Index Cond: (id = 3865057)

table 2 : explain UPDATE sbtest2 SET k=k+1 WHERE id=7760039
	Update on sbtest2  (cost=0.43..8.46 rows=0 width=0)
	  ->  Index Scan using sbtest2_pkey on sbtest2  (cost=0.43..8.46 rows=1 width=10)
	        Index Cond: (id = 7760039)

table 3 : explain UPDATE sbtest3 SET k=k+1 WHERE id=2220943
	Update on sbtest3  (cost=0.43..8.46 rows=0 width=0)
	  ->  Index Scan using sbtest3_pkey on sbtest3  (cost=0.43..8.46 rows=1 width=10)
	        Index Cond: (id = 2220943)

table 4 : explain UPDATE sbtest4 SET k=k+1 WHERE id=782886
	Update on sbtest4  (cost=0.43..8.46 rows=0 width=0)
	  ->  Index Scan using sbtest4_pkey on sbtest4  (cost=0.43..8.46 rows=1 width=10)
	        Index Cond: (id = 782886)

table 5 : explain UPDATE sbtest5 SET k=k+1 WHERE id=3398145
	Update on sbtest5  (cost=0.43..8.46 rows=0 width=0)
	  ->  Index Scan using sbtest5_pkey on sbtest5  (cost=0.43..8.46 rows=1 width=10)
	        Index Cond: (id = 3398145)

table 6 : explain UPDATE sbtest6 SET k=k+1 WHERE id=1067728
	Update on sbtest6  (cost=0.43..8.46 rows=0 width=0)
	  ->  Index Scan using sbtest6_pkey on sbtest6  (cost=0.43..8.46 rows=1 width=10)
	        Index Cond: (id = 1067728)

table 7 : explain UPDATE sbtest7 SET k=k+1 WHERE id=9583672
	Update on sbtest7  (cost=0.43..8.46 rows=0 width=0)
	  ->  Index Scan using sbtest7_pkey on sbtest7  (cost=0.43..8.46 rows=1 width=10)
	        Index Cond: (id = 9583672)

table 8 : explain UPDATE sbtest8 SET k=k+1 WHERE id=7518206
	Update on sbtest8  (cost=0.43..8.46 rows=0 width=0)
	  ->  Index Scan using sbtest8_pkey on sbtest8  (cost=0.43..8.46 rows=1 width=10)
	        Index Cond: (id = 7518206)

explain: for non_index_updates :: explain UPDATE sbtest%u SET c='foobar' WHERE id=%u
for deletes
table 1 : explain DELETE FROM sbtest1 WHERE id=8432640
	Delete on sbtest1  (cost=0.43..8.45 rows=0 width=0)
	  ->  Index Scan using sbtest1_pkey on sbtest1  (cost=0.43..8.45 rows=1 width=6)
	        Index Cond: (id = 8432640)

table 2 : explain DELETE FROM sbtest2 WHERE id=8779097
	Delete on sbtest2  (cost=0.43..8.45 rows=0 width=0)
	  ->  Index Scan using sbtest2_pkey on sbtest2  (cost=0.43..8.45 rows=1 width=6)
	        Index Cond: (id = 8779097)

table 3 : explain DELETE FROM sbtest3 WHERE id=6905633
	Delete on sbtest3  (cost=0.43..8.45 rows=0 width=0)
	  ->  Index Scan using sbtest3_pkey on sbtest3  (cost=0.43..8.45 rows=1 width=6)
	        Index Cond: (id = 6905633)

table 4 : explain DELETE FROM sbtest4 WHERE id=2672288
	Delete on sbtest4  (cost=0.43..8.45 rows=0 width=0)
	  ->  Index Scan using sbtest4_pkey on sbtest4  (cost=0.43..8.45 rows=1 width=6)
	        Index Cond: (id = 2672288)

table 5 : explain DELETE FROM sbtest5 WHERE id=4180751
	Delete on sbtest5  (cost=0.43..8.45 rows=0 width=0)
	  ->  Index Scan using sbtest5_pkey on sbtest5  (cost=0.43..8.45 rows=1 width=6)
	        Index Cond: (id = 4180751)

table 6 : explain DELETE FROM sbtest6 WHERE id=35754
	Delete on sbtest6  (cost=0.43..8.45 rows=0 width=0)
	  ->  Index Scan using sbtest6_pkey on sbtest6  (cost=0.43..8.45 rows=1 width=6)
	        Index Cond: (id = 35754)

table 7 : explain DELETE FROM sbtest7 WHERE id=2779738
	Delete on sbtest7  (cost=0.43..8.45 rows=0 width=0)
	  ->  Index Scan using sbtest7_pkey on sbtest7  (cost=0.43..8.45 rows=1 width=6)
	        Index Cond: (id = 2779738)

table 8 : explain DELETE FROM sbtest8 WHERE id=1216059
	Delete on sbtest8  (cost=0.43..8.45 rows=0 width=0)
	  ->  Index Scan using sbtest8_pkey on sbtest8  (cost=0.43..8.45 rows=1 width=6)
	        Index Cond: (id = 1216059)

for non_index_updates
table 1 : explain UPDATE sbtest1 SET c='foobar' WHERE id=1717512
	Update on sbtest1  (cost=0.43..8.45 rows=0 width=0)
	  ->  Index Scan using sbtest1_pkey on sbtest1  (cost=0.43..8.45 rows=1 width=490)
	        Index Cond: (id = 1717512)

table 2 : explain UPDATE sbtest2 SET c='foobar' WHERE id=365432
	Update on sbtest2  (cost=0.43..8.45 rows=0 width=0)
	  ->  Index Scan using sbtest2_pkey on sbtest2  (cost=0.43..8.45 rows=1 width=490)
	        Index Cond: (id = 365432)

table 3 : explain UPDATE sbtest3 SET c='foobar' WHERE id=8163772
	Update on sbtest3  (cost=0.43..8.45 rows=0 width=0)
	  ->  Index Scan using sbtest3_pkey on sbtest3  (cost=0.43..8.45 rows=1 width=490)
	        Index Cond: (id = 8163772)

table 4 : explain UPDATE sbtest4 SET c='foobar' WHERE id=2704322
	Update on sbtest4  (cost=0.43..8.45 rows=0 width=0)
	  ->  Index Scan using sbtest4_pkey on sbtest4  (cost=0.43..8.45 rows=1 width=490)
	        Index Cond: (id = 2704322)

table 5 : explain UPDATE sbtest5 SET c='foobar' WHERE id=7429423
	Update on sbtest5  (cost=0.43..8.45 rows=0 width=0)
	  ->  Index Scan using sbtest5_pkey on sbtest5  (cost=0.43..8.45 rows=1 width=490)
	        Index Cond: (id = 7429423)

table 6 : explain UPDATE sbtest6 SET c='foobar' WHERE id=1172870
	Update on sbtest6  (cost=0.43..8.45 rows=0 width=0)
	  ->  Index Scan using sbtest6_pkey on sbtest6  (cost=0.43..8.45 rows=1 width=490)
	        Index Cond: (id = 1172870)

table 7 : explain UPDATE sbtest7 SET c='foobar' WHERE id=7249986
	Update on sbtest7  (cost=0.43..8.45 rows=0 width=0)
	  ->  Index Scan using sbtest7_pkey on sbtest7  (cost=0.43..8.45 rows=1 width=490)
	        Index Cond: (id = 7249986)

table 8 : explain UPDATE sbtest8 SET c='foobar' WHERE id=931443
	Update on sbtest8  (cost=0.43..8.45 rows=0 width=0)
	  ->  Index Scan using sbtest8_pkey on sbtest8  (cost=0.43..8.45 rows=1 width=490)
	        Index Cond: (id = 931443)

explain: for deletes :: explain DELETE FROM sbtest%u WHERE id=%u
for index_updates
table 1 : explain UPDATE sbtest1 SET k=k+1 WHERE id=6008362
	Update on sbtest1  (cost=0.43..8.46 rows=0 width=0)
	  ->  Index Scan using sbtest1_pkey on sbtest1  (cost=0.43..8.46 rows=1 width=10)
	        Index Cond: (id = 6008362)

table 2 : explain UPDATE sbtest2 SET k=k+1 WHERE id=1944505
	Update on sbtest2  (cost=0.43..8.46 rows=0 width=0)
	  ->  Index Scan using sbtest2_pkey on sbtest2  (cost=0.43..8.46 rows=1 width=10)
	        Index Cond: (id = 1944505)

table 3 : explain UPDATE sbtest3 SET k=k+1 WHERE id=9262911
	Update on sbtest3  (cost=0.43..8.46 rows=0 width=0)
	  ->  Index Scan using sbtest3_pkey on sbtest3  (cost=0.43..8.46 rows=1 width=10)
	        Index Cond: (id = 9262911)

table 4 : explain UPDATE sbtest4 SET k=k+1 WHERE id=5414974
	Update on sbtest4  (cost=0.43..8.46 rows=0 width=0)
	  ->  Index Scan using sbtest4_pkey on sbtest4  (cost=0.43..8.46 rows=1 width=10)
	        Index Cond: (id = 5414974)

table 5 : explain UPDATE sbtest5 SET k=k+1 WHERE id=1291423
	Update on sbtest5  (cost=0.43..8.46 rows=0 width=0)
	  ->  Index Scan using sbtest5_pkey on sbtest5  (cost=0.43..8.46 rows=1 width=10)
	        Index Cond: (id = 1291423)

table 6 : explain UPDATE sbtest6 SET k=k+1 WHERE id=8267145
	Update on sbtest6  (cost=0.43..8.46 rows=0 width=0)
	  ->  Index Scan using sbtest6_pkey on sbtest6  (cost=0.43..8.46 rows=1 width=10)
	        Index Cond: (id = 8267145)

table 7 : explain UPDATE sbtest7 SET k=k+1 WHERE id=7624860
	Update on sbtest7  (cost=0.43..8.46 rows=0 width=0)
	  ->  Index Scan using sbtest7_pkey on sbtest7  (cost=0.43..8.46 rows=1 width=10)
	        Index Cond: (id = 7624860)

table 8 : explain UPDATE sbtest8 SET k=k+1 WHERE id=7623417
	Update on sbtest8  (cost=0.43..8.46 rows=0 width=0)
	  ->  Index Scan using sbtest8_pkey on sbtest8  (cost=0.43..8.46 rows=1 width=10)
	        Index Cond: (id = 7623417)

for deletes
table 1 : explain DELETE FROM sbtest1 WHERE id=5439835
	Delete on sbtest1  (cost=0.43..8.45 rows=0 width=0)
	  ->  Index Scan using sbtest1_pkey on sbtest1  (cost=0.43..8.45 rows=1 width=6)
	        Index Cond: (id = 5439835)

table 2 : explain DELETE FROM sbtest2 WHERE id=4442042
	Delete on sbtest2  (cost=0.43..8.45 rows=0 width=0)
	  ->  Index Scan using sbtest2_pkey on sbtest2  (cost=0.43..8.45 rows=1 width=6)
	        Index Cond: (id = 4442042)

table 3 : explain DELETE FROM sbtest3 WHERE id=2371506
	Delete on sbtest3  (cost=0.43..8.45 rows=0 width=0)
	  ->  Index Scan using sbtest3_pkey on sbtest3  (cost=0.43..8.45 rows=1 width=6)
	        Index Cond: (id = 2371506)

table 4 : explain DELETE FROM sbtest4 WHERE id=3230141
	Delete on sbtest4  (cost=0.43..8.45 rows=0 width=0)
	  ->  Index Scan using sbtest4_pkey on sbtest4  (cost=0.43..8.45 rows=1 width=6)
	        Index Cond: (id = 3230141)

table 5 : explain DELETE FROM sbtest5 WHERE id=3172816
	Delete on sbtest5  (cost=0.43..8.45 rows=0 width=0)
	  ->  Index Scan using sbtest5_pkey on sbtest5  (cost=0.43..8.45 rows=1 width=6)
	        Index Cond: (id = 3172816)

table 6 : explain DELETE FROM sbtest6 WHERE id=6913414
	Delete on sbtest6  (cost=0.43..8.45 rows=0 width=0)
	  ->  Index Scan using sbtest6_pkey on sbtest6  (cost=0.43..8.45 rows=1 width=6)
	        Index Cond: (id = 6913414)

table 7 : explain DELETE FROM sbtest7 WHERE id=6740500
	Delete on sbtest7  (cost=0.43..8.45 rows=0 width=0)
	  ->  Index Scan using sbtest7_pkey on sbtest7  (cost=0.43..8.45 rows=1 width=6)
	        Index Cond: (id = 6740500)

table 8 : explain DELETE FROM sbtest8 WHERE id=402183
	Delete on sbtest8  (cost=0.43..8.45 rows=0 width=0)
	  ->  Index Scan using sbtest8_pkey on sbtest8  (cost=0.43..8.45 rows=1 width=6)
	        Index Cond: (id = 402183)

for index_updates
table 1 : explain UPDATE sbtest1 SET k=k+1 WHERE id=5385206
	Update on sbtest1  (cost=0.43..8.46 rows=0 width=0)
	  ->  Index Scan using sbtest1_pkey on sbtest1  (cost=0.43..8.46 rows=1 width=10)
	        Index Cond: (id = 5385206)

table 2 : explain UPDATE sbtest2 SET k=k+1 WHERE id=2866743
	Update on sbtest2  (cost=0.43..8.46 rows=0 width=0)
	  ->  Index Scan using sbtest2_pkey on sbtest2  (cost=0.43..8.46 rows=1 width=10)
	        Index Cond: (id = 2866743)

table 3 : explain UPDATE sbtest3 SET k=k+1 WHERE id=5174076
	Update on sbtest3  (cost=0.43..8.46 rows=0 width=0)
	  ->  Index Scan using sbtest3_pkey on sbtest3  (cost=0.43..8.46 rows=1 width=10)
	        Index Cond: (id = 5174076)

table 4 : explain UPDATE sbtest4 SET k=k+1 WHERE id=3336814
	Update on sbtest4  (cost=0.43..8.46 rows=0 width=0)
	  ->  Index Scan using sbtest4_pkey on sbtest4  (cost=0.43..8.46 rows=1 width=10)
	        Index Cond: (id = 3336814)

table 5 : explain UPDATE sbtest5 SET k=k+1 WHERE id=7785914
	Update on sbtest5  (cost=0.43..8.46 rows=0 width=0)
	  ->  Index Scan using sbtest5_pkey on sbtest5  (cost=0.43..8.46 rows=1 width=10)
	        Index Cond: (id = 7785914)

table 6 : explain UPDATE sbtest6 SET k=k+1 WHERE id=7108929
	Update on sbtest6  (cost=0.43..8.46 rows=0 width=0)
	  ->  Index Scan using sbtest6_pkey on sbtest6  (cost=0.43..8.46 rows=1 width=10)
	        Index Cond: (id = 7108929)

table 7 : explain UPDATE sbtest7 SET k=k+1 WHERE id=4862637
	Update on sbtest7  (cost=0.43..8.46 rows=0 width=0)
	  ->  Index Scan using sbtest7_pkey on sbtest7  (cost=0.43..8.46 rows=1 width=10)
	        Index Cond: (id = 4862637)

table 8 : explain UPDATE sbtest8 SET k=k+1 WHERE id=3564296
	Update on sbtest8  (cost=0.43..8.46 rows=0 width=0)
	  ->  Index Scan using sbtest8_pkey on sbtest8  (cost=0.43..8.46 rows=1 width=10)
	        Index Cond: (id = 3564296)

explain: for non_index_updates :: explain UPDATE sbtest%u SET c='foobar' WHERE id=%u
for deletes
table 1 : explain DELETE FROM sbtest1 WHERE id=4948211
	Delete on sbtest1  (cost=0.43..8.45 rows=0 width=0)
	  ->  Index Scan using sbtest1_pkey on sbtest1  (cost=0.43..8.45 rows=1 width=6)
	        Index Cond: (id = 4948211)

table 2 : explain DELETE FROM sbtest2 WHERE id=7192763
	Delete on sbtest2  (cost=0.43..8.45 rows=0 width=0)
	  ->  Index Scan using sbtest2_pkey on sbtest2  (cost=0.43..8.45 rows=1 width=6)
	        Index Cond: (id = 7192763)

table 3 : explain DELETE FROM sbtest3 WHERE id=5438174
	Delete on sbtest3  (cost=0.43..8.45 rows=0 width=0)
	  ->  Index Scan using sbtest3_pkey on sbtest3  (cost=0.43..8.45 rows=1 width=6)
	        Index Cond: (id = 5438174)

table 4 : explain DELETE FROM sbtest4 WHERE id=3980070
	Delete on sbtest4  (cost=0.43..8.45 rows=0 width=0)
	  ->  Index Scan using sbtest4_pkey on sbtest4  (cost=0.43..8.45 rows=1 width=6)
	        Index Cond: (id = 3980070)

table 5 : explain DELETE FROM sbtest5 WHERE id=4605448
	Delete on sbtest5  (cost=0.43..8.45 rows=0 width=0)
	  ->  Index Scan using sbtest5_pkey on sbtest5  (cost=0.43..8.45 rows=1 width=6)
	        Index Cond: (id = 4605448)

table 6 : explain DELETE FROM sbtest6 WHERE id=1202929
	Delete on sbtest6  (cost=0.43..8.45 rows=0 width=0)
	  ->  Index Scan using sbtest6_pkey on sbtest6  (cost=0.43..8.45 rows=1 width=6)
	        Index Cond: (id = 1202929)

table 7 : explain DELETE FROM sbtest7 WHERE id=2679837
	Delete on sbtest7  (cost=0.43..8.45 rows=0 width=0)
	  ->  Index Scan using sbtest7_pkey on sbtest7  (cost=0.43..8.45 rows=1 width=6)
	        Index Cond: (id = 2679837)

table 8 : explain DELETE FROM sbtest8 WHERE id=8834874
	Delete on sbtest8  (cost=0.43..8.45 rows=0 width=0)
	  ->  Index Scan using sbtest8_pkey on sbtest8  (cost=0.43..8.45 rows=1 width=6)
	        Index Cond: (id = 8834874)

explain: for non_index_updates :: explain UPDATE sbtest%u SET c='foobar' WHERE id=%u
explain: for non_index_updates :: explain UPDATE sbtest%u SET c='foobar' WHERE id=%u
explain: for inserts :: explain INSERT INTO sbtest%u (id, k, c, pad) VALUES (%u, 13, 'foobar', 'foobar')
for index_updates
table 1 : explain UPDATE sbtest1 SET k=k+1 WHERE id=3233634
	Update on sbtest1  (cost=0.43..8.46 rows=0 width=0)
	  ->  Index Scan using sbtest1_pkey on sbtest1  (cost=0.43..8.46 rows=1 width=10)
	        Index Cond: (id = 3233634)

table 2 : explain UPDATE sbtest2 SET k=k+1 WHERE id=7997831
	Update on sbtest2  (cost=0.43..8.46 rows=0 width=0)
	  ->  Index Scan using sbtest2_pkey on sbtest2  (cost=0.43..8.46 rows=1 width=10)
	        Index Cond: (id = 7997831)

table 3 : explain UPDATE sbtest3 SET k=k+1 WHERE id=6470478
	Update on sbtest3  (cost=0.43..8.46 rows=0 width=0)
	  ->  Index Scan using sbtest3_pkey on sbtest3  (cost=0.43..8.46 rows=1 width=10)
	        Index Cond: (id = 6470478)

table 4 : explain UPDATE sbtest4 SET k=k+1 WHERE id=7632700
	Update on sbtest4  (cost=0.43..8.46 rows=0 width=0)
	  ->  Index Scan using sbtest4_pkey on sbtest4  (cost=0.43..8.46 rows=1 width=10)
	        Index Cond: (id = 7632700)

table 5 : explain UPDATE sbtest5 SET k=k+1 WHERE id=3773917
	Update on sbtest5  (cost=0.43..8.46 rows=0 width=0)
	  ->  Index Scan using sbtest5_pkey on sbtest5  (cost=0.43..8.46 rows=1 width=10)
	        Index Cond: (id = 3773917)

table 6 : explain UPDATE sbtest6 SET k=k+1 WHERE id=8113037
	Update on sbtest6  (cost=0.43..8.46 rows=0 width=0)
	  ->  Index Scan using sbtest6_pkey on sbtest6  (cost=0.43..8.46 rows=1 width=10)
	        Index Cond: (id = 8113037)

table 7 : explain UPDATE sbtest7 SET k=k+1 WHERE id=1597243
	Update on sbtest7  (cost=0.43..8.46 rows=0 width=0)
	  ->  Index Scan using sbtest7_pkey on sbtest7  (cost=0.43..8.46 rows=1 width=10)
	        Index Cond: (id = 1597243)

table 8 : explain UPDATE sbtest8 SET k=k+1 WHERE id=9068411
	Update on sbtest8  (cost=0.43..8.46 rows=0 width=0)
	  ->  Index Scan using sbtest8_pkey on sbtest8  (cost=0.43..8.46 rows=1 width=10)
	        Index Cond: (id = 9068411)

for index_updates
table 1 : explain UPDATE sbtest1 SET k=k+1 WHERE id=4198026
	Update on sbtest1  (cost=0.43..8.46 rows=0 width=0)
	  ->  Index Scan using sbtest1_pkey on sbtest1  (cost=0.43..8.46 rows=1 width=10)
	        Index Cond: (id = 4198026)

table 2 : explain UPDATE sbtest2 SET k=k+1 WHERE id=1005540
	Update on sbtest2  (cost=0.43..8.46 rows=0 width=0)
	  ->  Index Scan using sbtest2_pkey on sbtest2  (cost=0.43..8.46 rows=1 width=10)
	        Index Cond: (id = 1005540)

table 3 : explain UPDATE sbtest3 SET k=k+1 WHERE id=4447927
	Update on sbtest3  (cost=0.43..8.46 rows=0 width=0)
	  ->  Index Scan using sbtest3_pkey on sbtest3  (cost=0.43..8.46 rows=1 width=10)
	        Index Cond: (id = 4447927)

table 4 : explain UPDATE sbtest4 SET k=k+1 WHERE id=854414
	Update on sbtest4  (cost=0.43..8.46 rows=0 width=0)
	  ->  Index Scan using sbtest4_pkey on sbtest4  (cost=0.43..8.46 rows=1 width=10)
	        Index Cond: (id = 854414)

table 5 : explain UPDATE sbtest5 SET k=k+1 WHERE id=7805210
	Update on sbtest5  (cost=0.43..8.46 rows=0 width=0)
	  ->  Index Scan using sbtest5_pkey on sbtest5  (cost=0.43..8.46 rows=1 width=10)
	        Index Cond: (id = 7805210)

table 6 : explain UPDATE sbtest6 SET k=k+1 WHERE id=193770
	Update on sbtest6  (cost=0.43..8.46 rows=0 width=0)
	  ->  Index Scan using sbtest6_pkey on sbtest6  (cost=0.43..8.46 rows=1 width=10)
	        Index Cond: (id = 193770)

table 7 : explain UPDATE sbtest7 SET k=k+1 WHERE id=9509163
	Update on sbtest7  (cost=0.43..8.46 rows=0 width=0)
	  ->  Index Scan using sbtest7_pkey on sbtest7  (cost=0.43..8.46 rows=1 width=10)
	        Index Cond: (id = 9509163)

table 8 : explain UPDATE sbtest8 SET k=k+1 WHERE id=839338
	Update on sbtest8  (cost=0.43..8.46 rows=0 width=0)
	  ->  Index Scan using sbtest8_pkey on sbtest8  (cost=0.43..8.46 rows=1 width=10)
	        Index Cond: (id = 839338)

explain: for index_updates :: explain UPDATE sbtest%u SET k=k+1 WHERE id=%u
explain: for inserts :: explain INSERT INTO sbtest%u (id, k, c, pad) VALUES (%u, 13, 'foobar', 'foobar')
explain: for non_index_updates :: explain UPDATE sbtest%u SET c='foobar' WHERE id=%u
for non_index_updates
table 1 : explain UPDATE sbtest1 SET c='foobar' WHERE id=9132697
	Update on sbtest1  (cost=0.43..8.45 rows=0 width=0)
	  ->  Index Scan using sbtest1_pkey on sbtest1  (cost=0.43..8.45 rows=1 width=490)
	        Index Cond: (id = 9132697)

table 2 : explain UPDATE sbtest2 SET c='foobar' WHERE id=9907367
	Update on sbtest2  (cost=0.43..8.45 rows=0 width=0)
	  ->  Index Scan using sbtest2_pkey on sbtest2  (cost=0.43..8.45 rows=1 width=490)
	        Index Cond: (id = 9907367)

table 3 : explain UPDATE sbtest3 SET c='foobar' WHERE id=7771043
	Update on sbtest3  (cost=0.43..8.45 rows=0 width=0)
	  ->  Index Scan using sbtest3_pkey on sbtest3  (cost=0.43..8.45 rows=1 width=490)
	        Index Cond: (id = 7771043)

table 4 : explain UPDATE sbtest4 SET c='foobar' WHERE id=255096
	Update on sbtest4  (cost=0.43..8.45 rows=0 width=0)
	  ->  Index Scan using sbtest4_pkey on sbtest4  (cost=0.43..8.45 rows=1 width=490)
	        Index Cond: (id = 255096)

table 5 : explain UPDATE sbtest5 SET c='foobar' WHERE id=6061522
	Update on sbtest5  (cost=0.43..8.45 rows=0 width=0)
	  ->  Index Scan using sbtest5_pkey on sbtest5  (cost=0.43..8.45 rows=1 width=490)
	        Index Cond: (id = 6061522)

table 6 : explain UPDATE sbtest6 SET c='foobar' WHERE id=8854252
	Update on sbtest6  (cost=0.43..8.45 rows=0 width=0)
	  ->  Index Scan using sbtest6_pkey on sbtest6  (cost=0.43..8.45 rows=1 width=490)
	        Index Cond: (id = 8854252)

table 7 : explain UPDATE sbtest7 SET c='foobar' WHERE id=8295226
	Update on sbtest7  (cost=0.43..8.45 rows=0 width=0)
	  ->  Index Scan using sbtest7_pkey on sbtest7  (cost=0.43..8.45 rows=1 width=490)
	        Index Cond: (id = 8295226)

table 8 : explain UPDATE sbtest8 SET c='foobar' WHERE id=7375529
	Update on sbtest8  (cost=0.43..8.45 rows=0 width=0)
	  ->  Index Scan using sbtest8_pkey on sbtest8  (cost=0.43..8.45 rows=1 width=490)
	        Index Cond: (id = 7375529)

explain: for index_updates :: explain UPDATE sbtest%u SET k=k+1 WHERE id=%u
for inserts
table 1 : explain INSERT INTO sbtest1 (id, k, c, pad) VALUES (8482445, 13, 'foobar', 'foobar')
	Insert on sbtest1  (cost=0.00..0.01 rows=0 width=0)
	  ->  Result  (cost=0.00..0.01 rows=1 width=736)

table 2 : explain INSERT INTO sbtest2 (id, k, c, pad) VALUES (3974843, 13, 'foobar', 'foobar')
	Insert on sbtest2  (cost=0.00..0.01 rows=0 width=0)
	  ->  Result  (cost=0.00..0.01 rows=1 width=736)

table 3 : explain INSERT INTO sbtest3 (id, k, c, pad) VALUES (9317169, 13, 'foobar', 'foobar')
	Insert on sbtest3  (cost=0.00..0.01 rows=0 width=0)
	  ->  Result  (cost=0.00..0.01 rows=1 width=736)

table 4 : explain INSERT INTO sbtest4 (id, k, c, pad) VALUES (5821515, 13, 'foobar', 'foobar')
	Insert on sbtest4  (cost=0.00..0.01 rows=0 width=0)
	  ->  Result  (cost=0.00..0.01 rows=1 width=736)

table 5 : explain INSERT INTO sbtest5 (id, k, c, pad) VALUES (2152024, 13, 'foobar', 'foobar')
	Insert on sbtest5  (cost=0.00..0.01 rows=0 width=0)
	  ->  Result  (cost=0.00..0.01 rows=1 width=736)

table 6 : explain INSERT INTO sbtest6 (id, k, c, pad) VALUES (1338564, 13, 'foobar', 'foobar')
	Insert on sbtest6  (cost=0.00..0.01 rows=0 width=0)
	  ->  Result  (cost=0.00..0.01 rows=1 width=736)

table 7 : explain INSERT INTO sbtest7 (id, k, c, pad) VALUES (8342301, 13, 'foobar', 'foobar')
	Insert on sbtest7  (cost=0.00..0.01 rows=0 width=0)
	  ->  Result  (cost=0.00..0.01 rows=1 width=736)

table 8 : explain INSERT INTO sbtest8 (id, k, c, pad) VALUES (8102023, 13, 'foobar', 'foobar')
	Insert on sbtest8  (cost=0.00..0.01 rows=0 width=0)
	  ->  Result  (cost=0.00..0.01 rows=1 width=736)

for non_index_updates
table 1 : explain UPDATE sbtest1 SET c='foobar' WHERE id=6757140
	Update on sbtest1  (cost=0.43..8.45 rows=0 width=0)
	  ->  Index Scan using sbtest1_pkey on sbtest1  (cost=0.43..8.45 rows=1 width=490)
	        Index Cond: (id = 6757140)

table 2 : explain UPDATE sbtest2 SET c='foobar' WHERE id=9925944
	Update on sbtest2  (cost=0.43..8.45 rows=0 width=0)
	  ->  Index Scan using sbtest2_pkey on sbtest2  (cost=0.43..8.45 rows=1 width=490)
	        Index Cond: (id = 9925944)

table 3 : explain UPDATE sbtest3 SET c='foobar' WHERE id=5430707
	Update on sbtest3  (cost=0.43..8.45 rows=0 width=0)
	  ->  Index Scan using sbtest3_pkey on sbtest3  (cost=0.43..8.45 rows=1 width=490)
	        Index Cond: (id = 5430707)

table 4 : explain UPDATE sbtest4 SET c='foobar' WHERE id=591506
	Update on sbtest4  (cost=0.43..8.45 rows=0 width=0)
	  ->  Index Scan using sbtest4_pkey on sbtest4  (cost=0.43..8.45 rows=1 width=490)
	        Index Cond: (id = 591506)

table 5 : explain UPDATE sbtest5 SET c='foobar' WHERE id=4435103
	Update on sbtest5  (cost=0.43..8.45 rows=0 width=0)
	  ->  Index Scan using sbtest5_pkey on sbtest5  (cost=0.43..8.45 rows=1 width=490)
	        Index Cond: (id = 4435103)

table 6 : explain UPDATE sbtest6 SET c='foobar' WHERE id=3375613
	Update on sbtest6  (cost=0.43..8.45 rows=0 width=0)
	  ->  Index Scan using sbtest6_pkey on sbtest6  (cost=0.43..8.45 rows=1 width=490)
	        Index Cond: (id = 3375613)

table 7 : explain UPDATE sbtest7 SET c='foobar' WHERE id=3849437
	Update on sbtest7  (cost=0.43..8.45 rows=0 width=0)
	  ->  Index Scan using sbtest7_pkey on sbtest7  (cost=0.43..8.45 rows=1 width=490)
	        Index Cond: (id = 3849437)

table 8 : explain UPDATE sbtest8 SET c='foobar' WHERE id=5515880
	Update on sbtest8  (cost=0.43..8.45 rows=0 width=0)
	  ->  Index Scan using sbtest8_pkey on sbtest8  (cost=0.43..8.45 rows=1 width=490)
	        Index Cond: (id = 5515880)

explain: for non_index_updates :: explain UPDATE sbtest%u SET c='foobar' WHERE id=%u
explain: for inserts :: explain INSERT INTO sbtest%u (id, k, c, pad) VALUES (%u, 13, 'foobar', 'foobar')
for inserts
table 1 : explain INSERT INTO sbtest1 (id, k, c, pad) VALUES (348124, 13, 'foobar', 'foobar')
	Insert on sbtest1  (cost=0.00..0.01 rows=0 width=0)
	  ->  Result  (cost=0.00..0.01 rows=1 width=736)

table 2 : explain INSERT INTO sbtest2 (id, k, c, pad) VALUES (1432502, 13, 'foobar', 'foobar')
	Insert on sbtest2  (cost=0.00..0.01 rows=0 width=0)
	  ->  Result  (cost=0.00..0.01 rows=1 width=736)

table 3 : explain INSERT INTO sbtest3 (id, k, c, pad) VALUES (2165332, 13, 'foobar', 'foobar')
	Insert on sbtest3  (cost=0.00..0.01 rows=0 width=0)
	  ->  Result  (cost=0.00..0.01 rows=1 width=736)

table 4 : explain INSERT INTO sbtest4 (id, k, c, pad) VALUES (4871743, 13, 'foobar', 'foobar')
	Insert on sbtest4  (cost=0.00..0.01 rows=0 width=0)
	  ->  Result  (cost=0.00..0.01 rows=1 width=736)

table 5 : explain INSERT INTO sbtest5 (id, k, c, pad) VALUES (3615591, 13, 'foobar', 'foobar')
	Insert on sbtest5  (cost=0.00..0.01 rows=0 width=0)
	  ->  Result  (cost=0.00..0.01 rows=1 width=736)

table 6 : explain INSERT INTO sbtest6 (id, k, c, pad) VALUES (654057, 13, 'foobar', 'foobar')
	Insert on sbtest6  (cost=0.00..0.01 rows=0 width=0)
	  ->  Result  (cost=0.00..0.01 rows=1 width=736)

table 7 : explain INSERT INTO sbtest7 (id, k, c, pad) VALUES (2280419, 13, 'foobar', 'foobar')
	Insert on sbtest7  (cost=0.00..0.01 rows=0 width=0)
	  ->  Result  (cost=0.00..0.01 rows=1 width=736)

table 8 : explain INSERT INTO sbtest8 (id, k, c, pad) VALUES (5526220, 13, 'foobar', 'foobar')
	Insert on sbtest8  (cost=0.00..0.01 rows=0 width=0)
	  ->  Result  (cost=0.00..0.01 rows=1 width=736)

explain: for deletes :: explain DELETE FROM sbtest%u WHERE id=%u
for non_index_updates
table 1 : explain UPDATE sbtest1 SET c='foobar' WHERE id=7814476
	Update on sbtest1  (cost=0.43..8.45 rows=0 width=0)
	  ->  Index Scan using sbtest1_pkey on sbtest1  (cost=0.43..8.45 rows=1 width=490)
	        Index Cond: (id = 7814476)

table 2 : explain UPDATE sbtest2 SET c='foobar' WHERE id=6659657
	Update on sbtest2  (cost=0.43..8.45 rows=0 width=0)
	  ->  Index Scan using sbtest2_pkey on sbtest2  (cost=0.43..8.45 rows=1 width=490)
	        Index Cond: (id = 6659657)

table 3 : explain UPDATE sbtest3 SET c='foobar' WHERE id=2179516
	Update on sbtest3  (cost=0.43..8.45 rows=0 width=0)
	  ->  Index Scan using sbtest3_pkey on sbtest3  (cost=0.43..8.45 rows=1 width=490)
	        Index Cond: (id = 2179516)

table 4 : explain UPDATE sbtest4 SET c='foobar' WHERE id=830012
	Update on sbtest4  (cost=0.43..8.45 rows=0 width=0)
	  ->  Index Scan using sbtest4_pkey on sbtest4  (cost=0.43..8.45 rows=1 width=490)
	        Index Cond: (id = 830012)

table 5 : explain UPDATE sbtest5 SET c='foobar' WHERE id=328786
	Update on sbtest5  (cost=0.43..8.45 rows=0 width=0)
	  ->  Index Scan using sbtest5_pkey on sbtest5  (cost=0.43..8.45 rows=1 width=490)
	        Index Cond: (id = 328786)

table 6 : explain UPDATE sbtest6 SET c='foobar' WHERE id=4477552
	Update on sbtest6  (cost=0.43..8.45 rows=0 width=0)
	  ->  Index Scan using sbtest6_pkey on sbtest6  (cost=0.43..8.45 rows=1 width=490)
	        Index Cond: (id = 4477552)

table 7 : explain UPDATE sbtest7 SET c='foobar' WHERE id=8741726
	Update on sbtest7  (cost=0.43..8.45 rows=0 width=0)
	  ->  Index Scan using sbtest7_pkey on sbtest7  (cost=0.43..8.45 rows=1 width=490)
	        Index Cond: (id = 8741726)

table 8 : explain UPDATE sbtest8 SET c='foobar' WHERE id=887419
	Update on sbtest8  (cost=0.43..8.45 rows=0 width=0)
	  ->  Index Scan using sbtest8_pkey on sbtest8  (cost=0.43..8.45 rows=1 width=490)
	        Index Cond: (id = 887419)

explain: for deletes :: explain DELETE FROM sbtest%u WHERE id=%u
for non_index_updates
table 1 : explain UPDATE sbtest1 SET c='foobar' WHERE id=9252303
	Update on sbtest1  (cost=0.43..8.45 rows=0 width=0)
	  ->  Index Scan using sbtest1_pkey on sbtest1  (cost=0.43..8.45 rows=1 width=490)
	        Index Cond: (id = 9252303)

table 2 : explain UPDATE sbtest2 SET c='foobar' WHERE id=2447436
	Update on sbtest2  (cost=0.43..8.45 rows=0 width=0)
	  ->  Index Scan using sbtest2_pkey on sbtest2  (cost=0.43..8.45 rows=1 width=490)
	        Index Cond: (id = 2447436)

table 3 : explain UPDATE sbtest3 SET c='foobar' WHERE id=5294431
	Update on sbtest3  (cost=0.43..8.45 rows=0 width=0)
	  ->  Index Scan using sbtest3_pkey on sbtest3  (cost=0.43..8.45 rows=1 width=490)
	        Index Cond: (id = 5294431)

table 4 : explain UPDATE sbtest4 SET c='foobar' WHERE id=8241750
	Update on sbtest4  (cost=0.43..8.45 rows=0 width=0)
	  ->  Index Scan using sbtest4_pkey on sbtest4  (cost=0.43..8.45 rows=1 width=490)
	        Index Cond: (id = 8241750)

table 5 : explain UPDATE sbtest5 SET c='foobar' WHERE id=3630680
	Update on sbtest5  (cost=0.43..8.45 rows=0 width=0)
	  ->  Index Scan using sbtest5_pkey on sbtest5  (cost=0.43..8.45 rows=1 width=490)
	        Index Cond: (id = 3630680)

table 6 : explain UPDATE sbtest6 SET c='foobar' WHERE id=4317628
	Update on sbtest6  (cost=0.43..8.45 rows=0 width=0)
	  ->  Index Scan using sbtest6_pkey on sbtest6  (cost=0.43..8.45 rows=1 width=490)
	        Index Cond: (id = 4317628)

table 7 : explain UPDATE sbtest7 SET c='foobar' WHERE id=9016389
	Update on sbtest7  (cost=0.43..8.45 rows=0 width=0)
	  ->  Index Scan using sbtest7_pkey on sbtest7  (cost=0.43..8.45 rows=1 width=490)
	        Index Cond: (id = 9016389)

table 8 : explain UPDATE sbtest8 SET c='foobar' WHERE id=965133
	Update on sbtest8  (cost=0.43..8.45 rows=0 width=0)
	  ->  Index Scan using sbtest8_pkey on sbtest8  (cost=0.43..8.45 rows=1 width=490)
	        Index Cond: (id = 965133)

explain: for deletes :: explain DELETE FROM sbtest%u WHERE id=%u
for deletes
table 1 : explain DELETE FROM sbtest1 WHERE id=5894116
	Delete on sbtest1  (cost=0.43..8.45 rows=0 width=0)
	  ->  Index Scan using sbtest1_pkey on sbtest1  (cost=0.43..8.45 rows=1 width=6)
	        Index Cond: (id = 5894116)

table 2 : explain DELETE FROM sbtest2 WHERE id=4848663
	Delete on sbtest2  (cost=0.43..8.45 rows=0 width=0)
	  ->  Index Scan using sbtest2_pkey on sbtest2  (cost=0.43..8.45 rows=1 width=6)
	        Index Cond: (id = 4848663)

table 3 : explain DELETE FROM sbtest3 WHERE id=5334658
	Delete on sbtest3  (cost=0.43..8.45 rows=0 width=0)
	  ->  Index Scan using sbtest3_pkey on sbtest3  (cost=0.43..8.45 rows=1 width=6)
	        Index Cond: (id = 5334658)

table 4 : explain DELETE FROM sbtest4 WHERE id=4998674
	Delete on sbtest4  (cost=0.43..8.45 rows=0 width=0)
	  ->  Index Scan using sbtest4_pkey on sbtest4  (cost=0.43..8.45 rows=1 width=6)
	        Index Cond: (id = 4998674)

table 5 : explain DELETE FROM sbtest5 WHERE id=7343431
	Delete on sbtest5  (cost=0.43..8.45 rows=0 width=0)
	  ->  Index Scan using sbtest5_pkey on sbtest5  (cost=0.43..8.45 rows=1 width=6)
	        Index Cond: (id = 7343431)

table 6 : explain DELETE FROM sbtest6 WHERE id=3591648
	Delete on sbtest6  (cost=0.43..8.45 rows=0 width=0)
	  ->  Index Scan using sbtest6_pkey on sbtest6  (cost=0.43..8.45 rows=1 width=6)
	        Index Cond: (id = 3591648)

table 7 : explain DELETE FROM sbtest7 WHERE id=7269951
	Delete on sbtest7  (cost=0.43..8.45 rows=0 width=0)
	  ->  Index Scan using sbtest7_pkey on sbtest7  (cost=0.43..8.45 rows=1 width=6)
	        Index Cond: (id = 7269951)

table 8 : explain DELETE FROM sbtest8 WHERE id=1323775
	Delete on sbtest8  (cost=0.43..8.45 rows=0 width=0)
	  ->  Index Scan using sbtest8_pkey on sbtest8  (cost=0.43..8.45 rows=1 width=6)
	        Index Cond: (id = 1323775)

explain: for deletes :: explain DELETE FROM sbtest%u WHERE id=%u
for deletes
table 1 : explain DELETE FROM sbtest1 WHERE id=1045381
	Delete on sbtest1  (cost=0.43..8.45 rows=0 width=0)
	  ->  Index Scan using sbtest1_pkey on sbtest1  (cost=0.43..8.45 rows=1 width=6)
	        Index Cond: (id = 1045381)

table 2 : explain DELETE FROM sbtest2 WHERE id=7514478
	Delete on sbtest2  (cost=0.43..8.45 rows=0 width=0)
	  ->  Index Scan using sbtest2_pkey on sbtest2  (cost=0.43..8.45 rows=1 width=6)
	        Index Cond: (id = 7514478)

table 3 : explain DELETE FROM sbtest3 WHERE id=5160008
	Delete on sbtest3  (cost=0.43..8.45 rows=0 width=0)
	  ->  Index Scan using sbtest3_pkey on sbtest3  (cost=0.43..8.45 rows=1 width=6)
	        Index Cond: (id = 5160008)

table 4 : explain DELETE FROM sbtest4 WHERE id=1619810
	Delete on sbtest4  (cost=0.43..8.45 rows=0 width=0)
	  ->  Index Scan using sbtest4_pkey on sbtest4  (cost=0.43..8.45 rows=1 width=6)
	        Index Cond: (id = 1619810)

table 5 : explain DELETE FROM sbtest5 WHERE id=1975285
	Delete on sbtest5  (cost=0.43..8.45 rows=0 width=0)
	  ->  Index Scan using sbtest5_pkey on sbtest5  (cost=0.43..8.45 rows=1 width=6)
	        Index Cond: (id = 1975285)

table 6 : explain DELETE FROM sbtest6 WHERE id=5025634
	Delete on sbtest6  (cost=0.43..8.45 rows=0 width=0)
	  ->  Index Scan using sbtest6_pkey on sbtest6  (cost=0.43..8.45 rows=1 width=6)
	        Index Cond: (id = 5025634)

table 7 : explain DELETE FROM sbtest7 WHERE id=3165826
	Delete on sbtest7  (cost=0.43..8.45 rows=0 width=0)
	  ->  Index Scan using sbtest7_pkey on sbtest7  (cost=0.43..8.45 rows=1 width=6)
	        Index Cond: (id = 3165826)

table 8 : explain DELETE FROM sbtest8 WHERE id=9047351
	Delete on sbtest8  (cost=0.43..8.45 rows=0 width=0)
	  ->  Index Scan using sbtest8_pkey on sbtest8  (cost=0.43..8.45 rows=1 width=6)
	        Index Cond: (id = 9047351)

for deletes
table 1 : explain DELETE FROM sbtest1 WHERE id=9728130
	Delete on sbtest1  (cost=0.43..8.45 rows=0 width=0)
	  ->  Index Scan using sbtest1_pkey on sbtest1  (cost=0.43..8.45 rows=1 width=6)
	        Index Cond: (id = 9728130)

table 2 : explain DELETE FROM sbtest2 WHERE id=8432920
	Delete on sbtest2  (cost=0.43..8.45 rows=0 width=0)
	  ->  Index Scan using sbtest2_pkey on sbtest2  (cost=0.43..8.45 rows=1 width=6)
	        Index Cond: (id = 8432920)

table 3 : explain DELETE FROM sbtest3 WHERE id=8971006
	Delete on sbtest3  (cost=0.43..8.45 rows=0 width=0)
	  ->  Index Scan using sbtest3_pkey on sbtest3  (cost=0.43..8.45 rows=1 width=6)
	        Index Cond: (id = 8971006)

table 4 : explain DELETE FROM sbtest4 WHERE id=3087972
	Delete on sbtest4  (cost=0.43..8.45 rows=0 width=0)
	  ->  Index Scan using sbtest4_pkey on sbtest4  (cost=0.43..8.45 rows=1 width=6)
	        Index Cond: (id = 3087972)

table 5 : explain DELETE FROM sbtest5 WHERE id=4434942
	Delete on sbtest5  (cost=0.43..8.45 rows=0 width=0)
	  ->  Index Scan using sbtest5_pkey on sbtest5  (cost=0.43..8.45 rows=1 width=6)
	        Index Cond: (id = 4434942)

table 6 : explain DELETE FROM sbtest6 WHERE id=2511719
	Delete on sbtest6  (cost=0.43..8.45 rows=0 width=0)
	  ->  Index Scan using sbtest6_pkey on sbtest6  (cost=0.43..8.45 rows=1 width=6)
	        Index Cond: (id = 2511719)

table 7 : explain DELETE FROM sbtest7 WHERE id=6576600
	Delete on sbtest7  (cost=0.43..8.45 rows=0 width=0)
	  ->  Index Scan using sbtest7_pkey on sbtest7  (cost=0.43..8.45 rows=1 width=6)
	        Index Cond: (id = 6576600)

table 8 : explain DELETE FROM sbtest8 WHERE id=291988
	Delete on sbtest8  (cost=0.43..8.45 rows=0 width=0)
	  ->  Index Scan using sbtest8_pkey on sbtest8  (cost=0.43..8.45 rows=1 width=6)
	        Index Cond: (id = 291988)

for index_updates
table 1 : explain UPDATE sbtest1 SET k=k+1 WHERE id=2586448
	Update on sbtest1  (cost=0.43..8.46 rows=0 width=0)
	  ->  Index Scan using sbtest1_pkey on sbtest1  (cost=0.43..8.46 rows=1 width=10)
	        Index Cond: (id = 2586448)

table 2 : explain UPDATE sbtest2 SET k=k+1 WHERE id=7601604
	Update on sbtest2  (cost=0.43..8.46 rows=0 width=0)
	  ->  Index Scan using sbtest2_pkey on sbtest2  (cost=0.43..8.46 rows=1 width=10)
	        Index Cond: (id = 7601604)

table 3 : explain UPDATE sbtest3 SET k=k+1 WHERE id=6178120
	Update on sbtest3  (cost=0.43..8.46 rows=0 width=0)
	  ->  Index Scan using sbtest3_pkey on sbtest3  (cost=0.43..8.46 rows=1 width=10)
	        Index Cond: (id = 6178120)

table 4 : explain UPDATE sbtest4 SET k=k+1 WHERE id=9309463
	Update on sbtest4  (cost=0.43..8.46 rows=0 width=0)
	  ->  Index Scan using sbtest4_pkey on sbtest4  (cost=0.43..8.46 rows=1 width=10)
	        Index Cond: (id = 9309463)

table 5 : explain UPDATE sbtest5 SET k=k+1 WHERE id=9908678
	Update on sbtest5  (cost=0.43..8.46 rows=0 width=0)
	  ->  Index Scan using sbtest5_pkey on sbtest5  (cost=0.43..8.46 rows=1 width=10)
	        Index Cond: (id = 9908678)

table 6 : explain UPDATE sbtest6 SET k=k+1 WHERE id=7307714
	Update on sbtest6  (cost=0.43..8.46 rows=0 width=0)
	  ->  Index Scan using sbtest6_pkey on sbtest6  (cost=0.43..8.46 rows=1 width=10)
	        Index Cond: (id = 7307714)

table 7 : explain UPDATE sbtest7 SET k=k+1 WHERE id=3295308
	Update on sbtest7  (cost=0.43..8.46 rows=0 width=0)
	  ->  Index Scan using sbtest7_pkey on sbtest7  (cost=0.43..8.46 rows=1 width=10)
	        Index Cond: (id = 3295308)

table 8 : explain UPDATE sbtest8 SET k=k+1 WHERE id=6751293
	Update on sbtest8  (cost=0.43..8.46 rows=0 width=0)
	  ->  Index Scan using sbtest8_pkey on sbtest8  (cost=0.43..8.46 rows=1 width=10)
	        Index Cond: (id = 6751293)

explain: for index_updates :: explain UPDATE sbtest%u SET k=k+1 WHERE id=%u
for inserts
table 1 : explain INSERT INTO sbtest1 (id, k, c, pad) VALUES (2475325, 13, 'foobar', 'foobar')
	Insert on sbtest1  (cost=0.00..0.01 rows=0 width=0)
	  ->  Result  (cost=0.00..0.01 rows=1 width=736)

table 2 : explain INSERT INTO sbtest2 (id, k, c, pad) VALUES (9434296, 13, 'foobar', 'foobar')
	Insert on sbtest2  (cost=0.00..0.01 rows=0 width=0)
	  ->  Result  (cost=0.00..0.01 rows=1 width=736)

table 3 : explain INSERT INTO sbtest3 (id, k, c, pad) VALUES (1339695, 13, 'foobar', 'foobar')
	Insert on sbtest3  (cost=0.00..0.01 rows=0 width=0)
	  ->  Result  (cost=0.00..0.01 rows=1 width=736)

table 4 : explain INSERT INTO sbtest4 (id, k, c, pad) VALUES (4729967, 13, 'foobar', 'foobar')
	Insert on sbtest4  (cost=0.00..0.01 rows=0 width=0)
	  ->  Result  (cost=0.00..0.01 rows=1 width=736)

table 5 : explain INSERT INTO sbtest5 (id, k, c, pad) VALUES (6372487, 13, 'foobar', 'foobar')
	Insert on sbtest5  (cost=0.00..0.01 rows=0 width=0)
	  ->  Result  (cost=0.00..0.01 rows=1 width=736)

table 6 : explain INSERT INTO sbtest6 (id, k, c, pad) VALUES (40393, 13, 'foobar', 'foobar')
	Insert on sbtest6  (cost=0.00..0.01 rows=0 width=0)
	  ->  Result  (cost=0.00..0.01 rows=1 width=736)

table 7 : explain INSERT INTO sbtest7 (id, k, c, pad) VALUES (1696796, 13, 'foobar', 'foobar')
	Insert on sbtest7  (cost=0.00..0.01 rows=0 width=0)
	  ->  Result  (cost=0.00..0.01 rows=1 width=736)

table 8 : explain INSERT INTO sbtest8 (id, k, c, pad) VALUES (453862, 13, 'foobar', 'foobar')
	Insert on sbtest8  (cost=0.00..0.01 rows=0 width=0)
	  ->  Result  (cost=0.00..0.01 rows=1 width=736)

explain: for inserts :: explain INSERT INTO sbtest%u (id, k, c, pad) VALUES (%u, 13, 'foobar', 'foobar')
explain: for non_index_updates :: explain UPDATE sbtest%u SET c='foobar' WHERE id=%u
explain: for inserts :: explain INSERT INTO sbtest%u (id, k, c, pad) VALUES (%u, 13, 'foobar', 'foobar')
for inserts
table 1 : explain INSERT INTO sbtest1 (id, k, c, pad) VALUES (7541964, 13, 'foobar', 'foobar')
	Insert on sbtest1  (cost=0.00..0.01 rows=0 width=0)
	  ->  Result  (cost=0.00..0.01 rows=1 width=736)

table 2 : explain INSERT INTO sbtest2 (id, k, c, pad) VALUES (8224717, 13, 'foobar', 'foobar')
	Insert on sbtest2  (cost=0.00..0.01 rows=0 width=0)
	  ->  Result  (cost=0.00..0.01 rows=1 width=736)

table 3 : explain INSERT INTO sbtest3 (id, k, c, pad) VALUES (4244724, 13, 'foobar', 'foobar')
	Insert on sbtest3  (cost=0.00..0.01 rows=0 width=0)
	  ->  Result  (cost=0.00..0.01 rows=1 width=736)

table 4 : explain INSERT INTO sbtest4 (id, k, c, pad) VALUES (6446914, 13, 'foobar', 'foobar')
	Insert on sbtest4  (cost=0.00..0.01 rows=0 width=0)
	  ->  Result  (cost=0.00..0.01 rows=1 width=736)

table 5 : explain INSERT INTO sbtest5 (id, k, c, pad) VALUES (288023, 13, 'foobar', 'foobar')
	Insert on sbtest5  (cost=0.00..0.01 rows=0 width=0)
	  ->  Result  (cost=0.00..0.01 rows=1 width=736)

table 6 : explain INSERT INTO sbtest6 (id, k, c, pad) VALUES (4011995, 13, 'foobar', 'foobar')
	Insert on sbtest6  (cost=0.00..0.01 rows=0 width=0)
	  ->  Result  (cost=0.00..0.01 rows=1 width=736)

table 7 : explain INSERT INTO sbtest7 (id, k, c, pad) VALUES (2383928, 13, 'foobar', 'foobar')
	Insert on sbtest7  (cost=0.00..0.01 rows=0 width=0)
	  ->  Result  (cost=0.00..0.01 rows=1 width=736)

table 8 : explain INSERT INTO sbtest8 (id, k, c, pad) VALUES (8894893, 13, 'foobar', 'foobar')
	Insert on sbtest8  (cost=0.00..0.01 rows=0 width=0)
	  ->  Result  (cost=0.00..0.01 rows=1 width=736)

for non_index_updates
table 1 : explain UPDATE sbtest1 SET c='foobar' WHERE id=2028312
	Update on sbtest1  (cost=0.43..8.45 rows=0 width=0)
	  ->  Index Scan using sbtest1_pkey on sbtest1  (cost=0.43..8.45 rows=1 width=490)
	        Index Cond: (id = 2028312)

table 2 : explain UPDATE sbtest2 SET c='foobar' WHERE id=9643916
	Update on sbtest2  (cost=0.43..8.45 rows=0 width=0)
	  ->  Index Scan using sbtest2_pkey on sbtest2  (cost=0.43..8.45 rows=1 width=490)
	        Index Cond: (id = 9643916)

table 3 : explain UPDATE sbtest3 SET c='foobar' WHERE id=2522952
	Update on sbtest3  (cost=0.43..8.45 rows=0 width=0)
	  ->  Index Scan using sbtest3_pkey on sbtest3  (cost=0.43..8.45 rows=1 width=490)
	        Index Cond: (id = 2522952)

table 4 : explain UPDATE sbtest4 SET c='foobar' WHERE id=1759745
	Update on sbtest4  (cost=0.43..8.45 rows=0 width=0)
	  ->  Index Scan using sbtest4_pkey on sbtest4  (cost=0.43..8.45 rows=1 width=490)
	        Index Cond: (id = 1759745)

table 5 : explain UPDATE sbtest5 SET c='foobar' WHERE id=5440458
	Update on sbtest5  (cost=0.43..8.45 rows=0 width=0)
	  ->  Index Scan using sbtest5_pkey on sbtest5  (cost=0.43..8.45 rows=1 width=490)
	        Index Cond: (id = 5440458)

table 6 : explain UPDATE sbtest6 SET c='foobar' WHERE id=859179
	Update on sbtest6  (cost=0.43..8.45 rows=0 width=0)
	  ->  Index Scan using sbtest6_pkey on sbtest6  (cost=0.43..8.45 rows=1 width=490)
	        Index Cond: (id = 859179)

table 7 : explain UPDATE sbtest7 SET c='foobar' WHERE id=2137811
	Update on sbtest7  (cost=0.43..8.45 rows=0 width=0)
	  ->  Index Scan using sbtest7_pkey on sbtest7  (cost=0.43..8.45 rows=1 width=490)
	        Index Cond: (id = 2137811)

table 8 : explain UPDATE sbtest8 SET c='foobar' WHERE id=215371
	Update on sbtest8  (cost=0.43..8.45 rows=0 width=0)
	  ->  Index Scan using sbtest8_pkey on sbtest8  (cost=0.43..8.45 rows=1 width=490)
	        Index Cond: (id = 215371)

for inserts
table 1 : explain INSERT INTO sbtest1 (id, k, c, pad) VALUES (7244098, 13, 'foobar', 'foobar')
	Insert on sbtest1  (cost=0.00..0.01 rows=0 width=0)
	  ->  Result  (cost=0.00..0.01 rows=1 width=736)

table 2 : explain INSERT INTO sbtest2 (id, k, c, pad) VALUES (6590942, 13, 'foobar', 'foobar')
	Insert on sbtest2  (cost=0.00..0.01 rows=0 width=0)
	  ->  Result  (cost=0.00..0.01 rows=1 width=736)

table 3 : explain INSERT INTO sbtest3 (id, k, c, pad) VALUES (5519644, 13, 'foobar', 'foobar')
	Insert on sbtest3  (cost=0.00..0.01 rows=0 width=0)
	  ->  Result  (cost=0.00..0.01 rows=1 width=736)

table 4 : explain INSERT INTO sbtest4 (id, k, c, pad) VALUES (8123468, 13, 'foobar', 'foobar')
	Insert on sbtest4  (cost=0.00..0.01 rows=0 width=0)
	  ->  Result  (cost=0.00..0.01 rows=1 width=736)

table 5 : explain INSERT INTO sbtest5 (id, k, c, pad) VALUES (9191452, 13, 'foobar', 'foobar')
	Insert on sbtest5  (cost=0.00..0.01 rows=0 width=0)
	  ->  Result  (cost=0.00..0.01 rows=1 width=736)

table 6 : explain INSERT INTO sbtest6 (id, k, c, pad) VALUES (8283804, 13, 'foobar', 'foobar')
	Insert on sbtest6  (cost=0.00..0.01 rows=0 width=0)
	  ->  Result  (cost=0.00..0.01 rows=1 width=736)

table 7 : explain INSERT INTO sbtest7 (id, k, c, pad) VALUES (9529579, 13, 'foobar', 'foobar')
	Insert on sbtest7  (cost=0.00..0.01 rows=0 width=0)
	  ->  Result  (cost=0.00..0.01 rows=1 width=736)

table 8 : explain INSERT INTO sbtest8 (id, k, c, pad) VALUES (6955238, 13, 'foobar', 'foobar')
	Insert on sbtest8  (cost=0.00..0.01 rows=0 width=0)
	  ->  Result  (cost=0.00..0.01 rows=1 width=736)

for index_updates
table 1 : explain UPDATE sbtest1 SET k=k+1 WHERE id=8626940
	Update on sbtest1  (cost=0.43..8.46 rows=0 width=0)
	  ->  Index Scan using sbtest1_pkey on sbtest1  (cost=0.43..8.46 rows=1 width=10)
	        Index Cond: (id = 8626940)

table 2 : explain UPDATE sbtest2 SET k=k+1 WHERE id=8118152
	Update on sbtest2  (cost=0.43..8.46 rows=0 width=0)
	  ->  Index Scan using sbtest2_pkey on sbtest2  (cost=0.43..8.46 rows=1 width=10)
	        Index Cond: (id = 8118152)

table 3 : explain UPDATE sbtest3 SET k=k+1 WHERE id=4585953
	Update on sbtest3  (cost=0.43..8.46 rows=0 width=0)
	  ->  Index Scan using sbtest3_pkey on sbtest3  (cost=0.43..8.46 rows=1 width=10)
	        Index Cond: (id = 4585953)

table 4 : explain UPDATE sbtest4 SET k=k+1 WHERE id=2527305
	Update on sbtest4  (cost=0.43..8.46 rows=0 width=0)
	  ->  Index Scan using sbtest4_pkey on sbtest4  (cost=0.43..8.46 rows=1 width=10)
	        Index Cond: (id = 2527305)

table 5 : explain UPDATE sbtest5 SET k=k+1 WHERE id=2408960
	Update on sbtest5  (cost=0.43..8.46 rows=0 width=0)
	  ->  Index Scan using sbtest5_pkey on sbtest5  (cost=0.43..8.46 rows=1 width=10)
	        Index Cond: (id = 2408960)

table 6 : explain UPDATE sbtest6 SET k=k+1 WHERE id=9961482
	Update on sbtest6  (cost=0.43..8.46 rows=0 width=0)
	  ->  Index Scan using sbtest6_pkey on sbtest6  (cost=0.43..8.46 rows=1 width=10)
	        Index Cond: (id = 9961482)

table 7 : explain UPDATE sbtest7 SET k=k+1 WHERE id=479867
	Update on sbtest7  (cost=0.43..8.46 rows=0 width=0)
	  ->  Index Scan using sbtest7_pkey on sbtest7  (cost=0.43..8.46 rows=1 width=10)
	        Index Cond: (id = 479867)

table 8 : explain UPDATE sbtest8 SET k=k+1 WHERE id=691661
	Update on sbtest8  (cost=0.43..8.46 rows=0 width=0)
	  ->  Index Scan using sbtest8_pkey on sbtest8  (cost=0.43..8.46 rows=1 width=10)
	        Index Cond: (id = 691661)

for non_index_updates
table 1 : explain UPDATE sbtest1 SET c='foobar' WHERE id=4846896
	Update on sbtest1  (cost=0.43..8.45 rows=0 width=0)
	  ->  Index Scan using sbtest1_pkey on sbtest1  (cost=0.43..8.45 rows=1 width=490)
	        Index Cond: (id = 4846896)

table 2 : explain UPDATE sbtest2 SET c='foobar' WHERE id=7467978
	Update on sbtest2  (cost=0.43..8.45 rows=0 width=0)
	  ->  Index Scan using sbtest2_pkey on sbtest2  (cost=0.43..8.45 rows=1 width=490)
	        Index Cond: (id = 7467978)

table 3 : explain UPDATE sbtest3 SET c='foobar' WHERE id=967468
	Update on sbtest3  (cost=0.43..8.45 rows=0 width=0)
	  ->  Index Scan using sbtest3_pkey on sbtest3  (cost=0.43..8.45 rows=1 width=490)
	        Index Cond: (id = 967468)

table 4 : explain UPDATE sbtest4 SET c='foobar' WHERE id=442073
	Update on sbtest4  (cost=0.43..8.45 rows=0 width=0)
	  ->  Index Scan using sbtest4_pkey on sbtest4  (cost=0.43..8.45 rows=1 width=490)
	        Index Cond: (id = 442073)

table 5 : explain UPDATE sbtest5 SET c='foobar' WHERE id=9995636
	Update on sbtest5  (cost=0.43..8.45 rows=0 width=0)
	  ->  Index Scan using sbtest5_pkey on sbtest5  (cost=0.43..8.45 rows=1 width=490)
	        Index Cond: (id = 9995636)

table 6 : explain UPDATE sbtest6 SET c='foobar' WHERE id=5049457
	Update on sbtest6  (cost=0.43..8.45 rows=0 width=0)
	  ->  Index Scan using sbtest6_pkey on sbtest6  (cost=0.43..8.45 rows=1 width=490)
	        Index Cond: (id = 5049457)

table 7 : explain UPDATE sbtest7 SET c='foobar' WHERE id=2040791
	Update on sbtest7  (cost=0.43..8.45 rows=0 width=0)
	  ->  Index Scan using sbtest7_pkey on sbtest7  (cost=0.43..8.45 rows=1 width=490)
	        Index Cond: (id = 2040791)

table 8 : explain UPDATE sbtest8 SET c='foobar' WHERE id=4393056
	Update on sbtest8  (cost=0.43..8.45 rows=0 width=0)
	  ->  Index Scan using sbtest8_pkey on sbtest8  (cost=0.43..8.45 rows=1 width=490)
	        Index Cond: (id = 4393056)

explain: for non_index_updates :: explain UPDATE sbtest%u SET c='foobar' WHERE id=%u
explain: for deletes :: explain DELETE FROM sbtest%u WHERE id=%u
explain: for deletes :: explain DELETE FROM sbtest%u WHERE id=%u
explain: for index_updates :: explain UPDATE sbtest%u SET k=k+1 WHERE id=%u
for deletes
table 1 : explain DELETE FROM sbtest1 WHERE id=8927947
	Delete on sbtest1  (cost=0.43..8.45 rows=0 width=0)
	  ->  Index Scan using sbtest1_pkey on sbtest1  (cost=0.43..8.45 rows=1 width=6)
	        Index Cond: (id = 8927947)

table 2 : explain DELETE FROM sbtest2 WHERE id=6175253
	Delete on sbtest2  (cost=0.43..8.45 rows=0 width=0)
	  ->  Index Scan using sbtest2_pkey on sbtest2  (cost=0.43..8.45 rows=1 width=6)
	        Index Cond: (id = 6175253)

table 3 : explain DELETE FROM sbtest3 WHERE id=9119505
	Delete on sbtest3  (cost=0.43..8.45 rows=0 width=0)
	  ->  Index Scan using sbtest3_pkey on sbtest3  (cost=0.43..8.45 rows=1 width=6)
	        Index Cond: (id = 9119505)

table 4 : explain DELETE FROM sbtest4 WHERE id=6096808
	Delete on sbtest4  (cost=0.43..8.45 rows=0 width=0)
	  ->  Index Scan using sbtest4_pkey on sbtest4  (cost=0.43..8.45 rows=1 width=6)
	        Index Cond: (id = 6096808)

table 5 : explain DELETE FROM sbtest5 WHERE id=4037220
	Delete on sbtest5  (cost=0.43..8.45 rows=0 width=0)
	  ->  Index Scan using sbtest5_pkey on sbtest5  (cost=0.43..8.45 rows=1 width=6)
	        Index Cond: (id = 4037220)

table 6 : explain DELETE FROM sbtest6 WHERE id=3491318
	Delete on sbtest6  (cost=0.43..8.45 rows=0 width=0)
	  ->  Index Scan using sbtest6_pkey on sbtest6  (cost=0.43..8.45 rows=1 width=6)
	        Index Cond: (id = 3491318)

table 7 : explain DELETE FROM sbtest7 WHERE id=573069
	Delete on sbtest7  (cost=0.43..8.45 rows=0 width=0)
	  ->  Index Scan using sbtest7_pkey on sbtest7  (cost=0.43..8.45 rows=1 width=6)
	        Index Cond: (id = 573069)

table 8 : explain DELETE FROM sbtest8 WHERE id=9804463
	Delete on sbtest8  (cost=0.43..8.45 rows=0 width=0)
	  ->  Index Scan using sbtest8_pkey on sbtest8  (cost=0.43..8.45 rows=1 width=6)
	        Index Cond: (id = 9804463)

explain: for inserts :: explain INSERT INTO sbtest%u (id, k, c, pad) VALUES (%u, 13, 'foobar', 'foobar')
for non_index_updates
table 1 : explain UPDATE sbtest1 SET c='foobar' WHERE id=3238091
	Update on sbtest1  (cost=0.43..8.45 rows=0 width=0)
	  ->  Index Scan using sbtest1_pkey on sbtest1  (cost=0.43..8.45 rows=1 width=490)
	        Index Cond: (id = 3238091)

table 2 : explain UPDATE sbtest2 SET c='foobar' WHERE id=3745228
	Update on sbtest2  (cost=0.43..8.45 rows=0 width=0)
	  ->  Index Scan using sbtest2_pkey on sbtest2  (cost=0.43..8.45 rows=1 width=490)
	        Index Cond: (id = 3745228)

table 3 : explain UPDATE sbtest3 SET c='foobar' WHERE id=1938346
	Update on sbtest3  (cost=0.43..8.45 rows=0 width=0)
	  ->  Index Scan using sbtest3_pkey on sbtest3  (cost=0.43..8.45 rows=1 width=490)
	        Index Cond: (id = 1938346)

table 4 : explain UPDATE sbtest4 SET c='foobar' WHERE id=5353605
	Update on sbtest4  (cost=0.43..8.45 rows=0 width=0)
	  ->  Index Scan using sbtest4_pkey on sbtest4  (cost=0.43..8.45 rows=1 width=490)
	        Index Cond: (id = 5353605)

table 5 : explain UPDATE sbtest5 SET c='foobar' WHERE id=1961926
	Update on sbtest5  (cost=0.43..8.45 rows=0 width=0)
	  ->  Index Scan using sbtest5_pkey on sbtest5  (cost=0.43..8.45 rows=1 width=490)
	        Index Cond: (id = 1961926)

table 6 : explain UPDATE sbtest6 SET c='foobar' WHERE id=2797682
	Update on sbtest6  (cost=0.43..8.45 rows=0 width=0)
	  ->  Index Scan using sbtest6_pkey on sbtest6  (cost=0.43..8.45 rows=1 width=490)
	        Index Cond: (id = 2797682)

table 7 : explain UPDATE sbtest7 SET c='foobar' WHERE id=1723701
	Update on sbtest7  (cost=0.43..8.45 rows=0 width=0)
	  ->  Index Scan using sbtest7_pkey on sbtest7  (cost=0.43..8.45 rows=1 width=490)
	        Index Cond: (id = 1723701)

table 8 : explain UPDATE sbtest8 SET c='foobar' WHERE id=9017173
	Update on sbtest8  (cost=0.43..8.45 rows=0 width=0)
	  ->  Index Scan using sbtest8_pkey on sbtest8  (cost=0.43..8.45 rows=1 width=490)
	        Index Cond: (id = 9017173)

explain: for deletes :: explain DELETE FROM sbtest%u WHERE id=%u
for deletes
table 1 : explain DELETE FROM sbtest1 WHERE id=3537152
	Delete on sbtest1  (cost=0.43..8.45 rows=0 width=0)
	  ->  Index Scan using sbtest1_pkey on sbtest1  (cost=0.43..8.45 rows=1 width=6)
	        Index Cond: (id = 3537152)

table 2 : explain DELETE FROM sbtest2 WHERE id=9512472
	Delete on sbtest2  (cost=0.43..8.45 rows=0 width=0)
	  ->  Index Scan using sbtest2_pkey on sbtest2  (cost=0.43..8.45 rows=1 width=6)
	        Index Cond: (id = 9512472)

table 3 : explain DELETE FROM sbtest3 WHERE id=3569077
	Delete on sbtest3  (cost=0.43..8.45 rows=0 width=0)
	  ->  Index Scan using sbtest3_pkey on sbtest3  (cost=0.43..8.45 rows=1 width=6)
	        Index Cond: (id = 3569077)

table 4 : explain DELETE FROM sbtest4 WHERE id=3007932
	Delete on sbtest4  (cost=0.43..8.45 rows=0 width=0)
	  ->  Index Scan using sbtest4_pkey on sbtest4  (cost=0.43..8.45 rows=1 width=6)
	        Index Cond: (id = 3007932)

table 5 : explain DELETE FROM sbtest5 WHERE id=8223205
	Delete on sbtest5  (cost=0.43..8.45 rows=0 width=0)
	  ->  Index Scan using sbtest5_pkey on sbtest5  (cost=0.43..8.45 rows=1 width=6)
	        Index Cond: (id = 8223205)

table 6 : explain DELETE FROM sbtest6 WHERE id=6014298
	Delete on sbtest6  (cost=0.43..8.45 rows=0 width=0)
	  ->  Index Scan using sbtest6_pkey on sbtest6  (cost=0.43..8.45 rows=1 width=6)
	        Index Cond: (id = 6014298)

table 7 : explain DELETE FROM sbtest7 WHERE id=1489698
	Delete on sbtest7  (cost=0.43..8.45 rows=0 width=0)
	  ->  Index Scan using sbtest7_pkey on sbtest7  (cost=0.43..8.45 rows=1 width=6)
	        Index Cond: (id = 1489698)

table 8 : explain DELETE FROM sbtest8 WHERE id=3856403
	Delete on sbtest8  (cost=0.43..8.45 rows=0 width=0)
	  ->  Index Scan using sbtest8_pkey on sbtest8  (cost=0.43..8.45 rows=1 width=6)
	        Index Cond: (id = 3856403)

for deletes
table 1 : explain DELETE FROM sbtest1 WHERE id=223018
	Delete on sbtest1  (cost=0.43..8.45 rows=0 width=0)
	  ->  Index Scan using sbtest1_pkey on sbtest1  (cost=0.43..8.45 rows=1 width=6)
	        Index Cond: (id = 223018)

table 2 : explain DELETE FROM sbtest2 WHERE id=5741155
	Delete on sbtest2  (cost=0.43..8.45 rows=0 width=0)
	  ->  Index Scan using sbtest2_pkey on sbtest2  (cost=0.43..8.45 rows=1 width=6)
	        Index Cond: (id = 5741155)

table 3 : explain DELETE FROM sbtest3 WHERE id=4224903
	Delete on sbtest3  (cost=0.43..8.45 rows=0 width=0)
	  ->  Index Scan using sbtest3_pkey on sbtest3  (cost=0.43..8.45 rows=1 width=6)
	        Index Cond: (id = 4224903)

table 4 : explain DELETE FROM sbtest4 WHERE id=519069
	Delete on sbtest4  (cost=0.43..8.45 rows=0 width=0)
	  ->  Index Scan using sbtest4_pkey on sbtest4  (cost=0.43..8.45 rows=1 width=6)
	        Index Cond: (id = 519069)

table 5 : explain DELETE FROM sbtest5 WHERE id=1287935
	Delete on sbtest5  (cost=0.43..8.45 rows=0 width=0)
	  ->  Index Scan using sbtest5_pkey on sbtest5  (cost=0.43..8.45 rows=1 width=6)
	        Index Cond: (id = 1287935)

table 6 : explain DELETE FROM sbtest6 WHERE id=7686149
	Delete on sbtest6  (cost=0.43..8.45 rows=0 width=0)
	  ->  Index Scan using sbtest6_pkey on sbtest6  (cost=0.43..8.45 rows=1 width=6)
	        Index Cond: (id = 7686149)

table 7 : explain DELETE FROM sbtest7 WHERE id=9596161
	Delete on sbtest7  (cost=0.43..8.45 rows=0 width=0)
	  ->  Index Scan using sbtest7_pkey on sbtest7  (cost=0.43..8.45 rows=1 width=6)
	        Index Cond: (id = 9596161)

table 8 : explain DELETE FROM sbtest8 WHERE id=7163979
	Delete on sbtest8  (cost=0.43..8.45 rows=0 width=0)
	  ->  Index Scan using sbtest8_pkey on sbtest8  (cost=0.43..8.45 rows=1 width=6)
	        Index Cond: (id = 7163979)

explain: for inserts :: explain INSERT INTO sbtest%u (id, k, c, pad) VALUES (%u, 13, 'foobar', 'foobar')
for index_updates
table 1 : explain UPDATE sbtest1 SET k=k+1 WHERE id=3114999
	Update on sbtest1  (cost=0.43..8.46 rows=0 width=0)
	  ->  Index Scan using sbtest1_pkey on sbtest1  (cost=0.43..8.46 rows=1 width=10)
	        Index Cond: (id = 3114999)

table 2 : explain UPDATE sbtest2 SET k=k+1 WHERE id=1317626
	Update on sbtest2  (cost=0.43..8.46 rows=0 width=0)
	  ->  Index Scan using sbtest2_pkey on sbtest2  (cost=0.43..8.46 rows=1 width=10)
	        Index Cond: (id = 1317626)

table 3 : explain UPDATE sbtest3 SET k=k+1 WHERE id=9054230
	Update on sbtest3  (cost=0.43..8.46 rows=0 width=0)
	  ->  Index Scan using sbtest3_pkey on sbtest3  (cost=0.43..8.46 rows=1 width=10)
	        Index Cond: (id = 9054230)

table 4 : explain UPDATE sbtest4 SET k=k+1 WHERE id=1553774
	Update on sbtest4  (cost=0.43..8.46 rows=0 width=0)
	  ->  Index Scan using sbtest4_pkey on sbtest4  (cost=0.43..8.46 rows=1 width=10)
	        Index Cond: (id = 1553774)

table 5 : explain UPDATE sbtest5 SET k=k+1 WHERE id=3361716
	Update on sbtest5  (cost=0.43..8.46 rows=0 width=0)
	  ->  Index Scan using sbtest5_pkey on sbtest5  (cost=0.43..8.46 rows=1 width=10)
	        Index Cond: (id = 3361716)

table 6 : explain UPDATE sbtest6 SET k=k+1 WHERE id=8446160
	Update on sbtest6  (cost=0.43..8.46 rows=0 width=0)
	  ->  Index Scan using sbtest6_pkey on sbtest6  (cost=0.43..8.46 rows=1 width=10)
	        Index Cond: (id = 8446160)

table 7 : explain UPDATE sbtest7 SET k=k+1 WHERE id=3918488
	Update on sbtest7  (cost=0.43..8.46 rows=0 width=0)
	  ->  Index Scan using sbtest7_pkey on sbtest7  (cost=0.43..8.46 rows=1 width=10)
	        Index Cond: (id = 3918488)

table 8 : explain UPDATE sbtest8 SET k=k+1 WHERE id=2535689
	Update on sbtest8  (cost=0.43..8.46 rows=0 width=0)
	  ->  Index Scan using sbtest8_pkey on sbtest8  (cost=0.43..8.46 rows=1 width=10)
	        Index Cond: (id = 2535689)

explain: for inserts :: explain INSERT INTO sbtest%u (id, k, c, pad) VALUES (%u, 13, 'foobar', 'foobar')
for inserts
table 1 : explain INSERT INTO sbtest1 (id, k, c, pad) VALUES (43048, 13, 'foobar', 'foobar')
	Insert on sbtest1  (cost=0.00..0.01 rows=0 width=0)
	  ->  Result  (cost=0.00..0.01 rows=1 width=736)

table 2 : explain INSERT INTO sbtest2 (id, k, c, pad) VALUES (1594264, 13, 'foobar', 'foobar')
	Insert on sbtest2  (cost=0.00..0.01 rows=0 width=0)
	  ->  Result  (cost=0.00..0.01 rows=1 width=736)

table 3 : explain INSERT INTO sbtest3 (id, k, c, pad) VALUES (5258244, 13, 'foobar', 'foobar')
	Insert on sbtest3  (cost=0.00..0.01 rows=0 width=0)
	  ->  Result  (cost=0.00..0.01 rows=1 width=736)

table 4 : explain INSERT INTO sbtest4 (id, k, c, pad) VALUES (3594113, 13, 'foobar', 'foobar')
	Insert on sbtest4  (cost=0.00..0.01 rows=0 width=0)
	  ->  Result  (cost=0.00..0.01 rows=1 width=736)

table 5 : explain INSERT INTO sbtest5 (id, k, c, pad) VALUES (5779676, 13, 'foobar', 'foobar')
	Insert on sbtest5  (cost=0.00..0.01 rows=0 width=0)
	  ->  Result  (cost=0.00..0.01 rows=1 width=736)

table 6 : explain INSERT INTO sbtest6 (id, k, c, pad) VALUES (9882738, 13, 'foobar', 'foobar')
	Insert on sbtest6  (cost=0.00..0.01 rows=0 width=0)
	  ->  Result  (cost=0.00..0.01 rows=1 width=736)

table 7 : explain INSERT INTO sbtest7 (id, k, c, pad) VALUES (2103545, 13, 'foobar', 'foobar')
	Insert on sbtest7  (cost=0.00..0.01 rows=0 width=0)
	  ->  Result  (cost=0.00..0.01 rows=1 width=736)

table 8 : explain INSERT INTO sbtest8 (id, k, c, pad) VALUES (9416671, 13, 'foobar', 'foobar')
	Insert on sbtest8  (cost=0.00..0.01 rows=0 width=0)
	  ->  Result  (cost=0.00..0.01 rows=1 width=736)

explain: for inserts :: explain INSERT INTO sbtest%u (id, k, c, pad) VALUES (%u, 13, 'foobar', 'foobar')
for deletes
table 1 : explain DELETE FROM sbtest1 WHERE id=8230296
	Delete on sbtest1  (cost=0.43..8.45 rows=0 width=0)
	  ->  Index Scan using sbtest1_pkey on sbtest1  (cost=0.43..8.45 rows=1 width=6)
	        Index Cond: (id = 8230296)

table 2 : explain DELETE FROM sbtest2 WHERE id=9723488
	Delete on sbtest2  (cost=0.43..8.45 rows=0 width=0)
	  ->  Index Scan using sbtest2_pkey on sbtest2  (cost=0.43..8.45 rows=1 width=6)
	        Index Cond: (id = 9723488)

table 3 : explain DELETE FROM sbtest3 WHERE id=1142627
	Delete on sbtest3  (cost=0.43..8.45 rows=0 width=0)
	  ->  Index Scan using sbtest3_pkey on sbtest3  (cost=0.43..8.45 rows=1 width=6)
	        Index Cond: (id = 1142627)

table 4 : explain DELETE FROM sbtest4 WHERE id=8224990
	Delete on sbtest4  (cost=0.43..8.45 rows=0 width=0)
	  ->  Index Scan using sbtest4_pkey on sbtest4  (cost=0.43..8.45 rows=1 width=6)
	        Index Cond: (id = 8224990)

table 5 : explain DELETE FROM sbtest5 WHERE id=634821
	Delete on sbtest5  (cost=0.43..8.45 rows=0 width=0)
	  ->  Index Scan using sbtest5_pkey on sbtest5  (cost=0.43..8.45 rows=1 width=6)
	        Index Cond: (id = 634821)

table 6 : explain DELETE FROM sbtest6 WHERE id=8099175
	Delete on sbtest6  (cost=0.43..8.45 rows=0 width=0)
	  ->  Index Scan using sbtest6_pkey on sbtest6  (cost=0.43..8.45 rows=1 width=6)
	        Index Cond: (id = 8099175)

table 7 : explain DELETE FROM sbtest7 WHERE id=2676730
	Delete on sbtest7  (cost=0.43..8.45 rows=0 width=0)
	  ->  Index Scan using sbtest7_pkey on sbtest7  (cost=0.43..8.45 rows=1 width=6)
	        Index Cond: (id = 2676730)

table 8 : explain DELETE FROM sbtest8 WHERE id=3380658
	Delete on sbtest8  (cost=0.43..8.45 rows=0 width=0)
	  ->  Index Scan using sbtest8_pkey on sbtest8  (cost=0.43..8.45 rows=1 width=6)
	        Index Cond: (id = 3380658)

for index_updates
table 1 : explain UPDATE sbtest1 SET k=k+1 WHERE id=3718988
	Update on sbtest1  (cost=0.43..8.46 rows=0 width=0)
	  ->  Index Scan using sbtest1_pkey on sbtest1  (cost=0.43..8.46 rows=1 width=10)
	        Index Cond: (id = 3718988)

table 2 : explain UPDATE sbtest2 SET k=k+1 WHERE id=3148700
	Update on sbtest2  (cost=0.43..8.46 rows=0 width=0)
	  ->  Index Scan using sbtest2_pkey on sbtest2  (cost=0.43..8.46 rows=1 width=10)
	        Index Cond: (id = 3148700)

table 3 : explain UPDATE sbtest3 SET k=k+1 WHERE id=9982066
	Update on sbtest3  (cost=0.43..8.46 rows=0 width=0)
	  ->  Index Scan using sbtest3_pkey on sbtest3  (cost=0.43..8.46 rows=1 width=10)
	        Index Cond: (id = 9982066)

table 4 : explain UPDATE sbtest4 SET k=k+1 WHERE id=7645165
	Update on sbtest4  (cost=0.43..8.46 rows=0 width=0)
	  ->  Index Scan using sbtest4_pkey on sbtest4  (cost=0.43..8.46 rows=1 width=10)
	        Index Cond: (id = 7645165)

table 5 : explain UPDATE sbtest5 SET k=k+1 WHERE id=2175936
	Update on sbtest5  (cost=0.43..8.46 rows=0 width=0)
	  ->  Index Scan using sbtest5_pkey on sbtest5  (cost=0.43..8.46 rows=1 width=10)
	        Index Cond: (id = 2175936)

table 6 : explain UPDATE sbtest6 SET k=k+1 WHERE id=193529
	Update on sbtest6  (cost=0.43..8.46 rows=0 width=0)
	  ->  Index Scan using sbtest6_pkey on sbtest6  (cost=0.43..8.46 rows=1 width=10)
	        Index Cond: (id = 193529)

table 7 : explain UPDATE sbtest7 SET k=k+1 WHERE id=9608454
	Update on sbtest7  (cost=0.43..8.46 rows=0 width=0)
	  ->  Index Scan using sbtest7_pkey on sbtest7  (cost=0.43..8.46 rows=1 width=10)
	        Index Cond: (id = 9608454)

table 8 : explain UPDATE sbtest8 SET k=k+1 WHERE id=1597088
	Update on sbtest8  (cost=0.43..8.46 rows=0 width=0)
	  ->  Index Scan using sbtest8_pkey on sbtest8  (cost=0.43..8.46 rows=1 width=10)
	        Index Cond: (id = 1597088)

explain: for non_index_updates :: explain UPDATE sbtest%u SET c='foobar' WHERE id=%u
for inserts
table 1 : explain INSERT INTO sbtest1 (id, k, c, pad) VALUES (1532107, 13, 'foobar', 'foobar')
	Insert on sbtest1  (cost=0.00..0.01 rows=0 width=0)
	  ->  Result  (cost=0.00..0.01 rows=1 width=736)

table 2 : explain INSERT INTO sbtest2 (id, k, c, pad) VALUES (7228575, 13, 'foobar', 'foobar')
	Insert on sbtest2  (cost=0.00..0.01 rows=0 width=0)
	  ->  Result  (cost=0.00..0.01 rows=1 width=736)

table 3 : explain INSERT INTO sbtest3 (id, k, c, pad) VALUES (1726438, 13, 'foobar', 'foobar')
	Insert on sbtest3  (cost=0.00..0.01 rows=0 width=0)
	  ->  Result  (cost=0.00..0.01 rows=1 width=736)

table 4 : explain INSERT INTO sbtest4 (id, k, c, pad) VALUES (1025508, 13, 'foobar', 'foobar')
	Insert on sbtest4  (cost=0.00..0.01 rows=0 width=0)
	  ->  Result  (cost=0.00..0.01 rows=1 width=736)

table 5 : explain INSERT INTO sbtest5 (id, k, c, pad) VALUES (957798, 13, 'foobar', 'foobar')
	Insert on sbtest5  (cost=0.00..0.01 rows=0 width=0)
	  ->  Result  (cost=0.00..0.01 rows=1 width=736)

table 6 : explain INSERT INTO sbtest6 (id, k, c, pad) VALUES (7121349, 13, 'foobar', 'foobar')
	Insert on sbtest6  (cost=0.00..0.01 rows=0 width=0)
	  ->  Result  (cost=0.00..0.01 rows=1 width=736)

table 7 : explain INSERT INTO sbtest7 (id, k, c, pad) VALUES (9960565, 13, 'foobar', 'foobar')
	Insert on sbtest7  (cost=0.00..0.01 rows=0 width=0)
	  ->  Result  (cost=0.00..0.01 rows=1 width=736)

table 8 : explain INSERT INTO sbtest8 (id, k, c, pad) VALUES (8614405, 13, 'foobar', 'foobar')
	Insert on sbtest8  (cost=0.00..0.01 rows=0 width=0)
	  ->  Result  (cost=0.00..0.01 rows=1 width=736)

explain: for non_index_updates :: explain UPDATE sbtest%u SET c='foobar' WHERE id=%u
explain: for index_updates :: explain UPDATE sbtest%u SET k=k+1 WHERE id=%u
for inserts
table 1 : explain INSERT INTO sbtest1 (id, k, c, pad) VALUES (9943119, 13, 'foobar', 'foobar')
	Insert on sbtest1  (cost=0.00..0.01 rows=0 width=0)
	  ->  Result  (cost=0.00..0.01 rows=1 width=736)

table 2 : explain INSERT INTO sbtest2 (id, k, c, pad) VALUES (6972362, 13, 'foobar', 'foobar')
	Insert on sbtest2  (cost=0.00..0.01 rows=0 width=0)
	  ->  Result  (cost=0.00..0.01 rows=1 width=736)

table 3 : explain INSERT INTO sbtest3 (id, k, c, pad) VALUES (2132245, 13, 'foobar', 'foobar')
	Insert on sbtest3  (cost=0.00..0.01 rows=0 width=0)
	  ->  Result  (cost=0.00..0.01 rows=1 width=736)

table 4 : explain INSERT INTO sbtest4 (id, k, c, pad) VALUES (2124325, 13, 'foobar', 'foobar')
	Insert on sbtest4  (cost=0.00..0.01 rows=0 width=0)
	  ->  Result  (cost=0.00..0.01 rows=1 width=736)

table 5 : explain INSERT INTO sbtest5 (id, k, c, pad) VALUES (8211365, 13, 'foobar', 'foobar')
	Insert on sbtest5  (cost=0.00..0.01 rows=0 width=0)
	  ->  Result  (cost=0.00..0.01 rows=1 width=736)

table 6 : explain INSERT INTO sbtest6 (id, k, c, pad) VALUES (3163041, 13, 'foobar', 'foobar')
	Insert on sbtest6  (cost=0.00..0.01 rows=0 width=0)
	  ->  Result  (cost=0.00..0.01 rows=1 width=736)

table 7 : explain INSERT INTO sbtest7 (id, k, c, pad) VALUES (1790923, 13, 'foobar', 'foobar')
	Insert on sbtest7  (cost=0.00..0.01 rows=0 width=0)
	  ->  Result  (cost=0.00..0.01 rows=1 width=736)

table 8 : explain INSERT INTO sbtest8 (id, k, c, pad) VALUES (6910853, 13, 'foobar', 'foobar')
	Insert on sbtest8  (cost=0.00..0.01 rows=0 width=0)
	  ->  Result  (cost=0.00..0.01 rows=1 width=736)

for non_index_updates
table 1 : explain UPDATE sbtest1 SET c='foobar' WHERE id=1191585
	Update on sbtest1  (cost=0.43..8.45 rows=0 width=0)
	  ->  Index Scan using sbtest1_pkey on sbtest1  (cost=0.43..8.45 rows=1 width=490)
	        Index Cond: (id = 1191585)

table 2 : explain UPDATE sbtest2 SET c='foobar' WHERE id=5090817
	Update on sbtest2  (cost=0.43..8.45 rows=0 width=0)
	  ->  Index Scan using sbtest2_pkey on sbtest2  (cost=0.43..8.45 rows=1 width=490)
	        Index Cond: (id = 5090817)

table 3 : explain UPDATE sbtest3 SET c='foobar' WHERE id=5199236
	Update on sbtest3  (cost=0.43..8.45 rows=0 width=0)
	  ->  Index Scan using sbtest3_pkey on sbtest3  (cost=0.43..8.45 rows=1 width=490)
	        Index Cond: (id = 5199236)

table 4 : explain UPDATE sbtest4 SET c='foobar' WHERE id=6453678
	Update on sbtest4  (cost=0.43..8.45 rows=0 width=0)
	  ->  Index Scan using sbtest4_pkey on sbtest4  (cost=0.43..8.45 rows=1 width=490)
	        Index Cond: (id = 6453678)

table 5 : explain UPDATE sbtest5 SET c='foobar' WHERE id=8004161
	Update on sbtest5  (cost=0.43..8.45 rows=0 width=0)
	  ->  Index Scan using sbtest5_pkey on sbtest5  (cost=0.43..8.45 rows=1 width=490)
	        Index Cond: (id = 8004161)

table 6 : explain UPDATE sbtest6 SET c='foobar' WHERE id=1650773
	Update on sbtest6  (cost=0.43..8.45 rows=0 width=0)
	  ->  Index Scan using sbtest6_pkey on sbtest6  (cost=0.43..8.45 rows=1 width=490)
	        Index Cond: (id = 1650773)

table 7 : explain UPDATE sbtest7 SET c='foobar' WHERE id=1383222
	Update on sbtest7  (cost=0.43..8.45 rows=0 width=0)
	  ->  Index Scan using sbtest7_pkey on sbtest7  (cost=0.43..8.45 rows=1 width=490)
	        Index Cond: (id = 1383222)

table 8 : explain UPDATE sbtest8 SET c='foobar' WHERE id=3467878
	Update on sbtest8  (cost=0.43..8.45 rows=0 width=0)
	  ->  Index Scan using sbtest8_pkey on sbtest8  (cost=0.43..8.45 rows=1 width=490)
	        Index Cond: (id = 3467878)

for inserts
table 1 : explain INSERT INTO sbtest1 (id, k, c, pad) VALUES (6767878, 13, 'foobar', 'foobar')
	Insert on sbtest1  (cost=0.00..0.01 rows=0 width=0)
	  ->  Result  (cost=0.00..0.01 rows=1 width=736)

table 2 : explain INSERT INTO sbtest2 (id, k, c, pad) VALUES (681881, 13, 'foobar', 'foobar')
	Insert on sbtest2  (cost=0.00..0.01 rows=0 width=0)
	  ->  Result  (cost=0.00..0.01 rows=1 width=736)

table 3 : explain INSERT INTO sbtest3 (id, k, c, pad) VALUES (2264300, 13, 'foobar', 'foobar')
	Insert on sbtest3  (cost=0.00..0.01 rows=0 width=0)
	  ->  Result  (cost=0.00..0.01 rows=1 width=736)

table 4 : explain INSERT INTO sbtest4 (id, k, c, pad) VALUES (2635743, 13, 'foobar', 'foobar')
	Insert on sbtest4  (cost=0.00..0.01 rows=0 width=0)
	  ->  Result  (cost=0.00..0.01 rows=1 width=736)

table 5 : explain INSERT INTO sbtest5 (id, k, c, pad) VALUES (4317222, 13, 'foobar', 'foobar')
	Insert on sbtest5  (cost=0.00..0.01 rows=0 width=0)
	  ->  Result  (cost=0.00..0.01 rows=1 width=736)

table 6 : explain INSERT INTO sbtest6 (id, k, c, pad) VALUES (3092496, 13, 'foobar', 'foobar')
	Insert on sbtest6  (cost=0.00..0.01 rows=0 width=0)
	  ->  Result  (cost=0.00..0.01 rows=1 width=736)

table 7 : explain INSERT INTO sbtest7 (id, k, c, pad) VALUES (9170533, 13, 'foobar', 'foobar')
	Insert on sbtest7  (cost=0.00..0.01 rows=0 width=0)
	  ->  Result  (cost=0.00..0.01 rows=1 width=736)

table 8 : explain INSERT INTO sbtest8 (id, k, c, pad) VALUES (67241, 13, 'foobar', 'foobar')
	Insert on sbtest8  (cost=0.00..0.01 rows=0 width=0)
	  ->  Result  (cost=0.00..0.01 rows=1 width=736)

explain: for inserts :: explain INSERT INTO sbtest%u (id, k, c, pad) VALUES (%u, 13, 'foobar', 'foobar')
explain: for index_updates :: explain UPDATE sbtest%u SET k=k+1 WHERE id=%u
for non_index_updates
table 1 : explain UPDATE sbtest1 SET c='foobar' WHERE id=956866
	Update on sbtest1  (cost=0.43..8.45 rows=0 width=0)
	  ->  Index Scan using sbtest1_pkey on sbtest1  (cost=0.43..8.45 rows=1 width=490)
	        Index Cond: (id = 956866)

table 2 : explain UPDATE sbtest2 SET c='foobar' WHERE id=1395015
	Update on sbtest2  (cost=0.43..8.45 rows=0 width=0)
	  ->  Index Scan using sbtest2_pkey on sbtest2  (cost=0.43..8.45 rows=1 width=490)
	        Index Cond: (id = 1395015)

table 3 : explain UPDATE sbtest3 SET c='foobar' WHERE id=9078492
	Update on sbtest3  (cost=0.43..8.45 rows=0 width=0)
	  ->  Index Scan using sbtest3_pkey on sbtest3  (cost=0.43..8.45 rows=1 width=490)
	        Index Cond: (id = 9078492)

table 4 : explain UPDATE sbtest4 SET c='foobar' WHERE id=9463351
	Update on sbtest4  (cost=0.43..8.45 rows=0 width=0)
	  ->  Index Scan using sbtest4_pkey on sbtest4  (cost=0.43..8.45 rows=1 width=490)
	        Index Cond: (id = 9463351)

table 5 : explain UPDATE sbtest5 SET c='foobar' WHERE id=8611181
	Update on sbtest5  (cost=0.43..8.45 rows=0 width=0)
	  ->  Index Scan using sbtest5_pkey on sbtest5  (cost=0.43..8.45 rows=1 width=490)
	        Index Cond: (id = 8611181)

table 6 : explain UPDATE sbtest6 SET c='foobar' WHERE id=816858
	Update on sbtest6  (cost=0.43..8.45 rows=0 width=0)
	  ->  Index Scan using sbtest6_pkey on sbtest6  (cost=0.43..8.45 rows=1 width=490)
	        Index Cond: (id = 816858)

table 7 : explain UPDATE sbtest7 SET c='foobar' WHERE id=2958073
	Update on sbtest7  (cost=0.43..8.45 rows=0 width=0)
	  ->  Index Scan using sbtest7_pkey on sbtest7  (cost=0.43..8.45 rows=1 width=490)
	        Index Cond: (id = 2958073)

table 8 : explain UPDATE sbtest8 SET c='foobar' WHERE id=584780
	Update on sbtest8  (cost=0.43..8.45 rows=0 width=0)
	  ->  Index Scan using sbtest8_pkey on sbtest8  (cost=0.43..8.45 rows=1 width=490)
	        Index Cond: (id = 584780)

explain: for deletes :: explain DELETE FROM sbtest%u WHERE id=%u
explain: for index_updates :: explain UPDATE sbtest%u SET k=k+1 WHERE id=%u
explain: for index_updates :: explain UPDATE sbtest%u SET k=k+1 WHERE id=%u
explain: for deletes :: explain DELETE FROM sbtest%u WHERE id=%u
for inserts
table 1 : explain INSERT INTO sbtest1 (id, k, c, pad) VALUES (235727, 13, 'foobar', 'foobar')
	Insert on sbtest1  (cost=0.00..0.01 rows=0 width=0)
	  ->  Result  (cost=0.00..0.01 rows=1 width=736)

table 2 : explain INSERT INTO sbtest2 (id, k, c, pad) VALUES (2425268, 13, 'foobar', 'foobar')
	Insert on sbtest2  (cost=0.00..0.01 rows=0 width=0)
	  ->  Result  (cost=0.00..0.01 rows=1 width=736)

table 3 : explain INSERT INTO sbtest3 (id, k, c, pad) VALUES (8797557, 13, 'foobar', 'foobar')
	Insert on sbtest3  (cost=0.00..0.01 rows=0 width=0)
	  ->  Result  (cost=0.00..0.01 rows=1 width=736)

table 4 : explain INSERT INTO sbtest4 (id, k, c, pad) VALUES (152746, 13, 'foobar', 'foobar')
	Insert on sbtest4  (cost=0.00..0.01 rows=0 width=0)
	  ->  Result  (cost=0.00..0.01 rows=1 width=736)

table 5 : explain INSERT INTO sbtest5 (id, k, c, pad) VALUES (8289039, 13, 'foobar', 'foobar')
	Insert on sbtest5  (cost=0.00..0.01 rows=0 width=0)
	  ->  Result  (cost=0.00..0.01 rows=1 width=736)

table 6 : explain INSERT INTO sbtest6 (id, k, c, pad) VALUES (6021740, 13, 'foobar', 'foobar')
	Insert on sbtest6  (cost=0.00..0.01 rows=0 width=0)
	  ->  Result  (cost=0.00..0.01 rows=1 width=736)

table 7 : explain INSERT INTO sbtest7 (id, k, c, pad) VALUES (3428903, 13, 'foobar', 'foobar')
	Insert on sbtest7  (cost=0.00..0.01 rows=0 width=0)
	  ->  Result  (cost=0.00..0.01 rows=1 width=736)

table 8 : explain INSERT INTO sbtest8 (id, k, c, pad) VALUES (1419480, 13, 'foobar', 'foobar')
	Insert on sbtest8  (cost=0.00..0.01 rows=0 width=0)
	  ->  Result  (cost=0.00..0.01 rows=1 width=736)

for deletes
table 1 : explain DELETE FROM sbtest1 WHERE id=7866597
	Delete on sbtest1  (cost=0.43..8.45 rows=0 width=0)
	  ->  Index Scan using sbtest1_pkey on sbtest1  (cost=0.43..8.45 rows=1 width=6)
	        Index Cond: (id = 7866597)

table 2 : explain DELETE FROM sbtest2 WHERE id=802312
	Delete on sbtest2  (cost=0.43..8.45 rows=0 width=0)
	  ->  Index Scan using sbtest2_pkey on sbtest2  (cost=0.43..8.45 rows=1 width=6)
	        Index Cond: (id = 802312)

table 3 : explain DELETE FROM sbtest3 WHERE id=4617549
	Delete on sbtest3  (cost=0.43..8.45 rows=0 width=0)
	  ->  Index Scan using sbtest3_pkey on sbtest3  (cost=0.43..8.45 rows=1 width=6)
	        Index Cond: (id = 4617549)

table 4 : explain DELETE FROM sbtest4 WHERE id=5920043
	Delete on sbtest4  (cost=0.43..8.45 rows=0 width=0)
	  ->  Index Scan using sbtest4_pkey on sbtest4  (cost=0.43..8.45 rows=1 width=6)
	        Index Cond: (id = 5920043)

table 5 : explain DELETE FROM sbtest5 WHERE id=8334470
	Delete on sbtest5  (cost=0.43..8.45 rows=0 width=0)
	  ->  Index Scan using sbtest5_pkey on sbtest5  (cost=0.43..8.45 rows=1 width=6)
	        Index Cond: (id = 8334470)

table 6 : explain DELETE FROM sbtest6 WHERE id=8115096
	Delete on sbtest6  (cost=0.43..8.45 rows=0 width=0)
	  ->  Index Scan using sbtest6_pkey on sbtest6  (cost=0.43..8.45 rows=1 width=6)
	        Index Cond: (id = 8115096)

table 7 : explain DELETE FROM sbtest7 WHERE id=7740661
	Delete on sbtest7  (cost=0.43..8.45 rows=0 width=0)
	  ->  Index Scan using sbtest7_pkey on sbtest7  (cost=0.43..8.45 rows=1 width=6)
	        Index Cond: (id = 7740661)

table 8 : explain DELETE FROM sbtest8 WHERE id=6197897
	Delete on sbtest8  (cost=0.43..8.45 rows=0 width=0)
	  ->  Index Scan using sbtest8_pkey on sbtest8  (cost=0.43..8.45 rows=1 width=6)
	        Index Cond: (id = 6197897)

for deletes
table 1 : explain DELETE FROM sbtest1 WHERE id=4668265
	Delete on sbtest1  (cost=0.43..8.45 rows=0 width=0)
	  ->  Index Scan using sbtest1_pkey on sbtest1  (cost=0.43..8.45 rows=1 width=6)
	        Index Cond: (id = 4668265)

table 2 : explain DELETE FROM sbtest2 WHERE id=1490944
	Delete on sbtest2  (cost=0.43..8.45 rows=0 width=0)
	  ->  Index Scan using sbtest2_pkey on sbtest2  (cost=0.43..8.45 rows=1 width=6)
	        Index Cond: (id = 1490944)

table 3 : explain DELETE FROM sbtest3 WHERE id=6288377
	Delete on sbtest3  (cost=0.43..8.45 rows=0 width=0)
	  ->  Index Scan using sbtest3_pkey on sbtest3  (cost=0.43..8.45 rows=1 width=6)
	        Index Cond: (id = 6288377)

table 4 : explain DELETE FROM sbtest4 WHERE id=1094730
	Delete on sbtest4  (cost=0.43..8.45 rows=0 width=0)
	  ->  Index Scan using sbtest4_pkey on sbtest4  (cost=0.43..8.45 rows=1 width=6)
	        Index Cond: (id = 1094730)

table 5 : explain DELETE FROM sbtest5 WHERE id=9566857
	Delete on sbtest5  (cost=0.43..8.45 rows=0 width=0)
	  ->  Index Scan using sbtest5_pkey on sbtest5  (cost=0.43..8.45 rows=1 width=6)
	        Index Cond: (id = 9566857)

table 6 : explain DELETE FROM sbtest6 WHERE id=2855431
	Delete on sbtest6  (cost=0.43..8.45 rows=0 width=0)
	  ->  Index Scan using sbtest6_pkey on sbtest6  (cost=0.43..8.45 rows=1 width=6)
	        Index Cond: (id = 2855431)

table 7 : explain DELETE FROM sbtest7 WHERE id=6154555
	Delete on sbtest7  (cost=0.43..8.45 rows=0 width=0)
	  ->  Index Scan using sbtest7_pkey on sbtest7  (cost=0.43..8.45 rows=1 width=6)
	        Index Cond: (id = 6154555)

table 8 : explain DELETE FROM sbtest8 WHERE id=8060664
	Delete on sbtest8  (cost=0.43..8.45 rows=0 width=0)
	  ->  Index Scan using sbtest8_pkey on sbtest8  (cost=0.43..8.45 rows=1 width=6)
	        Index Cond: (id = 8060664)

explain: for inserts :: explain INSERT INTO sbtest%u (id, k, c, pad) VALUES (%u, 13, 'foobar', 'foobar')
explain: for inserts :: explain INSERT INTO sbtest%u (id, k, c, pad) VALUES (%u, 13, 'foobar', 'foobar')
for index_updates
table 1 : explain UPDATE sbtest1 SET k=k+1 WHERE id=3718003
	Update on sbtest1  (cost=0.43..8.46 rows=0 width=0)
	  ->  Index Scan using sbtest1_pkey on sbtest1  (cost=0.43..8.46 rows=1 width=10)
	        Index Cond: (id = 3718003)

table 2 : explain UPDATE sbtest2 SET k=k+1 WHERE id=7137290
	Update on sbtest2  (cost=0.43..8.46 rows=0 width=0)
	  ->  Index Scan using sbtest2_pkey on sbtest2  (cost=0.43..8.46 rows=1 width=10)
	        Index Cond: (id = 7137290)

table 3 : explain UPDATE sbtest3 SET k=k+1 WHERE id=2366883
	Update on sbtest3  (cost=0.43..8.46 rows=0 width=0)
	  ->  Index Scan using sbtest3_pkey on sbtest3  (cost=0.43..8.46 rows=1 width=10)
	        Index Cond: (id = 2366883)

table 4 : explain UPDATE sbtest4 SET k=k+1 WHERE id=5698666
	Update on sbtest4  (cost=0.43..8.46 rows=0 width=0)
	  ->  Index Scan using sbtest4_pkey on sbtest4  (cost=0.43..8.46 rows=1 width=10)
	        Index Cond: (id = 5698666)

table 5 : explain UPDATE sbtest5 SET k=k+1 WHERE id=9317188
	Update on sbtest5  (cost=0.43..8.46 rows=0 width=0)
	  ->  Index Scan using sbtest5_pkey on sbtest5  (cost=0.43..8.46 rows=1 width=10)
	        Index Cond: (id = 9317188)

table 6 : explain UPDATE sbtest6 SET k=k+1 WHERE id=2999443
	Update on sbtest6  (cost=0.43..8.46 rows=0 width=0)
	  ->  Index Scan using sbtest6_pkey on sbtest6  (cost=0.43..8.46 rows=1 width=10)
	        Index Cond: (id = 2999443)

table 7 : explain UPDATE sbtest7 SET k=k+1 WHERE id=3414424
	Update on sbtest7  (cost=0.43..8.46 rows=0 width=0)
	  ->  Index Scan using sbtest7_pkey on sbtest7  (cost=0.43..8.46 rows=1 width=10)
	        Index Cond: (id = 3414424)

table 8 : explain UPDATE sbtest8 SET k=k+1 WHERE id=5279659
	Update on sbtest8  (cost=0.43..8.46 rows=0 width=0)
	  ->  Index Scan using sbtest8_pkey on sbtest8  (cost=0.43..8.46 rows=1 width=10)
	        Index Cond: (id = 5279659)

for inserts
table 1 : explain INSERT INTO sbtest1 (id, k, c, pad) VALUES (8468148, 13, 'foobar', 'foobar')
	Insert on sbtest1  (cost=0.00..0.01 rows=0 width=0)
	  ->  Result  (cost=0.00..0.01 rows=1 width=736)

table 2 : explain INSERT INTO sbtest2 (id, k, c, pad) VALUES (4245737, 13, 'foobar', 'foobar')
	Insert on sbtest2  (cost=0.00..0.01 rows=0 width=0)
	  ->  Result  (cost=0.00..0.01 rows=1 width=736)

table 3 : explain INSERT INTO sbtest3 (id, k, c, pad) VALUES (1117226, 13, 'foobar', 'foobar')
	Insert on sbtest3  (cost=0.00..0.01 rows=0 width=0)
	  ->  Result  (cost=0.00..0.01 rows=1 width=736)

table 4 : explain INSERT INTO sbtest4 (id, k, c, pad) VALUES (7336346, 13, 'foobar', 'foobar')
	Insert on sbtest4  (cost=0.00..0.01 rows=0 width=0)
	  ->  Result  (cost=0.00..0.01 rows=1 width=736)

table 5 : explain INSERT INTO sbtest5 (id, k, c, pad) VALUES (6660785, 13, 'foobar', 'foobar')
	Insert on sbtest5  (cost=0.00..0.01 rows=0 width=0)
	  ->  Result  (cost=0.00..0.01 rows=1 width=736)

table 6 : explain INSERT INTO sbtest6 (id, k, c, pad) VALUES (2301847, 13, 'foobar', 'foobar')
	Insert on sbtest6  (cost=0.00..0.01 rows=0 width=0)
	  ->  Result  (cost=0.00..0.01 rows=1 width=736)

table 7 : explain INSERT INTO sbtest7 (id, k, c, pad) VALUES (8746948, 13, 'foobar', 'foobar')
	Insert on sbtest7  (cost=0.00..0.01 rows=0 width=0)
	  ->  Result  (cost=0.00..0.01 rows=1 width=736)

table 8 : explain INSERT INTO sbtest8 (id, k, c, pad) VALUES (7534733, 13, 'foobar', 'foobar')
	Insert on sbtest8  (cost=0.00..0.01 rows=0 width=0)
	  ->  Result  (cost=0.00..0.01 rows=1 width=736)

for index_updates
table 1 : explain UPDATE sbtest1 SET k=k+1 WHERE id=4838079
	Update on sbtest1  (cost=0.43..8.46 rows=0 width=0)
	  ->  Index Scan using sbtest1_pkey on sbtest1  (cost=0.43..8.46 rows=1 width=10)
	        Index Cond: (id = 4838079)

table 2 : explain UPDATE sbtest2 SET k=k+1 WHERE id=571058
	Update on sbtest2  (cost=0.43..8.46 rows=0 width=0)
	  ->  Index Scan using sbtest2_pkey on sbtest2  (cost=0.43..8.46 rows=1 width=10)
	        Index Cond: (id = 571058)

table 3 : explain UPDATE sbtest3 SET k=k+1 WHERE id=2999217
	Update on sbtest3  (cost=0.43..8.46 rows=0 width=0)
	  ->  Index Scan using sbtest3_pkey on sbtest3  (cost=0.43..8.46 rows=1 width=10)
	        Index Cond: (id = 2999217)

table 4 : explain UPDATE sbtest4 SET k=k+1 WHERE id=7775024
	Update on sbtest4  (cost=0.43..8.46 rows=0 width=0)
	  ->  Index Scan using sbtest4_pkey on sbtest4  (cost=0.43..8.46 rows=1 width=10)
	        Index Cond: (id = 7775024)

table 5 : explain UPDATE sbtest5 SET k=k+1 WHERE id=5996432
	Update on sbtest5  (cost=0.43..8.46 rows=0 width=0)
	  ->  Index Scan using sbtest5_pkey on sbtest5  (cost=0.43..8.46 rows=1 width=10)
	        Index Cond: (id = 5996432)

table 6 : explain UPDATE sbtest6 SET k=k+1 WHERE id=4879638
	Update on sbtest6  (cost=0.43..8.46 rows=0 width=0)
	  ->  Index Scan using sbtest6_pkey on sbtest6  (cost=0.43..8.46 rows=1 width=10)
	        Index Cond: (id = 4879638)

table 7 : explain UPDATE sbtest7 SET k=k+1 WHERE id=4520917
	Update on sbtest7  (cost=0.43..8.46 rows=0 width=0)
	  ->  Index Scan using sbtest7_pkey on sbtest7  (cost=0.43..8.46 rows=1 width=10)
	        Index Cond: (id = 4520917)

table 8 : explain UPDATE sbtest8 SET k=k+1 WHERE id=6034879
	Update on sbtest8  (cost=0.43..8.46 rows=0 width=0)
	  ->  Index Scan using sbtest8_pkey on sbtest8  (cost=0.43..8.46 rows=1 width=10)
	        Index Cond: (id = 6034879)

explain: for non_index_updates :: explain UPDATE sbtest%u SET c='foobar' WHERE id=%u
explain: for index_updates :: explain UPDATE sbtest%u SET k=k+1 WHERE id=%u
explain: for index_updates :: explain UPDATE sbtest%u SET k=k+1 WHERE id=%u
for inserts
table 1 : explain INSERT INTO sbtest1 (id, k, c, pad) VALUES (2855507, 13, 'foobar', 'foobar')
	Insert on sbtest1  (cost=0.00..0.01 rows=0 width=0)
	  ->  Result  (cost=0.00..0.01 rows=1 width=736)

table 2 : explain INSERT INTO sbtest2 (id, k, c, pad) VALUES (1761445, 13, 'foobar', 'foobar')
	Insert on sbtest2  (cost=0.00..0.01 rows=0 width=0)
	  ->  Result  (cost=0.00..0.01 rows=1 width=736)

table 3 : explain INSERT INTO sbtest3 (id, k, c, pad) VALUES (2725262, 13, 'foobar', 'foobar')
	Insert on sbtest3  (cost=0.00..0.01 rows=0 width=0)
	  ->  Result  (cost=0.00..0.01 rows=1 width=736)

table 4 : explain INSERT INTO sbtest4 (id, k, c, pad) VALUES (1058899, 13, 'foobar', 'foobar')
	Insert on sbtest4  (cost=0.00..0.01 rows=0 width=0)
	  ->  Result  (cost=0.00..0.01 rows=1 width=736)

table 5 : explain INSERT INTO sbtest5 (id, k, c, pad) VALUES (3209360, 13, 'foobar', 'foobar')
	Insert on sbtest5  (cost=0.00..0.01 rows=0 width=0)
	  ->  Result  (cost=0.00..0.01 rows=1 width=736)

table 6 : explain INSERT INTO sbtest6 (id, k, c, pad) VALUES (5098735, 13, 'foobar', 'foobar')
	Insert on sbtest6  (cost=0.00..0.01 rows=0 width=0)
	  ->  Result  (cost=0.00..0.01 rows=1 width=736)

table 7 : explain INSERT INTO sbtest7 (id, k, c, pad) VALUES (2096160, 13, 'foobar', 'foobar')
	Insert on sbtest7  (cost=0.00..0.01 rows=0 width=0)
	  ->  Result  (cost=0.00..0.01 rows=1 width=736)

table 8 : explain INSERT INTO sbtest8 (id, k, c, pad) VALUES (8666569, 13, 'foobar', 'foobar')
	Insert on sbtest8  (cost=0.00..0.01 rows=0 width=0)
	  ->  Result  (cost=0.00..0.01 rows=1 width=736)

for non_index_updates
table 1 : explain UPDATE sbtest1 SET c='foobar' WHERE id=862537
	Update on sbtest1  (cost=0.43..8.45 rows=0 width=0)
	  ->  Index Scan using sbtest1_pkey on sbtest1  (cost=0.43..8.45 rows=1 width=490)
	        Index Cond: (id = 862537)

table 2 : explain UPDATE sbtest2 SET c='foobar' WHERE id=5397622
	Update on sbtest2  (cost=0.43..8.45 rows=0 width=0)
	  ->  Index Scan using sbtest2_pkey on sbtest2  (cost=0.43..8.45 rows=1 width=490)
	        Index Cond: (id = 5397622)

table 3 : explain UPDATE sbtest3 SET c='foobar' WHERE id=1696012
	Update on sbtest3  (cost=0.43..8.45 rows=0 width=0)
	  ->  Index Scan using sbtest3_pkey on sbtest3  (cost=0.43..8.45 rows=1 width=490)
	        Index Cond: (id = 1696012)

table 4 : explain UPDATE sbtest4 SET c='foobar' WHERE id=4902912
	Update on sbtest4  (cost=0.43..8.45 rows=0 width=0)
	  ->  Index Scan using sbtest4_pkey on sbtest4  (cost=0.43..8.45 rows=1 width=490)
	        Index Cond: (id = 4902912)

table 5 : explain UPDATE sbtest5 SET c='foobar' WHERE id=3662275
	Update on sbtest5  (cost=0.43..8.45 rows=0 width=0)
	  ->  Index Scan using sbtest5_pkey on sbtest5  (cost=0.43..8.45 rows=1 width=490)
	        Index Cond: (id = 3662275)

table 6 : explain UPDATE sbtest6 SET c='foobar' WHERE id=2439454
	Update on sbtest6  (cost=0.43..8.45 rows=0 width=0)
	  ->  Index Scan using sbtest6_pkey on sbtest6  (cost=0.43..8.45 rows=1 width=490)
	        Index Cond: (id = 2439454)

table 7 : explain UPDATE sbtest7 SET c='foobar' WHERE id=8234828
	Update on sbtest7  (cost=0.43..8.45 rows=0 width=0)
	  ->  Index Scan using sbtest7_pkey on sbtest7  (cost=0.43..8.45 rows=1 width=490)
	        Index Cond: (id = 8234828)

table 8 : explain UPDATE sbtest8 SET c='foobar' WHERE id=2965612
	Update on sbtest8  (cost=0.43..8.45 rows=0 width=0)
	  ->  Index Scan using sbtest8_pkey on sbtest8  (cost=0.43..8.45 rows=1 width=490)
	        Index Cond: (id = 2965612)

explain: for non_index_updates :: explain UPDATE sbtest%u SET c='foobar' WHERE id=%u
explain: for deletes :: explain DELETE FROM sbtest%u WHERE id=%u
explain: for index_updates :: explain UPDATE sbtest%u SET k=k+1 WHERE id=%u
for deletes
table 1 : explain DELETE FROM sbtest1 WHERE id=8995083
	Delete on sbtest1  (cost=0.43..8.45 rows=0 width=0)
	  ->  Index Scan using sbtest1_pkey on sbtest1  (cost=0.43..8.45 rows=1 width=6)
	        Index Cond: (id = 8995083)

table 2 : explain DELETE FROM sbtest2 WHERE id=9152863
	Delete on sbtest2  (cost=0.43..8.45 rows=0 width=0)
	  ->  Index Scan using sbtest2_pkey on sbtest2  (cost=0.43..8.45 rows=1 width=6)
	        Index Cond: (id = 9152863)

table 3 : explain DELETE FROM sbtest3 WHERE id=5224148
	Delete on sbtest3  (cost=0.43..8.45 rows=0 width=0)
	  ->  Index Scan using sbtest3_pkey on sbtest3  (cost=0.43..8.45 rows=1 width=6)
	        Index Cond: (id = 5224148)

table 4 : explain DELETE FROM sbtest4 WHERE id=3678436
	Delete on sbtest4  (cost=0.43..8.45 rows=0 width=0)
	  ->  Index Scan using sbtest4_pkey on sbtest4  (cost=0.43..8.45 rows=1 width=6)
	        Index Cond: (id = 3678436)

table 5 : explain DELETE FROM sbtest5 WHERE id=6279969
	Delete on sbtest5  (cost=0.43..8.45 rows=0 width=0)
	  ->  Index Scan using sbtest5_pkey on sbtest5  (cost=0.43..8.45 rows=1 width=6)
	        Index Cond: (id = 6279969)

table 6 : explain DELETE FROM sbtest6 WHERE id=2955215
	Delete on sbtest6  (cost=0.43..8.45 rows=0 width=0)
	  ->  Index Scan using sbtest6_pkey on sbtest6  (cost=0.43..8.45 rows=1 width=6)
	        Index Cond: (id = 2955215)

table 7 : explain DELETE FROM sbtest7 WHERE id=6059722
	Delete on sbtest7  (cost=0.43..8.45 rows=0 width=0)
	  ->  Index Scan using sbtest7_pkey on sbtest7  (cost=0.43..8.45 rows=1 width=6)
	        Index Cond: (id = 6059722)

table 8 : explain DELETE FROM sbtest8 WHERE id=3697993
	Delete on sbtest8  (cost=0.43..8.45 rows=0 width=0)
	  ->  Index Scan using sbtest8_pkey on sbtest8  (cost=0.43..8.45 rows=1 width=6)
	        Index Cond: (id = 3697993)

for index_updates
table 1 : explain UPDATE sbtest1 SET k=k+1 WHERE id=466462
	Update on sbtest1  (cost=0.43..8.46 rows=0 width=0)
	  ->  Index Scan using sbtest1_pkey on sbtest1  (cost=0.43..8.46 rows=1 width=10)
	        Index Cond: (id = 466462)

table 2 : explain UPDATE sbtest2 SET k=k+1 WHERE id=1551857
	Update on sbtest2  (cost=0.43..8.46 rows=0 width=0)
	  ->  Index Scan using sbtest2_pkey on sbtest2  (cost=0.43..8.46 rows=1 width=10)
	        Index Cond: (id = 1551857)

table 3 : explain UPDATE sbtest3 SET k=k+1 WHERE id=1714141
	Update on sbtest3  (cost=0.43..8.46 rows=0 width=0)
	  ->  Index Scan using sbtest3_pkey on sbtest3  (cost=0.43..8.46 rows=1 width=10)
	        Index Cond: (id = 1714141)

table 4 : explain UPDATE sbtest4 SET k=k+1 WHERE id=909093
	Update on sbtest4  (cost=0.43..8.46 rows=0 width=0)
	  ->  Index Scan using sbtest4_pkey on sbtest4  (cost=0.43..8.46 rows=1 width=10)
	        Index Cond: (id = 909093)

table 5 : explain UPDATE sbtest5 SET k=k+1 WHERE id=738364
	Update on sbtest5  (cost=0.43..8.46 rows=0 width=0)
	  ->  Index Scan using sbtest5_pkey on sbtest5  (cost=0.43..8.46 rows=1 width=10)
	        Index Cond: (id = 738364)

table 6 : explain UPDATE sbtest6 SET k=k+1 WHERE id=435386
	Update on sbtest6  (cost=0.43..8.46 rows=0 width=0)
	  ->  Index Scan using sbtest6_pkey on sbtest6  (cost=0.43..8.46 rows=1 width=10)
	        Index Cond: (id = 435386)

table 7 : explain UPDATE sbtest7 SET k=k+1 WHERE id=5989364
	Update on sbtest7  (cost=0.43..8.46 rows=0 width=0)
	  ->  Index Scan using sbtest7_pkey on sbtest7  (cost=0.43..8.46 rows=1 width=10)
	        Index Cond: (id = 5989364)

table 8 : explain UPDATE sbtest8 SET k=k+1 WHERE id=1528433
	Update on sbtest8  (cost=0.43..8.46 rows=0 width=0)
	  ->  Index Scan using sbtest8_pkey on sbtest8  (cost=0.43..8.46 rows=1 width=10)
	        Index Cond: (id = 1528433)

for non_index_updates
table 1 : explain UPDATE sbtest1 SET c='foobar' WHERE id=4673456
	Update on sbtest1  (cost=0.43..8.45 rows=0 width=0)
	  ->  Index Scan using sbtest1_pkey on sbtest1  (cost=0.43..8.45 rows=1 width=490)
	        Index Cond: (id = 4673456)

table 2 : explain UPDATE sbtest2 SET c='foobar' WHERE id=8561648
	Update on sbtest2  (cost=0.43..8.45 rows=0 width=0)
	  ->  Index Scan using sbtest2_pkey on sbtest2  (cost=0.43..8.45 rows=1 width=490)
	        Index Cond: (id = 8561648)

table 3 : explain UPDATE sbtest3 SET c='foobar' WHERE id=6041886
	Update on sbtest3  (cost=0.43..8.45 rows=0 width=0)
	  ->  Index Scan using sbtest3_pkey on sbtest3  (cost=0.43..8.45 rows=1 width=490)
	        Index Cond: (id = 6041886)

table 4 : explain UPDATE sbtest4 SET c='foobar' WHERE id=3455838
	Update on sbtest4  (cost=0.43..8.45 rows=0 width=0)
	  ->  Index Scan using sbtest4_pkey on sbtest4  (cost=0.43..8.45 rows=1 width=490)
	        Index Cond: (id = 3455838)

table 5 : explain UPDATE sbtest5 SET c='foobar' WHERE id=6166634
	Update on sbtest5  (cost=0.43..8.45 rows=0 width=0)
	  ->  Index Scan using sbtest5_pkey on sbtest5  (cost=0.43..8.45 rows=1 width=490)
	        Index Cond: (id = 6166634)

table 6 : explain UPDATE sbtest6 SET c='foobar' WHERE id=4443128
	Update on sbtest6  (cost=0.43..8.45 rows=0 width=0)
	  ->  Index Scan using sbtest6_pkey on sbtest6  (cost=0.43..8.45 rows=1 width=490)
	        Index Cond: (id = 4443128)

table 7 : explain UPDATE sbtest7 SET c='foobar' WHERE id=4816335
	Update on sbtest7  (cost=0.43..8.45 rows=0 width=0)
	  ->  Index Scan using sbtest7_pkey on sbtest7  (cost=0.43..8.45 rows=1 width=490)
	        Index Cond: (id = 4816335)

table 8 : explain UPDATE sbtest8 SET c='foobar' WHERE id=6836861
	Update on sbtest8  (cost=0.43..8.45 rows=0 width=0)
	  ->  Index Scan using sbtest8_pkey on sbtest8  (cost=0.43..8.45 rows=1 width=490)
	        Index Cond: (id = 6836861)

explain: for inserts :: explain INSERT INTO sbtest%u (id, k, c, pad) VALUES (%u, 13, 'foobar', 'foobar')
for index_updates
table 1 : explain UPDATE sbtest1 SET k=k+1 WHERE id=3385050
	Update on sbtest1  (cost=0.43..8.46 rows=0 width=0)
	  ->  Index Scan using sbtest1_pkey on sbtest1  (cost=0.43..8.46 rows=1 width=10)
	        Index Cond: (id = 3385050)

table 2 : explain UPDATE sbtest2 SET k=k+1 WHERE id=7022322
	Update on sbtest2  (cost=0.43..8.46 rows=0 width=0)
	  ->  Index Scan using sbtest2_pkey on sbtest2  (cost=0.43..8.46 rows=1 width=10)
	        Index Cond: (id = 7022322)

table 3 : explain UPDATE sbtest3 SET k=k+1 WHERE id=1815318
	Update on sbtest3  (cost=0.43..8.46 rows=0 width=0)
	  ->  Index Scan using sbtest3_pkey on sbtest3  (cost=0.43..8.46 rows=1 width=10)
	        Index Cond: (id = 1815318)

table 4 : explain UPDATE sbtest4 SET k=k+1 WHERE id=8674635
	Update on sbtest4  (cost=0.43..8.46 rows=0 width=0)
	  ->  Index Scan using sbtest4_pkey on sbtest4  (cost=0.43..8.46 rows=1 width=10)
	        Index Cond: (id = 8674635)

table 5 : explain UPDATE sbtest5 SET k=k+1 WHERE id=3746915
	Update on sbtest5  (cost=0.43..8.46 rows=0 width=0)
	  ->  Index Scan using sbtest5_pkey on sbtest5  (cost=0.43..8.46 rows=1 width=10)
	        Index Cond: (id = 3746915)

table 6 : explain UPDATE sbtest6 SET k=k+1 WHERE id=1948013
	Update on sbtest6  (cost=0.43..8.46 rows=0 width=0)
	  ->  Index Scan using sbtest6_pkey on sbtest6  (cost=0.43..8.46 rows=1 width=10)
	        Index Cond: (id = 1948013)

table 7 : explain UPDATE sbtest7 SET k=k+1 WHERE id=1862576
	Update on sbtest7  (cost=0.43..8.46 rows=0 width=0)
	  ->  Index Scan using sbtest7_pkey on sbtest7  (cost=0.43..8.46 rows=1 width=10)
	        Index Cond: (id = 1862576)

table 8 : explain UPDATE sbtest8 SET k=k+1 WHERE id=9156738
	Update on sbtest8  (cost=0.43..8.46 rows=0 width=0)
	  ->  Index Scan using sbtest8_pkey on sbtest8  (cost=0.43..8.46 rows=1 width=10)
	        Index Cond: (id = 9156738)

explain: for non_index_updates :: explain UPDATE sbtest%u SET c='foobar' WHERE id=%u
for index_updates
table 1 : explain UPDATE sbtest1 SET k=k+1 WHERE id=4410613
	Update on sbtest1  (cost=0.43..8.46 rows=0 width=0)
	  ->  Index Scan using sbtest1_pkey on sbtest1  (cost=0.43..8.46 rows=1 width=10)
	        Index Cond: (id = 4410613)

table 2 : explain UPDATE sbtest2 SET k=k+1 WHERE id=4027550
	Update on sbtest2  (cost=0.43..8.46 rows=0 width=0)
	  ->  Index Scan using sbtest2_pkey on sbtest2  (cost=0.43..8.46 rows=1 width=10)
	        Index Cond: (id = 4027550)

table 3 : explain UPDATE sbtest3 SET k=k+1 WHERE id=5632916
	Update on sbtest3  (cost=0.43..8.46 rows=0 width=0)
	  ->  Index Scan using sbtest3_pkey on sbtest3  (cost=0.43..8.46 rows=1 width=10)
	        Index Cond: (id = 5632916)

table 4 : explain UPDATE sbtest4 SET k=k+1 WHERE id=7647224
	Update on sbtest4  (cost=0.43..8.46 rows=0 width=0)
	  ->  Index Scan using sbtest4_pkey on sbtest4  (cost=0.43..8.46 rows=1 width=10)
	        Index Cond: (id = 7647224)

table 5 : explain UPDATE sbtest5 SET k=k+1 WHERE id=1343279
	Update on sbtest5  (cost=0.43..8.46 rows=0 width=0)
	  ->  Index Scan using sbtest5_pkey on sbtest5  (cost=0.43..8.46 rows=1 width=10)
	        Index Cond: (id = 1343279)

table 6 : explain UPDATE sbtest6 SET k=k+1 WHERE id=7063707
	Update on sbtest6  (cost=0.43..8.46 rows=0 width=0)
	  ->  Index Scan using sbtest6_pkey on sbtest6  (cost=0.43..8.46 rows=1 width=10)
	        Index Cond: (id = 7063707)

table 7 : explain UPDATE sbtest7 SET k=k+1 WHERE id=9144256
	Update on sbtest7  (cost=0.43..8.46 rows=0 width=0)
	  ->  Index Scan using sbtest7_pkey on sbtest7  (cost=0.43..8.46 rows=1 width=10)
	        Index Cond: (id = 9144256)

table 8 : explain UPDATE sbtest8 SET k=k+1 WHERE id=8558587
	Update on sbtest8  (cost=0.43..8.46 rows=0 width=0)
	  ->  Index Scan using sbtest8_pkey on sbtest8  (cost=0.43..8.46 rows=1 width=10)
	        Index Cond: (id = 8558587)

explain: for deletes :: explain DELETE FROM sbtest%u WHERE id=%u
for inserts
table 1 : explain INSERT INTO sbtest1 (id, k, c, pad) VALUES (1946475, 13, 'foobar', 'foobar')
	Insert on sbtest1  (cost=0.00..0.01 rows=0 width=0)
	  ->  Result  (cost=0.00..0.01 rows=1 width=736)

table 2 : explain INSERT INTO sbtest2 (id, k, c, pad) VALUES (6749968, 13, 'foobar', 'foobar')
	Insert on sbtest2  (cost=0.00..0.01 rows=0 width=0)
	  ->  Result  (cost=0.00..0.01 rows=1 width=736)

table 3 : explain INSERT INTO sbtest3 (id, k, c, pad) VALUES (7405102, 13, 'foobar', 'foobar')
	Insert on sbtest3  (cost=0.00..0.01 rows=0 width=0)
	  ->  Result  (cost=0.00..0.01 rows=1 width=736)

table 4 : explain INSERT INTO sbtest4 (id, k, c, pad) VALUES (8097573, 13, 'foobar', 'foobar')
	Insert on sbtest4  (cost=0.00..0.01 rows=0 width=0)
	  ->  Result  (cost=0.00..0.01 rows=1 width=736)

table 5 : explain INSERT INTO sbtest5 (id, k, c, pad) VALUES (6356053, 13, 'foobar', 'foobar')
	Insert on sbtest5  (cost=0.00..0.01 rows=0 width=0)
	  ->  Result  (cost=0.00..0.01 rows=1 width=736)

table 6 : explain INSERT INTO sbtest6 (id, k, c, pad) VALUES (9438526, 13, 'foobar', 'foobar')
	Insert on sbtest6  (cost=0.00..0.01 rows=0 width=0)
	  ->  Result  (cost=0.00..0.01 rows=1 width=736)

table 7 : explain INSERT INTO sbtest7 (id, k, c, pad) VALUES (2860995, 13, 'foobar', 'foobar')
	Insert on sbtest7  (cost=0.00..0.01 rows=0 width=0)
	  ->  Result  (cost=0.00..0.01 rows=1 width=736)

table 8 : explain INSERT INTO sbtest8 (id, k, c, pad) VALUES (4990609, 13, 'foobar', 'foobar')
	Insert on sbtest8  (cost=0.00..0.01 rows=0 width=0)
	  ->  Result  (cost=0.00..0.01 rows=1 width=736)

explain: for index_updates :: explain UPDATE sbtest%u SET k=k+1 WHERE id=%u
for non_index_updates
table 1 : explain UPDATE sbtest1 SET c='foobar' WHERE id=2678891
	Update on sbtest1  (cost=0.43..8.45 rows=0 width=0)
	  ->  Index Scan using sbtest1_pkey on sbtest1  (cost=0.43..8.45 rows=1 width=490)
	        Index Cond: (id = 2678891)

table 2 : explain UPDATE sbtest2 SET c='foobar' WHERE id=5873475
	Update on sbtest2  (cost=0.43..8.45 rows=0 width=0)
	  ->  Index Scan using sbtest2_pkey on sbtest2  (cost=0.43..8.45 rows=1 width=490)
	        Index Cond: (id = 5873475)

table 3 : explain UPDATE sbtest3 SET c='foobar' WHERE id=3906880
	Update on sbtest3  (cost=0.43..8.45 rows=0 width=0)
	  ->  Index Scan using sbtest3_pkey on sbtest3  (cost=0.43..8.45 rows=1 width=490)
	        Index Cond: (id = 3906880)

table 4 : explain UPDATE sbtest4 SET c='foobar' WHERE id=2551598
	Update on sbtest4  (cost=0.43..8.45 rows=0 width=0)
	  ->  Index Scan using sbtest4_pkey on sbtest4  (cost=0.43..8.45 rows=1 width=490)
	        Index Cond: (id = 2551598)

table 5 : explain UPDATE sbtest5 SET c='foobar' WHERE id=4944704
	Update on sbtest5  (cost=0.43..8.45 rows=0 width=0)
	  ->  Index Scan using sbtest5_pkey on sbtest5  (cost=0.43..8.45 rows=1 width=490)
	        Index Cond: (id = 4944704)

table 6 : explain UPDATE sbtest6 SET c='foobar' WHERE id=4528491
	Update on sbtest6  (cost=0.43..8.45 rows=0 width=0)
	  ->  Index Scan using sbtest6_pkey on sbtest6  (cost=0.43..8.45 rows=1 width=490)
	        Index Cond: (id = 4528491)

table 7 : explain UPDATE sbtest7 SET c='foobar' WHERE id=9010281
	Update on sbtest7  (cost=0.43..8.45 rows=0 width=0)
	  ->  Index Scan using sbtest7_pkey on sbtest7  (cost=0.43..8.45 rows=1 width=490)
	        Index Cond: (id = 9010281)

table 8 : explain UPDATE sbtest8 SET c='foobar' WHERE id=6734614
	Update on sbtest8  (cost=0.43..8.45 rows=0 width=0)
	  ->  Index Scan using sbtest8_pkey on sbtest8  (cost=0.43..8.45 rows=1 width=490)
	        Index Cond: (id = 6734614)

for index_updates
table 1 : explain UPDATE sbtest1 SET k=k+1 WHERE id=9489486
	Update on sbtest1  (cost=0.43..8.46 rows=0 width=0)
	  ->  Index Scan using sbtest1_pkey on sbtest1  (cost=0.43..8.46 rows=1 width=10)
	        Index Cond: (id = 9489486)

table 2 : explain UPDATE sbtest2 SET k=k+1 WHERE id=2857908
	Update on sbtest2  (cost=0.43..8.46 rows=0 width=0)
	  ->  Index Scan using sbtest2_pkey on sbtest2  (cost=0.43..8.46 rows=1 width=10)
	        Index Cond: (id = 2857908)

table 3 : explain UPDATE sbtest3 SET k=k+1 WHERE id=479985
	Update on sbtest3  (cost=0.43..8.46 rows=0 width=0)
	  ->  Index Scan using sbtest3_pkey on sbtest3  (cost=0.43..8.46 rows=1 width=10)
	        Index Cond: (id = 479985)

table 4 : explain UPDATE sbtest4 SET k=k+1 WHERE id=5014622
	Update on sbtest4  (cost=0.43..8.46 rows=0 width=0)
	  ->  Index Scan using sbtest4_pkey on sbtest4  (cost=0.43..8.46 rows=1 width=10)
	        Index Cond: (id = 5014622)

table 5 : explain UPDATE sbtest5 SET k=k+1 WHERE id=8675114
	Update on sbtest5  (cost=0.43..8.46 rows=0 width=0)
	  ->  Index Scan using sbtest5_pkey on sbtest5  (cost=0.43..8.46 rows=1 width=10)
	        Index Cond: (id = 8675114)

table 6 : explain UPDATE sbtest6 SET k=k+1 WHERE id=3002009
	Update on sbtest6  (cost=0.43..8.46 rows=0 width=0)
	  ->  Index Scan using sbtest6_pkey on sbtest6  (cost=0.43..8.46 rows=1 width=10)
	        Index Cond: (id = 3002009)

table 7 : explain UPDATE sbtest7 SET k=k+1 WHERE id=1982993
	Update on sbtest7  (cost=0.43..8.46 rows=0 width=0)
	  ->  Index Scan using sbtest7_pkey on sbtest7  (cost=0.43..8.46 rows=1 width=10)
	        Index Cond: (id = 1982993)

table 8 : explain UPDATE sbtest8 SET k=k+1 WHERE id=7844303
	Update on sbtest8  (cost=0.43..8.46 rows=0 width=0)
	  ->  Index Scan using sbtest8_pkey on sbtest8  (cost=0.43..8.46 rows=1 width=10)
	        Index Cond: (id = 7844303)

explain: for deletes :: explain DELETE FROM sbtest%u WHERE id=%u
explain: for non_index_updates :: explain UPDATE sbtest%u SET c='foobar' WHERE id=%u
for deletes
table 1 : explain DELETE FROM sbtest1 WHERE id=5380339
	Delete on sbtest1  (cost=0.43..8.45 rows=0 width=0)
	  ->  Index Scan using sbtest1_pkey on sbtest1  (cost=0.43..8.45 rows=1 width=6)
	        Index Cond: (id = 5380339)

table 2 : explain DELETE FROM sbtest2 WHERE id=2191101
	Delete on sbtest2  (cost=0.43..8.45 rows=0 width=0)
	  ->  Index Scan using sbtest2_pkey on sbtest2  (cost=0.43..8.45 rows=1 width=6)
	        Index Cond: (id = 2191101)

table 3 : explain DELETE FROM sbtest3 WHERE id=7638848
	Delete on sbtest3  (cost=0.43..8.45 rows=0 width=0)
	  ->  Index Scan using sbtest3_pkey on sbtest3  (cost=0.43..8.45 rows=1 width=6)
	        Index Cond: (id = 7638848)

table 4 : explain DELETE FROM sbtest4 WHERE id=6682667
	Delete on sbtest4  (cost=0.43..8.45 rows=0 width=0)
	  ->  Index Scan using sbtest4_pkey on sbtest4  (cost=0.43..8.45 rows=1 width=6)
	        Index Cond: (id = 6682667)

table 5 : explain DELETE FROM sbtest5 WHERE id=8943973
	Delete on sbtest5  (cost=0.43..8.45 rows=0 width=0)
	  ->  Index Scan using sbtest5_pkey on sbtest5  (cost=0.43..8.45 rows=1 width=6)
	        Index Cond: (id = 8943973)

table 6 : explain DELETE FROM sbtest6 WHERE id=8573566
	Delete on sbtest6  (cost=0.43..8.45 rows=0 width=0)
	  ->  Index Scan using sbtest6_pkey on sbtest6  (cost=0.43..8.45 rows=1 width=6)
	        Index Cond: (id = 8573566)

table 7 : explain DELETE FROM sbtest7 WHERE id=8005015
	Delete on sbtest7  (cost=0.43..8.45 rows=0 width=0)
	  ->  Index Scan using sbtest7_pkey on sbtest7  (cost=0.43..8.45 rows=1 width=6)
	        Index Cond: (id = 8005015)

table 8 : explain DELETE FROM sbtest8 WHERE id=4844477
	Delete on sbtest8  (cost=0.43..8.45 rows=0 width=0)
	  ->  Index Scan using sbtest8_pkey on sbtest8  (cost=0.43..8.45 rows=1 width=6)
	        Index Cond: (id = 4844477)

explain: for non_index_updates :: explain UPDATE sbtest%u SET c='foobar' WHERE id=%u
explain: for non_index_updates :: explain UPDATE sbtest%u SET c='foobar' WHERE id=%u
for index_updates
table 1 : explain UPDATE sbtest1 SET k=k+1 WHERE id=7112677
	Update on sbtest1  (cost=0.43..8.46 rows=0 width=0)
	  ->  Index Scan using sbtest1_pkey on sbtest1  (cost=0.43..8.46 rows=1 width=10)
	        Index Cond: (id = 7112677)

table 2 : explain UPDATE sbtest2 SET k=k+1 WHERE id=2060972
	Update on sbtest2  (cost=0.43..8.46 rows=0 width=0)
	  ->  Index Scan using sbtest2_pkey on sbtest2  (cost=0.43..8.46 rows=1 width=10)
	        Index Cond: (id = 2060972)

table 3 : explain UPDATE sbtest3 SET k=k+1 WHERE id=2037497
	Update on sbtest3  (cost=0.43..8.46 rows=0 width=0)
	  ->  Index Scan using sbtest3_pkey on sbtest3  (cost=0.43..8.46 rows=1 width=10)
	        Index Cond: (id = 2037497)

table 4 : explain UPDATE sbtest4 SET k=k+1 WHERE id=5401807
	Update on sbtest4  (cost=0.43..8.46 rows=0 width=0)
	  ->  Index Scan using sbtest4_pkey on sbtest4  (cost=0.43..8.46 rows=1 width=10)
	        Index Cond: (id = 5401807)

table 5 : explain UPDATE sbtest5 SET k=k+1 WHERE id=6787632
	Update on sbtest5  (cost=0.43..8.46 rows=0 width=0)
	  ->  Index Scan using sbtest5_pkey on sbtest5  (cost=0.43..8.46 rows=1 width=10)
	        Index Cond: (id = 6787632)

table 6 : explain UPDATE sbtest6 SET k=k+1 WHERE id=9453829
	Update on sbtest6  (cost=0.43..8.46 rows=0 width=0)
	  ->  Index Scan using sbtest6_pkey on sbtest6  (cost=0.43..8.46 rows=1 width=10)
	        Index Cond: (id = 9453829)

table 7 : explain UPDATE sbtest7 SET k=k+1 WHERE id=8565950
	Update on sbtest7  (cost=0.43..8.46 rows=0 width=0)
	  ->  Index Scan using sbtest7_pkey on sbtest7  (cost=0.43..8.46 rows=1 width=10)
	        Index Cond: (id = 8565950)

table 8 : explain UPDATE sbtest8 SET k=k+1 WHERE id=6439208
	Update on sbtest8  (cost=0.43..8.46 rows=0 width=0)
	  ->  Index Scan using sbtest8_pkey on sbtest8  (cost=0.43..8.46 rows=1 width=10)
	        Index Cond: (id = 6439208)

explain: for index_updates :: explain UPDATE sbtest%u SET k=k+1 WHERE id=%u
for deletes
table 1 : explain DELETE FROM sbtest1 WHERE id=9339887
	Delete on sbtest1  (cost=0.43..8.45 rows=0 width=0)
	  ->  Index Scan using sbtest1_pkey on sbtest1  (cost=0.43..8.45 rows=1 width=6)
	        Index Cond: (id = 9339887)

table 2 : explain DELETE FROM sbtest2 WHERE id=8812991
	Delete on sbtest2  (cost=0.43..8.45 rows=0 width=0)
	  ->  Index Scan using sbtest2_pkey on sbtest2  (cost=0.43..8.45 rows=1 width=6)
	        Index Cond: (id = 8812991)

table 3 : explain DELETE FROM sbtest3 WHERE id=7692039
	Delete on sbtest3  (cost=0.43..8.45 rows=0 width=0)
	  ->  Index Scan using sbtest3_pkey on sbtest3  (cost=0.43..8.45 rows=1 width=6)
	        Index Cond: (id = 7692039)

table 4 : explain DELETE FROM sbtest4 WHERE id=3589578
	Delete on sbtest4  (cost=0.43..8.45 rows=0 width=0)
	  ->  Index Scan using sbtest4_pkey on sbtest4  (cost=0.43..8.45 rows=1 width=6)
	        Index Cond: (id = 3589578)

table 5 : explain DELETE FROM sbtest5 WHERE id=444625
	Delete on sbtest5  (cost=0.43..8.45 rows=0 width=0)
	  ->  Index Scan using sbtest5_pkey on sbtest5  (cost=0.43..8.45 rows=1 width=6)
	        Index Cond: (id = 444625)

table 6 : explain DELETE FROM sbtest6 WHERE id=9741589
	Delete on sbtest6  (cost=0.43..8.45 rows=0 width=0)
	  ->  Index Scan using sbtest6_pkey on sbtest6  (cost=0.43..8.45 rows=1 width=6)
	        Index Cond: (id = 9741589)

table 7 : explain DELETE FROM sbtest7 WHERE id=8477704
	Delete on sbtest7  (cost=0.43..8.45 rows=0 width=0)
	  ->  Index Scan using sbtest7_pkey on sbtest7  (cost=0.43..8.45 rows=1 width=6)
	        Index Cond: (id = 8477704)

table 8 : explain DELETE FROM sbtest8 WHERE id=7549815
	Delete on sbtest8  (cost=0.43..8.45 rows=0 width=0)
	  ->  Index Scan using sbtest8_pkey on sbtest8  (cost=0.43..8.45 rows=1 width=6)
	        Index Cond: (id = 7549815)

explain: for inserts :: explain INSERT INTO sbtest%u (id, k, c, pad) VALUES (%u, 13, 'foobar', 'foobar')
for non_index_updates
table 1 : explain UPDATE sbtest1 SET c='foobar' WHERE id=9244175
	Update on sbtest1  (cost=0.43..8.45 rows=0 width=0)
	  ->  Index Scan using sbtest1_pkey on sbtest1  (cost=0.43..8.45 rows=1 width=490)
	        Index Cond: (id = 9244175)

table 2 : explain UPDATE sbtest2 SET c='foobar' WHERE id=3863364
	Update on sbtest2  (cost=0.43..8.45 rows=0 width=0)
	  ->  Index Scan using sbtest2_pkey on sbtest2  (cost=0.43..8.45 rows=1 width=490)
	        Index Cond: (id = 3863364)

table 3 : explain UPDATE sbtest3 SET c='foobar' WHERE id=8609529
	Update on sbtest3  (cost=0.43..8.45 rows=0 width=0)
	  ->  Index Scan using sbtest3_pkey on sbtest3  (cost=0.43..8.45 rows=1 width=490)
	        Index Cond: (id = 8609529)

table 4 : explain UPDATE sbtest4 SET c='foobar' WHERE id=8082908
	Update on sbtest4  (cost=0.43..8.45 rows=0 width=0)
	  ->  Index Scan using sbtest4_pkey on sbtest4  (cost=0.43..8.45 rows=1 width=490)
	        Index Cond: (id = 8082908)

table 5 : explain UPDATE sbtest5 SET c='foobar' WHERE id=4681700
	Update on sbtest5  (cost=0.43..8.45 rows=0 width=0)
	  ->  Index Scan using sbtest5_pkey on sbtest5  (cost=0.43..8.45 rows=1 width=490)
	        Index Cond: (id = 4681700)

table 6 : explain UPDATE sbtest6 SET c='foobar' WHERE id=207889
	Update on sbtest6  (cost=0.43..8.45 rows=0 width=0)
	  ->  Index Scan using sbtest6_pkey on sbtest6  (cost=0.43..8.45 rows=1 width=490)
	        Index Cond: (id = 207889)

table 7 : explain UPDATE sbtest7 SET c='foobar' WHERE id=5683200
	Update on sbtest7  (cost=0.43..8.45 rows=0 width=0)
	  ->  Index Scan using sbtest7_pkey on sbtest7  (cost=0.43..8.45 rows=1 width=490)
	        Index Cond: (id = 5683200)

table 8 : explain UPDATE sbtest8 SET c='foobar' WHERE id=4926559
	Update on sbtest8  (cost=0.43..8.45 rows=0 width=0)
	  ->  Index Scan using sbtest8_pkey on sbtest8  (cost=0.43..8.45 rows=1 width=490)
	        Index Cond: (id = 4926559)

explain: for non_index_updates :: explain UPDATE sbtest%u SET c='foobar' WHERE id=%u
explain: for inserts :: explain INSERT INTO sbtest%u (id, k, c, pad) VALUES (%u, 13, 'foobar', 'foobar')
explain: for deletes :: explain DELETE FROM sbtest%u WHERE id=%u
for index_updates
table 1 : explain UPDATE sbtest1 SET k=k+1 WHERE id=7881277
	Update on sbtest1  (cost=0.43..8.46 rows=0 width=0)
	  ->  Index Scan using sbtest1_pkey on sbtest1  (cost=0.43..8.46 rows=1 width=10)
	        Index Cond: (id = 7881277)

table 2 : explain UPDATE sbtest2 SET k=k+1 WHERE id=7667325
	Update on sbtest2  (cost=0.43..8.46 rows=0 width=0)
	  ->  Index Scan using sbtest2_pkey on sbtest2  (cost=0.43..8.46 rows=1 width=10)
	        Index Cond: (id = 7667325)

table 3 : explain UPDATE sbtest3 SET k=k+1 WHERE id=2265674
	Update on sbtest3  (cost=0.43..8.46 rows=0 width=0)
	  ->  Index Scan using sbtest3_pkey on sbtest3  (cost=0.43..8.46 rows=1 width=10)
	        Index Cond: (id = 2265674)

table 4 : explain UPDATE sbtest4 SET k=k+1 WHERE id=3609941
	Update on sbtest4  (cost=0.43..8.46 rows=0 width=0)
	  ->  Index Scan using sbtest4_pkey on sbtest4  (cost=0.43..8.46 rows=1 width=10)
	        Index Cond: (id = 3609941)

table 5 : explain UPDATE sbtest5 SET k=k+1 WHERE id=7804719
	Update on sbtest5  (cost=0.43..8.46 rows=0 width=0)
	  ->  Index Scan using sbtest5_pkey on sbtest5  (cost=0.43..8.46 rows=1 width=10)
	        Index Cond: (id = 7804719)

table 6 : explain UPDATE sbtest6 SET k=k+1 WHERE id=2634090
	Update on sbtest6  (cost=0.43..8.46 rows=0 width=0)
	  ->  Index Scan using sbtest6_pkey on sbtest6  (cost=0.43..8.46 rows=1 width=10)
	        Index Cond: (id = 2634090)

table 7 : explain UPDATE sbtest7 SET k=k+1 WHERE id=2227675
	Update on sbtest7  (cost=0.43..8.46 rows=0 width=0)
	  ->  Index Scan using sbtest7_pkey on sbtest7  (cost=0.43..8.46 rows=1 width=10)
	        Index Cond: (id = 2227675)

table 8 : explain UPDATE sbtest8 SET k=k+1 WHERE id=4311833
	Update on sbtest8  (cost=0.43..8.46 rows=0 width=0)
	  ->  Index Scan using sbtest8_pkey on sbtest8  (cost=0.43..8.46 rows=1 width=10)
	        Index Cond: (id = 4311833)

for inserts
table 1 : explain INSERT INTO sbtest1 (id, k, c, pad) VALUES (8161868, 13, 'foobar', 'foobar')
	Insert on sbtest1  (cost=0.00..0.01 rows=0 width=0)
	  ->  Result  (cost=0.00..0.01 rows=1 width=736)

table 2 : explain INSERT INTO sbtest2 (id, k, c, pad) VALUES (2191459, 13, 'foobar', 'foobar')
	Insert on sbtest2  (cost=0.00..0.01 rows=0 width=0)
	  ->  Result  (cost=0.00..0.01 rows=1 width=736)

table 3 : explain INSERT INTO sbtest3 (id, k, c, pad) VALUES (3204515, 13, 'foobar', 'foobar')
	Insert on sbtest3  (cost=0.00..0.01 rows=0 width=0)
	  ->  Result  (cost=0.00..0.01 rows=1 width=736)

table 4 : explain INSERT INTO sbtest4 (id, k, c, pad) VALUES (7345531, 13, 'foobar', 'foobar')
	Insert on sbtest4  (cost=0.00..0.01 rows=0 width=0)
	  ->  Result  (cost=0.00..0.01 rows=1 width=736)

table 5 : explain INSERT INTO sbtest5 (id, k, c, pad) VALUES (9649431, 13, 'foobar', 'foobar')
	Insert on sbtest5  (cost=0.00..0.01 rows=0 width=0)
	  ->  Result  (cost=0.00..0.01 rows=1 width=736)

table 6 : explain INSERT INTO sbtest6 (id, k, c, pad) VALUES (1552684, 13, 'foobar', 'foobar')
	Insert on sbtest6  (cost=0.00..0.01 rows=0 width=0)
	  ->  Result  (cost=0.00..0.01 rows=1 width=736)

table 7 : explain INSERT INTO sbtest7 (id, k, c, pad) VALUES (4655744, 13, 'foobar', 'foobar')
	Insert on sbtest7  (cost=0.00..0.01 rows=0 width=0)
	  ->  Result  (cost=0.00..0.01 rows=1 width=736)

table 8 : explain INSERT INTO sbtest8 (id, k, c, pad) VALUES (135981, 13, 'foobar', 'foobar')
	Insert on sbtest8  (cost=0.00..0.01 rows=0 width=0)
	  ->  Result  (cost=0.00..0.01 rows=1 width=736)

explain: for non_index_updates :: explain UPDATE sbtest%u SET c='foobar' WHERE id=%u
for deletes
table 1 : explain DELETE FROM sbtest1 WHERE id=2909897
	Delete on sbtest1  (cost=0.43..8.45 rows=0 width=0)
	  ->  Index Scan using sbtest1_pkey on sbtest1  (cost=0.43..8.45 rows=1 width=6)
	        Index Cond: (id = 2909897)

table 2 : explain DELETE FROM sbtest2 WHERE id=705854
	Delete on sbtest2  (cost=0.43..8.45 rows=0 width=0)
	  ->  Index Scan using sbtest2_pkey on sbtest2  (cost=0.43..8.45 rows=1 width=6)
	        Index Cond: (id = 705854)

table 3 : explain DELETE FROM sbtest3 WHERE id=4162839
	Delete on sbtest3  (cost=0.43..8.45 rows=0 width=0)
	  ->  Index Scan using sbtest3_pkey on sbtest3  (cost=0.43..8.45 rows=1 width=6)
	        Index Cond: (id = 4162839)

table 4 : explain DELETE FROM sbtest4 WHERE id=6733265
	Delete on sbtest4  (cost=0.43..8.45 rows=0 width=0)
	  ->  Index Scan using sbtest4_pkey on sbtest4  (cost=0.43..8.45 rows=1 width=6)
	        Index Cond: (id = 6733265)

table 5 : explain DELETE FROM sbtest5 WHERE id=5748797
	Delete on sbtest5  (cost=0.43..8.45 rows=0 width=0)
	  ->  Index Scan using sbtest5_pkey on sbtest5  (cost=0.43..8.45 rows=1 width=6)
	        Index Cond: (id = 5748797)

table 6 : explain DELETE FROM sbtest6 WHERE id=3494764
	Delete on sbtest6  (cost=0.43..8.45 rows=0 width=0)
	  ->  Index Scan using sbtest6_pkey on sbtest6  (cost=0.43..8.45 rows=1 width=6)
	        Index Cond: (id = 3494764)

table 7 : explain DELETE FROM sbtest7 WHERE id=5673251
	Delete on sbtest7  (cost=0.43..8.45 rows=0 width=0)
	  ->  Index Scan using sbtest7_pkey on sbtest7  (cost=0.43..8.45 rows=1 width=6)
	        Index Cond: (id = 5673251)

table 8 : explain DELETE FROM sbtest8 WHERE id=8353234
	Delete on sbtest8  (cost=0.43..8.45 rows=0 width=0)
	  ->  Index Scan using sbtest8_pkey on sbtest8  (cost=0.43..8.45 rows=1 width=6)
	        Index Cond: (id = 8353234)

for inserts
table 1 : explain INSERT INTO sbtest1 (id, k, c, pad) VALUES (8737265, 13, 'foobar', 'foobar')
	Insert on sbtest1  (cost=0.00..0.01 rows=0 width=0)
	  ->  Result  (cost=0.00..0.01 rows=1 width=736)

table 2 : explain INSERT INTO sbtest2 (id, k, c, pad) VALUES (1037195, 13, 'foobar', 'foobar')
	Insert on sbtest2  (cost=0.00..0.01 rows=0 width=0)
	  ->  Result  (cost=0.00..0.01 rows=1 width=736)

table 3 : explain INSERT INTO sbtest3 (id, k, c, pad) VALUES (3053111, 13, 'foobar', 'foobar')
	Insert on sbtest3  (cost=0.00..0.01 rows=0 width=0)
	  ->  Result  (cost=0.00..0.01 rows=1 width=736)

table 4 : explain INSERT INTO sbtest4 (id, k, c, pad) VALUES (2515960, 13, 'foobar', 'foobar')
	Insert on sbtest4  (cost=0.00..0.01 rows=0 width=0)
	  ->  Result  (cost=0.00..0.01 rows=1 width=736)

table 5 : explain INSERT INTO sbtest5 (id, k, c, pad) VALUES (2874099, 13, 'foobar', 'foobar')
	Insert on sbtest5  (cost=0.00..0.01 rows=0 width=0)
	  ->  Result  (cost=0.00..0.01 rows=1 width=736)

table 6 : explain INSERT INTO sbtest6 (id, k, c, pad) VALUES (3416891, 13, 'foobar', 'foobar')
	Insert on sbtest6  (cost=0.00..0.01 rows=0 width=0)
	  ->  Result  (cost=0.00..0.01 rows=1 width=736)

table 7 : explain INSERT INTO sbtest7 (id, k, c, pad) VALUES (1097405, 13, 'foobar', 'foobar')
	Insert on sbtest7  (cost=0.00..0.01 rows=0 width=0)
	  ->  Result  (cost=0.00..0.01 rows=1 width=736)

table 8 : explain INSERT INTO sbtest8 (id, k, c, pad) VALUES (979789, 13, 'foobar', 'foobar')
	Insert on sbtest8  (cost=0.00..0.01 rows=0 width=0)
	  ->  Result  (cost=0.00..0.01 rows=1 width=736)

for non_index_updates
table 1 : explain UPDATE sbtest1 SET c='foobar' WHERE id=3685769
	Update on sbtest1  (cost=0.43..8.45 rows=0 width=0)
	  ->  Index Scan using sbtest1_pkey on sbtest1  (cost=0.43..8.45 rows=1 width=490)
	        Index Cond: (id = 3685769)

table 2 : explain UPDATE sbtest2 SET c='foobar' WHERE id=4363563
	Update on sbtest2  (cost=0.43..8.45 rows=0 width=0)
	  ->  Index Scan using sbtest2_pkey on sbtest2  (cost=0.43..8.45 rows=1 width=490)
	        Index Cond: (id = 4363563)

table 3 : explain UPDATE sbtest3 SET c='foobar' WHERE id=9820979
	Update on sbtest3  (cost=0.43..8.45 rows=0 width=0)
	  ->  Index Scan using sbtest3_pkey on sbtest3  (cost=0.43..8.45 rows=1 width=490)
	        Index Cond: (id = 9820979)

table 4 : explain UPDATE sbtest4 SET c='foobar' WHERE id=7889679
	Update on sbtest4  (cost=0.43..8.45 rows=0 width=0)
	  ->  Index Scan using sbtest4_pkey on sbtest4  (cost=0.43..8.45 rows=1 width=490)
	        Index Cond: (id = 7889679)

table 5 : explain UPDATE sbtest5 SET c='foobar' WHERE id=4136298
	Update on sbtest5  (cost=0.43..8.45 rows=0 width=0)
	  ->  Index Scan using sbtest5_pkey on sbtest5  (cost=0.43..8.45 rows=1 width=490)
	        Index Cond: (id = 4136298)

table 6 : explain UPDATE sbtest6 SET c='foobar' WHERE id=9979955
	Update on sbtest6  (cost=0.43..8.45 rows=0 width=0)
	  ->  Index Scan using sbtest6_pkey on sbtest6  (cost=0.43..8.45 rows=1 width=490)
	        Index Cond: (id = 9979955)

table 7 : explain UPDATE sbtest7 SET c='foobar' WHERE id=2184881
	Update on sbtest7  (cost=0.43..8.45 rows=0 width=0)
	  ->  Index Scan using sbtest7_pkey on sbtest7  (cost=0.43..8.45 rows=1 width=490)
	        Index Cond: (id = 2184881)

table 8 : explain UPDATE sbtest8 SET c='foobar' WHERE id=5473290
	Update on sbtest8  (cost=0.43..8.45 rows=0 width=0)
	  ->  Index Scan using sbtest8_pkey on sbtest8  (cost=0.43..8.45 rows=1 width=490)
	        Index Cond: (id = 5473290)

for non_index_updates
table 1 : explain UPDATE sbtest1 SET c='foobar' WHERE id=6778912
	Update on sbtest1  (cost=0.43..8.45 rows=0 width=0)
	  ->  Index Scan using sbtest1_pkey on sbtest1  (cost=0.43..8.45 rows=1 width=490)
	        Index Cond: (id = 6778912)

table 2 : explain UPDATE sbtest2 SET c='foobar' WHERE id=9340707
	Update on sbtest2  (cost=0.43..8.45 rows=0 width=0)
	  ->  Index Scan using sbtest2_pkey on sbtest2  (cost=0.43..8.45 rows=1 width=490)
	        Index Cond: (id = 9340707)

table 3 : explain UPDATE sbtest3 SET c='foobar' WHERE id=4281964
	Update on sbtest3  (cost=0.43..8.45 rows=0 width=0)
	  ->  Index Scan using sbtest3_pkey on sbtest3  (cost=0.43..8.45 rows=1 width=490)
	        Index Cond: (id = 4281964)

table 4 : explain UPDATE sbtest4 SET c='foobar' WHERE id=4325502
	Update on sbtest4  (cost=0.43..8.45 rows=0 width=0)
	  ->  Index Scan using sbtest4_pkey on sbtest4  (cost=0.43..8.45 rows=1 width=490)
	        Index Cond: (id = 4325502)

table 5 : explain UPDATE sbtest5 SET c='foobar' WHERE id=9069143
	Update on sbtest5  (cost=0.43..8.45 rows=0 width=0)
	  ->  Index Scan using sbtest5_pkey on sbtest5  (cost=0.43..8.45 rows=1 width=490)
	        Index Cond: (id = 9069143)

table 6 : explain UPDATE sbtest6 SET c='foobar' WHERE id=4653780
	Update on sbtest6  (cost=0.43..8.45 rows=0 width=0)
	  ->  Index Scan using sbtest6_pkey on sbtest6  (cost=0.43..8.45 rows=1 width=490)
	        Index Cond: (id = 4653780)

table 7 : explain UPDATE sbtest7 SET c='foobar' WHERE id=436233
	Update on sbtest7  (cost=0.43..8.45 rows=0 width=0)
	  ->  Index Scan using sbtest7_pkey on sbtest7  (cost=0.43..8.45 rows=1 width=490)
	        Index Cond: (id = 436233)

table 8 : explain UPDATE sbtest8 SET c='foobar' WHERE id=5322911
	Update on sbtest8  (cost=0.43..8.45 rows=0 width=0)
	  ->  Index Scan using sbtest8_pkey on sbtest8  (cost=0.43..8.45 rows=1 width=490)
	        Index Cond: (id = 5322911)

for non_index_updates
table 1 : explain UPDATE sbtest1 SET c='foobar' WHERE id=648324
	Update on sbtest1  (cost=0.43..8.45 rows=0 width=0)
	  ->  Index Scan using sbtest1_pkey on sbtest1  (cost=0.43..8.45 rows=1 width=490)
	        Index Cond: (id = 648324)

table 2 : explain UPDATE sbtest2 SET c='foobar' WHERE id=3543610
	Update on sbtest2  (cost=0.43..8.45 rows=0 width=0)
	  ->  Index Scan using sbtest2_pkey on sbtest2  (cost=0.43..8.45 rows=1 width=490)
	        Index Cond: (id = 3543610)

table 3 : explain UPDATE sbtest3 SET c='foobar' WHERE id=5107767
	Update on sbtest3  (cost=0.43..8.45 rows=0 width=0)
	  ->  Index Scan using sbtest3_pkey on sbtest3  (cost=0.43..8.45 rows=1 width=490)
	        Index Cond: (id = 5107767)

table 4 : explain UPDATE sbtest4 SET c='foobar' WHERE id=443853
	Update on sbtest4  (cost=0.43..8.45 rows=0 width=0)
	  ->  Index Scan using sbtest4_pkey on sbtest4  (cost=0.43..8.45 rows=1 width=490)
	        Index Cond: (id = 443853)

table 5 : explain UPDATE sbtest5 SET c='foobar' WHERE id=1060683
	Update on sbtest5  (cost=0.43..8.45 rows=0 width=0)
	  ->  Index Scan using sbtest5_pkey on sbtest5  (cost=0.43..8.45 rows=1 width=490)
	        Index Cond: (id = 1060683)

table 6 : explain UPDATE sbtest6 SET c='foobar' WHERE id=8772722
	Update on sbtest6  (cost=0.43..8.45 rows=0 width=0)
	  ->  Index Scan using sbtest6_pkey on sbtest6  (cost=0.43..8.45 rows=1 width=490)
	        Index Cond: (id = 8772722)

table 7 : explain UPDATE sbtest7 SET c='foobar' WHERE id=397541
	Update on sbtest7  (cost=0.43..8.45 rows=0 width=0)
	  ->  Index Scan using sbtest7_pkey on sbtest7  (cost=0.43..8.45 rows=1 width=490)
	        Index Cond: (id = 397541)

table 8 : explain UPDATE sbtest8 SET c='foobar' WHERE id=312979
	Update on sbtest8  (cost=0.43..8.45 rows=0 width=0)
	  ->  Index Scan using sbtest8_pkey on sbtest8  (cost=0.43..8.45 rows=1 width=490)
	        Index Cond: (id = 312979)

explain: for inserts :: explain INSERT INTO sbtest%u (id, k, c, pad) VALUES (%u, 13, 'foobar', 'foobar')
for non_index_updates
table 1 : explain UPDATE sbtest1 SET c='foobar' WHERE id=6545812
	Update on sbtest1  (cost=0.43..8.45 rows=0 width=0)
	  ->  Index Scan using sbtest1_pkey on sbtest1  (cost=0.43..8.45 rows=1 width=490)
	        Index Cond: (id = 6545812)

table 2 : explain UPDATE sbtest2 SET c='foobar' WHERE id=6982819
	Update on sbtest2  (cost=0.43..8.45 rows=0 width=0)
	  ->  Index Scan using sbtest2_pkey on sbtest2  (cost=0.43..8.45 rows=1 width=490)
	        Index Cond: (id = 6982819)

table 3 : explain UPDATE sbtest3 SET c='foobar' WHERE id=1048397
	Update on sbtest3  (cost=0.43..8.45 rows=0 width=0)
	  ->  Index Scan using sbtest3_pkey on sbtest3  (cost=0.43..8.45 rows=1 width=490)
	        Index Cond: (id = 1048397)

table 4 : explain UPDATE sbtest4 SET c='foobar' WHERE id=7095510
	Update on sbtest4  (cost=0.43..8.45 rows=0 width=0)
	  ->  Index Scan using sbtest4_pkey on sbtest4  (cost=0.43..8.45 rows=1 width=490)
	        Index Cond: (id = 7095510)

table 5 : explain UPDATE sbtest5 SET c='foobar' WHERE id=1065582
	Update on sbtest5  (cost=0.43..8.45 rows=0 width=0)
	  ->  Index Scan using sbtest5_pkey on sbtest5  (cost=0.43..8.45 rows=1 width=490)
	        Index Cond: (id = 1065582)

table 6 : explain UPDATE sbtest6 SET c='foobar' WHERE id=2369782
	Update on sbtest6  (cost=0.43..8.45 rows=0 width=0)
	  ->  Index Scan using sbtest6_pkey on sbtest6  (cost=0.43..8.45 rows=1 width=490)
	        Index Cond: (id = 2369782)

table 7 : explain UPDATE sbtest7 SET c='foobar' WHERE id=1909899
	Update on sbtest7  (cost=0.43..8.45 rows=0 width=0)
	  ->  Index Scan using sbtest7_pkey on sbtest7  (cost=0.43..8.45 rows=1 width=490)
	        Index Cond: (id = 1909899)

table 8 : explain UPDATE sbtest8 SET c='foobar' WHERE id=664251
	Update on sbtest8  (cost=0.43..8.45 rows=0 width=0)
	  ->  Index Scan using sbtest8_pkey on sbtest8  (cost=0.43..8.45 rows=1 width=490)
	        Index Cond: (id = 664251)

explain: for deletes :: explain DELETE FROM sbtest%u WHERE id=%u
explain: for index_updates :: explain UPDATE sbtest%u SET k=k+1 WHERE id=%u
for index_updates
table 1 : explain UPDATE sbtest1 SET k=k+1 WHERE id=2460280
	Update on sbtest1  (cost=0.43..8.46 rows=0 width=0)
	  ->  Index Scan using sbtest1_pkey on sbtest1  (cost=0.43..8.46 rows=1 width=10)
	        Index Cond: (id = 2460280)

table 2 : explain UPDATE sbtest2 SET k=k+1 WHERE id=7772135
	Update on sbtest2  (cost=0.43..8.46 rows=0 width=0)
	  ->  Index Scan using sbtest2_pkey on sbtest2  (cost=0.43..8.46 rows=1 width=10)
	        Index Cond: (id = 7772135)

table 3 : explain UPDATE sbtest3 SET k=k+1 WHERE id=6817614
	Update on sbtest3  (cost=0.43..8.46 rows=0 width=0)
	  ->  Index Scan using sbtest3_pkey on sbtest3  (cost=0.43..8.46 rows=1 width=10)
	        Index Cond: (id = 6817614)

table 4 : explain UPDATE sbtest4 SET k=k+1 WHERE id=1818844
	Update on sbtest4  (cost=0.43..8.46 rows=0 width=0)
	  ->  Index Scan using sbtest4_pkey on sbtest4  (cost=0.43..8.46 rows=1 width=10)
	        Index Cond: (id = 1818844)

table 5 : explain UPDATE sbtest5 SET k=k+1 WHERE id=8289042
	Update on sbtest5  (cost=0.43..8.46 rows=0 width=0)
	  ->  Index Scan using sbtest5_pkey on sbtest5  (cost=0.43..8.46 rows=1 width=10)
	        Index Cond: (id = 8289042)

table 6 : explain UPDATE sbtest6 SET k=k+1 WHERE id=7562408
	Update on sbtest6  (cost=0.43..8.46 rows=0 width=0)
	  ->  Index Scan using sbtest6_pkey on sbtest6  (cost=0.43..8.46 rows=1 width=10)
	        Index Cond: (id = 7562408)

table 7 : explain UPDATE sbtest7 SET k=k+1 WHERE id=4326973
	Update on sbtest7  (cost=0.43..8.46 rows=0 width=0)
	  ->  Index Scan using sbtest7_pkey on sbtest7  (cost=0.43..8.46 rows=1 width=10)
	        Index Cond: (id = 4326973)

table 8 : explain UPDATE sbtest8 SET k=k+1 WHERE id=1536681
	Update on sbtest8  (cost=0.43..8.46 rows=0 width=0)
	  ->  Index Scan using sbtest8_pkey on sbtest8  (cost=0.43..8.46 rows=1 width=10)
	        Index Cond: (id = 1536681)

explain: for deletes :: explain DELETE FROM sbtest%u WHERE id=%u
explain: for deletes :: explain DELETE FROM sbtest%u WHERE id=%u
for inserts
table 1 : explain INSERT INTO sbtest1 (id, k, c, pad) VALUES (6280870, 13, 'foobar', 'foobar')
	Insert on sbtest1  (cost=0.00..0.01 rows=0 width=0)
	  ->  Result  (cost=0.00..0.01 rows=1 width=736)

table 2 : explain INSERT INTO sbtest2 (id, k, c, pad) VALUES (8742526, 13, 'foobar', 'foobar')
	Insert on sbtest2  (cost=0.00..0.01 rows=0 width=0)
	  ->  Result  (cost=0.00..0.01 rows=1 width=736)

table 3 : explain INSERT INTO sbtest3 (id, k, c, pad) VALUES (1356592, 13, 'foobar', 'foobar')
	Insert on sbtest3  (cost=0.00..0.01 rows=0 width=0)
	  ->  Result  (cost=0.00..0.01 rows=1 width=736)

table 4 : explain INSERT INTO sbtest4 (id, k, c, pad) VALUES (829502, 13, 'foobar', 'foobar')
	Insert on sbtest4  (cost=0.00..0.01 rows=0 width=0)
	  ->  Result  (cost=0.00..0.01 rows=1 width=736)

table 5 : explain INSERT INTO sbtest5 (id, k, c, pad) VALUES (8725943, 13, 'foobar', 'foobar')
	Insert on sbtest5  (cost=0.00..0.01 rows=0 width=0)
	  ->  Result  (cost=0.00..0.01 rows=1 width=736)

table 6 : explain INSERT INTO sbtest6 (id, k, c, pad) VALUES (8747560, 13, 'foobar', 'foobar')
	Insert on sbtest6  (cost=0.00..0.01 rows=0 width=0)
	  ->  Result  (cost=0.00..0.01 rows=1 width=736)

table 7 : explain INSERT INTO sbtest7 (id, k, c, pad) VALUES (4772600, 13, 'foobar', 'foobar')
	Insert on sbtest7  (cost=0.00..0.01 rows=0 width=0)
	  ->  Result  (cost=0.00..0.01 rows=1 width=736)

table 8 : explain INSERT INTO sbtest8 (id, k, c, pad) VALUES (1883224, 13, 'foobar', 'foobar')
	Insert on sbtest8  (cost=0.00..0.01 rows=0 width=0)
	  ->  Result  (cost=0.00..0.01 rows=1 width=736)

explain: for deletes :: explain DELETE FROM sbtest%u WHERE id=%u
explain: for non_index_updates :: explain UPDATE sbtest%u SET c='foobar' WHERE id=%u
for deletes
table 1 : explain DELETE FROM sbtest1 WHERE id=8344665
	Delete on sbtest1  (cost=0.43..8.45 rows=0 width=0)
	  ->  Index Scan using sbtest1_pkey on sbtest1  (cost=0.43..8.45 rows=1 width=6)
	        Index Cond: (id = 8344665)

table 2 : explain DELETE FROM sbtest2 WHERE id=8323732
	Delete on sbtest2  (cost=0.43..8.45 rows=0 width=0)
	  ->  Index Scan using sbtest2_pkey on sbtest2  (cost=0.43..8.45 rows=1 width=6)
	        Index Cond: (id = 8323732)

table 3 : explain DELETE FROM sbtest3 WHERE id=9542043
	Delete on sbtest3  (cost=0.43..8.45 rows=0 width=0)
	  ->  Index Scan using sbtest3_pkey on sbtest3  (cost=0.43..8.45 rows=1 width=6)
	        Index Cond: (id = 9542043)

table 4 : explain DELETE FROM sbtest4 WHERE id=1602814
	Delete on sbtest4  (cost=0.43..8.45 rows=0 width=0)
	  ->  Index Scan using sbtest4_pkey on sbtest4  (cost=0.43..8.45 rows=1 width=6)
	        Index Cond: (id = 1602814)

table 5 : explain DELETE FROM sbtest5 WHERE id=4064125
	Delete on sbtest5  (cost=0.43..8.45 rows=0 width=0)
	  ->  Index Scan using sbtest5_pkey on sbtest5  (cost=0.43..8.45 rows=1 width=6)
	        Index Cond: (id = 4064125)

table 6 : explain DELETE FROM sbtest6 WHERE id=4397802
	Delete on sbtest6  (cost=0.43..8.45 rows=0 width=0)
	  ->  Index Scan using sbtest6_pkey on sbtest6  (cost=0.43..8.45 rows=1 width=6)
	        Index Cond: (id = 4397802)

table 7 : explain DELETE FROM sbtest7 WHERE id=1515632
	Delete on sbtest7  (cost=0.43..8.45 rows=0 width=0)
	  ->  Index Scan using sbtest7_pkey on sbtest7  (cost=0.43..8.45 rows=1 width=6)
	        Index Cond: (id = 1515632)

table 8 : explain DELETE FROM sbtest8 WHERE id=9602185
	Delete on sbtest8  (cost=0.43..8.45 rows=0 width=0)
	  ->  Index Scan using sbtest8_pkey on sbtest8  (cost=0.43..8.45 rows=1 width=6)
	        Index Cond: (id = 9602185)

for deletes
table 1 : explain DELETE FROM sbtest1 WHERE id=8511333
	Delete on sbtest1  (cost=0.43..8.45 rows=0 width=0)
	  ->  Index Scan using sbtest1_pkey on sbtest1  (cost=0.43..8.45 rows=1 width=6)
	        Index Cond: (id = 8511333)

table 2 : explain DELETE FROM sbtest2 WHERE id=1625289
	Delete on sbtest2  (cost=0.43..8.45 rows=0 width=0)
	  ->  Index Scan using sbtest2_pkey on sbtest2  (cost=0.43..8.45 rows=1 width=6)
	        Index Cond: (id = 1625289)

table 3 : explain DELETE FROM sbtest3 WHERE id=8519675
	Delete on sbtest3  (cost=0.43..8.45 rows=0 width=0)
	  ->  Index Scan using sbtest3_pkey on sbtest3  (cost=0.43..8.45 rows=1 width=6)
	        Index Cond: (id = 8519675)

table 4 : explain DELETE FROM sbtest4 WHERE id=9171314
	Delete on sbtest4  (cost=0.43..8.45 rows=0 width=0)
	  ->  Index Scan using sbtest4_pkey on sbtest4  (cost=0.43..8.45 rows=1 width=6)
	        Index Cond: (id = 9171314)

table 5 : explain DELETE FROM sbtest5 WHERE id=3100110
	Delete on sbtest5  (cost=0.43..8.45 rows=0 width=0)
	  ->  Index Scan using sbtest5_pkey on sbtest5  (cost=0.43..8.45 rows=1 width=6)
	        Index Cond: (id = 3100110)

table 6 : explain DELETE FROM sbtest6 WHERE id=351457
	Delete on sbtest6  (cost=0.43..8.45 rows=0 width=0)
	  ->  Index Scan using sbtest6_pkey on sbtest6  (cost=0.43..8.45 rows=1 width=6)
	        Index Cond: (id = 351457)

table 7 : explain DELETE FROM sbtest7 WHERE id=4980579
	Delete on sbtest7  (cost=0.43..8.45 rows=0 width=0)
	  ->  Index Scan using sbtest7_pkey on sbtest7  (cost=0.43..8.45 rows=1 width=6)
	        Index Cond: (id = 4980579)

table 8 : explain DELETE FROM sbtest8 WHERE id=5919271
	Delete on sbtest8  (cost=0.43..8.45 rows=0 width=0)
	  ->  Index Scan using sbtest8_pkey on sbtest8  (cost=0.43..8.45 rows=1 width=6)
	        Index Cond: (id = 5919271)

explain: for inserts :: explain INSERT INTO sbtest%u (id, k, c, pad) VALUES (%u, 13, 'foobar', 'foobar')
for non_index_updates
table 1 : explain UPDATE sbtest1 SET c='foobar' WHERE id=6175968
	Update on sbtest1  (cost=0.43..8.45 rows=0 width=0)
	  ->  Index Scan using sbtest1_pkey on sbtest1  (cost=0.43..8.45 rows=1 width=490)
	        Index Cond: (id = 6175968)

table 2 : explain UPDATE sbtest2 SET c='foobar' WHERE id=4364802
	Update on sbtest2  (cost=0.43..8.45 rows=0 width=0)
	  ->  Index Scan using sbtest2_pkey on sbtest2  (cost=0.43..8.45 rows=1 width=490)
	        Index Cond: (id = 4364802)

table 3 : explain UPDATE sbtest3 SET c='foobar' WHERE id=1216940
	Update on sbtest3  (cost=0.43..8.45 rows=0 width=0)
	  ->  Index Scan using sbtest3_pkey on sbtest3  (cost=0.43..8.45 rows=1 width=490)
	        Index Cond: (id = 1216940)

table 4 : explain UPDATE sbtest4 SET c='foobar' WHERE id=7300555
	Update on sbtest4  (cost=0.43..8.45 rows=0 width=0)
	  ->  Index Scan using sbtest4_pkey on sbtest4  (cost=0.43..8.45 rows=1 width=490)
	        Index Cond: (id = 7300555)

table 5 : explain UPDATE sbtest5 SET c='foobar' WHERE id=4121102
	Update on sbtest5  (cost=0.43..8.45 rows=0 width=0)
	  ->  Index Scan using sbtest5_pkey on sbtest5  (cost=0.43..8.45 rows=1 width=490)
	        Index Cond: (id = 4121102)

table 6 : explain UPDATE sbtest6 SET c='foobar' WHERE id=7804936
	Update on sbtest6  (cost=0.43..8.45 rows=0 width=0)
	  ->  Index Scan using sbtest6_pkey on sbtest6  (cost=0.43..8.45 rows=1 width=490)
	        Index Cond: (id = 7804936)

table 7 : explain UPDATE sbtest7 SET c='foobar' WHERE id=2370388
	Update on sbtest7  (cost=0.43..8.45 rows=0 width=0)
	  ->  Index Scan using sbtest7_pkey on sbtest7  (cost=0.43..8.45 rows=1 width=490)
	        Index Cond: (id = 2370388)

table 8 : explain UPDATE sbtest8 SET c='foobar' WHERE id=2198381
	Update on sbtest8  (cost=0.43..8.45 rows=0 width=0)
	  ->  Index Scan using sbtest8_pkey on sbtest8  (cost=0.43..8.45 rows=1 width=490)
	        Index Cond: (id = 2198381)

explain: for inserts :: explain INSERT INTO sbtest%u (id, k, c, pad) VALUES (%u, 13, 'foobar', 'foobar')
for deletes
table 1 : explain DELETE FROM sbtest1 WHERE id=6636103
	Delete on sbtest1  (cost=0.43..8.45 rows=0 width=0)
	  ->  Index Scan using sbtest1_pkey on sbtest1  (cost=0.43..8.45 rows=1 width=6)
	        Index Cond: (id = 6636103)

table 2 : explain DELETE FROM sbtest2 WHERE id=8660245
	Delete on sbtest2  (cost=0.43..8.45 rows=0 width=0)
	  ->  Index Scan using sbtest2_pkey on sbtest2  (cost=0.43..8.45 rows=1 width=6)
	        Index Cond: (id = 8660245)

table 3 : explain DELETE FROM sbtest3 WHERE id=4712477
	Delete on sbtest3  (cost=0.43..8.45 rows=0 width=0)
	  ->  Index Scan using sbtest3_pkey on sbtest3  (cost=0.43..8.45 rows=1 width=6)
	        Index Cond: (id = 4712477)

table 4 : explain DELETE FROM sbtest4 WHERE id=8136178
	Delete on sbtest4  (cost=0.43..8.45 rows=0 width=0)
	  ->  Index Scan using sbtest4_pkey on sbtest4  (cost=0.43..8.45 rows=1 width=6)
	        Index Cond: (id = 8136178)

table 5 : explain DELETE FROM sbtest5 WHERE id=9379814
	Delete on sbtest5  (cost=0.43..8.45 rows=0 width=0)
	  ->  Index Scan using sbtest5_pkey on sbtest5  (cost=0.43..8.45 rows=1 width=6)
	        Index Cond: (id = 9379814)

table 6 : explain DELETE FROM sbtest6 WHERE id=3432778
	Delete on sbtest6  (cost=0.43..8.45 rows=0 width=0)
	  ->  Index Scan using sbtest6_pkey on sbtest6  (cost=0.43..8.45 rows=1 width=6)
	        Index Cond: (id = 3432778)

table 7 : explain DELETE FROM sbtest7 WHERE id=9007717
	Delete on sbtest7  (cost=0.43..8.45 rows=0 width=0)
	  ->  Index Scan using sbtest7_pkey on sbtest7  (cost=0.43..8.45 rows=1 width=6)
	        Index Cond: (id = 9007717)

table 8 : explain DELETE FROM sbtest8 WHERE id=7046571
	Delete on sbtest8  (cost=0.43..8.45 rows=0 width=0)
	  ->  Index Scan using sbtest8_pkey on sbtest8  (cost=0.43..8.45 rows=1 width=6)
	        Index Cond: (id = 7046571)

explain: for deletes :: explain DELETE FROM sbtest%u WHERE id=%u
for inserts
table 1 : explain INSERT INTO sbtest1 (id, k, c, pad) VALUES (5563049, 13, 'foobar', 'foobar')
	Insert on sbtest1  (cost=0.00..0.01 rows=0 width=0)
	  ->  Result  (cost=0.00..0.01 rows=1 width=736)

table 2 : explain INSERT INTO sbtest2 (id, k, c, pad) VALUES (357444, 13, 'foobar', 'foobar')
	Insert on sbtest2  (cost=0.00..0.01 rows=0 width=0)
	  ->  Result  (cost=0.00..0.01 rows=1 width=736)

table 3 : explain INSERT INTO sbtest3 (id, k, c, pad) VALUES (620194, 13, 'foobar', 'foobar')
	Insert on sbtest3  (cost=0.00..0.01 rows=0 width=0)
	  ->  Result  (cost=0.00..0.01 rows=1 width=736)

table 4 : explain INSERT INTO sbtest4 (id, k, c, pad) VALUES (7418700, 13, 'foobar', 'foobar')
	Insert on sbtest4  (cost=0.00..0.01 rows=0 width=0)
	  ->  Result  (cost=0.00..0.01 rows=1 width=736)

table 5 : explain INSERT INTO sbtest5 (id, k, c, pad) VALUES (4921398, 13, 'foobar', 'foobar')
	Insert on sbtest5  (cost=0.00..0.01 rows=0 width=0)
	  ->  Result  (cost=0.00..0.01 rows=1 width=736)

table 6 : explain INSERT INTO sbtest6 (id, k, c, pad) VALUES (602694, 13, 'foobar', 'foobar')
	Insert on sbtest6  (cost=0.00..0.01 rows=0 width=0)
	  ->  Result  (cost=0.00..0.01 rows=1 width=736)

table 7 : explain INSERT INTO sbtest7 (id, k, c, pad) VALUES (2593271, 13, 'foobar', 'foobar')
	Insert on sbtest7  (cost=0.00..0.01 rows=0 width=0)
	  ->  Result  (cost=0.00..0.01 rows=1 width=736)

table 8 : explain INSERT INTO sbtest8 (id, k, c, pad) VALUES (1655745, 13, 'foobar', 'foobar')
	Insert on sbtest8  (cost=0.00..0.01 rows=0 width=0)
	  ->  Result  (cost=0.00..0.01 rows=1 width=736)

for deletes
table 1 : explain DELETE FROM sbtest1 WHERE id=1354148
	Delete on sbtest1  (cost=0.43..8.45 rows=0 width=0)
	  ->  Index Scan using sbtest1_pkey on sbtest1  (cost=0.43..8.45 rows=1 width=6)
	        Index Cond: (id = 1354148)

table 2 : explain DELETE FROM sbtest2 WHERE id=7568195
	Delete on sbtest2  (cost=0.43..8.45 rows=0 width=0)
	  ->  Index Scan using sbtest2_pkey on sbtest2  (cost=0.43..8.45 rows=1 width=6)
	        Index Cond: (id = 7568195)

table 3 : explain DELETE FROM sbtest3 WHERE id=2373030
	Delete on sbtest3  (cost=0.43..8.45 rows=0 width=0)
	  ->  Index Scan using sbtest3_pkey on sbtest3  (cost=0.43..8.45 rows=1 width=6)
	        Index Cond: (id = 2373030)

table 4 : explain DELETE FROM sbtest4 WHERE id=325279
	Delete on sbtest4  (cost=0.43..8.45 rows=0 width=0)
	  ->  Index Scan using sbtest4_pkey on sbtest4  (cost=0.43..8.45 rows=1 width=6)
	        Index Cond: (id = 325279)

table 5 : explain DELETE FROM sbtest5 WHERE id=864702
	Delete on sbtest5  (cost=0.43..8.45 rows=0 width=0)
	  ->  Index Scan using sbtest5_pkey on sbtest5  (cost=0.43..8.45 rows=1 width=6)
	        Index Cond: (id = 864702)

table 6 : explain DELETE FROM sbtest6 WHERE id=7128513
	Delete on sbtest6  (cost=0.43..8.45 rows=0 width=0)
	  ->  Index Scan using sbtest6_pkey on sbtest6  (cost=0.43..8.45 rows=1 width=6)
	        Index Cond: (id = 7128513)

table 7 : explain DELETE FROM sbtest7 WHERE id=6309452
	Delete on sbtest7  (cost=0.43..8.45 rows=0 width=0)
	  ->  Index Scan using sbtest7_pkey on sbtest7  (cost=0.43..8.45 rows=1 width=6)
	        Index Cond: (id = 6309452)

table 8 : explain DELETE FROM sbtest8 WHERE id=6937068
	Delete on sbtest8  (cost=0.43..8.45 rows=0 width=0)
	  ->  Index Scan using sbtest8_pkey on sbtest8  (cost=0.43..8.45 rows=1 width=6)
	        Index Cond: (id = 6937068)

for inserts
table 1 : explain INSERT INTO sbtest1 (id, k, c, pad) VALUES (6956962, 13, 'foobar', 'foobar')
	Insert on sbtest1  (cost=0.00..0.01 rows=0 width=0)
	  ->  Result  (cost=0.00..0.01 rows=1 width=736)

table 2 : explain INSERT INTO sbtest2 (id, k, c, pad) VALUES (3122093, 13, 'foobar', 'foobar')
	Insert on sbtest2  (cost=0.00..0.01 rows=0 width=0)
	  ->  Result  (cost=0.00..0.01 rows=1 width=736)

table 3 : explain INSERT INTO sbtest3 (id, k, c, pad) VALUES (8588711, 13, 'foobar', 'foobar')
	Insert on sbtest3  (cost=0.00..0.01 rows=0 width=0)
	  ->  Result  (cost=0.00..0.01 rows=1 width=736)

table 4 : explain INSERT INTO sbtest4 (id, k, c, pad) VALUES (1933284, 13, 'foobar', 'foobar')
	Insert on sbtest4  (cost=0.00..0.01 rows=0 width=0)
	  ->  Result  (cost=0.00..0.01 rows=1 width=736)

table 5 : explain INSERT INTO sbtest5 (id, k, c, pad) VALUES (9158791, 13, 'foobar', 'foobar')
	Insert on sbtest5  (cost=0.00..0.01 rows=0 width=0)
	  ->  Result  (cost=0.00..0.01 rows=1 width=736)

table 6 : explain INSERT INTO sbtest6 (id, k, c, pad) VALUES (9947549, 13, 'foobar', 'foobar')
	Insert on sbtest6  (cost=0.00..0.01 rows=0 width=0)
	  ->  Result  (cost=0.00..0.01 rows=1 width=736)

table 7 : explain INSERT INTO sbtest7 (id, k, c, pad) VALUES (1862035, 13, 'foobar', 'foobar')
	Insert on sbtest7  (cost=0.00..0.01 rows=0 width=0)
	  ->  Result  (cost=0.00..0.01 rows=1 width=736)

table 8 : explain INSERT INTO sbtest8 (id, k, c, pad) VALUES (313078, 13, 'foobar', 'foobar')
	Insert on sbtest8  (cost=0.00..0.01 rows=0 width=0)
	  ->  Result  (cost=0.00..0.01 rows=1 width=736)

for index_updates
table 1 : explain UPDATE sbtest1 SET k=k+1 WHERE id=7822559
	Update on sbtest1  (cost=0.43..8.46 rows=0 width=0)
	  ->  Index Scan using sbtest1_pkey on sbtest1  (cost=0.43..8.46 rows=1 width=10)
	        Index Cond: (id = 7822559)

table 2 : explain UPDATE sbtest2 SET k=k+1 WHERE id=3837529
	Update on sbtest2  (cost=0.43..8.46 rows=0 width=0)
	  ->  Index Scan using sbtest2_pkey on sbtest2  (cost=0.43..8.46 rows=1 width=10)
	        Index Cond: (id = 3837529)

table 3 : explain UPDATE sbtest3 SET k=k+1 WHERE id=5957874
	Update on sbtest3  (cost=0.43..8.46 rows=0 width=0)
	  ->  Index Scan using sbtest3_pkey on sbtest3  (cost=0.43..8.46 rows=1 width=10)
	        Index Cond: (id = 5957874)

table 4 : explain UPDATE sbtest4 SET k=k+1 WHERE id=3382238
	Update on sbtest4  (cost=0.43..8.46 rows=0 width=0)
	  ->  Index Scan using sbtest4_pkey on sbtest4  (cost=0.43..8.46 rows=1 width=10)
	        Index Cond: (id = 3382238)

table 5 : explain UPDATE sbtest5 SET k=k+1 WHERE id=3825038
	Update on sbtest5  (cost=0.43..8.46 rows=0 width=0)
	  ->  Index Scan using sbtest5_pkey on sbtest5  (cost=0.43..8.46 rows=1 width=10)
	        Index Cond: (id = 3825038)

table 6 : explain UPDATE sbtest6 SET k=k+1 WHERE id=3528656
	Update on sbtest6  (cost=0.43..8.46 rows=0 width=0)
	  ->  Index Scan using sbtest6_pkey on sbtest6  (cost=0.43..8.46 rows=1 width=10)
	        Index Cond: (id = 3528656)

table 7 : explain UPDATE sbtest7 SET k=k+1 WHERE id=2444983
	Update on sbtest7  (cost=0.43..8.46 rows=0 width=0)
	  ->  Index Scan using sbtest7_pkey on sbtest7  (cost=0.43..8.46 rows=1 width=10)
	        Index Cond: (id = 2444983)

table 8 : explain UPDATE sbtest8 SET k=k+1 WHERE id=991321
	Update on sbtest8  (cost=0.43..8.46 rows=0 width=0)
	  ->  Index Scan using sbtest8_pkey on sbtest8  (cost=0.43..8.46 rows=1 width=10)
	        Index Cond: (id = 991321)

for deletes
table 1 : explain DELETE FROM sbtest1 WHERE id=2410989
	Delete on sbtest1  (cost=0.43..8.45 rows=0 width=0)
	  ->  Index Scan using sbtest1_pkey on sbtest1  (cost=0.43..8.45 rows=1 width=6)
	        Index Cond: (id = 2410989)

table 2 : explain DELETE FROM sbtest2 WHERE id=6226179
	Delete on sbtest2  (cost=0.43..8.45 rows=0 width=0)
	  ->  Index Scan using sbtest2_pkey on sbtest2  (cost=0.43..8.45 rows=1 width=6)
	        Index Cond: (id = 6226179)

table 3 : explain DELETE FROM sbtest3 WHERE id=8041839
	Delete on sbtest3  (cost=0.43..8.45 rows=0 width=0)
	  ->  Index Scan using sbtest3_pkey on sbtest3  (cost=0.43..8.45 rows=1 width=6)
	        Index Cond: (id = 8041839)

table 4 : explain DELETE FROM sbtest4 WHERE id=9838081
	Delete on sbtest4  (cost=0.43..8.45 rows=0 width=0)
	  ->  Index Scan using sbtest4_pkey on sbtest4  (cost=0.43..8.45 rows=1 width=6)
	        Index Cond: (id = 9838081)

table 5 : explain DELETE FROM sbtest5 WHERE id=1889315
	Delete on sbtest5  (cost=0.43..8.45 rows=0 width=0)
	  ->  Index Scan using sbtest5_pkey on sbtest5  (cost=0.43..8.45 rows=1 width=6)
	        Index Cond: (id = 1889315)

table 6 : explain DELETE FROM sbtest6 WHERE id=418835
	Delete on sbtest6  (cost=0.43..8.45 rows=0 width=0)
	  ->  Index Scan using sbtest6_pkey on sbtest6  (cost=0.43..8.45 rows=1 width=6)
	        Index Cond: (id = 418835)

table 7 : explain DELETE FROM sbtest7 WHERE id=2908601
	Delete on sbtest7  (cost=0.43..8.45 rows=0 width=0)
	  ->  Index Scan using sbtest7_pkey on sbtest7  (cost=0.43..8.45 rows=1 width=6)
	        Index Cond: (id = 2908601)

table 8 : explain DELETE FROM sbtest8 WHERE id=6073012
	Delete on sbtest8  (cost=0.43..8.45 rows=0 width=0)
	  ->  Index Scan using sbtest8_pkey on sbtest8  (cost=0.43..8.45 rows=1 width=6)
	        Index Cond: (id = 6073012)

explain: for inserts :: explain INSERT INTO sbtest%u (id, k, c, pad) VALUES (%u, 13, 'foobar', 'foobar')
explain: for non_index_updates :: explain UPDATE sbtest%u SET c='foobar' WHERE id=%u
explain: for inserts :: explain INSERT INTO sbtest%u (id, k, c, pad) VALUES (%u, 13, 'foobar', 'foobar')
explain: for inserts :: explain INSERT INTO sbtest%u (id, k, c, pad) VALUES (%u, 13, 'foobar', 'foobar')
for non_index_updates
table 1 : explain UPDATE sbtest1 SET c='foobar' WHERE id=5065510
	Update on sbtest1  (cost=0.43..8.45 rows=0 width=0)
	  ->  Index Scan using sbtest1_pkey on sbtest1  (cost=0.43..8.45 rows=1 width=490)
	        Index Cond: (id = 5065510)

table 2 : explain UPDATE sbtest2 SET c='foobar' WHERE id=5959531
	Update on sbtest2  (cost=0.43..8.45 rows=0 width=0)
	  ->  Index Scan using sbtest2_pkey on sbtest2  (cost=0.43..8.45 rows=1 width=490)
	        Index Cond: (id = 5959531)

table 3 : explain UPDATE sbtest3 SET c='foobar' WHERE id=2108807
	Update on sbtest3  (cost=0.43..8.45 rows=0 width=0)
	  ->  Index Scan using sbtest3_pkey on sbtest3  (cost=0.43..8.45 rows=1 width=490)
	        Index Cond: (id = 2108807)

table 4 : explain UPDATE sbtest4 SET c='foobar' WHERE id=4699353
	Update on sbtest4  (cost=0.43..8.45 rows=0 width=0)
	  ->  Index Scan using sbtest4_pkey on sbtest4  (cost=0.43..8.45 rows=1 width=490)
	        Index Cond: (id = 4699353)

table 5 : explain UPDATE sbtest5 SET c='foobar' WHERE id=277409
	Update on sbtest5  (cost=0.43..8.45 rows=0 width=0)
	  ->  Index Scan using sbtest5_pkey on sbtest5  (cost=0.43..8.45 rows=1 width=490)
	        Index Cond: (id = 277409)

table 6 : explain UPDATE sbtest6 SET c='foobar' WHERE id=927026
	Update on sbtest6  (cost=0.43..8.45 rows=0 width=0)
	  ->  Index Scan using sbtest6_pkey on sbtest6  (cost=0.43..8.45 rows=1 width=490)
	        Index Cond: (id = 927026)

table 7 : explain UPDATE sbtest7 SET c='foobar' WHERE id=2594808
	Update on sbtest7  (cost=0.43..8.45 rows=0 width=0)
	  ->  Index Scan using sbtest7_pkey on sbtest7  (cost=0.43..8.45 rows=1 width=490)
	        Index Cond: (id = 2594808)

table 8 : explain UPDATE sbtest8 SET c='foobar' WHERE id=1502680
	Update on sbtest8  (cost=0.43..8.45 rows=0 width=0)
	  ->  Index Scan using sbtest8_pkey on sbtest8  (cost=0.43..8.45 rows=1 width=490)
	        Index Cond: (id = 1502680)

for inserts
table 1 : explain INSERT INTO sbtest1 (id, k, c, pad) VALUES (3854816, 13, 'foobar', 'foobar')
	Insert on sbtest1  (cost=0.00..0.01 rows=0 width=0)
	  ->  Result  (cost=0.00..0.01 rows=1 width=736)

table 2 : explain INSERT INTO sbtest2 (id, k, c, pad) VALUES (1359948, 13, 'foobar', 'foobar')
	Insert on sbtest2  (cost=0.00..0.01 rows=0 width=0)
	  ->  Result  (cost=0.00..0.01 rows=1 width=736)

table 3 : explain INSERT INTO sbtest3 (id, k, c, pad) VALUES (1728855, 13, 'foobar', 'foobar')
	Insert on sbtest3  (cost=0.00..0.01 rows=0 width=0)
	  ->  Result  (cost=0.00..0.01 rows=1 width=736)

table 4 : explain INSERT INTO sbtest4 (id, k, c, pad) VALUES (8092472, 13, 'foobar', 'foobar')
	Insert on sbtest4  (cost=0.00..0.01 rows=0 width=0)
	  ->  Result  (cost=0.00..0.01 rows=1 width=736)

table 5 : explain INSERT INTO sbtest5 (id, k, c, pad) VALUES (1169766, 13, 'foobar', 'foobar')
	Insert on sbtest5  (cost=0.00..0.01 rows=0 width=0)
	  ->  Result  (cost=0.00..0.01 rows=1 width=736)

table 6 : explain INSERT INTO sbtest6 (id, k, c, pad) VALUES (4154975, 13, 'foobar', 'foobar')
	Insert on sbtest6  (cost=0.00..0.01 rows=0 width=0)
	  ->  Result  (cost=0.00..0.01 rows=1 width=736)

table 7 : explain INSERT INTO sbtest7 (id, k, c, pad) VALUES (4407865, 13, 'foobar', 'foobar')
	Insert on sbtest7  (cost=0.00..0.01 rows=0 width=0)
	  ->  Result  (cost=0.00..0.01 rows=1 width=736)

table 8 : explain INSERT INTO sbtest8 (id, k, c, pad) VALUES (801440, 13, 'foobar', 'foobar')
	Insert on sbtest8  (cost=0.00..0.01 rows=0 width=0)
	  ->  Result  (cost=0.00..0.01 rows=1 width=736)

explain: for index_updates :: explain UPDATE sbtest%u SET k=k+1 WHERE id=%u
explain: for index_updates :: explain UPDATE sbtest%u SET k=k+1 WHERE id=%u
for inserts
table 1 : explain INSERT INTO sbtest1 (id, k, c, pad) VALUES (8616847, 13, 'foobar', 'foobar')
	Insert on sbtest1  (cost=0.00..0.01 rows=0 width=0)
	  ->  Result  (cost=0.00..0.01 rows=1 width=736)

table 2 : explain INSERT INTO sbtest2 (id, k, c, pad) VALUES (689682, 13, 'foobar', 'foobar')
	Insert on sbtest2  (cost=0.00..0.01 rows=0 width=0)
	  ->  Result  (cost=0.00..0.01 rows=1 width=736)

table 3 : explain INSERT INTO sbtest3 (id, k, c, pad) VALUES (9269415, 13, 'foobar', 'foobar')
	Insert on sbtest3  (cost=0.00..0.01 rows=0 width=0)
	  ->  Result  (cost=0.00..0.01 rows=1 width=736)

table 4 : explain INSERT INTO sbtest4 (id, k, c, pad) VALUES (6306546, 13, 'foobar', 'foobar')
	Insert on sbtest4  (cost=0.00..0.01 rows=0 width=0)
	  ->  Result  (cost=0.00..0.01 rows=1 width=736)

table 5 : explain INSERT INTO sbtest5 (id, k, c, pad) VALUES (8066421, 13, 'foobar', 'foobar')
	Insert on sbtest5  (cost=0.00..0.01 rows=0 width=0)
	  ->  Result  (cost=0.00..0.01 rows=1 width=736)

table 6 : explain INSERT INTO sbtest6 (id, k, c, pad) VALUES (8567209, 13, 'foobar', 'foobar')
	Insert on sbtest6  (cost=0.00..0.01 rows=0 width=0)
	  ->  Result  (cost=0.00..0.01 rows=1 width=736)

table 7 : explain INSERT INTO sbtest7 (id, k, c, pad) VALUES (7873438, 13, 'foobar', 'foobar')
	Insert on sbtest7  (cost=0.00..0.01 rows=0 width=0)
	  ->  Result  (cost=0.00..0.01 rows=1 width=736)

table 8 : explain INSERT INTO sbtest8 (id, k, c, pad) VALUES (6222954, 13, 'foobar', 'foobar')
	Insert on sbtest8  (cost=0.00..0.01 rows=0 width=0)
	  ->  Result  (cost=0.00..0.01 rows=1 width=736)

explain: for deletes :: explain DELETE FROM sbtest%u WHERE id=%u
for inserts
table 1 : explain INSERT INTO sbtest1 (id, k, c, pad) VALUES (6798867, 13, 'foobar', 'foobar')
	Insert on sbtest1  (cost=0.00..0.01 rows=0 width=0)
	  ->  Result  (cost=0.00..0.01 rows=1 width=736)

table 2 : explain INSERT INTO sbtest2 (id, k, c, pad) VALUES (8574679, 13, 'foobar', 'foobar')
	Insert on sbtest2  (cost=0.00..0.01 rows=0 width=0)
	  ->  Result  (cost=0.00..0.01 rows=1 width=736)

table 3 : explain INSERT INTO sbtest3 (id, k, c, pad) VALUES (2547753, 13, 'foobar', 'foobar')
	Insert on sbtest3  (cost=0.00..0.01 rows=0 width=0)
	  ->  Result  (cost=0.00..0.01 rows=1 width=736)

table 4 : explain INSERT INTO sbtest4 (id, k, c, pad) VALUES (8896683, 13, 'foobar', 'foobar')
	Insert on sbtest4  (cost=0.00..0.01 rows=0 width=0)
	  ->  Result  (cost=0.00..0.01 rows=1 width=736)

table 5 : explain INSERT INTO sbtest5 (id, k, c, pad) VALUES (9482812, 13, 'foobar', 'foobar')
	Insert on sbtest5  (cost=0.00..0.01 rows=0 width=0)
	  ->  Result  (cost=0.00..0.01 rows=1 width=736)

table 6 : explain INSERT INTO sbtest6 (id, k, c, pad) VALUES (6831189, 13, 'foobar', 'foobar')
	Insert on sbtest6  (cost=0.00..0.01 rows=0 width=0)
	  ->  Result  (cost=0.00..0.01 rows=1 width=736)

table 7 : explain INSERT INTO sbtest7 (id, k, c, pad) VALUES (7661231, 13, 'foobar', 'foobar')
	Insert on sbtest7  (cost=0.00..0.01 rows=0 width=0)
	  ->  Result  (cost=0.00..0.01 rows=1 width=736)

table 8 : explain INSERT INTO sbtest8 (id, k, c, pad) VALUES (9596279, 13, 'foobar', 'foobar')
	Insert on sbtest8  (cost=0.00..0.01 rows=0 width=0)
	  ->  Result  (cost=0.00..0.01 rows=1 width=736)

explain: for index_updates :: explain UPDATE sbtest%u SET k=k+1 WHERE id=%u
for deletes
table 1 : explain DELETE FROM sbtest1 WHERE id=6910004
	Delete on sbtest1  (cost=0.43..8.45 rows=0 width=0)
	  ->  Index Scan using sbtest1_pkey on sbtest1  (cost=0.43..8.45 rows=1 width=6)
	        Index Cond: (id = 6910004)

table 2 : explain DELETE FROM sbtest2 WHERE id=3970598
	Delete on sbtest2  (cost=0.43..8.45 rows=0 width=0)
	  ->  Index Scan using sbtest2_pkey on sbtest2  (cost=0.43..8.45 rows=1 width=6)
	        Index Cond: (id = 3970598)

table 3 : explain DELETE FROM sbtest3 WHERE id=9693551
	Delete on sbtest3  (cost=0.43..8.45 rows=0 width=0)
	  ->  Index Scan using sbtest3_pkey on sbtest3  (cost=0.43..8.45 rows=1 width=6)
	        Index Cond: (id = 9693551)

table 4 : explain DELETE FROM sbtest4 WHERE id=3877435
	Delete on sbtest4  (cost=0.43..8.45 rows=0 width=0)
	  ->  Index Scan using sbtest4_pkey on sbtest4  (cost=0.43..8.45 rows=1 width=6)
	        Index Cond: (id = 3877435)

table 5 : explain DELETE FROM sbtest5 WHERE id=4152664
	Delete on sbtest5  (cost=0.43..8.45 rows=0 width=0)
	  ->  Index Scan using sbtest5_pkey on sbtest5  (cost=0.43..8.45 rows=1 width=6)
	        Index Cond: (id = 4152664)

table 6 : explain DELETE FROM sbtest6 WHERE id=2198539
	Delete on sbtest6  (cost=0.43..8.45 rows=0 width=0)
	  ->  Index Scan using sbtest6_pkey on sbtest6  (cost=0.43..8.45 rows=1 width=6)
	        Index Cond: (id = 2198539)

table 7 : explain DELETE FROM sbtest7 WHERE id=3871825
	Delete on sbtest7  (cost=0.43..8.45 rows=0 width=0)
	  ->  Index Scan using sbtest7_pkey on sbtest7  (cost=0.43..8.45 rows=1 width=6)
	        Index Cond: (id = 3871825)

table 8 : explain DELETE FROM sbtest8 WHERE id=7773530
	Delete on sbtest8  (cost=0.43..8.45 rows=0 width=0)
	  ->  Index Scan using sbtest8_pkey on sbtest8  (cost=0.43..8.45 rows=1 width=6)
	        Index Cond: (id = 7773530)

explain: for inserts :: explain INSERT INTO sbtest%u (id, k, c, pad) VALUES (%u, 13, 'foobar', 'foobar')
for inserts
table 1 : explain INSERT INTO sbtest1 (id, k, c, pad) VALUES (2233423, 13, 'foobar', 'foobar')
	Insert on sbtest1  (cost=0.00..0.01 rows=0 width=0)
	  ->  Result  (cost=0.00..0.01 rows=1 width=736)

table 2 : explain INSERT INTO sbtest2 (id, k, c, pad) VALUES (9454038, 13, 'foobar', 'foobar')
	Insert on sbtest2  (cost=0.00..0.01 rows=0 width=0)
	  ->  Result  (cost=0.00..0.01 rows=1 width=736)

table 3 : explain INSERT INTO sbtest3 (id, k, c, pad) VALUES (1187144, 13, 'foobar', 'foobar')
	Insert on sbtest3  (cost=0.00..0.01 rows=0 width=0)
	  ->  Result  (cost=0.00..0.01 rows=1 width=736)

table 4 : explain INSERT INTO sbtest4 (id, k, c, pad) VALUES (7912473, 13, 'foobar', 'foobar')
	Insert on sbtest4  (cost=0.00..0.01 rows=0 width=0)
	  ->  Result  (cost=0.00..0.01 rows=1 width=736)

table 5 : explain INSERT INTO sbtest5 (id, k, c, pad) VALUES (9949640, 13, 'foobar', 'foobar')
	Insert on sbtest5  (cost=0.00..0.01 rows=0 width=0)
	  ->  Result  (cost=0.00..0.01 rows=1 width=736)

table 6 : explain INSERT INTO sbtest6 (id, k, c, pad) VALUES (8659908, 13, 'foobar', 'foobar')
	Insert on sbtest6  (cost=0.00..0.01 rows=0 width=0)
	  ->  Result  (cost=0.00..0.01 rows=1 width=736)

table 7 : explain INSERT INTO sbtest7 (id, k, c, pad) VALUES (5415213, 13, 'foobar', 'foobar')
	Insert on sbtest7  (cost=0.00..0.01 rows=0 width=0)
	  ->  Result  (cost=0.00..0.01 rows=1 width=736)

table 8 : explain INSERT INTO sbtest8 (id, k, c, pad) VALUES (6736605, 13, 'foobar', 'foobar')
	Insert on sbtest8  (cost=0.00..0.01 rows=0 width=0)
	  ->  Result  (cost=0.00..0.01 rows=1 width=736)

for index_updates
table 1 : explain UPDATE sbtest1 SET k=k+1 WHERE id=4233980
	Update on sbtest1  (cost=0.43..8.46 rows=0 width=0)
	  ->  Index Scan using sbtest1_pkey on sbtest1  (cost=0.43..8.46 rows=1 width=10)
	        Index Cond: (id = 4233980)

table 2 : explain UPDATE sbtest2 SET k=k+1 WHERE id=7781341
	Update on sbtest2  (cost=0.43..8.46 rows=0 width=0)
	  ->  Index Scan using sbtest2_pkey on sbtest2  (cost=0.43..8.46 rows=1 width=10)
	        Index Cond: (id = 7781341)

table 3 : explain UPDATE sbtest3 SET k=k+1 WHERE id=5283749
	Update on sbtest3  (cost=0.43..8.46 rows=0 width=0)
	  ->  Index Scan using sbtest3_pkey on sbtest3  (cost=0.43..8.46 rows=1 width=10)
	        Index Cond: (id = 5283749)

table 4 : explain UPDATE sbtest4 SET k=k+1 WHERE id=7398086
	Update on sbtest4  (cost=0.43..8.46 rows=0 width=0)
	  ->  Index Scan using sbtest4_pkey on sbtest4  (cost=0.43..8.46 rows=1 width=10)
	        Index Cond: (id = 7398086)

table 5 : explain UPDATE sbtest5 SET k=k+1 WHERE id=7787859
	Update on sbtest5  (cost=0.43..8.46 rows=0 width=0)
	  ->  Index Scan using sbtest5_pkey on sbtest5  (cost=0.43..8.46 rows=1 width=10)
	        Index Cond: (id = 7787859)

table 6 : explain UPDATE sbtest6 SET k=k+1 WHERE id=2674323
	Update on sbtest6  (cost=0.43..8.46 rows=0 width=0)
	  ->  Index Scan using sbtest6_pkey on sbtest6  (cost=0.43..8.46 rows=1 width=10)
	        Index Cond: (id = 2674323)

table 7 : explain UPDATE sbtest7 SET k=k+1 WHERE id=8014869
	Update on sbtest7  (cost=0.43..8.46 rows=0 width=0)
	  ->  Index Scan using sbtest7_pkey on sbtest7  (cost=0.43..8.46 rows=1 width=10)
	        Index Cond: (id = 8014869)

table 8 : explain UPDATE sbtest8 SET k=k+1 WHERE id=7482180
	Update on sbtest8  (cost=0.43..8.46 rows=0 width=0)
	  ->  Index Scan using sbtest8_pkey on sbtest8  (cost=0.43..8.46 rows=1 width=10)
	        Index Cond: (id = 7482180)

for index_updates
table 1 : explain UPDATE sbtest1 SET k=k+1 WHERE id=9718682
	Update on sbtest1  (cost=0.43..8.46 rows=0 width=0)
	  ->  Index Scan using sbtest1_pkey on sbtest1  (cost=0.43..8.46 rows=1 width=10)
	        Index Cond: (id = 9718682)

table 2 : explain UPDATE sbtest2 SET k=k+1 WHERE id=3447237
	Update on sbtest2  (cost=0.43..8.46 rows=0 width=0)
	  ->  Index Scan using sbtest2_pkey on sbtest2  (cost=0.43..8.46 rows=1 width=10)
	        Index Cond: (id = 3447237)

table 3 : explain UPDATE sbtest3 SET k=k+1 WHERE id=5531626
	Update on sbtest3  (cost=0.43..8.46 rows=0 width=0)
	  ->  Index Scan using sbtest3_pkey on sbtest3  (cost=0.43..8.46 rows=1 width=10)
	        Index Cond: (id = 5531626)

table 4 : explain UPDATE sbtest4 SET k=k+1 WHERE id=3171909
	Update on sbtest4  (cost=0.43..8.46 rows=0 width=0)
	  ->  Index Scan using sbtest4_pkey on sbtest4  (cost=0.43..8.46 rows=1 width=10)
	        Index Cond: (id = 3171909)

table 5 : explain UPDATE sbtest5 SET k=k+1 WHERE id=951500
	Update on sbtest5  (cost=0.43..8.46 rows=0 width=0)
	  ->  Index Scan using sbtest5_pkey on sbtest5  (cost=0.43..8.46 rows=1 width=10)
	        Index Cond: (id = 951500)

table 6 : explain UPDATE sbtest6 SET k=k+1 WHERE id=5603809
	Update on sbtest6  (cost=0.43..8.46 rows=0 width=0)
	  ->  Index Scan using sbtest6_pkey on sbtest6  (cost=0.43..8.46 rows=1 width=10)
	        Index Cond: (id = 5603809)

table 7 : explain UPDATE sbtest7 SET k=k+1 WHERE id=6154214
	Update on sbtest7  (cost=0.43..8.46 rows=0 width=0)
	  ->  Index Scan using sbtest7_pkey on sbtest7  (cost=0.43..8.46 rows=1 width=10)
	        Index Cond: (id = 6154214)

table 8 : explain UPDATE sbtest8 SET k=k+1 WHERE id=49865
	Update on sbtest8  (cost=0.43..8.46 rows=0 width=0)
	  ->  Index Scan using sbtest8_pkey on sbtest8  (cost=0.43..8.46 rows=1 width=10)
	        Index Cond: (id = 49865)

for index_updates
table 1 : explain UPDATE sbtest1 SET k=k+1 WHERE id=7259571
	Update on sbtest1  (cost=0.43..8.46 rows=0 width=0)
	  ->  Index Scan using sbtest1_pkey on sbtest1  (cost=0.43..8.46 rows=1 width=10)
	        Index Cond: (id = 7259571)

table 2 : explain UPDATE sbtest2 SET k=k+1 WHERE id=4601352
	Update on sbtest2  (cost=0.43..8.46 rows=0 width=0)
	  ->  Index Scan using sbtest2_pkey on sbtest2  (cost=0.43..8.46 rows=1 width=10)
	        Index Cond: (id = 4601352)

table 3 : explain UPDATE sbtest3 SET k=k+1 WHERE id=4209176
	Update on sbtest3  (cost=0.43..8.46 rows=0 width=0)
	  ->  Index Scan using sbtest3_pkey on sbtest3  (cost=0.43..8.46 rows=1 width=10)
	        Index Cond: (id = 4209176)

table 4 : explain UPDATE sbtest4 SET k=k+1 WHERE id=2416979
	Update on sbtest4  (cost=0.43..8.46 rows=0 width=0)
	  ->  Index Scan using sbtest4_pkey on sbtest4  (cost=0.43..8.46 rows=1 width=10)
	        Index Cond: (id = 2416979)

table 5 : explain UPDATE sbtest5 SET k=k+1 WHERE id=1136039
	Update on sbtest5  (cost=0.43..8.46 rows=0 width=0)
	  ->  Index Scan using sbtest5_pkey on sbtest5  (cost=0.43..8.46 rows=1 width=10)
	        Index Cond: (id = 1136039)

table 6 : explain UPDATE sbtest6 SET k=k+1 WHERE id=7990143
	Update on sbtest6  (cost=0.43..8.46 rows=0 width=0)
	  ->  Index Scan using sbtest6_pkey on sbtest6  (cost=0.43..8.46 rows=1 width=10)
	        Index Cond: (id = 7990143)

table 7 : explain UPDATE sbtest7 SET k=k+1 WHERE id=8502185
	Update on sbtest7  (cost=0.43..8.46 rows=0 width=0)
	  ->  Index Scan using sbtest7_pkey on sbtest7  (cost=0.43..8.46 rows=1 width=10)
	        Index Cond: (id = 8502185)

table 8 : explain UPDATE sbtest8 SET k=k+1 WHERE id=4703227
	Update on sbtest8  (cost=0.43..8.46 rows=0 width=0)
	  ->  Index Scan using sbtest8_pkey on sbtest8  (cost=0.43..8.46 rows=1 width=10)
	        Index Cond: (id = 4703227)

explain: for index_updates :: explain UPDATE sbtest%u SET k=k+1 WHERE id=%u
explain: for index_updates :: explain UPDATE sbtest%u SET k=k+1 WHERE id=%u
explain: for index_updates :: explain UPDATE sbtest%u SET k=k+1 WHERE id=%u
explain: for non_index_updates :: explain UPDATE sbtest%u SET c='foobar' WHERE id=%u
explain: for non_index_updates :: explain UPDATE sbtest%u SET c='foobar' WHERE id=%u
explain: for non_index_updates :: explain UPDATE sbtest%u SET c='foobar' WHERE id=%u
explain: for index_updates :: explain UPDATE sbtest%u SET k=k+1 WHERE id=%u
explain: for index_updates :: explain UPDATE sbtest%u SET k=k+1 WHERE id=%u
for non_index_updates
table 1 : explain UPDATE sbtest1 SET c='foobar' WHERE id=7393275
	Update on sbtest1  (cost=0.43..8.45 rows=0 width=0)
	  ->  Index Scan using sbtest1_pkey on sbtest1  (cost=0.43..8.45 rows=1 width=490)
	        Index Cond: (id = 7393275)

table 2 : explain UPDATE sbtest2 SET c='foobar' WHERE id=2541514
	Update on sbtest2  (cost=0.43..8.45 rows=0 width=0)
	  ->  Index Scan using sbtest2_pkey on sbtest2  (cost=0.43..8.45 rows=1 width=490)
	        Index Cond: (id = 2541514)

table 3 : explain UPDATE sbtest3 SET c='foobar' WHERE id=7650348
	Update on sbtest3  (cost=0.43..8.45 rows=0 width=0)
	  ->  Index Scan using sbtest3_pkey on sbtest3  (cost=0.43..8.45 rows=1 width=490)
	        Index Cond: (id = 7650348)

table 4 : explain UPDATE sbtest4 SET c='foobar' WHERE id=8665865
	Update on sbtest4  (cost=0.43..8.45 rows=0 width=0)
	  ->  Index Scan using sbtest4_pkey on sbtest4  (cost=0.43..8.45 rows=1 width=490)
	        Index Cond: (id = 8665865)

table 5 : explain UPDATE sbtest5 SET c='foobar' WHERE id=5447892
	Update on sbtest5  (cost=0.43..8.45 rows=0 width=0)
	  ->  Index Scan using sbtest5_pkey on sbtest5  (cost=0.43..8.45 rows=1 width=490)
	        Index Cond: (id = 5447892)

table 6 : explain UPDATE sbtest6 SET c='foobar' WHERE id=6344026
	Update on sbtest6  (cost=0.43..8.45 rows=0 width=0)
	  ->  Index Scan using sbtest6_pkey on sbtest6  (cost=0.43..8.45 rows=1 width=490)
	        Index Cond: (id = 6344026)

table 7 : explain UPDATE sbtest7 SET c='foobar' WHERE id=439727
	Update on sbtest7  (cost=0.43..8.45 rows=0 width=0)
	  ->  Index Scan using sbtest7_pkey on sbtest7  (cost=0.43..8.45 rows=1 width=490)
	        Index Cond: (id = 439727)

table 8 : explain UPDATE sbtest8 SET c='foobar' WHERE id=8407352
	Update on sbtest8  (cost=0.43..8.45 rows=0 width=0)
	  ->  Index Scan using sbtest8_pkey on sbtest8  (cost=0.43..8.45 rows=1 width=490)
	        Index Cond: (id = 8407352)

for non_index_updates
table 1 : explain UPDATE sbtest1 SET c='foobar' WHERE id=8207112
	Update on sbtest1  (cost=0.43..8.45 rows=0 width=0)
	  ->  Index Scan using sbtest1_pkey on sbtest1  (cost=0.43..8.45 rows=1 width=490)
	        Index Cond: (id = 8207112)

table 2 : explain UPDATE sbtest2 SET c='foobar' WHERE id=4780163
	Update on sbtest2  (cost=0.43..8.45 rows=0 width=0)
	  ->  Index Scan using sbtest2_pkey on sbtest2  (cost=0.43..8.45 rows=1 width=490)
	        Index Cond: (id = 4780163)

table 3 : explain UPDATE sbtest3 SET c='foobar' WHERE id=8261902
	Update on sbtest3  (cost=0.43..8.45 rows=0 width=0)
	  ->  Index Scan using sbtest3_pkey on sbtest3  (cost=0.43..8.45 rows=1 width=490)
	        Index Cond: (id = 8261902)

table 4 : explain UPDATE sbtest4 SET c='foobar' WHERE id=4315285
	Update on sbtest4  (cost=0.43..8.45 rows=0 width=0)
	  ->  Index Scan using sbtest4_pkey on sbtest4  (cost=0.43..8.45 rows=1 width=490)
	        Index Cond: (id = 4315285)

table 5 : explain UPDATE sbtest5 SET c='foobar' WHERE id=9446212
	Update on sbtest5  (cost=0.43..8.45 rows=0 width=0)
	  ->  Index Scan using sbtest5_pkey on sbtest5  (cost=0.43..8.45 rows=1 width=490)
	        Index Cond: (id = 9446212)

table 6 : explain UPDATE sbtest6 SET c='foobar' WHERE id=1940032
	Update on sbtest6  (cost=0.43..8.45 rows=0 width=0)
	  ->  Index Scan using sbtest6_pkey on sbtest6  (cost=0.43..8.45 rows=1 width=490)
	        Index Cond: (id = 1940032)

table 7 : explain UPDATE sbtest7 SET c='foobar' WHERE id=7664409
	Update on sbtest7  (cost=0.43..8.45 rows=0 width=0)
	  ->  Index Scan using sbtest7_pkey on sbtest7  (cost=0.43..8.45 rows=1 width=490)
	        Index Cond: (id = 7664409)

table 8 : explain UPDATE sbtest8 SET c='foobar' WHERE id=8197356
	Update on sbtest8  (cost=0.43..8.45 rows=0 width=0)
	  ->  Index Scan using sbtest8_pkey on sbtest8  (cost=0.43..8.45 rows=1 width=490)
	        Index Cond: (id = 8197356)

for non_index_updates
table 1 : explain UPDATE sbtest1 SET c='foobar' WHERE id=2749060
	Update on sbtest1  (cost=0.43..8.45 rows=0 width=0)
	  ->  Index Scan using sbtest1_pkey on sbtest1  (cost=0.43..8.45 rows=1 width=490)
	        Index Cond: (id = 2749060)

table 2 : explain UPDATE sbtest2 SET c='foobar' WHERE id=3052797
	Update on sbtest2  (cost=0.43..8.45 rows=0 width=0)
	  ->  Index Scan using sbtest2_pkey on sbtest2  (cost=0.43..8.45 rows=1 width=490)
	        Index Cond: (id = 3052797)

table 3 : explain UPDATE sbtest3 SET c='foobar' WHERE id=4211725
	Update on sbtest3  (cost=0.43..8.45 rows=0 width=0)
	  ->  Index Scan using sbtest3_pkey on sbtest3  (cost=0.43..8.45 rows=1 width=490)
	        Index Cond: (id = 4211725)

table 4 : explain UPDATE sbtest4 SET c='foobar' WHERE id=9201577
	Update on sbtest4  (cost=0.43..8.45 rows=0 width=0)
	  ->  Index Scan using sbtest4_pkey on sbtest4  (cost=0.43..8.45 rows=1 width=490)
	        Index Cond: (id = 9201577)

table 5 : explain UPDATE sbtest5 SET c='foobar' WHERE id=1610947
	Update on sbtest5  (cost=0.43..8.45 rows=0 width=0)
	  ->  Index Scan using sbtest5_pkey on sbtest5  (cost=0.43..8.45 rows=1 width=490)
	        Index Cond: (id = 1610947)

table 6 : explain UPDATE sbtest6 SET c='foobar' WHERE id=3607700
	Update on sbtest6  (cost=0.43..8.45 rows=0 width=0)
	  ->  Index Scan using sbtest6_pkey on sbtest6  (cost=0.43..8.45 rows=1 width=490)
	        Index Cond: (id = 3607700)

table 7 : explain UPDATE sbtest7 SET c='foobar' WHERE id=6133722
	Update on sbtest7  (cost=0.43..8.45 rows=0 width=0)
	  ->  Index Scan using sbtest7_pkey on sbtest7  (cost=0.43..8.45 rows=1 width=490)
	        Index Cond: (id = 6133722)

table 8 : explain UPDATE sbtest8 SET c='foobar' WHERE id=17209
	Update on sbtest8  (cost=0.43..8.45 rows=0 width=0)
	  ->  Index Scan using sbtest8_pkey on sbtest8  (cost=0.43..8.45 rows=1 width=490)
	        Index Cond: (id = 17209)

explain: for deletes :: explain DELETE FROM sbtest%u WHERE id=%u
explain: for deletes :: explain DELETE FROM sbtest%u WHERE id=%u
explain: for deletes :: explain DELETE FROM sbtest%u WHERE id=%u
explain: for index_updates :: explain UPDATE sbtest%u SET k=k+1 WHERE id=%u
explain: for index_updates :: explain UPDATE sbtest%u SET k=k+1 WHERE id=%u
for deletes
table 1 : explain DELETE FROM sbtest1 WHERE id=2357296
	Delete on sbtest1  (cost=0.43..8.45 rows=0 width=0)
	  ->  Index Scan using sbtest1_pkey on sbtest1  (cost=0.43..8.45 rows=1 width=6)
	        Index Cond: (id = 2357296)

table 2 : explain DELETE FROM sbtest2 WHERE id=6351624
	Delete on sbtest2  (cost=0.43..8.45 rows=0 width=0)
	  ->  Index Scan using sbtest2_pkey on sbtest2  (cost=0.43..8.45 rows=1 width=6)
	        Index Cond: (id = 6351624)

table 3 : explain DELETE FROM sbtest3 WHERE id=4055076
	Delete on sbtest3  (cost=0.43..8.45 rows=0 width=0)
	  ->  Index Scan using sbtest3_pkey on sbtest3  (cost=0.43..8.45 rows=1 width=6)
	        Index Cond: (id = 4055076)

table 4 : explain DELETE FROM sbtest4 WHERE id=1877200
	Delete on sbtest4  (cost=0.43..8.45 rows=0 width=0)
	  ->  Index Scan using sbtest4_pkey on sbtest4  (cost=0.43..8.45 rows=1 width=6)
	        Index Cond: (id = 1877200)

table 5 : explain DELETE FROM sbtest5 WHERE id=6711178
	Delete on sbtest5  (cost=0.43..8.45 rows=0 width=0)
	  ->  Index Scan using sbtest5_pkey on sbtest5  (cost=0.43..8.45 rows=1 width=6)
	        Index Cond: (id = 6711178)

table 6 : explain DELETE FROM sbtest6 WHERE id=5081518
	Delete on sbtest6  (cost=0.43..8.45 rows=0 width=0)
	  ->  Index Scan using sbtest6_pkey on sbtest6  (cost=0.43..8.45 rows=1 width=6)
	        Index Cond: (id = 5081518)

table 7 : explain DELETE FROM sbtest7 WHERE id=4446981
	Delete on sbtest7  (cost=0.43..8.45 rows=0 width=0)
	  ->  Index Scan using sbtest7_pkey on sbtest7  (cost=0.43..8.45 rows=1 width=6)
	        Index Cond: (id = 4446981)

table 8 : explain DELETE FROM sbtest8 WHERE id=2956364
	Delete on sbtest8  (cost=0.43..8.45 rows=0 width=0)
	  ->  Index Scan using sbtest8_pkey on sbtest8  (cost=0.43..8.45 rows=1 width=6)
	        Index Cond: (id = 2956364)

for deletes
table 1 : explain DELETE FROM sbtest1 WHERE id=8657650
	Delete on sbtest1  (cost=0.43..8.45 rows=0 width=0)
	  ->  Index Scan using sbtest1_pkey on sbtest1  (cost=0.43..8.45 rows=1 width=6)
	        Index Cond: (id = 8657650)

table 2 : explain DELETE FROM sbtest2 WHERE id=6596212
	Delete on sbtest2  (cost=0.43..8.45 rows=0 width=0)
	  ->  Index Scan using sbtest2_pkey on sbtest2  (cost=0.43..8.45 rows=1 width=6)
	        Index Cond: (id = 6596212)

table 3 : explain DELETE FROM sbtest3 WHERE id=2835721
	Delete on sbtest3  (cost=0.43..8.45 rows=0 width=0)
	  ->  Index Scan using sbtest3_pkey on sbtest3  (cost=0.43..8.45 rows=1 width=6)
	        Index Cond: (id = 2835721)

table 4 : explain DELETE FROM sbtest4 WHERE id=8276048
	Delete on sbtest4  (cost=0.43..8.45 rows=0 width=0)
	  ->  Index Scan using sbtest4_pkey on sbtest4  (cost=0.43..8.45 rows=1 width=6)
	        Index Cond: (id = 8276048)

table 5 : explain DELETE FROM sbtest5 WHERE id=1329385
	Delete on sbtest5  (cost=0.43..8.45 rows=0 width=0)
	  ->  Index Scan using sbtest5_pkey on sbtest5  (cost=0.43..8.45 rows=1 width=6)
	        Index Cond: (id = 1329385)

table 6 : explain DELETE FROM sbtest6 WHERE id=683342
	Delete on sbtest6  (cost=0.43..8.45 rows=0 width=0)
	  ->  Index Scan using sbtest6_pkey on sbtest6  (cost=0.43..8.45 rows=1 width=6)
	        Index Cond: (id = 683342)

table 7 : explain DELETE FROM sbtest7 WHERE id=6871013
	Delete on sbtest7  (cost=0.43..8.45 rows=0 width=0)
	  ->  Index Scan using sbtest7_pkey on sbtest7  (cost=0.43..8.45 rows=1 width=6)
	        Index Cond: (id = 6871013)

table 8 : explain DELETE FROM sbtest8 WHERE id=8184644
	Delete on sbtest8  (cost=0.43..8.45 rows=0 width=0)
	  ->  Index Scan using sbtest8_pkey on sbtest8  (cost=0.43..8.45 rows=1 width=6)
	        Index Cond: (id = 8184644)

for index_updates
table 1 : explain UPDATE sbtest1 SET k=k+1 WHERE id=7926917
	Update on sbtest1  (cost=0.43..8.46 rows=0 width=0)
	  ->  Index Scan using sbtest1_pkey on sbtest1  (cost=0.43..8.46 rows=1 width=10)
	        Index Cond: (id = 7926917)

table 2 : explain UPDATE sbtest2 SET k=k+1 WHERE id=7993290
	Update on sbtest2  (cost=0.43..8.46 rows=0 width=0)
	  ->  Index Scan using sbtest2_pkey on sbtest2  (cost=0.43..8.46 rows=1 width=10)
	        Index Cond: (id = 7993290)

table 3 : explain UPDATE sbtest3 SET k=k+1 WHERE id=8900134
	Update on sbtest3  (cost=0.43..8.46 rows=0 width=0)
	  ->  Index Scan using sbtest3_pkey on sbtest3  (cost=0.43..8.46 rows=1 width=10)
	        Index Cond: (id = 8900134)

table 4 : explain UPDATE sbtest4 SET k=k+1 WHERE id=7937100
	Update on sbtest4  (cost=0.43..8.46 rows=0 width=0)
	  ->  Index Scan using sbtest4_pkey on sbtest4  (cost=0.43..8.46 rows=1 width=10)
	        Index Cond: (id = 7937100)

table 5 : explain UPDATE sbtest5 SET k=k+1 WHERE id=9584144
	Update on sbtest5  (cost=0.43..8.46 rows=0 width=0)
	  ->  Index Scan using sbtest5_pkey on sbtest5  (cost=0.43..8.46 rows=1 width=10)
	        Index Cond: (id = 9584144)

table 6 : explain UPDATE sbtest6 SET k=k+1 WHERE id=3284139
	Update on sbtest6  (cost=0.43..8.46 rows=0 width=0)
	  ->  Index Scan using sbtest6_pkey on sbtest6  (cost=0.43..8.46 rows=1 width=10)
	        Index Cond: (id = 3284139)

table 7 : explain UPDATE sbtest7 SET k=k+1 WHERE id=4855333
	Update on sbtest7  (cost=0.43..8.46 rows=0 width=0)
	  ->  Index Scan using sbtest7_pkey on sbtest7  (cost=0.43..8.46 rows=1 width=10)
	        Index Cond: (id = 4855333)

table 8 : explain UPDATE sbtest8 SET k=k+1 WHERE id=5939418
	Update on sbtest8  (cost=0.43..8.46 rows=0 width=0)
	  ->  Index Scan using sbtest8_pkey on sbtest8  (cost=0.43..8.46 rows=1 width=10)
	        Index Cond: (id = 5939418)

explain: for index_updates :: explain UPDATE sbtest%u SET k=k+1 WHERE id=%u
for index_updates
table 1 : explain UPDATE sbtest1 SET k=k+1 WHERE id=9327654
	Update on sbtest1  (cost=0.43..8.46 rows=0 width=0)
	  ->  Index Scan using sbtest1_pkey on sbtest1  (cost=0.43..8.46 rows=1 width=10)
	        Index Cond: (id = 9327654)

table 2 : explain UPDATE sbtest2 SET k=k+1 WHERE id=9510336
	Update on sbtest2  (cost=0.43..8.46 rows=0 width=0)
	  ->  Index Scan using sbtest2_pkey on sbtest2  (cost=0.43..8.46 rows=1 width=10)
	        Index Cond: (id = 9510336)

table 3 : explain UPDATE sbtest3 SET k=k+1 WHERE id=9873895
	Update on sbtest3  (cost=0.43..8.46 rows=0 width=0)
	  ->  Index Scan using sbtest3_pkey on sbtest3  (cost=0.43..8.46 rows=1 width=10)
	        Index Cond: (id = 9873895)

table 4 : explain UPDATE sbtest4 SET k=k+1 WHERE id=8826782
	Update on sbtest4  (cost=0.43..8.46 rows=0 width=0)
	  ->  Index Scan using sbtest4_pkey on sbtest4  (cost=0.43..8.46 rows=1 width=10)
	        Index Cond: (id = 8826782)

table 5 : explain UPDATE sbtest5 SET k=k+1 WHERE id=300870
	Update on sbtest5  (cost=0.43..8.46 rows=0 width=0)
	  ->  Index Scan using sbtest5_pkey on sbtest5  (cost=0.43..8.46 rows=1 width=10)
	        Index Cond: (id = 300870)

table 6 : explain UPDATE sbtest6 SET k=k+1 WHERE id=1264270
	Update on sbtest6  (cost=0.43..8.46 rows=0 width=0)
	  ->  Index Scan using sbtest6_pkey on sbtest6  (cost=0.43..8.46 rows=1 width=10)
	        Index Cond: (id = 1264270)

table 7 : explain UPDATE sbtest7 SET k=k+1 WHERE id=5253037
	Update on sbtest7  (cost=0.43..8.46 rows=0 width=0)
	  ->  Index Scan using sbtest7_pkey on sbtest7  (cost=0.43..8.46 rows=1 width=10)
	        Index Cond: (id = 5253037)

table 8 : explain UPDATE sbtest8 SET k=k+1 WHERE id=3826944
	Update on sbtest8  (cost=0.43..8.46 rows=0 width=0)
	  ->  Index Scan using sbtest8_pkey on sbtest8  (cost=0.43..8.46 rows=1 width=10)
	        Index Cond: (id = 3826944)

explain: for index_updates :: explain UPDATE sbtest%u SET k=k+1 WHERE id=%u
explain: for index_updates :: explain UPDATE sbtest%u SET k=k+1 WHERE id=%u
for index_updates
table 1 : explain UPDATE sbtest1 SET k=k+1 WHERE id=3089704
	Update on sbtest1  (cost=0.43..8.46 rows=0 width=0)
	  ->  Index Scan using sbtest1_pkey on sbtest1  (cost=0.43..8.46 rows=1 width=10)
	        Index Cond: (id = 3089704)

table 2 : explain UPDATE sbtest2 SET k=k+1 WHERE id=3914130
	Update on sbtest2  (cost=0.43..8.46 rows=0 width=0)
	  ->  Index Scan using sbtest2_pkey on sbtest2  (cost=0.43..8.46 rows=1 width=10)
	        Index Cond: (id = 3914130)

table 3 : explain UPDATE sbtest3 SET k=k+1 WHERE id=8373116
	Update on sbtest3  (cost=0.43..8.46 rows=0 width=0)
	  ->  Index Scan using sbtest3_pkey on sbtest3  (cost=0.43..8.46 rows=1 width=10)
	        Index Cond: (id = 8373116)

table 4 : explain UPDATE sbtest4 SET k=k+1 WHERE id=1790816
	Update on sbtest4  (cost=0.43..8.46 rows=0 width=0)
	  ->  Index Scan using sbtest4_pkey on sbtest4  (cost=0.43..8.46 rows=1 width=10)
	        Index Cond: (id = 1790816)

table 5 : explain UPDATE sbtest5 SET k=k+1 WHERE id=8226098
	Update on sbtest5  (cost=0.43..8.46 rows=0 width=0)
	  ->  Index Scan using sbtest5_pkey on sbtest5  (cost=0.43..8.46 rows=1 width=10)
	        Index Cond: (id = 8226098)

table 6 : explain UPDATE sbtest6 SET k=k+1 WHERE id=6144093
	Update on sbtest6  (cost=0.43..8.46 rows=0 width=0)
	  ->  Index Scan using sbtest6_pkey on sbtest6  (cost=0.43..8.46 rows=1 width=10)
	        Index Cond: (id = 6144093)

table 7 : explain UPDATE sbtest7 SET k=k+1 WHERE id=8016198
	Update on sbtest7  (cost=0.43..8.46 rows=0 width=0)
	  ->  Index Scan using sbtest7_pkey on sbtest7  (cost=0.43..8.46 rows=1 width=10)
	        Index Cond: (id = 8016198)

table 8 : explain UPDATE sbtest8 SET k=k+1 WHERE id=3636730
	Update on sbtest8  (cost=0.43..8.46 rows=0 width=0)
	  ->  Index Scan using sbtest8_pkey on sbtest8  (cost=0.43..8.46 rows=1 width=10)
	        Index Cond: (id = 3636730)

explain: for index_updates :: explain UPDATE sbtest%u SET k=k+1 WHERE id=%u
explain: for inserts :: explain INSERT INTO sbtest%u (id, k, c, pad) VALUES (%u, 13, 'foobar', 'foobar')
explain: for inserts :: explain INSERT INTO sbtest%u (id, k, c, pad) VALUES (%u, 13, 'foobar', 'foobar')
explain: for index_updates :: explain UPDATE sbtest%u SET k=k+1 WHERE id=%u
for index_updates
table 1 : explain UPDATE sbtest1 SET k=k+1 WHERE id=3407665
	Update on sbtest1  (cost=0.43..8.46 rows=0 width=0)
	  ->  Index Scan using sbtest1_pkey on sbtest1  (cost=0.43..8.46 rows=1 width=10)
	        Index Cond: (id = 3407665)

table 2 : explain UPDATE sbtest2 SET k=k+1 WHERE id=8631447
	Update on sbtest2  (cost=0.43..8.46 rows=0 width=0)
	  ->  Index Scan using sbtest2_pkey on sbtest2  (cost=0.43..8.46 rows=1 width=10)
	        Index Cond: (id = 8631447)

table 3 : explain UPDATE sbtest3 SET k=k+1 WHERE id=4536193
	Update on sbtest3  (cost=0.43..8.46 rows=0 width=0)
	  ->  Index Scan using sbtest3_pkey on sbtest3  (cost=0.43..8.46 rows=1 width=10)
	        Index Cond: (id = 4536193)

table 4 : explain UPDATE sbtest4 SET k=k+1 WHERE id=7846362
	Update on sbtest4  (cost=0.43..8.46 rows=0 width=0)
	  ->  Index Scan using sbtest4_pkey on sbtest4  (cost=0.43..8.46 rows=1 width=10)
	        Index Cond: (id = 7846362)

table 5 : explain UPDATE sbtest5 SET k=k+1 WHERE id=7684154
	Update on sbtest5  (cost=0.43..8.46 rows=0 width=0)
	  ->  Index Scan using sbtest5_pkey on sbtest5  (cost=0.43..8.46 rows=1 width=10)
	        Index Cond: (id = 7684154)

table 6 : explain UPDATE sbtest6 SET k=k+1 WHERE id=6270842
	Update on sbtest6  (cost=0.43..8.46 rows=0 width=0)
	  ->  Index Scan using sbtest6_pkey on sbtest6  (cost=0.43..8.46 rows=1 width=10)
	        Index Cond: (id = 6270842)

table 7 : explain UPDATE sbtest7 SET k=k+1 WHERE id=2013051
	Update on sbtest7  (cost=0.43..8.46 rows=0 width=0)
	  ->  Index Scan using sbtest7_pkey on sbtest7  (cost=0.43..8.46 rows=1 width=10)
	        Index Cond: (id = 2013051)

table 8 : explain UPDATE sbtest8 SET k=k+1 WHERE id=8998182
	Update on sbtest8  (cost=0.43..8.46 rows=0 width=0)
	  ->  Index Scan using sbtest8_pkey on sbtest8  (cost=0.43..8.46 rows=1 width=10)
	        Index Cond: (id = 8998182)

explain: for non_index_updates :: explain UPDATE sbtest%u SET c='foobar' WHERE id=%u
explain: for non_index_updates :: explain UPDATE sbtest%u SET c='foobar' WHERE id=%u
for index_updates
table 1 : explain UPDATE sbtest1 SET k=k+1 WHERE id=2622750
	Update on sbtest1  (cost=0.43..8.46 rows=0 width=0)
	  ->  Index Scan using sbtest1_pkey on sbtest1  (cost=0.43..8.46 rows=1 width=10)
	        Index Cond: (id = 2622750)

table 2 : explain UPDATE sbtest2 SET k=k+1 WHERE id=5469376
	Update on sbtest2  (cost=0.43..8.46 rows=0 width=0)
	  ->  Index Scan using sbtest2_pkey on sbtest2  (cost=0.43..8.46 rows=1 width=10)
	        Index Cond: (id = 5469376)

table 3 : explain UPDATE sbtest3 SET k=k+1 WHERE id=2351280
	Update on sbtest3  (cost=0.43..8.46 rows=0 width=0)
	  ->  Index Scan using sbtest3_pkey on sbtest3  (cost=0.43..8.46 rows=1 width=10)
	        Index Cond: (id = 2351280)

table 4 : explain UPDATE sbtest4 SET k=k+1 WHERE id=9679112
	Update on sbtest4  (cost=0.43..8.46 rows=0 width=0)
	  ->  Index Scan using sbtest4_pkey on sbtest4  (cost=0.43..8.46 rows=1 width=10)
	        Index Cond: (id = 9679112)

table 5 : explain UPDATE sbtest5 SET k=k+1 WHERE id=8514634
	Update on sbtest5  (cost=0.43..8.46 rows=0 width=0)
	  ->  Index Scan using sbtest5_pkey on sbtest5  (cost=0.43..8.46 rows=1 width=10)
	        Index Cond: (id = 8514634)

table 6 : explain UPDATE sbtest6 SET k=k+1 WHERE id=2296132
	Update on sbtest6  (cost=0.43..8.46 rows=0 width=0)
	  ->  Index Scan using sbtest6_pkey on sbtest6  (cost=0.43..8.46 rows=1 width=10)
	        Index Cond: (id = 2296132)

table 7 : explain UPDATE sbtest7 SET k=k+1 WHERE id=5429113
	Update on sbtest7  (cost=0.43..8.46 rows=0 width=0)
	  ->  Index Scan using sbtest7_pkey on sbtest7  (cost=0.43..8.46 rows=1 width=10)
	        Index Cond: (id = 5429113)

table 8 : explain UPDATE sbtest8 SET k=k+1 WHERE id=3869401
	Update on sbtest8  (cost=0.43..8.46 rows=0 width=0)
	  ->  Index Scan using sbtest8_pkey on sbtest8  (cost=0.43..8.46 rows=1 width=10)
	        Index Cond: (id = 3869401)

explain: for non_index_updates :: explain UPDATE sbtest%u SET c='foobar' WHERE id=%u
for inserts
table 1 : explain INSERT INTO sbtest1 (id, k, c, pad) VALUES (8621379, 13, 'foobar', 'foobar')
	Insert on sbtest1  (cost=0.00..0.01 rows=0 width=0)
	  ->  Result  (cost=0.00..0.01 rows=1 width=736)

table 2 : explain INSERT INTO sbtest2 (id, k, c, pad) VALUES (7317478, 13, 'foobar', 'foobar')
	Insert on sbtest2  (cost=0.00..0.01 rows=0 width=0)
	  ->  Result  (cost=0.00..0.01 rows=1 width=736)

table 3 : explain INSERT INTO sbtest3 (id, k, c, pad) VALUES (9518605, 13, 'foobar', 'foobar')
	Insert on sbtest3  (cost=0.00..0.01 rows=0 width=0)
	  ->  Result  (cost=0.00..0.01 rows=1 width=736)

table 4 : explain INSERT INTO sbtest4 (id, k, c, pad) VALUES (9365568, 13, 'foobar', 'foobar')
	Insert on sbtest4  (cost=0.00..0.01 rows=0 width=0)
	  ->  Result  (cost=0.00..0.01 rows=1 width=736)

table 5 : explain INSERT INTO sbtest5 (id, k, c, pad) VALUES (9858178, 13, 'foobar', 'foobar')
	Insert on sbtest5  (cost=0.00..0.01 rows=0 width=0)
	  ->  Result  (cost=0.00..0.01 rows=1 width=736)

table 6 : explain INSERT INTO sbtest6 (id, k, c, pad) VALUES (3136941, 13, 'foobar', 'foobar')
	Insert on sbtest6  (cost=0.00..0.01 rows=0 width=0)
	  ->  Result  (cost=0.00..0.01 rows=1 width=736)

table 7 : explain INSERT INTO sbtest7 (id, k, c, pad) VALUES (8392142, 13, 'foobar', 'foobar')
	Insert on sbtest7  (cost=0.00..0.01 rows=0 width=0)
	  ->  Result  (cost=0.00..0.01 rows=1 width=736)

table 8 : explain INSERT INTO sbtest8 (id, k, c, pad) VALUES (1315461, 13, 'foobar', 'foobar')
	Insert on sbtest8  (cost=0.00..0.01 rows=0 width=0)
	  ->  Result  (cost=0.00..0.01 rows=1 width=736)

explain: for non_index_updates :: explain UPDATE sbtest%u SET c='foobar' WHERE id=%u
for inserts
table 1 : explain INSERT INTO sbtest1 (id, k, c, pad) VALUES (4998255, 13, 'foobar', 'foobar')
	Insert on sbtest1  (cost=0.00..0.01 rows=0 width=0)
	  ->  Result  (cost=0.00..0.01 rows=1 width=736)

table 2 : explain INSERT INTO sbtest2 (id, k, c, pad) VALUES (6066283, 13, 'foobar', 'foobar')
	Insert on sbtest2  (cost=0.00..0.01 rows=0 width=0)
	  ->  Result  (cost=0.00..0.01 rows=1 width=736)

table 3 : explain INSERT INTO sbtest3 (id, k, c, pad) VALUES (6171618, 13, 'foobar', 'foobar')
	Insert on sbtest3  (cost=0.00..0.01 rows=0 width=0)
	  ->  Result  (cost=0.00..0.01 rows=1 width=736)

table 4 : explain INSERT INTO sbtest4 (id, k, c, pad) VALUES (1953050, 13, 'foobar', 'foobar')
	Insert on sbtest4  (cost=0.00..0.01 rows=0 width=0)
	  ->  Result  (cost=0.00..0.01 rows=1 width=736)

table 5 : explain INSERT INTO sbtest5 (id, k, c, pad) VALUES (3691072, 13, 'foobar', 'foobar')
	Insert on sbtest5  (cost=0.00..0.01 rows=0 width=0)
	  ->  Result  (cost=0.00..0.01 rows=1 width=736)

table 6 : explain INSERT INTO sbtest6 (id, k, c, pad) VALUES (9356730, 13, 'foobar', 'foobar')
	Insert on sbtest6  (cost=0.00..0.01 rows=0 width=0)
	  ->  Result  (cost=0.00..0.01 rows=1 width=736)

table 7 : explain INSERT INTO sbtest7 (id, k, c, pad) VALUES (2217479, 13, 'foobar', 'foobar')
	Insert on sbtest7  (cost=0.00..0.01 rows=0 width=0)
	  ->  Result  (cost=0.00..0.01 rows=1 width=736)

table 8 : explain INSERT INTO sbtest8 (id, k, c, pad) VALUES (5475422, 13, 'foobar', 'foobar')
	Insert on sbtest8  (cost=0.00..0.01 rows=0 width=0)
	  ->  Result  (cost=0.00..0.01 rows=1 width=736)

explain: for non_index_updates :: explain UPDATE sbtest%u SET c='foobar' WHERE id=%u
for non_index_updates
table 1 : explain UPDATE sbtest1 SET c='foobar' WHERE id=1801387
	Update on sbtest1  (cost=0.43..8.45 rows=0 width=0)
	  ->  Index Scan using sbtest1_pkey on sbtest1  (cost=0.43..8.45 rows=1 width=490)
	        Index Cond: (id = 1801387)

table 2 : explain UPDATE sbtest2 SET c='foobar' WHERE id=7213683
	Update on sbtest2  (cost=0.43..8.45 rows=0 width=0)
	  ->  Index Scan using sbtest2_pkey on sbtest2  (cost=0.43..8.45 rows=1 width=490)
	        Index Cond: (id = 7213683)

table 3 : explain UPDATE sbtest3 SET c='foobar' WHERE id=5282609
	Update on sbtest3  (cost=0.43..8.45 rows=0 width=0)
	  ->  Index Scan using sbtest3_pkey on sbtest3  (cost=0.43..8.45 rows=1 width=490)
	        Index Cond: (id = 5282609)

table 4 : explain UPDATE sbtest4 SET c='foobar' WHERE id=5383615
	Update on sbtest4  (cost=0.43..8.45 rows=0 width=0)
	  ->  Index Scan using sbtest4_pkey on sbtest4  (cost=0.43..8.45 rows=1 width=490)
	        Index Cond: (id = 5383615)

table 5 : explain UPDATE sbtest5 SET c='foobar' WHERE id=6246440
	Update on sbtest5  (cost=0.43..8.45 rows=0 width=0)
	  ->  Index Scan using sbtest5_pkey on sbtest5  (cost=0.43..8.45 rows=1 width=490)
	        Index Cond: (id = 6246440)

table 6 : explain UPDATE sbtest6 SET c='foobar' WHERE id=8109399
	Update on sbtest6  (cost=0.43..8.45 rows=0 width=0)
	  ->  Index Scan using sbtest6_pkey on sbtest6  (cost=0.43..8.45 rows=1 width=490)
	        Index Cond: (id = 8109399)

table 7 : explain UPDATE sbtest7 SET c='foobar' WHERE id=9306037
	Update on sbtest7  (cost=0.43..8.45 rows=0 width=0)
	  ->  Index Scan using sbtest7_pkey on sbtest7  (cost=0.43..8.45 rows=1 width=490)
	        Index Cond: (id = 9306037)

table 8 : explain UPDATE sbtest8 SET c='foobar' WHERE id=6960220
	Update on sbtest8  (cost=0.43..8.45 rows=0 width=0)
	  ->  Index Scan using sbtest8_pkey on sbtest8  (cost=0.43..8.45 rows=1 width=490)
	        Index Cond: (id = 6960220)

for non_index_updates
table 1 : explain UPDATE sbtest1 SET c='foobar' WHERE id=7303963
	Update on sbtest1  (cost=0.43..8.45 rows=0 width=0)
	  ->  Index Scan using sbtest1_pkey on sbtest1  (cost=0.43..8.45 rows=1 width=490)
	        Index Cond: (id = 7303963)

table 2 : explain UPDATE sbtest2 SET c='foobar' WHERE id=2824831
	Update on sbtest2  (cost=0.43..8.45 rows=0 width=0)
	  ->  Index Scan using sbtest2_pkey on sbtest2  (cost=0.43..8.45 rows=1 width=490)
	        Index Cond: (id = 2824831)

table 3 : explain UPDATE sbtest3 SET c='foobar' WHERE id=4060796
	Update on sbtest3  (cost=0.43..8.45 rows=0 width=0)
	  ->  Index Scan using sbtest3_pkey on sbtest3  (cost=0.43..8.45 rows=1 width=490)
	        Index Cond: (id = 4060796)

table 4 : explain UPDATE sbtest4 SET c='foobar' WHERE id=6082192
	Update on sbtest4  (cost=0.43..8.45 rows=0 width=0)
	  ->  Index Scan using sbtest4_pkey on sbtest4  (cost=0.43..8.45 rows=1 width=490)
	        Index Cond: (id = 6082192)

table 5 : explain UPDATE sbtest5 SET c='foobar' WHERE id=6600159
	Update on sbtest5  (cost=0.43..8.45 rows=0 width=0)
	  ->  Index Scan using sbtest5_pkey on sbtest5  (cost=0.43..8.45 rows=1 width=490)
	        Index Cond: (id = 6600159)

table 6 : explain UPDATE sbtest6 SET c='foobar' WHERE id=6467393
	Update on sbtest6  (cost=0.43..8.45 rows=0 width=0)
	  ->  Index Scan using sbtest6_pkey on sbtest6  (cost=0.43..8.45 rows=1 width=490)
	        Index Cond: (id = 6467393)

table 7 : explain UPDATE sbtest7 SET c='foobar' WHERE id=2211757
	Update on sbtest7  (cost=0.43..8.45 rows=0 width=0)
	  ->  Index Scan using sbtest7_pkey on sbtest7  (cost=0.43..8.45 rows=1 width=490)
	        Index Cond: (id = 2211757)

table 8 : explain UPDATE sbtest8 SET c='foobar' WHERE id=3062530
	Update on sbtest8  (cost=0.43..8.45 rows=0 width=0)
	  ->  Index Scan using sbtest8_pkey on sbtest8  (cost=0.43..8.45 rows=1 width=490)
	        Index Cond: (id = 3062530)

for index_updates
table 1 : explain UPDATE sbtest1 SET k=k+1 WHERE id=7609269
	Update on sbtest1  (cost=0.43..8.46 rows=0 width=0)
	  ->  Index Scan using sbtest1_pkey on sbtest1  (cost=0.43..8.46 rows=1 width=10)
	        Index Cond: (id = 7609269)

table 2 : explain UPDATE sbtest2 SET k=k+1 WHERE id=9067537
	Update on sbtest2  (cost=0.43..8.46 rows=0 width=0)
	  ->  Index Scan using sbtest2_pkey on sbtest2  (cost=0.43..8.46 rows=1 width=10)
	        Index Cond: (id = 9067537)

table 3 : explain UPDATE sbtest3 SET k=k+1 WHERE id=8651126
	Update on sbtest3  (cost=0.43..8.46 rows=0 width=0)
	  ->  Index Scan using sbtest3_pkey on sbtest3  (cost=0.43..8.46 rows=1 width=10)
	        Index Cond: (id = 8651126)

table 4 : explain UPDATE sbtest4 SET k=k+1 WHERE id=3113741
	Update on sbtest4  (cost=0.43..8.46 rows=0 width=0)
	  ->  Index Scan using sbtest4_pkey on sbtest4  (cost=0.43..8.46 rows=1 width=10)
	        Index Cond: (id = 3113741)

table 5 : explain UPDATE sbtest5 SET k=k+1 WHERE id=8993113
	Update on sbtest5  (cost=0.43..8.46 rows=0 width=0)
	  ->  Index Scan using sbtest5_pkey on sbtest5  (cost=0.43..8.46 rows=1 width=10)
	        Index Cond: (id = 8993113)

table 6 : explain UPDATE sbtest6 SET k=k+1 WHERE id=9049126
	Update on sbtest6  (cost=0.43..8.46 rows=0 width=0)
	  ->  Index Scan using sbtest6_pkey on sbtest6  (cost=0.43..8.46 rows=1 width=10)
	        Index Cond: (id = 9049126)

table 7 : explain UPDATE sbtest7 SET k=k+1 WHERE id=9537124
	Update on sbtest7  (cost=0.43..8.46 rows=0 width=0)
	  ->  Index Scan using sbtest7_pkey on sbtest7  (cost=0.43..8.46 rows=1 width=10)
	        Index Cond: (id = 9537124)

table 8 : explain UPDATE sbtest8 SET k=k+1 WHERE id=1997444
	Update on sbtest8  (cost=0.43..8.46 rows=0 width=0)
	  ->  Index Scan using sbtest8_pkey on sbtest8  (cost=0.43..8.46 rows=1 width=10)
	        Index Cond: (id = 1997444)

for deletes
table 1 : explain DELETE FROM sbtest1 WHERE id=2597714
	Delete on sbtest1  (cost=0.43..8.45 rows=0 width=0)
	  ->  Index Scan using sbtest1_pkey on sbtest1  (cost=0.43..8.45 rows=1 width=6)
	        Index Cond: (id = 2597714)

table 2 : explain DELETE FROM sbtest2 WHERE id=3733001
	Delete on sbtest2  (cost=0.43..8.45 rows=0 width=0)
	  ->  Index Scan using sbtest2_pkey on sbtest2  (cost=0.43..8.45 rows=1 width=6)
	        Index Cond: (id = 3733001)

table 3 : explain DELETE FROM sbtest3 WHERE id=5758151
	Delete on sbtest3  (cost=0.43..8.45 rows=0 width=0)
	  ->  Index Scan using sbtest3_pkey on sbtest3  (cost=0.43..8.45 rows=1 width=6)
	        Index Cond: (id = 5758151)

table 4 : explain DELETE FROM sbtest4 WHERE id=9403606
	Delete on sbtest4  (cost=0.43..8.45 rows=0 width=0)
	  ->  Index Scan using sbtest4_pkey on sbtest4  (cost=0.43..8.45 rows=1 width=6)
	        Index Cond: (id = 9403606)

table 5 : explain DELETE FROM sbtest5 WHERE id=3177775
	Delete on sbtest5  (cost=0.43..8.45 rows=0 width=0)
	  ->  Index Scan using sbtest5_pkey on sbtest5  (cost=0.43..8.45 rows=1 width=6)
	        Index Cond: (id = 3177775)

table 6 : explain DELETE FROM sbtest6 WHERE id=8224805
	Delete on sbtest6  (cost=0.43..8.45 rows=0 width=0)
	  ->  Index Scan using sbtest6_pkey on sbtest6  (cost=0.43..8.45 rows=1 width=6)
	        Index Cond: (id = 8224805)

table 7 : explain DELETE FROM sbtest7 WHERE id=4618216
	Delete on sbtest7  (cost=0.43..8.45 rows=0 width=0)
	  ->  Index Scan using sbtest7_pkey on sbtest7  (cost=0.43..8.45 rows=1 width=6)
	        Index Cond: (id = 4618216)

table 8 : explain DELETE FROM sbtest8 WHERE id=117247
	Delete on sbtest8  (cost=0.43..8.45 rows=0 width=0)
	  ->  Index Scan using sbtest8_pkey on sbtest8  (cost=0.43..8.45 rows=1 width=6)
	        Index Cond: (id = 117247)

for non_index_updates
table 1 : explain UPDATE sbtest1 SET c='foobar' WHERE id=4601482
	Update on sbtest1  (cost=0.43..8.45 rows=0 width=0)
	  ->  Index Scan using sbtest1_pkey on sbtest1  (cost=0.43..8.45 rows=1 width=490)
	        Index Cond: (id = 4601482)

table 2 : explain UPDATE sbtest2 SET c='foobar' WHERE id=1740343
	Update on sbtest2  (cost=0.43..8.45 rows=0 width=0)
	  ->  Index Scan using sbtest2_pkey on sbtest2  (cost=0.43..8.45 rows=1 width=490)
	        Index Cond: (id = 1740343)

table 3 : explain UPDATE sbtest3 SET c='foobar' WHERE id=8180219
	Update on sbtest3  (cost=0.43..8.45 rows=0 width=0)
	  ->  Index Scan using sbtest3_pkey on sbtest3  (cost=0.43..8.45 rows=1 width=490)
	        Index Cond: (id = 8180219)

table 4 : explain UPDATE sbtest4 SET c='foobar' WHERE id=2342367
	Update on sbtest4  (cost=0.43..8.45 rows=0 width=0)
	  ->  Index Scan using sbtest4_pkey on sbtest4  (cost=0.43..8.45 rows=1 width=490)
	        Index Cond: (id = 2342367)

table 5 : explain UPDATE sbtest5 SET c='foobar' WHERE id=3455567
	Update on sbtest5  (cost=0.43..8.45 rows=0 width=0)
	  ->  Index Scan using sbtest5_pkey on sbtest5  (cost=0.43..8.45 rows=1 width=490)
	        Index Cond: (id = 3455567)

table 6 : explain UPDATE sbtest6 SET c='foobar' WHERE id=5885369
	Update on sbtest6  (cost=0.43..8.45 rows=0 width=0)
	  ->  Index Scan using sbtest6_pkey on sbtest6  (cost=0.43..8.45 rows=1 width=490)
	        Index Cond: (id = 5885369)

table 7 : explain UPDATE sbtest7 SET c='foobar' WHERE id=1664714
	Update on sbtest7  (cost=0.43..8.45 rows=0 width=0)
	  ->  Index Scan using sbtest7_pkey on sbtest7  (cost=0.43..8.45 rows=1 width=490)
	        Index Cond: (id = 1664714)

table 8 : explain UPDATE sbtest8 SET c='foobar' WHERE id=4973434
	Update on sbtest8  (cost=0.43..8.45 rows=0 width=0)
	  ->  Index Scan using sbtest8_pkey on sbtest8  (cost=0.43..8.45 rows=1 width=490)
	        Index Cond: (id = 4973434)

explain: for deletes :: explain DELETE FROM sbtest%u WHERE id=%u
for index_updates
table 1 : explain UPDATE sbtest1 SET k=k+1 WHERE id=587042
	Update on sbtest1  (cost=0.43..8.46 rows=0 width=0)
	  ->  Index Scan using sbtest1_pkey on sbtest1  (cost=0.43..8.46 rows=1 width=10)
	        Index Cond: (id = 587042)

table 2 : explain UPDATE sbtest2 SET k=k+1 WHERE id=5798154
	Update on sbtest2  (cost=0.43..8.46 rows=0 width=0)
	  ->  Index Scan using sbtest2_pkey on sbtest2  (cost=0.43..8.46 rows=1 width=10)
	        Index Cond: (id = 5798154)

table 3 : explain UPDATE sbtest3 SET k=k+1 WHERE id=264599
	Update on sbtest3  (cost=0.43..8.46 rows=0 width=0)
	  ->  Index Scan using sbtest3_pkey on sbtest3  (cost=0.43..8.46 rows=1 width=10)
	        Index Cond: (id = 264599)

table 4 : explain UPDATE sbtest4 SET k=k+1 WHERE id=5174431
	Update on sbtest4  (cost=0.43..8.46 rows=0 width=0)
	  ->  Index Scan using sbtest4_pkey on sbtest4  (cost=0.43..8.46 rows=1 width=10)
	        Index Cond: (id = 5174431)

table 5 : explain UPDATE sbtest5 SET k=k+1 WHERE id=3669777
	Update on sbtest5  (cost=0.43..8.46 rows=0 width=0)
	  ->  Index Scan using sbtest5_pkey on sbtest5  (cost=0.43..8.46 rows=1 width=10)
	        Index Cond: (id = 3669777)

table 6 : explain UPDATE sbtest6 SET k=k+1 WHERE id=2067538
	Update on sbtest6  (cost=0.43..8.46 rows=0 width=0)
	  ->  Index Scan using sbtest6_pkey on sbtest6  (cost=0.43..8.46 rows=1 width=10)
	        Index Cond: (id = 2067538)

table 7 : explain UPDATE sbtest7 SET k=k+1 WHERE id=6739909
	Update on sbtest7  (cost=0.43..8.46 rows=0 width=0)
	  ->  Index Scan using sbtest7_pkey on sbtest7  (cost=0.43..8.46 rows=1 width=10)
	        Index Cond: (id = 6739909)

table 8 : explain UPDATE sbtest8 SET k=k+1 WHERE id=5213152
	Update on sbtest8  (cost=0.43..8.46 rows=0 width=0)
	  ->  Index Scan using sbtest8_pkey on sbtest8  (cost=0.43..8.46 rows=1 width=10)
	        Index Cond: (id = 5213152)

for non_index_updates
table 1 : explain UPDATE sbtest1 SET c='foobar' WHERE id=2356032
	Update on sbtest1  (cost=0.43..8.45 rows=0 width=0)
	  ->  Index Scan using sbtest1_pkey on sbtest1  (cost=0.43..8.45 rows=1 width=490)
	        Index Cond: (id = 2356032)

table 2 : explain UPDATE sbtest2 SET c='foobar' WHERE id=106800
	Update on sbtest2  (cost=0.43..8.45 rows=0 width=0)
	  ->  Index Scan using sbtest2_pkey on sbtest2  (cost=0.43..8.45 rows=1 width=490)
	        Index Cond: (id = 106800)

table 3 : explain UPDATE sbtest3 SET c='foobar' WHERE id=916533
	Update on sbtest3  (cost=0.43..8.45 rows=0 width=0)
	  ->  Index Scan using sbtest3_pkey on sbtest3  (cost=0.43..8.45 rows=1 width=490)
	        Index Cond: (id = 916533)

table 4 : explain UPDATE sbtest4 SET c='foobar' WHERE id=760840
	Update on sbtest4  (cost=0.43..8.45 rows=0 width=0)
	  ->  Index Scan using sbtest4_pkey on sbtest4  (cost=0.43..8.45 rows=1 width=490)
	        Index Cond: (id = 760840)

table 5 : explain UPDATE sbtest5 SET c='foobar' WHERE id=9862362
	Update on sbtest5  (cost=0.43..8.45 rows=0 width=0)
	  ->  Index Scan using sbtest5_pkey on sbtest5  (cost=0.43..8.45 rows=1 width=490)
	        Index Cond: (id = 9862362)

table 6 : explain UPDATE sbtest6 SET c='foobar' WHERE id=137447
	Update on sbtest6  (cost=0.43..8.45 rows=0 width=0)
	  ->  Index Scan using sbtest6_pkey on sbtest6  (cost=0.43..8.45 rows=1 width=490)
	        Index Cond: (id = 137447)

table 7 : explain UPDATE sbtest7 SET c='foobar' WHERE id=2033197
	Update on sbtest7  (cost=0.43..8.45 rows=0 width=0)
	  ->  Index Scan using sbtest7_pkey on sbtest7  (cost=0.43..8.45 rows=1 width=490)
	        Index Cond: (id = 2033197)

table 8 : explain UPDATE sbtest8 SET c='foobar' WHERE id=7249373
	Update on sbtest8  (cost=0.43..8.45 rows=0 width=0)
	  ->  Index Scan using sbtest8_pkey on sbtest8  (cost=0.43..8.45 rows=1 width=490)
	        Index Cond: (id = 7249373)

explain: for deletes :: explain DELETE FROM sbtest%u WHERE id=%u
explain: for deletes :: explain DELETE FROM sbtest%u WHERE id=%u
explain: for non_index_updates :: explain UPDATE sbtest%u SET c='foobar' WHERE id=%u
for non_index_updates
table 1 : explain UPDATE sbtest1 SET c='foobar' WHERE id=5729728
	Update on sbtest1  (cost=0.43..8.45 rows=0 width=0)
	  ->  Index Scan using sbtest1_pkey on sbtest1  (cost=0.43..8.45 rows=1 width=490)
	        Index Cond: (id = 5729728)

table 2 : explain UPDATE sbtest2 SET c='foobar' WHERE id=9066343
	Update on sbtest2  (cost=0.43..8.45 rows=0 width=0)
	  ->  Index Scan using sbtest2_pkey on sbtest2  (cost=0.43..8.45 rows=1 width=490)
	        Index Cond: (id = 9066343)

table 3 : explain UPDATE sbtest3 SET c='foobar' WHERE id=4922144
	Update on sbtest3  (cost=0.43..8.45 rows=0 width=0)
	  ->  Index Scan using sbtest3_pkey on sbtest3  (cost=0.43..8.45 rows=1 width=490)
	        Index Cond: (id = 4922144)

table 4 : explain UPDATE sbtest4 SET c='foobar' WHERE id=4632770
	Update on sbtest4  (cost=0.43..8.45 rows=0 width=0)
	  ->  Index Scan using sbtest4_pkey on sbtest4  (cost=0.43..8.45 rows=1 width=490)
	        Index Cond: (id = 4632770)

table 5 : explain UPDATE sbtest5 SET c='foobar' WHERE id=5412815
	Update on sbtest5  (cost=0.43..8.45 rows=0 width=0)
	  ->  Index Scan using sbtest5_pkey on sbtest5  (cost=0.43..8.45 rows=1 width=490)
	        Index Cond: (id = 5412815)

table 6 : explain UPDATE sbtest6 SET c='foobar' WHERE id=7111006
	Update on sbtest6  (cost=0.43..8.45 rows=0 width=0)
	  ->  Index Scan using sbtest6_pkey on sbtest6  (cost=0.43..8.45 rows=1 width=490)
	        Index Cond: (id = 7111006)

table 7 : explain UPDATE sbtest7 SET c='foobar' WHERE id=2438749
	Update on sbtest7  (cost=0.43..8.45 rows=0 width=0)
	  ->  Index Scan using sbtest7_pkey on sbtest7  (cost=0.43..8.45 rows=1 width=490)
	        Index Cond: (id = 2438749)

table 8 : explain UPDATE sbtest8 SET c='foobar' WHERE id=7778791
	Update on sbtest8  (cost=0.43..8.45 rows=0 width=0)
	  ->  Index Scan using sbtest8_pkey on sbtest8  (cost=0.43..8.45 rows=1 width=490)
	        Index Cond: (id = 7778791)

explain: for inserts :: explain INSERT INTO sbtest%u (id, k, c, pad) VALUES (%u, 13, 'foobar', 'foobar')
explain: for deletes :: explain DELETE FROM sbtest%u WHERE id=%u
explain: for non_index_updates :: explain UPDATE sbtest%u SET c='foobar' WHERE id=%u
explain: for deletes :: explain DELETE FROM sbtest%u WHERE id=%u
for index_updates
table 1 : explain UPDATE sbtest1 SET k=k+1 WHERE id=4553724
	Update on sbtest1  (cost=0.43..8.46 rows=0 width=0)
	  ->  Index Scan using sbtest1_pkey on sbtest1  (cost=0.43..8.46 rows=1 width=10)
	        Index Cond: (id = 4553724)

table 2 : explain UPDATE sbtest2 SET k=k+1 WHERE id=2459808
	Update on sbtest2  (cost=0.43..8.46 rows=0 width=0)
	  ->  Index Scan using sbtest2_pkey on sbtest2  (cost=0.43..8.46 rows=1 width=10)
	        Index Cond: (id = 2459808)

table 3 : explain UPDATE sbtest3 SET k=k+1 WHERE id=9182247
	Update on sbtest3  (cost=0.43..8.46 rows=0 width=0)
	  ->  Index Scan using sbtest3_pkey on sbtest3  (cost=0.43..8.46 rows=1 width=10)
	        Index Cond: (id = 9182247)

table 4 : explain UPDATE sbtest4 SET k=k+1 WHERE id=3334259
	Update on sbtest4  (cost=0.43..8.46 rows=0 width=0)
	  ->  Index Scan using sbtest4_pkey on sbtest4  (cost=0.43..8.46 rows=1 width=10)
	        Index Cond: (id = 3334259)

table 5 : explain UPDATE sbtest5 SET k=k+1 WHERE id=6883327
	Update on sbtest5  (cost=0.43..8.46 rows=0 width=0)
	  ->  Index Scan using sbtest5_pkey on sbtest5  (cost=0.43..8.46 rows=1 width=10)
	        Index Cond: (id = 6883327)

table 6 : explain UPDATE sbtest6 SET k=k+1 WHERE id=7315109
	Update on sbtest6  (cost=0.43..8.46 rows=0 width=0)
	  ->  Index Scan using sbtest6_pkey on sbtest6  (cost=0.43..8.46 rows=1 width=10)
	        Index Cond: (id = 7315109)

table 7 : explain UPDATE sbtest7 SET k=k+1 WHERE id=5730031
	Update on sbtest7  (cost=0.43..8.46 rows=0 width=0)
	  ->  Index Scan using sbtest7_pkey on sbtest7  (cost=0.43..8.46 rows=1 width=10)
	        Index Cond: (id = 5730031)

table 8 : explain UPDATE sbtest8 SET k=k+1 WHERE id=9151993
	Update on sbtest8  (cost=0.43..8.46 rows=0 width=0)
	  ->  Index Scan using sbtest8_pkey on sbtest8  (cost=0.43..8.46 rows=1 width=10)
	        Index Cond: (id = 9151993)

for index_updates
table 1 : explain UPDATE sbtest1 SET k=k+1 WHERE id=6213683
	Update on sbtest1  (cost=0.43..8.46 rows=0 width=0)
	  ->  Index Scan using sbtest1_pkey on sbtest1  (cost=0.43..8.46 rows=1 width=10)
	        Index Cond: (id = 6213683)

table 2 : explain UPDATE sbtest2 SET k=k+1 WHERE id=9325620
	Update on sbtest2  (cost=0.43..8.46 rows=0 width=0)
	  ->  Index Scan using sbtest2_pkey on sbtest2  (cost=0.43..8.46 rows=1 width=10)
	        Index Cond: (id = 9325620)

table 3 : explain UPDATE sbtest3 SET k=k+1 WHERE id=4347811
	Update on sbtest3  (cost=0.43..8.46 rows=0 width=0)
	  ->  Index Scan using sbtest3_pkey on sbtest3  (cost=0.43..8.46 rows=1 width=10)
	        Index Cond: (id = 4347811)

table 4 : explain UPDATE sbtest4 SET k=k+1 WHERE id=6839853
	Update on sbtest4  (cost=0.43..8.46 rows=0 width=0)
	  ->  Index Scan using sbtest4_pkey on sbtest4  (cost=0.43..8.46 rows=1 width=10)
	        Index Cond: (id = 6839853)

table 5 : explain UPDATE sbtest5 SET k=k+1 WHERE id=881863
	Update on sbtest5  (cost=0.43..8.46 rows=0 width=0)
	  ->  Index Scan using sbtest5_pkey on sbtest5  (cost=0.43..8.46 rows=1 width=10)
	        Index Cond: (id = 881863)

table 6 : explain UPDATE sbtest6 SET k=k+1 WHERE id=8847456
	Update on sbtest6  (cost=0.43..8.46 rows=0 width=0)
	  ->  Index Scan using sbtest6_pkey on sbtest6  (cost=0.43..8.46 rows=1 width=10)
	        Index Cond: (id = 8847456)

table 7 : explain UPDATE sbtest7 SET k=k+1 WHERE id=2278233
	Update on sbtest7  (cost=0.43..8.46 rows=0 width=0)
	  ->  Index Scan using sbtest7_pkey on sbtest7  (cost=0.43..8.46 rows=1 width=10)
	        Index Cond: (id = 2278233)

table 8 : explain UPDATE sbtest8 SET k=k+1 WHERE id=495608
	Update on sbtest8  (cost=0.43..8.46 rows=0 width=0)
	  ->  Index Scan using sbtest8_pkey on sbtest8  (cost=0.43..8.46 rows=1 width=10)
	        Index Cond: (id = 495608)

for deletes
table 1 : explain DELETE FROM sbtest1 WHERE id=9664630
	Delete on sbtest1  (cost=0.43..8.45 rows=0 width=0)
	  ->  Index Scan using sbtest1_pkey on sbtest1  (cost=0.43..8.45 rows=1 width=6)
	        Index Cond: (id = 9664630)

table 2 : explain DELETE FROM sbtest2 WHERE id=6437163
	Delete on sbtest2  (cost=0.43..8.45 rows=0 width=0)
	  ->  Index Scan using sbtest2_pkey on sbtest2  (cost=0.43..8.45 rows=1 width=6)
	        Index Cond: (id = 6437163)

table 3 : explain DELETE FROM sbtest3 WHERE id=6049298
	Delete on sbtest3  (cost=0.43..8.45 rows=0 width=0)
	  ->  Index Scan using sbtest3_pkey on sbtest3  (cost=0.43..8.45 rows=1 width=6)
	        Index Cond: (id = 6049298)

table 4 : explain DELETE FROM sbtest4 WHERE id=2044627
	Delete on sbtest4  (cost=0.43..8.45 rows=0 width=0)
	  ->  Index Scan using sbtest4_pkey on sbtest4  (cost=0.43..8.45 rows=1 width=6)
	        Index Cond: (id = 2044627)

table 5 : explain DELETE FROM sbtest5 WHERE id=9872198
	Delete on sbtest5  (cost=0.43..8.45 rows=0 width=0)
	  ->  Index Scan using sbtest5_pkey on sbtest5  (cost=0.43..8.45 rows=1 width=6)
	        Index Cond: (id = 9872198)

table 6 : explain DELETE FROM sbtest6 WHERE id=3208865
	Delete on sbtest6  (cost=0.43..8.45 rows=0 width=0)
	  ->  Index Scan using sbtest6_pkey on sbtest6  (cost=0.43..8.45 rows=1 width=6)
	        Index Cond: (id = 3208865)

table 7 : explain DELETE FROM sbtest7 WHERE id=3346355
	Delete on sbtest7  (cost=0.43..8.45 rows=0 width=0)
	  ->  Index Scan using sbtest7_pkey on sbtest7  (cost=0.43..8.45 rows=1 width=6)
	        Index Cond: (id = 3346355)

table 8 : explain DELETE FROM sbtest8 WHERE id=552661
	Delete on sbtest8  (cost=0.43..8.45 rows=0 width=0)
	  ->  Index Scan using sbtest8_pkey on sbtest8  (cost=0.43..8.45 rows=1 width=6)
	        Index Cond: (id = 552661)

for index_updates
table 1 : explain UPDATE sbtest1 SET k=k+1 WHERE id=3653237
	Update on sbtest1  (cost=0.43..8.46 rows=0 width=0)
	  ->  Index Scan using sbtest1_pkey on sbtest1  (cost=0.43..8.46 rows=1 width=10)
	        Index Cond: (id = 3653237)

table 2 : explain UPDATE sbtest2 SET k=k+1 WHERE id=9126608
	Update on sbtest2  (cost=0.43..8.46 rows=0 width=0)
	  ->  Index Scan using sbtest2_pkey on sbtest2  (cost=0.43..8.46 rows=1 width=10)
	        Index Cond: (id = 9126608)

table 3 : explain UPDATE sbtest3 SET k=k+1 WHERE id=8119023
	Update on sbtest3  (cost=0.43..8.46 rows=0 width=0)
	  ->  Index Scan using sbtest3_pkey on sbtest3  (cost=0.43..8.46 rows=1 width=10)
	        Index Cond: (id = 8119023)

table 4 : explain UPDATE sbtest4 SET k=k+1 WHERE id=4265418
	Update on sbtest4  (cost=0.43..8.46 rows=0 width=0)
	  ->  Index Scan using sbtest4_pkey on sbtest4  (cost=0.43..8.46 rows=1 width=10)
	        Index Cond: (id = 4265418)

table 5 : explain UPDATE sbtest5 SET k=k+1 WHERE id=956331
	Update on sbtest5  (cost=0.43..8.46 rows=0 width=0)
	  ->  Index Scan using sbtest5_pkey on sbtest5  (cost=0.43..8.46 rows=1 width=10)
	        Index Cond: (id = 956331)

table 6 : explain UPDATE sbtest6 SET k=k+1 WHERE id=7305254
	Update on sbtest6  (cost=0.43..8.46 rows=0 width=0)
	  ->  Index Scan using sbtest6_pkey on sbtest6  (cost=0.43..8.46 rows=1 width=10)
	        Index Cond: (id = 7305254)

table 7 : explain UPDATE sbtest7 SET k=k+1 WHERE id=8454096
	Update on sbtest7  (cost=0.43..8.46 rows=0 width=0)
	  ->  Index Scan using sbtest7_pkey on sbtest7  (cost=0.43..8.46 rows=1 width=10)
	        Index Cond: (id = 8454096)

table 8 : explain UPDATE sbtest8 SET k=k+1 WHERE id=7313965
	Update on sbtest8  (cost=0.43..8.46 rows=0 width=0)
	  ->  Index Scan using sbtest8_pkey on sbtest8  (cost=0.43..8.46 rows=1 width=10)
	        Index Cond: (id = 7313965)

for index_updates
table 1 : explain UPDATE sbtest1 SET k=k+1 WHERE id=2275481
	Update on sbtest1  (cost=0.43..8.46 rows=0 width=0)
	  ->  Index Scan using sbtest1_pkey on sbtest1  (cost=0.43..8.46 rows=1 width=10)
	        Index Cond: (id = 2275481)

table 2 : explain UPDATE sbtest2 SET k=k+1 WHERE id=4232434
	Update on sbtest2  (cost=0.43..8.46 rows=0 width=0)
	  ->  Index Scan using sbtest2_pkey on sbtest2  (cost=0.43..8.46 rows=1 width=10)
	        Index Cond: (id = 4232434)

table 3 : explain UPDATE sbtest3 SET k=k+1 WHERE id=8175148
	Update on sbtest3  (cost=0.43..8.46 rows=0 width=0)
	  ->  Index Scan using sbtest3_pkey on sbtest3  (cost=0.43..8.46 rows=1 width=10)
	        Index Cond: (id = 8175148)

table 4 : explain UPDATE sbtest4 SET k=k+1 WHERE id=7194616
	Update on sbtest4  (cost=0.43..8.46 rows=0 width=0)
	  ->  Index Scan using sbtest4_pkey on sbtest4  (cost=0.43..8.46 rows=1 width=10)
	        Index Cond: (id = 7194616)

table 5 : explain UPDATE sbtest5 SET k=k+1 WHERE id=1300767
	Update on sbtest5  (cost=0.43..8.46 rows=0 width=0)
	  ->  Index Scan using sbtest5_pkey on sbtest5  (cost=0.43..8.46 rows=1 width=10)
	        Index Cond: (id = 1300767)

table 6 : explain UPDATE sbtest6 SET k=k+1 WHERE id=9669210
	Update on sbtest6  (cost=0.43..8.46 rows=0 width=0)
	  ->  Index Scan using sbtest6_pkey on sbtest6  (cost=0.43..8.46 rows=1 width=10)
	        Index Cond: (id = 9669210)

table 7 : explain UPDATE sbtest7 SET k=k+1 WHERE id=2421099
	Update on sbtest7  (cost=0.43..8.46 rows=0 width=0)
	  ->  Index Scan using sbtest7_pkey on sbtest7  (cost=0.43..8.46 rows=1 width=10)
	        Index Cond: (id = 2421099)

table 8 : explain UPDATE sbtest8 SET k=k+1 WHERE id=3499890
	Update on sbtest8  (cost=0.43..8.46 rows=0 width=0)
	  ->  Index Scan using sbtest8_pkey on sbtest8  (cost=0.43..8.46 rows=1 width=10)
	        Index Cond: (id = 3499890)

for deletes
table 1 : explain DELETE FROM sbtest1 WHERE id=6078907
	Delete on sbtest1  (cost=0.43..8.45 rows=0 width=0)
	  ->  Index Scan using sbtest1_pkey on sbtest1  (cost=0.43..8.45 rows=1 width=6)
	        Index Cond: (id = 6078907)

table 2 : explain DELETE FROM sbtest2 WHERE id=6674799
	Delete on sbtest2  (cost=0.43..8.45 rows=0 width=0)
	  ->  Index Scan using sbtest2_pkey on sbtest2  (cost=0.43..8.45 rows=1 width=6)
	        Index Cond: (id = 6674799)

table 3 : explain DELETE FROM sbtest3 WHERE id=3092670
	Delete on sbtest3  (cost=0.43..8.45 rows=0 width=0)
	  ->  Index Scan using sbtest3_pkey on sbtest3  (cost=0.43..8.45 rows=1 width=6)
	        Index Cond: (id = 3092670)

table 4 : explain DELETE FROM sbtest4 WHERE id=3690704
	Delete on sbtest4  (cost=0.43..8.45 rows=0 width=0)
	  ->  Index Scan using sbtest4_pkey on sbtest4  (cost=0.43..8.45 rows=1 width=6)
	        Index Cond: (id = 3690704)

table 5 : explain DELETE FROM sbtest5 WHERE id=6234099
	Delete on sbtest5  (cost=0.43..8.45 rows=0 width=0)
	  ->  Index Scan using sbtest5_pkey on sbtest5  (cost=0.43..8.45 rows=1 width=6)
	        Index Cond: (id = 6234099)

table 6 : explain DELETE FROM sbtest6 WHERE id=4641957
	Delete on sbtest6  (cost=0.43..8.45 rows=0 width=0)
	  ->  Index Scan using sbtest6_pkey on sbtest6  (cost=0.43..8.45 rows=1 width=6)
	        Index Cond: (id = 4641957)

table 7 : explain DELETE FROM sbtest7 WHERE id=759836
	Delete on sbtest7  (cost=0.43..8.45 rows=0 width=0)
	  ->  Index Scan using sbtest7_pkey on sbtest7  (cost=0.43..8.45 rows=1 width=6)
	        Index Cond: (id = 759836)

table 8 : explain DELETE FROM sbtest8 WHERE id=9987742
	Delete on sbtest8  (cost=0.43..8.45 rows=0 width=0)
	  ->  Index Scan using sbtest8_pkey on sbtest8  (cost=0.43..8.45 rows=1 width=6)
	        Index Cond: (id = 9987742)

for deletes
table 1 : explain DELETE FROM sbtest1 WHERE id=4635566
	Delete on sbtest1  (cost=0.43..8.45 rows=0 width=0)
	  ->  Index Scan using sbtest1_pkey on sbtest1  (cost=0.43..8.45 rows=1 width=6)
	        Index Cond: (id = 4635566)

table 2 : explain DELETE FROM sbtest2 WHERE id=2725034
	Delete on sbtest2  (cost=0.43..8.45 rows=0 width=0)
	  ->  Index Scan using sbtest2_pkey on sbtest2  (cost=0.43..8.45 rows=1 width=6)
	        Index Cond: (id = 2725034)

table 3 : explain DELETE FROM sbtest3 WHERE id=7980249
	Delete on sbtest3  (cost=0.43..8.45 rows=0 width=0)
	  ->  Index Scan using sbtest3_pkey on sbtest3  (cost=0.43..8.45 rows=1 width=6)
	        Index Cond: (id = 7980249)

table 4 : explain DELETE FROM sbtest4 WHERE id=7540659
	Delete on sbtest4  (cost=0.43..8.45 rows=0 width=0)
	  ->  Index Scan using sbtest4_pkey on sbtest4  (cost=0.43..8.45 rows=1 width=6)
	        Index Cond: (id = 7540659)

table 5 : explain DELETE FROM sbtest5 WHERE id=8855145
	Delete on sbtest5  (cost=0.43..8.45 rows=0 width=0)
	  ->  Index Scan using sbtest5_pkey on sbtest5  (cost=0.43..8.45 rows=1 width=6)
	        Index Cond: (id = 8855145)

table 6 : explain DELETE FROM sbtest6 WHERE id=1278686
	Delete on sbtest6  (cost=0.43..8.45 rows=0 width=0)
	  ->  Index Scan using sbtest6_pkey on sbtest6  (cost=0.43..8.45 rows=1 width=6)
	        Index Cond: (id = 1278686)

table 7 : explain DELETE FROM sbtest7 WHERE id=4980104
	Delete on sbtest7  (cost=0.43..8.45 rows=0 width=0)
	  ->  Index Scan using sbtest7_pkey on sbtest7  (cost=0.43..8.45 rows=1 width=6)
	        Index Cond: (id = 4980104)

table 8 : explain DELETE FROM sbtest8 WHERE id=2623645
	Delete on sbtest8  (cost=0.43..8.45 rows=0 width=0)
	  ->  Index Scan using sbtest8_pkey on sbtest8  (cost=0.43..8.45 rows=1 width=6)
	        Index Cond: (id = 2623645)

for inserts
table 1 : explain INSERT INTO sbtest1 (id, k, c, pad) VALUES (1251269, 13, 'foobar', 'foobar')
	Insert on sbtest1  (cost=0.00..0.01 rows=0 width=0)
	  ->  Result  (cost=0.00..0.01 rows=1 width=736)

table 2 : explain INSERT INTO sbtest2 (id, k, c, pad) VALUES (2068707, 13, 'foobar', 'foobar')
	Insert on sbtest2  (cost=0.00..0.01 rows=0 width=0)
	  ->  Result  (cost=0.00..0.01 rows=1 width=736)

table 3 : explain INSERT INTO sbtest3 (id, k, c, pad) VALUES (6880791, 13, 'foobar', 'foobar')
	Insert on sbtest3  (cost=0.00..0.01 rows=0 width=0)
	  ->  Result  (cost=0.00..0.01 rows=1 width=736)

table 4 : explain INSERT INTO sbtest4 (id, k, c, pad) VALUES (1486160, 13, 'foobar', 'foobar')
	Insert on sbtest4  (cost=0.00..0.01 rows=0 width=0)
	  ->  Result  (cost=0.00..0.01 rows=1 width=736)

table 5 : explain INSERT INTO sbtest5 (id, k, c, pad) VALUES (212489, 13, 'foobar', 'foobar')
	Insert on sbtest5  (cost=0.00..0.01 rows=0 width=0)
	  ->  Result  (cost=0.00..0.01 rows=1 width=736)

table 6 : explain INSERT INTO sbtest6 (id, k, c, pad) VALUES (6634575, 13, 'foobar', 'foobar')
	Insert on sbtest6  (cost=0.00..0.01 rows=0 width=0)
	  ->  Result  (cost=0.00..0.01 rows=1 width=736)

table 7 : explain INSERT INTO sbtest7 (id, k, c, pad) VALUES (6317743, 13, 'foobar', 'foobar')
	Insert on sbtest7  (cost=0.00..0.01 rows=0 width=0)
	  ->  Result  (cost=0.00..0.01 rows=1 width=736)

table 8 : explain INSERT INTO sbtest8 (id, k, c, pad) VALUES (5539615, 13, 'foobar', 'foobar')
	Insert on sbtest8  (cost=0.00..0.01 rows=0 width=0)
	  ->  Result  (cost=0.00..0.01 rows=1 width=736)

for non_index_updates
table 1 : explain UPDATE sbtest1 SET c='foobar' WHERE id=3547119
	Update on sbtest1  (cost=0.43..8.45 rows=0 width=0)
	  ->  Index Scan using sbtest1_pkey on sbtest1  (cost=0.43..8.45 rows=1 width=490)
	        Index Cond: (id = 3547119)

table 2 : explain UPDATE sbtest2 SET c='foobar' WHERE id=1342522
	Update on sbtest2  (cost=0.43..8.45 rows=0 width=0)
	  ->  Index Scan using sbtest2_pkey on sbtest2  (cost=0.43..8.45 rows=1 width=490)
	        Index Cond: (id = 1342522)

table 3 : explain UPDATE sbtest3 SET c='foobar' WHERE id=1451956
	Update on sbtest3  (cost=0.43..8.45 rows=0 width=0)
	  ->  Index Scan using sbtest3_pkey on sbtest3  (cost=0.43..8.45 rows=1 width=490)
	        Index Cond: (id = 1451956)

table 4 : explain UPDATE sbtest4 SET c='foobar' WHERE id=2646507
	Update on sbtest4  (cost=0.43..8.45 rows=0 width=0)
	  ->  Index Scan using sbtest4_pkey on sbtest4  (cost=0.43..8.45 rows=1 width=490)
	        Index Cond: (id = 2646507)

table 5 : explain UPDATE sbtest5 SET c='foobar' WHERE id=5895490
	Update on sbtest5  (cost=0.43..8.45 rows=0 width=0)
	  ->  Index Scan using sbtest5_pkey on sbtest5  (cost=0.43..8.45 rows=1 width=490)
	        Index Cond: (id = 5895490)

table 6 : explain UPDATE sbtest6 SET c='foobar' WHERE id=9520561
	Update on sbtest6  (cost=0.43..8.45 rows=0 width=0)
	  ->  Index Scan using sbtest6_pkey on sbtest6  (cost=0.43..8.45 rows=1 width=490)
	        Index Cond: (id = 9520561)

table 7 : explain UPDATE sbtest7 SET c='foobar' WHERE id=4667227
	Update on sbtest7  (cost=0.43..8.45 rows=0 width=0)
	  ->  Index Scan using sbtest7_pkey on sbtest7  (cost=0.43..8.45 rows=1 width=490)
	        Index Cond: (id = 4667227)

table 8 : explain UPDATE sbtest8 SET c='foobar' WHERE id=7545270
	Update on sbtest8  (cost=0.43..8.45 rows=0 width=0)
	  ->  Index Scan using sbtest8_pkey on sbtest8  (cost=0.43..8.45 rows=1 width=490)
	        Index Cond: (id = 7545270)

explain: for non_index_updates :: explain UPDATE sbtest%u SET c='foobar' WHERE id=%u
explain: for non_index_updates :: explain UPDATE sbtest%u SET c='foobar' WHERE id=%u
explain: for non_index_updates :: explain UPDATE sbtest%u SET c='foobar' WHERE id=%u
explain: for non_index_updates :: explain UPDATE sbtest%u SET c='foobar' WHERE id=%uexplain: for inserts :: explain INSERT INTO sbtest%u (id, k, c, pad) VALUES (%u, 13, 'foobar', 'foobar')
for deletes
table 1 : explain DELETE FROM sbtest1 WHERE id=3977824
	Delete on sbtest1  (cost=0.43..8.45 rows=0 width=0)
	  ->  Index Scan using sbtest1_pkey on sbtest1  (cost=0.43..8.45 rows=1 width=6)
	        Index Cond: (id = 3977824)

table 2 : explain DELETE FROM sbtest2 WHERE id=4165205
	Delete on sbtest2  (cost=0.43..8.45 rows=0 width=0)
	  ->  Index Scan using sbtest2_pkey on sbtest2  (cost=0.43..8.45 rows=1 width=6)
	        Index Cond: (id = 4165205)

table 3 : explain DELETE FROM sbtest3 WHERE id=7940236
	Delete on sbtest3  (cost=0.43..8.45 rows=0 width=0)
	  ->  Index Scan using sbtest3_pkey on sbtest3  (cost=0.43..8.45 rows=1 width=6)
	        Index Cond: (id = 7940236)

table 4 : explain DELETE FROM sbtest4 WHERE id=1320024
	Delete on sbtest4  (cost=0.43..8.45 rows=0 width=0)
	  ->  Index Scan using sbtest4_pkey on sbtest4  (cost=0.43..8.45 rows=1 width=6)
	        Index Cond: (id = 1320024)

table 5 : explain DELETE FROM sbtest5 WHERE id=3561031
	Delete on sbtest5  (cost=0.43..8.45 rows=0 width=0)
	  ->  Index Scan using sbtest5_pkey on sbtest5  (cost=0.43..8.45 rows=1 width=6)
	        Index Cond: (id = 3561031)

table 6 : explain DELETE FROM sbtest6 WHERE id=6250349
	Delete on sbtest6  (cost=0.43..8.45 rows=0 width=0)
	  ->  Index Scan using sbtest6_pkey on sbtest6  (cost=0.43..8.45 rows=1 width=6)
	        Index Cond: (id = 6250349)

table 7 : explain DELETE FROM sbtest7 WHERE id=7488535
	Delete on sbtest7  (cost=0.43..8.45 rows=0 width=0)
	  ->  Index Scan using sbtest7_pkey on sbtest7  (cost=0.43..8.45 rows=1 width=6)
	        Index Cond: (id = 7488535)

table 8 : explain DELETE FROM sbtest8 WHERE id=6402677
	Delete on sbtest8  (cost=0.43..8.45 rows=0 width=0)
	  ->  Index Scan using sbtest8_pkey on sbtest8  (cost=0.43..8.45 rows=1 width=6)
	        Index Cond: (id = 6402677)
for non_index_updates
table 1 : explain UPDATE sbtest1 SET c='foobar' WHERE id=7681387
	Update on sbtest1  (cost=0.43..8.45 rows=0 width=0)
	  ->  Index Scan using sbtest1_pkey on sbtest1  (cost=0.43..8.45 rows=1 width=490)
	        Index Cond: (id = 7681387)

table 2 : explain UPDATE sbtest2 SET c='foobar' WHERE id=5680287
	Update on sbtest2  (cost=0.43..8.45 rows=0 width=0)
	  ->  Index Scan using sbtest2_pkey on sbtest2  (cost=0.43..8.45 rows=1 width=490)
	        Index Cond: (id = 5680287)

table 3 : explain UPDATE sbtest3 SET c='foobar' WHERE id=5547699
	Update on sbtest3  (cost=0.43..8.45 rows=0 width=0)
	  ->  Index Scan using sbtest3_pkey on sbtest3  (cost=0.43..8.45 rows=1 width=490)
	        Index Cond: (id = 5547699)

table 4 : explain UPDATE sbtest4 SET c='foobar' WHERE id=4357198
	Update on sbtest4  (cost=0.43..8.45 rows=0 width=0)
	  ->  Index Scan using sbtest4_pkey on sbtest4  (cost=0.43..8.45 rows=1 width=490)
	        Index Cond: (id = 4357198)

table 5 : explain UPDATE sbtest5 SET c='foobar' WHERE id=7531896
	Update on sbtest5  (cost=0.43..8.45 rows=0 width=0)
	  ->  Index Scan using sbtest5_pkey on sbtest5  (cost=0.43..8.45 rows=1 width=490)
	        Index Cond: (id = 7531896)

table 6 : explain UPDATE sbtest6 SET c='foobar' WHERE id=6856279
	Update on sbtest6  (cost=0.43..8.45 rows=0 width=0)
	  ->  Index Scan using sbtest6_pkey on sbtest6  (cost=0.43..8.45 rows=1 width=490)
	        Index Cond: (id = 6856279)

table 7 : explain UPDATE sbtest7 SET c='foobar' WHERE id=8599036
	Update on sbtest7  (cost=0.43..8.45 rows=0 width=0)
	  ->  Index Scan using sbtest7_pkey on sbtest7  (cost=0.43..8.45 rows=1 width=490)
	        Index Cond: (id = 8599036)

table 8 : explain UPDATE sbtest8 SET c='foobar' WHERE id=1939433
	Update on sbtest8  (cost=0.43..8.45 rows=0 width=0)
	  ->  Index Scan using sbtest8_pkey on sbtest8  (cost=0.43..8.45 rows=1 width=490)
	        Index Cond: (id = 1939433)


for deletes
table 1 : explain DELETE FROM sbtest1 WHERE id=9859306
	Delete on sbtest1  (cost=0.43..8.45 rows=0 width=0)
	  ->  Index Scan using sbtest1_pkey on sbtest1  (cost=0.43..8.45 rows=1 width=6)
	        Index Cond: (id = 9859306)

table 2 : explain DELETE FROM sbtest2 WHERE id=1702853
	Delete on sbtest2  (cost=0.43..8.45 rows=0 width=0)
	  ->  Index Scan using sbtest2_pkey on sbtest2  (cost=0.43..8.45 rows=1 width=6)
	        Index Cond: (id = 1702853)

table 3 : explain DELETE FROM sbtest3 WHERE id=6381902
	Delete on sbtest3  (cost=0.43..8.45 rows=0 width=0)
	  ->  Index Scan using sbtest3_pkey on sbtest3  (cost=0.43..8.45 rows=1 width=6)
	        Index Cond: (id = 6381902)

table 4 : explain DELETE FROM sbtest4 WHERE id=735260
	Delete on sbtest4  (cost=0.43..8.45 rows=0 width=0)
	  ->  Index Scan using sbtest4_pkey on sbtest4  (cost=0.43..8.45 rows=1 width=6)
	        Index Cond: (id = 735260)

table 5 : explain DELETE FROM sbtest5 WHERE id=2441687
	Delete on sbtest5  (cost=0.43..8.45 rows=0 width=0)
	  ->  Index Scan using sbtest5_pkey on sbtest5  (cost=0.43..8.45 rows=1 width=6)
	        Index Cond: (id = 2441687)

table 6 : explain DELETE FROM sbtest6 WHERE id=9116470
	Delete on sbtest6  (cost=0.43..8.45 rows=0 width=0)
	  ->  Index Scan using sbtest6_pkey on sbtest6  (cost=0.43..8.45 rows=1 width=6)
	        Index Cond: (id = 9116470)

table 7 : explain DELETE FROM sbtest7 WHERE id=891214
	Delete on sbtest7  (cost=0.43..8.45 rows=0 width=0)
	  ->  Index Scan using sbtest7_pkey on sbtest7  (cost=0.43..8.45 rows=1 width=6)
	        Index Cond: (id = 891214)

table 8 : explain DELETE FROM sbtest8 WHERE id=791081
	Delete on sbtest8  (cost=0.43..8.45 rows=0 width=0)
	  ->  Index Scan using sbtest8_pkey on sbtest8  (cost=0.43..8.45 rows=1 width=6)
	        Index Cond: (id = 791081)


explain: for deletes :: explain DELETE FROM sbtest%u WHERE id=%u
explain: for inserts :: explain INSERT INTO sbtest%u (id, k, c, pad) VALUES (%u, 13, 'foobar', 'foobar')
explain: for inserts :: explain INSERT INTO sbtest%u (id, k, c, pad) VALUES (%u, 13, 'foobar', 'foobar')
explain: for deletes :: explain DELETE FROM sbtest%u WHERE id=%u
explain: for index_updates :: explain UPDATE sbtest%u SET k=k+1 WHERE id=%u
for non_index_updates
table 1 : explain UPDATE sbtest1 SET c='foobar' WHERE id=1753321
	Update on sbtest1  (cost=0.43..8.45 rows=0 width=0)
	  ->  Index Scan using sbtest1_pkey on sbtest1  (cost=0.43..8.45 rows=1 width=490)
	        Index Cond: (id = 1753321)

table 2 : explain UPDATE sbtest2 SET c='foobar' WHERE id=5535679
	Update on sbtest2  (cost=0.43..8.45 rows=0 width=0)
	  ->  Index Scan using sbtest2_pkey on sbtest2  (cost=0.43..8.45 rows=1 width=490)
	        Index Cond: (id = 5535679)

table 3 : explain UPDATE sbtest3 SET c='foobar' WHERE id=1134459
	Update on sbtest3  (cost=0.43..8.45 rows=0 width=0)
	  ->  Index Scan using sbtest3_pkey on sbtest3  (cost=0.43..8.45 rows=1 width=490)
	        Index Cond: (id = 1134459)

table 4 : explain UPDATE sbtest4 SET c='foobar' WHERE id=5720242
	Update on sbtest4  (cost=0.43..8.45 rows=0 width=0)
	  ->  Index Scan using sbtest4_pkey on sbtest4  (cost=0.43..8.45 rows=1 width=490)
	        Index Cond: (id = 5720242)

table 5 : explain UPDATE sbtest5 SET c='foobar' WHERE id=5001448
	Update on sbtest5  (cost=0.43..8.45 rows=0 width=0)
	  ->  Index Scan using sbtest5_pkey on sbtest5  (cost=0.43..8.45 rows=1 width=490)
	        Index Cond: (id = 5001448)

table 6 : explain UPDATE sbtest6 SET c='foobar' WHERE id=362596
	Update on sbtest6  (cost=0.43..8.45 rows=0 width=0)
	  ->  Index Scan using sbtest6_pkey on sbtest6  (cost=0.43..8.45 rows=1 width=490)
	        Index Cond: (id = 362596)

table 7 : explain UPDATE sbtest7 SET c='foobar' WHERE id=787010
	Update on sbtest7  (cost=0.43..8.45 rows=0 width=0)
	  ->  Index Scan using sbtest7_pkey on sbtest7  (cost=0.43..8.45 rows=1 width=490)
	        Index Cond: (id = 787010)

table 8 : explain UPDATE sbtest8 SET c='foobar' WHERE id=4553351
	Update on sbtest8  (cost=0.43..8.45 rows=0 width=0)
	  ->  Index Scan using sbtest8_pkey on sbtest8  (cost=0.43..8.45 rows=1 width=490)
	        Index Cond: (id = 4553351)

explain: for inserts :: explain INSERT INTO sbtest%u (id, k, c, pad) VALUES (%u, 13, 'foobar', 'foobar')
for non_index_updates
table 1 : explain UPDATE sbtest1 SET c='foobar' WHERE id=3916538
	Update on sbtest1  (cost=0.43..8.45 rows=0 width=0)
	  ->  Index Scan using sbtest1_pkey on sbtest1  (cost=0.43..8.45 rows=1 width=490)
	        Index Cond: (id = 3916538)

table 2 : explain UPDATE sbtest2 SET c='foobar' WHERE id=9932721
	Update on sbtest2  (cost=0.43..8.45 rows=0 width=0)
	  ->  Index Scan using sbtest2_pkey on sbtest2  (cost=0.43..8.45 rows=1 width=490)
	        Index Cond: (id = 9932721)

table 3 : explain UPDATE sbtest3 SET c='foobar' WHERE id=7839246
	Update on sbtest3  (cost=0.43..8.45 rows=0 width=0)
	  ->  Index Scan using sbtest3_pkey on sbtest3  (cost=0.43..8.45 rows=1 width=490)
	        Index Cond: (id = 7839246)

table 4 : explain UPDATE sbtest4 SET c='foobar' WHERE id=7927919
	Update on sbtest4  (cost=0.43..8.45 rows=0 width=0)
	  ->  Index Scan using sbtest4_pkey on sbtest4  (cost=0.43..8.45 rows=1 width=490)
	        Index Cond: (id = 7927919)

table 5 : explain UPDATE sbtest5 SET c='foobar' WHERE id=1303599
	Update on sbtest5  (cost=0.43..8.45 rows=0 width=0)
	  ->  Index Scan using sbtest5_pkey on sbtest5  (cost=0.43..8.45 rows=1 width=490)
	        Index Cond: (id = 1303599)

table 6 : explain UPDATE sbtest6 SET c='foobar' WHERE id=7538921
	Update on sbtest6  (cost=0.43..8.45 rows=0 width=0)
	  ->  Index Scan using sbtest6_pkey on sbtest6  (cost=0.43..8.45 rows=1 width=490)
	        Index Cond: (id = 7538921)

table 7 : explain UPDATE sbtest7 SET c='foobar' WHERE id=9164733
	Update on sbtest7  (cost=0.43..8.45 rows=0 width=0)
	  ->  Index Scan using sbtest7_pkey on sbtest7  (cost=0.43..8.45 rows=1 width=490)
	        Index Cond: (id = 9164733)

table 8 : explain UPDATE sbtest8 SET c='foobar' WHERE id=2255351
	Update on sbtest8  (cost=0.43..8.45 rows=0 width=0)
	  ->  Index Scan using sbtest8_pkey on sbtest8  (cost=0.43..8.45 rows=1 width=490)
	        Index Cond: (id = 2255351)

explain: for inserts :: explain INSERT INTO sbtest%u (id, k, c, pad) VALUES (%u, 13, 'foobar', 'foobar')
for non_index_updates
table 1 : explain UPDATE sbtest1 SET c='foobar' WHERE id=8027823
	Update on sbtest1  (cost=0.43..8.45 rows=0 width=0)
	  ->  Index Scan using sbtest1_pkey on sbtest1  (cost=0.43..8.45 rows=1 width=490)
	        Index Cond: (id = 8027823)

table 2 : explain UPDATE sbtest2 SET c='foobar' WHERE id=8237839
	Update on sbtest2  (cost=0.43..8.45 rows=0 width=0)
	  ->  Index Scan using sbtest2_pkey on sbtest2  (cost=0.43..8.45 rows=1 width=490)
	        Index Cond: (id = 8237839)

table 3 : explain UPDATE sbtest3 SET c='foobar' WHERE id=7939900
	Update on sbtest3  (cost=0.43..8.45 rows=0 width=0)
	  ->  Index Scan using sbtest3_pkey on sbtest3  (cost=0.43..8.45 rows=1 width=490)
	        Index Cond: (id = 7939900)

table 4 : explain UPDATE sbtest4 SET c='foobar' WHERE id=4800661
	Update on sbtest4  (cost=0.43..8.45 rows=0 width=0)
	  ->  Index Scan using sbtest4_pkey on sbtest4  (cost=0.43..8.45 rows=1 width=490)
	        Index Cond: (id = 4800661)

table 5 : explain UPDATE sbtest5 SET c='foobar' WHERE id=4871270
	Update on sbtest5  (cost=0.43..8.45 rows=0 width=0)
	  ->  Index Scan using sbtest5_pkey on sbtest5  (cost=0.43..8.45 rows=1 width=490)
	        Index Cond: (id = 4871270)

table 6 : explain UPDATE sbtest6 SET c='foobar' WHERE id=6750909
	Update on sbtest6  (cost=0.43..8.45 rows=0 width=0)
	  ->  Index Scan using sbtest6_pkey on sbtest6  (cost=0.43..8.45 rows=1 width=490)
	        Index Cond: (id = 6750909)

table 7 : explain UPDATE sbtest7 SET c='foobar' WHERE id=1404394
	Update on sbtest7  (cost=0.43..8.45 rows=0 width=0)
	  ->  Index Scan using sbtest7_pkey on sbtest7  (cost=0.43..8.45 rows=1 width=490)
	        Index Cond: (id = 1404394)

table 8 : explain UPDATE sbtest8 SET c='foobar' WHERE id=609777
	Update on sbtest8  (cost=0.43..8.45 rows=0 width=0)
	  ->  Index Scan using sbtest8_pkey on sbtest8  (cost=0.43..8.45 rows=1 width=490)
	        Index Cond: (id = 609777)

for inserts
table 1 : explain INSERT INTO sbtest1 (id, k, c, pad) VALUES (6377099, 13, 'foobar', 'foobar')
	Insert on sbtest1  (cost=0.00..0.01 rows=0 width=0)
	  ->  Result  (cost=0.00..0.01 rows=1 width=736)

table 2 : explain INSERT INTO sbtest2 (id, k, c, pad) VALUES (5863160, 13, 'foobar', 'foobar')
	Insert on sbtest2  (cost=0.00..0.01 rows=0 width=0)
	  ->  Result  (cost=0.00..0.01 rows=1 width=736)

table 3 : explain INSERT INTO sbtest3 (id, k, c, pad) VALUES (4237341, 13, 'foobar', 'foobar')
	Insert on sbtest3  (cost=0.00..0.01 rows=0 width=0)
	  ->  Result  (cost=0.00..0.01 rows=1 width=736)

table 4 : explain INSERT INTO sbtest4 (id, k, c, pad) VALUES (9833236, 13, 'foobar', 'foobar')
	Insert on sbtest4  (cost=0.00..0.01 rows=0 width=0)
	  ->  Result  (cost=0.00..0.01 rows=1 width=736)

table 5 : explain INSERT INTO sbtest5 (id, k, c, pad) VALUES (5635723, 13, 'foobar', 'foobar')
	Insert on sbtest5  (cost=0.00..0.01 rows=0 width=0)
	  ->  Result  (cost=0.00..0.01 rows=1 width=736)

table 6 : explain INSERT INTO sbtest6 (id, k, c, pad) VALUES (7968754, 13, 'foobar', 'foobar')
	Insert on sbtest6  (cost=0.00..0.01 rows=0 width=0)
	  ->  Result  (cost=0.00..0.01 rows=1 width=736)

table 7 : explain INSERT INTO sbtest7 (id, k, c, pad) VALUES (7607220, 13, 'foobar', 'foobar')
	Insert on sbtest7  (cost=0.00..0.01 rows=0 width=0)
	  ->  Result  (cost=0.00..0.01 rows=1 width=736)

table 8 : explain INSERT INTO sbtest8 (id, k, c, pad) VALUES (9936609, 13, 'foobar', 'foobar')
	Insert on sbtest8  (cost=0.00..0.01 rows=0 width=0)
	  ->  Result  (cost=0.00..0.01 rows=1 width=736)

for inserts
table 1 : explain INSERT INTO sbtest1 (id, k, c, pad) VALUES (3533479, 13, 'foobar', 'foobar')
	Insert on sbtest1  (cost=0.00..0.01 rows=0 width=0)
	  ->  Result  (cost=0.00..0.01 rows=1 width=736)

table 2 : explain INSERT INTO sbtest2 (id, k, c, pad) VALUES (7008427, 13, 'foobar', 'foobar')
	Insert on sbtest2  (cost=0.00..0.01 rows=0 width=0)
	  ->  Result  (cost=0.00..0.01 rows=1 width=736)

table 3 : explain INSERT INTO sbtest3 (id, k, c, pad) VALUES (8507265, 13, 'foobar', 'foobar')
	Insert on sbtest3  (cost=0.00..0.01 rows=0 width=0)
	  ->  Result  (cost=0.00..0.01 rows=1 width=736)

table 4 : explain INSERT INTO sbtest4 (id, k, c, pad) VALUES (888417, 13, 'foobar', 'foobar')
	Insert on sbtest4  (cost=0.00..0.01 rows=0 width=0)
	  ->  Result  (cost=0.00..0.01 rows=1 width=736)

table 5 : explain INSERT INTO sbtest5 (id, k, c, pad) VALUES (759052, 13, 'foobar', 'foobar')
	Insert on sbtest5  (cost=0.00..0.01 rows=0 width=0)
	  ->  Result  (cost=0.00..0.01 rows=1 width=736)

table 6 : explain INSERT INTO sbtest6 (id, k, c, pad) VALUES (7734434, 13, 'foobar', 'foobar')
	Insert on sbtest6  (cost=0.00..0.01 rows=0 width=0)
	  ->  Result  (cost=0.00..0.01 rows=1 width=736)

table 7 : explain INSERT INTO sbtest7 (id, k, c, pad) VALUES (1918887, 13, 'foobar', 'foobar')
	Insert on sbtest7  (cost=0.00..0.01 rows=0 width=0)
	  ->  Result  (cost=0.00..0.01 rows=1 width=736)

table 8 : explain INSERT INTO sbtest8 (id, k, c, pad) VALUES (3331819, 13, 'foobar', 'foobar')
	Insert on sbtest8  (cost=0.00..0.01 rows=0 width=0)
	  ->  Result  (cost=0.00..0.01 rows=1 width=736)

for inserts
table 1 : explain INSERT INTO sbtest1 (id, k, c, pad) VALUES (461291, 13, 'foobar', 'foobar')
	Insert on sbtest1  (cost=0.00..0.01 rows=0 width=0)
	  ->  Result  (cost=0.00..0.01 rows=1 width=736)

table 2 : explain INSERT INTO sbtest2 (id, k, c, pad) VALUES (1910699, 13, 'foobar', 'foobar')
	Insert on sbtest2  (cost=0.00..0.01 rows=0 width=0)
	  ->  Result  (cost=0.00..0.01 rows=1 width=736)

table 3 : explain INSERT INTO sbtest3 (id, k, c, pad) VALUES (1100867, 13, 'foobar', 'foobar')
	Insert on sbtest3  (cost=0.00..0.01 rows=0 width=0)
	  ->  Result  (cost=0.00..0.01 rows=1 width=736)

table 4 : explain INSERT INTO sbtest4 (id, k, c, pad) VALUES (4796238, 13, 'foobar', 'foobar')
	Insert on sbtest4  (cost=0.00..0.01 rows=0 width=0)
	  ->  Result  (cost=0.00..0.01 rows=1 width=736)

table 5 : explain INSERT INTO sbtest5 (id, k, c, pad) VALUES (9728228, 13, 'foobar', 'foobar')
	Insert on sbtest5  (cost=0.00..0.01 rows=0 width=0)
	  ->  Result  (cost=0.00..0.01 rows=1 width=736)

table 6 : explain INSERT INTO sbtest6 (id, k, c, pad) VALUES (4954342, 13, 'foobar', 'foobar')
	Insert on sbtest6  (cost=0.00..0.01 rows=0 width=0)
	  ->  Result  (cost=0.00..0.01 rows=1 width=736)

table 7 : explain INSERT INTO sbtest7 (id, k, c, pad) VALUES (8421171, 13, 'foobar', 'foobar')
	Insert on sbtest7  (cost=0.00..0.01 rows=0 width=0)
	  ->  Result  (cost=0.00..0.01 rows=1 width=736)

table 8 : explain INSERT INTO sbtest8 (id, k, c, pad) VALUES (7716499, 13, 'foobar', 'foobar')
	Insert on sbtest8  (cost=0.00..0.01 rows=0 width=0)
	  ->  Result  (cost=0.00..0.01 rows=1 width=736)

for deletes
table 1 : explain DELETE FROM sbtest1 WHERE id=264857
	Delete on sbtest1  (cost=0.43..8.45 rows=0 width=0)
	  ->  Index Scan using sbtest1_pkey on sbtest1  (cost=0.43..8.45 rows=1 width=6)
	        Index Cond: (id = 264857)

table 2 : explain DELETE FROM sbtest2 WHERE id=4872617
	Delete on sbtest2  (cost=0.43..8.45 rows=0 width=0)
	  ->  Index Scan using sbtest2_pkey on sbtest2  (cost=0.43..8.45 rows=1 width=6)
	        Index Cond: (id = 4872617)

table 3 : explain DELETE FROM sbtest3 WHERE id=4800134
	Delete on sbtest3  (cost=0.43..8.45 rows=0 width=0)
	  ->  Index Scan using sbtest3_pkey on sbtest3  (cost=0.43..8.45 rows=1 width=6)
	        Index Cond: (id = 4800134)

table 4 : explain DELETE FROM sbtest4 WHERE id=849250
	Delete on sbtest4  (cost=0.43..8.45 rows=0 width=0)
	  ->  Index Scan using sbtest4_pkey on sbtest4  (cost=0.43..8.45 rows=1 width=6)
	        Index Cond: (id = 849250)

table 5 : explain DELETE FROM sbtest5 WHERE id=5472854
	Delete on sbtest5  (cost=0.43..8.45 rows=0 width=0)
	  ->  Index Scan using sbtest5_pkey on sbtest5  (cost=0.43..8.45 rows=1 width=6)
	        Index Cond: (id = 5472854)

table 6 : explain DELETE FROM sbtest6 WHERE id=4293386
	Delete on sbtest6  (cost=0.43..8.45 rows=0 width=0)
	  ->  Index Scan using sbtest6_pkey on sbtest6  (cost=0.43..8.45 rows=1 width=6)
	        Index Cond: (id = 4293386)

table 7 : explain DELETE FROM sbtest7 WHERE id=803821
	Delete on sbtest7  (cost=0.43..8.45 rows=0 width=0)
	  ->  Index Scan using sbtest7_pkey on sbtest7  (cost=0.43..8.45 rows=1 width=6)
	        Index Cond: (id = 803821)

table 8 : explain DELETE FROM sbtest8 WHERE id=6465632
	Delete on sbtest8  (cost=0.43..8.45 rows=0 width=0)
	  ->  Index Scan using sbtest8_pkey on sbtest8  (cost=0.43..8.45 rows=1 width=6)
	        Index Cond: (id = 6465632)

explain: for deletes :: explain DELETE FROM sbtest%u WHERE id=%u
for non_index_updates
table 1 : explain UPDATE sbtest1 SET c='foobar' WHERE id=9774073
	Update on sbtest1  (cost=0.43..8.45 rows=0 width=0)
	  ->  Index Scan using sbtest1_pkey on sbtest1  (cost=0.43..8.45 rows=1 width=490)
	        Index Cond: (id = 9774073)

table 2 : explain UPDATE sbtest2 SET c='foobar' WHERE id=1622660
	Update on sbtest2  (cost=0.43..8.45 rows=0 width=0)
	  ->  Index Scan using sbtest2_pkey on sbtest2  (cost=0.43..8.45 rows=1 width=490)
	        Index Cond: (id = 1622660)

table 3 : explain UPDATE sbtest3 SET c='foobar' WHERE id=8475589
	Update on sbtest3  (cost=0.43..8.45 rows=0 width=0)
	  ->  Index Scan using sbtest3_pkey on sbtest3  (cost=0.43..8.45 rows=1 width=490)
	        Index Cond: (id = 8475589)

table 4 : explain UPDATE sbtest4 SET c='foobar' WHERE id=7918822
	Update on sbtest4  (cost=0.43..8.45 rows=0 width=0)
	  ->  Index Scan using sbtest4_pkey on sbtest4  (cost=0.43..8.45 rows=1 width=490)
	        Index Cond: (id = 7918822)

table 5 : explain UPDATE sbtest5 SET c='foobar' WHERE id=3285901
	Update on sbtest5  (cost=0.43..8.45 rows=0 width=0)
	  ->  Index Scan using sbtest5_pkey on sbtest5  (cost=0.43..8.45 rows=1 width=490)
	        Index Cond: (id = 3285901)

table 6 : explain UPDATE sbtest6 SET c='foobar' WHERE id=6563111
	Update on sbtest6  (cost=0.43..8.45 rows=0 width=0)
	  ->  Index Scan using sbtest6_pkey on sbtest6  (cost=0.43..8.45 rows=1 width=490)
	        Index Cond: (id = 6563111)

table 7 : explain UPDATE sbtest7 SET c='foobar' WHERE id=1561581
	Update on sbtest7  (cost=0.43..8.45 rows=0 width=0)
	  ->  Index Scan using sbtest7_pkey on sbtest7  (cost=0.43..8.45 rows=1 width=490)
	        Index Cond: (id = 1561581)

table 8 : explain UPDATE sbtest8 SET c='foobar' WHERE id=132129
	Update on sbtest8  (cost=0.43..8.45 rows=0 width=0)
	  ->  Index Scan using sbtest8_pkey on sbtest8  (cost=0.43..8.45 rows=1 width=490)
	        Index Cond: (id = 132129)

explain: for deletes :: explain DELETE FROM sbtest%u WHERE id=%u
explain: for deletes :: explain DELETE FROM sbtest%u WHERE id=%u
for inserts
table 1 : explain INSERT INTO sbtest1 (id, k, c, pad) VALUES (7413262, 13, 'foobar', 'foobar')
	Insert on sbtest1  (cost=0.00..0.01 rows=0 width=0)
	  ->  Result  (cost=0.00..0.01 rows=1 width=736)

table 2 : explain INSERT INTO sbtest2 (id, k, c, pad) VALUES (1937021, 13, 'foobar', 'foobar')
	Insert on sbtest2  (cost=0.00..0.01 rows=0 width=0)
	  ->  Result  (cost=0.00..0.01 rows=1 width=736)

table 3 : explain INSERT INTO sbtest3 (id, k, c, pad) VALUES (7016719, 13, 'foobar', 'foobar')
	Insert on sbtest3  (cost=0.00..0.01 rows=0 width=0)
	  ->  Result  (cost=0.00..0.01 rows=1 width=736)

table 4 : explain INSERT INTO sbtest4 (id, k, c, pad) VALUES (8365535, 13, 'foobar', 'foobar')
	Insert on sbtest4  (cost=0.00..0.01 rows=0 width=0)
	  ->  Result  (cost=0.00..0.01 rows=1 width=736)

table 5 : explain INSERT INTO sbtest5 (id, k, c, pad) VALUES (5920344, 13, 'foobar', 'foobar')
	Insert on sbtest5  (cost=0.00..0.01 rows=0 width=0)
	  ->  Result  (cost=0.00..0.01 rows=1 width=736)

table 6 : explain INSERT INTO sbtest6 (id, k, c, pad) VALUES (9082354, 13, 'foobar', 'foobar')
	Insert on sbtest6  (cost=0.00..0.01 rows=0 width=0)
	  ->  Result  (cost=0.00..0.01 rows=1 width=736)

table 7 : explain INSERT INTO sbtest7 (id, k, c, pad) VALUES (9922680, 13, 'foobar', 'foobar')
	Insert on sbtest7  (cost=0.00..0.01 rows=0 width=0)
	  ->  Result  (cost=0.00..0.01 rows=1 width=736)

table 8 : explain INSERT INTO sbtest8 (id, k, c, pad) VALUES (7674124, 13, 'foobar', 'foobar')
	Insert on sbtest8  (cost=0.00..0.01 rows=0 width=0)
	  ->  Result  (cost=0.00..0.01 rows=1 width=736)

for deletes
table 1 : explain DELETE FROM sbtest1 WHERE id=9958075
	Delete on sbtest1  (cost=0.43..8.45 rows=0 width=0)
	  ->  Index Scan using sbtest1_pkey on sbtest1  (cost=0.43..8.45 rows=1 width=6)
	        Index Cond: (id = 9958075)

table 2 : explain DELETE FROM sbtest2 WHERE id=9696788
	Delete on sbtest2  (cost=0.43..8.45 rows=0 width=0)
	  ->  Index Scan using sbtest2_pkey on sbtest2  (cost=0.43..8.45 rows=1 width=6)
	        Index Cond: (id = 9696788)

table 3 : explain DELETE FROM sbtest3 WHERE id=3359226
	Delete on sbtest3  (cost=0.43..8.45 rows=0 width=0)
	  ->  Index Scan using sbtest3_pkey on sbtest3  (cost=0.43..8.45 rows=1 width=6)
	        Index Cond: (id = 3359226)

table 4 : explain DELETE FROM sbtest4 WHERE id=1465517
	Delete on sbtest4  (cost=0.43..8.45 rows=0 width=0)
	  ->  Index Scan using sbtest4_pkey on sbtest4  (cost=0.43..8.45 rows=1 width=6)
	        Index Cond: (id = 1465517)

table 5 : explain DELETE FROM sbtest5 WHERE id=7012319
	Delete on sbtest5  (cost=0.43..8.45 rows=0 width=0)
	  ->  Index Scan using sbtest5_pkey on sbtest5  (cost=0.43..8.45 rows=1 width=6)
	        Index Cond: (id = 7012319)

table 6 : explain DELETE FROM sbtest6 WHERE id=2423868
	Delete on sbtest6  (cost=0.43..8.45 rows=0 width=0)
	  ->  Index Scan using sbtest6_pkey on sbtest6  (cost=0.43..8.45 rows=1 width=6)
	        Index Cond: (id = 2423868)

table 7 : explain DELETE FROM sbtest7 WHERE id=2741291
	Delete on sbtest7  (cost=0.43..8.45 rows=0 width=0)
	  ->  Index Scan using sbtest7_pkey on sbtest7  (cost=0.43..8.45 rows=1 width=6)
	        Index Cond: (id = 2741291)

table 8 : explain DELETE FROM sbtest8 WHERE id=6378912
	Delete on sbtest8  (cost=0.43..8.45 rows=0 width=0)
	  ->  Index Scan using sbtest8_pkey on sbtest8  (cost=0.43..8.45 rows=1 width=6)
	        Index Cond: (id = 6378912)

for inserts
table 1 : explain INSERT INTO sbtest1 (id, k, c, pad) VALUES (245559, 13, 'foobar', 'foobar')
	Insert on sbtest1  (cost=0.00..0.01 rows=0 width=0)
	  ->  Result  (cost=0.00..0.01 rows=1 width=736)

table 2 : explain INSERT INTO sbtest2 (id, k, c, pad) VALUES (3400583, 13, 'foobar', 'foobar')
	Insert on sbtest2  (cost=0.00..0.01 rows=0 width=0)
	  ->  Result  (cost=0.00..0.01 rows=1 width=736)

table 3 : explain INSERT INTO sbtest3 (id, k, c, pad) VALUES (3900641, 13, 'foobar', 'foobar')
	Insert on sbtest3  (cost=0.00..0.01 rows=0 width=0)
	  ->  Result  (cost=0.00..0.01 rows=1 width=736)

table 4 : explain INSERT INTO sbtest4 (id, k, c, pad) VALUES (5323438, 13, 'foobar', 'foobar')
	Insert on sbtest4  (cost=0.00..0.01 rows=0 width=0)
	  ->  Result  (cost=0.00..0.01 rows=1 width=736)

table 5 : explain INSERT INTO sbtest5 (id, k, c, pad) VALUES (8270, 13, 'foobar', 'foobar')
	Insert on sbtest5  (cost=0.00..0.01 rows=0 width=0)
	  ->  Result  (cost=0.00..0.01 rows=1 width=736)

table 6 : explain INSERT INTO sbtest6 (id, k, c, pad) VALUES (8948187, 13, 'foobar', 'foobar')
	Insert on sbtest6  (cost=0.00..0.01 rows=0 width=0)
	  ->  Result  (cost=0.00..0.01 rows=1 width=736)

table 7 : explain INSERT INTO sbtest7 (id, k, c, pad) VALUES (1641419, 13, 'foobar', 'foobar')
	Insert on sbtest7  (cost=0.00..0.01 rows=0 width=0)
	  ->  Result  (cost=0.00..0.01 rows=1 width=736)

table 8 : explain INSERT INTO sbtest8 (id, k, c, pad) VALUES (4789599, 13, 'foobar', 'foobar')
	Insert on sbtest8  (cost=0.00..0.01 rows=0 width=0)
	  ->  Result  (cost=0.00..0.01 rows=1 width=736)

explain: for inserts :: explain INSERT INTO sbtest%u (id, k, c, pad) VALUES (%u, 13, 'foobar', 'foobar')
explain: for deletes :: explain DELETE FROM sbtest%u WHERE id=%u
for deletes
table 1 : explain DELETE FROM sbtest1 WHERE id=3353013
	Delete on sbtest1  (cost=0.43..8.45 rows=0 width=0)
	  ->  Index Scan using sbtest1_pkey on sbtest1  (cost=0.43..8.45 rows=1 width=6)
	        Index Cond: (id = 3353013)

table 2 : explain DELETE FROM sbtest2 WHERE id=559460
	Delete on sbtest2  (cost=0.43..8.45 rows=0 width=0)
	  ->  Index Scan using sbtest2_pkey on sbtest2  (cost=0.43..8.45 rows=1 width=6)
	        Index Cond: (id = 559460)

table 3 : explain DELETE FROM sbtest3 WHERE id=210866
	Delete on sbtest3  (cost=0.43..8.45 rows=0 width=0)
	  ->  Index Scan using sbtest3_pkey on sbtest3  (cost=0.43..8.45 rows=1 width=6)
	        Index Cond: (id = 210866)

table 4 : explain DELETE FROM sbtest4 WHERE id=5982500
	Delete on sbtest4  (cost=0.43..8.45 rows=0 width=0)
	  ->  Index Scan using sbtest4_pkey on sbtest4  (cost=0.43..8.45 rows=1 width=6)
	        Index Cond: (id = 5982500)

table 5 : explain DELETE FROM sbtest5 WHERE id=6507275
	Delete on sbtest5  (cost=0.43..8.45 rows=0 width=0)
	  ->  Index Scan using sbtest5_pkey on sbtest5  (cost=0.43..8.45 rows=1 width=6)
	        Index Cond: (id = 6507275)

table 6 : explain DELETE FROM sbtest6 WHERE id=5338622
	Delete on sbtest6  (cost=0.43..8.45 rows=0 width=0)
	  ->  Index Scan using sbtest6_pkey on sbtest6  (cost=0.43..8.45 rows=1 width=6)
	        Index Cond: (id = 5338622)

table 7 : explain DELETE FROM sbtest7 WHERE id=6125924
	Delete on sbtest7  (cost=0.43..8.45 rows=0 width=0)
	  ->  Index Scan using sbtest7_pkey on sbtest7  (cost=0.43..8.45 rows=1 width=6)
	        Index Cond: (id = 6125924)

table 8 : explain DELETE FROM sbtest8 WHERE id=7651477
	Delete on sbtest8  (cost=0.43..8.45 rows=0 width=0)
	  ->  Index Scan using sbtest8_pkey on sbtest8  (cost=0.43..8.45 rows=1 width=6)
	        Index Cond: (id = 7651477)

for deletes
table 1 : explain DELETE FROM sbtest1 WHERE id=1243336
	Delete on sbtest1  (cost=0.43..8.45 rows=0 width=0)
	  ->  Index Scan using sbtest1_pkey on sbtest1  (cost=0.43..8.45 rows=1 width=6)
	        Index Cond: (id = 1243336)

table 2 : explain DELETE FROM sbtest2 WHERE id=6430220
	Delete on sbtest2  (cost=0.43..8.45 rows=0 width=0)
	  ->  Index Scan using sbtest2_pkey on sbtest2  (cost=0.43..8.45 rows=1 width=6)
	        Index Cond: (id = 6430220)

table 3 : explain DELETE FROM sbtest3 WHERE id=1045400
	Delete on sbtest3  (cost=0.43..8.45 rows=0 width=0)
	  ->  Index Scan using sbtest3_pkey on sbtest3  (cost=0.43..8.45 rows=1 width=6)
	        Index Cond: (id = 1045400)

table 4 : explain DELETE FROM sbtest4 WHERE id=6349601
	Delete on sbtest4  (cost=0.43..8.45 rows=0 width=0)
	  ->  Index Scan using sbtest4_pkey on sbtest4  (cost=0.43..8.45 rows=1 width=6)
	        Index Cond: (id = 6349601)

table 5 : explain DELETE FROM sbtest5 WHERE id=9608641
	Delete on sbtest5  (cost=0.43..8.45 rows=0 width=0)
	  ->  Index Scan using sbtest5_pkey on sbtest5  (cost=0.43..8.45 rows=1 width=6)
	        Index Cond: (id = 9608641)

table 6 : explain DELETE FROM sbtest6 WHERE id=7970849
	Delete on sbtest6  (cost=0.43..8.45 rows=0 width=0)
	  ->  Index Scan using sbtest6_pkey on sbtest6  (cost=0.43..8.45 rows=1 width=6)
	        Index Cond: (id = 7970849)

table 7 : explain DELETE FROM sbtest7 WHERE id=8731155
	Delete on sbtest7  (cost=0.43..8.45 rows=0 width=0)
	  ->  Index Scan using sbtest7_pkey on sbtest7  (cost=0.43..8.45 rows=1 width=6)
	        Index Cond: (id = 8731155)

table 8 : explain DELETE FROM sbtest8 WHERE id=8312308
	Delete on sbtest8  (cost=0.43..8.45 rows=0 width=0)
	  ->  Index Scan using sbtest8_pkey on sbtest8  (cost=0.43..8.45 rows=1 width=6)
	        Index Cond: (id = 8312308)

explain: for inserts :: explain INSERT INTO sbtest%u (id, k, c, pad) VALUES (%u, 13, 'foobar', 'foobar')
for deletes
table 1 : explain DELETE FROM sbtest1 WHERE id=6598037
	Delete on sbtest1  (cost=0.43..8.45 rows=0 width=0)
	  ->  Index Scan using sbtest1_pkey on sbtest1  (cost=0.43..8.45 rows=1 width=6)
	        Index Cond: (id = 6598037)

table 2 : explain DELETE FROM sbtest2 WHERE id=1689083
	Delete on sbtest2  (cost=0.43..8.45 rows=0 width=0)
	  ->  Index Scan using sbtest2_pkey on sbtest2  (cost=0.43..8.45 rows=1 width=6)
	        Index Cond: (id = 1689083)

table 3 : explain DELETE FROM sbtest3 WHERE id=9587587
	Delete on sbtest3  (cost=0.43..8.45 rows=0 width=0)
	  ->  Index Scan using sbtest3_pkey on sbtest3  (cost=0.43..8.45 rows=1 width=6)
	        Index Cond: (id = 9587587)

table 4 : explain DELETE FROM sbtest4 WHERE id=6882856
	Delete on sbtest4  (cost=0.43..8.45 rows=0 width=0)
	  ->  Index Scan using sbtest4_pkey on sbtest4  (cost=0.43..8.45 rows=1 width=6)
	        Index Cond: (id = 6882856)

table 5 : explain DELETE FROM sbtest5 WHERE id=6371635
	Delete on sbtest5  (cost=0.43..8.45 rows=0 width=0)
	  ->  Index Scan using sbtest5_pkey on sbtest5  (cost=0.43..8.45 rows=1 width=6)
	        Index Cond: (id = 6371635)

table 6 : explain DELETE FROM sbtest6 WHERE id=9199601
	Delete on sbtest6  (cost=0.43..8.45 rows=0 width=0)
	  ->  Index Scan using sbtest6_pkey on sbtest6  (cost=0.43..8.45 rows=1 width=6)
	        Index Cond: (id = 9199601)

table 7 : explain DELETE FROM sbtest7 WHERE id=8822669
	Delete on sbtest7  (cost=0.43..8.45 rows=0 width=0)
	  ->  Index Scan using sbtest7_pkey on sbtest7  (cost=0.43..8.45 rows=1 width=6)
	        Index Cond: (id = 8822669)

table 8 : explain DELETE FROM sbtest8 WHERE id=9305370
	Delete on sbtest8  (cost=0.43..8.45 rows=0 width=0)
	  ->  Index Scan using sbtest8_pkey on sbtest8  (cost=0.43..8.45 rows=1 width=6)
	        Index Cond: (id = 9305370)

for inserts
table 1 : explain INSERT INTO sbtest1 (id, k, c, pad) VALUES (9251925, 13, 'foobar', 'foobar')
	Insert on sbtest1  (cost=0.00..0.01 rows=0 width=0)
	  ->  Result  (cost=0.00..0.01 rows=1 width=736)

table 2 : explain INSERT INTO sbtest2 (id, k, c, pad) VALUES (372993, 13, 'foobar', 'foobar')
	Insert on sbtest2  (cost=0.00..0.01 rows=0 width=0)
	  ->  Result  (cost=0.00..0.01 rows=1 width=736)

table 3 : explain INSERT INTO sbtest3 (id, k, c, pad) VALUES (3643293, 13, 'foobar', 'foobar')
	Insert on sbtest3  (cost=0.00..0.01 rows=0 width=0)
	  ->  Result  (cost=0.00..0.01 rows=1 width=736)

table 4 : explain INSERT INTO sbtest4 (id, k, c, pad) VALUES (6263931, 13, 'foobar', 'foobar')
	Insert on sbtest4  (cost=0.00..0.01 rows=0 width=0)
	  ->  Result  (cost=0.00..0.01 rows=1 width=736)

table 5 : explain INSERT INTO sbtest5 (id, k, c, pad) VALUES (1648084, 13, 'foobar', 'foobar')
	Insert on sbtest5  (cost=0.00..0.01 rows=0 width=0)
	  ->  Result  (cost=0.00..0.01 rows=1 width=736)

table 6 : explain INSERT INTO sbtest6 (id, k, c, pad) VALUES (7054133, 13, 'foobar', 'foobar')
	Insert on sbtest6  (cost=0.00..0.01 rows=0 width=0)
	  ->  Result  (cost=0.00..0.01 rows=1 width=736)

table 7 : explain INSERT INTO sbtest7 (id, k, c, pad) VALUES (2390365, 13, 'foobar', 'foobar')
	Insert on sbtest7  (cost=0.00..0.01 rows=0 width=0)
	  ->  Result  (cost=0.00..0.01 rows=1 width=736)

table 8 : explain INSERT INTO sbtest8 (id, k, c, pad) VALUES (1257766, 13, 'foobar', 'foobar')
	Insert on sbtest8  (cost=0.00..0.01 rows=0 width=0)
	  ->  Result  (cost=0.00..0.01 rows=1 width=736)

for deletes
table 1 : explain DELETE FROM sbtest1 WHERE id=6892435
	Delete on sbtest1  (cost=0.43..8.45 rows=0 width=0)
	  ->  Index Scan using sbtest1_pkey on sbtest1  (cost=0.43..8.45 rows=1 width=6)
	        Index Cond: (id = 6892435)

table 2 : explain DELETE FROM sbtest2 WHERE id=5042431
	Delete on sbtest2  (cost=0.43..8.45 rows=0 width=0)
	  ->  Index Scan using sbtest2_pkey on sbtest2  (cost=0.43..8.45 rows=1 width=6)
	        Index Cond: (id = 5042431)

table 3 : explain DELETE FROM sbtest3 WHERE id=9168386
	Delete on sbtest3  (cost=0.43..8.45 rows=0 width=0)
	  ->  Index Scan using sbtest3_pkey on sbtest3  (cost=0.43..8.45 rows=1 width=6)
	        Index Cond: (id = 9168386)

table 4 : explain DELETE FROM sbtest4 WHERE id=1976378
	Delete on sbtest4  (cost=0.43..8.45 rows=0 width=0)
	  ->  Index Scan using sbtest4_pkey on sbtest4  (cost=0.43..8.45 rows=1 width=6)
	        Index Cond: (id = 1976378)

table 5 : explain DELETE FROM sbtest5 WHERE id=1769407
	Delete on sbtest5  (cost=0.43..8.45 rows=0 width=0)
	  ->  Index Scan using sbtest5_pkey on sbtest5  (cost=0.43..8.45 rows=1 width=6)
	        Index Cond: (id = 1769407)

table 6 : explain DELETE FROM sbtest6 WHERE id=854824
	Delete on sbtest6  (cost=0.43..8.45 rows=0 width=0)
	  ->  Index Scan using sbtest6_pkey on sbtest6  (cost=0.43..8.45 rows=1 width=6)
	        Index Cond: (id = 854824)

table 7 : explain DELETE FROM sbtest7 WHERE id=6842302
	Delete on sbtest7  (cost=0.43..8.45 rows=0 width=0)
	  ->  Index Scan using sbtest7_pkey on sbtest7  (cost=0.43..8.45 rows=1 width=6)
	        Index Cond: (id = 6842302)

table 8 : explain DELETE FROM sbtest8 WHERE id=6154422
	Delete on sbtest8  (cost=0.43..8.45 rows=0 width=0)
	  ->  Index Scan using sbtest8_pkey on sbtest8  (cost=0.43..8.45 rows=1 width=6)
	        Index Cond: (id = 6154422)

explain: for inserts :: explain INSERT INTO sbtest%u (id, k, c, pad) VALUES (%u, 13, 'foobar', 'foobar')
explain: for inserts :: explain INSERT INTO sbtest%u (id, k, c, pad) VALUES (%u, 13, 'foobar', 'foobar')
explain: for inserts :: explain INSERT INTO sbtest%u (id, k, c, pad) VALUES (%u, 13, 'foobar', 'foobar')
for inserts
table 1 : explain INSERT INTO sbtest1 (id, k, c, pad) VALUES (8245227, 13, 'foobar', 'foobar')
	Insert on sbtest1  (cost=0.00..0.01 rows=0 width=0)
	  ->  Result  (cost=0.00..0.01 rows=1 width=736)

table 2 : explain INSERT INTO sbtest2 (id, k, c, pad) VALUES (7664625, 13, 'foobar', 'foobar')
	Insert on sbtest2  (cost=0.00..0.01 rows=0 width=0)
	  ->  Result  (cost=0.00..0.01 rows=1 width=736)

table 3 : explain INSERT INTO sbtest3 (id, k, c, pad) VALUES (2136060, 13, 'foobar', 'foobar')
	Insert on sbtest3  (cost=0.00..0.01 rows=0 width=0)
	  ->  Result  (cost=0.00..0.01 rows=1 width=736)

table 4 : explain INSERT INTO sbtest4 (id, k, c, pad) VALUES (8449690, 13, 'foobar', 'foobar')
	Insert on sbtest4  (cost=0.00..0.01 rows=0 width=0)
	  ->  Result  (cost=0.00..0.01 rows=1 width=736)

table 5 : explain INSERT INTO sbtest5 (id, k, c, pad) VALUES (440903, 13, 'foobar', 'foobar')
	Insert on sbtest5  (cost=0.00..0.01 rows=0 width=0)
	  ->  Result  (cost=0.00..0.01 rows=1 width=736)

table 6 : explain INSERT INTO sbtest6 (id, k, c, pad) VALUES (3783343, 13, 'foobar', 'foobar')
	Insert on sbtest6  (cost=0.00..0.01 rows=0 width=0)
	  ->  Result  (cost=0.00..0.01 rows=1 width=736)

table 7 : explain INSERT INTO sbtest7 (id, k, c, pad) VALUES (4180944, 13, 'foobar', 'foobar')
	Insert on sbtest7  (cost=0.00..0.01 rows=0 width=0)
	  ->  Result  (cost=0.00..0.01 rows=1 width=736)

table 8 : explain INSERT INTO sbtest8 (id, k, c, pad) VALUES (4109676, 13, 'foobar', 'foobar')
	Insert on sbtest8  (cost=0.00..0.01 rows=0 width=0)
	  ->  Result  (cost=0.00..0.01 rows=1 width=736)

for index_updates
table 1 : explain UPDATE sbtest1 SET k=k+1 WHERE id=6852534
	Update on sbtest1  (cost=0.43..8.46 rows=0 width=0)
	  ->  Index Scan using sbtest1_pkey on sbtest1  (cost=0.43..8.46 rows=1 width=10)
	        Index Cond: (id = 6852534)

table 2 : explain UPDATE sbtest2 SET k=k+1 WHERE id=9128370
	Update on sbtest2  (cost=0.43..8.46 rows=0 width=0)
	  ->  Index Scan using sbtest2_pkey on sbtest2  (cost=0.43..8.46 rows=1 width=10)
	        Index Cond: (id = 9128370)

table 3 : explain UPDATE sbtest3 SET k=k+1 WHERE id=8009764
	Update on sbtest3  (cost=0.43..8.46 rows=0 width=0)
	  ->  Index Scan using sbtest3_pkey on sbtest3  (cost=0.43..8.46 rows=1 width=10)
	        Index Cond: (id = 8009764)

table 4 : explain UPDATE sbtest4 SET k=k+1 WHERE id=6903828
	Update on sbtest4  (cost=0.43..8.46 rows=0 width=0)
	  ->  Index Scan using sbtest4_pkey on sbtest4  (cost=0.43..8.46 rows=1 width=10)
	        Index Cond: (id = 6903828)

table 5 : explain UPDATE sbtest5 SET k=k+1 WHERE id=1462172
	Update on sbtest5  (cost=0.43..8.46 rows=0 width=0)
	  ->  Index Scan using sbtest5_pkey on sbtest5  (cost=0.43..8.46 rows=1 width=10)
	        Index Cond: (id = 1462172)

table 6 : explain UPDATE sbtest6 SET k=k+1 WHERE id=5855342
	Update on sbtest6  (cost=0.43..8.46 rows=0 width=0)
	  ->  Index Scan using sbtest6_pkey on sbtest6  (cost=0.43..8.46 rows=1 width=10)
	        Index Cond: (id = 5855342)

table 7 : explain UPDATE sbtest7 SET k=k+1 WHERE id=1332427
	Update on sbtest7  (cost=0.43..8.46 rows=0 width=0)
	  ->  Index Scan using sbtest7_pkey on sbtest7  (cost=0.43..8.46 rows=1 width=10)
	        Index Cond: (id = 1332427)

table 8 : explain UPDATE sbtest8 SET k=k+1 WHERE id=5292607
	Update on sbtest8  (cost=0.43..8.46 rows=0 width=0)
	  ->  Index Scan using sbtest8_pkey on sbtest8  (cost=0.43..8.46 rows=1 width=10)
	        Index Cond: (id = 5292607)

explain: for inserts :: explain INSERT INTO sbtest%u (id, k, c, pad) VALUES (%u, 13, 'foobar', 'foobar')
for inserts
table 1 : explain INSERT INTO sbtest1 (id, k, c, pad) VALUES (4400023, 13, 'foobar', 'foobar')
	Insert on sbtest1  (cost=0.00..0.01 rows=0 width=0)
	  ->  Result  (cost=0.00..0.01 rows=1 width=736)

table 2 : explain INSERT INTO sbtest2 (id, k, c, pad) VALUES (1678252, 13, 'foobar', 'foobar')
	Insert on sbtest2  (cost=0.00..0.01 rows=0 width=0)
	  ->  Result  (cost=0.00..0.01 rows=1 width=736)

table 3 : explain INSERT INTO sbtest3 (id, k, c, pad) VALUES (4694367, 13, 'foobar', 'foobar')
	Insert on sbtest3  (cost=0.00..0.01 rows=0 width=0)
	  ->  Result  (cost=0.00..0.01 rows=1 width=736)

table 4 : explain INSERT INTO sbtest4 (id, k, c, pad) VALUES (4265087, 13, 'foobar', 'foobar')
	Insert on sbtest4  (cost=0.00..0.01 rows=0 width=0)
	  ->  Result  (cost=0.00..0.01 rows=1 width=736)

table 5 : explain INSERT INTO sbtest5 (id, k, c, pad) VALUES (5607073, 13, 'foobar', 'foobar')
	Insert on sbtest5  (cost=0.00..0.01 rows=0 width=0)
	  ->  Result  (cost=0.00..0.01 rows=1 width=736)

table 6 : explain INSERT INTO sbtest6 (id, k, c, pad) VALUES (8053117, 13, 'foobar', 'foobar')
	Insert on sbtest6  (cost=0.00..0.01 rows=0 width=0)
	  ->  Result  (cost=0.00..0.01 rows=1 width=736)

table 7 : explain INSERT INTO sbtest7 (id, k, c, pad) VALUES (9248620, 13, 'foobar', 'foobar')
	Insert on sbtest7  (cost=0.00..0.01 rows=0 width=0)
	  ->  Result  (cost=0.00..0.01 rows=1 width=736)

table 8 : explain INSERT INTO sbtest8 (id, k, c, pad) VALUES (401025, 13, 'foobar', 'foobar')
	Insert on sbtest8  (cost=0.00..0.01 rows=0 width=0)
	  ->  Result  (cost=0.00..0.01 rows=1 width=736)

for inserts
table 1 : explain INSERT INTO sbtest1 (id, k, c, pad) VALUES (2122032, 13, 'foobar', 'foobar')
	Insert on sbtest1  (cost=0.00..0.01 rows=0 width=0)
	  ->  Result  (cost=0.00..0.01 rows=1 width=736)

table 2 : explain INSERT INTO sbtest2 (id, k, c, pad) VALUES (7073362, 13, 'foobar', 'foobar')
	Insert on sbtest2  (cost=0.00..0.01 rows=0 width=0)
	  ->  Result  (cost=0.00..0.01 rows=1 width=736)

table 3 : explain INSERT INTO sbtest3 (id, k, c, pad) VALUES (4810011, 13, 'foobar', 'foobar')
	Insert on sbtest3  (cost=0.00..0.01 rows=0 width=0)
	  ->  Result  (cost=0.00..0.01 rows=1 width=736)

table 4 : explain INSERT INTO sbtest4 (id, k, c, pad) VALUES (1890832, 13, 'foobar', 'foobar')
	Insert on sbtest4  (cost=0.00..0.01 rows=0 width=0)
	  ->  Result  (cost=0.00..0.01 rows=1 width=736)

table 5 : explain INSERT INTO sbtest5 (id, k, c, pad) VALUES (793628, 13, 'foobar', 'foobar')
	Insert on sbtest5  (cost=0.00..0.01 rows=0 width=0)
	  ->  Result  (cost=0.00..0.01 rows=1 width=736)

table 6 : explain INSERT INTO sbtest6 (id, k, c, pad) VALUES (6289326, 13, 'foobar', 'foobar')
	Insert on sbtest6  (cost=0.00..0.01 rows=0 width=0)
	  ->  Result  (cost=0.00..0.01 rows=1 width=736)

table 7 : explain INSERT INTO sbtest7 (id, k, c, pad) VALUES (7083782, 13, 'foobar', 'foobar')
	Insert on sbtest7  (cost=0.00..0.01 rows=0 width=0)
	  ->  Result  (cost=0.00..0.01 rows=1 width=736)

table 8 : explain INSERT INTO sbtest8 (id, k, c, pad) VALUES (610811, 13, 'foobar', 'foobar')
	Insert on sbtest8  (cost=0.00..0.01 rows=0 width=0)
	  ->  Result  (cost=0.00..0.01 rows=1 width=736)

for inserts
table 1 : explain INSERT INTO sbtest1 (id, k, c, pad) VALUES (1432654, 13, 'foobar', 'foobar')
	Insert on sbtest1  (cost=0.00..0.01 rows=0 width=0)
	  ->  Result  (cost=0.00..0.01 rows=1 width=736)

table 2 : explain INSERT INTO sbtest2 (id, k, c, pad) VALUES (6538250, 13, 'foobar', 'foobar')
	Insert on sbtest2  (cost=0.00..0.01 rows=0 width=0)
	  ->  Result  (cost=0.00..0.01 rows=1 width=736)

table 3 : explain INSERT INTO sbtest3 (id, k, c, pad) VALUES (4790875, 13, 'foobar', 'foobar')
	Insert on sbtest3  (cost=0.00..0.01 rows=0 width=0)
	  ->  Result  (cost=0.00..0.01 rows=1 width=736)

table 4 : explain INSERT INTO sbtest4 (id, k, c, pad) VALUES (3883728, 13, 'foobar', 'foobar')
	Insert on sbtest4  (cost=0.00..0.01 rows=0 width=0)
	  ->  Result  (cost=0.00..0.01 rows=1 width=736)

table 5 : explain INSERT INTO sbtest5 (id, k, c, pad) VALUES (4664149, 13, 'foobar', 'foobar')
	Insert on sbtest5  (cost=0.00..0.01 rows=0 width=0)
	  ->  Result  (cost=0.00..0.01 rows=1 width=736)

table 6 : explain INSERT INTO sbtest6 (id, k, c, pad) VALUES (5274775, 13, 'foobar', 'foobar')
	Insert on sbtest6  (cost=0.00..0.01 rows=0 width=0)
	  ->  Result  (cost=0.00..0.01 rows=1 width=736)

table 7 : explain INSERT INTO sbtest7 (id, k, c, pad) VALUES (40648, 13, 'foobar', 'foobar')
	Insert on sbtest7  (cost=0.00..0.01 rows=0 width=0)
	  ->  Result  (cost=0.00..0.01 rows=1 width=736)

table 8 : explain INSERT INTO sbtest8 (id, k, c, pad) VALUES (1661643, 13, 'foobar', 'foobar')
	Insert on sbtest8  (cost=0.00..0.01 rows=0 width=0)
	  ->  Result  (cost=0.00..0.01 rows=1 width=736)

explain: for non_index_updates :: explain UPDATE sbtest%u SET c='foobar' WHERE id=%u
for inserts
table 1 : explain INSERT INTO sbtest1 (id, k, c, pad) VALUES (2723466, 13, 'foobar', 'foobar')
	Insert on sbtest1  (cost=0.00..0.01 rows=0 width=0)
	  ->  Result  (cost=0.00..0.01 rows=1 width=736)

table 2 : explain INSERT INTO sbtest2 (id, k, c, pad) VALUES (5013152, 13, 'foobar', 'foobar')
	Insert on sbtest2  (cost=0.00..0.01 rows=0 width=0)
	  ->  Result  (cost=0.00..0.01 rows=1 width=736)

table 3 : explain INSERT INTO sbtest3 (id, k, c, pad) VALUES (7094988, 13, 'foobar', 'foobar')
	Insert on sbtest3  (cost=0.00..0.01 rows=0 width=0)
	  ->  Result  (cost=0.00..0.01 rows=1 width=736)

table 4 : explain INSERT INTO sbtest4 (id, k, c, pad) VALUES (52178, 13, 'foobar', 'foobar')
	Insert on sbtest4  (cost=0.00..0.01 rows=0 width=0)
	  ->  Result  (cost=0.00..0.01 rows=1 width=736)

table 5 : explain INSERT INTO sbtest5 (id, k, c, pad) VALUES (5605969, 13, 'foobar', 'foobar')
	Insert on sbtest5  (cost=0.00..0.01 rows=0 width=0)
	  ->  Result  (cost=0.00..0.01 rows=1 width=736)

table 6 : explain INSERT INTO sbtest6 (id, k, c, pad) VALUES (6574311, 13, 'foobar', 'foobar')
	Insert on sbtest6  (cost=0.00..0.01 rows=0 width=0)
	  ->  Result  (cost=0.00..0.01 rows=1 width=736)

table 7 : explain INSERT INTO sbtest7 (id, k, c, pad) VALUES (7666909, 13, 'foobar', 'foobar')
	Insert on sbtest7  (cost=0.00..0.01 rows=0 width=0)
	  ->  Result  (cost=0.00..0.01 rows=1 width=736)

table 8 : explain INSERT INTO sbtest8 (id, k, c, pad) VALUES (1749830, 13, 'foobar', 'foobar')
	Insert on sbtest8  (cost=0.00..0.01 rows=0 width=0)
	  ->  Result  (cost=0.00..0.01 rows=1 width=736)

for index_updates
table 1 : explain UPDATE sbtest1 SET k=k+1 WHERE id=89541
	Update on sbtest1  (cost=0.43..8.46 rows=0 width=0)
	  ->  Index Scan using sbtest1_pkey on sbtest1  (cost=0.43..8.46 rows=1 width=10)
	        Index Cond: (id = 89541)

table 2 : explain UPDATE sbtest2 SET k=k+1 WHERE id=3126896
	Update on sbtest2  (cost=0.43..8.46 rows=0 width=0)
	  ->  Index Scan using sbtest2_pkey on sbtest2  (cost=0.43..8.46 rows=1 width=10)
	        Index Cond: (id = 3126896)

table 3 : explain UPDATE sbtest3 SET k=k+1 WHERE id=4417182
	Update on sbtest3  (cost=0.43..8.46 rows=0 width=0)
	  ->  Index Scan using sbtest3_pkey on sbtest3  (cost=0.43..8.46 rows=1 width=10)
	        Index Cond: (id = 4417182)

table 4 : explain UPDATE sbtest4 SET k=k+1 WHERE id=6471296
	Update on sbtest4  (cost=0.43..8.46 rows=0 width=0)
	  ->  Index Scan using sbtest4_pkey on sbtest4  (cost=0.43..8.46 rows=1 width=10)
	        Index Cond: (id = 6471296)

table 5 : explain UPDATE sbtest5 SET k=k+1 WHERE id=8739401
	Update on sbtest5  (cost=0.43..8.46 rows=0 width=0)
	  ->  Index Scan using sbtest5_pkey on sbtest5  (cost=0.43..8.46 rows=1 width=10)
	        Index Cond: (id = 8739401)

table 6 : explain UPDATE sbtest6 SET k=k+1 WHERE id=2461814
	Update on sbtest6  (cost=0.43..8.46 rows=0 width=0)
	  ->  Index Scan using sbtest6_pkey on sbtest6  (cost=0.43..8.46 rows=1 width=10)
	        Index Cond: (id = 2461814)

table 7 : explain UPDATE sbtest7 SET k=k+1 WHERE id=9809333
	Update on sbtest7  (cost=0.43..8.46 rows=0 width=0)
	  ->  Index Scan using sbtest7_pkey on sbtest7  (cost=0.43..8.46 rows=1 width=10)
	        Index Cond: (id = 9809333)

table 8 : explain UPDATE sbtest8 SET k=k+1 WHERE id=9798986
	Update on sbtest8  (cost=0.43..8.46 rows=0 width=0)
	  ->  Index Scan using sbtest8_pkey on sbtest8  (cost=0.43..8.46 rows=1 width=10)
	        Index Cond: (id = 9798986)

for non_index_updates
table 1 : explain UPDATE sbtest1 SET c='foobar' WHERE id=7293801
	Update on sbtest1  (cost=0.43..8.45 rows=0 width=0)
	  ->  Index Scan using sbtest1_pkey on sbtest1  (cost=0.43..8.45 rows=1 width=490)
	        Index Cond: (id = 7293801)

table 2 : explain UPDATE sbtest2 SET c='foobar' WHERE id=4088844
	Update on sbtest2  (cost=0.43..8.45 rows=0 width=0)
	  ->  Index Scan using sbtest2_pkey on sbtest2  (cost=0.43..8.45 rows=1 width=490)
	        Index Cond: (id = 4088844)

table 3 : explain UPDATE sbtest3 SET c='foobar' WHERE id=3855514
	Update on sbtest3  (cost=0.43..8.45 rows=0 width=0)
	  ->  Index Scan using sbtest3_pkey on sbtest3  (cost=0.43..8.45 rows=1 width=490)
	        Index Cond: (id = 3855514)

table 4 : explain UPDATE sbtest4 SET c='foobar' WHERE id=2241389
	Update on sbtest4  (cost=0.43..8.45 rows=0 width=0)
	  ->  Index Scan using sbtest4_pkey on sbtest4  (cost=0.43..8.45 rows=1 width=490)
	        Index Cond: (id = 2241389)

table 5 : explain UPDATE sbtest5 SET c='foobar' WHERE id=708641
	Update on sbtest5  (cost=0.43..8.45 rows=0 width=0)
	  ->  Index Scan using sbtest5_pkey on sbtest5  (cost=0.43..8.45 rows=1 width=490)
	        Index Cond: (id = 708641)

table 6 : explain UPDATE sbtest6 SET c='foobar' WHERE id=510137
	Update on sbtest6  (cost=0.43..8.45 rows=0 width=0)
	  ->  Index Scan using sbtest6_pkey on sbtest6  (cost=0.43..8.45 rows=1 width=490)
	        Index Cond: (id = 510137)

table 7 : explain UPDATE sbtest7 SET c='foobar' WHERE id=861384
	Update on sbtest7  (cost=0.43..8.45 rows=0 width=0)
	  ->  Index Scan using sbtest7_pkey on sbtest7  (cost=0.43..8.45 rows=1 width=490)
	        Index Cond: (id = 861384)

table 8 : explain UPDATE sbtest8 SET c='foobar' WHERE id=9374907
	Update on sbtest8  (cost=0.43..8.45 rows=0 width=0)
	  ->  Index Scan using sbtest8_pkey on sbtest8  (cost=0.43..8.45 rows=1 width=490)
	        Index Cond: (id = 9374907)

explain: for non_index_updates :: explain UPDATE sbtest%u SET c='foobar' WHERE id=%u
explain: for index_updates :: explain UPDATE sbtest%u SET k=k+1 WHERE id=%u
explain: for deletes :: explain DELETE FROM sbtest%u WHERE id=%u
for non_index_updates
table 1 : explain UPDATE sbtest1 SET c='foobar' WHERE id=9953928
	Update on sbtest1  (cost=0.43..8.45 rows=0 width=0)
	  ->  Index Scan using sbtest1_pkey on sbtest1  (cost=0.43..8.45 rows=1 width=490)
	        Index Cond: (id = 9953928)

table 2 : explain UPDATE sbtest2 SET c='foobar' WHERE id=3094287
	Update on sbtest2  (cost=0.43..8.45 rows=0 width=0)
	  ->  Index Scan using sbtest2_pkey on sbtest2  (cost=0.43..8.45 rows=1 width=490)
	        Index Cond: (id = 3094287)

table 3 : explain UPDATE sbtest3 SET c='foobar' WHERE id=8757023
	Update on sbtest3  (cost=0.43..8.45 rows=0 width=0)
	  ->  Index Scan using sbtest3_pkey on sbtest3  (cost=0.43..8.45 rows=1 width=490)
	        Index Cond: (id = 8757023)

table 4 : explain UPDATE sbtest4 SET c='foobar' WHERE id=7794382
	Update on sbtest4  (cost=0.43..8.45 rows=0 width=0)
	  ->  Index Scan using sbtest4_pkey on sbtest4  (cost=0.43..8.45 rows=1 width=490)
	        Index Cond: (id = 7794382)

table 5 : explain UPDATE sbtest5 SET c='foobar' WHERE id=6156218
	Update on sbtest5  (cost=0.43..8.45 rows=0 width=0)
	  ->  Index Scan using sbtest5_pkey on sbtest5  (cost=0.43..8.45 rows=1 width=490)
	        Index Cond: (id = 6156218)

table 6 : explain UPDATE sbtest6 SET c='foobar' WHERE id=2919238
	Update on sbtest6  (cost=0.43..8.45 rows=0 width=0)
	  ->  Index Scan using sbtest6_pkey on sbtest6  (cost=0.43..8.45 rows=1 width=490)
	        Index Cond: (id = 2919238)

table 7 : explain UPDATE sbtest7 SET c='foobar' WHERE id=9452277
	Update on sbtest7  (cost=0.43..8.45 rows=0 width=0)
	  ->  Index Scan using sbtest7_pkey on sbtest7  (cost=0.43..8.45 rows=1 width=490)
	        Index Cond: (id = 9452277)

table 8 : explain UPDATE sbtest8 SET c='foobar' WHERE id=2538003
	Update on sbtest8  (cost=0.43..8.45 rows=0 width=0)
	  ->  Index Scan using sbtest8_pkey on sbtest8  (cost=0.43..8.45 rows=1 width=490)
	        Index Cond: (id = 2538003)

for deletes
table 1 : explain DELETE FROM sbtest1 WHERE id=754386
	Delete on sbtest1  (cost=0.43..8.45 rows=0 width=0)
	  ->  Index Scan using sbtest1_pkey on sbtest1  (cost=0.43..8.45 rows=1 width=6)
	        Index Cond: (id = 754386)

table 2 : explain DELETE FROM sbtest2 WHERE id=757694
	Delete on sbtest2  (cost=0.43..8.45 rows=0 width=0)
	  ->  Index Scan using sbtest2_pkey on sbtest2  (cost=0.43..8.45 rows=1 width=6)
	        Index Cond: (id = 757694)

table 3 : explain DELETE FROM sbtest3 WHERE id=1260903
	Delete on sbtest3  (cost=0.43..8.45 rows=0 width=0)
	  ->  Index Scan using sbtest3_pkey on sbtest3  (cost=0.43..8.45 rows=1 width=6)
	        Index Cond: (id = 1260903)

table 4 : explain DELETE FROM sbtest4 WHERE id=1329313
	Delete on sbtest4  (cost=0.43..8.45 rows=0 width=0)
	  ->  Index Scan using sbtest4_pkey on sbtest4  (cost=0.43..8.45 rows=1 width=6)
	        Index Cond: (id = 1329313)

table 5 : explain DELETE FROM sbtest5 WHERE id=8892913
	Delete on sbtest5  (cost=0.43..8.45 rows=0 width=0)
	  ->  Index Scan using sbtest5_pkey on sbtest5  (cost=0.43..8.45 rows=1 width=6)
	        Index Cond: (id = 8892913)

table 6 : explain DELETE FROM sbtest6 WHERE id=6957466
	Delete on sbtest6  (cost=0.43..8.45 rows=0 width=0)
	  ->  Index Scan using sbtest6_pkey on sbtest6  (cost=0.43..8.45 rows=1 width=6)
	        Index Cond: (id = 6957466)

table 7 : explain DELETE FROM sbtest7 WHERE id=2901243
	Delete on sbtest7  (cost=0.43..8.45 rows=0 width=0)
	  ->  Index Scan using sbtest7_pkey on sbtest7  (cost=0.43..8.45 rows=1 width=6)
	        Index Cond: (id = 2901243)

table 8 : explain DELETE FROM sbtest8 WHERE id=4140167
	Delete on sbtest8  (cost=0.43..8.45 rows=0 width=0)
	  ->  Index Scan using sbtest8_pkey on sbtest8  (cost=0.43..8.45 rows=1 width=6)
	        Index Cond: (id = 4140167)

explain: for deletes :: explain DELETE FROM sbtest%u WHERE id=%u
explain: for inserts :: explain INSERT INTO sbtest%u (id, k, c, pad) VALUES (%u, 13, 'foobar', 'foobar')
for deletes
table 1 : explain DELETE FROM sbtest1 WHERE id=2564517
	Delete on sbtest1  (cost=0.43..8.45 rows=0 width=0)
	  ->  Index Scan using sbtest1_pkey on sbtest1  (cost=0.43..8.45 rows=1 width=6)
	        Index Cond: (id = 2564517)

table 2 : explain DELETE FROM sbtest2 WHERE id=4434359
	Delete on sbtest2  (cost=0.43..8.45 rows=0 width=0)
	  ->  Index Scan using sbtest2_pkey on sbtest2  (cost=0.43..8.45 rows=1 width=6)
	        Index Cond: (id = 4434359)

table 3 : explain DELETE FROM sbtest3 WHERE id=9183092
	Delete on sbtest3  (cost=0.43..8.45 rows=0 width=0)
	  ->  Index Scan using sbtest3_pkey on sbtest3  (cost=0.43..8.45 rows=1 width=6)
	        Index Cond: (id = 9183092)

table 4 : explain DELETE FROM sbtest4 WHERE id=9954326
	Delete on sbtest4  (cost=0.43..8.45 rows=0 width=0)
	  ->  Index Scan using sbtest4_pkey on sbtest4  (cost=0.43..8.45 rows=1 width=6)
	        Index Cond: (id = 9954326)

table 5 : explain DELETE FROM sbtest5 WHERE id=4217096
	Delete on sbtest5  (cost=0.43..8.45 rows=0 width=0)
	  ->  Index Scan using sbtest5_pkey on sbtest5  (cost=0.43..8.45 rows=1 width=6)
	        Index Cond: (id = 4217096)

table 6 : explain DELETE FROM sbtest6 WHERE id=3706033
	Delete on sbtest6  (cost=0.43..8.45 rows=0 width=0)
	  ->  Index Scan using sbtest6_pkey on sbtest6  (cost=0.43..8.45 rows=1 width=6)
	        Index Cond: (id = 3706033)

table 7 : explain DELETE FROM sbtest7 WHERE id=6297621
	Delete on sbtest7  (cost=0.43..8.45 rows=0 width=0)
	  ->  Index Scan using sbtest7_pkey on sbtest7  (cost=0.43..8.45 rows=1 width=6)
	        Index Cond: (id = 6297621)

table 8 : explain DELETE FROM sbtest8 WHERE id=5686762
	Delete on sbtest8  (cost=0.43..8.45 rows=0 width=0)
	  ->  Index Scan using sbtest8_pkey on sbtest8  (cost=0.43..8.45 rows=1 width=6)
	        Index Cond: (id = 5686762)

for inserts
table 1 : explain INSERT INTO sbtest1 (id, k, c, pad) VALUES (3978395, 13, 'foobar', 'foobar')
	Insert on sbtest1  (cost=0.00..0.01 rows=0 width=0)
	  ->  Result  (cost=0.00..0.01 rows=1 width=736)

table 2 : explain INSERT INTO sbtest2 (id, k, c, pad) VALUES (6802328, 13, 'foobar', 'foobar')
	Insert on sbtest2  (cost=0.00..0.01 rows=0 width=0)
	  ->  Result  (cost=0.00..0.01 rows=1 width=736)

table 3 : explain INSERT INTO sbtest3 (id, k, c, pad) VALUES (576176, 13, 'foobar', 'foobar')
	Insert on sbtest3  (cost=0.00..0.01 rows=0 width=0)
	  ->  Result  (cost=0.00..0.01 rows=1 width=736)

table 4 : explain INSERT INTO sbtest4 (id, k, c, pad) VALUES (5226586, 13, 'foobar', 'foobar')
	Insert on sbtest4  (cost=0.00..0.01 rows=0 width=0)
	  ->  Result  (cost=0.00..0.01 rows=1 width=736)

table 5 : explain INSERT INTO sbtest5 (id, k, c, pad) VALUES (4831309, 13, 'foobar', 'foobar')
	Insert on sbtest5  (cost=0.00..0.01 rows=0 width=0)
	  ->  Result  (cost=0.00..0.01 rows=1 width=736)

table 6 : explain INSERT INTO sbtest6 (id, k, c, pad) VALUES (7600568, 13, 'foobar', 'foobar')
	Insert on sbtest6  (cost=0.00..0.01 rows=0 width=0)
	  ->  Result  (cost=0.00..0.01 rows=1 width=736)

table 7 : explain INSERT INTO sbtest7 (id, k, c, pad) VALUES (5656381, 13, 'foobar', 'foobar')
	Insert on sbtest7  (cost=0.00..0.01 rows=0 width=0)
	  ->  Result  (cost=0.00..0.01 rows=1 width=736)

table 8 : explain INSERT INTO sbtest8 (id, k, c, pad) VALUES (1572267, 13, 'foobar', 'foobar')
	Insert on sbtest8  (cost=0.00..0.01 rows=0 width=0)
	  ->  Result  (cost=0.00..0.01 rows=1 width=736)

explain: for inserts :: explain INSERT INTO sbtest%u (id, k, c, pad) VALUES (%u, 13, 'foobar', 'foobar')
for index_updates
table 1 : explain UPDATE sbtest1 SET k=k+1 WHERE id=3404933
	Update on sbtest1  (cost=0.43..8.46 rows=0 width=0)
	  ->  Index Scan using sbtest1_pkey on sbtest1  (cost=0.43..8.46 rows=1 width=10)
	        Index Cond: (id = 3404933)

table 2 : explain UPDATE sbtest2 SET k=k+1 WHERE id=6863465
	Update on sbtest2  (cost=0.43..8.46 rows=0 width=0)
	  ->  Index Scan using sbtest2_pkey on sbtest2  (cost=0.43..8.46 rows=1 width=10)
	        Index Cond: (id = 6863465)

table 3 : explain UPDATE sbtest3 SET k=k+1 WHERE id=3696804
	Update on sbtest3  (cost=0.43..8.46 rows=0 width=0)
	  ->  Index Scan using sbtest3_pkey on sbtest3  (cost=0.43..8.46 rows=1 width=10)
	        Index Cond: (id = 3696804)

table 4 : explain UPDATE sbtest4 SET k=k+1 WHERE id=5147380
	Update on sbtest4  (cost=0.43..8.46 rows=0 width=0)
	  ->  Index Scan using sbtest4_pkey on sbtest4  (cost=0.43..8.46 rows=1 width=10)
	        Index Cond: (id = 5147380)

table 5 : explain UPDATE sbtest5 SET k=k+1 WHERE id=5956975
	Update on sbtest5  (cost=0.43..8.46 rows=0 width=0)
	  ->  Index Scan using sbtest5_pkey on sbtest5  (cost=0.43..8.46 rows=1 width=10)
	        Index Cond: (id = 5956975)

table 6 : explain UPDATE sbtest6 SET k=k+1 WHERE id=3513793
	Update on sbtest6  (cost=0.43..8.46 rows=0 width=0)
	  ->  Index Scan using sbtest6_pkey on sbtest6  (cost=0.43..8.46 rows=1 width=10)
	        Index Cond: (id = 3513793)

table 7 : explain UPDATE sbtest7 SET k=k+1 WHERE id=3897350
	Update on sbtest7  (cost=0.43..8.46 rows=0 width=0)
	  ->  Index Scan using sbtest7_pkey on sbtest7  (cost=0.43..8.46 rows=1 width=10)
	        Index Cond: (id = 3897350)

table 8 : explain UPDATE sbtest8 SET k=k+1 WHERE id=5224817
	Update on sbtest8  (cost=0.43..8.46 rows=0 width=0)
	  ->  Index Scan using sbtest8_pkey on sbtest8  (cost=0.43..8.46 rows=1 width=10)
	        Index Cond: (id = 5224817)

for inserts
table 1 : explain INSERT INTO sbtest1 (id, k, c, pad) VALUES (5579276, 13, 'foobar', 'foobar')
	Insert on sbtest1  (cost=0.00..0.01 rows=0 width=0)
	  ->  Result  (cost=0.00..0.01 rows=1 width=736)

table 2 : explain INSERT INTO sbtest2 (id, k, c, pad) VALUES (8099821, 13, 'foobar', 'foobar')
	Insert on sbtest2  (cost=0.00..0.01 rows=0 width=0)
	  ->  Result  (cost=0.00..0.01 rows=1 width=736)

table 3 : explain INSERT INTO sbtest3 (id, k, c, pad) VALUES (7785069, 13, 'foobar', 'foobar')
	Insert on sbtest3  (cost=0.00..0.01 rows=0 width=0)
	  ->  Result  (cost=0.00..0.01 rows=1 width=736)

table 4 : explain INSERT INTO sbtest4 (id, k, c, pad) VALUES (1765821, 13, 'foobar', 'foobar')
	Insert on sbtest4  (cost=0.00..0.01 rows=0 width=0)
	  ->  Result  (cost=0.00..0.01 rows=1 width=736)

table 5 : explain INSERT INTO sbtest5 (id, k, c, pad) VALUES (8028739, 13, 'foobar', 'foobar')
	Insert on sbtest5  (cost=0.00..0.01 rows=0 width=0)
	  ->  Result  (cost=0.00..0.01 rows=1 width=736)

table 6 : explain INSERT INTO sbtest6 (id, k, c, pad) VALUES (3019788, 13, 'foobar', 'foobar')
	Insert on sbtest6  (cost=0.00..0.01 rows=0 width=0)
	  ->  Result  (cost=0.00..0.01 rows=1 width=736)

table 7 : explain INSERT INTO sbtest7 (id, k, c, pad) VALUES (170952, 13, 'foobar', 'foobar')
	Insert on sbtest7  (cost=0.00..0.01 rows=0 width=0)
	  ->  Result  (cost=0.00..0.01 rows=1 width=736)

table 8 : explain INSERT INTO sbtest8 (id, k, c, pad) VALUES (3434862, 13, 'foobar', 'foobar')
	Insert on sbtest8  (cost=0.00..0.01 rows=0 width=0)
	  ->  Result  (cost=0.00..0.01 rows=1 width=736)

explain: for non_index_updates :: explain UPDATE sbtest%u SET c='foobar' WHERE id=%u
for non_index_updates
table 1 : explain UPDATE sbtest1 SET c='foobar' WHERE id=4952902
	Update on sbtest1  (cost=0.43..8.45 rows=0 width=0)
	  ->  Index Scan using sbtest1_pkey on sbtest1  (cost=0.43..8.45 rows=1 width=490)
	        Index Cond: (id = 4952902)

table 2 : explain UPDATE sbtest2 SET c='foobar' WHERE id=7424501
	Update on sbtest2  (cost=0.43..8.45 rows=0 width=0)
	  ->  Index Scan using sbtest2_pkey on sbtest2  (cost=0.43..8.45 rows=1 width=490)
	        Index Cond: (id = 7424501)

table 3 : explain UPDATE sbtest3 SET c='foobar' WHERE id=9186312
	Update on sbtest3  (cost=0.43..8.45 rows=0 width=0)
	  ->  Index Scan using sbtest3_pkey on sbtest3  (cost=0.43..8.45 rows=1 width=490)
	        Index Cond: (id = 9186312)

table 4 : explain UPDATE sbtest4 SET c='foobar' WHERE id=5088754
	Update on sbtest4  (cost=0.43..8.45 rows=0 width=0)
	  ->  Index Scan using sbtest4_pkey on sbtest4  (cost=0.43..8.45 rows=1 width=490)
	        Index Cond: (id = 5088754)

table 5 : explain UPDATE sbtest5 SET c='foobar' WHERE id=4146569
	Update on sbtest5  (cost=0.43..8.45 rows=0 width=0)
	  ->  Index Scan using sbtest5_pkey on sbtest5  (cost=0.43..8.45 rows=1 width=490)
	        Index Cond: (id = 4146569)

table 6 : explain UPDATE sbtest6 SET c='foobar' WHERE id=5296302
	Update on sbtest6  (cost=0.43..8.45 rows=0 width=0)
	  ->  Index Scan using sbtest6_pkey on sbtest6  (cost=0.43..8.45 rows=1 width=490)
	        Index Cond: (id = 5296302)

table 7 : explain UPDATE sbtest7 SET c='foobar' WHERE id=1008342
	Update on sbtest7  (cost=0.43..8.45 rows=0 width=0)
	  ->  Index Scan using sbtest7_pkey on sbtest7  (cost=0.43..8.45 rows=1 width=490)
	        Index Cond: (id = 1008342)

table 8 : explain UPDATE sbtest8 SET c='foobar' WHERE id=881727
	Update on sbtest8  (cost=0.43..8.45 rows=0 width=0)
	  ->  Index Scan using sbtest8_pkey on sbtest8  (cost=0.43..8.45 rows=1 width=490)
	        Index Cond: (id = 881727)

explain: for deletes :: explain DELETE FROM sbtest%u WHERE id=%u
for deletes
table 1 : explain DELETE FROM sbtest1 WHERE id=4025719
	Delete on sbtest1  (cost=0.43..8.45 rows=0 width=0)
	  ->  Index Scan using sbtest1_pkey on sbtest1  (cost=0.43..8.45 rows=1 width=6)
	        Index Cond: (id = 4025719)

table 2 : explain DELETE FROM sbtest2 WHERE id=3593124
	Delete on sbtest2  (cost=0.43..8.45 rows=0 width=0)
	  ->  Index Scan using sbtest2_pkey on sbtest2  (cost=0.43..8.45 rows=1 width=6)
	        Index Cond: (id = 3593124)

table 3 : explain DELETE FROM sbtest3 WHERE id=3579756
	Delete on sbtest3  (cost=0.43..8.45 rows=0 width=0)
	  ->  Index Scan using sbtest3_pkey on sbtest3  (cost=0.43..8.45 rows=1 width=6)
	        Index Cond: (id = 3579756)

table 4 : explain DELETE FROM sbtest4 WHERE id=5257296
	Delete on sbtest4  (cost=0.43..8.45 rows=0 width=0)
	  ->  Index Scan using sbtest4_pkey on sbtest4  (cost=0.43..8.45 rows=1 width=6)
	        Index Cond: (id = 5257296)

table 5 : explain DELETE FROM sbtest5 WHERE id=1385642
	Delete on sbtest5  (cost=0.43..8.45 rows=0 width=0)
	  ->  Index Scan using sbtest5_pkey on sbtest5  (cost=0.43..8.45 rows=1 width=6)
	        Index Cond: (id = 1385642)

table 6 : explain DELETE FROM sbtest6 WHERE id=3709318
	Delete on sbtest6  (cost=0.43..8.45 rows=0 width=0)
	  ->  Index Scan using sbtest6_pkey on sbtest6  (cost=0.43..8.45 rows=1 width=6)
	        Index Cond: (id = 3709318)

table 7 : explain DELETE FROM sbtest7 WHERE id=3337132
	Delete on sbtest7  (cost=0.43..8.45 rows=0 width=0)
	  ->  Index Scan using sbtest7_pkey on sbtest7  (cost=0.43..8.45 rows=1 width=6)
	        Index Cond: (id = 3337132)

table 8 : explain DELETE FROM sbtest8 WHERE id=5499866
	Delete on sbtest8  (cost=0.43..8.45 rows=0 width=0)
	  ->  Index Scan using sbtest8_pkey on sbtest8  (cost=0.43..8.45 rows=1 width=6)
	        Index Cond: (id = 5499866)

explain: for inserts :: explain INSERT INTO sbtest%u (id, k, c, pad) VALUES (%u, 13, 'foobar', 'foobar')
for inserts
table 1 : explain INSERT INTO sbtest1 (id, k, c, pad) VALUES (9587851, 13, 'foobar', 'foobar')
	Insert on sbtest1  (cost=0.00..0.01 rows=0 width=0)
	  ->  Result  (cost=0.00..0.01 rows=1 width=736)

table 2 : explain INSERT INTO sbtest2 (id, k, c, pad) VALUES (5851723, 13, 'foobar', 'foobar')
	Insert on sbtest2  (cost=0.00..0.01 rows=0 width=0)
	  ->  Result  (cost=0.00..0.01 rows=1 width=736)

table 3 : explain INSERT INTO sbtest3 (id, k, c, pad) VALUES (4047448, 13, 'foobar', 'foobar')
	Insert on sbtest3  (cost=0.00..0.01 rows=0 width=0)
	  ->  Result  (cost=0.00..0.01 rows=1 width=736)

table 4 : explain INSERT INTO sbtest4 (id, k, c, pad) VALUES (5514433, 13, 'foobar', 'foobar')
	Insert on sbtest4  (cost=0.00..0.01 rows=0 width=0)
	  ->  Result  (cost=0.00..0.01 rows=1 width=736)

table 5 : explain INSERT INTO sbtest5 (id, k, c, pad) VALUES (7869394, 13, 'foobar', 'foobar')
	Insert on sbtest5  (cost=0.00..0.01 rows=0 width=0)
	  ->  Result  (cost=0.00..0.01 rows=1 width=736)

table 6 : explain INSERT INTO sbtest6 (id, k, c, pad) VALUES (4228186, 13, 'foobar', 'foobar')
	Insert on sbtest6  (cost=0.00..0.01 rows=0 width=0)
	  ->  Result  (cost=0.00..0.01 rows=1 width=736)

table 7 : explain INSERT INTO sbtest7 (id, k, c, pad) VALUES (7772862, 13, 'foobar', 'foobar')
	Insert on sbtest7  (cost=0.00..0.01 rows=0 width=0)
	  ->  Result  (cost=0.00..0.01 rows=1 width=736)

table 8 : explain INSERT INTO sbtest8 (id, k, c, pad) VALUES (4765530, 13, 'foobar', 'foobar')
	Insert on sbtest8  (cost=0.00..0.01 rows=0 width=0)
	  ->  Result  (cost=0.00..0.01 rows=1 width=736)

Threads started!

Warming up for 5 seconds...

SQL statistics:
    queries performed:
        read:                            0
        write:                           247244428
        other:                           123622258
        total:                           370866686
    transactions:                        61811123 (98110.54 per sec.)
    queries:                             370866686 (588663.17 per sec.)
    ignored errors:                      13     (0.02 per sec.)
    reconnects:                          0      (0.00 per sec.)

Throughput:
    events/s (eps):                      98110.5429
    time elapsed:                        630.0152s
    total number of events:              61811123

Latency (ms):
         min:                                    0.22
         avg:                                    0.41
         max:                                   48.92
         95th percentile:                        0.56
         sum:                             25152235.26

Threads fairness:
    events (avg/stddev):           1545276.9000/13402.95
    execution time (avg/stddev):   628.8059/0.02

