LUA_PATH=/home/mdcallag/git/mytools/bench/sysbench.lua/lua/?.lua /home/mdcallag/git/mytools/bench/sysbench.lua/lua/sysbench --db-driver=pgsql --range-size=100 --table-size=10000000 --tables=8 --threads=40 --events=0 --warmup-time=5 --time=630 --pgsql_conn_id=true /home/mdcallag/git/mytools/bench/sysbench.lua/lua/oltp_range_covered.lua run --pgsql-user=root --pgsql-password=pw --pgsql-host=127.0.0.1 --pgsql-db=ib --rand-type=uniform --random-points=100 --skip-trx --on-id=false --covered=false
48 CPUs
sysbench 1.1.0-9072687 (using bundled LuaJIT 2.1.0-beta3)

Running the test with following options:
Number of threads: 40
Warmup time: 5s
Initializing random number generator from current time


Initializing worker threads...

explain: for range-notcovered :: explain SELECT k, c FROM sbtest%d WHERE k BETWEEN 2084384 AND 2084484
explain: for range-notcovered :: explain SELECT k, c FROM sbtest%d WHERE k BETWEEN 3914641 AND 3914741
for range-notcovered
table 1 : explain SELECT k, c FROM sbtest1 WHERE k BETWEEN 2084384 AND 2084484
	Bitmap Heap Scan on sbtest1  (cost=5.43..389.37 rows=97 width=125)
	  Recheck Cond: ((k >= 2084384) AND (k <= 2084484))
	  ->  Bitmap Index Scan on k_1  (cost=0.00..5.40 rows=97 width=0)
	        Index Cond: ((k >= 2084384) AND (k <= 2084484))

table 2 : explain SELECT k, c FROM sbtest2 WHERE k BETWEEN 2084384 AND 2084484
	Bitmap Heap Scan on sbtest2  (cost=5.54..432.69 rows=108 width=125)
	  Recheck Cond: ((k >= 2084384) AND (k <= 2084484))
	  ->  Bitmap Index Scan on k_2  (cost=0.00..5.51 rows=108 width=0)
	        Index Cond: ((k >= 2084384) AND (k <= 2084484))

table 3 : explain SELECT k, c FROM sbtest3 WHERE k BETWEEN 2084384 AND 2084484
	Bitmap Heap Scan on sbtest3  (cost=5.47..405.13 rows=101 width=125)
	  Recheck Cond: ((k >= 2084384) AND (k <= 2084484))
	  ->  Bitmap Index Scan on k_3  (cost=0.00..5.44 rows=101 width=0)
	        Index Cond: ((k >= 2084384) AND (k <= 2084484))

table 4 : explain SELECT k, c FROM sbtest4 WHERE k BETWEEN 2084384 AND 2084484
	Bitmap Heap Scan on sbtest4  (cost=5.45..397.25 rows=99 width=125)
	  Recheck Cond: ((k >= 2084384) AND (k <= 2084484))
	  ->  Bitmap Index Scan on k_4  (cost=0.00..5.42 rows=99 width=0)
	        Index Cond: ((k >= 2084384) AND (k <= 2084484))

table 5 : explain SELECT k, c FROM sbtest5 WHERE k BETWEEN 2084384 AND 2084484
	Bitmap Heap Scan on sbtest5  (cost=5.41..381.49 rows=95 width=125)
	  Recheck Cond: ((k >= 2084384) AND (k <= 2084484))
	  ->  Bitmap Index Scan on k_5  (cost=0.00..5.38 rows=95 width=0)
	        Index Cond: ((k >= 2084384) AND (k <= 2084484))

table 6 : explain SELECT k, c FROM sbtest6 WHERE k BETWEEN 2084384 AND 2084484
	Bitmap Heap Scan on sbtest6  (cost=5.44..393.31 rows=98 width=125)
	  Recheck Cond: ((k >= 2084384) AND (k <= 2084484))
	  ->  Bitmap Index Scan on k_6  (cost=0.00..5.42 rows=98 width=0)
	        Index Cond: ((k >= 2084384) AND (k <= 2084484))

table 7 : explain SELECT k, c FROM sbtest7 WHERE k BETWEEN 2084384 AND 2084484
	Bitmap Heap Scan on sbtest7  (cost=5.41..381.49 rows=95 width=125)
	  Recheck Cond: ((k >= 2084384) AND (k <= 2084484))
	  ->  Bitmap Index Scan on k_7  (cost=0.00..5.38 rows=95 width=0)
	        Index Cond: ((k >= 2084384) AND (k <= 2084484))

table 8 : explain SELECT k, c FROM sbtest8 WHERE k BETWEEN 2084384 AND 2084484
	Bitmap Heap Scan on sbtest8  (cost=5.51..420.88 rows=105 width=125)
	  Recheck Cond: ((k >= 2084384) AND (k <= 2084484))
	  ->  Bitmap Index Scan on k_8  (cost=0.00..5.48 rows=105 width=0)
	        Index Cond: ((k >= 2084384) AND (k <= 2084484))

explain: for range-notcovered :: explain SELECT k, c FROM sbtest%d WHERE k BETWEEN 2084384 AND 2084484
explain: for range-notcovered :: explain SELECT k, c FROM sbtest%d WHERE k BETWEEN 5025939 AND 5026039
for range-notcovered
table 1 : explain SELECT k, c FROM sbtest1 WHERE k BETWEEN 2084384 AND 2084484
	Bitmap Heap Scan on sbtest1  (cost=5.43..389.37 rows=97 width=125)
	  Recheck Cond: ((k >= 2084384) AND (k <= 2084484))
	  ->  Bitmap Index Scan on k_1  (cost=0.00..5.40 rows=97 width=0)
	        Index Cond: ((k >= 2084384) AND (k <= 2084484))

table 2 : explain SELECT k, c FROM sbtest2 WHERE k BETWEEN 2084384 AND 2084484
	Bitmap Heap Scan on sbtest2  (cost=5.54..432.69 rows=108 width=125)
	  Recheck Cond: ((k >= 2084384) AND (k <= 2084484))
	  ->  Bitmap Index Scan on k_2  (cost=0.00..5.51 rows=108 width=0)
	        Index Cond: ((k >= 2084384) AND (k <= 2084484))

table 3 : explain SELECT k, c FROM sbtest3 WHERE k BETWEEN 2084384 AND 2084484
	Bitmap Heap Scan on sbtest3  (cost=5.47..405.13 rows=101 width=125)
	  Recheck Cond: ((k >= 2084384) AND (k <= 2084484))
	  ->  Bitmap Index Scan on k_3  (cost=0.00..5.44 rows=101 width=0)
	        Index Cond: ((k >= 2084384) AND (k <= 2084484))

table 4 : explain SELECT k, c FROM sbtest4 WHERE k BETWEEN 2084384 AND 2084484
	Bitmap Heap Scan on sbtest4  (cost=5.45..397.25 rows=99 width=125)
	  Recheck Cond: ((k >= 2084384) AND (k <= 2084484))
	  ->  Bitmap Index Scan on k_4  (cost=0.00..5.42 rows=99 width=0)
	        Index Cond: ((k >= 2084384) AND (k <= 2084484))

table 5 : explain SELECT k, c FROM sbtest5 WHERE k BETWEEN 2084384 AND 2084484
	Bitmap Heap Scan on sbtest5  (cost=5.41..381.49 rows=95 width=125)
	  Recheck Cond: ((k >= 2084384) AND (k <= 2084484))
	  ->  Bitmap Index Scan on k_5  (cost=0.00..5.38 rows=95 width=0)
	        Index Cond: ((k >= 2084384) AND (k <= 2084484))

table 6 : explain SELECT k, c FROM sbtest6 WHERE k BETWEEN 2084384 AND 2084484
	Bitmap Heap Scan on sbtest6  (cost=5.44..393.31 rows=98 width=125)
	  Recheck Cond: ((k >= 2084384) AND (k <= 2084484))
	  ->  Bitmap Index Scan on k_6  (cost=0.00..5.42 rows=98 width=0)
	        Index Cond: ((k >= 2084384) AND (k <= 2084484))

table 7 : explain SELECT k, c FROM sbtest7 WHERE k BETWEEN 2084384 AND 2084484
	Bitmap Heap Scan on sbtest7  (cost=5.41..381.49 rows=95 width=125)
	  Recheck Cond: ((k >= 2084384) AND (k <= 2084484))
	  ->  Bitmap Index Scan on k_7  (cost=0.00..5.38 rows=95 width=0)
	        Index Cond: ((k >= 2084384) AND (k <= 2084484))

table 8 : explain SELECT k, c FROM sbtest8 WHERE k BETWEEN 2084384 AND 2084484
	Bitmap Heap Scan on sbtest8  (cost=5.51..420.88 rows=105 width=125)
	  Recheck Cond: ((k >= 2084384) AND (k <= 2084484))
	  ->  Bitmap Index Scan on k_8  (cost=0.00..5.48 rows=105 width=0)
	        Index Cond: ((k >= 2084384) AND (k <= 2084484))

explain: for range-notcovered :: explain SELECT k, c FROM sbtest%d WHERE k BETWEEN 2084384 AND 2084484
explain: for range-notcovered :: explain SELECT k, c FROM sbtest%d WHERE k BETWEEN 7213184 AND 7213284
for range-notcovered
table 1 : explain SELECT k, c FROM sbtest1 WHERE k BETWEEN 2084384 AND 2084484
	Bitmap Heap Scan on sbtest1  (cost=5.43..389.37 rows=97 width=125)
	  Recheck Cond: ((k >= 2084384) AND (k <= 2084484))
	  ->  Bitmap Index Scan on k_1  (cost=0.00..5.40 rows=97 width=0)
	        Index Cond: ((k >= 2084384) AND (k <= 2084484))

table 2 : explain SELECT k, c FROM sbtest2 WHERE k BETWEEN 2084384 AND 2084484
	Bitmap Heap Scan on sbtest2  (cost=5.54..432.69 rows=108 width=125)
	  Recheck Cond: ((k >= 2084384) AND (k <= 2084484))
	  ->  Bitmap Index Scan on k_2  (cost=0.00..5.51 rows=108 width=0)
	        Index Cond: ((k >= 2084384) AND (k <= 2084484))

table 3 : explain SELECT k, c FROM sbtest3 WHERE k BETWEEN 2084384 AND 2084484
	Bitmap Heap Scan on sbtest3  (cost=5.47..405.13 rows=101 width=125)
	  Recheck Cond: ((k >= 2084384) AND (k <= 2084484))
	  ->  Bitmap Index Scan on k_3  (cost=0.00..5.44 rows=101 width=0)
	        Index Cond: ((k >= 2084384) AND (k <= 2084484))

table 4 : explain SELECT k, c FROM sbtest4 WHERE k BETWEEN 2084384 AND 2084484
	Bitmap Heap Scan on sbtest4  (cost=5.45..397.25 rows=99 width=125)
	  Recheck Cond: ((k >= 2084384) AND (k <= 2084484))
	  ->  Bitmap Index Scan on k_4  (cost=0.00..5.42 rows=99 width=0)
	        Index Cond: ((k >= 2084384) AND (k <= 2084484))

table 5 : explain SELECT k, c FROM sbtest5 WHERE k BETWEEN 2084384 AND 2084484
	Bitmap Heap Scan on sbtest5  (cost=5.41..381.49 rows=95 width=125)
	  Recheck Cond: ((k >= 2084384) AND (k <= 2084484))
	  ->  Bitmap Index Scan on k_5  (cost=0.00..5.38 rows=95 width=0)
	        Index Cond: ((k >= 2084384) AND (k <= 2084484))

table 6 : explain SELECT k, c FROM sbtest6 WHERE k BETWEEN 2084384 AND 2084484
	Bitmap Heap Scan on sbtest6  (cost=5.44..393.31 rows=98 width=125)
	  Recheck Cond: ((k >= 2084384) AND (k <= 2084484))
	  ->  Bitmap Index Scan on k_6  (cost=0.00..5.42 rows=98 width=0)
	        Index Cond: ((k >= 2084384) AND (k <= 2084484))

table 7 : explain SELECT k, c FROM sbtest7 WHERE k BETWEEN 2084384 AND 2084484
	Bitmap Heap Scan on sbtest7  (cost=5.41..381.49 rows=95 width=125)
	  Recheck Cond: ((k >= 2084384) AND (k <= 2084484))
	  ->  Bitmap Index Scan on k_7  (cost=0.00..5.38 rows=95 width=0)
	        Index Cond: ((k >= 2084384) AND (k <= 2084484))

table 8 : explain SELECT k, c FROM sbtest8 WHERE k BETWEEN 2084384 AND 2084484
	Bitmap Heap Scan on sbtest8  (cost=5.51..420.88 rows=105 width=125)
	  Recheck Cond: ((k >= 2084384) AND (k <= 2084484))
	  ->  Bitmap Index Scan on k_8  (cost=0.00..5.48 rows=105 width=0)
	        Index Cond: ((k >= 2084384) AND (k <= 2084484))

explain: for range-notcovered :: explain SELECT k, c FROM sbtest%d WHERE k BETWEEN 2084384 AND 2084484
explain: for range-notcovered :: explain SELECT k, c FROM sbtest%d WHERE k BETWEEN 7615086 AND 7615186
for range-notcovered
table 1 : explain SELECT k, c FROM sbtest1 WHERE k BETWEEN 3914641 AND 3914741
	Bitmap Heap Scan on sbtest1  (cost=5.50..416.94 rows=104 width=125)
	  Recheck Cond: ((k >= 3914641) AND (k <= 3914741))
	  ->  Bitmap Index Scan on k_1  (cost=0.00..5.47 rows=104 width=0)
	        Index Cond: ((k >= 3914641) AND (k <= 3914741))

table 2 : explain SELECT k, c FROM sbtest2 WHERE k BETWEEN 3914641 AND 3914741
	Bitmap Heap Scan on sbtest2  (cost=5.35..357.84 rows=89 width=125)
	  Recheck Cond: ((k >= 3914641) AND (k <= 3914741))
	  ->  Bitmap Index Scan on k_2  (cost=0.00..5.32 rows=89 width=0)
	        Index Cond: ((k >= 3914641) AND (k <= 3914741))

table 3 : explain SELECT k, c FROM sbtest3 WHERE k BETWEEN 3914641 AND 3914741
	Bitmap Heap Scan on sbtest3  (cost=5.47..405.13 rows=101 width=125)
	  Recheck Cond: ((k >= 3914641) AND (k <= 3914741))
	  ->  Bitmap Index Scan on k_3  (cost=0.00..5.44 rows=101 width=0)
	        Index Cond: ((k >= 3914641) AND (k <= 3914741))

table 4 : explain SELECT k, c FROM sbtest4 WHERE k BETWEEN 3914641 AND 3914741
	Bitmap Heap Scan on sbtest4  (cost=5.47..405.13 rows=101 width=125)
	  Recheck Cond: ((k >= 3914641) AND (k <= 3914741))
	  ->  Bitmap Index Scan on k_4  (cost=0.00..5.44 rows=101 width=0)
	        Index Cond: ((k >= 3914641) AND (k <= 3914741))

table 5 : explain SELECT k, c FROM sbtest5 WHERE k BETWEEN 3914641 AND 3914741
	Bitmap Heap Scan on sbtest5  (cost=5.43..389.37 rows=97 width=125)
	  Recheck Cond: ((k >= 3914641) AND (k <= 3914741))
	  ->  Bitmap Index Scan on k_5  (cost=0.00..5.40 rows=97 width=0)
	        Index Cond: ((k >= 3914641) AND (k <= 3914741))

table 6 : explain SELECT k, c FROM sbtest6 WHERE k BETWEEN 3914641 AND 3914741
	Bitmap Heap Scan on sbtest6  (cost=5.46..401.19 rows=100 width=125)
	  Recheck Cond: ((k >= 3914641) AND (k <= 3914741))
	  ->  Bitmap Index Scan on k_6  (cost=0.00..5.43 rows=100 width=0)
	        Index Cond: ((k >= 3914641) AND (k <= 3914741))

table 7 : explain SELECT k, c FROM sbtest7 WHERE k BETWEEN 3914641 AND 3914741
	Bitmap Heap Scan on sbtest7  (cost=5.44..393.31 rows=98 width=125)
	  Recheck Cond: ((k >= 3914641) AND (k <= 3914741))
	  ->  Bitmap Index Scan on k_7  (cost=0.00..5.42 rows=98 width=0)
	        Index Cond: ((k >= 3914641) AND (k <= 3914741))

table 8 : explain SELECT k, c FROM sbtest8 WHERE k BETWEEN 3914641 AND 3914741
	Bitmap Heap Scan on sbtest8  (cost=5.49..413.00 rows=103 width=125)
	  Recheck Cond: ((k >= 3914641) AND (k <= 3914741))
	  ->  Bitmap Index Scan on k_8  (cost=0.00..5.46 rows=103 width=0)
	        Index Cond: ((k >= 3914641) AND (k <= 3914741))

explain: for range-notcovered :: explain SELECT k, c FROM sbtest%d WHERE k BETWEEN 3914641 AND 3914741
for range-notcovered
table 1 : explain SELECT k, c FROM sbtest1 WHERE k BETWEEN 3914641 AND 3914741
	Bitmap Heap Scan on sbtest1  (cost=5.50..416.94 rows=104 width=125)
	  Recheck Cond: ((k >= 3914641) AND (k <= 3914741))
	  ->  Bitmap Index Scan on k_1  (cost=0.00..5.47 rows=104 width=0)
	        Index Cond: ((k >= 3914641) AND (k <= 3914741))

table 2 : explain SELECT k, c FROM sbtest2 WHERE k BETWEEN 3914641 AND 3914741
	Bitmap Heap Scan on sbtest2  (cost=5.35..357.84 rows=89 width=125)
	  Recheck Cond: ((k >= 3914641) AND (k <= 3914741))
	  ->  Bitmap Index Scan on k_2  (cost=0.00..5.32 rows=89 width=0)
	        Index Cond: ((k >= 3914641) AND (k <= 3914741))

table 3 : explain SELECT k, c FROM sbtest3 WHERE k BETWEEN 3914641 AND 3914741
	Bitmap Heap Scan on sbtest3  (cost=5.47..405.13 rows=101 width=125)
	  Recheck Cond: ((k >= 3914641) AND (k <= 3914741))
	  ->  Bitmap Index Scan on k_3  (cost=0.00..5.44 rows=101 width=0)
	        Index Cond: ((k >= 3914641) AND (k <= 3914741))

table 4 : explain SELECT k, c FROM sbtest4 WHERE k BETWEEN 3914641 AND 3914741
	Bitmap Heap Scan on sbtest4  (cost=5.47..405.13 rows=101 width=125)
	  Recheck Cond: ((k >= 3914641) AND (k <= 3914741))
	  ->  Bitmap Index Scan on k_4  (cost=0.00..5.44 rows=101 width=0)
	        Index Cond: ((k >= 3914641) AND (k <= 3914741))

table 5 : explain SELECT k, c FROM sbtest5 WHERE k BETWEEN 3914641 AND 3914741
	Bitmap Heap Scan on sbtest5  (cost=5.43..389.37 rows=97 width=125)
	  Recheck Cond: ((k >= 3914641) AND (k <= 3914741))
	  ->  Bitmap Index Scan on k_5  (cost=0.00..5.40 rows=97 width=0)
	        Index Cond: ((k >= 3914641) AND (k <= 3914741))

table 6 : explain SELECT k, c FROM sbtest6 WHERE k BETWEEN 3914641 AND 3914741
	Bitmap Heap Scan on sbtest6  (cost=5.46..401.19 rows=100 width=125)
	  Recheck Cond: ((k >= 3914641) AND (k <= 3914741))
	  ->  Bitmap Index Scan on k_6  (cost=0.00..5.43 rows=100 width=0)
	        Index Cond: ((k >= 3914641) AND (k <= 3914741))

table 7 : explain SELECT k, c FROM sbtest7 WHERE k BETWEEN 3914641 AND 3914741
	Bitmap Heap Scan on sbtest7  (cost=5.44..393.31 rows=98 width=125)
	  Recheck Cond: ((k >= 3914641) AND (k <= 3914741))
	  ->  Bitmap Index Scan on k_7  (cost=0.00..5.42 rows=98 width=0)
	        Index Cond: ((k >= 3914641) AND (k <= 3914741))

table 8 : explain SELECT k, c FROM sbtest8 WHERE k BETWEEN 3914641 AND 3914741
	Bitmap Heap Scan on sbtest8  (cost=5.49..413.00 rows=103 width=125)
	  Recheck Cond: ((k >= 3914641) AND (k <= 3914741))
	  ->  Bitmap Index Scan on k_8  (cost=0.00..5.46 rows=103 width=0)
	        Index Cond: ((k >= 3914641) AND (k <= 3914741))

explain: for range-notcovered :: explain SELECT k, c FROM sbtest%d WHERE k BETWEEN 3914641 AND 3914741
for range-notcovered
table 1 : explain SELECT k, c FROM sbtest1 WHERE k BETWEEN 2084384 AND 2084484
	Bitmap Heap Scan on sbtest1  (cost=5.43..389.37 rows=97 width=125)
	  Recheck Cond: ((k >= 2084384) AND (k <= 2084484))
	  ->  Bitmap Index Scan on k_1  (cost=0.00..5.40 rows=97 width=0)
	        Index Cond: ((k >= 2084384) AND (k <= 2084484))

table 2 : explain SELECT k, c FROM sbtest2 WHERE k BETWEEN 2084384 AND 2084484
	Bitmap Heap Scan on sbtest2  (cost=5.54..432.69 rows=108 width=125)
	  Recheck Cond: ((k >= 2084384) AND (k <= 2084484))
	  ->  Bitmap Index Scan on k_2  (cost=0.00..5.51 rows=108 width=0)
	        Index Cond: ((k >= 2084384) AND (k <= 2084484))

table 3 : explain SELECT k, c FROM sbtest3 WHERE k BETWEEN 2084384 AND 2084484
	Bitmap Heap Scan on sbtest3  (cost=5.47..405.13 rows=101 width=125)
	  Recheck Cond: ((k >= 2084384) AND (k <= 2084484))
	  ->  Bitmap Index Scan on k_3  (cost=0.00..5.44 rows=101 width=0)
	        Index Cond: ((k >= 2084384) AND (k <= 2084484))

table 4 : explain SELECT k, c FROM sbtest4 WHERE k BETWEEN 2084384 AND 2084484
	Bitmap Heap Scan on sbtest4  (cost=5.45..397.25 rows=99 width=125)
	  Recheck Cond: ((k >= 2084384) AND (k <= 2084484))
	  ->  Bitmap Index Scan on k_4  (cost=0.00..5.42 rows=99 width=0)
	        Index Cond: ((k >= 2084384) AND (k <= 2084484))

table 5 : explain SELECT k, c FROM sbtest5 WHERE k BETWEEN 2084384 AND 2084484
	Bitmap Heap Scan on sbtest5  (cost=5.41..381.49 rows=95 width=125)
	  Recheck Cond: ((k >= 2084384) AND (k <= 2084484))
	  ->  Bitmap Index Scan on k_5  (cost=0.00..5.38 rows=95 width=0)
	        Index Cond: ((k >= 2084384) AND (k <= 2084484))

table 6 : explain SELECT k, c FROM sbtest6 WHERE k BETWEEN 2084384 AND 2084484
	Bitmap Heap Scan on sbtest6  (cost=5.44..393.31 rows=98 width=125)
	  Recheck Cond: ((k >= 2084384) AND (k <= 2084484))
	  ->  Bitmap Index Scan on k_6  (cost=0.00..5.42 rows=98 width=0)
	        Index Cond: ((k >= 2084384) AND (k <= 2084484))

table 7 : explain SELECT k, c FROM sbtest7 WHERE k BETWEEN 2084384 AND 2084484
	Bitmap Heap Scan on sbtest7  (cost=5.41..381.49 rows=95 width=125)
	  Recheck Cond: ((k >= 2084384) AND (k <= 2084484))
	  ->  Bitmap Index Scan on k_7  (cost=0.00..5.38 rows=95 width=0)
	        Index Cond: ((k >= 2084384) AND (k <= 2084484))

table 8 : explain SELECT k, c FROM sbtest8 WHERE k BETWEEN 2084384 AND 2084484
	Bitmap Heap Scan on sbtest8  (cost=5.51..420.88 rows=105 width=125)
	  Recheck Cond: ((k >= 2084384) AND (k <= 2084484))
	  ->  Bitmap Index Scan on k_8  (cost=0.00..5.48 rows=105 width=0)
	        Index Cond: ((k >= 2084384) AND (k <= 2084484))

explain: for range-notcovered :: explain SELECT k, c FROM sbtest%d WHERE k BETWEEN 2084384 AND 2084484
for range-notcovered
table 1 : explain SELECT k, c FROM sbtest1 WHERE k BETWEEN 3914641 AND 3914741
	Bitmap Heap Scan on sbtest1  (cost=5.50..416.94 rows=104 width=125)
	  Recheck Cond: ((k >= 3914641) AND (k <= 3914741))
	  ->  Bitmap Index Scan on k_1  (cost=0.00..5.47 rows=104 width=0)
	        Index Cond: ((k >= 3914641) AND (k <= 3914741))

table 2 : explain SELECT k, c FROM sbtest2 WHERE k BETWEEN 3914641 AND 3914741
	Bitmap Heap Scan on sbtest2  (cost=5.35..357.84 rows=89 width=125)
	  Recheck Cond: ((k >= 3914641) AND (k <= 3914741))
	  ->  Bitmap Index Scan on k_2  (cost=0.00..5.32 rows=89 width=0)
	        Index Cond: ((k >= 3914641) AND (k <= 3914741))

table 3 : explain SELECT k, c FROM sbtest3 WHERE k BETWEEN 3914641 AND 3914741
	Bitmap Heap Scan on sbtest3  (cost=5.47..405.13 rows=101 width=125)
	  Recheck Cond: ((k >= 3914641) AND (k <= 3914741))
	  ->  Bitmap Index Scan on k_3  (cost=0.00..5.44 rows=101 width=0)
	        Index Cond: ((k >= 3914641) AND (k <= 3914741))

table 4 : explain SELECT k, c FROM sbtest4 WHERE k BETWEEN 3914641 AND 3914741
	Bitmap Heap Scan on sbtest4  (cost=5.47..405.13 rows=101 width=125)
	  Recheck Cond: ((k >= 3914641) AND (k <= 3914741))
	  ->  Bitmap Index Scan on k_4  (cost=0.00..5.44 rows=101 width=0)
	        Index Cond: ((k >= 3914641) AND (k <= 3914741))

table 5 : explain SELECT k, c FROM sbtest5 WHERE k BETWEEN 3914641 AND 3914741
	Bitmap Heap Scan on sbtest5  (cost=5.43..389.37 rows=97 width=125)
	  Recheck Cond: ((k >= 3914641) AND (k <= 3914741))
	  ->  Bitmap Index Scan on k_5  (cost=0.00..5.40 rows=97 width=0)
	        Index Cond: ((k >= 3914641) AND (k <= 3914741))

table 6 : explain SELECT k, c FROM sbtest6 WHERE k BETWEEN 3914641 AND 3914741
	Bitmap Heap Scan on sbtest6  (cost=5.46..401.19 rows=100 width=125)
	  Recheck Cond: ((k >= 3914641) AND (k <= 3914741))
	  ->  Bitmap Index Scan on k_6  (cost=0.00..5.43 rows=100 width=0)
	        Index Cond: ((k >= 3914641) AND (k <= 3914741))

table 7 : explain SELECT k, c FROM sbtest7 WHERE k BETWEEN 3914641 AND 3914741
	Bitmap Heap Scan on sbtest7  (cost=5.44..393.31 rows=98 width=125)
	  Recheck Cond: ((k >= 3914641) AND (k <= 3914741))
	  ->  Bitmap Index Scan on k_7  (cost=0.00..5.42 rows=98 width=0)
	        Index Cond: ((k >= 3914641) AND (k <= 3914741))

table 8 : explain SELECT k, c FROM sbtest8 WHERE k BETWEEN 3914641 AND 3914741
	Bitmap Heap Scan on sbtest8  (cost=5.49..413.00 rows=103 width=125)
	  Recheck Cond: ((k >= 3914641) AND (k <= 3914741))
	  ->  Bitmap Index Scan on k_8  (cost=0.00..5.46 rows=103 width=0)
	        Index Cond: ((k >= 3914641) AND (k <= 3914741))

explain: for range-notcovered :: explain SELECT k, c FROM sbtest%d WHERE k BETWEEN 3914641 AND 3914741
for range-notcovered
table 1 : explain SELECT k, c FROM sbtest1 WHERE k BETWEEN 2084384 AND 2084484
	Bitmap Heap Scan on sbtest1  (cost=5.43..389.37 rows=97 width=125)
	  Recheck Cond: ((k >= 2084384) AND (k <= 2084484))
	  ->  Bitmap Index Scan on k_1  (cost=0.00..5.40 rows=97 width=0)
	        Index Cond: ((k >= 2084384) AND (k <= 2084484))

table 2 : explain SELECT k, c FROM sbtest2 WHERE k BETWEEN 2084384 AND 2084484
	Bitmap Heap Scan on sbtest2  (cost=5.54..432.69 rows=108 width=125)
	  Recheck Cond: ((k >= 2084384) AND (k <= 2084484))
	  ->  Bitmap Index Scan on k_2  (cost=0.00..5.51 rows=108 width=0)
	        Index Cond: ((k >= 2084384) AND (k <= 2084484))

table 3 : explain SELECT k, c FROM sbtest3 WHERE k BETWEEN 2084384 AND 2084484
	Bitmap Heap Scan on sbtest3  (cost=5.47..405.13 rows=101 width=125)
	  Recheck Cond: ((k >= 2084384) AND (k <= 2084484))
	  ->  Bitmap Index Scan on k_3  (cost=0.00..5.44 rows=101 width=0)
	        Index Cond: ((k >= 2084384) AND (k <= 2084484))

table 4 : explain SELECT k, c FROM sbtest4 WHERE k BETWEEN 2084384 AND 2084484
	Bitmap Heap Scan on sbtest4  (cost=5.45..397.25 rows=99 width=125)
	  Recheck Cond: ((k >= 2084384) AND (k <= 2084484))
	  ->  Bitmap Index Scan on k_4  (cost=0.00..5.42 rows=99 width=0)
	        Index Cond: ((k >= 2084384) AND (k <= 2084484))

table 5 : explain SELECT k, c FROM sbtest5 WHERE k BETWEEN 2084384 AND 2084484
	Bitmap Heap Scan on sbtest5  (cost=5.41..381.49 rows=95 width=125)
	  Recheck Cond: ((k >= 2084384) AND (k <= 2084484))
	  ->  Bitmap Index Scan on k_5  (cost=0.00..5.38 rows=95 width=0)
	        Index Cond: ((k >= 2084384) AND (k <= 2084484))

table 6 : explain SELECT k, c FROM sbtest6 WHERE k BETWEEN 2084384 AND 2084484
	Bitmap Heap Scan on sbtest6  (cost=5.44..393.31 rows=98 width=125)
	  Recheck Cond: ((k >= 2084384) AND (k <= 2084484))
	  ->  Bitmap Index Scan on k_6  (cost=0.00..5.42 rows=98 width=0)
	        Index Cond: ((k >= 2084384) AND (k <= 2084484))

table 7 : explain SELECT k, c FROM sbtest7 WHERE k BETWEEN 2084384 AND 2084484
	Bitmap Heap Scan on sbtest7  (cost=5.41..381.49 rows=95 width=125)
	  Recheck Cond: ((k >= 2084384) AND (k <= 2084484))
	  ->  Bitmap Index Scan on k_7  (cost=0.00..5.38 rows=95 width=0)
	        Index Cond: ((k >= 2084384) AND (k <= 2084484))

table 8 : explain SELECT k, c FROM sbtest8 WHERE k BETWEEN 2084384 AND 2084484
	Bitmap Heap Scan on sbtest8  (cost=5.51..420.88 rows=105 width=125)
	  Recheck Cond: ((k >= 2084384) AND (k <= 2084484))
	  ->  Bitmap Index Scan on k_8  (cost=0.00..5.48 rows=105 width=0)
	        Index Cond: ((k >= 2084384) AND (k <= 2084484))

explain: for range-notcovered :: explain SELECT k, c FROM sbtest%d WHERE k BETWEEN 2084384 AND 2084484
for range-notcovered
table 1 : explain SELECT k, c FROM sbtest1 WHERE k BETWEEN 2084384 AND 2084484
	Bitmap Heap Scan on sbtest1  (cost=5.43..389.37 rows=97 width=125)
	  Recheck Cond: ((k >= 2084384) AND (k <= 2084484))
	  ->  Bitmap Index Scan on k_1  (cost=0.00..5.40 rows=97 width=0)
	        Index Cond: ((k >= 2084384) AND (k <= 2084484))

table 2 : explain SELECT k, c FROM sbtest2 WHERE k BETWEEN 2084384 AND 2084484
	Bitmap Heap Scan on sbtest2  (cost=5.54..432.69 rows=108 width=125)
	  Recheck Cond: ((k >= 2084384) AND (k <= 2084484))
	  ->  Bitmap Index Scan on k_2  (cost=0.00..5.51 rows=108 width=0)
	        Index Cond: ((k >= 2084384) AND (k <= 2084484))

table 3 : explain SELECT k, c FROM sbtest3 WHERE k BETWEEN 2084384 AND 2084484
	Bitmap Heap Scan on sbtest3  (cost=5.47..405.13 rows=101 width=125)
	  Recheck Cond: ((k >= 2084384) AND (k <= 2084484))
	  ->  Bitmap Index Scan on k_3  (cost=0.00..5.44 rows=101 width=0)
	        Index Cond: ((k >= 2084384) AND (k <= 2084484))

table 4 : explain SELECT k, c FROM sbtest4 WHERE k BETWEEN 2084384 AND 2084484
	Bitmap Heap Scan on sbtest4  (cost=5.45..397.25 rows=99 width=125)
	  Recheck Cond: ((k >= 2084384) AND (k <= 2084484))
	  ->  Bitmap Index Scan on k_4  (cost=0.00..5.42 rows=99 width=0)
	        Index Cond: ((k >= 2084384) AND (k <= 2084484))

table 5 : explain SELECT k, c FROM sbtest5 WHERE k BETWEEN 2084384 AND 2084484
	Bitmap Heap Scan on sbtest5  (cost=5.41..381.49 rows=95 width=125)
	  Recheck Cond: ((k >= 2084384) AND (k <= 2084484))
	  ->  Bitmap Index Scan on k_5  (cost=0.00..5.38 rows=95 width=0)
	        Index Cond: ((k >= 2084384) AND (k <= 2084484))

table 6 : explain SELECT k, c FROM sbtest6 WHERE k BETWEEN 2084384 AND 2084484
	Bitmap Heap Scan on sbtest6  (cost=5.44..393.31 rows=98 width=125)
	  Recheck Cond: ((k >= 2084384) AND (k <= 2084484))
	  ->  Bitmap Index Scan on k_6  (cost=0.00..5.42 rows=98 width=0)
	        Index Cond: ((k >= 2084384) AND (k <= 2084484))

table 7 : explain SELECT k, c FROM sbtest7 WHERE k BETWEEN 2084384 AND 2084484
	Bitmap Heap Scan on sbtest7  (cost=5.41..381.49 rows=95 width=125)
	  Recheck Cond: ((k >= 2084384) AND (k <= 2084484))
	  ->  Bitmap Index Scan on k_7  (cost=0.00..5.38 rows=95 width=0)
	        Index Cond: ((k >= 2084384) AND (k <= 2084484))

table 8 : explain SELECT k, c FROM sbtest8 WHERE k BETWEEN 2084384 AND 2084484
	Bitmap Heap Scan on sbtest8  (cost=5.51..420.88 rows=105 width=125)
	  Recheck Cond: ((k >= 2084384) AND (k <= 2084484))
	  ->  Bitmap Index Scan on k_8  (cost=0.00..5.48 rows=105 width=0)
	        Index Cond: ((k >= 2084384) AND (k <= 2084484))

explain: for range-notcovered :: explain SELECT k, c FROM sbtest%d WHERE k BETWEEN 2084384 AND 2084484
explain: for range-notcovered :: explain SELECT k, c FROM sbtest%d WHERE k BETWEEN 2595698 AND 2595798
explain: for range-notcovered :: explain SELECT k, c FROM sbtest%d WHERE k BETWEEN 1070490 AND 1070590
for range-notcovered
table 1 : explain SELECT k, c FROM sbtest1 WHERE k BETWEEN 2084384 AND 2084484
	Bitmap Heap Scan on sbtest1  (cost=5.43..389.37 rows=97 width=125)
	  Recheck Cond: ((k >= 2084384) AND (k <= 2084484))
	  ->  Bitmap Index Scan on k_1  (cost=0.00..5.40 rows=97 width=0)
	        Index Cond: ((k >= 2084384) AND (k <= 2084484))

table 2 : explain SELECT k, c FROM sbtest2 WHERE k BETWEEN 2084384 AND 2084484
	Bitmap Heap Scan on sbtest2  (cost=5.54..432.69 rows=108 width=125)
	  Recheck Cond: ((k >= 2084384) AND (k <= 2084484))
	  ->  Bitmap Index Scan on k_2  (cost=0.00..5.51 rows=108 width=0)
	        Index Cond: ((k >= 2084384) AND (k <= 2084484))

table 3 : explain SELECT k, c FROM sbtest3 WHERE k BETWEEN 2084384 AND 2084484
	Bitmap Heap Scan on sbtest3  (cost=5.47..405.13 rows=101 width=125)
	  Recheck Cond: ((k >= 2084384) AND (k <= 2084484))
	  ->  Bitmap Index Scan on k_3  (cost=0.00..5.44 rows=101 width=0)
	        Index Cond: ((k >= 2084384) AND (k <= 2084484))

table 4 : explain SELECT k, c FROM sbtest4 WHERE k BETWEEN 2084384 AND 2084484
	Bitmap Heap Scan on sbtest4  (cost=5.45..397.25 rows=99 width=125)
	  Recheck Cond: ((k >= 2084384) AND (k <= 2084484))
	  ->  Bitmap Index Scan on k_4  (cost=0.00..5.42 rows=99 width=0)
	        Index Cond: ((k >= 2084384) AND (k <= 2084484))

table 5 : explain SELECT k, c FROM sbtest5 WHERE k BETWEEN 2084384 AND 2084484
	Bitmap Heap Scan on sbtest5  (cost=5.41..381.49 rows=95 width=125)
	  Recheck Cond: ((k >= 2084384) AND (k <= 2084484))
	  ->  Bitmap Index Scan on k_5  (cost=0.00..5.38 rows=95 width=0)
	        Index Cond: ((k >= 2084384) AND (k <= 2084484))

table 6 : explain SELECT k, c FROM sbtest6 WHERE k BETWEEN 2084384 AND 2084484
	Bitmap Heap Scan on sbtest6  (cost=5.44..393.31 rows=98 width=125)
	  Recheck Cond: ((k >= 2084384) AND (k <= 2084484))
	  ->  Bitmap Index Scan on k_6  (cost=0.00..5.42 rows=98 width=0)
	        Index Cond: ((k >= 2084384) AND (k <= 2084484))

table 7 : explain SELECT k, c FROM sbtest7 WHERE k BETWEEN 2084384 AND 2084484
	Bitmap Heap Scan on sbtest7  (cost=5.41..381.49 rows=95 width=125)
	  Recheck Cond: ((k >= 2084384) AND (k <= 2084484))
	  ->  Bitmap Index Scan on k_7  (cost=0.00..5.38 rows=95 width=0)
	        Index Cond: ((k >= 2084384) AND (k <= 2084484))

table 8 : explain SELECT k, c FROM sbtest8 WHERE k BETWEEN 2084384 AND 2084484
	Bitmap Heap Scan on sbtest8  (cost=5.51..420.88 rows=105 width=125)
	  Recheck Cond: ((k >= 2084384) AND (k <= 2084484))
	  ->  Bitmap Index Scan on k_8  (cost=0.00..5.48 rows=105 width=0)
	        Index Cond: ((k >= 2084384) AND (k <= 2084484))

for range-notcovered
table 1 : explain SELECT k, c FROM sbtest1 WHERE k BETWEEN 5025939 AND 5026039
	Bitmap Heap Scan on sbtest1  (cost=5.38..369.67 rows=92 width=125)
	  Recheck Cond: ((k >= 5025939) AND (k <= 5026039))
	  ->  Bitmap Index Scan on k_1  (cost=0.00..5.35 rows=92 width=0)
	        Index Cond: ((k >= 5025939) AND (k <= 5026039))

table 2 : explain SELECT k, c FROM sbtest2 WHERE k BETWEEN 5025939 AND 5026039
	Bitmap Heap Scan on sbtest2  (cost=5.48..409.07 rows=102 width=125)
	  Recheck Cond: ((k >= 5025939) AND (k <= 5026039))
	  ->  Bitmap Index Scan on k_2  (cost=0.00..5.45 rows=102 width=0)
	        Index Cond: ((k >= 5025939) AND (k <= 5026039))

table 3 : explain SELECT k, c FROM sbtest3 WHERE k BETWEEN 5025939 AND 5026039
	Bitmap Heap Scan on sbtest3  (cost=5.41..381.49 rows=95 width=125)
	  Recheck Cond: ((k >= 5025939) AND (k <= 5026039))
	  ->  Bitmap Index Scan on k_3  (cost=0.00..5.38 rows=95 width=0)
	        Index Cond: ((k >= 5025939) AND (k <= 5026039))

table 4 : explain SELECT k, c FROM sbtest4 WHERE k BETWEEN 5025939 AND 5026039
	Bitmap Heap Scan on sbtest4  (cost=5.51..420.88 rows=105 width=125)
	  Recheck Cond: ((k >= 5025939) AND (k <= 5026039))
	  ->  Bitmap Index Scan on k_4  (cost=0.00..5.48 rows=105 width=0)
	        Index Cond: ((k >= 5025939) AND (k <= 5026039))

table 5 : explain SELECT k, c FROM sbtest5 WHERE k BETWEEN 5025939 AND 5026039
	Bitmap Heap Scan on sbtest5  (cost=5.57..444.49 rows=111 width=125)
	  Recheck Cond: ((k >= 5025939) AND (k <= 5026039))
	  ->  Bitmap Index Scan on k_5  (cost=0.00..5.54 rows=111 width=0)
	        Index Cond: ((k >= 5025939) AND (k <= 5026039))

table 6 : explain SELECT k, c FROM sbtest6 WHERE k BETWEEN 5025939 AND 5026039
	Bitmap Heap Scan on sbtest6  (cost=5.46..401.19 rows=100 width=125)
	  Recheck Cond: ((k >= 5025939) AND (k <= 5026039))
	  ->  Bitmap Index Scan on k_6  (cost=0.00..5.43 rows=100 width=0)
	        Index Cond: ((k >= 5025939) AND (k <= 5026039))

table 7 : explain SELECT k, c FROM sbtest7 WHERE k BETWEEN 5025939 AND 5026039
	Bitmap Heap Scan on sbtest7  (cost=5.54..432.69 rows=108 width=125)
	  Recheck Cond: ((k >= 5025939) AND (k <= 5026039))
	  ->  Bitmap Index Scan on k_7  (cost=0.00..5.51 rows=108 width=0)
	        Index Cond: ((k >= 5025939) AND (k <= 5026039))

table 8 : explain SELECT k, c FROM sbtest8 WHERE k BETWEEN 5025939 AND 5026039
	Bitmap Heap Scan on sbtest8  (cost=5.54..432.69 rows=108 width=125)
	  Recheck Cond: ((k >= 5025939) AND (k <= 5026039))
	  ->  Bitmap Index Scan on k_8  (cost=0.00..5.51 rows=108 width=0)
	        Index Cond: ((k >= 5025939) AND (k <= 5026039))

explain: for range-notcovered :: explain SELECT k, c FROM sbtest%d WHERE k BETWEEN 5025939 AND 5026039
explain: for range-notcovered :: explain SELECT k, c FROM sbtest%d WHERE k BETWEEN 2084384 AND 2084484
for range-notcovered
table 1 : explain SELECT k, c FROM sbtest1 WHERE k BETWEEN 5025939 AND 5026039
	Bitmap Heap Scan on sbtest1  (cost=5.38..369.67 rows=92 width=125)
	  Recheck Cond: ((k >= 5025939) AND (k <= 5026039))
	  ->  Bitmap Index Scan on k_1  (cost=0.00..5.35 rows=92 width=0)
	        Index Cond: ((k >= 5025939) AND (k <= 5026039))

table 2 : explain SELECT k, c FROM sbtest2 WHERE k BETWEEN 5025939 AND 5026039
	Bitmap Heap Scan on sbtest2  (cost=5.48..409.07 rows=102 width=125)
	  Recheck Cond: ((k >= 5025939) AND (k <= 5026039))
	  ->  Bitmap Index Scan on k_2  (cost=0.00..5.45 rows=102 width=0)
	        Index Cond: ((k >= 5025939) AND (k <= 5026039))

table 3 : explain SELECT k, c FROM sbtest3 WHERE k BETWEEN 5025939 AND 5026039
	Bitmap Heap Scan on sbtest3  (cost=5.41..381.49 rows=95 width=125)
	  Recheck Cond: ((k >= 5025939) AND (k <= 5026039))
	  ->  Bitmap Index Scan on k_3  (cost=0.00..5.38 rows=95 width=0)
	        Index Cond: ((k >= 5025939) AND (k <= 5026039))

table 4 : explain SELECT k, c FROM sbtest4 WHERE k BETWEEN 5025939 AND 5026039
	Bitmap Heap Scan on sbtest4  (cost=5.51..420.88 rows=105 width=125)
	  Recheck Cond: ((k >= 5025939) AND (k <= 5026039))
	  ->  Bitmap Index Scan on k_4  (cost=0.00..5.48 rows=105 width=0)
	        Index Cond: ((k >= 5025939) AND (k <= 5026039))

table 5 : explain SELECT k, c FROM sbtest5 WHERE k BETWEEN 5025939 AND 5026039
	Bitmap Heap Scan on sbtest5  (cost=5.57..444.49 rows=111 width=125)
	  Recheck Cond: ((k >= 5025939) AND (k <= 5026039))
	  ->  Bitmap Index Scan on k_5  (cost=0.00..5.54 rows=111 width=0)
	        Index Cond: ((k >= 5025939) AND (k <= 5026039))

table 6 : explain SELECT k, c FROM sbtest6 WHERE k BETWEEN 5025939 AND 5026039
	Bitmap Heap Scan on sbtest6  (cost=5.46..401.19 rows=100 width=125)
	  Recheck Cond: ((k >= 5025939) AND (k <= 5026039))
	  ->  Bitmap Index Scan on k_6  (cost=0.00..5.43 rows=100 width=0)
	        Index Cond: ((k >= 5025939) AND (k <= 5026039))

table 7 : explain SELECT k, c FROM sbtest7 WHERE k BETWEEN 5025939 AND 5026039
	Bitmap Heap Scan on sbtest7  (cost=5.54..432.69 rows=108 width=125)
	  Recheck Cond: ((k >= 5025939) AND (k <= 5026039))
	  ->  Bitmap Index Scan on k_7  (cost=0.00..5.51 rows=108 width=0)
	        Index Cond: ((k >= 5025939) AND (k <= 5026039))

table 8 : explain SELECT k, c FROM sbtest8 WHERE k BETWEEN 5025939 AND 5026039
	Bitmap Heap Scan on sbtest8  (cost=5.54..432.69 rows=108 width=125)
	  Recheck Cond: ((k >= 5025939) AND (k <= 5026039))
	  ->  Bitmap Index Scan on k_8  (cost=0.00..5.51 rows=108 width=0)
	        Index Cond: ((k >= 5025939) AND (k <= 5026039))

explain: for range-notcovered :: explain SELECT k, c FROM sbtest%d WHERE k BETWEEN 5025939 AND 5026039
for range-notcovered
table 1 : explain SELECT k, c FROM sbtest1 WHERE k BETWEEN 3914641 AND 3914741
	Bitmap Heap Scan on sbtest1  (cost=5.50..416.94 rows=104 width=125)
	  Recheck Cond: ((k >= 3914641) AND (k <= 3914741))
	  ->  Bitmap Index Scan on k_1  (cost=0.00..5.47 rows=104 width=0)
	        Index Cond: ((k >= 3914641) AND (k <= 3914741))

table 2 : explain SELECT k, c FROM sbtest2 WHERE k BETWEEN 3914641 AND 3914741
	Bitmap Heap Scan on sbtest2  (cost=5.35..357.84 rows=89 width=125)
	  Recheck Cond: ((k >= 3914641) AND (k <= 3914741))
	  ->  Bitmap Index Scan on k_2  (cost=0.00..5.32 rows=89 width=0)
	        Index Cond: ((k >= 3914641) AND (k <= 3914741))

table 3 : explain SELECT k, c FROM sbtest3 WHERE k BETWEEN 3914641 AND 3914741
	Bitmap Heap Scan on sbtest3  (cost=5.47..405.13 rows=101 width=125)
	  Recheck Cond: ((k >= 3914641) AND (k <= 3914741))
	  ->  Bitmap Index Scan on k_3  (cost=0.00..5.44 rows=101 width=0)
	        Index Cond: ((k >= 3914641) AND (k <= 3914741))

table 4 : explain SELECT k, c FROM sbtest4 WHERE k BETWEEN 3914641 AND 3914741
	Bitmap Heap Scan on sbtest4  (cost=5.47..405.13 rows=101 width=125)
	  Recheck Cond: ((k >= 3914641) AND (k <= 3914741))
	  ->  Bitmap Index Scan on k_4  (cost=0.00..5.44 rows=101 width=0)
	        Index Cond: ((k >= 3914641) AND (k <= 3914741))

table 5 : explain SELECT k, c FROM sbtest5 WHERE k BETWEEN 3914641 AND 3914741
	Bitmap Heap Scan on sbtest5  (cost=5.43..389.37 rows=97 width=125)
	  Recheck Cond: ((k >= 3914641) AND (k <= 3914741))
	  ->  Bitmap Index Scan on k_5  (cost=0.00..5.40 rows=97 width=0)
	        Index Cond: ((k >= 3914641) AND (k <= 3914741))

table 6 : explain SELECT k, c FROM sbtest6 WHERE k BETWEEN 3914641 AND 3914741
	Bitmap Heap Scan on sbtest6  (cost=5.46..401.19 rows=100 width=125)
	  Recheck Cond: ((k >= 3914641) AND (k <= 3914741))
	  ->  Bitmap Index Scan on k_6  (cost=0.00..5.43 rows=100 width=0)
	        Index Cond: ((k >= 3914641) AND (k <= 3914741))

table 7 : explain SELECT k, c FROM sbtest7 WHERE k BETWEEN 3914641 AND 3914741
	Bitmap Heap Scan on sbtest7  (cost=5.44..393.31 rows=98 width=125)
	  Recheck Cond: ((k >= 3914641) AND (k <= 3914741))
	  ->  Bitmap Index Scan on k_7  (cost=0.00..5.42 rows=98 width=0)
	        Index Cond: ((k >= 3914641) AND (k <= 3914741))

table 8 : explain SELECT k, c FROM sbtest8 WHERE k BETWEEN 3914641 AND 3914741
	Bitmap Heap Scan on sbtest8  (cost=5.49..413.00 rows=103 width=125)
	  Recheck Cond: ((k >= 3914641) AND (k <= 3914741))
	  ->  Bitmap Index Scan on k_8  (cost=0.00..5.46 rows=103 width=0)
	        Index Cond: ((k >= 3914641) AND (k <= 3914741))

explain: for range-notcovered :: explain SELECT k, c FROM sbtest%d WHERE k BETWEEN 3914641 AND 3914741
for range-notcovered
table 1 : explain SELECT k, c FROM sbtest1 WHERE k BETWEEN 7615086 AND 7615186
	Bitmap Heap Scan on sbtest1  (cost=5.42..385.43 rows=96 width=125)
	  Recheck Cond: ((k >= 7615086) AND (k <= 7615186))
	  ->  Bitmap Index Scan on k_1  (cost=0.00..5.39 rows=96 width=0)
	        Index Cond: ((k >= 7615086) AND (k <= 7615186))

table 2 : explain SELECT k, c FROM sbtest2 WHERE k BETWEEN 7615086 AND 7615186
	Bitmap Heap Scan on sbtest2  (cost=5.47..405.13 rows=101 width=125)
	  Recheck Cond: ((k >= 7615086) AND (k <= 7615186))
	  ->  Bitmap Index Scan on k_2  (cost=0.00..5.44 rows=101 width=0)
	        Index Cond: ((k >= 7615086) AND (k <= 7615186))

table 3 : explain SELECT k, c FROM sbtest3 WHERE k BETWEEN 7615086 AND 7615186
	Bitmap Heap Scan on sbtest3  (cost=5.51..420.88 rows=105 width=125)
	  Recheck Cond: ((k >= 7615086) AND (k <= 7615186))
	  ->  Bitmap Index Scan on k_3  (cost=0.00..5.48 rows=105 width=0)
	        Index Cond: ((k >= 7615086) AND (k <= 7615186))

table 4 : explain SELECT k, c FROM sbtest4 WHERE k BETWEEN 7615086 AND 7615186
	Bitmap Heap Scan on sbtest4  (cost=5.49..413.00 rows=103 width=125)
	  Recheck Cond: ((k >= 7615086) AND (k <= 7615186))
	  ->  Bitmap Index Scan on k_4  (cost=0.00..5.46 rows=103 width=0)
	        Index Cond: ((k >= 7615086) AND (k <= 7615186))

table 5 : explain SELECT k, c FROM sbtest5 WHERE k BETWEEN 7615086 AND 7615186
	Bitmap Heap Scan on sbtest5  (cost=5.48..409.07 rows=102 width=125)
	  Recheck Cond: ((k >= 7615086) AND (k <= 7615186))
	  ->  Bitmap Index Scan on k_5  (cost=0.00..5.45 rows=102 width=0)
	        Index Cond: ((k >= 7615086) AND (k <= 7615186))

table 6 : explain SELECT k, c FROM sbtest6 WHERE k BETWEEN 7615086 AND 7615186
	Bitmap Heap Scan on sbtest6  (cost=5.54..432.69 rows=108 width=125)
	  Recheck Cond: ((k >= 7615086) AND (k <= 7615186))
	  ->  Bitmap Index Scan on k_6  (cost=0.00..5.51 rows=108 width=0)
	        Index Cond: ((k >= 7615086) AND (k <= 7615186))

table 7 : explain SELECT k, c FROM sbtest7 WHERE k BETWEEN 7615086 AND 7615186
	Bitmap Heap Scan on sbtest7  (cost=5.45..397.25 rows=99 width=125)
	  Recheck Cond: ((k >= 7615086) AND (k <= 7615186))
	  ->  Bitmap Index Scan on k_7  (cost=0.00..5.42 rows=99 width=0)
	        Index Cond: ((k >= 7615086) AND (k <= 7615186))

table 8 : explain SELECT k, c FROM sbtest8 WHERE k BETWEEN 7615086 AND 7615186
	Bitmap Heap Scan on sbtest8  (cost=5.47..405.13 rows=101 width=125)
	  Recheck Cond: ((k >= 7615086) AND (k <= 7615186))
	  ->  Bitmap Index Scan on k_8  (cost=0.00..5.44 rows=101 width=0)
	        Index Cond: ((k >= 7615086) AND (k <= 7615186))

explain: for range-notcovered :: explain SELECT k, c FROM sbtest%d WHERE k BETWEEN 7615086 AND 7615186
for range-notcovered
table 1 : explain SELECT k, c FROM sbtest1 WHERE k BETWEEN 5025939 AND 5026039
	Bitmap Heap Scan on sbtest1  (cost=5.38..369.67 rows=92 width=125)
	  Recheck Cond: ((k >= 5025939) AND (k <= 5026039))
	  ->  Bitmap Index Scan on k_1  (cost=0.00..5.35 rows=92 width=0)
	        Index Cond: ((k >= 5025939) AND (k <= 5026039))

table 2 : explain SELECT k, c FROM sbtest2 WHERE k BETWEEN 5025939 AND 5026039
	Bitmap Heap Scan on sbtest2  (cost=5.48..409.07 rows=102 width=125)
	  Recheck Cond: ((k >= 5025939) AND (k <= 5026039))
	  ->  Bitmap Index Scan on k_2  (cost=0.00..5.45 rows=102 width=0)
	        Index Cond: ((k >= 5025939) AND (k <= 5026039))

table 3 : explain SELECT k, c FROM sbtest3 WHERE k BETWEEN 5025939 AND 5026039
	Bitmap Heap Scan on sbtest3  (cost=5.41..381.49 rows=95 width=125)
	  Recheck Cond: ((k >= 5025939) AND (k <= 5026039))
	  ->  Bitmap Index Scan on k_3  (cost=0.00..5.38 rows=95 width=0)
	        Index Cond: ((k >= 5025939) AND (k <= 5026039))

table 4 : explain SELECT k, c FROM sbtest4 WHERE k BETWEEN 5025939 AND 5026039
	Bitmap Heap Scan on sbtest4  (cost=5.51..420.88 rows=105 width=125)
	  Recheck Cond: ((k >= 5025939) AND (k <= 5026039))
	  ->  Bitmap Index Scan on k_4  (cost=0.00..5.48 rows=105 width=0)
	        Index Cond: ((k >= 5025939) AND (k <= 5026039))

table 5 : explain SELECT k, c FROM sbtest5 WHERE k BETWEEN 5025939 AND 5026039
	Bitmap Heap Scan on sbtest5  (cost=5.57..444.49 rows=111 width=125)
	  Recheck Cond: ((k >= 5025939) AND (k <= 5026039))
	  ->  Bitmap Index Scan on k_5  (cost=0.00..5.54 rows=111 width=0)
	        Index Cond: ((k >= 5025939) AND (k <= 5026039))

table 6 : explain SELECT k, c FROM sbtest6 WHERE k BETWEEN 5025939 AND 5026039
	Bitmap Heap Scan on sbtest6  (cost=5.46..401.19 rows=100 width=125)
	  Recheck Cond: ((k >= 5025939) AND (k <= 5026039))
	  ->  Bitmap Index Scan on k_6  (cost=0.00..5.43 rows=100 width=0)
	        Index Cond: ((k >= 5025939) AND (k <= 5026039))

table 7 : explain SELECT k, c FROM sbtest7 WHERE k BETWEEN 5025939 AND 5026039
	Bitmap Heap Scan on sbtest7  (cost=5.54..432.69 rows=108 width=125)
	  Recheck Cond: ((k >= 5025939) AND (k <= 5026039))
	  ->  Bitmap Index Scan on k_7  (cost=0.00..5.51 rows=108 width=0)
	        Index Cond: ((k >= 5025939) AND (k <= 5026039))

table 8 : explain SELECT k, c FROM sbtest8 WHERE k BETWEEN 5025939 AND 5026039
	Bitmap Heap Scan on sbtest8  (cost=5.54..432.69 rows=108 width=125)
	  Recheck Cond: ((k >= 5025939) AND (k <= 5026039))
	  ->  Bitmap Index Scan on k_8  (cost=0.00..5.51 rows=108 width=0)
	        Index Cond: ((k >= 5025939) AND (k <= 5026039))

explain: for range-notcovered :: explain SELECT k, c FROM sbtest%d WHERE k BETWEEN 5025939 AND 5026039
for range-notcovered
table 1 : explain SELECT k, c FROM sbtest1 WHERE k BETWEEN 3914641 AND 3914741
	Bitmap Heap Scan on sbtest1  (cost=5.50..416.94 rows=104 width=125)
	  Recheck Cond: ((k >= 3914641) AND (k <= 3914741))
	  ->  Bitmap Index Scan on k_1  (cost=0.00..5.47 rows=104 width=0)
	        Index Cond: ((k >= 3914641) AND (k <= 3914741))

table 2 : explain SELECT k, c FROM sbtest2 WHERE k BETWEEN 3914641 AND 3914741
	Bitmap Heap Scan on sbtest2  (cost=5.35..357.84 rows=89 width=125)
	  Recheck Cond: ((k >= 3914641) AND (k <= 3914741))
	  ->  Bitmap Index Scan on k_2  (cost=0.00..5.32 rows=89 width=0)
	        Index Cond: ((k >= 3914641) AND (k <= 3914741))

table 3 : explain SELECT k, c FROM sbtest3 WHERE k BETWEEN 3914641 AND 3914741
	Bitmap Heap Scan on sbtest3  (cost=5.47..405.13 rows=101 width=125)
	  Recheck Cond: ((k >= 3914641) AND (k <= 3914741))
	  ->  Bitmap Index Scan on k_3  (cost=0.00..5.44 rows=101 width=0)
	        Index Cond: ((k >= 3914641) AND (k <= 3914741))

table 4 : explain SELECT k, c FROM sbtest4 WHERE k BETWEEN 3914641 AND 3914741
	Bitmap Heap Scan on sbtest4  (cost=5.47..405.13 rows=101 width=125)
	  Recheck Cond: ((k >= 3914641) AND (k <= 3914741))
	  ->  Bitmap Index Scan on k_4  (cost=0.00..5.44 rows=101 width=0)
	        Index Cond: ((k >= 3914641) AND (k <= 3914741))

table 5 : explain SELECT k, c FROM sbtest5 WHERE k BETWEEN 3914641 AND 3914741
	Bitmap Heap Scan on sbtest5  (cost=5.43..389.37 rows=97 width=125)
	  Recheck Cond: ((k >= 3914641) AND (k <= 3914741))
	  ->  Bitmap Index Scan on k_5  (cost=0.00..5.40 rows=97 width=0)
	        Index Cond: ((k >= 3914641) AND (k <= 3914741))

table 6 : explain SELECT k, c FROM sbtest6 WHERE k BETWEEN 3914641 AND 3914741
	Bitmap Heap Scan on sbtest6  (cost=5.46..401.19 rows=100 width=125)
	  Recheck Cond: ((k >= 3914641) AND (k <= 3914741))
	  ->  Bitmap Index Scan on k_6  (cost=0.00..5.43 rows=100 width=0)
	        Index Cond: ((k >= 3914641) AND (k <= 3914741))

table 7 : explain SELECT k, c FROM sbtest7 WHERE k BETWEEN 3914641 AND 3914741
	Bitmap Heap Scan on sbtest7  (cost=5.44..393.31 rows=98 width=125)
	  Recheck Cond: ((k >= 3914641) AND (k <= 3914741))
	  ->  Bitmap Index Scan on k_7  (cost=0.00..5.42 rows=98 width=0)
	        Index Cond: ((k >= 3914641) AND (k <= 3914741))

table 8 : explain SELECT k, c FROM sbtest8 WHERE k BETWEEN 3914641 AND 3914741
	Bitmap Heap Scan on sbtest8  (cost=5.49..413.00 rows=103 width=125)
	  Recheck Cond: ((k >= 3914641) AND (k <= 3914741))
	  ->  Bitmap Index Scan on k_8  (cost=0.00..5.46 rows=103 width=0)
	        Index Cond: ((k >= 3914641) AND (k <= 3914741))

explain: for range-notcovered :: explain SELECT k, c FROM sbtest%d WHERE k BETWEEN 3914641 AND 3914741
for range-notcovered
table 1 : explain SELECT k, c FROM sbtest1 WHERE k BETWEEN 7615086 AND 7615186
	Bitmap Heap Scan on sbtest1  (cost=5.42..385.43 rows=96 width=125)
	  Recheck Cond: ((k >= 7615086) AND (k <= 7615186))
	  ->  Bitmap Index Scan on k_1  (cost=0.00..5.39 rows=96 width=0)
	        Index Cond: ((k >= 7615086) AND (k <= 7615186))

table 2 : explain SELECT k, c FROM sbtest2 WHERE k BETWEEN 7615086 AND 7615186
	Bitmap Heap Scan on sbtest2  (cost=5.47..405.13 rows=101 width=125)
	  Recheck Cond: ((k >= 7615086) AND (k <= 7615186))
	  ->  Bitmap Index Scan on k_2  (cost=0.00..5.44 rows=101 width=0)
	        Index Cond: ((k >= 7615086) AND (k <= 7615186))

table 3 : explain SELECT k, c FROM sbtest3 WHERE k BETWEEN 7615086 AND 7615186
	Bitmap Heap Scan on sbtest3  (cost=5.51..420.88 rows=105 width=125)
	  Recheck Cond: ((k >= 7615086) AND (k <= 7615186))
	  ->  Bitmap Index Scan on k_3  (cost=0.00..5.48 rows=105 width=0)
	        Index Cond: ((k >= 7615086) AND (k <= 7615186))

table 4 : explain SELECT k, c FROM sbtest4 WHERE k BETWEEN 7615086 AND 7615186
	Bitmap Heap Scan on sbtest4  (cost=5.49..413.00 rows=103 width=125)
	  Recheck Cond: ((k >= 7615086) AND (k <= 7615186))
	  ->  Bitmap Index Scan on k_4  (cost=0.00..5.46 rows=103 width=0)
	        Index Cond: ((k >= 7615086) AND (k <= 7615186))

table 5 : explain SELECT k, c FROM sbtest5 WHERE k BETWEEN 7615086 AND 7615186
	Bitmap Heap Scan on sbtest5  (cost=5.48..409.07 rows=102 width=125)
	  Recheck Cond: ((k >= 7615086) AND (k <= 7615186))
	  ->  Bitmap Index Scan on k_5  (cost=0.00..5.45 rows=102 width=0)
	        Index Cond: ((k >= 7615086) AND (k <= 7615186))

table 6 : explain SELECT k, c FROM sbtest6 WHERE k BETWEEN 7615086 AND 7615186
	Bitmap Heap Scan on sbtest6  (cost=5.54..432.69 rows=108 width=125)
	  Recheck Cond: ((k >= 7615086) AND (k <= 7615186))
	  ->  Bitmap Index Scan on k_6  (cost=0.00..5.51 rows=108 width=0)
	        Index Cond: ((k >= 7615086) AND (k <= 7615186))

table 7 : explain SELECT k, c FROM sbtest7 WHERE k BETWEEN 7615086 AND 7615186
	Bitmap Heap Scan on sbtest7  (cost=5.45..397.25 rows=99 width=125)
	  Recheck Cond: ((k >= 7615086) AND (k <= 7615186))
	  ->  Bitmap Index Scan on k_7  (cost=0.00..5.42 rows=99 width=0)
	        Index Cond: ((k >= 7615086) AND (k <= 7615186))

table 8 : explain SELECT k, c FROM sbtest8 WHERE k BETWEEN 7615086 AND 7615186
	Bitmap Heap Scan on sbtest8  (cost=5.47..405.13 rows=101 width=125)
	  Recheck Cond: ((k >= 7615086) AND (k <= 7615186))
	  ->  Bitmap Index Scan on k_8  (cost=0.00..5.44 rows=101 width=0)
	        Index Cond: ((k >= 7615086) AND (k <= 7615186))

explain: for range-notcovered :: explain SELECT k, c FROM sbtest%d WHERE k BETWEEN 7615086 AND 7615186
for range-notcovered
table 1 : explain SELECT k, c FROM sbtest1 WHERE k BETWEEN 2084384 AND 2084484
	Bitmap Heap Scan on sbtest1  (cost=5.43..389.37 rows=97 width=125)
	  Recheck Cond: ((k >= 2084384) AND (k <= 2084484))
	  ->  Bitmap Index Scan on k_1  (cost=0.00..5.40 rows=97 width=0)
	        Index Cond: ((k >= 2084384) AND (k <= 2084484))

table 2 : explain SELECT k, c FROM sbtest2 WHERE k BETWEEN 2084384 AND 2084484
	Bitmap Heap Scan on sbtest2  (cost=5.54..432.69 rows=108 width=125)
	  Recheck Cond: ((k >= 2084384) AND (k <= 2084484))
	  ->  Bitmap Index Scan on k_2  (cost=0.00..5.51 rows=108 width=0)
	        Index Cond: ((k >= 2084384) AND (k <= 2084484))

table 3 : explain SELECT k, c FROM sbtest3 WHERE k BETWEEN 2084384 AND 2084484
	Bitmap Heap Scan on sbtest3  (cost=5.47..405.13 rows=101 width=125)
	  Recheck Cond: ((k >= 2084384) AND (k <= 2084484))
	  ->  Bitmap Index Scan on k_3  (cost=0.00..5.44 rows=101 width=0)
	        Index Cond: ((k >= 2084384) AND (k <= 2084484))

table 4 : explain SELECT k, c FROM sbtest4 WHERE k BETWEEN 2084384 AND 2084484
	Bitmap Heap Scan on sbtest4  (cost=5.45..397.25 rows=99 width=125)
	  Recheck Cond: ((k >= 2084384) AND (k <= 2084484))
	  ->  Bitmap Index Scan on k_4  (cost=0.00..5.42 rows=99 width=0)
	        Index Cond: ((k >= 2084384) AND (k <= 2084484))

table 5 : explain SELECT k, c FROM sbtest5 WHERE k BETWEEN 2084384 AND 2084484
	Bitmap Heap Scan on sbtest5  (cost=5.41..381.49 rows=95 width=125)
	  Recheck Cond: ((k >= 2084384) AND (k <= 2084484))
	  ->  Bitmap Index Scan on k_5  (cost=0.00..5.38 rows=95 width=0)
	        Index Cond: ((k >= 2084384) AND (k <= 2084484))

table 6 : explain SELECT k, c FROM sbtest6 WHERE k BETWEEN 2084384 AND 2084484
	Bitmap Heap Scan on sbtest6  (cost=5.44..393.31 rows=98 width=125)
	  Recheck Cond: ((k >= 2084384) AND (k <= 2084484))
	  ->  Bitmap Index Scan on k_6  (cost=0.00..5.42 rows=98 width=0)
	        Index Cond: ((k >= 2084384) AND (k <= 2084484))

table 7 : explain SELECT k, c FROM sbtest7 WHERE k BETWEEN 2084384 AND 2084484
	Bitmap Heap Scan on sbtest7  (cost=5.41..381.49 rows=95 width=125)
	  Recheck Cond: ((k >= 2084384) AND (k <= 2084484))
	  ->  Bitmap Index Scan on k_7  (cost=0.00..5.38 rows=95 width=0)
	        Index Cond: ((k >= 2084384) AND (k <= 2084484))

table 8 : explain SELECT k, c FROM sbtest8 WHERE k BETWEEN 2084384 AND 2084484
	Bitmap Heap Scan on sbtest8  (cost=5.51..420.88 rows=105 width=125)
	  Recheck Cond: ((k >= 2084384) AND (k <= 2084484))
	  ->  Bitmap Index Scan on k_8  (cost=0.00..5.48 rows=105 width=0)
	        Index Cond: ((k >= 2084384) AND (k <= 2084484))

for range-notcovered
table 1 : explain SELECT k, c FROM sbtest1 WHERE k BETWEEN 7615086 AND 7615186
	Bitmap Heap Scan on sbtest1  (cost=5.42..385.43 rows=96 width=125)
	  Recheck Cond: ((k >= 7615086) AND (k <= 7615186))
	  ->  Bitmap Index Scan on k_1  (cost=0.00..5.39 rows=96 width=0)
	        Index Cond: ((k >= 7615086) AND (k <= 7615186))

table 2 : explain SELECT k, c FROM sbtest2 WHERE k BETWEEN 7615086 AND 7615186
	Bitmap Heap Scan on sbtest2  (cost=5.47..405.13 rows=101 width=125)
	  Recheck Cond: ((k >= 7615086) AND (k <= 7615186))
	  ->  Bitmap Index Scan on k_2  (cost=0.00..5.44 rows=101 width=0)
	        Index Cond: ((k >= 7615086) AND (k <= 7615186))

table 3 : explain SELECT k, c FROM sbtest3 WHERE k BETWEEN 7615086 AND 7615186
	Bitmap Heap Scan on sbtest3  (cost=5.51..420.88 rows=105 width=125)
	  Recheck Cond: ((k >= 7615086) AND (k <= 7615186))
	  ->  Bitmap Index Scan on k_3  (cost=0.00..5.48 rows=105 width=0)
	        Index Cond: ((k >= 7615086) AND (k <= 7615186))

table 4 : explain SELECT k, c FROM sbtest4 WHERE k BETWEEN 7615086 AND 7615186
	Bitmap Heap Scan on sbtest4  (cost=5.49..413.00 rows=103 width=125)
	  Recheck Cond: ((k >= 7615086) AND (k <= 7615186))
	  ->  Bitmap Index Scan on k_4  (cost=0.00..5.46 rows=103 width=0)
	        Index Cond: ((k >= 7615086) AND (k <= 7615186))

table 5 : explain SELECT k, c FROM sbtest5 WHERE k BETWEEN 7615086 AND 7615186
	Bitmap Heap Scan on sbtest5  (cost=5.48..409.07 rows=102 width=125)
	  Recheck Cond: ((k >= 7615086) AND (k <= 7615186))
	  ->  Bitmap Index Scan on k_5  (cost=0.00..5.45 rows=102 width=0)
	        Index Cond: ((k >= 7615086) AND (k <= 7615186))

table 6 : explain SELECT k, c FROM sbtest6 WHERE k BETWEEN 7615086 AND 7615186
	Bitmap Heap Scan on sbtest6  (cost=5.54..432.69 rows=108 width=125)
	  Recheck Cond: ((k >= 7615086) AND (k <= 7615186))
	  ->  Bitmap Index Scan on k_6  (cost=0.00..5.51 rows=108 width=0)
	        Index Cond: ((k >= 7615086) AND (k <= 7615186))

table 7 : explain SELECT k, c FROM sbtest7 WHERE k BETWEEN 7615086 AND 7615186
	Bitmap Heap Scan on sbtest7  (cost=5.45..397.25 rows=99 width=125)
	  Recheck Cond: ((k >= 7615086) AND (k <= 7615186))
	  ->  Bitmap Index Scan on k_7  (cost=0.00..5.42 rows=99 width=0)
	        Index Cond: ((k >= 7615086) AND (k <= 7615186))

table 8 : explain SELECT k, c FROM sbtest8 WHERE k BETWEEN 7615086 AND 7615186
	Bitmap Heap Scan on sbtest8  (cost=5.47..405.13 rows=101 width=125)
	  Recheck Cond: ((k >= 7615086) AND (k <= 7615186))
	  ->  Bitmap Index Scan on k_8  (cost=0.00..5.44 rows=101 width=0)
	        Index Cond: ((k >= 7615086) AND (k <= 7615186))

explain: for range-notcovered :: explain SELECT k, c FROM sbtest%d WHERE k BETWEEN 7615086 AND 7615186
for range-notcovered
table 1 : explain SELECT k, c FROM sbtest1 WHERE k BETWEEN 3914641 AND 3914741
	Bitmap Heap Scan on sbtest1  (cost=5.50..416.94 rows=104 width=125)
	  Recheck Cond: ((k >= 3914641) AND (k <= 3914741))
	  ->  Bitmap Index Scan on k_1  (cost=0.00..5.47 rows=104 width=0)
	        Index Cond: ((k >= 3914641) AND (k <= 3914741))

table 2 : explain SELECT k, c FROM sbtest2 WHERE k BETWEEN 3914641 AND 3914741
	Bitmap Heap Scan on sbtest2  (cost=5.35..357.84 rows=89 width=125)
	  Recheck Cond: ((k >= 3914641) AND (k <= 3914741))
	  ->  Bitmap Index Scan on k_2  (cost=0.00..5.32 rows=89 width=0)
	        Index Cond: ((k >= 3914641) AND (k <= 3914741))

table 3 : explain SELECT k, c FROM sbtest3 WHERE k BETWEEN 3914641 AND 3914741
	Bitmap Heap Scan on sbtest3  (cost=5.47..405.13 rows=101 width=125)
	  Recheck Cond: ((k >= 3914641) AND (k <= 3914741))
	  ->  Bitmap Index Scan on k_3  (cost=0.00..5.44 rows=101 width=0)
	        Index Cond: ((k >= 3914641) AND (k <= 3914741))

table 4 : explain SELECT k, c FROM sbtest4 WHERE k BETWEEN 3914641 AND 3914741
	Bitmap Heap Scan on sbtest4  (cost=5.47..405.13 rows=101 width=125)
	  Recheck Cond: ((k >= 3914641) AND (k <= 3914741))
	  ->  Bitmap Index Scan on k_4  (cost=0.00..5.44 rows=101 width=0)
	        Index Cond: ((k >= 3914641) AND (k <= 3914741))

table 5 : explain SELECT k, c FROM sbtest5 WHERE k BETWEEN 3914641 AND 3914741
	Bitmap Heap Scan on sbtest5  (cost=5.43..389.37 rows=97 width=125)
	  Recheck Cond: ((k >= 3914641) AND (k <= 3914741))
	  ->  Bitmap Index Scan on k_5  (cost=0.00..5.40 rows=97 width=0)
	        Index Cond: ((k >= 3914641) AND (k <= 3914741))

table 6 : explain SELECT k, c FROM sbtest6 WHERE k BETWEEN 3914641 AND 3914741
	Bitmap Heap Scan on sbtest6  (cost=5.46..401.19 rows=100 width=125)
	  Recheck Cond: ((k >= 3914641) AND (k <= 3914741))
	  ->  Bitmap Index Scan on k_6  (cost=0.00..5.43 rows=100 width=0)
	        Index Cond: ((k >= 3914641) AND (k <= 3914741))

table 7 : explain SELECT k, c FROM sbtest7 WHERE k BETWEEN 3914641 AND 3914741
	Bitmap Heap Scan on sbtest7  (cost=5.44..393.31 rows=98 width=125)
	  Recheck Cond: ((k >= 3914641) AND (k <= 3914741))
	  ->  Bitmap Index Scan on k_7  (cost=0.00..5.42 rows=98 width=0)
	        Index Cond: ((k >= 3914641) AND (k <= 3914741))

table 8 : explain SELECT k, c FROM sbtest8 WHERE k BETWEEN 3914641 AND 3914741
	Bitmap Heap Scan on sbtest8  (cost=5.49..413.00 rows=103 width=125)
	  Recheck Cond: ((k >= 3914641) AND (k <= 3914741))
	  ->  Bitmap Index Scan on k_8  (cost=0.00..5.46 rows=103 width=0)
	        Index Cond: ((k >= 3914641) AND (k <= 3914741))

explain: for range-notcovered :: explain SELECT k, c FROM sbtest%d WHERE k BETWEEN 8262521 AND 8262621
for range-notcovered
table 1 : explain SELECT k, c FROM sbtest1 WHERE k BETWEEN 5025939 AND 5026039
	Bitmap Heap Scan on sbtest1  (cost=5.38..369.67 rows=92 width=125)
	  Recheck Cond: ((k >= 5025939) AND (k <= 5026039))
	  ->  Bitmap Index Scan on k_1  (cost=0.00..5.35 rows=92 width=0)
	        Index Cond: ((k >= 5025939) AND (k <= 5026039))

table 2 : explain SELECT k, c FROM sbtest2 WHERE k BETWEEN 5025939 AND 5026039
	Bitmap Heap Scan on sbtest2  (cost=5.48..409.07 rows=102 width=125)
	  Recheck Cond: ((k >= 5025939) AND (k <= 5026039))
	  ->  Bitmap Index Scan on k_2  (cost=0.00..5.45 rows=102 width=0)
	        Index Cond: ((k >= 5025939) AND (k <= 5026039))

table 3 : explain SELECT k, c FROM sbtest3 WHERE k BETWEEN 5025939 AND 5026039
	Bitmap Heap Scan on sbtest3  (cost=5.41..381.49 rows=95 width=125)
	  Recheck Cond: ((k >= 5025939) AND (k <= 5026039))
	  ->  Bitmap Index Scan on k_3  (cost=0.00..5.38 rows=95 width=0)
	        Index Cond: ((k >= 5025939) AND (k <= 5026039))

table 4 : explain SELECT k, c FROM sbtest4 WHERE k BETWEEN 5025939 AND 5026039
	Bitmap Heap Scan on sbtest4  (cost=5.51..420.88 rows=105 width=125)
	  Recheck Cond: ((k >= 5025939) AND (k <= 5026039))
	  ->  Bitmap Index Scan on k_4  (cost=0.00..5.48 rows=105 width=0)
	        Index Cond: ((k >= 5025939) AND (k <= 5026039))

table 5 : explain SELECT k, c FROM sbtest5 WHERE k BETWEEN 5025939 AND 5026039
	Bitmap Heap Scan on sbtest5  (cost=5.57..444.49 rows=111 width=125)
	  Recheck Cond: ((k >= 5025939) AND (k <= 5026039))
	  ->  Bitmap Index Scan on k_5  (cost=0.00..5.54 rows=111 width=0)
	        Index Cond: ((k >= 5025939) AND (k <= 5026039))

table 6 : explain SELECT k, c FROM sbtest6 WHERE k BETWEEN 5025939 AND 5026039
	Bitmap Heap Scan on sbtest6  (cost=5.46..401.19 rows=100 width=125)
	  Recheck Cond: ((k >= 5025939) AND (k <= 5026039))
	  ->  Bitmap Index Scan on k_6  (cost=0.00..5.43 rows=100 width=0)
	        Index Cond: ((k >= 5025939) AND (k <= 5026039))

table 7 : explain SELECT k, c FROM sbtest7 WHERE k BETWEEN 5025939 AND 5026039
	Bitmap Heap Scan on sbtest7  (cost=5.54..432.69 rows=108 width=125)
	  Recheck Cond: ((k >= 5025939) AND (k <= 5026039))
	  ->  Bitmap Index Scan on k_7  (cost=0.00..5.51 rows=108 width=0)
	        Index Cond: ((k >= 5025939) AND (k <= 5026039))

table 8 : explain SELECT k, c FROM sbtest8 WHERE k BETWEEN 5025939 AND 5026039
	Bitmap Heap Scan on sbtest8  (cost=5.54..432.69 rows=108 width=125)
	  Recheck Cond: ((k >= 5025939) AND (k <= 5026039))
	  ->  Bitmap Index Scan on k_8  (cost=0.00..5.51 rows=108 width=0)
	        Index Cond: ((k >= 5025939) AND (k <= 5026039))

explain: for range-notcovered :: explain SELECT k, c FROM sbtest%d WHERE k BETWEEN 5025939 AND 5026039
explain: for range-notcovered :: explain SELECT k, c FROM sbtest%d WHERE k BETWEEN 3781984 AND 3782084
for range-notcovered
table 1 : explain SELECT k, c FROM sbtest1 WHERE k BETWEEN 5025939 AND 5026039
	Bitmap Heap Scan on sbtest1  (cost=5.38..369.67 rows=92 width=125)
	  Recheck Cond: ((k >= 5025939) AND (k <= 5026039))
	  ->  Bitmap Index Scan on k_1  (cost=0.00..5.35 rows=92 width=0)
	        Index Cond: ((k >= 5025939) AND (k <= 5026039))

table 2 : explain SELECT k, c FROM sbtest2 WHERE k BETWEEN 5025939 AND 5026039
	Bitmap Heap Scan on sbtest2  (cost=5.48..409.07 rows=102 width=125)
	  Recheck Cond: ((k >= 5025939) AND (k <= 5026039))
	  ->  Bitmap Index Scan on k_2  (cost=0.00..5.45 rows=102 width=0)
	        Index Cond: ((k >= 5025939) AND (k <= 5026039))

table 3 : explain SELECT k, c FROM sbtest3 WHERE k BETWEEN 5025939 AND 5026039
	Bitmap Heap Scan on sbtest3  (cost=5.41..381.49 rows=95 width=125)
	  Recheck Cond: ((k >= 5025939) AND (k <= 5026039))
	  ->  Bitmap Index Scan on k_3  (cost=0.00..5.38 rows=95 width=0)
	        Index Cond: ((k >= 5025939) AND (k <= 5026039))

table 4 : explain SELECT k, c FROM sbtest4 WHERE k BETWEEN 5025939 AND 5026039
	Bitmap Heap Scan on sbtest4  (cost=5.51..420.88 rows=105 width=125)
	  Recheck Cond: ((k >= 5025939) AND (k <= 5026039))
	  ->  Bitmap Index Scan on k_4  (cost=0.00..5.48 rows=105 width=0)
	        Index Cond: ((k >= 5025939) AND (k <= 5026039))

table 5 : explain SELECT k, c FROM sbtest5 WHERE k BETWEEN 5025939 AND 5026039
	Bitmap Heap Scan on sbtest5  (cost=5.57..444.49 rows=111 width=125)
	  Recheck Cond: ((k >= 5025939) AND (k <= 5026039))
	  ->  Bitmap Index Scan on k_5  (cost=0.00..5.54 rows=111 width=0)
	        Index Cond: ((k >= 5025939) AND (k <= 5026039))

table 6 : explain SELECT k, c FROM sbtest6 WHERE k BETWEEN 5025939 AND 5026039
	Bitmap Heap Scan on sbtest6  (cost=5.46..401.19 rows=100 width=125)
	  Recheck Cond: ((k >= 5025939) AND (k <= 5026039))
	  ->  Bitmap Index Scan on k_6  (cost=0.00..5.43 rows=100 width=0)
	        Index Cond: ((k >= 5025939) AND (k <= 5026039))

table 7 : explain SELECT k, c FROM sbtest7 WHERE k BETWEEN 5025939 AND 5026039
	Bitmap Heap Scan on sbtest7  (cost=5.54..432.69 rows=108 width=125)
	  Recheck Cond: ((k >= 5025939) AND (k <= 5026039))
	  ->  Bitmap Index Scan on k_7  (cost=0.00..5.51 rows=108 width=0)
	        Index Cond: ((k >= 5025939) AND (k <= 5026039))

table 8 : explain SELECT k, c FROM sbtest8 WHERE k BETWEEN 5025939 AND 5026039
	Bitmap Heap Scan on sbtest8  (cost=5.54..432.69 rows=108 width=125)
	  Recheck Cond: ((k >= 5025939) AND (k <= 5026039))
	  ->  Bitmap Index Scan on k_8  (cost=0.00..5.51 rows=108 width=0)
	        Index Cond: ((k >= 5025939) AND (k <= 5026039))

explain: for range-notcovered :: explain SELECT k, c FROM sbtest%d WHERE k BETWEEN 5025939 AND 5026039
explain: for range-notcovered :: explain SELECT k, c FROM sbtest%d WHERE k BETWEEN 5272393 AND 5272493
for range-notcovered
table 1 : explain SELECT k, c FROM sbtest1 WHERE k BETWEEN 5025939 AND 5026039
	Bitmap Heap Scan on sbtest1  (cost=5.38..369.67 rows=92 width=125)
	  Recheck Cond: ((k >= 5025939) AND (k <= 5026039))
	  ->  Bitmap Index Scan on k_1  (cost=0.00..5.35 rows=92 width=0)
	        Index Cond: ((k >= 5025939) AND (k <= 5026039))

table 2 : explain SELECT k, c FROM sbtest2 WHERE k BETWEEN 5025939 AND 5026039
	Bitmap Heap Scan on sbtest2  (cost=5.48..409.07 rows=102 width=125)
	  Recheck Cond: ((k >= 5025939) AND (k <= 5026039))
	  ->  Bitmap Index Scan on k_2  (cost=0.00..5.45 rows=102 width=0)
	        Index Cond: ((k >= 5025939) AND (k <= 5026039))

table 3 : explain SELECT k, c FROM sbtest3 WHERE k BETWEEN 5025939 AND 5026039
	Bitmap Heap Scan on sbtest3  (cost=5.41..381.49 rows=95 width=125)
	  Recheck Cond: ((k >= 5025939) AND (k <= 5026039))
	  ->  Bitmap Index Scan on k_3  (cost=0.00..5.38 rows=95 width=0)
	        Index Cond: ((k >= 5025939) AND (k <= 5026039))

table 4 : explain SELECT k, c FROM sbtest4 WHERE k BETWEEN 5025939 AND 5026039
	Bitmap Heap Scan on sbtest4  (cost=5.51..420.88 rows=105 width=125)
	  Recheck Cond: ((k >= 5025939) AND (k <= 5026039))
	  ->  Bitmap Index Scan on k_4  (cost=0.00..5.48 rows=105 width=0)
	        Index Cond: ((k >= 5025939) AND (k <= 5026039))

table 5 : explain SELECT k, c FROM sbtest5 WHERE k BETWEEN 5025939 AND 5026039
	Bitmap Heap Scan on sbtest5  (cost=5.57..444.49 rows=111 width=125)
	  Recheck Cond: ((k >= 5025939) AND (k <= 5026039))
	  ->  Bitmap Index Scan on k_5  (cost=0.00..5.54 rows=111 width=0)
	        Index Cond: ((k >= 5025939) AND (k <= 5026039))

table 6 : explain SELECT k, c FROM sbtest6 WHERE k BETWEEN 5025939 AND 5026039
	Bitmap Heap Scan on sbtest6  (cost=5.46..401.19 rows=100 width=125)
	  Recheck Cond: ((k >= 5025939) AND (k <= 5026039))
	  ->  Bitmap Index Scan on k_6  (cost=0.00..5.43 rows=100 width=0)
	        Index Cond: ((k >= 5025939) AND (k <= 5026039))

table 7 : explain SELECT k, c FROM sbtest7 WHERE k BETWEEN 5025939 AND 5026039
	Bitmap Heap Scan on sbtest7  (cost=5.54..432.69 rows=108 width=125)
	  Recheck Cond: ((k >= 5025939) AND (k <= 5026039))
	  ->  Bitmap Index Scan on k_7  (cost=0.00..5.51 rows=108 width=0)
	        Index Cond: ((k >= 5025939) AND (k <= 5026039))

table 8 : explain SELECT k, c FROM sbtest8 WHERE k BETWEEN 5025939 AND 5026039
	Bitmap Heap Scan on sbtest8  (cost=5.54..432.69 rows=108 width=125)
	  Recheck Cond: ((k >= 5025939) AND (k <= 5026039))
	  ->  Bitmap Index Scan on k_8  (cost=0.00..5.51 rows=108 width=0)
	        Index Cond: ((k >= 5025939) AND (k <= 5026039))

for range-notcovered
table 1 : explain SELECT k, c FROM sbtest1 WHERE k BETWEEN 7213184 AND 7213284
	Bitmap Heap Scan on sbtest1  (cost=5.55..436.62 rows=109 width=125)
	  Recheck Cond: ((k >= 7213184) AND (k <= 7213284))
	  ->  Bitmap Index Scan on k_1  (cost=0.00..5.52 rows=109 width=0)
	        Index Cond: ((k >= 7213184) AND (k <= 7213284))

table 2 : explain SELECT k, c FROM sbtest2 WHERE k BETWEEN 7213184 AND 7213284
	Bitmap Heap Scan on sbtest2  (cost=5.45..397.25 rows=99 width=125)
	  Recheck Cond: ((k >= 7213184) AND (k <= 7213284))
	  ->  Bitmap Index Scan on k_2  (cost=0.00..5.42 rows=99 width=0)
	        Index Cond: ((k >= 7213184) AND (k <= 7213284))

table 3 : explain SELECT k, c FROM sbtest3 WHERE k BETWEEN 7213184 AND 7213284
	Bitmap Heap Scan on sbtest3  (cost=5.46..401.19 rows=100 width=125)
	  Recheck Cond: ((k >= 7213184) AND (k <= 7213284))
	  ->  Bitmap Index Scan on k_3  (cost=0.00..5.43 rows=100 width=0)
	        Index Cond: ((k >= 7213184) AND (k <= 7213284))

table 4 : explain SELECT k, c FROM sbtest4 WHERE k BETWEEN 7213184 AND 7213284
	Bitmap Heap Scan on sbtest4  (cost=5.46..401.19 rows=100 width=125)
	  Recheck Cond: ((k >= 7213184) AND (k <= 7213284))
	  ->  Bitmap Index Scan on k_4  (cost=0.00..5.43 rows=100 width=0)
	        Index Cond: ((k >= 7213184) AND (k <= 7213284))

table 5 : explain SELECT k, c FROM sbtest5 WHERE k BETWEEN 7213184 AND 7213284
	Bitmap Heap Scan on sbtest5  (cost=5.48..409.07 rows=102 width=125)
	  Recheck Cond: ((k >= 7213184) AND (k <= 7213284))
	  ->  Bitmap Index Scan on k_5  (cost=0.00..5.45 rows=102 width=0)
	        Index Cond: ((k >= 7213184) AND (k <= 7213284))

table 6 : explain SELECT k, c FROM sbtest6 WHERE k BETWEEN 7213184 AND 7213284
	Bitmap Heap Scan on sbtest6  (cost=5.59..452.36 rows=113 width=125)
	  Recheck Cond: ((k >= 7213184) AND (k <= 7213284))
	  ->  Bitmap Index Scan on k_6  (cost=0.00..5.56 rows=113 width=0)
	        Index Cond: ((k >= 7213184) AND (k <= 7213284))

table 7 : explain SELECT k, c FROM sbtest7 WHERE k BETWEEN 7213184 AND 7213284
	Bitmap Heap Scan on sbtest7  (cost=5.51..420.88 rows=105 width=125)
	  Recheck Cond: ((k >= 7213184) AND (k <= 7213284))
	  ->  Bitmap Index Scan on k_7  (cost=0.00..5.48 rows=105 width=0)
	        Index Cond: ((k >= 7213184) AND (k <= 7213284))

table 8 : explain SELECT k, c FROM sbtest8 WHERE k BETWEEN 7213184 AND 7213284
	Bitmap Heap Scan on sbtest8  (cost=5.51..420.88 rows=105 width=125)
	  Recheck Cond: ((k >= 7213184) AND (k <= 7213284))
	  ->  Bitmap Index Scan on k_8  (cost=0.00..5.48 rows=105 width=0)
	        Index Cond: ((k >= 7213184) AND (k <= 7213284))

explain: for range-notcovered :: explain SELECT k, c FROM sbtest%d WHERE k BETWEEN 3914641 AND 3914741
explain: for range-notcovered :: explain SELECT k, c FROM sbtest%d WHERE k BETWEEN 7213184 AND 7213284
explain: for range-notcovered :: explain SELECT k, c FROM sbtest%d WHERE k BETWEEN 2523731 AND 2523831
for range-notcovered
table 1 : explain SELECT k, c FROM sbtest1 WHERE k BETWEEN 2595698 AND 2595798
	Bitmap Heap Scan on sbtest1  (cost=5.50..416.94 rows=104 width=125)
	  Recheck Cond: ((k >= 2595698) AND (k <= 2595798))
	  ->  Bitmap Index Scan on k_1  (cost=0.00..5.47 rows=104 width=0)
	        Index Cond: ((k >= 2595698) AND (k <= 2595798))

table 2 : explain SELECT k, c FROM sbtest2 WHERE k BETWEEN 2595698 AND 2595798
	Bitmap Heap Scan on sbtest2  (cost=5.38..369.67 rows=92 width=125)
	  Recheck Cond: ((k >= 2595698) AND (k <= 2595798))
	  ->  Bitmap Index Scan on k_2  (cost=0.00..5.35 rows=92 width=0)
	        Index Cond: ((k >= 2595698) AND (k <= 2595798))

table 3 : explain SELECT k, c FROM sbtest3 WHERE k BETWEEN 2595698 AND 2595798
	Bitmap Heap Scan on sbtest3  (cost=5.53..428.75 rows=107 width=125)
	  Recheck Cond: ((k >= 2595698) AND (k <= 2595798))
	  ->  Bitmap Index Scan on k_3  (cost=0.00..5.50 rows=107 width=0)
	        Index Cond: ((k >= 2595698) AND (k <= 2595798))

table 4 : explain SELECT k, c FROM sbtest4 WHERE k BETWEEN 2595698 AND 2595798
	Bitmap Heap Scan on sbtest4  (cost=5.54..432.69 rows=108 width=125)
	  Recheck Cond: ((k >= 2595698) AND (k <= 2595798))
	  ->  Bitmap Index Scan on k_4  (cost=0.00..5.51 rows=108 width=0)
	        Index Cond: ((k >= 2595698) AND (k <= 2595798))

table 5 : explain SELECT k, c FROM sbtest5 WHERE k BETWEEN 2595698 AND 2595798
	Bitmap Heap Scan on sbtest5  (cost=5.54..432.69 rows=108 width=125)
	  Recheck Cond: ((k >= 2595698) AND (k <= 2595798))
	  ->  Bitmap Index Scan on k_5  (cost=0.00..5.51 rows=108 width=0)
	        Index Cond: ((k >= 2595698) AND (k <= 2595798))

table 6 : explain SELECT k, c FROM sbtest6 WHERE k BETWEEN 2595698 AND 2595798
	Bitmap Heap Scan on sbtest6  (cost=5.51..420.88 rows=105 width=125)
	  Recheck Cond: ((k >= 2595698) AND (k <= 2595798))
	  ->  Bitmap Index Scan on k_6  (cost=0.00..5.48 rows=105 width=0)
	        Index Cond: ((k >= 2595698) AND (k <= 2595798))

table 7 : explain SELECT k, c FROM sbtest7 WHERE k BETWEEN 2595698 AND 2595798
	Bitmap Heap Scan on sbtest7  (cost=5.47..405.13 rows=101 width=125)
	  Recheck Cond: ((k >= 2595698) AND (k <= 2595798))
	  ->  Bitmap Index Scan on k_7  (cost=0.00..5.44 rows=101 width=0)
	        Index Cond: ((k >= 2595698) AND (k <= 2595798))

table 8 : explain SELECT k, c FROM sbtest8 WHERE k BETWEEN 2595698 AND 2595798
	Bitmap Heap Scan on sbtest8  (cost=5.51..420.88 rows=105 width=125)
	  Recheck Cond: ((k >= 2595698) AND (k <= 2595798))
	  ->  Bitmap Index Scan on k_8  (cost=0.00..5.48 rows=105 width=0)
	        Index Cond: ((k >= 2595698) AND (k <= 2595798))

for range-notcovered
table 1 : explain SELECT k, c FROM sbtest1 WHERE k BETWEEN 7615086 AND 7615186
	Bitmap Heap Scan on sbtest1  (cost=5.42..385.43 rows=96 width=125)
	  Recheck Cond: ((k >= 7615086) AND (k <= 7615186))
	  ->  Bitmap Index Scan on k_1  (cost=0.00..5.39 rows=96 width=0)
	        Index Cond: ((k >= 7615086) AND (k <= 7615186))

table 2 : explain SELECT k, c FROM sbtest2 WHERE k BETWEEN 7615086 AND 7615186
	Bitmap Heap Scan on sbtest2  (cost=5.47..405.13 rows=101 width=125)
	  Recheck Cond: ((k >= 7615086) AND (k <= 7615186))
	  ->  Bitmap Index Scan on k_2  (cost=0.00..5.44 rows=101 width=0)
	        Index Cond: ((k >= 7615086) AND (k <= 7615186))

table 3 : explain SELECT k, c FROM sbtest3 WHERE k BETWEEN 7615086 AND 7615186
	Bitmap Heap Scan on sbtest3  (cost=5.51..420.88 rows=105 width=125)
	  Recheck Cond: ((k >= 7615086) AND (k <= 7615186))
	  ->  Bitmap Index Scan on k_3  (cost=0.00..5.48 rows=105 width=0)
	        Index Cond: ((k >= 7615086) AND (k <= 7615186))

table 4 : explain SELECT k, c FROM sbtest4 WHERE k BETWEEN 7615086 AND 7615186
	Bitmap Heap Scan on sbtest4  (cost=5.49..413.00 rows=103 width=125)
	  Recheck Cond: ((k >= 7615086) AND (k <= 7615186))
	  ->  Bitmap Index Scan on k_4  (cost=0.00..5.46 rows=103 width=0)
	        Index Cond: ((k >= 7615086) AND (k <= 7615186))

table 5 : explain SELECT k, c FROM sbtest5 WHERE k BETWEEN 7615086 AND 7615186
	Bitmap Heap Scan on sbtest5  (cost=5.48..409.07 rows=102 width=125)
	  Recheck Cond: ((k >= 7615086) AND (k <= 7615186))
	  ->  Bitmap Index Scan on k_5  (cost=0.00..5.45 rows=102 width=0)
	        Index Cond: ((k >= 7615086) AND (k <= 7615186))

table 6 : explain SELECT k, c FROM sbtest6 WHERE k BETWEEN 7615086 AND 7615186
	Bitmap Heap Scan on sbtest6  (cost=5.54..432.69 rows=108 width=125)
	  Recheck Cond: ((k >= 7615086) AND (k <= 7615186))
	  ->  Bitmap Index Scan on k_6  (cost=0.00..5.51 rows=108 width=0)
	        Index Cond: ((k >= 7615086) AND (k <= 7615186))

table 7 : explain SELECT k, c FROM sbtest7 WHERE k BETWEEN 7615086 AND 7615186
	Bitmap Heap Scan on sbtest7  (cost=5.45..397.25 rows=99 width=125)
	  Recheck Cond: ((k >= 7615086) AND (k <= 7615186))
	  ->  Bitmap Index Scan on k_7  (cost=0.00..5.42 rows=99 width=0)
	        Index Cond: ((k >= 7615086) AND (k <= 7615186))

table 8 : explain SELECT k, c FROM sbtest8 WHERE k BETWEEN 7615086 AND 7615186
	Bitmap Heap Scan on sbtest8  (cost=5.47..405.13 rows=101 width=125)
	  Recheck Cond: ((k >= 7615086) AND (k <= 7615186))
	  ->  Bitmap Index Scan on k_8  (cost=0.00..5.44 rows=101 width=0)
	        Index Cond: ((k >= 7615086) AND (k <= 7615186))

explain: for range-notcovered :: explain SELECT k, c FROM sbtest%d WHERE k BETWEEN 2595698 AND 2595798
explain: for range-notcovered :: explain SELECT k, c FROM sbtest%d WHERE k BETWEEN 7615086 AND 7615186
for range-notcovered
table 1 : explain SELECT k, c FROM sbtest1 WHERE k BETWEEN 7213184 AND 7213284
	Bitmap Heap Scan on sbtest1  (cost=5.55..436.62 rows=109 width=125)
	  Recheck Cond: ((k >= 7213184) AND (k <= 7213284))
	  ->  Bitmap Index Scan on k_1  (cost=0.00..5.52 rows=109 width=0)
	        Index Cond: ((k >= 7213184) AND (k <= 7213284))

table 2 : explain SELECT k, c FROM sbtest2 WHERE k BETWEEN 7213184 AND 7213284
	Bitmap Heap Scan on sbtest2  (cost=5.45..397.25 rows=99 width=125)
	  Recheck Cond: ((k >= 7213184) AND (k <= 7213284))
	  ->  Bitmap Index Scan on k_2  (cost=0.00..5.42 rows=99 width=0)
	        Index Cond: ((k >= 7213184) AND (k <= 7213284))

table 3 : explain SELECT k, c FROM sbtest3 WHERE k BETWEEN 7213184 AND 7213284
	Bitmap Heap Scan on sbtest3  (cost=5.46..401.19 rows=100 width=125)
	  Recheck Cond: ((k >= 7213184) AND (k <= 7213284))
	  ->  Bitmap Index Scan on k_3  (cost=0.00..5.43 rows=100 width=0)
	        Index Cond: ((k >= 7213184) AND (k <= 7213284))

table 4 : explain SELECT k, c FROM sbtest4 WHERE k BETWEEN 7213184 AND 7213284
	Bitmap Heap Scan on sbtest4  (cost=5.46..401.19 rows=100 width=125)
	  Recheck Cond: ((k >= 7213184) AND (k <= 7213284))
	  ->  Bitmap Index Scan on k_4  (cost=0.00..5.43 rows=100 width=0)
	        Index Cond: ((k >= 7213184) AND (k <= 7213284))

table 5 : explain SELECT k, c FROM sbtest5 WHERE k BETWEEN 7213184 AND 7213284
	Bitmap Heap Scan on sbtest5  (cost=5.48..409.07 rows=102 width=125)
	  Recheck Cond: ((k >= 7213184) AND (k <= 7213284))
	  ->  Bitmap Index Scan on k_5  (cost=0.00..5.45 rows=102 width=0)
	        Index Cond: ((k >= 7213184) AND (k <= 7213284))

table 6 : explain SELECT k, c FROM sbtest6 WHERE k BETWEEN 7213184 AND 7213284
	Bitmap Heap Scan on sbtest6  (cost=5.59..452.36 rows=113 width=125)
	  Recheck Cond: ((k >= 7213184) AND (k <= 7213284))
	  ->  Bitmap Index Scan on k_6  (cost=0.00..5.56 rows=113 width=0)
	        Index Cond: ((k >= 7213184) AND (k <= 7213284))

table 7 : explain SELECT k, c FROM sbtest7 WHERE k BETWEEN 7213184 AND 7213284
	Bitmap Heap Scan on sbtest7  (cost=5.51..420.88 rows=105 width=125)
	  Recheck Cond: ((k >= 7213184) AND (k <= 7213284))
	  ->  Bitmap Index Scan on k_7  (cost=0.00..5.48 rows=105 width=0)
	        Index Cond: ((k >= 7213184) AND (k <= 7213284))

table 8 : explain SELECT k, c FROM sbtest8 WHERE k BETWEEN 7213184 AND 7213284
	Bitmap Heap Scan on sbtest8  (cost=5.51..420.88 rows=105 width=125)
	  Recheck Cond: ((k >= 7213184) AND (k <= 7213284))
	  ->  Bitmap Index Scan on k_8  (cost=0.00..5.48 rows=105 width=0)
	        Index Cond: ((k >= 7213184) AND (k <= 7213284))

explain: for range-notcovered :: explain SELECT k, c FROM sbtest%d WHERE k BETWEEN 7213184 AND 7213284
for range-notcovered
table 1 : explain SELECT k, c FROM sbtest1 WHERE k BETWEEN 2595698 AND 2595798
	Bitmap Heap Scan on sbtest1  (cost=5.50..416.94 rows=104 width=125)
	  Recheck Cond: ((k >= 2595698) AND (k <= 2595798))
	  ->  Bitmap Index Scan on k_1  (cost=0.00..5.47 rows=104 width=0)
	        Index Cond: ((k >= 2595698) AND (k <= 2595798))

table 2 : explain SELECT k, c FROM sbtest2 WHERE k BETWEEN 2595698 AND 2595798
	Bitmap Heap Scan on sbtest2  (cost=5.38..369.67 rows=92 width=125)
	  Recheck Cond: ((k >= 2595698) AND (k <= 2595798))
	  ->  Bitmap Index Scan on k_2  (cost=0.00..5.35 rows=92 width=0)
	        Index Cond: ((k >= 2595698) AND (k <= 2595798))

table 3 : explain SELECT k, c FROM sbtest3 WHERE k BETWEEN 2595698 AND 2595798
	Bitmap Heap Scan on sbtest3  (cost=5.53..428.75 rows=107 width=125)
	  Recheck Cond: ((k >= 2595698) AND (k <= 2595798))
	  ->  Bitmap Index Scan on k_3  (cost=0.00..5.50 rows=107 width=0)
	        Index Cond: ((k >= 2595698) AND (k <= 2595798))

table 4 : explain SELECT k, c FROM sbtest4 WHERE k BETWEEN 2595698 AND 2595798
	Bitmap Heap Scan on sbtest4  (cost=5.54..432.69 rows=108 width=125)
	  Recheck Cond: ((k >= 2595698) AND (k <= 2595798))
	  ->  Bitmap Index Scan on k_4  (cost=0.00..5.51 rows=108 width=0)
	        Index Cond: ((k >= 2595698) AND (k <= 2595798))

table 5 : explain SELECT k, c FROM sbtest5 WHERE k BETWEEN 2595698 AND 2595798
	Bitmap Heap Scan on sbtest5  (cost=5.54..432.69 rows=108 width=125)
	  Recheck Cond: ((k >= 2595698) AND (k <= 2595798))
	  ->  Bitmap Index Scan on k_5  (cost=0.00..5.51 rows=108 width=0)
	        Index Cond: ((k >= 2595698) AND (k <= 2595798))

table 6 : explain SELECT k, c FROM sbtest6 WHERE k BETWEEN 2595698 AND 2595798
	Bitmap Heap Scan on sbtest6  (cost=5.51..420.88 rows=105 width=125)
	  Recheck Cond: ((k >= 2595698) AND (k <= 2595798))
	  ->  Bitmap Index Scan on k_6  (cost=0.00..5.48 rows=105 width=0)
	        Index Cond: ((k >= 2595698) AND (k <= 2595798))

table 7 : explain SELECT k, c FROM sbtest7 WHERE k BETWEEN 2595698 AND 2595798
	Bitmap Heap Scan on sbtest7  (cost=5.47..405.13 rows=101 width=125)
	  Recheck Cond: ((k >= 2595698) AND (k <= 2595798))
	  ->  Bitmap Index Scan on k_7  (cost=0.00..5.44 rows=101 width=0)
	        Index Cond: ((k >= 2595698) AND (k <= 2595798))

table 8 : explain SELECT k, c FROM sbtest8 WHERE k BETWEEN 2595698 AND 2595798
	Bitmap Heap Scan on sbtest8  (cost=5.51..420.88 rows=105 width=125)
	  Recheck Cond: ((k >= 2595698) AND (k <= 2595798))
	  ->  Bitmap Index Scan on k_8  (cost=0.00..5.48 rows=105 width=0)
	        Index Cond: ((k >= 2595698) AND (k <= 2595798))

for range-notcovered
table 1 : explain SELECT k, c FROM sbtest1 WHERE k BETWEEN 7615086 AND 7615186
	Bitmap Heap Scan on sbtest1  (cost=5.42..385.43 rows=96 width=125)
	  Recheck Cond: ((k >= 7615086) AND (k <= 7615186))
	  ->  Bitmap Index Scan on k_1  (cost=0.00..5.39 rows=96 width=0)
	        Index Cond: ((k >= 7615086) AND (k <= 7615186))

table 2 : explain SELECT k, c FROM sbtest2 WHERE k BETWEEN 7615086 AND 7615186
	Bitmap Heap Scan on sbtest2  (cost=5.47..405.13 rows=101 width=125)
	  Recheck Cond: ((k >= 7615086) AND (k <= 7615186))
	  ->  Bitmap Index Scan on k_2  (cost=0.00..5.44 rows=101 width=0)
	        Index Cond: ((k >= 7615086) AND (k <= 7615186))

table 3 : explain SELECT k, c FROM sbtest3 WHERE k BETWEEN 7615086 AND 7615186
	Bitmap Heap Scan on sbtest3  (cost=5.51..420.88 rows=105 width=125)
	  Recheck Cond: ((k >= 7615086) AND (k <= 7615186))
	  ->  Bitmap Index Scan on k_3  (cost=0.00..5.48 rows=105 width=0)
	        Index Cond: ((k >= 7615086) AND (k <= 7615186))

table 4 : explain SELECT k, c FROM sbtest4 WHERE k BETWEEN 7615086 AND 7615186
	Bitmap Heap Scan on sbtest4  (cost=5.49..413.00 rows=103 width=125)
	  Recheck Cond: ((k >= 7615086) AND (k <= 7615186))
	  ->  Bitmap Index Scan on k_4  (cost=0.00..5.46 rows=103 width=0)
	        Index Cond: ((k >= 7615086) AND (k <= 7615186))

table 5 : explain SELECT k, c FROM sbtest5 WHERE k BETWEEN 7615086 AND 7615186
	Bitmap Heap Scan on sbtest5  (cost=5.48..409.07 rows=102 width=125)
	  Recheck Cond: ((k >= 7615086) AND (k <= 7615186))
	  ->  Bitmap Index Scan on k_5  (cost=0.00..5.45 rows=102 width=0)
	        Index Cond: ((k >= 7615086) AND (k <= 7615186))

table 6 : explain SELECT k, c FROM sbtest6 WHERE k BETWEEN 7615086 AND 7615186
	Bitmap Heap Scan on sbtest6  (cost=5.54..432.69 rows=108 width=125)
	  Recheck Cond: ((k >= 7615086) AND (k <= 7615186))
	  ->  Bitmap Index Scan on k_6  (cost=0.00..5.51 rows=108 width=0)
	        Index Cond: ((k >= 7615086) AND (k <= 7615186))

table 7 : explain SELECT k, c FROM sbtest7 WHERE k BETWEEN 7615086 AND 7615186
	Bitmap Heap Scan on sbtest7  (cost=5.45..397.25 rows=99 width=125)
	  Recheck Cond: ((k >= 7615086) AND (k <= 7615186))
	  ->  Bitmap Index Scan on k_7  (cost=0.00..5.42 rows=99 width=0)
	        Index Cond: ((k >= 7615086) AND (k <= 7615186))

table 8 : explain SELECT k, c FROM sbtest8 WHERE k BETWEEN 7615086 AND 7615186
	Bitmap Heap Scan on sbtest8  (cost=5.47..405.13 rows=101 width=125)
	  Recheck Cond: ((k >= 7615086) AND (k <= 7615186))
	  ->  Bitmap Index Scan on k_8  (cost=0.00..5.44 rows=101 width=0)
	        Index Cond: ((k >= 7615086) AND (k <= 7615186))

explain: for range-notcovered :: explain SELECT k, c FROM sbtest%d WHERE k BETWEEN 2595698 AND 2595798
explain: for range-notcovered :: explain SELECT k, c FROM sbtest%d WHERE k BETWEEN 7615086 AND 7615186
for range-notcovered
table 1 : explain SELECT k, c FROM sbtest1 WHERE k BETWEEN 7213184 AND 7213284
	Bitmap Heap Scan on sbtest1  (cost=5.55..436.62 rows=109 width=125)
	  Recheck Cond: ((k >= 7213184) AND (k <= 7213284))
	  ->  Bitmap Index Scan on k_1  (cost=0.00..5.52 rows=109 width=0)
	        Index Cond: ((k >= 7213184) AND (k <= 7213284))

table 2 : explain SELECT k, c FROM sbtest2 WHERE k BETWEEN 7213184 AND 7213284
	Bitmap Heap Scan on sbtest2  (cost=5.45..397.25 rows=99 width=125)
	  Recheck Cond: ((k >= 7213184) AND (k <= 7213284))
	  ->  Bitmap Index Scan on k_2  (cost=0.00..5.42 rows=99 width=0)
	        Index Cond: ((k >= 7213184) AND (k <= 7213284))

table 3 : explain SELECT k, c FROM sbtest3 WHERE k BETWEEN 7213184 AND 7213284
	Bitmap Heap Scan on sbtest3  (cost=5.46..401.19 rows=100 width=125)
	  Recheck Cond: ((k >= 7213184) AND (k <= 7213284))
	  ->  Bitmap Index Scan on k_3  (cost=0.00..5.43 rows=100 width=0)
	        Index Cond: ((k >= 7213184) AND (k <= 7213284))

table 4 : explain SELECT k, c FROM sbtest4 WHERE k BETWEEN 7213184 AND 7213284
	Bitmap Heap Scan on sbtest4  (cost=5.46..401.19 rows=100 width=125)
	  Recheck Cond: ((k >= 7213184) AND (k <= 7213284))
	  ->  Bitmap Index Scan on k_4  (cost=0.00..5.43 rows=100 width=0)
	        Index Cond: ((k >= 7213184) AND (k <= 7213284))

table 5 : explain SELECT k, c FROM sbtest5 WHERE k BETWEEN 7213184 AND 7213284
	Bitmap Heap Scan on sbtest5  (cost=5.48..409.07 rows=102 width=125)
	  Recheck Cond: ((k >= 7213184) AND (k <= 7213284))
	  ->  Bitmap Index Scan on k_5  (cost=0.00..5.45 rows=102 width=0)
	        Index Cond: ((k >= 7213184) AND (k <= 7213284))

table 6 : explain SELECT k, c FROM sbtest6 WHERE k BETWEEN 7213184 AND 7213284
	Bitmap Heap Scan on sbtest6  (cost=5.59..452.36 rows=113 width=125)
	  Recheck Cond: ((k >= 7213184) AND (k <= 7213284))
	  ->  Bitmap Index Scan on k_6  (cost=0.00..5.56 rows=113 width=0)
	        Index Cond: ((k >= 7213184) AND (k <= 7213284))

table 7 : explain SELECT k, c FROM sbtest7 WHERE k BETWEEN 7213184 AND 7213284
	Bitmap Heap Scan on sbtest7  (cost=5.51..420.88 rows=105 width=125)
	  Recheck Cond: ((k >= 7213184) AND (k <= 7213284))
	  ->  Bitmap Index Scan on k_7  (cost=0.00..5.48 rows=105 width=0)
	        Index Cond: ((k >= 7213184) AND (k <= 7213284))

table 8 : explain SELECT k, c FROM sbtest8 WHERE k BETWEEN 7213184 AND 7213284
	Bitmap Heap Scan on sbtest8  (cost=5.51..420.88 rows=105 width=125)
	  Recheck Cond: ((k >= 7213184) AND (k <= 7213284))
	  ->  Bitmap Index Scan on k_8  (cost=0.00..5.48 rows=105 width=0)
	        Index Cond: ((k >= 7213184) AND (k <= 7213284))

explain: for range-notcovered :: explain SELECT k, c FROM sbtest%d WHERE k BETWEEN 7213184 AND 7213284
explain: for range-notcovered :: explain SELECT k, c FROM sbtest%d WHERE k BETWEEN 963036 AND 963136
for range-notcovered
table 1 : explain SELECT k, c FROM sbtest1 WHERE k BETWEEN 2595698 AND 2595798
	Bitmap Heap Scan on sbtest1  (cost=5.50..416.94 rows=104 width=125)
	  Recheck Cond: ((k >= 2595698) AND (k <= 2595798))
	  ->  Bitmap Index Scan on k_1  (cost=0.00..5.47 rows=104 width=0)
	        Index Cond: ((k >= 2595698) AND (k <= 2595798))

table 2 : explain SELECT k, c FROM sbtest2 WHERE k BETWEEN 2595698 AND 2595798
	Bitmap Heap Scan on sbtest2  (cost=5.38..369.67 rows=92 width=125)
	  Recheck Cond: ((k >= 2595698) AND (k <= 2595798))
	  ->  Bitmap Index Scan on k_2  (cost=0.00..5.35 rows=92 width=0)
	        Index Cond: ((k >= 2595698) AND (k <= 2595798))

table 3 : explain SELECT k, c FROM sbtest3 WHERE k BETWEEN 2595698 AND 2595798
	Bitmap Heap Scan on sbtest3  (cost=5.53..428.75 rows=107 width=125)
	  Recheck Cond: ((k >= 2595698) AND (k <= 2595798))
	  ->  Bitmap Index Scan on k_3  (cost=0.00..5.50 rows=107 width=0)
	        Index Cond: ((k >= 2595698) AND (k <= 2595798))

table 4 : explain SELECT k, c FROM sbtest4 WHERE k BETWEEN 2595698 AND 2595798
	Bitmap Heap Scan on sbtest4  (cost=5.54..432.69 rows=108 width=125)
	  Recheck Cond: ((k >= 2595698) AND (k <= 2595798))
	  ->  Bitmap Index Scan on k_4  (cost=0.00..5.51 rows=108 width=0)
	        Index Cond: ((k >= 2595698) AND (k <= 2595798))

table 5 : explain SELECT k, c FROM sbtest5 WHERE k BETWEEN 2595698 AND 2595798
	Bitmap Heap Scan on sbtest5  (cost=5.54..432.69 rows=108 width=125)
	  Recheck Cond: ((k >= 2595698) AND (k <= 2595798))
	  ->  Bitmap Index Scan on k_5  (cost=0.00..5.51 rows=108 width=0)
	        Index Cond: ((k >= 2595698) AND (k <= 2595798))

table 6 : explain SELECT k, c FROM sbtest6 WHERE k BETWEEN 2595698 AND 2595798
	Bitmap Heap Scan on sbtest6  (cost=5.51..420.88 rows=105 width=125)
	  Recheck Cond: ((k >= 2595698) AND (k <= 2595798))
	  ->  Bitmap Index Scan on k_6  (cost=0.00..5.48 rows=105 width=0)
	        Index Cond: ((k >= 2595698) AND (k <= 2595798))

table 7 : explain SELECT k, c FROM sbtest7 WHERE k BETWEEN 2595698 AND 2595798
	Bitmap Heap Scan on sbtest7  (cost=5.47..405.13 rows=101 width=125)
	  Recheck Cond: ((k >= 2595698) AND (k <= 2595798))
	  ->  Bitmap Index Scan on k_7  (cost=0.00..5.44 rows=101 width=0)
	        Index Cond: ((k >= 2595698) AND (k <= 2595798))

table 8 : explain SELECT k, c FROM sbtest8 WHERE k BETWEEN 2595698 AND 2595798
	Bitmap Heap Scan on sbtest8  (cost=5.51..420.88 rows=105 width=125)
	  Recheck Cond: ((k >= 2595698) AND (k <= 2595798))
	  ->  Bitmap Index Scan on k_8  (cost=0.00..5.48 rows=105 width=0)
	        Index Cond: ((k >= 2595698) AND (k <= 2595798))

for range-notcovered
table 1 : explain SELECT k, c FROM sbtest1 WHERE k BETWEEN 7615086 AND 7615186
	Bitmap Heap Scan on sbtest1  (cost=5.42..385.43 rows=96 width=125)
	  Recheck Cond: ((k >= 7615086) AND (k <= 7615186))
	  ->  Bitmap Index Scan on k_1  (cost=0.00..5.39 rows=96 width=0)
	        Index Cond: ((k >= 7615086) AND (k <= 7615186))

table 2 : explain SELECT k, c FROM sbtest2 WHERE k BETWEEN 7615086 AND 7615186
	Bitmap Heap Scan on sbtest2  (cost=5.47..405.13 rows=101 width=125)
	  Recheck Cond: ((k >= 7615086) AND (k <= 7615186))
	  ->  Bitmap Index Scan on k_2  (cost=0.00..5.44 rows=101 width=0)
	        Index Cond: ((k >= 7615086) AND (k <= 7615186))

table 3 : explain SELECT k, c FROM sbtest3 WHERE k BETWEEN 7615086 AND 7615186
	Bitmap Heap Scan on sbtest3  (cost=5.51..420.88 rows=105 width=125)
	  Recheck Cond: ((k >= 7615086) AND (k <= 7615186))
	  ->  Bitmap Index Scan on k_3  (cost=0.00..5.48 rows=105 width=0)
	        Index Cond: ((k >= 7615086) AND (k <= 7615186))

table 4 : explain SELECT k, c FROM sbtest4 WHERE k BETWEEN 7615086 AND 7615186
	Bitmap Heap Scan on sbtest4  (cost=5.49..413.00 rows=103 width=125)
	  Recheck Cond: ((k >= 7615086) AND (k <= 7615186))
	  ->  Bitmap Index Scan on k_4  (cost=0.00..5.46 rows=103 width=0)
	        Index Cond: ((k >= 7615086) AND (k <= 7615186))

table 5 : explain SELECT k, c FROM sbtest5 WHERE k BETWEEN 7615086 AND 7615186
	Bitmap Heap Scan on sbtest5  (cost=5.48..409.07 rows=102 width=125)
	  Recheck Cond: ((k >= 7615086) AND (k <= 7615186))
	  ->  Bitmap Index Scan on k_5  (cost=0.00..5.45 rows=102 width=0)
	        Index Cond: ((k >= 7615086) AND (k <= 7615186))

table 6 : explain SELECT k, c FROM sbtest6 WHERE k BETWEEN 7615086 AND 7615186
	Bitmap Heap Scan on sbtest6  (cost=5.54..432.69 rows=108 width=125)
	  Recheck Cond: ((k >= 7615086) AND (k <= 7615186))
	  ->  Bitmap Index Scan on k_6  (cost=0.00..5.51 rows=108 width=0)
	        Index Cond: ((k >= 7615086) AND (k <= 7615186))

table 7 : explain SELECT k, c FROM sbtest7 WHERE k BETWEEN 7615086 AND 7615186
	Bitmap Heap Scan on sbtest7  (cost=5.45..397.25 rows=99 width=125)
	  Recheck Cond: ((k >= 7615086) AND (k <= 7615186))
	  ->  Bitmap Index Scan on k_7  (cost=0.00..5.42 rows=99 width=0)
	        Index Cond: ((k >= 7615086) AND (k <= 7615186))

table 8 : explain SELECT k, c FROM sbtest8 WHERE k BETWEEN 7615086 AND 7615186
	Bitmap Heap Scan on sbtest8  (cost=5.47..405.13 rows=101 width=125)
	  Recheck Cond: ((k >= 7615086) AND (k <= 7615186))
	  ->  Bitmap Index Scan on k_8  (cost=0.00..5.44 rows=101 width=0)
	        Index Cond: ((k >= 7615086) AND (k <= 7615186))

explain: for range-notcovered :: explain SELECT k, c FROM sbtest%d WHERE k BETWEEN 2595698 AND 2595798
for range-notcovered
table 1 : explain SELECT k, c FROM sbtest1 WHERE k BETWEEN 3914641 AND 3914741
	Bitmap Heap Scan on sbtest1  (cost=5.50..416.94 rows=104 width=125)
	  Recheck Cond: ((k >= 3914641) AND (k <= 3914741))
	  ->  Bitmap Index Scan on k_1  (cost=0.00..5.47 rows=104 width=0)
	        Index Cond: ((k >= 3914641) AND (k <= 3914741))

table 2 : explain SELECT k, c FROM sbtest2 WHERE k BETWEEN 3914641 AND 3914741
	Bitmap Heap Scan on sbtest2  (cost=5.35..357.84 rows=89 width=125)
	  Recheck Cond: ((k >= 3914641) AND (k <= 3914741))
	  ->  Bitmap Index Scan on k_2  (cost=0.00..5.32 rows=89 width=0)
	        Index Cond: ((k >= 3914641) AND (k <= 3914741))

table 3 : explain SELECT k, c FROM sbtest3 WHERE k BETWEEN 3914641 AND 3914741
	Bitmap Heap Scan on sbtest3  (cost=5.47..405.13 rows=101 width=125)
	  Recheck Cond: ((k >= 3914641) AND (k <= 3914741))
	  ->  Bitmap Index Scan on k_3  (cost=0.00..5.44 rows=101 width=0)
	        Index Cond: ((k >= 3914641) AND (k <= 3914741))

table 4 : explain SELECT k, c FROM sbtest4 WHERE k BETWEEN 3914641 AND 3914741
	Bitmap Heap Scan on sbtest4  (cost=5.47..405.13 rows=101 width=125)
	  Recheck Cond: ((k >= 3914641) AND (k <= 3914741))
	  ->  Bitmap Index Scan on k_4  (cost=0.00..5.44 rows=101 width=0)
	        Index Cond: ((k >= 3914641) AND (k <= 3914741))

table 5 : explain SELECT k, c FROM sbtest5 WHERE k BETWEEN 3914641 AND 3914741
	Bitmap Heap Scan on sbtest5  (cost=5.43..389.37 rows=97 width=125)
	  Recheck Cond: ((k >= 3914641) AND (k <= 3914741))
	  ->  Bitmap Index Scan on k_5  (cost=0.00..5.40 rows=97 width=0)
	        Index Cond: ((k >= 3914641) AND (k <= 3914741))

table 6 : explain SELECT k, c FROM sbtest6 WHERE k BETWEEN 3914641 AND 3914741
	Bitmap Heap Scan on sbtest6  (cost=5.46..401.19 rows=100 width=125)
	  Recheck Cond: ((k >= 3914641) AND (k <= 3914741))
	  ->  Bitmap Index Scan on k_6  (cost=0.00..5.43 rows=100 width=0)
	        Index Cond: ((k >= 3914641) AND (k <= 3914741))

table 7 : explain SELECT k, c FROM sbtest7 WHERE k BETWEEN 3914641 AND 3914741
	Bitmap Heap Scan on sbtest7  (cost=5.44..393.31 rows=98 width=125)
	  Recheck Cond: ((k >= 3914641) AND (k <= 3914741))
	  ->  Bitmap Index Scan on k_7  (cost=0.00..5.42 rows=98 width=0)
	        Index Cond: ((k >= 3914641) AND (k <= 3914741))

table 8 : explain SELECT k, c FROM sbtest8 WHERE k BETWEEN 3914641 AND 3914741
	Bitmap Heap Scan on sbtest8  (cost=5.49..413.00 rows=103 width=125)
	  Recheck Cond: ((k >= 3914641) AND (k <= 3914741))
	  ->  Bitmap Index Scan on k_8  (cost=0.00..5.46 rows=103 width=0)
	        Index Cond: ((k >= 3914641) AND (k <= 3914741))

explain: for range-notcovered :: explain SELECT k, c FROM sbtest%d WHERE k BETWEEN 3914641 AND 3914741
explain: for range-notcovered :: explain SELECT k, c FROM sbtest%d WHERE k BETWEEN 5025939 AND 5026039
explain: for range-notcovered :: explain SELECT k, c FROM sbtest%d WHERE k BETWEEN 7615086 AND 7615186
for range-notcovered
table 1 : explain SELECT k, c FROM sbtest1 WHERE k BETWEEN 3914641 AND 3914741
	Bitmap Heap Scan on sbtest1  (cost=5.50..416.94 rows=104 width=125)
	  Recheck Cond: ((k >= 3914641) AND (k <= 3914741))
	  ->  Bitmap Index Scan on k_1  (cost=0.00..5.47 rows=104 width=0)
	        Index Cond: ((k >= 3914641) AND (k <= 3914741))

table 2 : explain SELECT k, c FROM sbtest2 WHERE k BETWEEN 3914641 AND 3914741
	Bitmap Heap Scan on sbtest2  (cost=5.35..357.84 rows=89 width=125)
	  Recheck Cond: ((k >= 3914641) AND (k <= 3914741))
	  ->  Bitmap Index Scan on k_2  (cost=0.00..5.32 rows=89 width=0)
	        Index Cond: ((k >= 3914641) AND (k <= 3914741))

table 3 : explain SELECT k, c FROM sbtest3 WHERE k BETWEEN 3914641 AND 3914741
	Bitmap Heap Scan on sbtest3  (cost=5.47..405.13 rows=101 width=125)
	  Recheck Cond: ((k >= 3914641) AND (k <= 3914741))
	  ->  Bitmap Index Scan on k_3  (cost=0.00..5.44 rows=101 width=0)
	        Index Cond: ((k >= 3914641) AND (k <= 3914741))

table 4 : explain SELECT k, c FROM sbtest4 WHERE k BETWEEN 3914641 AND 3914741
	Bitmap Heap Scan on sbtest4  (cost=5.47..405.13 rows=101 width=125)
	  Recheck Cond: ((k >= 3914641) AND (k <= 3914741))
	  ->  Bitmap Index Scan on k_4  (cost=0.00..5.44 rows=101 width=0)
	        Index Cond: ((k >= 3914641) AND (k <= 3914741))

table 5 : explain SELECT k, c FROM sbtest5 WHERE k BETWEEN 3914641 AND 3914741
	Bitmap Heap Scan on sbtest5  (cost=5.43..389.37 rows=97 width=125)
	  Recheck Cond: ((k >= 3914641) AND (k <= 3914741))
	  ->  Bitmap Index Scan on k_5  (cost=0.00..5.40 rows=97 width=0)
	        Index Cond: ((k >= 3914641) AND (k <= 3914741))

table 6 : explain SELECT k, c FROM sbtest6 WHERE k BETWEEN 3914641 AND 3914741
	Bitmap Heap Scan on sbtest6  (cost=5.46..401.19 rows=100 width=125)
	  Recheck Cond: ((k >= 3914641) AND (k <= 3914741))
	  ->  Bitmap Index Scan on k_6  (cost=0.00..5.43 rows=100 width=0)
	        Index Cond: ((k >= 3914641) AND (k <= 3914741))

table 7 : explain SELECT k, c FROM sbtest7 WHERE k BETWEEN 3914641 AND 3914741
	Bitmap Heap Scan on sbtest7  (cost=5.44..393.31 rows=98 width=125)
	  Recheck Cond: ((k >= 3914641) AND (k <= 3914741))
	  ->  Bitmap Index Scan on k_7  (cost=0.00..5.42 rows=98 width=0)
	        Index Cond: ((k >= 3914641) AND (k <= 3914741))

table 8 : explain SELECT k, c FROM sbtest8 WHERE k BETWEEN 3914641 AND 3914741
	Bitmap Heap Scan on sbtest8  (cost=5.49..413.00 rows=103 width=125)
	  Recheck Cond: ((k >= 3914641) AND (k <= 3914741))
	  ->  Bitmap Index Scan on k_8  (cost=0.00..5.46 rows=103 width=0)
	        Index Cond: ((k >= 3914641) AND (k <= 3914741))

for range-notcovered
table 1 : explain SELECT k, c FROM sbtest1 WHERE k BETWEEN 7213184 AND 7213284
	Bitmap Heap Scan on sbtest1  (cost=5.55..436.62 rows=109 width=125)
	  Recheck Cond: ((k >= 7213184) AND (k <= 7213284))
	  ->  Bitmap Index Scan on k_1  (cost=0.00..5.52 rows=109 width=0)
	        Index Cond: ((k >= 7213184) AND (k <= 7213284))

table 2 : explain SELECT k, c FROM sbtest2 WHERE k BETWEEN 7213184 AND 7213284
	Bitmap Heap Scan on sbtest2  (cost=5.45..397.25 rows=99 width=125)
	  Recheck Cond: ((k >= 7213184) AND (k <= 7213284))
	  ->  Bitmap Index Scan on k_2  (cost=0.00..5.42 rows=99 width=0)
	        Index Cond: ((k >= 7213184) AND (k <= 7213284))

table 3 : explain SELECT k, c FROM sbtest3 WHERE k BETWEEN 7213184 AND 7213284
	Bitmap Heap Scan on sbtest3  (cost=5.46..401.19 rows=100 width=125)
	  Recheck Cond: ((k >= 7213184) AND (k <= 7213284))
	  ->  Bitmap Index Scan on k_3  (cost=0.00..5.43 rows=100 width=0)
	        Index Cond: ((k >= 7213184) AND (k <= 7213284))

table 4 : explain SELECT k, c FROM sbtest4 WHERE k BETWEEN 7213184 AND 7213284
	Bitmap Heap Scan on sbtest4  (cost=5.46..401.19 rows=100 width=125)
	  Recheck Cond: ((k >= 7213184) AND (k <= 7213284))
	  ->  Bitmap Index Scan on k_4  (cost=0.00..5.43 rows=100 width=0)
	        Index Cond: ((k >= 7213184) AND (k <= 7213284))

table 5 : explain SELECT k, c FROM sbtest5 WHERE k BETWEEN 7213184 AND 7213284
	Bitmap Heap Scan on sbtest5  (cost=5.48..409.07 rows=102 width=125)
	  Recheck Cond: ((k >= 7213184) AND (k <= 7213284))
	  ->  Bitmap Index Scan on k_5  (cost=0.00..5.45 rows=102 width=0)
	        Index Cond: ((k >= 7213184) AND (k <= 7213284))

table 6 : explain SELECT k, c FROM sbtest6 WHERE k BETWEEN 7213184 AND 7213284
	Bitmap Heap Scan on sbtest6  (cost=5.59..452.36 rows=113 width=125)
	  Recheck Cond: ((k >= 7213184) AND (k <= 7213284))
	  ->  Bitmap Index Scan on k_6  (cost=0.00..5.56 rows=113 width=0)
	        Index Cond: ((k >= 7213184) AND (k <= 7213284))

table 7 : explain SELECT k, c FROM sbtest7 WHERE k BETWEEN 7213184 AND 7213284
	Bitmap Heap Scan on sbtest7  (cost=5.51..420.88 rows=105 width=125)
	  Recheck Cond: ((k >= 7213184) AND (k <= 7213284))
	  ->  Bitmap Index Scan on k_7  (cost=0.00..5.48 rows=105 width=0)
	        Index Cond: ((k >= 7213184) AND (k <= 7213284))

table 8 : explain SELECT k, c FROM sbtest8 WHERE k BETWEEN 7213184 AND 7213284
	Bitmap Heap Scan on sbtest8  (cost=5.51..420.88 rows=105 width=125)
	  Recheck Cond: ((k >= 7213184) AND (k <= 7213284))
	  ->  Bitmap Index Scan on k_8  (cost=0.00..5.48 rows=105 width=0)
	        Index Cond: ((k >= 7213184) AND (k <= 7213284))

for range-notcovered
table 1 : explain SELECT k, c FROM sbtest1 WHERE k BETWEEN 5025939 AND 5026039
	Bitmap Heap Scan on sbtest1  (cost=5.38..369.67 rows=92 width=125)
	  Recheck Cond: ((k >= 5025939) AND (k <= 5026039))
	  ->  Bitmap Index Scan on k_1  (cost=0.00..5.35 rows=92 width=0)
	        Index Cond: ((k >= 5025939) AND (k <= 5026039))

table 2 : explain SELECT k, c FROM sbtest2 WHERE k BETWEEN 5025939 AND 5026039
	Bitmap Heap Scan on sbtest2  (cost=5.48..409.07 rows=102 width=125)
	  Recheck Cond: ((k >= 5025939) AND (k <= 5026039))
	  ->  Bitmap Index Scan on k_2  (cost=0.00..5.45 rows=102 width=0)
	        Index Cond: ((k >= 5025939) AND (k <= 5026039))

table 3 : explain SELECT k, c FROM sbtest3 WHERE k BETWEEN 5025939 AND 5026039
	Bitmap Heap Scan on sbtest3  (cost=5.41..381.49 rows=95 width=125)
	  Recheck Cond: ((k >= 5025939) AND (k <= 5026039))
	  ->  Bitmap Index Scan on k_3  (cost=0.00..5.38 rows=95 width=0)
	        Index Cond: ((k >= 5025939) AND (k <= 5026039))

table 4 : explain SELECT k, c FROM sbtest4 WHERE k BETWEEN 5025939 AND 5026039
	Bitmap Heap Scan on sbtest4  (cost=5.51..420.88 rows=105 width=125)
	  Recheck Cond: ((k >= 5025939) AND (k <= 5026039))
	  ->  Bitmap Index Scan on k_4  (cost=0.00..5.48 rows=105 width=0)
	        Index Cond: ((k >= 5025939) AND (k <= 5026039))

table 5 : explain SELECT k, c FROM sbtest5 WHERE k BETWEEN 5025939 AND 5026039
	Bitmap Heap Scan on sbtest5  (cost=5.57..444.49 rows=111 width=125)
	  Recheck Cond: ((k >= 5025939) AND (k <= 5026039))
	  ->  Bitmap Index Scan on k_5  (cost=0.00..5.54 rows=111 width=0)
	        Index Cond: ((k >= 5025939) AND (k <= 5026039))

table 6 : explain SELECT k, c FROM sbtest6 WHERE k BETWEEN 5025939 AND 5026039
	Bitmap Heap Scan on sbtest6  (cost=5.46..401.19 rows=100 width=125)
	  Recheck Cond: ((k >= 5025939) AND (k <= 5026039))
	  ->  Bitmap Index Scan on k_6  (cost=0.00..5.43 rows=100 width=0)
	        Index Cond: ((k >= 5025939) AND (k <= 5026039))

table 7 : explain SELECT k, c FROM sbtest7 WHERE k BETWEEN 5025939 AND 5026039
	Bitmap Heap Scan on sbtest7  (cost=5.54..432.69 rows=108 width=125)
	  Recheck Cond: ((k >= 5025939) AND (k <= 5026039))
	  ->  Bitmap Index Scan on k_7  (cost=0.00..5.51 rows=108 width=0)
	        Index Cond: ((k >= 5025939) AND (k <= 5026039))

table 8 : explain SELECT k, c FROM sbtest8 WHERE k BETWEEN 5025939 AND 5026039
	Bitmap Heap Scan on sbtest8  (cost=5.54..432.69 rows=108 width=125)
	  Recheck Cond: ((k >= 5025939) AND (k <= 5026039))
	  ->  Bitmap Index Scan on k_8  (cost=0.00..5.51 rows=108 width=0)
	        Index Cond: ((k >= 5025939) AND (k <= 5026039))

explain: for range-notcovered :: explain SELECT k, c FROM sbtest%d WHERE k BETWEEN 5025939 AND 5026039
for range-notcovered
table 1 : explain SELECT k, c FROM sbtest1 WHERE k BETWEEN 7615086 AND 7615186
	Bitmap Heap Scan on sbtest1  (cost=5.42..385.43 rows=96 width=125)
	  Recheck Cond: ((k >= 7615086) AND (k <= 7615186))
	  ->  Bitmap Index Scan on k_1  (cost=0.00..5.39 rows=96 width=0)
	        Index Cond: ((k >= 7615086) AND (k <= 7615186))

table 2 : explain SELECT k, c FROM sbtest2 WHERE k BETWEEN 7615086 AND 7615186
	Bitmap Heap Scan on sbtest2  (cost=5.47..405.13 rows=101 width=125)
	  Recheck Cond: ((k >= 7615086) AND (k <= 7615186))
	  ->  Bitmap Index Scan on k_2  (cost=0.00..5.44 rows=101 width=0)
	        Index Cond: ((k >= 7615086) AND (k <= 7615186))

table 3 : explain SELECT k, c FROM sbtest3 WHERE k BETWEEN 7615086 AND 7615186
	Bitmap Heap Scan on sbtest3  (cost=5.51..420.88 rows=105 width=125)
	  Recheck Cond: ((k >= 7615086) AND (k <= 7615186))
	  ->  Bitmap Index Scan on k_3  (cost=0.00..5.48 rows=105 width=0)
	        Index Cond: ((k >= 7615086) AND (k <= 7615186))

table 4 : explain SELECT k, c FROM sbtest4 WHERE k BETWEEN 7615086 AND 7615186
	Bitmap Heap Scan on sbtest4  (cost=5.49..413.00 rows=103 width=125)
	  Recheck Cond: ((k >= 7615086) AND (k <= 7615186))
	  ->  Bitmap Index Scan on k_4  (cost=0.00..5.46 rows=103 width=0)
	        Index Cond: ((k >= 7615086) AND (k <= 7615186))

table 5 : explain SELECT k, c FROM sbtest5 WHERE k BETWEEN 7615086 AND 7615186
	Bitmap Heap Scan on sbtest5  (cost=5.48..409.07 rows=102 width=125)
	  Recheck Cond: ((k >= 7615086) AND (k <= 7615186))
	  ->  Bitmap Index Scan on k_5  (cost=0.00..5.45 rows=102 width=0)
	        Index Cond: ((k >= 7615086) AND (k <= 7615186))

table 6 : explain SELECT k, c FROM sbtest6 WHERE k BETWEEN 7615086 AND 7615186
	Bitmap Heap Scan on sbtest6  (cost=5.54..432.69 rows=108 width=125)
	  Recheck Cond: ((k >= 7615086) AND (k <= 7615186))
	  ->  Bitmap Index Scan on k_6  (cost=0.00..5.51 rows=108 width=0)
	        Index Cond: ((k >= 7615086) AND (k <= 7615186))

table 7 : explain SELECT k, c FROM sbtest7 WHERE k BETWEEN 7615086 AND 7615186
	Bitmap Heap Scan on sbtest7  (cost=5.45..397.25 rows=99 width=125)
	  Recheck Cond: ((k >= 7615086) AND (k <= 7615186))
	  ->  Bitmap Index Scan on k_7  (cost=0.00..5.42 rows=99 width=0)
	        Index Cond: ((k >= 7615086) AND (k <= 7615186))

table 8 : explain SELECT k, c FROM sbtest8 WHERE k BETWEEN 7615086 AND 7615186
	Bitmap Heap Scan on sbtest8  (cost=5.47..405.13 rows=101 width=125)
	  Recheck Cond: ((k >= 7615086) AND (k <= 7615186))
	  ->  Bitmap Index Scan on k_8  (cost=0.00..5.44 rows=101 width=0)
	        Index Cond: ((k >= 7615086) AND (k <= 7615186))

explain: for range-notcovered :: explain SELECT k, c FROM sbtest%d WHERE k BETWEEN 7615086 AND 7615186
for range-notcovered
table 1 : explain SELECT k, c FROM sbtest1 WHERE k BETWEEN 2595698 AND 2595798
	Bitmap Heap Scan on sbtest1  (cost=5.50..416.94 rows=104 width=125)
	  Recheck Cond: ((k >= 2595698) AND (k <= 2595798))
	  ->  Bitmap Index Scan on k_1  (cost=0.00..5.47 rows=104 width=0)
	        Index Cond: ((k >= 2595698) AND (k <= 2595798))

table 2 : explain SELECT k, c FROM sbtest2 WHERE k BETWEEN 2595698 AND 2595798
	Bitmap Heap Scan on sbtest2  (cost=5.38..369.67 rows=92 width=125)
	  Recheck Cond: ((k >= 2595698) AND (k <= 2595798))
	  ->  Bitmap Index Scan on k_2  (cost=0.00..5.35 rows=92 width=0)
	        Index Cond: ((k >= 2595698) AND (k <= 2595798))

table 3 : explain SELECT k, c FROM sbtest3 WHERE k BETWEEN 2595698 AND 2595798
	Bitmap Heap Scan on sbtest3  (cost=5.53..428.75 rows=107 width=125)
	  Recheck Cond: ((k >= 2595698) AND (k <= 2595798))
	  ->  Bitmap Index Scan on k_3  (cost=0.00..5.50 rows=107 width=0)
	        Index Cond: ((k >= 2595698) AND (k <= 2595798))

table 4 : explain SELECT k, c FROM sbtest4 WHERE k BETWEEN 2595698 AND 2595798
	Bitmap Heap Scan on sbtest4  (cost=5.54..432.69 rows=108 width=125)
	  Recheck Cond: ((k >= 2595698) AND (k <= 2595798))
	  ->  Bitmap Index Scan on k_4  (cost=0.00..5.51 rows=108 width=0)
	        Index Cond: ((k >= 2595698) AND (k <= 2595798))

table 5 : explain SELECT k, c FROM sbtest5 WHERE k BETWEEN 2595698 AND 2595798
	Bitmap Heap Scan on sbtest5  (cost=5.54..432.69 rows=108 width=125)
	  Recheck Cond: ((k >= 2595698) AND (k <= 2595798))
	  ->  Bitmap Index Scan on k_5  (cost=0.00..5.51 rows=108 width=0)
	        Index Cond: ((k >= 2595698) AND (k <= 2595798))

table 6 : explain SELECT k, c FROM sbtest6 WHERE k BETWEEN 2595698 AND 2595798
	Bitmap Heap Scan on sbtest6  (cost=5.51..420.88 rows=105 width=125)
	  Recheck Cond: ((k >= 2595698) AND (k <= 2595798))
	  ->  Bitmap Index Scan on k_6  (cost=0.00..5.48 rows=105 width=0)
	        Index Cond: ((k >= 2595698) AND (k <= 2595798))

table 7 : explain SELECT k, c FROM sbtest7 WHERE k BETWEEN 2595698 AND 2595798
	Bitmap Heap Scan on sbtest7  (cost=5.47..405.13 rows=101 width=125)
	  Recheck Cond: ((k >= 2595698) AND (k <= 2595798))
	  ->  Bitmap Index Scan on k_7  (cost=0.00..5.44 rows=101 width=0)
	        Index Cond: ((k >= 2595698) AND (k <= 2595798))

table 8 : explain SELECT k, c FROM sbtest8 WHERE k BETWEEN 2595698 AND 2595798
	Bitmap Heap Scan on sbtest8  (cost=5.51..420.88 rows=105 width=125)
	  Recheck Cond: ((k >= 2595698) AND (k <= 2595798))
	  ->  Bitmap Index Scan on k_8  (cost=0.00..5.48 rows=105 width=0)
	        Index Cond: ((k >= 2595698) AND (k <= 2595798))

explain: for range-notcovered :: explain SELECT k, c FROM sbtest%d WHERE k BETWEEN 2595698 AND 2595798
for range-notcovered
table 1 : explain SELECT k, c FROM sbtest1 WHERE k BETWEEN 3781984 AND 3782084
	Bitmap Heap Scan on sbtest1  (cost=5.51..420.88 rows=105 width=125)
	  Recheck Cond: ((k >= 3781984) AND (k <= 3782084))
	  ->  Bitmap Index Scan on k_1  (cost=0.00..5.48 rows=105 width=0)
	        Index Cond: ((k >= 3781984) AND (k <= 3782084))

table 2 : explain SELECT k, c FROM sbtest2 WHERE k BETWEEN 3781984 AND 3782084
	Bitmap Heap Scan on sbtest2  (cost=5.50..416.94 rows=104 width=125)
	  Recheck Cond: ((k >= 3781984) AND (k <= 3782084))
	  ->  Bitmap Index Scan on k_2  (cost=0.00..5.47 rows=104 width=0)
	        Index Cond: ((k >= 3781984) AND (k <= 3782084))

table 3 : explain SELECT k, c FROM sbtest3 WHERE k BETWEEN 3781984 AND 3782084
	Bitmap Heap Scan on sbtest3  (cost=5.49..413.00 rows=103 width=125)
	  Recheck Cond: ((k >= 3781984) AND (k <= 3782084))
	  ->  Bitmap Index Scan on k_3  (cost=0.00..5.46 rows=103 width=0)
	        Index Cond: ((k >= 3781984) AND (k <= 3782084))

table 4 : explain SELECT k, c FROM sbtest4 WHERE k BETWEEN 3781984 AND 3782084
	Bitmap Heap Scan on sbtest4  (cost=5.54..432.69 rows=108 width=125)
	  Recheck Cond: ((k >= 3781984) AND (k <= 3782084))
	  ->  Bitmap Index Scan on k_4  (cost=0.00..5.51 rows=108 width=0)
	        Index Cond: ((k >= 3781984) AND (k <= 3782084))

table 5 : explain SELECT k, c FROM sbtest5 WHERE k BETWEEN 3781984 AND 3782084
	Bitmap Heap Scan on sbtest5  (cost=5.42..385.43 rows=96 width=125)
	  Recheck Cond: ((k >= 3781984) AND (k <= 3782084))
	  ->  Bitmap Index Scan on k_5  (cost=0.00..5.39 rows=96 width=0)
	        Index Cond: ((k >= 3781984) AND (k <= 3782084))

table 6 : explain SELECT k, c FROM sbtest6 WHERE k BETWEEN 3781984 AND 3782084
	Bitmap Heap Scan on sbtest6  (cost=5.40..377.55 rows=94 width=125)
	  Recheck Cond: ((k >= 3781984) AND (k <= 3782084))
	  ->  Bitmap Index Scan on k_6  (cost=0.00..5.38 rows=94 width=0)
	        Index Cond: ((k >= 3781984) AND (k <= 3782084))

table 7 : explain SELECT k, c FROM sbtest7 WHERE k BETWEEN 3781984 AND 3782084
	Bitmap Heap Scan on sbtest7  (cost=5.45..397.25 rows=99 width=125)
	  Recheck Cond: ((k >= 3781984) AND (k <= 3782084))
	  ->  Bitmap Index Scan on k_7  (cost=0.00..5.42 rows=99 width=0)
	        Index Cond: ((k >= 3781984) AND (k <= 3782084))

table 8 : explain SELECT k, c FROM sbtest8 WHERE k BETWEEN 3781984 AND 3782084
	Bitmap Heap Scan on sbtest8  (cost=5.44..393.31 rows=98 width=125)
	  Recheck Cond: ((k >= 3781984) AND (k <= 3782084))
	  ->  Bitmap Index Scan on k_8  (cost=0.00..5.42 rows=98 width=0)
	        Index Cond: ((k >= 3781984) AND (k <= 3782084))

explain: for range-notcovered :: explain SELECT k, c FROM sbtest%d WHERE k BETWEEN 3781984 AND 3782084
explain: for range-notcovered :: explain SELECT k, c FROM sbtest%d WHERE k BETWEEN 7213184 AND 7213284
for range-notcovered
table 1 : explain SELECT k, c FROM sbtest1 WHERE k BETWEEN 8262521 AND 8262621
	Bitmap Heap Scan on sbtest1  (cost=5.48..409.07 rows=102 width=125)
	  Recheck Cond: ((k >= 8262521) AND (k <= 8262621))
	  ->  Bitmap Index Scan on k_1  (cost=0.00..5.45 rows=102 width=0)
	        Index Cond: ((k >= 8262521) AND (k <= 8262621))

table 2 : explain SELECT k, c FROM sbtest2 WHERE k BETWEEN 8262521 AND 8262621
	Bitmap Heap Scan on sbtest2  (cost=5.38..369.67 rows=92 width=125)
	  Recheck Cond: ((k >= 8262521) AND (k <= 8262621))
	  ->  Bitmap Index Scan on k_2  (cost=0.00..5.35 rows=92 width=0)
	        Index Cond: ((k >= 8262521) AND (k <= 8262621))

table 3 : explain SELECT k, c FROM sbtest3 WHERE k BETWEEN 8262521 AND 8262621
	Bitmap Heap Scan on sbtest3  (cost=5.46..401.19 rows=100 width=125)
	  Recheck Cond: ((k >= 8262521) AND (k <= 8262621))
	  ->  Bitmap Index Scan on k_3  (cost=0.00..5.43 rows=100 width=0)
	        Index Cond: ((k >= 8262521) AND (k <= 8262621))

table 4 : explain SELECT k, c FROM sbtest4 WHERE k BETWEEN 8262521 AND 8262621
	Bitmap Heap Scan on sbtest4  (cost=5.40..377.55 rows=94 width=125)
	  Recheck Cond: ((k >= 8262521) AND (k <= 8262621))
	  ->  Bitmap Index Scan on k_4  (cost=0.00..5.38 rows=94 width=0)
	        Index Cond: ((k >= 8262521) AND (k <= 8262621))

table 5 : explain SELECT k, c FROM sbtest5 WHERE k BETWEEN 8262521 AND 8262621
	Bitmap Heap Scan on sbtest5  (cost=5.42..385.43 rows=96 width=125)
	  Recheck Cond: ((k >= 8262521) AND (k <= 8262621))
	  ->  Bitmap Index Scan on k_5  (cost=0.00..5.39 rows=96 width=0)
	        Index Cond: ((k >= 8262521) AND (k <= 8262621))

table 6 : explain SELECT k, c FROM sbtest6 WHERE k BETWEEN 8262521 AND 8262621
	Bitmap Heap Scan on sbtest6  (cost=5.49..413.00 rows=103 width=125)
	  Recheck Cond: ((k >= 8262521) AND (k <= 8262621))
	  ->  Bitmap Index Scan on k_6  (cost=0.00..5.46 rows=103 width=0)
	        Index Cond: ((k >= 8262521) AND (k <= 8262621))

table 7 : explain SELECT k, c FROM sbtest7 WHERE k BETWEEN 8262521 AND 8262621
	Bitmap Heap Scan on sbtest7  (cost=5.52..424.81 rows=106 width=125)
	  Recheck Cond: ((k >= 8262521) AND (k <= 8262621))
	  ->  Bitmap Index Scan on k_7  (cost=0.00..5.50 rows=106 width=0)
	        Index Cond: ((k >= 8262521) AND (k <= 8262621))

table 8 : explain SELECT k, c FROM sbtest8 WHERE k BETWEEN 8262521 AND 8262621
	Bitmap Heap Scan on sbtest8  (cost=5.48..409.07 rows=102 width=125)
	  Recheck Cond: ((k >= 8262521) AND (k <= 8262621))
	  ->  Bitmap Index Scan on k_8  (cost=0.00..5.45 rows=102 width=0)
	        Index Cond: ((k >= 8262521) AND (k <= 8262621))

for range-notcovered
table 1 : explain SELECT k, c FROM sbtest1 WHERE k BETWEEN 2595698 AND 2595798
	Bitmap Heap Scan on sbtest1  (cost=5.50..416.94 rows=104 width=125)
	  Recheck Cond: ((k >= 2595698) AND (k <= 2595798))
	  ->  Bitmap Index Scan on k_1  (cost=0.00..5.47 rows=104 width=0)
	        Index Cond: ((k >= 2595698) AND (k <= 2595798))

table 2 : explain SELECT k, c FROM sbtest2 WHERE k BETWEEN 2595698 AND 2595798
	Bitmap Heap Scan on sbtest2  (cost=5.38..369.67 rows=92 width=125)
	  Recheck Cond: ((k >= 2595698) AND (k <= 2595798))
	  ->  Bitmap Index Scan on k_2  (cost=0.00..5.35 rows=92 width=0)
	        Index Cond: ((k >= 2595698) AND (k <= 2595798))

table 3 : explain SELECT k, c FROM sbtest3 WHERE k BETWEEN 2595698 AND 2595798
	Bitmap Heap Scan on sbtest3  (cost=5.53..428.75 rows=107 width=125)
	  Recheck Cond: ((k >= 2595698) AND (k <= 2595798))
	  ->  Bitmap Index Scan on k_3  (cost=0.00..5.50 rows=107 width=0)
	        Index Cond: ((k >= 2595698) AND (k <= 2595798))

table 4 : explain SELECT k, c FROM sbtest4 WHERE k BETWEEN 2595698 AND 2595798
	Bitmap Heap Scan on sbtest4  (cost=5.54..432.69 rows=108 width=125)
	  Recheck Cond: ((k >= 2595698) AND (k <= 2595798))
	  ->  Bitmap Index Scan on k_4  (cost=0.00..5.51 rows=108 width=0)
	        Index Cond: ((k >= 2595698) AND (k <= 2595798))

table 5 : explain SELECT k, c FROM sbtest5 WHERE k BETWEEN 2595698 AND 2595798
	Bitmap Heap Scan on sbtest5  (cost=5.54..432.69 rows=108 width=125)
	  Recheck Cond: ((k >= 2595698) AND (k <= 2595798))
	  ->  Bitmap Index Scan on k_5  (cost=0.00..5.51 rows=108 width=0)
	        Index Cond: ((k >= 2595698) AND (k <= 2595798))

table 6 : explain SELECT k, c FROM sbtest6 WHERE k BETWEEN 2595698 AND 2595798
	Bitmap Heap Scan on sbtest6  (cost=5.51..420.88 rows=105 width=125)
	  Recheck Cond: ((k >= 2595698) AND (k <= 2595798))
	  ->  Bitmap Index Scan on k_6  (cost=0.00..5.48 rows=105 width=0)
	        Index Cond: ((k >= 2595698) AND (k <= 2595798))

table 7 : explain SELECT k, c FROM sbtest7 WHERE k BETWEEN 2595698 AND 2595798
	Bitmap Heap Scan on sbtest7  (cost=5.47..405.13 rows=101 width=125)
	  Recheck Cond: ((k >= 2595698) AND (k <= 2595798))
	  ->  Bitmap Index Scan on k_7  (cost=0.00..5.44 rows=101 width=0)
	        Index Cond: ((k >= 2595698) AND (k <= 2595798))

table 8 : explain SELECT k, c FROM sbtest8 WHERE k BETWEEN 2595698 AND 2595798
	Bitmap Heap Scan on sbtest8  (cost=5.51..420.88 rows=105 width=125)
	  Recheck Cond: ((k >= 2595698) AND (k <= 2595798))
	  ->  Bitmap Index Scan on k_8  (cost=0.00..5.48 rows=105 width=0)
	        Index Cond: ((k >= 2595698) AND (k <= 2595798))

explain: for range-notcovered :: explain SELECT k, c FROM sbtest%d WHERE k BETWEEN 8262521 AND 8262621
explain: for range-notcovered :: explain SELECT k, c FROM sbtest%d WHERE k BETWEEN 2595698 AND 2595798
for range-notcovered
table 1 : explain SELECT k, c FROM sbtest1 WHERE k BETWEEN 7213184 AND 7213284
	Bitmap Heap Scan on sbtest1  (cost=5.55..436.62 rows=109 width=125)
	  Recheck Cond: ((k >= 7213184) AND (k <= 7213284))
	  ->  Bitmap Index Scan on k_1  (cost=0.00..5.52 rows=109 width=0)
	        Index Cond: ((k >= 7213184) AND (k <= 7213284))

table 2 : explain SELECT k, c FROM sbtest2 WHERE k BETWEEN 7213184 AND 7213284
	Bitmap Heap Scan on sbtest2  (cost=5.45..397.25 rows=99 width=125)
	  Recheck Cond: ((k >= 7213184) AND (k <= 7213284))
	  ->  Bitmap Index Scan on k_2  (cost=0.00..5.42 rows=99 width=0)
	        Index Cond: ((k >= 7213184) AND (k <= 7213284))

table 3 : explain SELECT k, c FROM sbtest3 WHERE k BETWEEN 7213184 AND 7213284
	Bitmap Heap Scan on sbtest3  (cost=5.46..401.19 rows=100 width=125)
	  Recheck Cond: ((k >= 7213184) AND (k <= 7213284))
	  ->  Bitmap Index Scan on k_3  (cost=0.00..5.43 rows=100 width=0)
	        Index Cond: ((k >= 7213184) AND (k <= 7213284))

table 4 : explain SELECT k, c FROM sbtest4 WHERE k BETWEEN 7213184 AND 7213284
	Bitmap Heap Scan on sbtest4  (cost=5.46..401.19 rows=100 width=125)
	  Recheck Cond: ((k >= 7213184) AND (k <= 7213284))
	  ->  Bitmap Index Scan on k_4  (cost=0.00..5.43 rows=100 width=0)
	        Index Cond: ((k >= 7213184) AND (k <= 7213284))

table 5 : explain SELECT k, c FROM sbtest5 WHERE k BETWEEN 7213184 AND 7213284
	Bitmap Heap Scan on sbtest5  (cost=5.48..409.07 rows=102 width=125)
	  Recheck Cond: ((k >= 7213184) AND (k <= 7213284))
	  ->  Bitmap Index Scan on k_5  (cost=0.00..5.45 rows=102 width=0)
	        Index Cond: ((k >= 7213184) AND (k <= 7213284))

table 6 : explain SELECT k, c FROM sbtest6 WHERE k BETWEEN 7213184 AND 7213284
	Bitmap Heap Scan on sbtest6  (cost=5.59..452.36 rows=113 width=125)
	  Recheck Cond: ((k >= 7213184) AND (k <= 7213284))
	  ->  Bitmap Index Scan on k_6  (cost=0.00..5.56 rows=113 width=0)
	        Index Cond: ((k >= 7213184) AND (k <= 7213284))

table 7 : explain SELECT k, c FROM sbtest7 WHERE k BETWEEN 7213184 AND 7213284
	Bitmap Heap Scan on sbtest7  (cost=5.51..420.88 rows=105 width=125)
	  Recheck Cond: ((k >= 7213184) AND (k <= 7213284))
	  ->  Bitmap Index Scan on k_7  (cost=0.00..5.48 rows=105 width=0)
	        Index Cond: ((k >= 7213184) AND (k <= 7213284))

table 8 : explain SELECT k, c FROM sbtest8 WHERE k BETWEEN 7213184 AND 7213284
	Bitmap Heap Scan on sbtest8  (cost=5.51..420.88 rows=105 width=125)
	  Recheck Cond: ((k >= 7213184) AND (k <= 7213284))
	  ->  Bitmap Index Scan on k_8  (cost=0.00..5.48 rows=105 width=0)
	        Index Cond: ((k >= 7213184) AND (k <= 7213284))

explain: for range-notcovered :: explain SELECT k, c FROM sbtest%d WHERE k BETWEEN 7213184 AND 7213284
for range-notcovered
table 1 : explain SELECT k, c FROM sbtest1 WHERE k BETWEEN 3781984 AND 3782084
	Bitmap Heap Scan on sbtest1  (cost=5.51..420.88 rows=105 width=125)
	  Recheck Cond: ((k >= 3781984) AND (k <= 3782084))
	  ->  Bitmap Index Scan on k_1  (cost=0.00..5.48 rows=105 width=0)
	        Index Cond: ((k >= 3781984) AND (k <= 3782084))

table 2 : explain SELECT k, c FROM sbtest2 WHERE k BETWEEN 3781984 AND 3782084
	Bitmap Heap Scan on sbtest2  (cost=5.50..416.94 rows=104 width=125)
	  Recheck Cond: ((k >= 3781984) AND (k <= 3782084))
	  ->  Bitmap Index Scan on k_2  (cost=0.00..5.47 rows=104 width=0)
	        Index Cond: ((k >= 3781984) AND (k <= 3782084))

table 3 : explain SELECT k, c FROM sbtest3 WHERE k BETWEEN 3781984 AND 3782084
	Bitmap Heap Scan on sbtest3  (cost=5.49..413.00 rows=103 width=125)
	  Recheck Cond: ((k >= 3781984) AND (k <= 3782084))
	  ->  Bitmap Index Scan on k_3  (cost=0.00..5.46 rows=103 width=0)
	        Index Cond: ((k >= 3781984) AND (k <= 3782084))

table 4 : explain SELECT k, c FROM sbtest4 WHERE k BETWEEN 3781984 AND 3782084
	Bitmap Heap Scan on sbtest4  (cost=5.54..432.69 rows=108 width=125)
	  Recheck Cond: ((k >= 3781984) AND (k <= 3782084))
	  ->  Bitmap Index Scan on k_4  (cost=0.00..5.51 rows=108 width=0)
	        Index Cond: ((k >= 3781984) AND (k <= 3782084))

table 5 : explain SELECT k, c FROM sbtest5 WHERE k BETWEEN 3781984 AND 3782084
	Bitmap Heap Scan on sbtest5  (cost=5.42..385.43 rows=96 width=125)
	  Recheck Cond: ((k >= 3781984) AND (k <= 3782084))
	  ->  Bitmap Index Scan on k_5  (cost=0.00..5.39 rows=96 width=0)
	        Index Cond: ((k >= 3781984) AND (k <= 3782084))

table 6 : explain SELECT k, c FROM sbtest6 WHERE k BETWEEN 3781984 AND 3782084
	Bitmap Heap Scan on sbtest6  (cost=5.40..377.55 rows=94 width=125)
	  Recheck Cond: ((k >= 3781984) AND (k <= 3782084))
	  ->  Bitmap Index Scan on k_6  (cost=0.00..5.38 rows=94 width=0)
	        Index Cond: ((k >= 3781984) AND (k <= 3782084))

table 7 : explain SELECT k, c FROM sbtest7 WHERE k BETWEEN 3781984 AND 3782084
	Bitmap Heap Scan on sbtest7  (cost=5.45..397.25 rows=99 width=125)
	  Recheck Cond: ((k >= 3781984) AND (k <= 3782084))
	  ->  Bitmap Index Scan on k_7  (cost=0.00..5.42 rows=99 width=0)
	        Index Cond: ((k >= 3781984) AND (k <= 3782084))

table 8 : explain SELECT k, c FROM sbtest8 WHERE k BETWEEN 3781984 AND 3782084
	Bitmap Heap Scan on sbtest8  (cost=5.44..393.31 rows=98 width=125)
	  Recheck Cond: ((k >= 3781984) AND (k <= 3782084))
	  ->  Bitmap Index Scan on k_8  (cost=0.00..5.42 rows=98 width=0)
	        Index Cond: ((k >= 3781984) AND (k <= 3782084))

for range-notcovered
table 1 : explain SELECT k, c FROM sbtest1 WHERE k BETWEEN 2595698 AND 2595798
	Bitmap Heap Scan on sbtest1  (cost=5.50..416.94 rows=104 width=125)
	  Recheck Cond: ((k >= 2595698) AND (k <= 2595798))
	  ->  Bitmap Index Scan on k_1  (cost=0.00..5.47 rows=104 width=0)
	        Index Cond: ((k >= 2595698) AND (k <= 2595798))

table 2 : explain SELECT k, c FROM sbtest2 WHERE k BETWEEN 2595698 AND 2595798
	Bitmap Heap Scan on sbtest2  (cost=5.38..369.67 rows=92 width=125)
	  Recheck Cond: ((k >= 2595698) AND (k <= 2595798))
	  ->  Bitmap Index Scan on k_2  (cost=0.00..5.35 rows=92 width=0)
	        Index Cond: ((k >= 2595698) AND (k <= 2595798))

table 3 : explain SELECT k, c FROM sbtest3 WHERE k BETWEEN 2595698 AND 2595798
	Bitmap Heap Scan on sbtest3  (cost=5.53..428.75 rows=107 width=125)
	  Recheck Cond: ((k >= 2595698) AND (k <= 2595798))
	  ->  Bitmap Index Scan on k_3  (cost=0.00..5.50 rows=107 width=0)
	        Index Cond: ((k >= 2595698) AND (k <= 2595798))

table 4 : explain SELECT k, c FROM sbtest4 WHERE k BETWEEN 2595698 AND 2595798
	Bitmap Heap Scan on sbtest4  (cost=5.54..432.69 rows=108 width=125)
	  Recheck Cond: ((k >= 2595698) AND (k <= 2595798))
	  ->  Bitmap Index Scan on k_4  (cost=0.00..5.51 rows=108 width=0)
	        Index Cond: ((k >= 2595698) AND (k <= 2595798))

table 5 : explain SELECT k, c FROM sbtest5 WHERE k BETWEEN 2595698 AND 2595798
	Bitmap Heap Scan on sbtest5  (cost=5.54..432.69 rows=108 width=125)
	  Recheck Cond: ((k >= 2595698) AND (k <= 2595798))
	  ->  Bitmap Index Scan on k_5  (cost=0.00..5.51 rows=108 width=0)
	        Index Cond: ((k >= 2595698) AND (k <= 2595798))

table 6 : explain SELECT k, c FROM sbtest6 WHERE k BETWEEN 2595698 AND 2595798
	Bitmap Heap Scan on sbtest6  (cost=5.51..420.88 rows=105 width=125)
	  Recheck Cond: ((k >= 2595698) AND (k <= 2595798))
	  ->  Bitmap Index Scan on k_6  (cost=0.00..5.48 rows=105 width=0)
	        Index Cond: ((k >= 2595698) AND (k <= 2595798))

table 7 : explain SELECT k, c FROM sbtest7 WHERE k BETWEEN 2595698 AND 2595798
	Bitmap Heap Scan on sbtest7  (cost=5.47..405.13 rows=101 width=125)
	  Recheck Cond: ((k >= 2595698) AND (k <= 2595798))
	  ->  Bitmap Index Scan on k_7  (cost=0.00..5.44 rows=101 width=0)
	        Index Cond: ((k >= 2595698) AND (k <= 2595798))

table 8 : explain SELECT k, c FROM sbtest8 WHERE k BETWEEN 2595698 AND 2595798
	Bitmap Heap Scan on sbtest8  (cost=5.51..420.88 rows=105 width=125)
	  Recheck Cond: ((k >= 2595698) AND (k <= 2595798))
	  ->  Bitmap Index Scan on k_8  (cost=0.00..5.48 rows=105 width=0)
	        Index Cond: ((k >= 2595698) AND (k <= 2595798))

explain: for range-notcovered :: explain SELECT k, c FROM sbtest%d WHERE k BETWEEN 3781984 AND 3782084for range-notcovered
table 1 : explain SELECT k, c FROM sbtest1 WHERE k BETWEEN 8262521 AND 8262621
	Bitmap Heap Scan on sbtest1  (cost=5.48..409.07 rows=102 width=125)
	  Recheck Cond: ((k >= 8262521) AND (k <= 8262621))
	  ->  Bitmap Index Scan on k_1  (cost=0.00..5.45 rows=102 width=0)
	        Index Cond: ((k >= 8262521) AND (k <= 8262621))

table 2 : explain SELECT k, c FROM sbtest2 WHERE k BETWEEN 8262521 AND 8262621
	Bitmap Heap Scan on sbtest2  (cost=5.38..369.67 rows=92 width=125)
	  Recheck Cond: ((k >= 8262521) AND (k <= 8262621))
	  ->  Bitmap Index Scan on k_2  (cost=0.00..5.35 rows=92 width=0)
	        Index Cond: ((k >= 8262521) AND (k <= 8262621))

table 3 : explain SELECT k, c FROM sbtest3 WHERE k BETWEEN 8262521 AND 8262621
	Bitmap Heap Scan on sbtest3  (cost=5.46..401.19 rows=100 width=125)
	  Recheck Cond: ((k >= 8262521) AND (k <= 8262621))
	  ->  Bitmap Index Scan on k_3  (cost=0.00..5.43 rows=100 width=0)
	        Index Cond: ((k >= 8262521) AND (k <= 8262621))

table 4 : explain SELECT k, c FROM sbtest4 WHERE k BETWEEN 8262521 AND 8262621
	Bitmap Heap Scan on sbtest4  (cost=5.40..377.55 rows=94 width=125)
	  Recheck Cond: ((k >= 8262521) AND (k <= 8262621))
	  ->  Bitmap Index Scan on k_4  (cost=0.00..5.38 rows=94 width=0)
	        Index Cond: ((k >= 8262521) AND (k <= 8262621))

table 5 : explain SELECT k, c FROM sbtest5 WHERE k BETWEEN 8262521 AND 8262621
	Bitmap Heap Scan on sbtest5  (cost=5.42..385.43 rows=96 width=125)
	  Recheck Cond: ((k >= 8262521) AND (k <= 8262621))
	  ->  Bitmap Index Scan on k_5  (cost=0.00..5.39 rows=96 width=0)
	        Index Cond: ((k >= 8262521) AND (k <= 8262621))

table 6 : explain SELECT k, c FROM sbtest6 WHERE k BETWEEN 8262521 AND 8262621
	Bitmap Heap Scan on sbtest6  (cost=5.49..413.00 rows=103 width=125)
	  Recheck Cond: ((k >= 8262521) AND (k <= 8262621))
	  ->  Bitmap Index Scan on k_6  (cost=0.00..5.46 rows=103 width=0)
	        Index Cond: ((k >= 8262521) AND (k <= 8262621))

table 7 : explain SELECT k, c FROM sbtest7 WHERE k BETWEEN 8262521 AND 8262621
	Bitmap Heap Scan on sbtest7  (cost=5.52..424.81 rows=106 width=125)
	  Recheck Cond: ((k >= 8262521) AND (k <= 8262621))
	  ->  Bitmap Index Scan on k_7  (cost=0.00..5.50 rows=106 width=0)
	        Index Cond: ((k >= 8262521) AND (k <= 8262621))

table 8 : explain SELECT k, c FROM sbtest8 WHERE k BETWEEN 8262521 AND 8262621
	Bitmap Heap Scan on sbtest8  (cost=5.48..409.07 rows=102 width=125)
	  Recheck Cond: ((k >= 8262521) AND (k <= 8262621))
	  ->  Bitmap Index Scan on k_8  (cost=0.00..5.45 rows=102 width=0)
	        Index Cond: ((k >= 8262521) AND (k <= 8262621))


explain: for range-notcovered :: explain SELECT k, c FROM sbtest%d WHERE k BETWEEN 8262521 AND 8262621
for range-notcovered
table 1 : explain SELECT k, c FROM sbtest1 WHERE k BETWEEN 7213184 AND 7213284
	Bitmap Heap Scan on sbtest1  (cost=5.55..436.62 rows=109 width=125)
	  Recheck Cond: ((k >= 7213184) AND (k <= 7213284))
	  ->  Bitmap Index Scan on k_1  (cost=0.00..5.52 rows=109 width=0)
	        Index Cond: ((k >= 7213184) AND (k <= 7213284))

table 2 : explain SELECT k, c FROM sbtest2 WHERE k BETWEEN 7213184 AND 7213284
	Bitmap Heap Scan on sbtest2  (cost=5.45..397.25 rows=99 width=125)
	  Recheck Cond: ((k >= 7213184) AND (k <= 7213284))
	  ->  Bitmap Index Scan on k_2  (cost=0.00..5.42 rows=99 width=0)
	        Index Cond: ((k >= 7213184) AND (k <= 7213284))

table 3 : explain SELECT k, c FROM sbtest3 WHERE k BETWEEN 7213184 AND 7213284
	Bitmap Heap Scan on sbtest3  (cost=5.46..401.19 rows=100 width=125)
	  Recheck Cond: ((k >= 7213184) AND (k <= 7213284))
	  ->  Bitmap Index Scan on k_3  (cost=0.00..5.43 rows=100 width=0)
	        Index Cond: ((k >= 7213184) AND (k <= 7213284))

table 4 : explain SELECT k, c FROM sbtest4 WHERE k BETWEEN 7213184 AND 7213284
	Bitmap Heap Scan on sbtest4  (cost=5.46..401.19 rows=100 width=125)
	  Recheck Cond: ((k >= 7213184) AND (k <= 7213284))
	  ->  Bitmap Index Scan on k_4  (cost=0.00..5.43 rows=100 width=0)
	        Index Cond: ((k >= 7213184) AND (k <= 7213284))

table 5 : explain SELECT k, c FROM sbtest5 WHERE k BETWEEN 7213184 AND 7213284
	Bitmap Heap Scan on sbtest5  (cost=5.48..409.07 rows=102 width=125)
	  Recheck Cond: ((k >= 7213184) AND (k <= 7213284))
	  ->  Bitmap Index Scan on k_5  (cost=0.00..5.45 rows=102 width=0)
	        Index Cond: ((k >= 7213184) AND (k <= 7213284))

table 6 : explain SELECT k, c FROM sbtest6 WHERE k BETWEEN 7213184 AND 7213284
	Bitmap Heap Scan on sbtest6  (cost=5.59..452.36 rows=113 width=125)
	  Recheck Cond: ((k >= 7213184) AND (k <= 7213284))
	  ->  Bitmap Index Scan on k_6  (cost=0.00..5.56 rows=113 width=0)
	        Index Cond: ((k >= 7213184) AND (k <= 7213284))

table 7 : explain SELECT k, c FROM sbtest7 WHERE k BETWEEN 7213184 AND 7213284
	Bitmap Heap Scan on sbtest7  (cost=5.51..420.88 rows=105 width=125)
	  Recheck Cond: ((k >= 7213184) AND (k <= 7213284))
	  ->  Bitmap Index Scan on k_7  (cost=0.00..5.48 rows=105 width=0)
	        Index Cond: ((k >= 7213184) AND (k <= 7213284))

table 8 : explain SELECT k, c FROM sbtest8 WHERE k BETWEEN 7213184 AND 7213284
	Bitmap Heap Scan on sbtest8  (cost=5.51..420.88 rows=105 width=125)
	  Recheck Cond: ((k >= 7213184) AND (k <= 7213284))
	  ->  Bitmap Index Scan on k_8  (cost=0.00..5.48 rows=105 width=0)
	        Index Cond: ((k >= 7213184) AND (k <= 7213284))

for range-notcovered
table 1 : explain SELECT k, c FROM sbtest1 WHERE k BETWEEN 3781984 AND 3782084
	Bitmap Heap Scan on sbtest1  (cost=5.51..420.88 rows=105 width=125)
	  Recheck Cond: ((k >= 3781984) AND (k <= 3782084))
	  ->  Bitmap Index Scan on k_1  (cost=0.00..5.48 rows=105 width=0)
	        Index Cond: ((k >= 3781984) AND (k <= 3782084))

table 2 : explain SELECT k, c FROM sbtest2 WHERE k BETWEEN 3781984 AND 3782084
	Bitmap Heap Scan on sbtest2  (cost=5.50..416.94 rows=104 width=125)
	  Recheck Cond: ((k >= 3781984) AND (k <= 3782084))
	  ->  Bitmap Index Scan on k_2  (cost=0.00..5.47 rows=104 width=0)
	        Index Cond: ((k >= 3781984) AND (k <= 3782084))

table 3 : explain SELECT k, c FROM sbtest3 WHERE k BETWEEN 3781984 AND 3782084
	Bitmap Heap Scan on sbtest3  (cost=5.49..413.00 rows=103 width=125)
	  Recheck Cond: ((k >= 3781984) AND (k <= 3782084))
	  ->  Bitmap Index Scan on k_3  (cost=0.00..5.46 rows=103 width=0)
	        Index Cond: ((k >= 3781984) AND (k <= 3782084))

table 4 : explain SELECT k, c FROM sbtest4 WHERE k BETWEEN 3781984 AND 3782084
	Bitmap Heap Scan on sbtest4  (cost=5.54..432.69 rows=108 width=125)
	  Recheck Cond: ((k >= 3781984) AND (k <= 3782084))
	  ->  Bitmap Index Scan on k_4  (cost=0.00..5.51 rows=108 width=0)
	        Index Cond: ((k >= 3781984) AND (k <= 3782084))

table 5 : explain SELECT k, c FROM sbtest5 WHERE k BETWEEN 3781984 AND 3782084
	Bitmap Heap Scan on sbtest5  (cost=5.42..385.43 rows=96 width=125)
	  Recheck Cond: ((k >= 3781984) AND (k <= 3782084))
	  ->  Bitmap Index Scan on k_5  (cost=0.00..5.39 rows=96 width=0)
	        Index Cond: ((k >= 3781984) AND (k <= 3782084))

table 6 : explain SELECT k, c FROM sbtest6 WHERE k BETWEEN 3781984 AND 3782084
	Bitmap Heap Scan on sbtest6  (cost=5.40..377.55 rows=94 width=125)
	  Recheck Cond: ((k >= 3781984) AND (k <= 3782084))
	  ->  Bitmap Index Scan on k_6  (cost=0.00..5.38 rows=94 width=0)
	        Index Cond: ((k >= 3781984) AND (k <= 3782084))

table 7 : explain SELECT k, c FROM sbtest7 WHERE k BETWEEN 3781984 AND 3782084
	Bitmap Heap Scan on sbtest7  (cost=5.45..397.25 rows=99 width=125)
	  Recheck Cond: ((k >= 3781984) AND (k <= 3782084))
	  ->  Bitmap Index Scan on k_7  (cost=0.00..5.42 rows=99 width=0)
	        Index Cond: ((k >= 3781984) AND (k <= 3782084))

table 8 : explain SELECT k, c FROM sbtest8 WHERE k BETWEEN 3781984 AND 3782084
	Bitmap Heap Scan on sbtest8  (cost=5.44..393.31 rows=98 width=125)
	  Recheck Cond: ((k >= 3781984) AND (k <= 3782084))
	  ->  Bitmap Index Scan on k_8  (cost=0.00..5.42 rows=98 width=0)
	        Index Cond: ((k >= 3781984) AND (k <= 3782084))

for range-notcovered
table 1 : explain SELECT k, c FROM sbtest1 WHERE k BETWEEN 8262521 AND 8262621
	Bitmap Heap Scan on sbtest1  (cost=5.48..409.07 rows=102 width=125)
	  Recheck Cond: ((k >= 8262521) AND (k <= 8262621))
	  ->  Bitmap Index Scan on k_1  (cost=0.00..5.45 rows=102 width=0)
	        Index Cond: ((k >= 8262521) AND (k <= 8262621))

table 2 : explain SELECT k, c FROM sbtest2 WHERE k BETWEEN 8262521 AND 8262621
	Bitmap Heap Scan on sbtest2  (cost=5.38..369.67 rows=92 width=125)
	  Recheck Cond: ((k >= 8262521) AND (k <= 8262621))
	  ->  Bitmap Index Scan on k_2  (cost=0.00..5.35 rows=92 width=0)
	        Index Cond: ((k >= 8262521) AND (k <= 8262621))

table 3 : explain SELECT k, c FROM sbtest3 WHERE k BETWEEN 8262521 AND 8262621
	Bitmap Heap Scan on sbtest3  (cost=5.46..401.19 rows=100 width=125)
	  Recheck Cond: ((k >= 8262521) AND (k <= 8262621))
	  ->  Bitmap Index Scan on k_3  (cost=0.00..5.43 rows=100 width=0)
	        Index Cond: ((k >= 8262521) AND (k <= 8262621))

table 4 : explain SELECT k, c FROM sbtest4 WHERE k BETWEEN 8262521 AND 8262621
	Bitmap Heap Scan on sbtest4  (cost=5.40..377.55 rows=94 width=125)
	  Recheck Cond: ((k >= 8262521) AND (k <= 8262621))
	  ->  Bitmap Index Scan on k_4  (cost=0.00..5.38 rows=94 width=0)
	        Index Cond: ((k >= 8262521) AND (k <= 8262621))

table 5 : explain SELECT k, c FROM sbtest5 WHERE k BETWEEN 8262521 AND 8262621
	Bitmap Heap Scan on sbtest5  (cost=5.42..385.43 rows=96 width=125)
	  Recheck Cond: ((k >= 8262521) AND (k <= 8262621))
	  ->  Bitmap Index Scan on k_5  (cost=0.00..5.39 rows=96 width=0)
	        Index Cond: ((k >= 8262521) AND (k <= 8262621))

table 6 : explain SELECT k, c FROM sbtest6 WHERE k BETWEEN 8262521 AND 8262621
	Bitmap Heap Scan on sbtest6  (cost=5.49..413.00 rows=103 width=125)
	  Recheck Cond: ((k >= 8262521) AND (k <= 8262621))
	  ->  Bitmap Index Scan on k_6  (cost=0.00..5.46 rows=103 width=0)
	        Index Cond: ((k >= 8262521) AND (k <= 8262621))

table 7 : explain SELECT k, c FROM sbtest7 WHERE k BETWEEN 8262521 AND 8262621
	Bitmap Heap Scan on sbtest7  (cost=5.52..424.81 rows=106 width=125)
	  Recheck Cond: ((k >= 8262521) AND (k <= 8262621))
	  ->  Bitmap Index Scan on k_7  (cost=0.00..5.50 rows=106 width=0)
	        Index Cond: ((k >= 8262521) AND (k <= 8262621))

table 8 : explain SELECT k, c FROM sbtest8 WHERE k BETWEEN 8262521 AND 8262621
	Bitmap Heap Scan on sbtest8  (cost=5.48..409.07 rows=102 width=125)
	  Recheck Cond: ((k >= 8262521) AND (k <= 8262621))
	  ->  Bitmap Index Scan on k_8  (cost=0.00..5.45 rows=102 width=0)
	        Index Cond: ((k >= 8262521) AND (k <= 8262621))

explain: for range-notcovered :: explain SELECT k, c FROM sbtest%d WHERE k BETWEEN 3781984 AND 3782084
explain: for range-notcovered :: explain SELECT k, c FROM sbtest%d WHERE k BETWEEN 8262521 AND 8262621
explain: for range-notcovered :: explain SELECT k, c FROM sbtest%d WHERE k BETWEEN 1688024 AND 1688124
for range-notcovered
table 1 : explain SELECT k, c FROM sbtest1 WHERE k BETWEEN 7615086 AND 7615186
	Bitmap Heap Scan on sbtest1  (cost=5.42..385.43 rows=96 width=125)
	  Recheck Cond: ((k >= 7615086) AND (k <= 7615186))
	  ->  Bitmap Index Scan on k_1  (cost=0.00..5.39 rows=96 width=0)
	        Index Cond: ((k >= 7615086) AND (k <= 7615186))

table 2 : explain SELECT k, c FROM sbtest2 WHERE k BETWEEN 7615086 AND 7615186
	Bitmap Heap Scan on sbtest2  (cost=5.47..405.13 rows=101 width=125)
	  Recheck Cond: ((k >= 7615086) AND (k <= 7615186))
	  ->  Bitmap Index Scan on k_2  (cost=0.00..5.44 rows=101 width=0)
	        Index Cond: ((k >= 7615086) AND (k <= 7615186))

table 3 : explain SELECT k, c FROM sbtest3 WHERE k BETWEEN 7615086 AND 7615186
	Bitmap Heap Scan on sbtest3  (cost=5.51..420.88 rows=105 width=125)
	  Recheck Cond: ((k >= 7615086) AND (k <= 7615186))
	  ->  Bitmap Index Scan on k_3  (cost=0.00..5.48 rows=105 width=0)
	        Index Cond: ((k >= 7615086) AND (k <= 7615186))

table 4 : explain SELECT k, c FROM sbtest4 WHERE k BETWEEN 7615086 AND 7615186
	Bitmap Heap Scan on sbtest4  (cost=5.49..413.00 rows=103 width=125)
	  Recheck Cond: ((k >= 7615086) AND (k <= 7615186))
	  ->  Bitmap Index Scan on k_4  (cost=0.00..5.46 rows=103 width=0)
	        Index Cond: ((k >= 7615086) AND (k <= 7615186))

table 5 : explain SELECT k, c FROM sbtest5 WHERE k BETWEEN 7615086 AND 7615186
	Bitmap Heap Scan on sbtest5  (cost=5.48..409.07 rows=102 width=125)
	  Recheck Cond: ((k >= 7615086) AND (k <= 7615186))
	  ->  Bitmap Index Scan on k_5  (cost=0.00..5.45 rows=102 width=0)
	        Index Cond: ((k >= 7615086) AND (k <= 7615186))

table 6 : explain SELECT k, c FROM sbtest6 WHERE k BETWEEN 7615086 AND 7615186
	Bitmap Heap Scan on sbtest6  (cost=5.54..432.69 rows=108 width=125)
	  Recheck Cond: ((k >= 7615086) AND (k <= 7615186))
	  ->  Bitmap Index Scan on k_6  (cost=0.00..5.51 rows=108 width=0)
	        Index Cond: ((k >= 7615086) AND (k <= 7615186))

table 7 : explain SELECT k, c FROM sbtest7 WHERE k BETWEEN 7615086 AND 7615186
	Bitmap Heap Scan on sbtest7  (cost=5.45..397.25 rows=99 width=125)
	  Recheck Cond: ((k >= 7615086) AND (k <= 7615186))
	  ->  Bitmap Index Scan on k_7  (cost=0.00..5.42 rows=99 width=0)
	        Index Cond: ((k >= 7615086) AND (k <= 7615186))

table 8 : explain SELECT k, c FROM sbtest8 WHERE k BETWEEN 7615086 AND 7615186
	Bitmap Heap Scan on sbtest8  (cost=5.47..405.13 rows=101 width=125)
	  Recheck Cond: ((k >= 7615086) AND (k <= 7615186))
	  ->  Bitmap Index Scan on k_8  (cost=0.00..5.44 rows=101 width=0)
	        Index Cond: ((k >= 7615086) AND (k <= 7615186))
for range-notcovered
table 1 : explain SELECT k, c FROM sbtest1 WHERE k BETWEEN 5025939 AND 5026039
	Bitmap Heap Scan on sbtest1  (cost=5.38..369.67 rows=92 width=125)
	  Recheck Cond: ((k >= 5025939) AND (k <= 5026039))
	  ->  Bitmap Index Scan on k_1  (cost=0.00..5.35 rows=92 width=0)
	        Index Cond: ((k >= 5025939) AND (k <= 5026039))

table 2 : explain SELECT k, c FROM sbtest2 WHERE k BETWEEN 5025939 AND 5026039
	Bitmap Heap Scan on sbtest2  (cost=5.48..409.07 rows=102 width=125)
	  Recheck Cond: ((k >= 5025939) AND (k <= 5026039))
	  ->  Bitmap Index Scan on k_2  (cost=0.00..5.45 rows=102 width=0)
	        Index Cond: ((k >= 5025939) AND (k <= 5026039))

table 3 : explain SELECT k, c FROM sbtest3 WHERE k BETWEEN 5025939 AND 5026039
	Bitmap Heap Scan on sbtest3  (cost=5.41..381.49 rows=95 width=125)
	  Recheck Cond: ((k >= 5025939) AND (k <= 5026039))
	  ->  Bitmap Index Scan on k_3  (cost=0.00..5.38 rows=95 width=0)
	        Index Cond: ((k >= 5025939) AND (k <= 5026039))

table 4 : explain SELECT k, c FROM sbtest4 WHERE k BETWEEN 5025939 AND 5026039
	Bitmap Heap Scan on sbtest4  (cost=5.51..420.88 rows=105 width=125)
	  Recheck Cond: ((k >= 5025939) AND (k <= 5026039))
	  ->  Bitmap Index Scan on k_4  (cost=0.00..5.48 rows=105 width=0)
	        Index Cond: ((k >= 5025939) AND (k <= 5026039))

table 5 : explain SELECT k, c FROM sbtest5 WHERE k BETWEEN 5025939 AND 5026039
	Bitmap Heap Scan on sbtest5  (cost=5.57..444.49 rows=111 width=125)
	  Recheck Cond: ((k >= 5025939) AND (k <= 5026039))
	  ->  Bitmap Index Scan on k_5  (cost=0.00..5.54 rows=111 width=0)
	        Index Cond: ((k >= 5025939) AND (k <= 5026039))

table 6 : explain SELECT k, c FROM sbtest6 WHERE k BETWEEN 5025939 AND 5026039
	Bitmap Heap Scan on sbtest6  (cost=5.46..401.19 rows=100 width=125)
	  Recheck Cond: ((k >= 5025939) AND (k <= 5026039))
	  ->  Bitmap Index Scan on k_6  (cost=0.00..5.43 rows=100 width=0)
	        Index Cond: ((k >= 5025939) AND (k <= 5026039))

table 7 : explain SELECT k, c FROM sbtest7 WHERE k BETWEEN 5025939 AND 5026039
	Bitmap Heap Scan on sbtest7  (cost=5.54..432.69 rows=108 width=125)
	  Recheck Cond: ((k >= 5025939) AND (k <= 5026039))
	  ->  Bitmap Index Scan on k_7  (cost=0.00..5.51 rows=108 width=0)
	        Index Cond: ((k >= 5025939) AND (k <= 5026039))

table 8 : explain SELECT k, c FROM sbtest8 WHERE k BETWEEN 5025939 AND 5026039
	Bitmap Heap Scan on sbtest8  (cost=5.54..432.69 rows=108 width=125)
	  Recheck Cond: ((k >= 5025939) AND (k <= 5026039))
	  ->  Bitmap Index Scan on k_8  (cost=0.00..5.51 rows=108 width=0)
	        Index Cond: ((k >= 5025939) AND (k <= 5026039))


explain: for range-notcovered :: explain SELECT k, c FROM sbtest%d WHERE k BETWEEN 2595698 AND 2595798
explain: for range-notcovered :: explain SELECT k, c FROM sbtest%d WHERE k BETWEEN 7213184 AND 7213284
for range-notcovered
table 1 : explain SELECT k, c FROM sbtest1 WHERE k BETWEEN 5272393 AND 5272493
	Bitmap Heap Scan on sbtest1  (cost=5.58..448.42 rows=112 width=125)
	  Recheck Cond: ((k >= 5272393) AND (k <= 5272493))
	  ->  Bitmap Index Scan on k_1  (cost=0.00..5.55 rows=112 width=0)
	        Index Cond: ((k >= 5272393) AND (k <= 5272493))

table 2 : explain SELECT k, c FROM sbtest2 WHERE k BETWEEN 5272393 AND 5272493
	Bitmap Heap Scan on sbtest2  (cost=5.49..413.00 rows=103 width=125)
	  Recheck Cond: ((k >= 5272393) AND (k <= 5272493))
	  ->  Bitmap Index Scan on k_2  (cost=0.00..5.46 rows=103 width=0)
	        Index Cond: ((k >= 5272393) AND (k <= 5272493))

table 3 : explain SELECT k, c FROM sbtest3 WHERE k BETWEEN 5272393 AND 5272493
	Bitmap Heap Scan on sbtest3  (cost=5.43..389.37 rows=97 width=125)
	  Recheck Cond: ((k >= 5272393) AND (k <= 5272493))
	  ->  Bitmap Index Scan on k_3  (cost=0.00..5.40 rows=97 width=0)
	        Index Cond: ((k >= 5272393) AND (k <= 5272493))

table 4 : explain SELECT k, c FROM sbtest4 WHERE k BETWEEN 5272393 AND 5272493
	Bitmap Heap Scan on sbtest4  (cost=5.43..389.37 rows=97 width=125)
	  Recheck Cond: ((k >= 5272393) AND (k <= 5272493))
	  ->  Bitmap Index Scan on k_4  (cost=0.00..5.40 rows=97 width=0)
	        Index Cond: ((k >= 5272393) AND (k <= 5272493))

table 5 : explain SELECT k, c FROM sbtest5 WHERE k BETWEEN 5272393 AND 5272493
	Bitmap Heap Scan on sbtest5  (cost=5.48..409.07 rows=102 width=125)
	  Recheck Cond: ((k >= 5272393) AND (k <= 5272493))
	  ->  Bitmap Index Scan on k_5  (cost=0.00..5.45 rows=102 width=0)
	        Index Cond: ((k >= 5272393) AND (k <= 5272493))

table 6 : explain SELECT k, c FROM sbtest6 WHERE k BETWEEN 5272393 AND 5272493
	Bitmap Heap Scan on sbtest6  (cost=5.49..413.00 rows=103 width=125)
	  Recheck Cond: ((k >= 5272393) AND (k <= 5272493))
	  ->  Bitmap Index Scan on k_6  (cost=0.00..5.46 rows=103 width=0)
	        Index Cond: ((k >= 5272393) AND (k <= 5272493))

table 7 : explain SELECT k, c FROM sbtest7 WHERE k BETWEEN 5272393 AND 5272493
	Bitmap Heap Scan on sbtest7  (cost=5.46..401.19 rows=100 width=125)
	  Recheck Cond: ((k >= 5272393) AND (k <= 5272493))
	  ->  Bitmap Index Scan on k_7  (cost=0.00..5.43 rows=100 width=0)
	        Index Cond: ((k >= 5272393) AND (k <= 5272493))

table 8 : explain SELECT k, c FROM sbtest8 WHERE k BETWEEN 5272393 AND 5272493
	Bitmap Heap Scan on sbtest8  (cost=5.45..397.25 rows=99 width=125)
	  Recheck Cond: ((k >= 5272393) AND (k <= 5272493))
	  ->  Bitmap Index Scan on k_8  (cost=0.00..5.42 rows=99 width=0)
	        Index Cond: ((k >= 5272393) AND (k <= 5272493))

for range-notcovered
table 1 : explain SELECT k, c FROM sbtest1 WHERE k BETWEEN 2595698 AND 2595798
	Bitmap Heap Scan on sbtest1  (cost=5.50..416.94 rows=104 width=125)
	  Recheck Cond: ((k >= 2595698) AND (k <= 2595798))
	  ->  Bitmap Index Scan on k_1  (cost=0.00..5.47 rows=104 width=0)
	        Index Cond: ((k >= 2595698) AND (k <= 2595798))

table 2 : explain SELECT k, c FROM sbtest2 WHERE k BETWEEN 2595698 AND 2595798
	Bitmap Heap Scan on sbtest2  (cost=5.38..369.67 rows=92 width=125)
	  Recheck Cond: ((k >= 2595698) AND (k <= 2595798))
	  ->  Bitmap Index Scan on k_2  (cost=0.00..5.35 rows=92 width=0)
	        Index Cond: ((k >= 2595698) AND (k <= 2595798))

table 3 : explain SELECT k, c FROM sbtest3 WHERE k BETWEEN 2595698 AND 2595798
	Bitmap Heap Scan on sbtest3  (cost=5.53..428.75 rows=107 width=125)
	  Recheck Cond: ((k >= 2595698) AND (k <= 2595798))
	  ->  Bitmap Index Scan on k_3  (cost=0.00..5.50 rows=107 width=0)
	        Index Cond: ((k >= 2595698) AND (k <= 2595798))

table 4 : explain SELECT k, c FROM sbtest4 WHERE k BETWEEN 2595698 AND 2595798
	Bitmap Heap Scan on sbtest4  (cost=5.54..432.69 rows=108 width=125)
	  Recheck Cond: ((k >= 2595698) AND (k <= 2595798))
	  ->  Bitmap Index Scan on k_4  (cost=0.00..5.51 rows=108 width=0)
	        Index Cond: ((k >= 2595698) AND (k <= 2595798))

table 5 : explain SELECT k, c FROM sbtest5 WHERE k BETWEEN 2595698 AND 2595798
	Bitmap Heap Scan on sbtest5  (cost=5.54..432.69 rows=108 width=125)
	  Recheck Cond: ((k >= 2595698) AND (k <= 2595798))
	  ->  Bitmap Index Scan on k_5  (cost=0.00..5.51 rows=108 width=0)
	        Index Cond: ((k >= 2595698) AND (k <= 2595798))

table 6 : explain SELECT k, c FROM sbtest6 WHERE k BETWEEN 2595698 AND 2595798
	Bitmap Heap Scan on sbtest6  (cost=5.51..420.88 rows=105 width=125)
	  Recheck Cond: ((k >= 2595698) AND (k <= 2595798))
	  ->  Bitmap Index Scan on k_6  (cost=0.00..5.48 rows=105 width=0)
	        Index Cond: ((k >= 2595698) AND (k <= 2595798))

table 7 : explain SELECT k, c FROM sbtest7 WHERE k BETWEEN 2595698 AND 2595798
	Bitmap Heap Scan on sbtest7  (cost=5.47..405.13 rows=101 width=125)
	  Recheck Cond: ((k >= 2595698) AND (k <= 2595798))
	  ->  Bitmap Index Scan on k_7  (cost=0.00..5.44 rows=101 width=0)
	        Index Cond: ((k >= 2595698) AND (k <= 2595798))

table 8 : explain SELECT k, c FROM sbtest8 WHERE k BETWEEN 2595698 AND 2595798
	Bitmap Heap Scan on sbtest8  (cost=5.51..420.88 rows=105 width=125)
	  Recheck Cond: ((k >= 2595698) AND (k <= 2595798))
	  ->  Bitmap Index Scan on k_8  (cost=0.00..5.48 rows=105 width=0)
	        Index Cond: ((k >= 2595698) AND (k <= 2595798))

explain: for range-notcovered :: explain SELECT k, c FROM sbtest%d WHERE k BETWEEN 1520381 AND 1520481
explain: for range-notcovered :: explain SELECT k, c FROM sbtest%d WHERE k BETWEEN 5272393 AND 5272493
explain: for range-notcovered :: explain SELECT k, c FROM sbtest%d WHERE k BETWEEN 2595698 AND 2595798
for range-notcovered
table 1 : explain SELECT k, c FROM sbtest1 WHERE k BETWEEN 963036 AND 963136
	Bitmap Heap Scan on sbtest1  (cost=5.43..389.37 rows=97 width=125)
	  Recheck Cond: ((k >= 963036) AND (k <= 963136))
	  ->  Bitmap Index Scan on k_1  (cost=0.00..5.40 rows=97 width=0)
	        Index Cond: ((k >= 963036) AND (k <= 963136))

table 2 : explain SELECT k, c FROM sbtest2 WHERE k BETWEEN 963036 AND 963136
	Bitmap Heap Scan on sbtest2  (cost=5.49..413.00 rows=103 width=125)
	  Recheck Cond: ((k >= 963036) AND (k <= 963136))
	  ->  Bitmap Index Scan on k_2  (cost=0.00..5.46 rows=103 width=0)
	        Index Cond: ((k >= 963036) AND (k <= 963136))

table 3 : explain SELECT k, c FROM sbtest3 WHERE k BETWEEN 963036 AND 963136
	Bitmap Heap Scan on sbtest3  (cost=5.55..436.62 rows=109 width=125)
	  Recheck Cond: ((k >= 963036) AND (k <= 963136))
	  ->  Bitmap Index Scan on k_3  (cost=0.00..5.52 rows=109 width=0)
	        Index Cond: ((k >= 963036) AND (k <= 963136))

table 4 : explain SELECT k, c FROM sbtest4 WHERE k BETWEEN 963036 AND 963136
	Bitmap Heap Scan on sbtest4  (cost=5.43..389.37 rows=97 width=125)
	  Recheck Cond: ((k >= 963036) AND (k <= 963136))
	  ->  Bitmap Index Scan on k_4  (cost=0.00..5.40 rows=97 width=0)
	        Index Cond: ((k >= 963036) AND (k <= 963136))

table 5 : explain SELECT k, c FROM sbtest5 WHERE k BETWEEN 963036 AND 963136
	Bitmap Heap Scan on sbtest5  (cost=5.46..401.19 rows=100 width=125)
	  Recheck Cond: ((k >= 963036) AND (k <= 963136))
	  ->  Bitmap Index Scan on k_5  (cost=0.00..5.43 rows=100 width=0)
	        Index Cond: ((k >= 963036) AND (k <= 963136))

table 6 : explain SELECT k, c FROM sbtest6 WHERE k BETWEEN 963036 AND 963136
	Bitmap Heap Scan on sbtest6  (cost=5.52..424.81 rows=106 width=125)
	  Recheck Cond: ((k >= 963036) AND (k <= 963136))
	  ->  Bitmap Index Scan on k_6  (cost=0.00..5.50 rows=106 width=0)
	        Index Cond: ((k >= 963036) AND (k <= 963136))

table 7 : explain SELECT k, c FROM sbtest7 WHERE k BETWEEN 963036 AND 963136
	Bitmap Heap Scan on sbtest7  (cost=5.38..369.67 rows=92 width=125)
	  Recheck Cond: ((k >= 963036) AND (k <= 963136))
	  ->  Bitmap Index Scan on k_7  (cost=0.00..5.35 rows=92 width=0)
	        Index Cond: ((k >= 963036) AND (k <= 963136))

table 8 : explain SELECT k, c FROM sbtest8 WHERE k BETWEEN 963036 AND 963136
	Bitmap Heap Scan on sbtest8  (cost=5.50..416.94 rows=104 width=125)
	  Recheck Cond: ((k >= 963036) AND (k <= 963136))
	  ->  Bitmap Index Scan on k_8  (cost=0.00..5.47 rows=104 width=0)
	        Index Cond: ((k >= 963036) AND (k <= 963136))

explain: for range-notcovered :: explain SELECT k, c FROM sbtest%d WHERE k BETWEEN 963036 AND 963136
for range-notcovered
table 1 : explain SELECT k, c FROM sbtest1 WHERE k BETWEEN 3781984 AND 3782084
	Bitmap Heap Scan on sbtest1  (cost=5.51..420.88 rows=105 width=125)
	  Recheck Cond: ((k >= 3781984) AND (k <= 3782084))
	  ->  Bitmap Index Scan on k_1  (cost=0.00..5.48 rows=105 width=0)
	        Index Cond: ((k >= 3781984) AND (k <= 3782084))

table 2 : explain SELECT k, c FROM sbtest2 WHERE k BETWEEN 3781984 AND 3782084
	Bitmap Heap Scan on sbtest2  (cost=5.50..416.94 rows=104 width=125)
	  Recheck Cond: ((k >= 3781984) AND (k <= 3782084))
	  ->  Bitmap Index Scan on k_2  (cost=0.00..5.47 rows=104 width=0)
	        Index Cond: ((k >= 3781984) AND (k <= 3782084))

table 3 : explain SELECT k, c FROM sbtest3 WHERE k BETWEEN 3781984 AND 3782084
	Bitmap Heap Scan on sbtest3  (cost=5.49..413.00 rows=103 width=125)
	  Recheck Cond: ((k >= 3781984) AND (k <= 3782084))
	  ->  Bitmap Index Scan on k_3  (cost=0.00..5.46 rows=103 width=0)
	        Index Cond: ((k >= 3781984) AND (k <= 3782084))

table 4 : explain SELECT k, c FROM sbtest4 WHERE k BETWEEN 3781984 AND 3782084
	Bitmap Heap Scan on sbtest4  (cost=5.54..432.69 rows=108 width=125)
	  Recheck Cond: ((k >= 3781984) AND (k <= 3782084))
	  ->  Bitmap Index Scan on k_4  (cost=0.00..5.51 rows=108 width=0)
	        Index Cond: ((k >= 3781984) AND (k <= 3782084))

table 5 : explain SELECT k, c FROM sbtest5 WHERE k BETWEEN 3781984 AND 3782084
	Bitmap Heap Scan on sbtest5  (cost=5.42..385.43 rows=96 width=125)
	  Recheck Cond: ((k >= 3781984) AND (k <= 3782084))
	  ->  Bitmap Index Scan on k_5  (cost=0.00..5.39 rows=96 width=0)
	        Index Cond: ((k >= 3781984) AND (k <= 3782084))

table 6 : explain SELECT k, c FROM sbtest6 WHERE k BETWEEN 3781984 AND 3782084
	Bitmap Heap Scan on sbtest6  (cost=5.40..377.55 rows=94 width=125)
	  Recheck Cond: ((k >= 3781984) AND (k <= 3782084))
	  ->  Bitmap Index Scan on k_6  (cost=0.00..5.38 rows=94 width=0)
	        Index Cond: ((k >= 3781984) AND (k <= 3782084))

table 7 : explain SELECT k, c FROM sbtest7 WHERE k BETWEEN 3781984 AND 3782084
	Bitmap Heap Scan on sbtest7  (cost=5.45..397.25 rows=99 width=125)
	  Recheck Cond: ((k >= 3781984) AND (k <= 3782084))
	  ->  Bitmap Index Scan on k_7  (cost=0.00..5.42 rows=99 width=0)
	        Index Cond: ((k >= 3781984) AND (k <= 3782084))

table 8 : explain SELECT k, c FROM sbtest8 WHERE k BETWEEN 3781984 AND 3782084
	Bitmap Heap Scan on sbtest8  (cost=5.44..393.31 rows=98 width=125)
	  Recheck Cond: ((k >= 3781984) AND (k <= 3782084))
	  ->  Bitmap Index Scan on k_8  (cost=0.00..5.42 rows=98 width=0)
	        Index Cond: ((k >= 3781984) AND (k <= 3782084))

for range-notcovered
table 1 : explain SELECT k, c FROM sbtest1 WHERE k BETWEEN 1070490 AND 1070590
	Bitmap Heap Scan on sbtest1  (cost=5.40..377.55 rows=94 width=125)
	  Recheck Cond: ((k >= 1070490) AND (k <= 1070590))
	  ->  Bitmap Index Scan on k_1  (cost=0.00..5.38 rows=94 width=0)
	        Index Cond: ((k >= 1070490) AND (k <= 1070590))

table 2 : explain SELECT k, c FROM sbtest2 WHERE k BETWEEN 1070490 AND 1070590
	Bitmap Heap Scan on sbtest2  (cost=5.45..397.25 rows=99 width=125)
	  Recheck Cond: ((k >= 1070490) AND (k <= 1070590))
	  ->  Bitmap Index Scan on k_2  (cost=0.00..5.42 rows=99 width=0)
	        Index Cond: ((k >= 1070490) AND (k <= 1070590))

table 3 : explain SELECT k, c FROM sbtest3 WHERE k BETWEEN 1070490 AND 1070590
	Bitmap Heap Scan on sbtest3  (cost=5.54..432.69 rows=108 width=125)
	  Recheck Cond: ((k >= 1070490) AND (k <= 1070590))
	  ->  Bitmap Index Scan on k_3  (cost=0.00..5.51 rows=108 width=0)
	        Index Cond: ((k >= 1070490) AND (k <= 1070590))

table 4 : explain SELECT k, c FROM sbtest4 WHERE k BETWEEN 1070490 AND 1070590
	Bitmap Heap Scan on sbtest4  (cost=5.47..405.13 rows=101 width=125)
	  Recheck Cond: ((k >= 1070490) AND (k <= 1070590))
	  ->  Bitmap Index Scan on k_4  (cost=0.00..5.44 rows=101 width=0)
	        Index Cond: ((k >= 1070490) AND (k <= 1070590))

table 5 : explain SELECT k, c FROM sbtest5 WHERE k BETWEEN 1070490 AND 1070590
	Bitmap Heap Scan on sbtest5  (cost=5.48..409.07 rows=102 width=125)
	  Recheck Cond: ((k >= 1070490) AND (k <= 1070590))
	  ->  Bitmap Index Scan on k_5  (cost=0.00..5.45 rows=102 width=0)
	        Index Cond: ((k >= 1070490) AND (k <= 1070590))

table 6 : explain SELECT k, c FROM sbtest6 WHERE k BETWEEN 1070490 AND 1070590
	Bitmap Heap Scan on sbtest6  (cost=5.51..420.88 rows=105 width=125)
	  Recheck Cond: ((k >= 1070490) AND (k <= 1070590))
	  ->  Bitmap Index Scan on k_6  (cost=0.00..5.48 rows=105 width=0)
	        Index Cond: ((k >= 1070490) AND (k <= 1070590))

table 7 : explain SELECT k, c FROM sbtest7 WHERE k BETWEEN 1070490 AND 1070590
	Bitmap Heap Scan on sbtest7  (cost=5.54..432.69 rows=108 width=125)
	  Recheck Cond: ((k >= 1070490) AND (k <= 1070590))
	  ->  Bitmap Index Scan on k_7  (cost=0.00..5.51 rows=108 width=0)
	        Index Cond: ((k >= 1070490) AND (k <= 1070590))

table 8 : explain SELECT k, c FROM sbtest8 WHERE k BETWEEN 1070490 AND 1070590
	Bitmap Heap Scan on sbtest8  (cost=5.42..385.43 rows=96 width=125)
	  Recheck Cond: ((k >= 1070490) AND (k <= 1070590))
	  ->  Bitmap Index Scan on k_8  (cost=0.00..5.39 rows=96 width=0)
	        Index Cond: ((k >= 1070490) AND (k <= 1070590))

explain: for range-notcovered :: explain SELECT k, c FROM sbtest%d WHERE k BETWEEN 3781984 AND 3782084
explain: for range-notcovered :: explain SELECT k, c FROM sbtest%d WHERE k BETWEEN 1070490 AND 1070590
for range-notcovered
table 1 : explain SELECT k, c FROM sbtest1 WHERE k BETWEEN 7213184 AND 7213284
	Bitmap Heap Scan on sbtest1  (cost=5.55..436.62 rows=109 width=125)
	  Recheck Cond: ((k >= 7213184) AND (k <= 7213284))
	  ->  Bitmap Index Scan on k_1  (cost=0.00..5.52 rows=109 width=0)
	        Index Cond: ((k >= 7213184) AND (k <= 7213284))

table 2 : explain SELECT k, c FROM sbtest2 WHERE k BETWEEN 7213184 AND 7213284
	Bitmap Heap Scan on sbtest2  (cost=5.45..397.25 rows=99 width=125)
	  Recheck Cond: ((k >= 7213184) AND (k <= 7213284))
	  ->  Bitmap Index Scan on k_2  (cost=0.00..5.42 rows=99 width=0)
	        Index Cond: ((k >= 7213184) AND (k <= 7213284))

table 3 : explain SELECT k, c FROM sbtest3 WHERE k BETWEEN 7213184 AND 7213284
	Bitmap Heap Scan on sbtest3  (cost=5.46..401.19 rows=100 width=125)
	  Recheck Cond: ((k >= 7213184) AND (k <= 7213284))
	  ->  Bitmap Index Scan on k_3  (cost=0.00..5.43 rows=100 width=0)
	        Index Cond: ((k >= 7213184) AND (k <= 7213284))

table 4 : explain SELECT k, c FROM sbtest4 WHERE k BETWEEN 7213184 AND 7213284
	Bitmap Heap Scan on sbtest4  (cost=5.46..401.19 rows=100 width=125)
	  Recheck Cond: ((k >= 7213184) AND (k <= 7213284))
	  ->  Bitmap Index Scan on k_4  (cost=0.00..5.43 rows=100 width=0)
	        Index Cond: ((k >= 7213184) AND (k <= 7213284))

table 5 : explain SELECT k, c FROM sbtest5 WHERE k BETWEEN 7213184 AND 7213284
	Bitmap Heap Scan on sbtest5  (cost=5.48..409.07 rows=102 width=125)
	  Recheck Cond: ((k >= 7213184) AND (k <= 7213284))
	  ->  Bitmap Index Scan on k_5  (cost=0.00..5.45 rows=102 width=0)
	        Index Cond: ((k >= 7213184) AND (k <= 7213284))

table 6 : explain SELECT k, c FROM sbtest6 WHERE k BETWEEN 7213184 AND 7213284
	Bitmap Heap Scan on sbtest6  (cost=5.59..452.36 rows=113 width=125)
	  Recheck Cond: ((k >= 7213184) AND (k <= 7213284))
	  ->  Bitmap Index Scan on k_6  (cost=0.00..5.56 rows=113 width=0)
	        Index Cond: ((k >= 7213184) AND (k <= 7213284))

table 7 : explain SELECT k, c FROM sbtest7 WHERE k BETWEEN 7213184 AND 7213284
	Bitmap Heap Scan on sbtest7  (cost=5.51..420.88 rows=105 width=125)
	  Recheck Cond: ((k >= 7213184) AND (k <= 7213284))
	  ->  Bitmap Index Scan on k_7  (cost=0.00..5.48 rows=105 width=0)
	        Index Cond: ((k >= 7213184) AND (k <= 7213284))

table 8 : explain SELECT k, c FROM sbtest8 WHERE k BETWEEN 7213184 AND 7213284
	Bitmap Heap Scan on sbtest8  (cost=5.51..420.88 rows=105 width=125)
	  Recheck Cond: ((k >= 7213184) AND (k <= 7213284))
	  ->  Bitmap Index Scan on k_8  (cost=0.00..5.48 rows=105 width=0)
	        Index Cond: ((k >= 7213184) AND (k <= 7213284))

for range-notcovered
table 1 : explain SELECT k, c FROM sbtest1 WHERE k BETWEEN 3781984 AND 3782084
	Bitmap Heap Scan on sbtest1  (cost=5.51..420.88 rows=105 width=125)
	  Recheck Cond: ((k >= 3781984) AND (k <= 3782084))
	  ->  Bitmap Index Scan on k_1  (cost=0.00..5.48 rows=105 width=0)
	        Index Cond: ((k >= 3781984) AND (k <= 3782084))

table 2 : explain SELECT k, c FROM sbtest2 WHERE k BETWEEN 3781984 AND 3782084
	Bitmap Heap Scan on sbtest2  (cost=5.50..416.94 rows=104 width=125)
	  Recheck Cond: ((k >= 3781984) AND (k <= 3782084))
	  ->  Bitmap Index Scan on k_2  (cost=0.00..5.47 rows=104 width=0)
	        Index Cond: ((k >= 3781984) AND (k <= 3782084))

table 3 : explain SELECT k, c FROM sbtest3 WHERE k BETWEEN 3781984 AND 3782084
	Bitmap Heap Scan on sbtest3  (cost=5.49..413.00 rows=103 width=125)
	  Recheck Cond: ((k >= 3781984) AND (k <= 3782084))
	  ->  Bitmap Index Scan on k_3  (cost=0.00..5.46 rows=103 width=0)
	        Index Cond: ((k >= 3781984) AND (k <= 3782084))

table 4 : explain SELECT k, c FROM sbtest4 WHERE k BETWEEN 3781984 AND 3782084
	Bitmap Heap Scan on sbtest4  (cost=5.54..432.69 rows=108 width=125)
	  Recheck Cond: ((k >= 3781984) AND (k <= 3782084))
	  ->  Bitmap Index Scan on k_4  (cost=0.00..5.51 rows=108 width=0)
	        Index Cond: ((k >= 3781984) AND (k <= 3782084))

table 5 : explain SELECT k, c FROM sbtest5 WHERE k BETWEEN 3781984 AND 3782084
	Bitmap Heap Scan on sbtest5  (cost=5.42..385.43 rows=96 width=125)
	  Recheck Cond: ((k >= 3781984) AND (k <= 3782084))
	  ->  Bitmap Index Scan on k_5  (cost=0.00..5.39 rows=96 width=0)
	        Index Cond: ((k >= 3781984) AND (k <= 3782084))

table 6 : explain SELECT k, c FROM sbtest6 WHERE k BETWEEN 3781984 AND 3782084
	Bitmap Heap Scan on sbtest6  (cost=5.40..377.55 rows=94 width=125)
	  Recheck Cond: ((k >= 3781984) AND (k <= 3782084))
	  ->  Bitmap Index Scan on k_6  (cost=0.00..5.38 rows=94 width=0)
	        Index Cond: ((k >= 3781984) AND (k <= 3782084))

table 7 : explain SELECT k, c FROM sbtest7 WHERE k BETWEEN 3781984 AND 3782084
	Bitmap Heap Scan on sbtest7  (cost=5.45..397.25 rows=99 width=125)
	  Recheck Cond: ((k >= 3781984) AND (k <= 3782084))
	  ->  Bitmap Index Scan on k_7  (cost=0.00..5.42 rows=99 width=0)
	        Index Cond: ((k >= 3781984) AND (k <= 3782084))

table 8 : explain SELECT k, c FROM sbtest8 WHERE k BETWEEN 3781984 AND 3782084
	Bitmap Heap Scan on sbtest8  (cost=5.44..393.31 rows=98 width=125)
	  Recheck Cond: ((k >= 3781984) AND (k <= 3782084))
	  ->  Bitmap Index Scan on k_8  (cost=0.00..5.42 rows=98 width=0)
	        Index Cond: ((k >= 3781984) AND (k <= 3782084))

explain: for range-notcovered :: explain SELECT k, c FROM sbtest%d WHERE k BETWEEN 7213184 AND 7213284
explain: for range-notcovered :: explain SELECT k, c FROM sbtest%d WHERE k BETWEEN 3781984 AND 3782084
for range-notcovered
table 1 : explain SELECT k, c FROM sbtest1 WHERE k BETWEEN 963036 AND 963136
	Bitmap Heap Scan on sbtest1  (cost=5.43..389.37 rows=97 width=125)
	  Recheck Cond: ((k >= 963036) AND (k <= 963136))
	  ->  Bitmap Index Scan on k_1  (cost=0.00..5.40 rows=97 width=0)
	        Index Cond: ((k >= 963036) AND (k <= 963136))

table 2 : explain SELECT k, c FROM sbtest2 WHERE k BETWEEN 963036 AND 963136
	Bitmap Heap Scan on sbtest2  (cost=5.49..413.00 rows=103 width=125)
	  Recheck Cond: ((k >= 963036) AND (k <= 963136))
	  ->  Bitmap Index Scan on k_2  (cost=0.00..5.46 rows=103 width=0)
	        Index Cond: ((k >= 963036) AND (k <= 963136))

table 3 : explain SELECT k, c FROM sbtest3 WHERE k BETWEEN 963036 AND 963136
	Bitmap Heap Scan on sbtest3  (cost=5.55..436.62 rows=109 width=125)
	  Recheck Cond: ((k >= 963036) AND (k <= 963136))
	  ->  Bitmap Index Scan on k_3  (cost=0.00..5.52 rows=109 width=0)
	        Index Cond: ((k >= 963036) AND (k <= 963136))

table 4 : explain SELECT k, c FROM sbtest4 WHERE k BETWEEN 963036 AND 963136
	Bitmap Heap Scan on sbtest4  (cost=5.43..389.37 rows=97 width=125)
	  Recheck Cond: ((k >= 963036) AND (k <= 963136))
	  ->  Bitmap Index Scan on k_4  (cost=0.00..5.40 rows=97 width=0)
	        Index Cond: ((k >= 963036) AND (k <= 963136))

table 5 : explain SELECT k, c FROM sbtest5 WHERE k BETWEEN 963036 AND 963136
	Bitmap Heap Scan on sbtest5  (cost=5.46..401.19 rows=100 width=125)
	  Recheck Cond: ((k >= 963036) AND (k <= 963136))
	  ->  Bitmap Index Scan on k_5  (cost=0.00..5.43 rows=100 width=0)
	        Index Cond: ((k >= 963036) AND (k <= 963136))

table 6 : explain SELECT k, c FROM sbtest6 WHERE k BETWEEN 963036 AND 963136
	Bitmap Heap Scan on sbtest6  (cost=5.52..424.81 rows=106 width=125)
	  Recheck Cond: ((k >= 963036) AND (k <= 963136))
	  ->  Bitmap Index Scan on k_6  (cost=0.00..5.50 rows=106 width=0)
	        Index Cond: ((k >= 963036) AND (k <= 963136))

table 7 : explain SELECT k, c FROM sbtest7 WHERE k BETWEEN 963036 AND 963136
	Bitmap Heap Scan on sbtest7  (cost=5.38..369.67 rows=92 width=125)
	  Recheck Cond: ((k >= 963036) AND (k <= 963136))
	  ->  Bitmap Index Scan on k_7  (cost=0.00..5.35 rows=92 width=0)
	        Index Cond: ((k >= 963036) AND (k <= 963136))

table 8 : explain SELECT k, c FROM sbtest8 WHERE k BETWEEN 963036 AND 963136
	Bitmap Heap Scan on sbtest8  (cost=5.50..416.94 rows=104 width=125)
	  Recheck Cond: ((k >= 963036) AND (k <= 963136))
	  ->  Bitmap Index Scan on k_8  (cost=0.00..5.47 rows=104 width=0)
	        Index Cond: ((k >= 963036) AND (k <= 963136))

explain: for range-notcovered :: explain SELECT k, c FROM sbtest%d WHERE k BETWEEN 963036 AND 963136
for range-notcovered
table 1 : explain SELECT k, c FROM sbtest1 WHERE k BETWEEN 1070490 AND 1070590
	Bitmap Heap Scan on sbtest1  (cost=5.40..377.55 rows=94 width=125)
	  Recheck Cond: ((k >= 1070490) AND (k <= 1070590))
	  ->  Bitmap Index Scan on k_1  (cost=0.00..5.38 rows=94 width=0)
	        Index Cond: ((k >= 1070490) AND (k <= 1070590))

table 2 : explain SELECT k, c FROM sbtest2 WHERE k BETWEEN 1070490 AND 1070590
	Bitmap Heap Scan on sbtest2  (cost=5.45..397.25 rows=99 width=125)
	  Recheck Cond: ((k >= 1070490) AND (k <= 1070590))
	  ->  Bitmap Index Scan on k_2  (cost=0.00..5.42 rows=99 width=0)
	        Index Cond: ((k >= 1070490) AND (k <= 1070590))

table 3 : explain SELECT k, c FROM sbtest3 WHERE k BETWEEN 1070490 AND 1070590
	Bitmap Heap Scan on sbtest3  (cost=5.54..432.69 rows=108 width=125)
	  Recheck Cond: ((k >= 1070490) AND (k <= 1070590))
	  ->  Bitmap Index Scan on k_3  (cost=0.00..5.51 rows=108 width=0)
	        Index Cond: ((k >= 1070490) AND (k <= 1070590))

table 4 : explain SELECT k, c FROM sbtest4 WHERE k BETWEEN 1070490 AND 1070590
	Bitmap Heap Scan on sbtest4  (cost=5.47..405.13 rows=101 width=125)
	  Recheck Cond: ((k >= 1070490) AND (k <= 1070590))
	  ->  Bitmap Index Scan on k_4  (cost=0.00..5.44 rows=101 width=0)
	        Index Cond: ((k >= 1070490) AND (k <= 1070590))

table 5 : explain SELECT k, c FROM sbtest5 WHERE k BETWEEN 1070490 AND 1070590
	Bitmap Heap Scan on sbtest5  (cost=5.48..409.07 rows=102 width=125)
	  Recheck Cond: ((k >= 1070490) AND (k <= 1070590))
	  ->  Bitmap Index Scan on k_5  (cost=0.00..5.45 rows=102 width=0)
	        Index Cond: ((k >= 1070490) AND (k <= 1070590))

table 6 : explain SELECT k, c FROM sbtest6 WHERE k BETWEEN 1070490 AND 1070590
	Bitmap Heap Scan on sbtest6  (cost=5.51..420.88 rows=105 width=125)
	  Recheck Cond: ((k >= 1070490) AND (k <= 1070590))
	  ->  Bitmap Index Scan on k_6  (cost=0.00..5.48 rows=105 width=0)
	        Index Cond: ((k >= 1070490) AND (k <= 1070590))

table 7 : explain SELECT k, c FROM sbtest7 WHERE k BETWEEN 1070490 AND 1070590
	Bitmap Heap Scan on sbtest7  (cost=5.54..432.69 rows=108 width=125)
	  Recheck Cond: ((k >= 1070490) AND (k <= 1070590))
	  ->  Bitmap Index Scan on k_7  (cost=0.00..5.51 rows=108 width=0)
	        Index Cond: ((k >= 1070490) AND (k <= 1070590))

table 8 : explain SELECT k, c FROM sbtest8 WHERE k BETWEEN 1070490 AND 1070590
	Bitmap Heap Scan on sbtest8  (cost=5.42..385.43 rows=96 width=125)
	  Recheck Cond: ((k >= 1070490) AND (k <= 1070590))
	  ->  Bitmap Index Scan on k_8  (cost=0.00..5.39 rows=96 width=0)
	        Index Cond: ((k >= 1070490) AND (k <= 1070590))

for range-notcovered
table 1 : explain SELECT k, c FROM sbtest1 WHERE k BETWEEN 1688024 AND 1688124
	Bitmap Heap Scan on sbtest1  (cost=5.50..416.94 rows=104 width=125)
	  Recheck Cond: ((k >= 1688024) AND (k <= 1688124))
	  ->  Bitmap Index Scan on k_1  (cost=0.00..5.47 rows=104 width=0)
	        Index Cond: ((k >= 1688024) AND (k <= 1688124))

table 2 : explain SELECT k, c FROM sbtest2 WHERE k BETWEEN 1688024 AND 1688124
	Bitmap Heap Scan on sbtest2  (cost=5.47..405.13 rows=101 width=125)
	  Recheck Cond: ((k >= 1688024) AND (k <= 1688124))
	  ->  Bitmap Index Scan on k_2  (cost=0.00..5.44 rows=101 width=0)
	        Index Cond: ((k >= 1688024) AND (k <= 1688124))

table 3 : explain SELECT k, c FROM sbtest3 WHERE k BETWEEN 1688024 AND 1688124
	Bitmap Heap Scan on sbtest3  (cost=5.46..401.19 rows=100 width=125)
	  Recheck Cond: ((k >= 1688024) AND (k <= 1688124))
	  ->  Bitmap Index Scan on k_3  (cost=0.00..5.43 rows=100 width=0)
	        Index Cond: ((k >= 1688024) AND (k <= 1688124))

table 4 : explain SELECT k, c FROM sbtest4 WHERE k BETWEEN 1688024 AND 1688124
	Bitmap Heap Scan on sbtest4  (cost=5.43..389.37 rows=97 width=125)
	  Recheck Cond: ((k >= 1688024) AND (k <= 1688124))
	  ->  Bitmap Index Scan on k_4  (cost=0.00..5.40 rows=97 width=0)
	        Index Cond: ((k >= 1688024) AND (k <= 1688124))

table 5 : explain SELECT k, c FROM sbtest5 WHERE k BETWEEN 1688024 AND 1688124
	Bitmap Heap Scan on sbtest5  (cost=5.38..369.67 rows=92 width=125)
	  Recheck Cond: ((k >= 1688024) AND (k <= 1688124))
	  ->  Bitmap Index Scan on k_5  (cost=0.00..5.35 rows=92 width=0)
	        Index Cond: ((k >= 1688024) AND (k <= 1688124))

table 6 : explain SELECT k, c FROM sbtest6 WHERE k BETWEEN 1688024 AND 1688124
	Bitmap Heap Scan on sbtest6  (cost=5.47..405.13 rows=101 width=125)
	  Recheck Cond: ((k >= 1688024) AND (k <= 1688124))
	  ->  Bitmap Index Scan on k_6  (cost=0.00..5.44 rows=101 width=0)
	        Index Cond: ((k >= 1688024) AND (k <= 1688124))

table 7 : explain SELECT k, c FROM sbtest7 WHERE k BETWEEN 1688024 AND 1688124
	Bitmap Heap Scan on sbtest7  (cost=5.48..409.07 rows=102 width=125)
	  Recheck Cond: ((k >= 1688024) AND (k <= 1688124))
	  ->  Bitmap Index Scan on k_7  (cost=0.00..5.45 rows=102 width=0)
	        Index Cond: ((k >= 1688024) AND (k <= 1688124))

table 8 : explain SELECT k, c FROM sbtest8 WHERE k BETWEEN 1688024 AND 1688124
	Bitmap Heap Scan on sbtest8  (cost=5.50..416.94 rows=104 width=125)
	  Recheck Cond: ((k >= 1688024) AND (k <= 1688124))
	  ->  Bitmap Index Scan on k_8  (cost=0.00..5.47 rows=104 width=0)
	        Index Cond: ((k >= 1688024) AND (k <= 1688124))

explain: for range-notcovered :: explain SELECT k, c FROM sbtest%d WHERE k BETWEEN 1070490 AND 1070590
explain: for range-notcovered :: explain SELECT k, c FROM sbtest%d WHERE k BETWEEN 1688024 AND 1688124
for range-notcovered
table 1 : explain SELECT k, c FROM sbtest1 WHERE k BETWEEN 3781984 AND 3782084
	Bitmap Heap Scan on sbtest1  (cost=5.51..420.88 rows=105 width=125)
	  Recheck Cond: ((k >= 3781984) AND (k <= 3782084))
	  ->  Bitmap Index Scan on k_1  (cost=0.00..5.48 rows=105 width=0)
	        Index Cond: ((k >= 3781984) AND (k <= 3782084))

table 2 : explain SELECT k, c FROM sbtest2 WHERE k BETWEEN 3781984 AND 3782084
	Bitmap Heap Scan on sbtest2  (cost=5.50..416.94 rows=104 width=125)
	  Recheck Cond: ((k >= 3781984) AND (k <= 3782084))
	  ->  Bitmap Index Scan on k_2  (cost=0.00..5.47 rows=104 width=0)
	        Index Cond: ((k >= 3781984) AND (k <= 3782084))

table 3 : explain SELECT k, c FROM sbtest3 WHERE k BETWEEN 3781984 AND 3782084
	Bitmap Heap Scan on sbtest3  (cost=5.49..413.00 rows=103 width=125)
	  Recheck Cond: ((k >= 3781984) AND (k <= 3782084))
	  ->  Bitmap Index Scan on k_3  (cost=0.00..5.46 rows=103 width=0)
	        Index Cond: ((k >= 3781984) AND (k <= 3782084))

table 4 : explain SELECT k, c FROM sbtest4 WHERE k BETWEEN 3781984 AND 3782084
	Bitmap Heap Scan on sbtest4  (cost=5.54..432.69 rows=108 width=125)
	  Recheck Cond: ((k >= 3781984) AND (k <= 3782084))
	  ->  Bitmap Index Scan on k_4  (cost=0.00..5.51 rows=108 width=0)
	        Index Cond: ((k >= 3781984) AND (k <= 3782084))

table 5 : explain SELECT k, c FROM sbtest5 WHERE k BETWEEN 3781984 AND 3782084
	Bitmap Heap Scan on sbtest5  (cost=5.42..385.43 rows=96 width=125)
	  Recheck Cond: ((k >= 3781984) AND (k <= 3782084))
	  ->  Bitmap Index Scan on k_5  (cost=0.00..5.39 rows=96 width=0)
	        Index Cond: ((k >= 3781984) AND (k <= 3782084))

table 6 : explain SELECT k, c FROM sbtest6 WHERE k BETWEEN 3781984 AND 3782084
	Bitmap Heap Scan on sbtest6  (cost=5.40..377.55 rows=94 width=125)
	  Recheck Cond: ((k >= 3781984) AND (k <= 3782084))
	  ->  Bitmap Index Scan on k_6  (cost=0.00..5.38 rows=94 width=0)
	        Index Cond: ((k >= 3781984) AND (k <= 3782084))

table 7 : explain SELECT k, c FROM sbtest7 WHERE k BETWEEN 3781984 AND 3782084
	Bitmap Heap Scan on sbtest7  (cost=5.45..397.25 rows=99 width=125)
	  Recheck Cond: ((k >= 3781984) AND (k <= 3782084))
	  ->  Bitmap Index Scan on k_7  (cost=0.00..5.42 rows=99 width=0)
	        Index Cond: ((k >= 3781984) AND (k <= 3782084))

table 8 : explain SELECT k, c FROM sbtest8 WHERE k BETWEEN 3781984 AND 3782084
	Bitmap Heap Scan on sbtest8  (cost=5.44..393.31 rows=98 width=125)
	  Recheck Cond: ((k >= 3781984) AND (k <= 3782084))
	  ->  Bitmap Index Scan on k_8  (cost=0.00..5.42 rows=98 width=0)
	        Index Cond: ((k >= 3781984) AND (k <= 3782084))

for range-notcovered
table 1 : explain SELECT k, c FROM sbtest1 WHERE k BETWEEN 963036 AND 963136
	Bitmap Heap Scan on sbtest1  (cost=5.43..389.37 rows=97 width=125)
	  Recheck Cond: ((k >= 963036) AND (k <= 963136))
	  ->  Bitmap Index Scan on k_1  (cost=0.00..5.40 rows=97 width=0)
	        Index Cond: ((k >= 963036) AND (k <= 963136))

table 2 : explain SELECT k, c FROM sbtest2 WHERE k BETWEEN 963036 AND 963136
	Bitmap Heap Scan on sbtest2  (cost=5.49..413.00 rows=103 width=125)
	  Recheck Cond: ((k >= 963036) AND (k <= 963136))
	  ->  Bitmap Index Scan on k_2  (cost=0.00..5.46 rows=103 width=0)
	        Index Cond: ((k >= 963036) AND (k <= 963136))

table 3 : explain SELECT k, c FROM sbtest3 WHERE k BETWEEN 963036 AND 963136
	Bitmap Heap Scan on sbtest3  (cost=5.55..436.62 rows=109 width=125)
	  Recheck Cond: ((k >= 963036) AND (k <= 963136))
	  ->  Bitmap Index Scan on k_3  (cost=0.00..5.52 rows=109 width=0)
	        Index Cond: ((k >= 963036) AND (k <= 963136))

table 4 : explain SELECT k, c FROM sbtest4 WHERE k BETWEEN 963036 AND 963136
	Bitmap Heap Scan on sbtest4  (cost=5.43..389.37 rows=97 width=125)
	  Recheck Cond: ((k >= 963036) AND (k <= 963136))
	  ->  Bitmap Index Scan on k_4  (cost=0.00..5.40 rows=97 width=0)
	        Index Cond: ((k >= 963036) AND (k <= 963136))

table 5 : explain SELECT k, c FROM sbtest5 WHERE k BETWEEN 963036 AND 963136
	Bitmap Heap Scan on sbtest5  (cost=5.46..401.19 rows=100 width=125)
	  Recheck Cond: ((k >= 963036) AND (k <= 963136))
	  ->  Bitmap Index Scan on k_5  (cost=0.00..5.43 rows=100 width=0)
	        Index Cond: ((k >= 963036) AND (k <= 963136))

table 6 : explain SELECT k, c FROM sbtest6 WHERE k BETWEEN 963036 AND 963136
	Bitmap Heap Scan on sbtest6  (cost=5.52..424.81 rows=106 width=125)
	  Recheck Cond: ((k >= 963036) AND (k <= 963136))
	  ->  Bitmap Index Scan on k_6  (cost=0.00..5.50 rows=106 width=0)
	        Index Cond: ((k >= 963036) AND (k <= 963136))

table 7 : explain SELECT k, c FROM sbtest7 WHERE k BETWEEN 963036 AND 963136
	Bitmap Heap Scan on sbtest7  (cost=5.38..369.67 rows=92 width=125)
	  Recheck Cond: ((k >= 963036) AND (k <= 963136))
	  ->  Bitmap Index Scan on k_7  (cost=0.00..5.35 rows=92 width=0)
	        Index Cond: ((k >= 963036) AND (k <= 963136))

table 8 : explain SELECT k, c FROM sbtest8 WHERE k BETWEEN 963036 AND 963136
	Bitmap Heap Scan on sbtest8  (cost=5.50..416.94 rows=104 width=125)
	  Recheck Cond: ((k >= 963036) AND (k <= 963136))
	  ->  Bitmap Index Scan on k_8  (cost=0.00..5.47 rows=104 width=0)
	        Index Cond: ((k >= 963036) AND (k <= 963136))

explain: for range-notcovered :: explain SELECT k, c FROM sbtest%d WHERE k BETWEEN 963036 AND 963136
explain: for range-notcovered :: explain SELECT k, c FROM sbtest%d WHERE k BETWEEN 1174161 AND 1174261
for range-notcovered
table 1 : explain SELECT k, c FROM sbtest1 WHERE k BETWEEN 1070490 AND 1070590
	Bitmap Heap Scan on sbtest1  (cost=5.40..377.55 rows=94 width=125)
	  Recheck Cond: ((k >= 1070490) AND (k <= 1070590))
	  ->  Bitmap Index Scan on k_1  (cost=0.00..5.38 rows=94 width=0)
	        Index Cond: ((k >= 1070490) AND (k <= 1070590))

table 2 : explain SELECT k, c FROM sbtest2 WHERE k BETWEEN 1070490 AND 1070590
	Bitmap Heap Scan on sbtest2  (cost=5.45..397.25 rows=99 width=125)
	  Recheck Cond: ((k >= 1070490) AND (k <= 1070590))
	  ->  Bitmap Index Scan on k_2  (cost=0.00..5.42 rows=99 width=0)
	        Index Cond: ((k >= 1070490) AND (k <= 1070590))

table 3 : explain SELECT k, c FROM sbtest3 WHERE k BETWEEN 1070490 AND 1070590
	Bitmap Heap Scan on sbtest3  (cost=5.54..432.69 rows=108 width=125)
	  Recheck Cond: ((k >= 1070490) AND (k <= 1070590))
	  ->  Bitmap Index Scan on k_3  (cost=0.00..5.51 rows=108 width=0)
	        Index Cond: ((k >= 1070490) AND (k <= 1070590))

table 4 : explain SELECT k, c FROM sbtest4 WHERE k BETWEEN 1070490 AND 1070590
	Bitmap Heap Scan on sbtest4  (cost=5.47..405.13 rows=101 width=125)
	  Recheck Cond: ((k >= 1070490) AND (k <= 1070590))
	  ->  Bitmap Index Scan on k_4  (cost=0.00..5.44 rows=101 width=0)
	        Index Cond: ((k >= 1070490) AND (k <= 1070590))

table 5 : explain SELECT k, c FROM sbtest5 WHERE k BETWEEN 1070490 AND 1070590
	Bitmap Heap Scan on sbtest5  (cost=5.48..409.07 rows=102 width=125)
	  Recheck Cond: ((k >= 1070490) AND (k <= 1070590))
	  ->  Bitmap Index Scan on k_5  (cost=0.00..5.45 rows=102 width=0)
	        Index Cond: ((k >= 1070490) AND (k <= 1070590))

table 6 : explain SELECT k, c FROM sbtest6 WHERE k BETWEEN 1070490 AND 1070590
	Bitmap Heap Scan on sbtest6  (cost=5.51..420.88 rows=105 width=125)
	  Recheck Cond: ((k >= 1070490) AND (k <= 1070590))
	  ->  Bitmap Index Scan on k_6  (cost=0.00..5.48 rows=105 width=0)
	        Index Cond: ((k >= 1070490) AND (k <= 1070590))

table 7 : explain SELECT k, c FROM sbtest7 WHERE k BETWEEN 1070490 AND 1070590
	Bitmap Heap Scan on sbtest7  (cost=5.54..432.69 rows=108 width=125)
	  Recheck Cond: ((k >= 1070490) AND (k <= 1070590))
	  ->  Bitmap Index Scan on k_7  (cost=0.00..5.51 rows=108 width=0)
	        Index Cond: ((k >= 1070490) AND (k <= 1070590))

table 8 : explain SELECT k, c FROM sbtest8 WHERE k BETWEEN 1070490 AND 1070590
	Bitmap Heap Scan on sbtest8  (cost=5.42..385.43 rows=96 width=125)
	  Recheck Cond: ((k >= 1070490) AND (k <= 1070590))
	  ->  Bitmap Index Scan on k_8  (cost=0.00..5.39 rows=96 width=0)
	        Index Cond: ((k >= 1070490) AND (k <= 1070590))

for range-notcovered
table 1 : explain SELECT k, c FROM sbtest1 WHERE k BETWEEN 1688024 AND 1688124
	Bitmap Heap Scan on sbtest1  (cost=5.50..416.94 rows=104 width=125)
	  Recheck Cond: ((k >= 1688024) AND (k <= 1688124))
	  ->  Bitmap Index Scan on k_1  (cost=0.00..5.47 rows=104 width=0)
	        Index Cond: ((k >= 1688024) AND (k <= 1688124))

table 2 : explain SELECT k, c FROM sbtest2 WHERE k BETWEEN 1688024 AND 1688124
	Bitmap Heap Scan on sbtest2  (cost=5.47..405.13 rows=101 width=125)
	  Recheck Cond: ((k >= 1688024) AND (k <= 1688124))
	  ->  Bitmap Index Scan on k_2  (cost=0.00..5.44 rows=101 width=0)
	        Index Cond: ((k >= 1688024) AND (k <= 1688124))

table 3 : explain SELECT k, c FROM sbtest3 WHERE k BETWEEN 1688024 AND 1688124
	Bitmap Heap Scan on sbtest3  (cost=5.46..401.19 rows=100 width=125)
	  Recheck Cond: ((k >= 1688024) AND (k <= 1688124))
	  ->  Bitmap Index Scan on k_3  (cost=0.00..5.43 rows=100 width=0)
	        Index Cond: ((k >= 1688024) AND (k <= 1688124))

table 4 : explain SELECT k, c FROM sbtest4 WHERE k BETWEEN 1688024 AND 1688124
	Bitmap Heap Scan on sbtest4  (cost=5.43..389.37 rows=97 width=125)
	  Recheck Cond: ((k >= 1688024) AND (k <= 1688124))
	  ->  Bitmap Index Scan on k_4  (cost=0.00..5.40 rows=97 width=0)
	        Index Cond: ((k >= 1688024) AND (k <= 1688124))

table 5 : explain SELECT k, c FROM sbtest5 WHERE k BETWEEN 1688024 AND 1688124
	Bitmap Heap Scan on sbtest5  (cost=5.38..369.67 rows=92 width=125)
	  Recheck Cond: ((k >= 1688024) AND (k <= 1688124))
	  ->  Bitmap Index Scan on k_5  (cost=0.00..5.35 rows=92 width=0)
	        Index Cond: ((k >= 1688024) AND (k <= 1688124))

table 6 : explain SELECT k, c FROM sbtest6 WHERE k BETWEEN 1688024 AND 1688124
	Bitmap Heap Scan on sbtest6  (cost=5.47..405.13 rows=101 width=125)
	  Recheck Cond: ((k >= 1688024) AND (k <= 1688124))
	  ->  Bitmap Index Scan on k_6  (cost=0.00..5.44 rows=101 width=0)
	        Index Cond: ((k >= 1688024) AND (k <= 1688124))

table 7 : explain SELECT k, c FROM sbtest7 WHERE k BETWEEN 1688024 AND 1688124
	Bitmap Heap Scan on sbtest7  (cost=5.48..409.07 rows=102 width=125)
	  Recheck Cond: ((k >= 1688024) AND (k <= 1688124))
	  ->  Bitmap Index Scan on k_7  (cost=0.00..5.45 rows=102 width=0)
	        Index Cond: ((k >= 1688024) AND (k <= 1688124))

table 8 : explain SELECT k, c FROM sbtest8 WHERE k BETWEEN 1688024 AND 1688124
	Bitmap Heap Scan on sbtest8  (cost=5.50..416.94 rows=104 width=125)
	  Recheck Cond: ((k >= 1688024) AND (k <= 1688124))
	  ->  Bitmap Index Scan on k_8  (cost=0.00..5.47 rows=104 width=0)
	        Index Cond: ((k >= 1688024) AND (k <= 1688124))

explain: for range-notcovered :: explain SELECT k, c FROM sbtest%d WHERE k BETWEEN 5011773 AND 5011873
explain: for range-notcovered :: explain SELECT k, c FROM sbtest%d WHERE k BETWEEN 1070490 AND 1070590
explain: for range-notcovered :: explain SELECT k, c FROM sbtest%d WHERE k BETWEEN 1688024 AND 1688124
for range-notcovered
table 1 : explain SELECT k, c FROM sbtest1 WHERE k BETWEEN 8262521 AND 8262621
	Bitmap Heap Scan on sbtest1  (cost=5.48..409.07 rows=102 width=125)
	  Recheck Cond: ((k >= 8262521) AND (k <= 8262621))
	  ->  Bitmap Index Scan on k_1  (cost=0.00..5.45 rows=102 width=0)
	        Index Cond: ((k >= 8262521) AND (k <= 8262621))

table 2 : explain SELECT k, c FROM sbtest2 WHERE k BETWEEN 8262521 AND 8262621
	Bitmap Heap Scan on sbtest2  (cost=5.38..369.67 rows=92 width=125)
	  Recheck Cond: ((k >= 8262521) AND (k <= 8262621))
	  ->  Bitmap Index Scan on k_2  (cost=0.00..5.35 rows=92 width=0)
	        Index Cond: ((k >= 8262521) AND (k <= 8262621))

table 3 : explain SELECT k, c FROM sbtest3 WHERE k BETWEEN 8262521 AND 8262621
	Bitmap Heap Scan on sbtest3  (cost=5.46..401.19 rows=100 width=125)
	  Recheck Cond: ((k >= 8262521) AND (k <= 8262621))
	  ->  Bitmap Index Scan on k_3  (cost=0.00..5.43 rows=100 width=0)
	        Index Cond: ((k >= 8262521) AND (k <= 8262621))

table 4 : explain SELECT k, c FROM sbtest4 WHERE k BETWEEN 8262521 AND 8262621
	Bitmap Heap Scan on sbtest4  (cost=5.40..377.55 rows=94 width=125)
	  Recheck Cond: ((k >= 8262521) AND (k <= 8262621))
	  ->  Bitmap Index Scan on k_4  (cost=0.00..5.38 rows=94 width=0)
	        Index Cond: ((k >= 8262521) AND (k <= 8262621))

table 5 : explain SELECT k, c FROM sbtest5 WHERE k BETWEEN 8262521 AND 8262621
	Bitmap Heap Scan on sbtest5  (cost=5.42..385.43 rows=96 width=125)
	  Recheck Cond: ((k >= 8262521) AND (k <= 8262621))
	  ->  Bitmap Index Scan on k_5  (cost=0.00..5.39 rows=96 width=0)
	        Index Cond: ((k >= 8262521) AND (k <= 8262621))

table 6 : explain SELECT k, c FROM sbtest6 WHERE k BETWEEN 8262521 AND 8262621
	Bitmap Heap Scan on sbtest6  (cost=5.49..413.00 rows=103 width=125)
	  Recheck Cond: ((k >= 8262521) AND (k <= 8262621))
	  ->  Bitmap Index Scan on k_6  (cost=0.00..5.46 rows=103 width=0)
	        Index Cond: ((k >= 8262521) AND (k <= 8262621))

table 7 : explain SELECT k, c FROM sbtest7 WHERE k BETWEEN 8262521 AND 8262621
	Bitmap Heap Scan on sbtest7  (cost=5.52..424.81 rows=106 width=125)
	  Recheck Cond: ((k >= 8262521) AND (k <= 8262621))
	  ->  Bitmap Index Scan on k_7  (cost=0.00..5.50 rows=106 width=0)
	        Index Cond: ((k >= 8262521) AND (k <= 8262621))

table 8 : explain SELECT k, c FROM sbtest8 WHERE k BETWEEN 8262521 AND 8262621
	Bitmap Heap Scan on sbtest8  (cost=5.48..409.07 rows=102 width=125)
	  Recheck Cond: ((k >= 8262521) AND (k <= 8262621))
	  ->  Bitmap Index Scan on k_8  (cost=0.00..5.45 rows=102 width=0)
	        Index Cond: ((k >= 8262521) AND (k <= 8262621))

explain: for range-notcovered :: explain SELECT k, c FROM sbtest%d WHERE k BETWEEN 5047179 AND 5047279
for range-notcovered
table 1 : explain SELECT k, c FROM sbtest1 WHERE k BETWEEN 1688024 AND 1688124
	Bitmap Heap Scan on sbtest1  (cost=5.50..416.94 rows=104 width=125)
	  Recheck Cond: ((k >= 1688024) AND (k <= 1688124))
	  ->  Bitmap Index Scan on k_1  (cost=0.00..5.47 rows=104 width=0)
	        Index Cond: ((k >= 1688024) AND (k <= 1688124))

table 2 : explain SELECT k, c FROM sbtest2 WHERE k BETWEEN 1688024 AND 1688124
	Bitmap Heap Scan on sbtest2  (cost=5.47..405.13 rows=101 width=125)
	  Recheck Cond: ((k >= 1688024) AND (k <= 1688124))
	  ->  Bitmap Index Scan on k_2  (cost=0.00..5.44 rows=101 width=0)
	        Index Cond: ((k >= 1688024) AND (k <= 1688124))

table 3 : explain SELECT k, c FROM sbtest3 WHERE k BETWEEN 1688024 AND 1688124
	Bitmap Heap Scan on sbtest3  (cost=5.46..401.19 rows=100 width=125)
	  Recheck Cond: ((k >= 1688024) AND (k <= 1688124))
	  ->  Bitmap Index Scan on k_3  (cost=0.00..5.43 rows=100 width=0)
	        Index Cond: ((k >= 1688024) AND (k <= 1688124))

table 4 : explain SELECT k, c FROM sbtest4 WHERE k BETWEEN 1688024 AND 1688124
	Bitmap Heap Scan on sbtest4  (cost=5.43..389.37 rows=97 width=125)
	  Recheck Cond: ((k >= 1688024) AND (k <= 1688124))
	  ->  Bitmap Index Scan on k_4  (cost=0.00..5.40 rows=97 width=0)
	        Index Cond: ((k >= 1688024) AND (k <= 1688124))

table 5 : explain SELECT k, c FROM sbtest5 WHERE k BETWEEN 1688024 AND 1688124
	Bitmap Heap Scan on sbtest5  (cost=5.38..369.67 rows=92 width=125)
	  Recheck Cond: ((k >= 1688024) AND (k <= 1688124))
	  ->  Bitmap Index Scan on k_5  (cost=0.00..5.35 rows=92 width=0)
	        Index Cond: ((k >= 1688024) AND (k <= 1688124))

table 6 : explain SELECT k, c FROM sbtest6 WHERE k BETWEEN 1688024 AND 1688124
	Bitmap Heap Scan on sbtest6  (cost=5.47..405.13 rows=101 width=125)
	  Recheck Cond: ((k >= 1688024) AND (k <= 1688124))
	  ->  Bitmap Index Scan on k_6  (cost=0.00..5.44 rows=101 width=0)
	        Index Cond: ((k >= 1688024) AND (k <= 1688124))

table 7 : explain SELECT k, c FROM sbtest7 WHERE k BETWEEN 1688024 AND 1688124
	Bitmap Heap Scan on sbtest7  (cost=5.48..409.07 rows=102 width=125)
	  Recheck Cond: ((k >= 1688024) AND (k <= 1688124))
	  ->  Bitmap Index Scan on k_7  (cost=0.00..5.45 rows=102 width=0)
	        Index Cond: ((k >= 1688024) AND (k <= 1688124))

table 8 : explain SELECT k, c FROM sbtest8 WHERE k BETWEEN 1688024 AND 1688124
	Bitmap Heap Scan on sbtest8  (cost=5.50..416.94 rows=104 width=125)
	  Recheck Cond: ((k >= 1688024) AND (k <= 1688124))
	  ->  Bitmap Index Scan on k_8  (cost=0.00..5.47 rows=104 width=0)
	        Index Cond: ((k >= 1688024) AND (k <= 1688124))

explain: for range-notcovered :: explain SELECT k, c FROM sbtest%d WHERE k BETWEEN 8262521 AND 8262621
explain: for range-notcovered :: explain SELECT k, c FROM sbtest%d WHERE k BETWEEN 1688024 AND 1688124
for range-notcovered
table 1 : explain SELECT k, c FROM sbtest1 WHERE k BETWEEN 5272393 AND 5272493
	Bitmap Heap Scan on sbtest1  (cost=5.58..448.42 rows=112 width=125)
	  Recheck Cond: ((k >= 5272393) AND (k <= 5272493))
	  ->  Bitmap Index Scan on k_1  (cost=0.00..5.55 rows=112 width=0)
	        Index Cond: ((k >= 5272393) AND (k <= 5272493))

table 2 : explain SELECT k, c FROM sbtest2 WHERE k BETWEEN 5272393 AND 5272493
	Bitmap Heap Scan on sbtest2  (cost=5.49..413.00 rows=103 width=125)
	  Recheck Cond: ((k >= 5272393) AND (k <= 5272493))
	  ->  Bitmap Index Scan on k_2  (cost=0.00..5.46 rows=103 width=0)
	        Index Cond: ((k >= 5272393) AND (k <= 5272493))

table 3 : explain SELECT k, c FROM sbtest3 WHERE k BETWEEN 5272393 AND 5272493
	Bitmap Heap Scan on sbtest3  (cost=5.43..389.37 rows=97 width=125)
	  Recheck Cond: ((k >= 5272393) AND (k <= 5272493))
	  ->  Bitmap Index Scan on k_3  (cost=0.00..5.40 rows=97 width=0)
	        Index Cond: ((k >= 5272393) AND (k <= 5272493))

table 4 : explain SELECT k, c FROM sbtest4 WHERE k BETWEEN 5272393 AND 5272493
	Bitmap Heap Scan on sbtest4  (cost=5.43..389.37 rows=97 width=125)
	  Recheck Cond: ((k >= 5272393) AND (k <= 5272493))
	  ->  Bitmap Index Scan on k_4  (cost=0.00..5.40 rows=97 width=0)
	        Index Cond: ((k >= 5272393) AND (k <= 5272493))

table 5 : explain SELECT k, c FROM sbtest5 WHERE k BETWEEN 5272393 AND 5272493
	Bitmap Heap Scan on sbtest5  (cost=5.48..409.07 rows=102 width=125)
	  Recheck Cond: ((k >= 5272393) AND (k <= 5272493))
	  ->  Bitmap Index Scan on k_5  (cost=0.00..5.45 rows=102 width=0)
	        Index Cond: ((k >= 5272393) AND (k <= 5272493))

table 6 : explain SELECT k, c FROM sbtest6 WHERE k BETWEEN 5272393 AND 5272493
	Bitmap Heap Scan on sbtest6  (cost=5.49..413.00 rows=103 width=125)
	  Recheck Cond: ((k >= 5272393) AND (k <= 5272493))
	  ->  Bitmap Index Scan on k_6  (cost=0.00..5.46 rows=103 width=0)
	        Index Cond: ((k >= 5272393) AND (k <= 5272493))

table 7 : explain SELECT k, c FROM sbtest7 WHERE k BETWEEN 5272393 AND 5272493
	Bitmap Heap Scan on sbtest7  (cost=5.46..401.19 rows=100 width=125)
	  Recheck Cond: ((k >= 5272393) AND (k <= 5272493))
	  ->  Bitmap Index Scan on k_7  (cost=0.00..5.43 rows=100 width=0)
	        Index Cond: ((k >= 5272393) AND (k <= 5272493))

table 8 : explain SELECT k, c FROM sbtest8 WHERE k BETWEEN 5272393 AND 5272493
	Bitmap Heap Scan on sbtest8  (cost=5.45..397.25 rows=99 width=125)
	  Recheck Cond: ((k >= 5272393) AND (k <= 5272493))
	  ->  Bitmap Index Scan on k_8  (cost=0.00..5.42 rows=99 width=0)
	        Index Cond: ((k >= 5272393) AND (k <= 5272493))

for range-notcovered
table 1 : explain SELECT k, c FROM sbtest1 WHERE k BETWEEN 2595698 AND 2595798
	Bitmap Heap Scan on sbtest1  (cost=5.50..416.94 rows=104 width=125)
	  Recheck Cond: ((k >= 2595698) AND (k <= 2595798))
	  ->  Bitmap Index Scan on k_1  (cost=0.00..5.47 rows=104 width=0)
	        Index Cond: ((k >= 2595698) AND (k <= 2595798))

table 2 : explain SELECT k, c FROM sbtest2 WHERE k BETWEEN 2595698 AND 2595798
	Bitmap Heap Scan on sbtest2  (cost=5.38..369.67 rows=92 width=125)
	  Recheck Cond: ((k >= 2595698) AND (k <= 2595798))
	  ->  Bitmap Index Scan on k_2  (cost=0.00..5.35 rows=92 width=0)
	        Index Cond: ((k >= 2595698) AND (k <= 2595798))

table 3 : explain SELECT k, c FROM sbtest3 WHERE k BETWEEN 2595698 AND 2595798
	Bitmap Heap Scan on sbtest3  (cost=5.53..428.75 rows=107 width=125)
	  Recheck Cond: ((k >= 2595698) AND (k <= 2595798))
	  ->  Bitmap Index Scan on k_3  (cost=0.00..5.50 rows=107 width=0)
	        Index Cond: ((k >= 2595698) AND (k <= 2595798))

table 4 : explain SELECT k, c FROM sbtest4 WHERE k BETWEEN 2595698 AND 2595798
	Bitmap Heap Scan on sbtest4  (cost=5.54..432.69 rows=108 width=125)
	  Recheck Cond: ((k >= 2595698) AND (k <= 2595798))
	  ->  Bitmap Index Scan on k_4  (cost=0.00..5.51 rows=108 width=0)
	        Index Cond: ((k >= 2595698) AND (k <= 2595798))

table 5 : explain SELECT k, c FROM sbtest5 WHERE k BETWEEN 2595698 AND 2595798
	Bitmap Heap Scan on sbtest5  (cost=5.54..432.69 rows=108 width=125)
	  Recheck Cond: ((k >= 2595698) AND (k <= 2595798))
	  ->  Bitmap Index Scan on k_5  (cost=0.00..5.51 rows=108 width=0)
	        Index Cond: ((k >= 2595698) AND (k <= 2595798))

table 6 : explain SELECT k, c FROM sbtest6 WHERE k BETWEEN 2595698 AND 2595798
	Bitmap Heap Scan on sbtest6  (cost=5.51..420.88 rows=105 width=125)
	  Recheck Cond: ((k >= 2595698) AND (k <= 2595798))
	  ->  Bitmap Index Scan on k_6  (cost=0.00..5.48 rows=105 width=0)
	        Index Cond: ((k >= 2595698) AND (k <= 2595798))

table 7 : explain SELECT k, c FROM sbtest7 WHERE k BETWEEN 2595698 AND 2595798
	Bitmap Heap Scan on sbtest7  (cost=5.47..405.13 rows=101 width=125)
	  Recheck Cond: ((k >= 2595698) AND (k <= 2595798))
	  ->  Bitmap Index Scan on k_7  (cost=0.00..5.44 rows=101 width=0)
	        Index Cond: ((k >= 2595698) AND (k <= 2595798))

table 8 : explain SELECT k, c FROM sbtest8 WHERE k BETWEEN 2595698 AND 2595798
	Bitmap Heap Scan on sbtest8  (cost=5.51..420.88 rows=105 width=125)
	  Recheck Cond: ((k >= 2595698) AND (k <= 2595798))
	  ->  Bitmap Index Scan on k_8  (cost=0.00..5.48 rows=105 width=0)
	        Index Cond: ((k >= 2595698) AND (k <= 2595798))

explain: for range-notcovered :: explain SELECT k, c FROM sbtest%d WHERE k BETWEEN 3781984 AND 3782084
explain: for range-notcovered :: explain SELECT k, c FROM sbtest%d WHERE k BETWEEN 5272393 AND 5272493
for range-notcovered
table 1 : explain SELECT k, c FROM sbtest1 WHERE k BETWEEN 8262521 AND 8262621
	Bitmap Heap Scan on sbtest1  (cost=5.48..409.07 rows=102 width=125)
	  Recheck Cond: ((k >= 8262521) AND (k <= 8262621))
	  ->  Bitmap Index Scan on k_1  (cost=0.00..5.45 rows=102 width=0)
	        Index Cond: ((k >= 8262521) AND (k <= 8262621))

table 2 : explain SELECT k, c FROM sbtest2 WHERE k BETWEEN 8262521 AND 8262621
	Bitmap Heap Scan on sbtest2  (cost=5.38..369.67 rows=92 width=125)
	  Recheck Cond: ((k >= 8262521) AND (k <= 8262621))
	  ->  Bitmap Index Scan on k_2  (cost=0.00..5.35 rows=92 width=0)
	        Index Cond: ((k >= 8262521) AND (k <= 8262621))

table 3 : explain SELECT k, c FROM sbtest3 WHERE k BETWEEN 8262521 AND 8262621
	Bitmap Heap Scan on sbtest3  (cost=5.46..401.19 rows=100 width=125)
	  Recheck Cond: ((k >= 8262521) AND (k <= 8262621))
	  ->  Bitmap Index Scan on k_3  (cost=0.00..5.43 rows=100 width=0)
	        Index Cond: ((k >= 8262521) AND (k <= 8262621))

table 4 : explain SELECT k, c FROM sbtest4 WHERE k BETWEEN 8262521 AND 8262621
	Bitmap Heap Scan on sbtest4  (cost=5.40..377.55 rows=94 width=125)
	  Recheck Cond: ((k >= 8262521) AND (k <= 8262621))
	  ->  Bitmap Index Scan on k_4  (cost=0.00..5.38 rows=94 width=0)
	        Index Cond: ((k >= 8262521) AND (k <= 8262621))

table 5 : explain SELECT k, c FROM sbtest5 WHERE k BETWEEN 8262521 AND 8262621
	Bitmap Heap Scan on sbtest5  (cost=5.42..385.43 rows=96 width=125)
	  Recheck Cond: ((k >= 8262521) AND (k <= 8262621))
	  ->  Bitmap Index Scan on k_5  (cost=0.00..5.39 rows=96 width=0)
	        Index Cond: ((k >= 8262521) AND (k <= 8262621))

table 6 : explain SELECT k, c FROM sbtest6 WHERE k BETWEEN 8262521 AND 8262621
	Bitmap Heap Scan on sbtest6  (cost=5.49..413.00 rows=103 width=125)
	  Recheck Cond: ((k >= 8262521) AND (k <= 8262621))
	  ->  Bitmap Index Scan on k_6  (cost=0.00..5.46 rows=103 width=0)
	        Index Cond: ((k >= 8262521) AND (k <= 8262621))

table 7 : explain SELECT k, c FROM sbtest7 WHERE k BETWEEN 8262521 AND 8262621
	Bitmap Heap Scan on sbtest7  (cost=5.52..424.81 rows=106 width=125)
	  Recheck Cond: ((k >= 8262521) AND (k <= 8262621))
	  ->  Bitmap Index Scan on k_7  (cost=0.00..5.50 rows=106 width=0)
	        Index Cond: ((k >= 8262521) AND (k <= 8262621))

table 8 : explain SELECT k, c FROM sbtest8 WHERE k BETWEEN 8262521 AND 8262621
	Bitmap Heap Scan on sbtest8  (cost=5.48..409.07 rows=102 width=125)
	  Recheck Cond: ((k >= 8262521) AND (k <= 8262621))
	  ->  Bitmap Index Scan on k_8  (cost=0.00..5.45 rows=102 width=0)
	        Index Cond: ((k >= 8262521) AND (k <= 8262621))

explain: for range-notcovered :: explain SELECT k, c FROM sbtest%d WHERE k BETWEEN 8262521 AND 8262621
for range-notcovered
table 1 : explain SELECT k, c FROM sbtest1 WHERE k BETWEEN 963036 AND 963136
	Bitmap Heap Scan on sbtest1  (cost=5.43..389.37 rows=97 width=125)
	  Recheck Cond: ((k >= 963036) AND (k <= 963136))
	  ->  Bitmap Index Scan on k_1  (cost=0.00..5.40 rows=97 width=0)
	        Index Cond: ((k >= 963036) AND (k <= 963136))

table 2 : explain SELECT k, c FROM sbtest2 WHERE k BETWEEN 963036 AND 963136
	Bitmap Heap Scan on sbtest2  (cost=5.49..413.00 rows=103 width=125)
	  Recheck Cond: ((k >= 963036) AND (k <= 963136))
	  ->  Bitmap Index Scan on k_2  (cost=0.00..5.46 rows=103 width=0)
	        Index Cond: ((k >= 963036) AND (k <= 963136))

table 3 : explain SELECT k, c FROM sbtest3 WHERE k BETWEEN 963036 AND 963136
	Bitmap Heap Scan on sbtest3  (cost=5.55..436.62 rows=109 width=125)
	  Recheck Cond: ((k >= 963036) AND (k <= 963136))
	  ->  Bitmap Index Scan on k_3  (cost=0.00..5.52 rows=109 width=0)
	        Index Cond: ((k >= 963036) AND (k <= 963136))

table 4 : explain SELECT k, c FROM sbtest4 WHERE k BETWEEN 963036 AND 963136
	Bitmap Heap Scan on sbtest4  (cost=5.43..389.37 rows=97 width=125)
	  Recheck Cond: ((k >= 963036) AND (k <= 963136))
	  ->  Bitmap Index Scan on k_4  (cost=0.00..5.40 rows=97 width=0)
	        Index Cond: ((k >= 963036) AND (k <= 963136))

table 5 : explain SELECT k, c FROM sbtest5 WHERE k BETWEEN 963036 AND 963136
	Bitmap Heap Scan on sbtest5  (cost=5.46..401.19 rows=100 width=125)
	  Recheck Cond: ((k >= 963036) AND (k <= 963136))
	  ->  Bitmap Index Scan on k_5  (cost=0.00..5.43 rows=100 width=0)
	        Index Cond: ((k >= 963036) AND (k <= 963136))

table 6 : explain SELECT k, c FROM sbtest6 WHERE k BETWEEN 963036 AND 963136
	Bitmap Heap Scan on sbtest6  (cost=5.52..424.81 rows=106 width=125)
	  Recheck Cond: ((k >= 963036) AND (k <= 963136))
	  ->  Bitmap Index Scan on k_6  (cost=0.00..5.50 rows=106 width=0)
	        Index Cond: ((k >= 963036) AND (k <= 963136))

table 7 : explain SELECT k, c FROM sbtest7 WHERE k BETWEEN 963036 AND 963136
	Bitmap Heap Scan on sbtest7  (cost=5.38..369.67 rows=92 width=125)
	  Recheck Cond: ((k >= 963036) AND (k <= 963136))
	  ->  Bitmap Index Scan on k_7  (cost=0.00..5.35 rows=92 width=0)
	        Index Cond: ((k >= 963036) AND (k <= 963136))

table 8 : explain SELECT k, c FROM sbtest8 WHERE k BETWEEN 963036 AND 963136
	Bitmap Heap Scan on sbtest8  (cost=5.50..416.94 rows=104 width=125)
	  Recheck Cond: ((k >= 963036) AND (k <= 963136))
	  ->  Bitmap Index Scan on k_8  (cost=0.00..5.47 rows=104 width=0)
	        Index Cond: ((k >= 963036) AND (k <= 963136))

explain: for range-notcovered :: explain SELECT k, c FROM sbtest%d WHERE k BETWEEN 963036 AND 963136
for range-notcovered
table 1 : explain SELECT k, c FROM sbtest1 WHERE k BETWEEN 2523731 AND 2523831
	Bitmap Heap Scan on sbtest1  (cost=5.37..365.72 rows=91 width=125)
	  Recheck Cond: ((k >= 2523731) AND (k <= 2523831))
	  ->  Bitmap Index Scan on k_1  (cost=0.00..5.34 rows=91 width=0)
	        Index Cond: ((k >= 2523731) AND (k <= 2523831))

table 2 : explain SELECT k, c FROM sbtest2 WHERE k BETWEEN 2523731 AND 2523831
	Bitmap Heap Scan on sbtest2  (cost=5.53..428.75 rows=107 width=125)
	  Recheck Cond: ((k >= 2523731) AND (k <= 2523831))
	  ->  Bitmap Index Scan on k_2  (cost=0.00..5.50 rows=107 width=0)
	        Index Cond: ((k >= 2523731) AND (k <= 2523831))

table 3 : explain SELECT k, c FROM sbtest3 WHERE k BETWEEN 2523731 AND 2523831
	Bitmap Heap Scan on sbtest3  (cost=5.47..405.13 rows=101 width=125)
	  Recheck Cond: ((k >= 2523731) AND (k <= 2523831))
	  ->  Bitmap Index Scan on k_3  (cost=0.00..5.44 rows=101 width=0)
	        Index Cond: ((k >= 2523731) AND (k <= 2523831))

table 4 : explain SELECT k, c FROM sbtest4 WHERE k BETWEEN 2523731 AND 2523831
	Bitmap Heap Scan on sbtest4  (cost=5.47..405.13 rows=101 width=125)
	  Recheck Cond: ((k >= 2523731) AND (k <= 2523831))
	  ->  Bitmap Index Scan on k_4  (cost=0.00..5.44 rows=101 width=0)
	        Index Cond: ((k >= 2523731) AND (k <= 2523831))

table 5 : explain SELECT k, c FROM sbtest5 WHERE k BETWEEN 2523731 AND 2523831
	Bitmap Heap Scan on sbtest5  (cost=5.54..432.69 rows=108 width=125)
	  Recheck Cond: ((k >= 2523731) AND (k <= 2523831))
	  ->  Bitmap Index Scan on k_5  (cost=0.00..5.51 rows=108 width=0)
	        Index Cond: ((k >= 2523731) AND (k <= 2523831))

table 6 : explain SELECT k, c FROM sbtest6 WHERE k BETWEEN 2523731 AND 2523831
	Bitmap Heap Scan on sbtest6  (cost=5.51..420.88 rows=105 width=125)
	  Recheck Cond: ((k >= 2523731) AND (k <= 2523831))
	  ->  Bitmap Index Scan on k_6  (cost=0.00..5.48 rows=105 width=0)
	        Index Cond: ((k >= 2523731) AND (k <= 2523831))

table 7 : explain SELECT k, c FROM sbtest7 WHERE k BETWEEN 2523731 AND 2523831
	Bitmap Heap Scan on sbtest7  (cost=5.42..385.43 rows=96 width=125)
	  Recheck Cond: ((k >= 2523731) AND (k <= 2523831))
	  ->  Bitmap Index Scan on k_7  (cost=0.00..5.39 rows=96 width=0)
	        Index Cond: ((k >= 2523731) AND (k <= 2523831))

table 8 : explain SELECT k, c FROM sbtest8 WHERE k BETWEEN 2523731 AND 2523831
	Bitmap Heap Scan on sbtest8  (cost=5.49..413.00 rows=103 width=125)
	  Recheck Cond: ((k >= 2523731) AND (k <= 2523831))
	  ->  Bitmap Index Scan on k_8  (cost=0.00..5.46 rows=103 width=0)
	        Index Cond: ((k >= 2523731) AND (k <= 2523831))

explain: for range-notcovered :: explain SELECT k, c FROM sbtest%d WHERE k BETWEEN 2523731 AND 2523831
for range-notcovered
table 1 : explain SELECT k, c FROM sbtest1 WHERE k BETWEEN 3781984 AND 3782084
	Bitmap Heap Scan on sbtest1  (cost=5.51..420.88 rows=105 width=125)
	  Recheck Cond: ((k >= 3781984) AND (k <= 3782084))
	  ->  Bitmap Index Scan on k_1  (cost=0.00..5.48 rows=105 width=0)
	        Index Cond: ((k >= 3781984) AND (k <= 3782084))

table 2 : explain SELECT k, c FROM sbtest2 WHERE k BETWEEN 3781984 AND 3782084
	Bitmap Heap Scan on sbtest2  (cost=5.50..416.94 rows=104 width=125)
	  Recheck Cond: ((k >= 3781984) AND (k <= 3782084))
	  ->  Bitmap Index Scan on k_2  (cost=0.00..5.47 rows=104 width=0)
	        Index Cond: ((k >= 3781984) AND (k <= 3782084))

table 3 : explain SELECT k, c FROM sbtest3 WHERE k BETWEEN 3781984 AND 3782084
	Bitmap Heap Scan on sbtest3  (cost=5.49..413.00 rows=103 width=125)
	  Recheck Cond: ((k >= 3781984) AND (k <= 3782084))
	  ->  Bitmap Index Scan on k_3  (cost=0.00..5.46 rows=103 width=0)
	        Index Cond: ((k >= 3781984) AND (k <= 3782084))

table 4 : explain SELECT k, c FROM sbtest4 WHERE k BETWEEN 3781984 AND 3782084
	Bitmap Heap Scan on sbtest4  (cost=5.54..432.69 rows=108 width=125)
	  Recheck Cond: ((k >= 3781984) AND (k <= 3782084))
	  ->  Bitmap Index Scan on k_4  (cost=0.00..5.51 rows=108 width=0)
	        Index Cond: ((k >= 3781984) AND (k <= 3782084))

table 5 : explain SELECT k, c FROM sbtest5 WHERE k BETWEEN 3781984 AND 3782084
	Bitmap Heap Scan on sbtest5  (cost=5.42..385.43 rows=96 width=125)
	  Recheck Cond: ((k >= 3781984) AND (k <= 3782084))
	  ->  Bitmap Index Scan on k_5  (cost=0.00..5.39 rows=96 width=0)
	        Index Cond: ((k >= 3781984) AND (k <= 3782084))

table 6 : explain SELECT k, c FROM sbtest6 WHERE k BETWEEN 3781984 AND 3782084
	Bitmap Heap Scan on sbtest6  (cost=5.40..377.55 rows=94 width=125)
	  Recheck Cond: ((k >= 3781984) AND (k <= 3782084))
	  ->  Bitmap Index Scan on k_6  (cost=0.00..5.38 rows=94 width=0)
	        Index Cond: ((k >= 3781984) AND (k <= 3782084))

table 7 : explain SELECT k, c FROM sbtest7 WHERE k BETWEEN 3781984 AND 3782084
	Bitmap Heap Scan on sbtest7  (cost=5.45..397.25 rows=99 width=125)
	  Recheck Cond: ((k >= 3781984) AND (k <= 3782084))
	  ->  Bitmap Index Scan on k_7  (cost=0.00..5.42 rows=99 width=0)
	        Index Cond: ((k >= 3781984) AND (k <= 3782084))

table 8 : explain SELECT k, c FROM sbtest8 WHERE k BETWEEN 3781984 AND 3782084
	Bitmap Heap Scan on sbtest8  (cost=5.44..393.31 rows=98 width=125)
	  Recheck Cond: ((k >= 3781984) AND (k <= 3782084))
	  ->  Bitmap Index Scan on k_8  (cost=0.00..5.42 rows=98 width=0)
	        Index Cond: ((k >= 3781984) AND (k <= 3782084))

for range-notcovered
table 1 : explain SELECT k, c FROM sbtest1 WHERE k BETWEEN 5272393 AND 5272493
	Bitmap Heap Scan on sbtest1  (cost=5.58..448.42 rows=112 width=125)
	  Recheck Cond: ((k >= 5272393) AND (k <= 5272493))
	  ->  Bitmap Index Scan on k_1  (cost=0.00..5.55 rows=112 width=0)
	        Index Cond: ((k >= 5272393) AND (k <= 5272493))

table 2 : explain SELECT k, c FROM sbtest2 WHERE k BETWEEN 5272393 AND 5272493
	Bitmap Heap Scan on sbtest2  (cost=5.49..413.00 rows=103 width=125)
	  Recheck Cond: ((k >= 5272393) AND (k <= 5272493))
	  ->  Bitmap Index Scan on k_2  (cost=0.00..5.46 rows=103 width=0)
	        Index Cond: ((k >= 5272393) AND (k <= 5272493))

table 3 : explain SELECT k, c FROM sbtest3 WHERE k BETWEEN 5272393 AND 5272493
	Bitmap Heap Scan on sbtest3  (cost=5.43..389.37 rows=97 width=125)
	  Recheck Cond: ((k >= 5272393) AND (k <= 5272493))
	  ->  Bitmap Index Scan on k_3  (cost=0.00..5.40 rows=97 width=0)
	        Index Cond: ((k >= 5272393) AND (k <= 5272493))

table 4 : explain SELECT k, c FROM sbtest4 WHERE k BETWEEN 5272393 AND 5272493
	Bitmap Heap Scan on sbtest4  (cost=5.43..389.37 rows=97 width=125)
	  Recheck Cond: ((k >= 5272393) AND (k <= 5272493))
	  ->  Bitmap Index Scan on k_4  (cost=0.00..5.40 rows=97 width=0)
	        Index Cond: ((k >= 5272393) AND (k <= 5272493))

table 5 : explain SELECT k, c FROM sbtest5 WHERE k BETWEEN 5272393 AND 5272493
	Bitmap Heap Scan on sbtest5  (cost=5.48..409.07 rows=102 width=125)
	  Recheck Cond: ((k >= 5272393) AND (k <= 5272493))
	  ->  Bitmap Index Scan on k_5  (cost=0.00..5.45 rows=102 width=0)
	        Index Cond: ((k >= 5272393) AND (k <= 5272493))

table 6 : explain SELECT k, c FROM sbtest6 WHERE k BETWEEN 5272393 AND 5272493
	Bitmap Heap Scan on sbtest6  (cost=5.49..413.00 rows=103 width=125)
	  Recheck Cond: ((k >= 5272393) AND (k <= 5272493))
	  ->  Bitmap Index Scan on k_6  (cost=0.00..5.46 rows=103 width=0)
	        Index Cond: ((k >= 5272393) AND (k <= 5272493))

table 7 : explain SELECT k, c FROM sbtest7 WHERE k BETWEEN 5272393 AND 5272493
	Bitmap Heap Scan on sbtest7  (cost=5.46..401.19 rows=100 width=125)
	  Recheck Cond: ((k >= 5272393) AND (k <= 5272493))
	  ->  Bitmap Index Scan on k_7  (cost=0.00..5.43 rows=100 width=0)
	        Index Cond: ((k >= 5272393) AND (k <= 5272493))

table 8 : explain SELECT k, c FROM sbtest8 WHERE k BETWEEN 5272393 AND 5272493
	Bitmap Heap Scan on sbtest8  (cost=5.45..397.25 rows=99 width=125)
	  Recheck Cond: ((k >= 5272393) AND (k <= 5272493))
	  ->  Bitmap Index Scan on k_8  (cost=0.00..5.42 rows=99 width=0)
	        Index Cond: ((k >= 5272393) AND (k <= 5272493))

explain: for range-notcovered :: explain SELECT k, c FROM sbtest%d WHERE k BETWEEN 3781984 AND 3782084
for range-notcovered
table 1 : explain SELECT k, c FROM sbtest1 WHERE k BETWEEN 963036 AND 963136
	Bitmap Heap Scan on sbtest1  (cost=5.43..389.37 rows=97 width=125)
	  Recheck Cond: ((k >= 963036) AND (k <= 963136))
	  ->  Bitmap Index Scan on k_1  (cost=0.00..5.40 rows=97 width=0)
	        Index Cond: ((k >= 963036) AND (k <= 963136))

table 2 : explain SELECT k, c FROM sbtest2 WHERE k BETWEEN 963036 AND 963136
	Bitmap Heap Scan on sbtest2  (cost=5.49..413.00 rows=103 width=125)
	  Recheck Cond: ((k >= 963036) AND (k <= 963136))
	  ->  Bitmap Index Scan on k_2  (cost=0.00..5.46 rows=103 width=0)
	        Index Cond: ((k >= 963036) AND (k <= 963136))

table 3 : explain SELECT k, c FROM sbtest3 WHERE k BETWEEN 963036 AND 963136
	Bitmap Heap Scan on sbtest3  (cost=5.55..436.62 rows=109 width=125)
	  Recheck Cond: ((k >= 963036) AND (k <= 963136))
	  ->  Bitmap Index Scan on k_3  (cost=0.00..5.52 rows=109 width=0)
	        Index Cond: ((k >= 963036) AND (k <= 963136))

table 4 : explain SELECT k, c FROM sbtest4 WHERE k BETWEEN 963036 AND 963136
	Bitmap Heap Scan on sbtest4  (cost=5.43..389.37 rows=97 width=125)
	  Recheck Cond: ((k >= 963036) AND (k <= 963136))
	  ->  Bitmap Index Scan on k_4  (cost=0.00..5.40 rows=97 width=0)
	        Index Cond: ((k >= 963036) AND (k <= 963136))

table 5 : explain SELECT k, c FROM sbtest5 WHERE k BETWEEN 963036 AND 963136
	Bitmap Heap Scan on sbtest5  (cost=5.46..401.19 rows=100 width=125)
	  Recheck Cond: ((k >= 963036) AND (k <= 963136))
	  ->  Bitmap Index Scan on k_5  (cost=0.00..5.43 rows=100 width=0)
	        Index Cond: ((k >= 963036) AND (k <= 963136))

table 6 : explain SELECT k, c FROM sbtest6 WHERE k BETWEEN 963036 AND 963136
	Bitmap Heap Scan on sbtest6  (cost=5.52..424.81 rows=106 width=125)
	  Recheck Cond: ((k >= 963036) AND (k <= 963136))
	  ->  Bitmap Index Scan on k_6  (cost=0.00..5.50 rows=106 width=0)
	        Index Cond: ((k >= 963036) AND (k <= 963136))

table 7 : explain SELECT k, c FROM sbtest7 WHERE k BETWEEN 963036 AND 963136
	Bitmap Heap Scan on sbtest7  (cost=5.38..369.67 rows=92 width=125)
	  Recheck Cond: ((k >= 963036) AND (k <= 963136))
	  ->  Bitmap Index Scan on k_7  (cost=0.00..5.35 rows=92 width=0)
	        Index Cond: ((k >= 963036) AND (k <= 963136))

table 8 : explain SELECT k, c FROM sbtest8 WHERE k BETWEEN 963036 AND 963136
	Bitmap Heap Scan on sbtest8  (cost=5.50..416.94 rows=104 width=125)
	  Recheck Cond: ((k >= 963036) AND (k <= 963136))
	  ->  Bitmap Index Scan on k_8  (cost=0.00..5.47 rows=104 width=0)
	        Index Cond: ((k >= 963036) AND (k <= 963136))

explain: for range-notcovered :: explain SELECT k, c FROM sbtest%d WHERE k BETWEEN 963036 AND 963136
for range-notcovered
table 1 : explain SELECT k, c FROM sbtest1 WHERE k BETWEEN 7213184 AND 7213284
	Bitmap Heap Scan on sbtest1  (cost=5.55..436.62 rows=109 width=125)
	  Recheck Cond: ((k >= 7213184) AND (k <= 7213284))
	  ->  Bitmap Index Scan on k_1  (cost=0.00..5.52 rows=109 width=0)
	        Index Cond: ((k >= 7213184) AND (k <= 7213284))

table 2 : explain SELECT k, c FROM sbtest2 WHERE k BETWEEN 7213184 AND 7213284
	Bitmap Heap Scan on sbtest2  (cost=5.45..397.25 rows=99 width=125)
	  Recheck Cond: ((k >= 7213184) AND (k <= 7213284))
	  ->  Bitmap Index Scan on k_2  (cost=0.00..5.42 rows=99 width=0)
	        Index Cond: ((k >= 7213184) AND (k <= 7213284))

table 3 : explain SELECT k, c FROM sbtest3 WHERE k BETWEEN 7213184 AND 7213284
	Bitmap Heap Scan on sbtest3  (cost=5.46..401.19 rows=100 width=125)
	  Recheck Cond: ((k >= 7213184) AND (k <= 7213284))
	  ->  Bitmap Index Scan on k_3  (cost=0.00..5.43 rows=100 width=0)
	        Index Cond: ((k >= 7213184) AND (k <= 7213284))

table 4 : explain SELECT k, c FROM sbtest4 WHERE k BETWEEN 7213184 AND 7213284
	Bitmap Heap Scan on sbtest4  (cost=5.46..401.19 rows=100 width=125)
	  Recheck Cond: ((k >= 7213184) AND (k <= 7213284))
	  ->  Bitmap Index Scan on k_4  (cost=0.00..5.43 rows=100 width=0)
	        Index Cond: ((k >= 7213184) AND (k <= 7213284))

table 5 : explain SELECT k, c FROM sbtest5 WHERE k BETWEEN 7213184 AND 7213284
	Bitmap Heap Scan on sbtest5  (cost=5.48..409.07 rows=102 width=125)
	  Recheck Cond: ((k >= 7213184) AND (k <= 7213284))
	  ->  Bitmap Index Scan on k_5  (cost=0.00..5.45 rows=102 width=0)
	        Index Cond: ((k >= 7213184) AND (k <= 7213284))

table 6 : explain SELECT k, c FROM sbtest6 WHERE k BETWEEN 7213184 AND 7213284
	Bitmap Heap Scan on sbtest6  (cost=5.59..452.36 rows=113 width=125)
	  Recheck Cond: ((k >= 7213184) AND (k <= 7213284))
	  ->  Bitmap Index Scan on k_6  (cost=0.00..5.56 rows=113 width=0)
	        Index Cond: ((k >= 7213184) AND (k <= 7213284))

table 7 : explain SELECT k, c FROM sbtest7 WHERE k BETWEEN 7213184 AND 7213284
	Bitmap Heap Scan on sbtest7  (cost=5.51..420.88 rows=105 width=125)
	  Recheck Cond: ((k >= 7213184) AND (k <= 7213284))
	  ->  Bitmap Index Scan on k_7  (cost=0.00..5.48 rows=105 width=0)
	        Index Cond: ((k >= 7213184) AND (k <= 7213284))

table 8 : explain SELECT k, c FROM sbtest8 WHERE k BETWEEN 7213184 AND 7213284
	Bitmap Heap Scan on sbtest8  (cost=5.51..420.88 rows=105 width=125)
	  Recheck Cond: ((k >= 7213184) AND (k <= 7213284))
	  ->  Bitmap Index Scan on k_8  (cost=0.00..5.48 rows=105 width=0)
	        Index Cond: ((k >= 7213184) AND (k <= 7213284))

for range-notcovered
table 1 : explain SELECT k, c FROM sbtest1 WHERE k BETWEEN 1688024 AND 1688124
	Bitmap Heap Scan on sbtest1  (cost=5.50..416.94 rows=104 width=125)
	  Recheck Cond: ((k >= 1688024) AND (k <= 1688124))
	  ->  Bitmap Index Scan on k_1  (cost=0.00..5.47 rows=104 width=0)
	        Index Cond: ((k >= 1688024) AND (k <= 1688124))

table 2 : explain SELECT k, c FROM sbtest2 WHERE k BETWEEN 1688024 AND 1688124
	Bitmap Heap Scan on sbtest2  (cost=5.47..405.13 rows=101 width=125)
	  Recheck Cond: ((k >= 1688024) AND (k <= 1688124))
	  ->  Bitmap Index Scan on k_2  (cost=0.00..5.44 rows=101 width=0)
	        Index Cond: ((k >= 1688024) AND (k <= 1688124))

table 3 : explain SELECT k, c FROM sbtest3 WHERE k BETWEEN 1688024 AND 1688124
	Bitmap Heap Scan on sbtest3  (cost=5.46..401.19 rows=100 width=125)
	  Recheck Cond: ((k >= 1688024) AND (k <= 1688124))
	  ->  Bitmap Index Scan on k_3  (cost=0.00..5.43 rows=100 width=0)
	        Index Cond: ((k >= 1688024) AND (k <= 1688124))

table 4 : explain SELECT k, c FROM sbtest4 WHERE k BETWEEN 1688024 AND 1688124
	Bitmap Heap Scan on sbtest4  (cost=5.43..389.37 rows=97 width=125)
	  Recheck Cond: ((k >= 1688024) AND (k <= 1688124))
	  ->  Bitmap Index Scan on k_4  (cost=0.00..5.40 rows=97 width=0)
	        Index Cond: ((k >= 1688024) AND (k <= 1688124))

table 5 : explain SELECT k, c FROM sbtest5 WHERE k BETWEEN 1688024 AND 1688124
	Bitmap Heap Scan on sbtest5  (cost=5.38..369.67 rows=92 width=125)
	  Recheck Cond: ((k >= 1688024) AND (k <= 1688124))
	  ->  Bitmap Index Scan on k_5  (cost=0.00..5.35 rows=92 width=0)
	        Index Cond: ((k >= 1688024) AND (k <= 1688124))

table 6 : explain SELECT k, c FROM sbtest6 WHERE k BETWEEN 1688024 AND 1688124
	Bitmap Heap Scan on sbtest6  (cost=5.47..405.13 rows=101 width=125)
	  Recheck Cond: ((k >= 1688024) AND (k <= 1688124))
	  ->  Bitmap Index Scan on k_6  (cost=0.00..5.44 rows=101 width=0)
	        Index Cond: ((k >= 1688024) AND (k <= 1688124))

table 7 : explain SELECT k, c FROM sbtest7 WHERE k BETWEEN 1688024 AND 1688124
	Bitmap Heap Scan on sbtest7  (cost=5.48..409.07 rows=102 width=125)
	  Recheck Cond: ((k >= 1688024) AND (k <= 1688124))
	  ->  Bitmap Index Scan on k_7  (cost=0.00..5.45 rows=102 width=0)
	        Index Cond: ((k >= 1688024) AND (k <= 1688124))

table 8 : explain SELECT k, c FROM sbtest8 WHERE k BETWEEN 1688024 AND 1688124
	Bitmap Heap Scan on sbtest8  (cost=5.50..416.94 rows=104 width=125)
	  Recheck Cond: ((k >= 1688024) AND (k <= 1688124))
	  ->  Bitmap Index Scan on k_8  (cost=0.00..5.47 rows=104 width=0)
	        Index Cond: ((k >= 1688024) AND (k <= 1688124))

explain: for range-notcovered :: explain SELECT k, c FROM sbtest%d WHERE k BETWEEN 1688024 AND 1688124
explain: for range-notcovered :: explain SELECT k, c FROM sbtest%d WHERE k BETWEEN 5272393 AND 5272493
for range-notcovered
table 1 : explain SELECT k, c FROM sbtest1 WHERE k BETWEEN 8262521 AND 8262621
	Bitmap Heap Scan on sbtest1  (cost=5.48..409.07 rows=102 width=125)
	  Recheck Cond: ((k >= 8262521) AND (k <= 8262621))
	  ->  Bitmap Index Scan on k_1  (cost=0.00..5.45 rows=102 width=0)
	        Index Cond: ((k >= 8262521) AND (k <= 8262621))

table 2 : explain SELECT k, c FROM sbtest2 WHERE k BETWEEN 8262521 AND 8262621
	Bitmap Heap Scan on sbtest2  (cost=5.38..369.67 rows=92 width=125)
	  Recheck Cond: ((k >= 8262521) AND (k <= 8262621))
	  ->  Bitmap Index Scan on k_2  (cost=0.00..5.35 rows=92 width=0)
	        Index Cond: ((k >= 8262521) AND (k <= 8262621))

table 3 : explain SELECT k, c FROM sbtest3 WHERE k BETWEEN 8262521 AND 8262621
	Bitmap Heap Scan on sbtest3  (cost=5.46..401.19 rows=100 width=125)
	  Recheck Cond: ((k >= 8262521) AND (k <= 8262621))
	  ->  Bitmap Index Scan on k_3  (cost=0.00..5.43 rows=100 width=0)
	        Index Cond: ((k >= 8262521) AND (k <= 8262621))

table 4 : explain SELECT k, c FROM sbtest4 WHERE k BETWEEN 8262521 AND 8262621
	Bitmap Heap Scan on sbtest4  (cost=5.40..377.55 rows=94 width=125)
	  Recheck Cond: ((k >= 8262521) AND (k <= 8262621))
	  ->  Bitmap Index Scan on k_4  (cost=0.00..5.38 rows=94 width=0)
	        Index Cond: ((k >= 8262521) AND (k <= 8262621))

table 5 : explain SELECT k, c FROM sbtest5 WHERE k BETWEEN 8262521 AND 8262621
	Bitmap Heap Scan on sbtest5  (cost=5.42..385.43 rows=96 width=125)
	  Recheck Cond: ((k >= 8262521) AND (k <= 8262621))
	  ->  Bitmap Index Scan on k_5  (cost=0.00..5.39 rows=96 width=0)
	        Index Cond: ((k >= 8262521) AND (k <= 8262621))

table 6 : explain SELECT k, c FROM sbtest6 WHERE k BETWEEN 8262521 AND 8262621
	Bitmap Heap Scan on sbtest6  (cost=5.49..413.00 rows=103 width=125)
	  Recheck Cond: ((k >= 8262521) AND (k <= 8262621))
	  ->  Bitmap Index Scan on k_6  (cost=0.00..5.46 rows=103 width=0)
	        Index Cond: ((k >= 8262521) AND (k <= 8262621))

table 7 : explain SELECT k, c FROM sbtest7 WHERE k BETWEEN 8262521 AND 8262621
	Bitmap Heap Scan on sbtest7  (cost=5.52..424.81 rows=106 width=125)
	  Recheck Cond: ((k >= 8262521) AND (k <= 8262621))
	  ->  Bitmap Index Scan on k_7  (cost=0.00..5.50 rows=106 width=0)
	        Index Cond: ((k >= 8262521) AND (k <= 8262621))

table 8 : explain SELECT k, c FROM sbtest8 WHERE k BETWEEN 8262521 AND 8262621
	Bitmap Heap Scan on sbtest8  (cost=5.48..409.07 rows=102 width=125)
	  Recheck Cond: ((k >= 8262521) AND (k <= 8262621))
	  ->  Bitmap Index Scan on k_8  (cost=0.00..5.45 rows=102 width=0)
	        Index Cond: ((k >= 8262521) AND (k <= 8262621))

for range-notcovered
table 1 : explain SELECT k, c FROM sbtest1 WHERE k BETWEEN 963036 AND 963136
	Bitmap Heap Scan on sbtest1  (cost=5.43..389.37 rows=97 width=125)
	  Recheck Cond: ((k >= 963036) AND (k <= 963136))
	  ->  Bitmap Index Scan on k_1  (cost=0.00..5.40 rows=97 width=0)
	        Index Cond: ((k >= 963036) AND (k <= 963136))

table 2 : explain SELECT k, c FROM sbtest2 WHERE k BETWEEN 963036 AND 963136
	Bitmap Heap Scan on sbtest2  (cost=5.49..413.00 rows=103 width=125)
	  Recheck Cond: ((k >= 963036) AND (k <= 963136))
	  ->  Bitmap Index Scan on k_2  (cost=0.00..5.46 rows=103 width=0)
	        Index Cond: ((k >= 963036) AND (k <= 963136))

table 3 : explain SELECT k, c FROM sbtest3 WHERE k BETWEEN 963036 AND 963136
	Bitmap Heap Scan on sbtest3  (cost=5.55..436.62 rows=109 width=125)
	  Recheck Cond: ((k >= 963036) AND (k <= 963136))
	  ->  Bitmap Index Scan on k_3  (cost=0.00..5.52 rows=109 width=0)
	        Index Cond: ((k >= 963036) AND (k <= 963136))

table 4 : explain SELECT k, c FROM sbtest4 WHERE k BETWEEN 963036 AND 963136
	Bitmap Heap Scan on sbtest4  (cost=5.43..389.37 rows=97 width=125)
	  Recheck Cond: ((k >= 963036) AND (k <= 963136))
	  ->  Bitmap Index Scan on k_4  (cost=0.00..5.40 rows=97 width=0)
	        Index Cond: ((k >= 963036) AND (k <= 963136))

table 5 : explain SELECT k, c FROM sbtest5 WHERE k BETWEEN 963036 AND 963136
	Bitmap Heap Scan on sbtest5  (cost=5.46..401.19 rows=100 width=125)
	  Recheck Cond: ((k >= 963036) AND (k <= 963136))
	  ->  Bitmap Index Scan on k_5  (cost=0.00..5.43 rows=100 width=0)
	        Index Cond: ((k >= 963036) AND (k <= 963136))

table 6 : explain SELECT k, c FROM sbtest6 WHERE k BETWEEN 963036 AND 963136
	Bitmap Heap Scan on sbtest6  (cost=5.52..424.81 rows=106 width=125)
	  Recheck Cond: ((k >= 963036) AND (k <= 963136))
	  ->  Bitmap Index Scan on k_6  (cost=0.00..5.50 rows=106 width=0)
	        Index Cond: ((k >= 963036) AND (k <= 963136))

table 7 : explain SELECT k, c FROM sbtest7 WHERE k BETWEEN 963036 AND 963136
	Bitmap Heap Scan on sbtest7  (cost=5.38..369.67 rows=92 width=125)
	  Recheck Cond: ((k >= 963036) AND (k <= 963136))
	  ->  Bitmap Index Scan on k_7  (cost=0.00..5.35 rows=92 width=0)
	        Index Cond: ((k >= 963036) AND (k <= 963136))

table 8 : explain SELECT k, c FROM sbtest8 WHERE k BETWEEN 963036 AND 963136
	Bitmap Heap Scan on sbtest8  (cost=5.50..416.94 rows=104 width=125)
	  Recheck Cond: ((k >= 963036) AND (k <= 963136))
	  ->  Bitmap Index Scan on k_8  (cost=0.00..5.47 rows=104 width=0)
	        Index Cond: ((k >= 963036) AND (k <= 963136))

explain: for range-notcovered :: explain SELECT k, c FROM sbtest%d WHERE k BETWEEN 963036 AND 963136
for range-notcovered
table 1 : explain SELECT k, c FROM sbtest1 WHERE k BETWEEN 1688024 AND 1688124
	Bitmap Heap Scan on sbtest1  (cost=5.50..416.94 rows=104 width=125)
	  Recheck Cond: ((k >= 1688024) AND (k <= 1688124))
	  ->  Bitmap Index Scan on k_1  (cost=0.00..5.47 rows=104 width=0)
	        Index Cond: ((k >= 1688024) AND (k <= 1688124))

table 2 : explain SELECT k, c FROM sbtest2 WHERE k BETWEEN 1688024 AND 1688124
	Bitmap Heap Scan on sbtest2  (cost=5.47..405.13 rows=101 width=125)
	  Recheck Cond: ((k >= 1688024) AND (k <= 1688124))
	  ->  Bitmap Index Scan on k_2  (cost=0.00..5.44 rows=101 width=0)
	        Index Cond: ((k >= 1688024) AND (k <= 1688124))

table 3 : explain SELECT k, c FROM sbtest3 WHERE k BETWEEN 1688024 AND 1688124
	Bitmap Heap Scan on sbtest3  (cost=5.46..401.19 rows=100 width=125)
	  Recheck Cond: ((k >= 1688024) AND (k <= 1688124))
	  ->  Bitmap Index Scan on k_3  (cost=0.00..5.43 rows=100 width=0)
	        Index Cond: ((k >= 1688024) AND (k <= 1688124))

table 4 : explain SELECT k, c FROM sbtest4 WHERE k BETWEEN 1688024 AND 1688124
	Bitmap Heap Scan on sbtest4  (cost=5.43..389.37 rows=97 width=125)
	  Recheck Cond: ((k >= 1688024) AND (k <= 1688124))
	  ->  Bitmap Index Scan on k_4  (cost=0.00..5.40 rows=97 width=0)
	        Index Cond: ((k >= 1688024) AND (k <= 1688124))

table 5 : explain SELECT k, c FROM sbtest5 WHERE k BETWEEN 1688024 AND 1688124
	Bitmap Heap Scan on sbtest5  (cost=5.38..369.67 rows=92 width=125)
	  Recheck Cond: ((k >= 1688024) AND (k <= 1688124))
	  ->  Bitmap Index Scan on k_5  (cost=0.00..5.35 rows=92 width=0)
	        Index Cond: ((k >= 1688024) AND (k <= 1688124))

table 6 : explain SELECT k, c FROM sbtest6 WHERE k BETWEEN 1688024 AND 1688124
	Bitmap Heap Scan on sbtest6  (cost=5.47..405.13 rows=101 width=125)
	  Recheck Cond: ((k >= 1688024) AND (k <= 1688124))
	  ->  Bitmap Index Scan on k_6  (cost=0.00..5.44 rows=101 width=0)
	        Index Cond: ((k >= 1688024) AND (k <= 1688124))

table 7 : explain SELECT k, c FROM sbtest7 WHERE k BETWEEN 1688024 AND 1688124
	Bitmap Heap Scan on sbtest7  (cost=5.48..409.07 rows=102 width=125)
	  Recheck Cond: ((k >= 1688024) AND (k <= 1688124))
	  ->  Bitmap Index Scan on k_7  (cost=0.00..5.45 rows=102 width=0)
	        Index Cond: ((k >= 1688024) AND (k <= 1688124))

table 8 : explain SELECT k, c FROM sbtest8 WHERE k BETWEEN 1688024 AND 1688124
	Bitmap Heap Scan on sbtest8  (cost=5.50..416.94 rows=104 width=125)
	  Recheck Cond: ((k >= 1688024) AND (k <= 1688124))
	  ->  Bitmap Index Scan on k_8  (cost=0.00..5.47 rows=104 width=0)
	        Index Cond: ((k >= 1688024) AND (k <= 1688124))

explain: for range-notcovered :: explain SELECT k, c FROM sbtest%d WHERE k BETWEEN 1688024 AND 1688124
explain: for range-notcovered :: explain SELECT k, c FROM sbtest%d WHERE k BETWEEN 5331567 AND 5331667
for range-notcovered
table 1 : explain SELECT k, c FROM sbtest1 WHERE k BETWEEN 3781984 AND 3782084
	Bitmap Heap Scan on sbtest1  (cost=5.51..420.88 rows=105 width=125)
	  Recheck Cond: ((k >= 3781984) AND (k <= 3782084))
	  ->  Bitmap Index Scan on k_1  (cost=0.00..5.48 rows=105 width=0)
	        Index Cond: ((k >= 3781984) AND (k <= 3782084))

table 2 : explain SELECT k, c FROM sbtest2 WHERE k BETWEEN 3781984 AND 3782084
	Bitmap Heap Scan on sbtest2  (cost=5.50..416.94 rows=104 width=125)
	  Recheck Cond: ((k >= 3781984) AND (k <= 3782084))
	  ->  Bitmap Index Scan on k_2  (cost=0.00..5.47 rows=104 width=0)
	        Index Cond: ((k >= 3781984) AND (k <= 3782084))

table 3 : explain SELECT k, c FROM sbtest3 WHERE k BETWEEN 3781984 AND 3782084
	Bitmap Heap Scan on sbtest3  (cost=5.49..413.00 rows=103 width=125)
	  Recheck Cond: ((k >= 3781984) AND (k <= 3782084))
	  ->  Bitmap Index Scan on k_3  (cost=0.00..5.46 rows=103 width=0)
	        Index Cond: ((k >= 3781984) AND (k <= 3782084))

table 4 : explain SELECT k, c FROM sbtest4 WHERE k BETWEEN 3781984 AND 3782084
	Bitmap Heap Scan on sbtest4  (cost=5.54..432.69 rows=108 width=125)
	  Recheck Cond: ((k >= 3781984) AND (k <= 3782084))
	  ->  Bitmap Index Scan on k_4  (cost=0.00..5.51 rows=108 width=0)
	        Index Cond: ((k >= 3781984) AND (k <= 3782084))

table 5 : explain SELECT k, c FROM sbtest5 WHERE k BETWEEN 3781984 AND 3782084
	Bitmap Heap Scan on sbtest5  (cost=5.42..385.43 rows=96 width=125)
	  Recheck Cond: ((k >= 3781984) AND (k <= 3782084))
	  ->  Bitmap Index Scan on k_5  (cost=0.00..5.39 rows=96 width=0)
	        Index Cond: ((k >= 3781984) AND (k <= 3782084))

table 6 : explain SELECT k, c FROM sbtest6 WHERE k BETWEEN 3781984 AND 3782084
	Bitmap Heap Scan on sbtest6  (cost=5.40..377.55 rows=94 width=125)
	  Recheck Cond: ((k >= 3781984) AND (k <= 3782084))
	  ->  Bitmap Index Scan on k_6  (cost=0.00..5.38 rows=94 width=0)
	        Index Cond: ((k >= 3781984) AND (k <= 3782084))

table 7 : explain SELECT k, c FROM sbtest7 WHERE k BETWEEN 3781984 AND 3782084
	Bitmap Heap Scan on sbtest7  (cost=5.45..397.25 rows=99 width=125)
	  Recheck Cond: ((k >= 3781984) AND (k <= 3782084))
	  ->  Bitmap Index Scan on k_7  (cost=0.00..5.42 rows=99 width=0)
	        Index Cond: ((k >= 3781984) AND (k <= 3782084))

table 8 : explain SELECT k, c FROM sbtest8 WHERE k BETWEEN 3781984 AND 3782084
	Bitmap Heap Scan on sbtest8  (cost=5.44..393.31 rows=98 width=125)
	  Recheck Cond: ((k >= 3781984) AND (k <= 3782084))
	  ->  Bitmap Index Scan on k_8  (cost=0.00..5.42 rows=98 width=0)
	        Index Cond: ((k >= 3781984) AND (k <= 3782084))

for range-notcovered
table 1 : explain SELECT k, c FROM sbtest1 WHERE k BETWEEN 1688024 AND 1688124
	Bitmap Heap Scan on sbtest1  (cost=5.50..416.94 rows=104 width=125)
	  Recheck Cond: ((k >= 1688024) AND (k <= 1688124))
	  ->  Bitmap Index Scan on k_1  (cost=0.00..5.47 rows=104 width=0)
	        Index Cond: ((k >= 1688024) AND (k <= 1688124))

table 2 : explain SELECT k, c FROM sbtest2 WHERE k BETWEEN 1688024 AND 1688124
	Bitmap Heap Scan on sbtest2  (cost=5.47..405.13 rows=101 width=125)
	  Recheck Cond: ((k >= 1688024) AND (k <= 1688124))
	  ->  Bitmap Index Scan on k_2  (cost=0.00..5.44 rows=101 width=0)
	        Index Cond: ((k >= 1688024) AND (k <= 1688124))

table 3 : explain SELECT k, c FROM sbtest3 WHERE k BETWEEN 1688024 AND 1688124
	Bitmap Heap Scan on sbtest3  (cost=5.46..401.19 rows=100 width=125)
	  Recheck Cond: ((k >= 1688024) AND (k <= 1688124))
	  ->  Bitmap Index Scan on k_3  (cost=0.00..5.43 rows=100 width=0)
	        Index Cond: ((k >= 1688024) AND (k <= 1688124))

table 4 : explain SELECT k, c FROM sbtest4 WHERE k BETWEEN 1688024 AND 1688124
	Bitmap Heap Scan on sbtest4  (cost=5.43..389.37 rows=97 width=125)
	  Recheck Cond: ((k >= 1688024) AND (k <= 1688124))
	  ->  Bitmap Index Scan on k_4  (cost=0.00..5.40 rows=97 width=0)
	        Index Cond: ((k >= 1688024) AND (k <= 1688124))

table 5 : explain SELECT k, c FROM sbtest5 WHERE k BETWEEN 1688024 AND 1688124
	Bitmap Heap Scan on sbtest5  (cost=5.38..369.67 rows=92 width=125)
	  Recheck Cond: ((k >= 1688024) AND (k <= 1688124))
	  ->  Bitmap Index Scan on k_5  (cost=0.00..5.35 rows=92 width=0)
	        Index Cond: ((k >= 1688024) AND (k <= 1688124))

table 6 : explain SELECT k, c FROM sbtest6 WHERE k BETWEEN 1688024 AND 1688124
	Bitmap Heap Scan on sbtest6  (cost=5.47..405.13 rows=101 width=125)
	  Recheck Cond: ((k >= 1688024) AND (k <= 1688124))
	  ->  Bitmap Index Scan on k_6  (cost=0.00..5.44 rows=101 width=0)
	        Index Cond: ((k >= 1688024) AND (k <= 1688124))

table 7 : explain SELECT k, c FROM sbtest7 WHERE k BETWEEN 1688024 AND 1688124
	Bitmap Heap Scan on sbtest7  (cost=5.48..409.07 rows=102 width=125)
	  Recheck Cond: ((k >= 1688024) AND (k <= 1688124))
	  ->  Bitmap Index Scan on k_7  (cost=0.00..5.45 rows=102 width=0)
	        Index Cond: ((k >= 1688024) AND (k <= 1688124))

table 8 : explain SELECT k, c FROM sbtest8 WHERE k BETWEEN 1688024 AND 1688124
	Bitmap Heap Scan on sbtest8  (cost=5.50..416.94 rows=104 width=125)
	  Recheck Cond: ((k >= 1688024) AND (k <= 1688124))
	  ->  Bitmap Index Scan on k_8  (cost=0.00..5.47 rows=104 width=0)
	        Index Cond: ((k >= 1688024) AND (k <= 1688124))

for range-notcovered
table 1 : explain SELECT k, c FROM sbtest1 WHERE k BETWEEN 1070490 AND 1070590
	Bitmap Heap Scan on sbtest1  (cost=5.40..377.55 rows=94 width=125)
	  Recheck Cond: ((k >= 1070490) AND (k <= 1070590))
	  ->  Bitmap Index Scan on k_1  (cost=0.00..5.38 rows=94 width=0)
	        Index Cond: ((k >= 1070490) AND (k <= 1070590))

table 2 : explain SELECT k, c FROM sbtest2 WHERE k BETWEEN 1070490 AND 1070590
	Bitmap Heap Scan on sbtest2  (cost=5.45..397.25 rows=99 width=125)
	  Recheck Cond: ((k >= 1070490) AND (k <= 1070590))
	  ->  Bitmap Index Scan on k_2  (cost=0.00..5.42 rows=99 width=0)
	        Index Cond: ((k >= 1070490) AND (k <= 1070590))

table 3 : explain SELECT k, c FROM sbtest3 WHERE k BETWEEN 1070490 AND 1070590
	Bitmap Heap Scan on sbtest3  (cost=5.54..432.69 rows=108 width=125)
	  Recheck Cond: ((k >= 1070490) AND (k <= 1070590))
	  ->  Bitmap Index Scan on k_3  (cost=0.00..5.51 rows=108 width=0)
	        Index Cond: ((k >= 1070490) AND (k <= 1070590))

table 4 : explain SELECT k, c FROM sbtest4 WHERE k BETWEEN 1070490 AND 1070590
	Bitmap Heap Scan on sbtest4  (cost=5.47..405.13 rows=101 width=125)
	  Recheck Cond: ((k >= 1070490) AND (k <= 1070590))
	  ->  Bitmap Index Scan on k_4  (cost=0.00..5.44 rows=101 width=0)
	        Index Cond: ((k >= 1070490) AND (k <= 1070590))

table 5 : explain SELECT k, c FROM sbtest5 WHERE k BETWEEN 1070490 AND 1070590
	Bitmap Heap Scan on sbtest5  (cost=5.48..409.07 rows=102 width=125)
	  Recheck Cond: ((k >= 1070490) AND (k <= 1070590))
	  ->  Bitmap Index Scan on k_5  (cost=0.00..5.45 rows=102 width=0)
	        Index Cond: ((k >= 1070490) AND (k <= 1070590))

table 6 : explain SELECT k, c FROM sbtest6 WHERE k BETWEEN 1070490 AND 1070590
	Bitmap Heap Scan on sbtest6  (cost=5.51..420.88 rows=105 width=125)
	  Recheck Cond: ((k >= 1070490) AND (k <= 1070590))
	  ->  Bitmap Index Scan on k_6  (cost=0.00..5.48 rows=105 width=0)
	        Index Cond: ((k >= 1070490) AND (k <= 1070590))

table 7 : explain SELECT k, c FROM sbtest7 WHERE k BETWEEN 1070490 AND 1070590
	Bitmap Heap Scan on sbtest7  (cost=5.54..432.69 rows=108 width=125)
	  Recheck Cond: ((k >= 1070490) AND (k <= 1070590))
	  ->  Bitmap Index Scan on k_7  (cost=0.00..5.51 rows=108 width=0)
	        Index Cond: ((k >= 1070490) AND (k <= 1070590))

table 8 : explain SELECT k, c FROM sbtest8 WHERE k BETWEEN 1070490 AND 1070590
	Bitmap Heap Scan on sbtest8  (cost=5.42..385.43 rows=96 width=125)
	  Recheck Cond: ((k >= 1070490) AND (k <= 1070590))
	  ->  Bitmap Index Scan on k_8  (cost=0.00..5.39 rows=96 width=0)
	        Index Cond: ((k >= 1070490) AND (k <= 1070590))

explain: for range-notcovered :: explain SELECT k, c FROM sbtest%d WHERE k BETWEEN 1688024 AND 1688124
explain: for range-notcovered :: explain SELECT k, c FROM sbtest%d WHERE k BETWEEN 1070490 AND 1070590
for range-notcovered
table 1 : explain SELECT k, c FROM sbtest1 WHERE k BETWEEN 5047179 AND 5047279
	Bitmap Heap Scan on sbtest1  (cost=5.38..369.67 rows=92 width=125)
	  Recheck Cond: ((k >= 5047179) AND (k <= 5047279))
	  ->  Bitmap Index Scan on k_1  (cost=0.00..5.35 rows=92 width=0)
	        Index Cond: ((k >= 5047179) AND (k <= 5047279))

table 2 : explain SELECT k, c FROM sbtest2 WHERE k BETWEEN 5047179 AND 5047279
	Bitmap Heap Scan on sbtest2  (cost=5.48..409.07 rows=102 width=125)
	  Recheck Cond: ((k >= 5047179) AND (k <= 5047279))
	  ->  Bitmap Index Scan on k_2  (cost=0.00..5.45 rows=102 width=0)
	        Index Cond: ((k >= 5047179) AND (k <= 5047279))

table 3 : explain SELECT k, c FROM sbtest3 WHERE k BETWEEN 5047179 AND 5047279
	Bitmap Heap Scan on sbtest3  (cost=5.41..381.49 rows=95 width=125)
	  Recheck Cond: ((k >= 5047179) AND (k <= 5047279))
	  ->  Bitmap Index Scan on k_3  (cost=0.00..5.38 rows=95 width=0)
	        Index Cond: ((k >= 5047179) AND (k <= 5047279))

table 4 : explain SELECT k, c FROM sbtest4 WHERE k BETWEEN 5047179 AND 5047279
	Bitmap Heap Scan on sbtest4  (cost=5.51..420.88 rows=105 width=125)
	  Recheck Cond: ((k >= 5047179) AND (k <= 5047279))
	  ->  Bitmap Index Scan on k_4  (cost=0.00..5.48 rows=105 width=0)
	        Index Cond: ((k >= 5047179) AND (k <= 5047279))

table 5 : explain SELECT k, c FROM sbtest5 WHERE k BETWEEN 5047179 AND 5047279
	Bitmap Heap Scan on sbtest5  (cost=5.57..444.49 rows=111 width=125)
	  Recheck Cond: ((k >= 5047179) AND (k <= 5047279))
	  ->  Bitmap Index Scan on k_5  (cost=0.00..5.54 rows=111 width=0)
	        Index Cond: ((k >= 5047179) AND (k <= 5047279))

table 6 : explain SELECT k, c FROM sbtest6 WHERE k BETWEEN 5047179 AND 5047279
	Bitmap Heap Scan on sbtest6  (cost=5.50..416.94 rows=104 width=125)
	  Recheck Cond: ((k >= 5047179) AND (k <= 5047279))
	  ->  Bitmap Index Scan on k_6  (cost=0.00..5.47 rows=104 width=0)
	        Index Cond: ((k >= 5047179) AND (k <= 5047279))

table 7 : explain SELECT k, c FROM sbtest7 WHERE k BETWEEN 5047179 AND 5047279
	Bitmap Heap Scan on sbtest7  (cost=5.54..432.69 rows=108 width=125)
	  Recheck Cond: ((k >= 5047179) AND (k <= 5047279))
	  ->  Bitmap Index Scan on k_7  (cost=0.00..5.51 rows=108 width=0)
	        Index Cond: ((k >= 5047179) AND (k <= 5047279))

table 8 : explain SELECT k, c FROM sbtest8 WHERE k BETWEEN 5047179 AND 5047279
	Bitmap Heap Scan on sbtest8  (cost=5.54..432.69 rows=108 width=125)
	  Recheck Cond: ((k >= 5047179) AND (k <= 5047279))
	  ->  Bitmap Index Scan on k_8  (cost=0.00..5.51 rows=108 width=0)
	        Index Cond: ((k >= 5047179) AND (k <= 5047279))

explain: for range-notcovered :: explain SELECT k, c FROM sbtest%d WHERE k BETWEEN 5047179 AND 5047279
explain: for range-notcovered :: explain SELECT k, c FROM sbtest%d WHERE k BETWEEN 8262521 AND 8262621
for range-notcovered
table 1 : explain SELECT k, c FROM sbtest1 WHERE k BETWEEN 5011773 AND 5011873
	Bitmap Heap Scan on sbtest1  (cost=5.38..369.67 rows=92 width=125)
	  Recheck Cond: ((k >= 5011773) AND (k <= 5011873))
	  ->  Bitmap Index Scan on k_1  (cost=0.00..5.35 rows=92 width=0)
	        Index Cond: ((k >= 5011773) AND (k <= 5011873))

table 2 : explain SELECT k, c FROM sbtest2 WHERE k BETWEEN 5011773 AND 5011873
	Bitmap Heap Scan on sbtest2  (cost=5.48..409.07 rows=102 width=125)
	  Recheck Cond: ((k >= 5011773) AND (k <= 5011873))
	  ->  Bitmap Index Scan on k_2  (cost=0.00..5.45 rows=102 width=0)
	        Index Cond: ((k >= 5011773) AND (k <= 5011873))

table 3 : explain SELECT k, c FROM sbtest3 WHERE k BETWEEN 5011773 AND 5011873
	Bitmap Heap Scan on sbtest3  (cost=5.41..381.49 rows=95 width=125)
	  Recheck Cond: ((k >= 5011773) AND (k <= 5011873))
	  ->  Bitmap Index Scan on k_3  (cost=0.00..5.38 rows=95 width=0)
	        Index Cond: ((k >= 5011773) AND (k <= 5011873))

table 4 : explain SELECT k, c FROM sbtest4 WHERE k BETWEEN 5011773 AND 5011873
	Bitmap Heap Scan on sbtest4  (cost=5.51..420.88 rows=105 width=125)
	  Recheck Cond: ((k >= 5011773) AND (k <= 5011873))
	  ->  Bitmap Index Scan on k_4  (cost=0.00..5.48 rows=105 width=0)
	        Index Cond: ((k >= 5011773) AND (k <= 5011873))

table 5 : explain SELECT k, c FROM sbtest5 WHERE k BETWEEN 5011773 AND 5011873
	Bitmap Heap Scan on sbtest5  (cost=5.57..444.49 rows=111 width=125)
	  Recheck Cond: ((k >= 5011773) AND (k <= 5011873))
	  ->  Bitmap Index Scan on k_5  (cost=0.00..5.54 rows=111 width=0)
	        Index Cond: ((k >= 5011773) AND (k <= 5011873))

table 6 : explain SELECT k, c FROM sbtest6 WHERE k BETWEEN 5011773 AND 5011873
	Bitmap Heap Scan on sbtest6  (cost=5.46..401.19 rows=100 width=125)
	  Recheck Cond: ((k >= 5011773) AND (k <= 5011873))
	  ->  Bitmap Index Scan on k_6  (cost=0.00..5.43 rows=100 width=0)
	        Index Cond: ((k >= 5011773) AND (k <= 5011873))

table 7 : explain SELECT k, c FROM sbtest7 WHERE k BETWEEN 5011773 AND 5011873
	Bitmap Heap Scan on sbtest7  (cost=5.54..432.69 rows=108 width=125)
	  Recheck Cond: ((k >= 5011773) AND (k <= 5011873))
	  ->  Bitmap Index Scan on k_7  (cost=0.00..5.51 rows=108 width=0)
	        Index Cond: ((k >= 5011773) AND (k <= 5011873))

table 8 : explain SELECT k, c FROM sbtest8 WHERE k BETWEEN 5011773 AND 5011873
	Bitmap Heap Scan on sbtest8  (cost=5.54..432.69 rows=108 width=125)
	  Recheck Cond: ((k >= 5011773) AND (k <= 5011873))
	  ->  Bitmap Index Scan on k_8  (cost=0.00..5.51 rows=108 width=0)
	        Index Cond: ((k >= 5011773) AND (k <= 5011873))

for range-notcovered
table 1 : explain SELECT k, c FROM sbtest1 WHERE k BETWEEN 1070490 AND 1070590
	Bitmap Heap Scan on sbtest1  (cost=5.40..377.55 rows=94 width=125)
	  Recheck Cond: ((k >= 1070490) AND (k <= 1070590))
	  ->  Bitmap Index Scan on k_1  (cost=0.00..5.38 rows=94 width=0)
	        Index Cond: ((k >= 1070490) AND (k <= 1070590))

table 2 : explain SELECT k, c FROM sbtest2 WHERE k BETWEEN 1070490 AND 1070590
	Bitmap Heap Scan on sbtest2  (cost=5.45..397.25 rows=99 width=125)
	  Recheck Cond: ((k >= 1070490) AND (k <= 1070590))
	  ->  Bitmap Index Scan on k_2  (cost=0.00..5.42 rows=99 width=0)
	        Index Cond: ((k >= 1070490) AND (k <= 1070590))

table 3 : explain SELECT k, c FROM sbtest3 WHERE k BETWEEN 1070490 AND 1070590
	Bitmap Heap Scan on sbtest3  (cost=5.54..432.69 rows=108 width=125)
	  Recheck Cond: ((k >= 1070490) AND (k <= 1070590))
	  ->  Bitmap Index Scan on k_3  (cost=0.00..5.51 rows=108 width=0)
	        Index Cond: ((k >= 1070490) AND (k <= 1070590))

table 4 : explain SELECT k, c FROM sbtest4 WHERE k BETWEEN 1070490 AND 1070590
	Bitmap Heap Scan on sbtest4  (cost=5.47..405.13 rows=101 width=125)
	  Recheck Cond: ((k >= 1070490) AND (k <= 1070590))
	  ->  Bitmap Index Scan on k_4  (cost=0.00..5.44 rows=101 width=0)
	        Index Cond: ((k >= 1070490) AND (k <= 1070590))

table 5 : explain SELECT k, c FROM sbtest5 WHERE k BETWEEN 1070490 AND 1070590
	Bitmap Heap Scan on sbtest5  (cost=5.48..409.07 rows=102 width=125)
	  Recheck Cond: ((k >= 1070490) AND (k <= 1070590))
	  ->  Bitmap Index Scan on k_5  (cost=0.00..5.45 rows=102 width=0)
	        Index Cond: ((k >= 1070490) AND (k <= 1070590))

table 6 : explain SELECT k, c FROM sbtest6 WHERE k BETWEEN 1070490 AND 1070590
	Bitmap Heap Scan on sbtest6  (cost=5.51..420.88 rows=105 width=125)
	  Recheck Cond: ((k >= 1070490) AND (k <= 1070590))
	  ->  Bitmap Index Scan on k_6  (cost=0.00..5.48 rows=105 width=0)
	        Index Cond: ((k >= 1070490) AND (k <= 1070590))

table 7 : explain SELECT k, c FROM sbtest7 WHERE k BETWEEN 1070490 AND 1070590
	Bitmap Heap Scan on sbtest7  (cost=5.54..432.69 rows=108 width=125)
	  Recheck Cond: ((k >= 1070490) AND (k <= 1070590))
	  ->  Bitmap Index Scan on k_7  (cost=0.00..5.51 rows=108 width=0)
	        Index Cond: ((k >= 1070490) AND (k <= 1070590))

table 8 : explain SELECT k, c FROM sbtest8 WHERE k BETWEEN 1070490 AND 1070590
	Bitmap Heap Scan on sbtest8  (cost=5.42..385.43 rows=96 width=125)
	  Recheck Cond: ((k >= 1070490) AND (k <= 1070590))
	  ->  Bitmap Index Scan on k_8  (cost=0.00..5.39 rows=96 width=0)
	        Index Cond: ((k >= 1070490) AND (k <= 1070590))

explain: for range-notcovered :: explain SELECT k, c FROM sbtest%d WHERE k BETWEEN 5011773 AND 5011873
explain: for range-notcovered :: explain SELECT k, c FROM sbtest%d WHERE k BETWEEN 1070490 AND 1070590
for range-notcovered
table 1 : explain SELECT k, c FROM sbtest1 WHERE k BETWEEN 1688024 AND 1688124
	Bitmap Heap Scan on sbtest1  (cost=5.50..416.94 rows=104 width=125)
	  Recheck Cond: ((k >= 1688024) AND (k <= 1688124))
	  ->  Bitmap Index Scan on k_1  (cost=0.00..5.47 rows=104 width=0)
	        Index Cond: ((k >= 1688024) AND (k <= 1688124))

table 2 : explain SELECT k, c FROM sbtest2 WHERE k BETWEEN 1688024 AND 1688124
	Bitmap Heap Scan on sbtest2  (cost=5.47..405.13 rows=101 width=125)
	  Recheck Cond: ((k >= 1688024) AND (k <= 1688124))
	  ->  Bitmap Index Scan on k_2  (cost=0.00..5.44 rows=101 width=0)
	        Index Cond: ((k >= 1688024) AND (k <= 1688124))

table 3 : explain SELECT k, c FROM sbtest3 WHERE k BETWEEN 1688024 AND 1688124
	Bitmap Heap Scan on sbtest3  (cost=5.46..401.19 rows=100 width=125)
	  Recheck Cond: ((k >= 1688024) AND (k <= 1688124))
	  ->  Bitmap Index Scan on k_3  (cost=0.00..5.43 rows=100 width=0)
	        Index Cond: ((k >= 1688024) AND (k <= 1688124))

table 4 : explain SELECT k, c FROM sbtest4 WHERE k BETWEEN 1688024 AND 1688124
	Bitmap Heap Scan on sbtest4  (cost=5.43..389.37 rows=97 width=125)
	  Recheck Cond: ((k >= 1688024) AND (k <= 1688124))
	  ->  Bitmap Index Scan on k_4  (cost=0.00..5.40 rows=97 width=0)
	        Index Cond: ((k >= 1688024) AND (k <= 1688124))

table 5 : explain SELECT k, c FROM sbtest5 WHERE k BETWEEN 1688024 AND 1688124
	Bitmap Heap Scan on sbtest5  (cost=5.38..369.67 rows=92 width=125)
	  Recheck Cond: ((k >= 1688024) AND (k <= 1688124))
	  ->  Bitmap Index Scan on k_5  (cost=0.00..5.35 rows=92 width=0)
	        Index Cond: ((k >= 1688024) AND (k <= 1688124))

table 6 : explain SELECT k, c FROM sbtest6 WHERE k BETWEEN 1688024 AND 1688124
	Bitmap Heap Scan on sbtest6  (cost=5.47..405.13 rows=101 width=125)
	  Recheck Cond: ((k >= 1688024) AND (k <= 1688124))
	  ->  Bitmap Index Scan on k_6  (cost=0.00..5.44 rows=101 width=0)
	        Index Cond: ((k >= 1688024) AND (k <= 1688124))

table 7 : explain SELECT k, c FROM sbtest7 WHERE k BETWEEN 1688024 AND 1688124
	Bitmap Heap Scan on sbtest7  (cost=5.48..409.07 rows=102 width=125)
	  Recheck Cond: ((k >= 1688024) AND (k <= 1688124))
	  ->  Bitmap Index Scan on k_7  (cost=0.00..5.45 rows=102 width=0)
	        Index Cond: ((k >= 1688024) AND (k <= 1688124))

table 8 : explain SELECT k, c FROM sbtest8 WHERE k BETWEEN 1688024 AND 1688124
	Bitmap Heap Scan on sbtest8  (cost=5.50..416.94 rows=104 width=125)
	  Recheck Cond: ((k >= 1688024) AND (k <= 1688124))
	  ->  Bitmap Index Scan on k_8  (cost=0.00..5.47 rows=104 width=0)
	        Index Cond: ((k >= 1688024) AND (k <= 1688124))

explain: for range-notcovered :: explain SELECT k, c FROM sbtest%d WHERE k BETWEEN 1688024 AND 1688124
for range-notcovered
table 1 : explain SELECT k, c FROM sbtest1 WHERE k BETWEEN 5047179 AND 5047279
	Bitmap Heap Scan on sbtest1  (cost=5.38..369.67 rows=92 width=125)
	  Recheck Cond: ((k >= 5047179) AND (k <= 5047279))
	  ->  Bitmap Index Scan on k_1  (cost=0.00..5.35 rows=92 width=0)
	        Index Cond: ((k >= 5047179) AND (k <= 5047279))

table 2 : explain SELECT k, c FROM sbtest2 WHERE k BETWEEN 5047179 AND 5047279
	Bitmap Heap Scan on sbtest2  (cost=5.48..409.07 rows=102 width=125)
	  Recheck Cond: ((k >= 5047179) AND (k <= 5047279))
	  ->  Bitmap Index Scan on k_2  (cost=0.00..5.45 rows=102 width=0)
	        Index Cond: ((k >= 5047179) AND (k <= 5047279))

table 3 : explain SELECT k, c FROM sbtest3 WHERE k BETWEEN 5047179 AND 5047279
	Bitmap Heap Scan on sbtest3  (cost=5.41..381.49 rows=95 width=125)
	  Recheck Cond: ((k >= 5047179) AND (k <= 5047279))
	  ->  Bitmap Index Scan on k_3  (cost=0.00..5.38 rows=95 width=0)
	        Index Cond: ((k >= 5047179) AND (k <= 5047279))

table 4 : explain SELECT k, c FROM sbtest4 WHERE k BETWEEN 5047179 AND 5047279
	Bitmap Heap Scan on sbtest4  (cost=5.51..420.88 rows=105 width=125)
	  Recheck Cond: ((k >= 5047179) AND (k <= 5047279))
	  ->  Bitmap Index Scan on k_4  (cost=0.00..5.48 rows=105 width=0)
	        Index Cond: ((k >= 5047179) AND (k <= 5047279))

table 5 : explain SELECT k, c FROM sbtest5 WHERE k BETWEEN 5047179 AND 5047279
	Bitmap Heap Scan on sbtest5  (cost=5.57..444.49 rows=111 width=125)
	  Recheck Cond: ((k >= 5047179) AND (k <= 5047279))
	  ->  Bitmap Index Scan on k_5  (cost=0.00..5.54 rows=111 width=0)
	        Index Cond: ((k >= 5047179) AND (k <= 5047279))

table 6 : explain SELECT k, c FROM sbtest6 WHERE k BETWEEN 5047179 AND 5047279
	Bitmap Heap Scan on sbtest6  (cost=5.50..416.94 rows=104 width=125)
	  Recheck Cond: ((k >= 5047179) AND (k <= 5047279))
	  ->  Bitmap Index Scan on k_6  (cost=0.00..5.47 rows=104 width=0)
	        Index Cond: ((k >= 5047179) AND (k <= 5047279))

table 7 : explain SELECT k, c FROM sbtest7 WHERE k BETWEEN 5047179 AND 5047279
	Bitmap Heap Scan on sbtest7  (cost=5.54..432.69 rows=108 width=125)
	  Recheck Cond: ((k >= 5047179) AND (k <= 5047279))
	  ->  Bitmap Index Scan on k_7  (cost=0.00..5.51 rows=108 width=0)
	        Index Cond: ((k >= 5047179) AND (k <= 5047279))

table 8 : explain SELECT k, c FROM sbtest8 WHERE k BETWEEN 5047179 AND 5047279
	Bitmap Heap Scan on sbtest8  (cost=5.54..432.69 rows=108 width=125)
	  Recheck Cond: ((k >= 5047179) AND (k <= 5047279))
	  ->  Bitmap Index Scan on k_8  (cost=0.00..5.51 rows=108 width=0)
	        Index Cond: ((k >= 5047179) AND (k <= 5047279))

explain: for range-notcovered :: explain SELECT k, c FROM sbtest%d WHERE k BETWEEN 5047179 AND 5047279
for range-notcovered
table 1 : explain SELECT k, c FROM sbtest1 WHERE k BETWEEN 5011773 AND 5011873
	Bitmap Heap Scan on sbtest1  (cost=5.38..369.67 rows=92 width=125)
	  Recheck Cond: ((k >= 5011773) AND (k <= 5011873))
	  ->  Bitmap Index Scan on k_1  (cost=0.00..5.35 rows=92 width=0)
	        Index Cond: ((k >= 5011773) AND (k <= 5011873))

table 2 : explain SELECT k, c FROM sbtest2 WHERE k BETWEEN 5011773 AND 5011873
	Bitmap Heap Scan on sbtest2  (cost=5.48..409.07 rows=102 width=125)
	  Recheck Cond: ((k >= 5011773) AND (k <= 5011873))
	  ->  Bitmap Index Scan on k_2  (cost=0.00..5.45 rows=102 width=0)
	        Index Cond: ((k >= 5011773) AND (k <= 5011873))

table 3 : explain SELECT k, c FROM sbtest3 WHERE k BETWEEN 5011773 AND 5011873
	Bitmap Heap Scan on sbtest3  (cost=5.41..381.49 rows=95 width=125)
	  Recheck Cond: ((k >= 5011773) AND (k <= 5011873))
	  ->  Bitmap Index Scan on k_3  (cost=0.00..5.38 rows=95 width=0)
	        Index Cond: ((k >= 5011773) AND (k <= 5011873))

table 4 : explain SELECT k, c FROM sbtest4 WHERE k BETWEEN 5011773 AND 5011873
	Bitmap Heap Scan on sbtest4  (cost=5.51..420.88 rows=105 width=125)
	  Recheck Cond: ((k >= 5011773) AND (k <= 5011873))
	  ->  Bitmap Index Scan on k_4  (cost=0.00..5.48 rows=105 width=0)
	        Index Cond: ((k >= 5011773) AND (k <= 5011873))

table 5 : explain SELECT k, c FROM sbtest5 WHERE k BETWEEN 5011773 AND 5011873
	Bitmap Heap Scan on sbtest5  (cost=5.57..444.49 rows=111 width=125)
	  Recheck Cond: ((k >= 5011773) AND (k <= 5011873))
	  ->  Bitmap Index Scan on k_5  (cost=0.00..5.54 rows=111 width=0)
	        Index Cond: ((k >= 5011773) AND (k <= 5011873))

table 6 : explain SELECT k, c FROM sbtest6 WHERE k BETWEEN 5011773 AND 5011873
	Bitmap Heap Scan on sbtest6  (cost=5.46..401.19 rows=100 width=125)
	  Recheck Cond: ((k >= 5011773) AND (k <= 5011873))
	  ->  Bitmap Index Scan on k_6  (cost=0.00..5.43 rows=100 width=0)
	        Index Cond: ((k >= 5011773) AND (k <= 5011873))

table 7 : explain SELECT k, c FROM sbtest7 WHERE k BETWEEN 5011773 AND 5011873
	Bitmap Heap Scan on sbtest7  (cost=5.54..432.69 rows=108 width=125)
	  Recheck Cond: ((k >= 5011773) AND (k <= 5011873))
	  ->  Bitmap Index Scan on k_7  (cost=0.00..5.51 rows=108 width=0)
	        Index Cond: ((k >= 5011773) AND (k <= 5011873))

table 8 : explain SELECT k, c FROM sbtest8 WHERE k BETWEEN 5011773 AND 5011873
	Bitmap Heap Scan on sbtest8  (cost=5.54..432.69 rows=108 width=125)
	  Recheck Cond: ((k >= 5011773) AND (k <= 5011873))
	  ->  Bitmap Index Scan on k_8  (cost=0.00..5.51 rows=108 width=0)
	        Index Cond: ((k >= 5011773) AND (k <= 5011873))

explain: for range-notcovered :: explain SELECT k, c FROM sbtest%d WHERE k BETWEEN 5011773 AND 5011873
for range-notcovered
table 1 : explain SELECT k, c FROM sbtest1 WHERE k BETWEEN 1070490 AND 1070590
	Bitmap Heap Scan on sbtest1  (cost=5.40..377.55 rows=94 width=125)
	  Recheck Cond: ((k >= 1070490) AND (k <= 1070590))
	  ->  Bitmap Index Scan on k_1  (cost=0.00..5.38 rows=94 width=0)
	        Index Cond: ((k >= 1070490) AND (k <= 1070590))

table 2 : explain SELECT k, c FROM sbtest2 WHERE k BETWEEN 1070490 AND 1070590
	Bitmap Heap Scan on sbtest2  (cost=5.45..397.25 rows=99 width=125)
	  Recheck Cond: ((k >= 1070490) AND (k <= 1070590))
	  ->  Bitmap Index Scan on k_2  (cost=0.00..5.42 rows=99 width=0)
	        Index Cond: ((k >= 1070490) AND (k <= 1070590))

table 3 : explain SELECT k, c FROM sbtest3 WHERE k BETWEEN 1070490 AND 1070590
	Bitmap Heap Scan on sbtest3  (cost=5.54..432.69 rows=108 width=125)
	  Recheck Cond: ((k >= 1070490) AND (k <= 1070590))
	  ->  Bitmap Index Scan on k_3  (cost=0.00..5.51 rows=108 width=0)
	        Index Cond: ((k >= 1070490) AND (k <= 1070590))

table 4 : explain SELECT k, c FROM sbtest4 WHERE k BETWEEN 1070490 AND 1070590
	Bitmap Heap Scan on sbtest4  (cost=5.47..405.13 rows=101 width=125)
	  Recheck Cond: ((k >= 1070490) AND (k <= 1070590))
	  ->  Bitmap Index Scan on k_4  (cost=0.00..5.44 rows=101 width=0)
	        Index Cond: ((k >= 1070490) AND (k <= 1070590))

table 5 : explain SELECT k, c FROM sbtest5 WHERE k BETWEEN 1070490 AND 1070590
	Bitmap Heap Scan on sbtest5  (cost=5.48..409.07 rows=102 width=125)
	  Recheck Cond: ((k >= 1070490) AND (k <= 1070590))
	  ->  Bitmap Index Scan on k_5  (cost=0.00..5.45 rows=102 width=0)
	        Index Cond: ((k >= 1070490) AND (k <= 1070590))

table 6 : explain SELECT k, c FROM sbtest6 WHERE k BETWEEN 1070490 AND 1070590
	Bitmap Heap Scan on sbtest6  (cost=5.51..420.88 rows=105 width=125)
	  Recheck Cond: ((k >= 1070490) AND (k <= 1070590))
	  ->  Bitmap Index Scan on k_6  (cost=0.00..5.48 rows=105 width=0)
	        Index Cond: ((k >= 1070490) AND (k <= 1070590))

table 7 : explain SELECT k, c FROM sbtest7 WHERE k BETWEEN 1070490 AND 1070590
	Bitmap Heap Scan on sbtest7  (cost=5.54..432.69 rows=108 width=125)
	  Recheck Cond: ((k >= 1070490) AND (k <= 1070590))
	  ->  Bitmap Index Scan on k_7  (cost=0.00..5.51 rows=108 width=0)
	        Index Cond: ((k >= 1070490) AND (k <= 1070590))

table 8 : explain SELECT k, c FROM sbtest8 WHERE k BETWEEN 1070490 AND 1070590
	Bitmap Heap Scan on sbtest8  (cost=5.42..385.43 rows=96 width=125)
	  Recheck Cond: ((k >= 1070490) AND (k <= 1070590))
	  ->  Bitmap Index Scan on k_8  (cost=0.00..5.39 rows=96 width=0)
	        Index Cond: ((k >= 1070490) AND (k <= 1070590))

for range-notcovered
table 1 : explain SELECT k, c FROM sbtest1 WHERE k BETWEEN 963036 AND 963136
	Bitmap Heap Scan on sbtest1  (cost=5.43..389.37 rows=97 width=125)
	  Recheck Cond: ((k >= 963036) AND (k <= 963136))
	  ->  Bitmap Index Scan on k_1  (cost=0.00..5.40 rows=97 width=0)
	        Index Cond: ((k >= 963036) AND (k <= 963136))

table 2 : explain SELECT k, c FROM sbtest2 WHERE k BETWEEN 963036 AND 963136
	Bitmap Heap Scan on sbtest2  (cost=5.49..413.00 rows=103 width=125)
	  Recheck Cond: ((k >= 963036) AND (k <= 963136))
	  ->  Bitmap Index Scan on k_2  (cost=0.00..5.46 rows=103 width=0)
	        Index Cond: ((k >= 963036) AND (k <= 963136))

table 3 : explain SELECT k, c FROM sbtest3 WHERE k BETWEEN 963036 AND 963136
	Bitmap Heap Scan on sbtest3  (cost=5.55..436.62 rows=109 width=125)
	  Recheck Cond: ((k >= 963036) AND (k <= 963136))
	  ->  Bitmap Index Scan on k_3  (cost=0.00..5.52 rows=109 width=0)
	        Index Cond: ((k >= 963036) AND (k <= 963136))

table 4 : explain SELECT k, c FROM sbtest4 WHERE k BETWEEN 963036 AND 963136
	Bitmap Heap Scan on sbtest4  (cost=5.43..389.37 rows=97 width=125)
	  Recheck Cond: ((k >= 963036) AND (k <= 963136))
	  ->  Bitmap Index Scan on k_4  (cost=0.00..5.40 rows=97 width=0)
	        Index Cond: ((k >= 963036) AND (k <= 963136))

table 5 : explain SELECT k, c FROM sbtest5 WHERE k BETWEEN 963036 AND 963136
	Bitmap Heap Scan on sbtest5  (cost=5.46..401.19 rows=100 width=125)
	  Recheck Cond: ((k >= 963036) AND (k <= 963136))
	  ->  Bitmap Index Scan on k_5  (cost=0.00..5.43 rows=100 width=0)
	        Index Cond: ((k >= 963036) AND (k <= 963136))

table 6 : explain SELECT k, c FROM sbtest6 WHERE k BETWEEN 963036 AND 963136
	Bitmap Heap Scan on sbtest6  (cost=5.52..424.81 rows=106 width=125)
	  Recheck Cond: ((k >= 963036) AND (k <= 963136))
	  ->  Bitmap Index Scan on k_6  (cost=0.00..5.50 rows=106 width=0)
	        Index Cond: ((k >= 963036) AND (k <= 963136))

table 7 : explain SELECT k, c FROM sbtest7 WHERE k BETWEEN 963036 AND 963136
	Bitmap Heap Scan on sbtest7  (cost=5.38..369.67 rows=92 width=125)
	  Recheck Cond: ((k >= 963036) AND (k <= 963136))
	  ->  Bitmap Index Scan on k_7  (cost=0.00..5.35 rows=92 width=0)
	        Index Cond: ((k >= 963036) AND (k <= 963136))

table 8 : explain SELECT k, c FROM sbtest8 WHERE k BETWEEN 963036 AND 963136
	Bitmap Heap Scan on sbtest8  (cost=5.50..416.94 rows=104 width=125)
	  Recheck Cond: ((k >= 963036) AND (k <= 963136))
	  ->  Bitmap Index Scan on k_8  (cost=0.00..5.47 rows=104 width=0)
	        Index Cond: ((k >= 963036) AND (k <= 963136))

for range-notcovered
table 1 : explain SELECT k, c FROM sbtest1 WHERE k BETWEEN 5047179 AND 5047279
	Bitmap Heap Scan on sbtest1  (cost=5.38..369.67 rows=92 width=125)
	  Recheck Cond: ((k >= 5047179) AND (k <= 5047279))
	  ->  Bitmap Index Scan on k_1  (cost=0.00..5.35 rows=92 width=0)
	        Index Cond: ((k >= 5047179) AND (k <= 5047279))

table 2 : explain SELECT k, c FROM sbtest2 WHERE k BETWEEN 5047179 AND 5047279
	Bitmap Heap Scan on sbtest2  (cost=5.48..409.07 rows=102 width=125)
	  Recheck Cond: ((k >= 5047179) AND (k <= 5047279))
	  ->  Bitmap Index Scan on k_2  (cost=0.00..5.45 rows=102 width=0)
	        Index Cond: ((k >= 5047179) AND (k <= 5047279))

table 3 : explain SELECT k, c FROM sbtest3 WHERE k BETWEEN 5047179 AND 5047279
	Bitmap Heap Scan on sbtest3  (cost=5.41..381.49 rows=95 width=125)
	  Recheck Cond: ((k >= 5047179) AND (k <= 5047279))
	  ->  Bitmap Index Scan on k_3  (cost=0.00..5.38 rows=95 width=0)
	        Index Cond: ((k >= 5047179) AND (k <= 5047279))

table 4 : explain SELECT k, c FROM sbtest4 WHERE k BETWEEN 5047179 AND 5047279
	Bitmap Heap Scan on sbtest4  (cost=5.51..420.88 rows=105 width=125)
	  Recheck Cond: ((k >= 5047179) AND (k <= 5047279))
	  ->  Bitmap Index Scan on k_4  (cost=0.00..5.48 rows=105 width=0)
	        Index Cond: ((k >= 5047179) AND (k <= 5047279))

table 5 : explain SELECT k, c FROM sbtest5 WHERE k BETWEEN 5047179 AND 5047279
	Bitmap Heap Scan on sbtest5  (cost=5.57..444.49 rows=111 width=125)
	  Recheck Cond: ((k >= 5047179) AND (k <= 5047279))
	  ->  Bitmap Index Scan on k_5  (cost=0.00..5.54 rows=111 width=0)
	        Index Cond: ((k >= 5047179) AND (k <= 5047279))

table 6 : explain SELECT k, c FROM sbtest6 WHERE k BETWEEN 5047179 AND 5047279
	Bitmap Heap Scan on sbtest6  (cost=5.50..416.94 rows=104 width=125)
	  Recheck Cond: ((k >= 5047179) AND (k <= 5047279))
	  ->  Bitmap Index Scan on k_6  (cost=0.00..5.47 rows=104 width=0)
	        Index Cond: ((k >= 5047179) AND (k <= 5047279))

table 7 : explain SELECT k, c FROM sbtest7 WHERE k BETWEEN 5047179 AND 5047279
	Bitmap Heap Scan on sbtest7  (cost=5.54..432.69 rows=108 width=125)
	  Recheck Cond: ((k >= 5047179) AND (k <= 5047279))
	  ->  Bitmap Index Scan on k_7  (cost=0.00..5.51 rows=108 width=0)
	        Index Cond: ((k >= 5047179) AND (k <= 5047279))

table 8 : explain SELECT k, c FROM sbtest8 WHERE k BETWEEN 5047179 AND 5047279
	Bitmap Heap Scan on sbtest8  (cost=5.54..432.69 rows=108 width=125)
	  Recheck Cond: ((k >= 5047179) AND (k <= 5047279))
	  ->  Bitmap Index Scan on k_8  (cost=0.00..5.51 rows=108 width=0)
	        Index Cond: ((k >= 5047179) AND (k <= 5047279))

explain: for range-notcovered :: explain SELECT k, c FROM sbtest%d WHERE k BETWEEN 5047179 AND 5047279
explain: for range-notcovered :: explain SELECT k, c FROM sbtest%d WHERE k BETWEEN 963036 AND 963136
for range-notcovered
table 1 : explain SELECT k, c FROM sbtest1 WHERE k BETWEEN 5011773 AND 5011873
	Bitmap Heap Scan on sbtest1  (cost=5.38..369.67 rows=92 width=125)
	  Recheck Cond: ((k >= 5011773) AND (k <= 5011873))
	  ->  Bitmap Index Scan on k_1  (cost=0.00..5.35 rows=92 width=0)
	        Index Cond: ((k >= 5011773) AND (k <= 5011873))

table 2 : explain SELECT k, c FROM sbtest2 WHERE k BETWEEN 5011773 AND 5011873
	Bitmap Heap Scan on sbtest2  (cost=5.48..409.07 rows=102 width=125)
	  Recheck Cond: ((k >= 5011773) AND (k <= 5011873))
	  ->  Bitmap Index Scan on k_2  (cost=0.00..5.45 rows=102 width=0)
	        Index Cond: ((k >= 5011773) AND (k <= 5011873))

table 3 : explain SELECT k, c FROM sbtest3 WHERE k BETWEEN 5011773 AND 5011873
	Bitmap Heap Scan on sbtest3  (cost=5.41..381.49 rows=95 width=125)
	  Recheck Cond: ((k >= 5011773) AND (k <= 5011873))
	  ->  Bitmap Index Scan on k_3  (cost=0.00..5.38 rows=95 width=0)
	        Index Cond: ((k >= 5011773) AND (k <= 5011873))

table 4 : explain SELECT k, c FROM sbtest4 WHERE k BETWEEN 5011773 AND 5011873
	Bitmap Heap Scan on sbtest4  (cost=5.51..420.88 rows=105 width=125)
	  Recheck Cond: ((k >= 5011773) AND (k <= 5011873))
	  ->  Bitmap Index Scan on k_4  (cost=0.00..5.48 rows=105 width=0)
	        Index Cond: ((k >= 5011773) AND (k <= 5011873))

table 5 : explain SELECT k, c FROM sbtest5 WHERE k BETWEEN 5011773 AND 5011873
	Bitmap Heap Scan on sbtest5  (cost=5.57..444.49 rows=111 width=125)
	  Recheck Cond: ((k >= 5011773) AND (k <= 5011873))
	  ->  Bitmap Index Scan on k_5  (cost=0.00..5.54 rows=111 width=0)
	        Index Cond: ((k >= 5011773) AND (k <= 5011873))

table 6 : explain SELECT k, c FROM sbtest6 WHERE k BETWEEN 5011773 AND 5011873
	Bitmap Heap Scan on sbtest6  (cost=5.46..401.19 rows=100 width=125)
	  Recheck Cond: ((k >= 5011773) AND (k <= 5011873))
	  ->  Bitmap Index Scan on k_6  (cost=0.00..5.43 rows=100 width=0)
	        Index Cond: ((k >= 5011773) AND (k <= 5011873))

table 7 : explain SELECT k, c FROM sbtest7 WHERE k BETWEEN 5011773 AND 5011873
	Bitmap Heap Scan on sbtest7  (cost=5.54..432.69 rows=108 width=125)
	  Recheck Cond: ((k >= 5011773) AND (k <= 5011873))
	  ->  Bitmap Index Scan on k_7  (cost=0.00..5.51 rows=108 width=0)
	        Index Cond: ((k >= 5011773) AND (k <= 5011873))

table 8 : explain SELECT k, c FROM sbtest8 WHERE k BETWEEN 5011773 AND 5011873
	Bitmap Heap Scan on sbtest8  (cost=5.54..432.69 rows=108 width=125)
	  Recheck Cond: ((k >= 5011773) AND (k <= 5011873))
	  ->  Bitmap Index Scan on k_8  (cost=0.00..5.51 rows=108 width=0)
	        Index Cond: ((k >= 5011773) AND (k <= 5011873))

explain: for range-notcovered :: explain SELECT k, c FROM sbtest%d WHERE k BETWEEN 5011773 AND 5011873
explain: for range-notcovered :: explain SELECT k, c FROM sbtest%d WHERE k BETWEEN 4774149 AND 4774249
explain: for range-notcovered :: explain SELECT k, c FROM sbtest%d WHERE k BETWEEN 1070490 AND 1070590
for range-notcovered
table 1 : explain SELECT k, c FROM sbtest1 WHERE k BETWEEN 2523731 AND 2523831
	Bitmap Heap Scan on sbtest1  (cost=5.37..365.72 rows=91 width=125)
	  Recheck Cond: ((k >= 2523731) AND (k <= 2523831))
	  ->  Bitmap Index Scan on k_1  (cost=0.00..5.34 rows=91 width=0)
	        Index Cond: ((k >= 2523731) AND (k <= 2523831))

table 2 : explain SELECT k, c FROM sbtest2 WHERE k BETWEEN 2523731 AND 2523831
	Bitmap Heap Scan on sbtest2  (cost=5.53..428.75 rows=107 width=125)
	  Recheck Cond: ((k >= 2523731) AND (k <= 2523831))
	  ->  Bitmap Index Scan on k_2  (cost=0.00..5.50 rows=107 width=0)
	        Index Cond: ((k >= 2523731) AND (k <= 2523831))

table 3 : explain SELECT k, c FROM sbtest3 WHERE k BETWEEN 2523731 AND 2523831
	Bitmap Heap Scan on sbtest3  (cost=5.47..405.13 rows=101 width=125)
	  Recheck Cond: ((k >= 2523731) AND (k <= 2523831))
	  ->  Bitmap Index Scan on k_3  (cost=0.00..5.44 rows=101 width=0)
	        Index Cond: ((k >= 2523731) AND (k <= 2523831))

table 4 : explain SELECT k, c FROM sbtest4 WHERE k BETWEEN 2523731 AND 2523831
	Bitmap Heap Scan on sbtest4  (cost=5.47..405.13 rows=101 width=125)
	  Recheck Cond: ((k >= 2523731) AND (k <= 2523831))
	  ->  Bitmap Index Scan on k_4  (cost=0.00..5.44 rows=101 width=0)
	        Index Cond: ((k >= 2523731) AND (k <= 2523831))

table 5 : explain SELECT k, c FROM sbtest5 WHERE k BETWEEN 2523731 AND 2523831
	Bitmap Heap Scan on sbtest5  (cost=5.54..432.69 rows=108 width=125)
	  Recheck Cond: ((k >= 2523731) AND (k <= 2523831))
	  ->  Bitmap Index Scan on k_5  (cost=0.00..5.51 rows=108 width=0)
	        Index Cond: ((k >= 2523731) AND (k <= 2523831))

table 6 : explain SELECT k, c FROM sbtest6 WHERE k BETWEEN 2523731 AND 2523831
	Bitmap Heap Scan on sbtest6  (cost=5.51..420.88 rows=105 width=125)
	  Recheck Cond: ((k >= 2523731) AND (k <= 2523831))
	  ->  Bitmap Index Scan on k_6  (cost=0.00..5.48 rows=105 width=0)
	        Index Cond: ((k >= 2523731) AND (k <= 2523831))

table 7 : explain SELECT k, c FROM sbtest7 WHERE k BETWEEN 2523731 AND 2523831
	Bitmap Heap Scan on sbtest7  (cost=5.42..385.43 rows=96 width=125)
	  Recheck Cond: ((k >= 2523731) AND (k <= 2523831))
	  ->  Bitmap Index Scan on k_7  (cost=0.00..5.39 rows=96 width=0)
	        Index Cond: ((k >= 2523731) AND (k <= 2523831))

table 8 : explain SELECT k, c FROM sbtest8 WHERE k BETWEEN 2523731 AND 2523831
	Bitmap Heap Scan on sbtest8  (cost=5.49..413.00 rows=103 width=125)
	  Recheck Cond: ((k >= 2523731) AND (k <= 2523831))
	  ->  Bitmap Index Scan on k_8  (cost=0.00..5.46 rows=103 width=0)
	        Index Cond: ((k >= 2523731) AND (k <= 2523831))

for range-notcovered
table 1 : explain SELECT k, c FROM sbtest1 WHERE k BETWEEN 5047179 AND 5047279
	Bitmap Heap Scan on sbtest1  (cost=5.38..369.67 rows=92 width=125)
	  Recheck Cond: ((k >= 5047179) AND (k <= 5047279))
	  ->  Bitmap Index Scan on k_1  (cost=0.00..5.35 rows=92 width=0)
	        Index Cond: ((k >= 5047179) AND (k <= 5047279))

table 2 : explain SELECT k, c FROM sbtest2 WHERE k BETWEEN 5047179 AND 5047279
	Bitmap Heap Scan on sbtest2  (cost=5.48..409.07 rows=102 width=125)
	  Recheck Cond: ((k >= 5047179) AND (k <= 5047279))
	  ->  Bitmap Index Scan on k_2  (cost=0.00..5.45 rows=102 width=0)
	        Index Cond: ((k >= 5047179) AND (k <= 5047279))

table 3 : explain SELECT k, c FROM sbtest3 WHERE k BETWEEN 5047179 AND 5047279
	Bitmap Heap Scan on sbtest3  (cost=5.41..381.49 rows=95 width=125)
	  Recheck Cond: ((k >= 5047179) AND (k <= 5047279))
	  ->  Bitmap Index Scan on k_3  (cost=0.00..5.38 rows=95 width=0)
	        Index Cond: ((k >= 5047179) AND (k <= 5047279))

table 4 : explain SELECT k, c FROM sbtest4 WHERE k BETWEEN 5047179 AND 5047279
	Bitmap Heap Scan on sbtest4  (cost=5.51..420.88 rows=105 width=125)
	  Recheck Cond: ((k >= 5047179) AND (k <= 5047279))
	  ->  Bitmap Index Scan on k_4  (cost=0.00..5.48 rows=105 width=0)
	        Index Cond: ((k >= 5047179) AND (k <= 5047279))

table 5 : explain SELECT k, c FROM sbtest5 WHERE k BETWEEN 5047179 AND 5047279
	Bitmap Heap Scan on sbtest5  (cost=5.57..444.49 rows=111 width=125)
	  Recheck Cond: ((k >= 5047179) AND (k <= 5047279))
	  ->  Bitmap Index Scan on k_5  (cost=0.00..5.54 rows=111 width=0)
	        Index Cond: ((k >= 5047179) AND (k <= 5047279))

table 6 : explain SELECT k, c FROM sbtest6 WHERE k BETWEEN 5047179 AND 5047279
	Bitmap Heap Scan on sbtest6  (cost=5.50..416.94 rows=104 width=125)
	  Recheck Cond: ((k >= 5047179) AND (k <= 5047279))
	  ->  Bitmap Index Scan on k_6  (cost=0.00..5.47 rows=104 width=0)
	        Index Cond: ((k >= 5047179) AND (k <= 5047279))

table 7 : explain SELECT k, c FROM sbtest7 WHERE k BETWEEN 5047179 AND 5047279
	Bitmap Heap Scan on sbtest7  (cost=5.54..432.69 rows=108 width=125)
	  Recheck Cond: ((k >= 5047179) AND (k <= 5047279))
	  ->  Bitmap Index Scan on k_7  (cost=0.00..5.51 rows=108 width=0)
	        Index Cond: ((k >= 5047179) AND (k <= 5047279))

table 8 : explain SELECT k, c FROM sbtest8 WHERE k BETWEEN 5047179 AND 5047279
	Bitmap Heap Scan on sbtest8  (cost=5.54..432.69 rows=108 width=125)
	  Recheck Cond: ((k >= 5047179) AND (k <= 5047279))
	  ->  Bitmap Index Scan on k_8  (cost=0.00..5.51 rows=108 width=0)
	        Index Cond: ((k >= 5047179) AND (k <= 5047279))

explain: for range-notcovered :: explain SELECT k, c FROM sbtest%d WHERE k BETWEEN 5047179 AND 5047279
explain: for range-notcovered :: explain SELECT k, c FROM sbtest%d WHERE k BETWEEN 2523731 AND 2523831
for range-notcovered
table 1 : explain SELECT k, c FROM sbtest1 WHERE k BETWEEN 5011773 AND 5011873
	Bitmap Heap Scan on sbtest1  (cost=5.38..369.67 rows=92 width=125)
	  Recheck Cond: ((k >= 5011773) AND (k <= 5011873))
	  ->  Bitmap Index Scan on k_1  (cost=0.00..5.35 rows=92 width=0)
	        Index Cond: ((k >= 5011773) AND (k <= 5011873))

table 2 : explain SELECT k, c FROM sbtest2 WHERE k BETWEEN 5011773 AND 5011873
	Bitmap Heap Scan on sbtest2  (cost=5.48..409.07 rows=102 width=125)
	  Recheck Cond: ((k >= 5011773) AND (k <= 5011873))
	  ->  Bitmap Index Scan on k_2  (cost=0.00..5.45 rows=102 width=0)
	        Index Cond: ((k >= 5011773) AND (k <= 5011873))

table 3 : explain SELECT k, c FROM sbtest3 WHERE k BETWEEN 5011773 AND 5011873
	Bitmap Heap Scan on sbtest3  (cost=5.41..381.49 rows=95 width=125)
	  Recheck Cond: ((k >= 5011773) AND (k <= 5011873))
	  ->  Bitmap Index Scan on k_3  (cost=0.00..5.38 rows=95 width=0)
	        Index Cond: ((k >= 5011773) AND (k <= 5011873))

table 4 : explain SELECT k, c FROM sbtest4 WHERE k BETWEEN 5011773 AND 5011873
	Bitmap Heap Scan on sbtest4  (cost=5.51..420.88 rows=105 width=125)
	  Recheck Cond: ((k >= 5011773) AND (k <= 5011873))
	  ->  Bitmap Index Scan on k_4  (cost=0.00..5.48 rows=105 width=0)
	        Index Cond: ((k >= 5011773) AND (k <= 5011873))

table 5 : explain SELECT k, c FROM sbtest5 WHERE k BETWEEN 5011773 AND 5011873
	Bitmap Heap Scan on sbtest5  (cost=5.57..444.49 rows=111 width=125)
	  Recheck Cond: ((k >= 5011773) AND (k <= 5011873))
	  ->  Bitmap Index Scan on k_5  (cost=0.00..5.54 rows=111 width=0)
	        Index Cond: ((k >= 5011773) AND (k <= 5011873))

table 6 : explain SELECT k, c FROM sbtest6 WHERE k BETWEEN 5011773 AND 5011873
	Bitmap Heap Scan on sbtest6  (cost=5.46..401.19 rows=100 width=125)
	  Recheck Cond: ((k >= 5011773) AND (k <= 5011873))
	  ->  Bitmap Index Scan on k_6  (cost=0.00..5.43 rows=100 width=0)
	        Index Cond: ((k >= 5011773) AND (k <= 5011873))

table 7 : explain SELECT k, c FROM sbtest7 WHERE k BETWEEN 5011773 AND 5011873
	Bitmap Heap Scan on sbtest7  (cost=5.54..432.69 rows=108 width=125)
	  Recheck Cond: ((k >= 5011773) AND (k <= 5011873))
	  ->  Bitmap Index Scan on k_7  (cost=0.00..5.51 rows=108 width=0)
	        Index Cond: ((k >= 5011773) AND (k <= 5011873))

table 8 : explain SELECT k, c FROM sbtest8 WHERE k BETWEEN 5011773 AND 5011873
	Bitmap Heap Scan on sbtest8  (cost=5.54..432.69 rows=108 width=125)
	  Recheck Cond: ((k >= 5011773) AND (k <= 5011873))
	  ->  Bitmap Index Scan on k_8  (cost=0.00..5.51 rows=108 width=0)
	        Index Cond: ((k >= 5011773) AND (k <= 5011873))

for range-notcovered
table 1 : explain SELECT k, c FROM sbtest1 WHERE k BETWEEN 1070490 AND 1070590
	Bitmap Heap Scan on sbtest1  (cost=5.40..377.55 rows=94 width=125)
	  Recheck Cond: ((k >= 1070490) AND (k <= 1070590))
	  ->  Bitmap Index Scan on k_1  (cost=0.00..5.38 rows=94 width=0)
	        Index Cond: ((k >= 1070490) AND (k <= 1070590))

table 2 : explain SELECT k, c FROM sbtest2 WHERE k BETWEEN 1070490 AND 1070590
	Bitmap Heap Scan on sbtest2  (cost=5.45..397.25 rows=99 width=125)
	  Recheck Cond: ((k >= 1070490) AND (k <= 1070590))
	  ->  Bitmap Index Scan on k_2  (cost=0.00..5.42 rows=99 width=0)
	        Index Cond: ((k >= 1070490) AND (k <= 1070590))

table 3 : explain SELECT k, c FROM sbtest3 WHERE k BETWEEN 1070490 AND 1070590
	Bitmap Heap Scan on sbtest3  (cost=5.54..432.69 rows=108 width=125)
	  Recheck Cond: ((k >= 1070490) AND (k <= 1070590))
	  ->  Bitmap Index Scan on k_3  (cost=0.00..5.51 rows=108 width=0)
	        Index Cond: ((k >= 1070490) AND (k <= 1070590))

table 4 : explain SELECT k, c FROM sbtest4 WHERE k BETWEEN 1070490 AND 1070590
	Bitmap Heap Scan on sbtest4  (cost=5.47..405.13 rows=101 width=125)
	  Recheck Cond: ((k >= 1070490) AND (k <= 1070590))
	  ->  Bitmap Index Scan on k_4  (cost=0.00..5.44 rows=101 width=0)
	        Index Cond: ((k >= 1070490) AND (k <= 1070590))

table 5 : explain SELECT k, c FROM sbtest5 WHERE k BETWEEN 1070490 AND 1070590
	Bitmap Heap Scan on sbtest5  (cost=5.48..409.07 rows=102 width=125)
	  Recheck Cond: ((k >= 1070490) AND (k <= 1070590))
	  ->  Bitmap Index Scan on k_5  (cost=0.00..5.45 rows=102 width=0)
	        Index Cond: ((k >= 1070490) AND (k <= 1070590))

table 6 : explain SELECT k, c FROM sbtest6 WHERE k BETWEEN 1070490 AND 1070590
	Bitmap Heap Scan on sbtest6  (cost=5.51..420.88 rows=105 width=125)
	  Recheck Cond: ((k >= 1070490) AND (k <= 1070590))
	  ->  Bitmap Index Scan on k_6  (cost=0.00..5.48 rows=105 width=0)
	        Index Cond: ((k >= 1070490) AND (k <= 1070590))

table 7 : explain SELECT k, c FROM sbtest7 WHERE k BETWEEN 1070490 AND 1070590
	Bitmap Heap Scan on sbtest7  (cost=5.54..432.69 rows=108 width=125)
	  Recheck Cond: ((k >= 1070490) AND (k <= 1070590))
	  ->  Bitmap Index Scan on k_7  (cost=0.00..5.51 rows=108 width=0)
	        Index Cond: ((k >= 1070490) AND (k <= 1070590))

table 8 : explain SELECT k, c FROM sbtest8 WHERE k BETWEEN 1070490 AND 1070590
	Bitmap Heap Scan on sbtest8  (cost=5.42..385.43 rows=96 width=125)
	  Recheck Cond: ((k >= 1070490) AND (k <= 1070590))
	  ->  Bitmap Index Scan on k_8  (cost=0.00..5.39 rows=96 width=0)
	        Index Cond: ((k >= 1070490) AND (k <= 1070590))

explain: for range-notcovered :: explain SELECT k, c FROM sbtest%d WHERE k BETWEEN 5011773 AND 5011873
explain: for range-notcovered :: explain SELECT k, c FROM sbtest%d WHERE k BETWEEN 5922952 AND 5923052
for range-notcovered
table 1 : explain SELECT k, c FROM sbtest1 WHERE k BETWEEN 8262521 AND 8262621
	Bitmap Heap Scan on sbtest1  (cost=5.48..409.07 rows=102 width=125)
	  Recheck Cond: ((k >= 8262521) AND (k <= 8262621))
	  ->  Bitmap Index Scan on k_1  (cost=0.00..5.45 rows=102 width=0)
	        Index Cond: ((k >= 8262521) AND (k <= 8262621))

table 2 : explain SELECT k, c FROM sbtest2 WHERE k BETWEEN 8262521 AND 8262621
	Bitmap Heap Scan on sbtest2  (cost=5.38..369.67 rows=92 width=125)
	  Recheck Cond: ((k >= 8262521) AND (k <= 8262621))
	  ->  Bitmap Index Scan on k_2  (cost=0.00..5.35 rows=92 width=0)
	        Index Cond: ((k >= 8262521) AND (k <= 8262621))

table 3 : explain SELECT k, c FROM sbtest3 WHERE k BETWEEN 8262521 AND 8262621
	Bitmap Heap Scan on sbtest3  (cost=5.46..401.19 rows=100 width=125)
	  Recheck Cond: ((k >= 8262521) AND (k <= 8262621))
	  ->  Bitmap Index Scan on k_3  (cost=0.00..5.43 rows=100 width=0)
	        Index Cond: ((k >= 8262521) AND (k <= 8262621))

table 4 : explain SELECT k, c FROM sbtest4 WHERE k BETWEEN 8262521 AND 8262621
	Bitmap Heap Scan on sbtest4  (cost=5.40..377.55 rows=94 width=125)
	  Recheck Cond: ((k >= 8262521) AND (k <= 8262621))
	  ->  Bitmap Index Scan on k_4  (cost=0.00..5.38 rows=94 width=0)
	        Index Cond: ((k >= 8262521) AND (k <= 8262621))

table 5 : explain SELECT k, c FROM sbtest5 WHERE k BETWEEN 8262521 AND 8262621
	Bitmap Heap Scan on sbtest5  (cost=5.42..385.43 rows=96 width=125)
	  Recheck Cond: ((k >= 8262521) AND (k <= 8262621))
	  ->  Bitmap Index Scan on k_5  (cost=0.00..5.39 rows=96 width=0)
	        Index Cond: ((k >= 8262521) AND (k <= 8262621))

table 6 : explain SELECT k, c FROM sbtest6 WHERE k BETWEEN 8262521 AND 8262621
	Bitmap Heap Scan on sbtest6  (cost=5.49..413.00 rows=103 width=125)
	  Recheck Cond: ((k >= 8262521) AND (k <= 8262621))
	  ->  Bitmap Index Scan on k_6  (cost=0.00..5.46 rows=103 width=0)
	        Index Cond: ((k >= 8262521) AND (k <= 8262621))

table 7 : explain SELECT k, c FROM sbtest7 WHERE k BETWEEN 8262521 AND 8262621
	Bitmap Heap Scan on sbtest7  (cost=5.52..424.81 rows=106 width=125)
	  Recheck Cond: ((k >= 8262521) AND (k <= 8262621))
	  ->  Bitmap Index Scan on k_7  (cost=0.00..5.50 rows=106 width=0)
	        Index Cond: ((k >= 8262521) AND (k <= 8262621))

table 8 : explain SELECT k, c FROM sbtest8 WHERE k BETWEEN 8262521 AND 8262621
	Bitmap Heap Scan on sbtest8  (cost=5.48..409.07 rows=102 width=125)
	  Recheck Cond: ((k >= 8262521) AND (k <= 8262621))
	  ->  Bitmap Index Scan on k_8  (cost=0.00..5.45 rows=102 width=0)
	        Index Cond: ((k >= 8262521) AND (k <= 8262621))

for range-notcovered
table 1 : explain SELECT k, c FROM sbtest1 WHERE k BETWEEN 1688024 AND 1688124
	Bitmap Heap Scan on sbtest1  (cost=5.50..416.94 rows=104 width=125)
	  Recheck Cond: ((k >= 1688024) AND (k <= 1688124))
	  ->  Bitmap Index Scan on k_1  (cost=0.00..5.47 rows=104 width=0)
	        Index Cond: ((k >= 1688024) AND (k <= 1688124))

table 2 : explain SELECT k, c FROM sbtest2 WHERE k BETWEEN 1688024 AND 1688124
	Bitmap Heap Scan on sbtest2  (cost=5.47..405.13 rows=101 width=125)
	  Recheck Cond: ((k >= 1688024) AND (k <= 1688124))
	  ->  Bitmap Index Scan on k_2  (cost=0.00..5.44 rows=101 width=0)
	        Index Cond: ((k >= 1688024) AND (k <= 1688124))

table 3 : explain SELECT k, c FROM sbtest3 WHERE k BETWEEN 1688024 AND 1688124
	Bitmap Heap Scan on sbtest3  (cost=5.46..401.19 rows=100 width=125)
	  Recheck Cond: ((k >= 1688024) AND (k <= 1688124))
	  ->  Bitmap Index Scan on k_3  (cost=0.00..5.43 rows=100 width=0)
	        Index Cond: ((k >= 1688024) AND (k <= 1688124))

table 4 : explain SELECT k, c FROM sbtest4 WHERE k BETWEEN 1688024 AND 1688124
	Bitmap Heap Scan on sbtest4  (cost=5.43..389.37 rows=97 width=125)
	  Recheck Cond: ((k >= 1688024) AND (k <= 1688124))
	  ->  Bitmap Index Scan on k_4  (cost=0.00..5.40 rows=97 width=0)
	        Index Cond: ((k >= 1688024) AND (k <= 1688124))

table 5 : explain SELECT k, c FROM sbtest5 WHERE k BETWEEN 1688024 AND 1688124
	Bitmap Heap Scan on sbtest5  (cost=5.38..369.67 rows=92 width=125)
	  Recheck Cond: ((k >= 1688024) AND (k <= 1688124))
	  ->  Bitmap Index Scan on k_5  (cost=0.00..5.35 rows=92 width=0)
	        Index Cond: ((k >= 1688024) AND (k <= 1688124))

table 6 : explain SELECT k, c FROM sbtest6 WHERE k BETWEEN 1688024 AND 1688124
	Bitmap Heap Scan on sbtest6  (cost=5.47..405.13 rows=101 width=125)
	  Recheck Cond: ((k >= 1688024) AND (k <= 1688124))
	  ->  Bitmap Index Scan on k_6  (cost=0.00..5.44 rows=101 width=0)
	        Index Cond: ((k >= 1688024) AND (k <= 1688124))

table 7 : explain SELECT k, c FROM sbtest7 WHERE k BETWEEN 1688024 AND 1688124
	Bitmap Heap Scan on sbtest7  (cost=5.48..409.07 rows=102 width=125)
	  Recheck Cond: ((k >= 1688024) AND (k <= 1688124))
	  ->  Bitmap Index Scan on k_7  (cost=0.00..5.45 rows=102 width=0)
	        Index Cond: ((k >= 1688024) AND (k <= 1688124))

table 8 : explain SELECT k, c FROM sbtest8 WHERE k BETWEEN 1688024 AND 1688124
	Bitmap Heap Scan on sbtest8  (cost=5.50..416.94 rows=104 width=125)
	  Recheck Cond: ((k >= 1688024) AND (k <= 1688124))
	  ->  Bitmap Index Scan on k_8  (cost=0.00..5.47 rows=104 width=0)
	        Index Cond: ((k >= 1688024) AND (k <= 1688124))

for range-notcovered
table 1 : explain SELECT k, c FROM sbtest1 WHERE k BETWEEN 5047179 AND 5047279
	Bitmap Heap Scan on sbtest1  (cost=5.38..369.67 rows=92 width=125)
	  Recheck Cond: ((k >= 5047179) AND (k <= 5047279))
	  ->  Bitmap Index Scan on k_1  (cost=0.00..5.35 rows=92 width=0)
	        Index Cond: ((k >= 5047179) AND (k <= 5047279))

table 2 : explain SELECT k, c FROM sbtest2 WHERE k BETWEEN 5047179 AND 5047279
	Bitmap Heap Scan on sbtest2  (cost=5.48..409.07 rows=102 width=125)
	  Recheck Cond: ((k >= 5047179) AND (k <= 5047279))
	  ->  Bitmap Index Scan on k_2  (cost=0.00..5.45 rows=102 width=0)
	        Index Cond: ((k >= 5047179) AND (k <= 5047279))

table 3 : explain SELECT k, c FROM sbtest3 WHERE k BETWEEN 5047179 AND 5047279
	Bitmap Heap Scan on sbtest3  (cost=5.41..381.49 rows=95 width=125)
	  Recheck Cond: ((k >= 5047179) AND (k <= 5047279))
	  ->  Bitmap Index Scan on k_3  (cost=0.00..5.38 rows=95 width=0)
	        Index Cond: ((k >= 5047179) AND (k <= 5047279))

table 4 : explain SELECT k, c FROM sbtest4 WHERE k BETWEEN 5047179 AND 5047279
	Bitmap Heap Scan on sbtest4  (cost=5.51..420.88 rows=105 width=125)
	  Recheck Cond: ((k >= 5047179) AND (k <= 5047279))
	  ->  Bitmap Index Scan on k_4  (cost=0.00..5.48 rows=105 width=0)
	        Index Cond: ((k >= 5047179) AND (k <= 5047279))

table 5 : explain SELECT k, c FROM sbtest5 WHERE k BETWEEN 5047179 AND 5047279
	Bitmap Heap Scan on sbtest5  (cost=5.57..444.49 rows=111 width=125)
	  Recheck Cond: ((k >= 5047179) AND (k <= 5047279))
	  ->  Bitmap Index Scan on k_5  (cost=0.00..5.54 rows=111 width=0)
	        Index Cond: ((k >= 5047179) AND (k <= 5047279))

table 6 : explain SELECT k, c FROM sbtest6 WHERE k BETWEEN 5047179 AND 5047279
	Bitmap Heap Scan on sbtest6  (cost=5.50..416.94 rows=104 width=125)
	  Recheck Cond: ((k >= 5047179) AND (k <= 5047279))
	  ->  Bitmap Index Scan on k_6  (cost=0.00..5.47 rows=104 width=0)
	        Index Cond: ((k >= 5047179) AND (k <= 5047279))

table 7 : explain SELECT k, c FROM sbtest7 WHERE k BETWEEN 5047179 AND 5047279
	Bitmap Heap Scan on sbtest7  (cost=5.54..432.69 rows=108 width=125)
	  Recheck Cond: ((k >= 5047179) AND (k <= 5047279))
	  ->  Bitmap Index Scan on k_7  (cost=0.00..5.51 rows=108 width=0)
	        Index Cond: ((k >= 5047179) AND (k <= 5047279))

table 8 : explain SELECT k, c FROM sbtest8 WHERE k BETWEEN 5047179 AND 5047279
	Bitmap Heap Scan on sbtest8  (cost=5.54..432.69 rows=108 width=125)
	  Recheck Cond: ((k >= 5047179) AND (k <= 5047279))
	  ->  Bitmap Index Scan on k_8  (cost=0.00..5.51 rows=108 width=0)
	        Index Cond: ((k >= 5047179) AND (k <= 5047279))

explain: for range-notcovered :: explain SELECT k, c FROM sbtest%d WHERE k BETWEEN 8262521 AND 8262621
for range-notcovered
table 1 : explain SELECT k, c FROM sbtest1 WHERE k BETWEEN 1520381 AND 1520481
	Bitmap Heap Scan on sbtest1  (cost=5.56..440.56 rows=110 width=125)
	  Recheck Cond: ((k >= 1520381) AND (k <= 1520481))
	  ->  Bitmap Index Scan on k_1  (cost=0.00..5.53 rows=110 width=0)
	        Index Cond: ((k >= 1520381) AND (k <= 1520481))

table 2 : explain SELECT k, c FROM sbtest2 WHERE k BETWEEN 1520381 AND 1520481
	Bitmap Heap Scan on sbtest2  (cost=5.51..420.88 rows=105 width=125)
	  Recheck Cond: ((k >= 1520381) AND (k <= 1520481))
	  ->  Bitmap Index Scan on k_2  (cost=0.00..5.48 rows=105 width=0)
	        Index Cond: ((k >= 1520381) AND (k <= 1520481))

table 3 : explain SELECT k, c FROM sbtest3 WHERE k BETWEEN 1520381 AND 1520481
	Bitmap Heap Scan on sbtest3  (cost=5.42..385.43 rows=96 width=125)
	  Recheck Cond: ((k >= 1520381) AND (k <= 1520481))
	  ->  Bitmap Index Scan on k_3  (cost=0.00..5.39 rows=96 width=0)
	        Index Cond: ((k >= 1520381) AND (k <= 1520481))

table 4 : explain SELECT k, c FROM sbtest4 WHERE k BETWEEN 1520381 AND 1520481
	Bitmap Heap Scan on sbtest4  (cost=5.51..420.88 rows=105 width=125)
	  Recheck Cond: ((k >= 1520381) AND (k <= 1520481))
	  ->  Bitmap Index Scan on k_4  (cost=0.00..5.48 rows=105 width=0)
	        Index Cond: ((k >= 1520381) AND (k <= 1520481))

table 5 : explain SELECT k, c FROM sbtest5 WHERE k BETWEEN 1520381 AND 1520481
	Bitmap Heap Scan on sbtest5  (cost=5.47..405.13 rows=101 width=125)
	  Recheck Cond: ((k >= 1520381) AND (k <= 1520481))
	  ->  Bitmap Index Scan on k_5  (cost=0.00..5.44 rows=101 width=0)
	        Index Cond: ((k >= 1520381) AND (k <= 1520481))

table 6 : explain SELECT k, c FROM sbtest6 WHERE k BETWEEN 1520381 AND 1520481
	Bitmap Heap Scan on sbtest6  (cost=5.52..424.81 rows=106 width=125)
	  Recheck Cond: ((k >= 1520381) AND (k <= 1520481))
	  ->  Bitmap Index Scan on k_6  (cost=0.00..5.50 rows=106 width=0)
	        Index Cond: ((k >= 1520381) AND (k <= 1520481))

table 7 : explain SELECT k, c FROM sbtest7 WHERE k BETWEEN 1520381 AND 1520481
	Bitmap Heap Scan on sbtest7  (cost=5.46..401.19 rows=100 width=125)
	  Recheck Cond: ((k >= 1520381) AND (k <= 1520481))
	  ->  Bitmap Index Scan on k_7  (cost=0.00..5.43 rows=100 width=0)
	        Index Cond: ((k >= 1520381) AND (k <= 1520481))

table 8 : explain SELECT k, c FROM sbtest8 WHERE k BETWEEN 1520381 AND 1520481
	Bitmap Heap Scan on sbtest8  (cost=5.49..413.00 rows=103 width=125)
	  Recheck Cond: ((k >= 1520381) AND (k <= 1520481))
	  ->  Bitmap Index Scan on k_8  (cost=0.00..5.46 rows=103 width=0)
	        Index Cond: ((k >= 1520381) AND (k <= 1520481))

explain: for range-notcovered :: explain SELECT k, c FROM sbtest%d WHERE k BETWEEN 1070490 AND 1070590
explain: for range-notcovered :: explain SELECT k, c FROM sbtest%d WHERE k BETWEEN 1520381 AND 1520481
explain: for range-notcovered :: explain SELECT k, c FROM sbtest%d WHERE k BETWEEN 5047179 AND 5047279
for range-notcovered
table 1 : explain SELECT k, c FROM sbtest1 WHERE k BETWEEN 5047179 AND 5047279
	Bitmap Heap Scan on sbtest1  (cost=5.38..369.67 rows=92 width=125)
	  Recheck Cond: ((k >= 5047179) AND (k <= 5047279))
	  ->  Bitmap Index Scan on k_1  (cost=0.00..5.35 rows=92 width=0)
	        Index Cond: ((k >= 5047179) AND (k <= 5047279))

table 2 : explain SELECT k, c FROM sbtest2 WHERE k BETWEEN 5047179 AND 5047279
	Bitmap Heap Scan on sbtest2  (cost=5.48..409.07 rows=102 width=125)
	  Recheck Cond: ((k >= 5047179) AND (k <= 5047279))
	  ->  Bitmap Index Scan on k_2  (cost=0.00..5.45 rows=102 width=0)
	        Index Cond: ((k >= 5047179) AND (k <= 5047279))

table 3 : explain SELECT k, c FROM sbtest3 WHERE k BETWEEN 5047179 AND 5047279
	Bitmap Heap Scan on sbtest3  (cost=5.41..381.49 rows=95 width=125)
	  Recheck Cond: ((k >= 5047179) AND (k <= 5047279))
	  ->  Bitmap Index Scan on k_3  (cost=0.00..5.38 rows=95 width=0)
	        Index Cond: ((k >= 5047179) AND (k <= 5047279))

table 4 : explain SELECT k, c FROM sbtest4 WHERE k BETWEEN 5047179 AND 5047279
	Bitmap Heap Scan on sbtest4  (cost=5.51..420.88 rows=105 width=125)
	  Recheck Cond: ((k >= 5047179) AND (k <= 5047279))
	  ->  Bitmap Index Scan on k_4  (cost=0.00..5.48 rows=105 width=0)
	        Index Cond: ((k >= 5047179) AND (k <= 5047279))

table 5 : explain SELECT k, c FROM sbtest5 WHERE k BETWEEN 5047179 AND 5047279
	Bitmap Heap Scan on sbtest5  (cost=5.57..444.49 rows=111 width=125)
	  Recheck Cond: ((k >= 5047179) AND (k <= 5047279))
	  ->  Bitmap Index Scan on k_5  (cost=0.00..5.54 rows=111 width=0)
	        Index Cond: ((k >= 5047179) AND (k <= 5047279))

table 6 : explain SELECT k, c FROM sbtest6 WHERE k BETWEEN 5047179 AND 5047279
	Bitmap Heap Scan on sbtest6  (cost=5.50..416.94 rows=104 width=125)
	  Recheck Cond: ((k >= 5047179) AND (k <= 5047279))
	  ->  Bitmap Index Scan on k_6  (cost=0.00..5.47 rows=104 width=0)
	        Index Cond: ((k >= 5047179) AND (k <= 5047279))

table 7 : explain SELECT k, c FROM sbtest7 WHERE k BETWEEN 5047179 AND 5047279
	Bitmap Heap Scan on sbtest7  (cost=5.54..432.69 rows=108 width=125)
	  Recheck Cond: ((k >= 5047179) AND (k <= 5047279))
	  ->  Bitmap Index Scan on k_7  (cost=0.00..5.51 rows=108 width=0)
	        Index Cond: ((k >= 5047179) AND (k <= 5047279))

table 8 : explain SELECT k, c FROM sbtest8 WHERE k BETWEEN 5047179 AND 5047279
	Bitmap Heap Scan on sbtest8  (cost=5.54..432.69 rows=108 width=125)
	  Recheck Cond: ((k >= 5047179) AND (k <= 5047279))
	  ->  Bitmap Index Scan on k_8  (cost=0.00..5.51 rows=108 width=0)
	        Index Cond: ((k >= 5047179) AND (k <= 5047279))

for range-notcovered
table 1 : explain SELECT k, c FROM sbtest1 WHERE k BETWEEN 1520381 AND 1520481
	Bitmap Heap Scan on sbtest1  (cost=5.56..440.56 rows=110 width=125)
	  Recheck Cond: ((k >= 1520381) AND (k <= 1520481))
	  ->  Bitmap Index Scan on k_1  (cost=0.00..5.53 rows=110 width=0)
	        Index Cond: ((k >= 1520381) AND (k <= 1520481))

table 2 : explain SELECT k, c FROM sbtest2 WHERE k BETWEEN 1520381 AND 1520481
	Bitmap Heap Scan on sbtest2  (cost=5.51..420.88 rows=105 width=125)
	  Recheck Cond: ((k >= 1520381) AND (k <= 1520481))
	  ->  Bitmap Index Scan on k_2  (cost=0.00..5.48 rows=105 width=0)
	        Index Cond: ((k >= 1520381) AND (k <= 1520481))

table 3 : explain SELECT k, c FROM sbtest3 WHERE k BETWEEN 1520381 AND 1520481
	Bitmap Heap Scan on sbtest3  (cost=5.42..385.43 rows=96 width=125)
	  Recheck Cond: ((k >= 1520381) AND (k <= 1520481))
	  ->  Bitmap Index Scan on k_3  (cost=0.00..5.39 rows=96 width=0)
	        Index Cond: ((k >= 1520381) AND (k <= 1520481))

table 4 : explain SELECT k, c FROM sbtest4 WHERE k BETWEEN 1520381 AND 1520481
	Bitmap Heap Scan on sbtest4  (cost=5.51..420.88 rows=105 width=125)
	  Recheck Cond: ((k >= 1520381) AND (k <= 1520481))
	  ->  Bitmap Index Scan on k_4  (cost=0.00..5.48 rows=105 width=0)
	        Index Cond: ((k >= 1520381) AND (k <= 1520481))

table 5 : explain SELECT k, c FROM sbtest5 WHERE k BETWEEN 1520381 AND 1520481
	Bitmap Heap Scan on sbtest5  (cost=5.47..405.13 rows=101 width=125)
	  Recheck Cond: ((k >= 1520381) AND (k <= 1520481))
	  ->  Bitmap Index Scan on k_5  (cost=0.00..5.44 rows=101 width=0)
	        Index Cond: ((k >= 1520381) AND (k <= 1520481))

table 6 : explain SELECT k, c FROM sbtest6 WHERE k BETWEEN 1520381 AND 1520481
	Bitmap Heap Scan on sbtest6  (cost=5.52..424.81 rows=106 width=125)
	  Recheck Cond: ((k >= 1520381) AND (k <= 1520481))
	  ->  Bitmap Index Scan on k_6  (cost=0.00..5.50 rows=106 width=0)
	        Index Cond: ((k >= 1520381) AND (k <= 1520481))

table 7 : explain SELECT k, c FROM sbtest7 WHERE k BETWEEN 1520381 AND 1520481
	Bitmap Heap Scan on sbtest7  (cost=5.46..401.19 rows=100 width=125)
	  Recheck Cond: ((k >= 1520381) AND (k <= 1520481))
	  ->  Bitmap Index Scan on k_7  (cost=0.00..5.43 rows=100 width=0)
	        Index Cond: ((k >= 1520381) AND (k <= 1520481))

table 8 : explain SELECT k, c FROM sbtest8 WHERE k BETWEEN 1520381 AND 1520481
	Bitmap Heap Scan on sbtest8  (cost=5.49..413.00 rows=103 width=125)
	  Recheck Cond: ((k >= 1520381) AND (k <= 1520481))
	  ->  Bitmap Index Scan on k_8  (cost=0.00..5.46 rows=103 width=0)
	        Index Cond: ((k >= 1520381) AND (k <= 1520481))

explain: for range-notcovered :: explain SELECT k, c FROM sbtest%d WHERE k BETWEEN 1520381 AND 1520481
for range-notcovered
table 1 : explain SELECT k, c FROM sbtest1 WHERE k BETWEEN 1174161 AND 1174261
	Bitmap Heap Scan on sbtest1  (cost=5.45..397.25 rows=99 width=125)
	  Recheck Cond: ((k >= 1174161) AND (k <= 1174261))
	  ->  Bitmap Index Scan on k_1  (cost=0.00..5.42 rows=99 width=0)
	        Index Cond: ((k >= 1174161) AND (k <= 1174261))

table 2 : explain SELECT k, c FROM sbtest2 WHERE k BETWEEN 1174161 AND 1174261
	Bitmap Heap Scan on sbtest2  (cost=5.44..393.31 rows=98 width=125)
	  Recheck Cond: ((k >= 1174161) AND (k <= 1174261))
	  ->  Bitmap Index Scan on k_2  (cost=0.00..5.42 rows=98 width=0)
	        Index Cond: ((k >= 1174161) AND (k <= 1174261))

table 3 : explain SELECT k, c FROM sbtest3 WHERE k BETWEEN 1174161 AND 1174261
	Bitmap Heap Scan on sbtest3  (cost=5.53..428.75 rows=107 width=125)
	  Recheck Cond: ((k >= 1174161) AND (k <= 1174261))
	  ->  Bitmap Index Scan on k_3  (cost=0.00..5.50 rows=107 width=0)
	        Index Cond: ((k >= 1174161) AND (k <= 1174261))

table 4 : explain SELECT k, c FROM sbtest4 WHERE k BETWEEN 1174161 AND 1174261
	Bitmap Heap Scan on sbtest4  (cost=5.42..385.43 rows=96 width=125)
	  Recheck Cond: ((k >= 1174161) AND (k <= 1174261))
	  ->  Bitmap Index Scan on k_4  (cost=0.00..5.39 rows=96 width=0)
	        Index Cond: ((k >= 1174161) AND (k <= 1174261))

table 5 : explain SELECT k, c FROM sbtest5 WHERE k BETWEEN 1174161 AND 1174261
	Bitmap Heap Scan on sbtest5  (cost=5.47..405.13 rows=101 width=125)
	  Recheck Cond: ((k >= 1174161) AND (k <= 1174261))
	  ->  Bitmap Index Scan on k_5  (cost=0.00..5.44 rows=101 width=0)
	        Index Cond: ((k >= 1174161) AND (k <= 1174261))

table 6 : explain SELECT k, c FROM sbtest6 WHERE k BETWEEN 1174161 AND 1174261
	Bitmap Heap Scan on sbtest6  (cost=5.49..413.00 rows=103 width=125)
	  Recheck Cond: ((k >= 1174161) AND (k <= 1174261))
	  ->  Bitmap Index Scan on k_6  (cost=0.00..5.46 rows=103 width=0)
	        Index Cond: ((k >= 1174161) AND (k <= 1174261))

table 7 : explain SELECT k, c FROM sbtest7 WHERE k BETWEEN 1174161 AND 1174261
	Bitmap Heap Scan on sbtest7  (cost=5.49..413.00 rows=103 width=125)
	  Recheck Cond: ((k >= 1174161) AND (k <= 1174261))
	  ->  Bitmap Index Scan on k_7  (cost=0.00..5.46 rows=103 width=0)
	        Index Cond: ((k >= 1174161) AND (k <= 1174261))

table 8 : explain SELECT k, c FROM sbtest8 WHERE k BETWEEN 1174161 AND 1174261
	Bitmap Heap Scan on sbtest8  (cost=5.46..401.19 rows=100 width=125)
	  Recheck Cond: ((k >= 1174161) AND (k <= 1174261))
	  ->  Bitmap Index Scan on k_8  (cost=0.00..5.43 rows=100 width=0)
	        Index Cond: ((k >= 1174161) AND (k <= 1174261))

explain: for range-notcovered :: explain SELECT k, c FROM sbtest%d WHERE k BETWEEN 1174161 AND 1174261
for range-notcovered
table 1 : explain SELECT k, c FROM sbtest1 WHERE k BETWEEN 1070490 AND 1070590
	Bitmap Heap Scan on sbtest1  (cost=5.40..377.55 rows=94 width=125)
	  Recheck Cond: ((k >= 1070490) AND (k <= 1070590))
	  ->  Bitmap Index Scan on k_1  (cost=0.00..5.38 rows=94 width=0)
	        Index Cond: ((k >= 1070490) AND (k <= 1070590))

table 2 : explain SELECT k, c FROM sbtest2 WHERE k BETWEEN 1070490 AND 1070590
	Bitmap Heap Scan on sbtest2  (cost=5.45..397.25 rows=99 width=125)
	  Recheck Cond: ((k >= 1070490) AND (k <= 1070590))
	  ->  Bitmap Index Scan on k_2  (cost=0.00..5.42 rows=99 width=0)
	        Index Cond: ((k >= 1070490) AND (k <= 1070590))

table 3 : explain SELECT k, c FROM sbtest3 WHERE k BETWEEN 1070490 AND 1070590
	Bitmap Heap Scan on sbtest3  (cost=5.54..432.69 rows=108 width=125)
	  Recheck Cond: ((k >= 1070490) AND (k <= 1070590))
	  ->  Bitmap Index Scan on k_3  (cost=0.00..5.51 rows=108 width=0)
	        Index Cond: ((k >= 1070490) AND (k <= 1070590))

table 4 : explain SELECT k, c FROM sbtest4 WHERE k BETWEEN 1070490 AND 1070590
	Bitmap Heap Scan on sbtest4  (cost=5.47..405.13 rows=101 width=125)
	  Recheck Cond: ((k >= 1070490) AND (k <= 1070590))
	  ->  Bitmap Index Scan on k_4  (cost=0.00..5.44 rows=101 width=0)
	        Index Cond: ((k >= 1070490) AND (k <= 1070590))

table 5 : explain SELECT k, c FROM sbtest5 WHERE k BETWEEN 1070490 AND 1070590
	Bitmap Heap Scan on sbtest5  (cost=5.48..409.07 rows=102 width=125)
	  Recheck Cond: ((k >= 1070490) AND (k <= 1070590))
	  ->  Bitmap Index Scan on k_5  (cost=0.00..5.45 rows=102 width=0)
	        Index Cond: ((k >= 1070490) AND (k <= 1070590))

table 6 : explain SELECT k, c FROM sbtest6 WHERE k BETWEEN 1070490 AND 1070590
	Bitmap Heap Scan on sbtest6  (cost=5.51..420.88 rows=105 width=125)
	  Recheck Cond: ((k >= 1070490) AND (k <= 1070590))
	  ->  Bitmap Index Scan on k_6  (cost=0.00..5.48 rows=105 width=0)
	        Index Cond: ((k >= 1070490) AND (k <= 1070590))

table 7 : explain SELECT k, c FROM sbtest7 WHERE k BETWEEN 1070490 AND 1070590
	Bitmap Heap Scan on sbtest7  (cost=5.54..432.69 rows=108 width=125)
	  Recheck Cond: ((k >= 1070490) AND (k <= 1070590))
	  ->  Bitmap Index Scan on k_7  (cost=0.00..5.51 rows=108 width=0)
	        Index Cond: ((k >= 1070490) AND (k <= 1070590))

table 8 : explain SELECT k, c FROM sbtest8 WHERE k BETWEEN 1070490 AND 1070590
	Bitmap Heap Scan on sbtest8  (cost=5.42..385.43 rows=96 width=125)
	  Recheck Cond: ((k >= 1070490) AND (k <= 1070590))
	  ->  Bitmap Index Scan on k_8  (cost=0.00..5.39 rows=96 width=0)
	        Index Cond: ((k >= 1070490) AND (k <= 1070590))

for range-notcovered
table 1 : explain SELECT k, c FROM sbtest1 WHERE k BETWEEN 963036 AND 963136
	Bitmap Heap Scan on sbtest1  (cost=5.43..389.37 rows=97 width=125)
	  Recheck Cond: ((k >= 963036) AND (k <= 963136))
	  ->  Bitmap Index Scan on k_1  (cost=0.00..5.40 rows=97 width=0)
	        Index Cond: ((k >= 963036) AND (k <= 963136))

table 2 : explain SELECT k, c FROM sbtest2 WHERE k BETWEEN 963036 AND 963136
	Bitmap Heap Scan on sbtest2  (cost=5.49..413.00 rows=103 width=125)
	  Recheck Cond: ((k >= 963036) AND (k <= 963136))
	  ->  Bitmap Index Scan on k_2  (cost=0.00..5.46 rows=103 width=0)
	        Index Cond: ((k >= 963036) AND (k <= 963136))

table 3 : explain SELECT k, c FROM sbtest3 WHERE k BETWEEN 963036 AND 963136
	Bitmap Heap Scan on sbtest3  (cost=5.55..436.62 rows=109 width=125)
	  Recheck Cond: ((k >= 963036) AND (k <= 963136))
	  ->  Bitmap Index Scan on k_3  (cost=0.00..5.52 rows=109 width=0)
	        Index Cond: ((k >= 963036) AND (k <= 963136))

table 4 : explain SELECT k, c FROM sbtest4 WHERE k BETWEEN 963036 AND 963136
	Bitmap Heap Scan on sbtest4  (cost=5.43..389.37 rows=97 width=125)
	  Recheck Cond: ((k >= 963036) AND (k <= 963136))
	  ->  Bitmap Index Scan on k_4  (cost=0.00..5.40 rows=97 width=0)
	        Index Cond: ((k >= 963036) AND (k <= 963136))

table 5 : explain SELECT k, c FROM sbtest5 WHERE k BETWEEN 963036 AND 963136
	Bitmap Heap Scan on sbtest5  (cost=5.46..401.19 rows=100 width=125)
	  Recheck Cond: ((k >= 963036) AND (k <= 963136))
	  ->  Bitmap Index Scan on k_5  (cost=0.00..5.43 rows=100 width=0)
	        Index Cond: ((k >= 963036) AND (k <= 963136))

table 6 : explain SELECT k, c FROM sbtest6 WHERE k BETWEEN 963036 AND 963136
	Bitmap Heap Scan on sbtest6  (cost=5.52..424.81 rows=106 width=125)
	  Recheck Cond: ((k >= 963036) AND (k <= 963136))
	  ->  Bitmap Index Scan on k_6  (cost=0.00..5.50 rows=106 width=0)
	        Index Cond: ((k >= 963036) AND (k <= 963136))

table 7 : explain SELECT k, c FROM sbtest7 WHERE k BETWEEN 963036 AND 963136
	Bitmap Heap Scan on sbtest7  (cost=5.38..369.67 rows=92 width=125)
	  Recheck Cond: ((k >= 963036) AND (k <= 963136))
	  ->  Bitmap Index Scan on k_7  (cost=0.00..5.35 rows=92 width=0)
	        Index Cond: ((k >= 963036) AND (k <= 963136))

table 8 : explain SELECT k, c FROM sbtest8 WHERE k BETWEEN 963036 AND 963136
	Bitmap Heap Scan on sbtest8  (cost=5.50..416.94 rows=104 width=125)
	  Recheck Cond: ((k >= 963036) AND (k <= 963136))
	  ->  Bitmap Index Scan on k_8  (cost=0.00..5.47 rows=104 width=0)
	        Index Cond: ((k >= 963036) AND (k <= 963136))

for range-notcovered
table 1 : explain SELECT k, c FROM sbtest1 WHERE k BETWEEN 5011773 AND 5011873
	Bitmap Heap Scan on sbtest1  (cost=5.38..369.67 rows=92 width=125)
	  Recheck Cond: ((k >= 5011773) AND (k <= 5011873))
	  ->  Bitmap Index Scan on k_1  (cost=0.00..5.35 rows=92 width=0)
	        Index Cond: ((k >= 5011773) AND (k <= 5011873))

table 2 : explain SELECT k, c FROM sbtest2 WHERE k BETWEEN 5011773 AND 5011873
	Bitmap Heap Scan on sbtest2  (cost=5.48..409.07 rows=102 width=125)
	  Recheck Cond: ((k >= 5011773) AND (k <= 5011873))
	  ->  Bitmap Index Scan on k_2  (cost=0.00..5.45 rows=102 width=0)
	        Index Cond: ((k >= 5011773) AND (k <= 5011873))

table 3 : explain SELECT k, c FROM sbtest3 WHERE k BETWEEN 5011773 AND 5011873
	Bitmap Heap Scan on sbtest3  (cost=5.41..381.49 rows=95 width=125)
	  Recheck Cond: ((k >= 5011773) AND (k <= 5011873))
	  ->  Bitmap Index Scan on k_3  (cost=0.00..5.38 rows=95 width=0)
	        Index Cond: ((k >= 5011773) AND (k <= 5011873))

table 4 : explain SELECT k, c FROM sbtest4 WHERE k BETWEEN 5011773 AND 5011873
	Bitmap Heap Scan on sbtest4  (cost=5.51..420.88 rows=105 width=125)
	  Recheck Cond: ((k >= 5011773) AND (k <= 5011873))
	  ->  Bitmap Index Scan on k_4  (cost=0.00..5.48 rows=105 width=0)
	        Index Cond: ((k >= 5011773) AND (k <= 5011873))

table 5 : explain SELECT k, c FROM sbtest5 WHERE k BETWEEN 5011773 AND 5011873
	Bitmap Heap Scan on sbtest5  (cost=5.57..444.49 rows=111 width=125)
	  Recheck Cond: ((k >= 5011773) AND (k <= 5011873))
	  ->  Bitmap Index Scan on k_5  (cost=0.00..5.54 rows=111 width=0)
	        Index Cond: ((k >= 5011773) AND (k <= 5011873))

table 6 : explain SELECT k, c FROM sbtest6 WHERE k BETWEEN 5011773 AND 5011873
	Bitmap Heap Scan on sbtest6  (cost=5.46..401.19 rows=100 width=125)
	  Recheck Cond: ((k >= 5011773) AND (k <= 5011873))
	  ->  Bitmap Index Scan on k_6  (cost=0.00..5.43 rows=100 width=0)
	        Index Cond: ((k >= 5011773) AND (k <= 5011873))

table 7 : explain SELECT k, c FROM sbtest7 WHERE k BETWEEN 5011773 AND 5011873
	Bitmap Heap Scan on sbtest7  (cost=5.54..432.69 rows=108 width=125)
	  Recheck Cond: ((k >= 5011773) AND (k <= 5011873))
	  ->  Bitmap Index Scan on k_7  (cost=0.00..5.51 rows=108 width=0)
	        Index Cond: ((k >= 5011773) AND (k <= 5011873))

table 8 : explain SELECT k, c FROM sbtest8 WHERE k BETWEEN 5011773 AND 5011873
	Bitmap Heap Scan on sbtest8  (cost=5.54..432.69 rows=108 width=125)
	  Recheck Cond: ((k >= 5011773) AND (k <= 5011873))
	  ->  Bitmap Index Scan on k_8  (cost=0.00..5.51 rows=108 width=0)
	        Index Cond: ((k >= 5011773) AND (k <= 5011873))

explain: for range-notcovered :: explain SELECT k, c FROM sbtest%d WHERE k BETWEEN 5011773 AND 5011873
for range-notcovered
table 1 : explain SELECT k, c FROM sbtest1 WHERE k BETWEEN 8262521 AND 8262621
	Bitmap Heap Scan on sbtest1  (cost=5.48..409.07 rows=102 width=125)
	  Recheck Cond: ((k >= 8262521) AND (k <= 8262621))
	  ->  Bitmap Index Scan on k_1  (cost=0.00..5.45 rows=102 width=0)
	        Index Cond: ((k >= 8262521) AND (k <= 8262621))

table 2 : explain SELECT k, c FROM sbtest2 WHERE k BETWEEN 8262521 AND 8262621
	Bitmap Heap Scan on sbtest2  (cost=5.38..369.67 rows=92 width=125)
	  Recheck Cond: ((k >= 8262521) AND (k <= 8262621))
	  ->  Bitmap Index Scan on k_2  (cost=0.00..5.35 rows=92 width=0)
	        Index Cond: ((k >= 8262521) AND (k <= 8262621))

table 3 : explain SELECT k, c FROM sbtest3 WHERE k BETWEEN 8262521 AND 8262621
	Bitmap Heap Scan on sbtest3  (cost=5.46..401.19 rows=100 width=125)
	  Recheck Cond: ((k >= 8262521) AND (k <= 8262621))
	  ->  Bitmap Index Scan on k_3  (cost=0.00..5.43 rows=100 width=0)
	        Index Cond: ((k >= 8262521) AND (k <= 8262621))

table 4 : explain SELECT k, c FROM sbtest4 WHERE k BETWEEN 8262521 AND 8262621
	Bitmap Heap Scan on sbtest4  (cost=5.40..377.55 rows=94 width=125)
	  Recheck Cond: ((k >= 8262521) AND (k <= 8262621))
	  ->  Bitmap Index Scan on k_4  (cost=0.00..5.38 rows=94 width=0)
	        Index Cond: ((k >= 8262521) AND (k <= 8262621))

table 5 : explain SELECT k, c FROM sbtest5 WHERE k BETWEEN 8262521 AND 8262621
	Bitmap Heap Scan on sbtest5  (cost=5.42..385.43 rows=96 width=125)
	  Recheck Cond: ((k >= 8262521) AND (k <= 8262621))
	  ->  Bitmap Index Scan on k_5  (cost=0.00..5.39 rows=96 width=0)
	        Index Cond: ((k >= 8262521) AND (k <= 8262621))

table 6 : explain SELECT k, c FROM sbtest6 WHERE k BETWEEN 8262521 AND 8262621
	Bitmap Heap Scan on sbtest6  (cost=5.49..413.00 rows=103 width=125)
	  Recheck Cond: ((k >= 8262521) AND (k <= 8262621))
	  ->  Bitmap Index Scan on k_6  (cost=0.00..5.46 rows=103 width=0)
	        Index Cond: ((k >= 8262521) AND (k <= 8262621))

table 7 : explain SELECT k, c FROM sbtest7 WHERE k BETWEEN 8262521 AND 8262621
	Bitmap Heap Scan on sbtest7  (cost=5.52..424.81 rows=106 width=125)
	  Recheck Cond: ((k >= 8262521) AND (k <= 8262621))
	  ->  Bitmap Index Scan on k_7  (cost=0.00..5.50 rows=106 width=0)
	        Index Cond: ((k >= 8262521) AND (k <= 8262621))

table 8 : explain SELECT k, c FROM sbtest8 WHERE k BETWEEN 8262521 AND 8262621
	Bitmap Heap Scan on sbtest8  (cost=5.48..409.07 rows=102 width=125)
	  Recheck Cond: ((k >= 8262521) AND (k <= 8262621))
	  ->  Bitmap Index Scan on k_8  (cost=0.00..5.45 rows=102 width=0)
	        Index Cond: ((k >= 8262521) AND (k <= 8262621))

explain: for range-notcovered :: explain SELECT k, c FROM sbtest%d WHERE k BETWEEN 5047179 AND 5047279
for range-notcovered
table 1 : explain SELECT k, c FROM sbtest1 WHERE k BETWEEN 5011773 AND 5011873
	Bitmap Heap Scan on sbtest1  (cost=5.38..369.67 rows=92 width=125)
	  Recheck Cond: ((k >= 5011773) AND (k <= 5011873))
	  ->  Bitmap Index Scan on k_1  (cost=0.00..5.35 rows=92 width=0)
	        Index Cond: ((k >= 5011773) AND (k <= 5011873))

table 2 : explain SELECT k, c FROM sbtest2 WHERE k BETWEEN 5011773 AND 5011873
	Bitmap Heap Scan on sbtest2  (cost=5.48..409.07 rows=102 width=125)
	  Recheck Cond: ((k >= 5011773) AND (k <= 5011873))
	  ->  Bitmap Index Scan on k_2  (cost=0.00..5.45 rows=102 width=0)
	        Index Cond: ((k >= 5011773) AND (k <= 5011873))

table 3 : explain SELECT k, c FROM sbtest3 WHERE k BETWEEN 5011773 AND 5011873
	Bitmap Heap Scan on sbtest3  (cost=5.41..381.49 rows=95 width=125)
	  Recheck Cond: ((k >= 5011773) AND (k <= 5011873))
	  ->  Bitmap Index Scan on k_3  (cost=0.00..5.38 rows=95 width=0)
	        Index Cond: ((k >= 5011773) AND (k <= 5011873))

table 4 : explain SELECT k, c FROM sbtest4 WHERE k BETWEEN 5011773 AND 5011873
	Bitmap Heap Scan on sbtest4  (cost=5.51..420.88 rows=105 width=125)
	  Recheck Cond: ((k >= 5011773) AND (k <= 5011873))
	  ->  Bitmap Index Scan on k_4  (cost=0.00..5.48 rows=105 width=0)
	        Index Cond: ((k >= 5011773) AND (k <= 5011873))

table 5 : explain SELECT k, c FROM sbtest5 WHERE k BETWEEN 5011773 AND 5011873
	Bitmap Heap Scan on sbtest5  (cost=5.57..444.49 rows=111 width=125)
	  Recheck Cond: ((k >= 5011773) AND (k <= 5011873))
	  ->  Bitmap Index Scan on k_5  (cost=0.00..5.54 rows=111 width=0)
	        Index Cond: ((k >= 5011773) AND (k <= 5011873))

table 6 : explain SELECT k, c FROM sbtest6 WHERE k BETWEEN 5011773 AND 5011873
	Bitmap Heap Scan on sbtest6  (cost=5.46..401.19 rows=100 width=125)
	  Recheck Cond: ((k >= 5011773) AND (k <= 5011873))
	  ->  Bitmap Index Scan on k_6  (cost=0.00..5.43 rows=100 width=0)
	        Index Cond: ((k >= 5011773) AND (k <= 5011873))

table 7 : explain SELECT k, c FROM sbtest7 WHERE k BETWEEN 5011773 AND 5011873
	Bitmap Heap Scan on sbtest7  (cost=5.54..432.69 rows=108 width=125)
	  Recheck Cond: ((k >= 5011773) AND (k <= 5011873))
	  ->  Bitmap Index Scan on k_7  (cost=0.00..5.51 rows=108 width=0)
	        Index Cond: ((k >= 5011773) AND (k <= 5011873))

table 8 : explain SELECT k, c FROM sbtest8 WHERE k BETWEEN 5011773 AND 5011873
	Bitmap Heap Scan on sbtest8  (cost=5.54..432.69 rows=108 width=125)
	  Recheck Cond: ((k >= 5011773) AND (k <= 5011873))
	  ->  Bitmap Index Scan on k_8  (cost=0.00..5.51 rows=108 width=0)
	        Index Cond: ((k >= 5011773) AND (k <= 5011873))

explain: for range-notcovered :: explain SELECT k, c FROM sbtest%d WHERE k BETWEEN 5011773 AND 5011873
for range-notcovered
table 1 : explain SELECT k, c FROM sbtest1 WHERE k BETWEEN 5047179 AND 5047279
	Bitmap Heap Scan on sbtest1  (cost=5.38..369.67 rows=92 width=125)
	  Recheck Cond: ((k >= 5047179) AND (k <= 5047279))
	  ->  Bitmap Index Scan on k_1  (cost=0.00..5.35 rows=92 width=0)
	        Index Cond: ((k >= 5047179) AND (k <= 5047279))

table 2 : explain SELECT k, c FROM sbtest2 WHERE k BETWEEN 5047179 AND 5047279
	Bitmap Heap Scan on sbtest2  (cost=5.48..409.07 rows=102 width=125)
	  Recheck Cond: ((k >= 5047179) AND (k <= 5047279))
	  ->  Bitmap Index Scan on k_2  (cost=0.00..5.45 rows=102 width=0)
	        Index Cond: ((k >= 5047179) AND (k <= 5047279))

table 3 : explain SELECT k, c FROM sbtest3 WHERE k BETWEEN 5047179 AND 5047279
	Bitmap Heap Scan on sbtest3  (cost=5.41..381.49 rows=95 width=125)
	  Recheck Cond: ((k >= 5047179) AND (k <= 5047279))
	  ->  Bitmap Index Scan on k_3  (cost=0.00..5.38 rows=95 width=0)
	        Index Cond: ((k >= 5047179) AND (k <= 5047279))

table 4 : explain SELECT k, c FROM sbtest4 WHERE k BETWEEN 5047179 AND 5047279
	Bitmap Heap Scan on sbtest4  (cost=5.51..420.88 rows=105 width=125)
	  Recheck Cond: ((k >= 5047179) AND (k <= 5047279))
	  ->  Bitmap Index Scan on k_4  (cost=0.00..5.48 rows=105 width=0)
	        Index Cond: ((k >= 5047179) AND (k <= 5047279))

table 5 : explain SELECT k, c FROM sbtest5 WHERE k BETWEEN 5047179 AND 5047279
	Bitmap Heap Scan on sbtest5  (cost=5.57..444.49 rows=111 width=125)
	  Recheck Cond: ((k >= 5047179) AND (k <= 5047279))
	  ->  Bitmap Index Scan on k_5  (cost=0.00..5.54 rows=111 width=0)
	        Index Cond: ((k >= 5047179) AND (k <= 5047279))

table 6 : explain SELECT k, c FROM sbtest6 WHERE k BETWEEN 5047179 AND 5047279
	Bitmap Heap Scan on sbtest6  (cost=5.50..416.94 rows=104 width=125)
	  Recheck Cond: ((k >= 5047179) AND (k <= 5047279))
	  ->  Bitmap Index Scan on k_6  (cost=0.00..5.47 rows=104 width=0)
	        Index Cond: ((k >= 5047179) AND (k <= 5047279))

table 7 : explain SELECT k, c FROM sbtest7 WHERE k BETWEEN 5047179 AND 5047279
	Bitmap Heap Scan on sbtest7  (cost=5.54..432.69 rows=108 width=125)
	  Recheck Cond: ((k >= 5047179) AND (k <= 5047279))
	  ->  Bitmap Index Scan on k_7  (cost=0.00..5.51 rows=108 width=0)
	        Index Cond: ((k >= 5047179) AND (k <= 5047279))

table 8 : explain SELECT k, c FROM sbtest8 WHERE k BETWEEN 5047179 AND 5047279
	Bitmap Heap Scan on sbtest8  (cost=5.54..432.69 rows=108 width=125)
	  Recheck Cond: ((k >= 5047179) AND (k <= 5047279))
	  ->  Bitmap Index Scan on k_8  (cost=0.00..5.51 rows=108 width=0)
	        Index Cond: ((k >= 5047179) AND (k <= 5047279))

explain: for range-notcovered :: explain SELECT k, c FROM sbtest%d WHERE k BETWEEN 5047179 AND 5047279
for range-notcovered
table 1 : explain SELECT k, c FROM sbtest1 WHERE k BETWEEN 5272393 AND 5272493
	Bitmap Heap Scan on sbtest1  (cost=5.58..448.42 rows=112 width=125)
	  Recheck Cond: ((k >= 5272393) AND (k <= 5272493))
	  ->  Bitmap Index Scan on k_1  (cost=0.00..5.55 rows=112 width=0)
	        Index Cond: ((k >= 5272393) AND (k <= 5272493))

table 2 : explain SELECT k, c FROM sbtest2 WHERE k BETWEEN 5272393 AND 5272493
	Bitmap Heap Scan on sbtest2  (cost=5.49..413.00 rows=103 width=125)
	  Recheck Cond: ((k >= 5272393) AND (k <= 5272493))
	  ->  Bitmap Index Scan on k_2  (cost=0.00..5.46 rows=103 width=0)
	        Index Cond: ((k >= 5272393) AND (k <= 5272493))

table 3 : explain SELECT k, c FROM sbtest3 WHERE k BETWEEN 5272393 AND 5272493
	Bitmap Heap Scan on sbtest3  (cost=5.43..389.37 rows=97 width=125)
	  Recheck Cond: ((k >= 5272393) AND (k <= 5272493))
	  ->  Bitmap Index Scan on k_3  (cost=0.00..5.40 rows=97 width=0)
	        Index Cond: ((k >= 5272393) AND (k <= 5272493))

table 4 : explain SELECT k, c FROM sbtest4 WHERE k BETWEEN 5272393 AND 5272493
	Bitmap Heap Scan on sbtest4  (cost=5.43..389.37 rows=97 width=125)
	  Recheck Cond: ((k >= 5272393) AND (k <= 5272493))
	  ->  Bitmap Index Scan on k_4  (cost=0.00..5.40 rows=97 width=0)
	        Index Cond: ((k >= 5272393) AND (k <= 5272493))

table 5 : explain SELECT k, c FROM sbtest5 WHERE k BETWEEN 5272393 AND 5272493
	Bitmap Heap Scan on sbtest5  (cost=5.48..409.07 rows=102 width=125)
	  Recheck Cond: ((k >= 5272393) AND (k <= 5272493))
	  ->  Bitmap Index Scan on k_5  (cost=0.00..5.45 rows=102 width=0)
	        Index Cond: ((k >= 5272393) AND (k <= 5272493))

table 6 : explain SELECT k, c FROM sbtest6 WHERE k BETWEEN 5272393 AND 5272493
	Bitmap Heap Scan on sbtest6  (cost=5.49..413.00 rows=103 width=125)
	  Recheck Cond: ((k >= 5272393) AND (k <= 5272493))
	  ->  Bitmap Index Scan on k_6  (cost=0.00..5.46 rows=103 width=0)
	        Index Cond: ((k >= 5272393) AND (k <= 5272493))

table 7 : explain SELECT k, c FROM sbtest7 WHERE k BETWEEN 5272393 AND 5272493
	Bitmap Heap Scan on sbtest7  (cost=5.46..401.19 rows=100 width=125)
	  Recheck Cond: ((k >= 5272393) AND (k <= 5272493))
	  ->  Bitmap Index Scan on k_7  (cost=0.00..5.43 rows=100 width=0)
	        Index Cond: ((k >= 5272393) AND (k <= 5272493))

table 8 : explain SELECT k, c FROM sbtest8 WHERE k BETWEEN 5272393 AND 5272493
	Bitmap Heap Scan on sbtest8  (cost=5.45..397.25 rows=99 width=125)
	  Recheck Cond: ((k >= 5272393) AND (k <= 5272493))
	  ->  Bitmap Index Scan on k_8  (cost=0.00..5.42 rows=99 width=0)
	        Index Cond: ((k >= 5272393) AND (k <= 5272493))

for range-notcovered
table 1 : explain SELECT k, c FROM sbtest1 WHERE k BETWEEN 2523731 AND 2523831
	Bitmap Heap Scan on sbtest1  (cost=5.37..365.72 rows=91 width=125)
	  Recheck Cond: ((k >= 2523731) AND (k <= 2523831))
	  ->  Bitmap Index Scan on k_1  (cost=0.00..5.34 rows=91 width=0)
	        Index Cond: ((k >= 2523731) AND (k <= 2523831))

table 2 : explain SELECT k, c FROM sbtest2 WHERE k BETWEEN 2523731 AND 2523831
	Bitmap Heap Scan on sbtest2  (cost=5.53..428.75 rows=107 width=125)
	  Recheck Cond: ((k >= 2523731) AND (k <= 2523831))
	  ->  Bitmap Index Scan on k_2  (cost=0.00..5.50 rows=107 width=0)
	        Index Cond: ((k >= 2523731) AND (k <= 2523831))

table 3 : explain SELECT k, c FROM sbtest3 WHERE k BETWEEN 2523731 AND 2523831
	Bitmap Heap Scan on sbtest3  (cost=5.47..405.13 rows=101 width=125)
	  Recheck Cond: ((k >= 2523731) AND (k <= 2523831))
	  ->  Bitmap Index Scan on k_3  (cost=0.00..5.44 rows=101 width=0)
	        Index Cond: ((k >= 2523731) AND (k <= 2523831))

table 4 : explain SELECT k, c FROM sbtest4 WHERE k BETWEEN 2523731 AND 2523831
	Bitmap Heap Scan on sbtest4  (cost=5.47..405.13 rows=101 width=125)
	  Recheck Cond: ((k >= 2523731) AND (k <= 2523831))
	  ->  Bitmap Index Scan on k_4  (cost=0.00..5.44 rows=101 width=0)
	        Index Cond: ((k >= 2523731) AND (k <= 2523831))

table 5 : explain SELECT k, c FROM sbtest5 WHERE k BETWEEN 2523731 AND 2523831
	Bitmap Heap Scan on sbtest5  (cost=5.54..432.69 rows=108 width=125)
	  Recheck Cond: ((k >= 2523731) AND (k <= 2523831))
	  ->  Bitmap Index Scan on k_5  (cost=0.00..5.51 rows=108 width=0)
	        Index Cond: ((k >= 2523731) AND (k <= 2523831))

table 6 : explain SELECT k, c FROM sbtest6 WHERE k BETWEEN 2523731 AND 2523831
	Bitmap Heap Scan on sbtest6  (cost=5.51..420.88 rows=105 width=125)
	  Recheck Cond: ((k >= 2523731) AND (k <= 2523831))
	  ->  Bitmap Index Scan on k_6  (cost=0.00..5.48 rows=105 width=0)
	        Index Cond: ((k >= 2523731) AND (k <= 2523831))

table 7 : explain SELECT k, c FROM sbtest7 WHERE k BETWEEN 2523731 AND 2523831
	Bitmap Heap Scan on sbtest7  (cost=5.42..385.43 rows=96 width=125)
	  Recheck Cond: ((k >= 2523731) AND (k <= 2523831))
	  ->  Bitmap Index Scan on k_7  (cost=0.00..5.39 rows=96 width=0)
	        Index Cond: ((k >= 2523731) AND (k <= 2523831))

table 8 : explain SELECT k, c FROM sbtest8 WHERE k BETWEEN 2523731 AND 2523831
	Bitmap Heap Scan on sbtest8  (cost=5.49..413.00 rows=103 width=125)
	  Recheck Cond: ((k >= 2523731) AND (k <= 2523831))
	  ->  Bitmap Index Scan on k_8  (cost=0.00..5.46 rows=103 width=0)
	        Index Cond: ((k >= 2523731) AND (k <= 2523831))

explain: for range-notcovered :: explain SELECT k, c FROM sbtest%d WHERE k BETWEEN 5272393 AND 5272493
explain: for range-notcovered :: explain SELECT k, c FROM sbtest%d WHERE k BETWEEN 2523731 AND 2523831
explain: for range-notcovered :: explain SELECT k, c FROM sbtest%d WHERE k BETWEEN 7356040 AND 7356140
for range-notcovered
table 1 : explain SELECT k, c FROM sbtest1 WHERE k BETWEEN 5047179 AND 5047279
	Bitmap Heap Scan on sbtest1  (cost=5.38..369.67 rows=92 width=125)
	  Recheck Cond: ((k >= 5047179) AND (k <= 5047279))
	  ->  Bitmap Index Scan on k_1  (cost=0.00..5.35 rows=92 width=0)
	        Index Cond: ((k >= 5047179) AND (k <= 5047279))

table 2 : explain SELECT k, c FROM sbtest2 WHERE k BETWEEN 5047179 AND 5047279
	Bitmap Heap Scan on sbtest2  (cost=5.48..409.07 rows=102 width=125)
	  Recheck Cond: ((k >= 5047179) AND (k <= 5047279))
	  ->  Bitmap Index Scan on k_2  (cost=0.00..5.45 rows=102 width=0)
	        Index Cond: ((k >= 5047179) AND (k <= 5047279))

table 3 : explain SELECT k, c FROM sbtest3 WHERE k BETWEEN 5047179 AND 5047279
	Bitmap Heap Scan on sbtest3  (cost=5.41..381.49 rows=95 width=125)
	  Recheck Cond: ((k >= 5047179) AND (k <= 5047279))
	  ->  Bitmap Index Scan on k_3  (cost=0.00..5.38 rows=95 width=0)
	        Index Cond: ((k >= 5047179) AND (k <= 5047279))

table 4 : explain SELECT k, c FROM sbtest4 WHERE k BETWEEN 5047179 AND 5047279
	Bitmap Heap Scan on sbtest4  (cost=5.51..420.88 rows=105 width=125)
	  Recheck Cond: ((k >= 5047179) AND (k <= 5047279))
	  ->  Bitmap Index Scan on k_4  (cost=0.00..5.48 rows=105 width=0)
	        Index Cond: ((k >= 5047179) AND (k <= 5047279))

table 5 : explain SELECT k, c FROM sbtest5 WHERE k BETWEEN 5047179 AND 5047279
	Bitmap Heap Scan on sbtest5  (cost=5.57..444.49 rows=111 width=125)
	  Recheck Cond: ((k >= 5047179) AND (k <= 5047279))
	  ->  Bitmap Index Scan on k_5  (cost=0.00..5.54 rows=111 width=0)
	        Index Cond: ((k >= 5047179) AND (k <= 5047279))

table 6 : explain SELECT k, c FROM sbtest6 WHERE k BETWEEN 5047179 AND 5047279
	Bitmap Heap Scan on sbtest6  (cost=5.50..416.94 rows=104 width=125)
	  Recheck Cond: ((k >= 5047179) AND (k <= 5047279))
	  ->  Bitmap Index Scan on k_6  (cost=0.00..5.47 rows=104 width=0)
	        Index Cond: ((k >= 5047179) AND (k <= 5047279))

table 7 : explain SELECT k, c FROM sbtest7 WHERE k BETWEEN 5047179 AND 5047279
	Bitmap Heap Scan on sbtest7  (cost=5.54..432.69 rows=108 width=125)
	  Recheck Cond: ((k >= 5047179) AND (k <= 5047279))
	  ->  Bitmap Index Scan on k_7  (cost=0.00..5.51 rows=108 width=0)
	        Index Cond: ((k >= 5047179) AND (k <= 5047279))

table 8 : explain SELECT k, c FROM sbtest8 WHERE k BETWEEN 5047179 AND 5047279
	Bitmap Heap Scan on sbtest8  (cost=5.54..432.69 rows=108 width=125)
	  Recheck Cond: ((k >= 5047179) AND (k <= 5047279))
	  ->  Bitmap Index Scan on k_8  (cost=0.00..5.51 rows=108 width=0)
	        Index Cond: ((k >= 5047179) AND (k <= 5047279))

for range-notcovered
table 1 : explain SELECT k, c FROM sbtest1 WHERE k BETWEEN 5011773 AND 5011873
	Bitmap Heap Scan on sbtest1  (cost=5.38..369.67 rows=92 width=125)
	  Recheck Cond: ((k >= 5011773) AND (k <= 5011873))
	  ->  Bitmap Index Scan on k_1  (cost=0.00..5.35 rows=92 width=0)
	        Index Cond: ((k >= 5011773) AND (k <= 5011873))

table 2 : explain SELECT k, c FROM sbtest2 WHERE k BETWEEN 5011773 AND 5011873
	Bitmap Heap Scan on sbtest2  (cost=5.48..409.07 rows=102 width=125)
	  Recheck Cond: ((k >= 5011773) AND (k <= 5011873))
	  ->  Bitmap Index Scan on k_2  (cost=0.00..5.45 rows=102 width=0)
	        Index Cond: ((k >= 5011773) AND (k <= 5011873))

table 3 : explain SELECT k, c FROM sbtest3 WHERE k BETWEEN 5011773 AND 5011873
	Bitmap Heap Scan on sbtest3  (cost=5.41..381.49 rows=95 width=125)
	  Recheck Cond: ((k >= 5011773) AND (k <= 5011873))
	  ->  Bitmap Index Scan on k_3  (cost=0.00..5.38 rows=95 width=0)
	        Index Cond: ((k >= 5011773) AND (k <= 5011873))

table 4 : explain SELECT k, c FROM sbtest4 WHERE k BETWEEN 5011773 AND 5011873
	Bitmap Heap Scan on sbtest4  (cost=5.51..420.88 rows=105 width=125)
	  Recheck Cond: ((k >= 5011773) AND (k <= 5011873))
	  ->  Bitmap Index Scan on k_4  (cost=0.00..5.48 rows=105 width=0)
	        Index Cond: ((k >= 5011773) AND (k <= 5011873))

table 5 : explain SELECT k, c FROM sbtest5 WHERE k BETWEEN 5011773 AND 5011873
	Bitmap Heap Scan on sbtest5  (cost=5.57..444.49 rows=111 width=125)
	  Recheck Cond: ((k >= 5011773) AND (k <= 5011873))
	  ->  Bitmap Index Scan on k_5  (cost=0.00..5.54 rows=111 width=0)
	        Index Cond: ((k >= 5011773) AND (k <= 5011873))

table 6 : explain SELECT k, c FROM sbtest6 WHERE k BETWEEN 5011773 AND 5011873
	Bitmap Heap Scan on sbtest6  (cost=5.46..401.19 rows=100 width=125)
	  Recheck Cond: ((k >= 5011773) AND (k <= 5011873))
	  ->  Bitmap Index Scan on k_6  (cost=0.00..5.43 rows=100 width=0)
	        Index Cond: ((k >= 5011773) AND (k <= 5011873))

table 7 : explain SELECT k, c FROM sbtest7 WHERE k BETWEEN 5011773 AND 5011873
	Bitmap Heap Scan on sbtest7  (cost=5.54..432.69 rows=108 width=125)
	  Recheck Cond: ((k >= 5011773) AND (k <= 5011873))
	  ->  Bitmap Index Scan on k_7  (cost=0.00..5.51 rows=108 width=0)
	        Index Cond: ((k >= 5011773) AND (k <= 5011873))

table 8 : explain SELECT k, c FROM sbtest8 WHERE k BETWEEN 5011773 AND 5011873
	Bitmap Heap Scan on sbtest8  (cost=5.54..432.69 rows=108 width=125)
	  Recheck Cond: ((k >= 5011773) AND (k <= 5011873))
	  ->  Bitmap Index Scan on k_8  (cost=0.00..5.51 rows=108 width=0)
	        Index Cond: ((k >= 5011773) AND (k <= 5011873))

for range-notcovered
table 1 : explain SELECT k, c FROM sbtest1 WHERE k BETWEEN 1520381 AND 1520481
	Bitmap Heap Scan on sbtest1  (cost=5.56..440.56 rows=110 width=125)
	  Recheck Cond: ((k >= 1520381) AND (k <= 1520481))
	  ->  Bitmap Index Scan on k_1  (cost=0.00..5.53 rows=110 width=0)
	        Index Cond: ((k >= 1520381) AND (k <= 1520481))

table 2 : explain SELECT k, c FROM sbtest2 WHERE k BETWEEN 1520381 AND 1520481
	Bitmap Heap Scan on sbtest2  (cost=5.51..420.88 rows=105 width=125)
	  Recheck Cond: ((k >= 1520381) AND (k <= 1520481))
	  ->  Bitmap Index Scan on k_2  (cost=0.00..5.48 rows=105 width=0)
	        Index Cond: ((k >= 1520381) AND (k <= 1520481))

table 3 : explain SELECT k, c FROM sbtest3 WHERE k BETWEEN 1520381 AND 1520481
	Bitmap Heap Scan on sbtest3  (cost=5.42..385.43 rows=96 width=125)
	  Recheck Cond: ((k >= 1520381) AND (k <= 1520481))
	  ->  Bitmap Index Scan on k_3  (cost=0.00..5.39 rows=96 width=0)
	        Index Cond: ((k >= 1520381) AND (k <= 1520481))

table 4 : explain SELECT k, c FROM sbtest4 WHERE k BETWEEN 1520381 AND 1520481
	Bitmap Heap Scan on sbtest4  (cost=5.51..420.88 rows=105 width=125)
	  Recheck Cond: ((k >= 1520381) AND (k <= 1520481))
	  ->  Bitmap Index Scan on k_4  (cost=0.00..5.48 rows=105 width=0)
	        Index Cond: ((k >= 1520381) AND (k <= 1520481))

table 5 : explain SELECT k, c FROM sbtest5 WHERE k BETWEEN 1520381 AND 1520481
	Bitmap Heap Scan on sbtest5  (cost=5.47..405.13 rows=101 width=125)
	  Recheck Cond: ((k >= 1520381) AND (k <= 1520481))
	  ->  Bitmap Index Scan on k_5  (cost=0.00..5.44 rows=101 width=0)
	        Index Cond: ((k >= 1520381) AND (k <= 1520481))

table 6 : explain SELECT k, c FROM sbtest6 WHERE k BETWEEN 1520381 AND 1520481
	Bitmap Heap Scan on sbtest6  (cost=5.52..424.81 rows=106 width=125)
	  Recheck Cond: ((k >= 1520381) AND (k <= 1520481))
	  ->  Bitmap Index Scan on k_6  (cost=0.00..5.50 rows=106 width=0)
	        Index Cond: ((k >= 1520381) AND (k <= 1520481))

table 7 : explain SELECT k, c FROM sbtest7 WHERE k BETWEEN 1520381 AND 1520481
	Bitmap Heap Scan on sbtest7  (cost=5.46..401.19 rows=100 width=125)
	  Recheck Cond: ((k >= 1520381) AND (k <= 1520481))
	  ->  Bitmap Index Scan on k_7  (cost=0.00..5.43 rows=100 width=0)
	        Index Cond: ((k >= 1520381) AND (k <= 1520481))

table 8 : explain SELECT k, c FROM sbtest8 WHERE k BETWEEN 1520381 AND 1520481
	Bitmap Heap Scan on sbtest8  (cost=5.49..413.00 rows=103 width=125)
	  Recheck Cond: ((k >= 1520381) AND (k <= 1520481))
	  ->  Bitmap Index Scan on k_8  (cost=0.00..5.46 rows=103 width=0)
	        Index Cond: ((k >= 1520381) AND (k <= 1520481))

explain: for range-notcovered :: explain SELECT k, c FROM sbtest%d WHERE k BETWEEN 1520381 AND 1520481
explain: for range-notcovered :: explain SELECT k, c FROM sbtest%d WHERE k BETWEEN 5011773 AND 5011873
for range-notcovered
table 1 : explain SELECT k, c FROM sbtest1 WHERE k BETWEEN 1174161 AND 1174261
	Bitmap Heap Scan on sbtest1  (cost=5.45..397.25 rows=99 width=125)
	  Recheck Cond: ((k >= 1174161) AND (k <= 1174261))
	  ->  Bitmap Index Scan on k_1  (cost=0.00..5.42 rows=99 width=0)
	        Index Cond: ((k >= 1174161) AND (k <= 1174261))

table 2 : explain SELECT k, c FROM sbtest2 WHERE k BETWEEN 1174161 AND 1174261
	Bitmap Heap Scan on sbtest2  (cost=5.44..393.31 rows=98 width=125)
	  Recheck Cond: ((k >= 1174161) AND (k <= 1174261))
	  ->  Bitmap Index Scan on k_2  (cost=0.00..5.42 rows=98 width=0)
	        Index Cond: ((k >= 1174161) AND (k <= 1174261))

table 3 : explain SELECT k, c FROM sbtest3 WHERE k BETWEEN 1174161 AND 1174261
	Bitmap Heap Scan on sbtest3  (cost=5.53..428.75 rows=107 width=125)
	  Recheck Cond: ((k >= 1174161) AND (k <= 1174261))
	  ->  Bitmap Index Scan on k_3  (cost=0.00..5.50 rows=107 width=0)
	        Index Cond: ((k >= 1174161) AND (k <= 1174261))

table 4 : explain SELECT k, c FROM sbtest4 WHERE k BETWEEN 1174161 AND 1174261
	Bitmap Heap Scan on sbtest4  (cost=5.42..385.43 rows=96 width=125)
	  Recheck Cond: ((k >= 1174161) AND (k <= 1174261))
	  ->  Bitmap Index Scan on k_4  (cost=0.00..5.39 rows=96 width=0)
	        Index Cond: ((k >= 1174161) AND (k <= 1174261))

table 5 : explain SELECT k, c FROM sbtest5 WHERE k BETWEEN 1174161 AND 1174261
	Bitmap Heap Scan on sbtest5  (cost=5.47..405.13 rows=101 width=125)
	  Recheck Cond: ((k >= 1174161) AND (k <= 1174261))
	  ->  Bitmap Index Scan on k_5  (cost=0.00..5.44 rows=101 width=0)
	        Index Cond: ((k >= 1174161) AND (k <= 1174261))

table 6 : explain SELECT k, c FROM sbtest6 WHERE k BETWEEN 1174161 AND 1174261
	Bitmap Heap Scan on sbtest6  (cost=5.49..413.00 rows=103 width=125)
	  Recheck Cond: ((k >= 1174161) AND (k <= 1174261))
	  ->  Bitmap Index Scan on k_6  (cost=0.00..5.46 rows=103 width=0)
	        Index Cond: ((k >= 1174161) AND (k <= 1174261))

table 7 : explain SELECT k, c FROM sbtest7 WHERE k BETWEEN 1174161 AND 1174261
	Bitmap Heap Scan on sbtest7  (cost=5.49..413.00 rows=103 width=125)
	  Recheck Cond: ((k >= 1174161) AND (k <= 1174261))
	  ->  Bitmap Index Scan on k_7  (cost=0.00..5.46 rows=103 width=0)
	        Index Cond: ((k >= 1174161) AND (k <= 1174261))

table 8 : explain SELECT k, c FROM sbtest8 WHERE k BETWEEN 1174161 AND 1174261
	Bitmap Heap Scan on sbtest8  (cost=5.46..401.19 rows=100 width=125)
	  Recheck Cond: ((k >= 1174161) AND (k <= 1174261))
	  ->  Bitmap Index Scan on k_8  (cost=0.00..5.43 rows=100 width=0)
	        Index Cond: ((k >= 1174161) AND (k <= 1174261))

for range-notcovered
table 1 : explain SELECT k, c FROM sbtest1 WHERE k BETWEEN 5331567 AND 5331667
	Bitmap Heap Scan on sbtest1  (cost=5.58..448.42 rows=112 width=125)
	  Recheck Cond: ((k >= 5331567) AND (k <= 5331667))
	  ->  Bitmap Index Scan on k_1  (cost=0.00..5.55 rows=112 width=0)
	        Index Cond: ((k >= 5331567) AND (k <= 5331667))

table 2 : explain SELECT k, c FROM sbtest2 WHERE k BETWEEN 5331567 AND 5331667
	Bitmap Heap Scan on sbtest2  (cost=5.57..444.49 rows=111 width=125)
	  Recheck Cond: ((k >= 5331567) AND (k <= 5331667))
	  ->  Bitmap Index Scan on k_2  (cost=0.00..5.54 rows=111 width=0)
	        Index Cond: ((k >= 5331567) AND (k <= 5331667))

table 3 : explain SELECT k, c FROM sbtest3 WHERE k BETWEEN 5331567 AND 5331667
	Bitmap Heap Scan on sbtest3  (cost=5.43..389.37 rows=97 width=125)
	  Recheck Cond: ((k >= 5331567) AND (k <= 5331667))
	  ->  Bitmap Index Scan on k_3  (cost=0.00..5.40 rows=97 width=0)
	        Index Cond: ((k >= 5331567) AND (k <= 5331667))

table 4 : explain SELECT k, c FROM sbtest4 WHERE k BETWEEN 5331567 AND 5331667
	Bitmap Heap Scan on sbtest4  (cost=5.48..409.07 rows=102 width=125)
	  Recheck Cond: ((k >= 5331567) AND (k <= 5331667))
	  ->  Bitmap Index Scan on k_4  (cost=0.00..5.45 rows=102 width=0)
	        Index Cond: ((k >= 5331567) AND (k <= 5331667))

table 5 : explain SELECT k, c FROM sbtest5 WHERE k BETWEEN 5331567 AND 5331667
	Bitmap Heap Scan on sbtest5  (cost=5.50..416.94 rows=104 width=125)
	  Recheck Cond: ((k >= 5331567) AND (k <= 5331667))
	  ->  Bitmap Index Scan on k_5  (cost=0.00..5.47 rows=104 width=0)
	        Index Cond: ((k >= 5331567) AND (k <= 5331667))

table 6 : explain SELECT k, c FROM sbtest6 WHERE k BETWEEN 5331567 AND 5331667
	Bitmap Heap Scan on sbtest6  (cost=5.49..413.00 rows=103 width=125)
	  Recheck Cond: ((k >= 5331567) AND (k <= 5331667))
	  ->  Bitmap Index Scan on k_6  (cost=0.00..5.46 rows=103 width=0)
	        Index Cond: ((k >= 5331567) AND (k <= 5331667))

table 7 : explain SELECT k, c FROM sbtest7 WHERE k BETWEEN 5331567 AND 5331667
	Bitmap Heap Scan on sbtest7  (cost=5.46..401.19 rows=100 width=125)
	  Recheck Cond: ((k >= 5331567) AND (k <= 5331667))
	  ->  Bitmap Index Scan on k_7  (cost=0.00..5.43 rows=100 width=0)
	        Index Cond: ((k >= 5331567) AND (k <= 5331667))

table 8 : explain SELECT k, c FROM sbtest8 WHERE k BETWEEN 5331567 AND 5331667
	Bitmap Heap Scan on sbtest8  (cost=5.54..432.69 rows=108 width=125)
	  Recheck Cond: ((k >= 5331567) AND (k <= 5331667))
	  ->  Bitmap Index Scan on k_8  (cost=0.00..5.51 rows=108 width=0)
	        Index Cond: ((k >= 5331567) AND (k <= 5331667))

explain: for range-notcovered :: explain SELECT k, c FROM sbtest%d WHERE k BETWEEN 1174161 AND 1174261
explain: for range-notcovered :: explain SELECT k, c FROM sbtest%d WHERE k BETWEEN 5331567 AND 5331667
for range-notcovered
table 1 : explain SELECT k, c FROM sbtest1 WHERE k BETWEEN 2523731 AND 2523831
	Bitmap Heap Scan on sbtest1  (cost=5.37..365.72 rows=91 width=125)
	  Recheck Cond: ((k >= 2523731) AND (k <= 2523831))
	  ->  Bitmap Index Scan on k_1  (cost=0.00..5.34 rows=91 width=0)
	        Index Cond: ((k >= 2523731) AND (k <= 2523831))

table 2 : explain SELECT k, c FROM sbtest2 WHERE k BETWEEN 2523731 AND 2523831
	Bitmap Heap Scan on sbtest2  (cost=5.53..428.75 rows=107 width=125)
	  Recheck Cond: ((k >= 2523731) AND (k <= 2523831))
	  ->  Bitmap Index Scan on k_2  (cost=0.00..5.50 rows=107 width=0)
	        Index Cond: ((k >= 2523731) AND (k <= 2523831))

table 3 : explain SELECT k, c FROM sbtest3 WHERE k BETWEEN 2523731 AND 2523831
	Bitmap Heap Scan on sbtest3  (cost=5.47..405.13 rows=101 width=125)
	  Recheck Cond: ((k >= 2523731) AND (k <= 2523831))
	  ->  Bitmap Index Scan on k_3  (cost=0.00..5.44 rows=101 width=0)
	        Index Cond: ((k >= 2523731) AND (k <= 2523831))

table 4 : explain SELECT k, c FROM sbtest4 WHERE k BETWEEN 2523731 AND 2523831
	Bitmap Heap Scan on sbtest4  (cost=5.47..405.13 rows=101 width=125)
	  Recheck Cond: ((k >= 2523731) AND (k <= 2523831))
	  ->  Bitmap Index Scan on k_4  (cost=0.00..5.44 rows=101 width=0)
	        Index Cond: ((k >= 2523731) AND (k <= 2523831))

table 5 : explain SELECT k, c FROM sbtest5 WHERE k BETWEEN 2523731 AND 2523831
	Bitmap Heap Scan on sbtest5  (cost=5.54..432.69 rows=108 width=125)
	  Recheck Cond: ((k >= 2523731) AND (k <= 2523831))
	  ->  Bitmap Index Scan on k_5  (cost=0.00..5.51 rows=108 width=0)
	        Index Cond: ((k >= 2523731) AND (k <= 2523831))

table 6 : explain SELECT k, c FROM sbtest6 WHERE k BETWEEN 2523731 AND 2523831
	Bitmap Heap Scan on sbtest6  (cost=5.51..420.88 rows=105 width=125)
	  Recheck Cond: ((k >= 2523731) AND (k <= 2523831))
	  ->  Bitmap Index Scan on k_6  (cost=0.00..5.48 rows=105 width=0)
	        Index Cond: ((k >= 2523731) AND (k <= 2523831))

table 7 : explain SELECT k, c FROM sbtest7 WHERE k BETWEEN 2523731 AND 2523831
	Bitmap Heap Scan on sbtest7  (cost=5.42..385.43 rows=96 width=125)
	  Recheck Cond: ((k >= 2523731) AND (k <= 2523831))
	  ->  Bitmap Index Scan on k_7  (cost=0.00..5.39 rows=96 width=0)
	        Index Cond: ((k >= 2523731) AND (k <= 2523831))

table 8 : explain SELECT k, c FROM sbtest8 WHERE k BETWEEN 2523731 AND 2523831
	Bitmap Heap Scan on sbtest8  (cost=5.49..413.00 rows=103 width=125)
	  Recheck Cond: ((k >= 2523731) AND (k <= 2523831))
	  ->  Bitmap Index Scan on k_8  (cost=0.00..5.46 rows=103 width=0)
	        Index Cond: ((k >= 2523731) AND (k <= 2523831))

explain: for range-notcovered :: explain SELECT k, c FROM sbtest%d WHERE k BETWEEN 8279087 AND 8279187
explain: for range-notcovered :: explain SELECT k, c FROM sbtest%d WHERE k BETWEEN 2523731 AND 2523831
for range-notcovered
table 1 : explain SELECT k, c FROM sbtest1 WHERE k BETWEEN 1520381 AND 1520481
	Bitmap Heap Scan on sbtest1  (cost=5.56..440.56 rows=110 width=125)
	  Recheck Cond: ((k >= 1520381) AND (k <= 1520481))
	  ->  Bitmap Index Scan on k_1  (cost=0.00..5.53 rows=110 width=0)
	        Index Cond: ((k >= 1520381) AND (k <= 1520481))

table 2 : explain SELECT k, c FROM sbtest2 WHERE k BETWEEN 1520381 AND 1520481
	Bitmap Heap Scan on sbtest2  (cost=5.51..420.88 rows=105 width=125)
	  Recheck Cond: ((k >= 1520381) AND (k <= 1520481))
	  ->  Bitmap Index Scan on k_2  (cost=0.00..5.48 rows=105 width=0)
	        Index Cond: ((k >= 1520381) AND (k <= 1520481))

table 3 : explain SELECT k, c FROM sbtest3 WHERE k BETWEEN 1520381 AND 1520481
	Bitmap Heap Scan on sbtest3  (cost=5.42..385.43 rows=96 width=125)
	  Recheck Cond: ((k >= 1520381) AND (k <= 1520481))
	  ->  Bitmap Index Scan on k_3  (cost=0.00..5.39 rows=96 width=0)
	        Index Cond: ((k >= 1520381) AND (k <= 1520481))

table 4 : explain SELECT k, c FROM sbtest4 WHERE k BETWEEN 1520381 AND 1520481
	Bitmap Heap Scan on sbtest4  (cost=5.51..420.88 rows=105 width=125)
	  Recheck Cond: ((k >= 1520381) AND (k <= 1520481))
	  ->  Bitmap Index Scan on k_4  (cost=0.00..5.48 rows=105 width=0)
	        Index Cond: ((k >= 1520381) AND (k <= 1520481))

table 5 : explain SELECT k, c FROM sbtest5 WHERE k BETWEEN 1520381 AND 1520481
	Bitmap Heap Scan on sbtest5  (cost=5.47..405.13 rows=101 width=125)
	  Recheck Cond: ((k >= 1520381) AND (k <= 1520481))
	  ->  Bitmap Index Scan on k_5  (cost=0.00..5.44 rows=101 width=0)
	        Index Cond: ((k >= 1520381) AND (k <= 1520481))

table 6 : explain SELECT k, c FROM sbtest6 WHERE k BETWEEN 1520381 AND 1520481
	Bitmap Heap Scan on sbtest6  (cost=5.52..424.81 rows=106 width=125)
	  Recheck Cond: ((k >= 1520381) AND (k <= 1520481))
	  ->  Bitmap Index Scan on k_6  (cost=0.00..5.50 rows=106 width=0)
	        Index Cond: ((k >= 1520381) AND (k <= 1520481))

table 7 : explain SELECT k, c FROM sbtest7 WHERE k BETWEEN 1520381 AND 1520481
	Bitmap Heap Scan on sbtest7  (cost=5.46..401.19 rows=100 width=125)
	  Recheck Cond: ((k >= 1520381) AND (k <= 1520481))
	  ->  Bitmap Index Scan on k_7  (cost=0.00..5.43 rows=100 width=0)
	        Index Cond: ((k >= 1520381) AND (k <= 1520481))

table 8 : explain SELECT k, c FROM sbtest8 WHERE k BETWEEN 1520381 AND 1520481
	Bitmap Heap Scan on sbtest8  (cost=5.49..413.00 rows=103 width=125)
	  Recheck Cond: ((k >= 1520381) AND (k <= 1520481))
	  ->  Bitmap Index Scan on k_8  (cost=0.00..5.46 rows=103 width=0)
	        Index Cond: ((k >= 1520381) AND (k <= 1520481))

explain: for range-notcovered :: explain SELECT k, c FROM sbtest%d WHERE k BETWEEN 1520381 AND 1520481
for range-notcovered
table 1 : explain SELECT k, c FROM sbtest1 WHERE k BETWEEN 5331567 AND 5331667
	Bitmap Heap Scan on sbtest1  (cost=5.58..448.42 rows=112 width=125)
	  Recheck Cond: ((k >= 5331567) AND (k <= 5331667))
	  ->  Bitmap Index Scan on k_1  (cost=0.00..5.55 rows=112 width=0)
	        Index Cond: ((k >= 5331567) AND (k <= 5331667))

table 2 : explain SELECT k, c FROM sbtest2 WHERE k BETWEEN 5331567 AND 5331667
	Bitmap Heap Scan on sbtest2  (cost=5.57..444.49 rows=111 width=125)
	  Recheck Cond: ((k >= 5331567) AND (k <= 5331667))
	  ->  Bitmap Index Scan on k_2  (cost=0.00..5.54 rows=111 width=0)
	        Index Cond: ((k >= 5331567) AND (k <= 5331667))

table 3 : explain SELECT k, c FROM sbtest3 WHERE k BETWEEN 5331567 AND 5331667
	Bitmap Heap Scan on sbtest3  (cost=5.43..389.37 rows=97 width=125)
	  Recheck Cond: ((k >= 5331567) AND (k <= 5331667))
	  ->  Bitmap Index Scan on k_3  (cost=0.00..5.40 rows=97 width=0)
	        Index Cond: ((k >= 5331567) AND (k <= 5331667))

table 4 : explain SELECT k, c FROM sbtest4 WHERE k BETWEEN 5331567 AND 5331667
	Bitmap Heap Scan on sbtest4  (cost=5.48..409.07 rows=102 width=125)
	  Recheck Cond: ((k >= 5331567) AND (k <= 5331667))
	  ->  Bitmap Index Scan on k_4  (cost=0.00..5.45 rows=102 width=0)
	        Index Cond: ((k >= 5331567) AND (k <= 5331667))

table 5 : explain SELECT k, c FROM sbtest5 WHERE k BETWEEN 5331567 AND 5331667
	Bitmap Heap Scan on sbtest5  (cost=5.50..416.94 rows=104 width=125)
	  Recheck Cond: ((k >= 5331567) AND (k <= 5331667))
	  ->  Bitmap Index Scan on k_5  (cost=0.00..5.47 rows=104 width=0)
	        Index Cond: ((k >= 5331567) AND (k <= 5331667))

table 6 : explain SELECT k, c FROM sbtest6 WHERE k BETWEEN 5331567 AND 5331667
	Bitmap Heap Scan on sbtest6  (cost=5.49..413.00 rows=103 width=125)
	  Recheck Cond: ((k >= 5331567) AND (k <= 5331667))
	  ->  Bitmap Index Scan on k_6  (cost=0.00..5.46 rows=103 width=0)
	        Index Cond: ((k >= 5331567) AND (k <= 5331667))

table 7 : explain SELECT k, c FROM sbtest7 WHERE k BETWEEN 5331567 AND 5331667
	Bitmap Heap Scan on sbtest7  (cost=5.46..401.19 rows=100 width=125)
	  Recheck Cond: ((k >= 5331567) AND (k <= 5331667))
	  ->  Bitmap Index Scan on k_7  (cost=0.00..5.43 rows=100 width=0)
	        Index Cond: ((k >= 5331567) AND (k <= 5331667))

table 8 : explain SELECT k, c FROM sbtest8 WHERE k BETWEEN 5331567 AND 5331667
	Bitmap Heap Scan on sbtest8  (cost=5.54..432.69 rows=108 width=125)
	  Recheck Cond: ((k >= 5331567) AND (k <= 5331667))
	  ->  Bitmap Index Scan on k_8  (cost=0.00..5.51 rows=108 width=0)
	        Index Cond: ((k >= 5331567) AND (k <= 5331667))

for range-notcovered
table 1 : explain SELECT k, c FROM sbtest1 WHERE k BETWEEN 1174161 AND 1174261
	Bitmap Heap Scan on sbtest1  (cost=5.45..397.25 rows=99 width=125)
	  Recheck Cond: ((k >= 1174161) AND (k <= 1174261))
	  ->  Bitmap Index Scan on k_1  (cost=0.00..5.42 rows=99 width=0)
	        Index Cond: ((k >= 1174161) AND (k <= 1174261))

table 2 : explain SELECT k, c FROM sbtest2 WHERE k BETWEEN 1174161 AND 1174261
	Bitmap Heap Scan on sbtest2  (cost=5.44..393.31 rows=98 width=125)
	  Recheck Cond: ((k >= 1174161) AND (k <= 1174261))
	  ->  Bitmap Index Scan on k_2  (cost=0.00..5.42 rows=98 width=0)
	        Index Cond: ((k >= 1174161) AND (k <= 1174261))

table 3 : explain SELECT k, c FROM sbtest3 WHERE k BETWEEN 1174161 AND 1174261
	Bitmap Heap Scan on sbtest3  (cost=5.53..428.75 rows=107 width=125)
	  Recheck Cond: ((k >= 1174161) AND (k <= 1174261))
	  ->  Bitmap Index Scan on k_3  (cost=0.00..5.50 rows=107 width=0)
	        Index Cond: ((k >= 1174161) AND (k <= 1174261))

table 4 : explain SELECT k, c FROM sbtest4 WHERE k BETWEEN 1174161 AND 1174261
	Bitmap Heap Scan on sbtest4  (cost=5.42..385.43 rows=96 width=125)
	  Recheck Cond: ((k >= 1174161) AND (k <= 1174261))
	  ->  Bitmap Index Scan on k_4  (cost=0.00..5.39 rows=96 width=0)
	        Index Cond: ((k >= 1174161) AND (k <= 1174261))

table 5 : explain SELECT k, c FROM sbtest5 WHERE k BETWEEN 1174161 AND 1174261
	Bitmap Heap Scan on sbtest5  (cost=5.47..405.13 rows=101 width=125)
	  Recheck Cond: ((k >= 1174161) AND (k <= 1174261))
	  ->  Bitmap Index Scan on k_5  (cost=0.00..5.44 rows=101 width=0)
	        Index Cond: ((k >= 1174161) AND (k <= 1174261))

table 6 : explain SELECT k, c FROM sbtest6 WHERE k BETWEEN 1174161 AND 1174261
	Bitmap Heap Scan on sbtest6  (cost=5.49..413.00 rows=103 width=125)
	  Recheck Cond: ((k >= 1174161) AND (k <= 1174261))
	  ->  Bitmap Index Scan on k_6  (cost=0.00..5.46 rows=103 width=0)
	        Index Cond: ((k >= 1174161) AND (k <= 1174261))

table 7 : explain SELECT k, c FROM sbtest7 WHERE k BETWEEN 1174161 AND 1174261
	Bitmap Heap Scan on sbtest7  (cost=5.49..413.00 rows=103 width=125)
	  Recheck Cond: ((k >= 1174161) AND (k <= 1174261))
	  ->  Bitmap Index Scan on k_7  (cost=0.00..5.46 rows=103 width=0)
	        Index Cond: ((k >= 1174161) AND (k <= 1174261))

table 8 : explain SELECT k, c FROM sbtest8 WHERE k BETWEEN 1174161 AND 1174261
	Bitmap Heap Scan on sbtest8  (cost=5.46..401.19 rows=100 width=125)
	  Recheck Cond: ((k >= 1174161) AND (k <= 1174261))
	  ->  Bitmap Index Scan on k_8  (cost=0.00..5.43 rows=100 width=0)
	        Index Cond: ((k >= 1174161) AND (k <= 1174261))

explain: for range-notcovered :: explain SELECT k, c FROM sbtest%d WHERE k BETWEEN 5331567 AND 5331667
explain: for range-notcovered :: explain SELECT k, c FROM sbtest%d WHERE k BETWEEN 1174161 AND 1174261
explain: for range-notcovered :: explain SELECT k, c FROM sbtest%d WHERE k BETWEEN 5571154 AND 5571254
for range-notcovered
table 1 : explain SELECT k, c FROM sbtest1 WHERE k BETWEEN 2523731 AND 2523831
	Bitmap Heap Scan on sbtest1  (cost=5.37..365.72 rows=91 width=125)
	  Recheck Cond: ((k >= 2523731) AND (k <= 2523831))
	  ->  Bitmap Index Scan on k_1  (cost=0.00..5.34 rows=91 width=0)
	        Index Cond: ((k >= 2523731) AND (k <= 2523831))

table 2 : explain SELECT k, c FROM sbtest2 WHERE k BETWEEN 2523731 AND 2523831
	Bitmap Heap Scan on sbtest2  (cost=5.53..428.75 rows=107 width=125)
	  Recheck Cond: ((k >= 2523731) AND (k <= 2523831))
	  ->  Bitmap Index Scan on k_2  (cost=0.00..5.50 rows=107 width=0)
	        Index Cond: ((k >= 2523731) AND (k <= 2523831))

table 3 : explain SELECT k, c FROM sbtest3 WHERE k BETWEEN 2523731 AND 2523831
	Bitmap Heap Scan on sbtest3  (cost=5.47..405.13 rows=101 width=125)
	  Recheck Cond: ((k >= 2523731) AND (k <= 2523831))
	  ->  Bitmap Index Scan on k_3  (cost=0.00..5.44 rows=101 width=0)
	        Index Cond: ((k >= 2523731) AND (k <= 2523831))

table 4 : explain SELECT k, c FROM sbtest4 WHERE k BETWEEN 2523731 AND 2523831
	Bitmap Heap Scan on sbtest4  (cost=5.47..405.13 rows=101 width=125)
	  Recheck Cond: ((k >= 2523731) AND (k <= 2523831))
	  ->  Bitmap Index Scan on k_4  (cost=0.00..5.44 rows=101 width=0)
	        Index Cond: ((k >= 2523731) AND (k <= 2523831))

table 5 : explain SELECT k, c FROM sbtest5 WHERE k BETWEEN 2523731 AND 2523831
	Bitmap Heap Scan on sbtest5  (cost=5.54..432.69 rows=108 width=125)
	  Recheck Cond: ((k >= 2523731) AND (k <= 2523831))
	  ->  Bitmap Index Scan on k_5  (cost=0.00..5.51 rows=108 width=0)
	        Index Cond: ((k >= 2523731) AND (k <= 2523831))

table 6 : explain SELECT k, c FROM sbtest6 WHERE k BETWEEN 2523731 AND 2523831
	Bitmap Heap Scan on sbtest6  (cost=5.51..420.88 rows=105 width=125)
	  Recheck Cond: ((k >= 2523731) AND (k <= 2523831))
	  ->  Bitmap Index Scan on k_6  (cost=0.00..5.48 rows=105 width=0)
	        Index Cond: ((k >= 2523731) AND (k <= 2523831))

table 7 : explain SELECT k, c FROM sbtest7 WHERE k BETWEEN 2523731 AND 2523831
	Bitmap Heap Scan on sbtest7  (cost=5.42..385.43 rows=96 width=125)
	  Recheck Cond: ((k >= 2523731) AND (k <= 2523831))
	  ->  Bitmap Index Scan on k_7  (cost=0.00..5.39 rows=96 width=0)
	        Index Cond: ((k >= 2523731) AND (k <= 2523831))

table 8 : explain SELECT k, c FROM sbtest8 WHERE k BETWEEN 2523731 AND 2523831
	Bitmap Heap Scan on sbtest8  (cost=5.49..413.00 rows=103 width=125)
	  Recheck Cond: ((k >= 2523731) AND (k <= 2523831))
	  ->  Bitmap Index Scan on k_8  (cost=0.00..5.46 rows=103 width=0)
	        Index Cond: ((k >= 2523731) AND (k <= 2523831))

explain: for range-notcovered :: explain SELECT k, c FROM sbtest%d WHERE k BETWEEN 2523731 AND 2523831
for range-notcovered
table 1 : explain SELECT k, c FROM sbtest1 WHERE k BETWEEN 1520381 AND 1520481
	Bitmap Heap Scan on sbtest1  (cost=5.56..440.56 rows=110 width=125)
	  Recheck Cond: ((k >= 1520381) AND (k <= 1520481))
	  ->  Bitmap Index Scan on k_1  (cost=0.00..5.53 rows=110 width=0)
	        Index Cond: ((k >= 1520381) AND (k <= 1520481))

table 2 : explain SELECT k, c FROM sbtest2 WHERE k BETWEEN 1520381 AND 1520481
	Bitmap Heap Scan on sbtest2  (cost=5.51..420.88 rows=105 width=125)
	  Recheck Cond: ((k >= 1520381) AND (k <= 1520481))
	  ->  Bitmap Index Scan on k_2  (cost=0.00..5.48 rows=105 width=0)
	        Index Cond: ((k >= 1520381) AND (k <= 1520481))

table 3 : explain SELECT k, c FROM sbtest3 WHERE k BETWEEN 1520381 AND 1520481
	Bitmap Heap Scan on sbtest3  (cost=5.42..385.43 rows=96 width=125)
	  Recheck Cond: ((k >= 1520381) AND (k <= 1520481))
	  ->  Bitmap Index Scan on k_3  (cost=0.00..5.39 rows=96 width=0)
	        Index Cond: ((k >= 1520381) AND (k <= 1520481))

table 4 : explain SELECT k, c FROM sbtest4 WHERE k BETWEEN 1520381 AND 1520481
	Bitmap Heap Scan on sbtest4  (cost=5.51..420.88 rows=105 width=125)
	  Recheck Cond: ((k >= 1520381) AND (k <= 1520481))
	  ->  Bitmap Index Scan on k_4  (cost=0.00..5.48 rows=105 width=0)
	        Index Cond: ((k >= 1520381) AND (k <= 1520481))

table 5 : explain SELECT k, c FROM sbtest5 WHERE k BETWEEN 1520381 AND 1520481
	Bitmap Heap Scan on sbtest5  (cost=5.47..405.13 rows=101 width=125)
	  Recheck Cond: ((k >= 1520381) AND (k <= 1520481))
	  ->  Bitmap Index Scan on k_5  (cost=0.00..5.44 rows=101 width=0)
	        Index Cond: ((k >= 1520381) AND (k <= 1520481))

table 6 : explain SELECT k, c FROM sbtest6 WHERE k BETWEEN 1520381 AND 1520481
	Bitmap Heap Scan on sbtest6  (cost=5.52..424.81 rows=106 width=125)
	  Recheck Cond: ((k >= 1520381) AND (k <= 1520481))
	  ->  Bitmap Index Scan on k_6  (cost=0.00..5.50 rows=106 width=0)
	        Index Cond: ((k >= 1520381) AND (k <= 1520481))

table 7 : explain SELECT k, c FROM sbtest7 WHERE k BETWEEN 1520381 AND 1520481
	Bitmap Heap Scan on sbtest7  (cost=5.46..401.19 rows=100 width=125)
	  Recheck Cond: ((k >= 1520381) AND (k <= 1520481))
	  ->  Bitmap Index Scan on k_7  (cost=0.00..5.43 rows=100 width=0)
	        Index Cond: ((k >= 1520381) AND (k <= 1520481))

table 8 : explain SELECT k, c FROM sbtest8 WHERE k BETWEEN 1520381 AND 1520481
	Bitmap Heap Scan on sbtest8  (cost=5.49..413.00 rows=103 width=125)
	  Recheck Cond: ((k >= 1520381) AND (k <= 1520481))
	  ->  Bitmap Index Scan on k_8  (cost=0.00..5.46 rows=103 width=0)
	        Index Cond: ((k >= 1520381) AND (k <= 1520481))

explain: for range-notcovered :: explain SELECT k, c FROM sbtest%d WHERE k BETWEEN 1520381 AND 1520481
for range-notcovered
table 1 : explain SELECT k, c FROM sbtest1 WHERE k BETWEEN 5272393 AND 5272493
	Bitmap Heap Scan on sbtest1  (cost=5.58..448.42 rows=112 width=125)
	  Recheck Cond: ((k >= 5272393) AND (k <= 5272493))
	  ->  Bitmap Index Scan on k_1  (cost=0.00..5.55 rows=112 width=0)
	        Index Cond: ((k >= 5272393) AND (k <= 5272493))

table 2 : explain SELECT k, c FROM sbtest2 WHERE k BETWEEN 5272393 AND 5272493
	Bitmap Heap Scan on sbtest2  (cost=5.49..413.00 rows=103 width=125)
	  Recheck Cond: ((k >= 5272393) AND (k <= 5272493))
	  ->  Bitmap Index Scan on k_2  (cost=0.00..5.46 rows=103 width=0)
	        Index Cond: ((k >= 5272393) AND (k <= 5272493))

table 3 : explain SELECT k, c FROM sbtest3 WHERE k BETWEEN 5272393 AND 5272493
	Bitmap Heap Scan on sbtest3  (cost=5.43..389.37 rows=97 width=125)
	  Recheck Cond: ((k >= 5272393) AND (k <= 5272493))
	  ->  Bitmap Index Scan on k_3  (cost=0.00..5.40 rows=97 width=0)
	        Index Cond: ((k >= 5272393) AND (k <= 5272493))

table 4 : explain SELECT k, c FROM sbtest4 WHERE k BETWEEN 5272393 AND 5272493
	Bitmap Heap Scan on sbtest4  (cost=5.43..389.37 rows=97 width=125)
	  Recheck Cond: ((k >= 5272393) AND (k <= 5272493))
	  ->  Bitmap Index Scan on k_4  (cost=0.00..5.40 rows=97 width=0)
	        Index Cond: ((k >= 5272393) AND (k <= 5272493))

table 5 : explain SELECT k, c FROM sbtest5 WHERE k BETWEEN 5272393 AND 5272493
	Bitmap Heap Scan on sbtest5  (cost=5.48..409.07 rows=102 width=125)
	  Recheck Cond: ((k >= 5272393) AND (k <= 5272493))
	  ->  Bitmap Index Scan on k_5  (cost=0.00..5.45 rows=102 width=0)
	        Index Cond: ((k >= 5272393) AND (k <= 5272493))

table 6 : explain SELECT k, c FROM sbtest6 WHERE k BETWEEN 5272393 AND 5272493
	Bitmap Heap Scan on sbtest6  (cost=5.49..413.00 rows=103 width=125)
	  Recheck Cond: ((k >= 5272393) AND (k <= 5272493))
	  ->  Bitmap Index Scan on k_6  (cost=0.00..5.46 rows=103 width=0)
	        Index Cond: ((k >= 5272393) AND (k <= 5272493))

table 7 : explain SELECT k, c FROM sbtest7 WHERE k BETWEEN 5272393 AND 5272493
	Bitmap Heap Scan on sbtest7  (cost=5.46..401.19 rows=100 width=125)
	  Recheck Cond: ((k >= 5272393) AND (k <= 5272493))
	  ->  Bitmap Index Scan on k_7  (cost=0.00..5.43 rows=100 width=0)
	        Index Cond: ((k >= 5272393) AND (k <= 5272493))

table 8 : explain SELECT k, c FROM sbtest8 WHERE k BETWEEN 5272393 AND 5272493
	Bitmap Heap Scan on sbtest8  (cost=5.45..397.25 rows=99 width=125)
	  Recheck Cond: ((k >= 5272393) AND (k <= 5272493))
	  ->  Bitmap Index Scan on k_8  (cost=0.00..5.42 rows=99 width=0)
	        Index Cond: ((k >= 5272393) AND (k <= 5272493))

for range-notcovered
table 1 : explain SELECT k, c FROM sbtest1 WHERE k BETWEEN 5331567 AND 5331667
	Bitmap Heap Scan on sbtest1  (cost=5.58..448.42 rows=112 width=125)
	  Recheck Cond: ((k >= 5331567) AND (k <= 5331667))
	  ->  Bitmap Index Scan on k_1  (cost=0.00..5.55 rows=112 width=0)
	        Index Cond: ((k >= 5331567) AND (k <= 5331667))

table 2 : explain SELECT k, c FROM sbtest2 WHERE k BETWEEN 5331567 AND 5331667
	Bitmap Heap Scan on sbtest2  (cost=5.57..444.49 rows=111 width=125)
	  Recheck Cond: ((k >= 5331567) AND (k <= 5331667))
	  ->  Bitmap Index Scan on k_2  (cost=0.00..5.54 rows=111 width=0)
	        Index Cond: ((k >= 5331567) AND (k <= 5331667))

table 3 : explain SELECT k, c FROM sbtest3 WHERE k BETWEEN 5331567 AND 5331667
	Bitmap Heap Scan on sbtest3  (cost=5.43..389.37 rows=97 width=125)
	  Recheck Cond: ((k >= 5331567) AND (k <= 5331667))
	  ->  Bitmap Index Scan on k_3  (cost=0.00..5.40 rows=97 width=0)
	        Index Cond: ((k >= 5331567) AND (k <= 5331667))

table 4 : explain SELECT k, c FROM sbtest4 WHERE k BETWEEN 5331567 AND 5331667
	Bitmap Heap Scan on sbtest4  (cost=5.48..409.07 rows=102 width=125)
	  Recheck Cond: ((k >= 5331567) AND (k <= 5331667))
	  ->  Bitmap Index Scan on k_4  (cost=0.00..5.45 rows=102 width=0)
	        Index Cond: ((k >= 5331567) AND (k <= 5331667))

table 5 : explain SELECT k, c FROM sbtest5 WHERE k BETWEEN 5331567 AND 5331667
	Bitmap Heap Scan on sbtest5  (cost=5.50..416.94 rows=104 width=125)
	  Recheck Cond: ((k >= 5331567) AND (k <= 5331667))
	  ->  Bitmap Index Scan on k_5  (cost=0.00..5.47 rows=104 width=0)
	        Index Cond: ((k >= 5331567) AND (k <= 5331667))

table 6 : explain SELECT k, c FROM sbtest6 WHERE k BETWEEN 5331567 AND 5331667
	Bitmap Heap Scan on sbtest6  (cost=5.49..413.00 rows=103 width=125)
	  Recheck Cond: ((k >= 5331567) AND (k <= 5331667))
	  ->  Bitmap Index Scan on k_6  (cost=0.00..5.46 rows=103 width=0)
	        Index Cond: ((k >= 5331567) AND (k <= 5331667))

table 7 : explain SELECT k, c FROM sbtest7 WHERE k BETWEEN 5331567 AND 5331667
	Bitmap Heap Scan on sbtest7  (cost=5.46..401.19 rows=100 width=125)
	  Recheck Cond: ((k >= 5331567) AND (k <= 5331667))
	  ->  Bitmap Index Scan on k_7  (cost=0.00..5.43 rows=100 width=0)
	        Index Cond: ((k >= 5331567) AND (k <= 5331667))

table 8 : explain SELECT k, c FROM sbtest8 WHERE k BETWEEN 5331567 AND 5331667
	Bitmap Heap Scan on sbtest8  (cost=5.54..432.69 rows=108 width=125)
	  Recheck Cond: ((k >= 5331567) AND (k <= 5331667))
	  ->  Bitmap Index Scan on k_8  (cost=0.00..5.51 rows=108 width=0)
	        Index Cond: ((k >= 5331567) AND (k <= 5331667))

explain: for range-notcovered :: explain SELECT k, c FROM sbtest%d WHERE k BETWEEN 5331567 AND 5331667
for range-notcovered
table 1 : explain SELECT k, c FROM sbtest1 WHERE k BETWEEN 1174161 AND 1174261
	Bitmap Heap Scan on sbtest1  (cost=5.45..397.25 rows=99 width=125)
	  Recheck Cond: ((k >= 1174161) AND (k <= 1174261))
	  ->  Bitmap Index Scan on k_1  (cost=0.00..5.42 rows=99 width=0)
	        Index Cond: ((k >= 1174161) AND (k <= 1174261))

table 2 : explain SELECT k, c FROM sbtest2 WHERE k BETWEEN 1174161 AND 1174261
	Bitmap Heap Scan on sbtest2  (cost=5.44..393.31 rows=98 width=125)
	  Recheck Cond: ((k >= 1174161) AND (k <= 1174261))
	  ->  Bitmap Index Scan on k_2  (cost=0.00..5.42 rows=98 width=0)
	        Index Cond: ((k >= 1174161) AND (k <= 1174261))

table 3 : explain SELECT k, c FROM sbtest3 WHERE k BETWEEN 1174161 AND 1174261
	Bitmap Heap Scan on sbtest3  (cost=5.53..428.75 rows=107 width=125)
	  Recheck Cond: ((k >= 1174161) AND (k <= 1174261))
	  ->  Bitmap Index Scan on k_3  (cost=0.00..5.50 rows=107 width=0)
	        Index Cond: ((k >= 1174161) AND (k <= 1174261))

table 4 : explain SELECT k, c FROM sbtest4 WHERE k BETWEEN 1174161 AND 1174261
	Bitmap Heap Scan on sbtest4  (cost=5.42..385.43 rows=96 width=125)
	  Recheck Cond: ((k >= 1174161) AND (k <= 1174261))
	  ->  Bitmap Index Scan on k_4  (cost=0.00..5.39 rows=96 width=0)
	        Index Cond: ((k >= 1174161) AND (k <= 1174261))

table 5 : explain SELECT k, c FROM sbtest5 WHERE k BETWEEN 1174161 AND 1174261
	Bitmap Heap Scan on sbtest5  (cost=5.47..405.13 rows=101 width=125)
	  Recheck Cond: ((k >= 1174161) AND (k <= 1174261))
	  ->  Bitmap Index Scan on k_5  (cost=0.00..5.44 rows=101 width=0)
	        Index Cond: ((k >= 1174161) AND (k <= 1174261))

table 6 : explain SELECT k, c FROM sbtest6 WHERE k BETWEEN 1174161 AND 1174261
	Bitmap Heap Scan on sbtest6  (cost=5.49..413.00 rows=103 width=125)
	  Recheck Cond: ((k >= 1174161) AND (k <= 1174261))
	  ->  Bitmap Index Scan on k_6  (cost=0.00..5.46 rows=103 width=0)
	        Index Cond: ((k >= 1174161) AND (k <= 1174261))

table 7 : explain SELECT k, c FROM sbtest7 WHERE k BETWEEN 1174161 AND 1174261
	Bitmap Heap Scan on sbtest7  (cost=5.49..413.00 rows=103 width=125)
	  Recheck Cond: ((k >= 1174161) AND (k <= 1174261))
	  ->  Bitmap Index Scan on k_7  (cost=0.00..5.46 rows=103 width=0)
	        Index Cond: ((k >= 1174161) AND (k <= 1174261))

table 8 : explain SELECT k, c FROM sbtest8 WHERE k BETWEEN 1174161 AND 1174261
	Bitmap Heap Scan on sbtest8  (cost=5.46..401.19 rows=100 width=125)
	  Recheck Cond: ((k >= 1174161) AND (k <= 1174261))
	  ->  Bitmap Index Scan on k_8  (cost=0.00..5.43 rows=100 width=0)
	        Index Cond: ((k >= 1174161) AND (k <= 1174261))

explain: for range-notcovered :: explain SELECT k, c FROM sbtest%d WHERE k BETWEEN 5272393 AND 5272493
explain: for range-notcovered :: explain SELECT k, c FROM sbtest%d WHERE k BETWEEN 1174161 AND 1174261
for range-notcovered
table 1 : explain SELECT k, c FROM sbtest1 WHERE k BETWEEN 2523731 AND 2523831
	Bitmap Heap Scan on sbtest1  (cost=5.37..365.72 rows=91 width=125)
	  Recheck Cond: ((k >= 2523731) AND (k <= 2523831))
	  ->  Bitmap Index Scan on k_1  (cost=0.00..5.34 rows=91 width=0)
	        Index Cond: ((k >= 2523731) AND (k <= 2523831))

table 2 : explain SELECT k, c FROM sbtest2 WHERE k BETWEEN 2523731 AND 2523831
	Bitmap Heap Scan on sbtest2  (cost=5.53..428.75 rows=107 width=125)
	  Recheck Cond: ((k >= 2523731) AND (k <= 2523831))
	  ->  Bitmap Index Scan on k_2  (cost=0.00..5.50 rows=107 width=0)
	        Index Cond: ((k >= 2523731) AND (k <= 2523831))

table 3 : explain SELECT k, c FROM sbtest3 WHERE k BETWEEN 2523731 AND 2523831
	Bitmap Heap Scan on sbtest3  (cost=5.47..405.13 rows=101 width=125)
	  Recheck Cond: ((k >= 2523731) AND (k <= 2523831))
	  ->  Bitmap Index Scan on k_3  (cost=0.00..5.44 rows=101 width=0)
	        Index Cond: ((k >= 2523731) AND (k <= 2523831))

table 4 : explain SELECT k, c FROM sbtest4 WHERE k BETWEEN 2523731 AND 2523831
	Bitmap Heap Scan on sbtest4  (cost=5.47..405.13 rows=101 width=125)
	  Recheck Cond: ((k >= 2523731) AND (k <= 2523831))
	  ->  Bitmap Index Scan on k_4  (cost=0.00..5.44 rows=101 width=0)
	        Index Cond: ((k >= 2523731) AND (k <= 2523831))

table 5 : explain SELECT k, c FROM sbtest5 WHERE k BETWEEN 2523731 AND 2523831
	Bitmap Heap Scan on sbtest5  (cost=5.54..432.69 rows=108 width=125)
	  Recheck Cond: ((k >= 2523731) AND (k <= 2523831))
	  ->  Bitmap Index Scan on k_5  (cost=0.00..5.51 rows=108 width=0)
	        Index Cond: ((k >= 2523731) AND (k <= 2523831))

table 6 : explain SELECT k, c FROM sbtest6 WHERE k BETWEEN 2523731 AND 2523831
	Bitmap Heap Scan on sbtest6  (cost=5.51..420.88 rows=105 width=125)
	  Recheck Cond: ((k >= 2523731) AND (k <= 2523831))
	  ->  Bitmap Index Scan on k_6  (cost=0.00..5.48 rows=105 width=0)
	        Index Cond: ((k >= 2523731) AND (k <= 2523831))

table 7 : explain SELECT k, c FROM sbtest7 WHERE k BETWEEN 2523731 AND 2523831
	Bitmap Heap Scan on sbtest7  (cost=5.42..385.43 rows=96 width=125)
	  Recheck Cond: ((k >= 2523731) AND (k <= 2523831))
	  ->  Bitmap Index Scan on k_7  (cost=0.00..5.39 rows=96 width=0)
	        Index Cond: ((k >= 2523731) AND (k <= 2523831))

table 8 : explain SELECT k, c FROM sbtest8 WHERE k BETWEEN 2523731 AND 2523831
	Bitmap Heap Scan on sbtest8  (cost=5.49..413.00 rows=103 width=125)
	  Recheck Cond: ((k >= 2523731) AND (k <= 2523831))
	  ->  Bitmap Index Scan on k_8  (cost=0.00..5.46 rows=103 width=0)
	        Index Cond: ((k >= 2523731) AND (k <= 2523831))

explain: for range-notcovered :: explain SELECT k, c FROM sbtest%d WHERE k BETWEEN 2523731 AND 2523831
for range-notcovered
table 1 : explain SELECT k, c FROM sbtest1 WHERE k BETWEEN 5011773 AND 5011873
	Bitmap Heap Scan on sbtest1  (cost=5.38..369.67 rows=92 width=125)
	  Recheck Cond: ((k >= 5011773) AND (k <= 5011873))
	  ->  Bitmap Index Scan on k_1  (cost=0.00..5.35 rows=92 width=0)
	        Index Cond: ((k >= 5011773) AND (k <= 5011873))

table 2 : explain SELECT k, c FROM sbtest2 WHERE k BETWEEN 5011773 AND 5011873
	Bitmap Heap Scan on sbtest2  (cost=5.48..409.07 rows=102 width=125)
	  Recheck Cond: ((k >= 5011773) AND (k <= 5011873))
	  ->  Bitmap Index Scan on k_2  (cost=0.00..5.45 rows=102 width=0)
	        Index Cond: ((k >= 5011773) AND (k <= 5011873))

table 3 : explain SELECT k, c FROM sbtest3 WHERE k BETWEEN 5011773 AND 5011873
	Bitmap Heap Scan on sbtest3  (cost=5.41..381.49 rows=95 width=125)
	  Recheck Cond: ((k >= 5011773) AND (k <= 5011873))
	  ->  Bitmap Index Scan on k_3  (cost=0.00..5.38 rows=95 width=0)
	        Index Cond: ((k >= 5011773) AND (k <= 5011873))

table 4 : explain SELECT k, c FROM sbtest4 WHERE k BETWEEN 5011773 AND 5011873
	Bitmap Heap Scan on sbtest4  (cost=5.51..420.88 rows=105 width=125)
	  Recheck Cond: ((k >= 5011773) AND (k <= 5011873))
	  ->  Bitmap Index Scan on k_4  (cost=0.00..5.48 rows=105 width=0)
	        Index Cond: ((k >= 5011773) AND (k <= 5011873))

table 5 : explain SELECT k, c FROM sbtest5 WHERE k BETWEEN 5011773 AND 5011873
	Bitmap Heap Scan on sbtest5  (cost=5.57..444.49 rows=111 width=125)
	  Recheck Cond: ((k >= 5011773) AND (k <= 5011873))
	  ->  Bitmap Index Scan on k_5  (cost=0.00..5.54 rows=111 width=0)
	        Index Cond: ((k >= 5011773) AND (k <= 5011873))

table 6 : explain SELECT k, c FROM sbtest6 WHERE k BETWEEN 5011773 AND 5011873
	Bitmap Heap Scan on sbtest6  (cost=5.46..401.19 rows=100 width=125)
	  Recheck Cond: ((k >= 5011773) AND (k <= 5011873))
	  ->  Bitmap Index Scan on k_6  (cost=0.00..5.43 rows=100 width=0)
	        Index Cond: ((k >= 5011773) AND (k <= 5011873))

table 7 : explain SELECT k, c FROM sbtest7 WHERE k BETWEEN 5011773 AND 5011873
	Bitmap Heap Scan on sbtest7  (cost=5.54..432.69 rows=108 width=125)
	  Recheck Cond: ((k >= 5011773) AND (k <= 5011873))
	  ->  Bitmap Index Scan on k_7  (cost=0.00..5.51 rows=108 width=0)
	        Index Cond: ((k >= 5011773) AND (k <= 5011873))

table 8 : explain SELECT k, c FROM sbtest8 WHERE k BETWEEN 5011773 AND 5011873
	Bitmap Heap Scan on sbtest8  (cost=5.54..432.69 rows=108 width=125)
	  Recheck Cond: ((k >= 5011773) AND (k <= 5011873))
	  ->  Bitmap Index Scan on k_8  (cost=0.00..5.51 rows=108 width=0)
	        Index Cond: ((k >= 5011773) AND (k <= 5011873))

for range-notcovered
table 1 : explain SELECT k, c FROM sbtest1 WHERE k BETWEEN 1520381 AND 1520481
	Bitmap Heap Scan on sbtest1  (cost=5.56..440.56 rows=110 width=125)
	  Recheck Cond: ((k >= 1520381) AND (k <= 1520481))
	  ->  Bitmap Index Scan on k_1  (cost=0.00..5.53 rows=110 width=0)
	        Index Cond: ((k >= 1520381) AND (k <= 1520481))

table 2 : explain SELECT k, c FROM sbtest2 WHERE k BETWEEN 1520381 AND 1520481
	Bitmap Heap Scan on sbtest2  (cost=5.51..420.88 rows=105 width=125)
	  Recheck Cond: ((k >= 1520381) AND (k <= 1520481))
	  ->  Bitmap Index Scan on k_2  (cost=0.00..5.48 rows=105 width=0)
	        Index Cond: ((k >= 1520381) AND (k <= 1520481))

table 3 : explain SELECT k, c FROM sbtest3 WHERE k BETWEEN 1520381 AND 1520481
	Bitmap Heap Scan on sbtest3  (cost=5.42..385.43 rows=96 width=125)
	  Recheck Cond: ((k >= 1520381) AND (k <= 1520481))
	  ->  Bitmap Index Scan on k_3  (cost=0.00..5.39 rows=96 width=0)
	        Index Cond: ((k >= 1520381) AND (k <= 1520481))

table 4 : explain SELECT k, c FROM sbtest4 WHERE k BETWEEN 1520381 AND 1520481
	Bitmap Heap Scan on sbtest4  (cost=5.51..420.88 rows=105 width=125)
	  Recheck Cond: ((k >= 1520381) AND (k <= 1520481))
	  ->  Bitmap Index Scan on k_4  (cost=0.00..5.48 rows=105 width=0)
	        Index Cond: ((k >= 1520381) AND (k <= 1520481))

table 5 : explain SELECT k, c FROM sbtest5 WHERE k BETWEEN 1520381 AND 1520481
	Bitmap Heap Scan on sbtest5  (cost=5.47..405.13 rows=101 width=125)
	  Recheck Cond: ((k >= 1520381) AND (k <= 1520481))
	  ->  Bitmap Index Scan on k_5  (cost=0.00..5.44 rows=101 width=0)
	        Index Cond: ((k >= 1520381) AND (k <= 1520481))

table 6 : explain SELECT k, c FROM sbtest6 WHERE k BETWEEN 1520381 AND 1520481
	Bitmap Heap Scan on sbtest6  (cost=5.52..424.81 rows=106 width=125)
	  Recheck Cond: ((k >= 1520381) AND (k <= 1520481))
	  ->  Bitmap Index Scan on k_6  (cost=0.00..5.50 rows=106 width=0)
	        Index Cond: ((k >= 1520381) AND (k <= 1520481))

table 7 : explain SELECT k, c FROM sbtest7 WHERE k BETWEEN 1520381 AND 1520481
	Bitmap Heap Scan on sbtest7  (cost=5.46..401.19 rows=100 width=125)
	  Recheck Cond: ((k >= 1520381) AND (k <= 1520481))
	  ->  Bitmap Index Scan on k_7  (cost=0.00..5.43 rows=100 width=0)
	        Index Cond: ((k >= 1520381) AND (k <= 1520481))

table 8 : explain SELECT k, c FROM sbtest8 WHERE k BETWEEN 1520381 AND 1520481
	Bitmap Heap Scan on sbtest8  (cost=5.49..413.00 rows=103 width=125)
	  Recheck Cond: ((k >= 1520381) AND (k <= 1520481))
	  ->  Bitmap Index Scan on k_8  (cost=0.00..5.46 rows=103 width=0)
	        Index Cond: ((k >= 1520381) AND (k <= 1520481))

explain: for range-notcovered :: explain SELECT k, c FROM sbtest%d WHERE k BETWEEN 1520381 AND 1520481
for range-notcovered
table 1 : explain SELECT k, c FROM sbtest1 WHERE k BETWEEN 5922952 AND 5923052
	Bitmap Heap Scan on sbtest1  (cost=5.47..405.13 rows=101 width=125)
	  Recheck Cond: ((k >= 5922952) AND (k <= 5923052))
	  ->  Bitmap Index Scan on k_1  (cost=0.00..5.44 rows=101 width=0)
	        Index Cond: ((k >= 5922952) AND (k <= 5923052))

table 2 : explain SELECT k, c FROM sbtest2 WHERE k BETWEEN 5922952 AND 5923052
	Bitmap Heap Scan on sbtest2  (cost=5.47..405.13 rows=101 width=125)
	  Recheck Cond: ((k >= 5922952) AND (k <= 5923052))
	  ->  Bitmap Index Scan on k_2  (cost=0.00..5.44 rows=101 width=0)
	        Index Cond: ((k >= 5922952) AND (k <= 5923052))

table 3 : explain SELECT k, c FROM sbtest3 WHERE k BETWEEN 5922952 AND 5923052
	Bitmap Heap Scan on sbtest3  (cost=5.47..405.13 rows=101 width=125)
	  Recheck Cond: ((k >= 5922952) AND (k <= 5923052))
	  ->  Bitmap Index Scan on k_3  (cost=0.00..5.44 rows=101 width=0)
	        Index Cond: ((k >= 5922952) AND (k <= 5923052))

table 4 : explain SELECT k, c FROM sbtest4 WHERE k BETWEEN 5922952 AND 5923052
	Bitmap Heap Scan on sbtest4  (cost=5.53..428.75 rows=107 width=125)
	  Recheck Cond: ((k >= 5922952) AND (k <= 5923052))
	  ->  Bitmap Index Scan on k_4  (cost=0.00..5.50 rows=107 width=0)
	        Index Cond: ((k >= 5922952) AND (k <= 5923052))

table 5 : explain SELECT k, c FROM sbtest5 WHERE k BETWEEN 5922952 AND 5923052
	Bitmap Heap Scan on sbtest5  (cost=5.47..405.13 rows=101 width=125)
	  Recheck Cond: ((k >= 5922952) AND (k <= 5923052))
	  ->  Bitmap Index Scan on k_5  (cost=0.00..5.44 rows=101 width=0)
	        Index Cond: ((k >= 5922952) AND (k <= 5923052))

table 6 : explain SELECT k, c FROM sbtest6 WHERE k BETWEEN 5922952 AND 5923052
	Bitmap Heap Scan on sbtest6  (cost=5.44..393.31 rows=98 width=125)
	  Recheck Cond: ((k >= 5922952) AND (k <= 5923052))
	  ->  Bitmap Index Scan on k_6  (cost=0.00..5.42 rows=98 width=0)
	        Index Cond: ((k >= 5922952) AND (k <= 5923052))

table 7 : explain SELECT k, c FROM sbtest7 WHERE k BETWEEN 5922952 AND 5923052
	Bitmap Heap Scan on sbtest7  (cost=5.48..409.07 rows=102 width=125)
	  Recheck Cond: ((k >= 5922952) AND (k <= 5923052))
	  ->  Bitmap Index Scan on k_7  (cost=0.00..5.45 rows=102 width=0)
	        Index Cond: ((k >= 5922952) AND (k <= 5923052))

table 8 : explain SELECT k, c FROM sbtest8 WHERE k BETWEEN 5922952 AND 5923052
	Bitmap Heap Scan on sbtest8  (cost=5.51..420.88 rows=105 width=125)
	  Recheck Cond: ((k >= 5922952) AND (k <= 5923052))
	  ->  Bitmap Index Scan on k_8  (cost=0.00..5.48 rows=105 width=0)
	        Index Cond: ((k >= 5922952) AND (k <= 5923052))

explain: for range-notcovered :: explain SELECT k, c FROM sbtest%d WHERE k BETWEEN 1676572 AND 1676672
explain: for range-notcovered :: explain SELECT k, c FROM sbtest%d WHERE k BETWEEN 5922952 AND 5923052
for range-notcovered
table 1 : explain SELECT k, c FROM sbtest1 WHERE k BETWEEN 5331567 AND 5331667
	Bitmap Heap Scan on sbtest1  (cost=5.58..448.42 rows=112 width=125)
	  Recheck Cond: ((k >= 5331567) AND (k <= 5331667))
	  ->  Bitmap Index Scan on k_1  (cost=0.00..5.55 rows=112 width=0)
	        Index Cond: ((k >= 5331567) AND (k <= 5331667))

table 2 : explain SELECT k, c FROM sbtest2 WHERE k BETWEEN 5331567 AND 5331667
	Bitmap Heap Scan on sbtest2  (cost=5.57..444.49 rows=111 width=125)
	  Recheck Cond: ((k >= 5331567) AND (k <= 5331667))
	  ->  Bitmap Index Scan on k_2  (cost=0.00..5.54 rows=111 width=0)
	        Index Cond: ((k >= 5331567) AND (k <= 5331667))

table 3 : explain SELECT k, c FROM sbtest3 WHERE k BETWEEN 5331567 AND 5331667
	Bitmap Heap Scan on sbtest3  (cost=5.43..389.37 rows=97 width=125)
	  Recheck Cond: ((k >= 5331567) AND (k <= 5331667))
	  ->  Bitmap Index Scan on k_3  (cost=0.00..5.40 rows=97 width=0)
	        Index Cond: ((k >= 5331567) AND (k <= 5331667))

table 4 : explain SELECT k, c FROM sbtest4 WHERE k BETWEEN 5331567 AND 5331667
	Bitmap Heap Scan on sbtest4  (cost=5.48..409.07 rows=102 width=125)
	  Recheck Cond: ((k >= 5331567) AND (k <= 5331667))
	  ->  Bitmap Index Scan on k_4  (cost=0.00..5.45 rows=102 width=0)
	        Index Cond: ((k >= 5331567) AND (k <= 5331667))

table 5 : explain SELECT k, c FROM sbtest5 WHERE k BETWEEN 5331567 AND 5331667
	Bitmap Heap Scan on sbtest5  (cost=5.50..416.94 rows=104 width=125)
	  Recheck Cond: ((k >= 5331567) AND (k <= 5331667))
	  ->  Bitmap Index Scan on k_5  (cost=0.00..5.47 rows=104 width=0)
	        Index Cond: ((k >= 5331567) AND (k <= 5331667))

table 6 : explain SELECT k, c FROM sbtest6 WHERE k BETWEEN 5331567 AND 5331667
	Bitmap Heap Scan on sbtest6  (cost=5.49..413.00 rows=103 width=125)
	  Recheck Cond: ((k >= 5331567) AND (k <= 5331667))
	  ->  Bitmap Index Scan on k_6  (cost=0.00..5.46 rows=103 width=0)
	        Index Cond: ((k >= 5331567) AND (k <= 5331667))

table 7 : explain SELECT k, c FROM sbtest7 WHERE k BETWEEN 5331567 AND 5331667
	Bitmap Heap Scan on sbtest7  (cost=5.46..401.19 rows=100 width=125)
	  Recheck Cond: ((k >= 5331567) AND (k <= 5331667))
	  ->  Bitmap Index Scan on k_7  (cost=0.00..5.43 rows=100 width=0)
	        Index Cond: ((k >= 5331567) AND (k <= 5331667))

table 8 : explain SELECT k, c FROM sbtest8 WHERE k BETWEEN 5331567 AND 5331667
	Bitmap Heap Scan on sbtest8  (cost=5.54..432.69 rows=108 width=125)
	  Recheck Cond: ((k >= 5331567) AND (k <= 5331667))
	  ->  Bitmap Index Scan on k_8  (cost=0.00..5.51 rows=108 width=0)
	        Index Cond: ((k >= 5331567) AND (k <= 5331667))

for range-notcovered
table 1 : explain SELECT k, c FROM sbtest1 WHERE k BETWEEN 1174161 AND 1174261
	Bitmap Heap Scan on sbtest1  (cost=5.45..397.25 rows=99 width=125)
	  Recheck Cond: ((k >= 1174161) AND (k <= 1174261))
	  ->  Bitmap Index Scan on k_1  (cost=0.00..5.42 rows=99 width=0)
	        Index Cond: ((k >= 1174161) AND (k <= 1174261))

table 2 : explain SELECT k, c FROM sbtest2 WHERE k BETWEEN 1174161 AND 1174261
	Bitmap Heap Scan on sbtest2  (cost=5.44..393.31 rows=98 width=125)
	  Recheck Cond: ((k >= 1174161) AND (k <= 1174261))
	  ->  Bitmap Index Scan on k_2  (cost=0.00..5.42 rows=98 width=0)
	        Index Cond: ((k >= 1174161) AND (k <= 1174261))

table 3 : explain SELECT k, c FROM sbtest3 WHERE k BETWEEN 1174161 AND 1174261
	Bitmap Heap Scan on sbtest3  (cost=5.53..428.75 rows=107 width=125)
	  Recheck Cond: ((k >= 1174161) AND (k <= 1174261))
	  ->  Bitmap Index Scan on k_3  (cost=0.00..5.50 rows=107 width=0)
	        Index Cond: ((k >= 1174161) AND (k <= 1174261))

table 4 : explain SELECT k, c FROM sbtest4 WHERE k BETWEEN 1174161 AND 1174261
	Bitmap Heap Scan on sbtest4  (cost=5.42..385.43 rows=96 width=125)
	  Recheck Cond: ((k >= 1174161) AND (k <= 1174261))
	  ->  Bitmap Index Scan on k_4  (cost=0.00..5.39 rows=96 width=0)
	        Index Cond: ((k >= 1174161) AND (k <= 1174261))

table 5 : explain SELECT k, c FROM sbtest5 WHERE k BETWEEN 1174161 AND 1174261
	Bitmap Heap Scan on sbtest5  (cost=5.47..405.13 rows=101 width=125)
	  Recheck Cond: ((k >= 1174161) AND (k <= 1174261))
	  ->  Bitmap Index Scan on k_5  (cost=0.00..5.44 rows=101 width=0)
	        Index Cond: ((k >= 1174161) AND (k <= 1174261))

table 6 : explain SELECT k, c FROM sbtest6 WHERE k BETWEEN 1174161 AND 1174261
	Bitmap Heap Scan on sbtest6  (cost=5.49..413.00 rows=103 width=125)
	  Recheck Cond: ((k >= 1174161) AND (k <= 1174261))
	  ->  Bitmap Index Scan on k_6  (cost=0.00..5.46 rows=103 width=0)
	        Index Cond: ((k >= 1174161) AND (k <= 1174261))

table 7 : explain SELECT k, c FROM sbtest7 WHERE k BETWEEN 1174161 AND 1174261
	Bitmap Heap Scan on sbtest7  (cost=5.49..413.00 rows=103 width=125)
	  Recheck Cond: ((k >= 1174161) AND (k <= 1174261))
	  ->  Bitmap Index Scan on k_7  (cost=0.00..5.46 rows=103 width=0)
	        Index Cond: ((k >= 1174161) AND (k <= 1174261))

table 8 : explain SELECT k, c FROM sbtest8 WHERE k BETWEEN 1174161 AND 1174261
	Bitmap Heap Scan on sbtest8  (cost=5.46..401.19 rows=100 width=125)
	  Recheck Cond: ((k >= 1174161) AND (k <= 1174261))
	  ->  Bitmap Index Scan on k_8  (cost=0.00..5.43 rows=100 width=0)
	        Index Cond: ((k >= 1174161) AND (k <= 1174261))

for range-notcovered
table 1 : explain SELECT k, c FROM sbtest1 WHERE k BETWEEN 7356040 AND 7356140
	Bitmap Heap Scan on sbtest1  (cost=5.37..365.72 rows=91 width=125)
	  Recheck Cond: ((k >= 7356040) AND (k <= 7356140))
	  ->  Bitmap Index Scan on k_1  (cost=0.00..5.34 rows=91 width=0)
	        Index Cond: ((k >= 7356040) AND (k <= 7356140))

table 2 : explain SELECT k, c FROM sbtest2 WHERE k BETWEEN 7356040 AND 7356140
	Bitmap Heap Scan on sbtest2  (cost=5.63..468.09 rows=117 width=125)
	  Recheck Cond: ((k >= 7356040) AND (k <= 7356140))
	  ->  Bitmap Index Scan on k_2  (cost=0.00..5.60 rows=117 width=0)
	        Index Cond: ((k >= 7356040) AND (k <= 7356140))

table 3 : explain SELECT k, c FROM sbtest3 WHERE k BETWEEN 7356040 AND 7356140
	Bitmap Heap Scan on sbtest3  (cost=5.50..416.94 rows=104 width=125)
	  Recheck Cond: ((k >= 7356040) AND (k <= 7356140))
	  ->  Bitmap Index Scan on k_3  (cost=0.00..5.47 rows=104 width=0)
	        Index Cond: ((k >= 7356040) AND (k <= 7356140))

table 4 : explain SELECT k, c FROM sbtest4 WHERE k BETWEEN 7356040 AND 7356140
	Bitmap Heap Scan on sbtest4  (cost=5.58..448.42 rows=112 width=125)
	  Recheck Cond: ((k >= 7356040) AND (k <= 7356140))
	  ->  Bitmap Index Scan on k_4  (cost=0.00..5.55 rows=112 width=0)
	        Index Cond: ((k >= 7356040) AND (k <= 7356140))

table 5 : explain SELECT k, c FROM sbtest5 WHERE k BETWEEN 7356040 AND 7356140
	Bitmap Heap Scan on sbtest5  (cost=5.42..385.43 rows=96 width=125)
	  Recheck Cond: ((k >= 7356040) AND (k <= 7356140))
	  ->  Bitmap Index Scan on k_5  (cost=0.00..5.39 rows=96 width=0)
	        Index Cond: ((k >= 7356040) AND (k <= 7356140))

table 6 : explain SELECT k, c FROM sbtest6 WHERE k BETWEEN 7356040 AND 7356140
	Bitmap Heap Scan on sbtest6  (cost=5.40..377.55 rows=94 width=125)
	  Recheck Cond: ((k >= 7356040) AND (k <= 7356140))
	  ->  Bitmap Index Scan on k_6  (cost=0.00..5.38 rows=94 width=0)
	        Index Cond: ((k >= 7356040) AND (k <= 7356140))

table 7 : explain SELECT k, c FROM sbtest7 WHERE k BETWEEN 7356040 AND 7356140
	Bitmap Heap Scan on sbtest7  (cost=5.47..405.13 rows=101 width=125)
	  Recheck Cond: ((k >= 7356040) AND (k <= 7356140))
	  ->  Bitmap Index Scan on k_7  (cost=0.00..5.44 rows=101 width=0)
	        Index Cond: ((k >= 7356040) AND (k <= 7356140))

table 8 : explain SELECT k, c FROM sbtest8 WHERE k BETWEEN 7356040 AND 7356140
	Bitmap Heap Scan on sbtest8  (cost=5.45..397.25 rows=99 width=125)
	  Recheck Cond: ((k >= 7356040) AND (k <= 7356140))
	  ->  Bitmap Index Scan on k_8  (cost=0.00..5.42 rows=99 width=0)
	        Index Cond: ((k >= 7356040) AND (k <= 7356140))

explain: for range-notcovered :: explain SELECT k, c FROM sbtest%d WHERE k BETWEEN 1174161 AND 1174261
explain: for range-notcovered :: explain SELECT k, c FROM sbtest%d WHERE k BETWEEN 5331567 AND 5331667
for range-notcovered
table 1 : explain SELECT k, c FROM sbtest1 WHERE k BETWEEN 2523731 AND 2523831
	Bitmap Heap Scan on sbtest1  (cost=5.37..365.72 rows=91 width=125)
	  Recheck Cond: ((k >= 2523731) AND (k <= 2523831))
	  ->  Bitmap Index Scan on k_1  (cost=0.00..5.34 rows=91 width=0)
	        Index Cond: ((k >= 2523731) AND (k <= 2523831))

table 2 : explain SELECT k, c FROM sbtest2 WHERE k BETWEEN 2523731 AND 2523831
	Bitmap Heap Scan on sbtest2  (cost=5.53..428.75 rows=107 width=125)
	  Recheck Cond: ((k >= 2523731) AND (k <= 2523831))
	  ->  Bitmap Index Scan on k_2  (cost=0.00..5.50 rows=107 width=0)
	        Index Cond: ((k >= 2523731) AND (k <= 2523831))

table 3 : explain SELECT k, c FROM sbtest3 WHERE k BETWEEN 2523731 AND 2523831
	Bitmap Heap Scan on sbtest3  (cost=5.47..405.13 rows=101 width=125)
	  Recheck Cond: ((k >= 2523731) AND (k <= 2523831))
	  ->  Bitmap Index Scan on k_3  (cost=0.00..5.44 rows=101 width=0)
	        Index Cond: ((k >= 2523731) AND (k <= 2523831))

table 4 : explain SELECT k, c FROM sbtest4 WHERE k BETWEEN 2523731 AND 2523831
	Bitmap Heap Scan on sbtest4  (cost=5.47..405.13 rows=101 width=125)
	  Recheck Cond: ((k >= 2523731) AND (k <= 2523831))
	  ->  Bitmap Index Scan on k_4  (cost=0.00..5.44 rows=101 width=0)
	        Index Cond: ((k >= 2523731) AND (k <= 2523831))

table 5 : explain SELECT k, c FROM sbtest5 WHERE k BETWEEN 2523731 AND 2523831
	Bitmap Heap Scan on sbtest5  (cost=5.54..432.69 rows=108 width=125)
	  Recheck Cond: ((k >= 2523731) AND (k <= 2523831))
	  ->  Bitmap Index Scan on k_5  (cost=0.00..5.51 rows=108 width=0)
	        Index Cond: ((k >= 2523731) AND (k <= 2523831))

table 6 : explain SELECT k, c FROM sbtest6 WHERE k BETWEEN 2523731 AND 2523831
	Bitmap Heap Scan on sbtest6  (cost=5.51..420.88 rows=105 width=125)
	  Recheck Cond: ((k >= 2523731) AND (k <= 2523831))
	  ->  Bitmap Index Scan on k_6  (cost=0.00..5.48 rows=105 width=0)
	        Index Cond: ((k >= 2523731) AND (k <= 2523831))

table 7 : explain SELECT k, c FROM sbtest7 WHERE k BETWEEN 2523731 AND 2523831
	Bitmap Heap Scan on sbtest7  (cost=5.42..385.43 rows=96 width=125)
	  Recheck Cond: ((k >= 2523731) AND (k <= 2523831))
	  ->  Bitmap Index Scan on k_7  (cost=0.00..5.39 rows=96 width=0)
	        Index Cond: ((k >= 2523731) AND (k <= 2523831))

table 8 : explain SELECT k, c FROM sbtest8 WHERE k BETWEEN 2523731 AND 2523831
	Bitmap Heap Scan on sbtest8  (cost=5.49..413.00 rows=103 width=125)
	  Recheck Cond: ((k >= 2523731) AND (k <= 2523831))
	  ->  Bitmap Index Scan on k_8  (cost=0.00..5.46 rows=103 width=0)
	        Index Cond: ((k >= 2523731) AND (k <= 2523831))

explain: for range-notcovered :: explain SELECT k, c FROM sbtest%d WHERE k BETWEEN 7356040 AND 7356140
explain: for range-notcovered :: explain SELECT k, c FROM sbtest%d WHERE k BETWEEN 2523731 AND 2523831
for range-notcovered
table 1 : explain SELECT k, c FROM sbtest1 WHERE k BETWEEN 5922952 AND 5923052
	Bitmap Heap Scan on sbtest1  (cost=5.47..405.13 rows=101 width=125)
	  Recheck Cond: ((k >= 5922952) AND (k <= 5923052))
	  ->  Bitmap Index Scan on k_1  (cost=0.00..5.44 rows=101 width=0)
	        Index Cond: ((k >= 5922952) AND (k <= 5923052))

table 2 : explain SELECT k, c FROM sbtest2 WHERE k BETWEEN 5922952 AND 5923052
	Bitmap Heap Scan on sbtest2  (cost=5.47..405.13 rows=101 width=125)
	  Recheck Cond: ((k >= 5922952) AND (k <= 5923052))
	  ->  Bitmap Index Scan on k_2  (cost=0.00..5.44 rows=101 width=0)
	        Index Cond: ((k >= 5922952) AND (k <= 5923052))

table 3 : explain SELECT k, c FROM sbtest3 WHERE k BETWEEN 5922952 AND 5923052
	Bitmap Heap Scan on sbtest3  (cost=5.47..405.13 rows=101 width=125)
	  Recheck Cond: ((k >= 5922952) AND (k <= 5923052))
	  ->  Bitmap Index Scan on k_3  (cost=0.00..5.44 rows=101 width=0)
	        Index Cond: ((k >= 5922952) AND (k <= 5923052))

table 4 : explain SELECT k, c FROM sbtest4 WHERE k BETWEEN 5922952 AND 5923052
	Bitmap Heap Scan on sbtest4  (cost=5.53..428.75 rows=107 width=125)
	  Recheck Cond: ((k >= 5922952) AND (k <= 5923052))
	  ->  Bitmap Index Scan on k_4  (cost=0.00..5.50 rows=107 width=0)
	        Index Cond: ((k >= 5922952) AND (k <= 5923052))

table 5 : explain SELECT k, c FROM sbtest5 WHERE k BETWEEN 5922952 AND 5923052
	Bitmap Heap Scan on sbtest5  (cost=5.47..405.13 rows=101 width=125)
	  Recheck Cond: ((k >= 5922952) AND (k <= 5923052))
	  ->  Bitmap Index Scan on k_5  (cost=0.00..5.44 rows=101 width=0)
	        Index Cond: ((k >= 5922952) AND (k <= 5923052))

table 6 : explain SELECT k, c FROM sbtest6 WHERE k BETWEEN 5922952 AND 5923052
	Bitmap Heap Scan on sbtest6  (cost=5.44..393.31 rows=98 width=125)
	  Recheck Cond: ((k >= 5922952) AND (k <= 5923052))
	  ->  Bitmap Index Scan on k_6  (cost=0.00..5.42 rows=98 width=0)
	        Index Cond: ((k >= 5922952) AND (k <= 5923052))

table 7 : explain SELECT k, c FROM sbtest7 WHERE k BETWEEN 5922952 AND 5923052
	Bitmap Heap Scan on sbtest7  (cost=5.48..409.07 rows=102 width=125)
	  Recheck Cond: ((k >= 5922952) AND (k <= 5923052))
	  ->  Bitmap Index Scan on k_7  (cost=0.00..5.45 rows=102 width=0)
	        Index Cond: ((k >= 5922952) AND (k <= 5923052))

table 8 : explain SELECT k, c FROM sbtest8 WHERE k BETWEEN 5922952 AND 5923052
	Bitmap Heap Scan on sbtest8  (cost=5.51..420.88 rows=105 width=125)
	  Recheck Cond: ((k >= 5922952) AND (k <= 5923052))
	  ->  Bitmap Index Scan on k_8  (cost=0.00..5.48 rows=105 width=0)
	        Index Cond: ((k >= 5922952) AND (k <= 5923052))

for range-notcovered
table 1 : explain SELECT k, c FROM sbtest1 WHERE k BETWEEN 1174161 AND 1174261
	Bitmap Heap Scan on sbtest1  (cost=5.45..397.25 rows=99 width=125)
	  Recheck Cond: ((k >= 1174161) AND (k <= 1174261))
	  ->  Bitmap Index Scan on k_1  (cost=0.00..5.42 rows=99 width=0)
	        Index Cond: ((k >= 1174161) AND (k <= 1174261))

table 2 : explain SELECT k, c FROM sbtest2 WHERE k BETWEEN 1174161 AND 1174261
	Bitmap Heap Scan on sbtest2  (cost=5.44..393.31 rows=98 width=125)
	  Recheck Cond: ((k >= 1174161) AND (k <= 1174261))
	  ->  Bitmap Index Scan on k_2  (cost=0.00..5.42 rows=98 width=0)
	        Index Cond: ((k >= 1174161) AND (k <= 1174261))

table 3 : explain SELECT k, c FROM sbtest3 WHERE k BETWEEN 1174161 AND 1174261
	Bitmap Heap Scan on sbtest3  (cost=5.53..428.75 rows=107 width=125)
	  Recheck Cond: ((k >= 1174161) AND (k <= 1174261))
	  ->  Bitmap Index Scan on k_3  (cost=0.00..5.50 rows=107 width=0)
	        Index Cond: ((k >= 1174161) AND (k <= 1174261))

table 4 : explain SELECT k, c FROM sbtest4 WHERE k BETWEEN 1174161 AND 1174261
	Bitmap Heap Scan on sbtest4  (cost=5.42..385.43 rows=96 width=125)
	  Recheck Cond: ((k >= 1174161) AND (k <= 1174261))
	  ->  Bitmap Index Scan on k_4  (cost=0.00..5.39 rows=96 width=0)
	        Index Cond: ((k >= 1174161) AND (k <= 1174261))

table 5 : explain SELECT k, c FROM sbtest5 WHERE k BETWEEN 1174161 AND 1174261
	Bitmap Heap Scan on sbtest5  (cost=5.47..405.13 rows=101 width=125)
	  Recheck Cond: ((k >= 1174161) AND (k <= 1174261))
	  ->  Bitmap Index Scan on k_5  (cost=0.00..5.44 rows=101 width=0)
	        Index Cond: ((k >= 1174161) AND (k <= 1174261))

table 6 : explain SELECT k, c FROM sbtest6 WHERE k BETWEEN 1174161 AND 1174261
	Bitmap Heap Scan on sbtest6  (cost=5.49..413.00 rows=103 width=125)
	  Recheck Cond: ((k >= 1174161) AND (k <= 1174261))
	  ->  Bitmap Index Scan on k_6  (cost=0.00..5.46 rows=103 width=0)
	        Index Cond: ((k >= 1174161) AND (k <= 1174261))

table 7 : explain SELECT k, c FROM sbtest7 WHERE k BETWEEN 1174161 AND 1174261
	Bitmap Heap Scan on sbtest7  (cost=5.49..413.00 rows=103 width=125)
	  Recheck Cond: ((k >= 1174161) AND (k <= 1174261))
	  ->  Bitmap Index Scan on k_7  (cost=0.00..5.46 rows=103 width=0)
	        Index Cond: ((k >= 1174161) AND (k <= 1174261))

table 8 : explain SELECT k, c FROM sbtest8 WHERE k BETWEEN 1174161 AND 1174261
	Bitmap Heap Scan on sbtest8  (cost=5.46..401.19 rows=100 width=125)
	  Recheck Cond: ((k >= 1174161) AND (k <= 1174261))
	  ->  Bitmap Index Scan on k_8  (cost=0.00..5.43 rows=100 width=0)
	        Index Cond: ((k >= 1174161) AND (k <= 1174261))

explain: for range-notcovered :: explain SELECT k, c FROM sbtest%d WHERE k BETWEEN 5922952 AND 5923052
explain: for range-notcovered :: explain SELECT k, c FROM sbtest%d WHERE k BETWEEN 1174161 AND 1174261
for range-notcovered
table 1 : explain SELECT k, c FROM sbtest1 WHERE k BETWEEN 2523731 AND 2523831
	Bitmap Heap Scan on sbtest1  (cost=5.37..365.72 rows=91 width=125)
	  Recheck Cond: ((k >= 2523731) AND (k <= 2523831))
	  ->  Bitmap Index Scan on k_1  (cost=0.00..5.34 rows=91 width=0)
	        Index Cond: ((k >= 2523731) AND (k <= 2523831))

table 2 : explain SELECT k, c FROM sbtest2 WHERE k BETWEEN 2523731 AND 2523831
	Bitmap Heap Scan on sbtest2  (cost=5.53..428.75 rows=107 width=125)
	  Recheck Cond: ((k >= 2523731) AND (k <= 2523831))
	  ->  Bitmap Index Scan on k_2  (cost=0.00..5.50 rows=107 width=0)
	        Index Cond: ((k >= 2523731) AND (k <= 2523831))

table 3 : explain SELECT k, c FROM sbtest3 WHERE k BETWEEN 2523731 AND 2523831
	Bitmap Heap Scan on sbtest3  (cost=5.47..405.13 rows=101 width=125)
	  Recheck Cond: ((k >= 2523731) AND (k <= 2523831))
	  ->  Bitmap Index Scan on k_3  (cost=0.00..5.44 rows=101 width=0)
	        Index Cond: ((k >= 2523731) AND (k <= 2523831))

table 4 : explain SELECT k, c FROM sbtest4 WHERE k BETWEEN 2523731 AND 2523831
	Bitmap Heap Scan on sbtest4  (cost=5.47..405.13 rows=101 width=125)
	  Recheck Cond: ((k >= 2523731) AND (k <= 2523831))
	  ->  Bitmap Index Scan on k_4  (cost=0.00..5.44 rows=101 width=0)
	        Index Cond: ((k >= 2523731) AND (k <= 2523831))

table 5 : explain SELECT k, c FROM sbtest5 WHERE k BETWEEN 2523731 AND 2523831
	Bitmap Heap Scan on sbtest5  (cost=5.54..432.69 rows=108 width=125)
	  Recheck Cond: ((k >= 2523731) AND (k <= 2523831))
	  ->  Bitmap Index Scan on k_5  (cost=0.00..5.51 rows=108 width=0)
	        Index Cond: ((k >= 2523731) AND (k <= 2523831))

table 6 : explain SELECT k, c FROM sbtest6 WHERE k BETWEEN 2523731 AND 2523831
	Bitmap Heap Scan on sbtest6  (cost=5.51..420.88 rows=105 width=125)
	  Recheck Cond: ((k >= 2523731) AND (k <= 2523831))
	  ->  Bitmap Index Scan on k_6  (cost=0.00..5.48 rows=105 width=0)
	        Index Cond: ((k >= 2523731) AND (k <= 2523831))

table 7 : explain SELECT k, c FROM sbtest7 WHERE k BETWEEN 2523731 AND 2523831
	Bitmap Heap Scan on sbtest7  (cost=5.42..385.43 rows=96 width=125)
	  Recheck Cond: ((k >= 2523731) AND (k <= 2523831))
	  ->  Bitmap Index Scan on k_7  (cost=0.00..5.39 rows=96 width=0)
	        Index Cond: ((k >= 2523731) AND (k <= 2523831))

table 8 : explain SELECT k, c FROM sbtest8 WHERE k BETWEEN 2523731 AND 2523831
	Bitmap Heap Scan on sbtest8  (cost=5.49..413.00 rows=103 width=125)
	  Recheck Cond: ((k >= 2523731) AND (k <= 2523831))
	  ->  Bitmap Index Scan on k_8  (cost=0.00..5.46 rows=103 width=0)
	        Index Cond: ((k >= 2523731) AND (k <= 2523831))

for range-notcovered
table 1 : explain SELECT k, c FROM sbtest1 WHERE k BETWEEN 7356040 AND 7356140
	Bitmap Heap Scan on sbtest1  (cost=5.37..365.72 rows=91 width=125)
	  Recheck Cond: ((k >= 7356040) AND (k <= 7356140))
	  ->  Bitmap Index Scan on k_1  (cost=0.00..5.34 rows=91 width=0)
	        Index Cond: ((k >= 7356040) AND (k <= 7356140))

table 2 : explain SELECT k, c FROM sbtest2 WHERE k BETWEEN 7356040 AND 7356140
	Bitmap Heap Scan on sbtest2  (cost=5.63..468.09 rows=117 width=125)
	  Recheck Cond: ((k >= 7356040) AND (k <= 7356140))
	  ->  Bitmap Index Scan on k_2  (cost=0.00..5.60 rows=117 width=0)
	        Index Cond: ((k >= 7356040) AND (k <= 7356140))

table 3 : explain SELECT k, c FROM sbtest3 WHERE k BETWEEN 7356040 AND 7356140
	Bitmap Heap Scan on sbtest3  (cost=5.50..416.94 rows=104 width=125)
	  Recheck Cond: ((k >= 7356040) AND (k <= 7356140))
	  ->  Bitmap Index Scan on k_3  (cost=0.00..5.47 rows=104 width=0)
	        Index Cond: ((k >= 7356040) AND (k <= 7356140))

table 4 : explain SELECT k, c FROM sbtest4 WHERE k BETWEEN 7356040 AND 7356140
	Bitmap Heap Scan on sbtest4  (cost=5.58..448.42 rows=112 width=125)
	  Recheck Cond: ((k >= 7356040) AND (k <= 7356140))
	  ->  Bitmap Index Scan on k_4  (cost=0.00..5.55 rows=112 width=0)
	        Index Cond: ((k >= 7356040) AND (k <= 7356140))

table 5 : explain SELECT k, c FROM sbtest5 WHERE k BETWEEN 7356040 AND 7356140
	Bitmap Heap Scan on sbtest5  (cost=5.42..385.43 rows=96 width=125)
	  Recheck Cond: ((k >= 7356040) AND (k <= 7356140))
	  ->  Bitmap Index Scan on k_5  (cost=0.00..5.39 rows=96 width=0)
	        Index Cond: ((k >= 7356040) AND (k <= 7356140))

table 6 : explain SELECT k, c FROM sbtest6 WHERE k BETWEEN 7356040 AND 7356140
	Bitmap Heap Scan on sbtest6  (cost=5.40..377.55 rows=94 width=125)
	  Recheck Cond: ((k >= 7356040) AND (k <= 7356140))
	  ->  Bitmap Index Scan on k_6  (cost=0.00..5.38 rows=94 width=0)
	        Index Cond: ((k >= 7356040) AND (k <= 7356140))

table 7 : explain SELECT k, c FROM sbtest7 WHERE k BETWEEN 7356040 AND 7356140
	Bitmap Heap Scan on sbtest7  (cost=5.47..405.13 rows=101 width=125)
	  Recheck Cond: ((k >= 7356040) AND (k <= 7356140))
	  ->  Bitmap Index Scan on k_7  (cost=0.00..5.44 rows=101 width=0)
	        Index Cond: ((k >= 7356040) AND (k <= 7356140))

table 8 : explain SELECT k, c FROM sbtest8 WHERE k BETWEEN 7356040 AND 7356140
	Bitmap Heap Scan on sbtest8  (cost=5.45..397.25 rows=99 width=125)
	  Recheck Cond: ((k >= 7356040) AND (k <= 7356140))
	  ->  Bitmap Index Scan on k_8  (cost=0.00..5.42 rows=99 width=0)
	        Index Cond: ((k >= 7356040) AND (k <= 7356140))

for range-notcovered
table 1 : explain SELECT k, c FROM sbtest1 WHERE k BETWEEN 1520381 AND 1520481
	Bitmap Heap Scan on sbtest1  (cost=5.56..440.56 rows=110 width=125)
	  Recheck Cond: ((k >= 1520381) AND (k <= 1520481))
	  ->  Bitmap Index Scan on k_1  (cost=0.00..5.53 rows=110 width=0)
	        Index Cond: ((k >= 1520381) AND (k <= 1520481))

table 2 : explain SELECT k, c FROM sbtest2 WHERE k BETWEEN 1520381 AND 1520481
	Bitmap Heap Scan on sbtest2  (cost=5.51..420.88 rows=105 width=125)
	  Recheck Cond: ((k >= 1520381) AND (k <= 1520481))
	  ->  Bitmap Index Scan on k_2  (cost=0.00..5.48 rows=105 width=0)
	        Index Cond: ((k >= 1520381) AND (k <= 1520481))

table 3 : explain SELECT k, c FROM sbtest3 WHERE k BETWEEN 1520381 AND 1520481
	Bitmap Heap Scan on sbtest3  (cost=5.42..385.43 rows=96 width=125)
	  Recheck Cond: ((k >= 1520381) AND (k <= 1520481))
	  ->  Bitmap Index Scan on k_3  (cost=0.00..5.39 rows=96 width=0)
	        Index Cond: ((k >= 1520381) AND (k <= 1520481))

table 4 : explain SELECT k, c FROM sbtest4 WHERE k BETWEEN 1520381 AND 1520481
	Bitmap Heap Scan on sbtest4  (cost=5.51..420.88 rows=105 width=125)
	  Recheck Cond: ((k >= 1520381) AND (k <= 1520481))
	  ->  Bitmap Index Scan on k_4  (cost=0.00..5.48 rows=105 width=0)
	        Index Cond: ((k >= 1520381) AND (k <= 1520481))

table 5 : explain SELECT k, c FROM sbtest5 WHERE k BETWEEN 1520381 AND 1520481
	Bitmap Heap Scan on sbtest5  (cost=5.47..405.13 rows=101 width=125)
	  Recheck Cond: ((k >= 1520381) AND (k <= 1520481))
	  ->  Bitmap Index Scan on k_5  (cost=0.00..5.44 rows=101 width=0)
	        Index Cond: ((k >= 1520381) AND (k <= 1520481))

table 6 : explain SELECT k, c FROM sbtest6 WHERE k BETWEEN 1520381 AND 1520481
	Bitmap Heap Scan on sbtest6  (cost=5.52..424.81 rows=106 width=125)
	  Recheck Cond: ((k >= 1520381) AND (k <= 1520481))
	  ->  Bitmap Index Scan on k_6  (cost=0.00..5.50 rows=106 width=0)
	        Index Cond: ((k >= 1520381) AND (k <= 1520481))

table 7 : explain SELECT k, c FROM sbtest7 WHERE k BETWEEN 1520381 AND 1520481
	Bitmap Heap Scan on sbtest7  (cost=5.46..401.19 rows=100 width=125)
	  Recheck Cond: ((k >= 1520381) AND (k <= 1520481))
	  ->  Bitmap Index Scan on k_7  (cost=0.00..5.43 rows=100 width=0)
	        Index Cond: ((k >= 1520381) AND (k <= 1520481))

table 8 : explain SELECT k, c FROM sbtest8 WHERE k BETWEEN 1520381 AND 1520481
	Bitmap Heap Scan on sbtest8  (cost=5.49..413.00 rows=103 width=125)
	  Recheck Cond: ((k >= 1520381) AND (k <= 1520481))
	  ->  Bitmap Index Scan on k_8  (cost=0.00..5.46 rows=103 width=0)
	        Index Cond: ((k >= 1520381) AND (k <= 1520481))

explain: for range-notcovered :: explain SELECT k, c FROM sbtest%d WHERE k BETWEEN 7356040 AND 7356140
explain: for range-notcovered :: explain SELECT k, c FROM sbtest%d WHERE k BETWEEN 1520381 AND 1520481
for range-notcovered
table 1 : explain SELECT k, c FROM sbtest1 WHERE k BETWEEN 5272393 AND 5272493
	Bitmap Heap Scan on sbtest1  (cost=5.58..448.42 rows=112 width=125)
	  Recheck Cond: ((k >= 5272393) AND (k <= 5272493))
	  ->  Bitmap Index Scan on k_1  (cost=0.00..5.55 rows=112 width=0)
	        Index Cond: ((k >= 5272393) AND (k <= 5272493))

table 2 : explain SELECT k, c FROM sbtest2 WHERE k BETWEEN 5272393 AND 5272493
	Bitmap Heap Scan on sbtest2  (cost=5.49..413.00 rows=103 width=125)
	  Recheck Cond: ((k >= 5272393) AND (k <= 5272493))
	  ->  Bitmap Index Scan on k_2  (cost=0.00..5.46 rows=103 width=0)
	        Index Cond: ((k >= 5272393) AND (k <= 5272493))

table 3 : explain SELECT k, c FROM sbtest3 WHERE k BETWEEN 5272393 AND 5272493
	Bitmap Heap Scan on sbtest3  (cost=5.43..389.37 rows=97 width=125)
	  Recheck Cond: ((k >= 5272393) AND (k <= 5272493))
	  ->  Bitmap Index Scan on k_3  (cost=0.00..5.40 rows=97 width=0)
	        Index Cond: ((k >= 5272393) AND (k <= 5272493))

table 4 : explain SELECT k, c FROM sbtest4 WHERE k BETWEEN 5272393 AND 5272493
	Bitmap Heap Scan on sbtest4  (cost=5.43..389.37 rows=97 width=125)
	  Recheck Cond: ((k >= 5272393) AND (k <= 5272493))
	  ->  Bitmap Index Scan on k_4  (cost=0.00..5.40 rows=97 width=0)
	        Index Cond: ((k >= 5272393) AND (k <= 5272493))

table 5 : explain SELECT k, c FROM sbtest5 WHERE k BETWEEN 5272393 AND 5272493
	Bitmap Heap Scan on sbtest5  (cost=5.48..409.07 rows=102 width=125)
	  Recheck Cond: ((k >= 5272393) AND (k <= 5272493))
	  ->  Bitmap Index Scan on k_5  (cost=0.00..5.45 rows=102 width=0)
	        Index Cond: ((k >= 5272393) AND (k <= 5272493))

table 6 : explain SELECT k, c FROM sbtest6 WHERE k BETWEEN 5272393 AND 5272493
	Bitmap Heap Scan on sbtest6  (cost=5.49..413.00 rows=103 width=125)
	  Recheck Cond: ((k >= 5272393) AND (k <= 5272493))
	  ->  Bitmap Index Scan on k_6  (cost=0.00..5.46 rows=103 width=0)
	        Index Cond: ((k >= 5272393) AND (k <= 5272493))

table 7 : explain SELECT k, c FROM sbtest7 WHERE k BETWEEN 5272393 AND 5272493
	Bitmap Heap Scan on sbtest7  (cost=5.46..401.19 rows=100 width=125)
	  Recheck Cond: ((k >= 5272393) AND (k <= 5272493))
	  ->  Bitmap Index Scan on k_7  (cost=0.00..5.43 rows=100 width=0)
	        Index Cond: ((k >= 5272393) AND (k <= 5272493))

table 8 : explain SELECT k, c FROM sbtest8 WHERE k BETWEEN 5272393 AND 5272493
	Bitmap Heap Scan on sbtest8  (cost=5.45..397.25 rows=99 width=125)
	  Recheck Cond: ((k >= 5272393) AND (k <= 5272493))
	  ->  Bitmap Index Scan on k_8  (cost=0.00..5.42 rows=99 width=0)
	        Index Cond: ((k >= 5272393) AND (k <= 5272493))

explain: for range-notcovered :: explain SELECT k, c FROM sbtest%d WHERE k BETWEEN 5272393 AND 5272493
for range-notcovered
table 1 : explain SELECT k, c FROM sbtest1 WHERE k BETWEEN 1174161 AND 1174261
	Bitmap Heap Scan on sbtest1  (cost=5.45..397.25 rows=99 width=125)
	  Recheck Cond: ((k >= 1174161) AND (k <= 1174261))
	  ->  Bitmap Index Scan on k_1  (cost=0.00..5.42 rows=99 width=0)
	        Index Cond: ((k >= 1174161) AND (k <= 1174261))

table 2 : explain SELECT k, c FROM sbtest2 WHERE k BETWEEN 1174161 AND 1174261
	Bitmap Heap Scan on sbtest2  (cost=5.44..393.31 rows=98 width=125)
	  Recheck Cond: ((k >= 1174161) AND (k <= 1174261))
	  ->  Bitmap Index Scan on k_2  (cost=0.00..5.42 rows=98 width=0)
	        Index Cond: ((k >= 1174161) AND (k <= 1174261))

table 3 : explain SELECT k, c FROM sbtest3 WHERE k BETWEEN 1174161 AND 1174261
	Bitmap Heap Scan on sbtest3  (cost=5.53..428.75 rows=107 width=125)
	  Recheck Cond: ((k >= 1174161) AND (k <= 1174261))
	  ->  Bitmap Index Scan on k_3  (cost=0.00..5.50 rows=107 width=0)
	        Index Cond: ((k >= 1174161) AND (k <= 1174261))

table 4 : explain SELECT k, c FROM sbtest4 WHERE k BETWEEN 1174161 AND 1174261
	Bitmap Heap Scan on sbtest4  (cost=5.42..385.43 rows=96 width=125)
	  Recheck Cond: ((k >= 1174161) AND (k <= 1174261))
	  ->  Bitmap Index Scan on k_4  (cost=0.00..5.39 rows=96 width=0)
	        Index Cond: ((k >= 1174161) AND (k <= 1174261))

table 5 : explain SELECT k, c FROM sbtest5 WHERE k BETWEEN 1174161 AND 1174261
	Bitmap Heap Scan on sbtest5  (cost=5.47..405.13 rows=101 width=125)
	  Recheck Cond: ((k >= 1174161) AND (k <= 1174261))
	  ->  Bitmap Index Scan on k_5  (cost=0.00..5.44 rows=101 width=0)
	        Index Cond: ((k >= 1174161) AND (k <= 1174261))

table 6 : explain SELECT k, c FROM sbtest6 WHERE k BETWEEN 1174161 AND 1174261
	Bitmap Heap Scan on sbtest6  (cost=5.49..413.00 rows=103 width=125)
	  Recheck Cond: ((k >= 1174161) AND (k <= 1174261))
	  ->  Bitmap Index Scan on k_6  (cost=0.00..5.46 rows=103 width=0)
	        Index Cond: ((k >= 1174161) AND (k <= 1174261))

table 7 : explain SELECT k, c FROM sbtest7 WHERE k BETWEEN 1174161 AND 1174261
	Bitmap Heap Scan on sbtest7  (cost=5.49..413.00 rows=103 width=125)
	  Recheck Cond: ((k >= 1174161) AND (k <= 1174261))
	  ->  Bitmap Index Scan on k_7  (cost=0.00..5.46 rows=103 width=0)
	        Index Cond: ((k >= 1174161) AND (k <= 1174261))

table 8 : explain SELECT k, c FROM sbtest8 WHERE k BETWEEN 1174161 AND 1174261
	Bitmap Heap Scan on sbtest8  (cost=5.46..401.19 rows=100 width=125)
	  Recheck Cond: ((k >= 1174161) AND (k <= 1174261))
	  ->  Bitmap Index Scan on k_8  (cost=0.00..5.43 rows=100 width=0)
	        Index Cond: ((k >= 1174161) AND (k <= 1174261))

for range-notcovered
table 1 : explain SELECT k, c FROM sbtest1 WHERE k BETWEEN 5922952 AND 5923052
	Bitmap Heap Scan on sbtest1  (cost=5.47..405.13 rows=101 width=125)
	  Recheck Cond: ((k >= 5922952) AND (k <= 5923052))
	  ->  Bitmap Index Scan on k_1  (cost=0.00..5.44 rows=101 width=0)
	        Index Cond: ((k >= 5922952) AND (k <= 5923052))

table 2 : explain SELECT k, c FROM sbtest2 WHERE k BETWEEN 5922952 AND 5923052
	Bitmap Heap Scan on sbtest2  (cost=5.47..405.13 rows=101 width=125)
	  Recheck Cond: ((k >= 5922952) AND (k <= 5923052))
	  ->  Bitmap Index Scan on k_2  (cost=0.00..5.44 rows=101 width=0)
	        Index Cond: ((k >= 5922952) AND (k <= 5923052))

table 3 : explain SELECT k, c FROM sbtest3 WHERE k BETWEEN 5922952 AND 5923052
	Bitmap Heap Scan on sbtest3  (cost=5.47..405.13 rows=101 width=125)
	  Recheck Cond: ((k >= 5922952) AND (k <= 5923052))
	  ->  Bitmap Index Scan on k_3  (cost=0.00..5.44 rows=101 width=0)
	        Index Cond: ((k >= 5922952) AND (k <= 5923052))

table 4 : explain SELECT k, c FROM sbtest4 WHERE k BETWEEN 5922952 AND 5923052
	Bitmap Heap Scan on sbtest4  (cost=5.53..428.75 rows=107 width=125)
	  Recheck Cond: ((k >= 5922952) AND (k <= 5923052))
	  ->  Bitmap Index Scan on k_4  (cost=0.00..5.50 rows=107 width=0)
	        Index Cond: ((k >= 5922952) AND (k <= 5923052))

table 5 : explain SELECT k, c FROM sbtest5 WHERE k BETWEEN 5922952 AND 5923052
	Bitmap Heap Scan on sbtest5  (cost=5.47..405.13 rows=101 width=125)
	  Recheck Cond: ((k >= 5922952) AND (k <= 5923052))
	  ->  Bitmap Index Scan on k_5  (cost=0.00..5.44 rows=101 width=0)
	        Index Cond: ((k >= 5922952) AND (k <= 5923052))

table 6 : explain SELECT k, c FROM sbtest6 WHERE k BETWEEN 5922952 AND 5923052
	Bitmap Heap Scan on sbtest6  (cost=5.44..393.31 rows=98 width=125)
	  Recheck Cond: ((k >= 5922952) AND (k <= 5923052))
	  ->  Bitmap Index Scan on k_6  (cost=0.00..5.42 rows=98 width=0)
	        Index Cond: ((k >= 5922952) AND (k <= 5923052))

table 7 : explain SELECT k, c FROM sbtest7 WHERE k BETWEEN 5922952 AND 5923052
	Bitmap Heap Scan on sbtest7  (cost=5.48..409.07 rows=102 width=125)
	  Recheck Cond: ((k >= 5922952) AND (k <= 5923052))
	  ->  Bitmap Index Scan on k_7  (cost=0.00..5.45 rows=102 width=0)
	        Index Cond: ((k >= 5922952) AND (k <= 5923052))

table 8 : explain SELECT k, c FROM sbtest8 WHERE k BETWEEN 5922952 AND 5923052
	Bitmap Heap Scan on sbtest8  (cost=5.51..420.88 rows=105 width=125)
	  Recheck Cond: ((k >= 5922952) AND (k <= 5923052))
	  ->  Bitmap Index Scan on k_8  (cost=0.00..5.48 rows=105 width=0)
	        Index Cond: ((k >= 5922952) AND (k <= 5923052))

explain: for range-notcovered :: explain SELECT k, c FROM sbtest%d WHERE k BETWEEN 1174161 AND 1174261
explain: for range-notcovered :: explain SELECT k, c FROM sbtest%d WHERE k BETWEEN 5922952 AND 5923052
for range-notcovered
table 1 : explain SELECT k, c FROM sbtest1 WHERE k BETWEEN 5272393 AND 5272493
	Bitmap Heap Scan on sbtest1  (cost=5.58..448.42 rows=112 width=125)
	  Recheck Cond: ((k >= 5272393) AND (k <= 5272493))
	  ->  Bitmap Index Scan on k_1  (cost=0.00..5.55 rows=112 width=0)
	        Index Cond: ((k >= 5272393) AND (k <= 5272493))

table 2 : explain SELECT k, c FROM sbtest2 WHERE k BETWEEN 5272393 AND 5272493
	Bitmap Heap Scan on sbtest2  (cost=5.49..413.00 rows=103 width=125)
	  Recheck Cond: ((k >= 5272393) AND (k <= 5272493))
	  ->  Bitmap Index Scan on k_2  (cost=0.00..5.46 rows=103 width=0)
	        Index Cond: ((k >= 5272393) AND (k <= 5272493))

table 3 : explain SELECT k, c FROM sbtest3 WHERE k BETWEEN 5272393 AND 5272493
	Bitmap Heap Scan on sbtest3  (cost=5.43..389.37 rows=97 width=125)
	  Recheck Cond: ((k >= 5272393) AND (k <= 5272493))
	  ->  Bitmap Index Scan on k_3  (cost=0.00..5.40 rows=97 width=0)
	        Index Cond: ((k >= 5272393) AND (k <= 5272493))

table 4 : explain SELECT k, c FROM sbtest4 WHERE k BETWEEN 5272393 AND 5272493
	Bitmap Heap Scan on sbtest4  (cost=5.43..389.37 rows=97 width=125)
	  Recheck Cond: ((k >= 5272393) AND (k <= 5272493))
	  ->  Bitmap Index Scan on k_4  (cost=0.00..5.40 rows=97 width=0)
	        Index Cond: ((k >= 5272393) AND (k <= 5272493))

table 5 : explain SELECT k, c FROM sbtest5 WHERE k BETWEEN 5272393 AND 5272493
	Bitmap Heap Scan on sbtest5  (cost=5.48..409.07 rows=102 width=125)
	  Recheck Cond: ((k >= 5272393) AND (k <= 5272493))
	  ->  Bitmap Index Scan on k_5  (cost=0.00..5.45 rows=102 width=0)
	        Index Cond: ((k >= 5272393) AND (k <= 5272493))

table 6 : explain SELECT k, c FROM sbtest6 WHERE k BETWEEN 5272393 AND 5272493
	Bitmap Heap Scan on sbtest6  (cost=5.49..413.00 rows=103 width=125)
	  Recheck Cond: ((k >= 5272393) AND (k <= 5272493))
	  ->  Bitmap Index Scan on k_6  (cost=0.00..5.46 rows=103 width=0)
	        Index Cond: ((k >= 5272393) AND (k <= 5272493))

table 7 : explain SELECT k, c FROM sbtest7 WHERE k BETWEEN 5272393 AND 5272493
	Bitmap Heap Scan on sbtest7  (cost=5.46..401.19 rows=100 width=125)
	  Recheck Cond: ((k >= 5272393) AND (k <= 5272493))
	  ->  Bitmap Index Scan on k_7  (cost=0.00..5.43 rows=100 width=0)
	        Index Cond: ((k >= 5272393) AND (k <= 5272493))

table 8 : explain SELECT k, c FROM sbtest8 WHERE k BETWEEN 5272393 AND 5272493
	Bitmap Heap Scan on sbtest8  (cost=5.45..397.25 rows=99 width=125)
	  Recheck Cond: ((k >= 5272393) AND (k <= 5272493))
	  ->  Bitmap Index Scan on k_8  (cost=0.00..5.42 rows=99 width=0)
	        Index Cond: ((k >= 5272393) AND (k <= 5272493))

explain: for range-notcovered :: explain SELECT k, c FROM sbtest%d WHERE k BETWEEN 2729014 AND 2729114
for range-notcovered
table 1 : explain SELECT k, c FROM sbtest1 WHERE k BETWEEN 5331567 AND 5331667
	Bitmap Heap Scan on sbtest1  (cost=5.58..448.42 rows=112 width=125)
	  Recheck Cond: ((k >= 5331567) AND (k <= 5331667))
	  ->  Bitmap Index Scan on k_1  (cost=0.00..5.55 rows=112 width=0)
	        Index Cond: ((k >= 5331567) AND (k <= 5331667))

table 2 : explain SELECT k, c FROM sbtest2 WHERE k BETWEEN 5331567 AND 5331667
	Bitmap Heap Scan on sbtest2  (cost=5.57..444.49 rows=111 width=125)
	  Recheck Cond: ((k >= 5331567) AND (k <= 5331667))
	  ->  Bitmap Index Scan on k_2  (cost=0.00..5.54 rows=111 width=0)
	        Index Cond: ((k >= 5331567) AND (k <= 5331667))

table 3 : explain SELECT k, c FROM sbtest3 WHERE k BETWEEN 5331567 AND 5331667
	Bitmap Heap Scan on sbtest3  (cost=5.43..389.37 rows=97 width=125)
	  Recheck Cond: ((k >= 5331567) AND (k <= 5331667))
	  ->  Bitmap Index Scan on k_3  (cost=0.00..5.40 rows=97 width=0)
	        Index Cond: ((k >= 5331567) AND (k <= 5331667))

table 4 : explain SELECT k, c FROM sbtest4 WHERE k BETWEEN 5331567 AND 5331667
	Bitmap Heap Scan on sbtest4  (cost=5.48..409.07 rows=102 width=125)
	  Recheck Cond: ((k >= 5331567) AND (k <= 5331667))
	  ->  Bitmap Index Scan on k_4  (cost=0.00..5.45 rows=102 width=0)
	        Index Cond: ((k >= 5331567) AND (k <= 5331667))

table 5 : explain SELECT k, c FROM sbtest5 WHERE k BETWEEN 5331567 AND 5331667
	Bitmap Heap Scan on sbtest5  (cost=5.50..416.94 rows=104 width=125)
	  Recheck Cond: ((k >= 5331567) AND (k <= 5331667))
	  ->  Bitmap Index Scan on k_5  (cost=0.00..5.47 rows=104 width=0)
	        Index Cond: ((k >= 5331567) AND (k <= 5331667))

table 6 : explain SELECT k, c FROM sbtest6 WHERE k BETWEEN 5331567 AND 5331667
	Bitmap Heap Scan on sbtest6  (cost=5.49..413.00 rows=103 width=125)
	  Recheck Cond: ((k >= 5331567) AND (k <= 5331667))
	  ->  Bitmap Index Scan on k_6  (cost=0.00..5.46 rows=103 width=0)
	        Index Cond: ((k >= 5331567) AND (k <= 5331667))

table 7 : explain SELECT k, c FROM sbtest7 WHERE k BETWEEN 5331567 AND 5331667
	Bitmap Heap Scan on sbtest7  (cost=5.46..401.19 rows=100 width=125)
	  Recheck Cond: ((k >= 5331567) AND (k <= 5331667))
	  ->  Bitmap Index Scan on k_7  (cost=0.00..5.43 rows=100 width=0)
	        Index Cond: ((k >= 5331567) AND (k <= 5331667))

table 8 : explain SELECT k, c FROM sbtest8 WHERE k BETWEEN 5331567 AND 5331667
	Bitmap Heap Scan on sbtest8  (cost=5.54..432.69 rows=108 width=125)
	  Recheck Cond: ((k >= 5331567) AND (k <= 5331667))
	  ->  Bitmap Index Scan on k_8  (cost=0.00..5.51 rows=108 width=0)
	        Index Cond: ((k >= 5331567) AND (k <= 5331667))

for range-notcovered
table 1 : explain SELECT k, c FROM sbtest1 WHERE k BETWEEN 1174161 AND 1174261
	Bitmap Heap Scan on sbtest1  (cost=5.45..397.25 rows=99 width=125)
	  Recheck Cond: ((k >= 1174161) AND (k <= 1174261))
	  ->  Bitmap Index Scan on k_1  (cost=0.00..5.42 rows=99 width=0)
	        Index Cond: ((k >= 1174161) AND (k <= 1174261))

table 2 : explain SELECT k, c FROM sbtest2 WHERE k BETWEEN 1174161 AND 1174261
	Bitmap Heap Scan on sbtest2  (cost=5.44..393.31 rows=98 width=125)
	  Recheck Cond: ((k >= 1174161) AND (k <= 1174261))
	  ->  Bitmap Index Scan on k_2  (cost=0.00..5.42 rows=98 width=0)
	        Index Cond: ((k >= 1174161) AND (k <= 1174261))

table 3 : explain SELECT k, c FROM sbtest3 WHERE k BETWEEN 1174161 AND 1174261
	Bitmap Heap Scan on sbtest3  (cost=5.53..428.75 rows=107 width=125)
	  Recheck Cond: ((k >= 1174161) AND (k <= 1174261))
	  ->  Bitmap Index Scan on k_3  (cost=0.00..5.50 rows=107 width=0)
	        Index Cond: ((k >= 1174161) AND (k <= 1174261))

table 4 : explain SELECT k, c FROM sbtest4 WHERE k BETWEEN 1174161 AND 1174261
	Bitmap Heap Scan on sbtest4  (cost=5.42..385.43 rows=96 width=125)
	  Recheck Cond: ((k >= 1174161) AND (k <= 1174261))
	  ->  Bitmap Index Scan on k_4  (cost=0.00..5.39 rows=96 width=0)
	        Index Cond: ((k >= 1174161) AND (k <= 1174261))

table 5 : explain SELECT k, c FROM sbtest5 WHERE k BETWEEN 1174161 AND 1174261
	Bitmap Heap Scan on sbtest5  (cost=5.47..405.13 rows=101 width=125)
	  Recheck Cond: ((k >= 1174161) AND (k <= 1174261))
	  ->  Bitmap Index Scan on k_5  (cost=0.00..5.44 rows=101 width=0)
	        Index Cond: ((k >= 1174161) AND (k <= 1174261))

table 6 : explain SELECT k, c FROM sbtest6 WHERE k BETWEEN 1174161 AND 1174261
	Bitmap Heap Scan on sbtest6  (cost=5.49..413.00 rows=103 width=125)
	  Recheck Cond: ((k >= 1174161) AND (k <= 1174261))
	  ->  Bitmap Index Scan on k_6  (cost=0.00..5.46 rows=103 width=0)
	        Index Cond: ((k >= 1174161) AND (k <= 1174261))

table 7 : explain SELECT k, c FROM sbtest7 WHERE k BETWEEN 1174161 AND 1174261
	Bitmap Heap Scan on sbtest7  (cost=5.49..413.00 rows=103 width=125)
	  Recheck Cond: ((k >= 1174161) AND (k <= 1174261))
	  ->  Bitmap Index Scan on k_7  (cost=0.00..5.46 rows=103 width=0)
	        Index Cond: ((k >= 1174161) AND (k <= 1174261))

table 8 : explain SELECT k, c FROM sbtest8 WHERE k BETWEEN 1174161 AND 1174261
	Bitmap Heap Scan on sbtest8  (cost=5.46..401.19 rows=100 width=125)
	  Recheck Cond: ((k >= 1174161) AND (k <= 1174261))
	  ->  Bitmap Index Scan on k_8  (cost=0.00..5.43 rows=100 width=0)
	        Index Cond: ((k >= 1174161) AND (k <= 1174261))

explain: for range-notcovered :: explain SELECT k, c FROM sbtest%d WHERE k BETWEEN 5331567 AND 5331667
explain: for range-notcovered :: explain SELECT k, c FROM sbtest%d WHERE k BETWEEN 5272393 AND 5272493
for range-notcovered
table 1 : explain SELECT k, c FROM sbtest1 WHERE k BETWEEN 5922952 AND 5923052
	Bitmap Heap Scan on sbtest1  (cost=5.47..405.13 rows=101 width=125)
	  Recheck Cond: ((k >= 5922952) AND (k <= 5923052))
	  ->  Bitmap Index Scan on k_1  (cost=0.00..5.44 rows=101 width=0)
	        Index Cond: ((k >= 5922952) AND (k <= 5923052))

table 2 : explain SELECT k, c FROM sbtest2 WHERE k BETWEEN 5922952 AND 5923052
	Bitmap Heap Scan on sbtest2  (cost=5.47..405.13 rows=101 width=125)
	  Recheck Cond: ((k >= 5922952) AND (k <= 5923052))
	  ->  Bitmap Index Scan on k_2  (cost=0.00..5.44 rows=101 width=0)
	        Index Cond: ((k >= 5922952) AND (k <= 5923052))

table 3 : explain SELECT k, c FROM sbtest3 WHERE k BETWEEN 5922952 AND 5923052
	Bitmap Heap Scan on sbtest3  (cost=5.47..405.13 rows=101 width=125)
	  Recheck Cond: ((k >= 5922952) AND (k <= 5923052))
	  ->  Bitmap Index Scan on k_3  (cost=0.00..5.44 rows=101 width=0)
	        Index Cond: ((k >= 5922952) AND (k <= 5923052))

table 4 : explain SELECT k, c FROM sbtest4 WHERE k BETWEEN 5922952 AND 5923052
	Bitmap Heap Scan on sbtest4  (cost=5.53..428.75 rows=107 width=125)
	  Recheck Cond: ((k >= 5922952) AND (k <= 5923052))
	  ->  Bitmap Index Scan on k_4  (cost=0.00..5.50 rows=107 width=0)
	        Index Cond: ((k >= 5922952) AND (k <= 5923052))

table 5 : explain SELECT k, c FROM sbtest5 WHERE k BETWEEN 5922952 AND 5923052
	Bitmap Heap Scan on sbtest5  (cost=5.47..405.13 rows=101 width=125)
	  Recheck Cond: ((k >= 5922952) AND (k <= 5923052))
	  ->  Bitmap Index Scan on k_5  (cost=0.00..5.44 rows=101 width=0)
	        Index Cond: ((k >= 5922952) AND (k <= 5923052))

table 6 : explain SELECT k, c FROM sbtest6 WHERE k BETWEEN 5922952 AND 5923052
	Bitmap Heap Scan on sbtest6  (cost=5.44..393.31 rows=98 width=125)
	  Recheck Cond: ((k >= 5922952) AND (k <= 5923052))
	  ->  Bitmap Index Scan on k_6  (cost=0.00..5.42 rows=98 width=0)
	        Index Cond: ((k >= 5922952) AND (k <= 5923052))

table 7 : explain SELECT k, c FROM sbtest7 WHERE k BETWEEN 5922952 AND 5923052
	Bitmap Heap Scan on sbtest7  (cost=5.48..409.07 rows=102 width=125)
	  Recheck Cond: ((k >= 5922952) AND (k <= 5923052))
	  ->  Bitmap Index Scan on k_7  (cost=0.00..5.45 rows=102 width=0)
	        Index Cond: ((k >= 5922952) AND (k <= 5923052))

table 8 : explain SELECT k, c FROM sbtest8 WHERE k BETWEEN 5922952 AND 5923052
	Bitmap Heap Scan on sbtest8  (cost=5.51..420.88 rows=105 width=125)
	  Recheck Cond: ((k >= 5922952) AND (k <= 5923052))
	  ->  Bitmap Index Scan on k_8  (cost=0.00..5.48 rows=105 width=0)
	        Index Cond: ((k >= 5922952) AND (k <= 5923052))

explain: for range-notcovered :: explain SELECT k, c FROM sbtest%d WHERE k BETWEEN 5922952 AND 5923052
for range-notcovered
table 1 : explain SELECT k, c FROM sbtest1 WHERE k BETWEEN 1676572 AND 1676672
	Bitmap Heap Scan on sbtest1  (cost=5.56..440.56 rows=110 width=125)
	  Recheck Cond: ((k >= 1676572) AND (k <= 1676672))
	  ->  Bitmap Index Scan on k_1  (cost=0.00..5.53 rows=110 width=0)
	        Index Cond: ((k >= 1676572) AND (k <= 1676672))

table 2 : explain SELECT k, c FROM sbtest2 WHERE k BETWEEN 1676572 AND 1676672
	Bitmap Heap Scan on sbtest2  (cost=5.47..405.13 rows=101 width=125)
	  Recheck Cond: ((k >= 1676572) AND (k <= 1676672))
	  ->  Bitmap Index Scan on k_2  (cost=0.00..5.44 rows=101 width=0)
	        Index Cond: ((k >= 1676572) AND (k <= 1676672))

table 3 : explain SELECT k, c FROM sbtest3 WHERE k BETWEEN 1676572 AND 1676672
	Bitmap Heap Scan on sbtest3  (cost=5.56..440.56 rows=110 width=125)
	  Recheck Cond: ((k >= 1676572) AND (k <= 1676672))
	  ->  Bitmap Index Scan on k_3  (cost=0.00..5.53 rows=110 width=0)
	        Index Cond: ((k >= 1676572) AND (k <= 1676672))

table 4 : explain SELECT k, c FROM sbtest4 WHERE k BETWEEN 1676572 AND 1676672
	Bitmap Heap Scan on sbtest4  (cost=5.43..389.37 rows=97 width=125)
	  Recheck Cond: ((k >= 1676572) AND (k <= 1676672))
	  ->  Bitmap Index Scan on k_4  (cost=0.00..5.40 rows=97 width=0)
	        Index Cond: ((k >= 1676572) AND (k <= 1676672))

table 5 : explain SELECT k, c FROM sbtest5 WHERE k BETWEEN 1676572 AND 1676672
	Bitmap Heap Scan on sbtest5  (cost=5.38..369.67 rows=92 width=125)
	  Recheck Cond: ((k >= 1676572) AND (k <= 1676672))
	  ->  Bitmap Index Scan on k_5  (cost=0.00..5.35 rows=92 width=0)
	        Index Cond: ((k >= 1676572) AND (k <= 1676672))

table 6 : explain SELECT k, c FROM sbtest6 WHERE k BETWEEN 1676572 AND 1676672
	Bitmap Heap Scan on sbtest6  (cost=5.47..405.13 rows=101 width=125)
	  Recheck Cond: ((k >= 1676572) AND (k <= 1676672))
	  ->  Bitmap Index Scan on k_6  (cost=0.00..5.44 rows=101 width=0)
	        Index Cond: ((k >= 1676572) AND (k <= 1676672))

table 7 : explain SELECT k, c FROM sbtest7 WHERE k BETWEEN 1676572 AND 1676672
	Bitmap Heap Scan on sbtest7  (cost=5.57..444.49 rows=111 width=125)
	  Recheck Cond: ((k >= 1676572) AND (k <= 1676672))
	  ->  Bitmap Index Scan on k_7  (cost=0.00..5.54 rows=111 width=0)
	        Index Cond: ((k >= 1676572) AND (k <= 1676672))

table 8 : explain SELECT k, c FROM sbtest8 WHERE k BETWEEN 1676572 AND 1676672
	Bitmap Heap Scan on sbtest8  (cost=5.50..416.94 rows=104 width=125)
	  Recheck Cond: ((k >= 1676572) AND (k <= 1676672))
	  ->  Bitmap Index Scan on k_8  (cost=0.00..5.47 rows=104 width=0)
	        Index Cond: ((k >= 1676572) AND (k <= 1676672))

explain: for range-notcovered :: explain SELECT k, c FROM sbtest%d WHERE k BETWEEN 1676572 AND 1676672
for range-notcovered
table 1 : explain SELECT k, c FROM sbtest1 WHERE k BETWEEN 5331567 AND 5331667
	Bitmap Heap Scan on sbtest1  (cost=5.58..448.42 rows=112 width=125)
	  Recheck Cond: ((k >= 5331567) AND (k <= 5331667))
	  ->  Bitmap Index Scan on k_1  (cost=0.00..5.55 rows=112 width=0)
	        Index Cond: ((k >= 5331567) AND (k <= 5331667))

table 2 : explain SELECT k, c FROM sbtest2 WHERE k BETWEEN 5331567 AND 5331667
	Bitmap Heap Scan on sbtest2  (cost=5.57..444.49 rows=111 width=125)
	  Recheck Cond: ((k >= 5331567) AND (k <= 5331667))
	  ->  Bitmap Index Scan on k_2  (cost=0.00..5.54 rows=111 width=0)
	        Index Cond: ((k >= 5331567) AND (k <= 5331667))

table 3 : explain SELECT k, c FROM sbtest3 WHERE k BETWEEN 5331567 AND 5331667
	Bitmap Heap Scan on sbtest3  (cost=5.43..389.37 rows=97 width=125)
	  Recheck Cond: ((k >= 5331567) AND (k <= 5331667))
	  ->  Bitmap Index Scan on k_3  (cost=0.00..5.40 rows=97 width=0)
	        Index Cond: ((k >= 5331567) AND (k <= 5331667))

table 4 : explain SELECT k, c FROM sbtest4 WHERE k BETWEEN 5331567 AND 5331667
	Bitmap Heap Scan on sbtest4  (cost=5.48..409.07 rows=102 width=125)
	  Recheck Cond: ((k >= 5331567) AND (k <= 5331667))
	  ->  Bitmap Index Scan on k_4  (cost=0.00..5.45 rows=102 width=0)
	        Index Cond: ((k >= 5331567) AND (k <= 5331667))

table 5 : explain SELECT k, c FROM sbtest5 WHERE k BETWEEN 5331567 AND 5331667
	Bitmap Heap Scan on sbtest5  (cost=5.50..416.94 rows=104 width=125)
	  Recheck Cond: ((k >= 5331567) AND (k <= 5331667))
	  ->  Bitmap Index Scan on k_5  (cost=0.00..5.47 rows=104 width=0)
	        Index Cond: ((k >= 5331567) AND (k <= 5331667))

table 6 : explain SELECT k, c FROM sbtest6 WHERE k BETWEEN 5331567 AND 5331667
	Bitmap Heap Scan on sbtest6  (cost=5.49..413.00 rows=103 width=125)
	  Recheck Cond: ((k >= 5331567) AND (k <= 5331667))
	  ->  Bitmap Index Scan on k_6  (cost=0.00..5.46 rows=103 width=0)
	        Index Cond: ((k >= 5331567) AND (k <= 5331667))

table 7 : explain SELECT k, c FROM sbtest7 WHERE k BETWEEN 5331567 AND 5331667
	Bitmap Heap Scan on sbtest7  (cost=5.46..401.19 rows=100 width=125)
	  Recheck Cond: ((k >= 5331567) AND (k <= 5331667))
	  ->  Bitmap Index Scan on k_7  (cost=0.00..5.43 rows=100 width=0)
	        Index Cond: ((k >= 5331567) AND (k <= 5331667))

table 8 : explain SELECT k, c FROM sbtest8 WHERE k BETWEEN 5331567 AND 5331667
	Bitmap Heap Scan on sbtest8  (cost=5.54..432.69 rows=108 width=125)
	  Recheck Cond: ((k >= 5331567) AND (k <= 5331667))
	  ->  Bitmap Index Scan on k_8  (cost=0.00..5.51 rows=108 width=0)
	        Index Cond: ((k >= 5331567) AND (k <= 5331667))

explain: for range-notcovered :: explain SELECT k, c FROM sbtest%d WHERE k BETWEEN 5331567 AND 5331667
for range-notcovered
table 1 : explain SELECT k, c FROM sbtest1 WHERE k BETWEEN 5922952 AND 5923052
	Bitmap Heap Scan on sbtest1  (cost=5.47..405.13 rows=101 width=125)
	  Recheck Cond: ((k >= 5922952) AND (k <= 5923052))
	  ->  Bitmap Index Scan on k_1  (cost=0.00..5.44 rows=101 width=0)
	        Index Cond: ((k >= 5922952) AND (k <= 5923052))

table 2 : explain SELECT k, c FROM sbtest2 WHERE k BETWEEN 5922952 AND 5923052
	Bitmap Heap Scan on sbtest2  (cost=5.47..405.13 rows=101 width=125)
	  Recheck Cond: ((k >= 5922952) AND (k <= 5923052))
	  ->  Bitmap Index Scan on k_2  (cost=0.00..5.44 rows=101 width=0)
	        Index Cond: ((k >= 5922952) AND (k <= 5923052))

table 3 : explain SELECT k, c FROM sbtest3 WHERE k BETWEEN 5922952 AND 5923052
	Bitmap Heap Scan on sbtest3  (cost=5.47..405.13 rows=101 width=125)
	  Recheck Cond: ((k >= 5922952) AND (k <= 5923052))
	  ->  Bitmap Index Scan on k_3  (cost=0.00..5.44 rows=101 width=0)
	        Index Cond: ((k >= 5922952) AND (k <= 5923052))

table 4 : explain SELECT k, c FROM sbtest4 WHERE k BETWEEN 5922952 AND 5923052
	Bitmap Heap Scan on sbtest4  (cost=5.53..428.75 rows=107 width=125)
	  Recheck Cond: ((k >= 5922952) AND (k <= 5923052))
	  ->  Bitmap Index Scan on k_4  (cost=0.00..5.50 rows=107 width=0)
	        Index Cond: ((k >= 5922952) AND (k <= 5923052))

table 5 : explain SELECT k, c FROM sbtest5 WHERE k BETWEEN 5922952 AND 5923052
	Bitmap Heap Scan on sbtest5  (cost=5.47..405.13 rows=101 width=125)
	  Recheck Cond: ((k >= 5922952) AND (k <= 5923052))
	  ->  Bitmap Index Scan on k_5  (cost=0.00..5.44 rows=101 width=0)
	        Index Cond: ((k >= 5922952) AND (k <= 5923052))

table 6 : explain SELECT k, c FROM sbtest6 WHERE k BETWEEN 5922952 AND 5923052
	Bitmap Heap Scan on sbtest6  (cost=5.44..393.31 rows=98 width=125)
	  Recheck Cond: ((k >= 5922952) AND (k <= 5923052))
	  ->  Bitmap Index Scan on k_6  (cost=0.00..5.42 rows=98 width=0)
	        Index Cond: ((k >= 5922952) AND (k <= 5923052))

table 7 : explain SELECT k, c FROM sbtest7 WHERE k BETWEEN 5922952 AND 5923052
	Bitmap Heap Scan on sbtest7  (cost=5.48..409.07 rows=102 width=125)
	  Recheck Cond: ((k >= 5922952) AND (k <= 5923052))
	  ->  Bitmap Index Scan on k_7  (cost=0.00..5.45 rows=102 width=0)
	        Index Cond: ((k >= 5922952) AND (k <= 5923052))

table 8 : explain SELECT k, c FROM sbtest8 WHERE k BETWEEN 5922952 AND 5923052
	Bitmap Heap Scan on sbtest8  (cost=5.51..420.88 rows=105 width=125)
	  Recheck Cond: ((k >= 5922952) AND (k <= 5923052))
	  ->  Bitmap Index Scan on k_8  (cost=0.00..5.48 rows=105 width=0)
	        Index Cond: ((k >= 5922952) AND (k <= 5923052))

explain: for range-notcovered :: explain SELECT k, c FROM sbtest%d WHERE k BETWEEN 5922952 AND 5923052
for range-notcovered
table 1 : explain SELECT k, c FROM sbtest1 WHERE k BETWEEN 7356040 AND 7356140
	Bitmap Heap Scan on sbtest1  (cost=5.37..365.72 rows=91 width=125)
	  Recheck Cond: ((k >= 7356040) AND (k <= 7356140))
	  ->  Bitmap Index Scan on k_1  (cost=0.00..5.34 rows=91 width=0)
	        Index Cond: ((k >= 7356040) AND (k <= 7356140))

table 2 : explain SELECT k, c FROM sbtest2 WHERE k BETWEEN 7356040 AND 7356140
	Bitmap Heap Scan on sbtest2  (cost=5.63..468.09 rows=117 width=125)
	  Recheck Cond: ((k >= 7356040) AND (k <= 7356140))
	  ->  Bitmap Index Scan on k_2  (cost=0.00..5.60 rows=117 width=0)
	        Index Cond: ((k >= 7356040) AND (k <= 7356140))

table 3 : explain SELECT k, c FROM sbtest3 WHERE k BETWEEN 7356040 AND 7356140
	Bitmap Heap Scan on sbtest3  (cost=5.50..416.94 rows=104 width=125)
	  Recheck Cond: ((k >= 7356040) AND (k <= 7356140))
	  ->  Bitmap Index Scan on k_3  (cost=0.00..5.47 rows=104 width=0)
	        Index Cond: ((k >= 7356040) AND (k <= 7356140))

table 4 : explain SELECT k, c FROM sbtest4 WHERE k BETWEEN 7356040 AND 7356140
	Bitmap Heap Scan on sbtest4  (cost=5.58..448.42 rows=112 width=125)
	  Recheck Cond: ((k >= 7356040) AND (k <= 7356140))
	  ->  Bitmap Index Scan on k_4  (cost=0.00..5.55 rows=112 width=0)
	        Index Cond: ((k >= 7356040) AND (k <= 7356140))

table 5 : explain SELECT k, c FROM sbtest5 WHERE k BETWEEN 7356040 AND 7356140
	Bitmap Heap Scan on sbtest5  (cost=5.42..385.43 rows=96 width=125)
	  Recheck Cond: ((k >= 7356040) AND (k <= 7356140))
	  ->  Bitmap Index Scan on k_5  (cost=0.00..5.39 rows=96 width=0)
	        Index Cond: ((k >= 7356040) AND (k <= 7356140))

table 6 : explain SELECT k, c FROM sbtest6 WHERE k BETWEEN 7356040 AND 7356140
	Bitmap Heap Scan on sbtest6  (cost=5.40..377.55 rows=94 width=125)
	  Recheck Cond: ((k >= 7356040) AND (k <= 7356140))
	  ->  Bitmap Index Scan on k_6  (cost=0.00..5.38 rows=94 width=0)
	        Index Cond: ((k >= 7356040) AND (k <= 7356140))

table 7 : explain SELECT k, c FROM sbtest7 WHERE k BETWEEN 7356040 AND 7356140
	Bitmap Heap Scan on sbtest7  (cost=5.47..405.13 rows=101 width=125)
	  Recheck Cond: ((k >= 7356040) AND (k <= 7356140))
	  ->  Bitmap Index Scan on k_7  (cost=0.00..5.44 rows=101 width=0)
	        Index Cond: ((k >= 7356040) AND (k <= 7356140))

table 8 : explain SELECT k, c FROM sbtest8 WHERE k BETWEEN 7356040 AND 7356140
	Bitmap Heap Scan on sbtest8  (cost=5.45..397.25 rows=99 width=125)
	  Recheck Cond: ((k >= 7356040) AND (k <= 7356140))
	  ->  Bitmap Index Scan on k_8  (cost=0.00..5.42 rows=99 width=0)
	        Index Cond: ((k >= 7356040) AND (k <= 7356140))

for range-notcovered
table 1 : explain SELECT k, c FROM sbtest1 WHERE k BETWEEN 5272393 AND 5272493
	Bitmap Heap Scan on sbtest1  (cost=5.58..448.42 rows=112 width=125)
	  Recheck Cond: ((k >= 5272393) AND (k <= 5272493))
	  ->  Bitmap Index Scan on k_1  (cost=0.00..5.55 rows=112 width=0)
	        Index Cond: ((k >= 5272393) AND (k <= 5272493))

table 2 : explain SELECT k, c FROM sbtest2 WHERE k BETWEEN 5272393 AND 5272493
	Bitmap Heap Scan on sbtest2  (cost=5.49..413.00 rows=103 width=125)
	  Recheck Cond: ((k >= 5272393) AND (k <= 5272493))
	  ->  Bitmap Index Scan on k_2  (cost=0.00..5.46 rows=103 width=0)
	        Index Cond: ((k >= 5272393) AND (k <= 5272493))

table 3 : explain SELECT k, c FROM sbtest3 WHERE k BETWEEN 5272393 AND 5272493
	Bitmap Heap Scan on sbtest3  (cost=5.43..389.37 rows=97 width=125)
	  Recheck Cond: ((k >= 5272393) AND (k <= 5272493))
	  ->  Bitmap Index Scan on k_3  (cost=0.00..5.40 rows=97 width=0)
	        Index Cond: ((k >= 5272393) AND (k <= 5272493))

table 4 : explain SELECT k, c FROM sbtest4 WHERE k BETWEEN 5272393 AND 5272493
	Bitmap Heap Scan on sbtest4  (cost=5.43..389.37 rows=97 width=125)
	  Recheck Cond: ((k >= 5272393) AND (k <= 5272493))
	  ->  Bitmap Index Scan on k_4  (cost=0.00..5.40 rows=97 width=0)
	        Index Cond: ((k >= 5272393) AND (k <= 5272493))

table 5 : explain SELECT k, c FROM sbtest5 WHERE k BETWEEN 5272393 AND 5272493
	Bitmap Heap Scan on sbtest5  (cost=5.48..409.07 rows=102 width=125)
	  Recheck Cond: ((k >= 5272393) AND (k <= 5272493))
	  ->  Bitmap Index Scan on k_5  (cost=0.00..5.45 rows=102 width=0)
	        Index Cond: ((k >= 5272393) AND (k <= 5272493))

table 6 : explain SELECT k, c FROM sbtest6 WHERE k BETWEEN 5272393 AND 5272493
	Bitmap Heap Scan on sbtest6  (cost=5.49..413.00 rows=103 width=125)
	  Recheck Cond: ((k >= 5272393) AND (k <= 5272493))
	  ->  Bitmap Index Scan on k_6  (cost=0.00..5.46 rows=103 width=0)
	        Index Cond: ((k >= 5272393) AND (k <= 5272493))

table 7 : explain SELECT k, c FROM sbtest7 WHERE k BETWEEN 5272393 AND 5272493
	Bitmap Heap Scan on sbtest7  (cost=5.46..401.19 rows=100 width=125)
	  Recheck Cond: ((k >= 5272393) AND (k <= 5272493))
	  ->  Bitmap Index Scan on k_7  (cost=0.00..5.43 rows=100 width=0)
	        Index Cond: ((k >= 5272393) AND (k <= 5272493))

table 8 : explain SELECT k, c FROM sbtest8 WHERE k BETWEEN 5272393 AND 5272493
	Bitmap Heap Scan on sbtest8  (cost=5.45..397.25 rows=99 width=125)
	  Recheck Cond: ((k >= 5272393) AND (k <= 5272493))
	  ->  Bitmap Index Scan on k_8  (cost=0.00..5.42 rows=99 width=0)
	        Index Cond: ((k >= 5272393) AND (k <= 5272493))

for range-notcovered
table 1 : explain SELECT k, c FROM sbtest1 WHERE k BETWEEN 1520381 AND 1520481
	Bitmap Heap Scan on sbtest1  (cost=5.56..440.56 rows=110 width=125)
	  Recheck Cond: ((k >= 1520381) AND (k <= 1520481))
	  ->  Bitmap Index Scan on k_1  (cost=0.00..5.53 rows=110 width=0)
	        Index Cond: ((k >= 1520381) AND (k <= 1520481))

table 2 : explain SELECT k, c FROM sbtest2 WHERE k BETWEEN 1520381 AND 1520481
	Bitmap Heap Scan on sbtest2  (cost=5.51..420.88 rows=105 width=125)
	  Recheck Cond: ((k >= 1520381) AND (k <= 1520481))
	  ->  Bitmap Index Scan on k_2  (cost=0.00..5.48 rows=105 width=0)
	        Index Cond: ((k >= 1520381) AND (k <= 1520481))

table 3 : explain SELECT k, c FROM sbtest3 WHERE k BETWEEN 1520381 AND 1520481
	Bitmap Heap Scan on sbtest3  (cost=5.42..385.43 rows=96 width=125)
	  Recheck Cond: ((k >= 1520381) AND (k <= 1520481))
	  ->  Bitmap Index Scan on k_3  (cost=0.00..5.39 rows=96 width=0)
	        Index Cond: ((k >= 1520381) AND (k <= 1520481))

table 4 : explain SELECT k, c FROM sbtest4 WHERE k BETWEEN 1520381 AND 1520481
	Bitmap Heap Scan on sbtest4  (cost=5.51..420.88 rows=105 width=125)
	  Recheck Cond: ((k >= 1520381) AND (k <= 1520481))
	  ->  Bitmap Index Scan on k_4  (cost=0.00..5.48 rows=105 width=0)
	        Index Cond: ((k >= 1520381) AND (k <= 1520481))

table 5 : explain SELECT k, c FROM sbtest5 WHERE k BETWEEN 1520381 AND 1520481
	Bitmap Heap Scan on sbtest5  (cost=5.47..405.13 rows=101 width=125)
	  Recheck Cond: ((k >= 1520381) AND (k <= 1520481))
	  ->  Bitmap Index Scan on k_5  (cost=0.00..5.44 rows=101 width=0)
	        Index Cond: ((k >= 1520381) AND (k <= 1520481))

table 6 : explain SELECT k, c FROM sbtest6 WHERE k BETWEEN 1520381 AND 1520481
	Bitmap Heap Scan on sbtest6  (cost=5.52..424.81 rows=106 width=125)
	  Recheck Cond: ((k >= 1520381) AND (k <= 1520481))
	  ->  Bitmap Index Scan on k_6  (cost=0.00..5.50 rows=106 width=0)
	        Index Cond: ((k >= 1520381) AND (k <= 1520481))

table 7 : explain SELECT k, c FROM sbtest7 WHERE k BETWEEN 1520381 AND 1520481
	Bitmap Heap Scan on sbtest7  (cost=5.46..401.19 rows=100 width=125)
	  Recheck Cond: ((k >= 1520381) AND (k <= 1520481))
	  ->  Bitmap Index Scan on k_7  (cost=0.00..5.43 rows=100 width=0)
	        Index Cond: ((k >= 1520381) AND (k <= 1520481))

table 8 : explain SELECT k, c FROM sbtest8 WHERE k BETWEEN 1520381 AND 1520481
	Bitmap Heap Scan on sbtest8  (cost=5.49..413.00 rows=103 width=125)
	  Recheck Cond: ((k >= 1520381) AND (k <= 1520481))
	  ->  Bitmap Index Scan on k_8  (cost=0.00..5.46 rows=103 width=0)
	        Index Cond: ((k >= 1520381) AND (k <= 1520481))

explain: for range-notcovered :: explain SELECT k, c FROM sbtest%d WHERE k BETWEEN 7356040 AND 7356140
for range-notcovered
table 1 : explain SELECT k, c FROM sbtest1 WHERE k BETWEEN 1676572 AND 1676672
	Bitmap Heap Scan on sbtest1  (cost=5.56..440.56 rows=110 width=125)
	  Recheck Cond: ((k >= 1676572) AND (k <= 1676672))
	  ->  Bitmap Index Scan on k_1  (cost=0.00..5.53 rows=110 width=0)
	        Index Cond: ((k >= 1676572) AND (k <= 1676672))

table 2 : explain SELECT k, c FROM sbtest2 WHERE k BETWEEN 1676572 AND 1676672
	Bitmap Heap Scan on sbtest2  (cost=5.47..405.13 rows=101 width=125)
	  Recheck Cond: ((k >= 1676572) AND (k <= 1676672))
	  ->  Bitmap Index Scan on k_2  (cost=0.00..5.44 rows=101 width=0)
	        Index Cond: ((k >= 1676572) AND (k <= 1676672))

table 3 : explain SELECT k, c FROM sbtest3 WHERE k BETWEEN 1676572 AND 1676672
	Bitmap Heap Scan on sbtest3  (cost=5.56..440.56 rows=110 width=125)
	  Recheck Cond: ((k >= 1676572) AND (k <= 1676672))
	  ->  Bitmap Index Scan on k_3  (cost=0.00..5.53 rows=110 width=0)
	        Index Cond: ((k >= 1676572) AND (k <= 1676672))

table 4 : explain SELECT k, c FROM sbtest4 WHERE k BETWEEN 1676572 AND 1676672
	Bitmap Heap Scan on sbtest4  (cost=5.43..389.37 rows=97 width=125)
	  Recheck Cond: ((k >= 1676572) AND (k <= 1676672))
	  ->  Bitmap Index Scan on k_4  (cost=0.00..5.40 rows=97 width=0)
	        Index Cond: ((k >= 1676572) AND (k <= 1676672))

table 5 : explain SELECT k, c FROM sbtest5 WHERE k BETWEEN 1676572 AND 1676672
	Bitmap Heap Scan on sbtest5  (cost=5.38..369.67 rows=92 width=125)
	  Recheck Cond: ((k >= 1676572) AND (k <= 1676672))
	  ->  Bitmap Index Scan on k_5  (cost=0.00..5.35 rows=92 width=0)
	        Index Cond: ((k >= 1676572) AND (k <= 1676672))

table 6 : explain SELECT k, c FROM sbtest6 WHERE k BETWEEN 1676572 AND 1676672
	Bitmap Heap Scan on sbtest6  (cost=5.47..405.13 rows=101 width=125)
	  Recheck Cond: ((k >= 1676572) AND (k <= 1676672))
	  ->  Bitmap Index Scan on k_6  (cost=0.00..5.44 rows=101 width=0)
	        Index Cond: ((k >= 1676572) AND (k <= 1676672))

table 7 : explain SELECT k, c FROM sbtest7 WHERE k BETWEEN 1676572 AND 1676672
	Bitmap Heap Scan on sbtest7  (cost=5.57..444.49 rows=111 width=125)
	  Recheck Cond: ((k >= 1676572) AND (k <= 1676672))
	  ->  Bitmap Index Scan on k_7  (cost=0.00..5.54 rows=111 width=0)
	        Index Cond: ((k >= 1676572) AND (k <= 1676672))

table 8 : explain SELECT k, c FROM sbtest8 WHERE k BETWEEN 1676572 AND 1676672
	Bitmap Heap Scan on sbtest8  (cost=5.50..416.94 rows=104 width=125)
	  Recheck Cond: ((k >= 1676572) AND (k <= 1676672))
	  ->  Bitmap Index Scan on k_8  (cost=0.00..5.47 rows=104 width=0)
	        Index Cond: ((k >= 1676572) AND (k <= 1676672))

explain: for range-notcovered :: explain SELECT k, c FROM sbtest%d WHERE k BETWEEN 1676572 AND 1676672
for range-notcovered
table 1 : explain SELECT k, c FROM sbtest1 WHERE k BETWEEN 5922952 AND 5923052
	Bitmap Heap Scan on sbtest1  (cost=5.47..405.13 rows=101 width=125)
	  Recheck Cond: ((k >= 5922952) AND (k <= 5923052))
	  ->  Bitmap Index Scan on k_1  (cost=0.00..5.44 rows=101 width=0)
	        Index Cond: ((k >= 5922952) AND (k <= 5923052))

table 2 : explain SELECT k, c FROM sbtest2 WHERE k BETWEEN 5922952 AND 5923052
	Bitmap Heap Scan on sbtest2  (cost=5.47..405.13 rows=101 width=125)
	  Recheck Cond: ((k >= 5922952) AND (k <= 5923052))
	  ->  Bitmap Index Scan on k_2  (cost=0.00..5.44 rows=101 width=0)
	        Index Cond: ((k >= 5922952) AND (k <= 5923052))

table 3 : explain SELECT k, c FROM sbtest3 WHERE k BETWEEN 5922952 AND 5923052
	Bitmap Heap Scan on sbtest3  (cost=5.47..405.13 rows=101 width=125)
	  Recheck Cond: ((k >= 5922952) AND (k <= 5923052))
	  ->  Bitmap Index Scan on k_3  (cost=0.00..5.44 rows=101 width=0)
	        Index Cond: ((k >= 5922952) AND (k <= 5923052))

table 4 : explain SELECT k, c FROM sbtest4 WHERE k BETWEEN 5922952 AND 5923052
	Bitmap Heap Scan on sbtest4  (cost=5.53..428.75 rows=107 width=125)
	  Recheck Cond: ((k >= 5922952) AND (k <= 5923052))
	  ->  Bitmap Index Scan on k_4  (cost=0.00..5.50 rows=107 width=0)
	        Index Cond: ((k >= 5922952) AND (k <= 5923052))

table 5 : explain SELECT k, c FROM sbtest5 WHERE k BETWEEN 5922952 AND 5923052
	Bitmap Heap Scan on sbtest5  (cost=5.47..405.13 rows=101 width=125)
	  Recheck Cond: ((k >= 5922952) AND (k <= 5923052))
	  ->  Bitmap Index Scan on k_5  (cost=0.00..5.44 rows=101 width=0)
	        Index Cond: ((k >= 5922952) AND (k <= 5923052))

table 6 : explain SELECT k, c FROM sbtest6 WHERE k BETWEEN 5922952 AND 5923052
	Bitmap Heap Scan on sbtest6  (cost=5.44..393.31 rows=98 width=125)
	  Recheck Cond: ((k >= 5922952) AND (k <= 5923052))
	  ->  Bitmap Index Scan on k_6  (cost=0.00..5.42 rows=98 width=0)
	        Index Cond: ((k >= 5922952) AND (k <= 5923052))

table 7 : explain SELECT k, c FROM sbtest7 WHERE k BETWEEN 5922952 AND 5923052
	Bitmap Heap Scan on sbtest7  (cost=5.48..409.07 rows=102 width=125)
	  Recheck Cond: ((k >= 5922952) AND (k <= 5923052))
	  ->  Bitmap Index Scan on k_7  (cost=0.00..5.45 rows=102 width=0)
	        Index Cond: ((k >= 5922952) AND (k <= 5923052))

table 8 : explain SELECT k, c FROM sbtest8 WHERE k BETWEEN 5922952 AND 5923052
	Bitmap Heap Scan on sbtest8  (cost=5.51..420.88 rows=105 width=125)
	  Recheck Cond: ((k >= 5922952) AND (k <= 5923052))
	  ->  Bitmap Index Scan on k_8  (cost=0.00..5.48 rows=105 width=0)
	        Index Cond: ((k >= 5922952) AND (k <= 5923052))

explain: for range-notcovered :: explain SELECT k, c FROM sbtest%d WHERE k BETWEEN 4105512 AND 4105612
explain: for range-notcovered :: explain SELECT k, c FROM sbtest%d WHERE k BETWEEN 5922952 AND 5923052
for range-notcovered
table 1 : explain SELECT k, c FROM sbtest1 WHERE k BETWEEN 1676572 AND 1676672
	Bitmap Heap Scan on sbtest1  (cost=5.56..440.56 rows=110 width=125)
	  Recheck Cond: ((k >= 1676572) AND (k <= 1676672))
	  ->  Bitmap Index Scan on k_1  (cost=0.00..5.53 rows=110 width=0)
	        Index Cond: ((k >= 1676572) AND (k <= 1676672))

table 2 : explain SELECT k, c FROM sbtest2 WHERE k BETWEEN 1676572 AND 1676672
	Bitmap Heap Scan on sbtest2  (cost=5.47..405.13 rows=101 width=125)
	  Recheck Cond: ((k >= 1676572) AND (k <= 1676672))
	  ->  Bitmap Index Scan on k_2  (cost=0.00..5.44 rows=101 width=0)
	        Index Cond: ((k >= 1676572) AND (k <= 1676672))

table 3 : explain SELECT k, c FROM sbtest3 WHERE k BETWEEN 1676572 AND 1676672
	Bitmap Heap Scan on sbtest3  (cost=5.56..440.56 rows=110 width=125)
	  Recheck Cond: ((k >= 1676572) AND (k <= 1676672))
	  ->  Bitmap Index Scan on k_3  (cost=0.00..5.53 rows=110 width=0)
	        Index Cond: ((k >= 1676572) AND (k <= 1676672))

table 4 : explain SELECT k, c FROM sbtest4 WHERE k BETWEEN 1676572 AND 1676672
	Bitmap Heap Scan on sbtest4  (cost=5.43..389.37 rows=97 width=125)
	  Recheck Cond: ((k >= 1676572) AND (k <= 1676672))
	  ->  Bitmap Index Scan on k_4  (cost=0.00..5.40 rows=97 width=0)
	        Index Cond: ((k >= 1676572) AND (k <= 1676672))

table 5 : explain SELECT k, c FROM sbtest5 WHERE k BETWEEN 1676572 AND 1676672
	Bitmap Heap Scan on sbtest5  (cost=5.38..369.67 rows=92 width=125)
	  Recheck Cond: ((k >= 1676572) AND (k <= 1676672))
	  ->  Bitmap Index Scan on k_5  (cost=0.00..5.35 rows=92 width=0)
	        Index Cond: ((k >= 1676572) AND (k <= 1676672))

table 6 : explain SELECT k, c FROM sbtest6 WHERE k BETWEEN 1676572 AND 1676672
	Bitmap Heap Scan on sbtest6  (cost=5.47..405.13 rows=101 width=125)
	  Recheck Cond: ((k >= 1676572) AND (k <= 1676672))
	  ->  Bitmap Index Scan on k_6  (cost=0.00..5.44 rows=101 width=0)
	        Index Cond: ((k >= 1676572) AND (k <= 1676672))

table 7 : explain SELECT k, c FROM sbtest7 WHERE k BETWEEN 1676572 AND 1676672
	Bitmap Heap Scan on sbtest7  (cost=5.57..444.49 rows=111 width=125)
	  Recheck Cond: ((k >= 1676572) AND (k <= 1676672))
	  ->  Bitmap Index Scan on k_7  (cost=0.00..5.54 rows=111 width=0)
	        Index Cond: ((k >= 1676572) AND (k <= 1676672))

table 8 : explain SELECT k, c FROM sbtest8 WHERE k BETWEEN 1676572 AND 1676672
	Bitmap Heap Scan on sbtest8  (cost=5.50..416.94 rows=104 width=125)
	  Recheck Cond: ((k >= 1676572) AND (k <= 1676672))
	  ->  Bitmap Index Scan on k_8  (cost=0.00..5.47 rows=104 width=0)
	        Index Cond: ((k >= 1676572) AND (k <= 1676672))

explain: for range-notcovered :: explain SELECT k, c FROM sbtest%d WHERE k BETWEEN 1676572 AND 1676672
for range-notcovered
table 1 : explain SELECT k, c FROM sbtest1 WHERE k BETWEEN 5922952 AND 5923052
	Bitmap Heap Scan on sbtest1  (cost=5.47..405.13 rows=101 width=125)
	  Recheck Cond: ((k >= 5922952) AND (k <= 5923052))
	  ->  Bitmap Index Scan on k_1  (cost=0.00..5.44 rows=101 width=0)
	        Index Cond: ((k >= 5922952) AND (k <= 5923052))

table 2 : explain SELECT k, c FROM sbtest2 WHERE k BETWEEN 5922952 AND 5923052
	Bitmap Heap Scan on sbtest2  (cost=5.47..405.13 rows=101 width=125)
	  Recheck Cond: ((k >= 5922952) AND (k <= 5923052))
	  ->  Bitmap Index Scan on k_2  (cost=0.00..5.44 rows=101 width=0)
	        Index Cond: ((k >= 5922952) AND (k <= 5923052))

table 3 : explain SELECT k, c FROM sbtest3 WHERE k BETWEEN 5922952 AND 5923052
	Bitmap Heap Scan on sbtest3  (cost=5.47..405.13 rows=101 width=125)
	  Recheck Cond: ((k >= 5922952) AND (k <= 5923052))
	  ->  Bitmap Index Scan on k_3  (cost=0.00..5.44 rows=101 width=0)
	        Index Cond: ((k >= 5922952) AND (k <= 5923052))

table 4 : explain SELECT k, c FROM sbtest4 WHERE k BETWEEN 5922952 AND 5923052
	Bitmap Heap Scan on sbtest4  (cost=5.53..428.75 rows=107 width=125)
	  Recheck Cond: ((k >= 5922952) AND (k <= 5923052))
	  ->  Bitmap Index Scan on k_4  (cost=0.00..5.50 rows=107 width=0)
	        Index Cond: ((k >= 5922952) AND (k <= 5923052))

table 5 : explain SELECT k, c FROM sbtest5 WHERE k BETWEEN 5922952 AND 5923052
	Bitmap Heap Scan on sbtest5  (cost=5.47..405.13 rows=101 width=125)
	  Recheck Cond: ((k >= 5922952) AND (k <= 5923052))
	  ->  Bitmap Index Scan on k_5  (cost=0.00..5.44 rows=101 width=0)
	        Index Cond: ((k >= 5922952) AND (k <= 5923052))

table 6 : explain SELECT k, c FROM sbtest6 WHERE k BETWEEN 5922952 AND 5923052
	Bitmap Heap Scan on sbtest6  (cost=5.44..393.31 rows=98 width=125)
	  Recheck Cond: ((k >= 5922952) AND (k <= 5923052))
	  ->  Bitmap Index Scan on k_6  (cost=0.00..5.42 rows=98 width=0)
	        Index Cond: ((k >= 5922952) AND (k <= 5923052))

table 7 : explain SELECT k, c FROM sbtest7 WHERE k BETWEEN 5922952 AND 5923052
	Bitmap Heap Scan on sbtest7  (cost=5.48..409.07 rows=102 width=125)
	  Recheck Cond: ((k >= 5922952) AND (k <= 5923052))
	  ->  Bitmap Index Scan on k_7  (cost=0.00..5.45 rows=102 width=0)
	        Index Cond: ((k >= 5922952) AND (k <= 5923052))

table 8 : explain SELECT k, c FROM sbtest8 WHERE k BETWEEN 5922952 AND 5923052
	Bitmap Heap Scan on sbtest8  (cost=5.51..420.88 rows=105 width=125)
	  Recheck Cond: ((k >= 5922952) AND (k <= 5923052))
	  ->  Bitmap Index Scan on k_8  (cost=0.00..5.48 rows=105 width=0)
	        Index Cond: ((k >= 5922952) AND (k <= 5923052))

explain: for range-notcovered :: explain SELECT k, c FROM sbtest%d WHERE k BETWEEN 5922952 AND 5923052
for range-notcovered
table 1 : explain SELECT k, c FROM sbtest1 WHERE k BETWEEN 2729014 AND 2729114
	Bitmap Heap Scan on sbtest1  (cost=5.44..393.31 rows=98 width=125)
	  Recheck Cond: ((k >= 2729014) AND (k <= 2729114))
	  ->  Bitmap Index Scan on k_1  (cost=0.00..5.42 rows=98 width=0)
	        Index Cond: ((k >= 2729014) AND (k <= 2729114))

table 2 : explain SELECT k, c FROM sbtest2 WHERE k BETWEEN 2729014 AND 2729114
	Bitmap Heap Scan on sbtest2  (cost=5.48..409.07 rows=102 width=125)
	  Recheck Cond: ((k >= 2729014) AND (k <= 2729114))
	  ->  Bitmap Index Scan on k_2  (cost=0.00..5.45 rows=102 width=0)
	        Index Cond: ((k >= 2729014) AND (k <= 2729114))

table 3 : explain SELECT k, c FROM sbtest3 WHERE k BETWEEN 2729014 AND 2729114
	Bitmap Heap Scan on sbtest3  (cost=5.43..389.37 rows=97 width=125)
	  Recheck Cond: ((k >= 2729014) AND (k <= 2729114))
	  ->  Bitmap Index Scan on k_3  (cost=0.00..5.40 rows=97 width=0)
	        Index Cond: ((k >= 2729014) AND (k <= 2729114))

table 4 : explain SELECT k, c FROM sbtest4 WHERE k BETWEEN 2729014 AND 2729114
	Bitmap Heap Scan on sbtest4  (cost=5.40..377.55 rows=94 width=125)
	  Recheck Cond: ((k >= 2729014) AND (k <= 2729114))
	  ->  Bitmap Index Scan on k_4  (cost=0.00..5.38 rows=94 width=0)
	        Index Cond: ((k >= 2729014) AND (k <= 2729114))

table 5 : explain SELECT k, c FROM sbtest5 WHERE k BETWEEN 2729014 AND 2729114
	Bitmap Heap Scan on sbtest5  (cost=5.53..428.75 rows=107 width=125)
	  Recheck Cond: ((k >= 2729014) AND (k <= 2729114))
	  ->  Bitmap Index Scan on k_5  (cost=0.00..5.50 rows=107 width=0)
	        Index Cond: ((k >= 2729014) AND (k <= 2729114))

table 6 : explain SELECT k, c FROM sbtest6 WHERE k BETWEEN 2729014 AND 2729114
	Bitmap Heap Scan on sbtest6  (cost=5.62..464.15 rows=116 width=125)
	  Recheck Cond: ((k >= 2729014) AND (k <= 2729114))
	  ->  Bitmap Index Scan on k_6  (cost=0.00..5.59 rows=116 width=0)
	        Index Cond: ((k >= 2729014) AND (k <= 2729114))

table 7 : explain SELECT k, c FROM sbtest7 WHERE k BETWEEN 2729014 AND 2729114
	Bitmap Heap Scan on sbtest7  (cost=5.54..432.69 rows=108 width=125)
	  Recheck Cond: ((k >= 2729014) AND (k <= 2729114))
	  ->  Bitmap Index Scan on k_7  (cost=0.00..5.51 rows=108 width=0)
	        Index Cond: ((k >= 2729014) AND (k <= 2729114))

table 8 : explain SELECT k, c FROM sbtest8 WHERE k BETWEEN 2729014 AND 2729114
	Bitmap Heap Scan on sbtest8  (cost=5.52..424.81 rows=106 width=125)
	  Recheck Cond: ((k >= 2729014) AND (k <= 2729114))
	  ->  Bitmap Index Scan on k_8  (cost=0.00..5.50 rows=106 width=0)
	        Index Cond: ((k >= 2729014) AND (k <= 2729114))

explain: for range-notcovered :: explain SELECT k, c FROM sbtest%d WHERE k BETWEEN 2729014 AND 2729114
for range-notcovered
table 1 : explain SELECT k, c FROM sbtest1 WHERE k BETWEEN 7356040 AND 7356140
	Bitmap Heap Scan on sbtest1  (cost=5.37..365.72 rows=91 width=125)
	  Recheck Cond: ((k >= 7356040) AND (k <= 7356140))
	  ->  Bitmap Index Scan on k_1  (cost=0.00..5.34 rows=91 width=0)
	        Index Cond: ((k >= 7356040) AND (k <= 7356140))

table 2 : explain SELECT k, c FROM sbtest2 WHERE k BETWEEN 7356040 AND 7356140
	Bitmap Heap Scan on sbtest2  (cost=5.63..468.09 rows=117 width=125)
	  Recheck Cond: ((k >= 7356040) AND (k <= 7356140))
	  ->  Bitmap Index Scan on k_2  (cost=0.00..5.60 rows=117 width=0)
	        Index Cond: ((k >= 7356040) AND (k <= 7356140))

table 3 : explain SELECT k, c FROM sbtest3 WHERE k BETWEEN 7356040 AND 7356140
	Bitmap Heap Scan on sbtest3  (cost=5.50..416.94 rows=104 width=125)
	  Recheck Cond: ((k >= 7356040) AND (k <= 7356140))
	  ->  Bitmap Index Scan on k_3  (cost=0.00..5.47 rows=104 width=0)
	        Index Cond: ((k >= 7356040) AND (k <= 7356140))

table 4 : explain SELECT k, c FROM sbtest4 WHERE k BETWEEN 7356040 AND 7356140
	Bitmap Heap Scan on sbtest4  (cost=5.58..448.42 rows=112 width=125)
	  Recheck Cond: ((k >= 7356040) AND (k <= 7356140))
	  ->  Bitmap Index Scan on k_4  (cost=0.00..5.55 rows=112 width=0)
	        Index Cond: ((k >= 7356040) AND (k <= 7356140))

table 5 : explain SELECT k, c FROM sbtest5 WHERE k BETWEEN 7356040 AND 7356140
	Bitmap Heap Scan on sbtest5  (cost=5.42..385.43 rows=96 width=125)
	  Recheck Cond: ((k >= 7356040) AND (k <= 7356140))
	  ->  Bitmap Index Scan on k_5  (cost=0.00..5.39 rows=96 width=0)
	        Index Cond: ((k >= 7356040) AND (k <= 7356140))

table 6 : explain SELECT k, c FROM sbtest6 WHERE k BETWEEN 7356040 AND 7356140
	Bitmap Heap Scan on sbtest6  (cost=5.40..377.55 rows=94 width=125)
	  Recheck Cond: ((k >= 7356040) AND (k <= 7356140))
	  ->  Bitmap Index Scan on k_6  (cost=0.00..5.38 rows=94 width=0)
	        Index Cond: ((k >= 7356040) AND (k <= 7356140))

table 7 : explain SELECT k, c FROM sbtest7 WHERE k BETWEEN 7356040 AND 7356140
	Bitmap Heap Scan on sbtest7  (cost=5.47..405.13 rows=101 width=125)
	  Recheck Cond: ((k >= 7356040) AND (k <= 7356140))
	  ->  Bitmap Index Scan on k_7  (cost=0.00..5.44 rows=101 width=0)
	        Index Cond: ((k >= 7356040) AND (k <= 7356140))

table 8 : explain SELECT k, c FROM sbtest8 WHERE k BETWEEN 7356040 AND 7356140
	Bitmap Heap Scan on sbtest8  (cost=5.45..397.25 rows=99 width=125)
	  Recheck Cond: ((k >= 7356040) AND (k <= 7356140))
	  ->  Bitmap Index Scan on k_8  (cost=0.00..5.42 rows=99 width=0)
	        Index Cond: ((k >= 7356040) AND (k <= 7356140))

for range-notcovered
table 1 : explain SELECT k, c FROM sbtest1 WHERE k BETWEEN 5571154 AND 5571254
	Bitmap Heap Scan on sbtest1  (cost=5.46..401.19 rows=100 width=125)
	  Recheck Cond: ((k >= 5571154) AND (k <= 5571254))
	  ->  Bitmap Index Scan on k_1  (cost=0.00..5.43 rows=100 width=0)
	        Index Cond: ((k >= 5571154) AND (k <= 5571254))

table 2 : explain SELECT k, c FROM sbtest2 WHERE k BETWEEN 5571154 AND 5571254
	Bitmap Heap Scan on sbtest2  (cost=5.49..413.00 rows=103 width=125)
	  Recheck Cond: ((k >= 5571154) AND (k <= 5571254))
	  ->  Bitmap Index Scan on k_2  (cost=0.00..5.46 rows=103 width=0)
	        Index Cond: ((k >= 5571154) AND (k <= 5571254))

table 3 : explain SELECT k, c FROM sbtest3 WHERE k BETWEEN 5571154 AND 5571254
	Bitmap Heap Scan on sbtest3  (cost=5.44..393.31 rows=98 width=125)
	  Recheck Cond: ((k >= 5571154) AND (k <= 5571254))
	  ->  Bitmap Index Scan on k_3  (cost=0.00..5.42 rows=98 width=0)
	        Index Cond: ((k >= 5571154) AND (k <= 5571254))

table 4 : explain SELECT k, c FROM sbtest4 WHERE k BETWEEN 5571154 AND 5571254
	Bitmap Heap Scan on sbtest4  (cost=5.41..381.49 rows=95 width=125)
	  Recheck Cond: ((k >= 5571154) AND (k <= 5571254))
	  ->  Bitmap Index Scan on k_4  (cost=0.00..5.38 rows=95 width=0)
	        Index Cond: ((k >= 5571154) AND (k <= 5571254))

table 5 : explain SELECT k, c FROM sbtest5 WHERE k BETWEEN 5571154 AND 5571254
	Bitmap Heap Scan on sbtest5  (cost=5.47..405.13 rows=101 width=125)
	  Recheck Cond: ((k >= 5571154) AND (k <= 5571254))
	  ->  Bitmap Index Scan on k_5  (cost=0.00..5.44 rows=101 width=0)
	        Index Cond: ((k >= 5571154) AND (k <= 5571254))

table 6 : explain SELECT k, c FROM sbtest6 WHERE k BETWEEN 5571154 AND 5571254
	Bitmap Heap Scan on sbtest6  (cost=5.62..464.15 rows=116 width=125)
	  Recheck Cond: ((k >= 5571154) AND (k <= 5571254))
	  ->  Bitmap Index Scan on k_6  (cost=0.00..5.59 rows=116 width=0)
	        Index Cond: ((k >= 5571154) AND (k <= 5571254))

table 7 : explain SELECT k, c FROM sbtest7 WHERE k BETWEEN 5571154 AND 5571254
	Bitmap Heap Scan on sbtest7  (cost=5.41..381.49 rows=95 width=125)
	  Recheck Cond: ((k >= 5571154) AND (k <= 5571254))
	  ->  Bitmap Index Scan on k_7  (cost=0.00..5.38 rows=95 width=0)
	        Index Cond: ((k >= 5571154) AND (k <= 5571254))

table 8 : explain SELECT k, c FROM sbtest8 WHERE k BETWEEN 5571154 AND 5571254
	Bitmap Heap Scan on sbtest8  (cost=5.42..385.43 rows=96 width=125)
	  Recheck Cond: ((k >= 5571154) AND (k <= 5571254))
	  ->  Bitmap Index Scan on k_8  (cost=0.00..5.39 rows=96 width=0)
	        Index Cond: ((k >= 5571154) AND (k <= 5571254))

for range-notcovered
table 1 : explain SELECT k, c FROM sbtest1 WHERE k BETWEEN 1676572 AND 1676672
	Bitmap Heap Scan on sbtest1  (cost=5.56..440.56 rows=110 width=125)
	  Recheck Cond: ((k >= 1676572) AND (k <= 1676672))
	  ->  Bitmap Index Scan on k_1  (cost=0.00..5.53 rows=110 width=0)
	        Index Cond: ((k >= 1676572) AND (k <= 1676672))

table 2 : explain SELECT k, c FROM sbtest2 WHERE k BETWEEN 1676572 AND 1676672
	Bitmap Heap Scan on sbtest2  (cost=5.47..405.13 rows=101 width=125)
	  Recheck Cond: ((k >= 1676572) AND (k <= 1676672))
	  ->  Bitmap Index Scan on k_2  (cost=0.00..5.44 rows=101 width=0)
	        Index Cond: ((k >= 1676572) AND (k <= 1676672))

table 3 : explain SELECT k, c FROM sbtest3 WHERE k BETWEEN 1676572 AND 1676672
	Bitmap Heap Scan on sbtest3  (cost=5.56..440.56 rows=110 width=125)
	  Recheck Cond: ((k >= 1676572) AND (k <= 1676672))
	  ->  Bitmap Index Scan on k_3  (cost=0.00..5.53 rows=110 width=0)
	        Index Cond: ((k >= 1676572) AND (k <= 1676672))

table 4 : explain SELECT k, c FROM sbtest4 WHERE k BETWEEN 1676572 AND 1676672
	Bitmap Heap Scan on sbtest4  (cost=5.43..389.37 rows=97 width=125)
	  Recheck Cond: ((k >= 1676572) AND (k <= 1676672))
	  ->  Bitmap Index Scan on k_4  (cost=0.00..5.40 rows=97 width=0)
	        Index Cond: ((k >= 1676572) AND (k <= 1676672))

table 5 : explain SELECT k, c FROM sbtest5 WHERE k BETWEEN 1676572 AND 1676672
	Bitmap Heap Scan on sbtest5  (cost=5.38..369.67 rows=92 width=125)
	  Recheck Cond: ((k >= 1676572) AND (k <= 1676672))
	  ->  Bitmap Index Scan on k_5  (cost=0.00..5.35 rows=92 width=0)
	        Index Cond: ((k >= 1676572) AND (k <= 1676672))

table 6 : explain SELECT k, c FROM sbtest6 WHERE k BETWEEN 1676572 AND 1676672
	Bitmap Heap Scan on sbtest6  (cost=5.47..405.13 rows=101 width=125)
	  Recheck Cond: ((k >= 1676572) AND (k <= 1676672))
	  ->  Bitmap Index Scan on k_6  (cost=0.00..5.44 rows=101 width=0)
	        Index Cond: ((k >= 1676572) AND (k <= 1676672))

table 7 : explain SELECT k, c FROM sbtest7 WHERE k BETWEEN 1676572 AND 1676672
	Bitmap Heap Scan on sbtest7  (cost=5.57..444.49 rows=111 width=125)
	  Recheck Cond: ((k >= 1676572) AND (k <= 1676672))
	  ->  Bitmap Index Scan on k_7  (cost=0.00..5.54 rows=111 width=0)
	        Index Cond: ((k >= 1676572) AND (k <= 1676672))

table 8 : explain SELECT k, c FROM sbtest8 WHERE k BETWEEN 1676572 AND 1676672
	Bitmap Heap Scan on sbtest8  (cost=5.50..416.94 rows=104 width=125)
	  Recheck Cond: ((k >= 1676572) AND (k <= 1676672))
	  ->  Bitmap Index Scan on k_8  (cost=0.00..5.47 rows=104 width=0)
	        Index Cond: ((k >= 1676572) AND (k <= 1676672))

explain: for range-notcovered :: explain SELECT k, c FROM sbtest%d WHERE k BETWEEN 7356040 AND 7356140
explain: for range-notcovered :: explain SELECT k, c FROM sbtest%d WHERE k BETWEEN 1676572 AND 1676672
for range-notcovered
table 1 : explain SELECT k, c FROM sbtest1 WHERE k BETWEEN 5922952 AND 5923052
	Bitmap Heap Scan on sbtest1  (cost=5.47..405.13 rows=101 width=125)
	  Recheck Cond: ((k >= 5922952) AND (k <= 5923052))
	  ->  Bitmap Index Scan on k_1  (cost=0.00..5.44 rows=101 width=0)
	        Index Cond: ((k >= 5922952) AND (k <= 5923052))

table 2 : explain SELECT k, c FROM sbtest2 WHERE k BETWEEN 5922952 AND 5923052
	Bitmap Heap Scan on sbtest2  (cost=5.47..405.13 rows=101 width=125)
	  Recheck Cond: ((k >= 5922952) AND (k <= 5923052))
	  ->  Bitmap Index Scan on k_2  (cost=0.00..5.44 rows=101 width=0)
	        Index Cond: ((k >= 5922952) AND (k <= 5923052))

table 3 : explain SELECT k, c FROM sbtest3 WHERE k BETWEEN 5922952 AND 5923052
	Bitmap Heap Scan on sbtest3  (cost=5.47..405.13 rows=101 width=125)
	  Recheck Cond: ((k >= 5922952) AND (k <= 5923052))
	  ->  Bitmap Index Scan on k_3  (cost=0.00..5.44 rows=101 width=0)
	        Index Cond: ((k >= 5922952) AND (k <= 5923052))

table 4 : explain SELECT k, c FROM sbtest4 WHERE k BETWEEN 5922952 AND 5923052
	Bitmap Heap Scan on sbtest4  (cost=5.53..428.75 rows=107 width=125)
	  Recheck Cond: ((k >= 5922952) AND (k <= 5923052))
	  ->  Bitmap Index Scan on k_4  (cost=0.00..5.50 rows=107 width=0)
	        Index Cond: ((k >= 5922952) AND (k <= 5923052))

table 5 : explain SELECT k, c FROM sbtest5 WHERE k BETWEEN 5922952 AND 5923052
	Bitmap Heap Scan on sbtest5  (cost=5.47..405.13 rows=101 width=125)
	  Recheck Cond: ((k >= 5922952) AND (k <= 5923052))
	  ->  Bitmap Index Scan on k_5  (cost=0.00..5.44 rows=101 width=0)
	        Index Cond: ((k >= 5922952) AND (k <= 5923052))

table 6 : explain SELECT k, c FROM sbtest6 WHERE k BETWEEN 5922952 AND 5923052
	Bitmap Heap Scan on sbtest6  (cost=5.44..393.31 rows=98 width=125)
	  Recheck Cond: ((k >= 5922952) AND (k <= 5923052))
	  ->  Bitmap Index Scan on k_6  (cost=0.00..5.42 rows=98 width=0)
	        Index Cond: ((k >= 5922952) AND (k <= 5923052))

table 7 : explain SELECT k, c FROM sbtest7 WHERE k BETWEEN 5922952 AND 5923052
	Bitmap Heap Scan on sbtest7  (cost=5.48..409.07 rows=102 width=125)
	  Recheck Cond: ((k >= 5922952) AND (k <= 5923052))
	  ->  Bitmap Index Scan on k_7  (cost=0.00..5.45 rows=102 width=0)
	        Index Cond: ((k >= 5922952) AND (k <= 5923052))

table 8 : explain SELECT k, c FROM sbtest8 WHERE k BETWEEN 5922952 AND 5923052
	Bitmap Heap Scan on sbtest8  (cost=5.51..420.88 rows=105 width=125)
	  Recheck Cond: ((k >= 5922952) AND (k <= 5923052))
	  ->  Bitmap Index Scan on k_8  (cost=0.00..5.48 rows=105 width=0)
	        Index Cond: ((k >= 5922952) AND (k <= 5923052))

for range-notcovered
table 1 : explain SELECT k, c FROM sbtest1 WHERE k BETWEEN 5331567 AND 5331667
	Bitmap Heap Scan on sbtest1  (cost=5.58..448.42 rows=112 width=125)
	  Recheck Cond: ((k >= 5331567) AND (k <= 5331667))
	  ->  Bitmap Index Scan on k_1  (cost=0.00..5.55 rows=112 width=0)
	        Index Cond: ((k >= 5331567) AND (k <= 5331667))

table 2 : explain SELECT k, c FROM sbtest2 WHERE k BETWEEN 5331567 AND 5331667
	Bitmap Heap Scan on sbtest2  (cost=5.57..444.49 rows=111 width=125)
	  Recheck Cond: ((k >= 5331567) AND (k <= 5331667))
	  ->  Bitmap Index Scan on k_2  (cost=0.00..5.54 rows=111 width=0)
	        Index Cond: ((k >= 5331567) AND (k <= 5331667))

table 3 : explain SELECT k, c FROM sbtest3 WHERE k BETWEEN 5331567 AND 5331667
	Bitmap Heap Scan on sbtest3  (cost=5.43..389.37 rows=97 width=125)
	  Recheck Cond: ((k >= 5331567) AND (k <= 5331667))
	  ->  Bitmap Index Scan on k_3  (cost=0.00..5.40 rows=97 width=0)
	        Index Cond: ((k >= 5331567) AND (k <= 5331667))

table 4 : explain SELECT k, c FROM sbtest4 WHERE k BETWEEN 5331567 AND 5331667
	Bitmap Heap Scan on sbtest4  (cost=5.48..409.07 rows=102 width=125)
	  Recheck Cond: ((k >= 5331567) AND (k <= 5331667))
	  ->  Bitmap Index Scan on k_4  (cost=0.00..5.45 rows=102 width=0)
	        Index Cond: ((k >= 5331567) AND (k <= 5331667))

table 5 : explain SELECT k, c FROM sbtest5 WHERE k BETWEEN 5331567 AND 5331667
	Bitmap Heap Scan on sbtest5  (cost=5.50..416.94 rows=104 width=125)
	  Recheck Cond: ((k >= 5331567) AND (k <= 5331667))
	  ->  Bitmap Index Scan on k_5  (cost=0.00..5.47 rows=104 width=0)
	        Index Cond: ((k >= 5331567) AND (k <= 5331667))

table 6 : explain SELECT k, c FROM sbtest6 WHERE k BETWEEN 5331567 AND 5331667
	Bitmap Heap Scan on sbtest6  (cost=5.49..413.00 rows=103 width=125)
	  Recheck Cond: ((k >= 5331567) AND (k <= 5331667))
	  ->  Bitmap Index Scan on k_6  (cost=0.00..5.46 rows=103 width=0)
	        Index Cond: ((k >= 5331567) AND (k <= 5331667))

table 7 : explain SELECT k, c FROM sbtest7 WHERE k BETWEEN 5331567 AND 5331667
	Bitmap Heap Scan on sbtest7  (cost=5.46..401.19 rows=100 width=125)
	  Recheck Cond: ((k >= 5331567) AND (k <= 5331667))
	  ->  Bitmap Index Scan on k_7  (cost=0.00..5.43 rows=100 width=0)
	        Index Cond: ((k >= 5331567) AND (k <= 5331667))

table 8 : explain SELECT k, c FROM sbtest8 WHERE k BETWEEN 5331567 AND 5331667
	Bitmap Heap Scan on sbtest8  (cost=5.54..432.69 rows=108 width=125)
	  Recheck Cond: ((k >= 5331567) AND (k <= 5331667))
	  ->  Bitmap Index Scan on k_8  (cost=0.00..5.51 rows=108 width=0)
	        Index Cond: ((k >= 5331567) AND (k <= 5331667))

explain: for range-notcovered :: explain SELECT k, c FROM sbtest%d WHERE k BETWEEN 5571154 AND 5571254
explain: for range-notcovered :: explain SELECT k, c FROM sbtest%d WHERE k BETWEEN 5331567 AND 5331667
for range-notcovered
table 1 : explain SELECT k, c FROM sbtest1 WHERE k BETWEEN 1676572 AND 1676672
	Bitmap Heap Scan on sbtest1  (cost=5.56..440.56 rows=110 width=125)
	  Recheck Cond: ((k >= 1676572) AND (k <= 1676672))
	  ->  Bitmap Index Scan on k_1  (cost=0.00..5.53 rows=110 width=0)
	        Index Cond: ((k >= 1676572) AND (k <= 1676672))

table 2 : explain SELECT k, c FROM sbtest2 WHERE k BETWEEN 1676572 AND 1676672
	Bitmap Heap Scan on sbtest2  (cost=5.47..405.13 rows=101 width=125)
	  Recheck Cond: ((k >= 1676572) AND (k <= 1676672))
	  ->  Bitmap Index Scan on k_2  (cost=0.00..5.44 rows=101 width=0)
	        Index Cond: ((k >= 1676572) AND (k <= 1676672))

table 3 : explain SELECT k, c FROM sbtest3 WHERE k BETWEEN 1676572 AND 1676672
	Bitmap Heap Scan on sbtest3  (cost=5.56..440.56 rows=110 width=125)
	  Recheck Cond: ((k >= 1676572) AND (k <= 1676672))
	  ->  Bitmap Index Scan on k_3  (cost=0.00..5.53 rows=110 width=0)
	        Index Cond: ((k >= 1676572) AND (k <= 1676672))

table 4 : explain SELECT k, c FROM sbtest4 WHERE k BETWEEN 1676572 AND 1676672
	Bitmap Heap Scan on sbtest4  (cost=5.43..389.37 rows=97 width=125)
	  Recheck Cond: ((k >= 1676572) AND (k <= 1676672))
	  ->  Bitmap Index Scan on k_4  (cost=0.00..5.40 rows=97 width=0)
	        Index Cond: ((k >= 1676572) AND (k <= 1676672))

table 5 : explain SELECT k, c FROM sbtest5 WHERE k BETWEEN 1676572 AND 1676672
	Bitmap Heap Scan on sbtest5  (cost=5.38..369.67 rows=92 width=125)
	  Recheck Cond: ((k >= 1676572) AND (k <= 1676672))
	  ->  Bitmap Index Scan on k_5  (cost=0.00..5.35 rows=92 width=0)
	        Index Cond: ((k >= 1676572) AND (k <= 1676672))

table 6 : explain SELECT k, c FROM sbtest6 WHERE k BETWEEN 1676572 AND 1676672
	Bitmap Heap Scan on sbtest6  (cost=5.47..405.13 rows=101 width=125)
	  Recheck Cond: ((k >= 1676572) AND (k <= 1676672))
	  ->  Bitmap Index Scan on k_6  (cost=0.00..5.44 rows=101 width=0)
	        Index Cond: ((k >= 1676572) AND (k <= 1676672))

table 7 : explain SELECT k, c FROM sbtest7 WHERE k BETWEEN 1676572 AND 1676672
	Bitmap Heap Scan on sbtest7  (cost=5.57..444.49 rows=111 width=125)
	  Recheck Cond: ((k >= 1676572) AND (k <= 1676672))
	  ->  Bitmap Index Scan on k_7  (cost=0.00..5.54 rows=111 width=0)
	        Index Cond: ((k >= 1676572) AND (k <= 1676672))

table 8 : explain SELECT k, c FROM sbtest8 WHERE k BETWEEN 1676572 AND 1676672
	Bitmap Heap Scan on sbtest8  (cost=5.50..416.94 rows=104 width=125)
	  Recheck Cond: ((k >= 1676572) AND (k <= 1676672))
	  ->  Bitmap Index Scan on k_8  (cost=0.00..5.47 rows=104 width=0)
	        Index Cond: ((k >= 1676572) AND (k <= 1676672))

for range-notcovered
table 1 : explain SELECT k, c FROM sbtest1 WHERE k BETWEEN 2729014 AND 2729114
	Bitmap Heap Scan on sbtest1  (cost=5.44..393.31 rows=98 width=125)
	  Recheck Cond: ((k >= 2729014) AND (k <= 2729114))
	  ->  Bitmap Index Scan on k_1  (cost=0.00..5.42 rows=98 width=0)
	        Index Cond: ((k >= 2729014) AND (k <= 2729114))

table 2 : explain SELECT k, c FROM sbtest2 WHERE k BETWEEN 2729014 AND 2729114
	Bitmap Heap Scan on sbtest2  (cost=5.48..409.07 rows=102 width=125)
	  Recheck Cond: ((k >= 2729014) AND (k <= 2729114))
	  ->  Bitmap Index Scan on k_2  (cost=0.00..5.45 rows=102 width=0)
	        Index Cond: ((k >= 2729014) AND (k <= 2729114))

table 3 : explain SELECT k, c FROM sbtest3 WHERE k BETWEEN 2729014 AND 2729114
	Bitmap Heap Scan on sbtest3  (cost=5.43..389.37 rows=97 width=125)
	  Recheck Cond: ((k >= 2729014) AND (k <= 2729114))
	  ->  Bitmap Index Scan on k_3  (cost=0.00..5.40 rows=97 width=0)
	        Index Cond: ((k >= 2729014) AND (k <= 2729114))

table 4 : explain SELECT k, c FROM sbtest4 WHERE k BETWEEN 2729014 AND 2729114
	Bitmap Heap Scan on sbtest4  (cost=5.40..377.55 rows=94 width=125)
	  Recheck Cond: ((k >= 2729014) AND (k <= 2729114))
	  ->  Bitmap Index Scan on k_4  (cost=0.00..5.38 rows=94 width=0)
	        Index Cond: ((k >= 2729014) AND (k <= 2729114))

table 5 : explain SELECT k, c FROM sbtest5 WHERE k BETWEEN 2729014 AND 2729114
	Bitmap Heap Scan on sbtest5  (cost=5.53..428.75 rows=107 width=125)
	  Recheck Cond: ((k >= 2729014) AND (k <= 2729114))
	  ->  Bitmap Index Scan on k_5  (cost=0.00..5.50 rows=107 width=0)
	        Index Cond: ((k >= 2729014) AND (k <= 2729114))

table 6 : explain SELECT k, c FROM sbtest6 WHERE k BETWEEN 2729014 AND 2729114
	Bitmap Heap Scan on sbtest6  (cost=5.62..464.15 rows=116 width=125)
	  Recheck Cond: ((k >= 2729014) AND (k <= 2729114))
	  ->  Bitmap Index Scan on k_6  (cost=0.00..5.59 rows=116 width=0)
	        Index Cond: ((k >= 2729014) AND (k <= 2729114))

table 7 : explain SELECT k, c FROM sbtest7 WHERE k BETWEEN 2729014 AND 2729114
	Bitmap Heap Scan on sbtest7  (cost=5.54..432.69 rows=108 width=125)
	  Recheck Cond: ((k >= 2729014) AND (k <= 2729114))
	  ->  Bitmap Index Scan on k_7  (cost=0.00..5.51 rows=108 width=0)
	        Index Cond: ((k >= 2729014) AND (k <= 2729114))

table 8 : explain SELECT k, c FROM sbtest8 WHERE k BETWEEN 2729014 AND 2729114
	Bitmap Heap Scan on sbtest8  (cost=5.52..424.81 rows=106 width=125)
	  Recheck Cond: ((k >= 2729014) AND (k <= 2729114))
	  ->  Bitmap Index Scan on k_8  (cost=0.00..5.50 rows=106 width=0)
	        Index Cond: ((k >= 2729014) AND (k <= 2729114))

explain: for range-notcovered :: explain SELECT k, c FROM sbtest%d WHERE k BETWEEN 1676572 AND 1676672
explain: for range-notcovered :: explain SELECT k, c FROM sbtest%d WHERE k BETWEEN 2729014 AND 2729114
for range-notcovered
table 1 : explain SELECT k, c FROM sbtest1 WHERE k BETWEEN 5331567 AND 5331667
	Bitmap Heap Scan on sbtest1  (cost=5.58..448.42 rows=112 width=125)
	  Recheck Cond: ((k >= 5331567) AND (k <= 5331667))
	  ->  Bitmap Index Scan on k_1  (cost=0.00..5.55 rows=112 width=0)
	        Index Cond: ((k >= 5331567) AND (k <= 5331667))

table 2 : explain SELECT k, c FROM sbtest2 WHERE k BETWEEN 5331567 AND 5331667
	Bitmap Heap Scan on sbtest2  (cost=5.57..444.49 rows=111 width=125)
	  Recheck Cond: ((k >= 5331567) AND (k <= 5331667))
	  ->  Bitmap Index Scan on k_2  (cost=0.00..5.54 rows=111 width=0)
	        Index Cond: ((k >= 5331567) AND (k <= 5331667))

table 3 : explain SELECT k, c FROM sbtest3 WHERE k BETWEEN 5331567 AND 5331667
	Bitmap Heap Scan on sbtest3  (cost=5.43..389.37 rows=97 width=125)
	  Recheck Cond: ((k >= 5331567) AND (k <= 5331667))
	  ->  Bitmap Index Scan on k_3  (cost=0.00..5.40 rows=97 width=0)
	        Index Cond: ((k >= 5331567) AND (k <= 5331667))

table 4 : explain SELECT k, c FROM sbtest4 WHERE k BETWEEN 5331567 AND 5331667
	Bitmap Heap Scan on sbtest4  (cost=5.48..409.07 rows=102 width=125)
	  Recheck Cond: ((k >= 5331567) AND (k <= 5331667))
	  ->  Bitmap Index Scan on k_4  (cost=0.00..5.45 rows=102 width=0)
	        Index Cond: ((k >= 5331567) AND (k <= 5331667))

table 5 : explain SELECT k, c FROM sbtest5 WHERE k BETWEEN 5331567 AND 5331667
	Bitmap Heap Scan on sbtest5  (cost=5.50..416.94 rows=104 width=125)
	  Recheck Cond: ((k >= 5331567) AND (k <= 5331667))
	  ->  Bitmap Index Scan on k_5  (cost=0.00..5.47 rows=104 width=0)
	        Index Cond: ((k >= 5331567) AND (k <= 5331667))

table 6 : explain SELECT k, c FROM sbtest6 WHERE k BETWEEN 5331567 AND 5331667
	Bitmap Heap Scan on sbtest6  (cost=5.49..413.00 rows=103 width=125)
	  Recheck Cond: ((k >= 5331567) AND (k <= 5331667))
	  ->  Bitmap Index Scan on k_6  (cost=0.00..5.46 rows=103 width=0)
	        Index Cond: ((k >= 5331567) AND (k <= 5331667))

table 7 : explain SELECT k, c FROM sbtest7 WHERE k BETWEEN 5331567 AND 5331667
	Bitmap Heap Scan on sbtest7  (cost=5.46..401.19 rows=100 width=125)
	  Recheck Cond: ((k >= 5331567) AND (k <= 5331667))
	  ->  Bitmap Index Scan on k_7  (cost=0.00..5.43 rows=100 width=0)
	        Index Cond: ((k >= 5331567) AND (k <= 5331667))

table 8 : explain SELECT k, c FROM sbtest8 WHERE k BETWEEN 5331567 AND 5331667
	Bitmap Heap Scan on sbtest8  (cost=5.54..432.69 rows=108 width=125)
	  Recheck Cond: ((k >= 5331567) AND (k <= 5331667))
	  ->  Bitmap Index Scan on k_8  (cost=0.00..5.51 rows=108 width=0)
	        Index Cond: ((k >= 5331567) AND (k <= 5331667))

for range-notcovered
table 1 : explain SELECT k, c FROM sbtest1 WHERE k BETWEEN 7356040 AND 7356140
	Bitmap Heap Scan on sbtest1  (cost=5.37..365.72 rows=91 width=125)
	  Recheck Cond: ((k >= 7356040) AND (k <= 7356140))
	  ->  Bitmap Index Scan on k_1  (cost=0.00..5.34 rows=91 width=0)
	        Index Cond: ((k >= 7356040) AND (k <= 7356140))

table 2 : explain SELECT k, c FROM sbtest2 WHERE k BETWEEN 7356040 AND 7356140
	Bitmap Heap Scan on sbtest2  (cost=5.63..468.09 rows=117 width=125)
	  Recheck Cond: ((k >= 7356040) AND (k <= 7356140))
	  ->  Bitmap Index Scan on k_2  (cost=0.00..5.60 rows=117 width=0)
	        Index Cond: ((k >= 7356040) AND (k <= 7356140))

table 3 : explain SELECT k, c FROM sbtest3 WHERE k BETWEEN 7356040 AND 7356140
	Bitmap Heap Scan on sbtest3  (cost=5.50..416.94 rows=104 width=125)
	  Recheck Cond: ((k >= 7356040) AND (k <= 7356140))
	  ->  Bitmap Index Scan on k_3  (cost=0.00..5.47 rows=104 width=0)
	        Index Cond: ((k >= 7356040) AND (k <= 7356140))

table 4 : explain SELECT k, c FROM sbtest4 WHERE k BETWEEN 7356040 AND 7356140
	Bitmap Heap Scan on sbtest4  (cost=5.58..448.42 rows=112 width=125)
	  Recheck Cond: ((k >= 7356040) AND (k <= 7356140))
	  ->  Bitmap Index Scan on k_4  (cost=0.00..5.55 rows=112 width=0)
	        Index Cond: ((k >= 7356040) AND (k <= 7356140))

table 5 : explain SELECT k, c FROM sbtest5 WHERE k BETWEEN 7356040 AND 7356140
	Bitmap Heap Scan on sbtest5  (cost=5.42..385.43 rows=96 width=125)
	  Recheck Cond: ((k >= 7356040) AND (k <= 7356140))
	  ->  Bitmap Index Scan on k_5  (cost=0.00..5.39 rows=96 width=0)
	        Index Cond: ((k >= 7356040) AND (k <= 7356140))

table 6 : explain SELECT k, c FROM sbtest6 WHERE k BETWEEN 7356040 AND 7356140
	Bitmap Heap Scan on sbtest6  (cost=5.40..377.55 rows=94 width=125)
	  Recheck Cond: ((k >= 7356040) AND (k <= 7356140))
	  ->  Bitmap Index Scan on k_6  (cost=0.00..5.38 rows=94 width=0)
	        Index Cond: ((k >= 7356040) AND (k <= 7356140))

table 7 : explain SELECT k, c FROM sbtest7 WHERE k BETWEEN 7356040 AND 7356140
	Bitmap Heap Scan on sbtest7  (cost=5.47..405.13 rows=101 width=125)
	  Recheck Cond: ((k >= 7356040) AND (k <= 7356140))
	  ->  Bitmap Index Scan on k_7  (cost=0.00..5.44 rows=101 width=0)
	        Index Cond: ((k >= 7356040) AND (k <= 7356140))

table 8 : explain SELECT k, c FROM sbtest8 WHERE k BETWEEN 7356040 AND 7356140
	Bitmap Heap Scan on sbtest8  (cost=5.45..397.25 rows=99 width=125)
	  Recheck Cond: ((k >= 7356040) AND (k <= 7356140))
	  ->  Bitmap Index Scan on k_8  (cost=0.00..5.42 rows=99 width=0)
	        Index Cond: ((k >= 7356040) AND (k <= 7356140))

explain: for range-notcovered :: explain SELECT k, c FROM sbtest%d WHERE k BETWEEN 7356040 AND 7356140
for range-notcovered
table 1 : explain SELECT k, c FROM sbtest1 WHERE k BETWEEN 1676572 AND 1676672
	Bitmap Heap Scan on sbtest1  (cost=5.56..440.56 rows=110 width=125)
	  Recheck Cond: ((k >= 1676572) AND (k <= 1676672))
	  ->  Bitmap Index Scan on k_1  (cost=0.00..5.53 rows=110 width=0)
	        Index Cond: ((k >= 1676572) AND (k <= 1676672))

table 2 : explain SELECT k, c FROM sbtest2 WHERE k BETWEEN 1676572 AND 1676672
	Bitmap Heap Scan on sbtest2  (cost=5.47..405.13 rows=101 width=125)
	  Recheck Cond: ((k >= 1676572) AND (k <= 1676672))
	  ->  Bitmap Index Scan on k_2  (cost=0.00..5.44 rows=101 width=0)
	        Index Cond: ((k >= 1676572) AND (k <= 1676672))

table 3 : explain SELECT k, c FROM sbtest3 WHERE k BETWEEN 1676572 AND 1676672
	Bitmap Heap Scan on sbtest3  (cost=5.56..440.56 rows=110 width=125)
	  Recheck Cond: ((k >= 1676572) AND (k <= 1676672))
	  ->  Bitmap Index Scan on k_3  (cost=0.00..5.53 rows=110 width=0)
	        Index Cond: ((k >= 1676572) AND (k <= 1676672))

table 4 : explain SELECT k, c FROM sbtest4 WHERE k BETWEEN 1676572 AND 1676672
	Bitmap Heap Scan on sbtest4  (cost=5.43..389.37 rows=97 width=125)
	  Recheck Cond: ((k >= 1676572) AND (k <= 1676672))
	  ->  Bitmap Index Scan on k_4  (cost=0.00..5.40 rows=97 width=0)
	        Index Cond: ((k >= 1676572) AND (k <= 1676672))

table 5 : explain SELECT k, c FROM sbtest5 WHERE k BETWEEN 1676572 AND 1676672
	Bitmap Heap Scan on sbtest5  (cost=5.38..369.67 rows=92 width=125)
	  Recheck Cond: ((k >= 1676572) AND (k <= 1676672))
	  ->  Bitmap Index Scan on k_5  (cost=0.00..5.35 rows=92 width=0)
	        Index Cond: ((k >= 1676572) AND (k <= 1676672))

table 6 : explain SELECT k, c FROM sbtest6 WHERE k BETWEEN 1676572 AND 1676672
	Bitmap Heap Scan on sbtest6  (cost=5.47..405.13 rows=101 width=125)
	  Recheck Cond: ((k >= 1676572) AND (k <= 1676672))
	  ->  Bitmap Index Scan on k_6  (cost=0.00..5.44 rows=101 width=0)
	        Index Cond: ((k >= 1676572) AND (k <= 1676672))

table 7 : explain SELECT k, c FROM sbtest7 WHERE k BETWEEN 1676572 AND 1676672
	Bitmap Heap Scan on sbtest7  (cost=5.57..444.49 rows=111 width=125)
	  Recheck Cond: ((k >= 1676572) AND (k <= 1676672))
	  ->  Bitmap Index Scan on k_7  (cost=0.00..5.54 rows=111 width=0)
	        Index Cond: ((k >= 1676572) AND (k <= 1676672))

table 8 : explain SELECT k, c FROM sbtest8 WHERE k BETWEEN 1676572 AND 1676672
	Bitmap Heap Scan on sbtest8  (cost=5.50..416.94 rows=104 width=125)
	  Recheck Cond: ((k >= 1676572) AND (k <= 1676672))
	  ->  Bitmap Index Scan on k_8  (cost=0.00..5.47 rows=104 width=0)
	        Index Cond: ((k >= 1676572) AND (k <= 1676672))

for range-notcovered
table 1 : explain SELECT k, c FROM sbtest1 WHERE k BETWEEN 4105512 AND 4105612
	Bitmap Heap Scan on sbtest1  (cost=5.62..464.15 rows=116 width=125)
	  Recheck Cond: ((k >= 4105512) AND (k <= 4105612))
	  ->  Bitmap Index Scan on k_1  (cost=0.00..5.59 rows=116 width=0)
	        Index Cond: ((k >= 4105512) AND (k <= 4105612))

table 2 : explain SELECT k, c FROM sbtest2 WHERE k BETWEEN 4105512 AND 4105612
	Bitmap Heap Scan on sbtest2  (cost=5.60..456.29 rows=114 width=125)
	  Recheck Cond: ((k >= 4105512) AND (k <= 4105612))
	  ->  Bitmap Index Scan on k_2  (cost=0.00..5.58 rows=114 width=0)
	        Index Cond: ((k >= 4105512) AND (k <= 4105612))

table 3 : explain SELECT k, c FROM sbtest3 WHERE k BETWEEN 4105512 AND 4105612
	Bitmap Heap Scan on sbtest3  (cost=5.60..456.29 rows=114 width=125)
	  Recheck Cond: ((k >= 4105512) AND (k <= 4105612))
	  ->  Bitmap Index Scan on k_3  (cost=0.00..5.58 rows=114 width=0)
	        Index Cond: ((k >= 4105512) AND (k <= 4105612))

table 4 : explain SELECT k, c FROM sbtest4 WHERE k BETWEEN 4105512 AND 4105612
	Bitmap Heap Scan on sbtest4  (cost=5.37..365.72 rows=91 width=125)
	  Recheck Cond: ((k >= 4105512) AND (k <= 4105612))
	  ->  Bitmap Index Scan on k_4  (cost=0.00..5.34 rows=91 width=0)
	        Index Cond: ((k >= 4105512) AND (k <= 4105612))

table 5 : explain SELECT k, c FROM sbtest5 WHERE k BETWEEN 4105512 AND 4105612
	Bitmap Heap Scan on sbtest5  (cost=5.53..428.75 rows=107 width=125)
	  Recheck Cond: ((k >= 4105512) AND (k <= 4105612))
	  ->  Bitmap Index Scan on k_5  (cost=0.00..5.50 rows=107 width=0)
	        Index Cond: ((k >= 4105512) AND (k <= 4105612))

table 6 : explain SELECT k, c FROM sbtest6 WHERE k BETWEEN 4105512 AND 4105612
	Bitmap Heap Scan on sbtest6  (cost=5.44..393.31 rows=98 width=125)
	  Recheck Cond: ((k >= 4105512) AND (k <= 4105612))
	  ->  Bitmap Index Scan on k_6  (cost=0.00..5.42 rows=98 width=0)
	        Index Cond: ((k >= 4105512) AND (k <= 4105612))

table 7 : explain SELECT k, c FROM sbtest7 WHERE k BETWEEN 4105512 AND 4105612
	Bitmap Heap Scan on sbtest7  (cost=5.53..428.75 rows=107 width=125)
	  Recheck Cond: ((k >= 4105512) AND (k <= 4105612))
	  ->  Bitmap Index Scan on k_7  (cost=0.00..5.50 rows=107 width=0)
	        Index Cond: ((k >= 4105512) AND (k <= 4105612))

table 8 : explain SELECT k, c FROM sbtest8 WHERE k BETWEEN 4105512 AND 4105612
	Bitmap Heap Scan on sbtest8  (cost=5.42..385.43 rows=96 width=125)
	  Recheck Cond: ((k >= 4105512) AND (k <= 4105612))
	  ->  Bitmap Index Scan on k_8  (cost=0.00..5.39 rows=96 width=0)
	        Index Cond: ((k >= 4105512) AND (k <= 4105612))

explain: for range-notcovered :: explain SELECT k, c FROM sbtest%d WHERE k BETWEEN 1676572 AND 1676672
explain: for range-notcovered :: explain SELECT k, c FROM sbtest%d WHERE k BETWEEN 4105512 AND 4105612
explain: for range-notcovered :: explain SELECT k, c FROM sbtest%d WHERE k BETWEEN 3585162 AND 3585262
for range-notcovered
table 1 : explain SELECT k, c FROM sbtest1 WHERE k BETWEEN 4774149 AND 4774249
	Bitmap Heap Scan on sbtest1  (cost=5.41..381.49 rows=95 width=125)
	  Recheck Cond: ((k >= 4774149) AND (k <= 4774249))
	  ->  Bitmap Index Scan on k_1  (cost=0.00..5.38 rows=95 width=0)
	        Index Cond: ((k >= 4774149) AND (k <= 4774249))

table 2 : explain SELECT k, c FROM sbtest2 WHERE k BETWEEN 4774149 AND 4774249
	Bitmap Heap Scan on sbtest2  (cost=5.47..405.13 rows=101 width=125)
	  Recheck Cond: ((k >= 4774149) AND (k <= 4774249))
	  ->  Bitmap Index Scan on k_2  (cost=0.00..5.44 rows=101 width=0)
	        Index Cond: ((k >= 4774149) AND (k <= 4774249))

table 3 : explain SELECT k, c FROM sbtest3 WHERE k BETWEEN 4774149 AND 4774249
	Bitmap Heap Scan on sbtest3  (cost=5.39..373.61 rows=93 width=125)
	  Recheck Cond: ((k >= 4774149) AND (k <= 4774249))
	  ->  Bitmap Index Scan on k_3  (cost=0.00..5.36 rows=93 width=0)
	        Index Cond: ((k >= 4774149) AND (k <= 4774249))

table 4 : explain SELECT k, c FROM sbtest4 WHERE k BETWEEN 4774149 AND 4774249
	Bitmap Heap Scan on sbtest4  (cost=5.52..424.81 rows=106 width=125)
	  Recheck Cond: ((k >= 4774149) AND (k <= 4774249))
	  ->  Bitmap Index Scan on k_4  (cost=0.00..5.50 rows=106 width=0)
	        Index Cond: ((k >= 4774149) AND (k <= 4774249))

table 5 : explain SELECT k, c FROM sbtest5 WHERE k BETWEEN 4774149 AND 4774249
	Bitmap Heap Scan on sbtest5  (cost=5.44..393.31 rows=98 width=125)
	  Recheck Cond: ((k >= 4774149) AND (k <= 4774249))
	  ->  Bitmap Index Scan on k_5  (cost=0.00..5.42 rows=98 width=0)
	        Index Cond: ((k >= 4774149) AND (k <= 4774249))

table 6 : explain SELECT k, c FROM sbtest6 WHERE k BETWEEN 4774149 AND 4774249
	Bitmap Heap Scan on sbtest6  (cost=5.45..397.25 rows=99 width=125)
	  Recheck Cond: ((k >= 4774149) AND (k <= 4774249))
	  ->  Bitmap Index Scan on k_6  (cost=0.00..5.42 rows=99 width=0)
	        Index Cond: ((k >= 4774149) AND (k <= 4774249))

table 7 : explain SELECT k, c FROM sbtest7 WHERE k BETWEEN 4774149 AND 4774249
	Bitmap Heap Scan on sbtest7  (cost=5.49..413.00 rows=103 width=125)
	  Recheck Cond: ((k >= 4774149) AND (k <= 4774249))
	  ->  Bitmap Index Scan on k_7  (cost=0.00..5.46 rows=103 width=0)
	        Index Cond: ((k >= 4774149) AND (k <= 4774249))

table 8 : explain SELECT k, c FROM sbtest8 WHERE k BETWEEN 4774149 AND 4774249
	Bitmap Heap Scan on sbtest8  (cost=5.47..405.13 rows=101 width=125)
	  Recheck Cond: ((k >= 4774149) AND (k <= 4774249))
	  ->  Bitmap Index Scan on k_8  (cost=0.00..5.44 rows=101 width=0)
	        Index Cond: ((k >= 4774149) AND (k <= 4774249))

explain: for range-notcovered :: explain SELECT k, c FROM sbtest%d WHERE k BETWEEN 2811339 AND 2811439
for range-notcovered
table 1 : explain SELECT k, c FROM sbtest1 WHERE k BETWEEN 2729014 AND 2729114
	Bitmap Heap Scan on sbtest1  (cost=5.44..393.31 rows=98 width=125)
	  Recheck Cond: ((k >= 2729014) AND (k <= 2729114))
	  ->  Bitmap Index Scan on k_1  (cost=0.00..5.42 rows=98 width=0)
	        Index Cond: ((k >= 2729014) AND (k <= 2729114))

table 2 : explain SELECT k, c FROM sbtest2 WHERE k BETWEEN 2729014 AND 2729114
	Bitmap Heap Scan on sbtest2  (cost=5.48..409.07 rows=102 width=125)
	  Recheck Cond: ((k >= 2729014) AND (k <= 2729114))
	  ->  Bitmap Index Scan on k_2  (cost=0.00..5.45 rows=102 width=0)
	        Index Cond: ((k >= 2729014) AND (k <= 2729114))

table 3 : explain SELECT k, c FROM sbtest3 WHERE k BETWEEN 2729014 AND 2729114
	Bitmap Heap Scan on sbtest3  (cost=5.43..389.37 rows=97 width=125)
	  Recheck Cond: ((k >= 2729014) AND (k <= 2729114))
	  ->  Bitmap Index Scan on k_3  (cost=0.00..5.40 rows=97 width=0)
	        Index Cond: ((k >= 2729014) AND (k <= 2729114))

table 4 : explain SELECT k, c FROM sbtest4 WHERE k BETWEEN 2729014 AND 2729114
	Bitmap Heap Scan on sbtest4  (cost=5.40..377.55 rows=94 width=125)
	  Recheck Cond: ((k >= 2729014) AND (k <= 2729114))
	  ->  Bitmap Index Scan on k_4  (cost=0.00..5.38 rows=94 width=0)
	        Index Cond: ((k >= 2729014) AND (k <= 2729114))

table 5 : explain SELECT k, c FROM sbtest5 WHERE k BETWEEN 2729014 AND 2729114
	Bitmap Heap Scan on sbtest5  (cost=5.53..428.75 rows=107 width=125)
	  Recheck Cond: ((k >= 2729014) AND (k <= 2729114))
	  ->  Bitmap Index Scan on k_5  (cost=0.00..5.50 rows=107 width=0)
	        Index Cond: ((k >= 2729014) AND (k <= 2729114))

table 6 : explain SELECT k, c FROM sbtest6 WHERE k BETWEEN 2729014 AND 2729114
	Bitmap Heap Scan on sbtest6  (cost=5.62..464.15 rows=116 width=125)
	  Recheck Cond: ((k >= 2729014) AND (k <= 2729114))
	  ->  Bitmap Index Scan on k_6  (cost=0.00..5.59 rows=116 width=0)
	        Index Cond: ((k >= 2729014) AND (k <= 2729114))

table 7 : explain SELECT k, c FROM sbtest7 WHERE k BETWEEN 2729014 AND 2729114
	Bitmap Heap Scan on sbtest7  (cost=5.54..432.69 rows=108 width=125)
	  Recheck Cond: ((k >= 2729014) AND (k <= 2729114))
	  ->  Bitmap Index Scan on k_7  (cost=0.00..5.51 rows=108 width=0)
	        Index Cond: ((k >= 2729014) AND (k <= 2729114))

table 8 : explain SELECT k, c FROM sbtest8 WHERE k BETWEEN 2729014 AND 2729114
	Bitmap Heap Scan on sbtest8  (cost=5.52..424.81 rows=106 width=125)
	  Recheck Cond: ((k >= 2729014) AND (k <= 2729114))
	  ->  Bitmap Index Scan on k_8  (cost=0.00..5.50 rows=106 width=0)
	        Index Cond: ((k >= 2729014) AND (k <= 2729114))

explain: for range-notcovered :: explain SELECT k, c FROM sbtest%d WHERE k BETWEEN 2729014 AND 2729114
for range-notcovered
table 1 : explain SELECT k, c FROM sbtest1 WHERE k BETWEEN 8279087 AND 8279187
	Bitmap Heap Scan on sbtest1  (cost=5.52..424.81 rows=106 width=125)
	  Recheck Cond: ((k >= 8279087) AND (k <= 8279187))
	  ->  Bitmap Index Scan on k_1  (cost=0.00..5.50 rows=106 width=0)
	        Index Cond: ((k >= 8279087) AND (k <= 8279187))

table 2 : explain SELECT k, c FROM sbtest2 WHERE k BETWEEN 8279087 AND 8279187
	Bitmap Heap Scan on sbtest2  (cost=5.38..369.67 rows=92 width=125)
	  Recheck Cond: ((k >= 8279087) AND (k <= 8279187))
	  ->  Bitmap Index Scan on k_2  (cost=0.00..5.35 rows=92 width=0)
	        Index Cond: ((k >= 8279087) AND (k <= 8279187))

table 3 : explain SELECT k, c FROM sbtest3 WHERE k BETWEEN 8279087 AND 8279187
	Bitmap Heap Scan on sbtest3  (cost=5.46..401.19 rows=100 width=125)
	  Recheck Cond: ((k >= 8279087) AND (k <= 8279187))
	  ->  Bitmap Index Scan on k_3  (cost=0.00..5.43 rows=100 width=0)
	        Index Cond: ((k >= 8279087) AND (k <= 8279187))

table 4 : explain SELECT k, c FROM sbtest4 WHERE k BETWEEN 8279087 AND 8279187
	Bitmap Heap Scan on sbtest4  (cost=5.40..377.55 rows=94 width=125)
	  Recheck Cond: ((k >= 8279087) AND (k <= 8279187))
	  ->  Bitmap Index Scan on k_4  (cost=0.00..5.38 rows=94 width=0)
	        Index Cond: ((k >= 8279087) AND (k <= 8279187))

table 5 : explain SELECT k, c FROM sbtest5 WHERE k BETWEEN 8279087 AND 8279187
	Bitmap Heap Scan on sbtest5  (cost=5.42..385.43 rows=96 width=125)
	  Recheck Cond: ((k >= 8279087) AND (k <= 8279187))
	  ->  Bitmap Index Scan on k_5  (cost=0.00..5.39 rows=96 width=0)
	        Index Cond: ((k >= 8279087) AND (k <= 8279187))

table 6 : explain SELECT k, c FROM sbtest6 WHERE k BETWEEN 8279087 AND 8279187
	Bitmap Heap Scan on sbtest6  (cost=5.39..373.61 rows=93 width=125)
	  Recheck Cond: ((k >= 8279087) AND (k <= 8279187))
	  ->  Bitmap Index Scan on k_6  (cost=0.00..5.36 rows=93 width=0)
	        Index Cond: ((k >= 8279087) AND (k <= 8279187))

table 7 : explain SELECT k, c FROM sbtest7 WHERE k BETWEEN 8279087 AND 8279187
	Bitmap Heap Scan on sbtest7  (cost=5.52..424.81 rows=106 width=125)
	  Recheck Cond: ((k >= 8279087) AND (k <= 8279187))
	  ->  Bitmap Index Scan on k_7  (cost=0.00..5.50 rows=106 width=0)
	        Index Cond: ((k >= 8279087) AND (k <= 8279187))

table 8 : explain SELECT k, c FROM sbtest8 WHERE k BETWEEN 8279087 AND 8279187
	Bitmap Heap Scan on sbtest8  (cost=5.48..409.07 rows=102 width=125)
	  Recheck Cond: ((k >= 8279087) AND (k <= 8279187))
	  ->  Bitmap Index Scan on k_8  (cost=0.00..5.45 rows=102 width=0)
	        Index Cond: ((k >= 8279087) AND (k <= 8279187))

explain: for range-notcovered :: explain SELECT k, c FROM sbtest%d WHERE k BETWEEN 8279087 AND 8279187
for range-notcovered
table 1 : explain SELECT k, c FROM sbtest1 WHERE k BETWEEN 1676572 AND 1676672
	Bitmap Heap Scan on sbtest1  (cost=5.56..440.56 rows=110 width=125)
	  Recheck Cond: ((k >= 1676572) AND (k <= 1676672))
	  ->  Bitmap Index Scan on k_1  (cost=0.00..5.53 rows=110 width=0)
	        Index Cond: ((k >= 1676572) AND (k <= 1676672))

table 2 : explain SELECT k, c FROM sbtest2 WHERE k BETWEEN 1676572 AND 1676672
	Bitmap Heap Scan on sbtest2  (cost=5.47..405.13 rows=101 width=125)
	  Recheck Cond: ((k >= 1676572) AND (k <= 1676672))
	  ->  Bitmap Index Scan on k_2  (cost=0.00..5.44 rows=101 width=0)
	        Index Cond: ((k >= 1676572) AND (k <= 1676672))

table 3 : explain SELECT k, c FROM sbtest3 WHERE k BETWEEN 1676572 AND 1676672
	Bitmap Heap Scan on sbtest3  (cost=5.56..440.56 rows=110 width=125)
	  Recheck Cond: ((k >= 1676572) AND (k <= 1676672))
	  ->  Bitmap Index Scan on k_3  (cost=0.00..5.53 rows=110 width=0)
	        Index Cond: ((k >= 1676572) AND (k <= 1676672))

table 4 : explain SELECT k, c FROM sbtest4 WHERE k BETWEEN 1676572 AND 1676672
	Bitmap Heap Scan on sbtest4  (cost=5.43..389.37 rows=97 width=125)
	  Recheck Cond: ((k >= 1676572) AND (k <= 1676672))
	  ->  Bitmap Index Scan on k_4  (cost=0.00..5.40 rows=97 width=0)
	        Index Cond: ((k >= 1676572) AND (k <= 1676672))

table 5 : explain SELECT k, c FROM sbtest5 WHERE k BETWEEN 1676572 AND 1676672
	Bitmap Heap Scan on sbtest5  (cost=5.38..369.67 rows=92 width=125)
	  Recheck Cond: ((k >= 1676572) AND (k <= 1676672))
	  ->  Bitmap Index Scan on k_5  (cost=0.00..5.35 rows=92 width=0)
	        Index Cond: ((k >= 1676572) AND (k <= 1676672))

table 6 : explain SELECT k, c FROM sbtest6 WHERE k BETWEEN 1676572 AND 1676672
	Bitmap Heap Scan on sbtest6  (cost=5.47..405.13 rows=101 width=125)
	  Recheck Cond: ((k >= 1676572) AND (k <= 1676672))
	  ->  Bitmap Index Scan on k_6  (cost=0.00..5.44 rows=101 width=0)
	        Index Cond: ((k >= 1676572) AND (k <= 1676672))

table 7 : explain SELECT k, c FROM sbtest7 WHERE k BETWEEN 1676572 AND 1676672
	Bitmap Heap Scan on sbtest7  (cost=5.57..444.49 rows=111 width=125)
	  Recheck Cond: ((k >= 1676572) AND (k <= 1676672))
	  ->  Bitmap Index Scan on k_7  (cost=0.00..5.54 rows=111 width=0)
	        Index Cond: ((k >= 1676572) AND (k <= 1676672))

table 8 : explain SELECT k, c FROM sbtest8 WHERE k BETWEEN 1676572 AND 1676672
	Bitmap Heap Scan on sbtest8  (cost=5.50..416.94 rows=104 width=125)
	  Recheck Cond: ((k >= 1676572) AND (k <= 1676672))
	  ->  Bitmap Index Scan on k_8  (cost=0.00..5.47 rows=104 width=0)
	        Index Cond: ((k >= 1676572) AND (k <= 1676672))

explain: for range-notcovered :: explain SELECT k, c FROM sbtest%d WHERE k BETWEEN 8566701 AND 8566801
explain: for range-notcovered :: explain SELECT k, c FROM sbtest%d WHERE k BETWEEN 4774149 AND 4774249
explain: for range-notcovered :: explain SELECT k, c FROM sbtest%d WHERE k BETWEEN 1676572 AND 1676672
for range-notcovered
table 1 : explain SELECT k, c FROM sbtest1 WHERE k BETWEEN 4105512 AND 4105612
	Bitmap Heap Scan on sbtest1  (cost=5.62..464.15 rows=116 width=125)
	  Recheck Cond: ((k >= 4105512) AND (k <= 4105612))
	  ->  Bitmap Index Scan on k_1  (cost=0.00..5.59 rows=116 width=0)
	        Index Cond: ((k >= 4105512) AND (k <= 4105612))

table 2 : explain SELECT k, c FROM sbtest2 WHERE k BETWEEN 4105512 AND 4105612
	Bitmap Heap Scan on sbtest2  (cost=5.60..456.29 rows=114 width=125)
	  Recheck Cond: ((k >= 4105512) AND (k <= 4105612))
	  ->  Bitmap Index Scan on k_2  (cost=0.00..5.58 rows=114 width=0)
	        Index Cond: ((k >= 4105512) AND (k <= 4105612))

table 3 : explain SELECT k, c FROM sbtest3 WHERE k BETWEEN 4105512 AND 4105612
	Bitmap Heap Scan on sbtest3  (cost=5.60..456.29 rows=114 width=125)
	  Recheck Cond: ((k >= 4105512) AND (k <= 4105612))
	  ->  Bitmap Index Scan on k_3  (cost=0.00..5.58 rows=114 width=0)
	        Index Cond: ((k >= 4105512) AND (k <= 4105612))

table 4 : explain SELECT k, c FROM sbtest4 WHERE k BETWEEN 4105512 AND 4105612
	Bitmap Heap Scan on sbtest4  (cost=5.37..365.72 rows=91 width=125)
	  Recheck Cond: ((k >= 4105512) AND (k <= 4105612))
	  ->  Bitmap Index Scan on k_4  (cost=0.00..5.34 rows=91 width=0)
	        Index Cond: ((k >= 4105512) AND (k <= 4105612))

table 5 : explain SELECT k, c FROM sbtest5 WHERE k BETWEEN 4105512 AND 4105612
	Bitmap Heap Scan on sbtest5  (cost=5.53..428.75 rows=107 width=125)
	  Recheck Cond: ((k >= 4105512) AND (k <= 4105612))
	  ->  Bitmap Index Scan on k_5  (cost=0.00..5.50 rows=107 width=0)
	        Index Cond: ((k >= 4105512) AND (k <= 4105612))

table 6 : explain SELECT k, c FROM sbtest6 WHERE k BETWEEN 4105512 AND 4105612
	Bitmap Heap Scan on sbtest6  (cost=5.44..393.31 rows=98 width=125)
	  Recheck Cond: ((k >= 4105512) AND (k <= 4105612))
	  ->  Bitmap Index Scan on k_6  (cost=0.00..5.42 rows=98 width=0)
	        Index Cond: ((k >= 4105512) AND (k <= 4105612))

table 7 : explain SELECT k, c FROM sbtest7 WHERE k BETWEEN 4105512 AND 4105612
	Bitmap Heap Scan on sbtest7  (cost=5.53..428.75 rows=107 width=125)
	  Recheck Cond: ((k >= 4105512) AND (k <= 4105612))
	  ->  Bitmap Index Scan on k_7  (cost=0.00..5.50 rows=107 width=0)
	        Index Cond: ((k >= 4105512) AND (k <= 4105612))

table 8 : explain SELECT k, c FROM sbtest8 WHERE k BETWEEN 4105512 AND 4105612
	Bitmap Heap Scan on sbtest8  (cost=5.42..385.43 rows=96 width=125)
	  Recheck Cond: ((k >= 4105512) AND (k <= 4105612))
	  ->  Bitmap Index Scan on k_8  (cost=0.00..5.39 rows=96 width=0)
	        Index Cond: ((k >= 4105512) AND (k <= 4105612))

explain: for range-notcovered :: explain SELECT k, c FROM sbtest%d WHERE k BETWEEN 4105512 AND 4105612
for range-notcovered
table 1 : explain SELECT k, c FROM sbtest1 WHERE k BETWEEN 5571154 AND 5571254
	Bitmap Heap Scan on sbtest1  (cost=5.46..401.19 rows=100 width=125)
	  Recheck Cond: ((k >= 5571154) AND (k <= 5571254))
	  ->  Bitmap Index Scan on k_1  (cost=0.00..5.43 rows=100 width=0)
	        Index Cond: ((k >= 5571154) AND (k <= 5571254))

table 2 : explain SELECT k, c FROM sbtest2 WHERE k BETWEEN 5571154 AND 5571254
	Bitmap Heap Scan on sbtest2  (cost=5.49..413.00 rows=103 width=125)
	  Recheck Cond: ((k >= 5571154) AND (k <= 5571254))
	  ->  Bitmap Index Scan on k_2  (cost=0.00..5.46 rows=103 width=0)
	        Index Cond: ((k >= 5571154) AND (k <= 5571254))

table 3 : explain SELECT k, c FROM sbtest3 WHERE k BETWEEN 5571154 AND 5571254
	Bitmap Heap Scan on sbtest3  (cost=5.44..393.31 rows=98 width=125)
	  Recheck Cond: ((k >= 5571154) AND (k <= 5571254))
	  ->  Bitmap Index Scan on k_3  (cost=0.00..5.42 rows=98 width=0)
	        Index Cond: ((k >= 5571154) AND (k <= 5571254))

table 4 : explain SELECT k, c FROM sbtest4 WHERE k BETWEEN 5571154 AND 5571254
	Bitmap Heap Scan on sbtest4  (cost=5.41..381.49 rows=95 width=125)
	  Recheck Cond: ((k >= 5571154) AND (k <= 5571254))
	  ->  Bitmap Index Scan on k_4  (cost=0.00..5.38 rows=95 width=0)
	        Index Cond: ((k >= 5571154) AND (k <= 5571254))

table 5 : explain SELECT k, c FROM sbtest5 WHERE k BETWEEN 5571154 AND 5571254
	Bitmap Heap Scan on sbtest5  (cost=5.47..405.13 rows=101 width=125)
	  Recheck Cond: ((k >= 5571154) AND (k <= 5571254))
	  ->  Bitmap Index Scan on k_5  (cost=0.00..5.44 rows=101 width=0)
	        Index Cond: ((k >= 5571154) AND (k <= 5571254))

table 6 : explain SELECT k, c FROM sbtest6 WHERE k BETWEEN 5571154 AND 5571254
	Bitmap Heap Scan on sbtest6  (cost=5.62..464.15 rows=116 width=125)
	  Recheck Cond: ((k >= 5571154) AND (k <= 5571254))
	  ->  Bitmap Index Scan on k_6  (cost=0.00..5.59 rows=116 width=0)
	        Index Cond: ((k >= 5571154) AND (k <= 5571254))

table 7 : explain SELECT k, c FROM sbtest7 WHERE k BETWEEN 5571154 AND 5571254
	Bitmap Heap Scan on sbtest7  (cost=5.41..381.49 rows=95 width=125)
	  Recheck Cond: ((k >= 5571154) AND (k <= 5571254))
	  ->  Bitmap Index Scan on k_7  (cost=0.00..5.38 rows=95 width=0)
	        Index Cond: ((k >= 5571154) AND (k <= 5571254))

table 8 : explain SELECT k, c FROM sbtest8 WHERE k BETWEEN 5571154 AND 5571254
	Bitmap Heap Scan on sbtest8  (cost=5.42..385.43 rows=96 width=125)
	  Recheck Cond: ((k >= 5571154) AND (k <= 5571254))
	  ->  Bitmap Index Scan on k_8  (cost=0.00..5.39 rows=96 width=0)
	        Index Cond: ((k >= 5571154) AND (k <= 5571254))

explain: for range-notcovered :: explain SELECT k, c FROM sbtest%d WHERE k BETWEEN 5571154 AND 5571254
for range-notcovered
table 1 : explain SELECT k, c FROM sbtest1 WHERE k BETWEEN 7356040 AND 7356140
	Bitmap Heap Scan on sbtest1  (cost=5.37..365.72 rows=91 width=125)
	  Recheck Cond: ((k >= 7356040) AND (k <= 7356140))
	  ->  Bitmap Index Scan on k_1  (cost=0.00..5.34 rows=91 width=0)
	        Index Cond: ((k >= 7356040) AND (k <= 7356140))

table 2 : explain SELECT k, c FROM sbtest2 WHERE k BETWEEN 7356040 AND 7356140
	Bitmap Heap Scan on sbtest2  (cost=5.63..468.09 rows=117 width=125)
	  Recheck Cond: ((k >= 7356040) AND (k <= 7356140))
	  ->  Bitmap Index Scan on k_2  (cost=0.00..5.60 rows=117 width=0)
	        Index Cond: ((k >= 7356040) AND (k <= 7356140))

table 3 : explain SELECT k, c FROM sbtest3 WHERE k BETWEEN 7356040 AND 7356140
	Bitmap Heap Scan on sbtest3  (cost=5.50..416.94 rows=104 width=125)
	  Recheck Cond: ((k >= 7356040) AND (k <= 7356140))
	  ->  Bitmap Index Scan on k_3  (cost=0.00..5.47 rows=104 width=0)
	        Index Cond: ((k >= 7356040) AND (k <= 7356140))

table 4 : explain SELECT k, c FROM sbtest4 WHERE k BETWEEN 7356040 AND 7356140
	Bitmap Heap Scan on sbtest4  (cost=5.58..448.42 rows=112 width=125)
	  Recheck Cond: ((k >= 7356040) AND (k <= 7356140))
	  ->  Bitmap Index Scan on k_4  (cost=0.00..5.55 rows=112 width=0)
	        Index Cond: ((k >= 7356040) AND (k <= 7356140))

table 5 : explain SELECT k, c FROM sbtest5 WHERE k BETWEEN 7356040 AND 7356140
	Bitmap Heap Scan on sbtest5  (cost=5.42..385.43 rows=96 width=125)
	  Recheck Cond: ((k >= 7356040) AND (k <= 7356140))
	  ->  Bitmap Index Scan on k_5  (cost=0.00..5.39 rows=96 width=0)
	        Index Cond: ((k >= 7356040) AND (k <= 7356140))

table 6 : explain SELECT k, c FROM sbtest6 WHERE k BETWEEN 7356040 AND 7356140
	Bitmap Heap Scan on sbtest6  (cost=5.40..377.55 rows=94 width=125)
	  Recheck Cond: ((k >= 7356040) AND (k <= 7356140))
	  ->  Bitmap Index Scan on k_6  (cost=0.00..5.38 rows=94 width=0)
	        Index Cond: ((k >= 7356040) AND (k <= 7356140))

table 7 : explain SELECT k, c FROM sbtest7 WHERE k BETWEEN 7356040 AND 7356140
	Bitmap Heap Scan on sbtest7  (cost=5.47..405.13 rows=101 width=125)
	  Recheck Cond: ((k >= 7356040) AND (k <= 7356140))
	  ->  Bitmap Index Scan on k_7  (cost=0.00..5.44 rows=101 width=0)
	        Index Cond: ((k >= 7356040) AND (k <= 7356140))

table 8 : explain SELECT k, c FROM sbtest8 WHERE k BETWEEN 7356040 AND 7356140
	Bitmap Heap Scan on sbtest8  (cost=5.45..397.25 rows=99 width=125)
	  Recheck Cond: ((k >= 7356040) AND (k <= 7356140))
	  ->  Bitmap Index Scan on k_8  (cost=0.00..5.42 rows=99 width=0)
	        Index Cond: ((k >= 7356040) AND (k <= 7356140))

explain: for range-notcovered :: explain SELECT k, c FROM sbtest%d WHERE k BETWEEN 7356040 AND 7356140
for range-notcovered
table 1 : explain SELECT k, c FROM sbtest1 WHERE k BETWEEN 8279087 AND 8279187
	Bitmap Heap Scan on sbtest1  (cost=5.52..424.81 rows=106 width=125)
	  Recheck Cond: ((k >= 8279087) AND (k <= 8279187))
	  ->  Bitmap Index Scan on k_1  (cost=0.00..5.50 rows=106 width=0)
	        Index Cond: ((k >= 8279087) AND (k <= 8279187))

table 2 : explain SELECT k, c FROM sbtest2 WHERE k BETWEEN 8279087 AND 8279187
	Bitmap Heap Scan on sbtest2  (cost=5.38..369.67 rows=92 width=125)
	  Recheck Cond: ((k >= 8279087) AND (k <= 8279187))
	  ->  Bitmap Index Scan on k_2  (cost=0.00..5.35 rows=92 width=0)
	        Index Cond: ((k >= 8279087) AND (k <= 8279187))

table 3 : explain SELECT k, c FROM sbtest3 WHERE k BETWEEN 8279087 AND 8279187
	Bitmap Heap Scan on sbtest3  (cost=5.46..401.19 rows=100 width=125)
	  Recheck Cond: ((k >= 8279087) AND (k <= 8279187))
	  ->  Bitmap Index Scan on k_3  (cost=0.00..5.43 rows=100 width=0)
	        Index Cond: ((k >= 8279087) AND (k <= 8279187))

table 4 : explain SELECT k, c FROM sbtest4 WHERE k BETWEEN 8279087 AND 8279187
	Bitmap Heap Scan on sbtest4  (cost=5.40..377.55 rows=94 width=125)
	  Recheck Cond: ((k >= 8279087) AND (k <= 8279187))
	  ->  Bitmap Index Scan on k_4  (cost=0.00..5.38 rows=94 width=0)
	        Index Cond: ((k >= 8279087) AND (k <= 8279187))

table 5 : explain SELECT k, c FROM sbtest5 WHERE k BETWEEN 8279087 AND 8279187
	Bitmap Heap Scan on sbtest5  (cost=5.42..385.43 rows=96 width=125)
	  Recheck Cond: ((k >= 8279087) AND (k <= 8279187))
	  ->  Bitmap Index Scan on k_5  (cost=0.00..5.39 rows=96 width=0)
	        Index Cond: ((k >= 8279087) AND (k <= 8279187))

table 6 : explain SELECT k, c FROM sbtest6 WHERE k BETWEEN 8279087 AND 8279187
	Bitmap Heap Scan on sbtest6  (cost=5.39..373.61 rows=93 width=125)
	  Recheck Cond: ((k >= 8279087) AND (k <= 8279187))
	  ->  Bitmap Index Scan on k_6  (cost=0.00..5.36 rows=93 width=0)
	        Index Cond: ((k >= 8279087) AND (k <= 8279187))

table 7 : explain SELECT k, c FROM sbtest7 WHERE k BETWEEN 8279087 AND 8279187
	Bitmap Heap Scan on sbtest7  (cost=5.52..424.81 rows=106 width=125)
	  Recheck Cond: ((k >= 8279087) AND (k <= 8279187))
	  ->  Bitmap Index Scan on k_7  (cost=0.00..5.50 rows=106 width=0)
	        Index Cond: ((k >= 8279087) AND (k <= 8279187))

table 8 : explain SELECT k, c FROM sbtest8 WHERE k BETWEEN 8279087 AND 8279187
	Bitmap Heap Scan on sbtest8  (cost=5.48..409.07 rows=102 width=125)
	  Recheck Cond: ((k >= 8279087) AND (k <= 8279187))
	  ->  Bitmap Index Scan on k_8  (cost=0.00..5.45 rows=102 width=0)
	        Index Cond: ((k >= 8279087) AND (k <= 8279187))

for range-notcovered
table 1 : explain SELECT k, c FROM sbtest1 WHERE k BETWEEN 1676572 AND 1676672
	Bitmap Heap Scan on sbtest1  (cost=5.56..440.56 rows=110 width=125)
	  Recheck Cond: ((k >= 1676572) AND (k <= 1676672))
	  ->  Bitmap Index Scan on k_1  (cost=0.00..5.53 rows=110 width=0)
	        Index Cond: ((k >= 1676572) AND (k <= 1676672))

table 2 : explain SELECT k, c FROM sbtest2 WHERE k BETWEEN 1676572 AND 1676672
	Bitmap Heap Scan on sbtest2  (cost=5.47..405.13 rows=101 width=125)
	  Recheck Cond: ((k >= 1676572) AND (k <= 1676672))
	  ->  Bitmap Index Scan on k_2  (cost=0.00..5.44 rows=101 width=0)
	        Index Cond: ((k >= 1676572) AND (k <= 1676672))

table 3 : explain SELECT k, c FROM sbtest3 WHERE k BETWEEN 1676572 AND 1676672
	Bitmap Heap Scan on sbtest3  (cost=5.56..440.56 rows=110 width=125)
	  Recheck Cond: ((k >= 1676572) AND (k <= 1676672))
	  ->  Bitmap Index Scan on k_3  (cost=0.00..5.53 rows=110 width=0)
	        Index Cond: ((k >= 1676572) AND (k <= 1676672))

table 4 : explain SELECT k, c FROM sbtest4 WHERE k BETWEEN 1676572 AND 1676672
	Bitmap Heap Scan on sbtest4  (cost=5.43..389.37 rows=97 width=125)
	  Recheck Cond: ((k >= 1676572) AND (k <= 1676672))
	  ->  Bitmap Index Scan on k_4  (cost=0.00..5.40 rows=97 width=0)
	        Index Cond: ((k >= 1676572) AND (k <= 1676672))

table 5 : explain SELECT k, c FROM sbtest5 WHERE k BETWEEN 1676572 AND 1676672
	Bitmap Heap Scan on sbtest5  (cost=5.38..369.67 rows=92 width=125)
	  Recheck Cond: ((k >= 1676572) AND (k <= 1676672))
	  ->  Bitmap Index Scan on k_5  (cost=0.00..5.35 rows=92 width=0)
	        Index Cond: ((k >= 1676572) AND (k <= 1676672))

table 6 : explain SELECT k, c FROM sbtest6 WHERE k BETWEEN 1676572 AND 1676672
	Bitmap Heap Scan on sbtest6  (cost=5.47..405.13 rows=101 width=125)
	  Recheck Cond: ((k >= 1676572) AND (k <= 1676672))
	  ->  Bitmap Index Scan on k_6  (cost=0.00..5.44 rows=101 width=0)
	        Index Cond: ((k >= 1676572) AND (k <= 1676672))

table 7 : explain SELECT k, c FROM sbtest7 WHERE k BETWEEN 1676572 AND 1676672
	Bitmap Heap Scan on sbtest7  (cost=5.57..444.49 rows=111 width=125)
	  Recheck Cond: ((k >= 1676572) AND (k <= 1676672))
	  ->  Bitmap Index Scan on k_7  (cost=0.00..5.54 rows=111 width=0)
	        Index Cond: ((k >= 1676572) AND (k <= 1676672))

table 8 : explain SELECT k, c FROM sbtest8 WHERE k BETWEEN 1676572 AND 1676672
	Bitmap Heap Scan on sbtest8  (cost=5.50..416.94 rows=104 width=125)
	  Recheck Cond: ((k >= 1676572) AND (k <= 1676672))
	  ->  Bitmap Index Scan on k_8  (cost=0.00..5.47 rows=104 width=0)
	        Index Cond: ((k >= 1676572) AND (k <= 1676672))

explain: for range-notcovered :: explain SELECT k, c FROM sbtest%d WHERE k BETWEEN 8279087 AND 8279187
for range-notcovered
table 1 : explain SELECT k, c FROM sbtest1 WHERE k BETWEEN 4105512 AND 4105612
	Bitmap Heap Scan on sbtest1  (cost=5.62..464.15 rows=116 width=125)
	  Recheck Cond: ((k >= 4105512) AND (k <= 4105612))
	  ->  Bitmap Index Scan on k_1  (cost=0.00..5.59 rows=116 width=0)
	        Index Cond: ((k >= 4105512) AND (k <= 4105612))

table 2 : explain SELECT k, c FROM sbtest2 WHERE k BETWEEN 4105512 AND 4105612
	Bitmap Heap Scan on sbtest2  (cost=5.60..456.29 rows=114 width=125)
	  Recheck Cond: ((k >= 4105512) AND (k <= 4105612))
	  ->  Bitmap Index Scan on k_2  (cost=0.00..5.58 rows=114 width=0)
	        Index Cond: ((k >= 4105512) AND (k <= 4105612))

table 3 : explain SELECT k, c FROM sbtest3 WHERE k BETWEEN 4105512 AND 4105612
	Bitmap Heap Scan on sbtest3  (cost=5.60..456.29 rows=114 width=125)
	  Recheck Cond: ((k >= 4105512) AND (k <= 4105612))
	  ->  Bitmap Index Scan on k_3  (cost=0.00..5.58 rows=114 width=0)
	        Index Cond: ((k >= 4105512) AND (k <= 4105612))

table 4 : explain SELECT k, c FROM sbtest4 WHERE k BETWEEN 4105512 AND 4105612
	Bitmap Heap Scan on sbtest4  (cost=5.37..365.72 rows=91 width=125)
	  Recheck Cond: ((k >= 4105512) AND (k <= 4105612))
	  ->  Bitmap Index Scan on k_4  (cost=0.00..5.34 rows=91 width=0)
	        Index Cond: ((k >= 4105512) AND (k <= 4105612))

table 5 : explain SELECT k, c FROM sbtest5 WHERE k BETWEEN 4105512 AND 4105612
	Bitmap Heap Scan on sbtest5  (cost=5.53..428.75 rows=107 width=125)
	  Recheck Cond: ((k >= 4105512) AND (k <= 4105612))
	  ->  Bitmap Index Scan on k_5  (cost=0.00..5.50 rows=107 width=0)
	        Index Cond: ((k >= 4105512) AND (k <= 4105612))

table 6 : explain SELECT k, c FROM sbtest6 WHERE k BETWEEN 4105512 AND 4105612
	Bitmap Heap Scan on sbtest6  (cost=5.44..393.31 rows=98 width=125)
	  Recheck Cond: ((k >= 4105512) AND (k <= 4105612))
	  ->  Bitmap Index Scan on k_6  (cost=0.00..5.42 rows=98 width=0)
	        Index Cond: ((k >= 4105512) AND (k <= 4105612))

table 7 : explain SELECT k, c FROM sbtest7 WHERE k BETWEEN 4105512 AND 4105612
	Bitmap Heap Scan on sbtest7  (cost=5.53..428.75 rows=107 width=125)
	  Recheck Cond: ((k >= 4105512) AND (k <= 4105612))
	  ->  Bitmap Index Scan on k_7  (cost=0.00..5.50 rows=107 width=0)
	        Index Cond: ((k >= 4105512) AND (k <= 4105612))

table 8 : explain SELECT k, c FROM sbtest8 WHERE k BETWEEN 4105512 AND 4105612
	Bitmap Heap Scan on sbtest8  (cost=5.42..385.43 rows=96 width=125)
	  Recheck Cond: ((k >= 4105512) AND (k <= 4105612))
	  ->  Bitmap Index Scan on k_8  (cost=0.00..5.39 rows=96 width=0)
	        Index Cond: ((k >= 4105512) AND (k <= 4105612))

explain: for range-notcovered :: explain SELECT k, c FROM sbtest%d WHERE k BETWEEN 4105512 AND 4105612
for range-notcovered
table 1 : explain SELECT k, c FROM sbtest1 WHERE k BETWEEN 5571154 AND 5571254
	Bitmap Heap Scan on sbtest1  (cost=5.46..401.19 rows=100 width=125)
	  Recheck Cond: ((k >= 5571154) AND (k <= 5571254))
	  ->  Bitmap Index Scan on k_1  (cost=0.00..5.43 rows=100 width=0)
	        Index Cond: ((k >= 5571154) AND (k <= 5571254))

table 2 : explain SELECT k, c FROM sbtest2 WHERE k BETWEEN 5571154 AND 5571254
	Bitmap Heap Scan on sbtest2  (cost=5.49..413.00 rows=103 width=125)
	  Recheck Cond: ((k >= 5571154) AND (k <= 5571254))
	  ->  Bitmap Index Scan on k_2  (cost=0.00..5.46 rows=103 width=0)
	        Index Cond: ((k >= 5571154) AND (k <= 5571254))

table 3 : explain SELECT k, c FROM sbtest3 WHERE k BETWEEN 5571154 AND 5571254
	Bitmap Heap Scan on sbtest3  (cost=5.44..393.31 rows=98 width=125)
	  Recheck Cond: ((k >= 5571154) AND (k <= 5571254))
	  ->  Bitmap Index Scan on k_3  (cost=0.00..5.42 rows=98 width=0)
	        Index Cond: ((k >= 5571154) AND (k <= 5571254))

table 4 : explain SELECT k, c FROM sbtest4 WHERE k BETWEEN 5571154 AND 5571254
	Bitmap Heap Scan on sbtest4  (cost=5.41..381.49 rows=95 width=125)
	  Recheck Cond: ((k >= 5571154) AND (k <= 5571254))
	  ->  Bitmap Index Scan on k_4  (cost=0.00..5.38 rows=95 width=0)
	        Index Cond: ((k >= 5571154) AND (k <= 5571254))

table 5 : explain SELECT k, c FROM sbtest5 WHERE k BETWEEN 5571154 AND 5571254
	Bitmap Heap Scan on sbtest5  (cost=5.47..405.13 rows=101 width=125)
	  Recheck Cond: ((k >= 5571154) AND (k <= 5571254))
	  ->  Bitmap Index Scan on k_5  (cost=0.00..5.44 rows=101 width=0)
	        Index Cond: ((k >= 5571154) AND (k <= 5571254))

table 6 : explain SELECT k, c FROM sbtest6 WHERE k BETWEEN 5571154 AND 5571254
	Bitmap Heap Scan on sbtest6  (cost=5.62..464.15 rows=116 width=125)
	  Recheck Cond: ((k >= 5571154) AND (k <= 5571254))
	  ->  Bitmap Index Scan on k_6  (cost=0.00..5.59 rows=116 width=0)
	        Index Cond: ((k >= 5571154) AND (k <= 5571254))

table 7 : explain SELECT k, c FROM sbtest7 WHERE k BETWEEN 5571154 AND 5571254
	Bitmap Heap Scan on sbtest7  (cost=5.41..381.49 rows=95 width=125)
	  Recheck Cond: ((k >= 5571154) AND (k <= 5571254))
	  ->  Bitmap Index Scan on k_7  (cost=0.00..5.38 rows=95 width=0)
	        Index Cond: ((k >= 5571154) AND (k <= 5571254))

table 8 : explain SELECT k, c FROM sbtest8 WHERE k BETWEEN 5571154 AND 5571254
	Bitmap Heap Scan on sbtest8  (cost=5.42..385.43 rows=96 width=125)
	  Recheck Cond: ((k >= 5571154) AND (k <= 5571254))
	  ->  Bitmap Index Scan on k_8  (cost=0.00..5.39 rows=96 width=0)
	        Index Cond: ((k >= 5571154) AND (k <= 5571254))

explain: for range-notcovered :: explain SELECT k, c FROM sbtest%d WHERE k BETWEEN 5571154 AND 5571254
for range-notcovered
table 1 : explain SELECT k, c FROM sbtest1 WHERE k BETWEEN 4774149 AND 4774249
	Bitmap Heap Scan on sbtest1  (cost=5.41..381.49 rows=95 width=125)
	  Recheck Cond: ((k >= 4774149) AND (k <= 4774249))
	  ->  Bitmap Index Scan on k_1  (cost=0.00..5.38 rows=95 width=0)
	        Index Cond: ((k >= 4774149) AND (k <= 4774249))

table 2 : explain SELECT k, c FROM sbtest2 WHERE k BETWEEN 4774149 AND 4774249
	Bitmap Heap Scan on sbtest2  (cost=5.47..405.13 rows=101 width=125)
	  Recheck Cond: ((k >= 4774149) AND (k <= 4774249))
	  ->  Bitmap Index Scan on k_2  (cost=0.00..5.44 rows=101 width=0)
	        Index Cond: ((k >= 4774149) AND (k <= 4774249))

table 3 : explain SELECT k, c FROM sbtest3 WHERE k BETWEEN 4774149 AND 4774249
	Bitmap Heap Scan on sbtest3  (cost=5.39..373.61 rows=93 width=125)
	  Recheck Cond: ((k >= 4774149) AND (k <= 4774249))
	  ->  Bitmap Index Scan on k_3  (cost=0.00..5.36 rows=93 width=0)
	        Index Cond: ((k >= 4774149) AND (k <= 4774249))

table 4 : explain SELECT k, c FROM sbtest4 WHERE k BETWEEN 4774149 AND 4774249
	Bitmap Heap Scan on sbtest4  (cost=5.52..424.81 rows=106 width=125)
	  Recheck Cond: ((k >= 4774149) AND (k <= 4774249))
	  ->  Bitmap Index Scan on k_4  (cost=0.00..5.50 rows=106 width=0)
	        Index Cond: ((k >= 4774149) AND (k <= 4774249))

table 5 : explain SELECT k, c FROM sbtest5 WHERE k BETWEEN 4774149 AND 4774249
	Bitmap Heap Scan on sbtest5  (cost=5.44..393.31 rows=98 width=125)
	  Recheck Cond: ((k >= 4774149) AND (k <= 4774249))
	  ->  Bitmap Index Scan on k_5  (cost=0.00..5.42 rows=98 width=0)
	        Index Cond: ((k >= 4774149) AND (k <= 4774249))

table 6 : explain SELECT k, c FROM sbtest6 WHERE k BETWEEN 4774149 AND 4774249
	Bitmap Heap Scan on sbtest6  (cost=5.45..397.25 rows=99 width=125)
	  Recheck Cond: ((k >= 4774149) AND (k <= 4774249))
	  ->  Bitmap Index Scan on k_6  (cost=0.00..5.42 rows=99 width=0)
	        Index Cond: ((k >= 4774149) AND (k <= 4774249))

table 7 : explain SELECT k, c FROM sbtest7 WHERE k BETWEEN 4774149 AND 4774249
	Bitmap Heap Scan on sbtest7  (cost=5.49..413.00 rows=103 width=125)
	  Recheck Cond: ((k >= 4774149) AND (k <= 4774249))
	  ->  Bitmap Index Scan on k_7  (cost=0.00..5.46 rows=103 width=0)
	        Index Cond: ((k >= 4774149) AND (k <= 4774249))

table 8 : explain SELECT k, c FROM sbtest8 WHERE k BETWEEN 4774149 AND 4774249
	Bitmap Heap Scan on sbtest8  (cost=5.47..405.13 rows=101 width=125)
	  Recheck Cond: ((k >= 4774149) AND (k <= 4774249))
	  ->  Bitmap Index Scan on k_8  (cost=0.00..5.44 rows=101 width=0)
	        Index Cond: ((k >= 4774149) AND (k <= 4774249))

for range-notcovered
table 1 : explain SELECT k, c FROM sbtest1 WHERE k BETWEEN 8279087 AND 8279187
	Bitmap Heap Scan on sbtest1  (cost=5.52..424.81 rows=106 width=125)
	  Recheck Cond: ((k >= 8279087) AND (k <= 8279187))
	  ->  Bitmap Index Scan on k_1  (cost=0.00..5.50 rows=106 width=0)
	        Index Cond: ((k >= 8279087) AND (k <= 8279187))

table 2 : explain SELECT k, c FROM sbtest2 WHERE k BETWEEN 8279087 AND 8279187
	Bitmap Heap Scan on sbtest2  (cost=5.38..369.67 rows=92 width=125)
	  Recheck Cond: ((k >= 8279087) AND (k <= 8279187))
	  ->  Bitmap Index Scan on k_2  (cost=0.00..5.35 rows=92 width=0)
	        Index Cond: ((k >= 8279087) AND (k <= 8279187))

table 3 : explain SELECT k, c FROM sbtest3 WHERE k BETWEEN 8279087 AND 8279187
	Bitmap Heap Scan on sbtest3  (cost=5.46..401.19 rows=100 width=125)
	  Recheck Cond: ((k >= 8279087) AND (k <= 8279187))
	  ->  Bitmap Index Scan on k_3  (cost=0.00..5.43 rows=100 width=0)
	        Index Cond: ((k >= 8279087) AND (k <= 8279187))

table 4 : explain SELECT k, c FROM sbtest4 WHERE k BETWEEN 8279087 AND 8279187
	Bitmap Heap Scan on sbtest4  (cost=5.40..377.55 rows=94 width=125)
	  Recheck Cond: ((k >= 8279087) AND (k <= 8279187))
	  ->  Bitmap Index Scan on k_4  (cost=0.00..5.38 rows=94 width=0)
	        Index Cond: ((k >= 8279087) AND (k <= 8279187))

table 5 : explain SELECT k, c FROM sbtest5 WHERE k BETWEEN 8279087 AND 8279187
	Bitmap Heap Scan on sbtest5  (cost=5.42..385.43 rows=96 width=125)
	  Recheck Cond: ((k >= 8279087) AND (k <= 8279187))
	  ->  Bitmap Index Scan on k_5  (cost=0.00..5.39 rows=96 width=0)
	        Index Cond: ((k >= 8279087) AND (k <= 8279187))

table 6 : explain SELECT k, c FROM sbtest6 WHERE k BETWEEN 8279087 AND 8279187
	Bitmap Heap Scan on sbtest6  (cost=5.39..373.61 rows=93 width=125)
	  Recheck Cond: ((k >= 8279087) AND (k <= 8279187))
	  ->  Bitmap Index Scan on k_6  (cost=0.00..5.36 rows=93 width=0)
	        Index Cond: ((k >= 8279087) AND (k <= 8279187))

table 7 : explain SELECT k, c FROM sbtest7 WHERE k BETWEEN 8279087 AND 8279187
	Bitmap Heap Scan on sbtest7  (cost=5.52..424.81 rows=106 width=125)
	  Recheck Cond: ((k >= 8279087) AND (k <= 8279187))
	  ->  Bitmap Index Scan on k_7  (cost=0.00..5.50 rows=106 width=0)
	        Index Cond: ((k >= 8279087) AND (k <= 8279187))

table 8 : explain SELECT k, c FROM sbtest8 WHERE k BETWEEN 8279087 AND 8279187
	Bitmap Heap Scan on sbtest8  (cost=5.48..409.07 rows=102 width=125)
	  Recheck Cond: ((k >= 8279087) AND (k <= 8279187))
	  ->  Bitmap Index Scan on k_8  (cost=0.00..5.45 rows=102 width=0)
	        Index Cond: ((k >= 8279087) AND (k <= 8279187))

explain: for range-notcovered :: explain SELECT k, c FROM sbtest%d WHERE k BETWEEN 8279087 AND 8279187
explain: for range-notcovered :: explain SELECT k, c FROM sbtest%d WHERE k BETWEEN 4774149 AND 4774249
for range-notcovered
table 1 : explain SELECT k, c FROM sbtest1 WHERE k BETWEEN 4105512 AND 4105612
	Bitmap Heap Scan on sbtest1  (cost=5.62..464.15 rows=116 width=125)
	  Recheck Cond: ((k >= 4105512) AND (k <= 4105612))
	  ->  Bitmap Index Scan on k_1  (cost=0.00..5.59 rows=116 width=0)
	        Index Cond: ((k >= 4105512) AND (k <= 4105612))

table 2 : explain SELECT k, c FROM sbtest2 WHERE k BETWEEN 4105512 AND 4105612
	Bitmap Heap Scan on sbtest2  (cost=5.60..456.29 rows=114 width=125)
	  Recheck Cond: ((k >= 4105512) AND (k <= 4105612))
	  ->  Bitmap Index Scan on k_2  (cost=0.00..5.58 rows=114 width=0)
	        Index Cond: ((k >= 4105512) AND (k <= 4105612))

table 3 : explain SELECT k, c FROM sbtest3 WHERE k BETWEEN 4105512 AND 4105612
	Bitmap Heap Scan on sbtest3  (cost=5.60..456.29 rows=114 width=125)
	  Recheck Cond: ((k >= 4105512) AND (k <= 4105612))
	  ->  Bitmap Index Scan on k_3  (cost=0.00..5.58 rows=114 width=0)
	        Index Cond: ((k >= 4105512) AND (k <= 4105612))

table 4 : explain SELECT k, c FROM sbtest4 WHERE k BETWEEN 4105512 AND 4105612
	Bitmap Heap Scan on sbtest4  (cost=5.37..365.72 rows=91 width=125)
	  Recheck Cond: ((k >= 4105512) AND (k <= 4105612))
	  ->  Bitmap Index Scan on k_4  (cost=0.00..5.34 rows=91 width=0)
	        Index Cond: ((k >= 4105512) AND (k <= 4105612))

table 5 : explain SELECT k, c FROM sbtest5 WHERE k BETWEEN 4105512 AND 4105612
	Bitmap Heap Scan on sbtest5  (cost=5.53..428.75 rows=107 width=125)
	  Recheck Cond: ((k >= 4105512) AND (k <= 4105612))
	  ->  Bitmap Index Scan on k_5  (cost=0.00..5.50 rows=107 width=0)
	        Index Cond: ((k >= 4105512) AND (k <= 4105612))

table 6 : explain SELECT k, c FROM sbtest6 WHERE k BETWEEN 4105512 AND 4105612
	Bitmap Heap Scan on sbtest6  (cost=5.44..393.31 rows=98 width=125)
	  Recheck Cond: ((k >= 4105512) AND (k <= 4105612))
	  ->  Bitmap Index Scan on k_6  (cost=0.00..5.42 rows=98 width=0)
	        Index Cond: ((k >= 4105512) AND (k <= 4105612))

table 7 : explain SELECT k, c FROM sbtest7 WHERE k BETWEEN 4105512 AND 4105612
	Bitmap Heap Scan on sbtest7  (cost=5.53..428.75 rows=107 width=125)
	  Recheck Cond: ((k >= 4105512) AND (k <= 4105612))
	  ->  Bitmap Index Scan on k_7  (cost=0.00..5.50 rows=107 width=0)
	        Index Cond: ((k >= 4105512) AND (k <= 4105612))

table 8 : explain SELECT k, c FROM sbtest8 WHERE k BETWEEN 4105512 AND 4105612
	Bitmap Heap Scan on sbtest8  (cost=5.42..385.43 rows=96 width=125)
	  Recheck Cond: ((k >= 4105512) AND (k <= 4105612))
	  ->  Bitmap Index Scan on k_8  (cost=0.00..5.39 rows=96 width=0)
	        Index Cond: ((k >= 4105512) AND (k <= 4105612))

explain: for range-notcovered :: explain SELECT k, c FROM sbtest%d WHERE k BETWEEN 4105512 AND 4105612
for range-notcovered
table 1 : explain SELECT k, c FROM sbtest1 WHERE k BETWEEN 5571154 AND 5571254
	Bitmap Heap Scan on sbtest1  (cost=5.46..401.19 rows=100 width=125)
	  Recheck Cond: ((k >= 5571154) AND (k <= 5571254))
	  ->  Bitmap Index Scan on k_1  (cost=0.00..5.43 rows=100 width=0)
	        Index Cond: ((k >= 5571154) AND (k <= 5571254))

table 2 : explain SELECT k, c FROM sbtest2 WHERE k BETWEEN 5571154 AND 5571254
	Bitmap Heap Scan on sbtest2  (cost=5.49..413.00 rows=103 width=125)
	  Recheck Cond: ((k >= 5571154) AND (k <= 5571254))
	  ->  Bitmap Index Scan on k_2  (cost=0.00..5.46 rows=103 width=0)
	        Index Cond: ((k >= 5571154) AND (k <= 5571254))

table 3 : explain SELECT k, c FROM sbtest3 WHERE k BETWEEN 5571154 AND 5571254
	Bitmap Heap Scan on sbtest3  (cost=5.44..393.31 rows=98 width=125)
	  Recheck Cond: ((k >= 5571154) AND (k <= 5571254))
	  ->  Bitmap Index Scan on k_3  (cost=0.00..5.42 rows=98 width=0)
	        Index Cond: ((k >= 5571154) AND (k <= 5571254))

table 4 : explain SELECT k, c FROM sbtest4 WHERE k BETWEEN 5571154 AND 5571254
	Bitmap Heap Scan on sbtest4  (cost=5.41..381.49 rows=95 width=125)
	  Recheck Cond: ((k >= 5571154) AND (k <= 5571254))
	  ->  Bitmap Index Scan on k_4  (cost=0.00..5.38 rows=95 width=0)
	        Index Cond: ((k >= 5571154) AND (k <= 5571254))

table 5 : explain SELECT k, c FROM sbtest5 WHERE k BETWEEN 5571154 AND 5571254
	Bitmap Heap Scan on sbtest5  (cost=5.47..405.13 rows=101 width=125)
	  Recheck Cond: ((k >= 5571154) AND (k <= 5571254))
	  ->  Bitmap Index Scan on k_5  (cost=0.00..5.44 rows=101 width=0)
	        Index Cond: ((k >= 5571154) AND (k <= 5571254))

table 6 : explain SELECT k, c FROM sbtest6 WHERE k BETWEEN 5571154 AND 5571254
	Bitmap Heap Scan on sbtest6  (cost=5.62..464.15 rows=116 width=125)
	  Recheck Cond: ((k >= 5571154) AND (k <= 5571254))
	  ->  Bitmap Index Scan on k_6  (cost=0.00..5.59 rows=116 width=0)
	        Index Cond: ((k >= 5571154) AND (k <= 5571254))

table 7 : explain SELECT k, c FROM sbtest7 WHERE k BETWEEN 5571154 AND 5571254
	Bitmap Heap Scan on sbtest7  (cost=5.41..381.49 rows=95 width=125)
	  Recheck Cond: ((k >= 5571154) AND (k <= 5571254))
	  ->  Bitmap Index Scan on k_7  (cost=0.00..5.38 rows=95 width=0)
	        Index Cond: ((k >= 5571154) AND (k <= 5571254))

table 8 : explain SELECT k, c FROM sbtest8 WHERE k BETWEEN 5571154 AND 5571254
	Bitmap Heap Scan on sbtest8  (cost=5.42..385.43 rows=96 width=125)
	  Recheck Cond: ((k >= 5571154) AND (k <= 5571254))
	  ->  Bitmap Index Scan on k_8  (cost=0.00..5.39 rows=96 width=0)
	        Index Cond: ((k >= 5571154) AND (k <= 5571254))

explain: for range-notcovered :: explain SELECT k, c FROM sbtest%d WHERE k BETWEEN 5571154 AND 5571254
for range-notcovered
table 1 : explain SELECT k, c FROM sbtest1 WHERE k BETWEEN 7356040 AND 7356140
	Bitmap Heap Scan on sbtest1  (cost=5.37..365.72 rows=91 width=125)
	  Recheck Cond: ((k >= 7356040) AND (k <= 7356140))
	  ->  Bitmap Index Scan on k_1  (cost=0.00..5.34 rows=91 width=0)
	        Index Cond: ((k >= 7356040) AND (k <= 7356140))

table 2 : explain SELECT k, c FROM sbtest2 WHERE k BETWEEN 7356040 AND 7356140
	Bitmap Heap Scan on sbtest2  (cost=5.63..468.09 rows=117 width=125)
	  Recheck Cond: ((k >= 7356040) AND (k <= 7356140))
	  ->  Bitmap Index Scan on k_2  (cost=0.00..5.60 rows=117 width=0)
	        Index Cond: ((k >= 7356040) AND (k <= 7356140))

table 3 : explain SELECT k, c FROM sbtest3 WHERE k BETWEEN 7356040 AND 7356140
	Bitmap Heap Scan on sbtest3  (cost=5.50..416.94 rows=104 width=125)
	  Recheck Cond: ((k >= 7356040) AND (k <= 7356140))
	  ->  Bitmap Index Scan on k_3  (cost=0.00..5.47 rows=104 width=0)
	        Index Cond: ((k >= 7356040) AND (k <= 7356140))

table 4 : explain SELECT k, c FROM sbtest4 WHERE k BETWEEN 7356040 AND 7356140
	Bitmap Heap Scan on sbtest4  (cost=5.58..448.42 rows=112 width=125)
	  Recheck Cond: ((k >= 7356040) AND (k <= 7356140))
	  ->  Bitmap Index Scan on k_4  (cost=0.00..5.55 rows=112 width=0)
	        Index Cond: ((k >= 7356040) AND (k <= 7356140))

table 5 : explain SELECT k, c FROM sbtest5 WHERE k BETWEEN 7356040 AND 7356140
	Bitmap Heap Scan on sbtest5  (cost=5.42..385.43 rows=96 width=125)
	  Recheck Cond: ((k >= 7356040) AND (k <= 7356140))
	  ->  Bitmap Index Scan on k_5  (cost=0.00..5.39 rows=96 width=0)
	        Index Cond: ((k >= 7356040) AND (k <= 7356140))

table 6 : explain SELECT k, c FROM sbtest6 WHERE k BETWEEN 7356040 AND 7356140
	Bitmap Heap Scan on sbtest6  (cost=5.40..377.55 rows=94 width=125)
	  Recheck Cond: ((k >= 7356040) AND (k <= 7356140))
	  ->  Bitmap Index Scan on k_6  (cost=0.00..5.38 rows=94 width=0)
	        Index Cond: ((k >= 7356040) AND (k <= 7356140))

table 7 : explain SELECT k, c FROM sbtest7 WHERE k BETWEEN 7356040 AND 7356140
	Bitmap Heap Scan on sbtest7  (cost=5.47..405.13 rows=101 width=125)
	  Recheck Cond: ((k >= 7356040) AND (k <= 7356140))
	  ->  Bitmap Index Scan on k_7  (cost=0.00..5.44 rows=101 width=0)
	        Index Cond: ((k >= 7356040) AND (k <= 7356140))

table 8 : explain SELECT k, c FROM sbtest8 WHERE k BETWEEN 7356040 AND 7356140
	Bitmap Heap Scan on sbtest8  (cost=5.45..397.25 rows=99 width=125)
	  Recheck Cond: ((k >= 7356040) AND (k <= 7356140))
	  ->  Bitmap Index Scan on k_8  (cost=0.00..5.42 rows=99 width=0)
	        Index Cond: ((k >= 7356040) AND (k <= 7356140))

explain: for range-notcovered :: explain SELECT k, c FROM sbtest%d WHERE k BETWEEN 7356040 AND 7356140
for range-notcovered
table 1 : explain SELECT k, c FROM sbtest1 WHERE k BETWEEN 8279087 AND 8279187
	Bitmap Heap Scan on sbtest1  (cost=5.52..424.81 rows=106 width=125)
	  Recheck Cond: ((k >= 8279087) AND (k <= 8279187))
	  ->  Bitmap Index Scan on k_1  (cost=0.00..5.50 rows=106 width=0)
	        Index Cond: ((k >= 8279087) AND (k <= 8279187))

table 2 : explain SELECT k, c FROM sbtest2 WHERE k BETWEEN 8279087 AND 8279187
	Bitmap Heap Scan on sbtest2  (cost=5.38..369.67 rows=92 width=125)
	  Recheck Cond: ((k >= 8279087) AND (k <= 8279187))
	  ->  Bitmap Index Scan on k_2  (cost=0.00..5.35 rows=92 width=0)
	        Index Cond: ((k >= 8279087) AND (k <= 8279187))

table 3 : explain SELECT k, c FROM sbtest3 WHERE k BETWEEN 8279087 AND 8279187
	Bitmap Heap Scan on sbtest3  (cost=5.46..401.19 rows=100 width=125)
	  Recheck Cond: ((k >= 8279087) AND (k <= 8279187))
	  ->  Bitmap Index Scan on k_3  (cost=0.00..5.43 rows=100 width=0)
	        Index Cond: ((k >= 8279087) AND (k <= 8279187))

table 4 : explain SELECT k, c FROM sbtest4 WHERE k BETWEEN 8279087 AND 8279187
	Bitmap Heap Scan on sbtest4  (cost=5.40..377.55 rows=94 width=125)
	  Recheck Cond: ((k >= 8279087) AND (k <= 8279187))
	  ->  Bitmap Index Scan on k_4  (cost=0.00..5.38 rows=94 width=0)
	        Index Cond: ((k >= 8279087) AND (k <= 8279187))

table 5 : explain SELECT k, c FROM sbtest5 WHERE k BETWEEN 8279087 AND 8279187
	Bitmap Heap Scan on sbtest5  (cost=5.42..385.43 rows=96 width=125)
	  Recheck Cond: ((k >= 8279087) AND (k <= 8279187))
	  ->  Bitmap Index Scan on k_5  (cost=0.00..5.39 rows=96 width=0)
	        Index Cond: ((k >= 8279087) AND (k <= 8279187))

table 6 : explain SELECT k, c FROM sbtest6 WHERE k BETWEEN 8279087 AND 8279187
	Bitmap Heap Scan on sbtest6  (cost=5.39..373.61 rows=93 width=125)
	  Recheck Cond: ((k >= 8279087) AND (k <= 8279187))
	  ->  Bitmap Index Scan on k_6  (cost=0.00..5.36 rows=93 width=0)
	        Index Cond: ((k >= 8279087) AND (k <= 8279187))

table 7 : explain SELECT k, c FROM sbtest7 WHERE k BETWEEN 8279087 AND 8279187
	Bitmap Heap Scan on sbtest7  (cost=5.52..424.81 rows=106 width=125)
	  Recheck Cond: ((k >= 8279087) AND (k <= 8279187))
	  ->  Bitmap Index Scan on k_7  (cost=0.00..5.50 rows=106 width=0)
	        Index Cond: ((k >= 8279087) AND (k <= 8279187))

table 8 : explain SELECT k, c FROM sbtest8 WHERE k BETWEEN 8279087 AND 8279187
	Bitmap Heap Scan on sbtest8  (cost=5.48..409.07 rows=102 width=125)
	  Recheck Cond: ((k >= 8279087) AND (k <= 8279187))
	  ->  Bitmap Index Scan on k_8  (cost=0.00..5.45 rows=102 width=0)
	        Index Cond: ((k >= 8279087) AND (k <= 8279187))

for range-notcovered
table 1 : explain SELECT k, c FROM sbtest1 WHERE k BETWEEN 2729014 AND 2729114
	Bitmap Heap Scan on sbtest1  (cost=5.44..393.31 rows=98 width=125)
	  Recheck Cond: ((k >= 2729014) AND (k <= 2729114))
	  ->  Bitmap Index Scan on k_1  (cost=0.00..5.42 rows=98 width=0)
	        Index Cond: ((k >= 2729014) AND (k <= 2729114))

table 2 : explain SELECT k, c FROM sbtest2 WHERE k BETWEEN 2729014 AND 2729114
	Bitmap Heap Scan on sbtest2  (cost=5.48..409.07 rows=102 width=125)
	  Recheck Cond: ((k >= 2729014) AND (k <= 2729114))
	  ->  Bitmap Index Scan on k_2  (cost=0.00..5.45 rows=102 width=0)
	        Index Cond: ((k >= 2729014) AND (k <= 2729114))

table 3 : explain SELECT k, c FROM sbtest3 WHERE k BETWEEN 2729014 AND 2729114
	Bitmap Heap Scan on sbtest3  (cost=5.43..389.37 rows=97 width=125)
	  Recheck Cond: ((k >= 2729014) AND (k <= 2729114))
	  ->  Bitmap Index Scan on k_3  (cost=0.00..5.40 rows=97 width=0)
	        Index Cond: ((k >= 2729014) AND (k <= 2729114))

table 4 : explain SELECT k, c FROM sbtest4 WHERE k BETWEEN 2729014 AND 2729114
	Bitmap Heap Scan on sbtest4  (cost=5.40..377.55 rows=94 width=125)
	  Recheck Cond: ((k >= 2729014) AND (k <= 2729114))
	  ->  Bitmap Index Scan on k_4  (cost=0.00..5.38 rows=94 width=0)
	        Index Cond: ((k >= 2729014) AND (k <= 2729114))

table 5 : explain SELECT k, c FROM sbtest5 WHERE k BETWEEN 2729014 AND 2729114
	Bitmap Heap Scan on sbtest5  (cost=5.53..428.75 rows=107 width=125)
	  Recheck Cond: ((k >= 2729014) AND (k <= 2729114))
	  ->  Bitmap Index Scan on k_5  (cost=0.00..5.50 rows=107 width=0)
	        Index Cond: ((k >= 2729014) AND (k <= 2729114))

table 6 : explain SELECT k, c FROM sbtest6 WHERE k BETWEEN 2729014 AND 2729114
	Bitmap Heap Scan on sbtest6  (cost=5.62..464.15 rows=116 width=125)
	  Recheck Cond: ((k >= 2729014) AND (k <= 2729114))
	  ->  Bitmap Index Scan on k_6  (cost=0.00..5.59 rows=116 width=0)
	        Index Cond: ((k >= 2729014) AND (k <= 2729114))

table 7 : explain SELECT k, c FROM sbtest7 WHERE k BETWEEN 2729014 AND 2729114
	Bitmap Heap Scan on sbtest7  (cost=5.54..432.69 rows=108 width=125)
	  Recheck Cond: ((k >= 2729014) AND (k <= 2729114))
	  ->  Bitmap Index Scan on k_7  (cost=0.00..5.51 rows=108 width=0)
	        Index Cond: ((k >= 2729014) AND (k <= 2729114))

table 8 : explain SELECT k, c FROM sbtest8 WHERE k BETWEEN 2729014 AND 2729114
	Bitmap Heap Scan on sbtest8  (cost=5.52..424.81 rows=106 width=125)
	  Recheck Cond: ((k >= 2729014) AND (k <= 2729114))
	  ->  Bitmap Index Scan on k_8  (cost=0.00..5.50 rows=106 width=0)
	        Index Cond: ((k >= 2729014) AND (k <= 2729114))

explain: for range-notcovered :: explain SELECT k, c FROM sbtest%d WHERE k BETWEEN 8279087 AND 8279187
explain: for range-notcovered :: explain SELECT k, c FROM sbtest%d WHERE k BETWEEN 2729014 AND 2729114
for range-notcovered
table 1 : explain SELECT k, c FROM sbtest1 WHERE k BETWEEN 2811339 AND 2811439
	Bitmap Heap Scan on sbtest1  (cost=5.44..393.31 rows=98 width=125)
	  Recheck Cond: ((k >= 2811339) AND (k <= 2811439))
	  ->  Bitmap Index Scan on k_1  (cost=0.00..5.42 rows=98 width=0)
	        Index Cond: ((k >= 2811339) AND (k <= 2811439))

table 2 : explain SELECT k, c FROM sbtest2 WHERE k BETWEEN 2811339 AND 2811439
	Bitmap Heap Scan on sbtest2  (cost=5.45..397.25 rows=99 width=125)
	  Recheck Cond: ((k >= 2811339) AND (k <= 2811439))
	  ->  Bitmap Index Scan on k_2  (cost=0.00..5.42 rows=99 width=0)
	        Index Cond: ((k >= 2811339) AND (k <= 2811439))

table 3 : explain SELECT k, c FROM sbtest3 WHERE k BETWEEN 2811339 AND 2811439
	Bitmap Heap Scan on sbtest3  (cost=5.47..405.13 rows=101 width=125)
	  Recheck Cond: ((k >= 2811339) AND (k <= 2811439))
	  ->  Bitmap Index Scan on k_3  (cost=0.00..5.44 rows=101 width=0)
	        Index Cond: ((k >= 2811339) AND (k <= 2811439))

table 4 : explain SELECT k, c FROM sbtest4 WHERE k BETWEEN 2811339 AND 2811439
	Bitmap Heap Scan on sbtest4  (cost=5.52..424.81 rows=106 width=125)
	  Recheck Cond: ((k >= 2811339) AND (k <= 2811439))
	  ->  Bitmap Index Scan on k_4  (cost=0.00..5.50 rows=106 width=0)
	        Index Cond: ((k >= 2811339) AND (k <= 2811439))

table 5 : explain SELECT k, c FROM sbtest5 WHERE k BETWEEN 2811339 AND 2811439
	Bitmap Heap Scan on sbtest5  (cost=5.48..409.07 rows=102 width=125)
	  Recheck Cond: ((k >= 2811339) AND (k <= 2811439))
	  ->  Bitmap Index Scan on k_5  (cost=0.00..5.45 rows=102 width=0)
	        Index Cond: ((k >= 2811339) AND (k <= 2811439))

table 6 : explain SELECT k, c FROM sbtest6 WHERE k BETWEEN 2811339 AND 2811439
	Bitmap Heap Scan on sbtest6  (cost=5.38..369.67 rows=92 width=125)
	  Recheck Cond: ((k >= 2811339) AND (k <= 2811439))
	  ->  Bitmap Index Scan on k_6  (cost=0.00..5.35 rows=92 width=0)
	        Index Cond: ((k >= 2811339) AND (k <= 2811439))

table 7 : explain SELECT k, c FROM sbtest7 WHERE k BETWEEN 2811339 AND 2811439
	Bitmap Heap Scan on sbtest7  (cost=5.52..424.81 rows=106 width=125)
	  Recheck Cond: ((k >= 2811339) AND (k <= 2811439))
	  ->  Bitmap Index Scan on k_7  (cost=0.00..5.50 rows=106 width=0)
	        Index Cond: ((k >= 2811339) AND (k <= 2811439))

table 8 : explain SELECT k, c FROM sbtest8 WHERE k BETWEEN 2811339 AND 2811439
	Bitmap Heap Scan on sbtest8  (cost=5.64..472.02 rows=118 width=125)
	  Recheck Cond: ((k >= 2811339) AND (k <= 2811439))
	  ->  Bitmap Index Scan on k_8  (cost=0.00..5.61 rows=118 width=0)
	        Index Cond: ((k >= 2811339) AND (k <= 2811439))

for range-notcovered
table 1 : explain SELECT k, c FROM sbtest1 WHERE k BETWEEN 4105512 AND 4105612
	Bitmap Heap Scan on sbtest1  (cost=5.62..464.15 rows=116 width=125)
	  Recheck Cond: ((k >= 4105512) AND (k <= 4105612))
	  ->  Bitmap Index Scan on k_1  (cost=0.00..5.59 rows=116 width=0)
	        Index Cond: ((k >= 4105512) AND (k <= 4105612))

table 2 : explain SELECT k, c FROM sbtest2 WHERE k BETWEEN 4105512 AND 4105612
	Bitmap Heap Scan on sbtest2  (cost=5.60..456.29 rows=114 width=125)
	  Recheck Cond: ((k >= 4105512) AND (k <= 4105612))
	  ->  Bitmap Index Scan on k_2  (cost=0.00..5.58 rows=114 width=0)
	        Index Cond: ((k >= 4105512) AND (k <= 4105612))

table 3 : explain SELECT k, c FROM sbtest3 WHERE k BETWEEN 4105512 AND 4105612
	Bitmap Heap Scan on sbtest3  (cost=5.60..456.29 rows=114 width=125)
	  Recheck Cond: ((k >= 4105512) AND (k <= 4105612))
	  ->  Bitmap Index Scan on k_3  (cost=0.00..5.58 rows=114 width=0)
	        Index Cond: ((k >= 4105512) AND (k <= 4105612))

table 4 : explain SELECT k, c FROM sbtest4 WHERE k BETWEEN 4105512 AND 4105612
	Bitmap Heap Scan on sbtest4  (cost=5.37..365.72 rows=91 width=125)
	  Recheck Cond: ((k >= 4105512) AND (k <= 4105612))
	  ->  Bitmap Index Scan on k_4  (cost=0.00..5.34 rows=91 width=0)
	        Index Cond: ((k >= 4105512) AND (k <= 4105612))

table 5 : explain SELECT k, c FROM sbtest5 WHERE k BETWEEN 4105512 AND 4105612
	Bitmap Heap Scan on sbtest5  (cost=5.53..428.75 rows=107 width=125)
	  Recheck Cond: ((k >= 4105512) AND (k <= 4105612))
	  ->  Bitmap Index Scan on k_5  (cost=0.00..5.50 rows=107 width=0)
	        Index Cond: ((k >= 4105512) AND (k <= 4105612))

table 6 : explain SELECT k, c FROM sbtest6 WHERE k BETWEEN 4105512 AND 4105612
	Bitmap Heap Scan on sbtest6  (cost=5.44..393.31 rows=98 width=125)
	  Recheck Cond: ((k >= 4105512) AND (k <= 4105612))
	  ->  Bitmap Index Scan on k_6  (cost=0.00..5.42 rows=98 width=0)
	        Index Cond: ((k >= 4105512) AND (k <= 4105612))

table 7 : explain SELECT k, c FROM sbtest7 WHERE k BETWEEN 4105512 AND 4105612
	Bitmap Heap Scan on sbtest7  (cost=5.53..428.75 rows=107 width=125)
	  Recheck Cond: ((k >= 4105512) AND (k <= 4105612))
	  ->  Bitmap Index Scan on k_7  (cost=0.00..5.50 rows=107 width=0)
	        Index Cond: ((k >= 4105512) AND (k <= 4105612))

table 8 : explain SELECT k, c FROM sbtest8 WHERE k BETWEEN 4105512 AND 4105612
	Bitmap Heap Scan on sbtest8  (cost=5.42..385.43 rows=96 width=125)
	  Recheck Cond: ((k >= 4105512) AND (k <= 4105612))
	  ->  Bitmap Index Scan on k_8  (cost=0.00..5.39 rows=96 width=0)
	        Index Cond: ((k >= 4105512) AND (k <= 4105612))

explain: for range-notcovered :: explain SELECT k, c FROM sbtest%d WHERE k BETWEEN 2811339 AND 2811439
explain: for range-notcovered :: explain SELECT k, c FROM sbtest%d WHERE k BETWEEN 4105512 AND 4105612
explain: for range-notcovered :: explain SELECT k, c FROM sbtest%d WHERE k BETWEEN 4614466 AND 4614566
for range-notcovered
table 1 : explain SELECT k, c FROM sbtest1 WHERE k BETWEEN 4774149 AND 4774249
	Bitmap Heap Scan on sbtest1  (cost=5.41..381.49 rows=95 width=125)
	  Recheck Cond: ((k >= 4774149) AND (k <= 4774249))
	  ->  Bitmap Index Scan on k_1  (cost=0.00..5.38 rows=95 width=0)
	        Index Cond: ((k >= 4774149) AND (k <= 4774249))

table 2 : explain SELECT k, c FROM sbtest2 WHERE k BETWEEN 4774149 AND 4774249
	Bitmap Heap Scan on sbtest2  (cost=5.47..405.13 rows=101 width=125)
	  Recheck Cond: ((k >= 4774149) AND (k <= 4774249))
	  ->  Bitmap Index Scan on k_2  (cost=0.00..5.44 rows=101 width=0)
	        Index Cond: ((k >= 4774149) AND (k <= 4774249))

table 3 : explain SELECT k, c FROM sbtest3 WHERE k BETWEEN 4774149 AND 4774249
	Bitmap Heap Scan on sbtest3  (cost=5.39..373.61 rows=93 width=125)
	  Recheck Cond: ((k >= 4774149) AND (k <= 4774249))
	  ->  Bitmap Index Scan on k_3  (cost=0.00..5.36 rows=93 width=0)
	        Index Cond: ((k >= 4774149) AND (k <= 4774249))

table 4 : explain SELECT k, c FROM sbtest4 WHERE k BETWEEN 4774149 AND 4774249
	Bitmap Heap Scan on sbtest4  (cost=5.52..424.81 rows=106 width=125)
	  Recheck Cond: ((k >= 4774149) AND (k <= 4774249))
	  ->  Bitmap Index Scan on k_4  (cost=0.00..5.50 rows=106 width=0)
	        Index Cond: ((k >= 4774149) AND (k <= 4774249))

table 5 : explain SELECT k, c FROM sbtest5 WHERE k BETWEEN 4774149 AND 4774249
	Bitmap Heap Scan on sbtest5  (cost=5.44..393.31 rows=98 width=125)
	  Recheck Cond: ((k >= 4774149) AND (k <= 4774249))
	  ->  Bitmap Index Scan on k_5  (cost=0.00..5.42 rows=98 width=0)
	        Index Cond: ((k >= 4774149) AND (k <= 4774249))

table 6 : explain SELECT k, c FROM sbtest6 WHERE k BETWEEN 4774149 AND 4774249
	Bitmap Heap Scan on sbtest6  (cost=5.45..397.25 rows=99 width=125)
	  Recheck Cond: ((k >= 4774149) AND (k <= 4774249))
	  ->  Bitmap Index Scan on k_6  (cost=0.00..5.42 rows=99 width=0)
	        Index Cond: ((k >= 4774149) AND (k <= 4774249))

table 7 : explain SELECT k, c FROM sbtest7 WHERE k BETWEEN 4774149 AND 4774249
	Bitmap Heap Scan on sbtest7  (cost=5.49..413.00 rows=103 width=125)
	  Recheck Cond: ((k >= 4774149) AND (k <= 4774249))
	  ->  Bitmap Index Scan on k_7  (cost=0.00..5.46 rows=103 width=0)
	        Index Cond: ((k >= 4774149) AND (k <= 4774249))

table 8 : explain SELECT k, c FROM sbtest8 WHERE k BETWEEN 4774149 AND 4774249
	Bitmap Heap Scan on sbtest8  (cost=5.47..405.13 rows=101 width=125)
	  Recheck Cond: ((k >= 4774149) AND (k <= 4774249))
	  ->  Bitmap Index Scan on k_8  (cost=0.00..5.44 rows=101 width=0)
	        Index Cond: ((k >= 4774149) AND (k <= 4774249))

for range-notcovered
table 1 : explain SELECT k, c FROM sbtest1 WHERE k BETWEEN 8279087 AND 8279187
	Bitmap Heap Scan on sbtest1  (cost=5.52..424.81 rows=106 width=125)
	  Recheck Cond: ((k >= 8279087) AND (k <= 8279187))
	  ->  Bitmap Index Scan on k_1  (cost=0.00..5.50 rows=106 width=0)
	        Index Cond: ((k >= 8279087) AND (k <= 8279187))

table 2 : explain SELECT k, c FROM sbtest2 WHERE k BETWEEN 8279087 AND 8279187
	Bitmap Heap Scan on sbtest2  (cost=5.38..369.67 rows=92 width=125)
	  Recheck Cond: ((k >= 8279087) AND (k <= 8279187))
	  ->  Bitmap Index Scan on k_2  (cost=0.00..5.35 rows=92 width=0)
	        Index Cond: ((k >= 8279087) AND (k <= 8279187))

table 3 : explain SELECT k, c FROM sbtest3 WHERE k BETWEEN 8279087 AND 8279187
	Bitmap Heap Scan on sbtest3  (cost=5.46..401.19 rows=100 width=125)
	  Recheck Cond: ((k >= 8279087) AND (k <= 8279187))
	  ->  Bitmap Index Scan on k_3  (cost=0.00..5.43 rows=100 width=0)
	        Index Cond: ((k >= 8279087) AND (k <= 8279187))

table 4 : explain SELECT k, c FROM sbtest4 WHERE k BETWEEN 8279087 AND 8279187
	Bitmap Heap Scan on sbtest4  (cost=5.40..377.55 rows=94 width=125)
	  Recheck Cond: ((k >= 8279087) AND (k <= 8279187))
	  ->  Bitmap Index Scan on k_4  (cost=0.00..5.38 rows=94 width=0)
	        Index Cond: ((k >= 8279087) AND (k <= 8279187))

table 5 : explain SELECT k, c FROM sbtest5 WHERE k BETWEEN 8279087 AND 8279187
	Bitmap Heap Scan on sbtest5  (cost=5.42..385.43 rows=96 width=125)
	  Recheck Cond: ((k >= 8279087) AND (k <= 8279187))
	  ->  Bitmap Index Scan on k_5  (cost=0.00..5.39 rows=96 width=0)
	        Index Cond: ((k >= 8279087) AND (k <= 8279187))

table 6 : explain SELECT k, c FROM sbtest6 WHERE k BETWEEN 8279087 AND 8279187
	Bitmap Heap Scan on sbtest6  (cost=5.39..373.61 rows=93 width=125)
	  Recheck Cond: ((k >= 8279087) AND (k <= 8279187))
	  ->  Bitmap Index Scan on k_6  (cost=0.00..5.36 rows=93 width=0)
	        Index Cond: ((k >= 8279087) AND (k <= 8279187))

table 7 : explain SELECT k, c FROM sbtest7 WHERE k BETWEEN 8279087 AND 8279187
	Bitmap Heap Scan on sbtest7  (cost=5.52..424.81 rows=106 width=125)
	  Recheck Cond: ((k >= 8279087) AND (k <= 8279187))
	  ->  Bitmap Index Scan on k_7  (cost=0.00..5.50 rows=106 width=0)
	        Index Cond: ((k >= 8279087) AND (k <= 8279187))

table 8 : explain SELECT k, c FROM sbtest8 WHERE k BETWEEN 8279087 AND 8279187
	Bitmap Heap Scan on sbtest8  (cost=5.48..409.07 rows=102 width=125)
	  Recheck Cond: ((k >= 8279087) AND (k <= 8279187))
	  ->  Bitmap Index Scan on k_8  (cost=0.00..5.45 rows=102 width=0)
	        Index Cond: ((k >= 8279087) AND (k <= 8279187))

for range-notcovered
table 1 : explain SELECT k, c FROM sbtest1 WHERE k BETWEEN 2729014 AND 2729114
	Bitmap Heap Scan on sbtest1  (cost=5.44..393.31 rows=98 width=125)
	  Recheck Cond: ((k >= 2729014) AND (k <= 2729114))
	  ->  Bitmap Index Scan on k_1  (cost=0.00..5.42 rows=98 width=0)
	        Index Cond: ((k >= 2729014) AND (k <= 2729114))

table 2 : explain SELECT k, c FROM sbtest2 WHERE k BETWEEN 2729014 AND 2729114
	Bitmap Heap Scan on sbtest2  (cost=5.48..409.07 rows=102 width=125)
	  Recheck Cond: ((k >= 2729014) AND (k <= 2729114))
	  ->  Bitmap Index Scan on k_2  (cost=0.00..5.45 rows=102 width=0)
	        Index Cond: ((k >= 2729014) AND (k <= 2729114))

table 3 : explain SELECT k, c FROM sbtest3 WHERE k BETWEEN 2729014 AND 2729114
	Bitmap Heap Scan on sbtest3  (cost=5.43..389.37 rows=97 width=125)
	  Recheck Cond: ((k >= 2729014) AND (k <= 2729114))
	  ->  Bitmap Index Scan on k_3  (cost=0.00..5.40 rows=97 width=0)
	        Index Cond: ((k >= 2729014) AND (k <= 2729114))

table 4 : explain SELECT k, c FROM sbtest4 WHERE k BETWEEN 2729014 AND 2729114
	Bitmap Heap Scan on sbtest4  (cost=5.40..377.55 rows=94 width=125)
	  Recheck Cond: ((k >= 2729014) AND (k <= 2729114))
	  ->  Bitmap Index Scan on k_4  (cost=0.00..5.38 rows=94 width=0)
	        Index Cond: ((k >= 2729014) AND (k <= 2729114))

table 5 : explain SELECT k, c FROM sbtest5 WHERE k BETWEEN 2729014 AND 2729114
	Bitmap Heap Scan on sbtest5  (cost=5.53..428.75 rows=107 width=125)
	  Recheck Cond: ((k >= 2729014) AND (k <= 2729114))
	  ->  Bitmap Index Scan on k_5  (cost=0.00..5.50 rows=107 width=0)
	        Index Cond: ((k >= 2729014) AND (k <= 2729114))

table 6 : explain SELECT k, c FROM sbtest6 WHERE k BETWEEN 2729014 AND 2729114
	Bitmap Heap Scan on sbtest6  (cost=5.62..464.15 rows=116 width=125)
	  Recheck Cond: ((k >= 2729014) AND (k <= 2729114))
	  ->  Bitmap Index Scan on k_6  (cost=0.00..5.59 rows=116 width=0)
	        Index Cond: ((k >= 2729014) AND (k <= 2729114))

table 7 : explain SELECT k, c FROM sbtest7 WHERE k BETWEEN 2729014 AND 2729114
	Bitmap Heap Scan on sbtest7  (cost=5.54..432.69 rows=108 width=125)
	  Recheck Cond: ((k >= 2729014) AND (k <= 2729114))
	  ->  Bitmap Index Scan on k_7  (cost=0.00..5.51 rows=108 width=0)
	        Index Cond: ((k >= 2729014) AND (k <= 2729114))

table 8 : explain SELECT k, c FROM sbtest8 WHERE k BETWEEN 2729014 AND 2729114
	Bitmap Heap Scan on sbtest8  (cost=5.52..424.81 rows=106 width=125)
	  Recheck Cond: ((k >= 2729014) AND (k <= 2729114))
	  ->  Bitmap Index Scan on k_8  (cost=0.00..5.50 rows=106 width=0)
	        Index Cond: ((k >= 2729014) AND (k <= 2729114))

explain: for range-notcovered :: explain SELECT k, c FROM sbtest%d WHERE k BETWEEN 8279087 AND 8279187
explain: for range-notcovered :: explain SELECT k, c FROM sbtest%d WHERE k BETWEEN 2729014 AND 2729114
explain: for range-notcovered :: explain SELECT k, c FROM sbtest%d WHERE k BETWEEN 4774149 AND 4774249
for range-notcovered
table 1 : explain SELECT k, c FROM sbtest1 WHERE k BETWEEN 4105512 AND 4105612
	Bitmap Heap Scan on sbtest1  (cost=5.62..464.15 rows=116 width=125)
	  Recheck Cond: ((k >= 4105512) AND (k <= 4105612))
	  ->  Bitmap Index Scan on k_1  (cost=0.00..5.59 rows=116 width=0)
	        Index Cond: ((k >= 4105512) AND (k <= 4105612))

table 2 : explain SELECT k, c FROM sbtest2 WHERE k BETWEEN 4105512 AND 4105612
	Bitmap Heap Scan on sbtest2  (cost=5.60..456.29 rows=114 width=125)
	  Recheck Cond: ((k >= 4105512) AND (k <= 4105612))
	  ->  Bitmap Index Scan on k_2  (cost=0.00..5.58 rows=114 width=0)
	        Index Cond: ((k >= 4105512) AND (k <= 4105612))

table 3 : explain SELECT k, c FROM sbtest3 WHERE k BETWEEN 4105512 AND 4105612
	Bitmap Heap Scan on sbtest3  (cost=5.60..456.29 rows=114 width=125)
	  Recheck Cond: ((k >= 4105512) AND (k <= 4105612))
	  ->  Bitmap Index Scan on k_3  (cost=0.00..5.58 rows=114 width=0)
	        Index Cond: ((k >= 4105512) AND (k <= 4105612))

table 4 : explain SELECT k, c FROM sbtest4 WHERE k BETWEEN 4105512 AND 4105612
	Bitmap Heap Scan on sbtest4  (cost=5.37..365.72 rows=91 width=125)
	  Recheck Cond: ((k >= 4105512) AND (k <= 4105612))
	  ->  Bitmap Index Scan on k_4  (cost=0.00..5.34 rows=91 width=0)
	        Index Cond: ((k >= 4105512) AND (k <= 4105612))

table 5 : explain SELECT k, c FROM sbtest5 WHERE k BETWEEN 4105512 AND 4105612
	Bitmap Heap Scan on sbtest5  (cost=5.53..428.75 rows=107 width=125)
	  Recheck Cond: ((k >= 4105512) AND (k <= 4105612))
	  ->  Bitmap Index Scan on k_5  (cost=0.00..5.50 rows=107 width=0)
	        Index Cond: ((k >= 4105512) AND (k <= 4105612))

table 6 : explain SELECT k, c FROM sbtest6 WHERE k BETWEEN 4105512 AND 4105612
	Bitmap Heap Scan on sbtest6  (cost=5.44..393.31 rows=98 width=125)
	  Recheck Cond: ((k >= 4105512) AND (k <= 4105612))
	  ->  Bitmap Index Scan on k_6  (cost=0.00..5.42 rows=98 width=0)
	        Index Cond: ((k >= 4105512) AND (k <= 4105612))

table 7 : explain SELECT k, c FROM sbtest7 WHERE k BETWEEN 4105512 AND 4105612
	Bitmap Heap Scan on sbtest7  (cost=5.53..428.75 rows=107 width=125)
	  Recheck Cond: ((k >= 4105512) AND (k <= 4105612))
	  ->  Bitmap Index Scan on k_7  (cost=0.00..5.50 rows=107 width=0)
	        Index Cond: ((k >= 4105512) AND (k <= 4105612))

table 8 : explain SELECT k, c FROM sbtest8 WHERE k BETWEEN 4105512 AND 4105612
	Bitmap Heap Scan on sbtest8  (cost=5.42..385.43 rows=96 width=125)
	  Recheck Cond: ((k >= 4105512) AND (k <= 4105612))
	  ->  Bitmap Index Scan on k_8  (cost=0.00..5.39 rows=96 width=0)
	        Index Cond: ((k >= 4105512) AND (k <= 4105612))

for range-notcovered
table 1 : explain SELECT k, c FROM sbtest1 WHERE k BETWEEN 2811339 AND 2811439
	Bitmap Heap Scan on sbtest1  (cost=5.44..393.31 rows=98 width=125)
	  Recheck Cond: ((k >= 2811339) AND (k <= 2811439))
	  ->  Bitmap Index Scan on k_1  (cost=0.00..5.42 rows=98 width=0)
	        Index Cond: ((k >= 2811339) AND (k <= 2811439))

table 2 : explain SELECT k, c FROM sbtest2 WHERE k BETWEEN 2811339 AND 2811439
	Bitmap Heap Scan on sbtest2  (cost=5.45..397.25 rows=99 width=125)
	  Recheck Cond: ((k >= 2811339) AND (k <= 2811439))
	  ->  Bitmap Index Scan on k_2  (cost=0.00..5.42 rows=99 width=0)
	        Index Cond: ((k >= 2811339) AND (k <= 2811439))

table 3 : explain SELECT k, c FROM sbtest3 WHERE k BETWEEN 2811339 AND 2811439
	Bitmap Heap Scan on sbtest3  (cost=5.47..405.13 rows=101 width=125)
	  Recheck Cond: ((k >= 2811339) AND (k <= 2811439))
	  ->  Bitmap Index Scan on k_3  (cost=0.00..5.44 rows=101 width=0)
	        Index Cond: ((k >= 2811339) AND (k <= 2811439))

table 4 : explain SELECT k, c FROM sbtest4 WHERE k BETWEEN 2811339 AND 2811439
	Bitmap Heap Scan on sbtest4  (cost=5.52..424.81 rows=106 width=125)
	  Recheck Cond: ((k >= 2811339) AND (k <= 2811439))
	  ->  Bitmap Index Scan on k_4  (cost=0.00..5.50 rows=106 width=0)
	        Index Cond: ((k >= 2811339) AND (k <= 2811439))

table 5 : explain SELECT k, c FROM sbtest5 WHERE k BETWEEN 2811339 AND 2811439
	Bitmap Heap Scan on sbtest5  (cost=5.48..409.07 rows=102 width=125)
	  Recheck Cond: ((k >= 2811339) AND (k <= 2811439))
	  ->  Bitmap Index Scan on k_5  (cost=0.00..5.45 rows=102 width=0)
	        Index Cond: ((k >= 2811339) AND (k <= 2811439))

table 6 : explain SELECT k, c FROM sbtest6 WHERE k BETWEEN 2811339 AND 2811439
	Bitmap Heap Scan on sbtest6  (cost=5.38..369.67 rows=92 width=125)
	  Recheck Cond: ((k >= 2811339) AND (k <= 2811439))
	  ->  Bitmap Index Scan on k_6  (cost=0.00..5.35 rows=92 width=0)
	        Index Cond: ((k >= 2811339) AND (k <= 2811439))

table 7 : explain SELECT k, c FROM sbtest7 WHERE k BETWEEN 2811339 AND 2811439
	Bitmap Heap Scan on sbtest7  (cost=5.52..424.81 rows=106 width=125)
	  Recheck Cond: ((k >= 2811339) AND (k <= 2811439))
	  ->  Bitmap Index Scan on k_7  (cost=0.00..5.50 rows=106 width=0)
	        Index Cond: ((k >= 2811339) AND (k <= 2811439))

table 8 : explain SELECT k, c FROM sbtest8 WHERE k BETWEEN 2811339 AND 2811439
	Bitmap Heap Scan on sbtest8  (cost=5.64..472.02 rows=118 width=125)
	  Recheck Cond: ((k >= 2811339) AND (k <= 2811439))
	  ->  Bitmap Index Scan on k_8  (cost=0.00..5.61 rows=118 width=0)
	        Index Cond: ((k >= 2811339) AND (k <= 2811439))

explain: for range-notcovered :: explain SELECT k, c FROM sbtest%d WHERE k BETWEEN 4105512 AND 4105612
explain: for range-notcovered :: explain SELECT k, c FROM sbtest%d WHERE k BETWEEN 2811339 AND 2811439
for range-notcovered
table 1 : explain SELECT k, c FROM sbtest1 WHERE k BETWEEN 5571154 AND 5571254
	Bitmap Heap Scan on sbtest1  (cost=5.46..401.19 rows=100 width=125)
	  Recheck Cond: ((k >= 5571154) AND (k <= 5571254))
	  ->  Bitmap Index Scan on k_1  (cost=0.00..5.43 rows=100 width=0)
	        Index Cond: ((k >= 5571154) AND (k <= 5571254))

table 2 : explain SELECT k, c FROM sbtest2 WHERE k BETWEEN 5571154 AND 5571254
	Bitmap Heap Scan on sbtest2  (cost=5.49..413.00 rows=103 width=125)
	  Recheck Cond: ((k >= 5571154) AND (k <= 5571254))
	  ->  Bitmap Index Scan on k_2  (cost=0.00..5.46 rows=103 width=0)
	        Index Cond: ((k >= 5571154) AND (k <= 5571254))

table 3 : explain SELECT k, c FROM sbtest3 WHERE k BETWEEN 5571154 AND 5571254
	Bitmap Heap Scan on sbtest3  (cost=5.44..393.31 rows=98 width=125)
	  Recheck Cond: ((k >= 5571154) AND (k <= 5571254))
	  ->  Bitmap Index Scan on k_3  (cost=0.00..5.42 rows=98 width=0)
	        Index Cond: ((k >= 5571154) AND (k <= 5571254))

table 4 : explain SELECT k, c FROM sbtest4 WHERE k BETWEEN 5571154 AND 5571254
	Bitmap Heap Scan on sbtest4  (cost=5.41..381.49 rows=95 width=125)
	  Recheck Cond: ((k >= 5571154) AND (k <= 5571254))
	  ->  Bitmap Index Scan on k_4  (cost=0.00..5.38 rows=95 width=0)
	        Index Cond: ((k >= 5571154) AND (k <= 5571254))

table 5 : explain SELECT k, c FROM sbtest5 WHERE k BETWEEN 5571154 AND 5571254
	Bitmap Heap Scan on sbtest5  (cost=5.47..405.13 rows=101 width=125)
	  Recheck Cond: ((k >= 5571154) AND (k <= 5571254))
	  ->  Bitmap Index Scan on k_5  (cost=0.00..5.44 rows=101 width=0)
	        Index Cond: ((k >= 5571154) AND (k <= 5571254))

table 6 : explain SELECT k, c FROM sbtest6 WHERE k BETWEEN 5571154 AND 5571254
	Bitmap Heap Scan on sbtest6  (cost=5.62..464.15 rows=116 width=125)
	  Recheck Cond: ((k >= 5571154) AND (k <= 5571254))
	  ->  Bitmap Index Scan on k_6  (cost=0.00..5.59 rows=116 width=0)
	        Index Cond: ((k >= 5571154) AND (k <= 5571254))

table 7 : explain SELECT k, c FROM sbtest7 WHERE k BETWEEN 5571154 AND 5571254
	Bitmap Heap Scan on sbtest7  (cost=5.41..381.49 rows=95 width=125)
	  Recheck Cond: ((k >= 5571154) AND (k <= 5571254))
	  ->  Bitmap Index Scan on k_7  (cost=0.00..5.38 rows=95 width=0)
	        Index Cond: ((k >= 5571154) AND (k <= 5571254))

table 8 : explain SELECT k, c FROM sbtest8 WHERE k BETWEEN 5571154 AND 5571254
	Bitmap Heap Scan on sbtest8  (cost=5.42..385.43 rows=96 width=125)
	  Recheck Cond: ((k >= 5571154) AND (k <= 5571254))
	  ->  Bitmap Index Scan on k_8  (cost=0.00..5.39 rows=96 width=0)
	        Index Cond: ((k >= 5571154) AND (k <= 5571254))

explain: for range-notcovered :: explain SELECT k, c FROM sbtest%d WHERE k BETWEEN 5571154 AND 5571254
for range-notcovered
table 1 : explain SELECT k, c FROM sbtest1 WHERE k BETWEEN 7356040 AND 7356140
	Bitmap Heap Scan on sbtest1  (cost=5.37..365.72 rows=91 width=125)
	  Recheck Cond: ((k >= 7356040) AND (k <= 7356140))
	  ->  Bitmap Index Scan on k_1  (cost=0.00..5.34 rows=91 width=0)
	        Index Cond: ((k >= 7356040) AND (k <= 7356140))

table 2 : explain SELECT k, c FROM sbtest2 WHERE k BETWEEN 7356040 AND 7356140
	Bitmap Heap Scan on sbtest2  (cost=5.63..468.09 rows=117 width=125)
	  Recheck Cond: ((k >= 7356040) AND (k <= 7356140))
	  ->  Bitmap Index Scan on k_2  (cost=0.00..5.60 rows=117 width=0)
	        Index Cond: ((k >= 7356040) AND (k <= 7356140))

table 3 : explain SELECT k, c FROM sbtest3 WHERE k BETWEEN 7356040 AND 7356140
	Bitmap Heap Scan on sbtest3  (cost=5.50..416.94 rows=104 width=125)
	  Recheck Cond: ((k >= 7356040) AND (k <= 7356140))
	  ->  Bitmap Index Scan on k_3  (cost=0.00..5.47 rows=104 width=0)
	        Index Cond: ((k >= 7356040) AND (k <= 7356140))

table 4 : explain SELECT k, c FROM sbtest4 WHERE k BETWEEN 7356040 AND 7356140
	Bitmap Heap Scan on sbtest4  (cost=5.58..448.42 rows=112 width=125)
	  Recheck Cond: ((k >= 7356040) AND (k <= 7356140))
	  ->  Bitmap Index Scan on k_4  (cost=0.00..5.55 rows=112 width=0)
	        Index Cond: ((k >= 7356040) AND (k <= 7356140))

table 5 : explain SELECT k, c FROM sbtest5 WHERE k BETWEEN 7356040 AND 7356140
	Bitmap Heap Scan on sbtest5  (cost=5.42..385.43 rows=96 width=125)
	  Recheck Cond: ((k >= 7356040) AND (k <= 7356140))
	  ->  Bitmap Index Scan on k_5  (cost=0.00..5.39 rows=96 width=0)
	        Index Cond: ((k >= 7356040) AND (k <= 7356140))

table 6 : explain SELECT k, c FROM sbtest6 WHERE k BETWEEN 7356040 AND 7356140
	Bitmap Heap Scan on sbtest6  (cost=5.40..377.55 rows=94 width=125)
	  Recheck Cond: ((k >= 7356040) AND (k <= 7356140))
	  ->  Bitmap Index Scan on k_6  (cost=0.00..5.38 rows=94 width=0)
	        Index Cond: ((k >= 7356040) AND (k <= 7356140))

table 7 : explain SELECT k, c FROM sbtest7 WHERE k BETWEEN 7356040 AND 7356140
	Bitmap Heap Scan on sbtest7  (cost=5.47..405.13 rows=101 width=125)
	  Recheck Cond: ((k >= 7356040) AND (k <= 7356140))
	  ->  Bitmap Index Scan on k_7  (cost=0.00..5.44 rows=101 width=0)
	        Index Cond: ((k >= 7356040) AND (k <= 7356140))

table 8 : explain SELECT k, c FROM sbtest8 WHERE k BETWEEN 7356040 AND 7356140
	Bitmap Heap Scan on sbtest8  (cost=5.45..397.25 rows=99 width=125)
	  Recheck Cond: ((k >= 7356040) AND (k <= 7356140))
	  ->  Bitmap Index Scan on k_8  (cost=0.00..5.42 rows=99 width=0)
	        Index Cond: ((k >= 7356040) AND (k <= 7356140))

for range-notcovered
table 1 : explain SELECT k, c FROM sbtest1 WHERE k BETWEEN 8279087 AND 8279187
	Bitmap Heap Scan on sbtest1  (cost=5.52..424.81 rows=106 width=125)
	  Recheck Cond: ((k >= 8279087) AND (k <= 8279187))
	  ->  Bitmap Index Scan on k_1  (cost=0.00..5.50 rows=106 width=0)
	        Index Cond: ((k >= 8279087) AND (k <= 8279187))

table 2 : explain SELECT k, c FROM sbtest2 WHERE k BETWEEN 8279087 AND 8279187
	Bitmap Heap Scan on sbtest2  (cost=5.38..369.67 rows=92 width=125)
	  Recheck Cond: ((k >= 8279087) AND (k <= 8279187))
	  ->  Bitmap Index Scan on k_2  (cost=0.00..5.35 rows=92 width=0)
	        Index Cond: ((k >= 8279087) AND (k <= 8279187))

table 3 : explain SELECT k, c FROM sbtest3 WHERE k BETWEEN 8279087 AND 8279187
	Bitmap Heap Scan on sbtest3  (cost=5.46..401.19 rows=100 width=125)
	  Recheck Cond: ((k >= 8279087) AND (k <= 8279187))
	  ->  Bitmap Index Scan on k_3  (cost=0.00..5.43 rows=100 width=0)
	        Index Cond: ((k >= 8279087) AND (k <= 8279187))

table 4 : explain SELECT k, c FROM sbtest4 WHERE k BETWEEN 8279087 AND 8279187
	Bitmap Heap Scan on sbtest4  (cost=5.40..377.55 rows=94 width=125)
	  Recheck Cond: ((k >= 8279087) AND (k <= 8279187))
	  ->  Bitmap Index Scan on k_4  (cost=0.00..5.38 rows=94 width=0)
	        Index Cond: ((k >= 8279087) AND (k <= 8279187))

table 5 : explain SELECT k, c FROM sbtest5 WHERE k BETWEEN 8279087 AND 8279187
	Bitmap Heap Scan on sbtest5  (cost=5.42..385.43 rows=96 width=125)
	  Recheck Cond: ((k >= 8279087) AND (k <= 8279187))
	  ->  Bitmap Index Scan on k_5  (cost=0.00..5.39 rows=96 width=0)
	        Index Cond: ((k >= 8279087) AND (k <= 8279187))

table 6 : explain SELECT k, c FROM sbtest6 WHERE k BETWEEN 8279087 AND 8279187
	Bitmap Heap Scan on sbtest6  (cost=5.39..373.61 rows=93 width=125)
	  Recheck Cond: ((k >= 8279087) AND (k <= 8279187))
	  ->  Bitmap Index Scan on k_6  (cost=0.00..5.36 rows=93 width=0)
	        Index Cond: ((k >= 8279087) AND (k <= 8279187))

table 7 : explain SELECT k, c FROM sbtest7 WHERE k BETWEEN 8279087 AND 8279187
	Bitmap Heap Scan on sbtest7  (cost=5.52..424.81 rows=106 width=125)
	  Recheck Cond: ((k >= 8279087) AND (k <= 8279187))
	  ->  Bitmap Index Scan on k_7  (cost=0.00..5.50 rows=106 width=0)
	        Index Cond: ((k >= 8279087) AND (k <= 8279187))

table 8 : explain SELECT k, c FROM sbtest8 WHERE k BETWEEN 8279087 AND 8279187
	Bitmap Heap Scan on sbtest8  (cost=5.48..409.07 rows=102 width=125)
	  Recheck Cond: ((k >= 8279087) AND (k <= 8279187))
	  ->  Bitmap Index Scan on k_8  (cost=0.00..5.45 rows=102 width=0)
	        Index Cond: ((k >= 8279087) AND (k <= 8279187))

for range-notcovered
table 1 : explain SELECT k, c FROM sbtest1 WHERE k BETWEEN 2729014 AND 2729114
	Bitmap Heap Scan on sbtest1  (cost=5.44..393.31 rows=98 width=125)
	  Recheck Cond: ((k >= 2729014) AND (k <= 2729114))
	  ->  Bitmap Index Scan on k_1  (cost=0.00..5.42 rows=98 width=0)
	        Index Cond: ((k >= 2729014) AND (k <= 2729114))

table 2 : explain SELECT k, c FROM sbtest2 WHERE k BETWEEN 2729014 AND 2729114
	Bitmap Heap Scan on sbtest2  (cost=5.48..409.07 rows=102 width=125)
	  Recheck Cond: ((k >= 2729014) AND (k <= 2729114))
	  ->  Bitmap Index Scan on k_2  (cost=0.00..5.45 rows=102 width=0)
	        Index Cond: ((k >= 2729014) AND (k <= 2729114))

table 3 : explain SELECT k, c FROM sbtest3 WHERE k BETWEEN 2729014 AND 2729114
	Bitmap Heap Scan on sbtest3  (cost=5.43..389.37 rows=97 width=125)
	  Recheck Cond: ((k >= 2729014) AND (k <= 2729114))
	  ->  Bitmap Index Scan on k_3  (cost=0.00..5.40 rows=97 width=0)
	        Index Cond: ((k >= 2729014) AND (k <= 2729114))

table 4 : explain SELECT k, c FROM sbtest4 WHERE k BETWEEN 2729014 AND 2729114
	Bitmap Heap Scan on sbtest4  (cost=5.40..377.55 rows=94 width=125)
	  Recheck Cond: ((k >= 2729014) AND (k <= 2729114))
	  ->  Bitmap Index Scan on k_4  (cost=0.00..5.38 rows=94 width=0)
	        Index Cond: ((k >= 2729014) AND (k <= 2729114))

table 5 : explain SELECT k, c FROM sbtest5 WHERE k BETWEEN 2729014 AND 2729114
	Bitmap Heap Scan on sbtest5  (cost=5.53..428.75 rows=107 width=125)
	  Recheck Cond: ((k >= 2729014) AND (k <= 2729114))
	  ->  Bitmap Index Scan on k_5  (cost=0.00..5.50 rows=107 width=0)
	        Index Cond: ((k >= 2729014) AND (k <= 2729114))

table 6 : explain SELECT k, c FROM sbtest6 WHERE k BETWEEN 2729014 AND 2729114
	Bitmap Heap Scan on sbtest6  (cost=5.62..464.15 rows=116 width=125)
	  Recheck Cond: ((k >= 2729014) AND (k <= 2729114))
	  ->  Bitmap Index Scan on k_6  (cost=0.00..5.59 rows=116 width=0)
	        Index Cond: ((k >= 2729014) AND (k <= 2729114))

table 7 : explain SELECT k, c FROM sbtest7 WHERE k BETWEEN 2729014 AND 2729114
	Bitmap Heap Scan on sbtest7  (cost=5.54..432.69 rows=108 width=125)
	  Recheck Cond: ((k >= 2729014) AND (k <= 2729114))
	  ->  Bitmap Index Scan on k_7  (cost=0.00..5.51 rows=108 width=0)
	        Index Cond: ((k >= 2729014) AND (k <= 2729114))

table 8 : explain SELECT k, c FROM sbtest8 WHERE k BETWEEN 2729014 AND 2729114
	Bitmap Heap Scan on sbtest8  (cost=5.52..424.81 rows=106 width=125)
	  Recheck Cond: ((k >= 2729014) AND (k <= 2729114))
	  ->  Bitmap Index Scan on k_8  (cost=0.00..5.50 rows=106 width=0)
	        Index Cond: ((k >= 2729014) AND (k <= 2729114))

explain: for range-notcovered :: explain SELECT k, c FROM sbtest%d WHERE k BETWEEN 8279087 AND 8279187
explain: for range-notcovered :: explain SELECT k, c FROM sbtest%d WHERE k BETWEEN 2729014 AND 2729114
for range-notcovered
table 1 : explain SELECT k, c FROM sbtest1 WHERE k BETWEEN 4105512 AND 4105612
	Bitmap Heap Scan on sbtest1  (cost=5.62..464.15 rows=116 width=125)
	  Recheck Cond: ((k >= 4105512) AND (k <= 4105612))
	  ->  Bitmap Index Scan on k_1  (cost=0.00..5.59 rows=116 width=0)
	        Index Cond: ((k >= 4105512) AND (k <= 4105612))

table 2 : explain SELECT k, c FROM sbtest2 WHERE k BETWEEN 4105512 AND 4105612
	Bitmap Heap Scan on sbtest2  (cost=5.60..456.29 rows=114 width=125)
	  Recheck Cond: ((k >= 4105512) AND (k <= 4105612))
	  ->  Bitmap Index Scan on k_2  (cost=0.00..5.58 rows=114 width=0)
	        Index Cond: ((k >= 4105512) AND (k <= 4105612))

table 3 : explain SELECT k, c FROM sbtest3 WHERE k BETWEEN 4105512 AND 4105612
	Bitmap Heap Scan on sbtest3  (cost=5.60..456.29 rows=114 width=125)
	  Recheck Cond: ((k >= 4105512) AND (k <= 4105612))
	  ->  Bitmap Index Scan on k_3  (cost=0.00..5.58 rows=114 width=0)
	        Index Cond: ((k >= 4105512) AND (k <= 4105612))

table 4 : explain SELECT k, c FROM sbtest4 WHERE k BETWEEN 4105512 AND 4105612
	Bitmap Heap Scan on sbtest4  (cost=5.37..365.72 rows=91 width=125)
	  Recheck Cond: ((k >= 4105512) AND (k <= 4105612))
	  ->  Bitmap Index Scan on k_4  (cost=0.00..5.34 rows=91 width=0)
	        Index Cond: ((k >= 4105512) AND (k <= 4105612))

table 5 : explain SELECT k, c FROM sbtest5 WHERE k BETWEEN 4105512 AND 4105612
	Bitmap Heap Scan on sbtest5  (cost=5.53..428.75 rows=107 width=125)
	  Recheck Cond: ((k >= 4105512) AND (k <= 4105612))
	  ->  Bitmap Index Scan on k_5  (cost=0.00..5.50 rows=107 width=0)
	        Index Cond: ((k >= 4105512) AND (k <= 4105612))

table 6 : explain SELECT k, c FROM sbtest6 WHERE k BETWEEN 4105512 AND 4105612
	Bitmap Heap Scan on sbtest6  (cost=5.44..393.31 rows=98 width=125)
	  Recheck Cond: ((k >= 4105512) AND (k <= 4105612))
	  ->  Bitmap Index Scan on k_6  (cost=0.00..5.42 rows=98 width=0)
	        Index Cond: ((k >= 4105512) AND (k <= 4105612))

table 7 : explain SELECT k, c FROM sbtest7 WHERE k BETWEEN 4105512 AND 4105612
	Bitmap Heap Scan on sbtest7  (cost=5.53..428.75 rows=107 width=125)
	  Recheck Cond: ((k >= 4105512) AND (k <= 4105612))
	  ->  Bitmap Index Scan on k_7  (cost=0.00..5.50 rows=107 width=0)
	        Index Cond: ((k >= 4105512) AND (k <= 4105612))

table 8 : explain SELECT k, c FROM sbtest8 WHERE k BETWEEN 4105512 AND 4105612
	Bitmap Heap Scan on sbtest8  (cost=5.42..385.43 rows=96 width=125)
	  Recheck Cond: ((k >= 4105512) AND (k <= 4105612))
	  ->  Bitmap Index Scan on k_8  (cost=0.00..5.39 rows=96 width=0)
	        Index Cond: ((k >= 4105512) AND (k <= 4105612))

explain: for range-notcovered :: explain SELECT k, c FROM sbtest%d WHERE k BETWEEN 4105512 AND 4105612
for range-notcovered
table 1 : explain SELECT k, c FROM sbtest1 WHERE k BETWEEN 2811339 AND 2811439
	Bitmap Heap Scan on sbtest1  (cost=5.44..393.31 rows=98 width=125)
	  Recheck Cond: ((k >= 2811339) AND (k <= 2811439))
	  ->  Bitmap Index Scan on k_1  (cost=0.00..5.42 rows=98 width=0)
	        Index Cond: ((k >= 2811339) AND (k <= 2811439))

table 2 : explain SELECT k, c FROM sbtest2 WHERE k BETWEEN 2811339 AND 2811439
	Bitmap Heap Scan on sbtest2  (cost=5.45..397.25 rows=99 width=125)
	  Recheck Cond: ((k >= 2811339) AND (k <= 2811439))
	  ->  Bitmap Index Scan on k_2  (cost=0.00..5.42 rows=99 width=0)
	        Index Cond: ((k >= 2811339) AND (k <= 2811439))

table 3 : explain SELECT k, c FROM sbtest3 WHERE k BETWEEN 2811339 AND 2811439
	Bitmap Heap Scan on sbtest3  (cost=5.47..405.13 rows=101 width=125)
	  Recheck Cond: ((k >= 2811339) AND (k <= 2811439))
	  ->  Bitmap Index Scan on k_3  (cost=0.00..5.44 rows=101 width=0)
	        Index Cond: ((k >= 2811339) AND (k <= 2811439))

table 4 : explain SELECT k, c FROM sbtest4 WHERE k BETWEEN 2811339 AND 2811439
	Bitmap Heap Scan on sbtest4  (cost=5.52..424.81 rows=106 width=125)
	  Recheck Cond: ((k >= 2811339) AND (k <= 2811439))
	  ->  Bitmap Index Scan on k_4  (cost=0.00..5.50 rows=106 width=0)
	        Index Cond: ((k >= 2811339) AND (k <= 2811439))

table 5 : explain SELECT k, c FROM sbtest5 WHERE k BETWEEN 2811339 AND 2811439
	Bitmap Heap Scan on sbtest5  (cost=5.48..409.07 rows=102 width=125)
	  Recheck Cond: ((k >= 2811339) AND (k <= 2811439))
	  ->  Bitmap Index Scan on k_5  (cost=0.00..5.45 rows=102 width=0)
	        Index Cond: ((k >= 2811339) AND (k <= 2811439))

table 6 : explain SELECT k, c FROM sbtest6 WHERE k BETWEEN 2811339 AND 2811439
	Bitmap Heap Scan on sbtest6  (cost=5.38..369.67 rows=92 width=125)
	  Recheck Cond: ((k >= 2811339) AND (k <= 2811439))
	  ->  Bitmap Index Scan on k_6  (cost=0.00..5.35 rows=92 width=0)
	        Index Cond: ((k >= 2811339) AND (k <= 2811439))

table 7 : explain SELECT k, c FROM sbtest7 WHERE k BETWEEN 2811339 AND 2811439
	Bitmap Heap Scan on sbtest7  (cost=5.52..424.81 rows=106 width=125)
	  Recheck Cond: ((k >= 2811339) AND (k <= 2811439))
	  ->  Bitmap Index Scan on k_7  (cost=0.00..5.50 rows=106 width=0)
	        Index Cond: ((k >= 2811339) AND (k <= 2811439))

table 8 : explain SELECT k, c FROM sbtest8 WHERE k BETWEEN 2811339 AND 2811439
	Bitmap Heap Scan on sbtest8  (cost=5.64..472.02 rows=118 width=125)
	  Recheck Cond: ((k >= 2811339) AND (k <= 2811439))
	  ->  Bitmap Index Scan on k_8  (cost=0.00..5.61 rows=118 width=0)
	        Index Cond: ((k >= 2811339) AND (k <= 2811439))

explain: for range-notcovered :: explain SELECT k, c FROM sbtest%d WHERE k BETWEEN 2811339 AND 2811439
for range-notcovered
table 1 : explain SELECT k, c FROM sbtest1 WHERE k BETWEEN 8279087 AND 8279187
	Bitmap Heap Scan on sbtest1  (cost=5.52..424.81 rows=106 width=125)
	  Recheck Cond: ((k >= 8279087) AND (k <= 8279187))
	  ->  Bitmap Index Scan on k_1  (cost=0.00..5.50 rows=106 width=0)
	        Index Cond: ((k >= 8279087) AND (k <= 8279187))

table 2 : explain SELECT k, c FROM sbtest2 WHERE k BETWEEN 8279087 AND 8279187
	Bitmap Heap Scan on sbtest2  (cost=5.38..369.67 rows=92 width=125)
	  Recheck Cond: ((k >= 8279087) AND (k <= 8279187))
	  ->  Bitmap Index Scan on k_2  (cost=0.00..5.35 rows=92 width=0)
	        Index Cond: ((k >= 8279087) AND (k <= 8279187))

table 3 : explain SELECT k, c FROM sbtest3 WHERE k BETWEEN 8279087 AND 8279187
	Bitmap Heap Scan on sbtest3  (cost=5.46..401.19 rows=100 width=125)
	  Recheck Cond: ((k >= 8279087) AND (k <= 8279187))
	  ->  Bitmap Index Scan on k_3  (cost=0.00..5.43 rows=100 width=0)
	        Index Cond: ((k >= 8279087) AND (k <= 8279187))

table 4 : explain SELECT k, c FROM sbtest4 WHERE k BETWEEN 8279087 AND 8279187
	Bitmap Heap Scan on sbtest4  (cost=5.40..377.55 rows=94 width=125)
	  Recheck Cond: ((k >= 8279087) AND (k <= 8279187))
	  ->  Bitmap Index Scan on k_4  (cost=0.00..5.38 rows=94 width=0)
	        Index Cond: ((k >= 8279087) AND (k <= 8279187))

table 5 : explain SELECT k, c FROM sbtest5 WHERE k BETWEEN 8279087 AND 8279187
	Bitmap Heap Scan on sbtest5  (cost=5.42..385.43 rows=96 width=125)
	  Recheck Cond: ((k >= 8279087) AND (k <= 8279187))
	  ->  Bitmap Index Scan on k_5  (cost=0.00..5.39 rows=96 width=0)
	        Index Cond: ((k >= 8279087) AND (k <= 8279187))

table 6 : explain SELECT k, c FROM sbtest6 WHERE k BETWEEN 8279087 AND 8279187
	Bitmap Heap Scan on sbtest6  (cost=5.39..373.61 rows=93 width=125)
	  Recheck Cond: ((k >= 8279087) AND (k <= 8279187))
	  ->  Bitmap Index Scan on k_6  (cost=0.00..5.36 rows=93 width=0)
	        Index Cond: ((k >= 8279087) AND (k <= 8279187))

table 7 : explain SELECT k, c FROM sbtest7 WHERE k BETWEEN 8279087 AND 8279187
	Bitmap Heap Scan on sbtest7  (cost=5.52..424.81 rows=106 width=125)
	  Recheck Cond: ((k >= 8279087) AND (k <= 8279187))
	  ->  Bitmap Index Scan on k_7  (cost=0.00..5.50 rows=106 width=0)
	        Index Cond: ((k >= 8279087) AND (k <= 8279187))

table 8 : explain SELECT k, c FROM sbtest8 WHERE k BETWEEN 8279087 AND 8279187
	Bitmap Heap Scan on sbtest8  (cost=5.48..409.07 rows=102 width=125)
	  Recheck Cond: ((k >= 8279087) AND (k <= 8279187))
	  ->  Bitmap Index Scan on k_8  (cost=0.00..5.45 rows=102 width=0)
	        Index Cond: ((k >= 8279087) AND (k <= 8279187))

for range-notcovered
table 1 : explain SELECT k, c FROM sbtest1 WHERE k BETWEEN 4774149 AND 4774249
	Bitmap Heap Scan on sbtest1  (cost=5.41..381.49 rows=95 width=125)
	  Recheck Cond: ((k >= 4774149) AND (k <= 4774249))
	  ->  Bitmap Index Scan on k_1  (cost=0.00..5.38 rows=95 width=0)
	        Index Cond: ((k >= 4774149) AND (k <= 4774249))

table 2 : explain SELECT k, c FROM sbtest2 WHERE k BETWEEN 4774149 AND 4774249
	Bitmap Heap Scan on sbtest2  (cost=5.47..405.13 rows=101 width=125)
	  Recheck Cond: ((k >= 4774149) AND (k <= 4774249))
	  ->  Bitmap Index Scan on k_2  (cost=0.00..5.44 rows=101 width=0)
	        Index Cond: ((k >= 4774149) AND (k <= 4774249))

table 3 : explain SELECT k, c FROM sbtest3 WHERE k BETWEEN 4774149 AND 4774249
	Bitmap Heap Scan on sbtest3  (cost=5.39..373.61 rows=93 width=125)
	  Recheck Cond: ((k >= 4774149) AND (k <= 4774249))
	  ->  Bitmap Index Scan on k_3  (cost=0.00..5.36 rows=93 width=0)
	        Index Cond: ((k >= 4774149) AND (k <= 4774249))

table 4 : explain SELECT k, c FROM sbtest4 WHERE k BETWEEN 4774149 AND 4774249
	Bitmap Heap Scan on sbtest4  (cost=5.52..424.81 rows=106 width=125)
	  Recheck Cond: ((k >= 4774149) AND (k <= 4774249))
	  ->  Bitmap Index Scan on k_4  (cost=0.00..5.50 rows=106 width=0)
	        Index Cond: ((k >= 4774149) AND (k <= 4774249))

table 5 : explain SELECT k, c FROM sbtest5 WHERE k BETWEEN 4774149 AND 4774249
	Bitmap Heap Scan on sbtest5  (cost=5.44..393.31 rows=98 width=125)
	  Recheck Cond: ((k >= 4774149) AND (k <= 4774249))
	  ->  Bitmap Index Scan on k_5  (cost=0.00..5.42 rows=98 width=0)
	        Index Cond: ((k >= 4774149) AND (k <= 4774249))

table 6 : explain SELECT k, c FROM sbtest6 WHERE k BETWEEN 4774149 AND 4774249
	Bitmap Heap Scan on sbtest6  (cost=5.45..397.25 rows=99 width=125)
	  Recheck Cond: ((k >= 4774149) AND (k <= 4774249))
	  ->  Bitmap Index Scan on k_6  (cost=0.00..5.42 rows=99 width=0)
	        Index Cond: ((k >= 4774149) AND (k <= 4774249))

table 7 : explain SELECT k, c FROM sbtest7 WHERE k BETWEEN 4774149 AND 4774249
	Bitmap Heap Scan on sbtest7  (cost=5.49..413.00 rows=103 width=125)
	  Recheck Cond: ((k >= 4774149) AND (k <= 4774249))
	  ->  Bitmap Index Scan on k_7  (cost=0.00..5.46 rows=103 width=0)
	        Index Cond: ((k >= 4774149) AND (k <= 4774249))

table 8 : explain SELECT k, c FROM sbtest8 WHERE k BETWEEN 4774149 AND 4774249
	Bitmap Heap Scan on sbtest8  (cost=5.47..405.13 rows=101 width=125)
	  Recheck Cond: ((k >= 4774149) AND (k <= 4774249))
	  ->  Bitmap Index Scan on k_8  (cost=0.00..5.44 rows=101 width=0)
	        Index Cond: ((k >= 4774149) AND (k <= 4774249))

explain: for range-notcovered :: explain SELECT k, c FROM sbtest%d WHERE k BETWEEN 8279087 AND 8279187
explain: for range-notcovered :: explain SELECT k, c FROM sbtest%d WHERE k BETWEEN 4774149 AND 4774249
for range-notcovered
table 1 : explain SELECT k, c FROM sbtest1 WHERE k BETWEEN 4105512 AND 4105612
	Bitmap Heap Scan on sbtest1  (cost=5.62..464.15 rows=116 width=125)
	  Recheck Cond: ((k >= 4105512) AND (k <= 4105612))
	  ->  Bitmap Index Scan on k_1  (cost=0.00..5.59 rows=116 width=0)
	        Index Cond: ((k >= 4105512) AND (k <= 4105612))

table 2 : explain SELECT k, c FROM sbtest2 WHERE k BETWEEN 4105512 AND 4105612
	Bitmap Heap Scan on sbtest2  (cost=5.60..456.29 rows=114 width=125)
	  Recheck Cond: ((k >= 4105512) AND (k <= 4105612))
	  ->  Bitmap Index Scan on k_2  (cost=0.00..5.58 rows=114 width=0)
	        Index Cond: ((k >= 4105512) AND (k <= 4105612))

table 3 : explain SELECT k, c FROM sbtest3 WHERE k BETWEEN 4105512 AND 4105612
	Bitmap Heap Scan on sbtest3  (cost=5.60..456.29 rows=114 width=125)
	  Recheck Cond: ((k >= 4105512) AND (k <= 4105612))
	  ->  Bitmap Index Scan on k_3  (cost=0.00..5.58 rows=114 width=0)
	        Index Cond: ((k >= 4105512) AND (k <= 4105612))

table 4 : explain SELECT k, c FROM sbtest4 WHERE k BETWEEN 4105512 AND 4105612
	Bitmap Heap Scan on sbtest4  (cost=5.37..365.72 rows=91 width=125)
	  Recheck Cond: ((k >= 4105512) AND (k <= 4105612))
	  ->  Bitmap Index Scan on k_4  (cost=0.00..5.34 rows=91 width=0)
	        Index Cond: ((k >= 4105512) AND (k <= 4105612))

table 5 : explain SELECT k, c FROM sbtest5 WHERE k BETWEEN 4105512 AND 4105612
	Bitmap Heap Scan on sbtest5  (cost=5.53..428.75 rows=107 width=125)
	  Recheck Cond: ((k >= 4105512) AND (k <= 4105612))
	  ->  Bitmap Index Scan on k_5  (cost=0.00..5.50 rows=107 width=0)
	        Index Cond: ((k >= 4105512) AND (k <= 4105612))

table 6 : explain SELECT k, c FROM sbtest6 WHERE k BETWEEN 4105512 AND 4105612
	Bitmap Heap Scan on sbtest6  (cost=5.44..393.31 rows=98 width=125)
	  Recheck Cond: ((k >= 4105512) AND (k <= 4105612))
	  ->  Bitmap Index Scan on k_6  (cost=0.00..5.42 rows=98 width=0)
	        Index Cond: ((k >= 4105512) AND (k <= 4105612))

table 7 : explain SELECT k, c FROM sbtest7 WHERE k BETWEEN 4105512 AND 4105612
	Bitmap Heap Scan on sbtest7  (cost=5.53..428.75 rows=107 width=125)
	  Recheck Cond: ((k >= 4105512) AND (k <= 4105612))
	  ->  Bitmap Index Scan on k_7  (cost=0.00..5.50 rows=107 width=0)
	        Index Cond: ((k >= 4105512) AND (k <= 4105612))

table 8 : explain SELECT k, c FROM sbtest8 WHERE k BETWEEN 4105512 AND 4105612
	Bitmap Heap Scan on sbtest8  (cost=5.42..385.43 rows=96 width=125)
	  Recheck Cond: ((k >= 4105512) AND (k <= 4105612))
	  ->  Bitmap Index Scan on k_8  (cost=0.00..5.39 rows=96 width=0)
	        Index Cond: ((k >= 4105512) AND (k <= 4105612))

explain: for range-notcovered :: explain SELECT k, c FROM sbtest%d WHERE k BETWEEN 6237665 AND 6237765
for range-notcovered
table 1 : explain SELECT k, c FROM sbtest1 WHERE k BETWEEN 5571154 AND 5571254
	Bitmap Heap Scan on sbtest1  (cost=5.46..401.19 rows=100 width=125)
	  Recheck Cond: ((k >= 5571154) AND (k <= 5571254))
	  ->  Bitmap Index Scan on k_1  (cost=0.00..5.43 rows=100 width=0)
	        Index Cond: ((k >= 5571154) AND (k <= 5571254))

table 2 : explain SELECT k, c FROM sbtest2 WHERE k BETWEEN 5571154 AND 5571254
	Bitmap Heap Scan on sbtest2  (cost=5.49..413.00 rows=103 width=125)
	  Recheck Cond: ((k >= 5571154) AND (k <= 5571254))
	  ->  Bitmap Index Scan on k_2  (cost=0.00..5.46 rows=103 width=0)
	        Index Cond: ((k >= 5571154) AND (k <= 5571254))

table 3 : explain SELECT k, c FROM sbtest3 WHERE k BETWEEN 5571154 AND 5571254
	Bitmap Heap Scan on sbtest3  (cost=5.44..393.31 rows=98 width=125)
	  Recheck Cond: ((k >= 5571154) AND (k <= 5571254))
	  ->  Bitmap Index Scan on k_3  (cost=0.00..5.42 rows=98 width=0)
	        Index Cond: ((k >= 5571154) AND (k <= 5571254))

table 4 : explain SELECT k, c FROM sbtest4 WHERE k BETWEEN 5571154 AND 5571254
	Bitmap Heap Scan on sbtest4  (cost=5.41..381.49 rows=95 width=125)
	  Recheck Cond: ((k >= 5571154) AND (k <= 5571254))
	  ->  Bitmap Index Scan on k_4  (cost=0.00..5.38 rows=95 width=0)
	        Index Cond: ((k >= 5571154) AND (k <= 5571254))

table 5 : explain SELECT k, c FROM sbtest5 WHERE k BETWEEN 5571154 AND 5571254
	Bitmap Heap Scan on sbtest5  (cost=5.47..405.13 rows=101 width=125)
	  Recheck Cond: ((k >= 5571154) AND (k <= 5571254))
	  ->  Bitmap Index Scan on k_5  (cost=0.00..5.44 rows=101 width=0)
	        Index Cond: ((k >= 5571154) AND (k <= 5571254))

table 6 : explain SELECT k, c FROM sbtest6 WHERE k BETWEEN 5571154 AND 5571254
	Bitmap Heap Scan on sbtest6  (cost=5.62..464.15 rows=116 width=125)
	  Recheck Cond: ((k >= 5571154) AND (k <= 5571254))
	  ->  Bitmap Index Scan on k_6  (cost=0.00..5.59 rows=116 width=0)
	        Index Cond: ((k >= 5571154) AND (k <= 5571254))

table 7 : explain SELECT k, c FROM sbtest7 WHERE k BETWEEN 5571154 AND 5571254
	Bitmap Heap Scan on sbtest7  (cost=5.41..381.49 rows=95 width=125)
	  Recheck Cond: ((k >= 5571154) AND (k <= 5571254))
	  ->  Bitmap Index Scan on k_7  (cost=0.00..5.38 rows=95 width=0)
	        Index Cond: ((k >= 5571154) AND (k <= 5571254))

table 8 : explain SELECT k, c FROM sbtest8 WHERE k BETWEEN 5571154 AND 5571254
	Bitmap Heap Scan on sbtest8  (cost=5.42..385.43 rows=96 width=125)
	  Recheck Cond: ((k >= 5571154) AND (k <= 5571254))
	  ->  Bitmap Index Scan on k_8  (cost=0.00..5.39 rows=96 width=0)
	        Index Cond: ((k >= 5571154) AND (k <= 5571254))

for range-notcovered
table 1 : explain SELECT k, c FROM sbtest1 WHERE k BETWEEN 2811339 AND 2811439
	Bitmap Heap Scan on sbtest1  (cost=5.44..393.31 rows=98 width=125)
	  Recheck Cond: ((k >= 2811339) AND (k <= 2811439))
	  ->  Bitmap Index Scan on k_1  (cost=0.00..5.42 rows=98 width=0)
	        Index Cond: ((k >= 2811339) AND (k <= 2811439))

table 2 : explain SELECT k, c FROM sbtest2 WHERE k BETWEEN 2811339 AND 2811439
	Bitmap Heap Scan on sbtest2  (cost=5.45..397.25 rows=99 width=125)
	  Recheck Cond: ((k >= 2811339) AND (k <= 2811439))
	  ->  Bitmap Index Scan on k_2  (cost=0.00..5.42 rows=99 width=0)
	        Index Cond: ((k >= 2811339) AND (k <= 2811439))

table 3 : explain SELECT k, c FROM sbtest3 WHERE k BETWEEN 2811339 AND 2811439
	Bitmap Heap Scan on sbtest3  (cost=5.47..405.13 rows=101 width=125)
	  Recheck Cond: ((k >= 2811339) AND (k <= 2811439))
	  ->  Bitmap Index Scan on k_3  (cost=0.00..5.44 rows=101 width=0)
	        Index Cond: ((k >= 2811339) AND (k <= 2811439))

table 4 : explain SELECT k, c FROM sbtest4 WHERE k BETWEEN 2811339 AND 2811439
	Bitmap Heap Scan on sbtest4  (cost=5.52..424.81 rows=106 width=125)
	  Recheck Cond: ((k >= 2811339) AND (k <= 2811439))
	  ->  Bitmap Index Scan on k_4  (cost=0.00..5.50 rows=106 width=0)
	        Index Cond: ((k >= 2811339) AND (k <= 2811439))

table 5 : explain SELECT k, c FROM sbtest5 WHERE k BETWEEN 2811339 AND 2811439
	Bitmap Heap Scan on sbtest5  (cost=5.48..409.07 rows=102 width=125)
	  Recheck Cond: ((k >= 2811339) AND (k <= 2811439))
	  ->  Bitmap Index Scan on k_5  (cost=0.00..5.45 rows=102 width=0)
	        Index Cond: ((k >= 2811339) AND (k <= 2811439))

table 6 : explain SELECT k, c FROM sbtest6 WHERE k BETWEEN 2811339 AND 2811439
	Bitmap Heap Scan on sbtest6  (cost=5.38..369.67 rows=92 width=125)
	  Recheck Cond: ((k >= 2811339) AND (k <= 2811439))
	  ->  Bitmap Index Scan on k_6  (cost=0.00..5.35 rows=92 width=0)
	        Index Cond: ((k >= 2811339) AND (k <= 2811439))

table 7 : explain SELECT k, c FROM sbtest7 WHERE k BETWEEN 2811339 AND 2811439
	Bitmap Heap Scan on sbtest7  (cost=5.52..424.81 rows=106 width=125)
	  Recheck Cond: ((k >= 2811339) AND (k <= 2811439))
	  ->  Bitmap Index Scan on k_7  (cost=0.00..5.50 rows=106 width=0)
	        Index Cond: ((k >= 2811339) AND (k <= 2811439))

table 8 : explain SELECT k, c FROM sbtest8 WHERE k BETWEEN 2811339 AND 2811439
	Bitmap Heap Scan on sbtest8  (cost=5.64..472.02 rows=118 width=125)
	  Recheck Cond: ((k >= 2811339) AND (k <= 2811439))
	  ->  Bitmap Index Scan on k_8  (cost=0.00..5.61 rows=118 width=0)
	        Index Cond: ((k >= 2811339) AND (k <= 2811439))

explain: for range-notcovered :: explain SELECT k, c FROM sbtest%d WHERE k BETWEEN 5571154 AND 5571254
explain: for range-notcovered :: explain SELECT k, c FROM sbtest%d WHERE k BETWEEN 2811339 AND 2811439
for range-notcovered
table 1 : explain SELECT k, c FROM sbtest1 WHERE k BETWEEN 2729014 AND 2729114
	Bitmap Heap Scan on sbtest1  (cost=5.44..393.31 rows=98 width=125)
	  Recheck Cond: ((k >= 2729014) AND (k <= 2729114))
	  ->  Bitmap Index Scan on k_1  (cost=0.00..5.42 rows=98 width=0)
	        Index Cond: ((k >= 2729014) AND (k <= 2729114))

table 2 : explain SELECT k, c FROM sbtest2 WHERE k BETWEEN 2729014 AND 2729114
	Bitmap Heap Scan on sbtest2  (cost=5.48..409.07 rows=102 width=125)
	  Recheck Cond: ((k >= 2729014) AND (k <= 2729114))
	  ->  Bitmap Index Scan on k_2  (cost=0.00..5.45 rows=102 width=0)
	        Index Cond: ((k >= 2729014) AND (k <= 2729114))

table 3 : explain SELECT k, c FROM sbtest3 WHERE k BETWEEN 2729014 AND 2729114
	Bitmap Heap Scan on sbtest3  (cost=5.43..389.37 rows=97 width=125)
	  Recheck Cond: ((k >= 2729014) AND (k <= 2729114))
	  ->  Bitmap Index Scan on k_3  (cost=0.00..5.40 rows=97 width=0)
	        Index Cond: ((k >= 2729014) AND (k <= 2729114))

table 4 : explain SELECT k, c FROM sbtest4 WHERE k BETWEEN 2729014 AND 2729114
	Bitmap Heap Scan on sbtest4  (cost=5.40..377.55 rows=94 width=125)
	  Recheck Cond: ((k >= 2729014) AND (k <= 2729114))
	  ->  Bitmap Index Scan on k_4  (cost=0.00..5.38 rows=94 width=0)
	        Index Cond: ((k >= 2729014) AND (k <= 2729114))

table 5 : explain SELECT k, c FROM sbtest5 WHERE k BETWEEN 2729014 AND 2729114
	Bitmap Heap Scan on sbtest5  (cost=5.53..428.75 rows=107 width=125)
	  Recheck Cond: ((k >= 2729014) AND (k <= 2729114))
	  ->  Bitmap Index Scan on k_5  (cost=0.00..5.50 rows=107 width=0)
	        Index Cond: ((k >= 2729014) AND (k <= 2729114))

table 6 : explain SELECT k, c FROM sbtest6 WHERE k BETWEEN 2729014 AND 2729114
	Bitmap Heap Scan on sbtest6  (cost=5.62..464.15 rows=116 width=125)
	  Recheck Cond: ((k >= 2729014) AND (k <= 2729114))
	  ->  Bitmap Index Scan on k_6  (cost=0.00..5.59 rows=116 width=0)
	        Index Cond: ((k >= 2729014) AND (k <= 2729114))

table 7 : explain SELECT k, c FROM sbtest7 WHERE k BETWEEN 2729014 AND 2729114
	Bitmap Heap Scan on sbtest7  (cost=5.54..432.69 rows=108 width=125)
	  Recheck Cond: ((k >= 2729014) AND (k <= 2729114))
	  ->  Bitmap Index Scan on k_7  (cost=0.00..5.51 rows=108 width=0)
	        Index Cond: ((k >= 2729014) AND (k <= 2729114))

table 8 : explain SELECT k, c FROM sbtest8 WHERE k BETWEEN 2729014 AND 2729114
	Bitmap Heap Scan on sbtest8  (cost=5.52..424.81 rows=106 width=125)
	  Recheck Cond: ((k >= 2729014) AND (k <= 2729114))
	  ->  Bitmap Index Scan on k_8  (cost=0.00..5.50 rows=106 width=0)
	        Index Cond: ((k >= 2729014) AND (k <= 2729114))

for range-notcovered
table 1 : explain SELECT k, c FROM sbtest1 WHERE k BETWEEN 4774149 AND 4774249
	Bitmap Heap Scan on sbtest1  (cost=5.41..381.49 rows=95 width=125)
	  Recheck Cond: ((k >= 4774149) AND (k <= 4774249))
	  ->  Bitmap Index Scan on k_1  (cost=0.00..5.38 rows=95 width=0)
	        Index Cond: ((k >= 4774149) AND (k <= 4774249))

table 2 : explain SELECT k, c FROM sbtest2 WHERE k BETWEEN 4774149 AND 4774249
	Bitmap Heap Scan on sbtest2  (cost=5.47..405.13 rows=101 width=125)
	  Recheck Cond: ((k >= 4774149) AND (k <= 4774249))
	  ->  Bitmap Index Scan on k_2  (cost=0.00..5.44 rows=101 width=0)
	        Index Cond: ((k >= 4774149) AND (k <= 4774249))

table 3 : explain SELECT k, c FROM sbtest3 WHERE k BETWEEN 4774149 AND 4774249
	Bitmap Heap Scan on sbtest3  (cost=5.39..373.61 rows=93 width=125)
	  Recheck Cond: ((k >= 4774149) AND (k <= 4774249))
	  ->  Bitmap Index Scan on k_3  (cost=0.00..5.36 rows=93 width=0)
	        Index Cond: ((k >= 4774149) AND (k <= 4774249))

table 4 : explain SELECT k, c FROM sbtest4 WHERE k BETWEEN 4774149 AND 4774249
	Bitmap Heap Scan on sbtest4  (cost=5.52..424.81 rows=106 width=125)
	  Recheck Cond: ((k >= 4774149) AND (k <= 4774249))
	  ->  Bitmap Index Scan on k_4  (cost=0.00..5.50 rows=106 width=0)
	        Index Cond: ((k >= 4774149) AND (k <= 4774249))

table 5 : explain SELECT k, c FROM sbtest5 WHERE k BETWEEN 4774149 AND 4774249
	Bitmap Heap Scan on sbtest5  (cost=5.44..393.31 rows=98 width=125)
	  Recheck Cond: ((k >= 4774149) AND (k <= 4774249))
	  ->  Bitmap Index Scan on k_5  (cost=0.00..5.42 rows=98 width=0)
	        Index Cond: ((k >= 4774149) AND (k <= 4774249))

table 6 : explain SELECT k, c FROM sbtest6 WHERE k BETWEEN 4774149 AND 4774249
	Bitmap Heap Scan on sbtest6  (cost=5.45..397.25 rows=99 width=125)
	  Recheck Cond: ((k >= 4774149) AND (k <= 4774249))
	  ->  Bitmap Index Scan on k_6  (cost=0.00..5.42 rows=99 width=0)
	        Index Cond: ((k >= 4774149) AND (k <= 4774249))

table 7 : explain SELECT k, c FROM sbtest7 WHERE k BETWEEN 4774149 AND 4774249
	Bitmap Heap Scan on sbtest7  (cost=5.49..413.00 rows=103 width=125)
	  Recheck Cond: ((k >= 4774149) AND (k <= 4774249))
	  ->  Bitmap Index Scan on k_7  (cost=0.00..5.46 rows=103 width=0)
	        Index Cond: ((k >= 4774149) AND (k <= 4774249))

table 8 : explain SELECT k, c FROM sbtest8 WHERE k BETWEEN 4774149 AND 4774249
	Bitmap Heap Scan on sbtest8  (cost=5.47..405.13 rows=101 width=125)
	  Recheck Cond: ((k >= 4774149) AND (k <= 4774249))
	  ->  Bitmap Index Scan on k_8  (cost=0.00..5.44 rows=101 width=0)
	        Index Cond: ((k >= 4774149) AND (k <= 4774249))

for range-notcovered
table 1 : explain SELECT k, c FROM sbtest1 WHERE k BETWEEN 8566701 AND 8566801
	Bitmap Heap Scan on sbtest1  (cost=5.40..377.55 rows=94 width=125)
	  Recheck Cond: ((k >= 8566701) AND (k <= 8566801))
	  ->  Bitmap Index Scan on k_1  (cost=0.00..5.38 rows=94 width=0)
	        Index Cond: ((k >= 8566701) AND (k <= 8566801))

table 2 : explain SELECT k, c FROM sbtest2 WHERE k BETWEEN 8566701 AND 8566801
	Bitmap Heap Scan on sbtest2  (cost=5.46..401.19 rows=100 width=125)
	  Recheck Cond: ((k >= 8566701) AND (k <= 8566801))
	  ->  Bitmap Index Scan on k_2  (cost=0.00..5.43 rows=100 width=0)
	        Index Cond: ((k >= 8566701) AND (k <= 8566801))

table 3 : explain SELECT k, c FROM sbtest3 WHERE k BETWEEN 8566701 AND 8566801
	Bitmap Heap Scan on sbtest3  (cost=5.52..424.81 rows=106 width=125)
	  Recheck Cond: ((k >= 8566701) AND (k <= 8566801))
	  ->  Bitmap Index Scan on k_3  (cost=0.00..5.50 rows=106 width=0)
	        Index Cond: ((k >= 8566701) AND (k <= 8566801))

table 4 : explain SELECT k, c FROM sbtest4 WHERE k BETWEEN 8566701 AND 8566801
	Bitmap Heap Scan on sbtest4  (cost=5.37..365.72 rows=91 width=125)
	  Recheck Cond: ((k >= 8566701) AND (k <= 8566801))
	  ->  Bitmap Index Scan on k_4  (cost=0.00..5.34 rows=91 width=0)
	        Index Cond: ((k >= 8566701) AND (k <= 8566801))

table 5 : explain SELECT k, c FROM sbtest5 WHERE k BETWEEN 8566701 AND 8566801
	Bitmap Heap Scan on sbtest5  (cost=5.46..401.19 rows=100 width=125)
	  Recheck Cond: ((k >= 8566701) AND (k <= 8566801))
	  ->  Bitmap Index Scan on k_5  (cost=0.00..5.43 rows=100 width=0)
	        Index Cond: ((k >= 8566701) AND (k <= 8566801))

table 6 : explain SELECT k, c FROM sbtest6 WHERE k BETWEEN 8566701 AND 8566801
	Bitmap Heap Scan on sbtest6  (cost=5.51..420.88 rows=105 width=125)
	  Recheck Cond: ((k >= 8566701) AND (k <= 8566801))
	  ->  Bitmap Index Scan on k_6  (cost=0.00..5.48 rows=105 width=0)
	        Index Cond: ((k >= 8566701) AND (k <= 8566801))

table 7 : explain SELECT k, c FROM sbtest7 WHERE k BETWEEN 8566701 AND 8566801
	Bitmap Heap Scan on sbtest7  (cost=5.49..413.00 rows=103 width=125)
	  Recheck Cond: ((k >= 8566701) AND (k <= 8566801))
	  ->  Bitmap Index Scan on k_7  (cost=0.00..5.46 rows=103 width=0)
	        Index Cond: ((k >= 8566701) AND (k <= 8566801))

table 8 : explain SELECT k, c FROM sbtest8 WHERE k BETWEEN 8566701 AND 8566801
	Bitmap Heap Scan on sbtest8  (cost=5.57..444.49 rows=111 width=125)
	  Recheck Cond: ((k >= 8566701) AND (k <= 8566801))
	  ->  Bitmap Index Scan on k_8  (cost=0.00..5.54 rows=111 width=0)
	        Index Cond: ((k >= 8566701) AND (k <= 8566801))

for range-notcovered
table 1 : explain SELECT k, c FROM sbtest1 WHERE k BETWEEN 8279087 AND 8279187
	Bitmap Heap Scan on sbtest1  (cost=5.52..424.81 rows=106 width=125)
	  Recheck Cond: ((k >= 8279087) AND (k <= 8279187))
	  ->  Bitmap Index Scan on k_1  (cost=0.00..5.50 rows=106 width=0)
	        Index Cond: ((k >= 8279087) AND (k <= 8279187))

table 2 : explain SELECT k, c FROM sbtest2 WHERE k BETWEEN 8279087 AND 8279187
	Bitmap Heap Scan on sbtest2  (cost=5.38..369.67 rows=92 width=125)
	  Recheck Cond: ((k >= 8279087) AND (k <= 8279187))
	  ->  Bitmap Index Scan on k_2  (cost=0.00..5.35 rows=92 width=0)
	        Index Cond: ((k >= 8279087) AND (k <= 8279187))

table 3 : explain SELECT k, c FROM sbtest3 WHERE k BETWEEN 8279087 AND 8279187
	Bitmap Heap Scan on sbtest3  (cost=5.46..401.19 rows=100 width=125)
	  Recheck Cond: ((k >= 8279087) AND (k <= 8279187))
	  ->  Bitmap Index Scan on k_3  (cost=0.00..5.43 rows=100 width=0)
	        Index Cond: ((k >= 8279087) AND (k <= 8279187))

table 4 : explain SELECT k, c FROM sbtest4 WHERE k BETWEEN 8279087 AND 8279187
	Bitmap Heap Scan on sbtest4  (cost=5.40..377.55 rows=94 width=125)
	  Recheck Cond: ((k >= 8279087) AND (k <= 8279187))
	  ->  Bitmap Index Scan on k_4  (cost=0.00..5.38 rows=94 width=0)
	        Index Cond: ((k >= 8279087) AND (k <= 8279187))

table 5 : explain SELECT k, c FROM sbtest5 WHERE k BETWEEN 8279087 AND 8279187
	Bitmap Heap Scan on sbtest5  (cost=5.42..385.43 rows=96 width=125)
	  Recheck Cond: ((k >= 8279087) AND (k <= 8279187))
	  ->  Bitmap Index Scan on k_5  (cost=0.00..5.39 rows=96 width=0)
	        Index Cond: ((k >= 8279087) AND (k <= 8279187))

table 6 : explain SELECT k, c FROM sbtest6 WHERE k BETWEEN 8279087 AND 8279187
	Bitmap Heap Scan on sbtest6  (cost=5.39..373.61 rows=93 width=125)
	  Recheck Cond: ((k >= 8279087) AND (k <= 8279187))
	  ->  Bitmap Index Scan on k_6  (cost=0.00..5.36 rows=93 width=0)
	        Index Cond: ((k >= 8279087) AND (k <= 8279187))

table 7 : explain SELECT k, c FROM sbtest7 WHERE k BETWEEN 8279087 AND 8279187
	Bitmap Heap Scan on sbtest7  (cost=5.52..424.81 rows=106 width=125)
	  Recheck Cond: ((k >= 8279087) AND (k <= 8279187))
	  ->  Bitmap Index Scan on k_7  (cost=0.00..5.50 rows=106 width=0)
	        Index Cond: ((k >= 8279087) AND (k <= 8279187))

table 8 : explain SELECT k, c FROM sbtest8 WHERE k BETWEEN 8279087 AND 8279187
	Bitmap Heap Scan on sbtest8  (cost=5.48..409.07 rows=102 width=125)
	  Recheck Cond: ((k >= 8279087) AND (k <= 8279187))
	  ->  Bitmap Index Scan on k_8  (cost=0.00..5.45 rows=102 width=0)
	        Index Cond: ((k >= 8279087) AND (k <= 8279187))

explain: for range-notcovered :: explain SELECT k, c FROM sbtest%d WHERE k BETWEEN 4774149 AND 4774249
explain: for range-notcovered :: explain SELECT k, c FROM sbtest%d WHERE k BETWEEN 2729014 AND 2729114
explain: for range-notcovered :: explain SELECT k, c FROM sbtest%d WHERE k BETWEEN 5738945 AND 5739045
for range-notcovered
table 1 : explain SELECT k, c FROM sbtest1 WHERE k BETWEEN 3585162 AND 3585262
	Bitmap Heap Scan on sbtest1  (cost=5.45..397.25 rows=99 width=125)
	  Recheck Cond: ((k >= 3585162) AND (k <= 3585262))
	  ->  Bitmap Index Scan on k_1  (cost=0.00..5.42 rows=99 width=0)
	        Index Cond: ((k >= 3585162) AND (k <= 3585262))

table 2 : explain SELECT k, c FROM sbtest2 WHERE k BETWEEN 3585162 AND 3585262
	Bitmap Heap Scan on sbtest2  (cost=5.42..385.43 rows=96 width=125)
	  Recheck Cond: ((k >= 3585162) AND (k <= 3585262))
	  ->  Bitmap Index Scan on k_2  (cost=0.00..5.39 rows=96 width=0)
	        Index Cond: ((k >= 3585162) AND (k <= 3585262))

table 3 : explain SELECT k, c FROM sbtest3 WHERE k BETWEEN 3585162 AND 3585262
	Bitmap Heap Scan on sbtest3  (cost=5.46..401.19 rows=100 width=125)
	  Recheck Cond: ((k >= 3585162) AND (k <= 3585262))
	  ->  Bitmap Index Scan on k_3  (cost=0.00..5.43 rows=100 width=0)
	        Index Cond: ((k >= 3585162) AND (k <= 3585262))

table 4 : explain SELECT k, c FROM sbtest4 WHERE k BETWEEN 3585162 AND 3585262
	Bitmap Heap Scan on sbtest4  (cost=5.44..393.31 rows=98 width=125)
	  Recheck Cond: ((k >= 3585162) AND (k <= 3585262))
	  ->  Bitmap Index Scan on k_4  (cost=0.00..5.42 rows=98 width=0)
	        Index Cond: ((k >= 3585162) AND (k <= 3585262))

table 5 : explain SELECT k, c FROM sbtest5 WHERE k BETWEEN 3585162 AND 3585262
	Bitmap Heap Scan on sbtest5  (cost=5.63..468.09 rows=117 width=125)
	  Recheck Cond: ((k >= 3585162) AND (k <= 3585262))
	  ->  Bitmap Index Scan on k_5  (cost=0.00..5.60 rows=117 width=0)
	        Index Cond: ((k >= 3585162) AND (k <= 3585262))

table 6 : explain SELECT k, c FROM sbtest6 WHERE k BETWEEN 3585162 AND 3585262
	Bitmap Heap Scan on sbtest6  (cost=5.43..389.37 rows=97 width=125)
	  Recheck Cond: ((k >= 3585162) AND (k <= 3585262))
	  ->  Bitmap Index Scan on k_6  (cost=0.00..5.40 rows=97 width=0)
	        Index Cond: ((k >= 3585162) AND (k <= 3585262))

table 7 : explain SELECT k, c FROM sbtest7 WHERE k BETWEEN 3585162 AND 3585262
	Bitmap Heap Scan on sbtest7  (cost=5.46..401.19 rows=100 width=125)
	  Recheck Cond: ((k >= 3585162) AND (k <= 3585262))
	  ->  Bitmap Index Scan on k_7  (cost=0.00..5.43 rows=100 width=0)
	        Index Cond: ((k >= 3585162) AND (k <= 3585262))

table 8 : explain SELECT k, c FROM sbtest8 WHERE k BETWEEN 3585162 AND 3585262
	Bitmap Heap Scan on sbtest8  (cost=5.51..420.88 rows=105 width=125)
	  Recheck Cond: ((k >= 3585162) AND (k <= 3585262))
	  ->  Bitmap Index Scan on k_8  (cost=0.00..5.48 rows=105 width=0)
	        Index Cond: ((k >= 3585162) AND (k <= 3585262))

explain: for range-notcovered :: explain SELECT k, c FROM sbtest%d WHERE k BETWEEN 3585162 AND 3585262
explain: for range-notcovered :: explain SELECT k, c FROM sbtest%d WHERE k BETWEEN 8566701 AND 8566801
for range-notcovered
table 1 : explain SELECT k, c FROM sbtest1 WHERE k BETWEEN 2811339 AND 2811439
	Bitmap Heap Scan on sbtest1  (cost=5.44..393.31 rows=98 width=125)
	  Recheck Cond: ((k >= 2811339) AND (k <= 2811439))
	  ->  Bitmap Index Scan on k_1  (cost=0.00..5.42 rows=98 width=0)
	        Index Cond: ((k >= 2811339) AND (k <= 2811439))

table 2 : explain SELECT k, c FROM sbtest2 WHERE k BETWEEN 2811339 AND 2811439
	Bitmap Heap Scan on sbtest2  (cost=5.45..397.25 rows=99 width=125)
	  Recheck Cond: ((k >= 2811339) AND (k <= 2811439))
	  ->  Bitmap Index Scan on k_2  (cost=0.00..5.42 rows=99 width=0)
	        Index Cond: ((k >= 2811339) AND (k <= 2811439))

table 3 : explain SELECT k, c FROM sbtest3 WHERE k BETWEEN 2811339 AND 2811439
	Bitmap Heap Scan on sbtest3  (cost=5.47..405.13 rows=101 width=125)
	  Recheck Cond: ((k >= 2811339) AND (k <= 2811439))
	  ->  Bitmap Index Scan on k_3  (cost=0.00..5.44 rows=101 width=0)
	        Index Cond: ((k >= 2811339) AND (k <= 2811439))

table 4 : explain SELECT k, c FROM sbtest4 WHERE k BETWEEN 2811339 AND 2811439
	Bitmap Heap Scan on sbtest4  (cost=5.52..424.81 rows=106 width=125)
	  Recheck Cond: ((k >= 2811339) AND (k <= 2811439))
	  ->  Bitmap Index Scan on k_4  (cost=0.00..5.50 rows=106 width=0)
	        Index Cond: ((k >= 2811339) AND (k <= 2811439))

table 5 : explain SELECT k, c FROM sbtest5 WHERE k BETWEEN 2811339 AND 2811439
	Bitmap Heap Scan on sbtest5  (cost=5.48..409.07 rows=102 width=125)
	  Recheck Cond: ((k >= 2811339) AND (k <= 2811439))
	  ->  Bitmap Index Scan on k_5  (cost=0.00..5.45 rows=102 width=0)
	        Index Cond: ((k >= 2811339) AND (k <= 2811439))

table 6 : explain SELECT k, c FROM sbtest6 WHERE k BETWEEN 2811339 AND 2811439
	Bitmap Heap Scan on sbtest6  (cost=5.38..369.67 rows=92 width=125)
	  Recheck Cond: ((k >= 2811339) AND (k <= 2811439))
	  ->  Bitmap Index Scan on k_6  (cost=0.00..5.35 rows=92 width=0)
	        Index Cond: ((k >= 2811339) AND (k <= 2811439))

table 7 : explain SELECT k, c FROM sbtest7 WHERE k BETWEEN 2811339 AND 2811439
	Bitmap Heap Scan on sbtest7  (cost=5.52..424.81 rows=106 width=125)
	  Recheck Cond: ((k >= 2811339) AND (k <= 2811439))
	  ->  Bitmap Index Scan on k_7  (cost=0.00..5.50 rows=106 width=0)
	        Index Cond: ((k >= 2811339) AND (k <= 2811439))

table 8 : explain SELECT k, c FROM sbtest8 WHERE k BETWEEN 2811339 AND 2811439
	Bitmap Heap Scan on sbtest8  (cost=5.64..472.02 rows=118 width=125)
	  Recheck Cond: ((k >= 2811339) AND (k <= 2811439))
	  ->  Bitmap Index Scan on k_8  (cost=0.00..5.61 rows=118 width=0)
	        Index Cond: ((k >= 2811339) AND (k <= 2811439))

explain: for range-notcovered :: explain SELECT k, c FROM sbtest%d WHERE k BETWEEN 2811339 AND 2811439
for range-notcovered
table 1 : explain SELECT k, c FROM sbtest1 WHERE k BETWEEN 4774149 AND 4774249
	Bitmap Heap Scan on sbtest1  (cost=5.41..381.49 rows=95 width=125)
	  Recheck Cond: ((k >= 4774149) AND (k <= 4774249))
	  ->  Bitmap Index Scan on k_1  (cost=0.00..5.38 rows=95 width=0)
	        Index Cond: ((k >= 4774149) AND (k <= 4774249))

table 2 : explain SELECT k, c FROM sbtest2 WHERE k BETWEEN 4774149 AND 4774249
	Bitmap Heap Scan on sbtest2  (cost=5.47..405.13 rows=101 width=125)
	  Recheck Cond: ((k >= 4774149) AND (k <= 4774249))
	  ->  Bitmap Index Scan on k_2  (cost=0.00..5.44 rows=101 width=0)
	        Index Cond: ((k >= 4774149) AND (k <= 4774249))

table 3 : explain SELECT k, c FROM sbtest3 WHERE k BETWEEN 4774149 AND 4774249
	Bitmap Heap Scan on sbtest3  (cost=5.39..373.61 rows=93 width=125)
	  Recheck Cond: ((k >= 4774149) AND (k <= 4774249))
	  ->  Bitmap Index Scan on k_3  (cost=0.00..5.36 rows=93 width=0)
	        Index Cond: ((k >= 4774149) AND (k <= 4774249))

table 4 : explain SELECT k, c FROM sbtest4 WHERE k BETWEEN 4774149 AND 4774249
	Bitmap Heap Scan on sbtest4  (cost=5.52..424.81 rows=106 width=125)
	  Recheck Cond: ((k >= 4774149) AND (k <= 4774249))
	  ->  Bitmap Index Scan on k_4  (cost=0.00..5.50 rows=106 width=0)
	        Index Cond: ((k >= 4774149) AND (k <= 4774249))

table 5 : explain SELECT k, c FROM sbtest5 WHERE k BETWEEN 4774149 AND 4774249
	Bitmap Heap Scan on sbtest5  (cost=5.44..393.31 rows=98 width=125)
	  Recheck Cond: ((k >= 4774149) AND (k <= 4774249))
	  ->  Bitmap Index Scan on k_5  (cost=0.00..5.42 rows=98 width=0)
	        Index Cond: ((k >= 4774149) AND (k <= 4774249))

table 6 : explain SELECT k, c FROM sbtest6 WHERE k BETWEEN 4774149 AND 4774249
	Bitmap Heap Scan on sbtest6  (cost=5.45..397.25 rows=99 width=125)
	  Recheck Cond: ((k >= 4774149) AND (k <= 4774249))
	  ->  Bitmap Index Scan on k_6  (cost=0.00..5.42 rows=99 width=0)
	        Index Cond: ((k >= 4774149) AND (k <= 4774249))

table 7 : explain SELECT k, c FROM sbtest7 WHERE k BETWEEN 4774149 AND 4774249
	Bitmap Heap Scan on sbtest7  (cost=5.49..413.00 rows=103 width=125)
	  Recheck Cond: ((k >= 4774149) AND (k <= 4774249))
	  ->  Bitmap Index Scan on k_7  (cost=0.00..5.46 rows=103 width=0)
	        Index Cond: ((k >= 4774149) AND (k <= 4774249))

table 8 : explain SELECT k, c FROM sbtest8 WHERE k BETWEEN 4774149 AND 4774249
	Bitmap Heap Scan on sbtest8  (cost=5.47..405.13 rows=101 width=125)
	  Recheck Cond: ((k >= 4774149) AND (k <= 4774249))
	  ->  Bitmap Index Scan on k_8  (cost=0.00..5.44 rows=101 width=0)
	        Index Cond: ((k >= 4774149) AND (k <= 4774249))

for range-notcovered
table 1 : explain SELECT k, c FROM sbtest1 WHERE k BETWEEN 5571154 AND 5571254
	Bitmap Heap Scan on sbtest1  (cost=5.46..401.19 rows=100 width=125)
	  Recheck Cond: ((k >= 5571154) AND (k <= 5571254))
	  ->  Bitmap Index Scan on k_1  (cost=0.00..5.43 rows=100 width=0)
	        Index Cond: ((k >= 5571154) AND (k <= 5571254))

table 2 : explain SELECT k, c FROM sbtest2 WHERE k BETWEEN 5571154 AND 5571254
	Bitmap Heap Scan on sbtest2  (cost=5.49..413.00 rows=103 width=125)
	  Recheck Cond: ((k >= 5571154) AND (k <= 5571254))
	  ->  Bitmap Index Scan on k_2  (cost=0.00..5.46 rows=103 width=0)
	        Index Cond: ((k >= 5571154) AND (k <= 5571254))

table 3 : explain SELECT k, c FROM sbtest3 WHERE k BETWEEN 5571154 AND 5571254
	Bitmap Heap Scan on sbtest3  (cost=5.44..393.31 rows=98 width=125)
	  Recheck Cond: ((k >= 5571154) AND (k <= 5571254))
	  ->  Bitmap Index Scan on k_3  (cost=0.00..5.42 rows=98 width=0)
	        Index Cond: ((k >= 5571154) AND (k <= 5571254))

table 4 : explain SELECT k, c FROM sbtest4 WHERE k BETWEEN 5571154 AND 5571254
	Bitmap Heap Scan on sbtest4  (cost=5.41..381.49 rows=95 width=125)
	  Recheck Cond: ((k >= 5571154) AND (k <= 5571254))
	  ->  Bitmap Index Scan on k_4  (cost=0.00..5.38 rows=95 width=0)
	        Index Cond: ((k >= 5571154) AND (k <= 5571254))

table 5 : explain SELECT k, c FROM sbtest5 WHERE k BETWEEN 5571154 AND 5571254
	Bitmap Heap Scan on sbtest5  (cost=5.47..405.13 rows=101 width=125)
	  Recheck Cond: ((k >= 5571154) AND (k <= 5571254))
	  ->  Bitmap Index Scan on k_5  (cost=0.00..5.44 rows=101 width=0)
	        Index Cond: ((k >= 5571154) AND (k <= 5571254))

table 6 : explain SELECT k, c FROM sbtest6 WHERE k BETWEEN 5571154 AND 5571254
	Bitmap Heap Scan on sbtest6  (cost=5.62..464.15 rows=116 width=125)
	  Recheck Cond: ((k >= 5571154) AND (k <= 5571254))
	  ->  Bitmap Index Scan on k_6  (cost=0.00..5.59 rows=116 width=0)
	        Index Cond: ((k >= 5571154) AND (k <= 5571254))

table 7 : explain SELECT k, c FROM sbtest7 WHERE k BETWEEN 5571154 AND 5571254
	Bitmap Heap Scan on sbtest7  (cost=5.41..381.49 rows=95 width=125)
	  Recheck Cond: ((k >= 5571154) AND (k <= 5571254))
	  ->  Bitmap Index Scan on k_7  (cost=0.00..5.38 rows=95 width=0)
	        Index Cond: ((k >= 5571154) AND (k <= 5571254))

table 8 : explain SELECT k, c FROM sbtest8 WHERE k BETWEEN 5571154 AND 5571254
	Bitmap Heap Scan on sbtest8  (cost=5.42..385.43 rows=96 width=125)
	  Recheck Cond: ((k >= 5571154) AND (k <= 5571254))
	  ->  Bitmap Index Scan on k_8  (cost=0.00..5.39 rows=96 width=0)
	        Index Cond: ((k >= 5571154) AND (k <= 5571254))

explain: for range-notcovered :: explain SELECT k, c FROM sbtest%d WHERE k BETWEEN 4774149 AND 4774249
explain: for range-notcovered :: explain SELECT k, c FROM sbtest%d WHERE k BETWEEN 5571154 AND 5571254
for range-notcovered
table 1 : explain SELECT k, c FROM sbtest1 WHERE k BETWEEN 2811339 AND 2811439
	Bitmap Heap Scan on sbtest1  (cost=5.44..393.31 rows=98 width=125)
	  Recheck Cond: ((k >= 2811339) AND (k <= 2811439))
	  ->  Bitmap Index Scan on k_1  (cost=0.00..5.42 rows=98 width=0)
	        Index Cond: ((k >= 2811339) AND (k <= 2811439))

table 2 : explain SELECT k, c FROM sbtest2 WHERE k BETWEEN 2811339 AND 2811439
	Bitmap Heap Scan on sbtest2  (cost=5.45..397.25 rows=99 width=125)
	  Recheck Cond: ((k >= 2811339) AND (k <= 2811439))
	  ->  Bitmap Index Scan on k_2  (cost=0.00..5.42 rows=99 width=0)
	        Index Cond: ((k >= 2811339) AND (k <= 2811439))

table 3 : explain SELECT k, c FROM sbtest3 WHERE k BETWEEN 2811339 AND 2811439
	Bitmap Heap Scan on sbtest3  (cost=5.47..405.13 rows=101 width=125)
	  Recheck Cond: ((k >= 2811339) AND (k <= 2811439))
	  ->  Bitmap Index Scan on k_3  (cost=0.00..5.44 rows=101 width=0)
	        Index Cond: ((k >= 2811339) AND (k <= 2811439))

table 4 : explain SELECT k, c FROM sbtest4 WHERE k BETWEEN 2811339 AND 2811439
	Bitmap Heap Scan on sbtest4  (cost=5.52..424.81 rows=106 width=125)
	  Recheck Cond: ((k >= 2811339) AND (k <= 2811439))
	  ->  Bitmap Index Scan on k_4  (cost=0.00..5.50 rows=106 width=0)
	        Index Cond: ((k >= 2811339) AND (k <= 2811439))

table 5 : explain SELECT k, c FROM sbtest5 WHERE k BETWEEN 2811339 AND 2811439
	Bitmap Heap Scan on sbtest5  (cost=5.48..409.07 rows=102 width=125)
	  Recheck Cond: ((k >= 2811339) AND (k <= 2811439))
	  ->  Bitmap Index Scan on k_5  (cost=0.00..5.45 rows=102 width=0)
	        Index Cond: ((k >= 2811339) AND (k <= 2811439))

table 6 : explain SELECT k, c FROM sbtest6 WHERE k BETWEEN 2811339 AND 2811439
	Bitmap Heap Scan on sbtest6  (cost=5.38..369.67 rows=92 width=125)
	  Recheck Cond: ((k >= 2811339) AND (k <= 2811439))
	  ->  Bitmap Index Scan on k_6  (cost=0.00..5.35 rows=92 width=0)
	        Index Cond: ((k >= 2811339) AND (k <= 2811439))

table 7 : explain SELECT k, c FROM sbtest7 WHERE k BETWEEN 2811339 AND 2811439
	Bitmap Heap Scan on sbtest7  (cost=5.52..424.81 rows=106 width=125)
	  Recheck Cond: ((k >= 2811339) AND (k <= 2811439))
	  ->  Bitmap Index Scan on k_7  (cost=0.00..5.50 rows=106 width=0)
	        Index Cond: ((k >= 2811339) AND (k <= 2811439))

table 8 : explain SELECT k, c FROM sbtest8 WHERE k BETWEEN 2811339 AND 2811439
	Bitmap Heap Scan on sbtest8  (cost=5.64..472.02 rows=118 width=125)
	  Recheck Cond: ((k >= 2811339) AND (k <= 2811439))
	  ->  Bitmap Index Scan on k_8  (cost=0.00..5.61 rows=118 width=0)
	        Index Cond: ((k >= 2811339) AND (k <= 2811439))

explain: for range-notcovered :: explain SELECT k, c FROM sbtest%d WHERE k BETWEEN 2811339 AND 2811439
for range-notcovered
table 1 : explain SELECT k, c FROM sbtest1 WHERE k BETWEEN 4774149 AND 4774249
	Bitmap Heap Scan on sbtest1  (cost=5.41..381.49 rows=95 width=125)
	  Recheck Cond: ((k >= 4774149) AND (k <= 4774249))
	  ->  Bitmap Index Scan on k_1  (cost=0.00..5.38 rows=95 width=0)
	        Index Cond: ((k >= 4774149) AND (k <= 4774249))

table 2 : explain SELECT k, c FROM sbtest2 WHERE k BETWEEN 4774149 AND 4774249
	Bitmap Heap Scan on sbtest2  (cost=5.47..405.13 rows=101 width=125)
	  Recheck Cond: ((k >= 4774149) AND (k <= 4774249))
	  ->  Bitmap Index Scan on k_2  (cost=0.00..5.44 rows=101 width=0)
	        Index Cond: ((k >= 4774149) AND (k <= 4774249))

table 3 : explain SELECT k, c FROM sbtest3 WHERE k BETWEEN 4774149 AND 4774249
	Bitmap Heap Scan on sbtest3  (cost=5.39..373.61 rows=93 width=125)
	  Recheck Cond: ((k >= 4774149) AND (k <= 4774249))
	  ->  Bitmap Index Scan on k_3  (cost=0.00..5.36 rows=93 width=0)
	        Index Cond: ((k >= 4774149) AND (k <= 4774249))

table 4 : explain SELECT k, c FROM sbtest4 WHERE k BETWEEN 4774149 AND 4774249
	Bitmap Heap Scan on sbtest4  (cost=5.52..424.81 rows=106 width=125)
	  Recheck Cond: ((k >= 4774149) AND (k <= 4774249))
	  ->  Bitmap Index Scan on k_4  (cost=0.00..5.50 rows=106 width=0)
	        Index Cond: ((k >= 4774149) AND (k <= 4774249))

table 5 : explain SELECT k, c FROM sbtest5 WHERE k BETWEEN 4774149 AND 4774249
	Bitmap Heap Scan on sbtest5  (cost=5.44..393.31 rows=98 width=125)
	  Recheck Cond: ((k >= 4774149) AND (k <= 4774249))
	  ->  Bitmap Index Scan on k_5  (cost=0.00..5.42 rows=98 width=0)
	        Index Cond: ((k >= 4774149) AND (k <= 4774249))

table 6 : explain SELECT k, c FROM sbtest6 WHERE k BETWEEN 4774149 AND 4774249
	Bitmap Heap Scan on sbtest6  (cost=5.45..397.25 rows=99 width=125)
	  Recheck Cond: ((k >= 4774149) AND (k <= 4774249))
	  ->  Bitmap Index Scan on k_6  (cost=0.00..5.42 rows=99 width=0)
	        Index Cond: ((k >= 4774149) AND (k <= 4774249))

table 7 : explain SELECT k, c FROM sbtest7 WHERE k BETWEEN 4774149 AND 4774249
	Bitmap Heap Scan on sbtest7  (cost=5.49..413.00 rows=103 width=125)
	  Recheck Cond: ((k >= 4774149) AND (k <= 4774249))
	  ->  Bitmap Index Scan on k_7  (cost=0.00..5.46 rows=103 width=0)
	        Index Cond: ((k >= 4774149) AND (k <= 4774249))

table 8 : explain SELECT k, c FROM sbtest8 WHERE k BETWEEN 4774149 AND 4774249
	Bitmap Heap Scan on sbtest8  (cost=5.47..405.13 rows=101 width=125)
	  Recheck Cond: ((k >= 4774149) AND (k <= 4774249))
	  ->  Bitmap Index Scan on k_8  (cost=0.00..5.44 rows=101 width=0)
	        Index Cond: ((k >= 4774149) AND (k <= 4774249))

for range-notcovered
table 1 : explain SELECT k, c FROM sbtest1 WHERE k BETWEEN 2729014 AND 2729114
	Bitmap Heap Scan on sbtest1  (cost=5.44..393.31 rows=98 width=125)
	  Recheck Cond: ((k >= 2729014) AND (k <= 2729114))
	  ->  Bitmap Index Scan on k_1  (cost=0.00..5.42 rows=98 width=0)
	        Index Cond: ((k >= 2729014) AND (k <= 2729114))

table 2 : explain SELECT k, c FROM sbtest2 WHERE k BETWEEN 2729014 AND 2729114
	Bitmap Heap Scan on sbtest2  (cost=5.48..409.07 rows=102 width=125)
	  Recheck Cond: ((k >= 2729014) AND (k <= 2729114))
	  ->  Bitmap Index Scan on k_2  (cost=0.00..5.45 rows=102 width=0)
	        Index Cond: ((k >= 2729014) AND (k <= 2729114))

table 3 : explain SELECT k, c FROM sbtest3 WHERE k BETWEEN 2729014 AND 2729114
	Bitmap Heap Scan on sbtest3  (cost=5.43..389.37 rows=97 width=125)
	  Recheck Cond: ((k >= 2729014) AND (k <= 2729114))
	  ->  Bitmap Index Scan on k_3  (cost=0.00..5.40 rows=97 width=0)
	        Index Cond: ((k >= 2729014) AND (k <= 2729114))

table 4 : explain SELECT k, c FROM sbtest4 WHERE k BETWEEN 2729014 AND 2729114
	Bitmap Heap Scan on sbtest4  (cost=5.40..377.55 rows=94 width=125)
	  Recheck Cond: ((k >= 2729014) AND (k <= 2729114))
	  ->  Bitmap Index Scan on k_4  (cost=0.00..5.38 rows=94 width=0)
	        Index Cond: ((k >= 2729014) AND (k <= 2729114))

table 5 : explain SELECT k, c FROM sbtest5 WHERE k BETWEEN 2729014 AND 2729114
	Bitmap Heap Scan on sbtest5  (cost=5.53..428.75 rows=107 width=125)
	  Recheck Cond: ((k >= 2729014) AND (k <= 2729114))
	  ->  Bitmap Index Scan on k_5  (cost=0.00..5.50 rows=107 width=0)
	        Index Cond: ((k >= 2729014) AND (k <= 2729114))

table 6 : explain SELECT k, c FROM sbtest6 WHERE k BETWEEN 2729014 AND 2729114
	Bitmap Heap Scan on sbtest6  (cost=5.62..464.15 rows=116 width=125)
	  Recheck Cond: ((k >= 2729014) AND (k <= 2729114))
	  ->  Bitmap Index Scan on k_6  (cost=0.00..5.59 rows=116 width=0)
	        Index Cond: ((k >= 2729014) AND (k <= 2729114))

table 7 : explain SELECT k, c FROM sbtest7 WHERE k BETWEEN 2729014 AND 2729114
	Bitmap Heap Scan on sbtest7  (cost=5.54..432.69 rows=108 width=125)
	  Recheck Cond: ((k >= 2729014) AND (k <= 2729114))
	  ->  Bitmap Index Scan on k_7  (cost=0.00..5.51 rows=108 width=0)
	        Index Cond: ((k >= 2729014) AND (k <= 2729114))

table 8 : explain SELECT k, c FROM sbtest8 WHERE k BETWEEN 2729014 AND 2729114
	Bitmap Heap Scan on sbtest8  (cost=5.52..424.81 rows=106 width=125)
	  Recheck Cond: ((k >= 2729014) AND (k <= 2729114))
	  ->  Bitmap Index Scan on k_8  (cost=0.00..5.50 rows=106 width=0)
	        Index Cond: ((k >= 2729014) AND (k <= 2729114))

explain: for range-notcovered :: explain SELECT k, c FROM sbtest%d WHERE k BETWEEN 4774149 AND 4774249
for range-notcovered
table 1 : explain SELECT k, c FROM sbtest1 WHERE k BETWEEN 3585162 AND 3585262
	Bitmap Heap Scan on sbtest1  (cost=5.45..397.25 rows=99 width=125)
	  Recheck Cond: ((k >= 3585162) AND (k <= 3585262))
	  ->  Bitmap Index Scan on k_1  (cost=0.00..5.42 rows=99 width=0)
	        Index Cond: ((k >= 3585162) AND (k <= 3585262))

table 2 : explain SELECT k, c FROM sbtest2 WHERE k BETWEEN 3585162 AND 3585262
	Bitmap Heap Scan on sbtest2  (cost=5.42..385.43 rows=96 width=125)
	  Recheck Cond: ((k >= 3585162) AND (k <= 3585262))
	  ->  Bitmap Index Scan on k_2  (cost=0.00..5.39 rows=96 width=0)
	        Index Cond: ((k >= 3585162) AND (k <= 3585262))

table 3 : explain SELECT k, c FROM sbtest3 WHERE k BETWEEN 3585162 AND 3585262
	Bitmap Heap Scan on sbtest3  (cost=5.46..401.19 rows=100 width=125)
	  Recheck Cond: ((k >= 3585162) AND (k <= 3585262))
	  ->  Bitmap Index Scan on k_3  (cost=0.00..5.43 rows=100 width=0)
	        Index Cond: ((k >= 3585162) AND (k <= 3585262))

table 4 : explain SELECT k, c FROM sbtest4 WHERE k BETWEEN 3585162 AND 3585262
	Bitmap Heap Scan on sbtest4  (cost=5.44..393.31 rows=98 width=125)
	  Recheck Cond: ((k >= 3585162) AND (k <= 3585262))
	  ->  Bitmap Index Scan on k_4  (cost=0.00..5.42 rows=98 width=0)
	        Index Cond: ((k >= 3585162) AND (k <= 3585262))

table 5 : explain SELECT k, c FROM sbtest5 WHERE k BETWEEN 3585162 AND 3585262
	Bitmap Heap Scan on sbtest5  (cost=5.63..468.09 rows=117 width=125)
	  Recheck Cond: ((k >= 3585162) AND (k <= 3585262))
	  ->  Bitmap Index Scan on k_5  (cost=0.00..5.60 rows=117 width=0)
	        Index Cond: ((k >= 3585162) AND (k <= 3585262))

table 6 : explain SELECT k, c FROM sbtest6 WHERE k BETWEEN 3585162 AND 3585262
	Bitmap Heap Scan on sbtest6  (cost=5.43..389.37 rows=97 width=125)
	  Recheck Cond: ((k >= 3585162) AND (k <= 3585262))
	  ->  Bitmap Index Scan on k_6  (cost=0.00..5.40 rows=97 width=0)
	        Index Cond: ((k >= 3585162) AND (k <= 3585262))

table 7 : explain SELECT k, c FROM sbtest7 WHERE k BETWEEN 3585162 AND 3585262
	Bitmap Heap Scan on sbtest7  (cost=5.46..401.19 rows=100 width=125)
	  Recheck Cond: ((k >= 3585162) AND (k <= 3585262))
	  ->  Bitmap Index Scan on k_7  (cost=0.00..5.43 rows=100 width=0)
	        Index Cond: ((k >= 3585162) AND (k <= 3585262))

table 8 : explain SELECT k, c FROM sbtest8 WHERE k BETWEEN 3585162 AND 3585262
	Bitmap Heap Scan on sbtest8  (cost=5.51..420.88 rows=105 width=125)
	  Recheck Cond: ((k >= 3585162) AND (k <= 3585262))
	  ->  Bitmap Index Scan on k_8  (cost=0.00..5.48 rows=105 width=0)
	        Index Cond: ((k >= 3585162) AND (k <= 3585262))

for range-notcovered
table 1 : explain SELECT k, c FROM sbtest1 WHERE k BETWEEN 2811339 AND 2811439
	Bitmap Heap Scan on sbtest1  (cost=5.44..393.31 rows=98 width=125)
	  Recheck Cond: ((k >= 2811339) AND (k <= 2811439))
	  ->  Bitmap Index Scan on k_1  (cost=0.00..5.42 rows=98 width=0)
	        Index Cond: ((k >= 2811339) AND (k <= 2811439))

table 2 : explain SELECT k, c FROM sbtest2 WHERE k BETWEEN 2811339 AND 2811439
	Bitmap Heap Scan on sbtest2  (cost=5.45..397.25 rows=99 width=125)
	  Recheck Cond: ((k >= 2811339) AND (k <= 2811439))
	  ->  Bitmap Index Scan on k_2  (cost=0.00..5.42 rows=99 width=0)
	        Index Cond: ((k >= 2811339) AND (k <= 2811439))

table 3 : explain SELECT k, c FROM sbtest3 WHERE k BETWEEN 2811339 AND 2811439
	Bitmap Heap Scan on sbtest3  (cost=5.47..405.13 rows=101 width=125)
	  Recheck Cond: ((k >= 2811339) AND (k <= 2811439))
	  ->  Bitmap Index Scan on k_3  (cost=0.00..5.44 rows=101 width=0)
	        Index Cond: ((k >= 2811339) AND (k <= 2811439))

table 4 : explain SELECT k, c FROM sbtest4 WHERE k BETWEEN 2811339 AND 2811439
	Bitmap Heap Scan on sbtest4  (cost=5.52..424.81 rows=106 width=125)
	  Recheck Cond: ((k >= 2811339) AND (k <= 2811439))
	  ->  Bitmap Index Scan on k_4  (cost=0.00..5.50 rows=106 width=0)
	        Index Cond: ((k >= 2811339) AND (k <= 2811439))

table 5 : explain SELECT k, c FROM sbtest5 WHERE k BETWEEN 2811339 AND 2811439
	Bitmap Heap Scan on sbtest5  (cost=5.48..409.07 rows=102 width=125)
	  Recheck Cond: ((k >= 2811339) AND (k <= 2811439))
	  ->  Bitmap Index Scan on k_5  (cost=0.00..5.45 rows=102 width=0)
	        Index Cond: ((k >= 2811339) AND (k <= 2811439))

table 6 : explain SELECT k, c FROM sbtest6 WHERE k BETWEEN 2811339 AND 2811439
	Bitmap Heap Scan on sbtest6  (cost=5.38..369.67 rows=92 width=125)
	  Recheck Cond: ((k >= 2811339) AND (k <= 2811439))
	  ->  Bitmap Index Scan on k_6  (cost=0.00..5.35 rows=92 width=0)
	        Index Cond: ((k >= 2811339) AND (k <= 2811439))

table 7 : explain SELECT k, c FROM sbtest7 WHERE k BETWEEN 2811339 AND 2811439
	Bitmap Heap Scan on sbtest7  (cost=5.52..424.81 rows=106 width=125)
	  Recheck Cond: ((k >= 2811339) AND (k <= 2811439))
	  ->  Bitmap Index Scan on k_7  (cost=0.00..5.50 rows=106 width=0)
	        Index Cond: ((k >= 2811339) AND (k <= 2811439))

table 8 : explain SELECT k, c FROM sbtest8 WHERE k BETWEEN 2811339 AND 2811439
	Bitmap Heap Scan on sbtest8  (cost=5.64..472.02 rows=118 width=125)
	  Recheck Cond: ((k >= 2811339) AND (k <= 2811439))
	  ->  Bitmap Index Scan on k_8  (cost=0.00..5.61 rows=118 width=0)
	        Index Cond: ((k >= 2811339) AND (k <= 2811439))

for range-notcovered
table 1 : explain SELECT k, c FROM sbtest1 WHERE k BETWEEN 8566701 AND 8566801
	Bitmap Heap Scan on sbtest1  (cost=5.40..377.55 rows=94 width=125)
	  Recheck Cond: ((k >= 8566701) AND (k <= 8566801))
	  ->  Bitmap Index Scan on k_1  (cost=0.00..5.38 rows=94 width=0)
	        Index Cond: ((k >= 8566701) AND (k <= 8566801))

table 2 : explain SELECT k, c FROM sbtest2 WHERE k BETWEEN 8566701 AND 8566801
	Bitmap Heap Scan on sbtest2  (cost=5.46..401.19 rows=100 width=125)
	  Recheck Cond: ((k >= 8566701) AND (k <= 8566801))
	  ->  Bitmap Index Scan on k_2  (cost=0.00..5.43 rows=100 width=0)
	        Index Cond: ((k >= 8566701) AND (k <= 8566801))

table 3 : explain SELECT k, c FROM sbtest3 WHERE k BETWEEN 8566701 AND 8566801
	Bitmap Heap Scan on sbtest3  (cost=5.52..424.81 rows=106 width=125)
	  Recheck Cond: ((k >= 8566701) AND (k <= 8566801))
	  ->  Bitmap Index Scan on k_3  (cost=0.00..5.50 rows=106 width=0)
	        Index Cond: ((k >= 8566701) AND (k <= 8566801))

table 4 : explain SELECT k, c FROM sbtest4 WHERE k BETWEEN 8566701 AND 8566801
	Bitmap Heap Scan on sbtest4  (cost=5.37..365.72 rows=91 width=125)
	  Recheck Cond: ((k >= 8566701) AND (k <= 8566801))
	  ->  Bitmap Index Scan on k_4  (cost=0.00..5.34 rows=91 width=0)
	        Index Cond: ((k >= 8566701) AND (k <= 8566801))

table 5 : explain SELECT k, c FROM sbtest5 WHERE k BETWEEN 8566701 AND 8566801
	Bitmap Heap Scan on sbtest5  (cost=5.46..401.19 rows=100 width=125)
	  Recheck Cond: ((k >= 8566701) AND (k <= 8566801))
	  ->  Bitmap Index Scan on k_5  (cost=0.00..5.43 rows=100 width=0)
	        Index Cond: ((k >= 8566701) AND (k <= 8566801))

table 6 : explain SELECT k, c FROM sbtest6 WHERE k BETWEEN 8566701 AND 8566801
	Bitmap Heap Scan on sbtest6  (cost=5.51..420.88 rows=105 width=125)
	  Recheck Cond: ((k >= 8566701) AND (k <= 8566801))
	  ->  Bitmap Index Scan on k_6  (cost=0.00..5.48 rows=105 width=0)
	        Index Cond: ((k >= 8566701) AND (k <= 8566801))

table 7 : explain SELECT k, c FROM sbtest7 WHERE k BETWEEN 8566701 AND 8566801
	Bitmap Heap Scan on sbtest7  (cost=5.49..413.00 rows=103 width=125)
	  Recheck Cond: ((k >= 8566701) AND (k <= 8566801))
	  ->  Bitmap Index Scan on k_7  (cost=0.00..5.46 rows=103 width=0)
	        Index Cond: ((k >= 8566701) AND (k <= 8566801))

table 8 : explain SELECT k, c FROM sbtest8 WHERE k BETWEEN 8566701 AND 8566801
	Bitmap Heap Scan on sbtest8  (cost=5.57..444.49 rows=111 width=125)
	  Recheck Cond: ((k >= 8566701) AND (k <= 8566801))
	  ->  Bitmap Index Scan on k_8  (cost=0.00..5.54 rows=111 width=0)
	        Index Cond: ((k >= 8566701) AND (k <= 8566801))

explain: for range-notcovered :: explain SELECT k, c FROM sbtest%d WHERE k BETWEEN 2811339 AND 2811439
explain: for range-notcovered :: explain SELECT k, c FROM sbtest%d WHERE k BETWEEN 3585162 AND 3585262
explain: for range-notcovered :: explain SELECT k, c FROM sbtest%d WHERE k BETWEEN 8566701 AND 8566801
for range-notcovered
table 1 : explain SELECT k, c FROM sbtest1 WHERE k BETWEEN 5571154 AND 5571254
	Bitmap Heap Scan on sbtest1  (cost=5.46..401.19 rows=100 width=125)
	  Recheck Cond: ((k >= 5571154) AND (k <= 5571254))
	  ->  Bitmap Index Scan on k_1  (cost=0.00..5.43 rows=100 width=0)
	        Index Cond: ((k >= 5571154) AND (k <= 5571254))

table 2 : explain SELECT k, c FROM sbtest2 WHERE k BETWEEN 5571154 AND 5571254
	Bitmap Heap Scan on sbtest2  (cost=5.49..413.00 rows=103 width=125)
	  Recheck Cond: ((k >= 5571154) AND (k <= 5571254))
	  ->  Bitmap Index Scan on k_2  (cost=0.00..5.46 rows=103 width=0)
	        Index Cond: ((k >= 5571154) AND (k <= 5571254))

table 3 : explain SELECT k, c FROM sbtest3 WHERE k BETWEEN 5571154 AND 5571254
	Bitmap Heap Scan on sbtest3  (cost=5.44..393.31 rows=98 width=125)
	  Recheck Cond: ((k >= 5571154) AND (k <= 5571254))
	  ->  Bitmap Index Scan on k_3  (cost=0.00..5.42 rows=98 width=0)
	        Index Cond: ((k >= 5571154) AND (k <= 5571254))

table 4 : explain SELECT k, c FROM sbtest4 WHERE k BETWEEN 5571154 AND 5571254
	Bitmap Heap Scan on sbtest4  (cost=5.41..381.49 rows=95 width=125)
	  Recheck Cond: ((k >= 5571154) AND (k <= 5571254))
	  ->  Bitmap Index Scan on k_4  (cost=0.00..5.38 rows=95 width=0)
	        Index Cond: ((k >= 5571154) AND (k <= 5571254))

table 5 : explain SELECT k, c FROM sbtest5 WHERE k BETWEEN 5571154 AND 5571254
	Bitmap Heap Scan on sbtest5  (cost=5.47..405.13 rows=101 width=125)
	  Recheck Cond: ((k >= 5571154) AND (k <= 5571254))
	  ->  Bitmap Index Scan on k_5  (cost=0.00..5.44 rows=101 width=0)
	        Index Cond: ((k >= 5571154) AND (k <= 5571254))

table 6 : explain SELECT k, c FROM sbtest6 WHERE k BETWEEN 5571154 AND 5571254
	Bitmap Heap Scan on sbtest6  (cost=5.62..464.15 rows=116 width=125)
	  Recheck Cond: ((k >= 5571154) AND (k <= 5571254))
	  ->  Bitmap Index Scan on k_6  (cost=0.00..5.59 rows=116 width=0)
	        Index Cond: ((k >= 5571154) AND (k <= 5571254))

table 7 : explain SELECT k, c FROM sbtest7 WHERE k BETWEEN 5571154 AND 5571254
	Bitmap Heap Scan on sbtest7  (cost=5.41..381.49 rows=95 width=125)
	  Recheck Cond: ((k >= 5571154) AND (k <= 5571254))
	  ->  Bitmap Index Scan on k_7  (cost=0.00..5.38 rows=95 width=0)
	        Index Cond: ((k >= 5571154) AND (k <= 5571254))

table 8 : explain SELECT k, c FROM sbtest8 WHERE k BETWEEN 5571154 AND 5571254
	Bitmap Heap Scan on sbtest8  (cost=5.42..385.43 rows=96 width=125)
	  Recheck Cond: ((k >= 5571154) AND (k <= 5571254))
	  ->  Bitmap Index Scan on k_8  (cost=0.00..5.39 rows=96 width=0)
	        Index Cond: ((k >= 5571154) AND (k <= 5571254))

explain: for range-notcovered :: explain SELECT k, c FROM sbtest%d WHERE k BETWEEN 8554759 AND 8554859
for range-notcovered
table 1 : explain SELECT k, c FROM sbtest1 WHERE k BETWEEN 4774149 AND 4774249
	Bitmap Heap Scan on sbtest1  (cost=5.41..381.49 rows=95 width=125)
	  Recheck Cond: ((k >= 4774149) AND (k <= 4774249))
	  ->  Bitmap Index Scan on k_1  (cost=0.00..5.38 rows=95 width=0)
	        Index Cond: ((k >= 4774149) AND (k <= 4774249))

table 2 : explain SELECT k, c FROM sbtest2 WHERE k BETWEEN 4774149 AND 4774249
	Bitmap Heap Scan on sbtest2  (cost=5.47..405.13 rows=101 width=125)
	  Recheck Cond: ((k >= 4774149) AND (k <= 4774249))
	  ->  Bitmap Index Scan on k_2  (cost=0.00..5.44 rows=101 width=0)
	        Index Cond: ((k >= 4774149) AND (k <= 4774249))

table 3 : explain SELECT k, c FROM sbtest3 WHERE k BETWEEN 4774149 AND 4774249
	Bitmap Heap Scan on sbtest3  (cost=5.39..373.61 rows=93 width=125)
	  Recheck Cond: ((k >= 4774149) AND (k <= 4774249))
	  ->  Bitmap Index Scan on k_3  (cost=0.00..5.36 rows=93 width=0)
	        Index Cond: ((k >= 4774149) AND (k <= 4774249))

table 4 : explain SELECT k, c FROM sbtest4 WHERE k BETWEEN 4774149 AND 4774249
	Bitmap Heap Scan on sbtest4  (cost=5.52..424.81 rows=106 width=125)
	  Recheck Cond: ((k >= 4774149) AND (k <= 4774249))
	  ->  Bitmap Index Scan on k_4  (cost=0.00..5.50 rows=106 width=0)
	        Index Cond: ((k >= 4774149) AND (k <= 4774249))

table 5 : explain SELECT k, c FROM sbtest5 WHERE k BETWEEN 4774149 AND 4774249
	Bitmap Heap Scan on sbtest5  (cost=5.44..393.31 rows=98 width=125)
	  Recheck Cond: ((k >= 4774149) AND (k <= 4774249))
	  ->  Bitmap Index Scan on k_5  (cost=0.00..5.42 rows=98 width=0)
	        Index Cond: ((k >= 4774149) AND (k <= 4774249))

table 6 : explain SELECT k, c FROM sbtest6 WHERE k BETWEEN 4774149 AND 4774249
	Bitmap Heap Scan on sbtest6  (cost=5.45..397.25 rows=99 width=125)
	  Recheck Cond: ((k >= 4774149) AND (k <= 4774249))
	  ->  Bitmap Index Scan on k_6  (cost=0.00..5.42 rows=99 width=0)
	        Index Cond: ((k >= 4774149) AND (k <= 4774249))

table 7 : explain SELECT k, c FROM sbtest7 WHERE k BETWEEN 4774149 AND 4774249
	Bitmap Heap Scan on sbtest7  (cost=5.49..413.00 rows=103 width=125)
	  Recheck Cond: ((k >= 4774149) AND (k <= 4774249))
	  ->  Bitmap Index Scan on k_7  (cost=0.00..5.46 rows=103 width=0)
	        Index Cond: ((k >= 4774149) AND (k <= 4774249))

table 8 : explain SELECT k, c FROM sbtest8 WHERE k BETWEEN 4774149 AND 4774249
	Bitmap Heap Scan on sbtest8  (cost=5.47..405.13 rows=101 width=125)
	  Recheck Cond: ((k >= 4774149) AND (k <= 4774249))
	  ->  Bitmap Index Scan on k_8  (cost=0.00..5.44 rows=101 width=0)
	        Index Cond: ((k >= 4774149) AND (k <= 4774249))

for range-notcovered
table 1 : explain SELECT k, c FROM sbtest1 WHERE k BETWEEN 2811339 AND 2811439
	Bitmap Heap Scan on sbtest1  (cost=5.44..393.31 rows=98 width=125)
	  Recheck Cond: ((k >= 2811339) AND (k <= 2811439))
	  ->  Bitmap Index Scan on k_1  (cost=0.00..5.42 rows=98 width=0)
	        Index Cond: ((k >= 2811339) AND (k <= 2811439))

table 2 : explain SELECT k, c FROM sbtest2 WHERE k BETWEEN 2811339 AND 2811439
	Bitmap Heap Scan on sbtest2  (cost=5.45..397.25 rows=99 width=125)
	  Recheck Cond: ((k >= 2811339) AND (k <= 2811439))
	  ->  Bitmap Index Scan on k_2  (cost=0.00..5.42 rows=99 width=0)
	        Index Cond: ((k >= 2811339) AND (k <= 2811439))

table 3 : explain SELECT k, c FROM sbtest3 WHERE k BETWEEN 2811339 AND 2811439
	Bitmap Heap Scan on sbtest3  (cost=5.47..405.13 rows=101 width=125)
	  Recheck Cond: ((k >= 2811339) AND (k <= 2811439))
	  ->  Bitmap Index Scan on k_3  (cost=0.00..5.44 rows=101 width=0)
	        Index Cond: ((k >= 2811339) AND (k <= 2811439))

table 4 : explain SELECT k, c FROM sbtest4 WHERE k BETWEEN 2811339 AND 2811439
	Bitmap Heap Scan on sbtest4  (cost=5.52..424.81 rows=106 width=125)
	  Recheck Cond: ((k >= 2811339) AND (k <= 2811439))
	  ->  Bitmap Index Scan on k_4  (cost=0.00..5.50 rows=106 width=0)
	        Index Cond: ((k >= 2811339) AND (k <= 2811439))

table 5 : explain SELECT k, c FROM sbtest5 WHERE k BETWEEN 2811339 AND 2811439
	Bitmap Heap Scan on sbtest5  (cost=5.48..409.07 rows=102 width=125)
	  Recheck Cond: ((k >= 2811339) AND (k <= 2811439))
	  ->  Bitmap Index Scan on k_5  (cost=0.00..5.45 rows=102 width=0)
	        Index Cond: ((k >= 2811339) AND (k <= 2811439))

table 6 : explain SELECT k, c FROM sbtest6 WHERE k BETWEEN 2811339 AND 2811439
	Bitmap Heap Scan on sbtest6  (cost=5.38..369.67 rows=92 width=125)
	  Recheck Cond: ((k >= 2811339) AND (k <= 2811439))
	  ->  Bitmap Index Scan on k_6  (cost=0.00..5.35 rows=92 width=0)
	        Index Cond: ((k >= 2811339) AND (k <= 2811439))

table 7 : explain SELECT k, c FROM sbtest7 WHERE k BETWEEN 2811339 AND 2811439
	Bitmap Heap Scan on sbtest7  (cost=5.52..424.81 rows=106 width=125)
	  Recheck Cond: ((k >= 2811339) AND (k <= 2811439))
	  ->  Bitmap Index Scan on k_7  (cost=0.00..5.50 rows=106 width=0)
	        Index Cond: ((k >= 2811339) AND (k <= 2811439))

table 8 : explain SELECT k, c FROM sbtest8 WHERE k BETWEEN 2811339 AND 2811439
	Bitmap Heap Scan on sbtest8  (cost=5.64..472.02 rows=118 width=125)
	  Recheck Cond: ((k >= 2811339) AND (k <= 2811439))
	  ->  Bitmap Index Scan on k_8  (cost=0.00..5.61 rows=118 width=0)
	        Index Cond: ((k >= 2811339) AND (k <= 2811439))

explain: for range-notcovered :: explain SELECT k, c FROM sbtest%d WHERE k BETWEEN 5535846 AND 5535946
for range-notcovered
table 1 : explain SELECT k, c FROM sbtest1 WHERE k BETWEEN 5738945 AND 5739045
	Bitmap Heap Scan on sbtest1  (cost=5.38..369.67 rows=92 width=125)
	  Recheck Cond: ((k >= 5738945) AND (k <= 5739045))
	  ->  Bitmap Index Scan on k_1  (cost=0.00..5.35 rows=92 width=0)
	        Index Cond: ((k >= 5738945) AND (k <= 5739045))

table 2 : explain SELECT k, c FROM sbtest2 WHERE k BETWEEN 5738945 AND 5739045
	Bitmap Heap Scan on sbtest2  (cost=5.38..369.67 rows=92 width=125)
	  Recheck Cond: ((k >= 5738945) AND (k <= 5739045))
	  ->  Bitmap Index Scan on k_2  (cost=0.00..5.35 rows=92 width=0)
	        Index Cond: ((k >= 5738945) AND (k <= 5739045))

table 3 : explain SELECT k, c FROM sbtest3 WHERE k BETWEEN 5738945 AND 5739045
	Bitmap Heap Scan on sbtest3  (cost=5.30..338.11 rows=84 width=125)
	  Recheck Cond: ((k >= 5738945) AND (k <= 5739045))
	  ->  Bitmap Index Scan on k_3  (cost=0.00..5.27 rows=84 width=0)
	        Index Cond: ((k >= 5738945) AND (k <= 5739045))

table 4 : explain SELECT k, c FROM sbtest4 WHERE k BETWEEN 5738945 AND 5739045
	Bitmap Heap Scan on sbtest4  (cost=5.54..432.69 rows=108 width=125)
	  Recheck Cond: ((k >= 5738945) AND (k <= 5739045))
	  ->  Bitmap Index Scan on k_4  (cost=0.00..5.51 rows=108 width=0)
	        Index Cond: ((k >= 5738945) AND (k <= 5739045))

table 5 : explain SELECT k, c FROM sbtest5 WHERE k BETWEEN 5738945 AND 5739045
	Bitmap Heap Scan on sbtest5  (cost=5.52..424.81 rows=106 width=125)
	  Recheck Cond: ((k >= 5738945) AND (k <= 5739045))
	  ->  Bitmap Index Scan on k_5  (cost=0.00..5.50 rows=106 width=0)
	        Index Cond: ((k >= 5738945) AND (k <= 5739045))

table 6 : explain SELECT k, c FROM sbtest6 WHERE k BETWEEN 5738945 AND 5739045
	Bitmap Heap Scan on sbtest6  (cost=5.40..377.55 rows=94 width=125)
	  Recheck Cond: ((k >= 5738945) AND (k <= 5739045))
	  ->  Bitmap Index Scan on k_6  (cost=0.00..5.38 rows=94 width=0)
	        Index Cond: ((k >= 5738945) AND (k <= 5739045))

table 7 : explain SELECT k, c FROM sbtest7 WHERE k BETWEEN 5738945 AND 5739045
	Bitmap Heap Scan on sbtest7  (cost=5.49..413.00 rows=103 width=125)
	  Recheck Cond: ((k >= 5738945) AND (k <= 5739045))
	  ->  Bitmap Index Scan on k_7  (cost=0.00..5.46 rows=103 width=0)
	        Index Cond: ((k >= 5738945) AND (k <= 5739045))

table 8 : explain SELECT k, c FROM sbtest8 WHERE k BETWEEN 5738945 AND 5739045
	Bitmap Heap Scan on sbtest8  (cost=5.52..424.81 rows=106 width=125)
	  Recheck Cond: ((k >= 5738945) AND (k <= 5739045))
	  ->  Bitmap Index Scan on k_8  (cost=0.00..5.50 rows=106 width=0)
	        Index Cond: ((k >= 5738945) AND (k <= 5739045))

explain: for range-notcovered :: explain SELECT k, c FROM sbtest%d WHERE k BETWEEN 5738945 AND 5739045
for range-notcovered
table 1 : explain SELECT k, c FROM sbtest1 WHERE k BETWEEN 8566701 AND 8566801
	Bitmap Heap Scan on sbtest1  (cost=5.40..377.55 rows=94 width=125)
	  Recheck Cond: ((k >= 8566701) AND (k <= 8566801))
	  ->  Bitmap Index Scan on k_1  (cost=0.00..5.38 rows=94 width=0)
	        Index Cond: ((k >= 8566701) AND (k <= 8566801))

table 2 : explain SELECT k, c FROM sbtest2 WHERE k BETWEEN 8566701 AND 8566801
	Bitmap Heap Scan on sbtest2  (cost=5.46..401.19 rows=100 width=125)
	  Recheck Cond: ((k >= 8566701) AND (k <= 8566801))
	  ->  Bitmap Index Scan on k_2  (cost=0.00..5.43 rows=100 width=0)
	        Index Cond: ((k >= 8566701) AND (k <= 8566801))

table 3 : explain SELECT k, c FROM sbtest3 WHERE k BETWEEN 8566701 AND 8566801
	Bitmap Heap Scan on sbtest3  (cost=5.52..424.81 rows=106 width=125)
	  Recheck Cond: ((k >= 8566701) AND (k <= 8566801))
	  ->  Bitmap Index Scan on k_3  (cost=0.00..5.50 rows=106 width=0)
	        Index Cond: ((k >= 8566701) AND (k <= 8566801))

table 4 : explain SELECT k, c FROM sbtest4 WHERE k BETWEEN 8566701 AND 8566801
	Bitmap Heap Scan on sbtest4  (cost=5.37..365.72 rows=91 width=125)
	  Recheck Cond: ((k >= 8566701) AND (k <= 8566801))
	  ->  Bitmap Index Scan on k_4  (cost=0.00..5.34 rows=91 width=0)
	        Index Cond: ((k >= 8566701) AND (k <= 8566801))

table 5 : explain SELECT k, c FROM sbtest5 WHERE k BETWEEN 8566701 AND 8566801
	Bitmap Heap Scan on sbtest5  (cost=5.46..401.19 rows=100 width=125)
	  Recheck Cond: ((k >= 8566701) AND (k <= 8566801))
	  ->  Bitmap Index Scan on k_5  (cost=0.00..5.43 rows=100 width=0)
	        Index Cond: ((k >= 8566701) AND (k <= 8566801))

table 6 : explain SELECT k, c FROM sbtest6 WHERE k BETWEEN 8566701 AND 8566801
	Bitmap Heap Scan on sbtest6  (cost=5.51..420.88 rows=105 width=125)
	  Recheck Cond: ((k >= 8566701) AND (k <= 8566801))
	  ->  Bitmap Index Scan on k_6  (cost=0.00..5.48 rows=105 width=0)
	        Index Cond: ((k >= 8566701) AND (k <= 8566801))

table 7 : explain SELECT k, c FROM sbtest7 WHERE k BETWEEN 8566701 AND 8566801
	Bitmap Heap Scan on sbtest7  (cost=5.49..413.00 rows=103 width=125)
	  Recheck Cond: ((k >= 8566701) AND (k <= 8566801))
	  ->  Bitmap Index Scan on k_7  (cost=0.00..5.46 rows=103 width=0)
	        Index Cond: ((k >= 8566701) AND (k <= 8566801))

table 8 : explain SELECT k, c FROM sbtest8 WHERE k BETWEEN 8566701 AND 8566801
	Bitmap Heap Scan on sbtest8  (cost=5.57..444.49 rows=111 width=125)
	  Recheck Cond: ((k >= 8566701) AND (k <= 8566801))
	  ->  Bitmap Index Scan on k_8  (cost=0.00..5.54 rows=111 width=0)
	        Index Cond: ((k >= 8566701) AND (k <= 8566801))

for range-notcovered
table 1 : explain SELECT k, c FROM sbtest1 WHERE k BETWEEN 3585162 AND 3585262
	Bitmap Heap Scan on sbtest1  (cost=5.45..397.25 rows=99 width=125)
	  Recheck Cond: ((k >= 3585162) AND (k <= 3585262))
	  ->  Bitmap Index Scan on k_1  (cost=0.00..5.42 rows=99 width=0)
	        Index Cond: ((k >= 3585162) AND (k <= 3585262))

table 2 : explain SELECT k, c FROM sbtest2 WHERE k BETWEEN 3585162 AND 3585262
	Bitmap Heap Scan on sbtest2  (cost=5.42..385.43 rows=96 width=125)
	  Recheck Cond: ((k >= 3585162) AND (k <= 3585262))
	  ->  Bitmap Index Scan on k_2  (cost=0.00..5.39 rows=96 width=0)
	        Index Cond: ((k >= 3585162) AND (k <= 3585262))

table 3 : explain SELECT k, c FROM sbtest3 WHERE k BETWEEN 3585162 AND 3585262
	Bitmap Heap Scan on sbtest3  (cost=5.46..401.19 rows=100 width=125)
	  Recheck Cond: ((k >= 3585162) AND (k <= 3585262))
	  ->  Bitmap Index Scan on k_3  (cost=0.00..5.43 rows=100 width=0)
	        Index Cond: ((k >= 3585162) AND (k <= 3585262))

table 4 : explain SELECT k, c FROM sbtest4 WHERE k BETWEEN 3585162 AND 3585262
	Bitmap Heap Scan on sbtest4  (cost=5.44..393.31 rows=98 width=125)
	  Recheck Cond: ((k >= 3585162) AND (k <= 3585262))
	  ->  Bitmap Index Scan on k_4  (cost=0.00..5.42 rows=98 width=0)
	        Index Cond: ((k >= 3585162) AND (k <= 3585262))

table 5 : explain SELECT k, c FROM sbtest5 WHERE k BETWEEN 3585162 AND 3585262
	Bitmap Heap Scan on sbtest5  (cost=5.63..468.09 rows=117 width=125)
	  Recheck Cond: ((k >= 3585162) AND (k <= 3585262))
	  ->  Bitmap Index Scan on k_5  (cost=0.00..5.60 rows=117 width=0)
	        Index Cond: ((k >= 3585162) AND (k <= 3585262))

table 6 : explain SELECT k, c FROM sbtest6 WHERE k BETWEEN 3585162 AND 3585262
	Bitmap Heap Scan on sbtest6  (cost=5.43..389.37 rows=97 width=125)
	  Recheck Cond: ((k >= 3585162) AND (k <= 3585262))
	  ->  Bitmap Index Scan on k_6  (cost=0.00..5.40 rows=97 width=0)
	        Index Cond: ((k >= 3585162) AND (k <= 3585262))

table 7 : explain SELECT k, c FROM sbtest7 WHERE k BETWEEN 3585162 AND 3585262
	Bitmap Heap Scan on sbtest7  (cost=5.46..401.19 rows=100 width=125)
	  Recheck Cond: ((k >= 3585162) AND (k <= 3585262))
	  ->  Bitmap Index Scan on k_7  (cost=0.00..5.43 rows=100 width=0)
	        Index Cond: ((k >= 3585162) AND (k <= 3585262))

table 8 : explain SELECT k, c FROM sbtest8 WHERE k BETWEEN 3585162 AND 3585262
	Bitmap Heap Scan on sbtest8  (cost=5.51..420.88 rows=105 width=125)
	  Recheck Cond: ((k >= 3585162) AND (k <= 3585262))
	  ->  Bitmap Index Scan on k_8  (cost=0.00..5.48 rows=105 width=0)
	        Index Cond: ((k >= 3585162) AND (k <= 3585262))

explain: for range-notcovered :: explain SELECT k, c FROM sbtest%d WHERE k BETWEEN 8566701 AND 8566801
explain: for range-notcovered :: explain SELECT k, c FROM sbtest%d WHERE k BETWEEN 3585162 AND 3585262
for range-notcovered
table 1 : explain SELECT k, c FROM sbtest1 WHERE k BETWEEN 4614466 AND 4614566
	Bitmap Heap Scan on sbtest1  (cost=5.44..393.31 rows=98 width=125)
	  Recheck Cond: ((k >= 4614466) AND (k <= 4614566))
	  ->  Bitmap Index Scan on k_1  (cost=0.00..5.42 rows=98 width=0)
	        Index Cond: ((k >= 4614466) AND (k <= 4614566))

table 2 : explain SELECT k, c FROM sbtest2 WHERE k BETWEEN 4614466 AND 4614566
	Bitmap Heap Scan on sbtest2  (cost=5.50..416.94 rows=104 width=125)
	  Recheck Cond: ((k >= 4614466) AND (k <= 4614566))
	  ->  Bitmap Index Scan on k_2  (cost=0.00..5.47 rows=104 width=0)
	        Index Cond: ((k >= 4614466) AND (k <= 4614566))

table 3 : explain SELECT k, c FROM sbtest3 WHERE k BETWEEN 4614466 AND 4614566
	Bitmap Heap Scan on sbtest3  (cost=5.47..405.13 rows=101 width=125)
	  Recheck Cond: ((k >= 4614466) AND (k <= 4614566))
	  ->  Bitmap Index Scan on k_3  (cost=0.00..5.44 rows=101 width=0)
	        Index Cond: ((k >= 4614466) AND (k <= 4614566))

table 4 : explain SELECT k, c FROM sbtest4 WHERE k BETWEEN 4614466 AND 4614566
	Bitmap Heap Scan on sbtest4  (cost=5.55..436.62 rows=109 width=125)
	  Recheck Cond: ((k >= 4614466) AND (k <= 4614566))
	  ->  Bitmap Index Scan on k_4  (cost=0.00..5.52 rows=109 width=0)
	        Index Cond: ((k >= 4614466) AND (k <= 4614566))

table 5 : explain SELECT k, c FROM sbtest5 WHERE k BETWEEN 4614466 AND 4614566
	Bitmap Heap Scan on sbtest5  (cost=5.53..428.75 rows=107 width=125)
	  Recheck Cond: ((k >= 4614466) AND (k <= 4614566))
	  ->  Bitmap Index Scan on k_5  (cost=0.00..5.50 rows=107 width=0)
	        Index Cond: ((k >= 4614466) AND (k <= 4614566))

table 6 : explain SELECT k, c FROM sbtest6 WHERE k BETWEEN 4614466 AND 4614566
	Bitmap Heap Scan on sbtest6  (cost=5.47..405.13 rows=101 width=125)
	  Recheck Cond: ((k >= 4614466) AND (k <= 4614566))
	  ->  Bitmap Index Scan on k_6  (cost=0.00..5.44 rows=101 width=0)
	        Index Cond: ((k >= 4614466) AND (k <= 4614566))

table 7 : explain SELECT k, c FROM sbtest7 WHERE k BETWEEN 4614466 AND 4614566
	Bitmap Heap Scan on sbtest7  (cost=5.56..440.56 rows=110 width=125)
	  Recheck Cond: ((k >= 4614466) AND (k <= 4614566))
	  ->  Bitmap Index Scan on k_7  (cost=0.00..5.53 rows=110 width=0)
	        Index Cond: ((k >= 4614466) AND (k <= 4614566))

table 8 : explain SELECT k, c FROM sbtest8 WHERE k BETWEEN 4614466 AND 4614566
	Bitmap Heap Scan on sbtest8  (cost=5.57..444.49 rows=111 width=125)
	  Recheck Cond: ((k >= 4614466) AND (k <= 4614566))
	  ->  Bitmap Index Scan on k_8  (cost=0.00..5.54 rows=111 width=0)
	        Index Cond: ((k >= 4614466) AND (k <= 4614566))

explain: for range-notcovered :: explain SELECT k, c FROM sbtest%d WHERE k BETWEEN 3640754 AND 3640854
for range-notcovered
table 1 : explain SELECT k, c FROM sbtest1 WHERE k BETWEEN 5738945 AND 5739045
	Bitmap Heap Scan on sbtest1  (cost=5.38..369.67 rows=92 width=125)
	  Recheck Cond: ((k >= 5738945) AND (k <= 5739045))
	  ->  Bitmap Index Scan on k_1  (cost=0.00..5.35 rows=92 width=0)
	        Index Cond: ((k >= 5738945) AND (k <= 5739045))

table 2 : explain SELECT k, c FROM sbtest2 WHERE k BETWEEN 5738945 AND 5739045
	Bitmap Heap Scan on sbtest2  (cost=5.38..369.67 rows=92 width=125)
	  Recheck Cond: ((k >= 5738945) AND (k <= 5739045))
	  ->  Bitmap Index Scan on k_2  (cost=0.00..5.35 rows=92 width=0)
	        Index Cond: ((k >= 5738945) AND (k <= 5739045))

table 3 : explain SELECT k, c FROM sbtest3 WHERE k BETWEEN 5738945 AND 5739045
	Bitmap Heap Scan on sbtest3  (cost=5.30..338.11 rows=84 width=125)
	  Recheck Cond: ((k >= 5738945) AND (k <= 5739045))
	  ->  Bitmap Index Scan on k_3  (cost=0.00..5.27 rows=84 width=0)
	        Index Cond: ((k >= 5738945) AND (k <= 5739045))

table 4 : explain SELECT k, c FROM sbtest4 WHERE k BETWEEN 5738945 AND 5739045
	Bitmap Heap Scan on sbtest4  (cost=5.54..432.69 rows=108 width=125)
	  Recheck Cond: ((k >= 5738945) AND (k <= 5739045))
	  ->  Bitmap Index Scan on k_4  (cost=0.00..5.51 rows=108 width=0)
	        Index Cond: ((k >= 5738945) AND (k <= 5739045))

table 5 : explain SELECT k, c FROM sbtest5 WHERE k BETWEEN 5738945 AND 5739045
	Bitmap Heap Scan on sbtest5  (cost=5.52..424.81 rows=106 width=125)
	  Recheck Cond: ((k >= 5738945) AND (k <= 5739045))
	  ->  Bitmap Index Scan on k_5  (cost=0.00..5.50 rows=106 width=0)
	        Index Cond: ((k >= 5738945) AND (k <= 5739045))

table 6 : explain SELECT k, c FROM sbtest6 WHERE k BETWEEN 5738945 AND 5739045
	Bitmap Heap Scan on sbtest6  (cost=5.40..377.55 rows=94 width=125)
	  Recheck Cond: ((k >= 5738945) AND (k <= 5739045))
	  ->  Bitmap Index Scan on k_6  (cost=0.00..5.38 rows=94 width=0)
	        Index Cond: ((k >= 5738945) AND (k <= 5739045))

table 7 : explain SELECT k, c FROM sbtest7 WHERE k BETWEEN 5738945 AND 5739045
	Bitmap Heap Scan on sbtest7  (cost=5.49..413.00 rows=103 width=125)
	  Recheck Cond: ((k >= 5738945) AND (k <= 5739045))
	  ->  Bitmap Index Scan on k_7  (cost=0.00..5.46 rows=103 width=0)
	        Index Cond: ((k >= 5738945) AND (k <= 5739045))

table 8 : explain SELECT k, c FROM sbtest8 WHERE k BETWEEN 5738945 AND 5739045
	Bitmap Heap Scan on sbtest8  (cost=5.52..424.81 rows=106 width=125)
	  Recheck Cond: ((k >= 5738945) AND (k <= 5739045))
	  ->  Bitmap Index Scan on k_8  (cost=0.00..5.50 rows=106 width=0)
	        Index Cond: ((k >= 5738945) AND (k <= 5739045))

for range-notcovered
table 1 : explain SELECT k, c FROM sbtest1 WHERE k BETWEEN 6237665 AND 6237765
	Bitmap Heap Scan on sbtest1  (cost=5.50..416.94 rows=104 width=125)
	  Recheck Cond: ((k >= 6237665) AND (k <= 6237765))
	  ->  Bitmap Index Scan on k_1  (cost=0.00..5.47 rows=104 width=0)
	        Index Cond: ((k >= 6237665) AND (k <= 6237765))

table 2 : explain SELECT k, c FROM sbtest2 WHERE k BETWEEN 6237665 AND 6237765
	Bitmap Heap Scan on sbtest2  (cost=5.41..381.49 rows=95 width=125)
	  Recheck Cond: ((k >= 6237665) AND (k <= 6237765))
	  ->  Bitmap Index Scan on k_2  (cost=0.00..5.38 rows=95 width=0)
	        Index Cond: ((k >= 6237665) AND (k <= 6237765))

table 3 : explain SELECT k, c FROM sbtest3 WHERE k BETWEEN 6237665 AND 6237765
	Bitmap Heap Scan on sbtest3  (cost=5.57..444.49 rows=111 width=125)
	  Recheck Cond: ((k >= 6237665) AND (k <= 6237765))
	  ->  Bitmap Index Scan on k_3  (cost=0.00..5.54 rows=111 width=0)
	        Index Cond: ((k >= 6237665) AND (k <= 6237765))

table 4 : explain SELECT k, c FROM sbtest4 WHERE k BETWEEN 6237665 AND 6237765
	Bitmap Heap Scan on sbtest4  (cost=5.46..401.19 rows=100 width=125)
	  Recheck Cond: ((k >= 6237665) AND (k <= 6237765))
	  ->  Bitmap Index Scan on k_4  (cost=0.00..5.43 rows=100 width=0)
	        Index Cond: ((k >= 6237665) AND (k <= 6237765))

table 5 : explain SELECT k, c FROM sbtest5 WHERE k BETWEEN 6237665 AND 6237765
	Bitmap Heap Scan on sbtest5  (cost=5.49..413.00 rows=103 width=125)
	  Recheck Cond: ((k >= 6237665) AND (k <= 6237765))
	  ->  Bitmap Index Scan on k_5  (cost=0.00..5.46 rows=103 width=0)
	        Index Cond: ((k >= 6237665) AND (k <= 6237765))

table 6 : explain SELECT k, c FROM sbtest6 WHERE k BETWEEN 6237665 AND 6237765
	Bitmap Heap Scan on sbtest6  (cost=5.48..409.07 rows=102 width=125)
	  Recheck Cond: ((k >= 6237665) AND (k <= 6237765))
	  ->  Bitmap Index Scan on k_6  (cost=0.00..5.45 rows=102 width=0)
	        Index Cond: ((k >= 6237665) AND (k <= 6237765))

table 7 : explain SELECT k, c FROM sbtest7 WHERE k BETWEEN 6237665 AND 6237765
	Bitmap Heap Scan on sbtest7  (cost=5.42..385.43 rows=96 width=125)
	  Recheck Cond: ((k >= 6237665) AND (k <= 6237765))
	  ->  Bitmap Index Scan on k_7  (cost=0.00..5.39 rows=96 width=0)
	        Index Cond: ((k >= 6237665) AND (k <= 6237765))

table 8 : explain SELECT k, c FROM sbtest8 WHERE k BETWEEN 6237665 AND 6237765
	Bitmap Heap Scan on sbtest8  (cost=5.47..405.13 rows=101 width=125)
	  Recheck Cond: ((k >= 6237665) AND (k <= 6237765))
	  ->  Bitmap Index Scan on k_8  (cost=0.00..5.44 rows=101 width=0)
	        Index Cond: ((k >= 6237665) AND (k <= 6237765))

explain: for range-notcovered :: explain SELECT k, c FROM sbtest%d WHERE k BETWEEN 4614466 AND 4614566
explain: for range-notcovered :: explain SELECT k, c FROM sbtest%d WHERE k BETWEEN 5738945 AND 5739045
explain: for range-notcovered :: explain SELECT k, c FROM sbtest%d WHERE k BETWEEN 6237665 AND 6237765
for range-notcovered
table 1 : explain SELECT k, c FROM sbtest1 WHERE k BETWEEN 5738945 AND 5739045
	Bitmap Heap Scan on sbtest1  (cost=5.38..369.67 rows=92 width=125)
	  Recheck Cond: ((k >= 5738945) AND (k <= 5739045))
	  ->  Bitmap Index Scan on k_1  (cost=0.00..5.35 rows=92 width=0)
	        Index Cond: ((k >= 5738945) AND (k <= 5739045))

table 2 : explain SELECT k, c FROM sbtest2 WHERE k BETWEEN 5738945 AND 5739045
	Bitmap Heap Scan on sbtest2  (cost=5.38..369.67 rows=92 width=125)
	  Recheck Cond: ((k >= 5738945) AND (k <= 5739045))
	  ->  Bitmap Index Scan on k_2  (cost=0.00..5.35 rows=92 width=0)
	        Index Cond: ((k >= 5738945) AND (k <= 5739045))

table 3 : explain SELECT k, c FROM sbtest3 WHERE k BETWEEN 5738945 AND 5739045
	Bitmap Heap Scan on sbtest3  (cost=5.30..338.11 rows=84 width=125)
	  Recheck Cond: ((k >= 5738945) AND (k <= 5739045))
	  ->  Bitmap Index Scan on k_3  (cost=0.00..5.27 rows=84 width=0)
	        Index Cond: ((k >= 5738945) AND (k <= 5739045))

table 4 : explain SELECT k, c FROM sbtest4 WHERE k BETWEEN 5738945 AND 5739045
	Bitmap Heap Scan on sbtest4  (cost=5.54..432.69 rows=108 width=125)
	  Recheck Cond: ((k >= 5738945) AND (k <= 5739045))
	  ->  Bitmap Index Scan on k_4  (cost=0.00..5.51 rows=108 width=0)
	        Index Cond: ((k >= 5738945) AND (k <= 5739045))

table 5 : explain SELECT k, c FROM sbtest5 WHERE k BETWEEN 5738945 AND 5739045
	Bitmap Heap Scan on sbtest5  (cost=5.52..424.81 rows=106 width=125)
	  Recheck Cond: ((k >= 5738945) AND (k <= 5739045))
	  ->  Bitmap Index Scan on k_5  (cost=0.00..5.50 rows=106 width=0)
	        Index Cond: ((k >= 5738945) AND (k <= 5739045))

table 6 : explain SELECT k, c FROM sbtest6 WHERE k BETWEEN 5738945 AND 5739045
	Bitmap Heap Scan on sbtest6  (cost=5.40..377.55 rows=94 width=125)
	  Recheck Cond: ((k >= 5738945) AND (k <= 5739045))
	  ->  Bitmap Index Scan on k_6  (cost=0.00..5.38 rows=94 width=0)
	        Index Cond: ((k >= 5738945) AND (k <= 5739045))

table 7 : explain SELECT k, c FROM sbtest7 WHERE k BETWEEN 5738945 AND 5739045
	Bitmap Heap Scan on sbtest7  (cost=5.49..413.00 rows=103 width=125)
	  Recheck Cond: ((k >= 5738945) AND (k <= 5739045))
	  ->  Bitmap Index Scan on k_7  (cost=0.00..5.46 rows=103 width=0)
	        Index Cond: ((k >= 5738945) AND (k <= 5739045))

table 8 : explain SELECT k, c FROM sbtest8 WHERE k BETWEEN 5738945 AND 5739045
	Bitmap Heap Scan on sbtest8  (cost=5.52..424.81 rows=106 width=125)
	  Recheck Cond: ((k >= 5738945) AND (k <= 5739045))
	  ->  Bitmap Index Scan on k_8  (cost=0.00..5.50 rows=106 width=0)
	        Index Cond: ((k >= 5738945) AND (k <= 5739045))

explain: for range-notcovered :: explain SELECT k, c FROM sbtest%d WHERE k BETWEEN 5738945 AND 5739045
for range-notcovered
table 1 : explain SELECT k, c FROM sbtest1 WHERE k BETWEEN 8554759 AND 8554859
	Bitmap Heap Scan on sbtest1  (cost=5.50..416.94 rows=104 width=125)
	  Recheck Cond: ((k >= 8554759) AND (k <= 8554859))
	  ->  Bitmap Index Scan on k_1  (cost=0.00..5.47 rows=104 width=0)
	        Index Cond: ((k >= 8554759) AND (k <= 8554859))

table 2 : explain SELECT k, c FROM sbtest2 WHERE k BETWEEN 8554759 AND 8554859
	Bitmap Heap Scan on sbtest2  (cost=5.46..401.19 rows=100 width=125)
	  Recheck Cond: ((k >= 8554759) AND (k <= 8554859))
	  ->  Bitmap Index Scan on k_2  (cost=0.00..5.43 rows=100 width=0)
	        Index Cond: ((k >= 8554759) AND (k <= 8554859))

table 3 : explain SELECT k, c FROM sbtest3 WHERE k BETWEEN 8554759 AND 8554859
	Bitmap Heap Scan on sbtest3  (cost=5.52..424.81 rows=106 width=125)
	  Recheck Cond: ((k >= 8554759) AND (k <= 8554859))
	  ->  Bitmap Index Scan on k_3  (cost=0.00..5.50 rows=106 width=0)
	        Index Cond: ((k >= 8554759) AND (k <= 8554859))

table 4 : explain SELECT k, c FROM sbtest4 WHERE k BETWEEN 8554759 AND 8554859
	Bitmap Heap Scan on sbtest4  (cost=5.37..365.72 rows=91 width=125)
	  Recheck Cond: ((k >= 8554759) AND (k <= 8554859))
	  ->  Bitmap Index Scan on k_4  (cost=0.00..5.34 rows=91 width=0)
	        Index Cond: ((k >= 8554759) AND (k <= 8554859))

table 5 : explain SELECT k, c FROM sbtest5 WHERE k BETWEEN 8554759 AND 8554859
	Bitmap Heap Scan on sbtest5  (cost=5.46..401.19 rows=100 width=125)
	  Recheck Cond: ((k >= 8554759) AND (k <= 8554859))
	  ->  Bitmap Index Scan on k_5  (cost=0.00..5.43 rows=100 width=0)
	        Index Cond: ((k >= 8554759) AND (k <= 8554859))

table 6 : explain SELECT k, c FROM sbtest6 WHERE k BETWEEN 8554759 AND 8554859
	Bitmap Heap Scan on sbtest6  (cost=5.51..420.88 rows=105 width=125)
	  Recheck Cond: ((k >= 8554759) AND (k <= 8554859))
	  ->  Bitmap Index Scan on k_6  (cost=0.00..5.48 rows=105 width=0)
	        Index Cond: ((k >= 8554759) AND (k <= 8554859))

table 7 : explain SELECT k, c FROM sbtest7 WHERE k BETWEEN 8554759 AND 8554859
	Bitmap Heap Scan on sbtest7  (cost=5.49..413.00 rows=103 width=125)
	  Recheck Cond: ((k >= 8554759) AND (k <= 8554859))
	  ->  Bitmap Index Scan on k_7  (cost=0.00..5.46 rows=103 width=0)
	        Index Cond: ((k >= 8554759) AND (k <= 8554859))

table 8 : explain SELECT k, c FROM sbtest8 WHERE k BETWEEN 8554759 AND 8554859
	Bitmap Heap Scan on sbtest8  (cost=5.57..444.49 rows=111 width=125)
	  Recheck Cond: ((k >= 8554759) AND (k <= 8554859))
	  ->  Bitmap Index Scan on k_8  (cost=0.00..5.54 rows=111 width=0)
	        Index Cond: ((k >= 8554759) AND (k <= 8554859))

explain: for range-notcovered :: explain SELECT k, c FROM sbtest%d WHERE k BETWEEN 8554759 AND 8554859
for range-notcovered
table 1 : explain SELECT k, c FROM sbtest1 WHERE k BETWEEN 3585162 AND 3585262
	Bitmap Heap Scan on sbtest1  (cost=5.45..397.25 rows=99 width=125)
	  Recheck Cond: ((k >= 3585162) AND (k <= 3585262))
	  ->  Bitmap Index Scan on k_1  (cost=0.00..5.42 rows=99 width=0)
	        Index Cond: ((k >= 3585162) AND (k <= 3585262))

table 2 : explain SELECT k, c FROM sbtest2 WHERE k BETWEEN 3585162 AND 3585262
	Bitmap Heap Scan on sbtest2  (cost=5.42..385.43 rows=96 width=125)
	  Recheck Cond: ((k >= 3585162) AND (k <= 3585262))
	  ->  Bitmap Index Scan on k_2  (cost=0.00..5.39 rows=96 width=0)
	        Index Cond: ((k >= 3585162) AND (k <= 3585262))

table 3 : explain SELECT k, c FROM sbtest3 WHERE k BETWEEN 3585162 AND 3585262
	Bitmap Heap Scan on sbtest3  (cost=5.46..401.19 rows=100 width=125)
	  Recheck Cond: ((k >= 3585162) AND (k <= 3585262))
	  ->  Bitmap Index Scan on k_3  (cost=0.00..5.43 rows=100 width=0)
	        Index Cond: ((k >= 3585162) AND (k <= 3585262))

table 4 : explain SELECT k, c FROM sbtest4 WHERE k BETWEEN 3585162 AND 3585262
	Bitmap Heap Scan on sbtest4  (cost=5.44..393.31 rows=98 width=125)
	  Recheck Cond: ((k >= 3585162) AND (k <= 3585262))
	  ->  Bitmap Index Scan on k_4  (cost=0.00..5.42 rows=98 width=0)
	        Index Cond: ((k >= 3585162) AND (k <= 3585262))

table 5 : explain SELECT k, c FROM sbtest5 WHERE k BETWEEN 3585162 AND 3585262
	Bitmap Heap Scan on sbtest5  (cost=5.63..468.09 rows=117 width=125)
	  Recheck Cond: ((k >= 3585162) AND (k <= 3585262))
	  ->  Bitmap Index Scan on k_5  (cost=0.00..5.60 rows=117 width=0)
	        Index Cond: ((k >= 3585162) AND (k <= 3585262))

table 6 : explain SELECT k, c FROM sbtest6 WHERE k BETWEEN 3585162 AND 3585262
	Bitmap Heap Scan on sbtest6  (cost=5.43..389.37 rows=97 width=125)
	  Recheck Cond: ((k >= 3585162) AND (k <= 3585262))
	  ->  Bitmap Index Scan on k_6  (cost=0.00..5.40 rows=97 width=0)
	        Index Cond: ((k >= 3585162) AND (k <= 3585262))

table 7 : explain SELECT k, c FROM sbtest7 WHERE k BETWEEN 3585162 AND 3585262
	Bitmap Heap Scan on sbtest7  (cost=5.46..401.19 rows=100 width=125)
	  Recheck Cond: ((k >= 3585162) AND (k <= 3585262))
	  ->  Bitmap Index Scan on k_7  (cost=0.00..5.43 rows=100 width=0)
	        Index Cond: ((k >= 3585162) AND (k <= 3585262))

table 8 : explain SELECT k, c FROM sbtest8 WHERE k BETWEEN 3585162 AND 3585262
	Bitmap Heap Scan on sbtest8  (cost=5.51..420.88 rows=105 width=125)
	  Recheck Cond: ((k >= 3585162) AND (k <= 3585262))
	  ->  Bitmap Index Scan on k_8  (cost=0.00..5.48 rows=105 width=0)
	        Index Cond: ((k >= 3585162) AND (k <= 3585262))

for range-notcovered
table 1 : explain SELECT k, c FROM sbtest1 WHERE k BETWEEN 8566701 AND 8566801
	Bitmap Heap Scan on sbtest1  (cost=5.40..377.55 rows=94 width=125)
	  Recheck Cond: ((k >= 8566701) AND (k <= 8566801))
	  ->  Bitmap Index Scan on k_1  (cost=0.00..5.38 rows=94 width=0)
	        Index Cond: ((k >= 8566701) AND (k <= 8566801))

table 2 : explain SELECT k, c FROM sbtest2 WHERE k BETWEEN 8566701 AND 8566801
	Bitmap Heap Scan on sbtest2  (cost=5.46..401.19 rows=100 width=125)
	  Recheck Cond: ((k >= 8566701) AND (k <= 8566801))
	  ->  Bitmap Index Scan on k_2  (cost=0.00..5.43 rows=100 width=0)
	        Index Cond: ((k >= 8566701) AND (k <= 8566801))

table 3 : explain SELECT k, c FROM sbtest3 WHERE k BETWEEN 8566701 AND 8566801
	Bitmap Heap Scan on sbtest3  (cost=5.52..424.81 rows=106 width=125)
	  Recheck Cond: ((k >= 8566701) AND (k <= 8566801))
	  ->  Bitmap Index Scan on k_3  (cost=0.00..5.50 rows=106 width=0)
	        Index Cond: ((k >= 8566701) AND (k <= 8566801))

table 4 : explain SELECT k, c FROM sbtest4 WHERE k BETWEEN 8566701 AND 8566801
	Bitmap Heap Scan on sbtest4  (cost=5.37..365.72 rows=91 width=125)
	  Recheck Cond: ((k >= 8566701) AND (k <= 8566801))
	  ->  Bitmap Index Scan on k_4  (cost=0.00..5.34 rows=91 width=0)
	        Index Cond: ((k >= 8566701) AND (k <= 8566801))

table 5 : explain SELECT k, c FROM sbtest5 WHERE k BETWEEN 8566701 AND 8566801
	Bitmap Heap Scan on sbtest5  (cost=5.46..401.19 rows=100 width=125)
	  Recheck Cond: ((k >= 8566701) AND (k <= 8566801))
	  ->  Bitmap Index Scan on k_5  (cost=0.00..5.43 rows=100 width=0)
	        Index Cond: ((k >= 8566701) AND (k <= 8566801))

table 6 : explain SELECT k, c FROM sbtest6 WHERE k BETWEEN 8566701 AND 8566801
	Bitmap Heap Scan on sbtest6  (cost=5.51..420.88 rows=105 width=125)
	  Recheck Cond: ((k >= 8566701) AND (k <= 8566801))
	  ->  Bitmap Index Scan on k_6  (cost=0.00..5.48 rows=105 width=0)
	        Index Cond: ((k >= 8566701) AND (k <= 8566801))

table 7 : explain SELECT k, c FROM sbtest7 WHERE k BETWEEN 8566701 AND 8566801
	Bitmap Heap Scan on sbtest7  (cost=5.49..413.00 rows=103 width=125)
	  Recheck Cond: ((k >= 8566701) AND (k <= 8566801))
	  ->  Bitmap Index Scan on k_7  (cost=0.00..5.46 rows=103 width=0)
	        Index Cond: ((k >= 8566701) AND (k <= 8566801))

table 8 : explain SELECT k, c FROM sbtest8 WHERE k BETWEEN 8566701 AND 8566801
	Bitmap Heap Scan on sbtest8  (cost=5.57..444.49 rows=111 width=125)
	  Recheck Cond: ((k >= 8566701) AND (k <= 8566801))
	  ->  Bitmap Index Scan on k_8  (cost=0.00..5.54 rows=111 width=0)
	        Index Cond: ((k >= 8566701) AND (k <= 8566801))

explain: for range-notcovered :: explain SELECT k, c FROM sbtest%d WHERE k BETWEEN 3585162 AND 3585262
explain: for range-notcovered :: explain SELECT k, c FROM sbtest%d WHERE k BETWEEN 5828157 AND 5828257
explain: for range-notcovered :: explain SELECT k, c FROM sbtest%d WHERE k BETWEEN 8566701 AND 8566801
for range-notcovered
table 1 : explain SELECT k, c FROM sbtest1 WHERE k BETWEEN 6237665 AND 6237765
	Bitmap Heap Scan on sbtest1  (cost=5.50..416.94 rows=104 width=125)
	  Recheck Cond: ((k >= 6237665) AND (k <= 6237765))
	  ->  Bitmap Index Scan on k_1  (cost=0.00..5.47 rows=104 width=0)
	        Index Cond: ((k >= 6237665) AND (k <= 6237765))

table 2 : explain SELECT k, c FROM sbtest2 WHERE k BETWEEN 6237665 AND 6237765
	Bitmap Heap Scan on sbtest2  (cost=5.41..381.49 rows=95 width=125)
	  Recheck Cond: ((k >= 6237665) AND (k <= 6237765))
	  ->  Bitmap Index Scan on k_2  (cost=0.00..5.38 rows=95 width=0)
	        Index Cond: ((k >= 6237665) AND (k <= 6237765))

table 3 : explain SELECT k, c FROM sbtest3 WHERE k BETWEEN 6237665 AND 6237765
	Bitmap Heap Scan on sbtest3  (cost=5.57..444.49 rows=111 width=125)
	  Recheck Cond: ((k >= 6237665) AND (k <= 6237765))
	  ->  Bitmap Index Scan on k_3  (cost=0.00..5.54 rows=111 width=0)
	        Index Cond: ((k >= 6237665) AND (k <= 6237765))

table 4 : explain SELECT k, c FROM sbtest4 WHERE k BETWEEN 6237665 AND 6237765
	Bitmap Heap Scan on sbtest4  (cost=5.46..401.19 rows=100 width=125)
	  Recheck Cond: ((k >= 6237665) AND (k <= 6237765))
	  ->  Bitmap Index Scan on k_4  (cost=0.00..5.43 rows=100 width=0)
	        Index Cond: ((k >= 6237665) AND (k <= 6237765))

table 5 : explain SELECT k, c FROM sbtest5 WHERE k BETWEEN 6237665 AND 6237765
	Bitmap Heap Scan on sbtest5  (cost=5.49..413.00 rows=103 width=125)
	  Recheck Cond: ((k >= 6237665) AND (k <= 6237765))
	  ->  Bitmap Index Scan on k_5  (cost=0.00..5.46 rows=103 width=0)
	        Index Cond: ((k >= 6237665) AND (k <= 6237765))

table 6 : explain SELECT k, c FROM sbtest6 WHERE k BETWEEN 6237665 AND 6237765
	Bitmap Heap Scan on sbtest6  (cost=5.48..409.07 rows=102 width=125)
	  Recheck Cond: ((k >= 6237665) AND (k <= 6237765))
	  ->  Bitmap Index Scan on k_6  (cost=0.00..5.45 rows=102 width=0)
	        Index Cond: ((k >= 6237665) AND (k <= 6237765))

table 7 : explain SELECT k, c FROM sbtest7 WHERE k BETWEEN 6237665 AND 6237765
	Bitmap Heap Scan on sbtest7  (cost=5.42..385.43 rows=96 width=125)
	  Recheck Cond: ((k >= 6237665) AND (k <= 6237765))
	  ->  Bitmap Index Scan on k_7  (cost=0.00..5.39 rows=96 width=0)
	        Index Cond: ((k >= 6237665) AND (k <= 6237765))

table 8 : explain SELECT k, c FROM sbtest8 WHERE k BETWEEN 6237665 AND 6237765
	Bitmap Heap Scan on sbtest8  (cost=5.47..405.13 rows=101 width=125)
	  Recheck Cond: ((k >= 6237665) AND (k <= 6237765))
	  ->  Bitmap Index Scan on k_8  (cost=0.00..5.44 rows=101 width=0)
	        Index Cond: ((k >= 6237665) AND (k <= 6237765))

for range-notcovered
table 1 : explain SELECT k, c FROM sbtest1 WHERE k BETWEEN 5738945 AND 5739045
	Bitmap Heap Scan on sbtest1  (cost=5.38..369.67 rows=92 width=125)
	  Recheck Cond: ((k >= 5738945) AND (k <= 5739045))
	  ->  Bitmap Index Scan on k_1  (cost=0.00..5.35 rows=92 width=0)
	        Index Cond: ((k >= 5738945) AND (k <= 5739045))

table 2 : explain SELECT k, c FROM sbtest2 WHERE k BETWEEN 5738945 AND 5739045
	Bitmap Heap Scan on sbtest2  (cost=5.38..369.67 rows=92 width=125)
	  Recheck Cond: ((k >= 5738945) AND (k <= 5739045))
	  ->  Bitmap Index Scan on k_2  (cost=0.00..5.35 rows=92 width=0)
	        Index Cond: ((k >= 5738945) AND (k <= 5739045))

table 3 : explain SELECT k, c FROM sbtest3 WHERE k BETWEEN 5738945 AND 5739045
	Bitmap Heap Scan on sbtest3  (cost=5.30..338.11 rows=84 width=125)
	  Recheck Cond: ((k >= 5738945) AND (k <= 5739045))
	  ->  Bitmap Index Scan on k_3  (cost=0.00..5.27 rows=84 width=0)
	        Index Cond: ((k >= 5738945) AND (k <= 5739045))

table 4 : explain SELECT k, c FROM sbtest4 WHERE k BETWEEN 5738945 AND 5739045
	Bitmap Heap Scan on sbtest4  (cost=5.54..432.69 rows=108 width=125)
	  Recheck Cond: ((k >= 5738945) AND (k <= 5739045))
	  ->  Bitmap Index Scan on k_4  (cost=0.00..5.51 rows=108 width=0)
	        Index Cond: ((k >= 5738945) AND (k <= 5739045))

table 5 : explain SELECT k, c FROM sbtest5 WHERE k BETWEEN 5738945 AND 5739045
	Bitmap Heap Scan on sbtest5  (cost=5.52..424.81 rows=106 width=125)
	  Recheck Cond: ((k >= 5738945) AND (k <= 5739045))
	  ->  Bitmap Index Scan on k_5  (cost=0.00..5.50 rows=106 width=0)
	        Index Cond: ((k >= 5738945) AND (k <= 5739045))

table 6 : explain SELECT k, c FROM sbtest6 WHERE k BETWEEN 5738945 AND 5739045
	Bitmap Heap Scan on sbtest6  (cost=5.40..377.55 rows=94 width=125)
	  Recheck Cond: ((k >= 5738945) AND (k <= 5739045))
	  ->  Bitmap Index Scan on k_6  (cost=0.00..5.38 rows=94 width=0)
	        Index Cond: ((k >= 5738945) AND (k <= 5739045))

table 7 : explain SELECT k, c FROM sbtest7 WHERE k BETWEEN 5738945 AND 5739045
	Bitmap Heap Scan on sbtest7  (cost=5.49..413.00 rows=103 width=125)
	  Recheck Cond: ((k >= 5738945) AND (k <= 5739045))
	  ->  Bitmap Index Scan on k_7  (cost=0.00..5.46 rows=103 width=0)
	        Index Cond: ((k >= 5738945) AND (k <= 5739045))

table 8 : explain SELECT k, c FROM sbtest8 WHERE k BETWEEN 5738945 AND 5739045
	Bitmap Heap Scan on sbtest8  (cost=5.52..424.81 rows=106 width=125)
	  Recheck Cond: ((k >= 5738945) AND (k <= 5739045))
	  ->  Bitmap Index Scan on k_8  (cost=0.00..5.50 rows=106 width=0)
	        Index Cond: ((k >= 5738945) AND (k <= 5739045))

for range-notcovered
table 1 : explain SELECT k, c FROM sbtest1 WHERE k BETWEEN 4614466 AND 4614566
	Bitmap Heap Scan on sbtest1  (cost=5.44..393.31 rows=98 width=125)
	  Recheck Cond: ((k >= 4614466) AND (k <= 4614566))
	  ->  Bitmap Index Scan on k_1  (cost=0.00..5.42 rows=98 width=0)
	        Index Cond: ((k >= 4614466) AND (k <= 4614566))

table 2 : explain SELECT k, c FROM sbtest2 WHERE k BETWEEN 4614466 AND 4614566
	Bitmap Heap Scan on sbtest2  (cost=5.50..416.94 rows=104 width=125)
	  Recheck Cond: ((k >= 4614466) AND (k <= 4614566))
	  ->  Bitmap Index Scan on k_2  (cost=0.00..5.47 rows=104 width=0)
	        Index Cond: ((k >= 4614466) AND (k <= 4614566))

table 3 : explain SELECT k, c FROM sbtest3 WHERE k BETWEEN 4614466 AND 4614566
	Bitmap Heap Scan on sbtest3  (cost=5.47..405.13 rows=101 width=125)
	  Recheck Cond: ((k >= 4614466) AND (k <= 4614566))
	  ->  Bitmap Index Scan on k_3  (cost=0.00..5.44 rows=101 width=0)
	        Index Cond: ((k >= 4614466) AND (k <= 4614566))

table 4 : explain SELECT k, c FROM sbtest4 WHERE k BETWEEN 4614466 AND 4614566
	Bitmap Heap Scan on sbtest4  (cost=5.55..436.62 rows=109 width=125)
	  Recheck Cond: ((k >= 4614466) AND (k <= 4614566))
	  ->  Bitmap Index Scan on k_4  (cost=0.00..5.52 rows=109 width=0)
	        Index Cond: ((k >= 4614466) AND (k <= 4614566))

table 5 : explain SELECT k, c FROM sbtest5 WHERE k BETWEEN 4614466 AND 4614566
	Bitmap Heap Scan on sbtest5  (cost=5.53..428.75 rows=107 width=125)
	  Recheck Cond: ((k >= 4614466) AND (k <= 4614566))
	  ->  Bitmap Index Scan on k_5  (cost=0.00..5.50 rows=107 width=0)
	        Index Cond: ((k >= 4614466) AND (k <= 4614566))

table 6 : explain SELECT k, c FROM sbtest6 WHERE k BETWEEN 4614466 AND 4614566
	Bitmap Heap Scan on sbtest6  (cost=5.47..405.13 rows=101 width=125)
	  Recheck Cond: ((k >= 4614466) AND (k <= 4614566))
	  ->  Bitmap Index Scan on k_6  (cost=0.00..5.44 rows=101 width=0)
	        Index Cond: ((k >= 4614466) AND (k <= 4614566))

table 7 : explain SELECT k, c FROM sbtest7 WHERE k BETWEEN 4614466 AND 4614566
	Bitmap Heap Scan on sbtest7  (cost=5.56..440.56 rows=110 width=125)
	  Recheck Cond: ((k >= 4614466) AND (k <= 4614566))
	  ->  Bitmap Index Scan on k_7  (cost=0.00..5.53 rows=110 width=0)
	        Index Cond: ((k >= 4614466) AND (k <= 4614566))

table 8 : explain SELECT k, c FROM sbtest8 WHERE k BETWEEN 4614466 AND 4614566
	Bitmap Heap Scan on sbtest8  (cost=5.57..444.49 rows=111 width=125)
	  Recheck Cond: ((k >= 4614466) AND (k <= 4614566))
	  ->  Bitmap Index Scan on k_8  (cost=0.00..5.54 rows=111 width=0)
	        Index Cond: ((k >= 4614466) AND (k <= 4614566))

explain: for range-notcovered :: explain SELECT k, c FROM sbtest%d WHERE k BETWEEN 5738945 AND 5739045
for range-notcovered
table 1 : explain SELECT k, c FROM sbtest1 WHERE k BETWEEN 5535846 AND 5535946
	Bitmap Heap Scan on sbtest1  (cost=5.49..413.00 rows=103 width=125)
	  Recheck Cond: ((k >= 5535846) AND (k <= 5535946))
	  ->  Bitmap Index Scan on k_1  (cost=0.00..5.46 rows=103 width=0)
	        Index Cond: ((k >= 5535846) AND (k <= 5535946))

table 2 : explain SELECT k, c FROM sbtest2 WHERE k BETWEEN 5535846 AND 5535946
	Bitmap Heap Scan on sbtest2  (cost=5.49..413.00 rows=103 width=125)
	  Recheck Cond: ((k >= 5535846) AND (k <= 5535946))
	  ->  Bitmap Index Scan on k_2  (cost=0.00..5.46 rows=103 width=0)
	        Index Cond: ((k >= 5535846) AND (k <= 5535946))

table 3 : explain SELECT k, c FROM sbtest3 WHERE k BETWEEN 5535846 AND 5535946
	Bitmap Heap Scan on sbtest3  (cost=5.44..393.31 rows=98 width=125)
	  Recheck Cond: ((k >= 5535846) AND (k <= 5535946))
	  ->  Bitmap Index Scan on k_3  (cost=0.00..5.42 rows=98 width=0)
	        Index Cond: ((k >= 5535846) AND (k <= 5535946))

table 4 : explain SELECT k, c FROM sbtest4 WHERE k BETWEEN 5535846 AND 5535946
	Bitmap Heap Scan on sbtest4  (cost=5.41..381.49 rows=95 width=125)
	  Recheck Cond: ((k >= 5535846) AND (k <= 5535946))
	  ->  Bitmap Index Scan on k_4  (cost=0.00..5.38 rows=95 width=0)
	        Index Cond: ((k >= 5535846) AND (k <= 5535946))

table 5 : explain SELECT k, c FROM sbtest5 WHERE k BETWEEN 5535846 AND 5535946
	Bitmap Heap Scan on sbtest5  (cost=5.47..405.13 rows=101 width=125)
	  Recheck Cond: ((k >= 5535846) AND (k <= 5535946))
	  ->  Bitmap Index Scan on k_5  (cost=0.00..5.44 rows=101 width=0)
	        Index Cond: ((k >= 5535846) AND (k <= 5535946))

table 6 : explain SELECT k, c FROM sbtest6 WHERE k BETWEEN 5535846 AND 5535946
	Bitmap Heap Scan on sbtest6  (cost=5.62..464.15 rows=116 width=125)
	  Recheck Cond: ((k >= 5535846) AND (k <= 5535946))
	  ->  Bitmap Index Scan on k_6  (cost=0.00..5.59 rows=116 width=0)
	        Index Cond: ((k >= 5535846) AND (k <= 5535946))

table 7 : explain SELECT k, c FROM sbtest7 WHERE k BETWEEN 5535846 AND 5535946
	Bitmap Heap Scan on sbtest7  (cost=5.41..381.49 rows=95 width=125)
	  Recheck Cond: ((k >= 5535846) AND (k <= 5535946))
	  ->  Bitmap Index Scan on k_7  (cost=0.00..5.38 rows=95 width=0)
	        Index Cond: ((k >= 5535846) AND (k <= 5535946))

table 8 : explain SELECT k, c FROM sbtest8 WHERE k BETWEEN 5535846 AND 5535946
	Bitmap Heap Scan on sbtest8  (cost=5.42..385.43 rows=96 width=125)
	  Recheck Cond: ((k >= 5535846) AND (k <= 5535946))
	  ->  Bitmap Index Scan on k_8  (cost=0.00..5.39 rows=96 width=0)
	        Index Cond: ((k >= 5535846) AND (k <= 5535946))

explain: for range-notcovered :: explain SELECT k, c FROM sbtest%d WHERE k BETWEEN 6237665 AND 6237765
explain: for range-notcovered :: explain SELECT k, c FROM sbtest%d WHERE k BETWEEN 5535846 AND 5535946
for range-notcovered
table 1 : explain SELECT k, c FROM sbtest1 WHERE k BETWEEN 8554759 AND 8554859
	Bitmap Heap Scan on sbtest1  (cost=5.50..416.94 rows=104 width=125)
	  Recheck Cond: ((k >= 8554759) AND (k <= 8554859))
	  ->  Bitmap Index Scan on k_1  (cost=0.00..5.47 rows=104 width=0)
	        Index Cond: ((k >= 8554759) AND (k <= 8554859))

table 2 : explain SELECT k, c FROM sbtest2 WHERE k BETWEEN 8554759 AND 8554859
	Bitmap Heap Scan on sbtest2  (cost=5.46..401.19 rows=100 width=125)
	  Recheck Cond: ((k >= 8554759) AND (k <= 8554859))
	  ->  Bitmap Index Scan on k_2  (cost=0.00..5.43 rows=100 width=0)
	        Index Cond: ((k >= 8554759) AND (k <= 8554859))

table 3 : explain SELECT k, c FROM sbtest3 WHERE k BETWEEN 8554759 AND 8554859
	Bitmap Heap Scan on sbtest3  (cost=5.52..424.81 rows=106 width=125)
	  Recheck Cond: ((k >= 8554759) AND (k <= 8554859))
	  ->  Bitmap Index Scan on k_3  (cost=0.00..5.50 rows=106 width=0)
	        Index Cond: ((k >= 8554759) AND (k <= 8554859))

table 4 : explain SELECT k, c FROM sbtest4 WHERE k BETWEEN 8554759 AND 8554859
	Bitmap Heap Scan on sbtest4  (cost=5.37..365.72 rows=91 width=125)
	  Recheck Cond: ((k >= 8554759) AND (k <= 8554859))
	  ->  Bitmap Index Scan on k_4  (cost=0.00..5.34 rows=91 width=0)
	        Index Cond: ((k >= 8554759) AND (k <= 8554859))

table 5 : explain SELECT k, c FROM sbtest5 WHERE k BETWEEN 8554759 AND 8554859
	Bitmap Heap Scan on sbtest5  (cost=5.46..401.19 rows=100 width=125)
	  Recheck Cond: ((k >= 8554759) AND (k <= 8554859))
	  ->  Bitmap Index Scan on k_5  (cost=0.00..5.43 rows=100 width=0)
	        Index Cond: ((k >= 8554759) AND (k <= 8554859))

table 6 : explain SELECT k, c FROM sbtest6 WHERE k BETWEEN 8554759 AND 8554859
	Bitmap Heap Scan on sbtest6  (cost=5.51..420.88 rows=105 width=125)
	  Recheck Cond: ((k >= 8554759) AND (k <= 8554859))
	  ->  Bitmap Index Scan on k_6  (cost=0.00..5.48 rows=105 width=0)
	        Index Cond: ((k >= 8554759) AND (k <= 8554859))

table 7 : explain SELECT k, c FROM sbtest7 WHERE k BETWEEN 8554759 AND 8554859
	Bitmap Heap Scan on sbtest7  (cost=5.49..413.00 rows=103 width=125)
	  Recheck Cond: ((k >= 8554759) AND (k <= 8554859))
	  ->  Bitmap Index Scan on k_7  (cost=0.00..5.46 rows=103 width=0)
	        Index Cond: ((k >= 8554759) AND (k <= 8554859))

table 8 : explain SELECT k, c FROM sbtest8 WHERE k BETWEEN 8554759 AND 8554859
	Bitmap Heap Scan on sbtest8  (cost=5.57..444.49 rows=111 width=125)
	  Recheck Cond: ((k >= 8554759) AND (k <= 8554859))
	  ->  Bitmap Index Scan on k_8  (cost=0.00..5.54 rows=111 width=0)
	        Index Cond: ((k >= 8554759) AND (k <= 8554859))

explain: for range-notcovered :: explain SELECT k, c FROM sbtest%d WHERE k BETWEEN 4614466 AND 4614566
explain: for range-notcovered :: explain SELECT k, c FROM sbtest%d WHERE k BETWEEN 8554759 AND 8554859
explain: for range-notcovered :: explain SELECT k, c FROM sbtest%d WHERE k BETWEEN 5436577 AND 5436677
for range-notcovered
table 1 : explain SELECT k, c FROM sbtest1 WHERE k BETWEEN 5738945 AND 5739045
	Bitmap Heap Scan on sbtest1  (cost=5.38..369.67 rows=92 width=125)
	  Recheck Cond: ((k >= 5738945) AND (k <= 5739045))
	  ->  Bitmap Index Scan on k_1  (cost=0.00..5.35 rows=92 width=0)
	        Index Cond: ((k >= 5738945) AND (k <= 5739045))

table 2 : explain SELECT k, c FROM sbtest2 WHERE k BETWEEN 5738945 AND 5739045
	Bitmap Heap Scan on sbtest2  (cost=5.38..369.67 rows=92 width=125)
	  Recheck Cond: ((k >= 5738945) AND (k <= 5739045))
	  ->  Bitmap Index Scan on k_2  (cost=0.00..5.35 rows=92 width=0)
	        Index Cond: ((k >= 5738945) AND (k <= 5739045))

table 3 : explain SELECT k, c FROM sbtest3 WHERE k BETWEEN 5738945 AND 5739045
	Bitmap Heap Scan on sbtest3  (cost=5.30..338.11 rows=84 width=125)
	  Recheck Cond: ((k >= 5738945) AND (k <= 5739045))
	  ->  Bitmap Index Scan on k_3  (cost=0.00..5.27 rows=84 width=0)
	        Index Cond: ((k >= 5738945) AND (k <= 5739045))

table 4 : explain SELECT k, c FROM sbtest4 WHERE k BETWEEN 5738945 AND 5739045
	Bitmap Heap Scan on sbtest4  (cost=5.54..432.69 rows=108 width=125)
	  Recheck Cond: ((k >= 5738945) AND (k <= 5739045))
	  ->  Bitmap Index Scan on k_4  (cost=0.00..5.51 rows=108 width=0)
	        Index Cond: ((k >= 5738945) AND (k <= 5739045))

table 5 : explain SELECT k, c FROM sbtest5 WHERE k BETWEEN 5738945 AND 5739045
	Bitmap Heap Scan on sbtest5  (cost=5.52..424.81 rows=106 width=125)
	  Recheck Cond: ((k >= 5738945) AND (k <= 5739045))
	  ->  Bitmap Index Scan on k_5  (cost=0.00..5.50 rows=106 width=0)
	        Index Cond: ((k >= 5738945) AND (k <= 5739045))

table 6 : explain SELECT k, c FROM sbtest6 WHERE k BETWEEN 5738945 AND 5739045
	Bitmap Heap Scan on sbtest6  (cost=5.40..377.55 rows=94 width=125)
	  Recheck Cond: ((k >= 5738945) AND (k <= 5739045))
	  ->  Bitmap Index Scan on k_6  (cost=0.00..5.38 rows=94 width=0)
	        Index Cond: ((k >= 5738945) AND (k <= 5739045))

table 7 : explain SELECT k, c FROM sbtest7 WHERE k BETWEEN 5738945 AND 5739045
	Bitmap Heap Scan on sbtest7  (cost=5.49..413.00 rows=103 width=125)
	  Recheck Cond: ((k >= 5738945) AND (k <= 5739045))
	  ->  Bitmap Index Scan on k_7  (cost=0.00..5.46 rows=103 width=0)
	        Index Cond: ((k >= 5738945) AND (k <= 5739045))

table 8 : explain SELECT k, c FROM sbtest8 WHERE k BETWEEN 5738945 AND 5739045
	Bitmap Heap Scan on sbtest8  (cost=5.52..424.81 rows=106 width=125)
	  Recheck Cond: ((k >= 5738945) AND (k <= 5739045))
	  ->  Bitmap Index Scan on k_8  (cost=0.00..5.50 rows=106 width=0)
	        Index Cond: ((k >= 5738945) AND (k <= 5739045))

explain: for range-notcovered :: explain SELECT k, c FROM sbtest%d WHERE k BETWEEN 5738945 AND 5739045
for range-notcovered
table 1 : explain SELECT k, c FROM sbtest1 WHERE k BETWEEN 5535846 AND 5535946
	Bitmap Heap Scan on sbtest1  (cost=5.49..413.00 rows=103 width=125)
	  Recheck Cond: ((k >= 5535846) AND (k <= 5535946))
	  ->  Bitmap Index Scan on k_1  (cost=0.00..5.46 rows=103 width=0)
	        Index Cond: ((k >= 5535846) AND (k <= 5535946))

table 2 : explain SELECT k, c FROM sbtest2 WHERE k BETWEEN 5535846 AND 5535946
	Bitmap Heap Scan on sbtest2  (cost=5.49..413.00 rows=103 width=125)
	  Recheck Cond: ((k >= 5535846) AND (k <= 5535946))
	  ->  Bitmap Index Scan on k_2  (cost=0.00..5.46 rows=103 width=0)
	        Index Cond: ((k >= 5535846) AND (k <= 5535946))

table 3 : explain SELECT k, c FROM sbtest3 WHERE k BETWEEN 5535846 AND 5535946
	Bitmap Heap Scan on sbtest3  (cost=5.44..393.31 rows=98 width=125)
	  Recheck Cond: ((k >= 5535846) AND (k <= 5535946))
	  ->  Bitmap Index Scan on k_3  (cost=0.00..5.42 rows=98 width=0)
	        Index Cond: ((k >= 5535846) AND (k <= 5535946))

table 4 : explain SELECT k, c FROM sbtest4 WHERE k BETWEEN 5535846 AND 5535946
	Bitmap Heap Scan on sbtest4  (cost=5.41..381.49 rows=95 width=125)
	  Recheck Cond: ((k >= 5535846) AND (k <= 5535946))
	  ->  Bitmap Index Scan on k_4  (cost=0.00..5.38 rows=95 width=0)
	        Index Cond: ((k >= 5535846) AND (k <= 5535946))

table 5 : explain SELECT k, c FROM sbtest5 WHERE k BETWEEN 5535846 AND 5535946
	Bitmap Heap Scan on sbtest5  (cost=5.47..405.13 rows=101 width=125)
	  Recheck Cond: ((k >= 5535846) AND (k <= 5535946))
	  ->  Bitmap Index Scan on k_5  (cost=0.00..5.44 rows=101 width=0)
	        Index Cond: ((k >= 5535846) AND (k <= 5535946))

table 6 : explain SELECT k, c FROM sbtest6 WHERE k BETWEEN 5535846 AND 5535946
	Bitmap Heap Scan on sbtest6  (cost=5.62..464.15 rows=116 width=125)
	  Recheck Cond: ((k >= 5535846) AND (k <= 5535946))
	  ->  Bitmap Index Scan on k_6  (cost=0.00..5.59 rows=116 width=0)
	        Index Cond: ((k >= 5535846) AND (k <= 5535946))

table 7 : explain SELECT k, c FROM sbtest7 WHERE k BETWEEN 5535846 AND 5535946
	Bitmap Heap Scan on sbtest7  (cost=5.41..381.49 rows=95 width=125)
	  Recheck Cond: ((k >= 5535846) AND (k <= 5535946))
	  ->  Bitmap Index Scan on k_7  (cost=0.00..5.38 rows=95 width=0)
	        Index Cond: ((k >= 5535846) AND (k <= 5535946))

table 8 : explain SELECT k, c FROM sbtest8 WHERE k BETWEEN 5535846 AND 5535946
	Bitmap Heap Scan on sbtest8  (cost=5.42..385.43 rows=96 width=125)
	  Recheck Cond: ((k >= 5535846) AND (k <= 5535946))
	  ->  Bitmap Index Scan on k_8  (cost=0.00..5.39 rows=96 width=0)
	        Index Cond: ((k >= 5535846) AND (k <= 5535946))

for range-notcovered
table 1 : explain SELECT k, c FROM sbtest1 WHERE k BETWEEN 3640754 AND 3640854
	Bitmap Heap Scan on sbtest1  (cost=5.45..397.25 rows=99 width=125)
	  Recheck Cond: ((k >= 3640754) AND (k <= 3640854))
	  ->  Bitmap Index Scan on k_1  (cost=0.00..5.42 rows=99 width=0)
	        Index Cond: ((k >= 3640754) AND (k <= 3640854))

table 2 : explain SELECT k, c FROM sbtest2 WHERE k BETWEEN 3640754 AND 3640854
	Bitmap Heap Scan on sbtest2  (cost=5.45..397.25 rows=99 width=125)
	  Recheck Cond: ((k >= 3640754) AND (k <= 3640854))
	  ->  Bitmap Index Scan on k_2  (cost=0.00..5.42 rows=99 width=0)
	        Index Cond: ((k >= 3640754) AND (k <= 3640854))

table 3 : explain SELECT k, c FROM sbtest3 WHERE k BETWEEN 3640754 AND 3640854
	Bitmap Heap Scan on sbtest3  (cost=5.46..401.19 rows=100 width=125)
	  Recheck Cond: ((k >= 3640754) AND (k <= 3640854))
	  ->  Bitmap Index Scan on k_3  (cost=0.00..5.43 rows=100 width=0)
	        Index Cond: ((k >= 3640754) AND (k <= 3640854))

table 4 : explain SELECT k, c FROM sbtest4 WHERE k BETWEEN 3640754 AND 3640854
	Bitmap Heap Scan on sbtest4  (cost=5.41..381.49 rows=95 width=125)
	  Recheck Cond: ((k >= 3640754) AND (k <= 3640854))
	  ->  Bitmap Index Scan on k_4  (cost=0.00..5.38 rows=95 width=0)
	        Index Cond: ((k >= 3640754) AND (k <= 3640854))

table 5 : explain SELECT k, c FROM sbtest5 WHERE k BETWEEN 3640754 AND 3640854
	Bitmap Heap Scan on sbtest5  (cost=5.40..377.55 rows=94 width=125)
	  Recheck Cond: ((k >= 3640754) AND (k <= 3640854))
	  ->  Bitmap Index Scan on k_5  (cost=0.00..5.38 rows=94 width=0)
	        Index Cond: ((k >= 3640754) AND (k <= 3640854))

table 6 : explain SELECT k, c FROM sbtest6 WHERE k BETWEEN 3640754 AND 3640854
	Bitmap Heap Scan on sbtest6  (cost=5.51..420.88 rows=105 width=125)
	  Recheck Cond: ((k >= 3640754) AND (k <= 3640854))
	  ->  Bitmap Index Scan on k_6  (cost=0.00..5.48 rows=105 width=0)
	        Index Cond: ((k >= 3640754) AND (k <= 3640854))

table 7 : explain SELECT k, c FROM sbtest7 WHERE k BETWEEN 3640754 AND 3640854
	Bitmap Heap Scan on sbtest7  (cost=5.46..401.19 rows=100 width=125)
	  Recheck Cond: ((k >= 3640754) AND (k <= 3640854))
	  ->  Bitmap Index Scan on k_7  (cost=0.00..5.43 rows=100 width=0)
	        Index Cond: ((k >= 3640754) AND (k <= 3640854))

table 8 : explain SELECT k, c FROM sbtest8 WHERE k BETWEEN 3640754 AND 3640854
	Bitmap Heap Scan on sbtest8  (cost=5.38..369.67 rows=92 width=125)
	  Recheck Cond: ((k >= 3640754) AND (k <= 3640854))
	  ->  Bitmap Index Scan on k_8  (cost=0.00..5.35 rows=92 width=0)
	        Index Cond: ((k >= 3640754) AND (k <= 3640854))

explain: for range-notcovered :: explain SELECT k, c FROM sbtest%d WHERE k BETWEEN 5535846 AND 5535946
for range-notcovered
table 1 : explain SELECT k, c FROM sbtest1 WHERE k BETWEEN 8554759 AND 8554859
	Bitmap Heap Scan on sbtest1  (cost=5.50..416.94 rows=104 width=125)
	  Recheck Cond: ((k >= 8554759) AND (k <= 8554859))
	  ->  Bitmap Index Scan on k_1  (cost=0.00..5.47 rows=104 width=0)
	        Index Cond: ((k >= 8554759) AND (k <= 8554859))

table 2 : explain SELECT k, c FROM sbtest2 WHERE k BETWEEN 8554759 AND 8554859
	Bitmap Heap Scan on sbtest2  (cost=5.46..401.19 rows=100 width=125)
	  Recheck Cond: ((k >= 8554759) AND (k <= 8554859))
	  ->  Bitmap Index Scan on k_2  (cost=0.00..5.43 rows=100 width=0)
	        Index Cond: ((k >= 8554759) AND (k <= 8554859))

table 3 : explain SELECT k, c FROM sbtest3 WHERE k BETWEEN 8554759 AND 8554859
	Bitmap Heap Scan on sbtest3  (cost=5.52..424.81 rows=106 width=125)
	  Recheck Cond: ((k >= 8554759) AND (k <= 8554859))
	  ->  Bitmap Index Scan on k_3  (cost=0.00..5.50 rows=106 width=0)
	        Index Cond: ((k >= 8554759) AND (k <= 8554859))

table 4 : explain SELECT k, c FROM sbtest4 WHERE k BETWEEN 8554759 AND 8554859
	Bitmap Heap Scan on sbtest4  (cost=5.37..365.72 rows=91 width=125)
	  Recheck Cond: ((k >= 8554759) AND (k <= 8554859))
	  ->  Bitmap Index Scan on k_4  (cost=0.00..5.34 rows=91 width=0)
	        Index Cond: ((k >= 8554759) AND (k <= 8554859))

table 5 : explain SELECT k, c FROM sbtest5 WHERE k BETWEEN 8554759 AND 8554859
	Bitmap Heap Scan on sbtest5  (cost=5.46..401.19 rows=100 width=125)
	  Recheck Cond: ((k >= 8554759) AND (k <= 8554859))
	  ->  Bitmap Index Scan on k_5  (cost=0.00..5.43 rows=100 width=0)
	        Index Cond: ((k >= 8554759) AND (k <= 8554859))

table 6 : explain SELECT k, c FROM sbtest6 WHERE k BETWEEN 8554759 AND 8554859
	Bitmap Heap Scan on sbtest6  (cost=5.51..420.88 rows=105 width=125)
	  Recheck Cond: ((k >= 8554759) AND (k <= 8554859))
	  ->  Bitmap Index Scan on k_6  (cost=0.00..5.48 rows=105 width=0)
	        Index Cond: ((k >= 8554759) AND (k <= 8554859))

table 7 : explain SELECT k, c FROM sbtest7 WHERE k BETWEEN 8554759 AND 8554859
	Bitmap Heap Scan on sbtest7  (cost=5.49..413.00 rows=103 width=125)
	  Recheck Cond: ((k >= 8554759) AND (k <= 8554859))
	  ->  Bitmap Index Scan on k_7  (cost=0.00..5.46 rows=103 width=0)
	        Index Cond: ((k >= 8554759) AND (k <= 8554859))

table 8 : explain SELECT k, c FROM sbtest8 WHERE k BETWEEN 8554759 AND 8554859
	Bitmap Heap Scan on sbtest8  (cost=5.57..444.49 rows=111 width=125)
	  Recheck Cond: ((k >= 8554759) AND (k <= 8554859))
	  ->  Bitmap Index Scan on k_8  (cost=0.00..5.54 rows=111 width=0)
	        Index Cond: ((k >= 8554759) AND (k <= 8554859))

for range-notcovered
table 1 : explain SELECT k, c FROM sbtest1 WHERE k BETWEEN 3585162 AND 3585262
	Bitmap Heap Scan on sbtest1  (cost=5.45..397.25 rows=99 width=125)
	  Recheck Cond: ((k >= 3585162) AND (k <= 3585262))
	  ->  Bitmap Index Scan on k_1  (cost=0.00..5.42 rows=99 width=0)
	        Index Cond: ((k >= 3585162) AND (k <= 3585262))

table 2 : explain SELECT k, c FROM sbtest2 WHERE k BETWEEN 3585162 AND 3585262
	Bitmap Heap Scan on sbtest2  (cost=5.42..385.43 rows=96 width=125)
	  Recheck Cond: ((k >= 3585162) AND (k <= 3585262))
	  ->  Bitmap Index Scan on k_2  (cost=0.00..5.39 rows=96 width=0)
	        Index Cond: ((k >= 3585162) AND (k <= 3585262))

table 3 : explain SELECT k, c FROM sbtest3 WHERE k BETWEEN 3585162 AND 3585262
	Bitmap Heap Scan on sbtest3  (cost=5.46..401.19 rows=100 width=125)
	  Recheck Cond: ((k >= 3585162) AND (k <= 3585262))
	  ->  Bitmap Index Scan on k_3  (cost=0.00..5.43 rows=100 width=0)
	        Index Cond: ((k >= 3585162) AND (k <= 3585262))

table 4 : explain SELECT k, c FROM sbtest4 WHERE k BETWEEN 3585162 AND 3585262
	Bitmap Heap Scan on sbtest4  (cost=5.44..393.31 rows=98 width=125)
	  Recheck Cond: ((k >= 3585162) AND (k <= 3585262))
	  ->  Bitmap Index Scan on k_4  (cost=0.00..5.42 rows=98 width=0)
	        Index Cond: ((k >= 3585162) AND (k <= 3585262))

table 5 : explain SELECT k, c FROM sbtest5 WHERE k BETWEEN 3585162 AND 3585262
	Bitmap Heap Scan on sbtest5  (cost=5.63..468.09 rows=117 width=125)
	  Recheck Cond: ((k >= 3585162) AND (k <= 3585262))
	  ->  Bitmap Index Scan on k_5  (cost=0.00..5.60 rows=117 width=0)
	        Index Cond: ((k >= 3585162) AND (k <= 3585262))

table 6 : explain SELECT k, c FROM sbtest6 WHERE k BETWEEN 3585162 AND 3585262
	Bitmap Heap Scan on sbtest6  (cost=5.43..389.37 rows=97 width=125)
	  Recheck Cond: ((k >= 3585162) AND (k <= 3585262))
	  ->  Bitmap Index Scan on k_6  (cost=0.00..5.40 rows=97 width=0)
	        Index Cond: ((k >= 3585162) AND (k <= 3585262))

table 7 : explain SELECT k, c FROM sbtest7 WHERE k BETWEEN 3585162 AND 3585262
	Bitmap Heap Scan on sbtest7  (cost=5.46..401.19 rows=100 width=125)
	  Recheck Cond: ((k >= 3585162) AND (k <= 3585262))
	  ->  Bitmap Index Scan on k_7  (cost=0.00..5.43 rows=100 width=0)
	        Index Cond: ((k >= 3585162) AND (k <= 3585262))

table 8 : explain SELECT k, c FROM sbtest8 WHERE k BETWEEN 3585162 AND 3585262
	Bitmap Heap Scan on sbtest8  (cost=5.51..420.88 rows=105 width=125)
	  Recheck Cond: ((k >= 3585162) AND (k <= 3585262))
	  ->  Bitmap Index Scan on k_8  (cost=0.00..5.48 rows=105 width=0)
	        Index Cond: ((k >= 3585162) AND (k <= 3585262))

explain: for range-notcovered :: explain SELECT k, c FROM sbtest%d WHERE k BETWEEN 3640754 AND 3640854
explain: for range-notcovered :: explain SELECT k, c FROM sbtest%d WHERE k BETWEEN 8554759 AND 8554859
for range-notcovered
table 1 : explain SELECT k, c FROM sbtest1 WHERE k BETWEEN 8566701 AND 8566801
	Bitmap Heap Scan on sbtest1  (cost=5.40..377.55 rows=94 width=125)
	  Recheck Cond: ((k >= 8566701) AND (k <= 8566801))
	  ->  Bitmap Index Scan on k_1  (cost=0.00..5.38 rows=94 width=0)
	        Index Cond: ((k >= 8566701) AND (k <= 8566801))

table 2 : explain SELECT k, c FROM sbtest2 WHERE k BETWEEN 8566701 AND 8566801
	Bitmap Heap Scan on sbtest2  (cost=5.46..401.19 rows=100 width=125)
	  Recheck Cond: ((k >= 8566701) AND (k <= 8566801))
	  ->  Bitmap Index Scan on k_2  (cost=0.00..5.43 rows=100 width=0)
	        Index Cond: ((k >= 8566701) AND (k <= 8566801))

table 3 : explain SELECT k, c FROM sbtest3 WHERE k BETWEEN 8566701 AND 8566801
	Bitmap Heap Scan on sbtest3  (cost=5.52..424.81 rows=106 width=125)
	  Recheck Cond: ((k >= 8566701) AND (k <= 8566801))
	  ->  Bitmap Index Scan on k_3  (cost=0.00..5.50 rows=106 width=0)
	        Index Cond: ((k >= 8566701) AND (k <= 8566801))

table 4 : explain SELECT k, c FROM sbtest4 WHERE k BETWEEN 8566701 AND 8566801
	Bitmap Heap Scan on sbtest4  (cost=5.37..365.72 rows=91 width=125)
	  Recheck Cond: ((k >= 8566701) AND (k <= 8566801))
	  ->  Bitmap Index Scan on k_4  (cost=0.00..5.34 rows=91 width=0)
	        Index Cond: ((k >= 8566701) AND (k <= 8566801))

table 5 : explain SELECT k, c FROM sbtest5 WHERE k BETWEEN 8566701 AND 8566801
	Bitmap Heap Scan on sbtest5  (cost=5.46..401.19 rows=100 width=125)
	  Recheck Cond: ((k >= 8566701) AND (k <= 8566801))
	  ->  Bitmap Index Scan on k_5  (cost=0.00..5.43 rows=100 width=0)
	        Index Cond: ((k >= 8566701) AND (k <= 8566801))

table 6 : explain SELECT k, c FROM sbtest6 WHERE k BETWEEN 8566701 AND 8566801
	Bitmap Heap Scan on sbtest6  (cost=5.51..420.88 rows=105 width=125)
	  Recheck Cond: ((k >= 8566701) AND (k <= 8566801))
	  ->  Bitmap Index Scan on k_6  (cost=0.00..5.48 rows=105 width=0)
	        Index Cond: ((k >= 8566701) AND (k <= 8566801))

table 7 : explain SELECT k, c FROM sbtest7 WHERE k BETWEEN 8566701 AND 8566801
	Bitmap Heap Scan on sbtest7  (cost=5.49..413.00 rows=103 width=125)
	  Recheck Cond: ((k >= 8566701) AND (k <= 8566801))
	  ->  Bitmap Index Scan on k_7  (cost=0.00..5.46 rows=103 width=0)
	        Index Cond: ((k >= 8566701) AND (k <= 8566801))

table 8 : explain SELECT k, c FROM sbtest8 WHERE k BETWEEN 8566701 AND 8566801
	Bitmap Heap Scan on sbtest8  (cost=5.57..444.49 rows=111 width=125)
	  Recheck Cond: ((k >= 8566701) AND (k <= 8566801))
	  ->  Bitmap Index Scan on k_8  (cost=0.00..5.54 rows=111 width=0)
	        Index Cond: ((k >= 8566701) AND (k <= 8566801))

explain: for range-notcovered :: explain SELECT k, c FROM sbtest%d WHERE k BETWEEN 3585162 AND 3585262
explain: for range-notcovered :: explain SELECT k, c FROM sbtest%d WHERE k BETWEEN 8566701 AND 8566801
explain: for range-notcovered :: explain SELECT k, c FROM sbtest%d WHERE k BETWEEN 6370675 AND 6370775
for range-notcovered
table 1 : explain SELECT k, c FROM sbtest1 WHERE k BETWEEN 6237665 AND 6237765
	Bitmap Heap Scan on sbtest1  (cost=5.50..416.94 rows=104 width=125)
	  Recheck Cond: ((k >= 6237665) AND (k <= 6237765))
	  ->  Bitmap Index Scan on k_1  (cost=0.00..5.47 rows=104 width=0)
	        Index Cond: ((k >= 6237665) AND (k <= 6237765))

table 2 : explain SELECT k, c FROM sbtest2 WHERE k BETWEEN 6237665 AND 6237765
	Bitmap Heap Scan on sbtest2  (cost=5.41..381.49 rows=95 width=125)
	  Recheck Cond: ((k >= 6237665) AND (k <= 6237765))
	  ->  Bitmap Index Scan on k_2  (cost=0.00..5.38 rows=95 width=0)
	        Index Cond: ((k >= 6237665) AND (k <= 6237765))

table 3 : explain SELECT k, c FROM sbtest3 WHERE k BETWEEN 6237665 AND 6237765
	Bitmap Heap Scan on sbtest3  (cost=5.57..444.49 rows=111 width=125)
	  Recheck Cond: ((k >= 6237665) AND (k <= 6237765))
	  ->  Bitmap Index Scan on k_3  (cost=0.00..5.54 rows=111 width=0)
	        Index Cond: ((k >= 6237665) AND (k <= 6237765))

table 4 : explain SELECT k, c FROM sbtest4 WHERE k BETWEEN 6237665 AND 6237765
	Bitmap Heap Scan on sbtest4  (cost=5.46..401.19 rows=100 width=125)
	  Recheck Cond: ((k >= 6237665) AND (k <= 6237765))
	  ->  Bitmap Index Scan on k_4  (cost=0.00..5.43 rows=100 width=0)
	        Index Cond: ((k >= 6237665) AND (k <= 6237765))

table 5 : explain SELECT k, c FROM sbtest5 WHERE k BETWEEN 6237665 AND 6237765
	Bitmap Heap Scan on sbtest5  (cost=5.49..413.00 rows=103 width=125)
	  Recheck Cond: ((k >= 6237665) AND (k <= 6237765))
	  ->  Bitmap Index Scan on k_5  (cost=0.00..5.46 rows=103 width=0)
	        Index Cond: ((k >= 6237665) AND (k <= 6237765))

table 6 : explain SELECT k, c FROM sbtest6 WHERE k BETWEEN 6237665 AND 6237765
	Bitmap Heap Scan on sbtest6  (cost=5.48..409.07 rows=102 width=125)
	  Recheck Cond: ((k >= 6237665) AND (k <= 6237765))
	  ->  Bitmap Index Scan on k_6  (cost=0.00..5.45 rows=102 width=0)
	        Index Cond: ((k >= 6237665) AND (k <= 6237765))

table 7 : explain SELECT k, c FROM sbtest7 WHERE k BETWEEN 6237665 AND 6237765
	Bitmap Heap Scan on sbtest7  (cost=5.42..385.43 rows=96 width=125)
	  Recheck Cond: ((k >= 6237665) AND (k <= 6237765))
	  ->  Bitmap Index Scan on k_7  (cost=0.00..5.39 rows=96 width=0)
	        Index Cond: ((k >= 6237665) AND (k <= 6237765))

table 8 : explain SELECT k, c FROM sbtest8 WHERE k BETWEEN 6237665 AND 6237765
	Bitmap Heap Scan on sbtest8  (cost=5.47..405.13 rows=101 width=125)
	  Recheck Cond: ((k >= 6237665) AND (k <= 6237765))
	  ->  Bitmap Index Scan on k_8  (cost=0.00..5.44 rows=101 width=0)
	        Index Cond: ((k >= 6237665) AND (k <= 6237765))

for range-notcovered
table 1 : explain SELECT k, c FROM sbtest1 WHERE k BETWEEN 5738945 AND 5739045
	Bitmap Heap Scan on sbtest1  (cost=5.38..369.67 rows=92 width=125)
	  Recheck Cond: ((k >= 5738945) AND (k <= 5739045))
	  ->  Bitmap Index Scan on k_1  (cost=0.00..5.35 rows=92 width=0)
	        Index Cond: ((k >= 5738945) AND (k <= 5739045))

table 2 : explain SELECT k, c FROM sbtest2 WHERE k BETWEEN 5738945 AND 5739045
	Bitmap Heap Scan on sbtest2  (cost=5.38..369.67 rows=92 width=125)
	  Recheck Cond: ((k >= 5738945) AND (k <= 5739045))
	  ->  Bitmap Index Scan on k_2  (cost=0.00..5.35 rows=92 width=0)
	        Index Cond: ((k >= 5738945) AND (k <= 5739045))

table 3 : explain SELECT k, c FROM sbtest3 WHERE k BETWEEN 5738945 AND 5739045
	Bitmap Heap Scan on sbtest3  (cost=5.30..338.11 rows=84 width=125)
	  Recheck Cond: ((k >= 5738945) AND (k <= 5739045))
	  ->  Bitmap Index Scan on k_3  (cost=0.00..5.27 rows=84 width=0)
	        Index Cond: ((k >= 5738945) AND (k <= 5739045))

table 4 : explain SELECT k, c FROM sbtest4 WHERE k BETWEEN 5738945 AND 5739045
	Bitmap Heap Scan on sbtest4  (cost=5.54..432.69 rows=108 width=125)
	  Recheck Cond: ((k >= 5738945) AND (k <= 5739045))
	  ->  Bitmap Index Scan on k_4  (cost=0.00..5.51 rows=108 width=0)
	        Index Cond: ((k >= 5738945) AND (k <= 5739045))

table 5 : explain SELECT k, c FROM sbtest5 WHERE k BETWEEN 5738945 AND 5739045
	Bitmap Heap Scan on sbtest5  (cost=5.52..424.81 rows=106 width=125)
	  Recheck Cond: ((k >= 5738945) AND (k <= 5739045))
	  ->  Bitmap Index Scan on k_5  (cost=0.00..5.50 rows=106 width=0)
	        Index Cond: ((k >= 5738945) AND (k <= 5739045))

table 6 : explain SELECT k, c FROM sbtest6 WHERE k BETWEEN 5738945 AND 5739045
	Bitmap Heap Scan on sbtest6  (cost=5.40..377.55 rows=94 width=125)
	  Recheck Cond: ((k >= 5738945) AND (k <= 5739045))
	  ->  Bitmap Index Scan on k_6  (cost=0.00..5.38 rows=94 width=0)
	        Index Cond: ((k >= 5738945) AND (k <= 5739045))

table 7 : explain SELECT k, c FROM sbtest7 WHERE k BETWEEN 5738945 AND 5739045
	Bitmap Heap Scan on sbtest7  (cost=5.49..413.00 rows=103 width=125)
	  Recheck Cond: ((k >= 5738945) AND (k <= 5739045))
	  ->  Bitmap Index Scan on k_7  (cost=0.00..5.46 rows=103 width=0)
	        Index Cond: ((k >= 5738945) AND (k <= 5739045))

table 8 : explain SELECT k, c FROM sbtest8 WHERE k BETWEEN 5738945 AND 5739045
	Bitmap Heap Scan on sbtest8  (cost=5.52..424.81 rows=106 width=125)
	  Recheck Cond: ((k >= 5738945) AND (k <= 5739045))
	  ->  Bitmap Index Scan on k_8  (cost=0.00..5.50 rows=106 width=0)
	        Index Cond: ((k >= 5738945) AND (k <= 5739045))

explain: for range-notcovered :: explain SELECT k, c FROM sbtest%d WHERE k BETWEEN 5738945 AND 5739045
for range-notcovered
table 1 : explain SELECT k, c FROM sbtest1 WHERE k BETWEEN 4614466 AND 4614566
	Bitmap Heap Scan on sbtest1  (cost=5.44..393.31 rows=98 width=125)
	  Recheck Cond: ((k >= 4614466) AND (k <= 4614566))
	  ->  Bitmap Index Scan on k_1  (cost=0.00..5.42 rows=98 width=0)
	        Index Cond: ((k >= 4614466) AND (k <= 4614566))

table 2 : explain SELECT k, c FROM sbtest2 WHERE k BETWEEN 4614466 AND 4614566
	Bitmap Heap Scan on sbtest2  (cost=5.50..416.94 rows=104 width=125)
	  Recheck Cond: ((k >= 4614466) AND (k <= 4614566))
	  ->  Bitmap Index Scan on k_2  (cost=0.00..5.47 rows=104 width=0)
	        Index Cond: ((k >= 4614466) AND (k <= 4614566))

table 3 : explain SELECT k, c FROM sbtest3 WHERE k BETWEEN 4614466 AND 4614566
	Bitmap Heap Scan on sbtest3  (cost=5.47..405.13 rows=101 width=125)
	  Recheck Cond: ((k >= 4614466) AND (k <= 4614566))
	  ->  Bitmap Index Scan on k_3  (cost=0.00..5.44 rows=101 width=0)
	        Index Cond: ((k >= 4614466) AND (k <= 4614566))

table 4 : explain SELECT k, c FROM sbtest4 WHERE k BETWEEN 4614466 AND 4614566
	Bitmap Heap Scan on sbtest4  (cost=5.55..436.62 rows=109 width=125)
	  Recheck Cond: ((k >= 4614466) AND (k <= 4614566))
	  ->  Bitmap Index Scan on k_4  (cost=0.00..5.52 rows=109 width=0)
	        Index Cond: ((k >= 4614466) AND (k <= 4614566))

table 5 : explain SELECT k, c FROM sbtest5 WHERE k BETWEEN 4614466 AND 4614566
	Bitmap Heap Scan on sbtest5  (cost=5.53..428.75 rows=107 width=125)
	  Recheck Cond: ((k >= 4614466) AND (k <= 4614566))
	  ->  Bitmap Index Scan on k_5  (cost=0.00..5.50 rows=107 width=0)
	        Index Cond: ((k >= 4614466) AND (k <= 4614566))

table 6 : explain SELECT k, c FROM sbtest6 WHERE k BETWEEN 4614466 AND 4614566
	Bitmap Heap Scan on sbtest6  (cost=5.47..405.13 rows=101 width=125)
	  Recheck Cond: ((k >= 4614466) AND (k <= 4614566))
	  ->  Bitmap Index Scan on k_6  (cost=0.00..5.44 rows=101 width=0)
	        Index Cond: ((k >= 4614466) AND (k <= 4614566))

table 7 : explain SELECT k, c FROM sbtest7 WHERE k BETWEEN 4614466 AND 4614566
	Bitmap Heap Scan on sbtest7  (cost=5.56..440.56 rows=110 width=125)
	  Recheck Cond: ((k >= 4614466) AND (k <= 4614566))
	  ->  Bitmap Index Scan on k_7  (cost=0.00..5.53 rows=110 width=0)
	        Index Cond: ((k >= 4614466) AND (k <= 4614566))

table 8 : explain SELECT k, c FROM sbtest8 WHERE k BETWEEN 4614466 AND 4614566
	Bitmap Heap Scan on sbtest8  (cost=5.57..444.49 rows=111 width=125)
	  Recheck Cond: ((k >= 4614466) AND (k <= 4614566))
	  ->  Bitmap Index Scan on k_8  (cost=0.00..5.54 rows=111 width=0)
	        Index Cond: ((k >= 4614466) AND (k <= 4614566))

explain: for range-notcovered :: explain SELECT k, c FROM sbtest%d WHERE k BETWEEN 6237665 AND 6237765
for range-notcovered
table 1 : explain SELECT k, c FROM sbtest1 WHERE k BETWEEN 5535846 AND 5535946
	Bitmap Heap Scan on sbtest1  (cost=5.49..413.00 rows=103 width=125)
	  Recheck Cond: ((k >= 5535846) AND (k <= 5535946))
	  ->  Bitmap Index Scan on k_1  (cost=0.00..5.46 rows=103 width=0)
	        Index Cond: ((k >= 5535846) AND (k <= 5535946))

table 2 : explain SELECT k, c FROM sbtest2 WHERE k BETWEEN 5535846 AND 5535946
	Bitmap Heap Scan on sbtest2  (cost=5.49..413.00 rows=103 width=125)
	  Recheck Cond: ((k >= 5535846) AND (k <= 5535946))
	  ->  Bitmap Index Scan on k_2  (cost=0.00..5.46 rows=103 width=0)
	        Index Cond: ((k >= 5535846) AND (k <= 5535946))

table 3 : explain SELECT k, c FROM sbtest3 WHERE k BETWEEN 5535846 AND 5535946
	Bitmap Heap Scan on sbtest3  (cost=5.44..393.31 rows=98 width=125)
	  Recheck Cond: ((k >= 5535846) AND (k <= 5535946))
	  ->  Bitmap Index Scan on k_3  (cost=0.00..5.42 rows=98 width=0)
	        Index Cond: ((k >= 5535846) AND (k <= 5535946))

table 4 : explain SELECT k, c FROM sbtest4 WHERE k BETWEEN 5535846 AND 5535946
	Bitmap Heap Scan on sbtest4  (cost=5.41..381.49 rows=95 width=125)
	  Recheck Cond: ((k >= 5535846) AND (k <= 5535946))
	  ->  Bitmap Index Scan on k_4  (cost=0.00..5.38 rows=95 width=0)
	        Index Cond: ((k >= 5535846) AND (k <= 5535946))

table 5 : explain SELECT k, c FROM sbtest5 WHERE k BETWEEN 5535846 AND 5535946
	Bitmap Heap Scan on sbtest5  (cost=5.47..405.13 rows=101 width=125)
	  Recheck Cond: ((k >= 5535846) AND (k <= 5535946))
	  ->  Bitmap Index Scan on k_5  (cost=0.00..5.44 rows=101 width=0)
	        Index Cond: ((k >= 5535846) AND (k <= 5535946))

table 6 : explain SELECT k, c FROM sbtest6 WHERE k BETWEEN 5535846 AND 5535946
	Bitmap Heap Scan on sbtest6  (cost=5.62..464.15 rows=116 width=125)
	  Recheck Cond: ((k >= 5535846) AND (k <= 5535946))
	  ->  Bitmap Index Scan on k_6  (cost=0.00..5.59 rows=116 width=0)
	        Index Cond: ((k >= 5535846) AND (k <= 5535946))

table 7 : explain SELECT k, c FROM sbtest7 WHERE k BETWEEN 5535846 AND 5535946
	Bitmap Heap Scan on sbtest7  (cost=5.41..381.49 rows=95 width=125)
	  Recheck Cond: ((k >= 5535846) AND (k <= 5535946))
	  ->  Bitmap Index Scan on k_7  (cost=0.00..5.38 rows=95 width=0)
	        Index Cond: ((k >= 5535846) AND (k <= 5535946))

table 8 : explain SELECT k, c FROM sbtest8 WHERE k BETWEEN 5535846 AND 5535946
	Bitmap Heap Scan on sbtest8  (cost=5.42..385.43 rows=96 width=125)
	  Recheck Cond: ((k >= 5535846) AND (k <= 5535946))
	  ->  Bitmap Index Scan on k_8  (cost=0.00..5.39 rows=96 width=0)
	        Index Cond: ((k >= 5535846) AND (k <= 5535946))

explain: for range-notcovered :: explain SELECT k, c FROM sbtest%d WHERE k BETWEEN 3721542 AND 3721642explain: for range-notcovered :: explain SELECT k, c FROM sbtest%d WHERE k BETWEEN 5535846 AND 5535946

explain: for range-notcovered :: explain SELECT k, c FROM sbtest%d WHERE k BETWEEN 4097614 AND 4097714
for range-notcovered
table 1 : explain SELECT k, c FROM sbtest1 WHERE k BETWEEN 3640754 AND 3640854
	Bitmap Heap Scan on sbtest1  (cost=5.45..397.25 rows=99 width=125)
	  Recheck Cond: ((k >= 3640754) AND (k <= 3640854))
	  ->  Bitmap Index Scan on k_1  (cost=0.00..5.42 rows=99 width=0)
	        Index Cond: ((k >= 3640754) AND (k <= 3640854))

table 2 : explain SELECT k, c FROM sbtest2 WHERE k BETWEEN 3640754 AND 3640854
	Bitmap Heap Scan on sbtest2  (cost=5.45..397.25 rows=99 width=125)
	  Recheck Cond: ((k >= 3640754) AND (k <= 3640854))
	  ->  Bitmap Index Scan on k_2  (cost=0.00..5.42 rows=99 width=0)
	        Index Cond: ((k >= 3640754) AND (k <= 3640854))

table 3 : explain SELECT k, c FROM sbtest3 WHERE k BETWEEN 3640754 AND 3640854
	Bitmap Heap Scan on sbtest3  (cost=5.46..401.19 rows=100 width=125)
	  Recheck Cond: ((k >= 3640754) AND (k <= 3640854))
	  ->  Bitmap Index Scan on k_3  (cost=0.00..5.43 rows=100 width=0)
	        Index Cond: ((k >= 3640754) AND (k <= 3640854))

table 4 : explain SELECT k, c FROM sbtest4 WHERE k BETWEEN 3640754 AND 3640854
	Bitmap Heap Scan on sbtest4  (cost=5.41..381.49 rows=95 width=125)
	  Recheck Cond: ((k >= 3640754) AND (k <= 3640854))
	  ->  Bitmap Index Scan on k_4  (cost=0.00..5.38 rows=95 width=0)
	        Index Cond: ((k >= 3640754) AND (k <= 3640854))

table 5 : explain SELECT k, c FROM sbtest5 WHERE k BETWEEN 3640754 AND 3640854
	Bitmap Heap Scan on sbtest5  (cost=5.40..377.55 rows=94 width=125)
	  Recheck Cond: ((k >= 3640754) AND (k <= 3640854))
	  ->  Bitmap Index Scan on k_5  (cost=0.00..5.38 rows=94 width=0)
	        Index Cond: ((k >= 3640754) AND (k <= 3640854))

table 6 : explain SELECT k, c FROM sbtest6 WHERE k BETWEEN 3640754 AND 3640854
	Bitmap Heap Scan on sbtest6  (cost=5.51..420.88 rows=105 width=125)
	  Recheck Cond: ((k >= 3640754) AND (k <= 3640854))
	  ->  Bitmap Index Scan on k_6  (cost=0.00..5.48 rows=105 width=0)
	        Index Cond: ((k >= 3640754) AND (k <= 3640854))

table 7 : explain SELECT k, c FROM sbtest7 WHERE k BETWEEN 3640754 AND 3640854
	Bitmap Heap Scan on sbtest7  (cost=5.46..401.19 rows=100 width=125)
	  Recheck Cond: ((k >= 3640754) AND (k <= 3640854))
	  ->  Bitmap Index Scan on k_7  (cost=0.00..5.43 rows=100 width=0)
	        Index Cond: ((k >= 3640754) AND (k <= 3640854))

table 8 : explain SELECT k, c FROM sbtest8 WHERE k BETWEEN 3640754 AND 3640854
	Bitmap Heap Scan on sbtest8  (cost=5.38..369.67 rows=92 width=125)
	  Recheck Cond: ((k >= 3640754) AND (k <= 3640854))
	  ->  Bitmap Index Scan on k_8  (cost=0.00..5.35 rows=92 width=0)
	        Index Cond: ((k >= 3640754) AND (k <= 3640854))

for range-notcovered
table 1 : explain SELECT k, c FROM sbtest1 WHERE k BETWEEN 8554759 AND 8554859
	Bitmap Heap Scan on sbtest1  (cost=5.50..416.94 rows=104 width=125)
	  Recheck Cond: ((k >= 8554759) AND (k <= 8554859))
	  ->  Bitmap Index Scan on k_1  (cost=0.00..5.47 rows=104 width=0)
	        Index Cond: ((k >= 8554759) AND (k <= 8554859))

table 2 : explain SELECT k, c FROM sbtest2 WHERE k BETWEEN 8554759 AND 8554859
	Bitmap Heap Scan on sbtest2  (cost=5.46..401.19 rows=100 width=125)
	  Recheck Cond: ((k >= 8554759) AND (k <= 8554859))
	  ->  Bitmap Index Scan on k_2  (cost=0.00..5.43 rows=100 width=0)
	        Index Cond: ((k >= 8554759) AND (k <= 8554859))

table 3 : explain SELECT k, c FROM sbtest3 WHERE k BETWEEN 8554759 AND 8554859
	Bitmap Heap Scan on sbtest3  (cost=5.52..424.81 rows=106 width=125)
	  Recheck Cond: ((k >= 8554759) AND (k <= 8554859))
	  ->  Bitmap Index Scan on k_3  (cost=0.00..5.50 rows=106 width=0)
	        Index Cond: ((k >= 8554759) AND (k <= 8554859))

table 4 : explain SELECT k, c FROM sbtest4 WHERE k BETWEEN 8554759 AND 8554859
	Bitmap Heap Scan on sbtest4  (cost=5.37..365.72 rows=91 width=125)
	  Recheck Cond: ((k >= 8554759) AND (k <= 8554859))
	  ->  Bitmap Index Scan on k_4  (cost=0.00..5.34 rows=91 width=0)
	        Index Cond: ((k >= 8554759) AND (k <= 8554859))

table 5 : explain SELECT k, c FROM sbtest5 WHERE k BETWEEN 8554759 AND 8554859
	Bitmap Heap Scan on sbtest5  (cost=5.46..401.19 rows=100 width=125)
	  Recheck Cond: ((k >= 8554759) AND (k <= 8554859))
	  ->  Bitmap Index Scan on k_5  (cost=0.00..5.43 rows=100 width=0)
	        Index Cond: ((k >= 8554759) AND (k <= 8554859))

table 6 : explain SELECT k, c FROM sbtest6 WHERE k BETWEEN 8554759 AND 8554859
	Bitmap Heap Scan on sbtest6  (cost=5.51..420.88 rows=105 width=125)
	  Recheck Cond: ((k >= 8554759) AND (k <= 8554859))
	  ->  Bitmap Index Scan on k_6  (cost=0.00..5.48 rows=105 width=0)
	        Index Cond: ((k >= 8554759) AND (k <= 8554859))

table 7 : explain SELECT k, c FROM sbtest7 WHERE k BETWEEN 8554759 AND 8554859
	Bitmap Heap Scan on sbtest7  (cost=5.49..413.00 rows=103 width=125)
	  Recheck Cond: ((k >= 8554759) AND (k <= 8554859))
	  ->  Bitmap Index Scan on k_7  (cost=0.00..5.46 rows=103 width=0)
	        Index Cond: ((k >= 8554759) AND (k <= 8554859))

table 8 : explain SELECT k, c FROM sbtest8 WHERE k BETWEEN 8554759 AND 8554859
	Bitmap Heap Scan on sbtest8  (cost=5.57..444.49 rows=111 width=125)
	  Recheck Cond: ((k >= 8554759) AND (k <= 8554859))
	  ->  Bitmap Index Scan on k_8  (cost=0.00..5.54 rows=111 width=0)
	        Index Cond: ((k >= 8554759) AND (k <= 8554859))

explain: for range-notcovered :: explain SELECT k, c FROM sbtest%d WHERE k BETWEEN 4614466 AND 4614566
explain: for range-notcovered :: explain SELECT k, c FROM sbtest%d WHERE k BETWEEN 3640754 AND 3640854
explain: for range-notcovered :: explain SELECT k, c FROM sbtest%d WHERE k BETWEEN 8554759 AND 8554859
for range-notcovered
table 1 : explain SELECT k, c FROM sbtest1 WHERE k BETWEEN 5738945 AND 5739045
	Bitmap Heap Scan on sbtest1  (cost=5.38..369.67 rows=92 width=125)
	  Recheck Cond: ((k >= 5738945) AND (k <= 5739045))
	  ->  Bitmap Index Scan on k_1  (cost=0.00..5.35 rows=92 width=0)
	        Index Cond: ((k >= 5738945) AND (k <= 5739045))

table 2 : explain SELECT k, c FROM sbtest2 WHERE k BETWEEN 5738945 AND 5739045
	Bitmap Heap Scan on sbtest2  (cost=5.38..369.67 rows=92 width=125)
	  Recheck Cond: ((k >= 5738945) AND (k <= 5739045))
	  ->  Bitmap Index Scan on k_2  (cost=0.00..5.35 rows=92 width=0)
	        Index Cond: ((k >= 5738945) AND (k <= 5739045))

table 3 : explain SELECT k, c FROM sbtest3 WHERE k BETWEEN 5738945 AND 5739045
	Bitmap Heap Scan on sbtest3  (cost=5.30..338.11 rows=84 width=125)
	  Recheck Cond: ((k >= 5738945) AND (k <= 5739045))
	  ->  Bitmap Index Scan on k_3  (cost=0.00..5.27 rows=84 width=0)
	        Index Cond: ((k >= 5738945) AND (k <= 5739045))

table 4 : explain SELECT k, c FROM sbtest4 WHERE k BETWEEN 5738945 AND 5739045
	Bitmap Heap Scan on sbtest4  (cost=5.54..432.69 rows=108 width=125)
	  Recheck Cond: ((k >= 5738945) AND (k <= 5739045))
	  ->  Bitmap Index Scan on k_4  (cost=0.00..5.51 rows=108 width=0)
	        Index Cond: ((k >= 5738945) AND (k <= 5739045))

table 5 : explain SELECT k, c FROM sbtest5 WHERE k BETWEEN 5738945 AND 5739045
	Bitmap Heap Scan on sbtest5  (cost=5.52..424.81 rows=106 width=125)
	  Recheck Cond: ((k >= 5738945) AND (k <= 5739045))
	  ->  Bitmap Index Scan on k_5  (cost=0.00..5.50 rows=106 width=0)
	        Index Cond: ((k >= 5738945) AND (k <= 5739045))

table 6 : explain SELECT k, c FROM sbtest6 WHERE k BETWEEN 5738945 AND 5739045
	Bitmap Heap Scan on sbtest6  (cost=5.40..377.55 rows=94 width=125)
	  Recheck Cond: ((k >= 5738945) AND (k <= 5739045))
	  ->  Bitmap Index Scan on k_6  (cost=0.00..5.38 rows=94 width=0)
	        Index Cond: ((k >= 5738945) AND (k <= 5739045))

table 7 : explain SELECT k, c FROM sbtest7 WHERE k BETWEEN 5738945 AND 5739045
	Bitmap Heap Scan on sbtest7  (cost=5.49..413.00 rows=103 width=125)
	  Recheck Cond: ((k >= 5738945) AND (k <= 5739045))
	  ->  Bitmap Index Scan on k_7  (cost=0.00..5.46 rows=103 width=0)
	        Index Cond: ((k >= 5738945) AND (k <= 5739045))

table 8 : explain SELECT k, c FROM sbtest8 WHERE k BETWEEN 5738945 AND 5739045
	Bitmap Heap Scan on sbtest8  (cost=5.52..424.81 rows=106 width=125)
	  Recheck Cond: ((k >= 5738945) AND (k <= 5739045))
	  ->  Bitmap Index Scan on k_8  (cost=0.00..5.50 rows=106 width=0)
	        Index Cond: ((k >= 5738945) AND (k <= 5739045))

for range-notcovered
table 1 : explain SELECT k, c FROM sbtest1 WHERE k BETWEEN 6237665 AND 6237765
	Bitmap Heap Scan on sbtest1  (cost=5.50..416.94 rows=104 width=125)
	  Recheck Cond: ((k >= 6237665) AND (k <= 6237765))
	  ->  Bitmap Index Scan on k_1  (cost=0.00..5.47 rows=104 width=0)
	        Index Cond: ((k >= 6237665) AND (k <= 6237765))

table 2 : explain SELECT k, c FROM sbtest2 WHERE k BETWEEN 6237665 AND 6237765
	Bitmap Heap Scan on sbtest2  (cost=5.41..381.49 rows=95 width=125)
	  Recheck Cond: ((k >= 6237665) AND (k <= 6237765))
	  ->  Bitmap Index Scan on k_2  (cost=0.00..5.38 rows=95 width=0)
	        Index Cond: ((k >= 6237665) AND (k <= 6237765))

table 3 : explain SELECT k, c FROM sbtest3 WHERE k BETWEEN 6237665 AND 6237765
	Bitmap Heap Scan on sbtest3  (cost=5.57..444.49 rows=111 width=125)
	  Recheck Cond: ((k >= 6237665) AND (k <= 6237765))
	  ->  Bitmap Index Scan on k_3  (cost=0.00..5.54 rows=111 width=0)
	        Index Cond: ((k >= 6237665) AND (k <= 6237765))

table 4 : explain SELECT k, c FROM sbtest4 WHERE k BETWEEN 6237665 AND 6237765
	Bitmap Heap Scan on sbtest4  (cost=5.46..401.19 rows=100 width=125)
	  Recheck Cond: ((k >= 6237665) AND (k <= 6237765))
	  ->  Bitmap Index Scan on k_4  (cost=0.00..5.43 rows=100 width=0)
	        Index Cond: ((k >= 6237665) AND (k <= 6237765))

table 5 : explain SELECT k, c FROM sbtest5 WHERE k BETWEEN 6237665 AND 6237765
	Bitmap Heap Scan on sbtest5  (cost=5.49..413.00 rows=103 width=125)
	  Recheck Cond: ((k >= 6237665) AND (k <= 6237765))
	  ->  Bitmap Index Scan on k_5  (cost=0.00..5.46 rows=103 width=0)
	        Index Cond: ((k >= 6237665) AND (k <= 6237765))

table 6 : explain SELECT k, c FROM sbtest6 WHERE k BETWEEN 6237665 AND 6237765
	Bitmap Heap Scan on sbtest6  (cost=5.48..409.07 rows=102 width=125)
	  Recheck Cond: ((k >= 6237665) AND (k <= 6237765))
	  ->  Bitmap Index Scan on k_6  (cost=0.00..5.45 rows=102 width=0)
	        Index Cond: ((k >= 6237665) AND (k <= 6237765))

table 7 : explain SELECT k, c FROM sbtest7 WHERE k BETWEEN 6237665 AND 6237765
	Bitmap Heap Scan on sbtest7  (cost=5.42..385.43 rows=96 width=125)
	  Recheck Cond: ((k >= 6237665) AND (k <= 6237765))
	  ->  Bitmap Index Scan on k_7  (cost=0.00..5.39 rows=96 width=0)
	        Index Cond: ((k >= 6237665) AND (k <= 6237765))

table 8 : explain SELECT k, c FROM sbtest8 WHERE k BETWEEN 6237665 AND 6237765
	Bitmap Heap Scan on sbtest8  (cost=5.47..405.13 rows=101 width=125)
	  Recheck Cond: ((k >= 6237665) AND (k <= 6237765))
	  ->  Bitmap Index Scan on k_8  (cost=0.00..5.44 rows=101 width=0)
	        Index Cond: ((k >= 6237665) AND (k <= 6237765))

explain: for range-notcovered :: explain SELECT k, c FROM sbtest%d WHERE k BETWEEN 5738945 AND 5739045
for range-notcovered
table 1 : explain SELECT k, c FROM sbtest1 WHERE k BETWEEN 5535846 AND 5535946
	Bitmap Heap Scan on sbtest1  (cost=5.49..413.00 rows=103 width=125)
	  Recheck Cond: ((k >= 5535846) AND (k <= 5535946))
	  ->  Bitmap Index Scan on k_1  (cost=0.00..5.46 rows=103 width=0)
	        Index Cond: ((k >= 5535846) AND (k <= 5535946))

table 2 : explain SELECT k, c FROM sbtest2 WHERE k BETWEEN 5535846 AND 5535946
	Bitmap Heap Scan on sbtest2  (cost=5.49..413.00 rows=103 width=125)
	  Recheck Cond: ((k >= 5535846) AND (k <= 5535946))
	  ->  Bitmap Index Scan on k_2  (cost=0.00..5.46 rows=103 width=0)
	        Index Cond: ((k >= 5535846) AND (k <= 5535946))

table 3 : explain SELECT k, c FROM sbtest3 WHERE k BETWEEN 5535846 AND 5535946
	Bitmap Heap Scan on sbtest3  (cost=5.44..393.31 rows=98 width=125)
	  Recheck Cond: ((k >= 5535846) AND (k <= 5535946))
	  ->  Bitmap Index Scan on k_3  (cost=0.00..5.42 rows=98 width=0)
	        Index Cond: ((k >= 5535846) AND (k <= 5535946))

table 4 : explain SELECT k, c FROM sbtest4 WHERE k BETWEEN 5535846 AND 5535946
	Bitmap Heap Scan on sbtest4  (cost=5.41..381.49 rows=95 width=125)
	  Recheck Cond: ((k >= 5535846) AND (k <= 5535946))
	  ->  Bitmap Index Scan on k_4  (cost=0.00..5.38 rows=95 width=0)
	        Index Cond: ((k >= 5535846) AND (k <= 5535946))

table 5 : explain SELECT k, c FROM sbtest5 WHERE k BETWEEN 5535846 AND 5535946
	Bitmap Heap Scan on sbtest5  (cost=5.47..405.13 rows=101 width=125)
	  Recheck Cond: ((k >= 5535846) AND (k <= 5535946))
	  ->  Bitmap Index Scan on k_5  (cost=0.00..5.44 rows=101 width=0)
	        Index Cond: ((k >= 5535846) AND (k <= 5535946))

table 6 : explain SELECT k, c FROM sbtest6 WHERE k BETWEEN 5535846 AND 5535946
	Bitmap Heap Scan on sbtest6  (cost=5.62..464.15 rows=116 width=125)
	  Recheck Cond: ((k >= 5535846) AND (k <= 5535946))
	  ->  Bitmap Index Scan on k_6  (cost=0.00..5.59 rows=116 width=0)
	        Index Cond: ((k >= 5535846) AND (k <= 5535946))

table 7 : explain SELECT k, c FROM sbtest7 WHERE k BETWEEN 5535846 AND 5535946
	Bitmap Heap Scan on sbtest7  (cost=5.41..381.49 rows=95 width=125)
	  Recheck Cond: ((k >= 5535846) AND (k <= 5535946))
	  ->  Bitmap Index Scan on k_7  (cost=0.00..5.38 rows=95 width=0)
	        Index Cond: ((k >= 5535846) AND (k <= 5535946))

table 8 : explain SELECT k, c FROM sbtest8 WHERE k BETWEEN 5535846 AND 5535946
	Bitmap Heap Scan on sbtest8  (cost=5.42..385.43 rows=96 width=125)
	  Recheck Cond: ((k >= 5535846) AND (k <= 5535946))
	  ->  Bitmap Index Scan on k_8  (cost=0.00..5.39 rows=96 width=0)
	        Index Cond: ((k >= 5535846) AND (k <= 5535946))

explain: for range-notcovered :: explain SELECT k, c FROM sbtest%d WHERE k BETWEEN 6237665 AND 6237765
for range-notcovered
table 1 : explain SELECT k, c FROM sbtest1 WHERE k BETWEEN 8554759 AND 8554859
	Bitmap Heap Scan on sbtest1  (cost=5.50..416.94 rows=104 width=125)
	  Recheck Cond: ((k >= 8554759) AND (k <= 8554859))
	  ->  Bitmap Index Scan on k_1  (cost=0.00..5.47 rows=104 width=0)
	        Index Cond: ((k >= 8554759) AND (k <= 8554859))

table 2 : explain SELECT k, c FROM sbtest2 WHERE k BETWEEN 8554759 AND 8554859
	Bitmap Heap Scan on sbtest2  (cost=5.46..401.19 rows=100 width=125)
	  Recheck Cond: ((k >= 8554759) AND (k <= 8554859))
	  ->  Bitmap Index Scan on k_2  (cost=0.00..5.43 rows=100 width=0)
	        Index Cond: ((k >= 8554759) AND (k <= 8554859))

table 3 : explain SELECT k, c FROM sbtest3 WHERE k BETWEEN 8554759 AND 8554859
	Bitmap Heap Scan on sbtest3  (cost=5.52..424.81 rows=106 width=125)
	  Recheck Cond: ((k >= 8554759) AND (k <= 8554859))
	  ->  Bitmap Index Scan on k_3  (cost=0.00..5.50 rows=106 width=0)
	        Index Cond: ((k >= 8554759) AND (k <= 8554859))

table 4 : explain SELECT k, c FROM sbtest4 WHERE k BETWEEN 8554759 AND 8554859
	Bitmap Heap Scan on sbtest4  (cost=5.37..365.72 rows=91 width=125)
	  Recheck Cond: ((k >= 8554759) AND (k <= 8554859))
	  ->  Bitmap Index Scan on k_4  (cost=0.00..5.34 rows=91 width=0)
	        Index Cond: ((k >= 8554759) AND (k <= 8554859))

table 5 : explain SELECT k, c FROM sbtest5 WHERE k BETWEEN 8554759 AND 8554859
	Bitmap Heap Scan on sbtest5  (cost=5.46..401.19 rows=100 width=125)
	  Recheck Cond: ((k >= 8554759) AND (k <= 8554859))
	  ->  Bitmap Index Scan on k_5  (cost=0.00..5.43 rows=100 width=0)
	        Index Cond: ((k >= 8554759) AND (k <= 8554859))

table 6 : explain SELECT k, c FROM sbtest6 WHERE k BETWEEN 8554759 AND 8554859
	Bitmap Heap Scan on sbtest6  (cost=5.51..420.88 rows=105 width=125)
	  Recheck Cond: ((k >= 8554759) AND (k <= 8554859))
	  ->  Bitmap Index Scan on k_6  (cost=0.00..5.48 rows=105 width=0)
	        Index Cond: ((k >= 8554759) AND (k <= 8554859))

table 7 : explain SELECT k, c FROM sbtest7 WHERE k BETWEEN 8554759 AND 8554859
	Bitmap Heap Scan on sbtest7  (cost=5.49..413.00 rows=103 width=125)
	  Recheck Cond: ((k >= 8554759) AND (k <= 8554859))
	  ->  Bitmap Index Scan on k_7  (cost=0.00..5.46 rows=103 width=0)
	        Index Cond: ((k >= 8554759) AND (k <= 8554859))

table 8 : explain SELECT k, c FROM sbtest8 WHERE k BETWEEN 8554759 AND 8554859
	Bitmap Heap Scan on sbtest8  (cost=5.57..444.49 rows=111 width=125)
	  Recheck Cond: ((k >= 8554759) AND (k <= 8554859))
	  ->  Bitmap Index Scan on k_8  (cost=0.00..5.54 rows=111 width=0)
	        Index Cond: ((k >= 8554759) AND (k <= 8554859))

for range-notcovered
table 1 : explain SELECT k, c FROM sbtest1 WHERE k BETWEEN 3585162 AND 3585262
	Bitmap Heap Scan on sbtest1  (cost=5.45..397.25 rows=99 width=125)
	  Recheck Cond: ((k >= 3585162) AND (k <= 3585262))
	  ->  Bitmap Index Scan on k_1  (cost=0.00..5.42 rows=99 width=0)
	        Index Cond: ((k >= 3585162) AND (k <= 3585262))

table 2 : explain SELECT k, c FROM sbtest2 WHERE k BETWEEN 3585162 AND 3585262
	Bitmap Heap Scan on sbtest2  (cost=5.42..385.43 rows=96 width=125)
	  Recheck Cond: ((k >= 3585162) AND (k <= 3585262))
	  ->  Bitmap Index Scan on k_2  (cost=0.00..5.39 rows=96 width=0)
	        Index Cond: ((k >= 3585162) AND (k <= 3585262))

table 3 : explain SELECT k, c FROM sbtest3 WHERE k BETWEEN 3585162 AND 3585262
	Bitmap Heap Scan on sbtest3  (cost=5.46..401.19 rows=100 width=125)
	  Recheck Cond: ((k >= 3585162) AND (k <= 3585262))
	  ->  Bitmap Index Scan on k_3  (cost=0.00..5.43 rows=100 width=0)
	        Index Cond: ((k >= 3585162) AND (k <= 3585262))

table 4 : explain SELECT k, c FROM sbtest4 WHERE k BETWEEN 3585162 AND 3585262
	Bitmap Heap Scan on sbtest4  (cost=5.44..393.31 rows=98 width=125)
	  Recheck Cond: ((k >= 3585162) AND (k <= 3585262))
	  ->  Bitmap Index Scan on k_4  (cost=0.00..5.42 rows=98 width=0)
	        Index Cond: ((k >= 3585162) AND (k <= 3585262))

table 5 : explain SELECT k, c FROM sbtest5 WHERE k BETWEEN 3585162 AND 3585262
	Bitmap Heap Scan on sbtest5  (cost=5.63..468.09 rows=117 width=125)
	  Recheck Cond: ((k >= 3585162) AND (k <= 3585262))
	  ->  Bitmap Index Scan on k_5  (cost=0.00..5.60 rows=117 width=0)
	        Index Cond: ((k >= 3585162) AND (k <= 3585262))

table 6 : explain SELECT k, c FROM sbtest6 WHERE k BETWEEN 3585162 AND 3585262
	Bitmap Heap Scan on sbtest6  (cost=5.43..389.37 rows=97 width=125)
	  Recheck Cond: ((k >= 3585162) AND (k <= 3585262))
	  ->  Bitmap Index Scan on k_6  (cost=0.00..5.40 rows=97 width=0)
	        Index Cond: ((k >= 3585162) AND (k <= 3585262))

table 7 : explain SELECT k, c FROM sbtest7 WHERE k BETWEEN 3585162 AND 3585262
	Bitmap Heap Scan on sbtest7  (cost=5.46..401.19 rows=100 width=125)
	  Recheck Cond: ((k >= 3585162) AND (k <= 3585262))
	  ->  Bitmap Index Scan on k_7  (cost=0.00..5.43 rows=100 width=0)
	        Index Cond: ((k >= 3585162) AND (k <= 3585262))

table 8 : explain SELECT k, c FROM sbtest8 WHERE k BETWEEN 3585162 AND 3585262
	Bitmap Heap Scan on sbtest8  (cost=5.51..420.88 rows=105 width=125)
	  Recheck Cond: ((k >= 3585162) AND (k <= 3585262))
	  ->  Bitmap Index Scan on k_8  (cost=0.00..5.48 rows=105 width=0)
	        Index Cond: ((k >= 3585162) AND (k <= 3585262))

explain: for range-notcovered :: explain SELECT k, c FROM sbtest%d WHERE k BETWEEN 5535846 AND 5535946
for range-notcovered
table 1 : explain SELECT k, c FROM sbtest1 WHERE k BETWEEN 3640754 AND 3640854
	Bitmap Heap Scan on sbtest1  (cost=5.45..397.25 rows=99 width=125)
	  Recheck Cond: ((k >= 3640754) AND (k <= 3640854))
	  ->  Bitmap Index Scan on k_1  (cost=0.00..5.42 rows=99 width=0)
	        Index Cond: ((k >= 3640754) AND (k <= 3640854))

table 2 : explain SELECT k, c FROM sbtest2 WHERE k BETWEEN 3640754 AND 3640854
	Bitmap Heap Scan on sbtest2  (cost=5.45..397.25 rows=99 width=125)
	  Recheck Cond: ((k >= 3640754) AND (k <= 3640854))
	  ->  Bitmap Index Scan on k_2  (cost=0.00..5.42 rows=99 width=0)
	        Index Cond: ((k >= 3640754) AND (k <= 3640854))

table 3 : explain SELECT k, c FROM sbtest3 WHERE k BETWEEN 3640754 AND 3640854
	Bitmap Heap Scan on sbtest3  (cost=5.46..401.19 rows=100 width=125)
	  Recheck Cond: ((k >= 3640754) AND (k <= 3640854))
	  ->  Bitmap Index Scan on k_3  (cost=0.00..5.43 rows=100 width=0)
	        Index Cond: ((k >= 3640754) AND (k <= 3640854))

table 4 : explain SELECT k, c FROM sbtest4 WHERE k BETWEEN 3640754 AND 3640854
	Bitmap Heap Scan on sbtest4  (cost=5.41..381.49 rows=95 width=125)
	  Recheck Cond: ((k >= 3640754) AND (k <= 3640854))
	  ->  Bitmap Index Scan on k_4  (cost=0.00..5.38 rows=95 width=0)
	        Index Cond: ((k >= 3640754) AND (k <= 3640854))

table 5 : explain SELECT k, c FROM sbtest5 WHERE k BETWEEN 3640754 AND 3640854
	Bitmap Heap Scan on sbtest5  (cost=5.40..377.55 rows=94 width=125)
	  Recheck Cond: ((k >= 3640754) AND (k <= 3640854))
	  ->  Bitmap Index Scan on k_5  (cost=0.00..5.38 rows=94 width=0)
	        Index Cond: ((k >= 3640754) AND (k <= 3640854))

table 6 : explain SELECT k, c FROM sbtest6 WHERE k BETWEEN 3640754 AND 3640854
	Bitmap Heap Scan on sbtest6  (cost=5.51..420.88 rows=105 width=125)
	  Recheck Cond: ((k >= 3640754) AND (k <= 3640854))
	  ->  Bitmap Index Scan on k_6  (cost=0.00..5.48 rows=105 width=0)
	        Index Cond: ((k >= 3640754) AND (k <= 3640854))

table 7 : explain SELECT k, c FROM sbtest7 WHERE k BETWEEN 3640754 AND 3640854
	Bitmap Heap Scan on sbtest7  (cost=5.46..401.19 rows=100 width=125)
	  Recheck Cond: ((k >= 3640754) AND (k <= 3640854))
	  ->  Bitmap Index Scan on k_7  (cost=0.00..5.43 rows=100 width=0)
	        Index Cond: ((k >= 3640754) AND (k <= 3640854))

table 8 : explain SELECT k, c FROM sbtest8 WHERE k BETWEEN 3640754 AND 3640854
	Bitmap Heap Scan on sbtest8  (cost=5.38..369.67 rows=92 width=125)
	  Recheck Cond: ((k >= 3640754) AND (k <= 3640854))
	  ->  Bitmap Index Scan on k_8  (cost=0.00..5.35 rows=92 width=0)
	        Index Cond: ((k >= 3640754) AND (k <= 3640854))

explain: for range-notcovered :: explain SELECT k, c FROM sbtest%d WHERE k BETWEEN 8554759 AND 8554859
for range-notcovered
table 1 : explain SELECT k, c FROM sbtest1 WHERE k BETWEEN 5828157 AND 5828257
	Bitmap Heap Scan on sbtest1  (cost=5.46..401.19 rows=100 width=125)
	  Recheck Cond: ((k >= 5828157) AND (k <= 5828257))
	  ->  Bitmap Index Scan on k_1  (cost=0.00..5.43 rows=100 width=0)
	        Index Cond: ((k >= 5828157) AND (k <= 5828257))

table 2 : explain SELECT k, c FROM sbtest2 WHERE k BETWEEN 5828157 AND 5828257
	Bitmap Heap Scan on sbtest2  (cost=5.48..409.07 rows=102 width=125)
	  Recheck Cond: ((k >= 5828157) AND (k <= 5828257))
	  ->  Bitmap Index Scan on k_2  (cost=0.00..5.45 rows=102 width=0)
	        Index Cond: ((k >= 5828157) AND (k <= 5828257))

table 3 : explain SELECT k, c FROM sbtest3 WHERE k BETWEEN 5828157 AND 5828257
	Bitmap Heap Scan on sbtest3  (cost=5.51..420.88 rows=105 width=125)
	  Recheck Cond: ((k >= 5828157) AND (k <= 5828257))
	  ->  Bitmap Index Scan on k_3  (cost=0.00..5.48 rows=105 width=0)
	        Index Cond: ((k >= 5828157) AND (k <= 5828257))

table 4 : explain SELECT k, c FROM sbtest4 WHERE k BETWEEN 5828157 AND 5828257
	Bitmap Heap Scan on sbtest4  (cost=5.39..373.61 rows=93 width=125)
	  Recheck Cond: ((k >= 5828157) AND (k <= 5828257))
	  ->  Bitmap Index Scan on k_4  (cost=0.00..5.36 rows=93 width=0)
	        Index Cond: ((k >= 5828157) AND (k <= 5828257))

table 5 : explain SELECT k, c FROM sbtest5 WHERE k BETWEEN 5828157 AND 5828257
	Bitmap Heap Scan on sbtest5  (cost=5.41..381.49 rows=95 width=125)
	  Recheck Cond: ((k >= 5828157) AND (k <= 5828257))
	  ->  Bitmap Index Scan on k_5  (cost=0.00..5.38 rows=95 width=0)
	        Index Cond: ((k >= 5828157) AND (k <= 5828257))

table 6 : explain SELECT k, c FROM sbtest6 WHERE k BETWEEN 5828157 AND 5828257
	Bitmap Heap Scan on sbtest6  (cost=5.44..393.31 rows=98 width=125)
	  Recheck Cond: ((k >= 5828157) AND (k <= 5828257))
	  ->  Bitmap Index Scan on k_6  (cost=0.00..5.42 rows=98 width=0)
	        Index Cond: ((k >= 5828157) AND (k <= 5828257))

table 7 : explain SELECT k, c FROM sbtest7 WHERE k BETWEEN 5828157 AND 5828257
	Bitmap Heap Scan on sbtest7  (cost=5.54..432.69 rows=108 width=125)
	  Recheck Cond: ((k >= 5828157) AND (k <= 5828257))
	  ->  Bitmap Index Scan on k_7  (cost=0.00..5.51 rows=108 width=0)
	        Index Cond: ((k >= 5828157) AND (k <= 5828257))

table 8 : explain SELECT k, c FROM sbtest8 WHERE k BETWEEN 5828157 AND 5828257
	Bitmap Heap Scan on sbtest8  (cost=5.48..409.07 rows=102 width=125)
	  Recheck Cond: ((k >= 5828157) AND (k <= 5828257))
	  ->  Bitmap Index Scan on k_8  (cost=0.00..5.45 rows=102 width=0)
	        Index Cond: ((k >= 5828157) AND (k <= 5828257))

explain: for range-notcovered :: explain SELECT k, c FROM sbtest%d WHERE k BETWEEN 3640754 AND 3640854
for range-notcovered
table 1 : explain SELECT k, c FROM sbtest1 WHERE k BETWEEN 8566701 AND 8566801
	Bitmap Heap Scan on sbtest1  (cost=5.40..377.55 rows=94 width=125)
	  Recheck Cond: ((k >= 8566701) AND (k <= 8566801))
	  ->  Bitmap Index Scan on k_1  (cost=0.00..5.38 rows=94 width=0)
	        Index Cond: ((k >= 8566701) AND (k <= 8566801))

table 2 : explain SELECT k, c FROM sbtest2 WHERE k BETWEEN 8566701 AND 8566801
	Bitmap Heap Scan on sbtest2  (cost=5.46..401.19 rows=100 width=125)
	  Recheck Cond: ((k >= 8566701) AND (k <= 8566801))
	  ->  Bitmap Index Scan on k_2  (cost=0.00..5.43 rows=100 width=0)
	        Index Cond: ((k >= 8566701) AND (k <= 8566801))

table 3 : explain SELECT k, c FROM sbtest3 WHERE k BETWEEN 8566701 AND 8566801
	Bitmap Heap Scan on sbtest3  (cost=5.52..424.81 rows=106 width=125)
	  Recheck Cond: ((k >= 8566701) AND (k <= 8566801))
	  ->  Bitmap Index Scan on k_3  (cost=0.00..5.50 rows=106 width=0)
	        Index Cond: ((k >= 8566701) AND (k <= 8566801))

table 4 : explain SELECT k, c FROM sbtest4 WHERE k BETWEEN 8566701 AND 8566801
	Bitmap Heap Scan on sbtest4  (cost=5.37..365.72 rows=91 width=125)
	  Recheck Cond: ((k >= 8566701) AND (k <= 8566801))
	  ->  Bitmap Index Scan on k_4  (cost=0.00..5.34 rows=91 width=0)
	        Index Cond: ((k >= 8566701) AND (k <= 8566801))

table 5 : explain SELECT k, c FROM sbtest5 WHERE k BETWEEN 8566701 AND 8566801
	Bitmap Heap Scan on sbtest5  (cost=5.46..401.19 rows=100 width=125)
	  Recheck Cond: ((k >= 8566701) AND (k <= 8566801))
	  ->  Bitmap Index Scan on k_5  (cost=0.00..5.43 rows=100 width=0)
	        Index Cond: ((k >= 8566701) AND (k <= 8566801))

table 6 : explain SELECT k, c FROM sbtest6 WHERE k BETWEEN 8566701 AND 8566801
	Bitmap Heap Scan on sbtest6  (cost=5.51..420.88 rows=105 width=125)
	  Recheck Cond: ((k >= 8566701) AND (k <= 8566801))
	  ->  Bitmap Index Scan on k_6  (cost=0.00..5.48 rows=105 width=0)
	        Index Cond: ((k >= 8566701) AND (k <= 8566801))

table 7 : explain SELECT k, c FROM sbtest7 WHERE k BETWEEN 8566701 AND 8566801
	Bitmap Heap Scan on sbtest7  (cost=5.49..413.00 rows=103 width=125)
	  Recheck Cond: ((k >= 8566701) AND (k <= 8566801))
	  ->  Bitmap Index Scan on k_7  (cost=0.00..5.46 rows=103 width=0)
	        Index Cond: ((k >= 8566701) AND (k <= 8566801))

table 8 : explain SELECT k, c FROM sbtest8 WHERE k BETWEEN 8566701 AND 8566801
	Bitmap Heap Scan on sbtest8  (cost=5.57..444.49 rows=111 width=125)
	  Recheck Cond: ((k >= 8566701) AND (k <= 8566801))
	  ->  Bitmap Index Scan on k_8  (cost=0.00..5.54 rows=111 width=0)
	        Index Cond: ((k >= 8566701) AND (k <= 8566801))

explain: for range-notcovered :: explain SELECT k, c FROM sbtest%d WHERE k BETWEEN 5828157 AND 5828257
explain: for range-notcovered :: explain SELECT k, c FROM sbtest%d WHERE k BETWEEN 3585162 AND 3585262
explain: for range-notcovered :: explain SELECT k, c FROM sbtest%d WHERE k BETWEEN 8566701 AND 8566801
for range-notcovered
table 1 : explain SELECT k, c FROM sbtest1 WHERE k BETWEEN 5738945 AND 5739045
	Bitmap Heap Scan on sbtest1  (cost=5.38..369.67 rows=92 width=125)
	  Recheck Cond: ((k >= 5738945) AND (k <= 5739045))
	  ->  Bitmap Index Scan on k_1  (cost=0.00..5.35 rows=92 width=0)
	        Index Cond: ((k >= 5738945) AND (k <= 5739045))

table 2 : explain SELECT k, c FROM sbtest2 WHERE k BETWEEN 5738945 AND 5739045
	Bitmap Heap Scan on sbtest2  (cost=5.38..369.67 rows=92 width=125)
	  Recheck Cond: ((k >= 5738945) AND (k <= 5739045))
	  ->  Bitmap Index Scan on k_2  (cost=0.00..5.35 rows=92 width=0)
	        Index Cond: ((k >= 5738945) AND (k <= 5739045))

table 3 : explain SELECT k, c FROM sbtest3 WHERE k BETWEEN 5738945 AND 5739045
	Bitmap Heap Scan on sbtest3  (cost=5.30..338.11 rows=84 width=125)
	  Recheck Cond: ((k >= 5738945) AND (k <= 5739045))
	  ->  Bitmap Index Scan on k_3  (cost=0.00..5.27 rows=84 width=0)
	        Index Cond: ((k >= 5738945) AND (k <= 5739045))

table 4 : explain SELECT k, c FROM sbtest4 WHERE k BETWEEN 5738945 AND 5739045
	Bitmap Heap Scan on sbtest4  (cost=5.54..432.69 rows=108 width=125)
	  Recheck Cond: ((k >= 5738945) AND (k <= 5739045))
	  ->  Bitmap Index Scan on k_4  (cost=0.00..5.51 rows=108 width=0)
	        Index Cond: ((k >= 5738945) AND (k <= 5739045))

table 5 : explain SELECT k, c FROM sbtest5 WHERE k BETWEEN 5738945 AND 5739045
	Bitmap Heap Scan on sbtest5  (cost=5.52..424.81 rows=106 width=125)
	  Recheck Cond: ((k >= 5738945) AND (k <= 5739045))
	  ->  Bitmap Index Scan on k_5  (cost=0.00..5.50 rows=106 width=0)
	        Index Cond: ((k >= 5738945) AND (k <= 5739045))

table 6 : explain SELECT k, c FROM sbtest6 WHERE k BETWEEN 5738945 AND 5739045
	Bitmap Heap Scan on sbtest6  (cost=5.40..377.55 rows=94 width=125)
	  Recheck Cond: ((k >= 5738945) AND (k <= 5739045))
	  ->  Bitmap Index Scan on k_6  (cost=0.00..5.38 rows=94 width=0)
	        Index Cond: ((k >= 5738945) AND (k <= 5739045))

table 7 : explain SELECT k, c FROM sbtest7 WHERE k BETWEEN 5738945 AND 5739045
	Bitmap Heap Scan on sbtest7  (cost=5.49..413.00 rows=103 width=125)
	  Recheck Cond: ((k >= 5738945) AND (k <= 5739045))
	  ->  Bitmap Index Scan on k_7  (cost=0.00..5.46 rows=103 width=0)
	        Index Cond: ((k >= 5738945) AND (k <= 5739045))

table 8 : explain SELECT k, c FROM sbtest8 WHERE k BETWEEN 5738945 AND 5739045
	Bitmap Heap Scan on sbtest8  (cost=5.52..424.81 rows=106 width=125)
	  Recheck Cond: ((k >= 5738945) AND (k <= 5739045))
	  ->  Bitmap Index Scan on k_8  (cost=0.00..5.50 rows=106 width=0)
	        Index Cond: ((k >= 5738945) AND (k <= 5739045))

for range-notcovered
table 1 : explain SELECT k, c FROM sbtest1 WHERE k BETWEEN 5436577 AND 5436677
	Bitmap Heap Scan on sbtest1  (cost=5.47..405.13 rows=101 width=125)
	  Recheck Cond: ((k >= 5436577) AND (k <= 5436677))
	  ->  Bitmap Index Scan on k_1  (cost=0.00..5.44 rows=101 width=0)
	        Index Cond: ((k >= 5436577) AND (k <= 5436677))

table 2 : explain SELECT k, c FROM sbtest2 WHERE k BETWEEN 5436577 AND 5436677
	Bitmap Heap Scan on sbtest2  (cost=5.51..420.88 rows=105 width=125)
	  Recheck Cond: ((k >= 5436577) AND (k <= 5436677))
	  ->  Bitmap Index Scan on k_2  (cost=0.00..5.48 rows=105 width=0)
	        Index Cond: ((k >= 5436577) AND (k <= 5436677))

table 3 : explain SELECT k, c FROM sbtest3 WHERE k BETWEEN 5436577 AND 5436677
	Bitmap Heap Scan on sbtest3  (cost=5.47..405.13 rows=101 width=125)
	  Recheck Cond: ((k >= 5436577) AND (k <= 5436677))
	  ->  Bitmap Index Scan on k_3  (cost=0.00..5.44 rows=101 width=0)
	        Index Cond: ((k >= 5436577) AND (k <= 5436677))

table 4 : explain SELECT k, c FROM sbtest4 WHERE k BETWEEN 5436577 AND 5436677
	Bitmap Heap Scan on sbtest4  (cost=5.55..436.62 rows=109 width=125)
	  Recheck Cond: ((k >= 5436577) AND (k <= 5436677))
	  ->  Bitmap Index Scan on k_4  (cost=0.00..5.52 rows=109 width=0)
	        Index Cond: ((k >= 5436577) AND (k <= 5436677))

table 5 : explain SELECT k, c FROM sbtest5 WHERE k BETWEEN 5436577 AND 5436677
	Bitmap Heap Scan on sbtest5  (cost=5.45..397.25 rows=99 width=125)
	  Recheck Cond: ((k >= 5436577) AND (k <= 5436677))
	  ->  Bitmap Index Scan on k_5  (cost=0.00..5.42 rows=99 width=0)
	        Index Cond: ((k >= 5436577) AND (k <= 5436677))

table 6 : explain SELECT k, c FROM sbtest6 WHERE k BETWEEN 5436577 AND 5436677
	Bitmap Heap Scan on sbtest6  (cost=5.50..416.94 rows=104 width=125)
	  Recheck Cond: ((k >= 5436577) AND (k <= 5436677))
	  ->  Bitmap Index Scan on k_6  (cost=0.00..5.47 rows=104 width=0)
	        Index Cond: ((k >= 5436577) AND (k <= 5436677))

table 7 : explain SELECT k, c FROM sbtest7 WHERE k BETWEEN 5436577 AND 5436677
	Bitmap Heap Scan on sbtest7  (cost=5.53..428.75 rows=107 width=125)
	  Recheck Cond: ((k >= 5436577) AND (k <= 5436677))
	  ->  Bitmap Index Scan on k_7  (cost=0.00..5.50 rows=107 width=0)
	        Index Cond: ((k >= 5436577) AND (k <= 5436677))

table 8 : explain SELECT k, c FROM sbtest8 WHERE k BETWEEN 5436577 AND 5436677
	Bitmap Heap Scan on sbtest8  (cost=5.47..405.13 rows=101 width=125)
	  Recheck Cond: ((k >= 5436577) AND (k <= 5436677))
	  ->  Bitmap Index Scan on k_8  (cost=0.00..5.44 rows=101 width=0)
	        Index Cond: ((k >= 5436577) AND (k <= 5436677))

for range-notcovered
table 1 : explain SELECT k, c FROM sbtest1 WHERE k BETWEEN 6237665 AND 6237765
	Bitmap Heap Scan on sbtest1  (cost=5.50..416.94 rows=104 width=125)
	  Recheck Cond: ((k >= 6237665) AND (k <= 6237765))
	  ->  Bitmap Index Scan on k_1  (cost=0.00..5.47 rows=104 width=0)
	        Index Cond: ((k >= 6237665) AND (k <= 6237765))

table 2 : explain SELECT k, c FROM sbtest2 WHERE k BETWEEN 6237665 AND 6237765
	Bitmap Heap Scan on sbtest2  (cost=5.41..381.49 rows=95 width=125)
	  Recheck Cond: ((k >= 6237665) AND (k <= 6237765))
	  ->  Bitmap Index Scan on k_2  (cost=0.00..5.38 rows=95 width=0)
	        Index Cond: ((k >= 6237665) AND (k <= 6237765))

table 3 : explain SELECT k, c FROM sbtest3 WHERE k BETWEEN 6237665 AND 6237765
	Bitmap Heap Scan on sbtest3  (cost=5.57..444.49 rows=111 width=125)
	  Recheck Cond: ((k >= 6237665) AND (k <= 6237765))
	  ->  Bitmap Index Scan on k_3  (cost=0.00..5.54 rows=111 width=0)
	        Index Cond: ((k >= 6237665) AND (k <= 6237765))

table 4 : explain SELECT k, c FROM sbtest4 WHERE k BETWEEN 6237665 AND 6237765
	Bitmap Heap Scan on sbtest4  (cost=5.46..401.19 rows=100 width=125)
	  Recheck Cond: ((k >= 6237665) AND (k <= 6237765))
	  ->  Bitmap Index Scan on k_4  (cost=0.00..5.43 rows=100 width=0)
	        Index Cond: ((k >= 6237665) AND (k <= 6237765))

table 5 : explain SELECT k, c FROM sbtest5 WHERE k BETWEEN 6237665 AND 6237765
	Bitmap Heap Scan on sbtest5  (cost=5.49..413.00 rows=103 width=125)
	  Recheck Cond: ((k >= 6237665) AND (k <= 6237765))
	  ->  Bitmap Index Scan on k_5  (cost=0.00..5.46 rows=103 width=0)
	        Index Cond: ((k >= 6237665) AND (k <= 6237765))

table 6 : explain SELECT k, c FROM sbtest6 WHERE k BETWEEN 6237665 AND 6237765
	Bitmap Heap Scan on sbtest6  (cost=5.48..409.07 rows=102 width=125)
	  Recheck Cond: ((k >= 6237665) AND (k <= 6237765))
	  ->  Bitmap Index Scan on k_6  (cost=0.00..5.45 rows=102 width=0)
	        Index Cond: ((k >= 6237665) AND (k <= 6237765))

table 7 : explain SELECT k, c FROM sbtest7 WHERE k BETWEEN 6237665 AND 6237765
	Bitmap Heap Scan on sbtest7  (cost=5.42..385.43 rows=96 width=125)
	  Recheck Cond: ((k >= 6237665) AND (k <= 6237765))
	  ->  Bitmap Index Scan on k_7  (cost=0.00..5.39 rows=96 width=0)
	        Index Cond: ((k >= 6237665) AND (k <= 6237765))

table 8 : explain SELECT k, c FROM sbtest8 WHERE k BETWEEN 6237665 AND 6237765
	Bitmap Heap Scan on sbtest8  (cost=5.47..405.13 rows=101 width=125)
	  Recheck Cond: ((k >= 6237665) AND (k <= 6237765))
	  ->  Bitmap Index Scan on k_8  (cost=0.00..5.44 rows=101 width=0)
	        Index Cond: ((k >= 6237665) AND (k <= 6237765))

for range-notcovered
table 1 : explain SELECT k, c FROM sbtest1 WHERE k BETWEEN 5535846 AND 5535946
	Bitmap Heap Scan on sbtest1  (cost=5.49..413.00 rows=103 width=125)
	  Recheck Cond: ((k >= 5535846) AND (k <= 5535946))
	  ->  Bitmap Index Scan on k_1  (cost=0.00..5.46 rows=103 width=0)
	        Index Cond: ((k >= 5535846) AND (k <= 5535946))

table 2 : explain SELECT k, c FROM sbtest2 WHERE k BETWEEN 5535846 AND 5535946
	Bitmap Heap Scan on sbtest2  (cost=5.49..413.00 rows=103 width=125)
	  Recheck Cond: ((k >= 5535846) AND (k <= 5535946))
	  ->  Bitmap Index Scan on k_2  (cost=0.00..5.46 rows=103 width=0)
	        Index Cond: ((k >= 5535846) AND (k <= 5535946))

table 3 : explain SELECT k, c FROM sbtest3 WHERE k BETWEEN 5535846 AND 5535946
	Bitmap Heap Scan on sbtest3  (cost=5.44..393.31 rows=98 width=125)
	  Recheck Cond: ((k >= 5535846) AND (k <= 5535946))
	  ->  Bitmap Index Scan on k_3  (cost=0.00..5.42 rows=98 width=0)
	        Index Cond: ((k >= 5535846) AND (k <= 5535946))

table 4 : explain SELECT k, c FROM sbtest4 WHERE k BETWEEN 5535846 AND 5535946
	Bitmap Heap Scan on sbtest4  (cost=5.41..381.49 rows=95 width=125)
	  Recheck Cond: ((k >= 5535846) AND (k <= 5535946))
	  ->  Bitmap Index Scan on k_4  (cost=0.00..5.38 rows=95 width=0)
	        Index Cond: ((k >= 5535846) AND (k <= 5535946))

table 5 : explain SELECT k, c FROM sbtest5 WHERE k BETWEEN 5535846 AND 5535946
	Bitmap Heap Scan on sbtest5  (cost=5.47..405.13 rows=101 width=125)
	  Recheck Cond: ((k >= 5535846) AND (k <= 5535946))
	  ->  Bitmap Index Scan on k_5  (cost=0.00..5.44 rows=101 width=0)
	        Index Cond: ((k >= 5535846) AND (k <= 5535946))

table 6 : explain SELECT k, c FROM sbtest6 WHERE k BETWEEN 5535846 AND 5535946
	Bitmap Heap Scan on sbtest6  (cost=5.62..464.15 rows=116 width=125)
	  Recheck Cond: ((k >= 5535846) AND (k <= 5535946))
	  ->  Bitmap Index Scan on k_6  (cost=0.00..5.59 rows=116 width=0)
	        Index Cond: ((k >= 5535846) AND (k <= 5535946))

table 7 : explain SELECT k, c FROM sbtest7 WHERE k BETWEEN 5535846 AND 5535946
	Bitmap Heap Scan on sbtest7  (cost=5.41..381.49 rows=95 width=125)
	  Recheck Cond: ((k >= 5535846) AND (k <= 5535946))
	  ->  Bitmap Index Scan on k_7  (cost=0.00..5.38 rows=95 width=0)
	        Index Cond: ((k >= 5535846) AND (k <= 5535946))

table 8 : explain SELECT k, c FROM sbtest8 WHERE k BETWEEN 5535846 AND 5535946
	Bitmap Heap Scan on sbtest8  (cost=5.42..385.43 rows=96 width=125)
	  Recheck Cond: ((k >= 5535846) AND (k <= 5535946))
	  ->  Bitmap Index Scan on k_8  (cost=0.00..5.39 rows=96 width=0)
	        Index Cond: ((k >= 5535846) AND (k <= 5535946))

explain: for range-notcovered :: explain SELECT k, c FROM sbtest%d WHERE k BETWEEN 5436577 AND 5436677
explain: for range-notcovered :: explain SELECT k, c FROM sbtest%d WHERE k BETWEEN 6237665 AND 6237765
for range-notcovered
table 1 : explain SELECT k, c FROM sbtest1 WHERE k BETWEEN 8554759 AND 8554859
	Bitmap Heap Scan on sbtest1  (cost=5.50..416.94 rows=104 width=125)
	  Recheck Cond: ((k >= 8554759) AND (k <= 8554859))
	  ->  Bitmap Index Scan on k_1  (cost=0.00..5.47 rows=104 width=0)
	        Index Cond: ((k >= 8554759) AND (k <= 8554859))

table 2 : explain SELECT k, c FROM sbtest2 WHERE k BETWEEN 8554759 AND 8554859
	Bitmap Heap Scan on sbtest2  (cost=5.46..401.19 rows=100 width=125)
	  Recheck Cond: ((k >= 8554759) AND (k <= 8554859))
	  ->  Bitmap Index Scan on k_2  (cost=0.00..5.43 rows=100 width=0)
	        Index Cond: ((k >= 8554759) AND (k <= 8554859))

table 3 : explain SELECT k, c FROM sbtest3 WHERE k BETWEEN 8554759 AND 8554859
	Bitmap Heap Scan on sbtest3  (cost=5.52..424.81 rows=106 width=125)
	  Recheck Cond: ((k >= 8554759) AND (k <= 8554859))
	  ->  Bitmap Index Scan on k_3  (cost=0.00..5.50 rows=106 width=0)
	        Index Cond: ((k >= 8554759) AND (k <= 8554859))

table 4 : explain SELECT k, c FROM sbtest4 WHERE k BETWEEN 8554759 AND 8554859
	Bitmap Heap Scan on sbtest4  (cost=5.37..365.72 rows=91 width=125)
	  Recheck Cond: ((k >= 8554759) AND (k <= 8554859))
	  ->  Bitmap Index Scan on k_4  (cost=0.00..5.34 rows=91 width=0)
	        Index Cond: ((k >= 8554759) AND (k <= 8554859))

table 5 : explain SELECT k, c FROM sbtest5 WHERE k BETWEEN 8554759 AND 8554859
	Bitmap Heap Scan on sbtest5  (cost=5.46..401.19 rows=100 width=125)
	  Recheck Cond: ((k >= 8554759) AND (k <= 8554859))
	  ->  Bitmap Index Scan on k_5  (cost=0.00..5.43 rows=100 width=0)
	        Index Cond: ((k >= 8554759) AND (k <= 8554859))

table 6 : explain SELECT k, c FROM sbtest6 WHERE k BETWEEN 8554759 AND 8554859
	Bitmap Heap Scan on sbtest6  (cost=5.51..420.88 rows=105 width=125)
	  Recheck Cond: ((k >= 8554759) AND (k <= 8554859))
	  ->  Bitmap Index Scan on k_6  (cost=0.00..5.48 rows=105 width=0)
	        Index Cond: ((k >= 8554759) AND (k <= 8554859))

table 7 : explain SELECT k, c FROM sbtest7 WHERE k BETWEEN 8554759 AND 8554859
	Bitmap Heap Scan on sbtest7  (cost=5.49..413.00 rows=103 width=125)
	  Recheck Cond: ((k >= 8554759) AND (k <= 8554859))
	  ->  Bitmap Index Scan on k_7  (cost=0.00..5.46 rows=103 width=0)
	        Index Cond: ((k >= 8554759) AND (k <= 8554859))

table 8 : explain SELECT k, c FROM sbtest8 WHERE k BETWEEN 8554759 AND 8554859
	Bitmap Heap Scan on sbtest8  (cost=5.57..444.49 rows=111 width=125)
	  Recheck Cond: ((k >= 8554759) AND (k <= 8554859))
	  ->  Bitmap Index Scan on k_8  (cost=0.00..5.54 rows=111 width=0)
	        Index Cond: ((k >= 8554759) AND (k <= 8554859))

explain: for range-notcovered :: explain SELECT k, c FROM sbtest%d WHERE k BETWEEN 5535846 AND 5535946
explain: for range-notcovered :: explain SELECT k, c FROM sbtest%d WHERE k BETWEEN 8554759 AND 8554859
for range-notcovered
table 1 : explain SELECT k, c FROM sbtest1 WHERE k BETWEEN 3640754 AND 3640854
	Bitmap Heap Scan on sbtest1  (cost=5.45..397.25 rows=99 width=125)
	  Recheck Cond: ((k >= 3640754) AND (k <= 3640854))
	  ->  Bitmap Index Scan on k_1  (cost=0.00..5.42 rows=99 width=0)
	        Index Cond: ((k >= 3640754) AND (k <= 3640854))

table 2 : explain SELECT k, c FROM sbtest2 WHERE k BETWEEN 3640754 AND 3640854
	Bitmap Heap Scan on sbtest2  (cost=5.45..397.25 rows=99 width=125)
	  Recheck Cond: ((k >= 3640754) AND (k <= 3640854))
	  ->  Bitmap Index Scan on k_2  (cost=0.00..5.42 rows=99 width=0)
	        Index Cond: ((k >= 3640754) AND (k <= 3640854))

table 3 : explain SELECT k, c FROM sbtest3 WHERE k BETWEEN 3640754 AND 3640854
	Bitmap Heap Scan on sbtest3  (cost=5.46..401.19 rows=100 width=125)
	  Recheck Cond: ((k >= 3640754) AND (k <= 3640854))
	  ->  Bitmap Index Scan on k_3  (cost=0.00..5.43 rows=100 width=0)
	        Index Cond: ((k >= 3640754) AND (k <= 3640854))

table 4 : explain SELECT k, c FROM sbtest4 WHERE k BETWEEN 3640754 AND 3640854
	Bitmap Heap Scan on sbtest4  (cost=5.41..381.49 rows=95 width=125)
	  Recheck Cond: ((k >= 3640754) AND (k <= 3640854))
	  ->  Bitmap Index Scan on k_4  (cost=0.00..5.38 rows=95 width=0)
	        Index Cond: ((k >= 3640754) AND (k <= 3640854))

table 5 : explain SELECT k, c FROM sbtest5 WHERE k BETWEEN 3640754 AND 3640854
	Bitmap Heap Scan on sbtest5  (cost=5.40..377.55 rows=94 width=125)
	  Recheck Cond: ((k >= 3640754) AND (k <= 3640854))
	  ->  Bitmap Index Scan on k_5  (cost=0.00..5.38 rows=94 width=0)
	        Index Cond: ((k >= 3640754) AND (k <= 3640854))

table 6 : explain SELECT k, c FROM sbtest6 WHERE k BETWEEN 3640754 AND 3640854
	Bitmap Heap Scan on sbtest6  (cost=5.51..420.88 rows=105 width=125)
	  Recheck Cond: ((k >= 3640754) AND (k <= 3640854))
	  ->  Bitmap Index Scan on k_6  (cost=0.00..5.48 rows=105 width=0)
	        Index Cond: ((k >= 3640754) AND (k <= 3640854))

table 7 : explain SELECT k, c FROM sbtest7 WHERE k BETWEEN 3640754 AND 3640854
	Bitmap Heap Scan on sbtest7  (cost=5.46..401.19 rows=100 width=125)
	  Recheck Cond: ((k >= 3640754) AND (k <= 3640854))
	  ->  Bitmap Index Scan on k_7  (cost=0.00..5.43 rows=100 width=0)
	        Index Cond: ((k >= 3640754) AND (k <= 3640854))

table 8 : explain SELECT k, c FROM sbtest8 WHERE k BETWEEN 3640754 AND 3640854
	Bitmap Heap Scan on sbtest8  (cost=5.38..369.67 rows=92 width=125)
	  Recheck Cond: ((k >= 3640754) AND (k <= 3640854))
	  ->  Bitmap Index Scan on k_8  (cost=0.00..5.35 rows=92 width=0)
	        Index Cond: ((k >= 3640754) AND (k <= 3640854))

for range-notcovered
table 1 : explain SELECT k, c FROM sbtest1 WHERE k BETWEEN 5828157 AND 5828257
	Bitmap Heap Scan on sbtest1  (cost=5.46..401.19 rows=100 width=125)
	  Recheck Cond: ((k >= 5828157) AND (k <= 5828257))
	  ->  Bitmap Index Scan on k_1  (cost=0.00..5.43 rows=100 width=0)
	        Index Cond: ((k >= 5828157) AND (k <= 5828257))

table 2 : explain SELECT k, c FROM sbtest2 WHERE k BETWEEN 5828157 AND 5828257
	Bitmap Heap Scan on sbtest2  (cost=5.48..409.07 rows=102 width=125)
	  Recheck Cond: ((k >= 5828157) AND (k <= 5828257))
	  ->  Bitmap Index Scan on k_2  (cost=0.00..5.45 rows=102 width=0)
	        Index Cond: ((k >= 5828157) AND (k <= 5828257))

table 3 : explain SELECT k, c FROM sbtest3 WHERE k BETWEEN 5828157 AND 5828257
	Bitmap Heap Scan on sbtest3  (cost=5.51..420.88 rows=105 width=125)
	  Recheck Cond: ((k >= 5828157) AND (k <= 5828257))
	  ->  Bitmap Index Scan on k_3  (cost=0.00..5.48 rows=105 width=0)
	        Index Cond: ((k >= 5828157) AND (k <= 5828257))

table 4 : explain SELECT k, c FROM sbtest4 WHERE k BETWEEN 5828157 AND 5828257
	Bitmap Heap Scan on sbtest4  (cost=5.39..373.61 rows=93 width=125)
	  Recheck Cond: ((k >= 5828157) AND (k <= 5828257))
	  ->  Bitmap Index Scan on k_4  (cost=0.00..5.36 rows=93 width=0)
	        Index Cond: ((k >= 5828157) AND (k <= 5828257))

table 5 : explain SELECT k, c FROM sbtest5 WHERE k BETWEEN 5828157 AND 5828257
	Bitmap Heap Scan on sbtest5  (cost=5.41..381.49 rows=95 width=125)
	  Recheck Cond: ((k >= 5828157) AND (k <= 5828257))
	  ->  Bitmap Index Scan on k_5  (cost=0.00..5.38 rows=95 width=0)
	        Index Cond: ((k >= 5828157) AND (k <= 5828257))

table 6 : explain SELECT k, c FROM sbtest6 WHERE k BETWEEN 5828157 AND 5828257
	Bitmap Heap Scan on sbtest6  (cost=5.44..393.31 rows=98 width=125)
	  Recheck Cond: ((k >= 5828157) AND (k <= 5828257))
	  ->  Bitmap Index Scan on k_6  (cost=0.00..5.42 rows=98 width=0)
	        Index Cond: ((k >= 5828157) AND (k <= 5828257))

table 7 : explain SELECT k, c FROM sbtest7 WHERE k BETWEEN 5828157 AND 5828257
	Bitmap Heap Scan on sbtest7  (cost=5.54..432.69 rows=108 width=125)
	  Recheck Cond: ((k >= 5828157) AND (k <= 5828257))
	  ->  Bitmap Index Scan on k_7  (cost=0.00..5.51 rows=108 width=0)
	        Index Cond: ((k >= 5828157) AND (k <= 5828257))

table 8 : explain SELECT k, c FROM sbtest8 WHERE k BETWEEN 5828157 AND 5828257
	Bitmap Heap Scan on sbtest8  (cost=5.48..409.07 rows=102 width=125)
	  Recheck Cond: ((k >= 5828157) AND (k <= 5828257))
	  ->  Bitmap Index Scan on k_8  (cost=0.00..5.45 rows=102 width=0)
	        Index Cond: ((k >= 5828157) AND (k <= 5828257))

explain: for range-notcovered :: explain SELECT k, c FROM sbtest%d WHERE k BETWEEN 3640754 AND 3640854
explain: for range-notcovered :: explain SELECT k, c FROM sbtest%d WHERE k BETWEEN 5828157 AND 5828257
for range-notcovered
table 1 : explain SELECT k, c FROM sbtest1 WHERE k BETWEEN 5535846 AND 5535946
	Bitmap Heap Scan on sbtest1  (cost=5.49..413.00 rows=103 width=125)
	  Recheck Cond: ((k >= 5535846) AND (k <= 5535946))
	  ->  Bitmap Index Scan on k_1  (cost=0.00..5.46 rows=103 width=0)
	        Index Cond: ((k >= 5535846) AND (k <= 5535946))

table 2 : explain SELECT k, c FROM sbtest2 WHERE k BETWEEN 5535846 AND 5535946
	Bitmap Heap Scan on sbtest2  (cost=5.49..413.00 rows=103 width=125)
	  Recheck Cond: ((k >= 5535846) AND (k <= 5535946))
	  ->  Bitmap Index Scan on k_2  (cost=0.00..5.46 rows=103 width=0)
	        Index Cond: ((k >= 5535846) AND (k <= 5535946))

table 3 : explain SELECT k, c FROM sbtest3 WHERE k BETWEEN 5535846 AND 5535946
	Bitmap Heap Scan on sbtest3  (cost=5.44..393.31 rows=98 width=125)
	  Recheck Cond: ((k >= 5535846) AND (k <= 5535946))
	  ->  Bitmap Index Scan on k_3  (cost=0.00..5.42 rows=98 width=0)
	        Index Cond: ((k >= 5535846) AND (k <= 5535946))

table 4 : explain SELECT k, c FROM sbtest4 WHERE k BETWEEN 5535846 AND 5535946
	Bitmap Heap Scan on sbtest4  (cost=5.41..381.49 rows=95 width=125)
	  Recheck Cond: ((k >= 5535846) AND (k <= 5535946))
	  ->  Bitmap Index Scan on k_4  (cost=0.00..5.38 rows=95 width=0)
	        Index Cond: ((k >= 5535846) AND (k <= 5535946))

table 5 : explain SELECT k, c FROM sbtest5 WHERE k BETWEEN 5535846 AND 5535946
	Bitmap Heap Scan on sbtest5  (cost=5.47..405.13 rows=101 width=125)
	  Recheck Cond: ((k >= 5535846) AND (k <= 5535946))
	  ->  Bitmap Index Scan on k_5  (cost=0.00..5.44 rows=101 width=0)
	        Index Cond: ((k >= 5535846) AND (k <= 5535946))

table 6 : explain SELECT k, c FROM sbtest6 WHERE k BETWEEN 5535846 AND 5535946
	Bitmap Heap Scan on sbtest6  (cost=5.62..464.15 rows=116 width=125)
	  Recheck Cond: ((k >= 5535846) AND (k <= 5535946))
	  ->  Bitmap Index Scan on k_6  (cost=0.00..5.59 rows=116 width=0)
	        Index Cond: ((k >= 5535846) AND (k <= 5535946))

table 7 : explain SELECT k, c FROM sbtest7 WHERE k BETWEEN 5535846 AND 5535946
	Bitmap Heap Scan on sbtest7  (cost=5.41..381.49 rows=95 width=125)
	  Recheck Cond: ((k >= 5535846) AND (k <= 5535946))
	  ->  Bitmap Index Scan on k_7  (cost=0.00..5.38 rows=95 width=0)
	        Index Cond: ((k >= 5535846) AND (k <= 5535946))

table 8 : explain SELECT k, c FROM sbtest8 WHERE k BETWEEN 5535846 AND 5535946
	Bitmap Heap Scan on sbtest8  (cost=5.42..385.43 rows=96 width=125)
	  Recheck Cond: ((k >= 5535846) AND (k <= 5535946))
	  ->  Bitmap Index Scan on k_8  (cost=0.00..5.39 rows=96 width=0)
	        Index Cond: ((k >= 5535846) AND (k <= 5535946))

for range-notcovered
table 1 : explain SELECT k, c FROM sbtest1 WHERE k BETWEEN 6237665 AND 6237765
	Bitmap Heap Scan on sbtest1  (cost=5.50..416.94 rows=104 width=125)
	  Recheck Cond: ((k >= 6237665) AND (k <= 6237765))
	  ->  Bitmap Index Scan on k_1  (cost=0.00..5.47 rows=104 width=0)
	        Index Cond: ((k >= 6237665) AND (k <= 6237765))

table 2 : explain SELECT k, c FROM sbtest2 WHERE k BETWEEN 6237665 AND 6237765
	Bitmap Heap Scan on sbtest2  (cost=5.41..381.49 rows=95 width=125)
	  Recheck Cond: ((k >= 6237665) AND (k <= 6237765))
	  ->  Bitmap Index Scan on k_2  (cost=0.00..5.38 rows=95 width=0)
	        Index Cond: ((k >= 6237665) AND (k <= 6237765))

table 3 : explain SELECT k, c FROM sbtest3 WHERE k BETWEEN 6237665 AND 6237765
	Bitmap Heap Scan on sbtest3  (cost=5.57..444.49 rows=111 width=125)
	  Recheck Cond: ((k >= 6237665) AND (k <= 6237765))
	  ->  Bitmap Index Scan on k_3  (cost=0.00..5.54 rows=111 width=0)
	        Index Cond: ((k >= 6237665) AND (k <= 6237765))

table 4 : explain SELECT k, c FROM sbtest4 WHERE k BETWEEN 6237665 AND 6237765
	Bitmap Heap Scan on sbtest4  (cost=5.46..401.19 rows=100 width=125)
	  Recheck Cond: ((k >= 6237665) AND (k <= 6237765))
	  ->  Bitmap Index Scan on k_4  (cost=0.00..5.43 rows=100 width=0)
	        Index Cond: ((k >= 6237665) AND (k <= 6237765))

table 5 : explain SELECT k, c FROM sbtest5 WHERE k BETWEEN 6237665 AND 6237765
	Bitmap Heap Scan on sbtest5  (cost=5.49..413.00 rows=103 width=125)
	  Recheck Cond: ((k >= 6237665) AND (k <= 6237765))
	  ->  Bitmap Index Scan on k_5  (cost=0.00..5.46 rows=103 width=0)
	        Index Cond: ((k >= 6237665) AND (k <= 6237765))

table 6 : explain SELECT k, c FROM sbtest6 WHERE k BETWEEN 6237665 AND 6237765
	Bitmap Heap Scan on sbtest6  (cost=5.48..409.07 rows=102 width=125)
	  Recheck Cond: ((k >= 6237665) AND (k <= 6237765))
	  ->  Bitmap Index Scan on k_6  (cost=0.00..5.45 rows=102 width=0)
	        Index Cond: ((k >= 6237665) AND (k <= 6237765))

table 7 : explain SELECT k, c FROM sbtest7 WHERE k BETWEEN 6237665 AND 6237765
	Bitmap Heap Scan on sbtest7  (cost=5.42..385.43 rows=96 width=125)
	  Recheck Cond: ((k >= 6237665) AND (k <= 6237765))
	  ->  Bitmap Index Scan on k_7  (cost=0.00..5.39 rows=96 width=0)
	        Index Cond: ((k >= 6237665) AND (k <= 6237765))

table 8 : explain SELECT k, c FROM sbtest8 WHERE k BETWEEN 6237665 AND 6237765
	Bitmap Heap Scan on sbtest8  (cost=5.47..405.13 rows=101 width=125)
	  Recheck Cond: ((k >= 6237665) AND (k <= 6237765))
	  ->  Bitmap Index Scan on k_8  (cost=0.00..5.44 rows=101 width=0)
	        Index Cond: ((k >= 6237665) AND (k <= 6237765))
for range-notcovered
table 1 : explain SELECT k, c FROM sbtest1 WHERE k BETWEEN 5436577 AND 5436677
	Bitmap Heap Scan on sbtest1  (cost=5.47..405.13 rows=101 width=125)
	  Recheck Cond: ((k >= 5436577) AND (k <= 5436677))
	  ->  Bitmap Index Scan on k_1  (cost=0.00..5.44 rows=101 width=0)
	        Index Cond: ((k >= 5436577) AND (k <= 5436677))

table 2 : explain SELECT k, c FROM sbtest2 WHERE k BETWEEN 5436577 AND 5436677
	Bitmap Heap Scan on sbtest2  (cost=5.51..420.88 rows=105 width=125)
	  Recheck Cond: ((k >= 5436577) AND (k <= 5436677))
	  ->  Bitmap Index Scan on k_2  (cost=0.00..5.48 rows=105 width=0)
	        Index Cond: ((k >= 5436577) AND (k <= 5436677))

table 3 : explain SELECT k, c FROM sbtest3 WHERE k BETWEEN 5436577 AND 5436677
	Bitmap Heap Scan on sbtest3  (cost=5.47..405.13 rows=101 width=125)
	  Recheck Cond: ((k >= 5436577) AND (k <= 5436677))
	  ->  Bitmap Index Scan on k_3  (cost=0.00..5.44 rows=101 width=0)
	        Index Cond: ((k >= 5436577) AND (k <= 5436677))

table 4 : explain SELECT k, c FROM sbtest4 WHERE k BETWEEN 5436577 AND 5436677
	Bitmap Heap Scan on sbtest4  (cost=5.55..436.62 rows=109 width=125)
	  Recheck Cond: ((k >= 5436577) AND (k <= 5436677))
	  ->  Bitmap Index Scan on k_4  (cost=0.00..5.52 rows=109 width=0)
	        Index Cond: ((k >= 5436577) AND (k <= 5436677))

table 5 : explain SELECT k, c FROM sbtest5 WHERE k BETWEEN 5436577 AND 5436677
	Bitmap Heap Scan on sbtest5  (cost=5.45..397.25 rows=99 width=125)
	  Recheck Cond: ((k >= 5436577) AND (k <= 5436677))
	  ->  Bitmap Index Scan on k_5  (cost=0.00..5.42 rows=99 width=0)
	        Index Cond: ((k >= 5436577) AND (k <= 5436677))

table 6 : explain SELECT k, c FROM sbtest6 WHERE k BETWEEN 5436577 AND 5436677
	Bitmap Heap Scan on sbtest6  (cost=5.50..416.94 rows=104 width=125)
	  Recheck Cond: ((k >= 5436577) AND (k <= 5436677))
	  ->  Bitmap Index Scan on k_6  (cost=0.00..5.47 rows=104 width=0)
	        Index Cond: ((k >= 5436577) AND (k <= 5436677))

table 7 : explain SELECT k, c FROM sbtest7 WHERE k BETWEEN 5436577 AND 5436677
	Bitmap Heap Scan on sbtest7  (cost=5.53..428.75 rows=107 width=125)
	  Recheck Cond: ((k >= 5436577) AND (k <= 5436677))
	  ->  Bitmap Index Scan on k_7  (cost=0.00..5.50 rows=107 width=0)
	        Index Cond: ((k >= 5436577) AND (k <= 5436677))

table 8 : explain SELECT k, c FROM sbtest8 WHERE k BETWEEN 5436577 AND 5436677
	Bitmap Heap Scan on sbtest8  (cost=5.47..405.13 rows=101 width=125)
	  Recheck Cond: ((k >= 5436577) AND (k <= 5436677))
	  ->  Bitmap Index Scan on k_8  (cost=0.00..5.44 rows=101 width=0)
	        Index Cond: ((k >= 5436577) AND (k <= 5436677))


for range-notcovered
table 1 : explain SELECT k, c FROM sbtest1 WHERE k BETWEEN 8554759 AND 8554859
	Bitmap Heap Scan on sbtest1  (cost=5.50..416.94 rows=104 width=125)
	  Recheck Cond: ((k >= 8554759) AND (k <= 8554859))
	  ->  Bitmap Index Scan on k_1  (cost=0.00..5.47 rows=104 width=0)
	        Index Cond: ((k >= 8554759) AND (k <= 8554859))

table 2 : explain SELECT k, c FROM sbtest2 WHERE k BETWEEN 8554759 AND 8554859
	Bitmap Heap Scan on sbtest2  (cost=5.46..401.19 rows=100 width=125)
	  Recheck Cond: ((k >= 8554759) AND (k <= 8554859))
	  ->  Bitmap Index Scan on k_2  (cost=0.00..5.43 rows=100 width=0)
	        Index Cond: ((k >= 8554759) AND (k <= 8554859))

table 3 : explain SELECT k, c FROM sbtest3 WHERE k BETWEEN 8554759 AND 8554859
	Bitmap Heap Scan on sbtest3  (cost=5.52..424.81 rows=106 width=125)
	  Recheck Cond: ((k >= 8554759) AND (k <= 8554859))
	  ->  Bitmap Index Scan on k_3  (cost=0.00..5.50 rows=106 width=0)
	        Index Cond: ((k >= 8554759) AND (k <= 8554859))

table 4 : explain SELECT k, c FROM sbtest4 WHERE k BETWEEN 8554759 AND 8554859
	Bitmap Heap Scan on sbtest4  (cost=5.37..365.72 rows=91 width=125)
	  Recheck Cond: ((k >= 8554759) AND (k <= 8554859))
	  ->  Bitmap Index Scan on k_4  (cost=0.00..5.34 rows=91 width=0)
	        Index Cond: ((k >= 8554759) AND (k <= 8554859))

table 5 : explain SELECT k, c FROM sbtest5 WHERE k BETWEEN 8554759 AND 8554859
	Bitmap Heap Scan on sbtest5  (cost=5.46..401.19 rows=100 width=125)
	  Recheck Cond: ((k >= 8554759) AND (k <= 8554859))
	  ->  Bitmap Index Scan on k_5  (cost=0.00..5.43 rows=100 width=0)
	        Index Cond: ((k >= 8554759) AND (k <= 8554859))

table 6 : explain SELECT k, c FROM sbtest6 WHERE k BETWEEN 8554759 AND 8554859
	Bitmap Heap Scan on sbtest6  (cost=5.51..420.88 rows=105 width=125)
	  Recheck Cond: ((k >= 8554759) AND (k <= 8554859))
	  ->  Bitmap Index Scan on k_6  (cost=0.00..5.48 rows=105 width=0)
	        Index Cond: ((k >= 8554759) AND (k <= 8554859))

table 7 : explain SELECT k, c FROM sbtest7 WHERE k BETWEEN 8554759 AND 8554859
	Bitmap Heap Scan on sbtest7  (cost=5.49..413.00 rows=103 width=125)
	  Recheck Cond: ((k >= 8554759) AND (k <= 8554859))
	  ->  Bitmap Index Scan on k_7  (cost=0.00..5.46 rows=103 width=0)
	        Index Cond: ((k >= 8554759) AND (k <= 8554859))

table 8 : explain SELECT k, c FROM sbtest8 WHERE k BETWEEN 8554759 AND 8554859
	Bitmap Heap Scan on sbtest8  (cost=5.57..444.49 rows=111 width=125)
	  Recheck Cond: ((k >= 8554759) AND (k <= 8554859))
	  ->  Bitmap Index Scan on k_8  (cost=0.00..5.54 rows=111 width=0)
	        Index Cond: ((k >= 8554759) AND (k <= 8554859))

explain: for range-notcovered :: explain SELECT k, c FROM sbtest%d WHERE k BETWEEN 5535846 AND 5535946
explain: for range-notcovered :: explain SELECT k, c FROM sbtest%d WHERE k BETWEEN 5436577 AND 5436677
for range-notcovered
table 1 : explain SELECT k, c FROM sbtest1 WHERE k BETWEEN 3585162 AND 3585262
	Bitmap Heap Scan on sbtest1  (cost=5.45..397.25 rows=99 width=125)
	  Recheck Cond: ((k >= 3585162) AND (k <= 3585262))
	  ->  Bitmap Index Scan on k_1  (cost=0.00..5.42 rows=99 width=0)
	        Index Cond: ((k >= 3585162) AND (k <= 3585262))

table 2 : explain SELECT k, c FROM sbtest2 WHERE k BETWEEN 3585162 AND 3585262
	Bitmap Heap Scan on sbtest2  (cost=5.42..385.43 rows=96 width=125)
	  Recheck Cond: ((k >= 3585162) AND (k <= 3585262))
	  ->  Bitmap Index Scan on k_2  (cost=0.00..5.39 rows=96 width=0)
	        Index Cond: ((k >= 3585162) AND (k <= 3585262))

table 3 : explain SELECT k, c FROM sbtest3 WHERE k BETWEEN 3585162 AND 3585262
	Bitmap Heap Scan on sbtest3  (cost=5.46..401.19 rows=100 width=125)
	  Recheck Cond: ((k >= 3585162) AND (k <= 3585262))
	  ->  Bitmap Index Scan on k_3  (cost=0.00..5.43 rows=100 width=0)
	        Index Cond: ((k >= 3585162) AND (k <= 3585262))

table 4 : explain SELECT k, c FROM sbtest4 WHERE k BETWEEN 3585162 AND 3585262
	Bitmap Heap Scan on sbtest4  (cost=5.44..393.31 rows=98 width=125)
	  Recheck Cond: ((k >= 3585162) AND (k <= 3585262))
	  ->  Bitmap Index Scan on k_4  (cost=0.00..5.42 rows=98 width=0)
	        Index Cond: ((k >= 3585162) AND (k <= 3585262))

table 5 : explain SELECT k, c FROM sbtest5 WHERE k BETWEEN 3585162 AND 3585262
	Bitmap Heap Scan on sbtest5  (cost=5.63..468.09 rows=117 width=125)
	  Recheck Cond: ((k >= 3585162) AND (k <= 3585262))
	  ->  Bitmap Index Scan on k_5  (cost=0.00..5.60 rows=117 width=0)
	        Index Cond: ((k >= 3585162) AND (k <= 3585262))

table 6 : explain SELECT k, c FROM sbtest6 WHERE k BETWEEN 3585162 AND 3585262
	Bitmap Heap Scan on sbtest6  (cost=5.43..389.37 rows=97 width=125)
	  Recheck Cond: ((k >= 3585162) AND (k <= 3585262))
	  ->  Bitmap Index Scan on k_6  (cost=0.00..5.40 rows=97 width=0)
	        Index Cond: ((k >= 3585162) AND (k <= 3585262))

table 7 : explain SELECT k, c FROM sbtest7 WHERE k BETWEEN 3585162 AND 3585262
	Bitmap Heap Scan on sbtest7  (cost=5.46..401.19 rows=100 width=125)
	  Recheck Cond: ((k >= 3585162) AND (k <= 3585262))
	  ->  Bitmap Index Scan on k_7  (cost=0.00..5.43 rows=100 width=0)
	        Index Cond: ((k >= 3585162) AND (k <= 3585262))

table 8 : explain SELECT k, c FROM sbtest8 WHERE k BETWEEN 3585162 AND 3585262
	Bitmap Heap Scan on sbtest8  (cost=5.51..420.88 rows=105 width=125)
	  Recheck Cond: ((k >= 3585162) AND (k <= 3585262))
	  ->  Bitmap Index Scan on k_8  (cost=0.00..5.48 rows=105 width=0)
	        Index Cond: ((k >= 3585162) AND (k <= 3585262))

explain: for range-notcovered :: explain SELECT k, c FROM sbtest%d WHERE k BETWEEN 6237665 AND 6237765
for range-notcovered
table 1 : explain SELECT k, c FROM sbtest1 WHERE k BETWEEN 6370675 AND 6370775
	Bitmap Heap Scan on sbtest1  (cost=5.50..416.94 rows=104 width=125)
	  Recheck Cond: ((k >= 6370675) AND (k <= 6370775))
	  ->  Bitmap Index Scan on k_1  (cost=0.00..5.47 rows=104 width=0)
	        Index Cond: ((k >= 6370675) AND (k <= 6370775))

table 2 : explain SELECT k, c FROM sbtest2 WHERE k BETWEEN 6370675 AND 6370775
	Bitmap Heap Scan on sbtest2  (cost=5.54..432.69 rows=108 width=125)
	  Recheck Cond: ((k >= 6370675) AND (k <= 6370775))
	  ->  Bitmap Index Scan on k_2  (cost=0.00..5.51 rows=108 width=0)
	        Index Cond: ((k >= 6370675) AND (k <= 6370775))

table 3 : explain SELECT k, c FROM sbtest3 WHERE k BETWEEN 6370675 AND 6370775
	Bitmap Heap Scan on sbtest3  (cost=5.54..432.69 rows=108 width=125)
	  Recheck Cond: ((k >= 6370675) AND (k <= 6370775))
	  ->  Bitmap Index Scan on k_3  (cost=0.00..5.51 rows=108 width=0)
	        Index Cond: ((k >= 6370675) AND (k <= 6370775))

table 4 : explain SELECT k, c FROM sbtest4 WHERE k BETWEEN 6370675 AND 6370775
	Bitmap Heap Scan on sbtest4  (cost=5.47..405.13 rows=101 width=125)
	  Recheck Cond: ((k >= 6370675) AND (k <= 6370775))
	  ->  Bitmap Index Scan on k_4  (cost=0.00..5.44 rows=101 width=0)
	        Index Cond: ((k >= 6370675) AND (k <= 6370775))

table 5 : explain SELECT k, c FROM sbtest5 WHERE k BETWEEN 6370675 AND 6370775
	Bitmap Heap Scan on sbtest5  (cost=5.44..393.31 rows=98 width=125)
	  Recheck Cond: ((k >= 6370675) AND (k <= 6370775))
	  ->  Bitmap Index Scan on k_5  (cost=0.00..5.42 rows=98 width=0)
	        Index Cond: ((k >= 6370675) AND (k <= 6370775))

table 6 : explain SELECT k, c FROM sbtest6 WHERE k BETWEEN 6370675 AND 6370775
	Bitmap Heap Scan on sbtest6  (cost=5.49..413.00 rows=103 width=125)
	  Recheck Cond: ((k >= 6370675) AND (k <= 6370775))
	  ->  Bitmap Index Scan on k_6  (cost=0.00..5.46 rows=103 width=0)
	        Index Cond: ((k >= 6370675) AND (k <= 6370775))

table 7 : explain SELECT k, c FROM sbtest7 WHERE k BETWEEN 6370675 AND 6370775
	Bitmap Heap Scan on sbtest7  (cost=5.42..385.43 rows=96 width=125)
	  Recheck Cond: ((k >= 6370675) AND (k <= 6370775))
	  ->  Bitmap Index Scan on k_7  (cost=0.00..5.39 rows=96 width=0)
	        Index Cond: ((k >= 6370675) AND (k <= 6370775))

table 8 : explain SELECT k, c FROM sbtest8 WHERE k BETWEEN 6370675 AND 6370775
	Bitmap Heap Scan on sbtest8  (cost=5.44..393.31 rows=98 width=125)
	  Recheck Cond: ((k >= 6370675) AND (k <= 6370775))
	  ->  Bitmap Index Scan on k_8  (cost=0.00..5.42 rows=98 width=0)
	        Index Cond: ((k >= 6370675) AND (k <= 6370775))

for range-notcovered
table 1 : explain SELECT k, c FROM sbtest1 WHERE k BETWEEN 3640754 AND 3640854
	Bitmap Heap Scan on sbtest1  (cost=5.45..397.25 rows=99 width=125)
	  Recheck Cond: ((k >= 3640754) AND (k <= 3640854))
	  ->  Bitmap Index Scan on k_1  (cost=0.00..5.42 rows=99 width=0)
	        Index Cond: ((k >= 3640754) AND (k <= 3640854))

table 2 : explain SELECT k, c FROM sbtest2 WHERE k BETWEEN 3640754 AND 3640854
	Bitmap Heap Scan on sbtest2  (cost=5.45..397.25 rows=99 width=125)
	  Recheck Cond: ((k >= 3640754) AND (k <= 3640854))
	  ->  Bitmap Index Scan on k_2  (cost=0.00..5.42 rows=99 width=0)
	        Index Cond: ((k >= 3640754) AND (k <= 3640854))

table 3 : explain SELECT k, c FROM sbtest3 WHERE k BETWEEN 3640754 AND 3640854
	Bitmap Heap Scan on sbtest3  (cost=5.46..401.19 rows=100 width=125)
	  Recheck Cond: ((k >= 3640754) AND (k <= 3640854))
	  ->  Bitmap Index Scan on k_3  (cost=0.00..5.43 rows=100 width=0)
	        Index Cond: ((k >= 3640754) AND (k <= 3640854))

table 4 : explain SELECT k, c FROM sbtest4 WHERE k BETWEEN 3640754 AND 3640854
	Bitmap Heap Scan on sbtest4  (cost=5.41..381.49 rows=95 width=125)
	  Recheck Cond: ((k >= 3640754) AND (k <= 3640854))
	  ->  Bitmap Index Scan on k_4  (cost=0.00..5.38 rows=95 width=0)
	        Index Cond: ((k >= 3640754) AND (k <= 3640854))

table 5 : explain SELECT k, c FROM sbtest5 WHERE k BETWEEN 3640754 AND 3640854
	Bitmap Heap Scan on sbtest5  (cost=5.40..377.55 rows=94 width=125)
	  Recheck Cond: ((k >= 3640754) AND (k <= 3640854))
	  ->  Bitmap Index Scan on k_5  (cost=0.00..5.38 rows=94 width=0)
	        Index Cond: ((k >= 3640754) AND (k <= 3640854))

table 6 : explain SELECT k, c FROM sbtest6 WHERE k BETWEEN 3640754 AND 3640854
	Bitmap Heap Scan on sbtest6  (cost=5.51..420.88 rows=105 width=125)
	  Recheck Cond: ((k >= 3640754) AND (k <= 3640854))
	  ->  Bitmap Index Scan on k_6  (cost=0.00..5.48 rows=105 width=0)
	        Index Cond: ((k >= 3640754) AND (k <= 3640854))

table 7 : explain SELECT k, c FROM sbtest7 WHERE k BETWEEN 3640754 AND 3640854
	Bitmap Heap Scan on sbtest7  (cost=5.46..401.19 rows=100 width=125)
	  Recheck Cond: ((k >= 3640754) AND (k <= 3640854))
	  ->  Bitmap Index Scan on k_7  (cost=0.00..5.43 rows=100 width=0)
	        Index Cond: ((k >= 3640754) AND (k <= 3640854))

table 8 : explain SELECT k, c FROM sbtest8 WHERE k BETWEEN 3640754 AND 3640854
	Bitmap Heap Scan on sbtest8  (cost=5.38..369.67 rows=92 width=125)
	  Recheck Cond: ((k >= 3640754) AND (k <= 3640854))
	  ->  Bitmap Index Scan on k_8  (cost=0.00..5.35 rows=92 width=0)
	        Index Cond: ((k >= 3640754) AND (k <= 3640854))

explain: for range-notcovered :: explain SELECT k, c FROM sbtest%d WHERE k BETWEEN 8554759 AND 8554859
explain: for range-notcovered :: explain SELECT k, c FROM sbtest%d WHERE k BETWEEN 3640754 AND 3640854
for range-notcovered
table 1 : explain SELECT k, c FROM sbtest1 WHERE k BETWEEN 8566701 AND 8566801
	Bitmap Heap Scan on sbtest1  (cost=5.40..377.55 rows=94 width=125)
	  Recheck Cond: ((k >= 8566701) AND (k <= 8566801))
	  ->  Bitmap Index Scan on k_1  (cost=0.00..5.38 rows=94 width=0)
	        Index Cond: ((k >= 8566701) AND (k <= 8566801))

table 2 : explain SELECT k, c FROM sbtest2 WHERE k BETWEEN 8566701 AND 8566801
	Bitmap Heap Scan on sbtest2  (cost=5.46..401.19 rows=100 width=125)
	  Recheck Cond: ((k >= 8566701) AND (k <= 8566801))
	  ->  Bitmap Index Scan on k_2  (cost=0.00..5.43 rows=100 width=0)
	        Index Cond: ((k >= 8566701) AND (k <= 8566801))

table 3 : explain SELECT k, c FROM sbtest3 WHERE k BETWEEN 8566701 AND 8566801
	Bitmap Heap Scan on sbtest3  (cost=5.52..424.81 rows=106 width=125)
	  Recheck Cond: ((k >= 8566701) AND (k <= 8566801))
	  ->  Bitmap Index Scan on k_3  (cost=0.00..5.50 rows=106 width=0)
	        Index Cond: ((k >= 8566701) AND (k <= 8566801))

table 4 : explain SELECT k, c FROM sbtest4 WHERE k BETWEEN 8566701 AND 8566801
	Bitmap Heap Scan on sbtest4  (cost=5.37..365.72 rows=91 width=125)
	  Recheck Cond: ((k >= 8566701) AND (k <= 8566801))
	  ->  Bitmap Index Scan on k_4  (cost=0.00..5.34 rows=91 width=0)
	        Index Cond: ((k >= 8566701) AND (k <= 8566801))

table 5 : explain SELECT k, c FROM sbtest5 WHERE k BETWEEN 8566701 AND 8566801
	Bitmap Heap Scan on sbtest5  (cost=5.46..401.19 rows=100 width=125)
	  Recheck Cond: ((k >= 8566701) AND (k <= 8566801))
	  ->  Bitmap Index Scan on k_5  (cost=0.00..5.43 rows=100 width=0)
	        Index Cond: ((k >= 8566701) AND (k <= 8566801))

table 6 : explain SELECT k, c FROM sbtest6 WHERE k BETWEEN 8566701 AND 8566801
	Bitmap Heap Scan on sbtest6  (cost=5.51..420.88 rows=105 width=125)
	  Recheck Cond: ((k >= 8566701) AND (k <= 8566801))
	  ->  Bitmap Index Scan on k_6  (cost=0.00..5.48 rows=105 width=0)
	        Index Cond: ((k >= 8566701) AND (k <= 8566801))

table 7 : explain SELECT k, c FROM sbtest7 WHERE k BETWEEN 8566701 AND 8566801
	Bitmap Heap Scan on sbtest7  (cost=5.49..413.00 rows=103 width=125)
	  Recheck Cond: ((k >= 8566701) AND (k <= 8566801))
	  ->  Bitmap Index Scan on k_7  (cost=0.00..5.46 rows=103 width=0)
	        Index Cond: ((k >= 8566701) AND (k <= 8566801))

table 8 : explain SELECT k, c FROM sbtest8 WHERE k BETWEEN 8566701 AND 8566801
	Bitmap Heap Scan on sbtest8  (cost=5.57..444.49 rows=111 width=125)
	  Recheck Cond: ((k >= 8566701) AND (k <= 8566801))
	  ->  Bitmap Index Scan on k_8  (cost=0.00..5.54 rows=111 width=0)
	        Index Cond: ((k >= 8566701) AND (k <= 8566801))

explain: for range-notcovered :: explain SELECT k, c FROM sbtest%d WHERE k BETWEEN 3585162 AND 3585262
for range-notcovered
table 1 : explain SELECT k, c FROM sbtest1 WHERE k BETWEEN 5828157 AND 5828257
	Bitmap Heap Scan on sbtest1  (cost=5.46..401.19 rows=100 width=125)
	  Recheck Cond: ((k >= 5828157) AND (k <= 5828257))
	  ->  Bitmap Index Scan on k_1  (cost=0.00..5.43 rows=100 width=0)
	        Index Cond: ((k >= 5828157) AND (k <= 5828257))

table 2 : explain SELECT k, c FROM sbtest2 WHERE k BETWEEN 5828157 AND 5828257
	Bitmap Heap Scan on sbtest2  (cost=5.48..409.07 rows=102 width=125)
	  Recheck Cond: ((k >= 5828157) AND (k <= 5828257))
	  ->  Bitmap Index Scan on k_2  (cost=0.00..5.45 rows=102 width=0)
	        Index Cond: ((k >= 5828157) AND (k <= 5828257))

table 3 : explain SELECT k, c FROM sbtest3 WHERE k BETWEEN 5828157 AND 5828257
	Bitmap Heap Scan on sbtest3  (cost=5.51..420.88 rows=105 width=125)
	  Recheck Cond: ((k >= 5828157) AND (k <= 5828257))
	  ->  Bitmap Index Scan on k_3  (cost=0.00..5.48 rows=105 width=0)
	        Index Cond: ((k >= 5828157) AND (k <= 5828257))

table 4 : explain SELECT k, c FROM sbtest4 WHERE k BETWEEN 5828157 AND 5828257
	Bitmap Heap Scan on sbtest4  (cost=5.39..373.61 rows=93 width=125)
	  Recheck Cond: ((k >= 5828157) AND (k <= 5828257))
	  ->  Bitmap Index Scan on k_4  (cost=0.00..5.36 rows=93 width=0)
	        Index Cond: ((k >= 5828157) AND (k <= 5828257))

table 5 : explain SELECT k, c FROM sbtest5 WHERE k BETWEEN 5828157 AND 5828257
	Bitmap Heap Scan on sbtest5  (cost=5.41..381.49 rows=95 width=125)
	  Recheck Cond: ((k >= 5828157) AND (k <= 5828257))
	  ->  Bitmap Index Scan on k_5  (cost=0.00..5.38 rows=95 width=0)
	        Index Cond: ((k >= 5828157) AND (k <= 5828257))

table 6 : explain SELECT k, c FROM sbtest6 WHERE k BETWEEN 5828157 AND 5828257
	Bitmap Heap Scan on sbtest6  (cost=5.44..393.31 rows=98 width=125)
	  Recheck Cond: ((k >= 5828157) AND (k <= 5828257))
	  ->  Bitmap Index Scan on k_6  (cost=0.00..5.42 rows=98 width=0)
	        Index Cond: ((k >= 5828157) AND (k <= 5828257))

table 7 : explain SELECT k, c FROM sbtest7 WHERE k BETWEEN 5828157 AND 5828257
	Bitmap Heap Scan on sbtest7  (cost=5.54..432.69 rows=108 width=125)
	  Recheck Cond: ((k >= 5828157) AND (k <= 5828257))
	  ->  Bitmap Index Scan on k_7  (cost=0.00..5.51 rows=108 width=0)
	        Index Cond: ((k >= 5828157) AND (k <= 5828257))

table 8 : explain SELECT k, c FROM sbtest8 WHERE k BETWEEN 5828157 AND 5828257
	Bitmap Heap Scan on sbtest8  (cost=5.48..409.07 rows=102 width=125)
	  Recheck Cond: ((k >= 5828157) AND (k <= 5828257))
	  ->  Bitmap Index Scan on k_8  (cost=0.00..5.45 rows=102 width=0)
	        Index Cond: ((k >= 5828157) AND (k <= 5828257))

explain: for range-notcovered :: explain SELECT k, c FROM sbtest%d WHERE k BETWEEN 6370675 AND 6370775
for range-notcovered
table 1 : explain SELECT k, c FROM sbtest1 WHERE k BETWEEN 4614466 AND 4614566
	Bitmap Heap Scan on sbtest1  (cost=5.44..393.31 rows=98 width=125)
	  Recheck Cond: ((k >= 4614466) AND (k <= 4614566))
	  ->  Bitmap Index Scan on k_1  (cost=0.00..5.42 rows=98 width=0)
	        Index Cond: ((k >= 4614466) AND (k <= 4614566))

table 2 : explain SELECT k, c FROM sbtest2 WHERE k BETWEEN 4614466 AND 4614566
	Bitmap Heap Scan on sbtest2  (cost=5.50..416.94 rows=104 width=125)
	  Recheck Cond: ((k >= 4614466) AND (k <= 4614566))
	  ->  Bitmap Index Scan on k_2  (cost=0.00..5.47 rows=104 width=0)
	        Index Cond: ((k >= 4614466) AND (k <= 4614566))

table 3 : explain SELECT k, c FROM sbtest3 WHERE k BETWEEN 4614466 AND 4614566
	Bitmap Heap Scan on sbtest3  (cost=5.47..405.13 rows=101 width=125)
	  Recheck Cond: ((k >= 4614466) AND (k <= 4614566))
	  ->  Bitmap Index Scan on k_3  (cost=0.00..5.44 rows=101 width=0)
	        Index Cond: ((k >= 4614466) AND (k <= 4614566))

table 4 : explain SELECT k, c FROM sbtest4 WHERE k BETWEEN 4614466 AND 4614566
	Bitmap Heap Scan on sbtest4  (cost=5.55..436.62 rows=109 width=125)
	  Recheck Cond: ((k >= 4614466) AND (k <= 4614566))
	  ->  Bitmap Index Scan on k_4  (cost=0.00..5.52 rows=109 width=0)
	        Index Cond: ((k >= 4614466) AND (k <= 4614566))

table 5 : explain SELECT k, c FROM sbtest5 WHERE k BETWEEN 4614466 AND 4614566
	Bitmap Heap Scan on sbtest5  (cost=5.53..428.75 rows=107 width=125)
	  Recheck Cond: ((k >= 4614466) AND (k <= 4614566))
	  ->  Bitmap Index Scan on k_5  (cost=0.00..5.50 rows=107 width=0)
	        Index Cond: ((k >= 4614466) AND (k <= 4614566))

table 6 : explain SELECT k, c FROM sbtest6 WHERE k BETWEEN 4614466 AND 4614566
	Bitmap Heap Scan on sbtest6  (cost=5.47..405.13 rows=101 width=125)
	  Recheck Cond: ((k >= 4614466) AND (k <= 4614566))
	  ->  Bitmap Index Scan on k_6  (cost=0.00..5.44 rows=101 width=0)
	        Index Cond: ((k >= 4614466) AND (k <= 4614566))

table 7 : explain SELECT k, c FROM sbtest7 WHERE k BETWEEN 4614466 AND 4614566
	Bitmap Heap Scan on sbtest7  (cost=5.56..440.56 rows=110 width=125)
	  Recheck Cond: ((k >= 4614466) AND (k <= 4614566))
	  ->  Bitmap Index Scan on k_7  (cost=0.00..5.53 rows=110 width=0)
	        Index Cond: ((k >= 4614466) AND (k <= 4614566))

table 8 : explain SELECT k, c FROM sbtest8 WHERE k BETWEEN 4614466 AND 4614566
	Bitmap Heap Scan on sbtest8  (cost=5.57..444.49 rows=111 width=125)
	  Recheck Cond: ((k >= 4614466) AND (k <= 4614566))
	  ->  Bitmap Index Scan on k_8  (cost=0.00..5.54 rows=111 width=0)
	        Index Cond: ((k >= 4614466) AND (k <= 4614566))

explain: for range-notcovered :: explain SELECT k, c FROM sbtest%d WHERE k BETWEEN 5828157 AND 5828257
explain: for range-notcovered :: explain SELECT k, c FROM sbtest%d WHERE k BETWEEN 4614466 AND 4614566
explain: for range-notcovered :: explain SELECT k, c FROM sbtest%d WHERE k BETWEEN 8566701 AND 8566801
for range-notcovered
table 1 : explain SELECT k, c FROM sbtest1 WHERE k BETWEEN 3721542 AND 3721642
	Bitmap Heap Scan on sbtest1  (cost=5.58..448.42 rows=112 width=125)
	  Recheck Cond: ((k >= 3721542) AND (k <= 3721642))
	  ->  Bitmap Index Scan on k_1  (cost=0.00..5.55 rows=112 width=0)
	        Index Cond: ((k >= 3721542) AND (k <= 3721642))

table 2 : explain SELECT k, c FROM sbtest2 WHERE k BETWEEN 3721542 AND 3721642
	Bitmap Heap Scan on sbtest2  (cost=5.50..416.94 rows=104 width=125)
	  Recheck Cond: ((k >= 3721542) AND (k <= 3721642))
	  ->  Bitmap Index Scan on k_2  (cost=0.00..5.47 rows=104 width=0)
	        Index Cond: ((k >= 3721542) AND (k <= 3721642))

table 3 : explain SELECT k, c FROM sbtest3 WHERE k BETWEEN 3721542 AND 3721642
	Bitmap Heap Scan on sbtest3  (cost=5.49..413.00 rows=103 width=125)
	  Recheck Cond: ((k >= 3721542) AND (k <= 3721642))
	  ->  Bitmap Index Scan on k_3  (cost=0.00..5.46 rows=103 width=0)
	        Index Cond: ((k >= 3721542) AND (k <= 3721642))

table 4 : explain SELECT k, c FROM sbtest4 WHERE k BETWEEN 3721542 AND 3721642
	Bitmap Heap Scan on sbtest4  (cost=5.54..432.69 rows=108 width=125)
	  Recheck Cond: ((k >= 3721542) AND (k <= 3721642))
	  ->  Bitmap Index Scan on k_4  (cost=0.00..5.51 rows=108 width=0)
	        Index Cond: ((k >= 3721542) AND (k <= 3721642))

table 5 : explain SELECT k, c FROM sbtest5 WHERE k BETWEEN 3721542 AND 3721642
	Bitmap Heap Scan on sbtest5  (cost=5.42..385.43 rows=96 width=125)
	  Recheck Cond: ((k >= 3721542) AND (k <= 3721642))
	  ->  Bitmap Index Scan on k_5  (cost=0.00..5.39 rows=96 width=0)
	        Index Cond: ((k >= 3721542) AND (k <= 3721642))

table 6 : explain SELECT k, c FROM sbtest6 WHERE k BETWEEN 3721542 AND 3721642
	Bitmap Heap Scan on sbtest6  (cost=5.40..377.55 rows=94 width=125)
	  Recheck Cond: ((k >= 3721542) AND (k <= 3721642))
	  ->  Bitmap Index Scan on k_6  (cost=0.00..5.38 rows=94 width=0)
	        Index Cond: ((k >= 3721542) AND (k <= 3721642))

table 7 : explain SELECT k, c FROM sbtest7 WHERE k BETWEEN 3721542 AND 3721642
	Bitmap Heap Scan on sbtest7  (cost=5.43..389.37 rows=97 width=125)
	  Recheck Cond: ((k >= 3721542) AND (k <= 3721642))
	  ->  Bitmap Index Scan on k_7  (cost=0.00..5.40 rows=97 width=0)
	        Index Cond: ((k >= 3721542) AND (k <= 3721642))

table 8 : explain SELECT k, c FROM sbtest8 WHERE k BETWEEN 3721542 AND 3721642
	Bitmap Heap Scan on sbtest8  (cost=5.44..393.31 rows=98 width=125)
	  Recheck Cond: ((k >= 3721542) AND (k <= 3721642))
	  ->  Bitmap Index Scan on k_8  (cost=0.00..5.42 rows=98 width=0)
	        Index Cond: ((k >= 3721542) AND (k <= 3721642))

for range-notcovered
table 1 : explain SELECT k, c FROM sbtest1 WHERE k BETWEEN 4097614 AND 4097714
	Bitmap Heap Scan on sbtest1  (cost=5.62..464.15 rows=116 width=125)
	  Recheck Cond: ((k >= 4097614) AND (k <= 4097714))
	  ->  Bitmap Index Scan on k_1  (cost=0.00..5.59 rows=116 width=0)
	        Index Cond: ((k >= 4097614) AND (k <= 4097714))

table 2 : explain SELECT k, c FROM sbtest2 WHERE k BETWEEN 4097614 AND 4097714
	Bitmap Heap Scan on sbtest2  (cost=5.60..456.29 rows=114 width=125)
	  Recheck Cond: ((k >= 4097614) AND (k <= 4097714))
	  ->  Bitmap Index Scan on k_2  (cost=0.00..5.58 rows=114 width=0)
	        Index Cond: ((k >= 4097614) AND (k <= 4097714))

table 3 : explain SELECT k, c FROM sbtest3 WHERE k BETWEEN 4097614 AND 4097714
	Bitmap Heap Scan on sbtest3  (cost=5.50..416.94 rows=104 width=125)
	  Recheck Cond: ((k >= 4097614) AND (k <= 4097714))
	  ->  Bitmap Index Scan on k_3  (cost=0.00..5.47 rows=104 width=0)
	        Index Cond: ((k >= 4097614) AND (k <= 4097714))

table 4 : explain SELECT k, c FROM sbtest4 WHERE k BETWEEN 4097614 AND 4097714
	Bitmap Heap Scan on sbtest4  (cost=5.37..365.72 rows=91 width=125)
	  Recheck Cond: ((k >= 4097614) AND (k <= 4097714))
	  ->  Bitmap Index Scan on k_4  (cost=0.00..5.34 rows=91 width=0)
	        Index Cond: ((k >= 4097614) AND (k <= 4097714))

table 5 : explain SELECT k, c FROM sbtest5 WHERE k BETWEEN 4097614 AND 4097714
	Bitmap Heap Scan on sbtest5  (cost=5.54..432.69 rows=108 width=125)
	  Recheck Cond: ((k >= 4097614) AND (k <= 4097714))
	  ->  Bitmap Index Scan on k_5  (cost=0.00..5.51 rows=108 width=0)
	        Index Cond: ((k >= 4097614) AND (k <= 4097714))

table 6 : explain SELECT k, c FROM sbtest6 WHERE k BETWEEN 4097614 AND 4097714
	Bitmap Heap Scan on sbtest6  (cost=5.44..393.31 rows=98 width=125)
	  Recheck Cond: ((k >= 4097614) AND (k <= 4097714))
	  ->  Bitmap Index Scan on k_6  (cost=0.00..5.42 rows=98 width=0)
	        Index Cond: ((k >= 4097614) AND (k <= 4097714))

table 7 : explain SELECT k, c FROM sbtest7 WHERE k BETWEEN 4097614 AND 4097714
	Bitmap Heap Scan on sbtest7  (cost=5.53..428.75 rows=107 width=125)
	  Recheck Cond: ((k >= 4097614) AND (k <= 4097714))
	  ->  Bitmap Index Scan on k_7  (cost=0.00..5.50 rows=107 width=0)
	        Index Cond: ((k >= 4097614) AND (k <= 4097714))

table 8 : explain SELECT k, c FROM sbtest8 WHERE k BETWEEN 4097614 AND 4097714
	Bitmap Heap Scan on sbtest8  (cost=5.42..385.43 rows=96 width=125)
	  Recheck Cond: ((k >= 4097614) AND (k <= 4097714))
	  ->  Bitmap Index Scan on k_8  (cost=0.00..5.39 rows=96 width=0)
	        Index Cond: ((k >= 4097614) AND (k <= 4097714))

explain: for range-notcovered :: explain SELECT k, c FROM sbtest%d WHERE k BETWEEN 3721542 AND 3721642
explain: for range-notcovered :: explain SELECT k, c FROM sbtest%d WHERE k BETWEEN 4097614 AND 4097714
for range-notcovered
table 1 : explain SELECT k, c FROM sbtest1 WHERE k BETWEEN 5535846 AND 5535946
	Bitmap Heap Scan on sbtest1  (cost=5.49..413.00 rows=103 width=125)
	  Recheck Cond: ((k >= 5535846) AND (k <= 5535946))
	  ->  Bitmap Index Scan on k_1  (cost=0.00..5.46 rows=103 width=0)
	        Index Cond: ((k >= 5535846) AND (k <= 5535946))

table 2 : explain SELECT k, c FROM sbtest2 WHERE k BETWEEN 5535846 AND 5535946
	Bitmap Heap Scan on sbtest2  (cost=5.49..413.00 rows=103 width=125)
	  Recheck Cond: ((k >= 5535846) AND (k <= 5535946))
	  ->  Bitmap Index Scan on k_2  (cost=0.00..5.46 rows=103 width=0)
	        Index Cond: ((k >= 5535846) AND (k <= 5535946))

table 3 : explain SELECT k, c FROM sbtest3 WHERE k BETWEEN 5535846 AND 5535946
	Bitmap Heap Scan on sbtest3  (cost=5.44..393.31 rows=98 width=125)
	  Recheck Cond: ((k >= 5535846) AND (k <= 5535946))
	  ->  Bitmap Index Scan on k_3  (cost=0.00..5.42 rows=98 width=0)
	        Index Cond: ((k >= 5535846) AND (k <= 5535946))

table 4 : explain SELECT k, c FROM sbtest4 WHERE k BETWEEN 5535846 AND 5535946
	Bitmap Heap Scan on sbtest4  (cost=5.41..381.49 rows=95 width=125)
	  Recheck Cond: ((k >= 5535846) AND (k <= 5535946))
	  ->  Bitmap Index Scan on k_4  (cost=0.00..5.38 rows=95 width=0)
	        Index Cond: ((k >= 5535846) AND (k <= 5535946))

table 5 : explain SELECT k, c FROM sbtest5 WHERE k BETWEEN 5535846 AND 5535946
	Bitmap Heap Scan on sbtest5  (cost=5.47..405.13 rows=101 width=125)
	  Recheck Cond: ((k >= 5535846) AND (k <= 5535946))
	  ->  Bitmap Index Scan on k_5  (cost=0.00..5.44 rows=101 width=0)
	        Index Cond: ((k >= 5535846) AND (k <= 5535946))

table 6 : explain SELECT k, c FROM sbtest6 WHERE k BETWEEN 5535846 AND 5535946
	Bitmap Heap Scan on sbtest6  (cost=5.62..464.15 rows=116 width=125)
	  Recheck Cond: ((k >= 5535846) AND (k <= 5535946))
	  ->  Bitmap Index Scan on k_6  (cost=0.00..5.59 rows=116 width=0)
	        Index Cond: ((k >= 5535846) AND (k <= 5535946))

table 7 : explain SELECT k, c FROM sbtest7 WHERE k BETWEEN 5535846 AND 5535946
	Bitmap Heap Scan on sbtest7  (cost=5.41..381.49 rows=95 width=125)
	  Recheck Cond: ((k >= 5535846) AND (k <= 5535946))
	  ->  Bitmap Index Scan on k_7  (cost=0.00..5.38 rows=95 width=0)
	        Index Cond: ((k >= 5535846) AND (k <= 5535946))

table 8 : explain SELECT k, c FROM sbtest8 WHERE k BETWEEN 5535846 AND 5535946
	Bitmap Heap Scan on sbtest8  (cost=5.42..385.43 rows=96 width=125)
	  Recheck Cond: ((k >= 5535846) AND (k <= 5535946))
	  ->  Bitmap Index Scan on k_8  (cost=0.00..5.39 rows=96 width=0)
	        Index Cond: ((k >= 5535846) AND (k <= 5535946))

explain: for range-notcovered :: explain SELECT k, c FROM sbtest%d WHERE k BETWEEN 5535846 AND 5535946
for range-notcovered
table 1 : explain SELECT k, c FROM sbtest1 WHERE k BETWEEN 6237665 AND 6237765
	Bitmap Heap Scan on sbtest1  (cost=5.50..416.94 rows=104 width=125)
	  Recheck Cond: ((k >= 6237665) AND (k <= 6237765))
	  ->  Bitmap Index Scan on k_1  (cost=0.00..5.47 rows=104 width=0)
	        Index Cond: ((k >= 6237665) AND (k <= 6237765))

table 2 : explain SELECT k, c FROM sbtest2 WHERE k BETWEEN 6237665 AND 6237765
	Bitmap Heap Scan on sbtest2  (cost=5.41..381.49 rows=95 width=125)
	  Recheck Cond: ((k >= 6237665) AND (k <= 6237765))
	  ->  Bitmap Index Scan on k_2  (cost=0.00..5.38 rows=95 width=0)
	        Index Cond: ((k >= 6237665) AND (k <= 6237765))

table 3 : explain SELECT k, c FROM sbtest3 WHERE k BETWEEN 6237665 AND 6237765
	Bitmap Heap Scan on sbtest3  (cost=5.57..444.49 rows=111 width=125)
	  Recheck Cond: ((k >= 6237665) AND (k <= 6237765))
	  ->  Bitmap Index Scan on k_3  (cost=0.00..5.54 rows=111 width=0)
	        Index Cond: ((k >= 6237665) AND (k <= 6237765))

table 4 : explain SELECT k, c FROM sbtest4 WHERE k BETWEEN 6237665 AND 6237765
	Bitmap Heap Scan on sbtest4  (cost=5.46..401.19 rows=100 width=125)
	  Recheck Cond: ((k >= 6237665) AND (k <= 6237765))
	  ->  Bitmap Index Scan on k_4  (cost=0.00..5.43 rows=100 width=0)
	        Index Cond: ((k >= 6237665) AND (k <= 6237765))

table 5 : explain SELECT k, c FROM sbtest5 WHERE k BETWEEN 6237665 AND 6237765
	Bitmap Heap Scan on sbtest5  (cost=5.49..413.00 rows=103 width=125)
	  Recheck Cond: ((k >= 6237665) AND (k <= 6237765))
	  ->  Bitmap Index Scan on k_5  (cost=0.00..5.46 rows=103 width=0)
	        Index Cond: ((k >= 6237665) AND (k <= 6237765))

table 6 : explain SELECT k, c FROM sbtest6 WHERE k BETWEEN 6237665 AND 6237765
	Bitmap Heap Scan on sbtest6  (cost=5.48..409.07 rows=102 width=125)
	  Recheck Cond: ((k >= 6237665) AND (k <= 6237765))
	  ->  Bitmap Index Scan on k_6  (cost=0.00..5.45 rows=102 width=0)
	        Index Cond: ((k >= 6237665) AND (k <= 6237765))

table 7 : explain SELECT k, c FROM sbtest7 WHERE k BETWEEN 6237665 AND 6237765
	Bitmap Heap Scan on sbtest7  (cost=5.42..385.43 rows=96 width=125)
	  Recheck Cond: ((k >= 6237665) AND (k <= 6237765))
	  ->  Bitmap Index Scan on k_7  (cost=0.00..5.39 rows=96 width=0)
	        Index Cond: ((k >= 6237665) AND (k <= 6237765))

table 8 : explain SELECT k, c FROM sbtest8 WHERE k BETWEEN 6237665 AND 6237765
	Bitmap Heap Scan on sbtest8  (cost=5.47..405.13 rows=101 width=125)
	  Recheck Cond: ((k >= 6237665) AND (k <= 6237765))
	  ->  Bitmap Index Scan on k_8  (cost=0.00..5.44 rows=101 width=0)
	        Index Cond: ((k >= 6237665) AND (k <= 6237765))

for range-notcovered
table 1 : explain SELECT k, c FROM sbtest1 WHERE k BETWEEN 5436577 AND 5436677
	Bitmap Heap Scan on sbtest1  (cost=5.47..405.13 rows=101 width=125)
	  Recheck Cond: ((k >= 5436577) AND (k <= 5436677))
	  ->  Bitmap Index Scan on k_1  (cost=0.00..5.44 rows=101 width=0)
	        Index Cond: ((k >= 5436577) AND (k <= 5436677))

table 2 : explain SELECT k, c FROM sbtest2 WHERE k BETWEEN 5436577 AND 5436677
	Bitmap Heap Scan on sbtest2  (cost=5.51..420.88 rows=105 width=125)
	  Recheck Cond: ((k >= 5436577) AND (k <= 5436677))
	  ->  Bitmap Index Scan on k_2  (cost=0.00..5.48 rows=105 width=0)
	        Index Cond: ((k >= 5436577) AND (k <= 5436677))

table 3 : explain SELECT k, c FROM sbtest3 WHERE k BETWEEN 5436577 AND 5436677
	Bitmap Heap Scan on sbtest3  (cost=5.47..405.13 rows=101 width=125)
	  Recheck Cond: ((k >= 5436577) AND (k <= 5436677))
	  ->  Bitmap Index Scan on k_3  (cost=0.00..5.44 rows=101 width=0)
	        Index Cond: ((k >= 5436577) AND (k <= 5436677))

table 4 : explain SELECT k, c FROM sbtest4 WHERE k BETWEEN 5436577 AND 5436677
	Bitmap Heap Scan on sbtest4  (cost=5.55..436.62 rows=109 width=125)
	  Recheck Cond: ((k >= 5436577) AND (k <= 5436677))
	  ->  Bitmap Index Scan on k_4  (cost=0.00..5.52 rows=109 width=0)
	        Index Cond: ((k >= 5436577) AND (k <= 5436677))

table 5 : explain SELECT k, c FROM sbtest5 WHERE k BETWEEN 5436577 AND 5436677
	Bitmap Heap Scan on sbtest5  (cost=5.45..397.25 rows=99 width=125)
	  Recheck Cond: ((k >= 5436577) AND (k <= 5436677))
	  ->  Bitmap Index Scan on k_5  (cost=0.00..5.42 rows=99 width=0)
	        Index Cond: ((k >= 5436577) AND (k <= 5436677))

table 6 : explain SELECT k, c FROM sbtest6 WHERE k BETWEEN 5436577 AND 5436677
	Bitmap Heap Scan on sbtest6  (cost=5.50..416.94 rows=104 width=125)
	  Recheck Cond: ((k >= 5436577) AND (k <= 5436677))
	  ->  Bitmap Index Scan on k_6  (cost=0.00..5.47 rows=104 width=0)
	        Index Cond: ((k >= 5436577) AND (k <= 5436677))

table 7 : explain SELECT k, c FROM sbtest7 WHERE k BETWEEN 5436577 AND 5436677
	Bitmap Heap Scan on sbtest7  (cost=5.53..428.75 rows=107 width=125)
	  Recheck Cond: ((k >= 5436577) AND (k <= 5436677))
	  ->  Bitmap Index Scan on k_7  (cost=0.00..5.50 rows=107 width=0)
	        Index Cond: ((k >= 5436577) AND (k <= 5436677))

table 8 : explain SELECT k, c FROM sbtest8 WHERE k BETWEEN 5436577 AND 5436677
	Bitmap Heap Scan on sbtest8  (cost=5.47..405.13 rows=101 width=125)
	  Recheck Cond: ((k >= 5436577) AND (k <= 5436677))
	  ->  Bitmap Index Scan on k_8  (cost=0.00..5.44 rows=101 width=0)
	        Index Cond: ((k >= 5436577) AND (k <= 5436677))

for range-notcovered
table 1 : explain SELECT k, c FROM sbtest1 WHERE k BETWEEN 8554759 AND 8554859
	Bitmap Heap Scan on sbtest1  (cost=5.50..416.94 rows=104 width=125)
	  Recheck Cond: ((k >= 8554759) AND (k <= 8554859))
	  ->  Bitmap Index Scan on k_1  (cost=0.00..5.47 rows=104 width=0)
	        Index Cond: ((k >= 8554759) AND (k <= 8554859))

table 2 : explain SELECT k, c FROM sbtest2 WHERE k BETWEEN 8554759 AND 8554859
	Bitmap Heap Scan on sbtest2  (cost=5.46..401.19 rows=100 width=125)
	  Recheck Cond: ((k >= 8554759) AND (k <= 8554859))
	  ->  Bitmap Index Scan on k_2  (cost=0.00..5.43 rows=100 width=0)
	        Index Cond: ((k >= 8554759) AND (k <= 8554859))

table 3 : explain SELECT k, c FROM sbtest3 WHERE k BETWEEN 8554759 AND 8554859
	Bitmap Heap Scan on sbtest3  (cost=5.52..424.81 rows=106 width=125)
	  Recheck Cond: ((k >= 8554759) AND (k <= 8554859))
	  ->  Bitmap Index Scan on k_3  (cost=0.00..5.50 rows=106 width=0)
	        Index Cond: ((k >= 8554759) AND (k <= 8554859))

table 4 : explain SELECT k, c FROM sbtest4 WHERE k BETWEEN 8554759 AND 8554859
	Bitmap Heap Scan on sbtest4  (cost=5.37..365.72 rows=91 width=125)
	  Recheck Cond: ((k >= 8554759) AND (k <= 8554859))
	  ->  Bitmap Index Scan on k_4  (cost=0.00..5.34 rows=91 width=0)
	        Index Cond: ((k >= 8554759) AND (k <= 8554859))

table 5 : explain SELECT k, c FROM sbtest5 WHERE k BETWEEN 8554759 AND 8554859
	Bitmap Heap Scan on sbtest5  (cost=5.46..401.19 rows=100 width=125)
	  Recheck Cond: ((k >= 8554759) AND (k <= 8554859))
	  ->  Bitmap Index Scan on k_5  (cost=0.00..5.43 rows=100 width=0)
	        Index Cond: ((k >= 8554759) AND (k <= 8554859))

table 6 : explain SELECT k, c FROM sbtest6 WHERE k BETWEEN 8554759 AND 8554859
	Bitmap Heap Scan on sbtest6  (cost=5.51..420.88 rows=105 width=125)
	  Recheck Cond: ((k >= 8554759) AND (k <= 8554859))
	  ->  Bitmap Index Scan on k_6  (cost=0.00..5.48 rows=105 width=0)
	        Index Cond: ((k >= 8554759) AND (k <= 8554859))

table 7 : explain SELECT k, c FROM sbtest7 WHERE k BETWEEN 8554759 AND 8554859
	Bitmap Heap Scan on sbtest7  (cost=5.49..413.00 rows=103 width=125)
	  Recheck Cond: ((k >= 8554759) AND (k <= 8554859))
	  ->  Bitmap Index Scan on k_7  (cost=0.00..5.46 rows=103 width=0)
	        Index Cond: ((k >= 8554759) AND (k <= 8554859))

table 8 : explain SELECT k, c FROM sbtest8 WHERE k BETWEEN 8554759 AND 8554859
	Bitmap Heap Scan on sbtest8  (cost=5.57..444.49 rows=111 width=125)
	  Recheck Cond: ((k >= 8554759) AND (k <= 8554859))
	  ->  Bitmap Index Scan on k_8  (cost=0.00..5.54 rows=111 width=0)
	        Index Cond: ((k >= 8554759) AND (k <= 8554859))

explain: for range-notcovered :: explain SELECT k, c FROM sbtest%d WHERE k BETWEEN 6237665 AND 6237765
explain: for range-notcovered :: explain SELECT k, c FROM sbtest%d WHERE k BETWEEN 5436577 AND 5436677
for range-notcovered
table 1 : explain SELECT k, c FROM sbtest1 WHERE k BETWEEN 3585162 AND 3585262
	Bitmap Heap Scan on sbtest1  (cost=5.45..397.25 rows=99 width=125)
	  Recheck Cond: ((k >= 3585162) AND (k <= 3585262))
	  ->  Bitmap Index Scan on k_1  (cost=0.00..5.42 rows=99 width=0)
	        Index Cond: ((k >= 3585162) AND (k <= 3585262))

table 2 : explain SELECT k, c FROM sbtest2 WHERE k BETWEEN 3585162 AND 3585262
	Bitmap Heap Scan on sbtest2  (cost=5.42..385.43 rows=96 width=125)
	  Recheck Cond: ((k >= 3585162) AND (k <= 3585262))
	  ->  Bitmap Index Scan on k_2  (cost=0.00..5.39 rows=96 width=0)
	        Index Cond: ((k >= 3585162) AND (k <= 3585262))

table 3 : explain SELECT k, c FROM sbtest3 WHERE k BETWEEN 3585162 AND 3585262
	Bitmap Heap Scan on sbtest3  (cost=5.46..401.19 rows=100 width=125)
	  Recheck Cond: ((k >= 3585162) AND (k <= 3585262))
	  ->  Bitmap Index Scan on k_3  (cost=0.00..5.43 rows=100 width=0)
	        Index Cond: ((k >= 3585162) AND (k <= 3585262))

table 4 : explain SELECT k, c FROM sbtest4 WHERE k BETWEEN 3585162 AND 3585262
	Bitmap Heap Scan on sbtest4  (cost=5.44..393.31 rows=98 width=125)
	  Recheck Cond: ((k >= 3585162) AND (k <= 3585262))
	  ->  Bitmap Index Scan on k_4  (cost=0.00..5.42 rows=98 width=0)
	        Index Cond: ((k >= 3585162) AND (k <= 3585262))

table 5 : explain SELECT k, c FROM sbtest5 WHERE k BETWEEN 3585162 AND 3585262
	Bitmap Heap Scan on sbtest5  (cost=5.63..468.09 rows=117 width=125)
	  Recheck Cond: ((k >= 3585162) AND (k <= 3585262))
	  ->  Bitmap Index Scan on k_5  (cost=0.00..5.60 rows=117 width=0)
	        Index Cond: ((k >= 3585162) AND (k <= 3585262))

table 6 : explain SELECT k, c FROM sbtest6 WHERE k BETWEEN 3585162 AND 3585262
	Bitmap Heap Scan on sbtest6  (cost=5.43..389.37 rows=97 width=125)
	  Recheck Cond: ((k >= 3585162) AND (k <= 3585262))
	  ->  Bitmap Index Scan on k_6  (cost=0.00..5.40 rows=97 width=0)
	        Index Cond: ((k >= 3585162) AND (k <= 3585262))

table 7 : explain SELECT k, c FROM sbtest7 WHERE k BETWEEN 3585162 AND 3585262
	Bitmap Heap Scan on sbtest7  (cost=5.46..401.19 rows=100 width=125)
	  Recheck Cond: ((k >= 3585162) AND (k <= 3585262))
	  ->  Bitmap Index Scan on k_7  (cost=0.00..5.43 rows=100 width=0)
	        Index Cond: ((k >= 3585162) AND (k <= 3585262))

table 8 : explain SELECT k, c FROM sbtest8 WHERE k BETWEEN 3585162 AND 3585262
	Bitmap Heap Scan on sbtest8  (cost=5.51..420.88 rows=105 width=125)
	  Recheck Cond: ((k >= 3585162) AND (k <= 3585262))
	  ->  Bitmap Index Scan on k_8  (cost=0.00..5.48 rows=105 width=0)
	        Index Cond: ((k >= 3585162) AND (k <= 3585262))

for range-notcovered
table 1 : explain SELECT k, c FROM sbtest1 WHERE k BETWEEN 4614466 AND 4614566
	Bitmap Heap Scan on sbtest1  (cost=5.44..393.31 rows=98 width=125)
	  Recheck Cond: ((k >= 4614466) AND (k <= 4614566))
	  ->  Bitmap Index Scan on k_1  (cost=0.00..5.42 rows=98 width=0)
	        Index Cond: ((k >= 4614466) AND (k <= 4614566))

table 2 : explain SELECT k, c FROM sbtest2 WHERE k BETWEEN 4614466 AND 4614566
	Bitmap Heap Scan on sbtest2  (cost=5.50..416.94 rows=104 width=125)
	  Recheck Cond: ((k >= 4614466) AND (k <= 4614566))
	  ->  Bitmap Index Scan on k_2  (cost=0.00..5.47 rows=104 width=0)
	        Index Cond: ((k >= 4614466) AND (k <= 4614566))

table 3 : explain SELECT k, c FROM sbtest3 WHERE k BETWEEN 4614466 AND 4614566
	Bitmap Heap Scan on sbtest3  (cost=5.47..405.13 rows=101 width=125)
	  Recheck Cond: ((k >= 4614466) AND (k <= 4614566))
	  ->  Bitmap Index Scan on k_3  (cost=0.00..5.44 rows=101 width=0)
	        Index Cond: ((k >= 4614466) AND (k <= 4614566))

table 4 : explain SELECT k, c FROM sbtest4 WHERE k BETWEEN 4614466 AND 4614566
	Bitmap Heap Scan on sbtest4  (cost=5.55..436.62 rows=109 width=125)
	  Recheck Cond: ((k >= 4614466) AND (k <= 4614566))
	  ->  Bitmap Index Scan on k_4  (cost=0.00..5.52 rows=109 width=0)
	        Index Cond: ((k >= 4614466) AND (k <= 4614566))

table 5 : explain SELECT k, c FROM sbtest5 WHERE k BETWEEN 4614466 AND 4614566
	Bitmap Heap Scan on sbtest5  (cost=5.53..428.75 rows=107 width=125)
	  Recheck Cond: ((k >= 4614466) AND (k <= 4614566))
	  ->  Bitmap Index Scan on k_5  (cost=0.00..5.50 rows=107 width=0)
	        Index Cond: ((k >= 4614466) AND (k <= 4614566))

table 6 : explain SELECT k, c FROM sbtest6 WHERE k BETWEEN 4614466 AND 4614566
	Bitmap Heap Scan on sbtest6  (cost=5.47..405.13 rows=101 width=125)
	  Recheck Cond: ((k >= 4614466) AND (k <= 4614566))
	  ->  Bitmap Index Scan on k_6  (cost=0.00..5.44 rows=101 width=0)
	        Index Cond: ((k >= 4614466) AND (k <= 4614566))

table 7 : explain SELECT k, c FROM sbtest7 WHERE k BETWEEN 4614466 AND 4614566
	Bitmap Heap Scan on sbtest7  (cost=5.56..440.56 rows=110 width=125)
	  Recheck Cond: ((k >= 4614466) AND (k <= 4614566))
	  ->  Bitmap Index Scan on k_7  (cost=0.00..5.53 rows=110 width=0)
	        Index Cond: ((k >= 4614466) AND (k <= 4614566))

table 8 : explain SELECT k, c FROM sbtest8 WHERE k BETWEEN 4614466 AND 4614566
	Bitmap Heap Scan on sbtest8  (cost=5.57..444.49 rows=111 width=125)
	  Recheck Cond: ((k >= 4614466) AND (k <= 4614566))
	  ->  Bitmap Index Scan on k_8  (cost=0.00..5.54 rows=111 width=0)
	        Index Cond: ((k >= 4614466) AND (k <= 4614566))

for range-notcovered
table 1 : explain SELECT k, c FROM sbtest1 WHERE k BETWEEN 6370675 AND 6370775
	Bitmap Heap Scan on sbtest1  (cost=5.50..416.94 rows=104 width=125)
	  Recheck Cond: ((k >= 6370675) AND (k <= 6370775))
	  ->  Bitmap Index Scan on k_1  (cost=0.00..5.47 rows=104 width=0)
	        Index Cond: ((k >= 6370675) AND (k <= 6370775))

table 2 : explain SELECT k, c FROM sbtest2 WHERE k BETWEEN 6370675 AND 6370775
	Bitmap Heap Scan on sbtest2  (cost=5.54..432.69 rows=108 width=125)
	  Recheck Cond: ((k >= 6370675) AND (k <= 6370775))
	  ->  Bitmap Index Scan on k_2  (cost=0.00..5.51 rows=108 width=0)
	        Index Cond: ((k >= 6370675) AND (k <= 6370775))

table 3 : explain SELECT k, c FROM sbtest3 WHERE k BETWEEN 6370675 AND 6370775
	Bitmap Heap Scan on sbtest3  (cost=5.54..432.69 rows=108 width=125)
	  Recheck Cond: ((k >= 6370675) AND (k <= 6370775))
	  ->  Bitmap Index Scan on k_3  (cost=0.00..5.51 rows=108 width=0)
	        Index Cond: ((k >= 6370675) AND (k <= 6370775))

table 4 : explain SELECT k, c FROM sbtest4 WHERE k BETWEEN 6370675 AND 6370775
	Bitmap Heap Scan on sbtest4  (cost=5.47..405.13 rows=101 width=125)
	  Recheck Cond: ((k >= 6370675) AND (k <= 6370775))
	  ->  Bitmap Index Scan on k_4  (cost=0.00..5.44 rows=101 width=0)
	        Index Cond: ((k >= 6370675) AND (k <= 6370775))

table 5 : explain SELECT k, c FROM sbtest5 WHERE k BETWEEN 6370675 AND 6370775
	Bitmap Heap Scan on sbtest5  (cost=5.44..393.31 rows=98 width=125)
	  Recheck Cond: ((k >= 6370675) AND (k <= 6370775))
	  ->  Bitmap Index Scan on k_5  (cost=0.00..5.42 rows=98 width=0)
	        Index Cond: ((k >= 6370675) AND (k <= 6370775))

table 6 : explain SELECT k, c FROM sbtest6 WHERE k BETWEEN 6370675 AND 6370775
	Bitmap Heap Scan on sbtest6  (cost=5.49..413.00 rows=103 width=125)
	  Recheck Cond: ((k >= 6370675) AND (k <= 6370775))
	  ->  Bitmap Index Scan on k_6  (cost=0.00..5.46 rows=103 width=0)
	        Index Cond: ((k >= 6370675) AND (k <= 6370775))

table 7 : explain SELECT k, c FROM sbtest7 WHERE k BETWEEN 6370675 AND 6370775
	Bitmap Heap Scan on sbtest7  (cost=5.42..385.43 rows=96 width=125)
	  Recheck Cond: ((k >= 6370675) AND (k <= 6370775))
	  ->  Bitmap Index Scan on k_7  (cost=0.00..5.39 rows=96 width=0)
	        Index Cond: ((k >= 6370675) AND (k <= 6370775))

table 8 : explain SELECT k, c FROM sbtest8 WHERE k BETWEEN 6370675 AND 6370775
	Bitmap Heap Scan on sbtest8  (cost=5.44..393.31 rows=98 width=125)
	  Recheck Cond: ((k >= 6370675) AND (k <= 6370775))
	  ->  Bitmap Index Scan on k_8  (cost=0.00..5.42 rows=98 width=0)
	        Index Cond: ((k >= 6370675) AND (k <= 6370775))

for range-notcovered
table 1 : explain SELECT k, c FROM sbtest1 WHERE k BETWEEN 5828157 AND 5828257
	Bitmap Heap Scan on sbtest1  (cost=5.46..401.19 rows=100 width=125)
	  Recheck Cond: ((k >= 5828157) AND (k <= 5828257))
	  ->  Bitmap Index Scan on k_1  (cost=0.00..5.43 rows=100 width=0)
	        Index Cond: ((k >= 5828157) AND (k <= 5828257))

table 2 : explain SELECT k, c FROM sbtest2 WHERE k BETWEEN 5828157 AND 5828257
	Bitmap Heap Scan on sbtest2  (cost=5.48..409.07 rows=102 width=125)
	  Recheck Cond: ((k >= 5828157) AND (k <= 5828257))
	  ->  Bitmap Index Scan on k_2  (cost=0.00..5.45 rows=102 width=0)
	        Index Cond: ((k >= 5828157) AND (k <= 5828257))

table 3 : explain SELECT k, c FROM sbtest3 WHERE k BETWEEN 5828157 AND 5828257
	Bitmap Heap Scan on sbtest3  (cost=5.51..420.88 rows=105 width=125)
	  Recheck Cond: ((k >= 5828157) AND (k <= 5828257))
	  ->  Bitmap Index Scan on k_3  (cost=0.00..5.48 rows=105 width=0)
	        Index Cond: ((k >= 5828157) AND (k <= 5828257))

table 4 : explain SELECT k, c FROM sbtest4 WHERE k BETWEEN 5828157 AND 5828257
	Bitmap Heap Scan on sbtest4  (cost=5.39..373.61 rows=93 width=125)
	  Recheck Cond: ((k >= 5828157) AND (k <= 5828257))
	  ->  Bitmap Index Scan on k_4  (cost=0.00..5.36 rows=93 width=0)
	        Index Cond: ((k >= 5828157) AND (k <= 5828257))

table 5 : explain SELECT k, c FROM sbtest5 WHERE k BETWEEN 5828157 AND 5828257
	Bitmap Heap Scan on sbtest5  (cost=5.41..381.49 rows=95 width=125)
	  Recheck Cond: ((k >= 5828157) AND (k <= 5828257))
	  ->  Bitmap Index Scan on k_5  (cost=0.00..5.38 rows=95 width=0)
	        Index Cond: ((k >= 5828157) AND (k <= 5828257))

table 6 : explain SELECT k, c FROM sbtest6 WHERE k BETWEEN 5828157 AND 5828257
	Bitmap Heap Scan on sbtest6  (cost=5.44..393.31 rows=98 width=125)
	  Recheck Cond: ((k >= 5828157) AND (k <= 5828257))
	  ->  Bitmap Index Scan on k_6  (cost=0.00..5.42 rows=98 width=0)
	        Index Cond: ((k >= 5828157) AND (k <= 5828257))

table 7 : explain SELECT k, c FROM sbtest7 WHERE k BETWEEN 5828157 AND 5828257
	Bitmap Heap Scan on sbtest7  (cost=5.54..432.69 rows=108 width=125)
	  Recheck Cond: ((k >= 5828157) AND (k <= 5828257))
	  ->  Bitmap Index Scan on k_7  (cost=0.00..5.51 rows=108 width=0)
	        Index Cond: ((k >= 5828157) AND (k <= 5828257))

table 8 : explain SELECT k, c FROM sbtest8 WHERE k BETWEEN 5828157 AND 5828257
	Bitmap Heap Scan on sbtest8  (cost=5.48..409.07 rows=102 width=125)
	  Recheck Cond: ((k >= 5828157) AND (k <= 5828257))
	  ->  Bitmap Index Scan on k_8  (cost=0.00..5.45 rows=102 width=0)
	        Index Cond: ((k >= 5828157) AND (k <= 5828257))

explain: for range-notcovered :: explain SELECT k, c FROM sbtest%d WHERE k BETWEEN 4614466 AND 4614566
explain: for range-notcovered :: explain SELECT k, c FROM sbtest%d WHERE k BETWEEN 6370675 AND 6370775
explain: for range-notcovered :: explain SELECT k, c FROM sbtest%d WHERE k BETWEEN 5828157 AND 5828257
for range-notcovered
table 1 : explain SELECT k, c FROM sbtest1 WHERE k BETWEEN 3721542 AND 3721642
	Bitmap Heap Scan on sbtest1  (cost=5.58..448.42 rows=112 width=125)
	  Recheck Cond: ((k >= 3721542) AND (k <= 3721642))
	  ->  Bitmap Index Scan on k_1  (cost=0.00..5.55 rows=112 width=0)
	        Index Cond: ((k >= 3721542) AND (k <= 3721642))

table 2 : explain SELECT k, c FROM sbtest2 WHERE k BETWEEN 3721542 AND 3721642
	Bitmap Heap Scan on sbtest2  (cost=5.50..416.94 rows=104 width=125)
	  Recheck Cond: ((k >= 3721542) AND (k <= 3721642))
	  ->  Bitmap Index Scan on k_2  (cost=0.00..5.47 rows=104 width=0)
	        Index Cond: ((k >= 3721542) AND (k <= 3721642))

table 3 : explain SELECT k, c FROM sbtest3 WHERE k BETWEEN 3721542 AND 3721642
	Bitmap Heap Scan on sbtest3  (cost=5.49..413.00 rows=103 width=125)
	  Recheck Cond: ((k >= 3721542) AND (k <= 3721642))
	  ->  Bitmap Index Scan on k_3  (cost=0.00..5.46 rows=103 width=0)
	        Index Cond: ((k >= 3721542) AND (k <= 3721642))

table 4 : explain SELECT k, c FROM sbtest4 WHERE k BETWEEN 3721542 AND 3721642
	Bitmap Heap Scan on sbtest4  (cost=5.54..432.69 rows=108 width=125)
	  Recheck Cond: ((k >= 3721542) AND (k <= 3721642))
	  ->  Bitmap Index Scan on k_4  (cost=0.00..5.51 rows=108 width=0)
	        Index Cond: ((k >= 3721542) AND (k <= 3721642))

table 5 : explain SELECT k, c FROM sbtest5 WHERE k BETWEEN 3721542 AND 3721642
	Bitmap Heap Scan on sbtest5  (cost=5.42..385.43 rows=96 width=125)
	  Recheck Cond: ((k >= 3721542) AND (k <= 3721642))
	  ->  Bitmap Index Scan on k_5  (cost=0.00..5.39 rows=96 width=0)
	        Index Cond: ((k >= 3721542) AND (k <= 3721642))

table 6 : explain SELECT k, c FROM sbtest6 WHERE k BETWEEN 3721542 AND 3721642
	Bitmap Heap Scan on sbtest6  (cost=5.40..377.55 rows=94 width=125)
	  Recheck Cond: ((k >= 3721542) AND (k <= 3721642))
	  ->  Bitmap Index Scan on k_6  (cost=0.00..5.38 rows=94 width=0)
	        Index Cond: ((k >= 3721542) AND (k <= 3721642))

table 7 : explain SELECT k, c FROM sbtest7 WHERE k BETWEEN 3721542 AND 3721642
	Bitmap Heap Scan on sbtest7  (cost=5.43..389.37 rows=97 width=125)
	  Recheck Cond: ((k >= 3721542) AND (k <= 3721642))
	  ->  Bitmap Index Scan on k_7  (cost=0.00..5.40 rows=97 width=0)
	        Index Cond: ((k >= 3721542) AND (k <= 3721642))

table 8 : explain SELECT k, c FROM sbtest8 WHERE k BETWEEN 3721542 AND 3721642
	Bitmap Heap Scan on sbtest8  (cost=5.44..393.31 rows=98 width=125)
	  Recheck Cond: ((k >= 3721542) AND (k <= 3721642))
	  ->  Bitmap Index Scan on k_8  (cost=0.00..5.42 rows=98 width=0)
	        Index Cond: ((k >= 3721542) AND (k <= 3721642))

for range-notcovered
table 1 : explain SELECT k, c FROM sbtest1 WHERE k BETWEEN 4097614 AND 4097714
	Bitmap Heap Scan on sbtest1  (cost=5.62..464.15 rows=116 width=125)
	  Recheck Cond: ((k >= 4097614) AND (k <= 4097714))
	  ->  Bitmap Index Scan on k_1  (cost=0.00..5.59 rows=116 width=0)
	        Index Cond: ((k >= 4097614) AND (k <= 4097714))

table 2 : explain SELECT k, c FROM sbtest2 WHERE k BETWEEN 4097614 AND 4097714
	Bitmap Heap Scan on sbtest2  (cost=5.60..456.29 rows=114 width=125)
	  Recheck Cond: ((k >= 4097614) AND (k <= 4097714))
	  ->  Bitmap Index Scan on k_2  (cost=0.00..5.58 rows=114 width=0)
	        Index Cond: ((k >= 4097614) AND (k <= 4097714))

table 3 : explain SELECT k, c FROM sbtest3 WHERE k BETWEEN 4097614 AND 4097714
	Bitmap Heap Scan on sbtest3  (cost=5.50..416.94 rows=104 width=125)
	  Recheck Cond: ((k >= 4097614) AND (k <= 4097714))
	  ->  Bitmap Index Scan on k_3  (cost=0.00..5.47 rows=104 width=0)
	        Index Cond: ((k >= 4097614) AND (k <= 4097714))

table 4 : explain SELECT k, c FROM sbtest4 WHERE k BETWEEN 4097614 AND 4097714
	Bitmap Heap Scan on sbtest4  (cost=5.37..365.72 rows=91 width=125)
	  Recheck Cond: ((k >= 4097614) AND (k <= 4097714))
	  ->  Bitmap Index Scan on k_4  (cost=0.00..5.34 rows=91 width=0)
	        Index Cond: ((k >= 4097614) AND (k <= 4097714))

table 5 : explain SELECT k, c FROM sbtest5 WHERE k BETWEEN 4097614 AND 4097714
	Bitmap Heap Scan on sbtest5  (cost=5.54..432.69 rows=108 width=125)
	  Recheck Cond: ((k >= 4097614) AND (k <= 4097714))
	  ->  Bitmap Index Scan on k_5  (cost=0.00..5.51 rows=108 width=0)
	        Index Cond: ((k >= 4097614) AND (k <= 4097714))

table 6 : explain SELECT k, c FROM sbtest6 WHERE k BETWEEN 4097614 AND 4097714
	Bitmap Heap Scan on sbtest6  (cost=5.44..393.31 rows=98 width=125)
	  Recheck Cond: ((k >= 4097614) AND (k <= 4097714))
	  ->  Bitmap Index Scan on k_6  (cost=0.00..5.42 rows=98 width=0)
	        Index Cond: ((k >= 4097614) AND (k <= 4097714))

table 7 : explain SELECT k, c FROM sbtest7 WHERE k BETWEEN 4097614 AND 4097714
	Bitmap Heap Scan on sbtest7  (cost=5.53..428.75 rows=107 width=125)
	  Recheck Cond: ((k >= 4097614) AND (k <= 4097714))
	  ->  Bitmap Index Scan on k_7  (cost=0.00..5.50 rows=107 width=0)
	        Index Cond: ((k >= 4097614) AND (k <= 4097714))

table 8 : explain SELECT k, c FROM sbtest8 WHERE k BETWEEN 4097614 AND 4097714
	Bitmap Heap Scan on sbtest8  (cost=5.42..385.43 rows=96 width=125)
	  Recheck Cond: ((k >= 4097614) AND (k <= 4097714))
	  ->  Bitmap Index Scan on k_8  (cost=0.00..5.39 rows=96 width=0)
	        Index Cond: ((k >= 4097614) AND (k <= 4097714))

explain: for range-notcovered :: explain SELECT k, c FROM sbtest%d WHERE k BETWEEN 3721542 AND 3721642
for range-notcovered
table 1 : explain SELECT k, c FROM sbtest1 WHERE k BETWEEN 5535846 AND 5535946
	Bitmap Heap Scan on sbtest1  (cost=5.49..413.00 rows=103 width=125)
	  Recheck Cond: ((k >= 5535846) AND (k <= 5535946))
	  ->  Bitmap Index Scan on k_1  (cost=0.00..5.46 rows=103 width=0)
	        Index Cond: ((k >= 5535846) AND (k <= 5535946))

table 2 : explain SELECT k, c FROM sbtest2 WHERE k BETWEEN 5535846 AND 5535946
	Bitmap Heap Scan on sbtest2  (cost=5.49..413.00 rows=103 width=125)
	  Recheck Cond: ((k >= 5535846) AND (k <= 5535946))
	  ->  Bitmap Index Scan on k_2  (cost=0.00..5.46 rows=103 width=0)
	        Index Cond: ((k >= 5535846) AND (k <= 5535946))

table 3 : explain SELECT k, c FROM sbtest3 WHERE k BETWEEN 5535846 AND 5535946
	Bitmap Heap Scan on sbtest3  (cost=5.44..393.31 rows=98 width=125)
	  Recheck Cond: ((k >= 5535846) AND (k <= 5535946))
	  ->  Bitmap Index Scan on k_3  (cost=0.00..5.42 rows=98 width=0)
	        Index Cond: ((k >= 5535846) AND (k <= 5535946))

table 4 : explain SELECT k, c FROM sbtest4 WHERE k BETWEEN 5535846 AND 5535946
	Bitmap Heap Scan on sbtest4  (cost=5.41..381.49 rows=95 width=125)
	  Recheck Cond: ((k >= 5535846) AND (k <= 5535946))
	  ->  Bitmap Index Scan on k_4  (cost=0.00..5.38 rows=95 width=0)
	        Index Cond: ((k >= 5535846) AND (k <= 5535946))

table 5 : explain SELECT k, c FROM sbtest5 WHERE k BETWEEN 5535846 AND 5535946
	Bitmap Heap Scan on sbtest5  (cost=5.47..405.13 rows=101 width=125)
	  Recheck Cond: ((k >= 5535846) AND (k <= 5535946))
	  ->  Bitmap Index Scan on k_5  (cost=0.00..5.44 rows=101 width=0)
	        Index Cond: ((k >= 5535846) AND (k <= 5535946))

table 6 : explain SELECT k, c FROM sbtest6 WHERE k BETWEEN 5535846 AND 5535946
	Bitmap Heap Scan on sbtest6  (cost=5.62..464.15 rows=116 width=125)
	  Recheck Cond: ((k >= 5535846) AND (k <= 5535946))
	  ->  Bitmap Index Scan on k_6  (cost=0.00..5.59 rows=116 width=0)
	        Index Cond: ((k >= 5535846) AND (k <= 5535946))

table 7 : explain SELECT k, c FROM sbtest7 WHERE k BETWEEN 5535846 AND 5535946
	Bitmap Heap Scan on sbtest7  (cost=5.41..381.49 rows=95 width=125)
	  Recheck Cond: ((k >= 5535846) AND (k <= 5535946))
	  ->  Bitmap Index Scan on k_7  (cost=0.00..5.38 rows=95 width=0)
	        Index Cond: ((k >= 5535846) AND (k <= 5535946))

table 8 : explain SELECT k, c FROM sbtest8 WHERE k BETWEEN 5535846 AND 5535946
	Bitmap Heap Scan on sbtest8  (cost=5.42..385.43 rows=96 width=125)
	  Recheck Cond: ((k >= 5535846) AND (k <= 5535946))
	  ->  Bitmap Index Scan on k_8  (cost=0.00..5.39 rows=96 width=0)
	        Index Cond: ((k >= 5535846) AND (k <= 5535946))

explain: for range-notcovered :: explain SELECT k, c FROM sbtest%d WHERE k BETWEEN 4097614 AND 4097714
for range-notcovered
table 1 : explain SELECT k, c FROM sbtest1 WHERE k BETWEEN 6237665 AND 6237765
	Bitmap Heap Scan on sbtest1  (cost=5.50..416.94 rows=104 width=125)
	  Recheck Cond: ((k >= 6237665) AND (k <= 6237765))
	  ->  Bitmap Index Scan on k_1  (cost=0.00..5.47 rows=104 width=0)
	        Index Cond: ((k >= 6237665) AND (k <= 6237765))

table 2 : explain SELECT k, c FROM sbtest2 WHERE k BETWEEN 6237665 AND 6237765
	Bitmap Heap Scan on sbtest2  (cost=5.41..381.49 rows=95 width=125)
	  Recheck Cond: ((k >= 6237665) AND (k <= 6237765))
	  ->  Bitmap Index Scan on k_2  (cost=0.00..5.38 rows=95 width=0)
	        Index Cond: ((k >= 6237665) AND (k <= 6237765))

table 3 : explain SELECT k, c FROM sbtest3 WHERE k BETWEEN 6237665 AND 6237765
	Bitmap Heap Scan on sbtest3  (cost=5.57..444.49 rows=111 width=125)
	  Recheck Cond: ((k >= 6237665) AND (k <= 6237765))
	  ->  Bitmap Index Scan on k_3  (cost=0.00..5.54 rows=111 width=0)
	        Index Cond: ((k >= 6237665) AND (k <= 6237765))

table 4 : explain SELECT k, c FROM sbtest4 WHERE k BETWEEN 6237665 AND 6237765
	Bitmap Heap Scan on sbtest4  (cost=5.46..401.19 rows=100 width=125)
	  Recheck Cond: ((k >= 6237665) AND (k <= 6237765))
	  ->  Bitmap Index Scan on k_4  (cost=0.00..5.43 rows=100 width=0)
	        Index Cond: ((k >= 6237665) AND (k <= 6237765))

table 5 : explain SELECT k, c FROM sbtest5 WHERE k BETWEEN 6237665 AND 6237765
	Bitmap Heap Scan on sbtest5  (cost=5.49..413.00 rows=103 width=125)
	  Recheck Cond: ((k >= 6237665) AND (k <= 6237765))
	  ->  Bitmap Index Scan on k_5  (cost=0.00..5.46 rows=103 width=0)
	        Index Cond: ((k >= 6237665) AND (k <= 6237765))

table 6 : explain SELECT k, c FROM sbtest6 WHERE k BETWEEN 6237665 AND 6237765
	Bitmap Heap Scan on sbtest6  (cost=5.48..409.07 rows=102 width=125)
	  Recheck Cond: ((k >= 6237665) AND (k <= 6237765))
	  ->  Bitmap Index Scan on k_6  (cost=0.00..5.45 rows=102 width=0)
	        Index Cond: ((k >= 6237665) AND (k <= 6237765))

table 7 : explain SELECT k, c FROM sbtest7 WHERE k BETWEEN 6237665 AND 6237765
	Bitmap Heap Scan on sbtest7  (cost=5.42..385.43 rows=96 width=125)
	  Recheck Cond: ((k >= 6237665) AND (k <= 6237765))
	  ->  Bitmap Index Scan on k_7  (cost=0.00..5.39 rows=96 width=0)
	        Index Cond: ((k >= 6237665) AND (k <= 6237765))

table 8 : explain SELECT k, c FROM sbtest8 WHERE k BETWEEN 6237665 AND 6237765
	Bitmap Heap Scan on sbtest8  (cost=5.47..405.13 rows=101 width=125)
	  Recheck Cond: ((k >= 6237665) AND (k <= 6237765))
	  ->  Bitmap Index Scan on k_8  (cost=0.00..5.44 rows=101 width=0)
	        Index Cond: ((k >= 6237665) AND (k <= 6237765))

for range-notcovered
table 1 : explain SELECT k, c FROM sbtest1 WHERE k BETWEEN 3640754 AND 3640854
	Bitmap Heap Scan on sbtest1  (cost=5.45..397.25 rows=99 width=125)
	  Recheck Cond: ((k >= 3640754) AND (k <= 3640854))
	  ->  Bitmap Index Scan on k_1  (cost=0.00..5.42 rows=99 width=0)
	        Index Cond: ((k >= 3640754) AND (k <= 3640854))

table 2 : explain SELECT k, c FROM sbtest2 WHERE k BETWEEN 3640754 AND 3640854
	Bitmap Heap Scan on sbtest2  (cost=5.45..397.25 rows=99 width=125)
	  Recheck Cond: ((k >= 3640754) AND (k <= 3640854))
	  ->  Bitmap Index Scan on k_2  (cost=0.00..5.42 rows=99 width=0)
	        Index Cond: ((k >= 3640754) AND (k <= 3640854))

table 3 : explain SELECT k, c FROM sbtest3 WHERE k BETWEEN 3640754 AND 3640854
	Bitmap Heap Scan on sbtest3  (cost=5.46..401.19 rows=100 width=125)
	  Recheck Cond: ((k >= 3640754) AND (k <= 3640854))
	  ->  Bitmap Index Scan on k_3  (cost=0.00..5.43 rows=100 width=0)
	        Index Cond: ((k >= 3640754) AND (k <= 3640854))

table 4 : explain SELECT k, c FROM sbtest4 WHERE k BETWEEN 3640754 AND 3640854
	Bitmap Heap Scan on sbtest4  (cost=5.41..381.49 rows=95 width=125)
	  Recheck Cond: ((k >= 3640754) AND (k <= 3640854))
	  ->  Bitmap Index Scan on k_4  (cost=0.00..5.38 rows=95 width=0)
	        Index Cond: ((k >= 3640754) AND (k <= 3640854))

table 5 : explain SELECT k, c FROM sbtest5 WHERE k BETWEEN 3640754 AND 3640854
	Bitmap Heap Scan on sbtest5  (cost=5.40..377.55 rows=94 width=125)
	  Recheck Cond: ((k >= 3640754) AND (k <= 3640854))
	  ->  Bitmap Index Scan on k_5  (cost=0.00..5.38 rows=94 width=0)
	        Index Cond: ((k >= 3640754) AND (k <= 3640854))

table 6 : explain SELECT k, c FROM sbtest6 WHERE k BETWEEN 3640754 AND 3640854
	Bitmap Heap Scan on sbtest6  (cost=5.51..420.88 rows=105 width=125)
	  Recheck Cond: ((k >= 3640754) AND (k <= 3640854))
	  ->  Bitmap Index Scan on k_6  (cost=0.00..5.48 rows=105 width=0)
	        Index Cond: ((k >= 3640754) AND (k <= 3640854))

table 7 : explain SELECT k, c FROM sbtest7 WHERE k BETWEEN 3640754 AND 3640854
	Bitmap Heap Scan on sbtest7  (cost=5.46..401.19 rows=100 width=125)
	  Recheck Cond: ((k >= 3640754) AND (k <= 3640854))
	  ->  Bitmap Index Scan on k_7  (cost=0.00..5.43 rows=100 width=0)
	        Index Cond: ((k >= 3640754) AND (k <= 3640854))

table 8 : explain SELECT k, c FROM sbtest8 WHERE k BETWEEN 3640754 AND 3640854
	Bitmap Heap Scan on sbtest8  (cost=5.38..369.67 rows=92 width=125)
	  Recheck Cond: ((k >= 3640754) AND (k <= 3640854))
	  ->  Bitmap Index Scan on k_8  (cost=0.00..5.35 rows=92 width=0)
	        Index Cond: ((k >= 3640754) AND (k <= 3640854))

for range-notcovered
table 1 : explain SELECT k, c FROM sbtest1 WHERE k BETWEEN 5436577 AND 5436677
	Bitmap Heap Scan on sbtest1  (cost=5.47..405.13 rows=101 width=125)
	  Recheck Cond: ((k >= 5436577) AND (k <= 5436677))
	  ->  Bitmap Index Scan on k_1  (cost=0.00..5.44 rows=101 width=0)
	        Index Cond: ((k >= 5436577) AND (k <= 5436677))

table 2 : explain SELECT k, c FROM sbtest2 WHERE k BETWEEN 5436577 AND 5436677
	Bitmap Heap Scan on sbtest2  (cost=5.51..420.88 rows=105 width=125)
	  Recheck Cond: ((k >= 5436577) AND (k <= 5436677))
	  ->  Bitmap Index Scan on k_2  (cost=0.00..5.48 rows=105 width=0)
	        Index Cond: ((k >= 5436577) AND (k <= 5436677))

table 3 : explain SELECT k, c FROM sbtest3 WHERE k BETWEEN 5436577 AND 5436677
	Bitmap Heap Scan on sbtest3  (cost=5.47..405.13 rows=101 width=125)
	  Recheck Cond: ((k >= 5436577) AND (k <= 5436677))
	  ->  Bitmap Index Scan on k_3  (cost=0.00..5.44 rows=101 width=0)
	        Index Cond: ((k >= 5436577) AND (k <= 5436677))

table 4 : explain SELECT k, c FROM sbtest4 WHERE k BETWEEN 5436577 AND 5436677
	Bitmap Heap Scan on sbtest4  (cost=5.55..436.62 rows=109 width=125)
	  Recheck Cond: ((k >= 5436577) AND (k <= 5436677))
	  ->  Bitmap Index Scan on k_4  (cost=0.00..5.52 rows=109 width=0)
	        Index Cond: ((k >= 5436577) AND (k <= 5436677))

table 5 : explain SELECT k, c FROM sbtest5 WHERE k BETWEEN 5436577 AND 5436677
	Bitmap Heap Scan on sbtest5  (cost=5.45..397.25 rows=99 width=125)
	  Recheck Cond: ((k >= 5436577) AND (k <= 5436677))
	  ->  Bitmap Index Scan on k_5  (cost=0.00..5.42 rows=99 width=0)
	        Index Cond: ((k >= 5436577) AND (k <= 5436677))

table 6 : explain SELECT k, c FROM sbtest6 WHERE k BETWEEN 5436577 AND 5436677
	Bitmap Heap Scan on sbtest6  (cost=5.50..416.94 rows=104 width=125)
	  Recheck Cond: ((k >= 5436577) AND (k <= 5436677))
	  ->  Bitmap Index Scan on k_6  (cost=0.00..5.47 rows=104 width=0)
	        Index Cond: ((k >= 5436577) AND (k <= 5436677))

table 7 : explain SELECT k, c FROM sbtest7 WHERE k BETWEEN 5436577 AND 5436677
	Bitmap Heap Scan on sbtest7  (cost=5.53..428.75 rows=107 width=125)
	  Recheck Cond: ((k >= 5436577) AND (k <= 5436677))
	  ->  Bitmap Index Scan on k_7  (cost=0.00..5.50 rows=107 width=0)
	        Index Cond: ((k >= 5436577) AND (k <= 5436677))

table 8 : explain SELECT k, c FROM sbtest8 WHERE k BETWEEN 5436577 AND 5436677
	Bitmap Heap Scan on sbtest8  (cost=5.47..405.13 rows=101 width=125)
	  Recheck Cond: ((k >= 5436577) AND (k <= 5436677))
	  ->  Bitmap Index Scan on k_8  (cost=0.00..5.44 rows=101 width=0)
	        Index Cond: ((k >= 5436577) AND (k <= 5436677))

explain: for range-notcovered :: explain SELECT k, c FROM sbtest%d WHERE k BETWEEN 5436577 AND 5436677
explain: for range-notcovered :: explain SELECT k, c FROM sbtest%d WHERE k BETWEEN 3640754 AND 3640854
for range-notcovered
table 1 : explain SELECT k, c FROM sbtest1 WHERE k BETWEEN 4614466 AND 4614566
	Bitmap Heap Scan on sbtest1  (cost=5.44..393.31 rows=98 width=125)
	  Recheck Cond: ((k >= 4614466) AND (k <= 4614566))
	  ->  Bitmap Index Scan on k_1  (cost=0.00..5.42 rows=98 width=0)
	        Index Cond: ((k >= 4614466) AND (k <= 4614566))

table 2 : explain SELECT k, c FROM sbtest2 WHERE k BETWEEN 4614466 AND 4614566
	Bitmap Heap Scan on sbtest2  (cost=5.50..416.94 rows=104 width=125)
	  Recheck Cond: ((k >= 4614466) AND (k <= 4614566))
	  ->  Bitmap Index Scan on k_2  (cost=0.00..5.47 rows=104 width=0)
	        Index Cond: ((k >= 4614466) AND (k <= 4614566))

table 3 : explain SELECT k, c FROM sbtest3 WHERE k BETWEEN 4614466 AND 4614566
	Bitmap Heap Scan on sbtest3  (cost=5.47..405.13 rows=101 width=125)
	  Recheck Cond: ((k >= 4614466) AND (k <= 4614566))
	  ->  Bitmap Index Scan on k_3  (cost=0.00..5.44 rows=101 width=0)
	        Index Cond: ((k >= 4614466) AND (k <= 4614566))

table 4 : explain SELECT k, c FROM sbtest4 WHERE k BETWEEN 4614466 AND 4614566
	Bitmap Heap Scan on sbtest4  (cost=5.55..436.62 rows=109 width=125)
	  Recheck Cond: ((k >= 4614466) AND (k <= 4614566))
	  ->  Bitmap Index Scan on k_4  (cost=0.00..5.52 rows=109 width=0)
	        Index Cond: ((k >= 4614466) AND (k <= 4614566))

table 5 : explain SELECT k, c FROM sbtest5 WHERE k BETWEEN 4614466 AND 4614566
	Bitmap Heap Scan on sbtest5  (cost=5.53..428.75 rows=107 width=125)
	  Recheck Cond: ((k >= 4614466) AND (k <= 4614566))
	  ->  Bitmap Index Scan on k_5  (cost=0.00..5.50 rows=107 width=0)
	        Index Cond: ((k >= 4614466) AND (k <= 4614566))

table 6 : explain SELECT k, c FROM sbtest6 WHERE k BETWEEN 4614466 AND 4614566
	Bitmap Heap Scan on sbtest6  (cost=5.47..405.13 rows=101 width=125)
	  Recheck Cond: ((k >= 4614466) AND (k <= 4614566))
	  ->  Bitmap Index Scan on k_6  (cost=0.00..5.44 rows=101 width=0)
	        Index Cond: ((k >= 4614466) AND (k <= 4614566))

table 7 : explain SELECT k, c FROM sbtest7 WHERE k BETWEEN 4614466 AND 4614566
	Bitmap Heap Scan on sbtest7  (cost=5.56..440.56 rows=110 width=125)
	  Recheck Cond: ((k >= 4614466) AND (k <= 4614566))
	  ->  Bitmap Index Scan on k_7  (cost=0.00..5.53 rows=110 width=0)
	        Index Cond: ((k >= 4614466) AND (k <= 4614566))

table 8 : explain SELECT k, c FROM sbtest8 WHERE k BETWEEN 4614466 AND 4614566
	Bitmap Heap Scan on sbtest8  (cost=5.57..444.49 rows=111 width=125)
	  Recheck Cond: ((k >= 4614466) AND (k <= 4614566))
	  ->  Bitmap Index Scan on k_8  (cost=0.00..5.54 rows=111 width=0)
	        Index Cond: ((k >= 4614466) AND (k <= 4614566))

for range-notcovered
table 1 : explain SELECT k, c FROM sbtest1 WHERE k BETWEEN 5828157 AND 5828257
	Bitmap Heap Scan on sbtest1  (cost=5.46..401.19 rows=100 width=125)
	  Recheck Cond: ((k >= 5828157) AND (k <= 5828257))
	  ->  Bitmap Index Scan on k_1  (cost=0.00..5.43 rows=100 width=0)
	        Index Cond: ((k >= 5828157) AND (k <= 5828257))

table 2 : explain SELECT k, c FROM sbtest2 WHERE k BETWEEN 5828157 AND 5828257
	Bitmap Heap Scan on sbtest2  (cost=5.48..409.07 rows=102 width=125)
	  Recheck Cond: ((k >= 5828157) AND (k <= 5828257))
	  ->  Bitmap Index Scan on k_2  (cost=0.00..5.45 rows=102 width=0)
	        Index Cond: ((k >= 5828157) AND (k <= 5828257))

table 3 : explain SELECT k, c FROM sbtest3 WHERE k BETWEEN 5828157 AND 5828257
	Bitmap Heap Scan on sbtest3  (cost=5.51..420.88 rows=105 width=125)
	  Recheck Cond: ((k >= 5828157) AND (k <= 5828257))
	  ->  Bitmap Index Scan on k_3  (cost=0.00..5.48 rows=105 width=0)
	        Index Cond: ((k >= 5828157) AND (k <= 5828257))

table 4 : explain SELECT k, c FROM sbtest4 WHERE k BETWEEN 5828157 AND 5828257
	Bitmap Heap Scan on sbtest4  (cost=5.39..373.61 rows=93 width=125)
	  Recheck Cond: ((k >= 5828157) AND (k <= 5828257))
	  ->  Bitmap Index Scan on k_4  (cost=0.00..5.36 rows=93 width=0)
	        Index Cond: ((k >= 5828157) AND (k <= 5828257))

table 5 : explain SELECT k, c FROM sbtest5 WHERE k BETWEEN 5828157 AND 5828257
	Bitmap Heap Scan on sbtest5  (cost=5.41..381.49 rows=95 width=125)
	  Recheck Cond: ((k >= 5828157) AND (k <= 5828257))
	  ->  Bitmap Index Scan on k_5  (cost=0.00..5.38 rows=95 width=0)
	        Index Cond: ((k >= 5828157) AND (k <= 5828257))

table 6 : explain SELECT k, c FROM sbtest6 WHERE k BETWEEN 5828157 AND 5828257
	Bitmap Heap Scan on sbtest6  (cost=5.44..393.31 rows=98 width=125)
	  Recheck Cond: ((k >= 5828157) AND (k <= 5828257))
	  ->  Bitmap Index Scan on k_6  (cost=0.00..5.42 rows=98 width=0)
	        Index Cond: ((k >= 5828157) AND (k <= 5828257))

table 7 : explain SELECT k, c FROM sbtest7 WHERE k BETWEEN 5828157 AND 5828257
	Bitmap Heap Scan on sbtest7  (cost=5.54..432.69 rows=108 width=125)
	  Recheck Cond: ((k >= 5828157) AND (k <= 5828257))
	  ->  Bitmap Index Scan on k_7  (cost=0.00..5.51 rows=108 width=0)
	        Index Cond: ((k >= 5828157) AND (k <= 5828257))

table 8 : explain SELECT k, c FROM sbtest8 WHERE k BETWEEN 5828157 AND 5828257
	Bitmap Heap Scan on sbtest8  (cost=5.48..409.07 rows=102 width=125)
	  Recheck Cond: ((k >= 5828157) AND (k <= 5828257))
	  ->  Bitmap Index Scan on k_8  (cost=0.00..5.45 rows=102 width=0)
	        Index Cond: ((k >= 5828157) AND (k <= 5828257))

for range-notcovered
table 1 : explain SELECT k, c FROM sbtest1 WHERE k BETWEEN 6370675 AND 6370775
	Bitmap Heap Scan on sbtest1  (cost=5.50..416.94 rows=104 width=125)
	  Recheck Cond: ((k >= 6370675) AND (k <= 6370775))
	  ->  Bitmap Index Scan on k_1  (cost=0.00..5.47 rows=104 width=0)
	        Index Cond: ((k >= 6370675) AND (k <= 6370775))

table 2 : explain SELECT k, c FROM sbtest2 WHERE k BETWEEN 6370675 AND 6370775
	Bitmap Heap Scan on sbtest2  (cost=5.54..432.69 rows=108 width=125)
	  Recheck Cond: ((k >= 6370675) AND (k <= 6370775))
	  ->  Bitmap Index Scan on k_2  (cost=0.00..5.51 rows=108 width=0)
	        Index Cond: ((k >= 6370675) AND (k <= 6370775))

table 3 : explain SELECT k, c FROM sbtest3 WHERE k BETWEEN 6370675 AND 6370775
	Bitmap Heap Scan on sbtest3  (cost=5.54..432.69 rows=108 width=125)
	  Recheck Cond: ((k >= 6370675) AND (k <= 6370775))
	  ->  Bitmap Index Scan on k_3  (cost=0.00..5.51 rows=108 width=0)
	        Index Cond: ((k >= 6370675) AND (k <= 6370775))

table 4 : explain SELECT k, c FROM sbtest4 WHERE k BETWEEN 6370675 AND 6370775
	Bitmap Heap Scan on sbtest4  (cost=5.47..405.13 rows=101 width=125)
	  Recheck Cond: ((k >= 6370675) AND (k <= 6370775))
	  ->  Bitmap Index Scan on k_4  (cost=0.00..5.44 rows=101 width=0)
	        Index Cond: ((k >= 6370675) AND (k <= 6370775))

table 5 : explain SELECT k, c FROM sbtest5 WHERE k BETWEEN 6370675 AND 6370775
	Bitmap Heap Scan on sbtest5  (cost=5.44..393.31 rows=98 width=125)
	  Recheck Cond: ((k >= 6370675) AND (k <= 6370775))
	  ->  Bitmap Index Scan on k_5  (cost=0.00..5.42 rows=98 width=0)
	        Index Cond: ((k >= 6370675) AND (k <= 6370775))

table 6 : explain SELECT k, c FROM sbtest6 WHERE k BETWEEN 6370675 AND 6370775
	Bitmap Heap Scan on sbtest6  (cost=5.49..413.00 rows=103 width=125)
	  Recheck Cond: ((k >= 6370675) AND (k <= 6370775))
	  ->  Bitmap Index Scan on k_6  (cost=0.00..5.46 rows=103 width=0)
	        Index Cond: ((k >= 6370675) AND (k <= 6370775))

table 7 : explain SELECT k, c FROM sbtest7 WHERE k BETWEEN 6370675 AND 6370775
	Bitmap Heap Scan on sbtest7  (cost=5.42..385.43 rows=96 width=125)
	  Recheck Cond: ((k >= 6370675) AND (k <= 6370775))
	  ->  Bitmap Index Scan on k_7  (cost=0.00..5.39 rows=96 width=0)
	        Index Cond: ((k >= 6370675) AND (k <= 6370775))

table 8 : explain SELECT k, c FROM sbtest8 WHERE k BETWEEN 6370675 AND 6370775
	Bitmap Heap Scan on sbtest8  (cost=5.44..393.31 rows=98 width=125)
	  Recheck Cond: ((k >= 6370675) AND (k <= 6370775))
	  ->  Bitmap Index Scan on k_8  (cost=0.00..5.42 rows=98 width=0)
	        Index Cond: ((k >= 6370675) AND (k <= 6370775))

explain: for range-notcovered :: explain SELECT k, c FROM sbtest%d WHERE k BETWEEN 4614466 AND 4614566
explain: for range-notcovered :: explain SELECT k, c FROM sbtest%d WHERE k BETWEEN 5828157 AND 5828257
for range-notcovered
table 1 : explain SELECT k, c FROM sbtest1 WHERE k BETWEEN 8566701 AND 8566801
	Bitmap Heap Scan on sbtest1  (cost=5.40..377.55 rows=94 width=125)
	  Recheck Cond: ((k >= 8566701) AND (k <= 8566801))
	  ->  Bitmap Index Scan on k_1  (cost=0.00..5.38 rows=94 width=0)
	        Index Cond: ((k >= 8566701) AND (k <= 8566801))

table 2 : explain SELECT k, c FROM sbtest2 WHERE k BETWEEN 8566701 AND 8566801
	Bitmap Heap Scan on sbtest2  (cost=5.46..401.19 rows=100 width=125)
	  Recheck Cond: ((k >= 8566701) AND (k <= 8566801))
	  ->  Bitmap Index Scan on k_2  (cost=0.00..5.43 rows=100 width=0)
	        Index Cond: ((k >= 8566701) AND (k <= 8566801))

table 3 : explain SELECT k, c FROM sbtest3 WHERE k BETWEEN 8566701 AND 8566801
	Bitmap Heap Scan on sbtest3  (cost=5.52..424.81 rows=106 width=125)
	  Recheck Cond: ((k >= 8566701) AND (k <= 8566801))
	  ->  Bitmap Index Scan on k_3  (cost=0.00..5.50 rows=106 width=0)
	        Index Cond: ((k >= 8566701) AND (k <= 8566801))

table 4 : explain SELECT k, c FROM sbtest4 WHERE k BETWEEN 8566701 AND 8566801
	Bitmap Heap Scan on sbtest4  (cost=5.37..365.72 rows=91 width=125)
	  Recheck Cond: ((k >= 8566701) AND (k <= 8566801))
	  ->  Bitmap Index Scan on k_4  (cost=0.00..5.34 rows=91 width=0)
	        Index Cond: ((k >= 8566701) AND (k <= 8566801))

table 5 : explain SELECT k, c FROM sbtest5 WHERE k BETWEEN 8566701 AND 8566801
	Bitmap Heap Scan on sbtest5  (cost=5.46..401.19 rows=100 width=125)
	  Recheck Cond: ((k >= 8566701) AND (k <= 8566801))
	  ->  Bitmap Index Scan on k_5  (cost=0.00..5.43 rows=100 width=0)
	        Index Cond: ((k >= 8566701) AND (k <= 8566801))

table 6 : explain SELECT k, c FROM sbtest6 WHERE k BETWEEN 8566701 AND 8566801
	Bitmap Heap Scan on sbtest6  (cost=5.51..420.88 rows=105 width=125)
	  Recheck Cond: ((k >= 8566701) AND (k <= 8566801))
	  ->  Bitmap Index Scan on k_6  (cost=0.00..5.48 rows=105 width=0)
	        Index Cond: ((k >= 8566701) AND (k <= 8566801))

table 7 : explain SELECT k, c FROM sbtest7 WHERE k BETWEEN 8566701 AND 8566801
	Bitmap Heap Scan on sbtest7  (cost=5.49..413.00 rows=103 width=125)
	  Recheck Cond: ((k >= 8566701) AND (k <= 8566801))
	  ->  Bitmap Index Scan on k_7  (cost=0.00..5.46 rows=103 width=0)
	        Index Cond: ((k >= 8566701) AND (k <= 8566801))

table 8 : explain SELECT k, c FROM sbtest8 WHERE k BETWEEN 8566701 AND 8566801
	Bitmap Heap Scan on sbtest8  (cost=5.57..444.49 rows=111 width=125)
	  Recheck Cond: ((k >= 8566701) AND (k <= 8566801))
	  ->  Bitmap Index Scan on k_8  (cost=0.00..5.54 rows=111 width=0)
	        Index Cond: ((k >= 8566701) AND (k <= 8566801))

explain: for range-notcovered :: explain SELECT k, c FROM sbtest%d WHERE k BETWEEN 6370675 AND 6370775
for range-notcovered
table 1 : explain SELECT k, c FROM sbtest1 WHERE k BETWEEN 3721542 AND 3721642
	Bitmap Heap Scan on sbtest1  (cost=5.58..448.42 rows=112 width=125)
	  Recheck Cond: ((k >= 3721542) AND (k <= 3721642))
	  ->  Bitmap Index Scan on k_1  (cost=0.00..5.55 rows=112 width=0)
	        Index Cond: ((k >= 3721542) AND (k <= 3721642))

table 2 : explain SELECT k, c FROM sbtest2 WHERE k BETWEEN 3721542 AND 3721642
	Bitmap Heap Scan on sbtest2  (cost=5.50..416.94 rows=104 width=125)
	  Recheck Cond: ((k >= 3721542) AND (k <= 3721642))
	  ->  Bitmap Index Scan on k_2  (cost=0.00..5.47 rows=104 width=0)
	        Index Cond: ((k >= 3721542) AND (k <= 3721642))

table 3 : explain SELECT k, c FROM sbtest3 WHERE k BETWEEN 3721542 AND 3721642
	Bitmap Heap Scan on sbtest3  (cost=5.49..413.00 rows=103 width=125)
	  Recheck Cond: ((k >= 3721542) AND (k <= 3721642))
	  ->  Bitmap Index Scan on k_3  (cost=0.00..5.46 rows=103 width=0)
	        Index Cond: ((k >= 3721542) AND (k <= 3721642))

table 4 : explain SELECT k, c FROM sbtest4 WHERE k BETWEEN 3721542 AND 3721642
	Bitmap Heap Scan on sbtest4  (cost=5.54..432.69 rows=108 width=125)
	  Recheck Cond: ((k >= 3721542) AND (k <= 3721642))
	  ->  Bitmap Index Scan on k_4  (cost=0.00..5.51 rows=108 width=0)
	        Index Cond: ((k >= 3721542) AND (k <= 3721642))

table 5 : explain SELECT k, c FROM sbtest5 WHERE k BETWEEN 3721542 AND 3721642
	Bitmap Heap Scan on sbtest5  (cost=5.42..385.43 rows=96 width=125)
	  Recheck Cond: ((k >= 3721542) AND (k <= 3721642))
	  ->  Bitmap Index Scan on k_5  (cost=0.00..5.39 rows=96 width=0)
	        Index Cond: ((k >= 3721542) AND (k <= 3721642))

table 6 : explain SELECT k, c FROM sbtest6 WHERE k BETWEEN 3721542 AND 3721642
	Bitmap Heap Scan on sbtest6  (cost=5.40..377.55 rows=94 width=125)
	  Recheck Cond: ((k >= 3721542) AND (k <= 3721642))
	  ->  Bitmap Index Scan on k_6  (cost=0.00..5.38 rows=94 width=0)
	        Index Cond: ((k >= 3721542) AND (k <= 3721642))

table 7 : explain SELECT k, c FROM sbtest7 WHERE k BETWEEN 3721542 AND 3721642
	Bitmap Heap Scan on sbtest7  (cost=5.43..389.37 rows=97 width=125)
	  Recheck Cond: ((k >= 3721542) AND (k <= 3721642))
	  ->  Bitmap Index Scan on k_7  (cost=0.00..5.40 rows=97 width=0)
	        Index Cond: ((k >= 3721542) AND (k <= 3721642))

table 8 : explain SELECT k, c FROM sbtest8 WHERE k BETWEEN 3721542 AND 3721642
	Bitmap Heap Scan on sbtest8  (cost=5.44..393.31 rows=98 width=125)
	  Recheck Cond: ((k >= 3721542) AND (k <= 3721642))
	  ->  Bitmap Index Scan on k_8  (cost=0.00..5.42 rows=98 width=0)
	        Index Cond: ((k >= 3721542) AND (k <= 3721642))

explain: for range-notcovered :: explain SELECT k, c FROM sbtest%d WHERE k BETWEEN 3721542 AND 3721642
for range-notcovered
table 1 : explain SELECT k, c FROM sbtest1 WHERE k BETWEEN 4097614 AND 4097714
	Bitmap Heap Scan on sbtest1  (cost=5.62..464.15 rows=116 width=125)
	  Recheck Cond: ((k >= 4097614) AND (k <= 4097714))
	  ->  Bitmap Index Scan on k_1  (cost=0.00..5.59 rows=116 width=0)
	        Index Cond: ((k >= 4097614) AND (k <= 4097714))

table 2 : explain SELECT k, c FROM sbtest2 WHERE k BETWEEN 4097614 AND 4097714
	Bitmap Heap Scan on sbtest2  (cost=5.60..456.29 rows=114 width=125)
	  Recheck Cond: ((k >= 4097614) AND (k <= 4097714))
	  ->  Bitmap Index Scan on k_2  (cost=0.00..5.58 rows=114 width=0)
	        Index Cond: ((k >= 4097614) AND (k <= 4097714))

table 3 : explain SELECT k, c FROM sbtest3 WHERE k BETWEEN 4097614 AND 4097714
	Bitmap Heap Scan on sbtest3  (cost=5.50..416.94 rows=104 width=125)
	  Recheck Cond: ((k >= 4097614) AND (k <= 4097714))
	  ->  Bitmap Index Scan on k_3  (cost=0.00..5.47 rows=104 width=0)
	        Index Cond: ((k >= 4097614) AND (k <= 4097714))

table 4 : explain SELECT k, c FROM sbtest4 WHERE k BETWEEN 4097614 AND 4097714
	Bitmap Heap Scan on sbtest4  (cost=5.37..365.72 rows=91 width=125)
	  Recheck Cond: ((k >= 4097614) AND (k <= 4097714))
	  ->  Bitmap Index Scan on k_4  (cost=0.00..5.34 rows=91 width=0)
	        Index Cond: ((k >= 4097614) AND (k <= 4097714))

table 5 : explain SELECT k, c FROM sbtest5 WHERE k BETWEEN 4097614 AND 4097714
	Bitmap Heap Scan on sbtest5  (cost=5.54..432.69 rows=108 width=125)
	  Recheck Cond: ((k >= 4097614) AND (k <= 4097714))
	  ->  Bitmap Index Scan on k_5  (cost=0.00..5.51 rows=108 width=0)
	        Index Cond: ((k >= 4097614) AND (k <= 4097714))

table 6 : explain SELECT k, c FROM sbtest6 WHERE k BETWEEN 4097614 AND 4097714
	Bitmap Heap Scan on sbtest6  (cost=5.44..393.31 rows=98 width=125)
	  Recheck Cond: ((k >= 4097614) AND (k <= 4097714))
	  ->  Bitmap Index Scan on k_6  (cost=0.00..5.42 rows=98 width=0)
	        Index Cond: ((k >= 4097614) AND (k <= 4097714))

table 7 : explain SELECT k, c FROM sbtest7 WHERE k BETWEEN 4097614 AND 4097714
	Bitmap Heap Scan on sbtest7  (cost=5.53..428.75 rows=107 width=125)
	  Recheck Cond: ((k >= 4097614) AND (k <= 4097714))
	  ->  Bitmap Index Scan on k_7  (cost=0.00..5.50 rows=107 width=0)
	        Index Cond: ((k >= 4097614) AND (k <= 4097714))

table 8 : explain SELECT k, c FROM sbtest8 WHERE k BETWEEN 4097614 AND 4097714
	Bitmap Heap Scan on sbtest8  (cost=5.42..385.43 rows=96 width=125)
	  Recheck Cond: ((k >= 4097614) AND (k <= 4097714))
	  ->  Bitmap Index Scan on k_8  (cost=0.00..5.39 rows=96 width=0)
	        Index Cond: ((k >= 4097614) AND (k <= 4097714))

explain: for range-notcovered :: explain SELECT k, c FROM sbtest%d WHERE k BETWEEN 4097614 AND 4097714
for range-notcovered
table 1 : explain SELECT k, c FROM sbtest1 WHERE k BETWEEN 5436577 AND 5436677
	Bitmap Heap Scan on sbtest1  (cost=5.47..405.13 rows=101 width=125)
	  Recheck Cond: ((k >= 5436577) AND (k <= 5436677))
	  ->  Bitmap Index Scan on k_1  (cost=0.00..5.44 rows=101 width=0)
	        Index Cond: ((k >= 5436577) AND (k <= 5436677))

table 2 : explain SELECT k, c FROM sbtest2 WHERE k BETWEEN 5436577 AND 5436677
	Bitmap Heap Scan on sbtest2  (cost=5.51..420.88 rows=105 width=125)
	  Recheck Cond: ((k >= 5436577) AND (k <= 5436677))
	  ->  Bitmap Index Scan on k_2  (cost=0.00..5.48 rows=105 width=0)
	        Index Cond: ((k >= 5436577) AND (k <= 5436677))

table 3 : explain SELECT k, c FROM sbtest3 WHERE k BETWEEN 5436577 AND 5436677
	Bitmap Heap Scan on sbtest3  (cost=5.47..405.13 rows=101 width=125)
	  Recheck Cond: ((k >= 5436577) AND (k <= 5436677))
	  ->  Bitmap Index Scan on k_3  (cost=0.00..5.44 rows=101 width=0)
	        Index Cond: ((k >= 5436577) AND (k <= 5436677))

table 4 : explain SELECT k, c FROM sbtest4 WHERE k BETWEEN 5436577 AND 5436677
	Bitmap Heap Scan on sbtest4  (cost=5.55..436.62 rows=109 width=125)
	  Recheck Cond: ((k >= 5436577) AND (k <= 5436677))
	  ->  Bitmap Index Scan on k_4  (cost=0.00..5.52 rows=109 width=0)
	        Index Cond: ((k >= 5436577) AND (k <= 5436677))

table 5 : explain SELECT k, c FROM sbtest5 WHERE k BETWEEN 5436577 AND 5436677
	Bitmap Heap Scan on sbtest5  (cost=5.45..397.25 rows=99 width=125)
	  Recheck Cond: ((k >= 5436577) AND (k <= 5436677))
	  ->  Bitmap Index Scan on k_5  (cost=0.00..5.42 rows=99 width=0)
	        Index Cond: ((k >= 5436577) AND (k <= 5436677))

table 6 : explain SELECT k, c FROM sbtest6 WHERE k BETWEEN 5436577 AND 5436677
	Bitmap Heap Scan on sbtest6  (cost=5.50..416.94 rows=104 width=125)
	  Recheck Cond: ((k >= 5436577) AND (k <= 5436677))
	  ->  Bitmap Index Scan on k_6  (cost=0.00..5.47 rows=104 width=0)
	        Index Cond: ((k >= 5436577) AND (k <= 5436677))

table 7 : explain SELECT k, c FROM sbtest7 WHERE k BETWEEN 5436577 AND 5436677
	Bitmap Heap Scan on sbtest7  (cost=5.53..428.75 rows=107 width=125)
	  Recheck Cond: ((k >= 5436577) AND (k <= 5436677))
	  ->  Bitmap Index Scan on k_7  (cost=0.00..5.50 rows=107 width=0)
	        Index Cond: ((k >= 5436577) AND (k <= 5436677))

table 8 : explain SELECT k, c FROM sbtest8 WHERE k BETWEEN 5436577 AND 5436677
	Bitmap Heap Scan on sbtest8  (cost=5.47..405.13 rows=101 width=125)
	  Recheck Cond: ((k >= 5436577) AND (k <= 5436677))
	  ->  Bitmap Index Scan on k_8  (cost=0.00..5.44 rows=101 width=0)
	        Index Cond: ((k >= 5436577) AND (k <= 5436677))

explain: for range-notcovered :: explain SELECT k, c FROM sbtest%d WHERE k BETWEEN 5436577 AND 5436677
for range-notcovered
table 1 : explain SELECT k, c FROM sbtest1 WHERE k BETWEEN 4614466 AND 4614566
	Bitmap Heap Scan on sbtest1  (cost=5.44..393.31 rows=98 width=125)
	  Recheck Cond: ((k >= 4614466) AND (k <= 4614566))
	  ->  Bitmap Index Scan on k_1  (cost=0.00..5.42 rows=98 width=0)
	        Index Cond: ((k >= 4614466) AND (k <= 4614566))

table 2 : explain SELECT k, c FROM sbtest2 WHERE k BETWEEN 4614466 AND 4614566
	Bitmap Heap Scan on sbtest2  (cost=5.50..416.94 rows=104 width=125)
	  Recheck Cond: ((k >= 4614466) AND (k <= 4614566))
	  ->  Bitmap Index Scan on k_2  (cost=0.00..5.47 rows=104 width=0)
	        Index Cond: ((k >= 4614466) AND (k <= 4614566))

table 3 : explain SELECT k, c FROM sbtest3 WHERE k BETWEEN 4614466 AND 4614566
	Bitmap Heap Scan on sbtest3  (cost=5.47..405.13 rows=101 width=125)
	  Recheck Cond: ((k >= 4614466) AND (k <= 4614566))
	  ->  Bitmap Index Scan on k_3  (cost=0.00..5.44 rows=101 width=0)
	        Index Cond: ((k >= 4614466) AND (k <= 4614566))

table 4 : explain SELECT k, c FROM sbtest4 WHERE k BETWEEN 4614466 AND 4614566
	Bitmap Heap Scan on sbtest4  (cost=5.55..436.62 rows=109 width=125)
	  Recheck Cond: ((k >= 4614466) AND (k <= 4614566))
	  ->  Bitmap Index Scan on k_4  (cost=0.00..5.52 rows=109 width=0)
	        Index Cond: ((k >= 4614466) AND (k <= 4614566))

table 5 : explain SELECT k, c FROM sbtest5 WHERE k BETWEEN 4614466 AND 4614566
	Bitmap Heap Scan on sbtest5  (cost=5.53..428.75 rows=107 width=125)
	  Recheck Cond: ((k >= 4614466) AND (k <= 4614566))
	  ->  Bitmap Index Scan on k_5  (cost=0.00..5.50 rows=107 width=0)
	        Index Cond: ((k >= 4614466) AND (k <= 4614566))

table 6 : explain SELECT k, c FROM sbtest6 WHERE k BETWEEN 4614466 AND 4614566
	Bitmap Heap Scan on sbtest6  (cost=5.47..405.13 rows=101 width=125)
	  Recheck Cond: ((k >= 4614466) AND (k <= 4614566))
	  ->  Bitmap Index Scan on k_6  (cost=0.00..5.44 rows=101 width=0)
	        Index Cond: ((k >= 4614466) AND (k <= 4614566))

table 7 : explain SELECT k, c FROM sbtest7 WHERE k BETWEEN 4614466 AND 4614566
	Bitmap Heap Scan on sbtest7  (cost=5.56..440.56 rows=110 width=125)
	  Recheck Cond: ((k >= 4614466) AND (k <= 4614566))
	  ->  Bitmap Index Scan on k_7  (cost=0.00..5.53 rows=110 width=0)
	        Index Cond: ((k >= 4614466) AND (k <= 4614566))

table 8 : explain SELECT k, c FROM sbtest8 WHERE k BETWEEN 4614466 AND 4614566
	Bitmap Heap Scan on sbtest8  (cost=5.57..444.49 rows=111 width=125)
	  Recheck Cond: ((k >= 4614466) AND (k <= 4614566))
	  ->  Bitmap Index Scan on k_8  (cost=0.00..5.54 rows=111 width=0)
	        Index Cond: ((k >= 4614466) AND (k <= 4614566))

for range-notcovered
table 1 : explain SELECT k, c FROM sbtest1 WHERE k BETWEEN 5828157 AND 5828257
	Bitmap Heap Scan on sbtest1  (cost=5.46..401.19 rows=100 width=125)
	  Recheck Cond: ((k >= 5828157) AND (k <= 5828257))
	  ->  Bitmap Index Scan on k_1  (cost=0.00..5.43 rows=100 width=0)
	        Index Cond: ((k >= 5828157) AND (k <= 5828257))

table 2 : explain SELECT k, c FROM sbtest2 WHERE k BETWEEN 5828157 AND 5828257
	Bitmap Heap Scan on sbtest2  (cost=5.48..409.07 rows=102 width=125)
	  Recheck Cond: ((k >= 5828157) AND (k <= 5828257))
	  ->  Bitmap Index Scan on k_2  (cost=0.00..5.45 rows=102 width=0)
	        Index Cond: ((k >= 5828157) AND (k <= 5828257))

table 3 : explain SELECT k, c FROM sbtest3 WHERE k BETWEEN 5828157 AND 5828257
	Bitmap Heap Scan on sbtest3  (cost=5.51..420.88 rows=105 width=125)
	  Recheck Cond: ((k >= 5828157) AND (k <= 5828257))
	  ->  Bitmap Index Scan on k_3  (cost=0.00..5.48 rows=105 width=0)
	        Index Cond: ((k >= 5828157) AND (k <= 5828257))

table 4 : explain SELECT k, c FROM sbtest4 WHERE k BETWEEN 5828157 AND 5828257
	Bitmap Heap Scan on sbtest4  (cost=5.39..373.61 rows=93 width=125)
	  Recheck Cond: ((k >= 5828157) AND (k <= 5828257))
	  ->  Bitmap Index Scan on k_4  (cost=0.00..5.36 rows=93 width=0)
	        Index Cond: ((k >= 5828157) AND (k <= 5828257))

table 5 : explain SELECT k, c FROM sbtest5 WHERE k BETWEEN 5828157 AND 5828257
	Bitmap Heap Scan on sbtest5  (cost=5.41..381.49 rows=95 width=125)
	  Recheck Cond: ((k >= 5828157) AND (k <= 5828257))
	  ->  Bitmap Index Scan on k_5  (cost=0.00..5.38 rows=95 width=0)
	        Index Cond: ((k >= 5828157) AND (k <= 5828257))

table 6 : explain SELECT k, c FROM sbtest6 WHERE k BETWEEN 5828157 AND 5828257
	Bitmap Heap Scan on sbtest6  (cost=5.44..393.31 rows=98 width=125)
	  Recheck Cond: ((k >= 5828157) AND (k <= 5828257))
	  ->  Bitmap Index Scan on k_6  (cost=0.00..5.42 rows=98 width=0)
	        Index Cond: ((k >= 5828157) AND (k <= 5828257))

table 7 : explain SELECT k, c FROM sbtest7 WHERE k BETWEEN 5828157 AND 5828257
	Bitmap Heap Scan on sbtest7  (cost=5.54..432.69 rows=108 width=125)
	  Recheck Cond: ((k >= 5828157) AND (k <= 5828257))
	  ->  Bitmap Index Scan on k_7  (cost=0.00..5.51 rows=108 width=0)
	        Index Cond: ((k >= 5828157) AND (k <= 5828257))

table 8 : explain SELECT k, c FROM sbtest8 WHERE k BETWEEN 5828157 AND 5828257
	Bitmap Heap Scan on sbtest8  (cost=5.48..409.07 rows=102 width=125)
	  Recheck Cond: ((k >= 5828157) AND (k <= 5828257))
	  ->  Bitmap Index Scan on k_8  (cost=0.00..5.45 rows=102 width=0)
	        Index Cond: ((k >= 5828157) AND (k <= 5828257))

explain: for range-notcovered :: explain SELECT k, c FROM sbtest%d WHERE k BETWEEN 4614466 AND 4614566
explain: for range-notcovered :: explain SELECT k, c FROM sbtest%d WHERE k BETWEEN 5828157 AND 5828257
for range-notcovered
table 1 : explain SELECT k, c FROM sbtest1 WHERE k BETWEEN 6370675 AND 6370775
	Bitmap Heap Scan on sbtest1  (cost=5.50..416.94 rows=104 width=125)
	  Recheck Cond: ((k >= 6370675) AND (k <= 6370775))
	  ->  Bitmap Index Scan on k_1  (cost=0.00..5.47 rows=104 width=0)
	        Index Cond: ((k >= 6370675) AND (k <= 6370775))

table 2 : explain SELECT k, c FROM sbtest2 WHERE k BETWEEN 6370675 AND 6370775
	Bitmap Heap Scan on sbtest2  (cost=5.54..432.69 rows=108 width=125)
	  Recheck Cond: ((k >= 6370675) AND (k <= 6370775))
	  ->  Bitmap Index Scan on k_2  (cost=0.00..5.51 rows=108 width=0)
	        Index Cond: ((k >= 6370675) AND (k <= 6370775))

table 3 : explain SELECT k, c FROM sbtest3 WHERE k BETWEEN 6370675 AND 6370775
	Bitmap Heap Scan on sbtest3  (cost=5.54..432.69 rows=108 width=125)
	  Recheck Cond: ((k >= 6370675) AND (k <= 6370775))
	  ->  Bitmap Index Scan on k_3  (cost=0.00..5.51 rows=108 width=0)
	        Index Cond: ((k >= 6370675) AND (k <= 6370775))

table 4 : explain SELECT k, c FROM sbtest4 WHERE k BETWEEN 6370675 AND 6370775
	Bitmap Heap Scan on sbtest4  (cost=5.47..405.13 rows=101 width=125)
	  Recheck Cond: ((k >= 6370675) AND (k <= 6370775))
	  ->  Bitmap Index Scan on k_4  (cost=0.00..5.44 rows=101 width=0)
	        Index Cond: ((k >= 6370675) AND (k <= 6370775))

table 5 : explain SELECT k, c FROM sbtest5 WHERE k BETWEEN 6370675 AND 6370775
	Bitmap Heap Scan on sbtest5  (cost=5.44..393.31 rows=98 width=125)
	  Recheck Cond: ((k >= 6370675) AND (k <= 6370775))
	  ->  Bitmap Index Scan on k_5  (cost=0.00..5.42 rows=98 width=0)
	        Index Cond: ((k >= 6370675) AND (k <= 6370775))

table 6 : explain SELECT k, c FROM sbtest6 WHERE k BETWEEN 6370675 AND 6370775
	Bitmap Heap Scan on sbtest6  (cost=5.49..413.00 rows=103 width=125)
	  Recheck Cond: ((k >= 6370675) AND (k <= 6370775))
	  ->  Bitmap Index Scan on k_6  (cost=0.00..5.46 rows=103 width=0)
	        Index Cond: ((k >= 6370675) AND (k <= 6370775))

table 7 : explain SELECT k, c FROM sbtest7 WHERE k BETWEEN 6370675 AND 6370775
	Bitmap Heap Scan on sbtest7  (cost=5.42..385.43 rows=96 width=125)
	  Recheck Cond: ((k >= 6370675) AND (k <= 6370775))
	  ->  Bitmap Index Scan on k_7  (cost=0.00..5.39 rows=96 width=0)
	        Index Cond: ((k >= 6370675) AND (k <= 6370775))

table 8 : explain SELECT k, c FROM sbtest8 WHERE k BETWEEN 6370675 AND 6370775
	Bitmap Heap Scan on sbtest8  (cost=5.44..393.31 rows=98 width=125)
	  Recheck Cond: ((k >= 6370675) AND (k <= 6370775))
	  ->  Bitmap Index Scan on k_8  (cost=0.00..5.42 rows=98 width=0)
	        Index Cond: ((k >= 6370675) AND (k <= 6370775))

explain: for range-notcovered :: explain SELECT k, c FROM sbtest%d WHERE k BETWEEN 6370675 AND 6370775
for range-notcovered
table 1 : explain SELECT k, c FROM sbtest1 WHERE k BETWEEN 3640754 AND 3640854
	Bitmap Heap Scan on sbtest1  (cost=5.45..397.25 rows=99 width=125)
	  Recheck Cond: ((k >= 3640754) AND (k <= 3640854))
	  ->  Bitmap Index Scan on k_1  (cost=0.00..5.42 rows=99 width=0)
	        Index Cond: ((k >= 3640754) AND (k <= 3640854))

table 2 : explain SELECT k, c FROM sbtest2 WHERE k BETWEEN 3640754 AND 3640854
	Bitmap Heap Scan on sbtest2  (cost=5.45..397.25 rows=99 width=125)
	  Recheck Cond: ((k >= 3640754) AND (k <= 3640854))
	  ->  Bitmap Index Scan on k_2  (cost=0.00..5.42 rows=99 width=0)
	        Index Cond: ((k >= 3640754) AND (k <= 3640854))

table 3 : explain SELECT k, c FROM sbtest3 WHERE k BETWEEN 3640754 AND 3640854
	Bitmap Heap Scan on sbtest3  (cost=5.46..401.19 rows=100 width=125)
	  Recheck Cond: ((k >= 3640754) AND (k <= 3640854))
	  ->  Bitmap Index Scan on k_3  (cost=0.00..5.43 rows=100 width=0)
	        Index Cond: ((k >= 3640754) AND (k <= 3640854))

table 4 : explain SELECT k, c FROM sbtest4 WHERE k BETWEEN 3640754 AND 3640854
	Bitmap Heap Scan on sbtest4  (cost=5.41..381.49 rows=95 width=125)
	  Recheck Cond: ((k >= 3640754) AND (k <= 3640854))
	  ->  Bitmap Index Scan on k_4  (cost=0.00..5.38 rows=95 width=0)
	        Index Cond: ((k >= 3640754) AND (k <= 3640854))

table 5 : explain SELECT k, c FROM sbtest5 WHERE k BETWEEN 3640754 AND 3640854
	Bitmap Heap Scan on sbtest5  (cost=5.40..377.55 rows=94 width=125)
	  Recheck Cond: ((k >= 3640754) AND (k <= 3640854))
	  ->  Bitmap Index Scan on k_5  (cost=0.00..5.38 rows=94 width=0)
	        Index Cond: ((k >= 3640754) AND (k <= 3640854))

table 6 : explain SELECT k, c FROM sbtest6 WHERE k BETWEEN 3640754 AND 3640854
	Bitmap Heap Scan on sbtest6  (cost=5.51..420.88 rows=105 width=125)
	  Recheck Cond: ((k >= 3640754) AND (k <= 3640854))
	  ->  Bitmap Index Scan on k_6  (cost=0.00..5.48 rows=105 width=0)
	        Index Cond: ((k >= 3640754) AND (k <= 3640854))

table 7 : explain SELECT k, c FROM sbtest7 WHERE k BETWEEN 3640754 AND 3640854
	Bitmap Heap Scan on sbtest7  (cost=5.46..401.19 rows=100 width=125)
	  Recheck Cond: ((k >= 3640754) AND (k <= 3640854))
	  ->  Bitmap Index Scan on k_7  (cost=0.00..5.43 rows=100 width=0)
	        Index Cond: ((k >= 3640754) AND (k <= 3640854))

table 8 : explain SELECT k, c FROM sbtest8 WHERE k BETWEEN 3640754 AND 3640854
	Bitmap Heap Scan on sbtest8  (cost=5.38..369.67 rows=92 width=125)
	  Recheck Cond: ((k >= 3640754) AND (k <= 3640854))
	  ->  Bitmap Index Scan on k_8  (cost=0.00..5.35 rows=92 width=0)
	        Index Cond: ((k >= 3640754) AND (k <= 3640854))

for range-notcovered
table 1 : explain SELECT k, c FROM sbtest1 WHERE k BETWEEN 3721542 AND 3721642
	Bitmap Heap Scan on sbtest1  (cost=5.58..448.42 rows=112 width=125)
	  Recheck Cond: ((k >= 3721542) AND (k <= 3721642))
	  ->  Bitmap Index Scan on k_1  (cost=0.00..5.55 rows=112 width=0)
	        Index Cond: ((k >= 3721542) AND (k <= 3721642))

table 2 : explain SELECT k, c FROM sbtest2 WHERE k BETWEEN 3721542 AND 3721642
	Bitmap Heap Scan on sbtest2  (cost=5.50..416.94 rows=104 width=125)
	  Recheck Cond: ((k >= 3721542) AND (k <= 3721642))
	  ->  Bitmap Index Scan on k_2  (cost=0.00..5.47 rows=104 width=0)
	        Index Cond: ((k >= 3721542) AND (k <= 3721642))

table 3 : explain SELECT k, c FROM sbtest3 WHERE k BETWEEN 3721542 AND 3721642
	Bitmap Heap Scan on sbtest3  (cost=5.49..413.00 rows=103 width=125)
	  Recheck Cond: ((k >= 3721542) AND (k <= 3721642))
	  ->  Bitmap Index Scan on k_3  (cost=0.00..5.46 rows=103 width=0)
	        Index Cond: ((k >= 3721542) AND (k <= 3721642))

table 4 : explain SELECT k, c FROM sbtest4 WHERE k BETWEEN 3721542 AND 3721642
	Bitmap Heap Scan on sbtest4  (cost=5.54..432.69 rows=108 width=125)
	  Recheck Cond: ((k >= 3721542) AND (k <= 3721642))
	  ->  Bitmap Index Scan on k_4  (cost=0.00..5.51 rows=108 width=0)
	        Index Cond: ((k >= 3721542) AND (k <= 3721642))

table 5 : explain SELECT k, c FROM sbtest5 WHERE k BETWEEN 3721542 AND 3721642
	Bitmap Heap Scan on sbtest5  (cost=5.42..385.43 rows=96 width=125)
	  Recheck Cond: ((k >= 3721542) AND (k <= 3721642))
	  ->  Bitmap Index Scan on k_5  (cost=0.00..5.39 rows=96 width=0)
	        Index Cond: ((k >= 3721542) AND (k <= 3721642))

table 6 : explain SELECT k, c FROM sbtest6 WHERE k BETWEEN 3721542 AND 3721642
	Bitmap Heap Scan on sbtest6  (cost=5.40..377.55 rows=94 width=125)
	  Recheck Cond: ((k >= 3721542) AND (k <= 3721642))
	  ->  Bitmap Index Scan on k_6  (cost=0.00..5.38 rows=94 width=0)
	        Index Cond: ((k >= 3721542) AND (k <= 3721642))

table 7 : explain SELECT k, c FROM sbtest7 WHERE k BETWEEN 3721542 AND 3721642
	Bitmap Heap Scan on sbtest7  (cost=5.43..389.37 rows=97 width=125)
	  Recheck Cond: ((k >= 3721542) AND (k <= 3721642))
	  ->  Bitmap Index Scan on k_7  (cost=0.00..5.40 rows=97 width=0)
	        Index Cond: ((k >= 3721542) AND (k <= 3721642))

table 8 : explain SELECT k, c FROM sbtest8 WHERE k BETWEEN 3721542 AND 3721642
	Bitmap Heap Scan on sbtest8  (cost=5.44..393.31 rows=98 width=125)
	  Recheck Cond: ((k >= 3721542) AND (k <= 3721642))
	  ->  Bitmap Index Scan on k_8  (cost=0.00..5.42 rows=98 width=0)
	        Index Cond: ((k >= 3721542) AND (k <= 3721642))
explain: for range-notcovered :: explain SELECT k, c FROM sbtest%d WHERE k BETWEEN 3640754 AND 3640854

explain: for range-notcovered :: explain SELECT k, c FROM sbtest%d WHERE k BETWEEN 3721542 AND 3721642
for range-notcovered
table 1 : explain SELECT k, c FROM sbtest1 WHERE k BETWEEN 4097614 AND 4097714
	Bitmap Heap Scan on sbtest1  (cost=5.62..464.15 rows=116 width=125)
	  Recheck Cond: ((k >= 4097614) AND (k <= 4097714))
	  ->  Bitmap Index Scan on k_1  (cost=0.00..5.59 rows=116 width=0)
	        Index Cond: ((k >= 4097614) AND (k <= 4097714))

table 2 : explain SELECT k, c FROM sbtest2 WHERE k BETWEEN 4097614 AND 4097714
	Bitmap Heap Scan on sbtest2  (cost=5.60..456.29 rows=114 width=125)
	  Recheck Cond: ((k >= 4097614) AND (k <= 4097714))
	  ->  Bitmap Index Scan on k_2  (cost=0.00..5.58 rows=114 width=0)
	        Index Cond: ((k >= 4097614) AND (k <= 4097714))

table 3 : explain SELECT k, c FROM sbtest3 WHERE k BETWEEN 4097614 AND 4097714
	Bitmap Heap Scan on sbtest3  (cost=5.50..416.94 rows=104 width=125)
	  Recheck Cond: ((k >= 4097614) AND (k <= 4097714))
	  ->  Bitmap Index Scan on k_3  (cost=0.00..5.47 rows=104 width=0)
	        Index Cond: ((k >= 4097614) AND (k <= 4097714))

table 4 : explain SELECT k, c FROM sbtest4 WHERE k BETWEEN 4097614 AND 4097714
	Bitmap Heap Scan on sbtest4  (cost=5.37..365.72 rows=91 width=125)
	  Recheck Cond: ((k >= 4097614) AND (k <= 4097714))
	  ->  Bitmap Index Scan on k_4  (cost=0.00..5.34 rows=91 width=0)
	        Index Cond: ((k >= 4097614) AND (k <= 4097714))

table 5 : explain SELECT k, c FROM sbtest5 WHERE k BETWEEN 4097614 AND 4097714
	Bitmap Heap Scan on sbtest5  (cost=5.54..432.69 rows=108 width=125)
	  Recheck Cond: ((k >= 4097614) AND (k <= 4097714))
	  ->  Bitmap Index Scan on k_5  (cost=0.00..5.51 rows=108 width=0)
	        Index Cond: ((k >= 4097614) AND (k <= 4097714))

table 6 : explain SELECT k, c FROM sbtest6 WHERE k BETWEEN 4097614 AND 4097714
	Bitmap Heap Scan on sbtest6  (cost=5.44..393.31 rows=98 width=125)
	  Recheck Cond: ((k >= 4097614) AND (k <= 4097714))
	  ->  Bitmap Index Scan on k_6  (cost=0.00..5.42 rows=98 width=0)
	        Index Cond: ((k >= 4097614) AND (k <= 4097714))

table 7 : explain SELECT k, c FROM sbtest7 WHERE k BETWEEN 4097614 AND 4097714
	Bitmap Heap Scan on sbtest7  (cost=5.53..428.75 rows=107 width=125)
	  Recheck Cond: ((k >= 4097614) AND (k <= 4097714))
	  ->  Bitmap Index Scan on k_7  (cost=0.00..5.50 rows=107 width=0)
	        Index Cond: ((k >= 4097614) AND (k <= 4097714))

table 8 : explain SELECT k, c FROM sbtest8 WHERE k BETWEEN 4097614 AND 4097714
	Bitmap Heap Scan on sbtest8  (cost=5.42..385.43 rows=96 width=125)
	  Recheck Cond: ((k >= 4097614) AND (k <= 4097714))
	  ->  Bitmap Index Scan on k_8  (cost=0.00..5.39 rows=96 width=0)
	        Index Cond: ((k >= 4097614) AND (k <= 4097714))

for range-notcovered
table 1 : explain SELECT k, c FROM sbtest1 WHERE k BETWEEN 5436577 AND 5436677
	Bitmap Heap Scan on sbtest1  (cost=5.47..405.13 rows=101 width=125)
	  Recheck Cond: ((k >= 5436577) AND (k <= 5436677))
	  ->  Bitmap Index Scan on k_1  (cost=0.00..5.44 rows=101 width=0)
	        Index Cond: ((k >= 5436577) AND (k <= 5436677))

table 2 : explain SELECT k, c FROM sbtest2 WHERE k BETWEEN 5436577 AND 5436677
	Bitmap Heap Scan on sbtest2  (cost=5.51..420.88 rows=105 width=125)
	  Recheck Cond: ((k >= 5436577) AND (k <= 5436677))
	  ->  Bitmap Index Scan on k_2  (cost=0.00..5.48 rows=105 width=0)
	        Index Cond: ((k >= 5436577) AND (k <= 5436677))

table 3 : explain SELECT k, c FROM sbtest3 WHERE k BETWEEN 5436577 AND 5436677
	Bitmap Heap Scan on sbtest3  (cost=5.47..405.13 rows=101 width=125)
	  Recheck Cond: ((k >= 5436577) AND (k <= 5436677))
	  ->  Bitmap Index Scan on k_3  (cost=0.00..5.44 rows=101 width=0)
	        Index Cond: ((k >= 5436577) AND (k <= 5436677))

table 4 : explain SELECT k, c FROM sbtest4 WHERE k BETWEEN 5436577 AND 5436677
	Bitmap Heap Scan on sbtest4  (cost=5.55..436.62 rows=109 width=125)
	  Recheck Cond: ((k >= 5436577) AND (k <= 5436677))
	  ->  Bitmap Index Scan on k_4  (cost=0.00..5.52 rows=109 width=0)
	        Index Cond: ((k >= 5436577) AND (k <= 5436677))

table 5 : explain SELECT k, c FROM sbtest5 WHERE k BETWEEN 5436577 AND 5436677
	Bitmap Heap Scan on sbtest5  (cost=5.45..397.25 rows=99 width=125)
	  Recheck Cond: ((k >= 5436577) AND (k <= 5436677))
	  ->  Bitmap Index Scan on k_5  (cost=0.00..5.42 rows=99 width=0)
	        Index Cond: ((k >= 5436577) AND (k <= 5436677))

table 6 : explain SELECT k, c FROM sbtest6 WHERE k BETWEEN 5436577 AND 5436677
	Bitmap Heap Scan on sbtest6  (cost=5.50..416.94 rows=104 width=125)
	  Recheck Cond: ((k >= 5436577) AND (k <= 5436677))
	  ->  Bitmap Index Scan on k_6  (cost=0.00..5.47 rows=104 width=0)
	        Index Cond: ((k >= 5436577) AND (k <= 5436677))

table 7 : explain SELECT k, c FROM sbtest7 WHERE k BETWEEN 5436577 AND 5436677
	Bitmap Heap Scan on sbtest7  (cost=5.53..428.75 rows=107 width=125)
	  Recheck Cond: ((k >= 5436577) AND (k <= 5436677))
	  ->  Bitmap Index Scan on k_7  (cost=0.00..5.50 rows=107 width=0)
	        Index Cond: ((k >= 5436577) AND (k <= 5436677))

table 8 : explain SELECT k, c FROM sbtest8 WHERE k BETWEEN 5436577 AND 5436677
	Bitmap Heap Scan on sbtest8  (cost=5.47..405.13 rows=101 width=125)
	  Recheck Cond: ((k >= 5436577) AND (k <= 5436677))
	  ->  Bitmap Index Scan on k_8  (cost=0.00..5.44 rows=101 width=0)
	        Index Cond: ((k >= 5436577) AND (k <= 5436677))

explain: for range-notcovered :: explain SELECT k, c FROM sbtest%d WHERE k BETWEEN 4097614 AND 4097714
explain: for range-notcovered :: explain SELECT k, c FROM sbtest%d WHERE k BETWEEN 5436577 AND 5436677
for range-notcovered
table 1 : explain SELECT k, c FROM sbtest1 WHERE k BETWEEN 4614466 AND 4614566
	Bitmap Heap Scan on sbtest1  (cost=5.44..393.31 rows=98 width=125)
	  Recheck Cond: ((k >= 4614466) AND (k <= 4614566))
	  ->  Bitmap Index Scan on k_1  (cost=0.00..5.42 rows=98 width=0)
	        Index Cond: ((k >= 4614466) AND (k <= 4614566))

table 2 : explain SELECT k, c FROM sbtest2 WHERE k BETWEEN 4614466 AND 4614566
	Bitmap Heap Scan on sbtest2  (cost=5.50..416.94 rows=104 width=125)
	  Recheck Cond: ((k >= 4614466) AND (k <= 4614566))
	  ->  Bitmap Index Scan on k_2  (cost=0.00..5.47 rows=104 width=0)
	        Index Cond: ((k >= 4614466) AND (k <= 4614566))

table 3 : explain SELECT k, c FROM sbtest3 WHERE k BETWEEN 4614466 AND 4614566
	Bitmap Heap Scan on sbtest3  (cost=5.47..405.13 rows=101 width=125)
	  Recheck Cond: ((k >= 4614466) AND (k <= 4614566))
	  ->  Bitmap Index Scan on k_3  (cost=0.00..5.44 rows=101 width=0)
	        Index Cond: ((k >= 4614466) AND (k <= 4614566))

table 4 : explain SELECT k, c FROM sbtest4 WHERE k BETWEEN 4614466 AND 4614566
	Bitmap Heap Scan on sbtest4  (cost=5.55..436.62 rows=109 width=125)
	  Recheck Cond: ((k >= 4614466) AND (k <= 4614566))
	  ->  Bitmap Index Scan on k_4  (cost=0.00..5.52 rows=109 width=0)
	        Index Cond: ((k >= 4614466) AND (k <= 4614566))

table 5 : explain SELECT k, c FROM sbtest5 WHERE k BETWEEN 4614466 AND 4614566
	Bitmap Heap Scan on sbtest5  (cost=5.53..428.75 rows=107 width=125)
	  Recheck Cond: ((k >= 4614466) AND (k <= 4614566))
	  ->  Bitmap Index Scan on k_5  (cost=0.00..5.50 rows=107 width=0)
	        Index Cond: ((k >= 4614466) AND (k <= 4614566))

table 6 : explain SELECT k, c FROM sbtest6 WHERE k BETWEEN 4614466 AND 4614566
	Bitmap Heap Scan on sbtest6  (cost=5.47..405.13 rows=101 width=125)
	  Recheck Cond: ((k >= 4614466) AND (k <= 4614566))
	  ->  Bitmap Index Scan on k_6  (cost=0.00..5.44 rows=101 width=0)
	        Index Cond: ((k >= 4614466) AND (k <= 4614566))

table 7 : explain SELECT k, c FROM sbtest7 WHERE k BETWEEN 4614466 AND 4614566
	Bitmap Heap Scan on sbtest7  (cost=5.56..440.56 rows=110 width=125)
	  Recheck Cond: ((k >= 4614466) AND (k <= 4614566))
	  ->  Bitmap Index Scan on k_7  (cost=0.00..5.53 rows=110 width=0)
	        Index Cond: ((k >= 4614466) AND (k <= 4614566))

table 8 : explain SELECT k, c FROM sbtest8 WHERE k BETWEEN 4614466 AND 4614566
	Bitmap Heap Scan on sbtest8  (cost=5.57..444.49 rows=111 width=125)
	  Recheck Cond: ((k >= 4614466) AND (k <= 4614566))
	  ->  Bitmap Index Scan on k_8  (cost=0.00..5.54 rows=111 width=0)
	        Index Cond: ((k >= 4614466) AND (k <= 4614566))

for range-notcovered
table 1 : explain SELECT k, c FROM sbtest1 WHERE k BETWEEN 5828157 AND 5828257
	Bitmap Heap Scan on sbtest1  (cost=5.46..401.19 rows=100 width=125)
	  Recheck Cond: ((k >= 5828157) AND (k <= 5828257))
	  ->  Bitmap Index Scan on k_1  (cost=0.00..5.43 rows=100 width=0)
	        Index Cond: ((k >= 5828157) AND (k <= 5828257))

table 2 : explain SELECT k, c FROM sbtest2 WHERE k BETWEEN 5828157 AND 5828257
	Bitmap Heap Scan on sbtest2  (cost=5.48..409.07 rows=102 width=125)
	  Recheck Cond: ((k >= 5828157) AND (k <= 5828257))
	  ->  Bitmap Index Scan on k_2  (cost=0.00..5.45 rows=102 width=0)
	        Index Cond: ((k >= 5828157) AND (k <= 5828257))

table 3 : explain SELECT k, c FROM sbtest3 WHERE k BETWEEN 5828157 AND 5828257
	Bitmap Heap Scan on sbtest3  (cost=5.51..420.88 rows=105 width=125)
	  Recheck Cond: ((k >= 5828157) AND (k <= 5828257))
	  ->  Bitmap Index Scan on k_3  (cost=0.00..5.48 rows=105 width=0)
	        Index Cond: ((k >= 5828157) AND (k <= 5828257))

table 4 : explain SELECT k, c FROM sbtest4 WHERE k BETWEEN 5828157 AND 5828257
	Bitmap Heap Scan on sbtest4  (cost=5.39..373.61 rows=93 width=125)
	  Recheck Cond: ((k >= 5828157) AND (k <= 5828257))
	  ->  Bitmap Index Scan on k_4  (cost=0.00..5.36 rows=93 width=0)
	        Index Cond: ((k >= 5828157) AND (k <= 5828257))

table 5 : explain SELECT k, c FROM sbtest5 WHERE k BETWEEN 5828157 AND 5828257
	Bitmap Heap Scan on sbtest5  (cost=5.41..381.49 rows=95 width=125)
	  Recheck Cond: ((k >= 5828157) AND (k <= 5828257))
	  ->  Bitmap Index Scan on k_5  (cost=0.00..5.38 rows=95 width=0)
	        Index Cond: ((k >= 5828157) AND (k <= 5828257))

table 6 : explain SELECT k, c FROM sbtest6 WHERE k BETWEEN 5828157 AND 5828257
	Bitmap Heap Scan on sbtest6  (cost=5.44..393.31 rows=98 width=125)
	  Recheck Cond: ((k >= 5828157) AND (k <= 5828257))
	  ->  Bitmap Index Scan on k_6  (cost=0.00..5.42 rows=98 width=0)
	        Index Cond: ((k >= 5828157) AND (k <= 5828257))

table 7 : explain SELECT k, c FROM sbtest7 WHERE k BETWEEN 5828157 AND 5828257
	Bitmap Heap Scan on sbtest7  (cost=5.54..432.69 rows=108 width=125)
	  Recheck Cond: ((k >= 5828157) AND (k <= 5828257))
	  ->  Bitmap Index Scan on k_7  (cost=0.00..5.51 rows=108 width=0)
	        Index Cond: ((k >= 5828157) AND (k <= 5828257))

table 8 : explain SELECT k, c FROM sbtest8 WHERE k BETWEEN 5828157 AND 5828257
	Bitmap Heap Scan on sbtest8  (cost=5.48..409.07 rows=102 width=125)
	  Recheck Cond: ((k >= 5828157) AND (k <= 5828257))
	  ->  Bitmap Index Scan on k_8  (cost=0.00..5.45 rows=102 width=0)
	        Index Cond: ((k >= 5828157) AND (k <= 5828257))

explain: for range-notcovered :: explain SELECT k, c FROM sbtest%d WHERE k BETWEEN 5828157 AND 5828257
for range-notcovered
table 1 : explain SELECT k, c FROM sbtest1 WHERE k BETWEEN 6370675 AND 6370775
	Bitmap Heap Scan on sbtest1  (cost=5.50..416.94 rows=104 width=125)
	  Recheck Cond: ((k >= 6370675) AND (k <= 6370775))
	  ->  Bitmap Index Scan on k_1  (cost=0.00..5.47 rows=104 width=0)
	        Index Cond: ((k >= 6370675) AND (k <= 6370775))

table 2 : explain SELECT k, c FROM sbtest2 WHERE k BETWEEN 6370675 AND 6370775
	Bitmap Heap Scan on sbtest2  (cost=5.54..432.69 rows=108 width=125)
	  Recheck Cond: ((k >= 6370675) AND (k <= 6370775))
	  ->  Bitmap Index Scan on k_2  (cost=0.00..5.51 rows=108 width=0)
	        Index Cond: ((k >= 6370675) AND (k <= 6370775))

table 3 : explain SELECT k, c FROM sbtest3 WHERE k BETWEEN 6370675 AND 6370775
	Bitmap Heap Scan on sbtest3  (cost=5.54..432.69 rows=108 width=125)
	  Recheck Cond: ((k >= 6370675) AND (k <= 6370775))
	  ->  Bitmap Index Scan on k_3  (cost=0.00..5.51 rows=108 width=0)
	        Index Cond: ((k >= 6370675) AND (k <= 6370775))

table 4 : explain SELECT k, c FROM sbtest4 WHERE k BETWEEN 6370675 AND 6370775
	Bitmap Heap Scan on sbtest4  (cost=5.47..405.13 rows=101 width=125)
	  Recheck Cond: ((k >= 6370675) AND (k <= 6370775))
	  ->  Bitmap Index Scan on k_4  (cost=0.00..5.44 rows=101 width=0)
	        Index Cond: ((k >= 6370675) AND (k <= 6370775))

table 5 : explain SELECT k, c FROM sbtest5 WHERE k BETWEEN 6370675 AND 6370775
	Bitmap Heap Scan on sbtest5  (cost=5.44..393.31 rows=98 width=125)
	  Recheck Cond: ((k >= 6370675) AND (k <= 6370775))
	  ->  Bitmap Index Scan on k_5  (cost=0.00..5.42 rows=98 width=0)
	        Index Cond: ((k >= 6370675) AND (k <= 6370775))

table 6 : explain SELECT k, c FROM sbtest6 WHERE k BETWEEN 6370675 AND 6370775
	Bitmap Heap Scan on sbtest6  (cost=5.49..413.00 rows=103 width=125)
	  Recheck Cond: ((k >= 6370675) AND (k <= 6370775))
	  ->  Bitmap Index Scan on k_6  (cost=0.00..5.46 rows=103 width=0)
	        Index Cond: ((k >= 6370675) AND (k <= 6370775))

table 7 : explain SELECT k, c FROM sbtest7 WHERE k BETWEEN 6370675 AND 6370775
	Bitmap Heap Scan on sbtest7  (cost=5.42..385.43 rows=96 width=125)
	  Recheck Cond: ((k >= 6370675) AND (k <= 6370775))
	  ->  Bitmap Index Scan on k_7  (cost=0.00..5.39 rows=96 width=0)
	        Index Cond: ((k >= 6370675) AND (k <= 6370775))

table 8 : explain SELECT k, c FROM sbtest8 WHERE k BETWEEN 6370675 AND 6370775
	Bitmap Heap Scan on sbtest8  (cost=5.44..393.31 rows=98 width=125)
	  Recheck Cond: ((k >= 6370675) AND (k <= 6370775))
	  ->  Bitmap Index Scan on k_8  (cost=0.00..5.42 rows=98 width=0)
	        Index Cond: ((k >= 6370675) AND (k <= 6370775))

explain: for range-notcovered :: explain SELECT k, c FROM sbtest%d WHERE k BETWEEN 6370675 AND 6370775for range-notcovered
table 1 : explain SELECT k, c FROM sbtest1 WHERE k BETWEEN 3640754 AND 3640854
	Bitmap Heap Scan on sbtest1  (cost=5.45..397.25 rows=99 width=125)
	  Recheck Cond: ((k >= 3640754) AND (k <= 3640854))
	  ->  Bitmap Index Scan on k_1  (cost=0.00..5.42 rows=99 width=0)
	        Index Cond: ((k >= 3640754) AND (k <= 3640854))

table 2 : explain SELECT k, c FROM sbtest2 WHERE k BETWEEN 3640754 AND 3640854
	Bitmap Heap Scan on sbtest2  (cost=5.45..397.25 rows=99 width=125)
	  Recheck Cond: ((k >= 3640754) AND (k <= 3640854))
	  ->  Bitmap Index Scan on k_2  (cost=0.00..5.42 rows=99 width=0)
	        Index Cond: ((k >= 3640754) AND (k <= 3640854))

table 3 : explain SELECT k, c FROM sbtest3 WHERE k BETWEEN 3640754 AND 3640854
	Bitmap Heap Scan on sbtest3  (cost=5.46..401.19 rows=100 width=125)
	  Recheck Cond: ((k >= 3640754) AND (k <= 3640854))
	  ->  Bitmap Index Scan on k_3  (cost=0.00..5.43 rows=100 width=0)
	        Index Cond: ((k >= 3640754) AND (k <= 3640854))

table 4 : explain SELECT k, c FROM sbtest4 WHERE k BETWEEN 3640754 AND 3640854
	Bitmap Heap Scan on sbtest4  (cost=5.41..381.49 rows=95 width=125)
	  Recheck Cond: ((k >= 3640754) AND (k <= 3640854))
	  ->  Bitmap Index Scan on k_4  (cost=0.00..5.38 rows=95 width=0)
	        Index Cond: ((k >= 3640754) AND (k <= 3640854))

table 5 : explain SELECT k, c FROM sbtest5 WHERE k BETWEEN 3640754 AND 3640854
	Bitmap Heap Scan on sbtest5  (cost=5.40..377.55 rows=94 width=125)
	  Recheck Cond: ((k >= 3640754) AND (k <= 3640854))
	  ->  Bitmap Index Scan on k_5  (cost=0.00..5.38 rows=94 width=0)
	        Index Cond: ((k >= 3640754) AND (k <= 3640854))

table 6 : explain SELECT k, c FROM sbtest6 WHERE k BETWEEN 3640754 AND 3640854
	Bitmap Heap Scan on sbtest6  (cost=5.51..420.88 rows=105 width=125)
	  Recheck Cond: ((k >= 3640754) AND (k <= 3640854))
	  ->  Bitmap Index Scan on k_6  (cost=0.00..5.48 rows=105 width=0)
	        Index Cond: ((k >= 3640754) AND (k <= 3640854))

table 7 : explain SELECT k, c FROM sbtest7 WHERE k BETWEEN 3640754 AND 3640854
	Bitmap Heap Scan on sbtest7  (cost=5.46..401.19 rows=100 width=125)
	  Recheck Cond: ((k >= 3640754) AND (k <= 3640854))
	  ->  Bitmap Index Scan on k_7  (cost=0.00..5.43 rows=100 width=0)
	        Index Cond: ((k >= 3640754) AND (k <= 3640854))

table 8 : explain SELECT k, c FROM sbtest8 WHERE k BETWEEN 3640754 AND 3640854
	Bitmap Heap Scan on sbtest8  (cost=5.38..369.67 rows=92 width=125)
	  Recheck Cond: ((k >= 3640754) AND (k <= 3640854))
	  ->  Bitmap Index Scan on k_8  (cost=0.00..5.35 rows=92 width=0)
	        Index Cond: ((k >= 3640754) AND (k <= 3640854))


for range-notcovered
table 1 : explain SELECT k, c FROM sbtest1 WHERE k BETWEEN 3721542 AND 3721642
	Bitmap Heap Scan on sbtest1  (cost=5.58..448.42 rows=112 width=125)
	  Recheck Cond: ((k >= 3721542) AND (k <= 3721642))
	  ->  Bitmap Index Scan on k_1  (cost=0.00..5.55 rows=112 width=0)
	        Index Cond: ((k >= 3721542) AND (k <= 3721642))

table 2 : explain SELECT k, c FROM sbtest2 WHERE k BETWEEN 3721542 AND 3721642
	Bitmap Heap Scan on sbtest2  (cost=5.50..416.94 rows=104 width=125)
	  Recheck Cond: ((k >= 3721542) AND (k <= 3721642))
	  ->  Bitmap Index Scan on k_2  (cost=0.00..5.47 rows=104 width=0)
	        Index Cond: ((k >= 3721542) AND (k <= 3721642))

table 3 : explain SELECT k, c FROM sbtest3 WHERE k BETWEEN 3721542 AND 3721642
	Bitmap Heap Scan on sbtest3  (cost=5.49..413.00 rows=103 width=125)
	  Recheck Cond: ((k >= 3721542) AND (k <= 3721642))
	  ->  Bitmap Index Scan on k_3  (cost=0.00..5.46 rows=103 width=0)
	        Index Cond: ((k >= 3721542) AND (k <= 3721642))

table 4 : explain SELECT k, c FROM sbtest4 WHERE k BETWEEN 3721542 AND 3721642
	Bitmap Heap Scan on sbtest4  (cost=5.54..432.69 rows=108 width=125)
	  Recheck Cond: ((k >= 3721542) AND (k <= 3721642))
	  ->  Bitmap Index Scan on k_4  (cost=0.00..5.51 rows=108 width=0)
	        Index Cond: ((k >= 3721542) AND (k <= 3721642))

table 5 : explain SELECT k, c FROM sbtest5 WHERE k BETWEEN 3721542 AND 3721642
	Bitmap Heap Scan on sbtest5  (cost=5.42..385.43 rows=96 width=125)
	  Recheck Cond: ((k >= 3721542) AND (k <= 3721642))
	  ->  Bitmap Index Scan on k_5  (cost=0.00..5.39 rows=96 width=0)
	        Index Cond: ((k >= 3721542) AND (k <= 3721642))

table 6 : explain SELECT k, c FROM sbtest6 WHERE k BETWEEN 3721542 AND 3721642
	Bitmap Heap Scan on sbtest6  (cost=5.40..377.55 rows=94 width=125)
	  Recheck Cond: ((k >= 3721542) AND (k <= 3721642))
	  ->  Bitmap Index Scan on k_6  (cost=0.00..5.38 rows=94 width=0)
	        Index Cond: ((k >= 3721542) AND (k <= 3721642))

table 7 : explain SELECT k, c FROM sbtest7 WHERE k BETWEEN 3721542 AND 3721642
	Bitmap Heap Scan on sbtest7  (cost=5.43..389.37 rows=97 width=125)
	  Recheck Cond: ((k >= 3721542) AND (k <= 3721642))
	  ->  Bitmap Index Scan on k_7  (cost=0.00..5.40 rows=97 width=0)
	        Index Cond: ((k >= 3721542) AND (k <= 3721642))

table 8 : explain SELECT k, c FROM sbtest8 WHERE k BETWEEN 3721542 AND 3721642
	Bitmap Heap Scan on sbtest8  (cost=5.44..393.31 rows=98 width=125)
	  Recheck Cond: ((k >= 3721542) AND (k <= 3721642))
	  ->  Bitmap Index Scan on k_8  (cost=0.00..5.42 rows=98 width=0)
	        Index Cond: ((k >= 3721542) AND (k <= 3721642))

explain: for range-notcovered :: explain SELECT k, c FROM sbtest%d WHERE k BETWEEN 3721542 AND 3721642
for range-notcovered
table 1 : explain SELECT k, c FROM sbtest1 WHERE k BETWEEN 4097614 AND 4097714
	Bitmap Heap Scan on sbtest1  (cost=5.62..464.15 rows=116 width=125)
	  Recheck Cond: ((k >= 4097614) AND (k <= 4097714))
	  ->  Bitmap Index Scan on k_1  (cost=0.00..5.59 rows=116 width=0)
	        Index Cond: ((k >= 4097614) AND (k <= 4097714))

table 2 : explain SELECT k, c FROM sbtest2 WHERE k BETWEEN 4097614 AND 4097714
	Bitmap Heap Scan on sbtest2  (cost=5.60..456.29 rows=114 width=125)
	  Recheck Cond: ((k >= 4097614) AND (k <= 4097714))
	  ->  Bitmap Index Scan on k_2  (cost=0.00..5.58 rows=114 width=0)
	        Index Cond: ((k >= 4097614) AND (k <= 4097714))

table 3 : explain SELECT k, c FROM sbtest3 WHERE k BETWEEN 4097614 AND 4097714
	Bitmap Heap Scan on sbtest3  (cost=5.50..416.94 rows=104 width=125)
	  Recheck Cond: ((k >= 4097614) AND (k <= 4097714))
	  ->  Bitmap Index Scan on k_3  (cost=0.00..5.47 rows=104 width=0)
	        Index Cond: ((k >= 4097614) AND (k <= 4097714))

table 4 : explain SELECT k, c FROM sbtest4 WHERE k BETWEEN 4097614 AND 4097714
	Bitmap Heap Scan on sbtest4  (cost=5.37..365.72 rows=91 width=125)
	  Recheck Cond: ((k >= 4097614) AND (k <= 4097714))
	  ->  Bitmap Index Scan on k_4  (cost=0.00..5.34 rows=91 width=0)
	        Index Cond: ((k >= 4097614) AND (k <= 4097714))

table 5 : explain SELECT k, c FROM sbtest5 WHERE k BETWEEN 4097614 AND 4097714
	Bitmap Heap Scan on sbtest5  (cost=5.54..432.69 rows=108 width=125)
	  Recheck Cond: ((k >= 4097614) AND (k <= 4097714))
	  ->  Bitmap Index Scan on k_5  (cost=0.00..5.51 rows=108 width=0)
	        Index Cond: ((k >= 4097614) AND (k <= 4097714))

table 6 : explain SELECT k, c FROM sbtest6 WHERE k BETWEEN 4097614 AND 4097714
	Bitmap Heap Scan on sbtest6  (cost=5.44..393.31 rows=98 width=125)
	  Recheck Cond: ((k >= 4097614) AND (k <= 4097714))
	  ->  Bitmap Index Scan on k_6  (cost=0.00..5.42 rows=98 width=0)
	        Index Cond: ((k >= 4097614) AND (k <= 4097714))

table 7 : explain SELECT k, c FROM sbtest7 WHERE k BETWEEN 4097614 AND 4097714
	Bitmap Heap Scan on sbtest7  (cost=5.53..428.75 rows=107 width=125)
	  Recheck Cond: ((k >= 4097614) AND (k <= 4097714))
	  ->  Bitmap Index Scan on k_7  (cost=0.00..5.50 rows=107 width=0)
	        Index Cond: ((k >= 4097614) AND (k <= 4097714))

table 8 : explain SELECT k, c FROM sbtest8 WHERE k BETWEEN 4097614 AND 4097714
	Bitmap Heap Scan on sbtest8  (cost=5.42..385.43 rows=96 width=125)
	  Recheck Cond: ((k >= 4097614) AND (k <= 4097714))
	  ->  Bitmap Index Scan on k_8  (cost=0.00..5.39 rows=96 width=0)
	        Index Cond: ((k >= 4097614) AND (k <= 4097714))

explain: for range-notcovered :: explain SELECT k, c FROM sbtest%d WHERE k BETWEEN 4097614 AND 4097714
for range-notcovered
table 1 : explain SELECT k, c FROM sbtest1 WHERE k BETWEEN 5436577 AND 5436677
	Bitmap Heap Scan on sbtest1  (cost=5.47..405.13 rows=101 width=125)
	  Recheck Cond: ((k >= 5436577) AND (k <= 5436677))
	  ->  Bitmap Index Scan on k_1  (cost=0.00..5.44 rows=101 width=0)
	        Index Cond: ((k >= 5436577) AND (k <= 5436677))

table 2 : explain SELECT k, c FROM sbtest2 WHERE k BETWEEN 5436577 AND 5436677
	Bitmap Heap Scan on sbtest2  (cost=5.51..420.88 rows=105 width=125)
	  Recheck Cond: ((k >= 5436577) AND (k <= 5436677))
	  ->  Bitmap Index Scan on k_2  (cost=0.00..5.48 rows=105 width=0)
	        Index Cond: ((k >= 5436577) AND (k <= 5436677))

table 3 : explain SELECT k, c FROM sbtest3 WHERE k BETWEEN 5436577 AND 5436677
	Bitmap Heap Scan on sbtest3  (cost=5.47..405.13 rows=101 width=125)
	  Recheck Cond: ((k >= 5436577) AND (k <= 5436677))
	  ->  Bitmap Index Scan on k_3  (cost=0.00..5.44 rows=101 width=0)
	        Index Cond: ((k >= 5436577) AND (k <= 5436677))

table 4 : explain SELECT k, c FROM sbtest4 WHERE k BETWEEN 5436577 AND 5436677
	Bitmap Heap Scan on sbtest4  (cost=5.55..436.62 rows=109 width=125)
	  Recheck Cond: ((k >= 5436577) AND (k <= 5436677))
	  ->  Bitmap Index Scan on k_4  (cost=0.00..5.52 rows=109 width=0)
	        Index Cond: ((k >= 5436577) AND (k <= 5436677))

table 5 : explain SELECT k, c FROM sbtest5 WHERE k BETWEEN 5436577 AND 5436677
	Bitmap Heap Scan on sbtest5  (cost=5.45..397.25 rows=99 width=125)
	  Recheck Cond: ((k >= 5436577) AND (k <= 5436677))
	  ->  Bitmap Index Scan on k_5  (cost=0.00..5.42 rows=99 width=0)
	        Index Cond: ((k >= 5436577) AND (k <= 5436677))

table 6 : explain SELECT k, c FROM sbtest6 WHERE k BETWEEN 5436577 AND 5436677
	Bitmap Heap Scan on sbtest6  (cost=5.50..416.94 rows=104 width=125)
	  Recheck Cond: ((k >= 5436577) AND (k <= 5436677))
	  ->  Bitmap Index Scan on k_6  (cost=0.00..5.47 rows=104 width=0)
	        Index Cond: ((k >= 5436577) AND (k <= 5436677))

table 7 : explain SELECT k, c FROM sbtest7 WHERE k BETWEEN 5436577 AND 5436677
	Bitmap Heap Scan on sbtest7  (cost=5.53..428.75 rows=107 width=125)
	  Recheck Cond: ((k >= 5436577) AND (k <= 5436677))
	  ->  Bitmap Index Scan on k_7  (cost=0.00..5.50 rows=107 width=0)
	        Index Cond: ((k >= 5436577) AND (k <= 5436677))

table 8 : explain SELECT k, c FROM sbtest8 WHERE k BETWEEN 5436577 AND 5436677
	Bitmap Heap Scan on sbtest8  (cost=5.47..405.13 rows=101 width=125)
	  Recheck Cond: ((k >= 5436577) AND (k <= 5436677))
	  ->  Bitmap Index Scan on k_8  (cost=0.00..5.44 rows=101 width=0)
	        Index Cond: ((k >= 5436577) AND (k <= 5436677))

explain: for range-notcovered :: explain SELECT k, c FROM sbtest%d WHERE k BETWEEN 5436577 AND 5436677
for range-notcovered
table 1 : explain SELECT k, c FROM sbtest1 WHERE k BETWEEN 5828157 AND 5828257
	Bitmap Heap Scan on sbtest1  (cost=5.46..401.19 rows=100 width=125)
	  Recheck Cond: ((k >= 5828157) AND (k <= 5828257))
	  ->  Bitmap Index Scan on k_1  (cost=0.00..5.43 rows=100 width=0)
	        Index Cond: ((k >= 5828157) AND (k <= 5828257))

table 2 : explain SELECT k, c FROM sbtest2 WHERE k BETWEEN 5828157 AND 5828257
	Bitmap Heap Scan on sbtest2  (cost=5.48..409.07 rows=102 width=125)
	  Recheck Cond: ((k >= 5828157) AND (k <= 5828257))
	  ->  Bitmap Index Scan on k_2  (cost=0.00..5.45 rows=102 width=0)
	        Index Cond: ((k >= 5828157) AND (k <= 5828257))

table 3 : explain SELECT k, c FROM sbtest3 WHERE k BETWEEN 5828157 AND 5828257
	Bitmap Heap Scan on sbtest3  (cost=5.51..420.88 rows=105 width=125)
	  Recheck Cond: ((k >= 5828157) AND (k <= 5828257))
	  ->  Bitmap Index Scan on k_3  (cost=0.00..5.48 rows=105 width=0)
	        Index Cond: ((k >= 5828157) AND (k <= 5828257))

table 4 : explain SELECT k, c FROM sbtest4 WHERE k BETWEEN 5828157 AND 5828257
	Bitmap Heap Scan on sbtest4  (cost=5.39..373.61 rows=93 width=125)
	  Recheck Cond: ((k >= 5828157) AND (k <= 5828257))
	  ->  Bitmap Index Scan on k_4  (cost=0.00..5.36 rows=93 width=0)
	        Index Cond: ((k >= 5828157) AND (k <= 5828257))

table 5 : explain SELECT k, c FROM sbtest5 WHERE k BETWEEN 5828157 AND 5828257
	Bitmap Heap Scan on sbtest5  (cost=5.41..381.49 rows=95 width=125)
	  Recheck Cond: ((k >= 5828157) AND (k <= 5828257))
	  ->  Bitmap Index Scan on k_5  (cost=0.00..5.38 rows=95 width=0)
	        Index Cond: ((k >= 5828157) AND (k <= 5828257))

table 6 : explain SELECT k, c FROM sbtest6 WHERE k BETWEEN 5828157 AND 5828257
	Bitmap Heap Scan on sbtest6  (cost=5.44..393.31 rows=98 width=125)
	  Recheck Cond: ((k >= 5828157) AND (k <= 5828257))
	  ->  Bitmap Index Scan on k_6  (cost=0.00..5.42 rows=98 width=0)
	        Index Cond: ((k >= 5828157) AND (k <= 5828257))

table 7 : explain SELECT k, c FROM sbtest7 WHERE k BETWEEN 5828157 AND 5828257
	Bitmap Heap Scan on sbtest7  (cost=5.54..432.69 rows=108 width=125)
	  Recheck Cond: ((k >= 5828157) AND (k <= 5828257))
	  ->  Bitmap Index Scan on k_7  (cost=0.00..5.51 rows=108 width=0)
	        Index Cond: ((k >= 5828157) AND (k <= 5828257))

table 8 : explain SELECT k, c FROM sbtest8 WHERE k BETWEEN 5828157 AND 5828257
	Bitmap Heap Scan on sbtest8  (cost=5.48..409.07 rows=102 width=125)
	  Recheck Cond: ((k >= 5828157) AND (k <= 5828257))
	  ->  Bitmap Index Scan on k_8  (cost=0.00..5.45 rows=102 width=0)
	        Index Cond: ((k >= 5828157) AND (k <= 5828257))

for range-notcovered
table 1 : explain SELECT k, c FROM sbtest1 WHERE k BETWEEN 6370675 AND 6370775
	Bitmap Heap Scan on sbtest1  (cost=5.50..416.94 rows=104 width=125)
	  Recheck Cond: ((k >= 6370675) AND (k <= 6370775))
	  ->  Bitmap Index Scan on k_1  (cost=0.00..5.47 rows=104 width=0)
	        Index Cond: ((k >= 6370675) AND (k <= 6370775))

table 2 : explain SELECT k, c FROM sbtest2 WHERE k BETWEEN 6370675 AND 6370775
	Bitmap Heap Scan on sbtest2  (cost=5.54..432.69 rows=108 width=125)
	  Recheck Cond: ((k >= 6370675) AND (k <= 6370775))
	  ->  Bitmap Index Scan on k_2  (cost=0.00..5.51 rows=108 width=0)
	        Index Cond: ((k >= 6370675) AND (k <= 6370775))

table 3 : explain SELECT k, c FROM sbtest3 WHERE k BETWEEN 6370675 AND 6370775
	Bitmap Heap Scan on sbtest3  (cost=5.54..432.69 rows=108 width=125)
	  Recheck Cond: ((k >= 6370675) AND (k <= 6370775))
	  ->  Bitmap Index Scan on k_3  (cost=0.00..5.51 rows=108 width=0)
	        Index Cond: ((k >= 6370675) AND (k <= 6370775))

table 4 : explain SELECT k, c FROM sbtest4 WHERE k BETWEEN 6370675 AND 6370775
	Bitmap Heap Scan on sbtest4  (cost=5.47..405.13 rows=101 width=125)
	  Recheck Cond: ((k >= 6370675) AND (k <= 6370775))
	  ->  Bitmap Index Scan on k_4  (cost=0.00..5.44 rows=101 width=0)
	        Index Cond: ((k >= 6370675) AND (k <= 6370775))

table 5 : explain SELECT k, c FROM sbtest5 WHERE k BETWEEN 6370675 AND 6370775
	Bitmap Heap Scan on sbtest5  (cost=5.44..393.31 rows=98 width=125)
	  Recheck Cond: ((k >= 6370675) AND (k <= 6370775))
	  ->  Bitmap Index Scan on k_5  (cost=0.00..5.42 rows=98 width=0)
	        Index Cond: ((k >= 6370675) AND (k <= 6370775))

table 6 : explain SELECT k, c FROM sbtest6 WHERE k BETWEEN 6370675 AND 6370775
	Bitmap Heap Scan on sbtest6  (cost=5.49..413.00 rows=103 width=125)
	  Recheck Cond: ((k >= 6370675) AND (k <= 6370775))
	  ->  Bitmap Index Scan on k_6  (cost=0.00..5.46 rows=103 width=0)
	        Index Cond: ((k >= 6370675) AND (k <= 6370775))

table 7 : explain SELECT k, c FROM sbtest7 WHERE k BETWEEN 6370675 AND 6370775
	Bitmap Heap Scan on sbtest7  (cost=5.42..385.43 rows=96 width=125)
	  Recheck Cond: ((k >= 6370675) AND (k <= 6370775))
	  ->  Bitmap Index Scan on k_7  (cost=0.00..5.39 rows=96 width=0)
	        Index Cond: ((k >= 6370675) AND (k <= 6370775))

table 8 : explain SELECT k, c FROM sbtest8 WHERE k BETWEEN 6370675 AND 6370775
	Bitmap Heap Scan on sbtest8  (cost=5.44..393.31 rows=98 width=125)
	  Recheck Cond: ((k >= 6370675) AND (k <= 6370775))
	  ->  Bitmap Index Scan on k_8  (cost=0.00..5.42 rows=98 width=0)
	        Index Cond: ((k >= 6370675) AND (k <= 6370775))

for range-notcovered
table 1 : explain SELECT k, c FROM sbtest1 WHERE k BETWEEN 3721542 AND 3721642
	Bitmap Heap Scan on sbtest1  (cost=5.58..448.42 rows=112 width=125)
	  Recheck Cond: ((k >= 3721542) AND (k <= 3721642))
	  ->  Bitmap Index Scan on k_1  (cost=0.00..5.55 rows=112 width=0)
	        Index Cond: ((k >= 3721542) AND (k <= 3721642))

table 2 : explain SELECT k, c FROM sbtest2 WHERE k BETWEEN 3721542 AND 3721642
	Bitmap Heap Scan on sbtest2  (cost=5.50..416.94 rows=104 width=125)
	  Recheck Cond: ((k >= 3721542) AND (k <= 3721642))
	  ->  Bitmap Index Scan on k_2  (cost=0.00..5.47 rows=104 width=0)
	        Index Cond: ((k >= 3721542) AND (k <= 3721642))

table 3 : explain SELECT k, c FROM sbtest3 WHERE k BETWEEN 3721542 AND 3721642
	Bitmap Heap Scan on sbtest3  (cost=5.49..413.00 rows=103 width=125)
	  Recheck Cond: ((k >= 3721542) AND (k <= 3721642))
	  ->  Bitmap Index Scan on k_3  (cost=0.00..5.46 rows=103 width=0)
	        Index Cond: ((k >= 3721542) AND (k <= 3721642))

table 4 : explain SELECT k, c FROM sbtest4 WHERE k BETWEEN 3721542 AND 3721642
	Bitmap Heap Scan on sbtest4  (cost=5.54..432.69 rows=108 width=125)
	  Recheck Cond: ((k >= 3721542) AND (k <= 3721642))
	  ->  Bitmap Index Scan on k_4  (cost=0.00..5.51 rows=108 width=0)
	        Index Cond: ((k >= 3721542) AND (k <= 3721642))

table 5 : explain SELECT k, c FROM sbtest5 WHERE k BETWEEN 3721542 AND 3721642
	Bitmap Heap Scan on sbtest5  (cost=5.42..385.43 rows=96 width=125)
	  Recheck Cond: ((k >= 3721542) AND (k <= 3721642))
	  ->  Bitmap Index Scan on k_5  (cost=0.00..5.39 rows=96 width=0)
	        Index Cond: ((k >= 3721542) AND (k <= 3721642))

table 6 : explain SELECT k, c FROM sbtest6 WHERE k BETWEEN 3721542 AND 3721642
	Bitmap Heap Scan on sbtest6  (cost=5.40..377.55 rows=94 width=125)
	  Recheck Cond: ((k >= 3721542) AND (k <= 3721642))
	  ->  Bitmap Index Scan on k_6  (cost=0.00..5.38 rows=94 width=0)
	        Index Cond: ((k >= 3721542) AND (k <= 3721642))

table 7 : explain SELECT k, c FROM sbtest7 WHERE k BETWEEN 3721542 AND 3721642
	Bitmap Heap Scan on sbtest7  (cost=5.43..389.37 rows=97 width=125)
	  Recheck Cond: ((k >= 3721542) AND (k <= 3721642))
	  ->  Bitmap Index Scan on k_7  (cost=0.00..5.40 rows=97 width=0)
	        Index Cond: ((k >= 3721542) AND (k <= 3721642))

table 8 : explain SELECT k, c FROM sbtest8 WHERE k BETWEEN 3721542 AND 3721642
	Bitmap Heap Scan on sbtest8  (cost=5.44..393.31 rows=98 width=125)
	  Recheck Cond: ((k >= 3721542) AND (k <= 3721642))
	  ->  Bitmap Index Scan on k_8  (cost=0.00..5.42 rows=98 width=0)
	        Index Cond: ((k >= 3721542) AND (k <= 3721642))

explain: for range-notcovered :: explain SELECT k, c FROM sbtest%d WHERE k BETWEEN 6370675 AND 6370775
explain: for range-notcovered :: explain SELECT k, c FROM sbtest%d WHERE k BETWEEN 3721542 AND 3721642
for range-notcovered
table 1 : explain SELECT k, c FROM sbtest1 WHERE k BETWEEN 4097614 AND 4097714
	Bitmap Heap Scan on sbtest1  (cost=5.62..464.15 rows=116 width=125)
	  Recheck Cond: ((k >= 4097614) AND (k <= 4097714))
	  ->  Bitmap Index Scan on k_1  (cost=0.00..5.59 rows=116 width=0)
	        Index Cond: ((k >= 4097614) AND (k <= 4097714))

table 2 : explain SELECT k, c FROM sbtest2 WHERE k BETWEEN 4097614 AND 4097714
	Bitmap Heap Scan on sbtest2  (cost=5.60..456.29 rows=114 width=125)
	  Recheck Cond: ((k >= 4097614) AND (k <= 4097714))
	  ->  Bitmap Index Scan on k_2  (cost=0.00..5.58 rows=114 width=0)
	        Index Cond: ((k >= 4097614) AND (k <= 4097714))

table 3 : explain SELECT k, c FROM sbtest3 WHERE k BETWEEN 4097614 AND 4097714
	Bitmap Heap Scan on sbtest3  (cost=5.50..416.94 rows=104 width=125)
	  Recheck Cond: ((k >= 4097614) AND (k <= 4097714))
	  ->  Bitmap Index Scan on k_3  (cost=0.00..5.47 rows=104 width=0)
	        Index Cond: ((k >= 4097614) AND (k <= 4097714))

table 4 : explain SELECT k, c FROM sbtest4 WHERE k BETWEEN 4097614 AND 4097714
	Bitmap Heap Scan on sbtest4  (cost=5.37..365.72 rows=91 width=125)
	  Recheck Cond: ((k >= 4097614) AND (k <= 4097714))
	  ->  Bitmap Index Scan on k_4  (cost=0.00..5.34 rows=91 width=0)
	        Index Cond: ((k >= 4097614) AND (k <= 4097714))

table 5 : explain SELECT k, c FROM sbtest5 WHERE k BETWEEN 4097614 AND 4097714
	Bitmap Heap Scan on sbtest5  (cost=5.54..432.69 rows=108 width=125)
	  Recheck Cond: ((k >= 4097614) AND (k <= 4097714))
	  ->  Bitmap Index Scan on k_5  (cost=0.00..5.51 rows=108 width=0)
	        Index Cond: ((k >= 4097614) AND (k <= 4097714))

table 6 : explain SELECT k, c FROM sbtest6 WHERE k BETWEEN 4097614 AND 4097714
	Bitmap Heap Scan on sbtest6  (cost=5.44..393.31 rows=98 width=125)
	  Recheck Cond: ((k >= 4097614) AND (k <= 4097714))
	  ->  Bitmap Index Scan on k_6  (cost=0.00..5.42 rows=98 width=0)
	        Index Cond: ((k >= 4097614) AND (k <= 4097714))

table 7 : explain SELECT k, c FROM sbtest7 WHERE k BETWEEN 4097614 AND 4097714
	Bitmap Heap Scan on sbtest7  (cost=5.53..428.75 rows=107 width=125)
	  Recheck Cond: ((k >= 4097614) AND (k <= 4097714))
	  ->  Bitmap Index Scan on k_7  (cost=0.00..5.50 rows=107 width=0)
	        Index Cond: ((k >= 4097614) AND (k <= 4097714))

table 8 : explain SELECT k, c FROM sbtest8 WHERE k BETWEEN 4097614 AND 4097714
	Bitmap Heap Scan on sbtest8  (cost=5.42..385.43 rows=96 width=125)
	  Recheck Cond: ((k >= 4097614) AND (k <= 4097714))
	  ->  Bitmap Index Scan on k_8  (cost=0.00..5.39 rows=96 width=0)
	        Index Cond: ((k >= 4097614) AND (k <= 4097714))

explain: for range-notcovered :: explain SELECT k, c FROM sbtest%d WHERE k BETWEEN 4097614 AND 4097714
for range-notcovered
table 1 : explain SELECT k, c FROM sbtest1 WHERE k BETWEEN 5436577 AND 5436677
	Bitmap Heap Scan on sbtest1  (cost=5.47..405.13 rows=101 width=125)
	  Recheck Cond: ((k >= 5436577) AND (k <= 5436677))
	  ->  Bitmap Index Scan on k_1  (cost=0.00..5.44 rows=101 width=0)
	        Index Cond: ((k >= 5436577) AND (k <= 5436677))

table 2 : explain SELECT k, c FROM sbtest2 WHERE k BETWEEN 5436577 AND 5436677
	Bitmap Heap Scan on sbtest2  (cost=5.51..420.88 rows=105 width=125)
	  Recheck Cond: ((k >= 5436577) AND (k <= 5436677))
	  ->  Bitmap Index Scan on k_2  (cost=0.00..5.48 rows=105 width=0)
	        Index Cond: ((k >= 5436577) AND (k <= 5436677))

table 3 : explain SELECT k, c FROM sbtest3 WHERE k BETWEEN 5436577 AND 5436677
	Bitmap Heap Scan on sbtest3  (cost=5.47..405.13 rows=101 width=125)
	  Recheck Cond: ((k >= 5436577) AND (k <= 5436677))
	  ->  Bitmap Index Scan on k_3  (cost=0.00..5.44 rows=101 width=0)
	        Index Cond: ((k >= 5436577) AND (k <= 5436677))

table 4 : explain SELECT k, c FROM sbtest4 WHERE k BETWEEN 5436577 AND 5436677
	Bitmap Heap Scan on sbtest4  (cost=5.55..436.62 rows=109 width=125)
	  Recheck Cond: ((k >= 5436577) AND (k <= 5436677))
	  ->  Bitmap Index Scan on k_4  (cost=0.00..5.52 rows=109 width=0)
	        Index Cond: ((k >= 5436577) AND (k <= 5436677))

table 5 : explain SELECT k, c FROM sbtest5 WHERE k BETWEEN 5436577 AND 5436677
	Bitmap Heap Scan on sbtest5  (cost=5.45..397.25 rows=99 width=125)
	  Recheck Cond: ((k >= 5436577) AND (k <= 5436677))
	  ->  Bitmap Index Scan on k_5  (cost=0.00..5.42 rows=99 width=0)
	        Index Cond: ((k >= 5436577) AND (k <= 5436677))

table 6 : explain SELECT k, c FROM sbtest6 WHERE k BETWEEN 5436577 AND 5436677
	Bitmap Heap Scan on sbtest6  (cost=5.50..416.94 rows=104 width=125)
	  Recheck Cond: ((k >= 5436577) AND (k <= 5436677))
	  ->  Bitmap Index Scan on k_6  (cost=0.00..5.47 rows=104 width=0)
	        Index Cond: ((k >= 5436577) AND (k <= 5436677))

table 7 : explain SELECT k, c FROM sbtest7 WHERE k BETWEEN 5436577 AND 5436677
	Bitmap Heap Scan on sbtest7  (cost=5.53..428.75 rows=107 width=125)
	  Recheck Cond: ((k >= 5436577) AND (k <= 5436677))
	  ->  Bitmap Index Scan on k_7  (cost=0.00..5.50 rows=107 width=0)
	        Index Cond: ((k >= 5436577) AND (k <= 5436677))

table 8 : explain SELECT k, c FROM sbtest8 WHERE k BETWEEN 5436577 AND 5436677
	Bitmap Heap Scan on sbtest8  (cost=5.47..405.13 rows=101 width=125)
	  Recheck Cond: ((k >= 5436577) AND (k <= 5436677))
	  ->  Bitmap Index Scan on k_8  (cost=0.00..5.44 rows=101 width=0)
	        Index Cond: ((k >= 5436577) AND (k <= 5436677))

for range-notcovered
table 1 : explain SELECT k, c FROM sbtest1 WHERE k BETWEEN 6370675 AND 6370775
	Bitmap Heap Scan on sbtest1  (cost=5.50..416.94 rows=104 width=125)
	  Recheck Cond: ((k >= 6370675) AND (k <= 6370775))
	  ->  Bitmap Index Scan on k_1  (cost=0.00..5.47 rows=104 width=0)
	        Index Cond: ((k >= 6370675) AND (k <= 6370775))

table 2 : explain SELECT k, c FROM sbtest2 WHERE k BETWEEN 6370675 AND 6370775
	Bitmap Heap Scan on sbtest2  (cost=5.54..432.69 rows=108 width=125)
	  Recheck Cond: ((k >= 6370675) AND (k <= 6370775))
	  ->  Bitmap Index Scan on k_2  (cost=0.00..5.51 rows=108 width=0)
	        Index Cond: ((k >= 6370675) AND (k <= 6370775))

table 3 : explain SELECT k, c FROM sbtest3 WHERE k BETWEEN 6370675 AND 6370775
	Bitmap Heap Scan on sbtest3  (cost=5.54..432.69 rows=108 width=125)
	  Recheck Cond: ((k >= 6370675) AND (k <= 6370775))
	  ->  Bitmap Index Scan on k_3  (cost=0.00..5.51 rows=108 width=0)
	        Index Cond: ((k >= 6370675) AND (k <= 6370775))

table 4 : explain SELECT k, c FROM sbtest4 WHERE k BETWEEN 6370675 AND 6370775
	Bitmap Heap Scan on sbtest4  (cost=5.47..405.13 rows=101 width=125)
	  Recheck Cond: ((k >= 6370675) AND (k <= 6370775))
	  ->  Bitmap Index Scan on k_4  (cost=0.00..5.44 rows=101 width=0)
	        Index Cond: ((k >= 6370675) AND (k <= 6370775))

table 5 : explain SELECT k, c FROM sbtest5 WHERE k BETWEEN 6370675 AND 6370775
	Bitmap Heap Scan on sbtest5  (cost=5.44..393.31 rows=98 width=125)
	  Recheck Cond: ((k >= 6370675) AND (k <= 6370775))
	  ->  Bitmap Index Scan on k_5  (cost=0.00..5.42 rows=98 width=0)
	        Index Cond: ((k >= 6370675) AND (k <= 6370775))

table 6 : explain SELECT k, c FROM sbtest6 WHERE k BETWEEN 6370675 AND 6370775
	Bitmap Heap Scan on sbtest6  (cost=5.49..413.00 rows=103 width=125)
	  Recheck Cond: ((k >= 6370675) AND (k <= 6370775))
	  ->  Bitmap Index Scan on k_6  (cost=0.00..5.46 rows=103 width=0)
	        Index Cond: ((k >= 6370675) AND (k <= 6370775))

table 7 : explain SELECT k, c FROM sbtest7 WHERE k BETWEEN 6370675 AND 6370775
	Bitmap Heap Scan on sbtest7  (cost=5.42..385.43 rows=96 width=125)
	  Recheck Cond: ((k >= 6370675) AND (k <= 6370775))
	  ->  Bitmap Index Scan on k_7  (cost=0.00..5.39 rows=96 width=0)
	        Index Cond: ((k >= 6370675) AND (k <= 6370775))

table 8 : explain SELECT k, c FROM sbtest8 WHERE k BETWEEN 6370675 AND 6370775
	Bitmap Heap Scan on sbtest8  (cost=5.44..393.31 rows=98 width=125)
	  Recheck Cond: ((k >= 6370675) AND (k <= 6370775))
	  ->  Bitmap Index Scan on k_8  (cost=0.00..5.42 rows=98 width=0)
	        Index Cond: ((k >= 6370675) AND (k <= 6370775))

for range-notcovered
table 1 : explain SELECT k, c FROM sbtest1 WHERE k BETWEEN 3721542 AND 3721642
	Bitmap Heap Scan on sbtest1  (cost=5.58..448.42 rows=112 width=125)
	  Recheck Cond: ((k >= 3721542) AND (k <= 3721642))
	  ->  Bitmap Index Scan on k_1  (cost=0.00..5.55 rows=112 width=0)
	        Index Cond: ((k >= 3721542) AND (k <= 3721642))

table 2 : explain SELECT k, c FROM sbtest2 WHERE k BETWEEN 3721542 AND 3721642
	Bitmap Heap Scan on sbtest2  (cost=5.50..416.94 rows=104 width=125)
	  Recheck Cond: ((k >= 3721542) AND (k <= 3721642))
	  ->  Bitmap Index Scan on k_2  (cost=0.00..5.47 rows=104 width=0)
	        Index Cond: ((k >= 3721542) AND (k <= 3721642))

table 3 : explain SELECT k, c FROM sbtest3 WHERE k BETWEEN 3721542 AND 3721642
	Bitmap Heap Scan on sbtest3  (cost=5.49..413.00 rows=103 width=125)
	  Recheck Cond: ((k >= 3721542) AND (k <= 3721642))
	  ->  Bitmap Index Scan on k_3  (cost=0.00..5.46 rows=103 width=0)
	        Index Cond: ((k >= 3721542) AND (k <= 3721642))

table 4 : explain SELECT k, c FROM sbtest4 WHERE k BETWEEN 3721542 AND 3721642
	Bitmap Heap Scan on sbtest4  (cost=5.54..432.69 rows=108 width=125)
	  Recheck Cond: ((k >= 3721542) AND (k <= 3721642))
	  ->  Bitmap Index Scan on k_4  (cost=0.00..5.51 rows=108 width=0)
	        Index Cond: ((k >= 3721542) AND (k <= 3721642))

table 5 : explain SELECT k, c FROM sbtest5 WHERE k BETWEEN 3721542 AND 3721642
	Bitmap Heap Scan on sbtest5  (cost=5.42..385.43 rows=96 width=125)
	  Recheck Cond: ((k >= 3721542) AND (k <= 3721642))
	  ->  Bitmap Index Scan on k_5  (cost=0.00..5.39 rows=96 width=0)
	        Index Cond: ((k >= 3721542) AND (k <= 3721642))

table 6 : explain SELECT k, c FROM sbtest6 WHERE k BETWEEN 3721542 AND 3721642
	Bitmap Heap Scan on sbtest6  (cost=5.40..377.55 rows=94 width=125)
	  Recheck Cond: ((k >= 3721542) AND (k <= 3721642))
	  ->  Bitmap Index Scan on k_6  (cost=0.00..5.38 rows=94 width=0)
	        Index Cond: ((k >= 3721542) AND (k <= 3721642))

table 7 : explain SELECT k, c FROM sbtest7 WHERE k BETWEEN 3721542 AND 3721642
	Bitmap Heap Scan on sbtest7  (cost=5.43..389.37 rows=97 width=125)
	  Recheck Cond: ((k >= 3721542) AND (k <= 3721642))
	  ->  Bitmap Index Scan on k_7  (cost=0.00..5.40 rows=97 width=0)
	        Index Cond: ((k >= 3721542) AND (k <= 3721642))

table 8 : explain SELECT k, c FROM sbtest8 WHERE k BETWEEN 3721542 AND 3721642
	Bitmap Heap Scan on sbtest8  (cost=5.44..393.31 rows=98 width=125)
	  Recheck Cond: ((k >= 3721542) AND (k <= 3721642))
	  ->  Bitmap Index Scan on k_8  (cost=0.00..5.42 rows=98 width=0)
	        Index Cond: ((k >= 3721542) AND (k <= 3721642))

for range-notcovered
table 1 : explain SELECT k, c FROM sbtest1 WHERE k BETWEEN 4097614 AND 4097714
	Bitmap Heap Scan on sbtest1  (cost=5.62..464.15 rows=116 width=125)
	  Recheck Cond: ((k >= 4097614) AND (k <= 4097714))
	  ->  Bitmap Index Scan on k_1  (cost=0.00..5.59 rows=116 width=0)
	        Index Cond: ((k >= 4097614) AND (k <= 4097714))

table 2 : explain SELECT k, c FROM sbtest2 WHERE k BETWEEN 4097614 AND 4097714
	Bitmap Heap Scan on sbtest2  (cost=5.60..456.29 rows=114 width=125)
	  Recheck Cond: ((k >= 4097614) AND (k <= 4097714))
	  ->  Bitmap Index Scan on k_2  (cost=0.00..5.58 rows=114 width=0)
	        Index Cond: ((k >= 4097614) AND (k <= 4097714))

table 3 : explain SELECT k, c FROM sbtest3 WHERE k BETWEEN 4097614 AND 4097714
	Bitmap Heap Scan on sbtest3  (cost=5.50..416.94 rows=104 width=125)
	  Recheck Cond: ((k >= 4097614) AND (k <= 4097714))
	  ->  Bitmap Index Scan on k_3  (cost=0.00..5.47 rows=104 width=0)
	        Index Cond: ((k >= 4097614) AND (k <= 4097714))

table 4 : explain SELECT k, c FROM sbtest4 WHERE k BETWEEN 4097614 AND 4097714
	Bitmap Heap Scan on sbtest4  (cost=5.37..365.72 rows=91 width=125)
	  Recheck Cond: ((k >= 4097614) AND (k <= 4097714))
	  ->  Bitmap Index Scan on k_4  (cost=0.00..5.34 rows=91 width=0)
	        Index Cond: ((k >= 4097614) AND (k <= 4097714))

table 5 : explain SELECT k, c FROM sbtest5 WHERE k BETWEEN 4097614 AND 4097714
	Bitmap Heap Scan on sbtest5  (cost=5.54..432.69 rows=108 width=125)
	  Recheck Cond: ((k >= 4097614) AND (k <= 4097714))
	  ->  Bitmap Index Scan on k_5  (cost=0.00..5.51 rows=108 width=0)
	        Index Cond: ((k >= 4097614) AND (k <= 4097714))

table 6 : explain SELECT k, c FROM sbtest6 WHERE k BETWEEN 4097614 AND 4097714
	Bitmap Heap Scan on sbtest6  (cost=5.44..393.31 rows=98 width=125)
	  Recheck Cond: ((k >= 4097614) AND (k <= 4097714))
	  ->  Bitmap Index Scan on k_6  (cost=0.00..5.42 rows=98 width=0)
	        Index Cond: ((k >= 4097614) AND (k <= 4097714))

table 7 : explain SELECT k, c FROM sbtest7 WHERE k BETWEEN 4097614 AND 4097714
	Bitmap Heap Scan on sbtest7  (cost=5.53..428.75 rows=107 width=125)
	  Recheck Cond: ((k >= 4097614) AND (k <= 4097714))
	  ->  Bitmap Index Scan on k_7  (cost=0.00..5.50 rows=107 width=0)
	        Index Cond: ((k >= 4097614) AND (k <= 4097714))

table 8 : explain SELECT k, c FROM sbtest8 WHERE k BETWEEN 4097614 AND 4097714
	Bitmap Heap Scan on sbtest8  (cost=5.42..385.43 rows=96 width=125)
	  Recheck Cond: ((k >= 4097614) AND (k <= 4097714))
	  ->  Bitmap Index Scan on k_8  (cost=0.00..5.39 rows=96 width=0)
	        Index Cond: ((k >= 4097614) AND (k <= 4097714))

explain: for range-notcovered :: explain SELECT k, c FROM sbtest%d WHERE k BETWEEN 3721542 AND 3721642
explain: for range-notcovered :: explain SELECT k, c FROM sbtest%d WHERE k BETWEEN 4097614 AND 4097714
for range-notcovered
table 1 : explain SELECT k, c FROM sbtest1 WHERE k BETWEEN 4097614 AND 4097714
	Bitmap Heap Scan on sbtest1  (cost=5.62..464.15 rows=116 width=125)
	  Recheck Cond: ((k >= 4097614) AND (k <= 4097714))
	  ->  Bitmap Index Scan on k_1  (cost=0.00..5.59 rows=116 width=0)
	        Index Cond: ((k >= 4097614) AND (k <= 4097714))

table 2 : explain SELECT k, c FROM sbtest2 WHERE k BETWEEN 4097614 AND 4097714
	Bitmap Heap Scan on sbtest2  (cost=5.60..456.29 rows=114 width=125)
	  Recheck Cond: ((k >= 4097614) AND (k <= 4097714))
	  ->  Bitmap Index Scan on k_2  (cost=0.00..5.58 rows=114 width=0)
	        Index Cond: ((k >= 4097614) AND (k <= 4097714))

table 3 : explain SELECT k, c FROM sbtest3 WHERE k BETWEEN 4097614 AND 4097714
	Bitmap Heap Scan on sbtest3  (cost=5.50..416.94 rows=104 width=125)
	  Recheck Cond: ((k >= 4097614) AND (k <= 4097714))
	  ->  Bitmap Index Scan on k_3  (cost=0.00..5.47 rows=104 width=0)
	        Index Cond: ((k >= 4097614) AND (k <= 4097714))

table 4 : explain SELECT k, c FROM sbtest4 WHERE k BETWEEN 4097614 AND 4097714
	Bitmap Heap Scan on sbtest4  (cost=5.37..365.72 rows=91 width=125)
	  Recheck Cond: ((k >= 4097614) AND (k <= 4097714))
	  ->  Bitmap Index Scan on k_4  (cost=0.00..5.34 rows=91 width=0)
	        Index Cond: ((k >= 4097614) AND (k <= 4097714))

table 5 : explain SELECT k, c FROM sbtest5 WHERE k BETWEEN 4097614 AND 4097714
	Bitmap Heap Scan on sbtest5  (cost=5.54..432.69 rows=108 width=125)
	  Recheck Cond: ((k >= 4097614) AND (k <= 4097714))
	  ->  Bitmap Index Scan on k_5  (cost=0.00..5.51 rows=108 width=0)
	        Index Cond: ((k >= 4097614) AND (k <= 4097714))

table 6 : explain SELECT k, c FROM sbtest6 WHERE k BETWEEN 4097614 AND 4097714
	Bitmap Heap Scan on sbtest6  (cost=5.44..393.31 rows=98 width=125)
	  Recheck Cond: ((k >= 4097614) AND (k <= 4097714))
	  ->  Bitmap Index Scan on k_6  (cost=0.00..5.42 rows=98 width=0)
	        Index Cond: ((k >= 4097614) AND (k <= 4097714))

table 7 : explain SELECT k, c FROM sbtest7 WHERE k BETWEEN 4097614 AND 4097714
	Bitmap Heap Scan on sbtest7  (cost=5.53..428.75 rows=107 width=125)
	  Recheck Cond: ((k >= 4097614) AND (k <= 4097714))
	  ->  Bitmap Index Scan on k_7  (cost=0.00..5.50 rows=107 width=0)
	        Index Cond: ((k >= 4097614) AND (k <= 4097714))

table 8 : explain SELECT k, c FROM sbtest8 WHERE k BETWEEN 4097614 AND 4097714
	Bitmap Heap Scan on sbtest8  (cost=5.42..385.43 rows=96 width=125)
	  Recheck Cond: ((k >= 4097614) AND (k <= 4097714))
	  ->  Bitmap Index Scan on k_8  (cost=0.00..5.39 rows=96 width=0)
	        Index Cond: ((k >= 4097614) AND (k <= 4097714))

for range-notcovered
table 1 : explain SELECT k, c FROM sbtest1 WHERE k BETWEEN 3721542 AND 3721642
	Bitmap Heap Scan on sbtest1  (cost=5.58..448.42 rows=112 width=125)
	  Recheck Cond: ((k >= 3721542) AND (k <= 3721642))
	  ->  Bitmap Index Scan on k_1  (cost=0.00..5.55 rows=112 width=0)
	        Index Cond: ((k >= 3721542) AND (k <= 3721642))

table 2 : explain SELECT k, c FROM sbtest2 WHERE k BETWEEN 3721542 AND 3721642
	Bitmap Heap Scan on sbtest2  (cost=5.50..416.94 rows=104 width=125)
	  Recheck Cond: ((k >= 3721542) AND (k <= 3721642))
	  ->  Bitmap Index Scan on k_2  (cost=0.00..5.47 rows=104 width=0)
	        Index Cond: ((k >= 3721542) AND (k <= 3721642))

table 3 : explain SELECT k, c FROM sbtest3 WHERE k BETWEEN 3721542 AND 3721642
	Bitmap Heap Scan on sbtest3  (cost=5.49..413.00 rows=103 width=125)
	  Recheck Cond: ((k >= 3721542) AND (k <= 3721642))
	  ->  Bitmap Index Scan on k_3  (cost=0.00..5.46 rows=103 width=0)
	        Index Cond: ((k >= 3721542) AND (k <= 3721642))

table 4 : explain SELECT k, c FROM sbtest4 WHERE k BETWEEN 3721542 AND 3721642
	Bitmap Heap Scan on sbtest4  (cost=5.54..432.69 rows=108 width=125)
	  Recheck Cond: ((k >= 3721542) AND (k <= 3721642))
	  ->  Bitmap Index Scan on k_4  (cost=0.00..5.51 rows=108 width=0)
	        Index Cond: ((k >= 3721542) AND (k <= 3721642))

table 5 : explain SELECT k, c FROM sbtest5 WHERE k BETWEEN 3721542 AND 3721642
	Bitmap Heap Scan on sbtest5  (cost=5.42..385.43 rows=96 width=125)
	  Recheck Cond: ((k >= 3721542) AND (k <= 3721642))
	  ->  Bitmap Index Scan on k_5  (cost=0.00..5.39 rows=96 width=0)
	        Index Cond: ((k >= 3721542) AND (k <= 3721642))

table 6 : explain SELECT k, c FROM sbtest6 WHERE k BETWEEN 3721542 AND 3721642
	Bitmap Heap Scan on sbtest6  (cost=5.40..377.55 rows=94 width=125)
	  Recheck Cond: ((k >= 3721542) AND (k <= 3721642))
	  ->  Bitmap Index Scan on k_6  (cost=0.00..5.38 rows=94 width=0)
	        Index Cond: ((k >= 3721542) AND (k <= 3721642))

table 7 : explain SELECT k, c FROM sbtest7 WHERE k BETWEEN 3721542 AND 3721642
	Bitmap Heap Scan on sbtest7  (cost=5.43..389.37 rows=97 width=125)
	  Recheck Cond: ((k >= 3721542) AND (k <= 3721642))
	  ->  Bitmap Index Scan on k_7  (cost=0.00..5.40 rows=97 width=0)
	        Index Cond: ((k >= 3721542) AND (k <= 3721642))

table 8 : explain SELECT k, c FROM sbtest8 WHERE k BETWEEN 3721542 AND 3721642
	Bitmap Heap Scan on sbtest8  (cost=5.44..393.31 rows=98 width=125)
	  Recheck Cond: ((k >= 3721542) AND (k <= 3721642))
	  ->  Bitmap Index Scan on k_8  (cost=0.00..5.42 rows=98 width=0)
	        Index Cond: ((k >= 3721542) AND (k <= 3721642))

explain: for range-notcovered :: explain SELECT k, c FROM sbtest%d WHERE k BETWEEN 6370675 AND 6370775
for range-notcovered
table 1 : explain SELECT k, c FROM sbtest1 WHERE k BETWEEN 6370675 AND 6370775
	Bitmap Heap Scan on sbtest1  (cost=5.50..416.94 rows=104 width=125)
	  Recheck Cond: ((k >= 6370675) AND (k <= 6370775))
	  ->  Bitmap Index Scan on k_1  (cost=0.00..5.47 rows=104 width=0)
	        Index Cond: ((k >= 6370675) AND (k <= 6370775))

table 2 : explain SELECT k, c FROM sbtest2 WHERE k BETWEEN 6370675 AND 6370775
	Bitmap Heap Scan on sbtest2  (cost=5.54..432.69 rows=108 width=125)
	  Recheck Cond: ((k >= 6370675) AND (k <= 6370775))
	  ->  Bitmap Index Scan on k_2  (cost=0.00..5.51 rows=108 width=0)
	        Index Cond: ((k >= 6370675) AND (k <= 6370775))

table 3 : explain SELECT k, c FROM sbtest3 WHERE k BETWEEN 6370675 AND 6370775
	Bitmap Heap Scan on sbtest3  (cost=5.54..432.69 rows=108 width=125)
	  Recheck Cond: ((k >= 6370675) AND (k <= 6370775))
	  ->  Bitmap Index Scan on k_3  (cost=0.00..5.51 rows=108 width=0)
	        Index Cond: ((k >= 6370675) AND (k <= 6370775))

table 4 : explain SELECT k, c FROM sbtest4 WHERE k BETWEEN 6370675 AND 6370775
	Bitmap Heap Scan on sbtest4  (cost=5.47..405.13 rows=101 width=125)
	  Recheck Cond: ((k >= 6370675) AND (k <= 6370775))
	  ->  Bitmap Index Scan on k_4  (cost=0.00..5.44 rows=101 width=0)
	        Index Cond: ((k >= 6370675) AND (k <= 6370775))

table 5 : explain SELECT k, c FROM sbtest5 WHERE k BETWEEN 6370675 AND 6370775
	Bitmap Heap Scan on sbtest5  (cost=5.44..393.31 rows=98 width=125)
	  Recheck Cond: ((k >= 6370675) AND (k <= 6370775))
	  ->  Bitmap Index Scan on k_5  (cost=0.00..5.42 rows=98 width=0)
	        Index Cond: ((k >= 6370675) AND (k <= 6370775))

table 6 : explain SELECT k, c FROM sbtest6 WHERE k BETWEEN 6370675 AND 6370775
	Bitmap Heap Scan on sbtest6  (cost=5.49..413.00 rows=103 width=125)
	  Recheck Cond: ((k >= 6370675) AND (k <= 6370775))
	  ->  Bitmap Index Scan on k_6  (cost=0.00..5.46 rows=103 width=0)
	        Index Cond: ((k >= 6370675) AND (k <= 6370775))

table 7 : explain SELECT k, c FROM sbtest7 WHERE k BETWEEN 6370675 AND 6370775
	Bitmap Heap Scan on sbtest7  (cost=5.42..385.43 rows=96 width=125)
	  Recheck Cond: ((k >= 6370675) AND (k <= 6370775))
	  ->  Bitmap Index Scan on k_7  (cost=0.00..5.39 rows=96 width=0)
	        Index Cond: ((k >= 6370675) AND (k <= 6370775))

table 8 : explain SELECT k, c FROM sbtest8 WHERE k BETWEEN 6370675 AND 6370775
	Bitmap Heap Scan on sbtest8  (cost=5.44..393.31 rows=98 width=125)
	  Recheck Cond: ((k >= 6370675) AND (k <= 6370775))
	  ->  Bitmap Index Scan on k_8  (cost=0.00..5.42 rows=98 width=0)
	        Index Cond: ((k >= 6370675) AND (k <= 6370775))

Threads started!

Warming up for 5 seconds...

SQL statistics:
    queries performed:
        read:                            101546601
        write:                           0
        other:                           0
        total:                           101546601
    transactions:                        101546601 (161183.55 per sec.)
    queries:                             101546601 (161183.55 per sec.)
    ignored errors:                      0      (0.00 per sec.)
    reconnects:                          0      (0.00 per sec.)

Throughput:
    events/s (eps):                      161183.5521
    time elapsed:                        630.0061s
    total number of events:              101546601

Latency (ms):
         min:                                    0.08
         avg:                                    0.25
         max:                                   16.27
         95th percentile:                        0.29
         sum:                             25155244.23

Threads fairness:
    events (avg/stddev):           2538662.6500/6947.39
    execution time (avg/stddev):   628.8811/0.02

