LUA_PATH=/home/mdcallag/git/mytools/bench/sysbench.lua/lua/?.lua /home/mdcallag/git/mytools/bench/sysbench.lua/lua/sysbench --db-driver=pgsql --range-size=1000 --table-size=10000000 --tables=8 --threads=40 --events=0 --warmup-time=5 --time=630 --pgsql_conn_id=true /home/mdcallag/git/mytools/bench/sysbench.lua/lua/oltp_read_only.lua run --pgsql-user=root --pgsql-password=pw --pgsql-host=127.0.0.1 --pgsql-db=ib --rand-type=uniform --simple-ranges=0 --sum-ranges=0 --order-ranges=0 --distinct-ranges=1
48 CPUs
sysbench 1.1.0-9072687 (using bundled LuaJIT 2.1.0-beta3)

Running the test with following options:
Number of threads: 40
Warmup time: 5s
Initializing random number generator from current time


Initializing worker threads...

explain: for point_selects :: explain SELECT c FROM sbtest%u WHERE id=%u
explain: for point_selects :: explain SELECT c FROM sbtest%u WHERE id=%u
explain: for point_selects :: explain SELECT c FROM sbtest%u WHERE id=%u
explain: for point_selects :: explain SELECT c FROM sbtest%u WHERE id=%u
explain: for point_selects :: explain SELECT c FROM sbtest%u WHERE id=%u
explain: for point_selects :: explain SELECT c FROM sbtest%u WHERE id=%u
explain: for point_selects :: explain SELECT c FROM sbtest%u WHERE id=%u
for point_selects
table 1 : explain SELECT c FROM sbtest1 WHERE id=7044264
	Index Scan using sbtest1_pkey on sbtest1  (cost=0.43..8.45 rows=1 width=121)
	  Index Cond: (id = 7044264)

table 2 : explain SELECT c FROM sbtest2 WHERE id=4786532
	Index Scan using sbtest2_pkey on sbtest2  (cost=0.43..8.45 rows=1 width=121)
	  Index Cond: (id = 4786532)

table 3 : explain SELECT c FROM sbtest3 WHERE id=8778561
	Index Scan using sbtest3_pkey on sbtest3  (cost=0.43..8.45 rows=1 width=121)
	  Index Cond: (id = 8778561)

table 4 : explain SELECT c FROM sbtest4 WHERE id=7161891
	Index Scan using sbtest4_pkey on sbtest4  (cost=0.43..8.45 rows=1 width=121)
	  Index Cond: (id = 7161891)

table 5 : explain SELECT c FROM sbtest5 WHERE id=1399513
	Index Scan using sbtest5_pkey on sbtest5  (cost=0.43..8.45 rows=1 width=121)
	  Index Cond: (id = 1399513)

table 6 : explain SELECT c FROM sbtest6 WHERE id=2905175
	Index Scan using sbtest6_pkey on sbtest6  (cost=0.43..8.45 rows=1 width=121)
	  Index Cond: (id = 2905175)

table 7 : explain SELECT c FROM sbtest7 WHERE id=7419562
	Index Scan using sbtest7_pkey on sbtest7  (cost=0.43..8.45 rows=1 width=121)
	  Index Cond: (id = 7419562)

table 8 : explain SELECT c FROM sbtest8 WHERE id=1076467
	Index Scan using sbtest8_pkey on sbtest8  (cost=0.43..8.45 rows=1 width=121)
	  Index Cond: (id = 1076467)

for point_selects
table 1 : explain SELECT c FROM sbtest1 WHERE id=7253182
	Index Scan using sbtest1_pkey on sbtest1  (cost=0.43..8.45 rows=1 width=121)
	  Index Cond: (id = 7253182)

table 2 : explain SELECT c FROM sbtest2 WHERE id=8746565
	Index Scan using sbtest2_pkey on sbtest2  (cost=0.43..8.45 rows=1 width=121)
	  Index Cond: (id = 8746565)

table 3 : explain SELECT c FROM sbtest3 WHERE id=8510012
	Index Scan using sbtest3_pkey on sbtest3  (cost=0.43..8.45 rows=1 width=121)
	  Index Cond: (id = 8510012)

table 4 : explain SELECT c FROM sbtest4 WHERE id=7490261
	Index Scan using sbtest4_pkey on sbtest4  (cost=0.43..8.45 rows=1 width=121)
	  Index Cond: (id = 7490261)

table 5 : explain SELECT c FROM sbtest5 WHERE id=5941053
	Index Scan using sbtest5_pkey on sbtest5  (cost=0.43..8.45 rows=1 width=121)
	  Index Cond: (id = 5941053)

table 6 : explain SELECT c FROM sbtest6 WHERE id=6173494
	Index Scan using sbtest6_pkey on sbtest6  (cost=0.43..8.45 rows=1 width=121)
	  Index Cond: (id = 6173494)

table 7 : explain SELECT c FROM sbtest7 WHERE id=4242509
	Index Scan using sbtest7_pkey on sbtest7  (cost=0.43..8.45 rows=1 width=121)
	  Index Cond: (id = 4242509)

table 8 : explain SELECT c FROM sbtest8 WHERE id=1023722
	Index Scan using sbtest8_pkey on sbtest8  (cost=0.43..8.45 rows=1 width=121)
	  Index Cond: (id = 1023722)

explain: for point_selects :: explain SELECT c FROM sbtest%u WHERE id=%u
for: simple_ranges
table 1 : explain SELECT c FROM sbtest1 WHERE id BETWEEN 3684096 AND 3685095
	Bitmap Heap Scan on sbtest1  (cost=22.22..3691.09 rows=955 width=121)
	  Recheck Cond: ((id >= 3684096) AND (id <= 3685095))
	  ->  Bitmap Index Scan on sbtest1_pkey  (cost=0.00..21.98 rows=955 width=0)
	        Index Cond: ((id >= 3684096) AND (id <= 3685095))

table 2 : explain SELECT c FROM sbtest2 WHERE id BETWEEN 2600935 AND 2601934
	Bitmap Heap Scan on sbtest2  (cost=22.67..3857.83 rows=999 width=121)
	  Recheck Cond: ((id >= 2600935) AND (id <= 2601934))
	  ->  Bitmap Index Scan on sbtest2_pkey  (cost=0.00..22.43 rows=999 width=0)
	        Index Cond: ((id >= 2600935) AND (id <= 2601934))

table 3 : explain SELECT c FROM sbtest3 WHERE id BETWEEN 505468 AND 506467
	Bitmap Heap Scan on sbtest3  (cost=22.58..3822.19 rows=990 width=121)
	  Recheck Cond: ((id >= 505468) AND (id <= 506467))
	  ->  Bitmap Index Scan on sbtest3_pkey  (cost=0.00..22.33 rows=990 width=0)
	        Index Cond: ((id >= 505468) AND (id <= 506467))

table 4 : explain SELECT c FROM sbtest4 WHERE id BETWEEN 1830826 AND 1831825
	Bitmap Heap Scan on sbtest4  (cost=22.50..3792.83 rows=982 width=121)
	  Recheck Cond: ((id >= 1830826) AND (id <= 1831825))
	  ->  Bitmap Index Scan on sbtest4_pkey  (cost=0.00..22.25 rows=982 width=0)
	        Index Cond: ((id >= 1830826) AND (id <= 1831825))

table 5 : explain SELECT c FROM sbtest5 WHERE id BETWEEN 3190714 AND 3191713
	Bitmap Heap Scan on sbtest5  (cost=22.44..3771.16 rows=976 width=121)
	  Recheck Cond: ((id >= 3190714) AND (id <= 3191713))
	  ->  Bitmap Index Scan on sbtest5_pkey  (cost=0.00..22.19 rows=976 width=0)
	        Index Cond: ((id >= 3190714) AND (id <= 3191713))

table 6 : explain SELECT c FROM sbtest6 WHERE id BETWEEN 9797621 AND 9798620
	Bitmap Heap Scan on sbtest6  (cost=22.53..3804.35 rows=985 width=121)
	  Recheck Cond: ((id >= 9797621) AND (id <= 9798620))
	  ->  Bitmap Index Scan on sbtest6_pkey  (cost=0.00..22.29 rows=985 width=0)
	        Index Cond: ((id >= 9797621) AND (id <= 9798620))

table 7 : explain SELECT c FROM sbtest7 WHERE id BETWEEN 8004500 AND 8005499
	Bitmap Heap Scan on sbtest7  (cost=21.48..3415.54 rows=882 width=121)
	  Recheck Cond: ((id >= 8004500) AND (id <= 8005499))
	  ->  Bitmap Index Scan on sbtest7_pkey  (cost=0.00..21.25 rows=882 width=0)
	        Index Cond: ((id >= 8004500) AND (id <= 8005499))

table 8 : explain SELECT c FROM sbtest8 WHERE id BETWEEN 418463 AND 419462
	Bitmap Heap Scan on sbtest8  (cost=22.04..3623.58 rows=937 width=121)
	  Recheck Cond: ((id >= 418463) AND (id <= 419462))
	  ->  Bitmap Index Scan on sbtest8_pkey  (cost=0.00..21.80 rows=937 width=0)
	        Index Cond: ((id >= 418463) AND (id <= 419462))

for point_selects
table 1 : explain SELECT c FROM sbtest1 WHERE id=6652531
	Index Scan using sbtest1_pkey on sbtest1  (cost=0.43..8.45 rows=1 width=121)
	  Index Cond: (id = 6652531)

table 2 : explain SELECT c FROM sbtest2 WHERE id=3259621
	Index Scan using sbtest2_pkey on sbtest2  (cost=0.43..8.45 rows=1 width=121)
	  Index Cond: (id = 3259621)

table 3 : explain SELECT c FROM sbtest3 WHERE id=3187104
	Index Scan using sbtest3_pkey on sbtest3  (cost=0.43..8.45 rows=1 width=121)
	  Index Cond: (id = 3187104)

table 4 : explain SELECT c FROM sbtest4 WHERE id=210602
	Index Scan using sbtest4_pkey on sbtest4  (cost=0.43..8.45 rows=1 width=121)
	  Index Cond: (id = 210602)

table 5 : explain SELECT c FROM sbtest5 WHERE id=4723485
	Index Scan using sbtest5_pkey on sbtest5  (cost=0.43..8.45 rows=1 width=121)
	  Index Cond: (id = 4723485)

table 6 : explain SELECT c FROM sbtest6 WHERE id=5130471
	Index Scan using sbtest6_pkey on sbtest6  (cost=0.43..8.45 rows=1 width=121)
	  Index Cond: (id = 5130471)

table 7 : explain SELECT c FROM sbtest7 WHERE id=3429215
	Index Scan using sbtest7_pkey on sbtest7  (cost=0.43..8.45 rows=1 width=121)
	  Index Cond: (id = 3429215)

table 8 : explain SELECT c FROM sbtest8 WHERE id=5401081
	Index Scan using sbtest8_pkey on sbtest8  (cost=0.43..8.45 rows=1 width=121)
	  Index Cond: (id = 5401081)

for: simple_ranges
table 1 : explain SELECT c FROM sbtest1 WHERE id BETWEEN 6564216 AND 6565215
	Bitmap Heap Scan on sbtest1  (cost=22.84..3917.14 rows=1015 width=121)
	  Recheck Cond: ((id >= 6564216) AND (id <= 6565215))
	  ->  Bitmap Index Scan on sbtest1_pkey  (cost=0.00..22.58 rows=1015 width=0)
	        Index Cond: ((id >= 6564216) AND (id <= 6565215))

table 2 : explain SELECT c FROM sbtest2 WHERE id BETWEEN 6009176 AND 6010175
	Bitmap Heap Scan on sbtest2  (cost=22.95..3959.50 rows=1026 width=121)
	  Recheck Cond: ((id >= 6009176) AND (id <= 6010175))
	  ->  Bitmap Index Scan on sbtest2_pkey  (cost=0.00..22.69 rows=1026 width=0)
	        Index Cond: ((id >= 6009176) AND (id <= 6010175))

table 3 : explain SELECT c FROM sbtest3 WHERE id BETWEEN 949056 AND 950055
	Bitmap Heap Scan on sbtest3  (cost=22.34..3731.78 rows=966 width=121)
	  Recheck Cond: ((id >= 949056) AND (id <= 950055))
	  ->  Bitmap Index Scan on sbtest3_pkey  (cost=0.00..22.09 rows=966 width=0)
	        Index Cond: ((id >= 949056) AND (id <= 950055))

table 4 : explain SELECT c FROM sbtest4 WHERE id BETWEEN 1602504 AND 1603503
	Bitmap Heap Scan on sbtest4  (cost=22.67..3856.86 rows=999 width=121)
	  Recheck Cond: ((id >= 1602504) AND (id <= 1603503))
	  ->  Bitmap Index Scan on sbtest4_pkey  (cost=0.00..22.43 rows=999 width=0)
	        Index Cond: ((id >= 1602504) AND (id <= 1603503))

table 5 : explain SELECT c FROM sbtest5 WHERE id BETWEEN 2516685 AND 2517684
	Bitmap Heap Scan on sbtest5  (cost=21.81..3540.94 rows=915 width=121)
	  Recheck Cond: ((id >= 2516685) AND (id <= 2517684))
	  ->  Bitmap Index Scan on sbtest5_pkey  (cost=0.00..21.58 rows=915 width=0)
	        Index Cond: ((id >= 2516685) AND (id <= 2517684))

table 6 : explain SELECT c FROM sbtest6 WHERE id BETWEEN 2571402 AND 2572401
	Bitmap Heap Scan on sbtest6  (cost=22.82..3909.79 rows=1013 width=121)
	  Recheck Cond: ((id >= 2571402) AND (id <= 2572401))
	  ->  Bitmap Index Scan on sbtest6_pkey  (cost=0.00..22.57 rows=1013 width=0)
	        Index Cond: ((id >= 2571402) AND (id <= 2572401))

table 7 : explain SELECT c FROM sbtest7 WHERE id BETWEEN 7995520 AND 7996519
	Bitmap Heap Scan on sbtest7  (cost=21.48..3415.54 rows=882 width=121)
	  Recheck Cond: ((id >= 7995520) AND (id <= 7996519))
	  ->  Bitmap Index Scan on sbtest7_pkey  (cost=0.00..21.25 rows=882 width=0)
	        Index Cond: ((id >= 7995520) AND (id <= 7996519))

table 8 : explain SELECT c FROM sbtest8 WHERE id BETWEEN 7412644 AND 7413643
	Bitmap Heap Scan on sbtest8  (cost=22.55..3812.13 rows=987 width=121)
	  Recheck Cond: ((id >= 7412644) AND (id <= 7413643))
	  ->  Bitmap Index Scan on sbtest8_pkey  (cost=0.00..22.30 rows=987 width=0)
	        Index Cond: ((id >= 7412644) AND (id <= 7413643))

for point_selects
table 1 : explain SELECT c FROM sbtest1 WHERE id=3368272
	Index Scan using sbtest1_pkey on sbtest1  (cost=0.43..8.45 rows=1 width=121)
	  Index Cond: (id = 3368272)

table 2 : explain SELECT c FROM sbtest2 WHERE id=480277
	Index Scan using sbtest2_pkey on sbtest2  (cost=0.43..8.45 rows=1 width=121)
	  Index Cond: (id = 480277)

table 3 : explain SELECT c FROM sbtest3 WHERE id=6833093
	Index Scan using sbtest3_pkey on sbtest3  (cost=0.43..8.45 rows=1 width=121)
	  Index Cond: (id = 6833093)

table 4 : explain SELECT c FROM sbtest4 WHERE id=9068384
	Index Scan using sbtest4_pkey on sbtest4  (cost=0.43..8.45 rows=1 width=121)
	  Index Cond: (id = 9068384)

table 5 : explain SELECT c FROM sbtest5 WHERE id=2650
	Index Scan using sbtest5_pkey on sbtest5  (cost=0.43..8.45 rows=1 width=121)
	  Index Cond: (id = 2650)

table 6 : explain SELECT c FROM sbtest6 WHERE id=5726263
	Index Scan using sbtest6_pkey on sbtest6  (cost=0.43..8.45 rows=1 width=121)
	  Index Cond: (id = 5726263)

table 7 : explain SELECT c FROM sbtest7 WHERE id=3978940
	Index Scan using sbtest7_pkey on sbtest7  (cost=0.43..8.45 rows=1 width=121)
	  Index Cond: (id = 3978940)

table 8 : explain SELECT c FROM sbtest8 WHERE id=5610926
	Index Scan using sbtest8_pkey on sbtest8  (cost=0.43..8.45 rows=1 width=121)
	  Index Cond: (id = 5610926)

for point_selects
table 1 : explain SELECT c FROM sbtest1 WHERE id=3392674
	Index Scan using sbtest1_pkey on sbtest1  (cost=0.43..8.45 rows=1 width=121)
	  Index Cond: (id = 3392674)

table 2 : explain SELECT c FROM sbtest2 WHERE id=5138769
	Index Scan using sbtest2_pkey on sbtest2  (cost=0.43..8.45 rows=1 width=121)
	  Index Cond: (id = 5138769)

table 3 : explain SELECT c FROM sbtest3 WHERE id=5311925
	Index Scan using sbtest3_pkey on sbtest3  (cost=0.43..8.45 rows=1 width=121)
	  Index Cond: (id = 5311925)

table 4 : explain SELECT c FROM sbtest4 WHERE id=2125055
	Index Scan using sbtest4_pkey on sbtest4  (cost=0.43..8.45 rows=1 width=121)
	  Index Cond: (id = 2125055)

table 5 : explain SELECT c FROM sbtest5 WHERE id=1031871
	Index Scan using sbtest5_pkey on sbtest5  (cost=0.43..8.45 rows=1 width=121)
	  Index Cond: (id = 1031871)

table 6 : explain SELECT c FROM sbtest6 WHERE id=5959628
	Index Scan using sbtest6_pkey on sbtest6  (cost=0.43..8.45 rows=1 width=121)
	  Index Cond: (id = 5959628)

table 7 : explain SELECT c FROM sbtest7 WHERE id=24781
	Index Scan using sbtest7_pkey on sbtest7  (cost=0.43..8.45 rows=1 width=121)
	  Index Cond: (id = 24781)

table 8 : explain SELECT c FROM sbtest8 WHERE id=4724930
	Index Scan using sbtest8_pkey on sbtest8  (cost=0.43..8.45 rows=1 width=121)
	  Index Cond: (id = 4724930)

explain: for point_selects :: explain SELECT c FROM sbtest%u WHERE id=%u
for: simple_ranges
table 1 : explain SELECT c FROM sbtest1 WHERE id BETWEEN 6395544 AND 6396543
	Bitmap Heap Scan on sbtest1  (cost=27.99..4338.14 rows=1127 width=121)
	  Recheck Cond: ((id >= 6395544) AND (id <= 6396543))
	  ->  Bitmap Index Scan on sbtest1_pkey  (cost=0.00..27.70 rows=1127 width=0)
	        Index Cond: ((id >= 6395544) AND (id <= 6396543))

table 2 : explain SELECT c FROM sbtest2 WHERE id BETWEEN 2279000 AND 2279999
	Bitmap Heap Scan on sbtest2  (cost=22.35..3737.22 rows=967 width=121)
	  Recheck Cond: ((id >= 2279000) AND (id <= 2279999))
	  ->  Bitmap Index Scan on sbtest2_pkey  (cost=0.00..22.11 rows=967 width=0)
	        Index Cond: ((id >= 2279000) AND (id <= 2279999))

table 3 : explain SELECT c FROM sbtest3 WHERE id BETWEEN 2145145 AND 2146144
	Bitmap Heap Scan on sbtest3  (cost=22.10..3645.06 rows=943 width=121)
	  Recheck Cond: ((id >= 2145145) AND (id <= 2146144))
	  ->  Bitmap Index Scan on sbtest3_pkey  (cost=0.00..21.86 rows=943 width=0)
	        Index Cond: ((id >= 2145145) AND (id <= 2146144))

table 4 : explain SELECT c FROM sbtest4 WHERE id BETWEEN 5057542 AND 5058541
	Bitmap Heap Scan on sbtest4  (cost=22.64..3845.56 rows=996 width=121)
	  Recheck Cond: ((id >= 5057542) AND (id <= 5058541))
	  ->  Bitmap Index Scan on sbtest4_pkey  (cost=0.00..22.39 rows=996 width=0)
	        Index Cond: ((id >= 5057542) AND (id <= 5058541))

table 5 : explain SELECT c FROM sbtest5 WHERE id BETWEEN 1504661 AND 1505660
	Bitmap Heap Scan on sbtest5  (cost=22.22..3691.96 rows=955 width=121)
	  Recheck Cond: ((id >= 1504661) AND (id <= 1505660))
	  ->  Bitmap Index Scan on sbtest5_pkey  (cost=0.00..21.98 rows=955 width=0)
	        Index Cond: ((id >= 1504661) AND (id <= 1505660))

table 6 : explain SELECT c FROM sbtest6 WHERE id BETWEEN 5586704 AND 5587703
	Bitmap Heap Scan on sbtest6  (cost=23.30..4086.56 rows=1060 width=121)
	  Recheck Cond: ((id >= 5586704) AND (id <= 5587703))
	  ->  Bitmap Index Scan on sbtest6_pkey  (cost=0.00..23.04 rows=1060 width=0)
	        Index Cond: ((id >= 5586704) AND (id <= 5587703))

table 7 : explain SELECT c FROM sbtest7 WHERE id BETWEEN 2724486 AND 2725485
	Bitmap Heap Scan on sbtest7  (cost=23.06..4000.05 rows=1037 width=121)
	  Recheck Cond: ((id >= 2724486) AND (id <= 2725485))
	  ->  Bitmap Index Scan on sbtest7_pkey  (cost=0.00..22.80 rows=1037 width=0)
	        Index Cond: ((id >= 2724486) AND (id <= 2725485))

table 8 : explain SELECT c FROM sbtest8 WHERE id BETWEEN 8609440 AND 8610439
	Bitmap Heap Scan on sbtest8  (cost=22.98..3970.27 rows=1029 width=121)
	  Recheck Cond: ((id >= 8609440) AND (id <= 8610439))
	  ->  Bitmap Index Scan on sbtest8_pkey  (cost=0.00..22.72 rows=1029 width=0)
	        Index Cond: ((id >= 8609440) AND (id <= 8610439))

explain: for point_selects :: explain SELECT c FROM sbtest%u WHERE id=%u
for point_selects
table 1 : explain SELECT c FROM sbtest1 WHERE id=3416148
	Index Scan using sbtest1_pkey on sbtest1  (cost=0.43..8.45 rows=1 width=121)
	  Index Cond: (id = 3416148)

table 2 : explain SELECT c FROM sbtest2 WHERE id=5636447
	Index Scan using sbtest2_pkey on sbtest2  (cost=0.43..8.45 rows=1 width=121)
	  Index Cond: (id = 5636447)

table 3 : explain SELECT c FROM sbtest3 WHERE id=1956411
	Index Scan using sbtest3_pkey on sbtest3  (cost=0.43..8.45 rows=1 width=121)
	  Index Cond: (id = 1956411)

table 4 : explain SELECT c FROM sbtest4 WHERE id=9013459
	Index Scan using sbtest4_pkey on sbtest4  (cost=0.43..8.45 rows=1 width=121)
	  Index Cond: (id = 9013459)

table 5 : explain SELECT c FROM sbtest5 WHERE id=4485285
	Index Scan using sbtest5_pkey on sbtest5  (cost=0.43..8.45 rows=1 width=121)
	  Index Cond: (id = 4485285)

table 6 : explain SELECT c FROM sbtest6 WHERE id=2537155
	Index Scan using sbtest6_pkey on sbtest6  (cost=0.43..8.45 rows=1 width=121)
	  Index Cond: (id = 2537155)

table 7 : explain SELECT c FROM sbtest7 WHERE id=4615744
	Index Scan using sbtest7_pkey on sbtest7  (cost=0.43..8.45 rows=1 width=121)
	  Index Cond: (id = 4615744)

table 8 : explain SELECT c FROM sbtest8 WHERE id=2848670
	Index Scan using sbtest8_pkey on sbtest8  (cost=0.43..8.45 rows=1 width=121)
	  Index Cond: (id = 2848670)

for point_selects
table 1 : explain SELECT c FROM sbtest1 WHERE id=7714064
	Index Scan using sbtest1_pkey on sbtest1  (cost=0.43..8.45 rows=1 width=121)
	  Index Cond: (id = 7714064)

table 2 : explain SELECT c FROM sbtest2 WHERE id=5941186
	Index Scan using sbtest2_pkey on sbtest2  (cost=0.43..8.45 rows=1 width=121)
	  Index Cond: (id = 5941186)

table 3 : explain SELECT c FROM sbtest3 WHERE id=7027292
	Index Scan using sbtest3_pkey on sbtest3  (cost=0.43..8.45 rows=1 width=121)
	  Index Cond: (id = 7027292)

table 4 : explain SELECT c FROM sbtest4 WHERE id=8813361
	Index Scan using sbtest4_pkey on sbtest4  (cost=0.43..8.45 rows=1 width=121)
	  Index Cond: (id = 8813361)

table 5 : explain SELECT c FROM sbtest5 WHERE id=7415527
	Index Scan using sbtest5_pkey on sbtest5  (cost=0.43..8.45 rows=1 width=121)
	  Index Cond: (id = 7415527)

table 6 : explain SELECT c FROM sbtest6 WHERE id=8945837
	Index Scan using sbtest6_pkey on sbtest6  (cost=0.43..8.45 rows=1 width=121)
	  Index Cond: (id = 8945837)

table 7 : explain SELECT c FROM sbtest7 WHERE id=1692525
	Index Scan using sbtest7_pkey on sbtest7  (cost=0.43..8.45 rows=1 width=121)
	  Index Cond: (id = 1692525)

table 8 : explain SELECT c FROM sbtest8 WHERE id=7442313
	Index Scan using sbtest8_pkey on sbtest8  (cost=0.43..8.45 rows=1 width=121)
	  Index Cond: (id = 7442313)

for point_selects
table 1 : explain SELECT c FROM sbtest1 WHERE id=8320995
	Index Scan using sbtest1_pkey on sbtest1  (cost=0.43..8.45 rows=1 width=121)
	  Index Cond: (id = 8320995)

table 2 : explain SELECT c FROM sbtest2 WHERE id=3434690
	Index Scan using sbtest2_pkey on sbtest2  (cost=0.43..8.45 rows=1 width=121)
	  Index Cond: (id = 3434690)

table 3 : explain SELECT c FROM sbtest3 WHERE id=8996561
	Index Scan using sbtest3_pkey on sbtest3  (cost=0.43..8.45 rows=1 width=121)
	  Index Cond: (id = 8996561)

table 4 : explain SELECT c FROM sbtest4 WHERE id=212601
	Index Scan using sbtest4_pkey on sbtest4  (cost=0.43..8.45 rows=1 width=121)
	  Index Cond: (id = 212601)

table 5 : explain SELECT c FROM sbtest5 WHERE id=5298511
	Index Scan using sbtest5_pkey on sbtest5  (cost=0.43..8.45 rows=1 width=121)
	  Index Cond: (id = 5298511)

table 6 : explain SELECT c FROM sbtest6 WHERE id=7045748
	Index Scan using sbtest6_pkey on sbtest6  (cost=0.43..8.45 rows=1 width=121)
	  Index Cond: (id = 7045748)

table 7 : explain SELECT c FROM sbtest7 WHERE id=9125552
	Index Scan using sbtest7_pkey on sbtest7  (cost=0.43..8.45 rows=1 width=121)
	  Index Cond: (id = 9125552)

table 8 : explain SELECT c FROM sbtest8 WHERE id=7007070
	Index Scan using sbtest8_pkey on sbtest8  (cost=0.43..8.45 rows=1 width=121)
	  Index Cond: (id = 7007070)

for: simple_ranges
table 1 : explain SELECT c FROM sbtest1 WHERE id BETWEEN 9556518 AND 9557517
	Bitmap Heap Scan on sbtest1  (cost=22.90..3939.72 rows=1021 width=121)
	  Recheck Cond: ((id >= 9556518) AND (id <= 9557517))
	  ->  Bitmap Index Scan on sbtest1_pkey  (cost=0.00..22.64 rows=1021 width=0)
	        Index Cond: ((id >= 9556518) AND (id <= 9557517))

table 2 : explain SELECT c FROM sbtest2 WHERE id BETWEEN 515842 AND 516841
	Bitmap Heap Scan on sbtest2  (cost=22.83..3914.32 rows=1014 width=121)
	  Recheck Cond: ((id >= 515842) AND (id <= 516841))
	  ->  Bitmap Index Scan on sbtest2_pkey  (cost=0.00..22.57 rows=1014 width=0)
	        Index Cond: ((id >= 515842) AND (id <= 516841))

table 3 : explain SELECT c FROM sbtest3 WHERE id BETWEEN 3965537 AND 3966536
	Bitmap Heap Scan on sbtest3  (cost=22.26..3705.39 rows=959 width=121)
	  Recheck Cond: ((id >= 3965537) AND (id <= 3966536))
	  ->  Bitmap Index Scan on sbtest3_pkey  (cost=0.00..22.02 rows=959 width=0)
	        Index Cond: ((id >= 3965537) AND (id <= 3966536))

table 4 : explain SELECT c FROM sbtest4 WHERE id BETWEEN 2136194 AND 2137193
	Bitmap Heap Scan on sbtest4  (cost=22.78..3894.51 rows=1009 width=121)
	  Recheck Cond: ((id >= 2136194) AND (id <= 2137193))
	  ->  Bitmap Index Scan on sbtest4_pkey  (cost=0.00..22.52 rows=1009 width=0)
	        Index Cond: ((id >= 2136194) AND (id <= 2137193))

table 5 : explain SELECT c FROM sbtest5 WHERE id BETWEEN 8005515 AND 8006514
	Bitmap Heap Scan on sbtest5  (cost=26.67..3861.83 rows=999 width=121)
	  Recheck Cond: ((id >= 8005515) AND (id <= 8006514))
	  ->  Bitmap Index Scan on sbtest5_pkey  (cost=0.00..26.43 rows=999 width=0)
	        Index Cond: ((id >= 8005515) AND (id <= 8006514))

table 6 : explain SELECT c FROM sbtest6 WHERE id BETWEEN 3597699 AND 3598698
	Bitmap Heap Scan on sbtest6  (cost=22.56..3815.65 rows=988 width=121)
	  Recheck Cond: ((id >= 3597699) AND (id <= 3598698))
	  ->  Bitmap Index Scan on sbtest6_pkey  (cost=0.00..22.32 rows=988 width=0)
	        Index Cond: ((id >= 3597699) AND (id <= 3598698))

table 7 : explain SELECT c FROM sbtest7 WHERE id BETWEEN 3555790 AND 3556789
	Bitmap Heap Scan on sbtest7  (cost=22.93..3951.15 rows=1024 width=121)
	  Recheck Cond: ((id >= 3555790) AND (id <= 3556789))
	  ->  Bitmap Index Scan on sbtest7_pkey  (cost=0.00..22.68 rows=1024 width=0)
	        Index Cond: ((id >= 3555790) AND (id <= 3556789))

table 8 : explain SELECT c FROM sbtest8 WHERE id BETWEEN 511090 AND 512089
	Bitmap Heap Scan on sbtest8  (cost=22.65..3849.81 rows=997 width=121)
	  Recheck Cond: ((id >= 511090) AND (id <= 512089))
	  ->  Bitmap Index Scan on sbtest8_pkey  (cost=0.00..22.40 rows=997 width=0)
	        Index Cond: ((id >= 511090) AND (id <= 512089))

for: simple_ranges
table 1 : explain SELECT c FROM sbtest1 WHERE id BETWEEN 7851916 AND 7852915
	Bitmap Heap Scan on sbtest1  (cost=23.39..4120.18 rows=1069 width=121)
	  Recheck Cond: ((id >= 7851916) AND (id <= 7852915))
	  ->  Bitmap Index Scan on sbtest1_pkey  (cost=0.00..23.12 rows=1069 width=0)
	        Index Cond: ((id >= 7851916) AND (id <= 7852915))

table 2 : explain SELECT c FROM sbtest2 WHERE id BETWEEN 3898005 AND 3899004
	Bitmap Heap Scan on sbtest2  (cost=22.91..3944.44 rows=1022 width=121)
	  Recheck Cond: ((id >= 3898005) AND (id <= 3899004))
	  ->  Bitmap Index Scan on sbtest2_pkey  (cost=0.00..22.65 rows=1022 width=0)
	        Index Cond: ((id >= 3898005) AND (id <= 3899004))

table 3 : explain SELECT c FROM sbtest3 WHERE id BETWEEN 6394785 AND 6395784
	Bitmap Heap Scan on sbtest3  (cost=22.39..3750.62 rows=971 width=121)
	  Recheck Cond: ((id >= 6394785) AND (id <= 6395784))
	  ->  Bitmap Index Scan on sbtest3_pkey  (cost=0.00..22.14 rows=971 width=0)
	        Index Cond: ((id >= 6394785) AND (id <= 6395784))

table 4 : explain SELECT c FROM sbtest4 WHERE id BETWEEN 7368086 AND 7369085
	Bitmap Heap Scan on sbtest4  (cost=22.27..3709.90 rows=960 width=121)
	  Recheck Cond: ((id >= 7368086) AND (id <= 7369085))
	  ->  Bitmap Index Scan on sbtest4_pkey  (cost=0.00..22.04 rows=960 width=0)
	        Index Cond: ((id >= 7368086) AND (id <= 7369085))

table 5 : explain SELECT c FROM sbtest5 WHERE id BETWEEN 2235328 AND 2236327
	Bitmap Heap Scan on sbtest5  (cost=27.38..4121.45 rows=1068 width=121)
	  Recheck Cond: ((id >= 2235328) AND (id <= 2236327))
	  ->  Bitmap Index Scan on sbtest5_pkey  (cost=0.00..27.11 rows=1068 width=0)
	        Index Cond: ((id >= 2235328) AND (id <= 2236327))

table 6 : explain SELECT c FROM sbtest6 WHERE id BETWEEN 8859042 AND 8860041
	Bitmap Heap Scan on sbtest6  (cost=22.21..3687.49 rows=954 width=121)
	  Recheck Cond: ((id >= 8859042) AND (id <= 8860041))
	  ->  Bitmap Index Scan on sbtest6_pkey  (cost=0.00..21.97 rows=954 width=0)
	        Index Cond: ((id >= 8859042) AND (id <= 8860041))

table 7 : explain SELECT c FROM sbtest7 WHERE id BETWEEN 2130292 AND 2131291
	Bitmap Heap Scan on sbtest7  (cost=23.39..4120.34 rows=1069 width=121)
	  Recheck Cond: ((id >= 2130292) AND (id <= 2131291))
	  ->  Bitmap Index Scan on sbtest7_pkey  (cost=0.00..23.12 rows=1069 width=0)
	        Index Cond: ((id >= 2130292) AND (id <= 2131291))

table 8 : explain SELECT c FROM sbtest8 WHERE id BETWEEN 6282330 AND 6283329
	Bitmap Heap Scan on sbtest8  (cost=23.29..4083.08 rows=1059 width=121)
	  Recheck Cond: ((id >= 6282330) AND (id <= 6283329))
	  ->  Bitmap Index Scan on sbtest8_pkey  (cost=0.00..23.02 rows=1059 width=0)
	        Index Cond: ((id >= 6282330) AND (id <= 6283329))

for: simple_ranges
table 1 : explain SELECT c FROM sbtest1 WHERE id BETWEEN 8794140 AND 8795139
	Bitmap Heap Scan on sbtest1  (cost=23.13..4022.47 rows=1043 width=121)
	  Recheck Cond: ((id >= 8794140) AND (id <= 8795139))
	  ->  Bitmap Index Scan on sbtest1_pkey  (cost=0.00..22.86 rows=1043 width=0)
	        Index Cond: ((id >= 8794140) AND (id <= 8795139))

table 2 : explain SELECT c FROM sbtest2 WHERE id BETWEEN 2378785 AND 2379784
	Bitmap Heap Scan on sbtest2  (cost=27.37..4117.69 rows=1067 width=121)
	  Recheck Cond: ((id >= 2378785) AND (id <= 2379784))
	  ->  Bitmap Index Scan on sbtest2_pkey  (cost=0.00..27.11 rows=1067 width=0)
	        Index Cond: ((id >= 2378785) AND (id <= 2379784))

table 3 : explain SELECT c FROM sbtest3 WHERE id BETWEEN 3225500 AND 3226499
	Bitmap Heap Scan on sbtest3  (cost=23.29..4081.70 rows=1059 width=121)
	  Recheck Cond: ((id >= 3225500) AND (id <= 3226499))
	  ->  Bitmap Index Scan on sbtest3_pkey  (cost=0.00..23.02 rows=1059 width=0)
	        Index Cond: ((id >= 3225500) AND (id <= 3226499))

table 4 : explain SELECT c FROM sbtest4 WHERE id BETWEEN 2949996 AND 2950995
	Bitmap Heap Scan on sbtest4  (cost=22.10..3645.78 rows=943 width=121)
	  Recheck Cond: ((id >= 2949996) AND (id <= 2950995))
	  ->  Bitmap Index Scan on sbtest4_pkey  (cost=0.00..21.86 rows=943 width=0)
	        Index Cond: ((id >= 2949996) AND (id <= 2950995))

table 5 : explain SELECT c FROM sbtest5 WHERE id BETWEEN 6949208 AND 6950207
	Bitmap Heap Scan on sbtest5  (cost=22.29..3714.59 rows=961 width=121)
	  Recheck Cond: ((id >= 6949208) AND (id <= 6950207))
	  ->  Bitmap Index Scan on sbtest5_pkey  (cost=0.00..22.04 rows=961 width=0)
	        Index Cond: ((id >= 6949208) AND (id <= 6950207))

table 6 : explain SELECT c FROM sbtest6 WHERE id BETWEEN 6455960 AND 6456959
	Bitmap Heap Scan on sbtest6  (cost=22.88..3932.38 rows=1019 width=121)
	  Recheck Cond: ((id >= 6455960) AND (id <= 6456959))
	  ->  Bitmap Index Scan on sbtest6_pkey  (cost=0.00..22.62 rows=1019 width=0)
	        Index Cond: ((id >= 6455960) AND (id <= 6456959))

table 7 : explain SELECT c FROM sbtest7 WHERE id BETWEEN 7530561 AND 7531560
	Bitmap Heap Scan on sbtest7  (cost=22.64..3845.75 rows=996 width=121)
	  Recheck Cond: ((id >= 7530561) AND (id <= 7531560))
	  ->  Bitmap Index Scan on sbtest7_pkey  (cost=0.00..22.39 rows=996 width=0)
	        Index Cond: ((id >= 7530561) AND (id <= 7531560))

table 8 : explain SELECT c FROM sbtest8 WHERE id BETWEEN 4085169 AND 4086168
	Bitmap Heap Scan on sbtest8  (cost=22.30..3717.90 rows=962 width=121)
	  Recheck Cond: ((id >= 4085169) AND (id <= 4086168))
	  ->  Bitmap Index Scan on sbtest8_pkey  (cost=0.00..22.05 rows=962 width=0)
	        Index Cond: ((id >= 4085169) AND (id <= 4086168))

for: simple_ranges
table 1 : explain SELECT c FROM sbtest1 WHERE id BETWEEN 4798177 AND 4799176
	Bitmap Heap Scan on sbtest1  (cost=22.59..3826.78 rows=991 width=121)
	  Recheck Cond: ((id >= 4798177) AND (id <= 4799176))
	  ->  Bitmap Index Scan on sbtest1_pkey  (cost=0.00..22.34 rows=991 width=0)
	        Index Cond: ((id >= 4798177) AND (id <= 4799176))

table 2 : explain SELECT c FROM sbtest2 WHERE id BETWEEN 8846274 AND 8847273
	Bitmap Heap Scan on sbtest2  (cost=23.02..3985.84 rows=1033 width=121)
	  Recheck Cond: ((id >= 8846274) AND (id <= 8847273))
	  ->  Bitmap Index Scan on sbtest2_pkey  (cost=0.00..22.76 rows=1033 width=0)
	        Index Cond: ((id >= 8846274) AND (id <= 8847273))

table 3 : explain SELECT c FROM sbtest3 WHERE id BETWEEN 2498376 AND 2499375
	Bitmap Heap Scan on sbtest3  (cost=22.44..3769.46 rows=976 width=121)
	  Recheck Cond: ((id >= 2498376) AND (id <= 2499375))
	  ->  Bitmap Index Scan on sbtest3_pkey  (cost=0.00..22.19 rows=976 width=0)
	        Index Cond: ((id >= 2498376) AND (id <= 2499375))

table 4 : explain SELECT c FROM sbtest4 WHERE id BETWEEN 1867690 AND 1868689
	Bitmap Heap Scan on sbtest4  (cost=22.80..3902.04 rows=1011 width=121)
	  Recheck Cond: ((id >= 1867690) AND (id <= 1868689))
	  ->  Bitmap Index Scan on sbtest4_pkey  (cost=0.00..22.54 rows=1011 width=0)
	        Index Cond: ((id >= 1867690) AND (id <= 1868689))

table 5 : explain SELECT c FROM sbtest5 WHERE id BETWEEN 9123104 AND 9124103
	Bitmap Heap Scan on sbtest5  (cost=22.07..3635.35 rows=940 width=121)
	  Recheck Cond: ((id >= 9123104) AND (id <= 9124103))
	  ->  Bitmap Index Scan on sbtest5_pkey  (cost=0.00..21.83 rows=940 width=0)
	        Index Cond: ((id >= 9123104) AND (id <= 9124103))

table 6 : explain SELECT c FROM sbtest6 WHERE id BETWEEN 7622709 AND 7623708
	Bitmap Heap Scan on sbtest6  (cost=22.42..3762.90 rows=974 width=121)
	  Recheck Cond: ((id >= 7622709) AND (id <= 7623708))
	  ->  Bitmap Index Scan on sbtest6_pkey  (cost=0.00..22.18 rows=974 width=0)
	        Index Cond: ((id >= 7622709) AND (id <= 7623708))

table 7 : explain SELECT c FROM sbtest7 WHERE id BETWEEN 5944329 AND 5945328
	Bitmap Heap Scan on sbtest7  (cost=22.64..3845.75 rows=996 width=121)
	  Recheck Cond: ((id >= 5944329) AND (id <= 5945328))
	  ->  Bitmap Index Scan on sbtest7_pkey  (cost=0.00..22.39 rows=996 width=0)
	        Index Cond: ((id >= 5944329) AND (id <= 5945328))

table 8 : explain SELECT c FROM sbtest8 WHERE id BETWEEN 4077761 AND 4078760
	Bitmap Heap Scan on sbtest8  (cost=22.30..3717.90 rows=962 width=121)
	  Recheck Cond: ((id >= 4077761) AND (id <= 4078760))
	  ->  Bitmap Index Scan on sbtest8_pkey  (cost=0.00..22.05 rows=962 width=0)
	        Index Cond: ((id >= 4077761) AND (id <= 4078760))

for: simple_ranges
table 1 : explain SELECT c FROM sbtest1 WHERE id BETWEEN 378254 AND 379253
	Bitmap Heap Scan on sbtest1  (cost=21.93..3581.67 rows=926 width=121)
	  Recheck Cond: ((id >= 378254) AND (id <= 379253))
	  ->  Bitmap Index Scan on sbtest1_pkey  (cost=0.00..21.69 rows=926 width=0)
	        Index Cond: ((id >= 378254) AND (id <= 379253))

table 2 : explain SELECT c FROM sbtest2 WHERE id BETWEEN 701625 AND 702624
	Bitmap Heap Scan on sbtest2  (cost=22.40..3756.08 rows=972 width=121)
	  Recheck Cond: ((id >= 701625) AND (id <= 702624))
	  ->  Bitmap Index Scan on sbtest2_pkey  (cost=0.00..22.15 rows=972 width=0)
	        Index Cond: ((id >= 701625) AND (id <= 702624))

table 3 : explain SELECT c FROM sbtest3 WHERE id BETWEEN 4713371 AND 4714370
	Bitmap Heap Scan on sbtest3  (cost=22.77..3889.94 rows=1008 width=121)
	  Recheck Cond: ((id >= 4713371) AND (id <= 4714370))
	  ->  Bitmap Index Scan on sbtest3_pkey  (cost=0.00..22.51 rows=1008 width=0)
	        Index Cond: ((id >= 4713371) AND (id <= 4714370))

table 4 : explain SELECT c FROM sbtest4 WHERE id BETWEEN 2787866 AND 2788865
	Bitmap Heap Scan on sbtest4  (cost=22.16..3668.42 rows=949 width=121)
	  Recheck Cond: ((id >= 2787866) AND (id <= 2788865))
	  ->  Bitmap Index Scan on sbtest4_pkey  (cost=0.00..21.93 rows=949 width=0)
	        Index Cond: ((id >= 2787866) AND (id <= 2788865))

table 5 : explain SELECT c FROM sbtest5 WHERE id BETWEEN 5762632 AND 5763631
	Bitmap Heap Scan on sbtest5  (cost=26.81..3910.79 rows=1012 width=121)
	  Recheck Cond: ((id >= 5762632) AND (id <= 5763631))
	  ->  Bitmap Index Scan on sbtest5_pkey  (cost=0.00..26.55 rows=1012 width=0)
	        Index Cond: ((id >= 5762632) AND (id <= 5763631))

table 6 : explain SELECT c FROM sbtest6 WHERE id BETWEEN 1487545 AND 1488544
	Bitmap Heap Scan on sbtest6  (cost=22.47..3781.74 rows=979 width=121)
	  Recheck Cond: ((id >= 1487545) AND (id <= 1488544))
	  ->  Bitmap Index Scan on sbtest6_pkey  (cost=0.00..22.22 rows=979 width=0)
	        Index Cond: ((id >= 1487545) AND (id <= 1488544))

table 7 : explain SELECT c FROM sbtest7 WHERE id BETWEEN 1952010 AND 1953009
	Bitmap Heap Scan on sbtest7  (cost=22.54..3808.08 rows=986 width=121)
	  Recheck Cond: ((id >= 1952010) AND (id <= 1953009))
	  ->  Bitmap Index Scan on sbtest7_pkey  (cost=0.00..22.29 rows=986 width=0)
	        Index Cond: ((id >= 1952010) AND (id <= 1953009))

table 8 : explain SELECT c FROM sbtest8 WHERE id BETWEEN 4953125 AND 4954124
	Bitmap Heap Scan on sbtest8  (cost=22.57..3819.67 rows=989 width=121)
	  Recheck Cond: ((id >= 4953125) AND (id <= 4954124))
	  ->  Bitmap Index Scan on sbtest8_pkey  (cost=0.00..22.32 rows=989 width=0)
	        Index Cond: ((id >= 4953125) AND (id <= 4954124))

for: sum_ranges
table 1 : explain SELECT SUM(k) FROM sbtest1 WHERE id BETWEEN 7869637 AND 7870636
	Aggregate  (cost=4122.86..4122.87 rows=1 width=8)
	  ->  Bitmap Heap Scan on sbtest1  (cost=23.39..4120.18 rows=1069 width=4)
	        Recheck Cond: ((id >= 7869637) AND (id <= 7870636))
	        ->  Bitmap Index Scan on sbtest1_pkey  (cost=0.00..23.12 rows=1069 width=0)
	              Index Cond: ((id >= 7869637) AND (id <= 7870636))

table 2 : explain SELECT SUM(k) FROM sbtest2 WHERE id BETWEEN 2293590 AND 2294589
	Aggregate  (cost=3739.64..3739.65 rows=1 width=8)
	  ->  Bitmap Heap Scan on sbtest2  (cost=22.35..3737.22 rows=967 width=4)
	        Recheck Cond: ((id >= 2293590) AND (id <= 2294589))
	        ->  Bitmap Index Scan on sbtest2_pkey  (cost=0.00..22.11 rows=967 width=0)
	              Index Cond: ((id >= 2293590) AND (id <= 2294589))

table 3 : explain SELECT SUM(k) FROM sbtest3 WHERE id BETWEEN 6052213 AND 6053212
	Aggregate  (cost=3692.70..3692.71 rows=1 width=8)
	  ->  Bitmap Heap Scan on sbtest3  (cost=22.22..3690.31 rows=955 width=4)
	        Recheck Cond: ((id >= 6052213) AND (id <= 6053212))
	        ->  Bitmap Index Scan on sbtest3_pkey  (cost=0.00..21.98 rows=955 width=0)
	              Index Cond: ((id >= 6052213) AND (id <= 6053212))

table 4 : explain SELECT SUM(k) FROM sbtest4 WHERE id BETWEEN 1320667 AND 1321666
	Aggregate  (cost=3900.80..3900.81 rows=1 width=8)
	  ->  Bitmap Heap Scan on sbtest4  (cost=22.79..3898.27 rows=1010 width=4)
	        Recheck Cond: ((id >= 1320667) AND (id <= 1321666))
	        ->  Bitmap Index Scan on sbtest4_pkey  (cost=0.00..22.54 rows=1010 width=0)
	              Index Cond: ((id >= 1320667) AND (id <= 1321666))

table 5 : explain SELECT SUM(k) FROM sbtest5 WHERE id BETWEEN 2702767 AND 2703766
	Aggregate  (cost=3788.69..3788.70 rows=1 width=8)
	  ->  Bitmap Heap Scan on sbtest5  (cost=22.48..3786.24 rows=980 width=4)
	        Recheck Cond: ((id >= 2702767) AND (id <= 2703766))
	        ->  Bitmap Index Scan on sbtest5_pkey  (cost=0.00..22.23 rows=980 width=0)
	              Index Cond: ((id >= 2702767) AND (id <= 2703766))

table 6 : explain SELECT SUM(k) FROM sbtest6 WHERE id BETWEEN 5440810 AND 5441809
	Aggregate  (cost=3618.14..3618.15 rows=1 width=8)
	  ->  Bitmap Heap Scan on sbtest6  (cost=22.02..3615.80 rows=935 width=4)
	        Recheck Cond: ((id >= 5440810) AND (id <= 5441809))
	        ->  Bitmap Index Scan on sbtest6_pkey  (cost=0.00..21.79 rows=935 width=0)
	              Index Cond: ((id >= 5440810) AND (id <= 5441809))

table 7 : explain SELECT SUM(k) FROM sbtest7 WHERE id BETWEEN 8728265 AND 8729264
	Aggregate  (cost=3557.66..3557.67 rows=1 width=8)
	  ->  Bitmap Heap Scan on sbtest7  (cost=21.85..3555.36 rows=919 width=4)
	        Recheck Cond: ((id >= 8728265) AND (id <= 8729264))
	        ->  Bitmap Index Scan on sbtest7_pkey  (cost=0.00..21.62 rows=919 width=0)
	              Index Cond: ((id >= 8728265) AND (id <= 8729264))

table 8 : explain SELECT SUM(k) FROM sbtest8 WHERE id BETWEEN 9095843 AND 9096842
	Aggregate  (cost=3705.21..3705.22 rows=1 width=8)
	  ->  Bitmap Heap Scan on sbtest8  (cost=22.25..3702.81 rows=958 width=4)
	        Recheck Cond: ((id >= 9095843) AND (id <= 9096842))
	        ->  Bitmap Index Scan on sbtest8_pkey  (cost=0.00..22.01 rows=958 width=0)
	              Index Cond: ((id >= 9095843) AND (id <= 9096842))

explain: for point_selects :: explain SELECT c FROM sbtest%u WHERE id=%u
for point_selects
table 1 : explain SELECT c FROM sbtest1 WHERE id=4159804
	Index Scan using sbtest1_pkey on sbtest1  (cost=0.43..8.45 rows=1 width=121)
	  Index Cond: (id = 4159804)

table 2 : explain SELECT c FROM sbtest2 WHERE id=7011039
	Index Scan using sbtest2_pkey on sbtest2  (cost=0.43..8.45 rows=1 width=121)
	  Index Cond: (id = 7011039)

table 3 : explain SELECT c FROM sbtest3 WHERE id=3860070
	Index Scan using sbtest3_pkey on sbtest3  (cost=0.43..8.45 rows=1 width=121)
	  Index Cond: (id = 3860070)

table 4 : explain SELECT c FROM sbtest4 WHERE id=1228505
	Index Scan using sbtest4_pkey on sbtest4  (cost=0.43..8.45 rows=1 width=121)
	  Index Cond: (id = 1228505)

table 5 : explain SELECT c FROM sbtest5 WHERE id=6219167
	Index Scan using sbtest5_pkey on sbtest5  (cost=0.43..8.45 rows=1 width=121)
	  Index Cond: (id = 6219167)

table 6 : explain SELECT c FROM sbtest6 WHERE id=349876
	Index Scan using sbtest6_pkey on sbtest6  (cost=0.43..8.45 rows=1 width=121)
	  Index Cond: (id = 349876)

table 7 : explain SELECT c FROM sbtest7 WHERE id=9625207
	Index Scan using sbtest7_pkey on sbtest7  (cost=0.43..8.45 rows=1 width=121)
	  Index Cond: (id = 9625207)

table 8 : explain SELECT c FROM sbtest8 WHERE id=316030
	Index Scan using sbtest8_pkey on sbtest8  (cost=0.43..8.45 rows=1 width=121)
	  Index Cond: (id = 316030)

explain: for point_selects :: explain SELECT c FROM sbtest%u WHERE id=%u
explain: for point_selects :: explain SELECT c FROM sbtest%u WHERE id=%u
for point_selects
table 1 : explain SELECT c FROM sbtest1 WHERE id=5237526
	Index Scan using sbtest1_pkey on sbtest1  (cost=0.43..8.45 rows=1 width=121)
	  Index Cond: (id = 5237526)

table 2 : explain SELECT c FROM sbtest2 WHERE id=7181414
	Index Scan using sbtest2_pkey on sbtest2  (cost=0.43..8.45 rows=1 width=121)
	  Index Cond: (id = 7181414)

table 3 : explain SELECT c FROM sbtest3 WHERE id=5648418
	Index Scan using sbtest3_pkey on sbtest3  (cost=0.43..8.45 rows=1 width=121)
	  Index Cond: (id = 5648418)

table 4 : explain SELECT c FROM sbtest4 WHERE id=6202101
	Index Scan using sbtest4_pkey on sbtest4  (cost=0.43..8.45 rows=1 width=121)
	  Index Cond: (id = 6202101)

table 5 : explain SELECT c FROM sbtest5 WHERE id=3502348
	Index Scan using sbtest5_pkey on sbtest5  (cost=0.43..8.45 rows=1 width=121)
	  Index Cond: (id = 3502348)

table 6 : explain SELECT c FROM sbtest6 WHERE id=5715456
	Index Scan using sbtest6_pkey on sbtest6  (cost=0.43..8.45 rows=1 width=121)
	  Index Cond: (id = 5715456)

table 7 : explain SELECT c FROM sbtest7 WHERE id=235876
	Index Scan using sbtest7_pkey on sbtest7  (cost=0.43..8.45 rows=1 width=121)
	  Index Cond: (id = 235876)

table 8 : explain SELECT c FROM sbtest8 WHERE id=8373772
	Index Scan using sbtest8_pkey on sbtest8  (cost=0.43..8.45 rows=1 width=121)
	  Index Cond: (id = 8373772)

explain: for point_selects :: explain SELECT c FROM sbtest%u WHERE id=%u
for: simple_ranges
table 1 : explain SELECT c FROM sbtest1 WHERE id BETWEEN 3631898 AND 3632897
	Bitmap Heap Scan on sbtest1  (cost=22.22..3691.09 rows=955 width=121)
	  Recheck Cond: ((id >= 3631898) AND (id <= 3632897))
	  ->  Bitmap Index Scan on sbtest1_pkey  (cost=0.00..21.98 rows=955 width=0)
	        Index Cond: ((id >= 3631898) AND (id <= 3632897))

table 2 : explain SELECT c FROM sbtest2 WHERE id BETWEEN 5329473 AND 5330472
	Bitmap Heap Scan on sbtest2  (cost=27.55..4181.57 rows=1084 width=121)
	  Recheck Cond: ((id >= 5329473) AND (id <= 5330472))
	  ->  Bitmap Index Scan on sbtest2_pkey  (cost=0.00..27.27 rows=1084 width=0)
	        Index Cond: ((id >= 5329473) AND (id <= 5330472))

table 3 : explain SELECT c FROM sbtest3 WHERE id BETWEEN 550386 AND 551385
	Bitmap Heap Scan on sbtest3  (cost=22.58..3822.19 rows=990 width=121)
	  Recheck Cond: ((id >= 550386) AND (id <= 551385))
	  ->  Bitmap Index Scan on sbtest3_pkey  (cost=0.00..22.33 rows=990 width=0)
	        Index Cond: ((id >= 550386) AND (id <= 551385))

table 4 : explain SELECT c FROM sbtest4 WHERE id BETWEEN 2003171 AND 2004170
	Bitmap Heap Scan on sbtest4  (cost=22.36..3740.06 rows=968 width=121)
	  Recheck Cond: ((id >= 2003171) AND (id <= 2004170))
	  ->  Bitmap Index Scan on sbtest4_pkey  (cost=0.00..22.11 rows=968 width=0)
	        Index Cond: ((id >= 2003171) AND (id <= 2004170))

table 5 : explain SELECT c FROM sbtest5 WHERE id BETWEEN 7912500 AND 7913499
	Bitmap Heap Scan on sbtest5  (cost=22.41..3759.85 rows=973 width=121)
	  Recheck Cond: ((id >= 7912500) AND (id <= 7913499))
	  ->  Bitmap Index Scan on sbtest5_pkey  (cost=0.00..22.16 rows=973 width=0)
	        Index Cond: ((id >= 7912500) AND (id <= 7913499))

table 6 : explain SELECT c FROM sbtest6 WHERE id BETWEEN 7618483 AND 7619482
	Bitmap Heap Scan on sbtest6  (cost=22.42..3762.90 rows=974 width=121)
	  Recheck Cond: ((id >= 7618483) AND (id <= 7619482))
	  ->  Bitmap Index Scan on sbtest6_pkey  (cost=0.00..22.18 rows=974 width=0)
	        Index Cond: ((id >= 7618483) AND (id <= 7619482))

table 7 : explain SELECT c FROM sbtest7 WHERE id BETWEEN 8731507 AND 8732506
	Bitmap Heap Scan on sbtest7  (cost=21.85..3555.36 rows=919 width=121)
	  Recheck Cond: ((id >= 8731507) AND (id <= 8732506))
	  ->  Bitmap Index Scan on sbtest7_pkey  (cost=0.00..21.62 rows=919 width=0)
	        Index Cond: ((id >= 8731507) AND (id <= 8732506))

table 8 : explain SELECT c FROM sbtest8 WHERE id BETWEEN 8274914 AND 8275913
	Bitmap Heap Scan on sbtest8  (cost=23.26..4071.81 rows=1056 width=121)
	  Recheck Cond: ((id >= 8274914) AND (id <= 8275913))
	  ->  Bitmap Index Scan on sbtest8_pkey  (cost=0.00..23.00 rows=1056 width=0)
	        Index Cond: ((id >= 8274914) AND (id <= 8275913))

for: simple_ranges
table 1 : explain SELECT c FROM sbtest1 WHERE id BETWEEN 1360796 AND 1361795
	Bitmap Heap Scan on sbtest1  (cost=22.66..3853.14 rows=998 width=121)
	  Recheck Cond: ((id >= 1360796) AND (id <= 1361795))
	  ->  Bitmap Index Scan on sbtest1_pkey  (cost=0.00..22.41 rows=998 width=0)
	        Index Cond: ((id >= 1360796) AND (id <= 1361795))

table 2 : explain SELECT c FROM sbtest2 WHERE id BETWEEN 6343951 AND 6344950
	Bitmap Heap Scan on sbtest2  (cost=22.50..3793.78 rows=982 width=121)
	  Recheck Cond: ((id >= 6343951) AND (id <= 6344950))
	  ->  Bitmap Index Scan on sbtest2_pkey  (cost=0.00..22.25 rows=982 width=0)
	        Index Cond: ((id >= 6343951) AND (id <= 6344950))

table 3 : explain SELECT c FROM sbtest3 WHERE id BETWEEN 5504883 AND 5505882
	Bitmap Heap Scan on sbtest3  (cost=28.64..4576.77 rows=1191 width=121)
	  Recheck Cond: ((id >= 5504883) AND (id <= 5505882))
	  ->  Bitmap Index Scan on sbtest3_pkey  (cost=0.00..28.34 rows=1191 width=0)
	        Index Cond: ((id >= 5504883) AND (id <= 5505882))

table 4 : explain SELECT c FROM sbtest4 WHERE id BETWEEN 6856087 AND 6857086
	Bitmap Heap Scan on sbtest4  (cost=22.72..3871.92 rows=1003 width=121)
	  Recheck Cond: ((id >= 6856087) AND (id <= 6857086))
	  ->  Bitmap Index Scan on sbtest4_pkey  (cost=0.00..22.46 rows=1003 width=0)
	        Index Cond: ((id >= 6856087) AND (id <= 6857086))

table 5 : explain SELECT c FROM sbtest5 WHERE id BETWEEN 1967201 AND 1968200
	Bitmap Heap Scan on sbtest5  (cost=27.27..4080.10 rows=1057 width=121)
	  Recheck Cond: ((id >= 1967201) AND (id <= 1968200))
	  ->  Bitmap Index Scan on sbtest5_pkey  (cost=0.00..27.00 rows=1057 width=0)
	        Index Cond: ((id >= 1967201) AND (id <= 1968200))

table 6 : explain SELECT c FROM sbtest6 WHERE id BETWEEN 7989624 AND 7990623
	Bitmap Heap Scan on sbtest6  (cost=22.62..3838.25 rows=994 width=121)
	  Recheck Cond: ((id >= 7989624) AND (id <= 7990623))
	  ->  Bitmap Index Scan on sbtest6_pkey  (cost=0.00..22.37 rows=994 width=0)
	        Index Cond: ((id >= 7989624) AND (id <= 7990623))

table 7 : explain SELECT c FROM sbtest7 WHERE id BETWEEN 1204066 AND 1205065
	Bitmap Heap Scan on sbtest7  (cost=21.90..3570.46 rows=923 width=121)
	  Recheck Cond: ((id >= 1204066) AND (id <= 1205065))
	  ->  Bitmap Index Scan on sbtest7_pkey  (cost=0.00..21.66 rows=923 width=0)
	        Index Cond: ((id >= 1204066) AND (id <= 1205065))

table 8 : explain SELECT c FROM sbtest8 WHERE id BETWEEN 5871167 AND 5872166
	Bitmap Heap Scan on sbtest8  (cost=22.58..3823.44 rows=990 width=121)
	  Recheck Cond: ((id >= 5871167) AND (id <= 5872166))
	  ->  Bitmap Index Scan on sbtest8_pkey  (cost=0.00..22.33 rows=990 width=0)
	        Index Cond: ((id >= 5871167) AND (id <= 5872166))

for point_selects
table 1 : explain SELECT c FROM sbtest1 WHERE id=4111687
	Index Scan using sbtest1_pkey on sbtest1  (cost=0.43..8.45 rows=1 width=121)
	  Index Cond: (id = 4111687)

table 2 : explain SELECT c FROM sbtest2 WHERE id=2597510
	Index Scan using sbtest2_pkey on sbtest2  (cost=0.43..8.45 rows=1 width=121)
	  Index Cond: (id = 2597510)

table 3 : explain SELECT c FROM sbtest3 WHERE id=2257446
	Index Scan using sbtest3_pkey on sbtest3  (cost=0.43..8.45 rows=1 width=121)
	  Index Cond: (id = 2257446)

table 4 : explain SELECT c FROM sbtest4 WHERE id=4873993
	Index Scan using sbtest4_pkey on sbtest4  (cost=0.43..8.45 rows=1 width=121)
	  Index Cond: (id = 4873993)

table 5 : explain SELECT c FROM sbtest5 WHERE id=3376030
	Index Scan using sbtest5_pkey on sbtest5  (cost=0.43..8.45 rows=1 width=121)
	  Index Cond: (id = 3376030)

table 6 : explain SELECT c FROM sbtest6 WHERE id=5483307
	Index Scan using sbtest6_pkey on sbtest6  (cost=0.43..8.45 rows=1 width=121)
	  Index Cond: (id = 5483307)

table 7 : explain SELECT c FROM sbtest7 WHERE id=6964153
	Index Scan using sbtest7_pkey on sbtest7  (cost=0.43..8.45 rows=1 width=121)
	  Index Cond: (id = 6964153)

table 8 : explain SELECT c FROM sbtest8 WHERE id=8835222
	Index Scan using sbtest8_pkey on sbtest8  (cost=0.43..8.45 rows=1 width=121)
	  Index Cond: (id = 8835222)

explain: for point_selects :: explain SELECT c FROM sbtest%u WHERE id=%u
for: sum_ranges
table 1 : explain SELECT SUM(k) FROM sbtest1 WHERE id BETWEEN 8513906 AND 8514905
	Aggregate  (cost=3663.29..3663.30 rows=1 width=8)
	  ->  Bitmap Heap Scan on sbtest1  (cost=22.14..3660.92 rows=947 width=4)
	        Recheck Cond: ((id >= 8513906) AND (id <= 8514905))
	        ->  Bitmap Index Scan on sbtest1_pkey  (cost=0.00..21.90 rows=947 width=0)
	              Index Cond: ((id >= 8513906) AND (id <= 8514905))

table 2 : explain SELECT SUM(k) FROM sbtest2 WHERE id BETWEEN 8253640 AND 8254639
	Aggregate  (cost=3388.11..3388.12 rows=1 width=8)
	  ->  Bitmap Heap Scan on sbtest2  (cost=21.39..3385.93 rows=874 width=4)
	        Recheck Cond: ((id >= 8253640) AND (id <= 8254639))
	        ->  Bitmap Index Scan on sbtest2_pkey  (cost=0.00..21.18 rows=874 width=0)
	              Index Cond: ((id >= 8253640) AND (id <= 8254639))

table 3 : explain SELECT SUM(k) FROM sbtest3 WHERE id BETWEEN 5170318 AND 5171317
	Aggregate  (cost=4249.90..4249.91 rows=1 width=8)
	  ->  Bitmap Heap Scan on sbtest3  (cost=27.74..4247.14 rows=1103 width=4)
	        Recheck Cond: ((id >= 5170318) AND (id <= 5171317))
	        ->  Bitmap Index Scan on sbtest3_pkey  (cost=0.00..27.46 rows=1103 width=0)
	              Index Cond: ((id >= 5170318) AND (id <= 5171317))

table 4 : explain SELECT SUM(k) FROM sbtest4 WHERE id BETWEEN 3089302 AND 3090301
	Aggregate  (cost=4058.88..4058.89 rows=1 width=8)
	  ->  Bitmap Heap Scan on sbtest4  (cost=23.22..4056.25 rows=1052 width=4)
	        Recheck Cond: ((id >= 3089302) AND (id <= 3090301))
	        ->  Bitmap Index Scan on sbtest4_pkey  (cost=0.00..22.95 rows=1052 width=0)
	              Index Cond: ((id >= 3089302) AND (id <= 3090301))

table 5 : explain SELECT SUM(k) FROM sbtest5 WHERE id BETWEEN 7166367 AND 7167366
	Aggregate  (cost=3376.75..3376.76 rows=1 width=8)
	  ->  Bitmap Heap Scan on sbtest5  (cost=21.36..3374.57 rows=871 width=4)
	        Recheck Cond: ((id >= 7166367) AND (id <= 7167366))
	        ->  Bitmap Index Scan on sbtest5_pkey  (cost=0.00..21.14 rows=871 width=0)
	              Index Cond: ((id >= 7166367) AND (id <= 7167366))

table 6 : explain SELECT SUM(k) FROM sbtest6 WHERE id BETWEEN 2301900 AND 2302899
	Aggregate  (cost=3889.72..3889.73 rows=1 width=8)
	  ->  Bitmap Heap Scan on sbtest6  (cost=22.76..3887.21 rows=1007 width=4)
	        Recheck Cond: ((id >= 2301900) AND (id <= 2302899))
	        ->  Bitmap Index Scan on sbtest6_pkey  (cost=0.00..22.50 rows=1007 width=0)
	              Index Cond: ((id >= 2301900) AND (id <= 2302899))

table 7 : explain SELECT SUM(k) FROM sbtest7 WHERE id BETWEEN 5827984 AND 5828983
	Aggregate  (cost=4017.70..4017.71 rows=1 width=8)
	  ->  Bitmap Heap Scan on sbtest7  (cost=23.11..4015.10 rows=1041 width=4)
	        Recheck Cond: ((id >= 5827984) AND (id <= 5828983))
	        ->  Bitmap Index Scan on sbtest7_pkey  (cost=0.00..22.84 rows=1041 width=0)
	              Index Cond: ((id >= 5827984) AND (id <= 5828983))

table 8 : explain SELECT SUM(k) FROM sbtest8 WHERE id BETWEEN 2671279 AND 2672278
	Aggregate  (cost=4006.72..4006.73 rows=1 width=8)
	  ->  Bitmap Heap Scan on sbtest8  (cost=23.07..4004.12 rows=1038 width=4)
	        Recheck Cond: ((id >= 2671279) AND (id <= 2672278))
	        ->  Bitmap Index Scan on sbtest8_pkey  (cost=0.00..22.82 rows=1038 width=0)
	              Index Cond: ((id >= 2671279) AND (id <= 2672278))

for point_selects
table 1 : explain SELECT c FROM sbtest1 WHERE id=6382554
	Index Scan using sbtest1_pkey on sbtest1  (cost=0.43..8.45 rows=1 width=121)
	  Index Cond: (id = 6382554)

table 2 : explain SELECT c FROM sbtest2 WHERE id=6118649
	Index Scan using sbtest2_pkey on sbtest2  (cost=0.43..8.45 rows=1 width=121)
	  Index Cond: (id = 6118649)

table 3 : explain SELECT c FROM sbtest3 WHERE id=7066771
	Index Scan using sbtest3_pkey on sbtest3  (cost=0.43..8.45 rows=1 width=121)
	  Index Cond: (id = 7066771)

table 4 : explain SELECT c FROM sbtest4 WHERE id=4085350
	Index Scan using sbtest4_pkey on sbtest4  (cost=0.43..8.45 rows=1 width=121)
	  Index Cond: (id = 4085350)

table 5 : explain SELECT c FROM sbtest5 WHERE id=4213281
	Index Scan using sbtest5_pkey on sbtest5  (cost=0.43..8.45 rows=1 width=121)
	  Index Cond: (id = 4213281)

table 6 : explain SELECT c FROM sbtest6 WHERE id=8672757
	Index Scan using sbtest6_pkey on sbtest6  (cost=0.43..8.45 rows=1 width=121)
	  Index Cond: (id = 8672757)

table 7 : explain SELECT c FROM sbtest7 WHERE id=5787501
	Index Scan using sbtest7_pkey on sbtest7  (cost=0.43..8.45 rows=1 width=121)
	  Index Cond: (id = 5787501)

table 8 : explain SELECT c FROM sbtest8 WHERE id=8035701
	Index Scan using sbtest8_pkey on sbtest8  (cost=0.43..8.45 rows=1 width=121)
	  Index Cond: (id = 8035701)

for: sum_ranges
table 1 : explain SELECT SUM(k) FROM sbtest1 WHERE id BETWEEN 5871646 AND 5872645
	Aggregate  (cost=4325.94..4325.95 rows=1 width=8)
	  ->  Bitmap Heap Scan on sbtest1  (cost=27.95..4323.14 rows=1123 width=4)
	        Recheck Cond: ((id >= 5871646) AND (id <= 5872645))
	        ->  Bitmap Index Scan on sbtest1_pkey  (cost=0.00..27.66 rows=1123 width=0)
	              Index Cond: ((id >= 5871646) AND (id <= 5872645))

table 2 : explain SELECT SUM(k) FROM sbtest2 WHERE id BETWEEN 1278527 AND 1279526
	Aggregate  (cost=3977.12..3977.13 rows=1 width=8)
	  ->  Bitmap Heap Scan on sbtest2  (cost=22.99..3974.55 rows=1030 width=4)
	        Recheck Cond: ((id >= 1278527) AND (id <= 1279526))
	        ->  Bitmap Index Scan on sbtest2_pkey  (cost=0.00..22.73 rows=1030 width=0)
	              Index Cond: ((id >= 1278527) AND (id <= 1279526))

table 3 : explain SELECT SUM(k) FROM sbtest3 WHERE id BETWEEN 1882685 AND 1883684
	Aggregate  (cost=3768.13..3768.14 rows=1 width=8)
	  ->  Bitmap Heap Scan on sbtest3  (cost=22.43..3765.69 rows=975 width=4)
	        Recheck Cond: ((id >= 1882685) AND (id <= 1883684))
	        ->  Bitmap Index Scan on sbtest3_pkey  (cost=0.00..22.18 rows=975 width=0)
	              Index Cond: ((id >= 1882685) AND (id <= 1883684))

table 4 : explain SELECT SUM(k) FROM sbtest4 WHERE id BETWEEN 4417296 AND 4418295
	Aggregate  (cost=3742.48..3742.49 rows=1 width=8)
	  ->  Bitmap Heap Scan on sbtest4  (cost=22.36..3740.06 rows=968 width=4)
	        Recheck Cond: ((id >= 4417296) AND (id <= 4418295))
	        ->  Bitmap Index Scan on sbtest4_pkey  (cost=0.00..22.11 rows=968 width=0)
	              Index Cond: ((id >= 4417296) AND (id <= 4418295))

table 5 : explain SELECT SUM(k) FROM sbtest5 WHERE id BETWEEN 7783908 AND 7784907
	Aggregate  (cost=4266.96..4266.97 rows=1 width=8)
	  ->  Bitmap Heap Scan on sbtest5  (cost=27.78..4264.20 rows=1107 width=4)
	        Recheck Cond: ((id >= 7783908) AND (id <= 7784907))
	        ->  Bitmap Index Scan on sbtest5_pkey  (cost=0.00..27.50 rows=1107 width=0)
	              Index Cond: ((id >= 7783908) AND (id <= 7784907))

table 6 : explain SELECT SUM(k) FROM sbtest6 WHERE id BETWEEN 514499 AND 515498
	Aggregate  (cost=3674.77..3674.78 rows=1 width=8)
	  ->  Bitmap Heap Scan on sbtest6  (cost=22.17..3672.40 rows=950 width=4)
	        Recheck Cond: ((id >= 514499) AND (id <= 515498))
	        ->  Bitmap Index Scan on sbtest6_pkey  (cost=0.00..21.93 rows=950 width=0)
	              Index Cond: ((id >= 514499) AND (id <= 515498))

table 7 : explain SELECT SUM(k) FROM sbtest7 WHERE id BETWEEN 4608978 AND 4609977
	Aggregate  (cost=3625.66..3625.67 rows=1 width=8)
	  ->  Bitmap Heap Scan on sbtest7  (cost=22.04..3623.31 rows=937 width=4)
	        Recheck Cond: ((id >= 4608978) AND (id <= 4609977))
	        ->  Bitmap Index Scan on sbtest7_pkey  (cost=0.00..21.80 rows=937 width=0)
	              Index Cond: ((id >= 4608978) AND (id <= 4609977))

table 8 : explain SELECT SUM(k) FROM sbtest8 WHERE id BETWEEN 5265186 AND 5266185
	Aggregate  (cost=3807.06..3807.07 rows=1 width=8)
	  ->  Bitmap Heap Scan on sbtest8  (cost=22.53..3804.60 rows=985 width=4)
	        Recheck Cond: ((id >= 5265186) AND (id <= 5266185))
	        ->  Bitmap Index Scan on sbtest8_pkey  (cost=0.00..22.29 rows=985 width=0)
	              Index Cond: ((id >= 5265186) AND (id <= 5266185))

for point_selects
table 1 : explain SELECT c FROM sbtest1 WHERE id=1114624
	Index Scan using sbtest1_pkey on sbtest1  (cost=0.43..8.45 rows=1 width=121)
	  Index Cond: (id = 1114624)

table 2 : explain SELECT c FROM sbtest2 WHERE id=7983907
	Index Scan using sbtest2_pkey on sbtest2  (cost=0.43..8.45 rows=1 width=121)
	  Index Cond: (id = 7983907)

table 3 : explain SELECT c FROM sbtest3 WHERE id=6112081
	Index Scan using sbtest3_pkey on sbtest3  (cost=0.43..8.45 rows=1 width=121)
	  Index Cond: (id = 6112081)

table 4 : explain SELECT c FROM sbtest4 WHERE id=8318382
	Index Scan using sbtest4_pkey on sbtest4  (cost=0.43..8.45 rows=1 width=121)
	  Index Cond: (id = 8318382)

table 5 : explain SELECT c FROM sbtest5 WHERE id=5383721
	Index Scan using sbtest5_pkey on sbtest5  (cost=0.43..8.45 rows=1 width=121)
	  Index Cond: (id = 5383721)

table 6 : explain SELECT c FROM sbtest6 WHERE id=1597316
	Index Scan using sbtest6_pkey on sbtest6  (cost=0.43..8.45 rows=1 width=121)
	  Index Cond: (id = 1597316)

table 7 : explain SELECT c FROM sbtest7 WHERE id=4888894
	Index Scan using sbtest7_pkey on sbtest7  (cost=0.43..8.45 rows=1 width=121)
	  Index Cond: (id = 4888894)

table 8 : explain SELECT c FROM sbtest8 WHERE id=450613
	Index Scan using sbtest8_pkey on sbtest8  (cost=0.43..8.45 rows=1 width=121)
	  Index Cond: (id = 450613)

for point_selects
table 1 : explain SELECT c FROM sbtest1 WHERE id=6498322
	Index Scan using sbtest1_pkey on sbtest1  (cost=0.43..8.45 rows=1 width=121)
	  Index Cond: (id = 6498322)

table 2 : explain SELECT c FROM sbtest2 WHERE id=225920
	Index Scan using sbtest2_pkey on sbtest2  (cost=0.43..8.45 rows=1 width=121)
	  Index Cond: (id = 225920)

table 3 : explain SELECT c FROM sbtest3 WHERE id=1334893
	Index Scan using sbtest3_pkey on sbtest3  (cost=0.43..8.45 rows=1 width=121)
	  Index Cond: (id = 1334893)

table 4 : explain SELECT c FROM sbtest4 WHERE id=3168434
	Index Scan using sbtest4_pkey on sbtest4  (cost=0.43..8.45 rows=1 width=121)
	  Index Cond: (id = 3168434)

table 5 : explain SELECT c FROM sbtest5 WHERE id=5044719
	Index Scan using sbtest5_pkey on sbtest5  (cost=0.43..8.45 rows=1 width=121)
	  Index Cond: (id = 5044719)

table 6 : explain SELECT c FROM sbtest6 WHERE id=3141393
	Index Scan using sbtest6_pkey on sbtest6  (cost=0.43..8.45 rows=1 width=121)
	  Index Cond: (id = 3141393)

table 7 : explain SELECT c FROM sbtest7 WHERE id=6047556
	Index Scan using sbtest7_pkey on sbtest7  (cost=0.43..8.45 rows=1 width=121)
	  Index Cond: (id = 6047556)

table 8 : explain SELECT c FROM sbtest8 WHERE id=3342574
	Index Scan using sbtest8_pkey on sbtest8  (cost=0.43..8.45 rows=1 width=121)
	  Index Cond: (id = 3342574)

for: simple_ranges
table 1 : explain SELECT c FROM sbtest1 WHERE id BETWEEN 3277209 AND 3278208
	Bitmap Heap Scan on sbtest1  (cost=23.47..4150.23 rows=1077 width=121)
	  Recheck Cond: ((id >= 3277209) AND (id <= 3278208))
	  ->  Bitmap Index Scan on sbtest1_pkey  (cost=0.00..23.20 rows=1077 width=0)
	        Index Cond: ((id >= 3277209) AND (id <= 3278208))

table 2 : explain SELECT c FROM sbtest2 WHERE id BETWEEN 4971412 AND 4972411
	Bitmap Heap Scan on sbtest2  (cost=22.39..3752.31 rows=971 width=121)
	  Recheck Cond: ((id >= 4971412) AND (id <= 4972411))
	  ->  Bitmap Index Scan on sbtest2_pkey  (cost=0.00..22.14 rows=971 width=0)
	        Index Cond: ((id >= 4971412) AND (id <= 4972411))

table 3 : explain SELECT c FROM sbtest3 WHERE id BETWEEN 3954982 AND 3955981
	Bitmap Heap Scan on sbtest3  (cost=22.26..3705.39 rows=959 width=121)
	  Recheck Cond: ((id >= 3954982) AND (id <= 3955981))
	  ->  Bitmap Index Scan on sbtest3_pkey  (cost=0.00..22.02 rows=959 width=0)
	        Index Cond: ((id >= 3954982) AND (id <= 3955981))

table 4 : explain SELECT c FROM sbtest4 WHERE id BETWEEN 3515224 AND 3516223
	Bitmap Heap Scan on sbtest4  (cost=27.65..4218.01 rows=1094 width=121)
	  Recheck Cond: ((id >= 3515224) AND (id <= 3516223))
	  ->  Bitmap Index Scan on sbtest4_pkey  (cost=0.00..27.37 rows=1094 width=0)
	        Index Cond: ((id >= 3515224) AND (id <= 3516223))

table 5 : explain SELECT c FROM sbtest5 WHERE id BETWEEN 9689884 AND 9690883
	Bitmap Heap Scan on sbtest5  (cost=26.82..3914.56 rows=1013 width=121)
	  Recheck Cond: ((id >= 9689884) AND (id <= 9690883))
	  ->  Bitmap Index Scan on sbtest5_pkey  (cost=0.00..26.57 rows=1013 width=0)
	        Index Cond: ((id >= 9689884) AND (id <= 9690883))

table 6 : explain SELECT c FROM sbtest6 WHERE id BETWEEN 7026543 AND 7027542
	Bitmap Heap Scan on sbtest6  (cost=21.98..3600.70 rows=931 width=121)
	  Recheck Cond: ((id >= 7026543) AND (id <= 7027542))
	  ->  Bitmap Index Scan on sbtest6_pkey  (cost=0.00..21.75 rows=931 width=0)
	        Index Cond: ((id >= 7026543) AND (id <= 7027542))

table 7 : explain SELECT c FROM sbtest7 WHERE id BETWEEN 4117874 AND 4118873
	Bitmap Heap Scan on sbtest7  (cost=22.76..3887.17 rows=1007 width=121)
	  Recheck Cond: ((id >= 4117874) AND (id <= 4118873))
	  ->  Bitmap Index Scan on sbtest7_pkey  (cost=0.00..22.50 rows=1007 width=0)
	        Index Cond: ((id >= 4117874) AND (id <= 4118873))

table 8 : explain SELECT c FROM sbtest8 WHERE id BETWEEN 2909600 AND 2910599
	Bitmap Heap Scan on sbtest8  (cost=22.49..3789.52 rows=981 width=121)
	  Recheck Cond: ((id >= 2909600) AND (id <= 2910599))
	  ->  Bitmap Index Scan on sbtest8_pkey  (cost=0.00..22.25 rows=981 width=0)
	        Index Cond: ((id >= 2909600) AND (id <= 2910599))

for: simple_ranges
table 1 : explain SELECT c FROM sbtest1 WHERE id BETWEEN 1913136 AND 1914135
	Bitmap Heap Scan on sbtest1  (cost=22.99..3973.58 rows=1030 width=121)
	  Recheck Cond: ((id >= 1913136) AND (id <= 1914135))
	  ->  Bitmap Index Scan on sbtest1_pkey  (cost=0.00..22.73 rows=1030 width=0)
	        Index Cond: ((id >= 1913136) AND (id <= 1914135))

table 2 : explain SELECT c FROM sbtest2 WHERE id BETWEEN 8653473 AND 8654472
	Bitmap Heap Scan on sbtest2  (cost=22.63..3842.77 rows=995 width=121)
	  Recheck Cond: ((id >= 8653473) AND (id <= 8654472))
	  ->  Bitmap Index Scan on sbtest2_pkey  (cost=0.00..22.39 rows=995 width=0)
	        Index Cond: ((id >= 8653473) AND (id <= 8654472))

table 3 : explain SELECT c FROM sbtest3 WHERE id BETWEEN 9070329 AND 9071328
	Bitmap Heap Scan on sbtest3  (cost=22.15..3663.92 rows=948 width=121)
	  Recheck Cond: ((id >= 9070329) AND (id <= 9071328))
	  ->  Bitmap Index Scan on sbtest3_pkey  (cost=0.00..21.91 rows=948 width=0)
	        Index Cond: ((id >= 9070329) AND (id <= 9071328))

table 4 : explain SELECT c FROM sbtest4 WHERE id BETWEEN 4984319 AND 4985318
	Bitmap Heap Scan on sbtest4  (cost=22.64..3845.56 rows=996 width=121)
	  Recheck Cond: ((id >= 4984319) AND (id <= 4985318))
	  ->  Bitmap Index Scan on sbtest4_pkey  (cost=0.00..22.39 rows=996 width=0)
	        Index Cond: ((id >= 4984319) AND (id <= 4985318))

table 5 : explain SELECT c FROM sbtest5 WHERE id BETWEEN 2001718 AND 2002717
	Bitmap Heap Scan on sbtest5  (cost=27.27..4080.10 rows=1057 width=121)
	  Recheck Cond: ((id >= 2001718) AND (id <= 2002717))
	  ->  Bitmap Index Scan on sbtest5_pkey  (cost=0.00..27.00 rows=1057 width=0)
	        Index Cond: ((id >= 2001718) AND (id <= 2002717))

table 6 : explain SELECT c FROM sbtest6 WHERE id BETWEEN 4723431 AND 4724430
	Bitmap Heap Scan on sbtest6  (cost=22.16..3668.63 rows=949 width=121)
	  Recheck Cond: ((id >= 4723431) AND (id <= 4724430))
	  ->  Bitmap Index Scan on sbtest6_pkey  (cost=0.00..21.93 rows=949 width=0)
	        Index Cond: ((id >= 4723431) AND (id <= 4724430))

table 7 : explain SELECT c FROM sbtest7 WHERE id BETWEEN 1920205 AND 1921204
	Bitmap Heap Scan on sbtest7  (cost=22.54..3808.08 rows=986 width=121)
	  Recheck Cond: ((id >= 1920205) AND (id <= 1921204))
	  ->  Bitmap Index Scan on sbtest7_pkey  (cost=0.00..22.29 rows=986 width=0)
	        Index Cond: ((id >= 1920205) AND (id <= 1921204))

table 8 : explain SELECT c FROM sbtest8 WHERE id BETWEEN 2321042 AND 2322041
	Bitmap Heap Scan on sbtest8  (cost=22.95..3958.98 rows=1026 width=121)
	  Recheck Cond: ((id >= 2321042) AND (id <= 2322041))
	  ->  Bitmap Index Scan on sbtest8_pkey  (cost=0.00..22.69 rows=1026 width=0)
	        Index Cond: ((id >= 2321042) AND (id <= 2322041))

for: sum_ranges
table 1 : explain SELECT SUM(k) FROM sbtest1 WHERE id BETWEEN 2651087 AND 2652086
	Aggregate  (cost=3723.67..3723.68 rows=1 width=8)
	  ->  Bitmap Heap Scan on sbtest1  (cost=22.31..3721.26 rows=963 width=4)
	        Recheck Cond: ((id >= 2651087) AND (id <= 2652086))
	        ->  Bitmap Index Scan on sbtest1_pkey  (cost=0.00..22.07 rows=963 width=0)
	              Index Cond: ((id >= 2651087) AND (id <= 2652086))

table 2 : explain SELECT SUM(k) FROM sbtest2 WHERE id BETWEEN 902243 AND 903242
	Aggregate  (cost=3943.23..3943.24 rows=1 width=8)
	  ->  Bitmap Heap Scan on sbtest2  (cost=22.90..3940.68 rows=1021 width=4)
	        Recheck Cond: ((id >= 902243) AND (id <= 903242))
	        ->  Bitmap Index Scan on sbtest2_pkey  (cost=0.00..22.64 rows=1021 width=0)
	              Index Cond: ((id >= 902243) AND (id <= 903242))

table 3 : explain SELECT SUM(k) FROM sbtest3 WHERE id BETWEEN 9987385 AND 9988384
	Aggregate  (cost=3730.42..3730.43 rows=1 width=8)
	  ->  Bitmap Heap Scan on sbtest3  (cost=22.33..3728.01 rows=965 width=4)
	        Recheck Cond: ((id >= 9987385) AND (id <= 9988384))
	        ->  Bitmap Index Scan on sbtest3_pkey  (cost=0.00..22.08 rows=965 width=0)
	              Index Cond: ((id >= 9987385) AND (id <= 9988384))

table 4 : explain SELECT SUM(k) FROM sbtest4 WHERE id BETWEEN 4021410 AND 4022409
	Aggregate  (cost=3878.19..3878.20 rows=1 width=8)
	  ->  Bitmap Heap Scan on sbtest4  (cost=22.73..3875.68 rows=1004 width=4)
	        Recheck Cond: ((id >= 4021410) AND (id <= 4022409))
	        ->  Bitmap Index Scan on sbtest4_pkey  (cost=0.00..22.47 rows=1004 width=0)
	              Index Cond: ((id >= 4021410) AND (id <= 4022409))

table 5 : explain SELECT SUM(k) FROM sbtest5 WHERE id BETWEEN 8199110 AND 8200109
	Aggregate  (cost=3860.56..3860.57 rows=1 width=8)
	  ->  Bitmap Heap Scan on sbtest5  (cost=26.66..3858.06 rows=998 width=4)
	        Recheck Cond: ((id >= 8199110) AND (id <= 8200109))
	        ->  Bitmap Index Scan on sbtest5_pkey  (cost=0.00..26.41 rows=998 width=0)
	              Index Cond: ((id >= 8199110) AND (id <= 8200109))

table 6 : explain SELECT SUM(k) FROM sbtest6 WHERE id BETWEEN 4174796 AND 4175795
	Aggregate  (cost=3784.19..3784.20 rows=1 width=8)
	  ->  Bitmap Heap Scan on sbtest6  (cost=22.47..3781.74 rows=979 width=4)
	        Recheck Cond: ((id >= 4174796) AND (id <= 4175795))
	        ->  Bitmap Index Scan on sbtest6_pkey  (cost=0.00..22.22 rows=979 width=0)
	              Index Cond: ((id >= 4174796) AND (id <= 4175795))

table 7 : explain SELECT SUM(k) FROM sbtest7 WHERE id BETWEEN 6782157 AND 6783156
	Aggregate  (cost=3976.30..3976.31 rows=1 width=8)
	  ->  Bitmap Heap Scan on sbtest7  (cost=22.99..3973.72 rows=1030 width=4)
	        Recheck Cond: ((id >= 6782157) AND (id <= 6783156))
	        ->  Bitmap Index Scan on sbtest7_pkey  (cost=0.00..22.73 rows=1030 width=0)
	              Index Cond: ((id >= 6782157) AND (id <= 6783156))

table 8 : explain SELECT SUM(k) FROM sbtest8 WHERE id BETWEEN 7729759 AND 7730758
	Aggregate  (cost=3776.89..3776.90 rows=1 width=8)
	  ->  Bitmap Heap Scan on sbtest8  (cost=22.45..3774.45 rows=977 width=4)
	        Recheck Cond: ((id >= 7729759) AND (id <= 7730758))
	        ->  Bitmap Index Scan on sbtest8_pkey  (cost=0.00..22.20 rows=977 width=0)
	              Index Cond: ((id >= 7729759) AND (id <= 7730758))

for: sum_ranges
table 1 : explain SELECT SUM(k) FROM sbtest1 WHERE id BETWEEN 3945240 AND 3946239
	Aggregate  (cost=3772.70..3772.71 rows=1 width=8)
	  ->  Bitmap Heap Scan on sbtest1  (cost=22.44..3770.26 rows=976 width=4)
	        Recheck Cond: ((id >= 3945240) AND (id <= 3946239))
	        ->  Bitmap Index Scan on sbtest1_pkey  (cost=0.00..22.19 rows=976 width=0)
	              Index Cond: ((id >= 3945240) AND (id <= 3946239))

table 2 : explain SELECT SUM(k) FROM sbtest2 WHERE id BETWEEN 5577975 AND 5578974
	Aggregate  (cost=3781.14..3781.15 rows=1 width=8)
	  ->  Bitmap Heap Scan on sbtest2  (cost=22.46..3778.70 rows=978 width=4)
	        Recheck Cond: ((id >= 5577975) AND (id <= 5578974))
	        ->  Bitmap Index Scan on sbtest2_pkey  (cost=0.00..22.21 rows=978 width=0)
	              Index Cond: ((id >= 5577975) AND (id <= 5578974))

table 3 : explain SELECT SUM(k) FROM sbtest3 WHERE id BETWEEN 3901392 AND 3902391
	Aggregate  (cost=3809.59..3809.60 rows=1 width=8)
	  ->  Bitmap Heap Scan on sbtest3  (cost=22.54..3807.12 rows=986 width=4)
	        Recheck Cond: ((id >= 3901392) AND (id <= 3902391))
	        ->  Bitmap Index Scan on sbtest3_pkey  (cost=0.00..22.29 rows=986 width=0)
	              Index Cond: ((id >= 3901392) AND (id <= 3902391))

table 4 : explain SELECT SUM(k) FROM sbtest4 WHERE id BETWEEN 2377057 AND 2378056
	Aggregate  (cost=3848.05..3848.06 rows=1 width=8)
	  ->  Bitmap Heap Scan on sbtest4  (cost=22.64..3845.56 rows=996 width=4)
	        Recheck Cond: ((id >= 2377057) AND (id <= 2378056))
	        ->  Bitmap Index Scan on sbtest4_pkey  (cost=0.00..22.39 rows=996 width=0)
	              Index Cond: ((id >= 2377057) AND (id <= 2378056))

table 5 : explain SELECT SUM(k) FROM sbtest5 WHERE id BETWEEN 8654370 AND 8655369
	Aggregate  (cost=3973.59..3973.60 rows=1 width=8)
	  ->  Bitmap Heap Scan on sbtest5  (cost=26.97..3971.02 rows=1028 width=4)
	        Recheck Cond: ((id >= 8654370) AND (id <= 8655369))
	        ->  Bitmap Index Scan on sbtest5_pkey  (cost=0.00..26.71 rows=1028 width=0)
	              Index Cond: ((id >= 8654370) AND (id <= 8655369))

table 6 : explain SELECT SUM(k) FROM sbtest6 WHERE id BETWEEN 654460 AND 655459
	Aggregate  (cost=3795.50..3795.51 rows=1 width=8)
	  ->  Bitmap Heap Scan on sbtest6  (cost=22.50..3793.05 rows=982 width=4)
	        Recheck Cond: ((id >= 654460) AND (id <= 655459))
	        ->  Bitmap Index Scan on sbtest6_pkey  (cost=0.00..22.25 rows=982 width=0)
	              Index Cond: ((id >= 654460) AND (id <= 655459))

table 7 : explain SELECT SUM(k) FROM sbtest7 WHERE id BETWEEN 3657483 AND 3658482
	Aggregate  (cost=3787.92..3787.93 rows=1 width=8)
	  ->  Bitmap Heap Scan on sbtest7  (cost=22.48..3785.47 rows=980 width=4)
	        Recheck Cond: ((id >= 3657483) AND (id <= 3658482))
	        ->  Bitmap Index Scan on sbtest7_pkey  (cost=0.00..22.23 rows=980 width=0)
	              Index Cond: ((id >= 3657483) AND (id <= 3658482))

table 8 : explain SELECT SUM(k) FROM sbtest8 WHERE id BETWEEN 391753 AND 392752
	Aggregate  (cost=3758.03..3758.04 rows=1 width=8)
	  ->  Bitmap Heap Scan on sbtest8  (cost=22.40..3755.60 rows=972 width=4)
	        Recheck Cond: ((id >= 391753) AND (id <= 392752))
	        ->  Bitmap Index Scan on sbtest8_pkey  (cost=0.00..22.15 rows=972 width=0)
	              Index Cond: ((id >= 391753) AND (id <= 392752))

for: sum_ranges
table 1 : explain SELECT SUM(k) FROM sbtest1 WHERE id BETWEEN 1183412 AND 1184411
	Aggregate  (cost=3651.96..3651.97 rows=1 width=8)
	  ->  Bitmap Heap Scan on sbtest1  (cost=22.11..3649.60 rows=944 width=4)
	        Recheck Cond: ((id >= 1183412) AND (id <= 1184411))
	        ->  Bitmap Index Scan on sbtest1_pkey  (cost=0.00..21.87 rows=944 width=0)
	              Index Cond: ((id >= 1183412) AND (id <= 1184411))

table 2 : explain SELECT SUM(k) FROM sbtest2 WHERE id BETWEEN 4213644 AND 4214643
	Aggregate  (cost=3879.18..3879.19 rows=1 width=8)
	  ->  Bitmap Heap Scan on sbtest2  (cost=22.73..3876.67 rows=1004 width=4)
	        Recheck Cond: ((id >= 4213644) AND (id <= 4214643))
	        ->  Bitmap Index Scan on sbtest2_pkey  (cost=0.00..22.47 rows=1004 width=0)
	              Index Cond: ((id >= 4213644) AND (id <= 4214643))

table 3 : explain SELECT SUM(k) FROM sbtest3 WHERE id BETWEEN 8886755 AND 8887754
	Aggregate  (cost=3730.42..3730.43 rows=1 width=8)
	  ->  Bitmap Heap Scan on sbtest3  (cost=22.33..3728.01 rows=965 width=4)
	        Recheck Cond: ((id >= 8886755) AND (id <= 8887754))
	        ->  Bitmap Index Scan on sbtest3_pkey  (cost=0.00..22.08 rows=965 width=0)
	              Index Cond: ((id >= 8886755) AND (id <= 8887754))

table 4 : explain SELECT SUM(k) FROM sbtest4 WHERE id BETWEEN 7698203 AND 7699202
	Aggregate  (cost=4006.21..4006.22 rows=1 width=8)
	  ->  Bitmap Heap Scan on sbtest4  (cost=23.07..4003.62 rows=1038 width=4)
	        Recheck Cond: ((id >= 7698203) AND (id <= 7699202))
	        ->  Bitmap Index Scan on sbtest4_pkey  (cost=0.00..22.82 rows=1038 width=0)
	              Index Cond: ((id >= 7698203) AND (id <= 7699202))

table 5 : explain SELECT SUM(k) FROM sbtest5 WHERE id BETWEEN 4502978 AND 4503977
	Aggregate  (cost=3505.42..3505.43 rows=1 width=8)
	  ->  Bitmap Heap Scan on sbtest5  (cost=21.71..3503.15 rows=905 width=4)
	        Recheck Cond: ((id >= 4502978) AND (id <= 4503977))
	        ->  Bitmap Index Scan on sbtest5_pkey  (cost=0.00..21.48 rows=905 width=0)
	              Index Cond: ((id >= 4502978) AND (id <= 4503977))

table 6 : explain SELECT SUM(k) FROM sbtest6 WHERE id BETWEEN 7991693 AND 7992692
	Aggregate  (cost=3840.74..3840.75 rows=1 width=8)
	  ->  Bitmap Heap Scan on sbtest6  (cost=22.62..3838.25 rows=994 width=4)
	        Recheck Cond: ((id >= 7991693) AND (id <= 7992692))
	        ->  Bitmap Index Scan on sbtest6_pkey  (cost=0.00..22.37 rows=994 width=0)
	              Index Cond: ((id >= 7991693) AND (id <= 7992692))

table 7 : explain SELECT SUM(k) FROM sbtest7 WHERE id BETWEEN 2082932 AND 2083931
	Aggregate  (cost=4123.01..4123.02 rows=1 width=8)
	  ->  Bitmap Heap Scan on sbtest7  (cost=23.39..4120.34 rows=1069 width=4)
	        Recheck Cond: ((id >= 2082932) AND (id <= 2083931))
	        ->  Bitmap Index Scan on sbtest7_pkey  (cost=0.00..23.12 rows=1069 width=0)
	              Index Cond: ((id >= 2082932) AND (id <= 2083931))

table 8 : explain SELECT SUM(k) FROM sbtest8 WHERE id BETWEEN 4563440 AND 4564439
	Aggregate  (cost=3742.94..3742.95 rows=1 width=8)
	  ->  Bitmap Heap Scan on sbtest8  (cost=22.36..3740.52 rows=968 width=4)
	        Recheck Cond: ((id >= 4563440) AND (id <= 4564439))
	        ->  Bitmap Index Scan on sbtest8_pkey  (cost=0.00..22.11 rows=968 width=0)
	              Index Cond: ((id >= 4563440) AND (id <= 4564439))

for: simple_ranges
table 1 : explain SELECT c FROM sbtest1 WHERE id BETWEEN 6671063 AND 6672062
	Bitmap Heap Scan on sbtest1  (cost=23.22..4056.30 rows=1052 width=121)
	  Recheck Cond: ((id >= 6671063) AND (id <= 6672062))
	  ->  Bitmap Index Scan on sbtest1_pkey  (cost=0.00..22.95 rows=1052 width=0)
	        Index Cond: ((id >= 6671063) AND (id <= 6672062))

table 2 : explain SELECT c FROM sbtest2 WHERE id BETWEEN 5103010 AND 5104009
	Bitmap Heap Scan on sbtest2  (cost=22.43..3767.39 rows=975 width=121)
	  Recheck Cond: ((id >= 5103010) AND (id <= 5104009))
	  ->  Bitmap Index Scan on sbtest2_pkey  (cost=0.00..22.18 rows=975 width=0)
	        Index Cond: ((id >= 5103010) AND (id <= 5104009))

table 3 : explain SELECT c FROM sbtest3 WHERE id BETWEEN 2778378 AND 2779377
	Bitmap Heap Scan on sbtest3  (cost=22.53..3803.36 rows=985 width=121)
	  Recheck Cond: ((id >= 2778378) AND (id <= 2779377))
	  ->  Bitmap Index Scan on sbtest3_pkey  (cost=0.00..22.29 rows=985 width=0)
	        Index Cond: ((id >= 2778378) AND (id <= 2779377))

table 4 : explain SELECT c FROM sbtest4 WHERE id BETWEEN 4272856 AND 4273855
	Bitmap Heap Scan on sbtest4  (cost=23.54..4172.71 rows=1083 width=121)
	  Recheck Cond: ((id >= 4272856) AND (id <= 4273855))
	  ->  Bitmap Index Scan on sbtest4_pkey  (cost=0.00..23.26 rows=1083 width=0)
	        Index Cond: ((id >= 4272856) AND (id <= 4273855))

table 5 : explain SELECT c FROM sbtest5 WHERE id BETWEEN 270381 AND 271380
	Bitmap Heap Scan on sbtest5  (cost=21.47..3412.41 rows=881 width=121)
	  Recheck Cond: ((id >= 270381) AND (id <= 271380))
	  ->  Bitmap Index Scan on sbtest5_pkey  (cost=0.00..21.25 rows=881 width=0)
	        Index Cond: ((id >= 270381) AND (id <= 271380))

table 6 : explain SELECT c FROM sbtest6 WHERE id BETWEEN 5939604 AND 5940603
	Bitmap Heap Scan on sbtest6  (cost=21.57..3449.60 rows=891 width=121)
	  Recheck Cond: ((id >= 5939604) AND (id <= 5940603))
	  ->  Bitmap Index Scan on sbtest6_pkey  (cost=0.00..21.34 rows=891 width=0)
	        Index Cond: ((id >= 5939604) AND (id <= 5940603))

table 7 : explain SELECT c FROM sbtest7 WHERE id BETWEEN 5283466 AND 5284465
	Bitmap Heap Scan on sbtest7  (cost=23.03..3988.77 rows=1034 width=121)
	  Recheck Cond: ((id >= 5283466) AND (id <= 5284465))
	  ->  Bitmap Index Scan on sbtest7_pkey  (cost=0.00..22.77 rows=1034 width=0)
	        Index Cond: ((id >= 5283466) AND (id <= 5284465))

table 8 : explain SELECT c FROM sbtest8 WHERE id BETWEEN 6801457 AND 6802456
	Bitmap Heap Scan on sbtest8  (cost=23.19..4045.49 rows=1049 width=121)
	  Recheck Cond: ((id >= 6801457) AND (id <= 6802456))
	  ->  Bitmap Index Scan on sbtest8_pkey  (cost=0.00..22.93 rows=1049 width=0)
	        Index Cond: ((id >= 6801457) AND (id <= 6802456))

for: simple_ranges
table 1 : explain SELECT c FROM sbtest1 WHERE id BETWEEN 9335989 AND 9336988
	Bitmap Heap Scan on sbtest1  (cost=22.06..3630.73 rows=939 width=121)
	  Recheck Cond: ((id >= 9335989) AND (id <= 9336988))
	  ->  Bitmap Index Scan on sbtest1_pkey  (cost=0.00..21.82 rows=939 width=0)
	        Index Cond: ((id >= 9335989) AND (id <= 9336988))

table 2 : explain SELECT c FROM sbtest2 WHERE id BETWEEN 3043364 AND 3044363
	Bitmap Heap Scan on sbtest2  (cost=22.59..3827.69 rows=991 width=121)
	  Recheck Cond: ((id >= 3043364) AND (id <= 3044363))
	  ->  Bitmap Index Scan on sbtest2_pkey  (cost=0.00..22.34 rows=991 width=0)
	        Index Cond: ((id >= 3043364) AND (id <= 3044363))

table 3 : explain SELECT c FROM sbtest3 WHERE id BETWEEN 4145734 AND 4146733
	Bitmap Heap Scan on sbtest3  (cost=22.60..3829.72 rows=992 width=121)
	  Recheck Cond: ((id >= 4145734) AND (id <= 4146733))
	  ->  Bitmap Index Scan on sbtest3_pkey  (cost=0.00..22.36 rows=992 width=0)
	        Index Cond: ((id >= 4145734) AND (id <= 4146733))

table 4 : explain SELECT c FROM sbtest4 WHERE id BETWEEN 4794379 AND 4795378
	Bitmap Heap Scan on sbtest4  (cost=22.51..3796.59 rows=983 width=121)
	  Recheck Cond: ((id >= 4794379) AND (id <= 4795378))
	  ->  Bitmap Index Scan on sbtest4_pkey  (cost=0.00..22.26 rows=983 width=0)
	        Index Cond: ((id >= 4794379) AND (id <= 4795378))

table 5 : explain SELECT c FROM sbtest5 WHERE id BETWEEN 8301559 AND 8302558
	Bitmap Heap Scan on sbtest5  (cost=22.19..3680.64 rows=952 width=121)
	  Recheck Cond: ((id >= 8301559) AND (id <= 8302558))
	  ->  Bitmap Index Scan on sbtest5_pkey  (cost=0.00..21.95 rows=952 width=0)
	        Index Cond: ((id >= 8301559) AND (id <= 8302558))

table 6 : explain SELECT c FROM sbtest6 WHERE id BETWEEN 3412373 AND 3413372
	Bitmap Heap Scan on sbtest6  (cost=28.81..4637.95 rows=1207 width=121)
	  Recheck Cond: ((id >= 3412373) AND (id <= 3413372))
	  ->  Bitmap Index Scan on sbtest6_pkey  (cost=0.00..28.50 rows=1207 width=0)
	        Index Cond: ((id >= 3412373) AND (id <= 3413372))

table 7 : explain SELECT c FROM sbtest7 WHERE id BETWEEN 5594535 AND 5595534
	Bitmap Heap Scan on sbtest7  (cost=22.98..3969.96 rows=1029 width=121)
	  Recheck Cond: ((id >= 5594535) AND (id <= 5595534))
	  ->  Bitmap Index Scan on sbtest7_pkey  (cost=0.00..22.72 rows=1029 width=0)
	        Index Cond: ((id >= 5594535) AND (id <= 5595534))

table 8 : explain SELECT c FROM sbtest8 WHERE id BETWEEN 1613506 AND 1614505
	Bitmap Heap Scan on sbtest8  (cost=21.88..3563.17 rows=921 width=121)
	  Recheck Cond: ((id >= 1613506) AND (id <= 1614505))
	  ->  Bitmap Index Scan on sbtest8_pkey  (cost=0.00..21.64 rows=921 width=0)
	        Index Cond: ((id >= 1613506) AND (id <= 1614505))

for: order_ranges
table 1 : explain SELECT c FROM sbtest1 WHERE id BETWEEN 4336599 AND 4337598 ORDER BY c
	Sort  (cost=3734.53..3736.92 rows=954 width=121)
	  Sort Key: c
	  ->  Bitmap Heap Scan on sbtest1  (cost=22.21..3687.32 rows=954 width=121)
	        Recheck Cond: ((id >= 4336599) AND (id <= 4337598))
	        ->  Bitmap Index Scan on sbtest1_pkey  (cost=0.00..21.97 rows=954 width=0)
	              Index Cond: ((id >= 4336599) AND (id <= 4337598))

table 2 : explain SELECT c FROM sbtest2 WHERE id BETWEEN 5712608 AND 5713607 ORDER BY c
	Sort  (cost=3888.48..3890.97 rows=994 width=121)
	  Sort Key: c
	  ->  Bitmap Heap Scan on sbtest2  (cost=22.62..3839.00 rows=994 width=121)
	        Recheck Cond: ((id >= 5712608) AND (id <= 5713607))
	        ->  Bitmap Index Scan on sbtest2_pkey  (cost=0.00..22.37 rows=994 width=0)
	              Index Cond: ((id >= 5712608) AND (id <= 5713607))

table 3 : explain SELECT c FROM sbtest3 WHERE id BETWEEN 4260556 AND 4261555 ORDER BY c
	Sort  (cost=3875.27..3877.75 rows=991 width=121)
	  Sort Key: c
	  ->  Bitmap Heap Scan on sbtest3  (cost=22.59..3825.95 rows=991 width=121)
	        Recheck Cond: ((id >= 4260556) AND (id <= 4261555))
	        ->  Bitmap Index Scan on sbtest3_pkey  (cost=0.00..22.34 rows=991 width=0)
	              Index Cond: ((id >= 4260556) AND (id <= 4261555))

table 4 : explain SELECT c FROM sbtest4 WHERE id BETWEEN 9560860 AND 9561859 ORDER BY c
	Sort  (cost=3944.85..3947.37 rows=1009 width=121)
	  Sort Key: c
	  ->  Bitmap Heap Scan on sbtest4  (cost=22.78..3894.51 rows=1009 width=121)
	        Recheck Cond: ((id >= 9560860) AND (id <= 9561859))
	        ->  Bitmap Index Scan on sbtest4_pkey  (cost=0.00..22.52 rows=1009 width=0)
	              Index Cond: ((id >= 9560860) AND (id <= 9561859))

table 5 : explain SELECT c FROM sbtest5 WHERE id BETWEEN 3161996 AND 3162995 ORDER BY c
	Sort  (cost=3819.62..3822.06 rows=976 width=121)
	  Sort Key: c
	  ->  Bitmap Heap Scan on sbtest5  (cost=22.44..3771.16 rows=976 width=121)
	        Recheck Cond: ((id >= 3161996) AND (id <= 3162995))
	        ->  Bitmap Index Scan on sbtest5_pkey  (cost=0.00..22.19 rows=976 width=0)
	              Index Cond: ((id >= 3161996) AND (id <= 3162995))

table 6 : explain SELECT c FROM sbtest6 WHERE id BETWEEN 4724711 AND 4725710 ORDER BY c
	Sort  (cost=3715.56..3717.93 rows=949 width=121)
	  Sort Key: c
	  ->  Bitmap Heap Scan on sbtest6  (cost=22.16..3668.63 rows=949 width=121)
	        Recheck Cond: ((id >= 4724711) AND (id <= 4725710))
	        ->  Bitmap Index Scan on sbtest6_pkey  (cost=0.00..21.93 rows=949 width=0)
	              Index Cond: ((id >= 4724711) AND (id <= 4725710))

table 7 : explain SELECT c FROM sbtest7 WHERE id BETWEEN 1843295 AND 1844294 ORDER BY c
	Sort  (cost=3941.22..3943.74 rows=1008 width=121)
	  Sort Key: c
	  ->  Bitmap Heap Scan on sbtest7  (cost=22.77..3890.93 rows=1008 width=121)
	        Recheck Cond: ((id >= 1843295) AND (id <= 1844294))
	        ->  Bitmap Index Scan on sbtest7_pkey  (cost=0.00..22.51 rows=1008 width=0)
	              Index Cond: ((id >= 1843295) AND (id <= 1844294))

table 8 : explain SELECT c FROM sbtest8 WHERE id BETWEEN 5424647 AND 5425646 ORDER BY c
	Sort  (cost=3643.01..3645.33 rows=930 width=121)
	  Sort Key: c
	  ->  Bitmap Heap Scan on sbtest8  (cost=21.97..3597.15 rows=930 width=121)
	        Recheck Cond: ((id >= 5424647) AND (id <= 5425646))
	        ->  Bitmap Index Scan on sbtest8_pkey  (cost=0.00..21.73 rows=930 width=0)
	              Index Cond: ((id >= 5424647) AND (id <= 5425646))

explain: for point_selects :: explain SELECT c FROM sbtest%u WHERE id=%u
for: sum_ranges
table 1 : explain SELECT SUM(k) FROM sbtest1 WHERE id BETWEEN 2154640 AND 2155639
	Aggregate  (cost=3629.31..3629.32 rows=1 width=8)
	  ->  Bitmap Heap Scan on sbtest1  (cost=22.05..3626.96 rows=938 width=4)
	        Recheck Cond: ((id >= 2154640) AND (id <= 2155639))
	        ->  Bitmap Index Scan on sbtest1_pkey  (cost=0.00..21.82 rows=938 width=0)
	              Index Cond: ((id >= 2154640) AND (id <= 2155639))

table 2 : explain SELECT SUM(k) FROM sbtest2 WHERE id BETWEEN 9530603 AND 9531602
	Aggregate  (cost=3841.48..3841.49 rows=1 width=8)
	  ->  Bitmap Heap Scan on sbtest2  (cost=22.62..3839.00 rows=994 width=4)
	        Recheck Cond: ((id >= 9530603) AND (id <= 9531602))
	        ->  Bitmap Index Scan on sbtest2_pkey  (cost=0.00..22.37 rows=994 width=0)
	              Index Cond: ((id >= 9530603) AND (id <= 9531602))

table 3 : explain SELECT SUM(k) FROM sbtest3 WHERE id BETWEEN 3466516 AND 3467515
	Aggregate  (cost=3820.89..3820.90 rows=1 width=8)
	  ->  Bitmap Heap Scan on sbtest3  (cost=22.57..3818.42 rows=989 width=4)
	        Recheck Cond: ((id >= 3466516) AND (id <= 3467515))
	        ->  Bitmap Index Scan on sbtest3_pkey  (cost=0.00..22.32 rows=989 width=0)
	              Index Cond: ((id >= 3466516) AND (id <= 3467515))

table 4 : explain SELECT SUM(k) FROM sbtest4 WHERE id BETWEEN 5753674 AND 5754673
	Aggregate  (cost=3878.19..3878.20 rows=1 width=8)
	  ->  Bitmap Heap Scan on sbtest4  (cost=22.73..3875.68 rows=1004 width=4)
	        Recheck Cond: ((id >= 5753674) AND (id <= 5754673))
	        ->  Bitmap Index Scan on sbtest4_pkey  (cost=0.00..22.47 rows=1004 width=0)
	              Index Cond: ((id >= 5753674) AND (id <= 5754673))

table 5 : explain SELECT SUM(k) FROM sbtest5 WHERE id BETWEEN 1580220 AND 1581219
	Aggregate  (cost=3588.59..3588.60 rows=1 width=8)
	  ->  Bitmap Heap Scan on sbtest5  (cost=21.94..3586.27 rows=927 width=4)
	        Recheck Cond: ((id >= 1580220) AND (id <= 1581219))
	        ->  Bitmap Index Scan on sbtest5_pkey  (cost=0.00..21.70 rows=927 width=0)
	              Index Cond: ((id >= 1580220) AND (id <= 1581219))

table 6 : explain SELECT SUM(k) FROM sbtest6 WHERE id BETWEEN 4679538 AND 4680537
	Aggregate  (cost=3870.89..3870.90 rows=1 width=8)
	  ->  Bitmap Heap Scan on sbtest6  (cost=22.71..3868.38 rows=1002 width=4)
	        Recheck Cond: ((id >= 4679538) AND (id <= 4680537))
	        ->  Bitmap Index Scan on sbtest6_pkey  (cost=0.00..22.45 rows=1002 width=0)
	              Index Cond: ((id >= 4679538) AND (id <= 4680537))

table 7 : explain SELECT SUM(k) FROM sbtest7 WHERE id BETWEEN 766226 AND 767225
	Aggregate  (cost=3640.76..3640.77 rows=1 width=8)
	  ->  Bitmap Heap Scan on sbtest7  (cost=22.08..3638.41 rows=941 width=4)
	        Recheck Cond: ((id >= 766226) AND (id <= 767225))
	        ->  Bitmap Index Scan on sbtest7_pkey  (cost=0.00..21.84 rows=941 width=0)
	              Index Cond: ((id >= 766226) AND (id <= 767225))

table 8 : explain SELECT SUM(k) FROM sbtest8 WHERE id BETWEEN 5987147 AND 5988146
	Aggregate  (cost=3897.52..3897.53 rows=1 width=8)
	  ->  Bitmap Heap Scan on sbtest8  (cost=22.78..3894.99 rows=1009 width=4)
	        Recheck Cond: ((id >= 5987147) AND (id <= 5988146))
	        ->  Bitmap Index Scan on sbtest8_pkey  (cost=0.00..22.52 rows=1009 width=0)
	              Index Cond: ((id >= 5987147) AND (id <= 5988146))

for point_selects
table 1 : explain SELECT c FROM sbtest1 WHERE id=1829081
	Index Scan using sbtest1_pkey on sbtest1  (cost=0.43..8.45 rows=1 width=121)
	  Index Cond: (id = 1829081)

table 2 : explain SELECT c FROM sbtest2 WHERE id=5053186
	Index Scan using sbtest2_pkey on sbtest2  (cost=0.43..8.45 rows=1 width=121)
	  Index Cond: (id = 5053186)

table 3 : explain SELECT c FROM sbtest3 WHERE id=4807605
	Index Scan using sbtest3_pkey on sbtest3  (cost=0.43..8.45 rows=1 width=121)
	  Index Cond: (id = 4807605)

table 4 : explain SELECT c FROM sbtest4 WHERE id=5210888
	Index Scan using sbtest4_pkey on sbtest4  (cost=0.43..8.45 rows=1 width=121)
	  Index Cond: (id = 5210888)

table 5 : explain SELECT c FROM sbtest5 WHERE id=5906603
	Index Scan using sbtest5_pkey on sbtest5  (cost=0.43..8.45 rows=1 width=121)
	  Index Cond: (id = 5906603)

table 6 : explain SELECT c FROM sbtest6 WHERE id=7560405
	Index Scan using sbtest6_pkey on sbtest6  (cost=0.43..8.45 rows=1 width=121)
	  Index Cond: (id = 7560405)

table 7 : explain SELECT c FROM sbtest7 WHERE id=8292504
	Index Scan using sbtest7_pkey on sbtest7  (cost=0.43..8.45 rows=1 width=121)
	  Index Cond: (id = 8292504)

table 8 : explain SELECT c FROM sbtest8 WHERE id=6143519
	Index Scan using sbtest8_pkey on sbtest8  (cost=0.43..8.45 rows=1 width=121)
	  Index Cond: (id = 6143519)

for: sum_ranges
table 1 : explain SELECT SUM(k) FROM sbtest1 WHERE id BETWEEN 7783922 AND 7784921
	Aggregate  (cost=3534.86..3534.87 rows=1 width=8)
	  ->  Bitmap Heap Scan on sbtest1  (cost=21.79..3532.58 rows=913 width=4)
	        Recheck Cond: ((id >= 7783922) AND (id <= 7784921))
	        ->  Bitmap Index Scan on sbtest1_pkey  (cost=0.00..21.57 rows=913 width=0)
	              Index Cond: ((id >= 7783922) AND (id <= 7784921))

table 2 : explain SELECT SUM(k) FROM sbtest2 WHERE id BETWEEN 8633526 AND 8634525
	Aggregate  (cost=3845.25..3845.26 rows=1 width=8)
	  ->  Bitmap Heap Scan on sbtest2  (cost=22.63..3842.77 rows=995 width=4)
	        Recheck Cond: ((id >= 8633526) AND (id <= 8634525))
	        ->  Bitmap Index Scan on sbtest2_pkey  (cost=0.00..22.39 rows=995 width=0)
	              Index Cond: ((id >= 8633526) AND (id <= 8634525))

table 3 : explain SELECT SUM(k) FROM sbtest3 WHERE id BETWEEN 921354 AND 922353
	Aggregate  (cost=3734.19..3734.20 rows=1 width=8)
	  ->  Bitmap Heap Scan on sbtest3  (cost=22.34..3731.78 rows=966 width=4)
	        Recheck Cond: ((id >= 921354) AND (id <= 922353))
	        ->  Bitmap Index Scan on sbtest3_pkey  (cost=0.00..22.09 rows=966 width=0)
	              Index Cond: ((id >= 921354) AND (id <= 922353))

table 4 : explain SELECT SUM(k) FROM sbtest4 WHERE id BETWEEN 9511812 AND 9512811
	Aggregate  (cost=3897.03..3897.04 rows=1 width=8)
	  ->  Bitmap Heap Scan on sbtest4  (cost=22.78..3894.51 rows=1009 width=4)
	        Recheck Cond: ((id >= 9511812) AND (id <= 9512811))
	        ->  Bitmap Index Scan on sbtest4_pkey  (cost=0.00..22.52 rows=1009 width=0)
	              Index Cond: ((id >= 9511812) AND (id <= 9512811))

table 5 : explain SELECT SUM(k) FROM sbtest5 WHERE id BETWEEN 6097298 AND 6098297
	Aggregate  (cost=4018.77..4018.78 rows=1 width=8)
	  ->  Bitmap Heap Scan on sbtest5  (cost=27.09..4016.17 rows=1040 width=4)
	        Recheck Cond: ((id >= 6097298) AND (id <= 6098297))
	        ->  Bitmap Index Scan on sbtest5_pkey  (cost=0.00..26.83 rows=1040 width=0)
	              Index Cond: ((id >= 6097298) AND (id <= 6098297))

table 6 : explain SELECT SUM(k) FROM sbtest6 WHERE id BETWEEN 5302416 AND 5303415
	Aggregate  (cost=3776.65..3776.66 rows=1 width=8)
	  ->  Bitmap Heap Scan on sbtest6  (cost=22.45..3774.20 rows=977 width=4)
	        Recheck Cond: ((id >= 5302416) AND (id <= 5303415))
	        ->  Bitmap Index Scan on sbtest6_pkey  (cost=0.00..22.20 rows=977 width=0)
	              Index Cond: ((id >= 5302416) AND (id <= 5303415))

table 7 : explain SELECT SUM(k) FROM sbtest7 WHERE id BETWEEN 5753562 AND 5754561
	Aggregate  (cost=4017.70..4017.71 rows=1 width=8)
	  ->  Bitmap Heap Scan on sbtest7  (cost=23.11..4015.10 rows=1041 width=4)
	        Recheck Cond: ((id >= 5753562) AND (id <= 5754561))
	        ->  Bitmap Index Scan on sbtest7_pkey  (cost=0.00..22.84 rows=1041 width=0)
	              Index Cond: ((id >= 5753562) AND (id <= 5754561))

table 8 : explain SELECT SUM(k) FROM sbtest8 WHERE id BETWEEN 4875249 AND 4876248
	Aggregate  (cost=3822.14..3822.15 rows=1 width=8)
	  ->  Bitmap Heap Scan on sbtest8  (cost=22.57..3819.67 rows=989 width=4)
	        Recheck Cond: ((id >= 4875249) AND (id <= 4876248))
	        ->  Bitmap Index Scan on sbtest8_pkey  (cost=0.00..22.32 rows=989 width=0)
	              Index Cond: ((id >= 4875249) AND (id <= 4876248))

for: sum_ranges
table 1 : explain SELECT SUM(k) FROM sbtest1 WHERE id BETWEEN 6981925 AND 6982924
	Aggregate  (cost=3923.44..3923.45 rows=1 width=8)
	  ->  Bitmap Heap Scan on sbtest1  (cost=22.85..3920.90 rows=1016 width=4)
	        Recheck Cond: ((id >= 6981925) AND (id <= 6982924))
	        ->  Bitmap Index Scan on sbtest1_pkey  (cost=0.00..22.59 rows=1016 width=0)
	              Index Cond: ((id >= 6981925) AND (id <= 6982924))

table 2 : explain SELECT SUM(k) FROM sbtest2 WHERE id BETWEEN 1848383 AND 1849382
	Aggregate  (cost=4052.41..4052.42 rows=1 width=8)
	  ->  Bitmap Heap Scan on sbtest2  (cost=23.20..4049.78 rows=1050 width=4)
	        Recheck Cond: ((id >= 1848383) AND (id <= 1849382))
	        ->  Bitmap Index Scan on sbtest2_pkey  (cost=0.00..22.93 rows=1050 width=0)
	              Index Cond: ((id >= 1848383) AND (id <= 1849382))

table 3 : explain SELECT SUM(k) FROM sbtest3 WHERE id BETWEEN 4297825 AND 4298824
	Aggregate  (cost=3828.43..3828.44 rows=1 width=8)
	  ->  Bitmap Heap Scan on sbtest3  (cost=22.59..3825.95 rows=991 width=4)
	        Recheck Cond: ((id >= 4297825) AND (id <= 4298824))
	        ->  Bitmap Index Scan on sbtest3_pkey  (cost=0.00..22.34 rows=991 width=0)
	              Index Cond: ((id >= 4297825) AND (id <= 4298824))

table 4 : explain SELECT SUM(k) FROM sbtest4 WHERE id BETWEEN 6599258 AND 6600257
	Aggregate  (cost=4160.39..4160.40 rows=1 width=8)
	  ->  Bitmap Heap Scan on sbtest4  (cost=23.49..4157.69 rows=1079 width=4)
	        Recheck Cond: ((id >= 6599258) AND (id <= 6600257))
	        ->  Bitmap Index Scan on sbtest4_pkey  (cost=0.00..23.22 rows=1079 width=0)
	              Index Cond: ((id >= 6599258) AND (id <= 6600257))

table 5 : explain SELECT SUM(k) FROM sbtest5 WHERE id BETWEEN 2150701 AND 2151700
	Aggregate  (cost=4312.03..4312.04 rows=1 width=8)
	  ->  Bitmap Heap Scan on sbtest5  (cost=27.90..4309.23 rows=1119 width=4)
	        Recheck Cond: ((id >= 2150701) AND (id <= 2151700))
	        ->  Bitmap Index Scan on sbtest5_pkey  (cost=0.00..27.62 rows=1119 width=0)
	              Index Cond: ((id >= 2150701) AND (id <= 2151700))

table 6 : explain SELECT SUM(k) FROM sbtest6 WHERE id BETWEEN 8748150 AND 8749149
	Aggregate  (cost=3980.10..3980.11 rows=1 width=8)
	  ->  Bitmap Heap Scan on sbtest6  (cost=23.00..3977.53 rows=1031 width=4)
	        Recheck Cond: ((id >= 8748150) AND (id <= 8749149))
	        ->  Bitmap Index Scan on sbtest6_pkey  (cost=0.00..22.75 rows=1031 width=0)
	              Index Cond: ((id >= 8748150) AND (id <= 8749149))

table 7 : explain SELECT SUM(k) FROM sbtest7 WHERE id BETWEEN 6556756 AND 6557755
	Aggregate  (cost=4111.73..4111.74 rows=1 width=8)
	  ->  Bitmap Heap Scan on sbtest7  (cost=23.36..4109.07 rows=1066 width=4)
	        Recheck Cond: ((id >= 6556756) AND (id <= 6557755))
	        ->  Bitmap Index Scan on sbtest7_pkey  (cost=0.00..23.09 rows=1066 width=0)
	              Index Cond: ((id >= 6556756) AND (id <= 6557755))

table 8 : explain SELECT SUM(k) FROM sbtest8 WHERE id BETWEEN 141085 AND 142084
	Aggregate  (cost=3905.05..3905.06 rows=1 width=8)
	  ->  Bitmap Heap Scan on sbtest8  (cost=22.80..3902.52 rows=1011 width=4)
	        Recheck Cond: ((id >= 141085) AND (id <= 142084))
	        ->  Bitmap Index Scan on sbtest8_pkey  (cost=0.00..22.54 rows=1011 width=0)
	              Index Cond: ((id >= 141085) AND (id <= 142084))

explain: for point_selects :: explain SELECT c FROM sbtest%u WHERE id=%u
for: simple_ranges
table 1 : explain SELECT c FROM sbtest1 WHERE id BETWEEN 1067603 AND 1068602
	Bitmap Heap Scan on sbtest1  (cost=23.32..4093.88 rows=1062 width=121)
	  Recheck Cond: ((id >= 1067603) AND (id <= 1068602))
	  ->  Bitmap Index Scan on sbtest1_pkey  (cost=0.00..23.05 rows=1062 width=0)
	        Index Cond: ((id >= 1067603) AND (id <= 1068602))

table 2 : explain SELECT c FROM sbtest2 WHERE id BETWEEN 2180502 AND 2181501
	Bitmap Heap Scan on sbtest2  (cost=22.93..3951.97 rows=1024 width=121)
	  Recheck Cond: ((id >= 2180502) AND (id <= 2181501))
	  ->  Bitmap Index Scan on sbtest2_pkey  (cost=0.00..22.68 rows=1024 width=0)
	        Index Cond: ((id >= 2180502) AND (id <= 2181501))

table 3 : explain SELECT c FROM sbtest3 WHERE id BETWEEN 9165312 AND 9166311
	Bitmap Heap Scan on sbtest3  (cost=21.55..3441.19 rows=889 width=121)
	  Recheck Cond: ((id >= 9165312) AND (id <= 9166311))
	  ->  Bitmap Index Scan on sbtest3_pkey  (cost=0.00..21.32 rows=889 width=0)
	        Index Cond: ((id >= 9165312) AND (id <= 9166311))

table 4 : explain SELECT c FROM sbtest4 WHERE id BETWEEN 7022471 AND 7023470
	Bitmap Heap Scan on sbtest4  (cost=22.35..3736.29 rows=967 width=121)
	  Recheck Cond: ((id >= 7022471) AND (id <= 7023470))
	  ->  Bitmap Index Scan on sbtest4_pkey  (cost=0.00..22.11 rows=967 width=0)
	        Index Cond: ((id >= 7022471) AND (id <= 7023470))

table 5 : explain SELECT c FROM sbtest5 WHERE id BETWEEN 7111960 AND 7112959
	Bitmap Heap Scan on sbtest5  (cost=21.36..3374.57 rows=871 width=121)
	  Recheck Cond: ((id >= 7111960) AND (id <= 7112959))
	  ->  Bitmap Index Scan on sbtest5_pkey  (cost=0.00..21.14 rows=871 width=0)
	        Index Cond: ((id >= 7111960) AND (id <= 7112959))

table 6 : explain SELECT c FROM sbtest6 WHERE id BETWEEN 9913195 AND 9914194
	Bitmap Heap Scan on sbtest6  (cost=22.48..3785.51 rows=980 width=121)
	  Recheck Cond: ((id >= 9913195) AND (id <= 9914194))
	  ->  Bitmap Index Scan on sbtest6_pkey  (cost=0.00..22.23 rows=980 width=0)
	        Index Cond: ((id >= 9913195) AND (id <= 9914194))

table 7 : explain SELECT c FROM sbtest7 WHERE id BETWEEN 8286165 AND 8287164
	Bitmap Heap Scan on sbtest7  (cost=23.43..4135.36 rows=1073 width=121)
	  Recheck Cond: ((id >= 8286165) AND (id <= 8287164))
	  ->  Bitmap Index Scan on sbtest7_pkey  (cost=0.00..23.16 rows=1073 width=0)
	        Index Cond: ((id >= 8286165) AND (id <= 8287164))

table 8 : explain SELECT c FROM sbtest8 WHERE id BETWEEN 9310199 AND 9311198
	Bitmap Heap Scan on sbtest8  (cost=22.46..3778.22 rows=978 width=121)
	  Recheck Cond: ((id >= 9310199) AND (id <= 9311198))
	  ->  Bitmap Index Scan on sbtest8_pkey  (cost=0.00..22.21 rows=978 width=0)
	        Index Cond: ((id >= 9310199) AND (id <= 9311198))

for: order_ranges
table 1 : explain SELECT c FROM sbtest1 WHERE id BETWEEN 9468886 AND 9469885 ORDER BY c
	Sort  (cost=4185.41..4188.09 rows=1072 width=121)
	  Sort Key: c
	  ->  Bitmap Heap Scan on sbtest1  (cost=23.42..4131.45 rows=1072 width=121)
	        Recheck Cond: ((id >= 9468886) AND (id <= 9469885))
	        ->  Bitmap Index Scan on sbtest1_pkey  (cost=0.00..23.15 rows=1072 width=0)
	              Index Cond: ((id >= 9468886) AND (id <= 9469885))

table 2 : explain SELECT c FROM sbtest2 WHERE id BETWEEN 5786865 AND 5787864 ORDER BY c
	Sort  (cost=4018.45..4021.02 rows=1028 width=121)
	  Sort Key: c
	  ->  Bitmap Heap Scan on sbtest2  (cost=22.97..3967.02 rows=1028 width=121)
	        Recheck Cond: ((id >= 5786865) AND (id <= 5787864))
	        ->  Bitmap Index Scan on sbtest2_pkey  (cost=0.00..22.71 rows=1028 width=0)
	              Index Cond: ((id >= 5786865) AND (id <= 5787864))

table 3 : explain SELECT c FROM sbtest3 WHERE id BETWEEN 9586392 AND 9587391 ORDER BY c
	Sort  (cost=3561.41..3563.68 rows=909 width=121)
	  Sort Key: c
	  ->  Bitmap Heap Scan on sbtest3  (cost=21.75..3516.74 rows=909 width=121)
	        Recheck Cond: ((id >= 9586392) AND (id <= 9587391))
	        ->  Bitmap Index Scan on sbtest3_pkey  (cost=0.00..21.52 rows=909 width=0)
	              Index Cond: ((id >= 9586392) AND (id <= 9587391))

table 4 : explain SELECT c FROM sbtest4 WHERE id BETWEEN 3475785 AND 3476784 ORDER BY c
	Sort  (cost=3546.76..3549.02 rows=905 width=121)
	  Sort Key: c
	  ->  Bitmap Heap Scan on sbtest4  (cost=21.71..3502.31 rows=905 width=121)
	        Recheck Cond: ((id >= 3475785) AND (id <= 3476784))
	        ->  Bitmap Index Scan on sbtest4_pkey  (cost=0.00..21.48 rows=905 width=0)
	              Index Cond: ((id >= 3475785) AND (id <= 3476784))

table 5 : explain SELECT c FROM sbtest5 WHERE id BETWEEN 3031287 AND 3032286 ORDER BY c
	Sort  (cost=4266.72..4269.45 rows=1092 width=121)
	  Sort Key: c
	  ->  Bitmap Heap Scan on sbtest5  (cost=27.63..4211.61 rows=1092 width=121)
	        Recheck Cond: ((id >= 3031287) AND (id <= 3032286))
	        ->  Bitmap Index Scan on sbtest5_pkey  (cost=0.00..27.36 rows=1092 width=0)
	              Index Cond: ((id >= 3031287) AND (id <= 3032286))

table 6 : explain SELECT c FROM sbtest6 WHERE id BETWEEN 6362931 AND 6363930 ORDER BY c
	Sort  (cost=3983.29..3985.84 rows=1019 width=121)
	  Sort Key: c
	  ->  Bitmap Heap Scan on sbtest6  (cost=22.88..3932.38 rows=1019 width=121)
	        Recheck Cond: ((id >= 6362931) AND (id <= 6363930))
	        ->  Bitmap Index Scan on sbtest6_pkey  (cost=0.00..22.62 rows=1019 width=0)
	              Index Cond: ((id >= 6362931) AND (id <= 6363930))

table 7 : explain SELECT c FROM sbtest7 WHERE id BETWEEN 9855657 AND 9856656 ORDER BY c
	Sort  (cost=3558.42..3560.69 rows=908 width=121)
	  Sort Key: c
	  ->  Bitmap Heap Scan on sbtest7  (cost=21.74..3513.81 rows=908 width=121)
	        Recheck Cond: ((id >= 9855657) AND (id <= 9856656))
	        ->  Bitmap Index Scan on sbtest7_pkey  (cost=0.00..21.51 rows=908 width=0)
	              Index Cond: ((id >= 9855657) AND (id <= 9856656))

table 8 : explain SELECT c FROM sbtest8 WHERE id BETWEEN 9054952 AND 9055951 ORDER BY c
	Sort  (cost=3960.62..3963.16 rows=1013 width=121)
	  Sort Key: c
	  ->  Bitmap Heap Scan on sbtest8  (cost=22.82..3910.05 rows=1013 width=121)
	        Recheck Cond: ((id >= 9054952) AND (id <= 9055951))
	        ->  Bitmap Index Scan on sbtest8_pkey  (cost=0.00..22.57 rows=1013 width=0)
	              Index Cond: ((id >= 9054952) AND (id <= 9055951))

for: order_ranges
table 1 : explain SELECT c FROM sbtest1 WHERE id BETWEEN 3883900 AND 3884899 ORDER BY c
	Sort  (cost=3952.54..3955.07 rows=1011 width=121)
	  Sort Key: c
	  ->  Bitmap Heap Scan on sbtest1  (cost=22.80..3902.08 rows=1011 width=121)
	        Recheck Cond: ((id >= 3883900) AND (id <= 3884899))
	        ->  Bitmap Index Scan on sbtest1_pkey  (cost=0.00..22.54 rows=1011 width=0)
	              Index Cond: ((id >= 3883900) AND (id <= 3884899))

table 2 : explain SELECT c FROM sbtest2 WHERE id BETWEEN 846962 AND 847961 ORDER BY c
	Sort  (cost=3991.71..3994.26 rows=1021 width=121)
	  Sort Key: c
	  ->  Bitmap Heap Scan on sbtest2  (cost=22.90..3940.68 rows=1021 width=121)
	        Recheck Cond: ((id >= 846962) AND (id <= 847961))
	        ->  Bitmap Index Scan on sbtest2_pkey  (cost=0.00..22.64 rows=1021 width=0)
	              Index Cond: ((id >= 846962) AND (id <= 847961))

table 3 : explain SELECT c FROM sbtest3 WHERE id BETWEEN 5581360 AND 5582359 ORDER BY c
	Sort  (cost=3718.45..3720.82 rows=950 width=121)
	  Sort Key: c
	  ->  Bitmap Heap Scan on sbtest3  (cost=22.17..3671.46 rows=950 width=121)
	        Recheck Cond: ((id >= 5581360) AND (id <= 5582359))
	        ->  Bitmap Index Scan on sbtest3_pkey  (cost=0.00..21.93 rows=950 width=0)
	              Index Cond: ((id >= 5581360) AND (id <= 5582359))

table 4 : explain SELECT c FROM sbtest4 WHERE id BETWEEN 1047900 AND 1048899 ORDER BY c
	Sort  (cost=4009.80..4012.36 rows=1026 width=121)
	  Sort Key: c
	  ->  Bitmap Heap Scan on sbtest4  (cost=22.95..3958.48 rows=1026 width=121)
	        Recheck Cond: ((id >= 1047900) AND (id <= 1048899))
	        ->  Bitmap Index Scan on sbtest4_pkey  (cost=0.00..22.69 rows=1026 width=0)
	              Index Cond: ((id >= 1047900) AND (id <= 1048899))

table 5 : explain SELECT c FROM sbtest5 WHERE id BETWEEN 5895618 AND 5896617 ORDER BY c
	Sort  (cost=3739.23..3741.61 rows=955 width=121)
	  Sort Key: c
	  ->  Bitmap Heap Scan on sbtest5  (cost=22.22..3691.96 rows=955 width=121)
	        Recheck Cond: ((id >= 5895618) AND (id <= 5896617))
	        ->  Bitmap Index Scan on sbtest5_pkey  (cost=0.00..21.98 rows=955 width=0)
	              Index Cond: ((id >= 5895618) AND (id <= 5896617))

table 6 : explain SELECT c FROM sbtest6 WHERE id BETWEEN 2066127 AND 2067126 ORDER BY c
	Sort  (cost=3715.56..3717.93 rows=949 width=121)
	  Sort Key: c
	  ->  Bitmap Heap Scan on sbtest6  (cost=22.16..3668.63 rows=949 width=121)
	        Recheck Cond: ((id >= 2066127) AND (id <= 2067126))
	        ->  Bitmap Index Scan on sbtest6_pkey  (cost=0.00..21.93 rows=949 width=0)
	              Index Cond: ((id >= 2066127) AND (id <= 2067126))

table 7 : explain SELECT c FROM sbtest7 WHERE id BETWEEN 6032832 AND 6033831 ORDER BY c
	Sort  (cost=3952.68..3955.21 rows=1011 width=121)
	  Sort Key: c
	  ->  Bitmap Heap Scan on sbtest7  (cost=22.80..3902.23 rows=1011 width=121)
	        Recheck Cond: ((id >= 6032832) AND (id <= 6033831))
	        ->  Bitmap Index Scan on sbtest7_pkey  (cost=0.00..22.54 rows=1011 width=0)
	              Index Cond: ((id >= 6032832) AND (id <= 6033831))

table 8 : explain SELECT c FROM sbtest8 WHERE id BETWEEN 6937622 AND 6938621 ORDER BY c
	Sort  (cost=4059.94..4062.54 rows=1039 width=121)
	  Sort Key: c
	  ->  Bitmap Heap Scan on sbtest8  (cost=23.08..4007.89 rows=1039 width=121)
	        Recheck Cond: ((id >= 6937622) AND (id <= 6938621))
	        ->  Bitmap Index Scan on sbtest8_pkey  (cost=0.00..22.82 rows=1039 width=0)
	              Index Cond: ((id >= 6937622) AND (id <= 6938621))

for: distinct_ranges
table 1 : explain SELECT DISTINCT c FROM sbtest1 WHERE id BETWEEN 7767203 AND 7768202 ORDER BY c
	Unique  (cost=3577.47..3582.04 rows=913 width=121)
	  ->  Sort  (cost=3577.47..3579.75 rows=913 width=121)
	        Sort Key: c
	        ->  Bitmap Heap Scan on sbtest1  (cost=21.79..3532.58 rows=913 width=121)
	              Recheck Cond: ((id >= 7767203) AND (id <= 7768202))
	              ->  Bitmap Index Scan on sbtest1_pkey  (cost=0.00..21.57 rows=913 width=0)
	                    Index Cond: ((id >= 7767203) AND (id <= 7768202))

table 2 : explain SELECT DISTINCT c FROM sbtest2 WHERE id BETWEEN 7049388 AND 7050387 ORDER BY c
	Unique  (cost=3854.06..3858.98 rows=985 width=121)
	  ->  Sort  (cost=3854.06..3856.52 rows=985 width=121)
	        Sort Key: c
	        ->  Bitmap Heap Scan on sbtest2  (cost=22.53..3805.08 rows=985 width=121)
	              Recheck Cond: ((id >= 7049388) AND (id <= 7050387))
	              ->  Bitmap Index Scan on sbtest2_pkey  (cost=0.00..22.29 rows=985 width=0)
	                    Index Cond: ((id >= 7049388) AND (id <= 7050387))

table 3 : explain SELECT DISTINCT c FROM sbtest3 WHERE id BETWEEN 6141301 AND 6142300 ORDER BY c
	Unique  (cost=3703.13..3707.86 rows=946 width=121)
	  ->  Sort  (cost=3703.13..3705.50 rows=946 width=121)
	        Sort Key: c
	        ->  Bitmap Heap Scan on sbtest3  (cost=22.13..3656.38 rows=946 width=121)
	              Recheck Cond: ((id >= 6141301) AND (id <= 6142300))
	              ->  Bitmap Index Scan on sbtest3_pkey  (cost=0.00..21.89 rows=946 width=0)
	                    Index Cond: ((id >= 6141301) AND (id <= 6142300))

table 4 : explain SELECT DISTINCT c FROM sbtest4 WHERE id BETWEEN 7245566 AND 7246565 ORDER BY c
	Unique  (cost=3876.05..3881.00 rows=991 width=121)
	  ->  Sort  (cost=3876.05..3878.52 rows=991 width=121)
	        Sort Key: c
	        ->  Bitmap Heap Scan on sbtest4  (cost=22.59..3826.73 rows=991 width=121)
	              Recheck Cond: ((id >= 7245566) AND (id <= 7246565))
	              ->  Bitmap Index Scan on sbtest4_pkey  (cost=0.00..22.34 rows=991 width=0)
	                    Index Cond: ((id >= 7245566) AND (id <= 7246565))

table 5 : explain SELECT DISTINCT c FROM sbtest5 WHERE id BETWEEN 5761246 AND 5762245 ORDER BY c
	Unique  (cost=3961.31..3966.37 rows=1012 width=121)
	  ->  Sort  (cost=3961.31..3963.84 rows=1012 width=121)
	        Sort Key: c
	        ->  Bitmap Heap Scan on sbtest5  (cost=26.81..3910.79 rows=1012 width=121)
	              Recheck Cond: ((id >= 5761246) AND (id <= 5762245))
	              ->  Bitmap Index Scan on sbtest5_pkey  (cost=0.00..26.55 rows=1012 width=0)
	                    Index Cond: ((id >= 5761246) AND (id <= 5762245))

table 6 : explain SELECT DISTINCT c FROM sbtest6 WHERE id BETWEEN 7184308 AND 7185307 ORDER BY c
	Unique  (cost=4002.39..4007.51 rows=1024 width=121)
	  ->  Sort  (cost=4002.39..4004.95 rows=1024 width=121)
	        Sort Key: c
	        ->  Bitmap Heap Scan on sbtest6  (cost=22.93..3951.19 rows=1024 width=121)
	              Recheck Cond: ((id >= 7184308) AND (id <= 7185307))
	              ->  Bitmap Index Scan on sbtest6_pkey  (cost=0.00..22.68 rows=1024 width=0)
	                    Index Cond: ((id >= 7184308) AND (id <= 7185307))

table 7 : explain SELECT DISTINCT c FROM sbtest7 WHERE id BETWEEN 329025 AND 330024 ORDER BY c
	Unique  (cost=3550.75..3555.28 rows=906 width=121)
	  ->  Sort  (cost=3550.75..3553.02 rows=906 width=121)
	        Sort Key: c
	        ->  Bitmap Heap Scan on sbtest7  (cost=21.72..3506.25 rows=906 width=121)
	              Recheck Cond: ((id >= 329025) AND (id <= 330024))
	              ->  Bitmap Index Scan on sbtest7_pkey  (cost=0.00..21.50 rows=906 width=0)
	                    Index Cond: ((id >= 329025) AND (id <= 330024))

table 8 : explain SELECT DISTINCT c FROM sbtest8 WHERE id BETWEEN 4024444 AND 4025443 ORDER BY c
	Unique  (cost=4235.65..4241.07 rows=1084 width=121)
	  ->  Sort  (cost=4235.65..4238.36 rows=1084 width=121)
	        Sort Key: c
	        ->  Bitmap Heap Scan on sbtest8  (cost=27.55..4181.01 rows=1084 width=121)
	              Recheck Cond: ((id >= 4024444) AND (id <= 4025443))
	              ->  Bitmap Index Scan on sbtest8_pkey  (cost=0.00..27.27 rows=1084 width=0)
	                    Index Cond: ((id >= 4024444) AND (id <= 4025443))

for: distinct_ranges
table 1 : explain SELECT DISTINCT c FROM sbtest1 WHERE id BETWEEN 4810618 AND 4811617 ORDER BY c
	Unique  (cost=3876.09..3881.05 rows=991 width=121)
	  ->  Sort  (cost=3876.09..3878.57 rows=991 width=121)
	        Sort Key: c
	        ->  Bitmap Heap Scan on sbtest1  (cost=22.59..3826.78 rows=991 width=121)
	              Recheck Cond: ((id >= 4810618) AND (id <= 4811617))
	              ->  Bitmap Index Scan on sbtest1_pkey  (cost=0.00..22.34 rows=991 width=0)
	                    Index Cond: ((id >= 4810618) AND (id <= 4811617))

table 2 : explain SELECT DISTINCT c FROM sbtest2 WHERE id BETWEEN 4399416 AND 4400415 ORDER BY c
	Unique  (cost=3639.62..3644.27 rows=929 width=121)
	  ->  Sort  (cost=3639.62..3641.94 rows=929 width=121)
	        Sort Key: c
	        ->  Bitmap Heap Scan on sbtest2  (cost=21.96..3593.82 rows=929 width=121)
	              Recheck Cond: ((id >= 4399416) AND (id <= 4400415))
	              ->  Bitmap Index Scan on sbtest2_pkey  (cost=0.00..21.72 rows=929 width=0)
	                    Index Cond: ((id >= 4399416) AND (id <= 4400415))

table 3 : explain SELECT DISTINCT c FROM sbtest3 WHERE id BETWEEN 5917649 AND 5918648 ORDER BY c
	Unique  (cost=3768.19..3773.01 rows=963 width=121)
	  ->  Sort  (cost=3768.19..3770.60 rows=963 width=121)
	        Sort Key: c
	        ->  Bitmap Heap Scan on sbtest3  (cost=22.31..3720.47 rows=963 width=121)
	              Recheck Cond: ((id >= 5917649) AND (id <= 5918648))
	              ->  Bitmap Index Scan on sbtest3_pkey  (cost=0.00..22.07 rows=963 width=0)
	                    Index Cond: ((id >= 5917649) AND (id <= 5918648))

table 4 : explain SELECT DISTINCT c FROM sbtest4 WHERE id BETWEEN 5978666 AND 5979665 ORDER BY c
	Unique  (cost=3918.10..3923.11 rows=1002 width=121)
	  ->  Sort  (cost=3918.10..3920.60 rows=1002 width=121)
	        Sort Key: c
	        ->  Bitmap Heap Scan on sbtest4  (cost=22.71..3868.15 rows=1002 width=121)
	              Recheck Cond: ((id >= 5978666) AND (id <= 5979665))
	              ->  Bitmap Index Scan on sbtest4_pkey  (cost=0.00..22.45 rows=1002 width=0)
	                    Index Cond: ((id >= 5978666) AND (id <= 5979665))

table 5 : explain SELECT DISTINCT c FROM sbtest5 WHERE id BETWEEN 5032176 AND 5033175 ORDER BY c
	Unique  (cost=3923.07..3928.08 rows=1002 width=121)
	  ->  Sort  (cost=3923.07..3925.58 rows=1002 width=121)
	        Sort Key: c
	        ->  Bitmap Heap Scan on sbtest5  (cost=26.71..3873.13 rows=1002 width=121)
	              Recheck Cond: ((id >= 5032176) AND (id <= 5033175))
	              ->  Bitmap Index Scan on sbtest5_pkey  (cost=0.00..26.45 rows=1002 width=0)
	                    Index Cond: ((id >= 5032176) AND (id <= 5033175))

table 6 : explain SELECT DISTINCT c FROM sbtest6 WHERE id BETWEEN 3681376 AND 3682375 ORDER BY c
	Unique  (cost=4097.85..4103.09 rows=1049 width=121)
	  ->  Sort  (cost=4097.85..4100.47 rows=1049 width=121)
	        Sort Key: c
	        ->  Bitmap Heap Scan on sbtest6  (cost=23.19..4045.22 rows=1049 width=121)
	              Recheck Cond: ((id >= 3681376) AND (id <= 3682375))
	              ->  Bitmap Index Scan on sbtest6_pkey  (cost=0.00..22.93 rows=1049 width=0)
	                    Index Cond: ((id >= 3681376) AND (id <= 3682375))

table 7 : explain SELECT DISTINCT c FROM sbtest7 WHERE id BETWEEN 2999451 AND 3000450 ORDER BY c
	Unique  (cost=4048.18..4053.36 rows=1036 width=121)
	  ->  Sort  (cost=4048.18..4050.77 rows=1036 width=121)
	        Sort Key: c
	        ->  Bitmap Heap Scan on sbtest7  (cost=23.05..3996.29 rows=1036 width=121)
	              Recheck Cond: ((id >= 2999451) AND (id <= 3000450))
	              ->  Bitmap Index Scan on sbtest7_pkey  (cost=0.00..22.79 rows=1036 width=0)
	                    Index Cond: ((id >= 2999451) AND (id <= 3000450))

table 8 : explain SELECT DISTINCT c FROM sbtest8 WHERE id BETWEEN 9647899 AND 9648898 ORDER BY c
	Unique  (cost=3865.05..3869.99 rows=988 width=121)
	  ->  Sort  (cost=3865.05..3867.52 rows=988 width=121)
	        Sort Key: c
	        ->  Bitmap Heap Scan on sbtest8  (cost=22.56..3815.90 rows=988 width=121)
	              Recheck Cond: ((id >= 9647899) AND (id <= 9648898))
	              ->  Bitmap Index Scan on sbtest8_pkey  (cost=0.00..22.32 rows=988 width=0)
	                    Index Cond: ((id >= 9647899) AND (id <= 9648898))

for: order_ranges
table 1 : explain SELECT c FROM sbtest1 WHERE id BETWEEN 7948118 AND 7949117 ORDER BY c
	Sort  (cost=3967.82..3970.36 rows=1015 width=121)
	  Sort Key: c
	  ->  Bitmap Heap Scan on sbtest1  (cost=22.84..3917.14 rows=1015 width=121)
	        Recheck Cond: ((id >= 7948118) AND (id <= 7949117))
	        ->  Bitmap Index Scan on sbtest1_pkey  (cost=0.00..22.58 rows=1015 width=0)
	              Index Cond: ((id >= 7948118) AND (id <= 7949117))

table 2 : explain SELECT c FROM sbtest2 WHERE id BETWEEN 5783399 AND 5784398 ORDER BY c
	Sort  (cost=4018.45..4021.02 rows=1028 width=121)
	  Sort Key: c
	  ->  Bitmap Heap Scan on sbtest2  (cost=22.97..3967.02 rows=1028 width=121)
	        Recheck Cond: ((id >= 5783399) AND (id <= 5784398))
	        ->  Bitmap Index Scan on sbtest2_pkey  (cost=0.00..22.71 rows=1028 width=0)
	              Index Cond: ((id >= 5783399) AND (id <= 5784398))

table 3 : explain SELECT c FROM sbtest3 WHERE id BETWEEN 5952231 AND 5953230 ORDER BY c
	Sort  (cost=3794.97..3797.40 rows=970 width=121)
	  Sort Key: c
	  ->  Bitmap Heap Scan on sbtest3  (cost=22.38..3746.85 rows=970 width=121)
	        Recheck Cond: ((id >= 5952231) AND (id <= 5953230))
	        ->  Bitmap Index Scan on sbtest3_pkey  (cost=0.00..22.14 rows=970 width=0)
	              Index Cond: ((id >= 5952231) AND (id <= 5953230))

table 4 : explain SELECT c FROM sbtest4 WHERE id BETWEEN 1444979 AND 1445978 ORDER BY c
	Sort  (cost=3791.90..3794.32 rows=969 width=121)
	  Sort Key: c
	  ->  Bitmap Heap Scan on sbtest4  (cost=22.37..3743.83 rows=969 width=121)
	        Recheck Cond: ((id >= 1444979) AND (id <= 1445978))
	        ->  Bitmap Index Scan on sbtest4_pkey  (cost=0.00..22.12 rows=969 width=0)
	              Index Cond: ((id >= 1444979) AND (id <= 1445978))

table 5 : explain SELECT c FROM sbtest5 WHERE id BETWEEN 6273773 AND 6274772 ORDER BY c
	Sort  (cost=3670.28..3672.62 rows=937 width=121)
	  Sort Key: c
	  ->  Bitmap Heap Scan on sbtest5  (cost=22.04..3624.03 rows=937 width=121)
	        Recheck Cond: ((id >= 6273773) AND (id <= 6274772))
	        ->  Bitmap Index Scan on sbtest5_pkey  (cost=0.00..21.80 rows=937 width=0)
	              Index Cond: ((id >= 6273773) AND (id <= 6274772))

table 6 : explain SELECT c FROM sbtest6 WHERE id BETWEEN 9852978 AND 9853977 ORDER BY c
	Sort  (cost=3853.32..3855.79 rows=985 width=121)
	  Sort Key: c
	  ->  Bitmap Heap Scan on sbtest6  (cost=22.53..3804.35 rows=985 width=121)
	        Recheck Cond: ((id >= 9852978) AND (id <= 9853977))
	        ->  Bitmap Index Scan on sbtest6_pkey  (cost=0.00..22.29 rows=985 width=0)
	              Index Cond: ((id >= 9852978) AND (id <= 9853977))

table 7 : explain SELECT c FROM sbtest7 WHERE id BETWEEN 9250741 AND 9251740 ORDER BY c
	Sort  (cost=3692.54..3694.90 rows=943 width=121)
	  Sort Key: c
	  ->  Bitmap Heap Scan on sbtest7  (cost=22.10..3645.95 rows=943 width=121)
	        Recheck Cond: ((id >= 9250741) AND (id <= 9251740))
	        ->  Bitmap Index Scan on sbtest7_pkey  (cost=0.00..21.86 rows=943 width=0)
	              Index Cond: ((id >= 9250741) AND (id <= 9251740))

table 8 : explain SELECT c FROM sbtest8 WHERE id BETWEEN 4749338 AND 4750337 ORDER BY c
	Sort  (cost=3968.27..3970.80 rows=1015 width=121)
	  Sort Key: c
	  ->  Bitmap Heap Scan on sbtest8  (cost=22.84..3917.58 rows=1015 width=121)
	        Recheck Cond: ((id >= 4749338) AND (id <= 4750337))
	        ->  Bitmap Index Scan on sbtest8_pkey  (cost=0.00..22.58 rows=1015 width=0)
	              Index Cond: ((id >= 4749338) AND (id <= 4750337))

explain: for point_selects :: explain SELECT c FROM sbtest%u WHERE id=%u
for: distinct_ranges
table 1 : explain SELECT DISTINCT c FROM sbtest1 WHERE id BETWEEN 2424863 AND 2425862 ORDER BY c
	Unique  (cost=3872.27..3877.22 rows=990 width=121)
	  ->  Sort  (cost=3872.27..3874.74 rows=990 width=121)
	        Sort Key: c
	        ->  Bitmap Heap Scan on sbtest1  (cost=22.58..3823.01 rows=990 width=121)
	              Recheck Cond: ((id >= 2424863) AND (id <= 2425862))
	              ->  Bitmap Index Scan on sbtest1_pkey  (cost=0.00..22.33 rows=990 width=0)
	                    Index Cond: ((id >= 2424863) AND (id <= 2425862))

table 2 : explain SELECT DISTINCT c FROM sbtest2 WHERE id BETWEEN 3980086 AND 3981085 ORDER BY c
	Unique  (cost=4006.99..4012.11 rows=1025 width=121)
	  ->  Sort  (cost=4006.99..4009.55 rows=1025 width=121)
	        Sort Key: c
	        ->  Bitmap Heap Scan on sbtest2  (cost=22.94..3955.73 rows=1025 width=121)
	              Recheck Cond: ((id >= 3980086) AND (id <= 3981085))
	              ->  Bitmap Index Scan on sbtest2_pkey  (cost=0.00..22.68 rows=1025 width=0)
	                    Index Cond: ((id >= 3980086) AND (id <= 3981085))

table 3 : explain SELECT DISTINCT c FROM sbtest3 WHERE id BETWEEN 7153315 AND 7154314 ORDER BY c
	Unique  (cost=3760.54..3765.35 rows=961 width=121)
	  ->  Sort  (cost=3760.54..3762.94 rows=961 width=121)
	        Sort Key: c
	        ->  Bitmap Heap Scan on sbtest3  (cost=22.29..3712.93 rows=961 width=121)
	              Recheck Cond: ((id >= 7153315) AND (id <= 7154314))
	              ->  Bitmap Index Scan on sbtest3_pkey  (cost=0.00..22.04 rows=961 width=0)
	                    Index Cond: ((id >= 7153315) AND (id <= 7154314))

table 4 : explain SELECT DISTINCT c FROM sbtest4 WHERE id BETWEEN 1998708 AND 1999707 ORDER BY c
	Unique  (cost=3788.07..3792.91 rows=968 width=121)
	  ->  Sort  (cost=3788.07..3790.49 rows=968 width=121)
	        Sort Key: c
	        ->  Bitmap Heap Scan on sbtest4  (cost=22.36..3740.06 rows=968 width=121)
	              Recheck Cond: ((id >= 1998708) AND (id <= 1999707))
	              ->  Bitmap Index Scan on sbtest4_pkey  (cost=0.00..22.11 rows=968 width=0)
	                    Index Cond: ((id >= 1998708) AND (id <= 1999707))

table 5 : explain SELECT DISTINCT c FROM sbtest5 WHERE id BETWEEN 4822189 AND 4823188 ORDER BY c
	Unique  (cost=4224.77..4230.17 rows=1081 width=121)
	  ->  Sort  (cost=4224.77..4227.47 rows=1081 width=121)
	        Sort Key: c
	        ->  Bitmap Heap Scan on sbtest5  (cost=27.52..4170.30 rows=1081 width=121)
	              Recheck Cond: ((id >= 4822189) AND (id <= 4823188))
	              ->  Bitmap Index Scan on sbtest5_pkey  (cost=0.00..27.25 rows=1081 width=0)
	                    Index Cond: ((id >= 4822189) AND (id <= 4823188))

table 6 : explain SELECT DISTINCT c FROM sbtest6 WHERE id BETWEEN 4112343 AND 4113342 ORDER BY c
	Unique  (cost=3669.60..3674.28 rows=937 width=121)
	  ->  Sort  (cost=3669.60..3671.94 rows=937 width=121)
	        Sort Key: c
	        ->  Bitmap Heap Scan on sbtest6  (cost=22.04..3623.35 rows=937 width=121)
	              Recheck Cond: ((id >= 4112343) AND (id <= 4113342))
	              ->  Bitmap Index Scan on sbtest6_pkey  (cost=0.00..21.80 rows=937 width=0)
	                    Index Cond: ((id >= 4112343) AND (id <= 4113342))

table 7 : explain SELECT DISTINCT c FROM sbtest7 WHERE id BETWEEN 3509273 AND 3510272 ORDER BY c
	Unique  (cost=4002.35..4007.47 rows=1024 width=121)
	  ->  Sort  (cost=4002.35..4004.91 rows=1024 width=121)
	        Sort Key: c
	        ->  Bitmap Heap Scan on sbtest7  (cost=22.93..3951.15 rows=1024 width=121)
	              Recheck Cond: ((id >= 3509273) AND (id <= 3510272))
	              ->  Bitmap Index Scan on sbtest7_pkey  (cost=0.00..22.68 rows=1024 width=0)
	                    Index Cond: ((id >= 3509273) AND (id <= 3510272))

table 8 : explain SELECT DISTINCT c FROM sbtest8 WHERE id BETWEEN 4986946 AND 4987945 ORDER BY c
	Unique  (cost=4017.93..4023.07 rows=1028 width=121)
	  ->  Sort  (cost=4017.93..4020.50 rows=1028 width=121)
	        Sort Key: c
	        ->  Bitmap Heap Scan on sbtest8  (cost=22.97..3966.51 rows=1028 width=121)
	              Recheck Cond: ((id >= 4986946) AND (id <= 4987945))
	              ->  Bitmap Index Scan on sbtest8_pkey  (cost=0.00..22.71 rows=1028 width=0)
	                    Index Cond: ((id >= 4986946) AND (id <= 4987945))

for: order_ranges
table 1 : explain SELECT c FROM sbtest1 WHERE id BETWEEN 1315562 AND 1316561 ORDER BY c
	Sort  (cost=3902.86..3905.35 rows=998 width=121)
	  Sort Key: c
	  ->  Bitmap Heap Scan on sbtest1  (cost=22.66..3853.14 rows=998 width=121)
	        Recheck Cond: ((id >= 1315562) AND (id <= 1316561))
	        ->  Bitmap Index Scan on sbtest1_pkey  (cost=0.00..22.41 rows=998 width=0)
	              Index Cond: ((id >= 1315562) AND (id <= 1316561))

table 2 : explain SELECT c FROM sbtest2 WHERE id BETWEEN 4440825 AND 4441824 ORDER BY c
	Sort  (cost=4251.47..4254.19 rows=1088 width=121)
	  Sort Key: c
	  ->  Bitmap Heap Scan on sbtest2  (cost=27.59..4196.59 rows=1088 width=121)
	        Recheck Cond: ((id >= 4440825) AND (id <= 4441824))
	        ->  Bitmap Index Scan on sbtest2_pkey  (cost=0.00..27.32 rows=1088 width=0)
	              Index Cond: ((id >= 4440825) AND (id <= 4441824))

table 3 : explain SELECT c FROM sbtest3 WHERE id BETWEEN 3438766 AND 3439765 ORDER BY c
	Sort  (cost=3951.69..3954.22 rows=1011 width=121)
	  Sort Key: c
	  ->  Bitmap Heap Scan on sbtest3  (cost=22.80..3901.23 rows=1011 width=121)
	        Recheck Cond: ((id >= 3438766) AND (id <= 3439765))
	        ->  Bitmap Index Scan on sbtest3_pkey  (cost=0.00..22.54 rows=1011 width=0)
	              Index Cond: ((id >= 3438766) AND (id <= 3439765))

table 4 : explain SELECT c FROM sbtest4 WHERE id BETWEEN 3302245 AND 3303244 ORDER BY c
	Sort  (cost=3833.98..3836.43 rows=980 width=121)
	  Sort Key: c
	  ->  Bitmap Heap Scan on sbtest4  (cost=22.48..3785.29 rows=980 width=121)
	        Recheck Cond: ((id >= 3302245) AND (id <= 3303244))
	        ->  Bitmap Index Scan on sbtest4_pkey  (cost=0.00..22.23 rows=980 width=0)
	              Index Cond: ((id >= 3302245) AND (id <= 3303244))

table 5 : explain SELECT c FROM sbtest5 WHERE id BETWEEN 731594 AND 732593 ORDER BY c
	Sort  (cost=4110.29..4112.92 rows=1051 width=121)
	  Sort Key: c
	  ->  Bitmap Heap Scan on sbtest5  (cost=27.21..4057.54 rows=1051 width=121)
	        Recheck Cond: ((id >= 731594) AND (id <= 732593))
	        ->  Bitmap Index Scan on sbtest5_pkey  (cost=0.00..26.94 rows=1051 width=0)
	              Index Cond: ((id >= 731594) AND (id <= 732593))

table 6 : explain SELECT c FROM sbtest6 WHERE id BETWEEN 9931801 AND 9932800 ORDER BY c
	Sort  (cost=3834.20..3836.65 rows=980 width=121)
	  Sort Key: c
	  ->  Bitmap Heap Scan on sbtest6  (cost=22.48..3785.51 rows=980 width=121)
	        Recheck Cond: ((id >= 9931801) AND (id <= 9932800))
	        ->  Bitmap Index Scan on sbtest6_pkey  (cost=0.00..22.23 rows=980 width=0)
	              Index Cond: ((id >= 9931801) AND (id <= 9932800))

table 7 : explain SELECT c FROM sbtest7 WHERE id BETWEEN 2347558 AND 2348557 ORDER BY c
	Sort  (cost=4048.18..4050.77 rows=1036 width=121)
	  Sort Key: c
	  ->  Bitmap Heap Scan on sbtest7  (cost=23.05..3996.29 rows=1036 width=121)
	        Recheck Cond: ((id >= 2347558) AND (id <= 2348557))
	        ->  Bitmap Index Scan on sbtest7_pkey  (cost=0.00..22.79 rows=1036 width=0)
	              Index Cond: ((id >= 2347558) AND (id <= 2348557))

table 8 : explain SELECT c FROM sbtest8 WHERE id BETWEEN 9779933 AND 9780932 ORDER BY c
	Sort  (cost=3692.81..3695.17 rows=943 width=121)
	  Sort Key: c
	  ->  Bitmap Heap Scan on sbtest8  (cost=22.10..3646.22 rows=943 width=121)
	        Recheck Cond: ((id >= 9779933) AND (id <= 9780932))
	        ->  Bitmap Index Scan on sbtest8_pkey  (cost=0.00..21.86 rows=943 width=0)
	              Index Cond: ((id >= 9779933) AND (id <= 9780932))

for: order_ranges
table 1 : explain SELECT c FROM sbtest1 WHERE id BETWEEN 8463379 AND 8464378 ORDER BY c
	Sort  (cost=4009.84..4012.41 rows=1026 width=121)
	  Sort Key: c
	  ->  Bitmap Heap Scan on sbtest1  (cost=22.95..3958.53 rows=1026 width=121)
	        Recheck Cond: ((id >= 8463379) AND (id <= 8464378))
	        ->  Bitmap Index Scan on sbtest1_pkey  (cost=0.00..22.69 rows=1026 width=0)
	              Index Cond: ((id >= 8463379) AND (id <= 8464378))

table 2 : explain SELECT c FROM sbtest2 WHERE id BETWEEN 2511199 AND 2512198 ORDER BY c
	Sort  (cost=3907.61..3910.10 rows=999 width=121)
	  Sort Key: c
	  ->  Bitmap Heap Scan on sbtest2  (cost=22.67..3857.83 rows=999 width=121)
	        Recheck Cond: ((id >= 2511199) AND (id <= 2512198))
	        ->  Bitmap Index Scan on sbtest2_pkey  (cost=0.00..22.43 rows=999 width=0)
	              Index Cond: ((id >= 2511199) AND (id <= 2512198))

table 3 : explain SELECT c FROM sbtest3 WHERE id BETWEEN 2425591 AND 2426590 ORDER BY c
	Sort  (cost=3683.99..3686.35 rows=941 width=121)
	  Sort Key: c
	  ->  Bitmap Heap Scan on sbtest3  (cost=22.08..3637.52 rows=941 width=121)
	        Recheck Cond: ((id >= 2425591) AND (id <= 2426590))
	        ->  Bitmap Index Scan on sbtest3_pkey  (cost=0.00..21.84 rows=941 width=0)
	              Index Cond: ((id >= 2425591) AND (id <= 2426590))

table 4 : explain SELECT c FROM sbtest4 WHERE id BETWEEN 7999836 AND 8000835 ORDER BY c
	Sort  (cost=4067.07..4069.67 rows=1041 width=121)
	  Sort Key: c
	  ->  Bitmap Heap Scan on sbtest4  (cost=23.11..4014.90 rows=1041 width=121)
	        Recheck Cond: ((id >= 7999836) AND (id <= 8000835))
	        ->  Bitmap Index Scan on sbtest4_pkey  (cost=0.00..22.84 rows=1041 width=0)
	              Index Cond: ((id >= 7999836) AND (id <= 8000835))

table 5 : explain SELECT c FROM sbtest5 WHERE id BETWEEN 6224675 AND 6225674 ORDER BY c
	Sort  (cost=3670.28..3672.62 rows=937 width=121)
	  Sort Key: c
	  ->  Bitmap Heap Scan on sbtest5  (cost=22.04..3624.03 rows=937 width=121)
	        Recheck Cond: ((id >= 6224675) AND (id <= 6225674))
	        ->  Bitmap Index Scan on sbtest5_pkey  (cost=0.00..21.80 rows=937 width=0)
	              Index Cond: ((id >= 6224675) AND (id <= 6225674))

table 6 : explain SELECT c FROM sbtest6 WHERE id BETWEEN 71077 AND 72076 ORDER BY c
	Sort  (cost=3776.81..3779.22 rows=965 width=121)
	  Sort Key: c
	  ->  Bitmap Heap Scan on sbtest6  (cost=22.33..3728.97 rows=965 width=121)
	        Recheck Cond: ((id >= 71077) AND (id <= 72076))
	        ->  Bitmap Index Scan on sbtest6_pkey  (cost=0.00..22.08 rows=965 width=0)
	              Index Cond: ((id >= 71077) AND (id <= 72076))

table 7 : explain SELECT c FROM sbtest7 WHERE id BETWEEN 4642797 AND 4643796 ORDER BY c
	Sort  (cost=3753.80..3756.20 rows=959 width=121)
	  Sort Key: c
	  ->  Bitmap Heap Scan on sbtest7  (cost=22.26..3706.31 rows=959 width=121)
	        Recheck Cond: ((id >= 4642797) AND (id <= 4643796))
	        ->  Bitmap Index Scan on sbtest7_pkey  (cost=0.00..22.02 rows=959 width=0)
	              Index Cond: ((id >= 4642797) AND (id <= 4643796))

table 8 : explain SELECT c FROM sbtest8 WHERE id BETWEEN 8562334 AND 8563333 ORDER BY c
	Sort  (cost=4021.75..4024.33 rows=1029 width=121)
	  Sort Key: c
	  ->  Bitmap Heap Scan on sbtest8  (cost=22.98..3970.27 rows=1029 width=121)
	        Recheck Cond: ((id >= 8562334) AND (id <= 8563333))
	        ->  Bitmap Index Scan on sbtest8_pkey  (cost=0.00..22.72 rows=1029 width=0)
	              Index Cond: ((id >= 8562334) AND (id <= 8563333))

explain: for point_selects :: explain SELECT c FROM sbtest%u WHERE id=%u
for: sum_ranges
table 1 : explain SELECT SUM(k) FROM sbtest1 WHERE id BETWEEN 9448527 AND 9449526
	Aggregate  (cost=4134.13..4134.14 rows=1 width=8)
	  ->  Bitmap Heap Scan on sbtest1  (cost=23.42..4131.45 rows=1072 width=4)
	        Recheck Cond: ((id >= 9448527) AND (id <= 9449526))
	        ->  Bitmap Index Scan on sbtest1_pkey  (cost=0.00..23.15 rows=1072 width=0)
	              Index Cond: ((id >= 9448527) AND (id <= 9449526))

table 2 : explain SELECT SUM(k) FROM sbtest2 WHERE id BETWEEN 8938161 AND 8939160
	Aggregate  (cost=3977.12..3977.13 rows=1 width=8)
	  ->  Bitmap Heap Scan on sbtest2  (cost=22.99..3974.55 rows=1030 width=4)
	        Recheck Cond: ((id >= 8938161) AND (id <= 8939160))
	        ->  Bitmap Index Scan on sbtest2_pkey  (cost=0.00..22.73 rows=1030 width=0)
	              Index Cond: ((id >= 8938161) AND (id <= 8939160))

table 3 : explain SELECT SUM(k) FROM sbtest3 WHERE id BETWEEN 2995244 AND 2996243
	Aggregate  (cost=4718.16..4718.17 rows=1 width=8)
	  ->  Bitmap Heap Scan on sbtest3  (cost=29.02..4715.09 rows=1228 width=4)
	        Recheck Cond: ((id >= 2995244) AND (id <= 2996243))
	        ->  Bitmap Index Scan on sbtest3_pkey  (cost=0.00..28.71 rows=1228 width=0)
	              Index Cond: ((id >= 2995244) AND (id <= 2996243))

table 4 : explain SELECT SUM(k) FROM sbtest4 WHERE id BETWEEN 8337868 AND 8338867
	Aggregate  (cost=4055.12..4055.13 rows=1 width=8)
	  ->  Bitmap Heap Scan on sbtest4  (cost=23.21..4052.49 rows=1051 width=4)
	        Recheck Cond: ((id >= 8337868) AND (id <= 8338867))
	        ->  Bitmap Index Scan on sbtest4_pkey  (cost=0.00..22.94 rows=1051 width=0)
	              Index Cond: ((id >= 8337868) AND (id <= 8338867))

table 5 : explain SELECT SUM(k) FROM sbtest5 WHERE id BETWEEN 8131088 AND 8132087
	Aggregate  (cost=3883.17..3883.18 rows=1 width=8)
	  ->  Bitmap Heap Scan on sbtest5  (cost=26.73..3880.66 rows=1004 width=4)
	        Recheck Cond: ((id >= 8131088) AND (id <= 8132087))
	        ->  Bitmap Index Scan on sbtest5_pkey  (cost=0.00..26.47 rows=1004 width=0)
	              Index Cond: ((id >= 8131088) AND (id <= 8132087))

table 6 : explain SELECT SUM(k) FROM sbtest6 WHERE id BETWEEN 1778276 AND 1779275
	Aggregate  (cost=4017.74..4017.75 rows=1 width=8)
	  ->  Bitmap Heap Scan on sbtest6  (cost=23.11..4015.14 rows=1041 width=4)
	        Recheck Cond: ((id >= 1778276) AND (id <= 1779275))
	        ->  Bitmap Index Scan on sbtest6_pkey  (cost=0.00..22.84 rows=1041 width=0)
	              Index Cond: ((id >= 1778276) AND (id <= 1779275))

table 7 : explain SELECT SUM(k) FROM sbtest7 WHERE id BETWEEN 6651669 AND 6652668
	Aggregate  (cost=4141.80..4141.81 rows=1 width=8)
	  ->  Bitmap Heap Scan on sbtest7  (cost=23.44..4139.12 rows=1074 width=4)
	        Recheck Cond: ((id >= 6651669) AND (id <= 6652668))
	        ->  Bitmap Index Scan on sbtest7_pkey  (cost=0.00..23.18 rows=1074 width=0)
	              Index Cond: ((id >= 6651669) AND (id <= 6652668))

table 8 : explain SELECT SUM(k) FROM sbtest8 WHERE id BETWEEN 6007653 AND 6008652
	Aggregate  (cost=3897.52..3897.53 rows=1 width=8)
	  ->  Bitmap Heap Scan on sbtest8  (cost=22.78..3894.99 rows=1009 width=4)
	        Recheck Cond: ((id >= 6007653) AND (id <= 6008652))
	        ->  Bitmap Index Scan on sbtest8_pkey  (cost=0.00..22.52 rows=1009 width=0)
	              Index Cond: ((id >= 6007653) AND (id <= 6008652))

for: order_ranges
table 1 : explain SELECT c FROM sbtest1 WHERE id BETWEEN 4965585 AND 4966584 ORDER BY c
	Sort  (cost=3876.09..3878.57 rows=991 width=121)
	  Sort Key: c
	  ->  Bitmap Heap Scan on sbtest1  (cost=22.59..3826.78 rows=991 width=121)
	        Recheck Cond: ((id >= 4965585) AND (id <= 4966584))
	        ->  Bitmap Index Scan on sbtest1_pkey  (cost=0.00..22.34 rows=991 width=0)
	              Index Cond: ((id >= 4965585) AND (id <= 4966584))

table 2 : explain SELECT c FROM sbtest2 WHERE id BETWEEN 2838329 AND 2839328 ORDER BY c
	Sort  (cost=3570.61..3572.89 rows=911 width=121)
	  Sort Key: c
	  ->  Bitmap Heap Scan on sbtest2  (cost=21.77..3525.83 rows=911 width=121)
	        Recheck Cond: ((id >= 2838329) AND (id <= 2839328))
	        ->  Bitmap Index Scan on sbtest2_pkey  (cost=0.00..21.54 rows=911 width=0)
	              Index Cond: ((id >= 2838329) AND (id <= 2839328))

table 3 : explain SELECT c FROM sbtest3 WHERE id BETWEEN 7356997 AND 7357996 ORDER BY c
	Sort  (cost=3944.05..3946.57 rows=1009 width=121)
	  Sort Key: c
	  ->  Bitmap Heap Scan on sbtest3  (cost=22.78..3893.71 rows=1009 width=121)
	        Recheck Cond: ((id >= 7356997) AND (id <= 7357996))
	        ->  Bitmap Index Scan on sbtest3_pkey  (cost=0.00..22.52 rows=1009 width=0)
	              Index Cond: ((id >= 7356997) AND (id <= 7357996))

table 4 : explain SELECT c FROM sbtest4 WHERE id BETWEEN 3791795 AND 3792794 ORDER BY c
	Sort  (cost=3700.03..3702.39 rows=945 width=121)
	  Sort Key: c
	  ->  Bitmap Heap Scan on sbtest4  (cost=22.12..3653.33 rows=945 width=121)
	        Recheck Cond: ((id >= 3791795) AND (id <= 3792794))
	        ->  Bitmap Index Scan on sbtest4_pkey  (cost=0.00..21.89 rows=945 width=0)
	              Index Cond: ((id >= 3791795) AND (id <= 3792794))

table 5 : explain SELECT c FROM sbtest5 WHERE id BETWEEN 5870648 AND 5871647 ORDER BY c
	Sort  (cost=3873.18..3875.66 rows=990 width=121)
	  Sort Key: c
	  ->  Bitmap Heap Scan on sbtest5  (cost=22.58..3823.92 rows=990 width=121)
	        Recheck Cond: ((id >= 5870648) AND (id <= 5871647))
	        ->  Bitmap Index Scan on sbtest5_pkey  (cost=0.00..22.33 rows=990 width=0)
	              Index Cond: ((id >= 5870648) AND (id <= 5871647))

table 6 : explain SELECT c FROM sbtest6 WHERE id BETWEEN 5944156 AND 5945155 ORDER BY c
	Sort  (cost=3493.25..3495.48 rows=891 width=121)
	  Sort Key: c
	  ->  Bitmap Heap Scan on sbtest6  (cost=21.57..3449.60 rows=891 width=121)
	        Recheck Cond: ((id >= 5944156) AND (id <= 5945155))
	        ->  Bitmap Index Scan on sbtest6_pkey  (cost=0.00..21.34 rows=891 width=0)
	              Index Cond: ((id >= 5944156) AND (id <= 5945155))

table 7 : explain SELECT c FROM sbtest7 WHERE id BETWEEN 9029038 AND 9030037 ORDER BY c
	Sort  (cost=4002.35..4004.91 rows=1024 width=121)
	  Sort Key: c
	  ->  Bitmap Heap Scan on sbtest7  (cost=22.93..3951.15 rows=1024 width=121)
	        Recheck Cond: ((id >= 9029038) AND (id <= 9030037))
	        ->  Bitmap Index Scan on sbtest7_pkey  (cost=0.00..22.68 rows=1024 width=0)
	              Index Cond: ((id >= 9029038) AND (id <= 9030037))

table 8 : explain SELECT c FROM sbtest8 WHERE id BETWEEN 1346659 AND 1347658 ORDER BY c
	Sort  (cost=3822.97..3825.41 rows=977 width=121)
	  Sort Key: c
	  ->  Bitmap Heap Scan on sbtest8  (cost=22.45..3774.45 rows=977 width=121)
	        Recheck Cond: ((id >= 1346659) AND (id <= 1347658))
	        ->  Bitmap Index Scan on sbtest8_pkey  (cost=0.00..22.20 rows=977 width=0)
	              Index Cond: ((id >= 1346659) AND (id <= 1347658))

for point_selects
table 1 : explain SELECT c FROM sbtest1 WHERE id=5672883
	Index Scan using sbtest1_pkey on sbtest1  (cost=0.43..8.45 rows=1 width=121)
	  Index Cond: (id = 5672883)

table 2 : explain SELECT c FROM sbtest2 WHERE id=1703023
	Index Scan using sbtest2_pkey on sbtest2  (cost=0.43..8.45 rows=1 width=121)
	  Index Cond: (id = 1703023)

table 3 : explain SELECT c FROM sbtest3 WHERE id=6626360
	Index Scan using sbtest3_pkey on sbtest3  (cost=0.43..8.45 rows=1 width=121)
	  Index Cond: (id = 6626360)

table 4 : explain SELECT c FROM sbtest4 WHERE id=8948357
	Index Scan using sbtest4_pkey on sbtest4  (cost=0.43..8.45 rows=1 width=121)
	  Index Cond: (id = 8948357)

table 5 : explain SELECT c FROM sbtest5 WHERE id=6538782
	Index Scan using sbtest5_pkey on sbtest5  (cost=0.43..8.45 rows=1 width=121)
	  Index Cond: (id = 6538782)

table 6 : explain SELECT c FROM sbtest6 WHERE id=1735854
	Index Scan using sbtest6_pkey on sbtest6  (cost=0.43..8.45 rows=1 width=121)
	  Index Cond: (id = 1735854)

table 7 : explain SELECT c FROM sbtest7 WHERE id=4960483
	Index Scan using sbtest7_pkey on sbtest7  (cost=0.43..8.45 rows=1 width=121)
	  Index Cond: (id = 4960483)

table 8 : explain SELECT c FROM sbtest8 WHERE id=5087008
	Index Scan using sbtest8_pkey on sbtest8  (cost=0.43..8.45 rows=1 width=121)
	  Index Cond: (id = 5087008)

for point_selects
table 1 : explain SELECT c FROM sbtest1 WHERE id=4084669
	Index Scan using sbtest1_pkey on sbtest1  (cost=0.43..8.45 rows=1 width=121)
	  Index Cond: (id = 4084669)

table 2 : explain SELECT c FROM sbtest2 WHERE id=9443423
	Index Scan using sbtest2_pkey on sbtest2  (cost=0.43..8.45 rows=1 width=121)
	  Index Cond: (id = 9443423)

table 3 : explain SELECT c FROM sbtest3 WHERE id=433972
	Index Scan using sbtest3_pkey on sbtest3  (cost=0.43..8.45 rows=1 width=121)
	  Index Cond: (id = 433972)

table 4 : explain SELECT c FROM sbtest4 WHERE id=7702414
	Index Scan using sbtest4_pkey on sbtest4  (cost=0.43..8.45 rows=1 width=121)
	  Index Cond: (id = 7702414)

table 5 : explain SELECT c FROM sbtest5 WHERE id=3506797
	Index Scan using sbtest5_pkey on sbtest5  (cost=0.43..8.45 rows=1 width=121)
	  Index Cond: (id = 3506797)

table 6 : explain SELECT c FROM sbtest6 WHERE id=6615231
	Index Scan using sbtest6_pkey on sbtest6  (cost=0.43..8.45 rows=1 width=121)
	  Index Cond: (id = 6615231)

table 7 : explain SELECT c FROM sbtest7 WHERE id=1253689
	Index Scan using sbtest7_pkey on sbtest7  (cost=0.43..8.45 rows=1 width=121)
	  Index Cond: (id = 1253689)

table 8 : explain SELECT c FROM sbtest8 WHERE id=2543599
	Index Scan using sbtest8_pkey on sbtest8  (cost=0.43..8.45 rows=1 width=121)
	  Index Cond: (id = 2543599)

for: order_ranges
table 1 : explain SELECT c FROM sbtest1 WHERE id BETWEEN 1835783 AND 1836782 ORDER BY c
	Sort  (cost=3925.79..3928.30 rows=1004 width=121)
	  Sort Key: c
	  ->  Bitmap Heap Scan on sbtest1  (cost=22.73..3875.73 rows=1004 width=121)
	        Recheck Cond: ((id >= 1835783) AND (id <= 1836782))
	        ->  Bitmap Index Scan on sbtest1_pkey  (cost=0.00..22.47 rows=1004 width=0)
	              Index Cond: ((id >= 1835783) AND (id <= 1836782))

table 2 : explain SELECT c FROM sbtest2 WHERE id BETWEEN 583826 AND 584825 ORDER BY c
	Sort  (cost=3991.71..3994.26 rows=1021 width=121)
	  Sort Key: c
	  ->  Bitmap Heap Scan on sbtest2  (cost=22.90..3940.68 rows=1021 width=121)
	        Recheck Cond: ((id >= 583826) AND (id <= 584825))
	        ->  Bitmap Index Scan on sbtest2_pkey  (cost=0.00..22.64 rows=1021 width=0)
	              Index Cond: ((id >= 583826) AND (id <= 584825))

table 3 : explain SELECT c FROM sbtest3 WHERE id BETWEEN 1606454 AND 1607453 ORDER BY c
	Sort  (cost=3966.97..3969.51 rows=1015 width=121)
	  Sort Key: c
	  ->  Bitmap Heap Scan on sbtest3  (cost=22.84..3916.28 rows=1015 width=121)
	        Recheck Cond: ((id >= 1606454) AND (id <= 1607453))
	        ->  Bitmap Index Scan on sbtest3_pkey  (cost=0.00..22.58 rows=1015 width=0)
	              Index Cond: ((id >= 1606454) AND (id <= 1607453))

table 4 : explain SELECT c FROM sbtest4 WHERE id BETWEEN 1354214 AND 1355213 ORDER BY c
	Sort  (cost=3948.67..3951.20 rows=1010 width=121)
	  Sort Key: c
	  ->  Bitmap Heap Scan on sbtest4  (cost=22.79..3898.27 rows=1010 width=121)
	        Recheck Cond: ((id >= 1354214) AND (id <= 1355213))
	        ->  Bitmap Index Scan on sbtest4_pkey  (cost=0.00..22.54 rows=1010 width=0)
	              Index Cond: ((id >= 1354214) AND (id <= 1355213))

table 5 : explain SELECT c FROM sbtest5 WHERE id BETWEEN 9441215 AND 9442214 ORDER BY c
	Sort  (cost=3880.83..3883.31 rows=992 width=121)
	  Sort Key: c
	  ->  Bitmap Heap Scan on sbtest5  (cost=22.60..3831.46 rows=992 width=121)
	        Recheck Cond: ((id >= 9441215) AND (id <= 9442214))
	        ->  Bitmap Index Scan on sbtest5_pkey  (cost=0.00..22.36 rows=992 width=0)
	              Index Cond: ((id >= 9441215) AND (id <= 9442214))

table 6 : explain SELECT c FROM sbtest6 WHERE id BETWEEN 6543466 AND 6544465 ORDER BY c
	Sort  (cost=4052.04..4054.63 rows=1037 width=121)
	  Sort Key: c
	  ->  Bitmap Heap Scan on sbtest6  (cost=23.06..4000.09 rows=1037 width=121)
	        Recheck Cond: ((id >= 6543466) AND (id <= 6544465))
	        ->  Bitmap Index Scan on sbtest6_pkey  (cost=0.00..22.80 rows=1037 width=0)
	              Index Cond: ((id >= 6543466) AND (id <= 6544465))

table 7 : explain SELECT c FROM sbtest7 WHERE id BETWEEN 2054127 AND 2055126 ORDER BY c
	Sort  (cost=4177.93..4180.61 rows=1070 width=121)
	  Sort Key: c
	  ->  Bitmap Heap Scan on sbtest7  (cost=23.40..4124.09 rows=1070 width=121)
	        Recheck Cond: ((id >= 2054127) AND (id <= 2055126))
	        ->  Bitmap Index Scan on sbtest7_pkey  (cost=0.00..23.14 rows=1070 width=0)
	              Index Cond: ((id >= 2054127) AND (id <= 2055126))

table 8 : explain SELECT c FROM sbtest8 WHERE id BETWEEN 189793 AND 190792 ORDER BY c
	Sort  (cost=3952.98..3955.51 rows=1011 width=121)
	  Sort Key: c
	  ->  Bitmap Heap Scan on sbtest8  (cost=22.80..3902.52 rows=1011 width=121)
	        Recheck Cond: ((id >= 189793) AND (id <= 190792))
	        ->  Bitmap Index Scan on sbtest8_pkey  (cost=0.00..22.54 rows=1011 width=0)
	              Index Cond: ((id >= 189793) AND (id <= 190792))

for: distinct_ranges
table 1 : explain SELECT DISTINCT c FROM sbtest1 WHERE id BETWEEN 7799344 AND 7800343 ORDER BY c
	Unique  (cost=3577.47..3582.04 rows=913 width=121)
	  ->  Sort  (cost=3577.47..3579.75 rows=913 width=121)
	        Sort Key: c
	        ->  Bitmap Heap Scan on sbtest1  (cost=21.79..3532.58 rows=913 width=121)
	              Recheck Cond: ((id >= 7799344) AND (id <= 7800343))
	              ->  Bitmap Index Scan on sbtest1_pkey  (cost=0.00..21.57 rows=913 width=0)
	                    Index Cond: ((id >= 7799344) AND (id <= 7800343))

table 2 : explain SELECT DISTINCT c FROM sbtest2 WHERE id BETWEEN 5246229 AND 5247228 ORDER BY c
	Unique  (cost=4098.66..4103.90 rows=1049 width=121)
	  ->  Sort  (cost=4098.66..4101.28 rows=1049 width=121)
	        Sort Key: c
	        ->  Bitmap Heap Scan on sbtest2  (cost=23.19..4046.02 rows=1049 width=121)
	              Recheck Cond: ((id >= 5246229) AND (id <= 5247228))
	              ->  Bitmap Index Scan on sbtest2_pkey  (cost=0.00..22.93 rows=1049 width=0)
	                    Index Cond: ((id >= 5246229) AND (id <= 5247228))

table 3 : explain SELECT DISTINCT c FROM sbtest3 WHERE id BETWEEN 5821296 AND 5822295 ORDER BY c
	Unique  (cost=3768.19..3773.01 rows=963 width=121)
	  ->  Sort  (cost=3768.19..3770.60 rows=963 width=121)
	        Sort Key: c
	        ->  Bitmap Heap Scan on sbtest3  (cost=22.31..3720.47 rows=963 width=121)
	              Recheck Cond: ((id >= 5821296) AND (id <= 5822295))
	              ->  Bitmap Index Scan on sbtest3_pkey  (cost=0.00..22.07 rows=963 width=0)
	                    Index Cond: ((id >= 5821296) AND (id <= 5822295))

table 4 : explain SELECT DISTINCT c FROM sbtest4 WHERE id BETWEEN 4445102 AND 4446101 ORDER BY c
	Unique  (cost=3788.07..3792.91 rows=968 width=121)
	  ->  Sort  (cost=3788.07..3790.49 rows=968 width=121)
	        Sort Key: c
	        ->  Bitmap Heap Scan on sbtest4  (cost=22.36..3740.06 rows=968 width=121)
	              Recheck Cond: ((id >= 4445102) AND (id <= 4446101))
	              ->  Bitmap Index Scan on sbtest4_pkey  (cost=0.00..22.11 rows=968 width=0)
	                    Index Cond: ((id >= 4445102) AND (id <= 4446101))

table 5 : explain SELECT DISTINCT c FROM sbtest5 WHERE id BETWEEN 5415664 AND 5416663 ORDER BY c
	Unique  (cost=4037.73..4042.89 rows=1032 width=121)
	  ->  Sort  (cost=4037.73..4040.31 rows=1032 width=121)
	        Sort Key: c
	        ->  Bitmap Heap Scan on sbtest5  (cost=27.01..3986.07 rows=1032 width=121)
	              Recheck Cond: ((id >= 5415664) AND (id <= 5416663))
	              ->  Bitmap Index Scan on sbtest5_pkey  (cost=0.00..26.75 rows=1032 width=0)
	                    Index Cond: ((id >= 5415664) AND (id <= 5416663))

table 6 : explain SELECT DISTINCT c FROM sbtest6 WHERE id BETWEEN 1223200 AND 1224199 ORDER BY c
	Unique  (cost=3719.39..3724.14 rows=950 width=121)
	  ->  Sort  (cost=3719.39..3721.76 rows=950 width=121)
	        Sort Key: c
	        ->  Bitmap Heap Scan on sbtest6  (cost=22.17..3672.40 rows=950 width=121)
	              Recheck Cond: ((id >= 1223200) AND (id <= 1224199))
	              ->  Bitmap Index Scan on sbtest6_pkey  (cost=0.00..21.93 rows=950 width=0)
	                    Index Cond: ((id >= 1223200) AND (id <= 1224199))

table 7 : explain SELECT DISTINCT c FROM sbtest7 WHERE id BETWEEN 3398130 AND 3399129 ORDER BY c
	Unique  (cost=4304.01..4309.53 rows=1103 width=121)
	  ->  Sort  (cost=4304.01..4306.77 rows=1103 width=121)
	        Sort Key: c
	        ->  Bitmap Heap Scan on sbtest7  (cost=27.74..4248.27 rows=1103 width=121)
	              Recheck Cond: ((id >= 3398130) AND (id <= 3399129))
	              ->  Bitmap Index Scan on sbtest7_pkey  (cost=0.00..27.46 rows=1103 width=0)
	                    Index Cond: ((id >= 3398130) AND (id <= 3399129))

table 8 : explain SELECT DISTINCT c FROM sbtest8 WHERE id BETWEEN 5543582 AND 5544581 ORDER BY c
	Unique  (cost=3811.49..3816.36 rows=974 width=121)
	  ->  Sort  (cost=3811.49..3813.92 rows=974 width=121)
	        Sort Key: c
	        ->  Bitmap Heap Scan on sbtest8  (cost=22.42..3763.14 rows=974 width=121)
	              Recheck Cond: ((id >= 5543582) AND (id <= 5544581))
	              ->  Bitmap Index Scan on sbtest8_pkey  (cost=0.00..22.18 rows=974 width=0)
	                    Index Cond: ((id >= 5543582) AND (id <= 5544581))

for: sum_ranges
table 1 : explain SELECT SUM(k) FROM sbtest1 WHERE id BETWEEN 9598207 AND 9599206
	Aggregate  (cost=4092.78..4092.79 rows=1 width=8)
	  ->  Bitmap Heap Scan on sbtest1  (cost=23.31..4090.13 rows=1061 width=4)
	        Recheck Cond: ((id >= 9598207) AND (id <= 9599206))
	        ->  Bitmap Index Scan on sbtest1_pkey  (cost=0.00..23.04 rows=1061 width=0)
	              Index Cond: ((id >= 9598207) AND (id <= 9599206))

table 2 : explain SELECT SUM(k) FROM sbtest2 WHERE id BETWEEN 5766955 AND 5767954
	Aggregate  (cost=3969.59..3969.60 rows=1 width=8)
	  ->  Bitmap Heap Scan on sbtest2  (cost=22.97..3967.02 rows=1028 width=4)
	        Recheck Cond: ((id >= 5766955) AND (id <= 5767954))
	        ->  Bitmap Index Scan on sbtest2_pkey  (cost=0.00..22.71 rows=1028 width=0)
	              Index Cond: ((id >= 5766955) AND (id <= 5767954))

table 3 : explain SELECT SUM(k) FROM sbtest3 WHERE id BETWEEN 6379039 AND 6380038
	Aggregate  (cost=3753.05..3753.06 rows=1 width=8)
	  ->  Bitmap Heap Scan on sbtest3  (cost=22.39..3750.62 rows=971 width=4)
	        Recheck Cond: ((id >= 6379039) AND (id <= 6380038))
	        ->  Bitmap Index Scan on sbtest3_pkey  (cost=0.00..22.14 rows=971 width=0)
	              Index Cond: ((id >= 6379039) AND (id <= 6380038))

table 4 : explain SELECT SUM(k) FROM sbtest4 WHERE id BETWEEN 8612475 AND 8613474
	Aggregate  (cost=3829.21..3829.22 rows=1 width=8)
	  ->  Bitmap Heap Scan on sbtest4  (cost=22.59..3826.73 rows=991 width=4)
	        Recheck Cond: ((id >= 8612475) AND (id <= 8613474))
	        ->  Bitmap Index Scan on sbtest4_pkey  (cost=0.00..22.34 rows=991 width=0)
	              Index Cond: ((id >= 8612475) AND (id <= 8613474))

table 5 : explain SELECT SUM(k) FROM sbtest5 WHERE id BETWEEN 2212425 AND 2213424
	Aggregate  (cost=4124.12..4124.13 rows=1 width=8)
	  ->  Bitmap Heap Scan on sbtest5  (cost=27.38..4121.45 rows=1068 width=4)
	        Recheck Cond: ((id >= 2212425) AND (id <= 2213424))
	        ->  Bitmap Index Scan on sbtest5_pkey  (cost=0.00..27.11 rows=1068 width=0)
	              Index Cond: ((id >= 2212425) AND (id <= 2213424))

table 6 : explain SELECT SUM(k) FROM sbtest6 WHERE id BETWEEN 7800689 AND 7801688
	Aggregate  (cost=4089.21..4089.22 rows=1 width=8)
	  ->  Bitmap Heap Scan on sbtest6  (cost=23.30..4086.56 rows=1060 width=4)
	        Recheck Cond: ((id >= 7800689) AND (id <= 7801688))
	        ->  Bitmap Index Scan on sbtest6_pkey  (cost=0.00..23.04 rows=1060 width=0)
	              Index Cond: ((id >= 7800689) AND (id <= 7801688))

table 7 : explain SELECT SUM(k) FROM sbtest7 WHERE id BETWEEN 5365370 AND 5366369
	Aggregate  (cost=4025.22..4025.23 rows=1 width=8)
	  ->  Bitmap Heap Scan on sbtest7  (cost=23.13..4022.62 rows=1043 width=4)
	        Recheck Cond: ((id >= 5365370) AND (id <= 5366369))
	        ->  Bitmap Index Scan on sbtest7_pkey  (cost=0.00..22.86 rows=1043 width=0)
	              Index Cond: ((id >= 5365370) AND (id <= 5366369))

table 8 : explain SELECT SUM(k) FROM sbtest8 WHERE id BETWEEN 7918938 AND 7919937
	Aggregate  (cost=3542.80..3542.81 rows=1 width=8)
	  ->  Bitmap Heap Scan on sbtest8  (cost=21.81..3540.51 rows=915 width=4)
	        Recheck Cond: ((id >= 7918938) AND (id <= 7919937))
	        ->  Bitmap Index Scan on sbtest8_pkey  (cost=0.00..21.58 rows=915 width=0)
	              Index Cond: ((id >= 7918938) AND (id <= 7919937))

for: sum_ranges
table 1 : explain SELECT SUM(k) FROM sbtest1 WHERE id BETWEEN 9881444 AND 9882443
	Aggregate  (cost=3976.15..3976.16 rows=1 width=8)
	  ->  Bitmap Heap Scan on sbtest1  (cost=22.99..3973.58 rows=1030 width=4)
	        Recheck Cond: ((id >= 9881444) AND (id <= 9882443))
	        ->  Bitmap Index Scan on sbtest1_pkey  (cost=0.00..22.73 rows=1030 width=0)
	              Index Cond: ((id >= 9881444) AND (id <= 9882443))

table 2 : explain SELECT SUM(k) FROM sbtest2 WHERE id BETWEEN 7120158 AND 7121157
	Aggregate  (cost=3864.10..3864.11 rows=1 width=8)
	  ->  Bitmap Heap Scan on sbtest2  (cost=22.68..3861.60 rows=1000 width=4)
	        Recheck Cond: ((id >= 7120158) AND (id <= 7121157))
	        ->  Bitmap Index Scan on sbtest2_pkey  (cost=0.00..22.43 rows=1000 width=0)
	              Index Cond: ((id >= 7120158) AND (id <= 7121157))

table 3 : explain SELECT SUM(k) FROM sbtest3 WHERE id BETWEEN 5088439 AND 5089438
	Aggregate  (cost=3937.64..3937.65 rows=1 width=8)
	  ->  Bitmap Heap Scan on sbtest3  (cost=22.89..3935.09 rows=1020 width=4)
	        Recheck Cond: ((id >= 5088439) AND (id <= 5089438))
	        ->  Bitmap Index Scan on sbtest3_pkey  (cost=0.00..22.64 rows=1020 width=0)
	              Index Cond: ((id >= 5088439) AND (id <= 5089438))

table 4 : explain SELECT SUM(k) FROM sbtest4 WHERE id BETWEEN 4995539 AND 4996538
	Aggregate  (cost=3848.05..3848.06 rows=1 width=8)
	  ->  Bitmap Heap Scan on sbtest4  (cost=22.64..3845.56 rows=996 width=4)
	        Recheck Cond: ((id >= 4995539) AND (id <= 4996538))
	        ->  Bitmap Index Scan on sbtest4_pkey  (cost=0.00..22.39 rows=996 width=0)
	              Index Cond: ((id >= 4995539) AND (id <= 4996538))

table 5 : explain SELECT SUM(k) FROM sbtest5 WHERE id BETWEEN 5617166 AND 5618165
	Aggregate  (cost=4450.86..4450.87 rows=1 width=8)
	  ->  Bitmap Heap Scan on sbtest5  (cost=28.28..4447.97 rows=1156 width=4)
	        Recheck Cond: ((id >= 5617166) AND (id <= 5618165))
	        ->  Bitmap Index Scan on sbtest5_pkey  (cost=0.00..28.00 rows=1156 width=0)
	              Index Cond: ((id >= 5617166) AND (id <= 5618165))

table 6 : explain SELECT SUM(k) FROM sbtest6 WHERE id BETWEEN 4983870 AND 4984869
	Aggregate  (cost=4464.93..4464.94 rows=1 width=8)
	  ->  Bitmap Heap Scan on sbtest6  (cost=28.32..4462.03 rows=1160 width=4)
	        Recheck Cond: ((id >= 4983870) AND (id <= 4984869))
	        ->  Bitmap Index Scan on sbtest6_pkey  (cost=0.00..28.04 rows=1160 width=0)
	              Index Cond: ((id >= 4983870) AND (id <= 4984869))

table 7 : explain SELECT SUM(k) FROM sbtest7 WHERE id BETWEEN 7288871 AND 7289870
	Aggregate  (cost=3497.18..3497.19 rows=1 width=8)
	  ->  Bitmap Heap Scan on sbtest7  (cost=21.69..3494.92 rows=903 width=4)
	        Recheck Cond: ((id >= 7288871) AND (id <= 7289870))
	        ->  Bitmap Index Scan on sbtest7_pkey  (cost=0.00..21.46 rows=903 width=0)
	              Index Cond: ((id >= 7288871) AND (id <= 7289870))

table 8 : explain SELECT SUM(k) FROM sbtest8 WHERE id BETWEEN 1449379 AND 1450378
	Aggregate  (cost=3791.98..3791.99 rows=1 width=8)
	  ->  Bitmap Heap Scan on sbtest8  (cost=22.49..3789.52 rows=981 width=4)
	        Recheck Cond: ((id >= 1449379) AND (id <= 1450378))
	        ->  Bitmap Index Scan on sbtest8_pkey  (cost=0.00..22.25 rows=981 width=0)
	              Index Cond: ((id >= 1449379) AND (id <= 1450378))

for: distinct_ranges
table 1 : explain SELECT DISTINCT c FROM sbtest1 WHERE id BETWEEN 7033773 AND 7034772 ORDER BY c
	Unique  (cost=4032.76..4037.92 rows=1032 width=121)
	  ->  Sort  (cost=4032.76..4035.34 rows=1032 width=121)
	        Sort Key: c
	        ->  Bitmap Heap Scan on sbtest1  (cost=23.01..3981.10 rows=1032 width=121)
	              Recheck Cond: ((id >= 7033773) AND (id <= 7034772))
	              ->  Bitmap Index Scan on sbtest1_pkey  (cost=0.00..22.75 rows=1032 width=0)
	                    Index Cond: ((id >= 7033773) AND (id <= 7034772))

table 2 : explain SELECT DISTINCT c FROM sbtest2 WHERE id BETWEEN 1574310 AND 1575309 ORDER BY c
	Unique  (cost=3995.53..4000.64 rows=1022 width=121)
	  ->  Sort  (cost=3995.53..3998.08 rows=1022 width=121)
	        Sort Key: c
	        ->  Bitmap Heap Scan on sbtest2  (cost=22.91..3944.44 rows=1022 width=121)
	              Recheck Cond: ((id >= 1574310) AND (id <= 1575309))
	              ->  Bitmap Index Scan on sbtest2_pkey  (cost=0.00..22.65 rows=1022 width=0)
	                    Index Cond: ((id >= 1574310) AND (id <= 1575309))

table 3 : explain SELECT DISTINCT c FROM sbtest3 WHERE id BETWEEN 6260223 AND 6261222 ORDER BY c
	Unique  (cost=4050.97..4056.15 rows=1037 width=121)
	  ->  Sort  (cost=4050.97..4053.56 rows=1037 width=121)
	        Sort Key: c
	        ->  Bitmap Heap Scan on sbtest3  (cost=23.06..3999.02 rows=1037 width=121)
	              Recheck Cond: ((id >= 6260223) AND (id <= 6261222))
	              ->  Bitmap Index Scan on sbtest3_pkey  (cost=0.00..22.80 rows=1037 width=0)
	                    Index Cond: ((id >= 6260223) AND (id <= 6261222))

table 4 : explain SELECT DISTINCT c FROM sbtest4 WHERE id BETWEEN 6757614 AND 6758613 ORDER BY c
	Unique  (cost=3719.18..3723.93 rows=950 width=121)
	  ->  Sort  (cost=3719.18..3721.55 rows=950 width=121)
	        Sort Key: c
	        ->  Bitmap Heap Scan on sbtest4  (cost=22.17..3672.19 rows=950 width=121)
	              Recheck Cond: ((id >= 6757614) AND (id <= 6758613))
	              ->  Bitmap Index Scan on sbtest4_pkey  (cost=0.00..21.93 rows=950 width=0)
	                    Index Cond: ((id >= 6757614) AND (id <= 6758613))

table 5 : explain SELECT DISTINCT c FROM sbtest5 WHERE id BETWEEN 6200337 AND 6201336 ORDER BY c
	Unique  (cost=3670.28..3674.96 rows=937 width=121)
	  ->  Sort  (cost=3670.28..3672.62 rows=937 width=121)
	        Sort Key: c
	        ->  Bitmap Heap Scan on sbtest5  (cost=22.04..3624.03 rows=937 width=121)
	              Recheck Cond: ((id >= 6200337) AND (id <= 6201336))
	              ->  Bitmap Index Scan on sbtest5_pkey  (cost=0.00..21.80 rows=937 width=0)
	                    Index Cond: ((id >= 6200337) AND (id <= 6201336))

table 6 : explain SELECT DISTINCT c FROM sbtest6 WHERE id BETWEEN 2856726 AND 2857725 ORDER BY c
	Unique  (cost=3715.56..3720.30 rows=949 width=121)
	  ->  Sort  (cost=3715.56..3717.93 rows=949 width=121)
	        Sort Key: c
	        ->  Bitmap Heap Scan on sbtest6  (cost=22.16..3668.63 rows=949 width=121)
	              Recheck Cond: ((id >= 2856726) AND (id <= 2857725))
	              ->  Bitmap Index Scan on sbtest6_pkey  (cost=0.00..21.93 rows=949 width=0)
	                    Index Cond: ((id >= 2856726) AND (id <= 2857725))

table 7 : explain SELECT DISTINCT c FROM sbtest7 WHERE id BETWEEN 6964236 AND 6965235 ORDER BY c
	Unique  (cost=3948.86..3953.91 rows=1010 width=121)
	  ->  Sort  (cost=3948.86..3951.39 rows=1010 width=121)
	        Sort Key: c
	        ->  Bitmap Heap Scan on sbtest7  (cost=22.79..3898.46 rows=1010 width=121)
	              Recheck Cond: ((id >= 6964236) AND (id <= 6965235))
	              ->  Bitmap Index Scan on sbtest7_pkey  (cost=0.00..22.54 rows=1010 width=0)
	                    Index Cond: ((id >= 6964236) AND (id <= 6965235))

table 8 : explain SELECT DISTINCT c FROM sbtest8 WHERE id BETWEEN 19680 AND 20679 ORDER BY c
	Unique  (cost=3995.01..4000.12 rows=1022 width=121)
	  ->  Sort  (cost=3995.01..3997.57 rows=1022 width=121)
	        Sort Key: c
	        ->  Bitmap Heap Scan on sbtest8  (cost=22.91..3943.93 rows=1022 width=121)
	              Recheck Cond: ((id >= 19680) AND (id <= 20679))
	              ->  Bitmap Index Scan on sbtest8_pkey  (cost=0.00..22.65 rows=1022 width=0)
	                    Index Cond: ((id >= 19680) AND (id <= 20679))

for: sum_ranges
table 1 : explain SELECT SUM(k) FROM sbtest1 WHERE id BETWEEN 5575793 AND 5576792
	Aggregate  (cost=4070.22..4070.23 rows=1 width=8)
	  ->  Bitmap Heap Scan on sbtest1  (cost=23.25..4067.58 rows=1055 width=4)
	        Recheck Cond: ((id >= 5575793) AND (id <= 5576792))
	        ->  Bitmap Index Scan on sbtest1_pkey  (cost=0.00..22.98 rows=1055 width=0)
	              Index Cond: ((id >= 5575793) AND (id <= 5576792))

table 2 : explain SELECT SUM(k) FROM sbtest2 WHERE id BETWEEN 1970647 AND 1971646
	Aggregate  (cost=3916.86..3916.87 rows=1 width=8)
	  ->  Bitmap Heap Scan on sbtest2  (cost=22.83..3914.32 rows=1014 width=4)
	        Recheck Cond: ((id >= 1970647) AND (id <= 1971646))
	        ->  Bitmap Index Scan on sbtest2_pkey  (cost=0.00..22.57 rows=1014 width=0)
	              Index Cond: ((id >= 1970647) AND (id <= 1971646))

table 3 : explain SELECT SUM(k) FROM sbtest3 WHERE id BETWEEN 4723087 AND 4724086
	Aggregate  (cost=3892.46..3892.47 rows=1 width=8)
	  ->  Bitmap Heap Scan on sbtest3  (cost=22.77..3889.94 rows=1008 width=4)
	        Recheck Cond: ((id >= 4723087) AND (id <= 4724086))
	        ->  Bitmap Index Scan on sbtest3_pkey  (cost=0.00..22.51 rows=1008 width=0)
	              Index Cond: ((id >= 4723087) AND (id <= 4724086))

table 4 : explain SELECT SUM(k) FROM sbtest4 WHERE id BETWEEN 2137335 AND 2138334
	Aggregate  (cost=3897.03..3897.04 rows=1 width=8)
	  ->  Bitmap Heap Scan on sbtest4  (cost=22.78..3894.51 rows=1009 width=4)
	        Recheck Cond: ((id >= 2137335) AND (id <= 2138334))
	        ->  Bitmap Index Scan on sbtest4_pkey  (cost=0.00..22.52 rows=1009 width=0)
	              Index Cond: ((id >= 2137335) AND (id <= 2138334))

table 5 : explain SELECT SUM(k) FROM sbtest5 WHERE id BETWEEN 387557 AND 388556
	Aggregate  (cost=3788.69..3788.70 rows=1 width=8)
	  ->  Bitmap Heap Scan on sbtest5  (cost=22.48..3786.24 rows=980 width=4)
	        Recheck Cond: ((id >= 387557) AND (id <= 388556))
	        ->  Bitmap Index Scan on sbtest5_pkey  (cost=0.00..22.23 rows=980 width=0)
	              Index Cond: ((id >= 387557) AND (id <= 388556))

table 6 : explain SELECT SUM(k) FROM sbtest6 WHERE id BETWEEN 5619133 AND 5620132
	Aggregate  (cost=4089.21..4089.22 rows=1 width=8)
	  ->  Bitmap Heap Scan on sbtest6  (cost=23.30..4086.56 rows=1060 width=4)
	        Recheck Cond: ((id >= 5619133) AND (id <= 5620132))
	        ->  Bitmap Index Scan on sbtest6_pkey  (cost=0.00..23.04 rows=1060 width=0)
	              Index Cond: ((id >= 5619133) AND (id <= 5620132))

table 7 : explain SELECT SUM(k) FROM sbtest7 WHERE id BETWEEN 5875246 AND 5876245
	Aggregate  (cost=4006.41..4006.42 rows=1 width=8)
	  ->  Bitmap Heap Scan on sbtest7  (cost=23.07..4003.81 rows=1038 width=4)
	        Recheck Cond: ((id >= 5875246) AND (id <= 5876245))
	        ->  Bitmap Index Scan on sbtest7_pkey  (cost=0.00..22.82 rows=1038 width=0)
	              Index Cond: ((id >= 5875246) AND (id <= 5876245))

table 8 : explain SELECT SUM(k) FROM sbtest8 WHERE id BETWEEN 4762409 AND 4763408
	Aggregate  (cost=3920.12..3920.13 rows=1 width=8)
	  ->  Bitmap Heap Scan on sbtest8  (cost=22.84..3917.58 rows=1015 width=4)
	        Recheck Cond: ((id >= 4762409) AND (id <= 4763408))
	        ->  Bitmap Index Scan on sbtest8_pkey  (cost=0.00..22.58 rows=1015 width=0)
	              Index Cond: ((id >= 4762409) AND (id <= 4763408))

for: sum_ranges
table 1 : explain SELECT SUM(k) FROM sbtest1 WHERE id BETWEEN 4767037 AND 4768036
	Aggregate  (cost=3829.25..3829.26 rows=1 width=8)
	  ->  Bitmap Heap Scan on sbtest1  (cost=22.59..3826.78 rows=991 width=4)
	        Recheck Cond: ((id >= 4767037) AND (id <= 4768036))
	        ->  Bitmap Index Scan on sbtest1_pkey  (cost=0.00..22.34 rows=991 width=0)
	              Index Cond: ((id >= 4767037) AND (id <= 4768036))

table 2 : explain SELECT SUM(k) FROM sbtest2 WHERE id BETWEEN 9838267 AND 9839266
	Aggregate  (cost=3724.55..3724.56 rows=1 width=8)
	  ->  Bitmap Heap Scan on sbtest2  (cost=22.31..3722.14 rows=963 width=4)
	        Recheck Cond: ((id >= 9838267) AND (id <= 9839266))
	        ->  Bitmap Index Scan on sbtest2_pkey  (cost=0.00..22.07 rows=963 width=0)
	              Index Cond: ((id >= 9838267) AND (id <= 9839266))

table 3 : explain SELECT SUM(k) FROM sbtest3 WHERE id BETWEEN 5192582 AND 5193581
	Aggregate  (cost=4249.90..4249.91 rows=1 width=8)
	  ->  Bitmap Heap Scan on sbtest3  (cost=27.74..4247.14 rows=1103 width=4)
	        Recheck Cond: ((id >= 5192582) AND (id <= 5193581))
	        ->  Bitmap Index Scan on sbtest3_pkey  (cost=0.00..27.46 rows=1103 width=0)
	              Index Cond: ((id >= 5192582) AND (id <= 5193581))

table 4 : explain SELECT SUM(k) FROM sbtest4 WHERE id BETWEEN 9577959 AND 9578958
	Aggregate  (cost=3897.03..3897.04 rows=1 width=8)
	  ->  Bitmap Heap Scan on sbtest4  (cost=22.78..3894.51 rows=1009 width=4)
	        Recheck Cond: ((id >= 9577959) AND (id <= 9578958))
	        ->  Bitmap Index Scan on sbtest4_pkey  (cost=0.00..22.52 rows=1009 width=0)
	              Index Cond: ((id >= 9577959) AND (id <= 9578958))

table 5 : explain SELECT SUM(k) FROM sbtest5 WHERE id BETWEEN 9159210 AND 9160209
	Aggregate  (cost=3637.70..3637.71 rows=1 width=8)
	  ->  Bitmap Heap Scan on sbtest5  (cost=22.07..3635.35 rows=940 width=4)
	        Recheck Cond: ((id >= 9159210) AND (id <= 9160209))
	        ->  Bitmap Index Scan on sbtest5_pkey  (cost=0.00..21.83 rows=940 width=0)
	              Index Cond: ((id >= 9159210) AND (id <= 9160209))

table 6 : explain SELECT SUM(k) FROM sbtest6 WHERE id BETWEEN 4482106 AND 4483105
	Aggregate  (cost=3874.65..3874.66 rows=1 width=8)
	  ->  Bitmap Heap Scan on sbtest6  (cost=22.72..3872.15 rows=1003 width=4)
	        Recheck Cond: ((id >= 4482106) AND (id <= 4483105))
	        ->  Bitmap Index Scan on sbtest6_pkey  (cost=0.00..22.46 rows=1003 width=0)
	              Index Cond: ((id >= 4482106) AND (id <= 4483105))

table 7 : explain SELECT SUM(k) FROM sbtest7 WHERE id BETWEEN 4875989 AND 4876988
	Aggregate  (cost=3821.85..3821.86 rows=1 width=8)
	  ->  Bitmap Heap Scan on sbtest7  (cost=22.57..3819.38 rows=989 width=4)
	        Recheck Cond: ((id >= 4875989) AND (id <= 4876988))
	        ->  Bitmap Index Scan on sbtest7_pkey  (cost=0.00..22.32 rows=989 width=0)
	              Index Cond: ((id >= 4875989) AND (id <= 4876988))

table 8 : explain SELECT SUM(k) FROM sbtest8 WHERE id BETWEEN 1278632 AND 1279631
	Aggregate  (cost=3576.81..3576.82 rows=1 width=8)
	  ->  Bitmap Heap Scan on sbtest8  (cost=21.91..3574.50 rows=924 width=4)
	        Recheck Cond: ((id >= 1278632) AND (id <= 1279631))
	        ->  Bitmap Index Scan on sbtest8_pkey  (cost=0.00..21.68 rows=924 width=0)
	              Index Cond: ((id >= 1278632) AND (id <= 1279631))

for: simple_ranges
table 1 : explain SELECT c FROM sbtest1 WHERE id BETWEEN 9688255 AND 9689254
	Bitmap Heap Scan on sbtest1  (cost=21.30..3351.12 rows=865 width=121)
	  Recheck Cond: ((id >= 9688255) AND (id <= 9689254))
	  ->  Bitmap Index Scan on sbtest1_pkey  (cost=0.00..21.08 rows=865 width=0)
	        Index Cond: ((id >= 9688255) AND (id <= 9689254))

table 2 : explain SELECT c FROM sbtest2 WHERE id BETWEEN 7531163 AND 7532162
	Bitmap Heap Scan on sbtest2  (cost=22.92..3948.20 rows=1023 width=121)
	  Recheck Cond: ((id >= 7531163) AND (id <= 7532162))
	  ->  Bitmap Index Scan on sbtest2_pkey  (cost=0.00..22.66 rows=1023 width=0)
	        Index Cond: ((id >= 7531163) AND (id <= 7532162))

table 3 : explain SELECT c FROM sbtest3 WHERE id BETWEEN 4119739 AND 4120738
	Bitmap Heap Scan on sbtest3  (cost=22.60..3829.72 rows=992 width=121)
	  Recheck Cond: ((id >= 4119739) AND (id <= 4120738))
	  ->  Bitmap Index Scan on sbtest3_pkey  (cost=0.00..22.36 rows=992 width=0)
	        Index Cond: ((id >= 4119739) AND (id <= 4120738))

table 4 : explain SELECT c FROM sbtest4 WHERE id BETWEEN 8417531 AND 8418530
	Bitmap Heap Scan on sbtest4  (cost=22.72..3871.92 rows=1003 width=121)
	  Recheck Cond: ((id >= 8417531) AND (id <= 8418530))
	  ->  Bitmap Index Scan on sbtest4_pkey  (cost=0.00..22.46 rows=1003 width=0)
	        Index Cond: ((id >= 8417531) AND (id <= 8418530))

table 5 : explain SELECT c FROM sbtest5 WHERE id BETWEEN 1944021 AND 1945020
	Bitmap Heap Scan on sbtest5  (cost=27.27..4080.10 rows=1057 width=121)
	  Recheck Cond: ((id >= 1944021) AND (id <= 1945020))
	  ->  Bitmap Index Scan on sbtest5_pkey  (cost=0.00..27.00 rows=1057 width=0)
	        Index Cond: ((id >= 1944021) AND (id <= 1945020))

table 6 : explain SELECT c FROM sbtest6 WHERE id BETWEEN 8871992 AND 8872991
	Bitmap Heap Scan on sbtest6  (cost=22.21..3687.49 rows=954 width=121)
	  Recheck Cond: ((id >= 8871992) AND (id <= 8872991))
	  ->  Bitmap Index Scan on sbtest6_pkey  (cost=0.00..21.97 rows=954 width=0)
	        Index Cond: ((id >= 8871992) AND (id <= 8872991))

table 7 : explain SELECT c FROM sbtest7 WHERE id BETWEEN 9982773 AND 9983772
	Bitmap Heap Scan on sbtest7  (cost=22.79..3898.46 rows=1010 width=121)
	  Recheck Cond: ((id >= 9982773) AND (id <= 9983772))
	  ->  Bitmap Index Scan on sbtest7_pkey  (cost=0.00..22.54 rows=1010 width=0)
	        Index Cond: ((id >= 9982773) AND (id <= 9983772))

table 8 : explain SELECT c FROM sbtest8 WHERE id BETWEEN 79692 AND 80691
	Bitmap Heap Scan on sbtest8  (cost=22.91..3943.93 rows=1022 width=121)
	  Recheck Cond: ((id >= 79692) AND (id <= 80691))
	  ->  Bitmap Index Scan on sbtest8_pkey  (cost=0.00..22.65 rows=1022 width=0)
	        Index Cond: ((id >= 79692) AND (id <= 80691))

for: distinct_ranges
table 1 : explain SELECT DISTINCT c FROM sbtest1 WHERE id BETWEEN 5164134 AND 5165133 ORDER BY c
	Unique  (cost=3879.92..3884.88 rows=992 width=121)
	  ->  Sort  (cost=3879.92..3882.40 rows=992 width=121)
	        Sort Key: c
	        ->  Bitmap Heap Scan on sbtest1  (cost=22.60..3830.54 rows=992 width=121)
	              Recheck Cond: ((id >= 5164134) AND (id <= 5165133))
	              ->  Bitmap Index Scan on sbtest1_pkey  (cost=0.00..22.36 rows=992 width=0)
	                    Index Cond: ((id >= 5164134) AND (id <= 5165133))

table 2 : explain SELECT DISTINCT c FROM sbtest2 WHERE id BETWEEN 4379818 AND 4380817 ORDER BY c
	Unique  (cost=3639.62..3644.27 rows=929 width=121)
	  ->  Sort  (cost=3639.62..3641.94 rows=929 width=121)
	        Sort Key: c
	        ->  Bitmap Heap Scan on sbtest2  (cost=21.96..3593.82 rows=929 width=121)
	              Recheck Cond: ((id >= 4379818) AND (id <= 4380817))
	              ->  Bitmap Index Scan on sbtest2_pkey  (cost=0.00..21.72 rows=929 width=0)
	                    Index Cond: ((id >= 4379818) AND (id <= 4380817))

table 3 : explain SELECT DISTINCT c FROM sbtest3 WHERE id BETWEEN 71013 AND 72012 ORDER BY c
	Unique  (cost=3932.59..3937.62 rows=1006 width=121)
	  ->  Sort  (cost=3932.59..3935.10 rows=1006 width=121)
	        Sort Key: c
	        ->  Bitmap Heap Scan on sbtest3  (cost=22.75..3882.42 rows=1006 width=121)
	              Recheck Cond: ((id >= 71013) AND (id <= 72012))
	              ->  Bitmap Index Scan on sbtest3_pkey  (cost=0.00..22.50 rows=1006 width=0)
	                    Index Cond: ((id >= 71013) AND (id <= 72012))

table 4 : explain SELECT DISTINCT c FROM sbtest4 WHERE id BETWEEN 6819629 AND 6820628 ORDER BY c
	Unique  (cost=3921.92..3926.93 rows=1003 width=121)
	  ->  Sort  (cost=3921.92..3924.43 rows=1003 width=121)
	        Sort Key: c
	        ->  Bitmap Heap Scan on sbtest4  (cost=22.72..3871.92 rows=1003 width=121)
	              Recheck Cond: ((id >= 6819629) AND (id <= 6820628))
	              ->  Bitmap Index Scan on sbtest4_pkey  (cost=0.00..22.46 rows=1003 width=0)
	                    Index Cond: ((id >= 6819629) AND (id <= 6820628))

table 5 : explain SELECT DISTINCT c FROM sbtest5 WHERE id BETWEEN 5253284 AND 5254283 ORDER BY c
	Unique  (cost=4297.22..4302.72 rows=1100 width=121)
	  ->  Sort  (cost=4297.22..4299.97 rows=1100 width=121)
	        Sort Key: c
	        ->  Bitmap Heap Scan on sbtest5  (cost=27.71..4241.65 rows=1100 width=121)
	              Recheck Cond: ((id >= 5253284) AND (id <= 5254283))
	              ->  Bitmap Index Scan on sbtest5_pkey  (cost=0.00..27.43 rows=1100 width=0)
	                    Index Cond: ((id >= 5253284) AND (id <= 5254283))

table 6 : explain SELECT DISTINCT c FROM sbtest6 WHERE id BETWEEN 8503465 AND 8504464 ORDER BY c
	Unique  (cost=3585.29..3589.87 rows=915 width=121)
	  ->  Sort  (cost=3585.29..3587.58 rows=915 width=121)
	        Sort Key: c
	        ->  Bitmap Heap Scan on sbtest6  (cost=21.81..3540.29 rows=915 width=121)
	              Recheck Cond: ((id >= 8503465) AND (id <= 8504464))
	              ->  Bitmap Index Scan on sbtest6_pkey  (cost=0.00..21.58 rows=915 width=0)
	                    Index Cond: ((id >= 8503465) AND (id <= 8504464))

table 7 : explain SELECT DISTINCT c FROM sbtest7 WHERE id BETWEEN 5969566 AND 5970565 ORDER BY c
	Unique  (cost=3895.35..3900.33 rows=996 width=121)
	  ->  Sort  (cost=3895.35..3897.84 rows=996 width=121)
	        Sort Key: c
	        ->  Bitmap Heap Scan on sbtest7  (cost=22.64..3845.75 rows=996 width=121)
	              Recheck Cond: ((id >= 5969566) AND (id <= 5970565))
	              ->  Bitmap Index Scan on sbtest7_pkey  (cost=0.00..22.39 rows=996 width=0)
	                    Index Cond: ((id >= 5969566) AND (id <= 5970565))

table 8 : explain SELECT DISTINCT c FROM sbtest8 WHERE id BETWEEN 489996 AND 490995 ORDER BY c
	Unique  (cost=3669.83..3674.51 rows=937 width=121)
	  ->  Sort  (cost=3669.83..3672.17 rows=937 width=121)
	        Sort Key: c
	        ->  Bitmap Heap Scan on sbtest8  (cost=22.04..3623.58 rows=937 width=121)
	              Recheck Cond: ((id >= 489996) AND (id <= 490995))
	              ->  Bitmap Index Scan on sbtest8_pkey  (cost=0.00..21.80 rows=937 width=0)
	                    Index Cond: ((id >= 489996) AND (id <= 490995))

for: distinct_ranges
table 1 : explain SELECT DISTINCT c FROM sbtest1 WHERE id BETWEEN 5214997 AND 5215996 ORDER BY c
	Unique  (cost=3879.92..3884.88 rows=992 width=121)
	  ->  Sort  (cost=3879.92..3882.40 rows=992 width=121)
	        Sort Key: c
	        ->  Bitmap Heap Scan on sbtest1  (cost=22.60..3830.54 rows=992 width=121)
	              Recheck Cond: ((id >= 5214997) AND (id <= 5215996))
	              ->  Bitmap Index Scan on sbtest1_pkey  (cost=0.00..22.36 rows=992 width=0)
	                    Index Cond: ((id >= 5214997) AND (id <= 5215996))

table 2 : explain SELECT DISTINCT c FROM sbtest2 WHERE id BETWEEN 9841269 AND 9842268 ORDER BY c
	Unique  (cost=3769.86..3774.68 rows=963 width=121)
	  ->  Sort  (cost=3769.86..3772.27 rows=963 width=121)
	        Sort Key: c
	        ->  Bitmap Heap Scan on sbtest2  (cost=22.31..3722.14 rows=963 width=121)
	              Recheck Cond: ((id >= 9841269) AND (id <= 9842268))
	              ->  Bitmap Index Scan on sbtest2_pkey  (cost=0.00..22.07 rows=963 width=0)
	                    Index Cond: ((id >= 9841269) AND (id <= 9842268))

table 3 : explain SELECT DISTINCT c FROM sbtest3 WHERE id BETWEEN 8080102 AND 8081101 ORDER BY c
	Unique  (cost=4043.33..4048.51 rows=1035 width=121)
	  ->  Sort  (cost=4043.33..4045.92 rows=1035 width=121)
	        Sort Key: c
	        ->  Bitmap Heap Scan on sbtest3  (cost=23.04..3991.50 rows=1035 width=121)
	              Recheck Cond: ((id >= 8080102) AND (id <= 8081101))
	              ->  Bitmap Index Scan on sbtest3_pkey  (cost=0.00..22.79 rows=1035 width=0)
	                    Index Cond: ((id >= 8080102) AND (id <= 8081101))

table 4 : explain SELECT DISTINCT c FROM sbtest4 WHERE id BETWEEN 1996017 AND 1997016 ORDER BY c
	Unique  (cost=3788.07..3792.91 rows=968 width=121)
	  ->  Sort  (cost=3788.07..3790.49 rows=968 width=121)
	        Sort Key: c
	        ->  Bitmap Heap Scan on sbtest4  (cost=22.36..3740.06 rows=968 width=121)
	              Recheck Cond: ((id >= 1996017) AND (id <= 1997016))
	              ->  Bitmap Index Scan on sbtest4_pkey  (cost=0.00..22.11 rows=968 width=0)
	                    Index Cond: ((id >= 1996017) AND (id <= 1997016))

table 5 : explain SELECT DISTINCT c FROM sbtest5 WHERE id BETWEEN 189996 AND 190995 ORDER BY c
	Unique  (cost=4259.09..4264.54 rows=1090 width=121)
	  ->  Sort  (cost=4259.09..4261.82 rows=1090 width=121)
	        Sort Key: c
	        ->  Bitmap Heap Scan on sbtest5  (cost=27.61..4204.10 rows=1090 width=121)
	              Recheck Cond: ((id >= 189996) AND (id <= 190995))
	              ->  Bitmap Index Scan on sbtest5_pkey  (cost=0.00..27.33 rows=1090 width=0)
	                    Index Cond: ((id >= 189996) AND (id <= 190995))

table 6 : explain SELECT DISTINCT c FROM sbtest6 WHERE id BETWEEN 444104 AND 445103 ORDER BY c
	Unique  (cost=3558.46..3563.00 rows=908 width=121)
	  ->  Sort  (cost=3558.46..3560.73 rows=908 width=121)
	        Sort Key: c
	        ->  Bitmap Heap Scan on sbtest6  (cost=21.74..3513.84 rows=908 width=121)
	              Recheck Cond: ((id >= 444104) AND (id <= 445103))
	              ->  Bitmap Index Scan on sbtest6_pkey  (cost=0.00..21.51 rows=908 width=0)
	                    Index Cond: ((id >= 444104) AND (id <= 445103))

table 7 : explain SELECT DISTINCT c FROM sbtest7 WHERE id BETWEEN 2824574 AND 2825573 ORDER BY c
	Unique  (cost=3864.76..3869.70 rows=988 width=121)
	  ->  Sort  (cost=3864.76..3867.23 rows=988 width=121)
	        Sort Key: c
	        ->  Bitmap Heap Scan on sbtest7  (cost=22.56..3815.61 rows=988 width=121)
	              Recheck Cond: ((id >= 2824574) AND (id <= 2825573))
	              ->  Bitmap Index Scan on sbtest7_pkey  (cost=0.00..22.32 rows=988 width=0)
	                    Index Cond: ((id >= 2824574) AND (id <= 2825573))

table 8 : explain SELECT DISTINCT c FROM sbtest8 WHERE id BETWEEN 6359108 AND 6360107 ORDER BY c
	Unique  (cost=4136.29..4141.58 rows=1059 width=121)
	  ->  Sort  (cost=4136.29..4138.94 rows=1059 width=121)
	        Sort Key: c
	        ->  Bitmap Heap Scan on sbtest8  (cost=23.29..4083.08 rows=1059 width=121)
	              Recheck Cond: ((id >= 6359108) AND (id <= 6360107))
	              ->  Bitmap Index Scan on sbtest8_pkey  (cost=0.00..23.02 rows=1059 width=0)
	                    Index Cond: ((id >= 6359108) AND (id <= 6360107))

for point_selects
table 1 : explain SELECT c FROM sbtest1 WHERE id=5095359
	Index Scan using sbtest1_pkey on sbtest1  (cost=0.43..8.45 rows=1 width=121)
	  Index Cond: (id = 5095359)

table 2 : explain SELECT c FROM sbtest2 WHERE id=741451
	Index Scan using sbtest2_pkey on sbtest2  (cost=0.43..8.45 rows=1 width=121)
	  Index Cond: (id = 741451)

table 3 : explain SELECT c FROM sbtest3 WHERE id=5248687
	Index Scan using sbtest3_pkey on sbtest3  (cost=0.43..8.45 rows=1 width=121)
	  Index Cond: (id = 5248687)

table 4 : explain SELECT c FROM sbtest4 WHERE id=2597148
	Index Scan using sbtest4_pkey on sbtest4  (cost=0.43..8.45 rows=1 width=121)
	  Index Cond: (id = 2597148)

table 5 : explain SELECT c FROM sbtest5 WHERE id=1342385
	Index Scan using sbtest5_pkey on sbtest5  (cost=0.43..8.45 rows=1 width=121)
	  Index Cond: (id = 1342385)

table 6 : explain SELECT c FROM sbtest6 WHERE id=7274963
	Index Scan using sbtest6_pkey on sbtest6  (cost=0.43..8.45 rows=1 width=121)
	  Index Cond: (id = 7274963)

table 7 : explain SELECT c FROM sbtest7 WHERE id=3596938
	Index Scan using sbtest7_pkey on sbtest7  (cost=0.43..8.45 rows=1 width=121)
	  Index Cond: (id = 3596938)

table 8 : explain SELECT c FROM sbtest8 WHERE id=540704
	Index Scan using sbtest8_pkey on sbtest8  (cost=0.43..8.45 rows=1 width=121)
	  Index Cond: (id = 540704)

for point_selects
table 1 : explain SELECT c FROM sbtest1 WHERE id=3306082
	Index Scan using sbtest1_pkey on sbtest1  (cost=0.43..8.45 rows=1 width=121)
	  Index Cond: (id = 3306082)

table 2 : explain SELECT c FROM sbtest2 WHERE id=9599958
	Index Scan using sbtest2_pkey on sbtest2  (cost=0.43..8.45 rows=1 width=121)
	  Index Cond: (id = 9599958)

table 3 : explain SELECT c FROM sbtest3 WHERE id=5696524
	Index Scan using sbtest3_pkey on sbtest3  (cost=0.43..8.45 rows=1 width=121)
	  Index Cond: (id = 5696524)

table 4 : explain SELECT c FROM sbtest4 WHERE id=9294949
	Index Scan using sbtest4_pkey on sbtest4  (cost=0.43..8.45 rows=1 width=121)
	  Index Cond: (id = 9294949)

table 5 : explain SELECT c FROM sbtest5 WHERE id=4420797
	Index Scan using sbtest5_pkey on sbtest5  (cost=0.43..8.45 rows=1 width=121)
	  Index Cond: (id = 4420797)

table 6 : explain SELECT c FROM sbtest6 WHERE id=9394826
	Index Scan using sbtest6_pkey on sbtest6  (cost=0.43..8.45 rows=1 width=121)
	  Index Cond: (id = 9394826)

table 7 : explain SELECT c FROM sbtest7 WHERE id=6102302
	Index Scan using sbtest7_pkey on sbtest7  (cost=0.43..8.45 rows=1 width=121)
	  Index Cond: (id = 6102302)

table 8 : explain SELECT c FROM sbtest8 WHERE id=7260896
	Index Scan using sbtest8_pkey on sbtest8  (cost=0.43..8.45 rows=1 width=121)
	  Index Cond: (id = 7260896)

for: distinct_ranges
table 1 : explain SELECT DISTINCT c FROM sbtest1 WHERE id BETWEEN 7416480 AND 7417479 ORDER BY c
	Unique  (cost=3891.39..3896.36 rows=995 width=121)
	  ->  Sort  (cost=3891.39..3893.87 rows=995 width=121)
	        Sort Key: c
	        ->  Bitmap Heap Scan on sbtest1  (cost=22.63..3841.84 rows=995 width=121)
	              Recheck Cond: ((id >= 7416480) AND (id <= 7417479))
	              ->  Bitmap Index Scan on sbtest1_pkey  (cost=0.00..22.39 rows=995 width=0)
	                    Index Cond: ((id >= 7416480) AND (id <= 7417479))

table 2 : explain SELECT DISTINCT c FROM sbtest2 WHERE id BETWEEN 1840722 AND 1841721 ORDER BY c
	Unique  (cost=4102.47..4107.72 rows=1050 width=121)
	  ->  Sort  (cost=4102.47..4105.10 rows=1050 width=121)
	        Sort Key: c
	        ->  Bitmap Heap Scan on sbtest2  (cost=23.20..4049.78 rows=1050 width=121)
	              Recheck Cond: ((id >= 1840722) AND (id <= 1841721))
	              ->  Bitmap Index Scan on sbtest2_pkey  (cost=0.00..22.93 rows=1050 width=0)
	                    Index Cond: ((id >= 1840722) AND (id <= 1841721))

table 3 : explain SELECT DISTINCT c FROM sbtest3 WHERE id BETWEEN 9865046 AND 9866045 ORDER BY c
	Unique  (cost=3921.13..3926.14 rows=1003 width=121)
	  ->  Sort  (cost=3921.13..3923.63 rows=1003 width=121)
	        Sort Key: c
	        ->  Bitmap Heap Scan on sbtest3  (cost=22.72..3871.13 rows=1003 width=121)
	              Recheck Cond: ((id >= 9865046) AND (id <= 9866045))
	              ->  Bitmap Index Scan on sbtest3_pkey  (cost=0.00..22.46 rows=1003 width=0)
	                    Index Cond: ((id >= 9865046) AND (id <= 9866045))

table 4 : explain SELECT DISTINCT c FROM sbtest4 WHERE id BETWEEN 4433332 AND 4434331 ORDER BY c
	Unique  (cost=3788.07..3792.91 rows=968 width=121)
	  ->  Sort  (cost=3788.07..3790.49 rows=968 width=121)
	        Sort Key: c
	        ->  Bitmap Heap Scan on sbtest4  (cost=22.36..3740.06 rows=968 width=121)
	              Recheck Cond: ((id >= 4433332) AND (id <= 4434331))
	              ->  Bitmap Index Scan on sbtest4_pkey  (cost=0.00..22.11 rows=968 width=0)
	                    Index Cond: ((id >= 4433332) AND (id <= 4434331))

table 5 : explain SELECT DISTINCT c FROM sbtest5 WHERE id BETWEEN 4359611 AND 4360610 ORDER BY c
	Unique  (cost=3811.96..3816.83 rows=974 width=121)
	  ->  Sort  (cost=3811.96..3814.40 rows=974 width=121)
	        Sort Key: c
	        ->  Bitmap Heap Scan on sbtest5  (cost=22.42..3763.62 rows=974 width=121)
	              Recheck Cond: ((id >= 4359611) AND (id <= 4360610))
	              ->  Bitmap Index Scan on sbtest5_pkey  (cost=0.00..22.18 rows=974 width=0)
	                    Index Cond: ((id >= 4359611) AND (id <= 4360610))

table 6 : explain SELECT DISTINCT c FROM sbtest6 WHERE id BETWEEN 1959630 AND 1960629 ORDER BY c
	Unique  (cost=3692.58..3697.29 rows=943 width=121)
	  ->  Sort  (cost=3692.58..3694.94 rows=943 width=121)
	        Sort Key: c
	        ->  Bitmap Heap Scan on sbtest6  (cost=22.10..3645.99 rows=943 width=121)
	              Recheck Cond: ((id >= 1959630) AND (id <= 1960629))
	              ->  Bitmap Index Scan on sbtest6_pkey  (cost=0.00..21.86 rows=943 width=0)
	                    Index Cond: ((id >= 1959630) AND (id <= 1960629))

table 7 : explain SELECT DISTINCT c FROM sbtest7 WHERE id BETWEEN 6334772 AND 6335771 ORDER BY c
	Unique  (cost=4399.24..4404.88 rows=1128 width=121)
	  ->  Sort  (cost=4399.24..4402.06 rows=1128 width=121)
	        Sort Key: c
	        ->  Bitmap Heap Scan on sbtest7  (cost=28.00..4342.05 rows=1128 width=121)
	              Recheck Cond: ((id >= 6334772) AND (id <= 6335771))
	              ->  Bitmap Index Scan on sbtest7_pkey  (cost=0.00..27.71 rows=1128 width=0)
	                    Index Cond: ((id >= 6334772) AND (id <= 6335771))

table 8 : explain SELECT DISTINCT c FROM sbtest8 WHERE id BETWEEN 6013074 AND 6014073 ORDER BY c
	Unique  (cost=3945.34..3950.38 rows=1009 width=121)
	  ->  Sort  (cost=3945.34..3947.86 rows=1009 width=121)
	        Sort Key: c
	        ->  Bitmap Heap Scan on sbtest8  (cost=22.78..3894.99 rows=1009 width=121)
	              Recheck Cond: ((id >= 6013074) AND (id <= 6014073))
	              ->  Bitmap Index Scan on sbtest8_pkey  (cost=0.00..22.52 rows=1009 width=0)
	                    Index Cond: ((id >= 6013074) AND (id <= 6014073))

for: order_ranges
table 1 : explain SELECT c FROM sbtest1 WHERE id BETWEEN 5920674 AND 5921673 ORDER BY c
	Sort  (cost=4380.03..4382.84 rows=1123 width=121)
	  Sort Key: c
	  ->  Bitmap Heap Scan on sbtest1  (cost=27.95..4323.14 rows=1123 width=121)
	        Recheck Cond: ((id >= 5920674) AND (id <= 5921673))
	        ->  Bitmap Index Scan on sbtest1_pkey  (cost=0.00..27.66 rows=1123 width=0)
	              Index Cond: ((id >= 5920674) AND (id <= 5921673))

table 2 : explain SELECT c FROM sbtest2 WHERE id BETWEEN 2968312 AND 2969311 ORDER BY c
	Sort  (cost=3720.08..3722.46 rows=950 width=121)
	  Sort Key: c
	  ->  Bitmap Heap Scan on sbtest2  (cost=22.17..3673.09 rows=950 width=121)
	        Recheck Cond: ((id >= 2968312) AND (id <= 2969311))
	        ->  Bitmap Index Scan on sbtest2_pkey  (cost=0.00..21.93 rows=950 width=0)
	              Index Cond: ((id >= 2968312) AND (id <= 2969311))

table 3 : explain SELECT c FROM sbtest3 WHERE id BETWEEN 9367403 AND 9368402 ORDER BY c
	Sort  (cost=3457.88..3460.08 rows=882 width=121)
	  Sort Key: c
	  ->  Bitmap Heap Scan on sbtest3  (cost=21.48..3414.73 rows=882 width=121)
	        Recheck Cond: ((id >= 9367403) AND (id <= 9368402))
	        ->  Bitmap Index Scan on sbtest3_pkey  (cost=0.00..21.25 rows=882 width=0)
	              Index Cond: ((id >= 9367403) AND (id <= 9368402))

table 4 : explain SELECT c FROM sbtest4 WHERE id BETWEEN 2198118 AND 2199117 ORDER BY c
	Sort  (cost=3565.93..3568.20 rows=910 width=121)
	  Sort Key: c
	  ->  Bitmap Heap Scan on sbtest4  (cost=21.76..3521.20 rows=910 width=121)
	        Recheck Cond: ((id >= 2198118) AND (id <= 2199117))
	        ->  Bitmap Index Scan on sbtest4_pkey  (cost=0.00..21.54 rows=910 width=0)
	              Index Cond: ((id >= 2198118) AND (id <= 2199117))

table 5 : explain SELECT c FROM sbtest5 WHERE id BETWEEN 5576012 AND 5577011 ORDER BY c
	Sort  (cost=3915.43..3917.93 rows=1000 width=121)
	  Sort Key: c
	  ->  Bitmap Heap Scan on sbtest5  (cost=26.68..3865.60 rows=1000 width=121)
	        Recheck Cond: ((id >= 5576012) AND (id <= 5577011))
	        ->  Bitmap Index Scan on sbtest5_pkey  (cost=0.00..26.43 rows=1000 width=0)
	              Index Cond: ((id >= 5576012) AND (id <= 5577011))

table 6 : explain SELECT c FROM sbtest6 WHERE id BETWEEN 9041154 AND 9042153 ORDER BY c
	Sort  (cost=4456.39..4459.24 rows=1143 width=121)
	  Sort Key: c
	  ->  Bitmap Heap Scan on sbtest6  (cost=28.15..4398.33 rows=1143 width=121)
	        Recheck Cond: ((id >= 9041154) AND (id <= 9042153))
	        ->  Bitmap Index Scan on sbtest6_pkey  (cost=0.00..27.86 rows=1143 width=0)
	              Index Cond: ((id >= 9041154) AND (id <= 9042153))

table 7 : explain SELECT c FROM sbtest7 WHERE id BETWEEN 2457511 AND 2458510 ORDER BY c
	Sort  (cost=3447.17..3449.37 rows=879 width=121)
	  Sort Key: c
	  ->  Bitmap Heap Scan on sbtest7  (cost=21.44..3404.19 rows=879 width=121)
	        Recheck Cond: ((id >= 2457511) AND (id <= 2458510))
	        ->  Bitmap Index Scan on sbtest7_pkey  (cost=0.00..21.22 rows=879 width=0)
	              Index Cond: ((id >= 2457511) AND (id <= 2458510))

table 8 : explain SELECT c FROM sbtest8 WHERE id BETWEEN 4757740 AND 4758739 ORDER BY c
	Sort  (cost=3968.27..3970.80 rows=1015 width=121)
	  Sort Key: c
	  ->  Bitmap Heap Scan on sbtest8  (cost=22.84..3917.58 rows=1015 width=121)
	        Recheck Cond: ((id >= 4757740) AND (id <= 4758739))
	        ->  Bitmap Index Scan on sbtest8_pkey  (cost=0.00..22.58 rows=1015 width=0)
	              Index Cond: ((id >= 4757740) AND (id <= 4758739))

for: sum_ranges
table 1 : explain SELECT SUM(k) FROM sbtest1 WHERE id BETWEEN 6379918 AND 6380917
	Aggregate  (cost=4340.95..4340.96 rows=1 width=8)
	  ->  Bitmap Heap Scan on sbtest1  (cost=27.99..4338.14 rows=1127 width=4)
	        Recheck Cond: ((id >= 6379918) AND (id <= 6380917))
	        ->  Bitmap Index Scan on sbtest1_pkey  (cost=0.00..27.70 rows=1127 width=0)
	              Index Cond: ((id >= 6379918) AND (id <= 6380917))

table 2 : explain SELECT SUM(k) FROM sbtest2 WHERE id BETWEEN 1865549 AND 1866548
	Aggregate  (cost=4052.41..4052.42 rows=1 width=8)
	  ->  Bitmap Heap Scan on sbtest2  (cost=23.20..4049.78 rows=1050 width=4)
	        Recheck Cond: ((id >= 1865549) AND (id <= 1866548))
	        ->  Bitmap Index Scan on sbtest2_pkey  (cost=0.00..22.93 rows=1050 width=0)
	              Index Cond: ((id >= 1865549) AND (id <= 1866548))

table 3 : explain SELECT SUM(k) FROM sbtest3 WHERE id BETWEEN 9989263 AND 9990262
	Aggregate  (cost=3730.42..3730.43 rows=1 width=8)
	  ->  Bitmap Heap Scan on sbtest3  (cost=22.33..3728.01 rows=965 width=4)
	        Recheck Cond: ((id >= 9989263) AND (id <= 9990262))
	        ->  Bitmap Index Scan on sbtest3_pkey  (cost=0.00..22.08 rows=965 width=0)
	              Index Cond: ((id >= 9989263) AND (id <= 9990262))

table 4 : explain SELECT SUM(k) FROM sbtest4 WHERE id BETWEEN 5143360 AND 5144359
	Aggregate  (cost=4408.41..4408.42 rows=1 width=8)
	  ->  Bitmap Heap Scan on sbtest4  (cost=28.17..4405.55 rows=1145 width=4)
	        Recheck Cond: ((id >= 5143360) AND (id <= 5144359))
	        ->  Bitmap Index Scan on sbtest4_pkey  (cost=0.00..27.89 rows=1145 width=0)
	              Index Cond: ((id >= 5143360) AND (id <= 5144359))

table 5 : explain SELECT SUM(k) FROM sbtest5 WHERE id BETWEEN 9422970 AND 9423969
	Aggregate  (cost=3833.94..3833.95 rows=1 width=8)
	  ->  Bitmap Heap Scan on sbtest5  (cost=22.60..3831.46 rows=992 width=4)
	        Recheck Cond: ((id >= 9422970) AND (id <= 9423969))
	        ->  Bitmap Index Scan on sbtest5_pkey  (cost=0.00..22.36 rows=992 width=0)
	              Index Cond: ((id >= 9422970) AND (id <= 9423969))

table 6 : explain SELECT SUM(k) FROM sbtest6 WHERE id BETWEEN 1453887 AND 1454886
	Aggregate  (cost=3784.19..3784.20 rows=1 width=8)
	  ->  Bitmap Heap Scan on sbtest6  (cost=22.47..3781.74 rows=979 width=4)
	        Recheck Cond: ((id >= 1453887) AND (id <= 1454886))
	        ->  Bitmap Index Scan on sbtest6_pkey  (cost=0.00..22.22 rows=979 width=0)
	              Index Cond: ((id >= 1453887) AND (id <= 1454886))

table 7 : explain SELECT SUM(k) FROM sbtest7 WHERE id BETWEEN 6598327 AND 6599326
	Aggregate  (cost=4111.73..4111.74 rows=1 width=8)
	  ->  Bitmap Heap Scan on sbtest7  (cost=23.36..4109.07 rows=1066 width=4)
	        Recheck Cond: ((id >= 6598327) AND (id <= 6599326))
	        ->  Bitmap Index Scan on sbtest7_pkey  (cost=0.00..23.09 rows=1066 width=0)
	              Index Cond: ((id >= 6598327) AND (id <= 6599326))

table 8 : explain SELECT SUM(k) FROM sbtest8 WHERE id BETWEEN 3410485 AND 3411484
	Aggregate  (cost=3686.34..3686.35 rows=1 width=8)
	  ->  Bitmap Heap Scan on sbtest8  (cost=22.20..3683.95 rows=953 width=4)
	        Recheck Cond: ((id >= 3410485) AND (id <= 3411484))
	        ->  Bitmap Index Scan on sbtest8_pkey  (cost=0.00..21.96 rows=953 width=0)
	              Index Cond: ((id >= 3410485) AND (id <= 3411484))

explain: for point_selects :: explain SELECT c FROM sbtest%u WHERE id=%u
for: simple_ranges
table 1 : explain SELECT c FROM sbtest1 WHERE id BETWEEN 9201408 AND 9202407
	Bitmap Heap Scan on sbtest1  (cost=22.98..3969.82 rows=1029 width=121)
	  Recheck Cond: ((id >= 9201408) AND (id <= 9202407))
	  ->  Bitmap Index Scan on sbtest1_pkey  (cost=0.00..22.72 rows=1029 width=0)
	        Index Cond: ((id >= 9201408) AND (id <= 9202407))

table 2 : explain SELECT c FROM sbtest2 WHERE id BETWEEN 6963493 AND 6964492
	Bitmap Heap Scan on sbtest2  (cost=28.05..4361.75 rows=1133 width=121)
	  Recheck Cond: ((id >= 6963493) AND (id <= 6964492))
	  ->  Bitmap Index Scan on sbtest2_pkey  (cost=0.00..27.76 rows=1133 width=0)
	        Index Cond: ((id >= 6963493) AND (id <= 6964492))

table 3 : explain SELECT c FROM sbtest3 WHERE id BETWEEN 2847584 AND 2848583
	Bitmap Heap Scan on sbtest3  (cost=22.53..3803.36 rows=985 width=121)
	  Recheck Cond: ((id >= 2847584) AND (id <= 2848583))
	  ->  Bitmap Index Scan on sbtest3_pkey  (cost=0.00..22.29 rows=985 width=0)
	        Index Cond: ((id >= 2847584) AND (id <= 2848583))

table 4 : explain SELECT c FROM sbtest4 WHERE id BETWEEN 71909 AND 72908
	Bitmap Heap Scan on sbtest4  (cost=22.51..3796.59 rows=983 width=121)
	  Recheck Cond: ((id >= 71909) AND (id <= 72908))
	  ->  Bitmap Index Scan on sbtest4_pkey  (cost=0.00..22.26 rows=983 width=0)
	        Index Cond: ((id >= 71909) AND (id <= 72908))

table 5 : explain SELECT c FROM sbtest5 WHERE id BETWEEN 9754347 AND 9755346
	Bitmap Heap Scan on sbtest5  (cost=27.49..4162.78 rows=1079 width=121)
	  Recheck Cond: ((id >= 9754347) AND (id <= 9755346))
	  ->  Bitmap Index Scan on sbtest5_pkey  (cost=0.00..27.22 rows=1079 width=0)
	        Index Cond: ((id >= 9754347) AND (id <= 9755346))

table 6 : explain SELECT c FROM sbtest6 WHERE id BETWEEN 8465238 AND 8466237
	Bitmap Heap Scan on sbtest6  (cost=21.81..3540.29 rows=915 width=121)
	  Recheck Cond: ((id >= 8465238) AND (id <= 8466237))
	  ->  Bitmap Index Scan on sbtest6_pkey  (cost=0.00..21.58 rows=915 width=0)
	        Index Cond: ((id >= 8465238) AND (id <= 8466237))

table 7 : explain SELECT c FROM sbtest7 WHERE id BETWEEN 1461263 AND 1462262
	Bitmap Heap Scan on sbtest7  (cost=22.30..3717.62 rows=962 width=121)
	  Recheck Cond: ((id >= 1461263) AND (id <= 1462262))
	  ->  Bitmap Index Scan on sbtest7_pkey  (cost=0.00..22.05 rows=962 width=0)
	        Index Cond: ((id >= 1461263) AND (id <= 1462262))

table 8 : explain SELECT c FROM sbtest8 WHERE id BETWEEN 3736891 AND 3737890
	Bitmap Heap Scan on sbtest8  (cost=22.41..3759.37 rows=973 width=121)
	  Recheck Cond: ((id >= 3736891) AND (id <= 3737890))
	  ->  Bitmap Index Scan on sbtest8_pkey  (cost=0.00..22.16 rows=973 width=0)
	        Index Cond: ((id >= 3736891) AND (id <= 3737890))

explain: for point_selects :: explain SELECT c FROM sbtest%u WHERE id=%u
explain: for point_selects :: explain SELECT c FROM sbtest%u WHERE id=%u
explain: for point_selects :: explain SELECT c FROM sbtest%u WHERE id=%u
for: simple_ranges
table 1 : explain SELECT c FROM sbtest1 WHERE id BETWEEN 6373520 AND 6374519
	Bitmap Heap Scan on sbtest1  (cost=27.99..4338.14 rows=1127 width=121)
	  Recheck Cond: ((id >= 6373520) AND (id <= 6374519))
	  ->  Bitmap Index Scan on sbtest1_pkey  (cost=0.00..27.70 rows=1127 width=0)
	        Index Cond: ((id >= 6373520) AND (id <= 6374519))

table 2 : explain SELECT c FROM sbtest2 WHERE id BETWEEN 7041528 AND 7042527
	Bitmap Heap Scan on sbtest2  (cost=22.53..3805.08 rows=985 width=121)
	  Recheck Cond: ((id >= 7041528) AND (id <= 7042527))
	  ->  Bitmap Index Scan on sbtest2_pkey  (cost=0.00..22.29 rows=985 width=0)
	        Index Cond: ((id >= 7041528) AND (id <= 7042527))

table 3 : explain SELECT c FROM sbtest3 WHERE id BETWEEN 8356100 AND 8357099
	Bitmap Heap Scan on sbtest3  (cost=23.23..4059.16 rows=1053 width=121)
	  Recheck Cond: ((id >= 8356100) AND (id <= 8357099))
	  ->  Bitmap Index Scan on sbtest3_pkey  (cost=0.00..22.96 rows=1053 width=0)
	        Index Cond: ((id >= 8356100) AND (id <= 8357099))

table 4 : explain SELECT c FROM sbtest4 WHERE id BETWEEN 3413291 AND 3414290
	Bitmap Heap Scan on sbtest4  (cost=21.71..3502.31 rows=905 width=121)
	  Recheck Cond: ((id >= 3413291) AND (id <= 3414290))
	  ->  Bitmap Index Scan on sbtest4_pkey  (cost=0.00..21.48 rows=905 width=0)
	        Index Cond: ((id >= 3413291) AND (id <= 3414290))

table 5 : explain SELECT c FROM sbtest5 WHERE id BETWEEN 8854590 AND 8855589
	Bitmap Heap Scan on sbtest5  (cost=22.09..3642.90 rows=942 width=121)
	  Recheck Cond: ((id >= 8854590) AND (id <= 8855589))
	  ->  Bitmap Index Scan on sbtest5_pkey  (cost=0.00..21.86 rows=942 width=0)
	        Index Cond: ((id >= 8854590) AND (id <= 8855589))

table 6 : explain SELECT c FROM sbtest6 WHERE id BETWEEN 7910853 AND 7911852
	Bitmap Heap Scan on sbtest6  (cost=22.62..3838.25 rows=994 width=121)
	  Recheck Cond: ((id >= 7910853) AND (id <= 7911852))
	  ->  Bitmap Index Scan on sbtest6_pkey  (cost=0.00..22.37 rows=994 width=0)
	        Index Cond: ((id >= 7910853) AND (id <= 7911852))

table 7 : explain SELECT c FROM sbtest7 WHERE id BETWEEN 4167508 AND 4168507
	Bitmap Heap Scan on sbtest7  (cost=22.76..3887.17 rows=1007 width=121)
	  Recheck Cond: ((id >= 4167508) AND (id <= 4168507))
	  ->  Bitmap Index Scan on sbtest7_pkey  (cost=0.00..22.50 rows=1007 width=0)
	        Index Cond: ((id >= 4167508) AND (id <= 4168507))

table 8 : explain SELECT c FROM sbtest8 WHERE id BETWEEN 4886146 AND 4887145
	Bitmap Heap Scan on sbtest8  (cost=22.57..3819.67 rows=989 width=121)
	  Recheck Cond: ((id >= 4886146) AND (id <= 4887145))
	  ->  Bitmap Index Scan on sbtest8_pkey  (cost=0.00..22.32 rows=989 width=0)
	        Index Cond: ((id >= 4886146) AND (id <= 4887145))

explain: for point_selects :: explain SELECT c FROM sbtest%u WHERE id=%u
for: order_ranges
table 1 : explain SELECT c FROM sbtest1 WHERE id BETWEEN 2936836 AND 2937835 ORDER BY c
	Sort  (cost=3830.20..3832.65 rows=979 width=121)
	  Sort Key: c
	  ->  Bitmap Heap Scan on sbtest1  (cost=22.47..3781.57 rows=979 width=121)
	        Recheck Cond: ((id >= 2936836) AND (id <= 2937835))
	        ->  Bitmap Index Scan on sbtest1_pkey  (cost=0.00..22.22 rows=979 width=0)
	              Index Cond: ((id >= 2936836) AND (id <= 2937835))

table 2 : explain SELECT c FROM sbtest2 WHERE id BETWEEN 1262326 AND 1263325 ORDER BY c
	Sort  (cost=4026.09..4028.67 rows=1030 width=121)
	  Sort Key: c
	  ->  Bitmap Heap Scan on sbtest2  (cost=22.99..3974.55 rows=1030 width=121)
	        Recheck Cond: ((id >= 1262326) AND (id <= 1263325))
	        ->  Bitmap Index Scan on sbtest2_pkey  (cost=0.00..22.73 rows=1030 width=0)
	              Index Cond: ((id >= 1262326) AND (id <= 1263325))

table 3 : explain SELECT c FROM sbtest3 WHERE id BETWEEN 8666091 AND 8667090 ORDER BY c
	Sort  (cost=3645.70..3648.03 rows=931 width=121)
	  Sort Key: c
	  ->  Bitmap Heap Scan on sbtest3  (cost=21.98..3599.79 rows=931 width=121)
	        Recheck Cond: ((id >= 8666091) AND (id <= 8667090))
	        ->  Bitmap Index Scan on sbtest3_pkey  (cost=0.00..21.75 rows=931 width=0)
	              Index Cond: ((id >= 8666091) AND (id <= 8667090))

table 4 : explain SELECT c FROM sbtest4 WHERE id BETWEEN 7164732 AND 7165731 ORDER BY c
	Sort  (cost=4143.40..4146.05 rows=1061 width=121)
	  Sort Key: c
	  ->  Bitmap Heap Scan on sbtest4  (cost=23.31..4090.07 rows=1061 width=121)
	        Recheck Cond: ((id >= 7164732) AND (id <= 7165731))
	        ->  Bitmap Index Scan on sbtest4_pkey  (cost=0.00..23.04 rows=1061 width=0)
	              Index Cond: ((id >= 7164732) AND (id <= 7165731))

table 5 : explain SELECT c FROM sbtest5 WHERE id BETWEEN 2405585 AND 2406584 ORDER BY c
	Sort  (cost=3938.37..3940.88 rows=1006 width=121)
	  Sort Key: c
	  ->  Bitmap Heap Scan on sbtest5  (cost=26.75..3888.20 rows=1006 width=121)
	        Recheck Cond: ((id >= 2405585) AND (id <= 2406584))
	        ->  Bitmap Index Scan on sbtest5_pkey  (cost=0.00..26.50 rows=1006 width=0)
	              Index Cond: ((id >= 2405585) AND (id <= 2406584))

table 6 : explain SELECT c FROM sbtest6 WHERE id BETWEEN 1633730 AND 1634729 ORDER BY c
	Sort  (cost=3834.20..3836.65 rows=980 width=121)
	  Sort Key: c
	  ->  Bitmap Heap Scan on sbtest6  (cost=22.48..3785.51 rows=980 width=121)
	        Recheck Cond: ((id >= 1633730) AND (id <= 1634729))
	        ->  Bitmap Index Scan on sbtest6_pkey  (cost=0.00..22.23 rows=980 width=0)
	              Index Cond: ((id >= 1633730) AND (id <= 1634729))

table 7 : explain SELECT c FROM sbtest7 WHERE id BETWEEN 4959669 AND 4960668 ORDER BY c
	Sort  (cost=3562.26..3564.53 rows=909 width=121)
	  Sort Key: c
	  ->  Bitmap Heap Scan on sbtest7  (cost=21.75..3517.59 rows=909 width=121)
	        Recheck Cond: ((id >= 4959669) AND (id <= 4960668))
	        ->  Bitmap Index Scan on sbtest7_pkey  (cost=0.00..21.52 rows=909 width=0)
	              Index Cond: ((id >= 4959669) AND (id <= 4960668))

table 8 : explain SELECT c FROM sbtest8 WHERE id BETWEEN 6547458 AND 6548457 ORDER BY c
	Sort  (cost=3933.87..3936.39 rows=1006 width=121)
	  Sort Key: c
	  ->  Bitmap Heap Scan on sbtest8  (cost=22.75..3883.70 rows=1006 width=121)
	        Recheck Cond: ((id >= 6547458) AND (id <= 6548457))
	        ->  Bitmap Index Scan on sbtest8_pkey  (cost=0.00..22.50 rows=1006 width=0)
	              Index Cond: ((id >= 6547458) AND (id <= 6548457))

for: order_ranges
table 1 : explain SELECT c FROM sbtest1 WHERE id BETWEEN 5862652 AND 5863651 ORDER BY c
	Sort  (cost=4380.03..4382.84 rows=1123 width=121)
	  Sort Key: c
	  ->  Bitmap Heap Scan on sbtest1  (cost=27.95..4323.14 rows=1123 width=121)
	        Recheck Cond: ((id >= 5862652) AND (id <= 5863651))
	        ->  Bitmap Index Scan on sbtest1_pkey  (cost=0.00..27.66 rows=1123 width=0)
	              Index Cond: ((id >= 5862652) AND (id <= 5863651))

table 2 : explain SELECT c FROM sbtest2 WHERE id BETWEEN 5038418 AND 5039417 ORDER BY c
	Sort  (cost=3815.79..3818.23 rows=975 width=121)
	  Sort Key: c
	  ->  Bitmap Heap Scan on sbtest2  (cost=22.43..3767.39 rows=975 width=121)
	        Recheck Cond: ((id >= 5038418) AND (id <= 5039417))
	        ->  Bitmap Index Scan on sbtest2_pkey  (cost=0.00..22.18 rows=975 width=0)
	              Index Cond: ((id >= 5038418) AND (id <= 5039417))

table 3 : explain SELECT c FROM sbtest3 WHERE id BETWEEN 9483166 AND 9484165 ORDER BY c
	Sort  (cost=4363.81..4366.61 rows=1119 width=121)
	  Sort Key: c
	  ->  Bitmap Heap Scan on sbtest3  (cost=27.90..4307.15 rows=1119 width=121)
	        Recheck Cond: ((id >= 9483166) AND (id <= 9484165))
	        ->  Bitmap Index Scan on sbtest3_pkey  (cost=0.00..27.62 rows=1119 width=0)
	              Index Cond: ((id >= 9483166) AND (id <= 9484165))

table 4 : explain SELECT c FROM sbtest4 WHERE id BETWEEN 8036664 AND 8037663 ORDER BY c
	Sort  (cost=4067.07..4069.67 rows=1041 width=121)
	  Sort Key: c
	  ->  Bitmap Heap Scan on sbtest4  (cost=23.11..4014.90 rows=1041 width=121)
	        Recheck Cond: ((id >= 8036664) AND (id <= 8037663))
	        ->  Bitmap Index Scan on sbtest4_pkey  (cost=0.00..22.84 rows=1041 width=0)
	              Index Cond: ((id >= 8036664) AND (id <= 8037663))

table 5 : explain SELECT c FROM sbtest5 WHERE id BETWEEN 7026314 AND 7027313 ORDER BY c
	Sort  (cost=3919.25..3921.75 rows=1001 width=121)
	  Sort Key: c
	  ->  Bitmap Heap Scan on sbtest5  (cost=26.70..3869.37 rows=1001 width=121)
	        Recheck Cond: ((id >= 7026314) AND (id <= 7027313))
	        ->  Bitmap Index Scan on sbtest5_pkey  (cost=0.00..26.44 rows=1001 width=0)
	              Index Cond: ((id >= 7026314) AND (id <= 7027313))

table 6 : explain SELECT c FROM sbtest6 WHERE id BETWEEN 4890711 AND 4891710 ORDER BY c
	Sort  (cost=3569.96..3572.24 rows=911 width=121)
	  Sort Key: c
	  ->  Bitmap Heap Scan on sbtest6  (cost=21.77..3525.18 rows=911 width=121)
	        Recheck Cond: ((id >= 4890711) AND (id <= 4891710))
	        ->  Bitmap Index Scan on sbtest6_pkey  (cost=0.00..21.54 rows=911 width=0)
	              Index Cond: ((id >= 4890711) AND (id <= 4891710))

table 7 : explain SELECT c FROM sbtest7 WHERE id BETWEEN 2513114 AND 2514113 ORDER BY c
	Sort  (cost=3784.42..3786.84 rows=967 width=121)
	  Sort Key: c
	  ->  Bitmap Heap Scan on sbtest7  (cost=22.35..3736.47 rows=967 width=121)
	        Recheck Cond: ((id >= 2513114) AND (id <= 2514113))
	        ->  Bitmap Index Scan on sbtest7_pkey  (cost=0.00..22.11 rows=967 width=0)
	              Index Cond: ((id >= 2513114) AND (id <= 2514113))

table 8 : explain SELECT c FROM sbtest8 WHERE id BETWEEN 6332930 AND 6333929 ORDER BY c
	Sort  (cost=4136.29..4138.94 rows=1059 width=121)
	  Sort Key: c
	  ->  Bitmap Heap Scan on sbtest8  (cost=23.29..4083.08 rows=1059 width=121)
	        Recheck Cond: ((id >= 6332930) AND (id <= 6333929))
	        ->  Bitmap Index Scan on sbtest8_pkey  (cost=0.00..23.02 rows=1059 width=0)
	              Index Cond: ((id >= 6332930) AND (id <= 6333929))

explain: for point_selects :: explain SELECT c FROM sbtest%u WHERE id=%u
for: simple_ranges
table 1 : explain SELECT c FROM sbtest1 WHERE id BETWEEN 9751014 AND 9752013
	Bitmap Heap Scan on sbtest1  (cost=21.30..3351.12 rows=865 width=121)
	  Recheck Cond: ((id >= 9751014) AND (id <= 9752013))
	  ->  Bitmap Index Scan on sbtest1_pkey  (cost=0.00..21.08 rows=865 width=0)
	        Index Cond: ((id >= 9751014) AND (id <= 9752013))

table 2 : explain SELECT c FROM sbtest2 WHERE id BETWEEN 8124086 AND 8125085
	Bitmap Heap Scan on sbtest2  (cost=23.20..4049.78 rows=1050 width=121)
	  Recheck Cond: ((id >= 8124086) AND (id <= 8125085))
	  ->  Bitmap Index Scan on sbtest2_pkey  (cost=0.00..22.93 rows=1050 width=0)
	        Index Cond: ((id >= 8124086) AND (id <= 8125085))

table 3 : explain SELECT c FROM sbtest3 WHERE id BETWEEN 3926018 AND 3927017
	Bitmap Heap Scan on sbtest3  (cost=22.54..3807.12 rows=986 width=121)
	  Recheck Cond: ((id >= 3926018) AND (id <= 3927017))
	  ->  Bitmap Index Scan on sbtest3_pkey  (cost=0.00..22.29 rows=986 width=0)
	        Index Cond: ((id >= 3926018) AND (id <= 3927017))

table 4 : explain SELECT c FROM sbtest4 WHERE id BETWEEN 1057817 AND 1058816
	Bitmap Heap Scan on sbtest4  (cost=22.95..3958.48 rows=1026 width=121)
	  Recheck Cond: ((id >= 1057817) AND (id <= 1058816))
	  ->  Bitmap Index Scan on sbtest4_pkey  (cost=0.00..22.69 rows=1026 width=0)
	        Index Cond: ((id >= 1057817) AND (id <= 1058816))

table 5 : explain SELECT c FROM sbtest5 WHERE id BETWEEN 9663274 AND 9664273
	Bitmap Heap Scan on sbtest5  (cost=26.82..3914.56 rows=1013 width=121)
	  Recheck Cond: ((id >= 9663274) AND (id <= 9664273))
	  ->  Bitmap Index Scan on sbtest5_pkey  (cost=0.00..26.57 rows=1013 width=0)
	        Index Cond: ((id >= 9663274) AND (id <= 9664273))

table 6 : explain SELECT c FROM sbtest6 WHERE id BETWEEN 5087903 AND 5088902
	Bitmap Heap Scan on sbtest6  (cost=23.09..4011.38 rows=1040 width=121)
	  Recheck Cond: ((id >= 5087903) AND (id <= 5088902))
	  ->  Bitmap Index Scan on sbtest6_pkey  (cost=0.00..22.83 rows=1040 width=0)
	        Index Cond: ((id >= 5087903) AND (id <= 5088902))

table 7 : explain SELECT c FROM sbtest7 WHERE id BETWEEN 3076638 AND 3077637
	Bitmap Heap Scan on sbtest7  (cost=23.05..3996.29 rows=1036 width=121)
	  Recheck Cond: ((id >= 3076638) AND (id <= 3077637))
	  ->  Bitmap Index Scan on sbtest7_pkey  (cost=0.00..22.79 rows=1036 width=0)
	        Index Cond: ((id >= 3076638) AND (id <= 3077637))

table 8 : explain SELECT c FROM sbtest8 WHERE id BETWEEN 8249594 AND 8250593
	Bitmap Heap Scan on sbtest8  (cost=22.35..3736.75 rows=967 width=121)
	  Recheck Cond: ((id >= 8249594) AND (id <= 8250593))
	  ->  Bitmap Index Scan on sbtest8_pkey  (cost=0.00..22.11 rows=967 width=0)
	        Index Cond: ((id >= 8249594) AND (id <= 8250593))

explain: for point_selects :: explain SELECT c FROM sbtest%u WHERE id=%u
for: sum_ranges
table 1 : explain SELECT SUM(k) FROM sbtest1 WHERE id BETWEEN 656443 AND 657442
	Aggregate  (cost=4002.50..4002.51 rows=1 width=8)
	  ->  Bitmap Heap Scan on sbtest1  (cost=23.06..3999.91 rows=1037 width=4)
	        Recheck Cond: ((id >= 656443) AND (id <= 657442))
	        ->  Bitmap Index Scan on sbtest1_pkey  (cost=0.00..22.80 rows=1037 width=0)
	              Index Cond: ((id >= 656443) AND (id <= 657442))

table 2 : explain SELECT SUM(k) FROM sbtest2 WHERE id BETWEEN 2870542 AND 2871541
	Aggregate  (cost=3528.11..3528.12 rows=1 width=8)
	  ->  Bitmap Heap Scan on sbtest2  (cost=21.77..3525.83 rows=911 width=4)
	        Recheck Cond: ((id >= 2870542) AND (id <= 2871541))
	        ->  Bitmap Index Scan on sbtest2_pkey  (cost=0.00..21.54 rows=911 width=0)
	              Index Cond: ((id >= 2870542) AND (id <= 2871541))

table 3 : explain SELECT SUM(k) FROM sbtest3 WHERE id BETWEEN 3704186 AND 3705185
	Aggregate  (cost=4065.55..4065.56 rows=1 width=8)
	  ->  Bitmap Heap Scan on sbtest3  (cost=23.24..4062.91 rows=1054 width=4)
	        Recheck Cond: ((id >= 3704186) AND (id <= 3705185))
	        ->  Bitmap Index Scan on sbtest3_pkey  (cost=0.00..22.97 rows=1054 width=0)
	              Index Cond: ((id >= 3704186) AND (id <= 3705185))

table 4 : explain SELECT SUM(k) FROM sbtest4 WHERE id BETWEEN 7473851 AND 7474850
	Aggregate  (cost=3991.16..3991.17 rows=1 width=8)
	  ->  Bitmap Heap Scan on sbtest4  (cost=23.03..3988.57 rows=1034 width=4)
	        Recheck Cond: ((id >= 7473851) AND (id <= 7474850))
	        ->  Bitmap Index Scan on sbtest4_pkey  (cost=0.00..22.77 rows=1034 width=0)
	              Index Cond: ((id >= 7473851) AND (id <= 7474850))

table 5 : explain SELECT SUM(k) FROM sbtest5 WHERE id BETWEEN 2165024 AND 2166023
	Aggregate  (cost=4312.03..4312.04 rows=1 width=8)
	  ->  Bitmap Heap Scan on sbtest5  (cost=27.90..4309.23 rows=1119 width=4)
	        Recheck Cond: ((id >= 2165024) AND (id <= 2166023))
	        ->  Bitmap Index Scan on sbtest5_pkey  (cost=0.00..27.62 rows=1119 width=0)
	              Index Cond: ((id >= 2165024) AND (id <= 2166023))

table 6 : explain SELECT SUM(k) FROM sbtest6 WHERE id BETWEEN 582046 AND 583045
	Aggregate  (cost=3674.77..3674.78 rows=1 width=8)
	  ->  Bitmap Heap Scan on sbtest6  (cost=22.17..3672.40 rows=950 width=4)
	        Recheck Cond: ((id >= 582046) AND (id <= 583045))
	        ->  Bitmap Index Scan on sbtest6_pkey  (cost=0.00..21.93 rows=950 width=0)
	              Index Cond: ((id >= 582046) AND (id <= 583045))

table 7 : explain SELECT SUM(k) FROM sbtest7 WHERE id BETWEEN 7568129 AND 7569128
	Aggregate  (cost=3848.24..3848.25 rows=1 width=8)
	  ->  Bitmap Heap Scan on sbtest7  (cost=22.64..3845.75 rows=996 width=4)
	        Recheck Cond: ((id >= 7568129) AND (id <= 7569128))
	        ->  Bitmap Index Scan on sbtest7_pkey  (cost=0.00..22.39 rows=996 width=0)
	              Index Cond: ((id >= 7568129) AND (id <= 7569128))

table 8 : explain SELECT SUM(k) FROM sbtest8 WHERE id BETWEEN 3517577 AND 3518576
	Aggregate  (cost=3980.37..3980.38 rows=1 width=8)
	  ->  Bitmap Heap Scan on sbtest8  (cost=23.00..3977.79 rows=1031 width=4)
	        Recheck Cond: ((id >= 3517577) AND (id <= 3518576))
	        ->  Bitmap Index Scan on sbtest8_pkey  (cost=0.00..22.75 rows=1031 width=0)
	              Index Cond: ((id >= 3517577) AND (id <= 3518576))

for: distinct_ranges
table 1 : explain SELECT DISTINCT c FROM sbtest1 WHERE id BETWEEN 9736483 AND 9737482 ORDER BY c
	Unique  (cost=3393.32..3397.64 rows=865 width=121)
	  ->  Sort  (cost=3393.32..3395.48 rows=865 width=121)
	        Sort Key: c
	        ->  Bitmap Heap Scan on sbtest1  (cost=21.30..3351.12 rows=865 width=121)
	              Recheck Cond: ((id >= 9736483) AND (id <= 9737482))
	              ->  Bitmap Index Scan on sbtest1_pkey  (cost=0.00..21.08 rows=865 width=0)
	                    Index Cond: ((id >= 9736483) AND (id <= 9737482))

table 2 : explain SELECT DISTINCT c FROM sbtest2 WHERE id BETWEEN 9191371 AND 9192370 ORDER BY c
	Unique  (cost=4113.93..4119.19 rows=1053 width=121)
	  ->  Sort  (cost=4113.93..4116.56 rows=1053 width=121)
	        Sort Key: c
	        ->  Bitmap Heap Scan on sbtest2  (cost=23.23..4061.06 rows=1053 width=121)
	              Recheck Cond: ((id >= 9191371) AND (id <= 9192370))
	              ->  Bitmap Index Scan on sbtest2_pkey  (cost=0.00..22.96 rows=1053 width=0)
	                    Index Cond: ((id >= 9191371) AND (id <= 9192370))

table 3 : explain SELECT DISTINCT c FROM sbtest3 WHERE id BETWEEN 4018794 AND 4019793 ORDER BY c
	Unique  (cost=3752.89..3757.68 rows=959 width=121)
	  ->  Sort  (cost=3752.89..3755.29 rows=959 width=121)
	        Sort Key: c
	        ->  Bitmap Heap Scan on sbtest3  (cost=22.26..3705.39 rows=959 width=121)
	              Recheck Cond: ((id >= 4018794) AND (id <= 4019793))
	              ->  Bitmap Index Scan on sbtest3_pkey  (cost=0.00..22.02 rows=959 width=0)
	                    Index Cond: ((id >= 4018794) AND (id <= 4019793))

table 4 : explain SELECT DISTINCT c FROM sbtest4 WHERE id BETWEEN 8557145 AND 8558144 ORDER BY c
	Unique  (cost=3814.85..3819.73 rows=975 width=121)
	  ->  Sort  (cost=3814.85..3817.29 rows=975 width=121)
	        Sort Key: c
	        ->  Bitmap Heap Scan on sbtest4  (cost=22.43..3766.45 rows=975 width=121)
	              Recheck Cond: ((id >= 8557145) AND (id <= 8558144))
	              ->  Bitmap Index Scan on sbtest4_pkey  (cost=0.00..22.18 rows=975 width=0)
	                    Index Cond: ((id >= 8557145) AND (id <= 8558144))

table 5 : explain SELECT DISTINCT c FROM sbtest5 WHERE id BETWEEN 8922419 AND 8923418 ORDER BY c
	Unique  (cost=3923.07..3928.08 rows=1002 width=121)
	  ->  Sort  (cost=3923.07..3925.58 rows=1002 width=121)
	        Sort Key: c
	        ->  Bitmap Heap Scan on sbtest5  (cost=26.71..3873.13 rows=1002 width=121)
	              Recheck Cond: ((id >= 8922419) AND (id <= 8923418))
	              ->  Bitmap Index Scan on sbtest5_pkey  (cost=0.00..26.45 rows=1002 width=0)
	                    Index Cond: ((id >= 8922419) AND (id <= 8923418))

table 6 : explain SELECT DISTINCT c FROM sbtest6 WHERE id BETWEEN 916010 AND 917009 ORDER BY c
	Unique  (cost=3577.63..3582.19 rows=913 width=121)
	  ->  Sort  (cost=3577.63..3579.91 rows=913 width=121)
	        Sort Key: c
	        ->  Bitmap Heap Scan on sbtest6  (cost=21.79..3532.73 rows=913 width=121)
	              Recheck Cond: ((id >= 916010) AND (id <= 917009))
	              ->  Bitmap Index Scan on sbtest6_pkey  (cost=0.00..21.57 rows=913 width=0)
	                    Index Cond: ((id >= 916010) AND (id <= 917009))

table 7 : explain SELECT DISTINCT c FROM sbtest7 WHERE id BETWEEN 5958904 AND 5959903 ORDER BY c
	Unique  (cost=3895.35..3900.33 rows=996 width=121)
	  ->  Sort  (cost=3895.35..3897.84 rows=996 width=121)
	        Sort Key: c
	        ->  Bitmap Heap Scan on sbtest7  (cost=22.64..3845.75 rows=996 width=121)
	              Recheck Cond: ((id >= 5958904) AND (id <= 5959903))
	              ->  Bitmap Index Scan on sbtest7_pkey  (cost=0.00..22.39 rows=996 width=0)
	                    Index Cond: ((id >= 5958904) AND (id <= 5959903))

table 8 : explain SELECT DISTINCT c FROM sbtest8 WHERE id BETWEEN 1587995 AND 1588994 ORDER BY c
	Unique  (cost=3796.18..3801.03 rows=970 width=121)
	  ->  Sort  (cost=3796.18..3798.61 rows=970 width=121)
	        Sort Key: c
	        ->  Bitmap Heap Scan on sbtest8  (cost=22.38..3748.06 rows=970 width=121)
	              Recheck Cond: ((id >= 1587995) AND (id <= 1588994))
	              ->  Bitmap Index Scan on sbtest8_pkey  (cost=0.00..22.14 rows=970 width=0)
	                    Index Cond: ((id >= 1587995) AND (id <= 1588994))

for: order_ranges
table 1 : explain SELECT c FROM sbtest1 WHERE id BETWEEN 3411304 AND 3412303 ORDER BY c
	Sort  (cost=3565.97..3568.25 rows=910 width=121)
	  Sort Key: c
	  ->  Bitmap Heap Scan on sbtest1  (cost=21.76..3521.24 rows=910 width=121)
	        Recheck Cond: ((id >= 3411304) AND (id <= 3412303))
	        ->  Bitmap Index Scan on sbtest1_pkey  (cost=0.00..21.54 rows=910 width=0)
	              Index Cond: ((id >= 3411304) AND (id <= 3412303))

table 2 : explain SELECT c FROM sbtest2 WHERE id BETWEEN 9008087 AND 9009086 ORDER BY c
	Sort  (cost=3792.83..3795.25 rows=969 width=121)
	  Sort Key: c
	  ->  Bitmap Heap Scan on sbtest2  (cost=22.37..3744.77 rows=969 width=121)
	        Recheck Cond: ((id >= 9008087) AND (id <= 9009086))
	        ->  Bitmap Index Scan on sbtest2_pkey  (cost=0.00..22.12 rows=969 width=0)
	              Index Cond: ((id >= 9008087) AND (id <= 9009086))

table 3 : explain SELECT c FROM sbtest3 WHERE id BETWEEN 5600186 AND 5601185 ORDER BY c
	Sort  (cost=3718.45..3720.82 rows=950 width=121)
	  Sort Key: c
	  ->  Bitmap Heap Scan on sbtest3  (cost=22.17..3671.46 rows=950 width=121)
	        Recheck Cond: ((id >= 5600186) AND (id <= 5601185))
	        ->  Bitmap Index Scan on sbtest3_pkey  (cost=0.00..21.93 rows=950 width=0)
	              Index Cond: ((id >= 5600186) AND (id <= 5601185))

table 4 : explain SELECT c FROM sbtest4 WHERE id BETWEEN 9554272 AND 9555271 ORDER BY c
	Sort  (cost=3944.85..3947.37 rows=1009 width=121)
	  Sort Key: c
	  ->  Bitmap Heap Scan on sbtest4  (cost=22.78..3894.51 rows=1009 width=121)
	        Recheck Cond: ((id >= 9554272) AND (id <= 9555271))
	        ->  Bitmap Index Scan on sbtest4_pkey  (cost=0.00..22.52 rows=1009 width=0)
	              Index Cond: ((id >= 9554272) AND (id <= 9555271))

table 5 : explain SELECT c FROM sbtest5 WHERE id BETWEEN 5150438 AND 5151437 ORDER BY c
	Sort  (cost=3723.91..3726.29 rows=951 width=121)
	  Sort Key: c
	  ->  Bitmap Heap Scan on sbtest5  (cost=22.18..3676.87 rows=951 width=121)
	        Recheck Cond: ((id >= 5150438) AND (id <= 5151437))
	        ->  Bitmap Index Scan on sbtest5_pkey  (cost=0.00..21.94 rows=951 width=0)
	              Index Cond: ((id >= 5150438) AND (id <= 5151437))

table 6 : explain SELECT c FROM sbtest6 WHERE id BETWEEN 150267 AND 151266 ORDER BY c
	Sort  (cost=4090.22..4092.83 rows=1047 width=121)
	  Sort Key: c
	  ->  Bitmap Heap Scan on sbtest6  (cost=23.17..4037.70 rows=1047 width=121)
	        Recheck Cond: ((id >= 150267) AND (id <= 151266))
	        ->  Bitmap Index Scan on sbtest6_pkey  (cost=0.00..22.90 rows=1047 width=0)
	              Index Cond: ((id >= 150267) AND (id <= 151266))

table 7 : explain SELECT c FROM sbtest7 WHERE id BETWEEN 9432554 AND 9433553 ORDER BY c
	Sort  (cost=4032.90..4035.48 rows=1032 width=121)
	  Sort Key: c
	  ->  Bitmap Heap Scan on sbtest7  (cost=23.01..3981.25 rows=1032 width=121)
	        Recheck Cond: ((id >= 9432554) AND (id <= 9433553))
	        ->  Bitmap Index Scan on sbtest7_pkey  (cost=0.00..22.75 rows=1032 width=0)
	              Index Cond: ((id >= 9432554) AND (id <= 9433553))

table 8 : explain SELECT c FROM sbtest8 WHERE id BETWEEN 7435492 AND 7436491 ORDER BY c
	Sort  (cost=3861.22..3863.69 rows=987 width=121)
	  Sort Key: c
	  ->  Bitmap Heap Scan on sbtest8  (cost=22.55..3812.13 rows=987 width=121)
	        Recheck Cond: ((id >= 7435492) AND (id <= 7436491))
	        ->  Bitmap Index Scan on sbtest8_pkey  (cost=0.00..22.30 rows=987 width=0)
	              Index Cond: ((id >= 7435492) AND (id <= 7436491))

for point_selects
table 1 : explain SELECT c FROM sbtest1 WHERE id=9327998
	Index Scan using sbtest1_pkey on sbtest1  (cost=0.43..8.45 rows=1 width=121)
	  Index Cond: (id = 9327998)

table 2 : explain SELECT c FROM sbtest2 WHERE id=5185449
	Index Scan using sbtest2_pkey on sbtest2  (cost=0.43..8.45 rows=1 width=121)
	  Index Cond: (id = 5185449)

table 3 : explain SELECT c FROM sbtest3 WHERE id=8775014
	Index Scan using sbtest3_pkey on sbtest3  (cost=0.43..8.45 rows=1 width=121)
	  Index Cond: (id = 8775014)

table 4 : explain SELECT c FROM sbtest4 WHERE id=5527203
	Index Scan using sbtest4_pkey on sbtest4  (cost=0.43..8.45 rows=1 width=121)
	  Index Cond: (id = 5527203)

table 5 : explain SELECT c FROM sbtest5 WHERE id=7426812
	Index Scan using sbtest5_pkey on sbtest5  (cost=0.43..8.45 rows=1 width=121)
	  Index Cond: (id = 7426812)

table 6 : explain SELECT c FROM sbtest6 WHERE id=303956
	Index Scan using sbtest6_pkey on sbtest6  (cost=0.43..8.45 rows=1 width=121)
	  Index Cond: (id = 303956)

table 7 : explain SELECT c FROM sbtest7 WHERE id=7356017
	Index Scan using sbtest7_pkey on sbtest7  (cost=0.43..8.45 rows=1 width=121)
	  Index Cond: (id = 7356017)

table 8 : explain SELECT c FROM sbtest8 WHERE id=8717576
	Index Scan using sbtest8_pkey on sbtest8  (cost=0.43..8.45 rows=1 width=121)
	  Index Cond: (id = 8717576)

for point_selects
table 1 : explain SELECT c FROM sbtest1 WHERE id=3124144
	Index Scan using sbtest1_pkey on sbtest1  (cost=0.43..8.45 rows=1 width=121)
	  Index Cond: (id = 3124144)

table 2 : explain SELECT c FROM sbtest2 WHERE id=9325796
	Index Scan using sbtest2_pkey on sbtest2  (cost=0.43..8.45 rows=1 width=121)
	  Index Cond: (id = 9325796)

table 3 : explain SELECT c FROM sbtest3 WHERE id=9614094
	Index Scan using sbtest3_pkey on sbtest3  (cost=0.43..8.45 rows=1 width=121)
	  Index Cond: (id = 9614094)

table 4 : explain SELECT c FROM sbtest4 WHERE id=5997354
	Index Scan using sbtest4_pkey on sbtest4  (cost=0.43..8.45 rows=1 width=121)
	  Index Cond: (id = 5997354)

table 5 : explain SELECT c FROM sbtest5 WHERE id=9077613
	Index Scan using sbtest5_pkey on sbtest5  (cost=0.43..8.45 rows=1 width=121)
	  Index Cond: (id = 9077613)

table 6 : explain SELECT c FROM sbtest6 WHERE id=6500892
	Index Scan using sbtest6_pkey on sbtest6  (cost=0.43..8.45 rows=1 width=121)
	  Index Cond: (id = 6500892)

table 7 : explain SELECT c FROM sbtest7 WHERE id=3310678
	Index Scan using sbtest7_pkey on sbtest7  (cost=0.43..8.45 rows=1 width=121)
	  Index Cond: (id = 3310678)

table 8 : explain SELECT c FROM sbtest8 WHERE id=8863301
	Index Scan using sbtest8_pkey on sbtest8  (cost=0.43..8.45 rows=1 width=121)
	  Index Cond: (id = 8863301)
for point_selects
table 1 : explain SELECT c FROM sbtest1 WHERE id=1602588
	Index Scan using sbtest1_pkey on sbtest1  (cost=0.43..8.45 rows=1 width=121)
	  Index Cond: (id = 1602588)

table 2 : explain SELECT c FROM sbtest2 WHERE id=6407766
	Index Scan using sbtest2_pkey on sbtest2  (cost=0.43..8.45 rows=1 width=121)
	  Index Cond: (id = 6407766)

table 3 : explain SELECT c FROM sbtest3 WHERE id=4603062
	Index Scan using sbtest3_pkey on sbtest3  (cost=0.43..8.45 rows=1 width=121)
	  Index Cond: (id = 4603062)

table 4 : explain SELECT c FROM sbtest4 WHERE id=6722918
	Index Scan using sbtest4_pkey on sbtest4  (cost=0.43..8.45 rows=1 width=121)
	  Index Cond: (id = 6722918)

table 5 : explain SELECT c FROM sbtest5 WHERE id=7558674
	Index Scan using sbtest5_pkey on sbtest5  (cost=0.43..8.45 rows=1 width=121)
	  Index Cond: (id = 7558674)

table 6 : explain SELECT c FROM sbtest6 WHERE id=9844942
	Index Scan using sbtest6_pkey on sbtest6  (cost=0.43..8.45 rows=1 width=121)
	  Index Cond: (id = 9844942)

table 7 : explain SELECT c FROM sbtest7 WHERE id=3444601
	Index Scan using sbtest7_pkey on sbtest7  (cost=0.43..8.45 rows=1 width=121)
	  Index Cond: (id = 3444601)

table 8 : explain SELECT c FROM sbtest8 WHERE id=1286945
	Index Scan using sbtest8_pkey on sbtest8  (cost=0.43..8.45 rows=1 width=121)
	  Index Cond: (id = 1286945)


for: distinct_ranges
table 1 : explain SELECT DISTINCT c FROM sbtest1 WHERE id BETWEEN 7633280 AND 7634279 ORDER BY c
	Unique  (cost=3646.45..3651.11 rows=931 width=121)
	  ->  Sort  (cost=3646.45..3648.78 rows=931 width=121)
	        Sort Key: c
	        ->  Bitmap Heap Scan on sbtest1  (cost=21.98..3600.54 rows=931 width=121)
	              Recheck Cond: ((id >= 7633280) AND (id <= 7634279))
	              ->  Bitmap Index Scan on sbtest1_pkey  (cost=0.00..21.75 rows=931 width=0)
	                    Index Cond: ((id >= 7633280) AND (id <= 7634279))

table 2 : explain SELECT DISTINCT c FROM sbtest2 WHERE id BETWEEN 6701183 AND 6702182 ORDER BY c
	Unique  (cost=3789.00..3793.84 rows=968 width=121)
	  ->  Sort  (cost=3789.00..3791.42 rows=968 width=121)
	        Sort Key: c
	        ->  Bitmap Heap Scan on sbtest2  (cost=22.36..3740.99 rows=968 width=121)
	              Recheck Cond: ((id >= 6701183) AND (id <= 6702182))
	              ->  Bitmap Index Scan on sbtest2_pkey  (cost=0.00..22.11 rows=968 width=0)
	                    Index Cond: ((id >= 6701183) AND (id <= 6702182))

table 3 : explain SELECT DISTINCT c FROM sbtest3 WHERE id BETWEEN 5960385 AND 5961384 ORDER BY c
	Unique  (cost=3794.97..3799.82 rows=970 width=121)
	  ->  Sort  (cost=3794.97..3797.40 rows=970 width=121)
	        Sort Key: c
	        ->  Bitmap Heap Scan on sbtest3  (cost=22.38..3746.85 rows=970 width=121)
	              Recheck Cond: ((id >= 5960385) AND (id <= 5961384))
	              ->  Bitmap Index Scan on sbtest3_pkey  (cost=0.00..22.14 rows=970 width=0)
	                    Index Cond: ((id >= 5960385) AND (id <= 5961384))

table 4 : explain SELECT DISTINCT c FROM sbtest4 WHERE id BETWEEN 5970660 AND 5971659 ORDER BY c
	Unique  (cost=3918.10..3923.11 rows=1002 width=121)
	  ->  Sort  (cost=3918.10..3920.60 rows=1002 width=121)
	        Sort Key: c
	        ->  Bitmap Heap Scan on sbtest4  (cost=22.71..3868.15 rows=1002 width=121)
	              Recheck Cond: ((id >= 5970660) AND (id <= 5971659))
	              ->  Bitmap Index Scan on sbtest4_pkey  (cost=0.00..22.45 rows=1002 width=0)
	                    Index Cond: ((id >= 5970660) AND (id <= 5971659))

table 5 : explain SELECT DISTINCT c FROM sbtest5 WHERE id BETWEEN 1968550 AND 1969549 ORDER BY c
	Unique  (cost=4133.19..4138.48 rows=1057 width=121)
	  ->  Sort  (cost=4133.19..4135.84 rows=1057 width=121)
	        Sort Key: c
	        ->  Bitmap Heap Scan on sbtest5  (cost=27.27..4080.10 rows=1057 width=121)
	              Recheck Cond: ((id >= 1968550) AND (id <= 1969549))
	              ->  Bitmap Index Scan on sbtest5_pkey  (cost=0.00..27.00 rows=1057 width=0)
	                    Index Cond: ((id >= 1968550) AND (id <= 1969549))

table 6 : explain SELECT DISTINCT c FROM sbtest6 WHERE id BETWEEN 5747334 AND 5748333 ORDER BY c
	Unique  (cost=4158.90..4164.23 rows=1065 width=121)
	  ->  Sort  (cost=4158.90..4161.57 rows=1065 width=121)
	        Sort Key: c
	        ->  Bitmap Heap Scan on sbtest6  (cost=23.35..4105.35 rows=1065 width=121)
	              Recheck Cond: ((id >= 5747334) AND (id <= 5748333))
	              ->  Bitmap Index Scan on sbtest6_pkey  (cost=0.00..23.08 rows=1065 width=0)
	                    Index Cond: ((id >= 5747334) AND (id <= 5748333))

table 7 : explain SELECT DISTINCT c FROM sbtest7 WHERE id BETWEEN 8606272 AND 8607271 ORDER BY c
	Unique  (cost=3998.53..4003.65 rows=1023 width=121)
	  ->  Sort  (cost=3998.53..4001.09 rows=1023 width=121)
	        Sort Key: c
	        ->  Bitmap Heap Scan on sbtest7  (cost=22.92..3947.39 rows=1023 width=121)
	              Recheck Cond: ((id >= 8606272) AND (id <= 8607271))
	              ->  Bitmap Index Scan on sbtest7_pkey  (cost=0.00..22.66 rows=1023 width=0)
	                    Index Cond: ((id >= 8606272) AND (id <= 8607271))

table 8 : explain SELECT DISTINCT c FROM sbtest8 WHERE id BETWEEN 1869933 AND 1870932 ORDER BY c
	Unique  (cost=3807.66..3812.53 rows=973 width=121)
	  ->  Sort  (cost=3807.66..3810.10 rows=973 width=121)
	        Sort Key: c
	        ->  Bitmap Heap Scan on sbtest8  (cost=22.41..3759.37 rows=973 width=121)
	              Recheck Cond: ((id >= 1869933) AND (id <= 1870932))
	              ->  Bitmap Index Scan on sbtest8_pkey  (cost=0.00..22.16 rows=973 width=0)
	                    Index Cond: ((id >= 1869933) AND (id <= 1870932))

for: order_ranges
table 1 : explain SELECT c FROM sbtest1 WHERE id BETWEEN 3710313 AND 3711312 ORDER BY c
	Sort  (cost=3738.36..3740.75 rows=955 width=121)
	  Sort Key: c
	  ->  Bitmap Heap Scan on sbtest1  (cost=22.22..3691.09 rows=955 width=121)
	        Recheck Cond: ((id >= 3710313) AND (id <= 3711312))
	        ->  Bitmap Index Scan on sbtest1_pkey  (cost=0.00..21.98 rows=955 width=0)
	              Index Cond: ((id >= 3710313) AND (id <= 3711312))

table 2 : explain SELECT c FROM sbtest2 WHERE id BETWEEN 5022603 AND 5023602 ORDER BY c
	Sort  (cost=3815.79..3818.23 rows=975 width=121)
	  Sort Key: c
	  ->  Bitmap Heap Scan on sbtest2  (cost=22.43..3767.39 rows=975 width=121)
	        Recheck Cond: ((id >= 5022603) AND (id <= 5023602))
	        ->  Bitmap Index Scan on sbtest2_pkey  (cost=0.00..22.18 rows=975 width=0)
	              Index Cond: ((id >= 5022603) AND (id <= 5023602))

table 3 : explain SELECT c FROM sbtest3 WHERE id BETWEEN 2296670 AND 2297669 ORDER BY c
	Sort  (cost=3607.39..3609.70 rows=921 width=121)
	  Sort Key: c
	  ->  Bitmap Heap Scan on sbtest3  (cost=21.88..3562.05 rows=921 width=121)
	        Recheck Cond: ((id >= 2296670) AND (id <= 2297669))
	        ->  Bitmap Index Scan on sbtest3_pkey  (cost=0.00..21.64 rows=921 width=0)
	              Index Cond: ((id >= 2296670) AND (id <= 2297669))

table 4 : explain SELECT c FROM sbtest4 WHERE id BETWEEN 5793801 AND 5794800 ORDER BY c
	Sort  (cost=3312.62..3314.73 rows=844 width=121)
	  Sort Key: c
	  ->  Bitmap Heap Scan on sbtest4  (cost=21.09..3271.60 rows=844 width=121)
	        Recheck Cond: ((id >= 5793801) AND (id <= 5794800))
	        ->  Bitmap Index Scan on sbtest4_pkey  (cost=0.00..20.87 rows=844 width=0)
	              Index Cond: ((id >= 5793801) AND (id <= 5794800))

table 5 : explain SELECT c FROM sbtest5 WHERE id BETWEEN 4828483 AND 4829482 ORDER BY c
	Sort  (cost=4224.77..4227.47 rows=1081 width=121)
	  Sort Key: c
	  ->  Bitmap Heap Scan on sbtest5  (cost=27.52..4170.30 rows=1081 width=121)
	        Recheck Cond: ((id >= 4828483) AND (id <= 4829482))
	        ->  Bitmap Index Scan on sbtest5_pkey  (cost=0.00..27.25 rows=1081 width=0)
	              Index Cond: ((id >= 4828483) AND (id <= 4829482))

table 6 : explain SELECT c FROM sbtest6 WHERE id BETWEEN 9203020 AND 9204019 ORDER BY c
	Sort  (cost=4136.01..4138.66 rows=1059 width=121)
	  Sort Key: c
	  ->  Bitmap Heap Scan on sbtest6  (cost=23.29..4082.80 rows=1059 width=121)
	        Recheck Cond: ((id >= 9203020) AND (id <= 9204019))
	        ->  Bitmap Index Scan on sbtest6_pkey  (cost=0.00..23.02 rows=1059 width=0)
	              Index Cond: ((id >= 9203020) AND (id <= 9204019))

table 7 : explain SELECT c FROM sbtest7 WHERE id BETWEEN 8134596 AND 8135595 ORDER BY c
	Sort  (cost=4177.93..4180.61 rows=1070 width=121)
	  Sort Key: c
	  ->  Bitmap Heap Scan on sbtest7  (cost=23.40..4124.09 rows=1070 width=121)
	        Recheck Cond: ((id >= 8134596) AND (id <= 8135595))
	        ->  Bitmap Index Scan on sbtest7_pkey  (cost=0.00..23.14 rows=1070 width=0)
	              Index Cond: ((id >= 8134596) AND (id <= 8135595))

table 8 : explain SELECT c FROM sbtest8 WHERE id BETWEEN 2586587 AND 2587586 ORDER BY c
	Sort  (cost=4056.13..4058.72 rows=1038 width=121)
	  Sort Key: c
	  ->  Bitmap Heap Scan on sbtest8  (cost=23.07..4004.12 rows=1038 width=121)
	        Recheck Cond: ((id >= 2586587) AND (id <= 2587586))
	        ->  Bitmap Index Scan on sbtest8_pkey  (cost=0.00..22.82 rows=1038 width=0)
	              Index Cond: ((id >= 2586587) AND (id <= 2587586))

for: order_ranges
table 1 : explain SELECT c FROM sbtest1 WHERE id BETWEEN 2115619 AND 2116618 ORDER BY c
	Sort  (cost=3673.27..3675.61 rows=938 width=121)
	  Sort Key: c
	  ->  Bitmap Heap Scan on sbtest1  (cost=22.05..3626.96 rows=938 width=121)
	        Recheck Cond: ((id >= 2115619) AND (id <= 2116618))
	        ->  Bitmap Index Scan on sbtest1_pkey  (cost=0.00..21.82 rows=938 width=0)
	              Index Cond: ((id >= 2115619) AND (id <= 2116618))

table 2 : explain SELECT c FROM sbtest2 WHERE id BETWEEN 9930916 AND 9931915 ORDER BY c
	Sort  (cost=3739.23..3741.62 rows=955 width=121)
	  Sort Key: c
	  ->  Bitmap Heap Scan on sbtest2  (cost=22.22..3691.96 rows=955 width=121)
	        Recheck Cond: ((id >= 9930916) AND (id <= 9931915))
	        ->  Bitmap Index Scan on sbtest2_pkey  (cost=0.00..21.98 rows=955 width=0)
	              Index Cond: ((id >= 9930916) AND (id <= 9931915))

table 3 : explain SELECT c FROM sbtest3 WHERE id BETWEEN 3550325 AND 3551324 ORDER BY c
	Sort  (cost=3875.27..3877.75 rows=991 width=121)
	  Sort Key: c
	  ->  Bitmap Heap Scan on sbtest3  (cost=22.59..3825.95 rows=991 width=121)
	        Recheck Cond: ((id >= 3550325) AND (id <= 3551324))
	        ->  Bitmap Index Scan on sbtest3_pkey  (cost=0.00..22.34 rows=991 width=0)
	              Index Cond: ((id >= 3550325) AND (id <= 3551324))

table 4 : explain SELECT c FROM sbtest4 WHERE id BETWEEN 1204101 AND 1205100 ORDER BY c
	Sort  (cost=4292.36..4295.11 rows=1100 width=121)
	  Sort Key: c
	  ->  Bitmap Heap Scan on sbtest4  (cost=27.71..4236.80 rows=1100 width=121)
	        Recheck Cond: ((id >= 1204101) AND (id <= 1205100))
	        ->  Bitmap Index Scan on sbtest4_pkey  (cost=0.00..27.43 rows=1100 width=0)
	              Index Cond: ((id >= 1204101) AND (id <= 1205100))

table 5 : explain SELECT c FROM sbtest5 WHERE id BETWEEN 743281 AND 744280 ORDER BY c
	Sort  (cost=4110.29..4112.92 rows=1051 width=121)
	  Sort Key: c
	  ->  Bitmap Heap Scan on sbtest5  (cost=27.21..4057.54 rows=1051 width=121)
	        Recheck Cond: ((id >= 743281) AND (id <= 744280))
	        ->  Bitmap Index Scan on sbtest5_pkey  (cost=0.00..26.94 rows=1051 width=0)
	              Index Cond: ((id >= 743281) AND (id <= 744280))

table 6 : explain SELECT c FROM sbtest6 WHERE id BETWEEN 114897 AND 115896 ORDER BY c
	Sort  (cost=4090.22..4092.83 rows=1047 width=121)
	  Sort Key: c
	  ->  Bitmap Heap Scan on sbtest6  (cost=23.17..4037.70 rows=1047 width=121)
	        Recheck Cond: ((id >= 114897) AND (id <= 115896))
	        ->  Bitmap Index Scan on sbtest6_pkey  (cost=0.00..22.90 rows=1047 width=0)
	              Index Cond: ((id >= 114897) AND (id <= 115896))

table 7 : explain SELECT c FROM sbtest7 WHERE id BETWEEN 1902581 AND 1903580 ORDER BY c
	Sort  (cost=3857.11..3859.57 rows=986 width=121)
	  Sort Key: c
	  ->  Bitmap Heap Scan on sbtest7  (cost=22.54..3808.08 rows=986 width=121)
	        Recheck Cond: ((id >= 1902581) AND (id <= 1903580))
	        ->  Bitmap Index Scan on sbtest7_pkey  (cost=0.00..22.29 rows=986 width=0)
	              Index Cond: ((id >= 1902581) AND (id <= 1903580))

table 8 : explain SELECT c FROM sbtest8 WHERE id BETWEEN 5406602 AND 5407601 ORDER BY c
	Sort  (cost=3643.01..3645.33 rows=930 width=121)
	  Sort Key: c
	  ->  Bitmap Heap Scan on sbtest8  (cost=21.97..3597.15 rows=930 width=121)
	        Recheck Cond: ((id >= 5406602) AND (id <= 5407601))
	        ->  Bitmap Index Scan on sbtest8_pkey  (cost=0.00..21.73 rows=930 width=0)
	              Index Cond: ((id >= 5406602) AND (id <= 5407601))

for: distinct_ranges
table 1 : explain SELECT DISTINCT c FROM sbtest1 WHERE id BETWEEN 1544836 AND 1545835 ORDER BY c
	Unique  (cost=3891.39..3896.36 rows=995 width=121)
	  ->  Sort  (cost=3891.39..3893.87 rows=995 width=121)
	        Sort Key: c
	        ->  Bitmap Heap Scan on sbtest1  (cost=22.63..3841.84 rows=995 width=121)
	              Recheck Cond: ((id >= 1544836) AND (id <= 1545835))
	              ->  Bitmap Index Scan on sbtest1_pkey  (cost=0.00..22.39 rows=995 width=0)
	                    Index Cond: ((id >= 1544836) AND (id <= 1545835))

table 2 : explain SELECT DISTINCT c FROM sbtest2 WHERE id BETWEEN 4837509 AND 4838508 ORDER BY c
	Unique  (cost=3976.42..3981.50 rows=1017 width=121)
	  ->  Sort  (cost=3976.42..3978.96 rows=1017 width=121)
	        Sort Key: c
	        ->  Bitmap Heap Scan on sbtest2  (cost=22.86..3925.62 rows=1017 width=121)
	              Recheck Cond: ((id >= 4837509) AND (id <= 4838508))
	              ->  Bitmap Index Scan on sbtest2_pkey  (cost=0.00..22.61 rows=1017 width=0)
	                    Index Cond: ((id >= 4837509) AND (id <= 4838508))

table 3 : explain SELECT DISTINCT c FROM sbtest3 WHERE id BETWEEN 8253531 AND 8254530 ORDER BY c
	Unique  (cost=3703.13..3707.86 rows=946 width=121)
	  ->  Sort  (cost=3703.13..3705.50 rows=946 width=121)
	        Sort Key: c
	        ->  Bitmap Heap Scan on sbtest3  (cost=22.13..3656.38 rows=946 width=121)
	              Recheck Cond: ((id >= 8253531) AND (id <= 8254530))
	              ->  Bitmap Index Scan on sbtest3_pkey  (cost=0.00..21.89 rows=946 width=0)
	                    Index Cond: ((id >= 8253531) AND (id <= 8254530))

table 4 : explain SELECT DISTINCT c FROM sbtest4 WHERE id BETWEEN 7176045 AND 7177044 ORDER BY c
	Unique  (cost=4143.40..4148.70 rows=1061 width=121)
	  ->  Sort  (cost=4143.40..4146.05 rows=1061 width=121)
	        Sort Key: c
	        ->  Bitmap Heap Scan on sbtest4  (cost=23.31..4090.07 rows=1061 width=121)
	              Recheck Cond: ((id >= 7176045) AND (id <= 7177044))
	              ->  Bitmap Index Scan on sbtest4_pkey  (cost=0.00..23.04 rows=1061 width=0)
	                    Index Cond: ((id >= 7176045) AND (id <= 7177044))

table 5 : explain SELECT DISTINCT c FROM sbtest5 WHERE id BETWEEN 9496348 AND 9497347 ORDER BY c
	Unique  (cost=3880.83..3885.79 rows=992 width=121)
	  ->  Sort  (cost=3880.83..3883.31 rows=992 width=121)
	        Sort Key: c
	        ->  Bitmap Heap Scan on sbtest5  (cost=22.60..3831.46 rows=992 width=121)
	              Recheck Cond: ((id >= 9496348) AND (id <= 9497347))
	              ->  Bitmap Index Scan on sbtest5_pkey  (cost=0.00..22.36 rows=992 width=0)
	                    Index Cond: ((id >= 9496348) AND (id <= 9497347))

table 6 : explain SELECT DISTINCT c FROM sbtest6 WHERE id BETWEEN 9938391 AND 9939390 ORDER BY c
	Unique  (cost=3834.20..3839.10 rows=980 width=121)
	  ->  Sort  (cost=3834.20..3836.65 rows=980 width=121)
	        Sort Key: c
	        ->  Bitmap Heap Scan on sbtest6  (cost=22.48..3785.51 rows=980 width=121)
	              Recheck Cond: ((id >= 9938391) AND (id <= 9939390))
	              ->  Bitmap Index Scan on sbtest6_pkey  (cost=0.00..22.23 rows=980 width=0)
	                    Index Cond: ((id >= 9938391) AND (id <= 9939390))

table 7 : explain SELECT DISTINCT c FROM sbtest7 WHERE id BETWEEN 2954005 AND 2955004 ORDER BY c
	Unique  (cost=4017.63..4022.77 rows=1028 width=121)
	  ->  Sort  (cost=4017.63..4020.20 rows=1028 width=121)
	        Sort Key: c
	        ->  Bitmap Heap Scan on sbtest7  (cost=22.97..3966.20 rows=1028 width=121)
	              Recheck Cond: ((id >= 2954005) AND (id <= 2955004))
	              ->  Bitmap Index Scan on sbtest7_pkey  (cost=0.00..22.71 rows=1028 width=0)
	                    Index Cond: ((id >= 2954005) AND (id <= 2955004))

table 8 : explain SELECT DISTINCT c FROM sbtest8 WHERE id BETWEEN 7390398 AND 7391397 ORDER BY c
	Unique  (cost=3861.22..3866.16 rows=987 width=121)
	  ->  Sort  (cost=3861.22..3863.69 rows=987 width=121)
	        Sort Key: c
	        ->  Bitmap Heap Scan on sbtest8  (cost=22.55..3812.13 rows=987 width=121)
	              Recheck Cond: ((id >= 7390398) AND (id <= 7391397))
	              ->  Bitmap Index Scan on sbtest8_pkey  (cost=0.00..22.30 rows=987 width=0)
	                    Index Cond: ((id >= 7390398) AND (id <= 7391397))

for: sum_ranges
table 1 : explain SELECT SUM(k) FROM sbtest1 WHERE id BETWEEN 5920763 AND 5921762
	Aggregate  (cost=4325.94..4325.95 rows=1 width=8)
	  ->  Bitmap Heap Scan on sbtest1  (cost=27.95..4323.14 rows=1123 width=4)
	        Recheck Cond: ((id >= 5920763) AND (id <= 5921762))
	        ->  Bitmap Index Scan on sbtest1_pkey  (cost=0.00..27.66 rows=1123 width=0)
	              Index Cond: ((id >= 5920763) AND (id <= 5921762))

table 2 : explain SELECT SUM(k) FROM sbtest2 WHERE id BETWEEN 8778015 AND 8779014
	Aggregate  (cost=4124.12..4124.13 rows=1 width=8)
	  ->  Bitmap Heap Scan on sbtest2  (cost=27.38..4121.45 rows=1068 width=4)
	        Recheck Cond: ((id >= 8778015) AND (id <= 8779014))
	        ->  Bitmap Index Scan on sbtest2_pkey  (cost=0.00..27.11 rows=1068 width=0)
	              Index Cond: ((id >= 8778015) AND (id <= 8779014))

table 3 : explain SELECT SUM(k) FROM sbtest3 WHERE id BETWEEN 9161175 AND 9162174
	Aggregate  (cost=3443.41..3443.42 rows=1 width=8)
	  ->  Bitmap Heap Scan on sbtest3  (cost=21.55..3441.19 rows=889 width=4)
	        Recheck Cond: ((id >= 9161175) AND (id <= 9162174))
	        ->  Bitmap Index Scan on sbtest3_pkey  (cost=0.00..21.32 rows=889 width=0)
	              Index Cond: ((id >= 9161175) AND (id <= 9162174))

table 4 : explain SELECT SUM(k) FROM sbtest4 WHERE id BETWEEN 1356448 AND 1357447
	Aggregate  (cost=3900.80..3900.81 rows=1 width=8)
	  ->  Bitmap Heap Scan on sbtest4  (cost=22.79..3898.27 rows=1010 width=4)
	        Recheck Cond: ((id >= 1356448) AND (id <= 1357447))
	        ->  Bitmap Index Scan on sbtest4_pkey  (cost=0.00..22.54 rows=1010 width=0)
	              Index Cond: ((id >= 1356448) AND (id <= 1357447))

table 5 : explain SELECT SUM(k) FROM sbtest5 WHERE id BETWEEN 1723966 AND 1724965
	Aggregate  (cost=3830.17..3830.18 rows=1 width=8)
	  ->  Bitmap Heap Scan on sbtest5  (cost=22.59..3827.69 rows=991 width=4)
	        Recheck Cond: ((id >= 1723966) AND (id <= 1724965))
	        ->  Bitmap Index Scan on sbtest5_pkey  (cost=0.00..22.34 rows=991 width=0)
	              Index Cond: ((id >= 1723966) AND (id <= 1724965))

table 6 : explain SELECT SUM(k) FROM sbtest6 WHERE id BETWEEN 5609993 AND 5610992
	Aggregate  (cost=4089.21..4089.22 rows=1 width=8)
	  ->  Bitmap Heap Scan on sbtest6  (cost=23.30..4086.56 rows=1060 width=4)
	        Recheck Cond: ((id >= 5609993) AND (id <= 5610992))
	        ->  Bitmap Index Scan on sbtest6_pkey  (cost=0.00..23.04 rows=1060 width=0)
	              Index Cond: ((id >= 5609993) AND (id <= 5610992))

table 7 : explain SELECT SUM(k) FROM sbtest7 WHERE id BETWEEN 2517038 AND 2518037
	Aggregate  (cost=3738.89..3738.90 rows=1 width=8)
	  ->  Bitmap Heap Scan on sbtest7  (cost=22.35..3736.47 rows=967 width=4)
	        Recheck Cond: ((id >= 2517038) AND (id <= 2518037))
	        ->  Bitmap Index Scan on sbtest7_pkey  (cost=0.00..22.11 rows=967 width=0)
	              Index Cond: ((id >= 2517038) AND (id <= 2518037))

table 8 : explain SELECT SUM(k) FROM sbtest8 WHERE id BETWEEN 9126129 AND 9127128
	Aggregate  (cost=3705.21..3705.22 rows=1 width=8)
	  ->  Bitmap Heap Scan on sbtest8  (cost=22.25..3702.81 rows=958 width=4)
	        Recheck Cond: ((id >= 9126129) AND (id <= 9127128))
	        ->  Bitmap Index Scan on sbtest8_pkey  (cost=0.00..22.01 rows=958 width=0)
	              Index Cond: ((id >= 9126129) AND (id <= 9127128))

for: order_ranges
table 1 : explain SELECT c FROM sbtest1 WHERE id BETWEEN 6043374 AND 6044373 ORDER BY c
	Sort  (cost=3638.79..3641.11 rows=929 width=121)
	  Sort Key: c
	  ->  Bitmap Heap Scan on sbtest1  (cost=21.96..3592.99 rows=929 width=121)
	        Recheck Cond: ((id >= 6043374) AND (id <= 6044373))
	        ->  Bitmap Index Scan on sbtest1_pkey  (cost=0.00..21.72 rows=929 width=0)
	              Index Cond: ((id >= 6043374) AND (id <= 6044373))

table 2 : explain SELECT c FROM sbtest2 WHERE id BETWEEN 6288260 AND 6289259 ORDER BY c
	Sort  (cost=3857.88..3860.35 rows=986 width=121)
	  Sort Key: c
	  ->  Bitmap Heap Scan on sbtest2  (cost=22.54..3808.85 rows=986 width=121)
	        Recheck Cond: ((id >= 6288260) AND (id <= 6289259))
	        ->  Bitmap Index Scan on sbtest2_pkey  (cost=0.00..22.29 rows=986 width=0)
	              Index Cond: ((id >= 6288260) AND (id <= 6289259))

table 3 : explain SELECT c FROM sbtest3 WHERE id BETWEEN 979884 AND 980883 ORDER BY c
	Sort  (cost=3779.67..3782.08 rows=966 width=121)
	  Sort Key: c
	  ->  Bitmap Heap Scan on sbtest3  (cost=22.34..3731.78 rows=966 width=121)
	        Recheck Cond: ((id >= 979884) AND (id <= 980883))
	        ->  Bitmap Index Scan on sbtest3_pkey  (cost=0.00..22.09 rows=966 width=0)
	              Index Cond: ((id >= 979884) AND (id <= 980883))

table 4 : explain SELECT c FROM sbtest4 WHERE id BETWEEN 4852546 AND 4853545 ORDER BY c
	Sort  (cost=3845.45..3847.91 rows=983 width=121)
	  Sort Key: c
	  ->  Bitmap Heap Scan on sbtest4  (cost=22.51..3796.59 rows=983 width=121)
	        Recheck Cond: ((id >= 4852546) AND (id <= 4853545))
	        ->  Bitmap Index Scan on sbtest4_pkey  (cost=0.00..22.26 rows=983 width=0)
	              Index Cond: ((id >= 4852546) AND (id <= 4853545))

table 5 : explain SELECT c FROM sbtest5 WHERE id BETWEEN 2938193 AND 2939192 ORDER BY c
	Sort  (cost=3716.25..3718.62 rows=949 width=121)
	  Sort Key: c
	  ->  Bitmap Heap Scan on sbtest5  (cost=22.16..3669.32 rows=949 width=121)
	        Recheck Cond: ((id >= 2938193) AND (id <= 2939192))
	        ->  Bitmap Index Scan on sbtest5_pkey  (cost=0.00..21.93 rows=949 width=0)
	              Index Cond: ((id >= 2938193) AND (id <= 2939192))

table 6 : explain SELECT c FROM sbtest6 WHERE id BETWEEN 8516476 AND 8517475 ORDER BY c
	Sort  (cost=3585.29..3587.58 rows=915 width=121)
	  Sort Key: c
	  ->  Bitmap Heap Scan on sbtest6  (cost=21.81..3540.29 rows=915 width=121)
	        Recheck Cond: ((id >= 8516476) AND (id <= 8517475))
	        ->  Bitmap Index Scan on sbtest6_pkey  (cost=0.00..21.58 rows=915 width=0)
	              Index Cond: ((id >= 8516476) AND (id <= 8517475))

table 7 : explain SELECT c FROM sbtest7 WHERE id BETWEEN 8896032 AND 8897031 ORDER BY c
	Sort  (cost=3914.46..3916.97 rows=1001 width=121)
	  Sort Key: c
	  ->  Bitmap Heap Scan on sbtest7  (cost=22.70..3864.58 rows=1001 width=121)
	        Recheck Cond: ((id >= 8896032) AND (id <= 8897031))
	        ->  Bitmap Index Scan on sbtest7_pkey  (cost=0.00..22.44 rows=1001 width=0)
	              Index Cond: ((id >= 8896032) AND (id <= 8897031))

table 8 : explain SELECT c FROM sbtest8 WHERE id BETWEEN 542867 AND 543866 ORDER BY c
	Sort  (cost=3899.46..3901.96 rows=997 width=121)
	  Sort Key: c
	  ->  Bitmap Heap Scan on sbtest8  (cost=22.65..3849.81 rows=997 width=121)
	        Recheck Cond: ((id >= 542867) AND (id <= 543866))
	        ->  Bitmap Index Scan on sbtest8_pkey  (cost=0.00..22.40 rows=997 width=0)
	              Index Cond: ((id >= 542867) AND (id <= 543866))

explain: for point_selects :: explain SELECT c FROM sbtest%u WHERE id=%u
for: simple_ranges
table 1 : explain SELECT c FROM sbtest1 WHERE id BETWEEN 3695158 AND 3696157
	Bitmap Heap Scan on sbtest1  (cost=22.22..3691.09 rows=955 width=121)
	  Recheck Cond: ((id >= 3695158) AND (id <= 3696157))
	  ->  Bitmap Index Scan on sbtest1_pkey  (cost=0.00..21.98 rows=955 width=0)
	        Index Cond: ((id >= 3695158) AND (id <= 3696157))

table 2 : explain SELECT c FROM sbtest2 WHERE id BETWEEN 3132584 AND 3133583
	Bitmap Heap Scan on sbtest2  (cost=22.78..3895.50 rows=1009 width=121)
	  Recheck Cond: ((id >= 3132584) AND (id <= 3133583))
	  ->  Bitmap Index Scan on sbtest2_pkey  (cost=0.00..22.52 rows=1009 width=0)
	        Index Cond: ((id >= 3132584) AND (id <= 3133583))

table 3 : explain SELECT c FROM sbtest3 WHERE id BETWEEN 861431 AND 862430
	Bitmap Heap Scan on sbtest3  (cost=23.17..4036.61 rows=1047 width=121)
	  Recheck Cond: ((id >= 861431) AND (id <= 862430))
	  ->  Bitmap Index Scan on sbtest3_pkey  (cost=0.00..22.90 rows=1047 width=0)
	        Index Cond: ((id >= 861431) AND (id <= 862430))

table 4 : explain SELECT c FROM sbtest4 WHERE id BETWEEN 1332950 AND 1333949
	Bitmap Heap Scan on sbtest4  (cost=22.79..3898.27 rows=1010 width=121)
	  Recheck Cond: ((id >= 1332950) AND (id <= 1333949))
	  ->  Bitmap Index Scan on sbtest4_pkey  (cost=0.00..22.54 rows=1010 width=0)
	        Index Cond: ((id >= 1332950) AND (id <= 1333949))

table 5 : explain SELECT c FROM sbtest5 WHERE id BETWEEN 7748744 AND 7749743
	Bitmap Heap Scan on sbtest5  (cost=27.78..4264.20 rows=1107 width=121)
	  Recheck Cond: ((id >= 7748744) AND (id <= 7749743))
	  ->  Bitmap Index Scan on sbtest5_pkey  (cost=0.00..27.50 rows=1107 width=0)
	        Index Cond: ((id >= 7748744) AND (id <= 7749743))

table 6 : explain SELECT c FROM sbtest6 WHERE id BETWEEN 6254118 AND 6255117
	Bitmap Heap Scan on sbtest6  (cost=22.49..3789.28 rows=981 width=121)
	  Recheck Cond: ((id >= 6254118) AND (id <= 6255117))
	  ->  Bitmap Index Scan on sbtest6_pkey  (cost=0.00..22.25 rows=981 width=0)
	        Index Cond: ((id >= 6254118) AND (id <= 6255117))

table 7 : explain SELECT c FROM sbtest7 WHERE id BETWEEN 8618773 AND 8619772
	Bitmap Heap Scan on sbtest7  (cost=22.92..3947.39 rows=1023 width=121)
	  Recheck Cond: ((id >= 8618773) AND (id <= 8619772))
	  ->  Bitmap Index Scan on sbtest7_pkey  (cost=0.00..22.66 rows=1023 width=0)
	        Index Cond: ((id >= 8618773) AND (id <= 8619772))

table 8 : explain SELECT c FROM sbtest8 WHERE id BETWEEN 4369893 AND 4370892
	Bitmap Heap Scan on sbtest8  (cost=21.66..3483.83 rows=900 width=121)
	  Recheck Cond: ((id >= 4369893) AND (id <= 4370892))
	  ->  Bitmap Index Scan on sbtest8_pkey  (cost=0.00..21.43 rows=900 width=0)
	        Index Cond: ((id >= 4369893) AND (id <= 4370892))

for: distinct_ranges
table 1 : explain SELECT DISTINCT c FROM sbtest1 WHERE id BETWEEN 5661499 AND 5662498 ORDER BY c
	Unique  (cost=4444.75..4450.45 rows=1140 width=121)
	  ->  Sort  (cost=4444.75..4447.60 rows=1140 width=121)
	        Sort Key: c
	        ->  Bitmap Heap Scan on sbtest1  (cost=28.12..4386.87 rows=1140 width=121)
	              Recheck Cond: ((id >= 5661499) AND (id <= 5662498))
	              ->  Bitmap Index Scan on sbtest1_pkey  (cost=0.00..27.83 rows=1140 width=0)
	                    Index Cond: ((id >= 5661499) AND (id <= 5662498))

table 2 : explain SELECT DISTINCT c FROM sbtest2 WHERE id BETWEEN 1577956 AND 1578955 ORDER BY c
	Unique  (cost=3995.53..4000.64 rows=1022 width=121)
	  ->  Sort  (cost=3995.53..3998.08 rows=1022 width=121)
	        Sort Key: c
	        ->  Bitmap Heap Scan on sbtest2  (cost=22.91..3944.44 rows=1022 width=121)
	              Recheck Cond: ((id >= 1577956) AND (id <= 1578955))
	              ->  Bitmap Index Scan on sbtest2_pkey  (cost=0.00..22.65 rows=1022 width=0)
	                    Index Cond: ((id >= 1577956) AND (id <= 1578955))

table 3 : explain SELECT DISTINCT c FROM sbtest3 WHERE id BETWEEN 5306060 AND 5307059 ORDER BY c
	Unique  (cost=4367.62..4373.22 rows=1120 width=121)
	  ->  Sort  (cost=4367.62..4370.42 rows=1120 width=121)
	        Sort Key: c
	        ->  Bitmap Heap Scan on sbtest3  (cost=27.92..4310.89 rows=1120 width=121)
	              Recheck Cond: ((id >= 5306060) AND (id <= 5307059))
	              ->  Bitmap Index Scan on sbtest3_pkey  (cost=0.00..27.64 rows=1120 width=0)
	                    Index Cond: ((id >= 5306060) AND (id <= 5307059))

table 4 : explain SELECT DISTINCT c FROM sbtest4 WHERE id BETWEEN 4057325 AND 4058324 ORDER BY c
	Unique  (cost=3925.74..3930.76 rows=1004 width=121)
	  ->  Sort  (cost=3925.74..3928.25 rows=1004 width=121)
	        Sort Key: c
	        ->  Bitmap Heap Scan on sbtest4  (cost=22.73..3875.68 rows=1004 width=121)
	              Recheck Cond: ((id >= 4057325) AND (id <= 4058324))
	              ->  Bitmap Index Scan on sbtest4_pkey  (cost=0.00..22.47 rows=1004 width=0)
	                    Index Cond: ((id >= 4057325) AND (id <= 4058324))

table 5 : explain SELECT DISTINCT c FROM sbtest5 WHERE id BETWEEN 4217588 AND 4218587 ORDER BY c
	Unique  (cost=3857.88..3862.81 rows=986 width=121)
	  ->  Sort  (cost=3857.88..3860.35 rows=986 width=121)
	        Sort Key: c
	        ->  Bitmap Heap Scan on sbtest5  (cost=22.54..3808.85 rows=986 width=121)
	              Recheck Cond: ((id >= 4217588) AND (id <= 4218587))
	              ->  Bitmap Index Scan on sbtest5_pkey  (cost=0.00..22.29 rows=986 width=0)
	                    Index Cond: ((id >= 4217588) AND (id <= 4218587))

table 6 : explain SELECT DISTINCT c FROM sbtest6 WHERE id BETWEEN 7968019 AND 7969018 ORDER BY c
	Unique  (cost=3887.74..3892.71 rows=994 width=121)
	  ->  Sort  (cost=3887.74..3890.22 rows=994 width=121)
	        Sort Key: c
	        ->  Bitmap Heap Scan on sbtest6  (cost=22.62..3838.25 rows=994 width=121)
	              Recheck Cond: ((id >= 7968019) AND (id <= 7969018))
	              ->  Bitmap Index Scan on sbtest6_pkey  (cost=0.00..22.37 rows=994 width=0)
	                    Index Cond: ((id >= 7968019) AND (id <= 7969018))

table 7 : explain SELECT DISTINCT c FROM sbtest7 WHERE id BETWEEN 3967437 AND 3968436 ORDER BY c
	Unique  (cost=3987.07..3992.17 rows=1020 width=121)
	  ->  Sort  (cost=3987.07..3989.62 rows=1020 width=121)
	        Sort Key: c
	        ->  Bitmap Heap Scan on sbtest7  (cost=22.89..3936.10 rows=1020 width=121)
	              Recheck Cond: ((id >= 3967437) AND (id <= 3968436))
	              ->  Bitmap Index Scan on sbtest7_pkey  (cost=0.00..22.64 rows=1020 width=0)
	                    Index Cond: ((id >= 3967437) AND (id <= 3968436))

table 8 : explain SELECT DISTINCT c FROM sbtest8 WHERE id BETWEEN 8664975 AND 8665974 ORDER BY c
	Unique  (cost=3842.10..3847.01 rows=982 width=121)
	  ->  Sort  (cost=3842.10..3844.55 rows=982 width=121)
	        Sort Key: c
	        ->  Bitmap Heap Scan on sbtest8  (cost=22.50..3793.29 rows=982 width=121)
	              Recheck Cond: ((id >= 8664975) AND (id <= 8665974))
	              ->  Bitmap Index Scan on sbtest8_pkey  (cost=0.00..22.25 rows=982 width=0)
	                    Index Cond: ((id >= 8664975) AND (id <= 8665974))

for point_selects
table 1 : explain SELECT c FROM sbtest1 WHERE id=2038624
	Index Scan using sbtest1_pkey on sbtest1  (cost=0.43..8.45 rows=1 width=121)
	  Index Cond: (id = 2038624)

table 2 : explain SELECT c FROM sbtest2 WHERE id=6221906
	Index Scan using sbtest2_pkey on sbtest2  (cost=0.43..8.45 rows=1 width=121)
	  Index Cond: (id = 6221906)

table 3 : explain SELECT c FROM sbtest3 WHERE id=3390183
	Index Scan using sbtest3_pkey on sbtest3  (cost=0.43..8.45 rows=1 width=121)
	  Index Cond: (id = 3390183)

table 4 : explain SELECT c FROM sbtest4 WHERE id=6129120
	Index Scan using sbtest4_pkey on sbtest4  (cost=0.43..8.45 rows=1 width=121)
	  Index Cond: (id = 6129120)

table 5 : explain SELECT c FROM sbtest5 WHERE id=5418047
	Index Scan using sbtest5_pkey on sbtest5  (cost=0.43..8.45 rows=1 width=121)
	  Index Cond: (id = 5418047)

table 6 : explain SELECT c FROM sbtest6 WHERE id=3048825
	Index Scan using sbtest6_pkey on sbtest6  (cost=0.43..8.45 rows=1 width=121)
	  Index Cond: (id = 3048825)

table 7 : explain SELECT c FROM sbtest7 WHERE id=7915106
	Index Scan using sbtest7_pkey on sbtest7  (cost=0.43..8.45 rows=1 width=121)
	  Index Cond: (id = 7915106)

table 8 : explain SELECT c FROM sbtest8 WHERE id=7663634
	Index Scan using sbtest8_pkey on sbtest8  (cost=0.43..8.45 rows=1 width=121)
	  Index Cond: (id = 7663634)

for: simple_ranges
table 1 : explain SELECT c FROM sbtest1 WHERE id BETWEEN 8524018 AND 8525017
	Bitmap Heap Scan on sbtest1  (cost=22.14..3660.92 rows=947 width=121)
	  Recheck Cond: ((id >= 8524018) AND (id <= 8525017))
	  ->  Bitmap Index Scan on sbtest1_pkey  (cost=0.00..21.90 rows=947 width=0)
	        Index Cond: ((id >= 8524018) AND (id <= 8525017))

table 2 : explain SELECT c FROM sbtest2 WHERE id BETWEEN 8611459 AND 8612458
	Bitmap Heap Scan on sbtest2  (cost=22.63..3842.77 rows=995 width=121)
	  Recheck Cond: ((id >= 8611459) AND (id <= 8612458))
	  ->  Bitmap Index Scan on sbtest2_pkey  (cost=0.00..22.39 rows=995 width=0)
	        Index Cond: ((id >= 8611459) AND (id <= 8612458))

table 3 : explain SELECT c FROM sbtest3 WHERE id BETWEEN 1132078 AND 1133077
	Bitmap Heap Scan on sbtest3  (cost=22.84..3916.28 rows=1015 width=121)
	  Recheck Cond: ((id >= 1132078) AND (id <= 1133077))
	  ->  Bitmap Index Scan on sbtest3_pkey  (cost=0.00..22.58 rows=1015 width=0)
	        Index Cond: ((id >= 1132078) AND (id <= 1133077))

table 4 : explain SELECT c FROM sbtest4 WHERE id BETWEEN 4156587 AND 4157586
	Bitmap Heap Scan on sbtest4  (cost=23.58..4187.73 rows=1087 width=121)
	  Recheck Cond: ((id >= 4156587) AND (id <= 4157586))
	  ->  Bitmap Index Scan on sbtest4_pkey  (cost=0.00..23.30 rows=1087 width=0)
	        Index Cond: ((id >= 4156587) AND (id <= 4157586))

table 5 : explain SELECT c FROM sbtest5 WHERE id BETWEEN 2002290 AND 2003289
	Bitmap Heap Scan on sbtest5  (cost=27.27..4080.10 rows=1057 width=121)
	  Recheck Cond: ((id >= 2002290) AND (id <= 2003289))
	  ->  Bitmap Index Scan on sbtest5_pkey  (cost=0.00..27.00 rows=1057 width=0)
	        Index Cond: ((id >= 2002290) AND (id <= 2003289))

table 6 : explain SELECT c FROM sbtest6 WHERE id BETWEEN 755270 AND 756269
	Bitmap Heap Scan on sbtest6  (cost=23.06..4000.09 rows=1037 width=121)
	  Recheck Cond: ((id >= 755270) AND (id <= 756269))
	  ->  Bitmap Index Scan on sbtest6_pkey  (cost=0.00..22.80 rows=1037 width=0)
	        Index Cond: ((id >= 755270) AND (id <= 756269))

table 7 : explain SELECT c FROM sbtest7 WHERE id BETWEEN 7699997 AND 7700996
	Bitmap Heap Scan on sbtest7  (cost=22.60..3830.68 rows=992 width=121)
	  Recheck Cond: ((id >= 7699997) AND (id <= 7700996))
	  ->  Bitmap Index Scan on sbtest7_pkey  (cost=0.00..22.36 rows=992 width=0)
	        Index Cond: ((id >= 7699997) AND (id <= 7700996))

table 8 : explain SELECT c FROM sbtest8 WHERE id BETWEEN 4417795 AND 4418794
	Bitmap Heap Scan on sbtest8  (cost=21.66..3483.83 rows=900 width=121)
	  Recheck Cond: ((id >= 4417795) AND (id <= 4418794))
	  ->  Bitmap Index Scan on sbtest8_pkey  (cost=0.00..21.43 rows=900 width=0)
	        Index Cond: ((id >= 4417795) AND (id <= 4418794))

for: distinct_ranges
table 1 : explain SELECT DISTINCT c FROM sbtest1 WHERE id BETWEEN 9014720 AND 9015719 ORDER BY c
	Unique  (cost=4135.82..4141.11 rows=1059 width=121)
	  ->  Sort  (cost=4135.82..4138.46 rows=1059 width=121)
	        Sort Key: c
	        ->  Bitmap Heap Scan on sbtest1  (cost=23.29..4082.61 rows=1059 width=121)
	              Recheck Cond: ((id >= 9014720) AND (id <= 9015719))
	              ->  Bitmap Index Scan on sbtest1_pkey  (cost=0.00..23.02 rows=1059 width=0)
	                    Index Cond: ((id >= 9014720) AND (id <= 9015719))

table 2 : explain SELECT DISTINCT c FROM sbtest2 WHERE id BETWEEN 9921044 AND 9922043 ORDER BY c
	Unique  (cost=3739.23..3744.00 rows=955 width=121)
	  ->  Sort  (cost=3739.23..3741.62 rows=955 width=121)
	        Sort Key: c
	        ->  Bitmap Heap Scan on sbtest2  (cost=22.22..3691.96 rows=955 width=121)
	              Recheck Cond: ((id >= 9921044) AND (id <= 9922043))
	              ->  Bitmap Index Scan on sbtest2_pkey  (cost=0.00..21.98 rows=955 width=0)
	                    Index Cond: ((id >= 9921044) AND (id <= 9922043))

table 3 : explain SELECT DISTINCT c FROM sbtest3 WHERE id BETWEEN 6749067 AND 6750066 ORDER BY c
	Unique  (cost=3638.04..3642.69 rows=929 width=121)
	  ->  Sort  (cost=3638.04..3640.36 rows=929 width=121)
	        Sort Key: c
	        ->  Bitmap Heap Scan on sbtest3  (cost=21.96..3592.24 rows=929 width=121)
	              Recheck Cond: ((id >= 6749067) AND (id <= 6750066))
	              ->  Bitmap Index Scan on sbtest3_pkey  (cost=0.00..21.72 rows=929 width=0)
	                    Index Cond: ((id >= 6749067) AND (id <= 6750066))

table 4 : explain SELECT DISTINCT c FROM sbtest4 WHERE id BETWEEN 5833451 AND 5834450 ORDER BY c
	Unique  (cost=3312.62..3316.84 rows=844 width=121)
	  ->  Sort  (cost=3312.62..3314.73 rows=844 width=121)
	        Sort Key: c
	        ->  Bitmap Heap Scan on sbtest4  (cost=21.09..3271.60 rows=844 width=121)
	              Recheck Cond: ((id >= 5833451) AND (id <= 5834450))
	              ->  Bitmap Index Scan on sbtest4_pkey  (cost=0.00..20.87 rows=844 width=0)
	                    Index Cond: ((id >= 5833451) AND (id <= 5834450))

table 5 : explain SELECT DISTINCT c FROM sbtest5 WHERE id BETWEEN 9330450 AND 9331449 ORDER BY c
	Unique  (cost=3796.65..3801.50 rows=970 width=121)
	  ->  Sort  (cost=3796.65..3799.08 rows=970 width=121)
	        Sort Key: c
	        ->  Bitmap Heap Scan on sbtest5  (cost=22.38..3748.53 rows=970 width=121)
	              Recheck Cond: ((id >= 9330450) AND (id <= 9331449))
	              ->  Bitmap Index Scan on sbtest5_pkey  (cost=0.00..22.14 rows=970 width=0)
	                    Index Cond: ((id >= 9330450) AND (id <= 9331449))

table 6 : explain SELECT DISTINCT c FROM sbtest6 WHERE id BETWEEN 1901139 AND 1902138 ORDER BY c
	Unique  (cost=4078.76..4083.98 rows=1044 width=121)
	  ->  Sort  (cost=4078.76..4081.37 rows=1044 width=121)
	        Sort Key: c
	        ->  Bitmap Heap Scan on sbtest6  (cost=23.14..4026.42 rows=1044 width=121)
	              Recheck Cond: ((id >= 1901139) AND (id <= 1902138))
	              ->  Bitmap Index Scan on sbtest6_pkey  (cost=0.00..22.87 rows=1044 width=0)
	                    Index Cond: ((id >= 1901139) AND (id <= 1902138))

table 7 : explain SELECT DISTINCT c FROM sbtest7 WHERE id BETWEEN 9816554 AND 9817553 ORDER BY c
	Unique  (cost=3558.42..3562.96 rows=908 width=121)
	  ->  Sort  (cost=3558.42..3560.69 rows=908 width=121)
	        Sort Key: c
	        ->  Bitmap Heap Scan on sbtest7  (cost=21.74..3513.81 rows=908 width=121)
	              Recheck Cond: ((id >= 9816554) AND (id <= 9817553))
	              ->  Bitmap Index Scan on sbtest7_pkey  (cost=0.00..21.51 rows=908 width=0)
	                    Index Cond: ((id >= 9816554) AND (id <= 9817553))

table 8 : explain SELECT DISTINCT c FROM sbtest8 WHERE id BETWEEN 4493486 AND 4494485 ORDER BY c
	Unique  (cost=3788.53..3793.37 rows=968 width=121)
	  ->  Sort  (cost=3788.53..3790.95 rows=968 width=121)
	        Sort Key: c
	        ->  Bitmap Heap Scan on sbtest8  (cost=22.36..3740.52 rows=968 width=121)
	              Recheck Cond: ((id >= 4493486) AND (id <= 4494485))
	              ->  Bitmap Index Scan on sbtest8_pkey  (cost=0.00..22.11 rows=968 width=0)
	                    Index Cond: ((id >= 4493486) AND (id <= 4494485))

explain: for point_selects :: explain SELECT c FROM sbtest%u WHERE id=%u
for: order_ranges
table 1 : explain SELECT c FROM sbtest1 WHERE id BETWEEN 5908693 AND 5909692 ORDER BY c
	Sort  (cost=4380.03..4382.84 rows=1123 width=121)
	  Sort Key: c
	  ->  Bitmap Heap Scan on sbtest1  (cost=27.95..4323.14 rows=1123 width=121)
	        Recheck Cond: ((id >= 5908693) AND (id <= 5909692))
	        ->  Bitmap Index Scan on sbtest1_pkey  (cost=0.00..27.66 rows=1123 width=0)
	              Index Cond: ((id >= 5908693) AND (id <= 5909692))

table 2 : explain SELECT c FROM sbtest2 WHERE id BETWEEN 9162771 AND 9163770 ORDER BY c
	Sort  (cost=4041.37..4043.96 rows=1034 width=121)
	  Sort Key: c
	  ->  Bitmap Heap Scan on sbtest2  (cost=23.03..3989.60 rows=1034 width=121)
	        Recheck Cond: ((id >= 9162771) AND (id <= 9163770))
	        ->  Bitmap Index Scan on sbtest2_pkey  (cost=0.00..22.77 rows=1034 width=0)
	              Index Cond: ((id >= 9162771) AND (id <= 9163770))

table 3 : explain SELECT c FROM sbtest3 WHERE id BETWEEN 9853870 AND 9854869 ORDER BY c
	Sort  (cost=3921.13..3923.63 rows=1003 width=121)
	  Sort Key: c
	  ->  Bitmap Heap Scan on sbtest3  (cost=22.72..3871.13 rows=1003 width=121)
	        Recheck Cond: ((id >= 9853870) AND (id <= 9854869))
	        ->  Bitmap Index Scan on sbtest3_pkey  (cost=0.00..22.46 rows=1003 width=0)
	              Index Cond: ((id >= 9853870) AND (id <= 9854869))

table 4 : explain SELECT c FROM sbtest4 WHERE id BETWEEN 4713785 AND 4714784 ORDER BY c
	Sort  (cost=3481.56..3483.78 rows=888 width=121)
	  Sort Key: c
	  ->  Bitmap Heap Scan on sbtest4  (cost=21.54..3438.07 rows=888 width=121)
	        Recheck Cond: ((id >= 4713785) AND (id <= 4714784))
	        ->  Bitmap Index Scan on sbtest4_pkey  (cost=0.00..21.32 rows=888 width=0)
	              Index Cond: ((id >= 4713785) AND (id <= 4714784))

table 5 : explain SELECT c FROM sbtest5 WHERE id BETWEEN 534207 AND 535206 ORDER BY c
	Sort  (cost=4186.62..4189.30 rows=1071 width=121)
	  Sort Key: c
	  ->  Bitmap Heap Scan on sbtest5  (cost=27.41..4132.72 rows=1071 width=121)
	        Recheck Cond: ((id >= 534207) AND (id <= 535206))
	        ->  Bitmap Index Scan on sbtest5_pkey  (cost=0.00..27.14 rows=1071 width=0)
	              Index Cond: ((id >= 534207) AND (id <= 535206))

table 6 : explain SELECT c FROM sbtest6 WHERE id BETWEEN 7934260 AND 7935259 ORDER BY c
	Sort  (cost=3887.74..3890.22 rows=994 width=121)
	  Sort Key: c
	  ->  Bitmap Heap Scan on sbtest6  (cost=22.62..3838.25 rows=994 width=121)
	        Recheck Cond: ((id >= 7934260) AND (id <= 7935259))
	        ->  Bitmap Index Scan on sbtest6_pkey  (cost=0.00..22.37 rows=994 width=0)
	              Index Cond: ((id >= 7934260) AND (id <= 7935259))

table 7 : explain SELECT c FROM sbtest7 WHERE id BETWEEN 7204127 AND 7205126 ORDER BY c
	Sort  (cost=3539.25..3541.51 rows=903 width=121)
	  Sort Key: c
	  ->  Bitmap Heap Scan on sbtest7  (cost=21.69..3494.92 rows=903 width=121)
	        Recheck Cond: ((id >= 7204127) AND (id <= 7205126))
	        ->  Bitmap Index Scan on sbtest7_pkey  (cost=0.00..21.46 rows=903 width=0)
	              Index Cond: ((id >= 7204127) AND (id <= 7205126))

table 8 : explain SELECT c FROM sbtest8 WHERE id BETWEEN 2449850 AND 2450849 ORDER BY c
	Sort  (cost=4532.80..4535.71 rows=1163 width=121)
	  Sort Key: c
	  ->  Bitmap Heap Scan on sbtest8  (cost=28.36..4473.58 rows=1163 width=121)
	        Recheck Cond: ((id >= 2449850) AND (id <= 2450849))
	        ->  Bitmap Index Scan on sbtest8_pkey  (cost=0.00..28.07 rows=1163 width=0)
	              Index Cond: ((id >= 2449850) AND (id <= 2450849))

for: order_ranges
table 1 : explain SELECT c FROM sbtest1 WHERE id BETWEEN 8505936 AND 8506935 ORDER BY c
	Sort  (cost=3707.73..3710.10 rows=947 width=121)
	  Sort Key: c
	  ->  Bitmap Heap Scan on sbtest1  (cost=22.14..3660.92 rows=947 width=121)
	        Recheck Cond: ((id >= 8505936) AND (id <= 8506935))
	        ->  Bitmap Index Scan on sbtest1_pkey  (cost=0.00..21.90 rows=947 width=0)
	              Index Cond: ((id >= 8505936) AND (id <= 8506935))

table 2 : explain SELECT c FROM sbtest2 WHERE id BETWEEN 4056254 AND 4057253 ORDER BY c
	Sort  (cost=3861.71..3864.18 rows=987 width=121)
	  Sort Key: c
	  ->  Bitmap Heap Scan on sbtest2  (cost=22.55..3812.62 rows=987 width=121)
	        Recheck Cond: ((id >= 4056254) AND (id <= 4057253))
	        ->  Bitmap Index Scan on sbtest2_pkey  (cost=0.00..22.30 rows=987 width=0)
	              Index Cond: ((id >= 4056254) AND (id <= 4057253))

table 3 : explain SELECT c FROM sbtest3 WHERE id BETWEEN 4229946 AND 4230945 ORDER BY c
	Sort  (cost=3741.41..3743.80 rows=956 width=121)
	  Sort Key: c
	  ->  Bitmap Heap Scan on sbtest3  (cost=22.23..3694.08 rows=956 width=121)
	        Recheck Cond: ((id >= 4229946) AND (id <= 4230945))
	        ->  Bitmap Index Scan on sbtest3_pkey  (cost=0.00..22.00 rows=956 width=0)
	              Index Cond: ((id >= 4229946) AND (id <= 4230945))

table 4 : explain SELECT c FROM sbtest4 WHERE id BETWEEN 8539057 AND 8540056 ORDER BY c
	Sort  (cost=3814.85..3817.29 rows=975 width=121)
	  Sort Key: c
	  ->  Bitmap Heap Scan on sbtest4  (cost=22.43..3766.45 rows=975 width=121)
	        Recheck Cond: ((id >= 8539057) AND (id <= 8540056))
	        ->  Bitmap Index Scan on sbtest4_pkey  (cost=0.00..22.18 rows=975 width=0)
	              Index Cond: ((id >= 8539057) AND (id <= 8540056))

table 5 : explain SELECT c FROM sbtest5 WHERE id BETWEEN 8122102 AND 8123101 ORDER BY c
	Sort  (cost=3930.72..3933.23 rows=1004 width=121)
	  Sort Key: c
	  ->  Bitmap Heap Scan on sbtest5  (cost=26.73..3880.66 rows=1004 width=121)
	        Recheck Cond: ((id >= 8122102) AND (id <= 8123101))
	        ->  Bitmap Index Scan on sbtest5_pkey  (cost=0.00..26.47 rows=1004 width=0)
	              Index Cond: ((id >= 8122102) AND (id <= 8123101))

table 6 : explain SELECT c FROM sbtest6 WHERE id BETWEEN 8254921 AND 8255920 ORDER BY c
	Sort  (cost=4216.30..4219.00 rows=1079 width=121)
	  Sort Key: c
	  ->  Bitmap Heap Scan on sbtest6  (cost=27.49..4161.94 rows=1079 width=121)
	        Recheck Cond: ((id >= 8254921) AND (id <= 8255920))
	        ->  Bitmap Index Scan on sbtest6_pkey  (cost=0.00..27.22 rows=1079 width=0)
	              Index Cond: ((id >= 8254921) AND (id <= 8255920))

table 7 : explain SELECT c FROM sbtest7 WHERE id BETWEEN 6117273 AND 6118272 ORDER BY c
	Sort  (cost=3952.68..3955.21 rows=1011 width=121)
	  Sort Key: c
	  ->  Bitmap Heap Scan on sbtest7  (cost=22.80..3902.23 rows=1011 width=121)
	        Recheck Cond: ((id >= 6117273) AND (id <= 6118272))
	        ->  Bitmap Index Scan on sbtest7_pkey  (cost=0.00..22.54 rows=1011 width=0)
	              Index Cond: ((id >= 6117273) AND (id <= 6118272))

table 8 : explain SELECT c FROM sbtest8 WHERE id BETWEEN 1539043 AND 1540042 ORDER BY c
	Sort  (cost=3796.18..3798.61 rows=970 width=121)
	  Sort Key: c
	  ->  Bitmap Heap Scan on sbtest8  (cost=22.38..3748.06 rows=970 width=121)
	        Recheck Cond: ((id >= 1539043) AND (id <= 1540042))
	        ->  Bitmap Index Scan on sbtest8_pkey  (cost=0.00..22.14 rows=970 width=0)
	              Index Cond: ((id >= 1539043) AND (id <= 1540042))

for: distinct_ranges
table 1 : explain SELECT DISTINCT c FROM sbtest1 WHERE id BETWEEN 671929 AND 672928 ORDER BY c
	Unique  (cost=4051.85..4057.04 rows=1037 width=121)
	  ->  Sort  (cost=4051.85..4054.44 rows=1037 width=121)
	        Sort Key: c
	        ->  Bitmap Heap Scan on sbtest1  (cost=23.06..3999.91 rows=1037 width=121)
	              Recheck Cond: ((id >= 671929) AND (id <= 672928))
	              ->  Bitmap Index Scan on sbtest1_pkey  (cost=0.00..22.80 rows=1037 width=0)
	                    Index Cond: ((id >= 671929) AND (id <= 672928))

table 2 : explain SELECT DISTINCT c FROM sbtest2 WHERE id BETWEEN 1819954 AND 1820953 ORDER BY c
	Unique  (cost=4102.47..4107.72 rows=1050 width=121)
	  ->  Sort  (cost=4102.47..4105.10 rows=1050 width=121)
	        Sort Key: c
	        ->  Bitmap Heap Scan on sbtest2  (cost=23.20..4049.78 rows=1050 width=121)
	              Recheck Cond: ((id >= 1819954) AND (id <= 1820953))
	              ->  Bitmap Index Scan on sbtest2_pkey  (cost=0.00..22.93 rows=1050 width=0)
	                    Index Cond: ((id >= 1819954) AND (id <= 1820953))

table 3 : explain SELECT DISTINCT c FROM sbtest3 WHERE id BETWEEN 8702391 AND 8703390 ORDER BY c
	Unique  (cost=3978.43..3983.52 rows=1018 width=121)
	  ->  Sort  (cost=3978.43..3980.97 rows=1018 width=121)
	        Sort Key: c
	        ->  Bitmap Heap Scan on sbtest3  (cost=22.87..3927.57 rows=1018 width=121)
	              Recheck Cond: ((id >= 8702391) AND (id <= 8703390))
	              ->  Bitmap Index Scan on sbtest3_pkey  (cost=0.00..22.61 rows=1018 width=0)
	                    Index Cond: ((id >= 8702391) AND (id <= 8703390))

table 4 : explain SELECT DISTINCT c FROM sbtest4 WHERE id BETWEEN 6498559 AND 6499558 ORDER BY c
	Unique  (cost=4307.61..4313.13 rows=1104 width=121)
	  ->  Sort  (cost=4307.61..4310.37 rows=1104 width=121)
	        Sort Key: c
	        ->  Bitmap Heap Scan on sbtest4  (cost=27.75..4251.81 rows=1104 width=121)
	              Recheck Cond: ((id >= 6498559) AND (id <= 6499558))
	              ->  Bitmap Index Scan on sbtest4_pkey  (cost=0.00..27.47 rows=1104 width=0)
	                    Index Cond: ((id >= 6498559) AND (id <= 6499558))

table 5 : explain SELECT DISTINCT c FROM sbtest5 WHERE id BETWEEN 8349667 AND 8350666 ORDER BY c
	Unique  (cost=3685.60..3690.31 rows=941 width=121)
	  ->  Sort  (cost=3685.60..3687.95 rows=941 width=121)
	        Sort Key: c
	        ->  Bitmap Heap Scan on sbtest5  (cost=22.08..3639.13 rows=941 width=121)
	              Recheck Cond: ((id >= 8349667) AND (id <= 8350666))
	              ->  Bitmap Index Scan on sbtest5_pkey  (cost=0.00..21.84 rows=941 width=0)
	                    Index Cond: ((id >= 8349667) AND (id <= 8350666))

table 6 : explain SELECT DISTINCT c FROM sbtest6 WHERE id BETWEEN 1099670 AND 1100669 ORDER BY c
	Unique  (cost=4029.13..4034.28 rows=1031 width=121)
	  ->  Sort  (cost=4029.13..4031.70 rows=1031 width=121)
	        Sort Key: c
	        ->  Bitmap Heap Scan on sbtest6  (cost=23.00..3977.53 rows=1031 width=121)
	              Recheck Cond: ((id >= 1099670) AND (id <= 1100669))
	              ->  Bitmap Index Scan on sbtest6_pkey  (cost=0.00..22.75 rows=1031 width=0)
	                    Index Cond: ((id >= 1099670) AND (id <= 1100669))

table 7 : explain SELECT DISTINCT c FROM sbtest7 WHERE id BETWEEN 4630757 AND 4631756 ORDER BY c
	Unique  (cost=3753.80..3758.60 rows=959 width=121)
	  ->  Sort  (cost=3753.80..3756.20 rows=959 width=121)
	        Sort Key: c
	        ->  Bitmap Heap Scan on sbtest7  (cost=22.26..3706.31 rows=959 width=121)
	              Recheck Cond: ((id >= 4630757) AND (id <= 4631756))
	              ->  Bitmap Index Scan on sbtest7_pkey  (cost=0.00..22.02 rows=959 width=0)
	                    Index Cond: ((id >= 4630757) AND (id <= 4631756))

table 8 : explain SELECT DISTINCT c FROM sbtest8 WHERE id BETWEEN 4237723 AND 4238722 ORDER BY c
	Unique  (cost=4243.28..4248.71 rows=1086 width=121)
	  ->  Sort  (cost=4243.28..4245.99 rows=1086 width=121)
	        Sort Key: c
	        ->  Bitmap Heap Scan on sbtest8  (cost=27.57..4188.52 rows=1086 width=121)
	              Recheck Cond: ((id >= 4237723) AND (id <= 4238722))
	              ->  Bitmap Index Scan on sbtest8_pkey  (cost=0.00..27.29 rows=1086 width=0)
	                    Index Cond: ((id >= 4237723) AND (id <= 4238722))

for: distinct_ranges
table 1 : explain SELECT DISTINCT c FROM sbtest1 WHERE id BETWEEN 4349162 AND 4350161 ORDER BY c
	Unique  (cost=3734.53..3739.30 rows=954 width=121)
	  ->  Sort  (cost=3734.53..3736.92 rows=954 width=121)
	        Sort Key: c
	        ->  Bitmap Heap Scan on sbtest1  (cost=22.21..3687.32 rows=954 width=121)
	              Recheck Cond: ((id >= 4349162) AND (id <= 4350161))
	              ->  Bitmap Index Scan on sbtest1_pkey  (cost=0.00..21.97 rows=954 width=0)
	                    Index Cond: ((id >= 4349162) AND (id <= 4350161))

table 2 : explain SELECT DISTINCT c FROM sbtest2 WHERE id BETWEEN 6219044 AND 6220043 ORDER BY c
	Unique  (cost=3857.88..3862.81 rows=986 width=121)
	  ->  Sort  (cost=3857.88..3860.35 rows=986 width=121)
	        Sort Key: c
	        ->  Bitmap Heap Scan on sbtest2  (cost=22.54..3808.85 rows=986 width=121)
	              Recheck Cond: ((id >= 6219044) AND (id <= 6220043))
	              ->  Bitmap Index Scan on sbtest2_pkey  (cost=0.00..22.29 rows=986 width=0)
	                    Index Cond: ((id >= 6219044) AND (id <= 6220043))

table 3 : explain SELECT DISTINCT c FROM sbtest3 WHERE id BETWEEN 561231 AND 562230 ORDER BY c
	Unique  (cost=3871.45..3876.40 rows=990 width=121)
	  ->  Sort  (cost=3871.45..3873.92 rows=990 width=121)
	        Sort Key: c
	        ->  Bitmap Heap Scan on sbtest3  (cost=22.58..3822.19 rows=990 width=121)
	              Recheck Cond: ((id >= 561231) AND (id <= 562230))
	              ->  Bitmap Index Scan on sbtest3_pkey  (cost=0.00..22.33 rows=990 width=0)
	                    Index Cond: ((id >= 561231) AND (id <= 562230))

table 4 : explain SELECT DISTINCT c FROM sbtest4 WHERE id BETWEEN 7288428 AND 7289427 ORDER BY c
	Unique  (cost=3757.46..3762.26 rows=960 width=121)
	  ->  Sort  (cost=3757.46..3759.86 rows=960 width=121)
	        Sort Key: c
	        ->  Bitmap Heap Scan on sbtest4  (cost=22.27..3709.90 rows=960 width=121)
	              Recheck Cond: ((id >= 7288428) AND (id <= 7289427))
	              ->  Bitmap Index Scan on sbtest4_pkey  (cost=0.00..22.04 rows=960 width=0)
	                    Index Cond: ((id >= 7288428) AND (id <= 7289427))

table 5 : explain SELECT DISTINCT c FROM sbtest5 WHERE id BETWEEN 9340332 AND 9341331 ORDER BY c
	Unique  (cost=3796.65..3801.50 rows=970 width=121)
	  ->  Sort  (cost=3796.65..3799.08 rows=970 width=121)
	        Sort Key: c
	        ->  Bitmap Heap Scan on sbtest5  (cost=22.38..3748.53 rows=970 width=121)
	              Recheck Cond: ((id >= 9340332) AND (id <= 9341331))
	              ->  Bitmap Index Scan on sbtest5_pkey  (cost=0.00..22.14 rows=970 width=0)
	                    Index Cond: ((id >= 9340332) AND (id <= 9341331))

table 6 : explain SELECT DISTINCT c FROM sbtest6 WHERE id BETWEEN 7844837 AND 7845836 ORDER BY c
	Unique  (cost=4067.31..4072.52 rows=1041 width=121)
	  ->  Sort  (cost=4067.31..4069.91 rows=1041 width=121)
	        Sort Key: c
	        ->  Bitmap Heap Scan on sbtest6  (cost=23.11..4015.14 rows=1041 width=121)
	              Recheck Cond: ((id >= 7844837) AND (id <= 7845836))
	              ->  Bitmap Index Scan on sbtest6_pkey  (cost=0.00..22.84 rows=1041 width=0)
	                    Index Cond: ((id >= 7844837) AND (id <= 7845836))

table 7 : explain SELECT DISTINCT c FROM sbtest7 WHERE id BETWEEN 5571138 AND 5572137 ORDER BY c
	Unique  (cost=4021.45..4026.59 rows=1029 width=121)
	  ->  Sort  (cost=4021.45..4024.02 rows=1029 width=121)
	        Sort Key: c
	        ->  Bitmap Heap Scan on sbtest7  (cost=22.98..3969.96 rows=1029 width=121)
	              Recheck Cond: ((id >= 5571138) AND (id <= 5572137))
	              ->  Bitmap Index Scan on sbtest7_pkey  (cost=0.00..22.72 rows=1029 width=0)
	                    Index Cond: ((id >= 5571138) AND (id <= 5572137))

table 8 : explain SELECT DISTINCT c FROM sbtest8 WHERE id BETWEEN 1135944 AND 1136943 ORDER BY c
	Unique  (cost=4212.77..4218.16 rows=1078 width=121)
	  ->  Sort  (cost=4212.77..4215.47 rows=1078 width=121)
	        Sort Key: c
	        ->  Bitmap Heap Scan on sbtest8  (cost=27.48..4158.47 rows=1078 width=121)
	              Recheck Cond: ((id >= 1135944) AND (id <= 1136943))
	              ->  Bitmap Index Scan on sbtest8_pkey  (cost=0.00..27.21 rows=1078 width=0)
	                    Index Cond: ((id >= 1135944) AND (id <= 1136943))

explain: for point_selects :: explain SELECT c FROM sbtest%u WHERE id=%u
for: distinct_ranges
table 1 : explain SELECT DISTINCT c FROM sbtest1 WHERE id BETWEEN 4395100 AND 4396099 ORDER BY c
	Unique  (cost=3734.53..3739.30 rows=954 width=121)
	  ->  Sort  (cost=3734.53..3736.92 rows=954 width=121)
	        Sort Key: c
	        ->  Bitmap Heap Scan on sbtest1  (cost=22.21..3687.32 rows=954 width=121)
	              Recheck Cond: ((id >= 4395100) AND (id <= 4396099))
	              ->  Bitmap Index Scan on sbtest1_pkey  (cost=0.00..21.97 rows=954 width=0)
	                    Index Cond: ((id >= 4395100) AND (id <= 4396099))

table 2 : explain SELECT DISTINCT c FROM sbtest2 WHERE id BETWEEN 132486 AND 133485 ORDER BY c
	Unique  (cost=3888.48..3893.45 rows=994 width=121)
	  ->  Sort  (cost=3888.48..3890.97 rows=994 width=121)
	        Sort Key: c
	        ->  Bitmap Heap Scan on sbtest2  (cost=22.62..3839.00 rows=994 width=121)
	              Recheck Cond: ((id >= 132486) AND (id <= 133485))
	              ->  Bitmap Index Scan on sbtest2_pkey  (cost=0.00..22.37 rows=994 width=0)
	                    Index Cond: ((id >= 132486) AND (id <= 133485))

table 3 : explain SELECT DISTINCT c FROM sbtest3 WHERE id BETWEEN 6340237 AND 6341236 ORDER BY c
	Unique  (cost=3798.80..3803.65 rows=971 width=121)
	  ->  Sort  (cost=3798.80..3801.22 rows=971 width=121)
	        Sort Key: c
	        ->  Bitmap Heap Scan on sbtest3  (cost=22.39..3750.62 rows=971 width=121)
	              Recheck Cond: ((id >= 6340237) AND (id <= 6341236))
	              ->  Bitmap Index Scan on sbtest3_pkey  (cost=0.00..22.14 rows=971 width=0)
	                    Index Cond: ((id >= 6340237) AND (id <= 6341236))

table 4 : explain SELECT DISTINCT c FROM sbtest4 WHERE id BETWEEN 2964720 AND 2965719 ORDER BY c
	Unique  (cost=3692.37..3697.09 rows=943 width=121)
	  ->  Sort  (cost=3692.37..3694.73 rows=943 width=121)
	        Sort Key: c
	        ->  Bitmap Heap Scan on sbtest4  (cost=22.10..3645.78 rows=943 width=121)
	              Recheck Cond: ((id >= 2964720) AND (id <= 2965719))
	              ->  Bitmap Index Scan on sbtest4_pkey  (cost=0.00..21.86 rows=943 width=0)
	                    Index Cond: ((id >= 2964720) AND (id <= 2965719))

table 5 : explain SELECT DISTINCT c FROM sbtest5 WHERE id BETWEEN 339829 AND 340828 ORDER BY c
	Unique  (cost=3834.92..3839.82 rows=980 width=121)
	  ->  Sort  (cost=3834.92..3837.37 rows=980 width=121)
	        Sort Key: c
	        ->  Bitmap Heap Scan on sbtest5  (cost=22.48..3786.24 rows=980 width=121)
	              Recheck Cond: ((id >= 339829) AND (id <= 340828))
	              ->  Bitmap Index Scan on sbtest5_pkey  (cost=0.00..22.23 rows=980 width=0)
	                    Index Cond: ((id >= 339829) AND (id <= 340828))

table 6 : explain SELECT DISTINCT c FROM sbtest6 WHERE id BETWEEN 4128494 AND 4129493 ORDER BY c
	Unique  (cost=3830.37..3835.27 rows=979 width=121)
	  ->  Sort  (cost=3830.37..3832.82 rows=979 width=121)
	        Sort Key: c
	        ->  Bitmap Heap Scan on sbtest6  (cost=22.47..3781.74 rows=979 width=121)
	              Recheck Cond: ((id >= 4128494) AND (id <= 4129493))
	              ->  Bitmap Index Scan on sbtest6_pkey  (cost=0.00..22.22 rows=979 width=0)
	                    Index Cond: ((id >= 4128494) AND (id <= 4129493))

table 7 : explain SELECT DISTINCT c FROM sbtest7 WHERE id BETWEEN 1921283 AND 1922282 ORDER BY c
	Unique  (cost=3857.11..3862.04 rows=986 width=121)
	  ->  Sort  (cost=3857.11..3859.57 rows=986 width=121)
	        Sort Key: c
	        ->  Bitmap Heap Scan on sbtest7  (cost=22.54..3808.08 rows=986 width=121)
	              Recheck Cond: ((id >= 1921283) AND (id <= 1922282))
	              ->  Bitmap Index Scan on sbtest7_pkey  (cost=0.00..22.29 rows=986 width=0)
	                    Index Cond: ((id >= 1921283) AND (id <= 1922282))

table 8 : explain SELECT DISTINCT c FROM sbtest8 WHERE id BETWEEN 129028 AND 130027 ORDER BY c
	Unique  (cost=3952.98..3958.04 rows=1011 width=121)
	  ->  Sort  (cost=3952.98..3955.51 rows=1011 width=121)
	        Sort Key: c
	        ->  Bitmap Heap Scan on sbtest8  (cost=22.80..3902.52 rows=1011 width=121)
	              Recheck Cond: ((id >= 129028) AND (id <= 130027))
	              ->  Bitmap Index Scan on sbtest8_pkey  (cost=0.00..22.54 rows=1011 width=0)
	                    Index Cond: ((id >= 129028) AND (id <= 130027))

for: sum_ranges
table 1 : explain SELECT SUM(k) FROM sbtest1 WHERE id BETWEEN 6864064 AND 6865063
	Aggregate  (cost=3994.97..3994.98 rows=1 width=8)
	  ->  Bitmap Heap Scan on sbtest1  (cost=23.04..3992.38 rows=1035 width=4)
	        Recheck Cond: ((id >= 6864064) AND (id <= 6865063))
	        ->  Bitmap Index Scan on sbtest1_pkey  (cost=0.00..22.79 rows=1035 width=0)
	              Index Cond: ((id >= 6864064) AND (id <= 6865063))

table 2 : explain SELECT SUM(k) FROM sbtest2 WHERE id BETWEEN 2224959 AND 2225958
	Aggregate  (cost=3739.64..3739.65 rows=1 width=8)
	  ->  Bitmap Heap Scan on sbtest2  (cost=22.35..3737.22 rows=967 width=4)
	        Recheck Cond: ((id >= 2224959) AND (id <= 2225958))
	        ->  Bitmap Index Scan on sbtest2_pkey  (cost=0.00..22.11 rows=967 width=0)
	              Index Cond: ((id >= 2224959) AND (id <= 2225958))

table 3 : explain SELECT SUM(k) FROM sbtest3 WHERE id BETWEEN 5563675 AND 5564674
	Aggregate  (cost=3673.83..3673.84 rows=1 width=8)
	  ->  Bitmap Heap Scan on sbtest3  (cost=22.17..3671.46 rows=950 width=4)
	        Recheck Cond: ((id >= 5563675) AND (id <= 5564674))
	        ->  Bitmap Index Scan on sbtest3_pkey  (cost=0.00..21.93 rows=950 width=0)
	              Index Cond: ((id >= 5563675) AND (id <= 5564674))

table 4 : explain SELECT SUM(k) FROM sbtest4 WHERE id BETWEEN 9308315 AND 9309314
	Aggregate  (cost=3994.92..3994.93 rows=1 width=8)
	  ->  Bitmap Heap Scan on sbtest4  (cost=23.04..3992.33 rows=1035 width=4)
	        Recheck Cond: ((id >= 9308315) AND (id <= 9309314))
	        ->  Bitmap Index Scan on sbtest4_pkey  (cost=0.00..22.79 rows=1035 width=0)
	              Index Cond: ((id >= 9308315) AND (id <= 9309314))

table 5 : explain SELECT SUM(k) FROM sbtest5 WHERE id BETWEEN 6827899 AND 6828898
	Aggregate  (cost=4030.06..4030.07 rows=1 width=8)
	  ->  Bitmap Heap Scan on sbtest5  (cost=27.13..4027.45 rows=1043 width=4)
	        Recheck Cond: ((id >= 6827899) AND (id <= 6828898))
	        ->  Bitmap Index Scan on sbtest5_pkey  (cost=0.00..26.86 rows=1043 width=0)
	              Index Cond: ((id >= 6827899) AND (id <= 6828898))

table 6 : explain SELECT SUM(k) FROM sbtest6 WHERE id BETWEEN 7104698 AND 7105697
	Aggregate  (cost=3603.03..3603.04 rows=1 width=8)
	  ->  Bitmap Heap Scan on sbtest6  (cost=21.98..3600.70 rows=931 width=4)
	        Recheck Cond: ((id >= 7104698) AND (id <= 7105697))
	        ->  Bitmap Index Scan on sbtest6_pkey  (cost=0.00..21.75 rows=931 width=0)
	              Index Cond: ((id >= 7104698) AND (id <= 7105697))

table 7 : explain SELECT SUM(k) FROM sbtest7 WHERE id BETWEEN 81594 AND 82593
	Aggregate  (cost=4145.56..4145.57 rows=1 width=8)
	  ->  Bitmap Heap Scan on sbtest7  (cost=23.45..4142.88 rows=1075 width=4)
	        Recheck Cond: ((id >= 81594) AND (id <= 82593))
	        ->  Bitmap Index Scan on sbtest7_pkey  (cost=0.00..23.18 rows=1075 width=0)
	              Index Cond: ((id >= 81594) AND (id <= 82593))

table 8 : explain SELECT SUM(k) FROM sbtest8 WHERE id BETWEEN 468299 AND 469298
	Aggregate  (cost=3625.92..3625.93 rows=1 width=8)
	  ->  Bitmap Heap Scan on sbtest8  (cost=22.04..3623.58 rows=937 width=4)
	        Recheck Cond: ((id >= 468299) AND (id <= 469298))
	        ->  Bitmap Index Scan on sbtest8_pkey  (cost=0.00..21.80 rows=937 width=0)
	              Index Cond: ((id >= 468299) AND (id <= 469298))

for point_selects
table 1 : explain SELECT c FROM sbtest1 WHERE id=3730859
	Index Scan using sbtest1_pkey on sbtest1  (cost=0.43..8.45 rows=1 width=121)
	  Index Cond: (id = 3730859)

table 2 : explain SELECT c FROM sbtest2 WHERE id=302609
	Index Scan using sbtest2_pkey on sbtest2  (cost=0.43..8.45 rows=1 width=121)
	  Index Cond: (id = 302609)

table 3 : explain SELECT c FROM sbtest3 WHERE id=7180395
	Index Scan using sbtest3_pkey on sbtest3  (cost=0.43..8.45 rows=1 width=121)
	  Index Cond: (id = 7180395)

table 4 : explain SELECT c FROM sbtest4 WHERE id=1152135
	Index Scan using sbtest4_pkey on sbtest4  (cost=0.43..8.45 rows=1 width=121)
	  Index Cond: (id = 1152135)

table 5 : explain SELECT c FROM sbtest5 WHERE id=2401517
	Index Scan using sbtest5_pkey on sbtest5  (cost=0.43..8.45 rows=1 width=121)
	  Index Cond: (id = 2401517)

table 6 : explain SELECT c FROM sbtest6 WHERE id=2661769
	Index Scan using sbtest6_pkey on sbtest6  (cost=0.43..8.45 rows=1 width=121)
	  Index Cond: (id = 2661769)

table 7 : explain SELECT c FROM sbtest7 WHERE id=7465802
	Index Scan using sbtest7_pkey on sbtest7  (cost=0.43..8.45 rows=1 width=121)
	  Index Cond: (id = 7465802)

table 8 : explain SELECT c FROM sbtest8 WHERE id=2553688
	Index Scan using sbtest8_pkey on sbtest8  (cost=0.43..8.45 rows=1 width=121)
	  Index Cond: (id = 2553688)

for: distinct_ranges
table 1 : explain SELECT DISTINCT c FROM sbtest1 WHERE id BETWEEN 2327522 AND 2328521 ORDER BY c
	Unique  (cost=4250.22..4255.67 rows=1089 width=121)
	  ->  Sort  (cost=4250.22..4252.95 rows=1089 width=121)
	        Sort Key: c
	        ->  Bitmap Heap Scan on sbtest1  (cost=23.60..4195.29 rows=1089 width=121)
	              Recheck Cond: ((id >= 2327522) AND (id <= 2328521))
	              ->  Bitmap Index Scan on sbtest1_pkey  (cost=0.00..23.32 rows=1089 width=0)
	                    Index Cond: ((id >= 2327522) AND (id <= 2328521))

table 2 : explain SELECT DISTINCT c FROM sbtest2 WHERE id BETWEEN 4584752 AND 4585751 ORDER BY c
	Unique  (cost=3539.93..3544.44 rows=903 width=121)
	  ->  Sort  (cost=3539.93..3542.18 rows=903 width=121)
	        Sort Key: c
	        ->  Bitmap Heap Scan on sbtest2  (cost=21.69..3495.60 rows=903 width=121)
	              Recheck Cond: ((id >= 4584752) AND (id <= 4585751))
	              ->  Bitmap Index Scan on sbtest2_pkey  (cost=0.00..21.46 rows=903 width=0)
	                    Index Cond: ((id >= 4584752) AND (id <= 4585751))

table 3 : explain SELECT DISTINCT c FROM sbtest3 WHERE id BETWEEN 9431280 AND 9432279 ORDER BY c
	Unique  (cost=4363.81..4369.41 rows=1119 width=121)
	  ->  Sort  (cost=4363.81..4366.61 rows=1119 width=121)
	        Sort Key: c
	        ->  Bitmap Heap Scan on sbtest3  (cost=27.90..4307.15 rows=1119 width=121)
	              Recheck Cond: ((id >= 9431280) AND (id <= 9432279))
	              ->  Bitmap Index Scan on sbtest3_pkey  (cost=0.00..27.62 rows=1119 width=0)
	                    Index Cond: ((id >= 9431280) AND (id <= 9432279))

table 4 : explain SELECT DISTINCT c FROM sbtest4 WHERE id BETWEEN 8569233 AND 8570232 ORDER BY c
	Unique  (cost=3876.05..3881.00 rows=991 width=121)
	  ->  Sort  (cost=3876.05..3878.52 rows=991 width=121)
	        Sort Key: c
	        ->  Bitmap Heap Scan on sbtest4  (cost=22.59..3826.73 rows=991 width=121)
	              Recheck Cond: ((id >= 8569233) AND (id <= 8570232))
	              ->  Bitmap Index Scan on sbtest4_pkey  (cost=0.00..22.34 rows=991 width=0)
	                    Index Cond: ((id >= 8569233) AND (id <= 8570232))

table 5 : explain SELECT DISTINCT c FROM sbtest5 WHERE id BETWEEN 5033479 AND 5034478 ORDER BY c
	Unique  (cost=3923.07..3928.08 rows=1002 width=121)
	  ->  Sort  (cost=3923.07..3925.58 rows=1002 width=121)
	        Sort Key: c
	        ->  Bitmap Heap Scan on sbtest5  (cost=26.71..3873.13 rows=1002 width=121)
	              Recheck Cond: ((id >= 5033479) AND (id <= 5034478))
	              ->  Bitmap Index Scan on sbtest5_pkey  (cost=0.00..26.45 rows=1002 width=0)
	                    Index Cond: ((id >= 5033479) AND (id <= 5034478))

table 6 : explain SELECT DISTINCT c FROM sbtest6 WHERE id BETWEEN 8841902 AND 8842901 ORDER BY c
	Unique  (cost=3734.70..3739.47 rows=954 width=121)
	  ->  Sort  (cost=3734.70..3737.09 rows=954 width=121)
	        Sort Key: c
	        ->  Bitmap Heap Scan on sbtest6  (cost=22.21..3687.49 rows=954 width=121)
	              Recheck Cond: ((id >= 8841902) AND (id <= 8842901))
	              ->  Bitmap Index Scan on sbtest6_pkey  (cost=0.00..21.97 rows=954 width=0)
	                    Index Cond: ((id >= 8841902) AND (id <= 8842901))

table 7 : explain SELECT DISTINCT c FROM sbtest7 WHERE id BETWEEN 1403288 AND 1404287 ORDER BY c
	Unique  (cost=3765.29..3770.10 rows=962 width=121)
	  ->  Sort  (cost=3765.29..3767.69 rows=962 width=121)
	        Sort Key: c
	        ->  Bitmap Heap Scan on sbtest7  (cost=22.30..3717.62 rows=962 width=121)
	              Recheck Cond: ((id >= 1403288) AND (id <= 1404287))
	              ->  Bitmap Index Scan on sbtest7_pkey  (cost=0.00..22.05 rows=962 width=0)
	                    Index Cond: ((id >= 1403288) AND (id <= 1404287))

table 8 : explain SELECT DISTINCT c FROM sbtest8 WHERE id BETWEEN 4184779 AND 4185778 ORDER BY c
	Unique  (cost=4243.28..4248.71 rows=1086 width=121)
	  ->  Sort  (cost=4243.28..4245.99 rows=1086 width=121)
	        Sort Key: c
	        ->  Bitmap Heap Scan on sbtest8  (cost=27.57..4188.52 rows=1086 width=121)
	              Recheck Cond: ((id >= 4184779) AND (id <= 4185778))
	              ->  Bitmap Index Scan on sbtest8_pkey  (cost=0.00..27.29 rows=1086 width=0)
	                    Index Cond: ((id >= 4184779) AND (id <= 4185778))

for: sum_ranges
table 1 : explain SELECT SUM(k) FROM sbtest1 WHERE id BETWEEN 2874763 AND 2875762
	Aggregate  (cost=3882.01..3882.02 rows=1 width=8)
	  ->  Bitmap Heap Scan on sbtest1  (cost=22.74..3879.50 rows=1005 width=4)
	        Recheck Cond: ((id >= 2874763) AND (id <= 2875762))
	        ->  Bitmap Index Scan on sbtest1_pkey  (cost=0.00..22.48 rows=1005 width=0)
	              Index Cond: ((id >= 2874763) AND (id <= 2875762))

table 2 : explain SELECT SUM(k) FROM sbtest2 WHERE id BETWEEN 6988445 AND 6989444
	Aggregate  (cost=4364.58..4364.59 rows=1 width=8)
	  ->  Bitmap Heap Scan on sbtest2  (cost=28.05..4361.75 rows=1133 width=4)
	        Recheck Cond: ((id >= 6988445) AND (id <= 6989444))
	        ->  Bitmap Index Scan on sbtest2_pkey  (cost=0.00..27.76 rows=1133 width=0)
	              Index Cond: ((id >= 6988445) AND (id <= 6989444))

table 3 : explain SELECT SUM(k) FROM sbtest3 WHERE id BETWEEN 8033289 AND 8034288
	Aggregate  (cost=3843.50..3843.51 rows=1 width=8)
	  ->  Bitmap Heap Scan on sbtest3  (cost=22.63..3841.01 rows=995 width=4)
	        Recheck Cond: ((id >= 8033289) AND (id <= 8034288))
	        ->  Bitmap Index Scan on sbtest3_pkey  (cost=0.00..22.39 rows=995 width=0)
	              Index Cond: ((id >= 8033289) AND (id <= 8034288))

table 4 : explain SELECT SUM(k) FROM sbtest4 WHERE id BETWEEN 402920 AND 403919
	Aggregate  (cost=3855.59..3855.60 rows=1 width=8)
	  ->  Bitmap Heap Scan on sbtest4  (cost=22.66..3853.09 rows=998 width=4)
	        Recheck Cond: ((id >= 402920) AND (id <= 403919))
	        ->  Bitmap Index Scan on sbtest4_pkey  (cost=0.00..22.41 rows=998 width=0)
	              Index Cond: ((id >= 402920) AND (id <= 403919))

table 5 : explain SELECT SUM(k) FROM sbtest5 WHERE id BETWEEN 2608565 AND 2609564
	Aggregate  (cost=4033.83..4033.84 rows=1 width=8)
	  ->  Bitmap Heap Scan on sbtest5  (cost=27.14..4031.22 rows=1044 width=4)
	        Recheck Cond: ((id >= 2608565) AND (id <= 2609564))
	        ->  Bitmap Index Scan on sbtest5_pkey  (cost=0.00..26.87 rows=1044 width=0)
	              Index Cond: ((id >= 2608565) AND (id <= 2609564))

table 6 : explain SELECT SUM(k) FROM sbtest6 WHERE id BETWEEN 3833896 AND 3834895
	Aggregate  (cost=3519.89..3519.90 rows=1 width=8)
	  ->  Bitmap Heap Scan on sbtest6  (cost=21.75..3517.62 rows=909 width=4)
	        Recheck Cond: ((id >= 3833896) AND (id <= 3834895))
	        ->  Bitmap Index Scan on sbtest6_pkey  (cost=0.00..21.52 rows=909 width=0)
	              Index Cond: ((id >= 3833896) AND (id <= 3834895))

table 7 : explain SELECT SUM(k) FROM sbtest7 WHERE id BETWEEN 4045771 AND 4046770
	Aggregate  (cost=3780.38..3780.39 rows=1 width=8)
	  ->  Bitmap Heap Scan on sbtest7  (cost=22.46..3777.93 rows=978 width=4)
	        Recheck Cond: ((id >= 4045771) AND (id <= 4046770))
	        ->  Bitmap Index Scan on sbtest7_pkey  (cost=0.00..22.21 rows=978 width=0)
	              Index Cond: ((id >= 4045771) AND (id <= 4046770))

table 8 : explain SELECT SUM(k) FROM sbtest8 WHERE id BETWEEN 1526070 AND 1527069
	Aggregate  (cost=3750.49..3750.50 rows=1 width=8)
	  ->  Bitmap Heap Scan on sbtest8  (cost=22.38..3748.06 rows=970 width=4)
	        Recheck Cond: ((id >= 1526070) AND (id <= 1527069))
	        ->  Bitmap Index Scan on sbtest8_pkey  (cost=0.00..22.14 rows=970 width=0)
	              Index Cond: ((id >= 1526070) AND (id <= 1527069))

for: sum_ranges
table 1 : explain SELECT SUM(k) FROM sbtest1 WHERE id BETWEEN 9509993 AND 9510992
	Aggregate  (cost=3942.27..3942.28 rows=1 width=8)
	  ->  Bitmap Heap Scan on sbtest1  (cost=22.90..3939.72 rows=1021 width=4)
	        Recheck Cond: ((id >= 9509993) AND (id <= 9510992))
	        ->  Bitmap Index Scan on sbtest1_pkey  (cost=0.00..22.64 rows=1021 width=0)
	              Index Cond: ((id >= 9509993) AND (id <= 9510992))

table 2 : explain SELECT SUM(k) FROM sbtest2 WHERE id BETWEEN 7580626 AND 7581625
	Aggregate  (cost=3950.76..3950.77 rows=1 width=8)
	  ->  Bitmap Heap Scan on sbtest2  (cost=22.92..3948.20 rows=1023 width=4)
	        Recheck Cond: ((id >= 7580626) AND (id <= 7581625))
	        ->  Bitmap Index Scan on sbtest2_pkey  (cost=0.00..22.66 rows=1023 width=0)
	              Index Cond: ((id >= 7580626) AND (id <= 7581625))

table 3 : explain SELECT SUM(k) FROM sbtest3 WHERE id BETWEEN 9854305 AND 9855304
	Aggregate  (cost=3873.63..3873.64 rows=1 width=8)
	  ->  Bitmap Heap Scan on sbtest3  (cost=22.72..3871.13 rows=1003 width=4)
	        Recheck Cond: ((id >= 9854305) AND (id <= 9855304))
	        ->  Bitmap Index Scan on sbtest3_pkey  (cost=0.00..22.46 rows=1003 width=0)
	              Index Cond: ((id >= 9854305) AND (id <= 9855304))

table 4 : explain SELECT SUM(k) FROM sbtest4 WHERE id BETWEEN 7237911 AND 7238910
	Aggregate  (cost=3829.21..3829.22 rows=1 width=8)
	  ->  Bitmap Heap Scan on sbtest4  (cost=22.59..3826.73 rows=991 width=4)
	        Recheck Cond: ((id >= 7237911) AND (id <= 7238910))
	        ->  Bitmap Index Scan on sbtest4_pkey  (cost=0.00..22.34 rows=991 width=0)
	              Index Cond: ((id >= 7237911) AND (id <= 7238910))

table 5 : explain SELECT SUM(k) FROM sbtest5 WHERE id BETWEEN 4310025 AND 4311024
	Aggregate  (cost=3766.05..3766.06 rows=1 width=8)
	  ->  Bitmap Heap Scan on sbtest5  (cost=22.42..3763.62 rows=974 width=4)
	        Recheck Cond: ((id >= 4310025) AND (id <= 4311024))
	        ->  Bitmap Index Scan on sbtest5_pkey  (cost=0.00..22.18 rows=974 width=0)
	              Index Cond: ((id >= 4310025) AND (id <= 4311024))

table 6 : explain SELECT SUM(k) FROM sbtest6 WHERE id BETWEEN 8467891 AND 8468890
	Aggregate  (cost=3542.57..3542.58 rows=1 width=8)
	  ->  Bitmap Heap Scan on sbtest6  (cost=21.81..3540.29 rows=915 width=4)
	        Recheck Cond: ((id >= 8467891) AND (id <= 8468890))
	        ->  Bitmap Index Scan on sbtest6_pkey  (cost=0.00..21.58 rows=915 width=0)
	              Index Cond: ((id >= 8467891) AND (id <= 8468890))

table 7 : explain SELECT SUM(k) FROM sbtest7 WHERE id BETWEEN 4480090 AND 4481089
	Aggregate  (cost=3576.55..3576.56 rows=1 width=8)
	  ->  Bitmap Heap Scan on sbtest7  (cost=21.91..3574.24 rows=924 width=4)
	        Recheck Cond: ((id >= 4480090) AND (id <= 4481089))
	        ->  Bitmap Index Scan on sbtest7_pkey  (cost=0.00..21.68 rows=924 width=0)
	              Index Cond: ((id >= 4480090) AND (id <= 4481089))

table 8 : explain SELECT SUM(k) FROM sbtest8 WHERE id BETWEEN 4931581 AND 4932580
	Aggregate  (cost=3822.14..3822.15 rows=1 width=8)
	  ->  Bitmap Heap Scan on sbtest8  (cost=22.57..3819.67 rows=989 width=4)
	        Recheck Cond: ((id >= 4931581) AND (id <= 4932580))
	        ->  Bitmap Index Scan on sbtest8_pkey  (cost=0.00..22.32 rows=989 width=0)
	              Index Cond: ((id >= 4931581) AND (id <= 4932580))

for point_selects
table 1 : explain SELECT c FROM sbtest1 WHERE id=5961610
	Index Scan using sbtest1_pkey on sbtest1  (cost=0.43..8.45 rows=1 width=121)
	  Index Cond: (id = 5961610)

table 2 : explain SELECT c FROM sbtest2 WHERE id=2111349
	Index Scan using sbtest2_pkey on sbtest2  (cost=0.43..8.45 rows=1 width=121)
	  Index Cond: (id = 2111349)

table 3 : explain SELECT c FROM sbtest3 WHERE id=4263458
	Index Scan using sbtest3_pkey on sbtest3  (cost=0.43..8.45 rows=1 width=121)
	  Index Cond: (id = 4263458)

table 4 : explain SELECT c FROM sbtest4 WHERE id=7554914
	Index Scan using sbtest4_pkey on sbtest4  (cost=0.43..8.45 rows=1 width=121)
	  Index Cond: (id = 7554914)

table 5 : explain SELECT c FROM sbtest5 WHERE id=5421500
	Index Scan using sbtest5_pkey on sbtest5  (cost=0.43..8.45 rows=1 width=121)
	  Index Cond: (id = 5421500)

table 6 : explain SELECT c FROM sbtest6 WHERE id=1814587
	Index Scan using sbtest6_pkey on sbtest6  (cost=0.43..8.45 rows=1 width=121)
	  Index Cond: (id = 1814587)

table 7 : explain SELECT c FROM sbtest7 WHERE id=9589472
	Index Scan using sbtest7_pkey on sbtest7  (cost=0.43..8.45 rows=1 width=121)
	  Index Cond: (id = 9589472)

table 8 : explain SELECT c FROM sbtest8 WHERE id=4844305
	Index Scan using sbtest8_pkey on sbtest8  (cost=0.43..8.45 rows=1 width=121)
	  Index Cond: (id = 4844305)

explain: for point_selects :: explain SELECT c FROM sbtest%u WHERE id=%u
for point_selects
table 1 : explain SELECT c FROM sbtest1 WHERE id=7909060
	Index Scan using sbtest1_pkey on sbtest1  (cost=0.43..8.45 rows=1 width=121)
	  Index Cond: (id = 7909060)

table 2 : explain SELECT c FROM sbtest2 WHERE id=4448421
	Index Scan using sbtest2_pkey on sbtest2  (cost=0.43..8.45 rows=1 width=121)
	  Index Cond: (id = 4448421)

table 3 : explain SELECT c FROM sbtest3 WHERE id=3228717
	Index Scan using sbtest3_pkey on sbtest3  (cost=0.43..8.45 rows=1 width=121)
	  Index Cond: (id = 3228717)

table 4 : explain SELECT c FROM sbtest4 WHERE id=1784977
	Index Scan using sbtest4_pkey on sbtest4  (cost=0.43..8.45 rows=1 width=121)
	  Index Cond: (id = 1784977)

table 5 : explain SELECT c FROM sbtest5 WHERE id=3470642
	Index Scan using sbtest5_pkey on sbtest5  (cost=0.43..8.45 rows=1 width=121)
	  Index Cond: (id = 3470642)

table 6 : explain SELECT c FROM sbtest6 WHERE id=4298074
	Index Scan using sbtest6_pkey on sbtest6  (cost=0.43..8.45 rows=1 width=121)
	  Index Cond: (id = 4298074)

table 7 : explain SELECT c FROM sbtest7 WHERE id=322397
	Index Scan using sbtest7_pkey on sbtest7  (cost=0.43..8.45 rows=1 width=121)
	  Index Cond: (id = 322397)

table 8 : explain SELECT c FROM sbtest8 WHERE id=3592305
	Index Scan using sbtest8_pkey on sbtest8  (cost=0.43..8.45 rows=1 width=121)
	  Index Cond: (id = 3592305)

for: sum_ranges
table 1 : explain SELECT SUM(k) FROM sbtest1 WHERE id BETWEEN 4788201 AND 4789200
	Aggregate  (cost=3829.25..3829.26 rows=1 width=8)
	  ->  Bitmap Heap Scan on sbtest1  (cost=22.59..3826.78 rows=991 width=4)
	        Recheck Cond: ((id >= 4788201) AND (id <= 4789200))
	        ->  Bitmap Index Scan on sbtest1_pkey  (cost=0.00..22.34 rows=991 width=0)
	              Index Cond: ((id >= 4788201) AND (id <= 4789200))

table 2 : explain SELECT SUM(k) FROM sbtest2 WHERE id BETWEEN 1590103 AND 1591102
	Aggregate  (cost=3947.00..3947.01 rows=1 width=8)
	  ->  Bitmap Heap Scan on sbtest2  (cost=22.91..3944.44 rows=1022 width=4)
	        Recheck Cond: ((id >= 1590103) AND (id <= 1591102))
	        ->  Bitmap Index Scan on sbtest2_pkey  (cost=0.00..22.65 rows=1022 width=0)
	              Index Cond: ((id >= 1590103) AND (id <= 1591102))

table 3 : explain SELECT SUM(k) FROM sbtest3 WHERE id BETWEEN 8086159 AND 8087158
	Aggregate  (cost=3994.09..3994.10 rows=1 width=8)
	  ->  Bitmap Heap Scan on sbtest3  (cost=23.04..3991.50 rows=1035 width=4)
	        Recheck Cond: ((id >= 8086159) AND (id <= 8087158))
	        ->  Bitmap Index Scan on sbtest3_pkey  (cost=0.00..22.79 rows=1035 width=0)
	              Index Cond: ((id >= 8086159) AND (id <= 8087158))

table 4 : explain SELECT SUM(k) FROM sbtest4 WHERE id BETWEEN 1933985 AND 1934984
	Aggregate  (cost=3904.56..3904.57 rows=1 width=8)
	  ->  Bitmap Heap Scan on sbtest4  (cost=22.80..3902.04 rows=1011 width=4)
	        Recheck Cond: ((id >= 1933985) AND (id <= 1934984))
	        ->  Bitmap Index Scan on sbtest4_pkey  (cost=0.00..22.54 rows=1011 width=0)
	              Index Cond: ((id >= 1933985) AND (id <= 1934984))

table 5 : explain SELECT SUM(k) FROM sbtest5 WHERE id BETWEEN 4264686 AND 4265685
	Aggregate  (cost=3811.31..3811.32 rows=1 width=8)
	  ->  Bitmap Heap Scan on sbtest5  (cost=22.54..3808.85 rows=986 width=4)
	        Recheck Cond: ((id >= 4264686) AND (id <= 4265685))
	        ->  Bitmap Index Scan on sbtest5_pkey  (cost=0.00..22.29 rows=986 width=0)
	              Index Cond: ((id >= 4264686) AND (id <= 4265685))

table 6 : explain SELECT SUM(k) FROM sbtest6 WHERE id BETWEEN 2837731 AND 2838730
	Aggregate  (cost=3671.00..3671.01 rows=1 width=8)
	  ->  Bitmap Heap Scan on sbtest6  (cost=22.16..3668.63 rows=949 width=4)
	        Recheck Cond: ((id >= 2837731) AND (id <= 2838730))
	        ->  Bitmap Index Scan on sbtest6_pkey  (cost=0.00..21.93 rows=949 width=0)
	              Index Cond: ((id >= 2837731) AND (id <= 2838730))

table 7 : explain SELECT SUM(k) FROM sbtest7 WHERE id BETWEEN 3523542 AND 3524541
	Aggregate  (cost=3953.71..3953.72 rows=1 width=8)
	  ->  Bitmap Heap Scan on sbtest7  (cost=22.93..3951.15 rows=1024 width=4)
	        Recheck Cond: ((id >= 3523542) AND (id <= 3524541))
	        ->  Bitmap Index Scan on sbtest7_pkey  (cost=0.00..22.68 rows=1024 width=0)
	              Index Cond: ((id >= 3523542) AND (id <= 3524541))

table 8 : explain SELECT SUM(k) FROM sbtest8 WHERE id BETWEEN 5489837 AND 5490836
	Aggregate  (cost=3765.58..3765.59 rows=1 width=8)
	  ->  Bitmap Heap Scan on sbtest8  (cost=22.42..3763.14 rows=974 width=4)
	        Recheck Cond: ((id >= 5489837) AND (id <= 5490836))
	        ->  Bitmap Index Scan on sbtest8_pkey  (cost=0.00..22.18 rows=974 width=0)
	              Index Cond: ((id >= 5489837) AND (id <= 5490836))

for: order_ranges
table 1 : explain SELECT c FROM sbtest1 WHERE id BETWEEN 7055886 AND 7056885 ORDER BY c
	Sort  (cost=4032.76..4035.34 rows=1032 width=121)
	  Sort Key: c
	  ->  Bitmap Heap Scan on sbtest1  (cost=23.01..3981.10 rows=1032 width=121)
	        Recheck Cond: ((id >= 7055886) AND (id <= 7056885))
	        ->  Bitmap Index Scan on sbtest1_pkey  (cost=0.00..22.75 rows=1032 width=0)
	              Index Cond: ((id >= 7055886) AND (id <= 7056885))

table 2 : explain SELECT c FROM sbtest2 WHERE id BETWEEN 2949019 AND 2950018 ORDER BY c
	Sort  (cost=3720.08..3722.46 rows=950 width=121)
	  Sort Key: c
	  ->  Bitmap Heap Scan on sbtest2  (cost=22.17..3673.09 rows=950 width=121)
	        Recheck Cond: ((id >= 2949019) AND (id <= 2950018))
	        ->  Bitmap Index Scan on sbtest2_pkey  (cost=0.00..21.93 rows=950 width=0)
	              Index Cond: ((id >= 2949019) AND (id <= 2950018))

table 3 : explain SELECT c FROM sbtest3 WHERE id BETWEEN 2686341 AND 2687340 ORDER BY c
	Sort  (cost=3802.62..3805.05 rows=972 width=121)
	  Sort Key: c
	  ->  Bitmap Heap Scan on sbtest3  (cost=22.40..3754.39 rows=972 width=121)
	        Recheck Cond: ((id >= 2686341) AND (id <= 2687340))
	        ->  Bitmap Index Scan on sbtest3_pkey  (cost=0.00..22.15 rows=972 width=0)
	              Index Cond: ((id >= 2686341) AND (id <= 2687340))

table 4 : explain SELECT c FROM sbtest4 WHERE id BETWEEN 3843159 AND 3844158 ORDER BY c
	Sort  (cost=3700.03..3702.39 rows=945 width=121)
	  Sort Key: c
	  ->  Bitmap Heap Scan on sbtest4  (cost=22.12..3653.33 rows=945 width=121)
	        Recheck Cond: ((id >= 3843159) AND (id <= 3844158))
	        ->  Bitmap Index Scan on sbtest4_pkey  (cost=0.00..21.89 rows=945 width=0)
	              Index Cond: ((id >= 3843159) AND (id <= 3844158))

table 5 : explain SELECT c FROM sbtest5 WHERE id BETWEEN 5073280 AND 5074279 ORDER BY c
	Sort  (cost=3923.07..3925.58 rows=1002 width=121)
	  Sort Key: c
	  ->  Bitmap Heap Scan on sbtest5  (cost=26.71..3873.13 rows=1002 width=121)
	        Recheck Cond: ((id >= 5073280) AND (id <= 5074279))
	        ->  Bitmap Index Scan on sbtest5_pkey  (cost=0.00..26.45 rows=1002 width=0)
	              Index Cond: ((id >= 5073280) AND (id <= 5074279))

table 6 : explain SELECT c FROM sbtest6 WHERE id BETWEEN 8367573 AND 8368572 ORDER BY c
	Sort  (cost=4032.95..4035.53 rows=1032 width=121)
	  Sort Key: c
	  ->  Bitmap Heap Scan on sbtest6  (cost=23.01..3981.29 rows=1032 width=121)
	        Recheck Cond: ((id >= 8367573) AND (id <= 8368572))
	        ->  Bitmap Index Scan on sbtest6_pkey  (cost=0.00..22.75 rows=1032 width=0)
	              Index Cond: ((id >= 8367573) AND (id <= 8368572))

table 7 : explain SELECT c FROM sbtest7 WHERE id BETWEEN 7761935 AND 7762934 ORDER BY c
	Sort  (cost=3880.05..3882.53 rows=992 width=121)
	  Sort Key: c
	  ->  Bitmap Heap Scan on sbtest7  (cost=22.60..3830.68 rows=992 width=121)
	        Recheck Cond: ((id >= 7761935) AND (id <= 7762934))
	        ->  Bitmap Index Scan on sbtest7_pkey  (cost=0.00..22.36 rows=992 width=0)
	              Index Cond: ((id >= 7761935) AND (id <= 7762934))

table 8 : explain SELECT c FROM sbtest8 WHERE id BETWEEN 4263107 AND 4264106 ORDER BY c
	Sort  (cost=3811.49..3813.92 rows=974 width=121)
	  Sort Key: c
	  ->  Bitmap Heap Scan on sbtest8  (cost=22.42..3763.14 rows=974 width=121)
	        Recheck Cond: ((id >= 4263107) AND (id <= 4264106))
	        ->  Bitmap Index Scan on sbtest8_pkey  (cost=0.00..22.18 rows=974 width=0)
	              Index Cond: ((id >= 4263107) AND (id <= 4264106))

for: simple_ranges
table 1 : explain SELECT c FROM sbtest1 WHERE id BETWEEN 6738629 AND 6739628
	Bitmap Heap Scan on sbtest1  (cost=22.59..3826.78 rows=991 width=121)
	  Recheck Cond: ((id >= 6738629) AND (id <= 6739628))
	  ->  Bitmap Index Scan on sbtest1_pkey  (cost=0.00..22.34 rows=991 width=0)
	        Index Cond: ((id >= 6738629) AND (id <= 6739628))

table 2 : explain SELECT c FROM sbtest2 WHERE id BETWEEN 9030534 AND 9031533
	Bitmap Heap Scan on sbtest2  (cost=22.37..3744.77 rows=969 width=121)
	  Recheck Cond: ((id >= 9030534) AND (id <= 9031533))
	  ->  Bitmap Index Scan on sbtest2_pkey  (cost=0.00..22.12 rows=969 width=0)
	        Index Cond: ((id >= 9030534) AND (id <= 9031533))

table 3 : explain SELECT c FROM sbtest3 WHERE id BETWEEN 5186878 AND 5187877
	Bitmap Heap Scan on sbtest3  (cost=27.74..4247.14 rows=1103 width=121)
	  Recheck Cond: ((id >= 5186878) AND (id <= 5187877))
	  ->  Bitmap Index Scan on sbtest3_pkey  (cost=0.00..27.46 rows=1103 width=0)
	        Index Cond: ((id >= 5186878) AND (id <= 5187877))

table 4 : explain SELECT c FROM sbtest4 WHERE id BETWEEN 9902920 AND 9903919
	Bitmap Heap Scan on sbtest4  (cost=22.04..3623.14 rows=937 width=121)
	  Recheck Cond: ((id >= 9902920) AND (id <= 9903919))
	  ->  Bitmap Index Scan on sbtest4_pkey  (cost=0.00..21.80 rows=937 width=0)
	        Index Cond: ((id >= 9902920) AND (id <= 9903919))

table 5 : explain SELECT c FROM sbtest5 WHERE id BETWEEN 3371974 AND 3372973
	Bitmap Heap Scan on sbtest5  (cost=27.22..4061.30 rows=1052 width=121)
	  Recheck Cond: ((id >= 3371974) AND (id <= 3372973))
	  ->  Bitmap Index Scan on sbtest5_pkey  (cost=0.00..26.95 rows=1052 width=0)
	        Index Cond: ((id >= 3371974) AND (id <= 3372973))

table 6 : explain SELECT c FROM sbtest6 WHERE id BETWEEN 3061907 AND 3062906
	Bitmap Heap Scan on sbtest6  (cost=22.60..3830.72 rows=992 width=121)
	  Recheck Cond: ((id >= 3061907) AND (id <= 3062906))
	  ->  Bitmap Index Scan on sbtest6_pkey  (cost=0.00..22.36 rows=992 width=0)
	        Index Cond: ((id >= 3061907) AND (id <= 3062906))

table 7 : explain SELECT c FROM sbtest7 WHERE id BETWEEN 2011748 AND 2012747
	Bitmap Heap Scan on sbtest7  (cost=23.40..4124.09 rows=1070 width=121)
	  Recheck Cond: ((id >= 2011748) AND (id <= 2012747))
	  ->  Bitmap Index Scan on sbtest7_pkey  (cost=0.00..23.14 rows=1070 width=0)
	        Index Cond: ((id >= 2011748) AND (id <= 2012747))

table 8 : explain SELECT c FROM sbtest8 WHERE id BETWEEN 9430964 AND 9431963
	Bitmap Heap Scan on sbtest8  (cost=21.90..3570.72 rows=923 width=121)
	  Recheck Cond: ((id >= 9430964) AND (id <= 9431963))
	  ->  Bitmap Index Scan on sbtest8_pkey  (cost=0.00..21.66 rows=923 width=0)
	        Index Cond: ((id >= 9430964) AND (id <= 9431963))

for: simple_ranges
table 1 : explain SELECT c FROM sbtest1 WHERE id BETWEEN 127154 AND 128153
	Bitmap Heap Scan on sbtest1  (cost=22.92..3947.24 rows=1023 width=121)
	  Recheck Cond: ((id >= 127154) AND (id <= 128153))
	  ->  Bitmap Index Scan on sbtest1_pkey  (cost=0.00..22.66 rows=1023 width=0)
	        Index Cond: ((id >= 127154) AND (id <= 128153))

table 2 : explain SELECT c FROM sbtest2 WHERE id BETWEEN 3562813 AND 3563812
	Bitmap Heap Scan on sbtest2  (cost=22.81..3906.79 rows=1012 width=121)
	  Recheck Cond: ((id >= 3562813) AND (id <= 3563812))
	  ->  Bitmap Index Scan on sbtest2_pkey  (cost=0.00..22.55 rows=1012 width=0)
	        Index Cond: ((id >= 3562813) AND (id <= 3563812))

table 3 : explain SELECT c FROM sbtest3 WHERE id BETWEEN 5423 AND 6422
	Bitmap Heap Scan on sbtest3  (cost=22.75..3882.42 rows=1006 width=121)
	  Recheck Cond: ((id >= 5423) AND (id <= 6422))
	  ->  Bitmap Index Scan on sbtest3_pkey  (cost=0.00..22.50 rows=1006 width=0)
	        Index Cond: ((id >= 5423) AND (id <= 6422))

table 4 : explain SELECT c FROM sbtest4 WHERE id BETWEEN 9754552 AND 9755551
	Bitmap Heap Scan on sbtest4  (cost=22.64..3845.56 rows=996 width=121)
	  Recheck Cond: ((id >= 9754552) AND (id <= 9755551))
	  ->  Bitmap Index Scan on sbtest4_pkey  (cost=0.00..22.39 rows=996 width=0)
	        Index Cond: ((id >= 9754552) AND (id <= 9755551))

table 5 : explain SELECT c FROM sbtest5 WHERE id BETWEEN 1700821 AND 1701820
	Bitmap Heap Scan on sbtest5  (cost=27.18..4046.26 rows=1048 width=121)
	  Recheck Cond: ((id >= 1700821) AND (id <= 1701820))
	  ->  Bitmap Index Scan on sbtest5_pkey  (cost=0.00..26.91 rows=1048 width=0)
	        Index Cond: ((id >= 1700821) AND (id <= 1701820))

table 6 : explain SELECT c FROM sbtest6 WHERE id BETWEEN 8742944 AND 8743943
	Bitmap Heap Scan on sbtest6  (cost=23.00..3977.53 rows=1031 width=121)
	  Recheck Cond: ((id >= 8742944) AND (id <= 8743943))
	  ->  Bitmap Index Scan on sbtest6_pkey  (cost=0.00..22.75 rows=1031 width=0)
	        Index Cond: ((id >= 8742944) AND (id <= 8743943))

table 7 : explain SELECT c FROM sbtest7 WHERE id BETWEEN 8533178 AND 8534177
	Bitmap Heap Scan on sbtest7  (cost=23.43..4135.36 rows=1073 width=121)
	  Recheck Cond: ((id >= 8533178) AND (id <= 8534177))
	  ->  Bitmap Index Scan on sbtest7_pkey  (cost=0.00..23.16 rows=1073 width=0)
	        Index Cond: ((id >= 8533178) AND (id <= 8534177))

table 8 : explain SELECT c FROM sbtest8 WHERE id BETWEEN 8047483 AND 8048482
	Bitmap Heap Scan on sbtest8  (cost=22.83..3913.82 rows=1014 width=121)
	  Recheck Cond: ((id >= 8047483) AND (id <= 8048482))
	  ->  Bitmap Index Scan on sbtest8_pkey  (cost=0.00..22.57 rows=1014 width=0)
	        Index Cond: ((id >= 8047483) AND (id <= 8048482))

for point_selects
table 1 : explain SELECT c FROM sbtest1 WHERE id=4717568
	Index Scan using sbtest1_pkey on sbtest1  (cost=0.43..8.45 rows=1 width=121)
	  Index Cond: (id = 4717568)

table 2 : explain SELECT c FROM sbtest2 WHERE id=1887513
	Index Scan using sbtest2_pkey on sbtest2  (cost=0.43..8.45 rows=1 width=121)
	  Index Cond: (id = 1887513)

table 3 : explain SELECT c FROM sbtest3 WHERE id=3954034
	Index Scan using sbtest3_pkey on sbtest3  (cost=0.43..8.45 rows=1 width=121)
	  Index Cond: (id = 3954034)

table 4 : explain SELECT c FROM sbtest4 WHERE id=5730023
	Index Scan using sbtest4_pkey on sbtest4  (cost=0.43..8.45 rows=1 width=121)
	  Index Cond: (id = 5730023)

table 5 : explain SELECT c FROM sbtest5 WHERE id=7535926
	Index Scan using sbtest5_pkey on sbtest5  (cost=0.43..8.45 rows=1 width=121)
	  Index Cond: (id = 7535926)

table 6 : explain SELECT c FROM sbtest6 WHERE id=1763028
	Index Scan using sbtest6_pkey on sbtest6  (cost=0.43..8.45 rows=1 width=121)
	  Index Cond: (id = 1763028)

table 7 : explain SELECT c FROM sbtest7 WHERE id=4215595
	Index Scan using sbtest7_pkey on sbtest7  (cost=0.43..8.45 rows=1 width=121)
	  Index Cond: (id = 4215595)

table 8 : explain SELECT c FROM sbtest8 WHERE id=6344564
	Index Scan using sbtest8_pkey on sbtest8  (cost=0.43..8.45 rows=1 width=121)
	  Index Cond: (id = 6344564)

for: simple_ranges
table 1 : explain SELECT c FROM sbtest1 WHERE id BETWEEN 372314 AND 373313
	Bitmap Heap Scan on sbtest1  (cost=21.93..3581.67 rows=926 width=121)
	  Recheck Cond: ((id >= 372314) AND (id <= 373313))
	  ->  Bitmap Index Scan on sbtest1_pkey  (cost=0.00..21.69 rows=926 width=0)
	        Index Cond: ((id >= 372314) AND (id <= 373313))

table 2 : explain SELECT c FROM sbtest2 WHERE id BETWEEN 2609705 AND 2610704
	Bitmap Heap Scan on sbtest2  (cost=22.77..3891.73 rows=1008 width=121)
	  Recheck Cond: ((id >= 2609705) AND (id <= 2610704))
	  ->  Bitmap Index Scan on sbtest2_pkey  (cost=0.00..22.51 rows=1008 width=0)
	        Index Cond: ((id >= 2609705) AND (id <= 2610704))

table 3 : explain SELECT c FROM sbtest3 WHERE id BETWEEN 7144873 AND 7145872
	Bitmap Heap Scan on sbtest3  (cost=22.70..3863.60 rows=1001 width=121)
	  Recheck Cond: ((id >= 7144873) AND (id <= 7145872))
	  ->  Bitmap Index Scan on sbtest3_pkey  (cost=0.00..22.44 rows=1001 width=0)
	        Index Cond: ((id >= 7144873) AND (id <= 7145872))

table 4 : explain SELECT c FROM sbtest4 WHERE id BETWEEN 530892 AND 531891
	Bitmap Heap Scan on sbtest4  (cost=22.63..3841.80 rows=995 width=121)
	  Recheck Cond: ((id >= 530892) AND (id <= 531891))
	  ->  Bitmap Index Scan on sbtest4_pkey  (cost=0.00..22.39 rows=995 width=0)
	        Index Cond: ((id >= 530892) AND (id <= 531891))

table 5 : explain SELECT c FROM sbtest5 WHERE id BETWEEN 2942353 AND 2943352
	Bitmap Heap Scan on sbtest5  (cost=22.16..3669.32 rows=949 width=121)
	  Recheck Cond: ((id >= 2942353) AND (id <= 2943352))
	  ->  Bitmap Index Scan on sbtest5_pkey  (cost=0.00..21.93 rows=949 width=0)
	        Index Cond: ((id >= 2942353) AND (id <= 2943352))

table 6 : explain SELECT c FROM sbtest6 WHERE id BETWEEN 9323158 AND 9324157
	Bitmap Heap Scan on sbtest6  (cost=21.90..3570.50 rows=923 width=121)
	  Recheck Cond: ((id >= 9323158) AND (id <= 9324157))
	  ->  Bitmap Index Scan on sbtest6_pkey  (cost=0.00..21.66 rows=923 width=0)
	        Index Cond: ((id >= 9323158) AND (id <= 9324157))

table 7 : explain SELECT c FROM sbtest7 WHERE id BETWEEN 4206574 AND 4207573
	Bitmap Heap Scan on sbtest7  (cost=22.98..3969.96 rows=1029 width=121)
	  Recheck Cond: ((id >= 4206574) AND (id <= 4207573))
	  ->  Bitmap Index Scan on sbtest7_pkey  (cost=0.00..22.72 rows=1029 width=0)
	        Index Cond: ((id >= 4206574) AND (id <= 4207573))

table 8 : explain SELECT c FROM sbtest8 WHERE id BETWEEN 664180 AND 665179
	Bitmap Heap Scan on sbtest8  (cost=22.39..3751.83 rows=971 width=121)
	  Recheck Cond: ((id >= 664180) AND (id <= 665179))
	  ->  Bitmap Index Scan on sbtest8_pkey  (cost=0.00..22.14 rows=971 width=0)
	        Index Cond: ((id >= 664180) AND (id <= 665179))

for: order_ranges
table 1 : explain SELECT c FROM sbtest1 WHERE id BETWEEN 2370374 AND 2371373 ORDER BY c
	Sort  (cost=4250.22..4252.95 rows=1089 width=121)
	  Sort Key: c
	  ->  Bitmap Heap Scan on sbtest1  (cost=23.60..4195.29 rows=1089 width=121)
	        Recheck Cond: ((id >= 2370374) AND (id <= 2371373))
	        ->  Bitmap Index Scan on sbtest1_pkey  (cost=0.00..23.32 rows=1089 width=0)
	              Index Cond: ((id >= 2370374) AND (id <= 2371373))

table 2 : explain SELECT c FROM sbtest2 WHERE id BETWEEN 7805850 AND 7806849 ORDER BY c
	Sort  (cost=4075.75..4078.35 rows=1043 width=121)
	  Sort Key: c
	  ->  Bitmap Heap Scan on sbtest2  (cost=23.13..4023.46 rows=1043 width=121)
	        Recheck Cond: ((id >= 7805850) AND (id <= 7806849))
	        ->  Bitmap Index Scan on sbtest2_pkey  (cost=0.00..22.86 rows=1043 width=0)
	              Index Cond: ((id >= 7805850) AND (id <= 7806849))

table 3 : explain SELECT c FROM sbtest3 WHERE id BETWEEN 4766420 AND 4767419 ORDER BY c
	Sort  (cost=3940.23..3942.75 rows=1008 width=121)
	  Sort Key: c
	  ->  Bitmap Heap Scan on sbtest3  (cost=22.77..3889.94 rows=1008 width=121)
	        Recheck Cond: ((id >= 4766420) AND (id <= 4767419))
	        ->  Bitmap Index Scan on sbtest3_pkey  (cost=0.00..22.51 rows=1008 width=0)
	              Index Cond: ((id >= 4766420) AND (id <= 4767419))

table 4 : explain SELECT c FROM sbtest4 WHERE id BETWEEN 474097 AND 475096 ORDER BY c
	Sort  (cost=3902.81..3905.30 rows=998 width=121)
	  Sort Key: c
	  ->  Bitmap Heap Scan on sbtest4  (cost=22.66..3853.09 rows=998 width=121)
	        Recheck Cond: ((id >= 474097) AND (id <= 475096))
	        ->  Bitmap Index Scan on sbtest4_pkey  (cost=0.00..22.41 rows=998 width=0)
	              Index Cond: ((id >= 474097) AND (id <= 475096))

table 5 : explain SELECT c FROM sbtest5 WHERE id BETWEEN 3528518 AND 3529517 ORDER BY c
	Sort  (cost=3486.21..3488.43 rows=889 width=121)
	  Sort Key: c
	  ->  Bitmap Heap Scan on sbtest5  (cost=21.55..3442.66 rows=889 width=121)
	        Recheck Cond: ((id >= 3528518) AND (id <= 3529517))
	        ->  Bitmap Index Scan on sbtest5_pkey  (cost=0.00..21.32 rows=889 width=0)
	              Index Cond: ((id >= 3528518) AND (id <= 3529517))

table 6 : explain SELECT c FROM sbtest6 WHERE id BETWEEN 4546602 AND 4547601 ORDER BY c
	Sort  (cost=4006.21..4008.77 rows=1025 width=121)
	  Sort Key: c
	  ->  Bitmap Heap Scan on sbtest6  (cost=22.94..3954.95 rows=1025 width=121)
	        Recheck Cond: ((id >= 4546602) AND (id <= 4547601))
	        ->  Bitmap Index Scan on sbtest6_pkey  (cost=0.00..22.68 rows=1025 width=0)
	              Index Cond: ((id >= 4546602) AND (id <= 4547601))

table 7 : explain SELECT c FROM sbtest7 WHERE id BETWEEN 2085623 AND 2086622 ORDER BY c
	Sort  (cost=4174.12..4176.79 rows=1069 width=121)
	  Sort Key: c
	  ->  Bitmap Heap Scan on sbtest7  (cost=23.39..4120.34 rows=1069 width=121)
	        Recheck Cond: ((id >= 2085623) AND (id <= 2086622))
	        ->  Bitmap Index Scan on sbtest7_pkey  (cost=0.00..23.12 rows=1069 width=0)
	              Index Cond: ((id >= 2085623) AND (id <= 2086622))

table 8 : explain SELECT c FROM sbtest8 WHERE id BETWEEN 5643960 AND 5644959 ORDER BY c
	Sort  (cost=3861.22..3863.69 rows=987 width=121)
	  Sort Key: c
	  ->  Bitmap Heap Scan on sbtest8  (cost=22.55..3812.13 rows=987 width=121)
	        Recheck Cond: ((id >= 5643960) AND (id <= 5644959))
	        ->  Bitmap Index Scan on sbtest8_pkey  (cost=0.00..22.30 rows=987 width=0)
	              Index Cond: ((id >= 5643960) AND (id <= 5644959))

for: order_ranges
table 1 : explain SELECT c FROM sbtest1 WHERE id BETWEEN 8964495 AND 8965494 ORDER BY c
	Sort  (cost=3830.20..3832.65 rows=979 width=121)
	  Sort Key: c
	  ->  Bitmap Heap Scan on sbtest1  (cost=22.47..3781.57 rows=979 width=121)
	        Recheck Cond: ((id >= 8964495) AND (id <= 8965494))
	        ->  Bitmap Index Scan on sbtest1_pkey  (cost=0.00..22.22 rows=979 width=0)
	              Index Cond: ((id >= 8964495) AND (id <= 8965494))

table 2 : explain SELECT c FROM sbtest2 WHERE id BETWEEN 9571924 AND 9572923 ORDER BY c
	Sort  (cost=3888.48..3890.97 rows=994 width=121)
	  Sort Key: c
	  ->  Bitmap Heap Scan on sbtest2  (cost=22.62..3839.00 rows=994 width=121)
	        Recheck Cond: ((id >= 9571924) AND (id <= 9572923))
	        ->  Bitmap Index Scan on sbtest2_pkey  (cost=0.00..22.37 rows=994 width=0)
	              Index Cond: ((id >= 9571924) AND (id <= 9572923))

table 3 : explain SELECT c FROM sbtest3 WHERE id BETWEEN 2852574 AND 2853573 ORDER BY c
	Sort  (cost=3852.33..3854.79 rows=985 width=121)
	  Sort Key: c
	  ->  Bitmap Heap Scan on sbtest3  (cost=22.53..3803.36 rows=985 width=121)
	        Recheck Cond: ((id >= 2852574) AND (id <= 2853573))
	        ->  Bitmap Index Scan on sbtest3_pkey  (cost=0.00..22.29 rows=985 width=0)
	              Index Cond: ((id >= 2852574) AND (id <= 2853573))

table 4 : explain SELECT c FROM sbtest4 WHERE id BETWEEN 3328973 AND 3329972 ORDER BY c
	Sort  (cost=3833.98..3836.43 rows=980 width=121)
	  Sort Key: c
	  ->  Bitmap Heap Scan on sbtest4  (cost=22.48..3785.29 rows=980 width=121)
	        Recheck Cond: ((id >= 3328973) AND (id <= 3329972))
	        ->  Bitmap Index Scan on sbtest4_pkey  (cost=0.00..22.23 rows=980 width=0)
	              Index Cond: ((id >= 3328973) AND (id <= 3329972))

table 5 : explain SELECT c FROM sbtest5 WHERE id BETWEEN 3097926 AND 3098925 ORDER BY c
	Sort  (cost=3819.62..3822.06 rows=976 width=121)
	  Sort Key: c
	  ->  Bitmap Heap Scan on sbtest5  (cost=22.44..3771.16 rows=976 width=121)
	        Recheck Cond: ((id >= 3097926) AND (id <= 3098925))
	        ->  Bitmap Index Scan on sbtest5_pkey  (cost=0.00..22.19 rows=976 width=0)
	              Index Cond: ((id >= 3097926) AND (id <= 3098925))

table 6 : explain SELECT c FROM sbtest6 WHERE id BETWEEN 9089547 AND 9090546 ORDER BY c
	Sort  (cost=4456.39..4459.24 rows=1143 width=121)
	  Sort Key: c
	  ->  Bitmap Heap Scan on sbtest6  (cost=28.15..4398.33 rows=1143 width=121)
	        Recheck Cond: ((id >= 9089547) AND (id <= 9090546))
	        ->  Bitmap Index Scan on sbtest6_pkey  (cost=0.00..27.86 rows=1143 width=0)
	              Index Cond: ((id >= 9089547) AND (id <= 9090546))

table 7 : explain SELECT c FROM sbtest7 WHERE id BETWEEN 4128123 AND 4129122 ORDER BY c
	Sort  (cost=3937.40..3939.91 rows=1007 width=121)
	  Sort Key: c
	  ->  Bitmap Heap Scan on sbtest7  (cost=22.76..3887.17 rows=1007 width=121)
	        Recheck Cond: ((id >= 4128123) AND (id <= 4129122))
	        ->  Bitmap Index Scan on sbtest7_pkey  (cost=0.00..22.50 rows=1007 width=0)
	              Index Cond: ((id >= 4128123) AND (id <= 4129122))

table 8 : explain SELECT c FROM sbtest8 WHERE id BETWEEN 1262164 AND 1263163 ORDER BY c
	Sort  (cost=3620.02..3622.33 rows=924 width=121)
	  Sort Key: c
	  ->  Bitmap Heap Scan on sbtest8  (cost=21.91..3574.50 rows=924 width=121)
	        Recheck Cond: ((id >= 1262164) AND (id <= 1263163))
	        ->  Bitmap Index Scan on sbtest8_pkey  (cost=0.00..21.68 rows=924 width=0)
	              Index Cond: ((id >= 1262164) AND (id <= 1263163))

for: order_ranges
table 1 : explain SELECT c FROM sbtest1 WHERE id BETWEEN 5309918 AND 5310917 ORDER BY c
	Sort  (cost=3814.90..3817.34 rows=975 width=121)
	  Sort Key: c
	  ->  Bitmap Heap Scan on sbtest1  (cost=22.43..3766.49 rows=975 width=121)
	        Recheck Cond: ((id >= 5309918) AND (id <= 5310917))
	        ->  Bitmap Index Scan on sbtest1_pkey  (cost=0.00..22.18 rows=975 width=0)
	              Index Cond: ((id >= 5309918) AND (id <= 5310917))

table 2 : explain SELECT c FROM sbtest2 WHERE id BETWEEN 5797020 AND 5798019 ORDER BY c
	Sort  (cost=4018.45..4021.02 rows=1028 width=121)
	  Sort Key: c
	  ->  Bitmap Heap Scan on sbtest2  (cost=22.97..3967.02 rows=1028 width=121)
	        Recheck Cond: ((id >= 5797020) AND (id <= 5798019))
	        ->  Bitmap Index Scan on sbtest2_pkey  (cost=0.00..22.71 rows=1028 width=0)
	              Index Cond: ((id >= 5797020) AND (id <= 5798019))

table 3 : explain SELECT c FROM sbtest3 WHERE id BETWEEN 192049 AND 193048 ORDER BY c
	Sort  (cost=3978.43..3980.97 rows=1018 width=121)
	  Sort Key: c
	  ->  Bitmap Heap Scan on sbtest3  (cost=22.87..3927.57 rows=1018 width=121)
	        Recheck Cond: ((id >= 192049) AND (id <= 193048))
	        ->  Bitmap Index Scan on sbtest3_pkey  (cost=0.00..22.61 rows=1018 width=0)
	              Index Cond: ((id >= 192049) AND (id <= 193048))

table 4 : explain SELECT c FROM sbtest4 WHERE id BETWEEN 1074364 AND 1075363 ORDER BY c
	Sort  (cost=4009.80..4012.36 rows=1026 width=121)
	  Sort Key: c
	  ->  Bitmap Heap Scan on sbtest4  (cost=22.95..3958.48 rows=1026 width=121)
	        Recheck Cond: ((id >= 1074364) AND (id <= 1075363))
	        ->  Bitmap Index Scan on sbtest4_pkey  (cost=0.00..22.69 rows=1026 width=0)
	              Index Cond: ((id >= 1074364) AND (id <= 1075363))

table 5 : explain SELECT c FROM sbtest5 WHERE id BETWEEN 2252350 AND 2253349 ORDER BY c
	Sort  (cost=4175.17..4177.84 rows=1068 width=121)
	  Sort Key: c
	  ->  Bitmap Heap Scan on sbtest5  (cost=27.38..4121.45 rows=1068 width=121)
	        Recheck Cond: ((id >= 2252350) AND (id <= 2253349))
	        ->  Bitmap Index Scan on sbtest5_pkey  (cost=0.00..27.11 rows=1068 width=0)
	              Index Cond: ((id >= 2252350) AND (id <= 2253349))

table 6 : explain SELECT c FROM sbtest6 WHERE id BETWEEN 3598351 AND 3599350 ORDER BY c
	Sort  (cost=3864.80..3867.27 rows=988 width=121)
	  Sort Key: c
	  ->  Bitmap Heap Scan on sbtest6  (cost=22.56..3815.65 rows=988 width=121)
	        Recheck Cond: ((id >= 3598351) AND (id <= 3599350))
	        ->  Bitmap Index Scan on sbtest6_pkey  (cost=0.00..22.32 rows=988 width=0)
	              Index Cond: ((id >= 3598351) AND (id <= 3599350))

table 7 : explain SELECT c FROM sbtest7 WHERE id BETWEEN 6378671 AND 6379670 ORDER BY c
	Sort  (cost=4399.24..4402.06 rows=1128 width=121)
	  Sort Key: c
	  ->  Bitmap Heap Scan on sbtest7  (cost=28.00..4342.05 rows=1128 width=121)
	        Recheck Cond: ((id >= 6378671) AND (id <= 6379670))
	        ->  Bitmap Index Scan on sbtest7_pkey  (cost=0.00..27.71 rows=1128 width=0)
	              Index Cond: ((id >= 6378671) AND (id <= 6379670))

table 8 : explain SELECT c FROM sbtest8 WHERE id BETWEEN 5668977 AND 5669976 ORDER BY c
	Sort  (cost=3861.22..3863.69 rows=987 width=121)
	  Sort Key: c
	  ->  Bitmap Heap Scan on sbtest8  (cost=22.55..3812.13 rows=987 width=121)
	        Recheck Cond: ((id >= 5668977) AND (id <= 5669976))
	        ->  Bitmap Index Scan on sbtest8_pkey  (cost=0.00..22.30 rows=987 width=0)
	              Index Cond: ((id >= 5668977) AND (id <= 5669976))

for point_selects
table 1 : explain SELECT c FROM sbtest1 WHERE id=7213697
	Index Scan using sbtest1_pkey on sbtest1  (cost=0.43..8.45 rows=1 width=121)
	  Index Cond: (id = 7213697)

table 2 : explain SELECT c FROM sbtest2 WHERE id=7881788
	Index Scan using sbtest2_pkey on sbtest2  (cost=0.43..8.45 rows=1 width=121)
	  Index Cond: (id = 7881788)

table 3 : explain SELECT c FROM sbtest3 WHERE id=8382039
	Index Scan using sbtest3_pkey on sbtest3  (cost=0.43..8.45 rows=1 width=121)
	  Index Cond: (id = 8382039)

table 4 : explain SELECT c FROM sbtest4 WHERE id=9907412
	Index Scan using sbtest4_pkey on sbtest4  (cost=0.43..8.45 rows=1 width=121)
	  Index Cond: (id = 9907412)

table 5 : explain SELECT c FROM sbtest5 WHERE id=9986205
	Index Scan using sbtest5_pkey on sbtest5  (cost=0.43..8.45 rows=1 width=121)
	  Index Cond: (id = 9986205)

table 6 : explain SELECT c FROM sbtest6 WHERE id=1578316
	Index Scan using sbtest6_pkey on sbtest6  (cost=0.43..8.45 rows=1 width=121)
	  Index Cond: (id = 1578316)

table 7 : explain SELECT c FROM sbtest7 WHERE id=9975630
	Index Scan using sbtest7_pkey on sbtest7  (cost=0.43..8.45 rows=1 width=121)
	  Index Cond: (id = 9975630)

table 8 : explain SELECT c FROM sbtest8 WHERE id=7728745
	Index Scan using sbtest8_pkey on sbtest8  (cost=0.43..8.45 rows=1 width=121)
	  Index Cond: (id = 7728745)

for: simple_ranges
table 1 : explain SELECT c FROM sbtest1 WHERE id BETWEEN 4993027 AND 4994026
	Bitmap Heap Scan on sbtest1  (cost=22.59..3826.78 rows=991 width=121)
	  Recheck Cond: ((id >= 4993027) AND (id <= 4994026))
	  ->  Bitmap Index Scan on sbtest1_pkey  (cost=0.00..22.34 rows=991 width=0)
	        Index Cond: ((id >= 4993027) AND (id <= 4994026))

table 2 : explain SELECT c FROM sbtest2 WHERE id BETWEEN 5268473 AND 5269472
	Bitmap Heap Scan on sbtest2  (cost=23.19..4046.02 rows=1049 width=121)
	  Recheck Cond: ((id >= 5268473) AND (id <= 5269472))
	  ->  Bitmap Index Scan on sbtest2_pkey  (cost=0.00..22.93 rows=1049 width=0)
	        Index Cond: ((id >= 5268473) AND (id <= 5269472))

table 3 : explain SELECT c FROM sbtest3 WHERE id BETWEEN 4431777 AND 4432776
	Bitmap Heap Scan on sbtest3  (cost=21.53..3433.63 rows=887 width=121)
	  Recheck Cond: ((id >= 4431777) AND (id <= 4432776))
	  ->  Bitmap Index Scan on sbtest3_pkey  (cost=0.00..21.30 rows=887 width=0)
	        Index Cond: ((id >= 4431777) AND (id <= 4432776))

table 4 : explain SELECT c FROM sbtest4 WHERE id BETWEEN 6987483 AND 6988482
	Bitmap Heap Scan on sbtest4  (cost=22.35..3736.29 rows=967 width=121)
	  Recheck Cond: ((id >= 6987483) AND (id <= 6988482))
	  ->  Bitmap Index Scan on sbtest4_pkey  (cost=0.00..22.11 rows=967 width=0)
	        Index Cond: ((id >= 6987483) AND (id <= 6988482))

table 5 : explain SELECT c FROM sbtest5 WHERE id BETWEEN 9911353 AND 9912352
	Bitmap Heap Scan on sbtest5  (cost=27.49..4162.78 rows=1079 width=121)
	  Recheck Cond: ((id >= 9911353) AND (id <= 9912352))
	  ->  Bitmap Index Scan on sbtest5_pkey  (cost=0.00..27.22 rows=1079 width=0)
	        Index Cond: ((id >= 9911353) AND (id <= 9912352))

table 6 : explain SELECT c FROM sbtest6 WHERE id BETWEEN 154491 AND 155490
	Bitmap Heap Scan on sbtest6  (cost=23.17..4037.70 rows=1047 width=121)
	  Recheck Cond: ((id >= 154491) AND (id <= 155490))
	  ->  Bitmap Index Scan on sbtest6_pkey  (cost=0.00..22.90 rows=1047 width=0)
	        Index Cond: ((id >= 154491) AND (id <= 155490))

table 7 : explain SELECT c FROM sbtest7 WHERE id BETWEEN 545550 AND 546549
	Bitmap Heap Scan on sbtest7  (cost=28.35..4469.47 rows=1162 width=121)
	  Recheck Cond: ((id >= 545550) AND (id <= 546549))
	  ->  Bitmap Index Scan on sbtest7_pkey  (cost=0.00..28.05 rows=1162 width=0)
	        Index Cond: ((id >= 545550) AND (id <= 546549))

table 8 : explain SELECT c FROM sbtest8 WHERE id BETWEEN 5176507 AND 5177506
	Bitmap Heap Scan on sbtest8  (cost=22.53..3804.60 rows=985 width=121)
	  Recheck Cond: ((id >= 5176507) AND (id <= 5177506))
	  ->  Bitmap Index Scan on sbtest8_pkey  (cost=0.00..22.29 rows=985 width=0)
	        Index Cond: ((id >= 5176507) AND (id <= 5177506))

for: sum_ranges
table 1 : explain SELECT SUM(k) FROM sbtest1 WHERE id BETWEEN 6561757 AND 6562756
	Aggregate  (cost=3919.68..3919.69 rows=1 width=8)
	  ->  Bitmap Heap Scan on sbtest1  (cost=22.84..3917.14 rows=1015 width=4)
	        Recheck Cond: ((id >= 6561757) AND (id <= 6562756))
	        ->  Bitmap Index Scan on sbtest1_pkey  (cost=0.00..22.58 rows=1015 width=0)
	              Index Cond: ((id >= 6561757) AND (id <= 6562756))

table 2 : explain SELECT SUM(k) FROM sbtest2 WHERE id BETWEEN 5139494 AND 5140493
	Aggregate  (cost=3384.33..3384.34 rows=1 width=8)
	  ->  Bitmap Heap Scan on sbtest2  (cost=21.38..3382.14 rows=873 width=4)
	        Recheck Cond: ((id >= 5139494) AND (id <= 5140493))
	        ->  Bitmap Index Scan on sbtest2_pkey  (cost=0.00..21.16 rows=873 width=0)
	              Index Cond: ((id >= 5139494) AND (id <= 5140493))

table 3 : explain SELECT SUM(k) FROM sbtest3 WHERE id BETWEEN 2285360 AND 2286359
	Aggregate  (cost=3564.35..3564.36 rows=1 width=8)
	  ->  Bitmap Heap Scan on sbtest3  (cost=21.88..3562.05 rows=921 width=4)
	        Recheck Cond: ((id >= 2285360) AND (id <= 2286359))
	        ->  Bitmap Index Scan on sbtest3_pkey  (cost=0.00..21.64 rows=921 width=0)
	              Index Cond: ((id >= 2285360) AND (id <= 2286359))

table 4 : explain SELECT SUM(k) FROM sbtest4 WHERE id BETWEEN 710713 AND 711712
	Aggregate  (cost=4224.52..4224.53 rows=1 width=8)
	  ->  Bitmap Heap Scan on sbtest4  (cost=27.67..4221.78 rows=1096 width=4)
	        Recheck Cond: ((id >= 710713) AND (id <= 711712))
	        ->  Bitmap Index Scan on sbtest4_pkey  (cost=0.00..27.39 rows=1096 width=0)
	              Index Cond: ((id >= 710713) AND (id <= 711712))

table 5 : explain SELECT SUM(k) FROM sbtest5 WHERE id BETWEEN 3814726 AND 3815725
	Aggregate  (cost=3932.16..3932.17 rows=1 width=8)
	  ->  Bitmap Heap Scan on sbtest5  (cost=26.86..3929.62 rows=1017 width=4)
	        Recheck Cond: ((id >= 3814726) AND (id <= 3815725))
	        ->  Bitmap Index Scan on sbtest5_pkey  (cost=0.00..26.61 rows=1017 width=0)
	              Index Cond: ((id >= 3814726) AND (id <= 3815725))

table 6 : explain SELECT SUM(k) FROM sbtest6 WHERE id BETWEEN 619304 AND 620303
	Aggregate  (cost=3795.50..3795.51 rows=1 width=8)
	  ->  Bitmap Heap Scan on sbtest6  (cost=22.50..3793.05 rows=982 width=4)
	        Recheck Cond: ((id >= 619304) AND (id <= 620303))
	        ->  Bitmap Index Scan on sbtest6_pkey  (cost=0.00..22.25 rows=982 width=0)
	              Index Cond: ((id >= 619304) AND (id <= 620303))

table 7 : explain SELECT SUM(k) FROM sbtest7 WHERE id BETWEEN 9096976 AND 9097975
	Aggregate  (cost=4089.17..4089.18 rows=1 width=8)
	  ->  Bitmap Heap Scan on sbtest7  (cost=23.30..4086.52 rows=1060 width=4)
	        Recheck Cond: ((id >= 9096976) AND (id <= 9097975))
	        ->  Bitmap Index Scan on sbtest7_pkey  (cost=0.00..23.04 rows=1060 width=0)
	              Index Cond: ((id >= 9096976) AND (id <= 9097975))

table 8 : explain SELECT SUM(k) FROM sbtest8 WHERE id BETWEEN 5039244 AND 5040243
	Aggregate  (cost=3969.08..3969.09 rows=1 width=8)
	  ->  Bitmap Heap Scan on sbtest8  (cost=22.97..3966.51 rows=1028 width=4)
	        Recheck Cond: ((id >= 5039244) AND (id <= 5040243))
	        ->  Bitmap Index Scan on sbtest8_pkey  (cost=0.00..22.71 rows=1028 width=0)
	              Index Cond: ((id >= 5039244) AND (id <= 5040243))

for: distinct_ranges
table 1 : explain SELECT DISTINCT c FROM sbtest1 WHERE id BETWEEN 970209 AND 971208 ORDER BY c
	Unique  (cost=4166.34..4171.67 rows=1067 width=121)
	  ->  Sort  (cost=4166.34..4169.00 rows=1067 width=121)
	        Sort Key: c
	        ->  Bitmap Heap Scan on sbtest1  (cost=23.37..4112.67 rows=1067 width=121)
	              Recheck Cond: ((id >= 970209) AND (id <= 971208))
	              ->  Bitmap Index Scan on sbtest1_pkey  (cost=0.00..23.11 rows=1067 width=0)
	                    Index Cond: ((id >= 970209) AND (id <= 971208))

table 2 : explain SELECT DISTINCT c FROM sbtest2 WHERE id BETWEEN 9728075 AND 9729074 ORDER BY c
	Unique  (cost=3930.55..3935.57 rows=1005 width=121)
	  ->  Sort  (cost=3930.55..3933.06 rows=1005 width=121)
	        Sort Key: c
	        ->  Bitmap Heap Scan on sbtest2  (cost=22.74..3880.43 rows=1005 width=121)
	              Recheck Cond: ((id >= 9728075) AND (id <= 9729074))
	              ->  Bitmap Index Scan on sbtest2_pkey  (cost=0.00..22.48 rows=1005 width=0)
	                    Index Cond: ((id >= 9728075) AND (id <= 9729074))

table 3 : explain SELECT DISTINCT c FROM sbtest3 WHERE id BETWEEN 7299120 AND 7300119 ORDER BY c
	Unique  (cost=4012.79..4017.93 rows=1027 width=121)
	  ->  Sort  (cost=4012.79..4015.36 rows=1027 width=121)
	        Sort Key: c
	        ->  Bitmap Heap Scan on sbtest3  (cost=22.96..3961.42 rows=1027 width=121)
	              Recheck Cond: ((id >= 7299120) AND (id <= 7300119))
	              ->  Bitmap Index Scan on sbtest3_pkey  (cost=0.00..22.70 rows=1027 width=0)
	                    Index Cond: ((id >= 7299120) AND (id <= 7300119))

table 4 : explain SELECT DISTINCT c FROM sbtest4 WHERE id BETWEEN 3659942 AND 3660941 ORDER BY c
	Unique  (cost=3941.03..3946.07 rows=1008 width=121)
	  ->  Sort  (cost=3941.03..3943.55 rows=1008 width=121)
	        Sort Key: c
	        ->  Bitmap Heap Scan on sbtest4  (cost=22.77..3890.74 rows=1008 width=121)
	              Recheck Cond: ((id >= 3659942) AND (id <= 3660941))
	              ->  Bitmap Index Scan on sbtest4_pkey  (cost=0.00..22.51 rows=1008 width=0)
	                    Index Cond: ((id >= 3659942) AND (id <= 3660941))

table 5 : explain SELECT DISTINCT c FROM sbtest5 WHERE id BETWEEN 5520644 AND 5521643 ORDER BY c
	Unique  (cost=3915.43..3920.43 rows=1000 width=121)
	  ->  Sort  (cost=3915.43..3917.93 rows=1000 width=121)
	        Sort Key: c
	        ->  Bitmap Heap Scan on sbtest5  (cost=26.68..3865.60 rows=1000 width=121)
	              Recheck Cond: ((id >= 5520644) AND (id <= 5521643))
	              ->  Bitmap Index Scan on sbtest5_pkey  (cost=0.00..26.43 rows=1000 width=0)
	                    Index Cond: ((id >= 5520644) AND (id <= 5521643))

table 6 : explain SELECT DISTINCT c FROM sbtest6 WHERE id BETWEEN 6151853 AND 6152852 ORDER BY c
	Unique  (cost=3493.25..3497.71 rows=891 width=121)
	  ->  Sort  (cost=3493.25..3495.48 rows=891 width=121)
	        Sort Key: c
	        ->  Bitmap Heap Scan on sbtest6  (cost=21.57..3449.60 rows=891 width=121)
	              Recheck Cond: ((id >= 6151853) AND (id <= 6152852))
	              ->  Bitmap Index Scan on sbtest6_pkey  (cost=0.00..21.34 rows=891 width=0)
	                    Index Cond: ((id >= 6151853) AND (id <= 6152852))

table 7 : explain SELECT DISTINCT c FROM sbtest7 WHERE id BETWEEN 1496904 AND 1497903 ORDER BY c
	Unique  (cost=3765.29..3770.10 rows=962 width=121)
	  ->  Sort  (cost=3765.29..3767.69 rows=962 width=121)
	        Sort Key: c
	        ->  Bitmap Heap Scan on sbtest7  (cost=22.30..3717.62 rows=962 width=121)
	              Recheck Cond: ((id >= 1496904) AND (id <= 1497903))
	              ->  Bitmap Index Scan on sbtest7_pkey  (cost=0.00..22.05 rows=962 width=0)
	                    Index Cond: ((id >= 1496904) AND (id <= 1497903))

table 8 : explain SELECT DISTINCT c FROM sbtest8 WHERE id BETWEEN 5941473 AND 5942472 ORDER BY c
	Unique  (cost=3983.55..3988.65 rows=1019 width=121)
	  ->  Sort  (cost=3983.55..3986.10 rows=1019 width=121)
	        Sort Key: c
	        ->  Bitmap Heap Scan on sbtest8  (cost=22.88..3932.64 rows=1019 width=121)
	              Recheck Cond: ((id >= 5941473) AND (id <= 5942472))
	              ->  Bitmap Index Scan on sbtest8_pkey  (cost=0.00..22.62 rows=1019 width=0)
	                    Index Cond: ((id >= 5941473) AND (id <= 5942472))

for point_selects
table 1 : explain SELECT c FROM sbtest1 WHERE id=5554380
	Index Scan using sbtest1_pkey on sbtest1  (cost=0.43..8.45 rows=1 width=121)
	  Index Cond: (id = 5554380)

table 2 : explain SELECT c FROM sbtest2 WHERE id=3877622
	Index Scan using sbtest2_pkey on sbtest2  (cost=0.43..8.45 rows=1 width=121)
	  Index Cond: (id = 3877622)

table 3 : explain SELECT c FROM sbtest3 WHERE id=8127577
	Index Scan using sbtest3_pkey on sbtest3  (cost=0.43..8.45 rows=1 width=121)
	  Index Cond: (id = 8127577)

table 4 : explain SELECT c FROM sbtest4 WHERE id=3749160
	Index Scan using sbtest4_pkey on sbtest4  (cost=0.43..8.45 rows=1 width=121)
	  Index Cond: (id = 3749160)

table 5 : explain SELECT c FROM sbtest5 WHERE id=6585008
	Index Scan using sbtest5_pkey on sbtest5  (cost=0.43..8.45 rows=1 width=121)
	  Index Cond: (id = 6585008)

table 6 : explain SELECT c FROM sbtest6 WHERE id=9089470
	Index Scan using sbtest6_pkey on sbtest6  (cost=0.43..8.45 rows=1 width=121)
	  Index Cond: (id = 9089470)

table 7 : explain SELECT c FROM sbtest7 WHERE id=737949
	Index Scan using sbtest7_pkey on sbtest7  (cost=0.43..8.45 rows=1 width=121)
	  Index Cond: (id = 737949)

table 8 : explain SELECT c FROM sbtest8 WHERE id=8176042
	Index Scan using sbtest8_pkey on sbtest8  (cost=0.43..8.45 rows=1 width=121)
	  Index Cond: (id = 8176042)

for: distinct_ranges
table 1 : explain SELECT DISTINCT c FROM sbtest1 WHERE id BETWEEN 66667 AND 67666 ORDER BY c
	Unique  (cost=3631.13..3635.76 rows=927 width=121)
	  ->  Sort  (cost=3631.13..3633.44 rows=927 width=121)
	        Sort Key: c
	        ->  Bitmap Heap Scan on sbtest1  (cost=21.94..3585.44 rows=927 width=121)
	              Recheck Cond: ((id >= 66667) AND (id <= 67666))
	              ->  Bitmap Index Scan on sbtest1_pkey  (cost=0.00..21.70 rows=927 width=0)
	                    Index Cond: ((id >= 66667) AND (id <= 67666))

table 2 : explain SELECT DISTINCT c FROM sbtest2 WHERE id BETWEEN 1210614 AND 1211613 ORDER BY c
	Unique  (cost=4026.09..4031.24 rows=1030 width=121)
	  ->  Sort  (cost=4026.09..4028.67 rows=1030 width=121)
	        Sort Key: c
	        ->  Bitmap Heap Scan on sbtest2  (cost=22.99..3974.55 rows=1030 width=121)
	              Recheck Cond: ((id >= 1210614) AND (id <= 1211613))
	              ->  Bitmap Index Scan on sbtest2_pkey  (cost=0.00..22.73 rows=1030 width=0)
	                    Index Cond: ((id >= 1210614) AND (id <= 1211613))

table 3 : explain SELECT DISTINCT c FROM sbtest3 WHERE id BETWEEN 2264947 AND 2265946 ORDER BY c
	Unique  (cost=3607.39..3612.00 rows=921 width=121)
	  ->  Sort  (cost=3607.39..3609.70 rows=921 width=121)
	        Sort Key: c
	        ->  Bitmap Heap Scan on sbtest3  (cost=21.88..3562.05 rows=921 width=121)
	              Recheck Cond: ((id >= 2264947) AND (id <= 2265946))
	              ->  Bitmap Index Scan on sbtest3_pkey  (cost=0.00..21.64 rows=921 width=0)
	                    Index Cond: ((id >= 2264947) AND (id <= 2265946))

table 4 : explain SELECT DISTINCT c FROM sbtest4 WHERE id BETWEEN 7974780 AND 7975779 ORDER BY c
	Unique  (cost=4067.07..4072.28 rows=1041 width=121)
	  ->  Sort  (cost=4067.07..4069.67 rows=1041 width=121)
	        Sort Key: c
	        ->  Bitmap Heap Scan on sbtest4  (cost=23.11..4014.90 rows=1041 width=121)
	              Recheck Cond: ((id >= 7974780) AND (id <= 7975779))
	              ->  Bitmap Index Scan on sbtest4_pkey  (cost=0.00..22.84 rows=1041 width=0)
	                    Index Cond: ((id >= 7974780) AND (id <= 7975779))

table 5 : explain SELECT DISTINCT c FROM sbtest5 WHERE id BETWEEN 5667373 AND 5668372 ORDER BY c
	Unique  (cost=4506.78..4512.56 rows=1156 width=121)
	  ->  Sort  (cost=4506.78..4509.67 rows=1156 width=121)
	        Sort Key: c
	        ->  Bitmap Heap Scan on sbtest5  (cost=28.28..4447.97 rows=1156 width=121)
	              Recheck Cond: ((id >= 5667373) AND (id <= 5668372))
	              ->  Bitmap Index Scan on sbtest5_pkey  (cost=0.00..28.00 rows=1156 width=0)
	                    Index Cond: ((id >= 5667373) AND (id <= 5668372))

table 6 : explain SELECT DISTINCT c FROM sbtest6 WHERE id BETWEEN 7896855 AND 7897854 ORDER BY c
	Unique  (cost=4067.31..4072.52 rows=1041 width=121)
	  ->  Sort  (cost=4067.31..4069.91 rows=1041 width=121)
	        Sort Key: c
	        ->  Bitmap Heap Scan on sbtest6  (cost=23.11..4015.14 rows=1041 width=121)
	              Recheck Cond: ((id >= 7896855) AND (id <= 7897854))
	              ->  Bitmap Index Scan on sbtest6_pkey  (cost=0.00..22.84 rows=1041 width=0)
	                    Index Cond: ((id >= 7896855) AND (id <= 7897854))

table 7 : explain SELECT DISTINCT c FROM sbtest7 WHERE id BETWEEN 7935968 AND 7936967 ORDER BY c
	Unique  (cost=3458.69..3463.10 rows=882 width=121)
	  ->  Sort  (cost=3458.69..3460.89 rows=882 width=121)
	        Sort Key: c
	        ->  Bitmap Heap Scan on sbtest7  (cost=21.48..3415.54 rows=882 width=121)
	              Recheck Cond: ((id >= 7935968) AND (id <= 7936967))
	              ->  Bitmap Index Scan on sbtest7_pkey  (cost=0.00..21.25 rows=882 width=0)
	                    Index Cond: ((id >= 7935968) AND (id <= 7936967))

table 8 : explain SELECT DISTINCT c FROM sbtest8 WHERE id BETWEEN 6823766 AND 6824765 ORDER BY c
	Unique  (cost=4098.12..4103.37 rows=1049 width=121)
	  ->  Sort  (cost=4098.12..4100.75 rows=1049 width=121)
	        Sort Key: c
	        ->  Bitmap Heap Scan on sbtest8  (cost=23.19..4045.49 rows=1049 width=121)
	              Recheck Cond: ((id >= 6823766) AND (id <= 6824765))
	              ->  Bitmap Index Scan on sbtest8_pkey  (cost=0.00..22.93 rows=1049 width=0)
	                    Index Cond: ((id >= 6823766) AND (id <= 6824765))

for: distinct_ranges
table 1 : explain SELECT DISTINCT c FROM sbtest1 WHERE id BETWEEN 6523604 AND 6524603 ORDER BY c
	Unique  (cost=3967.82..3972.90 rows=1015 width=121)
	  ->  Sort  (cost=3967.82..3970.36 rows=1015 width=121)
	        Sort Key: c
	        ->  Bitmap Heap Scan on sbtest1  (cost=22.84..3917.14 rows=1015 width=121)
	              Recheck Cond: ((id >= 6523604) AND (id <= 6524603))
	              ->  Bitmap Index Scan on sbtest1_pkey  (cost=0.00..22.58 rows=1015 width=0)
	                    Index Cond: ((id >= 6523604) AND (id <= 6524603))

table 2 : explain SELECT DISTINCT c FROM sbtest2 WHERE id BETWEEN 5139154 AND 5140153 ORDER BY c
	Unique  (cost=3424.79..3429.15 rows=873 width=121)
	  ->  Sort  (cost=3424.79..3426.97 rows=873 width=121)
	        Sort Key: c
	        ->  Bitmap Heap Scan on sbtest2  (cost=21.38..3382.14 rows=873 width=121)
	              Recheck Cond: ((id >= 5139154) AND (id <= 5140153))
	              ->  Bitmap Index Scan on sbtest2_pkey  (cost=0.00..21.16 rows=873 width=0)
	                    Index Cond: ((id >= 5139154) AND (id <= 5140153))

table 3 : explain SELECT DISTINCT c FROM sbtest3 WHERE id BETWEEN 670043 AND 671042 ORDER BY c
	Unique  (cost=3745.24..3750.02 rows=957 width=121)
	  ->  Sort  (cost=3745.24..3747.63 rows=957 width=121)
	        Sort Key: c
	        ->  Bitmap Heap Scan on sbtest3  (cost=22.24..3697.85 rows=957 width=121)
	              Recheck Cond: ((id >= 670043) AND (id <= 671042))
	              ->  Bitmap Index Scan on sbtest3_pkey  (cost=0.00..22.00 rows=957 width=0)
	                    Index Cond: ((id >= 670043) AND (id <= 671042))

table 4 : explain SELECT DISTINCT c FROM sbtest4 WHERE id BETWEEN 5927735 AND 5928734 ORDER BY c
	Unique  (cost=3918.10..3923.11 rows=1002 width=121)
	  ->  Sort  (cost=3918.10..3920.60 rows=1002 width=121)
	        Sort Key: c
	        ->  Bitmap Heap Scan on sbtest4  (cost=22.71..3868.15 rows=1002 width=121)
	              Recheck Cond: ((id >= 5927735) AND (id <= 5928734))
	              ->  Bitmap Index Scan on sbtest4_pkey  (cost=0.00..22.45 rows=1002 width=0)
	                    Index Cond: ((id >= 5927735) AND (id <= 5928734))

table 5 : explain SELECT DISTINCT c FROM sbtest5 WHERE id BETWEEN 1303211 AND 1304210 ORDER BY c
	Unique  (cost=3490.05..3494.50 rows=890 width=121)
	  ->  Sort  (cost=3490.05..3492.27 rows=890 width=121)
	        Sort Key: c
	        ->  Bitmap Heap Scan on sbtest5  (cost=21.56..3446.45 rows=890 width=121)
	              Recheck Cond: ((id >= 1303211) AND (id <= 1304210))
	              ->  Bitmap Index Scan on sbtest5_pkey  (cost=0.00..21.33 rows=890 width=0)
	                    Index Cond: ((id >= 1303211) AND (id <= 1304210))

table 6 : explain SELECT DISTINCT c FROM sbtest6 WHERE id BETWEEN 7035154 AND 7036153 ORDER BY c
	Unique  (cost=3646.61..3651.27 rows=931 width=121)
	  ->  Sort  (cost=3646.61..3648.94 rows=931 width=121)
	        Sort Key: c
	        ->  Bitmap Heap Scan on sbtest6  (cost=21.98..3600.70 rows=931 width=121)
	              Recheck Cond: ((id >= 7035154) AND (id <= 7036153))
	              ->  Bitmap Index Scan on sbtest6_pkey  (cost=0.00..21.75 rows=931 width=0)
	                    Index Cond: ((id >= 7035154) AND (id <= 7036153))

table 7 : explain SELECT DISTINCT c FROM sbtest7 WHERE id BETWEEN 1780008 AND 1781007 ORDER BY c
	Unique  (cost=3979.43..3984.52 rows=1018 width=121)
	  ->  Sort  (cost=3979.43..3981.97 rows=1018 width=121)
	        Sort Key: c
	        ->  Bitmap Heap Scan on sbtest7  (cost=22.87..3928.57 rows=1018 width=121)
	              Recheck Cond: ((id >= 1780008) AND (id <= 1781007))
	              ->  Bitmap Index Scan on sbtest7_pkey  (cost=0.00..22.61 rows=1018 width=0)
	                    Index Cond: ((id >= 1780008) AND (id <= 1781007))

table 8 : explain SELECT DISTINCT c FROM sbtest8 WHERE id BETWEEN 6696343 AND 6697342 ORDER BY c
	Unique  (cost=3995.01..4000.12 rows=1022 width=121)
	  ->  Sort  (cost=3995.01..3997.57 rows=1022 width=121)
	        Sort Key: c
	        ->  Bitmap Heap Scan on sbtest8  (cost=22.91..3943.93 rows=1022 width=121)
	              Recheck Cond: ((id >= 6696343) AND (id <= 6697342))
	              ->  Bitmap Index Scan on sbtest8_pkey  (cost=0.00..22.65 rows=1022 width=0)
	                    Index Cond: ((id >= 6696343) AND (id <= 6697342))

for: sum_ranges
table 1 : explain SELECT SUM(k) FROM sbtest1 WHERE id BETWEEN 7837762 AND 7838761
	Aggregate  (cost=4122.86..4122.87 rows=1 width=8)
	  ->  Bitmap Heap Scan on sbtest1  (cost=23.39..4120.18 rows=1069 width=4)
	        Recheck Cond: ((id >= 7837762) AND (id <= 7838761))
	        ->  Bitmap Index Scan on sbtest1_pkey  (cost=0.00..23.12 rows=1069 width=0)
	              Index Cond: ((id >= 7837762) AND (id <= 7838761))

table 2 : explain SELECT SUM(k) FROM sbtest2 WHERE id BETWEEN 9884057 AND 9885056
	Aggregate  (cost=3724.55..3724.56 rows=1 width=8)
	  ->  Bitmap Heap Scan on sbtest2  (cost=22.31..3722.14 rows=963 width=4)
	        Recheck Cond: ((id >= 9884057) AND (id <= 9885056))
	        ->  Bitmap Index Scan on sbtest2_pkey  (cost=0.00..22.07 rows=963 width=0)
	              Index Cond: ((id >= 9884057) AND (id <= 9885056))

table 3 : explain SELECT SUM(k) FROM sbtest3 WHERE id BETWEEN 5734620 AND 5735619
	Aggregate  (cost=3824.66..3824.67 rows=1 width=8)
	  ->  Bitmap Heap Scan on sbtest3  (cost=22.58..3822.19 rows=990 width=4)
	        Recheck Cond: ((id >= 5734620) AND (id <= 5735619))
	        ->  Bitmap Index Scan on sbtest3_pkey  (cost=0.00..22.33 rows=990 width=0)
	              Index Cond: ((id >= 5734620) AND (id <= 5735619))

table 4 : explain SELECT SUM(k) FROM sbtest4 WHERE id BETWEEN 2232336 AND 2233335
	Aggregate  (cost=3523.48..3523.49 rows=1 width=8)
	  ->  Bitmap Heap Scan on sbtest4  (cost=21.76..3521.20 rows=910 width=4)
	        Recheck Cond: ((id >= 2232336) AND (id <= 2233335))
	        ->  Bitmap Index Scan on sbtest4_pkey  (cost=0.00..21.54 rows=910 width=0)
	              Index Cond: ((id >= 2232336) AND (id <= 2233335))

table 5 : explain SELECT SUM(k) FROM sbtest5 WHERE id BETWEEN 2947205 AND 2948204
	Aggregate  (cost=3671.69..3671.70 rows=1 width=8)
	  ->  Bitmap Heap Scan on sbtest5  (cost=22.16..3669.32 rows=949 width=4)
	        Recheck Cond: ((id >= 2947205) AND (id <= 2948204))
	        ->  Bitmap Index Scan on sbtest5_pkey  (cost=0.00..21.93 rows=949 width=0)
	              Index Cond: ((id >= 2947205) AND (id <= 2948204))

table 6 : explain SELECT SUM(k) FROM sbtest6 WHERE id BETWEEN 6089604 AND 6090603
	Aggregate  (cost=3844.51..3844.52 rows=1 width=8)
	  ->  Bitmap Heap Scan on sbtest6  (cost=22.63..3842.02 rows=995 width=4)
	        Recheck Cond: ((id >= 6089604) AND (id <= 6090603))
	        ->  Bitmap Index Scan on sbtest6_pkey  (cost=0.00..22.39 rows=995 width=0)
	              Index Cond: ((id >= 6089604) AND (id <= 6090603))

table 7 : explain SELECT SUM(k) FROM sbtest7 WHERE id BETWEEN 8603479 AND 8604478
	Aggregate  (cost=3949.95..3949.96 rows=1 width=8)
	  ->  Bitmap Heap Scan on sbtest7  (cost=22.92..3947.39 rows=1023 width=4)
	        Recheck Cond: ((id >= 8603479) AND (id <= 8604478))
	        ->  Bitmap Index Scan on sbtest7_pkey  (cost=0.00..22.66 rows=1023 width=0)
	              Index Cond: ((id >= 8603479) AND (id <= 8604478))

table 8 : explain SELECT SUM(k) FROM sbtest8 WHERE id BETWEEN 5447814 AND 5448813
	Aggregate  (cost=3599.48..3599.49 rows=1 width=8)
	  ->  Bitmap Heap Scan on sbtest8  (cost=21.97..3597.15 rows=930 width=4)
	        Recheck Cond: ((id >= 5447814) AND (id <= 5448813))
	        ->  Bitmap Index Scan on sbtest8_pkey  (cost=0.00..21.73 rows=930 width=0)
	              Index Cond: ((id >= 5447814) AND (id <= 5448813))

for: simple_ranges
table 1 : explain SELECT c FROM sbtest1 WHERE id BETWEEN 2307419 AND 2308418
	Bitmap Heap Scan on sbtest1  (cost=22.65..3849.37 rows=997 width=121)
	  Recheck Cond: ((id >= 2307419) AND (id <= 2308418))
	  ->  Bitmap Index Scan on sbtest1_pkey  (cost=0.00..22.40 rows=997 width=0)
	        Index Cond: ((id >= 2307419) AND (id <= 2308418))

table 2 : explain SELECT c FROM sbtest2 WHERE id BETWEEN 7981451 AND 7982450
	Bitmap Heap Scan on sbtest2  (cost=22.43..3767.39 rows=975 width=121)
	  Recheck Cond: ((id >= 7981451) AND (id <= 7982450))
	  ->  Bitmap Index Scan on sbtest2_pkey  (cost=0.00..22.18 rows=975 width=0)
	        Index Cond: ((id >= 7981451) AND (id <= 7982450))

table 3 : explain SELECT c FROM sbtest3 WHERE id BETWEEN 1743974 AND 1744973
	Bitmap Heap Scan on sbtest3  (cost=22.79..3897.47 rows=1010 width=121)
	  Recheck Cond: ((id >= 1743974) AND (id <= 1744973))
	  ->  Bitmap Index Scan on sbtest3_pkey  (cost=0.00..22.54 rows=1010 width=0)
	        Index Cond: ((id >= 1743974) AND (id <= 1744973))

table 4 : explain SELECT c FROM sbtest4 WHERE id BETWEEN 4328183 AND 4329182
	Bitmap Heap Scan on sbtest4  (cost=23.54..4172.71 rows=1083 width=121)
	  Recheck Cond: ((id >= 4328183) AND (id <= 4329182))
	  ->  Bitmap Index Scan on sbtest4_pkey  (cost=0.00..23.26 rows=1083 width=0)
	        Index Cond: ((id >= 4328183) AND (id <= 4329182))

table 5 : explain SELECT c FROM sbtest5 WHERE id BETWEEN 4410512 AND 4411511
	Bitmap Heap Scan on sbtest5  (cost=21.71..3503.15 rows=905 width=121)
	  Recheck Cond: ((id >= 4410512) AND (id <= 4411511))
	  ->  Bitmap Index Scan on sbtest5_pkey  (cost=0.00..21.48 rows=905 width=0)
	        Index Cond: ((id >= 4410512) AND (id <= 4411511))

table 6 : explain SELECT c FROM sbtest6 WHERE id BETWEEN 3986866 AND 3987865
	Bitmap Heap Scan on sbtest6  (cost=27.58..4191.98 rows=1087 width=121)
	  Recheck Cond: ((id >= 3986866) AND (id <= 3987865))
	  ->  Bitmap Index Scan on sbtest6_pkey  (cost=0.00..27.30 rows=1087 width=0)
	        Index Cond: ((id >= 3986866) AND (id <= 3987865))

table 7 : explain SELECT c FROM sbtest7 WHERE id BETWEEN 3919790 AND 3920789
	Bitmap Heap Scan on sbtest7  (cost=22.89..3936.10 rows=1020 width=121)
	  Recheck Cond: ((id >= 3919790) AND (id <= 3920789))
	  ->  Bitmap Index Scan on sbtest7_pkey  (cost=0.00..22.64 rows=1020 width=0)
	        Index Cond: ((id >= 3919790) AND (id <= 3920789))

table 8 : explain SELECT c FROM sbtest8 WHERE id BETWEEN 8944330 AND 8945329
	Bitmap Heap Scan on sbtest8  (cost=21.36..3374.17 rows=871 width=121)
	  Recheck Cond: ((id >= 8944330) AND (id <= 8945329))
	  ->  Bitmap Index Scan on sbtest8_pkey  (cost=0.00..21.14 rows=871 width=0)
	        Index Cond: ((id >= 8944330) AND (id <= 8945329))

for: distinct_ranges
table 1 : explain SELECT DISTINCT c FROM sbtest1 WHERE id BETWEEN 5085986 AND 5086985 ORDER BY c
	Unique  (cost=3849.32..3854.24 rows=984 width=121)
	  ->  Sort  (cost=3849.32..3851.78 rows=984 width=121)
	        Sort Key: c
	        ->  Bitmap Heap Scan on sbtest1  (cost=22.52..3800.41 rows=984 width=121)
	              Recheck Cond: ((id >= 5085986) AND (id <= 5086985))
	              ->  Bitmap Index Scan on sbtest1_pkey  (cost=0.00..22.27 rows=984 width=0)
	                    Index Cond: ((id >= 5085986) AND (id <= 5086985))

table 2 : explain SELECT DISTINCT c FROM sbtest2 WHERE id BETWEEN 1642849 AND 1643848 ORDER BY c
	Unique  (cost=3815.79..3820.67 rows=975 width=121)
	  ->  Sort  (cost=3815.79..3818.23 rows=975 width=121)
	        Sort Key: c
	        ->  Bitmap Heap Scan on sbtest2  (cost=22.43..3767.39 rows=975 width=121)
	              Recheck Cond: ((id >= 1642849) AND (id <= 1643848))
	              ->  Bitmap Index Scan on sbtest2_pkey  (cost=0.00..22.18 rows=975 width=0)
	                    Index Cond: ((id >= 1642849) AND (id <= 1643848))

table 3 : explain SELECT DISTINCT c FROM sbtest3 WHERE id BETWEEN 4560726 AND 4561725 ORDER BY c
	Unique  (cost=4054.78..4059.97 rows=1038 width=121)
	  ->  Sort  (cost=4054.78..4057.38 rows=1038 width=121)
	        Sort Key: c
	        ->  Bitmap Heap Scan on sbtest3  (cost=23.07..4002.78 rows=1038 width=121)
	              Recheck Cond: ((id >= 4560726) AND (id <= 4561725))
	              ->  Bitmap Index Scan on sbtest3_pkey  (cost=0.00..22.82 rows=1038 width=0)
	                    Index Cond: ((id >= 4560726) AND (id <= 4561725))

table 4 : explain SELECT DISTINCT c FROM sbtest4 WHERE id BETWEEN 8212643 AND 8213642 ORDER BY c
	Unique  (cost=3692.37..3697.09 rows=943 width=121)
	  ->  Sort  (cost=3692.37..3694.73 rows=943 width=121)
	        Sort Key: c
	        ->  Bitmap Heap Scan on sbtest4  (cost=22.10..3645.78 rows=943 width=121)
	              Recheck Cond: ((id >= 8212643) AND (id <= 8213642))
	              ->  Bitmap Index Scan on sbtest4_pkey  (cost=0.00..21.86 rows=943 width=0)
	                    Index Cond: ((id >= 8212643) AND (id <= 8213642))

table 5 : explain SELECT DISTINCT c FROM sbtest5 WHERE id BETWEEN 7474093 AND 7475092 ORDER BY c
	Unique  (cost=3524.58..3529.07 rows=899 width=121)
	  ->  Sort  (cost=3524.58..3526.83 rows=899 width=121)
	        Sort Key: c
	        ->  Bitmap Heap Scan on sbtest5  (cost=21.65..3480.47 rows=899 width=121)
	              Recheck Cond: ((id >= 7474093) AND (id <= 7475092))
	              ->  Bitmap Index Scan on sbtest5_pkey  (cost=0.00..21.43 rows=899 width=0)
	                    Index Cond: ((id >= 7474093) AND (id <= 7475092))

table 6 : explain SELECT DISTINCT c FROM sbtest6 WHERE id BETWEEN 6148559 AND 6149558 ORDER BY c
	Unique  (cost=3493.25..3497.71 rows=891 width=121)
	  ->  Sort  (cost=3493.25..3495.48 rows=891 width=121)
	        Sort Key: c
	        ->  Bitmap Heap Scan on sbtest6  (cost=21.57..3449.60 rows=891 width=121)
	              Recheck Cond: ((id >= 6148559) AND (id <= 6149558))
	              ->  Bitmap Index Scan on sbtest6_pkey  (cost=0.00..21.34 rows=891 width=0)
	                    Index Cond: ((id >= 6148559) AND (id <= 6149558))

table 7 : explain SELECT DISTINCT c FROM sbtest7 WHERE id BETWEEN 7850545 AND 7851544 ORDER BY c
	Unique  (cost=3654.24..3658.90 rows=933 width=121)
	  ->  Sort  (cost=3654.24..3656.57 rows=933 width=121)
	        Sort Key: c
	        ->  Bitmap Heap Scan on sbtest7  (cost=22.00..3608.22 rows=933 width=121)
	              Recheck Cond: ((id >= 7850545) AND (id <= 7851544))
	              ->  Bitmap Index Scan on sbtest7_pkey  (cost=0.00..21.76 rows=933 width=0)
	                    Index Cond: ((id >= 7850545) AND (id <= 7851544))

table 8 : explain SELECT DISTINCT c FROM sbtest8 WHERE id BETWEEN 2084242 AND 2085241 ORDER BY c
	Unique  (cost=4159.18..4164.51 rows=1065 width=121)
	  ->  Sort  (cost=4159.18..4161.85 rows=1065 width=121)
	        Sort Key: c
	        ->  Bitmap Heap Scan on sbtest8  (cost=23.35..4105.63 rows=1065 width=121)
	              Recheck Cond: ((id >= 2084242) AND (id <= 2085241))
	              ->  Bitmap Index Scan on sbtest8_pkey  (cost=0.00..23.08 rows=1065 width=0)
	                    Index Cond: ((id >= 2084242) AND (id <= 2085241))

for: simple_ranges
table 1 : explain SELECT c FROM sbtest1 WHERE id BETWEEN 5624776 AND 5625775
	Bitmap Heap Scan on sbtest1  (cost=23.25..4067.58 rows=1055 width=121)
	  Recheck Cond: ((id >= 5624776) AND (id <= 5625775))
	  ->  Bitmap Index Scan on sbtest1_pkey  (cost=0.00..22.98 rows=1055 width=0)
	        Index Cond: ((id >= 5624776) AND (id <= 5625775))

table 2 : explain SELECT c FROM sbtest2 WHERE id BETWEEN 4367958 AND 4368957
	Bitmap Heap Scan on sbtest2  (cost=21.96..3593.82 rows=929 width=121)
	  Recheck Cond: ((id >= 4367958) AND (id <= 4368957))
	  ->  Bitmap Index Scan on sbtest2_pkey  (cost=0.00..21.72 rows=929 width=0)
	        Index Cond: ((id >= 4367958) AND (id <= 4368957))

table 3 : explain SELECT c FROM sbtest3 WHERE id BETWEEN 3920943 AND 3921942
	Bitmap Heap Scan on sbtest3  (cost=22.54..3807.12 rows=986 width=121)
	  Recheck Cond: ((id >= 3920943) AND (id <= 3921942))
	  ->  Bitmap Index Scan on sbtest3_pkey  (cost=0.00..22.29 rows=986 width=0)
	        Index Cond: ((id >= 3920943) AND (id <= 3921942))

table 4 : explain SELECT c FROM sbtest4 WHERE id BETWEEN 4671107 AND 4672106
	Bitmap Heap Scan on sbtest4  (cost=21.54..3438.07 rows=888 width=121)
	  Recheck Cond: ((id >= 4671107) AND (id <= 4672106))
	  ->  Bitmap Index Scan on sbtest4_pkey  (cost=0.00..21.32 rows=888 width=0)
	        Index Cond: ((id >= 4671107) AND (id <= 4672106))

table 5 : explain SELECT c FROM sbtest5 WHERE id BETWEEN 8787547 AND 8788546
	Bitmap Heap Scan on sbtest5  (cost=21.77..3525.83 rows=911 width=121)
	  Recheck Cond: ((id >= 8787547) AND (id <= 8788546))
	  ->  Bitmap Index Scan on sbtest5_pkey  (cost=0.00..21.54 rows=911 width=0)
	        Index Cond: ((id >= 8787547) AND (id <= 8788546))

table 6 : explain SELECT c FROM sbtest6 WHERE id BETWEEN 5603518 AND 5604517
	Bitmap Heap Scan on sbtest6  (cost=23.30..4086.56 rows=1060 width=121)
	  Recheck Cond: ((id >= 5603518) AND (id <= 5604517))
	  ->  Bitmap Index Scan on sbtest6_pkey  (cost=0.00..23.04 rows=1060 width=0)
	        Index Cond: ((id >= 5603518) AND (id <= 5604517))

table 7 : explain SELECT c FROM sbtest7 WHERE id BETWEEN 9819502 AND 9820501
	Bitmap Heap Scan on sbtest7  (cost=21.74..3513.81 rows=908 width=121)
	  Recheck Cond: ((id >= 9819502) AND (id <= 9820501))
	  ->  Bitmap Index Scan on sbtest7_pkey  (cost=0.00..21.51 rows=908 width=0)
	        Index Cond: ((id >= 9819502) AND (id <= 9820501))

table 8 : explain SELECT c FROM sbtest8 WHERE id BETWEEN 302541 AND 303540
	Bitmap Heap Scan on sbtest8  (cost=22.40..3755.60 rows=972 width=121)
	  Recheck Cond: ((id >= 302541) AND (id <= 303540))
	  ->  Bitmap Index Scan on sbtest8_pkey  (cost=0.00..22.15 rows=972 width=0)
	        Index Cond: ((id >= 302541) AND (id <= 303540))

for: simple_ranges
table 1 : explain SELECT c FROM sbtest1 WHERE id BETWEEN 5956988 AND 5957987
	Bitmap Heap Scan on sbtest1  (cost=22.09..3642.05 rows=942 width=121)
	  Recheck Cond: ((id >= 5956988) AND (id <= 5957987))
	  ->  Bitmap Index Scan on sbtest1_pkey  (cost=0.00..21.86 rows=942 width=0)
	        Index Cond: ((id >= 5956988) AND (id <= 5957987))

table 2 : explain SELECT c FROM sbtest2 WHERE id BETWEEN 784030 AND 785029
	Bitmap Heap Scan on sbtest2  (cost=27.44..4144.00 rows=1074 width=121)
	  Recheck Cond: ((id >= 784030) AND (id <= 785029))
	  ->  Bitmap Index Scan on sbtest2_pkey  (cost=0.00..27.18 rows=1074 width=0)
	        Index Cond: ((id >= 784030) AND (id <= 785029))

table 3 : explain SELECT c FROM sbtest3 WHERE id BETWEEN 5548088 AND 5549087
	Bitmap Heap Scan on sbtest3  (cost=22.17..3671.46 rows=950 width=121)
	  Recheck Cond: ((id >= 5548088) AND (id <= 5549087))
	  ->  Bitmap Index Scan on sbtest3_pkey  (cost=0.00..21.93 rows=950 width=0)
	        Index Cond: ((id >= 5548088) AND (id <= 5549087))

table 4 : explain SELECT c FROM sbtest4 WHERE id BETWEEN 8807705 AND 8808704
	Bitmap Heap Scan on sbtest4  (cost=21.81..3540.09 rows=915 width=121)
	  Recheck Cond: ((id >= 8807705) AND (id <= 8808704))
	  ->  Bitmap Index Scan on sbtest4_pkey  (cost=0.00..21.58 rows=915 width=0)
	        Index Cond: ((id >= 8807705) AND (id <= 8808704))

table 5 : explain SELECT c FROM sbtest5 WHERE id BETWEEN 3204532 AND 3205531
	Bitmap Heap Scan on sbtest5  (cost=28.04..4358.00 rows=1132 width=121)
	  Recheck Cond: ((id >= 3204532) AND (id <= 3205531))
	  ->  Bitmap Index Scan on sbtest5_pkey  (cost=0.00..27.75 rows=1132 width=0)
	        Index Cond: ((id >= 3204532) AND (id <= 3205531))

table 6 : explain SELECT c FROM sbtest6 WHERE id BETWEEN 6772633 AND 6773632
	Bitmap Heap Scan on sbtest6  (cost=28.17..4405.83 rows=1145 width=121)
	  Recheck Cond: ((id >= 6772633) AND (id <= 6773632))
	  ->  Bitmap Index Scan on sbtest6_pkey  (cost=0.00..27.89 rows=1145 width=0)
	        Index Cond: ((id >= 6772633) AND (id <= 6773632))

table 7 : explain SELECT c FROM sbtest7 WHERE id BETWEEN 1589794 AND 1590793
	Bitmap Heap Scan on sbtest7  (cost=23.24..4063.97 rows=1054 width=121)
	  Recheck Cond: ((id >= 1589794) AND (id <= 1590793))
	  ->  Bitmap Index Scan on sbtest7_pkey  (cost=0.00..22.97 rows=1054 width=0)
	        Index Cond: ((id >= 1589794) AND (id <= 1590793))

table 8 : explain SELECT c FROM sbtest8 WHERE id BETWEEN 1882633 AND 1883632
	Bitmap Heap Scan on sbtest8  (cost=22.41..3759.37 rows=973 width=121)
	  Recheck Cond: ((id >= 1882633) AND (id <= 1883632))
	  ->  Bitmap Index Scan on sbtest8_pkey  (cost=0.00..22.16 rows=973 width=0)
	        Index Cond: ((id >= 1882633) AND (id <= 1883632))

for: simple_ranges
table 1 : explain SELECT c FROM sbtest1 WHERE id BETWEEN 9700330 AND 9701329
	Bitmap Heap Scan on sbtest1  (cost=21.30..3351.12 rows=865 width=121)
	  Recheck Cond: ((id >= 9700330) AND (id <= 9701329))
	  ->  Bitmap Index Scan on sbtest1_pkey  (cost=0.00..21.08 rows=865 width=0)
	        Index Cond: ((id >= 9700330) AND (id <= 9701329))

table 2 : explain SELECT c FROM sbtest2 WHERE id BETWEEN 2124037 AND 2125036
	Bitmap Heap Scan on sbtest2  (cost=22.93..3951.97 rows=1024 width=121)
	  Recheck Cond: ((id >= 2124037) AND (id <= 2125036))
	  ->  Bitmap Index Scan on sbtest2_pkey  (cost=0.00..22.68 rows=1024 width=0)
	        Index Cond: ((id >= 2124037) AND (id <= 2125036))

table 3 : explain SELECT c FROM sbtest3 WHERE id BETWEEN 1486942 AND 1487941
	Bitmap Heap Scan on sbtest3  (cost=23.52..4164.31 rows=1081 width=121)
	  Recheck Cond: ((id >= 1486942) AND (id <= 1487941))
	  ->  Bitmap Index Scan on sbtest3_pkey  (cost=0.00..23.25 rows=1081 width=0)
	        Index Cond: ((id >= 1486942) AND (id <= 1487941))

table 4 : explain SELECT c FROM sbtest4 WHERE id BETWEEN 6704238 AND 6705237
	Bitmap Heap Scan on sbtest4  (cost=22.17..3672.19 rows=950 width=121)
	  Recheck Cond: ((id >= 6704238) AND (id <= 6705237))
	  ->  Bitmap Index Scan on sbtest4_pkey  (cost=0.00..21.93 rows=950 width=0)
	        Index Cond: ((id >= 6704238) AND (id <= 6705237))

table 5 : explain SELECT c FROM sbtest5 WHERE id BETWEEN 1261186 AND 1262185
	Bitmap Heap Scan on sbtest5  (cost=27.26..4076.34 rows=1056 width=121)
	  Recheck Cond: ((id >= 1261186) AND (id <= 1262185))
	  ->  Bitmap Index Scan on sbtest5_pkey  (cost=0.00..27.00 rows=1056 width=0)
	        Index Cond: ((id >= 1261186) AND (id <= 1262185))

table 6 : explain SELECT c FROM sbtest6 WHERE id BETWEEN 1105304 AND 1106303
	Bitmap Heap Scan on sbtest6  (cost=23.00..3977.53 rows=1031 width=121)
	  Recheck Cond: ((id >= 1105304) AND (id <= 1106303))
	  ->  Bitmap Index Scan on sbtest6_pkey  (cost=0.00..22.75 rows=1031 width=0)
	        Index Cond: ((id >= 1105304) AND (id <= 1106303))

table 7 : explain SELECT c FROM sbtest7 WHERE id BETWEEN 7597418 AND 7598417
	Bitmap Heap Scan on sbtest7  (cost=22.16..3668.59 rows=949 width=121)
	  Recheck Cond: ((id >= 7597418) AND (id <= 7598417))
	  ->  Bitmap Index Scan on sbtest7_pkey  (cost=0.00..21.93 rows=949 width=0)
	        Index Cond: ((id >= 7597418) AND (id <= 7598417))

table 8 : explain SELECT c FROM sbtest8 WHERE id BETWEEN 9212225 AND 9213224
	Bitmap Heap Scan on sbtest8  (cost=22.65..3849.81 rows=997 width=121)
	  Recheck Cond: ((id >= 9212225) AND (id <= 9213224))
	  ->  Bitmap Index Scan on sbtest8_pkey  (cost=0.00..22.40 rows=997 width=0)
	        Index Cond: ((id >= 9212225) AND (id <= 9213224))

for: sum_ranges
table 1 : explain SELECT SUM(k) FROM sbtest1 WHERE id BETWEEN 733311 AND 734310
	Aggregate  (cost=3923.44..3923.45 rows=1 width=8)
	  ->  Bitmap Heap Scan on sbtest1  (cost=22.85..3920.90 rows=1016 width=4)
	        Recheck Cond: ((id >= 733311) AND (id <= 734310))
	        ->  Bitmap Index Scan on sbtest1_pkey  (cost=0.00..22.59 rows=1016 width=0)
	              Index Cond: ((id >= 733311) AND (id <= 734310))

table 2 : explain SELECT SUM(k) FROM sbtest2 WHERE id BETWEEN 9618817 AND 9619816
	Aggregate  (cost=3433.54..3433.55 rows=1 width=8)
	  ->  Bitmap Heap Scan on sbtest2  (cost=21.52..3431.32 rows=886 width=4)
	        Recheck Cond: ((id >= 9618817) AND (id <= 9619816))
	        ->  Bitmap Index Scan on sbtest2_pkey  (cost=0.00..21.29 rows=886 width=0)
	              Index Cond: ((id >= 9618817) AND (id <= 9619816))

table 3 : explain SELECT SUM(k) FROM sbtest3 WHERE id BETWEEN 4898840 AND 4899839
	Aggregate  (cost=3986.57..3986.58 rows=1 width=8)
	  ->  Bitmap Heap Scan on sbtest3  (cost=23.02..3983.98 rows=1033 width=4)
	        Recheck Cond: ((id >= 4898840) AND (id <= 4899839))
	        ->  Bitmap Index Scan on sbtest3_pkey  (cost=0.00..22.76 rows=1033 width=0)
	              Index Cond: ((id >= 4898840) AND (id <= 4899839))

table 4 : explain SELECT SUM(k) FROM sbtest4 WHERE id BETWEEN 5913193 AND 5914192
	Aggregate  (cost=3870.66..3870.67 rows=1 width=8)
	  ->  Bitmap Heap Scan on sbtest4  (cost=22.71..3868.15 rows=1002 width=4)
	        Recheck Cond: ((id >= 5913193) AND (id <= 5914192))
	        ->  Bitmap Index Scan on sbtest4_pkey  (cost=0.00..22.45 rows=1002 width=0)
	              Index Cond: ((id >= 5913193) AND (id <= 5914192))

table 5 : explain SELECT SUM(k) FROM sbtest5 WHERE id BETWEEN 2890883 AND 2891882
	Aggregate  (cost=3735.86..3735.87 rows=1 width=8)
	  ->  Bitmap Heap Scan on sbtest5  (cost=22.34..3733.45 rows=966 width=4)
	        Recheck Cond: ((id >= 2890883) AND (id <= 2891882))
	        ->  Bitmap Index Scan on sbtest5_pkey  (cost=0.00..22.09 rows=966 width=0)
	              Index Cond: ((id >= 2890883) AND (id <= 2891882))

table 6 : explain SELECT SUM(k) FROM sbtest6 WHERE id BETWEEN 6425592 AND 6426591
	Aggregate  (cost=3934.92..3934.93 rows=1 width=8)
	  ->  Bitmap Heap Scan on sbtest6  (cost=22.88..3932.38 rows=1019 width=4)
	        Recheck Cond: ((id >= 6425592) AND (id <= 6426591))
	        ->  Bitmap Index Scan on sbtest6_pkey  (cost=0.00..22.62 rows=1019 width=0)
	              Index Cond: ((id >= 6425592) AND (id <= 6426591))

table 7 : explain SELECT SUM(k) FROM sbtest7 WHERE id BETWEEN 5972672 AND 5973671
	Aggregate  (cost=3848.24..3848.25 rows=1 width=8)
	  ->  Bitmap Heap Scan on sbtest7  (cost=22.64..3845.75 rows=996 width=4)
	        Recheck Cond: ((id >= 5972672) AND (id <= 5973671))
	        ->  Bitmap Index Scan on sbtest7_pkey  (cost=0.00..22.39 rows=996 width=0)
	              Index Cond: ((id >= 5972672) AND (id <= 5973671))

table 8 : explain SELECT SUM(k) FROM sbtest8 WHERE id BETWEEN 3808365 AND 3809364
	Aggregate  (cost=3708.98..3708.99 rows=1 width=8)
	  ->  Bitmap Heap Scan on sbtest8  (cost=22.26..3706.58 rows=959 width=4)
	        Recheck Cond: ((id >= 3808365) AND (id <= 3809364))
	        ->  Bitmap Index Scan on sbtest8_pkey  (cost=0.00..22.02 rows=959 width=0)
	              Index Cond: ((id >= 3808365) AND (id <= 3809364))

for: order_ranges
table 1 : explain SELECT c FROM sbtest1 WHERE id BETWEEN 6221434 AND 6222433 ORDER BY c
	Sort  (cost=3856.97..3859.44 rows=986 width=121)
	  Sort Key: c
	  ->  Bitmap Heap Scan on sbtest1  (cost=22.54..3807.94 rows=986 width=121)
	        Recheck Cond: ((id >= 6221434) AND (id <= 6222433))
	        ->  Bitmap Index Scan on sbtest1_pkey  (cost=0.00..22.29 rows=986 width=0)
	              Index Cond: ((id >= 6221434) AND (id <= 6222433))

table 2 : explain SELECT c FROM sbtest2 WHERE id BETWEEN 2614886 AND 2615885 ORDER BY c
	Sort  (cost=3942.02..3944.54 rows=1008 width=121)
	  Sort Key: c
	  ->  Bitmap Heap Scan on sbtest2  (cost=22.77..3891.73 rows=1008 width=121)
	        Recheck Cond: ((id >= 2614886) AND (id <= 2615885))
	        ->  Bitmap Index Scan on sbtest2_pkey  (cost=0.00..22.51 rows=1008 width=0)
	              Index Cond: ((id >= 2614886) AND (id <= 2615885))

table 3 : explain SELECT c FROM sbtest3 WHERE id BETWEEN 3153473 AND 3154472 ORDER BY c
	Sort  (cost=3829.39..3831.84 rows=979 width=121)
	  Sort Key: c
	  ->  Bitmap Heap Scan on sbtest3  (cost=22.47..3780.76 rows=979 width=121)
	        Recheck Cond: ((id >= 3153473) AND (id <= 3154472))
	        ->  Bitmap Index Scan on sbtest3_pkey  (cost=0.00..22.22 rows=979 width=0)
	              Index Cond: ((id >= 3153473) AND (id <= 3154472))

table 4 : explain SELECT c FROM sbtest4 WHERE id BETWEEN 4134653 AND 4135652 ORDER BY c
	Sort  (cost=4242.55..4245.26 rows=1087 width=121)
	  Sort Key: c
	  ->  Bitmap Heap Scan on sbtest4  (cost=23.58..4187.73 rows=1087 width=121)
	        Recheck Cond: ((id >= 4134653) AND (id <= 4135652))
	        ->  Bitmap Index Scan on sbtest4_pkey  (cost=0.00..23.30 rows=1087 width=0)
	              Index Cond: ((id >= 4134653) AND (id <= 4135652))

table 5 : explain SELECT c FROM sbtest5 WHERE id BETWEEN 7853860 AND 7854859 ORDER BY c
	Sort  (cost=4133.19..4135.84 rows=1057 width=121)
	  Sort Key: c
	  ->  Bitmap Heap Scan on sbtest5  (cost=27.27..4080.10 rows=1057 width=121)
	        Recheck Cond: ((id >= 7853860) AND (id <= 7854859))
	        ->  Bitmap Index Scan on sbtest5_pkey  (cost=0.00..27.00 rows=1057 width=0)
	              Index Cond: ((id >= 7853860) AND (id <= 7854859))

table 6 : explain SELECT c FROM sbtest6 WHERE id BETWEEN 7754723 AND 7755722 ORDER BY c
	Sort  (cost=4139.83..4142.48 rows=1060 width=121)
	  Sort Key: c
	  ->  Bitmap Heap Scan on sbtest6  (cost=23.30..4086.56 rows=1060 width=121)
	        Recheck Cond: ((id >= 7754723) AND (id <= 7755722))
	        ->  Bitmap Index Scan on sbtest6_pkey  (cost=0.00..23.04 rows=1060 width=0)
	              Index Cond: ((id >= 7754723) AND (id <= 7755722))

table 7 : explain SELECT c FROM sbtest7 WHERE id BETWEEN 9185731 AND 9186730 ORDER BY c
	Sort  (cost=4139.78..4142.43 rows=1060 width=121)
	  Sort Key: c
	  ->  Bitmap Heap Scan on sbtest7  (cost=23.30..4086.52 rows=1060 width=121)
	        Recheck Cond: ((id >= 9185731) AND (id <= 9186730))
	        ->  Bitmap Index Scan on sbtest7_pkey  (cost=0.00..23.04 rows=1060 width=0)
	              Index Cond: ((id >= 9185731) AND (id <= 9186730))

table 8 : explain SELECT c FROM sbtest8 WHERE id BETWEEN 2894036 AND 2895035 ORDER BY c
	Sort  (cost=3838.27..3840.72 rows=981 width=121)
	  Sort Key: c
	  ->  Bitmap Heap Scan on sbtest8  (cost=22.49..3789.52 rows=981 width=121)
	        Recheck Cond: ((id >= 2894036) AND (id <= 2895035))
	        ->  Bitmap Index Scan on sbtest8_pkey  (cost=0.00..22.25 rows=981 width=0)
	              Index Cond: ((id >= 2894036) AND (id <= 2895035))

for: order_ranges
table 1 : explain SELECT c FROM sbtest1 WHERE id BETWEEN 7920617 AND 7921616 ORDER BY c
	Sort  (cost=3967.82..3970.36 rows=1015 width=121)
	  Sort Key: c
	  ->  Bitmap Heap Scan on sbtest1  (cost=22.84..3917.14 rows=1015 width=121)
	        Recheck Cond: ((id >= 7920617) AND (id <= 7921616))
	        ->  Bitmap Index Scan on sbtest1_pkey  (cost=0.00..22.58 rows=1015 width=0)
	              Index Cond: ((id >= 7920617) AND (id <= 7921616))

table 2 : explain SELECT c FROM sbtest2 WHERE id BETWEEN 2349591 AND 2350590 ORDER BY c
	Sort  (cost=4171.36..4174.03 rows=1067 width=121)
	  Sort Key: c
	  ->  Bitmap Heap Scan on sbtest2  (cost=27.37..4117.69 rows=1067 width=121)
	        Recheck Cond: ((id >= 2349591) AND (id <= 2350590))
	        ->  Bitmap Index Scan on sbtest2_pkey  (cost=0.00..27.11 rows=1067 width=0)
	              Index Cond: ((id >= 2349591) AND (id <= 2350590))

table 3 : explain SELECT c FROM sbtest3 WHERE id BETWEEN 3921894 AND 3922893 ORDER BY c
	Sort  (cost=3856.15..3858.62 rows=986 width=121)
	  Sort Key: c
	  ->  Bitmap Heap Scan on sbtest3  (cost=22.54..3807.12 rows=986 width=121)
	        Recheck Cond: ((id >= 3921894) AND (id <= 3922893))
	        ->  Bitmap Index Scan on sbtest3_pkey  (cost=0.00..22.29 rows=986 width=0)
	              Index Cond: ((id >= 3921894) AND (id <= 3922893))

table 4 : explain SELECT c FROM sbtest4 WHERE id BETWEEN 1934104 AND 1935103 ORDER BY c
	Sort  (cost=3952.49..3955.02 rows=1011 width=121)
	  Sort Key: c
	  ->  Bitmap Heap Scan on sbtest4  (cost=22.80..3902.04 rows=1011 width=121)
	        Recheck Cond: ((id >= 1934104) AND (id <= 1935103))
	        ->  Bitmap Index Scan on sbtest4_pkey  (cost=0.00..22.54 rows=1011 width=0)
	              Index Cond: ((id >= 1934104) AND (id <= 1935103))

table 5 : explain SELECT c FROM sbtest5 WHERE id BETWEEN 7214787 AND 7215786 ORDER BY c
	Sort  (cost=3903.95..3906.45 rows=997 width=121)
	  Sort Key: c
	  ->  Bitmap Heap Scan on sbtest5  (cost=26.65..3854.30 rows=997 width=121)
	        Recheck Cond: ((id >= 7214787) AND (id <= 7215786))
	        ->  Bitmap Index Scan on sbtest5_pkey  (cost=0.00..26.40 rows=997 width=0)
	              Index Cond: ((id >= 7214787) AND (id <= 7215786))

table 6 : explain SELECT c FROM sbtest6 WHERE id BETWEEN 6289349 AND 6290348 ORDER BY c
	Sort  (cost=3838.02..3840.48 rows=981 width=121)
	  Sort Key: c
	  ->  Bitmap Heap Scan on sbtest6  (cost=22.49..3789.28 rows=981 width=121)
	        Recheck Cond: ((id >= 6289349) AND (id <= 6290348))
	        ->  Bitmap Index Scan on sbtest6_pkey  (cost=0.00..22.25 rows=981 width=0)
	              Index Cond: ((id >= 6289349) AND (id <= 6290348))

table 7 : explain SELECT c FROM sbtest7 WHERE id BETWEEN 6221144 AND 6222143 ORDER BY c
	Sort  (cost=3765.29..3767.69 rows=962 width=121)
	  Sort Key: c
	  ->  Bitmap Heap Scan on sbtest7  (cost=22.30..3717.62 rows=962 width=121)
	        Recheck Cond: ((id >= 6221144) AND (id <= 6222143))
	        ->  Bitmap Index Scan on sbtest7_pkey  (cost=0.00..22.05 rows=962 width=0)
	              Index Cond: ((id >= 6221144) AND (id <= 6222143))

table 8 : explain SELECT c FROM sbtest8 WHERE id BETWEEN 9227140 AND 9228139 ORDER BY c
	Sort  (cost=3899.46..3901.96 rows=997 width=121)
	  Sort Key: c
	  ->  Bitmap Heap Scan on sbtest8  (cost=22.65..3849.81 rows=997 width=121)
	        Recheck Cond: ((id >= 9227140) AND (id <= 9228139))
	        ->  Bitmap Index Scan on sbtest8_pkey  (cost=0.00..22.40 rows=997 width=0)
	              Index Cond: ((id >= 9227140) AND (id <= 9228139))

explain: for point_selects :: explain SELECT c FROM sbtest%u WHERE id=%u
explain: for point_selects :: explain SELECT c FROM sbtest%u WHERE id=%u
for: sum_ranges
table 1 : explain SELECT SUM(k) FROM sbtest1 WHERE id BETWEEN 6770415 AND 6771414
	Aggregate  (cost=3829.25..3829.26 rows=1 width=8)
	  ->  Bitmap Heap Scan on sbtest1  (cost=22.59..3826.78 rows=991 width=4)
	        Recheck Cond: ((id >= 6770415) AND (id <= 6771414))
	        ->  Bitmap Index Scan on sbtest1_pkey  (cost=0.00..22.34 rows=991 width=0)
	              Index Cond: ((id >= 6770415) AND (id <= 6771414))

table 2 : explain SELECT SUM(k) FROM sbtest2 WHERE id BETWEEN 3899015 AND 3900014
	Aggregate  (cost=3947.00..3947.01 rows=1 width=8)
	  ->  Bitmap Heap Scan on sbtest2  (cost=22.91..3944.44 rows=1022 width=4)
	        Recheck Cond: ((id >= 3899015) AND (id <= 3900014))
	        ->  Bitmap Index Scan on sbtest2_pkey  (cost=0.00..22.65 rows=1022 width=0)
	              Index Cond: ((id >= 3899015) AND (id <= 3900014))

table 3 : explain SELECT SUM(k) FROM sbtest3 WHERE id BETWEEN 8852616 AND 8853615
	Aggregate  (cost=3756.82..3756.83 rows=1 width=8)
	  ->  Bitmap Heap Scan on sbtest3  (cost=22.40..3754.39 rows=972 width=4)
	        Recheck Cond: ((id >= 8852616) AND (id <= 8853615))
	        ->  Bitmap Index Scan on sbtest3_pkey  (cost=0.00..22.15 rows=972 width=0)
	              Index Cond: ((id >= 8852616) AND (id <= 8853615))

table 4 : explain SELECT SUM(k) FROM sbtest4 WHERE id BETWEEN 3853843 AND 3854842
	Aggregate  (cost=3655.69..3655.70 rows=1 width=8)
	  ->  Bitmap Heap Scan on sbtest4  (cost=22.12..3653.33 rows=945 width=4)
	        Recheck Cond: ((id >= 3853843) AND (id <= 3854842))
	        ->  Bitmap Index Scan on sbtest4_pkey  (cost=0.00..21.89 rows=945 width=0)
	              Index Cond: ((id >= 3853843) AND (id <= 3854842))

table 5 : explain SELECT SUM(k) FROM sbtest5 WHERE id BETWEEN 3998474 AND 3999473
	Aggregate  (cost=3728.32..3728.33 rows=1 width=8)
	  ->  Bitmap Heap Scan on sbtest5  (cost=22.32..3725.91 rows=964 width=4)
	        Recheck Cond: ((id >= 3998474) AND (id <= 3999473))
	        ->  Bitmap Index Scan on sbtest5_pkey  (cost=0.00..22.07 rows=964 width=0)
	              Index Cond: ((id >= 3998474) AND (id <= 3999473))

table 6 : explain SELECT SUM(k) FROM sbtest6 WHERE id BETWEEN 2745947 AND 2746946
	Aggregate  (cost=3810.58..3810.59 rows=1 width=8)
	  ->  Bitmap Heap Scan on sbtest6  (cost=22.54..3808.12 rows=986 width=4)
	        Recheck Cond: ((id >= 2745947) AND (id <= 2746946))
	        ->  Bitmap Index Scan on sbtest6_pkey  (cost=0.00..22.29 rows=986 width=0)
	              Index Cond: ((id >= 2745947) AND (id <= 2746946))

table 7 : explain SELECT SUM(k) FROM sbtest7 WHERE id BETWEEN 4576843 AND 4577842
	Aggregate  (cost=3625.66..3625.67 rows=1 width=8)
	  ->  Bitmap Heap Scan on sbtest7  (cost=22.04..3623.31 rows=937 width=4)
	        Recheck Cond: ((id >= 4576843) AND (id <= 4577842))
	        ->  Bitmap Index Scan on sbtest7_pkey  (cost=0.00..21.80 rows=937 width=0)
	              Index Cond: ((id >= 4576843) AND (id <= 4577842))

table 8 : explain SELECT SUM(k) FROM sbtest8 WHERE id BETWEEN 6826955 AND 6827954
	Aggregate  (cost=4048.11..4048.12 rows=1 width=8)
	  ->  Bitmap Heap Scan on sbtest8  (cost=23.19..4045.49 rows=1049 width=4)
	        Recheck Cond: ((id >= 6826955) AND (id <= 6827954))
	        ->  Bitmap Index Scan on sbtest8_pkey  (cost=0.00..22.93 rows=1049 width=0)
	              Index Cond: ((id >= 6826955) AND (id <= 6827954))

explain: for point_selects :: explain SELECT c FROM sbtest%u WHERE id=%u
for: sum_ranges
table 1 : explain SELECT SUM(k) FROM sbtest1 WHERE id BETWEEN 1478485 AND 1479484
	Aggregate  (cost=3840.56..3840.57 rows=1 width=8)
	  ->  Bitmap Heap Scan on sbtest1  (cost=22.62..3838.08 rows=994 width=4)
	        Recheck Cond: ((id >= 1478485) AND (id <= 1479484))
	        ->  Bitmap Index Scan on sbtest1_pkey  (cost=0.00..22.37 rows=994 width=0)
	              Index Cond: ((id >= 1478485) AND (id <= 1479484))

table 2 : explain SELECT SUM(k) FROM sbtest2 WHERE id BETWEEN 4461100 AND 4462099
	Aggregate  (cost=4199.31..4199.32 rows=1 width=8)
	  ->  Bitmap Heap Scan on sbtest2  (cost=27.59..4196.59 rows=1088 width=4)
	        Recheck Cond: ((id >= 4461100) AND (id <= 4462099))
	        ->  Bitmap Index Scan on sbtest2_pkey  (cost=0.00..27.32 rows=1088 width=0)
	              Index Cond: ((id >= 4461100) AND (id <= 4462099))

table 3 : explain SELECT SUM(k) FROM sbtest3 WHERE id BETWEEN 9767296 AND 9768295
	Aggregate  (cost=3997.85..3997.86 rows=1 width=8)
	  ->  Bitmap Heap Scan on sbtest3  (cost=23.05..3995.26 rows=1036 width=4)
	        Recheck Cond: ((id >= 9767296) AND (id <= 9768295))
	        ->  Bitmap Index Scan on sbtest3_pkey  (cost=0.00..22.79 rows=1036 width=0)
	              Index Cond: ((id >= 9767296) AND (id <= 9768295))

table 4 : explain SELECT SUM(k) FROM sbtest4 WHERE id BETWEEN 2974121 AND 2975120
	Aggregate  (cost=3795.28..3795.29 rows=1 width=8)
	  ->  Bitmap Heap Scan on sbtest4  (cost=22.50..3792.83 rows=982 width=4)
	        Recheck Cond: ((id >= 2974121) AND (id <= 2975120))
	        ->  Bitmap Index Scan on sbtest4_pkey  (cost=0.00..22.25 rows=982 width=0)
	              Index Cond: ((id >= 2974121) AND (id <= 2975120))

table 5 : explain SELECT SUM(k) FROM sbtest5 WHERE id BETWEEN 2259985 AND 2260984
	Aggregate  (cost=4124.12..4124.13 rows=1 width=8)
	  ->  Bitmap Heap Scan on sbtest5  (cost=27.38..4121.45 rows=1068 width=4)
	        Recheck Cond: ((id >= 2259985) AND (id <= 2260984))
	        ->  Bitmap Index Scan on sbtest5_pkey  (cost=0.00..27.11 rows=1068 width=0)
	              Index Cond: ((id >= 2259985) AND (id <= 2260984))

table 6 : explain SELECT SUM(k) FROM sbtest6 WHERE id BETWEEN 2545304 AND 2546303
	Aggregate  (cost=3912.33..3912.34 rows=1 width=8)
	  ->  Bitmap Heap Scan on sbtest6  (cost=22.82..3909.79 rows=1013 width=4)
	        Recheck Cond: ((id >= 2545304) AND (id <= 2546303))
	        ->  Bitmap Index Scan on sbtest6_pkey  (cost=0.00..22.57 rows=1013 width=0)
	              Index Cond: ((id >= 2545304) AND (id <= 2546303))

table 7 : explain SELECT SUM(k) FROM sbtest7 WHERE id BETWEEN 2913695 AND 2914694
	Aggregate  (cost=3968.77..3968.78 rows=1 width=8)
	  ->  Bitmap Heap Scan on sbtest7  (cost=22.97..3966.20 rows=1028 width=4)
	        Recheck Cond: ((id >= 2913695) AND (id <= 2914694))
	        ->  Bitmap Index Scan on sbtest7_pkey  (cost=0.00..22.71 rows=1028 width=0)
	              Index Cond: ((id >= 2913695) AND (id <= 2914694))

table 8 : explain SELECT SUM(k) FROM sbtest8 WHERE id BETWEEN 7982339 AND 7983338
	Aggregate  (cost=3916.35..3916.36 rows=1 width=8)
	  ->  Bitmap Heap Scan on sbtest8  (cost=22.83..3913.82 rows=1014 width=4)
	        Recheck Cond: ((id >= 7982339) AND (id <= 7983338))
	        ->  Bitmap Index Scan on sbtest8_pkey  (cost=0.00..22.57 rows=1014 width=0)
	              Index Cond: ((id >= 7982339) AND (id <= 7983338))

for: order_ranges
table 1 : explain SELECT c FROM sbtest1 WHERE id BETWEEN 9173025 AND 9174024 ORDER BY c
	Sort  (cost=3872.27..3874.74 rows=990 width=121)
	  Sort Key: c
	  ->  Bitmap Heap Scan on sbtest1  (cost=22.58..3823.01 rows=990 width=121)
	        Recheck Cond: ((id >= 9173025) AND (id <= 9174024))
	        ->  Bitmap Index Scan on sbtest1_pkey  (cost=0.00..22.33 rows=990 width=0)
	              Index Cond: ((id >= 9173025) AND (id <= 9174024))

table 2 : explain SELECT c FROM sbtest2 WHERE id BETWEEN 5445152 AND 5446151 ORDER BY c
	Sort  (cost=3685.60..3687.96 rows=941 width=121)
	  Sort Key: c
	  ->  Bitmap Heap Scan on sbtest2  (cost=22.08..3639.13 rows=941 width=121)
	        Recheck Cond: ((id >= 5445152) AND (id <= 5446151))
	        ->  Bitmap Index Scan on sbtest2_pkey  (cost=0.00..21.84 rows=941 width=0)
	              Index Cond: ((id >= 5445152) AND (id <= 5446151))

table 3 : explain SELECT c FROM sbtest3 WHERE id BETWEEN 7760510 AND 7761509 ORDER BY c
	Sort  (cost=3553.75..3556.01 rows=907 width=121)
	  Sort Key: c
	  ->  Bitmap Heap Scan on sbtest3  (cost=21.73..3509.19 rows=907 width=121)
	        Recheck Cond: ((id >= 7760510) AND (id <= 7761509))
	        ->  Bitmap Index Scan on sbtest3_pkey  (cost=0.00..21.50 rows=907 width=0)
	              Index Cond: ((id >= 7760510) AND (id <= 7761509))

table 4 : explain SELECT c FROM sbtest4 WHERE id BETWEEN 2189930 AND 2190929 ORDER BY c
	Sort  (cost=3565.93..3568.20 rows=910 width=121)
	  Sort Key: c
	  ->  Bitmap Heap Scan on sbtest4  (cost=21.76..3521.20 rows=910 width=121)
	        Recheck Cond: ((id >= 2189930) AND (id <= 2190929))
	        ->  Bitmap Index Scan on sbtest4_pkey  (cost=0.00..21.54 rows=910 width=0)
	              Index Cond: ((id >= 2189930) AND (id <= 2190929))

table 5 : explain SELECT c FROM sbtest5 WHERE id BETWEEN 7007732 AND 7008731 ORDER BY c
	Sort  (cost=3919.25..3921.75 rows=1001 width=121)
	  Sort Key: c
	  ->  Bitmap Heap Scan on sbtest5  (cost=26.70..3869.37 rows=1001 width=121)
	        Recheck Cond: ((id >= 7007732) AND (id <= 7008731))
	        ->  Bitmap Index Scan on sbtest5_pkey  (cost=0.00..26.44 rows=1001 width=0)
	              Index Cond: ((id >= 7007732) AND (id <= 7008731))

table 6 : explain SELECT c FROM sbtest6 WHERE id BETWEEN 7359008 AND 7360007 ORDER BY c
	Sort  (cost=3681.09..3683.44 rows=940 width=121)
	  Sort Key: c
	  ->  Bitmap Heap Scan on sbtest6  (cost=22.07..3634.67 rows=940 width=121)
	        Recheck Cond: ((id >= 7359008) AND (id <= 7360007))
	        ->  Bitmap Index Scan on sbtest6_pkey  (cost=0.00..21.83 rows=940 width=0)
	              Index Cond: ((id >= 7359008) AND (id <= 7360007))

table 7 : explain SELECT c FROM sbtest7 WHERE id BETWEEN 1449627 AND 1450626 ORDER BY c
	Sort  (cost=3765.29..3767.69 rows=962 width=121)
	  Sort Key: c
	  ->  Bitmap Heap Scan on sbtest7  (cost=22.30..3717.62 rows=962 width=121)
	        Recheck Cond: ((id >= 1449627) AND (id <= 1450626))
	        ->  Bitmap Index Scan on sbtest7_pkey  (cost=0.00..22.05 rows=962 width=0)
	              Index Cond: ((id >= 1449627) AND (id <= 1450626))

table 8 : explain SELECT c FROM sbtest8 WHERE id BETWEEN 2102821 AND 2103820 ORDER BY c
	Sort  (cost=3734.94..3737.32 rows=954 width=121)
	  Sort Key: c
	  ->  Bitmap Heap Scan on sbtest8  (cost=22.21..3687.72 rows=954 width=121)
	        Recheck Cond: ((id >= 2102821) AND (id <= 2103820))
	        ->  Bitmap Index Scan on sbtest8_pkey  (cost=0.00..21.97 rows=954 width=0)
	              Index Cond: ((id >= 2102821) AND (id <= 2103820))

for: distinct_ranges
table 1 : explain SELECT DISTINCT c FROM sbtest1 WHERE id BETWEEN 5634145 AND 5635144 ORDER BY c
	Unique  (cost=4120.55..4125.83 rows=1055 width=121)
	  ->  Sort  (cost=4120.55..4123.19 rows=1055 width=121)
	        Sort Key: c
	        ->  Bitmap Heap Scan on sbtest1  (cost=23.25..4067.58 rows=1055 width=121)
	              Recheck Cond: ((id >= 5634145) AND (id <= 5635144))
	              ->  Bitmap Index Scan on sbtest1_pkey  (cost=0.00..22.98 rows=1055 width=0)
	                    Index Cond: ((id >= 5634145) AND (id <= 5635144))

table 2 : explain SELECT DISTINCT c FROM sbtest2 WHERE id BETWEEN 2053361 AND 2054360 ORDER BY c
	Unique  (cost=3766.03..3770.84 rows=962 width=121)
	  ->  Sort  (cost=3766.03..3768.44 rows=962 width=121)
	        Sort Key: c
	        ->  Bitmap Heap Scan on sbtest2  (cost=22.30..3718.37 rows=962 width=121)
	              Recheck Cond: ((id >= 2053361) AND (id <= 2054360))
	              ->  Bitmap Index Scan on sbtest2_pkey  (cost=0.00..22.05 rows=962 width=0)
	                    Index Cond: ((id >= 2053361) AND (id <= 2054360))

table 3 : explain SELECT DISTINCT c FROM sbtest3 WHERE id BETWEEN 5649602 AND 5650601 ORDER BY c
	Unique  (cost=4054.78..4059.97 rows=1038 width=121)
	  ->  Sort  (cost=4054.78..4057.38 rows=1038 width=121)
	        Sort Key: c
	        ->  Bitmap Heap Scan on sbtest3  (cost=23.07..4002.78 rows=1038 width=121)
	              Recheck Cond: ((id >= 5649602) AND (id <= 5650601))
	              ->  Bitmap Index Scan on sbtest3_pkey  (cost=0.00..22.82 rows=1038 width=0)
	                    Index Cond: ((id >= 5649602) AND (id <= 5650601))

table 4 : explain SELECT DISTINCT c FROM sbtest4 WHERE id BETWEEN 5129269 AND 5130268 ORDER BY c
	Unique  (cost=4463.72..4469.45 rows=1145 width=121)
	  ->  Sort  (cost=4463.72..4466.58 rows=1145 width=121)
	        Sort Key: c
	        ->  Bitmap Heap Scan on sbtest4  (cost=28.17..4405.55 rows=1145 width=121)
	              Recheck Cond: ((id >= 5129269) AND (id <= 5130268))
	              ->  Bitmap Index Scan on sbtest4_pkey  (cost=0.00..27.89 rows=1145 width=0)
	                    Index Cond: ((id >= 5129269) AND (id <= 5130268))

table 5 : explain SELECT DISTINCT c FROM sbtest5 WHERE id BETWEEN 9777017 AND 9778016 ORDER BY c
	Unique  (cost=4217.14..4222.53 rows=1079 width=121)
	  ->  Sort  (cost=4217.14..4219.84 rows=1079 width=121)
	        Sort Key: c
	        ->  Bitmap Heap Scan on sbtest5  (cost=27.49..4162.78 rows=1079 width=121)
	              Recheck Cond: ((id >= 9777017) AND (id <= 9778016))
	              ->  Bitmap Index Scan on sbtest5_pkey  (cost=0.00..27.22 rows=1079 width=0)
	                    Index Cond: ((id >= 9777017) AND (id <= 9778016))

table 6 : explain SELECT DISTINCT c FROM sbtest6 WHERE id BETWEEN 2905944 AND 2906943 ORDER BY c
	Unique  (cost=3715.56..3720.30 rows=949 width=121)
	  ->  Sort  (cost=3715.56..3717.93 rows=949 width=121)
	        Sort Key: c
	        ->  Bitmap Heap Scan on sbtest6  (cost=22.16..3668.63 rows=949 width=121)
	              Recheck Cond: ((id >= 2905944) AND (id <= 2906943))
	              ->  Bitmap Index Scan on sbtest6_pkey  (cost=0.00..21.93 rows=949 width=0)
	                    Index Cond: ((id >= 2905944) AND (id <= 2906943))

table 7 : explain SELECT DISTINCT c FROM sbtest7 WHERE id BETWEEN 7754587 AND 7755586 ORDER BY c
	Unique  (cost=3880.05..3885.01 rows=992 width=121)
	  ->  Sort  (cost=3880.05..3882.53 rows=992 width=121)
	        Sort Key: c
	        ->  Bitmap Heap Scan on sbtest7  (cost=22.60..3830.68 rows=992 width=121)
	              Recheck Cond: ((id >= 7754587) AND (id <= 7755586))
	              ->  Bitmap Index Scan on sbtest7_pkey  (cost=0.00..22.36 rows=992 width=0)
	                    Index Cond: ((id >= 7754587) AND (id <= 7755586))

table 8 : explain SELECT DISTINCT c FROM sbtest8 WHERE id BETWEEN 75659 AND 76658 ORDER BY c
	Unique  (cost=3995.01..4000.12 rows=1022 width=121)
	  ->  Sort  (cost=3995.01..3997.57 rows=1022 width=121)
	        Sort Key: c
	        ->  Bitmap Heap Scan on sbtest8  (cost=22.91..3943.93 rows=1022 width=121)
	              Recheck Cond: ((id >= 75659) AND (id <= 76658))
	              ->  Bitmap Index Scan on sbtest8_pkey  (cost=0.00..22.65 rows=1022 width=0)
	                    Index Cond: ((id >= 75659) AND (id <= 76658))

for: distinct_ranges
table 1 : explain SELECT DISTINCT c FROM sbtest1 WHERE id BETWEEN 2133618 AND 2134617 ORDER BY c
	Unique  (cost=3673.27..3677.96 rows=938 width=121)
	  ->  Sort  (cost=3673.27..3675.61 rows=938 width=121)
	        Sort Key: c
	        ->  Bitmap Heap Scan on sbtest1  (cost=22.05..3626.96 rows=938 width=121)
	              Recheck Cond: ((id >= 2133618) AND (id <= 2134617))
	              ->  Bitmap Index Scan on sbtest1_pkey  (cost=0.00..21.82 rows=938 width=0)
	                    Index Cond: ((id >= 2133618) AND (id <= 2134617))

table 2 : explain SELECT DISTINCT c FROM sbtest2 WHERE id BETWEEN 7289369 AND 7290368 ORDER BY c
	Unique  (cost=3854.06..3858.98 rows=985 width=121)
	  ->  Sort  (cost=3854.06..3856.52 rows=985 width=121)
	        Sort Key: c
	        ->  Bitmap Heap Scan on sbtest2  (cost=22.53..3805.08 rows=985 width=121)
	              Recheck Cond: ((id >= 7289369) AND (id <= 7290368))
	              ->  Bitmap Index Scan on sbtest2_pkey  (cost=0.00..22.29 rows=985 width=0)
	                    Index Cond: ((id >= 7289369) AND (id <= 7290368))

table 3 : explain SELECT DISTINCT c FROM sbtest3 WHERE id BETWEEN 1536900 AND 1537899 ORDER BY c
	Unique  (cost=4218.79..4224.19 rows=1081 width=121)
	  ->  Sort  (cost=4218.79..4221.49 rows=1081 width=121)
	        Sort Key: c
	        ->  Bitmap Heap Scan on sbtest3  (cost=23.52..4164.31 rows=1081 width=121)
	              Recheck Cond: ((id >= 1536900) AND (id <= 1537899))
	              ->  Bitmap Index Scan on sbtest3_pkey  (cost=0.00..23.25 rows=1081 width=0)
	                    Index Cond: ((id >= 1536900) AND (id <= 1537899))

table 4 : explain SELECT DISTINCT c FROM sbtest4 WHERE id BETWEEN 8774401 AND 8775400 ORDER BY c
	Unique  (cost=3585.10..3589.67 rows=915 width=121)
	  ->  Sort  (cost=3585.10..3587.38 rows=915 width=121)
	        Sort Key: c
	        ->  Bitmap Heap Scan on sbtest4  (cost=21.81..3540.09 rows=915 width=121)
	              Recheck Cond: ((id >= 8774401) AND (id <= 8775400))
	              ->  Bitmap Index Scan on sbtest4_pkey  (cost=0.00..21.58 rows=915 width=0)
	                    Index Cond: ((id >= 8774401) AND (id <= 8775400))

table 5 : explain SELECT DISTINCT c FROM sbtest5 WHERE id BETWEEN 262554 AND 263553 ORDER BY c
	Unique  (cost=3455.50..3459.91 rows=881 width=121)
	  ->  Sort  (cost=3455.50..3457.70 rows=881 width=121)
	        Sort Key: c
	        ->  Bitmap Heap Scan on sbtest5  (cost=21.47..3412.41 rows=881 width=121)
	              Recheck Cond: ((id >= 262554) AND (id <= 263553))
	              ->  Bitmap Index Scan on sbtest5_pkey  (cost=0.00..21.25 rows=881 width=0)
	                    Index Cond: ((id >= 262554) AND (id <= 263553))

table 6 : explain SELECT DISTINCT c FROM sbtest6 WHERE id BETWEEN 3763088 AND 3764087 ORDER BY c
	Unique  (cost=3734.70..3739.47 rows=954 width=121)
	  ->  Sort  (cost=3734.70..3737.09 rows=954 width=121)
	        Sort Key: c
	        ->  Bitmap Heap Scan on sbtest6  (cost=22.21..3687.49 rows=954 width=121)
	              Recheck Cond: ((id >= 3763088) AND (id <= 3764087))
	              ->  Bitmap Index Scan on sbtest6_pkey  (cost=0.00..21.97 rows=954 width=0)
	                    Index Cond: ((id >= 3763088) AND (id <= 3764087))

table 7 : explain SELECT DISTINCT c FROM sbtest7 WHERE id BETWEEN 5611969 AND 5612968 ORDER BY c
	Unique  (cost=4021.45..4026.59 rows=1029 width=121)
	  ->  Sort  (cost=4021.45..4024.02 rows=1029 width=121)
	        Sort Key: c
	        ->  Bitmap Heap Scan on sbtest7  (cost=22.98..3969.96 rows=1029 width=121)
	              Recheck Cond: ((id >= 5611969) AND (id <= 5612968))
	              ->  Bitmap Index Scan on sbtest7_pkey  (cost=0.00..22.72 rows=1029 width=0)
	                    Index Cond: ((id >= 5611969) AND (id <= 5612968))

table 8 : explain SELECT DISTINCT c FROM sbtest8 WHERE id BETWEEN 2810414 AND 2811413 ORDER BY c
	Unique  (cost=3910.93..3915.93 rows=1000 width=121)
	  ->  Sort  (cost=3910.93..3913.43 rows=1000 width=121)
	        Sort Key: c
	        ->  Bitmap Heap Scan on sbtest8  (cost=22.68..3861.10 rows=1000 width=121)
	              Recheck Cond: ((id >= 2810414) AND (id <= 2811413))
	              ->  Bitmap Index Scan on sbtest8_pkey  (cost=0.00..22.43 rows=1000 width=0)
	                    Index Cond: ((id >= 2810414) AND (id <= 2811413))

for: sum_ranges
table 1 : explain SELECT SUM(k) FROM sbtest1 WHERE id BETWEEN 800261 AND 801260
	Aggregate  (cost=3994.97..3994.98 rows=1 width=8)
	  ->  Bitmap Heap Scan on sbtest1  (cost=23.04..3992.38 rows=1035 width=4)
	        Recheck Cond: ((id >= 800261) AND (id <= 801260))
	        ->  Bitmap Index Scan on sbtest1_pkey  (cost=0.00..22.79 rows=1035 width=0)
	              Index Cond: ((id >= 800261) AND (id <= 801260))

table 2 : explain SELECT SUM(k) FROM sbtest2 WHERE id BETWEEN 3366835 AND 3367834
	Aggregate  (cost=3788.69..3788.70 rows=1 width=8)
	  ->  Bitmap Heap Scan on sbtest2  (cost=22.48..3786.24 rows=980 width=4)
	        Recheck Cond: ((id >= 3366835) AND (id <= 3367834))
	        ->  Bitmap Index Scan on sbtest2_pkey  (cost=0.00..22.23 rows=980 width=0)
	              Index Cond: ((id >= 3366835) AND (id <= 3367834))

table 3 : explain SELECT SUM(k) FROM sbtest3 WHERE id BETWEEN 1333936 AND 1334935
	Aggregate  (cost=4073.07..4073.08 rows=1 width=8)
	  ->  Bitmap Heap Scan on sbtest3  (cost=23.26..4070.43 rows=1056 width=4)
	        Recheck Cond: ((id >= 1333936) AND (id <= 1334935))
	        ->  Bitmap Index Scan on sbtest3_pkey  (cost=0.00..23.00 rows=1056 width=0)
	              Index Cond: ((id >= 1333936) AND (id <= 1334935))

table 4 : explain SELECT SUM(k) FROM sbtest4 WHERE id BETWEEN 9400387 AND 9401386
	Aggregate  (cost=3900.80..3900.81 rows=1 width=8)
	  ->  Bitmap Heap Scan on sbtest4  (cost=22.79..3898.27 rows=1010 width=4)
	        Recheck Cond: ((id >= 9400387) AND (id <= 9401386))
	        ->  Bitmap Index Scan on sbtest4_pkey  (cost=0.00..22.54 rows=1010 width=0)
	              Index Cond: ((id >= 9400387) AND (id <= 9401386))

table 5 : explain SELECT SUM(k) FROM sbtest5 WHERE id BETWEEN 6966171 AND 6967170
	Aggregate  (cost=3716.99..3717.00 rows=1 width=8)
	  ->  Bitmap Heap Scan on sbtest5  (cost=22.29..3714.59 rows=961 width=4)
	        Recheck Cond: ((id >= 6966171) AND (id <= 6967170))
	        ->  Bitmap Index Scan on sbtest5_pkey  (cost=0.00..22.04 rows=961 width=0)
	              Index Cond: ((id >= 6966171) AND (id <= 6967170))

table 6 : explain SELECT SUM(k) FROM sbtest6 WHERE id BETWEEN 6336093 AND 6337092
	Aggregate  (cost=3934.92..3934.93 rows=1 width=8)
	  ->  Bitmap Heap Scan on sbtest6  (cost=22.88..3932.38 rows=1019 width=4)
	        Recheck Cond: ((id >= 6336093) AND (id <= 6337092))
	        ->  Bitmap Index Scan on sbtest6_pkey  (cost=0.00..22.62 rows=1019 width=0)
	              Index Cond: ((id >= 6336093) AND (id <= 6337092))

table 7 : explain SELECT SUM(k) FROM sbtest7 WHERE id BETWEEN 9790316 AND 9791315
	Aggregate  (cost=3897.22..3897.23 rows=1 width=8)
	  ->  Bitmap Heap Scan on sbtest7  (cost=22.78..3894.70 rows=1009 width=4)
	        Recheck Cond: ((id >= 9790316) AND (id <= 9791315))
	        ->  Bitmap Index Scan on sbtest7_pkey  (cost=0.00..22.52 rows=1009 width=0)
	              Index Cond: ((id >= 9790316) AND (id <= 9791315))

table 8 : explain SELECT SUM(k) FROM sbtest8 WHERE id BETWEEN 510172 AND 511171
	Aggregate  (cost=3852.30..3852.31 rows=1 width=8)
	  ->  Bitmap Heap Scan on sbtest8  (cost=22.65..3849.81 rows=997 width=4)
	        Recheck Cond: ((id >= 510172) AND (id <= 511171))
	        ->  Bitmap Index Scan on sbtest8_pkey  (cost=0.00..22.40 rows=997 width=0)
	              Index Cond: ((id >= 510172) AND (id <= 511171))

explain: for point_selects :: explain SELECT c FROM sbtest%u WHERE id=%u
explain: for point_selects :: explain SELECT c FROM sbtest%u WHERE id=%u
for point_selects
table 1 : explain SELECT c FROM sbtest1 WHERE id=3371391
	Index Scan using sbtest1_pkey on sbtest1  (cost=0.43..8.45 rows=1 width=121)
	  Index Cond: (id = 3371391)

table 2 : explain SELECT c FROM sbtest2 WHERE id=4559208
	Index Scan using sbtest2_pkey on sbtest2  (cost=0.43..8.45 rows=1 width=121)
	  Index Cond: (id = 4559208)

table 3 : explain SELECT c FROM sbtest3 WHERE id=7158764
	Index Scan using sbtest3_pkey on sbtest3  (cost=0.43..8.45 rows=1 width=121)
	  Index Cond: (id = 7158764)

table 4 : explain SELECT c FROM sbtest4 WHERE id=6424239
	Index Scan using sbtest4_pkey on sbtest4  (cost=0.43..8.45 rows=1 width=121)
	  Index Cond: (id = 6424239)

table 5 : explain SELECT c FROM sbtest5 WHERE id=2256666
	Index Scan using sbtest5_pkey on sbtest5  (cost=0.43..8.45 rows=1 width=121)
	  Index Cond: (id = 2256666)

table 6 : explain SELECT c FROM sbtest6 WHERE id=6948431
	Index Scan using sbtest6_pkey on sbtest6  (cost=0.43..8.45 rows=1 width=121)
	  Index Cond: (id = 6948431)

table 7 : explain SELECT c FROM sbtest7 WHERE id=8525880
	Index Scan using sbtest7_pkey on sbtest7  (cost=0.43..8.45 rows=1 width=121)
	  Index Cond: (id = 8525880)

table 8 : explain SELECT c FROM sbtest8 WHERE id=8933446
	Index Scan using sbtest8_pkey on sbtest8  (cost=0.43..8.45 rows=1 width=121)
	  Index Cond: (id = 8933446)

for: order_ranges
table 1 : explain SELECT c FROM sbtest1 WHERE id BETWEEN 9770648 AND 9771647 ORDER BY c
	Sort  (cost=3393.32..3395.48 rows=865 width=121)
	  Sort Key: c
	  ->  Bitmap Heap Scan on sbtest1  (cost=21.30..3351.12 rows=865 width=121)
	        Recheck Cond: ((id >= 9770648) AND (id <= 9771647))
	        ->  Bitmap Index Scan on sbtest1_pkey  (cost=0.00..21.08 rows=865 width=0)
	              Index Cond: ((id >= 9770648) AND (id <= 9771647))

table 2 : explain SELECT c FROM sbtest2 WHERE id BETWEEN 8914690 AND 8915689 ORDER BY c
	Sort  (cost=4026.09..4028.67 rows=1030 width=121)
	  Sort Key: c
	  ->  Bitmap Heap Scan on sbtest2  (cost=22.99..3974.55 rows=1030 width=121)
	        Recheck Cond: ((id >= 8914690) AND (id <= 8915689))
	        ->  Bitmap Index Scan on sbtest2_pkey  (cost=0.00..22.73 rows=1030 width=0)
	              Index Cond: ((id >= 8914690) AND (id <= 8915689))

table 3 : explain SELECT c FROM sbtest3 WHERE id BETWEEN 2814381 AND 2815380 ORDER BY c
	Sort  (cost=3852.33..3854.79 rows=985 width=121)
	  Sort Key: c
	  ->  Bitmap Heap Scan on sbtest3  (cost=22.53..3803.36 rows=985 width=121)
	        Recheck Cond: ((id >= 2814381) AND (id <= 2815380))
	        ->  Bitmap Index Scan on sbtest3_pkey  (cost=0.00..22.29 rows=985 width=0)
	              Index Cond: ((id >= 2814381) AND (id <= 2815380))

table 4 : explain SELECT c FROM sbtest4 WHERE id BETWEEN 8349690 AND 8350689 ORDER BY c
	Sort  (cost=4105.24..4107.87 rows=1051 width=121)
	  Sort Key: c
	  ->  Bitmap Heap Scan on sbtest4  (cost=23.21..4052.49 rows=1051 width=121)
	        Recheck Cond: ((id >= 8349690) AND (id <= 8350689))
	        ->  Bitmap Index Scan on sbtest4_pkey  (cost=0.00..22.94 rows=1051 width=0)
	              Index Cond: ((id >= 8349690) AND (id <= 8350689))

table 5 : explain SELECT c FROM sbtest5 WHERE id BETWEEN 6813545 AND 6814544 ORDER BY c
	Sort  (cost=4079.74..4082.35 rows=1043 width=121)
	  Sort Key: c
	  ->  Bitmap Heap Scan on sbtest5  (cost=27.13..4027.45 rows=1043 width=121)
	        Recheck Cond: ((id >= 6813545) AND (id <= 6814544))
	        ->  Bitmap Index Scan on sbtest5_pkey  (cost=0.00..26.86 rows=1043 width=0)
	              Index Cond: ((id >= 6813545) AND (id <= 6814544))

table 6 : explain SELECT c FROM sbtest6 WHERE id BETWEEN 2638146 AND 2639145 ORDER BY c
	Sort  (cost=4585.72..4588.66 rows=1177 width=121)
	  Sort Key: c
	  ->  Bitmap Heap Scan on sbtest6  (cost=28.50..4525.69 rows=1177 width=121)
	        Recheck Cond: ((id >= 2638146) AND (id <= 2639145))
	        ->  Bitmap Index Scan on sbtest6_pkey  (cost=0.00..28.20 rows=1177 width=0)
	              Index Cond: ((id >= 2638146) AND (id <= 2639145))

table 7 : explain SELECT c FROM sbtest7 WHERE id BETWEEN 5261514 AND 5262513 ORDER BY c
	Sort  (cost=4040.54..4043.13 rows=1034 width=121)
	  Sort Key: c
	  ->  Bitmap Heap Scan on sbtest7  (cost=23.03..3988.77 rows=1034 width=121)
	        Recheck Cond: ((id >= 5261514) AND (id <= 5262513))
	        ->  Bitmap Index Scan on sbtest7_pkey  (cost=0.00..22.77 rows=1034 width=0)
	              Index Cond: ((id >= 5261514) AND (id <= 5262513))

table 8 : explain SELECT c FROM sbtest8 WHERE id BETWEEN 4716601 AND 4717600 ORDER BY c
	Sort  (cost=3968.27..3970.80 rows=1015 width=121)
	  Sort Key: c
	  ->  Bitmap Heap Scan on sbtest8  (cost=22.84..3917.58 rows=1015 width=121)
	        Recheck Cond: ((id >= 4716601) AND (id <= 4717600))
	        ->  Bitmap Index Scan on sbtest8_pkey  (cost=0.00..22.58 rows=1015 width=0)
	              Index Cond: ((id >= 4716601) AND (id <= 4717600))

for: distinct_ranges
table 1 : explain SELECT DISTINCT c FROM sbtest1 WHERE id BETWEEN 7922366 AND 7923365 ORDER BY c
	Unique  (cost=3967.82..3972.90 rows=1015 width=121)
	  ->  Sort  (cost=3967.82..3970.36 rows=1015 width=121)
	        Sort Key: c
	        ->  Bitmap Heap Scan on sbtest1  (cost=22.84..3917.14 rows=1015 width=121)
	              Recheck Cond: ((id >= 7922366) AND (id <= 7923365))
	              ->  Bitmap Index Scan on sbtest1_pkey  (cost=0.00..22.58 rows=1015 width=0)
	                    Index Cond: ((id >= 7922366) AND (id <= 7923365))

table 2 : explain SELECT DISTINCT c FROM sbtest2 WHERE id BETWEEN 1255853 AND 1256852 ORDER BY c
	Unique  (cost=4026.09..4031.24 rows=1030 width=121)
	  ->  Sort  (cost=4026.09..4028.67 rows=1030 width=121)
	        Sort Key: c
	        ->  Bitmap Heap Scan on sbtest2  (cost=22.99..3974.55 rows=1030 width=121)
	              Recheck Cond: ((id >= 1255853) AND (id <= 1256852))
	              ->  Bitmap Index Scan on sbtest2_pkey  (cost=0.00..22.73 rows=1030 width=0)
	                    Index Cond: ((id >= 1255853) AND (id <= 1256852))

table 3 : explain SELECT DISTINCT c FROM sbtest3 WHERE id BETWEEN 7057088 AND 7058087 ORDER BY c
	Unique  (cost=3913.49..3918.49 rows=1001 width=121)
	  ->  Sort  (cost=3913.49..3915.99 rows=1001 width=121)
	        Sort Key: c
	        ->  Bitmap Heap Scan on sbtest3  (cost=22.70..3863.60 rows=1001 width=121)
	              Recheck Cond: ((id >= 7057088) AND (id <= 7058087))
	              ->  Bitmap Index Scan on sbtest3_pkey  (cost=0.00..22.44 rows=1001 width=0)
	                    Index Cond: ((id >= 7057088) AND (id <= 7058087))

table 4 : explain SELECT DISTINCT c FROM sbtest4 WHERE id BETWEEN 30511 AND 31510 ORDER BY c
	Unique  (cost=3845.45..3850.37 rows=983 width=121)
	  ->  Sort  (cost=3845.45..3847.91 rows=983 width=121)
	        Sort Key: c
	        ->  Bitmap Heap Scan on sbtest4  (cost=22.51..3796.59 rows=983 width=121)
	              Recheck Cond: ((id >= 30511) AND (id <= 31510))
	              ->  Bitmap Index Scan on sbtest4_pkey  (cost=0.00..22.26 rows=983 width=0)
	                    Index Cond: ((id >= 30511) AND (id <= 31510))

table 5 : explain SELECT DISTINCT c FROM sbtest5 WHERE id BETWEEN 5994021 AND 5995020 ORDER BY c
	Unique  (cost=3834.92..3839.82 rows=980 width=121)
	  ->  Sort  (cost=3834.92..3837.37 rows=980 width=121)
	        Sort Key: c
	        ->  Bitmap Heap Scan on sbtest5  (cost=22.48..3786.24 rows=980 width=121)
	              Recheck Cond: ((id >= 5994021) AND (id <= 5995020))
	              ->  Bitmap Index Scan on sbtest5_pkey  (cost=0.00..22.23 rows=980 width=0)
	                    Index Cond: ((id >= 5994021) AND (id <= 5995020))

table 6 : explain SELECT DISTINCT c FROM sbtest6 WHERE id BETWEEN 8325178 AND 8326177 ORDER BY c
	Unique  (cost=4032.95..4038.11 rows=1032 width=121)
	  ->  Sort  (cost=4032.95..4035.53 rows=1032 width=121)
	        Sort Key: c
	        ->  Bitmap Heap Scan on sbtest6  (cost=23.01..3981.29 rows=1032 width=121)
	              Recheck Cond: ((id >= 8325178) AND (id <= 8326177))
	              ->  Bitmap Index Scan on sbtest6_pkey  (cost=0.00..22.75 rows=1032 width=0)
	                    Index Cond: ((id >= 8325178) AND (id <= 8326177))

table 7 : explain SELECT DISTINCT c FROM sbtest7 WHERE id BETWEEN 8335645 AND 8336644 ORDER BY c
	Unique  (cost=3757.63..3762.43 rows=960 width=121)
	  ->  Sort  (cost=3757.63..3760.03 rows=960 width=121)
	        Sort Key: c
	        ->  Bitmap Heap Scan on sbtest7  (cost=22.27..3710.08 rows=960 width=121)
	              Recheck Cond: ((id >= 8335645) AND (id <= 8336644))
	              ->  Bitmap Index Scan on sbtest7_pkey  (cost=0.00..22.04 rows=960 width=0)
	                    Index Cond: ((id >= 8335645) AND (id <= 8336644))

table 8 : explain SELECT DISTINCT c FROM sbtest8 WHERE id BETWEEN 2554758 AND 2555757 ORDER BY c
	Unique  (cost=3922.40..3927.42 rows=1003 width=121)
	  ->  Sort  (cost=3922.40..3924.91 rows=1003 width=121)
	        Sort Key: c
	        ->  Bitmap Heap Scan on sbtest8  (cost=22.72..3872.40 rows=1003 width=121)
	              Recheck Cond: ((id >= 2554758) AND (id <= 2555757))
	              ->  Bitmap Index Scan on sbtest8_pkey  (cost=0.00..22.46 rows=1003 width=0)
	                    Index Cond: ((id >= 2554758) AND (id <= 2555757))

explain: for point_selects :: explain SELECT c FROM sbtest%u WHERE id=%u
for: order_ranges
table 1 : explain SELECT c FROM sbtest1 WHERE id BETWEEN 6239792 AND 6240791 ORDER BY c
	Sort  (cost=4486.61..4489.49 rows=1151 width=121)
	  Sort Key: c
	  ->  Bitmap Heap Scan on sbtest1  (cost=28.23..4428.09 rows=1151 width=121)
	        Recheck Cond: ((id >= 6239792) AND (id <= 6240791))
	        ->  Bitmap Index Scan on sbtest1_pkey  (cost=0.00..27.94 rows=1151 width=0)
	              Index Cond: ((id >= 6239792) AND (id <= 6240791))

table 2 : explain SELECT c FROM sbtest2 WHERE id BETWEEN 8875224 AND 8876223 ORDER BY c
	Sort  (cost=4037.55..4040.14 rows=1033 width=121)
	  Sort Key: c
	  ->  Bitmap Heap Scan on sbtest2  (cost=23.02..3985.84 rows=1033 width=121)
	        Recheck Cond: ((id >= 8875224) AND (id <= 8876223))
	        ->  Bitmap Index Scan on sbtest2_pkey  (cost=0.00..22.76 rows=1033 width=0)
	              Index Cond: ((id >= 8875224) AND (id <= 8876223))

table 3 : explain SELECT c FROM sbtest3 WHERE id BETWEEN 6691582 AND 6692581 ORDER BY c
	Sort  (cost=3657.19..3659.52 rows=934 width=121)
	  Sort Key: c
	  ->  Bitmap Heap Scan on sbtest3  (cost=22.01..3611.11 rows=934 width=121)
	        Recheck Cond: ((id >= 6691582) AND (id <= 6692581))
	        ->  Bitmap Index Scan on sbtest3_pkey  (cost=0.00..21.77 rows=934 width=0)
	              Index Cond: ((id >= 6691582) AND (id <= 6692581))

table 4 : explain SELECT c FROM sbtest4 WHERE id BETWEEN 9406806 AND 9407805 ORDER BY c
	Sort  (cost=3948.67..3951.20 rows=1010 width=121)
	  Sort Key: c
	  ->  Bitmap Heap Scan on sbtest4  (cost=22.79..3898.27 rows=1010 width=121)
	        Recheck Cond: ((id >= 9406806) AND (id <= 9407805))
	        ->  Bitmap Index Scan on sbtest4_pkey  (cost=0.00..22.54 rows=1010 width=0)
	              Index Cond: ((id >= 9406806) AND (id <= 9407805))

table 5 : explain SELECT c FROM sbtest5 WHERE id BETWEEN 4333486 AND 4334485 ORDER BY c
	Sort  (cost=3811.96..3814.40 rows=974 width=121)
	  Sort Key: c
	  ->  Bitmap Heap Scan on sbtest5  (cost=22.42..3763.62 rows=974 width=121)
	        Recheck Cond: ((id >= 4333486) AND (id <= 4334485))
	        ->  Bitmap Index Scan on sbtest5_pkey  (cost=0.00..22.18 rows=974 width=0)
	              Index Cond: ((id >= 4333486) AND (id <= 4334485))

table 6 : explain SELECT c FROM sbtest6 WHERE id BETWEEN 9679558 AND 9680557 ORDER BY c
	Sort  (cost=4326.92..4329.69 rows=1109 width=121)
	  Sort Key: c
	  ->  Bitmap Heap Scan on sbtest6  (cost=27.80..4270.83 rows=1109 width=121)
	        Recheck Cond: ((id >= 9679558) AND (id <= 9680557))
	        ->  Bitmap Index Scan on sbtest6_pkey  (cost=0.00..27.52 rows=1109 width=0)
	              Index Cond: ((id >= 9679558) AND (id <= 9680557))

table 7 : explain SELECT c FROM sbtest7 WHERE id BETWEEN 3135725 AND 3136724 ORDER BY c
	Sort  (cost=4082.54..4085.15 rows=1045 width=121)
	  Sort Key: c
	  ->  Bitmap Heap Scan on sbtest7  (cost=23.15..4030.14 rows=1045 width=121)
	        Recheck Cond: ((id >= 3135725) AND (id <= 3136724))
	        ->  Bitmap Index Scan on sbtest7_pkey  (cost=0.00..22.89 rows=1045 width=0)
	              Index Cond: ((id >= 3135725) AND (id <= 3136724))

table 8 : explain SELECT c FROM sbtest8 WHERE id BETWEEN 7327647 AND 7328646 ORDER BY c
	Sort  (cost=4517.58..4520.48 rows=1159 width=121)
	  Sort Key: c
	  ->  Bitmap Heap Scan on sbtest8  (cost=28.31..4458.60 rows=1159 width=121)
	        Recheck Cond: ((id >= 7327647) AND (id <= 7328646))
	        ->  Bitmap Index Scan on sbtest8_pkey  (cost=0.00..28.02 rows=1159 width=0)
	              Index Cond: ((id >= 7327647) AND (id <= 7328646))

for: sum_ranges
table 1 : explain SELECT SUM(k) FROM sbtest1 WHERE id BETWEEN 1254617 AND 1255616
	Aggregate  (cost=3934.74..3934.75 rows=1 width=8)
	  ->  Bitmap Heap Scan on sbtest1  (cost=22.88..3932.19 rows=1019 width=4)
	        Recheck Cond: ((id >= 1254617) AND (id <= 1255616))
	        ->  Bitmap Index Scan on sbtest1_pkey  (cost=0.00..22.62 rows=1019 width=0)
	              Index Cond: ((id >= 1254617) AND (id <= 1255616))

table 2 : explain SELECT SUM(k) FROM sbtest2 WHERE id BETWEEN 837206 AND 838205
	Aggregate  (cost=3943.23..3943.24 rows=1 width=8)
	  ->  Bitmap Heap Scan on sbtest2  (cost=22.90..3940.68 rows=1021 width=4)
	        Recheck Cond: ((id >= 837206) AND (id <= 838205))
	        ->  Bitmap Index Scan on sbtest2_pkey  (cost=0.00..22.64 rows=1021 width=0)
	              Index Cond: ((id >= 837206) AND (id <= 838205))

table 3 : explain SELECT SUM(k) FROM sbtest3 WHERE id BETWEEN 629639 AND 630638
	Aggregate  (cost=3700.24..3700.25 rows=1 width=8)
	  ->  Bitmap Heap Scan on sbtest3  (cost=22.24..3697.85 rows=957 width=4)
	        Recheck Cond: ((id >= 629639) AND (id <= 630638))
	        ->  Bitmap Index Scan on sbtest3_pkey  (cost=0.00..22.00 rows=957 width=0)
	              Index Cond: ((id >= 629639) AND (id <= 630638))

table 4 : explain SELECT SUM(k) FROM sbtest4 WHERE id BETWEEN 6257514 AND 6258513
	Aggregate  (cost=3938.46..3938.47 rows=1 width=8)
	  ->  Bitmap Heap Scan on sbtest4  (cost=22.89..3935.91 rows=1020 width=4)
	        Recheck Cond: ((id >= 6257514) AND (id <= 6258513))
	        ->  Bitmap Index Scan on sbtest4_pkey  (cost=0.00..22.64 rows=1020 width=0)
	              Index Cond: ((id >= 6257514) AND (id <= 6258513))

table 5 : explain SELECT SUM(k) FROM sbtest5 WHERE id BETWEEN 3013269 AND 3014268
	Aggregate  (cost=4214.34..4214.35 rows=1 width=8)
	  ->  Bitmap Heap Scan on sbtest5  (cost=27.63..4211.61 rows=1092 width=4)
	        Recheck Cond: ((id >= 3013269) AND (id <= 3014268))
	        ->  Bitmap Index Scan on sbtest5_pkey  (cost=0.00..27.36 rows=1092 width=0)
	              Index Cond: ((id >= 3013269) AND (id <= 3014268))

table 6 : explain SELECT SUM(k) FROM sbtest6 WHERE id BETWEEN 8977435 AND 8978434
	Aggregate  (cost=3659.67..3659.68 rows=1 width=8)
	  ->  Bitmap Heap Scan on sbtest6  (cost=22.13..3657.31 rows=946 width=4)
	        Recheck Cond: ((id >= 8977435) AND (id <= 8978434))
	        ->  Bitmap Index Scan on sbtest6_pkey  (cost=0.00..21.89 rows=946 width=0)
	              Index Cond: ((id >= 8977435) AND (id <= 8978434))

table 7 : explain SELECT SUM(k) FROM sbtest7 WHERE id BETWEEN 7811367 AND 7812366
	Aggregate  (cost=3610.55..3610.56 rows=1 width=8)
	  ->  Bitmap Heap Scan on sbtest7  (cost=22.00..3608.22 rows=933 width=4)
	        Recheck Cond: ((id >= 7811367) AND (id <= 7812366))
	        ->  Bitmap Index Scan on sbtest7_pkey  (cost=0.00..21.76 rows=933 width=0)
	              Index Cond: ((id >= 7811367) AND (id <= 7812366))

table 8 : explain SELECT SUM(k) FROM sbtest8 WHERE id BETWEEN 4128381 AND 4129380
	Aggregate  (cost=3720.30..3720.31 rows=1 width=8)
	  ->  Bitmap Heap Scan on sbtest8  (cost=22.30..3717.90 rows=962 width=4)
	        Recheck Cond: ((id >= 4128381) AND (id <= 4129380))
	        ->  Bitmap Index Scan on sbtest8_pkey  (cost=0.00..22.05 rows=962 width=0)
	              Index Cond: ((id >= 4128381) AND (id <= 4129380))

for point_selects
table 1 : explain SELECT c FROM sbtest1 WHERE id=6327427
	Index Scan using sbtest1_pkey on sbtest1  (cost=0.43..8.45 rows=1 width=121)
	  Index Cond: (id = 6327427)

table 2 : explain SELECT c FROM sbtest2 WHERE id=6224084
	Index Scan using sbtest2_pkey on sbtest2  (cost=0.43..8.45 rows=1 width=121)
	  Index Cond: (id = 6224084)

table 3 : explain SELECT c FROM sbtest3 WHERE id=9190847
	Index Scan using sbtest3_pkey on sbtest3  (cost=0.43..8.45 rows=1 width=121)
	  Index Cond: (id = 9190847)

table 4 : explain SELECT c FROM sbtest4 WHERE id=6936474
	Index Scan using sbtest4_pkey on sbtest4  (cost=0.43..8.45 rows=1 width=121)
	  Index Cond: (id = 6936474)

table 5 : explain SELECT c FROM sbtest5 WHERE id=6225927
	Index Scan using sbtest5_pkey on sbtest5  (cost=0.43..8.45 rows=1 width=121)
	  Index Cond: (id = 6225927)

table 6 : explain SELECT c FROM sbtest6 WHERE id=2906772
	Index Scan using sbtest6_pkey on sbtest6  (cost=0.43..8.45 rows=1 width=121)
	  Index Cond: (id = 2906772)

table 7 : explain SELECT c FROM sbtest7 WHERE id=8035218
	Index Scan using sbtest7_pkey on sbtest7  (cost=0.43..8.45 rows=1 width=121)
	  Index Cond: (id = 8035218)

table 8 : explain SELECT c FROM sbtest8 WHERE id=146288
	Index Scan using sbtest8_pkey on sbtest8  (cost=0.43..8.45 rows=1 width=121)
	  Index Cond: (id = 146288)

for point_selects
table 1 : explain SELECT c FROM sbtest1 WHERE id=7452372
	Index Scan using sbtest1_pkey on sbtest1  (cost=0.43..8.45 rows=1 width=121)
	  Index Cond: (id = 7452372)

table 2 : explain SELECT c FROM sbtest2 WHERE id=9783771
	Index Scan using sbtest2_pkey on sbtest2  (cost=0.43..8.45 rows=1 width=121)
	  Index Cond: (id = 9783771)

table 3 : explain SELECT c FROM sbtest3 WHERE id=5269780
	Index Scan using sbtest3_pkey on sbtest3  (cost=0.43..8.45 rows=1 width=121)
	  Index Cond: (id = 5269780)

table 4 : explain SELECT c FROM sbtest4 WHERE id=7299836
	Index Scan using sbtest4_pkey on sbtest4  (cost=0.43..8.45 rows=1 width=121)
	  Index Cond: (id = 7299836)

table 5 : explain SELECT c FROM sbtest5 WHERE id=8779515
	Index Scan using sbtest5_pkey on sbtest5  (cost=0.43..8.45 rows=1 width=121)
	  Index Cond: (id = 8779515)

table 6 : explain SELECT c FROM sbtest6 WHERE id=764125
	Index Scan using sbtest6_pkey on sbtest6  (cost=0.43..8.45 rows=1 width=121)
	  Index Cond: (id = 764125)

table 7 : explain SELECT c FROM sbtest7 WHERE id=1798194
	Index Scan using sbtest7_pkey on sbtest7  (cost=0.43..8.45 rows=1 width=121)
	  Index Cond: (id = 1798194)

table 8 : explain SELECT c FROM sbtest8 WHERE id=8697618
	Index Scan using sbtest8_pkey on sbtest8  (cost=0.43..8.45 rows=1 width=121)
	  Index Cond: (id = 8697618)

for: simple_ranges
table 1 : explain SELECT c FROM sbtest1 WHERE id BETWEEN 9561397 AND 9562396
	Bitmap Heap Scan on sbtest1  (cost=22.90..3939.72 rows=1021 width=121)
	  Recheck Cond: ((id >= 9561397) AND (id <= 9562396))
	  ->  Bitmap Index Scan on sbtest1_pkey  (cost=0.00..22.64 rows=1021 width=0)
	        Index Cond: ((id >= 9561397) AND (id <= 9562396))

table 2 : explain SELECT c FROM sbtest2 WHERE id BETWEEN 5148677 AND 5149676
	Bitmap Heap Scan on sbtest2  (cost=21.38..3382.14 rows=873 width=121)
	  Recheck Cond: ((id >= 5148677) AND (id <= 5149676))
	  ->  Bitmap Index Scan on sbtest2_pkey  (cost=0.00..21.16 rows=873 width=0)
	        Index Cond: ((id >= 5148677) AND (id <= 5149676))

table 3 : explain SELECT c FROM sbtest3 WHERE id BETWEEN 4003388 AND 4004387
	Bitmap Heap Scan on sbtest3  (cost=22.26..3705.39 rows=959 width=121)
	  Recheck Cond: ((id >= 4003388) AND (id <= 4004387))
	  ->  Bitmap Index Scan on sbtest3_pkey  (cost=0.00..22.02 rows=959 width=0)
	        Index Cond: ((id >= 4003388) AND (id <= 4004387))

table 4 : explain SELECT c FROM sbtest4 WHERE id BETWEEN 2249902 AND 2250901
	Bitmap Heap Scan on sbtest4  (cost=21.76..3521.20 rows=910 width=121)
	  Recheck Cond: ((id >= 2249902) AND (id <= 2250901))
	  ->  Bitmap Index Scan on sbtest4_pkey  (cost=0.00..21.54 rows=910 width=0)
	        Index Cond: ((id >= 2249902) AND (id <= 2250901))

table 5 : explain SELECT c FROM sbtest5 WHERE id BETWEEN 1539123 AND 1540122
	Bitmap Heap Scan on sbtest5  (cost=21.94..3586.27 rows=927 width=121)
	  Recheck Cond: ((id >= 1539123) AND (id <= 1540122))
	  ->  Bitmap Index Scan on sbtest5_pkey  (cost=0.00..21.70 rows=927 width=0)
	        Index Cond: ((id >= 1539123) AND (id <= 1540122))

table 6 : explain SELECT c FROM sbtest6 WHERE id BETWEEN 3054308 AND 3055307
	Bitmap Heap Scan on sbtest6  (cost=22.60..3830.72 rows=992 width=121)
	  Recheck Cond: ((id >= 3054308) AND (id <= 3055307))
	  ->  Bitmap Index Scan on sbtest6_pkey  (cost=0.00..22.36 rows=992 width=0)
	        Index Cond: ((id >= 3054308) AND (id <= 3055307))

table 7 : explain SELECT c FROM sbtest7 WHERE id BETWEEN 2066290 AND 2067289
	Bitmap Heap Scan on sbtest7  (cost=23.40..4124.09 rows=1070 width=121)
	  Recheck Cond: ((id >= 2066290) AND (id <= 2067289))
	  ->  Bitmap Index Scan on sbtest7_pkey  (cost=0.00..23.14 rows=1070 width=0)
	        Index Cond: ((id >= 2066290) AND (id <= 2067289))

table 8 : explain SELECT c FROM sbtest8 WHERE id BETWEEN 6290350 AND 6291349
	Bitmap Heap Scan on sbtest8  (cost=23.29..4083.08 rows=1059 width=121)
	  Recheck Cond: ((id >= 6290350) AND (id <= 6291349))
	  ->  Bitmap Index Scan on sbtest8_pkey  (cost=0.00..23.02 rows=1059 width=0)
	        Index Cond: ((id >= 6290350) AND (id <= 6291349))

for: distinct_ranges
table 1 : explain SELECT DISTINCT c FROM sbtest1 WHERE id BETWEEN 3510373 AND 3511372 ORDER BY c
	Unique  (cost=3565.97..3570.52 rows=910 width=121)
	  ->  Sort  (cost=3565.97..3568.25 rows=910 width=121)
	        Sort Key: c
	        ->  Bitmap Heap Scan on sbtest1  (cost=21.76..3521.24 rows=910 width=121)
	              Recheck Cond: ((id >= 3510373) AND (id <= 3511372))
	              ->  Bitmap Index Scan on sbtest1_pkey  (cost=0.00..21.54 rows=910 width=0)
	                    Index Cond: ((id >= 3510373) AND (id <= 3511372))

table 2 : explain SELECT DISTINCT c FROM sbtest2 WHERE id BETWEEN 9383513 AND 9384512 ORDER BY c
	Unique  (cost=3697.10..3701.82 rows=944 width=121)
	  ->  Sort  (cost=3697.10..3699.46 rows=944 width=121)
	        Sort Key: c
	        ->  Bitmap Heap Scan on sbtest2  (cost=22.11..3650.45 rows=944 width=121)
	              Recheck Cond: ((id >= 9383513) AND (id <= 9384512))
	              ->  Bitmap Index Scan on sbtest2_pkey  (cost=0.00..21.87 rows=944 width=0)
	                    Index Cond: ((id >= 9383513) AND (id <= 9384512))

table 3 : explain SELECT DISTINCT c FROM sbtest3 WHERE id BETWEEN 2734206 AND 2735205 ORDER BY c
	Unique  (cost=3802.62..3807.48 rows=972 width=121)
	  ->  Sort  (cost=3802.62..3805.05 rows=972 width=121)
	        Sort Key: c
	        ->  Bitmap Heap Scan on sbtest3  (cost=22.40..3754.39 rows=972 width=121)
	              Recheck Cond: ((id >= 2734206) AND (id <= 2735205))
	              ->  Bitmap Index Scan on sbtest3_pkey  (cost=0.00..22.15 rows=972 width=0)
	                    Index Cond: ((id >= 2734206) AND (id <= 2735205))

table 4 : explain SELECT DISTINCT c FROM sbtest4 WHERE id BETWEEN 277381 AND 278380 ORDER BY c
	Unique  (cost=4093.79..4099.03 rows=1048 width=121)
	  ->  Sort  (cost=4093.79..4096.41 rows=1048 width=121)
	        Sort Key: c
	        ->  Bitmap Heap Scan on sbtest4  (cost=23.18..4041.21 rows=1048 width=121)
	              Recheck Cond: ((id >= 277381) AND (id <= 278380))
	              ->  Bitmap Index Scan on sbtest4_pkey  (cost=0.00..22.91 rows=1048 width=0)
	                    Index Cond: ((id >= 277381) AND (id <= 278380))

table 5 : explain SELECT DISTINCT c FROM sbtest5 WHERE id BETWEEN 2222984 AND 2223983 ORDER BY c
	Unique  (cost=4175.17..4180.51 rows=1068 width=121)
	  ->  Sort  (cost=4175.17..4177.84 rows=1068 width=121)
	        Sort Key: c
	        ->  Bitmap Heap Scan on sbtest5  (cost=27.38..4121.45 rows=1068 width=121)
	              Recheck Cond: ((id >= 2222984) AND (id <= 2223983))
	              ->  Bitmap Index Scan on sbtest5_pkey  (cost=0.00..27.11 rows=1068 width=0)
	                    Index Cond: ((id >= 2222984) AND (id <= 2223983))

table 6 : explain SELECT DISTINCT c FROM sbtest6 WHERE id BETWEEN 2017706 AND 2018705 ORDER BY c
	Unique  (cost=3692.58..3697.29 rows=943 width=121)
	  ->  Sort  (cost=3692.58..3694.94 rows=943 width=121)
	        Sort Key: c
	        ->  Bitmap Heap Scan on sbtest6  (cost=22.10..3645.99 rows=943 width=121)
	              Recheck Cond: ((id >= 2017706) AND (id <= 2018705))
	              ->  Bitmap Index Scan on sbtest6_pkey  (cost=0.00..21.86 rows=943 width=0)
	                    Index Cond: ((id >= 2017706) AND (id <= 2018705))

table 7 : explain SELECT DISTINCT c FROM sbtest7 WHERE id BETWEEN 5705808 AND 5706807 ORDER BY c
	Unique  (cost=3818.86..3823.74 rows=976 width=121)
	  ->  Sort  (cost=3818.86..3821.30 rows=976 width=121)
	        Sort Key: c
	        ->  Bitmap Heap Scan on sbtest7  (cost=22.44..3770.40 rows=976 width=121)
	              Recheck Cond: ((id >= 5705808) AND (id <= 5706807))
	              ->  Bitmap Index Scan on sbtest7_pkey  (cost=0.00..22.19 rows=976 width=0)
	                    Index Cond: ((id >= 5705808) AND (id <= 5706807))

table 8 : explain SELECT DISTINCT c FROM sbtest8 WHERE id BETWEEN 6293717 AND 6294716 ORDER BY c
	Unique  (cost=4136.29..4141.58 rows=1059 width=121)
	  ->  Sort  (cost=4136.29..4138.94 rows=1059 width=121)
	        Sort Key: c
	        ->  Bitmap Heap Scan on sbtest8  (cost=23.29..4083.08 rows=1059 width=121)
	              Recheck Cond: ((id >= 6293717) AND (id <= 6294716))
	              ->  Bitmap Index Scan on sbtest8_pkey  (cost=0.00..23.02 rows=1059 width=0)
	                    Index Cond: ((id >= 6293717) AND (id <= 6294716))

for: distinct_ranges
table 1 : explain SELECT DISTINCT c FROM sbtest1 WHERE id BETWEEN 9181763 AND 9182762 ORDER BY c
	Unique  (cost=3872.27..3877.22 rows=990 width=121)
	  ->  Sort  (cost=3872.27..3874.74 rows=990 width=121)
	        Sort Key: c
	        ->  Bitmap Heap Scan on sbtest1  (cost=22.58..3823.01 rows=990 width=121)
	              Recheck Cond: ((id >= 9181763) AND (id <= 9182762))
	              ->  Bitmap Index Scan on sbtest1_pkey  (cost=0.00..22.33 rows=990 width=0)
	                    Index Cond: ((id >= 9181763) AND (id <= 9182762))

table 2 : explain SELECT DISTINCT c FROM sbtest2 WHERE id BETWEEN 5358579 AND 5359578 ORDER BY c
	Unique  (cost=4236.21..4241.63 rows=1084 width=121)
	  ->  Sort  (cost=4236.21..4238.92 rows=1084 width=121)
	        Sort Key: c
	        ->  Bitmap Heap Scan on sbtest2  (cost=27.55..4181.57 rows=1084 width=121)
	              Recheck Cond: ((id >= 5358579) AND (id <= 5359578))
	              ->  Bitmap Index Scan on sbtest2_pkey  (cost=0.00..27.27 rows=1084 width=0)
	                    Index Cond: ((id >= 5358579) AND (id <= 5359578))

table 3 : explain SELECT DISTINCT c FROM sbtest3 WHERE id BETWEEN 8845798 AND 8846797 ORDER BY c
	Unique  (cost=3802.62..3807.48 rows=972 width=121)
	  ->  Sort  (cost=3802.62..3805.05 rows=972 width=121)
	        Sort Key: c
	        ->  Bitmap Heap Scan on sbtest3  (cost=22.40..3754.39 rows=972 width=121)
	              Recheck Cond: ((id >= 8845798) AND (id <= 8846797))
	              ->  Bitmap Index Scan on sbtest3_pkey  (cost=0.00..22.15 rows=972 width=0)
	                    Index Cond: ((id >= 8845798) AND (id <= 8846797))

table 4 : explain SELECT DISTINCT c FROM sbtest4 WHERE id BETWEEN 727290 AND 728289 ORDER BY c
	Unique  (cost=4277.12..4282.60 rows=1096 width=121)
	  ->  Sort  (cost=4277.12..4279.86 rows=1096 width=121)
	        Sort Key: c
	        ->  Bitmap Heap Scan on sbtest4  (cost=27.67..4221.78 rows=1096 width=121)
	              Recheck Cond: ((id >= 727290) AND (id <= 728289))
	              ->  Bitmap Index Scan on sbtest4_pkey  (cost=0.00..27.39 rows=1096 width=0)
	                    Index Cond: ((id >= 727290) AND (id <= 728289))

table 5 : explain SELECT DISTINCT c FROM sbtest5 WHERE id BETWEEN 619834 AND 620833 ORDER BY c
	Unique  (cost=3972.77..3977.85 rows=1015 width=121)
	  ->  Sort  (cost=3972.77..3975.31 rows=1015 width=121)
	        Sort Key: c
	        ->  Bitmap Heap Scan on sbtest5  (cost=26.84..3922.09 rows=1015 width=121)
	              Recheck Cond: ((id >= 619834) AND (id <= 620833))
	              ->  Bitmap Index Scan on sbtest5_pkey  (cost=0.00..26.58 rows=1015 width=0)
	                    Index Cond: ((id >= 619834) AND (id <= 620833))

table 6 : explain SELECT DISTINCT c FROM sbtest6 WHERE id BETWEEN 2117362 AND 2118361 ORDER BY c
	Unique  (cost=3715.56..3720.30 rows=949 width=121)
	  ->  Sort  (cost=3715.56..3717.93 rows=949 width=121)
	        Sort Key: c
	        ->  Bitmap Heap Scan on sbtest6  (cost=22.16..3668.63 rows=949 width=121)
	              Recheck Cond: ((id >= 2117362) AND (id <= 2118361))
	              ->  Bitmap Index Scan on sbtest6_pkey  (cost=0.00..21.93 rows=949 width=0)
	                    Index Cond: ((id >= 2117362) AND (id <= 2118361))

table 7 : explain SELECT DISTINCT c FROM sbtest7 WHERE id BETWEEN 4608134 AND 4609133 ORDER BY c
	Unique  (cost=3669.56..3674.25 rows=937 width=121)
	  ->  Sort  (cost=3669.56..3671.91 rows=937 width=121)
	        Sort Key: c
	        ->  Bitmap Heap Scan on sbtest7  (cost=22.04..3623.31 rows=937 width=121)
	              Recheck Cond: ((id >= 4608134) AND (id <= 4609133))
	              ->  Bitmap Index Scan on sbtest7_pkey  (cost=0.00..21.80 rows=937 width=0)
	                    Index Cond: ((id >= 4608134) AND (id <= 4609133))

table 8 : explain SELECT DISTINCT c FROM sbtest8 WHERE id BETWEEN 9609351 AND 9610350 ORDER BY c
	Unique  (cost=3865.05..3869.99 rows=988 width=121)
	  ->  Sort  (cost=3865.05..3867.52 rows=988 width=121)
	        Sort Key: c
	        ->  Bitmap Heap Scan on sbtest8  (cost=22.56..3815.90 rows=988 width=121)
	              Recheck Cond: ((id >= 9609351) AND (id <= 9610350))
	              ->  Bitmap Index Scan on sbtest8_pkey  (cost=0.00..22.32 rows=988 width=0)
	                    Index Cond: ((id >= 9609351) AND (id <= 9610350))

for point_selects
table 1 : explain SELECT c FROM sbtest1 WHERE id=7513193
	Index Scan using sbtest1_pkey on sbtest1  (cost=0.43..8.45 rows=1 width=121)
	  Index Cond: (id = 7513193)

table 2 : explain SELECT c FROM sbtest2 WHERE id=539850
	Index Scan using sbtest2_pkey on sbtest2  (cost=0.43..8.45 rows=1 width=121)
	  Index Cond: (id = 539850)

table 3 : explain SELECT c FROM sbtest3 WHERE id=2766868
	Index Scan using sbtest3_pkey on sbtest3  (cost=0.43..8.45 rows=1 width=121)
	  Index Cond: (id = 2766868)

table 4 : explain SELECT c FROM sbtest4 WHERE id=3912699
	Index Scan using sbtest4_pkey on sbtest4  (cost=0.43..8.45 rows=1 width=121)
	  Index Cond: (id = 3912699)

table 5 : explain SELECT c FROM sbtest5 WHERE id=6145310
	Index Scan using sbtest5_pkey on sbtest5  (cost=0.43..8.45 rows=1 width=121)
	  Index Cond: (id = 6145310)

table 6 : explain SELECT c FROM sbtest6 WHERE id=2268628
	Index Scan using sbtest6_pkey on sbtest6  (cost=0.43..8.45 rows=1 width=121)
	  Index Cond: (id = 2268628)

table 7 : explain SELECT c FROM sbtest7 WHERE id=8976121
	Index Scan using sbtest7_pkey on sbtest7  (cost=0.43..8.45 rows=1 width=121)
	  Index Cond: (id = 8976121)

table 8 : explain SELECT c FROM sbtest8 WHERE id=1620752
	Index Scan using sbtest8_pkey on sbtest8  (cost=0.43..8.45 rows=1 width=121)
	  Index Cond: (id = 1620752)

for: simple_ranges
table 1 : explain SELECT c FROM sbtest1 WHERE id BETWEEN 5646753 AND 5647752
	Bitmap Heap Scan on sbtest1  (cost=28.12..4386.87 rows=1140 width=121)
	  Recheck Cond: ((id >= 5646753) AND (id <= 5647752))
	  ->  Bitmap Index Scan on sbtest1_pkey  (cost=0.00..27.83 rows=1140 width=0)
	        Index Cond: ((id >= 5646753) AND (id <= 5647752))

table 2 : explain SELECT c FROM sbtest2 WHERE id BETWEEN 6837520 AND 6838519
	Bitmap Heap Scan on sbtest2  (cost=22.44..3771.16 rows=976 width=121)
	  Recheck Cond: ((id >= 6837520) AND (id <= 6838519))
	  ->  Bitmap Index Scan on sbtest2_pkey  (cost=0.00..22.19 rows=976 width=0)
	        Index Cond: ((id >= 6837520) AND (id <= 6838519))

table 3 : explain SELECT c FROM sbtest3 WHERE id BETWEEN 9034250 AND 9035249
	Bitmap Heap Scan on sbtest3  (cost=22.15..3663.92 rows=948 width=121)
	  Recheck Cond: ((id >= 9034250) AND (id <= 9035249))
	  ->  Bitmap Index Scan on sbtest3_pkey  (cost=0.00..21.91 rows=948 width=0)
	        Index Cond: ((id >= 9034250) AND (id <= 9035249))

table 4 : explain SELECT c FROM sbtest4 WHERE id BETWEEN 7292621 AND 7293620
	Bitmap Heap Scan on sbtest4  (cost=22.27..3709.90 rows=960 width=121)
	  Recheck Cond: ((id >= 7292621) AND (id <= 7293620))
	  ->  Bitmap Index Scan on sbtest4_pkey  (cost=0.00..22.04 rows=960 width=0)
	        Index Cond: ((id >= 7292621) AND (id <= 7293620))

table 5 : explain SELECT c FROM sbtest5 WHERE id BETWEEN 8582107 AND 8583106
	Bitmap Heap Scan on sbtest5  (cost=26.68..3865.60 rows=1000 width=121)
	  Recheck Cond: ((id >= 8582107) AND (id <= 8583106))
	  ->  Bitmap Index Scan on sbtest5_pkey  (cost=0.00..26.43 rows=1000 width=0)
	        Index Cond: ((id >= 8582107) AND (id <= 8583106))

table 6 : explain SELECT c FROM sbtest6 WHERE id BETWEEN 7812809 AND 7813808
	Bitmap Heap Scan on sbtest6  (cost=23.11..4015.14 rows=1041 width=121)
	  Recheck Cond: ((id >= 7812809) AND (id <= 7813808))
	  ->  Bitmap Index Scan on sbtest6_pkey  (cost=0.00..22.84 rows=1041 width=0)
	        Index Cond: ((id >= 7812809) AND (id <= 7813808))

table 7 : explain SELECT c FROM sbtest7 WHERE id BETWEEN 9675000 AND 9675999
	Bitmap Heap Scan on sbtest7  (cost=21.93..3581.79 rows=926 width=121)
	  Recheck Cond: ((id >= 9675000) AND (id <= 9675999))
	  ->  Bitmap Index Scan on sbtest7_pkey  (cost=0.00..21.69 rows=926 width=0)
	        Index Cond: ((id >= 9675000) AND (id <= 9675999))

table 8 : explain SELECT c FROM sbtest8 WHERE id BETWEEN 2522777 AND 2523776
	Bitmap Heap Scan on sbtest8  (cost=22.72..3872.40 rows=1003 width=121)
	  Recheck Cond: ((id >= 2522777) AND (id <= 2523776))
	  ->  Bitmap Index Scan on sbtest8_pkey  (cost=0.00..22.46 rows=1003 width=0)
	        Index Cond: ((id >= 2522777) AND (id <= 2523776))

for point_selects
table 1 : explain SELECT c FROM sbtest1 WHERE id=8532188
	Index Scan using sbtest1_pkey on sbtest1  (cost=0.43..8.45 rows=1 width=121)
	  Index Cond: (id = 8532188)

table 2 : explain SELECT c FROM sbtest2 WHERE id=1863648
	Index Scan using sbtest2_pkey on sbtest2  (cost=0.43..8.45 rows=1 width=121)
	  Index Cond: (id = 1863648)

table 3 : explain SELECT c FROM sbtest3 WHERE id=3724228
	Index Scan using sbtest3_pkey on sbtest3  (cost=0.43..8.45 rows=1 width=121)
	  Index Cond: (id = 3724228)

table 4 : explain SELECT c FROM sbtest4 WHERE id=1993467
	Index Scan using sbtest4_pkey on sbtest4  (cost=0.43..8.45 rows=1 width=121)
	  Index Cond: (id = 1993467)

table 5 : explain SELECT c FROM sbtest5 WHERE id=5703180
	Index Scan using sbtest5_pkey on sbtest5  (cost=0.43..8.45 rows=1 width=121)
	  Index Cond: (id = 5703180)

table 6 : explain SELECT c FROM sbtest6 WHERE id=2049100
	Index Scan using sbtest6_pkey on sbtest6  (cost=0.43..8.45 rows=1 width=121)
	  Index Cond: (id = 2049100)

table 7 : explain SELECT c FROM sbtest7 WHERE id=4534124
	Index Scan using sbtest7_pkey on sbtest7  (cost=0.43..8.45 rows=1 width=121)
	  Index Cond: (id = 4534124)

table 8 : explain SELECT c FROM sbtest8 WHERE id=1829417
	Index Scan using sbtest8_pkey on sbtest8  (cost=0.43..8.45 rows=1 width=121)
	  Index Cond: (id = 1829417)

for: order_ranges
table 1 : explain SELECT c FROM sbtest1 WHERE id BETWEEN 7170981 AND 7171980 ORDER BY c
	Sort  (cost=3784.29..3786.71 rows=967 width=121)
	  Sort Key: c
	  ->  Bitmap Heap Scan on sbtest1  (cost=22.35..3736.34 rows=967 width=121)
	        Recheck Cond: ((id >= 7170981) AND (id <= 7171980))
	        ->  Bitmap Index Scan on sbtest1_pkey  (cost=0.00..22.11 rows=967 width=0)
	              Index Cond: ((id >= 7170981) AND (id <= 7171980))

table 2 : explain SELECT c FROM sbtest2 WHERE id BETWEEN 7671048 AND 7672047 ORDER BY c
	Sort  (cost=3896.13..3898.62 rows=996 width=121)
	  Sort Key: c
	  ->  Bitmap Heap Scan on sbtest2  (cost=22.64..3846.53 rows=996 width=121)
	        Recheck Cond: ((id >= 7671048) AND (id <= 7672047))
	        ->  Bitmap Index Scan on sbtest2_pkey  (cost=0.00..22.39 rows=996 width=0)
	              Index Cond: ((id >= 7671048) AND (id <= 7672047))

table 3 : explain SELECT c FROM sbtest3 WHERE id BETWEEN 280682 AND 281681 ORDER BY c
	Sort  (cost=3894.38..3896.87 rows=996 width=121)
	  Sort Key: c
	  ->  Bitmap Heap Scan on sbtest3  (cost=22.64..3844.78 rows=996 width=121)
	        Recheck Cond: ((id >= 280682) AND (id <= 281681))
	        ->  Bitmap Index Scan on sbtest3_pkey  (cost=0.00..22.39 rows=996 width=0)
	              Index Cond: ((id >= 280682) AND (id <= 281681))

table 4 : explain SELECT c FROM sbtest4 WHERE id BETWEEN 2566359 AND 2567358 ORDER BY c
	Sort  (cost=4135.77..4138.41 rows=1059 width=121)
	  Sort Key: c
	  ->  Bitmap Heap Scan on sbtest4  (cost=23.29..4082.56 rows=1059 width=121)
	        Recheck Cond: ((id >= 2566359) AND (id <= 2567358))
	        ->  Bitmap Index Scan on sbtest4_pkey  (cost=0.00..23.02 rows=1059 width=0)
	              Index Cond: ((id >= 2566359) AND (id <= 2567358))

table 5 : explain SELECT c FROM sbtest5 WHERE id BETWEEN 6771076 AND 6772075 ORDER BY c
	Sort  (cost=3754.54..3756.94 rows=959 width=121)
	  Sort Key: c
	  ->  Bitmap Heap Scan on sbtest5  (cost=22.26..3707.05 rows=959 width=121)
	        Recheck Cond: ((id >= 6771076) AND (id <= 6772075))
	        ->  Bitmap Index Scan on sbtest5_pkey  (cost=0.00..22.02 rows=959 width=0)
	              Index Cond: ((id >= 6771076) AND (id <= 6772075))

table 6 : explain SELECT c FROM sbtest6 WHERE id BETWEEN 5375253 AND 5376252 ORDER BY c
	Sort  (cost=3903.03..3905.53 rows=998 width=121)
	  Sort Key: c
	  ->  Bitmap Heap Scan on sbtest6  (cost=22.66..3853.32 rows=998 width=121)
	        Recheck Cond: ((id >= 5375253) AND (id <= 5376252))
	        ->  Bitmap Index Scan on sbtest6_pkey  (cost=0.00..22.41 rows=998 width=0)
	              Index Cond: ((id >= 5375253) AND (id <= 5376252))

table 7 : explain SELECT c FROM sbtest7 WHERE id BETWEEN 4744320 AND 4745319 ORDER BY c
	Sort  (cost=3818.86..3821.30 rows=976 width=121)
	  Sort Key: c
	  ->  Bitmap Heap Scan on sbtest7  (cost=22.44..3770.40 rows=976 width=121)
	        Recheck Cond: ((id >= 4744320) AND (id <= 4745319))
	        ->  Bitmap Index Scan on sbtest7_pkey  (cost=0.00..22.19 rows=976 width=0)
	              Index Cond: ((id >= 4744320) AND (id <= 4745319))

table 8 : explain SELECT c FROM sbtest8 WHERE id BETWEEN 5894109 AND 5895108 ORDER BY c
	Sort  (cost=3983.55..3986.10 rows=1019 width=121)
	  Sort Key: c
	  ->  Bitmap Heap Scan on sbtest8  (cost=22.88..3932.64 rows=1019 width=121)
	        Recheck Cond: ((id >= 5894109) AND (id <= 5895108))
	        ->  Bitmap Index Scan on sbtest8_pkey  (cost=0.00..22.62 rows=1019 width=0)
	              Index Cond: ((id >= 5894109) AND (id <= 5895108))

for point_selects
table 1 : explain SELECT c FROM sbtest1 WHERE id=8453987
	Index Scan using sbtest1_pkey on sbtest1  (cost=0.43..8.45 rows=1 width=121)
	  Index Cond: (id = 8453987)

table 2 : explain SELECT c FROM sbtest2 WHERE id=4367832
	Index Scan using sbtest2_pkey on sbtest2  (cost=0.43..8.45 rows=1 width=121)
	  Index Cond: (id = 4367832)

table 3 : explain SELECT c FROM sbtest3 WHERE id=4681503
	Index Scan using sbtest3_pkey on sbtest3  (cost=0.43..8.45 rows=1 width=121)
	  Index Cond: (id = 4681503)

table 4 : explain SELECT c FROM sbtest4 WHERE id=8128819
	Index Scan using sbtest4_pkey on sbtest4  (cost=0.43..8.45 rows=1 width=121)
	  Index Cond: (id = 8128819)

table 5 : explain SELECT c FROM sbtest5 WHERE id=3343596
	Index Scan using sbtest5_pkey on sbtest5  (cost=0.43..8.45 rows=1 width=121)
	  Index Cond: (id = 3343596)

table 6 : explain SELECT c FROM sbtest6 WHERE id=8619306
	Index Scan using sbtest6_pkey on sbtest6  (cost=0.43..8.45 rows=1 width=121)
	  Index Cond: (id = 8619306)

table 7 : explain SELECT c FROM sbtest7 WHERE id=8413673
	Index Scan using sbtest7_pkey on sbtest7  (cost=0.43..8.45 rows=1 width=121)
	  Index Cond: (id = 8413673)

table 8 : explain SELECT c FROM sbtest8 WHERE id=7378668
	Index Scan using sbtest8_pkey on sbtest8  (cost=0.43..8.45 rows=1 width=121)
	  Index Cond: (id = 7378668)

for: sum_ranges
table 1 : explain SELECT SUM(k) FROM sbtest1 WHERE id BETWEEN 8161262 AND 8162261
	Aggregate  (cost=3734.99..3735.00 rows=1 width=8)
	  ->  Bitmap Heap Scan on sbtest1  (cost=22.34..3732.57 rows=966 width=4)
	        Recheck Cond: ((id >= 8161262) AND (id <= 8162261))
	        ->  Bitmap Index Scan on sbtest1_pkey  (cost=0.00..22.09 rows=966 width=0)
	              Index Cond: ((id >= 8161262) AND (id <= 8162261))

table 2 : explain SELECT SUM(k) FROM sbtest2 WHERE id BETWEEN 4245910 AND 4246909
	Aggregate  (cost=3879.18..3879.19 rows=1 width=8)
	  ->  Bitmap Heap Scan on sbtest2  (cost=22.73..3876.67 rows=1004 width=4)
	        Recheck Cond: ((id >= 4245910) AND (id <= 4246909))
	        ->  Bitmap Index Scan on sbtest2_pkey  (cost=0.00..22.47 rows=1004 width=0)
	              Index Cond: ((id >= 4245910) AND (id <= 4246909))

table 3 : explain SELECT SUM(k) FROM sbtest3 WHERE id BETWEEN 6587649 AND 6588648
	Aggregate  (cost=3892.46..3892.47 rows=1 width=8)
	  ->  Bitmap Heap Scan on sbtest3  (cost=22.77..3889.94 rows=1008 width=4)
	        Recheck Cond: ((id >= 6587649) AND (id <= 6588648))
	        ->  Bitmap Index Scan on sbtest3_pkey  (cost=0.00..22.51 rows=1008 width=0)
	              Index Cond: ((id >= 6587649) AND (id <= 6588648))

table 4 : explain SELECT SUM(k) FROM sbtest4 WHERE id BETWEEN 4019849 AND 4020848
	Aggregate  (cost=3878.19..3878.20 rows=1 width=8)
	  ->  Bitmap Heap Scan on sbtest4  (cost=22.73..3875.68 rows=1004 width=4)
	        Recheck Cond: ((id >= 4019849) AND (id <= 4020848))
	        ->  Bitmap Index Scan on sbtest4_pkey  (cost=0.00..22.47 rows=1004 width=0)
	              Index Cond: ((id >= 4019849) AND (id <= 4020848))

table 5 : explain SELECT SUM(k) FROM sbtest5 WHERE id BETWEEN 1002713 AND 1003712
	Aggregate  (cost=3626.37..3626.38 rows=1 width=8)
	  ->  Bitmap Heap Scan on sbtest5  (cost=22.04..3624.03 rows=937 width=4)
	        Recheck Cond: ((id >= 1002713) AND (id <= 1003712))
	        ->  Bitmap Index Scan on sbtest5_pkey  (cost=0.00..21.80 rows=937 width=0)
	              Index Cond: ((id >= 1002713) AND (id <= 1003712))

table 6 : explain SELECT SUM(k) FROM sbtest6 WHERE id BETWEEN 5811205 AND 5812204
	Aggregate  (cost=4108.01..4108.02 rows=1 width=8)
	  ->  Bitmap Heap Scan on sbtest6  (cost=23.35..4105.35 rows=1065 width=4)
	        Recheck Cond: ((id >= 5811205) AND (id <= 5812204))
	        ->  Bitmap Index Scan on sbtest6_pkey  (cost=0.00..23.08 rows=1065 width=0)
	              Index Cond: ((id >= 5811205) AND (id <= 5812204))

table 7 : explain SELECT SUM(k) FROM sbtest7 WHERE id BETWEEN 270427 AND 271426
	Aggregate  (cost=4051.56..4051.57 rows=1 width=8)
	  ->  Bitmap Heap Scan on sbtest7  (cost=23.20..4048.93 rows=1050 width=4)
	        Recheck Cond: ((id >= 270427) AND (id <= 271426))
	        ->  Bitmap Index Scan on sbtest7_pkey  (cost=0.00..22.93 rows=1050 width=0)
	              Index Cond: ((id >= 270427) AND (id <= 271426))

table 8 : explain SELECT SUM(k) FROM sbtest8 WHERE id BETWEEN 1395478 AND 1396477
	Aggregate  (cost=3791.98..3791.99 rows=1 width=8)
	  ->  Bitmap Heap Scan on sbtest8  (cost=22.49..3789.52 rows=981 width=4)
	        Recheck Cond: ((id >= 1395478) AND (id <= 1396477))
	        ->  Bitmap Index Scan on sbtest8_pkey  (cost=0.00..22.25 rows=981 width=0)
	              Index Cond: ((id >= 1395478) AND (id <= 1396477))

explain: for point_selects :: explain SELECT c FROM sbtest%u WHERE id=%u
for: simple_ranges
table 1 : explain SELECT c FROM sbtest1 WHERE id BETWEEN 3028133 AND 3029132
	Bitmap Heap Scan on sbtest1  (cost=22.82..3909.61 rows=1013 width=121)
	  Recheck Cond: ((id >= 3028133) AND (id <= 3029132))
	  ->  Bitmap Index Scan on sbtest1_pkey  (cost=0.00..22.57 rows=1013 width=0)
	        Index Cond: ((id >= 3028133) AND (id <= 3029132))

table 2 : explain SELECT c FROM sbtest2 WHERE id BETWEEN 6095558 AND 6096557
	Bitmap Heap Scan on sbtest2  (cost=27.81..4275.46 rows=1110 width=121)
	  Recheck Cond: ((id >= 6095558) AND (id <= 6096557))
	  ->  Bitmap Index Scan on sbtest2_pkey  (cost=0.00..27.54 rows=1110 width=0)
	        Index Cond: ((id >= 6095558) AND (id <= 6096557))

table 3 : explain SELECT c FROM sbtest3 WHERE id BETWEEN 6236739 AND 6237738
	Bitmap Heap Scan on sbtest3  (cost=22.13..3656.38 rows=946 width=121)
	  Recheck Cond: ((id >= 6236739) AND (id <= 6237738))
	  ->  Bitmap Index Scan on sbtest3_pkey  (cost=0.00..21.89 rows=946 width=0)
	        Index Cond: ((id >= 6236739) AND (id <= 6237738))

table 4 : explain SELECT c FROM sbtest4 WHERE id BETWEEN 5388640 AND 5389639
	Bitmap Heap Scan on sbtest4  (cost=22.79..3898.27 rows=1010 width=121)
	  Recheck Cond: ((id >= 5388640) AND (id <= 5389639))
	  ->  Bitmap Index Scan on sbtest4_pkey  (cost=0.00..22.54 rows=1010 width=0)
	        Index Cond: ((id >= 5388640) AND (id <= 5389639))

table 5 : explain SELECT c FROM sbtest5 WHERE id BETWEEN 7523221 AND 7524220
	Bitmap Heap Scan on sbtest5  (cost=27.25..4072.58 rows=1055 width=121)
	  Recheck Cond: ((id >= 7523221) AND (id <= 7524220))
	  ->  Bitmap Index Scan on sbtest5_pkey  (cost=0.00..26.98 rows=1055 width=0)
	        Index Cond: ((id >= 7523221) AND (id <= 7524220))

table 6 : explain SELECT c FROM sbtest6 WHERE id BETWEEN 264816 AND 265815
	Bitmap Heap Scan on sbtest6  (cost=22.21..3687.49 rows=954 width=121)
	  Recheck Cond: ((id >= 264816) AND (id <= 265815))
	  ->  Bitmap Index Scan on sbtest6_pkey  (cost=0.00..21.97 rows=954 width=0)
	        Index Cond: ((id >= 264816) AND (id <= 265815))

table 7 : explain SELECT c FROM sbtest7 WHERE id BETWEEN 2600392 AND 2601391
	Bitmap Heap Scan on sbtest7  (cost=22.37..3744.01 rows=969 width=121)
	  Recheck Cond: ((id >= 2600392) AND (id <= 2601391))
	  ->  Bitmap Index Scan on sbtest7_pkey  (cost=0.00..22.12 rows=969 width=0)
	        Index Cond: ((id >= 2600392) AND (id <= 2601391))

table 8 : explain SELECT c FROM sbtest8 WHERE id BETWEEN 4150681 AND 4151680
	Bitmap Heap Scan on sbtest8  (cost=22.30..3717.90 rows=962 width=121)
	  Recheck Cond: ((id >= 4150681) AND (id <= 4151680))
	  ->  Bitmap Index Scan on sbtest8_pkey  (cost=0.00..22.05 rows=962 width=0)
	        Index Cond: ((id >= 4150681) AND (id <= 4151680))

for: simple_ranges
table 1 : explain SELECT c FROM sbtest1 WHERE id BETWEEN 42820 AND 43819
	Bitmap Heap Scan on sbtest1  (cost=21.94..3585.44 rows=927 width=121)
	  Recheck Cond: ((id >= 42820) AND (id <= 43819))
	  ->  Bitmap Index Scan on sbtest1_pkey  (cost=0.00..21.70 rows=927 width=0)
	        Index Cond: ((id >= 42820) AND (id <= 43819))

table 2 : explain SELECT c FROM sbtest2 WHERE id BETWEEN 4309313 AND 4310312
	Bitmap Heap Scan on sbtest2  (cost=21.96..3593.82 rows=929 width=121)
	  Recheck Cond: ((id >= 4309313) AND (id <= 4310312))
	  ->  Bitmap Index Scan on sbtest2_pkey  (cost=0.00..21.72 rows=929 width=0)
	        Index Cond: ((id >= 4309313) AND (id <= 4310312))

table 3 : explain SELECT c FROM sbtest3 WHERE id BETWEEN 6041917 AND 6042916
	Bitmap Heap Scan on sbtest3  (cost=22.22..3690.31 rows=955 width=121)
	  Recheck Cond: ((id >= 6041917) AND (id <= 6042916))
	  ->  Bitmap Index Scan on sbtest3_pkey  (cost=0.00..21.98 rows=955 width=0)
	        Index Cond: ((id >= 6041917) AND (id <= 6042916))

table 4 : explain SELECT c FROM sbtest4 WHERE id BETWEEN 4941455 AND 4942454
	Bitmap Heap Scan on sbtest4  (cost=23.00..3977.29 rows=1031 width=121)
	  Recheck Cond: ((id >= 4941455) AND (id <= 4942454))
	  ->  Bitmap Index Scan on sbtest4_pkey  (cost=0.00..22.75 rows=1031 width=0)
	        Index Cond: ((id >= 4941455) AND (id <= 4942454))

table 5 : explain SELECT c FROM sbtest5 WHERE id BETWEEN 4290673 AND 4291672
	Bitmap Heap Scan on sbtest5  (cost=22.54..3808.85 rows=986 width=121)
	  Recheck Cond: ((id >= 4290673) AND (id <= 4291672))
	  ->  Bitmap Index Scan on sbtest5_pkey  (cost=0.00..22.29 rows=986 width=0)
	        Index Cond: ((id >= 4290673) AND (id <= 4291672))

table 6 : explain SELECT c FROM sbtest6 WHERE id BETWEEN 8777355 AND 8778354
	Bitmap Heap Scan on sbtest6  (cost=23.00..3977.53 rows=1031 width=121)
	  Recheck Cond: ((id >= 8777355) AND (id <= 8778354))
	  ->  Bitmap Index Scan on sbtest6_pkey  (cost=0.00..22.75 rows=1031 width=0)
	        Index Cond: ((id >= 8777355) AND (id <= 8778354))

table 7 : explain SELECT c FROM sbtest7 WHERE id BETWEEN 27267 AND 28266
	Bitmap Heap Scan on sbtest7  (cost=23.45..4142.88 rows=1075 width=121)
	  Recheck Cond: ((id >= 27267) AND (id <= 28266))
	  ->  Bitmap Index Scan on sbtest7_pkey  (cost=0.00..23.18 rows=1075 width=0)
	        Index Cond: ((id >= 27267) AND (id <= 28266))

table 8 : explain SELECT c FROM sbtest8 WHERE id BETWEEN 6249427 AND 6250426
	Bitmap Heap Scan on sbtest8  (cost=22.39..3751.83 rows=971 width=121)
	  Recheck Cond: ((id >= 6249427) AND (id <= 6250426))
	  ->  Bitmap Index Scan on sbtest8_pkey  (cost=0.00..22.14 rows=971 width=0)
	        Index Cond: ((id >= 6249427) AND (id <= 6250426))

for: simple_ranges
table 1 : explain SELECT c FROM sbtest1 WHERE id BETWEEN 7903392 AND 7904391
	Bitmap Heap Scan on sbtest1  (cost=22.84..3917.14 rows=1015 width=121)
	  Recheck Cond: ((id >= 7903392) AND (id <= 7904391))
	  ->  Bitmap Index Scan on sbtest1_pkey  (cost=0.00..22.58 rows=1015 width=0)
	        Index Cond: ((id >= 7903392) AND (id <= 7904391))

table 2 : explain SELECT c FROM sbtest2 WHERE id BETWEEN 2407789 AND 2408788
	Bitmap Heap Scan on sbtest2  (cost=22.40..3756.08 rows=972 width=121)
	  Recheck Cond: ((id >= 2407789) AND (id <= 2408788))
	  ->  Bitmap Index Scan on sbtest2_pkey  (cost=0.00..22.15 rows=972 width=0)
	        Index Cond: ((id >= 2407789) AND (id <= 2408788))

table 3 : explain SELECT c FROM sbtest3 WHERE id BETWEEN 1101100 AND 1102099
	Bitmap Heap Scan on sbtest3  (cost=22.84..3916.28 rows=1015 width=121)
	  Recheck Cond: ((id >= 1101100) AND (id <= 1102099))
	  ->  Bitmap Index Scan on sbtest3_pkey  (cost=0.00..22.58 rows=1015 width=0)
	        Index Cond: ((id >= 1101100) AND (id <= 1102099))

table 4 : explain SELECT c FROM sbtest4 WHERE id BETWEEN 7691565 AND 7692564
	Bitmap Heap Scan on sbtest4  (cost=23.07..4003.62 rows=1038 width=121)
	  Recheck Cond: ((id >= 7691565) AND (id <= 7692564))
	  ->  Bitmap Index Scan on sbtest4_pkey  (cost=0.00..22.82 rows=1038 width=0)
	        Index Cond: ((id >= 7691565) AND (id <= 7692564))

table 5 : explain SELECT c FROM sbtest5 WHERE id BETWEEN 5191946 AND 5192945
	Bitmap Heap Scan on sbtest5  (cost=22.18..3676.87 rows=951 width=121)
	  Recheck Cond: ((id >= 5191946) AND (id <= 5192945))
	  ->  Bitmap Index Scan on sbtest5_pkey  (cost=0.00..21.94 rows=951 width=0)
	        Index Cond: ((id >= 5191946) AND (id <= 5192945))

table 6 : explain SELECT c FROM sbtest6 WHERE id BETWEEN 4549176 AND 4550175
	Bitmap Heap Scan on sbtest6  (cost=22.94..3954.95 rows=1025 width=121)
	  Recheck Cond: ((id >= 4549176) AND (id <= 4550175))
	  ->  Bitmap Index Scan on sbtest6_pkey  (cost=0.00..22.68 rows=1025 width=0)
	        Index Cond: ((id >= 4549176) AND (id <= 4550175))

table 7 : explain SELECT c FROM sbtest7 WHERE id BETWEEN 7517288 AND 7518287
	Bitmap Heap Scan on sbtest7  (cost=22.64..3845.75 rows=996 width=121)
	  Recheck Cond: ((id >= 7517288) AND (id <= 7518287))
	  ->  Bitmap Index Scan on sbtest7_pkey  (cost=0.00..22.39 rows=996 width=0)
	        Index Cond: ((id >= 7517288) AND (id <= 7518287))

table 8 : explain SELECT c FROM sbtest8 WHERE id BETWEEN 5735284 AND 5736283
	Bitmap Heap Scan on sbtest8  (cost=22.71..3868.64 rows=1002 width=121)
	  Recheck Cond: ((id >= 5735284) AND (id <= 5736283))
	  ->  Bitmap Index Scan on sbtest8_pkey  (cost=0.00..22.45 rows=1002 width=0)
	        Index Cond: ((id >= 5735284) AND (id <= 5736283))

for: order_ranges
table 1 : explain SELECT c FROM sbtest1 WHERE id BETWEEN 6985004 AND 6986003 ORDER BY c
	Sort  (cost=3971.65..3974.19 rows=1016 width=121)
	  Sort Key: c
	  ->  Bitmap Heap Scan on sbtest1  (cost=22.85..3920.90 rows=1016 width=121)
	        Recheck Cond: ((id >= 6985004) AND (id <= 6986003))
	        ->  Bitmap Index Scan on sbtest1_pkey  (cost=0.00..22.59 rows=1016 width=0)
	              Index Cond: ((id >= 6985004) AND (id <= 6986003))

table 2 : explain SELECT c FROM sbtest2 WHERE id BETWEEN 3151215 AND 3152214 ORDER BY c
	Sort  (cost=3945.84..3948.36 rows=1009 width=121)
	  Sort Key: c
	  ->  Bitmap Heap Scan on sbtest2  (cost=22.78..3895.50 rows=1009 width=121)
	        Recheck Cond: ((id >= 3151215) AND (id <= 3152214))
	        ->  Bitmap Index Scan on sbtest2_pkey  (cost=0.00..22.52 rows=1009 width=0)
	              Index Cond: ((id >= 3151215) AND (id <= 3152214))

table 3 : explain SELECT c FROM sbtest3 WHERE id BETWEEN 4892989 AND 4893988 ORDER BY c
	Sort  (cost=4035.70..4038.28 rows=1033 width=121)
	  Sort Key: c
	  ->  Bitmap Heap Scan on sbtest3  (cost=23.02..3983.98 rows=1033 width=121)
	        Recheck Cond: ((id >= 4892989) AND (id <= 4893988))
	        ->  Bitmap Index Scan on sbtest3_pkey  (cost=0.00..22.76 rows=1033 width=0)
	              Index Cond: ((id >= 4892989) AND (id <= 4893988))

table 4 : explain SELECT c FROM sbtest4 WHERE id BETWEEN 4513315 AND 4514314 ORDER BY c
	Sort  (cost=3811.03..3813.46 rows=974 width=121)
	  Sort Key: c
	  ->  Bitmap Heap Scan on sbtest4  (cost=22.42..3762.68 rows=974 width=121)
	        Recheck Cond: ((id >= 4513315) AND (id <= 4514314))
	        ->  Bitmap Index Scan on sbtest4_pkey  (cost=0.00..22.18 rows=974 width=0)
	              Index Cond: ((id >= 4513315) AND (id <= 4514314))

table 5 : explain SELECT c FROM sbtest5 WHERE id BETWEEN 9275390 AND 9276389 ORDER BY c
	Sort  (cost=4388.75..4391.57 rows=1125 width=121)
	  Sort Key: c
	  ->  Bitmap Heap Scan on sbtest5  (cost=27.97..4331.74 rows=1125 width=121)
	        Recheck Cond: ((id >= 9275390) AND (id <= 9276389))
	        ->  Bitmap Index Scan on sbtest5_pkey  (cost=0.00..27.68 rows=1125 width=0)
	              Index Cond: ((id >= 9275390) AND (id <= 9276389))

table 6 : explain SELECT c FROM sbtest6 WHERE id BETWEEN 7416209 AND 7417208 ORDER BY c
	Sort  (cost=3681.09..3683.44 rows=940 width=121)
	  Sort Key: c
	  ->  Bitmap Heap Scan on sbtest6  (cost=22.07..3634.67 rows=940 width=121)
	        Recheck Cond: ((id >= 7416209) AND (id <= 7417208))
	        ->  Bitmap Index Scan on sbtest6_pkey  (cost=0.00..21.83 rows=940 width=0)
	              Index Cond: ((id >= 7416209) AND (id <= 7417208))

table 7 : explain SELECT c FROM sbtest7 WHERE id BETWEEN 2875022 AND 2876021 ORDER BY c
	Sort  (cost=3864.76..3867.23 rows=988 width=121)
	  Sort Key: c
	  ->  Bitmap Heap Scan on sbtest7  (cost=22.56..3815.61 rows=988 width=121)
	        Recheck Cond: ((id >= 2875022) AND (id <= 2876021))
	        ->  Bitmap Index Scan on sbtest7_pkey  (cost=0.00..22.32 rows=988 width=0)
	              Index Cond: ((id >= 2875022) AND (id <= 2876021))

table 8 : explain SELECT c FROM sbtest8 WHERE id BETWEEN 2478657 AND 2479656 ORDER BY c
	Sort  (cost=3922.40..3924.91 rows=1003 width=121)
	  Sort Key: c
	  ->  Bitmap Heap Scan on sbtest8  (cost=22.72..3872.40 rows=1003 width=121)
	        Recheck Cond: ((id >= 2478657) AND (id <= 2479656))
	        ->  Bitmap Index Scan on sbtest8_pkey  (cost=0.00..22.46 rows=1003 width=0)
	              Index Cond: ((id >= 2478657) AND (id <= 2479656))

for: sum_ranges
table 1 : explain SELECT SUM(k) FROM sbtest1 WHERE id BETWEEN 1115308 AND 1116307
	Aggregate  (cost=3651.96..3651.97 rows=1 width=8)
	  ->  Bitmap Heap Scan on sbtest1  (cost=22.11..3649.60 rows=944 width=4)
	        Recheck Cond: ((id >= 1115308) AND (id <= 1116307))
	        ->  Bitmap Index Scan on sbtest1_pkey  (cost=0.00..21.87 rows=944 width=0)
	              Index Cond: ((id >= 1115308) AND (id <= 1116307))

table 2 : explain SELECT SUM(k) FROM sbtest2 WHERE id BETWEEN 9239913 AND 9240912
	Aggregate  (cost=4063.70..4063.71 rows=1 width=8)
	  ->  Bitmap Heap Scan on sbtest2  (cost=23.23..4061.06 rows=1053 width=4)
	        Recheck Cond: ((id >= 9239913) AND (id <= 9240912))
	        ->  Bitmap Index Scan on sbtest2_pkey  (cost=0.00..22.96 rows=1053 width=0)
	              Index Cond: ((id >= 9239913) AND (id <= 9240912))

table 3 : explain SELECT SUM(k) FROM sbtest3 WHERE id BETWEEN 9478 AND 10477
	Aggregate  (cost=3884.93..3884.94 rows=1 width=8)
	  ->  Bitmap Heap Scan on sbtest3  (cost=22.75..3882.42 rows=1006 width=4)
	        Recheck Cond: ((id >= 9478) AND (id <= 10477))
	        ->  Bitmap Index Scan on sbtest3_pkey  (cost=0.00..22.50 rows=1006 width=0)
	              Index Cond: ((id >= 9478) AND (id <= 10477))

table 4 : explain SELECT SUM(k) FROM sbtest4 WHERE id BETWEEN 1272661 AND 1273660
	Aggregate  (cost=3900.80..3900.81 rows=1 width=8)
	  ->  Bitmap Heap Scan on sbtest4  (cost=22.79..3898.27 rows=1010 width=4)
	        Recheck Cond: ((id >= 1272661) AND (id <= 1273660))
	        ->  Bitmap Index Scan on sbtest4_pkey  (cost=0.00..22.54 rows=1010 width=0)
	              Index Cond: ((id >= 1272661) AND (id <= 1273660))

table 5 : explain SELECT SUM(k) FROM sbtest5 WHERE id BETWEEN 990462 AND 991461
	Aggregate  (cost=3909.55..3909.56 rows=1 width=8)
	  ->  Bitmap Heap Scan on sbtest5  (cost=26.80..3907.03 rows=1011 width=4)
	        Recheck Cond: ((id >= 990462) AND (id <= 991461))
	        ->  Bitmap Index Scan on sbtest5_pkey  (cost=0.00..26.54 rows=1011 width=0)
	              Index Cond: ((id >= 990462) AND (id <= 991461))

table 6 : explain SELECT SUM(k) FROM sbtest6 WHERE id BETWEEN 5145900 AND 5146899
	Aggregate  (cost=3844.51..3844.52 rows=1 width=8)
	  ->  Bitmap Heap Scan on sbtest6  (cost=22.63..3842.02 rows=995 width=4)
	        Recheck Cond: ((id >= 5145900) AND (id <= 5146899))
	        ->  Bitmap Index Scan on sbtest6_pkey  (cost=0.00..22.39 rows=995 width=0)
	              Index Cond: ((id >= 5145900) AND (id <= 5146899))

table 7 : explain SELECT SUM(k) FROM sbtest7 WHERE id BETWEEN 1068346 AND 1069345
	Aggregate  (cost=3912.29..3912.30 rows=1 width=8)
	  ->  Bitmap Heap Scan on sbtest7  (cost=22.82..3909.75 rows=1013 width=4)
	        Recheck Cond: ((id >= 1068346) AND (id <= 1069345))
	        ->  Bitmap Index Scan on sbtest7_pkey  (cost=0.00..22.57 rows=1013 width=0)
	              Index Cond: ((id >= 1068346) AND (id <= 1069345))

table 8 : explain SELECT SUM(k) FROM sbtest8 WHERE id BETWEEN 5514300 AND 5515299
	Aggregate  (cost=3765.58..3765.59 rows=1 width=8)
	  ->  Bitmap Heap Scan on sbtest8  (cost=22.42..3763.14 rows=974 width=4)
	        Recheck Cond: ((id >= 5514300) AND (id <= 5515299))
	        ->  Bitmap Index Scan on sbtest8_pkey  (cost=0.00..22.18 rows=974 width=0)
	              Index Cond: ((id >= 5514300) AND (id <= 5515299))

for: simple_ranges
table 1 : explain SELECT c FROM sbtest1 WHERE id BETWEEN 7674334 AND 7675333
	Bitmap Heap Scan on sbtest1  (cost=21.98..3600.54 rows=931 width=121)
	  Recheck Cond: ((id >= 7674334) AND (id <= 7675333))
	  ->  Bitmap Index Scan on sbtest1_pkey  (cost=0.00..21.75 rows=931 width=0)
	        Index Cond: ((id >= 7674334) AND (id <= 7675333))

table 2 : explain SELECT c FROM sbtest2 WHERE id BETWEEN 4319699 AND 4320698
	Bitmap Heap Scan on sbtest2  (cost=21.96..3593.82 rows=929 width=121)
	  Recheck Cond: ((id >= 4319699) AND (id <= 4320698))
	  ->  Bitmap Index Scan on sbtest2_pkey  (cost=0.00..21.72 rows=929 width=0)
	        Index Cond: ((id >= 4319699) AND (id <= 4320698))

table 3 : explain SELECT c FROM sbtest3 WHERE id BETWEEN 7443931 AND 7444930
	Bitmap Heap Scan on sbtest3  (cost=22.78..3893.71 rows=1009 width=121)
	  Recheck Cond: ((id >= 7443931) AND (id <= 7444930))
	  ->  Bitmap Index Scan on sbtest3_pkey  (cost=0.00..22.52 rows=1009 width=0)
	        Index Cond: ((id >= 7443931) AND (id <= 7444930))

table 4 : explain SELECT c FROM sbtest4 WHERE id BETWEEN 5634285 AND 5635284
	Bitmap Heap Scan on sbtest4  (cost=22.59..3826.73 rows=991 width=121)
	  Recheck Cond: ((id >= 5634285) AND (id <= 5635284))
	  ->  Bitmap Index Scan on sbtest4_pkey  (cost=0.00..22.34 rows=991 width=0)
	        Index Cond: ((id >= 5634285) AND (id <= 5635284))

table 5 : explain SELECT c FROM sbtest5 WHERE id BETWEEN 5775413 AND 5776412
	Bitmap Heap Scan on sbtest5  (cost=26.81..3910.79 rows=1012 width=121)
	  Recheck Cond: ((id >= 5775413) AND (id <= 5776412))
	  ->  Bitmap Index Scan on sbtest5_pkey  (cost=0.00..26.55 rows=1012 width=0)
	        Index Cond: ((id >= 5775413) AND (id <= 5776412))

table 6 : explain SELECT c FROM sbtest6 WHERE id BETWEEN 2577213 AND 2578212
	Bitmap Heap Scan on sbtest6  (cost=22.82..3909.79 rows=1013 width=121)
	  Recheck Cond: ((id >= 2577213) AND (id <= 2578212))
	  ->  Bitmap Index Scan on sbtest6_pkey  (cost=0.00..22.57 rows=1013 width=0)
	        Index Cond: ((id >= 2577213) AND (id <= 2578212))

table 7 : explain SELECT c FROM sbtest7 WHERE id BETWEEN 5250230 AND 5251229
	Bitmap Heap Scan on sbtest7  (cost=23.03..3988.77 rows=1034 width=121)
	  Recheck Cond: ((id >= 5250230) AND (id <= 5251229))
	  ->  Bitmap Index Scan on sbtest7_pkey  (cost=0.00..22.77 rows=1034 width=0)
	        Index Cond: ((id >= 5250230) AND (id <= 5251229))

table 8 : explain SELECT c FROM sbtest8 WHERE id BETWEEN 2754210 AND 2755209
	Bitmap Heap Scan on sbtest8  (cost=22.94..3955.22 rows=1025 width=121)
	  Recheck Cond: ((id >= 2754210) AND (id <= 2755209))
	  ->  Bitmap Index Scan on sbtest8_pkey  (cost=0.00..22.68 rows=1025 width=0)
	        Index Cond: ((id >= 2754210) AND (id <= 2755209))

for: order_ranges
table 1 : explain SELECT c FROM sbtest1 WHERE id BETWEEN 8501727 AND 8502726 ORDER BY c
	Sort  (cost=3707.73..3710.10 rows=947 width=121)
	  Sort Key: c
	  ->  Bitmap Heap Scan on sbtest1  (cost=22.14..3660.92 rows=947 width=121)
	        Recheck Cond: ((id >= 8501727) AND (id <= 8502726))
	        ->  Bitmap Index Scan on sbtest1_pkey  (cost=0.00..21.90 rows=947 width=0)
	              Index Cond: ((id >= 8501727) AND (id <= 8502726))

table 2 : explain SELECT c FROM sbtest2 WHERE id BETWEEN 710757 AND 711756 ORDER BY c
	Sort  (cost=3804.31..3806.74 rows=972 width=121)
	  Sort Key: c
	  ->  Bitmap Heap Scan on sbtest2  (cost=22.40..3756.08 rows=972 width=121)
	        Recheck Cond: ((id >= 710757) AND (id <= 711756))
	        ->  Bitmap Index Scan on sbtest2_pkey  (cost=0.00..22.15 rows=972 width=0)
	              Index Cond: ((id >= 710757) AND (id <= 711756))

table 3 : explain SELECT c FROM sbtest3 WHERE id BETWEEN 2978092 AND 2979091 ORDER BY c
	Sort  (cost=4778.10..4781.17 rows=1228 width=121)
	  Sort Key: c
	  ->  Bitmap Heap Scan on sbtest3  (cost=29.02..4715.09 rows=1228 width=121)
	        Recheck Cond: ((id >= 2978092) AND (id <= 2979091))
	        ->  Bitmap Index Scan on sbtest3_pkey  (cost=0.00..28.71 rows=1228 width=0)
	              Index Cond: ((id >= 2978092) AND (id <= 2979091))

table 4 : explain SELECT c FROM sbtest4 WHERE id BETWEEN 5242092 AND 5243091 ORDER BY c
	Sort  (cost=3692.37..3694.73 rows=943 width=121)
	  Sort Key: c
	  ->  Bitmap Heap Scan on sbtest4  (cost=22.10..3645.78 rows=943 width=121)
	        Recheck Cond: ((id >= 5242092) AND (id <= 5243091))
	        ->  Bitmap Index Scan on sbtest4_pkey  (cost=0.00..21.86 rows=943 width=0)
	              Index Cond: ((id >= 5242092) AND (id <= 5243091))

table 5 : explain SELECT c FROM sbtest5 WHERE id BETWEEN 1427675 AND 1428674 ORDER BY c
	Sort  (cost=3739.23..3741.61 rows=955 width=121)
	  Sort Key: c
	  ->  Bitmap Heap Scan on sbtest5  (cost=22.22..3691.96 rows=955 width=121)
	        Recheck Cond: ((id >= 1427675) AND (id <= 1428674))
	        ->  Bitmap Index Scan on sbtest5_pkey  (cost=0.00..21.98 rows=955 width=0)
	              Index Cond: ((id >= 1427675) AND (id <= 1428674))

table 6 : explain SELECT c FROM sbtest6 WHERE id BETWEEN 533859 AND 534858 ORDER BY c
	Sort  (cost=3719.39..3721.76 rows=950 width=121)
	  Sort Key: c
	  ->  Bitmap Heap Scan on sbtest6  (cost=22.17..3672.40 rows=950 width=121)
	        Recheck Cond: ((id >= 533859) AND (id <= 534858))
	        ->  Bitmap Index Scan on sbtest6_pkey  (cost=0.00..21.93 rows=950 width=0)
	              Index Cond: ((id >= 533859) AND (id <= 534858))

table 7 : explain SELECT c FROM sbtest7 WHERE id BETWEEN 8987216 AND 8988215 ORDER BY c
	Sort  (cost=4444.92..4447.77 rows=1140 width=121)
	  Sort Key: c
	  ->  Bitmap Heap Scan on sbtest7  (cost=28.12..4387.04 rows=1140 width=121)
	        Recheck Cond: ((id >= 8987216) AND (id <= 8988215))
	        ->  Bitmap Index Scan on sbtest7_pkey  (cost=0.00..27.83 rows=1140 width=0)
	              Index Cond: ((id >= 8987216) AND (id <= 8988215))

table 8 : explain SELECT c FROM sbtest8 WHERE id BETWEEN 8146858 AND 8147857 ORDER BY c
	Sort  (cost=3987.37..3989.92 rows=1020 width=121)
	  Sort Key: c
	  ->  Bitmap Heap Scan on sbtest8  (cost=22.89..3936.40 rows=1020 width=121)
	        Recheck Cond: ((id >= 8146858) AND (id <= 8147857))
	        ->  Bitmap Index Scan on sbtest8_pkey  (cost=0.00..22.64 rows=1020 width=0)
	              Index Cond: ((id >= 8146858) AND (id <= 8147857))

for: sum_ranges
table 1 : explain SELECT SUM(k) FROM sbtest1 WHERE id BETWEEN 1342428 AND 1343427
	Aggregate  (cost=3855.64..3855.65 rows=1 width=8)
	  ->  Bitmap Heap Scan on sbtest1  (cost=22.66..3853.14 rows=998 width=4)
	        Recheck Cond: ((id >= 1342428) AND (id <= 1343427))
	        ->  Bitmap Index Scan on sbtest1_pkey  (cost=0.00..22.41 rows=998 width=0)
	              Index Cond: ((id >= 1342428) AND (id <= 1343427))

table 2 : explain SELECT SUM(k) FROM sbtest2 WHERE id BETWEEN 9308353 AND 9309352
	Aggregate  (cost=4180.52..4180.53 rows=1 width=8)
	  ->  Bitmap Heap Scan on sbtest2  (cost=27.54..4177.81 rows=1083 width=4)
	        Recheck Cond: ((id >= 9308353) AND (id <= 9309352))
	        ->  Bitmap Index Scan on sbtest2_pkey  (cost=0.00..27.26 rows=1083 width=0)
	              Index Cond: ((id >= 9308353) AND (id <= 9309352))

table 3 : explain SELECT SUM(k) FROM sbtest3 WHERE id BETWEEN 77029 AND 78028
	Aggregate  (cost=3884.93..3884.94 rows=1 width=8)
	  ->  Bitmap Heap Scan on sbtest3  (cost=22.75..3882.42 rows=1006 width=4)
	        Recheck Cond: ((id >= 77029) AND (id <= 78028))
	        ->  Bitmap Index Scan on sbtest3_pkey  (cost=0.00..22.50 rows=1006 width=0)
	              Index Cond: ((id >= 77029) AND (id <= 78028))

table 4 : explain SELECT SUM(k) FROM sbtest4 WHERE id BETWEEN 5892660 AND 5893659
	Aggregate  (cost=3273.71..3273.72 rows=1 width=8)
	  ->  Bitmap Heap Scan on sbtest4  (cost=21.09..3271.60 rows=844 width=4)
	        Recheck Cond: ((id >= 5892660) AND (id <= 5893659))
	        ->  Bitmap Index Scan on sbtest4_pkey  (cost=0.00..20.87 rows=844 width=0)
	              Index Cond: ((id >= 5892660) AND (id <= 5893659))

table 5 : explain SELECT SUM(k) FROM sbtest5 WHERE id BETWEEN 5177546 AND 5178545
	Aggregate  (cost=3679.24..3679.25 rows=1 width=8)
	  ->  Bitmap Heap Scan on sbtest5  (cost=22.18..3676.87 rows=951 width=4)
	        Recheck Cond: ((id >= 5177546) AND (id <= 5178545))
	        ->  Bitmap Index Scan on sbtest5_pkey  (cost=0.00..21.94 rows=951 width=0)
	              Index Cond: ((id >= 5177546) AND (id <= 5178545))

table 6 : explain SELECT SUM(k) FROM sbtest6 WHERE id BETWEEN 3643355 AND 3644354
	Aggregate  (cost=4047.84..4047.85 rows=1 width=8)
	  ->  Bitmap Heap Scan on sbtest6  (cost=23.19..4045.22 rows=1049 width=4)
	        Recheck Cond: ((id >= 3643355) AND (id <= 3644354))
	        ->  Bitmap Index Scan on sbtest6_pkey  (cost=0.00..22.93 rows=1049 width=0)
	              Index Cond: ((id >= 3643355) AND (id <= 3644354))

table 7 : explain SELECT SUM(k) FROM sbtest7 WHERE id BETWEEN 5028731 AND 5029730
	Aggregate  (cost=3519.86..3519.87 rows=1 width=8)
	  ->  Bitmap Heap Scan on sbtest7  (cost=21.75..3517.59 rows=909 width=4)
	        Recheck Cond: ((id >= 5028731) AND (id <= 5029730))
	        ->  Bitmap Index Scan on sbtest7_pkey  (cost=0.00..21.52 rows=909 width=0)
	              Index Cond: ((id >= 5028731) AND (id <= 5029730))

table 8 : explain SELECT SUM(k) FROM sbtest8 WHERE id BETWEEN 5469611 AND 5470610
	Aggregate  (cost=3599.48..3599.49 rows=1 width=8)
	  ->  Bitmap Heap Scan on sbtest8  (cost=21.97..3597.15 rows=930 width=4)
	        Recheck Cond: ((id >= 5469611) AND (id <= 5470610))
	        ->  Bitmap Index Scan on sbtest8_pkey  (cost=0.00..21.73 rows=930 width=0)
	              Index Cond: ((id >= 5469611) AND (id <= 5470610))

for: sum_ranges
table 1 : explain SELECT SUM(k) FROM sbtest1 WHERE id BETWEEN 5363740 AND 5364739
	Aggregate  (cost=3814.18..3814.19 rows=1 width=8)
	  ->  Bitmap Heap Scan on sbtest1  (cost=22.55..3811.71 rows=987 width=4)
	        Recheck Cond: ((id >= 5363740) AND (id <= 5364739))
	        ->  Bitmap Index Scan on sbtest1_pkey  (cost=0.00..22.30 rows=987 width=0)
	              Index Cond: ((id >= 5363740) AND (id <= 5364739))

table 2 : explain SELECT SUM(k) FROM sbtest2 WHERE id BETWEEN 1864472 AND 1865471
	Aggregate  (cost=4052.41..4052.42 rows=1 width=8)
	  ->  Bitmap Heap Scan on sbtest2  (cost=23.20..4049.78 rows=1050 width=4)
	        Recheck Cond: ((id >= 1864472) AND (id <= 1865471))
	        ->  Bitmap Index Scan on sbtest2_pkey  (cost=0.00..22.93 rows=1050 width=0)
	              Index Cond: ((id >= 1864472) AND (id <= 1865471))

table 3 : explain SELECT SUM(k) FROM sbtest3 WHERE id BETWEEN 2415670 AND 2416669
	Aggregate  (cost=3639.87..3639.88 rows=1 width=8)
	  ->  Bitmap Heap Scan on sbtest3  (cost=22.08..3637.52 rows=941 width=4)
	        Recheck Cond: ((id >= 2415670) AND (id <= 2416669))
	        ->  Bitmap Index Scan on sbtest3_pkey  (cost=0.00..21.84 rows=941 width=0)
	              Index Cond: ((id >= 2415670) AND (id <= 2416669))

table 4 : explain SELECT SUM(k) FROM sbtest4 WHERE id BETWEEN 9747054 AND 9748053
	Aggregate  (cost=3848.05..3848.06 rows=1 width=8)
	  ->  Bitmap Heap Scan on sbtest4  (cost=22.64..3845.56 rows=996 width=4)
	        Recheck Cond: ((id >= 9747054) AND (id <= 9748053))
	        ->  Bitmap Index Scan on sbtest4_pkey  (cost=0.00..22.39 rows=996 width=0)
	              Index Cond: ((id >= 9747054) AND (id <= 9748053))

table 5 : explain SELECT SUM(k) FROM sbtest5 WHERE id BETWEEN 2032375 AND 2033374
	Aggregate  (cost=4052.64..4052.65 rows=1 width=8)
	  ->  Bitmap Heap Scan on sbtest5  (cost=27.19..4050.02 rows=1049 width=4)
	        Recheck Cond: ((id >= 2032375) AND (id <= 2033374))
	        ->  Bitmap Index Scan on sbtest5_pkey  (cost=0.00..26.93 rows=1049 width=0)
	              Index Cond: ((id >= 2032375) AND (id <= 2033374))

table 6 : explain SELECT SUM(k) FROM sbtest6 WHERE id BETWEEN 6022044 AND 6023043
	Aggregate  (cost=3844.51..3844.52 rows=1 width=8)
	  ->  Bitmap Heap Scan on sbtest6  (cost=22.63..3842.02 rows=995 width=4)
	        Recheck Cond: ((id >= 6022044) AND (id <= 6023043))
	        ->  Bitmap Index Scan on sbtest6_pkey  (cost=0.00..22.39 rows=995 width=0)
	              Index Cond: ((id >= 6022044) AND (id <= 6023043))

table 7 : explain SELECT SUM(k) FROM sbtest7 WHERE id BETWEEN 7307930 AND 7308929
	Aggregate  (cost=3919.82..3919.83 rows=1 width=8)
	  ->  Bitmap Heap Scan on sbtest7  (cost=22.84..3917.28 rows=1015 width=4)
	        Recheck Cond: ((id >= 7307930) AND (id <= 7308929))
	        ->  Bitmap Index Scan on sbtest7_pkey  (cost=0.00..22.58 rows=1015 width=0)
	              Index Cond: ((id >= 7307930) AND (id <= 7308929))

table 8 : explain SELECT SUM(k) FROM sbtest8 WHERE id BETWEEN 5054933 AND 5055932
	Aggregate  (cost=3969.08..3969.09 rows=1 width=8)
	  ->  Bitmap Heap Scan on sbtest8  (cost=22.97..3966.51 rows=1028 width=4)
	        Recheck Cond: ((id >= 5054933) AND (id <= 5055932))
	        ->  Bitmap Index Scan on sbtest8_pkey  (cost=0.00..22.71 rows=1028 width=0)
	              Index Cond: ((id >= 5054933) AND (id <= 5055932))

for point_selects
table 1 : explain SELECT c FROM sbtest1 WHERE id=9794738
	Index Scan using sbtest1_pkey on sbtest1  (cost=0.43..8.45 rows=1 width=121)
	  Index Cond: (id = 9794738)

table 2 : explain SELECT c FROM sbtest2 WHERE id=7078257
	Index Scan using sbtest2_pkey on sbtest2  (cost=0.43..8.45 rows=1 width=121)
	  Index Cond: (id = 7078257)

table 3 : explain SELECT c FROM sbtest3 WHERE id=1158940
	Index Scan using sbtest3_pkey on sbtest3  (cost=0.43..8.45 rows=1 width=121)
	  Index Cond: (id = 1158940)

table 4 : explain SELECT c FROM sbtest4 WHERE id=1414646
	Index Scan using sbtest4_pkey on sbtest4  (cost=0.43..8.45 rows=1 width=121)
	  Index Cond: (id = 1414646)

table 5 : explain SELECT c FROM sbtest5 WHERE id=1834919
	Index Scan using sbtest5_pkey on sbtest5  (cost=0.43..8.45 rows=1 width=121)
	  Index Cond: (id = 1834919)

table 6 : explain SELECT c FROM sbtest6 WHERE id=5184095
	Index Scan using sbtest6_pkey on sbtest6  (cost=0.43..8.45 rows=1 width=121)
	  Index Cond: (id = 5184095)

table 7 : explain SELECT c FROM sbtest7 WHERE id=1887759
	Index Scan using sbtest7_pkey on sbtest7  (cost=0.43..8.45 rows=1 width=121)
	  Index Cond: (id = 1887759)

table 8 : explain SELECT c FROM sbtest8 WHERE id=6833914
	Index Scan using sbtest8_pkey on sbtest8  (cost=0.43..8.45 rows=1 width=121)
	  Index Cond: (id = 6833914)

for: order_ranges
table 1 : explain SELECT c FROM sbtest1 WHERE id BETWEEN 6558032 AND 6559031 ORDER BY c
	Sort  (cost=3967.82..3970.36 rows=1015 width=121)
	  Sort Key: c
	  ->  Bitmap Heap Scan on sbtest1  (cost=22.84..3917.14 rows=1015 width=121)
	        Recheck Cond: ((id >= 6558032) AND (id <= 6559031))
	        ->  Bitmap Index Scan on sbtest1_pkey  (cost=0.00..22.58 rows=1015 width=0)
	              Index Cond: ((id >= 6558032) AND (id <= 6559031))

table 2 : explain SELECT c FROM sbtest2 WHERE id BETWEEN 4842394 AND 4843393 ORDER BY c
	Sort  (cost=3976.42..3978.96 rows=1017 width=121)
	  Sort Key: c
	  ->  Bitmap Heap Scan on sbtest2  (cost=22.86..3925.62 rows=1017 width=121)
	        Recheck Cond: ((id >= 4842394) AND (id <= 4843393))
	        ->  Bitmap Index Scan on sbtest2_pkey  (cost=0.00..22.61 rows=1017 width=0)
	              Index Cond: ((id >= 4842394) AND (id <= 4843393))

table 3 : explain SELECT c FROM sbtest3 WHERE id BETWEEN 867352 AND 868351 ORDER BY c
	Sort  (cost=4089.13..4091.75 rows=1047 width=121)
	  Sort Key: c
	  ->  Bitmap Heap Scan on sbtest3  (cost=23.17..4036.61 rows=1047 width=121)
	        Recheck Cond: ((id >= 867352) AND (id <= 868351))
	        ->  Bitmap Index Scan on sbtest3_pkey  (cost=0.00..22.90 rows=1047 width=0)
	              Index Cond: ((id >= 867352) AND (id <= 868351))

table 4 : explain SELECT c FROM sbtest4 WHERE id BETWEEN 3537721 AND 3538720 ORDER BY c
	Sort  (cost=4273.23..4275.96 rows=1094 width=121)
	  Sort Key: c
	  ->  Bitmap Heap Scan on sbtest4  (cost=27.65..4218.01 rows=1094 width=121)
	        Recheck Cond: ((id >= 3537721) AND (id <= 3538720))
	        ->  Bitmap Index Scan on sbtest4_pkey  (cost=0.00..27.37 rows=1094 width=0)
	              Index Cond: ((id >= 3537721) AND (id <= 3538720))

table 5 : explain SELECT c FROM sbtest5 WHERE id BETWEEN 1879636 AND 1880635 ORDER BY c
	Sort  (cost=4175.17..4177.84 rows=1068 width=121)
	  Sort Key: c
	  ->  Bitmap Heap Scan on sbtest5  (cost=27.38..4121.45 rows=1068 width=121)
	        Recheck Cond: ((id >= 1879636) AND (id <= 1880635))
	        ->  Bitmap Index Scan on sbtest5_pkey  (cost=0.00..27.11 rows=1068 width=0)
	              Index Cond: ((id >= 1879636) AND (id <= 1880635))

table 6 : explain SELECT c FROM sbtest6 WHERE id BETWEEN 6265765 AND 6266764 ORDER BY c
	Sort  (cost=3838.02..3840.48 rows=981 width=121)
	  Sort Key: c
	  ->  Bitmap Heap Scan on sbtest6  (cost=22.49..3789.28 rows=981 width=121)
	        Recheck Cond: ((id >= 6265765) AND (id <= 6266764))
	        ->  Bitmap Index Scan on sbtest6_pkey  (cost=0.00..22.25 rows=981 width=0)
	              Index Cond: ((id >= 6265765) AND (id <= 6266764))

table 7 : explain SELECT c FROM sbtest7 WHERE id BETWEEN 8576107 AND 8577106 ORDER BY c
	Sort  (cost=4189.38..4192.06 rows=1073 width=121)
	  Sort Key: c
	  ->  Bitmap Heap Scan on sbtest7  (cost=23.43..4135.36 rows=1073 width=121)
	        Recheck Cond: ((id >= 8576107) AND (id <= 8577106))
	        ->  Bitmap Index Scan on sbtest7_pkey  (cost=0.00..23.16 rows=1073 width=0)
	              Index Cond: ((id >= 8576107) AND (id <= 8577106))

table 8 : explain SELECT c FROM sbtest8 WHERE id BETWEEN 2278336 AND 2279335 ORDER BY c
	Sort  (cost=3887.99..3890.48 rows=994 width=121)
	  Sort Key: c
	  ->  Bitmap Heap Scan on sbtest8  (cost=22.62..3838.51 rows=994 width=121)
	        Recheck Cond: ((id >= 2278336) AND (id <= 2279335))
	        ->  Bitmap Index Scan on sbtest8_pkey  (cost=0.00..22.37 rows=994 width=0)
	              Index Cond: ((id >= 2278336) AND (id <= 2279335))

for: sum_ranges
table 1 : explain SELECT SUM(k) FROM sbtest1 WHERE id BETWEEN 5793417 AND 5794416
	Aggregate  (cost=3689.71..3689.72 rows=1 width=8)
	  ->  Bitmap Heap Scan on sbtest1  (cost=22.21..3687.32 rows=954 width=4)
	        Recheck Cond: ((id >= 5793417) AND (id <= 5794416))
	        ->  Bitmap Index Scan on sbtest1_pkey  (cost=0.00..21.97 rows=954 width=0)
	              Index Cond: ((id >= 5793417) AND (id <= 5794416))

table 2 : explain SELECT SUM(k) FROM sbtest2 WHERE id BETWEEN 5302237 AND 5303236
	Aggregate  (cost=4048.65..4048.66 rows=1 width=8)
	  ->  Bitmap Heap Scan on sbtest2  (cost=23.19..4046.02 rows=1049 width=4)
	        Recheck Cond: ((id >= 5302237) AND (id <= 5303236))
	        ->  Bitmap Index Scan on sbtest2_pkey  (cost=0.00..22.93 rows=1049 width=0)
	              Index Cond: ((id >= 5302237) AND (id <= 5303236))

table 3 : explain SELECT SUM(k) FROM sbtest3 WHERE id BETWEEN 3949412 AND 3950411
	Aggregate  (cost=3775.67..3775.68 rows=1 width=8)
	  ->  Bitmap Heap Scan on sbtest3  (cost=22.45..3773.22 rows=977 width=4)
	        Recheck Cond: ((id >= 3949412) AND (id <= 3950411))
	        ->  Bitmap Index Scan on sbtest3_pkey  (cost=0.00..22.20 rows=977 width=0)
	              Index Cond: ((id >= 3949412) AND (id <= 3950411))

table 4 : explain SELECT SUM(k) FROM sbtest4 WHERE id BETWEEN 1475539 AND 1476538
	Aggregate  (cost=3832.98..3832.99 rows=1 width=8)
	  ->  Bitmap Heap Scan on sbtest4  (cost=22.60..3830.50 rows=992 width=4)
	        Recheck Cond: ((id >= 1475539) AND (id <= 1476538))
	        ->  Bitmap Index Scan on sbtest4_pkey  (cost=0.00..22.36 rows=992 width=0)
	              Index Cond: ((id >= 1475539) AND (id <= 1476538))

table 5 : explain SELECT SUM(k) FROM sbtest5 WHERE id BETWEEN 3905544 AND 3906543
	Aggregate  (cost=3671.69..3671.70 rows=1 width=8)
	  ->  Bitmap Heap Scan on sbtest5  (cost=22.16..3669.32 rows=949 width=4)
	        Recheck Cond: ((id >= 3905544) AND (id <= 3906543))
	        ->  Bitmap Index Scan on sbtest5_pkey  (cost=0.00..21.93 rows=949 width=0)
	              Index Cond: ((id >= 3905544) AND (id <= 3906543))

table 6 : explain SELECT SUM(k) FROM sbtest6 WHERE id BETWEEN 1220538 AND 1221537
	Aggregate  (cost=3576.58..3576.59 rows=1 width=8)
	  ->  Bitmap Heap Scan on sbtest6  (cost=21.91..3574.27 rows=924 width=4)
	        Recheck Cond: ((id >= 1220538) AND (id <= 1221537))
	        ->  Bitmap Index Scan on sbtest6_pkey  (cost=0.00..21.68 rows=924 width=0)
	              Index Cond: ((id >= 1220538) AND (id <= 1221537))

table 7 : explain SELECT SUM(k) FROM sbtest7 WHERE id BETWEEN 2020512 AND 2021511
	Aggregate  (cost=4126.77..4126.78 rows=1 width=8)
	  ->  Bitmap Heap Scan on sbtest7  (cost=23.40..4124.09 rows=1070 width=4)
	        Recheck Cond: ((id >= 2020512) AND (id <= 2021511))
	        ->  Bitmap Index Scan on sbtest7_pkey  (cost=0.00..23.14 rows=1070 width=0)
	              Index Cond: ((id >= 2020512) AND (id <= 2021511))

table 8 : explain SELECT SUM(k) FROM sbtest8 WHERE id BETWEEN 6529424 AND 6530423
	Aggregate  (cost=3886.21..3886.22 rows=1 width=8)
	  ->  Bitmap Heap Scan on sbtest8  (cost=22.75..3883.70 rows=1006 width=4)
	        Recheck Cond: ((id >= 6529424) AND (id <= 6530423))
	        ->  Bitmap Index Scan on sbtest8_pkey  (cost=0.00..22.50 rows=1006 width=0)
	              Index Cond: ((id >= 6529424) AND (id <= 6530423))

for: distinct_ranges
table 1 : explain SELECT DISTINCT c FROM sbtest1 WHERE id BETWEEN 6721335 AND 6722334 ORDER BY c
	Unique  (cost=3876.09..3881.05 rows=991 width=121)
	  ->  Sort  (cost=3876.09..3878.57 rows=991 width=121)
	        Sort Key: c
	        ->  Bitmap Heap Scan on sbtest1  (cost=22.59..3826.78 rows=991 width=121)
	              Recheck Cond: ((id >= 6721335) AND (id <= 6722334))
	              ->  Bitmap Index Scan on sbtest1_pkey  (cost=0.00..22.34 rows=991 width=0)
	                    Index Cond: ((id >= 6721335) AND (id <= 6722334))

table 2 : explain SELECT DISTINCT c FROM sbtest2 WHERE id BETWEEN 6702098 AND 6703097 ORDER BY c
	Unique  (cost=3789.00..3793.84 rows=968 width=121)
	  ->  Sort  (cost=3789.00..3791.42 rows=968 width=121)
	        Sort Key: c
	        ->  Bitmap Heap Scan on sbtest2  (cost=22.36..3740.99 rows=968 width=121)
	              Recheck Cond: ((id >= 6702098) AND (id <= 6703097))
	              ->  Bitmap Index Scan on sbtest2_pkey  (cost=0.00..22.11 rows=968 width=0)
	                    Index Cond: ((id >= 6702098) AND (id <= 6703097))

table 3 : explain SELECT DISTINCT c FROM sbtest3 WHERE id BETWEEN 8277318 AND 8278317 ORDER BY c
	Unique  (cost=4112.02..4117.28 rows=1053 width=121)
	  ->  Sort  (cost=4112.02..4114.65 rows=1053 width=121)
	        Sort Key: c
	        ->  Bitmap Heap Scan on sbtest3  (cost=23.23..4059.16 rows=1053 width=121)
	              Recheck Cond: ((id >= 8277318) AND (id <= 8278317))
	              ->  Bitmap Index Scan on sbtest3_pkey  (cost=0.00..22.96 rows=1053 width=0)
	                    Index Cond: ((id >= 8277318) AND (id <= 8278317))

table 4 : explain SELECT DISTINCT c FROM sbtest4 WHERE id BETWEEN 5986682 AND 5987681 ORDER BY c
	Unique  (cost=3918.10..3923.11 rows=1002 width=121)
	  ->  Sort  (cost=3918.10..3920.60 rows=1002 width=121)
	        Sort Key: c
	        ->  Bitmap Heap Scan on sbtest4  (cost=22.71..3868.15 rows=1002 width=121)
	              Recheck Cond: ((id >= 5986682) AND (id <= 5987681))
	              ->  Bitmap Index Scan on sbtest4_pkey  (cost=0.00..22.45 rows=1002 width=0)
	                    Index Cond: ((id >= 5986682) AND (id <= 5987681))

table 5 : explain SELECT DISTINCT c FROM sbtest5 WHERE id BETWEEN 627484 AND 628483 ORDER BY c
	Unique  (cost=3972.77..3977.85 rows=1015 width=121)
	  ->  Sort  (cost=3972.77..3975.31 rows=1015 width=121)
	        Sort Key: c
	        ->  Bitmap Heap Scan on sbtest5  (cost=26.84..3922.09 rows=1015 width=121)
	              Recheck Cond: ((id >= 627484) AND (id <= 628483))
	              ->  Bitmap Index Scan on sbtest5_pkey  (cost=0.00..26.58 rows=1015 width=0)
	                    Index Cond: ((id >= 627484) AND (id <= 628483))

table 6 : explain SELECT DISTINCT c FROM sbtest6 WHERE id BETWEEN 8565756 AND 8566755 ORDER BY c
	Unique  (cost=4048.22..4053.40 rows=1036 width=121)
	  ->  Sort  (cost=4048.22..4050.81 rows=1036 width=121)
	        Sort Key: c
	        ->  Bitmap Heap Scan on sbtest6  (cost=23.05..3996.33 rows=1036 width=121)
	              Recheck Cond: ((id >= 8565756) AND (id <= 8566755))
	              ->  Bitmap Index Scan on sbtest6_pkey  (cost=0.00..22.79 rows=1036 width=0)
	                    Index Cond: ((id >= 8565756) AND (id <= 8566755))

table 7 : explain SELECT DISTINCT c FROM sbtest7 WHERE id BETWEEN 6699464 AND 6700463 ORDER BY c
	Unique  (cost=4193.19..4198.56 rows=1074 width=121)
	  ->  Sort  (cost=4193.19..4195.87 rows=1074 width=121)
	        Sort Key: c
	        ->  Bitmap Heap Scan on sbtest7  (cost=23.44..4139.12 rows=1074 width=121)
	              Recheck Cond: ((id >= 6699464) AND (id <= 6700463))
	              ->  Bitmap Index Scan on sbtest7_pkey  (cost=0.00..23.18 rows=1074 width=0)
	                    Index Cond: ((id >= 6699464) AND (id <= 6700463))

table 8 : explain SELECT DISTINCT c FROM sbtest8 WHERE id BETWEEN 8137415 AND 8138414 ORDER BY c
	Unique  (cost=4140.10..4145.40 rows=1060 width=121)
	  ->  Sort  (cost=4140.10..4142.75 rows=1060 width=121)
	        Sort Key: c
	        ->  Bitmap Heap Scan on sbtest8  (cost=23.30..4086.84 rows=1060 width=121)
	              Recheck Cond: ((id >= 8137415) AND (id <= 8138414))
	              ->  Bitmap Index Scan on sbtest8_pkey  (cost=0.00..23.04 rows=1060 width=0)
	                    Index Cond: ((id >= 8137415) AND (id <= 8138414))

for: distinct_ranges
table 1 : explain SELECT DISTINCT c FROM sbtest1 WHERE id BETWEEN 4837513 AND 4838512 ORDER BY c
	Unique  (cost=3937.26..3942.29 rows=1007 width=121)
	  ->  Sort  (cost=3937.26..3939.77 rows=1007 width=121)
	        Sort Key: c
	        ->  Bitmap Heap Scan on sbtest1  (cost=22.76..3887.03 rows=1007 width=121)
	              Recheck Cond: ((id >= 4837513) AND (id <= 4838512))
	              ->  Bitmap Index Scan on sbtest1_pkey  (cost=0.00..22.50 rows=1007 width=0)
	                    Index Cond: ((id >= 4837513) AND (id <= 4838512))

table 2 : explain SELECT DISTINCT c FROM sbtest2 WHERE id BETWEEN 7701116 AND 7702115 ORDER BY c
	Unique  (cost=3999.35..4004.46 rows=1023 width=121)
	  ->  Sort  (cost=3999.35..4001.91 rows=1023 width=121)
	        Sort Key: c
	        ->  Bitmap Heap Scan on sbtest2  (cost=22.92..3948.20 rows=1023 width=121)
	              Recheck Cond: ((id >= 7701116) AND (id <= 7702115))
	              ->  Bitmap Index Scan on sbtest2_pkey  (cost=0.00..22.66 rows=1023 width=0)
	                    Index Cond: ((id >= 7701116) AND (id <= 7702115))

table 3 : explain SELECT DISTINCT c FROM sbtest3 WHERE id BETWEEN 2451359 AND 2452358 ORDER BY c
	Unique  (cost=3683.99..3688.70 rows=941 width=121)
	  ->  Sort  (cost=3683.99..3686.35 rows=941 width=121)
	        Sort Key: c
	        ->  Bitmap Heap Scan on sbtest3  (cost=22.08..3637.52 rows=941 width=121)
	              Recheck Cond: ((id >= 2451359) AND (id <= 2452358))
	              ->  Bitmap Index Scan on sbtest3_pkey  (cost=0.00..21.84 rows=941 width=0)
	                    Index Cond: ((id >= 2451359) AND (id <= 2452358))

table 4 : explain SELECT DISTINCT c FROM sbtest4 WHERE id BETWEEN 9547537 AND 9548536 ORDER BY c
	Unique  (cost=3944.85..3949.90 rows=1009 width=121)
	  ->  Sort  (cost=3944.85..3947.37 rows=1009 width=121)
	        Sort Key: c
	        ->  Bitmap Heap Scan on sbtest4  (cost=22.78..3894.51 rows=1009 width=121)
	              Recheck Cond: ((id >= 9547537) AND (id <= 9548536))
	              ->  Bitmap Index Scan on sbtest4_pkey  (cost=0.00..22.52 rows=1009 width=0)
	                    Index Cond: ((id >= 9547537) AND (id <= 9548536))

table 5 : explain SELECT DISTINCT c FROM sbtest5 WHERE id BETWEEN 9909684 AND 9910683 ORDER BY c
	Unique  (cost=4217.14..4222.53 rows=1079 width=121)
	  ->  Sort  (cost=4217.14..4219.84 rows=1079 width=121)
	        Sort Key: c
	        ->  Bitmap Heap Scan on sbtest5  (cost=27.49..4162.78 rows=1079 width=121)
	              Recheck Cond: ((id >= 9909684) AND (id <= 9910683))
	              ->  Bitmap Index Scan on sbtest5_pkey  (cost=0.00..27.22 rows=1079 width=0)
	                    Index Cond: ((id >= 9909684) AND (id <= 9910683))

table 6 : explain SELECT DISTINCT c FROM sbtest6 WHERE id BETWEEN 4655702 AND 4656701 ORDER BY c
	Unique  (cost=3918.32..3923.33 rows=1002 width=121)
	  ->  Sort  (cost=3918.32..3920.83 rows=1002 width=121)
	        Sort Key: c
	        ->  Bitmap Heap Scan on sbtest6  (cost=22.71..3868.38 rows=1002 width=121)
	              Recheck Cond: ((id >= 4655702) AND (id <= 4656701))
	              ->  Bitmap Index Scan on sbtest6_pkey  (cost=0.00..22.45 rows=1002 width=0)
	                    Index Cond: ((id >= 4655702) AND (id <= 4656701))

table 7 : explain SELECT DISTINCT c FROM sbtest7 WHERE id BETWEEN 9362191 AND 9363190 ORDER BY c
	Unique  (cost=4090.17..4095.41 rows=1047 width=121)
	  ->  Sort  (cost=4090.17..4092.79 rows=1047 width=121)
	        Sort Key: c
	        ->  Bitmap Heap Scan on sbtest7  (cost=23.17..4037.66 rows=1047 width=121)
	              Recheck Cond: ((id >= 9362191) AND (id <= 9363190))
	              ->  Bitmap Index Scan on sbtest7_pkey  (cost=0.00..22.90 rows=1047 width=0)
	                    Index Cond: ((id >= 9362191) AND (id <= 9363190))

table 8 : explain SELECT DISTINCT c FROM sbtest8 WHERE id BETWEEN 6455726 AND 6456725 ORDER BY c
	Unique  (cost=4101.94..4107.19 rows=1050 width=121)
	  ->  Sort  (cost=4101.94..4104.56 rows=1050 width=121)
	        Sort Key: c
	        ->  Bitmap Heap Scan on sbtest8  (cost=23.20..4049.25 rows=1050 width=121)
	              Recheck Cond: ((id >= 6455726) AND (id <= 6456725))
	              ->  Bitmap Index Scan on sbtest8_pkey  (cost=0.00..22.93 rows=1050 width=0)
	                    Index Cond: ((id >= 6455726) AND (id <= 6456725))

explain: for point_selects :: explain SELECT c FROM sbtest%u WHERE id=%u
for: distinct_ranges
table 1 : explain SELECT DISTINCT c FROM sbtest1 WHERE id BETWEEN 2887662 AND 2888661 ORDER BY c
	Unique  (cost=3929.61..3934.64 rows=1005 width=121)
	  ->  Sort  (cost=3929.61..3932.12 rows=1005 width=121)
	        Sort Key: c
	        ->  Bitmap Heap Scan on sbtest1  (cost=22.74..3879.50 rows=1005 width=121)
	              Recheck Cond: ((id >= 2887662) AND (id <= 2888661))
	              ->  Bitmap Index Scan on sbtest1_pkey  (cost=0.00..22.48 rows=1005 width=0)
	                    Index Cond: ((id >= 2887662) AND (id <= 2888661))

table 2 : explain SELECT DISTINCT c FROM sbtest2 WHERE id BETWEEN 8153312 AND 8154311 ORDER BY c
	Unique  (cost=4102.47..4107.72 rows=1050 width=121)
	  ->  Sort  (cost=4102.47..4105.10 rows=1050 width=121)
	        Sort Key: c
	        ->  Bitmap Heap Scan on sbtest2  (cost=23.20..4049.78 rows=1050 width=121)
	              Recheck Cond: ((id >= 8153312) AND (id <= 8154311))
	              ->  Bitmap Index Scan on sbtest2_pkey  (cost=0.00..22.93 rows=1050 width=0)
	                    Index Cond: ((id >= 8153312) AND (id <= 8154311))

table 3 : explain SELECT DISTINCT c FROM sbtest3 WHERE id BETWEEN 2924818 AND 2925817 ORDER BY c
	Unique  (cost=3580.57..3585.14 rows=914 width=121)
	  ->  Sort  (cost=3580.57..3582.86 rows=914 width=121)
	        Sort Key: c
	        ->  Bitmap Heap Scan on sbtest3  (cost=21.80..3535.62 rows=914 width=121)
	              Recheck Cond: ((id >= 2924818) AND (id <= 2925817))
	              ->  Bitmap Index Scan on sbtest3_pkey  (cost=0.00..21.57 rows=914 width=0)
	                    Index Cond: ((id >= 2924818) AND (id <= 2925817))

table 4 : explain SELECT DISTINCT c FROM sbtest4 WHERE id BETWEEN 6868783 AND 6869782 ORDER BY c
	Unique  (cost=3921.92..3926.93 rows=1003 width=121)
	  ->  Sort  (cost=3921.92..3924.43 rows=1003 width=121)
	        Sort Key: c
	        ->  Bitmap Heap Scan on sbtest4  (cost=22.72..3871.92 rows=1003 width=121)
	              Recheck Cond: ((id >= 6868783) AND (id <= 6869782))
	              ->  Bitmap Index Scan on sbtest4_pkey  (cost=0.00..22.46 rows=1003 width=0)
	                    Index Cond: ((id >= 6868783) AND (id <= 6869782))

table 5 : explain SELECT DISTINCT c FROM sbtest5 WHERE id BETWEEN 9112982 AND 9113981 ORDER BY c
	Unique  (cost=3513.07..3517.55 rows=896 width=121)
	  ->  Sort  (cost=3513.07..3515.31 rows=896 width=121)
	        Sort Key: c
	        ->  Bitmap Heap Scan on sbtest5  (cost=21.62..3469.13 rows=896 width=121)
	              Recheck Cond: ((id >= 9112982) AND (id <= 9113981))
	              ->  Bitmap Index Scan on sbtest5_pkey  (cost=0.00..21.39 rows=896 width=0)
	                    Index Cond: ((id >= 9112982) AND (id <= 9113981))

table 6 : explain SELECT DISTINCT c FROM sbtest6 WHERE id BETWEEN 9211280 AND 9212279 ORDER BY c
	Unique  (cost=4136.01..4141.31 rows=1059 width=121)
	  ->  Sort  (cost=4136.01..4138.66 rows=1059 width=121)
	        Sort Key: c
	        ->  Bitmap Heap Scan on sbtest6  (cost=23.29..4082.80 rows=1059 width=121)
	              Recheck Cond: ((id >= 9211280) AND (id <= 9212279))
	              ->  Bitmap Index Scan on sbtest6_pkey  (cost=0.00..23.02 rows=1059 width=0)
	                    Index Cond: ((id >= 9211280) AND (id <= 9212279))

table 7 : explain SELECT DISTINCT c FROM sbtest7 WHERE id BETWEEN 3517388 AND 3518387 ORDER BY c
	Unique  (cost=4002.35..4007.47 rows=1024 width=121)
	  ->  Sort  (cost=4002.35..4004.91 rows=1024 width=121)
	        Sort Key: c
	        ->  Bitmap Heap Scan on sbtest7  (cost=22.93..3951.15 rows=1024 width=121)
	              Recheck Cond: ((id >= 3517388) AND (id <= 3518387))
	              ->  Bitmap Index Scan on sbtest7_pkey  (cost=0.00..22.68 rows=1024 width=0)
	                    Index Cond: ((id >= 3517388) AND (id <= 3518387))

table 8 : explain SELECT DISTINCT c FROM sbtest8 WHERE id BETWEEN 8567983 AND 8568982 ORDER BY c
	Unique  (cost=4021.75..4026.90 rows=1029 width=121)
	  ->  Sort  (cost=4021.75..4024.33 rows=1029 width=121)
	        Sort Key: c
	        ->  Bitmap Heap Scan on sbtest8  (cost=22.98..3970.27 rows=1029 width=121)
	              Recheck Cond: ((id >= 8567983) AND (id <= 8568982))
	              ->  Bitmap Index Scan on sbtest8_pkey  (cost=0.00..22.72 rows=1029 width=0)
	                    Index Cond: ((id >= 8567983) AND (id <= 8568982))

for: sum_ranges
table 1 : explain SELECT SUM(k) FROM sbtest1 WHERE id BETWEEN 4091464 AND 4092463
	Aggregate  (cost=3889.54..3889.55 rows=1 width=8)
	  ->  Bitmap Heap Scan on sbtest1  (cost=22.76..3887.03 rows=1007 width=4)
	        Recheck Cond: ((id >= 4091464) AND (id <= 4092463))
	        ->  Bitmap Index Scan on sbtest1_pkey  (cost=0.00..22.50 rows=1007 width=0)
	              Index Cond: ((id >= 4091464) AND (id <= 4092463))

table 2 : explain SELECT SUM(k) FROM sbtest2 WHERE id BETWEEN 4084666 AND 4085665
	Aggregate  (cost=3815.09..3815.10 rows=1 width=8)
	  ->  Bitmap Heap Scan on sbtest2  (cost=22.55..3812.62 rows=987 width=4)
	        Recheck Cond: ((id >= 4084666) AND (id <= 4085665))
	        ->  Bitmap Index Scan on sbtest2_pkey  (cost=0.00..22.30 rows=987 width=0)
	              Index Cond: ((id >= 4084666) AND (id <= 4085665))

table 3 : explain SELECT SUM(k) FROM sbtest3 WHERE id BETWEEN 6194352 AND 6195351
	Aggregate  (cost=3658.74..3658.75 rows=1 width=8)
	  ->  Bitmap Heap Scan on sbtest3  (cost=22.13..3656.38 rows=946 width=4)
	        Recheck Cond: ((id >= 6194352) AND (id <= 6195351))
	        ->  Bitmap Index Scan on sbtest3_pkey  (cost=0.00..21.89 rows=946 width=0)
	              Index Cond: ((id >= 6194352) AND (id <= 6195351))

table 4 : explain SELECT SUM(k) FROM sbtest4 WHERE id BETWEEN 7286738 AND 7287737
	Aggregate  (cost=3712.30..3712.31 rows=1 width=8)
	  ->  Bitmap Heap Scan on sbtest4  (cost=22.27..3709.90 rows=960 width=4)
	        Recheck Cond: ((id >= 7286738) AND (id <= 7287737))
	        ->  Bitmap Index Scan on sbtest4_pkey  (cost=0.00..22.04 rows=960 width=0)
	              Index Cond: ((id >= 7286738) AND (id <= 7287737))

table 5 : explain SELECT SUM(k) FROM sbtest5 WHERE id BETWEEN 9148883 AND 9149882
	Aggregate  (cost=3637.70..3637.71 rows=1 width=8)
	  ->  Bitmap Heap Scan on sbtest5  (cost=22.07..3635.35 rows=940 width=4)
	        Recheck Cond: ((id >= 9148883) AND (id <= 9149882))
	        ->  Bitmap Index Scan on sbtest5_pkey  (cost=0.00..21.83 rows=940 width=0)
	              Index Cond: ((id >= 9148883) AND (id <= 9149882))

table 6 : explain SELECT SUM(k) FROM sbtest6 WHERE id BETWEEN 7646267 AND 7647266
	Aggregate  (cost=3765.33..3765.34 rows=1 width=8)
	  ->  Bitmap Heap Scan on sbtest6  (cost=22.42..3762.90 rows=974 width=4)
	        Recheck Cond: ((id >= 7646267) AND (id <= 7647266))
	        ->  Bitmap Index Scan on sbtest6_pkey  (cost=0.00..22.18 rows=974 width=0)
	              Index Cond: ((id >= 7646267) AND (id <= 7647266))

table 7 : explain SELECT SUM(k) FROM sbtest7 WHERE id BETWEEN 666314 AND 667313
	Aggregate  (cost=3791.69..3791.70 rows=1 width=8)
	  ->  Bitmap Heap Scan on sbtest7  (cost=22.49..3789.24 rows=981 width=4)
	        Recheck Cond: ((id >= 666314) AND (id <= 667313))
	        ->  Bitmap Index Scan on sbtest7_pkey  (cost=0.00..22.25 rows=981 width=0)
	              Index Cond: ((id >= 666314) AND (id <= 667313))

table 8 : explain SELECT SUM(k) FROM sbtest8 WHERE id BETWEEN 9940499 AND 9941498
	Aggregate  (cost=3659.91..3659.92 rows=1 width=8)
	  ->  Bitmap Heap Scan on sbtest8  (cost=22.13..3657.54 rows=946 width=4)
	        Recheck Cond: ((id >= 9940499) AND (id <= 9941498))
	        ->  Bitmap Index Scan on sbtest8_pkey  (cost=0.00..21.89 rows=946 width=0)
	              Index Cond: ((id >= 9940499) AND (id <= 9941498))

for: order_ranges
table 1 : explain SELECT c FROM sbtest1 WHERE id BETWEEN 8837778 AND 8838777 ORDER BY c
	Sort  (cost=3971.65..3974.19 rows=1016 width=121)
	  Sort Key: c
	  ->  Bitmap Heap Scan on sbtest1  (cost=22.85..3920.90 rows=1016 width=121)
	        Recheck Cond: ((id >= 8837778) AND (id <= 8838777))
	        ->  Bitmap Index Scan on sbtest1_pkey  (cost=0.00..22.59 rows=1016 width=0)
	              Index Cond: ((id >= 8837778) AND (id <= 8838777))

table 2 : explain SELECT c FROM sbtest2 WHERE id BETWEEN 9462771 AND 9463770 ORDER BY c
	Sort  (cost=3697.10..3699.46 rows=944 width=121)
	  Sort Key: c
	  ->  Bitmap Heap Scan on sbtest2  (cost=22.11..3650.45 rows=944 width=121)
	        Recheck Cond: ((id >= 9462771) AND (id <= 9463770))
	        ->  Bitmap Index Scan on sbtest2_pkey  (cost=0.00..21.87 rows=944 width=0)
	              Index Cond: ((id >= 9462771) AND (id <= 9463770))

table 3 : explain SELECT c FROM sbtest3 WHERE id BETWEEN 1175997 AND 1176996 ORDER BY c
	Sort  (cost=3966.97..3969.51 rows=1015 width=121)
	  Sort Key: c
	  ->  Bitmap Heap Scan on sbtest3  (cost=22.84..3916.28 rows=1015 width=121)
	        Recheck Cond: ((id >= 1175997) AND (id <= 1176996))
	        ->  Bitmap Index Scan on sbtest3_pkey  (cost=0.00..22.58 rows=1015 width=0)
	              Index Cond: ((id >= 1175997) AND (id <= 1176996))

table 4 : explain SELECT c FROM sbtest4 WHERE id BETWEEN 755211 AND 756210 ORDER BY c
	Sort  (cost=4277.12..4279.86 rows=1096 width=121)
	  Sort Key: c
	  ->  Bitmap Heap Scan on sbtest4  (cost=27.67..4221.78 rows=1096 width=121)
	        Recheck Cond: ((id >= 755211) AND (id <= 756210))
	        ->  Bitmap Index Scan on sbtest4_pkey  (cost=0.00..27.39 rows=1096 width=0)
	              Index Cond: ((id >= 755211) AND (id <= 756210))

table 5 : explain SELECT c FROM sbtest5 WHERE id BETWEEN 6729938 AND 6730937 ORDER BY c
	Sort  (cost=3754.54..3756.94 rows=959 width=121)
	  Sort Key: c
	  ->  Bitmap Heap Scan on sbtest5  (cost=22.26..3707.05 rows=959 width=121)
	        Recheck Cond: ((id >= 6729938) AND (id <= 6730937))
	        ->  Bitmap Index Scan on sbtest5_pkey  (cost=0.00..22.02 rows=959 width=0)
	              Index Cond: ((id >= 6729938) AND (id <= 6730937))

table 6 : explain SELECT c FROM sbtest6 WHERE id BETWEEN 8028813 AND 8029812 ORDER BY c
	Sort  (cost=3631.29..3633.60 rows=927 width=121)
	  Sort Key: c
	  ->  Bitmap Heap Scan on sbtest6  (cost=21.94..3585.60 rows=927 width=121)
	        Recheck Cond: ((id >= 8028813) AND (id <= 8029812))
	        ->  Bitmap Index Scan on sbtest6_pkey  (cost=0.00..21.70 rows=927 width=0)
	              Index Cond: ((id >= 8028813) AND (id <= 8029812))

table 7 : explain SELECT c FROM sbtest7 WHERE id BETWEEN 2063010 AND 2064009 ORDER BY c
	Sort  (cost=4177.93..4180.61 rows=1070 width=121)
	  Sort Key: c
	  ->  Bitmap Heap Scan on sbtest7  (cost=23.40..4124.09 rows=1070 width=121)
	        Recheck Cond: ((id >= 2063010) AND (id <= 2064009))
	        ->  Bitmap Index Scan on sbtest7_pkey  (cost=0.00..23.14 rows=1070 width=0)
	              Index Cond: ((id >= 2063010) AND (id <= 2064009))

table 8 : explain SELECT c FROM sbtest8 WHERE id BETWEEN 1806040 AND 1807039 ORDER BY c
	Sort  (cost=3807.66..3810.10 rows=973 width=121)
	  Sort Key: c
	  ->  Bitmap Heap Scan on sbtest8  (cost=22.41..3759.37 rows=973 width=121)
	        Recheck Cond: ((id >= 1806040) AND (id <= 1807039))
	        ->  Bitmap Index Scan on sbtest8_pkey  (cost=0.00..22.16 rows=973 width=0)
	              Index Cond: ((id >= 1806040) AND (id <= 1807039))

for: simple_ranges
table 1 : explain SELECT c FROM sbtest1 WHERE id BETWEEN 5317357 AND 5318356
	Bitmap Heap Scan on sbtest1  (cost=22.43..3766.49 rows=975 width=121)
	  Recheck Cond: ((id >= 5317357) AND (id <= 5318356))
	  ->  Bitmap Index Scan on sbtest1_pkey  (cost=0.00..22.18 rows=975 width=0)
	        Index Cond: ((id >= 5317357) AND (id <= 5318356))

table 2 : explain SELECT c FROM sbtest2 WHERE id BETWEEN 4571995 AND 4572994
	Bitmap Heap Scan on sbtest2  (cost=21.69..3495.60 rows=903 width=121)
	  Recheck Cond: ((id >= 4571995) AND (id <= 4572994))
	  ->  Bitmap Index Scan on sbtest2_pkey  (cost=0.00..21.46 rows=903 width=0)
	        Index Cond: ((id >= 4571995) AND (id <= 4572994))

table 3 : explain SELECT c FROM sbtest3 WHERE id BETWEEN 6242097 AND 6243096
	Bitmap Heap Scan on sbtest3  (cost=23.06..3999.02 rows=1037 width=121)
	  Recheck Cond: ((id >= 6242097) AND (id <= 6243096))
	  ->  Bitmap Index Scan on sbtest3_pkey  (cost=0.00..22.80 rows=1037 width=0)
	        Index Cond: ((id >= 6242097) AND (id <= 6243096))

table 4 : explain SELECT c FROM sbtest4 WHERE id BETWEEN 4414586 AND 4415585
	Bitmap Heap Scan on sbtest4  (cost=22.36..3740.06 rows=968 width=121)
	  Recheck Cond: ((id >= 4414586) AND (id <= 4415585))
	  ->  Bitmap Index Scan on sbtest4_pkey  (cost=0.00..22.11 rows=968 width=0)
	        Index Cond: ((id >= 4414586) AND (id <= 4415585))

table 5 : explain SELECT c FROM sbtest5 WHERE id BETWEEN 2163502 AND 2164501
	Bitmap Heap Scan on sbtest5  (cost=27.90..4309.23 rows=1119 width=121)
	  Recheck Cond: ((id >= 2163502) AND (id <= 2164501))
	  ->  Bitmap Index Scan on sbtest5_pkey  (cost=0.00..27.62 rows=1119 width=0)
	        Index Cond: ((id >= 2163502) AND (id <= 2164501))

table 6 : explain SELECT c FROM sbtest6 WHERE id BETWEEN 9951520 AND 9952519
	Bitmap Heap Scan on sbtest6  (cost=22.48..3785.51 rows=980 width=121)
	  Recheck Cond: ((id >= 9951520) AND (id <= 9952519))
	  ->  Bitmap Index Scan on sbtest6_pkey  (cost=0.00..22.23 rows=980 width=0)
	        Index Cond: ((id >= 9951520) AND (id <= 9952519))

table 7 : explain SELECT c FROM sbtest7 WHERE id BETWEEN 8264827 AND 8265826
	Bitmap Heap Scan on sbtest7  (cost=23.43..4135.36 rows=1073 width=121)
	  Recheck Cond: ((id >= 8264827) AND (id <= 8265826))
	  ->  Bitmap Index Scan on sbtest7_pkey  (cost=0.00..23.16 rows=1073 width=0)
	        Index Cond: ((id >= 8264827) AND (id <= 8265826))

table 8 : explain SELECT c FROM sbtest8 WHERE id BETWEEN 4611671 AND 4612670
	Bitmap Heap Scan on sbtest8  (cost=22.67..3857.34 rows=999 width=121)
	  Recheck Cond: ((id >= 4611671) AND (id <= 4612670))
	  ->  Bitmap Index Scan on sbtest8_pkey  (cost=0.00..22.43 rows=999 width=0)
	        Index Cond: ((id >= 4611671) AND (id <= 4612670))

for: order_ranges
table 1 : explain SELECT c FROM sbtest1 WHERE id BETWEEN 5259410 AND 5260409 ORDER BY c
	Sort  (cost=3814.90..3817.34 rows=975 width=121)
	  Sort Key: c
	  ->  Bitmap Heap Scan on sbtest1  (cost=22.43..3766.49 rows=975 width=121)
	        Recheck Cond: ((id >= 5259410) AND (id <= 5260409))
	        ->  Bitmap Index Scan on sbtest1_pkey  (cost=0.00..22.18 rows=975 width=0)
	              Index Cond: ((id >= 5259410) AND (id <= 5260409))

table 2 : explain SELECT c FROM sbtest2 WHERE id BETWEEN 3916771 AND 3917770 ORDER BY c
	Sort  (cost=4006.99..4009.55 rows=1025 width=121)
	  Sort Key: c
	  ->  Bitmap Heap Scan on sbtest2  (cost=22.94..3955.73 rows=1025 width=121)
	        Recheck Cond: ((id >= 3916771) AND (id <= 3917770))
	        ->  Bitmap Index Scan on sbtest2_pkey  (cost=0.00..22.68 rows=1025 width=0)
	              Index Cond: ((id >= 3916771) AND (id <= 3917770))

table 3 : explain SELECT c FROM sbtest3 WHERE id BETWEEN 9874996 AND 9875995 ORDER BY c
	Sort  (cost=3921.13..3923.63 rows=1003 width=121)
	  Sort Key: c
	  ->  Bitmap Heap Scan on sbtest3  (cost=22.72..3871.13 rows=1003 width=121)
	        Recheck Cond: ((id >= 9874996) AND (id <= 9875995))
	        ->  Bitmap Index Scan on sbtest3_pkey  (cost=0.00..22.46 rows=1003 width=0)
	              Index Cond: ((id >= 9874996) AND (id <= 9875995))

table 4 : explain SELECT c FROM sbtest4 WHERE id BETWEEN 4761358 AND 4762357 ORDER BY c
	Sort  (cost=3481.56..3483.78 rows=888 width=121)
	  Sort Key: c
	  ->  Bitmap Heap Scan on sbtest4  (cost=21.54..3438.07 rows=888 width=121)
	        Recheck Cond: ((id >= 4761358) AND (id <= 4762357))
	        ->  Bitmap Index Scan on sbtest4_pkey  (cost=0.00..21.32 rows=888 width=0)
	              Index Cond: ((id >= 4761358) AND (id <= 4762357))

table 5 : explain SELECT c FROM sbtest5 WHERE id BETWEEN 3151173 AND 3152172 ORDER BY c
	Sort  (cost=3819.62..3822.06 rows=976 width=121)
	  Sort Key: c
	  ->  Bitmap Heap Scan on sbtest5  (cost=22.44..3771.16 rows=976 width=121)
	        Recheck Cond: ((id >= 3151173) AND (id <= 3152172))
	        ->  Bitmap Index Scan on sbtest5_pkey  (cost=0.00..22.19 rows=976 width=0)
	              Index Cond: ((id >= 3151173) AND (id <= 3152172))

table 6 : explain SELECT c FROM sbtest6 WHERE id BETWEEN 9165079 AND 9166078 ORDER BY c
	Sort  (cost=4136.01..4138.66 rows=1059 width=121)
	  Sort Key: c
	  ->  Bitmap Heap Scan on sbtest6  (cost=23.29..4082.80 rows=1059 width=121)
	        Recheck Cond: ((id >= 9165079) AND (id <= 9166078))
	        ->  Bitmap Index Scan on sbtest6_pkey  (cost=0.00..23.02 rows=1059 width=0)
	              Index Cond: ((id >= 9165079) AND (id <= 9166078))

table 7 : explain SELECT c FROM sbtest7 WHERE id BETWEEN 2736510 AND 2737509 ORDER BY c
	Sort  (cost=4052.00..4054.59 rows=1037 width=121)
	  Sort Key: c
	  ->  Bitmap Heap Scan on sbtest7  (cost=23.06..4000.05 rows=1037 width=121)
	        Recheck Cond: ((id >= 2736510) AND (id <= 2737509))
	        ->  Bitmap Index Scan on sbtest7_pkey  (cost=0.00..22.80 rows=1037 width=0)
	              Index Cond: ((id >= 2736510) AND (id <= 2737509))

table 8 : explain SELECT c FROM sbtest8 WHERE id BETWEEN 3382498 AND 3383497 ORDER BY c
	Sort  (cost=3731.11..3733.49 rows=953 width=121)
	  Sort Key: c
	  ->  Bitmap Heap Scan on sbtest8  (cost=22.20..3683.95 rows=953 width=121)
	        Recheck Cond: ((id >= 3382498) AND (id <= 3383497))
	        ->  Bitmap Index Scan on sbtest8_pkey  (cost=0.00..21.96 rows=953 width=0)
	              Index Cond: ((id >= 3382498) AND (id <= 3383497))

for: distinct_ranges
table 1 : explain SELECT DISTINCT c FROM sbtest1 WHERE id BETWEEN 8572492 AND 8573491 ORDER BY c
	Unique  (cost=3707.73..3712.47 rows=947 width=121)
	  ->  Sort  (cost=3707.73..3710.10 rows=947 width=121)
	        Sort Key: c
	        ->  Bitmap Heap Scan on sbtest1  (cost=22.14..3660.92 rows=947 width=121)
	              Recheck Cond: ((id >= 8572492) AND (id <= 8573491))
	              ->  Bitmap Index Scan on sbtest1_pkey  (cost=0.00..21.90 rows=947 width=0)
	                    Index Cond: ((id >= 8572492) AND (id <= 8573491))

table 2 : explain SELECT DISTINCT c FROM sbtest2 WHERE id BETWEEN 5474774 AND 5475773 ORDER BY c
	Unique  (cost=3685.60..3690.31 rows=941 width=121)
	  ->  Sort  (cost=3685.60..3687.96 rows=941 width=121)
	        Sort Key: c
	        ->  Bitmap Heap Scan on sbtest2  (cost=22.08..3639.13 rows=941 width=121)
	              Recheck Cond: ((id >= 5474774) AND (id <= 5475773))
	              ->  Bitmap Index Scan on sbtest2_pkey  (cost=0.00..21.84 rows=941 width=0)
	                    Index Cond: ((id >= 5474774) AND (id <= 5475773))

table 3 : explain SELECT DISTINCT c FROM sbtest3 WHERE id BETWEEN 2186328 AND 2187327 ORDER BY c
	Unique  (cost=3798.80..3803.65 rows=971 width=121)
	  ->  Sort  (cost=3798.80..3801.22 rows=971 width=121)
	        Sort Key: c
	        ->  Bitmap Heap Scan on sbtest3  (cost=22.39..3750.62 rows=971 width=121)
	              Recheck Cond: ((id >= 2186328) AND (id <= 2187327))
	              ->  Bitmap Index Scan on sbtest3_pkey  (cost=0.00..22.14 rows=971 width=0)
	                    Index Cond: ((id >= 2186328) AND (id <= 2187327))

table 4 : explain SELECT DISTINCT c FROM sbtest4 WHERE id BETWEEN 2015500 AND 2016499 ORDER BY c
	Unique  (cost=3788.07..3792.91 rows=968 width=121)
	  ->  Sort  (cost=3788.07..3790.49 rows=968 width=121)
	        Sort Key: c
	        ->  Bitmap Heap Scan on sbtest4  (cost=22.36..3740.06 rows=968 width=121)
	              Recheck Cond: ((id >= 2015500) AND (id <= 2016499))
	              ->  Bitmap Index Scan on sbtest4_pkey  (cost=0.00..22.11 rows=968 width=0)
	                    Index Cond: ((id >= 2015500) AND (id <= 2016499))

table 5 : explain SELECT DISTINCT c FROM sbtest5 WHERE id BETWEEN 7263797 AND 7264796 ORDER BY c
	Unique  (cost=3903.95..3908.94 rows=997 width=121)
	  ->  Sort  (cost=3903.95..3906.45 rows=997 width=121)
	        Sort Key: c
	        ->  Bitmap Heap Scan on sbtest5  (cost=26.65..3854.30 rows=997 width=121)
	              Recheck Cond: ((id >= 7263797) AND (id <= 7264796))
	              ->  Bitmap Index Scan on sbtest5_pkey  (cost=0.00..26.40 rows=997 width=0)
	                    Index Cond: ((id >= 7263797) AND (id <= 7264796))

table 6 : explain SELECT DISTINCT c FROM sbtest6 WHERE id BETWEEN 5080194 AND 5081193 ORDER BY c
	Unique  (cost=4063.49..4068.69 rows=1040 width=121)
	  ->  Sort  (cost=4063.49..4066.09 rows=1040 width=121)
	        Sort Key: c
	        ->  Bitmap Heap Scan on sbtest6  (cost=23.09..4011.38 rows=1040 width=121)
	              Recheck Cond: ((id >= 5080194) AND (id <= 5081193))
	              ->  Bitmap Index Scan on sbtest6_pkey  (cost=0.00..22.83 rows=1040 width=0)
	                    Index Cond: ((id >= 5080194) AND (id <= 5081193))

table 7 : explain SELECT DISTINCT c FROM sbtest7 WHERE id BETWEEN 4837746 AND 4838745 ORDER BY c
	Unique  (cost=3868.58..3873.53 rows=989 width=121)
	  ->  Sort  (cost=3868.58..3871.06 rows=989 width=121)
	        Sort Key: c
	        ->  Bitmap Heap Scan on sbtest7  (cost=22.57..3819.38 rows=989 width=121)
	              Recheck Cond: ((id >= 4837746) AND (id <= 4838745))
	              ->  Bitmap Index Scan on sbtest7_pkey  (cost=0.00..22.32 rows=989 width=0)
	                    Index Cond: ((id >= 4837746) AND (id <= 4838745))

table 8 : explain SELECT DISTINCT c FROM sbtest8 WHERE id BETWEEN 4099189 AND 4100188 ORDER BY c
	Unique  (cost=3765.56..3770.37 rows=962 width=121)
	  ->  Sort  (cost=3765.56..3767.97 rows=962 width=121)
	        Sort Key: c
	        ->  Bitmap Heap Scan on sbtest8  (cost=22.30..3717.90 rows=962 width=121)
	              Recheck Cond: ((id >= 4099189) AND (id <= 4100188))
	              ->  Bitmap Index Scan on sbtest8_pkey  (cost=0.00..22.05 rows=962 width=0)
	                    Index Cond: ((id >= 4099189) AND (id <= 4100188))

for point_selects
table 1 : explain SELECT c FROM sbtest1 WHERE id=1035159
	Index Scan using sbtest1_pkey on sbtest1  (cost=0.43..8.45 rows=1 width=121)
	  Index Cond: (id = 1035159)

table 2 : explain SELECT c FROM sbtest2 WHERE id=9659358
	Index Scan using sbtest2_pkey on sbtest2  (cost=0.43..8.45 rows=1 width=121)
	  Index Cond: (id = 9659358)

table 3 : explain SELECT c FROM sbtest3 WHERE id=6941396
	Index Scan using sbtest3_pkey on sbtest3  (cost=0.43..8.45 rows=1 width=121)
	  Index Cond: (id = 6941396)

table 4 : explain SELECT c FROM sbtest4 WHERE id=7495378
	Index Scan using sbtest4_pkey on sbtest4  (cost=0.43..8.45 rows=1 width=121)
	  Index Cond: (id = 7495378)

table 5 : explain SELECT c FROM sbtest5 WHERE id=1928576
	Index Scan using sbtest5_pkey on sbtest5  (cost=0.43..8.45 rows=1 width=121)
	  Index Cond: (id = 1928576)

table 6 : explain SELECT c FROM sbtest6 WHERE id=9190002
	Index Scan using sbtest6_pkey on sbtest6  (cost=0.43..8.45 rows=1 width=121)
	  Index Cond: (id = 9190002)

table 7 : explain SELECT c FROM sbtest7 WHERE id=7414006
	Index Scan using sbtest7_pkey on sbtest7  (cost=0.43..8.45 rows=1 width=121)
	  Index Cond: (id = 7414006)

table 8 : explain SELECT c FROM sbtest8 WHERE id=7984996
	Index Scan using sbtest8_pkey on sbtest8  (cost=0.43..8.45 rows=1 width=121)
	  Index Cond: (id = 7984996)

for: order_ranges
table 1 : explain SELECT c FROM sbtest1 WHERE id BETWEEN 9456063 AND 9457062 ORDER BY c
	Sort  (cost=4185.41..4188.09 rows=1072 width=121)
	  Sort Key: c
	  ->  Bitmap Heap Scan on sbtest1  (cost=23.42..4131.45 rows=1072 width=121)
	        Recheck Cond: ((id >= 9456063) AND (id <= 9457062))
	        ->  Bitmap Index Scan on sbtest1_pkey  (cost=0.00..23.15 rows=1072 width=0)
	              Index Cond: ((id >= 9456063) AND (id <= 9457062))

table 2 : explain SELECT c FROM sbtest2 WHERE id BETWEEN 8159525 AND 8160524 ORDER BY c
	Sort  (cost=4102.47..4105.10 rows=1050 width=121)
	  Sort Key: c
	  ->  Bitmap Heap Scan on sbtest2  (cost=23.20..4049.78 rows=1050 width=121)
	        Recheck Cond: ((id >= 8159525) AND (id <= 8160524))
	        ->  Bitmap Index Scan on sbtest2_pkey  (cost=0.00..22.93 rows=1050 width=0)
	              Index Cond: ((id >= 8159525) AND (id <= 8160524))

table 3 : explain SELECT c FROM sbtest3 WHERE id BETWEEN 1824017 AND 1825016 ORDER BY c
	Sort  (cost=4401.88..4404.70 rows=1129 width=121)
	  Sort Key: c
	  ->  Bitmap Heap Scan on sbtest3  (cost=28.01..4344.63 rows=1129 width=121)
	        Recheck Cond: ((id >= 1824017) AND (id <= 1825016))
	        ->  Bitmap Index Scan on sbtest3_pkey  (cost=0.00..27.72 rows=1129 width=0)
	              Index Cond: ((id >= 1824017) AND (id <= 1825016))

table 4 : explain SELECT c FROM sbtest4 WHERE id BETWEEN 3781453 AND 3782452 ORDER BY c
	Sort  (cost=3906.63..3909.13 rows=999 width=121)
	  Sort Key: c
	  ->  Bitmap Heap Scan on sbtest4  (cost=22.67..3856.86 rows=999 width=121)
	        Recheck Cond: ((id >= 3781453) AND (id <= 3782452))
	        ->  Bitmap Index Scan on sbtest4_pkey  (cost=0.00..22.43 rows=999 width=0)
	              Index Cond: ((id >= 3781453) AND (id <= 3782452))

table 5 : explain SELECT c FROM sbtest5 WHERE id BETWEEN 2199153 AND 2200152 ORDER BY c
	Sort  (cost=4175.17..4177.84 rows=1068 width=121)
	  Sort Key: c
	  ->  Bitmap Heap Scan on sbtest5  (cost=27.38..4121.45 rows=1068 width=121)
	        Recheck Cond: ((id >= 2199153) AND (id <= 2200152))
	        ->  Bitmap Index Scan on sbtest5_pkey  (cost=0.00..27.11 rows=1068 width=0)
	              Index Cond: ((id >= 2199153) AND (id <= 2200152))

table 6 : explain SELECT c FROM sbtest6 WHERE id BETWEEN 4507917 AND 4508916 ORDER BY c
	Sort  (cost=3922.15..3924.65 rows=1003 width=121)
	  Sort Key: c
	  ->  Bitmap Heap Scan on sbtest6  (cost=22.72..3872.15 rows=1003 width=121)
	        Recheck Cond: ((id >= 4507917) AND (id <= 4508916))
	        ->  Bitmap Index Scan on sbtest6_pkey  (cost=0.00..22.46 rows=1003 width=0)
	              Index Cond: ((id >= 4507917) AND (id <= 4508916))

table 7 : explain SELECT c FROM sbtest7 WHERE id BETWEEN 3339450 AND 3340449 ORDER BY c
	Sort  (cost=3600.59..3602.89 rows=919 width=121)
	  Sort Key: c
	  ->  Bitmap Heap Scan on sbtest7  (cost=21.85..3555.36 rows=919 width=121)
	        Recheck Cond: ((id >= 3339450) AND (id <= 3340449))
	        ->  Bitmap Index Scan on sbtest7_pkey  (cost=0.00..21.62 rows=919 width=0)
	              Index Cond: ((id >= 3339450) AND (id <= 3340449))

table 8 : explain SELECT c FROM sbtest8 WHERE id BETWEEN 3630710 AND 3631709 ORDER BY c
	Sort  (cost=4040.85..4043.44 rows=1034 width=121)
	  Sort Key: c
	  ->  Bitmap Heap Scan on sbtest8  (cost=23.03..3989.08 rows=1034 width=121)
	        Recheck Cond: ((id >= 3630710) AND (id <= 3631709))
	        ->  Bitmap Index Scan on sbtest8_pkey  (cost=0.00..22.77 rows=1034 width=0)
	              Index Cond: ((id >= 3630710) AND (id <= 3631709))

for: order_ranges
table 1 : explain SELECT c FROM sbtest1 WHERE id BETWEEN 6085016 AND 6086015 ORDER BY c
	Sort  (cost=3638.79..3641.11 rows=929 width=121)
	  Sort Key: c
	  ->  Bitmap Heap Scan on sbtest1  (cost=21.96..3592.99 rows=929 width=121)
	        Recheck Cond: ((id >= 6085016) AND (id <= 6086015))
	        ->  Bitmap Index Scan on sbtest1_pkey  (cost=0.00..21.72 rows=929 width=0)
	              Index Cond: ((id >= 6085016) AND (id <= 6086015))

table 2 : explain SELECT c FROM sbtest2 WHERE id BETWEEN 6479451 AND 6480450 ORDER BY c
	Sort  (cost=4052.83..4055.42 rows=1037 width=121)
	  Sort Key: c
	  ->  Bitmap Heap Scan on sbtest2  (cost=23.06..4000.89 rows=1037 width=121)
	        Recheck Cond: ((id >= 6479451) AND (id <= 6480450))
	        ->  Bitmap Index Scan on sbtest2_pkey  (cost=0.00..22.80 rows=1037 width=0)
	              Index Cond: ((id >= 6479451) AND (id <= 6480450))

table 3 : explain SELECT c FROM sbtest3 WHERE id BETWEEN 2060405 AND 2061404 ORDER BY c
	Sort  (cost=3691.65..3694.01 rows=943 width=121)
	  Sort Key: c
	  ->  Bitmap Heap Scan on sbtest3  (cost=22.10..3645.06 rows=943 width=121)
	        Recheck Cond: ((id >= 2060405) AND (id <= 2061404))
	        ->  Bitmap Index Scan on sbtest3_pkey  (cost=0.00..21.86 rows=943 width=0)
	              Index Cond: ((id >= 2060405) AND (id <= 2061404))

table 4 : explain SELECT c FROM sbtest4 WHERE id BETWEEN 365454 AND 366453 ORDER BY c
	Sort  (cost=3680.88..3683.23 rows=940 width=121)
	  Sort Key: c
	  ->  Bitmap Heap Scan on sbtest4  (cost=22.07..3634.46 rows=940 width=121)
	        Recheck Cond: ((id >= 365454) AND (id <= 366453))
	        ->  Bitmap Index Scan on sbtest4_pkey  (cost=0.00..21.83 rows=940 width=0)
	              Index Cond: ((id >= 365454) AND (id <= 366453))

table 5 : explain SELECT c FROM sbtest5 WHERE id BETWEEN 7858244 AND 7859243 ORDER BY c
	Sort  (cost=4133.19..4135.84 rows=1057 width=121)
	  Sort Key: c
	  ->  Bitmap Heap Scan on sbtest5  (cost=27.27..4080.10 rows=1057 width=121)
	        Recheck Cond: ((id >= 7858244) AND (id <= 7859243))
	        ->  Bitmap Index Scan on sbtest5_pkey  (cost=0.00..27.00 rows=1057 width=0)
	              Index Cond: ((id >= 7858244) AND (id <= 7859243))

table 6 : explain SELECT c FROM sbtest6 WHERE id BETWEEN 4645516 AND 4646515 ORDER BY c
	Sort  (cost=3918.32..3920.83 rows=1002 width=121)
	  Sort Key: c
	  ->  Bitmap Heap Scan on sbtest6  (cost=22.71..3868.38 rows=1002 width=121)
	        Recheck Cond: ((id >= 4645516) AND (id <= 4646515))
	        ->  Bitmap Index Scan on sbtest6_pkey  (cost=0.00..22.45 rows=1002 width=0)
	              Index Cond: ((id >= 4645516) AND (id <= 4646515))

table 7 : explain SELECT c FROM sbtest7 WHERE id BETWEEN 917215 AND 918214 ORDER BY c
	Sort  (cost=4170.30..4172.97 rows=1068 width=121)
	  Sort Key: c
	  ->  Bitmap Heap Scan on sbtest7  (cost=23.38..4116.58 rows=1068 width=121)
	        Recheck Cond: ((id >= 917215) AND (id <= 918214))
	        ->  Bitmap Index Scan on sbtest7_pkey  (cost=0.00..23.11 rows=1068 width=0)
	              Index Cond: ((id >= 917215) AND (id <= 918214))

table 8 : explain SELECT c FROM sbtest8 WHERE id BETWEEN 1549525 AND 1550524 ORDER BY c
	Sort  (cost=3796.18..3798.61 rows=970 width=121)
	  Sort Key: c
	  ->  Bitmap Heap Scan on sbtest8  (cost=22.38..3748.06 rows=970 width=121)
	        Recheck Cond: ((id >= 1549525) AND (id <= 1550524))
	        ->  Bitmap Index Scan on sbtest8_pkey  (cost=0.00..22.14 rows=970 width=0)
	              Index Cond: ((id >= 1549525) AND (id <= 1550524))

for: distinct_ranges
table 1 : explain SELECT DISTINCT c FROM sbtest1 WHERE id BETWEEN 5744509 AND 5745508 ORDER BY c
	Unique  (cost=3734.53..3739.30 rows=954 width=121)
	  ->  Sort  (cost=3734.53..3736.92 rows=954 width=121)
	        Sort Key: c
	        ->  Bitmap Heap Scan on sbtest1  (cost=22.21..3687.32 rows=954 width=121)
	              Recheck Cond: ((id >= 5744509) AND (id <= 5745508))
	              ->  Bitmap Index Scan on sbtest1_pkey  (cost=0.00..21.97 rows=954 width=0)
	                    Index Cond: ((id >= 5744509) AND (id <= 5745508))

table 2 : explain SELECT DISTINCT c FROM sbtest2 WHERE id BETWEEN 74559 AND 75558 ORDER BY c
	Unique  (cost=3884.66..3889.62 rows=993 width=121)
	  ->  Sort  (cost=3884.66..3887.14 rows=993 width=121)
	        Sort Key: c
	        ->  Bitmap Heap Scan on sbtest2  (cost=22.61..3835.23 rows=993 width=121)
	              Recheck Cond: ((id >= 74559) AND (id <= 75558))
	              ->  Bitmap Index Scan on sbtest2_pkey  (cost=0.00..22.36 rows=993 width=0)
	                    Index Cond: ((id >= 74559) AND (id <= 75558))

table 3 : explain SELECT DISTINCT c FROM sbtest3 WHERE id BETWEEN 7813171 AND 7814170 ORDER BY c
	Unique  (cost=3921.13..3926.14 rows=1003 width=121)
	  ->  Sort  (cost=3921.13..3923.63 rows=1003 width=121)
	        Sort Key: c
	        ->  Bitmap Heap Scan on sbtest3  (cost=22.72..3871.13 rows=1003 width=121)
	              Recheck Cond: ((id >= 7813171) AND (id <= 7814170))
	              ->  Bitmap Index Scan on sbtest3_pkey  (cost=0.00..22.46 rows=1003 width=0)
	                    Index Cond: ((id >= 7813171) AND (id <= 7814170))

table 4 : explain SELECT DISTINCT c FROM sbtest4 WHERE id BETWEEN 1286456 AND 1287455 ORDER BY c
	Unique  (cost=3948.67..3953.72 rows=1010 width=121)
	  ->  Sort  (cost=3948.67..3951.20 rows=1010 width=121)
	        Sort Key: c
	        ->  Bitmap Heap Scan on sbtest4  (cost=22.79..3898.27 rows=1010 width=121)
	              Recheck Cond: ((id >= 1286456) AND (id <= 1287455))
	              ->  Bitmap Index Scan on sbtest4_pkey  (cost=0.00..22.54 rows=1010 width=0)
	                    Index Cond: ((id >= 1286456) AND (id <= 1287455))

table 5 : explain SELECT DISTINCT c FROM sbtest5 WHERE id BETWEEN 3017492 AND 3018491 ORDER BY c
	Unique  (cost=4266.72..4272.18 rows=1092 width=121)
	  ->  Sort  (cost=4266.72..4269.45 rows=1092 width=121)
	        Sort Key: c
	        ->  Bitmap Heap Scan on sbtest5  (cost=27.63..4211.61 rows=1092 width=121)
	              Recheck Cond: ((id >= 3017492) AND (id <= 3018491))
	              ->  Bitmap Index Scan on sbtest5_pkey  (cost=0.00..27.36 rows=1092 width=0)
	                    Index Cond: ((id >= 3017492) AND (id <= 3018491))

table 6 : explain SELECT DISTINCT c FROM sbtest6 WHERE id BETWEEN 7123601 AND 7124600 ORDER BY c
	Unique  (cost=4002.39..4007.51 rows=1024 width=121)
	  ->  Sort  (cost=4002.39..4004.95 rows=1024 width=121)
	        Sort Key: c
	        ->  Bitmap Heap Scan on sbtest6  (cost=22.93..3951.19 rows=1024 width=121)
	              Recheck Cond: ((id >= 7123601) AND (id <= 7124600))
	              ->  Bitmap Index Scan on sbtest6_pkey  (cost=0.00..22.68 rows=1024 width=0)
	                    Index Cond: ((id >= 7123601) AND (id <= 7124600))

table 7 : explain SELECT DISTINCT c FROM sbtest7 WHERE id BETWEEN 2266939 AND 2267938 ORDER BY c
	Unique  (cost=4101.62..4106.87 rows=1050 width=121)
	  ->  Sort  (cost=4101.62..4104.25 rows=1050 width=121)
	        Sort Key: c
	        ->  Bitmap Heap Scan on sbtest7  (cost=23.20..4048.93 rows=1050 width=121)
	              Recheck Cond: ((id >= 2266939) AND (id <= 2267938))
	              ->  Bitmap Index Scan on sbtest7_pkey  (cost=0.00..22.93 rows=1050 width=0)
	                    Index Cond: ((id >= 2266939) AND (id <= 2267938))

table 8 : explain SELECT DISTINCT c FROM sbtest8 WHERE id BETWEEN 8540029 AND 8541028 ORDER BY c
	Unique  (cost=3612.35..3616.96 rows=922 width=121)
	  ->  Sort  (cost=3612.35..3614.65 rows=922 width=121)
	        Sort Key: c
	        ->  Bitmap Heap Scan on sbtest8  (cost=21.89..3566.95 rows=922 width=121)
	              Recheck Cond: ((id >= 8540029) AND (id <= 8541028))
	              ->  Bitmap Index Scan on sbtest8_pkey  (cost=0.00..21.65 rows=922 width=0)
	                    Index Cond: ((id >= 8540029) AND (id <= 8541028))

for: distinct_ranges
table 1 : explain SELECT DISTINCT c FROM sbtest1 WHERE id BETWEEN 2656157 AND 2657156 ORDER BY c
	Unique  (cost=3768.98..3773.80 rows=963 width=121)
	  ->  Sort  (cost=3768.98..3771.39 rows=963 width=121)
	        Sort Key: c
	        ->  Bitmap Heap Scan on sbtest1  (cost=22.31..3721.26 rows=963 width=121)
	              Recheck Cond: ((id >= 2656157) AND (id <= 2657156))
	              ->  Bitmap Index Scan on sbtest1_pkey  (cost=0.00..22.07 rows=963 width=0)
	                    Index Cond: ((id >= 2656157) AND (id <= 2657156))

table 2 : explain SELECT DISTINCT c FROM sbtest2 WHERE id BETWEEN 9556940 AND 9557939 ORDER BY c
	Unique  (cost=3888.48..3893.45 rows=994 width=121)
	  ->  Sort  (cost=3888.48..3890.97 rows=994 width=121)
	        Sort Key: c
	        ->  Bitmap Heap Scan on sbtest2  (cost=22.62..3839.00 rows=994 width=121)
	              Recheck Cond: ((id >= 9556940) AND (id <= 9557939))
	              ->  Bitmap Index Scan on sbtest2_pkey  (cost=0.00..22.37 rows=994 width=0)
	                    Index Cond: ((id >= 9556940) AND (id <= 9557939))

table 3 : explain SELECT DISTINCT c FROM sbtest3 WHERE id BETWEEN 3906604 AND 3907603 ORDER BY c
	Unique  (cost=3856.15..3861.08 rows=986 width=121)
	  ->  Sort  (cost=3856.15..3858.62 rows=986 width=121)
	        Sort Key: c
	        ->  Bitmap Heap Scan on sbtest3  (cost=22.54..3807.12 rows=986 width=121)
	              Recheck Cond: ((id >= 3906604) AND (id <= 3907603))
	              ->  Bitmap Index Scan on sbtest3_pkey  (cost=0.00..22.29 rows=986 width=0)
	                    Index Cond: ((id >= 3906604) AND (id <= 3907603))

table 4 : explain SELECT DISTINCT c FROM sbtest4 WHERE id BETWEEN 4184019 AND 4185018 ORDER BY c
	Unique  (cost=4021.25..4026.40 rows=1029 width=121)
	  ->  Sort  (cost=4021.25..4023.83 rows=1029 width=121)
	        Sort Key: c
	        ->  Bitmap Heap Scan on sbtest4  (cost=22.98..3969.77 rows=1029 width=121)
	              Recheck Cond: ((id >= 4184019) AND (id <= 4185018))
	              ->  Bitmap Index Scan on sbtest4_pkey  (cost=0.00..22.72 rows=1029 width=0)
	                    Index Cond: ((id >= 4184019) AND (id <= 4185018))

table 5 : explain SELECT DISTINCT c FROM sbtest5 WHERE id BETWEEN 5770502 AND 5771501 ORDER BY c
	Unique  (cost=3961.31..3966.37 rows=1012 width=121)
	  ->  Sort  (cost=3961.31..3963.84 rows=1012 width=121)
	        Sort Key: c
	        ->  Bitmap Heap Scan on sbtest5  (cost=26.81..3910.79 rows=1012 width=121)
	              Recheck Cond: ((id >= 5770502) AND (id <= 5771501))
	              ->  Bitmap Index Scan on sbtest5_pkey  (cost=0.00..26.55 rows=1012 width=0)
	                    Index Cond: ((id >= 5770502) AND (id <= 5771501))

table 6 : explain SELECT DISTINCT c FROM sbtest6 WHERE id BETWEEN 2907431 AND 2908430 ORDER BY c
	Unique  (cost=3715.56..3720.30 rows=949 width=121)
	  ->  Sort  (cost=3715.56..3717.93 rows=949 width=121)
	        Sort Key: c
	        ->  Bitmap Heap Scan on sbtest6  (cost=22.16..3668.63 rows=949 width=121)
	              Recheck Cond: ((id >= 2907431) AND (id <= 2908430))
	              ->  Bitmap Index Scan on sbtest6_pkey  (cost=0.00..21.93 rows=949 width=0)
	                    Index Cond: ((id >= 2907431) AND (id <= 2908430))

table 7 : explain SELECT DISTINCT c FROM sbtest7 WHERE id BETWEEN 4978894 AND 4979893 ORDER BY c
	Unique  (cost=3562.26..3566.80 rows=909 width=121)
	  ->  Sort  (cost=3562.26..3564.53 rows=909 width=121)
	        Sort Key: c
	        ->  Bitmap Heap Scan on sbtest7  (cost=21.75..3517.59 rows=909 width=121)
	              Recheck Cond: ((id >= 4978894) AND (id <= 4979893))
	              ->  Bitmap Index Scan on sbtest7_pkey  (cost=0.00..21.52 rows=909 width=0)
	                    Index Cond: ((id >= 4978894) AND (id <= 4979893))

table 8 : explain SELECT DISTINCT c FROM sbtest8 WHERE id BETWEEN 1676946 AND 1677945 ORDER BY c
	Unique  (cost=3608.52..3613.12 rows=921 width=121)
	  ->  Sort  (cost=3608.52..3610.82 rows=921 width=121)
	        Sort Key: c
	        ->  Bitmap Heap Scan on sbtest8  (cost=21.88..3563.17 rows=921 width=121)
	              Recheck Cond: ((id >= 1676946) AND (id <= 1677945))
	              ->  Bitmap Index Scan on sbtest8_pkey  (cost=0.00..21.64 rows=921 width=0)
	                    Index Cond: ((id >= 1676946) AND (id <= 1677945))

for: simple_ranges
table 1 : explain SELECT c FROM sbtest1 WHERE id BETWEEN 5789774 AND 5790773
	Bitmap Heap Scan on sbtest1  (cost=22.21..3687.32 rows=954 width=121)
	  Recheck Cond: ((id >= 5789774) AND (id <= 5790773))
	  ->  Bitmap Index Scan on sbtest1_pkey  (cost=0.00..21.97 rows=954 width=0)
	        Index Cond: ((id >= 5789774) AND (id <= 5790773))

table 2 : explain SELECT c FROM sbtest2 WHERE id BETWEEN 8149216 AND 8150215
	Bitmap Heap Scan on sbtest2  (cost=23.20..4049.78 rows=1050 width=121)
	  Recheck Cond: ((id >= 8149216) AND (id <= 8150215))
	  ->  Bitmap Index Scan on sbtest2_pkey  (cost=0.00..22.93 rows=1050 width=0)
	        Index Cond: ((id >= 8149216) AND (id <= 8150215))

table 3 : explain SELECT c FROM sbtest3 WHERE id BETWEEN 9428763 AND 9429762
	Bitmap Heap Scan on sbtest3  (cost=27.90..4307.15 rows=1119 width=121)
	  Recheck Cond: ((id >= 9428763) AND (id <= 9429762))
	  ->  Bitmap Index Scan on sbtest3_pkey  (cost=0.00..27.62 rows=1119 width=0)
	        Index Cond: ((id >= 9428763) AND (id <= 9429762))

table 4 : explain SELECT c FROM sbtest4 WHERE id BETWEEN 6060559 AND 6061558
	Bitmap Heap Scan on sbtest4  (cost=27.74..4248.05 rows=1103 width=121)
	  Recheck Cond: ((id >= 6060559) AND (id <= 6061558))
	  ->  Bitmap Index Scan on sbtest4_pkey  (cost=0.00..27.46 rows=1103 width=0)
	        Index Cond: ((id >= 6060559) AND (id <= 6061558))

table 5 : explain SELECT c FROM sbtest5 WHERE id BETWEEN 3011109 AND 3012108
	Bitmap Heap Scan on sbtest5  (cost=27.63..4211.61 rows=1092 width=121)
	  Recheck Cond: ((id >= 3011109) AND (id <= 3012108))
	  ->  Bitmap Index Scan on sbtest5_pkey  (cost=0.00..27.36 rows=1092 width=0)
	        Index Cond: ((id >= 3011109) AND (id <= 3012108))

table 6 : explain SELECT c FROM sbtest6 WHERE id BETWEEN 1112799 AND 1113798
	Bitmap Heap Scan on sbtest6  (cost=23.00..3977.53 rows=1031 width=121)
	  Recheck Cond: ((id >= 1112799) AND (id <= 1113798))
	  ->  Bitmap Index Scan on sbtest6_pkey  (cost=0.00..22.75 rows=1031 width=0)
	        Index Cond: ((id >= 1112799) AND (id <= 1113798))

table 7 : explain SELECT c FROM sbtest7 WHERE id BETWEEN 3750621 AND 3751620
	Bitmap Heap Scan on sbtest7  (cost=22.30..3717.62 rows=962 width=121)
	  Recheck Cond: ((id >= 3750621) AND (id <= 3751620))
	  ->  Bitmap Index Scan on sbtest7_pkey  (cost=0.00..22.05 rows=962 width=0)
	        Index Cond: ((id >= 3750621) AND (id <= 3751620))

table 8 : explain SELECT c FROM sbtest8 WHERE id BETWEEN 8350373 AND 8351372
	Bitmap Heap Scan on sbtest8  (cost=23.03..3989.08 rows=1034 width=121)
	  Recheck Cond: ((id >= 8350373) AND (id <= 8351372))
	  ->  Bitmap Index Scan on sbtest8_pkey  (cost=0.00..22.77 rows=1034 width=0)
	        Index Cond: ((id >= 8350373) AND (id <= 8351372))

for: sum_ranges
table 1 : explain SELECT SUM(k) FROM sbtest1 WHERE id BETWEEN 6266886 AND 6267885
	Aggregate  (cost=4430.97..4430.98 rows=1 width=8)
	  ->  Bitmap Heap Scan on sbtest1  (cost=28.23..4428.09 rows=1151 width=4)
	        Recheck Cond: ((id >= 6266886) AND (id <= 6267885))
	        ->  Bitmap Index Scan on sbtest1_pkey  (cost=0.00..27.94 rows=1151 width=0)
	              Index Cond: ((id >= 6266886) AND (id <= 6267885))

table 2 : explain SELECT SUM(k) FROM sbtest2 WHERE id BETWEEN 3953528 AND 3954527
	Aggregate  (cost=3958.29..3958.30 rows=1 width=8)
	  ->  Bitmap Heap Scan on sbtest2  (cost=22.94..3955.73 rows=1025 width=4)
	        Recheck Cond: ((id >= 3953528) AND (id <= 3954527))
	        ->  Bitmap Index Scan on sbtest2_pkey  (cost=0.00..22.68 rows=1025 width=0)
	              Index Cond: ((id >= 3953528) AND (id <= 3954527))

table 3 : explain SELECT SUM(k) FROM sbtest3 WHERE id BETWEEN 9183980 AND 9184979
	Aggregate  (cost=3443.41..3443.42 rows=1 width=8)
	  ->  Bitmap Heap Scan on sbtest3  (cost=21.55..3441.19 rows=889 width=4)
	        Recheck Cond: ((id >= 9183980) AND (id <= 9184979))
	        ->  Bitmap Index Scan on sbtest3_pkey  (cost=0.00..21.32 rows=889 width=0)
	              Index Cond: ((id >= 9183980) AND (id <= 9184979))

table 4 : explain SELECT SUM(k) FROM sbtest4 WHERE id BETWEEN 3756720 AND 3757719
	Aggregate  (cost=3863.12..3863.13 rows=1 width=8)
	  ->  Bitmap Heap Scan on sbtest4  (cost=22.68..3860.62 rows=1000 width=4)
	        Recheck Cond: ((id >= 3756720) AND (id <= 3757719))
	        ->  Bitmap Index Scan on sbtest4_pkey  (cost=0.00..22.43 rows=1000 width=0)
	              Index Cond: ((id >= 3756720) AND (id <= 3757719))

table 5 : explain SELECT SUM(k) FROM sbtest5 WHERE id BETWEEN 9743523 AND 9744522
	Aggregate  (cost=4165.48..4165.49 rows=1 width=8)
	  ->  Bitmap Heap Scan on sbtest5  (cost=27.49..4162.78 rows=1079 width=4)
	        Recheck Cond: ((id >= 9743523) AND (id <= 9744522))
	        ->  Bitmap Index Scan on sbtest5_pkey  (cost=0.00..27.22 rows=1079 width=0)
	              Index Cond: ((id >= 9743523) AND (id <= 9744522))

table 6 : explain SELECT SUM(k) FROM sbtest6 WHERE id BETWEEN 3392315 AND 3393314
	Aggregate  (cost=4640.97..4640.98 rows=1 width=8)
	  ->  Bitmap Heap Scan on sbtest6  (cost=28.81..4637.95 rows=1207 width=4)
	        Recheck Cond: ((id >= 3392315) AND (id <= 3393314))
	        ->  Bitmap Index Scan on sbtest6_pkey  (cost=0.00..28.50 rows=1207 width=0)
	              Index Cond: ((id >= 3392315) AND (id <= 3393314))

table 7 : explain SELECT SUM(k) FROM sbtest7 WHERE id BETWEEN 2633520 AND 2634519
	Aggregate  (cost=3746.43..3746.44 rows=1 width=8)
	  ->  Bitmap Heap Scan on sbtest7  (cost=22.37..3744.01 rows=969 width=4)
	        Recheck Cond: ((id >= 2633520) AND (id <= 2634519))
	        ->  Bitmap Index Scan on sbtest7_pkey  (cost=0.00..22.12 rows=969 width=0)
	              Index Cond: ((id >= 2633520) AND (id <= 2634519))

table 8 : explain SELECT SUM(k) FROM sbtest8 WHERE id BETWEEN 3137001 AND 3138000
	Aggregate  (cost=3999.19..3999.20 rows=1 width=8)
	  ->  Bitmap Heap Scan on sbtest8  (cost=23.05..3996.60 rows=1036 width=4)
	        Recheck Cond: ((id >= 3137001) AND (id <= 3138000))
	        ->  Bitmap Index Scan on sbtest8_pkey  (cost=0.00..22.79 rows=1036 width=0)
	              Index Cond: ((id >= 3137001) AND (id <= 3138000))

for point_selects
table 1 : explain SELECT c FROM sbtest1 WHERE id=29749
	Index Scan using sbtest1_pkey on sbtest1  (cost=0.43..8.45 rows=1 width=121)
	  Index Cond: (id = 29749)

table 2 : explain SELECT c FROM sbtest2 WHERE id=7797964
	Index Scan using sbtest2_pkey on sbtest2  (cost=0.43..8.45 rows=1 width=121)
	  Index Cond: (id = 7797964)

table 3 : explain SELECT c FROM sbtest3 WHERE id=5716162
	Index Scan using sbtest3_pkey on sbtest3  (cost=0.43..8.45 rows=1 width=121)
	  Index Cond: (id = 5716162)

table 4 : explain SELECT c FROM sbtest4 WHERE id=4439399
	Index Scan using sbtest4_pkey on sbtest4  (cost=0.43..8.45 rows=1 width=121)
	  Index Cond: (id = 4439399)

table 5 : explain SELECT c FROM sbtest5 WHERE id=4323856
	Index Scan using sbtest5_pkey on sbtest5  (cost=0.43..8.45 rows=1 width=121)
	  Index Cond: (id = 4323856)

table 6 : explain SELECT c FROM sbtest6 WHERE id=6024159
	Index Scan using sbtest6_pkey on sbtest6  (cost=0.43..8.45 rows=1 width=121)
	  Index Cond: (id = 6024159)

table 7 : explain SELECT c FROM sbtest7 WHERE id=4196934
	Index Scan using sbtest7_pkey on sbtest7  (cost=0.43..8.45 rows=1 width=121)
	  Index Cond: (id = 4196934)

table 8 : explain SELECT c FROM sbtest8 WHERE id=3038809
	Index Scan using sbtest8_pkey on sbtest8  (cost=0.43..8.45 rows=1 width=121)
	  Index Cond: (id = 3038809)

for: distinct_ranges
table 1 : explain SELECT DISTINCT c FROM sbtest1 WHERE id BETWEEN 7623469 AND 7624468 ORDER BY c
	Unique  (cost=3646.45..3651.11 rows=931 width=121)
	  ->  Sort  (cost=3646.45..3648.78 rows=931 width=121)
	        Sort Key: c
	        ->  Bitmap Heap Scan on sbtest1  (cost=21.98..3600.54 rows=931 width=121)
	              Recheck Cond: ((id >= 7623469) AND (id <= 7624468))
	              ->  Bitmap Index Scan on sbtest1_pkey  (cost=0.00..21.75 rows=931 width=0)
	                    Index Cond: ((id >= 7623469) AND (id <= 7624468))

table 2 : explain SELECT DISTINCT c FROM sbtest2 WHERE id BETWEEN 1097396 AND 1098395 ORDER BY c
	Unique  (cost=3796.66..3801.51 rows=970 width=121)
	  ->  Sort  (cost=3796.66..3799.08 rows=970 width=121)
	        Sort Key: c
	        ->  Bitmap Heap Scan on sbtest2  (cost=22.38..3748.54 rows=970 width=121)
	              Recheck Cond: ((id >= 1097396) AND (id <= 1098395))
	              ->  Bitmap Index Scan on sbtest2_pkey  (cost=0.00..22.14 rows=970 width=0)
	                    Index Cond: ((id >= 1097396) AND (id <= 1098395))

table 3 : explain SELECT DISTINCT c FROM sbtest3 WHERE id BETWEEN 9055492 AND 9056491 ORDER BY c
	Unique  (cost=3710.79..3715.53 rows=948 width=121)
	  ->  Sort  (cost=3710.79..3713.16 rows=948 width=121)
	        Sort Key: c
	        ->  Bitmap Heap Scan on sbtest3  (cost=22.15..3663.92 rows=948 width=121)
	              Recheck Cond: ((id >= 9055492) AND (id <= 9056491))
	              ->  Bitmap Index Scan on sbtest3_pkey  (cost=0.00..21.91 rows=948 width=0)
	                    Index Cond: ((id >= 9055492) AND (id <= 9056491))

table 4 : explain SELECT DISTINCT c FROM sbtest4 WHERE id BETWEEN 4848504 AND 4849503 ORDER BY c
	Unique  (cost=3845.45..3850.37 rows=983 width=121)
	  ->  Sort  (cost=3845.45..3847.91 rows=983 width=121)
	        Sort Key: c
	        ->  Bitmap Heap Scan on sbtest4  (cost=22.51..3796.59 rows=983 width=121)
	              Recheck Cond: ((id >= 4848504) AND (id <= 4849503))
	              ->  Bitmap Index Scan on sbtest4_pkey  (cost=0.00..22.26 rows=983 width=0)
	                    Index Cond: ((id >= 4848504) AND (id <= 4849503))

table 5 : explain SELECT DISTINCT c FROM sbtest5 WHERE id BETWEEN 8672890 AND 8673889 ORDER BY c
	Unique  (cost=4022.45..4027.59 rows=1028 width=121)
	  ->  Sort  (cost=4022.45..4025.02 rows=1028 width=121)
	        Sort Key: c
	        ->  Bitmap Heap Scan on sbtest5  (cost=26.97..3971.02 rows=1028 width=121)
	              Recheck Cond: ((id >= 8672890) AND (id <= 8673889))
	              ->  Bitmap Index Scan on sbtest5_pkey  (cost=0.00..26.71 rows=1028 width=0)
	                    Index Cond: ((id >= 8672890) AND (id <= 8673889))

table 6 : explain SELECT DISTINCT c FROM sbtest6 WHERE id BETWEEN 4205675 AND 4206674 ORDER BY c
	Unique  (cost=3830.37..3835.27 rows=979 width=121)
	  ->  Sort  (cost=3830.37..3832.82 rows=979 width=121)
	        Sort Key: c
	        ->  Bitmap Heap Scan on sbtest6  (cost=22.47..3781.74 rows=979 width=121)
	              Recheck Cond: ((id >= 4205675) AND (id <= 4206674))
	              ->  Bitmap Index Scan on sbtest6_pkey  (cost=0.00..22.22 rows=979 width=0)
	                    Index Cond: ((id >= 4205675) AND (id <= 4206674))

table 7 : explain SELECT DISTINCT c FROM sbtest7 WHERE id BETWEEN 8289503 AND 8290502 ORDER BY c
	Unique  (cost=4189.38..4194.74 rows=1073 width=121)
	  ->  Sort  (cost=4189.38..4192.06 rows=1073 width=121)
	        Sort Key: c
	        ->  Bitmap Heap Scan on sbtest7  (cost=23.43..4135.36 rows=1073 width=121)
	              Recheck Cond: ((id >= 8289503) AND (id <= 8290502))
	              ->  Bitmap Index Scan on sbtest7_pkey  (cost=0.00..23.16 rows=1073 width=0)
	                    Index Cond: ((id >= 8289503) AND (id <= 8290502))

table 8 : explain SELECT DISTINCT c FROM sbtest8 WHERE id BETWEEN 8272984 AND 8273983 ORDER BY c
	Unique  (cost=4124.84..4130.12 rows=1056 width=121)
	  ->  Sort  (cost=4124.84..4127.48 rows=1056 width=121)
	        Sort Key: c
	        ->  Bitmap Heap Scan on sbtest8  (cost=23.26..4071.81 rows=1056 width=121)
	              Recheck Cond: ((id >= 8272984) AND (id <= 8273983))
	              ->  Bitmap Index Scan on sbtest8_pkey  (cost=0.00..23.00 rows=1056 width=0)
	                    Index Cond: ((id >= 8272984) AND (id <= 8273983))

for: distinct_ranges
table 1 : explain SELECT DISTINCT c FROM sbtest1 WHERE id BETWEEN 2735841 AND 2736840 ORDER BY c
	Unique  (cost=3952.54..3957.60 rows=1011 width=121)
	  ->  Sort  (cost=3952.54..3955.07 rows=1011 width=121)
	        Sort Key: c
	        ->  Bitmap Heap Scan on sbtest1  (cost=22.80..3902.08 rows=1011 width=121)
	              Recheck Cond: ((id >= 2735841) AND (id <= 2736840))
	              ->  Bitmap Index Scan on sbtest1_pkey  (cost=0.00..22.54 rows=1011 width=0)
	                    Index Cond: ((id >= 2735841) AND (id <= 2736840))

table 2 : explain SELECT DISTINCT c FROM sbtest2 WHERE id BETWEEN 8311191 AND 8312190 ORDER BY c
	Unique  (cost=4117.74..4123.01 rows=1054 width=121)
	  ->  Sort  (cost=4117.74..4120.38 rows=1054 width=121)
	        Sort Key: c
	        ->  Bitmap Heap Scan on sbtest2  (cost=23.24..4064.82 rows=1054 width=121)
	              Recheck Cond: ((id >= 8311191) AND (id <= 8312190))
	              ->  Bitmap Index Scan on sbtest2_pkey  (cost=0.00..22.97 rows=1054 width=0)
	                    Index Cond: ((id >= 8311191) AND (id <= 8312190))

table 3 : explain SELECT DISTINCT c FROM sbtest3 WHERE id BETWEEN 8936049 AND 8937048 ORDER BY c
	Unique  (cost=3775.84..3780.67 rows=965 width=121)
	  ->  Sort  (cost=3775.84..3778.26 rows=965 width=121)
	        Sort Key: c
	        ->  Bitmap Heap Scan on sbtest3  (cost=22.33..3728.01 rows=965 width=121)
	              Recheck Cond: ((id >= 8936049) AND (id <= 8937048))
	              ->  Bitmap Index Scan on sbtest3_pkey  (cost=0.00..22.08 rows=965 width=0)
	                    Index Cond: ((id >= 8936049) AND (id <= 8937048))

table 4 : explain SELECT DISTINCT c FROM sbtest4 WHERE id BETWEEN 3780755 AND 3781754 ORDER BY c
	Unique  (cost=3910.45..3915.45 rows=1000 width=121)
	  ->  Sort  (cost=3910.45..3912.95 rows=1000 width=121)
	        Sort Key: c
	        ->  Bitmap Heap Scan on sbtest4  (cost=22.68..3860.62 rows=1000 width=121)
	              Recheck Cond: ((id >= 3780755) AND (id <= 3781754))
	              ->  Bitmap Index Scan on sbtest4_pkey  (cost=0.00..22.43 rows=1000 width=0)
	                    Index Cond: ((id >= 3780755) AND (id <= 3781754))

table 5 : explain SELECT DISTINCT c FROM sbtest5 WHERE id BETWEEN 372584 AND 373583 ORDER BY c
	Unique  (cost=3834.92..3839.82 rows=980 width=121)
	  ->  Sort  (cost=3834.92..3837.37 rows=980 width=121)
	        Sort Key: c
	        ->  Bitmap Heap Scan on sbtest5  (cost=22.48..3786.24 rows=980 width=121)
	              Recheck Cond: ((id >= 372584) AND (id <= 373583))
	              ->  Bitmap Index Scan on sbtest5_pkey  (cost=0.00..22.23 rows=980 width=0)
	                    Index Cond: ((id >= 372584) AND (id <= 373583))

table 6 : explain SELECT DISTINCT c FROM sbtest6 WHERE id BETWEEN 4686080 AND 4687079 ORDER BY c
	Unique  (cost=3918.32..3923.33 rows=1002 width=121)
	  ->  Sort  (cost=3918.32..3920.83 rows=1002 width=121)
	        Sort Key: c
	        ->  Bitmap Heap Scan on sbtest6  (cost=22.71..3868.38 rows=1002 width=121)
	              Recheck Cond: ((id >= 4686080) AND (id <= 4687079))
	              ->  Bitmap Index Scan on sbtest6_pkey  (cost=0.00..22.45 rows=1002 width=0)
	                    Index Cond: ((id >= 4686080) AND (id <= 4687079))

table 7 : explain SELECT DISTINCT c FROM sbtest7 WHERE id BETWEEN 4442911 AND 4443910 ORDER BY c
	Unique  (cost=3619.75..3624.37 rows=924 width=121)
	  ->  Sort  (cost=3619.75..3622.06 rows=924 width=121)
	        Sort Key: c
	        ->  Bitmap Heap Scan on sbtest7  (cost=21.91..3574.24 rows=924 width=121)
	              Recheck Cond: ((id >= 4442911) AND (id <= 4443910))
	              ->  Bitmap Index Scan on sbtest7_pkey  (cost=0.00..21.68 rows=924 width=0)
	                    Index Cond: ((id >= 4442911) AND (id <= 4443910))

table 8 : explain SELECT DISTINCT c FROM sbtest8 WHERE id BETWEEN 4703510 AND 4704509 ORDER BY c
	Unique  (cost=3968.27..3973.34 rows=1015 width=121)
	  ->  Sort  (cost=3968.27..3970.80 rows=1015 width=121)
	        Sort Key: c
	        ->  Bitmap Heap Scan on sbtest8  (cost=22.84..3917.58 rows=1015 width=121)
	              Recheck Cond: ((id >= 4703510) AND (id <= 4704509))
	              ->  Bitmap Index Scan on sbtest8_pkey  (cost=0.00..22.58 rows=1015 width=0)
	                    Index Cond: ((id >= 4703510) AND (id <= 4704509))

for: simple_ranges
table 1 : explain SELECT c FROM sbtest1 WHERE id BETWEEN 9033153 AND 9034152
	Bitmap Heap Scan on sbtest1  (cost=23.29..4082.61 rows=1059 width=121)
	  Recheck Cond: ((id >= 9033153) AND (id <= 9034152))
	  ->  Bitmap Index Scan on sbtest1_pkey  (cost=0.00..23.02 rows=1059 width=0)
	        Index Cond: ((id >= 9033153) AND (id <= 9034152))

table 2 : explain SELECT c FROM sbtest2 WHERE id BETWEEN 5955480 AND 5956479
	Bitmap Heap Scan on sbtest2  (cost=22.95..3959.50 rows=1026 width=121)
	  Recheck Cond: ((id >= 5955480) AND (id <= 5956479))
	  ->  Bitmap Index Scan on sbtest2_pkey  (cost=0.00..22.69 rows=1026 width=0)
	        Index Cond: ((id >= 5955480) AND (id <= 5956479))

table 3 : explain SELECT c FROM sbtest3 WHERE id BETWEEN 8729153 AND 8730152
	Bitmap Heap Scan on sbtest3  (cost=22.87..3927.57 rows=1018 width=121)
	  Recheck Cond: ((id >= 8729153) AND (id <= 8730152))
	  ->  Bitmap Index Scan on sbtest3_pkey  (cost=0.00..22.61 rows=1018 width=0)
	        Index Cond: ((id >= 8729153) AND (id <= 8730152))

table 4 : explain SELECT c FROM sbtest4 WHERE id BETWEEN 507803 AND 508802
	Bitmap Heap Scan on sbtest4  (cost=22.63..3841.80 rows=995 width=121)
	  Recheck Cond: ((id >= 507803) AND (id <= 508802))
	  ->  Bitmap Index Scan on sbtest4_pkey  (cost=0.00..22.39 rows=995 width=0)
	        Index Cond: ((id >= 507803) AND (id <= 508802))

table 5 : explain SELECT c FROM sbtest5 WHERE id BETWEEN 295335 AND 296334
	Bitmap Heap Scan on sbtest5  (cost=21.47..3412.41 rows=881 width=121)
	  Recheck Cond: ((id >= 295335) AND (id <= 296334))
	  ->  Bitmap Index Scan on sbtest5_pkey  (cost=0.00..21.25 rows=881 width=0)
	        Index Cond: ((id >= 295335) AND (id <= 296334))

table 6 : explain SELECT c FROM sbtest6 WHERE id BETWEEN 6815463 AND 6816462
	Bitmap Heap Scan on sbtest6  (cost=22.13..3657.31 rows=946 width=121)
	  Recheck Cond: ((id >= 6815463) AND (id <= 6816462))
	  ->  Bitmap Index Scan on sbtest6_pkey  (cost=0.00..21.89 rows=946 width=0)
	        Index Cond: ((id >= 6815463) AND (id <= 6816462))

table 7 : explain SELECT c FROM sbtest7 WHERE id BETWEEN 3127856 AND 3128855
	Bitmap Heap Scan on sbtest7  (cost=23.15..4030.14 rows=1045 width=121)
	  Recheck Cond: ((id >= 3127856) AND (id <= 3128855))
	  ->  Bitmap Index Scan on sbtest7_pkey  (cost=0.00..22.89 rows=1045 width=0)
	        Index Cond: ((id >= 3127856) AND (id <= 3128855))

table 8 : explain SELECT c FROM sbtest8 WHERE id BETWEEN 1525736 AND 1526735
	Bitmap Heap Scan on sbtest8  (cost=22.38..3748.06 rows=970 width=121)
	  Recheck Cond: ((id >= 1525736) AND (id <= 1526735))
	  ->  Bitmap Index Scan on sbtest8_pkey  (cost=0.00..22.14 rows=970 width=0)
	        Index Cond: ((id >= 1525736) AND (id <= 1526735))

for: sum_ranges
table 1 : explain SELECT SUM(k) FROM sbtest1 WHERE id BETWEEN 1136077 AND 1137076
	Aggregate  (cost=3651.96..3651.97 rows=1 width=8)
	  ->  Bitmap Heap Scan on sbtest1  (cost=22.11..3649.60 rows=944 width=4)
	        Recheck Cond: ((id >= 1136077) AND (id <= 1137076))
	        ->  Bitmap Index Scan on sbtest1_pkey  (cost=0.00..21.87 rows=944 width=0)
	              Index Cond: ((id >= 1136077) AND (id <= 1137076))

table 2 : explain SELECT SUM(k) FROM sbtest2 WHERE id BETWEEN 6300479 AND 6301478
	Aggregate  (cost=3811.32..3811.33 rows=1 width=8)
	  ->  Bitmap Heap Scan on sbtest2  (cost=22.54..3808.85 rows=986 width=4)
	        Recheck Cond: ((id >= 6300479) AND (id <= 6301478))
	        ->  Bitmap Index Scan on sbtest2_pkey  (cost=0.00..22.29 rows=986 width=0)
	              Index Cond: ((id >= 6300479) AND (id <= 6301478))

table 3 : explain SELECT SUM(k) FROM sbtest3 WHERE id BETWEEN 368706 AND 369705
	Aggregate  (cost=4242.39..4242.40 rows=1 width=8)
	  ->  Bitmap Heap Scan on sbtest3  (cost=27.72..4239.64 rows=1101 width=4)
	        Recheck Cond: ((id >= 368706) AND (id <= 369705))
	        ->  Bitmap Index Scan on sbtest3_pkey  (cost=0.00..27.44 rows=1101 width=0)
	              Index Cond: ((id >= 368706) AND (id <= 369705))

table 4 : explain SELECT SUM(k) FROM sbtest4 WHERE id BETWEEN 8681479 AND 8682478
	Aggregate  (cost=3976.10..3976.11 rows=1 width=8)
	  ->  Bitmap Heap Scan on sbtest4  (cost=22.99..3973.53 rows=1030 width=4)
	        Recheck Cond: ((id >= 8681479) AND (id <= 8682478))
	        ->  Bitmap Index Scan on sbtest4_pkey  (cost=0.00..22.73 rows=1030 width=0)
	              Index Cond: ((id >= 8681479) AND (id <= 8682478))

table 5 : explain SELECT SUM(k) FROM sbtest5 WHERE id BETWEEN 8477143 AND 8478142
	Aggregate  (cost=4450.86..4450.87 rows=1 width=8)
	  ->  Bitmap Heap Scan on sbtest5  (cost=28.28..4447.97 rows=1156 width=4)
	        Recheck Cond: ((id >= 8477143) AND (id <= 8478142))
	        ->  Bitmap Index Scan on sbtest5_pkey  (cost=0.00..28.00 rows=1156 width=0)
	              Index Cond: ((id >= 8477143) AND (id <= 8478142))

table 6 : explain SELECT SUM(k) FROM sbtest6 WHERE id BETWEEN 2450039 AND 2451038
	Aggregate  (cost=3953.75..3953.76 rows=1 width=8)
	  ->  Bitmap Heap Scan on sbtest6  (cost=22.93..3951.19 rows=1024 width=4)
	        Recheck Cond: ((id >= 2450039) AND (id <= 2451038))
	        ->  Bitmap Index Scan on sbtest6_pkey  (cost=0.00..22.68 rows=1024 width=0)
	              Index Cond: ((id >= 2450039) AND (id <= 2451038))

table 7 : explain SELECT SUM(k) FROM sbtest7 WHERE id BETWEEN 4584523 AND 4585522
	Aggregate  (cost=3625.66..3625.67 rows=1 width=8)
	  ->  Bitmap Heap Scan on sbtest7  (cost=22.04..3623.31 rows=937 width=4)
	        Recheck Cond: ((id >= 4584523) AND (id <= 4585522))
	        ->  Bitmap Index Scan on sbtest7_pkey  (cost=0.00..21.80 rows=937 width=0)
	              Index Cond: ((id >= 4584523) AND (id <= 4585522))

table 8 : explain SELECT SUM(k) FROM sbtest8 WHERE id BETWEEN 6405601 AND 6406600
	Aggregate  (cost=4051.87..4051.88 rows=1 width=8)
	  ->  Bitmap Heap Scan on sbtest8  (cost=23.20..4049.25 rows=1050 width=4)
	        Recheck Cond: ((id >= 6405601) AND (id <= 6406600))
	        ->  Bitmap Index Scan on sbtest8_pkey  (cost=0.00..22.93 rows=1050 width=0)
	              Index Cond: ((id >= 6405601) AND (id <= 6406600))

for: order_ranges
table 1 : explain SELECT c FROM sbtest1 WHERE id BETWEEN 4951664 AND 4952663 ORDER BY c
	Sort  (cost=3876.09..3878.57 rows=991 width=121)
	  Sort Key: c
	  ->  Bitmap Heap Scan on sbtest1  (cost=22.59..3826.78 rows=991 width=121)
	        Recheck Cond: ((id >= 4951664) AND (id <= 4952663))
	        ->  Bitmap Index Scan on sbtest1_pkey  (cost=0.00..22.34 rows=991 width=0)
	              Index Cond: ((id >= 4951664) AND (id <= 4952663))

table 2 : explain SELECT c FROM sbtest2 WHERE id BETWEEN 4527600 AND 4528599 ORDER BY c
	Sort  (cost=3539.93..3542.18 rows=903 width=121)
	  Sort Key: c
	  ->  Bitmap Heap Scan on sbtest2  (cost=21.69..3495.60 rows=903 width=121)
	        Recheck Cond: ((id >= 4527600) AND (id <= 4528599))
	        ->  Bitmap Index Scan on sbtest2_pkey  (cost=0.00..21.46 rows=903 width=0)
	              Index Cond: ((id >= 4527600) AND (id <= 4528599))

table 3 : explain SELECT c FROM sbtest3 WHERE id BETWEEN 8586134 AND 8587133 ORDER BY c
	Sort  (cost=3645.70..3648.03 rows=931 width=121)
	  Sort Key: c
	  ->  Bitmap Heap Scan on sbtest3  (cost=21.98..3599.79 rows=931 width=121)
	        Recheck Cond: ((id >= 8586134) AND (id <= 8587133))
	        ->  Bitmap Index Scan on sbtest3_pkey  (cost=0.00..21.75 rows=931 width=0)
	              Index Cond: ((id >= 8586134) AND (id <= 8587133))

table 4 : explain SELECT c FROM sbtest4 WHERE id BETWEEN 7595217 AND 7596216 ORDER BY c
	Sort  (cost=3826.33..3828.77 rows=978 width=121)
	  Sort Key: c
	  ->  Bitmap Heap Scan on sbtest4  (cost=22.46..3777.75 rows=978 width=121)
	        Recheck Cond: ((id >= 7595217) AND (id <= 7596216))
	        ->  Bitmap Index Scan on sbtest4_pkey  (cost=0.00..22.21 rows=978 width=0)
	              Index Cond: ((id >= 7595217) AND (id <= 7596216))

table 5 : explain SELECT c FROM sbtest5 WHERE id BETWEEN 374590 AND 375589 ORDER BY c
	Sort  (cost=3834.92..3837.37 rows=980 width=121)
	  Sort Key: c
	  ->  Bitmap Heap Scan on sbtest5  (cost=22.48..3786.24 rows=980 width=121)
	        Recheck Cond: ((id >= 374590) AND (id <= 375589))
	        ->  Bitmap Index Scan on sbtest5_pkey  (cost=0.00..22.23 rows=980 width=0)
	              Index Cond: ((id >= 374590) AND (id <= 375589))

table 6 : explain SELECT c FROM sbtest6 WHERE id BETWEEN 1584763 AND 1585762 ORDER BY c
	Sort  (cost=3834.20..3836.65 rows=980 width=121)
	  Sort Key: c
	  ->  Bitmap Heap Scan on sbtest6  (cost=22.48..3785.51 rows=980 width=121)
	        Recheck Cond: ((id >= 1584763) AND (id <= 1585762))
	        ->  Bitmap Index Scan on sbtest6_pkey  (cost=0.00..22.23 rows=980 width=0)
	              Index Cond: ((id >= 1584763) AND (id <= 1585762))

table 7 : explain SELECT c FROM sbtest7 WHERE id BETWEEN 7394191 AND 7395190 ORDER BY c
	Sort  (cost=3967.97..3970.50 rows=1015 width=121)
	  Sort Key: c
	  ->  Bitmap Heap Scan on sbtest7  (cost=22.84..3917.28 rows=1015 width=121)
	        Recheck Cond: ((id >= 7394191) AND (id <= 7395190))
	        ->  Bitmap Index Scan on sbtest7_pkey  (cost=0.00..22.58 rows=1015 width=0)
	              Index Cond: ((id >= 7394191) AND (id <= 7395190))

table 8 : explain SELECT c FROM sbtest8 WHERE id BETWEEN 8762260 AND 8763259 ORDER BY c
	Sort  (cost=3554.84..3557.11 rows=907 width=121)
	  Sort Key: c
	  ->  Bitmap Heap Scan on sbtest8  (cost=21.73..3510.29 rows=907 width=121)
	        Recheck Cond: ((id >= 8762260) AND (id <= 8763259))
	        ->  Bitmap Index Scan on sbtest8_pkey  (cost=0.00..21.50 rows=907 width=0)
	              Index Cond: ((id >= 8762260) AND (id <= 8763259))

for: sum_ranges
table 1 : explain SELECT SUM(k) FROM sbtest1 WHERE id BETWEEN 1804375 AND 1805374
	Aggregate  (cost=3878.24..3878.25 rows=1 width=8)
	  ->  Bitmap Heap Scan on sbtest1  (cost=22.73..3875.73 rows=1004 width=4)
	        Recheck Cond: ((id >= 1804375) AND (id <= 1805374))
	        ->  Bitmap Index Scan on sbtest1_pkey  (cost=0.00..22.47 rows=1004 width=0)
	              Index Cond: ((id >= 1804375) AND (id <= 1805374))

table 2 : explain SELECT SUM(k) FROM sbtest2 WHERE id BETWEEN 3320303 AND 3321302
	Aggregate  (cost=4026.07..4026.08 rows=1 width=8)
	  ->  Bitmap Heap Scan on sbtest2  (cost=23.13..4023.46 rows=1043 width=4)
	        Recheck Cond: ((id >= 3320303) AND (id <= 3321302))
	        ->  Bitmap Index Scan on sbtest2_pkey  (cost=0.00..22.86 rows=1043 width=0)
	              Index Cond: ((id >= 3320303) AND (id <= 3321302))

table 3 : explain SELECT SUM(k) FROM sbtest3 WHERE id BETWEEN 5855717 AND 5856716
	Aggregate  (cost=3722.88..3722.89 rows=1 width=8)
	  ->  Bitmap Heap Scan on sbtest3  (cost=22.31..3720.47 rows=963 width=4)
	        Recheck Cond: ((id >= 5855717) AND (id <= 5856716))
	        ->  Bitmap Index Scan on sbtest3_pkey  (cost=0.00..22.07 rows=963 width=0)
	              Index Cond: ((id >= 5855717) AND (id <= 5856716))

table 4 : explain SELECT SUM(k) FROM sbtest4 WHERE id BETWEEN 9922827 AND 9923826
	Aggregate  (cost=3625.49..3625.50 rows=1 width=8)
	  ->  Bitmap Heap Scan on sbtest4  (cost=22.04..3623.14 rows=937 width=4)
	        Recheck Cond: ((id >= 9922827) AND (id <= 9923826))
	        ->  Bitmap Index Scan on sbtest4_pkey  (cost=0.00..21.80 rows=937 width=0)
	              Index Cond: ((id >= 9922827) AND (id <= 9923826))

table 5 : explain SELECT SUM(k) FROM sbtest5 WHERE id BETWEEN 2134230 AND 2135229
	Aggregate  (cost=4312.03..4312.04 rows=1 width=8)
	  ->  Bitmap Heap Scan on sbtest5  (cost=27.90..4309.23 rows=1119 width=4)
	        Recheck Cond: ((id >= 2134230) AND (id <= 2135229))
	        ->  Bitmap Index Scan on sbtest5_pkey  (cost=0.00..27.62 rows=1119 width=0)
	              Index Cond: ((id >= 2134230) AND (id <= 2135229))

table 6 : explain SELECT SUM(k) FROM sbtest6 WHERE id BETWEEN 9784384 AND 9785383
	Aggregate  (cost=3682.32..3682.33 rows=1 width=8)
	  ->  Bitmap Heap Scan on sbtest6  (cost=22.19..3679.94 rows=952 width=4)
	        Recheck Cond: ((id >= 9784384) AND (id <= 9785383))
	        ->  Bitmap Index Scan on sbtest6_pkey  (cost=0.00..21.95 rows=952 width=0)
	              Index Cond: ((id >= 9784384) AND (id <= 9785383))

table 7 : explain SELECT SUM(k) FROM sbtest7 WHERE id BETWEEN 8834330 AND 8835329
	Aggregate  (cost=3867.08..3867.09 rows=1 width=8)
	  ->  Bitmap Heap Scan on sbtest7  (cost=22.70..3864.58 rows=1001 width=4)
	        Recheck Cond: ((id >= 8834330) AND (id <= 8835329))
	        ->  Bitmap Index Scan on sbtest7_pkey  (cost=0.00..22.44 rows=1001 width=0)
	              Index Cond: ((id >= 8834330) AND (id <= 8835329))

table 8 : explain SELECT SUM(k) FROM sbtest8 WHERE id BETWEEN 3910779 AND 3911778
	Aggregate  (cost=3776.89..3776.90 rows=1 width=8)
	  ->  Bitmap Heap Scan on sbtest8  (cost=22.45..3774.45 rows=977 width=4)
	        Recheck Cond: ((id >= 3910779) AND (id <= 3911778))
	        ->  Bitmap Index Scan on sbtest8_pkey  (cost=0.00..22.20 rows=977 width=0)
	              Index Cond: ((id >= 3910779) AND (id <= 3911778))

for: sum_ranges
table 1 : explain SELECT SUM(k) FROM sbtest1 WHERE id BETWEEN 5574727 AND 5575726
	Aggregate  (cost=4070.22..4070.23 rows=1 width=8)
	  ->  Bitmap Heap Scan on sbtest1  (cost=23.25..4067.58 rows=1055 width=4)
	        Recheck Cond: ((id >= 5574727) AND (id <= 5575726))
	        ->  Bitmap Index Scan on sbtest1_pkey  (cost=0.00..22.98 rows=1055 width=0)
	              Index Cond: ((id >= 5574727) AND (id <= 5575726))

table 2 : explain SELECT SUM(k) FROM sbtest2 WHERE id BETWEEN 1929831 AND 1930830
	Aggregate  (cost=3916.86..3916.87 rows=1 width=8)
	  ->  Bitmap Heap Scan on sbtest2  (cost=22.83..3914.32 rows=1014 width=4)
	        Recheck Cond: ((id >= 1929831) AND (id <= 1930830))
	        ->  Bitmap Index Scan on sbtest2_pkey  (cost=0.00..22.57 rows=1014 width=0)
	              Index Cond: ((id >= 1929831) AND (id <= 1930830))

table 3 : explain SELECT SUM(k) FROM sbtest3 WHERE id BETWEEN 3523121 AND 3524120
	Aggregate  (cost=3820.89..3820.90 rows=1 width=8)
	  ->  Bitmap Heap Scan on sbtest3  (cost=22.57..3818.42 rows=989 width=4)
	        Recheck Cond: ((id >= 3523121) AND (id <= 3524120))
	        ->  Bitmap Index Scan on sbtest3_pkey  (cost=0.00..22.32 rows=989 width=0)
	              Index Cond: ((id >= 3523121) AND (id <= 3524120))

table 4 : explain SELECT SUM(k) FROM sbtest4 WHERE id BETWEEN 6732351 AND 6733350
	Aggregate  (cost=3674.57..3674.58 rows=1 width=8)
	  ->  Bitmap Heap Scan on sbtest4  (cost=22.17..3672.19 rows=950 width=4)
	        Recheck Cond: ((id >= 6732351) AND (id <= 6733350))
	        ->  Bitmap Index Scan on sbtest4_pkey  (cost=0.00..21.93 rows=950 width=0)
	              Index Cond: ((id >= 6732351) AND (id <= 6733350))

table 5 : explain SELECT SUM(k) FROM sbtest5 WHERE id BETWEEN 8669666 AND 8670665
	Aggregate  (cost=3973.59..3973.60 rows=1 width=8)
	  ->  Bitmap Heap Scan on sbtest5  (cost=26.97..3971.02 rows=1028 width=4)
	        Recheck Cond: ((id >= 8669666) AND (id <= 8670665))
	        ->  Bitmap Index Scan on sbtest5_pkey  (cost=0.00..26.71 rows=1028 width=0)
	              Index Cond: ((id >= 8669666) AND (id <= 8670665))

table 6 : explain SELECT SUM(k) FROM sbtest6 WHERE id BETWEEN 7711794 AND 7712793
	Aggregate  (cost=3765.33..3765.34 rows=1 width=8)
	  ->  Bitmap Heap Scan on sbtest6  (cost=22.42..3762.90 rows=974 width=4)
	        Recheck Cond: ((id >= 7711794) AND (id <= 7712793))
	        ->  Bitmap Index Scan on sbtest6_pkey  (cost=0.00..22.18 rows=974 width=0)
	              Index Cond: ((id >= 7711794) AND (id <= 7712793))

table 7 : explain SELECT SUM(k) FROM sbtest7 WHERE id BETWEEN 5406996 AND 5407995
	Aggregate  (cost=4025.22..4025.23 rows=1 width=8)
	  ->  Bitmap Heap Scan on sbtest7  (cost=23.13..4022.62 rows=1043 width=4)
	        Recheck Cond: ((id >= 5406996) AND (id <= 5407995))
	        ->  Bitmap Index Scan on sbtest7_pkey  (cost=0.00..22.86 rows=1043 width=0)
	              Index Cond: ((id >= 5406996) AND (id <= 5407995))

table 8 : explain SELECT SUM(k) FROM sbtest8 WHERE id BETWEEN 4921020 AND 4922019
	Aggregate  (cost=3822.14..3822.15 rows=1 width=8)
	  ->  Bitmap Heap Scan on sbtest8  (cost=22.57..3819.67 rows=989 width=4)
	        Recheck Cond: ((id >= 4921020) AND (id <= 4922019))
	        ->  Bitmap Index Scan on sbtest8_pkey  (cost=0.00..22.32 rows=989 width=0)
	              Index Cond: ((id >= 4921020) AND (id <= 4922019))

for: distinct_ranges
table 1 : explain SELECT DISTINCT c FROM sbtest1 WHERE id BETWEEN 8786375 AND 8787374 ORDER BY c
	Unique  (cost=4074.76..4079.97 rows=1043 width=121)
	  ->  Sort  (cost=4074.76..4077.36 rows=1043 width=121)
	        Sort Key: c
	        ->  Bitmap Heap Scan on sbtest1  (cost=23.13..4022.47 rows=1043 width=121)
	              Recheck Cond: ((id >= 8786375) AND (id <= 8787374))
	              ->  Bitmap Index Scan on sbtest1_pkey  (cost=0.00..22.86 rows=1043 width=0)
	                    Index Cond: ((id >= 8786375) AND (id <= 8787374))

table 2 : explain SELECT DISTINCT c FROM sbtest2 WHERE id BETWEEN 454562 AND 455561 ORDER BY c
	Unique  (cost=3964.95..3970.02 rows=1014 width=121)
	  ->  Sort  (cost=3964.95..3967.49 rows=1014 width=121)
	        Sort Key: c
	        ->  Bitmap Heap Scan on sbtest2  (cost=22.83..3914.32 rows=1014 width=121)
	              Recheck Cond: ((id >= 454562) AND (id <= 455561))
	              ->  Bitmap Index Scan on sbtest2_pkey  (cost=0.00..22.57 rows=1014 width=0)
	                    Index Cond: ((id >= 454562) AND (id <= 455561))

table 3 : explain SELECT DISTINCT c FROM sbtest3 WHERE id BETWEEN 6756816 AND 6757815 ORDER BY c
	Unique  (cost=3638.04..3642.69 rows=929 width=121)
	  ->  Sort  (cost=3638.04..3640.36 rows=929 width=121)
	        Sort Key: c
	        ->  Bitmap Heap Scan on sbtest3  (cost=21.96..3592.24 rows=929 width=121)
	              Recheck Cond: ((id >= 6756816) AND (id <= 6757815))
	              ->  Bitmap Index Scan on sbtest3_pkey  (cost=0.00..21.72 rows=929 width=0)
	                    Index Cond: ((id >= 6756816) AND (id <= 6757815))

table 4 : explain SELECT DISTINCT c FROM sbtest4 WHERE id BETWEEN 4809155 AND 4810154 ORDER BY c
	Unique  (cost=3845.45..3850.37 rows=983 width=121)
	  ->  Sort  (cost=3845.45..3847.91 rows=983 width=121)
	        Sort Key: c
	        ->  Bitmap Heap Scan on sbtest4  (cost=22.51..3796.59 rows=983 width=121)
	              Recheck Cond: ((id >= 4809155) AND (id <= 4810154))
	              ->  Bitmap Index Scan on sbtest4_pkey  (cost=0.00..22.26 rows=983 width=0)
	                    Index Cond: ((id >= 4809155) AND (id <= 4810154))

table 5 : explain SELECT DISTINCT c FROM sbtest5 WHERE id BETWEEN 8608857 AND 8609856 ORDER BY c
	Unique  (cost=4022.45..4027.59 rows=1028 width=121)
	  ->  Sort  (cost=4022.45..4025.02 rows=1028 width=121)
	        Sort Key: c
	        ->  Bitmap Heap Scan on sbtest5  (cost=26.97..3971.02 rows=1028 width=121)
	              Recheck Cond: ((id >= 8608857) AND (id <= 8609856))
	              ->  Bitmap Index Scan on sbtest5_pkey  (cost=0.00..26.71 rows=1028 width=0)
	                    Index Cond: ((id >= 8608857) AND (id <= 8609856))

table 6 : explain SELECT DISTINCT c FROM sbtest6 WHERE id BETWEEN 2052839 AND 2053838 ORDER BY c
	Unique  (cost=3715.56..3720.30 rows=949 width=121)
	  ->  Sort  (cost=3715.56..3717.93 rows=949 width=121)
	        Sort Key: c
	        ->  Bitmap Heap Scan on sbtest6  (cost=22.16..3668.63 rows=949 width=121)
	              Recheck Cond: ((id >= 2052839) AND (id <= 2053838))
	              ->  Bitmap Index Scan on sbtest6_pkey  (cost=0.00..21.93 rows=949 width=0)
	                    Index Cond: ((id >= 2052839) AND (id <= 2053838))

table 7 : explain SELECT DISTINCT c FROM sbtest7 WHERE id BETWEEN 214421 AND 215420 ORDER BY c
	Unique  (cost=4101.62..4106.87 rows=1050 width=121)
	  ->  Sort  (cost=4101.62..4104.25 rows=1050 width=121)
	        Sort Key: c
	        ->  Bitmap Heap Scan on sbtest7  (cost=23.20..4048.93 rows=1050 width=121)
	              Recheck Cond: ((id >= 214421) AND (id <= 215420))
	              ->  Bitmap Index Scan on sbtest7_pkey  (cost=0.00..22.93 rows=1050 width=0)
	                    Index Cond: ((id >= 214421) AND (id <= 215420))

table 8 : explain SELECT DISTINCT c FROM sbtest8 WHERE id BETWEEN 5933931 AND 5934930 ORDER BY c
	Unique  (cost=3983.55..3988.65 rows=1019 width=121)
	  ->  Sort  (cost=3983.55..3986.10 rows=1019 width=121)
	        Sort Key: c
	        ->  Bitmap Heap Scan on sbtest8  (cost=22.88..3932.64 rows=1019 width=121)
	              Recheck Cond: ((id >= 5933931) AND (id <= 5934930))
	              ->  Bitmap Index Scan on sbtest8_pkey  (cost=0.00..22.62 rows=1019 width=0)
	                    Index Cond: ((id >= 5933931) AND (id <= 5934930))

for: order_ranges
table 1 : explain SELECT c FROM sbtest1 WHERE id BETWEEN 768538 AND 769537 ORDER BY c
	Sort  (cost=3971.65..3974.19 rows=1016 width=121)
	  Sort Key: c
	  ->  Bitmap Heap Scan on sbtest1  (cost=22.85..3920.90 rows=1016 width=121)
	        Recheck Cond: ((id >= 768538) AND (id <= 769537))
	        ->  Bitmap Index Scan on sbtest1_pkey  (cost=0.00..22.59 rows=1016 width=0)
	              Index Cond: ((id >= 768538) AND (id <= 769537))

table 2 : explain SELECT c FROM sbtest2 WHERE id BETWEEN 4221533 AND 4222532 ORDER BY c
	Sort  (cost=3926.72..3929.23 rows=1004 width=121)
	  Sort Key: c
	  ->  Bitmap Heap Scan on sbtest2  (cost=22.73..3876.67 rows=1004 width=121)
	        Recheck Cond: ((id >= 4221533) AND (id <= 4222532))
	        ->  Bitmap Index Scan on sbtest2_pkey  (cost=0.00..22.47 rows=1004 width=0)
	              Index Cond: ((id >= 4221533) AND (id <= 4222532))

table 3 : explain SELECT c FROM sbtest3 WHERE id BETWEEN 6456971 AND 6457970 ORDER BY c
	Sort  (cost=4333.35..4336.13 rows=1111 width=121)
	  Sort Key: c
	  ->  Bitmap Heap Scan on sbtest3  (cost=27.82..4277.15 rows=1111 width=121)
	        Recheck Cond: ((id >= 6456971) AND (id <= 6457970))
	        ->  Bitmap Index Scan on sbtest3_pkey  (cost=0.00..27.54 rows=1111 width=0)
	              Index Cond: ((id >= 6456971) AND (id <= 6457970))

table 4 : explain SELECT c FROM sbtest4 WHERE id BETWEEN 6562265 AND 6563264 ORDER BY c
	Sort  (cost=4307.61..4310.37 rows=1104 width=121)
	  Sort Key: c
	  ->  Bitmap Heap Scan on sbtest4  (cost=27.75..4251.81 rows=1104 width=121)
	        Recheck Cond: ((id >= 6562265) AND (id <= 6563264))
	        ->  Bitmap Index Scan on sbtest4_pkey  (cost=0.00..27.47 rows=1104 width=0)
	              Index Cond: ((id >= 6562265) AND (id <= 6563264))

table 5 : explain SELECT c FROM sbtest5 WHERE id BETWEEN 170967 AND 171966 ORDER BY c
	Sort  (cost=4259.09..4261.82 rows=1090 width=121)
	  Sort Key: c
	  ->  Bitmap Heap Scan on sbtest5  (cost=27.61..4204.10 rows=1090 width=121)
	        Recheck Cond: ((id >= 170967) AND (id <= 171966))
	        ->  Bitmap Index Scan on sbtest5_pkey  (cost=0.00..27.33 rows=1090 width=0)
	              Index Cond: ((id >= 170967) AND (id <= 171966))

table 6 : explain SELECT c FROM sbtest6 WHERE id BETWEEN 5822146 AND 5823145 ORDER BY c
	Sort  (cost=4086.40..4089.01 rows=1046 width=121)
	  Sort Key: c
	  ->  Bitmap Heap Scan on sbtest6  (cost=23.16..4033.94 rows=1046 width=121)
	        Recheck Cond: ((id >= 5822146) AND (id <= 5823145))
	        ->  Bitmap Index Scan on sbtest6_pkey  (cost=0.00..22.89 rows=1046 width=0)
	              Index Cond: ((id >= 5822146) AND (id <= 5823145))

table 7 : explain SELECT c FROM sbtest7 WHERE id BETWEEN 6234968 AND 6235967 ORDER BY c
	Sort  (cost=3807.38..3809.81 rows=973 width=121)
	  Sort Key: c
	  ->  Bitmap Heap Scan on sbtest7  (cost=22.41..3759.09 rows=973 width=121)
	        Recheck Cond: ((id >= 6234968) AND (id <= 6235967))
	        ->  Bitmap Index Scan on sbtest7_pkey  (cost=0.00..22.16 rows=973 width=0)
	              Index Cond: ((id >= 6234968) AND (id <= 6235967))

table 8 : explain SELECT c FROM sbtest8 WHERE id BETWEEN 1021343 AND 1022342 ORDER BY c
	Sort  (cost=3968.27..3970.80 rows=1015 width=121)
	  Sort Key: c
	  ->  Bitmap Heap Scan on sbtest8  (cost=22.84..3917.58 rows=1015 width=121)
	        Recheck Cond: ((id >= 1021343) AND (id <= 1022342))
	        ->  Bitmap Index Scan on sbtest8_pkey  (cost=0.00..22.58 rows=1015 width=0)
	              Index Cond: ((id >= 1021343) AND (id <= 1022342))

for: order_ranges
table 1 : explain SELECT c FROM sbtest1 WHERE id BETWEEN 2752326 AND 2753325 ORDER BY c
	Sort  (cost=3952.54..3955.07 rows=1011 width=121)
	  Sort Key: c
	  ->  Bitmap Heap Scan on sbtest1  (cost=22.80..3902.08 rows=1011 width=121)
	        Recheck Cond: ((id >= 2752326) AND (id <= 2753325))
	        ->  Bitmap Index Scan on sbtest1_pkey  (cost=0.00..22.54 rows=1011 width=0)
	              Index Cond: ((id >= 2752326) AND (id <= 2753325))

table 2 : explain SELECT c FROM sbtest2 WHERE id BETWEEN 1860456 AND 1861455 ORDER BY c
	Sort  (cost=4102.47..4105.10 rows=1050 width=121)
	  Sort Key: c
	  ->  Bitmap Heap Scan on sbtest2  (cost=23.20..4049.78 rows=1050 width=121)
	        Recheck Cond: ((id >= 1860456) AND (id <= 1861455))
	        ->  Bitmap Index Scan on sbtest2_pkey  (cost=0.00..22.93 rows=1050 width=0)
	              Index Cond: ((id >= 1860456) AND (id <= 1861455))

table 3 : explain SELECT c FROM sbtest3 WHERE id BETWEEN 8644590 AND 8645589 ORDER BY c
	Sort  (cost=3645.70..3648.03 rows=931 width=121)
	  Sort Key: c
	  ->  Bitmap Heap Scan on sbtest3  (cost=21.98..3599.79 rows=931 width=121)
	        Recheck Cond: ((id >= 8644590) AND (id <= 8645589))
	        ->  Bitmap Index Scan on sbtest3_pkey  (cost=0.00..21.75 rows=931 width=0)
	              Index Cond: ((id >= 8644590) AND (id <= 8645589))

table 4 : explain SELECT c FROM sbtest4 WHERE id BETWEEN 5754048 AND 5755047 ORDER BY c
	Sort  (cost=3925.74..3928.25 rows=1004 width=121)
	  Sort Key: c
	  ->  Bitmap Heap Scan on sbtest4  (cost=22.73..3875.68 rows=1004 width=121)
	        Recheck Cond: ((id >= 5754048) AND (id <= 5755047))
	        ->  Bitmap Index Scan on sbtest4_pkey  (cost=0.00..22.47 rows=1004 width=0)
	              Index Cond: ((id >= 5754048) AND (id <= 5755047))

table 5 : explain SELECT c FROM sbtest5 WHERE id BETWEEN 9695551 AND 9696550 ORDER BY c
	Sort  (cost=3965.13..3967.66 rows=1013 width=121)
	  Sort Key: c
	  ->  Bitmap Heap Scan on sbtest5  (cost=26.82..3914.56 rows=1013 width=121)
	        Recheck Cond: ((id >= 9695551) AND (id <= 9696550))
	        ->  Bitmap Index Scan on sbtest5_pkey  (cost=0.00..26.57 rows=1013 width=0)
	              Index Cond: ((id >= 9695551) AND (id <= 9696550))

table 6 : explain SELECT c FROM sbtest6 WHERE id BETWEEN 1788276 AND 1789275 ORDER BY c
	Sort  (cost=4067.31..4069.91 rows=1041 width=121)
	  Sort Key: c
	  ->  Bitmap Heap Scan on sbtest6  (cost=23.11..4015.14 rows=1041 width=121)
	        Recheck Cond: ((id >= 1788276) AND (id <= 1789275))
	        ->  Bitmap Index Scan on sbtest6_pkey  (cost=0.00..22.84 rows=1041 width=0)
	              Index Cond: ((id >= 1788276) AND (id <= 1789275))

table 7 : explain SELECT c FROM sbtest7 WHERE id BETWEEN 687026 AND 688025 ORDER BY c
	Sort  (cost=3837.99..3840.44 rows=981 width=121)
	  Sort Key: c
	  ->  Bitmap Heap Scan on sbtest7  (cost=22.49..3789.24 rows=981 width=121)
	        Recheck Cond: ((id >= 687026) AND (id <= 688025))
	        ->  Bitmap Index Scan on sbtest7_pkey  (cost=0.00..22.25 rows=981 width=0)
	              Index Cond: ((id >= 687026) AND (id <= 688025))

table 8 : explain SELECT c FROM sbtest8 WHERE id BETWEEN 7805680 AND 7806679 ORDER BY c
	Sort  (cost=3777.05..3779.46 rows=965 width=121)
	  Sort Key: c
	  ->  Bitmap Heap Scan on sbtest8  (cost=22.33..3729.21 rows=965 width=121)
	        Recheck Cond: ((id >= 7805680) AND (id <= 7806679))
	        ->  Bitmap Index Scan on sbtest8_pkey  (cost=0.00..22.08 rows=965 width=0)
	              Index Cond: ((id >= 7805680) AND (id <= 7806679))

explain: for point_selects :: explain SELECT c FROM sbtest%u WHERE id=%u
explain: for point_selects :: explain SELECT c FROM sbtest%u WHERE id=%u
for: order_ranges
table 1 : explain SELECT c FROM sbtest1 WHERE id BETWEEN 611830 AND 612829 ORDER BY c
	Sort  (cost=4051.85..4054.44 rows=1037 width=121)
	  Sort Key: c
	  ->  Bitmap Heap Scan on sbtest1  (cost=23.06..3999.91 rows=1037 width=121)
	        Recheck Cond: ((id >= 611830) AND (id <= 612829))
	        ->  Bitmap Index Scan on sbtest1_pkey  (cost=0.00..22.80 rows=1037 width=0)
	              Index Cond: ((id >= 611830) AND (id <= 612829))

table 2 : explain SELECT c FROM sbtest2 WHERE id BETWEEN 5793526 AND 5794525 ORDER BY c
	Sort  (cost=4018.45..4021.02 rows=1028 width=121)
	  Sort Key: c
	  ->  Bitmap Heap Scan on sbtest2  (cost=22.97..3967.02 rows=1028 width=121)
	        Recheck Cond: ((id >= 5793526) AND (id <= 5794525))
	        ->  Bitmap Index Scan on sbtest2_pkey  (cost=0.00..22.71 rows=1028 width=0)
	              Index Cond: ((id >= 5793526) AND (id <= 5794525))

table 3 : explain SELECT c FROM sbtest3 WHERE id BETWEEN 845527 AND 846526 ORDER BY c
	Sort  (cost=4089.13..4091.75 rows=1047 width=121)
	  Sort Key: c
	  ->  Bitmap Heap Scan on sbtest3  (cost=23.17..4036.61 rows=1047 width=121)
	        Recheck Cond: ((id >= 845527) AND (id <= 846526))
	        ->  Bitmap Index Scan on sbtest3_pkey  (cost=0.00..22.90 rows=1047 width=0)
	              Index Cond: ((id >= 845527) AND (id <= 846526))

table 4 : explain SELECT c FROM sbtest4 WHERE id BETWEEN 2083562 AND 2084561 ORDER BY c
	Sort  (cost=3944.85..3947.37 rows=1009 width=121)
	  Sort Key: c
	  ->  Bitmap Heap Scan on sbtest4  (cost=22.78..3894.51 rows=1009 width=121)
	        Recheck Cond: ((id >= 2083562) AND (id <= 2084561))
	        ->  Bitmap Index Scan on sbtest4_pkey  (cost=0.00..22.52 rows=1009 width=0)
	              Index Cond: ((id >= 2083562) AND (id <= 2084561))

table 5 : explain SELECT c FROM sbtest5 WHERE id BETWEEN 3699521 AND 3700520 ORDER BY c
	Sort  (cost=4121.74..4124.38 rows=1054 width=121)
	  Sort Key: c
	  ->  Bitmap Heap Scan on sbtest5  (cost=27.24..4068.82 rows=1054 width=121)
	        Recheck Cond: ((id >= 3699521) AND (id <= 3700520))
	        ->  Bitmap Index Scan on sbtest5_pkey  (cost=0.00..26.97 rows=1054 width=0)
	              Index Cond: ((id >= 3699521) AND (id <= 3700520))

table 6 : explain SELECT c FROM sbtest6 WHERE id BETWEEN 6439449 AND 6440448 ORDER BY c
	Sort  (cost=3983.29..3985.84 rows=1019 width=121)
	  Sort Key: c
	  ->  Bitmap Heap Scan on sbtest6  (cost=22.88..3932.38 rows=1019 width=121)
	        Recheck Cond: ((id >= 6439449) AND (id <= 6440448))
	        ->  Bitmap Index Scan on sbtest6_pkey  (cost=0.00..22.62 rows=1019 width=0)
	              Index Cond: ((id >= 6439449) AND (id <= 6440448))

table 7 : explain SELECT c FROM sbtest7 WHERE id BETWEEN 1521873 AND 1522872 ORDER BY c
	Sort  (cost=4116.89..4119.52 rows=1054 width=121)
	  Sort Key: c
	  ->  Bitmap Heap Scan on sbtest7  (cost=23.24..4063.97 rows=1054 width=121)
	        Recheck Cond: ((id >= 1521873) AND (id <= 1522872))
	        ->  Bitmap Index Scan on sbtest7_pkey  (cost=0.00..22.97 rows=1054 width=0)
	              Index Cond: ((id >= 1521873) AND (id <= 1522872))

table 8 : explain SELECT c FROM sbtest8 WHERE id BETWEEN 8423847 AND 8424846 ORDER BY c
	Sort  (cost=4040.85..4043.44 rows=1034 width=121)
	  Sort Key: c
	  ->  Bitmap Heap Scan on sbtest8  (cost=23.03..3989.08 rows=1034 width=121)
	        Recheck Cond: ((id >= 8423847) AND (id <= 8424846))
	        ->  Bitmap Index Scan on sbtest8_pkey  (cost=0.00..22.77 rows=1034 width=0)
	              Index Cond: ((id >= 8423847) AND (id <= 8424846))

for: distinct_ranges
table 1 : explain SELECT DISTINCT c FROM sbtest1 WHERE id BETWEEN 9735604 AND 9736603 ORDER BY c
	Unique  (cost=3393.32..3397.64 rows=865 width=121)
	  ->  Sort  (cost=3393.32..3395.48 rows=865 width=121)
	        Sort Key: c
	        ->  Bitmap Heap Scan on sbtest1  (cost=21.30..3351.12 rows=865 width=121)
	              Recheck Cond: ((id >= 9735604) AND (id <= 9736603))
	              ->  Bitmap Index Scan on sbtest1_pkey  (cost=0.00..21.08 rows=865 width=0)
	                    Index Cond: ((id >= 9735604) AND (id <= 9736603))

table 2 : explain SELECT DISTINCT c FROM sbtest2 WHERE id BETWEEN 8247102 AND 8248101 ORDER BY c
	Unique  (cost=3428.63..3433.00 rows=874 width=121)
	  ->  Sort  (cost=3428.63..3430.81 rows=874 width=121)
	        Sort Key: c
	        ->  Bitmap Heap Scan on sbtest2  (cost=21.39..3385.93 rows=874 width=121)
	              Recheck Cond: ((id >= 8247102) AND (id <= 8248101))
	              ->  Bitmap Index Scan on sbtest2_pkey  (cost=0.00..21.18 rows=874 width=0)
	                    Index Cond: ((id >= 8247102) AND (id <= 8248101))

table 3 : explain SELECT DISTINCT c FROM sbtest3 WHERE id BETWEEN 2139768 AND 2140767 ORDER BY c
	Unique  (cost=3691.65..3696.36 rows=943 width=121)
	  ->  Sort  (cost=3691.65..3694.01 rows=943 width=121)
	        Sort Key: c
	        ->  Bitmap Heap Scan on sbtest3  (cost=22.10..3645.06 rows=943 width=121)
	              Recheck Cond: ((id >= 2139768) AND (id <= 2140767))
	              ->  Bitmap Index Scan on sbtest3_pkey  (cost=0.00..21.86 rows=943 width=0)
	                    Index Cond: ((id >= 2139768) AND (id <= 2140767))

table 4 : explain SELECT DISTINCT c FROM sbtest4 WHERE id BETWEEN 2417556 AND 2418555 ORDER BY c
	Unique  (cost=3895.16..3900.14 rows=996 width=121)
	  ->  Sort  (cost=3895.16..3897.65 rows=996 width=121)
	        Sort Key: c
	        ->  Bitmap Heap Scan on sbtest4  (cost=22.64..3845.56 rows=996 width=121)
	              Recheck Cond: ((id >= 2417556) AND (id <= 2418555))
	              ->  Bitmap Index Scan on sbtest4_pkey  (cost=0.00..22.39 rows=996 width=0)
	                    Index Cond: ((id >= 2417556) AND (id <= 2418555))

table 5 : explain SELECT DISTINCT c FROM sbtest5 WHERE id BETWEEN 8162192 AND 8163191 ORDER BY c
	Unique  (cost=3930.72..3935.74 rows=1004 width=121)
	  ->  Sort  (cost=3930.72..3933.23 rows=1004 width=121)
	        Sort Key: c
	        ->  Bitmap Heap Scan on sbtest5  (cost=26.73..3880.66 rows=1004 width=121)
	              Recheck Cond: ((id >= 8162192) AND (id <= 8163191))
	              ->  Bitmap Index Scan on sbtest5_pkey  (cost=0.00..26.47 rows=1004 width=0)
	                    Index Cond: ((id >= 8162192) AND (id <= 8163191))

table 6 : explain SELECT DISTINCT c FROM sbtest6 WHERE id BETWEEN 9904197 AND 9905196 ORDER BY c
	Unique  (cost=3834.20..3839.10 rows=980 width=121)
	  ->  Sort  (cost=3834.20..3836.65 rows=980 width=121)
	        Sort Key: c
	        ->  Bitmap Heap Scan on sbtest6  (cost=22.48..3785.51 rows=980 width=121)
	              Recheck Cond: ((id >= 9904197) AND (id <= 9905196))
	              ->  Bitmap Index Scan on sbtest6_pkey  (cost=0.00..22.23 rows=980 width=0)
	                    Index Cond: ((id >= 9904197) AND (id <= 9905196))

table 7 : explain SELECT DISTINCT c FROM sbtest7 WHERE id BETWEEN 8538344 AND 8539343 ORDER BY c
	Unique  (cost=4189.38..4194.74 rows=1073 width=121)
	  ->  Sort  (cost=4189.38..4192.06 rows=1073 width=121)
	        Sort Key: c
	        ->  Bitmap Heap Scan on sbtest7  (cost=23.43..4135.36 rows=1073 width=121)
	              Recheck Cond: ((id >= 8538344) AND (id <= 8539343))
	              ->  Bitmap Index Scan on sbtest7_pkey  (cost=0.00..23.16 rows=1073 width=0)
	                    Index Cond: ((id >= 8538344) AND (id <= 8539343))

table 8 : explain SELECT DISTINCT c FROM sbtest8 WHERE id BETWEEN 1530116 AND 1531115 ORDER BY c
	Unique  (cost=3796.18..3801.03 rows=970 width=121)
	  ->  Sort  (cost=3796.18..3798.61 rows=970 width=121)
	        Sort Key: c
	        ->  Bitmap Heap Scan on sbtest8  (cost=22.38..3748.06 rows=970 width=121)
	              Recheck Cond: ((id >= 1530116) AND (id <= 1531115))
	              ->  Bitmap Index Scan on sbtest8_pkey  (cost=0.00..22.14 rows=970 width=0)
	                    Index Cond: ((id >= 1530116) AND (id <= 1531115))

for: distinct_ranges
table 1 : explain SELECT DISTINCT c FROM sbtest1 WHERE id BETWEEN 8102286 AND 8103285 ORDER BY c
	Unique  (cost=3703.90..3708.63 rows=946 width=121)
	  ->  Sort  (cost=3703.90..3706.27 rows=946 width=121)
	        Sort Key: c
	        ->  Bitmap Heap Scan on sbtest1  (cost=22.13..3657.15 rows=946 width=121)
	              Recheck Cond: ((id >= 8102286) AND (id <= 8103285))
	              ->  Bitmap Index Scan on sbtest1_pkey  (cost=0.00..21.89 rows=946 width=0)
	                    Index Cond: ((id >= 8102286) AND (id <= 8103285))

table 2 : explain SELECT DISTINCT c FROM sbtest2 WHERE id BETWEEN 5662392 AND 5663391 ORDER BY c
	Unique  (cost=3888.48..3893.45 rows=994 width=121)
	  ->  Sort  (cost=3888.48..3890.97 rows=994 width=121)
	        Sort Key: c
	        ->  Bitmap Heap Scan on sbtest2  (cost=22.62..3839.00 rows=994 width=121)
	              Recheck Cond: ((id >= 5662392) AND (id <= 5663391))
	              ->  Bitmap Index Scan on sbtest2_pkey  (cost=0.00..22.37 rows=994 width=0)
	                    Index Cond: ((id >= 5662392) AND (id <= 5663391))

table 3 : explain SELECT DISTINCT c FROM sbtest3 WHERE id BETWEEN 6932579 AND 6933578 ORDER BY c
	Unique  (cost=3768.19..3773.01 rows=963 width=121)
	  ->  Sort  (cost=3768.19..3770.60 rows=963 width=121)
	        Sort Key: c
	        ->  Bitmap Heap Scan on sbtest3  (cost=22.31..3720.47 rows=963 width=121)
	              Recheck Cond: ((id >= 6932579) AND (id <= 6933578))
	              ->  Bitmap Index Scan on sbtest3_pkey  (cost=0.00..22.07 rows=963 width=0)
	                    Index Cond: ((id >= 6932579) AND (id <= 6933578))

table 4 : explain SELECT DISTINCT c FROM sbtest4 WHERE id BETWEEN 9330399 AND 9331398 ORDER BY c
	Unique  (cost=4044.16..4049.34 rows=1035 width=121)
	  ->  Sort  (cost=4044.16..4046.75 rows=1035 width=121)
	        Sort Key: c
	        ->  Bitmap Heap Scan on sbtest4  (cost=23.04..3992.33 rows=1035 width=121)
	              Recheck Cond: ((id >= 9330399) AND (id <= 9331398))
	              ->  Bitmap Index Scan on sbtest4_pkey  (cost=0.00..22.79 rows=1035 width=0)
	                    Index Cond: ((id >= 9330399) AND (id <= 9331398))

table 5 : explain SELECT DISTINCT c FROM sbtest5 WHERE id BETWEEN 9847949 AND 9848948 ORDER BY c
	Unique  (cost=4083.56..4088.78 rows=1044 width=121)
	  ->  Sort  (cost=4083.56..4086.17 rows=1044 width=121)
	        Sort Key: c
	        ->  Bitmap Heap Scan on sbtest5  (cost=27.14..4031.22 rows=1044 width=121)
	              Recheck Cond: ((id >= 9847949) AND (id <= 9848948))
	              ->  Bitmap Index Scan on sbtest5_pkey  (cost=0.00..26.87 rows=1044 width=0)
	                    Index Cond: ((id >= 9847949) AND (id <= 9848948))

table 6 : explain SELECT DISTINCT c FROM sbtest6 WHERE id BETWEEN 7334900 AND 7335899 ORDER BY c
	Unique  (cost=3681.09..3685.79 rows=940 width=121)
	  ->  Sort  (cost=3681.09..3683.44 rows=940 width=121)
	        Sort Key: c
	        ->  Bitmap Heap Scan on sbtest6  (cost=22.07..3634.67 rows=940 width=121)
	              Recheck Cond: ((id >= 7334900) AND (id <= 7335899))
	              ->  Bitmap Index Scan on sbtest6_pkey  (cost=0.00..21.83 rows=940 width=0)
	                    Index Cond: ((id >= 7334900) AND (id <= 7335899))

table 7 : explain SELECT DISTINCT c FROM sbtest7 WHERE id BETWEEN 1129842 AND 1130841 ORDER BY c
	Unique  (cost=4036.72..4041.89 rows=1033 width=121)
	  ->  Sort  (cost=4036.72..4039.31 rows=1033 width=121)
	        Sort Key: c
	        ->  Bitmap Heap Scan on sbtest7  (cost=23.02..3985.01 rows=1033 width=121)
	              Recheck Cond: ((id >= 1129842) AND (id <= 1130841))
	              ->  Bitmap Index Scan on sbtest7_pkey  (cost=0.00..22.76 rows=1033 width=0)
	                    Index Cond: ((id >= 1129842) AND (id <= 1130841))

table 8 : explain SELECT DISTINCT c FROM sbtest8 WHERE id BETWEEN 5329254 AND 5330253 ORDER BY c
	Unique  (cost=3891.82..3896.79 rows=995 width=121)
	  ->  Sort  (cost=3891.82..3894.30 rows=995 width=121)
	        Sort Key: c
	        ->  Bitmap Heap Scan on sbtest8  (cost=22.63..3842.27 rows=995 width=121)
	              Recheck Cond: ((id >= 5329254) AND (id <= 5330253))
	              ->  Bitmap Index Scan on sbtest8_pkey  (cost=0.00..22.39 rows=995 width=0)
	                    Index Cond: ((id >= 5329254) AND (id <= 5330253))

for: distinct_ranges
table 1 : explain SELECT DISTINCT c FROM sbtest1 WHERE id BETWEEN 2961548 AND 2962547 ORDER BY c
	Unique  (cost=3830.20..3835.10 rows=979 width=121)
	  ->  Sort  (cost=3830.20..3832.65 rows=979 width=121)
	        Sort Key: c
	        ->  Bitmap Heap Scan on sbtest1  (cost=22.47..3781.57 rows=979 width=121)
	              Recheck Cond: ((id >= 2961548) AND (id <= 2962547))
	              ->  Bitmap Index Scan on sbtest1_pkey  (cost=0.00..22.22 rows=979 width=0)
	                    Index Cond: ((id >= 2961548) AND (id <= 2962547))

table 2 : explain SELECT DISTINCT c FROM sbtest2 WHERE id BETWEEN 1365916 AND 1366915 ORDER BY c
	Unique  (cost=3490.05..3494.50 rows=890 width=121)
	  ->  Sort  (cost=3490.05..3492.27 rows=890 width=121)
	        Sort Key: c
	        ->  Bitmap Heap Scan on sbtest2  (cost=21.56..3446.45 rows=890 width=121)
	              Recheck Cond: ((id >= 1365916) AND (id <= 1366915))
	              ->  Bitmap Index Scan on sbtest2_pkey  (cost=0.00..21.33 rows=890 width=0)
	                    Index Cond: ((id >= 1365916) AND (id <= 1366915))

table 3 : explain SELECT DISTINCT c FROM sbtest3 WHERE id BETWEEN 9373861 AND 9374860 ORDER BY c
	Unique  (cost=3457.88..3462.29 rows=882 width=121)
	  ->  Sort  (cost=3457.88..3460.08 rows=882 width=121)
	        Sort Key: c
	        ->  Bitmap Heap Scan on sbtest3  (cost=21.48..3414.73 rows=882 width=121)
	              Recheck Cond: ((id >= 9373861) AND (id <= 9374860))
	              ->  Bitmap Index Scan on sbtest3_pkey  (cost=0.00..21.25 rows=882 width=0)
	                    Index Cond: ((id >= 9373861) AND (id <= 9374860))

table 4 : explain SELECT DISTINCT c FROM sbtest4 WHERE id BETWEEN 2899736 AND 2900735 ORDER BY c
	Unique  (cost=3692.37..3697.09 rows=943 width=121)
	  ->  Sort  (cost=3692.37..3694.73 rows=943 width=121)
	        Sort Key: c
	        ->  Bitmap Heap Scan on sbtest4  (cost=22.10..3645.78 rows=943 width=121)
	              Recheck Cond: ((id >= 2899736) AND (id <= 2900735))
	              ->  Bitmap Index Scan on sbtest4_pkey  (cost=0.00..21.86 rows=943 width=0)
	                    Index Cond: ((id >= 2899736) AND (id <= 2900735))

table 5 : explain SELECT DISTINCT c FROM sbtest5 WHERE id BETWEEN 3223612 AND 3224611 ORDER BY c
	Unique  (cost=4415.41..4421.07 rows=1132 width=121)
	  ->  Sort  (cost=4415.41..4418.24 rows=1132 width=121)
	        Sort Key: c
	        ->  Bitmap Heap Scan on sbtest5  (cost=28.04..4358.00 rows=1132 width=121)
	              Recheck Cond: ((id >= 3223612) AND (id <= 3224611))
	              ->  Bitmap Index Scan on sbtest5_pkey  (cost=0.00..27.75 rows=1132 width=0)
	                    Index Cond: ((id >= 3223612) AND (id <= 3224611))

table 6 : explain SELECT DISTINCT c FROM sbtest6 WHERE id BETWEEN 8499781 AND 8500780 ORDER BY c
	Unique  (cost=3585.29..3589.87 rows=915 width=121)
	  ->  Sort  (cost=3585.29..3587.58 rows=915 width=121)
	        Sort Key: c
	        ->  Bitmap Heap Scan on sbtest6  (cost=21.81..3540.29 rows=915 width=121)
	              Recheck Cond: ((id >= 8499781) AND (id <= 8500780))
	              ->  Bitmap Index Scan on sbtest6_pkey  (cost=0.00..21.58 rows=915 width=0)
	                    Index Cond: ((id >= 8499781) AND (id <= 8500780))

table 7 : explain SELECT DISTINCT c FROM sbtest7 WHERE id BETWEEN 8884191 AND 8885190 ORDER BY c
	Unique  (cost=3914.46..3919.47 rows=1001 width=121)
	  ->  Sort  (cost=3914.46..3916.97 rows=1001 width=121)
	        Sort Key: c
	        ->  Bitmap Heap Scan on sbtest7  (cost=22.70..3864.58 rows=1001 width=121)
	              Recheck Cond: ((id >= 8884191) AND (id <= 8885190))
	              ->  Bitmap Index Scan on sbtest7_pkey  (cost=0.00..22.44 rows=1001 width=0)
	                    Index Cond: ((id >= 8884191) AND (id <= 8885190))

table 8 : explain SELECT DISTINCT c FROM sbtest8 WHERE id BETWEEN 4024621 AND 4025620 ORDER BY c
	Unique  (cost=4235.65..4241.07 rows=1084 width=121)
	  ->  Sort  (cost=4235.65..4238.36 rows=1084 width=121)
	        Sort Key: c
	        ->  Bitmap Heap Scan on sbtest8  (cost=27.55..4181.01 rows=1084 width=121)
	              Recheck Cond: ((id >= 4024621) AND (id <= 4025620))
	              ->  Bitmap Index Scan on sbtest8_pkey  (cost=0.00..27.27 rows=1084 width=0)
	                    Index Cond: ((id >= 4024621) AND (id <= 4025620))

for point_selects
table 1 : explain SELECT c FROM sbtest1 WHERE id=9990146
	Index Scan using sbtest1_pkey on sbtest1  (cost=0.43..8.45 rows=1 width=121)
	  Index Cond: (id = 9990146)

table 2 : explain SELECT c FROM sbtest2 WHERE id=3886983
	Index Scan using sbtest2_pkey on sbtest2  (cost=0.43..8.45 rows=1 width=121)
	  Index Cond: (id = 3886983)

table 3 : explain SELECT c FROM sbtest3 WHERE id=273786
	Index Scan using sbtest3_pkey on sbtest3  (cost=0.43..8.45 rows=1 width=121)
	  Index Cond: (id = 273786)

table 4 : explain SELECT c FROM sbtest4 WHERE id=486450
	Index Scan using sbtest4_pkey on sbtest4  (cost=0.43..8.45 rows=1 width=121)
	  Index Cond: (id = 486450)

table 5 : explain SELECT c FROM sbtest5 WHERE id=3587316
	Index Scan using sbtest5_pkey on sbtest5  (cost=0.43..8.45 rows=1 width=121)
	  Index Cond: (id = 3587316)

table 6 : explain SELECT c FROM sbtest6 WHERE id=8558331
	Index Scan using sbtest6_pkey on sbtest6  (cost=0.43..8.45 rows=1 width=121)
	  Index Cond: (id = 8558331)

table 7 : explain SELECT c FROM sbtest7 WHERE id=4591014
	Index Scan using sbtest7_pkey on sbtest7  (cost=0.43..8.45 rows=1 width=121)
	  Index Cond: (id = 4591014)

table 8 : explain SELECT c FROM sbtest8 WHERE id=9063785
	Index Scan using sbtest8_pkey on sbtest8  (cost=0.43..8.45 rows=1 width=121)
	  Index Cond: (id = 9063785)

for point_selects
table 1 : explain SELECT c FROM sbtest1 WHERE id=3020065
	Index Scan using sbtest1_pkey on sbtest1  (cost=0.43..8.45 rows=1 width=121)
	  Index Cond: (id = 3020065)

table 2 : explain SELECT c FROM sbtest2 WHERE id=6724711
	Index Scan using sbtest2_pkey on sbtest2  (cost=0.43..8.45 rows=1 width=121)
	  Index Cond: (id = 6724711)

table 3 : explain SELECT c FROM sbtest3 WHERE id=7340650
	Index Scan using sbtest3_pkey on sbtest3  (cost=0.43..8.45 rows=1 width=121)
	  Index Cond: (id = 7340650)

table 4 : explain SELECT c FROM sbtest4 WHERE id=8211045
	Index Scan using sbtest4_pkey on sbtest4  (cost=0.43..8.45 rows=1 width=121)
	  Index Cond: (id = 8211045)

table 5 : explain SELECT c FROM sbtest5 WHERE id=4298038
	Index Scan using sbtest5_pkey on sbtest5  (cost=0.43..8.45 rows=1 width=121)
	  Index Cond: (id = 4298038)

table 6 : explain SELECT c FROM sbtest6 WHERE id=3126429
	Index Scan using sbtest6_pkey on sbtest6  (cost=0.43..8.45 rows=1 width=121)
	  Index Cond: (id = 3126429)

table 7 : explain SELECT c FROM sbtest7 WHERE id=3038410
	Index Scan using sbtest7_pkey on sbtest7  (cost=0.43..8.45 rows=1 width=121)
	  Index Cond: (id = 3038410)

table 8 : explain SELECT c FROM sbtest8 WHERE id=8196556
	Index Scan using sbtest8_pkey on sbtest8  (cost=0.43..8.45 rows=1 width=121)
	  Index Cond: (id = 8196556)

for: simple_ranges
table 1 : explain SELECT c FROM sbtest1 WHERE id BETWEEN 3194850 AND 3195849
	Bitmap Heap Scan on sbtest1  (cost=22.16..3668.46 rows=949 width=121)
	  Recheck Cond: ((id >= 3194850) AND (id <= 3195849))
	  ->  Bitmap Index Scan on sbtest1_pkey  (cost=0.00..21.93 rows=949 width=0)
	        Index Cond: ((id >= 3194850) AND (id <= 3195849))

table 2 : explain SELECT c FROM sbtest2 WHERE id BETWEEN 5666972 AND 5667971
	Bitmap Heap Scan on sbtest2  (cost=22.62..3839.00 rows=994 width=121)
	  Recheck Cond: ((id >= 5666972) AND (id <= 5667971))
	  ->  Bitmap Index Scan on sbtest2_pkey  (cost=0.00..22.37 rows=994 width=0)
	        Index Cond: ((id >= 5666972) AND (id <= 5667971))

table 3 : explain SELECT c FROM sbtest3 WHERE id BETWEEN 6304836 AND 6305835
	Bitmap Heap Scan on sbtest3  (cost=23.06..3999.02 rows=1037 width=121)
	  Recheck Cond: ((id >= 6304836) AND (id <= 6305835))
	  ->  Bitmap Index Scan on sbtest3_pkey  (cost=0.00..22.80 rows=1037 width=0)
	        Index Cond: ((id >= 6304836) AND (id <= 6305835))

table 4 : explain SELECT c FROM sbtest4 WHERE id BETWEEN 2790541 AND 2791540
	Bitmap Heap Scan on sbtest4  (cost=22.16..3668.42 rows=949 width=121)
	  Recheck Cond: ((id >= 2790541) AND (id <= 2791540))
	  ->  Bitmap Index Scan on sbtest4_pkey  (cost=0.00..21.93 rows=949 width=0)
	        Index Cond: ((id >= 2790541) AND (id <= 2791540))

table 5 : explain SELECT c FROM sbtest5 WHERE id BETWEEN 1227975 AND 1228974
	Bitmap Heap Scan on sbtest5  (cost=27.26..4076.34 rows=1056 width=121)
	  Recheck Cond: ((id >= 1227975) AND (id <= 1228974))
	  ->  Bitmap Index Scan on sbtest5_pkey  (cost=0.00..27.00 rows=1056 width=0)
	        Index Cond: ((id >= 1227975) AND (id <= 1228974))

table 6 : explain SELECT c FROM sbtest6 WHERE id BETWEEN 8602861 AND 8603860
	Bitmap Heap Scan on sbtest6  (cost=23.05..3996.33 rows=1036 width=121)
	  Recheck Cond: ((id >= 8602861) AND (id <= 8603860))
	  ->  Bitmap Index Scan on sbtest6_pkey  (cost=0.00..22.79 rows=1036 width=0)
	        Index Cond: ((id >= 8602861) AND (id <= 8603860))

table 7 : explain SELECT c FROM sbtest7 WHERE id BETWEEN 1026436 AND 1027435
	Bitmap Heap Scan on sbtest7  (cost=22.82..3909.75 rows=1013 width=121)
	  Recheck Cond: ((id >= 1026436) AND (id <= 1027435))
	  ->  Bitmap Index Scan on sbtest7_pkey  (cost=0.00..22.57 rows=1013 width=0)
	        Index Cond: ((id >= 1026436) AND (id <= 1027435))

table 8 : explain SELECT c FROM sbtest8 WHERE id BETWEEN 3733100 AND 3734099
	Bitmap Heap Scan on sbtest8  (cost=22.41..3759.37 rows=973 width=121)
	  Recheck Cond: ((id >= 3733100) AND (id <= 3734099))
	  ->  Bitmap Index Scan on sbtest8_pkey  (cost=0.00..22.16 rows=973 width=0)
	        Index Cond: ((id >= 3733100) AND (id <= 3734099))

for: simple_ranges
table 1 : explain SELECT c FROM sbtest1 WHERE id BETWEEN 8401398 AND 8402397
	Bitmap Heap Scan on sbtest1  (cost=22.95..3958.53 rows=1026 width=121)
	  Recheck Cond: ((id >= 8401398) AND (id <= 8402397))
	  ->  Bitmap Index Scan on sbtest1_pkey  (cost=0.00..22.69 rows=1026 width=0)
	        Index Cond: ((id >= 8401398) AND (id <= 8402397))

table 2 : explain SELECT c FROM sbtest2 WHERE id BETWEEN 6704959 AND 6705958
	Bitmap Heap Scan on sbtest2  (cost=22.36..3740.99 rows=968 width=121)
	  Recheck Cond: ((id >= 6704959) AND (id <= 6705958))
	  ->  Bitmap Index Scan on sbtest2_pkey  (cost=0.00..22.11 rows=968 width=0)
	        Index Cond: ((id >= 6704959) AND (id <= 6705958))

table 3 : explain SELECT c FROM sbtest3 WHERE id BETWEEN 9662766 AND 9663765
	Bitmap Heap Scan on sbtest3  (cost=22.91..3942.62 rows=1022 width=121)
	  Recheck Cond: ((id >= 9662766) AND (id <= 9663765))
	  ->  Bitmap Index Scan on sbtest3_pkey  (cost=0.00..22.65 rows=1022 width=0)
	        Index Cond: ((id >= 9662766) AND (id <= 9663765))

table 4 : explain SELECT c FROM sbtest4 WHERE id BETWEEN 7176738 AND 7177737
	Bitmap Heap Scan on sbtest4  (cost=23.31..4090.07 rows=1061 width=121)
	  Recheck Cond: ((id >= 7176738) AND (id <= 7177737))
	  ->  Bitmap Index Scan on sbtest4_pkey  (cost=0.00..23.04 rows=1061 width=0)
	        Index Cond: ((id >= 7176738) AND (id <= 7177737))

table 5 : explain SELECT c FROM sbtest5 WHERE id BETWEEN 3621961 AND 3622960
	Bitmap Heap Scan on sbtest5  (cost=27.32..4098.90 rows=1062 width=121)
	  Recheck Cond: ((id >= 3621961) AND (id <= 3622960))
	  ->  Bitmap Index Scan on sbtest5_pkey  (cost=0.00..27.05 rows=1062 width=0)
	        Index Cond: ((id >= 3621961) AND (id <= 3622960))

table 6 : explain SELECT c FROM sbtest6 WHERE id BETWEEN 6134045 AND 6135044
	Bitmap Heap Scan on sbtest6  (cost=21.57..3449.60 rows=891 width=121)
	  Recheck Cond: ((id >= 6134045) AND (id <= 6135044))
	  ->  Bitmap Index Scan on sbtest6_pkey  (cost=0.00..21.34 rows=891 width=0)
	        Index Cond: ((id >= 6134045) AND (id <= 6135044))

table 7 : explain SELECT c FROM sbtest7 WHERE id BETWEEN 3803952 AND 3804951
	Bitmap Heap Scan on sbtest7  (cost=21.45..3407.97 rows=880 width=121)
	  Recheck Cond: ((id >= 3803952) AND (id <= 3804951))
	  ->  Bitmap Index Scan on sbtest7_pkey  (cost=0.00..21.23 rows=880 width=0)
	        Index Cond: ((id >= 3803952) AND (id <= 3804951))

table 8 : explain SELECT c FROM sbtest8 WHERE id BETWEEN 183758 AND 184757
	Bitmap Heap Scan on sbtest8  (cost=22.80..3902.52 rows=1011 width=121)
	  Recheck Cond: ((id >= 183758) AND (id <= 184757))
	  ->  Bitmap Index Scan on sbtest8_pkey  (cost=0.00..22.54 rows=1011 width=0)
	        Index Cond: ((id >= 183758) AND (id <= 184757))

for: sum_ranges
table 1 : explain SELECT SUM(k) FROM sbtest1 WHERE id BETWEEN 4937297 AND 4938296
	Aggregate  (cost=3829.25..3829.26 rows=1 width=8)
	  ->  Bitmap Heap Scan on sbtest1  (cost=22.59..3826.78 rows=991 width=4)
	        Recheck Cond: ((id >= 4937297) AND (id <= 4938296))
	        ->  Bitmap Index Scan on sbtest1_pkey  (cost=0.00..22.34 rows=991 width=0)
	              Index Cond: ((id >= 4937297) AND (id <= 4938296))

table 2 : explain SELECT SUM(k) FROM sbtest2 WHERE id BETWEEN 7434265 AND 7435264
	Aggregate  (cost=4003.48..4003.49 rows=1 width=8)
	  ->  Bitmap Heap Scan on sbtest2  (cost=23.06..4000.89 rows=1037 width=4)
	        Recheck Cond: ((id >= 7434265) AND (id <= 7435264))
	        ->  Bitmap Index Scan on sbtest2_pkey  (cost=0.00..22.80 rows=1037 width=0)
	              Index Cond: ((id >= 7434265) AND (id <= 7435264))

table 3 : explain SELECT SUM(k) FROM sbtest3 WHERE id BETWEEN 7026286 AND 7027285
	Aggregate  (cost=3628.54..3628.55 rows=1 width=8)
	  ->  Bitmap Heap Scan on sbtest3  (cost=22.05..3626.20 rows=938 width=4)
	        Recheck Cond: ((id >= 7026286) AND (id <= 7027285))
	        ->  Bitmap Index Scan on sbtest3_pkey  (cost=0.00..21.82 rows=938 width=0)
	              Index Cond: ((id >= 7026286) AND (id <= 7027285))

table 4 : explain SELECT SUM(k) FROM sbtest4 WHERE id BETWEEN 3900349 AND 3901348
	Aggregate  (cost=4258.32..4258.33 rows=1 width=8)
	  ->  Bitmap Heap Scan on sbtest4  (cost=27.76..4255.56 rows=1105 width=4)
	        Recheck Cond: ((id >= 3900349) AND (id <= 3901348))
	        ->  Bitmap Index Scan on sbtest4_pkey  (cost=0.00..27.48 rows=1105 width=0)
	              Index Cond: ((id >= 3900349) AND (id <= 3901348))

table 5 : explain SELECT SUM(k) FROM sbtest5 WHERE id BETWEEN 4244316 AND 4245315
	Aggregate  (cost=3811.31..3811.32 rows=1 width=8)
	  ->  Bitmap Heap Scan on sbtest5  (cost=22.54..3808.85 rows=986 width=4)
	        Recheck Cond: ((id >= 4244316) AND (id <= 4245315))
	        ->  Bitmap Index Scan on sbtest5_pkey  (cost=0.00..22.29 rows=986 width=0)
	              Index Cond: ((id >= 4244316) AND (id <= 4245315))

table 6 : explain SELECT SUM(k) FROM sbtest6 WHERE id BETWEEN 2295609 AND 2296608
	Aggregate  (cost=3889.72..3889.73 rows=1 width=8)
	  ->  Bitmap Heap Scan on sbtest6  (cost=22.76..3887.21 rows=1007 width=4)
	        Recheck Cond: ((id >= 2295609) AND (id <= 2296608))
	        ->  Bitmap Index Scan on sbtest6_pkey  (cost=0.00..22.50 rows=1007 width=0)
	              Index Cond: ((id >= 2295609) AND (id <= 2296608))

table 7 : explain SELECT SUM(k) FROM sbtest7 WHERE id BETWEEN 2975014 AND 2976013
	Aggregate  (cost=3968.77..3968.78 rows=1 width=8)
	  ->  Bitmap Heap Scan on sbtest7  (cost=22.97..3966.20 rows=1028 width=4)
	        Recheck Cond: ((id >= 2975014) AND (id <= 2976013))
	        ->  Bitmap Index Scan on sbtest7_pkey  (cost=0.00..22.71 rows=1028 width=0)
	              Index Cond: ((id >= 2975014) AND (id <= 2976013))

table 8 : explain SELECT SUM(k) FROM sbtest8 WHERE id BETWEEN 8946670 AND 8947669
	Aggregate  (cost=3376.35..3376.36 rows=1 width=8)
	  ->  Bitmap Heap Scan on sbtest8  (cost=21.36..3374.17 rows=871 width=4)
	        Recheck Cond: ((id >= 8946670) AND (id <= 8947669))
	        ->  Bitmap Index Scan on sbtest8_pkey  (cost=0.00..21.14 rows=871 width=0)
	              Index Cond: ((id >= 8946670) AND (id <= 8947669))

for: sum_ranges
table 1 : explain SELECT SUM(k) FROM sbtest1 WHERE id BETWEEN 6691317 AND 6692316
	Aggregate  (cost=3987.44..3987.45 rows=1 width=8)
	  ->  Bitmap Heap Scan on sbtest1  (cost=23.02..3984.86 rows=1033 width=4)
	        Recheck Cond: ((id >= 6691317) AND (id <= 6692316))
	        ->  Bitmap Index Scan on sbtest1_pkey  (cost=0.00..22.76 rows=1033 width=0)
	              Index Cond: ((id >= 6691317) AND (id <= 6692316))

table 2 : explain SELECT SUM(k) FROM sbtest2 WHERE id BETWEEN 4081915 AND 4082914
	Aggregate  (cost=3815.09..3815.10 rows=1 width=8)
	  ->  Bitmap Heap Scan on sbtest2  (cost=22.55..3812.62 rows=987 width=4)
	        Recheck Cond: ((id >= 4081915) AND (id <= 4082914))
	        ->  Bitmap Index Scan on sbtest2_pkey  (cost=0.00..22.30 rows=987 width=0)
	              Index Cond: ((id >= 4081915) AND (id <= 4082914))

table 3 : explain SELECT SUM(k) FROM sbtest3 WHERE id BETWEEN 6490798 AND 6491797
	Aggregate  (cost=4279.92..4279.93 rows=1 width=8)
	  ->  Bitmap Heap Scan on sbtest3  (cost=27.82..4277.15 rows=1111 width=4)
	        Recheck Cond: ((id >= 6490798) AND (id <= 6491797))
	        ->  Bitmap Index Scan on sbtest3_pkey  (cost=0.00..27.54 rows=1111 width=0)
	              Index Cond: ((id >= 6490798) AND (id <= 6491797))

table 4 : explain SELECT SUM(k) FROM sbtest4 WHERE id BETWEEN 1124163 AND 1125162
	Aggregate  (cost=4239.55..4239.56 rows=1 width=8)
	  ->  Bitmap Heap Scan on sbtest4  (cost=27.71..4236.80 rows=1100 width=4)
	        Recheck Cond: ((id >= 1124163) AND (id <= 1125162))
	        ->  Bitmap Index Scan on sbtest4_pkey  (cost=0.00..27.43 rows=1100 width=0)
	              Index Cond: ((id >= 1124163) AND (id <= 1125162))

table 5 : explain SELECT SUM(k) FROM sbtest5 WHERE id BETWEEN 8609733 AND 8610732
	Aggregate  (cost=3973.59..3973.60 rows=1 width=8)
	  ->  Bitmap Heap Scan on sbtest5  (cost=26.97..3971.02 rows=1028 width=4)
	        Recheck Cond: ((id >= 8609733) AND (id <= 8610732))
	        ->  Bitmap Index Scan on sbtest5_pkey  (cost=0.00..26.71 rows=1028 width=0)
	              Index Cond: ((id >= 8609733) AND (id <= 8610732))

table 6 : explain SELECT SUM(k) FROM sbtest6 WHERE id BETWEEN 2927464 AND 2928463
	Aggregate  (cost=3655.90..3655.91 rows=1 width=8)
	  ->  Bitmap Heap Scan on sbtest6  (cost=22.12..3653.54 rows=945 width=4)
	        Recheck Cond: ((id >= 2927464) AND (id <= 2928463))
	        ->  Bitmap Index Scan on sbtest6_pkey  (cost=0.00..21.89 rows=945 width=0)
	              Index Cond: ((id >= 2927464) AND (id <= 2928463))

table 7 : explain SELECT SUM(k) FROM sbtest7 WHERE id BETWEEN 6958443 AND 6959442
	Aggregate  (cost=3900.99..3901.00 rows=1 width=8)
	  ->  Bitmap Heap Scan on sbtest7  (cost=22.79..3898.46 rows=1010 width=4)
	        Recheck Cond: ((id >= 6958443) AND (id <= 6959442))
	        ->  Bitmap Index Scan on sbtest7_pkey  (cost=0.00..22.54 rows=1010 width=0)
	              Index Cond: ((id >= 6958443) AND (id <= 6959442))

table 8 : explain SELECT SUM(k) FROM sbtest8 WHERE id BETWEEN 9132934 AND 9133933
	Aggregate  (cost=3705.21..3705.22 rows=1 width=8)
	  ->  Bitmap Heap Scan on sbtest8  (cost=22.25..3702.81 rows=958 width=4)
	        Recheck Cond: ((id >= 9132934) AND (id <= 9133933))
	        ->  Bitmap Index Scan on sbtest8_pkey  (cost=0.00..22.01 rows=958 width=0)
	              Index Cond: ((id >= 9132934) AND (id <= 9133933))

for: order_ranges
table 1 : explain SELECT c FROM sbtest1 WHERE id BETWEEN 6066297 AND 6067296 ORDER BY c
	Sort  (cost=3638.79..3641.11 rows=929 width=121)
	  Sort Key: c
	  ->  Bitmap Heap Scan on sbtest1  (cost=21.96..3592.99 rows=929 width=121)
	        Recheck Cond: ((id >= 6066297) AND (id <= 6067296))
	        ->  Bitmap Index Scan on sbtest1_pkey  (cost=0.00..21.72 rows=929 width=0)
	              Index Cond: ((id >= 6066297) AND (id <= 6067296))

table 2 : explain SELECT c FROM sbtest2 WHERE id BETWEEN 9129166 AND 9130165 ORDER BY c
	Sort  (cost=4041.37..4043.96 rows=1034 width=121)
	  Sort Key: c
	  ->  Bitmap Heap Scan on sbtest2  (cost=23.03..3989.60 rows=1034 width=121)
	        Recheck Cond: ((id >= 9129166) AND (id <= 9130165))
	        ->  Bitmap Index Scan on sbtest2_pkey  (cost=0.00..22.77 rows=1034 width=0)
	              Index Cond: ((id >= 9129166) AND (id <= 9130165))

table 3 : explain SELECT c FROM sbtest3 WHERE id BETWEEN 840959 AND 841958 ORDER BY c
	Sort  (cost=4089.13..4091.75 rows=1047 width=121)
	  Sort Key: c
	  ->  Bitmap Heap Scan on sbtest3  (cost=23.17..4036.61 rows=1047 width=121)
	        Recheck Cond: ((id >= 840959) AND (id <= 841958))
	        ->  Bitmap Index Scan on sbtest3_pkey  (cost=0.00..22.90 rows=1047 width=0)
	              Index Cond: ((id >= 840959) AND (id <= 841958))

table 4 : explain SELECT c FROM sbtest4 WHERE id BETWEEN 1663482 AND 1664481 ORDER BY c
	Sort  (cost=3906.63..3909.13 rows=999 width=121)
	  Sort Key: c
	  ->  Bitmap Heap Scan on sbtest4  (cost=22.67..3856.86 rows=999 width=121)
	        Recheck Cond: ((id >= 1663482) AND (id <= 1664481))
	        ->  Bitmap Index Scan on sbtest4_pkey  (cost=0.00..22.43 rows=999 width=0)
	              Index Cond: ((id >= 1663482) AND (id <= 1664481))

table 5 : explain SELECT c FROM sbtest5 WHERE id BETWEEN 3801687 AND 3802686 ORDER BY c
	Sort  (cost=3980.42..3982.96 rows=1017 width=121)
	  Sort Key: c
	  ->  Bitmap Heap Scan on sbtest5  (cost=26.86..3929.62 rows=1017 width=121)
	        Recheck Cond: ((id >= 3801687) AND (id <= 3802686))
	        ->  Bitmap Index Scan on sbtest5_pkey  (cost=0.00..26.61 rows=1017 width=0)
	              Index Cond: ((id >= 3801687) AND (id <= 3802686))

table 6 : explain SELECT c FROM sbtest6 WHERE id BETWEEN 11903 AND 12902 ORDER BY c
	Sort  (cost=3776.81..3779.22 rows=965 width=121)
	  Sort Key: c
	  ->  Bitmap Heap Scan on sbtest6  (cost=22.33..3728.97 rows=965 width=121)
	        Recheck Cond: ((id >= 11903) AND (id <= 12902))
	        ->  Bitmap Index Scan on sbtest6_pkey  (cost=0.00..22.08 rows=965 width=0)
	              Index Cond: ((id >= 11903) AND (id <= 12902))

table 7 : explain SELECT c FROM sbtest7 WHERE id BETWEEN 4066576 AND 4067575 ORDER BY c
	Sort  (cost=3826.51..3828.96 rows=978 width=121)
	  Sort Key: c
	  ->  Bitmap Heap Scan on sbtest7  (cost=22.46..3777.93 rows=978 width=121)
	        Recheck Cond: ((id >= 4066576) AND (id <= 4067575))
	        ->  Bitmap Index Scan on sbtest7_pkey  (cost=0.00..22.21 rows=978 width=0)
	              Index Cond: ((id >= 4066576) AND (id <= 4067575))

table 8 : explain SELECT c FROM sbtest8 WHERE id BETWEEN 3276254 AND 3277253 ORDER BY c
	Sort  (cost=3899.46..3901.96 rows=997 width=121)
	  Sort Key: c
	  ->  Bitmap Heap Scan on sbtest8  (cost=22.65..3849.81 rows=997 width=121)
	        Recheck Cond: ((id >= 3276254) AND (id <= 3277253))
	        ->  Bitmap Index Scan on sbtest8_pkey  (cost=0.00..22.40 rows=997 width=0)
	              Index Cond: ((id >= 3276254) AND (id <= 3277253))

for: order_ranges
table 1 : explain SELECT c FROM sbtest1 WHERE id BETWEEN 3349669 AND 3350668 ORDER BY c
	Sort  (cost=3967.82..3970.36 rows=1015 width=121)
	  Sort Key: c
	  ->  Bitmap Heap Scan on sbtest1  (cost=22.84..3917.14 rows=1015 width=121)
	        Recheck Cond: ((id >= 3349669) AND (id <= 3350668))
	        ->  Bitmap Index Scan on sbtest1_pkey  (cost=0.00..22.58 rows=1015 width=0)
	              Index Cond: ((id >= 3349669) AND (id <= 3350668))

table 2 : explain SELECT c FROM sbtest2 WHERE id BETWEEN 2902514 AND 2903513 ORDER BY c
	Sort  (cost=3570.61..3572.89 rows=911 width=121)
	  Sort Key: c
	  ->  Bitmap Heap Scan on sbtest2  (cost=21.77..3525.83 rows=911 width=121)
	        Recheck Cond: ((id >= 2902514) AND (id <= 2903513))
	        ->  Bitmap Index Scan on sbtest2_pkey  (cost=0.00..21.54 rows=911 width=0)
	              Index Cond: ((id >= 2902514) AND (id <= 2903513))

table 3 : explain SELECT c FROM sbtest3 WHERE id BETWEEN 3700096 AND 3701095 ORDER BY c
	Sort  (cost=4115.83..4118.47 rows=1054 width=121)
	  Sort Key: c
	  ->  Bitmap Heap Scan on sbtest3  (cost=23.24..4062.91 rows=1054 width=121)
	        Recheck Cond: ((id >= 3700096) AND (id <= 3701095))
	        ->  Bitmap Index Scan on sbtest3_pkey  (cost=0.00..22.97 rows=1054 width=0)
	              Index Cond: ((id >= 3700096) AND (id <= 3701095))

table 4 : explain SELECT c FROM sbtest4 WHERE id BETWEEN 3423158 AND 3424157 ORDER BY c
	Sort  (cost=3546.76..3549.02 rows=905 width=121)
	  Sort Key: c
	  ->  Bitmap Heap Scan on sbtest4  (cost=21.71..3502.31 rows=905 width=121)
	        Recheck Cond: ((id >= 3423158) AND (id <= 3424157))
	        ->  Bitmap Index Scan on sbtest4_pkey  (cost=0.00..21.48 rows=905 width=0)
	              Index Cond: ((id >= 3423158) AND (id <= 3424157))

table 5 : explain SELECT c FROM sbtest5 WHERE id BETWEEN 3021622 AND 3022621 ORDER BY c
	Sort  (cost=4266.72..4269.45 rows=1092 width=121)
	  Sort Key: c
	  ->  Bitmap Heap Scan on sbtest5  (cost=27.63..4211.61 rows=1092 width=121)
	        Recheck Cond: ((id >= 3021622) AND (id <= 3022621))
	        ->  Bitmap Index Scan on sbtest5_pkey  (cost=0.00..27.36 rows=1092 width=0)
	              Index Cond: ((id >= 3021622) AND (id <= 3022621))

table 6 : explain SELECT c FROM sbtest6 WHERE id BETWEEN 8312417 AND 8313416 ORDER BY c
	Sort  (cost=4032.95..4035.53 rows=1032 width=121)
	  Sort Key: c
	  ->  Bitmap Heap Scan on sbtest6  (cost=23.01..3981.29 rows=1032 width=121)
	        Recheck Cond: ((id >= 8312417) AND (id <= 8313416))
	        ->  Bitmap Index Scan on sbtest6_pkey  (cost=0.00..22.75 rows=1032 width=0)
	              Index Cond: ((id >= 8312417) AND (id <= 8313416))

table 7 : explain SELECT c FROM sbtest7 WHERE id BETWEEN 6341778 AND 6342777 ORDER BY c
	Sort  (cost=4399.24..4402.06 rows=1128 width=121)
	  Sort Key: c
	  ->  Bitmap Heap Scan on sbtest7  (cost=28.00..4342.05 rows=1128 width=121)
	        Recheck Cond: ((id >= 6341778) AND (id <= 6342777))
	        ->  Bitmap Index Scan on sbtest7_pkey  (cost=0.00..27.71 rows=1128 width=0)
	              Index Cond: ((id >= 6341778) AND (id <= 6342777))

table 8 : explain SELECT c FROM sbtest8 WHERE id BETWEEN 4138129 AND 4139128 ORDER BY c
	Sort  (cost=3765.56..3767.97 rows=962 width=121)
	  Sort Key: c
	  ->  Bitmap Heap Scan on sbtest8  (cost=22.30..3717.90 rows=962 width=121)
	        Recheck Cond: ((id >= 4138129) AND (id <= 4139128))
	        ->  Bitmap Index Scan on sbtest8_pkey  (cost=0.00..22.05 rows=962 width=0)
	              Index Cond: ((id >= 4138129) AND (id <= 4139128))

for: distinct_ranges
table 1 : explain SELECT DISTINCT c FROM sbtest1 WHERE id BETWEEN 4585003 AND 4586002 ORDER BY c
	Unique  (cost=3929.61..3934.64 rows=1005 width=121)
	  ->  Sort  (cost=3929.61..3932.12 rows=1005 width=121)
	        Sort Key: c
	        ->  Bitmap Heap Scan on sbtest1  (cost=22.74..3879.50 rows=1005 width=121)
	              Recheck Cond: ((id >= 4585003) AND (id <= 4586002))
	              ->  Bitmap Index Scan on sbtest1_pkey  (cost=0.00..22.48 rows=1005 width=0)
	                    Index Cond: ((id >= 4585003) AND (id <= 4586002))

table 2 : explain SELECT DISTINCT c FROM sbtest2 WHERE id BETWEEN 4952440 AND 4953439 ORDER BY c
	Unique  (cost=3800.49..3805.34 rows=971 width=121)
	  ->  Sort  (cost=3800.49..3802.91 rows=971 width=121)
	        Sort Key: c
	        ->  Bitmap Heap Scan on sbtest2  (cost=22.39..3752.31 rows=971 width=121)
	              Recheck Cond: ((id >= 4952440) AND (id <= 4953439))
	              ->  Bitmap Index Scan on sbtest2_pkey  (cost=0.00..22.14 rows=971 width=0)
	                    Index Cond: ((id >= 4952440) AND (id <= 4953439))

table 3 : explain SELECT DISTINCT c FROM sbtest3 WHERE id BETWEEN 2669712 AND 2670711 ORDER BY c
	Unique  (cost=3802.62..3807.48 rows=972 width=121)
	  ->  Sort  (cost=3802.62..3805.05 rows=972 width=121)
	        Sort Key: c
	        ->  Bitmap Heap Scan on sbtest3  (cost=22.40..3754.39 rows=972 width=121)
	              Recheck Cond: ((id >= 2669712) AND (id <= 2670711))
	              ->  Bitmap Index Scan on sbtest3_pkey  (cost=0.00..22.15 rows=972 width=0)
	                    Index Cond: ((id >= 2669712) AND (id <= 2670711))

table 4 : explain SELECT DISTINCT c FROM sbtest4 WHERE id BETWEEN 3277024 AND 3278023 ORDER BY c
	Unique  (cost=3397.12..3401.45 rows=866 width=121)
	  ->  Sort  (cost=3397.12..3399.28 rows=866 width=121)
	        Sort Key: c
	        ->  Bitmap Heap Scan on sbtest4  (cost=21.31..3354.87 rows=866 width=121)
	              Recheck Cond: ((id >= 3277024) AND (id <= 3278023))
	              ->  Bitmap Index Scan on sbtest4_pkey  (cost=0.00..21.09 rows=866 width=0)
	                    Index Cond: ((id >= 3277024) AND (id <= 3278023))

table 5 : explain SELECT DISTINCT c FROM sbtest5 WHERE id BETWEEN 88516 AND 89515 ORDER BY c
	Unique  (cost=3907.78..3912.77 rows=998 width=121)
	  ->  Sort  (cost=3907.78..3910.27 rows=998 width=121)
	        Sort Key: c
	        ->  Bitmap Heap Scan on sbtest5  (cost=26.66..3858.06 rows=998 width=121)
	              Recheck Cond: ((id >= 88516) AND (id <= 89515))
	              ->  Bitmap Index Scan on sbtest5_pkey  (cost=0.00..26.41 rows=998 width=0)
	                    Index Cond: ((id >= 88516) AND (id <= 89515))

table 6 : explain SELECT DISTINCT c FROM sbtest6 WHERE id BETWEEN 7311476 AND 7312475 ORDER BY c
	Unique  (cost=3681.09..3685.79 rows=940 width=121)
	  ->  Sort  (cost=3681.09..3683.44 rows=940 width=121)
	        Sort Key: c
	        ->  Bitmap Heap Scan on sbtest6  (cost=22.07..3634.67 rows=940 width=121)
	              Recheck Cond: ((id >= 7311476) AND (id <= 7312475))
	              ->  Bitmap Index Scan on sbtest6_pkey  (cost=0.00..21.83 rows=940 width=0)
	                    Index Cond: ((id >= 7311476) AND (id <= 7312475))

table 7 : explain SELECT DISTINCT c FROM sbtest7 WHERE id BETWEEN 868690 AND 869689 ORDER BY c
	Unique  (cost=4086.36..4091.59 rows=1046 width=121)
	  ->  Sort  (cost=4086.36..4088.97 rows=1046 width=121)
	        Sort Key: c
	        ->  Bitmap Heap Scan on sbtest7  (cost=23.16..4033.90 rows=1046 width=121)
	              Recheck Cond: ((id >= 868690) AND (id <= 869689))
	              ->  Bitmap Index Scan on sbtest7_pkey  (cost=0.00..22.89 rows=1046 width=0)
	                    Index Cond: ((id >= 868690) AND (id <= 869689))

table 8 : explain SELECT DISTINCT c FROM sbtest8 WHERE id BETWEEN 665046 AND 666045 ORDER BY c
	Unique  (cost=3800.01..3804.87 rows=971 width=121)
	  ->  Sort  (cost=3800.01..3802.44 rows=971 width=121)
	        Sort Key: c
	        ->  Bitmap Heap Scan on sbtest8  (cost=22.39..3751.83 rows=971 width=121)
	              Recheck Cond: ((id >= 665046) AND (id <= 666045))
	              ->  Bitmap Index Scan on sbtest8_pkey  (cost=0.00..22.14 rows=971 width=0)
	                    Index Cond: ((id >= 665046) AND (id <= 666045))

for: distinct_ranges
table 1 : explain SELECT DISTINCT c FROM sbtest1 WHERE id BETWEEN 7364047 AND 7365046 ORDER BY c
	Unique  (cost=4067.12..4072.33 rows=1041 width=121)
	  ->  Sort  (cost=4067.12..4069.72 rows=1041 width=121)
	        Sort Key: c
	        ->  Bitmap Heap Scan on sbtest1  (cost=23.11..4014.95 rows=1041 width=121)
	              Recheck Cond: ((id >= 7364047) AND (id <= 7365046))
	              ->  Bitmap Index Scan on sbtest1_pkey  (cost=0.00..22.84 rows=1041 width=0)
	                    Index Cond: ((id >= 7364047) AND (id <= 7365046))

table 2 : explain SELECT DISTINCT c FROM sbtest2 WHERE id BETWEEN 9806648 AND 9807647 ORDER BY c
	Unique  (cost=3769.86..3774.68 rows=963 width=121)
	  ->  Sort  (cost=3769.86..3772.27 rows=963 width=121)
	        Sort Key: c
	        ->  Bitmap Heap Scan on sbtest2  (cost=22.31..3722.14 rows=963 width=121)
	              Recheck Cond: ((id >= 9806648) AND (id <= 9807647))
	              ->  Bitmap Index Scan on sbtest2_pkey  (cost=0.00..22.07 rows=963 width=0)
	                    Index Cond: ((id >= 9806648) AND (id <= 9807647))

table 3 : explain SELECT DISTINCT c FROM sbtest3 WHERE id BETWEEN 3815600 AND 3816599 ORDER BY c
	Unique  (cost=3680.16..3684.86 rows=940 width=121)
	  ->  Sort  (cost=3680.16..3682.51 rows=940 width=121)
	        Sort Key: c
	        ->  Bitmap Heap Scan on sbtest3  (cost=22.07..3633.74 rows=940 width=121)
	              Recheck Cond: ((id >= 3815600) AND (id <= 3816599))
	              ->  Bitmap Index Scan on sbtest3_pkey  (cost=0.00..21.83 rows=940 width=0)
	                    Index Cond: ((id >= 3815600) AND (id <= 3816599))

table 4 : explain SELECT DISTINCT c FROM sbtest4 WHERE id BETWEEN 2457441 AND 2458440 ORDER BY c
	Unique  (cost=3895.16..3900.14 rows=996 width=121)
	  ->  Sort  (cost=3895.16..3897.65 rows=996 width=121)
	        Sort Key: c
	        ->  Bitmap Heap Scan on sbtest4  (cost=22.64..3845.56 rows=996 width=121)
	              Recheck Cond: ((id >= 2457441) AND (id <= 2458440))
	              ->  Bitmap Index Scan on sbtest4_pkey  (cost=0.00..22.39 rows=996 width=0)
	                    Index Cond: ((id >= 2457441) AND (id <= 2458440))

table 5 : explain SELECT DISTINCT c FROM sbtest5 WHERE id BETWEEN 6149971 AND 6150970 ORDER BY c
	Unique  (cost=4068.29..4073.49 rows=1040 width=121)
	  ->  Sort  (cost=4068.29..4070.89 rows=1040 width=121)
	        Sort Key: c
	        ->  Bitmap Heap Scan on sbtest5  (cost=27.09..4016.17 rows=1040 width=121)
	              Recheck Cond: ((id >= 6149971) AND (id <= 6150970))
	              ->  Bitmap Index Scan on sbtest5_pkey  (cost=0.00..26.83 rows=1040 width=0)
	                    Index Cond: ((id >= 6149971) AND (id <= 6150970))

table 6 : explain SELECT DISTINCT c FROM sbtest6 WHERE id BETWEEN 9437943 AND 9438942 ORDER BY c
	Unique  (cost=4745.31..4751.40 rows=1219 width=121)
	  ->  Sort  (cost=4745.31..4748.35 rows=1219 width=121)
	        Sort Key: c
	        ->  Bitmap Heap Scan on sbtest6  (cost=28.93..4682.82 rows=1219 width=121)
	              Recheck Cond: ((id >= 9437943) AND (id <= 9438942))
	              ->  Bitmap Index Scan on sbtest6_pkey  (cost=0.00..28.62 rows=1219 width=0)
	                    Index Cond: ((id >= 9437943) AND (id <= 9438942))

table 7 : explain SELECT DISTINCT c FROM sbtest7 WHERE id BETWEEN 4813715 AND 4814714 ORDER BY c
	Unique  (cost=3818.86..3823.74 rows=976 width=121)
	  ->  Sort  (cost=3818.86..3821.30 rows=976 width=121)
	        Sort Key: c
	        ->  Bitmap Heap Scan on sbtest7  (cost=22.44..3770.40 rows=976 width=121)
	              Recheck Cond: ((id >= 4813715) AND (id <= 4814714))
	              ->  Bitmap Index Scan on sbtest7_pkey  (cost=0.00..22.19 rows=976 width=0)
	                    Index Cond: ((id >= 4813715) AND (id <= 4814714))

table 8 : explain SELECT DISTINCT c FROM sbtest8 WHERE id BETWEEN 1423812 AND 1424811 ORDER BY c
	Unique  (cost=3838.27..3843.18 rows=981 width=121)
	  ->  Sort  (cost=3838.27..3840.72 rows=981 width=121)
	        Sort Key: c
	        ->  Bitmap Heap Scan on sbtest8  (cost=22.49..3789.52 rows=981 width=121)
	              Recheck Cond: ((id >= 1423812) AND (id <= 1424811))
	              ->  Bitmap Index Scan on sbtest8_pkey  (cost=0.00..22.25 rows=981 width=0)
	                    Index Cond: ((id >= 1423812) AND (id <= 1424811))

Threads started!

Warming up for 5 seconds...

SQL statistics:
    queries performed:
        read:                            86792169
        write:                           0
        other:                           15780425
        total:                           102572594
    transactions:                        7890232 (12524.03 per sec.)
    queries:                             102572594 (162811.76 per sec.)
    ignored errors:                      0      (0.00 per sec.)
    reconnects:                          0      (0.00 per sec.)

Throughput:
    events/s (eps):                      12524.0331
    time elapsed:                        630.0074s
    total number of events:              7890232

Latency (ms):
         min:                                    0.52
         avg:                                    3.19
         max:                                   27.33
         95th percentile:                        3.36
         sum:                             25191494.08

Threads fairness:
    events (avg/stddev):           197255.6750/608.70
    execution time (avg/stddev):   629.7874/0.00

