LUA_PATH=/home/mdcallag/git/mytools/bench/sysbench.lua/lua/?.lua /home/mdcallag/git/mytools/bench/sysbench.lua/lua/sysbench --db-driver=pgsql --range-size=100 --table-size=10000000 --tables=8 --threads=40 --events=0 --warmup-time=5 --time=630 --pgsql_conn_id=true /home/mdcallag/git/mytools/bench/sysbench.lua/lua/oltp_point_select.lua run --pgsql-user=root --pgsql-password=pw --pgsql-host=127.0.0.1 --pgsql-db=ib --rand-type=uniform --skip-trx
48 CPUs
sysbench 1.1.0-9072687 (using bundled LuaJIT 2.1.0-beta3)

Running the test with following options:
Number of threads: 40
Warmup time: 5s
Initializing random number generator from current time


Initializing worker threads...

explain: for point_selects :: explain SELECT c FROM sbtest%u WHERE id=%u
explain: for point_selects :: explain SELECT c FROM sbtest%u WHERE id=%u
explain: for point_selects :: explain SELECT c FROM sbtest%u WHERE id=%u
explain: for point_selects :: explain SELECT c FROM sbtest%u WHERE id=%u
explain: for point_selects :: explain SELECT c FROM sbtest%u WHERE id=%u
for point_selects
table 1 : explain SELECT c FROM sbtest1 WHERE id=7149849
	Index Scan using sbtest1_pkey on sbtest1  (cost=0.43..8.45 rows=1 width=121)
	  Index Cond: (id = 7149849)

table 2 : explain SELECT c FROM sbtest2 WHERE id=9236232
	Index Scan using sbtest2_pkey on sbtest2  (cost=0.43..8.45 rows=1 width=121)
	  Index Cond: (id = 9236232)

table 3 : explain SELECT c FROM sbtest3 WHERE id=9050879
	Index Scan using sbtest3_pkey on sbtest3  (cost=0.43..8.45 rows=1 width=121)
	  Index Cond: (id = 9050879)

table 4 : explain SELECT c FROM sbtest4 WHERE id=7489635
	Index Scan using sbtest4_pkey on sbtest4  (cost=0.43..8.45 rows=1 width=121)
	  Index Cond: (id = 7489635)

table 5 : explain SELECT c FROM sbtest5 WHERE id=2333758
	Index Scan using sbtest5_pkey on sbtest5  (cost=0.43..8.45 rows=1 width=121)
	  Index Cond: (id = 2333758)

table 6 : explain SELECT c FROM sbtest6 WHERE id=7923166
	Index Scan using sbtest6_pkey on sbtest6  (cost=0.43..8.45 rows=1 width=121)
	  Index Cond: (id = 7923166)

table 7 : explain SELECT c FROM sbtest7 WHERE id=1611039
	Index Scan using sbtest7_pkey on sbtest7  (cost=0.43..8.45 rows=1 width=121)
	  Index Cond: (id = 1611039)

table 8 : explain SELECT c FROM sbtest8 WHERE id=913448
	Index Scan using sbtest8_pkey on sbtest8  (cost=0.43..8.45 rows=1 width=121)
	  Index Cond: (id = 913448)

for point_selects
table 1 : explain SELECT c FROM sbtest1 WHERE id=4705421
	Index Scan using sbtest1_pkey on sbtest1  (cost=0.43..8.45 rows=1 width=121)
	  Index Cond: (id = 4705421)

table 2 : explain SELECT c FROM sbtest2 WHERE id=660923
	Index Scan using sbtest2_pkey on sbtest2  (cost=0.43..8.45 rows=1 width=121)
	  Index Cond: (id = 660923)

table 3 : explain SELECT c FROM sbtest3 WHERE id=3511505
	Index Scan using sbtest3_pkey on sbtest3  (cost=0.43..8.45 rows=1 width=121)
	  Index Cond: (id = 3511505)

table 4 : explain SELECT c FROM sbtest4 WHERE id=537944
	Index Scan using sbtest4_pkey on sbtest4  (cost=0.43..8.45 rows=1 width=121)
	  Index Cond: (id = 537944)

table 5 : explain SELECT c FROM sbtest5 WHERE id=965349
	Index Scan using sbtest5_pkey on sbtest5  (cost=0.43..8.45 rows=1 width=121)
	  Index Cond: (id = 965349)

table 6 : explain SELECT c FROM sbtest6 WHERE id=5423010
	Index Scan using sbtest6_pkey on sbtest6  (cost=0.43..8.45 rows=1 width=121)
	  Index Cond: (id = 5423010)

table 7 : explain SELECT c FROM sbtest7 WHERE id=1493076
	Index Scan using sbtest7_pkey on sbtest7  (cost=0.43..8.45 rows=1 width=121)
	  Index Cond: (id = 1493076)

table 8 : explain SELECT c FROM sbtest8 WHERE id=4495457
	Index Scan using sbtest8_pkey on sbtest8  (cost=0.43..8.45 rows=1 width=121)
	  Index Cond: (id = 4495457)

explain: for point_selects :: explain SELECT c FROM sbtest%u WHERE id=%u
for point_selects
table 1 : explain SELECT c FROM sbtest1 WHERE id=9578658
	Index Scan using sbtest1_pkey on sbtest1  (cost=0.43..8.45 rows=1 width=121)
	  Index Cond: (id = 9578658)

table 2 : explain SELECT c FROM sbtest2 WHERE id=5216411
	Index Scan using sbtest2_pkey on sbtest2  (cost=0.43..8.45 rows=1 width=121)
	  Index Cond: (id = 5216411)

table 3 : explain SELECT c FROM sbtest3 WHERE id=1402164
	Index Scan using sbtest3_pkey on sbtest3  (cost=0.43..8.45 rows=1 width=121)
	  Index Cond: (id = 1402164)

table 4 : explain SELECT c FROM sbtest4 WHERE id=3077689
	Index Scan using sbtest4_pkey on sbtest4  (cost=0.43..8.45 rows=1 width=121)
	  Index Cond: (id = 3077689)

table 5 : explain SELECT c FROM sbtest5 WHERE id=1052997
	Index Scan using sbtest5_pkey on sbtest5  (cost=0.43..8.45 rows=1 width=121)
	  Index Cond: (id = 1052997)

table 6 : explain SELECT c FROM sbtest6 WHERE id=7369789
	Index Scan using sbtest6_pkey on sbtest6  (cost=0.43..8.45 rows=1 width=121)
	  Index Cond: (id = 7369789)

table 7 : explain SELECT c FROM sbtest7 WHERE id=3841412
	Index Scan using sbtest7_pkey on sbtest7  (cost=0.43..8.45 rows=1 width=121)
	  Index Cond: (id = 3841412)

table 8 : explain SELECT c FROM sbtest8 WHERE id=7295262
	Index Scan using sbtest8_pkey on sbtest8  (cost=0.43..8.45 rows=1 width=121)
	  Index Cond: (id = 7295262)

explain: for point_selects :: explain SELECT c FROM sbtest%u WHERE id=%u
for point_selects
table 1 : explain SELECT c FROM sbtest1 WHERE id=1407119
	Index Scan using sbtest1_pkey on sbtest1  (cost=0.43..8.45 rows=1 width=121)
	  Index Cond: (id = 1407119)

table 2 : explain SELECT c FROM sbtest2 WHERE id=8296465
	Index Scan using sbtest2_pkey on sbtest2  (cost=0.43..8.45 rows=1 width=121)
	  Index Cond: (id = 8296465)

table 3 : explain SELECT c FROM sbtest3 WHERE id=231513
	Index Scan using sbtest3_pkey on sbtest3  (cost=0.43..8.45 rows=1 width=121)
	  Index Cond: (id = 231513)

table 4 : explain SELECT c FROM sbtest4 WHERE id=8327960
	Index Scan using sbtest4_pkey on sbtest4  (cost=0.43..8.45 rows=1 width=121)
	  Index Cond: (id = 8327960)

table 5 : explain SELECT c FROM sbtest5 WHERE id=7184776
	Index Scan using sbtest5_pkey on sbtest5  (cost=0.43..8.45 rows=1 width=121)
	  Index Cond: (id = 7184776)

table 6 : explain SELECT c FROM sbtest6 WHERE id=9300146
	Index Scan using sbtest6_pkey on sbtest6  (cost=0.43..8.45 rows=1 width=121)
	  Index Cond: (id = 9300146)

table 7 : explain SELECT c FROM sbtest7 WHERE id=5204287
	Index Scan using sbtest7_pkey on sbtest7  (cost=0.43..8.45 rows=1 width=121)
	  Index Cond: (id = 5204287)

table 8 : explain SELECT c FROM sbtest8 WHERE id=7376645
	Index Scan using sbtest8_pkey on sbtest8  (cost=0.43..8.45 rows=1 width=121)
	  Index Cond: (id = 7376645)

explain: for point_selects :: explain SELECT c FROM sbtest%u WHERE id=%u
explain: for point_selects :: explain SELECT c FROM sbtest%u WHERE id=%u
explain: for point_selects :: explain SELECT c FROM sbtest%u WHERE id=%u
for point_selects
table 1 : explain SELECT c FROM sbtest1 WHERE id=1620096
	Index Scan using sbtest1_pkey on sbtest1  (cost=0.43..8.45 rows=1 width=121)
	  Index Cond: (id = 1620096)

table 2 : explain SELECT c FROM sbtest2 WHERE id=9759751
	Index Scan using sbtest2_pkey on sbtest2  (cost=0.43..8.45 rows=1 width=121)
	  Index Cond: (id = 9759751)

table 3 : explain SELECT c FROM sbtest3 WHERE id=4183619
	Index Scan using sbtest3_pkey on sbtest3  (cost=0.43..8.45 rows=1 width=121)
	  Index Cond: (id = 4183619)

table 4 : explain SELECT c FROM sbtest4 WHERE id=5702062
	Index Scan using sbtest4_pkey on sbtest4  (cost=0.43..8.45 rows=1 width=121)
	  Index Cond: (id = 5702062)

table 5 : explain SELECT c FROM sbtest5 WHERE id=6004972
	Index Scan using sbtest5_pkey on sbtest5  (cost=0.43..8.45 rows=1 width=121)
	  Index Cond: (id = 6004972)

table 6 : explain SELECT c FROM sbtest6 WHERE id=862504
	Index Scan using sbtest6_pkey on sbtest6  (cost=0.43..8.45 rows=1 width=121)
	  Index Cond: (id = 862504)

table 7 : explain SELECT c FROM sbtest7 WHERE id=5677457
	Index Scan using sbtest7_pkey on sbtest7  (cost=0.43..8.45 rows=1 width=121)
	  Index Cond: (id = 5677457)

table 8 : explain SELECT c FROM sbtest8 WHERE id=2629517
	Index Scan using sbtest8_pkey on sbtest8  (cost=0.43..8.45 rows=1 width=121)
	  Index Cond: (id = 2629517)

explain: for point_selects :: explain SELECT c FROM sbtest%u WHERE id=%u
for point_selects
table 1 : explain SELECT c FROM sbtest1 WHERE id=6215292
	Index Scan using sbtest1_pkey on sbtest1  (cost=0.43..8.45 rows=1 width=121)
	  Index Cond: (id = 6215292)

table 2 : explain SELECT c FROM sbtest2 WHERE id=5147530
	Index Scan using sbtest2_pkey on sbtest2  (cost=0.43..8.45 rows=1 width=121)
	  Index Cond: (id = 5147530)

table 3 : explain SELECT c FROM sbtest3 WHERE id=797298
	Index Scan using sbtest3_pkey on sbtest3  (cost=0.43..8.45 rows=1 width=121)
	  Index Cond: (id = 797298)

table 4 : explain SELECT c FROM sbtest4 WHERE id=646427
	Index Scan using sbtest4_pkey on sbtest4  (cost=0.43..8.45 rows=1 width=121)
	  Index Cond: (id = 646427)

table 5 : explain SELECT c FROM sbtest5 WHERE id=9647244
	Index Scan using sbtest5_pkey on sbtest5  (cost=0.43..8.45 rows=1 width=121)
	  Index Cond: (id = 9647244)

table 6 : explain SELECT c FROM sbtest6 WHERE id=2980757
	Index Scan using sbtest6_pkey on sbtest6  (cost=0.43..8.45 rows=1 width=121)
	  Index Cond: (id = 2980757)

table 7 : explain SELECT c FROM sbtest7 WHERE id=398593
	Index Scan using sbtest7_pkey on sbtest7  (cost=0.43..8.45 rows=1 width=121)
	  Index Cond: (id = 398593)

table 8 : explain SELECT c FROM sbtest8 WHERE id=4912586
	Index Scan using sbtest8_pkey on sbtest8  (cost=0.43..8.45 rows=1 width=121)
	  Index Cond: (id = 4912586)

for point_selects
table 1 : explain SELECT c FROM sbtest1 WHERE id=1150921
	Index Scan using sbtest1_pkey on sbtest1  (cost=0.43..8.45 rows=1 width=121)
	  Index Cond: (id = 1150921)

table 2 : explain SELECT c FROM sbtest2 WHERE id=9717964
	Index Scan using sbtest2_pkey on sbtest2  (cost=0.43..8.45 rows=1 width=121)
	  Index Cond: (id = 9717964)

table 3 : explain SELECT c FROM sbtest3 WHERE id=3283380
	Index Scan using sbtest3_pkey on sbtest3  (cost=0.43..8.45 rows=1 width=121)
	  Index Cond: (id = 3283380)

table 4 : explain SELECT c FROM sbtest4 WHERE id=7534126
	Index Scan using sbtest4_pkey on sbtest4  (cost=0.43..8.45 rows=1 width=121)
	  Index Cond: (id = 7534126)

table 5 : explain SELECT c FROM sbtest5 WHERE id=6954404
	Index Scan using sbtest5_pkey on sbtest5  (cost=0.43..8.45 rows=1 width=121)
	  Index Cond: (id = 6954404)

table 6 : explain SELECT c FROM sbtest6 WHERE id=8357233
	Index Scan using sbtest6_pkey on sbtest6  (cost=0.43..8.45 rows=1 width=121)
	  Index Cond: (id = 8357233)

table 7 : explain SELECT c FROM sbtest7 WHERE id=3906621
	Index Scan using sbtest7_pkey on sbtest7  (cost=0.43..8.45 rows=1 width=121)
	  Index Cond: (id = 3906621)

table 8 : explain SELECT c FROM sbtest8 WHERE id=5017639
	Index Scan using sbtest8_pkey on sbtest8  (cost=0.43..8.45 rows=1 width=121)
	  Index Cond: (id = 5017639)

explain: for point_selects :: explain SELECT c FROM sbtest%u WHERE id=%u
for point_selects
table 1 : explain SELECT c FROM sbtest1 WHERE id=295828
	Index Scan using sbtest1_pkey on sbtest1  (cost=0.43..8.45 rows=1 width=121)
	  Index Cond: (id = 295828)

table 2 : explain SELECT c FROM sbtest2 WHERE id=1872689
	Index Scan using sbtest2_pkey on sbtest2  (cost=0.43..8.45 rows=1 width=121)
	  Index Cond: (id = 1872689)

table 3 : explain SELECT c FROM sbtest3 WHERE id=9941918
	Index Scan using sbtest3_pkey on sbtest3  (cost=0.43..8.45 rows=1 width=121)
	  Index Cond: (id = 9941918)

table 4 : explain SELECT c FROM sbtest4 WHERE id=5293600
	Index Scan using sbtest4_pkey on sbtest4  (cost=0.43..8.45 rows=1 width=121)
	  Index Cond: (id = 5293600)

table 5 : explain SELECT c FROM sbtest5 WHERE id=132544
	Index Scan using sbtest5_pkey on sbtest5  (cost=0.43..8.45 rows=1 width=121)
	  Index Cond: (id = 132544)

table 6 : explain SELECT c FROM sbtest6 WHERE id=8407379
	Index Scan using sbtest6_pkey on sbtest6  (cost=0.43..8.45 rows=1 width=121)
	  Index Cond: (id = 8407379)

table 7 : explain SELECT c FROM sbtest7 WHERE id=6414313
	Index Scan using sbtest7_pkey on sbtest7  (cost=0.43..8.45 rows=1 width=121)
	  Index Cond: (id = 6414313)

table 8 : explain SELECT c FROM sbtest8 WHERE id=7506593
	Index Scan using sbtest8_pkey on sbtest8  (cost=0.43..8.45 rows=1 width=121)
	  Index Cond: (id = 7506593)

for point_selects
table 1 : explain SELECT c FROM sbtest1 WHERE id=58544
	Index Scan using sbtest1_pkey on sbtest1  (cost=0.43..8.45 rows=1 width=121)
	  Index Cond: (id = 58544)

table 2 : explain SELECT c FROM sbtest2 WHERE id=905886
	Index Scan using sbtest2_pkey on sbtest2  (cost=0.43..8.45 rows=1 width=121)
	  Index Cond: (id = 905886)

table 3 : explain SELECT c FROM sbtest3 WHERE id=1634439
	Index Scan using sbtest3_pkey on sbtest3  (cost=0.43..8.45 rows=1 width=121)
	  Index Cond: (id = 1634439)

table 4 : explain SELECT c FROM sbtest4 WHERE id=6220236
	Index Scan using sbtest4_pkey on sbtest4  (cost=0.43..8.45 rows=1 width=121)
	  Index Cond: (id = 6220236)

table 5 : explain SELECT c FROM sbtest5 WHERE id=8215966
	Index Scan using sbtest5_pkey on sbtest5  (cost=0.43..8.45 rows=1 width=121)
	  Index Cond: (id = 8215966)

table 6 : explain SELECT c FROM sbtest6 WHERE id=5016260
	Index Scan using sbtest6_pkey on sbtest6  (cost=0.43..8.45 rows=1 width=121)
	  Index Cond: (id = 5016260)

table 7 : explain SELECT c FROM sbtest7 WHERE id=4545264
	Index Scan using sbtest7_pkey on sbtest7  (cost=0.43..8.45 rows=1 width=121)
	  Index Cond: (id = 4545264)

table 8 : explain SELECT c FROM sbtest8 WHERE id=3828251
	Index Scan using sbtest8_pkey on sbtest8  (cost=0.43..8.45 rows=1 width=121)
	  Index Cond: (id = 3828251)

for point_selects
table 1 : explain SELECT c FROM sbtest1 WHERE id=865681
	Index Scan using sbtest1_pkey on sbtest1  (cost=0.43..8.45 rows=1 width=121)
	  Index Cond: (id = 865681)

table 2 : explain SELECT c FROM sbtest2 WHERE id=2777808
	Index Scan using sbtest2_pkey on sbtest2  (cost=0.43..8.45 rows=1 width=121)
	  Index Cond: (id = 2777808)

table 3 : explain SELECT c FROM sbtest3 WHERE id=1698033
	Index Scan using sbtest3_pkey on sbtest3  (cost=0.43..8.45 rows=1 width=121)
	  Index Cond: (id = 1698033)

table 4 : explain SELECT c FROM sbtest4 WHERE id=6900518
	Index Scan using sbtest4_pkey on sbtest4  (cost=0.43..8.45 rows=1 width=121)
	  Index Cond: (id = 6900518)

table 5 : explain SELECT c FROM sbtest5 WHERE id=9761038
	Index Scan using sbtest5_pkey on sbtest5  (cost=0.43..8.45 rows=1 width=121)
	  Index Cond: (id = 9761038)

table 6 : explain SELECT c FROM sbtest6 WHERE id=6730302
	Index Scan using sbtest6_pkey on sbtest6  (cost=0.43..8.45 rows=1 width=121)
	  Index Cond: (id = 6730302)

table 7 : explain SELECT c FROM sbtest7 WHERE id=3779746
	Index Scan using sbtest7_pkey on sbtest7  (cost=0.43..8.45 rows=1 width=121)
	  Index Cond: (id = 3779746)

table 8 : explain SELECT c FROM sbtest8 WHERE id=6643775
	Index Scan using sbtest8_pkey on sbtest8  (cost=0.43..8.45 rows=1 width=121)
	  Index Cond: (id = 6643775)

for point_selects
table 1 : explain SELECT c FROM sbtest1 WHERE id=2668982
	Index Scan using sbtest1_pkey on sbtest1  (cost=0.43..8.45 rows=1 width=121)
	  Index Cond: (id = 2668982)

table 2 : explain SELECT c FROM sbtest2 WHERE id=6613410
	Index Scan using sbtest2_pkey on sbtest2  (cost=0.43..8.45 rows=1 width=121)
	  Index Cond: (id = 6613410)

table 3 : explain SELECT c FROM sbtest3 WHERE id=9212349
	Index Scan using sbtest3_pkey on sbtest3  (cost=0.43..8.45 rows=1 width=121)
	  Index Cond: (id = 9212349)

table 4 : explain SELECT c FROM sbtest4 WHERE id=4408434
	Index Scan using sbtest4_pkey on sbtest4  (cost=0.43..8.45 rows=1 width=121)
	  Index Cond: (id = 4408434)

table 5 : explain SELECT c FROM sbtest5 WHERE id=5946619
	Index Scan using sbtest5_pkey on sbtest5  (cost=0.43..8.45 rows=1 width=121)
	  Index Cond: (id = 5946619)

table 6 : explain SELECT c FROM sbtest6 WHERE id=9480897
	Index Scan using sbtest6_pkey on sbtest6  (cost=0.43..8.45 rows=1 width=121)
	  Index Cond: (id = 9480897)

table 7 : explain SELECT c FROM sbtest7 WHERE id=5127361
	Index Scan using sbtest7_pkey on sbtest7  (cost=0.43..8.45 rows=1 width=121)
	  Index Cond: (id = 5127361)

table 8 : explain SELECT c FROM sbtest8 WHERE id=3109945
	Index Scan using sbtest8_pkey on sbtest8  (cost=0.43..8.45 rows=1 width=121)
	  Index Cond: (id = 3109945)

explain: for point_selects :: explain SELECT c FROM sbtest%u WHERE id=%u
for point_selects
table 1 : explain SELECT c FROM sbtest1 WHERE id=3061393
	Index Scan using sbtest1_pkey on sbtest1  (cost=0.43..8.45 rows=1 width=121)
	  Index Cond: (id = 3061393)

table 2 : explain SELECT c FROM sbtest2 WHERE id=3800528
	Index Scan using sbtest2_pkey on sbtest2  (cost=0.43..8.45 rows=1 width=121)
	  Index Cond: (id = 3800528)

table 3 : explain SELECT c FROM sbtest3 WHERE id=2561630
	Index Scan using sbtest3_pkey on sbtest3  (cost=0.43..8.45 rows=1 width=121)
	  Index Cond: (id = 2561630)

table 4 : explain SELECT c FROM sbtest4 WHERE id=4981549
	Index Scan using sbtest4_pkey on sbtest4  (cost=0.43..8.45 rows=1 width=121)
	  Index Cond: (id = 4981549)

table 5 : explain SELECT c FROM sbtest5 WHERE id=9421947
	Index Scan using sbtest5_pkey on sbtest5  (cost=0.43..8.45 rows=1 width=121)
	  Index Cond: (id = 9421947)

table 6 : explain SELECT c FROM sbtest6 WHERE id=5903264
	Index Scan using sbtest6_pkey on sbtest6  (cost=0.43..8.45 rows=1 width=121)
	  Index Cond: (id = 5903264)

table 7 : explain SELECT c FROM sbtest7 WHERE id=6333864
	Index Scan using sbtest7_pkey on sbtest7  (cost=0.43..8.45 rows=1 width=121)
	  Index Cond: (id = 6333864)

table 8 : explain SELECT c FROM sbtest8 WHERE id=320741
	Index Scan using sbtest8_pkey on sbtest8  (cost=0.43..8.45 rows=1 width=121)
	  Index Cond: (id = 320741)

explain: for point_selects :: explain SELECT c FROM sbtest%u WHERE id=%u
explain: for point_selects :: explain SELECT c FROM sbtest%u WHERE id=%u
explain: for point_selects :: explain SELECT c FROM sbtest%u WHERE id=%u
for point_selects
table 1 : explain SELECT c FROM sbtest1 WHERE id=7055047
	Index Scan using sbtest1_pkey on sbtest1  (cost=0.43..8.45 rows=1 width=121)
	  Index Cond: (id = 7055047)

table 2 : explain SELECT c FROM sbtest2 WHERE id=8319264
	Index Scan using sbtest2_pkey on sbtest2  (cost=0.43..8.45 rows=1 width=121)
	  Index Cond: (id = 8319264)

table 3 : explain SELECT c FROM sbtest3 WHERE id=3354191
	Index Scan using sbtest3_pkey on sbtest3  (cost=0.43..8.45 rows=1 width=121)
	  Index Cond: (id = 3354191)

table 4 : explain SELECT c FROM sbtest4 WHERE id=8465360
	Index Scan using sbtest4_pkey on sbtest4  (cost=0.43..8.45 rows=1 width=121)
	  Index Cond: (id = 8465360)

table 5 : explain SELECT c FROM sbtest5 WHERE id=3479810
	Index Scan using sbtest5_pkey on sbtest5  (cost=0.43..8.45 rows=1 width=121)
	  Index Cond: (id = 3479810)

table 6 : explain SELECT c FROM sbtest6 WHERE id=9661684
	Index Scan using sbtest6_pkey on sbtest6  (cost=0.43..8.45 rows=1 width=121)
	  Index Cond: (id = 9661684)

table 7 : explain SELECT c FROM sbtest7 WHERE id=4200543
	Index Scan using sbtest7_pkey on sbtest7  (cost=0.43..8.45 rows=1 width=121)
	  Index Cond: (id = 4200543)

table 8 : explain SELECT c FROM sbtest8 WHERE id=7415921
	Index Scan using sbtest8_pkey on sbtest8  (cost=0.43..8.45 rows=1 width=121)
	  Index Cond: (id = 7415921)

explain: for point_selects :: explain SELECT c FROM sbtest%u WHERE id=%u
explain: for point_selects :: explain SELECT c FROM sbtest%u WHERE id=%u
explain: for point_selects :: explain SELECT c FROM sbtest%u WHERE id=%u
for point_selects
table 1 : explain SELECT c FROM sbtest1 WHERE id=8871198
	Index Scan using sbtest1_pkey on sbtest1  (cost=0.43..8.45 rows=1 width=121)
	  Index Cond: (id = 8871198)

table 2 : explain SELECT c FROM sbtest2 WHERE id=7269213
	Index Scan using sbtest2_pkey on sbtest2  (cost=0.43..8.45 rows=1 width=121)
	  Index Cond: (id = 7269213)

table 3 : explain SELECT c FROM sbtest3 WHERE id=8835018
	Index Scan using sbtest3_pkey on sbtest3  (cost=0.43..8.45 rows=1 width=121)
	  Index Cond: (id = 8835018)

table 4 : explain SELECT c FROM sbtest4 WHERE id=1430128
	Index Scan using sbtest4_pkey on sbtest4  (cost=0.43..8.45 rows=1 width=121)
	  Index Cond: (id = 1430128)

table 5 : explain SELECT c FROM sbtest5 WHERE id=3104527
	Index Scan using sbtest5_pkey on sbtest5  (cost=0.43..8.45 rows=1 width=121)
	  Index Cond: (id = 3104527)

table 6 : explain SELECT c FROM sbtest6 WHERE id=173879
	Index Scan using sbtest6_pkey on sbtest6  (cost=0.43..8.45 rows=1 width=121)
	  Index Cond: (id = 173879)

table 7 : explain SELECT c FROM sbtest7 WHERE id=757294
	Index Scan using sbtest7_pkey on sbtest7  (cost=0.43..8.45 rows=1 width=121)
	  Index Cond: (id = 757294)

table 8 : explain SELECT c FROM sbtest8 WHERE id=2512963
	Index Scan using sbtest8_pkey on sbtest8  (cost=0.43..8.45 rows=1 width=121)
	  Index Cond: (id = 2512963)

explain: for point_selects :: explain SELECT c FROM sbtest%u WHERE id=%u
explain: for point_selects :: explain SELECT c FROM sbtest%u WHERE id=%u
for point_selects
table 1 : explain SELECT c FROM sbtest1 WHERE id=3490782
	Index Scan using sbtest1_pkey on sbtest1  (cost=0.43..8.45 rows=1 width=121)
	  Index Cond: (id = 3490782)

table 2 : explain SELECT c FROM sbtest2 WHERE id=1296519
	Index Scan using sbtest2_pkey on sbtest2  (cost=0.43..8.45 rows=1 width=121)
	  Index Cond: (id = 1296519)

table 3 : explain SELECT c FROM sbtest3 WHERE id=4275402
	Index Scan using sbtest3_pkey on sbtest3  (cost=0.43..8.45 rows=1 width=121)
	  Index Cond: (id = 4275402)

table 4 : explain SELECT c FROM sbtest4 WHERE id=1022425
	Index Scan using sbtest4_pkey on sbtest4  (cost=0.43..8.45 rows=1 width=121)
	  Index Cond: (id = 1022425)

table 5 : explain SELECT c FROM sbtest5 WHERE id=7475308
	Index Scan using sbtest5_pkey on sbtest5  (cost=0.43..8.45 rows=1 width=121)
	  Index Cond: (id = 7475308)

table 6 : explain SELECT c FROM sbtest6 WHERE id=5629154
	Index Scan using sbtest6_pkey on sbtest6  (cost=0.43..8.45 rows=1 width=121)
	  Index Cond: (id = 5629154)

table 7 : explain SELECT c FROM sbtest7 WHERE id=6871930
	Index Scan using sbtest7_pkey on sbtest7  (cost=0.43..8.45 rows=1 width=121)
	  Index Cond: (id = 6871930)

table 8 : explain SELECT c FROM sbtest8 WHERE id=3929409
	Index Scan using sbtest8_pkey on sbtest8  (cost=0.43..8.45 rows=1 width=121)
	  Index Cond: (id = 3929409)

for point_selects
table 1 : explain SELECT c FROM sbtest1 WHERE id=817495
	Index Scan using sbtest1_pkey on sbtest1  (cost=0.43..8.45 rows=1 width=121)
	  Index Cond: (id = 817495)

table 2 : explain SELECT c FROM sbtest2 WHERE id=163103
	Index Scan using sbtest2_pkey on sbtest2  (cost=0.43..8.45 rows=1 width=121)
	  Index Cond: (id = 163103)

table 3 : explain SELECT c FROM sbtest3 WHERE id=7613962
	Index Scan using sbtest3_pkey on sbtest3  (cost=0.43..8.45 rows=1 width=121)
	  Index Cond: (id = 7613962)

table 4 : explain SELECT c FROM sbtest4 WHERE id=9033220
	Index Scan using sbtest4_pkey on sbtest4  (cost=0.43..8.45 rows=1 width=121)
	  Index Cond: (id = 9033220)

table 5 : explain SELECT c FROM sbtest5 WHERE id=1425036
	Index Scan using sbtest5_pkey on sbtest5  (cost=0.43..8.45 rows=1 width=121)
	  Index Cond: (id = 1425036)

table 6 : explain SELECT c FROM sbtest6 WHERE id=7962211
	Index Scan using sbtest6_pkey on sbtest6  (cost=0.43..8.45 rows=1 width=121)
	  Index Cond: (id = 7962211)

table 7 : explain SELECT c FROM sbtest7 WHERE id=8338835
	Index Scan using sbtest7_pkey on sbtest7  (cost=0.43..8.45 rows=1 width=121)
	  Index Cond: (id = 8338835)

table 8 : explain SELECT c FROM sbtest8 WHERE id=2529302
	Index Scan using sbtest8_pkey on sbtest8  (cost=0.43..8.45 rows=1 width=121)
	  Index Cond: (id = 2529302)

for point_selects
table 1 : explain SELECT c FROM sbtest1 WHERE id=7683530
	Index Scan using sbtest1_pkey on sbtest1  (cost=0.43..8.45 rows=1 width=121)
	  Index Cond: (id = 7683530)

table 2 : explain SELECT c FROM sbtest2 WHERE id=4230798
	Index Scan using sbtest2_pkey on sbtest2  (cost=0.43..8.45 rows=1 width=121)
	  Index Cond: (id = 4230798)

table 3 : explain SELECT c FROM sbtest3 WHERE id=3203032
	Index Scan using sbtest3_pkey on sbtest3  (cost=0.43..8.45 rows=1 width=121)
	  Index Cond: (id = 3203032)

table 4 : explain SELECT c FROM sbtest4 WHERE id=9196298
	Index Scan using sbtest4_pkey on sbtest4  (cost=0.43..8.45 rows=1 width=121)
	  Index Cond: (id = 9196298)

table 5 : explain SELECT c FROM sbtest5 WHERE id=3037233
	Index Scan using sbtest5_pkey on sbtest5  (cost=0.43..8.45 rows=1 width=121)
	  Index Cond: (id = 3037233)

table 6 : explain SELECT c FROM sbtest6 WHERE id=9204878
	Index Scan using sbtest6_pkey on sbtest6  (cost=0.43..8.45 rows=1 width=121)
	  Index Cond: (id = 9204878)

table 7 : explain SELECT c FROM sbtest7 WHERE id=3604374
	Index Scan using sbtest7_pkey on sbtest7  (cost=0.43..8.45 rows=1 width=121)
	  Index Cond: (id = 3604374)

table 8 : explain SELECT c FROM sbtest8 WHERE id=670832
	Index Scan using sbtest8_pkey on sbtest8  (cost=0.43..8.45 rows=1 width=121)
	  Index Cond: (id = 670832)

for point_selects
table 1 : explain SELECT c FROM sbtest1 WHERE id=9553443
	Index Scan using sbtest1_pkey on sbtest1  (cost=0.43..8.45 rows=1 width=121)
	  Index Cond: (id = 9553443)

table 2 : explain SELECT c FROM sbtest2 WHERE id=8964726
	Index Scan using sbtest2_pkey on sbtest2  (cost=0.43..8.45 rows=1 width=121)
	  Index Cond: (id = 8964726)

table 3 : explain SELECT c FROM sbtest3 WHERE id=1028996
	Index Scan using sbtest3_pkey on sbtest3  (cost=0.43..8.45 rows=1 width=121)
	  Index Cond: (id = 1028996)

table 4 : explain SELECT c FROM sbtest4 WHERE id=4848887
	Index Scan using sbtest4_pkey on sbtest4  (cost=0.43..8.45 rows=1 width=121)
	  Index Cond: (id = 4848887)

table 5 : explain SELECT c FROM sbtest5 WHERE id=3198814
	Index Scan using sbtest5_pkey on sbtest5  (cost=0.43..8.45 rows=1 width=121)
	  Index Cond: (id = 3198814)

table 6 : explain SELECT c FROM sbtest6 WHERE id=501760
	Index Scan using sbtest6_pkey on sbtest6  (cost=0.43..8.45 rows=1 width=121)
	  Index Cond: (id = 501760)

table 7 : explain SELECT c FROM sbtest7 WHERE id=8984809
	Index Scan using sbtest7_pkey on sbtest7  (cost=0.43..8.45 rows=1 width=121)
	  Index Cond: (id = 8984809)

table 8 : explain SELECT c FROM sbtest8 WHERE id=4241002
	Index Scan using sbtest8_pkey on sbtest8  (cost=0.43..8.45 rows=1 width=121)
	  Index Cond: (id = 4241002)

explain: for point_selects :: explain SELECT c FROM sbtest%u WHERE id=%u
for point_selects
table 1 : explain SELECT c FROM sbtest1 WHERE id=8181294
	Index Scan using sbtest1_pkey on sbtest1  (cost=0.43..8.45 rows=1 width=121)
	  Index Cond: (id = 8181294)

table 2 : explain SELECT c FROM sbtest2 WHERE id=3802823
	Index Scan using sbtest2_pkey on sbtest2  (cost=0.43..8.45 rows=1 width=121)
	  Index Cond: (id = 3802823)

table 3 : explain SELECT c FROM sbtest3 WHERE id=9646866
	Index Scan using sbtest3_pkey on sbtest3  (cost=0.43..8.45 rows=1 width=121)
	  Index Cond: (id = 9646866)

table 4 : explain SELECT c FROM sbtest4 WHERE id=7144729
	Index Scan using sbtest4_pkey on sbtest4  (cost=0.43..8.45 rows=1 width=121)
	  Index Cond: (id = 7144729)

table 5 : explain SELECT c FROM sbtest5 WHERE id=9414239
	Index Scan using sbtest5_pkey on sbtest5  (cost=0.43..8.45 rows=1 width=121)
	  Index Cond: (id = 9414239)

table 6 : explain SELECT c FROM sbtest6 WHERE id=6734896
	Index Scan using sbtest6_pkey on sbtest6  (cost=0.43..8.45 rows=1 width=121)
	  Index Cond: (id = 6734896)

table 7 : explain SELECT c FROM sbtest7 WHERE id=9066242
	Index Scan using sbtest7_pkey on sbtest7  (cost=0.43..8.45 rows=1 width=121)
	  Index Cond: (id = 9066242)

table 8 : explain SELECT c FROM sbtest8 WHERE id=1131209
	Index Scan using sbtest8_pkey on sbtest8  (cost=0.43..8.45 rows=1 width=121)
	  Index Cond: (id = 1131209)

explain: for point_selects :: explain SELECT c FROM sbtest%u WHERE id=%u
for point_selects
table 1 : explain SELECT c FROM sbtest1 WHERE id=9735127
	Index Scan using sbtest1_pkey on sbtest1  (cost=0.43..8.45 rows=1 width=121)
	  Index Cond: (id = 9735127)

table 2 : explain SELECT c FROM sbtest2 WHERE id=720174
	Index Scan using sbtest2_pkey on sbtest2  (cost=0.43..8.45 rows=1 width=121)
	  Index Cond: (id = 720174)

table 3 : explain SELECT c FROM sbtest3 WHERE id=4573975
	Index Scan using sbtest3_pkey on sbtest3  (cost=0.43..8.45 rows=1 width=121)
	  Index Cond: (id = 4573975)

table 4 : explain SELECT c FROM sbtest4 WHERE id=4418009
	Index Scan using sbtest4_pkey on sbtest4  (cost=0.43..8.45 rows=1 width=121)
	  Index Cond: (id = 4418009)

table 5 : explain SELECT c FROM sbtest5 WHERE id=877174
	Index Scan using sbtest5_pkey on sbtest5  (cost=0.43..8.45 rows=1 width=121)
	  Index Cond: (id = 877174)

table 6 : explain SELECT c FROM sbtest6 WHERE id=5046744
	Index Scan using sbtest6_pkey on sbtest6  (cost=0.43..8.45 rows=1 width=121)
	  Index Cond: (id = 5046744)

table 7 : explain SELECT c FROM sbtest7 WHERE id=6295591
	Index Scan using sbtest7_pkey on sbtest7  (cost=0.43..8.45 rows=1 width=121)
	  Index Cond: (id = 6295591)

table 8 : explain SELECT c FROM sbtest8 WHERE id=8540286
	Index Scan using sbtest8_pkey on sbtest8  (cost=0.43..8.45 rows=1 width=121)
	  Index Cond: (id = 8540286)

for point_selects
table 1 : explain SELECT c FROM sbtest1 WHERE id=8828650
	Index Scan using sbtest1_pkey on sbtest1  (cost=0.43..8.45 rows=1 width=121)
	  Index Cond: (id = 8828650)

table 2 : explain SELECT c FROM sbtest2 WHERE id=4878502
	Index Scan using sbtest2_pkey on sbtest2  (cost=0.43..8.45 rows=1 width=121)
	  Index Cond: (id = 4878502)

table 3 : explain SELECT c FROM sbtest3 WHERE id=5058231
	Index Scan using sbtest3_pkey on sbtest3  (cost=0.43..8.45 rows=1 width=121)
	  Index Cond: (id = 5058231)

table 4 : explain SELECT c FROM sbtest4 WHERE id=2036399
	Index Scan using sbtest4_pkey on sbtest4  (cost=0.43..8.45 rows=1 width=121)
	  Index Cond: (id = 2036399)

table 5 : explain SELECT c FROM sbtest5 WHERE id=4486561
	Index Scan using sbtest5_pkey on sbtest5  (cost=0.43..8.45 rows=1 width=121)
	  Index Cond: (id = 4486561)

table 6 : explain SELECT c FROM sbtest6 WHERE id=2724860
	Index Scan using sbtest6_pkey on sbtest6  (cost=0.43..8.45 rows=1 width=121)
	  Index Cond: (id = 2724860)

table 7 : explain SELECT c FROM sbtest7 WHERE id=7889770
	Index Scan using sbtest7_pkey on sbtest7  (cost=0.43..8.45 rows=1 width=121)
	  Index Cond: (id = 7889770)

table 8 : explain SELECT c FROM sbtest8 WHERE id=5533031
	Index Scan using sbtest8_pkey on sbtest8  (cost=0.43..8.45 rows=1 width=121)
	  Index Cond: (id = 5533031)

explain: for point_selects :: explain SELECT c FROM sbtest%u WHERE id=%u
explain: for point_selects :: explain SELECT c FROM sbtest%u WHERE id=%u
explain: for point_selects :: explain SELECT c FROM sbtest%u WHERE id=%u
for point_selects
table 1 : explain SELECT c FROM sbtest1 WHERE id=1848504
	Index Scan using sbtest1_pkey on sbtest1  (cost=0.43..8.45 rows=1 width=121)
	  Index Cond: (id = 1848504)

table 2 : explain SELECT c FROM sbtest2 WHERE id=9117934
	Index Scan using sbtest2_pkey on sbtest2  (cost=0.43..8.45 rows=1 width=121)
	  Index Cond: (id = 9117934)

table 3 : explain SELECT c FROM sbtest3 WHERE id=5915115
	Index Scan using sbtest3_pkey on sbtest3  (cost=0.43..8.45 rows=1 width=121)
	  Index Cond: (id = 5915115)

table 4 : explain SELECT c FROM sbtest4 WHERE id=5290425
	Index Scan using sbtest4_pkey on sbtest4  (cost=0.43..8.45 rows=1 width=121)
	  Index Cond: (id = 5290425)

table 5 : explain SELECT c FROM sbtest5 WHERE id=2671380
	Index Scan using sbtest5_pkey on sbtest5  (cost=0.43..8.45 rows=1 width=121)
	  Index Cond: (id = 2671380)

table 6 : explain SELECT c FROM sbtest6 WHERE id=5700845
	Index Scan using sbtest6_pkey on sbtest6  (cost=0.43..8.45 rows=1 width=121)
	  Index Cond: (id = 5700845)

table 7 : explain SELECT c FROM sbtest7 WHERE id=4451405
	Index Scan using sbtest7_pkey on sbtest7  (cost=0.43..8.45 rows=1 width=121)
	  Index Cond: (id = 4451405)

table 8 : explain SELECT c FROM sbtest8 WHERE id=5968864
	Index Scan using sbtest8_pkey on sbtest8  (cost=0.43..8.45 rows=1 width=121)
	  Index Cond: (id = 5968864)

for point_selects
table 1 : explain SELECT c FROM sbtest1 WHERE id=568612
	Index Scan using sbtest1_pkey on sbtest1  (cost=0.43..8.45 rows=1 width=121)
	  Index Cond: (id = 568612)

table 2 : explain SELECT c FROM sbtest2 WHERE id=8906253
	Index Scan using sbtest2_pkey on sbtest2  (cost=0.43..8.45 rows=1 width=121)
	  Index Cond: (id = 8906253)

table 3 : explain SELECT c FROM sbtest3 WHERE id=4917872
	Index Scan using sbtest3_pkey on sbtest3  (cost=0.43..8.45 rows=1 width=121)
	  Index Cond: (id = 4917872)

table 4 : explain SELECT c FROM sbtest4 WHERE id=9987557
	Index Scan using sbtest4_pkey on sbtest4  (cost=0.43..8.45 rows=1 width=121)
	  Index Cond: (id = 9987557)

table 5 : explain SELECT c FROM sbtest5 WHERE id=78087
	Index Scan using sbtest5_pkey on sbtest5  (cost=0.43..8.45 rows=1 width=121)
	  Index Cond: (id = 78087)

table 6 : explain SELECT c FROM sbtest6 WHERE id=2267689
	Index Scan using sbtest6_pkey on sbtest6  (cost=0.43..8.45 rows=1 width=121)
	  Index Cond: (id = 2267689)

table 7 : explain SELECT c FROM sbtest7 WHERE id=3421124
	Index Scan using sbtest7_pkey on sbtest7  (cost=0.43..8.45 rows=1 width=121)
	  Index Cond: (id = 3421124)

table 8 : explain SELECT c FROM sbtest8 WHERE id=4933393
	Index Scan using sbtest8_pkey on sbtest8  (cost=0.43..8.45 rows=1 width=121)
	  Index Cond: (id = 4933393)

explain: for point_selects :: explain SELECT c FROM sbtest%u WHERE id=%u
for point_selects
table 1 : explain SELECT c FROM sbtest1 WHERE id=2234765
	Index Scan using sbtest1_pkey on sbtest1  (cost=0.43..8.45 rows=1 width=121)
	  Index Cond: (id = 2234765)

table 2 : explain SELECT c FROM sbtest2 WHERE id=6792668
	Index Scan using sbtest2_pkey on sbtest2  (cost=0.43..8.45 rows=1 width=121)
	  Index Cond: (id = 6792668)

table 3 : explain SELECT c FROM sbtest3 WHERE id=1392154
	Index Scan using sbtest3_pkey on sbtest3  (cost=0.43..8.45 rows=1 width=121)
	  Index Cond: (id = 1392154)

table 4 : explain SELECT c FROM sbtest4 WHERE id=8946520
	Index Scan using sbtest4_pkey on sbtest4  (cost=0.43..8.45 rows=1 width=121)
	  Index Cond: (id = 8946520)

table 5 : explain SELECT c FROM sbtest5 WHERE id=3268457
	Index Scan using sbtest5_pkey on sbtest5  (cost=0.43..8.45 rows=1 width=121)
	  Index Cond: (id = 3268457)

table 6 : explain SELECT c FROM sbtest6 WHERE id=5298150
	Index Scan using sbtest6_pkey on sbtest6  (cost=0.43..8.45 rows=1 width=121)
	  Index Cond: (id = 5298150)

table 7 : explain SELECT c FROM sbtest7 WHERE id=1255750
	Index Scan using sbtest7_pkey on sbtest7  (cost=0.43..8.45 rows=1 width=121)
	  Index Cond: (id = 1255750)

table 8 : explain SELECT c FROM sbtest8 WHERE id=8140260
	Index Scan using sbtest8_pkey on sbtest8  (cost=0.43..8.45 rows=1 width=121)
	  Index Cond: (id = 8140260)

explain: for point_selects :: explain SELECT c FROM sbtest%u WHERE id=%u
for point_selects
table 1 : explain SELECT c FROM sbtest1 WHERE id=7172909
	Index Scan using sbtest1_pkey on sbtest1  (cost=0.43..8.45 rows=1 width=121)
	  Index Cond: (id = 7172909)

table 2 : explain SELECT c FROM sbtest2 WHERE id=4779683
	Index Scan using sbtest2_pkey on sbtest2  (cost=0.43..8.45 rows=1 width=121)
	  Index Cond: (id = 4779683)

table 3 : explain SELECT c FROM sbtest3 WHERE id=5729170
	Index Scan using sbtest3_pkey on sbtest3  (cost=0.43..8.45 rows=1 width=121)
	  Index Cond: (id = 5729170)

table 4 : explain SELECT c FROM sbtest4 WHERE id=6563357
	Index Scan using sbtest4_pkey on sbtest4  (cost=0.43..8.45 rows=1 width=121)
	  Index Cond: (id = 6563357)

table 5 : explain SELECT c FROM sbtest5 WHERE id=4331273
	Index Scan using sbtest5_pkey on sbtest5  (cost=0.43..8.45 rows=1 width=121)
	  Index Cond: (id = 4331273)

table 6 : explain SELECT c FROM sbtest6 WHERE id=9290855
	Index Scan using sbtest6_pkey on sbtest6  (cost=0.43..8.45 rows=1 width=121)
	  Index Cond: (id = 9290855)

table 7 : explain SELECT c FROM sbtest7 WHERE id=513138
	Index Scan using sbtest7_pkey on sbtest7  (cost=0.43..8.45 rows=1 width=121)
	  Index Cond: (id = 513138)

table 8 : explain SELECT c FROM sbtest8 WHERE id=9213945
	Index Scan using sbtest8_pkey on sbtest8  (cost=0.43..8.45 rows=1 width=121)
	  Index Cond: (id = 9213945)

for point_selects
table 1 : explain SELECT c FROM sbtest1 WHERE id=5102953
	Index Scan using sbtest1_pkey on sbtest1  (cost=0.43..8.45 rows=1 width=121)
	  Index Cond: (id = 5102953)

table 2 : explain SELECT c FROM sbtest2 WHERE id=6005667
	Index Scan using sbtest2_pkey on sbtest2  (cost=0.43..8.45 rows=1 width=121)
	  Index Cond: (id = 6005667)

table 3 : explain SELECT c FROM sbtest3 WHERE id=6081097
	Index Scan using sbtest3_pkey on sbtest3  (cost=0.43..8.45 rows=1 width=121)
	  Index Cond: (id = 6081097)

table 4 : explain SELECT c FROM sbtest4 WHERE id=687169
	Index Scan using sbtest4_pkey on sbtest4  (cost=0.43..8.45 rows=1 width=121)
	  Index Cond: (id = 687169)

table 5 : explain SELECT c FROM sbtest5 WHERE id=985719
	Index Scan using sbtest5_pkey on sbtest5  (cost=0.43..8.45 rows=1 width=121)
	  Index Cond: (id = 985719)

table 6 : explain SELECT c FROM sbtest6 WHERE id=8153
	Index Scan using sbtest6_pkey on sbtest6  (cost=0.43..8.45 rows=1 width=121)
	  Index Cond: (id = 8153)

table 7 : explain SELECT c FROM sbtest7 WHERE id=6370456
	Index Scan using sbtest7_pkey on sbtest7  (cost=0.43..8.45 rows=1 width=121)
	  Index Cond: (id = 6370456)

table 8 : explain SELECT c FROM sbtest8 WHERE id=3856613
	Index Scan using sbtest8_pkey on sbtest8  (cost=0.43..8.45 rows=1 width=121)
	  Index Cond: (id = 3856613)

explain: for point_selects :: explain SELECT c FROM sbtest%u WHERE id=%u
for point_selects
table 1 : explain SELECT c FROM sbtest1 WHERE id=4587501
	Index Scan using sbtest1_pkey on sbtest1  (cost=0.43..8.45 rows=1 width=121)
	  Index Cond: (id = 4587501)

table 2 : explain SELECT c FROM sbtest2 WHERE id=8661880
	Index Scan using sbtest2_pkey on sbtest2  (cost=0.43..8.45 rows=1 width=121)
	  Index Cond: (id = 8661880)

table 3 : explain SELECT c FROM sbtest3 WHERE id=3340897
	Index Scan using sbtest3_pkey on sbtest3  (cost=0.43..8.45 rows=1 width=121)
	  Index Cond: (id = 3340897)

table 4 : explain SELECT c FROM sbtest4 WHERE id=1625198
	Index Scan using sbtest4_pkey on sbtest4  (cost=0.43..8.45 rows=1 width=121)
	  Index Cond: (id = 1625198)

table 5 : explain SELECT c FROM sbtest5 WHERE id=2704646
	Index Scan using sbtest5_pkey on sbtest5  (cost=0.43..8.45 rows=1 width=121)
	  Index Cond: (id = 2704646)

table 6 : explain SELECT c FROM sbtest6 WHERE id=9821039
	Index Scan using sbtest6_pkey on sbtest6  (cost=0.43..8.45 rows=1 width=121)
	  Index Cond: (id = 9821039)

table 7 : explain SELECT c FROM sbtest7 WHERE id=9743228
	Index Scan using sbtest7_pkey on sbtest7  (cost=0.43..8.45 rows=1 width=121)
	  Index Cond: (id = 9743228)

table 8 : explain SELECT c FROM sbtest8 WHERE id=7266953
	Index Scan using sbtest8_pkey on sbtest8  (cost=0.43..8.45 rows=1 width=121)
	  Index Cond: (id = 7266953)

for point_selects
table 1 : explain SELECT c FROM sbtest1 WHERE id=6950900
	Index Scan using sbtest1_pkey on sbtest1  (cost=0.43..8.45 rows=1 width=121)
	  Index Cond: (id = 6950900)

table 2 : explain SELECT c FROM sbtest2 WHERE id=8790639
	Index Scan using sbtest2_pkey on sbtest2  (cost=0.43..8.45 rows=1 width=121)
	  Index Cond: (id = 8790639)

table 3 : explain SELECT c FROM sbtest3 WHERE id=9593632
	Index Scan using sbtest3_pkey on sbtest3  (cost=0.43..8.45 rows=1 width=121)
	  Index Cond: (id = 9593632)

table 4 : explain SELECT c FROM sbtest4 WHERE id=7361204
	Index Scan using sbtest4_pkey on sbtest4  (cost=0.43..8.45 rows=1 width=121)
	  Index Cond: (id = 7361204)

table 5 : explain SELECT c FROM sbtest5 WHERE id=8642196
	Index Scan using sbtest5_pkey on sbtest5  (cost=0.43..8.45 rows=1 width=121)
	  Index Cond: (id = 8642196)

table 6 : explain SELECT c FROM sbtest6 WHERE id=6084691
	Index Scan using sbtest6_pkey on sbtest6  (cost=0.43..8.45 rows=1 width=121)
	  Index Cond: (id = 6084691)

table 7 : explain SELECT c FROM sbtest7 WHERE id=7862083
	Index Scan using sbtest7_pkey on sbtest7  (cost=0.43..8.45 rows=1 width=121)
	  Index Cond: (id = 7862083)

table 8 : explain SELECT c FROM sbtest8 WHERE id=7748020
	Index Scan using sbtest8_pkey on sbtest8  (cost=0.43..8.45 rows=1 width=121)
	  Index Cond: (id = 7748020)

explain: for point_selects :: explain SELECT c FROM sbtest%u WHERE id=%u
explain: for point_selects :: explain SELECT c FROM sbtest%u WHERE id=%u
for point_selects
table 1 : explain SELECT c FROM sbtest1 WHERE id=34503
	Index Scan using sbtest1_pkey on sbtest1  (cost=0.43..8.45 rows=1 width=121)
	  Index Cond: (id = 34503)

table 2 : explain SELECT c FROM sbtest2 WHERE id=4880679
	Index Scan using sbtest2_pkey on sbtest2  (cost=0.43..8.45 rows=1 width=121)
	  Index Cond: (id = 4880679)

table 3 : explain SELECT c FROM sbtest3 WHERE id=6170847
	Index Scan using sbtest3_pkey on sbtest3  (cost=0.43..8.45 rows=1 width=121)
	  Index Cond: (id = 6170847)

table 4 : explain SELECT c FROM sbtest4 WHERE id=5015382
	Index Scan using sbtest4_pkey on sbtest4  (cost=0.43..8.45 rows=1 width=121)
	  Index Cond: (id = 5015382)

table 5 : explain SELECT c FROM sbtest5 WHERE id=3068160
	Index Scan using sbtest5_pkey on sbtest5  (cost=0.43..8.45 rows=1 width=121)
	  Index Cond: (id = 3068160)

table 6 : explain SELECT c FROM sbtest6 WHERE id=4039958
	Index Scan using sbtest6_pkey on sbtest6  (cost=0.43..8.45 rows=1 width=121)
	  Index Cond: (id = 4039958)

table 7 : explain SELECT c FROM sbtest7 WHERE id=9236426
	Index Scan using sbtest7_pkey on sbtest7  (cost=0.43..8.45 rows=1 width=121)
	  Index Cond: (id = 9236426)

table 8 : explain SELECT c FROM sbtest8 WHERE id=8267026
	Index Scan using sbtest8_pkey on sbtest8  (cost=0.43..8.45 rows=1 width=121)
	  Index Cond: (id = 8267026)

for point_selects
table 1 : explain SELECT c FROM sbtest1 WHERE id=8915636
	Index Scan using sbtest1_pkey on sbtest1  (cost=0.43..8.45 rows=1 width=121)
	  Index Cond: (id = 8915636)

table 2 : explain SELECT c FROM sbtest2 WHERE id=4591083
	Index Scan using sbtest2_pkey on sbtest2  (cost=0.43..8.45 rows=1 width=121)
	  Index Cond: (id = 4591083)

table 3 : explain SELECT c FROM sbtest3 WHERE id=1814640
	Index Scan using sbtest3_pkey on sbtest3  (cost=0.43..8.45 rows=1 width=121)
	  Index Cond: (id = 1814640)

table 4 : explain SELECT c FROM sbtest4 WHERE id=5643020
	Index Scan using sbtest4_pkey on sbtest4  (cost=0.43..8.45 rows=1 width=121)
	  Index Cond: (id = 5643020)

table 5 : explain SELECT c FROM sbtest5 WHERE id=2090584
	Index Scan using sbtest5_pkey on sbtest5  (cost=0.43..8.45 rows=1 width=121)
	  Index Cond: (id = 2090584)

table 6 : explain SELECT c FROM sbtest6 WHERE id=2314555
	Index Scan using sbtest6_pkey on sbtest6  (cost=0.43..8.45 rows=1 width=121)
	  Index Cond: (id = 2314555)

table 7 : explain SELECT c FROM sbtest7 WHERE id=4528337
	Index Scan using sbtest7_pkey on sbtest7  (cost=0.43..8.45 rows=1 width=121)
	  Index Cond: (id = 4528337)

table 8 : explain SELECT c FROM sbtest8 WHERE id=1450988
	Index Scan using sbtest8_pkey on sbtest8  (cost=0.43..8.45 rows=1 width=121)
	  Index Cond: (id = 1450988)

explain: for point_selects :: explain SELECT c FROM sbtest%u WHERE id=%u
explain: for point_selects :: explain SELECT c FROM sbtest%u WHERE id=%u
explain: for point_selects :: explain SELECT c FROM sbtest%u WHERE id=%u
for point_selects
table 1 : explain SELECT c FROM sbtest1 WHERE id=8342634
	Index Scan using sbtest1_pkey on sbtest1  (cost=0.43..8.45 rows=1 width=121)
	  Index Cond: (id = 8342634)

table 2 : explain SELECT c FROM sbtest2 WHERE id=5744434
	Index Scan using sbtest2_pkey on sbtest2  (cost=0.43..8.45 rows=1 width=121)
	  Index Cond: (id = 5744434)

table 3 : explain SELECT c FROM sbtest3 WHERE id=9246148
	Index Scan using sbtest3_pkey on sbtest3  (cost=0.43..8.45 rows=1 width=121)
	  Index Cond: (id = 9246148)

table 4 : explain SELECT c FROM sbtest4 WHERE id=3108393
	Index Scan using sbtest4_pkey on sbtest4  (cost=0.43..8.45 rows=1 width=121)
	  Index Cond: (id = 3108393)

table 5 : explain SELECT c FROM sbtest5 WHERE id=9785011
	Index Scan using sbtest5_pkey on sbtest5  (cost=0.43..8.45 rows=1 width=121)
	  Index Cond: (id = 9785011)

table 6 : explain SELECT c FROM sbtest6 WHERE id=687049
	Index Scan using sbtest6_pkey on sbtest6  (cost=0.43..8.45 rows=1 width=121)
	  Index Cond: (id = 687049)

table 7 : explain SELECT c FROM sbtest7 WHERE id=4708997
	Index Scan using sbtest7_pkey on sbtest7  (cost=0.43..8.45 rows=1 width=121)
	  Index Cond: (id = 4708997)

table 8 : explain SELECT c FROM sbtest8 WHERE id=3371393
	Index Scan using sbtest8_pkey on sbtest8  (cost=0.43..8.45 rows=1 width=121)
	  Index Cond: (id = 3371393)

for point_selects
table 1 : explain SELECT c FROM sbtest1 WHERE id=5153048
	Index Scan using sbtest1_pkey on sbtest1  (cost=0.43..8.45 rows=1 width=121)
	  Index Cond: (id = 5153048)

table 2 : explain SELECT c FROM sbtest2 WHERE id=8771132
	Index Scan using sbtest2_pkey on sbtest2  (cost=0.43..8.45 rows=1 width=121)
	  Index Cond: (id = 8771132)

table 3 : explain SELECT c FROM sbtest3 WHERE id=2454502
	Index Scan using sbtest3_pkey on sbtest3  (cost=0.43..8.45 rows=1 width=121)
	  Index Cond: (id = 2454502)

table 4 : explain SELECT c FROM sbtest4 WHERE id=1378332
	Index Scan using sbtest4_pkey on sbtest4  (cost=0.43..8.45 rows=1 width=121)
	  Index Cond: (id = 1378332)

table 5 : explain SELECT c FROM sbtest5 WHERE id=5849633
	Index Scan using sbtest5_pkey on sbtest5  (cost=0.43..8.45 rows=1 width=121)
	  Index Cond: (id = 5849633)

table 6 : explain SELECT c FROM sbtest6 WHERE id=9540536
	Index Scan using sbtest6_pkey on sbtest6  (cost=0.43..8.45 rows=1 width=121)
	  Index Cond: (id = 9540536)

table 7 : explain SELECT c FROM sbtest7 WHERE id=7485319
	Index Scan using sbtest7_pkey on sbtest7  (cost=0.43..8.45 rows=1 width=121)
	  Index Cond: (id = 7485319)

table 8 : explain SELECT c FROM sbtest8 WHERE id=9998770
	Index Scan using sbtest8_pkey on sbtest8  (cost=0.43..8.45 rows=1 width=121)
	  Index Cond: (id = 9998770)

explain: for point_selects :: explain SELECT c FROM sbtest%u WHERE id=%u
explain: for point_selects :: explain SELECT c FROM sbtest%u WHERE id=%u
explain: for point_selects :: explain SELECT c FROM sbtest%u WHERE id=%u
explain: for point_selects :: explain SELECT c FROM sbtest%u WHERE id=%u
for point_selects
table 1 : explain SELECT c FROM sbtest1 WHERE id=2112005
	Index Scan using sbtest1_pkey on sbtest1  (cost=0.43..8.45 rows=1 width=121)
	  Index Cond: (id = 2112005)

table 2 : explain SELECT c FROM sbtest2 WHERE id=9176064
	Index Scan using sbtest2_pkey on sbtest2  (cost=0.43..8.45 rows=1 width=121)
	  Index Cond: (id = 9176064)

table 3 : explain SELECT c FROM sbtest3 WHERE id=5991218
	Index Scan using sbtest3_pkey on sbtest3  (cost=0.43..8.45 rows=1 width=121)
	  Index Cond: (id = 5991218)

table 4 : explain SELECT c FROM sbtest4 WHERE id=8774780
	Index Scan using sbtest4_pkey on sbtest4  (cost=0.43..8.45 rows=1 width=121)
	  Index Cond: (id = 8774780)

table 5 : explain SELECT c FROM sbtest5 WHERE id=9185970
	Index Scan using sbtest5_pkey on sbtest5  (cost=0.43..8.45 rows=1 width=121)
	  Index Cond: (id = 9185970)

table 6 : explain SELECT c FROM sbtest6 WHERE id=4226196
	Index Scan using sbtest6_pkey on sbtest6  (cost=0.43..8.45 rows=1 width=121)
	  Index Cond: (id = 4226196)

table 7 : explain SELECT c FROM sbtest7 WHERE id=5823270
	Index Scan using sbtest7_pkey on sbtest7  (cost=0.43..8.45 rows=1 width=121)
	  Index Cond: (id = 5823270)

table 8 : explain SELECT c FROM sbtest8 WHERE id=7764461
	Index Scan using sbtest8_pkey on sbtest8  (cost=0.43..8.45 rows=1 width=121)
	  Index Cond: (id = 7764461)

for point_selects
table 1 : explain SELECT c FROM sbtest1 WHERE id=4069366
	Index Scan using sbtest1_pkey on sbtest1  (cost=0.43..8.45 rows=1 width=121)
	  Index Cond: (id = 4069366)

table 2 : explain SELECT c FROM sbtest2 WHERE id=3879303
	Index Scan using sbtest2_pkey on sbtest2  (cost=0.43..8.45 rows=1 width=121)
	  Index Cond: (id = 3879303)

table 3 : explain SELECT c FROM sbtest3 WHERE id=9177231
	Index Scan using sbtest3_pkey on sbtest3  (cost=0.43..8.45 rows=1 width=121)
	  Index Cond: (id = 9177231)

table 4 : explain SELECT c FROM sbtest4 WHERE id=4365951
	Index Scan using sbtest4_pkey on sbtest4  (cost=0.43..8.45 rows=1 width=121)
	  Index Cond: (id = 4365951)

table 5 : explain SELECT c FROM sbtest5 WHERE id=8801963
	Index Scan using sbtest5_pkey on sbtest5  (cost=0.43..8.45 rows=1 width=121)
	  Index Cond: (id = 8801963)

table 6 : explain SELECT c FROM sbtest6 WHERE id=1591120
	Index Scan using sbtest6_pkey on sbtest6  (cost=0.43..8.45 rows=1 width=121)
	  Index Cond: (id = 1591120)

table 7 : explain SELECT c FROM sbtest7 WHERE id=9152339
	Index Scan using sbtest7_pkey on sbtest7  (cost=0.43..8.45 rows=1 width=121)
	  Index Cond: (id = 9152339)

table 8 : explain SELECT c FROM sbtest8 WHERE id=8814005
	Index Scan using sbtest8_pkey on sbtest8  (cost=0.43..8.45 rows=1 width=121)
	  Index Cond: (id = 8814005)

explain: for point_selects :: explain SELECT c FROM sbtest%u WHERE id=%u
explain: for point_selects :: explain SELECT c FROM sbtest%u WHERE id=%u
for point_selects
table 1 : explain SELECT c FROM sbtest1 WHERE id=5173214
	Index Scan using sbtest1_pkey on sbtest1  (cost=0.43..8.45 rows=1 width=121)
	  Index Cond: (id = 5173214)

table 2 : explain SELECT c FROM sbtest2 WHERE id=9646978
	Index Scan using sbtest2_pkey on sbtest2  (cost=0.43..8.45 rows=1 width=121)
	  Index Cond: (id = 9646978)

table 3 : explain SELECT c FROM sbtest3 WHERE id=5761993
	Index Scan using sbtest3_pkey on sbtest3  (cost=0.43..8.45 rows=1 width=121)
	  Index Cond: (id = 5761993)

table 4 : explain SELECT c FROM sbtest4 WHERE id=3373725
	Index Scan using sbtest4_pkey on sbtest4  (cost=0.43..8.45 rows=1 width=121)
	  Index Cond: (id = 3373725)

table 5 : explain SELECT c FROM sbtest5 WHERE id=7062621
	Index Scan using sbtest5_pkey on sbtest5  (cost=0.43..8.45 rows=1 width=121)
	  Index Cond: (id = 7062621)

table 6 : explain SELECT c FROM sbtest6 WHERE id=1751403
	Index Scan using sbtest6_pkey on sbtest6  (cost=0.43..8.45 rows=1 width=121)
	  Index Cond: (id = 1751403)

table 7 : explain SELECT c FROM sbtest7 WHERE id=5651070
	Index Scan using sbtest7_pkey on sbtest7  (cost=0.43..8.45 rows=1 width=121)
	  Index Cond: (id = 5651070)

table 8 : explain SELECT c FROM sbtest8 WHERE id=7101427
	Index Scan using sbtest8_pkey on sbtest8  (cost=0.43..8.45 rows=1 width=121)
	  Index Cond: (id = 7101427)

for point_selects
table 1 : explain SELECT c FROM sbtest1 WHERE id=2361887
	Index Scan using sbtest1_pkey on sbtest1  (cost=0.43..8.45 rows=1 width=121)
	  Index Cond: (id = 2361887)

table 2 : explain SELECT c FROM sbtest2 WHERE id=3828337
	Index Scan using sbtest2_pkey on sbtest2  (cost=0.43..8.45 rows=1 width=121)
	  Index Cond: (id = 3828337)

table 3 : explain SELECT c FROM sbtest3 WHERE id=1392694
	Index Scan using sbtest3_pkey on sbtest3  (cost=0.43..8.45 rows=1 width=121)
	  Index Cond: (id = 1392694)

table 4 : explain SELECT c FROM sbtest4 WHERE id=9494483
	Index Scan using sbtest4_pkey on sbtest4  (cost=0.43..8.45 rows=1 width=121)
	  Index Cond: (id = 9494483)

table 5 : explain SELECT c FROM sbtest5 WHERE id=5083092
	Index Scan using sbtest5_pkey on sbtest5  (cost=0.43..8.45 rows=1 width=121)
	  Index Cond: (id = 5083092)

table 6 : explain SELECT c FROM sbtest6 WHERE id=972654
	Index Scan using sbtest6_pkey on sbtest6  (cost=0.43..8.45 rows=1 width=121)
	  Index Cond: (id = 972654)

table 7 : explain SELECT c FROM sbtest7 WHERE id=8519988
	Index Scan using sbtest7_pkey on sbtest7  (cost=0.43..8.45 rows=1 width=121)
	  Index Cond: (id = 8519988)

table 8 : explain SELECT c FROM sbtest8 WHERE id=7963241
	Index Scan using sbtest8_pkey on sbtest8  (cost=0.43..8.45 rows=1 width=121)
	  Index Cond: (id = 7963241)

for point_selects
table 1 : explain SELECT c FROM sbtest1 WHERE id=8205647
	Index Scan using sbtest1_pkey on sbtest1  (cost=0.43..8.45 rows=1 width=121)
	  Index Cond: (id = 8205647)

table 2 : explain SELECT c FROM sbtest2 WHERE id=9975573
	Index Scan using sbtest2_pkey on sbtest2  (cost=0.43..8.45 rows=1 width=121)
	  Index Cond: (id = 9975573)

table 3 : explain SELECT c FROM sbtest3 WHERE id=794577
	Index Scan using sbtest3_pkey on sbtest3  (cost=0.43..8.45 rows=1 width=121)
	  Index Cond: (id = 794577)

table 4 : explain SELECT c FROM sbtest4 WHERE id=1617691
	Index Scan using sbtest4_pkey on sbtest4  (cost=0.43..8.45 rows=1 width=121)
	  Index Cond: (id = 1617691)

table 5 : explain SELECT c FROM sbtest5 WHERE id=1687532
	Index Scan using sbtest5_pkey on sbtest5  (cost=0.43..8.45 rows=1 width=121)
	  Index Cond: (id = 1687532)

table 6 : explain SELECT c FROM sbtest6 WHERE id=6581202
	Index Scan using sbtest6_pkey on sbtest6  (cost=0.43..8.45 rows=1 width=121)
	  Index Cond: (id = 6581202)

table 7 : explain SELECT c FROM sbtest7 WHERE id=5699306
	Index Scan using sbtest7_pkey on sbtest7  (cost=0.43..8.45 rows=1 width=121)
	  Index Cond: (id = 5699306)

table 8 : explain SELECT c FROM sbtest8 WHERE id=3286535
	Index Scan using sbtest8_pkey on sbtest8  (cost=0.43..8.45 rows=1 width=121)
	  Index Cond: (id = 3286535)

for point_selects
table 1 : explain SELECT c FROM sbtest1 WHERE id=4801250
	Index Scan using sbtest1_pkey on sbtest1  (cost=0.43..8.45 rows=1 width=121)
	  Index Cond: (id = 4801250)

table 2 : explain SELECT c FROM sbtest2 WHERE id=9427264
	Index Scan using sbtest2_pkey on sbtest2  (cost=0.43..8.45 rows=1 width=121)
	  Index Cond: (id = 9427264)

table 3 : explain SELECT c FROM sbtest3 WHERE id=4230402
	Index Scan using sbtest3_pkey on sbtest3  (cost=0.43..8.45 rows=1 width=121)
	  Index Cond: (id = 4230402)

table 4 : explain SELECT c FROM sbtest4 WHERE id=3310281
	Index Scan using sbtest4_pkey on sbtest4  (cost=0.43..8.45 rows=1 width=121)
	  Index Cond: (id = 3310281)

table 5 : explain SELECT c FROM sbtest5 WHERE id=1185045
	Index Scan using sbtest5_pkey on sbtest5  (cost=0.43..8.45 rows=1 width=121)
	  Index Cond: (id = 1185045)

table 6 : explain SELECT c FROM sbtest6 WHERE id=3300304
	Index Scan using sbtest6_pkey on sbtest6  (cost=0.43..8.45 rows=1 width=121)
	  Index Cond: (id = 3300304)

table 7 : explain SELECT c FROM sbtest7 WHERE id=5083798
	Index Scan using sbtest7_pkey on sbtest7  (cost=0.43..8.45 rows=1 width=121)
	  Index Cond: (id = 5083798)

table 8 : explain SELECT c FROM sbtest8 WHERE id=3596936
	Index Scan using sbtest8_pkey on sbtest8  (cost=0.43..8.45 rows=1 width=121)
	  Index Cond: (id = 3596936)

for point_selects
table 1 : explain SELECT c FROM sbtest1 WHERE id=9959307
	Index Scan using sbtest1_pkey on sbtest1  (cost=0.43..8.45 rows=1 width=121)
	  Index Cond: (id = 9959307)

table 2 : explain SELECT c FROM sbtest2 WHERE id=5072592
	Index Scan using sbtest2_pkey on sbtest2  (cost=0.43..8.45 rows=1 width=121)
	  Index Cond: (id = 5072592)

table 3 : explain SELECT c FROM sbtest3 WHERE id=2065863
	Index Scan using sbtest3_pkey on sbtest3  (cost=0.43..8.45 rows=1 width=121)
	  Index Cond: (id = 2065863)

table 4 : explain SELECT c FROM sbtest4 WHERE id=2070537
	Index Scan using sbtest4_pkey on sbtest4  (cost=0.43..8.45 rows=1 width=121)
	  Index Cond: (id = 2070537)

table 5 : explain SELECT c FROM sbtest5 WHERE id=2318922
	Index Scan using sbtest5_pkey on sbtest5  (cost=0.43..8.45 rows=1 width=121)
	  Index Cond: (id = 2318922)

table 6 : explain SELECT c FROM sbtest6 WHERE id=3493920
	Index Scan using sbtest6_pkey on sbtest6  (cost=0.43..8.45 rows=1 width=121)
	  Index Cond: (id = 3493920)

table 7 : explain SELECT c FROM sbtest7 WHERE id=2166169
	Index Scan using sbtest7_pkey on sbtest7  (cost=0.43..8.45 rows=1 width=121)
	  Index Cond: (id = 2166169)

table 8 : explain SELECT c FROM sbtest8 WHERE id=2967469
	Index Scan using sbtest8_pkey on sbtest8  (cost=0.43..8.45 rows=1 width=121)
	  Index Cond: (id = 2967469)

for point_selects
table 1 : explain SELECT c FROM sbtest1 WHERE id=9223023
	Index Scan using sbtest1_pkey on sbtest1  (cost=0.43..8.45 rows=1 width=121)
	  Index Cond: (id = 9223023)

table 2 : explain SELECT c FROM sbtest2 WHERE id=4226882
	Index Scan using sbtest2_pkey on sbtest2  (cost=0.43..8.45 rows=1 width=121)
	  Index Cond: (id = 4226882)

table 3 : explain SELECT c FROM sbtest3 WHERE id=3601951
	Index Scan using sbtest3_pkey on sbtest3  (cost=0.43..8.45 rows=1 width=121)
	  Index Cond: (id = 3601951)

table 4 : explain SELECT c FROM sbtest4 WHERE id=7122339
	Index Scan using sbtest4_pkey on sbtest4  (cost=0.43..8.45 rows=1 width=121)
	  Index Cond: (id = 7122339)

table 5 : explain SELECT c FROM sbtest5 WHERE id=39738
	Index Scan using sbtest5_pkey on sbtest5  (cost=0.43..8.45 rows=1 width=121)
	  Index Cond: (id = 39738)

table 6 : explain SELECT c FROM sbtest6 WHERE id=169025
	Index Scan using sbtest6_pkey on sbtest6  (cost=0.43..8.45 rows=1 width=121)
	  Index Cond: (id = 169025)

table 7 : explain SELECT c FROM sbtest7 WHERE id=94978
	Index Scan using sbtest7_pkey on sbtest7  (cost=0.43..8.45 rows=1 width=121)
	  Index Cond: (id = 94978)

table 8 : explain SELECT c FROM sbtest8 WHERE id=5334230
	Index Scan using sbtest8_pkey on sbtest8  (cost=0.43..8.45 rows=1 width=121)
	  Index Cond: (id = 5334230)

Threads started!

Warming up for 5 seconds...

SQL statistics:
    queries performed:
        read:                            643757847
        write:                           0
        other:                           0
        total:                           643757847
    transactions:                        643757847 (1021824.40 per sec.)
    queries:                             643757847 (1021824.40 per sec.)
    ignored errors:                      0      (0.00 per sec.)
    reconnects:                          0      (0.00 per sec.)

Throughput:
    events/s (eps):                      1021824.3994
    time elapsed:                        630.0084s
    total number of events:              643757847

Latency (ms):
         min:                                    0.03
         avg:                                    0.04
         max:                                   16.14
         95th percentile:                        0.04
         sum:                             25031012.94

Threads fairness:
    events (avg/stddev):           16093932.2000/270522.47
    execution time (avg/stddev):   625.7753/0.13

