LUA_PATH=/home/mdcallag/git/mytools/bench/sysbench.lua/lua/?.lua /home/mdcallag/git/mytools/bench/sysbench.lua/lua/sysbench --db-driver=pgsql --range-size=10 --table-size=10000000 --tables=8 --threads=40 --events=0 --warmup-time=5 --time=630 --pgsql_conn_id=true /home/mdcallag/git/mytools/bench/sysbench.lua/lua/oltp_read_only.lua run --pgsql-user=root --pgsql-password=pw --pgsql-host=127.0.0.1 --pgsql-db=ib --rand-type=uniform
48 CPUs
sysbench 1.1.0-9072687 (using bundled LuaJIT 2.1.0-beta3)

Running the test with following options:
Number of threads: 40
Warmup time: 5s
Initializing random number generator from current time


Initializing worker threads...

explain: for point_selects :: explain SELECT c FROM sbtest%u WHERE id=%u
explain: for point_selects :: explain SELECT c FROM sbtest%u WHERE id=%u
explain: for point_selects :: explain SELECT c FROM sbtest%u WHERE id=%u
explain: for point_selects :: explain SELECT c FROM sbtest%u WHERE id=%u
explain: for point_selects :: explain SELECT c FROM sbtest%u WHERE id=%u
explain: for point_selects :: explain SELECT c FROM sbtest%u WHERE id=%u
explain: for point_selects :: explain SELECT c FROM sbtest%u WHERE id=%uexplain: for point_selects :: explain SELECT c FROM sbtest%u WHERE id=%u
explain: for point_selects :: explain SELECT c FROM sbtest%u WHERE id=%u

explain: for point_selects :: explain SELECT c FROM sbtest%u WHERE id=%u
explain: for point_selects :: explain SELECT c FROM sbtest%u WHERE id=%u
explain: for point_selects :: explain SELECT c FROM sbtest%u WHERE id=%u
explain: for point_selects :: explain SELECT c FROM sbtest%u WHERE id=%u
explain: for point_selects :: explain SELECT c FROM sbtest%u WHERE id=%u
explain: for point_selects :: explain SELECT c FROM sbtest%u WHERE id=%u
explain: for point_selects :: explain SELECT c FROM sbtest%u WHERE id=%u
explain: for point_selects :: explain SELECT c FROM sbtest%u WHERE id=%u
explain: for point_selects :: explain SELECT c FROM sbtest%u WHERE id=%u
explain: for point_selects :: explain SELECT c FROM sbtest%u WHERE id=%u
explain: for point_selects :: explain SELECT c FROM sbtest%u WHERE id=%u
explain: for point_selects :: explain SELECT c FROM sbtest%u WHERE id=%u
explain: for point_selects :: explain SELECT c FROM sbtest%u WHERE id=%u
for point_selects
table 1 : explain SELECT c FROM sbtest1 WHERE id=4333392
	Index Scan using sbtest1_pkey on sbtest1  (cost=0.43..8.45 rows=1 width=121)
	  Index Cond: (id = 4333392)

table 2 : explain SELECT c FROM sbtest2 WHERE id=1097625
	Index Scan using sbtest2_pkey on sbtest2  (cost=0.43..8.45 rows=1 width=121)
	  Index Cond: (id = 1097625)

table 3 : explain SELECT c FROM sbtest3 WHERE id=9365872
	Index Scan using sbtest3_pkey on sbtest3  (cost=0.43..8.45 rows=1 width=121)
	  Index Cond: (id = 9365872)

table 4 : explain SELECT c FROM sbtest4 WHERE id=341033
	Index Scan using sbtest4_pkey on sbtest4  (cost=0.43..8.45 rows=1 width=121)
	  Index Cond: (id = 341033)

table 5 : explain SELECT c FROM sbtest5 WHERE id=6934142
	Index Scan using sbtest5_pkey on sbtest5  (cost=0.43..8.45 rows=1 width=121)
	  Index Cond: (id = 6934142)

table 6 : explain SELECT c FROM sbtest6 WHERE id=8988419
	Index Scan using sbtest6_pkey on sbtest6  (cost=0.43..8.45 rows=1 width=121)
	  Index Cond: (id = 8988419)

table 7 : explain SELECT c FROM sbtest7 WHERE id=8368878
	Index Scan using sbtest7_pkey on sbtest7  (cost=0.43..8.45 rows=1 width=121)
	  Index Cond: (id = 8368878)

table 8 : explain SELECT c FROM sbtest8 WHERE id=4557606
	Index Scan using sbtest8_pkey on sbtest8  (cost=0.43..8.45 rows=1 width=121)
	  Index Cond: (id = 4557606)

for point_selects
table 1 : explain SELECT c FROM sbtest1 WHERE id=1408009
	Index Scan using sbtest1_pkey on sbtest1  (cost=0.43..8.45 rows=1 width=121)
	  Index Cond: (id = 1408009)

table 2 : explain SELECT c FROM sbtest2 WHERE id=2708369
	Index Scan using sbtest2_pkey on sbtest2  (cost=0.43..8.45 rows=1 width=121)
	  Index Cond: (id = 2708369)

table 3 : explain SELECT c FROM sbtest3 WHERE id=3377174
	Index Scan using sbtest3_pkey on sbtest3  (cost=0.43..8.45 rows=1 width=121)
	  Index Cond: (id = 3377174)

table 4 : explain SELECT c FROM sbtest4 WHERE id=1362586
	Index Scan using sbtest4_pkey on sbtest4  (cost=0.43..8.45 rows=1 width=121)
	  Index Cond: (id = 1362586)

table 5 : explain SELECT c FROM sbtest5 WHERE id=9845475
	Index Scan using sbtest5_pkey on sbtest5  (cost=0.43..8.45 rows=1 width=121)
	  Index Cond: (id = 9845475)

table 6 : explain SELECT c FROM sbtest6 WHERE id=4831249
	Index Scan using sbtest6_pkey on sbtest6  (cost=0.43..8.45 rows=1 width=121)
	  Index Cond: (id = 4831249)

table 7 : explain SELECT c FROM sbtest7 WHERE id=2142395
	Index Scan using sbtest7_pkey on sbtest7  (cost=0.43..8.45 rows=1 width=121)
	  Index Cond: (id = 2142395)

table 8 : explain SELECT c FROM sbtest8 WHERE id=2129014
	Index Scan using sbtest8_pkey on sbtest8  (cost=0.43..8.45 rows=1 width=121)
	  Index Cond: (id = 2129014)

explain: for point_selects :: explain SELECT c FROM sbtest%u WHERE id=%u
explain: for point_selects :: explain SELECT c FROM sbtest%u WHERE id=%u
explain: for point_selects :: explain SELECT c FROM sbtest%u WHERE id=%u
for point_selects
table 1 : explain SELECT c FROM sbtest1 WHERE id=470028
	Index Scan using sbtest1_pkey on sbtest1  (cost=0.43..8.45 rows=1 width=121)
	  Index Cond: (id = 470028)

table 2 : explain SELECT c FROM sbtest2 WHERE id=3340640
	Index Scan using sbtest2_pkey on sbtest2  (cost=0.43..8.45 rows=1 width=121)
	  Index Cond: (id = 3340640)

table 3 : explain SELECT c FROM sbtest3 WHERE id=9014732
	Index Scan using sbtest3_pkey on sbtest3  (cost=0.43..8.45 rows=1 width=121)
	  Index Cond: (id = 9014732)

table 4 : explain SELECT c FROM sbtest4 WHERE id=3952306
	Index Scan using sbtest4_pkey on sbtest4  (cost=0.43..8.45 rows=1 width=121)
	  Index Cond: (id = 3952306)

table 5 : explain SELECT c FROM sbtest5 WHERE id=6211148
	Index Scan using sbtest5_pkey on sbtest5  (cost=0.43..8.45 rows=1 width=121)
	  Index Cond: (id = 6211148)

table 6 : explain SELECT c FROM sbtest6 WHERE id=8488635
	Index Scan using sbtest6_pkey on sbtest6  (cost=0.43..8.45 rows=1 width=121)
	  Index Cond: (id = 8488635)

table 7 : explain SELECT c FROM sbtest7 WHERE id=6579920
	Index Scan using sbtest7_pkey on sbtest7  (cost=0.43..8.45 rows=1 width=121)
	  Index Cond: (id = 6579920)

table 8 : explain SELECT c FROM sbtest8 WHERE id=4748599
	Index Scan using sbtest8_pkey on sbtest8  (cost=0.43..8.45 rows=1 width=121)
	  Index Cond: (id = 4748599)

explain: for point_selects :: explain SELECT c FROM sbtest%u WHERE id=%u
explain: for point_selects :: explain SELECT c FROM sbtest%u WHERE id=%u
for point_selects
table 1 : explain SELECT c FROM sbtest1 WHERE id=9538890
	Index Scan using sbtest1_pkey on sbtest1  (cost=0.43..8.45 rows=1 width=121)
	  Index Cond: (id = 9538890)

table 2 : explain SELECT c FROM sbtest2 WHERE id=3718497
	Index Scan using sbtest2_pkey on sbtest2  (cost=0.43..8.45 rows=1 width=121)
	  Index Cond: (id = 3718497)

table 3 : explain SELECT c FROM sbtest3 WHERE id=7918172
	Index Scan using sbtest3_pkey on sbtest3  (cost=0.43..8.45 rows=1 width=121)
	  Index Cond: (id = 7918172)

table 4 : explain SELECT c FROM sbtest4 WHERE id=3823026
	Index Scan using sbtest4_pkey on sbtest4  (cost=0.43..8.45 rows=1 width=121)
	  Index Cond: (id = 3823026)

table 5 : explain SELECT c FROM sbtest5 WHERE id=2813609
	Index Scan using sbtest5_pkey on sbtest5  (cost=0.43..8.45 rows=1 width=121)
	  Index Cond: (id = 2813609)

table 6 : explain SELECT c FROM sbtest6 WHERE id=8777604
	Index Scan using sbtest6_pkey on sbtest6  (cost=0.43..8.45 rows=1 width=121)
	  Index Cond: (id = 8777604)

table 7 : explain SELECT c FROM sbtest7 WHERE id=9985201
	Index Scan using sbtest7_pkey on sbtest7  (cost=0.43..8.45 rows=1 width=121)
	  Index Cond: (id = 9985201)

table 8 : explain SELECT c FROM sbtest8 WHERE id=1872273
	Index Scan using sbtest8_pkey on sbtest8  (cost=0.43..8.45 rows=1 width=121)
	  Index Cond: (id = 1872273)
for point_selects
table 1 : explain SELECT c FROM sbtest1 WHERE id=2492990
	Index Scan using sbtest1_pkey on sbtest1  (cost=0.43..8.45 rows=1 width=121)
	  Index Cond: (id = 2492990)

table 2 : explain SELECT c FROM sbtest2 WHERE id=1748065
	Index Scan using sbtest2_pkey on sbtest2  (cost=0.43..8.45 rows=1 width=121)
	  Index Cond: (id = 1748065)

table 3 : explain SELECT c FROM sbtest3 WHERE id=8039600
	Index Scan using sbtest3_pkey on sbtest3  (cost=0.43..8.45 rows=1 width=121)
	  Index Cond: (id = 8039600)

table 4 : explain SELECT c FROM sbtest4 WHERE id=5744639
	Index Scan using sbtest4_pkey on sbtest4  (cost=0.43..8.45 rows=1 width=121)
	  Index Cond: (id = 5744639)

table 5 : explain SELECT c FROM sbtest5 WHERE id=4922500
	Index Scan using sbtest5_pkey on sbtest5  (cost=0.43..8.45 rows=1 width=121)
	  Index Cond: (id = 4922500)

table 6 : explain SELECT c FROM sbtest6 WHERE id=5197879
	Index Scan using sbtest6_pkey on sbtest6  (cost=0.43..8.45 rows=1 width=121)
	  Index Cond: (id = 5197879)

table 7 : explain SELECT c FROM sbtest7 WHERE id=6098089
	Index Scan using sbtest7_pkey on sbtest7  (cost=0.43..8.45 rows=1 width=121)
	  Index Cond: (id = 6098089)

table 8 : explain SELECT c FROM sbtest8 WHERE id=3181403
	Index Scan using sbtest8_pkey on sbtest8  (cost=0.43..8.45 rows=1 width=121)
	  Index Cond: (id = 3181403)


for point_selects
table 1 : explain SELECT c FROM sbtest1 WHERE id=2931858
	Index Scan using sbtest1_pkey on sbtest1  (cost=0.43..8.45 rows=1 width=121)
	  Index Cond: (id = 2931858)

table 2 : explain SELECT c FROM sbtest2 WHERE id=9025832
	Index Scan using sbtest2_pkey on sbtest2  (cost=0.43..8.45 rows=1 width=121)
	  Index Cond: (id = 9025832)

table 3 : explain SELECT c FROM sbtest3 WHERE id=2511154
	Index Scan using sbtest3_pkey on sbtest3  (cost=0.43..8.45 rows=1 width=121)
	  Index Cond: (id = 2511154)

table 4 : explain SELECT c FROM sbtest4 WHERE id=9289218
	Index Scan using sbtest4_pkey on sbtest4  (cost=0.43..8.45 rows=1 width=121)
	  Index Cond: (id = 9289218)

table 5 : explain SELECT c FROM sbtest5 WHERE id=1716345
	Index Scan using sbtest5_pkey on sbtest5  (cost=0.43..8.45 rows=1 width=121)
	  Index Cond: (id = 1716345)

table 6 : explain SELECT c FROM sbtest6 WHERE id=4906503
	Index Scan using sbtest6_pkey on sbtest6  (cost=0.43..8.45 rows=1 width=121)
	  Index Cond: (id = 4906503)

table 7 : explain SELECT c FROM sbtest7 WHERE id=760953
	Index Scan using sbtest7_pkey on sbtest7  (cost=0.43..8.45 rows=1 width=121)
	  Index Cond: (id = 760953)

table 8 : explain SELECT c FROM sbtest8 WHERE id=8661890
	Index Scan using sbtest8_pkey on sbtest8  (cost=0.43..8.45 rows=1 width=121)
	  Index Cond: (id = 8661890)

for point_selects
table 1 : explain SELECT c FROM sbtest1 WHERE id=9132945
	Index Scan using sbtest1_pkey on sbtest1  (cost=0.43..8.45 rows=1 width=121)
	  Index Cond: (id = 9132945)

table 2 : explain SELECT c FROM sbtest2 WHERE id=8847015
	Index Scan using sbtest2_pkey on sbtest2  (cost=0.43..8.45 rows=1 width=121)
	  Index Cond: (id = 8847015)

table 3 : explain SELECT c FROM sbtest3 WHERE id=7557068
	Index Scan using sbtest3_pkey on sbtest3  (cost=0.43..8.45 rows=1 width=121)
	  Index Cond: (id = 7557068)

table 4 : explain SELECT c FROM sbtest4 WHERE id=9826971
	Index Scan using sbtest4_pkey on sbtest4  (cost=0.43..8.45 rows=1 width=121)
	  Index Cond: (id = 9826971)

table 5 : explain SELECT c FROM sbtest5 WHERE id=4158879
	Index Scan using sbtest5_pkey on sbtest5  (cost=0.43..8.45 rows=1 width=121)
	  Index Cond: (id = 4158879)

table 6 : explain SELECT c FROM sbtest6 WHERE id=918638
	Index Scan using sbtest6_pkey on sbtest6  (cost=0.43..8.45 rows=1 width=121)
	  Index Cond: (id = 918638)

table 7 : explain SELECT c FROM sbtest7 WHERE id=9696734
	Index Scan using sbtest7_pkey on sbtest7  (cost=0.43..8.45 rows=1 width=121)
	  Index Cond: (id = 9696734)

table 8 : explain SELECT c FROM sbtest8 WHERE id=5386204
	Index Scan using sbtest8_pkey on sbtest8  (cost=0.43..8.45 rows=1 width=121)
	  Index Cond: (id = 5386204)

for point_selects
table 1 : explain SELECT c FROM sbtest1 WHERE id=5756652
	Index Scan using sbtest1_pkey on sbtest1  (cost=0.43..8.45 rows=1 width=121)
	  Index Cond: (id = 5756652)

table 2 : explain SELECT c FROM sbtest2 WHERE id=7106667
	Index Scan using sbtest2_pkey on sbtest2  (cost=0.43..8.45 rows=1 width=121)
	  Index Cond: (id = 7106667)

table 3 : explain SELECT c FROM sbtest3 WHERE id=1058906
	Index Scan using sbtest3_pkey on sbtest3  (cost=0.43..8.45 rows=1 width=121)
	  Index Cond: (id = 1058906)

table 4 : explain SELECT c FROM sbtest4 WHERE id=956726
	Index Scan using sbtest4_pkey on sbtest4  (cost=0.43..8.45 rows=1 width=121)
	  Index Cond: (id = 956726)

table 5 : explain SELECT c FROM sbtest5 WHERE id=3545521
	Index Scan using sbtest5_pkey on sbtest5  (cost=0.43..8.45 rows=1 width=121)
	  Index Cond: (id = 3545521)

table 6 : explain SELECT c FROM sbtest6 WHERE id=4223234
	Index Scan using sbtest6_pkey on sbtest6  (cost=0.43..8.45 rows=1 width=121)
	  Index Cond: (id = 4223234)

table 7 : explain SELECT c FROM sbtest7 WHERE id=265737
	Index Scan using sbtest7_pkey on sbtest7  (cost=0.43..8.45 rows=1 width=121)
	  Index Cond: (id = 265737)

table 8 : explain SELECT c FROM sbtest8 WHERE id=5898734
	Index Scan using sbtest8_pkey on sbtest8  (cost=0.43..8.45 rows=1 width=121)
	  Index Cond: (id = 5898734)

explain: for point_selects :: explain SELECT c FROM sbtest%u WHERE id=%u
for point_selects
table 1 : explain SELECT c FROM sbtest1 WHERE id=4854436
	Index Scan using sbtest1_pkey on sbtest1  (cost=0.43..8.45 rows=1 width=121)
	  Index Cond: (id = 4854436)

table 2 : explain SELECT c FROM sbtest2 WHERE id=5268818
	Index Scan using sbtest2_pkey on sbtest2  (cost=0.43..8.45 rows=1 width=121)
	  Index Cond: (id = 5268818)

table 3 : explain SELECT c FROM sbtest3 WHERE id=1859452
	Index Scan using sbtest3_pkey on sbtest3  (cost=0.43..8.45 rows=1 width=121)
	  Index Cond: (id = 1859452)

table 4 : explain SELECT c FROM sbtest4 WHERE id=3904875
	Index Scan using sbtest4_pkey on sbtest4  (cost=0.43..8.45 rows=1 width=121)
	  Index Cond: (id = 3904875)

table 5 : explain SELECT c FROM sbtest5 WHERE id=8115618
	Index Scan using sbtest5_pkey on sbtest5  (cost=0.43..8.45 rows=1 width=121)
	  Index Cond: (id = 8115618)

table 6 : explain SELECT c FROM sbtest6 WHERE id=7238656
	Index Scan using sbtest6_pkey on sbtest6  (cost=0.43..8.45 rows=1 width=121)
	  Index Cond: (id = 7238656)

table 7 : explain SELECT c FROM sbtest7 WHERE id=3837627
	Index Scan using sbtest7_pkey on sbtest7  (cost=0.43..8.45 rows=1 width=121)
	  Index Cond: (id = 3837627)

table 8 : explain SELECT c FROM sbtest8 WHERE id=6210280
	Index Scan using sbtest8_pkey on sbtest8  (cost=0.43..8.45 rows=1 width=121)
	  Index Cond: (id = 6210280)

for point_selects
table 1 : explain SELECT c FROM sbtest1 WHERE id=9550716
	Index Scan using sbtest1_pkey on sbtest1  (cost=0.43..8.45 rows=1 width=121)
	  Index Cond: (id = 9550716)

table 2 : explain SELECT c FROM sbtest2 WHERE id=816894
	Index Scan using sbtest2_pkey on sbtest2  (cost=0.43..8.45 rows=1 width=121)
	  Index Cond: (id = 816894)

table 3 : explain SELECT c FROM sbtest3 WHERE id=8869737
	Index Scan using sbtest3_pkey on sbtest3  (cost=0.43..8.45 rows=1 width=121)
	  Index Cond: (id = 8869737)

table 4 : explain SELECT c FROM sbtest4 WHERE id=1094472
	Index Scan using sbtest4_pkey on sbtest4  (cost=0.43..8.45 rows=1 width=121)
	  Index Cond: (id = 1094472)

table 5 : explain SELECT c FROM sbtest5 WHERE id=3657729
	Index Scan using sbtest5_pkey on sbtest5  (cost=0.43..8.45 rows=1 width=121)
	  Index Cond: (id = 3657729)

table 6 : explain SELECT c FROM sbtest6 WHERE id=7665863
	Index Scan using sbtest6_pkey on sbtest6  (cost=0.43..8.45 rows=1 width=121)
	  Index Cond: (id = 7665863)

table 7 : explain SELECT c FROM sbtest7 WHERE id=5627108
	Index Scan using sbtest7_pkey on sbtest7  (cost=0.43..8.45 rows=1 width=121)
	  Index Cond: (id = 5627108)

table 8 : explain SELECT c FROM sbtest8 WHERE id=7634819
	Index Scan using sbtest8_pkey on sbtest8  (cost=0.43..8.45 rows=1 width=121)
	  Index Cond: (id = 7634819)

for point_selects
table 1 : explain SELECT c FROM sbtest1 WHERE id=8382801
	Index Scan using sbtest1_pkey on sbtest1  (cost=0.43..8.45 rows=1 width=121)
	  Index Cond: (id = 8382801)

table 2 : explain SELECT c FROM sbtest2 WHERE id=9933754
	Index Scan using sbtest2_pkey on sbtest2  (cost=0.43..8.45 rows=1 width=121)
	  Index Cond: (id = 9933754)

table 3 : explain SELECT c FROM sbtest3 WHERE id=1421272
	Index Scan using sbtest3_pkey on sbtest3  (cost=0.43..8.45 rows=1 width=121)
	  Index Cond: (id = 1421272)

table 4 : explain SELECT c FROM sbtest4 WHERE id=1534019
	Index Scan using sbtest4_pkey on sbtest4  (cost=0.43..8.45 rows=1 width=121)
	  Index Cond: (id = 1534019)

table 5 : explain SELECT c FROM sbtest5 WHERE id=8045817
	Index Scan using sbtest5_pkey on sbtest5  (cost=0.43..8.45 rows=1 width=121)
	  Index Cond: (id = 8045817)

table 6 : explain SELECT c FROM sbtest6 WHERE id=553599
	Index Scan using sbtest6_pkey on sbtest6  (cost=0.43..8.45 rows=1 width=121)
	  Index Cond: (id = 553599)

table 7 : explain SELECT c FROM sbtest7 WHERE id=9259616
	Index Scan using sbtest7_pkey on sbtest7  (cost=0.43..8.45 rows=1 width=121)
	  Index Cond: (id = 9259616)

table 8 : explain SELECT c FROM sbtest8 WHERE id=7718386
	Index Scan using sbtest8_pkey on sbtest8  (cost=0.43..8.45 rows=1 width=121)
	  Index Cond: (id = 7718386)

explain: for point_selects :: explain SELECT c FROM sbtest%u WHERE id=%u
for point_selects
table 1 : explain SELECT c FROM sbtest1 WHERE id=8619606
	Index Scan using sbtest1_pkey on sbtest1  (cost=0.43..8.45 rows=1 width=121)
	  Index Cond: (id = 8619606)

table 2 : explain SELECT c FROM sbtest2 WHERE id=5051134
	Index Scan using sbtest2_pkey on sbtest2  (cost=0.43..8.45 rows=1 width=121)
	  Index Cond: (id = 5051134)

table 3 : explain SELECT c FROM sbtest3 WHERE id=2716324
	Index Scan using sbtest3_pkey on sbtest3  (cost=0.43..8.45 rows=1 width=121)
	  Index Cond: (id = 2716324)

table 4 : explain SELECT c FROM sbtest4 WHERE id=1349333
	Index Scan using sbtest4_pkey on sbtest4  (cost=0.43..8.45 rows=1 width=121)
	  Index Cond: (id = 1349333)

table 5 : explain SELECT c FROM sbtest5 WHERE id=6805143
	Index Scan using sbtest5_pkey on sbtest5  (cost=0.43..8.45 rows=1 width=121)
	  Index Cond: (id = 6805143)

table 6 : explain SELECT c FROM sbtest6 WHERE id=1019522
	Index Scan using sbtest6_pkey on sbtest6  (cost=0.43..8.45 rows=1 width=121)
	  Index Cond: (id = 1019522)

table 7 : explain SELECT c FROM sbtest7 WHERE id=892680
	Index Scan using sbtest7_pkey on sbtest7  (cost=0.43..8.45 rows=1 width=121)
	  Index Cond: (id = 892680)

table 8 : explain SELECT c FROM sbtest8 WHERE id=7991315
	Index Scan using sbtest8_pkey on sbtest8  (cost=0.43..8.45 rows=1 width=121)
	  Index Cond: (id = 7991315)

explain: for point_selects :: explain SELECT c FROM sbtest%u WHERE id=%ufor point_selects
table 1 : explain SELECT c FROM sbtest1 WHERE id=8476572
	Index Scan using sbtest1_pkey on sbtest1  (cost=0.43..8.45 rows=1 width=121)
	  Index Cond: (id = 8476572)

table 2 : explain SELECT c FROM sbtest2 WHERE id=4297203
	Index Scan using sbtest2_pkey on sbtest2  (cost=0.43..8.45 rows=1 width=121)
	  Index Cond: (id = 4297203)

table 3 : explain SELECT c FROM sbtest3 WHERE id=4475989
	Index Scan using sbtest3_pkey on sbtest3  (cost=0.43..8.45 rows=1 width=121)
	  Index Cond: (id = 4475989)

table 4 : explain SELECT c FROM sbtest4 WHERE id=919899
	Index Scan using sbtest4_pkey on sbtest4  (cost=0.43..8.45 rows=1 width=121)
	  Index Cond: (id = 919899)

table 5 : explain SELECT c FROM sbtest5 WHERE id=6373606
	Index Scan using sbtest5_pkey on sbtest5  (cost=0.43..8.45 rows=1 width=121)
	  Index Cond: (id = 6373606)

table 6 : explain SELECT c FROM sbtest6 WHERE id=763545
	Index Scan using sbtest6_pkey on sbtest6  (cost=0.43..8.45 rows=1 width=121)
	  Index Cond: (id = 763545)

table 7 : explain SELECT c FROM sbtest7 WHERE id=6937002
	Index Scan using sbtest7_pkey on sbtest7  (cost=0.43..8.45 rows=1 width=121)
	  Index Cond: (id = 6937002)

table 8 : explain SELECT c FROM sbtest8 WHERE id=6720085
	Index Scan using sbtest8_pkey on sbtest8  (cost=0.43..8.45 rows=1 width=121)
	  Index Cond: (id = 6720085)

explain: for point_selects :: explain SELECT c FROM sbtest%u WHERE id=%u
for: simple_ranges
table 1 : explain SELECT c FROM sbtest1 WHERE id BETWEEN 4761106 AND 4761115
	Index Scan using sbtest1_pkey on sbtest1  (cost=0.43..44.00 rows=10 width=121)
	  Index Cond: ((id >= 4761106) AND (id <= 4761115))

table 2 : explain SELECT c FROM sbtest2 WHERE id BETWEEN 9085417 AND 9085426
	Index Scan using sbtest2_pkey on sbtest2  (cost=0.43..44.00 rows=10 width=121)
	  Index Cond: ((id >= 9085417) AND (id <= 9085426))

table 3 : explain SELECT c FROM sbtest3 WHERE id BETWEEN 9823345 AND 9823354
	Index Scan using sbtest3_pkey on sbtest3  (cost=0.43..43.95 rows=10 width=121)
	  Index Cond: ((id >= 9823345) AND (id <= 9823354))

table 4 : explain SELECT c FROM sbtest4 WHERE id BETWEEN 6558219 AND 6558228
	Index Scan using sbtest4_pkey on sbtest4  (cost=0.43..47.86 rows=11 width=121)
	  Index Cond: ((id >= 6558219) AND (id <= 6558228))

table 5 : explain SELECT c FROM sbtest5 WHERE id BETWEEN 8420010 AND 8420019
	Index Scan using sbtest5_pkey on sbtest5  (cost=0.43..47.85 rows=11 width=121)
	  Index Cond: ((id >= 8420010) AND (id <= 8420019))

table 6 : explain SELECT c FROM sbtest6 WHERE id BETWEEN 3853925 AND 3853934
	Index Scan using sbtest6_pkey on sbtest6  (cost=0.43..39.96 rows=9 width=121)
	  Index Cond: ((id >= 3853925) AND (id <= 3853934))

table 7 : explain SELECT c FROM sbtest7 WHERE id BETWEEN 3372247 AND 3372256
	Index Scan using sbtest7_pkey on sbtest7  (cost=0.43..39.92 rows=9 width=121)
	  Index Cond: ((id >= 3372247) AND (id <= 3372256))

table 8 : explain SELECT c FROM sbtest8 WHERE id BETWEEN 6176192 AND 6176201
	Index Scan using sbtest8_pkey on sbtest8  (cost=0.43..43.96 rows=10 width=121)
	  Index Cond: ((id >= 6176192) AND (id <= 6176201))

for point_selects
table 1 : explain SELECT c FROM sbtest1 WHERE id=8722759
	Index Scan using sbtest1_pkey on sbtest1  (cost=0.43..8.45 rows=1 width=121)
	  Index Cond: (id = 8722759)

table 2 : explain SELECT c FROM sbtest2 WHERE id=1278616
	Index Scan using sbtest2_pkey on sbtest2  (cost=0.43..8.45 rows=1 width=121)
	  Index Cond: (id = 1278616)

table 3 : explain SELECT c FROM sbtest3 WHERE id=7653020
	Index Scan using sbtest3_pkey on sbtest3  (cost=0.43..8.45 rows=1 width=121)
	  Index Cond: (id = 7653020)

table 4 : explain SELECT c FROM sbtest4 WHERE id=2617846
	Index Scan using sbtest4_pkey on sbtest4  (cost=0.43..8.45 rows=1 width=121)
	  Index Cond: (id = 2617846)

table 5 : explain SELECT c FROM sbtest5 WHERE id=5209133
	Index Scan using sbtest5_pkey on sbtest5  (cost=0.43..8.45 rows=1 width=121)
	  Index Cond: (id = 5209133)

table 6 : explain SELECT c FROM sbtest6 WHERE id=8314122
	Index Scan using sbtest6_pkey on sbtest6  (cost=0.43..8.45 rows=1 width=121)
	  Index Cond: (id = 8314122)

table 7 : explain SELECT c FROM sbtest7 WHERE id=7083212
	Index Scan using sbtest7_pkey on sbtest7  (cost=0.43..8.45 rows=1 width=121)
	  Index Cond: (id = 7083212)

table 8 : explain SELECT c FROM sbtest8 WHERE id=9616553
	Index Scan using sbtest8_pkey on sbtest8  (cost=0.43..8.45 rows=1 width=121)
	  Index Cond: (id = 9616553)


for point_selects
table 1 : explain SELECT c FROM sbtest1 WHERE id=8068659
	Index Scan using sbtest1_pkey on sbtest1  (cost=0.43..8.45 rows=1 width=121)
	  Index Cond: (id = 8068659)

table 2 : explain SELECT c FROM sbtest2 WHERE id=4569311
	Index Scan using sbtest2_pkey on sbtest2  (cost=0.43..8.45 rows=1 width=121)
	  Index Cond: (id = 4569311)

table 3 : explain SELECT c FROM sbtest3 WHERE id=2106529
	Index Scan using sbtest3_pkey on sbtest3  (cost=0.43..8.45 rows=1 width=121)
	  Index Cond: (id = 2106529)

table 4 : explain SELECT c FROM sbtest4 WHERE id=6284199
	Index Scan using sbtest4_pkey on sbtest4  (cost=0.43..8.45 rows=1 width=121)
	  Index Cond: (id = 6284199)

table 5 : explain SELECT c FROM sbtest5 WHERE id=4591375
	Index Scan using sbtest5_pkey on sbtest5  (cost=0.43..8.45 rows=1 width=121)
	  Index Cond: (id = 4591375)

table 6 : explain SELECT c FROM sbtest6 WHERE id=1361719
	Index Scan using sbtest6_pkey on sbtest6  (cost=0.43..8.45 rows=1 width=121)
	  Index Cond: (id = 1361719)

table 7 : explain SELECT c FROM sbtest7 WHERE id=7435759
	Index Scan using sbtest7_pkey on sbtest7  (cost=0.43..8.45 rows=1 width=121)
	  Index Cond: (id = 7435759)

table 8 : explain SELECT c FROM sbtest8 WHERE id=5523465
	Index Scan using sbtest8_pkey on sbtest8  (cost=0.43..8.45 rows=1 width=121)
	  Index Cond: (id = 5523465)

for point_selects
table 1 : explain SELECT c FROM sbtest1 WHERE id=2066043
	Index Scan using sbtest1_pkey on sbtest1  (cost=0.43..8.45 rows=1 width=121)
	  Index Cond: (id = 2066043)

table 2 : explain SELECT c FROM sbtest2 WHERE id=9862412
	Index Scan using sbtest2_pkey on sbtest2  (cost=0.43..8.45 rows=1 width=121)
	  Index Cond: (id = 9862412)

table 3 : explain SELECT c FROM sbtest3 WHERE id=8752419
	Index Scan using sbtest3_pkey on sbtest3  (cost=0.43..8.45 rows=1 width=121)
	  Index Cond: (id = 8752419)

table 4 : explain SELECT c FROM sbtest4 WHERE id=9094190
	Index Scan using sbtest4_pkey on sbtest4  (cost=0.43..8.45 rows=1 width=121)
	  Index Cond: (id = 9094190)

table 5 : explain SELECT c FROM sbtest5 WHERE id=3135800
	Index Scan using sbtest5_pkey on sbtest5  (cost=0.43..8.45 rows=1 width=121)
	  Index Cond: (id = 3135800)

table 6 : explain SELECT c FROM sbtest6 WHERE id=1439041
	Index Scan using sbtest6_pkey on sbtest6  (cost=0.43..8.45 rows=1 width=121)
	  Index Cond: (id = 1439041)

table 7 : explain SELECT c FROM sbtest7 WHERE id=3233332
	Index Scan using sbtest7_pkey on sbtest7  (cost=0.43..8.45 rows=1 width=121)
	  Index Cond: (id = 3233332)

table 8 : explain SELECT c FROM sbtest8 WHERE id=5704803
	Index Scan using sbtest8_pkey on sbtest8  (cost=0.43..8.45 rows=1 width=121)
	  Index Cond: (id = 5704803)

explain: for point_selects :: explain SELECT c FROM sbtest%u WHERE id=%u
for: simple_ranges
table 1 : explain SELECT c FROM sbtest1 WHERE id BETWEEN 7771633 AND 7771642
	Index Scan using sbtest1_pkey on sbtest1  (cost=0.43..40.05 rows=9 width=121)
	  Index Cond: ((id >= 7771633) AND (id <= 7771642))

table 2 : explain SELECT c FROM sbtest2 WHERE id BETWEEN 8377395 AND 8377404
	Index Scan using sbtest2_pkey on sbtest2  (cost=0.43..44.00 rows=10 width=121)
	  Index Cond: ((id >= 8377395) AND (id <= 8377404))

table 3 : explain SELECT c FROM sbtest3 WHERE id BETWEEN 6863386 AND 6863395
	Index Scan using sbtest3_pkey on sbtest3  (cost=0.43..43.95 rows=10 width=121)
	  Index Cond: ((id >= 6863386) AND (id <= 6863395))

table 4 : explain SELECT c FROM sbtest4 WHERE id BETWEEN 9108949 AND 9108958
	Index Scan using sbtest4_pkey on sbtest4  (cost=0.43..43.92 rows=10 width=121)
	  Index Cond: ((id >= 9108949) AND (id <= 9108958))

table 5 : explain SELECT c FROM sbtest5 WHERE id BETWEEN 3102760 AND 3102769
	Index Scan using sbtest5_pkey on sbtest5  (cost=0.43..43.91 rows=10 width=121)
	  Index Cond: ((id >= 3102760) AND (id <= 3102769))

table 6 : explain SELECT c FROM sbtest6 WHERE id BETWEEN 9959322 AND 9959331
	Index Scan using sbtest6_pkey on sbtest6  (cost=0.43..43.90 rows=10 width=121)
	  Index Cond: ((id >= 9959322) AND (id <= 9959331))

table 7 : explain SELECT c FROM sbtest7 WHERE id BETWEEN 7879967 AND 7879976
	Index Scan using sbtest7_pkey on sbtest7  (cost=0.43..39.92 rows=9 width=121)
	  Index Cond: ((id >= 7879967) AND (id <= 7879976))

table 8 : explain SELECT c FROM sbtest8 WHERE id BETWEEN 7844835 AND 7844844
	Index Scan using sbtest8_pkey on sbtest8  (cost=0.43..43.96 rows=10 width=121)
	  Index Cond: ((id >= 7844835) AND (id <= 7844844))

explain: for point_selects :: explain SELECT c FROM sbtest%u WHERE id=%u
for: simple_ranges
table 1 : explain SELECT c FROM sbtest1 WHERE id BETWEEN 1131176 AND 1131185
	Index Scan using sbtest1_pkey on sbtest1  (cost=0.43..40.05 rows=9 width=121)
	  Index Cond: ((id >= 1131176) AND (id <= 1131185))

table 2 : explain SELECT c FROM sbtest2 WHERE id BETWEEN 9510224 AND 9510233
	Index Scan using sbtest2_pkey on sbtest2  (cost=0.43..44.00 rows=10 width=121)
	  Index Cond: ((id >= 9510224) AND (id <= 9510233))

table 3 : explain SELECT c FROM sbtest3 WHERE id BETWEEN 1517489 AND 1517498
	Index Scan using sbtest3_pkey on sbtest3  (cost=0.43..47.89 rows=11 width=121)
	  Index Cond: ((id >= 1517489) AND (id <= 1517498))

table 4 : explain SELECT c FROM sbtest4 WHERE id BETWEEN 3327431 AND 3327440
	Index Scan using sbtest4_pkey on sbtest4  (cost=0.43..43.92 rows=10 width=121)
	  Index Cond: ((id >= 3327431) AND (id <= 3327440))

table 5 : explain SELECT c FROM sbtest5 WHERE id BETWEEN 2660469 AND 2660478
	Index Scan using sbtest5_pkey on sbtest5  (cost=0.43..43.91 rows=10 width=121)
	  Index Cond: ((id >= 2660469) AND (id <= 2660478))

table 6 : explain SELECT c FROM sbtest6 WHERE id BETWEEN 2240626 AND 2240635
	Index Scan using sbtest6_pkey on sbtest6  (cost=0.43..43.90 rows=10 width=121)
	  Index Cond: ((id >= 2240626) AND (id <= 2240635))

table 7 : explain SELECT c FROM sbtest7 WHERE id BETWEEN 8860378 AND 8860387
	Index Scan using sbtest7_pkey on sbtest7  (cost=0.43..43.85 rows=10 width=121)
	  Index Cond: ((id >= 8860378) AND (id <= 8860387))

table 8 : explain SELECT c FROM sbtest8 WHERE id BETWEEN 2673174 AND 2673183
	Index Scan using sbtest8_pkey on sbtest8  (cost=0.43..43.96 rows=10 width=121)
	  Index Cond: ((id >= 2673174) AND (id <= 2673183))

explain: for point_selects :: explain SELECT c FROM sbtest%u WHERE id=%u
for point_selects
table 1 : explain SELECT c FROM sbtest1 WHERE id=5226111
	Index Scan using sbtest1_pkey on sbtest1  (cost=0.43..8.45 rows=1 width=121)
	  Index Cond: (id = 5226111)

table 2 : explain SELECT c FROM sbtest2 WHERE id=1991063
	Index Scan using sbtest2_pkey on sbtest2  (cost=0.43..8.45 rows=1 width=121)
	  Index Cond: (id = 1991063)

table 3 : explain SELECT c FROM sbtest3 WHERE id=9319502
	Index Scan using sbtest3_pkey on sbtest3  (cost=0.43..8.45 rows=1 width=121)
	  Index Cond: (id = 9319502)

table 4 : explain SELECT c FROM sbtest4 WHERE id=29751
	Index Scan using sbtest4_pkey on sbtest4  (cost=0.43..8.45 rows=1 width=121)
	  Index Cond: (id = 29751)

table 5 : explain SELECT c FROM sbtest5 WHERE id=8976896
	Index Scan using sbtest5_pkey on sbtest5  (cost=0.43..8.45 rows=1 width=121)
	  Index Cond: (id = 8976896)

table 6 : explain SELECT c FROM sbtest6 WHERE id=2019776
	Index Scan using sbtest6_pkey on sbtest6  (cost=0.43..8.45 rows=1 width=121)
	  Index Cond: (id = 2019776)

table 7 : explain SELECT c FROM sbtest7 WHERE id=1469443
	Index Scan using sbtest7_pkey on sbtest7  (cost=0.43..8.45 rows=1 width=121)
	  Index Cond: (id = 1469443)

table 8 : explain SELECT c FROM sbtest8 WHERE id=3610833
	Index Scan using sbtest8_pkey on sbtest8  (cost=0.43..8.45 rows=1 width=121)
	  Index Cond: (id = 3610833)

explain: for point_selects :: explain SELECT c FROM sbtest%u WHERE id=%u
for point_selects
table 1 : explain SELECT c FROM sbtest1 WHERE id=937433
	Index Scan using sbtest1_pkey on sbtest1  (cost=0.43..8.45 rows=1 width=121)
	  Index Cond: (id = 937433)

table 2 : explain SELECT c FROM sbtest2 WHERE id=7032820
	Index Scan using sbtest2_pkey on sbtest2  (cost=0.43..8.45 rows=1 width=121)
	  Index Cond: (id = 7032820)

table 3 : explain SELECT c FROM sbtest3 WHERE id=9720731
	Index Scan using sbtest3_pkey on sbtest3  (cost=0.43..8.45 rows=1 width=121)
	  Index Cond: (id = 9720731)

table 4 : explain SELECT c FROM sbtest4 WHERE id=8756910
	Index Scan using sbtest4_pkey on sbtest4  (cost=0.43..8.45 rows=1 width=121)
	  Index Cond: (id = 8756910)

table 5 : explain SELECT c FROM sbtest5 WHERE id=1928789
	Index Scan using sbtest5_pkey on sbtest5  (cost=0.43..8.45 rows=1 width=121)
	  Index Cond: (id = 1928789)

table 6 : explain SELECT c FROM sbtest6 WHERE id=3478224
	Index Scan using sbtest6_pkey on sbtest6  (cost=0.43..8.45 rows=1 width=121)
	  Index Cond: (id = 3478224)

table 7 : explain SELECT c FROM sbtest7 WHERE id=2760639
	Index Scan using sbtest7_pkey on sbtest7  (cost=0.43..8.45 rows=1 width=121)
	  Index Cond: (id = 2760639)

table 8 : explain SELECT c FROM sbtest8 WHERE id=6474936
	Index Scan using sbtest8_pkey on sbtest8  (cost=0.43..8.45 rows=1 width=121)
	  Index Cond: (id = 6474936)

for: simple_ranges
table 1 : explain SELECT c FROM sbtest1 WHERE id BETWEEN 4086355 AND 4086364
	Index Scan using sbtest1_pkey on sbtest1  (cost=0.43..44.00 rows=10 width=121)
	  Index Cond: ((id >= 4086355) AND (id <= 4086364))

table 2 : explain SELECT c FROM sbtest2 WHERE id BETWEEN 8162655 AND 8162664
	Index Scan using sbtest2_pkey on sbtest2  (cost=0.43..44.00 rows=10 width=121)
	  Index Cond: ((id >= 8162655) AND (id <= 8162664))

table 3 : explain SELECT c FROM sbtest3 WHERE id BETWEEN 3271119 AND 3271128
	Index Scan using sbtest3_pkey on sbtest3  (cost=0.43..47.89 rows=11 width=121)
	  Index Cond: ((id >= 3271119) AND (id <= 3271128))

table 4 : explain SELECT c FROM sbtest4 WHERE id BETWEEN 4001593 AND 4001602
	Index Scan using sbtest4_pkey on sbtest4  (cost=0.43..43.92 rows=10 width=121)
	  Index Cond: ((id >= 4001593) AND (id <= 4001602))

table 5 : explain SELECT c FROM sbtest5 WHERE id BETWEEN 4312488 AND 4312497
	Index Scan using sbtest5_pkey on sbtest5  (cost=0.43..43.91 rows=10 width=121)
	  Index Cond: ((id >= 4312488) AND (id <= 4312497))

table 6 : explain SELECT c FROM sbtest6 WHERE id BETWEEN 3068189 AND 3068198
	Index Scan using sbtest6_pkey on sbtest6  (cost=0.43..43.90 rows=10 width=121)
	  Index Cond: ((id >= 3068189) AND (id <= 3068198))

table 7 : explain SELECT c FROM sbtest7 WHERE id BETWEEN 4720842 AND 4720851
	Index Scan using sbtest7_pkey on sbtest7  (cost=0.43..43.85 rows=10 width=121)
	  Index Cond: ((id >= 4720842) AND (id <= 4720851))

table 8 : explain SELECT c FROM sbtest8 WHERE id BETWEEN 671002 AND 671011
	Index Scan using sbtest8_pkey on sbtest8  (cost=0.43..43.96 rows=10 width=121)
	  Index Cond: ((id >= 671002) AND (id <= 671011))

for point_selects
table 1 : explain SELECT c FROM sbtest1 WHERE id=2428101
	Index Scan using sbtest1_pkey on sbtest1  (cost=0.43..8.45 rows=1 width=121)
	  Index Cond: (id = 2428101)

table 2 : explain SELECT c FROM sbtest2 WHERE id=5855888
	Index Scan using sbtest2_pkey on sbtest2  (cost=0.43..8.45 rows=1 width=121)
	  Index Cond: (id = 5855888)

table 3 : explain SELECT c FROM sbtest3 WHERE id=7508041
	Index Scan using sbtest3_pkey on sbtest3  (cost=0.43..8.45 rows=1 width=121)
	  Index Cond: (id = 7508041)

table 4 : explain SELECT c FROM sbtest4 WHERE id=9821018
	Index Scan using sbtest4_pkey on sbtest4  (cost=0.43..8.45 rows=1 width=121)
	  Index Cond: (id = 9821018)

table 5 : explain SELECT c FROM sbtest5 WHERE id=7912444
	Index Scan using sbtest5_pkey on sbtest5  (cost=0.43..8.45 rows=1 width=121)
	  Index Cond: (id = 7912444)

table 6 : explain SELECT c FROM sbtest6 WHERE id=7709507
	Index Scan using sbtest6_pkey on sbtest6  (cost=0.43..8.45 rows=1 width=121)
	  Index Cond: (id = 7709507)

table 7 : explain SELECT c FROM sbtest7 WHERE id=4644767
	Index Scan using sbtest7_pkey on sbtest7  (cost=0.43..8.45 rows=1 width=121)
	  Index Cond: (id = 4644767)

table 8 : explain SELECT c FROM sbtest8 WHERE id=9438494
	Index Scan using sbtest8_pkey on sbtest8  (cost=0.43..8.45 rows=1 width=121)
	  Index Cond: (id = 9438494)

explain: for point_selects :: explain SELECT c FROM sbtest%u WHERE id=%u
explain: for point_selects :: explain SELECT c FROM sbtest%u WHERE id=%u
for point_selects
table 1 : explain SELECT c FROM sbtest1 WHERE id=5091392
	Index Scan using sbtest1_pkey on sbtest1  (cost=0.43..8.45 rows=1 width=121)
	  Index Cond: (id = 5091392)

table 2 : explain SELECT c FROM sbtest2 WHERE id=6586860
	Index Scan using sbtest2_pkey on sbtest2  (cost=0.43..8.45 rows=1 width=121)
	  Index Cond: (id = 6586860)

table 3 : explain SELECT c FROM sbtest3 WHERE id=2008879
	Index Scan using sbtest3_pkey on sbtest3  (cost=0.43..8.45 rows=1 width=121)
	  Index Cond: (id = 2008879)

table 4 : explain SELECT c FROM sbtest4 WHERE id=2811428
	Index Scan using sbtest4_pkey on sbtest4  (cost=0.43..8.45 rows=1 width=121)
	  Index Cond: (id = 2811428)

table 5 : explain SELECT c FROM sbtest5 WHERE id=764260
	Index Scan using sbtest5_pkey on sbtest5  (cost=0.43..8.45 rows=1 width=121)
	  Index Cond: (id = 764260)

table 6 : explain SELECT c FROM sbtest6 WHERE id=7933527
	Index Scan using sbtest6_pkey on sbtest6  (cost=0.43..8.45 rows=1 width=121)
	  Index Cond: (id = 7933527)

table 7 : explain SELECT c FROM sbtest7 WHERE id=64774
	Index Scan using sbtest7_pkey on sbtest7  (cost=0.43..8.45 rows=1 width=121)
	  Index Cond: (id = 64774)

table 8 : explain SELECT c FROM sbtest8 WHERE id=4637767
	Index Scan using sbtest8_pkey on sbtest8  (cost=0.43..8.45 rows=1 width=121)
	  Index Cond: (id = 4637767)

explain: for point_selects :: explain SELECT c FROM sbtest%u WHERE id=%u
for point_selects
table 1 : explain SELECT c FROM sbtest1 WHERE id=4808127
	Index Scan using sbtest1_pkey on sbtest1  (cost=0.43..8.45 rows=1 width=121)
	  Index Cond: (id = 4808127)

table 2 : explain SELECT c FROM sbtest2 WHERE id=9259309
	Index Scan using sbtest2_pkey on sbtest2  (cost=0.43..8.45 rows=1 width=121)
	  Index Cond: (id = 9259309)

table 3 : explain SELECT c FROM sbtest3 WHERE id=2227622
	Index Scan using sbtest3_pkey on sbtest3  (cost=0.43..8.45 rows=1 width=121)
	  Index Cond: (id = 2227622)

table 4 : explain SELECT c FROM sbtest4 WHERE id=5162148
	Index Scan using sbtest4_pkey on sbtest4  (cost=0.43..8.45 rows=1 width=121)
	  Index Cond: (id = 5162148)

table 5 : explain SELECT c FROM sbtest5 WHERE id=8271594
	Index Scan using sbtest5_pkey on sbtest5  (cost=0.43..8.45 rows=1 width=121)
	  Index Cond: (id = 8271594)

table 6 : explain SELECT c FROM sbtest6 WHERE id=3846503
	Index Scan using sbtest6_pkey on sbtest6  (cost=0.43..8.45 rows=1 width=121)
	  Index Cond: (id = 3846503)

table 7 : explain SELECT c FROM sbtest7 WHERE id=9032032
	Index Scan using sbtest7_pkey on sbtest7  (cost=0.43..8.45 rows=1 width=121)
	  Index Cond: (id = 9032032)

table 8 : explain SELECT c FROM sbtest8 WHERE id=5179653
	Index Scan using sbtest8_pkey on sbtest8  (cost=0.43..8.45 rows=1 width=121)
	  Index Cond: (id = 5179653)

for: simple_ranges
table 1 : explain SELECT c FROM sbtest1 WHERE id BETWEEN 8638221 AND 8638230
	Index Scan using sbtest1_pkey on sbtest1  (cost=0.43..44.00 rows=10 width=121)
	  Index Cond: ((id >= 8638221) AND (id <= 8638230))

table 2 : explain SELECT c FROM sbtest2 WHERE id BETWEEN 783475 AND 783484
	Index Scan using sbtest2_pkey on sbtest2  (cost=0.43..47.95 rows=11 width=121)
	  Index Cond: ((id >= 783475) AND (id <= 783484))

table 3 : explain SELECT c FROM sbtest3 WHERE id BETWEEN 9908287 AND 9908296
	Index Scan using sbtest3_pkey on sbtest3  (cost=0.43..43.95 rows=10 width=121)
	  Index Cond: ((id >= 9908287) AND (id <= 9908296))

table 4 : explain SELECT c FROM sbtest4 WHERE id BETWEEN 2862275 AND 2862284
	Index Scan using sbtest4_pkey on sbtest4  (cost=0.43..39.98 rows=9 width=121)
	  Index Cond: ((id >= 2862275) AND (id <= 2862284))

table 5 : explain SELECT c FROM sbtest5 WHERE id BETWEEN 4106723 AND 4106732
	Index Scan using sbtest5_pkey on sbtest5  (cost=0.43..43.91 rows=10 width=121)
	  Index Cond: ((id >= 4106723) AND (id <= 4106732))

table 6 : explain SELECT c FROM sbtest6 WHERE id BETWEEN 4367734 AND 4367743
	Index Scan using sbtest6_pkey on sbtest6  (cost=0.43..43.90 rows=10 width=121)
	  Index Cond: ((id >= 4367734) AND (id <= 4367743))

table 7 : explain SELECT c FROM sbtest7 WHERE id BETWEEN 6666679 AND 6666688
	Index Scan using sbtest7_pkey on sbtest7  (cost=0.43..47.78 rows=11 width=121)
	  Index Cond: ((id >= 6666679) AND (id <= 6666688))

table 8 : explain SELECT c FROM sbtest8 WHERE id BETWEEN 49342 AND 49351
	Index Scan using sbtest8_pkey on sbtest8  (cost=0.43..43.96 rows=10 width=121)
	  Index Cond: ((id >= 49342) AND (id <= 49351))

for point_selects
table 1 : explain SELECT c FROM sbtest1 WHERE id=5609556
	Index Scan using sbtest1_pkey on sbtest1  (cost=0.43..8.45 rows=1 width=121)
	  Index Cond: (id = 5609556)

table 2 : explain SELECT c FROM sbtest2 WHERE id=8199330
	Index Scan using sbtest2_pkey on sbtest2  (cost=0.43..8.45 rows=1 width=121)
	  Index Cond: (id = 8199330)

table 3 : explain SELECT c FROM sbtest3 WHERE id=530349
	Index Scan using sbtest3_pkey on sbtest3  (cost=0.43..8.45 rows=1 width=121)
	  Index Cond: (id = 530349)

table 4 : explain SELECT c FROM sbtest4 WHERE id=8890794
	Index Scan using sbtest4_pkey on sbtest4  (cost=0.43..8.45 rows=1 width=121)
	  Index Cond: (id = 8890794)

table 5 : explain SELECT c FROM sbtest5 WHERE id=730102
	Index Scan using sbtest5_pkey on sbtest5  (cost=0.43..8.45 rows=1 width=121)
	  Index Cond: (id = 730102)

table 6 : explain SELECT c FROM sbtest6 WHERE id=1575325
	Index Scan using sbtest6_pkey on sbtest6  (cost=0.43..8.45 rows=1 width=121)
	  Index Cond: (id = 1575325)

table 7 : explain SELECT c FROM sbtest7 WHERE id=6169712
	Index Scan using sbtest7_pkey on sbtest7  (cost=0.43..8.45 rows=1 width=121)
	  Index Cond: (id = 6169712)

table 8 : explain SELECT c FROM sbtest8 WHERE id=91049
	Index Scan using sbtest8_pkey on sbtest8  (cost=0.43..8.45 rows=1 width=121)
	  Index Cond: (id = 91049)

for: simple_ranges
table 1 : explain SELECT c FROM sbtest1 WHERE id BETWEEN 5266108 AND 5266117
	Index Scan using sbtest1_pkey on sbtest1  (cost=0.43..44.00 rows=10 width=121)
	  Index Cond: ((id >= 5266108) AND (id <= 5266117))

table 2 : explain SELECT c FROM sbtest2 WHERE id BETWEEN 4602534 AND 4602543
	Index Scan using sbtest2_pkey on sbtest2  (cost=0.43..40.05 rows=9 width=121)
	  Index Cond: ((id >= 4602534) AND (id <= 4602543))

table 3 : explain SELECT c FROM sbtest3 WHERE id BETWEEN 6733352 AND 6733361
	Index Scan using sbtest3_pkey on sbtest3  (cost=0.43..40.00 rows=9 width=121)
	  Index Cond: ((id >= 6733352) AND (id <= 6733361))

table 4 : explain SELECT c FROM sbtest4 WHERE id BETWEEN 2943286 AND 2943295
	Index Scan using sbtest4_pkey on sbtest4  (cost=0.43..39.98 rows=9 width=121)
	  Index Cond: ((id >= 2943286) AND (id <= 2943295))

table 5 : explain SELECT c FROM sbtest5 WHERE id BETWEEN 173454 AND 173463
	Index Scan using sbtest5_pkey on sbtest5  (cost=0.43..47.85 rows=11 width=121)
	  Index Cond: ((id >= 173454) AND (id <= 173463))

table 6 : explain SELECT c FROM sbtest6 WHERE id BETWEEN 2933222 AND 2933231
	Index Scan using sbtest6_pkey on sbtest6  (cost=0.43..43.90 rows=10 width=121)
	  Index Cond: ((id >= 2933222) AND (id <= 2933231))

table 7 : explain SELECT c FROM sbtest7 WHERE id BETWEEN 1595143 AND 1595152
	Index Scan using sbtest7_pkey on sbtest7  (cost=0.43..43.85 rows=10 width=121)
	  Index Cond: ((id >= 1595143) AND (id <= 1595152))

table 8 : explain SELECT c FROM sbtest8 WHERE id BETWEEN 1692903 AND 1692912
	Index Scan using sbtest8_pkey on sbtest8  (cost=0.43..40.02 rows=9 width=121)
	  Index Cond: ((id >= 1692903) AND (id <= 1692912))

for point_selects
table 1 : explain SELECT c FROM sbtest1 WHERE id=1009721
	Index Scan using sbtest1_pkey on sbtest1  (cost=0.43..8.45 rows=1 width=121)
	  Index Cond: (id = 1009721)

table 2 : explain SELECT c FROM sbtest2 WHERE id=889759
	Index Scan using sbtest2_pkey on sbtest2  (cost=0.43..8.45 rows=1 width=121)
	  Index Cond: (id = 889759)

table 3 : explain SELECT c FROM sbtest3 WHERE id=1214697
	Index Scan using sbtest3_pkey on sbtest3  (cost=0.43..8.45 rows=1 width=121)
	  Index Cond: (id = 1214697)

table 4 : explain SELECT c FROM sbtest4 WHERE id=2063047
	Index Scan using sbtest4_pkey on sbtest4  (cost=0.43..8.45 rows=1 width=121)
	  Index Cond: (id = 2063047)

table 5 : explain SELECT c FROM sbtest5 WHERE id=8237181
	Index Scan using sbtest5_pkey on sbtest5  (cost=0.43..8.45 rows=1 width=121)
	  Index Cond: (id = 8237181)

table 6 : explain SELECT c FROM sbtest6 WHERE id=9991154
	Index Scan using sbtest6_pkey on sbtest6  (cost=0.43..8.45 rows=1 width=121)
	  Index Cond: (id = 9991154)

table 7 : explain SELECT c FROM sbtest7 WHERE id=8129979
	Index Scan using sbtest7_pkey on sbtest7  (cost=0.43..8.45 rows=1 width=121)
	  Index Cond: (id = 8129979)

table 8 : explain SELECT c FROM sbtest8 WHERE id=890014
	Index Scan using sbtest8_pkey on sbtest8  (cost=0.43..8.45 rows=1 width=121)
	  Index Cond: (id = 890014)

for: simple_ranges
table 1 : explain SELECT c FROM sbtest1 WHERE id BETWEEN 4840449 AND 4840458
	Index Scan using sbtest1_pkey on sbtest1  (cost=0.43..44.00 rows=10 width=121)
	  Index Cond: ((id >= 4840449) AND (id <= 4840458))

table 2 : explain SELECT c FROM sbtest2 WHERE id BETWEEN 5107024 AND 5107033
	Index Scan using sbtest2_pkey on sbtest2  (cost=0.43..44.00 rows=10 width=121)
	  Index Cond: ((id >= 5107024) AND (id <= 5107033))

table 3 : explain SELECT c FROM sbtest3 WHERE id BETWEEN 963141 AND 963150
	Index Scan using sbtest3_pkey on sbtest3  (cost=0.43..43.95 rows=10 width=121)
	  Index Cond: ((id >= 963141) AND (id <= 963150))

table 4 : explain SELECT c FROM sbtest4 WHERE id BETWEEN 3312470 AND 3312479
	Index Scan using sbtest4_pkey on sbtest4  (cost=0.43..43.92 rows=10 width=121)
	  Index Cond: ((id >= 3312470) AND (id <= 3312479))

table 5 : explain SELECT c FROM sbtest5 WHERE id BETWEEN 8095923 AND 8095932
	Index Scan using sbtest5_pkey on sbtest5  (cost=0.43..43.91 rows=10 width=121)
	  Index Cond: ((id >= 8095923) AND (id <= 8095932))

table 6 : explain SELECT c FROM sbtest6 WHERE id BETWEEN 1970420 AND 1970429
	Index Scan using sbtest6_pkey on sbtest6  (cost=0.43..39.96 rows=9 width=121)
	  Index Cond: ((id >= 1970420) AND (id <= 1970429))

table 7 : explain SELECT c FROM sbtest7 WHERE id BETWEEN 6771753 AND 6771762
	Index Scan using sbtest7_pkey on sbtest7  (cost=0.43..43.85 rows=10 width=121)
	  Index Cond: ((id >= 6771753) AND (id <= 6771762))

table 8 : explain SELECT c FROM sbtest8 WHERE id BETWEEN 9290317 AND 9290326
	Index Scan using sbtest8_pkey on sbtest8  (cost=0.43..43.96 rows=10 width=121)
	  Index Cond: ((id >= 9290317) AND (id <= 9290326))

explain: for point_selects :: explain SELECT c FROM sbtest%u WHERE id=%u
explain: for point_selects :: explain SELECT c FROM sbtest%u WHERE id=%u
for: simple_ranges
table 1 : explain SELECT c FROM sbtest1 WHERE id BETWEEN 9015837 AND 9015846
	Index Scan using sbtest1_pkey on sbtest1  (cost=0.43..47.95 rows=11 width=121)
	  Index Cond: ((id >= 9015837) AND (id <= 9015846))

table 2 : explain SELECT c FROM sbtest2 WHERE id BETWEEN 1676519 AND 1676528
	Index Scan using sbtest2_pkey on sbtest2  (cost=0.43..44.00 rows=10 width=121)
	  Index Cond: ((id >= 1676519) AND (id <= 1676528))

table 3 : explain SELECT c FROM sbtest3 WHERE id BETWEEN 2719462 AND 2719471
	Index Scan using sbtest3_pkey on sbtest3  (cost=0.43..43.95 rows=10 width=121)
	  Index Cond: ((id >= 2719462) AND (id <= 2719471))

table 4 : explain SELECT c FROM sbtest4 WHERE id BETWEEN 1243027 AND 1243036
	Index Scan using sbtest4_pkey on sbtest4  (cost=0.43..47.86 rows=11 width=121)
	  Index Cond: ((id >= 1243027) AND (id <= 1243036))

table 5 : explain SELECT c FROM sbtest5 WHERE id BETWEEN 1743136 AND 1743145
	Index Scan using sbtest5_pkey on sbtest5  (cost=0.43..43.91 rows=10 width=121)
	  Index Cond: ((id >= 1743136) AND (id <= 1743145))

table 6 : explain SELECT c FROM sbtest6 WHERE id BETWEEN 5638102 AND 5638111
	Index Scan using sbtest6_pkey on sbtest6  (cost=0.43..43.90 rows=10 width=121)
	  Index Cond: ((id >= 5638102) AND (id <= 5638111))

table 7 : explain SELECT c FROM sbtest7 WHERE id BETWEEN 6441342 AND 6441351
	Index Scan using sbtest7_pkey on sbtest7  (cost=0.43..43.85 rows=10 width=121)
	  Index Cond: ((id >= 6441342) AND (id <= 6441351))

table 8 : explain SELECT c FROM sbtest8 WHERE id BETWEEN 6807132 AND 6807141
	Index Scan using sbtest8_pkey on sbtest8  (cost=0.43..43.96 rows=10 width=121)
	  Index Cond: ((id >= 6807132) AND (id <= 6807141))

for: simple_ranges
table 1 : explain SELECT c FROM sbtest1 WHERE id BETWEEN 1460073 AND 1460082
	Index Scan using sbtest1_pkey on sbtest1  (cost=0.43..44.00 rows=10 width=121)
	  Index Cond: ((id >= 1460073) AND (id <= 1460082))

table 2 : explain SELECT c FROM sbtest2 WHERE id BETWEEN 1211996 AND 1212005
	Index Scan using sbtest2_pkey on sbtest2  (cost=0.43..44.00 rows=10 width=121)
	  Index Cond: ((id >= 1211996) AND (id <= 1212005))

table 3 : explain SELECT c FROM sbtest3 WHERE id BETWEEN 8269853 AND 8269862
	Index Scan using sbtest3_pkey on sbtest3  (cost=0.43..43.95 rows=10 width=121)
	  Index Cond: ((id >= 8269853) AND (id <= 8269862))

table 4 : explain SELECT c FROM sbtest4 WHERE id BETWEEN 6990380 AND 6990389
	Index Scan using sbtest4_pkey on sbtest4  (cost=0.43..43.92 rows=10 width=121)
	  Index Cond: ((id >= 6990380) AND (id <= 6990389))

table 5 : explain SELECT c FROM sbtest5 WHERE id BETWEEN 8483664 AND 8483673
	Index Scan using sbtest5_pkey on sbtest5  (cost=0.43..47.85 rows=11 width=121)
	  Index Cond: ((id >= 8483664) AND (id <= 8483673))

table 6 : explain SELECT c FROM sbtest6 WHERE id BETWEEN 5799578 AND 5799587
	Index Scan using sbtest6_pkey on sbtest6  (cost=0.43..47.83 rows=11 width=121)
	  Index Cond: ((id >= 5799578) AND (id <= 5799587))

table 7 : explain SELECT c FROM sbtest7 WHERE id BETWEEN 2533561 AND 2533570
	Index Scan using sbtest7_pkey on sbtest7  (cost=0.43..43.85 rows=10 width=121)
	  Index Cond: ((id >= 2533561) AND (id <= 2533570))

table 8 : explain SELECT c FROM sbtest8 WHERE id BETWEEN 9925094 AND 9925103
	Index Scan using sbtest8_pkey on sbtest8  (cost=0.43..43.96 rows=10 width=121)
	  Index Cond: ((id >= 9925094) AND (id <= 9925103))

for: simple_ranges
table 1 : explain SELECT c FROM sbtest1 WHERE id BETWEEN 1283994 AND 1284003
	Index Scan using sbtest1_pkey on sbtest1  (cost=0.43..44.00 rows=10 width=121)
	  Index Cond: ((id >= 1283994) AND (id <= 1284003))

table 2 : explain SELECT c FROM sbtest2 WHERE id BETWEEN 4782 AND 4791
	Index Scan using sbtest2_pkey on sbtest2  (cost=0.43..44.00 rows=10 width=121)
	  Index Cond: ((id >= 4782) AND (id <= 4791))

table 3 : explain SELECT c FROM sbtest3 WHERE id BETWEEN 5233927 AND 5233936
	Index Scan using sbtest3_pkey on sbtest3  (cost=0.43..47.89 rows=11 width=121)
	  Index Cond: ((id >= 5233927) AND (id <= 5233936))

table 4 : explain SELECT c FROM sbtest4 WHERE id BETWEEN 8256733 AND 8256742
	Index Scan using sbtest4_pkey on sbtest4  (cost=0.43..39.98 rows=9 width=121)
	  Index Cond: ((id >= 8256733) AND (id <= 8256742))

table 5 : explain SELECT c FROM sbtest5 WHERE id BETWEEN 5211064 AND 5211073
	Index Scan using sbtest5_pkey on sbtest5  (cost=0.43..47.85 rows=11 width=121)
	  Index Cond: ((id >= 5211064) AND (id <= 5211073))

table 6 : explain SELECT c FROM sbtest6 WHERE id BETWEEN 5980442 AND 5980451
	Index Scan using sbtest6_pkey on sbtest6  (cost=0.43..39.96 rows=9 width=121)
	  Index Cond: ((id >= 5980442) AND (id <= 5980451))

table 7 : explain SELECT c FROM sbtest7 WHERE id BETWEEN 6077801 AND 6077810
	Index Scan using sbtest7_pkey on sbtest7  (cost=0.43..43.85 rows=10 width=121)
	  Index Cond: ((id >= 6077801) AND (id <= 6077810))

table 8 : explain SELECT c FROM sbtest8 WHERE id BETWEEN 5781453 AND 5781462
	Index Scan using sbtest8_pkey on sbtest8  (cost=0.43..43.96 rows=10 width=121)
	  Index Cond: ((id >= 5781453) AND (id <= 5781462))

for: simple_ranges
table 1 : explain SELECT c FROM sbtest1 WHERE id BETWEEN 8589626 AND 8589635
	Index Scan using sbtest1_pkey on sbtest1  (cost=0.43..44.00 rows=10 width=121)
	  Index Cond: ((id >= 8589626) AND (id <= 8589635))

table 2 : explain SELECT c FROM sbtest2 WHERE id BETWEEN 8477104 AND 8477113
	Index Scan using sbtest2_pkey on sbtest2  (cost=0.43..44.00 rows=10 width=121)
	  Index Cond: ((id >= 8477104) AND (id <= 8477113))

table 3 : explain SELECT c FROM sbtest3 WHERE id BETWEEN 9217712 AND 9217721
	Index Scan using sbtest3_pkey on sbtest3  (cost=0.43..43.95 rows=10 width=121)
	  Index Cond: ((id >= 9217712) AND (id <= 9217721))

table 4 : explain SELECT c FROM sbtest4 WHERE id BETWEEN 6929952 AND 6929961
	Index Scan using sbtest4_pkey on sbtest4  (cost=0.43..43.92 rows=10 width=121)
	  Index Cond: ((id >= 6929952) AND (id <= 6929961))

table 5 : explain SELECT c FROM sbtest5 WHERE id BETWEEN 9760197 AND 9760206
	Index Scan using sbtest5_pkey on sbtest5  (cost=0.43..47.85 rows=11 width=121)
	  Index Cond: ((id >= 9760197) AND (id <= 9760206))

table 6 : explain SELECT c FROM sbtest6 WHERE id BETWEEN 2441173 AND 2441182
	Index Scan using sbtest6_pkey on sbtest6  (cost=0.43..43.90 rows=10 width=121)
	  Index Cond: ((id >= 2441173) AND (id <= 2441182))

table 7 : explain SELECT c FROM sbtest7 WHERE id BETWEEN 4337389 AND 4337398
	Index Scan using sbtest7_pkey on sbtest7  (cost=0.43..39.92 rows=9 width=121)
	  Index Cond: ((id >= 4337389) AND (id <= 4337398))

table 8 : explain SELECT c FROM sbtest8 WHERE id BETWEEN 9634732 AND 9634741
	Index Scan using sbtest8_pkey on sbtest8  (cost=0.43..43.96 rows=10 width=121)
	  Index Cond: ((id >= 9634732) AND (id <= 9634741))

for point_selects
table 1 : explain SELECT c FROM sbtest1 WHERE id=419115
	Index Scan using sbtest1_pkey on sbtest1  (cost=0.43..8.45 rows=1 width=121)
	  Index Cond: (id = 419115)

table 2 : explain SELECT c FROM sbtest2 WHERE id=3979875
	Index Scan using sbtest2_pkey on sbtest2  (cost=0.43..8.45 rows=1 width=121)
	  Index Cond: (id = 3979875)

table 3 : explain SELECT c FROM sbtest3 WHERE id=1925910
	Index Scan using sbtest3_pkey on sbtest3  (cost=0.43..8.45 rows=1 width=121)
	  Index Cond: (id = 1925910)

table 4 : explain SELECT c FROM sbtest4 WHERE id=6826112
	Index Scan using sbtest4_pkey on sbtest4  (cost=0.43..8.45 rows=1 width=121)
	  Index Cond: (id = 6826112)

table 5 : explain SELECT c FROM sbtest5 WHERE id=117810
	Index Scan using sbtest5_pkey on sbtest5  (cost=0.43..8.45 rows=1 width=121)
	  Index Cond: (id = 117810)

table 6 : explain SELECT c FROM sbtest6 WHERE id=4785701
	Index Scan using sbtest6_pkey on sbtest6  (cost=0.43..8.45 rows=1 width=121)
	  Index Cond: (id = 4785701)

table 7 : explain SELECT c FROM sbtest7 WHERE id=3851560
	Index Scan using sbtest7_pkey on sbtest7  (cost=0.43..8.45 rows=1 width=121)
	  Index Cond: (id = 3851560)

table 8 : explain SELECT c FROM sbtest8 WHERE id=875548
	Index Scan using sbtest8_pkey on sbtest8  (cost=0.43..8.45 rows=1 width=121)
	  Index Cond: (id = 875548)

for: simple_ranges
table 1 : explain SELECT c FROM sbtest1 WHERE id BETWEEN 4498687 AND 4498696
	Index Scan using sbtest1_pkey on sbtest1  (cost=0.43..44.00 rows=10 width=121)
	  Index Cond: ((id >= 4498687) AND (id <= 4498696))

table 2 : explain SELECT c FROM sbtest2 WHERE id BETWEEN 2919075 AND 2919084
	Index Scan using sbtest2_pkey on sbtest2  (cost=0.43..40.05 rows=9 width=121)
	  Index Cond: ((id >= 2919075) AND (id <= 2919084))

table 3 : explain SELECT c FROM sbtest3 WHERE id BETWEEN 2290530 AND 2290539
	Index Scan using sbtest3_pkey on sbtest3  (cost=0.43..40.00 rows=9 width=121)
	  Index Cond: ((id >= 2290530) AND (id <= 2290539))

table 4 : explain SELECT c FROM sbtest4 WHERE id BETWEEN 3979695 AND 3979704
	Index Scan using sbtest4_pkey on sbtest4  (cost=0.43..43.92 rows=10 width=121)
	  Index Cond: ((id >= 3979695) AND (id <= 3979704))

table 5 : explain SELECT c FROM sbtest5 WHERE id BETWEEN 8419838 AND 8419847
	Index Scan using sbtest5_pkey on sbtest5  (cost=0.43..47.85 rows=11 width=121)
	  Index Cond: ((id >= 8419838) AND (id <= 8419847))

table 6 : explain SELECT c FROM sbtest6 WHERE id BETWEEN 7755925 AND 7755934
	Index Scan using sbtest6_pkey on sbtest6  (cost=0.43..47.83 rows=11 width=121)
	  Index Cond: ((id >= 7755925) AND (id <= 7755934))

table 7 : explain SELECT c FROM sbtest7 WHERE id BETWEEN 1071451 AND 1071460
	Index Scan using sbtest7_pkey on sbtest7  (cost=0.43..43.85 rows=10 width=121)
	  Index Cond: ((id >= 1071451) AND (id <= 1071460))

table 8 : explain SELECT c FROM sbtest8 WHERE id BETWEEN 101296 AND 101305
	Index Scan using sbtest8_pkey on sbtest8  (cost=0.43..43.96 rows=10 width=121)
	  Index Cond: ((id >= 101296) AND (id <= 101305))

for: simple_ranges
table 1 : explain SELECT c FROM sbtest1 WHERE id BETWEEN 4452693 AND 4452702
	Index Scan using sbtest1_pkey on sbtest1  (cost=0.43..44.00 rows=10 width=121)
	  Index Cond: ((id >= 4452693) AND (id <= 4452702))

table 2 : explain SELECT c FROM sbtest2 WHERE id BETWEEN 9613480 AND 9613489
	Index Scan using sbtest2_pkey on sbtest2  (cost=0.43..40.05 rows=9 width=121)
	  Index Cond: ((id >= 9613480) AND (id <= 9613489))

table 3 : explain SELECT c FROM sbtest3 WHERE id BETWEEN 6937408 AND 6937417
	Index Scan using sbtest3_pkey on sbtest3  (cost=0.43..43.95 rows=10 width=121)
	  Index Cond: ((id >= 6937408) AND (id <= 6937417))

table 4 : explain SELECT c FROM sbtest4 WHERE id BETWEEN 6681148 AND 6681157
	Index Scan using sbtest4_pkey on sbtest4  (cost=0.43..43.92 rows=10 width=121)
	  Index Cond: ((id >= 6681148) AND (id <= 6681157))

table 5 : explain SELECT c FROM sbtest5 WHERE id BETWEEN 5921328 AND 5921337
	Index Scan using sbtest5_pkey on sbtest5  (cost=0.43..43.91 rows=10 width=121)
	  Index Cond: ((id >= 5921328) AND (id <= 5921337))

table 6 : explain SELECT c FROM sbtest6 WHERE id BETWEEN 4399041 AND 4399050
	Index Scan using sbtest6_pkey on sbtest6  (cost=0.43..43.90 rows=10 width=121)
	  Index Cond: ((id >= 4399041) AND (id <= 4399050))

table 7 : explain SELECT c FROM sbtest7 WHERE id BETWEEN 1840383 AND 1840392
	Index Scan using sbtest7_pkey on sbtest7  (cost=0.43..43.85 rows=10 width=121)
	  Index Cond: ((id >= 1840383) AND (id <= 1840392))

table 8 : explain SELECT c FROM sbtest8 WHERE id BETWEEN 2903979 AND 2903988
	Index Scan using sbtest8_pkey on sbtest8  (cost=0.43..43.96 rows=10 width=121)
	  Index Cond: ((id >= 2903979) AND (id <= 2903988))

for: simple_ranges
table 1 : explain SELECT c FROM sbtest1 WHERE id BETWEEN 9342669 AND 9342678
	Index Scan using sbtest1_pkey on sbtest1  (cost=0.43..40.05 rows=9 width=121)
	  Index Cond: ((id >= 9342669) AND (id <= 9342678))

table 2 : explain SELECT c FROM sbtest2 WHERE id BETWEEN 9018355 AND 9018364
	Index Scan using sbtest2_pkey on sbtest2  (cost=0.43..44.00 rows=10 width=121)
	  Index Cond: ((id >= 9018355) AND (id <= 9018364))

table 3 : explain SELECT c FROM sbtest3 WHERE id BETWEEN 5572030 AND 5572039
	Index Scan using sbtest3_pkey on sbtest3  (cost=0.43..43.95 rows=10 width=121)
	  Index Cond: ((id >= 5572030) AND (id <= 5572039))

table 4 : explain SELECT c FROM sbtest4 WHERE id BETWEEN 3215257 AND 3215266
	Index Scan using sbtest4_pkey on sbtest4  (cost=0.43..39.98 rows=9 width=121)
	  Index Cond: ((id >= 3215257) AND (id <= 3215266))

table 5 : explain SELECT c FROM sbtest5 WHERE id BETWEEN 2738994 AND 2739003
	Index Scan using sbtest5_pkey on sbtest5  (cost=0.43..43.91 rows=10 width=121)
	  Index Cond: ((id >= 2738994) AND (id <= 2739003))

table 6 : explain SELECT c FROM sbtest6 WHERE id BETWEEN 9153738 AND 9153747
	Index Scan using sbtest6_pkey on sbtest6  (cost=0.43..47.83 rows=11 width=121)
	  Index Cond: ((id >= 9153738) AND (id <= 9153747))

table 7 : explain SELECT c FROM sbtest7 WHERE id BETWEEN 2983891 AND 2983900
	Index Scan using sbtest7_pkey on sbtest7  (cost=0.43..43.85 rows=10 width=121)
	  Index Cond: ((id >= 2983891) AND (id <= 2983900))

table 8 : explain SELECT c FROM sbtest8 WHERE id BETWEEN 5104116 AND 5104125
	Index Scan using sbtest8_pkey on sbtest8  (cost=0.43..43.96 rows=10 width=121)
	  Index Cond: ((id >= 5104116) AND (id <= 5104125))

for point_selects
table 1 : explain SELECT c FROM sbtest1 WHERE id=5604170
	Index Scan using sbtest1_pkey on sbtest1  (cost=0.43..8.45 rows=1 width=121)
	  Index Cond: (id = 5604170)

table 2 : explain SELECT c FROM sbtest2 WHERE id=7395466
	Index Scan using sbtest2_pkey on sbtest2  (cost=0.43..8.45 rows=1 width=121)
	  Index Cond: (id = 7395466)

table 3 : explain SELECT c FROM sbtest3 WHERE id=6894080
	Index Scan using sbtest3_pkey on sbtest3  (cost=0.43..8.45 rows=1 width=121)
	  Index Cond: (id = 6894080)

table 4 : explain SELECT c FROM sbtest4 WHERE id=3286382
	Index Scan using sbtest4_pkey on sbtest4  (cost=0.43..8.45 rows=1 width=121)
	  Index Cond: (id = 3286382)

table 5 : explain SELECT c FROM sbtest5 WHERE id=7905899
	Index Scan using sbtest5_pkey on sbtest5  (cost=0.43..8.45 rows=1 width=121)
	  Index Cond: (id = 7905899)

table 6 : explain SELECT c FROM sbtest6 WHERE id=8943422
	Index Scan using sbtest6_pkey on sbtest6  (cost=0.43..8.45 rows=1 width=121)
	  Index Cond: (id = 8943422)

table 7 : explain SELECT c FROM sbtest7 WHERE id=564767
	Index Scan using sbtest7_pkey on sbtest7  (cost=0.43..8.45 rows=1 width=121)
	  Index Cond: (id = 564767)

table 8 : explain SELECT c FROM sbtest8 WHERE id=8253148
	Index Scan using sbtest8_pkey on sbtest8  (cost=0.43..8.45 rows=1 width=121)
	  Index Cond: (id = 8253148)

for: simple_ranges
table 1 : explain SELECT c FROM sbtest1 WHERE id BETWEEN 7998016 AND 7998025
	Index Scan using sbtest1_pkey on sbtest1  (cost=0.43..40.05 rows=9 width=121)
	  Index Cond: ((id >= 7998016) AND (id <= 7998025))

table 2 : explain SELECT c FROM sbtest2 WHERE id BETWEEN 1107138 AND 1107147
	Index Scan using sbtest2_pkey on sbtest2  (cost=0.43..44.00 rows=10 width=121)
	  Index Cond: ((id >= 1107138) AND (id <= 1107147))

table 3 : explain SELECT c FROM sbtest3 WHERE id BETWEEN 8120931 AND 8120940
	Index Scan using sbtest3_pkey on sbtest3  (cost=0.43..43.95 rows=10 width=121)
	  Index Cond: ((id >= 8120931) AND (id <= 8120940))

table 4 : explain SELECT c FROM sbtest4 WHERE id BETWEEN 3893501 AND 3893510
	Index Scan using sbtest4_pkey on sbtest4  (cost=0.43..47.86 rows=11 width=121)
	  Index Cond: ((id >= 3893501) AND (id <= 3893510))

table 5 : explain SELECT c FROM sbtest5 WHERE id BETWEEN 5191664 AND 5191673
	Index Scan using sbtest5_pkey on sbtest5  (cost=0.43..43.91 rows=10 width=121)
	  Index Cond: ((id >= 5191664) AND (id <= 5191673))

table 6 : explain SELECT c FROM sbtest6 WHERE id BETWEEN 5943841 AND 5943850
	Index Scan using sbtest6_pkey on sbtest6  (cost=0.43..39.96 rows=9 width=121)
	  Index Cond: ((id >= 5943841) AND (id <= 5943850))

table 7 : explain SELECT c FROM sbtest7 WHERE id BETWEEN 8778939 AND 8778948
	Index Scan using sbtest7_pkey on sbtest7  (cost=0.43..39.92 rows=9 width=121)
	  Index Cond: ((id >= 8778939) AND (id <= 8778948))

table 8 : explain SELECT c FROM sbtest8 WHERE id BETWEEN 9926015 AND 9926024
	Index Scan using sbtest8_pkey on sbtest8  (cost=0.43..43.96 rows=10 width=121)
	  Index Cond: ((id >= 9926015) AND (id <= 9926024))

for point_selects
table 1 : explain SELECT c FROM sbtest1 WHERE id=3514462
	Index Scan using sbtest1_pkey on sbtest1  (cost=0.43..8.45 rows=1 width=121)
	  Index Cond: (id = 3514462)

table 2 : explain SELECT c FROM sbtest2 WHERE id=2785400
	Index Scan using sbtest2_pkey on sbtest2  (cost=0.43..8.45 rows=1 width=121)
	  Index Cond: (id = 2785400)

table 3 : explain SELECT c FROM sbtest3 WHERE id=9791897
	Index Scan using sbtest3_pkey on sbtest3  (cost=0.43..8.45 rows=1 width=121)
	  Index Cond: (id = 9791897)

table 4 : explain SELECT c FROM sbtest4 WHERE id=3003610
	Index Scan using sbtest4_pkey on sbtest4  (cost=0.43..8.45 rows=1 width=121)
	  Index Cond: (id = 3003610)

table 5 : explain SELECT c FROM sbtest5 WHERE id=8639235
	Index Scan using sbtest5_pkey on sbtest5  (cost=0.43..8.45 rows=1 width=121)
	  Index Cond: (id = 8639235)

table 6 : explain SELECT c FROM sbtest6 WHERE id=6495188
	Index Scan using sbtest6_pkey on sbtest6  (cost=0.43..8.45 rows=1 width=121)
	  Index Cond: (id = 6495188)

table 7 : explain SELECT c FROM sbtest7 WHERE id=5423279
	Index Scan using sbtest7_pkey on sbtest7  (cost=0.43..8.45 rows=1 width=121)
	  Index Cond: (id = 5423279)

table 8 : explain SELECT c FROM sbtest8 WHERE id=1302442
	Index Scan using sbtest8_pkey on sbtest8  (cost=0.43..8.45 rows=1 width=121)
	  Index Cond: (id = 1302442)

for: sum_ranges
table 1 : explain SELECT SUM(k) FROM sbtest1 WHERE id BETWEEN 193285 AND 193294
	Aggregate  (cost=44.03..44.04 rows=1 width=8)
	  ->  Index Scan using sbtest1_pkey on sbtest1  (cost=0.43..44.00 rows=10 width=4)
	        Index Cond: ((id >= 193285) AND (id <= 193294))

table 2 : explain SELECT SUM(k) FROM sbtest2 WHERE id BETWEEN 2606777 AND 2606786
	Aggregate  (cost=44.03..44.04 rows=1 width=8)
	  ->  Index Scan using sbtest2_pkey on sbtest2  (cost=0.43..44.00 rows=10 width=4)
	        Index Cond: ((id >= 2606777) AND (id <= 2606786))

table 3 : explain SELECT SUM(k) FROM sbtest3 WHERE id BETWEEN 4379651 AND 4379660
	Aggregate  (cost=40.03..40.04 rows=1 width=8)
	  ->  Index Scan using sbtest3_pkey on sbtest3  (cost=0.43..40.00 rows=9 width=4)
	        Index Cond: ((id >= 4379651) AND (id <= 4379660))

table 4 : explain SELECT SUM(k) FROM sbtest4 WHERE id BETWEEN 7288487 AND 7288496
	Aggregate  (cost=43.94..43.95 rows=1 width=8)
	  ->  Index Scan using sbtest4_pkey on sbtest4  (cost=0.43..43.92 rows=10 width=4)
	        Index Cond: ((id >= 7288487) AND (id <= 7288496))

table 5 : explain SELECT SUM(k) FROM sbtest5 WHERE id BETWEEN 7067332 AND 7067341
	Aggregate  (cost=43.93..43.94 rows=1 width=8)
	  ->  Index Scan using sbtest5_pkey on sbtest5  (cost=0.43..43.91 rows=10 width=4)
	        Index Cond: ((id >= 7067332) AND (id <= 7067341))

table 6 : explain SELECT SUM(k) FROM sbtest6 WHERE id BETWEEN 1125911 AND 1125920
	Aggregate  (cost=39.98..39.99 rows=1 width=8)
	  ->  Index Scan using sbtest6_pkey on sbtest6  (cost=0.43..39.96 rows=9 width=4)
	        Index Cond: ((id >= 1125911) AND (id <= 1125920))

table 7 : explain SELECT SUM(k) FROM sbtest7 WHERE id BETWEEN 5434328 AND 5434337
	Aggregate  (cost=39.94..39.95 rows=1 width=8)
	  ->  Index Scan using sbtest7_pkey on sbtest7  (cost=0.43..39.92 rows=9 width=4)
	        Index Cond: ((id >= 5434328) AND (id <= 5434337))

table 8 : explain SELECT SUM(k) FROM sbtest8 WHERE id BETWEEN 8206974 AND 8206983
	Aggregate  (cost=43.99..44.00 rows=1 width=8)
	  ->  Index Scan using sbtest8_pkey on sbtest8  (cost=0.43..43.96 rows=10 width=4)
	        Index Cond: ((id >= 8206974) AND (id <= 8206983))
for point_selects
table 1 : explain SELECT c FROM sbtest1 WHERE id=6339645
	Index Scan using sbtest1_pkey on sbtest1  (cost=0.43..8.45 rows=1 width=121)
	  Index Cond: (id = 6339645)

table 2 : explain SELECT c FROM sbtest2 WHERE id=1494959
	Index Scan using sbtest2_pkey on sbtest2  (cost=0.43..8.45 rows=1 width=121)
	  Index Cond: (id = 1494959)

table 3 : explain SELECT c FROM sbtest3 WHERE id=2955745
	Index Scan using sbtest3_pkey on sbtest3  (cost=0.43..8.45 rows=1 width=121)
	  Index Cond: (id = 2955745)

table 4 : explain SELECT c FROM sbtest4 WHERE id=1309723
	Index Scan using sbtest4_pkey on sbtest4  (cost=0.43..8.45 rows=1 width=121)
	  Index Cond: (id = 1309723)

table 5 : explain SELECT c FROM sbtest5 WHERE id=1539011
	Index Scan using sbtest5_pkey on sbtest5  (cost=0.43..8.45 rows=1 width=121)
	  Index Cond: (id = 1539011)

table 6 : explain SELECT c FROM sbtest6 WHERE id=8022109
	Index Scan using sbtest6_pkey on sbtest6  (cost=0.43..8.45 rows=1 width=121)
	  Index Cond: (id = 8022109)

table 7 : explain SELECT c FROM sbtest7 WHERE id=176197
	Index Scan using sbtest7_pkey on sbtest7  (cost=0.43..8.45 rows=1 width=121)
	  Index Cond: (id = 176197)

table 8 : explain SELECT c FROM sbtest8 WHERE id=4567695
	Index Scan using sbtest8_pkey on sbtest8  (cost=0.43..8.45 rows=1 width=121)
	  Index Cond: (id = 4567695)


for: sum_ranges
table 1 : explain SELECT SUM(k) FROM sbtest1 WHERE id BETWEEN 770906 AND 770915
	Aggregate  (cost=44.03..44.04 rows=1 width=8)
	  ->  Index Scan using sbtest1_pkey on sbtest1  (cost=0.43..44.00 rows=10 width=4)
	        Index Cond: ((id >= 770906) AND (id <= 770915))

table 2 : explain SELECT SUM(k) FROM sbtest2 WHERE id BETWEEN 1169847 AND 1169856
	Aggregate  (cost=44.03..44.04 rows=1 width=8)
	  ->  Index Scan using sbtest2_pkey on sbtest2  (cost=0.43..44.00 rows=10 width=4)
	        Index Cond: ((id >= 1169847) AND (id <= 1169856))

table 3 : explain SELECT SUM(k) FROM sbtest3 WHERE id BETWEEN 8705452 AND 8705461
	Aggregate  (cost=43.97..43.98 rows=1 width=8)
	  ->  Index Scan using sbtest3_pkey on sbtest3  (cost=0.43..43.95 rows=10 width=4)
	        Index Cond: ((id >= 8705452) AND (id <= 8705461))

table 4 : explain SELECT SUM(k) FROM sbtest4 WHERE id BETWEEN 7740000 AND 7740009
	Aggregate  (cost=43.94..43.95 rows=1 width=8)
	  ->  Index Scan using sbtest4_pkey on sbtest4  (cost=0.43..43.92 rows=10 width=4)
	        Index Cond: ((id >= 7740000) AND (id <= 7740009))

table 5 : explain SELECT SUM(k) FROM sbtest5 WHERE id BETWEEN 1411947 AND 1411956
	Aggregate  (cost=43.93..43.94 rows=1 width=8)
	  ->  Index Scan using sbtest5_pkey on sbtest5  (cost=0.43..43.91 rows=10 width=4)
	        Index Cond: ((id >= 1411947) AND (id <= 1411956))

table 6 : explain SELECT SUM(k) FROM sbtest6 WHERE id BETWEEN 3274687 AND 3274696
	Aggregate  (cost=43.92..43.93 rows=1 width=8)
	  ->  Index Scan using sbtest6_pkey on sbtest6  (cost=0.43..43.90 rows=10 width=4)
	        Index Cond: ((id >= 3274687) AND (id <= 3274696))

table 7 : explain SELECT SUM(k) FROM sbtest7 WHERE id BETWEEN 4786396 AND 4786405
	Aggregate  (cost=43.87..43.88 rows=1 width=8)
	  ->  Index Scan using sbtest7_pkey on sbtest7  (cost=0.43..43.85 rows=10 width=4)
	        Index Cond: ((id >= 4786396) AND (id <= 4786405))

table 8 : explain SELECT SUM(k) FROM sbtest8 WHERE id BETWEEN 7121744 AND 7121753
	Aggregate  (cost=40.04..40.05 rows=1 width=8)
	  ->  Index Scan using sbtest8_pkey on sbtest8  (cost=0.43..40.02 rows=9 width=4)
	        Index Cond: ((id >= 7121744) AND (id <= 7121753))

for: sum_ranges
table 1 : explain SELECT SUM(k) FROM sbtest1 WHERE id BETWEEN 3104243 AND 3104252
	Aggregate  (cost=44.03..44.04 rows=1 width=8)
	  ->  Index Scan using sbtest1_pkey on sbtest1  (cost=0.43..44.00 rows=10 width=4)
	        Index Cond: ((id >= 3104243) AND (id <= 3104252))

table 2 : explain SELECT SUM(k) FROM sbtest2 WHERE id BETWEEN 2493892 AND 2493901
	Aggregate  (cost=44.03..44.04 rows=1 width=8)
	  ->  Index Scan using sbtest2_pkey on sbtest2  (cost=0.43..44.00 rows=10 width=4)
	        Index Cond: ((id >= 2493892) AND (id <= 2493901))

table 3 : explain SELECT SUM(k) FROM sbtest3 WHERE id BETWEEN 6076822 AND 6076831
	Aggregate  (cost=43.97..43.98 rows=1 width=8)
	  ->  Index Scan using sbtest3_pkey on sbtest3  (cost=0.43..43.95 rows=10 width=4)
	        Index Cond: ((id >= 6076822) AND (id <= 6076831))

table 4 : explain SELECT SUM(k) FROM sbtest4 WHERE id BETWEEN 5104236 AND 5104245
	Aggregate  (cost=47.89..47.90 rows=1 width=8)
	  ->  Index Scan using sbtest4_pkey on sbtest4  (cost=0.43..47.86 rows=11 width=4)
	        Index Cond: ((id >= 5104236) AND (id <= 5104245))

table 5 : explain SELECT SUM(k) FROM sbtest5 WHERE id BETWEEN 1469309 AND 1469318
	Aggregate  (cost=43.93..43.94 rows=1 width=8)
	  ->  Index Scan using sbtest5_pkey on sbtest5  (cost=0.43..43.91 rows=10 width=4)
	        Index Cond: ((id >= 1469309) AND (id <= 1469318))

table 6 : explain SELECT SUM(k) FROM sbtest6 WHERE id BETWEEN 3664106 AND 3664115
	Aggregate  (cost=43.92..43.93 rows=1 width=8)
	  ->  Index Scan using sbtest6_pkey on sbtest6  (cost=0.43..43.90 rows=10 width=4)
	        Index Cond: ((id >= 3664106) AND (id <= 3664115))

table 7 : explain SELECT SUM(k) FROM sbtest7 WHERE id BETWEEN 4549802 AND 4549811
	Aggregate  (cost=39.94..39.95 rows=1 width=8)
	  ->  Index Scan using sbtest7_pkey on sbtest7  (cost=0.43..39.92 rows=9 width=4)
	        Index Cond: ((id >= 4549802) AND (id <= 4549811))

table 8 : explain SELECT SUM(k) FROM sbtest8 WHERE id BETWEEN 8079898 AND 8079907
	Aggregate  (cost=47.93..47.94 rows=1 width=8)
	  ->  Index Scan using sbtest8_pkey on sbtest8  (cost=0.43..47.91 rows=11 width=4)
	        Index Cond: ((id >= 8079898) AND (id <= 8079907))

for: simple_ranges
table 1 : explain SELECT c FROM sbtest1 WHERE id BETWEEN 6326075 AND 6326084
	Index Scan using sbtest1_pkey on sbtest1  (cost=0.43..47.95 rows=11 width=121)
	  Index Cond: ((id >= 6326075) AND (id <= 6326084))

table 2 : explain SELECT c FROM sbtest2 WHERE id BETWEEN 7382506 AND 7382515
	Index Scan using sbtest2_pkey on sbtest2  (cost=0.43..44.00 rows=10 width=121)
	  Index Cond: ((id >= 7382506) AND (id <= 7382515))

table 3 : explain SELECT c FROM sbtest3 WHERE id BETWEEN 9806222 AND 9806231
	Index Scan using sbtest3_pkey on sbtest3  (cost=0.43..43.95 rows=10 width=121)
	  Index Cond: ((id >= 9806222) AND (id <= 9806231))

table 4 : explain SELECT c FROM sbtest4 WHERE id BETWEEN 75544 AND 75553
	Index Scan using sbtest4_pkey on sbtest4  (cost=0.43..43.92 rows=10 width=121)
	  Index Cond: ((id >= 75544) AND (id <= 75553))

table 5 : explain SELECT c FROM sbtest5 WHERE id BETWEEN 6663105 AND 6663114
	Index Scan using sbtest5_pkey on sbtest5  (cost=0.43..43.91 rows=10 width=121)
	  Index Cond: ((id >= 6663105) AND (id <= 6663114))

table 6 : explain SELECT c FROM sbtest6 WHERE id BETWEEN 9215286 AND 9215295
	Index Scan using sbtest6_pkey on sbtest6  (cost=0.43..43.90 rows=10 width=121)
	  Index Cond: ((id >= 9215286) AND (id <= 9215295))

table 7 : explain SELECT c FROM sbtest7 WHERE id BETWEEN 222647 AND 222656
	Index Scan using sbtest7_pkey on sbtest7  (cost=0.43..43.85 rows=10 width=121)
	  Index Cond: ((id >= 222647) AND (id <= 222656))

table 8 : explain SELECT c FROM sbtest8 WHERE id BETWEEN 9499255 AND 9499264
	Index Scan using sbtest8_pkey on sbtest8  (cost=0.43..43.96 rows=10 width=121)
	  Index Cond: ((id >= 9499255) AND (id <= 9499264))

for: simple_ranges
table 1 : explain SELECT c FROM sbtest1 WHERE id BETWEEN 845528 AND 845537
	Index Scan using sbtest1_pkey on sbtest1  (cost=0.43..44.00 rows=10 width=121)
	  Index Cond: ((id >= 845528) AND (id <= 845537))

table 2 : explain SELECT c FROM sbtest2 WHERE id BETWEEN 111145 AND 111154
	Index Scan using sbtest2_pkey on sbtest2  (cost=0.43..44.00 rows=10 width=121)
	  Index Cond: ((id >= 111145) AND (id <= 111154))

table 3 : explain SELECT c FROM sbtest3 WHERE id BETWEEN 2101474 AND 2101483
	Index Scan using sbtest3_pkey on sbtest3  (cost=0.43..40.00 rows=9 width=121)
	  Index Cond: ((id >= 2101474) AND (id <= 2101483))

table 4 : explain SELECT c FROM sbtest4 WHERE id BETWEEN 9154684 AND 9154693
	Index Scan using sbtest4_pkey on sbtest4  (cost=0.43..43.92 rows=10 width=121)
	  Index Cond: ((id >= 9154684) AND (id <= 9154693))

table 5 : explain SELECT c FROM sbtest5 WHERE id BETWEEN 4024188 AND 4024197
	Index Scan using sbtest5_pkey on sbtest5  (cost=0.43..43.91 rows=10 width=121)
	  Index Cond: ((id >= 4024188) AND (id <= 4024197))

table 6 : explain SELECT c FROM sbtest6 WHERE id BETWEEN 622316 AND 622325
	Index Scan using sbtest6_pkey on sbtest6  (cost=0.43..43.90 rows=10 width=121)
	  Index Cond: ((id >= 622316) AND (id <= 622325))

table 7 : explain SELECT c FROM sbtest7 WHERE id BETWEEN 3000371 AND 3000380
	Index Scan using sbtest7_pkey on sbtest7  (cost=0.43..43.85 rows=10 width=121)
	  Index Cond: ((id >= 3000371) AND (id <= 3000380))

table 8 : explain SELECT c FROM sbtest8 WHERE id BETWEEN 363390 AND 363399
	Index Scan using sbtest8_pkey on sbtest8  (cost=0.43..43.96 rows=10 width=121)
	  Index Cond: ((id >= 363390) AND (id <= 363399))

for: simple_ranges
table 1 : explain SELECT c FROM sbtest1 WHERE id BETWEEN 7555380 AND 7555389
	Index Scan using sbtest1_pkey on sbtest1  (cost=0.43..44.00 rows=10 width=121)
	  Index Cond: ((id >= 7555380) AND (id <= 7555389))

table 2 : explain SELECT c FROM sbtest2 WHERE id BETWEEN 73931 AND 73940
	Index Scan using sbtest2_pkey on sbtest2  (cost=0.43..44.00 rows=10 width=121)
	  Index Cond: ((id >= 73931) AND (id <= 73940))

table 3 : explain SELECT c FROM sbtest3 WHERE id BETWEEN 3757223 AND 3757232
	Index Scan using sbtest3_pkey on sbtest3  (cost=0.43..40.00 rows=9 width=121)
	  Index Cond: ((id >= 3757223) AND (id <= 3757232))

table 4 : explain SELECT c FROM sbtest4 WHERE id BETWEEN 9888946 AND 9888955
	Index Scan using sbtest4_pkey on sbtest4  (cost=0.43..43.92 rows=10 width=121)
	  Index Cond: ((id >= 9888946) AND (id <= 9888955))

table 5 : explain SELECT c FROM sbtest5 WHERE id BETWEEN 6826297 AND 6826306
	Index Scan using sbtest5_pkey on sbtest5  (cost=0.43..43.91 rows=10 width=121)
	  Index Cond: ((id >= 6826297) AND (id <= 6826306))

table 6 : explain SELECT c FROM sbtest6 WHERE id BETWEEN 9048265 AND 9048274
	Index Scan using sbtest6_pkey on sbtest6  (cost=0.43..47.83 rows=11 width=121)
	  Index Cond: ((id >= 9048265) AND (id <= 9048274))

table 7 : explain SELECT c FROM sbtest7 WHERE id BETWEEN 6594507 AND 6594516
	Index Scan using sbtest7_pkey on sbtest7  (cost=0.43..47.78 rows=11 width=121)
	  Index Cond: ((id >= 6594507) AND (id <= 6594516))

table 8 : explain SELECT c FROM sbtest8 WHERE id BETWEEN 432719 AND 432728
	Index Scan using sbtest8_pkey on sbtest8  (cost=0.43..40.02 rows=9 width=121)
	  Index Cond: ((id >= 432719) AND (id <= 432728))

for: simple_ranges
table 1 : explain SELECT c FROM sbtest1 WHERE id BETWEEN 1374041 AND 1374050
	Index Scan using sbtest1_pkey on sbtest1  (cost=0.43..44.00 rows=10 width=121)
	  Index Cond: ((id >= 1374041) AND (id <= 1374050))

table 2 : explain SELECT c FROM sbtest2 WHERE id BETWEEN 4637702 AND 4637711
	Index Scan using sbtest2_pkey on sbtest2  (cost=0.43..47.95 rows=11 width=121)
	  Index Cond: ((id >= 4637702) AND (id <= 4637711))

table 3 : explain SELECT c FROM sbtest3 WHERE id BETWEEN 5489354 AND 5489363
	Index Scan using sbtest3_pkey on sbtest3  (cost=0.43..51.84 rows=12 width=121)
	  Index Cond: ((id >= 5489354) AND (id <= 5489363))

table 4 : explain SELECT c FROM sbtest4 WHERE id BETWEEN 4887612 AND 4887621
	Index Scan using sbtest4_pkey on sbtest4  (cost=0.43..43.92 rows=10 width=121)
	  Index Cond: ((id >= 4887612) AND (id <= 4887621))

table 5 : explain SELECT c FROM sbtest5 WHERE id BETWEEN 1683515 AND 1683524
	Index Scan using sbtest5_pkey on sbtest5  (cost=0.43..43.91 rows=10 width=121)
	  Index Cond: ((id >= 1683515) AND (id <= 1683524))

table 6 : explain SELECT c FROM sbtest6 WHERE id BETWEEN 4868593 AND 4868602
	Index Scan using sbtest6_pkey on sbtest6  (cost=0.43..39.96 rows=9 width=121)
	  Index Cond: ((id >= 4868593) AND (id <= 4868602))

table 7 : explain SELECT c FROM sbtest7 WHERE id BETWEEN 2350780 AND 2350789
	Index Scan using sbtest7_pkey on sbtest7  (cost=0.43..43.85 rows=10 width=121)
	  Index Cond: ((id >= 2350780) AND (id <= 2350789))

table 8 : explain SELECT c FROM sbtest8 WHERE id BETWEEN 3516144 AND 3516153
	Index Scan using sbtest8_pkey on sbtest8  (cost=0.43..43.96 rows=10 width=121)
	  Index Cond: ((id >= 3516144) AND (id <= 3516153))

for point_selects
table 1 : explain SELECT c FROM sbtest1 WHERE id=1206148
	Index Scan using sbtest1_pkey on sbtest1  (cost=0.43..8.45 rows=1 width=121)
	  Index Cond: (id = 1206148)

table 2 : explain SELECT c FROM sbtest2 WHERE id=5376922
	Index Scan using sbtest2_pkey on sbtest2  (cost=0.43..8.45 rows=1 width=121)
	  Index Cond: (id = 5376922)

table 3 : explain SELECT c FROM sbtest3 WHERE id=495921
	Index Scan using sbtest3_pkey on sbtest3  (cost=0.43..8.45 rows=1 width=121)
	  Index Cond: (id = 495921)

table 4 : explain SELECT c FROM sbtest4 WHERE id=2967843
	Index Scan using sbtest4_pkey on sbtest4  (cost=0.43..8.45 rows=1 width=121)
	  Index Cond: (id = 2967843)

table 5 : explain SELECT c FROM sbtest5 WHERE id=5704899
	Index Scan using sbtest5_pkey on sbtest5  (cost=0.43..8.45 rows=1 width=121)
	  Index Cond: (id = 5704899)

table 6 : explain SELECT c FROM sbtest6 WHERE id=343500
	Index Scan using sbtest6_pkey on sbtest6  (cost=0.43..8.45 rows=1 width=121)
	  Index Cond: (id = 343500)

table 7 : explain SELECT c FROM sbtest7 WHERE id=339604
	Index Scan using sbtest7_pkey on sbtest7  (cost=0.43..8.45 rows=1 width=121)
	  Index Cond: (id = 339604)

table 8 : explain SELECT c FROM sbtest8 WHERE id=7965244
	Index Scan using sbtest8_pkey on sbtest8  (cost=0.43..8.45 rows=1 width=121)
	  Index Cond: (id = 7965244)

for: simple_ranges
table 1 : explain SELECT c FROM sbtest1 WHERE id BETWEEN 7736526 AND 7736535
	Index Scan using sbtest1_pkey on sbtest1  (cost=0.43..40.05 rows=9 width=121)
	  Index Cond: ((id >= 7736526) AND (id <= 7736535))

table 2 : explain SELECT c FROM sbtest2 WHERE id BETWEEN 6735956 AND 6735965
	Index Scan using sbtest2_pkey on sbtest2  (cost=0.43..44.00 rows=10 width=121)
	  Index Cond: ((id >= 6735956) AND (id <= 6735965))

table 3 : explain SELECT c FROM sbtest3 WHERE id BETWEEN 1030596 AND 1030605
	Index Scan using sbtest3_pkey on sbtest3  (cost=0.43..43.95 rows=10 width=121)
	  Index Cond: ((id >= 1030596) AND (id <= 1030605))

table 4 : explain SELECT c FROM sbtest4 WHERE id BETWEEN 2246942 AND 2246951
	Index Scan using sbtest4_pkey on sbtest4  (cost=0.43..39.98 rows=9 width=121)
	  Index Cond: ((id >= 2246942) AND (id <= 2246951))

table 5 : explain SELECT c FROM sbtest5 WHERE id BETWEEN 8034891 AND 8034900
	Index Scan using sbtest5_pkey on sbtest5  (cost=0.43..43.91 rows=10 width=121)
	  Index Cond: ((id >= 8034891) AND (id <= 8034900))

table 6 : explain SELECT c FROM sbtest6 WHERE id BETWEEN 3118887 AND 3118896
	Index Scan using sbtest6_pkey on sbtest6  (cost=0.43..43.90 rows=10 width=121)
	  Index Cond: ((id >= 3118887) AND (id <= 3118896))

table 7 : explain SELECT c FROM sbtest7 WHERE id BETWEEN 1585830 AND 1585839
	Index Scan using sbtest7_pkey on sbtest7  (cost=0.43..43.85 rows=10 width=121)
	  Index Cond: ((id >= 1585830) AND (id <= 1585839))

table 8 : explain SELECT c FROM sbtest8 WHERE id BETWEEN 2130108 AND 2130117
	Index Scan using sbtest8_pkey on sbtest8  (cost=0.43..43.96 rows=10 width=121)
	  Index Cond: ((id >= 2130108) AND (id <= 2130117))

for: sum_ranges
table 1 : explain SELECT SUM(k) FROM sbtest1 WHERE id BETWEEN 5386376 AND 5386385
	Aggregate  (cost=44.03..44.04 rows=1 width=8)
	  ->  Index Scan using sbtest1_pkey on sbtest1  (cost=0.43..44.00 rows=10 width=4)
	        Index Cond: ((id >= 5386376) AND (id <= 5386385))

table 2 : explain SELECT SUM(k) FROM sbtest2 WHERE id BETWEEN 6727963 AND 6727972
	Aggregate  (cost=44.03..44.04 rows=1 width=8)
	  ->  Index Scan using sbtest2_pkey on sbtest2  (cost=0.43..44.00 rows=10 width=4)
	        Index Cond: ((id >= 6727963) AND (id <= 6727972))

table 3 : explain SELECT SUM(k) FROM sbtest3 WHERE id BETWEEN 8949620 AND 8949629
	Aggregate  (cost=43.97..43.98 rows=1 width=8)
	  ->  Index Scan using sbtest3_pkey on sbtest3  (cost=0.43..43.95 rows=10 width=4)
	        Index Cond: ((id >= 8949620) AND (id <= 8949629))

table 4 : explain SELECT SUM(k) FROM sbtest4 WHERE id BETWEEN 4773121 AND 4773130
	Aggregate  (cost=40.00..40.01 rows=1 width=8)
	  ->  Index Scan using sbtest4_pkey on sbtest4  (cost=0.43..39.98 rows=9 width=4)
	        Index Cond: ((id >= 4773121) AND (id <= 4773130))

table 5 : explain SELECT SUM(k) FROM sbtest5 WHERE id BETWEEN 2204297 AND 2204306
	Aggregate  (cost=47.88..47.89 rows=1 width=8)
	  ->  Index Scan using sbtest5_pkey on sbtest5  (cost=0.43..47.85 rows=11 width=4)
	        Index Cond: ((id >= 2204297) AND (id <= 2204306))

table 6 : explain SELECT SUM(k) FROM sbtest6 WHERE id BETWEEN 9049644 AND 9049653
	Aggregate  (cost=47.86..47.87 rows=1 width=8)
	  ->  Index Scan using sbtest6_pkey on sbtest6  (cost=0.43..47.83 rows=11 width=4)
	        Index Cond: ((id >= 9049644) AND (id <= 9049653))

table 7 : explain SELECT SUM(k) FROM sbtest7 WHERE id BETWEEN 3439149 AND 3439158
	Aggregate  (cost=47.81..47.82 rows=1 width=8)
	  ->  Index Scan using sbtest7_pkey on sbtest7  (cost=0.43..47.78 rows=11 width=4)
	        Index Cond: ((id >= 3439149) AND (id <= 3439158))

table 8 : explain SELECT SUM(k) FROM sbtest8 WHERE id BETWEEN 7994527 AND 7994536
	Aggregate  (cost=43.99..44.00 rows=1 width=8)
	  ->  Index Scan using sbtest8_pkey on sbtest8  (cost=0.43..43.96 rows=10 width=4)
	        Index Cond: ((id >= 7994527) AND (id <= 7994536))

for: simple_ranges
table 1 : explain SELECT c FROM sbtest1 WHERE id BETWEEN 1643285 AND 1643294
	Index Scan using sbtest1_pkey on sbtest1  (cost=0.43..44.00 rows=10 width=121)
	  Index Cond: ((id >= 1643285) AND (id <= 1643294))

table 2 : explain SELECT c FROM sbtest2 WHERE id BETWEEN 3051393 AND 3051402
	Index Scan using sbtest2_pkey on sbtest2  (cost=0.43..44.00 rows=10 width=121)
	  Index Cond: ((id >= 3051393) AND (id <= 3051402))

table 3 : explain SELECT c FROM sbtest3 WHERE id BETWEEN 4122431 AND 4122440
	Index Scan using sbtest3_pkey on sbtest3  (cost=0.43..43.95 rows=10 width=121)
	  Index Cond: ((id >= 4122431) AND (id <= 4122440))

table 4 : explain SELECT c FROM sbtest4 WHERE id BETWEEN 9555176 AND 9555185
	Index Scan using sbtest4_pkey on sbtest4  (cost=0.43..43.92 rows=10 width=121)
	  Index Cond: ((id >= 9555176) AND (id <= 9555185))

table 5 : explain SELECT c FROM sbtest5 WHERE id BETWEEN 5960518 AND 5960527
	Index Scan using sbtest5_pkey on sbtest5  (cost=0.43..43.91 rows=10 width=121)
	  Index Cond: ((id >= 5960518) AND (id <= 5960527))

table 6 : explain SELECT c FROM sbtest6 WHERE id BETWEEN 981715 AND 981724
	Index Scan using sbtest6_pkey on sbtest6  (cost=0.43..43.90 rows=10 width=121)
	  Index Cond: ((id >= 981715) AND (id <= 981724))

table 7 : explain SELECT c FROM sbtest7 WHERE id BETWEEN 3101612 AND 3101621
	Index Scan using sbtest7_pkey on sbtest7  (cost=0.43..43.85 rows=10 width=121)
	  Index Cond: ((id >= 3101612) AND (id <= 3101621))

table 8 : explain SELECT c FROM sbtest8 WHERE id BETWEEN 1098200 AND 1098209
	Index Scan using sbtest8_pkey on sbtest8  (cost=0.43..47.91 rows=11 width=121)
	  Index Cond: ((id >= 1098200) AND (id <= 1098209))

for point_selects
table 1 : explain SELECT c FROM sbtest1 WHERE id=6652672
	Index Scan using sbtest1_pkey on sbtest1  (cost=0.43..8.45 rows=1 width=121)
	  Index Cond: (id = 6652672)

table 2 : explain SELECT c FROM sbtest2 WHERE id=9347029
	Index Scan using sbtest2_pkey on sbtest2  (cost=0.43..8.45 rows=1 width=121)
	  Index Cond: (id = 9347029)

table 3 : explain SELECT c FROM sbtest3 WHERE id=5722547
	Index Scan using sbtest3_pkey on sbtest3  (cost=0.43..8.45 rows=1 width=121)
	  Index Cond: (id = 5722547)

table 4 : explain SELECT c FROM sbtest4 WHERE id=7169533
	Index Scan using sbtest4_pkey on sbtest4  (cost=0.43..8.45 rows=1 width=121)
	  Index Cond: (id = 7169533)

table 5 : explain SELECT c FROM sbtest5 WHERE id=8734662
	Index Scan using sbtest5_pkey on sbtest5  (cost=0.43..8.45 rows=1 width=121)
	  Index Cond: (id = 8734662)

table 6 : explain SELECT c FROM sbtest6 WHERE id=1259465
	Index Scan using sbtest6_pkey on sbtest6  (cost=0.43..8.45 rows=1 width=121)
	  Index Cond: (id = 1259465)

table 7 : explain SELECT c FROM sbtest7 WHERE id=4094019
	Index Scan using sbtest7_pkey on sbtest7  (cost=0.43..8.45 rows=1 width=121)
	  Index Cond: (id = 4094019)

table 8 : explain SELECT c FROM sbtest8 WHERE id=3390496
	Index Scan using sbtest8_pkey on sbtest8  (cost=0.43..8.45 rows=1 width=121)
	  Index Cond: (id = 3390496)

for point_selects
table 1 : explain SELECT c FROM sbtest1 WHERE id=6437921
	Index Scan using sbtest1_pkey on sbtest1  (cost=0.43..8.45 rows=1 width=121)
	  Index Cond: (id = 6437921)

table 2 : explain SELECT c FROM sbtest2 WHERE id=4476653
	Index Scan using sbtest2_pkey on sbtest2  (cost=0.43..8.45 rows=1 width=121)
	  Index Cond: (id = 4476653)

table 3 : explain SELECT c FROM sbtest3 WHERE id=2225584
	Index Scan using sbtest3_pkey on sbtest3  (cost=0.43..8.45 rows=1 width=121)
	  Index Cond: (id = 2225584)

table 4 : explain SELECT c FROM sbtest4 WHERE id=9335719
	Index Scan using sbtest4_pkey on sbtest4  (cost=0.43..8.45 rows=1 width=121)
	  Index Cond: (id = 9335719)

table 5 : explain SELECT c FROM sbtest5 WHERE id=6064443
	Index Scan using sbtest5_pkey on sbtest5  (cost=0.43..8.45 rows=1 width=121)
	  Index Cond: (id = 6064443)

table 6 : explain SELECT c FROM sbtest6 WHERE id=381394
	Index Scan using sbtest6_pkey on sbtest6  (cost=0.43..8.45 rows=1 width=121)
	  Index Cond: (id = 381394)

table 7 : explain SELECT c FROM sbtest7 WHERE id=9682676
	Index Scan using sbtest7_pkey on sbtest7  (cost=0.43..8.45 rows=1 width=121)
	  Index Cond: (id = 9682676)

table 8 : explain SELECT c FROM sbtest8 WHERE id=9523754
	Index Scan using sbtest8_pkey on sbtest8  (cost=0.43..8.45 rows=1 width=121)
	  Index Cond: (id = 9523754)

for: simple_ranges
table 1 : explain SELECT c FROM sbtest1 WHERE id BETWEEN 7913873 AND 7913882
	Index Scan using sbtest1_pkey on sbtest1  (cost=0.43..44.00 rows=10 width=121)
	  Index Cond: ((id >= 7913873) AND (id <= 7913882))

table 2 : explain SELECT c FROM sbtest2 WHERE id BETWEEN 8542135 AND 8542144
	Index Scan using sbtest2_pkey on sbtest2  (cost=0.43..44.00 rows=10 width=121)
	  Index Cond: ((id >= 8542135) AND (id <= 8542144))

table 3 : explain SELECT c FROM sbtest3 WHERE id BETWEEN 2124747 AND 2124756
	Index Scan using sbtest3_pkey on sbtest3  (cost=0.43..40.00 rows=9 width=121)
	  Index Cond: ((id >= 2124747) AND (id <= 2124756))

table 4 : explain SELECT c FROM sbtest4 WHERE id BETWEEN 6655869 AND 6655878
	Index Scan using sbtest4_pkey on sbtest4  (cost=0.43..47.86 rows=11 width=121)
	  Index Cond: ((id >= 6655869) AND (id <= 6655878))

table 5 : explain SELECT c FROM sbtest5 WHERE id BETWEEN 1292904 AND 1292913
	Index Scan using sbtest5_pkey on sbtest5  (cost=0.43..47.85 rows=11 width=121)
	  Index Cond: ((id >= 1292904) AND (id <= 1292913))

table 6 : explain SELECT c FROM sbtest6 WHERE id BETWEEN 2391773 AND 2391782
	Index Scan using sbtest6_pkey on sbtest6  (cost=0.43..43.90 rows=10 width=121)
	  Index Cond: ((id >= 2391773) AND (id <= 2391782))

table 7 : explain SELECT c FROM sbtest7 WHERE id BETWEEN 227345 AND 227354
	Index Scan using sbtest7_pkey on sbtest7  (cost=0.43..43.85 rows=10 width=121)
	  Index Cond: ((id >= 227345) AND (id <= 227354))

table 8 : explain SELECT c FROM sbtest8 WHERE id BETWEEN 3271934 AND 3271943
	Index Scan using sbtest8_pkey on sbtest8  (cost=0.43..43.96 rows=10 width=121)
	  Index Cond: ((id >= 3271934) AND (id <= 3271943))

for: sum_ranges
table 1 : explain SELECT SUM(k) FROM sbtest1 WHERE id BETWEEN 3413594 AND 3413603
	Aggregate  (cost=40.08..40.09 rows=1 width=8)
	  ->  Index Scan using sbtest1_pkey on sbtest1  (cost=0.43..40.05 rows=9 width=4)
	        Index Cond: ((id >= 3413594) AND (id <= 3413603))

table 2 : explain SELECT SUM(k) FROM sbtest2 WHERE id BETWEEN 4124517 AND 4124526
	Aggregate  (cost=44.03..44.04 rows=1 width=8)
	  ->  Index Scan using sbtest2_pkey on sbtest2  (cost=0.43..44.00 rows=10 width=4)
	        Index Cond: ((id >= 4124517) AND (id <= 4124526))

table 3 : explain SELECT SUM(k) FROM sbtest3 WHERE id BETWEEN 1909558 AND 1909567
	Aggregate  (cost=43.97..43.98 rows=1 width=8)
	  ->  Index Scan using sbtest3_pkey on sbtest3  (cost=0.43..43.95 rows=10 width=4)
	        Index Cond: ((id >= 1909558) AND (id <= 1909567))

table 4 : explain SELECT SUM(k) FROM sbtest4 WHERE id BETWEEN 6636926 AND 6636935
	Aggregate  (cost=47.89..47.90 rows=1 width=8)
	  ->  Index Scan using sbtest4_pkey on sbtest4  (cost=0.43..47.86 rows=11 width=4)
	        Index Cond: ((id >= 6636926) AND (id <= 6636935))

table 5 : explain SELECT SUM(k) FROM sbtest5 WHERE id BETWEEN 3692149 AND 3692158
	Aggregate  (cost=43.93..43.94 rows=1 width=8)
	  ->  Index Scan using sbtest5_pkey on sbtest5  (cost=0.43..43.91 rows=10 width=4)
	        Index Cond: ((id >= 3692149) AND (id <= 3692158))

table 6 : explain SELECT SUM(k) FROM sbtest6 WHERE id BETWEEN 8310223 AND 8310232
	Aggregate  (cost=47.86..47.87 rows=1 width=8)
	  ->  Index Scan using sbtest6_pkey on sbtest6  (cost=0.43..47.83 rows=11 width=4)
	        Index Cond: ((id >= 8310223) AND (id <= 8310232))

table 7 : explain SELECT SUM(k) FROM sbtest7 WHERE id BETWEEN 6073907 AND 6073916
	Aggregate  (cost=43.87..43.88 rows=1 width=8)
	  ->  Index Scan using sbtest7_pkey on sbtest7  (cost=0.43..43.85 rows=10 width=4)
	        Index Cond: ((id >= 6073907) AND (id <= 6073916))

table 8 : explain SELECT SUM(k) FROM sbtest8 WHERE id BETWEEN 4136500 AND 4136509
	Aggregate  (cost=43.99..44.00 rows=1 width=8)
	  ->  Index Scan using sbtest8_pkey on sbtest8  (cost=0.43..43.96 rows=10 width=4)
	        Index Cond: ((id >= 4136500) AND (id <= 4136509))

for point_selects
table 1 : explain SELECT c FROM sbtest1 WHERE id=7631967
	Index Scan using sbtest1_pkey on sbtest1  (cost=0.43..8.45 rows=1 width=121)
	  Index Cond: (id = 7631967)

table 2 : explain SELECT c FROM sbtest2 WHERE id=1242050
	Index Scan using sbtest2_pkey on sbtest2  (cost=0.43..8.45 rows=1 width=121)
	  Index Cond: (id = 1242050)

table 3 : explain SELECT c FROM sbtest3 WHERE id=3241630
	Index Scan using sbtest3_pkey on sbtest3  (cost=0.43..8.45 rows=1 width=121)
	  Index Cond: (id = 3241630)

table 4 : explain SELECT c FROM sbtest4 WHERE id=8069728
	Index Scan using sbtest4_pkey on sbtest4  (cost=0.43..8.45 rows=1 width=121)
	  Index Cond: (id = 8069728)

table 5 : explain SELECT c FROM sbtest5 WHERE id=9464592
	Index Scan using sbtest5_pkey on sbtest5  (cost=0.43..8.45 rows=1 width=121)
	  Index Cond: (id = 9464592)

table 6 : explain SELECT c FROM sbtest6 WHERE id=6548484
	Index Scan using sbtest6_pkey on sbtest6  (cost=0.43..8.45 rows=1 width=121)
	  Index Cond: (id = 6548484)

table 7 : explain SELECT c FROM sbtest7 WHERE id=812322
	Index Scan using sbtest7_pkey on sbtest7  (cost=0.43..8.45 rows=1 width=121)
	  Index Cond: (id = 812322)

table 8 : explain SELECT c FROM sbtest8 WHERE id=541130
	Index Scan using sbtest8_pkey on sbtest8  (cost=0.43..8.45 rows=1 width=121)
	  Index Cond: (id = 541130)
for: simple_ranges
table 1 : explain SELECT c FROM sbtest1 WHERE id BETWEEN 526060 AND 526069
	Index Scan using sbtest1_pkey on sbtest1  (cost=0.43..44.00 rows=10 width=121)
	  Index Cond: ((id >= 526060) AND (id <= 526069))

table 2 : explain SELECT c FROM sbtest2 WHERE id BETWEEN 8991798 AND 8991807
	Index Scan using sbtest2_pkey on sbtest2  (cost=0.43..44.00 rows=10 width=121)
	  Index Cond: ((id >= 8991798) AND (id <= 8991807))

table 3 : explain SELECT c FROM sbtest3 WHERE id BETWEEN 361379 AND 361388
	Index Scan using sbtest3_pkey on sbtest3  (cost=0.43..47.89 rows=11 width=121)
	  Index Cond: ((id >= 361379) AND (id <= 361388))

table 4 : explain SELECT c FROM sbtest4 WHERE id BETWEEN 37987 AND 37996
	Index Scan using sbtest4_pkey on sbtest4  (cost=0.43..43.92 rows=10 width=121)
	  Index Cond: ((id >= 37987) AND (id <= 37996))

table 5 : explain SELECT c FROM sbtest5 WHERE id BETWEEN 2214583 AND 2214592
	Index Scan using sbtest5_pkey on sbtest5  (cost=0.43..47.85 rows=11 width=121)
	  Index Cond: ((id >= 2214583) AND (id <= 2214592))

table 6 : explain SELECT c FROM sbtest6 WHERE id BETWEEN 8136393 AND 8136402
	Index Scan using sbtest6_pkey on sbtest6  (cost=0.43..43.90 rows=10 width=121)
	  Index Cond: ((id >= 8136393) AND (id <= 8136402))

table 7 : explain SELECT c FROM sbtest7 WHERE id BETWEEN 9506843 AND 9506852
	Index Scan using sbtest7_pkey on sbtest7  (cost=0.43..39.92 rows=9 width=121)
	  Index Cond: ((id >= 9506843) AND (id <= 9506852))

table 8 : explain SELECT c FROM sbtest8 WHERE id BETWEEN 8408484 AND 8408493
	Index Scan using sbtest8_pkey on sbtest8  (cost=0.43..43.96 rows=10 width=121)
	  Index Cond: ((id >= 8408484) AND (id <= 8408493))

for point_selects
table 1 : explain SELECT c FROM sbtest1 WHERE id=4898126
	Index Scan using sbtest1_pkey on sbtest1  (cost=0.43..8.45 rows=1 width=121)
	  Index Cond: (id = 4898126)

table 2 : explain SELECT c FROM sbtest2 WHERE id=3146916
	Index Scan using sbtest2_pkey on sbtest2  (cost=0.43..8.45 rows=1 width=121)
	  Index Cond: (id = 3146916)

table 3 : explain SELECT c FROM sbtest3 WHERE id=6820003
	Index Scan using sbtest3_pkey on sbtest3  (cost=0.43..8.45 rows=1 width=121)
	  Index Cond: (id = 6820003)

table 4 : explain SELECT c FROM sbtest4 WHERE id=9826518
	Index Scan using sbtest4_pkey on sbtest4  (cost=0.43..8.45 rows=1 width=121)
	  Index Cond: (id = 9826518)

table 5 : explain SELECT c FROM sbtest5 WHERE id=3058500
	Index Scan using sbtest5_pkey on sbtest5  (cost=0.43..8.45 rows=1 width=121)
	  Index Cond: (id = 3058500)

table 6 : explain SELECT c FROM sbtest6 WHERE id=8732606
	Index Scan using sbtest6_pkey on sbtest6  (cost=0.43..8.45 rows=1 width=121)
	  Index Cond: (id = 8732606)

table 7 : explain SELECT c FROM sbtest7 WHERE id=6379193
	Index Scan using sbtest7_pkey on sbtest7  (cost=0.43..8.45 rows=1 width=121)
	  Index Cond: (id = 6379193)

table 8 : explain SELECT c FROM sbtest8 WHERE id=3690934
	Index Scan using sbtest8_pkey on sbtest8  (cost=0.43..8.45 rows=1 width=121)
	  Index Cond: (id = 3690934)

for point_selects
table 1 : explain SELECT c FROM sbtest1 WHERE id=7568110
	Index Scan using sbtest1_pkey on sbtest1  (cost=0.43..8.45 rows=1 width=121)
	  Index Cond: (id = 7568110)

table 2 : explain SELECT c FROM sbtest2 WHERE id=1542554
	Index Scan using sbtest2_pkey on sbtest2  (cost=0.43..8.45 rows=1 width=121)
	  Index Cond: (id = 1542554)

table 3 : explain SELECT c FROM sbtest3 WHERE id=7016437
	Index Scan using sbtest3_pkey on sbtest3  (cost=0.43..8.45 rows=1 width=121)
	  Index Cond: (id = 7016437)

table 4 : explain SELECT c FROM sbtest4 WHERE id=8464545
	Index Scan using sbtest4_pkey on sbtest4  (cost=0.43..8.45 rows=1 width=121)
	  Index Cond: (id = 8464545)

table 5 : explain SELECT c FROM sbtest5 WHERE id=7057494
	Index Scan using sbtest5_pkey on sbtest5  (cost=0.43..8.45 rows=1 width=121)
	  Index Cond: (id = 7057494)

table 6 : explain SELECT c FROM sbtest6 WHERE id=3607195
	Index Scan using sbtest6_pkey on sbtest6  (cost=0.43..8.45 rows=1 width=121)
	  Index Cond: (id = 3607195)

table 7 : explain SELECT c FROM sbtest7 WHERE id=7598016
	Index Scan using sbtest7_pkey on sbtest7  (cost=0.43..8.45 rows=1 width=121)
	  Index Cond: (id = 7598016)

table 8 : explain SELECT c FROM sbtest8 WHERE id=121333
	Index Scan using sbtest8_pkey on sbtest8  (cost=0.43..8.45 rows=1 width=121)
	  Index Cond: (id = 121333)


for point_selects
table 1 : explain SELECT c FROM sbtest1 WHERE id=7552201
	Index Scan using sbtest1_pkey on sbtest1  (cost=0.43..8.45 rows=1 width=121)
	  Index Cond: (id = 7552201)

table 2 : explain SELECT c FROM sbtest2 WHERE id=2379846
	Index Scan using sbtest2_pkey on sbtest2  (cost=0.43..8.45 rows=1 width=121)
	  Index Cond: (id = 2379846)

table 3 : explain SELECT c FROM sbtest3 WHERE id=2101051
	Index Scan using sbtest3_pkey on sbtest3  (cost=0.43..8.45 rows=1 width=121)
	  Index Cond: (id = 2101051)

table 4 : explain SELECT c FROM sbtest4 WHERE id=9112948
	Index Scan using sbtest4_pkey on sbtest4  (cost=0.43..8.45 rows=1 width=121)
	  Index Cond: (id = 9112948)

table 5 : explain SELECT c FROM sbtest5 WHERE id=4277392
	Index Scan using sbtest5_pkey on sbtest5  (cost=0.43..8.45 rows=1 width=121)
	  Index Cond: (id = 4277392)

table 6 : explain SELECT c FROM sbtest6 WHERE id=1070239
	Index Scan using sbtest6_pkey on sbtest6  (cost=0.43..8.45 rows=1 width=121)
	  Index Cond: (id = 1070239)

table 7 : explain SELECT c FROM sbtest7 WHERE id=2961953
	Index Scan using sbtest7_pkey on sbtest7  (cost=0.43..8.45 rows=1 width=121)
	  Index Cond: (id = 2961953)

table 8 : explain SELECT c FROM sbtest8 WHERE id=3903214
	Index Scan using sbtest8_pkey on sbtest8  (cost=0.43..8.45 rows=1 width=121)
	  Index Cond: (id = 3903214)

for: sum_ranges
table 1 : explain SELECT SUM(k) FROM sbtest1 WHERE id BETWEEN 6747384 AND 6747393
	Aggregate  (cost=44.03..44.04 rows=1 width=8)
	  ->  Index Scan using sbtest1_pkey on sbtest1  (cost=0.43..44.00 rows=10 width=4)
	        Index Cond: ((id >= 6747384) AND (id <= 6747393))

table 2 : explain SELECT SUM(k) FROM sbtest2 WHERE id BETWEEN 4286256 AND 4286265
	Aggregate  (cost=44.03..44.04 rows=1 width=8)
	  ->  Index Scan using sbtest2_pkey on sbtest2  (cost=0.43..44.00 rows=10 width=4)
	        Index Cond: ((id >= 4286256) AND (id <= 4286265))

table 3 : explain SELECT SUM(k) FROM sbtest3 WHERE id BETWEEN 8128126 AND 8128135
	Aggregate  (cost=43.97..43.98 rows=1 width=8)
	  ->  Index Scan using sbtest3_pkey on sbtest3  (cost=0.43..43.95 rows=10 width=4)
	        Index Cond: ((id >= 8128126) AND (id <= 8128135))

table 4 : explain SELECT SUM(k) FROM sbtest4 WHERE id BETWEEN 9356729 AND 9356738
	Aggregate  (cost=43.94..43.95 rows=1 width=8)
	  ->  Index Scan using sbtest4_pkey on sbtest4  (cost=0.43..43.92 rows=10 width=4)
	        Index Cond: ((id >= 9356729) AND (id <= 9356738))

table 5 : explain SELECT SUM(k) FROM sbtest5 WHERE id BETWEEN 1997198 AND 1997207
	Aggregate  (cost=47.88..47.89 rows=1 width=8)
	  ->  Index Scan using sbtest5_pkey on sbtest5  (cost=0.43..47.85 rows=11 width=4)
	        Index Cond: ((id >= 1997198) AND (id <= 1997207))

table 6 : explain SELECT SUM(k) FROM sbtest6 WHERE id BETWEEN 3467857 AND 3467866
	Aggregate  (cost=43.92..43.93 rows=1 width=8)
	  ->  Index Scan using sbtest6_pkey on sbtest6  (cost=0.43..43.90 rows=10 width=4)
	        Index Cond: ((id >= 3467857) AND (id <= 3467866))

table 7 : explain SELECT SUM(k) FROM sbtest7 WHERE id BETWEEN 5315525 AND 5315534
	Aggregate  (cost=43.87..43.88 rows=1 width=8)
	  ->  Index Scan using sbtest7_pkey on sbtest7  (cost=0.43..43.85 rows=10 width=4)
	        Index Cond: ((id >= 5315525) AND (id <= 5315534))

table 8 : explain SELECT SUM(k) FROM sbtest8 WHERE id BETWEEN 3864831 AND 3864840
	Aggregate  (cost=43.99..44.00 rows=1 width=8)
	  ->  Index Scan using sbtest8_pkey on sbtest8  (cost=0.43..43.96 rows=10 width=4)
	        Index Cond: ((id >= 3864831) AND (id <= 3864840))
for: simple_ranges
table 1 : explain SELECT c FROM sbtest1 WHERE id BETWEEN 7859638 AND 7859647
	Index Scan using sbtest1_pkey on sbtest1  (cost=0.43..47.95 rows=11 width=121)
	  Index Cond: ((id >= 7859638) AND (id <= 7859647))

table 2 : explain SELECT c FROM sbtest2 WHERE id BETWEEN 9313425 AND 9313434
	Index Scan using sbtest2_pkey on sbtest2  (cost=0.43..47.95 rows=11 width=121)
	  Index Cond: ((id >= 9313425) AND (id <= 9313434))

table 3 : explain SELECT c FROM sbtest3 WHERE id BETWEEN 4852244 AND 4852253
	Index Scan using sbtest3_pkey on sbtest3  (cost=0.43..43.95 rows=10 width=121)
	  Index Cond: ((id >= 4852244) AND (id <= 4852253))

table 4 : explain SELECT c FROM sbtest4 WHERE id BETWEEN 1508264 AND 1508273
	Index Scan using sbtest4_pkey on sbtest4  (cost=0.43..43.92 rows=10 width=121)
	  Index Cond: ((id >= 1508264) AND (id <= 1508273))

table 5 : explain SELECT c FROM sbtest5 WHERE id BETWEEN 2330560 AND 2330569
	Index Scan using sbtest5_pkey on sbtest5  (cost=0.43..43.91 rows=10 width=121)
	  Index Cond: ((id >= 2330560) AND (id <= 2330569))

table 6 : explain SELECT c FROM sbtest6 WHERE id BETWEEN 5821327 AND 5821336
	Index Scan using sbtest6_pkey on sbtest6  (cost=0.43..43.90 rows=10 width=121)
	  Index Cond: ((id >= 5821327) AND (id <= 5821336))

table 7 : explain SELECT c FROM sbtest7 WHERE id BETWEEN 8222989 AND 8222998
	Index Scan using sbtest7_pkey on sbtest7  (cost=0.43..47.78 rows=11 width=121)
	  Index Cond: ((id >= 8222989) AND (id <= 8222998))

table 8 : explain SELECT c FROM sbtest8 WHERE id BETWEEN 4364762 AND 4364771
	Index Scan using sbtest8_pkey on sbtest8  (cost=0.43..40.02 rows=9 width=121)
	  Index Cond: ((id >= 4364762) AND (id <= 4364771))

for: simple_ranges
table 1 : explain SELECT c FROM sbtest1 WHERE id BETWEEN 6820887 AND 6820896
	Index Scan using sbtest1_pkey on sbtest1  (cost=0.43..44.00 rows=10 width=121)
	  Index Cond: ((id >= 6820887) AND (id <= 6820896))

table 2 : explain SELECT c FROM sbtest2 WHERE id BETWEEN 913840 AND 913849
	Index Scan using sbtest2_pkey on sbtest2  (cost=0.43..44.00 rows=10 width=121)
	  Index Cond: ((id >= 913840) AND (id <= 913849))

table 3 : explain SELECT c FROM sbtest3 WHERE id BETWEEN 5316172 AND 5316181
	Index Scan using sbtest3_pkey on sbtest3  (cost=0.43..47.89 rows=11 width=121)
	  Index Cond: ((id >= 5316172) AND (id <= 5316181))

table 4 : explain SELECT c FROM sbtest4 WHERE id BETWEEN 9324752 AND 9324761
	Index Scan using sbtest4_pkey on sbtest4  (cost=0.43..43.92 rows=10 width=121)
	  Index Cond: ((id >= 9324752) AND (id <= 9324761))

table 5 : explain SELECT c FROM sbtest5 WHERE id BETWEEN 280273 AND 280282
	Index Scan using sbtest5_pkey on sbtest5  (cost=0.43..39.97 rows=9 width=121)
	  Index Cond: ((id >= 280273) AND (id <= 280282))

table 6 : explain SELECT c FROM sbtest6 WHERE id BETWEEN 5402329 AND 5402338
	Index Scan using sbtest6_pkey on sbtest6  (cost=0.43..43.90 rows=10 width=121)
	  Index Cond: ((id >= 5402329) AND (id <= 5402338))

table 7 : explain SELECT c FROM sbtest7 WHERE id BETWEEN 5040313 AND 5040322
	Index Scan using sbtest7_pkey on sbtest7  (cost=0.43..43.85 rows=10 width=121)
	  Index Cond: ((id >= 5040313) AND (id <= 5040322))

table 8 : explain SELECT c FROM sbtest8 WHERE id BETWEEN 4083373 AND 4083382
	Index Scan using sbtest8_pkey on sbtest8  (cost=0.43..43.96 rows=10 width=121)
	  Index Cond: ((id >= 4083373) AND (id <= 4083382))


for: sum_ranges
table 1 : explain SELECT SUM(k) FROM sbtest1 WHERE id BETWEEN 2833079 AND 2833088
	Aggregate  (cost=44.03..44.04 rows=1 width=8)
	  ->  Index Scan using sbtest1_pkey on sbtest1  (cost=0.43..44.00 rows=10 width=4)
	        Index Cond: ((id >= 2833079) AND (id <= 2833088))

table 2 : explain SELECT SUM(k) FROM sbtest2 WHERE id BETWEEN 3803474 AND 3803483
	Aggregate  (cost=47.98..47.99 rows=1 width=8)
	  ->  Index Scan using sbtest2_pkey on sbtest2  (cost=0.43..47.95 rows=11 width=4)
	        Index Cond: ((id >= 3803474) AND (id <= 3803483))

table 3 : explain SELECT SUM(k) FROM sbtest3 WHERE id BETWEEN 5905969 AND 5905978
	Aggregate  (cost=43.97..43.98 rows=1 width=8)
	  ->  Index Scan using sbtest3_pkey on sbtest3  (cost=0.43..43.95 rows=10 width=4)
	        Index Cond: ((id >= 5905969) AND (id <= 5905978))

table 4 : explain SELECT SUM(k) FROM sbtest4 WHERE id BETWEEN 2960505 AND 2960514
	Aggregate  (cost=40.00..40.01 rows=1 width=8)
	  ->  Index Scan using sbtest4_pkey on sbtest4  (cost=0.43..39.98 rows=9 width=4)
	        Index Cond: ((id >= 2960505) AND (id <= 2960514))

table 5 : explain SELECT SUM(k) FROM sbtest5 WHERE id BETWEEN 3375400 AND 3375409
	Aggregate  (cost=43.93..43.94 rows=1 width=8)
	  ->  Index Scan using sbtest5_pkey on sbtest5  (cost=0.43..43.91 rows=10 width=4)
	        Index Cond: ((id >= 3375400) AND (id <= 3375409))

table 6 : explain SELECT SUM(k) FROM sbtest6 WHERE id BETWEEN 6071578 AND 6071587
	Aggregate  (cost=43.92..43.93 rows=1 width=8)
	  ->  Index Scan using sbtest6_pkey on sbtest6  (cost=0.43..43.90 rows=10 width=4)
	        Index Cond: ((id >= 6071578) AND (id <= 6071587))

table 7 : explain SELECT SUM(k) FROM sbtest7 WHERE id BETWEEN 8199055 AND 8199064
	Aggregate  (cost=47.81..47.82 rows=1 width=8)
	  ->  Index Scan using sbtest7_pkey on sbtest7  (cost=0.43..47.78 rows=11 width=4)
	        Index Cond: ((id >= 8199055) AND (id <= 8199064))

table 8 : explain SELECT SUM(k) FROM sbtest8 WHERE id BETWEEN 9410268 AND 9410277
	Aggregate  (cost=40.04..40.05 rows=1 width=8)
	  ->  Index Scan using sbtest8_pkey on sbtest8  (cost=0.43..40.02 rows=9 width=4)
	        Index Cond: ((id >= 9410268) AND (id <= 9410277))

for: sum_ranges
table 1 : explain SELECT SUM(k) FROM sbtest1 WHERE id BETWEEN 6817480 AND 6817489
	Aggregate  (cost=44.03..44.04 rows=1 width=8)
	  ->  Index Scan using sbtest1_pkey on sbtest1  (cost=0.43..44.00 rows=10 width=4)
	        Index Cond: ((id >= 6817480) AND (id <= 6817489))

table 2 : explain SELECT SUM(k) FROM sbtest2 WHERE id BETWEEN 2599171 AND 2599180
	Aggregate  (cost=44.03..44.04 rows=1 width=8)
	  ->  Index Scan using sbtest2_pkey on sbtest2  (cost=0.43..44.00 rows=10 width=4)
	        Index Cond: ((id >= 2599171) AND (id <= 2599180))

table 3 : explain SELECT SUM(k) FROM sbtest3 WHERE id BETWEEN 2865539 AND 2865548
	Aggregate  (cost=43.97..43.98 rows=1 width=8)
	  ->  Index Scan using sbtest3_pkey on sbtest3  (cost=0.43..43.95 rows=10 width=4)
	        Index Cond: ((id >= 2865539) AND (id <= 2865548))

table 4 : explain SELECT SUM(k) FROM sbtest4 WHERE id BETWEEN 4264408 AND 4264417
	Aggregate  (cost=43.94..43.95 rows=1 width=8)
	  ->  Index Scan using sbtest4_pkey on sbtest4  (cost=0.43..43.92 rows=10 width=4)
	        Index Cond: ((id >= 4264408) AND (id <= 4264417))

table 5 : explain SELECT SUM(k) FROM sbtest5 WHERE id BETWEEN 659346 AND 659355
	Aggregate  (cost=43.93..43.94 rows=1 width=8)
	  ->  Index Scan using sbtest5_pkey on sbtest5  (cost=0.43..43.91 rows=10 width=4)
	        Index Cond: ((id >= 659346) AND (id <= 659355))

table 6 : explain SELECT SUM(k) FROM sbtest6 WHERE id BETWEEN 3388849 AND 3388858
	Aggregate  (cost=51.80..51.81 rows=1 width=8)
	  ->  Index Scan using sbtest6_pkey on sbtest6  (cost=0.43..51.77 rows=12 width=4)
	        Index Cond: ((id >= 3388849) AND (id <= 3388858))

table 7 : explain SELECT SUM(k) FROM sbtest7 WHERE id BETWEEN 5193389 AND 5193398
	Aggregate  (cost=43.87..43.88 rows=1 width=8)
	  ->  Index Scan using sbtest7_pkey on sbtest7  (cost=0.43..43.85 rows=10 width=4)
	        Index Cond: ((id >= 5193389) AND (id <= 5193398))

table 8 : explain SELECT SUM(k) FROM sbtest8 WHERE id BETWEEN 7380626 AND 7380635
	Aggregate  (cost=43.99..44.00 rows=1 width=8)
	  ->  Index Scan using sbtest8_pkey on sbtest8  (cost=0.43..43.96 rows=10 width=4)
	        Index Cond: ((id >= 7380626) AND (id <= 7380635))

for point_selects
table 1 : explain SELECT c FROM sbtest1 WHERE id=4398874
	Index Scan using sbtest1_pkey on sbtest1  (cost=0.43..8.45 rows=1 width=121)
	  Index Cond: (id = 4398874)

table 2 : explain SELECT c FROM sbtest2 WHERE id=6610997
	Index Scan using sbtest2_pkey on sbtest2  (cost=0.43..8.45 rows=1 width=121)
	  Index Cond: (id = 6610997)

table 3 : explain SELECT c FROM sbtest3 WHERE id=4508914
	Index Scan using sbtest3_pkey on sbtest3  (cost=0.43..8.45 rows=1 width=121)
	  Index Cond: (id = 4508914)

table 4 : explain SELECT c FROM sbtest4 WHERE id=665396
	Index Scan using sbtest4_pkey on sbtest4  (cost=0.43..8.45 rows=1 width=121)
	  Index Cond: (id = 665396)

table 5 : explain SELECT c FROM sbtest5 WHERE id=6455379
	Index Scan using sbtest5_pkey on sbtest5  (cost=0.43..8.45 rows=1 width=121)
	  Index Cond: (id = 6455379)

table 6 : explain SELECT c FROM sbtest6 WHERE id=3812242
	Index Scan using sbtest6_pkey on sbtest6  (cost=0.43..8.45 rows=1 width=121)
	  Index Cond: (id = 3812242)

table 7 : explain SELECT c FROM sbtest7 WHERE id=6370633
	Index Scan using sbtest7_pkey on sbtest7  (cost=0.43..8.45 rows=1 width=121)
	  Index Cond: (id = 6370633)

table 8 : explain SELECT c FROM sbtest8 WHERE id=6864257
	Index Scan using sbtest8_pkey on sbtest8  (cost=0.43..8.45 rows=1 width=121)
	  Index Cond: (id = 6864257)

for: sum_ranges
table 1 : explain SELECT SUM(k) FROM sbtest1 WHERE id BETWEEN 6928107 AND 6928116
	Aggregate  (cost=44.03..44.04 rows=1 width=8)
	  ->  Index Scan using sbtest1_pkey on sbtest1  (cost=0.43..44.00 rows=10 width=4)
	        Index Cond: ((id >= 6928107) AND (id <= 6928116))

table 2 : explain SELECT SUM(k) FROM sbtest2 WHERE id BETWEEN 1694939 AND 1694948
	Aggregate  (cost=44.03..44.04 rows=1 width=8)
	  ->  Index Scan using sbtest2_pkey on sbtest2  (cost=0.43..44.00 rows=10 width=4)
	        Index Cond: ((id >= 1694939) AND (id <= 1694948))

table 3 : explain SELECT SUM(k) FROM sbtest3 WHERE id BETWEEN 7213016 AND 7213025
	Aggregate  (cost=43.97..43.98 rows=1 width=8)
	  ->  Index Scan using sbtest3_pkey on sbtest3  (cost=0.43..43.95 rows=10 width=4)
	        Index Cond: ((id >= 7213016) AND (id <= 7213025))

table 4 : explain SELECT SUM(k) FROM sbtest4 WHERE id BETWEEN 7653532 AND 7653541
	Aggregate  (cost=43.94..43.95 rows=1 width=8)
	  ->  Index Scan using sbtest4_pkey on sbtest4  (cost=0.43..43.92 rows=10 width=4)
	        Index Cond: ((id >= 7653532) AND (id <= 7653541))

table 5 : explain SELECT SUM(k) FROM sbtest5 WHERE id BETWEEN 2180221 AND 2180230
	Aggregate  (cost=47.88..47.89 rows=1 width=8)
	  ->  Index Scan using sbtest5_pkey on sbtest5  (cost=0.43..47.85 rows=11 width=4)
	        Index Cond: ((id >= 2180221) AND (id <= 2180230))

table 6 : explain SELECT SUM(k) FROM sbtest6 WHERE id BETWEEN 5605744 AND 5605753
	Aggregate  (cost=47.86..47.87 rows=1 width=8)
	  ->  Index Scan using sbtest6_pkey on sbtest6  (cost=0.43..47.83 rows=11 width=4)
	        Index Cond: ((id >= 5605744) AND (id <= 5605753))

table 7 : explain SELECT SUM(k) FROM sbtest7 WHERE id BETWEEN 7489435 AND 7489444
	Aggregate  (cost=43.87..43.88 rows=1 width=8)
	  ->  Index Scan using sbtest7_pkey on sbtest7  (cost=0.43..43.85 rows=10 width=4)
	        Index Cond: ((id >= 7489435) AND (id <= 7489444))

table 8 : explain SELECT SUM(k) FROM sbtest8 WHERE id BETWEEN 3768823 AND 3768832
	Aggregate  (cost=43.99..44.00 rows=1 width=8)
	  ->  Index Scan using sbtest8_pkey on sbtest8  (cost=0.43..43.96 rows=10 width=4)
	        Index Cond: ((id >= 3768823) AND (id <= 3768832))

for point_selects
table 1 : explain SELECT c FROM sbtest1 WHERE id=5494593
	Index Scan using sbtest1_pkey on sbtest1  (cost=0.43..8.45 rows=1 width=121)
	  Index Cond: (id = 5494593)

table 2 : explain SELECT c FROM sbtest2 WHERE id=6262747
	Index Scan using sbtest2_pkey on sbtest2  (cost=0.43..8.45 rows=1 width=121)
	  Index Cond: (id = 6262747)

table 3 : explain SELECT c FROM sbtest3 WHERE id=5549018
	Index Scan using sbtest3_pkey on sbtest3  (cost=0.43..8.45 rows=1 width=121)
	  Index Cond: (id = 5549018)

table 4 : explain SELECT c FROM sbtest4 WHERE id=5132366
	Index Scan using sbtest4_pkey on sbtest4  (cost=0.43..8.45 rows=1 width=121)
	  Index Cond: (id = 5132366)

table 5 : explain SELECT c FROM sbtest5 WHERE id=4023
	Index Scan using sbtest5_pkey on sbtest5  (cost=0.43..8.45 rows=1 width=121)
	  Index Cond: (id = 4023)

table 6 : explain SELECT c FROM sbtest6 WHERE id=9131178
	Index Scan using sbtest6_pkey on sbtest6  (cost=0.43..8.45 rows=1 width=121)
	  Index Cond: (id = 9131178)

table 7 : explain SELECT c FROM sbtest7 WHERE id=954488
	Index Scan using sbtest7_pkey on sbtest7  (cost=0.43..8.45 rows=1 width=121)
	  Index Cond: (id = 954488)

table 8 : explain SELECT c FROM sbtest8 WHERE id=5450196
	Index Scan using sbtest8_pkey on sbtest8  (cost=0.43..8.45 rows=1 width=121)
	  Index Cond: (id = 5450196)

for point_selects
table 1 : explain SELECT c FROM sbtest1 WHERE id=1773180
	Index Scan using sbtest1_pkey on sbtest1  (cost=0.43..8.45 rows=1 width=121)
	  Index Cond: (id = 1773180)

table 2 : explain SELECT c FROM sbtest2 WHERE id=6211812
	Index Scan using sbtest2_pkey on sbtest2  (cost=0.43..8.45 rows=1 width=121)
	  Index Cond: (id = 6211812)

table 3 : explain SELECT c FROM sbtest3 WHERE id=4126725
	Index Scan using sbtest3_pkey on sbtest3  (cost=0.43..8.45 rows=1 width=121)
	  Index Cond: (id = 4126725)

table 4 : explain SELECT c FROM sbtest4 WHERE id=170779
	Index Scan using sbtest4_pkey on sbtest4  (cost=0.43..8.45 rows=1 width=121)
	  Index Cond: (id = 170779)

table 5 : explain SELECT c FROM sbtest5 WHERE id=1997002
	Index Scan using sbtest5_pkey on sbtest5  (cost=0.43..8.45 rows=1 width=121)
	  Index Cond: (id = 1997002)

table 6 : explain SELECT c FROM sbtest6 WHERE id=1889698
	Index Scan using sbtest6_pkey on sbtest6  (cost=0.43..8.45 rows=1 width=121)
	  Index Cond: (id = 1889698)

table 7 : explain SELECT c FROM sbtest7 WHERE id=8640911
	Index Scan using sbtest7_pkey on sbtest7  (cost=0.43..8.45 rows=1 width=121)
	  Index Cond: (id = 8640911)

table 8 : explain SELECT c FROM sbtest8 WHERE id=1901874
	Index Scan using sbtest8_pkey on sbtest8  (cost=0.43..8.45 rows=1 width=121)
	  Index Cond: (id = 1901874)

for: sum_ranges
table 1 : explain SELECT SUM(k) FROM sbtest1 WHERE id BETWEEN 3380465 AND 3380474
	Aggregate  (cost=44.03..44.04 rows=1 width=8)
	  ->  Index Scan using sbtest1_pkey on sbtest1  (cost=0.43..44.00 rows=10 width=4)
	        Index Cond: ((id >= 3380465) AND (id <= 3380474))

table 2 : explain SELECT SUM(k) FROM sbtest2 WHERE id BETWEEN 7901911 AND 7901920
	Aggregate  (cost=44.03..44.04 rows=1 width=8)
	  ->  Index Scan using sbtest2_pkey on sbtest2  (cost=0.43..44.00 rows=10 width=4)
	        Index Cond: ((id >= 7901911) AND (id <= 7901920))

table 3 : explain SELECT SUM(k) FROM sbtest3 WHERE id BETWEEN 9913856 AND 9913865
	Aggregate  (cost=43.97..43.98 rows=1 width=8)
	  ->  Index Scan using sbtest3_pkey on sbtest3  (cost=0.43..43.95 rows=10 width=4)
	        Index Cond: ((id >= 9913856) AND (id <= 9913865))

table 4 : explain SELECT SUM(k) FROM sbtest4 WHERE id BETWEEN 4305051 AND 4305060
	Aggregate  (cost=47.89..47.90 rows=1 width=8)
	  ->  Index Scan using sbtest4_pkey on sbtest4  (cost=0.43..47.86 rows=11 width=4)
	        Index Cond: ((id >= 4305051) AND (id <= 4305060))

table 5 : explain SELECT SUM(k) FROM sbtest5 WHERE id BETWEEN 5683740 AND 5683749
	Aggregate  (cost=43.93..43.94 rows=1 width=8)
	  ->  Index Scan using sbtest5_pkey on sbtest5  (cost=0.43..43.91 rows=10 width=4)
	        Index Cond: ((id >= 5683740) AND (id <= 5683749))

table 6 : explain SELECT SUM(k) FROM sbtest6 WHERE id BETWEEN 6365509 AND 6365518
	Aggregate  (cost=43.92..43.93 rows=1 width=8)
	  ->  Index Scan using sbtest6_pkey on sbtest6  (cost=0.43..43.90 rows=10 width=4)
	        Index Cond: ((id >= 6365509) AND (id <= 6365518))

table 7 : explain SELECT SUM(k) FROM sbtest7 WHERE id BETWEEN 7726384 AND 7726393
	Aggregate  (cost=43.87..43.88 rows=1 width=8)
	  ->  Index Scan using sbtest7_pkey on sbtest7  (cost=0.43..43.85 rows=10 width=4)
	        Index Cond: ((id >= 7726384) AND (id <= 7726393))

table 8 : explain SELECT SUM(k) FROM sbtest8 WHERE id BETWEEN 7136873 AND 7136882
	Aggregate  (cost=40.04..40.05 rows=1 width=8)
	  ->  Index Scan using sbtest8_pkey on sbtest8  (cost=0.43..40.02 rows=9 width=4)
	        Index Cond: ((id >= 7136873) AND (id <= 7136882))

for: sum_ranges
table 1 : explain SELECT SUM(k) FROM sbtest1 WHERE id BETWEEN 9593277 AND 9593286
	Aggregate  (cost=47.98..47.99 rows=1 width=8)
	  ->  Index Scan using sbtest1_pkey on sbtest1  (cost=0.43..47.95 rows=11 width=4)
	        Index Cond: ((id >= 9593277) AND (id <= 9593286))

table 2 : explain SELECT SUM(k) FROM sbtest2 WHERE id BETWEEN 6774357 AND 6774366
	Aggregate  (cost=44.03..44.04 rows=1 width=8)
	  ->  Index Scan using sbtest2_pkey on sbtest2  (cost=0.43..44.00 rows=10 width=4)
	        Index Cond: ((id >= 6774357) AND (id <= 6774366))

table 3 : explain SELECT SUM(k) FROM sbtest3 WHERE id BETWEEN 2105944 AND 2105953
	Aggregate  (cost=40.03..40.04 rows=1 width=8)
	  ->  Index Scan using sbtest3_pkey on sbtest3  (cost=0.43..40.00 rows=9 width=4)
	        Index Cond: ((id >= 2105944) AND (id <= 2105953))

table 4 : explain SELECT SUM(k) FROM sbtest4 WHERE id BETWEEN 706670 AND 706679
	Aggregate  (cost=47.89..47.90 rows=1 width=8)
	  ->  Index Scan using sbtest4_pkey on sbtest4  (cost=0.43..47.86 rows=11 width=4)
	        Index Cond: ((id >= 706670) AND (id <= 706679))

table 5 : explain SELECT SUM(k) FROM sbtest5 WHERE id BETWEEN 1607175 AND 1607184
	Aggregate  (cost=39.99..40.00 rows=1 width=8)
	  ->  Index Scan using sbtest5_pkey on sbtest5  (cost=0.43..39.97 rows=9 width=4)
	        Index Cond: ((id >= 1607175) AND (id <= 1607184))

table 6 : explain SELECT SUM(k) FROM sbtest6 WHERE id BETWEEN 5341460 AND 5341469
	Aggregate  (cost=43.92..43.93 rows=1 width=8)
	  ->  Index Scan using sbtest6_pkey on sbtest6  (cost=0.43..43.90 rows=10 width=4)
	        Index Cond: ((id >= 5341460) AND (id <= 5341469))

table 7 : explain SELECT SUM(k) FROM sbtest7 WHERE id BETWEEN 6242563 AND 6242572
	Aggregate  (cost=43.87..43.88 rows=1 width=8)
	  ->  Index Scan using sbtest7_pkey on sbtest7  (cost=0.43..43.85 rows=10 width=4)
	        Index Cond: ((id >= 6242563) AND (id <= 6242572))

table 8 : explain SELECT SUM(k) FROM sbtest8 WHERE id BETWEEN 1302478 AND 1302487
	Aggregate  (cost=43.99..44.00 rows=1 width=8)
	  ->  Index Scan using sbtest8_pkey on sbtest8  (cost=0.43..43.96 rows=10 width=4)
	        Index Cond: ((id >= 1302478) AND (id <= 1302487))

for: simple_ranges
table 1 : explain SELECT c FROM sbtest1 WHERE id BETWEEN 2597622 AND 2597631
	Index Scan using sbtest1_pkey on sbtest1  (cost=0.43..44.00 rows=10 width=121)
	  Index Cond: ((id >= 2597622) AND (id <= 2597631))

table 2 : explain SELECT c FROM sbtest2 WHERE id BETWEEN 6480232 AND 6480241
	Index Scan using sbtest2_pkey on sbtest2  (cost=0.43..44.00 rows=10 width=121)
	  Index Cond: ((id >= 6480232) AND (id <= 6480241))

table 3 : explain SELECT c FROM sbtest3 WHERE id BETWEEN 4295781 AND 4295790
	Index Scan using sbtest3_pkey on sbtest3  (cost=0.43..43.95 rows=10 width=121)
	  Index Cond: ((id >= 4295781) AND (id <= 4295790))

table 4 : explain SELECT c FROM sbtest4 WHERE id BETWEEN 8090774 AND 8090783
	Index Scan using sbtest4_pkey on sbtest4  (cost=0.43..47.86 rows=11 width=121)
	  Index Cond: ((id >= 8090774) AND (id <= 8090783))

table 5 : explain SELECT c FROM sbtest5 WHERE id BETWEEN 2176119 AND 2176128
	Index Scan using sbtest5_pkey on sbtest5  (cost=0.43..47.85 rows=11 width=121)
	  Index Cond: ((id >= 2176119) AND (id <= 2176128))

table 6 : explain SELECT c FROM sbtest6 WHERE id BETWEEN 307479 AND 307488
	Index Scan using sbtest6_pkey on sbtest6  (cost=0.43..47.83 rows=11 width=121)
	  Index Cond: ((id >= 307479) AND (id <= 307488))

table 7 : explain SELECT c FROM sbtest7 WHERE id BETWEEN 7972495 AND 7972504
	Index Scan using sbtest7_pkey on sbtest7  (cost=0.43..39.92 rows=9 width=121)
	  Index Cond: ((id >= 7972495) AND (id <= 7972504))

table 8 : explain SELECT c FROM sbtest8 WHERE id BETWEEN 6439622 AND 6439631
	Index Scan using sbtest8_pkey on sbtest8  (cost=0.43..43.96 rows=10 width=121)
	  Index Cond: ((id >= 6439622) AND (id <= 6439631))

for: sum_ranges
table 1 : explain SELECT SUM(k) FROM sbtest1 WHERE id BETWEEN 4215381 AND 4215390
	Aggregate  (cost=44.03..44.04 rows=1 width=8)
	  ->  Index Scan using sbtest1_pkey on sbtest1  (cost=0.43..44.00 rows=10 width=4)
	        Index Cond: ((id >= 4215381) AND (id <= 4215390))

table 2 : explain SELECT SUM(k) FROM sbtest2 WHERE id BETWEEN 3246980 AND 3246989
	Aggregate  (cost=44.03..44.04 rows=1 width=8)
	  ->  Index Scan using sbtest2_pkey on sbtest2  (cost=0.43..44.00 rows=10 width=4)
	        Index Cond: ((id >= 3246980) AND (id <= 3246989))

table 3 : explain SELECT SUM(k) FROM sbtest3 WHERE id BETWEEN 2996375 AND 2996384
	Aggregate  (cost=51.87..51.88 rows=1 width=8)
	  ->  Index Scan using sbtest3_pkey on sbtest3  (cost=0.43..51.84 rows=12 width=4)
	        Index Cond: ((id >= 2996375) AND (id <= 2996384))

table 4 : explain SELECT SUM(k) FROM sbtest4 WHERE id BETWEEN 2601171 AND 2601180
	Aggregate  (cost=47.89..47.90 rows=1 width=8)
	  ->  Index Scan using sbtest4_pkey on sbtest4  (cost=0.43..47.86 rows=11 width=4)
	        Index Cond: ((id >= 2601171) AND (id <= 2601180))

table 5 : explain SELECT SUM(k) FROM sbtest5 WHERE id BETWEEN 8297486 AND 8297495
	Aggregate  (cost=43.93..43.94 rows=1 width=8)
	  ->  Index Scan using sbtest5_pkey on sbtest5  (cost=0.43..43.91 rows=10 width=4)
	        Index Cond: ((id >= 8297486) AND (id <= 8297495))

table 6 : explain SELECT SUM(k) FROM sbtest6 WHERE id BETWEEN 3280050 AND 3280059
	Aggregate  (cost=43.92..43.93 rows=1 width=8)
	  ->  Index Scan using sbtest6_pkey on sbtest6  (cost=0.43..43.90 rows=10 width=4)
	        Index Cond: ((id >= 3280050) AND (id <= 3280059))

table 7 : explain SELECT SUM(k) FROM sbtest7 WHERE id BETWEEN 5842079 AND 5842088
	Aggregate  (cost=43.87..43.88 rows=1 width=8)
	  ->  Index Scan using sbtest7_pkey on sbtest7  (cost=0.43..43.85 rows=10 width=4)
	        Index Cond: ((id >= 5842079) AND (id <= 5842088))

table 8 : explain SELECT SUM(k) FROM sbtest8 WHERE id BETWEEN 6196882 AND 6196891
	Aggregate  (cost=43.99..44.00 rows=1 width=8)
	  ->  Index Scan using sbtest8_pkey on sbtest8  (cost=0.43..43.96 rows=10 width=4)
	        Index Cond: ((id >= 6196882) AND (id <= 6196891))
for: sum_ranges
table 1 : explain SELECT SUM(k) FROM sbtest1 WHERE id BETWEEN 1246652 AND 1246661
	Aggregate  (cost=44.03..44.04 rows=1 width=8)
	  ->  Index Scan using sbtest1_pkey on sbtest1  (cost=0.43..44.00 rows=10 width=4)
	        Index Cond: ((id >= 1246652) AND (id <= 1246661))

table 2 : explain SELECT SUM(k) FROM sbtest2 WHERE id BETWEEN 3004003 AND 3004012
	Aggregate  (cost=44.03..44.04 rows=1 width=8)
	  ->  Index Scan using sbtest2_pkey on sbtest2  (cost=0.43..44.00 rows=10 width=4)
	        Index Cond: ((id >= 3004003) AND (id <= 3004012))

table 3 : explain SELECT SUM(k) FROM sbtest3 WHERE id BETWEEN 9341798 AND 9341807
	Aggregate  (cost=40.03..40.04 rows=1 width=8)
	  ->  Index Scan using sbtest3_pkey on sbtest3  (cost=0.43..40.00 rows=9 width=4)
	        Index Cond: ((id >= 9341798) AND (id <= 9341807))

table 4 : explain SELECT SUM(k) FROM sbtest4 WHERE id BETWEEN 3198748 AND 3198757
	Aggregate  (cost=40.00..40.01 rows=1 width=8)
	  ->  Index Scan using sbtest4_pkey on sbtest4  (cost=0.43..39.98 rows=9 width=4)
	        Index Cond: ((id >= 3198748) AND (id <= 3198757))

table 5 : explain SELECT SUM(k) FROM sbtest5 WHERE id BETWEEN 7558531 AND 7558540
	Aggregate  (cost=43.93..43.94 rows=1 width=8)
	  ->  Index Scan using sbtest5_pkey on sbtest5  (cost=0.43..43.91 rows=10 width=4)
	        Index Cond: ((id >= 7558531) AND (id <= 7558540))

table 6 : explain SELECT SUM(k) FROM sbtest6 WHERE id BETWEEN 2453809 AND 2453818
	Aggregate  (cost=43.92..43.93 rows=1 width=8)
	  ->  Index Scan using sbtest6_pkey on sbtest6  (cost=0.43..43.90 rows=10 width=4)
	        Index Cond: ((id >= 2453809) AND (id <= 2453818))

table 7 : explain SELECT SUM(k) FROM sbtest7 WHERE id BETWEEN 6631566 AND 6631575
	Aggregate  (cost=47.81..47.82 rows=1 width=8)
	  ->  Index Scan using sbtest7_pkey on sbtest7  (cost=0.43..47.78 rows=11 width=4)
	        Index Cond: ((id >= 6631566) AND (id <= 6631575))

table 8 : explain SELECT SUM(k) FROM sbtest8 WHERE id BETWEEN 754950 AND 754959
	Aggregate  (cost=43.99..44.00 rows=1 width=8)
	  ->  Index Scan using sbtest8_pkey on sbtest8  (cost=0.43..43.96 rows=10 width=4)
	        Index Cond: ((id >= 754950) AND (id <= 754959))


for: sum_ranges
table 1 : explain SELECT SUM(k) FROM sbtest1 WHERE id BETWEEN 5910953 AND 5910962
	Aggregate  (cost=47.98..47.99 rows=1 width=8)
	  ->  Index Scan using sbtest1_pkey on sbtest1  (cost=0.43..47.95 rows=11 width=4)
	        Index Cond: ((id >= 5910953) AND (id <= 5910962))

table 2 : explain SELECT SUM(k) FROM sbtest2 WHERE id BETWEEN 4583641 AND 4583650
	Aggregate  (cost=40.07..40.08 rows=1 width=8)
	  ->  Index Scan using sbtest2_pkey on sbtest2  (cost=0.43..40.05 rows=9 width=4)
	        Index Cond: ((id >= 4583641) AND (id <= 4583650))

table 3 : explain SELECT SUM(k) FROM sbtest3 WHERE id BETWEEN 2259536 AND 2259545
	Aggregate  (cost=40.03..40.04 rows=1 width=8)
	  ->  Index Scan using sbtest3_pkey on sbtest3  (cost=0.43..40.00 rows=9 width=4)
	        Index Cond: ((id >= 2259536) AND (id <= 2259545))

table 4 : explain SELECT SUM(k) FROM sbtest4 WHERE id BETWEEN 2112219 AND 2112228
	Aggregate  (cost=43.94..43.95 rows=1 width=8)
	  ->  Index Scan using sbtest4_pkey on sbtest4  (cost=0.43..43.92 rows=10 width=4)
	        Index Cond: ((id >= 2112219) AND (id <= 2112228))

table 5 : explain SELECT SUM(k) FROM sbtest5 WHERE id BETWEEN 100642 AND 100651
	Aggregate  (cost=47.88..47.89 rows=1 width=8)
	  ->  Index Scan using sbtest5_pkey on sbtest5  (cost=0.43..47.85 rows=11 width=4)
	        Index Cond: ((id >= 100642) AND (id <= 100651))

table 6 : explain SELECT SUM(k) FROM sbtest6 WHERE id BETWEEN 6098471 AND 6098480
	Aggregate  (cost=43.92..43.93 rows=1 width=8)
	  ->  Index Scan using sbtest6_pkey on sbtest6  (cost=0.43..43.90 rows=10 width=4)
	        Index Cond: ((id >= 6098471) AND (id <= 6098480))

table 7 : explain SELECT SUM(k) FROM sbtest7 WHERE id BETWEEN 4647405 AND 4647414
	Aggregate  (cost=43.87..43.88 rows=1 width=8)
	  ->  Index Scan using sbtest7_pkey on sbtest7  (cost=0.43..43.85 rows=10 width=4)
	        Index Cond: ((id >= 4647405) AND (id <= 4647414))

table 8 : explain SELECT SUM(k) FROM sbtest8 WHERE id BETWEEN 1052576 AND 1052585
	Aggregate  (cost=43.99..44.00 rows=1 width=8)
	  ->  Index Scan using sbtest8_pkey on sbtest8  (cost=0.43..43.96 rows=10 width=4)
	        Index Cond: ((id >= 1052576) AND (id <= 1052585))

for point_selects
table 1 : explain SELECT c FROM sbtest1 WHERE id=3195854
	Index Scan using sbtest1_pkey on sbtest1  (cost=0.43..8.45 rows=1 width=121)
	  Index Cond: (id = 3195854)

table 2 : explain SELECT c FROM sbtest2 WHERE id=9207233
	Index Scan using sbtest2_pkey on sbtest2  (cost=0.43..8.45 rows=1 width=121)
	  Index Cond: (id = 9207233)

table 3 : explain SELECT c FROM sbtest3 WHERE id=651671
	Index Scan using sbtest3_pkey on sbtest3  (cost=0.43..8.45 rows=1 width=121)
	  Index Cond: (id = 651671)

table 4 : explain SELECT c FROM sbtest4 WHERE id=7859968
	Index Scan using sbtest4_pkey on sbtest4  (cost=0.43..8.45 rows=1 width=121)
	  Index Cond: (id = 7859968)

table 5 : explain SELECT c FROM sbtest5 WHERE id=2753137
	Index Scan using sbtest5_pkey on sbtest5  (cost=0.43..8.45 rows=1 width=121)
	  Index Cond: (id = 2753137)

table 6 : explain SELECT c FROM sbtest6 WHERE id=4045030
	Index Scan using sbtest6_pkey on sbtest6  (cost=0.43..8.45 rows=1 width=121)
	  Index Cond: (id = 4045030)

table 7 : explain SELECT c FROM sbtest7 WHERE id=6648970
	Index Scan using sbtest7_pkey on sbtest7  (cost=0.43..8.45 rows=1 width=121)
	  Index Cond: (id = 6648970)

table 8 : explain SELECT c FROM sbtest8 WHERE id=9374907
	Index Scan using sbtest8_pkey on sbtest8  (cost=0.43..8.45 rows=1 width=121)
	  Index Cond: (id = 9374907)

for: order_ranges
table 1 : explain SELECT c FROM sbtest1 WHERE id BETWEEN 16450 AND 16459 ORDER BY c
	Sort  (cost=40.20..40.22 rows=9 width=121)
	  Sort Key: c
	  ->  Index Scan using sbtest1_pkey on sbtest1  (cost=0.43..40.05 rows=9 width=121)
	        Index Cond: ((id >= 16450) AND (id <= 16459))

table 2 : explain SELECT c FROM sbtest2 WHERE id BETWEEN 2200807 AND 2200816 ORDER BY c
	Sort  (cost=44.17..44.19 rows=10 width=121)
	  Sort Key: c
	  ->  Index Scan using sbtest2_pkey on sbtest2  (cost=0.43..44.00 rows=10 width=121)
	        Index Cond: ((id >= 2200807) AND (id <= 2200816))

table 3 : explain SELECT c FROM sbtest3 WHERE id BETWEEN 4181657 AND 4181666 ORDER BY c
	Sort  (cost=44.11..44.14 rows=10 width=121)
	  Sort Key: c
	  ->  Index Scan using sbtest3_pkey on sbtest3  (cost=0.43..43.95 rows=10 width=121)
	        Index Cond: ((id >= 4181657) AND (id <= 4181666))

table 4 : explain SELECT c FROM sbtest4 WHERE id BETWEEN 981186 AND 981195 ORDER BY c
	Sort  (cost=44.09..44.11 rows=10 width=121)
	  Sort Key: c
	  ->  Index Scan using sbtest4_pkey on sbtest4  (cost=0.43..43.92 rows=10 width=121)
	        Index Cond: ((id >= 981186) AND (id <= 981195))

table 5 : explain SELECT c FROM sbtest5 WHERE id BETWEEN 7972846 AND 7972855 ORDER BY c
	Sort  (cost=44.08..44.10 rows=10 width=121)
	  Sort Key: c
	  ->  Index Scan using sbtest5_pkey on sbtest5  (cost=0.43..43.91 rows=10 width=121)
	        Index Cond: ((id >= 7972846) AND (id <= 7972855))

table 6 : explain SELECT c FROM sbtest6 WHERE id BETWEEN 9945777 AND 9945786 ORDER BY c
	Sort  (cost=44.06..44.09 rows=10 width=121)
	  Sort Key: c
	  ->  Index Scan using sbtest6_pkey on sbtest6  (cost=0.43..43.90 rows=10 width=121)
	        Index Cond: ((id >= 9945777) AND (id <= 9945786))

table 7 : explain SELECT c FROM sbtest7 WHERE id BETWEEN 1855689 AND 1855698 ORDER BY c
	Sort  (cost=44.01..44.04 rows=10 width=121)
	  Sort Key: c
	  ->  Index Scan using sbtest7_pkey on sbtest7  (cost=0.43..43.85 rows=10 width=121)
	        Index Cond: ((id >= 1855689) AND (id <= 1855698))

table 8 : explain SELECT c FROM sbtest8 WHERE id BETWEEN 1890714 AND 1890723 ORDER BY c
	Sort  (cost=44.13..44.15 rows=10 width=121)
	  Sort Key: c
	  ->  Index Scan using sbtest8_pkey on sbtest8  (cost=0.43..43.96 rows=10 width=121)
	        Index Cond: ((id >= 1890714) AND (id <= 1890723))

for: sum_ranges
table 1 : explain SELECT SUM(k) FROM sbtest1 WHERE id BETWEEN 6227329 AND 6227338
	Aggregate  (cost=44.03..44.04 rows=1 width=8)
	  ->  Index Scan using sbtest1_pkey on sbtest1  (cost=0.43..44.00 rows=10 width=4)
	        Index Cond: ((id >= 6227329) AND (id <= 6227338))

table 2 : explain SELECT SUM(k) FROM sbtest2 WHERE id BETWEEN 5412869 AND 5412878
	Aggregate  (cost=47.98..47.99 rows=1 width=8)
	  ->  Index Scan using sbtest2_pkey on sbtest2  (cost=0.43..47.95 rows=11 width=4)
	        Index Cond: ((id >= 5412869) AND (id <= 5412878))

table 3 : explain SELECT SUM(k) FROM sbtest3 WHERE id BETWEEN 484887 AND 484896
	Aggregate  (cost=43.97..43.98 rows=1 width=8)
	  ->  Index Scan using sbtest3_pkey on sbtest3  (cost=0.43..43.95 rows=10 width=4)
	        Index Cond: ((id >= 484887) AND (id <= 484896))

table 4 : explain SELECT SUM(k) FROM sbtest4 WHERE id BETWEEN 9706003 AND 9706012
	Aggregate  (cost=43.94..43.95 rows=1 width=8)
	  ->  Index Scan using sbtest4_pkey on sbtest4  (cost=0.43..43.92 rows=10 width=4)
	        Index Cond: ((id >= 9706003) AND (id <= 9706012))

table 5 : explain SELECT SUM(k) FROM sbtest5 WHERE id BETWEEN 8505348 AND 8505357
	Aggregate  (cost=43.93..43.94 rows=1 width=8)
	  ->  Index Scan using sbtest5_pkey on sbtest5  (cost=0.43..43.91 rows=10 width=4)
	        Index Cond: ((id >= 8505348) AND (id <= 8505357))

table 6 : explain SELECT SUM(k) FROM sbtest6 WHERE id BETWEEN 4000641 AND 4000650
	Aggregate  (cost=47.86..47.87 rows=1 width=8)
	  ->  Index Scan using sbtest6_pkey on sbtest6  (cost=0.43..47.83 rows=11 width=4)
	        Index Cond: ((id >= 4000641) AND (id <= 4000650))

table 7 : explain SELECT SUM(k) FROM sbtest7 WHERE id BETWEEN 8634864 AND 8634873
	Aggregate  (cost=43.87..43.88 rows=1 width=8)
	  ->  Index Scan using sbtest7_pkey on sbtest7  (cost=0.43..43.85 rows=10 width=4)
	        Index Cond: ((id >= 8634864) AND (id <= 8634873))

table 8 : explain SELECT SUM(k) FROM sbtest8 WHERE id BETWEEN 7034324 AND 7034333
	Aggregate  (cost=43.99..44.00 rows=1 width=8)
	  ->  Index Scan using sbtest8_pkey on sbtest8  (cost=0.43..43.96 rows=10 width=4)
	        Index Cond: ((id >= 7034324) AND (id <= 7034333))

for: order_ranges
table 1 : explain SELECT c FROM sbtest1 WHERE id BETWEEN 6408449 AND 6408458 ORDER BY c
	Sort  (cost=48.14..48.17 rows=11 width=121)
	  Sort Key: c
	  ->  Index Scan using sbtest1_pkey on sbtest1  (cost=0.43..47.95 rows=11 width=121)
	        Index Cond: ((id >= 6408449) AND (id <= 6408458))

table 2 : explain SELECT c FROM sbtest2 WHERE id BETWEEN 8544239 AND 8544248 ORDER BY c
	Sort  (cost=44.17..44.19 rows=10 width=121)
	  Sort Key: c
	  ->  Index Scan using sbtest2_pkey on sbtest2  (cost=0.43..44.00 rows=10 width=121)
	        Index Cond: ((id >= 8544239) AND (id <= 8544248))

table 3 : explain SELECT c FROM sbtest3 WHERE id BETWEEN 9942184 AND 9942193 ORDER BY c
	Sort  (cost=44.11..44.14 rows=10 width=121)
	  Sort Key: c
	  ->  Index Scan using sbtest3_pkey on sbtest3  (cost=0.43..43.95 rows=10 width=121)
	        Index Cond: ((id >= 9942184) AND (id <= 9942193))

table 4 : explain SELECT c FROM sbtest4 WHERE id BETWEEN 4791017 AND 4791026 ORDER BY c
	Sort  (cost=44.09..44.11 rows=10 width=121)
	  Sort Key: c
	  ->  Index Scan using sbtest4_pkey on sbtest4  (cost=0.43..43.92 rows=10 width=121)
	        Index Cond: ((id >= 4791017) AND (id <= 4791026))

table 5 : explain SELECT c FROM sbtest5 WHERE id BETWEEN 4828809 AND 4828818 ORDER BY c
	Sort  (cost=48.04..48.07 rows=11 width=121)
	  Sort Key: c
	  ->  Index Scan using sbtest5_pkey on sbtest5  (cost=0.43..47.85 rows=11 width=121)
	        Index Cond: ((id >= 4828809) AND (id <= 4828818))

table 6 : explain SELECT c FROM sbtest6 WHERE id BETWEEN 1197741 AND 1197750 ORDER BY c
	Sort  (cost=40.10..40.12 rows=9 width=121)
	  Sort Key: c
	  ->  Index Scan using sbtest6_pkey on sbtest6  (cost=0.43..39.96 rows=9 width=121)
	        Index Cond: ((id >= 1197741) AND (id <= 1197750))

table 7 : explain SELECT c FROM sbtest7 WHERE id BETWEEN 2027761 AND 2027770 ORDER BY c
	Sort  (cost=47.97..48.00 rows=11 width=121)
	  Sort Key: c
	  ->  Index Scan using sbtest7_pkey on sbtest7  (cost=0.43..47.78 rows=11 width=121)
	        Index Cond: ((id >= 2027761) AND (id <= 2027770))

table 8 : explain SELECT c FROM sbtest8 WHERE id BETWEEN 8502020 AND 8502029 ORDER BY c
	Sort  (cost=40.16..40.18 rows=9 width=121)
	  Sort Key: c
	  ->  Index Scan using sbtest8_pkey on sbtest8  (cost=0.43..40.02 rows=9 width=121)
	        Index Cond: ((id >= 8502020) AND (id <= 8502029))

for: order_ranges
table 1 : explain SELECT c FROM sbtest1 WHERE id BETWEEN 9533247 AND 9533256 ORDER BY c
	Sort  (cost=44.17..44.19 rows=10 width=121)
	  Sort Key: c
	  ->  Index Scan using sbtest1_pkey on sbtest1  (cost=0.43..44.00 rows=10 width=121)
	        Index Cond: ((id >= 9533247) AND (id <= 9533256))

table 2 : explain SELECT c FROM sbtest2 WHERE id BETWEEN 3700178 AND 3700187 ORDER BY c
	Sort  (cost=48.14..48.17 rows=11 width=121)
	  Sort Key: c
	  ->  Index Scan using sbtest2_pkey on sbtest2  (cost=0.43..47.95 rows=11 width=121)
	        Index Cond: ((id >= 3700178) AND (id <= 3700187))

table 3 : explain SELECT c FROM sbtest3 WHERE id BETWEEN 6583727 AND 6583736 ORDER BY c
	Sort  (cost=44.11..44.14 rows=10 width=121)
	  Sort Key: c
	  ->  Index Scan using sbtest3_pkey on sbtest3  (cost=0.43..43.95 rows=10 width=121)
	        Index Cond: ((id >= 6583727) AND (id <= 6583736))

table 4 : explain SELECT c FROM sbtest4 WHERE id BETWEEN 5731687 AND 5731696 ORDER BY c
	Sort  (cost=44.09..44.11 rows=10 width=121)
	  Sort Key: c
	  ->  Index Scan using sbtest4_pkey on sbtest4  (cost=0.43..43.92 rows=10 width=121)
	        Index Cond: ((id >= 5731687) AND (id <= 5731696))

table 5 : explain SELECT c FROM sbtest5 WHERE id BETWEEN 439688 AND 439697 ORDER BY c
	Sort  (cost=44.08..44.10 rows=10 width=121)
	  Sort Key: c
	  ->  Index Scan using sbtest5_pkey on sbtest5  (cost=0.43..43.91 rows=10 width=121)
	        Index Cond: ((id >= 439688) AND (id <= 439697))

table 6 : explain SELECT c FROM sbtest6 WHERE id BETWEEN 6332257 AND 6332266 ORDER BY c
	Sort  (cost=44.06..44.09 rows=10 width=121)
	  Sort Key: c
	  ->  Index Scan using sbtest6_pkey on sbtest6  (cost=0.43..43.90 rows=10 width=121)
	        Index Cond: ((id >= 6332257) AND (id <= 6332266))

table 7 : explain SELECT c FROM sbtest7 WHERE id BETWEEN 8776672 AND 8776681 ORDER BY c
	Sort  (cost=40.06..40.08 rows=9 width=121)
	  Sort Key: c
	  ->  Index Scan using sbtest7_pkey on sbtest7  (cost=0.43..39.92 rows=9 width=121)
	        Index Cond: ((id >= 8776672) AND (id <= 8776681))

table 8 : explain SELECT c FROM sbtest8 WHERE id BETWEEN 7252183 AND 7252192 ORDER BY c
	Sort  (cost=48.10..48.12 rows=11 width=121)
	  Sort Key: c
	  ->  Index Scan using sbtest8_pkey on sbtest8  (cost=0.43..47.91 rows=11 width=121)
	        Index Cond: ((id >= 7252183) AND (id <= 7252192))

for point_selects
table 1 : explain SELECT c FROM sbtest1 WHERE id=2092346
	Index Scan using sbtest1_pkey on sbtest1  (cost=0.43..8.45 rows=1 width=121)
	  Index Cond: (id = 2092346)

table 2 : explain SELECT c FROM sbtest2 WHERE id=8584518
	Index Scan using sbtest2_pkey on sbtest2  (cost=0.43..8.45 rows=1 width=121)
	  Index Cond: (id = 8584518)

table 3 : explain SELECT c FROM sbtest3 WHERE id=4377048
	Index Scan using sbtest3_pkey on sbtest3  (cost=0.43..8.45 rows=1 width=121)
	  Index Cond: (id = 4377048)

table 4 : explain SELECT c FROM sbtest4 WHERE id=5741598
	Index Scan using sbtest4_pkey on sbtest4  (cost=0.43..8.45 rows=1 width=121)
	  Index Cond: (id = 5741598)

table 5 : explain SELECT c FROM sbtest5 WHERE id=9841512
	Index Scan using sbtest5_pkey on sbtest5  (cost=0.43..8.45 rows=1 width=121)
	  Index Cond: (id = 9841512)

table 6 : explain SELECT c FROM sbtest6 WHERE id=2910921
	Index Scan using sbtest6_pkey on sbtest6  (cost=0.43..8.45 rows=1 width=121)
	  Index Cond: (id = 2910921)

table 7 : explain SELECT c FROM sbtest7 WHERE id=7900568
	Index Scan using sbtest7_pkey on sbtest7  (cost=0.43..8.45 rows=1 width=121)
	  Index Cond: (id = 7900568)

table 8 : explain SELECT c FROM sbtest8 WHERE id=2132188
	Index Scan using sbtest8_pkey on sbtest8  (cost=0.43..8.45 rows=1 width=121)
	  Index Cond: (id = 2132188)
for: simple_ranges
table 1 : explain SELECT c FROM sbtest1 WHERE id BETWEEN 6594726 AND 6594735
	Index Scan using sbtest1_pkey on sbtest1  (cost=0.43..44.00 rows=10 width=121)
	  Index Cond: ((id >= 6594726) AND (id <= 6594735))

table 2 : explain SELECT c FROM sbtest2 WHERE id BETWEEN 7949313 AND 7949322
	Index Scan using sbtest2_pkey on sbtest2  (cost=0.43..44.00 rows=10 width=121)
	  Index Cond: ((id >= 7949313) AND (id <= 7949322))

table 3 : explain SELECT c FROM sbtest3 WHERE id BETWEEN 4321566 AND 4321575
	Index Scan using sbtest3_pkey on sbtest3  (cost=0.43..43.95 rows=10 width=121)
	  Index Cond: ((id >= 4321566) AND (id <= 4321575))

table 4 : explain SELECT c FROM sbtest4 WHERE id BETWEEN 888011 AND 888020
	Index Scan using sbtest4_pkey on sbtest4  (cost=0.43..43.92 rows=10 width=121)
	  Index Cond: ((id >= 888011) AND (id <= 888020))

table 5 : explain SELECT c FROM sbtest5 WHERE id BETWEEN 3165383 AND 3165392
	Index Scan using sbtest5_pkey on sbtest5  (cost=0.43..43.91 rows=10 width=121)
	  Index Cond: ((id >= 3165383) AND (id <= 3165392))

table 6 : explain SELECT c FROM sbtest6 WHERE id BETWEEN 6741987 AND 6741996
	Index Scan using sbtest6_pkey on sbtest6  (cost=0.43..47.83 rows=11 width=121)
	  Index Cond: ((id >= 6741987) AND (id <= 6741996))

table 7 : explain SELECT c FROM sbtest7 WHERE id BETWEEN 3840132 AND 3840141
	Index Scan using sbtest7_pkey on sbtest7  (cost=0.43..39.92 rows=9 width=121)
	  Index Cond: ((id >= 3840132) AND (id <= 3840141))

table 8 : explain SELECT c FROM sbtest8 WHERE id BETWEEN 7003762 AND 7003771
	Index Scan using sbtest8_pkey on sbtest8  (cost=0.43..43.96 rows=10 width=121)
	  Index Cond: ((id >= 7003762) AND (id <= 7003771))

for: sum_ranges
table 1 : explain SELECT SUM(k) FROM sbtest1 WHERE id BETWEEN 9352306 AND 9352315
	Aggregate  (cost=40.08..40.09 rows=1 width=8)
	  ->  Index Scan using sbtest1_pkey on sbtest1  (cost=0.43..40.05 rows=9 width=4)
	        Index Cond: ((id >= 9352306) AND (id <= 9352315))

table 2 : explain SELECT SUM(k) FROM sbtest2 WHERE id BETWEEN 3329188 AND 3329197
	Aggregate  (cost=44.03..44.04 rows=1 width=8)
	  ->  Index Scan using sbtest2_pkey on sbtest2  (cost=0.43..44.00 rows=10 width=4)
	        Index Cond: ((id >= 3329188) AND (id <= 3329197))

table 3 : explain SELECT SUM(k) FROM sbtest3 WHERE id BETWEEN 4706985 AND 4706994
	Aggregate  (cost=43.97..43.98 rows=1 width=8)
	  ->  Index Scan using sbtest3_pkey on sbtest3  (cost=0.43..43.95 rows=10 width=4)
	        Index Cond: ((id >= 4706985) AND (id <= 4706994))

table 4 : explain SELECT SUM(k) FROM sbtest4 WHERE id BETWEEN 4796070 AND 4796079
	Aggregate  (cost=43.94..43.95 rows=1 width=8)
	  ->  Index Scan using sbtest4_pkey on sbtest4  (cost=0.43..43.92 rows=10 width=4)
	        Index Cond: ((id >= 4796070) AND (id <= 4796079))

table 5 : explain SELECT SUM(k) FROM sbtest5 WHERE id BETWEEN 8136299 AND 8136308
	Aggregate  (cost=43.93..43.94 rows=1 width=8)
	  ->  Index Scan using sbtest5_pkey on sbtest5  (cost=0.43..43.91 rows=10 width=4)
	        Index Cond: ((id >= 8136299) AND (id <= 8136308))

table 6 : explain SELECT SUM(k) FROM sbtest6 WHERE id BETWEEN 1544966 AND 1544975
	Aggregate  (cost=43.92..43.93 rows=1 width=8)
	  ->  Index Scan using sbtest6_pkey on sbtest6  (cost=0.43..43.90 rows=10 width=4)
	        Index Cond: ((id >= 1544966) AND (id <= 1544975))

table 7 : explain SELECT SUM(k) FROM sbtest7 WHERE id BETWEEN 8328902 AND 8328911
	Aggregate  (cost=43.87..43.88 rows=1 width=8)
	  ->  Index Scan using sbtest7_pkey on sbtest7  (cost=0.43..43.85 rows=10 width=4)
	        Index Cond: ((id >= 8328902) AND (id <= 8328911))

table 8 : explain SELECT SUM(k) FROM sbtest8 WHERE id BETWEEN 7660053 AND 7660062
	Aggregate  (cost=43.99..44.00 rows=1 width=8)
	  ->  Index Scan using sbtest8_pkey on sbtest8  (cost=0.43..43.96 rows=10 width=4)
	        Index Cond: ((id >= 7660053) AND (id <= 7660062))


for point_selects
table 1 : explain SELECT c FROM sbtest1 WHERE id=9146775
	Index Scan using sbtest1_pkey on sbtest1  (cost=0.43..8.45 rows=1 width=121)
	  Index Cond: (id = 9146775)

table 2 : explain SELECT c FROM sbtest2 WHERE id=8783323
	Index Scan using sbtest2_pkey on sbtest2  (cost=0.43..8.45 rows=1 width=121)
	  Index Cond: (id = 8783323)

table 3 : explain SELECT c FROM sbtest3 WHERE id=1478552
	Index Scan using sbtest3_pkey on sbtest3  (cost=0.43..8.45 rows=1 width=121)
	  Index Cond: (id = 1478552)

table 4 : explain SELECT c FROM sbtest4 WHERE id=9453246
	Index Scan using sbtest4_pkey on sbtest4  (cost=0.43..8.45 rows=1 width=121)
	  Index Cond: (id = 9453246)

table 5 : explain SELECT c FROM sbtest5 WHERE id=3763410
	Index Scan using sbtest5_pkey on sbtest5  (cost=0.43..8.45 rows=1 width=121)
	  Index Cond: (id = 3763410)

table 6 : explain SELECT c FROM sbtest6 WHERE id=6593571
	Index Scan using sbtest6_pkey on sbtest6  (cost=0.43..8.45 rows=1 width=121)
	  Index Cond: (id = 6593571)

table 7 : explain SELECT c FROM sbtest7 WHERE id=8227941
	Index Scan using sbtest7_pkey on sbtest7  (cost=0.43..8.45 rows=1 width=121)
	  Index Cond: (id = 8227941)

table 8 : explain SELECT c FROM sbtest8 WHERE id=3062458
	Index Scan using sbtest8_pkey on sbtest8  (cost=0.43..8.45 rows=1 width=121)
	  Index Cond: (id = 3062458)

for: simple_ranges
table 1 : explain SELECT c FROM sbtest1 WHERE id BETWEEN 8657014 AND 8657023
	Index Scan using sbtest1_pkey on sbtest1  (cost=0.43..44.00 rows=10 width=121)
	  Index Cond: ((id >= 8657014) AND (id <= 8657023))

table 2 : explain SELECT c FROM sbtest2 WHERE id BETWEEN 6817907 AND 6817916
	Index Scan using sbtest2_pkey on sbtest2  (cost=0.43..44.00 rows=10 width=121)
	  Index Cond: ((id >= 6817907) AND (id <= 6817916))

table 3 : explain SELECT c FROM sbtest3 WHERE id BETWEEN 6040881 AND 6040890
	Index Scan using sbtest3_pkey on sbtest3  (cost=0.43..43.95 rows=10 width=121)
	  Index Cond: ((id >= 6040881) AND (id <= 6040890))

table 4 : explain SELECT c FROM sbtest4 WHERE id BETWEEN 8340726 AND 8340735
	Index Scan using sbtest4_pkey on sbtest4  (cost=0.43..43.92 rows=10 width=121)
	  Index Cond: ((id >= 8340726) AND (id <= 8340735))

table 5 : explain SELECT c FROM sbtest5 WHERE id BETWEEN 8283617 AND 8283626
	Index Scan using sbtest5_pkey on sbtest5  (cost=0.43..43.91 rows=10 width=121)
	  Index Cond: ((id >= 8283617) AND (id <= 8283626))

table 6 : explain SELECT c FROM sbtest6 WHERE id BETWEEN 8865073 AND 8865082
	Index Scan using sbtest6_pkey on sbtest6  (cost=0.43..43.90 rows=10 width=121)
	  Index Cond: ((id >= 8865073) AND (id <= 8865082))

table 7 : explain SELECT c FROM sbtest7 WHERE id BETWEEN 5311734 AND 5311743
	Index Scan using sbtest7_pkey on sbtest7  (cost=0.43..43.85 rows=10 width=121)
	  Index Cond: ((id >= 5311734) AND (id <= 5311743))

table 8 : explain SELECT c FROM sbtest8 WHERE id BETWEEN 3588114 AND 3588123
	Index Scan using sbtest8_pkey on sbtest8  (cost=0.43..43.96 rows=10 width=121)
	  Index Cond: ((id >= 3588114) AND (id <= 3588123))

for: sum_ranges
table 1 : explain SELECT SUM(k) FROM sbtest1 WHERE id BETWEEN 6385030 AND 6385039
	Aggregate  (cost=47.98..47.99 rows=1 width=8)
	  ->  Index Scan using sbtest1_pkey on sbtest1  (cost=0.43..47.95 rows=11 width=4)
	        Index Cond: ((id >= 6385030) AND (id <= 6385039))

table 2 : explain SELECT SUM(k) FROM sbtest2 WHERE id BETWEEN 1684962 AND 1684971
	Aggregate  (cost=44.03..44.04 rows=1 width=8)
	  ->  Index Scan using sbtest2_pkey on sbtest2  (cost=0.43..44.00 rows=10 width=4)
	        Index Cond: ((id >= 1684962) AND (id <= 1684971))

table 3 : explain SELECT SUM(k) FROM sbtest3 WHERE id BETWEEN 8807674 AND 8807683
	Aggregate  (cost=43.97..43.98 rows=1 width=8)
	  ->  Index Scan using sbtest3_pkey on sbtest3  (cost=0.43..43.95 rows=10 width=4)
	        Index Cond: ((id >= 8807674) AND (id <= 8807683))

table 4 : explain SELECT SUM(k) FROM sbtest4 WHERE id BETWEEN 1866695 AND 1866704
	Aggregate  (cost=43.94..43.95 rows=1 width=8)
	  ->  Index Scan using sbtest4_pkey on sbtest4  (cost=0.43..43.92 rows=10 width=4)
	        Index Cond: ((id >= 1866695) AND (id <= 1866704))

table 5 : explain SELECT SUM(k) FROM sbtest5 WHERE id BETWEEN 7271898 AND 7271907
	Aggregate  (cost=43.93..43.94 rows=1 width=8)
	  ->  Index Scan using sbtest5_pkey on sbtest5  (cost=0.43..43.91 rows=10 width=4)
	        Index Cond: ((id >= 7271898) AND (id <= 7271907))

table 6 : explain SELECT SUM(k) FROM sbtest6 WHERE id BETWEEN 345144 AND 345153
	Aggregate  (cost=47.86..47.87 rows=1 width=8)
	  ->  Index Scan using sbtest6_pkey on sbtest6  (cost=0.43..47.83 rows=11 width=4)
	        Index Cond: ((id >= 345144) AND (id <= 345153))

table 7 : explain SELECT SUM(k) FROM sbtest7 WHERE id BETWEEN 1845394 AND 1845403
	Aggregate  (cost=43.87..43.88 rows=1 width=8)
	  ->  Index Scan using sbtest7_pkey on sbtest7  (cost=0.43..43.85 rows=10 width=4)
	        Index Cond: ((id >= 1845394) AND (id <= 1845403))

table 8 : explain SELECT SUM(k) FROM sbtest8 WHERE id BETWEEN 5634576 AND 5634585
	Aggregate  (cost=43.99..44.00 rows=1 width=8)
	  ->  Index Scan using sbtest8_pkey on sbtest8  (cost=0.43..43.96 rows=10 width=4)
	        Index Cond: ((id >= 5634576) AND (id <= 5634585))

for: order_ranges
table 1 : explain SELECT c FROM sbtest1 WHERE id BETWEEN 7249711 AND 7249720 ORDER BY c
	Sort  (cost=44.17..44.19 rows=10 width=121)
	  Sort Key: c
	  ->  Index Scan using sbtest1_pkey on sbtest1  (cost=0.43..44.00 rows=10 width=121)
	        Index Cond: ((id >= 7249711) AND (id <= 7249720))

table 2 : explain SELECT c FROM sbtest2 WHERE id BETWEEN 4137439 AND 4137448 ORDER BY c
	Sort  (cost=44.17..44.19 rows=10 width=121)
	  Sort Key: c
	  ->  Index Scan using sbtest2_pkey on sbtest2  (cost=0.43..44.00 rows=10 width=121)
	        Index Cond: ((id >= 4137439) AND (id <= 4137448))

table 3 : explain SELECT c FROM sbtest3 WHERE id BETWEEN 8621257 AND 8621266 ORDER BY c
	Sort  (cost=40.15..40.17 rows=9 width=121)
	  Sort Key: c
	  ->  Index Scan using sbtest3_pkey on sbtest3  (cost=0.43..40.00 rows=9 width=121)
	        Index Cond: ((id >= 8621257) AND (id <= 8621266))

table 4 : explain SELECT c FROM sbtest4 WHERE id BETWEEN 1673431 AND 1673440 ORDER BY c
	Sort  (cost=48.05..48.08 rows=11 width=121)
	  Sort Key: c
	  ->  Index Scan using sbtest4_pkey on sbtest4  (cost=0.43..47.86 rows=11 width=121)
	        Index Cond: ((id >= 1673431) AND (id <= 1673440))

table 5 : explain SELECT c FROM sbtest5 WHERE id BETWEEN 4063037 AND 4063046 ORDER BY c
	Sort  (cost=44.08..44.10 rows=10 width=121)
	  Sort Key: c
	  ->  Index Scan using sbtest5_pkey on sbtest5  (cost=0.43..43.91 rows=10 width=121)
	        Index Cond: ((id >= 4063037) AND (id <= 4063046))

table 6 : explain SELECT c FROM sbtest6 WHERE id BETWEEN 8841546 AND 8841555 ORDER BY c
	Sort  (cost=44.06..44.09 rows=10 width=121)
	  Sort Key: c
	  ->  Index Scan using sbtest6_pkey on sbtest6  (cost=0.43..43.90 rows=10 width=121)
	        Index Cond: ((id >= 8841546) AND (id <= 8841555))

table 7 : explain SELECT c FROM sbtest7 WHERE id BETWEEN 5950572 AND 5950581 ORDER BY c
	Sort  (cost=44.01..44.04 rows=10 width=121)
	  Sort Key: c
	  ->  Index Scan using sbtest7_pkey on sbtest7  (cost=0.43..43.85 rows=10 width=121)
	        Index Cond: ((id >= 5950572) AND (id <= 5950581))

table 8 : explain SELECT c FROM sbtest8 WHERE id BETWEEN 2772970 AND 2772979 ORDER BY c
	Sort  (cost=44.13..44.15 rows=10 width=121)
	  Sort Key: c
	  ->  Index Scan using sbtest8_pkey on sbtest8  (cost=0.43..43.96 rows=10 width=121)
	        Index Cond: ((id >= 2772970) AND (id <= 2772979))

for: sum_ranges
table 1 : explain SELECT SUM(k) FROM sbtest1 WHERE id BETWEEN 1014096 AND 1014105
	Aggregate  (cost=47.98..47.99 rows=1 width=8)
	  ->  Index Scan using sbtest1_pkey on sbtest1  (cost=0.43..47.95 rows=11 width=4)
	        Index Cond: ((id >= 1014096) AND (id <= 1014105))

table 2 : explain SELECT SUM(k) FROM sbtest2 WHERE id BETWEEN 3195220 AND 3195229
	Aggregate  (cost=44.03..44.04 rows=1 width=8)
	  ->  Index Scan using sbtest2_pkey on sbtest2  (cost=0.43..44.00 rows=10 width=4)
	        Index Cond: ((id >= 3195220) AND (id <= 3195229))

table 3 : explain SELECT SUM(k) FROM sbtest3 WHERE id BETWEEN 9652591 AND 9652600
	Aggregate  (cost=43.97..43.98 rows=1 width=8)
	  ->  Index Scan using sbtest3_pkey on sbtest3  (cost=0.43..43.95 rows=10 width=4)
	        Index Cond: ((id >= 9652591) AND (id <= 9652600))

table 4 : explain SELECT SUM(k) FROM sbtest4 WHERE id BETWEEN 2109486 AND 2109495
	Aggregate  (cost=43.94..43.95 rows=1 width=8)
	  ->  Index Scan using sbtest4_pkey on sbtest4  (cost=0.43..43.92 rows=10 width=4)
	        Index Cond: ((id >= 2109486) AND (id <= 2109495))

table 5 : explain SELECT SUM(k) FROM sbtest5 WHERE id BETWEEN 2700374 AND 2700383
	Aggregate  (cost=43.93..43.94 rows=1 width=8)
	  ->  Index Scan using sbtest5_pkey on sbtest5  (cost=0.43..43.91 rows=10 width=4)
	        Index Cond: ((id >= 2700374) AND (id <= 2700383))

table 6 : explain SELECT SUM(k) FROM sbtest6 WHERE id BETWEEN 8399384 AND 8399393
	Aggregate  (cost=43.92..43.93 rows=1 width=8)
	  ->  Index Scan using sbtest6_pkey on sbtest6  (cost=0.43..43.90 rows=10 width=4)
	        Index Cond: ((id >= 8399384) AND (id <= 8399393))

table 7 : explain SELECT SUM(k) FROM sbtest7 WHERE id BETWEEN 6137597 AND 6137606
	Aggregate  (cost=43.87..43.88 rows=1 width=8)
	  ->  Index Scan using sbtest7_pkey on sbtest7  (cost=0.43..43.85 rows=10 width=4)
	        Index Cond: ((id >= 6137597) AND (id <= 6137606))

table 8 : explain SELECT SUM(k) FROM sbtest8 WHERE id BETWEEN 1714473 AND 1714482
	Aggregate  (cost=47.93..47.94 rows=1 width=8)
	  ->  Index Scan using sbtest8_pkey on sbtest8  (cost=0.43..47.91 rows=11 width=4)
	        Index Cond: ((id >= 1714473) AND (id <= 1714482))

for: simple_ranges
table 1 : explain SELECT c FROM sbtest1 WHERE id BETWEEN 1925404 AND 1925413
	Index Scan using sbtest1_pkey on sbtest1  (cost=0.43..44.00 rows=10 width=121)
	  Index Cond: ((id >= 1925404) AND (id <= 1925413))

table 2 : explain SELECT c FROM sbtest2 WHERE id BETWEEN 3216754 AND 3216763
	Index Scan using sbtest2_pkey on sbtest2  (cost=0.43..44.00 rows=10 width=121)
	  Index Cond: ((id >= 3216754) AND (id <= 3216763))

table 3 : explain SELECT c FROM sbtest3 WHERE id BETWEEN 9414017 AND 9414026
	Index Scan using sbtest3_pkey on sbtest3  (cost=0.43..47.89 rows=11 width=121)
	  Index Cond: ((id >= 9414017) AND (id <= 9414026))

table 4 : explain SELECT c FROM sbtest4 WHERE id BETWEEN 9356756 AND 9356765
	Index Scan using sbtest4_pkey on sbtest4  (cost=0.43..43.92 rows=10 width=121)
	  Index Cond: ((id >= 9356756) AND (id <= 9356765))

table 5 : explain SELECT c FROM sbtest5 WHERE id BETWEEN 3465412 AND 3465421
	Index Scan using sbtest5_pkey on sbtest5  (cost=0.43..43.91 rows=10 width=121)
	  Index Cond: ((id >= 3465412) AND (id <= 3465421))

table 6 : explain SELECT c FROM sbtest6 WHERE id BETWEEN 2966004 AND 2966013
	Index Scan using sbtest6_pkey on sbtest6  (cost=0.43..43.90 rows=10 width=121)
	  Index Cond: ((id >= 2966004) AND (id <= 2966013))

table 7 : explain SELECT c FROM sbtest7 WHERE id BETWEEN 3341105 AND 3341114
	Index Scan using sbtest7_pkey on sbtest7  (cost=0.43..39.92 rows=9 width=121)
	  Index Cond: ((id >= 3341105) AND (id <= 3341114))

table 8 : explain SELECT c FROM sbtest8 WHERE id BETWEEN 6643465 AND 6643474
	Index Scan using sbtest8_pkey on sbtest8  (cost=0.43..43.96 rows=10 width=121)
	  Index Cond: ((id >= 6643465) AND (id <= 6643474))

for: sum_ranges
table 1 : explain SELECT SUM(k) FROM sbtest1 WHERE id BETWEEN 81506 AND 81515
	Aggregate  (cost=40.08..40.09 rows=1 width=8)
	  ->  Index Scan using sbtest1_pkey on sbtest1  (cost=0.43..40.05 rows=9 width=4)
	        Index Cond: ((id >= 81506) AND (id <= 81515))

table 2 : explain SELECT SUM(k) FROM sbtest2 WHERE id BETWEEN 1118853 AND 1118862
	Aggregate  (cost=44.03..44.04 rows=1 width=8)
	  ->  Index Scan using sbtest2_pkey on sbtest2  (cost=0.43..44.00 rows=10 width=4)
	        Index Cond: ((id >= 1118853) AND (id <= 1118862))

table 3 : explain SELECT SUM(k) FROM sbtest3 WHERE id BETWEEN 2442606 AND 2442615
	Aggregate  (cost=40.03..40.04 rows=1 width=8)
	  ->  Index Scan using sbtest3_pkey on sbtest3  (cost=0.43..40.00 rows=9 width=4)
	        Index Cond: ((id >= 2442606) AND (id <= 2442615))

table 4 : explain SELECT SUM(k) FROM sbtest4 WHERE id BETWEEN 8655346 AND 8655355
	Aggregate  (cost=43.94..43.95 rows=1 width=8)
	  ->  Index Scan using sbtest4_pkey on sbtest4  (cost=0.43..43.92 rows=10 width=4)
	        Index Cond: ((id >= 8655346) AND (id <= 8655355))

table 5 : explain SELECT SUM(k) FROM sbtest5 WHERE id BETWEEN 2108842 AND 2108851
	Aggregate  (cost=47.88..47.89 rows=1 width=8)
	  ->  Index Scan using sbtest5_pkey on sbtest5  (cost=0.43..47.85 rows=11 width=4)
	        Index Cond: ((id >= 2108842) AND (id <= 2108851))

table 6 : explain SELECT SUM(k) FROM sbtest6 WHERE id BETWEEN 2884721 AND 2884730
	Aggregate  (cost=43.92..43.93 rows=1 width=8)
	  ->  Index Scan using sbtest6_pkey on sbtest6  (cost=0.43..43.90 rows=10 width=4)
	        Index Cond: ((id >= 2884721) AND (id <= 2884730))

table 7 : explain SELECT SUM(k) FROM sbtest7 WHERE id BETWEEN 9686510 AND 9686519
	Aggregate  (cost=39.94..39.95 rows=1 width=8)
	  ->  Index Scan using sbtest7_pkey on sbtest7  (cost=0.43..39.92 rows=9 width=4)
	        Index Cond: ((id >= 9686510) AND (id <= 9686519))

table 8 : explain SELECT SUM(k) FROM sbtest8 WHERE id BETWEEN 1741853 AND 1741862
	Aggregate  (cost=47.93..47.94 rows=1 width=8)
	  ->  Index Scan using sbtest8_pkey on sbtest8  (cost=0.43..47.91 rows=11 width=4)
	        Index Cond: ((id >= 1741853) AND (id <= 1741862))

for: sum_ranges
table 1 : explain SELECT SUM(k) FROM sbtest1 WHERE id BETWEEN 7607640 AND 7607649
	Aggregate  (cost=40.08..40.09 rows=1 width=8)
	  ->  Index Scan using sbtest1_pkey on sbtest1  (cost=0.43..40.05 rows=9 width=4)
	        Index Cond: ((id >= 7607640) AND (id <= 7607649))

table 2 : explain SELECT SUM(k) FROM sbtest2 WHERE id BETWEEN 4400387 AND 4400396
	Aggregate  (cost=40.07..40.08 rows=1 width=8)
	  ->  Index Scan using sbtest2_pkey on sbtest2  (cost=0.43..40.05 rows=9 width=4)
	        Index Cond: ((id >= 4400387) AND (id <= 4400396))

table 3 : explain SELECT SUM(k) FROM sbtest3 WHERE id BETWEEN 8679735 AND 8679744
	Aggregate  (cost=43.97..43.98 rows=1 width=8)
	  ->  Index Scan using sbtest3_pkey on sbtest3  (cost=0.43..43.95 rows=10 width=4)
	        Index Cond: ((id >= 8679735) AND (id <= 8679744))

table 4 : explain SELECT SUM(k) FROM sbtest4 WHERE id BETWEEN 4078858 AND 4078867
	Aggregate  (cost=47.89..47.90 rows=1 width=8)
	  ->  Index Scan using sbtest4_pkey on sbtest4  (cost=0.43..47.86 rows=11 width=4)
	        Index Cond: ((id >= 4078858) AND (id <= 4078867))

table 5 : explain SELECT SUM(k) FROM sbtest5 WHERE id BETWEEN 2626445 AND 2626454
	Aggregate  (cost=43.93..43.94 rows=1 width=8)
	  ->  Index Scan using sbtest5_pkey on sbtest5  (cost=0.43..43.91 rows=10 width=4)
	        Index Cond: ((id >= 2626445) AND (id <= 2626454))

table 6 : explain SELECT SUM(k) FROM sbtest6 WHERE id BETWEEN 4354456 AND 4354465
	Aggregate  (cost=43.92..43.93 rows=1 width=8)
	  ->  Index Scan using sbtest6_pkey on sbtest6  (cost=0.43..43.90 rows=10 width=4)
	        Index Cond: ((id >= 4354456) AND (id <= 4354465))

table 7 : explain SELECT SUM(k) FROM sbtest7 WHERE id BETWEEN 4855973 AND 4855982
	Aggregate  (cost=43.87..43.88 rows=1 width=8)
	  ->  Index Scan using sbtest7_pkey on sbtest7  (cost=0.43..43.85 rows=10 width=4)
	        Index Cond: ((id >= 4855973) AND (id <= 4855982))

table 8 : explain SELECT SUM(k) FROM sbtest8 WHERE id BETWEEN 9533772 AND 9533781
	Aggregate  (cost=43.99..44.00 rows=1 width=8)
	  ->  Index Scan using sbtest8_pkey on sbtest8  (cost=0.43..43.96 rows=10 width=4)
	        Index Cond: ((id >= 9533772) AND (id <= 9533781))

for: sum_ranges
table 1 : explain SELECT SUM(k) FROM sbtest1 WHERE id BETWEEN 4650049 AND 4650058
	Aggregate  (cost=44.03..44.04 rows=1 width=8)
	  ->  Index Scan using sbtest1_pkey on sbtest1  (cost=0.43..44.00 rows=10 width=4)
	        Index Cond: ((id >= 4650049) AND (id <= 4650058))

table 2 : explain SELECT SUM(k) FROM sbtest2 WHERE id BETWEEN 9809214 AND 9809223
	Aggregate  (cost=44.03..44.04 rows=1 width=8)
	  ->  Index Scan using sbtest2_pkey on sbtest2  (cost=0.43..44.00 rows=10 width=4)
	        Index Cond: ((id >= 9809214) AND (id <= 9809223))

table 3 : explain SELECT SUM(k) FROM sbtest3 WHERE id BETWEEN 6307795 AND 6307804
	Aggregate  (cost=43.97..43.98 rows=1 width=8)
	  ->  Index Scan using sbtest3_pkey on sbtest3  (cost=0.43..43.95 rows=10 width=4)
	        Index Cond: ((id >= 6307795) AND (id <= 6307804))

table 4 : explain SELECT SUM(k) FROM sbtest4 WHERE id BETWEEN 123735 AND 123744
	Aggregate  (cost=47.89..47.90 rows=1 width=8)
	  ->  Index Scan using sbtest4_pkey on sbtest4  (cost=0.43..47.86 rows=11 width=4)
	        Index Cond: ((id >= 123735) AND (id <= 123744))

table 5 : explain SELECT SUM(k) FROM sbtest5 WHERE id BETWEEN 7801754 AND 7801763
	Aggregate  (cost=47.88..47.89 rows=1 width=8)
	  ->  Index Scan using sbtest5_pkey on sbtest5  (cost=0.43..47.85 rows=11 width=4)
	        Index Cond: ((id >= 7801754) AND (id <= 7801763))

table 6 : explain SELECT SUM(k) FROM sbtest6 WHERE id BETWEEN 8571742 AND 8571751
	Aggregate  (cost=43.92..43.93 rows=1 width=8)
	  ->  Index Scan using sbtest6_pkey on sbtest6  (cost=0.43..43.90 rows=10 width=4)
	        Index Cond: ((id >= 8571742) AND (id <= 8571751))

table 7 : explain SELECT SUM(k) FROM sbtest7 WHERE id BETWEEN 6993299 AND 6993308
	Aggregate  (cost=43.87..43.88 rows=1 width=8)
	  ->  Index Scan using sbtest7_pkey on sbtest7  (cost=0.43..43.85 rows=10 width=4)
	        Index Cond: ((id >= 6993299) AND (id <= 6993308))

table 8 : explain SELECT SUM(k) FROM sbtest8 WHERE id BETWEEN 1087545 AND 1087554
	Aggregate  (cost=43.99..44.00 rows=1 width=8)
	  ->  Index Scan using sbtest8_pkey on sbtest8  (cost=0.43..43.96 rows=10 width=4)
	        Index Cond: ((id >= 1087545) AND (id <= 1087554))

for: simple_ranges
table 1 : explain SELECT c FROM sbtest1 WHERE id BETWEEN 1196017 AND 1196026
	Index Scan using sbtest1_pkey on sbtest1  (cost=0.43..44.00 rows=10 width=121)
	  Index Cond: ((id >= 1196017) AND (id <= 1196026))

table 2 : explain SELECT c FROM sbtest2 WHERE id BETWEEN 1450742 AND 1450751
	Index Scan using sbtest2_pkey on sbtest2  (cost=0.43..47.95 rows=11 width=121)
	  Index Cond: ((id >= 1450742) AND (id <= 1450751))

table 3 : explain SELECT c FROM sbtest3 WHERE id BETWEEN 3845820 AND 3845829
	Index Scan using sbtest3_pkey on sbtest3  (cost=0.43..40.00 rows=9 width=121)
	  Index Cond: ((id >= 3845820) AND (id <= 3845829))

table 4 : explain SELECT c FROM sbtest4 WHERE id BETWEEN 9058701 AND 9058710
	Index Scan using sbtest4_pkey on sbtest4  (cost=0.43..43.92 rows=10 width=121)
	  Index Cond: ((id >= 9058701) AND (id <= 9058710))

table 5 : explain SELECT c FROM sbtest5 WHERE id BETWEEN 2407974 AND 2407983
	Index Scan using sbtest5_pkey on sbtest5  (cost=0.43..43.91 rows=10 width=121)
	  Index Cond: ((id >= 2407974) AND (id <= 2407983))

table 6 : explain SELECT c FROM sbtest6 WHERE id BETWEEN 6396986 AND 6396995
	Index Scan using sbtest6_pkey on sbtest6  (cost=0.43..43.90 rows=10 width=121)
	  Index Cond: ((id >= 6396986) AND (id <= 6396995))

table 7 : explain SELECT c FROM sbtest7 WHERE id BETWEEN 8078223 AND 8078232
	Index Scan using sbtest7_pkey on sbtest7  (cost=0.43..43.85 rows=10 width=121)
	  Index Cond: ((id >= 8078223) AND (id <= 8078232))

table 8 : explain SELECT c FROM sbtest8 WHERE id BETWEEN 1197266 AND 1197275
	Index Scan using sbtest8_pkey on sbtest8  (cost=0.43..40.02 rows=9 width=121)
	  Index Cond: ((id >= 1197266) AND (id <= 1197275))

for: simple_ranges
table 1 : explain SELECT c FROM sbtest1 WHERE id BETWEEN 9130935 AND 9130944
	Index Scan using sbtest1_pkey on sbtest1  (cost=0.43..44.00 rows=10 width=121)
	  Index Cond: ((id >= 9130935) AND (id <= 9130944))

table 2 : explain SELECT c FROM sbtest2 WHERE id BETWEEN 1118985 AND 1118994
	Index Scan using sbtest2_pkey on sbtest2  (cost=0.43..44.00 rows=10 width=121)
	  Index Cond: ((id >= 1118985) AND (id <= 1118994))

table 3 : explain SELECT c FROM sbtest3 WHERE id BETWEEN 6127463 AND 6127472
	Index Scan using sbtest3_pkey on sbtest3  (cost=0.43..43.95 rows=10 width=121)
	  Index Cond: ((id >= 6127463) AND (id <= 6127472))

table 4 : explain SELECT c FROM sbtest4 WHERE id BETWEEN 2486368 AND 2486377
	Index Scan using sbtest4_pkey on sbtest4  (cost=0.43..47.86 rows=11 width=121)
	  Index Cond: ((id >= 2486368) AND (id <= 2486377))

table 5 : explain SELECT c FROM sbtest5 WHERE id BETWEEN 7072002 AND 7072011
	Index Scan using sbtest5_pkey on sbtest5  (cost=0.43..43.91 rows=10 width=121)
	  Index Cond: ((id >= 7072002) AND (id <= 7072011))

table 6 : explain SELECT c FROM sbtest6 WHERE id BETWEEN 9032563 AND 9032572
	Index Scan using sbtest6_pkey on sbtest6  (cost=0.43..47.83 rows=11 width=121)
	  Index Cond: ((id >= 9032563) AND (id <= 9032572))

table 7 : explain SELECT c FROM sbtest7 WHERE id BETWEEN 5356816 AND 5356825
	Index Scan using sbtest7_pkey on sbtest7  (cost=0.43..43.85 rows=10 width=121)
	  Index Cond: ((id >= 5356816) AND (id <= 5356825))

table 8 : explain SELECT c FROM sbtest8 WHERE id BETWEEN 5721729 AND 5721738
	Index Scan using sbtest8_pkey on sbtest8  (cost=0.43..43.96 rows=10 width=121)
	  Index Cond: ((id >= 5721729) AND (id <= 5721738))

for: simple_ranges
table 1 : explain SELECT c FROM sbtest1 WHERE id BETWEEN 5443168 AND 5443177
	Index Scan using sbtest1_pkey on sbtest1  (cost=0.43..40.05 rows=9 width=121)
	  Index Cond: ((id >= 5443168) AND (id <= 5443177))

table 2 : explain SELECT c FROM sbtest2 WHERE id BETWEEN 2485479 AND 2485488
	Index Scan using sbtest2_pkey on sbtest2  (cost=0.43..44.00 rows=10 width=121)
	  Index Cond: ((id >= 2485479) AND (id <= 2485488))

table 3 : explain SELECT c FROM sbtest3 WHERE id BETWEEN 1258811 AND 1258820
	Index Scan using sbtest3_pkey on sbtest3  (cost=0.43..43.95 rows=10 width=121)
	  Index Cond: ((id >= 1258811) AND (id <= 1258820))

table 4 : explain SELECT c FROM sbtest4 WHERE id BETWEEN 7926821 AND 7926830
	Index Scan using sbtest4_pkey on sbtest4  (cost=0.43..43.92 rows=10 width=121)
	  Index Cond: ((id >= 7926821) AND (id <= 7926830))

table 5 : explain SELECT c FROM sbtest5 WHERE id BETWEEN 4611932 AND 4611941
	Index Scan using sbtest5_pkey on sbtest5  (cost=0.43..47.85 rows=11 width=121)
	  Index Cond: ((id >= 4611932) AND (id <= 4611941))

table 6 : explain SELECT c FROM sbtest6 WHERE id BETWEEN 9420102 AND 9420111
	Index Scan using sbtest6_pkey on sbtest6  (cost=0.43..39.96 rows=9 width=121)
	  Index Cond: ((id >= 9420102) AND (id <= 9420111))

table 7 : explain SELECT c FROM sbtest7 WHERE id BETWEEN 4802044 AND 4802053
	Index Scan using sbtest7_pkey on sbtest7  (cost=0.43..43.85 rows=10 width=121)
	  Index Cond: ((id >= 4802044) AND (id <= 4802053))

table 8 : explain SELECT c FROM sbtest8 WHERE id BETWEEN 7885135 AND 7885144
	Index Scan using sbtest8_pkey on sbtest8  (cost=0.43..40.02 rows=9 width=121)
	  Index Cond: ((id >= 7885135) AND (id <= 7885144))

for: simple_ranges
table 1 : explain SELECT c FROM sbtest1 WHERE id BETWEEN 9455246 AND 9455255
	Index Scan using sbtest1_pkey on sbtest1  (cost=0.43..47.95 rows=11 width=121)
	  Index Cond: ((id >= 9455246) AND (id <= 9455255))

table 2 : explain SELECT c FROM sbtest2 WHERE id BETWEEN 4759450 AND 4759459
	Index Scan using sbtest2_pkey on sbtest2  (cost=0.43..40.05 rows=9 width=121)
	  Index Cond: ((id >= 4759450) AND (id <= 4759459))

table 3 : explain SELECT c FROM sbtest3 WHERE id BETWEEN 740190 AND 740199
	Index Scan using sbtest3_pkey on sbtest3  (cost=0.43..47.89 rows=11 width=121)
	  Index Cond: ((id >= 740190) AND (id <= 740199))

table 4 : explain SELECT c FROM sbtest4 WHERE id BETWEEN 623628 AND 623637
	Index Scan using sbtest4_pkey on sbtest4  (cost=0.43..47.86 rows=11 width=121)
	  Index Cond: ((id >= 623628) AND (id <= 623637))

table 5 : explain SELECT c FROM sbtest5 WHERE id BETWEEN 5155135 AND 5155144
	Index Scan using sbtest5_pkey on sbtest5  (cost=0.43..43.91 rows=10 width=121)
	  Index Cond: ((id >= 5155135) AND (id <= 5155144))

table 6 : explain SELECT c FROM sbtest6 WHERE id BETWEEN 5698357 AND 5698366
	Index Scan using sbtest6_pkey on sbtest6  (cost=0.43..43.90 rows=10 width=121)
	  Index Cond: ((id >= 5698357) AND (id <= 5698366))

table 7 : explain SELECT c FROM sbtest7 WHERE id BETWEEN 6079815 AND 6079824
	Index Scan using sbtest7_pkey on sbtest7  (cost=0.43..43.85 rows=10 width=121)
	  Index Cond: ((id >= 6079815) AND (id <= 6079824))

table 8 : explain SELECT c FROM sbtest8 WHERE id BETWEEN 2237706 AND 2237715
	Index Scan using sbtest8_pkey on sbtest8  (cost=0.43..43.96 rows=10 width=121)
	  Index Cond: ((id >= 2237706) AND (id <= 2237715))

for: simple_ranges
table 1 : explain SELECT c FROM sbtest1 WHERE id BETWEEN 9051317 AND 9051326
	Index Scan using sbtest1_pkey on sbtest1  (cost=0.43..47.95 rows=11 width=121)
	  Index Cond: ((id >= 9051317) AND (id <= 9051326))

table 2 : explain SELECT c FROM sbtest2 WHERE id BETWEEN 978775 AND 978784
	Index Scan using sbtest2_pkey on sbtest2  (cost=0.43..44.00 rows=10 width=121)
	  Index Cond: ((id >= 978775) AND (id <= 978784))

table 3 : explain SELECT c FROM sbtest3 WHERE id BETWEEN 521947 AND 521956
	Index Scan using sbtest3_pkey on sbtest3  (cost=0.43..43.95 rows=10 width=121)
	  Index Cond: ((id >= 521947) AND (id <= 521956))

table 4 : explain SELECT c FROM sbtest4 WHERE id BETWEEN 9056704 AND 9056713
	Index Scan using sbtest4_pkey on sbtest4  (cost=0.43..43.92 rows=10 width=121)
	  Index Cond: ((id >= 9056704) AND (id <= 9056713))

table 5 : explain SELECT c FROM sbtest5 WHERE id BETWEEN 6291844 AND 6291853
	Index Scan using sbtest5_pkey on sbtest5  (cost=0.43..43.91 rows=10 width=121)
	  Index Cond: ((id >= 6291844) AND (id <= 6291853))

table 6 : explain SELECT c FROM sbtest6 WHERE id BETWEEN 2108009 AND 2108018
	Index Scan using sbtest6_pkey on sbtest6  (cost=0.43..43.90 rows=10 width=121)
	  Index Cond: ((id >= 2108009) AND (id <= 2108018))

table 7 : explain SELECT c FROM sbtest7 WHERE id BETWEEN 3768973 AND 3768982
	Index Scan using sbtest7_pkey on sbtest7  (cost=0.43..43.85 rows=10 width=121)
	  Index Cond: ((id >= 3768973) AND (id <= 3768982))

table 8 : explain SELECT c FROM sbtest8 WHERE id BETWEEN 7171948 AND 7171957
	Index Scan using sbtest8_pkey on sbtest8  (cost=0.43..43.96 rows=10 width=121)
	  Index Cond: ((id >= 7171948) AND (id <= 7171957))

for: simple_ranges
table 1 : explain SELECT c FROM sbtest1 WHERE id BETWEEN 6076422 AND 6076431
	Index Scan using sbtest1_pkey on sbtest1  (cost=0.43..40.05 rows=9 width=121)
	  Index Cond: ((id >= 6076422) AND (id <= 6076431))

table 2 : explain SELECT c FROM sbtest2 WHERE id BETWEEN 3983074 AND 3983083
	Index Scan using sbtest2_pkey on sbtest2  (cost=0.43..44.00 rows=10 width=121)
	  Index Cond: ((id >= 3983074) AND (id <= 3983083))

table 3 : explain SELECT c FROM sbtest3 WHERE id BETWEEN 4160893 AND 4160902
	Index Scan using sbtest3_pkey on sbtest3  (cost=0.43..43.95 rows=10 width=121)
	  Index Cond: ((id >= 4160893) AND (id <= 4160902))

table 4 : explain SELECT c FROM sbtest4 WHERE id BETWEEN 3231305 AND 3231314
	Index Scan using sbtest4_pkey on sbtest4  (cost=0.43..39.98 rows=9 width=121)
	  Index Cond: ((id >= 3231305) AND (id <= 3231314))

table 5 : explain SELECT c FROM sbtest5 WHERE id BETWEEN 2206354 AND 2206363
	Index Scan using sbtest5_pkey on sbtest5  (cost=0.43..47.85 rows=11 width=121)
	  Index Cond: ((id >= 2206354) AND (id <= 2206363))

table 6 : explain SELECT c FROM sbtest6 WHERE id BETWEEN 7527127 AND 7527136
	Index Scan using sbtest6_pkey on sbtest6  (cost=0.43..47.83 rows=11 width=121)
	  Index Cond: ((id >= 7527127) AND (id <= 7527136))

table 7 : explain SELECT c FROM sbtest7 WHERE id BETWEEN 3705577 AND 3705586
	Index Scan using sbtest7_pkey on sbtest7  (cost=0.43..43.85 rows=10 width=121)
	  Index Cond: ((id >= 3705577) AND (id <= 3705586))

table 8 : explain SELECT c FROM sbtest8 WHERE id BETWEEN 468677 AND 468686
	Index Scan using sbtest8_pkey on sbtest8  (cost=0.43..40.02 rows=9 width=121)
	  Index Cond: ((id >= 468677) AND (id <= 468686))

for: order_ranges
table 1 : explain SELECT c FROM sbtest1 WHERE id BETWEEN 5247796 AND 5247805 ORDER BY c
	Sort  (cost=44.17..44.19 rows=10 width=121)
	  Sort Key: c
	  ->  Index Scan using sbtest1_pkey on sbtest1  (cost=0.43..44.00 rows=10 width=121)
	        Index Cond: ((id >= 5247796) AND (id <= 5247805))

table 2 : explain SELECT c FROM sbtest2 WHERE id BETWEEN 3397360 AND 3397369 ORDER BY c
	Sort  (cost=44.17..44.19 rows=10 width=121)
	  Sort Key: c
	  ->  Index Scan using sbtest2_pkey on sbtest2  (cost=0.43..44.00 rows=10 width=121)
	        Index Cond: ((id >= 3397360) AND (id <= 3397369))

table 3 : explain SELECT c FROM sbtest3 WHERE id BETWEEN 1474202 AND 1474211 ORDER BY c
	Sort  (cost=48.08..48.11 rows=11 width=121)
	  Sort Key: c
	  ->  Index Scan using sbtest3_pkey on sbtest3  (cost=0.43..47.89 rows=11 width=121)
	        Index Cond: ((id >= 1474202) AND (id <= 1474211))

table 4 : explain SELECT c FROM sbtest4 WHERE id BETWEEN 2278013 AND 2278022 ORDER BY c
	Sort  (cost=44.09..44.11 rows=10 width=121)
	  Sort Key: c
	  ->  Index Scan using sbtest4_pkey on sbtest4  (cost=0.43..43.92 rows=10 width=121)
	        Index Cond: ((id >= 2278013) AND (id <= 2278022))

table 5 : explain SELECT c FROM sbtest5 WHERE id BETWEEN 54043 AND 54052 ORDER BY c
	Sort  (cost=44.08..44.10 rows=10 width=121)
	  Sort Key: c
	  ->  Index Scan using sbtest5_pkey on sbtest5  (cost=0.43..43.91 rows=10 width=121)
	        Index Cond: ((id >= 54043) AND (id <= 54052))

table 6 : explain SELECT c FROM sbtest6 WHERE id BETWEEN 9323177 AND 9323186 ORDER BY c
	Sort  (cost=40.10..40.12 rows=9 width=121)
	  Sort Key: c
	  ->  Index Scan using sbtest6_pkey on sbtest6  (cost=0.43..39.96 rows=9 width=121)
	        Index Cond: ((id >= 9323177) AND (id <= 9323186))

table 7 : explain SELECT c FROM sbtest7 WHERE id BETWEEN 2635483 AND 2635492 ORDER BY c
	Sort  (cost=44.01..44.04 rows=10 width=121)
	  Sort Key: c
	  ->  Index Scan using sbtest7_pkey on sbtest7  (cost=0.43..43.85 rows=10 width=121)
	        Index Cond: ((id >= 2635483) AND (id <= 2635492))

table 8 : explain SELECT c FROM sbtest8 WHERE id BETWEEN 5605509 AND 5605518 ORDER BY c
	Sort  (cost=44.13..44.15 rows=10 width=121)
	  Sort Key: c
	  ->  Index Scan using sbtest8_pkey on sbtest8  (cost=0.43..43.96 rows=10 width=121)
	        Index Cond: ((id >= 5605509) AND (id <= 5605518))

for: sum_ranges
table 1 : explain SELECT SUM(k) FROM sbtest1 WHERE id BETWEEN 3647589 AND 3647598
	Aggregate  (cost=44.03..44.04 rows=1 width=8)
	  ->  Index Scan using sbtest1_pkey on sbtest1  (cost=0.43..44.00 rows=10 width=4)
	        Index Cond: ((id >= 3647589) AND (id <= 3647598))

table 2 : explain SELECT SUM(k) FROM sbtest2 WHERE id BETWEEN 4873401 AND 4873410
	Aggregate  (cost=44.03..44.04 rows=1 width=8)
	  ->  Index Scan using sbtest2_pkey on sbtest2  (cost=0.43..44.00 rows=10 width=4)
	        Index Cond: ((id >= 4873401) AND (id <= 4873410))

table 3 : explain SELECT SUM(k) FROM sbtest3 WHERE id BETWEEN 7465290 AND 7465299
	Aggregate  (cost=40.03..40.04 rows=1 width=8)
	  ->  Index Scan using sbtest3_pkey on sbtest3  (cost=0.43..40.00 rows=9 width=4)
	        Index Cond: ((id >= 7465290) AND (id <= 7465299))

table 4 : explain SELECT SUM(k) FROM sbtest4 WHERE id BETWEEN 1894087 AND 1894096
	Aggregate  (cost=43.94..43.95 rows=1 width=8)
	  ->  Index Scan using sbtest4_pkey on sbtest4  (cost=0.43..43.92 rows=10 width=4)
	        Index Cond: ((id >= 1894087) AND (id <= 1894096))

table 5 : explain SELECT SUM(k) FROM sbtest5 WHERE id BETWEEN 1226793 AND 1226802
	Aggregate  (cost=47.88..47.89 rows=1 width=8)
	  ->  Index Scan using sbtest5_pkey on sbtest5  (cost=0.43..47.85 rows=11 width=4)
	        Index Cond: ((id >= 1226793) AND (id <= 1226802))

table 6 : explain SELECT SUM(k) FROM sbtest6 WHERE id BETWEEN 8170894 AND 8170903
	Aggregate  (cost=43.92..43.93 rows=1 width=8)
	  ->  Index Scan using sbtest6_pkey on sbtest6  (cost=0.43..43.90 rows=10 width=4)
	        Index Cond: ((id >= 8170894) AND (id <= 8170903))

table 7 : explain SELECT SUM(k) FROM sbtest7 WHERE id BETWEEN 936304 AND 936313
	Aggregate  (cost=47.81..47.82 rows=1 width=8)
	  ->  Index Scan using sbtest7_pkey on sbtest7  (cost=0.43..47.78 rows=11 width=4)
	        Index Cond: ((id >= 936304) AND (id <= 936313))

table 8 : explain SELECT SUM(k) FROM sbtest8 WHERE id BETWEEN 9077064 AND 9077073
	Aggregate  (cost=43.99..44.00 rows=1 width=8)
	  ->  Index Scan using sbtest8_pkey on sbtest8  (cost=0.43..43.96 rows=10 width=4)
	        Index Cond: ((id >= 9077064) AND (id <= 9077073))
for: simple_ranges
table 1 : explain SELECT c FROM sbtest1 WHERE id BETWEEN 4585277 AND 4585286
	Index Scan using sbtest1_pkey on sbtest1  (cost=0.43..44.00 rows=10 width=121)
	  Index Cond: ((id >= 4585277) AND (id <= 4585286))

table 2 : explain SELECT c FROM sbtest2 WHERE id BETWEEN 4035673 AND 4035682
	Index Scan using sbtest2_pkey on sbtest2  (cost=0.43..44.00 rows=10 width=121)
	  Index Cond: ((id >= 4035673) AND (id <= 4035682))

table 3 : explain SELECT c FROM sbtest3 WHERE id BETWEEN 3184314 AND 3184323
	Index Scan using sbtest3_pkey on sbtest3  (cost=0.43..47.89 rows=11 width=121)
	  Index Cond: ((id >= 3184314) AND (id <= 3184323))

table 4 : explain SELECT c FROM sbtest4 WHERE id BETWEEN 9379793 AND 9379802
	Index Scan using sbtest4_pkey on sbtest4  (cost=0.43..43.92 rows=10 width=121)
	  Index Cond: ((id >= 9379793) AND (id <= 9379802))

table 5 : explain SELECT c FROM sbtest5 WHERE id BETWEEN 8229614 AND 8229623
	Index Scan using sbtest5_pkey on sbtest5  (cost=0.43..43.91 rows=10 width=121)
	  Index Cond: ((id >= 8229614) AND (id <= 8229623))

table 6 : explain SELECT c FROM sbtest6 WHERE id BETWEEN 3826461 AND 3826470
	Index Scan using sbtest6_pkey on sbtest6  (cost=0.43..39.96 rows=9 width=121)
	  Index Cond: ((id >= 3826461) AND (id <= 3826470))

table 7 : explain SELECT c FROM sbtest7 WHERE id BETWEEN 2007513 AND 2007522
	Index Scan using sbtest7_pkey on sbtest7  (cost=0.43..47.78 rows=11 width=121)
	  Index Cond: ((id >= 2007513) AND (id <= 2007522))

table 8 : explain SELECT c FROM sbtest8 WHERE id BETWEEN 3924600 AND 3924609
	Index Scan using sbtest8_pkey on sbtest8  (cost=0.43..43.96 rows=10 width=121)
	  Index Cond: ((id >= 3924600) AND (id <= 3924609))


for: sum_ranges
table 1 : explain SELECT SUM(k) FROM sbtest1 WHERE id BETWEEN 9649350 AND 9649359
	Aggregate  (cost=47.98..47.99 rows=1 width=8)
	  ->  Index Scan using sbtest1_pkey on sbtest1  (cost=0.43..47.95 rows=11 width=4)
	        Index Cond: ((id >= 9649350) AND (id <= 9649359))

table 2 : explain SELECT SUM(k) FROM sbtest2 WHERE id BETWEEN 5063262 AND 5063271
	Aggregate  (cost=44.03..44.04 rows=1 width=8)
	  ->  Index Scan using sbtest2_pkey on sbtest2  (cost=0.43..44.00 rows=10 width=4)
	        Index Cond: ((id >= 5063262) AND (id <= 5063271))

table 3 : explain SELECT SUM(k) FROM sbtest3 WHERE id BETWEEN 5391248 AND 5391257
	Aggregate  (cost=43.97..43.98 rows=1 width=8)
	  ->  Index Scan using sbtest3_pkey on sbtest3  (cost=0.43..43.95 rows=10 width=4)
	        Index Cond: ((id >= 5391248) AND (id <= 5391257))

table 4 : explain SELECT SUM(k) FROM sbtest4 WHERE id BETWEEN 8146241 AND 8146250
	Aggregate  (cost=47.89..47.90 rows=1 width=8)
	  ->  Index Scan using sbtest4_pkey on sbtest4  (cost=0.43..47.86 rows=11 width=4)
	        Index Cond: ((id >= 8146241) AND (id <= 8146250))

table 5 : explain SELECT SUM(k) FROM sbtest5 WHERE id BETWEEN 9139335 AND 9139344
	Aggregate  (cost=39.99..40.00 rows=1 width=8)
	  ->  Index Scan using sbtest5_pkey on sbtest5  (cost=0.43..39.97 rows=9 width=4)
	        Index Cond: ((id >= 9139335) AND (id <= 9139344))

table 6 : explain SELECT SUM(k) FROM sbtest6 WHERE id BETWEEN 7199635 AND 7199644
	Aggregate  (cost=43.92..43.93 rows=1 width=8)
	  ->  Index Scan using sbtest6_pkey on sbtest6  (cost=0.43..43.90 rows=10 width=4)
	        Index Cond: ((id >= 7199635) AND (id <= 7199644))

table 7 : explain SELECT SUM(k) FROM sbtest7 WHERE id BETWEEN 295529 AND 295538
	Aggregate  (cost=43.87..43.88 rows=1 width=8)
	  ->  Index Scan using sbtest7_pkey on sbtest7  (cost=0.43..43.85 rows=10 width=4)
	        Index Cond: ((id >= 295529) AND (id <= 295538))

table 8 : explain SELECT SUM(k) FROM sbtest8 WHERE id BETWEEN 3412719 AND 3412728
	Aggregate  (cost=43.99..44.00 rows=1 width=8)
	  ->  Index Scan using sbtest8_pkey on sbtest8  (cost=0.43..43.96 rows=10 width=4)
	        Index Cond: ((id >= 3412719) AND (id <= 3412728))

for: order_ranges
table 1 : explain SELECT c FROM sbtest1 WHERE id BETWEEN 3362294 AND 3362303 ORDER BY c
	Sort  (cost=44.17..44.19 rows=10 width=121)
	  Sort Key: c
	  ->  Index Scan using sbtest1_pkey on sbtest1  (cost=0.43..44.00 rows=10 width=121)
	        Index Cond: ((id >= 3362294) AND (id <= 3362303))

table 2 : explain SELECT c FROM sbtest2 WHERE id BETWEEN 939821 AND 939830 ORDER BY c
	Sort  (cost=44.17..44.19 rows=10 width=121)
	  Sort Key: c
	  ->  Index Scan using sbtest2_pkey on sbtest2  (cost=0.43..44.00 rows=10 width=121)
	        Index Cond: ((id >= 939821) AND (id <= 939830))

table 3 : explain SELECT c FROM sbtest3 WHERE id BETWEEN 5113386 AND 5113395 ORDER BY c
	Sort  (cost=44.11..44.14 rows=10 width=121)
	  Sort Key: c
	  ->  Index Scan using sbtest3_pkey on sbtest3  (cost=0.43..43.95 rows=10 width=121)
	        Index Cond: ((id >= 5113386) AND (id <= 5113395))

table 4 : explain SELECT c FROM sbtest4 WHERE id BETWEEN 5230114 AND 5230123 ORDER BY c
	Sort  (cost=40.12..40.14 rows=9 width=121)
	  Sort Key: c
	  ->  Index Scan using sbtest4_pkey on sbtest4  (cost=0.43..39.98 rows=9 width=121)
	        Index Cond: ((id >= 5230114) AND (id <= 5230123))

table 5 : explain SELECT c FROM sbtest5 WHERE id BETWEEN 8799685 AND 8799694 ORDER BY c
	Sort  (cost=40.11..40.14 rows=9 width=121)
	  Sort Key: c
	  ->  Index Scan using sbtest5_pkey on sbtest5  (cost=0.43..39.97 rows=9 width=121)
	        Index Cond: ((id >= 8799685) AND (id <= 8799694))

table 6 : explain SELECT c FROM sbtest6 WHERE id BETWEEN 635158 AND 635167 ORDER BY c
	Sort  (cost=44.06..44.09 rows=10 width=121)
	  Sort Key: c
	  ->  Index Scan using sbtest6_pkey on sbtest6  (cost=0.43..43.90 rows=10 width=121)
	        Index Cond: ((id >= 635158) AND (id <= 635167))

table 7 : explain SELECT c FROM sbtest7 WHERE id BETWEEN 8810578 AND 8810587 ORDER BY c
	Sort  (cost=44.01..44.04 rows=10 width=121)
	  Sort Key: c
	  ->  Index Scan using sbtest7_pkey on sbtest7  (cost=0.43..43.85 rows=10 width=121)
	        Index Cond: ((id >= 8810578) AND (id <= 8810587))

table 8 : explain SELECT c FROM sbtest8 WHERE id BETWEEN 6724875 AND 6724884 ORDER BY c
	Sort  (cost=44.13..44.15 rows=10 width=121)
	  Sort Key: c
	  ->  Index Scan using sbtest8_pkey on sbtest8  (cost=0.43..43.96 rows=10 width=121)
	        Index Cond: ((id >= 6724875) AND (id <= 6724884))

for: simple_ranges
table 1 : explain SELECT c FROM sbtest1 WHERE id BETWEEN 169467 AND 169476
	Index Scan using sbtest1_pkey on sbtest1  (cost=0.43..44.00 rows=10 width=121)
	  Index Cond: ((id >= 169467) AND (id <= 169476))

table 2 : explain SELECT c FROM sbtest2 WHERE id BETWEEN 3269620 AND 3269629
	Index Scan using sbtest2_pkey on sbtest2  (cost=0.43..44.00 rows=10 width=121)
	  Index Cond: ((id >= 3269620) AND (id <= 3269629))

table 3 : explain SELECT c FROM sbtest3 WHERE id BETWEEN 5881179 AND 5881188
	Index Scan using sbtest3_pkey on sbtest3  (cost=0.43..43.95 rows=10 width=121)
	  Index Cond: ((id >= 5881179) AND (id <= 5881188))

table 4 : explain SELECT c FROM sbtest4 WHERE id BETWEEN 8145455 AND 8145464
	Index Scan using sbtest4_pkey on sbtest4  (cost=0.43..47.86 rows=11 width=121)
	  Index Cond: ((id >= 8145455) AND (id <= 8145464))

table 5 : explain SELECT c FROM sbtest5 WHERE id BETWEEN 2697639 AND 2697648
	Index Scan using sbtest5_pkey on sbtest5  (cost=0.43..43.91 rows=10 width=121)
	  Index Cond: ((id >= 2697639) AND (id <= 2697648))

table 6 : explain SELECT c FROM sbtest6 WHERE id BETWEEN 3631277 AND 3631286
	Index Scan using sbtest6_pkey on sbtest6  (cost=0.43..43.90 rows=10 width=121)
	  Index Cond: ((id >= 3631277) AND (id <= 3631286))

table 7 : explain SELECT c FROM sbtest7 WHERE id BETWEEN 7504484 AND 7504493
	Index Scan using sbtest7_pkey on sbtest7  (cost=0.43..43.85 rows=10 width=121)
	  Index Cond: ((id >= 7504484) AND (id <= 7504493))

table 8 : explain SELECT c FROM sbtest8 WHERE id BETWEEN 6056682 AND 6056691
	Index Scan using sbtest8_pkey on sbtest8  (cost=0.43..43.96 rows=10 width=121)
	  Index Cond: ((id >= 6056682) AND (id <= 6056691))

for: sum_ranges
table 1 : explain SELECT SUM(k) FROM sbtest1 WHERE id BETWEEN 8653061 AND 8653070
	Aggregate  (cost=44.03..44.04 rows=1 width=8)
	  ->  Index Scan using sbtest1_pkey on sbtest1  (cost=0.43..44.00 rows=10 width=4)
	        Index Cond: ((id >= 8653061) AND (id <= 8653070))

table 2 : explain SELECT SUM(k) FROM sbtest2 WHERE id BETWEEN 4898205 AND 4898214
	Aggregate  (cost=44.03..44.04 rows=1 width=8)
	  ->  Index Scan using sbtest2_pkey on sbtest2  (cost=0.43..44.00 rows=10 width=4)
	        Index Cond: ((id >= 4898205) AND (id <= 4898214))

table 3 : explain SELECT SUM(k) FROM sbtest3 WHERE id BETWEEN 8205605 AND 8205614
	Aggregate  (cost=43.97..43.98 rows=1 width=8)
	  ->  Index Scan using sbtest3_pkey on sbtest3  (cost=0.43..43.95 rows=10 width=4)
	        Index Cond: ((id >= 8205605) AND (id <= 8205614))

table 4 : explain SELECT SUM(k) FROM sbtest4 WHERE id BETWEEN 5186942 AND 5186951
	Aggregate  (cost=40.00..40.01 rows=1 width=8)
	  ->  Index Scan using sbtest4_pkey on sbtest4  (cost=0.43..39.98 rows=9 width=4)
	        Index Cond: ((id >= 5186942) AND (id <= 5186951))

table 5 : explain SELECT SUM(k) FROM sbtest5 WHERE id BETWEEN 5837862 AND 5837871
	Aggregate  (cost=43.93..43.94 rows=1 width=8)
	  ->  Index Scan using sbtest5_pkey on sbtest5  (cost=0.43..43.91 rows=10 width=4)
	        Index Cond: ((id >= 5837862) AND (id <= 5837871))

table 6 : explain SELECT SUM(k) FROM sbtest6 WHERE id BETWEEN 597555 AND 597564
	Aggregate  (cost=43.92..43.93 rows=1 width=8)
	  ->  Index Scan using sbtest6_pkey on sbtest6  (cost=0.43..43.90 rows=10 width=4)
	        Index Cond: ((id >= 597555) AND (id <= 597564))

table 7 : explain SELECT SUM(k) FROM sbtest7 WHERE id BETWEEN 2688277 AND 2688286
	Aggregate  (cost=43.87..43.88 rows=1 width=8)
	  ->  Index Scan using sbtest7_pkey on sbtest7  (cost=0.43..43.85 rows=10 width=4)
	        Index Cond: ((id >= 2688277) AND (id <= 2688286))

table 8 : explain SELECT SUM(k) FROM sbtest8 WHERE id BETWEEN 2157819 AND 2157828
	Aggregate  (cost=43.99..44.00 rows=1 width=8)
	  ->  Index Scan using sbtest8_pkey on sbtest8  (cost=0.43..43.96 rows=10 width=4)
	        Index Cond: ((id >= 2157819) AND (id <= 2157828))

for: simple_ranges
table 1 : explain SELECT c FROM sbtest1 WHERE id BETWEEN 4005034 AND 4005043
	Index Scan using sbtest1_pkey on sbtest1  (cost=0.43..44.00 rows=10 width=121)
	  Index Cond: ((id >= 4005034) AND (id <= 4005043))

table 2 : explain SELECT c FROM sbtest2 WHERE id BETWEEN 6101948 AND 6101957
	Index Scan using sbtest2_pkey on sbtest2  (cost=0.43..47.95 rows=11 width=121)
	  Index Cond: ((id >= 6101948) AND (id <= 6101957))

table 3 : explain SELECT c FROM sbtest3 WHERE id BETWEEN 6795707 AND 6795716
	Index Scan using sbtest3_pkey on sbtest3  (cost=0.43..40.00 rows=9 width=121)
	  Index Cond: ((id >= 6795707) AND (id <= 6795716))

table 4 : explain SELECT c FROM sbtest4 WHERE id BETWEEN 402696 AND 402705
	Index Scan using sbtest4_pkey on sbtest4  (cost=0.43..43.92 rows=10 width=121)
	  Index Cond: ((id >= 402696) AND (id <= 402705))

table 5 : explain SELECT c FROM sbtest5 WHERE id BETWEEN 7503264 AND 7503273
	Index Scan using sbtest5_pkey on sbtest5  (cost=0.43..39.97 rows=9 width=121)
	  Index Cond: ((id >= 7503264) AND (id <= 7503273))

table 6 : explain SELECT c FROM sbtest6 WHERE id BETWEEN 4560136 AND 4560145
	Index Scan using sbtest6_pkey on sbtest6  (cost=0.43..43.90 rows=10 width=121)
	  Index Cond: ((id >= 4560136) AND (id <= 4560145))

table 7 : explain SELECT c FROM sbtest7 WHERE id BETWEEN 9976432 AND 9976441
	Index Scan using sbtest7_pkey on sbtest7  (cost=0.43..43.85 rows=10 width=121)
	  Index Cond: ((id >= 9976432) AND (id <= 9976441))

table 8 : explain SELECT c FROM sbtest8 WHERE id BETWEEN 6860885 AND 6860894
	Index Scan using sbtest8_pkey on sbtest8  (cost=0.43..43.96 rows=10 width=121)
	  Index Cond: ((id >= 6860885) AND (id <= 6860894))

for: order_ranges
table 1 : explain SELECT c FROM sbtest1 WHERE id BETWEEN 8413926 AND 8413935 ORDER BY c
	Sort  (cost=44.17..44.19 rows=10 width=121)
	  Sort Key: c
	  ->  Index Scan using sbtest1_pkey on sbtest1  (cost=0.43..44.00 rows=10 width=121)
	        Index Cond: ((id >= 8413926) AND (id <= 8413935))

table 2 : explain SELECT c FROM sbtest2 WHERE id BETWEEN 3826209 AND 3826218 ORDER BY c
	Sort  (cost=44.17..44.19 rows=10 width=121)
	  Sort Key: c
	  ->  Index Scan using sbtest2_pkey on sbtest2  (cost=0.43..44.00 rows=10 width=121)
	        Index Cond: ((id >= 3826209) AND (id <= 3826218))

table 3 : explain SELECT c FROM sbtest3 WHERE id BETWEEN 2940962 AND 2940971 ORDER BY c
	Sort  (cost=40.15..40.17 rows=9 width=121)
	  Sort Key: c
	  ->  Index Scan using sbtest3_pkey on sbtest3  (cost=0.43..40.00 rows=9 width=121)
	        Index Cond: ((id >= 2940962) AND (id <= 2940971))

table 4 : explain SELECT c FROM sbtest4 WHERE id BETWEEN 3231717 AND 3231726 ORDER BY c
	Sort  (cost=40.12..40.14 rows=9 width=121)
	  Sort Key: c
	  ->  Index Scan using sbtest4_pkey on sbtest4  (cost=0.43..39.98 rows=9 width=121)
	        Index Cond: ((id >= 3231717) AND (id <= 3231726))

table 5 : explain SELECT c FROM sbtest5 WHERE id BETWEEN 4343240 AND 4343249 ORDER BY c
	Sort  (cost=44.08..44.10 rows=10 width=121)
	  Sort Key: c
	  ->  Index Scan using sbtest5_pkey on sbtest5  (cost=0.43..43.91 rows=10 width=121)
	        Index Cond: ((id >= 4343240) AND (id <= 4343249))

table 6 : explain SELECT c FROM sbtest6 WHERE id BETWEEN 4707197 AND 4707206 ORDER BY c
	Sort  (cost=44.06..44.09 rows=10 width=121)
	  Sort Key: c
	  ->  Index Scan using sbtest6_pkey on sbtest6  (cost=0.43..43.90 rows=10 width=121)
	        Index Cond: ((id >= 4707197) AND (id <= 4707206))

table 7 : explain SELECT c FROM sbtest7 WHERE id BETWEEN 5794350 AND 5794359 ORDER BY c
	Sort  (cost=44.01..44.04 rows=10 width=121)
	  Sort Key: c
	  ->  Index Scan using sbtest7_pkey on sbtest7  (cost=0.43..43.85 rows=10 width=121)
	        Index Cond: ((id >= 5794350) AND (id <= 5794359))

table 8 : explain SELECT c FROM sbtest8 WHERE id BETWEEN 9391740 AND 9391749 ORDER BY c
	Sort  (cost=40.16..40.18 rows=9 width=121)
	  Sort Key: c
	  ->  Index Scan using sbtest8_pkey on sbtest8  (cost=0.43..40.02 rows=9 width=121)
	        Index Cond: ((id >= 9391740) AND (id <= 9391749))

for: order_ranges
table 1 : explain SELECT c FROM sbtest1 WHERE id BETWEEN 8453616 AND 8453625 ORDER BY c
	Sort  (cost=44.17..44.19 rows=10 width=121)
	  Sort Key: c
	  ->  Index Scan using sbtest1_pkey on sbtest1  (cost=0.43..44.00 rows=10 width=121)
	        Index Cond: ((id >= 8453616) AND (id <= 8453625))

table 2 : explain SELECT c FROM sbtest2 WHERE id BETWEEN 9114177 AND 9114186 ORDER BY c
	Sort  (cost=44.17..44.19 rows=10 width=121)
	  Sort Key: c
	  ->  Index Scan using sbtest2_pkey on sbtest2  (cost=0.43..44.00 rows=10 width=121)
	        Index Cond: ((id >= 9114177) AND (id <= 9114186))

table 3 : explain SELECT c FROM sbtest3 WHERE id BETWEEN 230152 AND 230161 ORDER BY c
	Sort  (cost=44.11..44.14 rows=10 width=121)
	  Sort Key: c
	  ->  Index Scan using sbtest3_pkey on sbtest3  (cost=0.43..43.95 rows=10 width=121)
	        Index Cond: ((id >= 230152) AND (id <= 230161))

table 4 : explain SELECT c FROM sbtest4 WHERE id BETWEEN 4900417 AND 4900426 ORDER BY c
	Sort  (cost=44.09..44.11 rows=10 width=121)
	  Sort Key: c
	  ->  Index Scan using sbtest4_pkey on sbtest4  (cost=0.43..43.92 rows=10 width=121)
	        Index Cond: ((id >= 4900417) AND (id <= 4900426))

table 5 : explain SELECT c FROM sbtest5 WHERE id BETWEEN 4857784 AND 4857793 ORDER BY c
	Sort  (cost=48.04..48.07 rows=11 width=121)
	  Sort Key: c
	  ->  Index Scan using sbtest5_pkey on sbtest5  (cost=0.43..47.85 rows=11 width=121)
	        Index Cond: ((id >= 4857784) AND (id <= 4857793))

table 6 : explain SELECT c FROM sbtest6 WHERE id BETWEEN 7413343 AND 7413352 ORDER BY c
	Sort  (cost=40.10..40.12 rows=9 width=121)
	  Sort Key: c
	  ->  Index Scan using sbtest6_pkey on sbtest6  (cost=0.43..39.96 rows=9 width=121)
	        Index Cond: ((id >= 7413343) AND (id <= 7413352))

table 7 : explain SELECT c FROM sbtest7 WHERE id BETWEEN 6832397 AND 6832406 ORDER BY c
	Sort  (cost=44.01..44.04 rows=10 width=121)
	  Sort Key: c
	  ->  Index Scan using sbtest7_pkey on sbtest7  (cost=0.43..43.85 rows=10 width=121)
	        Index Cond: ((id >= 6832397) AND (id <= 6832406))

table 8 : explain SELECT c FROM sbtest8 WHERE id BETWEEN 1466301 AND 1466310 ORDER BY c
	Sort  (cost=44.13..44.15 rows=10 width=121)
	  Sort Key: c
	  ->  Index Scan using sbtest8_pkey on sbtest8  (cost=0.43..43.96 rows=10 width=121)
	        Index Cond: ((id >= 1466301) AND (id <= 1466310))

for: sum_ranges
table 1 : explain SELECT SUM(k) FROM sbtest1 WHERE id BETWEEN 8295753 AND 8295762
	Aggregate  (cost=47.98..47.99 rows=1 width=8)
	  ->  Index Scan using sbtest1_pkey on sbtest1  (cost=0.43..47.95 rows=11 width=4)
	        Index Cond: ((id >= 8295753) AND (id <= 8295762))

table 2 : explain SELECT SUM(k) FROM sbtest2 WHERE id BETWEEN 6501975 AND 6501984
	Aggregate  (cost=44.03..44.04 rows=1 width=8)
	  ->  Index Scan using sbtest2_pkey on sbtest2  (cost=0.43..44.00 rows=10 width=4)
	        Index Cond: ((id >= 6501975) AND (id <= 6501984))

table 3 : explain SELECT SUM(k) FROM sbtest3 WHERE id BETWEEN 9723918 AND 9723927
	Aggregate  (cost=43.97..43.98 rows=1 width=8)
	  ->  Index Scan using sbtest3_pkey on sbtest3  (cost=0.43..43.95 rows=10 width=4)
	        Index Cond: ((id >= 9723918) AND (id <= 9723927))

table 4 : explain SELECT SUM(k) FROM sbtest4 WHERE id BETWEEN 28273 AND 28282
	Aggregate  (cost=43.94..43.95 rows=1 width=8)
	  ->  Index Scan using sbtest4_pkey on sbtest4  (cost=0.43..43.92 rows=10 width=4)
	        Index Cond: ((id >= 28273) AND (id <= 28282))

table 5 : explain SELECT SUM(k) FROM sbtest5 WHERE id BETWEEN 2065696 AND 2065705
	Aggregate  (cost=43.93..43.94 rows=1 width=8)
	  ->  Index Scan using sbtest5_pkey on sbtest5  (cost=0.43..43.91 rows=10 width=4)
	        Index Cond: ((id >= 2065696) AND (id <= 2065705))

table 6 : explain SELECT SUM(k) FROM sbtest6 WHERE id BETWEEN 3364489 AND 3364498
	Aggregate  (cost=51.80..51.81 rows=1 width=8)
	  ->  Index Scan using sbtest6_pkey on sbtest6  (cost=0.43..51.77 rows=12 width=4)
	        Index Cond: ((id >= 3364489) AND (id <= 3364498))

table 7 : explain SELECT SUM(k) FROM sbtest7 WHERE id BETWEEN 5362624 AND 5362633
	Aggregate  (cost=43.87..43.88 rows=1 width=8)
	  ->  Index Scan using sbtest7_pkey on sbtest7  (cost=0.43..43.85 rows=10 width=4)
	        Index Cond: ((id >= 5362624) AND (id <= 5362633))

table 8 : explain SELECT SUM(k) FROM sbtest8 WHERE id BETWEEN 3705501 AND 3705510
	Aggregate  (cost=43.99..44.00 rows=1 width=8)
	  ->  Index Scan using sbtest8_pkey on sbtest8  (cost=0.43..43.96 rows=10 width=4)
	        Index Cond: ((id >= 3705501) AND (id <= 3705510))

for: order_ranges
table 1 : explain SELECT c FROM sbtest1 WHERE id BETWEEN 1863292 AND 1863301 ORDER BY c
	Sort  (cost=44.17..44.19 rows=10 width=121)
	  Sort Key: c
	  ->  Index Scan using sbtest1_pkey on sbtest1  (cost=0.43..44.00 rows=10 width=121)
	        Index Cond: ((id >= 1863292) AND (id <= 1863301))

table 2 : explain SELECT c FROM sbtest2 WHERE id BETWEEN 5354363 AND 5354372 ORDER BY c
	Sort  (cost=48.14..48.17 rows=11 width=121)
	  Sort Key: c
	  ->  Index Scan using sbtest2_pkey on sbtest2  (cost=0.43..47.95 rows=11 width=121)
	        Index Cond: ((id >= 5354363) AND (id <= 5354372))

table 3 : explain SELECT c FROM sbtest3 WHERE id BETWEEN 2656023 AND 2656032 ORDER BY c
	Sort  (cost=48.08..48.11 rows=11 width=121)
	  Sort Key: c
	  ->  Index Scan using sbtest3_pkey on sbtest3  (cost=0.43..47.89 rows=11 width=121)
	        Index Cond: ((id >= 2656023) AND (id <= 2656032))

table 4 : explain SELECT c FROM sbtest4 WHERE id BETWEEN 3064722 AND 3064731 ORDER BY c
	Sort  (cost=44.09..44.11 rows=10 width=121)
	  Sort Key: c
	  ->  Index Scan using sbtest4_pkey on sbtest4  (cost=0.43..43.92 rows=10 width=121)
	        Index Cond: ((id >= 3064722) AND (id <= 3064731))

table 5 : explain SELECT c FROM sbtest5 WHERE id BETWEEN 2966571 AND 2966580 ORDER BY c
	Sort  (cost=44.08..44.10 rows=10 width=121)
	  Sort Key: c
	  ->  Index Scan using sbtest5_pkey on sbtest5  (cost=0.43..43.91 rows=10 width=121)
	        Index Cond: ((id >= 2966571) AND (id <= 2966580))

table 6 : explain SELECT c FROM sbtest6 WHERE id BETWEEN 6990259 AND 6990268 ORDER BY c
	Sort  (cost=48.02..48.05 rows=11 width=121)
	  Sort Key: c
	  ->  Index Scan using sbtest6_pkey on sbtest6  (cost=0.43..47.83 rows=11 width=121)
	        Index Cond: ((id >= 6990259) AND (id <= 6990268))

table 7 : explain SELECT c FROM sbtest7 WHERE id BETWEEN 9996423 AND 9996432 ORDER BY c
	Sort  (cost=44.01..44.04 rows=10 width=121)
	  Sort Key: c
	  ->  Index Scan using sbtest7_pkey on sbtest7  (cost=0.43..43.85 rows=10 width=121)
	        Index Cond: ((id >= 9996423) AND (id <= 9996432))

table 8 : explain SELECT c FROM sbtest8 WHERE id BETWEEN 8532537 AND 8532546 ORDER BY c
	Sort  (cost=40.16..40.18 rows=9 width=121)
	  Sort Key: c
	  ->  Index Scan using sbtest8_pkey on sbtest8  (cost=0.43..40.02 rows=9 width=121)
	        Index Cond: ((id >= 8532537) AND (id <= 8532546))

for: sum_ranges
table 1 : explain SELECT SUM(k) FROM sbtest1 WHERE id BETWEEN 1098952 AND 1098961
	Aggregate  (cost=40.08..40.09 rows=1 width=8)
	  ->  Index Scan using sbtest1_pkey on sbtest1  (cost=0.43..40.05 rows=9 width=4)
	        Index Cond: ((id >= 1098952) AND (id <= 1098961))

table 2 : explain SELECT SUM(k) FROM sbtest2 WHERE id BETWEEN 5457133 AND 5457142
	Aggregate  (cost=40.07..40.08 rows=1 width=8)
	  ->  Index Scan using sbtest2_pkey on sbtest2  (cost=0.43..40.05 rows=9 width=4)
	        Index Cond: ((id >= 5457133) AND (id <= 5457142))

table 3 : explain SELECT SUM(k) FROM sbtest3 WHERE id BETWEEN 5514006 AND 5514015
	Aggregate  (cost=51.87..51.88 rows=1 width=8)
	  ->  Index Scan using sbtest3_pkey on sbtest3  (cost=0.43..51.84 rows=12 width=4)
	        Index Cond: ((id >= 5514006) AND (id <= 5514015))

table 4 : explain SELECT SUM(k) FROM sbtest4 WHERE id BETWEEN 232651 AND 232660
	Aggregate  (cost=43.94..43.95 rows=1 width=8)
	  ->  Index Scan using sbtest4_pkey on sbtest4  (cost=0.43..43.92 rows=10 width=4)
	        Index Cond: ((id >= 232651) AND (id <= 232660))

table 5 : explain SELECT SUM(k) FROM sbtest5 WHERE id BETWEEN 5410352 AND 5410361
	Aggregate  (cost=43.93..43.94 rows=1 width=8)
	  ->  Index Scan using sbtest5_pkey on sbtest5  (cost=0.43..43.91 rows=10 width=4)
	        Index Cond: ((id >= 5410352) AND (id <= 5410361))

table 6 : explain SELECT SUM(k) FROM sbtest6 WHERE id BETWEEN 765872 AND 765881
	Aggregate  (cost=43.92..43.93 rows=1 width=8)
	  ->  Index Scan using sbtest6_pkey on sbtest6  (cost=0.43..43.90 rows=10 width=4)
	        Index Cond: ((id >= 765872) AND (id <= 765881))

table 7 : explain SELECT SUM(k) FROM sbtest7 WHERE id BETWEEN 138012 AND 138021
	Aggregate  (cost=39.94..39.95 rows=1 width=8)
	  ->  Index Scan using sbtest7_pkey on sbtest7  (cost=0.43..39.92 rows=9 width=4)
	        Index Cond: ((id >= 138012) AND (id <= 138021))

table 8 : explain SELECT SUM(k) FROM sbtest8 WHERE id BETWEEN 5644144 AND 5644153
	Aggregate  (cost=43.99..44.00 rows=1 width=8)
	  ->  Index Scan using sbtest8_pkey on sbtest8  (cost=0.43..43.96 rows=10 width=4)
	        Index Cond: ((id >= 5644144) AND (id <= 5644153))

for: order_ranges
table 1 : explain SELECT c FROM sbtest1 WHERE id BETWEEN 6157640 AND 6157649 ORDER BY c
	Sort  (cost=44.17..44.19 rows=10 width=121)
	  Sort Key: c
	  ->  Index Scan using sbtest1_pkey on sbtest1  (cost=0.43..44.00 rows=10 width=121)
	        Index Cond: ((id >= 6157640) AND (id <= 6157649))

table 2 : explain SELECT c FROM sbtest2 WHERE id BETWEEN 7856398 AND 7856407 ORDER BY c
	Sort  (cost=44.17..44.19 rows=10 width=121)
	  Sort Key: c
	  ->  Index Scan using sbtest2_pkey on sbtest2  (cost=0.43..44.00 rows=10 width=121)
	        Index Cond: ((id >= 7856398) AND (id <= 7856407))

table 3 : explain SELECT c FROM sbtest3 WHERE id BETWEEN 9754769 AND 9754778 ORDER BY c
	Sort  (cost=44.11..44.14 rows=10 width=121)
	  Sort Key: c
	  ->  Index Scan using sbtest3_pkey on sbtest3  (cost=0.43..43.95 rows=10 width=121)
	        Index Cond: ((id >= 9754769) AND (id <= 9754778))

table 4 : explain SELECT c FROM sbtest4 WHERE id BETWEEN 2425956 AND 2425965 ORDER BY c
	Sort  (cost=44.09..44.11 rows=10 width=121)
	  Sort Key: c
	  ->  Index Scan using sbtest4_pkey on sbtest4  (cost=0.43..43.92 rows=10 width=121)
	        Index Cond: ((id >= 2425956) AND (id <= 2425965))

table 5 : explain SELECT c FROM sbtest5 WHERE id BETWEEN 2140810 AND 2140819 ORDER BY c
	Sort  (cost=48.04..48.07 rows=11 width=121)
	  Sort Key: c
	  ->  Index Scan using sbtest5_pkey on sbtest5  (cost=0.43..47.85 rows=11 width=121)
	        Index Cond: ((id >= 2140810) AND (id <= 2140819))

table 6 : explain SELECT c FROM sbtest6 WHERE id BETWEEN 1480187 AND 1480196 ORDER BY c
	Sort  (cost=44.06..44.09 rows=10 width=121)
	  Sort Key: c
	  ->  Index Scan using sbtest6_pkey on sbtest6  (cost=0.43..43.90 rows=10 width=121)
	        Index Cond: ((id >= 1480187) AND (id <= 1480196))

table 7 : explain SELECT c FROM sbtest7 WHERE id BETWEEN 3005597 AND 3005606 ORDER BY c
	Sort  (cost=44.01..44.04 rows=10 width=121)
	  Sort Key: c
	  ->  Index Scan using sbtest7_pkey on sbtest7  (cost=0.43..43.85 rows=10 width=121)
	        Index Cond: ((id >= 3005597) AND (id <= 3005606))

table 8 : explain SELECT c FROM sbtest8 WHERE id BETWEEN 8516946 AND 8516955 ORDER BY c
	Sort  (cost=40.16..40.18 rows=9 width=121)
	  Sort Key: c
	  ->  Index Scan using sbtest8_pkey on sbtest8  (cost=0.43..40.02 rows=9 width=121)
	        Index Cond: ((id >= 8516946) AND (id <= 8516955))

for: simple_ranges
table 1 : explain SELECT c FROM sbtest1 WHERE id BETWEEN 8258318 AND 8258327
	Index Scan using sbtest1_pkey on sbtest1  (cost=0.43..47.95 rows=11 width=121)
	  Index Cond: ((id >= 8258318) AND (id <= 8258327))

table 2 : explain SELECT c FROM sbtest2 WHERE id BETWEEN 4182742 AND 4182751
	Index Scan using sbtest2_pkey on sbtest2  (cost=0.43..44.00 rows=10 width=121)
	  Index Cond: ((id >= 4182742) AND (id <= 4182751))

table 3 : explain SELECT c FROM sbtest3 WHERE id BETWEEN 8188539 AND 8188548
	Index Scan using sbtest3_pkey on sbtest3  (cost=0.43..43.95 rows=10 width=121)
	  Index Cond: ((id >= 8188539) AND (id <= 8188548))

table 4 : explain SELECT c FROM sbtest4 WHERE id BETWEEN 7335235 AND 7335244
	Index Scan using sbtest4_pkey on sbtest4  (cost=0.43..43.92 rows=10 width=121)
	  Index Cond: ((id >= 7335235) AND (id <= 7335244))

table 5 : explain SELECT c FROM sbtest5 WHERE id BETWEEN 3535492 AND 3535501
	Index Scan using sbtest5_pkey on sbtest5  (cost=0.43..39.97 rows=9 width=121)
	  Index Cond: ((id >= 3535492) AND (id <= 3535501))

table 6 : explain SELECT c FROM sbtest6 WHERE id BETWEEN 6631923 AND 6631932
	Index Scan using sbtest6_pkey on sbtest6  (cost=0.43..43.90 rows=10 width=121)
	  Index Cond: ((id >= 6631923) AND (id <= 6631932))

table 7 : explain SELECT c FROM sbtest7 WHERE id BETWEEN 1294874 AND 1294883
	Index Scan using sbtest7_pkey on sbtest7  (cost=0.43..43.85 rows=10 width=121)
	  Index Cond: ((id >= 1294874) AND (id <= 1294883))

table 8 : explain SELECT c FROM sbtest8 WHERE id BETWEEN 6414804 AND 6414813
	Index Scan using sbtest8_pkey on sbtest8  (cost=0.43..43.96 rows=10 width=121)
	  Index Cond: ((id >= 6414804) AND (id <= 6414813))

for: order_ranges
table 1 : explain SELECT c FROM sbtest1 WHERE id BETWEEN 540263 AND 540272 ORDER BY c
	Sort  (cost=44.17..44.19 rows=10 width=121)
	  Sort Key: c
	  ->  Index Scan using sbtest1_pkey on sbtest1  (cost=0.43..44.00 rows=10 width=121)
	        Index Cond: ((id >= 540263) AND (id <= 540272))

table 2 : explain SELECT c FROM sbtest2 WHERE id BETWEEN 3010897 AND 3010906 ORDER BY c
	Sort  (cost=44.17..44.19 rows=10 width=121)
	  Sort Key: c
	  ->  Index Scan using sbtest2_pkey on sbtest2  (cost=0.43..44.00 rows=10 width=121)
	        Index Cond: ((id >= 3010897) AND (id <= 3010906))

table 3 : explain SELECT c FROM sbtest3 WHERE id BETWEEN 1123319 AND 1123328 ORDER BY c
	Sort  (cost=44.11..44.14 rows=10 width=121)
	  Sort Key: c
	  ->  Index Scan using sbtest3_pkey on sbtest3  (cost=0.43..43.95 rows=10 width=121)
	        Index Cond: ((id >= 1123319) AND (id <= 1123328))

table 4 : explain SELECT c FROM sbtest4 WHERE id BETWEEN 4956536 AND 4956545 ORDER BY c
	Sort  (cost=44.09..44.11 rows=10 width=121)
	  Sort Key: c
	  ->  Index Scan using sbtest4_pkey on sbtest4  (cost=0.43..43.92 rows=10 width=121)
	        Index Cond: ((id >= 4956536) AND (id <= 4956545))

table 5 : explain SELECT c FROM sbtest5 WHERE id BETWEEN 9300733 AND 9300742 ORDER BY c
	Sort  (cost=48.04..48.07 rows=11 width=121)
	  Sort Key: c
	  ->  Index Scan using sbtest5_pkey on sbtest5  (cost=0.43..47.85 rows=11 width=121)
	        Index Cond: ((id >= 9300733) AND (id <= 9300742))

table 6 : explain SELECT c FROM sbtest6 WHERE id BETWEEN 8249989 AND 8249998 ORDER BY c
	Sort  (cost=48.02..48.05 rows=11 width=121)
	  Sort Key: c
	  ->  Index Scan using sbtest6_pkey on sbtest6  (cost=0.43..47.83 rows=11 width=121)
	        Index Cond: ((id >= 8249989) AND (id <= 8249998))

table 7 : explain SELECT c FROM sbtest7 WHERE id BETWEEN 4346534 AND 4346543 ORDER BY c
	Sort  (cost=40.06..40.08 rows=9 width=121)
	  Sort Key: c
	  ->  Index Scan using sbtest7_pkey on sbtest7  (cost=0.43..39.92 rows=9 width=121)
	        Index Cond: ((id >= 4346534) AND (id <= 4346543))

table 8 : explain SELECT c FROM sbtest8 WHERE id BETWEEN 6475909 AND 6475918 ORDER BY c
	Sort  (cost=44.13..44.15 rows=10 width=121)
	  Sort Key: c
	  ->  Index Scan using sbtest8_pkey on sbtest8  (cost=0.43..43.96 rows=10 width=121)
	        Index Cond: ((id >= 6475909) AND (id <= 6475918))

for: order_ranges
table 1 : explain SELECT c FROM sbtest1 WHERE id BETWEEN 6693552 AND 6693561 ORDER BY c
	Sort  (cost=44.17..44.19 rows=10 width=121)
	  Sort Key: c
	  ->  Index Scan using sbtest1_pkey on sbtest1  (cost=0.43..44.00 rows=10 width=121)
	        Index Cond: ((id >= 6693552) AND (id <= 6693561))

table 2 : explain SELECT c FROM sbtest2 WHERE id BETWEEN 7603642 AND 7603651 ORDER BY c
	Sort  (cost=44.17..44.19 rows=10 width=121)
	  Sort Key: c
	  ->  Index Scan using sbtest2_pkey on sbtest2  (cost=0.43..44.00 rows=10 width=121)
	        Index Cond: ((id >= 7603642) AND (id <= 7603651))

table 3 : explain SELECT c FROM sbtest3 WHERE id BETWEEN 3124246 AND 3124255 ORDER BY c
	Sort  (cost=44.11..44.14 rows=10 width=121)
	  Sort Key: c
	  ->  Index Scan using sbtest3_pkey on sbtest3  (cost=0.43..43.95 rows=10 width=121)
	        Index Cond: ((id >= 3124246) AND (id <= 3124255))

table 4 : explain SELECT c FROM sbtest4 WHERE id BETWEEN 9245422 AND 9245431 ORDER BY c
	Sort  (cost=40.12..40.14 rows=9 width=121)
	  Sort Key: c
	  ->  Index Scan using sbtest4_pkey on sbtest4  (cost=0.43..39.98 rows=9 width=121)
	        Index Cond: ((id >= 9245422) AND (id <= 9245431))

table 5 : explain SELECT c FROM sbtest5 WHERE id BETWEEN 6336080 AND 6336089 ORDER BY c
	Sort  (cost=44.08..44.10 rows=10 width=121)
	  Sort Key: c
	  ->  Index Scan using sbtest5_pkey on sbtest5  (cost=0.43..43.91 rows=10 width=121)
	        Index Cond: ((id >= 6336080) AND (id <= 6336089))

table 6 : explain SELECT c FROM sbtest6 WHERE id BETWEEN 7303791 AND 7303800 ORDER BY c
	Sort  (cost=48.02..48.05 rows=11 width=121)
	  Sort Key: c
	  ->  Index Scan using sbtest6_pkey on sbtest6  (cost=0.43..47.83 rows=11 width=121)
	        Index Cond: ((id >= 7303791) AND (id <= 7303800))

table 7 : explain SELECT c FROM sbtest7 WHERE id BETWEEN 4104196 AND 4104205 ORDER BY c
	Sort  (cost=44.01..44.04 rows=10 width=121)
	  Sort Key: c
	  ->  Index Scan using sbtest7_pkey on sbtest7  (cost=0.43..43.85 rows=10 width=121)
	        Index Cond: ((id >= 4104196) AND (id <= 4104205))

table 8 : explain SELECT c FROM sbtest8 WHERE id BETWEEN 4278257 AND 4278266 ORDER BY c
	Sort  (cost=44.13..44.15 rows=10 width=121)
	  Sort Key: c
	  ->  Index Scan using sbtest8_pkey on sbtest8  (cost=0.43..43.96 rows=10 width=121)
	        Index Cond: ((id >= 4278257) AND (id <= 4278266))

for: order_ranges
table 1 : explain SELECT c FROM sbtest1 WHERE id BETWEEN 4215839 AND 4215848 ORDER BY c
	Sort  (cost=44.17..44.19 rows=10 width=121)
	  Sort Key: c
	  ->  Index Scan using sbtest1_pkey on sbtest1  (cost=0.43..44.00 rows=10 width=121)
	        Index Cond: ((id >= 4215839) AND (id <= 4215848))

table 2 : explain SELECT c FROM sbtest2 WHERE id BETWEEN 4848828 AND 4848837 ORDER BY c
	Sort  (cost=44.17..44.19 rows=10 width=121)
	  Sort Key: c
	  ->  Index Scan using sbtest2_pkey on sbtest2  (cost=0.43..44.00 rows=10 width=121)
	        Index Cond: ((id >= 4848828) AND (id <= 4848837))

table 3 : explain SELECT c FROM sbtest3 WHERE id BETWEEN 1146301 AND 1146310 ORDER BY c
	Sort  (cost=44.11..44.14 rows=10 width=121)
	  Sort Key: c
	  ->  Index Scan using sbtest3_pkey on sbtest3  (cost=0.43..43.95 rows=10 width=121)
	        Index Cond: ((id >= 1146301) AND (id <= 1146310))

table 4 : explain SELECT c FROM sbtest4 WHERE id BETWEEN 6280761 AND 6280770 ORDER BY c
	Sort  (cost=44.09..44.11 rows=10 width=121)
	  Sort Key: c
	  ->  Index Scan using sbtest4_pkey on sbtest4  (cost=0.43..43.92 rows=10 width=121)
	        Index Cond: ((id >= 6280761) AND (id <= 6280770))

table 5 : explain SELECT c FROM sbtest5 WHERE id BETWEEN 1820749 AND 1820758 ORDER BY c
	Sort  (cost=48.04..48.07 rows=11 width=121)
	  Sort Key: c
	  ->  Index Scan using sbtest5_pkey on sbtest5  (cost=0.43..47.85 rows=11 width=121)
	        Index Cond: ((id >= 1820749) AND (id <= 1820758))

table 6 : explain SELECT c FROM sbtest6 WHERE id BETWEEN 934035 AND 934044 ORDER BY c
	Sort  (cost=44.06..44.09 rows=10 width=121)
	  Sort Key: c
	  ->  Index Scan using sbtest6_pkey on sbtest6  (cost=0.43..43.90 rows=10 width=121)
	        Index Cond: ((id >= 934035) AND (id <= 934044))

table 7 : explain SELECT c FROM sbtest7 WHERE id BETWEEN 6932453 AND 6932462 ORDER BY c
	Sort  (cost=44.01..44.04 rows=10 width=121)
	  Sort Key: c
	  ->  Index Scan using sbtest7_pkey on sbtest7  (cost=0.43..43.85 rows=10 width=121)
	        Index Cond: ((id >= 6932453) AND (id <= 6932462))

table 8 : explain SELECT c FROM sbtest8 WHERE id BETWEEN 3079594 AND 3079603 ORDER BY c
	Sort  (cost=44.13..44.15 rows=10 width=121)
	  Sort Key: c
	  ->  Index Scan using sbtest8_pkey on sbtest8  (cost=0.43..43.96 rows=10 width=121)
	        Index Cond: ((id >= 3079594) AND (id <= 3079603))

for: simple_ranges
table 1 : explain SELECT c FROM sbtest1 WHERE id BETWEEN 4844006 AND 4844015
	Index Scan using sbtest1_pkey on sbtest1  (cost=0.43..44.00 rows=10 width=121)
	  Index Cond: ((id >= 4844006) AND (id <= 4844015))

table 2 : explain SELECT c FROM sbtest2 WHERE id BETWEEN 3975921 AND 3975930
	Index Scan using sbtest2_pkey on sbtest2  (cost=0.43..44.00 rows=10 width=121)
	  Index Cond: ((id >= 3975921) AND (id <= 3975930))

table 3 : explain SELECT c FROM sbtest3 WHERE id BETWEEN 8104346 AND 8104355
	Index Scan using sbtest3_pkey on sbtest3  (cost=0.43..43.95 rows=10 width=121)
	  Index Cond: ((id >= 8104346) AND (id <= 8104355))

table 4 : explain SELECT c FROM sbtest4 WHERE id BETWEEN 7491119 AND 7491128
	Index Scan using sbtest4_pkey on sbtest4  (cost=0.43..43.92 rows=10 width=121)
	  Index Cond: ((id >= 7491119) AND (id <= 7491128))

table 5 : explain SELECT c FROM sbtest5 WHERE id BETWEEN 6616807 AND 6616816
	Index Scan using sbtest5_pkey on sbtest5  (cost=0.43..43.91 rows=10 width=121)
	  Index Cond: ((id >= 6616807) AND (id <= 6616816))

table 6 : explain SELECT c FROM sbtest6 WHERE id BETWEEN 3301807 AND 3301816
	Index Scan using sbtest6_pkey on sbtest6  (cost=0.43..43.90 rows=10 width=121)
	  Index Cond: ((id >= 3301807) AND (id <= 3301816))

table 7 : explain SELECT c FROM sbtest7 WHERE id BETWEEN 6887380 AND 6887389
	Index Scan using sbtest7_pkey on sbtest7  (cost=0.43..43.85 rows=10 width=121)
	  Index Cond: ((id >= 6887380) AND (id <= 6887389))

table 8 : explain SELECT c FROM sbtest8 WHERE id BETWEEN 7491057 AND 7491066
	Index Scan using sbtest8_pkey on sbtest8  (cost=0.43..43.96 rows=10 width=121)
	  Index Cond: ((id >= 7491057) AND (id <= 7491066))

for: sum_ranges
table 1 : explain SELECT SUM(k) FROM sbtest1 WHERE id BETWEEN 5756071 AND 5756080
	Aggregate  (cost=44.03..44.04 rows=1 width=8)
	  ->  Index Scan using sbtest1_pkey on sbtest1  (cost=0.43..44.00 rows=10 width=4)
	        Index Cond: ((id >= 5756071) AND (id <= 5756080))

table 2 : explain SELECT SUM(k) FROM sbtest2 WHERE id BETWEEN 817477 AND 817486
	Aggregate  (cost=44.03..44.04 rows=1 width=8)
	  ->  Index Scan using sbtest2_pkey on sbtest2  (cost=0.43..44.00 rows=10 width=4)
	        Index Cond: ((id >= 817477) AND (id <= 817486))

table 3 : explain SELECT SUM(k) FROM sbtest3 WHERE id BETWEEN 5647784 AND 5647793
	Aggregate  (cost=43.97..43.98 rows=1 width=8)
	  ->  Index Scan using sbtest3_pkey on sbtest3  (cost=0.43..43.95 rows=10 width=4)
	        Index Cond: ((id >= 5647784) AND (id <= 5647793))

table 4 : explain SELECT SUM(k) FROM sbtest4 WHERE id BETWEEN 8333651 AND 8333660
	Aggregate  (cost=43.94..43.95 rows=1 width=8)
	  ->  Index Scan using sbtest4_pkey on sbtest4  (cost=0.43..43.92 rows=10 width=4)
	        Index Cond: ((id >= 8333651) AND (id <= 8333660))

table 5 : explain SELECT SUM(k) FROM sbtest5 WHERE id BETWEEN 3175918 AND 3175927
	Aggregate  (cost=43.93..43.94 rows=1 width=8)
	  ->  Index Scan using sbtest5_pkey on sbtest5  (cost=0.43..43.91 rows=10 width=4)
	        Index Cond: ((id >= 3175918) AND (id <= 3175927))

table 6 : explain SELECT SUM(k) FROM sbtest6 WHERE id BETWEEN 7491811 AND 7491820
	Aggregate  (cost=43.92..43.93 rows=1 width=8)
	  ->  Index Scan using sbtest6_pkey on sbtest6  (cost=0.43..43.90 rows=10 width=4)
	        Index Cond: ((id >= 7491811) AND (id <= 7491820))

table 7 : explain SELECT SUM(k) FROM sbtest7 WHERE id BETWEEN 7154565 AND 7154574
	Aggregate  (cost=47.81..47.82 rows=1 width=8)
	  ->  Index Scan using sbtest7_pkey on sbtest7  (cost=0.43..47.78 rows=11 width=4)
	        Index Cond: ((id >= 7154565) AND (id <= 7154574))

table 8 : explain SELECT SUM(k) FROM sbtest8 WHERE id BETWEEN 3829808 AND 3829817
	Aggregate  (cost=43.99..44.00 rows=1 width=8)
	  ->  Index Scan using sbtest8_pkey on sbtest8  (cost=0.43..43.96 rows=10 width=4)
	        Index Cond: ((id >= 3829808) AND (id <= 3829817))

for: distinct_ranges
table 1 : explain SELECT DISTINCT c FROM sbtest1 WHERE id BETWEEN 1829494 AND 1829503 ORDER BY c
	Unique  (cost=44.17..44.22 rows=10 width=121)
	  ->  Sort  (cost=44.17..44.19 rows=10 width=121)
	        Sort Key: c
	        ->  Index Scan using sbtest1_pkey on sbtest1  (cost=0.43..44.00 rows=10 width=121)
	              Index Cond: ((id >= 1829494) AND (id <= 1829503))

table 2 : explain SELECT DISTINCT c FROM sbtest2 WHERE id BETWEEN 85599 AND 85608 ORDER BY c
	Unique  (cost=44.17..44.22 rows=10 width=121)
	  ->  Sort  (cost=44.17..44.19 rows=10 width=121)
	        Sort Key: c
	        ->  Index Scan using sbtest2_pkey on sbtest2  (cost=0.43..44.00 rows=10 width=121)
	              Index Cond: ((id >= 85599) AND (id <= 85608))

table 3 : explain SELECT DISTINCT c FROM sbtest3 WHERE id BETWEEN 9357835 AND 9357844 ORDER BY c
	Unique  (cost=40.15..40.19 rows=9 width=121)
	  ->  Sort  (cost=40.15..40.17 rows=9 width=121)
	        Sort Key: c
	        ->  Index Scan using sbtest3_pkey on sbtest3  (cost=0.43..40.00 rows=9 width=121)
	              Index Cond: ((id >= 9357835) AND (id <= 9357844))

table 4 : explain SELECT DISTINCT c FROM sbtest4 WHERE id BETWEEN 9496950 AND 9496959 ORDER BY c
	Unique  (cost=44.09..44.14 rows=10 width=121)
	  ->  Sort  (cost=44.09..44.11 rows=10 width=121)
	        Sort Key: c
	        ->  Index Scan using sbtest4_pkey on sbtest4  (cost=0.43..43.92 rows=10 width=121)
	              Index Cond: ((id >= 9496950) AND (id <= 9496959))

table 5 : explain SELECT DISTINCT c FROM sbtest5 WHERE id BETWEEN 4805115 AND 4805124 ORDER BY c
	Unique  (cost=48.04..48.09 rows=11 width=121)
	  ->  Sort  (cost=48.04..48.07 rows=11 width=121)
	        Sort Key: c
	        ->  Index Scan using sbtest5_pkey on sbtest5  (cost=0.43..47.85 rows=11 width=121)
	              Index Cond: ((id >= 4805115) AND (id <= 4805124))

table 6 : explain SELECT DISTINCT c FROM sbtest6 WHERE id BETWEEN 138758 AND 138767 ORDER BY c
	Unique  (cost=44.06..44.11 rows=10 width=121)
	  ->  Sort  (cost=44.06..44.09 rows=10 width=121)
	        Sort Key: c
	        ->  Index Scan using sbtest6_pkey on sbtest6  (cost=0.43..43.90 rows=10 width=121)
	              Index Cond: ((id >= 138758) AND (id <= 138767))

table 7 : explain SELECT DISTINCT c FROM sbtest7 WHERE id BETWEEN 4589990 AND 4589999 ORDER BY c
	Unique  (cost=40.06..40.10 rows=9 width=121)
	  ->  Sort  (cost=40.06..40.08 rows=9 width=121)
	        Sort Key: c
	        ->  Index Scan using sbtest7_pkey on sbtest7  (cost=0.43..39.92 rows=9 width=121)
	              Index Cond: ((id >= 4589990) AND (id <= 4589999))

table 8 : explain SELECT DISTINCT c FROM sbtest8 WHERE id BETWEEN 986013 AND 986022 ORDER BY c
	Unique  (cost=48.10..48.15 rows=11 width=121)
	  ->  Sort  (cost=48.10..48.12 rows=11 width=121)
	        Sort Key: c
	        ->  Index Scan using sbtest8_pkey on sbtest8  (cost=0.43..47.91 rows=11 width=121)
	              Index Cond: ((id >= 986013) AND (id <= 986022))

for: distinct_ranges
table 1 : explain SELECT DISTINCT c FROM sbtest1 WHERE id BETWEEN 5208695 AND 5208704 ORDER BY c
	Unique  (cost=44.17..44.22 rows=10 width=121)
	  ->  Sort  (cost=44.17..44.19 rows=10 width=121)
	        Sort Key: c
	        ->  Index Scan using sbtest1_pkey on sbtest1  (cost=0.43..44.00 rows=10 width=121)
	              Index Cond: ((id >= 5208695) AND (id <= 5208704))

table 2 : explain SELECT DISTINCT c FROM sbtest2 WHERE id BETWEEN 7594275 AND 7594284 ORDER BY c
	Unique  (cost=44.17..44.22 rows=10 width=121)
	  ->  Sort  (cost=44.17..44.19 rows=10 width=121)
	        Sort Key: c
	        ->  Index Scan using sbtest2_pkey on sbtest2  (cost=0.43..44.00 rows=10 width=121)
	              Index Cond: ((id >= 7594275) AND (id <= 7594284))

table 3 : explain SELECT DISTINCT c FROM sbtest3 WHERE id BETWEEN 2382687 AND 2382696 ORDER BY c
	Unique  (cost=40.15..40.19 rows=9 width=121)
	  ->  Sort  (cost=40.15..40.17 rows=9 width=121)
	        Sort Key: c
	        ->  Index Scan using sbtest3_pkey on sbtest3  (cost=0.43..40.00 rows=9 width=121)
	              Index Cond: ((id >= 2382687) AND (id <= 2382696))

table 4 : explain SELECT DISTINCT c FROM sbtest4 WHERE id BETWEEN 9860782 AND 9860791 ORDER BY c
	Unique  (cost=44.09..44.14 rows=10 width=121)
	  ->  Sort  (cost=44.09..44.11 rows=10 width=121)
	        Sort Key: c
	        ->  Index Scan using sbtest4_pkey on sbtest4  (cost=0.43..43.92 rows=10 width=121)
	              Index Cond: ((id >= 9860782) AND (id <= 9860791))

table 5 : explain SELECT DISTINCT c FROM sbtest5 WHERE id BETWEEN 1401203 AND 1401212 ORDER BY c
	Unique  (cost=40.11..40.16 rows=9 width=121)
	  ->  Sort  (cost=40.11..40.14 rows=9 width=121)
	        Sort Key: c
	        ->  Index Scan using sbtest5_pkey on sbtest5  (cost=0.43..39.97 rows=9 width=121)
	              Index Cond: ((id >= 1401203) AND (id <= 1401212))

table 6 : explain SELECT DISTINCT c FROM sbtest6 WHERE id BETWEEN 3273640 AND 3273649 ORDER BY c
	Unique  (cost=44.06..44.11 rows=10 width=121)
	  ->  Sort  (cost=44.06..44.09 rows=10 width=121)
	        Sort Key: c
	        ->  Index Scan using sbtest6_pkey on sbtest6  (cost=0.43..43.90 rows=10 width=121)
	              Index Cond: ((id >= 3273640) AND (id <= 3273649))

table 7 : explain SELECT DISTINCT c FROM sbtest7 WHERE id BETWEEN 8114588 AND 8114597 ORDER BY c
	Unique  (cost=47.97..48.03 rows=11 width=121)
	  ->  Sort  (cost=47.97..48.00 rows=11 width=121)
	        Sort Key: c
	        ->  Index Scan using sbtest7_pkey on sbtest7  (cost=0.43..47.78 rows=11 width=121)
	              Index Cond: ((id >= 8114588) AND (id <= 8114597))

table 8 : explain SELECT DISTINCT c FROM sbtest8 WHERE id BETWEEN 1320743 AND 1320752 ORDER BY c
	Unique  (cost=44.13..44.18 rows=10 width=121)
	  ->  Sort  (cost=44.13..44.15 rows=10 width=121)
	        Sort Key: c
	        ->  Index Scan using sbtest8_pkey on sbtest8  (cost=0.43..43.96 rows=10 width=121)
	              Index Cond: ((id >= 1320743) AND (id <= 1320752))

for: order_ranges
table 1 : explain SELECT c FROM sbtest1 WHERE id BETWEEN 7673088 AND 7673097 ORDER BY c
	Sort  (cost=40.20..40.22 rows=9 width=121)
	  Sort Key: c
	  ->  Index Scan using sbtest1_pkey on sbtest1  (cost=0.43..40.05 rows=9 width=121)
	        Index Cond: ((id >= 7673088) AND (id <= 7673097))

table 2 : explain SELECT c FROM sbtest2 WHERE id BETWEEN 188060 AND 188069 ORDER BY c
	Sort  (cost=44.17..44.19 rows=10 width=121)
	  Sort Key: c
	  ->  Index Scan using sbtest2_pkey on sbtest2  (cost=0.43..44.00 rows=10 width=121)
	        Index Cond: ((id >= 188060) AND (id <= 188069))

table 3 : explain SELECT c FROM sbtest3 WHERE id BETWEEN 2809422 AND 2809431 ORDER BY c
	Sort  (cost=44.11..44.14 rows=10 width=121)
	  Sort Key: c
	  ->  Index Scan using sbtest3_pkey on sbtest3  (cost=0.43..43.95 rows=10 width=121)
	        Index Cond: ((id >= 2809422) AND (id <= 2809431))

table 4 : explain SELECT c FROM sbtest4 WHERE id BETWEEN 4205681 AND 4205690 ORDER BY c
	Sort  (cost=44.09..44.11 rows=10 width=121)
	  Sort Key: c
	  ->  Index Scan using sbtest4_pkey on sbtest4  (cost=0.43..43.92 rows=10 width=121)
	        Index Cond: ((id >= 4205681) AND (id <= 4205690))

table 5 : explain SELECT c FROM sbtest5 WHERE id BETWEEN 5506030 AND 5506039 ORDER BY c
	Sort  (cost=44.08..44.10 rows=10 width=121)
	  Sort Key: c
	  ->  Index Scan using sbtest5_pkey on sbtest5  (cost=0.43..43.91 rows=10 width=121)
	        Index Cond: ((id >= 5506030) AND (id <= 5506039))

table 6 : explain SELECT c FROM sbtest6 WHERE id BETWEEN 9955430 AND 9955439 ORDER BY c
	Sort  (cost=44.06..44.09 rows=10 width=121)
	  Sort Key: c
	  ->  Index Scan using sbtest6_pkey on sbtest6  (cost=0.43..43.90 rows=10 width=121)
	        Index Cond: ((id >= 9955430) AND (id <= 9955439))

table 7 : explain SELECT c FROM sbtest7 WHERE id BETWEEN 48703 AND 48712 ORDER BY c
	Sort  (cost=47.97..48.00 rows=11 width=121)
	  Sort Key: c
	  ->  Index Scan using sbtest7_pkey on sbtest7  (cost=0.43..47.78 rows=11 width=121)
	        Index Cond: ((id >= 48703) AND (id <= 48712))

table 8 : explain SELECT c FROM sbtest8 WHERE id BETWEEN 6967574 AND 6967583 ORDER BY c
	Sort  (cost=44.13..44.15 rows=10 width=121)
	  Sort Key: c
	  ->  Index Scan using sbtest8_pkey on sbtest8  (cost=0.43..43.96 rows=10 width=121)
	        Index Cond: ((id >= 6967574) AND (id <= 6967583))

for: sum_ranges
table 1 : explain SELECT SUM(k) FROM sbtest1 WHERE id BETWEEN 6886579 AND 6886588
	Aggregate  (cost=44.03..44.04 rows=1 width=8)
	  ->  Index Scan using sbtest1_pkey on sbtest1  (cost=0.43..44.00 rows=10 width=4)
	        Index Cond: ((id >= 6886579) AND (id <= 6886588))

table 2 : explain SELECT SUM(k) FROM sbtest2 WHERE id BETWEEN 4280037 AND 4280046
	Aggregate  (cost=44.03..44.04 rows=1 width=8)
	  ->  Index Scan using sbtest2_pkey on sbtest2  (cost=0.43..44.00 rows=10 width=4)
	        Index Cond: ((id >= 4280037) AND (id <= 4280046))

table 3 : explain SELECT SUM(k) FROM sbtest3 WHERE id BETWEEN 1828736 AND 1828745
	Aggregate  (cost=47.92..47.93 rows=1 width=8)
	  ->  Index Scan using sbtest3_pkey on sbtest3  (cost=0.43..47.89 rows=11 width=4)
	        Index Cond: ((id >= 1828736) AND (id <= 1828745))

table 4 : explain SELECT SUM(k) FROM sbtest4 WHERE id BETWEEN 7304996 AND 7305005
	Aggregate  (cost=43.94..43.95 rows=1 width=8)
	  ->  Index Scan using sbtest4_pkey on sbtest4  (cost=0.43..43.92 rows=10 width=4)
	        Index Cond: ((id >= 7304996) AND (id <= 7305005))

table 5 : explain SELECT SUM(k) FROM sbtest5 WHERE id BETWEEN 9429298 AND 9429307
	Aggregate  (cost=43.93..43.94 rows=1 width=8)
	  ->  Index Scan using sbtest5_pkey on sbtest5  (cost=0.43..43.91 rows=10 width=4)
	        Index Cond: ((id >= 9429298) AND (id <= 9429307))

table 6 : explain SELECT SUM(k) FROM sbtest6 WHERE id BETWEEN 2785393 AND 2785402
	Aggregate  (cost=43.92..43.93 rows=1 width=8)
	  ->  Index Scan using sbtest6_pkey on sbtest6  (cost=0.43..43.90 rows=10 width=4)
	        Index Cond: ((id >= 2785393) AND (id <= 2785402))

table 7 : explain SELECT SUM(k) FROM sbtest7 WHERE id BETWEEN 8622150 AND 8622159
	Aggregate  (cost=43.87..43.88 rows=1 width=8)
	  ->  Index Scan using sbtest7_pkey on sbtest7  (cost=0.43..43.85 rows=10 width=4)
	        Index Cond: ((id >= 8622150) AND (id <= 8622159))

table 8 : explain SELECT SUM(k) FROM sbtest8 WHERE id BETWEEN 6709706 AND 6709715
	Aggregate  (cost=43.99..44.00 rows=1 width=8)
	  ->  Index Scan using sbtest8_pkey on sbtest8  (cost=0.43..43.96 rows=10 width=4)
	        Index Cond: ((id >= 6709706) AND (id <= 6709715))

for: order_ranges
table 1 : explain SELECT c FROM sbtest1 WHERE id BETWEEN 4228847 AND 4228856 ORDER BY c
	Sort  (cost=44.17..44.19 rows=10 width=121)
	  Sort Key: c
	  ->  Index Scan using sbtest1_pkey on sbtest1  (cost=0.43..44.00 rows=10 width=121)
	        Index Cond: ((id >= 4228847) AND (id <= 4228856))

table 2 : explain SELECT c FROM sbtest2 WHERE id BETWEEN 2342362 AND 2342371 ORDER BY c
	Sort  (cost=48.14..48.17 rows=11 width=121)
	  Sort Key: c
	  ->  Index Scan using sbtest2_pkey on sbtest2  (cost=0.43..47.95 rows=11 width=121)
	        Index Cond: ((id >= 2342362) AND (id <= 2342371))

table 3 : explain SELECT c FROM sbtest3 WHERE id BETWEEN 1089068 AND 1089077 ORDER BY c
	Sort  (cost=44.11..44.14 rows=10 width=121)
	  Sort Key: c
	  ->  Index Scan using sbtest3_pkey on sbtest3  (cost=0.43..43.95 rows=10 width=121)
	        Index Cond: ((id >= 1089068) AND (id <= 1089077))

table 4 : explain SELECT c FROM sbtest4 WHERE id BETWEEN 8578363 AND 8578372 ORDER BY c
	Sort  (cost=44.09..44.11 rows=10 width=121)
	  Sort Key: c
	  ->  Index Scan using sbtest4_pkey on sbtest4  (cost=0.43..43.92 rows=10 width=121)
	        Index Cond: ((id >= 8578363) AND (id <= 8578372))

table 5 : explain SELECT c FROM sbtest5 WHERE id BETWEEN 305358 AND 305367 ORDER BY c
	Sort  (cost=40.11..40.14 rows=9 width=121)
	  Sort Key: c
	  ->  Index Scan using sbtest5_pkey on sbtest5  (cost=0.43..39.97 rows=9 width=121)
	        Index Cond: ((id >= 305358) AND (id <= 305367))

table 6 : explain SELECT c FROM sbtest6 WHERE id BETWEEN 583425 AND 583434 ORDER BY c
	Sort  (cost=44.06..44.09 rows=10 width=121)
	  Sort Key: c
	  ->  Index Scan using sbtest6_pkey on sbtest6  (cost=0.43..43.90 rows=10 width=121)
	        Index Cond: ((id >= 583425) AND (id <= 583434))

table 7 : explain SELECT c FROM sbtest7 WHERE id BETWEEN 6683107 AND 6683116 ORDER BY c
	Sort  (cost=47.97..48.00 rows=11 width=121)
	  Sort Key: c
	  ->  Index Scan using sbtest7_pkey on sbtest7  (cost=0.43..47.78 rows=11 width=121)
	        Index Cond: ((id >= 6683107) AND (id <= 6683116))

table 8 : explain SELECT c FROM sbtest8 WHERE id BETWEEN 4656220 AND 4656229 ORDER BY c
	Sort  (cost=44.13..44.15 rows=10 width=121)
	  Sort Key: c
	  ->  Index Scan using sbtest8_pkey on sbtest8  (cost=0.43..43.96 rows=10 width=121)
	        Index Cond: ((id >= 4656220) AND (id <= 4656229))

for: order_ranges
table 1 : explain SELECT c FROM sbtest1 WHERE id BETWEEN 5551347 AND 5551356 ORDER BY c
	Sort  (cost=44.17..44.19 rows=10 width=121)
	  Sort Key: c
	  ->  Index Scan using sbtest1_pkey on sbtest1  (cost=0.43..44.00 rows=10 width=121)
	        Index Cond: ((id >= 5551347) AND (id <= 5551356))

table 2 : explain SELECT c FROM sbtest2 WHERE id BETWEEN 2138644 AND 2138653 ORDER BY c
	Sort  (cost=44.17..44.19 rows=10 width=121)
	  Sort Key: c
	  ->  Index Scan using sbtest2_pkey on sbtest2  (cost=0.43..44.00 rows=10 width=121)
	        Index Cond: ((id >= 2138644) AND (id <= 2138653))

table 3 : explain SELECT c FROM sbtest3 WHERE id BETWEEN 2709197 AND 2709206 ORDER BY c
	Sort  (cost=44.11..44.14 rows=10 width=121)
	  Sort Key: c
	  ->  Index Scan using sbtest3_pkey on sbtest3  (cost=0.43..43.95 rows=10 width=121)
	        Index Cond: ((id >= 2709197) AND (id <= 2709206))

table 4 : explain SELECT c FROM sbtest4 WHERE id BETWEEN 7420852 AND 7420861 ORDER BY c
	Sort  (cost=44.09..44.11 rows=10 width=121)
	  Sort Key: c
	  ->  Index Scan using sbtest4_pkey on sbtest4  (cost=0.43..43.92 rows=10 width=121)
	        Index Cond: ((id >= 7420852) AND (id <= 7420861))

table 5 : explain SELECT c FROM sbtest5 WHERE id BETWEEN 3258498 AND 3258507 ORDER BY c
	Sort  (cost=48.04..48.07 rows=11 width=121)
	  Sort Key: c
	  ->  Index Scan using sbtest5_pkey on sbtest5  (cost=0.43..47.85 rows=11 width=121)
	        Index Cond: ((id >= 3258498) AND (id <= 3258507))

table 6 : explain SELECT c FROM sbtest6 WHERE id BETWEEN 6139000 AND 6139009 ORDER BY c
	Sort  (cost=40.10..40.12 rows=9 width=121)
	  Sort Key: c
	  ->  Index Scan using sbtest6_pkey on sbtest6  (cost=0.43..39.96 rows=9 width=121)
	        Index Cond: ((id >= 6139000) AND (id <= 6139009))

table 7 : explain SELECT c FROM sbtest7 WHERE id BETWEEN 8941169 AND 8941178 ORDER BY c
	Sort  (cost=47.97..48.00 rows=11 width=121)
	  Sort Key: c
	  ->  Index Scan using sbtest7_pkey on sbtest7  (cost=0.43..47.78 rows=11 width=121)
	        Index Cond: ((id >= 8941169) AND (id <= 8941178))

table 8 : explain SELECT c FROM sbtest8 WHERE id BETWEEN 6254451 AND 6254460 ORDER BY c
	Sort  (cost=44.13..44.15 rows=10 width=121)
	  Sort Key: c
	  ->  Index Scan using sbtest8_pkey on sbtest8  (cost=0.43..43.96 rows=10 width=121)
	        Index Cond: ((id >= 6254451) AND (id <= 6254460))

for: order_ranges
table 1 : explain SELECT c FROM sbtest1 WHERE id BETWEEN 1532254 AND 1532263 ORDER BY c
	Sort  (cost=44.17..44.19 rows=10 width=121)
	  Sort Key: c
	  ->  Index Scan using sbtest1_pkey on sbtest1  (cost=0.43..44.00 rows=10 width=121)
	        Index Cond: ((id >= 1532254) AND (id <= 1532263))

table 2 : explain SELECT c FROM sbtest2 WHERE id BETWEEN 3833224 AND 3833233 ORDER BY c
	Sort  (cost=44.17..44.19 rows=10 width=121)
	  Sort Key: c
	  ->  Index Scan using sbtest2_pkey on sbtest2  (cost=0.43..44.00 rows=10 width=121)
	        Index Cond: ((id >= 3833224) AND (id <= 3833233))

table 3 : explain SELECT c FROM sbtest3 WHERE id BETWEEN 707755 AND 707764 ORDER BY c
	Sort  (cost=48.08..48.11 rows=11 width=121)
	  Sort Key: c
	  ->  Index Scan using sbtest3_pkey on sbtest3  (cost=0.43..47.89 rows=11 width=121)
	        Index Cond: ((id >= 707755) AND (id <= 707764))

table 4 : explain SELECT c FROM sbtest4 WHERE id BETWEEN 6644227 AND 6644236 ORDER BY c
	Sort  (cost=48.05..48.08 rows=11 width=121)
	  Sort Key: c
	  ->  Index Scan using sbtest4_pkey on sbtest4  (cost=0.43..47.86 rows=11 width=121)
	        Index Cond: ((id >= 6644227) AND (id <= 6644236))

table 5 : explain SELECT c FROM sbtest5 WHERE id BETWEEN 2408774 AND 2408783 ORDER BY c
	Sort  (cost=44.08..44.10 rows=10 width=121)
	  Sort Key: c
	  ->  Index Scan using sbtest5_pkey on sbtest5  (cost=0.43..43.91 rows=10 width=121)
	        Index Cond: ((id >= 2408774) AND (id <= 2408783))

table 6 : explain SELECT c FROM sbtest6 WHERE id BETWEEN 8966216 AND 8966225 ORDER BY c
	Sort  (cost=44.06..44.09 rows=10 width=121)
	  Sort Key: c
	  ->  Index Scan using sbtest6_pkey on sbtest6  (cost=0.43..43.90 rows=10 width=121)
	        Index Cond: ((id >= 8966216) AND (id <= 8966225))

table 7 : explain SELECT c FROM sbtest7 WHERE id BETWEEN 5780245 AND 5780254 ORDER BY c
	Sort  (cost=44.01..44.04 rows=10 width=121)
	  Sort Key: c
	  ->  Index Scan using sbtest7_pkey on sbtest7  (cost=0.43..43.85 rows=10 width=121)
	        Index Cond: ((id >= 5780245) AND (id <= 5780254))

table 8 : explain SELECT c FROM sbtest8 WHERE id BETWEEN 2597765 AND 2597774 ORDER BY c
	Sort  (cost=44.13..44.15 rows=10 width=121)
	  Sort Key: c
	  ->  Index Scan using sbtest8_pkey on sbtest8  (cost=0.43..43.96 rows=10 width=121)
	        Index Cond: ((id >= 2597765) AND (id <= 2597774))

for: distinct_ranges
table 1 : explain SELECT DISTINCT c FROM sbtest1 WHERE id BETWEEN 5000469 AND 5000478 ORDER BY c
	Unique  (cost=44.17..44.22 rows=10 width=121)
	  ->  Sort  (cost=44.17..44.19 rows=10 width=121)
	        Sort Key: c
	        ->  Index Scan using sbtest1_pkey on sbtest1  (cost=0.43..44.00 rows=10 width=121)
	              Index Cond: ((id >= 5000469) AND (id <= 5000478))

table 2 : explain SELECT DISTINCT c FROM sbtest2 WHERE id BETWEEN 7027260 AND 7027269 ORDER BY c
	Unique  (cost=44.17..44.22 rows=10 width=121)
	  ->  Sort  (cost=44.17..44.19 rows=10 width=121)
	        Sort Key: c
	        ->  Index Scan using sbtest2_pkey on sbtest2  (cost=0.43..44.00 rows=10 width=121)
	              Index Cond: ((id >= 7027260) AND (id <= 7027269))

table 3 : explain SELECT DISTINCT c FROM sbtest3 WHERE id BETWEEN 6609287 AND 6609296 ORDER BY c
	Unique  (cost=44.11..44.16 rows=10 width=121)
	  ->  Sort  (cost=44.11..44.14 rows=10 width=121)
	        Sort Key: c
	        ->  Index Scan using sbtest3_pkey on sbtest3  (cost=0.43..43.95 rows=10 width=121)
	              Index Cond: ((id >= 6609287) AND (id <= 6609296))

table 4 : explain SELECT DISTINCT c FROM sbtest4 WHERE id BETWEEN 4236426 AND 4236435 ORDER BY c
	Unique  (cost=44.09..44.14 rows=10 width=121)
	  ->  Sort  (cost=44.09..44.11 rows=10 width=121)
	        Sort Key: c
	        ->  Index Scan using sbtest4_pkey on sbtest4  (cost=0.43..43.92 rows=10 width=121)
	              Index Cond: ((id >= 4236426) AND (id <= 4236435))

table 5 : explain SELECT DISTINCT c FROM sbtest5 WHERE id BETWEEN 3502428 AND 3502437 ORDER BY c
	Unique  (cost=40.11..40.16 rows=9 width=121)
	  ->  Sort  (cost=40.11..40.14 rows=9 width=121)
	        Sort Key: c
	        ->  Index Scan using sbtest5_pkey on sbtest5  (cost=0.43..39.97 rows=9 width=121)
	              Index Cond: ((id >= 3502428) AND (id <= 3502437))

table 6 : explain SELECT DISTINCT c FROM sbtest6 WHERE id BETWEEN 8164976 AND 8164985 ORDER BY c
	Unique  (cost=44.06..44.11 rows=10 width=121)
	  ->  Sort  (cost=44.06..44.09 rows=10 width=121)
	        Sort Key: c
	        ->  Index Scan using sbtest6_pkey on sbtest6  (cost=0.43..43.90 rows=10 width=121)
	              Index Cond: ((id >= 8164976) AND (id <= 8164985))

table 7 : explain SELECT DISTINCT c FROM sbtest7 WHERE id BETWEEN 7582054 AND 7582063 ORDER BY c
	Unique  (cost=44.01..44.06 rows=10 width=121)
	  ->  Sort  (cost=44.01..44.04 rows=10 width=121)
	        Sort Key: c
	        ->  Index Scan using sbtest7_pkey on sbtest7  (cost=0.43..43.85 rows=10 width=121)
	              Index Cond: ((id >= 7582054) AND (id <= 7582063))

table 8 : explain SELECT DISTINCT c FROM sbtest8 WHERE id BETWEEN 8570915 AND 8570924 ORDER BY c
	Unique  (cost=44.13..44.18 rows=10 width=121)
	  ->  Sort  (cost=44.13..44.15 rows=10 width=121)
	        Sort Key: c
	        ->  Index Scan using sbtest8_pkey on sbtest8  (cost=0.43..43.96 rows=10 width=121)
	              Index Cond: ((id >= 8570915) AND (id <= 8570924))

for: distinct_ranges
table 1 : explain SELECT DISTINCT c FROM sbtest1 WHERE id BETWEEN 848893 AND 848902 ORDER BY c
	Unique  (cost=44.17..44.22 rows=10 width=121)
	  ->  Sort  (cost=44.17..44.19 rows=10 width=121)
	        Sort Key: c
	        ->  Index Scan using sbtest1_pkey on sbtest1  (cost=0.43..44.00 rows=10 width=121)
	              Index Cond: ((id >= 848893) AND (id <= 848902))

table 2 : explain SELECT DISTINCT c FROM sbtest2 WHERE id BETWEEN 8464765 AND 8464774 ORDER BY c
	Unique  (cost=44.17..44.22 rows=10 width=121)
	  ->  Sort  (cost=44.17..44.19 rows=10 width=121)
	        Sort Key: c
	        ->  Index Scan using sbtest2_pkey on sbtest2  (cost=0.43..44.00 rows=10 width=121)
	              Index Cond: ((id >= 8464765) AND (id <= 8464774))

table 3 : explain SELECT DISTINCT c FROM sbtest3 WHERE id BETWEEN 1825754 AND 1825763 ORDER BY c
	Unique  (cost=48.08..48.14 rows=11 width=121)
	  ->  Sort  (cost=48.08..48.11 rows=11 width=121)
	        Sort Key: c
	        ->  Index Scan using sbtest3_pkey on sbtest3  (cost=0.43..47.89 rows=11 width=121)
	              Index Cond: ((id >= 1825754) AND (id <= 1825763))

table 4 : explain SELECT DISTINCT c FROM sbtest4 WHERE id BETWEEN 5407988 AND 5407997 ORDER BY c
	Unique  (cost=44.09..44.14 rows=10 width=121)
	  ->  Sort  (cost=44.09..44.11 rows=10 width=121)
	        Sort Key: c
	        ->  Index Scan using sbtest4_pkey on sbtest4  (cost=0.43..43.92 rows=10 width=121)
	              Index Cond: ((id >= 5407988) AND (id <= 5407997))

table 5 : explain SELECT DISTINCT c FROM sbtest5 WHERE id BETWEEN 599560 AND 599569 ORDER BY c
	Unique  (cost=48.04..48.09 rows=11 width=121)
	  ->  Sort  (cost=48.04..48.07 rows=11 width=121)
	        Sort Key: c
	        ->  Index Scan using sbtest5_pkey on sbtest5  (cost=0.43..47.85 rows=11 width=121)
	              Index Cond: ((id >= 599560) AND (id <= 599569))

table 6 : explain SELECT DISTINCT c FROM sbtest6 WHERE id BETWEEN 8100312 AND 8100321 ORDER BY c
	Unique  (cost=40.10..40.15 rows=9 width=121)
	  ->  Sort  (cost=40.10..40.12 rows=9 width=121)
	        Sort Key: c
	        ->  Index Scan using sbtest6_pkey on sbtest6  (cost=0.43..39.96 rows=9 width=121)
	              Index Cond: ((id >= 8100312) AND (id <= 8100321))

table 7 : explain SELECT DISTINCT c FROM sbtest7 WHERE id BETWEEN 2203010 AND 2203019 ORDER BY c
	Unique  (cost=44.01..44.06 rows=10 width=121)
	  ->  Sort  (cost=44.01..44.04 rows=10 width=121)
	        Sort Key: c
	        ->  Index Scan using sbtest7_pkey on sbtest7  (cost=0.43..43.85 rows=10 width=121)
	              Index Cond: ((id >= 2203010) AND (id <= 2203019))

table 8 : explain SELECT DISTINCT c FROM sbtest8 WHERE id BETWEEN 5837296 AND 5837305 ORDER BY c
	Unique  (cost=44.13..44.18 rows=10 width=121)
	  ->  Sort  (cost=44.13..44.15 rows=10 width=121)
	        Sort Key: c
	        ->  Index Scan using sbtest8_pkey on sbtest8  (cost=0.43..43.96 rows=10 width=121)
	              Index Cond: ((id >= 5837296) AND (id <= 5837305))

for: order_ranges
table 1 : explain SELECT c FROM sbtest1 WHERE id BETWEEN 4228820 AND 4228829 ORDER BY c
	Sort  (cost=44.17..44.19 rows=10 width=121)
	  Sort Key: c
	  ->  Index Scan using sbtest1_pkey on sbtest1  (cost=0.43..44.00 rows=10 width=121)
	        Index Cond: ((id >= 4228820) AND (id <= 4228829))

table 2 : explain SELECT c FROM sbtest2 WHERE id BETWEEN 3507025 AND 3507034 ORDER BY c
	Sort  (cost=44.17..44.19 rows=10 width=121)
	  Sort Key: c
	  ->  Index Scan using sbtest2_pkey on sbtest2  (cost=0.43..44.00 rows=10 width=121)
	        Index Cond: ((id >= 3507025) AND (id <= 3507034))

table 3 : explain SELECT c FROM sbtest3 WHERE id BETWEEN 6255635 AND 6255644 ORDER BY c
	Sort  (cost=44.11..44.14 rows=10 width=121)
	  Sort Key: c
	  ->  Index Scan using sbtest3_pkey on sbtest3  (cost=0.43..43.95 rows=10 width=121)
	        Index Cond: ((id >= 6255635) AND (id <= 6255644))

table 4 : explain SELECT c FROM sbtest4 WHERE id BETWEEN 8342121 AND 8342130 ORDER BY c
	Sort  (cost=44.09..44.11 rows=10 width=121)
	  Sort Key: c
	  ->  Index Scan using sbtest4_pkey on sbtest4  (cost=0.43..43.92 rows=10 width=121)
	        Index Cond: ((id >= 8342121) AND (id <= 8342130))

table 5 : explain SELECT c FROM sbtest5 WHERE id BETWEEN 7190508 AND 7190517 ORDER BY c
	Sort  (cost=40.11..40.14 rows=9 width=121)
	  Sort Key: c
	  ->  Index Scan using sbtest5_pkey on sbtest5  (cost=0.43..39.97 rows=9 width=121)
	        Index Cond: ((id >= 7190508) AND (id <= 7190517))

table 6 : explain SELECT c FROM sbtest6 WHERE id BETWEEN 1416806 AND 1416815 ORDER BY c
	Sort  (cost=40.10..40.12 rows=9 width=121)
	  Sort Key: c
	  ->  Index Scan using sbtest6_pkey on sbtest6  (cost=0.43..39.96 rows=9 width=121)
	        Index Cond: ((id >= 1416806) AND (id <= 1416815))

table 7 : explain SELECT c FROM sbtest7 WHERE id BETWEEN 6262283 AND 6262292 ORDER BY c
	Sort  (cost=44.01..44.04 rows=10 width=121)
	  Sort Key: c
	  ->  Index Scan using sbtest7_pkey on sbtest7  (cost=0.43..43.85 rows=10 width=121)
	        Index Cond: ((id >= 6262283) AND (id <= 6262292))

table 8 : explain SELECT c FROM sbtest8 WHERE id BETWEEN 1090906 AND 1090915 ORDER BY c
	Sort  (cost=48.10..48.12 rows=11 width=121)
	  Sort Key: c
	  ->  Index Scan using sbtest8_pkey on sbtest8  (cost=0.43..47.91 rows=11 width=121)
	        Index Cond: ((id >= 1090906) AND (id <= 1090915))

for: order_ranges
table 1 : explain SELECT c FROM sbtest1 WHERE id BETWEEN 4879297 AND 4879306 ORDER BY c
	Sort  (cost=44.17..44.19 rows=10 width=121)
	  Sort Key: c
	  ->  Index Scan using sbtest1_pkey on sbtest1  (cost=0.43..44.00 rows=10 width=121)
	        Index Cond: ((id >= 4879297) AND (id <= 4879306))

table 2 : explain SELECT c FROM sbtest2 WHERE id BETWEEN 9406010 AND 9406019 ORDER BY c
	Sort  (cost=40.19..40.22 rows=9 width=121)
	  Sort Key: c
	  ->  Index Scan using sbtest2_pkey on sbtest2  (cost=0.43..40.05 rows=9 width=121)
	        Index Cond: ((id >= 9406010) AND (id <= 9406019))

table 3 : explain SELECT c FROM sbtest3 WHERE id BETWEEN 9951658 AND 9951667 ORDER BY c
	Sort  (cost=44.11..44.14 rows=10 width=121)
	  Sort Key: c
	  ->  Index Scan using sbtest3_pkey on sbtest3  (cost=0.43..43.95 rows=10 width=121)
	        Index Cond: ((id >= 9951658) AND (id <= 9951667))

table 4 : explain SELECT c FROM sbtest4 WHERE id BETWEEN 3544983 AND 3544992 ORDER BY c
	Sort  (cost=48.05..48.08 rows=11 width=121)
	  Sort Key: c
	  ->  Index Scan using sbtest4_pkey on sbtest4  (cost=0.43..47.86 rows=11 width=121)
	        Index Cond: ((id >= 3544983) AND (id <= 3544992))

table 5 : explain SELECT c FROM sbtest5 WHERE id BETWEEN 6321288 AND 6321297 ORDER BY c
	Sort  (cost=44.08..44.10 rows=10 width=121)
	  Sort Key: c
	  ->  Index Scan using sbtest5_pkey on sbtest5  (cost=0.43..43.91 rows=10 width=121)
	        Index Cond: ((id >= 6321288) AND (id <= 6321297))

table 6 : explain SELECT c FROM sbtest6 WHERE id BETWEEN 2550729 AND 2550738 ORDER BY c
	Sort  (cost=44.06..44.09 rows=10 width=121)
	  Sort Key: c
	  ->  Index Scan using sbtest6_pkey on sbtest6  (cost=0.43..43.90 rows=10 width=121)
	        Index Cond: ((id >= 2550729) AND (id <= 2550738))

table 7 : explain SELECT c FROM sbtest7 WHERE id BETWEEN 4830701 AND 4830710 ORDER BY c
	Sort  (cost=44.01..44.04 rows=10 width=121)
	  Sort Key: c
	  ->  Index Scan using sbtest7_pkey on sbtest7  (cost=0.43..43.85 rows=10 width=121)
	        Index Cond: ((id >= 4830701) AND (id <= 4830710))

table 8 : explain SELECT c FROM sbtest8 WHERE id BETWEEN 2641047 AND 2641056 ORDER BY c
	Sort  (cost=44.13..44.15 rows=10 width=121)
	  Sort Key: c
	  ->  Index Scan using sbtest8_pkey on sbtest8  (cost=0.43..43.96 rows=10 width=121)
	        Index Cond: ((id >= 2641047) AND (id <= 2641056))

for: sum_ranges
table 1 : explain SELECT SUM(k) FROM sbtest1 WHERE id BETWEEN 1627266 AND 1627275
	Aggregate  (cost=44.03..44.04 rows=1 width=8)
	  ->  Index Scan using sbtest1_pkey on sbtest1  (cost=0.43..44.00 rows=10 width=4)
	        Index Cond: ((id >= 1627266) AND (id <= 1627275))

table 2 : explain SELECT SUM(k) FROM sbtest2 WHERE id BETWEEN 6546026 AND 6546035
	Aggregate  (cost=44.03..44.04 rows=1 width=8)
	  ->  Index Scan using sbtest2_pkey on sbtest2  (cost=0.43..44.00 rows=10 width=4)
	        Index Cond: ((id >= 6546026) AND (id <= 6546035))

table 3 : explain SELECT SUM(k) FROM sbtest3 WHERE id BETWEEN 3017944 AND 3017953
	Aggregate  (cost=51.87..51.88 rows=1 width=8)
	  ->  Index Scan using sbtest3_pkey on sbtest3  (cost=0.43..51.84 rows=12 width=4)
	        Index Cond: ((id >= 3017944) AND (id <= 3017953))

table 4 : explain SELECT SUM(k) FROM sbtest4 WHERE id BETWEEN 9936700 AND 9936709
	Aggregate  (cost=40.00..40.01 rows=1 width=8)
	  ->  Index Scan using sbtest4_pkey on sbtest4  (cost=0.43..39.98 rows=9 width=4)
	        Index Cond: ((id >= 9936700) AND (id <= 9936709))

table 5 : explain SELECT SUM(k) FROM sbtest5 WHERE id BETWEEN 1897198 AND 1897207
	Aggregate  (cost=47.88..47.89 rows=1 width=8)
	  ->  Index Scan using sbtest5_pkey on sbtest5  (cost=0.43..47.85 rows=11 width=4)
	        Index Cond: ((id >= 1897198) AND (id <= 1897207))

table 6 : explain SELECT SUM(k) FROM sbtest6 WHERE id BETWEEN 3472784 AND 3472793
	Aggregate  (cost=43.92..43.93 rows=1 width=8)
	  ->  Index Scan using sbtest6_pkey on sbtest6  (cost=0.43..43.90 rows=10 width=4)
	        Index Cond: ((id >= 3472784) AND (id <= 3472793))

table 7 : explain SELECT SUM(k) FROM sbtest7 WHERE id BETWEEN 712909 AND 712918
	Aggregate  (cost=39.94..39.95 rows=1 width=8)
	  ->  Index Scan using sbtest7_pkey on sbtest7  (cost=0.43..39.92 rows=9 width=4)
	        Index Cond: ((id >= 712909) AND (id <= 712918))

table 8 : explain SELECT SUM(k) FROM sbtest8 WHERE id BETWEEN 9869144 AND 9869153
	Aggregate  (cost=43.99..44.00 rows=1 width=8)
	  ->  Index Scan using sbtest8_pkey on sbtest8  (cost=0.43..43.96 rows=10 width=4)
	        Index Cond: ((id >= 9869144) AND (id <= 9869153))

for: sum_ranges
table 1 : explain SELECT SUM(k) FROM sbtest1 WHERE id BETWEEN 2351631 AND 2351640
	Aggregate  (cost=47.98..47.99 rows=1 width=8)
	  ->  Index Scan using sbtest1_pkey on sbtest1  (cost=0.43..47.95 rows=11 width=4)
	        Index Cond: ((id >= 2351631) AND (id <= 2351640))

table 2 : explain SELECT SUM(k) FROM sbtest2 WHERE id BETWEEN 609354 AND 609363
	Aggregate  (cost=44.03..44.04 rows=1 width=8)
	  ->  Index Scan using sbtest2_pkey on sbtest2  (cost=0.43..44.00 rows=10 width=4)
	        Index Cond: ((id >= 609354) AND (id <= 609363))

table 3 : explain SELECT SUM(k) FROM sbtest3 WHERE id BETWEEN 8904245 AND 8904254
	Aggregate  (cost=43.97..43.98 rows=1 width=8)
	  ->  Index Scan using sbtest3_pkey on sbtest3  (cost=0.43..43.95 rows=10 width=4)
	        Index Cond: ((id >= 8904245) AND (id <= 8904254))

table 4 : explain SELECT SUM(k) FROM sbtest4 WHERE id BETWEEN 2650778 AND 2650787
	Aggregate  (cost=47.89..47.90 rows=1 width=8)
	  ->  Index Scan using sbtest4_pkey on sbtest4  (cost=0.43..47.86 rows=11 width=4)
	        Index Cond: ((id >= 2650778) AND (id <= 2650787))

table 5 : explain SELECT SUM(k) FROM sbtest5 WHERE id BETWEEN 5183809 AND 5183818
	Aggregate  (cost=43.93..43.94 rows=1 width=8)
	  ->  Index Scan using sbtest5_pkey on sbtest5  (cost=0.43..43.91 rows=10 width=4)
	        Index Cond: ((id >= 5183809) AND (id <= 5183818))

table 6 : explain SELECT SUM(k) FROM sbtest6 WHERE id BETWEEN 8545961 AND 8545970
	Aggregate  (cost=43.92..43.93 rows=1 width=8)
	  ->  Index Scan using sbtest6_pkey on sbtest6  (cost=0.43..43.90 rows=10 width=4)
	        Index Cond: ((id >= 8545961) AND (id <= 8545970))

table 7 : explain SELECT SUM(k) FROM sbtest7 WHERE id BETWEEN 9215660 AND 9215669
	Aggregate  (cost=39.94..39.95 rows=1 width=8)
	  ->  Index Scan using sbtest7_pkey on sbtest7  (cost=0.43..39.92 rows=9 width=4)
	        Index Cond: ((id >= 9215660) AND (id <= 9215669))

table 8 : explain SELECT SUM(k) FROM sbtest8 WHERE id BETWEEN 9738820 AND 9738829
	Aggregate  (cost=40.04..40.05 rows=1 width=8)
	  ->  Index Scan using sbtest8_pkey on sbtest8  (cost=0.43..40.02 rows=9 width=4)
	        Index Cond: ((id >= 9738820) AND (id <= 9738829))

for: order_ranges
table 1 : explain SELECT c FROM sbtest1 WHERE id BETWEEN 372280 AND 372289 ORDER BY c
	Sort  (cost=40.20..40.22 rows=9 width=121)
	  Sort Key: c
	  ->  Index Scan using sbtest1_pkey on sbtest1  (cost=0.43..40.05 rows=9 width=121)
	        Index Cond: ((id >= 372280) AND (id <= 372289))

table 2 : explain SELECT c FROM sbtest2 WHERE id BETWEEN 8398630 AND 8398639 ORDER BY c
	Sort  (cost=44.17..44.19 rows=10 width=121)
	  Sort Key: c
	  ->  Index Scan using sbtest2_pkey on sbtest2  (cost=0.43..44.00 rows=10 width=121)
	        Index Cond: ((id >= 8398630) AND (id <= 8398639))

table 3 : explain SELECT c FROM sbtest3 WHERE id BETWEEN 7655474 AND 7655483 ORDER BY c
	Sort  (cost=40.15..40.17 rows=9 width=121)
	  Sort Key: c
	  ->  Index Scan using sbtest3_pkey on sbtest3  (cost=0.43..40.00 rows=9 width=121)
	        Index Cond: ((id >= 7655474) AND (id <= 7655483))

table 4 : explain SELECT c FROM sbtest4 WHERE id BETWEEN 5400334 AND 5400343 ORDER BY c
	Sort  (cost=44.09..44.11 rows=10 width=121)
	  Sort Key: c
	  ->  Index Scan using sbtest4_pkey on sbtest4  (cost=0.43..43.92 rows=10 width=121)
	        Index Cond: ((id >= 5400334) AND (id <= 5400343))

table 5 : explain SELECT c FROM sbtest5 WHERE id BETWEEN 3471616 AND 3471625 ORDER BY c
	Sort  (cost=44.08..44.10 rows=10 width=121)
	  Sort Key: c
	  ->  Index Scan using sbtest5_pkey on sbtest5  (cost=0.43..43.91 rows=10 width=121)
	        Index Cond: ((id >= 3471616) AND (id <= 3471625))

table 6 : explain SELECT c FROM sbtest6 WHERE id BETWEEN 3163175 AND 3163184 ORDER BY c
	Sort  (cost=44.06..44.09 rows=10 width=121)
	  Sort Key: c
	  ->  Index Scan using sbtest6_pkey on sbtest6  (cost=0.43..43.90 rows=10 width=121)
	        Index Cond: ((id >= 3163175) AND (id <= 3163184))

table 7 : explain SELECT c FROM sbtest7 WHERE id BETWEEN 228842 AND 228851 ORDER BY c
	Sort  (cost=44.01..44.04 rows=10 width=121)
	  Sort Key: c
	  ->  Index Scan using sbtest7_pkey on sbtest7  (cost=0.43..43.85 rows=10 width=121)
	        Index Cond: ((id >= 228842) AND (id <= 228851))

table 8 : explain SELECT c FROM sbtest8 WHERE id BETWEEN 3503152 AND 3503161 ORDER BY c
	Sort  (cost=44.13..44.15 rows=10 width=121)
	  Sort Key: c
	  ->  Index Scan using sbtest8_pkey on sbtest8  (cost=0.43..43.96 rows=10 width=121)
	        Index Cond: ((id >= 3503152) AND (id <= 3503161))

for: order_ranges
table 1 : explain SELECT c FROM sbtest1 WHERE id BETWEEN 3113460 AND 3113469 ORDER BY c
	Sort  (cost=44.17..44.19 rows=10 width=121)
	  Sort Key: c
	  ->  Index Scan using sbtest1_pkey on sbtest1  (cost=0.43..44.00 rows=10 width=121)
	        Index Cond: ((id >= 3113460) AND (id <= 3113469))

table 2 : explain SELECT c FROM sbtest2 WHERE id BETWEEN 4677656 AND 4677665 ORDER BY c
	Sort  (cost=48.14..48.17 rows=11 width=121)
	  Sort Key: c
	  ->  Index Scan using sbtest2_pkey on sbtest2  (cost=0.43..47.95 rows=11 width=121)
	        Index Cond: ((id >= 4677656) AND (id <= 4677665))

table 3 : explain SELECT c FROM sbtest3 WHERE id BETWEEN 7896428 AND 7896437 ORDER BY c
	Sort  (cost=48.08..48.11 rows=11 width=121)
	  Sort Key: c
	  ->  Index Scan using sbtest3_pkey on sbtest3  (cost=0.43..47.89 rows=11 width=121)
	        Index Cond: ((id >= 7896428) AND (id <= 7896437))

table 4 : explain SELECT c FROM sbtest4 WHERE id BETWEEN 1149248 AND 1149257 ORDER BY c
	Sort  (cost=48.05..48.08 rows=11 width=121)
	  Sort Key: c
	  ->  Index Scan using sbtest4_pkey on sbtest4  (cost=0.43..47.86 rows=11 width=121)
	        Index Cond: ((id >= 1149248) AND (id <= 1149257))

table 5 : explain SELECT c FROM sbtest5 WHERE id BETWEEN 2443713 AND 2443722 ORDER BY c
	Sort  (cost=44.08..44.10 rows=10 width=121)
	  Sort Key: c
	  ->  Index Scan using sbtest5_pkey on sbtest5  (cost=0.43..43.91 rows=10 width=121)
	        Index Cond: ((id >= 2443713) AND (id <= 2443722))

table 6 : explain SELECT c FROM sbtest6 WHERE id BETWEEN 6010138 AND 6010147 ORDER BY c
	Sort  (cost=40.10..40.12 rows=9 width=121)
	  Sort Key: c
	  ->  Index Scan using sbtest6_pkey on sbtest6  (cost=0.43..39.96 rows=9 width=121)
	        Index Cond: ((id >= 6010138) AND (id <= 6010147))

table 7 : explain SELECT c FROM sbtest7 WHERE id BETWEEN 9397 AND 9406 ORDER BY c
	Sort  (cost=47.97..48.00 rows=11 width=121)
	  Sort Key: c
	  ->  Index Scan using sbtest7_pkey on sbtest7  (cost=0.43..47.78 rows=11 width=121)
	        Index Cond: ((id >= 9397) AND (id <= 9406))

table 8 : explain SELECT c FROM sbtest8 WHERE id BETWEEN 1804232 AND 1804241 ORDER BY c
	Sort  (cost=44.13..44.15 rows=10 width=121)
	  Sort Key: c
	  ->  Index Scan using sbtest8_pkey on sbtest8  (cost=0.43..43.96 rows=10 width=121)
	        Index Cond: ((id >= 1804232) AND (id <= 1804241))

for: sum_ranges
table 1 : explain SELECT SUM(k) FROM sbtest1 WHERE id BETWEEN 7869575 AND 7869584
	Aggregate  (cost=47.98..47.99 rows=1 width=8)
	  ->  Index Scan using sbtest1_pkey on sbtest1  (cost=0.43..47.95 rows=11 width=4)
	        Index Cond: ((id >= 7869575) AND (id <= 7869584))

table 2 : explain SELECT SUM(k) FROM sbtest2 WHERE id BETWEEN 2730285 AND 2730294
	Aggregate  (cost=44.03..44.04 rows=1 width=8)
	  ->  Index Scan using sbtest2_pkey on sbtest2  (cost=0.43..44.00 rows=10 width=4)
	        Index Cond: ((id >= 2730285) AND (id <= 2730294))

table 3 : explain SELECT SUM(k) FROM sbtest3 WHERE id BETWEEN 4884913 AND 4884922
	Aggregate  (cost=43.97..43.98 rows=1 width=8)
	  ->  Index Scan using sbtest3_pkey on sbtest3  (cost=0.43..43.95 rows=10 width=4)
	        Index Cond: ((id >= 4884913) AND (id <= 4884922))

table 4 : explain SELECT SUM(k) FROM sbtest4 WHERE id BETWEEN 4083780 AND 4083789
	Aggregate  (cost=47.89..47.90 rows=1 width=8)
	  ->  Index Scan using sbtest4_pkey on sbtest4  (cost=0.43..47.86 rows=11 width=4)
	        Index Cond: ((id >= 4083780) AND (id <= 4083789))

table 5 : explain SELECT SUM(k) FROM sbtest5 WHERE id BETWEEN 2192929 AND 2192938
	Aggregate  (cost=47.88..47.89 rows=1 width=8)
	  ->  Index Scan using sbtest5_pkey on sbtest5  (cost=0.43..47.85 rows=11 width=4)
	        Index Cond: ((id >= 2192929) AND (id <= 2192938))

table 6 : explain SELECT SUM(k) FROM sbtest6 WHERE id BETWEEN 7394153 AND 7394162
	Aggregate  (cost=39.98..39.99 rows=1 width=8)
	  ->  Index Scan using sbtest6_pkey on sbtest6  (cost=0.43..39.96 rows=9 width=4)
	        Index Cond: ((id >= 7394153) AND (id <= 7394162))

table 7 : explain SELECT SUM(k) FROM sbtest7 WHERE id BETWEEN 7708643 AND 7708652
	Aggregate  (cost=43.87..43.88 rows=1 width=8)
	  ->  Index Scan using sbtest7_pkey on sbtest7  (cost=0.43..43.85 rows=10 width=4)
	        Index Cond: ((id >= 7708643) AND (id <= 7708652))

table 8 : explain SELECT SUM(k) FROM sbtest8 WHERE id BETWEEN 9766853 AND 9766862
	Aggregate  (cost=40.04..40.05 rows=1 width=8)
	  ->  Index Scan using sbtest8_pkey on sbtest8  (cost=0.43..40.02 rows=9 width=4)
	        Index Cond: ((id >= 9766853) AND (id <= 9766862))

for: sum_ranges
table 1 : explain SELECT SUM(k) FROM sbtest1 WHERE id BETWEEN 3808507 AND 3808516
	Aggregate  (cost=44.03..44.04 rows=1 width=8)
	  ->  Index Scan using sbtest1_pkey on sbtest1  (cost=0.43..44.00 rows=10 width=4)
	        Index Cond: ((id >= 3808507) AND (id <= 3808516))

table 2 : explain SELECT SUM(k) FROM sbtest2 WHERE id BETWEEN 5426299 AND 5426308
	Aggregate  (cost=40.07..40.08 rows=1 width=8)
	  ->  Index Scan using sbtest2_pkey on sbtest2  (cost=0.43..40.05 rows=9 width=4)
	        Index Cond: ((id >= 5426299) AND (id <= 5426308))

table 3 : explain SELECT SUM(k) FROM sbtest3 WHERE id BETWEEN 2397413 AND 2397422
	Aggregate  (cost=40.03..40.04 rows=1 width=8)
	  ->  Index Scan using sbtest3_pkey on sbtest3  (cost=0.43..40.00 rows=9 width=4)
	        Index Cond: ((id >= 2397413) AND (id <= 2397422))

table 4 : explain SELECT SUM(k) FROM sbtest4 WHERE id BETWEEN 1831321 AND 1831330
	Aggregate  (cost=43.94..43.95 rows=1 width=8)
	  ->  Index Scan using sbtest4_pkey on sbtest4  (cost=0.43..43.92 rows=10 width=4)
	        Index Cond: ((id >= 1831321) AND (id <= 1831330))

table 5 : explain SELECT SUM(k) FROM sbtest5 WHERE id BETWEEN 5338426 AND 5338435
	Aggregate  (cost=43.93..43.94 rows=1 width=8)
	  ->  Index Scan using sbtest5_pkey on sbtest5  (cost=0.43..43.91 rows=10 width=4)
	        Index Cond: ((id >= 5338426) AND (id <= 5338435))

table 6 : explain SELECT SUM(k) FROM sbtest6 WHERE id BETWEEN 8492719 AND 8492728
	Aggregate  (cost=39.98..39.99 rows=1 width=8)
	  ->  Index Scan using sbtest6_pkey on sbtest6  (cost=0.43..39.96 rows=9 width=4)
	        Index Cond: ((id >= 8492719) AND (id <= 8492728))

table 7 : explain SELECT SUM(k) FROM sbtest7 WHERE id BETWEEN 5385707 AND 5385716
	Aggregate  (cost=43.87..43.88 rows=1 width=8)
	  ->  Index Scan using sbtest7_pkey on sbtest7  (cost=0.43..43.85 rows=10 width=4)
	        Index Cond: ((id >= 5385707) AND (id <= 5385716))

table 8 : explain SELECT SUM(k) FROM sbtest8 WHERE id BETWEEN 6219063 AND 6219072
	Aggregate  (cost=43.99..44.00 rows=1 width=8)
	  ->  Index Scan using sbtest8_pkey on sbtest8  (cost=0.43..43.96 rows=10 width=4)
	        Index Cond: ((id >= 6219063) AND (id <= 6219072))

for: sum_ranges
table 1 : explain SELECT SUM(k) FROM sbtest1 WHERE id BETWEEN 5040659 AND 5040668
	Aggregate  (cost=44.03..44.04 rows=1 width=8)
	  ->  Index Scan using sbtest1_pkey on sbtest1  (cost=0.43..44.00 rows=10 width=4)
	        Index Cond: ((id >= 5040659) AND (id <= 5040668))

table 2 : explain SELECT SUM(k) FROM sbtest2 WHERE id BETWEEN 5576496 AND 5576505
	Aggregate  (cost=44.03..44.04 rows=1 width=8)
	  ->  Index Scan using sbtest2_pkey on sbtest2  (cost=0.43..44.00 rows=10 width=4)
	        Index Cond: ((id >= 5576496) AND (id <= 5576505))

table 3 : explain SELECT SUM(k) FROM sbtest3 WHERE id BETWEEN 9346387 AND 9346396
	Aggregate  (cost=40.03..40.04 rows=1 width=8)
	  ->  Index Scan using sbtest3_pkey on sbtest3  (cost=0.43..40.00 rows=9 width=4)
	        Index Cond: ((id >= 9346387) AND (id <= 9346396))

table 4 : explain SELECT SUM(k) FROM sbtest4 WHERE id BETWEEN 5917017 AND 5917026
	Aggregate  (cost=43.94..43.95 rows=1 width=8)
	  ->  Index Scan using sbtest4_pkey on sbtest4  (cost=0.43..43.92 rows=10 width=4)
	        Index Cond: ((id >= 5917017) AND (id <= 5917026))

table 5 : explain SELECT SUM(k) FROM sbtest5 WHERE id BETWEEN 6751848 AND 6751857
	Aggregate  (cost=43.93..43.94 rows=1 width=8)
	  ->  Index Scan using sbtest5_pkey on sbtest5  (cost=0.43..43.91 rows=10 width=4)
	        Index Cond: ((id >= 6751848) AND (id <= 6751857))

table 6 : explain SELECT SUM(k) FROM sbtest6 WHERE id BETWEEN 1556215 AND 1556224
	Aggregate  (cost=43.92..43.93 rows=1 width=8)
	  ->  Index Scan using sbtest6_pkey on sbtest6  (cost=0.43..43.90 rows=10 width=4)
	        Index Cond: ((id >= 1556215) AND (id <= 1556224))

table 7 : explain SELECT SUM(k) FROM sbtest7 WHERE id BETWEEN 2754866 AND 2754875
	Aggregate  (cost=43.87..43.88 rows=1 width=8)
	  ->  Index Scan using sbtest7_pkey on sbtest7  (cost=0.43..43.85 rows=10 width=4)
	        Index Cond: ((id >= 2754866) AND (id <= 2754875))

table 8 : explain SELECT SUM(k) FROM sbtest8 WHERE id BETWEEN 2708994 AND 2709003
	Aggregate  (cost=43.99..44.00 rows=1 width=8)
	  ->  Index Scan using sbtest8_pkey on sbtest8  (cost=0.43..43.96 rows=10 width=4)
	        Index Cond: ((id >= 2708994) AND (id <= 2709003))

for: order_ranges
table 1 : explain SELECT c FROM sbtest1 WHERE id BETWEEN 4124763 AND 4124772 ORDER BY c
	Sort  (cost=44.17..44.19 rows=10 width=121)
	  Sort Key: c
	  ->  Index Scan using sbtest1_pkey on sbtest1  (cost=0.43..44.00 rows=10 width=121)
	        Index Cond: ((id >= 4124763) AND (id <= 4124772))

table 2 : explain SELECT c FROM sbtest2 WHERE id BETWEEN 9376338 AND 9376347 ORDER BY c
	Sort  (cost=40.19..40.22 rows=9 width=121)
	  Sort Key: c
	  ->  Index Scan using sbtest2_pkey on sbtest2  (cost=0.43..40.05 rows=9 width=121)
	        Index Cond: ((id >= 9376338) AND (id <= 9376347))

table 3 : explain SELECT c FROM sbtest3 WHERE id BETWEEN 8496945 AND 8496954 ORDER BY c
	Sort  (cost=48.08..48.11 rows=11 width=121)
	  Sort Key: c
	  ->  Index Scan using sbtest3_pkey on sbtest3  (cost=0.43..47.89 rows=11 width=121)
	        Index Cond: ((id >= 8496945) AND (id <= 8496954))

table 4 : explain SELECT c FROM sbtest4 WHERE id BETWEEN 9278554 AND 9278563 ORDER BY c
	Sort  (cost=40.12..40.14 rows=9 width=121)
	  Sort Key: c
	  ->  Index Scan using sbtest4_pkey on sbtest4  (cost=0.43..39.98 rows=9 width=121)
	        Index Cond: ((id >= 9278554) AND (id <= 9278563))

table 5 : explain SELECT c FROM sbtest5 WHERE id BETWEEN 8754644 AND 8754653 ORDER BY c
	Sort  (cost=40.11..40.14 rows=9 width=121)
	  Sort Key: c
	  ->  Index Scan using sbtest5_pkey on sbtest5  (cost=0.43..39.97 rows=9 width=121)
	        Index Cond: ((id >= 8754644) AND (id <= 8754653))

table 6 : explain SELECT c FROM sbtest6 WHERE id BETWEEN 9911064 AND 9911073 ORDER BY c
	Sort  (cost=44.06..44.09 rows=10 width=121)
	  Sort Key: c
	  ->  Index Scan using sbtest6_pkey on sbtest6  (cost=0.43..43.90 rows=10 width=121)
	        Index Cond: ((id >= 9911064) AND (id <= 9911073))

table 7 : explain SELECT c FROM sbtest7 WHERE id BETWEEN 3283630 AND 3283639 ORDER BY c
	Sort  (cost=40.06..40.08 rows=9 width=121)
	  Sort Key: c
	  ->  Index Scan using sbtest7_pkey on sbtest7  (cost=0.43..39.92 rows=9 width=121)
	        Index Cond: ((id >= 3283630) AND (id <= 3283639))

table 8 : explain SELECT c FROM sbtest8 WHERE id BETWEEN 4092964 AND 4092973 ORDER BY c
	Sort  (cost=44.13..44.15 rows=10 width=121)
	  Sort Key: c
	  ->  Index Scan using sbtest8_pkey on sbtest8  (cost=0.43..43.96 rows=10 width=121)
	        Index Cond: ((id >= 4092964) AND (id <= 4092973))

for: order_ranges
table 1 : explain SELECT c FROM sbtest1 WHERE id BETWEEN 8070490 AND 8070499 ORDER BY c
	Sort  (cost=40.20..40.22 rows=9 width=121)
	  Sort Key: c
	  ->  Index Scan using sbtest1_pkey on sbtest1  (cost=0.43..40.05 rows=9 width=121)
	        Index Cond: ((id >= 8070490) AND (id <= 8070499))

table 2 : explain SELECT c FROM sbtest2 WHERE id BETWEEN 7880673 AND 7880682 ORDER BY c
	Sort  (cost=44.17..44.19 rows=10 width=121)
	  Sort Key: c
	  ->  Index Scan using sbtest2_pkey on sbtest2  (cost=0.43..44.00 rows=10 width=121)
	        Index Cond: ((id >= 7880673) AND (id <= 7880682))

table 3 : explain SELECT c FROM sbtest3 WHERE id BETWEEN 4266911 AND 4266920 ORDER BY c
	Sort  (cost=44.11..44.14 rows=10 width=121)
	  Sort Key: c
	  ->  Index Scan using sbtest3_pkey on sbtest3  (cost=0.43..43.95 rows=10 width=121)
	        Index Cond: ((id >= 4266911) AND (id <= 4266920))

table 4 : explain SELECT c FROM sbtest4 WHERE id BETWEEN 2609279 AND 2609288 ORDER BY c
	Sort  (cost=48.05..48.08 rows=11 width=121)
	  Sort Key: c
	  ->  Index Scan using sbtest4_pkey on sbtest4  (cost=0.43..47.86 rows=11 width=121)
	        Index Cond: ((id >= 2609279) AND (id <= 2609288))

table 5 : explain SELECT c FROM sbtest5 WHERE id BETWEEN 9235272 AND 9235281 ORDER BY c
	Sort  (cost=48.04..48.07 rows=11 width=121)
	  Sort Key: c
	  ->  Index Scan using sbtest5_pkey on sbtest5  (cost=0.43..47.85 rows=11 width=121)
	        Index Cond: ((id >= 9235272) AND (id <= 9235281))

table 6 : explain SELECT c FROM sbtest6 WHERE id BETWEEN 7232968 AND 7232977 ORDER BY c
	Sort  (cost=48.02..48.05 rows=11 width=121)
	  Sort Key: c
	  ->  Index Scan using sbtest6_pkey on sbtest6  (cost=0.43..47.83 rows=11 width=121)
	        Index Cond: ((id >= 7232968) AND (id <= 7232977))

table 7 : explain SELECT c FROM sbtest7 WHERE id BETWEEN 1114934 AND 1114943 ORDER BY c
	Sort  (cost=44.01..44.04 rows=10 width=121)
	  Sort Key: c
	  ->  Index Scan using sbtest7_pkey on sbtest7  (cost=0.43..43.85 rows=10 width=121)
	        Index Cond: ((id >= 1114934) AND (id <= 1114943))

table 8 : explain SELECT c FROM sbtest8 WHERE id BETWEEN 2956237 AND 2956246 ORDER BY c
	Sort  (cost=44.13..44.15 rows=10 width=121)
	  Sort Key: c
	  ->  Index Scan using sbtest8_pkey on sbtest8  (cost=0.43..43.96 rows=10 width=121)
	        Index Cond: ((id >= 2956237) AND (id <= 2956246))

for: sum_ranges
table 1 : explain SELECT SUM(k) FROM sbtest1 WHERE id BETWEEN 2037055 AND 2037064
	Aggregate  (cost=44.03..44.04 rows=1 width=8)
	  ->  Index Scan using sbtest1_pkey on sbtest1  (cost=0.43..44.00 rows=10 width=4)
	        Index Cond: ((id >= 2037055) AND (id <= 2037064))

table 2 : explain SELECT SUM(k) FROM sbtest2 WHERE id BETWEEN 2392410 AND 2392419
	Aggregate  (cost=47.98..47.99 rows=1 width=8)
	  ->  Index Scan using sbtest2_pkey on sbtest2  (cost=0.43..47.95 rows=11 width=4)
	        Index Cond: ((id >= 2392410) AND (id <= 2392419))

table 3 : explain SELECT SUM(k) FROM sbtest3 WHERE id BETWEEN 8822848 AND 8822857
	Aggregate  (cost=43.97..43.98 rows=1 width=8)
	  ->  Index Scan using sbtest3_pkey on sbtest3  (cost=0.43..43.95 rows=10 width=4)
	        Index Cond: ((id >= 8822848) AND (id <= 8822857))

table 4 : explain SELECT SUM(k) FROM sbtest4 WHERE id BETWEEN 997935 AND 997944
	Aggregate  (cost=43.94..43.95 rows=1 width=8)
	  ->  Index Scan using sbtest4_pkey on sbtest4  (cost=0.43..43.92 rows=10 width=4)
	        Index Cond: ((id >= 997935) AND (id <= 997944))

table 5 : explain SELECT SUM(k) FROM sbtest5 WHERE id BETWEEN 7501446 AND 7501455
	Aggregate  (cost=39.99..40.00 rows=1 width=8)
	  ->  Index Scan using sbtest5_pkey on sbtest5  (cost=0.43..39.97 rows=9 width=4)
	        Index Cond: ((id >= 7501446) AND (id <= 7501455))

table 6 : explain SELECT SUM(k) FROM sbtest6 WHERE id BETWEEN 1706232 AND 1706241
	Aggregate  (cost=47.86..47.87 rows=1 width=8)
	  ->  Index Scan using sbtest6_pkey on sbtest6  (cost=0.43..47.83 rows=11 width=4)
	        Index Cond: ((id >= 1706232) AND (id <= 1706241))

table 7 : explain SELECT SUM(k) FROM sbtest7 WHERE id BETWEEN 4462080 AND 4462089
	Aggregate  (cost=39.94..39.95 rows=1 width=8)
	  ->  Index Scan using sbtest7_pkey on sbtest7  (cost=0.43..39.92 rows=9 width=4)
	        Index Cond: ((id >= 4462080) AND (id <= 4462089))

table 8 : explain SELECT SUM(k) FROM sbtest8 WHERE id BETWEEN 2011402 AND 2011411
	Aggregate  (cost=47.93..47.94 rows=1 width=8)
	  ->  Index Scan using sbtest8_pkey on sbtest8  (cost=0.43..47.91 rows=11 width=4)
	        Index Cond: ((id >= 2011402) AND (id <= 2011411))

for: distinct_ranges
table 1 : explain SELECT DISTINCT c FROM sbtest1 WHERE id BETWEEN 4658574 AND 4658583 ORDER BY c
	Unique  (cost=44.17..44.22 rows=10 width=121)
	  ->  Sort  (cost=44.17..44.19 rows=10 width=121)
	        Sort Key: c
	        ->  Index Scan using sbtest1_pkey on sbtest1  (cost=0.43..44.00 rows=10 width=121)
	              Index Cond: ((id >= 4658574) AND (id <= 4658583))

table 2 : explain SELECT DISTINCT c FROM sbtest2 WHERE id BETWEEN 3953934 AND 3953943 ORDER BY c
	Unique  (cost=44.17..44.22 rows=10 width=121)
	  ->  Sort  (cost=44.17..44.19 rows=10 width=121)
	        Sort Key: c
	        ->  Index Scan using sbtest2_pkey on sbtest2  (cost=0.43..44.00 rows=10 width=121)
	              Index Cond: ((id >= 3953934) AND (id <= 3953943))

table 3 : explain SELECT DISTINCT c FROM sbtest3 WHERE id BETWEEN 2424595 AND 2424604 ORDER BY c
	Unique  (cost=40.15..40.19 rows=9 width=121)
	  ->  Sort  (cost=40.15..40.17 rows=9 width=121)
	        Sort Key: c
	        ->  Index Scan using sbtest3_pkey on sbtest3  (cost=0.43..40.00 rows=9 width=121)
	              Index Cond: ((id >= 2424595) AND (id <= 2424604))

table 4 : explain SELECT DISTINCT c FROM sbtest4 WHERE id BETWEEN 5066132 AND 5066141 ORDER BY c
	Unique  (cost=44.09..44.14 rows=10 width=121)
	  ->  Sort  (cost=44.09..44.11 rows=10 width=121)
	        Sort Key: c
	        ->  Index Scan using sbtest4_pkey on sbtest4  (cost=0.43..43.92 rows=10 width=121)
	              Index Cond: ((id >= 5066132) AND (id <= 5066141))

table 5 : explain SELECT DISTINCT c FROM sbtest5 WHERE id BETWEEN 2343346 AND 2343355 ORDER BY c
	Unique  (cost=44.08..44.13 rows=10 width=121)
	  ->  Sort  (cost=44.08..44.10 rows=10 width=121)
	        Sort Key: c
	        ->  Index Scan using sbtest5_pkey on sbtest5  (cost=0.43..43.91 rows=10 width=121)
	              Index Cond: ((id >= 2343346) AND (id <= 2343355))

table 6 : explain SELECT DISTINCT c FROM sbtest6 WHERE id BETWEEN 5936507 AND 5936516 ORDER BY c
	Unique  (cost=40.10..40.15 rows=9 width=121)
	  ->  Sort  (cost=40.10..40.12 rows=9 width=121)
	        Sort Key: c
	        ->  Index Scan using sbtest6_pkey on sbtest6  (cost=0.43..39.96 rows=9 width=121)
	              Index Cond: ((id >= 5936507) AND (id <= 5936516))

table 7 : explain SELECT DISTINCT c FROM sbtest7 WHERE id BETWEEN 8900112 AND 8900121 ORDER BY c
	Unique  (cost=44.01..44.06 rows=10 width=121)
	  ->  Sort  (cost=44.01..44.04 rows=10 width=121)
	        Sort Key: c
	        ->  Index Scan using sbtest7_pkey on sbtest7  (cost=0.43..43.85 rows=10 width=121)
	              Index Cond: ((id >= 8900112) AND (id <= 8900121))

table 8 : explain SELECT DISTINCT c FROM sbtest8 WHERE id BETWEEN 501463 AND 501472 ORDER BY c
	Unique  (cost=40.16..40.20 rows=9 width=121)
	  ->  Sort  (cost=40.16..40.18 rows=9 width=121)
	        Sort Key: c
	        ->  Index Scan using sbtest8_pkey on sbtest8  (cost=0.43..40.02 rows=9 width=121)
	              Index Cond: ((id >= 501463) AND (id <= 501472))

for: distinct_ranges
table 1 : explain SELECT DISTINCT c FROM sbtest1 WHERE id BETWEEN 2638279 AND 2638288 ORDER BY c
	Unique  (cost=44.17..44.22 rows=10 width=121)
	  ->  Sort  (cost=44.17..44.19 rows=10 width=121)
	        Sort Key: c
	        ->  Index Scan using sbtest1_pkey on sbtest1  (cost=0.43..44.00 rows=10 width=121)
	              Index Cond: ((id >= 2638279) AND (id <= 2638288))

table 2 : explain SELECT DISTINCT c FROM sbtest2 WHERE id BETWEEN 2202139 AND 2202148 ORDER BY c
	Unique  (cost=44.17..44.22 rows=10 width=121)
	  ->  Sort  (cost=44.17..44.19 rows=10 width=121)
	        Sort Key: c
	        ->  Index Scan using sbtest2_pkey on sbtest2  (cost=0.43..44.00 rows=10 width=121)
	              Index Cond: ((id >= 2202139) AND (id <= 2202148))

table 3 : explain SELECT DISTINCT c FROM sbtest3 WHERE id BETWEEN 7205482 AND 7205491 ORDER BY c
	Unique  (cost=44.11..44.16 rows=10 width=121)
	  ->  Sort  (cost=44.11..44.14 rows=10 width=121)
	        Sort Key: c
	        ->  Index Scan using sbtest3_pkey on sbtest3  (cost=0.43..43.95 rows=10 width=121)
	              Index Cond: ((id >= 7205482) AND (id <= 7205491))

table 4 : explain SELECT DISTINCT c FROM sbtest4 WHERE id BETWEEN 8404719 AND 8404728 ORDER BY c
	Unique  (cost=44.09..44.14 rows=10 width=121)
	  ->  Sort  (cost=44.09..44.11 rows=10 width=121)
	        Sort Key: c
	        ->  Index Scan using sbtest4_pkey on sbtest4  (cost=0.43..43.92 rows=10 width=121)
	              Index Cond: ((id >= 8404719) AND (id <= 8404728))

table 5 : explain SELECT DISTINCT c FROM sbtest5 WHERE id BETWEEN 6777462 AND 6777471 ORDER BY c
	Unique  (cost=44.08..44.13 rows=10 width=121)
	  ->  Sort  (cost=44.08..44.10 rows=10 width=121)
	        Sort Key: c
	        ->  Index Scan using sbtest5_pkey on sbtest5  (cost=0.43..43.91 rows=10 width=121)
	              Index Cond: ((id >= 6777462) AND (id <= 6777471))

table 6 : explain SELECT DISTINCT c FROM sbtest6 WHERE id BETWEEN 7479749 AND 7479758 ORDER BY c
	Unique  (cost=44.06..44.11 rows=10 width=121)
	  ->  Sort  (cost=44.06..44.09 rows=10 width=121)
	        Sort Key: c
	        ->  Index Scan using sbtest6_pkey on sbtest6  (cost=0.43..43.90 rows=10 width=121)
	              Index Cond: ((id >= 7479749) AND (id <= 7479758))

table 7 : explain SELECT DISTINCT c FROM sbtest7 WHERE id BETWEEN 9069038 AND 9069047 ORDER BY c
	Unique  (cost=44.01..44.06 rows=10 width=121)
	  ->  Sort  (cost=44.01..44.04 rows=10 width=121)
	        Sort Key: c
	        ->  Index Scan using sbtest7_pkey on sbtest7  (cost=0.43..43.85 rows=10 width=121)
	              Index Cond: ((id >= 9069038) AND (id <= 9069047))

table 8 : explain SELECT DISTINCT c FROM sbtest8 WHERE id BETWEEN 9549047 AND 9549056 ORDER BY c
	Unique  (cost=44.13..44.18 rows=10 width=121)
	  ->  Sort  (cost=44.13..44.15 rows=10 width=121)
	        Sort Key: c
	        ->  Index Scan using sbtest8_pkey on sbtest8  (cost=0.43..43.96 rows=10 width=121)
	              Index Cond: ((id >= 9549047) AND (id <= 9549056))

for: sum_ranges
table 1 : explain SELECT SUM(k) FROM sbtest1 WHERE id BETWEEN 6940379 AND 6940388
	Aggregate  (cost=44.03..44.04 rows=1 width=8)
	  ->  Index Scan using sbtest1_pkey on sbtest1  (cost=0.43..44.00 rows=10 width=4)
	        Index Cond: ((id >= 6940379) AND (id <= 6940388))

table 2 : explain SELECT SUM(k) FROM sbtest2 WHERE id BETWEEN 5014108 AND 5014117
	Aggregate  (cost=44.03..44.04 rows=1 width=8)
	  ->  Index Scan using sbtest2_pkey on sbtest2  (cost=0.43..44.00 rows=10 width=4)
	        Index Cond: ((id >= 5014108) AND (id <= 5014117))

table 3 : explain SELECT SUM(k) FROM sbtest3 WHERE id BETWEEN 3135946 AND 3135955
	Aggregate  (cost=43.97..43.98 rows=1 width=8)
	  ->  Index Scan using sbtest3_pkey on sbtest3  (cost=0.43..43.95 rows=10 width=4)
	        Index Cond: ((id >= 3135946) AND (id <= 3135955))

table 4 : explain SELECT SUM(k) FROM sbtest4 WHERE id BETWEEN 1226106 AND 1226115
	Aggregate  (cost=47.89..47.90 rows=1 width=8)
	  ->  Index Scan using sbtest4_pkey on sbtest4  (cost=0.43..47.86 rows=11 width=4)
	        Index Cond: ((id >= 1226106) AND (id <= 1226115))

table 5 : explain SELECT SUM(k) FROM sbtest5 WHERE id BETWEEN 7614223 AND 7614232
	Aggregate  (cost=43.93..43.94 rows=1 width=8)
	  ->  Index Scan using sbtest5_pkey on sbtest5  (cost=0.43..43.91 rows=10 width=4)
	        Index Cond: ((id >= 7614223) AND (id <= 7614232))

table 6 : explain SELECT SUM(k) FROM sbtest6 WHERE id BETWEEN 4112171 AND 4112180
	Aggregate  (cost=39.98..39.99 rows=1 width=8)
	  ->  Index Scan using sbtest6_pkey on sbtest6  (cost=0.43..39.96 rows=9 width=4)
	        Index Cond: ((id >= 4112171) AND (id <= 4112180))

table 7 : explain SELECT SUM(k) FROM sbtest7 WHERE id BETWEEN 9757695 AND 9757704
	Aggregate  (cost=47.81..47.82 rows=1 width=8)
	  ->  Index Scan using sbtest7_pkey on sbtest7  (cost=0.43..47.78 rows=11 width=4)
	        Index Cond: ((id >= 9757695) AND (id <= 9757704))

table 8 : explain SELECT SUM(k) FROM sbtest8 WHERE id BETWEEN 9992565 AND 9992574
	Aggregate  (cost=43.99..44.00 rows=1 width=8)
	  ->  Index Scan using sbtest8_pkey on sbtest8  (cost=0.43..43.96 rows=10 width=4)
	        Index Cond: ((id >= 9992565) AND (id <= 9992574))

for: sum_ranges
table 1 : explain SELECT SUM(k) FROM sbtest1 WHERE id BETWEEN 6559807 AND 6559816
	Aggregate  (cost=44.03..44.04 rows=1 width=8)
	  ->  Index Scan using sbtest1_pkey on sbtest1  (cost=0.43..44.00 rows=10 width=4)
	        Index Cond: ((id >= 6559807) AND (id <= 6559816))

table 2 : explain SELECT SUM(k) FROM sbtest2 WHERE id BETWEEN 2121647 AND 2121656
	Aggregate  (cost=44.03..44.04 rows=1 width=8)
	  ->  Index Scan using sbtest2_pkey on sbtest2  (cost=0.43..44.00 rows=10 width=4)
	        Index Cond: ((id >= 2121647) AND (id <= 2121656))

table 3 : explain SELECT SUM(k) FROM sbtest3 WHERE id BETWEEN 1649074 AND 1649083
	Aggregate  (cost=43.97..43.98 rows=1 width=8)
	  ->  Index Scan using sbtest3_pkey on sbtest3  (cost=0.43..43.95 rows=10 width=4)
	        Index Cond: ((id >= 1649074) AND (id <= 1649083))

table 4 : explain SELECT SUM(k) FROM sbtest4 WHERE id BETWEEN 5126359 AND 5126368
	Aggregate  (cost=47.89..47.90 rows=1 width=8)
	  ->  Index Scan using sbtest4_pkey on sbtest4  (cost=0.43..47.86 rows=11 width=4)
	        Index Cond: ((id >= 5126359) AND (id <= 5126368))

table 5 : explain SELECT SUM(k) FROM sbtest5 WHERE id BETWEEN 7832550 AND 7832559
	Aggregate  (cost=47.88..47.89 rows=1 width=8)
	  ->  Index Scan using sbtest5_pkey on sbtest5  (cost=0.43..47.85 rows=11 width=4)
	        Index Cond: ((id >= 7832550) AND (id <= 7832559))

table 6 : explain SELECT SUM(k) FROM sbtest6 WHERE id BETWEEN 9850546 AND 9850555
	Aggregate  (cost=43.92..43.93 rows=1 width=8)
	  ->  Index Scan using sbtest6_pkey on sbtest6  (cost=0.43..43.90 rows=10 width=4)
	        Index Cond: ((id >= 9850546) AND (id <= 9850555))

table 7 : explain SELECT SUM(k) FROM sbtest7 WHERE id BETWEEN 703898 AND 703907
	Aggregate  (cost=39.94..39.95 rows=1 width=8)
	  ->  Index Scan using sbtest7_pkey on sbtest7  (cost=0.43..39.92 rows=9 width=4)
	        Index Cond: ((id >= 703898) AND (id <= 703907))

table 8 : explain SELECT SUM(k) FROM sbtest8 WHERE id BETWEEN 1187213 AND 1187222
	Aggregate  (cost=40.04..40.05 rows=1 width=8)
	  ->  Index Scan using sbtest8_pkey on sbtest8  (cost=0.43..40.02 rows=9 width=4)
	        Index Cond: ((id >= 1187213) AND (id <= 1187222))

for: sum_ranges
table 1 : explain SELECT SUM(k) FROM sbtest1 WHERE id BETWEEN 3022620 AND 3022629
	Aggregate  (cost=44.03..44.04 rows=1 width=8)
	  ->  Index Scan using sbtest1_pkey on sbtest1  (cost=0.43..44.00 rows=10 width=4)
	        Index Cond: ((id >= 3022620) AND (id <= 3022629))

table 2 : explain SELECT SUM(k) FROM sbtest2 WHERE id BETWEEN 7813040 AND 7813049
	Aggregate  (cost=44.03..44.04 rows=1 width=8)
	  ->  Index Scan using sbtest2_pkey on sbtest2  (cost=0.43..44.00 rows=10 width=4)
	        Index Cond: ((id >= 7813040) AND (id <= 7813049))

table 3 : explain SELECT SUM(k) FROM sbtest3 WHERE id BETWEEN 3999300 AND 3999309
	Aggregate  (cost=43.97..43.98 rows=1 width=8)
	  ->  Index Scan using sbtest3_pkey on sbtest3  (cost=0.43..43.95 rows=10 width=4)
	        Index Cond: ((id >= 3999300) AND (id <= 3999309))

table 4 : explain SELECT SUM(k) FROM sbtest4 WHERE id BETWEEN 6284263 AND 6284272
	Aggregate  (cost=43.94..43.95 rows=1 width=8)
	  ->  Index Scan using sbtest4_pkey on sbtest4  (cost=0.43..43.92 rows=10 width=4)
	        Index Cond: ((id >= 6284263) AND (id <= 6284272))

table 5 : explain SELECT SUM(k) FROM sbtest5 WHERE id BETWEEN 227826 AND 227835
	Aggregate  (cost=39.99..40.00 rows=1 width=8)
	  ->  Index Scan using sbtest5_pkey on sbtest5  (cost=0.43..39.97 rows=9 width=4)
	        Index Cond: ((id >= 227826) AND (id <= 227835))

table 6 : explain SELECT SUM(k) FROM sbtest6 WHERE id BETWEEN 9781943 AND 9781952
	Aggregate  (cost=43.92..43.93 rows=1 width=8)
	  ->  Index Scan using sbtest6_pkey on sbtest6  (cost=0.43..43.90 rows=10 width=4)
	        Index Cond: ((id >= 9781943) AND (id <= 9781952))

table 7 : explain SELECT SUM(k) FROM sbtest7 WHERE id BETWEEN 4484413 AND 4484422
	Aggregate  (cost=39.94..39.95 rows=1 width=8)
	  ->  Index Scan using sbtest7_pkey on sbtest7  (cost=0.43..39.92 rows=9 width=4)
	        Index Cond: ((id >= 4484413) AND (id <= 4484422))

table 8 : explain SELECT SUM(k) FROM sbtest8 WHERE id BETWEEN 729843 AND 729852
	Aggregate  (cost=43.99..44.00 rows=1 width=8)
	  ->  Index Scan using sbtest8_pkey on sbtest8  (cost=0.43..43.96 rows=10 width=4)
	        Index Cond: ((id >= 729843) AND (id <= 729852))

for: order_ranges
table 1 : explain SELECT c FROM sbtest1 WHERE id BETWEEN 4538434 AND 4538443 ORDER BY c
	Sort  (cost=44.17..44.19 rows=10 width=121)
	  Sort Key: c
	  ->  Index Scan using sbtest1_pkey on sbtest1  (cost=0.43..44.00 rows=10 width=121)
	        Index Cond: ((id >= 4538434) AND (id <= 4538443))

table 2 : explain SELECT c FROM sbtest2 WHERE id BETWEEN 3435850 AND 3435859 ORDER BY c
	Sort  (cost=44.17..44.19 rows=10 width=121)
	  Sort Key: c
	  ->  Index Scan using sbtest2_pkey on sbtest2  (cost=0.43..44.00 rows=10 width=121)
	        Index Cond: ((id >= 3435850) AND (id <= 3435859))

table 3 : explain SELECT c FROM sbtest3 WHERE id BETWEEN 6859045 AND 6859054 ORDER BY c
	Sort  (cost=44.11..44.14 rows=10 width=121)
	  Sort Key: c
	  ->  Index Scan using sbtest3_pkey on sbtest3  (cost=0.43..43.95 rows=10 width=121)
	        Index Cond: ((id >= 6859045) AND (id <= 6859054))

table 4 : explain SELECT c FROM sbtest4 WHERE id BETWEEN 4754889 AND 4754898 ORDER BY c
	Sort  (cost=40.12..40.14 rows=9 width=121)
	  Sort Key: c
	  ->  Index Scan using sbtest4_pkey on sbtest4  (cost=0.43..39.98 rows=9 width=121)
	        Index Cond: ((id >= 4754889) AND (id <= 4754898))

table 5 : explain SELECT c FROM sbtest5 WHERE id BETWEEN 4240436 AND 4240445 ORDER BY c
	Sort  (cost=44.08..44.10 rows=10 width=121)
	  Sort Key: c
	  ->  Index Scan using sbtest5_pkey on sbtest5  (cost=0.43..43.91 rows=10 width=121)
	        Index Cond: ((id >= 4240436) AND (id <= 4240445))

table 6 : explain SELECT c FROM sbtest6 WHERE id BETWEEN 6171281 AND 6171290 ORDER BY c
	Sort  (cost=40.10..40.12 rows=9 width=121)
	  Sort Key: c
	  ->  Index Scan using sbtest6_pkey on sbtest6  (cost=0.43..39.96 rows=9 width=121)
	        Index Cond: ((id >= 6171281) AND (id <= 6171290))

table 7 : explain SELECT c FROM sbtest7 WHERE id BETWEEN 8026024 AND 8026033 ORDER BY c
	Sort  (cost=44.01..44.04 rows=10 width=121)
	  Sort Key: c
	  ->  Index Scan using sbtest7_pkey on sbtest7  (cost=0.43..43.85 rows=10 width=121)
	        Index Cond: ((id >= 8026024) AND (id <= 8026033))

table 8 : explain SELECT c FROM sbtest8 WHERE id BETWEEN 2521845 AND 2521854 ORDER BY c
	Sort  (cost=44.13..44.15 rows=10 width=121)
	  Sort Key: c
	  ->  Index Scan using sbtest8_pkey on sbtest8  (cost=0.43..43.96 rows=10 width=121)
	        Index Cond: ((id >= 2521845) AND (id <= 2521854))

for: sum_ranges
table 1 : explain SELECT SUM(k) FROM sbtest1 WHERE id BETWEEN 5321007 AND 5321016
	Aggregate  (cost=44.03..44.04 rows=1 width=8)
	  ->  Index Scan using sbtest1_pkey on sbtest1  (cost=0.43..44.00 rows=10 width=4)
	        Index Cond: ((id >= 5321007) AND (id <= 5321016))

table 2 : explain SELECT SUM(k) FROM sbtest2 WHERE id BETWEEN 5174015 AND 5174024
	Aggregate  (cost=40.07..40.08 rows=1 width=8)
	  ->  Index Scan using sbtest2_pkey on sbtest2  (cost=0.43..40.05 rows=9 width=4)
	        Index Cond: ((id >= 5174015) AND (id <= 5174024))

table 3 : explain SELECT SUM(k) FROM sbtest3 WHERE id BETWEEN 7579283 AND 7579292
	Aggregate  (cost=40.03..40.04 rows=1 width=8)
	  ->  Index Scan using sbtest3_pkey on sbtest3  (cost=0.43..40.00 rows=9 width=4)
	        Index Cond: ((id >= 7579283) AND (id <= 7579292))

table 4 : explain SELECT SUM(k) FROM sbtest4 WHERE id BETWEEN 1462796 AND 1462805
	Aggregate  (cost=43.94..43.95 rows=1 width=8)
	  ->  Index Scan using sbtest4_pkey on sbtest4  (cost=0.43..43.92 rows=10 width=4)
	        Index Cond: ((id >= 1462796) AND (id <= 1462805))

table 5 : explain SELECT SUM(k) FROM sbtest5 WHERE id BETWEEN 6437034 AND 6437043
	Aggregate  (cost=43.93..43.94 rows=1 width=8)
	  ->  Index Scan using sbtest5_pkey on sbtest5  (cost=0.43..43.91 rows=10 width=4)
	        Index Cond: ((id >= 6437034) AND (id <= 6437043))

table 6 : explain SELECT SUM(k) FROM sbtest6 WHERE id BETWEEN 7425127 AND 7425136
	Aggregate  (cost=43.92..43.93 rows=1 width=8)
	  ->  Index Scan using sbtest6_pkey on sbtest6  (cost=0.43..43.90 rows=10 width=4)
	        Index Cond: ((id >= 7425127) AND (id <= 7425136))

table 7 : explain SELECT SUM(k) FROM sbtest7 WHERE id BETWEEN 9275806 AND 9275815
	Aggregate  (cost=39.94..39.95 rows=1 width=8)
	  ->  Index Scan using sbtest7_pkey on sbtest7  (cost=0.43..39.92 rows=9 width=4)
	        Index Cond: ((id >= 9275806) AND (id <= 9275815))

table 8 : explain SELECT SUM(k) FROM sbtest8 WHERE id BETWEEN 2422524 AND 2422533
	Aggregate  (cost=47.93..47.94 rows=1 width=8)
	  ->  Index Scan using sbtest8_pkey on sbtest8  (cost=0.43..47.91 rows=11 width=4)
	        Index Cond: ((id >= 2422524) AND (id <= 2422533))

for: order_ranges
table 1 : explain SELECT c FROM sbtest1 WHERE id BETWEEN 831789 AND 831798 ORDER BY c
	Sort  (cost=44.17..44.19 rows=10 width=121)
	  Sort Key: c
	  ->  Index Scan using sbtest1_pkey on sbtest1  (cost=0.43..44.00 rows=10 width=121)
	        Index Cond: ((id >= 831789) AND (id <= 831798))

table 2 : explain SELECT c FROM sbtest2 WHERE id BETWEEN 2373735 AND 2373744 ORDER BY c
	Sort  (cost=48.14..48.17 rows=11 width=121)
	  Sort Key: c
	  ->  Index Scan using sbtest2_pkey on sbtest2  (cost=0.43..47.95 rows=11 width=121)
	        Index Cond: ((id >= 2373735) AND (id <= 2373744))

table 3 : explain SELECT c FROM sbtest3 WHERE id BETWEEN 6765990 AND 6765999 ORDER BY c
	Sort  (cost=40.15..40.17 rows=9 width=121)
	  Sort Key: c
	  ->  Index Scan using sbtest3_pkey on sbtest3  (cost=0.43..40.00 rows=9 width=121)
	        Index Cond: ((id >= 6765990) AND (id <= 6765999))

table 4 : explain SELECT c FROM sbtest4 WHERE id BETWEEN 7365389 AND 7365398 ORDER BY c
	Sort  (cost=44.09..44.11 rows=10 width=121)
	  Sort Key: c
	  ->  Index Scan using sbtest4_pkey on sbtest4  (cost=0.43..43.92 rows=10 width=121)
	        Index Cond: ((id >= 7365389) AND (id <= 7365398))

table 5 : explain SELECT c FROM sbtest5 WHERE id BETWEEN 2972868 AND 2972877 ORDER BY c
	Sort  (cost=44.08..44.10 rows=10 width=121)
	  Sort Key: c
	  ->  Index Scan using sbtest5_pkey on sbtest5  (cost=0.43..43.91 rows=10 width=121)
	        Index Cond: ((id >= 2972868) AND (id <= 2972877))

table 6 : explain SELECT c FROM sbtest6 WHERE id BETWEEN 342142 AND 342151 ORDER BY c
	Sort  (cost=48.02..48.05 rows=11 width=121)
	  Sort Key: c
	  ->  Index Scan using sbtest6_pkey on sbtest6  (cost=0.43..47.83 rows=11 width=121)
	        Index Cond: ((id >= 342142) AND (id <= 342151))

table 7 : explain SELECT c FROM sbtest7 WHERE id BETWEEN 5716031 AND 5716040 ORDER BY c
	Sort  (cost=44.01..44.04 rows=10 width=121)
	  Sort Key: c
	  ->  Index Scan using sbtest7_pkey on sbtest7  (cost=0.43..43.85 rows=10 width=121)
	        Index Cond: ((id >= 5716031) AND (id <= 5716040))

table 8 : explain SELECT c FROM sbtest8 WHERE id BETWEEN 5971308 AND 5971317 ORDER BY c
	Sort  (cost=44.13..44.15 rows=10 width=121)
	  Sort Key: c
	  ->  Index Scan using sbtest8_pkey on sbtest8  (cost=0.43..43.96 rows=10 width=121)
	        Index Cond: ((id >= 5971308) AND (id <= 5971317))

for: sum_ranges
table 1 : explain SELECT SUM(k) FROM sbtest1 WHERE id BETWEEN 7351691 AND 7351700
	Aggregate  (cost=44.03..44.04 rows=1 width=8)
	  ->  Index Scan using sbtest1_pkey on sbtest1  (cost=0.43..44.00 rows=10 width=4)
	        Index Cond: ((id >= 7351691) AND (id <= 7351700))

table 2 : explain SELECT SUM(k) FROM sbtest2 WHERE id BETWEEN 9129129 AND 9129138
	Aggregate  (cost=44.03..44.04 rows=1 width=8)
	  ->  Index Scan using sbtest2_pkey on sbtest2  (cost=0.43..44.00 rows=10 width=4)
	        Index Cond: ((id >= 9129129) AND (id <= 9129138))

table 3 : explain SELECT SUM(k) FROM sbtest3 WHERE id BETWEEN 4192790 AND 4192799
	Aggregate  (cost=43.97..43.98 rows=1 width=8)
	  ->  Index Scan using sbtest3_pkey on sbtest3  (cost=0.43..43.95 rows=10 width=4)
	        Index Cond: ((id >= 4192790) AND (id <= 4192799))

table 4 : explain SELECT SUM(k) FROM sbtest4 WHERE id BETWEEN 1762086 AND 1762095
	Aggregate  (cost=43.94..43.95 rows=1 width=8)
	  ->  Index Scan using sbtest4_pkey on sbtest4  (cost=0.43..43.92 rows=10 width=4)
	        Index Cond: ((id >= 1762086) AND (id <= 1762095))

table 5 : explain SELECT SUM(k) FROM sbtest5 WHERE id BETWEEN 2043102 AND 2043111
	Aggregate  (cost=43.93..43.94 rows=1 width=8)
	  ->  Index Scan using sbtest5_pkey on sbtest5  (cost=0.43..43.91 rows=10 width=4)
	        Index Cond: ((id >= 2043102) AND (id <= 2043111))

table 6 : explain SELECT SUM(k) FROM sbtest6 WHERE id BETWEEN 2379604 AND 2379613
	Aggregate  (cost=43.92..43.93 rows=1 width=8)
	  ->  Index Scan using sbtest6_pkey on sbtest6  (cost=0.43..43.90 rows=10 width=4)
	        Index Cond: ((id >= 2379604) AND (id <= 2379613))

table 7 : explain SELECT SUM(k) FROM sbtest7 WHERE id BETWEEN 9679906 AND 9679915
	Aggregate  (cost=39.94..39.95 rows=1 width=8)
	  ->  Index Scan using sbtest7_pkey on sbtest7  (cost=0.43..39.92 rows=9 width=4)
	        Index Cond: ((id >= 9679906) AND (id <= 9679915))

table 8 : explain SELECT SUM(k) FROM sbtest8 WHERE id BETWEEN 7697859 AND 7697868
	Aggregate  (cost=43.99..44.00 rows=1 width=8)
	  ->  Index Scan using sbtest8_pkey on sbtest8  (cost=0.43..43.96 rows=10 width=4)
	        Index Cond: ((id >= 7697859) AND (id <= 7697868))

for: distinct_ranges
table 1 : explain SELECT DISTINCT c FROM sbtest1 WHERE id BETWEEN 6027392 AND 6027401 ORDER BY c
	Unique  (cost=40.20..40.24 rows=9 width=121)
	  ->  Sort  (cost=40.20..40.22 rows=9 width=121)
	        Sort Key: c
	        ->  Index Scan using sbtest1_pkey on sbtest1  (cost=0.43..40.05 rows=9 width=121)
	              Index Cond: ((id >= 6027392) AND (id <= 6027401))

table 2 : explain SELECT DISTINCT c FROM sbtest2 WHERE id BETWEEN 8593941 AND 8593950 ORDER BY c
	Unique  (cost=44.17..44.22 rows=10 width=121)
	  ->  Sort  (cost=44.17..44.19 rows=10 width=121)
	        Sort Key: c
	        ->  Index Scan using sbtest2_pkey on sbtest2  (cost=0.43..44.00 rows=10 width=121)
	              Index Cond: ((id >= 8593941) AND (id <= 8593950))

table 3 : explain SELECT DISTINCT c FROM sbtest3 WHERE id BETWEEN 8328460 AND 8328469 ORDER BY c
	Unique  (cost=44.11..44.16 rows=10 width=121)
	  ->  Sort  (cost=44.11..44.14 rows=10 width=121)
	        Sort Key: c
	        ->  Index Scan using sbtest3_pkey on sbtest3  (cost=0.43..43.95 rows=10 width=121)
	              Index Cond: ((id >= 8328460) AND (id <= 8328469))

table 4 : explain SELECT DISTINCT c FROM sbtest4 WHERE id BETWEEN 4532026 AND 4532035 ORDER BY c
	Unique  (cost=44.09..44.14 rows=10 width=121)
	  ->  Sort  (cost=44.09..44.11 rows=10 width=121)
	        Sort Key: c
	        ->  Index Scan using sbtest4_pkey on sbtest4  (cost=0.43..43.92 rows=10 width=121)
	              Index Cond: ((id >= 4532026) AND (id <= 4532035))

table 5 : explain SELECT DISTINCT c FROM sbtest5 WHERE id BETWEEN 6164130 AND 6164139 ORDER BY c
	Unique  (cost=44.08..44.13 rows=10 width=121)
	  ->  Sort  (cost=44.08..44.10 rows=10 width=121)
	        Sort Key: c
	        ->  Index Scan using sbtest5_pkey on sbtest5  (cost=0.43..43.91 rows=10 width=121)
	              Index Cond: ((id >= 6164130) AND (id <= 6164139))

table 6 : explain SELECT DISTINCT c FROM sbtest6 WHERE id BETWEEN 6478609 AND 6478618 ORDER BY c
	Unique  (cost=44.06..44.11 rows=10 width=121)
	  ->  Sort  (cost=44.06..44.09 rows=10 width=121)
	        Sort Key: c
	        ->  Index Scan using sbtest6_pkey on sbtest6  (cost=0.43..43.90 rows=10 width=121)
	              Index Cond: ((id >= 6478609) AND (id <= 6478618))

table 7 : explain SELECT DISTINCT c FROM sbtest7 WHERE id BETWEEN 6449297 AND 6449306 ORDER BY c
	Unique  (cost=44.01..44.06 rows=10 width=121)
	  ->  Sort  (cost=44.01..44.04 rows=10 width=121)
	        Sort Key: c
	        ->  Index Scan using sbtest7_pkey on sbtest7  (cost=0.43..43.85 rows=10 width=121)
	              Index Cond: ((id >= 6449297) AND (id <= 6449306))

table 8 : explain SELECT DISTINCT c FROM sbtest8 WHERE id BETWEEN 6570146 AND 6570155 ORDER BY c
	Unique  (cost=44.13..44.18 rows=10 width=121)
	  ->  Sort  (cost=44.13..44.15 rows=10 width=121)
	        Sort Key: c
	        ->  Index Scan using sbtest8_pkey on sbtest8  (cost=0.43..43.96 rows=10 width=121)
	              Index Cond: ((id >= 6570146) AND (id <= 6570155))

for: order_ranges
table 1 : explain SELECT c FROM sbtest1 WHERE id BETWEEN 7486221 AND 7486230 ORDER BY c
	Sort  (cost=44.17..44.19 rows=10 width=121)
	  Sort Key: c
	  ->  Index Scan using sbtest1_pkey on sbtest1  (cost=0.43..44.00 rows=10 width=121)
	        Index Cond: ((id >= 7486221) AND (id <= 7486230))

table 2 : explain SELECT c FROM sbtest2 WHERE id BETWEEN 3653308 AND 3653317 ORDER BY c
	Sort  (cost=48.14..48.17 rows=11 width=121)
	  Sort Key: c
	  ->  Index Scan using sbtest2_pkey on sbtest2  (cost=0.43..47.95 rows=11 width=121)
	        Index Cond: ((id >= 3653308) AND (id <= 3653317))

table 3 : explain SELECT c FROM sbtest3 WHERE id BETWEEN 8692841 AND 8692850 ORDER BY c
	Sort  (cost=44.11..44.14 rows=10 width=121)
	  Sort Key: c
	  ->  Index Scan using sbtest3_pkey on sbtest3  (cost=0.43..43.95 rows=10 width=121)
	        Index Cond: ((id >= 8692841) AND (id <= 8692850))

table 4 : explain SELECT c FROM sbtest4 WHERE id BETWEEN 1911413 AND 1911422 ORDER BY c
	Sort  (cost=44.09..44.11 rows=10 width=121)
	  Sort Key: c
	  ->  Index Scan using sbtest4_pkey on sbtest4  (cost=0.43..43.92 rows=10 width=121)
	        Index Cond: ((id >= 1911413) AND (id <= 1911422))

table 5 : explain SELECT c FROM sbtest5 WHERE id BETWEEN 8605794 AND 8605803 ORDER BY c
	Sort  (cost=44.08..44.10 rows=10 width=121)
	  Sort Key: c
	  ->  Index Scan using sbtest5_pkey on sbtest5  (cost=0.43..43.91 rows=10 width=121)
	        Index Cond: ((id >= 8605794) AND (id <= 8605803))

table 6 : explain SELECT c FROM sbtest6 WHERE id BETWEEN 9101945 AND 9101954 ORDER BY c
	Sort  (cost=48.02..48.05 rows=11 width=121)
	  Sort Key: c
	  ->  Index Scan using sbtest6_pkey on sbtest6  (cost=0.43..47.83 rows=11 width=121)
	        Index Cond: ((id >= 9101945) AND (id <= 9101954))

table 7 : explain SELECT c FROM sbtest7 WHERE id BETWEEN 9390033 AND 9390042 ORDER BY c
	Sort  (cost=44.01..44.04 rows=10 width=121)
	  Sort Key: c
	  ->  Index Scan using sbtest7_pkey on sbtest7  (cost=0.43..43.85 rows=10 width=121)
	        Index Cond: ((id >= 9390033) AND (id <= 9390042))

table 8 : explain SELECT c FROM sbtest8 WHERE id BETWEEN 8046572 AND 8046581 ORDER BY c
	Sort  (cost=44.13..44.15 rows=10 width=121)
	  Sort Key: c
	  ->  Index Scan using sbtest8_pkey on sbtest8  (cost=0.43..43.96 rows=10 width=121)
	        Index Cond: ((id >= 8046572) AND (id <= 8046581))

for: order_ranges
table 1 : explain SELECT c FROM sbtest1 WHERE id BETWEEN 7208811 AND 7208820 ORDER BY c
	Sort  (cost=44.17..44.19 rows=10 width=121)
	  Sort Key: c
	  ->  Index Scan using sbtest1_pkey on sbtest1  (cost=0.43..44.00 rows=10 width=121)
	        Index Cond: ((id >= 7208811) AND (id <= 7208820))

table 2 : explain SELECT c FROM sbtest2 WHERE id BETWEEN 3818405 AND 3818414 ORDER BY c
	Sort  (cost=44.17..44.19 rows=10 width=121)
	  Sort Key: c
	  ->  Index Scan using sbtest2_pkey on sbtest2  (cost=0.43..44.00 rows=10 width=121)
	        Index Cond: ((id >= 3818405) AND (id <= 3818414))

table 3 : explain SELECT c FROM sbtest3 WHERE id BETWEEN 432790 AND 432799 ORDER BY c
	Sort  (cost=44.11..44.14 rows=10 width=121)
	  Sort Key: c
	  ->  Index Scan using sbtest3_pkey on sbtest3  (cost=0.43..43.95 rows=10 width=121)
	        Index Cond: ((id >= 432790) AND (id <= 432799))

table 4 : explain SELECT c FROM sbtest4 WHERE id BETWEEN 7358330 AND 7358339 ORDER BY c
	Sort  (cost=44.09..44.11 rows=10 width=121)
	  Sort Key: c
	  ->  Index Scan using sbtest4_pkey on sbtest4  (cost=0.43..43.92 rows=10 width=121)
	        Index Cond: ((id >= 7358330) AND (id <= 7358339))

table 5 : explain SELECT c FROM sbtest5 WHERE id BETWEEN 8258228 AND 8258237 ORDER BY c
	Sort  (cost=44.08..44.10 rows=10 width=121)
	  Sort Key: c
	  ->  Index Scan using sbtest5_pkey on sbtest5  (cost=0.43..43.91 rows=10 width=121)
	        Index Cond: ((id >= 8258228) AND (id <= 8258237))

table 6 : explain SELECT c FROM sbtest6 WHERE id BETWEEN 1910065 AND 1910074 ORDER BY c
	Sort  (cost=44.06..44.09 rows=10 width=121)
	  Sort Key: c
	  ->  Index Scan using sbtest6_pkey on sbtest6  (cost=0.43..43.90 rows=10 width=121)
	        Index Cond: ((id >= 1910065) AND (id <= 1910074))

table 7 : explain SELECT c FROM sbtest7 WHERE id BETWEEN 9118083 AND 9118092 ORDER BY c
	Sort  (cost=47.97..48.00 rows=11 width=121)
	  Sort Key: c
	  ->  Index Scan using sbtest7_pkey on sbtest7  (cost=0.43..47.78 rows=11 width=121)
	        Index Cond: ((id >= 9118083) AND (id <= 9118092))

table 8 : explain SELECT c FROM sbtest8 WHERE id BETWEEN 4453371 AND 4453380 ORDER BY c
	Sort  (cost=40.16..40.18 rows=9 width=121)
	  Sort Key: c
	  ->  Index Scan using sbtest8_pkey on sbtest8  (cost=0.43..40.02 rows=9 width=121)
	        Index Cond: ((id >= 4453371) AND (id <= 4453380))

for: distinct_ranges
table 1 : explain SELECT DISTINCT c FROM sbtest1 WHERE id BETWEEN 1165506 AND 1165515 ORDER BY c
	Unique  (cost=40.20..40.24 rows=9 width=121)
	  ->  Sort  (cost=40.20..40.22 rows=9 width=121)
	        Sort Key: c
	        ->  Index Scan using sbtest1_pkey on sbtest1  (cost=0.43..40.05 rows=9 width=121)
	              Index Cond: ((id >= 1165506) AND (id <= 1165515))

table 2 : explain SELECT DISTINCT c FROM sbtest2 WHERE id BETWEEN 4998533 AND 4998542 ORDER BY c
	Unique  (cost=44.17..44.22 rows=10 width=121)
	  ->  Sort  (cost=44.17..44.19 rows=10 width=121)
	        Sort Key: c
	        ->  Index Scan using sbtest2_pkey on sbtest2  (cost=0.43..44.00 rows=10 width=121)
	              Index Cond: ((id >= 4998533) AND (id <= 4998542))

table 3 : explain SELECT DISTINCT c FROM sbtest3 WHERE id BETWEEN 5051016 AND 5051025 ORDER BY c
	Unique  (cost=44.11..44.16 rows=10 width=121)
	  ->  Sort  (cost=44.11..44.14 rows=10 width=121)
	        Sort Key: c
	        ->  Index Scan using sbtest3_pkey on sbtest3  (cost=0.43..43.95 rows=10 width=121)
	              Index Cond: ((id >= 5051016) AND (id <= 5051025))

table 4 : explain SELECT DISTINCT c FROM sbtest4 WHERE id BETWEEN 4789931 AND 4789940 ORDER BY c
	Unique  (cost=44.09..44.14 rows=10 width=121)
	  ->  Sort  (cost=44.09..44.11 rows=10 width=121)
	        Sort Key: c
	        ->  Index Scan using sbtest4_pkey on sbtest4  (cost=0.43..43.92 rows=10 width=121)
	              Index Cond: ((id >= 4789931) AND (id <= 4789940))

table 5 : explain SELECT DISTINCT c FROM sbtest5 WHERE id BETWEEN 8990942 AND 8990951 ORDER BY c
	Unique  (cost=44.08..44.13 rows=10 width=121)
	  ->  Sort  (cost=44.08..44.10 rows=10 width=121)
	        Sort Key: c
	        ->  Index Scan using sbtest5_pkey on sbtest5  (cost=0.43..43.91 rows=10 width=121)
	              Index Cond: ((id >= 8990942) AND (id <= 8990951))

table 6 : explain SELECT DISTINCT c FROM sbtest6 WHERE id BETWEEN 489485 AND 489494 ORDER BY c
	Unique  (cost=40.10..40.15 rows=9 width=121)
	  ->  Sort  (cost=40.10..40.12 rows=9 width=121)
	        Sort Key: c
	        ->  Index Scan using sbtest6_pkey on sbtest6  (cost=0.43..39.96 rows=9 width=121)
	              Index Cond: ((id >= 489485) AND (id <= 489494))

table 7 : explain SELECT DISTINCT c FROM sbtest7 WHERE id BETWEEN 6972716 AND 6972725 ORDER BY c
	Unique  (cost=44.01..44.06 rows=10 width=121)
	  ->  Sort  (cost=44.01..44.04 rows=10 width=121)
	        Sort Key: c
	        ->  Index Scan using sbtest7_pkey on sbtest7  (cost=0.43..43.85 rows=10 width=121)
	              Index Cond: ((id >= 6972716) AND (id <= 6972725))

table 8 : explain SELECT DISTINCT c FROM sbtest8 WHERE id BETWEEN 2370665 AND 2370674 ORDER BY c
	Unique  (cost=44.13..44.18 rows=10 width=121)
	  ->  Sort  (cost=44.13..44.15 rows=10 width=121)
	        Sort Key: c
	        ->  Index Scan using sbtest8_pkey on sbtest8  (cost=0.43..43.96 rows=10 width=121)
	              Index Cond: ((id >= 2370665) AND (id <= 2370674))

for: distinct_ranges
table 1 : explain SELECT DISTINCT c FROM sbtest1 WHERE id BETWEEN 6082200 AND 6082209 ORDER BY c
	Unique  (cost=40.20..40.24 rows=9 width=121)
	  ->  Sort  (cost=40.20..40.22 rows=9 width=121)
	        Sort Key: c
	        ->  Index Scan using sbtest1_pkey on sbtest1  (cost=0.43..40.05 rows=9 width=121)
	              Index Cond: ((id >= 6082200) AND (id <= 6082209))

table 2 : explain SELECT DISTINCT c FROM sbtest2 WHERE id BETWEEN 1744099 AND 1744108 ORDER BY c
	Unique  (cost=44.17..44.22 rows=10 width=121)
	  ->  Sort  (cost=44.17..44.19 rows=10 width=121)
	        Sort Key: c
	        ->  Index Scan using sbtest2_pkey on sbtest2  (cost=0.43..44.00 rows=10 width=121)
	              Index Cond: ((id >= 1744099) AND (id <= 1744108))

table 3 : explain SELECT DISTINCT c FROM sbtest3 WHERE id BETWEEN 3554739 AND 3554748 ORDER BY c
	Unique  (cost=44.11..44.16 rows=10 width=121)
	  ->  Sort  (cost=44.11..44.14 rows=10 width=121)
	        Sort Key: c
	        ->  Index Scan using sbtest3_pkey on sbtest3  (cost=0.43..43.95 rows=10 width=121)
	              Index Cond: ((id >= 3554739) AND (id <= 3554748))

table 4 : explain SELECT DISTINCT c FROM sbtest4 WHERE id BETWEEN 5704535 AND 5704544 ORDER BY c
	Unique  (cost=44.09..44.14 rows=10 width=121)
	  ->  Sort  (cost=44.09..44.11 rows=10 width=121)
	        Sort Key: c
	        ->  Index Scan using sbtest4_pkey on sbtest4  (cost=0.43..43.92 rows=10 width=121)
	              Index Cond: ((id >= 5704535) AND (id <= 5704544))

table 5 : explain SELECT DISTINCT c FROM sbtest5 WHERE id BETWEEN 8883006 AND 8883015 ORDER BY c
	Unique  (cost=40.11..40.16 rows=9 width=121)
	  ->  Sort  (cost=40.11..40.14 rows=9 width=121)
	        Sort Key: c
	        ->  Index Scan using sbtest5_pkey on sbtest5  (cost=0.43..39.97 rows=9 width=121)
	              Index Cond: ((id >= 8883006) AND (id <= 8883015))

table 6 : explain SELECT DISTINCT c FROM sbtest6 WHERE id BETWEEN 6223400 AND 6223409 ORDER BY c
	Unique  (cost=40.10..40.15 rows=9 width=121)
	  ->  Sort  (cost=40.10..40.12 rows=9 width=121)
	        Sort Key: c
	        ->  Index Scan using sbtest6_pkey on sbtest6  (cost=0.43..39.96 rows=9 width=121)
	              Index Cond: ((id >= 6223400) AND (id <= 6223409))

table 7 : explain SELECT DISTINCT c FROM sbtest7 WHERE id BETWEEN 6756084 AND 6756093 ORDER BY c
	Unique  (cost=44.01..44.06 rows=10 width=121)
	  ->  Sort  (cost=44.01..44.04 rows=10 width=121)
	        Sort Key: c
	        ->  Index Scan using sbtest7_pkey on sbtest7  (cost=0.43..43.85 rows=10 width=121)
	              Index Cond: ((id >= 6756084) AND (id <= 6756093))

table 8 : explain SELECT DISTINCT c FROM sbtest8 WHERE id BETWEEN 4996285 AND 4996294 ORDER BY c
	Unique  (cost=44.13..44.18 rows=10 width=121)
	  ->  Sort  (cost=44.13..44.15 rows=10 width=121)
	        Sort Key: c
	        ->  Index Scan using sbtest8_pkey on sbtest8  (cost=0.43..43.96 rows=10 width=121)
	              Index Cond: ((id >= 4996285) AND (id <= 4996294))

for: order_ranges
table 1 : explain SELECT c FROM sbtest1 WHERE id BETWEEN 1836959 AND 1836968 ORDER BY c
	Sort  (cost=44.17..44.19 rows=10 width=121)
	  Sort Key: c
	  ->  Index Scan using sbtest1_pkey on sbtest1  (cost=0.43..44.00 rows=10 width=121)
	        Index Cond: ((id >= 1836959) AND (id <= 1836968))

table 2 : explain SELECT c FROM sbtest2 WHERE id BETWEEN 7468081 AND 7468090 ORDER BY c
	Sort  (cost=44.17..44.19 rows=10 width=121)
	  Sort Key: c
	  ->  Index Scan using sbtest2_pkey on sbtest2  (cost=0.43..44.00 rows=10 width=121)
	        Index Cond: ((id >= 7468081) AND (id <= 7468090))

table 3 : explain SELECT c FROM sbtest3 WHERE id BETWEEN 1530911 AND 1530920 ORDER BY c
	Sort  (cost=48.08..48.11 rows=11 width=121)
	  Sort Key: c
	  ->  Index Scan using sbtest3_pkey on sbtest3  (cost=0.43..47.89 rows=11 width=121)
	        Index Cond: ((id >= 1530911) AND (id <= 1530920))

table 4 : explain SELECT c FROM sbtest4 WHERE id BETWEEN 5397160 AND 5397169 ORDER BY c
	Sort  (cost=44.09..44.11 rows=10 width=121)
	  Sort Key: c
	  ->  Index Scan using sbtest4_pkey on sbtest4  (cost=0.43..43.92 rows=10 width=121)
	        Index Cond: ((id >= 5397160) AND (id <= 5397169))

table 5 : explain SELECT c FROM sbtest5 WHERE id BETWEEN 8082943 AND 8082952 ORDER BY c
	Sort  (cost=44.08..44.10 rows=10 width=121)
	  Sort Key: c
	  ->  Index Scan using sbtest5_pkey on sbtest5  (cost=0.43..43.91 rows=10 width=121)
	        Index Cond: ((id >= 8082943) AND (id <= 8082952))

table 6 : explain SELECT c FROM sbtest6 WHERE id BETWEEN 524011 AND 524020 ORDER BY c
	Sort  (cost=44.06..44.09 rows=10 width=121)
	  Sort Key: c
	  ->  Index Scan using sbtest6_pkey on sbtest6  (cost=0.43..43.90 rows=10 width=121)
	        Index Cond: ((id >= 524011) AND (id <= 524020))

table 7 : explain SELECT c FROM sbtest7 WHERE id BETWEEN 8839748 AND 8839757 ORDER BY c
	Sort  (cost=44.01..44.04 rows=10 width=121)
	  Sort Key: c
	  ->  Index Scan using sbtest7_pkey on sbtest7  (cost=0.43..43.85 rows=10 width=121)
	        Index Cond: ((id >= 8839748) AND (id <= 8839757))

table 8 : explain SELECT c FROM sbtest8 WHERE id BETWEEN 5319081 AND 5319090 ORDER BY c
	Sort  (cost=44.13..44.15 rows=10 width=121)
	  Sort Key: c
	  ->  Index Scan using sbtest8_pkey on sbtest8  (cost=0.43..43.96 rows=10 width=121)
	        Index Cond: ((id >= 5319081) AND (id <= 5319090))

for: distinct_ranges
table 1 : explain SELECT DISTINCT c FROM sbtest1 WHERE id BETWEEN 6073921 AND 6073930 ORDER BY c
	Unique  (cost=40.20..40.24 rows=9 width=121)
	  ->  Sort  (cost=40.20..40.22 rows=9 width=121)
	        Sort Key: c
	        ->  Index Scan using sbtest1_pkey on sbtest1  (cost=0.43..40.05 rows=9 width=121)
	              Index Cond: ((id >= 6073921) AND (id <= 6073930))

table 2 : explain SELECT DISTINCT c FROM sbtest2 WHERE id BETWEEN 5292822 AND 5292831 ORDER BY c
	Unique  (cost=44.17..44.22 rows=10 width=121)
	  ->  Sort  (cost=44.17..44.19 rows=10 width=121)
	        Sort Key: c
	        ->  Index Scan using sbtest2_pkey on sbtest2  (cost=0.43..44.00 rows=10 width=121)
	              Index Cond: ((id >= 5292822) AND (id <= 5292831))

table 3 : explain SELECT DISTINCT c FROM sbtest3 WHERE id BETWEEN 638847 AND 638856 ORDER BY c
	Unique  (cost=44.11..44.16 rows=10 width=121)
	  ->  Sort  (cost=44.11..44.14 rows=10 width=121)
	        Sort Key: c
	        ->  Index Scan using sbtest3_pkey on sbtest3  (cost=0.43..43.95 rows=10 width=121)
	              Index Cond: ((id >= 638847) AND (id <= 638856))

table 4 : explain SELECT DISTINCT c FROM sbtest4 WHERE id BETWEEN 513917 AND 513926 ORDER BY c
	Unique  (cost=44.09..44.14 rows=10 width=121)
	  ->  Sort  (cost=44.09..44.11 rows=10 width=121)
	        Sort Key: c
	        ->  Index Scan using sbtest4_pkey on sbtest4  (cost=0.43..43.92 rows=10 width=121)
	              Index Cond: ((id >= 513917) AND (id <= 513926))

table 5 : explain SELECT DISTINCT c FROM sbtest5 WHERE id BETWEEN 6165970 AND 6165979 ORDER BY c
	Unique  (cost=44.08..44.13 rows=10 width=121)
	  ->  Sort  (cost=44.08..44.10 rows=10 width=121)
	        Sort Key: c
	        ->  Index Scan using sbtest5_pkey on sbtest5  (cost=0.43..43.91 rows=10 width=121)
	              Index Cond: ((id >= 6165970) AND (id <= 6165979))

table 6 : explain SELECT DISTINCT c FROM sbtest6 WHERE id BETWEEN 5157528 AND 5157537 ORDER BY c
	Unique  (cost=44.06..44.11 rows=10 width=121)
	  ->  Sort  (cost=44.06..44.09 rows=10 width=121)
	        Sort Key: c
	        ->  Index Scan using sbtest6_pkey on sbtest6  (cost=0.43..43.90 rows=10 width=121)
	              Index Cond: ((id >= 5157528) AND (id <= 5157537))

table 7 : explain SELECT DISTINCT c FROM sbtest7 WHERE id BETWEEN 6669980 AND 6669989 ORDER BY c
	Unique  (cost=47.97..48.03 rows=11 width=121)
	  ->  Sort  (cost=47.97..48.00 rows=11 width=121)
	        Sort Key: c
	        ->  Index Scan using sbtest7_pkey on sbtest7  (cost=0.43..47.78 rows=11 width=121)
	              Index Cond: ((id >= 6669980) AND (id <= 6669989))

table 8 : explain SELECT DISTINCT c FROM sbtest8 WHERE id BETWEEN 4229637 AND 4229646 ORDER BY c
	Unique  (cost=48.10..48.15 rows=11 width=121)
	  ->  Sort  (cost=48.10..48.12 rows=11 width=121)
	        Sort Key: c
	        ->  Index Scan using sbtest8_pkey on sbtest8  (cost=0.43..47.91 rows=11 width=121)
	              Index Cond: ((id >= 4229637) AND (id <= 4229646))

for: distinct_ranges
table 1 : explain SELECT DISTINCT c FROM sbtest1 WHERE id BETWEEN 2445732 AND 2445741 ORDER BY c
	Unique  (cost=44.17..44.22 rows=10 width=121)
	  ->  Sort  (cost=44.17..44.19 rows=10 width=121)
	        Sort Key: c
	        ->  Index Scan using sbtest1_pkey on sbtest1  (cost=0.43..44.00 rows=10 width=121)
	              Index Cond: ((id >= 2445732) AND (id <= 2445741))

table 2 : explain SELECT DISTINCT c FROM sbtest2 WHERE id BETWEEN 6721985 AND 6721994 ORDER BY c
	Unique  (cost=44.17..44.22 rows=10 width=121)
	  ->  Sort  (cost=44.17..44.19 rows=10 width=121)
	        Sort Key: c
	        ->  Index Scan using sbtest2_pkey on sbtest2  (cost=0.43..44.00 rows=10 width=121)
	              Index Cond: ((id >= 6721985) AND (id <= 6721994))

table 3 : explain SELECT DISTINCT c FROM sbtest3 WHERE id BETWEEN 3992471 AND 3992480 ORDER BY c
	Unique  (cost=44.11..44.16 rows=10 width=121)
	  ->  Sort  (cost=44.11..44.14 rows=10 width=121)
	        Sort Key: c
	        ->  Index Scan using sbtest3_pkey on sbtest3  (cost=0.43..43.95 rows=10 width=121)
	              Index Cond: ((id >= 3992471) AND (id <= 3992480))

table 4 : explain SELECT DISTINCT c FROM sbtest4 WHERE id BETWEEN 6354355 AND 6354364 ORDER BY c
	Unique  (cost=44.09..44.14 rows=10 width=121)
	  ->  Sort  (cost=44.09..44.11 rows=10 width=121)
	        Sort Key: c
	        ->  Index Scan using sbtest4_pkey on sbtest4  (cost=0.43..43.92 rows=10 width=121)
	              Index Cond: ((id >= 6354355) AND (id <= 6354364))

table 5 : explain SELECT DISTINCT c FROM sbtest5 WHERE id BETWEEN 859052 AND 859061 ORDER BY c
	Unique  (cost=44.08..44.13 rows=10 width=121)
	  ->  Sort  (cost=44.08..44.10 rows=10 width=121)
	        Sort Key: c
	        ->  Index Scan using sbtest5_pkey on sbtest5  (cost=0.43..43.91 rows=10 width=121)
	              Index Cond: ((id >= 859052) AND (id <= 859061))

table 6 : explain SELECT DISTINCT c FROM sbtest6 WHERE id BETWEEN 5303546 AND 5303555 ORDER BY c
	Unique  (cost=44.06..44.11 rows=10 width=121)
	  ->  Sort  (cost=44.06..44.09 rows=10 width=121)
	        Sort Key: c
	        ->  Index Scan using sbtest6_pkey on sbtest6  (cost=0.43..43.90 rows=10 width=121)
	              Index Cond: ((id >= 5303546) AND (id <= 5303555))

table 7 : explain SELECT DISTINCT c FROM sbtest7 WHERE id BETWEEN 8165493 AND 8165502 ORDER BY c
	Unique  (cost=47.97..48.03 rows=11 width=121)
	  ->  Sort  (cost=47.97..48.00 rows=11 width=121)
	        Sort Key: c
	        ->  Index Scan using sbtest7_pkey on sbtest7  (cost=0.43..47.78 rows=11 width=121)
	              Index Cond: ((id >= 8165493) AND (id <= 8165502))

table 8 : explain SELECT DISTINCT c FROM sbtest8 WHERE id BETWEEN 7035705 AND 7035714 ORDER BY c
	Unique  (cost=44.13..44.18 rows=10 width=121)
	  ->  Sort  (cost=44.13..44.15 rows=10 width=121)
	        Sort Key: c
	        ->  Index Scan using sbtest8_pkey on sbtest8  (cost=0.43..43.96 rows=10 width=121)
	              Index Cond: ((id >= 7035705) AND (id <= 7035714))

for: sum_ranges
table 1 : explain SELECT SUM(k) FROM sbtest1 WHERE id BETWEEN 6687194 AND 6687203
	Aggregate  (cost=44.03..44.04 rows=1 width=8)
	  ->  Index Scan using sbtest1_pkey on sbtest1  (cost=0.43..44.00 rows=10 width=4)
	        Index Cond: ((id >= 6687194) AND (id <= 6687203))

table 2 : explain SELECT SUM(k) FROM sbtest2 WHERE id BETWEEN 963997 AND 964006
	Aggregate  (cost=44.03..44.04 rows=1 width=8)
	  ->  Index Scan using sbtest2_pkey on sbtest2  (cost=0.43..44.00 rows=10 width=4)
	        Index Cond: ((id >= 963997) AND (id <= 964006))

table 3 : explain SELECT SUM(k) FROM sbtest3 WHERE id BETWEEN 8898858 AND 8898867
	Aggregate  (cost=43.97..43.98 rows=1 width=8)
	  ->  Index Scan using sbtest3_pkey on sbtest3  (cost=0.43..43.95 rows=10 width=4)
	        Index Cond: ((id >= 8898858) AND (id <= 8898867))

table 4 : explain SELECT SUM(k) FROM sbtest4 WHERE id BETWEEN 1899894 AND 1899903
	Aggregate  (cost=43.94..43.95 rows=1 width=8)
	  ->  Index Scan using sbtest4_pkey on sbtest4  (cost=0.43..43.92 rows=10 width=4)
	        Index Cond: ((id >= 1899894) AND (id <= 1899903))

table 5 : explain SELECT SUM(k) FROM sbtest5 WHERE id BETWEEN 4528148 AND 4528157
	Aggregate  (cost=43.93..43.94 rows=1 width=8)
	  ->  Index Scan using sbtest5_pkey on sbtest5  (cost=0.43..43.91 rows=10 width=4)
	        Index Cond: ((id >= 4528148) AND (id <= 4528157))

table 6 : explain SELECT SUM(k) FROM sbtest6 WHERE id BETWEEN 425686 AND 425695
	Aggregate  (cost=39.98..39.99 rows=1 width=8)
	  ->  Index Scan using sbtest6_pkey on sbtest6  (cost=0.43..39.96 rows=9 width=4)
	        Index Cond: ((id >= 425686) AND (id <= 425695))

table 7 : explain SELECT SUM(k) FROM sbtest7 WHERE id BETWEEN 2987645 AND 2987654
	Aggregate  (cost=43.87..43.88 rows=1 width=8)
	  ->  Index Scan using sbtest7_pkey on sbtest7  (cost=0.43..43.85 rows=10 width=4)
	        Index Cond: ((id >= 2987645) AND (id <= 2987654))

table 8 : explain SELECT SUM(k) FROM sbtest8 WHERE id BETWEEN 5436187 AND 5436196
	Aggregate  (cost=40.04..40.05 rows=1 width=8)
	  ->  Index Scan using sbtest8_pkey on sbtest8  (cost=0.43..40.02 rows=9 width=4)
	        Index Cond: ((id >= 5436187) AND (id <= 5436196))

for: order_ranges
table 1 : explain SELECT c FROM sbtest1 WHERE id BETWEEN 8648417 AND 8648426 ORDER BY c
	Sort  (cost=44.17..44.19 rows=10 width=121)
	  Sort Key: c
	  ->  Index Scan using sbtest1_pkey on sbtest1  (cost=0.43..44.00 rows=10 width=121)
	        Index Cond: ((id >= 8648417) AND (id <= 8648426))

table 2 : explain SELECT c FROM sbtest2 WHERE id BETWEEN 6545052 AND 6545061 ORDER BY c
	Sort  (cost=44.17..44.19 rows=10 width=121)
	  Sort Key: c
	  ->  Index Scan using sbtest2_pkey on sbtest2  (cost=0.43..44.00 rows=10 width=121)
	        Index Cond: ((id >= 6545052) AND (id <= 6545061))

table 3 : explain SELECT c FROM sbtest3 WHERE id BETWEEN 9946596 AND 9946605 ORDER BY c
	Sort  (cost=44.11..44.14 rows=10 width=121)
	  Sort Key: c
	  ->  Index Scan using sbtest3_pkey on sbtest3  (cost=0.43..43.95 rows=10 width=121)
	        Index Cond: ((id >= 9946596) AND (id <= 9946605))

table 4 : explain SELECT c FROM sbtest4 WHERE id BETWEEN 5220579 AND 5220588 ORDER BY c
	Sort  (cost=40.12..40.14 rows=9 width=121)
	  Sort Key: c
	  ->  Index Scan using sbtest4_pkey on sbtest4  (cost=0.43..39.98 rows=9 width=121)
	        Index Cond: ((id >= 5220579) AND (id <= 5220588))

table 5 : explain SELECT c FROM sbtest5 WHERE id BETWEEN 237782 AND 237791 ORDER BY c
	Sort  (cost=40.11..40.14 rows=9 width=121)
	  Sort Key: c
	  ->  Index Scan using sbtest5_pkey on sbtest5  (cost=0.43..39.97 rows=9 width=121)
	        Index Cond: ((id >= 237782) AND (id <= 237791))

table 6 : explain SELECT c FROM sbtest6 WHERE id BETWEEN 2607490 AND 2607499 ORDER BY c
	Sort  (cost=44.06..44.09 rows=10 width=121)
	  Sort Key: c
	  ->  Index Scan using sbtest6_pkey on sbtest6  (cost=0.43..43.90 rows=10 width=121)
	        Index Cond: ((id >= 2607490) AND (id <= 2607499))

table 7 : explain SELECT c FROM sbtest7 WHERE id BETWEEN 6968267 AND 6968276 ORDER BY c
	Sort  (cost=44.01..44.04 rows=10 width=121)
	  Sort Key: c
	  ->  Index Scan using sbtest7_pkey on sbtest7  (cost=0.43..43.85 rows=10 width=121)
	        Index Cond: ((id >= 6968267) AND (id <= 6968276))

table 8 : explain SELECT c FROM sbtest8 WHERE id BETWEEN 7001051 AND 7001060 ORDER BY c
	Sort  (cost=44.13..44.15 rows=10 width=121)
	  Sort Key: c
	  ->  Index Scan using sbtest8_pkey on sbtest8  (cost=0.43..43.96 rows=10 width=121)
	        Index Cond: ((id >= 7001051) AND (id <= 7001060))

for: distinct_ranges
table 1 : explain SELECT DISTINCT c FROM sbtest1 WHERE id BETWEEN 5963406 AND 5963415 ORDER BY c
	Unique  (cost=40.20..40.24 rows=9 width=121)
	  ->  Sort  (cost=40.20..40.22 rows=9 width=121)
	        Sort Key: c
	        ->  Index Scan using sbtest1_pkey on sbtest1  (cost=0.43..40.05 rows=9 width=121)
	              Index Cond: ((id >= 5963406) AND (id <= 5963415))

table 2 : explain SELECT DISTINCT c FROM sbtest2 WHERE id BETWEEN 533859 AND 533868 ORDER BY c
	Unique  (cost=44.17..44.22 rows=10 width=121)
	  ->  Sort  (cost=44.17..44.19 rows=10 width=121)
	        Sort Key: c
	        ->  Index Scan using sbtest2_pkey on sbtest2  (cost=0.43..44.00 rows=10 width=121)
	              Index Cond: ((id >= 533859) AND (id <= 533868))

table 3 : explain SELECT DISTINCT c FROM sbtest3 WHERE id BETWEEN 532649 AND 532658 ORDER BY c
	Unique  (cost=44.11..44.16 rows=10 width=121)
	  ->  Sort  (cost=44.11..44.14 rows=10 width=121)
	        Sort Key: c
	        ->  Index Scan using sbtest3_pkey on sbtest3  (cost=0.43..43.95 rows=10 width=121)
	              Index Cond: ((id >= 532649) AND (id <= 532658))

table 4 : explain SELECT DISTINCT c FROM sbtest4 WHERE id BETWEEN 4970343 AND 4970352 ORDER BY c
	Unique  (cost=44.09..44.14 rows=10 width=121)
	  ->  Sort  (cost=44.09..44.11 rows=10 width=121)
	        Sort Key: c
	        ->  Index Scan using sbtest4_pkey on sbtest4  (cost=0.43..43.92 rows=10 width=121)
	              Index Cond: ((id >= 4970343) AND (id <= 4970352))

table 5 : explain SELECT DISTINCT c FROM sbtest5 WHERE id BETWEEN 6825077 AND 6825086 ORDER BY c
	Unique  (cost=44.08..44.13 rows=10 width=121)
	  ->  Sort  (cost=44.08..44.10 rows=10 width=121)
	        Sort Key: c
	        ->  Index Scan using sbtest5_pkey on sbtest5  (cost=0.43..43.91 rows=10 width=121)
	              Index Cond: ((id >= 6825077) AND (id <= 6825086))

table 6 : explain SELECT DISTINCT c FROM sbtest6 WHERE id BETWEEN 7858610 AND 7858619 ORDER BY c
	Unique  (cost=44.06..44.11 rows=10 width=121)
	  ->  Sort  (cost=44.06..44.09 rows=10 width=121)
	        Sort Key: c
	        ->  Index Scan using sbtest6_pkey on sbtest6  (cost=0.43..43.90 rows=10 width=121)
	              Index Cond: ((id >= 7858610) AND (id <= 7858619))

table 7 : explain SELECT DISTINCT c FROM sbtest7 WHERE id BETWEEN 1332847 AND 1332856 ORDER BY c
	Unique  (cost=44.01..44.06 rows=10 width=121)
	  ->  Sort  (cost=44.01..44.04 rows=10 width=121)
	        Sort Key: c
	        ->  Index Scan using sbtest7_pkey on sbtest7  (cost=0.43..43.85 rows=10 width=121)
	              Index Cond: ((id >= 1332847) AND (id <= 1332856))

table 8 : explain SELECT DISTINCT c FROM sbtest8 WHERE id BETWEEN 5235358 AND 5235367 ORDER BY c
	Unique  (cost=44.13..44.18 rows=10 width=121)
	  ->  Sort  (cost=44.13..44.15 rows=10 width=121)
	        Sort Key: c
	        ->  Index Scan using sbtest8_pkey on sbtest8  (cost=0.43..43.96 rows=10 width=121)
	              Index Cond: ((id >= 5235358) AND (id <= 5235367))

for: distinct_ranges
table 1 : explain SELECT DISTINCT c FROM sbtest1 WHERE id BETWEEN 5543808 AND 5543817 ORDER BY c
	Unique  (cost=40.20..40.24 rows=9 width=121)
	  ->  Sort  (cost=40.20..40.22 rows=9 width=121)
	        Sort Key: c
	        ->  Index Scan using sbtest1_pkey on sbtest1  (cost=0.43..40.05 rows=9 width=121)
	              Index Cond: ((id >= 5543808) AND (id <= 5543817))

table 2 : explain SELECT DISTINCT c FROM sbtest2 WHERE id BETWEEN 566155 AND 566164 ORDER BY c
	Unique  (cost=44.17..44.22 rows=10 width=121)
	  ->  Sort  (cost=44.17..44.19 rows=10 width=121)
	        Sort Key: c
	        ->  Index Scan using sbtest2_pkey on sbtest2  (cost=0.43..44.00 rows=10 width=121)
	              Index Cond: ((id >= 566155) AND (id <= 566164))

table 3 : explain SELECT DISTINCT c FROM sbtest3 WHERE id BETWEEN 8026431 AND 8026440 ORDER BY c
	Unique  (cost=44.11..44.16 rows=10 width=121)
	  ->  Sort  (cost=44.11..44.14 rows=10 width=121)
	        Sort Key: c
	        ->  Index Scan using sbtest3_pkey on sbtest3  (cost=0.43..43.95 rows=10 width=121)
	              Index Cond: ((id >= 8026431) AND (id <= 8026440))

table 4 : explain SELECT DISTINCT c FROM sbtest4 WHERE id BETWEEN 8249411 AND 8249420 ORDER BY c
	Unique  (cost=40.12..40.17 rows=9 width=121)
	  ->  Sort  (cost=40.12..40.14 rows=9 width=121)
	        Sort Key: c
	        ->  Index Scan using sbtest4_pkey on sbtest4  (cost=0.43..39.98 rows=9 width=121)
	              Index Cond: ((id >= 8249411) AND (id <= 8249420))

table 5 : explain SELECT DISTINCT c FROM sbtest5 WHERE id BETWEEN 8518796 AND 8518805 ORDER BY c
	Unique  (cost=44.08..44.13 rows=10 width=121)
	  ->  Sort  (cost=44.08..44.10 rows=10 width=121)
	        Sort Key: c
	        ->  Index Scan using sbtest5_pkey on sbtest5  (cost=0.43..43.91 rows=10 width=121)
	              Index Cond: ((id >= 8518796) AND (id <= 8518805))

table 6 : explain SELECT DISTINCT c FROM sbtest6 WHERE id BETWEEN 2780439 AND 2780448 ORDER BY c
	Unique  (cost=44.06..44.11 rows=10 width=121)
	  ->  Sort  (cost=44.06..44.09 rows=10 width=121)
	        Sort Key: c
	        ->  Index Scan using sbtest6_pkey on sbtest6  (cost=0.43..43.90 rows=10 width=121)
	              Index Cond: ((id >= 2780439) AND (id <= 2780448))

table 7 : explain SELECT DISTINCT c FROM sbtest7 WHERE id BETWEEN 5505809 AND 5505818 ORDER BY c
	Unique  (cost=40.06..40.10 rows=9 width=121)
	  ->  Sort  (cost=40.06..40.08 rows=9 width=121)
	        Sort Key: c
	        ->  Index Scan using sbtest7_pkey on sbtest7  (cost=0.43..39.92 rows=9 width=121)
	              Index Cond: ((id >= 5505809) AND (id <= 5505818))

table 8 : explain SELECT DISTINCT c FROM sbtest8 WHERE id BETWEEN 310199 AND 310208 ORDER BY c
	Unique  (cost=44.13..44.18 rows=10 width=121)
	  ->  Sort  (cost=44.13..44.15 rows=10 width=121)
	        Sort Key: c
	        ->  Index Scan using sbtest8_pkey on sbtest8  (cost=0.43..43.96 rows=10 width=121)
	              Index Cond: ((id >= 310199) AND (id <= 310208))

for: distinct_ranges
table 1 : explain SELECT DISTINCT c FROM sbtest1 WHERE id BETWEEN 19166 AND 19175 ORDER BY c
	Unique  (cost=40.20..40.24 rows=9 width=121)
	  ->  Sort  (cost=40.20..40.22 rows=9 width=121)
	        Sort Key: c
	        ->  Index Scan using sbtest1_pkey on sbtest1  (cost=0.43..40.05 rows=9 width=121)
	              Index Cond: ((id >= 19166) AND (id <= 19175))

table 2 : explain SELECT DISTINCT c FROM sbtest2 WHERE id BETWEEN 9532587 AND 9532596 ORDER BY c
	Unique  (cost=44.17..44.22 rows=10 width=121)
	  ->  Sort  (cost=44.17..44.19 rows=10 width=121)
	        Sort Key: c
	        ->  Index Scan using sbtest2_pkey on sbtest2  (cost=0.43..44.00 rows=10 width=121)
	              Index Cond: ((id >= 9532587) AND (id <= 9532596))

table 3 : explain SELECT DISTINCT c FROM sbtest3 WHERE id BETWEEN 6948344 AND 6948353 ORDER BY c
	Unique  (cost=40.15..40.19 rows=9 width=121)
	  ->  Sort  (cost=40.15..40.17 rows=9 width=121)
	        Sort Key: c
	        ->  Index Scan using sbtest3_pkey on sbtest3  (cost=0.43..40.00 rows=9 width=121)
	              Index Cond: ((id >= 6948344) AND (id <= 6948353))

table 4 : explain SELECT DISTINCT c FROM sbtest4 WHERE id BETWEEN 19803 AND 19812 ORDER BY c
	Unique  (cost=44.09..44.14 rows=10 width=121)
	  ->  Sort  (cost=44.09..44.11 rows=10 width=121)
	        Sort Key: c
	        ->  Index Scan using sbtest4_pkey on sbtest4  (cost=0.43..43.92 rows=10 width=121)
	              Index Cond: ((id >= 19803) AND (id <= 19812))

table 5 : explain SELECT DISTINCT c FROM sbtest5 WHERE id BETWEEN 1013280 AND 1013289 ORDER BY c
	Unique  (cost=40.11..40.16 rows=9 width=121)
	  ->  Sort  (cost=40.11..40.14 rows=9 width=121)
	        Sort Key: c
	        ->  Index Scan using sbtest5_pkey on sbtest5  (cost=0.43..39.97 rows=9 width=121)
	              Index Cond: ((id >= 1013280) AND (id <= 1013289))

table 6 : explain SELECT DISTINCT c FROM sbtest6 WHERE id BETWEEN 4301681 AND 4301690 ORDER BY c
	Unique  (cost=48.02..48.08 rows=11 width=121)
	  ->  Sort  (cost=48.02..48.05 rows=11 width=121)
	        Sort Key: c
	        ->  Index Scan using sbtest6_pkey on sbtest6  (cost=0.43..47.83 rows=11 width=121)
	              Index Cond: ((id >= 4301681) AND (id <= 4301690))

table 7 : explain SELECT DISTINCT c FROM sbtest7 WHERE id BETWEEN 998223 AND 998232 ORDER BY c
	Unique  (cost=44.01..44.06 rows=10 width=121)
	  ->  Sort  (cost=44.01..44.04 rows=10 width=121)
	        Sort Key: c
	        ->  Index Scan using sbtest7_pkey on sbtest7  (cost=0.43..43.85 rows=10 width=121)
	              Index Cond: ((id >= 998223) AND (id <= 998232))

table 8 : explain SELECT DISTINCT c FROM sbtest8 WHERE id BETWEEN 2577249 AND 2577258 ORDER BY c
	Unique  (cost=44.13..44.18 rows=10 width=121)
	  ->  Sort  (cost=44.13..44.15 rows=10 width=121)
	        Sort Key: c
	        ->  Index Scan using sbtest8_pkey on sbtest8  (cost=0.43..43.96 rows=10 width=121)
	              Index Cond: ((id >= 2577249) AND (id <= 2577258))

for: order_ranges
table 1 : explain SELECT c FROM sbtest1 WHERE id BETWEEN 2321721 AND 2321730 ORDER BY c
	Sort  (cost=48.14..48.17 rows=11 width=121)
	  Sort Key: c
	  ->  Index Scan using sbtest1_pkey on sbtest1  (cost=0.43..47.95 rows=11 width=121)
	        Index Cond: ((id >= 2321721) AND (id <= 2321730))

table 2 : explain SELECT c FROM sbtest2 WHERE id BETWEEN 8665516 AND 8665525 ORDER BY c
	Sort  (cost=44.17..44.19 rows=10 width=121)
	  Sort Key: c
	  ->  Index Scan using sbtest2_pkey on sbtest2  (cost=0.43..44.00 rows=10 width=121)
	        Index Cond: ((id >= 8665516) AND (id <= 8665525))

table 3 : explain SELECT c FROM sbtest3 WHERE id BETWEEN 1715511 AND 1715520 ORDER BY c
	Sort  (cost=44.11..44.14 rows=10 width=121)
	  Sort Key: c
	  ->  Index Scan using sbtest3_pkey on sbtest3  (cost=0.43..43.95 rows=10 width=121)
	        Index Cond: ((id >= 1715511) AND (id <= 1715520))

table 4 : explain SELECT c FROM sbtest4 WHERE id BETWEEN 1021070 AND 1021079 ORDER BY c
	Sort  (cost=44.09..44.11 rows=10 width=121)
	  Sort Key: c
	  ->  Index Scan using sbtest4_pkey on sbtest4  (cost=0.43..43.92 rows=10 width=121)
	        Index Cond: ((id >= 1021070) AND (id <= 1021079))

table 5 : explain SELECT c FROM sbtest5 WHERE id BETWEEN 5571798 AND 5571807 ORDER BY c
	Sort  (cost=44.08..44.10 rows=10 width=121)
	  Sort Key: c
	  ->  Index Scan using sbtest5_pkey on sbtest5  (cost=0.43..43.91 rows=10 width=121)
	        Index Cond: ((id >= 5571798) AND (id <= 5571807))

table 6 : explain SELECT c FROM sbtest6 WHERE id BETWEEN 8952536 AND 8952545 ORDER BY c
	Sort  (cost=44.06..44.09 rows=10 width=121)
	  Sort Key: c
	  ->  Index Scan using sbtest6_pkey on sbtest6  (cost=0.43..43.90 rows=10 width=121)
	        Index Cond: ((id >= 8952536) AND (id <= 8952545))

table 7 : explain SELECT c FROM sbtest7 WHERE id BETWEEN 1002055 AND 1002064 ORDER BY c
	Sort  (cost=44.01..44.04 rows=10 width=121)
	  Sort Key: c
	  ->  Index Scan using sbtest7_pkey on sbtest7  (cost=0.43..43.85 rows=10 width=121)
	        Index Cond: ((id >= 1002055) AND (id <= 1002064))

table 8 : explain SELECT c FROM sbtest8 WHERE id BETWEEN 1547925 AND 1547934 ORDER BY c
	Sort  (cost=44.13..44.15 rows=10 width=121)
	  Sort Key: c
	  ->  Index Scan using sbtest8_pkey on sbtest8  (cost=0.43..43.96 rows=10 width=121)
	        Index Cond: ((id >= 1547925) AND (id <= 1547934))

for: distinct_ranges
table 1 : explain SELECT DISTINCT c FROM sbtest1 WHERE id BETWEEN 6598509 AND 6598518 ORDER BY c
	Unique  (cost=44.17..44.22 rows=10 width=121)
	  ->  Sort  (cost=44.17..44.19 rows=10 width=121)
	        Sort Key: c
	        ->  Index Scan using sbtest1_pkey on sbtest1  (cost=0.43..44.00 rows=10 width=121)
	              Index Cond: ((id >= 6598509) AND (id <= 6598518))

table 2 : explain SELECT DISTINCT c FROM sbtest2 WHERE id BETWEEN 8919397 AND 8919406 ORDER BY c
	Unique  (cost=44.17..44.22 rows=10 width=121)
	  ->  Sort  (cost=44.17..44.19 rows=10 width=121)
	        Sort Key: c
	        ->  Index Scan using sbtest2_pkey on sbtest2  (cost=0.43..44.00 rows=10 width=121)
	              Index Cond: ((id >= 8919397) AND (id <= 8919406))

table 3 : explain SELECT DISTINCT c FROM sbtest3 WHERE id BETWEEN 4704946 AND 4704955 ORDER BY c
	Unique  (cost=44.11..44.16 rows=10 width=121)
	  ->  Sort  (cost=44.11..44.14 rows=10 width=121)
	        Sort Key: c
	        ->  Index Scan using sbtest3_pkey on sbtest3  (cost=0.43..43.95 rows=10 width=121)
	              Index Cond: ((id >= 4704946) AND (id <= 4704955))

table 4 : explain SELECT DISTINCT c FROM sbtest4 WHERE id BETWEEN 2212643 AND 2212652 ORDER BY c
	Unique  (cost=40.12..40.17 rows=9 width=121)
	  ->  Sort  (cost=40.12..40.14 rows=9 width=121)
	        Sort Key: c
	        ->  Index Scan using sbtest4_pkey on sbtest4  (cost=0.43..39.98 rows=9 width=121)
	              Index Cond: ((id >= 2212643) AND (id <= 2212652))

table 5 : explain SELECT DISTINCT c FROM sbtest5 WHERE id BETWEEN 1256042 AND 1256051 ORDER BY c
	Unique  (cost=48.04..48.09 rows=11 width=121)
	  ->  Sort  (cost=48.04..48.07 rows=11 width=121)
	        Sort Key: c
	        ->  Index Scan using sbtest5_pkey on sbtest5  (cost=0.43..47.85 rows=11 width=121)
	              Index Cond: ((id >= 1256042) AND (id <= 1256051))

table 6 : explain SELECT DISTINCT c FROM sbtest6 WHERE id BETWEEN 8455866 AND 8455875 ORDER BY c
	Unique  (cost=40.10..40.15 rows=9 width=121)
	  ->  Sort  (cost=40.10..40.12 rows=9 width=121)
	        Sort Key: c
	        ->  Index Scan using sbtest6_pkey on sbtest6  (cost=0.43..39.96 rows=9 width=121)
	              Index Cond: ((id >= 8455866) AND (id <= 8455875))

table 7 : explain SELECT DISTINCT c FROM sbtest7 WHERE id BETWEEN 8526584 AND 8526593 ORDER BY c
	Unique  (cost=47.97..48.03 rows=11 width=121)
	  ->  Sort  (cost=47.97..48.00 rows=11 width=121)
	        Sort Key: c
	        ->  Index Scan using sbtest7_pkey on sbtest7  (cost=0.43..47.78 rows=11 width=121)
	              Index Cond: ((id >= 8526584) AND (id <= 8526593))

table 8 : explain SELECT DISTINCT c FROM sbtest8 WHERE id BETWEEN 2813648 AND 2813657 ORDER BY c
	Unique  (cost=44.13..44.18 rows=10 width=121)
	  ->  Sort  (cost=44.13..44.15 rows=10 width=121)
	        Sort Key: c
	        ->  Index Scan using sbtest8_pkey on sbtest8  (cost=0.43..43.96 rows=10 width=121)
	              Index Cond: ((id >= 2813648) AND (id <= 2813657))
for: order_ranges
table 1 : explain SELECT c FROM sbtest1 WHERE id BETWEEN 5936579 AND 5936588 ORDER BY c
	Sort  (cost=40.20..40.22 rows=9 width=121)
	  Sort Key: c
	  ->  Index Scan using sbtest1_pkey on sbtest1  (cost=0.43..40.05 rows=9 width=121)
	        Index Cond: ((id >= 5936579) AND (id <= 5936588))

table 2 : explain SELECT c FROM sbtest2 WHERE id BETWEEN 2249868 AND 2249877 ORDER BY c
	Sort  (cost=44.17..44.19 rows=10 width=121)
	  Sort Key: c
	  ->  Index Scan using sbtest2_pkey on sbtest2  (cost=0.43..44.00 rows=10 width=121)
	        Index Cond: ((id >= 2249868) AND (id <= 2249877))

table 3 : explain SELECT c FROM sbtest3 WHERE id BETWEEN 1080810 AND 1080819 ORDER BY c
	Sort  (cost=44.11..44.14 rows=10 width=121)
	  Sort Key: c
	  ->  Index Scan using sbtest3_pkey on sbtest3  (cost=0.43..43.95 rows=10 width=121)
	        Index Cond: ((id >= 1080810) AND (id <= 1080819))

table 4 : explain SELECT c FROM sbtest4 WHERE id BETWEEN 547072 AND 547081 ORDER BY c
	Sort  (cost=44.09..44.11 rows=10 width=121)
	  Sort Key: c
	  ->  Index Scan using sbtest4_pkey on sbtest4  (cost=0.43..43.92 rows=10 width=121)
	        Index Cond: ((id >= 547072) AND (id <= 547081))

table 5 : explain SELECT c FROM sbtest5 WHERE id BETWEEN 3445827 AND 3445836 ORDER BY c
	Sort  (cost=44.08..44.10 rows=10 width=121)
	  Sort Key: c
	  ->  Index Scan using sbtest5_pkey on sbtest5  (cost=0.43..43.91 rows=10 width=121)
	        Index Cond: ((id >= 3445827) AND (id <= 3445836))

table 6 : explain SELECT c FROM sbtest6 WHERE id BETWEEN 5661773 AND 5661782 ORDER BY c
	Sort  (cost=44.06..44.09 rows=10 width=121)
	  Sort Key: c
	  ->  Index Scan using sbtest6_pkey on sbtest6  (cost=0.43..43.90 rows=10 width=121)
	        Index Cond: ((id >= 5661773) AND (id <= 5661782))

table 7 : explain SELECT c FROM sbtest7 WHERE id BETWEEN 2332191 AND 2332200 ORDER BY c
	Sort  (cost=44.01..44.04 rows=10 width=121)
	  Sort Key: c
	  ->  Index Scan using sbtest7_pkey on sbtest7  (cost=0.43..43.85 rows=10 width=121)
	        Index Cond: ((id >= 2332191) AND (id <= 2332200))

table 8 : explain SELECT c FROM sbtest8 WHERE id BETWEEN 2294430 AND 2294439 ORDER BY c
	Sort  (cost=44.13..44.15 rows=10 width=121)
	  Sort Key: c
	  ->  Index Scan using sbtest8_pkey on sbtest8  (cost=0.43..43.96 rows=10 width=121)
	        Index Cond: ((id >= 2294430) AND (id <= 2294439))

for: distinct_ranges
table 1 : explain SELECT DISTINCT c FROM sbtest1 WHERE id BETWEEN 9983314 AND 9983323 ORDER BY c
	Unique  (cost=44.17..44.22 rows=10 width=121)
	  ->  Sort  (cost=44.17..44.19 rows=10 width=121)
	        Sort Key: c
	        ->  Index Scan using sbtest1_pkey on sbtest1  (cost=0.43..44.00 rows=10 width=121)
	              Index Cond: ((id >= 9983314) AND (id <= 9983323))

table 2 : explain SELECT DISTINCT c FROM sbtest2 WHERE id BETWEEN 6763073 AND 6763082 ORDER BY c
	Unique  (cost=44.17..44.22 rows=10 width=121)
	  ->  Sort  (cost=44.17..44.19 rows=10 width=121)
	        Sort Key: c
	        ->  Index Scan using sbtest2_pkey on sbtest2  (cost=0.43..44.00 rows=10 width=121)
	              Index Cond: ((id >= 6763073) AND (id <= 6763082))

table 3 : explain SELECT DISTINCT c FROM sbtest3 WHERE id BETWEEN 8024696 AND 8024705 ORDER BY c
	Unique  (cost=44.11..44.16 rows=10 width=121)
	  ->  Sort  (cost=44.11..44.14 rows=10 width=121)
	        Sort Key: c
	        ->  Index Scan using sbtest3_pkey on sbtest3  (cost=0.43..43.95 rows=10 width=121)
	              Index Cond: ((id >= 8024696) AND (id <= 8024705))

table 4 : explain SELECT DISTINCT c FROM sbtest4 WHERE id BETWEEN 5917988 AND 5917997 ORDER BY c
	Unique  (cost=44.09..44.14 rows=10 width=121)
	  ->  Sort  (cost=44.09..44.11 rows=10 width=121)
	        Sort Key: c
	        ->  Index Scan using sbtest4_pkey on sbtest4  (cost=0.43..43.92 rows=10 width=121)
	              Index Cond: ((id >= 5917988) AND (id <= 5917997))

table 5 : explain SELECT DISTINCT c FROM sbtest5 WHERE id BETWEEN 9668289 AND 9668298 ORDER BY c
	Unique  (cost=44.08..44.13 rows=10 width=121)
	  ->  Sort  (cost=44.08..44.10 rows=10 width=121)
	        Sort Key: c
	        ->  Index Scan using sbtest5_pkey on sbtest5  (cost=0.43..43.91 rows=10 width=121)
	              Index Cond: ((id >= 9668289) AND (id <= 9668298))

table 6 : explain SELECT DISTINCT c FROM sbtest6 WHERE id BETWEEN 8567218 AND 8567227 ORDER BY c
	Unique  (cost=44.06..44.11 rows=10 width=121)
	  ->  Sort  (cost=44.06..44.09 rows=10 width=121)
	        Sort Key: c
	        ->  Index Scan using sbtest6_pkey on sbtest6  (cost=0.43..43.90 rows=10 width=121)
	              Index Cond: ((id >= 8567218) AND (id <= 8567227))

table 7 : explain SELECT DISTINCT c FROM sbtest7 WHERE id BETWEEN 7836719 AND 7836728 ORDER BY c
	Unique  (cost=40.06..40.10 rows=9 width=121)
	  ->  Sort  (cost=40.06..40.08 rows=9 width=121)
	        Sort Key: c
	        ->  Index Scan using sbtest7_pkey on sbtest7  (cost=0.43..39.92 rows=9 width=121)
	              Index Cond: ((id >= 7836719) AND (id <= 7836728))

table 8 : explain SELECT DISTINCT c FROM sbtest8 WHERE id BETWEEN 1101487 AND 1101496 ORDER BY c
	Unique  (cost=48.10..48.15 rows=11 width=121)
	  ->  Sort  (cost=48.10..48.12 rows=11 width=121)
	        Sort Key: c
	        ->  Index Scan using sbtest8_pkey on sbtest8  (cost=0.43..47.91 rows=11 width=121)
	              Index Cond: ((id >= 1101487) AND (id <= 1101496))


for: order_ranges
table 1 : explain SELECT c FROM sbtest1 WHERE id BETWEEN 6666163 AND 6666172 ORDER BY c
	Sort  (cost=44.17..44.19 rows=10 width=121)
	  Sort Key: c
	  ->  Index Scan using sbtest1_pkey on sbtest1  (cost=0.43..44.00 rows=10 width=121)
	        Index Cond: ((id >= 6666163) AND (id <= 6666172))

table 2 : explain SELECT c FROM sbtest2 WHERE id BETWEEN 9489101 AND 9489110 ORDER BY c
	Sort  (cost=44.17..44.19 rows=10 width=121)
	  Sort Key: c
	  ->  Index Scan using sbtest2_pkey on sbtest2  (cost=0.43..44.00 rows=10 width=121)
	        Index Cond: ((id >= 9489101) AND (id <= 9489110))

table 3 : explain SELECT c FROM sbtest3 WHERE id BETWEEN 6827445 AND 6827454 ORDER BY c
	Sort  (cost=40.15..40.17 rows=9 width=121)
	  Sort Key: c
	  ->  Index Scan using sbtest3_pkey on sbtest3  (cost=0.43..40.00 rows=9 width=121)
	        Index Cond: ((id >= 6827445) AND (id <= 6827454))

table 4 : explain SELECT c FROM sbtest4 WHERE id BETWEEN 3365573 AND 3365582 ORDER BY c
	Sort  (cost=44.09..44.11 rows=10 width=121)
	  Sort Key: c
	  ->  Index Scan using sbtest4_pkey on sbtest4  (cost=0.43..43.92 rows=10 width=121)
	        Index Cond: ((id >= 3365573) AND (id <= 3365582))

table 5 : explain SELECT c FROM sbtest5 WHERE id BETWEEN 5933467 AND 5933476 ORDER BY c
	Sort  (cost=44.08..44.10 rows=10 width=121)
	  Sort Key: c
	  ->  Index Scan using sbtest5_pkey on sbtest5  (cost=0.43..43.91 rows=10 width=121)
	        Index Cond: ((id >= 5933467) AND (id <= 5933476))

table 6 : explain SELECT c FROM sbtest6 WHERE id BETWEEN 3059573 AND 3059582 ORDER BY c
	Sort  (cost=44.06..44.09 rows=10 width=121)
	  Sort Key: c
	  ->  Index Scan using sbtest6_pkey on sbtest6  (cost=0.43..43.90 rows=10 width=121)
	        Index Cond: ((id >= 3059573) AND (id <= 3059582))

table 7 : explain SELECT c FROM sbtest7 WHERE id BETWEEN 5620240 AND 5620249 ORDER BY c
	Sort  (cost=44.01..44.04 rows=10 width=121)
	  Sort Key: c
	  ->  Index Scan using sbtest7_pkey on sbtest7  (cost=0.43..43.85 rows=10 width=121)
	        Index Cond: ((id >= 5620240) AND (id <= 5620249))

table 8 : explain SELECT c FROM sbtest8 WHERE id BETWEEN 7089247 AND 7089256 ORDER BY c
	Sort  (cost=40.16..40.18 rows=9 width=121)
	  Sort Key: c
	  ->  Index Scan using sbtest8_pkey on sbtest8  (cost=0.43..40.02 rows=9 width=121)
	        Index Cond: ((id >= 7089247) AND (id <= 7089256))

for: distinct_ranges
table 1 : explain SELECT DISTINCT c FROM sbtest1 WHERE id BETWEEN 5869797 AND 5869806 ORDER BY c
	Unique  (cost=48.14..48.20 rows=11 width=121)
	  ->  Sort  (cost=48.14..48.17 rows=11 width=121)
	        Sort Key: c
	        ->  Index Scan using sbtest1_pkey on sbtest1  (cost=0.43..47.95 rows=11 width=121)
	              Index Cond: ((id >= 5869797) AND (id <= 5869806))

table 2 : explain SELECT DISTINCT c FROM sbtest2 WHERE id BETWEEN 138764 AND 138773 ORDER BY c
	Unique  (cost=44.17..44.22 rows=10 width=121)
	  ->  Sort  (cost=44.17..44.19 rows=10 width=121)
	        Sort Key: c
	        ->  Index Scan using sbtest2_pkey on sbtest2  (cost=0.43..44.00 rows=10 width=121)
	              Index Cond: ((id >= 138764) AND (id <= 138773))

table 3 : explain SELECT DISTINCT c FROM sbtest3 WHERE id BETWEEN 3512621 AND 3512630 ORDER BY c
	Unique  (cost=44.11..44.16 rows=10 width=121)
	  ->  Sort  (cost=44.11..44.14 rows=10 width=121)
	        Sort Key: c
	        ->  Index Scan using sbtest3_pkey on sbtest3  (cost=0.43..43.95 rows=10 width=121)
	              Index Cond: ((id >= 3512621) AND (id <= 3512630))

table 4 : explain SELECT DISTINCT c FROM sbtest4 WHERE id BETWEEN 1659456 AND 1659465 ORDER BY c
	Unique  (cost=44.09..44.14 rows=10 width=121)
	  ->  Sort  (cost=44.09..44.11 rows=10 width=121)
	        Sort Key: c
	        ->  Index Scan using sbtest4_pkey on sbtest4  (cost=0.43..43.92 rows=10 width=121)
	              Index Cond: ((id >= 1659456) AND (id <= 1659465))

table 5 : explain SELECT DISTINCT c FROM sbtest5 WHERE id BETWEEN 2778030 AND 2778039 ORDER BY c
	Unique  (cost=44.08..44.13 rows=10 width=121)
	  ->  Sort  (cost=44.08..44.10 rows=10 width=121)
	        Sort Key: c
	        ->  Index Scan using sbtest5_pkey on sbtest5  (cost=0.43..43.91 rows=10 width=121)
	              Index Cond: ((id >= 2778030) AND (id <= 2778039))

table 6 : explain SELECT DISTINCT c FROM sbtest6 WHERE id BETWEEN 464008 AND 464017 ORDER BY c
	Unique  (cost=40.10..40.15 rows=9 width=121)
	  ->  Sort  (cost=40.10..40.12 rows=9 width=121)
	        Sort Key: c
	        ->  Index Scan using sbtest6_pkey on sbtest6  (cost=0.43..39.96 rows=9 width=121)
	              Index Cond: ((id >= 464008) AND (id <= 464017))

table 7 : explain SELECT DISTINCT c FROM sbtest7 WHERE id BETWEEN 7565106 AND 7565115 ORDER BY c
	Unique  (cost=44.01..44.06 rows=10 width=121)
	  ->  Sort  (cost=44.01..44.04 rows=10 width=121)
	        Sort Key: c
	        ->  Index Scan using sbtest7_pkey on sbtest7  (cost=0.43..43.85 rows=10 width=121)
	              Index Cond: ((id >= 7565106) AND (id <= 7565115))

table 8 : explain SELECT DISTINCT c FROM sbtest8 WHERE id BETWEEN 8539968 AND 8539977 ORDER BY c
	Unique  (cost=40.16..40.20 rows=9 width=121)
	  ->  Sort  (cost=40.16..40.18 rows=9 width=121)
	        Sort Key: c
	        ->  Index Scan using sbtest8_pkey on sbtest8  (cost=0.43..40.02 rows=9 width=121)
	              Index Cond: ((id >= 8539968) AND (id <= 8539977))

for: distinct_ranges
table 1 : explain SELECT DISTINCT c FROM sbtest1 WHERE id BETWEEN 8054917 AND 8054926 ORDER BY c
	Unique  (cost=40.20..40.24 rows=9 width=121)
	  ->  Sort  (cost=40.20..40.22 rows=9 width=121)
	        Sort Key: c
	        ->  Index Scan using sbtest1_pkey on sbtest1  (cost=0.43..40.05 rows=9 width=121)
	              Index Cond: ((id >= 8054917) AND (id <= 8054926))

table 2 : explain SELECT DISTINCT c FROM sbtest2 WHERE id BETWEEN 3874800 AND 3874809 ORDER BY c
	Unique  (cost=44.17..44.22 rows=10 width=121)
	  ->  Sort  (cost=44.17..44.19 rows=10 width=121)
	        Sort Key: c
	        ->  Index Scan using sbtest2_pkey on sbtest2  (cost=0.43..44.00 rows=10 width=121)
	              Index Cond: ((id >= 3874800) AND (id <= 3874809))

table 3 : explain SELECT DISTINCT c FROM sbtest3 WHERE id BETWEEN 1721948 AND 1721957 ORDER BY c
	Unique  (cost=44.11..44.16 rows=10 width=121)
	  ->  Sort  (cost=44.11..44.14 rows=10 width=121)
	        Sort Key: c
	        ->  Index Scan using sbtest3_pkey on sbtest3  (cost=0.43..43.95 rows=10 width=121)
	              Index Cond: ((id >= 1721948) AND (id <= 1721957))

table 4 : explain SELECT DISTINCT c FROM sbtest4 WHERE id BETWEEN 1431995 AND 1432004 ORDER BY c
	Unique  (cost=44.09..44.14 rows=10 width=121)
	  ->  Sort  (cost=44.09..44.11 rows=10 width=121)
	        Sort Key: c
	        ->  Index Scan using sbtest4_pkey on sbtest4  (cost=0.43..43.92 rows=10 width=121)
	              Index Cond: ((id >= 1431995) AND (id <= 1432004))

table 5 : explain SELECT DISTINCT c FROM sbtest5 WHERE id BETWEEN 3304904 AND 3304913 ORDER BY c
	Unique  (cost=44.08..44.13 rows=10 width=121)
	  ->  Sort  (cost=44.08..44.10 rows=10 width=121)
	        Sort Key: c
	        ->  Index Scan using sbtest5_pkey on sbtest5  (cost=0.43..43.91 rows=10 width=121)
	              Index Cond: ((id >= 3304904) AND (id <= 3304913))

table 6 : explain SELECT DISTINCT c FROM sbtest6 WHERE id BETWEEN 7001699 AND 7001708 ORDER BY c
	Unique  (cost=48.02..48.08 rows=11 width=121)
	  ->  Sort  (cost=48.02..48.05 rows=11 width=121)
	        Sort Key: c
	        ->  Index Scan using sbtest6_pkey on sbtest6  (cost=0.43..47.83 rows=11 width=121)
	              Index Cond: ((id >= 7001699) AND (id <= 7001708))

table 7 : explain SELECT DISTINCT c FROM sbtest7 WHERE id BETWEEN 3561988 AND 3561997 ORDER BY c
	Unique  (cost=44.01..44.06 rows=10 width=121)
	  ->  Sort  (cost=44.01..44.04 rows=10 width=121)
	        Sort Key: c
	        ->  Index Scan using sbtest7_pkey on sbtest7  (cost=0.43..43.85 rows=10 width=121)
	              Index Cond: ((id >= 3561988) AND (id <= 3561997))

table 8 : explain SELECT DISTINCT c FROM sbtest8 WHERE id BETWEEN 8063189 AND 8063198 ORDER BY c
	Unique  (cost=48.10..48.15 rows=11 width=121)
	  ->  Sort  (cost=48.10..48.12 rows=11 width=121)
	        Sort Key: c
	        ->  Index Scan using sbtest8_pkey on sbtest8  (cost=0.43..47.91 rows=11 width=121)
	              Index Cond: ((id >= 8063189) AND (id <= 8063198))

for: distinct_ranges
table 1 : explain SELECT DISTINCT c FROM sbtest1 WHERE id BETWEEN 7340236 AND 7340245 ORDER BY c
	Unique  (cost=44.17..44.22 rows=10 width=121)
	  ->  Sort  (cost=44.17..44.19 rows=10 width=121)
	        Sort Key: c
	        ->  Index Scan using sbtest1_pkey on sbtest1  (cost=0.43..44.00 rows=10 width=121)
	              Index Cond: ((id >= 7340236) AND (id <= 7340245))

table 2 : explain SELECT DISTINCT c FROM sbtest2 WHERE id BETWEEN 6151699 AND 6151708 ORDER BY c
	Unique  (cost=44.17..44.22 rows=10 width=121)
	  ->  Sort  (cost=44.17..44.19 rows=10 width=121)
	        Sort Key: c
	        ->  Index Scan using sbtest2_pkey on sbtest2  (cost=0.43..44.00 rows=10 width=121)
	              Index Cond: ((id >= 6151699) AND (id <= 6151708))

table 3 : explain SELECT DISTINCT c FROM sbtest3 WHERE id BETWEEN 867944 AND 867953 ORDER BY c
	Unique  (cost=44.11..44.16 rows=10 width=121)
	  ->  Sort  (cost=44.11..44.14 rows=10 width=121)
	        Sort Key: c
	        ->  Index Scan using sbtest3_pkey on sbtest3  (cost=0.43..43.95 rows=10 width=121)
	              Index Cond: ((id >= 867944) AND (id <= 867953))

table 4 : explain SELECT DISTINCT c FROM sbtest4 WHERE id BETWEEN 5062321 AND 5062330 ORDER BY c
	Unique  (cost=44.09..44.14 rows=10 width=121)
	  ->  Sort  (cost=44.09..44.11 rows=10 width=121)
	        Sort Key: c
	        ->  Index Scan using sbtest4_pkey on sbtest4  (cost=0.43..43.92 rows=10 width=121)
	              Index Cond: ((id >= 5062321) AND (id <= 5062330))

table 5 : explain SELECT DISTINCT c FROM sbtest5 WHERE id BETWEEN 9328423 AND 9328432 ORDER BY c
	Unique  (cost=44.08..44.13 rows=10 width=121)
	  ->  Sort  (cost=44.08..44.10 rows=10 width=121)
	        Sort Key: c
	        ->  Index Scan using sbtest5_pkey on sbtest5  (cost=0.43..43.91 rows=10 width=121)
	              Index Cond: ((id >= 9328423) AND (id <= 9328432))

table 6 : explain SELECT DISTINCT c FROM sbtest6 WHERE id BETWEEN 4673920 AND 4673929 ORDER BY c
	Unique  (cost=44.06..44.11 rows=10 width=121)
	  ->  Sort  (cost=44.06..44.09 rows=10 width=121)
	        Sort Key: c
	        ->  Index Scan using sbtest6_pkey on sbtest6  (cost=0.43..43.90 rows=10 width=121)
	              Index Cond: ((id >= 4673920) AND (id <= 4673929))

table 7 : explain SELECT DISTINCT c FROM sbtest7 WHERE id BETWEEN 6745307 AND 6745316 ORDER BY c
	Unique  (cost=44.01..44.06 rows=10 width=121)
	  ->  Sort  (cost=44.01..44.04 rows=10 width=121)
	        Sort Key: c
	        ->  Index Scan using sbtest7_pkey on sbtest7  (cost=0.43..43.85 rows=10 width=121)
	              Index Cond: ((id >= 6745307) AND (id <= 6745316))

table 8 : explain SELECT DISTINCT c FROM sbtest8 WHERE id BETWEEN 6636536 AND 6636545 ORDER BY c
	Unique  (cost=44.13..44.18 rows=10 width=121)
	  ->  Sort  (cost=44.13..44.15 rows=10 width=121)
	        Sort Key: c
	        ->  Index Scan using sbtest8_pkey on sbtest8  (cost=0.43..43.96 rows=10 width=121)
	              Index Cond: ((id >= 6636536) AND (id <= 6636545))

for: distinct_ranges
table 1 : explain SELECT DISTINCT c FROM sbtest1 WHERE id BETWEEN 3159935 AND 3159944 ORDER BY c
	Unique  (cost=44.17..44.22 rows=10 width=121)
	  ->  Sort  (cost=44.17..44.19 rows=10 width=121)
	        Sort Key: c
	        ->  Index Scan using sbtest1_pkey on sbtest1  (cost=0.43..44.00 rows=10 width=121)
	              Index Cond: ((id >= 3159935) AND (id <= 3159944))

table 2 : explain SELECT DISTINCT c FROM sbtest2 WHERE id BETWEEN 5895916 AND 5895925 ORDER BY c
	Unique  (cost=48.14..48.20 rows=11 width=121)
	  ->  Sort  (cost=48.14..48.17 rows=11 width=121)
	        Sort Key: c
	        ->  Index Scan using sbtest2_pkey on sbtest2  (cost=0.43..47.95 rows=11 width=121)
	              Index Cond: ((id >= 5895916) AND (id <= 5895925))

table 3 : explain SELECT DISTINCT c FROM sbtest3 WHERE id BETWEEN 4671456 AND 4671465 ORDER BY c
	Unique  (cost=44.11..44.16 rows=10 width=121)
	  ->  Sort  (cost=44.11..44.14 rows=10 width=121)
	        Sort Key: c
	        ->  Index Scan using sbtest3_pkey on sbtest3  (cost=0.43..43.95 rows=10 width=121)
	              Index Cond: ((id >= 4671456) AND (id <= 4671465))

table 4 : explain SELECT DISTINCT c FROM sbtest4 WHERE id BETWEEN 3260316 AND 3260325 ORDER BY c
	Unique  (cost=40.12..40.17 rows=9 width=121)
	  ->  Sort  (cost=40.12..40.14 rows=9 width=121)
	        Sort Key: c
	        ->  Index Scan using sbtest4_pkey on sbtest4  (cost=0.43..39.98 rows=9 width=121)
	              Index Cond: ((id >= 3260316) AND (id <= 3260325))

table 5 : explain SELECT DISTINCT c FROM sbtest5 WHERE id BETWEEN 8276810 AND 8276819 ORDER BY c
	Unique  (cost=44.08..44.13 rows=10 width=121)
	  ->  Sort  (cost=44.08..44.10 rows=10 width=121)
	        Sort Key: c
	        ->  Index Scan using sbtest5_pkey on sbtest5  (cost=0.43..43.91 rows=10 width=121)
	              Index Cond: ((id >= 8276810) AND (id <= 8276819))

table 6 : explain SELECT DISTINCT c FROM sbtest6 WHERE id BETWEEN 1990921 AND 1990930 ORDER BY c
	Unique  (cost=40.10..40.15 rows=9 width=121)
	  ->  Sort  (cost=40.10..40.12 rows=9 width=121)
	        Sort Key: c
	        ->  Index Scan using sbtest6_pkey on sbtest6  (cost=0.43..39.96 rows=9 width=121)
	              Index Cond: ((id >= 1990921) AND (id <= 1990930))

table 7 : explain SELECT DISTINCT c FROM sbtest7 WHERE id BETWEEN 7803028 AND 7803037 ORDER BY c
	Unique  (cost=40.06..40.10 rows=9 width=121)
	  ->  Sort  (cost=40.06..40.08 rows=9 width=121)
	        Sort Key: c
	        ->  Index Scan using sbtest7_pkey on sbtest7  (cost=0.43..39.92 rows=9 width=121)
	              Index Cond: ((id >= 7803028) AND (id <= 7803037))

table 8 : explain SELECT DISTINCT c FROM sbtest8 WHERE id BETWEEN 3814628 AND 3814637 ORDER BY c
	Unique  (cost=44.13..44.18 rows=10 width=121)
	  ->  Sort  (cost=44.13..44.15 rows=10 width=121)
	        Sort Key: c
	        ->  Index Scan using sbtest8_pkey on sbtest8  (cost=0.43..43.96 rows=10 width=121)
	              Index Cond: ((id >= 3814628) AND (id <= 3814637))
for: distinct_ranges
table 1 : explain SELECT DISTINCT c FROM sbtest1 WHERE id BETWEEN 7406140 AND 7406149 ORDER BY c
	Unique  (cost=44.17..44.22 rows=10 width=121)
	  ->  Sort  (cost=44.17..44.19 rows=10 width=121)
	        Sort Key: c
	        ->  Index Scan using sbtest1_pkey on sbtest1  (cost=0.43..44.00 rows=10 width=121)
	              Index Cond: ((id >= 7406140) AND (id <= 7406149))

table 2 : explain SELECT DISTINCT c FROM sbtest2 WHERE id BETWEEN 7059209 AND 7059218 ORDER BY c
	Unique  (cost=44.17..44.22 rows=10 width=121)
	  ->  Sort  (cost=44.17..44.19 rows=10 width=121)
	        Sort Key: c
	        ->  Index Scan using sbtest2_pkey on sbtest2  (cost=0.43..44.00 rows=10 width=121)
	              Index Cond: ((id >= 7059209) AND (id <= 7059218))

table 3 : explain SELECT DISTINCT c FROM sbtest3 WHERE id BETWEEN 6952020 AND 6952029 ORDER BY c
	Unique  (cost=40.15..40.19 rows=9 width=121)
	  ->  Sort  (cost=40.15..40.17 rows=9 width=121)
	        Sort Key: c
	        ->  Index Scan using sbtest3_pkey on sbtest3  (cost=0.43..40.00 rows=9 width=121)
	              Index Cond: ((id >= 6952020) AND (id <= 6952029))

table 4 : explain SELECT DISTINCT c FROM sbtest4 WHERE id BETWEEN 4153897 AND 4153906 ORDER BY c
	Unique  (cost=48.05..48.10 rows=11 width=121)
	  ->  Sort  (cost=48.05..48.08 rows=11 width=121)
	        Sort Key: c
	        ->  Index Scan using sbtest4_pkey on sbtest4  (cost=0.43..47.86 rows=11 width=121)
	              Index Cond: ((id >= 4153897) AND (id <= 4153906))

table 5 : explain SELECT DISTINCT c FROM sbtest5 WHERE id BETWEEN 5985285 AND 5985294 ORDER BY c
	Unique  (cost=44.08..44.13 rows=10 width=121)
	  ->  Sort  (cost=44.08..44.10 rows=10 width=121)
	        Sort Key: c
	        ->  Index Scan using sbtest5_pkey on sbtest5  (cost=0.43..43.91 rows=10 width=121)
	              Index Cond: ((id >= 5985285) AND (id <= 5985294))

table 6 : explain SELECT DISTINCT c FROM sbtest6 WHERE id BETWEEN 3293359 AND 3293368 ORDER BY c
	Unique  (cost=44.06..44.11 rows=10 width=121)
	  ->  Sort  (cost=44.06..44.09 rows=10 width=121)
	        Sort Key: c
	        ->  Index Scan using sbtest6_pkey on sbtest6  (cost=0.43..43.90 rows=10 width=121)
	              Index Cond: ((id >= 3293359) AND (id <= 3293368))

table 7 : explain SELECT DISTINCT c FROM sbtest7 WHERE id BETWEEN 1257070 AND 1257079 ORDER BY c
	Unique  (cost=40.06..40.10 rows=9 width=121)
	  ->  Sort  (cost=40.06..40.08 rows=9 width=121)
	        Sort Key: c
	        ->  Index Scan using sbtest7_pkey on sbtest7  (cost=0.43..39.92 rows=9 width=121)
	              Index Cond: ((id >= 1257070) AND (id <= 1257079))

table 8 : explain SELECT DISTINCT c FROM sbtest8 WHERE id BETWEEN 7670541 AND 7670550 ORDER BY c
	Unique  (cost=44.13..44.18 rows=10 width=121)
	  ->  Sort  (cost=44.13..44.15 rows=10 width=121)
	        Sort Key: c
	        ->  Index Scan using sbtest8_pkey on sbtest8  (cost=0.43..43.96 rows=10 width=121)
	              Index Cond: ((id >= 7670541) AND (id <= 7670550))


for: order_ranges
table 1 : explain SELECT c FROM sbtest1 WHERE id BETWEEN 70182 AND 70191 ORDER BY c
	Sort  (cost=40.20..40.22 rows=9 width=121)
	  Sort Key: c
	  ->  Index Scan using sbtest1_pkey on sbtest1  (cost=0.43..40.05 rows=9 width=121)
	        Index Cond: ((id >= 70182) AND (id <= 70191))

table 2 : explain SELECT c FROM sbtest2 WHERE id BETWEEN 8296022 AND 8296031 ORDER BY c
	Sort  (cost=40.19..40.22 rows=9 width=121)
	  Sort Key: c
	  ->  Index Scan using sbtest2_pkey on sbtest2  (cost=0.43..40.05 rows=9 width=121)
	        Index Cond: ((id >= 8296022) AND (id <= 8296031))

table 3 : explain SELECT c FROM sbtest3 WHERE id BETWEEN 9736562 AND 9736571 ORDER BY c
	Sort  (cost=44.11..44.14 rows=10 width=121)
	  Sort Key: c
	  ->  Index Scan using sbtest3_pkey on sbtest3  (cost=0.43..43.95 rows=10 width=121)
	        Index Cond: ((id >= 9736562) AND (id <= 9736571))

table 4 : explain SELECT c FROM sbtest4 WHERE id BETWEEN 9422013 AND 9422022 ORDER BY c
	Sort  (cost=44.09..44.11 rows=10 width=121)
	  Sort Key: c
	  ->  Index Scan using sbtest4_pkey on sbtest4  (cost=0.43..43.92 rows=10 width=121)
	        Index Cond: ((id >= 9422013) AND (id <= 9422022))

table 5 : explain SELECT c FROM sbtest5 WHERE id BETWEEN 2833431 AND 2833440 ORDER BY c
	Sort  (cost=44.08..44.10 rows=10 width=121)
	  Sort Key: c
	  ->  Index Scan using sbtest5_pkey on sbtest5  (cost=0.43..43.91 rows=10 width=121)
	        Index Cond: ((id >= 2833431) AND (id <= 2833440))

table 6 : explain SELECT c FROM sbtest6 WHERE id BETWEEN 4044226 AND 4044235 ORDER BY c
	Sort  (cost=40.10..40.12 rows=9 width=121)
	  Sort Key: c
	  ->  Index Scan using sbtest6_pkey on sbtest6  (cost=0.43..39.96 rows=9 width=121)
	        Index Cond: ((id >= 4044226) AND (id <= 4044235))

table 7 : explain SELECT c FROM sbtest7 WHERE id BETWEEN 2289315 AND 2289324 ORDER BY c
	Sort  (cost=44.01..44.04 rows=10 width=121)
	  Sort Key: c
	  ->  Index Scan using sbtest7_pkey on sbtest7  (cost=0.43..43.85 rows=10 width=121)
	        Index Cond: ((id >= 2289315) AND (id <= 2289324))

table 8 : explain SELECT c FROM sbtest8 WHERE id BETWEEN 6098709 AND 6098718 ORDER BY c
	Sort  (cost=48.10..48.12 rows=11 width=121)
	  Sort Key: c
	  ->  Index Scan using sbtest8_pkey on sbtest8  (cost=0.43..47.91 rows=11 width=121)
	        Index Cond: ((id >= 6098709) AND (id <= 6098718))

for: distinct_ranges
table 1 : explain SELECT DISTINCT c FROM sbtest1 WHERE id BETWEEN 797443 AND 797452 ORDER BY c
	Unique  (cost=44.17..44.22 rows=10 width=121)
	  ->  Sort  (cost=44.17..44.19 rows=10 width=121)
	        Sort Key: c
	        ->  Index Scan using sbtest1_pkey on sbtest1  (cost=0.43..44.00 rows=10 width=121)
	              Index Cond: ((id >= 797443) AND (id <= 797452))

table 2 : explain SELECT DISTINCT c FROM sbtest2 WHERE id BETWEEN 2006298 AND 2006307 ORDER BY c
	Unique  (cost=44.17..44.22 rows=10 width=121)
	  ->  Sort  (cost=44.17..44.19 rows=10 width=121)
	        Sort Key: c
	        ->  Index Scan using sbtest2_pkey on sbtest2  (cost=0.43..44.00 rows=10 width=121)
	              Index Cond: ((id >= 2006298) AND (id <= 2006307))

table 3 : explain SELECT DISTINCT c FROM sbtest3 WHERE id BETWEEN 3933948 AND 3933957 ORDER BY c
	Unique  (cost=44.11..44.16 rows=10 width=121)
	  ->  Sort  (cost=44.11..44.14 rows=10 width=121)
	        Sort Key: c
	        ->  Index Scan using sbtest3_pkey on sbtest3  (cost=0.43..43.95 rows=10 width=121)
	              Index Cond: ((id >= 3933948) AND (id <= 3933957))

table 4 : explain SELECT DISTINCT c FROM sbtest4 WHERE id BETWEEN 2268685 AND 2268694 ORDER BY c
	Unique  (cost=44.09..44.14 rows=10 width=121)
	  ->  Sort  (cost=44.09..44.11 rows=10 width=121)
	        Sort Key: c
	        ->  Index Scan using sbtest4_pkey on sbtest4  (cost=0.43..43.92 rows=10 width=121)
	              Index Cond: ((id >= 2268685) AND (id <= 2268694))

table 5 : explain SELECT DISTINCT c FROM sbtest5 WHERE id BETWEEN 2938098 AND 2938107 ORDER BY c
	Unique  (cost=44.08..44.13 rows=10 width=121)
	  ->  Sort  (cost=44.08..44.10 rows=10 width=121)
	        Sort Key: c
	        ->  Index Scan using sbtest5_pkey on sbtest5  (cost=0.43..43.91 rows=10 width=121)
	              Index Cond: ((id >= 2938098) AND (id <= 2938107))

table 6 : explain SELECT DISTINCT c FROM sbtest6 WHERE id BETWEEN 6844387 AND 6844396 ORDER BY c
	Unique  (cost=44.06..44.11 rows=10 width=121)
	  ->  Sort  (cost=44.06..44.09 rows=10 width=121)
	        Sort Key: c
	        ->  Index Scan using sbtest6_pkey on sbtest6  (cost=0.43..43.90 rows=10 width=121)
	              Index Cond: ((id >= 6844387) AND (id <= 6844396))

table 7 : explain SELECT DISTINCT c FROM sbtest7 WHERE id BETWEEN 5744973 AND 5744982 ORDER BY c
	Unique  (cost=44.01..44.06 rows=10 width=121)
	  ->  Sort  (cost=44.01..44.04 rows=10 width=121)
	        Sort Key: c
	        ->  Index Scan using sbtest7_pkey on sbtest7  (cost=0.43..43.85 rows=10 width=121)
	              Index Cond: ((id >= 5744973) AND (id <= 5744982))

table 8 : explain SELECT DISTINCT c FROM sbtest8 WHERE id BETWEEN 5499617 AND 5499626 ORDER BY c
	Unique  (cost=44.13..44.18 rows=10 width=121)
	  ->  Sort  (cost=44.13..44.15 rows=10 width=121)
	        Sort Key: c
	        ->  Index Scan using sbtest8_pkey on sbtest8  (cost=0.43..43.96 rows=10 width=121)
	              Index Cond: ((id >= 5499617) AND (id <= 5499626))

for: order_ranges
table 1 : explain SELECT c FROM sbtest1 WHERE id BETWEEN 6631683 AND 6631692 ORDER BY c
	Sort  (cost=44.17..44.19 rows=10 width=121)
	  Sort Key: c
	  ->  Index Scan using sbtest1_pkey on sbtest1  (cost=0.43..44.00 rows=10 width=121)
	        Index Cond: ((id >= 6631683) AND (id <= 6631692))

table 2 : explain SELECT c FROM sbtest2 WHERE id BETWEEN 192272 AND 192281 ORDER BY c
	Sort  (cost=44.17..44.19 rows=10 width=121)
	  Sort Key: c
	  ->  Index Scan using sbtest2_pkey on sbtest2  (cost=0.43..44.00 rows=10 width=121)
	        Index Cond: ((id >= 192272) AND (id <= 192281))

table 3 : explain SELECT c FROM sbtest3 WHERE id BETWEEN 5549423 AND 5549432 ORDER BY c
	Sort  (cost=44.11..44.14 rows=10 width=121)
	  Sort Key: c
	  ->  Index Scan using sbtest3_pkey on sbtest3  (cost=0.43..43.95 rows=10 width=121)
	        Index Cond: ((id >= 5549423) AND (id <= 5549432))

table 4 : explain SELECT c FROM sbtest4 WHERE id BETWEEN 8321103 AND 8321112 ORDER BY c
	Sort  (cost=44.09..44.11 rows=10 width=121)
	  Sort Key: c
	  ->  Index Scan using sbtest4_pkey on sbtest4  (cost=0.43..43.92 rows=10 width=121)
	        Index Cond: ((id >= 8321103) AND (id <= 8321112))

table 5 : explain SELECT c FROM sbtest5 WHERE id BETWEEN 1595003 AND 1595012 ORDER BY c
	Sort  (cost=40.11..40.14 rows=9 width=121)
	  Sort Key: c
	  ->  Index Scan using sbtest5_pkey on sbtest5  (cost=0.43..39.97 rows=9 width=121)
	        Index Cond: ((id >= 1595003) AND (id <= 1595012))

table 6 : explain SELECT c FROM sbtest6 WHERE id BETWEEN 7466994 AND 7467003 ORDER BY c
	Sort  (cost=44.06..44.09 rows=10 width=121)
	  Sort Key: c
	  ->  Index Scan using sbtest6_pkey on sbtest6  (cost=0.43..43.90 rows=10 width=121)
	        Index Cond: ((id >= 7466994) AND (id <= 7467003))

table 7 : explain SELECT c FROM sbtest7 WHERE id BETWEEN 4321607 AND 4321616 ORDER BY c
	Sort  (cost=40.06..40.08 rows=9 width=121)
	  Sort Key: c
	  ->  Index Scan using sbtest7_pkey on sbtest7  (cost=0.43..39.92 rows=9 width=121)
	        Index Cond: ((id >= 4321607) AND (id <= 4321616))

table 8 : explain SELECT c FROM sbtest8 WHERE id BETWEEN 901596 AND 901605 ORDER BY c
	Sort  (cost=48.10..48.12 rows=11 width=121)
	  Sort Key: c
	  ->  Index Scan using sbtest8_pkey on sbtest8  (cost=0.43..47.91 rows=11 width=121)
	        Index Cond: ((id >= 901596) AND (id <= 901605))

for: distinct_ranges
table 1 : explain SELECT DISTINCT c FROM sbtest1 WHERE id BETWEEN 5142409 AND 5142418 ORDER BY c
	Unique  (cost=44.17..44.22 rows=10 width=121)
	  ->  Sort  (cost=44.17..44.19 rows=10 width=121)
	        Sort Key: c
	        ->  Index Scan using sbtest1_pkey on sbtest1  (cost=0.43..44.00 rows=10 width=121)
	              Index Cond: ((id >= 5142409) AND (id <= 5142418))

table 2 : explain SELECT DISTINCT c FROM sbtest2 WHERE id BETWEEN 210505 AND 210514 ORDER BY c
	Unique  (cost=40.19..40.24 rows=9 width=121)
	  ->  Sort  (cost=40.19..40.22 rows=9 width=121)
	        Sort Key: c
	        ->  Index Scan using sbtest2_pkey on sbtest2  (cost=0.43..40.05 rows=9 width=121)
	              Index Cond: ((id >= 210505) AND (id <= 210514))

table 3 : explain SELECT DISTINCT c FROM sbtest3 WHERE id BETWEEN 5618952 AND 5618961 ORDER BY c
	Unique  (cost=44.11..44.16 rows=10 width=121)
	  ->  Sort  (cost=44.11..44.14 rows=10 width=121)
	        Sort Key: c
	        ->  Index Scan using sbtest3_pkey on sbtest3  (cost=0.43..43.95 rows=10 width=121)
	              Index Cond: ((id >= 5618952) AND (id <= 5618961))

table 4 : explain SELECT DISTINCT c FROM sbtest4 WHERE id BETWEEN 3625376 AND 3625385 ORDER BY c
	Unique  (cost=44.09..44.14 rows=10 width=121)
	  ->  Sort  (cost=44.09..44.11 rows=10 width=121)
	        Sort Key: c
	        ->  Index Scan using sbtest4_pkey on sbtest4  (cost=0.43..43.92 rows=10 width=121)
	              Index Cond: ((id >= 3625376) AND (id <= 3625385))

table 5 : explain SELECT DISTINCT c FROM sbtest5 WHERE id BETWEEN 1498963 AND 1498972 ORDER BY c
	Unique  (cost=44.08..44.13 rows=10 width=121)
	  ->  Sort  (cost=44.08..44.10 rows=10 width=121)
	        Sort Key: c
	        ->  Index Scan using sbtest5_pkey on sbtest5  (cost=0.43..43.91 rows=10 width=121)
	              Index Cond: ((id >= 1498963) AND (id <= 1498972))

table 6 : explain SELECT DISTINCT c FROM sbtest6 WHERE id BETWEEN 3973803 AND 3973812 ORDER BY c
	Unique  (cost=48.02..48.08 rows=11 width=121)
	  ->  Sort  (cost=48.02..48.05 rows=11 width=121)
	        Sort Key: c
	        ->  Index Scan using sbtest6_pkey on sbtest6  (cost=0.43..47.83 rows=11 width=121)
	              Index Cond: ((id >= 3973803) AND (id <= 3973812))

table 7 : explain SELECT DISTINCT c FROM sbtest7 WHERE id BETWEEN 217414 AND 217423 ORDER BY c
	Unique  (cost=44.01..44.06 rows=10 width=121)
	  ->  Sort  (cost=44.01..44.04 rows=10 width=121)
	        Sort Key: c
	        ->  Index Scan using sbtest7_pkey on sbtest7  (cost=0.43..43.85 rows=10 width=121)
	              Index Cond: ((id >= 217414) AND (id <= 217423))

table 8 : explain SELECT DISTINCT c FROM sbtest8 WHERE id BETWEEN 1138892 AND 1138901 ORDER BY c
	Unique  (cost=48.10..48.15 rows=11 width=121)
	  ->  Sort  (cost=48.10..48.12 rows=11 width=121)
	        Sort Key: c
	        ->  Index Scan using sbtest8_pkey on sbtest8  (cost=0.43..47.91 rows=11 width=121)
	              Index Cond: ((id >= 1138892) AND (id <= 1138901))

for: order_ranges
table 1 : explain SELECT c FROM sbtest1 WHERE id BETWEEN 1126148 AND 1126157 ORDER BY c
	Sort  (cost=40.20..40.22 rows=9 width=121)
	  Sort Key: c
	  ->  Index Scan using sbtest1_pkey on sbtest1  (cost=0.43..40.05 rows=9 width=121)
	        Index Cond: ((id >= 1126148) AND (id <= 1126157))

table 2 : explain SELECT c FROM sbtest2 WHERE id BETWEEN 5445214 AND 5445223 ORDER BY c
	Sort  (cost=40.19..40.22 rows=9 width=121)
	  Sort Key: c
	  ->  Index Scan using sbtest2_pkey on sbtest2  (cost=0.43..40.05 rows=9 width=121)
	        Index Cond: ((id >= 5445214) AND (id <= 5445223))

table 3 : explain SELECT c FROM sbtest3 WHERE id BETWEEN 5818024 AND 5818033 ORDER BY c
	Sort  (cost=44.11..44.14 rows=10 width=121)
	  Sort Key: c
	  ->  Index Scan using sbtest3_pkey on sbtest3  (cost=0.43..43.95 rows=10 width=121)
	        Index Cond: ((id >= 5818024) AND (id <= 5818033))

table 4 : explain SELECT c FROM sbtest4 WHERE id BETWEEN 1299122 AND 1299131 ORDER BY c
	Sort  (cost=44.09..44.11 rows=10 width=121)
	  Sort Key: c
	  ->  Index Scan using sbtest4_pkey on sbtest4  (cost=0.43..43.92 rows=10 width=121)
	        Index Cond: ((id >= 1299122) AND (id <= 1299131))

table 5 : explain SELECT c FROM sbtest5 WHERE id BETWEEN 7550159 AND 7550168 ORDER BY c
	Sort  (cost=44.08..44.10 rows=10 width=121)
	  Sort Key: c
	  ->  Index Scan using sbtest5_pkey on sbtest5  (cost=0.43..43.91 rows=10 width=121)
	        Index Cond: ((id >= 7550159) AND (id <= 7550168))

table 6 : explain SELECT c FROM sbtest6 WHERE id BETWEEN 7254153 AND 7254162 ORDER BY c
	Sort  (cost=48.02..48.05 rows=11 width=121)
	  Sort Key: c
	  ->  Index Scan using sbtest6_pkey on sbtest6  (cost=0.43..47.83 rows=11 width=121)
	        Index Cond: ((id >= 7254153) AND (id <= 7254162))

table 7 : explain SELECT c FROM sbtest7 WHERE id BETWEEN 4213911 AND 4213920 ORDER BY c
	Sort  (cost=44.01..44.04 rows=10 width=121)
	  Sort Key: c
	  ->  Index Scan using sbtest7_pkey on sbtest7  (cost=0.43..43.85 rows=10 width=121)
	        Index Cond: ((id >= 4213911) AND (id <= 4213920))

table 8 : explain SELECT c FROM sbtest8 WHERE id BETWEEN 7086232 AND 7086241 ORDER BY c
	Sort  (cost=40.16..40.18 rows=9 width=121)
	  Sort Key: c
	  ->  Index Scan using sbtest8_pkey on sbtest8  (cost=0.43..40.02 rows=9 width=121)
	        Index Cond: ((id >= 7086232) AND (id <= 7086241))

for: order_ranges
table 1 : explain SELECT c FROM sbtest1 WHERE id BETWEEN 1364641 AND 1364650 ORDER BY c
	Sort  (cost=44.17..44.19 rows=10 width=121)
	  Sort Key: c
	  ->  Index Scan using sbtest1_pkey on sbtest1  (cost=0.43..44.00 rows=10 width=121)
	        Index Cond: ((id >= 1364641) AND (id <= 1364650))

table 2 : explain SELECT c FROM sbtest2 WHERE id BETWEEN 3417946 AND 3417955 ORDER BY c
	Sort  (cost=44.17..44.19 rows=10 width=121)
	  Sort Key: c
	  ->  Index Scan using sbtest2_pkey on sbtest2  (cost=0.43..44.00 rows=10 width=121)
	        Index Cond: ((id >= 3417946) AND (id <= 3417955))

table 3 : explain SELECT c FROM sbtest3 WHERE id BETWEEN 5121032 AND 5121041 ORDER BY c
	Sort  (cost=44.11..44.14 rows=10 width=121)
	  Sort Key: c
	  ->  Index Scan using sbtest3_pkey on sbtest3  (cost=0.43..43.95 rows=10 width=121)
	        Index Cond: ((id >= 5121032) AND (id <= 5121041))

table 4 : explain SELECT c FROM sbtest4 WHERE id BETWEEN 9830939 AND 9830948 ORDER BY c
	Sort  (cost=44.09..44.11 rows=10 width=121)
	  Sort Key: c
	  ->  Index Scan using sbtest4_pkey on sbtest4  (cost=0.43..43.92 rows=10 width=121)
	        Index Cond: ((id >= 9830939) AND (id <= 9830948))

table 5 : explain SELECT c FROM sbtest5 WHERE id BETWEEN 8585442 AND 8585451 ORDER BY c
	Sort  (cost=44.08..44.10 rows=10 width=121)
	  Sort Key: c
	  ->  Index Scan using sbtest5_pkey on sbtest5  (cost=0.43..43.91 rows=10 width=121)
	        Index Cond: ((id >= 8585442) AND (id <= 8585451))

table 6 : explain SELECT c FROM sbtest6 WHERE id BETWEEN 2822622 AND 2822631 ORDER BY c
	Sort  (cost=44.06..44.09 rows=10 width=121)
	  Sort Key: c
	  ->  Index Scan using sbtest6_pkey on sbtest6  (cost=0.43..43.90 rows=10 width=121)
	        Index Cond: ((id >= 2822622) AND (id <= 2822631))

table 7 : explain SELECT c FROM sbtest7 WHERE id BETWEEN 8914922 AND 8914931 ORDER BY c
	Sort  (cost=47.97..48.00 rows=11 width=121)
	  Sort Key: c
	  ->  Index Scan using sbtest7_pkey on sbtest7  (cost=0.43..47.78 rows=11 width=121)
	        Index Cond: ((id >= 8914922) AND (id <= 8914931))

table 8 : explain SELECT c FROM sbtest8 WHERE id BETWEEN 5830926 AND 5830935 ORDER BY c
	Sort  (cost=44.13..44.15 rows=10 width=121)
	  Sort Key: c
	  ->  Index Scan using sbtest8_pkey on sbtest8  (cost=0.43..43.96 rows=10 width=121)
	        Index Cond: ((id >= 5830926) AND (id <= 5830935))

for: order_ranges
table 1 : explain SELECT c FROM sbtest1 WHERE id BETWEEN 7659215 AND 7659224 ORDER BY c
	Sort  (cost=40.20..40.22 rows=9 width=121)
	  Sort Key: c
	  ->  Index Scan using sbtest1_pkey on sbtest1  (cost=0.43..40.05 rows=9 width=121)
	        Index Cond: ((id >= 7659215) AND (id <= 7659224))

table 2 : explain SELECT c FROM sbtest2 WHERE id BETWEEN 7700956 AND 7700965 ORDER BY c
	Sort  (cost=44.17..44.19 rows=10 width=121)
	  Sort Key: c
	  ->  Index Scan using sbtest2_pkey on sbtest2  (cost=0.43..44.00 rows=10 width=121)
	        Index Cond: ((id >= 7700956) AND (id <= 7700965))

table 3 : explain SELECT c FROM sbtest3 WHERE id BETWEEN 1015789 AND 1015798 ORDER BY c
	Sort  (cost=44.11..44.14 rows=10 width=121)
	  Sort Key: c
	  ->  Index Scan using sbtest3_pkey on sbtest3  (cost=0.43..43.95 rows=10 width=121)
	        Index Cond: ((id >= 1015789) AND (id <= 1015798))

table 4 : explain SELECT c FROM sbtest4 WHERE id BETWEEN 1154255 AND 1154264 ORDER BY c
	Sort  (cost=48.05..48.08 rows=11 width=121)
	  Sort Key: c
	  ->  Index Scan using sbtest4_pkey on sbtest4  (cost=0.43..47.86 rows=11 width=121)
	        Index Cond: ((id >= 1154255) AND (id <= 1154264))

table 5 : explain SELECT c FROM sbtest5 WHERE id BETWEEN 2072640 AND 2072649 ORDER BY c
	Sort  (cost=44.08..44.10 rows=10 width=121)
	  Sort Key: c
	  ->  Index Scan using sbtest5_pkey on sbtest5  (cost=0.43..43.91 rows=10 width=121)
	        Index Cond: ((id >= 2072640) AND (id <= 2072649))

table 6 : explain SELECT c FROM sbtest6 WHERE id BETWEEN 3692443 AND 3692452 ORDER BY c
	Sort  (cost=44.06..44.09 rows=10 width=121)
	  Sort Key: c
	  ->  Index Scan using sbtest6_pkey on sbtest6  (cost=0.43..43.90 rows=10 width=121)
	        Index Cond: ((id >= 3692443) AND (id <= 3692452))

table 7 : explain SELECT c FROM sbtest7 WHERE id BETWEEN 5818849 AND 5818858 ORDER BY c
	Sort  (cost=44.01..44.04 rows=10 width=121)
	  Sort Key: c
	  ->  Index Scan using sbtest7_pkey on sbtest7  (cost=0.43..43.85 rows=10 width=121)
	        Index Cond: ((id >= 5818849) AND (id <= 5818858))

table 8 : explain SELECT c FROM sbtest8 WHERE id BETWEEN 5681726 AND 5681735 ORDER BY c
	Sort  (cost=44.13..44.15 rows=10 width=121)
	  Sort Key: c
	  ->  Index Scan using sbtest8_pkey on sbtest8  (cost=0.43..43.96 rows=10 width=121)
	        Index Cond: ((id >= 5681726) AND (id <= 5681735))

for: distinct_ranges
table 1 : explain SELECT DISTINCT c FROM sbtest1 WHERE id BETWEEN 6139795 AND 6139804 ORDER BY c
	Unique  (cost=44.17..44.22 rows=10 width=121)
	  ->  Sort  (cost=44.17..44.19 rows=10 width=121)
	        Sort Key: c
	        ->  Index Scan using sbtest1_pkey on sbtest1  (cost=0.43..44.00 rows=10 width=121)
	              Index Cond: ((id >= 6139795) AND (id <= 6139804))

table 2 : explain SELECT DISTINCT c FROM sbtest2 WHERE id BETWEEN 4807536 AND 4807545 ORDER BY c
	Unique  (cost=40.19..40.24 rows=9 width=121)
	  ->  Sort  (cost=40.19..40.22 rows=9 width=121)
	        Sort Key: c
	        ->  Index Scan using sbtest2_pkey on sbtest2  (cost=0.43..40.05 rows=9 width=121)
	              Index Cond: ((id >= 4807536) AND (id <= 4807545))

table 3 : explain SELECT DISTINCT c FROM sbtest3 WHERE id BETWEEN 2069597 AND 2069606 ORDER BY c
	Unique  (cost=40.15..40.19 rows=9 width=121)
	  ->  Sort  (cost=40.15..40.17 rows=9 width=121)
	        Sort Key: c
	        ->  Index Scan using sbtest3_pkey on sbtest3  (cost=0.43..40.00 rows=9 width=121)
	              Index Cond: ((id >= 2069597) AND (id <= 2069606))

table 4 : explain SELECT DISTINCT c FROM sbtest4 WHERE id BETWEEN 5894957 AND 5894966 ORDER BY c
	Unique  (cost=40.12..40.17 rows=9 width=121)
	  ->  Sort  (cost=40.12..40.14 rows=9 width=121)
	        Sort Key: c
	        ->  Index Scan using sbtest4_pkey on sbtest4  (cost=0.43..39.98 rows=9 width=121)
	              Index Cond: ((id >= 5894957) AND (id <= 5894966))

table 5 : explain SELECT DISTINCT c FROM sbtest5 WHERE id BETWEEN 6193352 AND 6193361 ORDER BY c
	Unique  (cost=40.11..40.16 rows=9 width=121)
	  ->  Sort  (cost=40.11..40.14 rows=9 width=121)
	        Sort Key: c
	        ->  Index Scan using sbtest5_pkey on sbtest5  (cost=0.43..39.97 rows=9 width=121)
	              Index Cond: ((id >= 6193352) AND (id <= 6193361))

table 6 : explain SELECT DISTINCT c FROM sbtest6 WHERE id BETWEEN 5328209 AND 5328218 ORDER BY c
	Unique  (cost=44.06..44.11 rows=10 width=121)
	  ->  Sort  (cost=44.06..44.09 rows=10 width=121)
	        Sort Key: c
	        ->  Index Scan using sbtest6_pkey on sbtest6  (cost=0.43..43.90 rows=10 width=121)
	              Index Cond: ((id >= 5328209) AND (id <= 5328218))

table 7 : explain SELECT DISTINCT c FROM sbtest7 WHERE id BETWEEN 6235882 AND 6235891 ORDER BY c
	Unique  (cost=44.01..44.06 rows=10 width=121)
	  ->  Sort  (cost=44.01..44.04 rows=10 width=121)
	        Sort Key: c
	        ->  Index Scan using sbtest7_pkey on sbtest7  (cost=0.43..43.85 rows=10 width=121)
	              Index Cond: ((id >= 6235882) AND (id <= 6235891))

table 8 : explain SELECT DISTINCT c FROM sbtest8 WHERE id BETWEEN 2237003 AND 2237012 ORDER BY c
	Unique  (cost=44.13..44.18 rows=10 width=121)
	  ->  Sort  (cost=44.13..44.15 rows=10 width=121)
	        Sort Key: c
	        ->  Index Scan using sbtest8_pkey on sbtest8  (cost=0.43..43.96 rows=10 width=121)
	              Index Cond: ((id >= 2237003) AND (id <= 2237012))

for: order_ranges
table 1 : explain SELECT c FROM sbtest1 WHERE id BETWEEN 7518465 AND 7518474 ORDER BY c
	Sort  (cost=44.17..44.19 rows=10 width=121)
	  Sort Key: c
	  ->  Index Scan using sbtest1_pkey on sbtest1  (cost=0.43..44.00 rows=10 width=121)
	        Index Cond: ((id >= 7518465) AND (id <= 7518474))

table 2 : explain SELECT c FROM sbtest2 WHERE id BETWEEN 3929452 AND 3929461 ORDER BY c
	Sort  (cost=44.17..44.19 rows=10 width=121)
	  Sort Key: c
	  ->  Index Scan using sbtest2_pkey on sbtest2  (cost=0.43..44.00 rows=10 width=121)
	        Index Cond: ((id >= 3929452) AND (id <= 3929461))

table 3 : explain SELECT c FROM sbtest3 WHERE id BETWEEN 5991651 AND 5991660 ORDER BY c
	Sort  (cost=44.11..44.14 rows=10 width=121)
	  Sort Key: c
	  ->  Index Scan using sbtest3_pkey on sbtest3  (cost=0.43..43.95 rows=10 width=121)
	        Index Cond: ((id >= 5991651) AND (id <= 5991660))

table 4 : explain SELECT c FROM sbtest4 WHERE id BETWEEN 7215841 AND 7215850 ORDER BY c
	Sort  (cost=44.09..44.11 rows=10 width=121)
	  Sort Key: c
	  ->  Index Scan using sbtest4_pkey on sbtest4  (cost=0.43..43.92 rows=10 width=121)
	        Index Cond: ((id >= 7215841) AND (id <= 7215850))

table 5 : explain SELECT c FROM sbtest5 WHERE id BETWEEN 9762831 AND 9762840 ORDER BY c
	Sort  (cost=48.04..48.07 rows=11 width=121)
	  Sort Key: c
	  ->  Index Scan using sbtest5_pkey on sbtest5  (cost=0.43..47.85 rows=11 width=121)
	        Index Cond: ((id >= 9762831) AND (id <= 9762840))

table 6 : explain SELECT c FROM sbtest6 WHERE id BETWEEN 186453 AND 186462 ORDER BY c
	Sort  (cost=44.06..44.09 rows=10 width=121)
	  Sort Key: c
	  ->  Index Scan using sbtest6_pkey on sbtest6  (cost=0.43..43.90 rows=10 width=121)
	        Index Cond: ((id >= 186453) AND (id <= 186462))

table 7 : explain SELECT c FROM sbtest7 WHERE id BETWEEN 4700607 AND 4700616 ORDER BY c
	Sort  (cost=44.01..44.04 rows=10 width=121)
	  Sort Key: c
	  ->  Index Scan using sbtest7_pkey on sbtest7  (cost=0.43..43.85 rows=10 width=121)
	        Index Cond: ((id >= 4700607) AND (id <= 4700616))

table 8 : explain SELECT c FROM sbtest8 WHERE id BETWEEN 1490927 AND 1490936 ORDER BY c
	Sort  (cost=44.13..44.15 rows=10 width=121)
	  Sort Key: c
	  ->  Index Scan using sbtest8_pkey on sbtest8  (cost=0.43..43.96 rows=10 width=121)
	        Index Cond: ((id >= 1490927) AND (id <= 1490936))

for: order_ranges
table 1 : explain SELECT c FROM sbtest1 WHERE id BETWEEN 6518573 AND 6518582 ORDER BY c
	Sort  (cost=44.17..44.19 rows=10 width=121)
	  Sort Key: c
	  ->  Index Scan using sbtest1_pkey on sbtest1  (cost=0.43..44.00 rows=10 width=121)
	        Index Cond: ((id >= 6518573) AND (id <= 6518582))

table 2 : explain SELECT c FROM sbtest2 WHERE id BETWEEN 6095915 AND 6095924 ORDER BY c
	Sort  (cost=48.14..48.17 rows=11 width=121)
	  Sort Key: c
	  ->  Index Scan using sbtest2_pkey on sbtest2  (cost=0.43..47.95 rows=11 width=121)
	        Index Cond: ((id >= 6095915) AND (id <= 6095924))

table 3 : explain SELECT c FROM sbtest3 WHERE id BETWEEN 1371091 AND 1371100 ORDER BY c
	Sort  (cost=48.08..48.11 rows=11 width=121)
	  Sort Key: c
	  ->  Index Scan using sbtest3_pkey on sbtest3  (cost=0.43..47.89 rows=11 width=121)
	        Index Cond: ((id >= 1371091) AND (id <= 1371100))

table 4 : explain SELECT c FROM sbtest4 WHERE id BETWEEN 4064170 AND 4064179 ORDER BY c
	Sort  (cost=44.09..44.11 rows=10 width=121)
	  Sort Key: c
	  ->  Index Scan using sbtest4_pkey on sbtest4  (cost=0.43..43.92 rows=10 width=121)
	        Index Cond: ((id >= 4064170) AND (id <= 4064179))

table 5 : explain SELECT c FROM sbtest5 WHERE id BETWEEN 3136926 AND 3136935 ORDER BY c
	Sort  (cost=44.08..44.10 rows=10 width=121)
	  Sort Key: c
	  ->  Index Scan using sbtest5_pkey on sbtest5  (cost=0.43..43.91 rows=10 width=121)
	        Index Cond: ((id >= 3136926) AND (id <= 3136935))

table 6 : explain SELECT c FROM sbtest6 WHERE id BETWEEN 5141707 AND 5141716 ORDER BY c
	Sort  (cost=44.06..44.09 rows=10 width=121)
	  Sort Key: c
	  ->  Index Scan using sbtest6_pkey on sbtest6  (cost=0.43..43.90 rows=10 width=121)
	        Index Cond: ((id >= 5141707) AND (id <= 5141716))

table 7 : explain SELECT c FROM sbtest7 WHERE id BETWEEN 9399211 AND 9399220 ORDER BY c
	Sort  (cost=44.01..44.04 rows=10 width=121)
	  Sort Key: c
	  ->  Index Scan using sbtest7_pkey on sbtest7  (cost=0.43..43.85 rows=10 width=121)
	        Index Cond: ((id >= 9399211) AND (id <= 9399220))

table 8 : explain SELECT c FROM sbtest8 WHERE id BETWEEN 8219543 AND 8219552 ORDER BY c
	Sort  (cost=44.13..44.15 rows=10 width=121)
	  Sort Key: c
	  ->  Index Scan using sbtest8_pkey on sbtest8  (cost=0.43..43.96 rows=10 width=121)
	        Index Cond: ((id >= 8219543) AND (id <= 8219552))

for: distinct_ranges
table 1 : explain SELECT DISTINCT c FROM sbtest1 WHERE id BETWEEN 2068286 AND 2068295 ORDER BY c
	Unique  (cost=44.17..44.22 rows=10 width=121)
	  ->  Sort  (cost=44.17..44.19 rows=10 width=121)
	        Sort Key: c
	        ->  Index Scan using sbtest1_pkey on sbtest1  (cost=0.43..44.00 rows=10 width=121)
	              Index Cond: ((id >= 2068286) AND (id <= 2068295))

table 2 : explain SELECT DISTINCT c FROM sbtest2 WHERE id BETWEEN 6511976 AND 6511985 ORDER BY c
	Unique  (cost=44.17..44.22 rows=10 width=121)
	  ->  Sort  (cost=44.17..44.19 rows=10 width=121)
	        Sort Key: c
	        ->  Index Scan using sbtest2_pkey on sbtest2  (cost=0.43..44.00 rows=10 width=121)
	              Index Cond: ((id >= 6511976) AND (id <= 6511985))

table 3 : explain SELECT DISTINCT c FROM sbtest3 WHERE id BETWEEN 7556181 AND 7556190 ORDER BY c
	Unique  (cost=40.15..40.19 rows=9 width=121)
	  ->  Sort  (cost=40.15..40.17 rows=9 width=121)
	        Sort Key: c
	        ->  Index Scan using sbtest3_pkey on sbtest3  (cost=0.43..40.00 rows=9 width=121)
	              Index Cond: ((id >= 7556181) AND (id <= 7556190))

table 4 : explain SELECT DISTINCT c FROM sbtest4 WHERE id BETWEEN 9223150 AND 9223159 ORDER BY c
	Unique  (cost=40.12..40.17 rows=9 width=121)
	  ->  Sort  (cost=40.12..40.14 rows=9 width=121)
	        Sort Key: c
	        ->  Index Scan using sbtest4_pkey on sbtest4  (cost=0.43..39.98 rows=9 width=121)
	              Index Cond: ((id >= 9223150) AND (id <= 9223159))

table 5 : explain SELECT DISTINCT c FROM sbtest5 WHERE id BETWEEN 9895161 AND 9895170 ORDER BY c
	Unique  (cost=44.08..44.13 rows=10 width=121)
	  ->  Sort  (cost=44.08..44.10 rows=10 width=121)
	        Sort Key: c
	        ->  Index Scan using sbtest5_pkey on sbtest5  (cost=0.43..43.91 rows=10 width=121)
	              Index Cond: ((id >= 9895161) AND (id <= 9895170))

table 6 : explain SELECT DISTINCT c FROM sbtest6 WHERE id BETWEEN 2991985 AND 2991994 ORDER BY c
	Unique  (cost=44.06..44.11 rows=10 width=121)
	  ->  Sort  (cost=44.06..44.09 rows=10 width=121)
	        Sort Key: c
	        ->  Index Scan using sbtest6_pkey on sbtest6  (cost=0.43..43.90 rows=10 width=121)
	              Index Cond: ((id >= 2991985) AND (id <= 2991994))

table 7 : explain SELECT DISTINCT c FROM sbtest7 WHERE id BETWEEN 4762616 AND 4762625 ORDER BY c
	Unique  (cost=44.01..44.06 rows=10 width=121)
	  ->  Sort  (cost=44.01..44.04 rows=10 width=121)
	        Sort Key: c
	        ->  Index Scan using sbtest7_pkey on sbtest7  (cost=0.43..43.85 rows=10 width=121)
	              Index Cond: ((id >= 4762616) AND (id <= 4762625))

table 8 : explain SELECT DISTINCT c FROM sbtest8 WHERE id BETWEEN 6982928 AND 6982937 ORDER BY c
	Unique  (cost=44.13..44.18 rows=10 width=121)
	  ->  Sort  (cost=44.13..44.15 rows=10 width=121)
	        Sort Key: c
	        ->  Index Scan using sbtest8_pkey on sbtest8  (cost=0.43..43.96 rows=10 width=121)
	              Index Cond: ((id >= 6982928) AND (id <= 6982937))

for: distinct_ranges
table 1 : explain SELECT DISTINCT c FROM sbtest1 WHERE id BETWEEN 4815515 AND 4815524 ORDER BY c
	Unique  (cost=44.17..44.22 rows=10 width=121)
	  ->  Sort  (cost=44.17..44.19 rows=10 width=121)
	        Sort Key: c
	        ->  Index Scan using sbtest1_pkey on sbtest1  (cost=0.43..44.00 rows=10 width=121)
	              Index Cond: ((id >= 4815515) AND (id <= 4815524))

table 2 : explain SELECT DISTINCT c FROM sbtest2 WHERE id BETWEEN 1895604 AND 1895613 ORDER BY c
	Unique  (cost=44.17..44.22 rows=10 width=121)
	  ->  Sort  (cost=44.17..44.19 rows=10 width=121)
	        Sort Key: c
	        ->  Index Scan using sbtest2_pkey on sbtest2  (cost=0.43..44.00 rows=10 width=121)
	              Index Cond: ((id >= 1895604) AND (id <= 1895613))

table 3 : explain SELECT DISTINCT c FROM sbtest3 WHERE id BETWEEN 1743533 AND 1743542 ORDER BY c
	Unique  (cost=44.11..44.16 rows=10 width=121)
	  ->  Sort  (cost=44.11..44.14 rows=10 width=121)
	        Sort Key: c
	        ->  Index Scan using sbtest3_pkey on sbtest3  (cost=0.43..43.95 rows=10 width=121)
	              Index Cond: ((id >= 1743533) AND (id <= 1743542))

table 4 : explain SELECT DISTINCT c FROM sbtest4 WHERE id BETWEEN 3711688 AND 3711697 ORDER BY c
	Unique  (cost=44.09..44.14 rows=10 width=121)
	  ->  Sort  (cost=44.09..44.11 rows=10 width=121)
	        Sort Key: c
	        ->  Index Scan using sbtest4_pkey on sbtest4  (cost=0.43..43.92 rows=10 width=121)
	              Index Cond: ((id >= 3711688) AND (id <= 3711697))

table 5 : explain SELECT DISTINCT c FROM sbtest5 WHERE id BETWEEN 8547004 AND 8547013 ORDER BY c
	Unique  (cost=44.08..44.13 rows=10 width=121)
	  ->  Sort  (cost=44.08..44.10 rows=10 width=121)
	        Sort Key: c
	        ->  Index Scan using sbtest5_pkey on sbtest5  (cost=0.43..43.91 rows=10 width=121)
	              Index Cond: ((id >= 8547004) AND (id <= 8547013))

table 6 : explain SELECT DISTINCT c FROM sbtest6 WHERE id BETWEEN 9478958 AND 9478967 ORDER BY c
	Unique  (cost=51.99..52.05 rows=12 width=121)
	  ->  Sort  (cost=51.99..52.02 rows=12 width=121)
	        Sort Key: c
	        ->  Index Scan using sbtest6_pkey on sbtest6  (cost=0.43..51.77 rows=12 width=121)
	              Index Cond: ((id >= 9478958) AND (id <= 9478967))

table 7 : explain SELECT DISTINCT c FROM sbtest7 WHERE id BETWEEN 2092227 AND 2092236 ORDER BY c
	Unique  (cost=47.97..48.03 rows=11 width=121)
	  ->  Sort  (cost=47.97..48.00 rows=11 width=121)
	        Sort Key: c
	        ->  Index Scan using sbtest7_pkey on sbtest7  (cost=0.43..47.78 rows=11 width=121)
	              Index Cond: ((id >= 2092227) AND (id <= 2092236))

table 8 : explain SELECT DISTINCT c FROM sbtest8 WHERE id BETWEEN 7996597 AND 7996606 ORDER BY c
	Unique  (cost=44.13..44.18 rows=10 width=121)
	  ->  Sort  (cost=44.13..44.15 rows=10 width=121)
	        Sort Key: c
	        ->  Index Scan using sbtest8_pkey on sbtest8  (cost=0.43..43.96 rows=10 width=121)
	              Index Cond: ((id >= 7996597) AND (id <= 7996606))

for: distinct_ranges
table 1 : explain SELECT DISTINCT c FROM sbtest1 WHERE id BETWEEN 7060145 AND 7060154 ORDER BY c
	Unique  (cost=44.17..44.22 rows=10 width=121)
	  ->  Sort  (cost=44.17..44.19 rows=10 width=121)
	        Sort Key: c
	        ->  Index Scan using sbtest1_pkey on sbtest1  (cost=0.43..44.00 rows=10 width=121)
	              Index Cond: ((id >= 7060145) AND (id <= 7060154))

table 2 : explain SELECT DISTINCT c FROM sbtest2 WHERE id BETWEEN 3223258 AND 3223267 ORDER BY c
	Unique  (cost=44.17..44.22 rows=10 width=121)
	  ->  Sort  (cost=44.17..44.19 rows=10 width=121)
	        Sort Key: c
	        ->  Index Scan using sbtest2_pkey on sbtest2  (cost=0.43..44.00 rows=10 width=121)
	              Index Cond: ((id >= 3223258) AND (id <= 3223267))

table 3 : explain SELECT DISTINCT c FROM sbtest3 WHERE id BETWEEN 9771588 AND 9771597 ORDER BY c
	Unique  (cost=44.11..44.16 rows=10 width=121)
	  ->  Sort  (cost=44.11..44.14 rows=10 width=121)
	        Sort Key: c
	        ->  Index Scan using sbtest3_pkey on sbtest3  (cost=0.43..43.95 rows=10 width=121)
	              Index Cond: ((id >= 9771588) AND (id <= 9771597))

table 4 : explain SELECT DISTINCT c FROM sbtest4 WHERE id BETWEEN 433034 AND 433043 ORDER BY c
	Unique  (cost=44.09..44.14 rows=10 width=121)
	  ->  Sort  (cost=44.09..44.11 rows=10 width=121)
	        Sort Key: c
	        ->  Index Scan using sbtest4_pkey on sbtest4  (cost=0.43..43.92 rows=10 width=121)
	              Index Cond: ((id >= 433034) AND (id <= 433043))

table 5 : explain SELECT DISTINCT c FROM sbtest5 WHERE id BETWEEN 3905330 AND 3905339 ORDER BY c
	Unique  (cost=44.08..44.13 rows=10 width=121)
	  ->  Sort  (cost=44.08..44.10 rows=10 width=121)
	        Sort Key: c
	        ->  Index Scan using sbtest5_pkey on sbtest5  (cost=0.43..43.91 rows=10 width=121)
	              Index Cond: ((id >= 3905330) AND (id <= 3905339))

table 6 : explain SELECT DISTINCT c FROM sbtest6 WHERE id BETWEEN 3377521 AND 3377530 ORDER BY c
	Unique  (cost=51.99..52.05 rows=12 width=121)
	  ->  Sort  (cost=51.99..52.02 rows=12 width=121)
	        Sort Key: c
	        ->  Index Scan using sbtest6_pkey on sbtest6  (cost=0.43..51.77 rows=12 width=121)
	              Index Cond: ((id >= 3377521) AND (id <= 3377530))

table 7 : explain SELECT DISTINCT c FROM sbtest7 WHERE id BETWEEN 7050486 AND 7050495 ORDER BY c
	Unique  (cost=47.97..48.03 rows=11 width=121)
	  ->  Sort  (cost=47.97..48.00 rows=11 width=121)
	        Sort Key: c
	        ->  Index Scan using sbtest7_pkey on sbtest7  (cost=0.43..47.78 rows=11 width=121)
	              Index Cond: ((id >= 7050486) AND (id <= 7050495))

table 8 : explain SELECT DISTINCT c FROM sbtest8 WHERE id BETWEEN 6565730 AND 6565739 ORDER BY c
	Unique  (cost=44.13..44.18 rows=10 width=121)
	  ->  Sort  (cost=44.13..44.15 rows=10 width=121)
	        Sort Key: c
	        ->  Index Scan using sbtest8_pkey on sbtest8  (cost=0.43..43.96 rows=10 width=121)
	              Index Cond: ((id >= 6565730) AND (id <= 6565739))

for: distinct_ranges
table 1 : explain SELECT DISTINCT c FROM sbtest1 WHERE id BETWEEN 9177189 AND 9177198 ORDER BY c
	Unique  (cost=44.17..44.22 rows=10 width=121)
	  ->  Sort  (cost=44.17..44.19 rows=10 width=121)
	        Sort Key: c
	        ->  Index Scan using sbtest1_pkey on sbtest1  (cost=0.43..44.00 rows=10 width=121)
	              Index Cond: ((id >= 9177189) AND (id <= 9177198))

table 2 : explain SELECT DISTINCT c FROM sbtest2 WHERE id BETWEEN 2543475 AND 2543484 ORDER BY c
	Unique  (cost=44.17..44.22 rows=10 width=121)
	  ->  Sort  (cost=44.17..44.19 rows=10 width=121)
	        Sort Key: c
	        ->  Index Scan using sbtest2_pkey on sbtest2  (cost=0.43..44.00 rows=10 width=121)
	              Index Cond: ((id >= 2543475) AND (id <= 2543484))

table 3 : explain SELECT DISTINCT c FROM sbtest3 WHERE id BETWEEN 8445919 AND 8445928 ORDER BY c
	Unique  (cost=44.11..44.16 rows=10 width=121)
	  ->  Sort  (cost=44.11..44.14 rows=10 width=121)
	        Sort Key: c
	        ->  Index Scan using sbtest3_pkey on sbtest3  (cost=0.43..43.95 rows=10 width=121)
	              Index Cond: ((id >= 8445919) AND (id <= 8445928))

table 4 : explain SELECT DISTINCT c FROM sbtest4 WHERE id BETWEEN 516089 AND 516098 ORDER BY c
	Unique  (cost=44.09..44.14 rows=10 width=121)
	  ->  Sort  (cost=44.09..44.11 rows=10 width=121)
	        Sort Key: c
	        ->  Index Scan using sbtest4_pkey on sbtest4  (cost=0.43..43.92 rows=10 width=121)
	              Index Cond: ((id >= 516089) AND (id <= 516098))

table 5 : explain SELECT DISTINCT c FROM sbtest5 WHERE id BETWEEN 1000654 AND 1000663 ORDER BY c
	Unique  (cost=40.11..40.16 rows=9 width=121)
	  ->  Sort  (cost=40.11..40.14 rows=9 width=121)
	        Sort Key: c
	        ->  Index Scan using sbtest5_pkey on sbtest5  (cost=0.43..39.97 rows=9 width=121)
	              Index Cond: ((id >= 1000654) AND (id <= 1000663))

table 6 : explain SELECT DISTINCT c FROM sbtest6 WHERE id BETWEEN 7146552 AND 7146561 ORDER BY c
	Unique  (cost=44.06..44.11 rows=10 width=121)
	  ->  Sort  (cost=44.06..44.09 rows=10 width=121)
	        Sort Key: c
	        ->  Index Scan using sbtest6_pkey on sbtest6  (cost=0.43..43.90 rows=10 width=121)
	              Index Cond: ((id >= 7146552) AND (id <= 7146561))

table 7 : explain SELECT DISTINCT c FROM sbtest7 WHERE id BETWEEN 9774815 AND 9774824 ORDER BY c
	Unique  (cost=47.97..48.03 rows=11 width=121)
	  ->  Sort  (cost=47.97..48.00 rows=11 width=121)
	        Sort Key: c
	        ->  Index Scan using sbtest7_pkey on sbtest7  (cost=0.43..47.78 rows=11 width=121)
	              Index Cond: ((id >= 9774815) AND (id <= 9774824))

table 8 : explain SELECT DISTINCT c FROM sbtest8 WHERE id BETWEEN 7312685 AND 7312694 ORDER BY c
	Unique  (cost=48.10..48.15 rows=11 width=121)
	  ->  Sort  (cost=48.10..48.12 rows=11 width=121)
	        Sort Key: c
	        ->  Index Scan using sbtest8_pkey on sbtest8  (cost=0.43..47.91 rows=11 width=121)
	              Index Cond: ((id >= 7312685) AND (id <= 7312694))

for: distinct_ranges
table 1 : explain SELECT DISTINCT c FROM sbtest1 WHERE id BETWEEN 5936884 AND 5936893 ORDER BY c
	Unique  (cost=40.20..40.24 rows=9 width=121)
	  ->  Sort  (cost=40.20..40.22 rows=9 width=121)
	        Sort Key: c
	        ->  Index Scan using sbtest1_pkey on sbtest1  (cost=0.43..40.05 rows=9 width=121)
	              Index Cond: ((id >= 5936884) AND (id <= 5936893))

table 2 : explain SELECT DISTINCT c FROM sbtest2 WHERE id BETWEEN 8028869 AND 8028878 ORDER BY c
	Unique  (cost=44.17..44.22 rows=10 width=121)
	  ->  Sort  (cost=44.17..44.19 rows=10 width=121)
	        Sort Key: c
	        ->  Index Scan using sbtest2_pkey on sbtest2  (cost=0.43..44.00 rows=10 width=121)
	              Index Cond: ((id >= 8028869) AND (id <= 8028878))

table 3 : explain SELECT DISTINCT c FROM sbtest3 WHERE id BETWEEN 8829480 AND 8829489 ORDER BY c
	Unique  (cost=44.11..44.16 rows=10 width=121)
	  ->  Sort  (cost=44.11..44.14 rows=10 width=121)
	        Sort Key: c
	        ->  Index Scan using sbtest3_pkey on sbtest3  (cost=0.43..43.95 rows=10 width=121)
	              Index Cond: ((id >= 8829480) AND (id <= 8829489))

table 4 : explain SELECT DISTINCT c FROM sbtest4 WHERE id BETWEEN 9228446 AND 9228455 ORDER BY c
	Unique  (cost=40.12..40.17 rows=9 width=121)
	  ->  Sort  (cost=40.12..40.14 rows=9 width=121)
	        Sort Key: c
	        ->  Index Scan using sbtest4_pkey on sbtest4  (cost=0.43..39.98 rows=9 width=121)
	              Index Cond: ((id >= 9228446) AND (id <= 9228455))

table 5 : explain SELECT DISTINCT c FROM sbtest5 WHERE id BETWEEN 4886850 AND 4886859 ORDER BY c
	Unique  (cost=40.11..40.16 rows=9 width=121)
	  ->  Sort  (cost=40.11..40.14 rows=9 width=121)
	        Sort Key: c
	        ->  Index Scan using sbtest5_pkey on sbtest5  (cost=0.43..39.97 rows=9 width=121)
	              Index Cond: ((id >= 4886850) AND (id <= 4886859))

table 6 : explain SELECT DISTINCT c FROM sbtest6 WHERE id BETWEEN 6410328 AND 6410337 ORDER BY c
	Unique  (cost=44.06..44.11 rows=10 width=121)
	  ->  Sort  (cost=44.06..44.09 rows=10 width=121)
	        Sort Key: c
	        ->  Index Scan using sbtest6_pkey on sbtest6  (cost=0.43..43.90 rows=10 width=121)
	              Index Cond: ((id >= 6410328) AND (id <= 6410337))

table 7 : explain SELECT DISTINCT c FROM sbtest7 WHERE id BETWEEN 4788180 AND 4788189 ORDER BY c
	Unique  (cost=44.01..44.06 rows=10 width=121)
	  ->  Sort  (cost=44.01..44.04 rows=10 width=121)
	        Sort Key: c
	        ->  Index Scan using sbtest7_pkey on sbtest7  (cost=0.43..43.85 rows=10 width=121)
	              Index Cond: ((id >= 4788180) AND (id <= 4788189))

table 8 : explain SELECT DISTINCT c FROM sbtest8 WHERE id BETWEEN 432504 AND 432513 ORDER BY c
	Unique  (cost=40.16..40.20 rows=9 width=121)
	  ->  Sort  (cost=40.16..40.18 rows=9 width=121)
	        Sort Key: c
	        ->  Index Scan using sbtest8_pkey on sbtest8  (cost=0.43..40.02 rows=9 width=121)
	              Index Cond: ((id >= 432504) AND (id <= 432513))

for: distinct_ranges
table 1 : explain SELECT DISTINCT c FROM sbtest1 WHERE id BETWEEN 9118155 AND 9118164 ORDER BY c
	Unique  (cost=44.17..44.22 rows=10 width=121)
	  ->  Sort  (cost=44.17..44.19 rows=10 width=121)
	        Sort Key: c
	        ->  Index Scan using sbtest1_pkey on sbtest1  (cost=0.43..44.00 rows=10 width=121)
	              Index Cond: ((id >= 9118155) AND (id <= 9118164))

table 2 : explain SELECT DISTINCT c FROM sbtest2 WHERE id BETWEEN 9485536 AND 9485545 ORDER BY c
	Unique  (cost=44.17..44.22 rows=10 width=121)
	  ->  Sort  (cost=44.17..44.19 rows=10 width=121)
	        Sort Key: c
	        ->  Index Scan using sbtest2_pkey on sbtest2  (cost=0.43..44.00 rows=10 width=121)
	              Index Cond: ((id >= 9485536) AND (id <= 9485545))

table 3 : explain SELECT DISTINCT c FROM sbtest3 WHERE id BETWEEN 3666392 AND 3666401 ORDER BY c
	Unique  (cost=44.11..44.16 rows=10 width=121)
	  ->  Sort  (cost=44.11..44.14 rows=10 width=121)
	        Sort Key: c
	        ->  Index Scan using sbtest3_pkey on sbtest3  (cost=0.43..43.95 rows=10 width=121)
	              Index Cond: ((id >= 3666392) AND (id <= 3666401))

table 4 : explain SELECT DISTINCT c FROM sbtest4 WHERE id BETWEEN 1201557 AND 1201566 ORDER BY c
	Unique  (cost=48.05..48.10 rows=11 width=121)
	  ->  Sort  (cost=48.05..48.08 rows=11 width=121)
	        Sort Key: c
	        ->  Index Scan using sbtest4_pkey on sbtest4  (cost=0.43..47.86 rows=11 width=121)
	              Index Cond: ((id >= 1201557) AND (id <= 1201566))

table 5 : explain SELECT DISTINCT c FROM sbtest5 WHERE id BETWEEN 4296741 AND 4296750 ORDER BY c
	Unique  (cost=44.08..44.13 rows=10 width=121)
	  ->  Sort  (cost=44.08..44.10 rows=10 width=121)
	        Sort Key: c
	        ->  Index Scan using sbtest5_pkey on sbtest5  (cost=0.43..43.91 rows=10 width=121)
	              Index Cond: ((id >= 4296741) AND (id <= 4296750))

table 6 : explain SELECT DISTINCT c FROM sbtest6 WHERE id BETWEEN 4891462 AND 4891471 ORDER BY c
	Unique  (cost=40.10..40.15 rows=9 width=121)
	  ->  Sort  (cost=40.10..40.12 rows=9 width=121)
	        Sort Key: c
	        ->  Index Scan using sbtest6_pkey on sbtest6  (cost=0.43..39.96 rows=9 width=121)
	              Index Cond: ((id >= 4891462) AND (id <= 4891471))

table 7 : explain SELECT DISTINCT c FROM sbtest7 WHERE id BETWEEN 5550332 AND 5550341 ORDER BY c
	Unique  (cost=44.01..44.06 rows=10 width=121)
	  ->  Sort  (cost=44.01..44.04 rows=10 width=121)
	        Sort Key: c
	        ->  Index Scan using sbtest7_pkey on sbtest7  (cost=0.43..43.85 rows=10 width=121)
	              Index Cond: ((id >= 5550332) AND (id <= 5550341))

table 8 : explain SELECT DISTINCT c FROM sbtest8 WHERE id BETWEEN 7599180 AND 7599189 ORDER BY c
	Unique  (cost=44.13..44.18 rows=10 width=121)
	  ->  Sort  (cost=44.13..44.15 rows=10 width=121)
	        Sort Key: c
	        ->  Index Scan using sbtest8_pkey on sbtest8  (cost=0.43..43.96 rows=10 width=121)
	              Index Cond: ((id >= 7599180) AND (id <= 7599189))

for: distinct_ranges
table 1 : explain SELECT DISTINCT c FROM sbtest1 WHERE id BETWEEN 5548219 AND 5548228 ORDER BY c
	Unique  (cost=44.17..44.22 rows=10 width=121)
	  ->  Sort  (cost=44.17..44.19 rows=10 width=121)
	        Sort Key: c
	        ->  Index Scan using sbtest1_pkey on sbtest1  (cost=0.43..44.00 rows=10 width=121)
	              Index Cond: ((id >= 5548219) AND (id <= 5548228))

table 2 : explain SELECT DISTINCT c FROM sbtest2 WHERE id BETWEEN 9641069 AND 9641078 ORDER BY c
	Unique  (cost=40.19..40.24 rows=9 width=121)
	  ->  Sort  (cost=40.19..40.22 rows=9 width=121)
	        Sort Key: c
	        ->  Index Scan using sbtest2_pkey on sbtest2  (cost=0.43..40.05 rows=9 width=121)
	              Index Cond: ((id >= 9641069) AND (id <= 9641078))

table 3 : explain SELECT DISTINCT c FROM sbtest3 WHERE id BETWEEN 7071165 AND 7071174 ORDER BY c
	Unique  (cost=44.11..44.16 rows=10 width=121)
	  ->  Sort  (cost=44.11..44.14 rows=10 width=121)
	        Sort Key: c
	        ->  Index Scan using sbtest3_pkey on sbtest3  (cost=0.43..43.95 rows=10 width=121)
	              Index Cond: ((id >= 7071165) AND (id <= 7071174))

table 4 : explain SELECT DISTINCT c FROM sbtest4 WHERE id BETWEEN 8333040 AND 8333049 ORDER BY c
	Unique  (cost=44.09..44.14 rows=10 width=121)
	  ->  Sort  (cost=44.09..44.11 rows=10 width=121)
	        Sort Key: c
	        ->  Index Scan using sbtest4_pkey on sbtest4  (cost=0.43..43.92 rows=10 width=121)
	              Index Cond: ((id >= 8333040) AND (id <= 8333049))

table 5 : explain SELECT DISTINCT c FROM sbtest5 WHERE id BETWEEN 6243812 AND 6243821 ORDER BY c
	Unique  (cost=40.11..40.16 rows=9 width=121)
	  ->  Sort  (cost=40.11..40.14 rows=9 width=121)
	        Sort Key: c
	        ->  Index Scan using sbtest5_pkey on sbtest5  (cost=0.43..39.97 rows=9 width=121)
	              Index Cond: ((id >= 6243812) AND (id <= 6243821))

table 6 : explain SELECT DISTINCT c FROM sbtest6 WHERE id BETWEEN 3498554 AND 3498563 ORDER BY c
	Unique  (cost=44.06..44.11 rows=10 width=121)
	  ->  Sort  (cost=44.06..44.09 rows=10 width=121)
	        Sort Key: c
	        ->  Index Scan using sbtest6_pkey on sbtest6  (cost=0.43..43.90 rows=10 width=121)
	              Index Cond: ((id >= 3498554) AND (id <= 3498563))

table 7 : explain SELECT DISTINCT c FROM sbtest7 WHERE id BETWEEN 8308172 AND 8308181 ORDER BY c
	Unique  (cost=44.01..44.06 rows=10 width=121)
	  ->  Sort  (cost=44.01..44.04 rows=10 width=121)
	        Sort Key: c
	        ->  Index Scan using sbtest7_pkey on sbtest7  (cost=0.43..43.85 rows=10 width=121)
	              Index Cond: ((id >= 8308172) AND (id <= 8308181))

table 8 : explain SELECT DISTINCT c FROM sbtest8 WHERE id BETWEEN 9145406 AND 9145415 ORDER BY c
	Unique  (cost=44.13..44.18 rows=10 width=121)
	  ->  Sort  (cost=44.13..44.15 rows=10 width=121)
	        Sort Key: c
	        ->  Index Scan using sbtest8_pkey on sbtest8  (cost=0.43..43.96 rows=10 width=121)
	              Index Cond: ((id >= 9145406) AND (id <= 9145415))

for: order_ranges
table 1 : explain SELECT c FROM sbtest1 WHERE id BETWEEN 5161147 AND 5161156 ORDER BY c
	Sort  (cost=44.17..44.19 rows=10 width=121)
	  Sort Key: c
	  ->  Index Scan using sbtest1_pkey on sbtest1  (cost=0.43..44.00 rows=10 width=121)
	        Index Cond: ((id >= 5161147) AND (id <= 5161156))

table 2 : explain SELECT c FROM sbtest2 WHERE id BETWEEN 1245387 AND 1245396 ORDER BY c
	Sort  (cost=44.17..44.19 rows=10 width=121)
	  Sort Key: c
	  ->  Index Scan using sbtest2_pkey on sbtest2  (cost=0.43..44.00 rows=10 width=121)
	        Index Cond: ((id >= 1245387) AND (id <= 1245396))

table 3 : explain SELECT c FROM sbtest3 WHERE id BETWEEN 7703177 AND 7703186 ORDER BY c
	Sort  (cost=40.15..40.17 rows=9 width=121)
	  Sort Key: c
	  ->  Index Scan using sbtest3_pkey on sbtest3  (cost=0.43..40.00 rows=9 width=121)
	        Index Cond: ((id >= 7703177) AND (id <= 7703186))

table 4 : explain SELECT c FROM sbtest4 WHERE id BETWEEN 4792566 AND 4792575 ORDER BY c
	Sort  (cost=44.09..44.11 rows=10 width=121)
	  Sort Key: c
	  ->  Index Scan using sbtest4_pkey on sbtest4  (cost=0.43..43.92 rows=10 width=121)
	        Index Cond: ((id >= 4792566) AND (id <= 4792575))

table 5 : explain SELECT c FROM sbtest5 WHERE id BETWEEN 9729999 AND 9730008 ORDER BY c
	Sort  (cost=48.04..48.07 rows=11 width=121)
	  Sort Key: c
	  ->  Index Scan using sbtest5_pkey on sbtest5  (cost=0.43..47.85 rows=11 width=121)
	        Index Cond: ((id >= 9729999) AND (id <= 9730008))

table 6 : explain SELECT c FROM sbtest6 WHERE id BETWEEN 3435699 AND 3435708 ORDER BY c
	Sort  (cost=44.06..44.09 rows=10 width=121)
	  Sort Key: c
	  ->  Index Scan using sbtest6_pkey on sbtest6  (cost=0.43..43.90 rows=10 width=121)
	        Index Cond: ((id >= 3435699) AND (id <= 3435708))

table 7 : explain SELECT c FROM sbtest7 WHERE id BETWEEN 7504460 AND 7504469 ORDER BY c
	Sort  (cost=44.01..44.04 rows=10 width=121)
	  Sort Key: c
	  ->  Index Scan using sbtest7_pkey on sbtest7  (cost=0.43..43.85 rows=10 width=121)
	        Index Cond: ((id >= 7504460) AND (id <= 7504469))

table 8 : explain SELECT c FROM sbtest8 WHERE id BETWEEN 7442395 AND 7442404 ORDER BY c
	Sort  (cost=44.13..44.15 rows=10 width=121)
	  Sort Key: c
	  ->  Index Scan using sbtest8_pkey on sbtest8  (cost=0.43..43.96 rows=10 width=121)
	        Index Cond: ((id >= 7442395) AND (id <= 7442404))

for: distinct_ranges
table 1 : explain SELECT DISTINCT c FROM sbtest1 WHERE id BETWEEN 4685825 AND 4685834 ORDER BY c
	Unique  (cost=44.17..44.22 rows=10 width=121)
	  ->  Sort  (cost=44.17..44.19 rows=10 width=121)
	        Sort Key: c
	        ->  Index Scan using sbtest1_pkey on sbtest1  (cost=0.43..44.00 rows=10 width=121)
	              Index Cond: ((id >= 4685825) AND (id <= 4685834))

table 2 : explain SELECT DISTINCT c FROM sbtest2 WHERE id BETWEEN 7931848 AND 7931857 ORDER BY c
	Unique  (cost=44.17..44.22 rows=10 width=121)
	  ->  Sort  (cost=44.17..44.19 rows=10 width=121)
	        Sort Key: c
	        ->  Index Scan using sbtest2_pkey on sbtest2  (cost=0.43..44.00 rows=10 width=121)
	              Index Cond: ((id >= 7931848) AND (id <= 7931857))

table 3 : explain SELECT DISTINCT c FROM sbtest3 WHERE id BETWEEN 6634022 AND 6634031 ORDER BY c
	Unique  (cost=40.15..40.19 rows=9 width=121)
	  ->  Sort  (cost=40.15..40.17 rows=9 width=121)
	        Sort Key: c
	        ->  Index Scan using sbtest3_pkey on sbtest3  (cost=0.43..40.00 rows=9 width=121)
	              Index Cond: ((id >= 6634022) AND (id <= 6634031))

table 4 : explain SELECT DISTINCT c FROM sbtest4 WHERE id BETWEEN 4941032 AND 4941041 ORDER BY c
	Unique  (cost=44.09..44.14 rows=10 width=121)
	  ->  Sort  (cost=44.09..44.11 rows=10 width=121)
	        Sort Key: c
	        ->  Index Scan using sbtest4_pkey on sbtest4  (cost=0.43..43.92 rows=10 width=121)
	              Index Cond: ((id >= 4941032) AND (id <= 4941041))

table 5 : explain SELECT DISTINCT c FROM sbtest5 WHERE id BETWEEN 9940100 AND 9940109 ORDER BY c
	Unique  (cost=48.04..48.09 rows=11 width=121)
	  ->  Sort  (cost=48.04..48.07 rows=11 width=121)
	        Sort Key: c
	        ->  Index Scan using sbtest5_pkey on sbtest5  (cost=0.43..47.85 rows=11 width=121)
	              Index Cond: ((id >= 9940100) AND (id <= 9940109))

table 6 : explain SELECT DISTINCT c FROM sbtest6 WHERE id BETWEEN 1114769 AND 1114778 ORDER BY c
	Unique  (cost=44.06..44.11 rows=10 width=121)
	  ->  Sort  (cost=44.06..44.09 rows=10 width=121)
	        Sort Key: c
	        ->  Index Scan using sbtest6_pkey on sbtest6  (cost=0.43..43.90 rows=10 width=121)
	              Index Cond: ((id >= 1114769) AND (id <= 1114778))

table 7 : explain SELECT DISTINCT c FROM sbtest7 WHERE id BETWEEN 7459435 AND 7459444 ORDER BY c
	Unique  (cost=51.93..51.99 rows=12 width=121)
	  ->  Sort  (cost=51.93..51.96 rows=12 width=121)
	        Sort Key: c
	        ->  Index Scan using sbtest7_pkey on sbtest7  (cost=0.43..51.71 rows=12 width=121)
	              Index Cond: ((id >= 7459435) AND (id <= 7459444))

table 8 : explain SELECT DISTINCT c FROM sbtest8 WHERE id BETWEEN 847753 AND 847762 ORDER BY c
	Unique  (cost=44.13..44.18 rows=10 width=121)
	  ->  Sort  (cost=44.13..44.15 rows=10 width=121)
	        Sort Key: c
	        ->  Index Scan using sbtest8_pkey on sbtest8  (cost=0.43..43.96 rows=10 width=121)
	              Index Cond: ((id >= 847753) AND (id <= 847762))

for: distinct_ranges
table 1 : explain SELECT DISTINCT c FROM sbtest1 WHERE id BETWEEN 8610236 AND 8610245 ORDER BY c
	Unique  (cost=44.17..44.22 rows=10 width=121)
	  ->  Sort  (cost=44.17..44.19 rows=10 width=121)
	        Sort Key: c
	        ->  Index Scan using sbtest1_pkey on sbtest1  (cost=0.43..44.00 rows=10 width=121)
	              Index Cond: ((id >= 8610236) AND (id <= 8610245))

table 2 : explain SELECT DISTINCT c FROM sbtest2 WHERE id BETWEEN 3343496 AND 3343505 ORDER BY c
	Unique  (cost=44.17..44.22 rows=10 width=121)
	  ->  Sort  (cost=44.17..44.19 rows=10 width=121)
	        Sort Key: c
	        ->  Index Scan using sbtest2_pkey on sbtest2  (cost=0.43..44.00 rows=10 width=121)
	              Index Cond: ((id >= 3343496) AND (id <= 3343505))

table 3 : explain SELECT DISTINCT c FROM sbtest3 WHERE id BETWEEN 9912176 AND 9912185 ORDER BY c
	Unique  (cost=44.11..44.16 rows=10 width=121)
	  ->  Sort  (cost=44.11..44.14 rows=10 width=121)
	        Sort Key: c
	        ->  Index Scan using sbtest3_pkey on sbtest3  (cost=0.43..43.95 rows=10 width=121)
	              Index Cond: ((id >= 9912176) AND (id <= 9912185))

table 4 : explain SELECT DISTINCT c FROM sbtest4 WHERE id BETWEEN 5741252 AND 5741261 ORDER BY c
	Unique  (cost=44.09..44.14 rows=10 width=121)
	  ->  Sort  (cost=44.09..44.11 rows=10 width=121)
	        Sort Key: c
	        ->  Index Scan using sbtest4_pkey on sbtest4  (cost=0.43..43.92 rows=10 width=121)
	              Index Cond: ((id >= 5741252) AND (id <= 5741261))

table 5 : explain SELECT DISTINCT c FROM sbtest5 WHERE id BETWEEN 4022862 AND 4022871 ORDER BY c
	Unique  (cost=44.08..44.13 rows=10 width=121)
	  ->  Sort  (cost=44.08..44.10 rows=10 width=121)
	        Sort Key: c
	        ->  Index Scan using sbtest5_pkey on sbtest5  (cost=0.43..43.91 rows=10 width=121)
	              Index Cond: ((id >= 4022862) AND (id <= 4022871))

table 6 : explain SELECT DISTINCT c FROM sbtest6 WHERE id BETWEEN 9987634 AND 9987643 ORDER BY c
	Unique  (cost=44.06..44.11 rows=10 width=121)
	  ->  Sort  (cost=44.06..44.09 rows=10 width=121)
	        Sort Key: c
	        ->  Index Scan using sbtest6_pkey on sbtest6  (cost=0.43..43.90 rows=10 width=121)
	              Index Cond: ((id >= 9987634) AND (id <= 9987643))

table 7 : explain SELECT DISTINCT c FROM sbtest7 WHERE id BETWEEN 584749 AND 584758 ORDER BY c
	Unique  (cost=47.97..48.03 rows=11 width=121)
	  ->  Sort  (cost=47.97..48.00 rows=11 width=121)
	        Sort Key: c
	        ->  Index Scan using sbtest7_pkey on sbtest7  (cost=0.43..47.78 rows=11 width=121)
	              Index Cond: ((id >= 584749) AND (id <= 584758))

table 8 : explain SELECT DISTINCT c FROM sbtest8 WHERE id BETWEEN 8361338 AND 8361347 ORDER BY c
	Unique  (cost=44.13..44.18 rows=10 width=121)
	  ->  Sort  (cost=44.13..44.15 rows=10 width=121)
	        Sort Key: c
	        ->  Index Scan using sbtest8_pkey on sbtest8  (cost=0.43..43.96 rows=10 width=121)
	              Index Cond: ((id >= 8361338) AND (id <= 8361347))

for: distinct_ranges
table 1 : explain SELECT DISTINCT c FROM sbtest1 WHERE id BETWEEN 2759219 AND 2759228 ORDER BY c
	Unique  (cost=44.17..44.22 rows=10 width=121)
	  ->  Sort  (cost=44.17..44.19 rows=10 width=121)
	        Sort Key: c
	        ->  Index Scan using sbtest1_pkey on sbtest1  (cost=0.43..44.00 rows=10 width=121)
	              Index Cond: ((id >= 2759219) AND (id <= 2759228))

table 2 : explain SELECT DISTINCT c FROM sbtest2 WHERE id BETWEEN 197926 AND 197935 ORDER BY c
	Unique  (cost=44.17..44.22 rows=10 width=121)
	  ->  Sort  (cost=44.17..44.19 rows=10 width=121)
	        Sort Key: c
	        ->  Index Scan using sbtest2_pkey on sbtest2  (cost=0.43..44.00 rows=10 width=121)
	              Index Cond: ((id >= 197926) AND (id <= 197935))

table 3 : explain SELECT DISTINCT c FROM sbtest3 WHERE id BETWEEN 1557151 AND 1557160 ORDER BY c
	Unique  (cost=48.08..48.14 rows=11 width=121)
	  ->  Sort  (cost=48.08..48.11 rows=11 width=121)
	        Sort Key: c
	        ->  Index Scan using sbtest3_pkey on sbtest3  (cost=0.43..47.89 rows=11 width=121)
	              Index Cond: ((id >= 1557151) AND (id <= 1557160))

table 4 : explain SELECT DISTINCT c FROM sbtest4 WHERE id BETWEEN 3347863 AND 3347872 ORDER BY c
	Unique  (cost=44.09..44.14 rows=10 width=121)
	  ->  Sort  (cost=44.09..44.11 rows=10 width=121)
	        Sort Key: c
	        ->  Index Scan using sbtest4_pkey on sbtest4  (cost=0.43..43.92 rows=10 width=121)
	              Index Cond: ((id >= 3347863) AND (id <= 3347872))

table 5 : explain SELECT DISTINCT c FROM sbtest5 WHERE id BETWEEN 3360774 AND 3360783 ORDER BY c
	Unique  (cost=44.08..44.13 rows=10 width=121)
	  ->  Sort  (cost=44.08..44.10 rows=10 width=121)
	        Sort Key: c
	        ->  Index Scan using sbtest5_pkey on sbtest5  (cost=0.43..43.91 rows=10 width=121)
	              Index Cond: ((id >= 3360774) AND (id <= 3360783))

table 6 : explain SELECT DISTINCT c FROM sbtest6 WHERE id BETWEEN 8870703 AND 8870712 ORDER BY c
	Unique  (cost=44.06..44.11 rows=10 width=121)
	  ->  Sort  (cost=44.06..44.09 rows=10 width=121)
	        Sort Key: c
	        ->  Index Scan using sbtest6_pkey on sbtest6  (cost=0.43..43.90 rows=10 width=121)
	              Index Cond: ((id >= 8870703) AND (id <= 8870712))

table 7 : explain SELECT DISTINCT c FROM sbtest7 WHERE id BETWEEN 3094702 AND 3094711 ORDER BY c
	Unique  (cost=44.01..44.06 rows=10 width=121)
	  ->  Sort  (cost=44.01..44.04 rows=10 width=121)
	        Sort Key: c
	        ->  Index Scan using sbtest7_pkey on sbtest7  (cost=0.43..43.85 rows=10 width=121)
	              Index Cond: ((id >= 3094702) AND (id <= 3094711))

table 8 : explain SELECT DISTINCT c FROM sbtest8 WHERE id BETWEEN 5184979 AND 5184988 ORDER BY c
	Unique  (cost=44.13..44.18 rows=10 width=121)
	  ->  Sort  (cost=44.13..44.15 rows=10 width=121)
	        Sort Key: c
	        ->  Index Scan using sbtest8_pkey on sbtest8  (cost=0.43..43.96 rows=10 width=121)
	              Index Cond: ((id >= 5184979) AND (id <= 5184988))

for: distinct_ranges
table 1 : explain SELECT DISTINCT c FROM sbtest1 WHERE id BETWEEN 2585445 AND 2585454 ORDER BY c
	Unique  (cost=44.17..44.22 rows=10 width=121)
	  ->  Sort  (cost=44.17..44.19 rows=10 width=121)
	        Sort Key: c
	        ->  Index Scan using sbtest1_pkey on sbtest1  (cost=0.43..44.00 rows=10 width=121)
	              Index Cond: ((id >= 2585445) AND (id <= 2585454))

table 2 : explain SELECT DISTINCT c FROM sbtest2 WHERE id BETWEEN 3185797 AND 3185806 ORDER BY c
	Unique  (cost=44.17..44.22 rows=10 width=121)
	  ->  Sort  (cost=44.17..44.19 rows=10 width=121)
	        Sort Key: c
	        ->  Index Scan using sbtest2_pkey on sbtest2  (cost=0.43..44.00 rows=10 width=121)
	              Index Cond: ((id >= 3185797) AND (id <= 3185806))

table 3 : explain SELECT DISTINCT c FROM sbtest3 WHERE id BETWEEN 772762 AND 772771 ORDER BY c
	Unique  (cost=48.08..48.14 rows=11 width=121)
	  ->  Sort  (cost=48.08..48.11 rows=11 width=121)
	        Sort Key: c
	        ->  Index Scan using sbtest3_pkey on sbtest3  (cost=0.43..47.89 rows=11 width=121)
	              Index Cond: ((id >= 772762) AND (id <= 772771))

table 4 : explain SELECT DISTINCT c FROM sbtest4 WHERE id BETWEEN 3299923 AND 3299932 ORDER BY c
	Unique  (cost=44.09..44.14 rows=10 width=121)
	  ->  Sort  (cost=44.09..44.11 rows=10 width=121)
	        Sort Key: c
	        ->  Index Scan using sbtest4_pkey on sbtest4  (cost=0.43..43.92 rows=10 width=121)
	              Index Cond: ((id >= 3299923) AND (id <= 3299932))

table 5 : explain SELECT DISTINCT c FROM sbtest5 WHERE id BETWEEN 579553 AND 579562 ORDER BY c
	Unique  (cost=48.04..48.09 rows=11 width=121)
	  ->  Sort  (cost=48.04..48.07 rows=11 width=121)
	        Sort Key: c
	        ->  Index Scan using sbtest5_pkey on sbtest5  (cost=0.43..47.85 rows=11 width=121)
	              Index Cond: ((id >= 579553) AND (id <= 579562))

table 6 : explain SELECT DISTINCT c FROM sbtest6 WHERE id BETWEEN 7688846 AND 7688855 ORDER BY c
	Unique  (cost=44.06..44.11 rows=10 width=121)
	  ->  Sort  (cost=44.06..44.09 rows=10 width=121)
	        Sort Key: c
	        ->  Index Scan using sbtest6_pkey on sbtest6  (cost=0.43..43.90 rows=10 width=121)
	              Index Cond: ((id >= 7688846) AND (id <= 7688855))

table 7 : explain SELECT DISTINCT c FROM sbtest7 WHERE id BETWEEN 2002224 AND 2002233 ORDER BY c
	Unique  (cost=47.97..48.03 rows=11 width=121)
	  ->  Sort  (cost=47.97..48.00 rows=11 width=121)
	        Sort Key: c
	        ->  Index Scan using sbtest7_pkey on sbtest7  (cost=0.43..47.78 rows=11 width=121)
	              Index Cond: ((id >= 2002224) AND (id <= 2002233))

table 8 : explain SELECT DISTINCT c FROM sbtest8 WHERE id BETWEEN 7690674 AND 7690683 ORDER BY c
	Unique  (cost=44.13..44.18 rows=10 width=121)
	  ->  Sort  (cost=44.13..44.15 rows=10 width=121)
	        Sort Key: c
	        ->  Index Scan using sbtest8_pkey on sbtest8  (cost=0.43..43.96 rows=10 width=121)
	              Index Cond: ((id >= 7690674) AND (id <= 7690683))

for: distinct_ranges
table 1 : explain SELECT DISTINCT c FROM sbtest1 WHERE id BETWEEN 9902111 AND 9902120 ORDER BY c
	Unique  (cost=44.17..44.22 rows=10 width=121)
	  ->  Sort  (cost=44.17..44.19 rows=10 width=121)
	        Sort Key: c
	        ->  Index Scan using sbtest1_pkey on sbtest1  (cost=0.43..44.00 rows=10 width=121)
	              Index Cond: ((id >= 9902111) AND (id <= 9902120))

table 2 : explain SELECT DISTINCT c FROM sbtest2 WHERE id BETWEEN 4540605 AND 4540614 ORDER BY c
	Unique  (cost=40.19..40.24 rows=9 width=121)
	  ->  Sort  (cost=40.19..40.22 rows=9 width=121)
	        Sort Key: c
	        ->  Index Scan using sbtest2_pkey on sbtest2  (cost=0.43..40.05 rows=9 width=121)
	              Index Cond: ((id >= 4540605) AND (id <= 4540614))

table 3 : explain SELECT DISTINCT c FROM sbtest3 WHERE id BETWEEN 2552111 AND 2552120 ORDER BY c
	Unique  (cost=44.11..44.16 rows=10 width=121)
	  ->  Sort  (cost=44.11..44.14 rows=10 width=121)
	        Sort Key: c
	        ->  Index Scan using sbtest3_pkey on sbtest3  (cost=0.43..43.95 rows=10 width=121)
	              Index Cond: ((id >= 2552111) AND (id <= 2552120))

table 4 : explain SELECT DISTINCT c FROM sbtest4 WHERE id BETWEEN 1492428 AND 1492437 ORDER BY c
	Unique  (cost=44.09..44.14 rows=10 width=121)
	  ->  Sort  (cost=44.09..44.11 rows=10 width=121)
	        Sort Key: c
	        ->  Index Scan using sbtest4_pkey on sbtest4  (cost=0.43..43.92 rows=10 width=121)
	              Index Cond: ((id >= 1492428) AND (id <= 1492437))

table 5 : explain SELECT DISTINCT c FROM sbtest5 WHERE id BETWEEN 5198412 AND 5198421 ORDER BY c
	Unique  (cost=44.08..44.13 rows=10 width=121)
	  ->  Sort  (cost=44.08..44.10 rows=10 width=121)
	        Sort Key: c
	        ->  Index Scan using sbtest5_pkey on sbtest5  (cost=0.43..43.91 rows=10 width=121)
	              Index Cond: ((id >= 5198412) AND (id <= 5198421))

table 6 : explain SELECT DISTINCT c FROM sbtest6 WHERE id BETWEEN 8915468 AND 8915477 ORDER BY c
	Unique  (cost=44.06..44.11 rows=10 width=121)
	  ->  Sort  (cost=44.06..44.09 rows=10 width=121)
	        Sort Key: c
	        ->  Index Scan using sbtest6_pkey on sbtest6  (cost=0.43..43.90 rows=10 width=121)
	              Index Cond: ((id >= 8915468) AND (id <= 8915477))

table 7 : explain SELECT DISTINCT c FROM sbtest7 WHERE id BETWEEN 6018247 AND 6018256 ORDER BY c
	Unique  (cost=44.01..44.06 rows=10 width=121)
	  ->  Sort  (cost=44.01..44.04 rows=10 width=121)
	        Sort Key: c
	        ->  Index Scan using sbtest7_pkey on sbtest7  (cost=0.43..43.85 rows=10 width=121)
	              Index Cond: ((id >= 6018247) AND (id <= 6018256))

table 8 : explain SELECT DISTINCT c FROM sbtest8 WHERE id BETWEEN 7882281 AND 7882290 ORDER BY c
	Unique  (cost=40.16..40.20 rows=9 width=121)
	  ->  Sort  (cost=40.16..40.18 rows=9 width=121)
	        Sort Key: c
	        ->  Index Scan using sbtest8_pkey on sbtest8  (cost=0.43..40.02 rows=9 width=121)
	              Index Cond: ((id >= 7882281) AND (id <= 7882290))

for: distinct_ranges
table 1 : explain SELECT DISTINCT c FROM sbtest1 WHERE id BETWEEN 3452557 AND 3452566 ORDER BY c
	Unique  (cost=40.20..40.24 rows=9 width=121)
	  ->  Sort  (cost=40.20..40.22 rows=9 width=121)
	        Sort Key: c
	        ->  Index Scan using sbtest1_pkey on sbtest1  (cost=0.43..40.05 rows=9 width=121)
	              Index Cond: ((id >= 3452557) AND (id <= 3452566))

table 2 : explain SELECT DISTINCT c FROM sbtest2 WHERE id BETWEEN 4914034 AND 4914043 ORDER BY c
	Unique  (cost=44.17..44.22 rows=10 width=121)
	  ->  Sort  (cost=44.17..44.19 rows=10 width=121)
	        Sort Key: c
	        ->  Index Scan using sbtest2_pkey on sbtest2  (cost=0.43..44.00 rows=10 width=121)
	              Index Cond: ((id >= 4914034) AND (id <= 4914043))

table 3 : explain SELECT DISTINCT c FROM sbtest3 WHERE id BETWEEN 8794539 AND 8794548 ORDER BY c
	Unique  (cost=44.11..44.16 rows=10 width=121)
	  ->  Sort  (cost=44.11..44.14 rows=10 width=121)
	        Sort Key: c
	        ->  Index Scan using sbtest3_pkey on sbtest3  (cost=0.43..43.95 rows=10 width=121)
	              Index Cond: ((id >= 8794539) AND (id <= 8794548))

table 4 : explain SELECT DISTINCT c FROM sbtest4 WHERE id BETWEEN 9902297 AND 9902306 ORDER BY c
	Unique  (cost=40.12..40.17 rows=9 width=121)
	  ->  Sort  (cost=40.12..40.14 rows=9 width=121)
	        Sort Key: c
	        ->  Index Scan using sbtest4_pkey on sbtest4  (cost=0.43..39.98 rows=9 width=121)
	              Index Cond: ((id >= 9902297) AND (id <= 9902306))

table 5 : explain SELECT DISTINCT c FROM sbtest5 WHERE id BETWEEN 7043337 AND 7043346 ORDER BY c
	Unique  (cost=44.08..44.13 rows=10 width=121)
	  ->  Sort  (cost=44.08..44.10 rows=10 width=121)
	        Sort Key: c
	        ->  Index Scan using sbtest5_pkey on sbtest5  (cost=0.43..43.91 rows=10 width=121)
	              Index Cond: ((id >= 7043337) AND (id <= 7043346))

table 6 : explain SELECT DISTINCT c FROM sbtest6 WHERE id BETWEEN 3213439 AND 3213448 ORDER BY c
	Unique  (cost=44.06..44.11 rows=10 width=121)
	  ->  Sort  (cost=44.06..44.09 rows=10 width=121)
	        Sort Key: c
	        ->  Index Scan using sbtest6_pkey on sbtest6  (cost=0.43..43.90 rows=10 width=121)
	              Index Cond: ((id >= 3213439) AND (id <= 3213448))

table 7 : explain SELECT DISTINCT c FROM sbtest7 WHERE id BETWEEN 3286575 AND 3286584 ORDER BY c
	Unique  (cost=40.06..40.10 rows=9 width=121)
	  ->  Sort  (cost=40.06..40.08 rows=9 width=121)
	        Sort Key: c
	        ->  Index Scan using sbtest7_pkey on sbtest7  (cost=0.43..39.92 rows=9 width=121)
	              Index Cond: ((id >= 3286575) AND (id <= 3286584))

table 8 : explain SELECT DISTINCT c FROM sbtest8 WHERE id BETWEEN 3849643 AND 3849652 ORDER BY c
	Unique  (cost=44.13..44.18 rows=10 width=121)
	  ->  Sort  (cost=44.13..44.15 rows=10 width=121)
	        Sort Key: c
	        ->  Index Scan using sbtest8_pkey on sbtest8  (cost=0.43..43.96 rows=10 width=121)
	              Index Cond: ((id >= 3849643) AND (id <= 3849652))

for: distinct_ranges
table 1 : explain SELECT DISTINCT c FROM sbtest1 WHERE id BETWEEN 4877620 AND 4877629 ORDER BY c
	Unique  (cost=44.17..44.22 rows=10 width=121)
	  ->  Sort  (cost=44.17..44.19 rows=10 width=121)
	        Sort Key: c
	        ->  Index Scan using sbtest1_pkey on sbtest1  (cost=0.43..44.00 rows=10 width=121)
	              Index Cond: ((id >= 4877620) AND (id <= 4877629))

table 2 : explain SELECT DISTINCT c FROM sbtest2 WHERE id BETWEEN 6779086 AND 6779095 ORDER BY c
	Unique  (cost=44.17..44.22 rows=10 width=121)
	  ->  Sort  (cost=44.17..44.19 rows=10 width=121)
	        Sort Key: c
	        ->  Index Scan using sbtest2_pkey on sbtest2  (cost=0.43..44.00 rows=10 width=121)
	              Index Cond: ((id >= 6779086) AND (id <= 6779095))

table 3 : explain SELECT DISTINCT c FROM sbtest3 WHERE id BETWEEN 7844329 AND 7844338 ORDER BY c
	Unique  (cost=44.11..44.16 rows=10 width=121)
	  ->  Sort  (cost=44.11..44.14 rows=10 width=121)
	        Sort Key: c
	        ->  Index Scan using sbtest3_pkey on sbtest3  (cost=0.43..43.95 rows=10 width=121)
	              Index Cond: ((id >= 7844329) AND (id <= 7844338))

table 4 : explain SELECT DISTINCT c FROM sbtest4 WHERE id BETWEEN 841437 AND 841446 ORDER BY c
	Unique  (cost=44.09..44.14 rows=10 width=121)
	  ->  Sort  (cost=44.09..44.11 rows=10 width=121)
	        Sort Key: c
	        ->  Index Scan using sbtest4_pkey on sbtest4  (cost=0.43..43.92 rows=10 width=121)
	              Index Cond: ((id >= 841437) AND (id <= 841446))

table 5 : explain SELECT DISTINCT c FROM sbtest5 WHERE id BETWEEN 211860 AND 211869 ORDER BY c
	Unique  (cost=40.11..40.16 rows=9 width=121)
	  ->  Sort  (cost=40.11..40.14 rows=9 width=121)
	        Sort Key: c
	        ->  Index Scan using sbtest5_pkey on sbtest5  (cost=0.43..39.97 rows=9 width=121)
	              Index Cond: ((id >= 211860) AND (id <= 211869))

table 6 : explain SELECT DISTINCT c FROM sbtest6 WHERE id BETWEEN 7406816 AND 7406825 ORDER BY c
	Unique  (cost=40.10..40.15 rows=9 width=121)
	  ->  Sort  (cost=40.10..40.12 rows=9 width=121)
	        Sort Key: c
	        ->  Index Scan using sbtest6_pkey on sbtest6  (cost=0.43..39.96 rows=9 width=121)
	              Index Cond: ((id >= 7406816) AND (id <= 7406825))

table 7 : explain SELECT DISTINCT c FROM sbtest7 WHERE id BETWEEN 5496428 AND 5496437 ORDER BY c
	Unique  (cost=40.06..40.10 rows=9 width=121)
	  ->  Sort  (cost=40.06..40.08 rows=9 width=121)
	        Sort Key: c
	        ->  Index Scan using sbtest7_pkey on sbtest7  (cost=0.43..39.92 rows=9 width=121)
	              Index Cond: ((id >= 5496428) AND (id <= 5496437))

table 8 : explain SELECT DISTINCT c FROM sbtest8 WHERE id BETWEEN 9101349 AND 9101358 ORDER BY c
	Unique  (cost=44.13..44.18 rows=10 width=121)
	  ->  Sort  (cost=44.13..44.15 rows=10 width=121)
	        Sort Key: c
	        ->  Index Scan using sbtest8_pkey on sbtest8  (cost=0.43..43.96 rows=10 width=121)
	              Index Cond: ((id >= 9101349) AND (id <= 9101358))

for: distinct_ranges
table 1 : explain SELECT DISTINCT c FROM sbtest1 WHERE id BETWEEN 8414761 AND 8414770 ORDER BY c
	Unique  (cost=44.17..44.22 rows=10 width=121)
	  ->  Sort  (cost=44.17..44.19 rows=10 width=121)
	        Sort Key: c
	        ->  Index Scan using sbtest1_pkey on sbtest1  (cost=0.43..44.00 rows=10 width=121)
	              Index Cond: ((id >= 8414761) AND (id <= 8414770))

table 2 : explain SELECT DISTINCT c FROM sbtest2 WHERE id BETWEEN 9488719 AND 9488728 ORDER BY c
	Unique  (cost=44.17..44.22 rows=10 width=121)
	  ->  Sort  (cost=44.17..44.19 rows=10 width=121)
	        Sort Key: c
	        ->  Index Scan using sbtest2_pkey on sbtest2  (cost=0.43..44.00 rows=10 width=121)
	              Index Cond: ((id >= 9488719) AND (id <= 9488728))

table 3 : explain SELECT DISTINCT c FROM sbtest3 WHERE id BETWEEN 1050165 AND 1050174 ORDER BY c
	Unique  (cost=44.11..44.16 rows=10 width=121)
	  ->  Sort  (cost=44.11..44.14 rows=10 width=121)
	        Sort Key: c
	        ->  Index Scan using sbtest3_pkey on sbtest3  (cost=0.43..43.95 rows=10 width=121)
	              Index Cond: ((id >= 1050165) AND (id <= 1050174))

table 4 : explain SELECT DISTINCT c FROM sbtest4 WHERE id BETWEEN 2290791 AND 2290800 ORDER BY c
	Unique  (cost=44.09..44.14 rows=10 width=121)
	  ->  Sort  (cost=44.09..44.11 rows=10 width=121)
	        Sort Key: c
	        ->  Index Scan using sbtest4_pkey on sbtest4  (cost=0.43..43.92 rows=10 width=121)
	              Index Cond: ((id >= 2290791) AND (id <= 2290800))

table 5 : explain SELECT DISTINCT c FROM sbtest5 WHERE id BETWEEN 7662867 AND 7662876 ORDER BY c
	Unique  (cost=44.08..44.13 rows=10 width=121)
	  ->  Sort  (cost=44.08..44.10 rows=10 width=121)
	        Sort Key: c
	        ->  Index Scan using sbtest5_pkey on sbtest5  (cost=0.43..43.91 rows=10 width=121)
	              Index Cond: ((id >= 7662867) AND (id <= 7662876))

table 6 : explain SELECT DISTINCT c FROM sbtest6 WHERE id BETWEEN 2684 AND 2693 ORDER BY c
	Unique  (cost=44.06..44.11 rows=10 width=121)
	  ->  Sort  (cost=44.06..44.09 rows=10 width=121)
	        Sort Key: c
	        ->  Index Scan using sbtest6_pkey on sbtest6  (cost=0.43..43.90 rows=10 width=121)
	              Index Cond: ((id >= 2684) AND (id <= 2693))

table 7 : explain SELECT DISTINCT c FROM sbtest7 WHERE id BETWEEN 9935350 AND 9935359 ORDER BY c
	Unique  (cost=44.01..44.06 rows=10 width=121)
	  ->  Sort  (cost=44.01..44.04 rows=10 width=121)
	        Sort Key: c
	        ->  Index Scan using sbtest7_pkey on sbtest7  (cost=0.43..43.85 rows=10 width=121)
	              Index Cond: ((id >= 9935350) AND (id <= 9935359))

table 8 : explain SELECT DISTINCT c FROM sbtest8 WHERE id BETWEEN 7330571 AND 7330580 ORDER BY c
	Unique  (cost=48.10..48.15 rows=11 width=121)
	  ->  Sort  (cost=48.10..48.12 rows=11 width=121)
	        Sort Key: c
	        ->  Index Scan using sbtest8_pkey on sbtest8  (cost=0.43..47.91 rows=11 width=121)
	              Index Cond: ((id >= 7330571) AND (id <= 7330580))

for: distinct_ranges
table 1 : explain SELECT DISTINCT c FROM sbtest1 WHERE id BETWEEN 2177810 AND 2177819 ORDER BY c
	Unique  (cost=40.20..40.24 rows=9 width=121)
	  ->  Sort  (cost=40.20..40.22 rows=9 width=121)
	        Sort Key: c
	        ->  Index Scan using sbtest1_pkey on sbtest1  (cost=0.43..40.05 rows=9 width=121)
	              Index Cond: ((id >= 2177810) AND (id <= 2177819))

table 2 : explain SELECT DISTINCT c FROM sbtest2 WHERE id BETWEEN 4361146 AND 4361155 ORDER BY c
	Unique  (cost=40.19..40.24 rows=9 width=121)
	  ->  Sort  (cost=40.19..40.22 rows=9 width=121)
	        Sort Key: c
	        ->  Index Scan using sbtest2_pkey on sbtest2  (cost=0.43..40.05 rows=9 width=121)
	              Index Cond: ((id >= 4361146) AND (id <= 4361155))

table 3 : explain SELECT DISTINCT c FROM sbtest3 WHERE id BETWEEN 4145573 AND 4145582 ORDER BY c
	Unique  (cost=44.11..44.16 rows=10 width=121)
	  ->  Sort  (cost=44.11..44.14 rows=10 width=121)
	        Sort Key: c
	        ->  Index Scan using sbtest3_pkey on sbtest3  (cost=0.43..43.95 rows=10 width=121)
	              Index Cond: ((id >= 4145573) AND (id <= 4145582))

table 4 : explain SELECT DISTINCT c FROM sbtest4 WHERE id BETWEEN 2014663 AND 2014672 ORDER BY c
	Unique  (cost=44.09..44.14 rows=10 width=121)
	  ->  Sort  (cost=44.09..44.11 rows=10 width=121)
	        Sort Key: c
	        ->  Index Scan using sbtest4_pkey on sbtest4  (cost=0.43..43.92 rows=10 width=121)
	              Index Cond: ((id >= 2014663) AND (id <= 2014672))

table 5 : explain SELECT DISTINCT c FROM sbtest5 WHERE id BETWEEN 6235194 AND 6235203 ORDER BY c
	Unique  (cost=40.11..40.16 rows=9 width=121)
	  ->  Sort  (cost=40.11..40.14 rows=9 width=121)
	        Sort Key: c
	        ->  Index Scan using sbtest5_pkey on sbtest5  (cost=0.43..39.97 rows=9 width=121)
	              Index Cond: ((id >= 6235194) AND (id <= 6235203))

table 6 : explain SELECT DISTINCT c FROM sbtest6 WHERE id BETWEEN 5323503 AND 5323512 ORDER BY c
	Unique  (cost=44.06..44.11 rows=10 width=121)
	  ->  Sort  (cost=44.06..44.09 rows=10 width=121)
	        Sort Key: c
	        ->  Index Scan using sbtest6_pkey on sbtest6  (cost=0.43..43.90 rows=10 width=121)
	              Index Cond: ((id >= 5323503) AND (id <= 5323512))

table 7 : explain SELECT DISTINCT c FROM sbtest7 WHERE id BETWEEN 4331393 AND 4331402 ORDER BY c
	Unique  (cost=40.06..40.10 rows=9 width=121)
	  ->  Sort  (cost=40.06..40.08 rows=9 width=121)
	        Sort Key: c
	        ->  Index Scan using sbtest7_pkey on sbtest7  (cost=0.43..39.92 rows=9 width=121)
	              Index Cond: ((id >= 4331393) AND (id <= 4331402))

table 8 : explain SELECT DISTINCT c FROM sbtest8 WHERE id BETWEEN 6541790 AND 6541799 ORDER BY c
	Unique  (cost=44.13..44.18 rows=10 width=121)
	  ->  Sort  (cost=44.13..44.15 rows=10 width=121)
	        Sort Key: c
	        ->  Index Scan using sbtest8_pkey on sbtest8  (cost=0.43..43.96 rows=10 width=121)
	              Index Cond: ((id >= 6541790) AND (id <= 6541799))

Threads started!

Warming up for 5 seconds...

SQL statistics:
    queries performed:
        read:                            457776986
        write:                           0
        other:                           65396719
        total:                           523173705
    transactions:                        32698379 (51901.53 per sec.)
    queries:                             523173705 (830423.93 per sec.)
    ignored errors:                      0      (0.00 per sec.)
    reconnects:                          0      (0.00 per sec.)

Throughput:
    events/s (eps):                      51901.5314
    time elapsed:                        630.0081s
    total number of events:              32698379

Latency (ms):
         min:                                    0.68
         avg:                                    0.77
         max:                                   16.92
         95th percentile:                        0.84
         sum:                             25169069.36

Threads fairness:
    events (avg/stddev):           817458.6500/4741.69
    execution time (avg/stddev):   629.2267/0.01

