LUA_PATH=/home/mdcallag/git/mytools/bench/sysbench.lua/lua/?.lua /home/mdcallag/git/mytools/bench/sysbench.lua/lua/sysbench --db-driver=pgsql --range-size=100 --table-size=10000000 --tables=8 --threads=40 --events=0 --warmup-time=5 --time=630 --pgsql_conn_id=true /home/mdcallag/git/mytools/bench/sysbench.lua/lua/oltp_read_only.lua run --pgsql-user=root --pgsql-password=pw --pgsql-host=127.0.0.1 --pgsql-db=ib --rand-type=uniform
48 CPUs
sysbench 1.1.0-9072687 (using bundled LuaJIT 2.1.0-beta3)

Running the test with following options:
Number of threads: 40
Warmup time: 5s
Initializing random number generator from current time


Initializing worker threads...

explain: for point_selects :: explain SELECT c FROM sbtest%u WHERE id=%u
explain: for point_selects :: explain SELECT c FROM sbtest%u WHERE id=%u
explain: for point_selects :: explain SELECT c FROM sbtest%u WHERE id=%u
for point_selects
table 1 : explain SELECT c FROM sbtest1 WHERE id=9279704
	Index Scan using sbtest1_pkey on sbtest1  (cost=0.43..8.45 rows=1 width=121)
	  Index Cond: (id = 9279704)

table 2 : explain SELECT c FROM sbtest2 WHERE id=5825797
	Index Scan using sbtest2_pkey on sbtest2  (cost=0.43..8.45 rows=1 width=121)
	  Index Cond: (id = 5825797)

table 3 : explain SELECT c FROM sbtest3 WHERE id=8804579
	Index Scan using sbtest3_pkey on sbtest3  (cost=0.43..8.45 rows=1 width=121)
	  Index Cond: (id = 8804579)

table 4 : explain SELECT c FROM sbtest4 WHERE id=4065007
	Index Scan using sbtest4_pkey on sbtest4  (cost=0.43..8.45 rows=1 width=121)
	  Index Cond: (id = 4065007)

table 5 : explain SELECT c FROM sbtest5 WHERE id=9301592
	Index Scan using sbtest5_pkey on sbtest5  (cost=0.43..8.45 rows=1 width=121)
	  Index Cond: (id = 9301592)

table 6 : explain SELECT c FROM sbtest6 WHERE id=1174279
	Index Scan using sbtest6_pkey on sbtest6  (cost=0.43..8.45 rows=1 width=121)
	  Index Cond: (id = 1174279)

table 7 : explain SELECT c FROM sbtest7 WHERE id=882429
	Index Scan using sbtest7_pkey on sbtest7  (cost=0.43..8.45 rows=1 width=121)
	  Index Cond: (id = 882429)

table 8 : explain SELECT c FROM sbtest8 WHERE id=4460545
	Index Scan using sbtest8_pkey on sbtest8  (cost=0.43..8.45 rows=1 width=121)
	  Index Cond: (id = 4460545)

for point_selects
table 1 : explain SELECT c FROM sbtest1 WHERE id=7887641
	Index Scan using sbtest1_pkey on sbtest1  (cost=0.43..8.45 rows=1 width=121)
	  Index Cond: (id = 7887641)

table 2 : explain SELECT c FROM sbtest2 WHERE id=7327208
	Index Scan using sbtest2_pkey on sbtest2  (cost=0.43..8.45 rows=1 width=121)
	  Index Cond: (id = 7327208)

table 3 : explain SELECT c FROM sbtest3 WHERE id=1187568
	Index Scan using sbtest3_pkey on sbtest3  (cost=0.43..8.45 rows=1 width=121)
	  Index Cond: (id = 1187568)

table 4 : explain SELECT c FROM sbtest4 WHERE id=5158489
	Index Scan using sbtest4_pkey on sbtest4  (cost=0.43..8.45 rows=1 width=121)
	  Index Cond: (id = 5158489)

table 5 : explain SELECT c FROM sbtest5 WHERE id=2679044
	Index Scan using sbtest5_pkey on sbtest5  (cost=0.43..8.45 rows=1 width=121)
	  Index Cond: (id = 2679044)

table 6 : explain SELECT c FROM sbtest6 WHERE id=5215273
	Index Scan using sbtest6_pkey on sbtest6  (cost=0.43..8.45 rows=1 width=121)
	  Index Cond: (id = 5215273)

table 7 : explain SELECT c FROM sbtest7 WHERE id=6576879
	Index Scan using sbtest7_pkey on sbtest7  (cost=0.43..8.45 rows=1 width=121)
	  Index Cond: (id = 6576879)

table 8 : explain SELECT c FROM sbtest8 WHERE id=4955255
	Index Scan using sbtest8_pkey on sbtest8  (cost=0.43..8.45 rows=1 width=121)
	  Index Cond: (id = 4955255)

explain: for point_selects :: explain SELECT c FROM sbtest%u WHERE id=%u
explain: for point_selects :: explain SELECT c FROM sbtest%u WHERE id=%u
explain: for point_selects :: explain SELECT c FROM sbtest%u WHERE id=%u
explain: for point_selects :: explain SELECT c FROM sbtest%u WHERE id=%u
for: simple_ranges
table 1 : explain SELECT c FROM sbtest1 WHERE id BETWEEN 6299237 AND 6299336
	Index Scan using sbtest1_pkey on sbtest1  (cost=0.43..458.78 rows=115 width=121)
	  Index Cond: ((id >= 6299237) AND (id <= 6299336))

table 2 : explain SELECT c FROM sbtest2 WHERE id BETWEEN 2084125 AND 2084224
	Index Scan using sbtest2_pkey on sbtest2  (cost=0.43..383.70 rows=96 width=121)
	  Index Cond: ((id >= 2084125) AND (id <= 2084224))

table 3 : explain SELECT c FROM sbtest3 WHERE id BETWEEN 9429265 AND 9429364
	Index Scan using sbtest3_pkey on sbtest3  (cost=0.43..446.26 rows=112 width=121)
	  Index Cond: ((id >= 9429265) AND (id <= 9429364))

table 4 : explain SELECT c FROM sbtest4 WHERE id BETWEEN 1864970 AND 1865069
	Index Scan using sbtest4_pkey on sbtest4  (cost=0.43..402.56 rows=101 width=121)
	  Index Cond: ((id >= 1864970) AND (id <= 1865069))

table 5 : explain SELECT c FROM sbtest5 WHERE id BETWEEN 7061675 AND 7061774
	Index Scan using sbtest5_pkey on sbtest5  (cost=0.43..398.52 rows=100 width=121)
	  Index Cond: ((id >= 7061675) AND (id <= 7061774))

table 6 : explain SELECT c FROM sbtest6 WHERE id BETWEEN 3040445 AND 3040544
	Index Scan using sbtest6_pkey on sbtest6  (cost=0.43..394.41 rows=99 width=121)
	  Index Cond: ((id >= 3040445) AND (id <= 3040544))

table 7 : explain SELECT c FROM sbtest7 WHERE id BETWEEN 5366748 AND 5366847
	Index Scan using sbtest7_pkey on sbtest7  (cost=0.43..413.58 rows=104 width=121)
	  Index Cond: ((id >= 5366748) AND (id <= 5366847))

table 8 : explain SELECT c FROM sbtest8 WHERE id BETWEEN 7187318 AND 7187417
	Index Scan using sbtest8_pkey on sbtest8  (cost=0.43..406.96 rows=102 width=121)
	  Index Cond: ((id >= 7187318) AND (id <= 7187417))

for: simple_ranges
table 1 : explain SELECT c FROM sbtest1 WHERE id BETWEEN 5936790 AND 5936889
	Index Scan using sbtest1_pkey on sbtest1  (cost=0.43..375.82 rows=94 width=121)
	  Index Cond: ((id >= 5936790) AND (id <= 5936889))

table 2 : explain SELECT c FROM sbtest2 WHERE id BETWEEN 8125906 AND 8126005
	Index Scan using sbtest2_pkey on sbtest2  (cost=0.43..419.27 rows=105 width=121)
	  Index Cond: ((id >= 8125906) AND (id <= 8126005))

table 3 : explain SELECT c FROM sbtest3 WHERE id BETWEEN 4572800 AND 4572899
	Index Scan using sbtest3_pkey on sbtest3  (cost=0.43..398.92 rows=100 width=121)
	  Index Cond: ((id >= 4572800) AND (id <= 4572899))

table 4 : explain SELECT c FROM sbtest4 WHERE id BETWEEN 7911779 AND 7911878
	Index Scan using sbtest4_pkey on sbtest4  (cost=0.43..382.84 rows=96 width=121)
	  Index Cond: ((id >= 7911779) AND (id <= 7911878))

table 5 : explain SELECT c FROM sbtest5 WHERE id BETWEEN 1894633 AND 1894732
	Index Scan using sbtest5_pkey on sbtest5  (cost=0.43..426.09 rows=107 width=121)
	  Index Cond: ((id >= 1894633) AND (id <= 1894732))

table 6 : explain SELECT c FROM sbtest6 WHERE id BETWEEN 3262766 AND 3262865
	Index Scan using sbtest6_pkey on sbtest6  (cost=0.43..382.60 rows=96 width=121)
	  Index Cond: ((id >= 3262766) AND (id <= 3262865))

table 7 : explain SELECT c FROM sbtest7 WHERE id BETWEEN 3045293 AND 3045392
	Index Scan using sbtest7_pkey on sbtest7  (cost=0.43..413.58 rows=104 width=121)
	  Index Cond: ((id >= 3045293) AND (id <= 3045392))

table 8 : explain SELECT c FROM sbtest8 WHERE id BETWEEN 9797376 AND 9797475
	Index Scan using sbtest8_pkey on sbtest8  (cost=0.43..391.16 rows=98 width=121)
	  Index Cond: ((id >= 9797376) AND (id <= 9797475))

for point_selects
table 1 : explain SELECT c FROM sbtest1 WHERE id=6796598
	Index Scan using sbtest1_pkey on sbtest1  (cost=0.43..8.45 rows=1 width=121)
	  Index Cond: (id = 6796598)

table 2 : explain SELECT c FROM sbtest2 WHERE id=5051436
	Index Scan using sbtest2_pkey on sbtest2  (cost=0.43..8.45 rows=1 width=121)
	  Index Cond: (id = 5051436)

table 3 : explain SELECT c FROM sbtest3 WHERE id=6986213
	Index Scan using sbtest3_pkey on sbtest3  (cost=0.43..8.45 rows=1 width=121)
	  Index Cond: (id = 6986213)

table 4 : explain SELECT c FROM sbtest4 WHERE id=3958249
	Index Scan using sbtest4_pkey on sbtest4  (cost=0.43..8.45 rows=1 width=121)
	  Index Cond: (id = 3958249)

table 5 : explain SELECT c FROM sbtest5 WHERE id=4519362
	Index Scan using sbtest5_pkey on sbtest5  (cost=0.43..8.45 rows=1 width=121)
	  Index Cond: (id = 4519362)

table 6 : explain SELECT c FROM sbtest6 WHERE id=8500951
	Index Scan using sbtest6_pkey on sbtest6  (cost=0.43..8.45 rows=1 width=121)
	  Index Cond: (id = 8500951)

table 7 : explain SELECT c FROM sbtest7 WHERE id=1108609
	Index Scan using sbtest7_pkey on sbtest7  (cost=0.43..8.45 rows=1 width=121)
	  Index Cond: (id = 1108609)

table 8 : explain SELECT c FROM sbtest8 WHERE id=693209
	Index Scan using sbtest8_pkey on sbtest8  (cost=0.43..8.45 rows=1 width=121)
	  Index Cond: (id = 693209)

for point_selects
table 1 : explain SELECT c FROM sbtest1 WHERE id=7019249
	Index Scan using sbtest1_pkey on sbtest1  (cost=0.43..8.45 rows=1 width=121)
	  Index Cond: (id = 7019249)

table 2 : explain SELECT c FROM sbtest2 WHERE id=8515131
	Index Scan using sbtest2_pkey on sbtest2  (cost=0.43..8.45 rows=1 width=121)
	  Index Cond: (id = 8515131)

table 3 : explain SELECT c FROM sbtest3 WHERE id=6275168
	Index Scan using sbtest3_pkey on sbtest3  (cost=0.43..8.45 rows=1 width=121)
	  Index Cond: (id = 6275168)

table 4 : explain SELECT c FROM sbtest4 WHERE id=3763590
	Index Scan using sbtest4_pkey on sbtest4  (cost=0.43..8.45 rows=1 width=121)
	  Index Cond: (id = 3763590)

table 5 : explain SELECT c FROM sbtest5 WHERE id=1402935
	Index Scan using sbtest5_pkey on sbtest5  (cost=0.43..8.45 rows=1 width=121)
	  Index Cond: (id = 1402935)

table 6 : explain SELECT c FROM sbtest6 WHERE id=1128089
	Index Scan using sbtest6_pkey on sbtest6  (cost=0.43..8.45 rows=1 width=121)
	  Index Cond: (id = 1128089)

table 7 : explain SELECT c FROM sbtest7 WHERE id=1639872
	Index Scan using sbtest7_pkey on sbtest7  (cost=0.43..8.45 rows=1 width=121)
	  Index Cond: (id = 1639872)

table 8 : explain SELECT c FROM sbtest8 WHERE id=6912260
	Index Scan using sbtest8_pkey on sbtest8  (cost=0.43..8.45 rows=1 width=121)
	  Index Cond: (id = 6912260)

for point_selects
table 1 : explain SELECT c FROM sbtest1 WHERE id=8194961
	Index Scan using sbtest1_pkey on sbtest1  (cost=0.43..8.45 rows=1 width=121)
	  Index Cond: (id = 8194961)

table 2 : explain SELECT c FROM sbtest2 WHERE id=2767280
	Index Scan using sbtest2_pkey on sbtest2  (cost=0.43..8.45 rows=1 width=121)
	  Index Cond: (id = 2767280)

table 3 : explain SELECT c FROM sbtest3 WHERE id=1117172
	Index Scan using sbtest3_pkey on sbtest3  (cost=0.43..8.45 rows=1 width=121)
	  Index Cond: (id = 1117172)

table 4 : explain SELECT c FROM sbtest4 WHERE id=4242611
	Index Scan using sbtest4_pkey on sbtest4  (cost=0.43..8.45 rows=1 width=121)
	  Index Cond: (id = 4242611)

table 5 : explain SELECT c FROM sbtest5 WHERE id=9139967
	Index Scan using sbtest5_pkey on sbtest5  (cost=0.43..8.45 rows=1 width=121)
	  Index Cond: (id = 9139967)

table 6 : explain SELECT c FROM sbtest6 WHERE id=3609688
	Index Scan using sbtest6_pkey on sbtest6  (cost=0.43..8.45 rows=1 width=121)
	  Index Cond: (id = 3609688)

table 7 : explain SELECT c FROM sbtest7 WHERE id=5163676
	Index Scan using sbtest7_pkey on sbtest7  (cost=0.43..8.45 rows=1 width=121)
	  Index Cond: (id = 5163676)

table 8 : explain SELECT c FROM sbtest8 WHERE id=2763616
	Index Scan using sbtest8_pkey on sbtest8  (cost=0.43..8.45 rows=1 width=121)
	  Index Cond: (id = 2763616)

for: simple_ranges
table 1 : explain SELECT c FROM sbtest1 WHERE id BETWEEN 571982 AND 572081
	Index Scan using sbtest1_pkey on sbtest1  (cost=0.43..383.72 rows=96 width=121)
	  Index Cond: ((id >= 571982) AND (id <= 572081))

table 2 : explain SELECT c FROM sbtest2 WHERE id BETWEEN 4725775 AND 4725874
	Index Scan using sbtest2_pkey on sbtest2  (cost=0.43..367.90 rows=92 width=121)
	  Index Cond: ((id >= 4725775) AND (id <= 4725874))

table 3 : explain SELECT c FROM sbtest3 WHERE id BETWEEN 1977779 AND 1977878
	Index Scan using sbtest3_pkey on sbtest3  (cost=0.43..442.32 rows=111 width=121)
	  Index Cond: ((id >= 1977779) AND (id <= 1977878))

table 4 : explain SELECT c FROM sbtest4 WHERE id BETWEEN 6938510 AND 6938609
	Index Scan using sbtest4_pkey on sbtest4  (cost=0.43..394.66 rows=99 width=121)
	  Index Cond: ((id >= 6938510) AND (id <= 6938609))

table 5 : explain SELECT c FROM sbtest5 WHERE id BETWEEN 533297 AND 533396
	Index Scan using sbtest5_pkey on sbtest5  (cost=0.43..426.09 rows=107 width=121)
	  Index Cond: ((id >= 533297) AND (id <= 533396))

table 6 : explain SELECT c FROM sbtest6 WHERE id BETWEEN 5684898 AND 5684997
	Index Scan using sbtest6_pkey on sbtest6  (cost=0.43..406.25 rows=102 width=121)
	  Index Cond: ((id >= 5684898) AND (id <= 5684997))

table 7 : explain SELECT c FROM sbtest7 WHERE id BETWEEN 6607044 AND 6607143
	Index Scan using sbtest7_pkey on sbtest7  (cost=0.43..425.38 rows=107 width=121)
	  Index Cond: ((id >= 6607044) AND (id <= 6607143))

table 8 : explain SELECT c FROM sbtest8 WHERE id BETWEEN 4332531 AND 4332630
	Index Scan using sbtest8_pkey on sbtest8  (cost=0.43..387.22 rows=97 width=121)
	  Index Cond: ((id >= 4332531) AND (id <= 4332630))

for: simple_ranges
table 1 : explain SELECT c FROM sbtest1 WHERE id BETWEEN 4995664 AND 4995763
	Index Scan using sbtest1_pkey on sbtest1  (cost=0.43..395.57 rows=99 width=121)
	  Index Cond: ((id >= 4995664) AND (id <= 4995763))

table 2 : explain SELECT c FROM sbtest2 WHERE id BETWEEN 3938450 AND 3938549
	Index Scan using sbtest2_pkey on sbtest2  (cost=0.43..407.42 rows=102 width=121)
	  Index Cond: ((id >= 3938450) AND (id <= 3938549))

table 3 : explain SELECT c FROM sbtest3 WHERE id BETWEEN 4422699 AND 4422798
	Index Scan using sbtest3_pkey on sbtest3  (cost=0.43..355.54 rows=89 width=121)
	  Index Cond: ((id >= 4422699) AND (id <= 4422798))

table 4 : explain SELECT c FROM sbtest4 WHERE id BETWEEN 8258830 AND 8258929
	Index Scan using sbtest4_pkey on sbtest4  (cost=0.43..374.96 rows=94 width=121)
	  Index Cond: ((id >= 8258830) AND (id <= 8258929))

table 5 : explain SELECT c FROM sbtest5 WHERE id BETWEEN 6749273 AND 6749372
	Index Scan using sbtest5_pkey on sbtest5  (cost=0.43..382.74 rows=96 width=121)
	  Index Cond: ((id >= 6749273) AND (id <= 6749372))

table 6 : explain SELECT c FROM sbtest6 WHERE id BETWEEN 3529332 AND 3529431
	Index Scan using sbtest6_pkey on sbtest6  (cost=0.43..394.41 rows=99 width=121)
	  Index Cond: ((id >= 3529332) AND (id <= 3529431))

table 7 : explain SELECT c FROM sbtest7 WHERE id BETWEEN 5384919 AND 5385018
	Index Scan using sbtest7_pkey on sbtest7  (cost=0.43..413.58 rows=104 width=121)
	  Index Cond: ((id >= 5384919) AND (id <= 5385018))

table 8 : explain SELECT c FROM sbtest8 WHERE id BETWEEN 2627915 AND 2628014
	Index Scan using sbtest8_pkey on sbtest8  (cost=0.43..414.85 rows=104 width=121)
	  Index Cond: ((id >= 2627915) AND (id <= 2628014))

for point_selects
table 1 : explain SELECT c FROM sbtest1 WHERE id=2970155
	Index Scan using sbtest1_pkey on sbtest1  (cost=0.43..8.45 rows=1 width=121)
	  Index Cond: (id = 2970155)

table 2 : explain SELECT c FROM sbtest2 WHERE id=9921657
	Index Scan using sbtest2_pkey on sbtest2  (cost=0.43..8.45 rows=1 width=121)
	  Index Cond: (id = 9921657)

table 3 : explain SELECT c FROM sbtest3 WHERE id=427269
	Index Scan using sbtest3_pkey on sbtest3  (cost=0.43..8.45 rows=1 width=121)
	  Index Cond: (id = 427269)

table 4 : explain SELECT c FROM sbtest4 WHERE id=4626665
	Index Scan using sbtest4_pkey on sbtest4  (cost=0.43..8.45 rows=1 width=121)
	  Index Cond: (id = 4626665)

table 5 : explain SELECT c FROM sbtest5 WHERE id=5469043
	Index Scan using sbtest5_pkey on sbtest5  (cost=0.43..8.45 rows=1 width=121)
	  Index Cond: (id = 5469043)

table 6 : explain SELECT c FROM sbtest6 WHERE id=2590269
	Index Scan using sbtest6_pkey on sbtest6  (cost=0.43..8.45 rows=1 width=121)
	  Index Cond: (id = 2590269)

table 7 : explain SELECT c FROM sbtest7 WHERE id=6379160
	Index Scan using sbtest7_pkey on sbtest7  (cost=0.43..8.45 rows=1 width=121)
	  Index Cond: (id = 6379160)

table 8 : explain SELECT c FROM sbtest8 WHERE id=5867903
	Index Scan using sbtest8_pkey on sbtest8  (cost=0.43..8.45 rows=1 width=121)
	  Index Cond: (id = 5867903)

for: sum_ranges
table 1 : explain SELECT SUM(k) FROM sbtest1 WHERE id BETWEEN 2987886 AND 2987985
	Aggregate  (cost=391.86..391.87 rows=1 width=8)
	  ->  Index Scan using sbtest1_pkey on sbtest1  (cost=0.43..391.62 rows=98 width=4)
	        Index Cond: ((id >= 2987886) AND (id <= 2987985))

table 2 : explain SELECT SUM(k) FROM sbtest2 WHERE id BETWEEN 6215759 AND 6215858
	Aggregate  (cost=395.80..395.81 rows=1 width=8)
	  ->  Index Scan using sbtest2_pkey on sbtest2  (cost=0.43..395.55 rows=99 width=4)
	        Index Cond: ((id >= 6215759) AND (id <= 6215858))

table 3 : explain SELECT SUM(k) FROM sbtest3 WHERE id BETWEEN 3829977 AND 3830076
	Aggregate  (cost=375.49..375.50 rows=1 width=8)
	  ->  Index Scan using sbtest3_pkey on sbtest3  (cost=0.43..375.26 rows=94 width=4)
	        Index Cond: ((id >= 3829977) AND (id <= 3830076))

table 4 : explain SELECT SUM(k) FROM sbtest4 WHERE id BETWEEN 4021560 AND 4021659
	Aggregate  (cost=398.87..398.88 rows=1 width=8)
	  ->  Index Scan using sbtest4_pkey on sbtest4  (cost=0.43..398.62 rows=100 width=4)
	        Index Cond: ((id >= 4021560) AND (id <= 4021659))

table 5 : explain SELECT SUM(k) FROM sbtest5 WHERE id BETWEEN 2197291 AND 2197390
	Aggregate  (cost=426.36..426.37 rows=1 width=8)
	  ->  Index Scan using sbtest5_pkey on sbtest5  (cost=0.43..426.09 rows=107 width=4)
	        Index Cond: ((id >= 2197291) AND (id <= 2197390))

table 6 : explain SELECT SUM(k) FROM sbtest6 WHERE id BETWEEN 2627121 AND 2627220
	Aggregate  (cost=469.55..469.56 rows=1 width=8)
	  ->  Index Scan using sbtest6_pkey on sbtest6  (cost=0.43..469.25 rows=118 width=4)
	        Index Cond: ((id >= 2627121) AND (id <= 2627220))

table 7 : explain SELECT SUM(k) FROM sbtest7 WHERE id BETWEEN 5431507 AND 5431606
	Aggregate  (cost=362.66..362.67 rows=1 width=8)
	  ->  Index Scan using sbtest7_pkey on sbtest7  (cost=0.43..362.43 rows=91 width=4)
	        Index Cond: ((id >= 5431507) AND (id <= 5431606))

table 8 : explain SELECT SUM(k) FROM sbtest8 WHERE id BETWEEN 3673280 AND 3673379
	Aggregate  (cost=387.46..387.47 rows=1 width=8)
	  ->  Index Scan using sbtest8_pkey on sbtest8  (cost=0.43..387.22 rows=97 width=4)
	        Index Cond: ((id >= 3673280) AND (id <= 3673379))

for point_selects
table 1 : explain SELECT c FROM sbtest1 WHERE id=9637194
	Index Scan using sbtest1_pkey on sbtest1  (cost=0.43..8.45 rows=1 width=121)
	  Index Cond: (id = 9637194)

table 2 : explain SELECT c FROM sbtest2 WHERE id=5420556
	Index Scan using sbtest2_pkey on sbtest2  (cost=0.43..8.45 rows=1 width=121)
	  Index Cond: (id = 5420556)

table 3 : explain SELECT c FROM sbtest3 WHERE id=7761237
	Index Scan using sbtest3_pkey on sbtest3  (cost=0.43..8.45 rows=1 width=121)
	  Index Cond: (id = 7761237)

table 4 : explain SELECT c FROM sbtest4 WHERE id=2417157
	Index Scan using sbtest4_pkey on sbtest4  (cost=0.43..8.45 rows=1 width=121)
	  Index Cond: (id = 2417157)

table 5 : explain SELECT c FROM sbtest5 WHERE id=1739364
	Index Scan using sbtest5_pkey on sbtest5  (cost=0.43..8.45 rows=1 width=121)
	  Index Cond: (id = 1739364)

table 6 : explain SELECT c FROM sbtest6 WHERE id=178655
	Index Scan using sbtest6_pkey on sbtest6  (cost=0.43..8.45 rows=1 width=121)
	  Index Cond: (id = 178655)

table 7 : explain SELECT c FROM sbtest7 WHERE id=6314324
	Index Scan using sbtest7_pkey on sbtest7  (cost=0.43..8.45 rows=1 width=121)
	  Index Cond: (id = 6314324)

table 8 : explain SELECT c FROM sbtest8 WHERE id=6468132
	Index Scan using sbtest8_pkey on sbtest8  (cost=0.43..8.45 rows=1 width=121)
	  Index Cond: (id = 6468132)

for: sum_ranges
table 1 : explain SELECT SUM(k) FROM sbtest1 WHERE id BETWEEN 234671 AND 234770
	Aggregate  (cost=439.31..439.32 rows=1 width=8)
	  ->  Index Scan using sbtest1_pkey on sbtest1  (cost=0.43..439.03 rows=110 width=4)
	        Index Cond: ((id >= 234671) AND (id <= 234770))

table 2 : explain SELECT SUM(k) FROM sbtest2 WHERE id BETWEEN 6962098 AND 6962197
	Aggregate  (cost=451.15..451.16 rows=1 width=8)
	  ->  Index Scan using sbtest2_pkey on sbtest2  (cost=0.43..450.86 rows=113 width=4)
	        Index Cond: ((id >= 6962098) AND (id <= 6962197))

table 3 : explain SELECT SUM(k) FROM sbtest3 WHERE id BETWEEN 4286316 AND 4286415
	Aggregate  (cost=395.22..395.23 rows=1 width=8)
	  ->  Index Scan using sbtest3_pkey on sbtest3  (cost=0.43..394.97 rows=99 width=4)
	        Index Cond: ((id >= 4286316) AND (id <= 4286415))

table 4 : explain SELECT SUM(k) FROM sbtest4 WHERE id BETWEEN 1753327 AND 1753426
	Aggregate  (cost=390.96..390.97 rows=1 width=8)
	  ->  Index Scan using sbtest4_pkey on sbtest4  (cost=0.43..390.72 rows=98 width=4)
	        Index Cond: ((id >= 1753327) AND (id <= 1753426))

table 5 : explain SELECT SUM(k) FROM sbtest5 WHERE id BETWEEN 7765393 AND 7765492
	Aggregate  (cost=442.13..442.14 rows=1 width=8)
	  ->  Index Scan using sbtest5_pkey on sbtest5  (cost=0.43..441.85 rows=111 width=4)
	        Index Cond: ((id >= 7765393) AND (id <= 7765492))

table 6 : explain SELECT SUM(k) FROM sbtest6 WHERE id BETWEEN 5485087 AND 5485186
	Aggregate  (cost=374.96..374.97 rows=1 width=8)
	  ->  Index Scan using sbtest6_pkey on sbtest6  (cost=0.43..374.72 rows=94 width=4)
	        Index Cond: ((id >= 5485087) AND (id <= 5485186))

table 7 : explain SELECT SUM(k) FROM sbtest7 WHERE id BETWEEN 4912824 AND 4912923
	Aggregate  (cost=394.14..394.15 rows=1 width=8)
	  ->  Index Scan using sbtest7_pkey on sbtest7  (cost=0.43..393.89 rows=99 width=4)
	        Index Cond: ((id >= 4912824) AND (id <= 4912923))

table 8 : explain SELECT SUM(k) FROM sbtest8 WHERE id BETWEEN 1429399 AND 1429498
	Aggregate  (cost=391.41..391.42 rows=1 width=8)
	  ->  Index Scan using sbtest8_pkey on sbtest8  (cost=0.43..391.16 rows=98 width=4)
	        Index Cond: ((id >= 1429399) AND (id <= 1429498))

for: simple_ranges
table 1 : explain SELECT c FROM sbtest1 WHERE id BETWEEN 9584759 AND 9584858
	Index Scan using sbtest1_pkey on sbtest1  (cost=0.43..407.43 rows=102 width=121)
	  Index Cond: ((id >= 9584759) AND (id <= 9584858))

table 2 : explain SELECT c FROM sbtest2 WHERE id BETWEEN 5963607 AND 5963706
	Index Scan using sbtest2_pkey on sbtest2  (cost=0.43..411.37 rows=103 width=121)
	  Index Cond: ((id >= 5963607) AND (id <= 5963706))

table 3 : explain SELECT c FROM sbtest3 WHERE id BETWEEN 4659520 AND 4659619
	Index Scan using sbtest3_pkey on sbtest3  (cost=0.43..398.92 rows=100 width=121)
	  Index Cond: ((id >= 4659520) AND (id <= 4659619))

table 4 : explain SELECT c FROM sbtest4 WHERE id BETWEEN 925406 AND 925505
	Index Scan using sbtest4_pkey on sbtest4  (cost=0.43..394.66 rows=99 width=121)
	  Index Cond: ((id >= 925406) AND (id <= 925505))

table 5 : explain SELECT c FROM sbtest5 WHERE id BETWEEN 8076253 AND 8076352
	Index Scan using sbtest5_pkey on sbtest5  (cost=0.43..398.52 rows=100 width=121)
	  Index Cond: ((id >= 8076253) AND (id <= 8076352))

table 6 : explain SELECT c FROM sbtest6 WHERE id BETWEEN 8268632 AND 8268731
	Index Scan using sbtest6_pkey on sbtest6  (cost=0.43..429.87 rows=108 width=121)
	  Index Cond: ((id >= 8268632) AND (id <= 8268731))

table 7 : explain SELECT c FROM sbtest7 WHERE id BETWEEN 7944961 AND 7945060
	Index Scan using sbtest7_pkey on sbtest7  (cost=0.43..350.64 rows=88 width=121)
	  Index Cond: ((id >= 7944961) AND (id <= 7945060))

table 8 : explain SELECT c FROM sbtest8 WHERE id BETWEEN 526376 AND 526475
	Index Scan using sbtest8_pkey on sbtest8  (cost=0.43..399.07 rows=100 width=121)
	  Index Cond: ((id >= 526376) AND (id <= 526475))

for: sum_ranges
table 1 : explain SELECT SUM(k) FROM sbtest1 WHERE id BETWEEN 9674614 AND 9674713
	Aggregate  (cost=423.50..423.51 rows=1 width=8)
	  ->  Index Scan using sbtest1_pkey on sbtest1  (cost=0.43..423.23 rows=106 width=4)
	        Index Cond: ((id >= 9674614) AND (id <= 9674713))

table 2 : explain SELECT SUM(k) FROM sbtest2 WHERE id BETWEEN 4625244 AND 4625343
	Aggregate  (cost=439.29..439.30 rows=1 width=8)
	  ->  Index Scan using sbtest2_pkey on sbtest2  (cost=0.43..439.01 rows=110 width=4)
	        Index Cond: ((id >= 4625244) AND (id <= 4625343))

table 3 : explain SELECT SUM(k) FROM sbtest3 WHERE id BETWEEN 5564125 AND 5564224
	Aggregate  (cost=379.44..379.45 rows=1 width=8)
	  ->  Index Scan using sbtest3_pkey on sbtest3  (cost=0.43..379.20 rows=95 width=4)
	        Index Cond: ((id >= 5564125) AND (id <= 5564224))

table 4 : explain SELECT SUM(k) FROM sbtest4 WHERE id BETWEEN 4344443 AND 4344542
	Aggregate  (cost=430.41..430.42 rows=1 width=8)
	  ->  Index Scan using sbtest4_pkey on sbtest4  (cost=0.43..430.14 rows=108 width=4)
	        Index Cond: ((id >= 4344443) AND (id <= 4344542))

table 5 : explain SELECT SUM(k) FROM sbtest5 WHERE id BETWEEN 6735407 AND 6735506
	Aggregate  (cost=382.98..382.99 rows=1 width=8)
	  ->  Index Scan using sbtest5_pkey on sbtest5  (cost=0.43..382.74 rows=96 width=4)
	        Index Cond: ((id >= 6735407) AND (id <= 6735506))

table 6 : explain SELECT SUM(k) FROM sbtest6 WHERE id BETWEEN 372120 AND 372219
	Aggregate  (cost=434.08..434.09 rows=1 width=8)
	  ->  Index Scan using sbtest6_pkey on sbtest6  (cost=0.43..433.81 rows=109 width=4)
	        Index Cond: ((id >= 372120) AND (id <= 372219))

table 7 : explain SELECT SUM(k) FROM sbtest7 WHERE id BETWEEN 9268777 AND 9268876
	Aggregate  (cost=374.47..374.48 rows=1 width=8)
	  ->  Index Scan using sbtest7_pkey on sbtest7  (cost=0.43..374.23 rows=94 width=4)
	        Index Cond: ((id >= 9268777) AND (id <= 9268876))

table 8 : explain SELECT SUM(k) FROM sbtest8 WHERE id BETWEEN 3037952 AND 3038051
	Aggregate  (cost=438.80..438.81 rows=1 width=8)
	  ->  Index Scan using sbtest8_pkey on sbtest8  (cost=0.43..438.52 rows=110 width=4)
	        Index Cond: ((id >= 3037952) AND (id <= 3038051))

explain: for point_selects :: explain SELECT c FROM sbtest%u WHERE id=%u
for: sum_ranges
table 1 : explain SELECT SUM(k) FROM sbtest1 WHERE id BETWEEN 3482736 AND 3482835
	Aggregate  (cost=364.20..364.21 rows=1 width=8)
	  ->  Index Scan using sbtest1_pkey on sbtest1  (cost=0.43..363.97 rows=91 width=4)
	        Index Cond: ((id >= 3482736) AND (id <= 3482835))

table 2 : explain SELECT SUM(k) FROM sbtest2 WHERE id BETWEEN 7853568 AND 7853667
	Aggregate  (cost=415.58..415.59 rows=1 width=8)
	  ->  Index Scan using sbtest2_pkey on sbtest2  (cost=0.43..415.32 rows=104 width=4)
	        Index Cond: ((id >= 7853568) AND (id <= 7853667))

table 3 : explain SELECT SUM(k) FROM sbtest3 WHERE id BETWEEN 148967 AND 149066
	Aggregate  (cost=407.08..407.09 rows=1 width=8)
	  ->  Index Scan using sbtest3_pkey on sbtest3  (cost=0.43..406.82 rows=102 width=4)
	        Index Cond: ((id >= 148967) AND (id <= 149066))

table 4 : explain SELECT SUM(k) FROM sbtest4 WHERE id BETWEEN 937248 AND 937347
	Aggregate  (cost=394.91..394.92 rows=1 width=8)
	  ->  Index Scan using sbtest4_pkey on sbtest4  (cost=0.43..394.66 rows=99 width=4)
	        Index Cond: ((id >= 937248) AND (id <= 937347))

table 5 : explain SELECT SUM(k) FROM sbtest5 WHERE id BETWEEN 9711100 AND 9711199
	Aggregate  (cost=402.71..402.72 rows=1 width=8)
	  ->  Index Scan using sbtest5_pkey on sbtest5  (cost=0.43..402.45 rows=101 width=4)
	        Index Cond: ((id >= 9711100) AND (id <= 9711199))

table 6 : explain SELECT SUM(k) FROM sbtest6 WHERE id BETWEEN 9038090 AND 9038189
	Aggregate  (cost=453.79..453.80 rows=1 width=8)
	  ->  Index Scan using sbtest6_pkey on sbtest6  (cost=0.43..453.50 rows=114 width=4)
	        Index Cond: ((id >= 9038090) AND (id <= 9038189))

table 7 : explain SELECT SUM(k) FROM sbtest7 WHERE id BETWEEN 9904152 AND 9904251
	Aggregate  (cost=402.03..402.04 rows=1 width=8)
	  ->  Index Scan using sbtest7_pkey on sbtest7  (cost=0.43..401.78 rows=101 width=4)
	        Index Cond: ((id >= 9904152) AND (id <= 9904251))

table 8 : explain SELECT SUM(k) FROM sbtest8 WHERE id BETWEEN 2593567 AND 2593666
	Aggregate  (cost=415.11..415.12 rows=1 width=8)
	  ->  Index Scan using sbtest8_pkey on sbtest8  (cost=0.43..414.85 rows=104 width=4)
	        Index Cond: ((id >= 2593567) AND (id <= 2593666))

for: simple_ranges
table 1 : explain SELECT c FROM sbtest1 WHERE id BETWEEN 6428402 AND 6428501
	Index Scan using sbtest1_pkey on sbtest1  (cost=0.43..466.68 rows=117 width=121)
	  Index Cond: ((id >= 6428402) AND (id <= 6428501))

table 2 : explain SELECT c FROM sbtest2 WHERE id BETWEEN 9118377 AND 9118476
	Index Scan using sbtest2_pkey on sbtest2  (cost=0.43..411.37 rows=103 width=121)
	  Index Cond: ((id >= 9118377) AND (id <= 9118476))

table 3 : explain SELECT c FROM sbtest3 WHERE id BETWEEN 957985 AND 958084
	Index Scan using sbtest3_pkey on sbtest3  (cost=0.43..387.09 rows=97 width=121)
	  Index Cond: ((id >= 957985) AND (id <= 958084))

table 4 : explain SELECT c FROM sbtest4 WHERE id BETWEEN 7911704 AND 7911803
	Index Scan using sbtest4_pkey on sbtest4  (cost=0.43..382.84 rows=96 width=121)
	  Index Cond: ((id >= 7911704) AND (id <= 7911803))

table 5 : explain SELECT c FROM sbtest5 WHERE id BETWEEN 2216477 AND 2216576
	Index Scan using sbtest5_pkey on sbtest5  (cost=0.43..426.09 rows=107 width=121)
	  Index Cond: ((id >= 2216477) AND (id <= 2216576))

table 6 : explain SELECT c FROM sbtest6 WHERE id BETWEEN 1113517 AND 1113616
	Index Scan using sbtest6_pkey on sbtest6  (cost=0.43..410.18 rows=103 width=121)
	  Index Cond: ((id >= 1113517) AND (id <= 1113616))

table 7 : explain SELECT c FROM sbtest7 WHERE id BETWEEN 1669951 AND 1670050
	Index Scan using sbtest7_pkey on sbtest7  (cost=0.43..429.31 rows=108 width=121)
	  Index Cond: ((id >= 1669951) AND (id <= 1670050))

table 8 : explain SELECT c FROM sbtest8 WHERE id BETWEEN 6634812 AND 6634911
	Index Scan using sbtest8_pkey on sbtest8  (cost=0.43..410.91 rows=103 width=121)
	  Index Cond: ((id >= 6634812) AND (id <= 6634911))

for: simple_ranges
table 1 : explain SELECT c FROM sbtest1 WHERE id BETWEEN 8929689 AND 8929788
	Index Scan using sbtest1_pkey on sbtest1  (cost=0.43..391.62 rows=98 width=121)
	  Index Cond: ((id >= 8929689) AND (id <= 8929788))

table 2 : explain SELECT c FROM sbtest2 WHERE id BETWEEN 7776351 AND 7776450
	Index Scan using sbtest2_pkey on sbtest2  (cost=0.43..407.42 rows=102 width=121)
	  Index Cond: ((id >= 7776351) AND (id <= 7776450))

table 3 : explain SELECT c FROM sbtest3 WHERE id BETWEEN 6992260 AND 6992359
	Index Scan using sbtest3_pkey on sbtest3  (cost=0.43..375.26 rows=94 width=121)
	  Index Cond: ((id >= 6992260) AND (id <= 6992359))

table 4 : explain SELECT c FROM sbtest4 WHERE id BETWEEN 6341464 AND 6341563
	Index Scan using sbtest4_pkey on sbtest4  (cost=0.43..382.84 rows=96 width=121)
	  Index Cond: ((id >= 6341464) AND (id <= 6341563))

table 5 : explain SELECT c FROM sbtest5 WHERE id BETWEEN 7204228 AND 7204327
	Index Scan using sbtest5_pkey on sbtest5  (cost=0.43..398.52 rows=100 width=121)
	  Index Cond: ((id >= 7204228) AND (id <= 7204327))

table 6 : explain SELECT c FROM sbtest6 WHERE id BETWEEN 1141039 AND 1141138
	Index Scan using sbtest6_pkey on sbtest6  (cost=0.43..366.85 rows=92 width=121)
	  Index Cond: ((id >= 1141039) AND (id <= 1141138))

table 7 : explain SELECT c FROM sbtest7 WHERE id BETWEEN 1108047 AND 1108146
	Index Scan using sbtest7_pkey on sbtest7  (cost=0.43..409.65 rows=103 width=121)
	  Index Cond: ((id >= 1108047) AND (id <= 1108146))

table 8 : explain SELECT c FROM sbtest8 WHERE id BETWEEN 1678382 AND 1678481
	Index Scan using sbtest8_pkey on sbtest8  (cost=0.43..367.49 rows=92 width=121)
	  Index Cond: ((id >= 1678382) AND (id <= 1678481))

for: sum_ranges
table 1 : explain SELECT SUM(k) FROM sbtest1 WHERE id BETWEEN 126152 AND 126251
	Aggregate  (cost=407.69..407.70 rows=1 width=8)
	  ->  Index Scan using sbtest1_pkey on sbtest1  (cost=0.43..407.43 rows=102 width=4)
	        Index Cond: ((id >= 126152) AND (id <= 126251))

table 2 : explain SELECT SUM(k) FROM sbtest2 WHERE id BETWEEN 4956727 AND 4956826
	Aggregate  (cost=387.89..387.90 rows=1 width=8)
	  ->  Index Scan using sbtest2_pkey on sbtest2  (cost=0.43..387.65 rows=97 width=4)
	        Index Cond: ((id >= 4956727) AND (id <= 4956826))

table 3 : explain SELECT SUM(k) FROM sbtest3 WHERE id BETWEEN 4850735 AND 4850834
	Aggregate  (cost=403.11..403.12 rows=1 width=8)
	  ->  Index Scan using sbtest3_pkey on sbtest3  (cost=0.43..402.86 rows=101 width=4)
	        Index Cond: ((id >= 4850735) AND (id <= 4850834))

table 4 : explain SELECT SUM(k) FROM sbtest4 WHERE id BETWEEN 9590538 AND 9590637
	Aggregate  (cost=379.13..379.14 rows=1 width=8)
	  ->  Index Scan using sbtest4_pkey on sbtest4  (cost=0.43..378.90 rows=95 width=4)
	        Index Cond: ((id >= 9590538) AND (id <= 9590637))

table 5 : explain SELECT SUM(k) FROM sbtest5 WHERE id BETWEEN 5536797 AND 5536896
	Aggregate  (cost=398.77..398.78 rows=1 width=8)
	  ->  Index Scan using sbtest5_pkey on sbtest5  (cost=0.43..398.52 rows=100 width=4)
	        Index Cond: ((id >= 5536797) AND (id <= 5536896))

table 6 : explain SELECT SUM(k) FROM sbtest6 WHERE id BETWEEN 1431966 AND 1432065
	Aggregate  (cost=374.96..374.97 rows=1 width=8)
	  ->  Index Scan using sbtest6_pkey on sbtest6  (cost=0.43..374.72 rows=94 width=4)
	        Index Cond: ((id >= 1431966) AND (id <= 1432065))

table 7 : explain SELECT SUM(k) FROM sbtest7 WHERE id BETWEEN 8253592 AND 8253691
	Aggregate  (cost=425.65..425.66 rows=1 width=8)
	  ->  Index Scan using sbtest7_pkey on sbtest7  (cost=0.43..425.38 rows=107 width=4)
	        Index Cond: ((id >= 8253592) AND (id <= 8253691))

table 8 : explain SELECT SUM(k) FROM sbtest8 WHERE id BETWEEN 1413706 AND 1413805
	Aggregate  (cost=391.41..391.42 rows=1 width=8)
	  ->  Index Scan using sbtest8_pkey on sbtest8  (cost=0.43..391.16 rows=98 width=4)
	        Index Cond: ((id >= 1413706) AND (id <= 1413805))

for point_selects
table 1 : explain SELECT c FROM sbtest1 WHERE id=1197250
	Index Scan using sbtest1_pkey on sbtest1  (cost=0.43..8.45 rows=1 width=121)
	  Index Cond: (id = 1197250)

table 2 : explain SELECT c FROM sbtest2 WHERE id=4824923
	Index Scan using sbtest2_pkey on sbtest2  (cost=0.43..8.45 rows=1 width=121)
	  Index Cond: (id = 4824923)

table 3 : explain SELECT c FROM sbtest3 WHERE id=5642672
	Index Scan using sbtest3_pkey on sbtest3  (cost=0.43..8.45 rows=1 width=121)
	  Index Cond: (id = 5642672)

table 4 : explain SELECT c FROM sbtest4 WHERE id=4652797
	Index Scan using sbtest4_pkey on sbtest4  (cost=0.43..8.45 rows=1 width=121)
	  Index Cond: (id = 4652797)

table 5 : explain SELECT c FROM sbtest5 WHERE id=6620275
	Index Scan using sbtest5_pkey on sbtest5  (cost=0.43..8.45 rows=1 width=121)
	  Index Cond: (id = 6620275)

table 6 : explain SELECT c FROM sbtest6 WHERE id=3965522
	Index Scan using sbtest6_pkey on sbtest6  (cost=0.43..8.45 rows=1 width=121)
	  Index Cond: (id = 3965522)

table 7 : explain SELECT c FROM sbtest7 WHERE id=8275768
	Index Scan using sbtest7_pkey on sbtest7  (cost=0.43..8.45 rows=1 width=121)
	  Index Cond: (id = 8275768)

table 8 : explain SELECT c FROM sbtest8 WHERE id=5870326
	Index Scan using sbtest8_pkey on sbtest8  (cost=0.43..8.45 rows=1 width=121)
	  Index Cond: (id = 5870326)

for: sum_ranges
table 1 : explain SELECT SUM(k) FROM sbtest1 WHERE id BETWEEN 5655860 AND 5655959
	Aggregate  (cost=455.12..455.13 rows=1 width=8)
	  ->  Index Scan using sbtest1_pkey on sbtest1  (cost=0.43..454.83 rows=114 width=4)
	        Index Cond: ((id >= 5655860) AND (id <= 5655959))

table 2 : explain SELECT SUM(k) FROM sbtest2 WHERE id BETWEEN 862785 AND 862884
	Aggregate  (cost=407.67..407.68 rows=1 width=8)
	  ->  Index Scan using sbtest2_pkey on sbtest2  (cost=0.43..407.42 rows=102 width=4)
	        Index Cond: ((id >= 862785) AND (id <= 862884))

table 3 : explain SELECT SUM(k) FROM sbtest3 WHERE id BETWEEN 6408850 AND 6408949
	Aggregate  (cost=387.33..387.34 rows=1 width=8)
	  ->  Index Scan using sbtest3_pkey on sbtest3  (cost=0.43..387.09 rows=97 width=4)
	        Index Cond: ((id >= 6408850) AND (id <= 6408949))

table 4 : explain SELECT SUM(k) FROM sbtest4 WHERE id BETWEEN 8617316 AND 8617415
	Aggregate  (cost=394.91..394.92 rows=1 width=8)
	  ->  Index Scan using sbtest4_pkey on sbtest4  (cost=0.43..394.66 rows=99 width=4)
	        Index Cond: ((id >= 8617316) AND (id <= 8617415))

table 5 : explain SELECT SUM(k) FROM sbtest5 WHERE id BETWEEN 965149 AND 965248
	Aggregate  (cost=402.71..402.72 rows=1 width=8)
	  ->  Index Scan using sbtest5_pkey on sbtest5  (cost=0.43..402.45 rows=101 width=4)
	        Index Cond: ((id >= 965149) AND (id <= 965248))

table 6 : explain SELECT SUM(k) FROM sbtest6 WHERE id BETWEEN 2423129 AND 2423228
	Aggregate  (cost=394.66..394.67 rows=1 width=8)
	  ->  Index Scan using sbtest6_pkey on sbtest6  (cost=0.43..394.41 rows=99 width=4)
	        Index Cond: ((id >= 2423129) AND (id <= 2423228))

table 7 : explain SELECT SUM(k) FROM sbtest7 WHERE id BETWEEN 2195493 AND 2195592
	Aggregate  (cost=417.77..417.78 rows=1 width=8)
	  ->  Index Scan using sbtest7_pkey on sbtest7  (cost=0.43..417.51 rows=105 width=4)
	        Index Cond: ((id >= 2195493) AND (id <= 2195592))

table 8 : explain SELECT SUM(k) FROM sbtest8 WHERE id BETWEEN 1747576 AND 1747675
	Aggregate  (cost=454.59..454.60 rows=1 width=8)
	  ->  Index Scan using sbtest8_pkey on sbtest8  (cost=0.43..454.30 rows=114 width=4)
	        Index Cond: ((id >= 1747576) AND (id <= 1747675))

explain: for point_selects :: explain SELECT c FROM sbtest%u WHERE id=%u
explain: for point_selects :: explain SELECT c FROM sbtest%u WHERE id=%u
for: simple_ranges
table 1 : explain SELECT c FROM sbtest1 WHERE id BETWEEN 5421883 AND 5421982
	Index Scan using sbtest1_pkey on sbtest1  (cost=0.43..395.57 rows=99 width=121)
	  Index Cond: ((id >= 5421883) AND (id <= 5421982))

table 2 : explain SELECT c FROM sbtest2 WHERE id BETWEEN 3935156 AND 3935255
	Index Scan using sbtest2_pkey on sbtest2  (cost=0.43..407.42 rows=102 width=121)
	  Index Cond: ((id >= 3935156) AND (id <= 3935255))

table 3 : explain SELECT c FROM sbtest3 WHERE id BETWEEN 855546 AND 855645
	Index Scan using sbtest3_pkey on sbtest3  (cost=0.43..418.66 rows=105 width=121)
	  Index Cond: ((id >= 855546) AND (id <= 855645))

table 4 : explain SELECT c FROM sbtest4 WHERE id BETWEEN 6290408 AND 6290507
	Index Scan using sbtest4_pkey on sbtest4  (cost=0.43..406.50 rows=102 width=121)
	  Index Cond: ((id >= 6290408) AND (id <= 6290507))

table 5 : explain SELECT c FROM sbtest5 WHERE id BETWEEN 250889 AND 250988
	Index Scan using sbtest5_pkey on sbtest5  (cost=0.43..351.22 rows=88 width=121)
	  Index Cond: ((id >= 250889) AND (id <= 250988))

table 6 : explain SELECT c FROM sbtest6 WHERE id BETWEEN 7732748 AND 7732847
	Index Scan using sbtest6_pkey on sbtest6  (cost=0.43..422.00 rows=106 width=121)
	  Index Cond: ((id >= 7732748) AND (id <= 7732847))

table 7 : explain SELECT c FROM sbtest7 WHERE id BETWEEN 5595240 AND 5595339
	Index Scan using sbtest7_pkey on sbtest7  (cost=0.43..409.65 rows=103 width=121)
	  Index Cond: ((id >= 5595240) AND (id <= 5595339))

table 8 : explain SELECT c FROM sbtest8 WHERE id BETWEEN 8251913 AND 8252012
	Index Scan using sbtest8_pkey on sbtest8  (cost=0.43..422.74 rows=106 width=121)
	  Index Cond: ((id >= 8251913) AND (id <= 8252012))

explain: for point_selects :: explain SELECT c FROM sbtest%u WHERE id=%u
for: order_ranges
table 1 : explain SELECT c FROM sbtest1 WHERE id BETWEEN 3481042 AND 3481141 ORDER BY c
	Sort  (cost=366.93..367.16 rows=91 width=121)
	  Sort Key: c
	  ->  Index Scan using sbtest1_pkey on sbtest1  (cost=0.43..363.97 rows=91 width=121)
	        Index Cond: ((id >= 3481042) AND (id <= 3481141))

table 2 : explain SELECT c FROM sbtest2 WHERE id BETWEEN 3331520 AND 3331619 ORDER BY c
	Sort  (cost=394.84..395.09 rows=98 width=121)
	  Sort Key: c
	  ->  Index Scan using sbtest2_pkey on sbtest2  (cost=0.43..391.60 rows=98 width=121)
	        Index Cond: ((id >= 3331520) AND (id <= 3331619))

table 3 : explain SELECT c FROM sbtest3 WHERE id BETWEEN 2564066 AND 2564165 ORDER BY c
	Sort  (cost=394.27..394.52 rows=98 width=121)
	  Sort Key: c
	  ->  Index Scan using sbtest3_pkey on sbtest3  (cost=0.43..391.03 rows=98 width=121)
	        Index Cond: ((id >= 2564066) AND (id <= 2564165))

table 4 : explain SELECT c FROM sbtest4 WHERE id BETWEEN 5929962 AND 5930061 ORDER BY c
	Sort  (cost=401.92..402.17 rows=100 width=121)
	  Sort Key: c
	  ->  Index Scan using sbtest4_pkey on sbtest4  (cost=0.43..398.60 rows=100 width=121)
	        Index Cond: ((id >= 5929962) AND (id <= 5930061))

table 5 : explain SELECT c FROM sbtest5 WHERE id BETWEEN 3638503 AND 3638602 ORDER BY c
	Sort  (cost=425.72..425.98 rows=106 width=121)
	  Sort Key: c
	  ->  Index Scan using sbtest5_pkey on sbtest5  (cost=0.43..422.15 rows=106 width=121)
	        Index Cond: ((id >= 3638503) AND (id <= 3638602))

table 6 : explain SELECT c FROM sbtest6 WHERE id BETWEEN 7350187 AND 7350286 ORDER BY c
	Sort  (cost=377.80..378.04 rows=94 width=121)
	  Sort Key: c
	  ->  Index Scan using sbtest6_pkey on sbtest6  (cost=0.43..374.72 rows=94 width=121)
	        Index Cond: ((id >= 7350187) AND (id <= 7350286))

table 7 : explain SELECT c FROM sbtest7 WHERE id BETWEEN 1100781 AND 1100880 ORDER BY c
	Sort  (cost=413.09..413.35 rows=103 width=121)
	  Sort Key: c
	  ->  Index Scan using sbtest7_pkey on sbtest7  (cost=0.43..409.65 rows=103 width=121)
	        Index Cond: ((id >= 1100781) AND (id <= 1100880))

table 8 : explain SELECT c FROM sbtest8 WHERE id BETWEEN 1925111 AND 1925210 ORDER BY c
	Sort  (cost=414.35..414.61 rows=103 width=121)
	  Sort Key: c
	  ->  Index Scan using sbtest8_pkey on sbtest8  (cost=0.43..410.91 rows=103 width=121)
	        Index Cond: ((id >= 1925111) AND (id <= 1925210))

explain: for point_selects :: explain SELECT c FROM sbtest%u WHERE id=%u
for: order_ranges
table 1 : explain SELECT c FROM sbtest1 WHERE id BETWEEN 7354267 AND 7354366 ORDER BY c
	Sort  (cost=418.82..419.08 rows=104 width=121)
	  Sort Key: c
	  ->  Index Scan using sbtest1_pkey on sbtest1  (cost=0.43..415.33 rows=104 width=121)
	        Index Cond: ((id >= 7354267) AND (id <= 7354366))

table 2 : explain SELECT c FROM sbtest2 WHERE id BETWEEN 1265426 AND 1265525 ORDER BY c
	Sort  (cost=414.81..415.07 rows=103 width=121)
	  Sort Key: c
	  ->  Index Scan using sbtest2_pkey on sbtest2  (cost=0.43..411.37 rows=103 width=121)
	        Index Cond: ((id >= 1265426) AND (id <= 1265525))

table 3 : explain SELECT c FROM sbtest3 WHERE id BETWEEN 8226787 AND 8226886 ORDER BY c
	Sort  (cost=382.32..382.56 rows=95 width=121)
	  Sort Key: c
	  ->  Index Scan using sbtest3_pkey on sbtest3  (cost=0.43..379.20 rows=95 width=121)
	        Index Cond: ((id >= 8226787) AND (id <= 8226886))

table 4 : explain SELECT c FROM sbtest4 WHERE id BETWEEN 5582207 AND 5582306 ORDER BY c
	Sort  (cost=362.12..362.34 rows=90 width=121)
	  Sort Key: c
	  ->  Index Scan using sbtest4_pkey on sbtest4  (cost=0.43..359.19 rows=90 width=121)
	        Index Cond: ((id >= 5582207) AND (id <= 5582306))

table 5 : explain SELECT c FROM sbtest5 WHERE id BETWEEN 9906253 AND 9906352 ORDER BY c
	Sort  (cost=417.76..418.02 rows=104 width=121)
	  Sort Key: c
	  ->  Index Scan using sbtest5_pkey on sbtest5  (cost=0.43..414.27 rows=104 width=121)
	        Index Cond: ((id >= 9906253) AND (id <= 9906352))

table 6 : explain SELECT c FROM sbtest6 WHERE id BETWEEN 6958802 AND 6958901 ORDER BY c
	Sort  (cost=425.56..425.83 rows=106 width=121)
	  Sort Key: c
	  ->  Index Scan using sbtest6_pkey on sbtest6  (cost=0.43..422.00 rows=106 width=121)
	        Index Cond: ((id >= 6958802) AND (id <= 6958901))

table 7 : explain SELECT c FROM sbtest7 WHERE id BETWEEN 1272333 AND 1272432 ORDER BY c
	Sort  (cost=369.37..369.60 rows=92 width=121)
	  Sort Key: c
	  ->  Index Scan using sbtest7_pkey on sbtest7  (cost=0.43..366.37 rows=92 width=121)
	        Index Cond: ((id >= 1272333) AND (id <= 1272432))

table 8 : explain SELECT c FROM sbtest8 WHERE id BETWEEN 3303006 AND 3303105 ORDER BY c
	Sort  (cost=402.39..402.64 rows=100 width=121)
	  Sort Key: c
	  ->  Index Scan using sbtest8_pkey on sbtest8  (cost=0.43..399.07 rows=100 width=121)
	        Index Cond: ((id >= 3303006) AND (id <= 3303105))

for: order_ranges
table 1 : explain SELECT c FROM sbtest1 WHERE id BETWEEN 9694493 AND 9694592 ORDER BY c
	Sort  (cost=350.97..351.19 rows=87 width=121)
	  Sort Key: c
	  ->  Index Scan using sbtest1_pkey on sbtest1  (cost=0.43..348.17 rows=87 width=121)
	        Index Cond: ((id >= 9694493) AND (id <= 9694592))

table 2 : explain SELECT c FROM sbtest2 WHERE id BETWEEN 8426460 AND 8426559 ORDER BY c
	Sort  (cost=394.84..395.09 rows=98 width=121)
	  Sort Key: c
	  ->  Index Scan using sbtest2_pkey on sbtest2  (cost=0.43..391.60 rows=98 width=121)
	        Index Cond: ((id >= 8426460) AND (id <= 8426559))

table 3 : explain SELECT c FROM sbtest3 WHERE id BETWEEN 2154217 AND 2154316 ORDER BY c
	Sort  (cost=390.29..390.53 rows=97 width=121)
	  Sort Key: c
	  ->  Index Scan using sbtest3_pkey on sbtest3  (cost=0.43..387.09 rows=97 width=121)
	        Index Cond: ((id >= 2154217) AND (id <= 2154316))

table 4 : explain SELECT c FROM sbtest4 WHERE id BETWEEN 3262732 AND 3262831 ORDER BY c
	Sort  (cost=350.18..350.39 rows=87 width=121)
	  Sort Key: c
	  ->  Index Scan using sbtest4_pkey on sbtest4  (cost=0.43..347.37 rows=87 width=121)
	        Index Cond: ((id >= 3262732) AND (id <= 3262831))

table 5 : explain SELECT c FROM sbtest5 WHERE id BETWEEN 166075 AND 166174 ORDER BY c
	Sort  (cost=437.66..437.93 rows=109 width=121)
	  Sort Key: c
	  ->  Index Scan using sbtest5_pkey on sbtest5  (cost=0.43..433.97 rows=109 width=121)
	        Index Cond: ((id >= 166075) AND (id <= 166174))

table 6 : explain SELECT c FROM sbtest6 WHERE id BETWEEN 2698590 AND 2698689 ORDER BY c
	Sort  (cost=473.31..473.61 rows=118 width=121)
	  Sort Key: c
	  ->  Index Scan using sbtest6_pkey on sbtest6  (cost=0.43..469.25 rows=118 width=121)
	        Index Cond: ((id >= 2698590) AND (id <= 2698689))

table 7 : explain SELECT c FROM sbtest7 WHERE id BETWEEN 4262487 AND 4262586 ORDER BY c
	Sort  (cost=413.09..413.35 rows=103 width=121)
	  Sort Key: c
	  ->  Index Scan using sbtest7_pkey on sbtest7  (cost=0.43..409.65 rows=103 width=121)
	        Index Cond: ((id >= 4262487) AND (id <= 4262586))

table 8 : explain SELECT c FROM sbtest8 WHERE id BETWEEN 5340550 AND 5340649 ORDER BY c
	Sort  (cost=398.39..398.64 rows=99 width=121)
	  Sort Key: c
	  ->  Index Scan using sbtest8_pkey on sbtest8  (cost=0.43..395.11 rows=99 width=121)
	        Index Cond: ((id >= 5340550) AND (id <= 5340649))

explain: for point_selects :: explain SELECT c FROM sbtest%u WHERE id=%u
for: order_ranges
table 1 : explain SELECT c FROM sbtest1 WHERE id BETWEEN 8452944 AND 8453043 ORDER BY c
	Sort  (cost=414.83..415.09 rows=103 width=121)
	  Sort Key: c
	  ->  Index Scan using sbtest1_pkey on sbtest1  (cost=0.43..411.38 rows=103 width=121)
	        Index Cond: ((id >= 8452944) AND (id <= 8453043))

table 2 : explain SELECT c FROM sbtest2 WHERE id BETWEEN 7089311 AND 7089410 ORDER BY c
	Sort  (cost=398.83..399.08 rows=99 width=121)
	  Sort Key: c
	  ->  Index Scan using sbtest2_pkey on sbtest2  (cost=0.43..395.55 rows=99 width=121)
	        Index Cond: ((id >= 7089311) AND (id <= 7089410))

table 3 : explain SELECT c FROM sbtest3 WHERE id BETWEEN 9055673 AND 9055772 ORDER BY c
	Sort  (cost=382.32..382.56 rows=95 width=121)
	  Sort Key: c
	  ->  Index Scan using sbtest3_pkey on sbtest3  (cost=0.43..379.20 rows=95 width=121)
	        Index Cond: ((id >= 9055673) AND (id <= 9055772))

table 4 : explain SELECT c FROM sbtest4 WHERE id BETWEEN 3664618 AND 3664717 ORDER BY c
	Sort  (cost=405.92..406.17 rows=101 width=121)
	  Sort Key: c
	  ->  Index Scan using sbtest4_pkey on sbtest4  (cost=0.43..402.56 rows=101 width=121)
	        Index Cond: ((id >= 3664618) AND (id <= 3664717))

table 5 : explain SELECT c FROM sbtest5 WHERE id BETWEEN 5916025 AND 5916124 ORDER BY c
	Sort  (cost=385.90..386.14 rows=96 width=121)
	  Sort Key: c
	  ->  Index Scan using sbtest5_pkey on sbtest5  (cost=0.43..382.74 rows=96 width=121)
	        Index Cond: ((id >= 5916025) AND (id <= 5916124))

table 6 : explain SELECT c FROM sbtest6 WHERE id BETWEEN 5595837 AND 5595936 ORDER BY c
	Sort  (cost=425.56..425.83 rows=106 width=121)
	  Sort Key: c
	  ->  Index Scan using sbtest6_pkey on sbtest6  (cost=0.43..422.00 rows=106 width=121)
	        Index Cond: ((id >= 5595837) AND (id <= 5595936))

table 7 : explain SELECT c FROM sbtest7 WHERE id BETWEEN 541246 AND 541345 ORDER BY c
	Sort  (cost=464.75..465.04 rows=116 width=121)
	  Sort Key: c
	  ->  Index Scan using sbtest7_pkey on sbtest7  (cost=0.43..460.77 rows=116 width=121)
	        Index Cond: ((id >= 541246) AND (id <= 541345))

table 8 : explain SELECT c FROM sbtest8 WHERE id BETWEEN 33561 AND 33660 ORDER BY c
	Sort  (cost=410.37..410.62 rows=102 width=121)
	  Sort Key: c
	  ->  Index Scan using sbtest8_pkey on sbtest8  (cost=0.43..406.96 rows=102 width=121)
	        Index Cond: ((id >= 33561) AND (id <= 33660))

for: distinct_ranges
table 1 : explain SELECT DISTINCT c FROM sbtest1 WHERE id BETWEEN 6273366 AND 6273465 ORDER BY c
	Unique  (cost=462.72..463.29 rows=115 width=121)
	  ->  Sort  (cost=462.72..463.01 rows=115 width=121)
	        Sort Key: c
	        ->  Index Scan using sbtest1_pkey on sbtest1  (cost=0.43..458.78 rows=115 width=121)
	              Index Cond: ((id >= 6273366) AND (id <= 6273465))

table 2 : explain SELECT DISTINCT c FROM sbtest2 WHERE id BETWEEN 1871411 AND 1871510 ORDER BY c
	Unique  (cost=422.79..423.32 rows=105 width=121)
	  ->  Sort  (cost=422.79..423.05 rows=105 width=121)
	        Sort Key: c
	        ->  Index Scan using sbtest2_pkey on sbtest2  (cost=0.43..419.27 rows=105 width=121)
	              Index Cond: ((id >= 1871411) AND (id <= 1871510))

table 3 : explain SELECT DISTINCT c FROM sbtest3 WHERE id BETWEEN 9336876 AND 9336975 ORDER BY c
	Unique  (cost=354.44..354.88 rows=88 width=121)
	  ->  Sort  (cost=354.44..354.66 rows=88 width=121)
	        Sort Key: c
	        ->  Index Scan using sbtest3_pkey on sbtest3  (cost=0.43..351.59 rows=88 width=121)
	              Index Cond: ((id >= 9336876) AND (id <= 9336975))

table 4 : explain SELECT DISTINCT c FROM sbtest4 WHERE id BETWEEN 5613386 AND 5613485 ORDER BY c
	Unique  (cost=397.94..398.44 rows=99 width=121)
	  ->  Sort  (cost=397.94..398.19 rows=99 width=121)
	        Sort Key: c
	        ->  Index Scan using sbtest4_pkey on sbtest4  (cost=0.43..394.66 rows=99 width=121)
	              Index Cond: ((id >= 5613386) AND (id <= 5613485))

table 5 : explain SELECT DISTINCT c FROM sbtest5 WHERE id BETWEEN 616387 AND 616486 ORDER BY c
	Unique  (cost=409.80..410.31 rows=102 width=121)
	  ->  Sort  (cost=409.80..410.05 rows=102 width=121)
	        Sort Key: c
	        ->  Index Scan using sbtest5_pkey on sbtest5  (cost=0.43..406.39 rows=102 width=121)
	              Index Cond: ((id >= 616387) AND (id <= 616486))

table 6 : explain SELECT DISTINCT c FROM sbtest6 WHERE id BETWEEN 2922819 AND 2922918 ORDER BY c
	Unique  (cost=381.78..382.26 rows=95 width=121)
	  ->  Sort  (cost=381.78..382.02 rows=95 width=121)
	        Sort Key: c
	        ->  Index Scan using sbtest6_pkey on sbtest6  (cost=0.43..378.66 rows=95 width=121)
	              Index Cond: ((id >= 2922819) AND (id <= 2922918))

table 7 : explain SELECT DISTINCT c FROM sbtest7 WHERE id BETWEEN 9503936 AND 9504035 ORDER BY c
	Unique  (cost=373.34..373.80 rows=93 width=121)
	  ->  Sort  (cost=373.34..373.57 rows=93 width=121)
	        Sort Key: c
	        ->  Index Scan using sbtest7_pkey on sbtest7  (cost=0.43..370.30 rows=93 width=121)
	              Index Cond: ((id >= 9503936) AND (id <= 9504035))

table 8 : explain SELECT DISTINCT c FROM sbtest8 WHERE id BETWEEN 7024625 AND 7024724 ORDER BY c
	Unique  (cost=418.34..418.86 rows=104 width=121)
	  ->  Sort  (cost=418.34..418.60 rows=104 width=121)
	        Sort Key: c
	        ->  Index Scan using sbtest8_pkey on sbtest8  (cost=0.43..414.85 rows=104 width=121)
	              Index Cond: ((id >= 7024625) AND (id <= 7024724))

for: sum_ranges
table 1 : explain SELECT SUM(k) FROM sbtest1 WHERE id BETWEEN 2003755 AND 2003854
	Aggregate  (cost=387.91..387.92 rows=1 width=8)
	  ->  Index Scan using sbtest1_pkey on sbtest1  (cost=0.43..387.67 rows=97 width=4)
	        Index Cond: ((id >= 2003755) AND (id <= 2003854))

table 2 : explain SELECT SUM(k) FROM sbtest2 WHERE id BETWEEN 3991228 AND 3991327
	Aggregate  (cost=407.67..407.68 rows=1 width=8)
	  ->  Index Scan using sbtest2_pkey on sbtest2  (cost=0.43..407.42 rows=102 width=4)
	        Index Cond: ((id >= 3991228) AND (id <= 3991327))

table 3 : explain SELECT SUM(k) FROM sbtest3 WHERE id BETWEEN 3172033 AND 3172132
	Aggregate  (cost=422.86..422.87 rows=1 width=8)
	  ->  Index Scan using sbtest3_pkey on sbtest3  (cost=0.43..422.60 rows=106 width=4)
	        Index Cond: ((id >= 3172033) AND (id <= 3172132))

table 4 : explain SELECT SUM(k) FROM sbtest4 WHERE id BETWEEN 9481840 AND 9481939
	Aggregate  (cost=402.81..402.82 rows=1 width=8)
	  ->  Index Scan using sbtest4_pkey on sbtest4  (cost=0.43..402.56 rows=101 width=4)
	        Index Cond: ((id >= 9481840) AND (id <= 9481939))

table 5 : explain SELECT SUM(k) FROM sbtest5 WHERE id BETWEEN 6045238 AND 6045337
	Aggregate  (cost=390.86..390.87 rows=1 width=8)
	  ->  Index Scan using sbtest5_pkey on sbtest5  (cost=0.43..390.62 rows=98 width=4)
	        Index Cond: ((id >= 6045238) AND (id <= 6045337))

table 6 : explain SELECT SUM(k) FROM sbtest6 WHERE id BETWEEN 1208524 AND 1208623
	Aggregate  (cost=367.08..367.09 rows=1 width=8)
	  ->  Index Scan using sbtest6_pkey on sbtest6  (cost=0.43..366.85 rows=92 width=4)
	        Index Cond: ((id >= 1208524) AND (id <= 1208623))

table 7 : explain SELECT SUM(k) FROM sbtest7 WHERE id BETWEEN 2884851 AND 2884950
	Aggregate  (cost=409.90..409.91 rows=1 width=8)
	  ->  Index Scan using sbtest7_pkey on sbtest7  (cost=0.43..409.65 rows=103 width=4)
	        Index Cond: ((id >= 2884851) AND (id <= 2884950))

table 8 : explain SELECT SUM(k) FROM sbtest8 WHERE id BETWEEN 2898572 AND 2898671
	Aggregate  (cost=391.41..391.42 rows=1 width=8)
	  ->  Index Scan using sbtest8_pkey on sbtest8  (cost=0.43..391.16 rows=98 width=4)
	        Index Cond: ((id >= 2898572) AND (id <= 2898671))

for: order_ranges
table 1 : explain SELECT c FROM sbtest1 WHERE id BETWEEN 6071125 AND 6071224 ORDER BY c
	Sort  (cost=374.91..375.14 rows=93 width=121)
	  Sort Key: c
	  ->  Index Scan using sbtest1_pkey on sbtest1  (cost=0.43..371.87 rows=93 width=121)
	        Index Cond: ((id >= 6071125) AND (id <= 6071224))

table 2 : explain SELECT c FROM sbtest2 WHERE id BETWEEN 1060524 AND 1060623 ORDER BY c
	Sort  (cost=390.85..391.10 rows=97 width=121)
	  Sort Key: c
	  ->  Index Scan using sbtest2_pkey on sbtest2  (cost=0.43..387.65 rows=97 width=121)
	        Index Cond: ((id >= 1060524) AND (id <= 1060623))

table 3 : explain SELECT c FROM sbtest3 WHERE id BETWEEN 8445799 AND 8445898 ORDER BY c
	Sort  (cost=410.23..410.48 rows=102 width=121)
	  Sort Key: c
	  ->  Index Scan using sbtest3_pkey on sbtest3  (cost=0.43..406.82 rows=102 width=121)
	        Index Cond: ((id >= 8445799) AND (id <= 8445898))

table 4 : explain SELECT c FROM sbtest4 WHERE id BETWEEN 7910061 AND 7910160 ORDER BY c
	Sort  (cost=386.00..386.24 rows=96 width=121)
	  Sort Key: c
	  ->  Index Scan using sbtest4_pkey on sbtest4  (cost=0.43..382.84 rows=96 width=121)
	        Index Cond: ((id >= 7910061) AND (id <= 7910160))

table 5 : explain SELECT c FROM sbtest5 WHERE id BETWEEN 5909664 AND 5909763 ORDER BY c
	Sort  (cost=385.90..386.14 rows=96 width=121)
	  Sort Key: c
	  ->  Index Scan using sbtest5_pkey on sbtest5  (cost=0.43..382.74 rows=96 width=121)
	        Index Cond: ((id >= 5909664) AND (id <= 5909763))

table 6 : explain SELECT c FROM sbtest6 WHERE id BETWEEN 7048705 AND 7048804 ORDER BY c
	Sort  (cost=373.82..374.06 rows=93 width=121)
	  Sort Key: c
	  ->  Index Scan using sbtest6_pkey on sbtest6  (cost=0.43..370.78 rows=93 width=121)
	        Index Cond: ((id >= 7048705) AND (id <= 7048804))

table 7 : explain SELECT c FROM sbtest7 WHERE id BETWEEN 6802042 AND 6802141 ORDER BY c
	Sort  (cost=413.09..413.35 rows=103 width=121)
	  Sort Key: c
	  ->  Index Scan using sbtest7_pkey on sbtest7  (cost=0.43..409.65 rows=103 width=121)
	        Index Cond: ((id >= 6802042) AND (id <= 6802141))

table 8 : explain SELECT c FROM sbtest8 WHERE id BETWEEN 8383721 AND 8383820 ORDER BY c
	Sort  (cost=414.35..414.61 rows=103 width=121)
	  Sort Key: c
	  ->  Index Scan using sbtest8_pkey on sbtest8  (cost=0.43..410.91 rows=103 width=121)
	        Index Cond: ((id >= 8383721) AND (id <= 8383820))

for point_selects
table 1 : explain SELECT c FROM sbtest1 WHERE id=8054022
	Index Scan using sbtest1_pkey on sbtest1  (cost=0.43..8.45 rows=1 width=121)
	  Index Cond: (id = 8054022)

table 2 : explain SELECT c FROM sbtest2 WHERE id=4410503
	Index Scan using sbtest2_pkey on sbtest2  (cost=0.43..8.45 rows=1 width=121)
	  Index Cond: (id = 4410503)

table 3 : explain SELECT c FROM sbtest3 WHERE id=4169989
	Index Scan using sbtest3_pkey on sbtest3  (cost=0.43..8.45 rows=1 width=121)
	  Index Cond: (id = 4169989)

table 4 : explain SELECT c FROM sbtest4 WHERE id=9020852
	Index Scan using sbtest4_pkey on sbtest4  (cost=0.43..8.45 rows=1 width=121)
	  Index Cond: (id = 9020852)

table 5 : explain SELECT c FROM sbtest5 WHERE id=6921479
	Index Scan using sbtest5_pkey on sbtest5  (cost=0.43..8.45 rows=1 width=121)
	  Index Cond: (id = 6921479)

table 6 : explain SELECT c FROM sbtest6 WHERE id=3571906
	Index Scan using sbtest6_pkey on sbtest6  (cost=0.43..8.45 rows=1 width=121)
	  Index Cond: (id = 3571906)

table 7 : explain SELECT c FROM sbtest7 WHERE id=5143427
	Index Scan using sbtest7_pkey on sbtest7  (cost=0.43..8.45 rows=1 width=121)
	  Index Cond: (id = 5143427)

table 8 : explain SELECT c FROM sbtest8 WHERE id=6979020
	Index Scan using sbtest8_pkey on sbtest8  (cost=0.43..8.45 rows=1 width=121)
	  Index Cond: (id = 6979020)

explain: for point_selects :: explain SELECT c FROM sbtest%u WHERE id=%u
for point_selects
table 1 : explain SELECT c FROM sbtest1 WHERE id=9324485
	Index Scan using sbtest1_pkey on sbtest1  (cost=0.43..8.45 rows=1 width=121)
	  Index Cond: (id = 9324485)

table 2 : explain SELECT c FROM sbtest2 WHERE id=6352521
	Index Scan using sbtest2_pkey on sbtest2  (cost=0.43..8.45 rows=1 width=121)
	  Index Cond: (id = 6352521)

table 3 : explain SELECT c FROM sbtest3 WHERE id=2007314
	Index Scan using sbtest3_pkey on sbtest3  (cost=0.43..8.45 rows=1 width=121)
	  Index Cond: (id = 2007314)

table 4 : explain SELECT c FROM sbtest4 WHERE id=5727848
	Index Scan using sbtest4_pkey on sbtest4  (cost=0.43..8.45 rows=1 width=121)
	  Index Cond: (id = 5727848)

table 5 : explain SELECT c FROM sbtest5 WHERE id=9239476
	Index Scan using sbtest5_pkey on sbtest5  (cost=0.43..8.45 rows=1 width=121)
	  Index Cond: (id = 9239476)

table 6 : explain SELECT c FROM sbtest6 WHERE id=891578
	Index Scan using sbtest6_pkey on sbtest6  (cost=0.43..8.45 rows=1 width=121)
	  Index Cond: (id = 891578)

table 7 : explain SELECT c FROM sbtest7 WHERE id=8876750
	Index Scan using sbtest7_pkey on sbtest7  (cost=0.43..8.45 rows=1 width=121)
	  Index Cond: (id = 8876750)

table 8 : explain SELECT c FROM sbtest8 WHERE id=3278370
	Index Scan using sbtest8_pkey on sbtest8  (cost=0.43..8.45 rows=1 width=121)
	  Index Cond: (id = 3278370)

for: sum_ranges
table 1 : explain SELECT SUM(k) FROM sbtest1 WHERE id BETWEEN 3450263 AND 3450362
	Aggregate  (cost=364.20..364.21 rows=1 width=8)
	  ->  Index Scan using sbtest1_pkey on sbtest1  (cost=0.43..363.97 rows=91 width=4)
	        Index Cond: ((id >= 3450263) AND (id <= 3450362))

table 2 : explain SELECT SUM(k) FROM sbtest2 WHERE id BETWEEN 1182449 AND 1182548
	Aggregate  (cost=395.80..395.81 rows=1 width=8)
	  ->  Index Scan using sbtest2_pkey on sbtest2  (cost=0.43..395.55 rows=99 width=4)
	        Index Cond: ((id >= 1182449) AND (id <= 1182548))

table 3 : explain SELECT SUM(k) FROM sbtest3 WHERE id BETWEEN 5109912 AND 5110011
	Aggregate  (cost=407.08..407.09 rows=1 width=8)
	  ->  Index Scan using sbtest3_pkey on sbtest3  (cost=0.43..406.82 rows=102 width=4)
	        Index Cond: ((id >= 5109912) AND (id <= 5110011))

table 4 : explain SELECT SUM(k) FROM sbtest4 WHERE id BETWEEN 5201024 AND 5201123
	Aggregate  (cost=375.19..375.20 rows=1 width=8)
	  ->  Index Scan using sbtest4_pkey on sbtest4  (cost=0.43..374.96 rows=94 width=4)
	        Index Cond: ((id >= 5201024) AND (id <= 5201123))

table 5 : explain SELECT SUM(k) FROM sbtest5 WHERE id BETWEEN 534243 AND 534342
	Aggregate  (cost=426.36..426.37 rows=1 width=8)
	  ->  Index Scan using sbtest5_pkey on sbtest5  (cost=0.43..426.09 rows=107 width=4)
	        Index Cond: ((id >= 534243) AND (id <= 534342))

table 6 : explain SELECT SUM(k) FROM sbtest6 WHERE id BETWEEN 3779249 AND 3779348
	Aggregate  (cost=378.90..378.91 rows=1 width=8)
	  ->  Index Scan using sbtest6_pkey on sbtest6  (cost=0.43..378.66 rows=95 width=4)
	        Index Cond: ((id >= 3779249) AND (id <= 3779348))

table 7 : explain SELECT SUM(k) FROM sbtest7 WHERE id BETWEEN 6267132 AND 6267231
	Aggregate  (cost=386.27..386.28 rows=1 width=8)
	  ->  Index Scan using sbtest7_pkey on sbtest7  (cost=0.43..386.03 rows=97 width=4)
	        Index Cond: ((id >= 6267132) AND (id <= 6267231))

table 8 : explain SELECT SUM(k) FROM sbtest8 WHERE id BETWEEN 4184838 AND 4184937
	Aggregate  (cost=434.85..434.86 rows=1 width=8)
	  ->  Index Scan using sbtest8_pkey on sbtest8  (cost=0.43..434.58 rows=109 width=4)
	        Index Cond: ((id >= 4184838) AND (id <= 4184937))

for: simple_ranges
table 1 : explain SELECT c FROM sbtest1 WHERE id BETWEEN 4099134 AND 4099233
	Index Scan using sbtest1_pkey on sbtest1  (cost=0.43..403.48 rows=101 width=121)
	  Index Cond: ((id >= 4099134) AND (id <= 4099233))

table 2 : explain SELECT c FROM sbtest2 WHERE id BETWEEN 3526189 AND 3526288
	Index Scan using sbtest2_pkey on sbtest2  (cost=0.43..403.47 rows=101 width=121)
	  Index Cond: ((id >= 3526189) AND (id <= 3526288))

table 3 : explain SELECT c FROM sbtest3 WHERE id BETWEEN 1978105 AND 1978204
	Index Scan using sbtest3_pkey on sbtest3  (cost=0.43..442.32 rows=111 width=121)
	  Index Cond: ((id >= 1978105) AND (id <= 1978204))

table 4 : explain SELECT c FROM sbtest4 WHERE id BETWEEN 5571863 AND 5571962
	Index Scan using sbtest4_pkey on sbtest4  (cost=0.43..359.19 rows=90 width=121)
	  Index Cond: ((id >= 5571863) AND (id <= 5571962))

table 5 : explain SELECT c FROM sbtest5 WHERE id BETWEEN 5322298 AND 5322397
	Index Scan using sbtest5_pkey on sbtest5  (cost=0.43..410.33 rows=103 width=121)
	  Index Cond: ((id >= 5322298) AND (id <= 5322397))

table 6 : explain SELECT c FROM sbtest6 WHERE id BETWEEN 2507166 AND 2507265
	Index Scan using sbtest6_pkey on sbtest6  (cost=0.43..406.25 rows=102 width=121)
	  Index Cond: ((id >= 2507166) AND (id <= 2507265))

table 7 : explain SELECT c FROM sbtest7 WHERE id BETWEEN 6151465 AND 6151564
	Index Scan using sbtest7_pkey on sbtest7  (cost=0.43..382.10 rows=96 width=121)
	  Index Cond: ((id >= 6151465) AND (id <= 6151564))

table 8 : explain SELECT c FROM sbtest8 WHERE id BETWEEN 259103 AND 259202
	Index Scan using sbtest8_pkey on sbtest8  (cost=0.43..410.91 rows=103 width=121)
	  Index Cond: ((id >= 259103) AND (id <= 259202))

for: order_ranges
table 1 : explain SELECT c FROM sbtest1 WHERE id BETWEEN 4661724 AND 4661823 ORDER BY c
	Sort  (cost=402.84..403.09 rows=100 width=121)
	  Sort Key: c
	  ->  Index Scan using sbtest1_pkey on sbtest1  (cost=0.43..399.52 rows=100 width=121)
	        Index Cond: ((id >= 4661724) AND (id <= 4661823))

table 2 : explain SELECT c FROM sbtest2 WHERE id BETWEEN 8083450 AND 8083549 ORDER BY c
	Sort  (cost=394.84..395.09 rows=98 width=121)
	  Sort Key: c
	  ->  Index Scan using sbtest2_pkey on sbtest2  (cost=0.43..391.60 rows=98 width=121)
	        Index Cond: ((id >= 8083450) AND (id <= 8083549))

table 3 : explain SELECT c FROM sbtest3 WHERE id BETWEEN 7151889 AND 7151988 ORDER BY c
	Sort  (cost=386.30..386.54 rows=96 width=121)
	  Sort Key: c
	  ->  Index Scan using sbtest3_pkey on sbtest3  (cost=0.43..383.14 rows=96 width=121)
	        Index Cond: ((id >= 7151889) AND (id <= 7151988))

table 4 : explain SELECT c FROM sbtest4 WHERE id BETWEEN 3303764 AND 3303863 ORDER BY c
	Sort  (cost=393.96..394.20 rows=98 width=121)
	  Sort Key: c
	  ->  Index Scan using sbtest4_pkey on sbtest4  (cost=0.43..390.72 rows=98 width=121)
	        Index Cond: ((id >= 3303764) AND (id <= 3303863))

table 5 : explain SELECT c FROM sbtest5 WHERE id BETWEEN 4667926 AND 4668025 ORDER BY c
	Sort  (cost=457.56..457.85 rows=114 width=121)
	  Sort Key: c
	  ->  Index Scan using sbtest5_pkey on sbtest5  (cost=0.43..453.67 rows=114 width=121)
	        Index Cond: ((id >= 4667926) AND (id <= 4668025))

table 6 : explain SELECT c FROM sbtest6 WHERE id BETWEEN 9787866 AND 9787965 ORDER BY c
	Sort  (cost=381.78..382.02 rows=95 width=121)
	  Sort Key: c
	  ->  Index Scan using sbtest6_pkey on sbtest6  (cost=0.43..378.66 rows=95 width=121)
	        Index Cond: ((id >= 9787866) AND (id <= 9787965))

table 7 : explain SELECT c FROM sbtest7 WHERE id BETWEEN 1367228 AND 1367327 ORDER BY c
	Sort  (cost=385.26..385.50 rows=96 width=121)
	  Sort Key: c
	  ->  Index Scan using sbtest7_pkey on sbtest7  (cost=0.43..382.10 rows=96 width=121)
	        Index Cond: ((id >= 1367228) AND (id <= 1367327))

table 8 : explain SELECT c FROM sbtest8 WHERE id BETWEEN 8944380 AND 8944479 ORDER BY c
	Sort  (cost=350.57..350.79 rows=87 width=121)
	  Sort Key: c
	  ->  Index Scan using sbtest8_pkey on sbtest8  (cost=0.43..347.77 rows=87 width=121)
	        Index Cond: ((id >= 8944380) AND (id <= 8944479))

for point_selects
table 1 : explain SELECT c FROM sbtest1 WHERE id=8168278
	Index Scan using sbtest1_pkey on sbtest1  (cost=0.43..8.45 rows=1 width=121)
	  Index Cond: (id = 8168278)

table 2 : explain SELECT c FROM sbtest2 WHERE id=394753
	Index Scan using sbtest2_pkey on sbtest2  (cost=0.43..8.45 rows=1 width=121)
	  Index Cond: (id = 394753)

table 3 : explain SELECT c FROM sbtest3 WHERE id=2077335
	Index Scan using sbtest3_pkey on sbtest3  (cost=0.43..8.45 rows=1 width=121)
	  Index Cond: (id = 2077335)

table 4 : explain SELECT c FROM sbtest4 WHERE id=7532822
	Index Scan using sbtest4_pkey on sbtest4  (cost=0.43..8.45 rows=1 width=121)
	  Index Cond: (id = 7532822)

table 5 : explain SELECT c FROM sbtest5 WHERE id=3960686
	Index Scan using sbtest5_pkey on sbtest5  (cost=0.43..8.45 rows=1 width=121)
	  Index Cond: (id = 3960686)

table 6 : explain SELECT c FROM sbtest6 WHERE id=7609056
	Index Scan using sbtest6_pkey on sbtest6  (cost=0.43..8.45 rows=1 width=121)
	  Index Cond: (id = 7609056)

table 7 : explain SELECT c FROM sbtest7 WHERE id=7976984
	Index Scan using sbtest7_pkey on sbtest7  (cost=0.43..8.45 rows=1 width=121)
	  Index Cond: (id = 7976984)

table 8 : explain SELECT c FROM sbtest8 WHERE id=1086398
	Index Scan using sbtest8_pkey on sbtest8  (cost=0.43..8.45 rows=1 width=121)
	  Index Cond: (id = 1086398)

for: distinct_ranges
table 1 : explain SELECT DISTINCT c FROM sbtest1 WHERE id BETWEEN 5069124 AND 5069223 ORDER BY c
	Unique  (cost=394.86..395.35 rows=98 width=121)
	  ->  Sort  (cost=394.86..395.10 rows=98 width=121)
	        Sort Key: c
	        ->  Index Scan using sbtest1_pkey on sbtest1  (cost=0.43..391.62 rows=98 width=121)
	              Index Cond: ((id >= 5069124) AND (id <= 5069223))

table 2 : explain SELECT DISTINCT c FROM sbtest2 WHERE id BETWEEN 5147339 AND 5147438 ORDER BY c
	Unique  (cost=350.96..351.39 rows=87 width=121)
	  ->  Sort  (cost=350.96..351.18 rows=87 width=121)
	        Sort Key: c
	        ->  Index Scan using sbtest2_pkey on sbtest2  (cost=0.43..348.16 rows=87 width=121)
	              Index Cond: ((id >= 5147339) AND (id <= 5147438))

table 3 : explain SELECT DISTINCT c FROM sbtest3 WHERE id BETWEEN 4260954 AND 4261053 ORDER BY c
	Unique  (cost=398.26..398.75 rows=99 width=121)
	  ->  Sort  (cost=398.26..398.50 rows=99 width=121)
	        Sort Key: c
	        ->  Index Scan using sbtest3_pkey on sbtest3  (cost=0.43..394.97 rows=99 width=121)
	              Index Cond: ((id >= 4260954) AND (id <= 4261053))

table 4 : explain SELECT DISTINCT c FROM sbtest4 WHERE id BETWEEN 761796 AND 761895 ORDER BY c
	Unique  (cost=441.75..442.30 rows=110 width=121)
	  ->  Sort  (cost=441.75..442.03 rows=110 width=121)
	        Sort Key: c
	        ->  Index Scan using sbtest4_pkey on sbtest4  (cost=0.43..438.02 rows=110 width=121)
	              Index Cond: ((id >= 761796) AND (id <= 761895))

table 5 : explain SELECT DISTINCT c FROM sbtest5 WHERE id BETWEEN 2085142 AND 2085241 ORDER BY c
	Unique  (cost=421.74..422.26 rows=105 width=121)
	  ->  Sort  (cost=421.74..422.00 rows=105 width=121)
	        Sort Key: c
	        ->  Index Scan using sbtest5_pkey on sbtest5  (cost=0.43..418.21 rows=105 width=121)
	              Index Cond: ((id >= 2085142) AND (id <= 2085241))

table 6 : explain SELECT DISTINCT c FROM sbtest6 WHERE id BETWEEN 970151 AND 970250 ORDER BY c
	Unique  (cost=405.67..406.18 rows=101 width=121)
	  ->  Sort  (cost=405.67..405.92 rows=101 width=121)
	        Sort Key: c
	        ->  Index Scan using sbtest6_pkey on sbtest6  (cost=0.43..402.31 rows=101 width=121)
	              Index Cond: ((id >= 970151) AND (id <= 970250))

table 7 : explain SELECT DISTINCT c FROM sbtest7 WHERE id BETWEEN 4209014 AND 4209113 ORDER BY c
	Unique  (cost=413.09..413.61 rows=103 width=121)
	  ->  Sort  (cost=413.09..413.35 rows=103 width=121)
	        Sort Key: c
	        ->  Index Scan using sbtest7_pkey on sbtest7  (cost=0.43..409.65 rows=103 width=121)
	              Index Cond: ((id >= 4209014) AND (id <= 4209113))

table 8 : explain SELECT DISTINCT c FROM sbtest8 WHERE id BETWEEN 4690547 AND 4690646 ORDER BY c
	Unique  (cost=410.37..410.88 rows=102 width=121)
	  ->  Sort  (cost=410.37..410.62 rows=102 width=121)
	        Sort Key: c
	        ->  Index Scan using sbtest8_pkey on sbtest8  (cost=0.43..406.96 rows=102 width=121)
	              Index Cond: ((id >= 4690547) AND (id <= 4690646))

for: distinct_ranges
table 1 : explain SELECT DISTINCT c FROM sbtest1 WHERE id BETWEEN 3641396 AND 3641495 ORDER BY c
	Unique  (cost=386.88..387.36 rows=96 width=121)
	  ->  Sort  (cost=386.88..387.12 rows=96 width=121)
	        Sort Key: c
	        ->  Index Scan using sbtest1_pkey on sbtest1  (cost=0.43..383.72 rows=96 width=121)
	              Index Cond: ((id >= 3641396) AND (id <= 3641495))

table 2 : explain SELECT DISTINCT c FROM sbtest2 WHERE id BETWEEN 9710707 AND 9710806 ORDER BY c
	Unique  (cost=402.84..403.34 rows=100 width=121)
	  ->  Sort  (cost=402.84..403.09 rows=100 width=121)
	        Sort Key: c
	        ->  Index Scan using sbtest2_pkey on sbtest2  (cost=0.43..399.52 rows=100 width=121)
	              Index Cond: ((id >= 9710707) AND (id <= 9710806))

table 3 : explain SELECT DISTINCT c FROM sbtest3 WHERE id BETWEEN 7608259 AND 7608358 ORDER BY c
	Unique  (cost=378.34..378.81 rows=94 width=121)
	  ->  Sort  (cost=378.34..378.57 rows=94 width=121)
	        Sort Key: c
	        ->  Index Scan using sbtest3_pkey on sbtest3  (cost=0.43..375.26 rows=94 width=121)
	              Index Cond: ((id >= 7608259) AND (id <= 7608358))

table 4 : explain SELECT DISTINCT c FROM sbtest4 WHERE id BETWEEN 7529674 AND 7529773 ORDER BY c
	Unique  (cost=417.86..418.38 rows=104 width=121)
	  ->  Sort  (cost=417.86..418.12 rows=104 width=121)
	        Sort Key: c
	        ->  Index Scan using sbtest4_pkey on sbtest4  (cost=0.43..414.38 rows=104 width=121)
	              Index Cond: ((id >= 7529674) AND (id <= 7529773))

table 5 : explain SELECT DISTINCT c FROM sbtest5 WHERE id BETWEEN 9785298 AND 9785397 ORDER BY c
	Unique  (cost=433.68..434.22 rows=108 width=121)
	  ->  Sort  (cost=433.68..433.95 rows=108 width=121)
	        Sort Key: c
	        ->  Index Scan using sbtest5_pkey on sbtest5  (cost=0.43..430.03 rows=108 width=121)
	              Index Cond: ((id >= 9785298) AND (id <= 9785397))

table 6 : explain SELECT DISTINCT c FROM sbtest6 WHERE id BETWEEN 7502174 AND 7502273 ORDER BY c
	Unique  (cost=393.71..394.20 rows=98 width=121)
	  ->  Sort  (cost=393.71..393.96 rows=98 width=121)
	        Sort Key: c
	        ->  Index Scan using sbtest6_pkey on sbtest6  (cost=0.43..390.47 rows=98 width=121)
	              Index Cond: ((id >= 7502174) AND (id <= 7502273))

table 7 : explain SELECT DISTINCT c FROM sbtest7 WHERE id BETWEEN 7499244 AND 7499343 ORDER BY c
	Unique  (cost=401.15..401.65 rows=100 width=121)
	  ->  Sort  (cost=401.15..401.40 rows=100 width=121)
	        Sort Key: c
	        ->  Index Scan using sbtest7_pkey on sbtest7  (cost=0.43..397.83 rows=100 width=121)
	              Index Cond: ((id >= 7499244) AND (id <= 7499343))

table 8 : explain SELECT DISTINCT c FROM sbtest8 WHERE id BETWEEN 1654901 AND 1655000 ORDER BY c
	Unique  (cost=370.49..370.95 rows=92 width=121)
	  ->  Sort  (cost=370.49..370.72 rows=92 width=121)
	        Sort Key: c
	        ->  Index Scan using sbtest8_pkey on sbtest8  (cost=0.43..367.49 rows=92 width=121)
	              Index Cond: ((id >= 1654901) AND (id <= 1655000))

for: order_ranges
table 1 : explain SELECT c FROM sbtest1 WHERE id BETWEEN 6745500 AND 6745599 ORDER BY c
	Sort  (cost=398.85..399.10 rows=99 width=121)
	  Sort Key: c
	  ->  Index Scan using sbtest1_pkey on sbtest1  (cost=0.43..395.57 rows=99 width=121)
	        Index Cond: ((id >= 6745500) AND (id <= 6745599))

table 2 : explain SELECT c FROM sbtest2 WHERE id BETWEEN 7274032 AND 7274131 ORDER BY c
	Sort  (cost=398.83..399.08 rows=99 width=121)
	  Sort Key: c
	  ->  Index Scan using sbtest2_pkey on sbtest2  (cost=0.43..395.55 rows=99 width=121)
	        Index Cond: ((id >= 7274032) AND (id <= 7274131))

table 3 : explain SELECT c FROM sbtest3 WHERE id BETWEEN 521130 AND 521229 ORDER BY c
	Sort  (cost=398.26..398.50 rows=99 width=121)
	  Sort Key: c
	  ->  Index Scan using sbtest3_pkey on sbtest3  (cost=0.43..394.97 rows=99 width=121)
	        Index Cond: ((id >= 521130) AND (id <= 521229))

table 4 : explain SELECT c FROM sbtest4 WHERE id BETWEEN 2695337 AND 2695436 ORDER BY c
	Sort  (cost=401.92..402.17 rows=100 width=121)
	  Sort Key: c
	  ->  Index Scan using sbtest4_pkey on sbtest4  (cost=0.43..398.60 rows=100 width=121)
	        Index Cond: ((id >= 2695337) AND (id <= 2695436))

table 5 : explain SELECT c FROM sbtest5 WHERE id BETWEEN 1492706 AND 1492805 ORDER BY c
	Sort  (cost=385.90..386.14 rows=96 width=121)
	  Sort Key: c
	  ->  Index Scan using sbtest5_pkey on sbtest5  (cost=0.43..382.74 rows=96 width=121)
	        Index Cond: ((id >= 1492706) AND (id <= 1492805))

table 6 : explain SELECT c FROM sbtest6 WHERE id BETWEEN 4323601 AND 4323700 ORDER BY c
	Sort  (cost=393.71..393.96 rows=98 width=121)
	  Sort Key: c
	  ->  Index Scan using sbtest6_pkey on sbtest6  (cost=0.43..390.47 rows=98 width=121)
	        Index Cond: ((id >= 4323601) AND (id <= 4323700))

table 7 : explain SELECT c FROM sbtest7 WHERE id BETWEEN 1096456 AND 1096555 ORDER BY c
	Sort  (cost=413.09..413.35 rows=103 width=121)
	  Sort Key: c
	  ->  Index Scan using sbtest7_pkey on sbtest7  (cost=0.43..409.65 rows=103 width=121)
	        Index Cond: ((id >= 1096456) AND (id <= 1096555))

table 8 : explain SELECT c FROM sbtest8 WHERE id BETWEEN 4429030 AND 4429129 ORDER BY c
	Sort  (cost=362.52..362.75 rows=90 width=121)
	  Sort Key: c
	  ->  Index Scan using sbtest8_pkey on sbtest8  (cost=0.43..359.60 rows=90 width=121)
	        Index Cond: ((id >= 4429030) AND (id <= 4429129))

for: distinct_ranges
table 1 : explain SELECT DISTINCT c FROM sbtest1 WHERE id BETWEEN 2310175 AND 2310274 ORDER BY c
	Unique  (cost=438.77..439.32 rows=109 width=121)
	  ->  Sort  (cost=438.77..439.04 rows=109 width=121)
	        Sort Key: c
	        ->  Index Scan using sbtest1_pkey on sbtest1  (cost=0.43..435.08 rows=109 width=121)
	              Index Cond: ((id >= 2310175) AND (id <= 2310274))

table 2 : explain SELECT DISTINCT c FROM sbtest2 WHERE id BETWEEN 7188615 AND 7188714 ORDER BY c
	Unique  (cost=402.84..403.34 rows=100 width=121)
	  ->  Sort  (cost=402.84..403.09 rows=100 width=121)
	        Sort Key: c
	        ->  Index Scan using sbtest2_pkey on sbtest2  (cost=0.43..399.52 rows=100 width=121)
	              Index Cond: ((id >= 7188615) AND (id <= 7188714))

table 3 : explain SELECT DISTINCT c FROM sbtest3 WHERE id BETWEEN 938413 AND 938512 ORDER BY c
	Unique  (cost=390.29..390.77 rows=97 width=121)
	  ->  Sort  (cost=390.29..390.53 rows=97 width=121)
	        Sort Key: c
	        ->  Index Scan using sbtest3_pkey on sbtest3  (cost=0.43..387.09 rows=97 width=121)
	              Index Cond: ((id >= 938413) AND (id <= 938512))

table 4 : explain SELECT DISTINCT c FROM sbtest4 WHERE id BETWEEN 9091470 AND 9091569 ORDER BY c
	Unique  (cost=401.92..402.42 rows=100 width=121)
	  ->  Sort  (cost=401.92..402.17 rows=100 width=121)
	        Sort Key: c
	        ->  Index Scan using sbtest4_pkey on sbtest4  (cost=0.43..398.60 rows=100 width=121)
	              Index Cond: ((id >= 9091470) AND (id <= 9091569))

table 5 : explain SELECT DISTINCT c FROM sbtest5 WHERE id BETWEEN 5647192 AND 5647291 ORDER BY c
	Unique  (cost=461.54..462.12 rows=115 width=121)
	  ->  Sort  (cost=461.54..461.83 rows=115 width=121)
	        Sort Key: c
	        ->  Index Scan using sbtest5_pkey on sbtest5  (cost=0.43..457.61 rows=115 width=121)
	              Index Cond: ((id >= 5647192) AND (id <= 5647291))

table 6 : explain SELECT DISTINCT c FROM sbtest6 WHERE id BETWEEN 6431675 AND 6431774 ORDER BY c
	Unique  (cost=409.65..410.16 rows=102 width=121)
	  ->  Sort  (cost=409.65..409.90 rows=102 width=121)
	        Sort Key: c
	        ->  Index Scan using sbtest6_pkey on sbtest6  (cost=0.43..406.25 rows=102 width=121)
	              Index Cond: ((id >= 6431675) AND (id <= 6431774))

table 7 : explain SELECT DISTINCT c FROM sbtest7 WHERE id BETWEEN 8296296 AND 8296395 ORDER BY c
	Unique  (cost=428.98..429.52 rows=107 width=121)
	  ->  Sort  (cost=428.98..429.25 rows=107 width=121)
	        Sort Key: c
	        ->  Index Scan using sbtest7_pkey on sbtest7  (cost=0.43..425.38 rows=107 width=121)
	              Index Cond: ((id >= 8296296) AND (id <= 8296395))

table 8 : explain SELECT DISTINCT c FROM sbtest8 WHERE id BETWEEN 6273505 AND 6273604 ORDER BY c
	Unique  (cost=390.42..390.90 rows=97 width=121)
	  ->  Sort  (cost=390.42..390.66 rows=97 width=121)
	        Sort Key: c
	        ->  Index Scan using sbtest8_pkey on sbtest8  (cost=0.43..387.22 rows=97 width=121)
	              Index Cond: ((id >= 6273505) AND (id <= 6273604))

for: simple_ranges
table 1 : explain SELECT c FROM sbtest1 WHERE id BETWEEN 785666 AND 785765
	Index Scan using sbtest1_pkey on sbtest1  (cost=0.43..407.43 rows=102 width=121)
	  Index Cond: ((id >= 785666) AND (id <= 785765))

table 2 : explain SELECT c FROM sbtest2 WHERE id BETWEEN 1899213 AND 1899312
	Index Scan using sbtest2_pkey on sbtest2  (cost=0.43..419.27 rows=105 width=121)
	  Index Cond: ((id >= 1899213) AND (id <= 1899312))

table 3 : explain SELECT c FROM sbtest3 WHERE id BETWEEN 1175312 AND 1175411
	Index Scan using sbtest3_pkey on sbtest3  (cost=0.43..406.82 rows=102 width=121)
	  Index Cond: ((id >= 1175312) AND (id <= 1175411))

table 4 : explain SELECT c FROM sbtest4 WHERE id BETWEEN 3712183 AND 3712282
	Index Scan using sbtest4_pkey on sbtest4  (cost=0.43..398.60 rows=100 width=121)
	  Index Cond: ((id >= 3712183) AND (id <= 3712282))

table 5 : explain SELECT c FROM sbtest5 WHERE id BETWEEN 8310079 AND 8310178
	Index Scan using sbtest5_pkey on sbtest5  (cost=0.43..374.86 rows=94 width=121)
	  Index Cond: ((id >= 8310079) AND (id <= 8310178))

table 6 : explain SELECT c FROM sbtest6 WHERE id BETWEEN 1094502 AND 1094601
	Index Scan using sbtest6_pkey on sbtest6  (cost=0.43..410.18 rows=103 width=121)
	  Index Cond: ((id >= 1094502) AND (id <= 1094601))

table 7 : explain SELECT c FROM sbtest7 WHERE id BETWEEN 1542083 AND 1542182
	Index Scan using sbtest7_pkey on sbtest7  (cost=0.43..417.51 rows=105 width=121)
	  Index Cond: ((id >= 1542083) AND (id <= 1542182))

table 8 : explain SELECT c FROM sbtest8 WHERE id BETWEEN 9754694 AND 9754793
	Index Scan using sbtest8_pkey on sbtest8  (cost=0.43..375.38 rows=94 width=121)
	  Index Cond: ((id >= 9754694) AND (id <= 9754793))

for: distinct_ranges
table 1 : explain SELECT DISTINCT c FROM sbtest1 WHERE id BETWEEN 1531944 AND 1532043 ORDER BY c
	Unique  (cost=402.84..403.34 rows=100 width=121)
	  ->  Sort  (cost=402.84..403.09 rows=100 width=121)
	        Sort Key: c
	        ->  Index Scan using sbtest1_pkey on sbtest1  (cost=0.43..399.52 rows=100 width=121)
	              Index Cond: ((id >= 1531944) AND (id <= 1532043))

table 2 : explain SELECT DISTINCT c FROM sbtest2 WHERE id BETWEEN 2611597 AND 2611696 ORDER BY c
	Unique  (cost=406.83..407.33 rows=101 width=121)
	  ->  Sort  (cost=406.83..407.08 rows=101 width=121)
	        Sort Key: c
	        ->  Index Scan using sbtest2_pkey on sbtest2  (cost=0.43..403.47 rows=101 width=121)
	              Index Cond: ((id >= 2611597) AND (id <= 2611696))

table 3 : explain SELECT DISTINCT c FROM sbtest3 WHERE id BETWEEN 9434873 AND 9434972 ORDER BY c
	Unique  (cost=450.07..450.63 rows=112 width=121)
	  ->  Sort  (cost=450.07..450.35 rows=112 width=121)
	        Sort Key: c
	        ->  Index Scan using sbtest3_pkey on sbtest3  (cost=0.43..446.26 rows=112 width=121)
	              Index Cond: ((id >= 9434873) AND (id <= 9434972))

table 4 : explain SELECT DISTINCT c FROM sbtest4 WHERE id BETWEEN 2972922 AND 2973021 ORDER BY c
	Unique  (cost=393.96..394.45 rows=98 width=121)
	  ->  Sort  (cost=393.96..394.20 rows=98 width=121)
	        Sort Key: c
	        ->  Index Scan using sbtest4_pkey on sbtest4  (cost=0.43..390.72 rows=98 width=121)
	              Index Cond: ((id >= 2972922) AND (id <= 2973021))

table 5 : explain SELECT DISTINCT c FROM sbtest5 WHERE id BETWEEN 5065012 AND 5065111 ORDER BY c
	Unique  (cost=401.84..402.34 rows=100 width=121)
	  ->  Sort  (cost=401.84..402.09 rows=100 width=121)
	        Sort Key: c
	        ->  Index Scan using sbtest5_pkey on sbtest5  (cost=0.43..398.52 rows=100 width=121)
	              Index Cond: ((id >= 5065012) AND (id <= 5065111))

table 6 : explain SELECT DISTINCT c FROM sbtest6 WHERE id BETWEEN 2418390 AND 2418489 ORDER BY c
	Unique  (cost=397.69..398.19 rows=99 width=121)
	  ->  Sort  (cost=397.69..397.94 rows=99 width=121)
	        Sort Key: c
	        ->  Index Scan using sbtest6_pkey on sbtest6  (cost=0.43..394.41 rows=99 width=121)
	              Index Cond: ((id >= 2418390) AND (id <= 2418489))

table 7 : explain SELECT DISTINCT c FROM sbtest7 WHERE id BETWEEN 4353766 AND 4353865 ORDER BY c
	Unique  (cost=377.31..377.78 rows=94 width=121)
	  ->  Sort  (cost=377.31..377.55 rows=94 width=121)
	        Sort Key: c
	        ->  Index Scan using sbtest7_pkey on sbtest7  (cost=0.43..374.23 rows=94 width=121)
	              Index Cond: ((id >= 4353766) AND (id <= 4353865))

table 8 : explain SELECT DISTINCT c FROM sbtest8 WHERE id BETWEEN 8976558 AND 8976657 ORDER BY c
	Unique  (cost=406.38..406.89 rows=101 width=121)
	  ->  Sort  (cost=406.38..406.63 rows=101 width=121)
	        Sort Key: c
	        ->  Index Scan using sbtest8_pkey on sbtest8  (cost=0.43..403.02 rows=101 width=121)
	              Index Cond: ((id >= 8976558) AND (id <= 8976657))

for: sum_ranges
table 1 : explain SELECT SUM(k) FROM sbtest1 WHERE id BETWEEN 682841 AND 682940
	Aggregate  (cost=415.59..415.60 rows=1 width=8)
	  ->  Index Scan using sbtest1_pkey on sbtest1  (cost=0.43..415.33 rows=104 width=4)
	        Index Cond: ((id >= 682841) AND (id <= 682940))

table 2 : explain SELECT SUM(k) FROM sbtest2 WHERE id BETWEEN 8667685 AND 8667784
	Aggregate  (cost=399.77..399.78 rows=1 width=8)
	  ->  Index Scan using sbtest2_pkey on sbtest2  (cost=0.43..399.52 rows=100 width=4)
	        Index Cond: ((id >= 8667685) AND (id <= 8667784))

table 3 : explain SELECT SUM(k) FROM sbtest3 WHERE id BETWEEN 7224008 AND 7224107
	Aggregate  (cost=383.38..383.39 rows=1 width=8)
	  ->  Index Scan using sbtest3_pkey on sbtest3  (cost=0.43..383.14 rows=96 width=4)
	        Index Cond: ((id >= 7224008) AND (id <= 7224107))

table 4 : explain SELECT SUM(k) FROM sbtest4 WHERE id BETWEEN 1510955 AND 1511054
	Aggregate  (cost=394.91..394.92 rows=1 width=8)
	  ->  Index Scan using sbtest4_pkey on sbtest4  (cost=0.43..394.66 rows=99 width=4)
	        Index Cond: ((id >= 1510955) AND (id <= 1511054))

table 5 : explain SELECT SUM(k) FROM sbtest5 WHERE id BETWEEN 3190513 AND 3190612
	Aggregate  (cost=390.86..390.87 rows=1 width=8)
	  ->  Index Scan using sbtest5_pkey on sbtest5  (cost=0.43..390.62 rows=98 width=4)
	        Index Cond: ((id >= 3190513) AND (id <= 3190612))

table 6 : explain SELECT SUM(k) FROM sbtest6 WHERE id BETWEEN 4430217 AND 4430316
	Aggregate  (cost=398.62..398.63 rows=1 width=8)
	  ->  Index Scan using sbtest6_pkey on sbtest6  (cost=0.43..398.37 rows=100 width=4)
	        Index Cond: ((id >= 4430217) AND (id <= 4430316))

table 7 : explain SELECT SUM(k) FROM sbtest7 WHERE id BETWEEN 8350434 AND 8350533
	Aggregate  (cost=382.34..382.35 rows=1 width=8)
	  ->  Index Scan using sbtest7_pkey on sbtest7  (cost=0.43..382.10 rows=96 width=4)
	        Index Cond: ((id >= 8350434) AND (id <= 8350533))

table 8 : explain SELECT SUM(k) FROM sbtest8 WHERE id BETWEEN 2625948 AND 2626047
	Aggregate  (cost=415.11..415.12 rows=1 width=8)
	  ->  Index Scan using sbtest8_pkey on sbtest8  (cost=0.43..414.85 rows=104 width=4)
	        Index Cond: ((id >= 2625948) AND (id <= 2626047))

for point_selects
table 1 : explain SELECT c FROM sbtest1 WHERE id=6556510
	Index Scan using sbtest1_pkey on sbtest1  (cost=0.43..8.45 rows=1 width=121)
	  Index Cond: (id = 6556510)

table 2 : explain SELECT c FROM sbtest2 WHERE id=5530759
	Index Scan using sbtest2_pkey on sbtest2  (cost=0.43..8.45 rows=1 width=121)
	  Index Cond: (id = 5530759)

table 3 : explain SELECT c FROM sbtest3 WHERE id=4787963
	Index Scan using sbtest3_pkey on sbtest3  (cost=0.43..8.45 rows=1 width=121)
	  Index Cond: (id = 4787963)

table 4 : explain SELECT c FROM sbtest4 WHERE id=9955815
	Index Scan using sbtest4_pkey on sbtest4  (cost=0.43..8.45 rows=1 width=121)
	  Index Cond: (id = 9955815)

table 5 : explain SELECT c FROM sbtest5 WHERE id=5493923
	Index Scan using sbtest5_pkey on sbtest5  (cost=0.43..8.45 rows=1 width=121)
	  Index Cond: (id = 5493923)

table 6 : explain SELECT c FROM sbtest6 WHERE id=4192166
	Index Scan using sbtest6_pkey on sbtest6  (cost=0.43..8.45 rows=1 width=121)
	  Index Cond: (id = 4192166)

table 7 : explain SELECT c FROM sbtest7 WHERE id=7556667
	Index Scan using sbtest7_pkey on sbtest7  (cost=0.43..8.45 rows=1 width=121)
	  Index Cond: (id = 7556667)

table 8 : explain SELECT c FROM sbtest8 WHERE id=1314986
	Index Scan using sbtest8_pkey on sbtest8  (cost=0.43..8.45 rows=1 width=121)
	  Index Cond: (id = 1314986)

for: simple_ranges
table 1 : explain SELECT c FROM sbtest1 WHERE id BETWEEN 8804893 AND 8804992
	Index Scan using sbtest1_pkey on sbtest1  (cost=0.43..407.43 rows=102 width=121)
	  Index Cond: ((id >= 8804893) AND (id <= 8804992))

table 2 : explain SELECT c FROM sbtest2 WHERE id BETWEEN 7552217 AND 7552316
	Index Scan using sbtest2_pkey on sbtest2  (cost=0.43..407.42 rows=102 width=121)
	  Index Cond: ((id >= 7552217) AND (id <= 7552316))

table 3 : explain SELECT c FROM sbtest3 WHERE id BETWEEN 8442270 AND 8442369
	Index Scan using sbtest3_pkey on sbtest3  (cost=0.43..406.82 rows=102 width=121)
	  Index Cond: ((id >= 8442270) AND (id <= 8442369))

table 4 : explain SELECT c FROM sbtest4 WHERE id BETWEEN 5441362 AND 5441461
	Index Scan using sbtest4_pkey on sbtest4  (cost=0.43..402.56 rows=101 width=121)
	  Index Cond: ((id >= 5441362) AND (id <= 5441461))

table 5 : explain SELECT c FROM sbtest5 WHERE id BETWEEN 3587052 AND 3587151
	Index Scan using sbtest5_pkey on sbtest5  (cost=0.43..355.16 rows=89 width=121)
	  Index Cond: ((id >= 3587052) AND (id <= 3587151))

table 6 : explain SELECT c FROM sbtest6 WHERE id BETWEEN 1199161 AND 1199260
	Index Scan using sbtest6_pkey on sbtest6  (cost=0.43..366.85 rows=92 width=121)
	  Index Cond: ((id >= 1199161) AND (id <= 1199260))

table 7 : explain SELECT c FROM sbtest7 WHERE id BETWEEN 8035583 AND 8035682
	Index Scan using sbtest7_pkey on sbtest7  (cost=0.43..393.89 rows=99 width=121)
	  Index Cond: ((id >= 8035583) AND (id <= 8035682))

table 8 : explain SELECT c FROM sbtest8 WHERE id BETWEEN 5441107 AND 5441206
	Index Scan using sbtest8_pkey on sbtest8  (cost=0.43..371.44 rows=93 width=121)
	  Index Cond: ((id >= 5441107) AND (id <= 5441206))

for point_selects
table 1 : explain SELECT c FROM sbtest1 WHERE id=5200599
	Index Scan using sbtest1_pkey on sbtest1  (cost=0.43..8.45 rows=1 width=121)
	  Index Cond: (id = 5200599)

table 2 : explain SELECT c FROM sbtest2 WHERE id=6296347
	Index Scan using sbtest2_pkey on sbtest2  (cost=0.43..8.45 rows=1 width=121)
	  Index Cond: (id = 6296347)

table 3 : explain SELECT c FROM sbtest3 WHERE id=9632198
	Index Scan using sbtest3_pkey on sbtest3  (cost=0.43..8.45 rows=1 width=121)
	  Index Cond: (id = 9632198)

table 4 : explain SELECT c FROM sbtest4 WHERE id=9775006
	Index Scan using sbtest4_pkey on sbtest4  (cost=0.43..8.45 rows=1 width=121)
	  Index Cond: (id = 9775006)

table 5 : explain SELECT c FROM sbtest5 WHERE id=6139715
	Index Scan using sbtest5_pkey on sbtest5  (cost=0.43..8.45 rows=1 width=121)
	  Index Cond: (id = 6139715)

table 6 : explain SELECT c FROM sbtest6 WHERE id=3207152
	Index Scan using sbtest6_pkey on sbtest6  (cost=0.43..8.45 rows=1 width=121)
	  Index Cond: (id = 3207152)

table 7 : explain SELECT c FROM sbtest7 WHERE id=5271378
	Index Scan using sbtest7_pkey on sbtest7  (cost=0.43..8.45 rows=1 width=121)
	  Index Cond: (id = 5271378)

table 8 : explain SELECT c FROM sbtest8 WHERE id=7356124
	Index Scan using sbtest8_pkey on sbtest8  (cost=0.43..8.45 rows=1 width=121)
	  Index Cond: (id = 7356124)

for: distinct_ranges
table 1 : explain SELECT DISTINCT c FROM sbtest1 WHERE id BETWEEN 6831993 AND 6832092 ORDER BY c
	Unique  (cost=414.83..415.34 rows=103 width=121)
	  ->  Sort  (cost=414.83..415.09 rows=103 width=121)
	        Sort Key: c
	        ->  Index Scan using sbtest1_pkey on sbtest1  (cost=0.43..411.38 rows=103 width=121)
	              Index Cond: ((id >= 6831993) AND (id <= 6832092))

table 2 : explain SELECT DISTINCT c FROM sbtest2 WHERE id BETWEEN 7393933 AND 7394032 ORDER BY c
	Unique  (cost=386.86..387.34 rows=96 width=121)
	  ->  Sort  (cost=386.86..387.10 rows=96 width=121)
	        Sort Key: c
	        ->  Index Scan using sbtest2_pkey on sbtest2  (cost=0.43..383.70 rows=96 width=121)
	              Index Cond: ((id >= 7393933) AND (id <= 7394032))

table 3 : explain SELECT DISTINCT c FROM sbtest3 WHERE id BETWEEN 3631559 AND 3631658 ORDER BY c
	Unique  (cost=398.26..398.75 rows=99 width=121)
	  ->  Sort  (cost=398.26..398.50 rows=99 width=121)
	        Sort Key: c
	        ->  Index Scan using sbtest3_pkey on sbtest3  (cost=0.43..394.97 rows=99 width=121)
	              Index Cond: ((id >= 3631559) AND (id <= 3631658))

table 4 : explain SELECT DISTINCT c FROM sbtest4 WHERE id BETWEEN 2574563 AND 2574662 ORDER BY c
	Unique  (cost=425.83..426.36 rows=106 width=121)
	  ->  Sort  (cost=425.83..426.09 rows=106 width=121)
	        Sort Key: c
	        ->  Index Scan using sbtest4_pkey on sbtest4  (cost=0.43..422.26 rows=106 width=121)
	              Index Cond: ((id >= 2574563) AND (id <= 2574662))

table 5 : explain SELECT DISTINCT c FROM sbtest5 WHERE id BETWEEN 6506143 AND 6506242 ORDER BY c
	Unique  (cost=453.58..454.15 rows=113 width=121)
	  ->  Sort  (cost=453.58..453.86 rows=113 width=121)
	        Sort Key: c
	        ->  Index Scan using sbtest5_pkey on sbtest5  (cost=0.43..449.73 rows=113 width=121)
	              Index Cond: ((id >= 6506143) AND (id <= 6506242))

table 6 : explain SELECT DISTINCT c FROM sbtest6 WHERE id BETWEEN 4834348 AND 4834447 ORDER BY c
	Unique  (cost=365.87..366.32 rows=91 width=121)
	  ->  Sort  (cost=365.87..366.10 rows=91 width=121)
	        Sort Key: c
	        ->  Index Scan using sbtest6_pkey on sbtest6  (cost=0.43..362.91 rows=91 width=121)
	              Index Cond: ((id >= 4834348) AND (id <= 4834447))

table 7 : explain SELECT DISTINCT c FROM sbtest7 WHERE id BETWEEN 7164256 AND 7164355 ORDER BY c
	Unique  (cost=444.88..445.43 rows=111 width=121)
	  ->  Sort  (cost=444.88..445.16 rows=111 width=121)
	        Sort Key: c
	        ->  Index Scan using sbtest7_pkey on sbtest7  (cost=0.43..441.11 rows=111 width=121)
	              Index Cond: ((id >= 7164256) AND (id <= 7164355))

table 8 : explain SELECT DISTINCT c FROM sbtest8 WHERE id BETWEEN 1902380 AND 1902479 ORDER BY c
	Unique  (cost=414.35..414.87 rows=103 width=121)
	  ->  Sort  (cost=414.35..414.61 rows=103 width=121)
	        Sort Key: c
	        ->  Index Scan using sbtest8_pkey on sbtest8  (cost=0.43..410.91 rows=103 width=121)
	              Index Cond: ((id >= 1902380) AND (id <= 1902479))

for: sum_ranges
table 1 : explain SELECT SUM(k) FROM sbtest1 WHERE id BETWEEN 1249756 AND 1249855
	Aggregate  (cost=407.69..407.70 rows=1 width=8)
	  ->  Index Scan using sbtest1_pkey on sbtest1  (cost=0.43..407.43 rows=102 width=4)
	        Index Cond: ((id >= 1249756) AND (id <= 1249855))

table 2 : explain SELECT SUM(k) FROM sbtest2 WHERE id BETWEEN 2165106 AND 2165205
	Aggregate  (cost=407.67..407.68 rows=1 width=8)
	  ->  Index Scan using sbtest2_pkey on sbtest2  (cost=0.43..407.42 rows=102 width=4)
	        Index Cond: ((id >= 2165106) AND (id <= 2165205))

table 3 : explain SELECT SUM(k) FROM sbtest3 WHERE id BETWEEN 4296314 AND 4296413
	Aggregate  (cost=395.22..395.23 rows=1 width=8)
	  ->  Index Scan using sbtest3_pkey on sbtest3  (cost=0.43..394.97 rows=99 width=4)
	        Index Cond: ((id >= 4296314) AND (id <= 4296413))

table 4 : explain SELECT SUM(k) FROM sbtest4 WHERE id BETWEEN 2531120 AND 2531219
	Aggregate  (cost=434.36..434.37 rows=1 width=8)
	  ->  Index Scan using sbtest4_pkey on sbtest4  (cost=0.43..434.08 rows=109 width=4)
	        Index Cond: ((id >= 2531120) AND (id <= 2531219))

table 5 : explain SELECT SUM(k) FROM sbtest5 WHERE id BETWEEN 4215121 AND 4215220
	Aggregate  (cost=394.80..394.81 rows=1 width=8)
	  ->  Index Scan using sbtest5_pkey on sbtest5  (cost=0.43..394.56 rows=99 width=4)
	        Index Cond: ((id >= 4215121) AND (id <= 4215220))

table 6 : explain SELECT SUM(k) FROM sbtest6 WHERE id BETWEEN 7709158 AND 7709257
	Aggregate  (cost=386.78..386.79 rows=1 width=8)
	  ->  Index Scan using sbtest6_pkey on sbtest6  (cost=0.43..386.54 rows=97 width=4)
	        Index Cond: ((id >= 7709158) AND (id <= 7709257))

table 7 : explain SELECT SUM(k) FROM sbtest7 WHERE id BETWEEN 5170392 AND 5170491
	Aggregate  (cost=402.03..402.04 rows=1 width=8)
	  ->  Index Scan using sbtest7_pkey on sbtest7  (cost=0.43..401.78 rows=101 width=4)
	        Index Cond: ((id >= 5170392) AND (id <= 5170491))

table 8 : explain SELECT SUM(k) FROM sbtest8 WHERE id BETWEEN 5183330 AND 5183429
	Aggregate  (cost=395.36..395.37 rows=1 width=8)
	  ->  Index Scan using sbtest8_pkey on sbtest8  (cost=0.43..395.11 rows=99 width=4)
	        Index Cond: ((id >= 5183330) AND (id <= 5183429))

for: order_ranges
table 1 : explain SELECT c FROM sbtest1 WHERE id BETWEEN 2354916 AND 2355015 ORDER BY c
	Sort  (cost=438.77..439.04 rows=109 width=121)
	  Sort Key: c
	  ->  Index Scan using sbtest1_pkey on sbtest1  (cost=0.43..435.08 rows=109 width=121)
	        Index Cond: ((id >= 2354916) AND (id <= 2355015))

table 2 : explain SELECT c FROM sbtest2 WHERE id BETWEEN 1574913 AND 1575012 ORDER BY c
	Sort  (cost=410.82..411.08 rows=102 width=121)
	  Sort Key: c
	  ->  Index Scan using sbtest2_pkey on sbtest2  (cost=0.43..407.42 rows=102 width=121)
	        Index Cond: ((id >= 1574913) AND (id <= 1575012))

table 3 : explain SELECT c FROM sbtest3 WHERE id BETWEEN 6833298 AND 6833397 ORDER BY c
	Sort  (cost=374.35..374.59 rows=93 width=121)
	  Sort Key: c
	  ->  Index Scan using sbtest3_pkey on sbtest3  (cost=0.43..371.31 rows=93 width=121)
	        Index Cond: ((id >= 6833298) AND (id <= 6833397))

table 4 : explain SELECT c FROM sbtest4 WHERE id BETWEEN 7155020 AND 7155119 ORDER BY c
	Sort  (cost=425.83..426.09 rows=106 width=121)
	  Sort Key: c
	  ->  Index Scan using sbtest4_pkey on sbtest4  (cost=0.43..422.26 rows=106 width=121)
	        Index Cond: ((id >= 7155020) AND (id <= 7155119))

table 5 : explain SELECT c FROM sbtest5 WHERE id BETWEEN 4983238 AND 4983337 ORDER BY c
	Sort  (cost=346.11..346.32 rows=86 width=121)
	  Sort Key: c
	  ->  Index Scan using sbtest5_pkey on sbtest5  (cost=0.43..343.34 rows=86 width=121)
	        Index Cond: ((id >= 4983238) AND (id <= 4983337))

table 6 : explain SELECT c FROM sbtest6 WHERE id BETWEEN 8582791 AND 8582890 ORDER BY c
	Sort  (cost=417.61..417.87 rows=104 width=121)
	  Sort Key: c
	  ->  Index Scan using sbtest6_pkey on sbtest6  (cost=0.43..414.12 rows=104 width=121)
	        Index Cond: ((id >= 8582791) AND (id <= 8582890))

table 7 : explain SELECT c FROM sbtest7 WHERE id BETWEEN 2461330 AND 2461429 ORDER BY c
	Sort  (cost=353.48..353.70 rows=88 width=121)
	  Sort Key: c
	  ->  Index Scan using sbtest7_pkey on sbtest7  (cost=0.43..350.64 rows=88 width=121)
	        Index Cond: ((id >= 2461330) AND (id <= 2461429))

table 8 : explain SELECT c FROM sbtest8 WHERE id BETWEEN 6269170 AND 6269269 ORDER BY c
	Sort  (cost=390.42..390.66 rows=97 width=121)
	  Sort Key: c
	  ->  Index Scan using sbtest8_pkey on sbtest8  (cost=0.43..387.22 rows=97 width=121)
	        Index Cond: ((id >= 6269170) AND (id <= 6269269))

for: simple_ranges
table 1 : explain SELECT c FROM sbtest1 WHERE id BETWEEN 5209712 AND 5209811
	Index Scan using sbtest1_pkey on sbtest1  (cost=0.43..395.57 rows=99 width=121)
	  Index Cond: ((id >= 5209712) AND (id <= 5209811))

table 2 : explain SELECT c FROM sbtest2 WHERE id BETWEEN 382699 AND 382798
	Index Scan using sbtest2_pkey on sbtest2  (cost=0.43..367.90 rows=92 width=121)
	  Index Cond: ((id >= 382699) AND (id <= 382798))

table 3 : explain SELECT c FROM sbtest3 WHERE id BETWEEN 7356926 AND 7357025
	Index Scan using sbtest3_pkey on sbtest3  (cost=0.43..402.86 rows=101 width=121)
	  Index Cond: ((id >= 7356926) AND (id <= 7357025))

table 4 : explain SELECT c FROM sbtest4 WHERE id BETWEEN 2605526 AND 2605625
	Index Scan using sbtest4_pkey on sbtest4  (cost=0.43..422.26 rows=106 width=121)
	  Index Cond: ((id >= 2605526) AND (id <= 2605625))

table 5 : explain SELECT c FROM sbtest5 WHERE id BETWEEN 8814230 AND 8814329
	Index Scan using sbtest5_pkey on sbtest5  (cost=0.43..374.86 rows=94 width=121)
	  Index Cond: ((id >= 8814230) AND (id <= 8814329))

table 6 : explain SELECT c FROM sbtest6 WHERE id BETWEEN 4267797 AND 4267896
	Index Scan using sbtest6_pkey on sbtest6  (cost=0.43..425.94 rows=107 width=121)
	  Index Cond: ((id >= 4267797) AND (id <= 4267896))

table 7 : explain SELECT c FROM sbtest7 WHERE id BETWEEN 1644604 AND 1644703
	Index Scan using sbtest7_pkey on sbtest7  (cost=0.43..429.31 rows=108 width=121)
	  Index Cond: ((id >= 1644604) AND (id <= 1644703))

table 8 : explain SELECT c FROM sbtest8 WHERE id BETWEEN 2572805 AND 2572904
	Index Scan using sbtest8_pkey on sbtest8  (cost=0.43..399.07 rows=100 width=121)
	  Index Cond: ((id >= 2572805) AND (id <= 2572904))

for: distinct_ranges
table 1 : explain SELECT DISTINCT c FROM sbtest1 WHERE id BETWEEN 6489068 AND 6489167 ORDER BY c
	Unique  (cost=470.70..471.29 rows=117 width=121)
	  ->  Sort  (cost=470.70..470.99 rows=117 width=121)
	        Sort Key: c
	        ->  Index Scan using sbtest1_pkey on sbtest1  (cost=0.43..466.68 rows=117 width=121)
	              Index Cond: ((id >= 6489068) AND (id <= 6489167))

table 2 : explain SELECT DISTINCT c FROM sbtest2 WHERE id BETWEEN 9211456 AND 9211555 ORDER BY c
	Unique  (cost=422.79..423.32 rows=105 width=121)
	  ->  Sort  (cost=422.79..423.05 rows=105 width=121)
	        Sort Key: c
	        ->  Index Scan using sbtest2_pkey on sbtest2  (cost=0.43..419.27 rows=105 width=121)
	              Index Cond: ((id >= 9211456) AND (id <= 9211555))

table 3 : explain SELECT DISTINCT c FROM sbtest3 WHERE id BETWEEN 4084653 AND 4084752 ORDER BY c
	Unique  (cost=398.26..398.75 rows=99 width=121)
	  ->  Sort  (cost=398.26..398.50 rows=99 width=121)
	        Sort Key: c
	        ->  Index Scan using sbtest3_pkey on sbtest3  (cost=0.43..394.97 rows=99 width=121)
	              Index Cond: ((id >= 4084653) AND (id <= 4084752))

table 4 : explain SELECT DISTINCT c FROM sbtest4 WHERE id BETWEEN 9832730 AND 9832829 ORDER BY c
	Unique  (cost=393.96..394.45 rows=98 width=121)
	  ->  Sort  (cost=393.96..394.20 rows=98 width=121)
	        Sort Key: c
	        ->  Index Scan using sbtest4_pkey on sbtest4  (cost=0.43..390.72 rows=98 width=121)
	              Index Cond: ((id >= 9832730) AND (id <= 9832829))

table 5 : explain SELECT DISTINCT c FROM sbtest5 WHERE id BETWEEN 1546417 AND 1546516 ORDER BY c
	Unique  (cost=373.96..374.43 rows=93 width=121)
	  ->  Sort  (cost=373.96..374.19 rows=93 width=121)
	        Sort Key: c
	        ->  Index Scan using sbtest5_pkey on sbtest5  (cost=0.43..370.92 rows=93 width=121)
	              Index Cond: ((id >= 1546417) AND (id <= 1546516))

table 6 : explain SELECT DISTINCT c FROM sbtest6 WHERE id BETWEEN 3516404 AND 3516503 ORDER BY c
	Unique  (cost=397.69..398.19 rows=99 width=121)
	  ->  Sort  (cost=397.69..397.94 rows=99 width=121)
	        Sort Key: c
	        ->  Index Scan using sbtest6_pkey on sbtest6  (cost=0.43..394.41 rows=99 width=121)
	              Index Cond: ((id >= 3516404) AND (id <= 3516503))

table 7 : explain SELECT DISTINCT c FROM sbtest7 WHERE id BETWEEN 6462636 AND 6462735 ORDER BY c
	Unique  (cost=409.12..409.63 rows=102 width=121)
	  ->  Sort  (cost=409.12..409.37 rows=102 width=121)
	        Sort Key: c
	        ->  Index Scan using sbtest7_pkey on sbtest7  (cost=0.43..405.71 rows=102 width=121)
	              Index Cond: ((id >= 6462636) AND (id <= 6462735))

table 8 : explain SELECT DISTINCT c FROM sbtest8 WHERE id BETWEEN 1781068 AND 1781167 ORDER BY c
	Unique  (cost=458.20..458.77 rows=114 width=121)
	  ->  Sort  (cost=458.20..458.48 rows=114 width=121)
	        Sort Key: c
	        ->  Index Scan using sbtest8_pkey on sbtest8  (cost=0.43..454.30 rows=114 width=121)
	              Index Cond: ((id >= 1781068) AND (id <= 1781167))

for: simple_ranges
table 1 : explain SELECT c FROM sbtest1 WHERE id BETWEEN 2246287 AND 2246386
	Index Scan using sbtest1_pkey on sbtest1  (cost=0.43..399.52 rows=100 width=121)
	  Index Cond: ((id >= 2246287) AND (id <= 2246386))

table 2 : explain SELECT c FROM sbtest2 WHERE id BETWEEN 7146738 AND 7146837
	Index Scan using sbtest2_pkey on sbtest2  (cost=0.43..399.52 rows=100 width=121)
	  Index Cond: ((id >= 7146738) AND (id <= 7146837))

table 3 : explain SELECT c FROM sbtest3 WHERE id BETWEEN 3411997 AND 3412096
	Index Scan using sbtest3_pkey on sbtest3  (cost=0.43..402.88 rows=101 width=121)
	  Index Cond: ((id >= 3411997) AND (id <= 3412096))

table 4 : explain SELECT c FROM sbtest4 WHERE id BETWEEN 7717514 AND 7717613
	Index Scan using sbtest4_pkey on sbtest4  (cost=0.43..414.38 rows=104 width=121)
	  Index Cond: ((id >= 7717514) AND (id <= 7717613))

table 5 : explain SELECT c FROM sbtest5 WHERE id BETWEEN 2005790 AND 2005889
	Index Scan using sbtest5_pkey on sbtest5  (cost=0.43..422.15 rows=106 width=121)
	  Index Cond: ((id >= 2005790) AND (id <= 2005889))

table 6 : explain SELECT c FROM sbtest6 WHERE id BETWEEN 2824585 AND 2824684
	Index Scan using sbtest6_pkey on sbtest6  (cost=0.43..378.66 rows=95 width=121)
	  Index Cond: ((id >= 2824585) AND (id <= 2824684))

table 7 : explain SELECT c FROM sbtest7 WHERE id BETWEEN 8235345 AND 8235444
	Index Scan using sbtest7_pkey on sbtest7  (cost=0.43..425.38 rows=107 width=121)
	  Index Cond: ((id >= 8235345) AND (id <= 8235444))

table 8 : explain SELECT c FROM sbtest8 WHERE id BETWEEN 1746177 AND 1746276
	Index Scan using sbtest8_pkey on sbtest8  (cost=0.43..454.30 rows=114 width=121)
	  Index Cond: ((id >= 1746177) AND (id <= 1746276))

for: sum_ranges
table 1 : explain SELECT SUM(k) FROM sbtest1 WHERE id BETWEEN 1353315 AND 1353414
	Aggregate  (cost=399.77..399.78 rows=1 width=8)
	  ->  Index Scan using sbtest1_pkey on sbtest1  (cost=0.43..399.52 rows=100 width=4)
	        Index Cond: ((id >= 1353315) AND (id <= 1353414))

table 2 : explain SELECT SUM(k) FROM sbtest2 WHERE id BETWEEN 750874 AND 750973
	Aggregate  (cost=427.43..427.44 rows=1 width=8)
	  ->  Index Scan using sbtest2_pkey on sbtest2  (cost=0.43..427.17 rows=107 width=4)
	        Index Cond: ((id >= 750874) AND (id <= 750973))

table 3 : explain SELECT SUM(k) FROM sbtest3 WHERE id BETWEEN 3805840 AND 3805939
	Aggregate  (cost=375.49..375.50 rows=1 width=8)
	  ->  Index Scan using sbtest3_pkey on sbtest3  (cost=0.43..375.26 rows=94 width=4)
	        Index Cond: ((id >= 3805840) AND (id <= 3805939))

table 4 : explain SELECT SUM(k) FROM sbtest4 WHERE id BETWEEN 3200470 AND 3200569
	Aggregate  (cost=347.59..347.60 rows=1 width=8)
	  ->  Index Scan using sbtest4_pkey on sbtest4  (cost=0.43..347.37 rows=87 width=4)
	        Index Cond: ((id >= 3200470) AND (id <= 3200569))

table 5 : explain SELECT SUM(k) FROM sbtest5 WHERE id BETWEEN 587249 AND 587348
	Aggregate  (cost=426.36..426.37 rows=1 width=8)
	  ->  Index Scan using sbtest5_pkey on sbtest5  (cost=0.43..426.09 rows=107 width=4)
	        Index Cond: ((id >= 587249) AND (id <= 587348))

table 6 : explain SELECT SUM(k) FROM sbtest6 WHERE id BETWEEN 8382769 AND 8382868
	Aggregate  (cost=410.44..410.45 rows=1 width=8)
	  ->  Index Scan using sbtest6_pkey on sbtest6  (cost=0.43..410.18 rows=103 width=4)
	        Index Cond: ((id >= 8382769) AND (id <= 8382868))

table 7 : explain SELECT SUM(k) FROM sbtest7 WHERE id BETWEEN 3768738 AND 3768837
	Aggregate  (cost=382.34..382.35 rows=1 width=8)
	  ->  Index Scan using sbtest7_pkey on sbtest7  (cost=0.43..382.10 rows=96 width=4)
	        Index Cond: ((id >= 3768738) AND (id <= 3768837))

table 8 : explain SELECT SUM(k) FROM sbtest8 WHERE id BETWEEN 5812043 AND 5812142
	Aggregate  (cost=395.36..395.37 rows=1 width=8)
	  ->  Index Scan using sbtest8_pkey on sbtest8  (cost=0.43..395.11 rows=99 width=4)
	        Index Cond: ((id >= 5812043) AND (id <= 5812142))

for: order_ranges
table 1 : explain SELECT c FROM sbtest1 WHERE id BETWEEN 3233752 AND 3233851 ORDER BY c
	Sort  (cost=434.78..435.05 rows=108 width=121)
	  Sort Key: c
	  ->  Index Scan using sbtest1_pkey on sbtest1  (cost=0.43..431.13 rows=108 width=121)
	        Index Cond: ((id >= 3233752) AND (id <= 3233851))

table 2 : explain SELECT c FROM sbtest2 WHERE id BETWEEN 8693366 AND 8693465 ORDER BY c
	Sort  (cost=402.84..403.09 rows=100 width=121)
	  Sort Key: c
	  ->  Index Scan using sbtest2_pkey on sbtest2  (cost=0.43..399.52 rows=100 width=121)
	        Index Cond: ((id >= 8693366) AND (id <= 8693465))

table 3 : explain SELECT c FROM sbtest3 WHERE id BETWEEN 8396233 AND 8396332 ORDER BY c
	Sort  (cost=410.23..410.48 rows=102 width=121)
	  Sort Key: c
	  ->  Index Scan using sbtest3_pkey on sbtest3  (cost=0.43..406.82 rows=102 width=121)
	        Index Cond: ((id >= 8396233) AND (id <= 8396332))

table 4 : explain SELECT c FROM sbtest4 WHERE id BETWEEN 2008399 AND 2008498 ORDER BY c
	Sort  (cost=389.98..390.22 rows=97 width=121)
	  Sort Key: c
	  ->  Index Scan using sbtest4_pkey on sbtest4  (cost=0.43..386.78 rows=97 width=121)
	        Index Cond: ((id >= 2008399) AND (id <= 2008498))

table 5 : explain SELECT c FROM sbtest5 WHERE id BETWEEN 6745067 AND 6745166 ORDER BY c
	Sort  (cost=385.90..386.14 rows=96 width=121)
	  Sort Key: c
	  ->  Index Scan using sbtest5_pkey on sbtest5  (cost=0.43..382.74 rows=96 width=121)
	        Index Cond: ((id >= 6745067) AND (id <= 6745166))

table 6 : explain SELECT c FROM sbtest6 WHERE id BETWEEN 745502 AND 745601 ORDER BY c
	Sort  (cost=417.61..417.87 rows=104 width=121)
	  Sort Key: c
	  ->  Index Scan using sbtest6_pkey on sbtest6  (cost=0.43..414.12 rows=104 width=121)
	        Index Cond: ((id >= 745502) AND (id <= 745601))

table 7 : explain SELECT c FROM sbtest7 WHERE id BETWEEN 9166901 AND 9167000 ORDER BY c
	Sort  (cost=425.01..425.28 rows=106 width=121)
	  Sort Key: c
	  ->  Index Scan using sbtest7_pkey on sbtest7  (cost=0.43..421.44 rows=106 width=121)
	        Index Cond: ((id >= 9166901) AND (id <= 9167000))

table 8 : explain SELECT c FROM sbtest8 WHERE id BETWEEN 5642758 AND 5642857 ORDER BY c
	Sort  (cost=398.39..398.64 rows=99 width=121)
	  Sort Key: c
	  ->  Index Scan using sbtest8_pkey on sbtest8  (cost=0.43..395.11 rows=99 width=121)
	        Index Cond: ((id >= 5642758) AND (id <= 5642857))

for: order_ranges
table 1 : explain SELECT c FROM sbtest1 WHERE id BETWEEN 3675807 AND 3675906 ORDER BY c
	Sort  (cost=386.88..387.12 rows=96 width=121)
	  Sort Key: c
	  ->  Index Scan using sbtest1_pkey on sbtest1  (cost=0.43..383.72 rows=96 width=121)
	        Index Cond: ((id >= 3675807) AND (id <= 3675906))

table 2 : explain SELECT c FROM sbtest2 WHERE id BETWEEN 1888993 AND 1889092 ORDER BY c
	Sort  (cost=422.79..423.05 rows=105 width=121)
	  Sort Key: c
	  ->  Index Scan using sbtest2_pkey on sbtest2  (cost=0.43..419.27 rows=105 width=121)
	        Index Cond: ((id >= 1888993) AND (id <= 1889092))

table 3 : explain SELECT c FROM sbtest3 WHERE id BETWEEN 2720051 AND 2720150 ORDER BY c
	Sort  (cost=390.29..390.53 rows=97 width=121)
	  Sort Key: c
	  ->  Index Scan using sbtest3_pkey on sbtest3  (cost=0.43..387.09 rows=97 width=121)
	        Index Cond: ((id >= 2720051) AND (id <= 2720150))

table 4 : explain SELECT c FROM sbtest4 WHERE id BETWEEN 7126507 AND 7126606 ORDER BY c
	Sort  (cost=425.83..426.09 rows=106 width=121)
	  Sort Key: c
	  ->  Index Scan using sbtest4_pkey on sbtest4  (cost=0.43..422.26 rows=106 width=121)
	        Index Cond: ((id >= 7126507) AND (id <= 7126606))

table 5 : explain SELECT c FROM sbtest5 WHERE id BETWEEN 4842787 AND 4842886 ORDER BY c
	Sort  (cost=433.68..433.95 rows=108 width=121)
	  Sort Key: c
	  ->  Index Scan using sbtest5_pkey on sbtest5  (cost=0.43..430.03 rows=108 width=121)
	        Index Cond: ((id >= 4842787) AND (id <= 4842886))

table 6 : explain SELECT c FROM sbtest6 WHERE id BETWEEN 407398 AND 407497 ORDER BY c
	Sort  (cost=365.87..366.10 rows=91 width=121)
	  Sort Key: c
	  ->  Index Scan using sbtest6_pkey on sbtest6  (cost=0.43..362.91 rows=91 width=121)
	        Index Cond: ((id >= 407398) AND (id <= 407497))

table 7 : explain SELECT c FROM sbtest7 WHERE id BETWEEN 6962761 AND 6962860 ORDER BY c
	Sort  (cost=405.14..405.40 rows=101 width=121)
	  Sort Key: c
	  ->  Index Scan using sbtest7_pkey on sbtest7  (cost=0.43..401.78 rows=101 width=121)
	        Index Cond: ((id >= 6962761) AND (id <= 6962860))

table 8 : explain SELECT c FROM sbtest8 WHERE id BETWEEN 1204875 AND 1204974 ORDER BY c
	Sort  (cost=370.49..370.72 rows=92 width=121)
	  Sort Key: c
	  ->  Index Scan using sbtest8_pkey on sbtest8  (cost=0.43..367.49 rows=92 width=121)
	        Index Cond: ((id >= 1204875) AND (id <= 1204974))

for point_selects
table 1 : explain SELECT c FROM sbtest1 WHERE id=8285708
	Index Scan using sbtest1_pkey on sbtest1  (cost=0.43..8.45 rows=1 width=121)
	  Index Cond: (id = 8285708)

table 2 : explain SELECT c FROM sbtest2 WHERE id=7221018
	Index Scan using sbtest2_pkey on sbtest2  (cost=0.43..8.45 rows=1 width=121)
	  Index Cond: (id = 7221018)

table 3 : explain SELECT c FROM sbtest3 WHERE id=3968642
	Index Scan using sbtest3_pkey on sbtest3  (cost=0.43..8.45 rows=1 width=121)
	  Index Cond: (id = 3968642)

table 4 : explain SELECT c FROM sbtest4 WHERE id=3144653
	Index Scan using sbtest4_pkey on sbtest4  (cost=0.43..8.45 rows=1 width=121)
	  Index Cond: (id = 3144653)

table 5 : explain SELECT c FROM sbtest5 WHERE id=8720212
	Index Scan using sbtest5_pkey on sbtest5  (cost=0.43..8.45 rows=1 width=121)
	  Index Cond: (id = 8720212)

table 6 : explain SELECT c FROM sbtest6 WHERE id=3653884
	Index Scan using sbtest6_pkey on sbtest6  (cost=0.43..8.45 rows=1 width=121)
	  Index Cond: (id = 3653884)

table 7 : explain SELECT c FROM sbtest7 WHERE id=4601863
	Index Scan using sbtest7_pkey on sbtest7  (cost=0.43..8.45 rows=1 width=121)
	  Index Cond: (id = 4601863)

table 8 : explain SELECT c FROM sbtest8 WHERE id=6302141
	Index Scan using sbtest8_pkey on sbtest8  (cost=0.43..8.45 rows=1 width=121)
	  Index Cond: (id = 6302141)

explain: for point_selects :: explain SELECT c FROM sbtest%u WHERE id=%u
for: sum_ranges
table 1 : explain SELECT SUM(k) FROM sbtest1 WHERE id BETWEEN 6248469 AND 6248568
	Aggregate  (cost=459.07..459.08 rows=1 width=8)
	  ->  Index Scan using sbtest1_pkey on sbtest1  (cost=0.43..458.78 rows=115 width=4)
	        Index Cond: ((id >= 6248469) AND (id <= 6248568))

table 2 : explain SELECT SUM(k) FROM sbtest2 WHERE id BETWEEN 5958968 AND 5959067
	Aggregate  (cost=411.62..411.63 rows=1 width=8)
	  ->  Index Scan using sbtest2_pkey on sbtest2  (cost=0.43..411.37 rows=103 width=4)
	        Index Cond: ((id >= 5958968) AND (id <= 5959067))

table 3 : explain SELECT SUM(k) FROM sbtest3 WHERE id BETWEEN 2989934 AND 2990033
	Aggregate  (cost=489.95..489.96 rows=1 width=8)
	  ->  Index Scan using sbtest3_pkey on sbtest3  (cost=0.43..489.64 rows=123 width=4)
	        Index Cond: ((id >= 2989934) AND (id <= 2990033))

table 4 : explain SELECT SUM(k) FROM sbtest4 WHERE id BETWEEN 7071024 AND 7071123
	Aggregate  (cost=387.02..387.03 rows=1 width=8)
	  ->  Index Scan using sbtest4_pkey on sbtest4  (cost=0.43..386.78 rows=97 width=4)
	        Index Cond: ((id >= 7071024) AND (id <= 7071123))

table 5 : explain SELECT SUM(k) FROM sbtest5 WHERE id BETWEEN 6890561 AND 6890660
	Aggregate  (cost=382.98..382.99 rows=1 width=8)
	  ->  Index Scan using sbtest5_pkey on sbtest5  (cost=0.43..382.74 rows=96 width=4)
	        Index Cond: ((id >= 6890561) AND (id <= 6890660))

table 6 : explain SELECT SUM(k) FROM sbtest6 WHERE id BETWEEN 7141124 AND 7141223
	Aggregate  (cost=406.50..406.51 rows=1 width=8)
	  ->  Index Scan using sbtest6_pkey on sbtest6  (cost=0.43..406.25 rows=102 width=4)
	        Index Cond: ((id >= 7141124) AND (id <= 7141223))

table 7 : explain SELECT SUM(k) FROM sbtest7 WHERE id BETWEEN 1431674 AND 1431773
	Aggregate  (cost=382.34..382.35 rows=1 width=8)
	  ->  Index Scan using sbtest7_pkey on sbtest7  (cost=0.43..382.10 rows=96 width=4)
	        Index Cond: ((id >= 1431674) AND (id <= 1431773))

table 8 : explain SELECT SUM(k) FROM sbtest8 WHERE id BETWEEN 121290 AND 121389
	Aggregate  (cost=403.27..403.28 rows=1 width=8)
	  ->  Index Scan using sbtest8_pkey on sbtest8  (cost=0.43..403.02 rows=101 width=4)
	        Index Cond: ((id >= 121290) AND (id <= 121389))

for: sum_ranges
table 1 : explain SELECT SUM(k) FROM sbtest1 WHERE id BETWEEN 4636618 AND 4636717
	Aggregate  (cost=399.77..399.78 rows=1 width=8)
	  ->  Index Scan using sbtest1_pkey on sbtest1  (cost=0.43..399.52 rows=100 width=4)
	        Index Cond: ((id >= 4636618) AND (id <= 4636717))

table 2 : explain SELECT SUM(k) FROM sbtest2 WHERE id BETWEEN 4862068 AND 4862167
	Aggregate  (cost=407.67..407.68 rows=1 width=8)
	  ->  Index Scan using sbtest2_pkey on sbtest2  (cost=0.43..407.42 rows=102 width=4)
	        Index Cond: ((id >= 4862068) AND (id <= 4862167))

table 3 : explain SELECT SUM(k) FROM sbtest3 WHERE id BETWEEN 9710820 AND 9710919
	Aggregate  (cost=414.97..414.98 rows=1 width=8)
	  ->  Index Scan using sbtest3_pkey on sbtest3  (cost=0.43..414.71 rows=104 width=4)
	        Index Cond: ((id >= 9710820) AND (id <= 9710919))

table 4 : explain SELECT SUM(k) FROM sbtest4 WHERE id BETWEEN 2248888 AND 2248987
	Aggregate  (cost=363.36..363.37 rows=1 width=8)
	  ->  Index Scan using sbtest4_pkey on sbtest4  (cost=0.43..363.13 rows=91 width=4)
	        Index Cond: ((id >= 2248888) AND (id <= 2248987))

table 5 : explain SELECT SUM(k) FROM sbtest5 WHERE id BETWEEN 3117305 AND 3117404
	Aggregate  (cost=390.86..390.87 rows=1 width=8)
	  ->  Index Scan using sbtest5_pkey on sbtest5  (cost=0.43..390.62 rows=98 width=4)
	        Index Cond: ((id >= 3117305) AND (id <= 3117404))

table 6 : explain SELECT SUM(k) FROM sbtest6 WHERE id BETWEEN 1764285 AND 1764384
	Aggregate  (cost=414.38..414.39 rows=1 width=8)
	  ->  Index Scan using sbtest6_pkey on sbtest6  (cost=0.43..414.12 rows=104 width=4)
	        Index Cond: ((id >= 1764285) AND (id <= 1764384))

table 7 : explain SELECT SUM(k) FROM sbtest7 WHERE id BETWEEN 6974199 AND 6974298
	Aggregate  (cost=402.03..402.04 rows=1 width=8)
	  ->  Index Scan using sbtest7_pkey on sbtest7  (cost=0.43..401.78 rows=101 width=4)
	        Index Cond: ((id >= 6974199) AND (id <= 6974298))

table 8 : explain SELECT SUM(k) FROM sbtest8 WHERE id BETWEEN 9258639 AND 9258738
	Aggregate  (cost=399.32..399.33 rows=1 width=8)
	  ->  Index Scan using sbtest8_pkey on sbtest8  (cost=0.43..399.07 rows=100 width=4)
	        Index Cond: ((id >= 9258639) AND (id <= 9258738))

explain: for point_selects :: explain SELECT c FROM sbtest%u WHERE id=%u
explain: for point_selects :: explain SELECT c FROM sbtest%u WHERE id=%u
for: distinct_ranges
table 1 : explain SELECT DISTINCT c FROM sbtest1 WHERE id BETWEEN 2403244 AND 2403343 ORDER BY c
	Unique  (cost=398.85..399.34 rows=99 width=121)
	  ->  Sort  (cost=398.85..399.10 rows=99 width=121)
	        Sort Key: c
	        ->  Index Scan using sbtest1_pkey on sbtest1  (cost=0.43..395.57 rows=99 width=121)
	              Index Cond: ((id >= 2403244) AND (id <= 2403343))

table 2 : explain SELECT DISTINCT c FROM sbtest2 WHERE id BETWEEN 7543539 AND 7543638 ORDER BY c
	Unique  (cost=410.82..411.33 rows=102 width=121)
	  ->  Sort  (cost=410.82..411.08 rows=102 width=121)
	        Sort Key: c
	        ->  Index Scan using sbtest2_pkey on sbtest2  (cost=0.43..407.42 rows=102 width=121)
	              Index Cond: ((id >= 7543539) AND (id <= 7543638))

table 3 : explain SELECT DISTINCT c FROM sbtest3 WHERE id BETWEEN 5842295 AND 5842394 ORDER BY c
	Unique  (cost=386.30..386.78 rows=96 width=121)
	  ->  Sort  (cost=386.30..386.54 rows=96 width=121)
	        Sort Key: c
	        ->  Index Scan using sbtest3_pkey on sbtest3  (cost=0.43..383.14 rows=96 width=121)
	              Index Cond: ((id >= 5842295) AND (id <= 5842394))

table 4 : explain SELECT DISTINCT c FROM sbtest4 WHERE id BETWEEN 476128 AND 476227 ORDER BY c
	Unique  (cost=401.92..402.42 rows=100 width=121)
	  ->  Sort  (cost=401.92..402.17 rows=100 width=121)
	        Sort Key: c
	        ->  Index Scan using sbtest4_pkey on sbtest4  (cost=0.43..398.60 rows=100 width=121)
	              Index Cond: ((id >= 476128) AND (id <= 476227))

table 5 : explain SELECT DISTINCT c FROM sbtest5 WHERE id BETWEEN 3216805 AND 3216904 ORDER BY c
	Unique  (cost=453.58..454.15 rows=113 width=121)
	  ->  Sort  (cost=453.58..453.86 rows=113 width=121)
	        Sort Key: c
	        ->  Index Scan using sbtest5_pkey on sbtest5  (cost=0.43..449.73 rows=113 width=121)
	              Index Cond: ((id >= 3216805) AND (id <= 3216904))

table 6 : explain SELECT DISTINCT c FROM sbtest6 WHERE id BETWEEN 1342070 AND 1342169 ORDER BY c
	Unique  (cost=377.80..378.27 rows=94 width=121)
	  ->  Sort  (cost=377.80..378.04 rows=94 width=121)
	        Sort Key: c
	        ->  Index Scan using sbtest6_pkey on sbtest6  (cost=0.43..374.72 rows=94 width=121)
	              Index Cond: ((id >= 1342070) AND (id <= 1342169))

table 7 : explain SELECT DISTINCT c FROM sbtest7 WHERE id BETWEEN 9076953 AND 9077052 ORDER BY c
	Unique  (cost=409.12..409.63 rows=102 width=121)
	  ->  Sort  (cost=409.12..409.37 rows=102 width=121)
	        Sort Key: c
	        ->  Index Scan using sbtest7_pkey on sbtest7  (cost=0.43..405.71 rows=102 width=121)
	              Index Cond: ((id >= 9076953) AND (id <= 9077052))

table 8 : explain SELECT DISTINCT c FROM sbtest8 WHERE id BETWEEN 2983641 AND 2983740 ORDER BY c
	Unique  (cost=442.25..442.80 rows=110 width=121)
	  ->  Sort  (cost=442.25..442.53 rows=110 width=121)
	        Sort Key: c
	        ->  Index Scan using sbtest8_pkey on sbtest8  (cost=0.43..438.52 rows=110 width=121)
	              Index Cond: ((id >= 2983641) AND (id <= 2983740))

for: order_ranges
table 1 : explain SELECT c FROM sbtest1 WHERE id BETWEEN 943381 AND 943480 ORDER BY c
	Sort  (cost=430.79..431.06 rows=107 width=121)
	  Sort Key: c
	  ->  Index Scan using sbtest1_pkey on sbtest1  (cost=0.43..427.18 rows=107 width=121)
	        Index Cond: ((id >= 943381) AND (id <= 943480))

table 2 : explain SELECT c FROM sbtest2 WHERE id BETWEEN 5162241 AND 5162340 ORDER BY c
	Sort  (cost=350.96..351.18 rows=87 width=121)
	  Sort Key: c
	  ->  Index Scan using sbtest2_pkey on sbtest2  (cost=0.43..348.16 rows=87 width=121)
	        Index Cond: ((id >= 5162241) AND (id <= 5162340))

table 3 : explain SELECT c FROM sbtest3 WHERE id BETWEEN 8336205 AND 8336304 ORDER BY c
	Sort  (cost=422.18..422.44 rows=105 width=121)
	  Sort Key: c
	  ->  Index Scan using sbtest3_pkey on sbtest3  (cost=0.43..418.66 rows=105 width=121)
	        Index Cond: ((id >= 8336205) AND (id <= 8336304))

table 4 : explain SELECT c FROM sbtest4 WHERE id BETWEEN 8274053 AND 8274152 ORDER BY c
	Sort  (cost=421.85..422.11 rows=105 width=121)
	  Sort Key: c
	  ->  Index Scan using sbtest4_pkey on sbtest4  (cost=0.43..418.32 rows=105 width=121)
	        Index Cond: ((id >= 8274053) AND (id <= 8274152))

table 5 : explain SELECT c FROM sbtest5 WHERE id BETWEEN 6103108 AND 6103207 ORDER BY c
	Sort  (cost=417.76..418.02 rows=104 width=121)
	  Sort Key: c
	  ->  Index Scan using sbtest5_pkey on sbtest5  (cost=0.43..414.27 rows=104 width=121)
	        Index Cond: ((id >= 6103108) AND (id <= 6103207))

table 6 : explain SELECT c FROM sbtest6 WHERE id BETWEEN 5030197 AND 5030296 ORDER BY c
	Sort  (cost=417.61..417.87 rows=104 width=121)
	  Sort Key: c
	  ->  Index Scan using sbtest6_pkey on sbtest6  (cost=0.43..414.12 rows=104 width=121)
	        Index Cond: ((id >= 5030197) AND (id <= 5030296))

table 7 : explain SELECT c FROM sbtest7 WHERE id BETWEEN 3577413 AND 3577512 ORDER BY c
	Sort  (cost=409.12..409.37 rows=102 width=121)
	  Sort Key: c
	  ->  Index Scan using sbtest7_pkey on sbtest7  (cost=0.43..405.71 rows=102 width=121)
	        Index Cond: ((id >= 3577413) AND (id <= 3577512))

table 8 : explain SELECT c FROM sbtest8 WHERE id BETWEEN 3797424 AND 3797523 ORDER BY c
	Sort  (cost=386.43..386.67 rows=96 width=121)
	  Sort Key: c
	  ->  Index Scan using sbtest8_pkey on sbtest8  (cost=0.43..383.27 rows=96 width=121)
	        Index Cond: ((id >= 3797424) AND (id <= 3797523))

for: order_ranges
table 1 : explain SELECT c FROM sbtest1 WHERE id BETWEEN 3049472 AND 3049571 ORDER BY c
	Sort  (cost=406.85..407.10 rows=101 width=121)
	  Sort Key: c
	  ->  Index Scan using sbtest1_pkey on sbtest1  (cost=0.43..403.48 rows=101 width=121)
	        Index Cond: ((id >= 3049472) AND (id <= 3049571))

table 2 : explain SELECT c FROM sbtest2 WHERE id BETWEEN 3690782 AND 3690881 ORDER BY c
	Sort  (cost=426.78..427.05 rows=106 width=121)
	  Sort Key: c
	  ->  Index Scan using sbtest2_pkey on sbtest2  (cost=0.43..423.22 rows=106 width=121)
	        Index Cond: ((id >= 3690782) AND (id <= 3690881))

table 3 : explain SELECT c FROM sbtest3 WHERE id BETWEEN 2881322 AND 2881421 ORDER BY c
	Sort  (cost=366.39..366.61 rows=91 width=121)
	  Sort Key: c
	  ->  Index Scan using sbtest3_pkey on sbtest3  (cost=0.43..363.42 rows=91 width=121)
	        Index Cond: ((id >= 2881322) AND (id <= 2881421))

table 4 : explain SELECT c FROM sbtest4 WHERE id BETWEEN 3848973 AND 3849072 ORDER BY c
	Sort  (cost=382.02..382.25 rows=95 width=121)
	  Sort Key: c
	  ->  Index Scan using sbtest4_pkey on sbtest4  (cost=0.43..378.90 rows=95 width=121)
	        Index Cond: ((id >= 3848973) AND (id <= 3849072))

table 5 : explain SELECT c FROM sbtest5 WHERE id BETWEEN 8631406 AND 8631505 ORDER BY c
	Sort  (cost=413.78..414.03 rows=103 width=121)
	  Sort Key: c
	  ->  Index Scan using sbtest5_pkey on sbtest5  (cost=0.43..410.33 rows=103 width=121)
	        Index Cond: ((id >= 8631406) AND (id <= 8631505))

table 6 : explain SELECT c FROM sbtest6 WHERE id BETWEEN 4598488 AND 4598587 ORDER BY c
	Sort  (cost=413.63..413.88 rows=103 width=121)
	  Sort Key: c
	  ->  Index Scan using sbtest6_pkey on sbtest6  (cost=0.43..410.18 rows=103 width=121)
	        Index Cond: ((id >= 4598488) AND (id <= 4598587))

table 7 : explain SELECT c FROM sbtest7 WHERE id BETWEEN 9057729 AND 9057828 ORDER BY c
	Sort  (cost=409.12..409.37 rows=102 width=121)
	  Sort Key: c
	  ->  Index Scan using sbtest7_pkey on sbtest7  (cost=0.43..405.71 rows=102 width=121)
	        Index Cond: ((id >= 9057729) AND (id <= 9057828))

table 8 : explain SELECT c FROM sbtest8 WHERE id BETWEEN 928248 AND 928347 ORDER BY c
	Sort  (cost=438.27..438.54 rows=109 width=121)
	  Sort Key: c
	  ->  Index Scan using sbtest8_pkey on sbtest8  (cost=0.43..434.58 rows=109 width=121)
	        Index Cond: ((id >= 928248) AND (id <= 928347))
for: order_ranges
table 1 : explain SELECT c FROM sbtest1 WHERE id BETWEEN 4754491 AND 4754590 ORDER BY c
	Sort  (cost=398.85..399.10 rows=99 width=121)
	  Sort Key: c
	  ->  Index Scan using sbtest1_pkey on sbtest1  (cost=0.43..395.57 rows=99 width=121)
	        Index Cond: ((id >= 4754491) AND (id <= 4754590))

table 2 : explain SELECT c FROM sbtest2 WHERE id BETWEEN 1140228 AND 1140327 ORDER BY c
	Sort  (cost=398.83..399.08 rows=99 width=121)
	  Sort Key: c
	  ->  Index Scan using sbtest2_pkey on sbtest2  (cost=0.43..395.55 rows=99 width=121)
	        Index Cond: ((id >= 1140228) AND (id <= 1140327))

table 3 : explain SELECT c FROM sbtest3 WHERE id BETWEEN 9126574 AND 9126673 ORDER BY c
	Sort  (cost=358.42..358.64 rows=89 width=121)
	  Sort Key: c
	  ->  Index Scan using sbtest3_pkey on sbtest3  (cost=0.43..355.54 rows=89 width=121)
	        Index Cond: ((id >= 9126574) AND (id <= 9126673))

table 4 : explain SELECT c FROM sbtest4 WHERE id BETWEEN 9639782 AND 9639881 ORDER BY c
	Sort  (cost=382.02..382.25 rows=95 width=121)
	  Sort Key: c
	  ->  Index Scan using sbtest4_pkey on sbtest4  (cost=0.43..378.90 rows=95 width=121)
	        Index Cond: ((id >= 9639782) AND (id <= 9639881))

table 5 : explain SELECT c FROM sbtest5 WHERE id BETWEEN 2834168 AND 2834267 ORDER BY c
	Sort  (cost=389.88..390.12 rows=97 width=121)
	  Sort Key: c
	  ->  Index Scan using sbtest5_pkey on sbtest5  (cost=0.43..386.68 rows=97 width=121)
	        Index Cond: ((id >= 2834168) AND (id <= 2834267))

table 6 : explain SELECT c FROM sbtest6 WHERE id BETWEEN 9310472 AND 9310571 ORDER BY c
	Sort  (cost=393.71..393.96 rows=98 width=121)
	  Sort Key: c
	  ->  Index Scan using sbtest6_pkey on sbtest6  (cost=0.43..390.47 rows=98 width=121)
	        Index Cond: ((id >= 9310472) AND (id <= 9310571))

table 7 : explain SELECT c FROM sbtest7 WHERE id BETWEEN 948324 AND 948423 ORDER BY c
	Sort  (cost=428.98..429.25 rows=107 width=121)
	  Sort Key: c
	  ->  Index Scan using sbtest7_pkey on sbtest7  (cost=0.43..425.38 rows=107 width=121)
	        Index Cond: ((id >= 948324) AND (id <= 948423))

table 8 : explain SELECT c FROM sbtest8 WHERE id BETWEEN 7109298 AND 7109397 ORDER BY c
	Sort  (cost=378.46..378.70 rows=94 width=121)
	  Sort Key: c
	  ->  Index Scan using sbtest8_pkey on sbtest8  (cost=0.43..375.38 rows=94 width=121)
	        Index Cond: ((id >= 7109298) AND (id <= 7109397))


for: distinct_ranges
table 1 : explain SELECT DISTINCT c FROM sbtest1 WHERE id BETWEEN 5164682 AND 5164781 ORDER BY c
	Unique  (cost=398.85..399.34 rows=99 width=121)
	  ->  Sort  (cost=398.85..399.10 rows=99 width=121)
	        Sort Key: c
	        ->  Index Scan using sbtest1_pkey on sbtest1  (cost=0.43..395.57 rows=99 width=121)
	              Index Cond: ((id >= 5164682) AND (id <= 5164781))

table 2 : explain SELECT DISTINCT c FROM sbtest2 WHERE id BETWEEN 1326241 AND 1326340 ORDER BY c
	Unique  (cost=358.94..359.38 rows=89 width=121)
	  ->  Sort  (cost=358.94..359.16 rows=89 width=121)
	        Sort Key: c
	        ->  Index Scan using sbtest2_pkey on sbtest2  (cost=0.43..356.05 rows=89 width=121)
	              Index Cond: ((id >= 1326241) AND (id <= 1326340))

table 3 : explain SELECT DISTINCT c FROM sbtest3 WHERE id BETWEEN 6229461 AND 6229560 ORDER BY c
	Unique  (cost=382.32..382.79 rows=95 width=121)
	  ->  Sort  (cost=382.32..382.56 rows=95 width=121)
	        Sort Key: c
	        ->  Index Scan using sbtest3_pkey on sbtest3  (cost=0.43..379.20 rows=95 width=121)
	              Index Cond: ((id >= 6229461) AND (id <= 6229560))

table 4 : explain SELECT DISTINCT c FROM sbtest4 WHERE id BETWEEN 8985833 AND 8985932 ORDER BY c
	Unique  (cost=397.94..398.44 rows=99 width=121)
	  ->  Sort  (cost=397.94..398.19 rows=99 width=121)
	        Sort Key: c
	        ->  Index Scan using sbtest4_pkey on sbtest4  (cost=0.43..394.66 rows=99 width=121)
	              Index Cond: ((id >= 8985833) AND (id <= 8985932))

table 5 : explain SELECT DISTINCT c FROM sbtest5 WHERE id BETWEEN 284618 AND 284717 ORDER BY c
	Unique  (cost=354.06..354.50 rows=88 width=121)
	  ->  Sort  (cost=354.06..354.28 rows=88 width=121)
	        Sort Key: c
	        ->  Index Scan using sbtest5_pkey on sbtest5  (cost=0.43..351.22 rows=88 width=121)
	              Index Cond: ((id >= 284618) AND (id <= 284717))

table 6 : explain SELECT DISTINCT c FROM sbtest6 WHERE id BETWEEN 3394616 AND 3394715 ORDER BY c
	Unique  (cost=481.27..481.87 rows=120 width=121)
	  ->  Sort  (cost=481.27..481.57 rows=120 width=121)
	        Sort Key: c
	        ->  Index Scan using sbtest6_pkey on sbtest6  (cost=0.43..477.13 rows=120 width=121)
	              Index Cond: ((id >= 3394616) AND (id <= 3394715))

table 7 : explain SELECT DISTINCT c FROM sbtest7 WHERE id BETWEEN 2005482 AND 2005581 ORDER BY c
	Unique  (cost=428.98..429.52 rows=107 width=121)
	  ->  Sort  (cost=428.98..429.25 rows=107 width=121)
	        Sort Key: c
	        ->  Index Scan using sbtest7_pkey on sbtest7  (cost=0.43..425.38 rows=107 width=121)
	              Index Cond: ((id >= 2005482) AND (id <= 2005581))

table 8 : explain SELECT DISTINCT c FROM sbtest8 WHERE id BETWEEN 2154465 AND 2154564 ORDER BY c
	Unique  (cost=382.45..382.92 rows=95 width=121)
	  ->  Sort  (cost=382.45..382.69 rows=95 width=121)
	        Sort Key: c
	        ->  Index Scan using sbtest8_pkey on sbtest8  (cost=0.43..379.33 rows=95 width=121)
	              Index Cond: ((id >= 2154465) AND (id <= 2154564))

for: distinct_ranges
table 1 : explain SELECT DISTINCT c FROM sbtest1 WHERE id BETWEEN 2737881 AND 2737980 ORDER BY c
	Unique  (cost=406.85..407.35 rows=101 width=121)
	  ->  Sort  (cost=406.85..407.10 rows=101 width=121)
	        Sort Key: c
	        ->  Index Scan using sbtest1_pkey on sbtest1  (cost=0.43..403.48 rows=101 width=121)
	              Index Cond: ((id >= 2737881) AND (id <= 2737980))

table 2 : explain SELECT DISTINCT c FROM sbtest2 WHERE id BETWEEN 7012950 AND 7013049 ORDER BY c
	Unique  (cost=398.83..399.33 rows=99 width=121)
	  ->  Sort  (cost=398.83..399.08 rows=99 width=121)
	        Sort Key: c
	        ->  Index Scan using sbtest2_pkey on sbtest2  (cost=0.43..395.55 rows=99 width=121)
	              Index Cond: ((id >= 7012950) AND (id <= 7013049))

table 3 : explain SELECT DISTINCT c FROM sbtest3 WHERE id BETWEEN 7563629 AND 7563728 ORDER BY c
	Unique  (cost=378.34..378.81 rows=94 width=121)
	  ->  Sort  (cost=378.34..378.57 rows=94 width=121)
	        Sort Key: c
	        ->  Index Scan using sbtest3_pkey on sbtest3  (cost=0.43..375.26 rows=94 width=121)
	              Index Cond: ((id >= 7563629) AND (id <= 7563728))

table 4 : explain SELECT DISTINCT c FROM sbtest4 WHERE id BETWEEN 2923069 AND 2923168 ORDER BY c
	Unique  (cost=378.04..378.51 rows=94 width=121)
	  ->  Sort  (cost=378.04..378.27 rows=94 width=121)
	        Sort Key: c
	        ->  Index Scan using sbtest4_pkey on sbtest4  (cost=0.43..374.96 rows=94 width=121)
	              Index Cond: ((id >= 2923069) AND (id <= 2923168))

table 5 : explain SELECT DISTINCT c FROM sbtest5 WHERE id BETWEEN 9056244 AND 9056343 ORDER BY c
	Unique  (cost=362.02..362.47 rows=90 width=121)
	  ->  Sort  (cost=362.02..362.25 rows=90 width=121)
	        Sort Key: c
	        ->  Index Scan using sbtest5_pkey on sbtest5  (cost=0.43..359.10 rows=90 width=121)
	              Index Cond: ((id >= 9056244) AND (id <= 9056343))

table 6 : explain SELECT DISTINCT c FROM sbtest6 WHERE id BETWEEN 3731157 AND 3731256 ORDER BY c
	Unique  (cost=381.78..382.26 rows=95 width=121)
	  ->  Sort  (cost=381.78..382.02 rows=95 width=121)
	        Sort Key: c
	        ->  Index Scan using sbtest6_pkey on sbtest6  (cost=0.43..378.66 rows=95 width=121)
	              Index Cond: ((id >= 3731157) AND (id <= 3731256))

table 7 : explain SELECT DISTINCT c FROM sbtest7 WHERE id BETWEEN 7839954 AND 7840053 ORDER BY c
	Unique  (cost=373.34..373.80 rows=93 width=121)
	  ->  Sort  (cost=373.34..373.57 rows=93 width=121)
	        Sort Key: c
	        ->  Index Scan using sbtest7_pkey on sbtest7  (cost=0.43..370.30 rows=93 width=121)
	              Index Cond: ((id >= 7839954) AND (id <= 7840053))

table 8 : explain SELECT DISTINCT c FROM sbtest8 WHERE id BETWEEN 2540280 AND 2540379 ORDER BY c
	Unique  (cost=402.39..402.89 rows=100 width=121)
	  ->  Sort  (cost=402.39..402.64 rows=100 width=121)
	        Sort Key: c
	        ->  Index Scan using sbtest8_pkey on sbtest8  (cost=0.43..399.07 rows=100 width=121)
	              Index Cond: ((id >= 2540280) AND (id <= 2540379))

for point_selects
table 1 : explain SELECT c FROM sbtest1 WHERE id=4215194
	Index Scan using sbtest1_pkey on sbtest1  (cost=0.43..8.45 rows=1 width=121)
	  Index Cond: (id = 4215194)

table 2 : explain SELECT c FROM sbtest2 WHERE id=5220362
	Index Scan using sbtest2_pkey on sbtest2  (cost=0.43..8.45 rows=1 width=121)
	  Index Cond: (id = 5220362)

table 3 : explain SELECT c FROM sbtest3 WHERE id=9686289
	Index Scan using sbtest3_pkey on sbtest3  (cost=0.43..8.45 rows=1 width=121)
	  Index Cond: (id = 9686289)

table 4 : explain SELECT c FROM sbtest4 WHERE id=1196676
	Index Scan using sbtest4_pkey on sbtest4  (cost=0.43..8.45 rows=1 width=121)
	  Index Cond: (id = 1196676)

table 5 : explain SELECT c FROM sbtest5 WHERE id=7105279
	Index Scan using sbtest5_pkey on sbtest5  (cost=0.43..8.45 rows=1 width=121)
	  Index Cond: (id = 7105279)

table 6 : explain SELECT c FROM sbtest6 WHERE id=7704205
	Index Scan using sbtest6_pkey on sbtest6  (cost=0.43..8.45 rows=1 width=121)
	  Index Cond: (id = 7704205)

table 7 : explain SELECT c FROM sbtest7 WHERE id=8641897
	Index Scan using sbtest7_pkey on sbtest7  (cost=0.43..8.45 rows=1 width=121)
	  Index Cond: (id = 8641897)

table 8 : explain SELECT c FROM sbtest8 WHERE id=5430275
	Index Scan using sbtest8_pkey on sbtest8  (cost=0.43..8.45 rows=1 width=121)
	  Index Cond: (id = 5430275)

explain: for point_selects :: explain SELECT c FROM sbtest%u WHERE id=%u
for point_selects
table 1 : explain SELECT c FROM sbtest1 WHERE id=3849622
	Index Scan using sbtest1_pkey on sbtest1  (cost=0.43..8.45 rows=1 width=121)
	  Index Cond: (id = 3849622)

table 2 : explain SELECT c FROM sbtest2 WHERE id=1971273
	Index Scan using sbtest2_pkey on sbtest2  (cost=0.43..8.45 rows=1 width=121)
	  Index Cond: (id = 1971273)

table 3 : explain SELECT c FROM sbtest3 WHERE id=1329216
	Index Scan using sbtest3_pkey on sbtest3  (cost=0.43..8.45 rows=1 width=121)
	  Index Cond: (id = 1329216)

table 4 : explain SELECT c FROM sbtest4 WHERE id=8931467
	Index Scan using sbtest4_pkey on sbtest4  (cost=0.43..8.45 rows=1 width=121)
	  Index Cond: (id = 8931467)

table 5 : explain SELECT c FROM sbtest5 WHERE id=9880442
	Index Scan using sbtest5_pkey on sbtest5  (cost=0.43..8.45 rows=1 width=121)
	  Index Cond: (id = 9880442)

table 6 : explain SELECT c FROM sbtest6 WHERE id=519420
	Index Scan using sbtest6_pkey on sbtest6  (cost=0.43..8.45 rows=1 width=121)
	  Index Cond: (id = 519420)

table 7 : explain SELECT c FROM sbtest7 WHERE id=773628
	Index Scan using sbtest7_pkey on sbtest7  (cost=0.43..8.45 rows=1 width=121)
	  Index Cond: (id = 773628)

table 8 : explain SELECT c FROM sbtest8 WHERE id=6831361
	Index Scan using sbtest8_pkey on sbtest8  (cost=0.43..8.45 rows=1 width=121)
	  Index Cond: (id = 6831361)

for: simple_ranges
table 1 : explain SELECT c FROM sbtest1 WHERE id BETWEEN 4503422 AND 4503521
	Index Scan using sbtest1_pkey on sbtest1  (cost=0.43..387.67 rows=97 width=121)
	  Index Cond: ((id >= 4503422) AND (id <= 4503521))

table 2 : explain SELECT c FROM sbtest2 WHERE id BETWEEN 8958776 AND 8958875
	Index Scan using sbtest2_pkey on sbtest2  (cost=0.43..411.37 rows=103 width=121)
	  Index Cond: ((id >= 8958776) AND (id <= 8958875))

table 3 : explain SELECT c FROM sbtest3 WHERE id BETWEEN 3540607 AND 3540706
	Index Scan using sbtest3_pkey on sbtest3  (cost=0.43..394.97 rows=99 width=121)
	  Index Cond: ((id >= 3540607) AND (id <= 3540706))

table 4 : explain SELECT c FROM sbtest4 WHERE id BETWEEN 5085331 AND 5085430
	Index Scan using sbtest4_pkey on sbtest4  (cost=0.43..453.79 rows=114 width=121)
	  Index Cond: ((id >= 5085331) AND (id <= 5085430))

table 5 : explain SELECT c FROM sbtest5 WHERE id BETWEEN 3743283 AND 3743382
	Index Scan using sbtest5_pkey on sbtest5  (cost=0.43..418.21 rows=105 width=121)
	  Index Cond: ((id >= 3743283) AND (id <= 3743382))

table 6 : explain SELECT c FROM sbtest6 WHERE id BETWEEN 8741254 AND 8741353
	Index Scan using sbtest6_pkey on sbtest6  (cost=0.43..410.18 rows=103 width=121)
	  Index Cond: ((id >= 8741254) AND (id <= 8741353))

table 7 : explain SELECT c FROM sbtest7 WHERE id BETWEEN 9806083 AND 9806182
	Index Scan using sbtest7_pkey on sbtest7  (cost=0.43..362.43 rows=91 width=121)
	  Index Cond: ((id >= 9806083) AND (id <= 9806182))

table 8 : explain SELECT c FROM sbtest8 WHERE id BETWEEN 2075666 AND 2075765
	Index Scan using sbtest8_pkey on sbtest8  (cost=0.43..422.74 rows=106 width=121)
	  Index Cond: ((id >= 2075666) AND (id <= 2075765))

for: distinct_ranges
table 1 : explain SELECT DISTINCT c FROM sbtest1 WHERE id BETWEEN 882662 AND 882761 ORDER BY c
	Unique  (cost=414.83..415.34 rows=103 width=121)
	  ->  Sort  (cost=414.83..415.09 rows=103 width=121)
	        Sort Key: c
	        ->  Index Scan using sbtest1_pkey on sbtest1  (cost=0.43..411.38 rows=103 width=121)
	              Index Cond: ((id >= 882662) AND (id <= 882761))

table 2 : explain SELECT DISTINCT c FROM sbtest2 WHERE id BETWEEN 7889302 AND 7889401 ORDER BY c
	Unique  (cost=394.84..395.33 rows=98 width=121)
	  ->  Sort  (cost=394.84..395.09 rows=98 width=121)
	        Sort Key: c
	        ->  Index Scan using sbtest2_pkey on sbtest2  (cost=0.43..391.60 rows=98 width=121)
	              Index Cond: ((id >= 7889302) AND (id <= 7889401))

table 3 : explain SELECT DISTINCT c FROM sbtest3 WHERE id BETWEEN 1489353 AND 1489452 ORDER BY c
	Unique  (cost=434.13..434.67 rows=108 width=121)
	  ->  Sort  (cost=434.13..434.40 rows=108 width=121)
	        Sort Key: c
	        ->  Index Scan using sbtest3_pkey on sbtest3  (cost=0.43..430.49 rows=108 width=121)
	              Index Cond: ((id >= 1489353) AND (id <= 1489452))

table 4 : explain SELECT DISTINCT c FROM sbtest4 WHERE id BETWEEN 8407015 AND 8407114 ORDER BY c
	Unique  (cost=401.94..402.44 rows=100 width=121)
	  ->  Sort  (cost=401.94..402.19 rows=100 width=121)
	        Sort Key: c
	        ->  Index Scan using sbtest4_pkey on sbtest4  (cost=0.43..398.62 rows=100 width=121)
	              Index Cond: ((id >= 8407015) AND (id <= 8407114))

table 5 : explain SELECT DISTINCT c FROM sbtest5 WHERE id BETWEEN 7120598 AND 7120697 ORDER BY c
	Unique  (cost=350.09..350.52 rows=87 width=121)
	  ->  Sort  (cost=350.09..350.30 rows=87 width=121)
	        Sort Key: c
	        ->  Index Scan using sbtest5_pkey on sbtest5  (cost=0.43..347.28 rows=87 width=121)
	              Index Cond: ((id >= 7120598) AND (id <= 7120697))

table 6 : explain SELECT DISTINCT c FROM sbtest6 WHERE id BETWEEN 4798286 AND 4798385 ORDER BY c
	Unique  (cost=381.78..382.26 rows=95 width=121)
	  ->  Sort  (cost=381.78..382.02 rows=95 width=121)
	        Sort Key: c
	        ->  Index Scan using sbtest6_pkey on sbtest6  (cost=0.43..378.66 rows=95 width=121)
	              Index Cond: ((id >= 4798286) AND (id <= 4798385))

table 7 : explain SELECT DISTINCT c FROM sbtest7 WHERE id BETWEEN 4746511 AND 4746610 ORDER BY c
	Unique  (cost=393.20..393.69 rows=98 width=121)
	  ->  Sort  (cost=393.20..393.45 rows=98 width=121)
	        Sort Key: c
	        ->  Index Scan using sbtest7_pkey on sbtest7  (cost=0.43..389.96 rows=98 width=121)
	              Index Cond: ((id >= 4746511) AND (id <= 4746610))

table 8 : explain SELECT DISTINCT c FROM sbtest8 WHERE id BETWEEN 6607995 AND 6608094 ORDER BY c
	Unique  (cost=414.35..414.87 rows=103 width=121)
	  ->  Sort  (cost=414.35..414.61 rows=103 width=121)
	        Sort Key: c
	        ->  Index Scan using sbtest8_pkey on sbtest8  (cost=0.43..410.91 rows=103 width=121)
	              Index Cond: ((id >= 6607995) AND (id <= 6608094))

for: simple_ranges
table 1 : explain SELECT c FROM sbtest1 WHERE id BETWEEN 3890213 AND 3890312
	Index Scan using sbtest1_pkey on sbtest1  (cost=0.43..403.48 rows=101 width=121)
	  Index Cond: ((id >= 3890213) AND (id <= 3890312))

table 2 : explain SELECT c FROM sbtest2 WHERE id BETWEEN 4285328 AND 4285427
	Index Scan using sbtest2_pkey on sbtest2  (cost=0.43..399.52 rows=100 width=121)
	  Index Cond: ((id >= 4285328) AND (id <= 4285427))

table 3 : explain SELECT c FROM sbtest3 WHERE id BETWEEN 1173150 AND 1173249
	Index Scan using sbtest3_pkey on sbtest3  (cost=0.43..406.82 rows=102 width=121)
	  Index Cond: ((id >= 1173150) AND (id <= 1173249))

table 4 : explain SELECT c FROM sbtest4 WHERE id BETWEEN 7685436 AND 7685535
	Index Scan using sbtest4_pkey on sbtest4  (cost=0.43..414.38 rows=104 width=121)
	  Index Cond: ((id >= 7685436) AND (id <= 7685535))

table 5 : explain SELECT c FROM sbtest5 WHERE id BETWEEN 4467827 AND 4467926
	Index Scan using sbtest5_pkey on sbtest5  (cost=0.43..363.04 rows=91 width=121)
	  Index Cond: ((id >= 4467827) AND (id <= 4467926))

table 6 : explain SELECT c FROM sbtest6 WHERE id BETWEEN 6444943 AND 6445042
	Index Scan using sbtest6_pkey on sbtest6  (cost=0.43..406.25 rows=102 width=121)
	  Index Cond: ((id >= 6444943) AND (id <= 6445042))

table 7 : explain SELECT c FROM sbtest7 WHERE id BETWEEN 7781442 AND 7781541
	Index Scan using sbtest7_pkey on sbtest7  (cost=0.43..393.89 rows=99 width=121)
	  Index Cond: ((id >= 7781442) AND (id <= 7781541))

table 8 : explain SELECT c FROM sbtest8 WHERE id BETWEEN 5691736 AND 5691835
	Index Scan using sbtest8_pkey on sbtest8  (cost=0.43..399.07 rows=100 width=121)
	  Index Cond: ((id >= 5691736) AND (id <= 5691835))

for: distinct_ranges
table 1 : explain SELECT DISTINCT c FROM sbtest1 WHERE id BETWEEN 2259793 AND 2259892 ORDER BY c
	Unique  (cost=402.84..403.34 rows=100 width=121)
	  ->  Sort  (cost=402.84..403.09 rows=100 width=121)
	        Sort Key: c
	        ->  Index Scan using sbtest1_pkey on sbtest1  (cost=0.43..399.52 rows=100 width=121)
	              Index Cond: ((id >= 2259793) AND (id <= 2259892))

table 2 : explain SELECT DISTINCT c FROM sbtest2 WHERE id BETWEEN 6319214 AND 6319313 ORDER BY c
	Unique  (cost=394.84..395.33 rows=98 width=121)
	  ->  Sort  (cost=394.84..395.09 rows=98 width=121)
	        Sort Key: c
	        ->  Index Scan using sbtest2_pkey on sbtest2  (cost=0.43..391.60 rows=98 width=121)
	              Index Cond: ((id >= 6319214) AND (id <= 6319313))

table 3 : explain SELECT DISTINCT c FROM sbtest3 WHERE id BETWEEN 152467 AND 152566 ORDER BY c
	Unique  (cost=410.23..410.74 rows=102 width=121)
	  ->  Sort  (cost=410.23..410.48 rows=102 width=121)
	        Sort Key: c
	        ->  Index Scan using sbtest3_pkey on sbtest3  (cost=0.43..406.82 rows=102 width=121)
	              Index Cond: ((id >= 152467) AND (id <= 152566))

table 4 : explain SELECT DISTINCT c FROM sbtest4 WHERE id BETWEEN 1444141 AND 1444240 ORDER BY c
	Unique  (cost=389.98..390.46 rows=97 width=121)
	  ->  Sort  (cost=389.98..390.22 rows=97 width=121)
	        Sort Key: c
	        ->  Index Scan using sbtest4_pkey on sbtest4  (cost=0.43..386.78 rows=97 width=121)
	              Index Cond: ((id >= 1444141) AND (id <= 1444240))

table 5 : explain SELECT DISTINCT c FROM sbtest5 WHERE id BETWEEN 9810602 AND 9810701 ORDER BY c
	Unique  (cost=433.68..434.22 rows=108 width=121)
	  ->  Sort  (cost=433.68..433.95 rows=108 width=121)
	        Sort Key: c
	        ->  Index Scan using sbtest5_pkey on sbtest5  (cost=0.43..430.03 rows=108 width=121)
	              Index Cond: ((id >= 9810602) AND (id <= 9810701))

table 6 : explain SELECT DISTINCT c FROM sbtest6 WHERE id BETWEEN 9240688 AND 9240787 ORDER BY c
	Unique  (cost=393.71..394.20 rows=98 width=121)
	  ->  Sort  (cost=393.71..393.96 rows=98 width=121)
	        Sort Key: c
	        ->  Index Scan using sbtest6_pkey on sbtest6  (cost=0.43..390.47 rows=98 width=121)
	              Index Cond: ((id >= 9240688) AND (id <= 9240787))

table 7 : explain SELECT DISTINCT c FROM sbtest7 WHERE id BETWEEN 2848414 AND 2848513 ORDER BY c
	Unique  (cost=397.18..397.67 rows=99 width=121)
	  ->  Sort  (cost=397.18..397.42 rows=99 width=121)
	        Sort Key: c
	        ->  Index Scan using sbtest7_pkey on sbtest7  (cost=0.43..393.89 rows=99 width=121)
	              Index Cond: ((id >= 2848414) AND (id <= 2848513))

table 8 : explain SELECT DISTINCT c FROM sbtest8 WHERE id BETWEEN 3015126 AND 3015225 ORDER BY c
	Unique  (cost=442.25..442.80 rows=110 width=121)
	  ->  Sort  (cost=442.25..442.53 rows=110 width=121)
	        Sort Key: c
	        ->  Index Scan using sbtest8_pkey on sbtest8  (cost=0.43..438.52 rows=110 width=121)
	              Index Cond: ((id >= 3015126) AND (id <= 3015225))

explain: for point_selects :: explain SELECT c FROM sbtest%u WHERE id=%u
for: simple_ranges
table 1 : explain SELECT c FROM sbtest1 WHERE id BETWEEN 9970769 AND 9970868
	Index Scan using sbtest1_pkey on sbtest1  (cost=0.43..387.67 rows=97 width=121)
	  Index Cond: ((id >= 9970769) AND (id <= 9970868))

table 2 : explain SELECT c FROM sbtest2 WHERE id BETWEEN 4769400 AND 4769499
	Index Scan using sbtest2_pkey on sbtest2  (cost=0.43..367.90 rows=92 width=121)
	  Index Cond: ((id >= 4769400) AND (id <= 4769499))

table 3 : explain SELECT c FROM sbtest3 WHERE id BETWEEN 5204829 AND 5204928
	Index Scan using sbtest3_pkey on sbtest3  (cost=0.43..438.37 rows=110 width=121)
	  Index Cond: ((id >= 5204829) AND (id <= 5204928))

table 4 : explain SELECT c FROM sbtest4 WHERE id BETWEEN 917699 AND 917798
	Index Scan using sbtest4_pkey on sbtest4  (cost=0.43..394.66 rows=99 width=121)
	  Index Cond: ((id >= 917699) AND (id <= 917798))

table 5 : explain SELECT c FROM sbtest5 WHERE id BETWEEN 6413243 AND 6413342
	Index Scan using sbtest5_pkey on sbtest5  (cost=0.43..406.39 rows=102 width=121)
	  Index Cond: ((id >= 6413243) AND (id <= 6413342))

table 6 : explain SELECT c FROM sbtest6 WHERE id BETWEEN 4346552 AND 4346651
	Index Scan using sbtest6_pkey on sbtest6  (cost=0.43..390.47 rows=98 width=121)
	  Index Cond: ((id >= 4346552) AND (id <= 4346651))

table 7 : explain SELECT c FROM sbtest7 WHERE id BETWEEN 4628085 AND 4628184
	Index Scan using sbtest7_pkey on sbtest7  (cost=0.43..382.10 rows=96 width=121)
	  Index Cond: ((id >= 4628085) AND (id <= 4628184))

table 8 : explain SELECT c FROM sbtest8 WHERE id BETWEEN 8944328 AND 8944427
	Index Scan using sbtest8_pkey on sbtest8  (cost=0.43..347.77 rows=87 width=121)
	  Index Cond: ((id >= 8944328) AND (id <= 8944427))

for: distinct_ranges
table 1 : explain SELECT DISTINCT c FROM sbtest1 WHERE id BETWEEN 1959094 AND 1959193 ORDER BY c
	Unique  (cost=414.83..415.34 rows=103 width=121)
	  ->  Sort  (cost=414.83..415.09 rows=103 width=121)
	        Sort Key: c
	        ->  Index Scan using sbtest1_pkey on sbtest1  (cost=0.43..411.38 rows=103 width=121)
	              Index Cond: ((id >= 1959094) AND (id <= 1959193))

table 2 : explain SELECT DISTINCT c FROM sbtest2 WHERE id BETWEEN 8796447 AND 8796546 ORDER BY c
	Unique  (cost=414.81..415.33 rows=103 width=121)
	  ->  Sort  (cost=414.81..415.07 rows=103 width=121)
	        Sort Key: c
	        ->  Index Scan using sbtest2_pkey on sbtest2  (cost=0.43..411.37 rows=103 width=121)
	              Index Cond: ((id >= 8796447) AND (id <= 8796546))

table 3 : explain SELECT DISTINCT c FROM sbtest3 WHERE id BETWEEN 9205402 AND 9205501 ORDER BY c
	Unique  (cost=414.21..414.73 rows=103 width=121)
	  ->  Sort  (cost=414.21..414.47 rows=103 width=121)
	        Sort Key: c
	        ->  Index Scan using sbtest3_pkey on sbtest3  (cost=0.43..410.77 rows=103 width=121)
	              Index Cond: ((id >= 9205402) AND (id <= 9205501))

table 4 : explain SELECT DISTINCT c FROM sbtest4 WHERE id BETWEEN 800265 AND 800364 ORDER BY c
	Unique  (cost=386.00..386.48 rows=96 width=121)
	  ->  Sort  (cost=386.00..386.24 rows=96 width=121)
	        Sort Key: c
	        ->  Index Scan using sbtest4_pkey on sbtest4  (cost=0.43..382.84 rows=96 width=121)
	              Index Cond: ((id >= 800265) AND (id <= 800364))

table 5 : explain SELECT DISTINCT c FROM sbtest5 WHERE id BETWEEN 1223 AND 1322 ORDER BY c
	Unique  (cost=401.84..402.34 rows=100 width=121)
	  ->  Sort  (cost=401.84..402.09 rows=100 width=121)
	        Sort Key: c
	        ->  Index Scan using sbtest5_pkey on sbtest5  (cost=0.43..398.52 rows=100 width=121)
	              Index Cond: ((id >= 1223) AND (id <= 1322))

table 6 : explain SELECT DISTINCT c FROM sbtest6 WHERE id BETWEEN 2439732 AND 2439831 ORDER BY c
	Unique  (cost=409.65..410.16 rows=102 width=121)
	  ->  Sort  (cost=409.65..409.90 rows=102 width=121)
	        Sort Key: c
	        ->  Index Scan using sbtest6_pkey on sbtest6  (cost=0.43..406.25 rows=102 width=121)
	              Index Cond: ((id >= 2439732) AND (id <= 2439831))

table 7 : explain SELECT DISTINCT c FROM sbtest7 WHERE id BETWEEN 216568 AND 216667 ORDER BY c
	Unique  (cost=421.04..421.56 rows=105 width=121)
	  ->  Sort  (cost=421.04..421.30 rows=105 width=121)
	        Sort Key: c
	        ->  Index Scan using sbtest7_pkey on sbtest7  (cost=0.43..417.51 rows=105 width=121)
	              Index Cond: ((id >= 216568) AND (id <= 216667))

table 8 : explain SELECT DISTINCT c FROM sbtest8 WHERE id BETWEEN 5178020 AND 5178119 ORDER BY c
	Unique  (cost=398.39..398.89 rows=99 width=121)
	  ->  Sort  (cost=398.39..398.64 rows=99 width=121)
	        Sort Key: c
	        ->  Index Scan using sbtest8_pkey on sbtest8  (cost=0.43..395.11 rows=99 width=121)
	              Index Cond: ((id >= 5178020) AND (id <= 5178119))

for point_selects
table 1 : explain SELECT c FROM sbtest1 WHERE id=7675951
	Index Scan using sbtest1_pkey on sbtest1  (cost=0.43..8.45 rows=1 width=121)
	  Index Cond: (id = 7675951)

table 2 : explain SELECT c FROM sbtest2 WHERE id=7745764
	Index Scan using sbtest2_pkey on sbtest2  (cost=0.43..8.45 rows=1 width=121)
	  Index Cond: (id = 7745764)

table 3 : explain SELECT c FROM sbtest3 WHERE id=1147115
	Index Scan using sbtest3_pkey on sbtest3  (cost=0.43..8.45 rows=1 width=121)
	  Index Cond: (id = 1147115)

table 4 : explain SELECT c FROM sbtest4 WHERE id=2497846
	Index Scan using sbtest4_pkey on sbtest4  (cost=0.43..8.45 rows=1 width=121)
	  Index Cond: (id = 2497846)

table 5 : explain SELECT c FROM sbtest5 WHERE id=4062515
	Index Scan using sbtest5_pkey on sbtest5  (cost=0.43..8.45 rows=1 width=121)
	  Index Cond: (id = 4062515)

table 6 : explain SELECT c FROM sbtest6 WHERE id=7319596
	Index Scan using sbtest6_pkey on sbtest6  (cost=0.43..8.45 rows=1 width=121)
	  Index Cond: (id = 7319596)

table 7 : explain SELECT c FROM sbtest7 WHERE id=9565340
	Index Scan using sbtest7_pkey on sbtest7  (cost=0.43..8.45 rows=1 width=121)
	  Index Cond: (id = 9565340)

table 8 : explain SELECT c FROM sbtest8 WHERE id=7696287
	Index Scan using sbtest8_pkey on sbtest8  (cost=0.43..8.45 rows=1 width=121)
	  Index Cond: (id = 7696287)

for: sum_ranges
table 1 : explain SELECT SUM(k) FROM sbtest1 WHERE id BETWEEN 4082996 AND 4083095
	Aggregate  (cost=403.74..403.75 rows=1 width=8)
	  ->  Index Scan using sbtest1_pkey on sbtest1  (cost=0.43..403.48 rows=101 width=4)
	        Index Cond: ((id >= 4082996) AND (id <= 4083095))

table 2 : explain SELECT SUM(k) FROM sbtest2 WHERE id BETWEEN 4826781 AND 4826880
	Aggregate  (cost=407.67..407.68 rows=1 width=8)
	  ->  Index Scan using sbtest2_pkey on sbtest2  (cost=0.43..407.42 rows=102 width=4)
	        Index Cond: ((id >= 4826781) AND (id <= 4826880))

table 3 : explain SELECT SUM(k) FROM sbtest3 WHERE id BETWEEN 4911281 AND 4911380
	Aggregate  (cost=411.03..411.04 rows=1 width=8)
	  ->  Index Scan using sbtest3_pkey on sbtest3  (cost=0.43..410.77 rows=103 width=4)
	        Index Cond: ((id >= 4911281) AND (id <= 4911380))

table 4 : explain SELECT SUM(k) FROM sbtest4 WHERE id BETWEEN 8268026 AND 8268125
	Aggregate  (cost=418.58..418.59 rows=1 width=8)
	  ->  Index Scan using sbtest4_pkey on sbtest4  (cost=0.43..418.32 rows=105 width=4)
	        Index Cond: ((id >= 8268026) AND (id <= 8268125))

table 5 : explain SELECT SUM(k) FROM sbtest5 WHERE id BETWEEN 1469356 AND 1469455
	Aggregate  (cost=382.98..382.99 rows=1 width=8)
	  ->  Index Scan using sbtest5_pkey on sbtest5  (cost=0.43..382.74 rows=96 width=4)
	        Index Cond: ((id >= 1469356) AND (id <= 1469455))

table 6 : explain SELECT SUM(k) FROM sbtest6 WHERE id BETWEEN 3985079 AND 3985178
	Aggregate  (cost=434.08..434.09 rows=1 width=8)
	  ->  Index Scan using sbtest6_pkey on sbtest6  (cost=0.43..433.81 rows=109 width=4)
	        Index Cond: ((id >= 3985079) AND (id <= 3985178))

table 7 : explain SELECT SUM(k) FROM sbtest7 WHERE id BETWEEN 1712390 AND 1712489
	Aggregate  (cost=405.97..405.98 rows=1 width=8)
	  ->  Index Scan using sbtest7_pkey on sbtest7  (cost=0.43..405.71 rows=102 width=4)
	        Index Cond: ((id >= 1712390) AND (id <= 1712489))

table 8 : explain SELECT SUM(k) FROM sbtest8 WHERE id BETWEEN 2633823 AND 2633922
	Aggregate  (cost=415.11..415.12 rows=1 width=8)
	  ->  Index Scan using sbtest8_pkey on sbtest8  (cost=0.43..414.85 rows=104 width=4)
	        Index Cond: ((id >= 2633823) AND (id <= 2633922))

explain: for point_selects :: explain SELECT c FROM sbtest%u WHERE id=%u
for point_selects
table 1 : explain SELECT c FROM sbtest1 WHERE id=3812387
	Index Scan using sbtest1_pkey on sbtest1  (cost=0.43..8.45 rows=1 width=121)
	  Index Cond: (id = 3812387)

table 2 : explain SELECT c FROM sbtest2 WHERE id=5228968
	Index Scan using sbtest2_pkey on sbtest2  (cost=0.43..8.45 rows=1 width=121)
	  Index Cond: (id = 5228968)

table 3 : explain SELECT c FROM sbtest3 WHERE id=2273309
	Index Scan using sbtest3_pkey on sbtest3  (cost=0.43..8.45 rows=1 width=121)
	  Index Cond: (id = 2273309)

table 4 : explain SELECT c FROM sbtest4 WHERE id=1694665
	Index Scan using sbtest4_pkey on sbtest4  (cost=0.43..8.45 rows=1 width=121)
	  Index Cond: (id = 1694665)

table 5 : explain SELECT c FROM sbtest5 WHERE id=4179396
	Index Scan using sbtest5_pkey on sbtest5  (cost=0.43..8.45 rows=1 width=121)
	  Index Cond: (id = 4179396)

table 6 : explain SELECT c FROM sbtest6 WHERE id=6275041
	Index Scan using sbtest6_pkey on sbtest6  (cost=0.43..8.45 rows=1 width=121)
	  Index Cond: (id = 6275041)

table 7 : explain SELECT c FROM sbtest7 WHERE id=6040802
	Index Scan using sbtest7_pkey on sbtest7  (cost=0.43..8.45 rows=1 width=121)
	  Index Cond: (id = 6040802)

table 8 : explain SELECT c FROM sbtest8 WHERE id=8445262
	Index Scan using sbtest8_pkey on sbtest8  (cost=0.43..8.45 rows=1 width=121)
	  Index Cond: (id = 8445262)

explain: for point_selects :: explain SELECT c FROM sbtest%u WHERE id=%u
for: sum_ranges
table 1 : explain SELECT SUM(k) FROM sbtest1 WHERE id BETWEEN 2054731 AND 2054830
	Aggregate  (cost=387.91..387.92 rows=1 width=8)
	  ->  Index Scan using sbtest1_pkey on sbtest1  (cost=0.43..387.67 rows=97 width=4)
	        Index Cond: ((id >= 2054731) AND (id <= 2054830))

table 2 : explain SELECT SUM(k) FROM sbtest2 WHERE id BETWEEN 6786360 AND 6786459
	Aggregate  (cost=387.89..387.90 rows=1 width=8)
	  ->  Index Scan using sbtest2_pkey on sbtest2  (cost=0.43..387.65 rows=97 width=4)
	        Index Cond: ((id >= 6786360) AND (id <= 6786459))

table 3 : explain SELECT SUM(k) FROM sbtest3 WHERE id BETWEEN 5360172 AND 5360271
	Aggregate  (cost=414.97..414.98 rows=1 width=8)
	  ->  Index Scan using sbtest3_pkey on sbtest3  (cost=0.43..414.71 rows=104 width=4)
	        Index Cond: ((id >= 5360172) AND (id <= 5360271))

table 4 : explain SELECT SUM(k) FROM sbtest4 WHERE id BETWEEN 904068 AND 904167
	Aggregate  (cost=394.91..394.92 rows=1 width=8)
	  ->  Index Scan using sbtest4_pkey on sbtest4  (cost=0.43..394.66 rows=99 width=4)
	        Index Cond: ((id >= 904068) AND (id <= 904167))

table 5 : explain SELECT SUM(k) FROM sbtest5 WHERE id BETWEEN 9038509 AND 9038608
	Aggregate  (cost=359.33..359.34 rows=1 width=8)
	  ->  Index Scan using sbtest5_pkey on sbtest5  (cost=0.43..359.10 rows=90 width=4)
	        Index Cond: ((id >= 9038509) AND (id <= 9038608))

table 6 : explain SELECT SUM(k) FROM sbtest6 WHERE id BETWEEN 4556148 AND 4556247
	Aggregate  (cost=410.44..410.45 rows=1 width=8)
	  ->  Index Scan using sbtest6_pkey on sbtest6  (cost=0.43..410.18 rows=103 width=4)
	        Index Cond: ((id >= 4556148) AND (id <= 4556247))

table 7 : explain SELECT SUM(k) FROM sbtest7 WHERE id BETWEEN 2325604 AND 2325703
	Aggregate  (cost=413.84..413.85 rows=1 width=8)
	  ->  Index Scan using sbtest7_pkey on sbtest7  (cost=0.43..413.58 rows=104 width=4)
	        Index Cond: ((id >= 2325604) AND (id <= 2325703))

table 8 : explain SELECT SUM(k) FROM sbtest8 WHERE id BETWEEN 2290310 AND 2290409
	Aggregate  (cost=395.36..395.37 rows=1 width=8)
	  ->  Index Scan using sbtest8_pkey on sbtest8  (cost=0.43..395.11 rows=99 width=4)
	        Index Cond: ((id >= 2290310) AND (id <= 2290409))

explain: for point_selects :: explain SELECT c FROM sbtest%u WHERE id=%u
explain: for point_selects :: explain SELECT c FROM sbtest%u WHERE id=%u
for: simple_ranges
table 1 : explain SELECT c FROM sbtest1 WHERE id BETWEEN 5808582 AND 5808681
	Index Scan using sbtest1_pkey on sbtest1  (cost=0.43..379.77 rows=95 width=121)
	  Index Cond: ((id >= 5808582) AND (id <= 5808681))

table 2 : explain SELECT c FROM sbtest2 WHERE id BETWEEN 6887412 AND 6887511
	Index Scan using sbtest2_pkey on sbtest2  (cost=0.43..391.60 rows=98 width=121)
	  Index Cond: ((id >= 6887412) AND (id <= 6887511))

table 3 : explain SELECT c FROM sbtest3 WHERE id BETWEEN 381620 AND 381719
	Index Scan using sbtest3_pkey on sbtest3  (cost=0.43..438.37 rows=110 width=121)
	  Index Cond: ((id >= 381620) AND (id <= 381719))

table 4 : explain SELECT c FROM sbtest4 WHERE id BETWEEN 1199109 AND 1199208
	Index Scan using sbtest4_pkey on sbtest4  (cost=0.43..438.02 rows=110 width=121)
	  Index Cond: ((id >= 1199109) AND (id <= 1199208))

table 5 : explain SELECT c FROM sbtest5 WHERE id BETWEEN 3933879 AND 3933978
	Index Scan using sbtest5_pkey on sbtest5  (cost=0.43..378.80 rows=95 width=121)
	  Index Cond: ((id >= 3933879) AND (id <= 3933978))

table 6 : explain SELECT c FROM sbtest6 WHERE id BETWEEN 6474567 AND 6474666
	Index Scan using sbtest6_pkey on sbtest6  (cost=0.43..406.25 rows=102 width=121)
	  Index Cond: ((id >= 6474567) AND (id <= 6474666))

table 7 : explain SELECT c FROM sbtest7 WHERE id BETWEEN 8347504 AND 8347603
	Index Scan using sbtest7_pkey on sbtest7  (cost=0.43..382.10 rows=96 width=121)
	  Index Cond: ((id >= 8347504) AND (id <= 8347603))

table 8 : explain SELECT c FROM sbtest8 WHERE id BETWEEN 6053481 AND 6053580
	Index Scan using sbtest8_pkey on sbtest8  (cost=0.43..403.02 rows=101 width=121)
	  Index Cond: ((id >= 6053481) AND (id <= 6053580))

for: sum_ranges
table 1 : explain SELECT SUM(k) FROM sbtest1 WHERE id BETWEEN 8589315 AND 8589414
	Aggregate  (cost=380.01..380.02 rows=1 width=8)
	  ->  Index Scan using sbtest1_pkey on sbtest1  (cost=0.43..379.77 rows=95 width=4)
	        Index Cond: ((id >= 8589315) AND (id <= 8589414))

table 2 : explain SELECT SUM(k) FROM sbtest2 WHERE id BETWEEN 4611842 AND 4611941
	Aggregate  (cost=360.23..360.24 rows=1 width=8)
	  ->  Index Scan using sbtest2_pkey on sbtest2  (cost=0.43..360.00 rows=90 width=4)
	        Index Cond: ((id >= 4611842) AND (id <= 4611941))

table 3 : explain SELECT SUM(k) FROM sbtest3 WHERE id BETWEEN 4362327 AND 4362426
	Aggregate  (cost=355.76..355.77 rows=1 width=8)
	  ->  Index Scan using sbtest3_pkey on sbtest3  (cost=0.43..355.54 rows=89 width=4)
	        Index Cond: ((id >= 4362327) AND (id <= 4362426))

table 4 : explain SELECT SUM(k) FROM sbtest4 WHERE id BETWEEN 7625744 AND 7625843
	Aggregate  (cost=390.96..390.97 rows=1 width=8)
	  ->  Index Scan using sbtest4_pkey on sbtest4  (cost=0.43..390.72 rows=98 width=4)
	        Index Cond: ((id >= 7625744) AND (id <= 7625843))

table 5 : explain SELECT SUM(k) FROM sbtest5 WHERE id BETWEEN 6873900 AND 6873999
	Aggregate  (cost=382.98..382.99 rows=1 width=8)
	  ->  Index Scan using sbtest5_pkey on sbtest5  (cost=0.43..382.74 rows=96 width=4)
	        Index Cond: ((id >= 6873900) AND (id <= 6873999))

table 6 : explain SELECT SUM(k) FROM sbtest6 WHERE id BETWEEN 6667046 AND 6667145
	Aggregate  (cost=402.56..402.57 rows=1 width=8)
	  ->  Index Scan using sbtest6_pkey on sbtest6  (cost=0.43..402.31 rows=101 width=4)
	        Index Cond: ((id >= 6667046) AND (id <= 6667145))

table 7 : explain SELECT SUM(k) FROM sbtest7 WHERE id BETWEEN 3718395 AND 3718494
	Aggregate  (cost=382.34..382.35 rows=1 width=8)
	  ->  Index Scan using sbtest7_pkey on sbtest7  (cost=0.43..382.10 rows=96 width=4)
	        Index Cond: ((id >= 3718395) AND (id <= 3718494))

table 8 : explain SELECT SUM(k) FROM sbtest8 WHERE id BETWEEN 511614 AND 511713
	Aggregate  (cost=399.32..399.33 rows=1 width=8)
	  ->  Index Scan using sbtest8_pkey on sbtest8  (cost=0.43..399.07 rows=100 width=4)
	        Index Cond: ((id >= 511614) AND (id <= 511713))

for: order_ranges
table 1 : explain SELECT c FROM sbtest1 WHERE id BETWEEN 2058652 AND 2058751 ORDER BY c
	Sort  (cost=390.87..391.11 rows=97 width=121)
	  Sort Key: c
	  ->  Index Scan using sbtest1_pkey on sbtest1  (cost=0.43..387.67 rows=97 width=121)
	        Index Cond: ((id >= 2058652) AND (id <= 2058751))

table 2 : explain SELECT c FROM sbtest2 WHERE id BETWEEN 5268245 AND 5268344 ORDER BY c
	Sort  (cost=422.79..423.05 rows=105 width=121)
	  Sort Key: c
	  ->  Index Scan using sbtest2_pkey on sbtest2  (cost=0.43..419.27 rows=105 width=121)
	        Index Cond: ((id >= 5268245) AND (id <= 5268344))

table 3 : explain SELECT c FROM sbtest3 WHERE id BETWEEN 6949108 AND 6949207 ORDER BY c
	Sort  (cost=378.34..378.57 rows=94 width=121)
	  Sort Key: c
	  ->  Index Scan using sbtest3_pkey on sbtest3  (cost=0.43..375.26 rows=94 width=121)
	        Index Cond: ((id >= 6949108) AND (id <= 6949207))

table 4 : explain SELECT c FROM sbtest4 WHERE id BETWEEN 6186355 AND 6186454 ORDER BY c
	Sort  (cost=417.86..418.12 rows=104 width=121)
	  Sort Key: c
	  ->  Index Scan using sbtest4_pkey on sbtest4  (cost=0.43..414.38 rows=104 width=121)
	        Index Cond: ((id >= 6186355) AND (id <= 6186454))

table 5 : explain SELECT c FROM sbtest5 WHERE id BETWEEN 6557670 AND 6557769 ORDER BY c
	Sort  (cost=453.58..453.86 rows=113 width=121)
	  Sort Key: c
	  ->  Index Scan using sbtest5_pkey on sbtest5  (cost=0.43..449.73 rows=113 width=121)
	        Index Cond: ((id >= 6557670) AND (id <= 6557769))

table 6 : explain SELECT c FROM sbtest6 WHERE id BETWEEN 9754086 AND 9754185 ORDER BY c
	Sort  (cost=381.78..382.02 rows=95 width=121)
	  Sort Key: c
	  ->  Index Scan using sbtest6_pkey on sbtest6  (cost=0.43..378.66 rows=95 width=121)
	        Index Cond: ((id >= 9754086) AND (id <= 9754185))

table 7 : explain SELECT c FROM sbtest7 WHERE id BETWEEN 8722752 AND 8722851 ORDER BY c
	Sort  (cost=369.37..369.60 rows=92 width=121)
	  Sort Key: c
	  ->  Index Scan using sbtest7_pkey on sbtest7  (cost=0.43..366.37 rows=92 width=121)
	        Index Cond: ((id >= 8722752) AND (id <= 8722851))

table 8 : explain SELECT c FROM sbtest8 WHERE id BETWEEN 5132750 AND 5132849 ORDER BY c
	Sort  (cost=394.40..394.65 rows=98 width=121)
	  Sort Key: c
	  ->  Index Scan using sbtest8_pkey on sbtest8  (cost=0.43..391.16 rows=98 width=121)
	        Index Cond: ((id >= 5132750) AND (id <= 5132849))

for point_selects
table 1 : explain SELECT c FROM sbtest1 WHERE id=2862280
	Index Scan using sbtest1_pkey on sbtest1  (cost=0.43..8.45 rows=1 width=121)
	  Index Cond: (id = 2862280)

table 2 : explain SELECT c FROM sbtest2 WHERE id=3329715
	Index Scan using sbtest2_pkey on sbtest2  (cost=0.43..8.45 rows=1 width=121)
	  Index Cond: (id = 3329715)

table 3 : explain SELECT c FROM sbtest3 WHERE id=7081563
	Index Scan using sbtest3_pkey on sbtest3  (cost=0.43..8.45 rows=1 width=121)
	  Index Cond: (id = 7081563)

table 4 : explain SELECT c FROM sbtest4 WHERE id=1811152
	Index Scan using sbtest4_pkey on sbtest4  (cost=0.43..8.45 rows=1 width=121)
	  Index Cond: (id = 1811152)

table 5 : explain SELECT c FROM sbtest5 WHERE id=219545
	Index Scan using sbtest5_pkey on sbtest5  (cost=0.43..8.45 rows=1 width=121)
	  Index Cond: (id = 219545)

table 6 : explain SELECT c FROM sbtest6 WHERE id=473727
	Index Scan using sbtest6_pkey on sbtest6  (cost=0.43..8.45 rows=1 width=121)
	  Index Cond: (id = 473727)

table 7 : explain SELECT c FROM sbtest7 WHERE id=1123333
	Index Scan using sbtest7_pkey on sbtest7  (cost=0.43..8.45 rows=1 width=121)
	  Index Cond: (id = 1123333)

table 8 : explain SELECT c FROM sbtest8 WHERE id=6707328
	Index Scan using sbtest8_pkey on sbtest8  (cost=0.43..8.45 rows=1 width=121)
	  Index Cond: (id = 6707328)

for: simple_ranges
table 1 : explain SELECT c FROM sbtest1 WHERE id BETWEEN 5461514 AND 5461613
	Index Scan using sbtest1_pkey on sbtest1  (cost=0.43..363.97 rows=91 width=121)
	  Index Cond: ((id >= 5461514) AND (id <= 5461613))

table 2 : explain SELECT c FROM sbtest2 WHERE id BETWEEN 5918434 AND 5918533
	Index Scan using sbtest2_pkey on sbtest2  (cost=0.43..411.37 rows=103 width=121)
	  Index Cond: ((id >= 5918434) AND (id <= 5918533))

table 3 : explain SELECT c FROM sbtest3 WHERE id BETWEEN 8450338 AND 8450437
	Index Scan using sbtest3_pkey on sbtest3  (cost=0.43..406.82 rows=102 width=121)
	  Index Cond: ((id >= 8450338) AND (id <= 8450437))

table 4 : explain SELECT c FROM sbtest4 WHERE id BETWEEN 28035 AND 28134
	Index Scan using sbtest4_pkey on sbtest4  (cost=0.43..390.72 rows=98 width=121)
	  Index Cond: ((id >= 28035) AND (id <= 28134))

table 5 : explain SELECT c FROM sbtest5 WHERE id BETWEEN 4532424 AND 4532523
	Index Scan using sbtest5_pkey on sbtest5  (cost=0.43..414.27 rows=104 width=121)
	  Index Cond: ((id >= 4532424) AND (id <= 4532523))

table 6 : explain SELECT c FROM sbtest6 WHERE id BETWEEN 1968427 AND 1968526
	Index Scan using sbtest6_pkey on sbtest6  (cost=0.43..374.72 rows=94 width=121)
	  Index Cond: ((id >= 1968427) AND (id <= 1968526))

table 7 : explain SELECT c FROM sbtest7 WHERE id BETWEEN 5105801 AND 5105900
	Index Scan using sbtest7_pkey on sbtest7  (cost=0.43..409.65 rows=103 width=121)
	  Index Cond: ((id >= 5105801) AND (id <= 5105900))

table 8 : explain SELECT c FROM sbtest8 WHERE id BETWEEN 3194596 AND 3194695
	Index Scan using sbtest8_pkey on sbtest8  (cost=0.43..395.11 rows=99 width=121)
	  Index Cond: ((id >= 3194596) AND (id <= 3194695))

for: order_ranges
table 1 : explain SELECT c FROM sbtest1 WHERE id BETWEEN 5161280 AND 5161379 ORDER BY c
	Sort  (cost=398.85..399.10 rows=99 width=121)
	  Sort Key: c
	  ->  Index Scan using sbtest1_pkey on sbtest1  (cost=0.43..395.57 rows=99 width=121)
	        Index Cond: ((id >= 5161280) AND (id <= 5161379))

table 2 : explain SELECT c FROM sbtest2 WHERE id BETWEEN 3036446 AND 3036545 ORDER BY c
	Sort  (cost=398.85..399.10 rows=99 width=121)
	  Sort Key: c
	  ->  Index Scan using sbtest2_pkey on sbtest2  (cost=0.43..395.57 rows=99 width=121)
	        Index Cond: ((id >= 3036446) AND (id <= 3036545))

table 3 : explain SELECT c FROM sbtest3 WHERE id BETWEEN 839017 AND 839116 ORDER BY c
	Sort  (cost=422.18..422.44 rows=105 width=121)
	  Sort Key: c
	  ->  Index Scan using sbtest3_pkey on sbtest3  (cost=0.43..418.66 rows=105 width=121)
	        Index Cond: ((id >= 839017) AND (id <= 839116))

table 4 : explain SELECT c FROM sbtest4 WHERE id BETWEEN 570054 AND 570153 ORDER BY c
	Sort  (cost=397.94..398.19 rows=99 width=121)
	  Sort Key: c
	  ->  Index Scan using sbtest4_pkey on sbtest4  (cost=0.43..394.66 rows=99 width=121)
	        Index Cond: ((id >= 570054) AND (id <= 570153))

table 5 : explain SELECT c FROM sbtest5 WHERE id BETWEEN 4201277 AND 4201376 ORDER BY c
	Sort  (cost=397.84..398.09 rows=99 width=121)
	  Sort Key: c
	  ->  Index Scan using sbtest5_pkey on sbtest5  (cost=0.43..394.56 rows=99 width=121)
	        Index Cond: ((id >= 4201277) AND (id <= 4201376))

table 6 : explain SELECT c FROM sbtest6 WHERE id BETWEEN 6768690 AND 6768789 ORDER BY c
	Sort  (cost=457.40..457.68 rows=114 width=121)
	  Sort Key: c
	  ->  Index Scan using sbtest6_pkey on sbtest6  (cost=0.43..453.50 rows=114 width=121)
	        Index Cond: ((id >= 6768690) AND (id <= 6768789))

table 7 : explain SELECT c FROM sbtest7 WHERE id BETWEEN 2984855 AND 2984954 ORDER BY c
	Sort  (cost=417.06..417.32 rows=104 width=121)
	  Sort Key: c
	  ->  Index Scan using sbtest7_pkey on sbtest7  (cost=0.43..413.58 rows=104 width=121)
	        Index Cond: ((id >= 2984855) AND (id <= 2984954))

table 8 : explain SELECT c FROM sbtest8 WHERE id BETWEEN 1721455 AND 1721554 ORDER BY c
	Sort  (cost=458.20..458.48 rows=114 width=121)
	  Sort Key: c
	  ->  Index Scan using sbtest8_pkey on sbtest8  (cost=0.43..454.30 rows=114 width=121)
	        Index Cond: ((id >= 1721455) AND (id <= 1721554))

for: order_ranges
table 1 : explain SELECT c FROM sbtest1 WHERE id BETWEEN 7679485 AND 7679584 ORDER BY c
	Sort  (cost=374.91..375.14 rows=93 width=121)
	  Sort Key: c
	  ->  Index Scan using sbtest1_pkey on sbtest1  (cost=0.43..371.87 rows=93 width=121)
	        Index Cond: ((id >= 7679485) AND (id <= 7679584))

table 2 : explain SELECT c FROM sbtest2 WHERE id BETWEEN 9477987 AND 9478086 ORDER BY c
	Sort  (cost=378.88..379.12 rows=94 width=121)
	  Sort Key: c
	  ->  Index Scan using sbtest2_pkey on sbtest2  (cost=0.43..375.80 rows=94 width=121)
	        Index Cond: ((id >= 9477987) AND (id <= 9478086))

table 3 : explain SELECT c FROM sbtest3 WHERE id BETWEEN 3274182 AND 3274281 ORDER BY c
	Sort  (cost=438.12..438.39 rows=109 width=121)
	  Sort Key: c
	  ->  Index Scan using sbtest3_pkey on sbtest3  (cost=0.43..434.43 rows=109 width=121)
	        Index Cond: ((id >= 3274182) AND (id <= 3274281))

table 4 : explain SELECT c FROM sbtest4 WHERE id BETWEEN 6195434 AND 6195533 ORDER BY c
	Sort  (cost=409.90..410.16 rows=102 width=121)
	  Sort Key: c
	  ->  Index Scan using sbtest4_pkey on sbtest4  (cost=0.43..406.50 rows=102 width=121)
	        Index Cond: ((id >= 6195434) AND (id <= 6195533))

table 5 : explain SELECT c FROM sbtest5 WHERE id BETWEEN 1770971 AND 1771070 ORDER BY c
	Sort  (cost=397.86..398.11 rows=99 width=121)
	  Sort Key: c
	  ->  Index Scan using sbtest5_pkey on sbtest5  (cost=0.43..394.58 rows=99 width=121)
	        Index Cond: ((id >= 1770971) AND (id <= 1771070))

table 6 : explain SELECT c FROM sbtest6 WHERE id BETWEEN 216289 AND 216388 ORDER BY c
	Sort  (cost=381.78..382.02 rows=95 width=121)
	  Sort Key: c
	  ->  Index Scan using sbtest6_pkey on sbtest6  (cost=0.43..378.66 rows=95 width=121)
	        Index Cond: ((id >= 216289) AND (id <= 216388))

table 7 : explain SELECT c FROM sbtest7 WHERE id BETWEEN 1981385 AND 1981484 ORDER BY c
	Sort  (cost=397.18..397.42 rows=99 width=121)
	  Sort Key: c
	  ->  Index Scan using sbtest7_pkey on sbtest7  (cost=0.43..393.89 rows=99 width=121)
	        Index Cond: ((id >= 1981385) AND (id <= 1981484))

table 8 : explain SELECT c FROM sbtest8 WHERE id BETWEEN 2354790 AND 2354889 ORDER BY c
	Sort  (cost=414.35..414.61 rows=103 width=121)
	  Sort Key: c
	  ->  Index Scan using sbtest8_pkey on sbtest8  (cost=0.43..410.91 rows=103 width=121)
	        Index Cond: ((id >= 2354790) AND (id <= 2354889))

for: sum_ranges
table 1 : explain SELECT SUM(k) FROM sbtest1 WHERE id BETWEEN 441920 AND 442019
	Aggregate  (cost=419.55..419.56 rows=1 width=8)
	  ->  Index Scan using sbtest1_pkey on sbtest1  (cost=0.43..419.28 rows=105 width=4)
	        Index Cond: ((id >= 441920) AND (id <= 442019))

table 2 : explain SELECT SUM(k) FROM sbtest2 WHERE id BETWEEN 3719852 AND 3719951
	Aggregate  (cost=435.34..435.35 rows=1 width=8)
	  ->  Index Scan using sbtest2_pkey on sbtest2  (cost=0.43..435.06 rows=109 width=4)
	        Index Cond: ((id >= 3719852) AND (id <= 3719951))

table 3 : explain SELECT SUM(k) FROM sbtest3 WHERE id BETWEEN 737390 AND 737489
	Aggregate  (cost=430.76..430.77 rows=1 width=8)
	  ->  Index Scan using sbtest3_pkey on sbtest3  (cost=0.43..430.49 rows=108 width=4)
	        Index Cond: ((id >= 737390) AND (id <= 737489))

table 4 : explain SELECT SUM(k) FROM sbtest4 WHERE id BETWEEN 2437837 AND 2437936
	Aggregate  (cost=398.85..398.86 rows=1 width=8)
	  ->  Index Scan using sbtest4_pkey on sbtest4  (cost=0.43..398.60 rows=100 width=4)
	        Index Cond: ((id >= 2437837) AND (id <= 2437936))

table 5 : explain SELECT SUM(k) FROM sbtest5 WHERE id BETWEEN 3017184 AND 3017283
	Aggregate  (cost=434.24..434.25 rows=1 width=8)
	  ->  Index Scan using sbtest5_pkey on sbtest5  (cost=0.43..433.97 rows=109 width=4)
	        Index Cond: ((id >= 3017184) AND (id <= 3017283))

table 6 : explain SELECT SUM(k) FROM sbtest6 WHERE id BETWEEN 6241444 AND 6241543
	Aggregate  (cost=390.72..390.73 rows=1 width=8)
	  ->  Index Scan using sbtest6_pkey on sbtest6  (cost=0.43..390.47 rows=98 width=4)
	        Index Cond: ((id >= 6241444) AND (id <= 6241543))

table 7 : explain SELECT SUM(k) FROM sbtest7 WHERE id BETWEEN 4320456 AND 4320555
	Aggregate  (cost=374.47..374.48 rows=1 width=8)
	  ->  Index Scan using sbtest7_pkey on sbtest7  (cost=0.43..374.23 rows=94 width=4)
	        Index Cond: ((id >= 4320456) AND (id <= 4320555))

table 8 : explain SELECT SUM(k) FROM sbtest8 WHERE id BETWEEN 4862419 AND 4862518
	Aggregate  (cost=407.22..407.23 rows=1 width=8)
	  ->  Index Scan using sbtest8_pkey on sbtest8  (cost=0.43..406.96 rows=102 width=4)
	        Index Cond: ((id >= 4862419) AND (id <= 4862518))

for point_selects
table 1 : explain SELECT c FROM sbtest1 WHERE id=6350287
	Index Scan using sbtest1_pkey on sbtest1  (cost=0.43..8.45 rows=1 width=121)
	  Index Cond: (id = 6350287)

table 2 : explain SELECT c FROM sbtest2 WHERE id=6571723
	Index Scan using sbtest2_pkey on sbtest2  (cost=0.43..8.45 rows=1 width=121)
	  Index Cond: (id = 6571723)

table 3 : explain SELECT c FROM sbtest3 WHERE id=4626253
	Index Scan using sbtest3_pkey on sbtest3  (cost=0.43..8.45 rows=1 width=121)
	  Index Cond: (id = 4626253)

table 4 : explain SELECT c FROM sbtest4 WHERE id=2885421
	Index Scan using sbtest4_pkey on sbtest4  (cost=0.43..8.45 rows=1 width=121)
	  Index Cond: (id = 2885421)

table 5 : explain SELECT c FROM sbtest5 WHERE id=2491642
	Index Scan using sbtest5_pkey on sbtest5  (cost=0.43..8.45 rows=1 width=121)
	  Index Cond: (id = 2491642)

table 6 : explain SELECT c FROM sbtest6 WHERE id=728851
	Index Scan using sbtest6_pkey on sbtest6  (cost=0.43..8.45 rows=1 width=121)
	  Index Cond: (id = 728851)

table 7 : explain SELECT c FROM sbtest7 WHERE id=1597005
	Index Scan using sbtest7_pkey on sbtest7  (cost=0.43..8.45 rows=1 width=121)
	  Index Cond: (id = 1597005)

table 8 : explain SELECT c FROM sbtest8 WHERE id=251639
	Index Scan using sbtest8_pkey on sbtest8  (cost=0.43..8.45 rows=1 width=121)
	  Index Cond: (id = 251639)

for: simple_ranges
table 1 : explain SELECT c FROM sbtest1 WHERE id BETWEEN 9003773 AND 9003872
	Index Scan using sbtest1_pkey on sbtest1  (cost=0.43..423.23 rows=106 width=121)
	  Index Cond: ((id >= 9003773) AND (id <= 9003872))

table 2 : explain SELECT c FROM sbtest2 WHERE id BETWEEN 4574858 AND 4574957
	Index Scan using sbtest2_pkey on sbtest2  (cost=0.43..360.00 rows=90 width=121)
	  Index Cond: ((id >= 4574858) AND (id <= 4574957))

table 3 : explain SELECT c FROM sbtest3 WHERE id BETWEEN 122792 AND 122891
	Index Scan using sbtest3_pkey on sbtest3  (cost=0.43..406.82 rows=102 width=121)
	  Index Cond: ((id >= 122792) AND (id <= 122891))

table 4 : explain SELECT c FROM sbtest4 WHERE id BETWEEN 540757 AND 540856
	Index Scan using sbtest4_pkey on sbtest4  (cost=0.43..394.66 rows=99 width=121)
	  Index Cond: ((id >= 540757) AND (id <= 540856))

table 5 : explain SELECT c FROM sbtest5 WHERE id BETWEEN 8164492 AND 8164591
	Index Scan using sbtest5_pkey on sbtest5  (cost=0.43..398.52 rows=100 width=121)
	  Index Cond: ((id >= 8164492) AND (id <= 8164591))

table 6 : explain SELECT c FROM sbtest6 WHERE id BETWEEN 8003968 AND 8004067
	Index Scan using sbtest6_pkey on sbtest6  (cost=0.43..394.41 rows=99 width=121)
	  Index Cond: ((id >= 8003968) AND (id <= 8004067))

table 7 : explain SELECT c FROM sbtest7 WHERE id BETWEEN 5167207 AND 5167306
	Index Scan using sbtest7_pkey on sbtest7  (cost=0.43..401.78 rows=101 width=121)
	  Index Cond: ((id >= 5167207) AND (id <= 5167306))

table 8 : explain SELECT c FROM sbtest8 WHERE id BETWEEN 8129122 AND 8129221
	Index Scan using sbtest8_pkey on sbtest8  (cost=0.43..422.74 rows=106 width=121)
	  Index Cond: ((id >= 8129122) AND (id <= 8129221))

for point_selects
table 1 : explain SELECT c FROM sbtest1 WHERE id=3406394
	Index Scan using sbtest1_pkey on sbtest1  (cost=0.43..8.45 rows=1 width=121)
	  Index Cond: (id = 3406394)

table 2 : explain SELECT c FROM sbtest2 WHERE id=8762472
	Index Scan using sbtest2_pkey on sbtest2  (cost=0.43..8.45 rows=1 width=121)
	  Index Cond: (id = 8762472)

table 3 : explain SELECT c FROM sbtest3 WHERE id=8323608
	Index Scan using sbtest3_pkey on sbtest3  (cost=0.43..8.45 rows=1 width=121)
	  Index Cond: (id = 8323608)

table 4 : explain SELECT c FROM sbtest4 WHERE id=1702466
	Index Scan using sbtest4_pkey on sbtest4  (cost=0.43..8.45 rows=1 width=121)
	  Index Cond: (id = 1702466)

table 5 : explain SELECT c FROM sbtest5 WHERE id=5087054
	Index Scan using sbtest5_pkey on sbtest5  (cost=0.43..8.45 rows=1 width=121)
	  Index Cond: (id = 5087054)

table 6 : explain SELECT c FROM sbtest6 WHERE id=445613
	Index Scan using sbtest6_pkey on sbtest6  (cost=0.43..8.45 rows=1 width=121)
	  Index Cond: (id = 445613)

table 7 : explain SELECT c FROM sbtest7 WHERE id=4250690
	Index Scan using sbtest7_pkey on sbtest7  (cost=0.43..8.45 rows=1 width=121)
	  Index Cond: (id = 4250690)

table 8 : explain SELECT c FROM sbtest8 WHERE id=6897387
	Index Scan using sbtest8_pkey on sbtest8  (cost=0.43..8.45 rows=1 width=121)
	  Index Cond: (id = 6897387)

for point_selects
table 1 : explain SELECT c FROM sbtest1 WHERE id=9534235
	Index Scan using sbtest1_pkey on sbtest1  (cost=0.43..8.45 rows=1 width=121)
	  Index Cond: (id = 9534235)

table 2 : explain SELECT c FROM sbtest2 WHERE id=7296861
	Index Scan using sbtest2_pkey on sbtest2  (cost=0.43..8.45 rows=1 width=121)
	  Index Cond: (id = 7296861)

table 3 : explain SELECT c FROM sbtest3 WHERE id=1340576
	Index Scan using sbtest3_pkey on sbtest3  (cost=0.43..8.45 rows=1 width=121)
	  Index Cond: (id = 1340576)

table 4 : explain SELECT c FROM sbtest4 WHERE id=5370212
	Index Scan using sbtest4_pkey on sbtest4  (cost=0.43..8.45 rows=1 width=121)
	  Index Cond: (id = 5370212)

table 5 : explain SELECT c FROM sbtest5 WHERE id=6934726
	Index Scan using sbtest5_pkey on sbtest5  (cost=0.43..8.45 rows=1 width=121)
	  Index Cond: (id = 6934726)

table 6 : explain SELECT c FROM sbtest6 WHERE id=1385062
	Index Scan using sbtest6_pkey on sbtest6  (cost=0.43..8.45 rows=1 width=121)
	  Index Cond: (id = 1385062)

table 7 : explain SELECT c FROM sbtest7 WHERE id=9659927
	Index Scan using sbtest7_pkey on sbtest7  (cost=0.43..8.45 rows=1 width=121)
	  Index Cond: (id = 9659927)

table 8 : explain SELECT c FROM sbtest8 WHERE id=3946295
	Index Scan using sbtest8_pkey on sbtest8  (cost=0.43..8.45 rows=1 width=121)
	  Index Cond: (id = 3946295)

for point_selects
table 1 : explain SELECT c FROM sbtest1 WHERE id=8299686
	Index Scan using sbtest1_pkey on sbtest1  (cost=0.43..8.45 rows=1 width=121)
	  Index Cond: (id = 8299686)

table 2 : explain SELECT c FROM sbtest2 WHERE id=4885274
	Index Scan using sbtest2_pkey on sbtest2  (cost=0.43..8.45 rows=1 width=121)
	  Index Cond: (id = 4885274)

table 3 : explain SELECT c FROM sbtest3 WHERE id=4003321
	Index Scan using sbtest3_pkey on sbtest3  (cost=0.43..8.45 rows=1 width=121)
	  Index Cond: (id = 4003321)

table 4 : explain SELECT c FROM sbtest4 WHERE id=2974229
	Index Scan using sbtest4_pkey on sbtest4  (cost=0.43..8.45 rows=1 width=121)
	  Index Cond: (id = 2974229)

table 5 : explain SELECT c FROM sbtest5 WHERE id=1241929
	Index Scan using sbtest5_pkey on sbtest5  (cost=0.43..8.45 rows=1 width=121)
	  Index Cond: (id = 1241929)

table 6 : explain SELECT c FROM sbtest6 WHERE id=2068995
	Index Scan using sbtest6_pkey on sbtest6  (cost=0.43..8.45 rows=1 width=121)
	  Index Cond: (id = 2068995)

table 7 : explain SELECT c FROM sbtest7 WHERE id=1369337
	Index Scan using sbtest7_pkey on sbtest7  (cost=0.43..8.45 rows=1 width=121)
	  Index Cond: (id = 1369337)

table 8 : explain SELECT c FROM sbtest8 WHERE id=2197958
	Index Scan using sbtest8_pkey on sbtest8  (cost=0.43..8.45 rows=1 width=121)
	  Index Cond: (id = 2197958)

for: sum_ranges
table 1 : explain SELECT SUM(k) FROM sbtest1 WHERE id BETWEEN 2916164 AND 2916263
	Aggregate  (cost=391.86..391.87 rows=1 width=8)
	  ->  Index Scan using sbtest1_pkey on sbtest1  (cost=0.43..391.62 rows=98 width=4)
	        Index Cond: ((id >= 2916164) AND (id <= 2916263))

table 2 : explain SELECT SUM(k) FROM sbtest2 WHERE id BETWEEN 3291088 AND 3291187
	Aggregate  (cost=415.58..415.59 rows=1 width=8)
	  ->  Index Scan using sbtest2_pkey on sbtest2  (cost=0.43..415.32 rows=104 width=4)
	        Index Cond: ((id >= 3291088) AND (id <= 3291187))

table 3 : explain SELECT SUM(k) FROM sbtest3 WHERE id BETWEEN 1915707 AND 1915806
	Aggregate  (cost=391.28..391.29 rows=1 width=8)
	  ->  Index Scan using sbtest3_pkey on sbtest3  (cost=0.43..391.03 rows=98 width=4)
	        Index Cond: ((id >= 1915707) AND (id <= 1915806))

table 4 : explain SELECT SUM(k) FROM sbtest4 WHERE id BETWEEN 3765936 AND 3766035
	Aggregate  (cost=398.85..398.86 rows=1 width=8)
	  ->  Index Scan using sbtest4_pkey on sbtest4  (cost=0.43..398.60 rows=100 width=4)
	        Index Cond: ((id >= 3765936) AND (id <= 3766035))

table 5 : explain SELECT SUM(k) FROM sbtest5 WHERE id BETWEEN 6289568 AND 6289667
	Aggregate  (cost=386.92..386.93 rows=1 width=8)
	  ->  Index Scan using sbtest5_pkey on sbtest5  (cost=0.43..386.68 rows=97 width=4)
	        Index Cond: ((id >= 6289568) AND (id <= 6289667))

table 6 : explain SELECT SUM(k) FROM sbtest6 WHERE id BETWEEN 5875298 AND 5875397
	Aggregate  (cost=418.32..418.33 rows=1 width=8)
	  ->  Index Scan using sbtest6_pkey on sbtest6  (cost=0.43..418.06 rows=105 width=4)
	        Index Cond: ((id >= 5875298) AND (id <= 5875397))

table 7 : explain SELECT SUM(k) FROM sbtest7 WHERE id BETWEEN 8675153 AND 8675252
	Aggregate  (cost=405.97..405.98 rows=1 width=8)
	  ->  Index Scan using sbtest7_pkey on sbtest7  (cost=0.43..405.71 rows=102 width=4)
	        Index Cond: ((id >= 8675153) AND (id <= 8675252))

table 8 : explain SELECT SUM(k) FROM sbtest8 WHERE id BETWEEN 1888793 AND 1888892
	Aggregate  (cost=387.46..387.47 rows=1 width=8)
	  ->  Index Scan using sbtest8_pkey on sbtest8  (cost=0.43..387.22 rows=97 width=4)
	        Index Cond: ((id >= 1888793) AND (id <= 1888892))

for: distinct_ranges
table 1 : explain SELECT DISTINCT c FROM sbtest1 WHERE id BETWEEN 7059645 AND 7059744 ORDER BY c
	Unique  (cost=414.83..415.34 rows=103 width=121)
	  ->  Sort  (cost=414.83..415.09 rows=103 width=121)
	        Sort Key: c
	        ->  Index Scan using sbtest1_pkey on sbtest1  (cost=0.43..411.38 rows=103 width=121)
	              Index Cond: ((id >= 7059645) AND (id <= 7059744))

table 2 : explain SELECT DISTINCT c FROM sbtest2 WHERE id BETWEEN 3297626 AND 3297725 ORDER BY c
	Unique  (cost=418.80..419.32 rows=104 width=121)
	  ->  Sort  (cost=418.80..419.06 rows=104 width=121)
	        Sort Key: c
	        ->  Index Scan using sbtest2_pkey on sbtest2  (cost=0.43..415.32 rows=104 width=121)
	              Index Cond: ((id >= 3297626) AND (id <= 3297725))

table 3 : explain SELECT DISTINCT c FROM sbtest3 WHERE id BETWEEN 5576063 AND 5576162 ORDER BY c
	Unique  (cost=382.32..382.79 rows=95 width=121)
	  ->  Sort  (cost=382.32..382.56 rows=95 width=121)
	        Sort Key: c
	        ->  Index Scan using sbtest3_pkey on sbtest3  (cost=0.43..379.20 rows=95 width=121)
	              Index Cond: ((id >= 5576063) AND (id <= 5576162))

table 4 : explain SELECT DISTINCT c FROM sbtest4 WHERE id BETWEEN 4238742 AND 4238841 ORDER BY c
	Unique  (cost=413.88..414.40 rows=103 width=121)
	  ->  Sort  (cost=413.88..414.14 rows=103 width=121)
	        Sort Key: c
	        ->  Index Scan using sbtest4_pkey on sbtest4  (cost=0.43..410.44 rows=103 width=121)
	              Index Cond: ((id >= 4238742) AND (id <= 4238841))

table 5 : explain SELECT DISTINCT c FROM sbtest5 WHERE id BETWEEN 2595602 AND 2595701 ORDER BY c
	Unique  (cost=369.98..370.44 rows=92 width=121)
	  ->  Sort  (cost=369.98..370.21 rows=92 width=121)
	        Sort Key: c
	        ->  Index Scan using sbtest5_pkey on sbtest5  (cost=0.43..366.98 rows=92 width=121)
	              Index Cond: ((id >= 2595602) AND (id <= 2595701))

table 6 : explain SELECT DISTINCT c FROM sbtest6 WHERE id BETWEEN 8295523 AND 8295622 ORDER BY c
	Unique  (cost=433.52..434.06 rows=108 width=121)
	  ->  Sort  (cost=433.52..433.79 rows=108 width=121)
	        Sort Key: c
	        ->  Index Scan using sbtest6_pkey on sbtest6  (cost=0.43..429.87 rows=108 width=121)
	              Index Cond: ((id >= 8295523) AND (id <= 8295622))

table 7 : explain SELECT DISTINCT c FROM sbtest7 WHERE id BETWEEN 1039408 AND 1039507 ORDER BY c
	Unique  (cost=405.14..405.65 rows=101 width=121)
	  ->  Sort  (cost=405.14..405.40 rows=101 width=121)
	        Sort Key: c
	        ->  Index Scan using sbtest7_pkey on sbtest7  (cost=0.43..401.78 rows=101 width=121)
	              Index Cond: ((id >= 1039408) AND (id <= 1039507))

table 8 : explain SELECT DISTINCT c FROM sbtest8 WHERE id BETWEEN 6287333 AND 6287432 ORDER BY c
	Unique  (cost=426.31..426.84 rows=106 width=121)
	  ->  Sort  (cost=426.31..426.57 rows=106 width=121)
	        Sort Key: c
	        ->  Index Scan using sbtest8_pkey on sbtest8  (cost=0.43..422.74 rows=106 width=121)
	              Index Cond: ((id >= 6287333) AND (id <= 6287432))

for: distinct_ranges
table 1 : explain SELECT DISTINCT c FROM sbtest1 WHERE id BETWEEN 8633165 AND 8633264 ORDER BY c
	Unique  (cost=394.86..395.35 rows=98 width=121)
	  ->  Sort  (cost=394.86..395.10 rows=98 width=121)
	        Sort Key: c
	        ->  Index Scan using sbtest1_pkey on sbtest1  (cost=0.43..391.62 rows=98 width=121)
	              Index Cond: ((id >= 8633165) AND (id <= 8633264))

table 2 : explain SELECT DISTINCT c FROM sbtest2 WHERE id BETWEEN 9296036 AND 9296135 ORDER BY c
	Unique  (cost=434.76..435.30 rows=108 width=121)
	  ->  Sort  (cost=434.76..435.03 rows=108 width=121)
	        Sort Key: c
	        ->  Index Scan using sbtest2_pkey on sbtest2  (cost=0.43..431.11 rows=108 width=121)
	              Index Cond: ((id >= 9296036) AND (id <= 9296135))

table 3 : explain SELECT DISTINCT c FROM sbtest3 WHERE id BETWEEN 2675794 AND 2675893 ORDER BY c
	Unique  (cost=390.29..390.77 rows=97 width=121)
	  ->  Sort  (cost=390.29..390.53 rows=97 width=121)
	        Sort Key: c
	        ->  Index Scan using sbtest3_pkey on sbtest3  (cost=0.43..387.09 rows=97 width=121)
	              Index Cond: ((id >= 2675794) AND (id <= 2675893))

table 4 : explain SELECT DISTINCT c FROM sbtest4 WHERE id BETWEEN 8173213 AND 8173312 ORDER BY c
	Unique  (cost=378.04..378.51 rows=94 width=121)
	  ->  Sort  (cost=378.04..378.27 rows=94 width=121)
	        Sort Key: c
	        ->  Index Scan using sbtest4_pkey on sbtest4  (cost=0.43..374.96 rows=94 width=121)
	              Index Cond: ((id >= 8173213) AND (id <= 8173312))

table 5 : explain SELECT DISTINCT c FROM sbtest5 WHERE id BETWEEN 5848289 AND 5848388 ORDER BY c
	Unique  (cost=397.84..398.33 rows=99 width=121)
	  ->  Sort  (cost=397.84..398.09 rows=99 width=121)
	        Sort Key: c
	        ->  Index Scan using sbtest5_pkey on sbtest5  (cost=0.43..394.56 rows=99 width=121)
	              Index Cond: ((id >= 5848289) AND (id <= 5848388))

table 6 : explain SELECT DISTINCT c FROM sbtest6 WHERE id BETWEEN 4640288 AND 4640387 ORDER BY c
	Unique  (cost=401.69..402.19 rows=100 width=121)
	  ->  Sort  (cost=401.69..401.94 rows=100 width=121)
	        Sort Key: c
	        ->  Index Scan using sbtest6_pkey on sbtest6  (cost=0.43..398.37 rows=100 width=121)
	              Index Cond: ((id >= 4640288) AND (id <= 4640387))

table 7 : explain SELECT DISTINCT c FROM sbtest7 WHERE id BETWEEN 7902296 AND 7902395 ORDER BY c
	Unique  (cost=353.48..353.92 rows=88 width=121)
	  ->  Sort  (cost=353.48..353.70 rows=88 width=121)
	        Sort Key: c
	        ->  Index Scan using sbtest7_pkey on sbtest7  (cost=0.43..350.64 rows=88 width=121)
	              Index Cond: ((id >= 7902296) AND (id <= 7902395))

table 8 : explain SELECT DISTINCT c FROM sbtest8 WHERE id BETWEEN 3489659 AND 3489758 ORDER BY c
	Unique  (cost=414.35..414.87 rows=103 width=121)
	  ->  Sort  (cost=414.35..414.61 rows=103 width=121)
	        Sort Key: c
	        ->  Index Scan using sbtest8_pkey on sbtest8  (cost=0.43..410.91 rows=103 width=121)
	              Index Cond: ((id >= 3489659) AND (id <= 3489758))

for: order_ranges
table 1 : explain SELECT c FROM sbtest1 WHERE id BETWEEN 880019 AND 880118 ORDER BY c
	Sort  (cost=414.83..415.09 rows=103 width=121)
	  Sort Key: c
	  ->  Index Scan using sbtest1_pkey on sbtest1  (cost=0.43..411.38 rows=103 width=121)
	        Index Cond: ((id >= 880019) AND (id <= 880118))

table 2 : explain SELECT c FROM sbtest2 WHERE id BETWEEN 3419417 AND 3419516 ORDER BY c
	Sort  (cost=394.84..395.09 rows=98 width=121)
	  Sort Key: c
	  ->  Index Scan using sbtest2_pkey on sbtest2  (cost=0.43..391.60 rows=98 width=121)
	        Index Cond: ((id >= 3419417) AND (id <= 3419516))

table 3 : explain SELECT c FROM sbtest3 WHERE id BETWEEN 7529249 AND 7529348 ORDER BY c
	Sort  (cost=362.40..362.63 rows=90 width=121)
	  Sort Key: c
	  ->  Index Scan using sbtest3_pkey on sbtest3  (cost=0.43..359.48 rows=90 width=121)
	        Index Cond: ((id >= 7529249) AND (id <= 7529348))

table 4 : explain SELECT c FROM sbtest4 WHERE id BETWEEN 3177297 AND 3177396 ORDER BY c
	Sort  (cost=350.18..350.39 rows=87 width=121)
	  Sort Key: c
	  ->  Index Scan using sbtest4_pkey on sbtest4  (cost=0.43..347.37 rows=87 width=121)
	        Index Cond: ((id >= 3177297) AND (id <= 3177396))

table 5 : explain SELECT c FROM sbtest5 WHERE id BETWEEN 6201381 AND 6201480 ORDER BY c
	Sort  (cost=377.94..378.17 rows=94 width=121)
	  Sort Key: c
	  ->  Index Scan using sbtest5_pkey on sbtest5  (cost=0.43..374.86 rows=94 width=121)
	        Index Cond: ((id >= 6201381) AND (id <= 6201480))

table 6 : explain SELECT c FROM sbtest6 WHERE id BETWEEN 6139298 AND 6139397 ORDER BY c
	Sort  (cost=357.91..358.14 rows=89 width=121)
	  Sort Key: c
	  ->  Index Scan using sbtest6_pkey on sbtest6  (cost=0.43..355.03 rows=89 width=121)
	        Index Cond: ((id >= 6139298) AND (id <= 6139397))

table 7 : explain SELECT c FROM sbtest7 WHERE id BETWEEN 2312198 AND 2312297 ORDER BY c
	Sort  (cost=417.06..417.32 rows=104 width=121)
	  Sort Key: c
	  ->  Index Scan using sbtest7_pkey on sbtest7  (cost=0.43..413.58 rows=104 width=121)
	        Index Cond: ((id >= 2312198) AND (id <= 2312297))

table 8 : explain SELECT c FROM sbtest8 WHERE id BETWEEN 7253128 AND 7253227 ORDER BY c
	Sort  (cost=466.17..466.46 rows=116 width=121)
	  Sort Key: c
	  ->  Index Scan using sbtest8_pkey on sbtest8  (cost=0.43..462.19 rows=116 width=121)
	        Index Cond: ((id >= 7253128) AND (id <= 7253227))

for: distinct_ranges
table 1 : explain SELECT DISTINCT c FROM sbtest1 WHERE id BETWEEN 9695894 AND 9695993 ORDER BY c
	Unique  (cost=350.97..351.41 rows=87 width=121)
	  ->  Sort  (cost=350.97..351.19 rows=87 width=121)
	        Sort Key: c
	        ->  Index Scan using sbtest1_pkey on sbtest1  (cost=0.43..348.17 rows=87 width=121)
	              Index Cond: ((id >= 9695894) AND (id <= 9695993))

table 2 : explain SELECT DISTINCT c FROM sbtest2 WHERE id BETWEEN 4437084 AND 4437183 ORDER BY c
	Unique  (cost=438.75..439.30 rows=109 width=121)
	  ->  Sort  (cost=438.75..439.03 rows=109 width=121)
	        Sort Key: c
	        ->  Index Scan using sbtest2_pkey on sbtest2  (cost=0.43..435.06 rows=109 width=121)
	              Index Cond: ((id >= 4437084) AND (id <= 4437183))

table 3 : explain SELECT DISTINCT c FROM sbtest3 WHERE id BETWEEN 7458830 AND 7458929 ORDER BY c
	Unique  (cost=362.40..362.85 rows=90 width=121)
	  ->  Sort  (cost=362.40..362.63 rows=90 width=121)
	        Sort Key: c
	        ->  Index Scan using sbtest3_pkey on sbtest3  (cost=0.43..359.48 rows=90 width=121)
	              Index Cond: ((id >= 7458830) AND (id <= 7458929))

table 4 : explain SELECT DISTINCT c FROM sbtest4 WHERE id BETWEEN 4403227 AND 4403326 ORDER BY c
	Unique  (cost=389.98..390.46 rows=97 width=121)
	  ->  Sort  (cost=389.98..390.22 rows=97 width=121)
	        Sort Key: c
	        ->  Index Scan using sbtest4_pkey on sbtest4  (cost=0.43..386.78 rows=97 width=121)
	              Index Cond: ((id >= 4403227) AND (id <= 4403326))

table 5 : explain SELECT DISTINCT c FROM sbtest5 WHERE id BETWEEN 6248314 AND 6248413 ORDER BY c
	Unique  (cost=377.94..378.41 rows=94 width=121)
	  ->  Sort  (cost=377.94..378.17 rows=94 width=121)
	        Sort Key: c
	        ->  Index Scan using sbtest5_pkey on sbtest5  (cost=0.43..374.86 rows=94 width=121)
	              Index Cond: ((id >= 6248314) AND (id <= 6248413))

table 6 : explain SELECT DISTINCT c FROM sbtest6 WHERE id BETWEEN 7516258 AND 7516357 ORDER BY c
	Unique  (cost=393.71..394.20 rows=98 width=121)
	  ->  Sort  (cost=393.71..393.96 rows=98 width=121)
	        Sort Key: c
	        ->  Index Scan using sbtest6_pkey on sbtest6  (cost=0.43..390.47 rows=98 width=121)
	              Index Cond: ((id >= 7516258) AND (id <= 7516357))

table 7 : explain SELECT DISTINCT c FROM sbtest7 WHERE id BETWEEN 3949558 AND 3949657 ORDER BY c
	Unique  (cost=409.12..409.63 rows=102 width=121)
	  ->  Sort  (cost=409.12..409.37 rows=102 width=121)
	        Sort Key: c
	        ->  Index Scan using sbtest7_pkey on sbtest7  (cost=0.43..405.71 rows=102 width=121)
	              Index Cond: ((id >= 3949558) AND (id <= 3949657))

table 8 : explain SELECT DISTINCT c FROM sbtest8 WHERE id BETWEEN 455055 AND 455154 ORDER BY c
	Unique  (cost=378.46..378.93 rows=94 width=121)
	  ->  Sort  (cost=378.46..378.70 rows=94 width=121)
	        Sort Key: c
	        ->  Index Scan using sbtest8_pkey on sbtest8  (cost=0.43..375.38 rows=94 width=121)
	              Index Cond: ((id >= 455055) AND (id <= 455154))

for: simple_ranges
table 1 : explain SELECT c FROM sbtest1 WHERE id BETWEEN 5129846 AND 5129945
	Index Scan using sbtest1_pkey on sbtest1  (cost=0.43..395.57 rows=99 width=121)
	  Index Cond: ((id >= 5129846) AND (id <= 5129945))

table 2 : explain SELECT c FROM sbtest2 WHERE id BETWEEN 4368282 AND 4368381
	Index Scan using sbtest2_pkey on sbtest2  (cost=0.43..371.85 rows=93 width=121)
	  Index Cond: ((id >= 4368282) AND (id <= 4368381))

table 3 : explain SELECT c FROM sbtest3 WHERE id BETWEEN 4847696 AND 4847795
	Index Scan using sbtest3_pkey on sbtest3  (cost=0.43..402.86 rows=101 width=121)
	  Index Cond: ((id >= 4847696) AND (id <= 4847795))

table 4 : explain SELECT c FROM sbtest4 WHERE id BETWEEN 1156891 AND 1156990
	Index Scan using sbtest4_pkey on sbtest4  (cost=0.43..438.02 rows=110 width=121)
	  Index Cond: ((id >= 1156891) AND (id <= 1156990))

table 5 : explain SELECT c FROM sbtest5 WHERE id BETWEEN 9417649 AND 9417748
	Index Scan using sbtest5_pkey on sbtest5  (cost=0.43..386.68 rows=97 width=121)
	  Index Cond: ((id >= 9417649) AND (id <= 9417748))

table 6 : explain SELECT c FROM sbtest6 WHERE id BETWEEN 5729913 AND 5730012
	Index Scan using sbtest6_pkey on sbtest6  (cost=0.43..422.00 rows=106 width=121)
	  Index Cond: ((id >= 5729913) AND (id <= 5730012))

table 7 : explain SELECT c FROM sbtest7 WHERE id BETWEEN 6709979 AND 6710078
	Index Scan using sbtest7_pkey on sbtest7  (cost=0.43..409.65 rows=103 width=121)
	  Index Cond: ((id >= 6709979) AND (id <= 6710078))

table 8 : explain SELECT c FROM sbtest8 WHERE id BETWEEN 7560933 AND 7561032
	Index Scan using sbtest8_pkey on sbtest8  (cost=0.43..379.33 rows=95 width=121)
	  Index Cond: ((id >= 7560933) AND (id <= 7561032))

explain: for point_selects :: explain SELECT c FROM sbtest%u WHERE id=%u
for: simple_ranges
table 1 : explain SELECT c FROM sbtest1 WHERE id BETWEEN 2067891 AND 2067990
	Index Scan using sbtest1_pkey on sbtest1  (cost=0.43..387.67 rows=97 width=121)
	  Index Cond: ((id >= 2067891) AND (id <= 2067990))

table 2 : explain SELECT c FROM sbtest2 WHERE id BETWEEN 6726601 AND 6726700
	Index Scan using sbtest2_pkey on sbtest2  (cost=0.43..387.65 rows=97 width=121)
	  Index Cond: ((id >= 6726601) AND (id <= 6726700))

table 3 : explain SELECT c FROM sbtest3 WHERE id BETWEEN 5529766 AND 5529865
	Index Scan using sbtest3_pkey on sbtest3  (cost=0.43..379.20 rows=95 width=121)
	  Index Cond: ((id >= 5529766) AND (id <= 5529865))

table 4 : explain SELECT c FROM sbtest4 WHERE id BETWEEN 8393362 AND 8393461
	Index Scan using sbtest4_pkey on sbtest4  (cost=0.43..398.62 rows=100 width=121)
	  Index Cond: ((id >= 8393362) AND (id <= 8393461))

table 5 : explain SELECT c FROM sbtest5 WHERE id BETWEEN 1069017 AND 1069116
	Index Scan using sbtest5_pkey on sbtest5  (cost=0.43..374.86 rows=94 width=121)
	  Index Cond: ((id >= 1069017) AND (id <= 1069116))

table 6 : explain SELECT c FROM sbtest6 WHERE id BETWEEN 2057861 AND 2057960
	Index Scan using sbtest6_pkey on sbtest6  (cost=0.43..378.66 rows=95 width=121)
	  Index Cond: ((id >= 2057861) AND (id <= 2057960))

table 7 : explain SELECT c FROM sbtest7 WHERE id BETWEEN 7189233 AND 7189332
	Index Scan using sbtest7_pkey on sbtest7  (cost=0.43..441.11 rows=111 width=121)
	  Index Cond: ((id >= 7189233) AND (id <= 7189332))

table 8 : explain SELECT c FROM sbtest8 WHERE id BETWEEN 3640520 AND 3640619
	Index Scan using sbtest8_pkey on sbtest8  (cost=0.43..410.91 rows=103 width=121)
	  Index Cond: ((id >= 3640520) AND (id <= 3640619))

explain: for point_selects :: explain SELECT c FROM sbtest%u WHERE id=%ufor: sum_ranges
table 1 : explain SELECT SUM(k) FROM sbtest1 WHERE id BETWEEN 4236210 AND 4236309
	Aggregate  (cost=380.01..380.02 rows=1 width=8)
	  ->  Index Scan using sbtest1_pkey on sbtest1  (cost=0.43..379.77 rows=95 width=4)
	        Index Cond: ((id >= 4236210) AND (id <= 4236309))

table 2 : explain SELECT SUM(k) FROM sbtest2 WHERE id BETWEEN 4676955 AND 4677054
	Aggregate  (cost=439.29..439.30 rows=1 width=8)
	  ->  Index Scan using sbtest2_pkey on sbtest2  (cost=0.43..439.01 rows=110 width=4)
	        Index Cond: ((id >= 4676955) AND (id <= 4677054))

table 3 : explain SELECT SUM(k) FROM sbtest3 WHERE id BETWEEN 5972336 AND 5972435
	Aggregate  (cost=387.33..387.34 rows=1 width=8)
	  ->  Index Scan using sbtest3_pkey on sbtest3  (cost=0.43..387.09 rows=97 width=4)
	        Index Cond: ((id >= 5972336) AND (id <= 5972435))

table 4 : explain SELECT SUM(k) FROM sbtest4 WHERE id BETWEEN 6117365 AND 6117464
	Aggregate  (cost=414.64..414.65 rows=1 width=8)
	  ->  Index Scan using sbtest4_pkey on sbtest4  (cost=0.43..414.38 rows=104 width=4)
	        Index Cond: ((id >= 6117365) AND (id <= 6117464))

table 5 : explain SELECT SUM(k) FROM sbtest5 WHERE id BETWEEN 4305729 AND 4305828
	Aggregate  (cost=386.92..386.93 rows=1 width=8)
	  ->  Index Scan using sbtest5_pkey on sbtest5  (cost=0.43..386.68 rows=97 width=4)
	        Index Cond: ((id >= 4305729) AND (id <= 4305828))

table 6 : explain SELECT SUM(k) FROM sbtest6 WHERE id BETWEEN 9423304 AND 9423403
	Aggregate  (cost=371.02..371.03 rows=1 width=8)
	  ->  Index Scan using sbtest6_pkey on sbtest6  (cost=0.43..370.78 rows=93 width=4)
	        Index Cond: ((id >= 9423304) AND (id <= 9423403))

table 7 : explain SELECT SUM(k) FROM sbtest7 WHERE id BETWEEN 8136157 AND 8136256
	Aggregate  (cost=425.65..425.66 rows=1 width=8)
	  ->  Index Scan using sbtest7_pkey on sbtest7  (cost=0.43..425.38 rows=107 width=4)
	        Index Cond: ((id >= 8136157) AND (id <= 8136256))

table 8 : explain SELECT SUM(k) FROM sbtest8 WHERE id BETWEEN 4337944 AND 4338043
	Aggregate  (cost=387.46..387.47 rows=1 width=8)
	  ->  Index Scan using sbtest8_pkey on sbtest8  (cost=0.43..387.22 rows=97 width=4)
	        Index Cond: ((id >= 4337944) AND (id <= 4338043))


for: simple_ranges
table 1 : explain SELECT c FROM sbtest1 WHERE id BETWEEN 6276363 AND 6276462
	Index Scan using sbtest1_pkey on sbtest1  (cost=0.43..458.78 rows=115 width=121)
	  Index Cond: ((id >= 6276363) AND (id <= 6276462))

table 2 : explain SELECT c FROM sbtest2 WHERE id BETWEEN 8749314 AND 8749413
	Index Scan using sbtest2_pkey on sbtest2  (cost=0.43..427.17 rows=107 width=121)
	  Index Cond: ((id >= 8749314) AND (id <= 8749413))

table 3 : explain SELECT c FROM sbtest3 WHERE id BETWEEN 3455766 AND 3455865
	Index Scan using sbtest3_pkey on sbtest3  (cost=0.43..394.97 rows=99 width=121)
	  Index Cond: ((id >= 3455766) AND (id <= 3455865))

table 4 : explain SELECT c FROM sbtest4 WHERE id BETWEEN 2032278 AND 2032377
	Index Scan using sbtest4_pkey on sbtest4  (cost=0.43..386.78 rows=97 width=121)
	  Index Cond: ((id >= 2032278) AND (id <= 2032377))

table 5 : explain SELECT c FROM sbtest5 WHERE id BETWEEN 660305 AND 660404
	Index Scan using sbtest5_pkey on sbtest5  (cost=0.43..406.39 rows=102 width=121)
	  Index Cond: ((id >= 660305) AND (id <= 660404))

table 6 : explain SELECT c FROM sbtest6 WHERE id BETWEEN 231954 AND 232053
	Index Scan using sbtest6_pkey on sbtest6  (cost=0.43..378.66 rows=95 width=121)
	  Index Cond: ((id >= 231954) AND (id <= 232053))

table 7 : explain SELECT c FROM sbtest7 WHERE id BETWEEN 903060 AND 903159
	Index Scan using sbtest7_pkey on sbtest7  (cost=0.43..425.38 rows=107 width=121)
	  Index Cond: ((id >= 903060) AND (id <= 903159))

table 8 : explain SELECT c FROM sbtest8 WHERE id BETWEEN 8160127 AND 8160226
	Index Scan using sbtest8_pkey on sbtest8  (cost=0.43..387.22 rows=97 width=121)
	  Index Cond: ((id >= 8160127) AND (id <= 8160226))

explain: for point_selects :: explain SELECT c FROM sbtest%u WHERE id=%u
for: simple_ranges
table 1 : explain SELECT c FROM sbtest1 WHERE id BETWEEN 7688104 AND 7688203
	Index Scan using sbtest1_pkey on sbtest1  (cost=0.43..371.87 rows=93 width=121)
	  Index Cond: ((id >= 7688104) AND (id <= 7688203))

table 2 : explain SELECT c FROM sbtest2 WHERE id BETWEEN 5894140 AND 5894239
	Index Scan using sbtest2_pkey on sbtest2  (cost=0.43..439.01 rows=110 width=121)
	  Index Cond: ((id >= 5894140) AND (id <= 5894239))

table 3 : explain SELECT c FROM sbtest3 WHERE id BETWEEN 1466994 AND 1467093
	Index Scan using sbtest3_pkey on sbtest3  (cost=0.43..402.88 rows=101 width=121)
	  Index Cond: ((id >= 1466994) AND (id <= 1467093))

table 4 : explain SELECT c FROM sbtest4 WHERE id BETWEEN 1819843 AND 1819942
	Index Scan using sbtest4_pkey on sbtest4  (cost=0.43..390.72 rows=98 width=121)
	  Index Cond: ((id >= 1819843) AND (id <= 1819942))

table 5 : explain SELECT c FROM sbtest5 WHERE id BETWEEN 8969569 AND 8969668
	Index Scan using sbtest5_pkey on sbtest5  (cost=0.43..398.52 rows=100 width=121)
	  Index Cond: ((id >= 8969569) AND (id <= 8969668))

table 6 : explain SELECT c FROM sbtest6 WHERE id BETWEEN 9913350 AND 9913449
	Index Scan using sbtest6_pkey on sbtest6  (cost=0.43..390.47 rows=98 width=121)
	  Index Cond: ((id >= 9913350) AND (id <= 9913449))

table 7 : explain SELECT c FROM sbtest7 WHERE id BETWEEN 3619088 AND 3619187
	Index Scan using sbtest7_pkey on sbtest7  (cost=0.43..389.96 rows=98 width=121)
	  Index Cond: ((id >= 3619088) AND (id <= 3619187))

table 8 : explain SELECT c FROM sbtest8 WHERE id BETWEEN 1772012 AND 1772111
	Index Scan using sbtest8_pkey on sbtest8  (cost=0.43..454.30 rows=114 width=121)
	  Index Cond: ((id >= 1772012) AND (id <= 1772111))

for: order_ranges
table 1 : explain SELECT c FROM sbtest1 WHERE id BETWEEN 4317725 AND 4317824 ORDER BY c
	Sort  (cost=382.89..383.13 rows=95 width=121)
	  Sort Key: c
	  ->  Index Scan using sbtest1_pkey on sbtest1  (cost=0.43..379.77 rows=95 width=121)
	        Index Cond: ((id >= 4317725) AND (id <= 4317824))

table 2 : explain SELECT c FROM sbtest2 WHERE id BETWEEN 4507682 AND 4507781 ORDER BY c
	Sort  (cost=362.93..363.15 rows=90 width=121)
	  Sort Key: c
	  ->  Index Scan using sbtest2_pkey on sbtest2  (cost=0.43..360.00 rows=90 width=121)
	        Index Cond: ((id >= 4507682) AND (id <= 4507781))

table 3 : explain SELECT c FROM sbtest3 WHERE id BETWEEN 4909800 AND 4909899 ORDER BY c
	Sort  (cost=414.21..414.47 rows=103 width=121)
	  Sort Key: c
	  ->  Index Scan using sbtest3_pkey on sbtest3  (cost=0.43..410.77 rows=103 width=121)
	        Index Cond: ((id >= 4909800) AND (id <= 4909899))

table 4 : explain SELECT c FROM sbtest4 WHERE id BETWEEN 8848853 AND 8848952 ORDER BY c
	Sort  (cost=370.08..370.31 rows=92 width=121)
	  Sort Key: c
	  ->  Index Scan using sbtest4_pkey on sbtest4  (cost=0.43..367.08 rows=92 width=121)
	        Index Cond: ((id >= 8848853) AND (id <= 8848952))

table 5 : explain SELECT c FROM sbtest5 WHERE id BETWEEN 4002771 AND 4002870 ORDER BY c
	Sort  (cost=385.90..386.14 rows=96 width=121)
	  Sort Key: c
	  ->  Index Scan using sbtest5_pkey on sbtest5  (cost=0.43..382.74 rows=96 width=121)
	        Index Cond: ((id >= 4002771) AND (id <= 4002870))

table 6 : explain SELECT c FROM sbtest6 WHERE id BETWEEN 6379296 AND 6379395 ORDER BY c
	Sort  (cost=409.65..409.90 rows=102 width=121)
	  Sort Key: c
	  ->  Index Scan using sbtest6_pkey on sbtest6  (cost=0.43..406.25 rows=102 width=121)
	        Index Cond: ((id >= 6379296) AND (id <= 6379395))

table 7 : explain SELECT c FROM sbtest7 WHERE id BETWEEN 3768544 AND 3768643 ORDER BY c
	Sort  (cost=385.26..385.50 rows=96 width=121)
	  Sort Key: c
	  ->  Index Scan using sbtest7_pkey on sbtest7  (cost=0.43..382.10 rows=96 width=121)
	        Index Cond: ((id >= 3768544) AND (id <= 3768643))

table 8 : explain SELECT c FROM sbtest8 WHERE id BETWEEN 1420637 AND 1420736 ORDER BY c
	Sort  (cost=394.40..394.65 rows=98 width=121)
	  Sort Key: c
	  ->  Index Scan using sbtest8_pkey on sbtest8  (cost=0.43..391.16 rows=98 width=121)
	        Index Cond: ((id >= 1420637) AND (id <= 1420736))

for: distinct_ranges
table 1 : explain SELECT DISTINCT c FROM sbtest1 WHERE id BETWEEN 7241760 AND 7241859 ORDER BY c
	Unique  (cost=398.85..399.34 rows=99 width=121)
	  ->  Sort  (cost=398.85..399.10 rows=99 width=121)
	        Sort Key: c
	        ->  Index Scan using sbtest1_pkey on sbtest1  (cost=0.43..395.57 rows=99 width=121)
	              Index Cond: ((id >= 7241760) AND (id <= 7241859))

table 2 : explain SELECT DISTINCT c FROM sbtest2 WHERE id BETWEEN 8120709 AND 8120808 ORDER BY c
	Unique  (cost=422.79..423.32 rows=105 width=121)
	  ->  Sort  (cost=422.79..423.05 rows=105 width=121)
	        Sort Key: c
	        ->  Index Scan using sbtest2_pkey on sbtest2  (cost=0.43..419.27 rows=105 width=121)
	              Index Cond: ((id >= 8120709) AND (id <= 8120808))

table 3 : explain SELECT DISTINCT c FROM sbtest3 WHERE id BETWEEN 148498 AND 148597 ORDER BY c
	Unique  (cost=410.23..410.74 rows=102 width=121)
	  ->  Sort  (cost=410.23..410.48 rows=102 width=121)
	        Sort Key: c
	        ->  Index Scan using sbtest3_pkey on sbtest3  (cost=0.43..406.82 rows=102 width=121)
	              Index Cond: ((id >= 148498) AND (id <= 148597))

table 4 : explain SELECT DISTINCT c FROM sbtest4 WHERE id BETWEEN 1163031 AND 1163130 ORDER BY c
	Unique  (cost=441.75..442.30 rows=110 width=121)
	  ->  Sort  (cost=441.75..442.03 rows=110 width=121)
	        Sort Key: c
	        ->  Index Scan using sbtest4_pkey on sbtest4  (cost=0.43..438.02 rows=110 width=121)
	              Index Cond: ((id >= 1163031) AND (id <= 1163130))

table 5 : explain SELECT DISTINCT c FROM sbtest5 WHERE id BETWEEN 8005091 AND 8005190 ORDER BY c
	Unique  (cost=401.84..402.34 rows=100 width=121)
	  ->  Sort  (cost=401.84..402.09 rows=100 width=121)
	        Sort Key: c
	        ->  Index Scan using sbtest5_pkey on sbtest5  (cost=0.43..398.52 rows=100 width=121)
	              Index Cond: ((id >= 8005091) AND (id <= 8005190))

table 6 : explain SELECT DISTINCT c FROM sbtest6 WHERE id BETWEEN 2472815 AND 2472914 ORDER BY c
	Unique  (cost=409.65..410.16 rows=102 width=121)
	  ->  Sort  (cost=409.65..409.90 rows=102 width=121)
	        Sort Key: c
	        ->  Index Scan using sbtest6_pkey on sbtest6  (cost=0.43..406.25 rows=102 width=121)
	              Index Cond: ((id >= 2472815) AND (id <= 2472914))

table 7 : explain SELECT DISTINCT c FROM sbtest7 WHERE id BETWEEN 6254744 AND 6254843 ORDER BY c
	Unique  (cost=389.23..389.72 rows=97 width=121)
	  ->  Sort  (cost=389.23..389.47 rows=97 width=121)
	        Sort Key: c
	        ->  Index Scan using sbtest7_pkey on sbtest7  (cost=0.43..386.03 rows=97 width=121)
	              Index Cond: ((id >= 6254744) AND (id <= 6254843))

table 8 : explain SELECT DISTINCT c FROM sbtest8 WHERE id BETWEEN 2725281 AND 2725380 ORDER BY c
	Unique  (cost=410.37..410.88 rows=102 width=121)
	  ->  Sort  (cost=410.37..410.62 rows=102 width=121)
	        Sort Key: c
	        ->  Index Scan using sbtest8_pkey on sbtest8  (cost=0.43..406.96 rows=102 width=121)
	              Index Cond: ((id >= 2725281) AND (id <= 2725380))

for: sum_ranges
table 1 : explain SELECT SUM(k) FROM sbtest1 WHERE id BETWEEN 3629806 AND 3629905
	Aggregate  (cost=383.96..383.97 rows=1 width=8)
	  ->  Index Scan using sbtest1_pkey on sbtest1  (cost=0.43..383.72 rows=96 width=4)
	        Index Cond: ((id >= 3629806) AND (id <= 3629905))

table 2 : explain SELECT SUM(k) FROM sbtest2 WHERE id BETWEEN 9175593 AND 9175692
	Aggregate  (cost=411.62..411.63 rows=1 width=8)
	  ->  Index Scan using sbtest2_pkey on sbtest2  (cost=0.43..411.37 rows=103 width=4)
	        Index Cond: ((id >= 9175593) AND (id <= 9175692))

table 3 : explain SELECT SUM(k) FROM sbtest3 WHERE id BETWEEN 2271140 AND 2271239
	Aggregate  (cost=367.60..367.61 rows=1 width=8)
	  ->  Index Scan using sbtest3_pkey on sbtest3  (cost=0.43..367.37 rows=92 width=4)
	        Index Cond: ((id >= 2271140) AND (id <= 2271239))

table 4 : explain SELECT SUM(k) FROM sbtest4 WHERE id BETWEEN 5314318 AND 5314417
	Aggregate  (cost=402.81..402.82 rows=1 width=8)
	  ->  Index Scan using sbtest4_pkey on sbtest4  (cost=0.43..402.56 rows=101 width=4)
	        Index Cond: ((id >= 5314318) AND (id <= 5314417))

table 5 : explain SELECT SUM(k) FROM sbtest5 WHERE id BETWEEN 7306427 AND 7306526
	Aggregate  (cost=367.21..367.22 rows=1 width=8)
	  ->  Index Scan using sbtest5_pkey on sbtest5  (cost=0.43..366.98 rows=92 width=4)
	        Index Cond: ((id >= 7306427) AND (id <= 7306526))

table 6 : explain SELECT SUM(k) FROM sbtest6 WHERE id BETWEEN 6463688 AND 6463787
	Aggregate  (cost=406.50..406.51 rows=1 width=8)
	  ->  Index Scan using sbtest6_pkey on sbtest6  (cost=0.43..406.25 rows=102 width=4)
	        Index Cond: ((id >= 6463688) AND (id <= 6463787))

table 7 : explain SELECT SUM(k) FROM sbtest7 WHERE id BETWEEN 9678858 AND 9678957
	Aggregate  (cost=370.53..370.54 rows=1 width=8)
	  ->  Index Scan using sbtest7_pkey on sbtest7  (cost=0.43..370.30 rows=93 width=4)
	        Index Cond: ((id >= 9678858) AND (id <= 9678957))

table 8 : explain SELECT SUM(k) FROM sbtest8 WHERE id BETWEEN 5132217 AND 5132316
	Aggregate  (cost=391.41..391.42 rows=1 width=8)
	  ->  Index Scan using sbtest8_pkey on sbtest8  (cost=0.43..391.16 rows=98 width=4)
	        Index Cond: ((id >= 5132217) AND (id <= 5132316))

for: order_ranges
table 1 : explain SELECT c FROM sbtest1 WHERE id BETWEEN 6245627 AND 6245726 ORDER BY c
	Sort  (cost=462.72..463.01 rows=115 width=121)
	  Sort Key: c
	  ->  Index Scan using sbtest1_pkey on sbtest1  (cost=0.43..458.78 rows=115 width=121)
	        Index Cond: ((id >= 6245627) AND (id <= 6245726))

table 2 : explain SELECT c FROM sbtest2 WHERE id BETWEEN 8476341 AND 8476440 ORDER BY c
	Sort  (cost=394.84..395.09 rows=98 width=121)
	  Sort Key: c
	  ->  Index Scan using sbtest2_pkey on sbtest2  (cost=0.43..391.60 rows=98 width=121)
	        Index Cond: ((id >= 8476341) AND (id <= 8476440))

table 3 : explain SELECT c FROM sbtest3 WHERE id BETWEEN 2527753 AND 2527852 ORDER BY c
	Sort  (cost=394.27..394.52 rows=98 width=121)
	  Sort Key: c
	  ->  Index Scan using sbtest3_pkey on sbtest3  (cost=0.43..391.03 rows=98 width=121)
	        Index Cond: ((id >= 2527753) AND (id <= 2527852))

table 4 : explain SELECT c FROM sbtest4 WHERE id BETWEEN 4168135 AND 4168234 ORDER BY c
	Sort  (cost=437.77..438.04 rows=109 width=121)
	  Sort Key: c
	  ->  Index Scan using sbtest4_pkey on sbtest4  (cost=0.43..434.08 rows=109 width=121)
	        Index Cond: ((id >= 4168135) AND (id <= 4168234))

table 5 : explain SELECT c FROM sbtest5 WHERE id BETWEEN 7114515 AND 7114614 ORDER BY c
	Sort  (cost=350.09..350.30 rows=87 width=121)
	  Sort Key: c
	  ->  Index Scan using sbtest5_pkey on sbtest5  (cost=0.43..347.28 rows=87 width=121)
	        Index Cond: ((id >= 7114515) AND (id <= 7114614))

table 6 : explain SELECT c FROM sbtest6 WHERE id BETWEEN 3583866 AND 3583965 ORDER BY c
	Sort  (cost=397.69..397.94 rows=99 width=121)
	  Sort Key: c
	  ->  Index Scan using sbtest6_pkey on sbtest6  (cost=0.43..394.41 rows=99 width=121)
	        Index Cond: ((id >= 3583866) AND (id <= 3583965))

table 7 : explain SELECT c FROM sbtest7 WHERE id BETWEEN 2740653 AND 2740752 ORDER BY c
	Sort  (cost=417.06..417.32 rows=104 width=121)
	  Sort Key: c
	  ->  Index Scan using sbtest7_pkey on sbtest7  (cost=0.43..413.58 rows=104 width=121)
	        Index Cond: ((id >= 2740653) AND (id <= 2740752))

table 8 : explain SELECT c FROM sbtest8 WHERE id BETWEEN 336760 AND 336859 ORDER BY c
	Sort  (cost=390.42..390.66 rows=97 width=121)
	  Sort Key: c
	  ->  Index Scan using sbtest8_pkey on sbtest8  (cost=0.43..387.22 rows=97 width=121)
	        Index Cond: ((id >= 336760) AND (id <= 336859))

for: sum_ranges
table 1 : explain SELECT SUM(k) FROM sbtest1 WHERE id BETWEEN 7538282 AND 7538381
	Aggregate  (cost=399.77..399.78 rows=1 width=8)
	  ->  Index Scan using sbtest1_pkey on sbtest1  (cost=0.43..399.52 rows=100 width=4)
	        Index Cond: ((id >= 7538282) AND (id <= 7538381))

table 2 : explain SELECT SUM(k) FROM sbtest2 WHERE id BETWEEN 7521848 AND 7521947
	Aggregate  (cost=407.67..407.68 rows=1 width=8)
	  ->  Index Scan using sbtest2_pkey on sbtest2  (cost=0.43..407.42 rows=102 width=4)
	        Index Cond: ((id >= 7521848) AND (id <= 7521947))

table 3 : explain SELECT SUM(k) FROM sbtest3 WHERE id BETWEEN 5743210 AND 5743309
	Aggregate  (cost=395.22..395.23 rows=1 width=8)
	  ->  Index Scan using sbtest3_pkey on sbtest3  (cost=0.43..394.97 rows=99 width=4)
	        Index Cond: ((id >= 5743210) AND (id <= 5743309))

table 4 : explain SELECT SUM(k) FROM sbtest4 WHERE id BETWEEN 6389963 AND 6390062
	Aggregate  (cost=383.08..383.09 rows=1 width=8)
	  ->  Index Scan using sbtest4_pkey on sbtest4  (cost=0.43..382.84 rows=96 width=4)
	        Index Cond: ((id >= 6389963) AND (id <= 6390062))

table 5 : explain SELECT SUM(k) FROM sbtest5 WHERE id BETWEEN 8098088 AND 8098187
	Aggregate  (cost=398.77..398.78 rows=1 width=8)
	  ->  Index Scan using sbtest5_pkey on sbtest5  (cost=0.43..398.52 rows=100 width=4)
	        Index Cond: ((id >= 8098088) AND (id <= 8098187))

table 6 : explain SELECT SUM(k) FROM sbtest6 WHERE id BETWEEN 9939651 AND 9939750
	Aggregate  (cost=390.72..390.73 rows=1 width=8)
	  ->  Index Scan using sbtest6_pkey on sbtest6  (cost=0.43..390.47 rows=98 width=4)
	        Index Cond: ((id >= 9939651) AND (id <= 9939750))

table 7 : explain SELECT SUM(k) FROM sbtest7 WHERE id BETWEEN 9384007 AND 9384106
	Aggregate  (cost=417.77..417.78 rows=1 width=8)
	  ->  Index Scan using sbtest7_pkey on sbtest7  (cost=0.43..417.51 rows=105 width=4)
	        Index Cond: ((id >= 9384007) AND (id <= 9384106))

table 8 : explain SELECT SUM(k) FROM sbtest8 WHERE id BETWEEN 5034725 AND 5034824
	Aggregate  (cost=411.17..411.18 rows=1 width=8)
	  ->  Index Scan using sbtest8_pkey on sbtest8  (cost=0.43..410.91 rows=103 width=4)
	        Index Cond: ((id >= 5034725) AND (id <= 5034824))

for: sum_ranges
table 1 : explain SELECT SUM(k) FROM sbtest1 WHERE id BETWEEN 8580677 AND 8580776
	Aggregate  (cost=380.01..380.02 rows=1 width=8)
	  ->  Index Scan using sbtest1_pkey on sbtest1  (cost=0.43..379.77 rows=95 width=4)
	        Index Cond: ((id >= 8580677) AND (id <= 8580776))

table 2 : explain SELECT SUM(k) FROM sbtest2 WHERE id BETWEEN 870638 AND 870737
	Aggregate  (cost=407.67..407.68 rows=1 width=8)
	  ->  Index Scan using sbtest2_pkey on sbtest2  (cost=0.43..407.42 rows=102 width=4)
	        Index Cond: ((id >= 870638) AND (id <= 870737))

table 3 : explain SELECT SUM(k) FROM sbtest3 WHERE id BETWEEN 1646360 AND 1646459
	Aggregate  (cost=407.08..407.09 rows=1 width=8)
	  ->  Index Scan using sbtest3_pkey on sbtest3  (cost=0.43..406.82 rows=102 width=4)
	        Index Cond: ((id >= 1646360) AND (id <= 1646459))

table 4 : explain SELECT SUM(k) FROM sbtest4 WHERE id BETWEEN 8297147 AND 8297246
	Aggregate  (cost=418.58..418.59 rows=1 width=8)
	  ->  Index Scan using sbtest4_pkey on sbtest4  (cost=0.43..418.32 rows=105 width=4)
	        Index Cond: ((id >= 8297147) AND (id <= 8297246))

table 5 : explain SELECT SUM(k) FROM sbtest5 WHERE id BETWEEN 1056259 AND 1056358
	Aggregate  (cost=375.09..375.10 rows=1 width=8)
	  ->  Index Scan using sbtest5_pkey on sbtest5  (cost=0.43..374.86 rows=94 width=4)
	        Index Cond: ((id >= 1056259) AND (id <= 1056358))

table 6 : explain SELECT SUM(k) FROM sbtest6 WHERE id BETWEEN 2622126 AND 2622225
	Aggregate  (cost=402.56..402.57 rows=1 width=8)
	  ->  Index Scan using sbtest6_pkey on sbtest6  (cost=0.43..402.31 rows=101 width=4)
	        Index Cond: ((id >= 2622126) AND (id <= 2622225))

table 7 : explain SELECT SUM(k) FROM sbtest7 WHERE id BETWEEN 4489068 AND 4489167
	Aggregate  (cost=366.60..366.61 rows=1 width=8)
	  ->  Index Scan using sbtest7_pkey on sbtest7  (cost=0.43..366.37 rows=92 width=4)
	        Index Cond: ((id >= 4489068) AND (id <= 4489167))

table 8 : explain SELECT SUM(k) FROM sbtest8 WHERE id BETWEEN 852832 AND 852931
	Aggregate  (cost=403.27..403.28 rows=1 width=8)
	  ->  Index Scan using sbtest8_pkey on sbtest8  (cost=0.43..403.02 rows=101 width=4)
	        Index Cond: ((id >= 852832) AND (id <= 852931))

for: distinct_ranges
table 1 : explain SELECT DISTINCT c FROM sbtest1 WHERE id BETWEEN 8391616 AND 8391715 ORDER BY c
	Unique  (cost=402.86..403.36 rows=100 width=121)
	  ->  Sort  (cost=402.86..403.11 rows=100 width=121)
	        Sort Key: c
	        ->  Index Scan using sbtest1_pkey on sbtest1  (cost=0.43..399.53 rows=100 width=121)
	              Index Cond: ((id >= 8391616) AND (id <= 8391715))

table 2 : explain SELECT DISTINCT c FROM sbtest2 WHERE id BETWEEN 1534315 AND 1534414 ORDER BY c
	Unique  (cost=410.82..411.33 rows=102 width=121)
	  ->  Sort  (cost=410.82..411.08 rows=102 width=121)
	        Sort Key: c
	        ->  Index Scan using sbtest2_pkey on sbtest2  (cost=0.43..407.42 rows=102 width=121)
	              Index Cond: ((id >= 1534315) AND (id <= 1534414))

table 3 : explain SELECT DISTINCT c FROM sbtest3 WHERE id BETWEEN 3173821 AND 3173920 ORDER BY c
	Unique  (cost=426.16..426.69 rows=106 width=121)
	  ->  Sort  (cost=426.16..426.43 rows=106 width=121)
	        Sort Key: c
	        ->  Index Scan using sbtest3_pkey on sbtest3  (cost=0.43..422.60 rows=106 width=121)
	              Index Cond: ((id >= 3173821) AND (id <= 3173920))

table 4 : explain SELECT DISTINCT c FROM sbtest4 WHERE id BETWEEN 354750 AND 354849 ORDER BY c
	Unique  (cost=378.04..378.51 rows=94 width=121)
	  ->  Sort  (cost=378.04..378.27 rows=94 width=121)
	        Sort Key: c
	        ->  Index Scan using sbtest4_pkey on sbtest4  (cost=0.43..374.96 rows=94 width=121)
	              Index Cond: ((id >= 354750) AND (id <= 354849))

table 5 : explain SELECT DISTINCT c FROM sbtest5 WHERE id BETWEEN 2875670 AND 2875769 ORDER BY c
	Unique  (cost=389.88..390.36 rows=97 width=121)
	  ->  Sort  (cost=389.88..390.12 rows=97 width=121)
	        Sort Key: c
	        ->  Index Scan using sbtest5_pkey on sbtest5  (cost=0.43..386.68 rows=97 width=121)
	              Index Cond: ((id >= 2875670) AND (id <= 2875769))

table 6 : explain SELECT DISTINCT c FROM sbtest6 WHERE id BETWEEN 8705261 AND 8705360 ORDER BY c
	Unique  (cost=369.85..370.31 rows=92 width=121)
	  ->  Sort  (cost=369.85..370.08 rows=92 width=121)
	        Sort Key: c
	        ->  Index Scan using sbtest6_pkey on sbtest6  (cost=0.43..366.85 rows=92 width=121)
	              Index Cond: ((id >= 8705261) AND (id <= 8705360))

table 7 : explain SELECT DISTINCT c FROM sbtest7 WHERE id BETWEEN 8643386 AND 8643485 ORDER BY c
	Unique  (cost=409.12..409.63 rows=102 width=121)
	  ->  Sort  (cost=409.12..409.37 rows=102 width=121)
	        Sort Key: c
	        ->  Index Scan using sbtest7_pkey on sbtest7  (cost=0.43..405.71 rows=102 width=121)
	              Index Cond: ((id >= 8643386) AND (id <= 8643485))

table 8 : explain SELECT DISTINCT c FROM sbtest8 WHERE id BETWEEN 9584630 AND 9584729 ORDER BY c
	Unique  (cost=414.35..414.87 rows=103 width=121)
	  ->  Sort  (cost=414.35..414.61 rows=103 width=121)
	        Sort Key: c
	        ->  Index Scan using sbtest8_pkey on sbtest8  (cost=0.43..410.91 rows=103 width=121)
	              Index Cond: ((id >= 9584630) AND (id <= 9584729))

for: sum_ranges
table 1 : explain SELECT SUM(k) FROM sbtest1 WHERE id BETWEEN 6625629 AND 6625728
	Aggregate  (cost=419.55..419.56 rows=1 width=8)
	  ->  Index Scan using sbtest1_pkey on sbtest1  (cost=0.43..419.28 rows=105 width=4)
	        Index Cond: ((id >= 6625629) AND (id <= 6625728))

table 2 : explain SELECT SUM(k) FROM sbtest2 WHERE id BETWEEN 1944157 AND 1944256
	Aggregate  (cost=403.72..403.73 rows=1 width=8)
	  ->  Index Scan using sbtest2_pkey on sbtest2  (cost=0.43..403.47 rows=101 width=4)
	        Index Cond: ((id >= 1944157) AND (id <= 1944256))

table 3 : explain SELECT SUM(k) FROM sbtest3 WHERE id BETWEEN 487733 AND 487832
	Aggregate  (cost=395.22..395.23 rows=1 width=8)
	  ->  Index Scan using sbtest3_pkey on sbtest3  (cost=0.43..394.97 rows=99 width=4)
	        Index Cond: ((id >= 487733) AND (id <= 487832))

table 4 : explain SELECT SUM(k) FROM sbtest4 WHERE id BETWEEN 4862922 AND 4863021
	Aggregate  (cost=390.96..390.97 rows=1 width=8)
	  ->  Index Scan using sbtest4_pkey on sbtest4  (cost=0.43..390.72 rows=98 width=4)
	        Index Cond: ((id >= 4862922) AND (id <= 4863021))

table 5 : explain SELECT SUM(k) FROM sbtest5 WHERE id BETWEEN 49378 AND 49477
	Aggregate  (cost=398.77..398.78 rows=1 width=8)
	  ->  Index Scan using sbtest5_pkey on sbtest5  (cost=0.43..398.52 rows=100 width=4)
	        Index Cond: ((id >= 49378) AND (id <= 49477))

table 6 : explain SELECT SUM(k) FROM sbtest6 WHERE id BETWEEN 5356245 AND 5356344
	Aggregate  (cost=398.60..398.61 rows=1 width=8)
	  ->  Index Scan using sbtest6_pkey on sbtest6  (cost=0.43..398.35 rows=100 width=4)
	        Index Cond: ((id >= 5356245) AND (id <= 5356344))

table 7 : explain SELECT SUM(k) FROM sbtest7 WHERE id BETWEEN 2458000 AND 2458099
	Aggregate  (cost=350.86..350.87 rows=1 width=8)
	  ->  Index Scan using sbtest7_pkey on sbtest7  (cost=0.43..350.64 rows=88 width=4)
	        Index Cond: ((id >= 2458000) AND (id <= 2458099))

table 8 : explain SELECT SUM(k) FROM sbtest8 WHERE id BETWEEN 2665123 AND 2665222
	Aggregate  (cost=415.11..415.12 rows=1 width=8)
	  ->  Index Scan using sbtest8_pkey on sbtest8  (cost=0.43..414.85 rows=104 width=4)
	        Index Cond: ((id >= 2665123) AND (id <= 2665222))

for point_selects
table 1 : explain SELECT c FROM sbtest1 WHERE id=6030914
	Index Scan using sbtest1_pkey on sbtest1  (cost=0.43..8.45 rows=1 width=121)
	  Index Cond: (id = 6030914)

table 2 : explain SELECT c FROM sbtest2 WHERE id=7850796
	Index Scan using sbtest2_pkey on sbtest2  (cost=0.43..8.45 rows=1 width=121)
	  Index Cond: (id = 7850796)

table 3 : explain SELECT c FROM sbtest3 WHERE id=9759062
	Index Scan using sbtest3_pkey on sbtest3  (cost=0.43..8.45 rows=1 width=121)
	  Index Cond: (id = 9759062)

table 4 : explain SELECT c FROM sbtest4 WHERE id=3309171
	Index Scan using sbtest4_pkey on sbtest4  (cost=0.43..8.45 rows=1 width=121)
	  Index Cond: (id = 3309171)

table 5 : explain SELECT c FROM sbtest5 WHERE id=1679133
	Index Scan using sbtest5_pkey on sbtest5  (cost=0.43..8.45 rows=1 width=121)
	  Index Cond: (id = 1679133)

table 6 : explain SELECT c FROM sbtest6 WHERE id=3466143
	Index Scan using sbtest6_pkey on sbtest6  (cost=0.43..8.45 rows=1 width=121)
	  Index Cond: (id = 3466143)

table 7 : explain SELECT c FROM sbtest7 WHERE id=3290246
	Index Scan using sbtest7_pkey on sbtest7  (cost=0.43..8.45 rows=1 width=121)
	  Index Cond: (id = 3290246)

table 8 : explain SELECT c FROM sbtest8 WHERE id=3269578
	Index Scan using sbtest8_pkey on sbtest8  (cost=0.43..8.45 rows=1 width=121)
	  Index Cond: (id = 3269578)

for: order_ranges
table 1 : explain SELECT c FROM sbtest1 WHERE id BETWEEN 840037 AND 840136 ORDER BY c
	Sort  (cost=414.83..415.09 rows=103 width=121)
	  Sort Key: c
	  ->  Index Scan using sbtest1_pkey on sbtest1  (cost=0.43..411.38 rows=103 width=121)
	        Index Cond: ((id >= 840037) AND (id <= 840136))

table 2 : explain SELECT c FROM sbtest2 WHERE id BETWEEN 5593920 AND 5594019 ORDER BY c
	Sort  (cost=394.84..395.09 rows=98 width=121)
	  Sort Key: c
	  ->  Index Scan using sbtest2_pkey on sbtest2  (cost=0.43..391.60 rows=98 width=121)
	        Index Cond: ((id >= 5593920) AND (id <= 5594019))

table 3 : explain SELECT c FROM sbtest3 WHERE id BETWEEN 330599 AND 330698 ORDER BY c
	Sort  (cost=442.10..442.38 rows=110 width=121)
	  Sort Key: c
	  ->  Index Scan using sbtest3_pkey on sbtest3  (cost=0.43..438.37 rows=110 width=121)
	        Index Cond: ((id >= 330599) AND (id <= 330698))

table 4 : explain SELECT c FROM sbtest4 WHERE id BETWEEN 5216022 AND 5216121 ORDER BY c
	Sort  (cost=378.04..378.27 rows=94 width=121)
	  Sort Key: c
	  ->  Index Scan using sbtest4_pkey on sbtest4  (cost=0.43..374.96 rows=94 width=121)
	        Index Cond: ((id >= 5216022) AND (id <= 5216121))

table 5 : explain SELECT c FROM sbtest5 WHERE id BETWEEN 1389497 AND 1389596 ORDER BY c
	Sort  (cost=358.04..358.27 rows=89 width=121)
	  Sort Key: c
	  ->  Index Scan using sbtest5_pkey on sbtest5  (cost=0.43..355.16 rows=89 width=121)
	        Index Cond: ((id >= 1389497) AND (id <= 1389596))

table 6 : explain SELECT c FROM sbtest6 WHERE id BETWEEN 8226891 AND 8226990 ORDER BY c
	Sort  (cost=433.52..433.79 rows=108 width=121)
	  Sort Key: c
	  ->  Index Scan using sbtest6_pkey on sbtest6  (cost=0.43..429.87 rows=108 width=121)
	        Index Cond: ((id >= 8226891) AND (id <= 8226990))

table 7 : explain SELECT c FROM sbtest7 WHERE id BETWEEN 6298742 AND 6298841 ORDER BY c
	Sort  (cost=389.23..389.47 rows=97 width=121)
	  Sort Key: c
	  ->  Index Scan using sbtest7_pkey on sbtest7  (cost=0.43..386.03 rows=97 width=121)
	        Index Cond: ((id >= 6298742) AND (id <= 6298841))

table 8 : explain SELECT c FROM sbtest8 WHERE id BETWEEN 4954594 AND 4954693 ORDER BY c
	Sort  (cost=398.39..398.64 rows=99 width=121)
	  Sort Key: c
	  ->  Index Scan using sbtest8_pkey on sbtest8  (cost=0.43..395.11 rows=99 width=121)
	        Index Cond: ((id >= 4954594) AND (id <= 4954693))

explain: for point_selects :: explain SELECT c FROM sbtest%u WHERE id=%u
for: order_ranges
table 1 : explain SELECT c FROM sbtest1 WHERE id BETWEEN 1520630 AND 1520729 ORDER BY c
	Sort  (cost=402.84..403.09 rows=100 width=121)
	  Sort Key: c
	  ->  Index Scan using sbtest1_pkey on sbtest1  (cost=0.43..399.52 rows=100 width=121)
	        Index Cond: ((id >= 1520630) AND (id <= 1520729))

table 2 : explain SELECT c FROM sbtest2 WHERE id BETWEEN 4646094 AND 4646193 ORDER BY c
	Sort  (cost=442.74..443.02 rows=110 width=121)
	  Sort Key: c
	  ->  Index Scan using sbtest2_pkey on sbtest2  (cost=0.43..439.01 rows=110 width=121)
	        Index Cond: ((id >= 4646094) AND (id <= 4646193))

table 3 : explain SELECT c FROM sbtest3 WHERE id BETWEEN 7112008 AND 7112107 ORDER BY c
	Sort  (cost=402.24..402.49 rows=100 width=121)
	  Sort Key: c
	  ->  Index Scan using sbtest3_pkey on sbtest3  (cost=0.43..398.92 rows=100 width=121)
	        Index Cond: ((id >= 7112008) AND (id <= 7112107))

table 4 : explain SELECT c FROM sbtest4 WHERE id BETWEEN 4724352 AND 4724451 ORDER BY c
	Sort  (cost=358.14..358.36 rows=89 width=121)
	  Sort Key: c
	  ->  Index Scan using sbtest4_pkey on sbtest4  (cost=0.43..355.25 rows=89 width=121)
	        Index Cond: ((id >= 4724352) AND (id <= 4724451))

table 5 : explain SELECT c FROM sbtest5 WHERE id BETWEEN 2836716 AND 2836815 ORDER BY c
	Sort  (cost=389.88..390.12 rows=97 width=121)
	  Sort Key: c
	  ->  Index Scan using sbtest5_pkey on sbtest5  (cost=0.43..386.68 rows=97 width=121)
	        Index Cond: ((id >= 2836716) AND (id <= 2836815))

table 6 : explain SELECT c FROM sbtest6 WHERE id BETWEEN 7749760 AND 7749859 ORDER BY c
	Sort  (cost=425.56..425.83 rows=106 width=121)
	  Sort Key: c
	  ->  Index Scan using sbtest6_pkey on sbtest6  (cost=0.43..422.00 rows=106 width=121)
	        Index Cond: ((id >= 7749760) AND (id <= 7749859))

table 7 : explain SELECT c FROM sbtest7 WHERE id BETWEEN 2576519 AND 2576618 ORDER BY c
	Sort  (cost=389.23..389.47 rows=97 width=121)
	  Sort Key: c
	  ->  Index Scan using sbtest7_pkey on sbtest7  (cost=0.43..386.03 rows=97 width=121)
	        Index Cond: ((id >= 2576519) AND (id <= 2576618))

table 8 : explain SELECT c FROM sbtest8 WHERE id BETWEEN 4273284 AND 4273383 ORDER BY c
	Sort  (cost=390.42..390.66 rows=97 width=121)
	  Sort Key: c
	  ->  Index Scan using sbtest8_pkey on sbtest8  (cost=0.43..387.22 rows=97 width=121)
	        Index Cond: ((id >= 4273284) AND (id <= 4273383))

explain: for point_selects :: explain SELECT c FROM sbtest%u WHERE id=%u
for: distinct_ranges
table 1 : explain SELECT DISTINCT c FROM sbtest1 WHERE id BETWEEN 7571692 AND 7571791 ORDER BY c
	Unique  (cost=402.84..403.34 rows=100 width=121)
	  ->  Sort  (cost=402.84..403.09 rows=100 width=121)
	        Sort Key: c
	        ->  Index Scan using sbtest1_pkey on sbtest1  (cost=0.43..399.52 rows=100 width=121)
	              Index Cond: ((id >= 7571692) AND (id <= 7571791))

table 2 : explain SELECT DISTINCT c FROM sbtest2 WHERE id BETWEEN 6121177 AND 6121276 ORDER BY c
	Unique  (cost=410.82..411.33 rows=102 width=121)
	  ->  Sort  (cost=410.82..411.08 rows=102 width=121)
	        Sort Key: c
	        ->  Index Scan using sbtest2_pkey on sbtest2  (cost=0.43..407.42 rows=102 width=121)
	              Index Cond: ((id >= 6121177) AND (id <= 6121276))

table 3 : explain SELECT DISTINCT c FROM sbtest3 WHERE id BETWEEN 6296275 AND 6296374 ORDER BY c
	Unique  (cost=418.20..418.72 rows=104 width=121)
	  ->  Sort  (cost=418.20..418.46 rows=104 width=121)
	        Sort Key: c
	        ->  Index Scan using sbtest3_pkey on sbtest3  (cost=0.43..414.71 rows=104 width=121)
	              Index Cond: ((id >= 6296275) AND (id <= 6296374))

table 4 : explain SELECT DISTINCT c FROM sbtest4 WHERE id BETWEEN 5681358 AND 5681457 ORDER BY c
	Unique  (cost=397.94..398.44 rows=99 width=121)
	  ->  Sort  (cost=397.94..398.19 rows=99 width=121)
	        Sort Key: c
	        ->  Index Scan using sbtest4_pkey on sbtest4  (cost=0.43..394.66 rows=99 width=121)
	              Index Cond: ((id >= 5681358) AND (id <= 5681457))

table 5 : explain SELECT DISTINCT c FROM sbtest5 WHERE id BETWEEN 3836520 AND 3836619 ORDER BY c
	Unique  (cost=409.80..410.31 rows=102 width=121)
	  ->  Sort  (cost=409.80..410.05 rows=102 width=121)
	        Sort Key: c
	        ->  Index Scan using sbtest5_pkey on sbtest5  (cost=0.43..406.39 rows=102 width=121)
	              Index Cond: ((id >= 3836520) AND (id <= 3836619))

table 6 : explain SELECT DISTINCT c FROM sbtest6 WHERE id BETWEEN 2735932 AND 2736031 ORDER BY c
	Unique  (cost=397.69..398.19 rows=99 width=121)
	  ->  Sort  (cost=397.69..397.94 rows=99 width=121)
	        Sort Key: c
	        ->  Index Scan using sbtest6_pkey on sbtest6  (cost=0.43..394.41 rows=99 width=121)
	              Index Cond: ((id >= 2735932) AND (id <= 2736031))

table 7 : explain SELECT DISTINCT c FROM sbtest7 WHERE id BETWEEN 3887195 AND 3887294 ORDER BY c
	Unique  (cost=353.48..353.92 rows=88 width=121)
	  ->  Sort  (cost=353.48..353.70 rows=88 width=121)
	        Sort Key: c
	        ->  Index Scan using sbtest7_pkey on sbtest7  (cost=0.43..350.64 rows=88 width=121)
	              Index Cond: ((id >= 3887195) AND (id <= 3887294))

table 8 : explain SELECT DISTINCT c FROM sbtest8 WHERE id BETWEEN 4122438 AND 4122537 ORDER BY c
	Unique  (cost=386.43..386.91 rows=96 width=121)
	  ->  Sort  (cost=386.43..386.67 rows=96 width=121)
	        Sort Key: c
	        ->  Index Scan using sbtest8_pkey on sbtest8  (cost=0.43..383.27 rows=96 width=121)
	              Index Cond: ((id >= 4122438) AND (id <= 4122537))

for: order_ranges
table 1 : explain SELECT c FROM sbtest1 WHERE id BETWEEN 6040909 AND 6041008 ORDER BY c
	Sort  (cost=374.91..375.14 rows=93 width=121)
	  Sort Key: c
	  ->  Index Scan using sbtest1_pkey on sbtest1  (cost=0.43..371.87 rows=93 width=121)
	        Index Cond: ((id >= 6040909) AND (id <= 6041008))

table 2 : explain SELECT c FROM sbtest2 WHERE id BETWEEN 6964880 AND 6964979 ORDER BY c
	Sort  (cost=454.72..455.00 rows=113 width=121)
	  Sort Key: c
	  ->  Index Scan using sbtest2_pkey on sbtest2  (cost=0.43..450.86 rows=113 width=121)
	        Index Cond: ((id >= 6964880) AND (id <= 6964979))

table 3 : explain SELECT c FROM sbtest3 WHERE id BETWEEN 1098788 AND 1098887 ORDER BY c
	Sort  (cost=410.23..410.48 rows=102 width=121)
	  Sort Key: c
	  ->  Index Scan using sbtest3_pkey on sbtest3  (cost=0.43..406.82 rows=102 width=121)
	        Index Cond: ((id >= 1098788) AND (id <= 1098887))

table 4 : explain SELECT c FROM sbtest4 WHERE id BETWEEN 7269965 AND 7270064 ORDER BY c
	Sort  (cost=397.94..398.19 rows=99 width=121)
	  Sort Key: c
	  ->  Index Scan using sbtest4_pkey on sbtest4  (cost=0.43..394.66 rows=99 width=121)
	        Index Cond: ((id >= 7269965) AND (id <= 7270064))

table 5 : explain SELECT c FROM sbtest5 WHERE id BETWEEN 7487992 AND 7488091 ORDER BY c
	Sort  (cost=362.02..362.25 rows=90 width=121)
	  Sort Key: c
	  ->  Index Scan using sbtest5_pkey on sbtest5  (cost=0.43..359.10 rows=90 width=121)
	        Index Cond: ((id >= 7487992) AND (id <= 7488091))

table 6 : explain SELECT c FROM sbtest6 WHERE id BETWEEN 7696565 AND 7696664 ORDER BY c
	Sort  (cost=389.74..389.98 rows=97 width=121)
	  Sort Key: c
	  ->  Index Scan using sbtest6_pkey on sbtest6  (cost=0.43..386.54 rows=97 width=121)
	        Index Cond: ((id >= 7696565) AND (id <= 7696664))

table 7 : explain SELECT c FROM sbtest7 WHERE id BETWEEN 9722360 AND 9722459 ORDER BY c
	Sort  (cost=444.88..445.16 rows=111 width=121)
	  Sort Key: c
	  ->  Index Scan using sbtest7_pkey on sbtest7  (cost=0.43..441.11 rows=111 width=121)
	        Index Cond: ((id >= 9722360) AND (id <= 9722459))

table 8 : explain SELECT c FROM sbtest8 WHERE id BETWEEN 6313050 AND 6313149 ORDER BY c
	Sort  (cost=426.31..426.57 rows=106 width=121)
	  Sort Key: c
	  ->  Index Scan using sbtest8_pkey on sbtest8  (cost=0.43..422.74 rows=106 width=121)
	        Index Cond: ((id >= 6313050) AND (id <= 6313149))

explain: for point_selects :: explain SELECT c FROM sbtest%u WHERE id=%u
for: order_ranges
table 1 : explain SELECT c FROM sbtest1 WHERE id BETWEEN 7940839 AND 7940938 ORDER BY c
	Sort  (cost=410.84..411.09 rows=102 width=121)
	  Sort Key: c
	  ->  Index Scan using sbtest1_pkey on sbtest1  (cost=0.43..407.43 rows=102 width=121)
	        Index Cond: ((id >= 7940839) AND (id <= 7940938))

table 2 : explain SELECT c FROM sbtest2 WHERE id BETWEEN 8017028 AND 8017127 ORDER BY c
	Sort  (cost=394.84..395.09 rows=98 width=121)
	  Sort Key: c
	  ->  Index Scan using sbtest2_pkey on sbtest2  (cost=0.43..391.60 rows=98 width=121)
	        Index Cond: ((id >= 8017028) AND (id <= 8017127))

table 3 : explain SELECT c FROM sbtest3 WHERE id BETWEEN 7895217 AND 7895316 ORDER BY c
	Sort  (cost=430.15..430.42 rows=107 width=121)
	  Sort Key: c
	  ->  Index Scan using sbtest3_pkey on sbtest3  (cost=0.43..426.54 rows=107 width=121)
	        Index Cond: ((id >= 7895217) AND (id <= 7895316))

table 4 : explain SELECT c FROM sbtest4 WHERE id BETWEEN 2373052 AND 2373151 ORDER BY c
	Sort  (cost=401.92..402.17 rows=100 width=121)
	  Sort Key: c
	  ->  Index Scan using sbtest4_pkey on sbtest4  (cost=0.43..398.60 rows=100 width=121)
	        Index Cond: ((id >= 2373052) AND (id <= 2373151))

table 5 : explain SELECT c FROM sbtest5 WHERE id BETWEEN 7896308 AND 7896407 ORDER BY c
	Sort  (cost=425.72..425.98 rows=106 width=121)
	  Sort Key: c
	  ->  Index Scan using sbtest5_pkey on sbtest5  (cost=0.43..422.15 rows=106 width=121)
	        Index Cond: ((id >= 7896308) AND (id <= 7896407))

table 6 : explain SELECT c FROM sbtest6 WHERE id BETWEEN 6526098 AND 6526197 ORDER BY c
	Sort  (cost=409.65..409.90 rows=102 width=121)
	  Sort Key: c
	  ->  Index Scan using sbtest6_pkey on sbtest6  (cost=0.43..406.25 rows=102 width=121)
	        Index Cond: ((id >= 6526098) AND (id <= 6526197))

table 7 : explain SELECT c FROM sbtest7 WHERE id BETWEEN 1780658 AND 1780757 ORDER BY c
	Sort  (cost=409.12..409.37 rows=102 width=121)
	  Sort Key: c
	  ->  Index Scan using sbtest7_pkey on sbtest7  (cost=0.43..405.71 rows=102 width=121)
	        Index Cond: ((id >= 1780658) AND (id <= 1780757))

table 8 : explain SELECT c FROM sbtest8 WHERE id BETWEEN 2091959 AND 2092058 ORDER BY c
	Sort  (cost=382.45..382.69 rows=95 width=121)
	  Sort Key: c
	  ->  Index Scan using sbtest8_pkey on sbtest8  (cost=0.43..379.33 rows=95 width=121)
	        Index Cond: ((id >= 2091959) AND (id <= 2092058))

for: simple_ranges
table 1 : explain SELECT c FROM sbtest1 WHERE id BETWEEN 4550756 AND 4550855
	Index Scan using sbtest1_pkey on sbtest1  (cost=0.43..399.53 rows=100 width=121)
	  Index Cond: ((id >= 4550756) AND (id <= 4550855))

table 2 : explain SELECT c FROM sbtest2 WHERE id BETWEEN 6480632 AND 6480731
	Index Scan using sbtest2_pkey on sbtest2  (cost=0.43..415.32 rows=104 width=121)
	  Index Cond: ((id >= 6480632) AND (id <= 6480731))

table 3 : explain SELECT c FROM sbtest3 WHERE id BETWEEN 86527 AND 86626
	Index Scan using sbtest3_pkey on sbtest3  (cost=0.43..402.86 rows=101 width=121)
	  Index Cond: ((id >= 86527) AND (id <= 86626))

table 4 : explain SELECT c FROM sbtest4 WHERE id BETWEEN 1655033 AND 1655132
	Index Scan using sbtest4_pkey on sbtest4  (cost=0.43..398.60 rows=100 width=121)
	  Index Cond: ((id >= 1655033) AND (id <= 1655132))

table 5 : explain SELECT c FROM sbtest5 WHERE id BETWEEN 7546670 AND 7546769
	Index Scan using sbtest5_pkey on sbtest5  (cost=0.43..418.21 rows=105 width=121)
	  Index Cond: ((id >= 7546670) AND (id <= 7546769))

table 6 : explain SELECT c FROM sbtest6 WHERE id BETWEEN 9591076 AND 9591175
	Index Scan using sbtest6_pkey on sbtest6  (cost=0.43..418.06 rows=105 width=121)
	  Index Cond: ((id >= 9591076) AND (id <= 9591175))

table 7 : explain SELECT c FROM sbtest7 WHERE id BETWEEN 1782117 AND 1782216
	Index Scan using sbtest7_pkey on sbtest7  (cost=0.43..405.71 rows=102 width=121)
	  Index Cond: ((id >= 1782117) AND (id <= 1782216))

table 8 : explain SELECT c FROM sbtest8 WHERE id BETWEEN 624098 AND 624197
	Index Scan using sbtest8_pkey on sbtest8  (cost=0.43..387.22 rows=97 width=121)
	  Index Cond: ((id >= 624098) AND (id <= 624197))

for: distinct_ranges
table 1 : explain SELECT DISTINCT c FROM sbtest1 WHERE id BETWEEN 4354147 AND 4354246 ORDER BY c
	Unique  (cost=382.89..383.36 rows=95 width=121)
	  ->  Sort  (cost=382.89..383.13 rows=95 width=121)
	        Sort Key: c
	        ->  Index Scan using sbtest1_pkey on sbtest1  (cost=0.43..379.77 rows=95 width=121)
	              Index Cond: ((id >= 4354147) AND (id <= 4354246))

table 2 : explain SELECT DISTINCT c FROM sbtest2 WHERE id BETWEEN 7121968 AND 7122067 ORDER BY c
	Unique  (cost=402.84..403.34 rows=100 width=121)
	  ->  Sort  (cost=402.84..403.09 rows=100 width=121)
	        Sort Key: c
	        ->  Index Scan using sbtest2_pkey on sbtest2  (cost=0.43..399.52 rows=100 width=121)
	              Index Cond: ((id >= 7121968) AND (id <= 7122067))

table 3 : explain SELECT DISTINCT c FROM sbtest3 WHERE id BETWEEN 4142746 AND 4142845 ORDER BY c
	Unique  (cost=398.26..398.75 rows=99 width=121)
	  ->  Sort  (cost=398.26..398.50 rows=99 width=121)
	        Sort Key: c
	        ->  Index Scan using sbtest3_pkey on sbtest3  (cost=0.43..394.97 rows=99 width=121)
	              Index Cond: ((id >= 4142746) AND (id <= 4142845))

table 4 : explain SELECT DISTINCT c FROM sbtest4 WHERE id BETWEEN 2190437 AND 2190536 ORDER BY c
	Unique  (cost=366.10..366.55 rows=91 width=121)
	  ->  Sort  (cost=366.10..366.32 rows=91 width=121)
	        Sort Key: c
	        ->  Index Scan using sbtest4_pkey on sbtest4  (cost=0.43..363.13 rows=91 width=121)
	              Index Cond: ((id >= 2190437) AND (id <= 2190536))

table 5 : explain SELECT DISTINCT c FROM sbtest5 WHERE id BETWEEN 8021688 AND 8021787 ORDER BY c
	Unique  (cost=401.84..402.34 rows=100 width=121)
	  ->  Sort  (cost=401.84..402.09 rows=100 width=121)
	        Sort Key: c
	        ->  Index Scan using sbtest5_pkey on sbtest5  (cost=0.43..398.52 rows=100 width=121)
	              Index Cond: ((id >= 8021688) AND (id <= 8021787))

table 6 : explain SELECT DISTINCT c FROM sbtest6 WHERE id BETWEEN 3214899 AND 3214998 ORDER BY c
	Unique  (cost=389.74..390.22 rows=97 width=121)
	  ->  Sort  (cost=389.74..389.98 rows=97 width=121)
	        Sort Key: c
	        ->  Index Scan using sbtest6_pkey on sbtest6  (cost=0.43..386.54 rows=97 width=121)
	              Index Cond: ((id >= 3214899) AND (id <= 3214998))

table 7 : explain SELECT DISTINCT c FROM sbtest7 WHERE id BETWEEN 3139324 AND 3139423 ORDER BY c
	Unique  (cost=417.06..417.58 rows=104 width=121)
	  ->  Sort  (cost=417.06..417.32 rows=104 width=121)
	        Sort Key: c
	        ->  Index Scan using sbtest7_pkey on sbtest7  (cost=0.43..413.58 rows=104 width=121)
	              Index Cond: ((id >= 3139324) AND (id <= 3139423))

table 8 : explain SELECT DISTINCT c FROM sbtest8 WHERE id BETWEEN 5765322 AND 5765421 ORDER BY c
	Unique  (cost=402.39..402.89 rows=100 width=121)
	  ->  Sort  (cost=402.39..402.64 rows=100 width=121)
	        Sort Key: c
	        ->  Index Scan using sbtest8_pkey on sbtest8  (cost=0.43..399.07 rows=100 width=121)
	              Index Cond: ((id >= 5765322) AND (id <= 5765421))

for: distinct_ranges
table 1 : explain SELECT DISTINCT c FROM sbtest1 WHERE id BETWEEN 8256907 AND 8257006 ORDER BY c
	Unique  (cost=446.75..447.31 rows=111 width=121)
	  ->  Sort  (cost=446.75..447.03 rows=111 width=121)
	        Sort Key: c
	        ->  Index Scan using sbtest1_pkey on sbtest1  (cost=0.43..442.98 rows=111 width=121)
	              Index Cond: ((id >= 8256907) AND (id <= 8257006))

table 2 : explain SELECT DISTINCT c FROM sbtest2 WHERE id BETWEEN 4915985 AND 4916084 ORDER BY c
	Unique  (cost=390.85..391.34 rows=97 width=121)
	  ->  Sort  (cost=390.85..391.10 rows=97 width=121)
	        Sort Key: c
	        ->  Index Scan using sbtest2_pkey on sbtest2  (cost=0.43..387.65 rows=97 width=121)
	              Index Cond: ((id >= 4915985) AND (id <= 4916084))

table 3 : explain SELECT DISTINCT c FROM sbtest3 WHERE id BETWEEN 2992100 AND 2992199 ORDER BY c
	Unique  (cost=493.91..494.53 rows=123 width=121)
	  ->  Sort  (cost=493.91..494.22 rows=123 width=121)
	        Sort Key: c
	        ->  Index Scan using sbtest3_pkey on sbtest3  (cost=0.43..489.64 rows=123 width=121)
	              Index Cond: ((id >= 2992100) AND (id <= 2992199))

table 4 : explain SELECT DISTINCT c FROM sbtest4 WHERE id BETWEEN 9565113 AND 9565212 ORDER BY c
	Unique  (cost=405.92..406.43 rows=101 width=121)
	  ->  Sort  (cost=405.92..406.17 rows=101 width=121)
	        Sort Key: c
	        ->  Index Scan using sbtest4_pkey on sbtest4  (cost=0.43..402.56 rows=101 width=121)
	              Index Cond: ((id >= 9565113) AND (id <= 9565212))

table 5 : explain SELECT DISTINCT c FROM sbtest5 WHERE id BETWEEN 8337953 AND 8338052 ORDER BY c
	Unique  (cost=377.94..378.41 rows=94 width=121)
	  ->  Sort  (cost=377.94..378.17 rows=94 width=121)
	        Sort Key: c
	        ->  Index Scan using sbtest5_pkey on sbtest5  (cost=0.43..374.86 rows=94 width=121)
	              Index Cond: ((id >= 8337953) AND (id <= 8338052))

table 6 : explain SELECT DISTINCT c FROM sbtest6 WHERE id BETWEEN 8984005 AND 8984104 ORDER BY c
	Unique  (cost=381.78..382.26 rows=95 width=121)
	  ->  Sort  (cost=381.78..382.02 rows=95 width=121)
	        Sort Key: c
	        ->  Index Scan using sbtest6_pkey on sbtest6  (cost=0.43..378.66 rows=95 width=121)
	              Index Cond: ((id >= 8984005) AND (id <= 8984104))

table 7 : explain SELECT DISTINCT c FROM sbtest7 WHERE id BETWEEN 2541415 AND 2541514 ORDER BY c
	Unique  (cost=389.23..389.72 rows=97 width=121)
	  ->  Sort  (cost=389.23..389.47 rows=97 width=121)
	        Sort Key: c
	        ->  Index Scan using sbtest7_pkey on sbtest7  (cost=0.43..386.03 rows=97 width=121)
	              Index Cond: ((id >= 2541415) AND (id <= 2541514))

table 8 : explain SELECT DISTINCT c FROM sbtest8 WHERE id BETWEEN 4349720 AND 4349819 ORDER BY c
	Unique  (cost=390.42..390.90 rows=97 width=121)
	  ->  Sort  (cost=390.42..390.66 rows=97 width=121)
	        Sort Key: c
	        ->  Index Scan using sbtest8_pkey on sbtest8  (cost=0.43..387.22 rows=97 width=121)
	              Index Cond: ((id >= 4349720) AND (id <= 4349819))

for: distinct_ranges
table 1 : explain SELECT DISTINCT c FROM sbtest1 WHERE id BETWEEN 6454609 AND 6454708 ORDER BY c
	Unique  (cost=470.70..471.29 rows=117 width=121)
	  ->  Sort  (cost=470.70..470.99 rows=117 width=121)
	        Sort Key: c
	        ->  Index Scan using sbtest1_pkey on sbtest1  (cost=0.43..466.68 rows=117 width=121)
	              Index Cond: ((id >= 6454609) AND (id <= 6454708))

table 2 : explain SELECT DISTINCT c FROM sbtest2 WHERE id BETWEEN 1531271 AND 1531370 ORDER BY c
	Unique  (cost=410.82..411.33 rows=102 width=121)
	  ->  Sort  (cost=410.82..411.08 rows=102 width=121)
	        Sort Key: c
	        ->  Index Scan using sbtest2_pkey on sbtest2  (cost=0.43..407.42 rows=102 width=121)
	              Index Cond: ((id >= 1531271) AND (id <= 1531370))

table 3 : explain SELECT DISTINCT c FROM sbtest3 WHERE id BETWEEN 9985604 AND 9985703 ORDER BY c
	Unique  (cost=390.29..390.77 rows=97 width=121)
	  ->  Sort  (cost=390.29..390.53 rows=97 width=121)
	        Sort Key: c
	        ->  Index Scan using sbtest3_pkey on sbtest3  (cost=0.43..387.09 rows=97 width=121)
	              Index Cond: ((id >= 9985604) AND (id <= 9985703))

table 4 : explain SELECT DISTINCT c FROM sbtest4 WHERE id BETWEEN 513396 AND 513495 ORDER BY c
	Unique  (cost=397.94..398.44 rows=99 width=121)
	  ->  Sort  (cost=397.94..398.19 rows=99 width=121)
	        Sort Key: c
	        ->  Index Scan using sbtest4_pkey on sbtest4  (cost=0.43..394.66 rows=99 width=121)
	              Index Cond: ((id >= 513396) AND (id <= 513495))

table 5 : explain SELECT DISTINCT c FROM sbtest5 WHERE id BETWEEN 2771186 AND 2771285 ORDER BY c
	Unique  (cost=393.86..394.35 rows=98 width=121)
	  ->  Sort  (cost=393.86..394.10 rows=98 width=121)
	        Sort Key: c
	        ->  Index Scan using sbtest5_pkey on sbtest5  (cost=0.43..390.62 rows=98 width=121)
	              Index Cond: ((id >= 2771186) AND (id <= 2771285))

table 6 : explain SELECT DISTINCT c FROM sbtest6 WHERE id BETWEEN 8719678 AND 8719777 ORDER BY c
	Unique  (cost=369.85..370.31 rows=92 width=121)
	  ->  Sort  (cost=369.85..370.08 rows=92 width=121)
	        Sort Key: c
	        ->  Index Scan using sbtest6_pkey on sbtest6  (cost=0.43..366.85 rows=92 width=121)
	              Index Cond: ((id >= 8719678) AND (id <= 8719777))

table 7 : explain SELECT DISTINCT c FROM sbtest7 WHERE id BETWEEN 6619020 AND 6619119 ORDER BY c
	Unique  (cost=428.98..429.52 rows=107 width=121)
	  ->  Sort  (cost=428.98..429.25 rows=107 width=121)
	        Sort Key: c
	        ->  Index Scan using sbtest7_pkey on sbtest7  (cost=0.43..425.38 rows=107 width=121)
	              Index Cond: ((id >= 6619020) AND (id <= 6619119))

table 8 : explain SELECT DISTINCT c FROM sbtest8 WHERE id BETWEEN 9673849 AND 9673948 ORDER BY c
	Unique  (cost=398.39..398.89 rows=99 width=121)
	  ->  Sort  (cost=398.39..398.64 rows=99 width=121)
	        Sort Key: c
	        ->  Index Scan using sbtest8_pkey on sbtest8  (cost=0.43..395.11 rows=99 width=121)
	              Index Cond: ((id >= 9673849) AND (id <= 9673948))

for: distinct_ranges
table 1 : explain SELECT DISTINCT c FROM sbtest1 WHERE id BETWEEN 1946833 AND 1946932 ORDER BY c
	Unique  (cost=414.83..415.34 rows=103 width=121)
	  ->  Sort  (cost=414.83..415.09 rows=103 width=121)
	        Sort Key: c
	        ->  Index Scan using sbtest1_pkey on sbtest1  (cost=0.43..411.38 rows=103 width=121)
	              Index Cond: ((id >= 1946833) AND (id <= 1946932))

table 2 : explain SELECT DISTINCT c FROM sbtest2 WHERE id BETWEEN 6295346 AND 6295445 ORDER BY c
	Unique  (cost=398.83..399.33 rows=99 width=121)
	  ->  Sort  (cost=398.83..399.08 rows=99 width=121)
	        Sort Key: c
	        ->  Index Scan using sbtest2_pkey on sbtest2  (cost=0.43..395.55 rows=99 width=121)
	              Index Cond: ((id >= 6295346) AND (id <= 6295445))

table 3 : explain SELECT DISTINCT c FROM sbtest3 WHERE id BETWEEN 1663774 AND 1663873 ORDER BY c
	Unique  (cost=406.22..406.73 rows=101 width=121)
	  ->  Sort  (cost=406.22..406.48 rows=101 width=121)
	        Sort Key: c
	        ->  Index Scan using sbtest3_pkey on sbtest3  (cost=0.43..402.86 rows=101 width=121)
	              Index Cond: ((id >= 1663774) AND (id <= 1663873))

table 4 : explain SELECT DISTINCT c FROM sbtest4 WHERE id BETWEEN 20602 AND 20701 ORDER BY c
	Unique  (cost=393.96..394.45 rows=98 width=121)
	  ->  Sort  (cost=393.96..394.20 rows=98 width=121)
	        Sort Key: c
	        ->  Index Scan using sbtest4_pkey on sbtest4  (cost=0.43..390.72 rows=98 width=121)
	              Index Cond: ((id >= 20602) AND (id <= 20701))

table 5 : explain SELECT DISTINCT c FROM sbtest5 WHERE id BETWEEN 6948749 AND 6948848 ORDER BY c
	Unique  (cost=385.90..386.38 rows=96 width=121)
	  ->  Sort  (cost=385.90..386.14 rows=96 width=121)
	        Sort Key: c
	        ->  Index Scan using sbtest5_pkey on sbtest5  (cost=0.43..382.74 rows=96 width=121)
	              Index Cond: ((id >= 6948749) AND (id <= 6948848))

table 6 : explain SELECT DISTINCT c FROM sbtest6 WHERE id BETWEEN 8555892 AND 8555991 ORDER BY c
	Unique  (cost=417.61..418.13 rows=104 width=121)
	  ->  Sort  (cost=417.61..417.87 rows=104 width=121)
	        Sort Key: c
	        ->  Index Scan using sbtest6_pkey on sbtest6  (cost=0.43..414.12 rows=104 width=121)
	              Index Cond: ((id >= 8555892) AND (id <= 8555991))

table 7 : explain SELECT DISTINCT c FROM sbtest7 WHERE id BETWEEN 5115478 AND 5115577 ORDER BY c
	Unique  (cost=413.09..413.61 rows=103 width=121)
	  ->  Sort  (cost=413.09..413.35 rows=103 width=121)
	        Sort Key: c
	        ->  Index Scan using sbtest7_pkey on sbtest7  (cost=0.43..409.65 rows=103 width=121)
	              Index Cond: ((id >= 5115478) AND (id <= 5115577))

table 8 : explain SELECT DISTINCT c FROM sbtest8 WHERE id BETWEEN 6344309 AND 6344408 ORDER BY c
	Unique  (cost=426.31..426.84 rows=106 width=121)
	  ->  Sort  (cost=426.31..426.57 rows=106 width=121)
	        Sort Key: c
	        ->  Index Scan using sbtest8_pkey on sbtest8  (cost=0.43..422.74 rows=106 width=121)
	              Index Cond: ((id >= 6344309) AND (id <= 6344408))

for point_selects
table 1 : explain SELECT c FROM sbtest1 WHERE id=7835740
	Index Scan using sbtest1_pkey on sbtest1  (cost=0.43..8.45 rows=1 width=121)
	  Index Cond: (id = 7835740)

table 2 : explain SELECT c FROM sbtest2 WHERE id=4054103
	Index Scan using sbtest2_pkey on sbtest2  (cost=0.43..8.45 rows=1 width=121)
	  Index Cond: (id = 4054103)

table 3 : explain SELECT c FROM sbtest3 WHERE id=7233702
	Index Scan using sbtest3_pkey on sbtest3  (cost=0.43..8.45 rows=1 width=121)
	  Index Cond: (id = 7233702)

table 4 : explain SELECT c FROM sbtest4 WHERE id=5421368
	Index Scan using sbtest4_pkey on sbtest4  (cost=0.43..8.45 rows=1 width=121)
	  Index Cond: (id = 5421368)

table 5 : explain SELECT c FROM sbtest5 WHERE id=9705361
	Index Scan using sbtest5_pkey on sbtest5  (cost=0.43..8.45 rows=1 width=121)
	  Index Cond: (id = 9705361)

table 6 : explain SELECT c FROM sbtest6 WHERE id=8059392
	Index Scan using sbtest6_pkey on sbtest6  (cost=0.43..8.45 rows=1 width=121)
	  Index Cond: (id = 8059392)

table 7 : explain SELECT c FROM sbtest7 WHERE id=8027253
	Index Scan using sbtest7_pkey on sbtest7  (cost=0.43..8.45 rows=1 width=121)
	  Index Cond: (id = 8027253)

table 8 : explain SELECT c FROM sbtest8 WHERE id=310584
	Index Scan using sbtest8_pkey on sbtest8  (cost=0.43..8.45 rows=1 width=121)
	  Index Cond: (id = 310584)

for: sum_ranges
table 1 : explain SELECT SUM(k) FROM sbtest1 WHERE id BETWEEN 7699311 AND 7699410
	Aggregate  (cost=364.20..364.21 rows=1 width=8)
	  ->  Index Scan using sbtest1_pkey on sbtest1  (cost=0.43..363.97 rows=91 width=4)
	        Index Cond: ((id >= 7699311) AND (id <= 7699410))

table 2 : explain SELECT SUM(k) FROM sbtest2 WHERE id BETWEEN 4243094 AND 4243193
	Aggregate  (cost=399.77..399.78 rows=1 width=8)
	  ->  Index Scan using sbtest2_pkey on sbtest2  (cost=0.43..399.52 rows=100 width=4)
	        Index Cond: ((id >= 4243094) AND (id <= 4243193))

table 3 : explain SELECT SUM(k) FROM sbtest3 WHERE id BETWEEN 9078181 AND 9078280
	Aggregate  (cost=379.44..379.45 rows=1 width=8)
	  ->  Index Scan using sbtest3_pkey on sbtest3  (cost=0.43..379.20 rows=95 width=4)
	        Index Cond: ((id >= 9078181) AND (id <= 9078280))

table 4 : explain SELECT SUM(k) FROM sbtest4 WHERE id BETWEEN 5107689 AND 5107788
	Aggregate  (cost=454.07..454.08 rows=1 width=8)
	  ->  Index Scan using sbtest4_pkey on sbtest4  (cost=0.43..453.79 rows=114 width=4)
	        Index Cond: ((id >= 5107689) AND (id <= 5107788))

table 5 : explain SELECT SUM(k) FROM sbtest5 WHERE id BETWEEN 3969493 AND 3969592
	Aggregate  (cost=379.04..379.05 rows=1 width=8)
	  ->  Index Scan using sbtest5_pkey on sbtest5  (cost=0.43..378.80 rows=95 width=4)
	        Index Cond: ((id >= 3969493) AND (id <= 3969592))

table 6 : explain SELECT SUM(k) FROM sbtest6 WHERE id BETWEEN 5716886 AND 5716985
	Aggregate  (cost=406.50..406.51 rows=1 width=8)
	  ->  Index Scan using sbtest6_pkey on sbtest6  (cost=0.43..406.25 rows=102 width=4)
	        Index Cond: ((id >= 5716886) AND (id <= 5716985))

table 7 : explain SELECT SUM(k) FROM sbtest7 WHERE id BETWEEN 543321 AND 543420
	Aggregate  (cost=461.06..461.07 rows=1 width=8)
	  ->  Index Scan using sbtest7_pkey on sbtest7  (cost=0.43..460.77 rows=116 width=4)
	        Index Cond: ((id >= 543321) AND (id <= 543420))

table 8 : explain SELECT SUM(k) FROM sbtest8 WHERE id BETWEEN 1316900 AND 1316999
	Aggregate  (cost=391.41..391.42 rows=1 width=8)
	  ->  Index Scan using sbtest8_pkey on sbtest8  (cost=0.43..391.16 rows=98 width=4)
	        Index Cond: ((id >= 1316900) AND (id <= 1316999))

for point_selects
table 1 : explain SELECT c FROM sbtest1 WHERE id=6866858
	Index Scan using sbtest1_pkey on sbtest1  (cost=0.43..8.45 rows=1 width=121)
	  Index Cond: (id = 6866858)

table 2 : explain SELECT c FROM sbtest2 WHERE id=5226181
	Index Scan using sbtest2_pkey on sbtest2  (cost=0.43..8.45 rows=1 width=121)
	  Index Cond: (id = 5226181)

table 3 : explain SELECT c FROM sbtest3 WHERE id=6817126
	Index Scan using sbtest3_pkey on sbtest3  (cost=0.43..8.45 rows=1 width=121)
	  Index Cond: (id = 6817126)

table 4 : explain SELECT c FROM sbtest4 WHERE id=7689771
	Index Scan using sbtest4_pkey on sbtest4  (cost=0.43..8.45 rows=1 width=121)
	  Index Cond: (id = 7689771)

table 5 : explain SELECT c FROM sbtest5 WHERE id=5826831
	Index Scan using sbtest5_pkey on sbtest5  (cost=0.43..8.45 rows=1 width=121)
	  Index Cond: (id = 5826831)

table 6 : explain SELECT c FROM sbtest6 WHERE id=8252155
	Index Scan using sbtest6_pkey on sbtest6  (cost=0.43..8.45 rows=1 width=121)
	  Index Cond: (id = 8252155)

table 7 : explain SELECT c FROM sbtest7 WHERE id=8172537
	Index Scan using sbtest7_pkey on sbtest7  (cost=0.43..8.45 rows=1 width=121)
	  Index Cond: (id = 8172537)

table 8 : explain SELECT c FROM sbtest8 WHERE id=6317656
	Index Scan using sbtest8_pkey on sbtest8  (cost=0.43..8.45 rows=1 width=121)
	  Index Cond: (id = 6317656)

for point_selects
table 1 : explain SELECT c FROM sbtest1 WHERE id=3385776
	Index Scan using sbtest1_pkey on sbtest1  (cost=0.43..8.45 rows=1 width=121)
	  Index Cond: (id = 3385776)

table 2 : explain SELECT c FROM sbtest2 WHERE id=7632999
	Index Scan using sbtest2_pkey on sbtest2  (cost=0.43..8.45 rows=1 width=121)
	  Index Cond: (id = 7632999)

table 3 : explain SELECT c FROM sbtest3 WHERE id=3030744
	Index Scan using sbtest3_pkey on sbtest3  (cost=0.43..8.45 rows=1 width=121)
	  Index Cond: (id = 3030744)

table 4 : explain SELECT c FROM sbtest4 WHERE id=2881778
	Index Scan using sbtest4_pkey on sbtest4  (cost=0.43..8.45 rows=1 width=121)
	  Index Cond: (id = 2881778)

table 5 : explain SELECT c FROM sbtest5 WHERE id=9664637
	Index Scan using sbtest5_pkey on sbtest5  (cost=0.43..8.45 rows=1 width=121)
	  Index Cond: (id = 9664637)

table 6 : explain SELECT c FROM sbtest6 WHERE id=8750064
	Index Scan using sbtest6_pkey on sbtest6  (cost=0.43..8.45 rows=1 width=121)
	  Index Cond: (id = 8750064)

table 7 : explain SELECT c FROM sbtest7 WHERE id=6529487
	Index Scan using sbtest7_pkey on sbtest7  (cost=0.43..8.45 rows=1 width=121)
	  Index Cond: (id = 6529487)

table 8 : explain SELECT c FROM sbtest8 WHERE id=3447256
	Index Scan using sbtest8_pkey on sbtest8  (cost=0.43..8.45 rows=1 width=121)
	  Index Cond: (id = 3447256)

for point_selects
table 1 : explain SELECT c FROM sbtest1 WHERE id=442581
	Index Scan using sbtest1_pkey on sbtest1  (cost=0.43..8.45 rows=1 width=121)
	  Index Cond: (id = 442581)

table 2 : explain SELECT c FROM sbtest2 WHERE id=8032794
	Index Scan using sbtest2_pkey on sbtest2  (cost=0.43..8.45 rows=1 width=121)
	  Index Cond: (id = 8032794)

table 3 : explain SELECT c FROM sbtest3 WHERE id=3451213
	Index Scan using sbtest3_pkey on sbtest3  (cost=0.43..8.45 rows=1 width=121)
	  Index Cond: (id = 3451213)

table 4 : explain SELECT c FROM sbtest4 WHERE id=6327592
	Index Scan using sbtest4_pkey on sbtest4  (cost=0.43..8.45 rows=1 width=121)
	  Index Cond: (id = 6327592)

table 5 : explain SELECT c FROM sbtest5 WHERE id=6784139
	Index Scan using sbtest5_pkey on sbtest5  (cost=0.43..8.45 rows=1 width=121)
	  Index Cond: (id = 6784139)

table 6 : explain SELECT c FROM sbtest6 WHERE id=9688018
	Index Scan using sbtest6_pkey on sbtest6  (cost=0.43..8.45 rows=1 width=121)
	  Index Cond: (id = 9688018)

table 7 : explain SELECT c FROM sbtest7 WHERE id=805945
	Index Scan using sbtest7_pkey on sbtest7  (cost=0.43..8.45 rows=1 width=121)
	  Index Cond: (id = 805945)

table 8 : explain SELECT c FROM sbtest8 WHERE id=4338725
	Index Scan using sbtest8_pkey on sbtest8  (cost=0.43..8.45 rows=1 width=121)
	  Index Cond: (id = 4338725)

explain: for point_selects :: explain SELECT c FROM sbtest%u WHERE id=%u
explain: for point_selects :: explain SELECT c FROM sbtest%u WHERE id=%u
for: simple_ranges
table 1 : explain SELECT c FROM sbtest1 WHERE id BETWEEN 1237722 AND 1237821
	Index Scan using sbtest1_pkey on sbtest1  (cost=0.43..407.43 rows=102 width=121)
	  Index Cond: ((id >= 1237722) AND (id <= 1237821))

table 2 : explain SELECT c FROM sbtest2 WHERE id BETWEEN 4617744 AND 4617843
	Index Scan using sbtest2_pkey on sbtest2  (cost=0.43..439.01 rows=110 width=121)
	  Index Cond: ((id >= 4617744) AND (id <= 4617843))

table 3 : explain SELECT c FROM sbtest3 WHERE id BETWEEN 3228413 AND 3228512
	Index Scan using sbtest3_pkey on sbtest3  (cost=0.43..422.60 rows=106 width=121)
	  Index Cond: ((id >= 3228413) AND (id <= 3228512))

table 4 : explain SELECT c FROM sbtest4 WHERE id BETWEEN 1032579 AND 1032678
	Index Scan using sbtest4_pkey on sbtest4  (cost=0.43..410.44 rows=103 width=121)
	  Index Cond: ((id >= 1032579) AND (id <= 1032678))

table 5 : explain SELECT c FROM sbtest5 WHERE id BETWEEN 3241222 AND 3241321
	Index Scan using sbtest5_pkey on sbtest5  (cost=0.43..449.73 rows=113 width=121)
	  Index Cond: ((id >= 3241222) AND (id <= 3241321))

table 6 : explain SELECT c FROM sbtest6 WHERE id BETWEEN 2233217 AND 2233316
	Index Scan using sbtest6_pkey on sbtest6  (cost=0.43..402.31 rows=101 width=121)
	  Index Cond: ((id >= 2233217) AND (id <= 2233316))

table 7 : explain SELECT c FROM sbtest7 WHERE id BETWEEN 3766821 AND 3766920
	Index Scan using sbtest7_pkey on sbtest7  (cost=0.43..382.10 rows=96 width=121)
	  Index Cond: ((id >= 3766821) AND (id <= 3766920))

table 8 : explain SELECT c FROM sbtest8 WHERE id BETWEEN 4644410 AND 4644509
	Index Scan using sbtest8_pkey on sbtest8  (cost=0.43..399.07 rows=100 width=121)
	  Index Cond: ((id >= 4644410) AND (id <= 4644509))

for: simple_ranges
table 1 : explain SELECT c FROM sbtest1 WHERE id BETWEEN 8827409 AND 8827508
	Index Scan using sbtest1_pkey on sbtest1  (cost=0.43..407.43 rows=102 width=121)
	  Index Cond: ((id >= 8827409) AND (id <= 8827508))

table 2 : explain SELECT c FROM sbtest2 WHERE id BETWEEN 38412 AND 38511
	Index Scan using sbtest2_pkey on sbtest2  (cost=0.43..395.57 rows=99 width=121)
	  Index Cond: ((id >= 38412) AND (id <= 38511))

table 3 : explain SELECT c FROM sbtest3 WHERE id BETWEEN 1572958 AND 1573057
	Index Scan using sbtest3_pkey on sbtest3  (cost=0.43..406.82 rows=102 width=121)
	  Index Cond: ((id >= 1572958) AND (id <= 1573057))

table 4 : explain SELECT c FROM sbtest4 WHERE id BETWEEN 32790 AND 32889
	Index Scan using sbtest4_pkey on sbtest4  (cost=0.43..390.72 rows=98 width=121)
	  Index Cond: ((id >= 32790) AND (id <= 32889))

table 5 : explain SELECT c FROM sbtest5 WHERE id BETWEEN 7294744 AND 7294843
	Index Scan using sbtest5_pkey on sbtest5  (cost=0.43..366.98 rows=92 width=121)
	  Index Cond: ((id >= 7294744) AND (id <= 7294843))

table 6 : explain SELECT c FROM sbtest6 WHERE id BETWEEN 5098501 AND 5098600
	Index Scan using sbtest6_pkey on sbtest6  (cost=0.43..414.12 rows=104 width=121)
	  Index Cond: ((id >= 5098501) AND (id <= 5098600))

table 7 : explain SELECT c FROM sbtest7 WHERE id BETWEEN 5918226 AND 5918325
	Index Scan using sbtest7_pkey on sbtest7  (cost=0.43..413.58 rows=104 width=121)
	  Index Cond: ((id >= 5918226) AND (id <= 5918325))

table 8 : explain SELECT c FROM sbtest8 WHERE id BETWEEN 5468541 AND 5468640
	Index Scan using sbtest8_pkey on sbtest8  (cost=0.43..371.44 rows=93 width=121)
	  Index Cond: ((id >= 5468541) AND (id <= 5468640))

for: order_ranges
table 1 : explain SELECT c FROM sbtest1 WHERE id BETWEEN 5265046 AND 5265145 ORDER BY c
	Sort  (cost=394.86..395.10 rows=98 width=121)
	  Sort Key: c
	  ->  Index Scan using sbtest1_pkey on sbtest1  (cost=0.43..391.62 rows=98 width=121)
	        Index Cond: ((id >= 5265046) AND (id <= 5265145))

table 2 : explain SELECT c FROM sbtest2 WHERE id BETWEEN 2351122 AND 2351221 ORDER BY c
	Sort  (cost=430.77..431.04 rows=107 width=121)
	  Sort Key: c
	  ->  Index Scan using sbtest2_pkey on sbtest2  (cost=0.43..427.17 rows=107 width=121)
	        Index Cond: ((id >= 2351122) AND (id <= 2351221))

table 3 : explain SELECT c FROM sbtest3 WHERE id BETWEEN 2909747 AND 2909846 ORDER BY c
	Sort  (cost=366.39..366.61 rows=91 width=121)
	  Sort Key: c
	  ->  Index Scan using sbtest3_pkey on sbtest3  (cost=0.43..363.42 rows=91 width=121)
	        Index Cond: ((id >= 2909747) AND (id <= 2909846))

table 4 : explain SELECT c FROM sbtest4 WHERE id BETWEEN 6324437 AND 6324536 ORDER BY c
	Sort  (cost=386.00..386.24 rows=96 width=121)
	  Sort Key: c
	  ->  Index Scan using sbtest4_pkey on sbtest4  (cost=0.43..382.84 rows=96 width=121)
	        Index Cond: ((id >= 6324437) AND (id <= 6324536))

table 5 : explain SELECT c FROM sbtest5 WHERE id BETWEEN 5427365 AND 5427464 ORDER BY c
	Sort  (cost=413.78..414.03 rows=103 width=121)
	  Sort Key: c
	  ->  Index Scan using sbtest5_pkey on sbtest5  (cost=0.43..410.33 rows=103 width=121)
	        Index Cond: ((id >= 5427365) AND (id <= 5427464))

table 6 : explain SELECT c FROM sbtest6 WHERE id BETWEEN 4465231 AND 4465330 ORDER BY c
	Sort  (cost=401.69..401.94 rows=100 width=121)
	  Sort Key: c
	  ->  Index Scan using sbtest6_pkey on sbtest6  (cost=0.43..398.37 rows=100 width=121)
	        Index Cond: ((id >= 4465231) AND (id <= 4465330))

table 7 : explain SELECT c FROM sbtest7 WHERE id BETWEEN 8653329 AND 8653428 ORDER BY c
	Sort  (cost=409.12..409.37 rows=102 width=121)
	  Sort Key: c
	  ->  Index Scan using sbtest7_pkey on sbtest7  (cost=0.43..405.71 rows=102 width=121)
	        Index Cond: ((id >= 8653329) AND (id <= 8653428))

table 8 : explain SELECT c FROM sbtest8 WHERE id BETWEEN 308042 AND 308141 ORDER BY c
	Sort  (cost=390.42..390.66 rows=97 width=121)
	  Sort Key: c
	  ->  Index Scan using sbtest8_pkey on sbtest8  (cost=0.43..387.22 rows=97 width=121)
	        Index Cond: ((id >= 308042) AND (id <= 308141))

for: simple_ranges
table 1 : explain SELECT c FROM sbtest1 WHERE id BETWEEN 4895614 AND 4895713
	Index Scan using sbtest1_pkey on sbtest1  (cost=0.43..403.48 rows=101 width=121)
	  Index Cond: ((id >= 4895614) AND (id <= 4895713))

table 2 : explain SELECT c FROM sbtest2 WHERE id BETWEEN 4027632 AND 4027731
	Index Scan using sbtest2_pkey on sbtest2  (cost=0.43..395.55 rows=99 width=121)
	  Index Cond: ((id >= 4027632) AND (id <= 4027731))

table 3 : explain SELECT c FROM sbtest3 WHERE id BETWEEN 1112939 AND 1113038
	Index Scan using sbtest3_pkey on sbtest3  (cost=0.43..406.82 rows=102 width=121)
	  Index Cond: ((id >= 1112939) AND (id <= 1113038))

table 4 : explain SELECT c FROM sbtest4 WHERE id BETWEEN 6604342 AND 6604441
	Index Scan using sbtest4_pkey on sbtest4  (cost=0.43..430.14 rows=108 width=121)
	  Index Cond: ((id >= 6604342) AND (id <= 6604441))

table 5 : explain SELECT c FROM sbtest5 WHERE id BETWEEN 8062730 AND 8062829
	Index Scan using sbtest5_pkey on sbtest5  (cost=0.43..398.52 rows=100 width=121)
	  Index Cond: ((id >= 8062730) AND (id <= 8062829))

table 6 : explain SELECT c FROM sbtest6 WHERE id BETWEEN 4740914 AND 4741013
	Index Scan using sbtest6_pkey on sbtest6  (cost=0.43..378.66 rows=95 width=121)
	  Index Cond: ((id >= 4740914) AND (id <= 4741013))

table 7 : explain SELECT c FROM sbtest7 WHERE id BETWEEN 4934310 AND 4934409
	Index Scan using sbtest7_pkey on sbtest7  (cost=0.43..362.43 rows=91 width=121)
	  Index Cond: ((id >= 4934310) AND (id <= 4934409))

table 8 : explain SELECT c FROM sbtest8 WHERE id BETWEEN 2491113 AND 2491212
	Index Scan using sbtest8_pkey on sbtest8  (cost=0.43..399.07 rows=100 width=121)
	  Index Cond: ((id >= 2491113) AND (id <= 2491212))

for: simple_ranges
table 1 : explain SELECT c FROM sbtest1 WHERE id BETWEEN 719231 AND 719330
	Index Scan using sbtest1_pkey on sbtest1  (cost=0.43..407.43 rows=102 width=121)
	  Index Cond: ((id >= 719231) AND (id <= 719330))

table 2 : explain SELECT c FROM sbtest2 WHERE id BETWEEN 871588 AND 871687
	Index Scan using sbtest2_pkey on sbtest2  (cost=0.43..407.42 rows=102 width=121)
	  Index Cond: ((id >= 871588) AND (id <= 871687))

table 3 : explain SELECT c FROM sbtest3 WHERE id BETWEEN 1580864 AND 1580963
	Index Scan using sbtest3_pkey on sbtest3  (cost=0.43..406.82 rows=102 width=121)
	  Index Cond: ((id >= 1580864) AND (id <= 1580963))

table 4 : explain SELECT c FROM sbtest4 WHERE id BETWEEN 4766276 AND 4766375
	Index Scan using sbtest4_pkey on sbtest4  (cost=0.43..355.25 rows=89 width=121)
	  Index Cond: ((id >= 4766276) AND (id <= 4766375))

table 5 : explain SELECT c FROM sbtest5 WHERE id BETWEEN 1334446 AND 1334545
	Index Scan using sbtest5_pkey on sbtest5  (cost=0.43..355.16 rows=89 width=121)
	  Index Cond: ((id >= 1334446) AND (id <= 1334545))

table 6 : explain SELECT c FROM sbtest6 WHERE id BETWEEN 7642123 AND 7642222
	Index Scan using sbtest6_pkey on sbtest6  (cost=0.43..386.54 rows=97 width=121)
	  Index Cond: ((id >= 7642123) AND (id <= 7642222))

table 7 : explain SELECT c FROM sbtest7 WHERE id BETWEEN 7238512 AND 7238611
	Index Scan using sbtest7_pkey on sbtest7  (cost=0.43..358.50 rows=90 width=121)
	  Index Cond: ((id >= 7238512) AND (id <= 7238611))

table 8 : explain SELECT c FROM sbtest8 WHERE id BETWEEN 7144802 AND 7144901
	Index Scan using sbtest8_pkey on sbtest8  (cost=0.43..375.38 rows=94 width=121)
	  Index Cond: ((id >= 7144802) AND (id <= 7144901))

for: distinct_ranges
table 1 : explain SELECT DISTINCT c FROM sbtest1 WHERE id BETWEEN 9146740 AND 9146839 ORDER BY c
	Unique  (cost=398.85..399.34 rows=99 width=121)
	  ->  Sort  (cost=398.85..399.10 rows=99 width=121)
	        Sort Key: c
	        ->  Index Scan using sbtest1_pkey on sbtest1  (cost=0.43..395.57 rows=99 width=121)
	              Index Cond: ((id >= 9146740) AND (id <= 9146839))

table 2 : explain SELECT DISTINCT c FROM sbtest2 WHERE id BETWEEN 826647 AND 826746 ORDER BY c
	Unique  (cost=410.82..411.33 rows=102 width=121)
	  ->  Sort  (cost=410.82..411.08 rows=102 width=121)
	        Sort Key: c
	        ->  Index Scan using sbtest2_pkey on sbtest2  (cost=0.43..407.42 rows=102 width=121)
	              Index Cond: ((id >= 826647) AND (id <= 826746))

table 3 : explain SELECT DISTINCT c FROM sbtest3 WHERE id BETWEEN 9658774 AND 9658873 ORDER BY c
	Unique  (cost=410.23..410.74 rows=102 width=121)
	  ->  Sort  (cost=410.23..410.48 rows=102 width=121)
	        Sort Key: c
	        ->  Index Scan using sbtest3_pkey on sbtest3  (cost=0.43..406.82 rows=102 width=121)
	              Index Cond: ((id >= 9658774) AND (id <= 9658873))

table 4 : explain SELECT DISTINCT c FROM sbtest4 WHERE id BETWEEN 5306715 AND 5306814 ORDER BY c
	Unique  (cost=405.92..406.43 rows=101 width=121)
	  ->  Sort  (cost=405.92..406.17 rows=101 width=121)
	        Sort Key: c
	        ->  Index Scan using sbtest4_pkey on sbtest4  (cost=0.43..402.56 rows=101 width=121)
	              Index Cond: ((id >= 5306715) AND (id <= 5306814))

table 5 : explain SELECT DISTINCT c FROM sbtest5 WHERE id BETWEEN 2722614 AND 2722713 ORDER BY c
	Unique  (cost=393.86..394.35 rows=98 width=121)
	  ->  Sort  (cost=393.86..394.10 rows=98 width=121)
	        Sort Key: c
	        ->  Index Scan using sbtest5_pkey on sbtest5  (cost=0.43..390.62 rows=98 width=121)
	              Index Cond: ((id >= 2722614) AND (id <= 2722713))

table 6 : explain SELECT DISTINCT c FROM sbtest6 WHERE id BETWEEN 4349013 AND 4349112 ORDER BY c
	Unique  (cost=393.71..394.20 rows=98 width=121)
	  ->  Sort  (cost=393.71..393.96 rows=98 width=121)
	        Sort Key: c
	        ->  Index Scan using sbtest6_pkey on sbtest6  (cost=0.43..390.47 rows=98 width=121)
	              Index Cond: ((id >= 4349013) AND (id <= 4349112))

table 7 : explain SELECT DISTINCT c FROM sbtest7 WHERE id BETWEEN 1939682 AND 1939781 ORDER BY c
	Unique  (cost=397.18..397.67 rows=99 width=121)
	  ->  Sort  (cost=397.18..397.42 rows=99 width=121)
	        Sort Key: c
	        ->  Index Scan using sbtest7_pkey on sbtest7  (cost=0.43..393.89 rows=99 width=121)
	              Index Cond: ((id >= 1939682) AND (id <= 1939781))

table 8 : explain SELECT DISTINCT c FROM sbtest8 WHERE id BETWEEN 9066610 AND 9066709 ORDER BY c
	Unique  (cost=406.38..406.89 rows=101 width=121)
	  ->  Sort  (cost=406.38..406.63 rows=101 width=121)
	        Sort Key: c
	        ->  Index Scan using sbtest8_pkey on sbtest8  (cost=0.43..403.02 rows=101 width=121)
	              Index Cond: ((id >= 9066610) AND (id <= 9066709))

for: sum_ranges
table 1 : explain SELECT SUM(k) FROM sbtest1 WHERE id BETWEEN 5074209 AND 5074308
	Aggregate  (cost=391.86..391.87 rows=1 width=8)
	  ->  Index Scan using sbtest1_pkey on sbtest1  (cost=0.43..391.62 rows=98 width=4)
	        Index Cond: ((id >= 5074209) AND (id <= 5074308))

table 2 : explain SELECT SUM(k) FROM sbtest2 WHERE id BETWEEN 995166 AND 995265
	Aggregate  (cost=415.58..415.59 rows=1 width=8)
	  ->  Index Scan using sbtest2_pkey on sbtest2  (cost=0.43..415.32 rows=104 width=4)
	        Index Cond: ((id >= 995166) AND (id <= 995265))

table 3 : explain SELECT SUM(k) FROM sbtest3 WHERE id BETWEEN 1726779 AND 1726878
	Aggregate  (cost=403.11..403.12 rows=1 width=8)
	  ->  Index Scan using sbtest3_pkey on sbtest3  (cost=0.43..402.86 rows=101 width=4)
	        Index Cond: ((id >= 1726779) AND (id <= 1726878))

table 4 : explain SELECT SUM(k) FROM sbtest4 WHERE id BETWEEN 5443545 AND 5443644
	Aggregate  (cost=402.81..402.82 rows=1 width=8)
	  ->  Index Scan using sbtest4_pkey on sbtest4  (cost=0.43..402.56 rows=101 width=4)
	        Index Cond: ((id >= 5443545) AND (id <= 5443644))

table 5 : explain SELECT SUM(k) FROM sbtest5 WHERE id BETWEEN 3648495 AND 3648594
	Aggregate  (cost=422.42..422.43 rows=1 width=8)
	  ->  Index Scan using sbtest5_pkey on sbtest5  (cost=0.43..422.15 rows=106 width=4)
	        Index Cond: ((id >= 3648495) AND (id <= 3648594))

table 6 : explain SELECT SUM(k) FROM sbtest6 WHERE id BETWEEN 6710610 AND 6710709
	Aggregate  (cost=402.56..402.57 rows=1 width=8)
	  ->  Index Scan using sbtest6_pkey on sbtest6  (cost=0.43..402.31 rows=101 width=4)
	        Index Cond: ((id >= 6710610) AND (id <= 6710709))

table 7 : explain SELECT SUM(k) FROM sbtest7 WHERE id BETWEEN 4839706 AND 4839805
	Aggregate  (cost=394.14..394.15 rows=1 width=8)
	  ->  Index Scan using sbtest7_pkey on sbtest7  (cost=0.43..393.89 rows=99 width=4)
	        Index Cond: ((id >= 4839706) AND (id <= 4839805))

table 8 : explain SELECT SUM(k) FROM sbtest8 WHERE id BETWEEN 3277275 AND 3277374
	Aggregate  (cost=399.32..399.33 rows=1 width=8)
	  ->  Index Scan using sbtest8_pkey on sbtest8  (cost=0.43..399.07 rows=100 width=4)
	        Index Cond: ((id >= 3277275) AND (id <= 3277374))

for: sum_ranges
table 1 : explain SELECT SUM(k) FROM sbtest1 WHERE id BETWEEN 77159 AND 77258
	Aggregate  (cost=372.10..372.11 rows=1 width=8)
	  ->  Index Scan using sbtest1_pkey on sbtest1  (cost=0.43..371.87 rows=93 width=4)
	        Index Cond: ((id >= 77159) AND (id <= 77258))

table 2 : explain SELECT SUM(k) FROM sbtest2 WHERE id BETWEEN 6133315 AND 6133414
	Aggregate  (cost=407.67..407.68 rows=1 width=8)
	  ->  Index Scan using sbtest2_pkey on sbtest2  (cost=0.43..407.42 rows=102 width=4)
	        Index Cond: ((id >= 6133315) AND (id <= 6133414))

table 3 : explain SELECT SUM(k) FROM sbtest3 WHERE id BETWEEN 7369725 AND 7369824
	Aggregate  (cost=403.11..403.12 rows=1 width=8)
	  ->  Index Scan using sbtest3_pkey on sbtest3  (cost=0.43..402.86 rows=101 width=4)
	        Index Cond: ((id >= 7369725) AND (id <= 7369824))

table 4 : explain SELECT SUM(k) FROM sbtest4 WHERE id BETWEEN 5692080 AND 5692179
	Aggregate  (cost=398.87..398.88 rows=1 width=8)
	  ->  Index Scan using sbtest4_pkey on sbtest4  (cost=0.43..398.62 rows=100 width=4)
	        Index Cond: ((id >= 5692080) AND (id <= 5692179))

table 5 : explain SELECT SUM(k) FROM sbtest5 WHERE id BETWEEN 298110 AND 298209
	Aggregate  (cost=351.44..351.45 rows=1 width=8)
	  ->  Index Scan using sbtest5_pkey on sbtest5  (cost=0.43..351.22 rows=88 width=4)
	        Index Cond: ((id >= 298110) AND (id <= 298209))

table 6 : explain SELECT SUM(k) FROM sbtest6 WHERE id BETWEEN 1973663 AND 1973762
	Aggregate  (cost=374.96..374.97 rows=1 width=8)
	  ->  Index Scan using sbtest6_pkey on sbtest6  (cost=0.43..374.72 rows=94 width=4)
	        Index Cond: ((id >= 1973663) AND (id <= 1973762))

table 7 : explain SELECT SUM(k) FROM sbtest7 WHERE id BETWEEN 5532341 AND 5532440
	Aggregate  (cost=362.66..362.67 rows=1 width=8)
	  ->  Index Scan using sbtest7_pkey on sbtest7  (cost=0.43..362.43 rows=91 width=4)
	        Index Cond: ((id >= 5532341) AND (id <= 5532440))

table 8 : explain SELECT SUM(k) FROM sbtest8 WHERE id BETWEEN 3557601 AND 3557700
	Aggregate  (cost=411.17..411.18 rows=1 width=8)
	  ->  Index Scan using sbtest8_pkey on sbtest8  (cost=0.43..410.91 rows=103 width=4)
	        Index Cond: ((id >= 3557601) AND (id <= 3557700))

for: sum_ranges
table 1 : explain SELECT SUM(k) FROM sbtest1 WHERE id BETWEEN 8093047 AND 8093146
	Aggregate  (cost=376.05..376.06 rows=1 width=8)
	  ->  Index Scan using sbtest1_pkey on sbtest1  (cost=0.43..375.82 rows=94 width=4)
	        Index Cond: ((id >= 8093047) AND (id <= 8093146))

table 2 : explain SELECT SUM(k) FROM sbtest2 WHERE id BETWEEN 3144353 AND 3144452
	Aggregate  (cost=403.72..403.73 rows=1 width=8)
	  ->  Index Scan using sbtest2_pkey on sbtest2  (cost=0.43..403.47 rows=101 width=4)
	        Index Cond: ((id >= 3144353) AND (id <= 3144452))

table 3 : explain SELECT SUM(k) FROM sbtest3 WHERE id BETWEEN 6871896 AND 6871995
	Aggregate  (cost=383.38..383.39 rows=1 width=8)
	  ->  Index Scan using sbtest3_pkey on sbtest3  (cost=0.43..383.14 rows=96 width=4)
	        Index Cond: ((id >= 6871896) AND (id <= 6871995))

table 4 : explain SELECT SUM(k) FROM sbtest4 WHERE id BETWEEN 1915267 AND 1915366
	Aggregate  (cost=402.81..402.82 rows=1 width=8)
	  ->  Index Scan using sbtest4_pkey on sbtest4  (cost=0.43..402.56 rows=101 width=4)
	        Index Cond: ((id >= 1915267) AND (id <= 1915366))

table 5 : explain SELECT SUM(k) FROM sbtest5 WHERE id BETWEEN 4064382 AND 4064481
	Aggregate  (cost=382.98..382.99 rows=1 width=8)
	  ->  Index Scan using sbtest5_pkey on sbtest5  (cost=0.43..382.74 rows=96 width=4)
	        Index Cond: ((id >= 4064382) AND (id <= 4064481))

table 6 : explain SELECT SUM(k) FROM sbtest6 WHERE id BETWEEN 7297369 AND 7297468
	Aggregate  (cost=438.02..438.03 rows=1 width=8)
	  ->  Index Scan using sbtest6_pkey on sbtest6  (cost=0.43..437.75 rows=110 width=4)
	        Index Cond: ((id >= 7297369) AND (id <= 7297468))

table 7 : explain SELECT SUM(k) FROM sbtest7 WHERE id BETWEEN 1754248 AND 1754347
	Aggregate  (cost=405.97..405.98 rows=1 width=8)
	  ->  Index Scan using sbtest7_pkey on sbtest7  (cost=0.43..405.71 rows=102 width=4)
	        Index Cond: ((id >= 1754248) AND (id <= 1754347))

table 8 : explain SELECT SUM(k) FROM sbtest8 WHERE id BETWEEN 4012933 AND 4013032
	Aggregate  (cost=430.90..430.91 rows=1 width=8)
	  ->  Index Scan using sbtest8_pkey on sbtest8  (cost=0.43..430.63 rows=108 width=4)
	        Index Cond: ((id >= 4012933) AND (id <= 4013032))

for: sum_ranges
table 1 : explain SELECT SUM(k) FROM sbtest1 WHERE id BETWEEN 8767723 AND 8767822
	Aggregate  (cost=415.59..415.60 rows=1 width=8)
	  ->  Index Scan using sbtest1_pkey on sbtest1  (cost=0.43..415.33 rows=104 width=4)
	        Index Cond: ((id >= 8767723) AND (id <= 8767822))

table 2 : explain SELECT SUM(k) FROM sbtest2 WHERE id BETWEEN 2220735 AND 2220834
	Aggregate  (cost=387.89..387.90 rows=1 width=8)
	  ->  Index Scan using sbtest2_pkey on sbtest2  (cost=0.43..387.65 rows=97 width=4)
	        Index Cond: ((id >= 2220735) AND (id <= 2220834))

table 3 : explain SELECT SUM(k) FROM sbtest3 WHERE id BETWEEN 5123487 AND 5123586
	Aggregate  (cost=407.08..407.09 rows=1 width=8)
	  ->  Index Scan using sbtest3_pkey on sbtest3  (cost=0.43..406.82 rows=102 width=4)
	        Index Cond: ((id >= 5123487) AND (id <= 5123586))

table 4 : explain SELECT SUM(k) FROM sbtest4 WHERE id BETWEEN 9998130 AND 9998229
	Aggregate  (cost=375.19..375.20 rows=1 width=8)
	  ->  Index Scan using sbtest4_pkey on sbtest4  (cost=0.43..374.96 rows=94 width=4)
	        Index Cond: ((id >= 9998130) AND (id <= 9998229))

table 5 : explain SELECT SUM(k) FROM sbtest5 WHERE id BETWEEN 7964346 AND 7964445
	Aggregate  (cost=386.92..386.93 rows=1 width=8)
	  ->  Index Scan using sbtest5_pkey on sbtest5  (cost=0.43..386.68 rows=97 width=4)
	        Index Cond: ((id >= 7964346) AND (id <= 7964445))

table 6 : explain SELECT SUM(k) FROM sbtest6 WHERE id BETWEEN 4904270 AND 4904369
	Aggregate  (cost=363.14..363.15 rows=1 width=8)
	  ->  Index Scan using sbtest6_pkey on sbtest6  (cost=0.43..362.91 rows=91 width=4)
	        Index Cond: ((id >= 4904270) AND (id <= 4904369))

table 7 : explain SELECT SUM(k) FROM sbtest7 WHERE id BETWEEN 3869550 AND 3869649
	Aggregate  (cost=350.86..350.87 rows=1 width=8)
	  ->  Index Scan using sbtest7_pkey on sbtest7  (cost=0.43..350.64 rows=88 width=4)
	        Index Cond: ((id >= 3869550) AND (id <= 3869649))

table 8 : explain SELECT SUM(k) FROM sbtest8 WHERE id BETWEEN 3010296 AND 3010395
	Aggregate  (cost=438.80..438.81 rows=1 width=8)
	  ->  Index Scan using sbtest8_pkey on sbtest8  (cost=0.43..438.52 rows=110 width=4)
	        Index Cond: ((id >= 3010296) AND (id <= 3010395))

explain: for point_selects :: explain SELECT c FROM sbtest%u WHERE id=%u
for point_selects
table 1 : explain SELECT c FROM sbtest1 WHERE id=5263558
	Index Scan using sbtest1_pkey on sbtest1  (cost=0.43..8.45 rows=1 width=121)
	  Index Cond: (id = 5263558)

table 2 : explain SELECT c FROM sbtest2 WHERE id=5210072
	Index Scan using sbtest2_pkey on sbtest2  (cost=0.43..8.45 rows=1 width=121)
	  Index Cond: (id = 5210072)

table 3 : explain SELECT c FROM sbtest3 WHERE id=3981381
	Index Scan using sbtest3_pkey on sbtest3  (cost=0.43..8.45 rows=1 width=121)
	  Index Cond: (id = 3981381)

table 4 : explain SELECT c FROM sbtest4 WHERE id=8095083
	Index Scan using sbtest4_pkey on sbtest4  (cost=0.43..8.45 rows=1 width=121)
	  Index Cond: (id = 8095083)

table 5 : explain SELECT c FROM sbtest5 WHERE id=6392374
	Index Scan using sbtest5_pkey on sbtest5  (cost=0.43..8.45 rows=1 width=121)
	  Index Cond: (id = 6392374)

table 6 : explain SELECT c FROM sbtest6 WHERE id=526108
	Index Scan using sbtest6_pkey on sbtest6  (cost=0.43..8.45 rows=1 width=121)
	  Index Cond: (id = 526108)

table 7 : explain SELECT c FROM sbtest7 WHERE id=6644051
	Index Scan using sbtest7_pkey on sbtest7  (cost=0.43..8.45 rows=1 width=121)
	  Index Cond: (id = 6644051)

table 8 : explain SELECT c FROM sbtest8 WHERE id=3773286
	Index Scan using sbtest8_pkey on sbtest8  (cost=0.43..8.45 rows=1 width=121)
	  Index Cond: (id = 3773286)

for point_selects
table 1 : explain SELECT c FROM sbtest1 WHERE id=8843696
	Index Scan using sbtest1_pkey on sbtest1  (cost=0.43..8.45 rows=1 width=121)
	  Index Cond: (id = 8843696)

table 2 : explain SELECT c FROM sbtest2 WHERE id=3798508
	Index Scan using sbtest2_pkey on sbtest2  (cost=0.43..8.45 rows=1 width=121)
	  Index Cond: (id = 3798508)

table 3 : explain SELECT c FROM sbtest3 WHERE id=7008474
	Index Scan using sbtest3_pkey on sbtest3  (cost=0.43..8.45 rows=1 width=121)
	  Index Cond: (id = 7008474)

table 4 : explain SELECT c FROM sbtest4 WHERE id=6150658
	Index Scan using sbtest4_pkey on sbtest4  (cost=0.43..8.45 rows=1 width=121)
	  Index Cond: (id = 6150658)

table 5 : explain SELECT c FROM sbtest5 WHERE id=9259464
	Index Scan using sbtest5_pkey on sbtest5  (cost=0.43..8.45 rows=1 width=121)
	  Index Cond: (id = 9259464)

table 6 : explain SELECT c FROM sbtest6 WHERE id=6156192
	Index Scan using sbtest6_pkey on sbtest6  (cost=0.43..8.45 rows=1 width=121)
	  Index Cond: (id = 6156192)

table 7 : explain SELECT c FROM sbtest7 WHERE id=2397043
	Index Scan using sbtest7_pkey on sbtest7  (cost=0.43..8.45 rows=1 width=121)
	  Index Cond: (id = 2397043)

table 8 : explain SELECT c FROM sbtest8 WHERE id=7005452
	Index Scan using sbtest8_pkey on sbtest8  (cost=0.43..8.45 rows=1 width=121)
	  Index Cond: (id = 7005452)

for: order_ranges
table 1 : explain SELECT c FROM sbtest1 WHERE id BETWEEN 7382779 AND 7382878 ORDER BY c
	Sort  (cost=418.82..419.08 rows=104 width=121)
	  Sort Key: c
	  ->  Index Scan using sbtest1_pkey on sbtest1  (cost=0.43..415.33 rows=104 width=121)
	        Index Cond: ((id >= 7382779) AND (id <= 7382878))

table 2 : explain SELECT c FROM sbtest2 WHERE id BETWEEN 566470 AND 566569 ORDER BY c
	Sort  (cost=410.82..411.08 rows=102 width=121)
	  Sort Key: c
	  ->  Index Scan using sbtest2_pkey on sbtest2  (cost=0.43..407.42 rows=102 width=121)
	        Index Cond: ((id >= 566470) AND (id <= 566569))

table 3 : explain SELECT c FROM sbtest3 WHERE id BETWEEN 6020735 AND 6020834 ORDER BY c
	Sort  (cost=390.29..390.53 rows=97 width=121)
	  Sort Key: c
	  ->  Index Scan using sbtest3_pkey on sbtest3  (cost=0.43..387.09 rows=97 width=121)
	        Index Cond: ((id >= 6020735) AND (id <= 6020834))

table 4 : explain SELECT c FROM sbtest4 WHERE id BETWEEN 626734 AND 626833 ORDER BY c
	Sort  (cost=433.79..434.06 rows=108 width=121)
	  Sort Key: c
	  ->  Index Scan using sbtest4_pkey on sbtest4  (cost=0.43..430.14 rows=108 width=121)
	        Index Cond: ((id >= 626734) AND (id <= 626833))

table 5 : explain SELECT c FROM sbtest5 WHERE id BETWEEN 9447610 AND 9447709 ORDER BY c
	Sort  (cost=397.86..398.11 rows=99 width=121)
	  Sort Key: c
	  ->  Index Scan using sbtest5_pkey on sbtest5  (cost=0.43..394.58 rows=99 width=121)
	        Index Cond: ((id >= 9447610) AND (id <= 9447709))

table 6 : explain SELECT c FROM sbtest6 WHERE id BETWEEN 8214935 AND 8215034 ORDER BY c
	Sort  (cost=389.74..389.98 rows=97 width=121)
	  Sort Key: c
	  ->  Index Scan using sbtest6_pkey on sbtest6  (cost=0.43..386.54 rows=97 width=121)
	        Index Cond: ((id >= 8214935) AND (id <= 8215034))

table 7 : explain SELECT c FROM sbtest7 WHERE id BETWEEN 2140934 AND 2141033 ORDER BY c
	Sort  (cost=428.98..429.25 rows=107 width=121)
	  Sort Key: c
	  ->  Index Scan using sbtest7_pkey on sbtest7  (cost=0.43..425.38 rows=107 width=121)
	        Index Cond: ((id >= 2140934) AND (id <= 2141033))

table 8 : explain SELECT c FROM sbtest8 WHERE id BETWEEN 792779 AND 792878 ORDER BY c
	Sort  (cost=418.34..418.60 rows=104 width=121)
	  Sort Key: c
	  ->  Index Scan using sbtest8_pkey on sbtest8  (cost=0.43..414.85 rows=104 width=121)
	        Index Cond: ((id >= 792779) AND (id <= 792878))

explain: for point_selects :: explain SELECT c FROM sbtest%u WHERE id=%u
explain: for point_selects :: explain SELECT c FROM sbtest%u WHERE id=%u
for: order_ranges
table 1 : explain SELECT c FROM sbtest1 WHERE id BETWEEN 5636736 AND 5636835 ORDER BY c
	Sort  (cost=422.81..423.07 rows=105 width=121)
	  Sort Key: c
	  ->  Index Scan using sbtest1_pkey on sbtest1  (cost=0.43..419.28 rows=105 width=121)
	        Index Cond: ((id >= 5636736) AND (id <= 5636835))

table 2 : explain SELECT c FROM sbtest2 WHERE id BETWEEN 4086598 AND 4086697 ORDER BY c
	Sort  (cost=398.83..399.08 rows=99 width=121)
	  Sort Key: c
	  ->  Index Scan using sbtest2_pkey on sbtest2  (cost=0.43..395.55 rows=99 width=121)
	        Index Cond: ((id >= 4086598) AND (id <= 4086697))

table 3 : explain SELECT c FROM sbtest3 WHERE id BETWEEN 8654077 AND 8654176 ORDER BY c
	Sort  (cost=374.35..374.59 rows=93 width=121)
	  Sort Key: c
	  ->  Index Scan using sbtest3_pkey on sbtest3  (cost=0.43..371.31 rows=93 width=121)
	        Index Cond: ((id >= 8654077) AND (id <= 8654176))

table 4 : explain SELECT c FROM sbtest4 WHERE id BETWEEN 5934680 AND 5934779 ORDER BY c
	Sort  (cost=401.92..402.17 rows=100 width=121)
	  Sort Key: c
	  ->  Index Scan using sbtest4_pkey on sbtest4  (cost=0.43..398.60 rows=100 width=121)
	        Index Cond: ((id >= 5934680) AND (id <= 5934779))

table 5 : explain SELECT c FROM sbtest5 WHERE id BETWEEN 8608357 AND 8608456 ORDER BY c
	Sort  (cost=413.78..414.03 rows=103 width=121)
	  Sort Key: c
	  ->  Index Scan using sbtest5_pkey on sbtest5  (cost=0.43..410.33 rows=103 width=121)
	        Index Cond: ((id >= 8608357) AND (id <= 8608456))

table 6 : explain SELECT c FROM sbtest6 WHERE id BETWEEN 6646560 AND 6646659 ORDER BY c
	Sort  (cost=405.67..405.92 rows=101 width=121)
	  Sort Key: c
	  ->  Index Scan using sbtest6_pkey on sbtest6  (cost=0.43..402.31 rows=101 width=121)
	        Index Cond: ((id >= 6646560) AND (id <= 6646659))

table 7 : explain SELECT c FROM sbtest7 WHERE id BETWEEN 2631519 AND 2631618 ORDER BY c
	Sort  (cost=389.23..389.47 rows=97 width=121)
	  Sort Key: c
	  ->  Index Scan using sbtest7_pkey on sbtest7  (cost=0.43..386.03 rows=97 width=121)
	        Index Cond: ((id >= 2631519) AND (id <= 2631618))

table 8 : explain SELECT c FROM sbtest8 WHERE id BETWEEN 1771589 AND 1771688 ORDER BY c
	Sort  (cost=458.20..458.48 rows=114 width=121)
	  Sort Key: c
	  ->  Index Scan using sbtest8_pkey on sbtest8  (cost=0.43..454.30 rows=114 width=121)
	        Index Cond: ((id >= 1771589) AND (id <= 1771688))

explain: for point_selects :: explain SELECT c FROM sbtest%u WHERE id=%u
explain: for point_selects :: explain SELECT c FROM sbtest%u WHERE id=%u
for: order_ranges
table 1 : explain SELECT c FROM sbtest1 WHERE id BETWEEN 7857132 AND 7857231 ORDER BY c
	Sort  (cost=430.79..431.06 rows=107 width=121)
	  Sort Key: c
	  ->  Index Scan using sbtest1_pkey on sbtest1  (cost=0.43..427.18 rows=107 width=121)
	        Index Cond: ((id >= 7857132) AND (id <= 7857231))

table 2 : explain SELECT c FROM sbtest2 WHERE id BETWEEN 3019914 AND 3020013 ORDER BY c
	Sort  (cost=382.87..383.11 rows=95 width=121)
	  Sort Key: c
	  ->  Index Scan using sbtest2_pkey on sbtest2  (cost=0.43..379.75 rows=95 width=121)
	        Index Cond: ((id >= 3019914) AND (id <= 3020013))

table 3 : explain SELECT c FROM sbtest3 WHERE id BETWEEN 8780498 AND 8780597 ORDER BY c
	Sort  (cost=390.29..390.53 rows=97 width=121)
	  Sort Key: c
	  ->  Index Scan using sbtest3_pkey on sbtest3  (cost=0.43..387.09 rows=97 width=121)
	        Index Cond: ((id >= 8780498) AND (id <= 8780597))

table 4 : explain SELECT c FROM sbtest4 WHERE id BETWEEN 420970 AND 421069 ORDER BY c
	Sort  (cost=401.92..402.17 rows=100 width=121)
	  Sort Key: c
	  ->  Index Scan using sbtest4_pkey on sbtest4  (cost=0.43..398.60 rows=100 width=121)
	        Index Cond: ((id >= 420970) AND (id <= 421069))

table 5 : explain SELECT c FROM sbtest5 WHERE id BETWEEN 1343626 AND 1343725 ORDER BY c
	Sort  (cost=358.04..358.27 rows=89 width=121)
	  Sort Key: c
	  ->  Index Scan using sbtest5_pkey on sbtest5  (cost=0.43..355.16 rows=89 width=121)
	        Index Cond: ((id >= 1343626) AND (id <= 1343725))

table 6 : explain SELECT c FROM sbtest6 WHERE id BETWEEN 1903768 AND 1903867 ORDER BY c
	Sort  (cost=417.61..417.87 rows=104 width=121)
	  Sort Key: c
	  ->  Index Scan using sbtest6_pkey on sbtest6  (cost=0.43..414.12 rows=104 width=121)
	        Index Cond: ((id >= 1903768) AND (id <= 1903867))

table 7 : explain SELECT c FROM sbtest7 WHERE id BETWEEN 709132 AND 709231 ORDER BY c
	Sort  (cost=377.31..377.55 rows=94 width=121)
	  Sort Key: c
	  ->  Index Scan using sbtest7_pkey on sbtest7  (cost=0.43..374.23 rows=94 width=121)
	        Index Cond: ((id >= 709132) AND (id <= 709231))

table 8 : explain SELECT c FROM sbtest8 WHERE id BETWEEN 3880722 AND 3880821 ORDER BY c
	Sort  (cost=394.40..394.65 rows=98 width=121)
	  Sort Key: c
	  ->  Index Scan using sbtest8_pkey on sbtest8  (cost=0.43..391.16 rows=98 width=121)
	        Index Cond: ((id >= 3880722) AND (id <= 3880821))

for: simple_ranges
table 1 : explain SELECT c FROM sbtest1 WHERE id BETWEEN 1658419 AND 1658518
	Index Scan using sbtest1_pkey on sbtest1  (cost=0.43..399.52 rows=100 width=121)
	  Index Cond: ((id >= 1658419) AND (id <= 1658518))

table 2 : explain SELECT c FROM sbtest2 WHERE id BETWEEN 8548486 AND 8548585
	Index Scan using sbtest2_pkey on sbtest2  (cost=0.43..391.60 rows=98 width=121)
	  Index Cond: ((id >= 8548486) AND (id <= 8548585))

table 3 : explain SELECT c FROM sbtest3 WHERE id BETWEEN 6258563 AND 6258662
	Index Scan using sbtest3_pkey on sbtest3  (cost=0.43..414.71 rows=104 width=121)
	  Index Cond: ((id >= 6258563) AND (id <= 6258662))

table 4 : explain SELECT c FROM sbtest4 WHERE id BETWEEN 5165110 AND 5165209
	Index Scan using sbtest4_pkey on sbtest4  (cost=0.43..453.79 rows=114 width=121)
	  Index Cond: ((id >= 5165110) AND (id <= 5165209))

table 5 : explain SELECT c FROM sbtest5 WHERE id BETWEEN 7710975 AND 7711074
	Index Scan using sbtest5_pkey on sbtest5  (cost=0.43..378.80 rows=95 width=121)
	  Index Cond: ((id >= 7710975) AND (id <= 7711074))

table 6 : explain SELECT c FROM sbtest6 WHERE id BETWEEN 2679712 AND 2679811
	Index Scan using sbtest6_pkey on sbtest6  (cost=0.43..469.25 rows=118 width=121)
	  Index Cond: ((id >= 2679712) AND (id <= 2679811))

table 7 : explain SELECT c FROM sbtest7 WHERE id BETWEEN 7997858 AND 7997957
	Index Scan using sbtest7_pkey on sbtest7  (cost=0.43..350.64 rows=88 width=121)
	  Index Cond: ((id >= 7997858) AND (id <= 7997957))

table 8 : explain SELECT c FROM sbtest8 WHERE id BETWEEN 8045859 AND 8045958
	Index Scan using sbtest8_pkey on sbtest8  (cost=0.43..403.02 rows=101 width=121)
	  Index Cond: ((id >= 8045859) AND (id <= 8045958))

for: order_ranges
table 1 : explain SELECT c FROM sbtest1 WHERE id BETWEEN 2366795 AND 2366894 ORDER BY c
	Sort  (cost=438.77..439.04 rows=109 width=121)
	  Sort Key: c
	  ->  Index Scan using sbtest1_pkey on sbtest1  (cost=0.43..435.08 rows=109 width=121)
	        Index Cond: ((id >= 2366795) AND (id <= 2366894))

table 2 : explain SELECT c FROM sbtest2 WHERE id BETWEEN 1608034 AND 1608133 ORDER BY c
	Sort  (cost=410.82..411.08 rows=102 width=121)
	  Sort Key: c
	  ->  Index Scan using sbtest2_pkey on sbtest2  (cost=0.43..407.42 rows=102 width=121)
	        Index Cond: ((id >= 1608034) AND (id <= 1608133))

table 3 : explain SELECT c FROM sbtest3 WHERE id BETWEEN 5666324 AND 5666423 ORDER BY c
	Sort  (cost=418.20..418.46 rows=104 width=121)
	  Sort Key: c
	  ->  Index Scan using sbtest3_pkey on sbtest3  (cost=0.43..414.71 rows=104 width=121)
	        Index Cond: ((id >= 5666324) AND (id <= 5666423))

table 4 : explain SELECT c FROM sbtest4 WHERE id BETWEEN 4702147 AND 4702246 ORDER BY c
	Sort  (cost=358.14..358.36 rows=89 width=121)
	  Sort Key: c
	  ->  Index Scan using sbtest4_pkey on sbtest4  (cost=0.43..355.25 rows=89 width=121)
	        Index Cond: ((id >= 4702147) AND (id <= 4702246))

table 5 : explain SELECT c FROM sbtest5 WHERE id BETWEEN 3988122 AND 3988221 ORDER BY c
	Sort  (cost=385.90..386.14 rows=96 width=121)
	  Sort Key: c
	  ->  Index Scan using sbtest5_pkey on sbtest5  (cost=0.43..382.74 rows=96 width=121)
	        Index Cond: ((id >= 3988122) AND (id <= 3988221))

table 6 : explain SELECT c FROM sbtest6 WHERE id BETWEEN 4600226 AND 4600325 ORDER BY c
	Sort  (cost=413.63..413.88 rows=103 width=121)
	  Sort Key: c
	  ->  Index Scan using sbtest6_pkey on sbtest6  (cost=0.43..410.18 rows=103 width=121)
	        Index Cond: ((id >= 4600226) AND (id <= 4600325))

table 7 : explain SELECT c FROM sbtest7 WHERE id BETWEEN 2307086 AND 2307185 ORDER BY c
	Sort  (cost=417.06..417.32 rows=104 width=121)
	  Sort Key: c
	  ->  Index Scan using sbtest7_pkey on sbtest7  (cost=0.43..413.58 rows=104 width=121)
	        Index Cond: ((id >= 2307086) AND (id <= 2307185))

table 8 : explain SELECT c FROM sbtest8 WHERE id BETWEEN 1845203 AND 1845302 ORDER BY c
	Sort  (cost=390.42..390.66 rows=97 width=121)
	  Sort Key: c
	  ->  Index Scan using sbtest8_pkey on sbtest8  (cost=0.43..387.22 rows=97 width=121)
	        Index Cond: ((id >= 1845203) AND (id <= 1845302))

for: simple_ranges
table 1 : explain SELECT c FROM sbtest1 WHERE id BETWEEN 9044272 AND 9044371
	Index Scan using sbtest1_pkey on sbtest1  (cost=0.43..423.23 rows=106 width=121)
	  Index Cond: ((id >= 9044272) AND (id <= 9044371))

table 2 : explain SELECT c FROM sbtest2 WHERE id BETWEEN 2941626 AND 2941725
	Index Scan using sbtest2_pkey on sbtest2  (cost=0.43..379.75 rows=95 width=121)
	  Index Cond: ((id >= 2941626) AND (id <= 2941725))

table 3 : explain SELECT c FROM sbtest3 WHERE id BETWEEN 951274 AND 951373
	Index Scan using sbtest3_pkey on sbtest3  (cost=0.43..387.09 rows=97 width=121)
	  Index Cond: ((id >= 951274) AND (id <= 951373))

table 4 : explain SELECT c FROM sbtest4 WHERE id BETWEEN 709187 AND 709286
	Index Scan using sbtest4_pkey on sbtest4  (cost=0.43..438.02 rows=110 width=121)
	  Index Cond: ((id >= 709187) AND (id <= 709286))

table 5 : explain SELECT c FROM sbtest5 WHERE id BETWEEN 452283 AND 452382
	Index Scan using sbtest5_pkey on sbtest5  (cost=0.43..386.68 rows=97 width=121)
	  Index Cond: ((id >= 452283) AND (id <= 452382))

table 6 : explain SELECT c FROM sbtest6 WHERE id BETWEEN 2688312 AND 2688411
	Index Scan using sbtest6_pkey on sbtest6  (cost=0.43..469.25 rows=118 width=121)
	  Index Cond: ((id >= 2688312) AND (id <= 2688411))

table 7 : explain SELECT c FROM sbtest7 WHERE id BETWEEN 9282485 AND 9282584
	Index Scan using sbtest7_pkey on sbtest7  (cost=0.43..374.23 rows=94 width=121)
	  Index Cond: ((id >= 9282485) AND (id <= 9282584))

table 8 : explain SELECT c FROM sbtest8 WHERE id BETWEEN 9885400 AND 9885499
	Index Scan using sbtest8_pkey on sbtest8  (cost=0.43..391.16 rows=98 width=121)
	  Index Cond: ((id >= 9885400) AND (id <= 9885499))

explain: for point_selects :: explain SELECT c FROM sbtest%u WHERE id=%u
explain: for point_selects :: explain SELECT c FROM sbtest%u WHERE id=%u
explain: for point_selects :: explain SELECT c FROM sbtest%u WHERE id=%u
for: distinct_ranges
table 1 : explain SELECT DISTINCT c FROM sbtest1 WHERE id BETWEEN 3052079 AND 3052178 ORDER BY c
	Unique  (cost=406.85..407.35 rows=101 width=121)
	  ->  Sort  (cost=406.85..407.10 rows=101 width=121)
	        Sort Key: c
	        ->  Index Scan using sbtest1_pkey on sbtest1  (cost=0.43..403.48 rows=101 width=121)
	              Index Cond: ((id >= 3052079) AND (id <= 3052178))

table 2 : explain SELECT DISTINCT c FROM sbtest2 WHERE id BETWEEN 7806545 AND 7806644 ORDER BY c
	Unique  (cost=418.80..419.32 rows=104 width=121)
	  ->  Sort  (cost=418.80..419.06 rows=104 width=121)
	        Sort Key: c
	        ->  Index Scan using sbtest2_pkey on sbtest2  (cost=0.43..415.32 rows=104 width=121)
	              Index Cond: ((id >= 7806545) AND (id <= 7806644))

table 3 : explain SELECT DISTINCT c FROM sbtest3 WHERE id BETWEEN 7003740 AND 7003839 ORDER BY c
	Unique  (cost=378.34..378.81 rows=94 width=121)
	  ->  Sort  (cost=378.34..378.57 rows=94 width=121)
	        Sort Key: c
	        ->  Index Scan using sbtest3_pkey on sbtest3  (cost=0.43..375.26 rows=94 width=121)
	              Index Cond: ((id >= 7003740) AND (id <= 7003839))

table 4 : explain SELECT DISTINCT c FROM sbtest4 WHERE id BETWEEN 2879753 AND 2879852 ORDER BY c
	Unique  (cost=378.04..378.51 rows=94 width=121)
	  ->  Sort  (cost=378.04..378.27 rows=94 width=121)
	        Sort Key: c
	        ->  Index Scan using sbtest4_pkey on sbtest4  (cost=0.43..374.96 rows=94 width=121)
	              Index Cond: ((id >= 2879753) AND (id <= 2879852))

table 5 : explain SELECT DISTINCT c FROM sbtest5 WHERE id BETWEEN 5082478 AND 5082577 ORDER BY c
	Unique  (cost=401.84..402.34 rows=100 width=121)
	  ->  Sort  (cost=401.84..402.09 rows=100 width=121)
	        Sort Key: c
	        ->  Index Scan using sbtest5_pkey on sbtest5  (cost=0.43..398.52 rows=100 width=121)
	              Index Cond: ((id >= 5082478) AND (id <= 5082577))

table 6 : explain SELECT DISTINCT c FROM sbtest6 WHERE id BETWEEN 7672405 AND 7672504 ORDER BY c
	Unique  (cost=389.74..390.22 rows=97 width=121)
	  ->  Sort  (cost=389.74..389.98 rows=97 width=121)
	        Sort Key: c
	        ->  Index Scan using sbtest6_pkey on sbtest6  (cost=0.43..386.54 rows=97 width=121)
	              Index Cond: ((id >= 7672405) AND (id <= 7672504))

table 7 : explain SELECT DISTINCT c FROM sbtest7 WHERE id BETWEEN 5943591 AND 5943690 ORDER BY c
	Unique  (cost=401.15..401.65 rows=100 width=121)
	  ->  Sort  (cost=401.15..401.40 rows=100 width=121)
	        Sort Key: c
	        ->  Index Scan using sbtest7_pkey on sbtest7  (cost=0.43..397.83 rows=100 width=121)
	              Index Cond: ((id >= 5943591) AND (id <= 5943690))

table 8 : explain SELECT DISTINCT c FROM sbtest8 WHERE id BETWEEN 426089 AND 426188 ORDER BY c
	Unique  (cost=378.46..378.93 rows=94 width=121)
	  ->  Sort  (cost=378.46..378.70 rows=94 width=121)
	        Sort Key: c
	        ->  Index Scan using sbtest8_pkey on sbtest8  (cost=0.43..375.38 rows=94 width=121)
	              Index Cond: ((id >= 426089) AND (id <= 426188))

for point_selects
table 1 : explain SELECT c FROM sbtest1 WHERE id=6400709
	Index Scan using sbtest1_pkey on sbtest1  (cost=0.43..8.45 rows=1 width=121)
	  Index Cond: (id = 6400709)

table 2 : explain SELECT c FROM sbtest2 WHERE id=6255316
	Index Scan using sbtest2_pkey on sbtest2  (cost=0.43..8.45 rows=1 width=121)
	  Index Cond: (id = 6255316)

table 3 : explain SELECT c FROM sbtest3 WHERE id=5349182
	Index Scan using sbtest3_pkey on sbtest3  (cost=0.43..8.45 rows=1 width=121)
	  Index Cond: (id = 5349182)

table 4 : explain SELECT c FROM sbtest4 WHERE id=6859164
	Index Scan using sbtest4_pkey on sbtest4  (cost=0.43..8.45 rows=1 width=121)
	  Index Cond: (id = 6859164)

table 5 : explain SELECT c FROM sbtest5 WHERE id=50189
	Index Scan using sbtest5_pkey on sbtest5  (cost=0.43..8.45 rows=1 width=121)
	  Index Cond: (id = 50189)

table 6 : explain SELECT c FROM sbtest6 WHERE id=502568
	Index Scan using sbtest6_pkey on sbtest6  (cost=0.43..8.45 rows=1 width=121)
	  Index Cond: (id = 502568)

table 7 : explain SELECT c FROM sbtest7 WHERE id=8186273
	Index Scan using sbtest7_pkey on sbtest7  (cost=0.43..8.45 rows=1 width=121)
	  Index Cond: (id = 8186273)

table 8 : explain SELECT c FROM sbtest8 WHERE id=2961054
	Index Scan using sbtest8_pkey on sbtest8  (cost=0.43..8.45 rows=1 width=121)
	  Index Cond: (id = 2961054)
explain: for point_selects :: explain SELECT c FROM sbtest%u WHERE id=%u

for: distinct_ranges
table 1 : explain SELECT DISTINCT c FROM sbtest1 WHERE id BETWEEN 4115301 AND 4115400 ORDER BY c
	Unique  (cost=406.85..407.35 rows=101 width=121)
	  ->  Sort  (cost=406.85..407.10 rows=101 width=121)
	        Sort Key: c
	        ->  Index Scan using sbtest1_pkey on sbtest1  (cost=0.43..403.48 rows=101 width=121)
	              Index Cond: ((id >= 4115301) AND (id <= 4115400))

table 2 : explain SELECT DISTINCT c FROM sbtest2 WHERE id BETWEEN 8904052 AND 8904151 ORDER BY c
	Unique  (cost=414.81..415.33 rows=103 width=121)
	  ->  Sort  (cost=414.81..415.07 rows=103 width=121)
	        Sort Key: c
	        ->  Index Scan using sbtest2_pkey on sbtest2  (cost=0.43..411.37 rows=103 width=121)
	              Index Cond: ((id >= 8904052) AND (id <= 8904151))

table 3 : explain SELECT DISTINCT c FROM sbtest3 WHERE id BETWEEN 3778044 AND 3778143 ORDER BY c
	Unique  (cost=378.34..378.81 rows=94 width=121)
	  ->  Sort  (cost=378.34..378.57 rows=94 width=121)
	        Sort Key: c
	        ->  Index Scan using sbtest3_pkey on sbtest3  (cost=0.43..375.26 rows=94 width=121)
	              Index Cond: ((id >= 3778044) AND (id <= 3778143))

table 4 : explain SELECT DISTINCT c FROM sbtest4 WHERE id BETWEEN 4696751 AND 4696850 ORDER BY c
	Unique  (cost=358.14..358.58 rows=89 width=121)
	  ->  Sort  (cost=358.14..358.36 rows=89 width=121)
	        Sort Key: c
	        ->  Index Scan using sbtest4_pkey on sbtest4  (cost=0.43..355.25 rows=89 width=121)
	              Index Cond: ((id >= 4696751) AND (id <= 4696850))

table 5 : explain SELECT DISTINCT c FROM sbtest5 WHERE id BETWEEN 4857765 AND 4857864 ORDER BY c
	Unique  (cost=433.68..434.22 rows=108 width=121)
	  ->  Sort  (cost=433.68..433.95 rows=108 width=121)
	        Sort Key: c
	        ->  Index Scan using sbtest5_pkey on sbtest5  (cost=0.43..430.03 rows=108 width=121)
	              Index Cond: ((id >= 4857765) AND (id <= 4857864))

table 6 : explain SELECT DISTINCT c FROM sbtest6 WHERE id BETWEEN 3095860 AND 3095959 ORDER BY c
	Unique  (cost=397.69..398.19 rows=99 width=121)
	  ->  Sort  (cost=397.69..397.94 rows=99 width=121)
	        Sort Key: c
	        ->  Index Scan using sbtest6_pkey on sbtest6  (cost=0.43..394.41 rows=99 width=121)
	              Index Cond: ((id >= 3095860) AND (id <= 3095959))

table 7 : explain SELECT DISTINCT c FROM sbtest7 WHERE id BETWEEN 1299577 AND 1299676 ORDER BY c
	Unique  (cost=385.26..385.74 rows=96 width=121)
	  ->  Sort  (cost=385.26..385.50 rows=96 width=121)
	        Sort Key: c
	        ->  Index Scan using sbtest7_pkey on sbtest7  (cost=0.43..382.10 rows=96 width=121)
	              Index Cond: ((id >= 1299577) AND (id <= 1299676))

table 8 : explain SELECT DISTINCT c FROM sbtest8 WHERE id BETWEEN 1832713 AND 1832812 ORDER BY c
	Unique  (cost=390.42..390.90 rows=97 width=121)
	  ->  Sort  (cost=390.42..390.66 rows=97 width=121)
	        Sort Key: c
	        ->  Index Scan using sbtest8_pkey on sbtest8  (cost=0.43..387.22 rows=97 width=121)
	              Index Cond: ((id >= 1832713) AND (id <= 1832812))
for: distinct_ranges
table 1 : explain SELECT DISTINCT c FROM sbtest1 WHERE id BETWEEN 6714654 AND 6714753 ORDER BY c
	Unique  (cost=398.85..399.34 rows=99 width=121)
	  ->  Sort  (cost=398.85..399.10 rows=99 width=121)
	        Sort Key: c
	        ->  Index Scan using sbtest1_pkey on sbtest1  (cost=0.43..395.57 rows=99 width=121)
	              Index Cond: ((id >= 6714654) AND (id <= 6714753))

table 2 : explain SELECT DISTINCT c FROM sbtest2 WHERE id BETWEEN 8614955 AND 8615054 ORDER BY c
	Unique  (cost=402.84..403.34 rows=100 width=121)
	  ->  Sort  (cost=402.84..403.09 rows=100 width=121)
	        Sort Key: c
	        ->  Index Scan using sbtest2_pkey on sbtest2  (cost=0.43..399.52 rows=100 width=121)
	              Index Cond: ((id >= 8614955) AND (id <= 8615054))

table 3 : explain SELECT DISTINCT c FROM sbtest3 WHERE id BETWEEN 7160766 AND 7160865 ORDER BY c
	Unique  (cost=386.30..386.78 rows=96 width=121)
	  ->  Sort  (cost=386.30..386.54 rows=96 width=121)
	        Sort Key: c
	        ->  Index Scan using sbtest3_pkey on sbtest3  (cost=0.43..383.14 rows=96 width=121)
	              Index Cond: ((id >= 7160766) AND (id <= 7160865))

table 4 : explain SELECT DISTINCT c FROM sbtest4 WHERE id BETWEEN 3000642 AND 3000741 ORDER BY c
	Unique  (cost=393.96..394.45 rows=98 width=121)
	  ->  Sort  (cost=393.96..394.20 rows=98 width=121)
	        Sort Key: c
	        ->  Index Scan using sbtest4_pkey on sbtest4  (cost=0.43..390.72 rows=98 width=121)
	              Index Cond: ((id >= 3000642) AND (id <= 3000741))

table 5 : explain SELECT DISTINCT c FROM sbtest5 WHERE id BETWEEN 5971437 AND 5971536 ORDER BY c
	Unique  (cost=385.90..386.38 rows=96 width=121)
	  ->  Sort  (cost=385.90..386.14 rows=96 width=121)
	        Sort Key: c
	        ->  Index Scan using sbtest5_pkey on sbtest5  (cost=0.43..382.74 rows=96 width=121)
	              Index Cond: ((id >= 5971437) AND (id <= 5971536))

table 6 : explain SELECT DISTINCT c FROM sbtest6 WHERE id BETWEEN 3110193 AND 3110292 ORDER BY c
	Unique  (cost=397.69..398.19 rows=99 width=121)
	  ->  Sort  (cost=397.69..397.94 rows=99 width=121)
	        Sort Key: c
	        ->  Index Scan using sbtest6_pkey on sbtest6  (cost=0.43..394.41 rows=99 width=121)
	              Index Cond: ((id >= 3110193) AND (id <= 3110292))

table 7 : explain SELECT DISTINCT c FROM sbtest7 WHERE id BETWEEN 8056490 AND 8056589 ORDER BY c
	Unique  (cost=397.18..397.67 rows=99 width=121)
	  ->  Sort  (cost=397.18..397.42 rows=99 width=121)
	        Sort Key: c
	        ->  Index Scan using sbtest7_pkey on sbtest7  (cost=0.43..393.89 rows=99 width=121)
	              Index Cond: ((id >= 8056490) AND (id <= 8056589))

table 8 : explain SELECT DISTINCT c FROM sbtest8 WHERE id BETWEEN 980164 AND 980263 ORDER BY c
	Unique  (cost=438.27..438.81 rows=109 width=121)
	  ->  Sort  (cost=438.27..438.54 rows=109 width=121)
	        Sort Key: c
	        ->  Index Scan using sbtest8_pkey on sbtest8  (cost=0.43..434.58 rows=109 width=121)
	              Index Cond: ((id >= 980164) AND (id <= 980263))


for: distinct_ranges
table 1 : explain SELECT DISTINCT c FROM sbtest1 WHERE id BETWEEN 256877 AND 256976 ORDER BY c
	Unique  (cost=442.76..443.31 rows=110 width=121)
	  ->  Sort  (cost=442.76..443.04 rows=110 width=121)
	        Sort Key: c
	        ->  Index Scan using sbtest1_pkey on sbtest1  (cost=0.43..439.03 rows=110 width=121)
	              Index Cond: ((id >= 256877) AND (id <= 256976))

table 2 : explain SELECT DISTINCT c FROM sbtest2 WHERE id BETWEEN 7055381 AND 7055480 ORDER BY c
	Unique  (cost=398.83..399.33 rows=99 width=121)
	  ->  Sort  (cost=398.83..399.08 rows=99 width=121)
	        Sort Key: c
	        ->  Index Scan using sbtest2_pkey on sbtest2  (cost=0.43..395.55 rows=99 width=121)
	              Index Cond: ((id >= 7055381) AND (id <= 7055480))

table 3 : explain SELECT DISTINCT c FROM sbtest3 WHERE id BETWEEN 3247769 AND 3247868 ORDER BY c
	Unique  (cost=426.16..426.69 rows=106 width=121)
	  ->  Sort  (cost=426.16..426.43 rows=106 width=121)
	        Sort Key: c
	        ->  Index Scan using sbtest3_pkey on sbtest3  (cost=0.43..422.60 rows=106 width=121)
	              Index Cond: ((id >= 3247769) AND (id <= 3247868))

table 4 : explain SELECT DISTINCT c FROM sbtest4 WHERE id BETWEEN 7776093 AND 7776192 ORDER BY c
	Unique  (cost=417.86..418.38 rows=104 width=121)
	  ->  Sort  (cost=417.86..418.12 rows=104 width=121)
	        Sort Key: c
	        ->  Index Scan using sbtest4_pkey on sbtest4  (cost=0.43..414.38 rows=104 width=121)
	              Index Cond: ((id >= 7776093) AND (id <= 7776192))

table 5 : explain SELECT DISTINCT c FROM sbtest5 WHERE id BETWEEN 6458025 AND 6458124 ORDER BY c
	Unique  (cost=409.80..410.31 rows=102 width=121)
	  ->  Sort  (cost=409.80..410.05 rows=102 width=121)
	        Sort Key: c
	        ->  Index Scan using sbtest5_pkey on sbtest5  (cost=0.43..406.39 rows=102 width=121)
	              Index Cond: ((id >= 6458025) AND (id <= 6458124))

table 6 : explain SELECT DISTINCT c FROM sbtest6 WHERE id BETWEEN 7566538 AND 7566637 ORDER BY c
	Unique  (cost=425.56..426.09 rows=106 width=121)
	  ->  Sort  (cost=425.56..425.83 rows=106 width=121)
	        Sort Key: c
	        ->  Index Scan using sbtest6_pkey on sbtest6  (cost=0.43..422.00 rows=106 width=121)
	              Index Cond: ((id >= 7566538) AND (id <= 7566637))

table 7 : explain SELECT DISTINCT c FROM sbtest7 WHERE id BETWEEN 3148949 AND 3149048 ORDER BY c
	Unique  (cost=417.06..417.58 rows=104 width=121)
	  ->  Sort  (cost=417.06..417.32 rows=104 width=121)
	        Sort Key: c
	        ->  Index Scan using sbtest7_pkey on sbtest7  (cost=0.43..413.58 rows=104 width=121)
	              Index Cond: ((id >= 3148949) AND (id <= 3149048))

table 8 : explain SELECT DISTINCT c FROM sbtest8 WHERE id BETWEEN 2793434 AND 2793533 ORDER BY c
	Unique  (cost=402.39..402.89 rows=100 width=121)
	  ->  Sort  (cost=402.39..402.64 rows=100 width=121)
	        Sort Key: c
	        ->  Index Scan using sbtest8_pkey on sbtest8  (cost=0.43..399.07 rows=100 width=121)
	              Index Cond: ((id >= 2793434) AND (id <= 2793533))

for: sum_ranges
table 1 : explain SELECT SUM(k) FROM sbtest1 WHERE id BETWEEN 7648019 AND 7648118
	Aggregate  (cost=372.10..372.11 rows=1 width=8)
	  ->  Index Scan using sbtest1_pkey on sbtest1  (cost=0.43..371.87 rows=93 width=4)
	        Index Cond: ((id >= 7648019) AND (id <= 7648118))

table 2 : explain SELECT SUM(k) FROM sbtest2 WHERE id BETWEEN 4767934 AND 4768033
	Aggregate  (cost=368.13..368.14 rows=1 width=8)
	  ->  Index Scan using sbtest2_pkey on sbtest2  (cost=0.43..367.90 rows=92 width=4)
	        Index Cond: ((id >= 4767934) AND (id <= 4768033))

table 3 : explain SELECT SUM(k) FROM sbtest3 WHERE id BETWEEN 2279130 AND 2279229
	Aggregate  (cost=367.60..367.61 rows=1 width=8)
	  ->  Index Scan using sbtest3_pkey on sbtest3  (cost=0.43..367.37 rows=92 width=4)
	        Index Cond: ((id >= 2279130) AND (id <= 2279229))

table 4 : explain SELECT SUM(k) FROM sbtest4 WHERE id BETWEEN 6648871 AND 6648970
	Aggregate  (cost=430.41..430.42 rows=1 width=8)
	  ->  Index Scan using sbtest4_pkey on sbtest4  (cost=0.43..430.14 rows=108 width=4)
	        Index Cond: ((id >= 6648871) AND (id <= 6648970))

table 5 : explain SELECT SUM(k) FROM sbtest5 WHERE id BETWEEN 1175788 AND 1175887
	Aggregate  (cost=398.77..398.78 rows=1 width=8)
	  ->  Index Scan using sbtest5_pkey on sbtest5  (cost=0.43..398.52 rows=100 width=4)
	        Index Cond: ((id >= 1175788) AND (id <= 1175887))

table 6 : explain SELECT SUM(k) FROM sbtest6 WHERE id BETWEEN 4297926 AND 4298025
	Aggregate  (cost=426.20..426.21 rows=1 width=8)
	  ->  Index Scan using sbtest6_pkey on sbtest6  (cost=0.43..425.94 rows=107 width=4)
	        Index Cond: ((id >= 4297926) AND (id <= 4298025))

table 7 : explain SELECT SUM(k) FROM sbtest7 WHERE id BETWEEN 718884 AND 718983
	Aggregate  (cost=374.47..374.48 rows=1 width=8)
	  ->  Index Scan using sbtest7_pkey on sbtest7  (cost=0.43..374.23 rows=94 width=4)
	        Index Cond: ((id >= 718884) AND (id <= 718983))

table 8 : explain SELECT SUM(k) FROM sbtest8 WHERE id BETWEEN 7290552 AND 7290651
	Aggregate  (cost=462.48..462.49 rows=1 width=8)
	  ->  Index Scan using sbtest8_pkey on sbtest8  (cost=0.43..462.19 rows=116 width=4)
	        Index Cond: ((id >= 7290552) AND (id <= 7290651))

for: sum_ranges
table 1 : explain SELECT SUM(k) FROM sbtest1 WHERE id BETWEEN 867962 AND 868061
	Aggregate  (cost=411.64..411.65 rows=1 width=8)
	  ->  Index Scan using sbtest1_pkey on sbtest1  (cost=0.43..411.38 rows=103 width=4)
	        Index Cond: ((id >= 867962) AND (id <= 868061))

table 2 : explain SELECT SUM(k) FROM sbtest2 WHERE id BETWEEN 2561507 AND 2561606
	Aggregate  (cost=399.77..399.78 rows=1 width=8)
	  ->  Index Scan using sbtest2_pkey on sbtest2  (cost=0.43..399.52 rows=100 width=4)
	        Index Cond: ((id >= 2561507) AND (id <= 2561606))

table 3 : explain SELECT SUM(k) FROM sbtest3 WHERE id BETWEEN 7949739 AND 7949838
	Aggregate  (cost=426.81..426.82 rows=1 width=8)
	  ->  Index Scan using sbtest3_pkey on sbtest3  (cost=0.43..426.54 rows=107 width=4)
	        Index Cond: ((id >= 7949739) AND (id <= 7949838))

table 4 : explain SELECT SUM(k) FROM sbtest4 WHERE id BETWEEN 6889334 AND 6889433
	Aggregate  (cost=394.91..394.92 rows=1 width=8)
	  ->  Index Scan using sbtest4_pkey on sbtest4  (cost=0.43..394.66 rows=99 width=4)
	        Index Cond: ((id >= 6889334) AND (id <= 6889433))

table 5 : explain SELECT SUM(k) FROM sbtest5 WHERE id BETWEEN 4326397 AND 4326496
	Aggregate  (cost=386.92..386.93 rows=1 width=8)
	  ->  Index Scan using sbtest5_pkey on sbtest5  (cost=0.43..386.68 rows=97 width=4)
	        Index Cond: ((id >= 4326397) AND (id <= 4326496))

table 6 : explain SELECT SUM(k) FROM sbtest6 WHERE id BETWEEN 3020482 AND 3020581
	Aggregate  (cost=378.90..378.91 rows=1 width=8)
	  ->  Index Scan using sbtest6_pkey on sbtest6  (cost=0.43..378.66 rows=95 width=4)
	        Index Cond: ((id >= 3020482) AND (id <= 3020581))

table 7 : explain SELECT SUM(k) FROM sbtest7 WHERE id BETWEEN 7474339 AND 7474438
	Aggregate  (cost=476.80..476.81 rows=1 width=8)
	  ->  Index Scan using sbtest7_pkey on sbtest7  (cost=0.43..476.50 rows=120 width=4)
	        Index Cond: ((id >= 7474339) AND (id <= 7474438))

table 8 : explain SELECT SUM(k) FROM sbtest8 WHERE id BETWEEN 7246044 AND 7246143
	Aggregate  (cost=407.22..407.23 rows=1 width=8)
	  ->  Index Scan using sbtest8_pkey on sbtest8  (cost=0.43..406.96 rows=102 width=4)
	        Index Cond: ((id >= 7246044) AND (id <= 7246143))

for point_selects
table 1 : explain SELECT c FROM sbtest1 WHERE id=886125
	Index Scan using sbtest1_pkey on sbtest1  (cost=0.43..8.45 rows=1 width=121)
	  Index Cond: (id = 886125)

table 2 : explain SELECT c FROM sbtest2 WHERE id=7732898
	Index Scan using sbtest2_pkey on sbtest2  (cost=0.43..8.45 rows=1 width=121)
	  Index Cond: (id = 7732898)

table 3 : explain SELECT c FROM sbtest3 WHERE id=1239612
	Index Scan using sbtest3_pkey on sbtest3  (cost=0.43..8.45 rows=1 width=121)
	  Index Cond: (id = 1239612)

table 4 : explain SELECT c FROM sbtest4 WHERE id=6146835
	Index Scan using sbtest4_pkey on sbtest4  (cost=0.43..8.45 rows=1 width=121)
	  Index Cond: (id = 6146835)

table 5 : explain SELECT c FROM sbtest5 WHERE id=2013928
	Index Scan using sbtest5_pkey on sbtest5  (cost=0.43..8.45 rows=1 width=121)
	  Index Cond: (id = 2013928)

table 6 : explain SELECT c FROM sbtest6 WHERE id=5009531
	Index Scan using sbtest6_pkey on sbtest6  (cost=0.43..8.45 rows=1 width=121)
	  Index Cond: (id = 5009531)

table 7 : explain SELECT c FROM sbtest7 WHERE id=3935218
	Index Scan using sbtest7_pkey on sbtest7  (cost=0.43..8.45 rows=1 width=121)
	  Index Cond: (id = 3935218)

table 8 : explain SELECT c FROM sbtest8 WHERE id=8795194
	Index Scan using sbtest8_pkey on sbtest8  (cost=0.43..8.45 rows=1 width=121)
	  Index Cond: (id = 8795194)

for point_selects
table 1 : explain SELECT c FROM sbtest1 WHERE id=8016241
	Index Scan using sbtest1_pkey on sbtest1  (cost=0.43..8.45 rows=1 width=121)
	  Index Cond: (id = 8016241)

table 2 : explain SELECT c FROM sbtest2 WHERE id=5777746
	Index Scan using sbtest2_pkey on sbtest2  (cost=0.43..8.45 rows=1 width=121)
	  Index Cond: (id = 5777746)

table 3 : explain SELECT c FROM sbtest3 WHERE id=9217960
	Index Scan using sbtest3_pkey on sbtest3  (cost=0.43..8.45 rows=1 width=121)
	  Index Cond: (id = 9217960)

table 4 : explain SELECT c FROM sbtest4 WHERE id=6720416
	Index Scan using sbtest4_pkey on sbtest4  (cost=0.43..8.45 rows=1 width=121)
	  Index Cond: (id = 6720416)

table 5 : explain SELECT c FROM sbtest5 WHERE id=8498928
	Index Scan using sbtest5_pkey on sbtest5  (cost=0.43..8.45 rows=1 width=121)
	  Index Cond: (id = 8498928)

table 6 : explain SELECT c FROM sbtest6 WHERE id=2381803
	Index Scan using sbtest6_pkey on sbtest6  (cost=0.43..8.45 rows=1 width=121)
	  Index Cond: (id = 2381803)

table 7 : explain SELECT c FROM sbtest7 WHERE id=5747713
	Index Scan using sbtest7_pkey on sbtest7  (cost=0.43..8.45 rows=1 width=121)
	  Index Cond: (id = 5747713)

table 8 : explain SELECT c FROM sbtest8 WHERE id=4464180
	Index Scan using sbtest8_pkey on sbtest8  (cost=0.43..8.45 rows=1 width=121)
	  Index Cond: (id = 4464180)

for point_selects
table 1 : explain SELECT c FROM sbtest1 WHERE id=5830530
	Index Scan using sbtest1_pkey on sbtest1  (cost=0.43..8.45 rows=1 width=121)
	  Index Cond: (id = 5830530)

table 2 : explain SELECT c FROM sbtest2 WHERE id=4788520
	Index Scan using sbtest2_pkey on sbtest2  (cost=0.43..8.45 rows=1 width=121)
	  Index Cond: (id = 4788520)

table 3 : explain SELECT c FROM sbtest3 WHERE id=1135641
	Index Scan using sbtest3_pkey on sbtest3  (cost=0.43..8.45 rows=1 width=121)
	  Index Cond: (id = 1135641)

table 4 : explain SELECT c FROM sbtest4 WHERE id=8843553
	Index Scan using sbtest4_pkey on sbtest4  (cost=0.43..8.45 rows=1 width=121)
	  Index Cond: (id = 8843553)

table 5 : explain SELECT c FROM sbtest5 WHERE id=9555221
	Index Scan using sbtest5_pkey on sbtest5  (cost=0.43..8.45 rows=1 width=121)
	  Index Cond: (id = 9555221)

table 6 : explain SELECT c FROM sbtest6 WHERE id=5938606
	Index Scan using sbtest6_pkey on sbtest6  (cost=0.43..8.45 rows=1 width=121)
	  Index Cond: (id = 5938606)

table 7 : explain SELECT c FROM sbtest7 WHERE id=8236939
	Index Scan using sbtest7_pkey on sbtest7  (cost=0.43..8.45 rows=1 width=121)
	  Index Cond: (id = 8236939)

table 8 : explain SELECT c FROM sbtest8 WHERE id=9796958
	Index Scan using sbtest8_pkey on sbtest8  (cost=0.43..8.45 rows=1 width=121)
	  Index Cond: (id = 9796958)

for point_selects
table 1 : explain SELECT c FROM sbtest1 WHERE id=7517352
	Index Scan using sbtest1_pkey on sbtest1  (cost=0.43..8.45 rows=1 width=121)
	  Index Cond: (id = 7517352)

table 2 : explain SELECT c FROM sbtest2 WHERE id=3580188
	Index Scan using sbtest2_pkey on sbtest2  (cost=0.43..8.45 rows=1 width=121)
	  Index Cond: (id = 3580188)

table 3 : explain SELECT c FROM sbtest3 WHERE id=2330846
	Index Scan using sbtest3_pkey on sbtest3  (cost=0.43..8.45 rows=1 width=121)
	  Index Cond: (id = 2330846)

table 4 : explain SELECT c FROM sbtest4 WHERE id=1441717
	Index Scan using sbtest4_pkey on sbtest4  (cost=0.43..8.45 rows=1 width=121)
	  Index Cond: (id = 1441717)

table 5 : explain SELECT c FROM sbtest5 WHERE id=4788404
	Index Scan using sbtest5_pkey on sbtest5  (cost=0.43..8.45 rows=1 width=121)
	  Index Cond: (id = 4788404)

table 6 : explain SELECT c FROM sbtest6 WHERE id=903021
	Index Scan using sbtest6_pkey on sbtest6  (cost=0.43..8.45 rows=1 width=121)
	  Index Cond: (id = 903021)

table 7 : explain SELECT c FROM sbtest7 WHERE id=4401696
	Index Scan using sbtest7_pkey on sbtest7  (cost=0.43..8.45 rows=1 width=121)
	  Index Cond: (id = 4401696)

table 8 : explain SELECT c FROM sbtest8 WHERE id=1482744
	Index Scan using sbtest8_pkey on sbtest8  (cost=0.43..8.45 rows=1 width=121)
	  Index Cond: (id = 1482744)

for: simple_ranges
table 1 : explain SELECT c FROM sbtest1 WHERE id BETWEEN 3108394 AND 3108493
	Index Scan using sbtest1_pkey on sbtest1  (cost=0.43..403.48 rows=101 width=121)
	  Index Cond: ((id >= 3108394) AND (id <= 3108493))

table 2 : explain SELECT c FROM sbtest2 WHERE id BETWEEN 1624095 AND 1624194
	Index Scan using sbtest2_pkey on sbtest2  (cost=0.43..391.60 rows=98 width=121)
	  Index Cond: ((id >= 1624095) AND (id <= 1624194))

table 3 : explain SELECT c FROM sbtest3 WHERE id BETWEEN 4569964 AND 4570063
	Index Scan using sbtest3_pkey on sbtest3  (cost=0.43..398.92 rows=100 width=121)
	  Index Cond: ((id >= 4569964) AND (id <= 4570063))

table 4 : explain SELECT c FROM sbtest4 WHERE id BETWEEN 2393684 AND 2393783
	Index Scan using sbtest4_pkey on sbtest4  (cost=0.43..398.60 rows=100 width=121)
	  Index Cond: ((id >= 2393684) AND (id <= 2393783))

table 5 : explain SELECT c FROM sbtest5 WHERE id BETWEEN 3861431 AND 3861530
	Index Scan using sbtest5_pkey on sbtest5  (cost=0.43..406.39 rows=102 width=121)
	  Index Cond: ((id >= 3861431) AND (id <= 3861530))

table 6 : explain SELECT c FROM sbtest6 WHERE id BETWEEN 1642243 AND 1642342
	Index Scan using sbtest6_pkey on sbtest6  (cost=0.43..437.75 rows=110 width=121)
	  Index Cond: ((id >= 1642243) AND (id <= 1642342))

table 7 : explain SELECT c FROM sbtest7 WHERE id BETWEEN 8709262 AND 8709361
	Index Scan using sbtest7_pkey on sbtest7  (cost=0.43..366.37 rows=92 width=121)
	  Index Cond: ((id >= 8709262) AND (id <= 8709361))

table 8 : explain SELECT c FROM sbtest8 WHERE id BETWEEN 6911983 AND 6912082
	Index Scan using sbtest8_pkey on sbtest8  (cost=0.43..414.85 rows=104 width=121)
	  Index Cond: ((id >= 6911983) AND (id <= 6912082))

for point_selects
table 1 : explain SELECT c FROM sbtest1 WHERE id=1092227
	Index Scan using sbtest1_pkey on sbtest1  (cost=0.43..8.45 rows=1 width=121)
	  Index Cond: (id = 1092227)

table 2 : explain SELECT c FROM sbtest2 WHERE id=5423537
	Index Scan using sbtest2_pkey on sbtest2  (cost=0.43..8.45 rows=1 width=121)
	  Index Cond: (id = 5423537)

table 3 : explain SELECT c FROM sbtest3 WHERE id=5001570
	Index Scan using sbtest3_pkey on sbtest3  (cost=0.43..8.45 rows=1 width=121)
	  Index Cond: (id = 5001570)

table 4 : explain SELECT c FROM sbtest4 WHERE id=741079
	Index Scan using sbtest4_pkey on sbtest4  (cost=0.43..8.45 rows=1 width=121)
	  Index Cond: (id = 741079)

table 5 : explain SELECT c FROM sbtest5 WHERE id=3166300
	Index Scan using sbtest5_pkey on sbtest5  (cost=0.43..8.45 rows=1 width=121)
	  Index Cond: (id = 3166300)

table 6 : explain SELECT c FROM sbtest6 WHERE id=7901804
	Index Scan using sbtest6_pkey on sbtest6  (cost=0.43..8.45 rows=1 width=121)
	  Index Cond: (id = 7901804)

table 7 : explain SELECT c FROM sbtest7 WHERE id=7586497
	Index Scan using sbtest7_pkey on sbtest7  (cost=0.43..8.45 rows=1 width=121)
	  Index Cond: (id = 7586497)

table 8 : explain SELECT c FROM sbtest8 WHERE id=8677354
	Index Scan using sbtest8_pkey on sbtest8  (cost=0.43..8.45 rows=1 width=121)
	  Index Cond: (id = 8677354)

for: order_ranges
table 1 : explain SELECT c FROM sbtest1 WHERE id BETWEEN 9883639 AND 9883738 ORDER BY c
	Sort  (cost=414.83..415.09 rows=103 width=121)
	  Sort Key: c
	  ->  Index Scan using sbtest1_pkey on sbtest1  (cost=0.43..411.38 rows=103 width=121)
	        Index Cond: ((id >= 9883639) AND (id <= 9883738))

table 2 : explain SELECT c FROM sbtest2 WHERE id BETWEEN 877001 AND 877100 ORDER BY c
	Sort  (cost=410.82..411.08 rows=102 width=121)
	  Sort Key: c
	  ->  Index Scan using sbtest2_pkey on sbtest2  (cost=0.43..407.42 rows=102 width=121)
	        Index Cond: ((id >= 877001) AND (id <= 877100))

table 3 : explain SELECT c FROM sbtest3 WHERE id BETWEEN 9316174 AND 9316273 ORDER BY c
	Sort  (cost=354.44..354.66 rows=88 width=121)
	  Sort Key: c
	  ->  Index Scan using sbtest3_pkey on sbtest3  (cost=0.43..351.59 rows=88 width=121)
	        Index Cond: ((id >= 9316174) AND (id <= 9316273))

table 4 : explain SELECT c FROM sbtest4 WHERE id BETWEEN 4455530 AND 4455629 ORDER BY c
	Sort  (cost=389.98..390.22 rows=97 width=121)
	  Sort Key: c
	  ->  Index Scan using sbtest4_pkey on sbtest4  (cost=0.43..386.78 rows=97 width=121)
	        Index Cond: ((id >= 4455530) AND (id <= 4455629))

table 5 : explain SELECT c FROM sbtest5 WHERE id BETWEEN 2738086 AND 2738185 ORDER BY c
	Sort  (cost=393.86..394.10 rows=98 width=121)
	  Sort Key: c
	  ->  Index Scan using sbtest5_pkey on sbtest5  (cost=0.43..390.62 rows=98 width=121)
	        Index Cond: ((id >= 2738086) AND (id <= 2738185))

table 6 : explain SELECT c FROM sbtest6 WHERE id BETWEEN 3057487 AND 3057586 ORDER BY c
	Sort  (cost=397.69..397.94 rows=99 width=121)
	  Sort Key: c
	  ->  Index Scan using sbtest6_pkey on sbtest6  (cost=0.43..394.41 rows=99 width=121)
	        Index Cond: ((id >= 3057487) AND (id <= 3057586))

table 7 : explain SELECT c FROM sbtest7 WHERE id BETWEEN 4169525 AND 4169624 ORDER BY c
	Sort  (cost=405.14..405.40 rows=101 width=121)
	  Sort Key: c
	  ->  Index Scan using sbtest7_pkey on sbtest7  (cost=0.43..401.78 rows=101 width=121)
	        Index Cond: ((id >= 4169525) AND (id <= 4169624))

table 8 : explain SELECT c FROM sbtest8 WHERE id BETWEEN 7668107 AND 7668206 ORDER BY c
	Sort  (cost=394.40..394.65 rows=98 width=121)
	  Sort Key: c
	  ->  Index Scan using sbtest8_pkey on sbtest8  (cost=0.43..391.16 rows=98 width=121)
	        Index Cond: ((id >= 7668107) AND (id <= 7668206))

for point_selects
table 1 : explain SELECT c FROM sbtest1 WHERE id=9717381
	Index Scan using sbtest1_pkey on sbtest1  (cost=0.43..8.45 rows=1 width=121)
	  Index Cond: (id = 9717381)

table 2 : explain SELECT c FROM sbtest2 WHERE id=2291131
	Index Scan using sbtest2_pkey on sbtest2  (cost=0.43..8.45 rows=1 width=121)
	  Index Cond: (id = 2291131)

table 3 : explain SELECT c FROM sbtest3 WHERE id=9408764
	Index Scan using sbtest3_pkey on sbtest3  (cost=0.43..8.45 rows=1 width=121)
	  Index Cond: (id = 9408764)

table 4 : explain SELECT c FROM sbtest4 WHERE id=4116146
	Index Scan using sbtest4_pkey on sbtest4  (cost=0.43..8.45 rows=1 width=121)
	  Index Cond: (id = 4116146)

table 5 : explain SELECT c FROM sbtest5 WHERE id=4940661
	Index Scan using sbtest5_pkey on sbtest5  (cost=0.43..8.45 rows=1 width=121)
	  Index Cond: (id = 4940661)

table 6 : explain SELECT c FROM sbtest6 WHERE id=9231617
	Index Scan using sbtest6_pkey on sbtest6  (cost=0.43..8.45 rows=1 width=121)
	  Index Cond: (id = 9231617)

table 7 : explain SELECT c FROM sbtest7 WHERE id=5447996
	Index Scan using sbtest7_pkey on sbtest7  (cost=0.43..8.45 rows=1 width=121)
	  Index Cond: (id = 5447996)

table 8 : explain SELECT c FROM sbtest8 WHERE id=798843
	Index Scan using sbtest8_pkey on sbtest8  (cost=0.43..8.45 rows=1 width=121)
	  Index Cond: (id = 798843)

for point_selects
table 1 : explain SELECT c FROM sbtest1 WHERE id=5740837
	Index Scan using sbtest1_pkey on sbtest1  (cost=0.43..8.45 rows=1 width=121)
	  Index Cond: (id = 5740837)

table 2 : explain SELECT c FROM sbtest2 WHERE id=2909552
	Index Scan using sbtest2_pkey on sbtest2  (cost=0.43..8.45 rows=1 width=121)
	  Index Cond: (id = 2909552)

table 3 : explain SELECT c FROM sbtest3 WHERE id=5899215
	Index Scan using sbtest3_pkey on sbtest3  (cost=0.43..8.45 rows=1 width=121)
	  Index Cond: (id = 5899215)

table 4 : explain SELECT c FROM sbtest4 WHERE id=6046441
	Index Scan using sbtest4_pkey on sbtest4  (cost=0.43..8.45 rows=1 width=121)
	  Index Cond: (id = 6046441)

table 5 : explain SELECT c FROM sbtest5 WHERE id=8262849
	Index Scan using sbtest5_pkey on sbtest5  (cost=0.43..8.45 rows=1 width=121)
	  Index Cond: (id = 8262849)

table 6 : explain SELECT c FROM sbtest6 WHERE id=1505162
	Index Scan using sbtest6_pkey on sbtest6  (cost=0.43..8.45 rows=1 width=121)
	  Index Cond: (id = 1505162)

table 7 : explain SELECT c FROM sbtest7 WHERE id=4493667
	Index Scan using sbtest7_pkey on sbtest7  (cost=0.43..8.45 rows=1 width=121)
	  Index Cond: (id = 4493667)

table 8 : explain SELECT c FROM sbtest8 WHERE id=3889725
	Index Scan using sbtest8_pkey on sbtest8  (cost=0.43..8.45 rows=1 width=121)
	  Index Cond: (id = 3889725)

for: simple_ranges
table 1 : explain SELECT c FROM sbtest1 WHERE id BETWEEN 7926266 AND 7926365
	Index Scan using sbtest1_pkey on sbtest1  (cost=0.43..407.43 rows=102 width=121)
	  Index Cond: ((id >= 7926266) AND (id <= 7926365))

table 2 : explain SELECT c FROM sbtest2 WHERE id BETWEEN 8580140 AND 8580239
	Index Scan using sbtest2_pkey on sbtest2  (cost=0.43..391.60 rows=98 width=121)
	  Index Cond: ((id >= 8580140) AND (id <= 8580239))

table 3 : explain SELECT c FROM sbtest3 WHERE id BETWEEN 5643369 AND 5643468
	Index Scan using sbtest3_pkey on sbtest3  (cost=0.43..414.71 rows=104 width=121)
	  Index Cond: ((id >= 5643369) AND (id <= 5643468))

table 4 : explain SELECT c FROM sbtest4 WHERE id BETWEEN 7888018 AND 7888117
	Index Scan using sbtest4_pkey on sbtest4  (cost=0.43..382.84 rows=96 width=121)
	  Index Cond: ((id >= 7888018) AND (id <= 7888117))

table 5 : explain SELECT c FROM sbtest5 WHERE id BETWEEN 5179156 AND 5179255
	Index Scan using sbtest5_pkey on sbtest5  (cost=0.43..378.80 rows=95 width=121)
	  Index Cond: ((id >= 5179156) AND (id <= 5179255))

table 6 : explain SELECT c FROM sbtest6 WHERE id BETWEEN 2436299 AND 2436398
	Index Scan using sbtest6_pkey on sbtest6  (cost=0.43..406.25 rows=102 width=121)
	  Index Cond: ((id >= 2436299) AND (id <= 2436398))

table 7 : explain SELECT c FROM sbtest7 WHERE id BETWEEN 981898 AND 981997
	Index Scan using sbtest7_pkey on sbtest7  (cost=0.43..425.38 rows=107 width=121)
	  Index Cond: ((id >= 981898) AND (id <= 981997))

table 8 : explain SELECT c FROM sbtest8 WHERE id BETWEEN 8641017 AND 8641116
	Index Scan using sbtest8_pkey on sbtest8  (cost=0.43..410.91 rows=103 width=121)
	  Index Cond: ((id >= 8641017) AND (id <= 8641116))

for: simple_ranges
table 1 : explain SELECT c FROM sbtest1 WHERE id BETWEEN 5919572 AND 5919671
	Index Scan using sbtest1_pkey on sbtest1  (cost=0.43..446.93 rows=112 width=121)
	  Index Cond: ((id >= 5919572) AND (id <= 5919671))

table 2 : explain SELECT c FROM sbtest2 WHERE id BETWEEN 4536716 AND 4536815
	Index Scan using sbtest2_pkey on sbtest2  (cost=0.43..360.00 rows=90 width=121)
	  Index Cond: ((id >= 4536716) AND (id <= 4536815))

table 3 : explain SELECT c FROM sbtest3 WHERE id BETWEEN 3236910 AND 3237009
	Index Scan using sbtest3_pkey on sbtest3  (cost=0.43..422.60 rows=106 width=121)
	  Index Cond: ((id >= 3236910) AND (id <= 3237009))

table 4 : explain SELECT c FROM sbtest4 WHERE id BETWEEN 135369 AND 135468
	Index Scan using sbtest4_pkey on sbtest4  (cost=0.43..453.79 rows=114 width=121)
	  Index Cond: ((id >= 135369) AND (id <= 135468))

table 5 : explain SELECT c FROM sbtest5 WHERE id BETWEEN 1906695 AND 1906794
	Index Scan using sbtest5_pkey on sbtest5  (cost=0.43..426.09 rows=107 width=121)
	  Index Cond: ((id >= 1906695) AND (id <= 1906794))

table 6 : explain SELECT c FROM sbtest6 WHERE id BETWEEN 7399857 AND 7399956
	Index Scan using sbtest6_pkey on sbtest6  (cost=0.43..374.72 rows=94 width=121)
	  Index Cond: ((id >= 7399857) AND (id <= 7399956))

table 7 : explain SELECT c FROM sbtest7 WHERE id BETWEEN 1801768 AND 1801867
	Index Scan using sbtest7_pkey on sbtest7  (cost=0.43..401.78 rows=101 width=121)
	  Index Cond: ((id >= 1801768) AND (id <= 1801867))

table 8 : explain SELECT c FROM sbtest8 WHERE id BETWEEN 1850609 AND 1850708
	Index Scan using sbtest8_pkey on sbtest8  (cost=0.43..387.22 rows=97 width=121)
	  Index Cond: ((id >= 1850609) AND (id <= 1850708))
for: order_ranges
table 1 : explain SELECT c FROM sbtest1 WHERE id BETWEEN 5671564 AND 5671663 ORDER BY c
	Sort  (cost=458.73..459.01 rows=114 width=121)
	  Sort Key: c
	  ->  Index Scan using sbtest1_pkey on sbtest1  (cost=0.43..454.83 rows=114 width=121)
	        Index Cond: ((id >= 5671564) AND (id <= 5671663))

table 2 : explain SELECT c FROM sbtest2 WHERE id BETWEEN 8379239 AND 8379338 ORDER BY c
	Sort  (cost=422.79..423.05 rows=105 width=121)
	  Sort Key: c
	  ->  Index Scan using sbtest2_pkey on sbtest2  (cost=0.43..419.27 rows=105 width=121)
	        Index Cond: ((id >= 8379239) AND (id <= 8379338))

table 3 : explain SELECT c FROM sbtest3 WHERE id BETWEEN 9321661 AND 9321760 ORDER BY c
	Sort  (cost=354.44..354.66 rows=88 width=121)
	  Sort Key: c
	  ->  Index Scan using sbtest3_pkey on sbtest3  (cost=0.43..351.59 rows=88 width=121)
	        Index Cond: ((id >= 9321661) AND (id <= 9321760))

table 4 : explain SELECT c FROM sbtest4 WHERE id BETWEEN 5683541 AND 5683640 ORDER BY c
	Sort  (cost=397.94..398.19 rows=99 width=121)
	  Sort Key: c
	  ->  Index Scan using sbtest4_pkey on sbtest4  (cost=0.43..394.66 rows=99 width=121)
	        Index Cond: ((id >= 5683541) AND (id <= 5683640))

table 5 : explain SELECT c FROM sbtest5 WHERE id BETWEEN 3543824 AND 3543923 ORDER BY c
	Sort  (cost=358.04..358.27 rows=89 width=121)
	  Sort Key: c
	  ->  Index Scan using sbtest5_pkey on sbtest5  (cost=0.43..355.16 rows=89 width=121)
	        Index Cond: ((id >= 3543824) AND (id <= 3543923))

table 6 : explain SELECT c FROM sbtest6 WHERE id BETWEEN 4548412 AND 4548511 ORDER BY c
	Sort  (cost=413.63..413.88 rows=103 width=121)
	  Sort Key: c
	  ->  Index Scan using sbtest6_pkey on sbtest6  (cost=0.43..410.18 rows=103 width=121)
	        Index Cond: ((id >= 4548412) AND (id <= 4548511))

table 7 : explain SELECT c FROM sbtest7 WHERE id BETWEEN 738327 AND 738426 ORDER BY c
	Sort  (cost=377.31..377.55 rows=94 width=121)
	  Sort Key: c
	  ->  Index Scan using sbtest7_pkey on sbtest7  (cost=0.43..374.23 rows=94 width=121)
	        Index Cond: ((id >= 738327) AND (id <= 738426))

table 8 : explain SELECT c FROM sbtest8 WHERE id BETWEEN 7137944 AND 7138043 ORDER BY c
	Sort  (cost=378.46..378.70 rows=94 width=121)
	  Sort Key: c
	  ->  Index Scan using sbtest8_pkey on sbtest8  (cost=0.43..375.38 rows=94 width=121)
	        Index Cond: ((id >= 7137944) AND (id <= 7138043))


for: simple_ranges
table 1 : explain SELECT c FROM sbtest1 WHERE id BETWEEN 469030 AND 469129
	Index Scan using sbtest1_pkey on sbtest1  (cost=0.43..419.28 rows=105 width=121)
	  Index Cond: ((id >= 469030) AND (id <= 469129))

table 2 : explain SELECT c FROM sbtest2 WHERE id BETWEEN 5147197 AND 5147296
	Index Scan using sbtest2_pkey on sbtest2  (cost=0.43..348.16 rows=87 width=121)
	  Index Cond: ((id >= 5147197) AND (id <= 5147296))

table 3 : explain SELECT c FROM sbtest3 WHERE id BETWEEN 7139509 AND 7139608
	Index Scan using sbtest3_pkey on sbtest3  (cost=0.43..398.92 rows=100 width=121)
	  Index Cond: ((id >= 7139509) AND (id <= 7139608))

table 4 : explain SELECT c FROM sbtest4 WHERE id BETWEEN 274630 AND 274729
	Index Scan using sbtest4_pkey on sbtest4  (cost=0.43..418.32 rows=105 width=121)
	  Index Cond: ((id >= 274630) AND (id <= 274729))

table 5 : explain SELECT c FROM sbtest5 WHERE id BETWEEN 3215057 AND 3215156
	Index Scan using sbtest5_pkey on sbtest5  (cost=0.43..449.73 rows=113 width=121)
	  Index Cond: ((id >= 3215057) AND (id <= 3215156))

table 6 : explain SELECT c FROM sbtest6 WHERE id BETWEEN 3673549 AND 3673648
	Index Scan using sbtest6_pkey on sbtest6  (cost=0.43..418.06 rows=105 width=121)
	  Index Cond: ((id >= 3673549) AND (id <= 3673648))

table 7 : explain SELECT c FROM sbtest7 WHERE id BETWEEN 3711095 AND 3711194
	Index Scan using sbtest7_pkey on sbtest7  (cost=0.43..382.10 rows=96 width=121)
	  Index Cond: ((id >= 3711095) AND (id <= 3711194))

table 8 : explain SELECT c FROM sbtest8 WHERE id BETWEEN 8747198 AND 8747297
	Index Scan using sbtest8_pkey on sbtest8  (cost=0.43..391.16 rows=98 width=121)
	  Index Cond: ((id >= 8747198) AND (id <= 8747297))

for point_selects
table 1 : explain SELECT c FROM sbtest1 WHERE id=7060499
	Index Scan using sbtest1_pkey on sbtest1  (cost=0.43..8.45 rows=1 width=121)
	  Index Cond: (id = 7060499)

table 2 : explain SELECT c FROM sbtest2 WHERE id=2170225
	Index Scan using sbtest2_pkey on sbtest2  (cost=0.43..8.45 rows=1 width=121)
	  Index Cond: (id = 2170225)

table 3 : explain SELECT c FROM sbtest3 WHERE id=4322776
	Index Scan using sbtest3_pkey on sbtest3  (cost=0.43..8.45 rows=1 width=121)
	  Index Cond: (id = 4322776)

table 4 : explain SELECT c FROM sbtest4 WHERE id=3426369
	Index Scan using sbtest4_pkey on sbtest4  (cost=0.43..8.45 rows=1 width=121)
	  Index Cond: (id = 3426369)

table 5 : explain SELECT c FROM sbtest5 WHERE id=5511081
	Index Scan using sbtest5_pkey on sbtest5  (cost=0.43..8.45 rows=1 width=121)
	  Index Cond: (id = 5511081)

table 6 : explain SELECT c FROM sbtest6 WHERE id=8000657
	Index Scan using sbtest6_pkey on sbtest6  (cost=0.43..8.45 rows=1 width=121)
	  Index Cond: (id = 8000657)

table 7 : explain SELECT c FROM sbtest7 WHERE id=1395060
	Index Scan using sbtest7_pkey on sbtest7  (cost=0.43..8.45 rows=1 width=121)
	  Index Cond: (id = 1395060)

table 8 : explain SELECT c FROM sbtest8 WHERE id=6406975
	Index Scan using sbtest8_pkey on sbtest8  (cost=0.43..8.45 rows=1 width=121)
	  Index Cond: (id = 6406975)

for: simple_ranges
table 1 : explain SELECT c FROM sbtest1 WHERE id BETWEEN 7481408 AND 7481507
	Index Scan using sbtest1_pkey on sbtest1  (cost=0.43..399.52 rows=100 width=121)
	  Index Cond: ((id >= 7481408) AND (id <= 7481507))

table 2 : explain SELECT c FROM sbtest2 WHERE id BETWEEN 3432927 AND 3433026
	Index Scan using sbtest2_pkey on sbtest2  (cost=0.43..395.55 rows=99 width=121)
	  Index Cond: ((id >= 3432927) AND (id <= 3433026))

table 3 : explain SELECT c FROM sbtest3 WHERE id BETWEEN 3527787 AND 3527886
	Index Scan using sbtest3_pkey on sbtest3  (cost=0.43..394.97 rows=99 width=121)
	  Index Cond: ((id >= 3527787) AND (id <= 3527886))

table 4 : explain SELECT c FROM sbtest4 WHERE id BETWEEN 4411770 AND 4411869
	Index Scan using sbtest4_pkey on sbtest4  (cost=0.43..386.78 rows=97 width=121)
	  Index Cond: ((id >= 4411770) AND (id <= 4411869))

table 5 : explain SELECT c FROM sbtest5 WHERE id BETWEEN 9920239 AND 9920338
	Index Scan using sbtest5_pkey on sbtest5  (cost=0.43..430.03 rows=108 width=121)
	  Index Cond: ((id >= 9920239) AND (id <= 9920338))

table 6 : explain SELECT c FROM sbtest6 WHERE id BETWEEN 5840656 AND 5840755
	Index Scan using sbtest6_pkey on sbtest6  (cost=0.43..418.06 rows=105 width=121)
	  Index Cond: ((id >= 5840656) AND (id <= 5840755))

table 7 : explain SELECT c FROM sbtest7 WHERE id BETWEEN 2902120 AND 2902219
	Index Scan using sbtest7_pkey on sbtest7  (cost=0.43..409.65 rows=103 width=121)
	  Index Cond: ((id >= 2902120) AND (id <= 2902219))

table 8 : explain SELECT c FROM sbtest8 WHERE id BETWEEN 8331442 AND 8331541
	Index Scan using sbtest8_pkey on sbtest8  (cost=0.43..422.74 rows=106 width=121)
	  Index Cond: ((id >= 8331442) AND (id <= 8331541))

for: sum_ranges
table 1 : explain SELECT SUM(k) FROM sbtest1 WHERE id BETWEEN 2110990 AND 2111089
	Aggregate  (cost=376.05..376.06 rows=1 width=8)
	  ->  Index Scan using sbtest1_pkey on sbtest1  (cost=0.43..375.82 rows=94 width=4)
	        Index Cond: ((id >= 2110990) AND (id <= 2111089))

table 2 : explain SELECT SUM(k) FROM sbtest2 WHERE id BETWEEN 194608 AND 194707
	Aggregate  (cost=395.82..395.83 rows=1 width=8)
	  ->  Index Scan using sbtest2_pkey on sbtest2  (cost=0.43..395.57 rows=99 width=4)
	        Index Cond: ((id >= 194608) AND (id <= 194707))

table 3 : explain SELECT SUM(k) FROM sbtest3 WHERE id BETWEEN 4064007 AND 4064106
	Aggregate  (cost=395.22..395.23 rows=1 width=8)
	  ->  Index Scan using sbtest3_pkey on sbtest3  (cost=0.43..394.97 rows=99 width=4)
	        Index Cond: ((id >= 4064007) AND (id <= 4064106))

table 4 : explain SELECT SUM(k) FROM sbtest4 WHERE id BETWEEN 9290656 AND 9290755
	Aggregate  (cost=410.70..410.71 rows=1 width=8)
	  ->  Index Scan using sbtest4_pkey on sbtest4  (cost=0.43..410.44 rows=103 width=4)
	        Index Cond: ((id >= 9290656) AND (id <= 9290755))

table 5 : explain SELECT SUM(k) FROM sbtest5 WHERE id BETWEEN 8631020 AND 8631119
	Aggregate  (cost=410.59..410.60 rows=1 width=8)
	  ->  Index Scan using sbtest5_pkey on sbtest5  (cost=0.43..410.33 rows=103 width=4)
	        Index Cond: ((id >= 8631020) AND (id <= 8631119))

table 6 : explain SELECT SUM(k) FROM sbtest6 WHERE id BETWEEN 2916052 AND 2916151
	Aggregate  (cost=378.90..378.91 rows=1 width=8)
	  ->  Index Scan using sbtest6_pkey on sbtest6  (cost=0.43..378.66 rows=95 width=4)
	        Index Cond: ((id >= 2916052) AND (id <= 2916151))

table 7 : explain SELECT SUM(k) FROM sbtest7 WHERE id BETWEEN 7962312 AND 7962411
	Aggregate  (cost=350.86..350.87 rows=1 width=8)
	  ->  Index Scan using sbtest7_pkey on sbtest7  (cost=0.43..350.64 rows=88 width=4)
	        Index Cond: ((id >= 7962312) AND (id <= 7962411))

table 8 : explain SELECT SUM(k) FROM sbtest8 WHERE id BETWEEN 3506825 AND 3506924
	Aggregate  (cost=411.17..411.18 rows=1 width=8)
	  ->  Index Scan using sbtest8_pkey on sbtest8  (cost=0.43..410.91 rows=103 width=4)
	        Index Cond: ((id >= 3506825) AND (id <= 3506924))

for: simple_ranges
table 1 : explain SELECT c FROM sbtest1 WHERE id BETWEEN 2764412 AND 2764511
	Index Scan using sbtest1_pkey on sbtest1  (cost=0.43..403.48 rows=101 width=121)
	  Index Cond: ((id >= 2764412) AND (id <= 2764511))

table 2 : explain SELECT c FROM sbtest2 WHERE id BETWEEN 8282413 AND 8282512
	Index Scan using sbtest2_pkey on sbtest2  (cost=0.43..352.11 rows=88 width=121)
	  Index Cond: ((id >= 8282413) AND (id <= 8282512))

table 3 : explain SELECT c FROM sbtest3 WHERE id BETWEEN 1148937 AND 1149036
	Index Scan using sbtest3_pkey on sbtest3  (cost=0.43..406.82 rows=102 width=121)
	  Index Cond: ((id >= 1148937) AND (id <= 1149036))

table 4 : explain SELECT c FROM sbtest4 WHERE id BETWEEN 7165238 AND 7165337
	Index Scan using sbtest4_pkey on sbtest4  (cost=0.43..422.26 rows=106 width=121)
	  Index Cond: ((id >= 7165238) AND (id <= 7165337))

table 5 : explain SELECT c FROM sbtest5 WHERE id BETWEEN 9633553 AND 9633652
	Index Scan using sbtest5_pkey on sbtest5  (cost=0.43..402.45 rows=101 width=121)
	  Index Cond: ((id >= 9633553) AND (id <= 9633652))

table 6 : explain SELECT c FROM sbtest6 WHERE id BETWEEN 6556074 AND 6556173
	Index Scan using sbtest6_pkey on sbtest6  (cost=0.43..414.12 rows=104 width=121)
	  Index Cond: ((id >= 6556074) AND (id <= 6556173))

table 7 : explain SELECT c FROM sbtest7 WHERE id BETWEEN 2180557 AND 2180656
	Index Scan using sbtest7_pkey on sbtest7  (cost=0.43..417.51 rows=105 width=121)
	  Index Cond: ((id >= 2180557) AND (id <= 2180656))

table 8 : explain SELECT c FROM sbtest8 WHERE id BETWEEN 8154517 AND 8154616
	Index Scan using sbtest8_pkey on sbtest8  (cost=0.43..387.22 rows=97 width=121)
	  Index Cond: ((id >= 8154517) AND (id <= 8154616))

for: simple_ranges
table 1 : explain SELECT c FROM sbtest1 WHERE id BETWEEN 3284940 AND 3285039
	Index Scan using sbtest1_pkey on sbtest1  (cost=0.43..431.13 rows=108 width=121)
	  Index Cond: ((id >= 3284940) AND (id <= 3285039))

table 2 : explain SELECT c FROM sbtest2 WHERE id BETWEEN 717654 AND 717753
	Index Scan using sbtest2_pkey on sbtest2  (cost=0.43..387.65 rows=97 width=121)
	  Index Cond: ((id >= 717654) AND (id <= 717753))

table 3 : explain SELECT c FROM sbtest3 WHERE id BETWEEN 4465423 AND 4465522
	Index Scan using sbtest3_pkey on sbtest3  (cost=0.43..355.54 rows=89 width=121)
	  Index Cond: ((id >= 4465423) AND (id <= 4465522))

table 4 : explain SELECT c FROM sbtest4 WHERE id BETWEEN 3233041 AND 3233140
	Index Scan using sbtest4_pkey on sbtest4  (cost=0.43..347.37 rows=87 width=121)
	  Index Cond: ((id >= 3233041) AND (id <= 3233140))

table 5 : explain SELECT c FROM sbtest5 WHERE id BETWEEN 8332872 AND 8332971
	Index Scan using sbtest5_pkey on sbtest5  (cost=0.43..374.86 rows=94 width=121)
	  Index Cond: ((id >= 8332872) AND (id <= 8332971))

table 6 : explain SELECT c FROM sbtest6 WHERE id BETWEEN 3961824 AND 3961923
	Index Scan using sbtest6_pkey on sbtest6  (cost=0.43..433.81 rows=109 width=121)
	  Index Cond: ((id >= 3961824) AND (id <= 3961923))

table 7 : explain SELECT c FROM sbtest7 WHERE id BETWEEN 1154720 AND 1154819
	Index Scan using sbtest7_pkey on sbtest7  (cost=0.43..409.65 rows=103 width=121)
	  Index Cond: ((id >= 1154720) AND (id <= 1154819))

table 8 : explain SELECT c FROM sbtest8 WHERE id BETWEEN 9632496 AND 9632595
	Index Scan using sbtest8_pkey on sbtest8  (cost=0.43..395.11 rows=99 width=121)
	  Index Cond: ((id >= 9632496) AND (id <= 9632595))

for: simple_ranges
table 1 : explain SELECT c FROM sbtest1 WHERE id BETWEEN 7404463 AND 7404562
	Index Scan using sbtest1_pkey on sbtest1  (cost=0.43..399.52 rows=100 width=121)
	  Index Cond: ((id >= 7404463) AND (id <= 7404562))

table 2 : explain SELECT c FROM sbtest2 WHERE id BETWEEN 3618354 AND 3618453
	Index Scan using sbtest2_pkey on sbtest2  (cost=0.43..403.47 rows=101 width=121)
	  Index Cond: ((id >= 3618354) AND (id <= 3618453))

table 3 : explain SELECT c FROM sbtest3 WHERE id BETWEEN 8774871 AND 8774970
	Index Scan using sbtest3_pkey on sbtest3  (cost=0.43..387.09 rows=97 width=121)
	  Index Cond: ((id >= 8774871) AND (id <= 8774970))

table 4 : explain SELECT c FROM sbtest4 WHERE id BETWEEN 9104792 AND 9104891
	Index Scan using sbtest4_pkey on sbtest4  (cost=0.43..398.60 rows=100 width=121)
	  Index Cond: ((id >= 9104792) AND (id <= 9104891))

table 5 : explain SELECT c FROM sbtest5 WHERE id BETWEEN 6790361 AND 6790460
	Index Scan using sbtest5_pkey on sbtest5  (cost=0.43..414.27 rows=104 width=121)
	  Index Cond: ((id >= 6790361) AND (id <= 6790460))

table 6 : explain SELECT c FROM sbtest6 WHERE id BETWEEN 5399075 AND 5399174
	Index Scan using sbtest6_pkey on sbtest6  (cost=0.43..398.35 rows=100 width=121)
	  Index Cond: ((id >= 5399075) AND (id <= 5399174))

table 7 : explain SELECT c FROM sbtest7 WHERE id BETWEEN 6314017 AND 6314116
	Index Scan using sbtest7_pkey on sbtest7  (cost=0.43..386.03 rows=97 width=121)
	  Index Cond: ((id >= 6314017) AND (id <= 6314116))

table 8 : explain SELECT c FROM sbtest8 WHERE id BETWEEN 7580146 AND 7580245
	Index Scan using sbtest8_pkey on sbtest8  (cost=0.43..379.33 rows=95 width=121)
	  Index Cond: ((id >= 7580146) AND (id <= 7580245))

for: distinct_ranges
table 1 : explain SELECT DISTINCT c FROM sbtest1 WHERE id BETWEEN 1174998 AND 1175097 ORDER BY c
	Unique  (cost=378.90..379.37 rows=94 width=121)
	  ->  Sort  (cost=378.90..379.13 rows=94 width=121)
	        Sort Key: c
	        ->  Index Scan using sbtest1_pkey on sbtest1  (cost=0.43..375.82 rows=94 width=121)
	              Index Cond: ((id >= 1174998) AND (id <= 1175097))

table 2 : explain SELECT DISTINCT c FROM sbtest2 WHERE id BETWEEN 6726505 AND 6726604 ORDER BY c
	Unique  (cost=390.85..391.34 rows=97 width=121)
	  ->  Sort  (cost=390.85..391.10 rows=97 width=121)
	        Sort Key: c
	        ->  Index Scan using sbtest2_pkey on sbtest2  (cost=0.43..387.65 rows=97 width=121)
	              Index Cond: ((id >= 6726505) AND (id <= 6726604))

table 3 : explain SELECT DISTINCT c FROM sbtest3 WHERE id BETWEEN 6019380 AND 6019479 ORDER BY c
	Unique  (cost=390.29..390.77 rows=97 width=121)
	  ->  Sort  (cost=390.29..390.53 rows=97 width=121)
	        Sort Key: c
	        ->  Index Scan using sbtest3_pkey on sbtest3  (cost=0.43..387.09 rows=97 width=121)
	              Index Cond: ((id >= 6019380) AND (id <= 6019479))

table 4 : explain SELECT DISTINCT c FROM sbtest4 WHERE id BETWEEN 1409859 AND 1409958 ORDER BY c
	Unique  (cost=389.98..390.46 rows=97 width=121)
	  ->  Sort  (cost=389.98..390.22 rows=97 width=121)
	        Sort Key: c
	        ->  Index Scan using sbtest4_pkey on sbtest4  (cost=0.43..386.78 rows=97 width=121)
	              Index Cond: ((id >= 1409859) AND (id <= 1409958))

table 5 : explain SELECT DISTINCT c FROM sbtest5 WHERE id BETWEEN 7677747 AND 7677846 ORDER BY c
	Unique  (cost=381.92..382.39 rows=95 width=121)
	  ->  Sort  (cost=381.92..382.16 rows=95 width=121)
	        Sort Key: c
	        ->  Index Scan using sbtest5_pkey on sbtest5  (cost=0.43..378.80 rows=95 width=121)
	              Index Cond: ((id >= 7677747) AND (id <= 7677846))

table 6 : explain SELECT DISTINCT c FROM sbtest6 WHERE id BETWEEN 4096137 AND 4096236 ORDER BY c
	Unique  (cost=377.80..378.27 rows=94 width=121)
	  ->  Sort  (cost=377.80..378.04 rows=94 width=121)
	        Sort Key: c
	        ->  Index Scan using sbtest6_pkey on sbtest6  (cost=0.43..374.72 rows=94 width=121)
	              Index Cond: ((id >= 4096137) AND (id <= 4096236))

table 7 : explain SELECT DISTINCT c FROM sbtest7 WHERE id BETWEEN 9057020 AND 9057119 ORDER BY c
	Unique  (cost=409.12..409.63 rows=102 width=121)
	  ->  Sort  (cost=409.12..409.37 rows=102 width=121)
	        Sort Key: c
	        ->  Index Scan using sbtest7_pkey on sbtest7  (cost=0.43..405.71 rows=102 width=121)
	              Index Cond: ((id >= 9057020) AND (id <= 9057119))

table 8 : explain SELECT DISTINCT c FROM sbtest8 WHERE id BETWEEN 4610535 AND 4610634 ORDER BY c
	Unique  (cost=402.39..402.89 rows=100 width=121)
	  ->  Sort  (cost=402.39..402.64 rows=100 width=121)
	        Sort Key: c
	        ->  Index Scan using sbtest8_pkey on sbtest8  (cost=0.43..399.07 rows=100 width=121)
	              Index Cond: ((id >= 4610535) AND (id <= 4610634))

for: simple_ranges
table 1 : explain SELECT c FROM sbtest1 WHERE id BETWEEN 9125951 AND 9126050
	Index Scan using sbtest1_pkey on sbtest1  (cost=0.43..395.57 rows=99 width=121)
	  Index Cond: ((id >= 9125951) AND (id <= 9126050))

table 2 : explain SELECT c FROM sbtest2 WHERE id BETWEEN 5869769 AND 5869868
	Index Scan using sbtest2_pkey on sbtest2  (cost=0.43..439.01 rows=110 width=121)
	  Index Cond: ((id >= 5869769) AND (id <= 5869868))

table 3 : explain SELECT c FROM sbtest3 WHERE id BETWEEN 867918 AND 868017
	Index Scan using sbtest3_pkey on sbtest3  (cost=0.43..418.66 rows=105 width=121)
	  Index Cond: ((id >= 867918) AND (id <= 868017))

table 4 : explain SELECT c FROM sbtest4 WHERE id BETWEEN 1725393 AND 1725492
	Index Scan using sbtest4_pkey on sbtest4  (cost=0.43..453.79 rows=114 width=121)
	  Index Cond: ((id >= 1725393) AND (id <= 1725492))

table 5 : explain SELECT c FROM sbtest5 WHERE id BETWEEN 1189809 AND 1189908
	Index Scan using sbtest5_pkey on sbtest5  (cost=0.43..398.52 rows=100 width=121)
	  Index Cond: ((id >= 1189809) AND (id <= 1189908))

table 6 : explain SELECT c FROM sbtest6 WHERE id BETWEEN 6784560 AND 6784659
	Index Scan using sbtest6_pkey on sbtest6  (cost=0.43..453.50 rows=114 width=121)
	  Index Cond: ((id >= 6784560) AND (id <= 6784659))

table 7 : explain SELECT c FROM sbtest7 WHERE id BETWEEN 6459194 AND 6459293
	Index Scan using sbtest7_pkey on sbtest7  (cost=0.43..405.71 rows=102 width=121)
	  Index Cond: ((id >= 6459194) AND (id <= 6459293))

table 8 : explain SELECT c FROM sbtest8 WHERE id BETWEEN 5647489 AND 5647588
	Index Scan using sbtest8_pkey on sbtest8  (cost=0.43..395.11 rows=99 width=121)
	  Index Cond: ((id >= 5647489) AND (id <= 5647588))

for: sum_ranges
table 1 : explain SELECT SUM(k) FROM sbtest1 WHERE id BETWEEN 199860 AND 199959
	Aggregate  (cost=407.69..407.70 rows=1 width=8)
	  ->  Index Scan using sbtest1_pkey on sbtest1  (cost=0.43..407.43 rows=102 width=4)
	        Index Cond: ((id >= 199860) AND (id <= 199959))

table 2 : explain SELECT SUM(k) FROM sbtest2 WHERE id BETWEEN 4999136 AND 4999235
	Aggregate  (cost=387.89..387.90 rows=1 width=8)
	  ->  Index Scan using sbtest2_pkey on sbtest2  (cost=0.43..387.65 rows=97 width=4)
	        Index Cond: ((id >= 4999136) AND (id <= 4999235))

table 3 : explain SELECT SUM(k) FROM sbtest3 WHERE id BETWEEN 3856193 AND 3856292
	Aggregate  (cost=395.22..395.23 rows=1 width=8)
	  ->  Index Scan using sbtest3_pkey on sbtest3  (cost=0.43..394.97 rows=99 width=4)
	        Index Cond: ((id >= 3856193) AND (id <= 3856292))

table 4 : explain SELECT SUM(k) FROM sbtest4 WHERE id BETWEEN 7760199 AND 7760298
	Aggregate  (cost=414.64..414.65 rows=1 width=8)
	  ->  Index Scan using sbtest4_pkey on sbtest4  (cost=0.43..414.38 rows=104 width=4)
	        Index Cond: ((id >= 7760199) AND (id <= 7760298))

table 5 : explain SELECT SUM(k) FROM sbtest5 WHERE id BETWEEN 8990453 AND 8990552
	Aggregate  (cost=398.77..398.78 rows=1 width=8)
	  ->  Index Scan using sbtest5_pkey on sbtest5  (cost=0.43..398.52 rows=100 width=4)
	        Index Cond: ((id >= 8990453) AND (id <= 8990552))

table 6 : explain SELECT SUM(k) FROM sbtest6 WHERE id BETWEEN 3928005 AND 3928104
	Aggregate  (cost=434.08..434.09 rows=1 width=8)
	  ->  Index Scan using sbtest6_pkey on sbtest6  (cost=0.43..433.81 rows=109 width=4)
	        Index Cond: ((id >= 3928005) AND (id <= 3928104))

table 7 : explain SELECT SUM(k) FROM sbtest7 WHERE id BETWEEN 1405712 AND 1405811
	Aggregate  (cost=382.34..382.35 rows=1 width=8)
	  ->  Index Scan using sbtest7_pkey on sbtest7  (cost=0.43..382.10 rows=96 width=4)
	        Index Cond: ((id >= 1405712) AND (id <= 1405811))

table 8 : explain SELECT SUM(k) FROM sbtest8 WHERE id BETWEEN 3756007 AND 3756106
	Aggregate  (cost=387.46..387.47 rows=1 width=8)
	  ->  Index Scan using sbtest8_pkey on sbtest8  (cost=0.43..387.22 rows=97 width=4)
	        Index Cond: ((id >= 3756007) AND (id <= 3756106))

for: sum_ranges
table 1 : explain SELECT SUM(k) FROM sbtest1 WHERE id BETWEEN 849511 AND 849610
	Aggregate  (cost=411.64..411.65 rows=1 width=8)
	  ->  Index Scan using sbtest1_pkey on sbtest1  (cost=0.43..411.38 rows=103 width=4)
	        Index Cond: ((id >= 849511) AND (id <= 849610))

table 2 : explain SELECT SUM(k) FROM sbtest2 WHERE id BETWEEN 3709252 AND 3709351
	Aggregate  (cost=423.48..423.49 rows=1 width=8)
	  ->  Index Scan using sbtest2_pkey on sbtest2  (cost=0.43..423.22 rows=106 width=4)
	        Index Cond: ((id >= 3709252) AND (id <= 3709351))

table 3 : explain SELECT SUM(k) FROM sbtest3 WHERE id BETWEEN 726354 AND 726453
	Aggregate  (cost=430.76..430.77 rows=1 width=8)
	  ->  Index Scan using sbtest3_pkey on sbtest3  (cost=0.43..430.49 rows=108 width=4)
	        Index Cond: ((id >= 726354) AND (id <= 726453))

table 4 : explain SELECT SUM(k) FROM sbtest4 WHERE id BETWEEN 1313952 AND 1314051
	Aggregate  (cost=402.81..402.82 rows=1 width=8)
	  ->  Index Scan using sbtest4_pkey on sbtest4  (cost=0.43..402.56 rows=101 width=4)
	        Index Cond: ((id >= 1313952) AND (id <= 1314051))

table 5 : explain SELECT SUM(k) FROM sbtest5 WHERE id BETWEEN 7639490 AND 7639589
	Aggregate  (cost=379.04..379.05 rows=1 width=8)
	  ->  Index Scan using sbtest5_pkey on sbtest5  (cost=0.43..378.80 rows=95 width=4)
	        Index Cond: ((id >= 7639490) AND (id <= 7639589))

table 6 : explain SELECT SUM(k) FROM sbtest6 WHERE id BETWEEN 7951877 AND 7951976
	Aggregate  (cost=394.66..394.67 rows=1 width=8)
	  ->  Index Scan using sbtest6_pkey on sbtest6  (cost=0.43..394.41 rows=99 width=4)
	        Index Cond: ((id >= 7951877) AND (id <= 7951976))

table 7 : explain SELECT SUM(k) FROM sbtest7 WHERE id BETWEEN 5691966 AND 5692065
	Aggregate  (cost=390.21..390.22 rows=1 width=8)
	  ->  Index Scan using sbtest7_pkey on sbtest7  (cost=0.43..389.96 rows=98 width=4)
	        Index Cond: ((id >= 5691966) AND (id <= 5692065))

table 8 : explain SELECT SUM(k) FROM sbtest8 WHERE id BETWEEN 4434366 AND 4434465
	Aggregate  (cost=359.83..359.84 rows=1 width=8)
	  ->  Index Scan using sbtest8_pkey on sbtest8  (cost=0.43..359.60 rows=90 width=4)
	        Index Cond: ((id >= 4434366) AND (id <= 4434465))

for: distinct_ranges
table 1 : explain SELECT DISTINCT c FROM sbtest1 WHERE id BETWEEN 2640211 AND 2640310 ORDER BY c
	Unique  (cost=386.88..387.36 rows=96 width=121)
	  ->  Sort  (cost=386.88..387.12 rows=96 width=121)
	        Sort Key: c
	        ->  Index Scan using sbtest1_pkey on sbtest1  (cost=0.43..383.72 rows=96 width=121)
	              Index Cond: ((id >= 2640211) AND (id <= 2640310))

table 2 : explain SELECT DISTINCT c FROM sbtest2 WHERE id BETWEEN 6827247 AND 6827346 ORDER BY c
	Unique  (cost=394.84..395.33 rows=98 width=121)
	  ->  Sort  (cost=394.84..395.09 rows=98 width=121)
	        Sort Key: c
	        ->  Index Scan using sbtest2_pkey on sbtest2  (cost=0.43..391.60 rows=98 width=121)
	              Index Cond: ((id >= 6827247) AND (id <= 6827346))

table 3 : explain SELECT DISTINCT c FROM sbtest3 WHERE id BETWEEN 7495147 AND 7495246 ORDER BY c
	Unique  (cost=362.40..362.85 rows=90 width=121)
	  ->  Sort  (cost=362.40..362.63 rows=90 width=121)
	        Sort Key: c
	        ->  Index Scan using sbtest3_pkey on sbtest3  (cost=0.43..359.48 rows=90 width=121)
	              Index Cond: ((id >= 7495147) AND (id <= 7495246))

table 4 : explain SELECT DISTINCT c FROM sbtest4 WHERE id BETWEEN 150356 AND 150455 ORDER BY c
	Unique  (cost=457.68..458.25 rows=114 width=121)
	  ->  Sort  (cost=457.68..457.96 rows=114 width=121)
	        Sort Key: c
	        ->  Index Scan using sbtest4_pkey on sbtest4  (cost=0.43..453.79 rows=114 width=121)
	              Index Cond: ((id >= 150356) AND (id <= 150455))

table 5 : explain SELECT DISTINCT c FROM sbtest5 WHERE id BETWEEN 1937603 AND 1937702 ORDER BY c
	Unique  (cost=425.72..426.25 rows=106 width=121)
	  ->  Sort  (cost=425.72..425.98 rows=106 width=121)
	        Sort Key: c
	        ->  Index Scan using sbtest5_pkey on sbtest5  (cost=0.43..422.15 rows=106 width=121)
	              Index Cond: ((id >= 1937603) AND (id <= 1937702))

table 6 : explain SELECT DISTINCT c FROM sbtest6 WHERE id BETWEEN 7554751 AND 7554850 ORDER BY c
	Unique  (cost=425.56..426.09 rows=106 width=121)
	  ->  Sort  (cost=425.56..425.83 rows=106 width=121)
	        Sort Key: c
	        ->  Index Scan using sbtest6_pkey on sbtest6  (cost=0.43..422.00 rows=106 width=121)
	              Index Cond: ((id >= 7554751) AND (id <= 7554850))

table 7 : explain SELECT DISTINCT c FROM sbtest7 WHERE id BETWEEN 757503 AND 757602 ORDER BY c
	Unique  (cost=377.31..377.78 rows=94 width=121)
	  ->  Sort  (cost=377.31..377.55 rows=94 width=121)
	        Sort Key: c
	        ->  Index Scan using sbtest7_pkey on sbtest7  (cost=0.43..374.23 rows=94 width=121)
	              Index Cond: ((id >= 757503) AND (id <= 757602))

table 8 : explain SELECT DISTINCT c FROM sbtest8 WHERE id BETWEEN 4030605 AND 4030704 ORDER BY c
	Unique  (cost=434.28..434.82 rows=108 width=121)
	  ->  Sort  (cost=434.28..434.55 rows=108 width=121)
	        Sort Key: c
	        ->  Index Scan using sbtest8_pkey on sbtest8  (cost=0.43..430.63 rows=108 width=121)
	              Index Cond: ((id >= 4030605) AND (id <= 4030704))

for: sum_ranges
table 1 : explain SELECT SUM(k) FROM sbtest1 WHERE id BETWEEN 5442114 AND 5442213
	Aggregate  (cost=364.20..364.21 rows=1 width=8)
	  ->  Index Scan using sbtest1_pkey on sbtest1  (cost=0.43..363.97 rows=91 width=4)
	        Index Cond: ((id >= 5442114) AND (id <= 5442213))

table 2 : explain SELECT SUM(k) FROM sbtest2 WHERE id BETWEEN 5202156 AND 5202255
	Aggregate  (cost=348.37..348.38 rows=1 width=8)
	  ->  Index Scan using sbtest2_pkey on sbtest2  (cost=0.43..348.16 rows=87 width=4)
	        Index Cond: ((id >= 5202156) AND (id <= 5202255))

table 3 : explain SELECT SUM(k) FROM sbtest3 WHERE id BETWEEN 5483255 AND 5483354
	Aggregate  (cost=474.16..474.17 rows=1 width=8)
	  ->  Index Scan using sbtest3_pkey on sbtest3  (cost=0.43..473.87 rows=119 width=4)
	        Index Cond: ((id >= 5483255) AND (id <= 5483354))

table 4 : explain SELECT SUM(k) FROM sbtest4 WHERE id BETWEEN 8380548 AND 8380647
	Aggregate  (cost=398.87..398.88 rows=1 width=8)
	  ->  Index Scan using sbtest4_pkey on sbtest4  (cost=0.43..398.62 rows=100 width=4)
	        Index Cond: ((id >= 8380548) AND (id <= 8380647))

table 5 : explain SELECT SUM(k) FROM sbtest5 WHERE id BETWEEN 1139816 AND 1139915
	Aggregate  (cost=398.77..398.78 rows=1 width=8)
	  ->  Index Scan using sbtest5_pkey on sbtest5  (cost=0.43..398.52 rows=100 width=4)
	        Index Cond: ((id >= 1139816) AND (id <= 1139915))

table 6 : explain SELECT SUM(k) FROM sbtest6 WHERE id BETWEEN 8149097 AND 8149196
	Aggregate  (cost=386.78..386.79 rows=1 width=8)
	  ->  Index Scan using sbtest6_pkey on sbtest6  (cost=0.43..386.54 rows=97 width=4)
	        Index Cond: ((id >= 8149097) AND (id <= 8149196))

table 7 : explain SELECT SUM(k) FROM sbtest7 WHERE id BETWEEN 2796520 AND 2796619
	Aggregate  (cost=394.14..394.15 rows=1 width=8)
	  ->  Index Scan using sbtest7_pkey on sbtest7  (cost=0.43..393.89 rows=99 width=4)
	        Index Cond: ((id >= 2796520) AND (id <= 2796619))

table 8 : explain SELECT SUM(k) FROM sbtest8 WHERE id BETWEEN 7409633 AND 7409732
	Aggregate  (cost=395.36..395.37 rows=1 width=8)
	  ->  Index Scan using sbtest8_pkey on sbtest8  (cost=0.43..395.11 rows=99 width=4)
	        Index Cond: ((id >= 7409633) AND (id <= 7409732))

for: sum_ranges
table 1 : explain SELECT SUM(k) FROM sbtest1 WHERE id BETWEEN 7828935 AND 7829034
	Aggregate  (cost=427.45..427.46 rows=1 width=8)
	  ->  Index Scan using sbtest1_pkey on sbtest1  (cost=0.43..427.18 rows=107 width=4)
	        Index Cond: ((id >= 7828935) AND (id <= 7829034))

table 2 : explain SELECT SUM(k) FROM sbtest2 WHERE id BETWEEN 6333695 AND 6333794
	Aggregate  (cost=391.85..391.86 rows=1 width=8)
	  ->  Index Scan using sbtest2_pkey on sbtest2  (cost=0.43..391.60 rows=98 width=4)
	        Index Cond: ((id >= 6333695) AND (id <= 6333794))

table 3 : explain SELECT SUM(k) FROM sbtest3 WHERE id BETWEEN 1847255 AND 1847354
	Aggregate  (cost=450.49..450.50 rows=1 width=8)
	  ->  Index Scan using sbtest3_pkey on sbtest3  (cost=0.43..450.20 rows=113 width=4)
	        Index Cond: ((id >= 1847255) AND (id <= 1847354))

table 4 : explain SELECT SUM(k) FROM sbtest4 WHERE id BETWEEN 2792503 AND 2792602
	Aggregate  (cost=379.13..379.14 rows=1 width=8)
	  ->  Index Scan using sbtest4_pkey on sbtest4  (cost=0.43..378.90 rows=95 width=4)
	        Index Cond: ((id >= 2792503) AND (id <= 2792602))

table 5 : explain SELECT SUM(k) FROM sbtest5 WHERE id BETWEEN 1007192 AND 1007291
	Aggregate  (cost=375.09..375.10 rows=1 width=8)
	  ->  Index Scan using sbtest5_pkey on sbtest5  (cost=0.43..374.86 rows=94 width=4)
	        Index Cond: ((id >= 1007192) AND (id <= 1007291))

table 6 : explain SELECT SUM(k) FROM sbtest6 WHERE id BETWEEN 4766588 AND 4766687
	Aggregate  (cost=378.90..378.91 rows=1 width=8)
	  ->  Index Scan using sbtest6_pkey on sbtest6  (cost=0.43..378.66 rows=95 width=4)
	        Index Cond: ((id >= 4766588) AND (id <= 4766687))

table 7 : explain SELECT SUM(k) FROM sbtest7 WHERE id BETWEEN 3502015 AND 3502114
	Aggregate  (cost=405.97..405.98 rows=1 width=8)
	  ->  Index Scan using sbtest7_pkey on sbtest7  (cost=0.43..405.71 rows=102 width=4)
	        Index Cond: ((id >= 3502015) AND (id <= 3502114))

table 8 : explain SELECT SUM(k) FROM sbtest8 WHERE id BETWEEN 7434854 AND 7434953
	Aggregate  (cost=395.36..395.37 rows=1 width=8)
	  ->  Index Scan using sbtest8_pkey on sbtest8  (cost=0.43..395.11 rows=99 width=4)
	        Index Cond: ((id >= 7434854) AND (id <= 7434953))

for: order_ranges
table 1 : explain SELECT c FROM sbtest1 WHERE id BETWEEN 8738536 AND 8738635 ORDER BY c
	Sort  (cost=418.82..419.08 rows=104 width=121)
	  Sort Key: c
	  ->  Index Scan using sbtest1_pkey on sbtest1  (cost=0.43..415.33 rows=104 width=121)
	        Index Cond: ((id >= 8738536) AND (id <= 8738635))

table 2 : explain SELECT c FROM sbtest2 WHERE id BETWEEN 6758410 AND 6758509 ORDER BY c
	Sort  (cost=390.85..391.10 rows=97 width=121)
	  Sort Key: c
	  ->  Index Scan using sbtest2_pkey on sbtest2  (cost=0.43..387.65 rows=97 width=121)
	        Index Cond: ((id >= 6758410) AND (id <= 6758509))

table 3 : explain SELECT c FROM sbtest3 WHERE id BETWEEN 3331362 AND 3331461 ORDER BY c
	Sort  (cost=438.12..438.39 rows=109 width=121)
	  Sort Key: c
	  ->  Index Scan using sbtest3_pkey on sbtest3  (cost=0.43..434.43 rows=109 width=121)
	        Index Cond: ((id >= 3331362) AND (id <= 3331461))

table 4 : explain SELECT c FROM sbtest4 WHERE id BETWEEN 2584747 AND 2584846 ORDER BY c
	Sort  (cost=425.83..426.09 rows=106 width=121)
	  Sort Key: c
	  ->  Index Scan using sbtest4_pkey on sbtest4  (cost=0.43..422.26 rows=106 width=121)
	        Index Cond: ((id >= 2584747) AND (id <= 2584846))

table 5 : explain SELECT c FROM sbtest5 WHERE id BETWEEN 2326799 AND 2326898 ORDER BY c
	Sort  (cost=389.88..390.12 rows=97 width=121)
	  Sort Key: c
	  ->  Index Scan using sbtest5_pkey on sbtest5  (cost=0.43..386.68 rows=97 width=121)
	        Index Cond: ((id >= 2326799) AND (id <= 2326898))

table 6 : explain SELECT c FROM sbtest6 WHERE id BETWEEN 9453249 AND 9453348 ORDER BY c
	Sort  (cost=489.23..489.54 rows=122 width=121)
	  Sort Key: c
	  ->  Index Scan using sbtest6_pkey on sbtest6  (cost=0.43..485.00 rows=122 width=121)
	        Index Cond: ((id >= 9453249) AND (id <= 9453348))

table 7 : explain SELECT c FROM sbtest7 WHERE id BETWEEN 1780997 AND 1781096 ORDER BY c
	Sort  (cost=409.12..409.37 rows=102 width=121)
	  Sort Key: c
	  ->  Index Scan using sbtest7_pkey on sbtest7  (cost=0.43..405.71 rows=102 width=121)
	        Index Cond: ((id >= 1780997) AND (id <= 1781096))

table 8 : explain SELECT c FROM sbtest8 WHERE id BETWEEN 8608789 AND 8608888 ORDER BY c
	Sort  (cost=414.35..414.61 rows=103 width=121)
	  Sort Key: c
	  ->  Index Scan using sbtest8_pkey on sbtest8  (cost=0.43..410.91 rows=103 width=121)
	        Index Cond: ((id >= 8608789) AND (id <= 8608888))

for: sum_ranges
table 1 : explain SELECT SUM(k) FROM sbtest1 WHERE id BETWEEN 6760204 AND 6760303
	Aggregate  (cost=395.82..395.83 rows=1 width=8)
	  ->  Index Scan using sbtest1_pkey on sbtest1  (cost=0.43..395.57 rows=99 width=4)
	        Index Cond: ((id >= 6760204) AND (id <= 6760303))

table 2 : explain SELECT SUM(k) FROM sbtest2 WHERE id BETWEEN 1415336 AND 1415435
	Aggregate  (cost=356.28..356.29 rows=1 width=8)
	  ->  Index Scan using sbtest2_pkey on sbtest2  (cost=0.43..356.05 rows=89 width=4)
	        Index Cond: ((id >= 1415336) AND (id <= 1415435))

table 3 : explain SELECT SUM(k) FROM sbtest3 WHERE id BETWEEN 8903687 AND 8903786
	Aggregate  (cost=387.33..387.34 rows=1 width=8)
	  ->  Index Scan using sbtest3_pkey on sbtest3  (cost=0.43..387.09 rows=97 width=4)
	        Index Cond: ((id >= 8903687) AND (id <= 8903786))

table 4 : explain SELECT SUM(k) FROM sbtest4 WHERE id BETWEEN 5673319 AND 5673418
	Aggregate  (cost=394.91..394.92 rows=1 width=8)
	  ->  Index Scan using sbtest4_pkey on sbtest4  (cost=0.43..394.66 rows=99 width=4)
	        Index Cond: ((id >= 5673319) AND (id <= 5673418))

table 5 : explain SELECT SUM(k) FROM sbtest5 WHERE id BETWEEN 3192715 AND 3192814
	Aggregate  (cost=390.86..390.87 rows=1 width=8)
	  ->  Index Scan using sbtest5_pkey on sbtest5  (cost=0.43..390.62 rows=98 width=4)
	        Index Cond: ((id >= 3192715) AND (id <= 3192814))

table 6 : explain SELECT SUM(k) FROM sbtest6 WHERE id BETWEEN 4743908 AND 4744007
	Aggregate  (cost=378.90..378.91 rows=1 width=8)
	  ->  Index Scan using sbtest6_pkey on sbtest6  (cost=0.43..378.66 rows=95 width=4)
	        Index Cond: ((id >= 4743908) AND (id <= 4744007))

table 7 : explain SELECT SUM(k) FROM sbtest7 WHERE id BETWEEN 7486286 AND 7486385
	Aggregate  (cost=398.08..398.09 rows=1 width=8)
	  ->  Index Scan using sbtest7_pkey on sbtest7  (cost=0.43..397.83 rows=100 width=4)
	        Index Cond: ((id >= 7486286) AND (id <= 7486385))

table 8 : explain SELECT SUM(k) FROM sbtest8 WHERE id BETWEEN 6942243 AND 6942342
	Aggregate  (cost=415.11..415.12 rows=1 width=8)
	  ->  Index Scan using sbtest8_pkey on sbtest8  (cost=0.43..414.85 rows=104 width=4)
	        Index Cond: ((id >= 6942243) AND (id <= 6942342))

for: sum_ranges
table 1 : explain SELECT SUM(k) FROM sbtest1 WHERE id BETWEEN 1005564 AND 1005663
	Aggregate  (cost=423.50..423.51 rows=1 width=8)
	  ->  Index Scan using sbtest1_pkey on sbtest1  (cost=0.43..423.23 rows=106 width=4)
	        Index Cond: ((id >= 1005564) AND (id <= 1005663))

table 2 : explain SELECT SUM(k) FROM sbtest2 WHERE id BETWEEN 8869562 AND 8869661
	Aggregate  (cost=411.62..411.63 rows=1 width=8)
	  ->  Index Scan using sbtest2_pkey on sbtest2  (cost=0.43..411.37 rows=103 width=4)
	        Index Cond: ((id >= 8869562) AND (id <= 8869661))

table 3 : explain SELECT SUM(k) FROM sbtest3 WHERE id BETWEEN 5530316 AND 5530415
	Aggregate  (cost=379.44..379.45 rows=1 width=8)
	  ->  Index Scan using sbtest3_pkey on sbtest3  (cost=0.43..379.20 rows=95 width=4)
	        Index Cond: ((id >= 5530316) AND (id <= 5530415))

table 4 : explain SELECT SUM(k) FROM sbtest4 WHERE id BETWEEN 1515658 AND 1515757
	Aggregate  (cost=394.91..394.92 rows=1 width=8)
	  ->  Index Scan using sbtest4_pkey on sbtest4  (cost=0.43..394.66 rows=99 width=4)
	        Index Cond: ((id >= 1515658) AND (id <= 1515757))

table 5 : explain SELECT SUM(k) FROM sbtest5 WHERE id BETWEEN 1189755 AND 1189854
	Aggregate  (cost=398.77..398.78 rows=1 width=8)
	  ->  Index Scan using sbtest5_pkey on sbtest5  (cost=0.43..398.52 rows=100 width=4)
	        Index Cond: ((id >= 1189755) AND (id <= 1189854))

table 6 : explain SELECT SUM(k) FROM sbtest6 WHERE id BETWEEN 5033315 AND 5033414
	Aggregate  (cost=414.38..414.39 rows=1 width=8)
	  ->  Index Scan using sbtest6_pkey on sbtest6  (cost=0.43..414.12 rows=104 width=4)
	        Index Cond: ((id >= 5033315) AND (id <= 5033414))

table 7 : explain SELECT SUM(k) FROM sbtest7 WHERE id BETWEEN 6589687 AND 6589786
	Aggregate  (cost=425.65..425.66 rows=1 width=8)
	  ->  Index Scan using sbtest7_pkey on sbtest7  (cost=0.43..425.38 rows=107 width=4)
	        Index Cond: ((id >= 6589687) AND (id <= 6589786))

table 8 : explain SELECT SUM(k) FROM sbtest8 WHERE id BETWEEN 1762375 AND 1762474
	Aggregate  (cost=454.59..454.60 rows=1 width=8)
	  ->  Index Scan using sbtest8_pkey on sbtest8  (cost=0.43..454.30 rows=114 width=4)
	        Index Cond: ((id >= 1762375) AND (id <= 1762474))

for: sum_ranges
table 1 : explain SELECT SUM(k) FROM sbtest1 WHERE id BETWEEN 9379608 AND 9379707
	Aggregate  (cost=376.05..376.06 rows=1 width=8)
	  ->  Index Scan using sbtest1_pkey on sbtest1  (cost=0.43..375.82 rows=94 width=4)
	        Index Cond: ((id >= 9379608) AND (id <= 9379707))

table 2 : explain SELECT SUM(k) FROM sbtest2 WHERE id BETWEEN 2387831 AND 2387930
	Aggregate  (cost=427.43..427.44 rows=1 width=8)
	  ->  Index Scan using sbtest2_pkey on sbtest2  (cost=0.43..427.17 rows=107 width=4)
	        Index Cond: ((id >= 2387831) AND (id <= 2387930))

table 3 : explain SELECT SUM(k) FROM sbtest3 WHERE id BETWEEN 9103411 AND 9103510
	Aggregate  (cost=355.76..355.77 rows=1 width=8)
	  ->  Index Scan using sbtest3_pkey on sbtest3  (cost=0.43..355.54 rows=89 width=4)
	        Index Cond: ((id >= 9103411) AND (id <= 9103510))

table 4 : explain SELECT SUM(k) FROM sbtest4 WHERE id BETWEEN 8781715 AND 8781814
	Aggregate  (cost=367.31..367.32 rows=1 width=8)
	  ->  Index Scan using sbtest4_pkey on sbtest4  (cost=0.43..367.08 rows=92 width=4)
	        Index Cond: ((id >= 8781715) AND (id <= 8781814))

table 5 : explain SELECT SUM(k) FROM sbtest5 WHERE id BETWEEN 9455656 AND 9455755
	Aggregate  (cost=394.82..394.83 rows=1 width=8)
	  ->  Index Scan using sbtest5_pkey on sbtest5  (cost=0.43..394.58 rows=99 width=4)
	        Index Cond: ((id >= 9455656) AND (id <= 9455755))

table 6 : explain SELECT SUM(k) FROM sbtest6 WHERE id BETWEEN 5711649 AND 5711748
	Aggregate  (cost=406.50..406.51 rows=1 width=8)
	  ->  Index Scan using sbtest6_pkey on sbtest6  (cost=0.43..406.25 rows=102 width=4)
	        Index Cond: ((id >= 5711649) AND (id <= 5711748))

table 7 : explain SELECT SUM(k) FROM sbtest7 WHERE id BETWEEN 3229982 AND 3230081
	Aggregate  (cost=366.60..366.61 rows=1 width=8)
	  ->  Index Scan using sbtest7_pkey on sbtest7  (cost=0.43..366.37 rows=92 width=4)
	        Index Cond: ((id >= 3229982) AND (id <= 3230081))

table 8 : explain SELECT SUM(k) FROM sbtest8 WHERE id BETWEEN 900587 AND 900686
	Aggregate  (cost=403.27..403.28 rows=1 width=8)
	  ->  Index Scan using sbtest8_pkey on sbtest8  (cost=0.43..403.02 rows=101 width=4)
	        Index Cond: ((id >= 900587) AND (id <= 900686))

for: order_ranges
table 1 : explain SELECT c FROM sbtest1 WHERE id BETWEEN 5072044 AND 5072143 ORDER BY c
	Sort  (cost=394.86..395.10 rows=98 width=121)
	  Sort Key: c
	  ->  Index Scan using sbtest1_pkey on sbtest1  (cost=0.43..391.62 rows=98 width=121)
	        Index Cond: ((id >= 5072044) AND (id <= 5072143))

table 2 : explain SELECT c FROM sbtest2 WHERE id BETWEEN 7400994 AND 7401093 ORDER BY c
	Sort  (cost=418.80..419.06 rows=104 width=121)
	  Sort Key: c
	  ->  Index Scan using sbtest2_pkey on sbtest2  (cost=0.43..415.32 rows=104 width=121)
	        Index Cond: ((id >= 7400994) AND (id <= 7401093))

table 3 : explain SELECT c FROM sbtest3 WHERE id BETWEEN 3929744 AND 3929843 ORDER BY c
	Sort  (cost=398.26..398.50 rows=99 width=121)
	  Sort Key: c
	  ->  Index Scan using sbtest3_pkey on sbtest3  (cost=0.43..394.97 rows=99 width=121)
	        Index Cond: ((id >= 3929744) AND (id <= 3929843))

table 4 : explain SELECT c FROM sbtest4 WHERE id BETWEEN 6316299 AND 6316398 ORDER BY c
	Sort  (cost=386.00..386.24 rows=96 width=121)
	  Sort Key: c
	  ->  Index Scan using sbtest4_pkey on sbtest4  (cost=0.43..382.84 rows=96 width=121)
	        Index Cond: ((id >= 6316299) AND (id <= 6316398))

table 5 : explain SELECT c FROM sbtest5 WHERE id BETWEEN 8898740 AND 8898839 ORDER BY c
	Sort  (cost=377.94..378.17 rows=94 width=121)
	  Sort Key: c
	  ->  Index Scan using sbtest5_pkey on sbtest5  (cost=0.43..374.86 rows=94 width=121)
	        Index Cond: ((id >= 8898740) AND (id <= 8898839))

table 6 : explain SELECT c FROM sbtest6 WHERE id BETWEEN 6869106 AND 6869205 ORDER BY c
	Sort  (cost=381.78..382.02 rows=95 width=121)
	  Sort Key: c
	  ->  Index Scan using sbtest6_pkey on sbtest6  (cost=0.43..378.66 rows=95 width=121)
	        Index Cond: ((id >= 6869106) AND (id <= 6869205))

table 7 : explain SELECT c FROM sbtest7 WHERE id BETWEEN 2290762 AND 2290861 ORDER BY c
	Sort  (cost=417.06..417.32 rows=104 width=121)
	  Sort Key: c
	  ->  Index Scan using sbtest7_pkey on sbtest7  (cost=0.43..413.58 rows=104 width=121)
	        Index Cond: ((id >= 2290762) AND (id <= 2290861))

table 8 : explain SELECT c FROM sbtest8 WHERE id BETWEEN 5273799 AND 5273898 ORDER BY c
	Sort  (cost=398.39..398.64 rows=99 width=121)
	  Sort Key: c
	  ->  Index Scan using sbtest8_pkey on sbtest8  (cost=0.43..395.11 rows=99 width=121)
	        Index Cond: ((id >= 5273799) AND (id <= 5273898))

for: order_ranges
table 1 : explain SELECT c FROM sbtest1 WHERE id BETWEEN 9444949 AND 9445048 ORDER BY c
	Sort  (cost=430.79..431.06 rows=107 width=121)
	  Sort Key: c
	  ->  Index Scan using sbtest1_pkey on sbtest1  (cost=0.43..427.18 rows=107 width=121)
	        Index Cond: ((id >= 9444949) AND (id <= 9445048))

table 2 : explain SELECT c FROM sbtest2 WHERE id BETWEEN 5053818 AND 5053917 ORDER BY c
	Sort  (cost=394.84..395.09 rows=98 width=121)
	  Sort Key: c
	  ->  Index Scan using sbtest2_pkey on sbtest2  (cost=0.43..391.60 rows=98 width=121)
	        Index Cond: ((id >= 5053818) AND (id <= 5053917))

table 3 : explain SELECT c FROM sbtest3 WHERE id BETWEEN 3423144 AND 3423243 ORDER BY c
	Sort  (cost=406.24..406.50 rows=101 width=121)
	  Sort Key: c
	  ->  Index Scan using sbtest3_pkey on sbtest3  (cost=0.43..402.88 rows=101 width=121)
	        Index Cond: ((id >= 3423144) AND (id <= 3423243))

table 4 : explain SELECT c FROM sbtest4 WHERE id BETWEEN 6120480 AND 6120579 ORDER BY c
	Sort  (cost=417.86..418.12 rows=104 width=121)
	  Sort Key: c
	  ->  Index Scan using sbtest4_pkey on sbtest4  (cost=0.43..414.38 rows=104 width=121)
	        Index Cond: ((id >= 6120480) AND (id <= 6120579))

table 5 : explain SELECT c FROM sbtest5 WHERE id BETWEEN 2755076 AND 2755175 ORDER BY c
	Sort  (cost=393.86..394.10 rows=98 width=121)
	  Sort Key: c
	  ->  Index Scan using sbtest5_pkey on sbtest5  (cost=0.43..390.62 rows=98 width=121)
	        Index Cond: ((id >= 2755076) AND (id <= 2755175))

table 6 : explain SELECT c FROM sbtest6 WHERE id BETWEEN 2110589 AND 2110688 ORDER BY c
	Sort  (cost=381.78..382.02 rows=95 width=121)
	  Sort Key: c
	  ->  Index Scan using sbtest6_pkey on sbtest6  (cost=0.43..378.66 rows=95 width=121)
	        Index Cond: ((id >= 2110589) AND (id <= 2110688))

table 7 : explain SELECT c FROM sbtest7 WHERE id BETWEEN 196152 AND 196251 ORDER BY c
	Sort  (cost=373.34..373.57 rows=93 width=121)
	  Sort Key: c
	  ->  Index Scan using sbtest7_pkey on sbtest7  (cost=0.43..370.30 rows=93 width=121)
	        Index Cond: ((id >= 196152) AND (id <= 196251))

table 8 : explain SELECT c FROM sbtest8 WHERE id BETWEEN 1182602 AND 1182701 ORDER BY c
	Sort  (cost=434.28..434.55 rows=108 width=121)
	  Sort Key: c
	  ->  Index Scan using sbtest8_pkey on sbtest8  (cost=0.43..430.63 rows=108 width=121)
	        Index Cond: ((id >= 1182602) AND (id <= 1182701))

for: sum_ranges
table 1 : explain SELECT SUM(k) FROM sbtest1 WHERE id BETWEEN 5457425 AND 5457524
	Aggregate  (cost=364.20..364.21 rows=1 width=8)
	  ->  Index Scan using sbtest1_pkey on sbtest1  (cost=0.43..363.97 rows=91 width=4)
	        Index Cond: ((id >= 5457425) AND (id <= 5457524))

table 2 : explain SELECT SUM(k) FROM sbtest2 WHERE id BETWEEN 7275121 AND 7275220
	Aggregate  (cost=395.80..395.81 rows=1 width=8)
	  ->  Index Scan using sbtest2_pkey on sbtest2  (cost=0.43..395.55 rows=99 width=4)
	        Index Cond: ((id >= 7275121) AND (id <= 7275220))

table 3 : explain SELECT SUM(k) FROM sbtest3 WHERE id BETWEEN 2321330 AND 2321429
	Aggregate  (cost=367.60..367.61 rows=1 width=8)
	  ->  Index Scan using sbtest3_pkey on sbtest3  (cost=0.43..367.37 rows=92 width=4)
	        Index Cond: ((id >= 2321330) AND (id <= 2321429))

table 4 : explain SELECT SUM(k) FROM sbtest4 WHERE id BETWEEN 7776367 AND 7776466
	Aggregate  (cost=442.24..442.25 rows=1 width=8)
	  ->  Index Scan using sbtest4_pkey on sbtest4  (cost=0.43..441.96 rows=111 width=4)
	        Index Cond: ((id >= 7776367) AND (id <= 7776466))

table 5 : explain SELECT SUM(k) FROM sbtest5 WHERE id BETWEEN 8211998 AND 8212097
	Aggregate  (cost=379.04..379.05 rows=1 width=8)
	  ->  Index Scan using sbtest5_pkey on sbtest5  (cost=0.43..378.80 rows=95 width=4)
	        Index Cond: ((id >= 8211998) AND (id <= 8212097))

table 6 : explain SELECT SUM(k) FROM sbtest6 WHERE id BETWEEN 5879379 AND 5879478
	Aggregate  (cost=418.32..418.33 rows=1 width=8)
	  ->  Index Scan using sbtest6_pkey on sbtest6  (cost=0.43..418.06 rows=105 width=4)
	        Index Cond: ((id >= 5879379) AND (id <= 5879478))

table 7 : explain SELECT SUM(k) FROM sbtest7 WHERE id BETWEEN 2843994 AND 2844093
	Aggregate  (cost=394.14..394.15 rows=1 width=8)
	  ->  Index Scan using sbtest7_pkey on sbtest7  (cost=0.43..393.89 rows=99 width=4)
	        Index Cond: ((id >= 2843994) AND (id <= 2844093))

table 8 : explain SELECT SUM(k) FROM sbtest8 WHERE id BETWEEN 2368051 AND 2368150
	Aggregate  (cost=411.17..411.18 rows=1 width=8)
	  ->  Index Scan using sbtest8_pkey on sbtest8  (cost=0.43..410.91 rows=103 width=4)
	        Index Cond: ((id >= 2368051) AND (id <= 2368150))

for: order_ranges
table 1 : explain SELECT c FROM sbtest1 WHERE id BETWEEN 4777848 AND 4777947 ORDER BY c
	Sort  (cost=398.85..399.10 rows=99 width=121)
	  Sort Key: c
	  ->  Index Scan using sbtest1_pkey on sbtest1  (cost=0.43..395.57 rows=99 width=121)
	        Index Cond: ((id >= 4777848) AND (id <= 4777947))

table 2 : explain SELECT c FROM sbtest2 WHERE id BETWEEN 8217421 AND 8217520 ORDER BY c
	Sort  (cost=354.95..355.17 rows=88 width=121)
	  Sort Key: c
	  ->  Index Scan using sbtest2_pkey on sbtest2  (cost=0.43..352.11 rows=88 width=121)
	        Index Cond: ((id >= 8217421) AND (id <= 8217520))

table 3 : explain SELECT c FROM sbtest3 WHERE id BETWEEN 1660976 AND 1661075 ORDER BY c
	Sort  (cost=410.23..410.48 rows=102 width=121)
	  Sort Key: c
	  ->  Index Scan using sbtest3_pkey on sbtest3  (cost=0.43..406.82 rows=102 width=121)
	        Index Cond: ((id >= 1660976) AND (id <= 1661075))

table 4 : explain SELECT c FROM sbtest4 WHERE id BETWEEN 879916 AND 880015 ORDER BY c
	Sort  (cost=386.00..386.24 rows=96 width=121)
	  Sort Key: c
	  ->  Index Scan using sbtest4_pkey on sbtest4  (cost=0.43..382.84 rows=96 width=121)
	        Index Cond: ((id >= 879916) AND (id <= 880015))

table 5 : explain SELECT c FROM sbtest5 WHERE id BETWEEN 7381019 AND 7381118 ORDER BY c
	Sort  (cost=369.98..370.21 rows=92 width=121)
	  Sort Key: c
	  ->  Index Scan using sbtest5_pkey on sbtest5  (cost=0.43..366.98 rows=92 width=121)
	        Index Cond: ((id >= 7381019) AND (id <= 7381118))

table 6 : explain SELECT c FROM sbtest6 WHERE id BETWEEN 5235125 AND 5235224 ORDER BY c
	Sort  (cost=393.71..393.96 rows=98 width=121)
	  Sort Key: c
	  ->  Index Scan using sbtest6_pkey on sbtest6  (cost=0.43..390.47 rows=98 width=121)
	        Index Cond: ((id >= 5235125) AND (id <= 5235224))

table 7 : explain SELECT c FROM sbtest7 WHERE id BETWEEN 6843615 AND 6843714 ORDER BY c
	Sort  (cost=385.26..385.50 rows=96 width=121)
	  Sort Key: c
	  ->  Index Scan using sbtest7_pkey on sbtest7  (cost=0.43..382.10 rows=96 width=121)
	        Index Cond: ((id >= 6843615) AND (id <= 6843714))

table 8 : explain SELECT c FROM sbtest8 WHERE id BETWEEN 5545009 AND 5545108 ORDER BY c
	Sort  (cost=390.42..390.66 rows=97 width=121)
	  Sort Key: c
	  ->  Index Scan using sbtest8_pkey on sbtest8  (cost=0.43..387.22 rows=97 width=121)
	        Index Cond: ((id >= 5545009) AND (id <= 5545108))

for: order_ranges
table 1 : explain SELECT c FROM sbtest1 WHERE id BETWEEN 2956954 AND 2957053 ORDER BY c
	Sort  (cost=394.86..395.10 rows=98 width=121)
	  Sort Key: c
	  ->  Index Scan using sbtest1_pkey on sbtest1  (cost=0.43..391.62 rows=98 width=121)
	        Index Cond: ((id >= 2956954) AND (id <= 2957053))

table 2 : explain SELECT c FROM sbtest2 WHERE id BETWEEN 2957865 AND 2957964 ORDER BY c
	Sort  (cost=382.87..383.11 rows=95 width=121)
	  Sort Key: c
	  ->  Index Scan using sbtest2_pkey on sbtest2  (cost=0.43..379.75 rows=95 width=121)
	        Index Cond: ((id >= 2957865) AND (id <= 2957964))

table 3 : explain SELECT c FROM sbtest3 WHERE id BETWEEN 4789664 AND 4789763 ORDER BY c
	Sort  (cost=406.22..406.48 rows=101 width=121)
	  Sort Key: c
	  ->  Index Scan using sbtest3_pkey on sbtest3  (cost=0.43..402.86 rows=101 width=121)
	        Index Cond: ((id >= 4789664) AND (id <= 4789763))

table 4 : explain SELECT c FROM sbtest4 WHERE id BETWEEN 2457712 AND 2457811 ORDER BY c
	Sort  (cost=401.92..402.17 rows=100 width=121)
	  Sort Key: c
	  ->  Index Scan using sbtest4_pkey on sbtest4  (cost=0.43..398.60 rows=100 width=121)
	        Index Cond: ((id >= 2457712) AND (id <= 2457811))

table 5 : explain SELECT c FROM sbtest5 WHERE id BETWEEN 1728658 AND 1728757 ORDER BY c
	Sort  (cost=397.86..398.11 rows=99 width=121)
	  Sort Key: c
	  ->  Index Scan using sbtest5_pkey on sbtest5  (cost=0.43..394.58 rows=99 width=121)
	        Index Cond: ((id >= 1728658) AND (id <= 1728757))

table 6 : explain SELECT c FROM sbtest6 WHERE id BETWEEN 9765877 AND 9765976 ORDER BY c
	Sort  (cost=381.78..382.02 rows=95 width=121)
	  Sort Key: c
	  ->  Index Scan using sbtest6_pkey on sbtest6  (cost=0.43..378.66 rows=95 width=121)
	        Index Cond: ((id >= 9765877) AND (id <= 9765976))

table 7 : explain SELECT c FROM sbtest7 WHERE id BETWEEN 5079227 AND 5079326 ORDER BY c
	Sort  (cost=413.09..413.35 rows=103 width=121)
	  Sort Key: c
	  ->  Index Scan using sbtest7_pkey on sbtest7  (cost=0.43..409.65 rows=103 width=121)
	        Index Cond: ((id >= 5079227) AND (id <= 5079326))

table 8 : explain SELECT c FROM sbtest8 WHERE id BETWEEN 9311428 AND 9311527 ORDER BY c
	Sort  (cost=394.40..394.65 rows=98 width=121)
	  Sort Key: c
	  ->  Index Scan using sbtest8_pkey on sbtest8  (cost=0.43..391.16 rows=98 width=121)
	        Index Cond: ((id >= 9311428) AND (id <= 9311527))

for: distinct_ranges
table 1 : explain SELECT DISTINCT c FROM sbtest1 WHERE id BETWEEN 8418442 AND 8418541 ORDER BY c
	Unique  (cost=414.83..415.34 rows=103 width=121)
	  ->  Sort  (cost=414.83..415.09 rows=103 width=121)
	        Sort Key: c
	        ->  Index Scan using sbtest1_pkey on sbtest1  (cost=0.43..411.38 rows=103 width=121)
	              Index Cond: ((id >= 8418442) AND (id <= 8418541))

table 2 : explain SELECT DISTINCT c FROM sbtest2 WHERE id BETWEEN 7342187 AND 7342286 ORDER BY c
	Unique  (cost=386.86..387.34 rows=96 width=121)
	  ->  Sort  (cost=386.86..387.10 rows=96 width=121)
	        Sort Key: c
	        ->  Index Scan using sbtest2_pkey on sbtest2  (cost=0.43..383.70 rows=96 width=121)
	              Index Cond: ((id >= 7342187) AND (id <= 7342286))

table 3 : explain SELECT DISTINCT c FROM sbtest3 WHERE id BETWEEN 1115869 AND 1115968 ORDER BY c
	Unique  (cost=410.23..410.74 rows=102 width=121)
	  ->  Sort  (cost=410.23..410.48 rows=102 width=121)
	        Sort Key: c
	        ->  Index Scan using sbtest3_pkey on sbtest3  (cost=0.43..406.82 rows=102 width=121)
	              Index Cond: ((id >= 1115869) AND (id <= 1115968))

table 4 : explain SELECT DISTINCT c FROM sbtest4 WHERE id BETWEEN 3767534 AND 3767633 ORDER BY c
	Unique  (cost=401.92..402.42 rows=100 width=121)
	  ->  Sort  (cost=401.92..402.17 rows=100 width=121)
	        Sort Key: c
	        ->  Index Scan using sbtest4_pkey on sbtest4  (cost=0.43..398.60 rows=100 width=121)
	              Index Cond: ((id >= 3767534) AND (id <= 3767633))

table 5 : explain SELECT DISTINCT c FROM sbtest5 WHERE id BETWEEN 4015558 AND 4015657 ORDER BY c
	Unique  (cost=385.90..386.38 rows=96 width=121)
	  ->  Sort  (cost=385.90..386.14 rows=96 width=121)
	        Sort Key: c
	        ->  Index Scan using sbtest5_pkey on sbtest5  (cost=0.43..382.74 rows=96 width=121)
	              Index Cond: ((id >= 4015558) AND (id <= 4015657))

table 6 : explain SELECT DISTINCT c FROM sbtest6 WHERE id BETWEEN 5598923 AND 5599022 ORDER BY c
	Unique  (cost=425.56..426.09 rows=106 width=121)
	  ->  Sort  (cost=425.56..425.83 rows=106 width=121)
	        Sort Key: c
	        ->  Index Scan using sbtest6_pkey on sbtest6  (cost=0.43..422.00 rows=106 width=121)
	              Index Cond: ((id >= 5598923) AND (id <= 5599022))

table 7 : explain SELECT DISTINCT c FROM sbtest7 WHERE id BETWEEN 2853389 AND 2853488 ORDER BY c
	Unique  (cost=397.18..397.67 rows=99 width=121)
	  ->  Sort  (cost=397.18..397.42 rows=99 width=121)
	        Sort Key: c
	        ->  Index Scan using sbtest7_pkey on sbtest7  (cost=0.43..393.89 rows=99 width=121)
	              Index Cond: ((id >= 2853389) AND (id <= 2853488))

table 8 : explain SELECT DISTINCT c FROM sbtest8 WHERE id BETWEEN 4764112 AND 4764211 ORDER BY c
	Unique  (cost=410.37..410.88 rows=102 width=121)
	  ->  Sort  (cost=410.37..410.62 rows=102 width=121)
	        Sort Key: c
	        ->  Index Scan using sbtest8_pkey on sbtest8  (cost=0.43..406.96 rows=102 width=121)
	              Index Cond: ((id >= 4764112) AND (id <= 4764211))

for: order_ranges
table 1 : explain SELECT c FROM sbtest1 WHERE id BETWEEN 9604742 AND 9604841 ORDER BY c
	Sort  (cost=426.80..427.06 rows=106 width=121)
	  Sort Key: c
	  ->  Index Scan using sbtest1_pkey on sbtest1  (cost=0.43..423.23 rows=106 width=121)
	        Index Cond: ((id >= 9604742) AND (id <= 9604841))

table 2 : explain SELECT c FROM sbtest2 WHERE id BETWEEN 9790678 AND 9790777 ORDER BY c
	Sort  (cost=402.84..403.09 rows=100 width=121)
	  Sort Key: c
	  ->  Index Scan using sbtest2_pkey on sbtest2  (cost=0.43..399.52 rows=100 width=121)
	        Index Cond: ((id >= 9790678) AND (id <= 9790777))

table 3 : explain SELECT c FROM sbtest3 WHERE id BETWEEN 7767966 AND 7768065 ORDER BY c
	Sort  (cost=366.39..366.61 rows=91 width=121)
	  Sort Key: c
	  ->  Index Scan using sbtest3_pkey on sbtest3  (cost=0.43..363.42 rows=91 width=121)
	        Index Cond: ((id >= 7767966) AND (id <= 7768065))

table 4 : explain SELECT c FROM sbtest4 WHERE id BETWEEN 8767047 AND 8767146 ORDER BY c
	Sort  (cost=370.08..370.31 rows=92 width=121)
	  Sort Key: c
	  ->  Index Scan using sbtest4_pkey on sbtest4  (cost=0.43..367.08 rows=92 width=121)
	        Index Cond: ((id >= 8767047) AND (id <= 8767146))

table 5 : explain SELECT c FROM sbtest5 WHERE id BETWEEN 8385847 AND 8385946 ORDER BY c
	Sort  (cost=377.94..378.17 rows=94 width=121)
	  Sort Key: c
	  ->  Index Scan using sbtest5_pkey on sbtest5  (cost=0.43..374.86 rows=94 width=121)
	        Index Cond: ((id >= 8385847) AND (id <= 8385946))

table 6 : explain SELECT c FROM sbtest6 WHERE id BETWEEN 3450536 AND 3450635 ORDER BY c
	Sort  (cost=405.67..405.92 rows=101 width=121)
	  Sort Key: c
	  ->  Index Scan using sbtest6_pkey on sbtest6  (cost=0.43..402.31 rows=101 width=121)
	        Index Cond: ((id >= 3450536) AND (id <= 3450635))

table 7 : explain SELECT c FROM sbtest7 WHERE id BETWEEN 4039958 AND 4040057 ORDER BY c
	Sort  (cost=393.20..393.45 rows=98 width=121)
	  Sort Key: c
	  ->  Index Scan using sbtest7_pkey on sbtest7  (cost=0.43..389.96 rows=98 width=121)
	        Index Cond: ((id >= 4039958) AND (id <= 4040057))

table 8 : explain SELECT c FROM sbtest8 WHERE id BETWEEN 7094813 AND 7094912 ORDER BY c
	Sort  (cost=378.46..378.70 rows=94 width=121)
	  Sort Key: c
	  ->  Index Scan using sbtest8_pkey on sbtest8  (cost=0.43..375.38 rows=94 width=121)
	        Index Cond: ((id >= 7094813) AND (id <= 7094912))

for: order_ranges
table 1 : explain SELECT c FROM sbtest1 WHERE id BETWEEN 4442167 AND 4442266 ORDER BY c
	Sort  (cost=390.87..391.11 rows=97 width=121)
	  Sort Key: c
	  ->  Index Scan using sbtest1_pkey on sbtest1  (cost=0.43..387.67 rows=97 width=121)
	        Index Cond: ((id >= 4442167) AND (id <= 4442266))

table 2 : explain SELECT c FROM sbtest2 WHERE id BETWEEN 698074 AND 698173 ORDER BY c
	Sort  (cost=390.85..391.10 rows=97 width=121)
	  Sort Key: c
	  ->  Index Scan using sbtest2_pkey on sbtest2  (cost=0.43..387.65 rows=97 width=121)
	        Index Cond: ((id >= 698074) AND (id <= 698173))

table 3 : explain SELECT c FROM sbtest3 WHERE id BETWEEN 162097 AND 162196 ORDER BY c
	Sort  (cost=410.23..410.48 rows=102 width=121)
	  Sort Key: c
	  ->  Index Scan using sbtest3_pkey on sbtest3  (cost=0.43..406.82 rows=102 width=121)
	        Index Cond: ((id >= 162097) AND (id <= 162196))

table 4 : explain SELECT c FROM sbtest4 WHERE id BETWEEN 7387435 AND 7387534 ORDER BY c
	Sort  (cost=413.88..414.14 rows=103 width=121)
	  Sort Key: c
	  ->  Index Scan using sbtest4_pkey on sbtest4  (cost=0.43..410.44 rows=103 width=121)
	        Index Cond: ((id >= 7387435) AND (id <= 7387534))

table 5 : explain SELECT c FROM sbtest5 WHERE id BETWEEN 8700728 AND 8700827 ORDER BY c
	Sort  (cost=366.00..366.23 rows=91 width=121)
	  Sort Key: c
	  ->  Index Scan using sbtest5_pkey on sbtest5  (cost=0.43..363.04 rows=91 width=121)
	        Index Cond: ((id >= 8700728) AND (id <= 8700827))

table 6 : explain SELECT c FROM sbtest6 WHERE id BETWEEN 9723235 AND 9723334 ORDER BY c
	Sort  (cost=381.78..382.02 rows=95 width=121)
	  Sort Key: c
	  ->  Index Scan using sbtest6_pkey on sbtest6  (cost=0.43..378.66 rows=95 width=121)
	        Index Cond: ((id >= 9723235) AND (id <= 9723334))

table 7 : explain SELECT c FROM sbtest7 WHERE id BETWEEN 5051088 AND 5051187 ORDER BY c
	Sort  (cost=413.09..413.35 rows=103 width=121)
	  Sort Key: c
	  ->  Index Scan using sbtest7_pkey on sbtest7  (cost=0.43..409.65 rows=103 width=121)
	        Index Cond: ((id >= 5051088) AND (id <= 5051187))

table 8 : explain SELECT c FROM sbtest8 WHERE id BETWEEN 6868275 AND 6868374 ORDER BY c
	Sort  (cost=418.34..418.60 rows=104 width=121)
	  Sort Key: c
	  ->  Index Scan using sbtest8_pkey on sbtest8  (cost=0.43..414.85 rows=104 width=121)
	        Index Cond: ((id >= 6868275) AND (id <= 6868374))

for: order_ranges
table 1 : explain SELECT c FROM sbtest1 WHERE id BETWEEN 7183407 AND 7183506 ORDER BY c
	Sort  (cost=390.87..391.11 rows=97 width=121)
	  Sort Key: c
	  ->  Index Scan using sbtest1_pkey on sbtest1  (cost=0.43..387.67 rows=97 width=121)
	        Index Cond: ((id >= 7183407) AND (id <= 7183506))

table 2 : explain SELECT c FROM sbtest2 WHERE id BETWEEN 9905784 AND 9905883 ORDER BY c
	Sort  (cost=386.86..387.10 rows=96 width=121)
	  Sort Key: c
	  ->  Index Scan using sbtest2_pkey on sbtest2  (cost=0.43..383.70 rows=96 width=121)
	        Index Cond: ((id >= 9905784) AND (id <= 9905883))

table 3 : explain SELECT c FROM sbtest3 WHERE id BETWEEN 1154277 AND 1154376 ORDER BY c
	Sort  (cost=410.23..410.48 rows=102 width=121)
	  Sort Key: c
	  ->  Index Scan using sbtest3_pkey on sbtest3  (cost=0.43..406.82 rows=102 width=121)
	        Index Cond: ((id >= 1154277) AND (id <= 1154376))

table 4 : explain SELECT c FROM sbtest4 WHERE id BETWEEN 3479538 AND 3479637 ORDER BY c
	Sort  (cost=366.10..366.32 rows=91 width=121)
	  Sort Key: c
	  ->  Index Scan using sbtest4_pkey on sbtest4  (cost=0.43..363.13 rows=91 width=121)
	        Index Cond: ((id >= 3479538) AND (id <= 3479637))

table 5 : explain SELECT c FROM sbtest5 WHERE id BETWEEN 692010 AND 692109 ORDER BY c
	Sort  (cost=409.80..410.05 rows=102 width=121)
	  Sort Key: c
	  ->  Index Scan using sbtest5_pkey on sbtest5  (cost=0.43..406.39 rows=102 width=121)
	        Index Cond: ((id >= 692010) AND (id <= 692109))

table 6 : explain SELECT c FROM sbtest6 WHERE id BETWEEN 4277437 AND 4277536 ORDER BY c
	Sort  (cost=429.54..429.81 rows=107 width=121)
	  Sort Key: c
	  ->  Index Scan using sbtest6_pkey on sbtest6  (cost=0.43..425.94 rows=107 width=121)
	        Index Cond: ((id >= 4277437) AND (id <= 4277536))

table 7 : explain SELECT c FROM sbtest7 WHERE id BETWEEN 9941985 AND 9942084 ORDER BY c
	Sort  (cost=405.14..405.40 rows=101 width=121)
	  Sort Key: c
	  ->  Index Scan using sbtest7_pkey on sbtest7  (cost=0.43..401.78 rows=101 width=121)
	        Index Cond: ((id >= 9941985) AND (id <= 9942084))

table 8 : explain SELECT c FROM sbtest8 WHERE id BETWEEN 5677793 AND 5677892 ORDER BY c
	Sort  (cost=398.39..398.64 rows=99 width=121)
	  Sort Key: c
	  ->  Index Scan using sbtest8_pkey on sbtest8  (cost=0.43..395.11 rows=99 width=121)
	        Index Cond: ((id >= 5677793) AND (id <= 5677892))

for: distinct_ranges
table 1 : explain SELECT DISTINCT c FROM sbtest1 WHERE id BETWEEN 271544 AND 271643 ORDER BY c
	Unique  (cost=442.76..443.31 rows=110 width=121)
	  ->  Sort  (cost=442.76..443.04 rows=110 width=121)
	        Sort Key: c
	        ->  Index Scan using sbtest1_pkey on sbtest1  (cost=0.43..439.03 rows=110 width=121)
	              Index Cond: ((id >= 271544) AND (id <= 271643))

table 2 : explain SELECT DISTINCT c FROM sbtest2 WHERE id BETWEEN 7734153 AND 7734252 ORDER BY c
	Unique  (cost=410.82..411.33 rows=102 width=121)
	  ->  Sort  (cost=410.82..411.08 rows=102 width=121)
	        Sort Key: c
	        ->  Index Scan using sbtest2_pkey on sbtest2  (cost=0.43..407.42 rows=102 width=121)
	              Index Cond: ((id >= 7734153) AND (id <= 7734252))

table 3 : explain SELECT DISTINCT c FROM sbtest3 WHERE id BETWEEN 8103638 AND 8103737 ORDER BY c
	Unique  (cost=414.21..414.73 rows=103 width=121)
	  ->  Sort  (cost=414.21..414.47 rows=103 width=121)
	        Sort Key: c
	        ->  Index Scan using sbtest3_pkey on sbtest3  (cost=0.43..410.77 rows=103 width=121)
	              Index Cond: ((id >= 8103638) AND (id <= 8103737))

table 4 : explain SELECT DISTINCT c FROM sbtest4 WHERE id BETWEEN 9078349 AND 9078448 ORDER BY c
	Unique  (cost=401.92..402.42 rows=100 width=121)
	  ->  Sort  (cost=401.92..402.17 rows=100 width=121)
	        Sort Key: c
	        ->  Index Scan using sbtest4_pkey on sbtest4  (cost=0.43..398.60 rows=100 width=121)
	              Index Cond: ((id >= 9078349) AND (id <= 9078448))

table 5 : explain SELECT DISTINCT c FROM sbtest5 WHERE id BETWEEN 6260555 AND 6260654 ORDER BY c
	Unique  (cost=377.94..378.41 rows=94 width=121)
	  ->  Sort  (cost=377.94..378.17 rows=94 width=121)
	        Sort Key: c
	        ->  Index Scan using sbtest5_pkey on sbtest5  (cost=0.43..374.86 rows=94 width=121)
	              Index Cond: ((id >= 6260555) AND (id <= 6260654))

table 6 : explain SELECT DISTINCT c FROM sbtest6 WHERE id BETWEEN 2766743 AND 2766842 ORDER BY c
	Unique  (cost=397.69..398.19 rows=99 width=121)
	  ->  Sort  (cost=397.69..397.94 rows=99 width=121)
	        Sort Key: c
	        ->  Index Scan using sbtest6_pkey on sbtest6  (cost=0.43..394.41 rows=99 width=121)
	              Index Cond: ((id >= 2766743) AND (id <= 2766842))

table 7 : explain SELECT DISTINCT c FROM sbtest7 WHERE id BETWEEN 524040 AND 524139 ORDER BY c
	Unique  (cost=464.75..465.33 rows=116 width=121)
	  ->  Sort  (cost=464.75..465.04 rows=116 width=121)
	        Sort Key: c
	        ->  Index Scan using sbtest7_pkey on sbtest7  (cost=0.43..460.77 rows=116 width=121)
	              Index Cond: ((id >= 524040) AND (id <= 524139))

table 8 : explain SELECT DISTINCT c FROM sbtest8 WHERE id BETWEEN 3251060 AND 3251159 ORDER BY c
	Unique  (cost=398.39..398.89 rows=99 width=121)
	  ->  Sort  (cost=398.39..398.64 rows=99 width=121)
	        Sort Key: c
	        ->  Index Scan using sbtest8_pkey on sbtest8  (cost=0.43..395.11 rows=99 width=121)
	              Index Cond: ((id >= 3251060) AND (id <= 3251159))

for: order_ranges
table 1 : explain SELECT c FROM sbtest1 WHERE id BETWEEN 505647 AND 505746 ORDER BY c
	Sort  (cost=386.88..387.12 rows=96 width=121)
	  Sort Key: c
	  ->  Index Scan using sbtest1_pkey on sbtest1  (cost=0.43..383.72 rows=96 width=121)
	        Index Cond: ((id >= 505647) AND (id <= 505746))

table 2 : explain SELECT c FROM sbtest2 WHERE id BETWEEN 3168594 AND 3168693 ORDER BY c
	Sort  (cost=406.83..407.08 rows=101 width=121)
	  Sort Key: c
	  ->  Index Scan using sbtest2_pkey on sbtest2  (cost=0.43..403.47 rows=101 width=121)
	        Index Cond: ((id >= 3168594) AND (id <= 3168693))

table 3 : explain SELECT c FROM sbtest3 WHERE id BETWEEN 9338331 AND 9338430 ORDER BY c
	Sort  (cost=354.44..354.66 rows=88 width=121)
	  Sort Key: c
	  ->  Index Scan using sbtest3_pkey on sbtest3  (cost=0.43..351.59 rows=88 width=121)
	        Index Cond: ((id >= 9338331) AND (id <= 9338430))

table 4 : explain SELECT c FROM sbtest4 WHERE id BETWEEN 34828 AND 34927 ORDER BY c
	Sort  (cost=393.96..394.20 rows=98 width=121)
	  Sort Key: c
	  ->  Index Scan using sbtest4_pkey on sbtest4  (cost=0.43..390.72 rows=98 width=121)
	        Index Cond: ((id >= 34828) AND (id <= 34927))

table 5 : explain SELECT c FROM sbtest5 WHERE id BETWEEN 853431 AND 853530 ORDER BY c
	Sort  (cost=397.86..398.11 rows=99 width=121)
	  Sort Key: c
	  ->  Index Scan using sbtest5_pkey on sbtest5  (cost=0.43..394.58 rows=99 width=121)
	        Index Cond: ((id >= 853431) AND (id <= 853530))

table 6 : explain SELECT c FROM sbtest6 WHERE id BETWEEN 4006546 AND 4006645 ORDER BY c
	Sort  (cost=437.50..437.77 rows=109 width=121)
	  Sort Key: c
	  ->  Index Scan using sbtest6_pkey on sbtest6  (cost=0.43..433.81 rows=109 width=121)
	        Index Cond: ((id >= 4006546) AND (id <= 4006645))

table 7 : explain SELECT c FROM sbtest7 WHERE id BETWEEN 6129232 AND 6129331 ORDER BY c
	Sort  (cost=385.26..385.50 rows=96 width=121)
	  Sort Key: c
	  ->  Index Scan using sbtest7_pkey on sbtest7  (cost=0.43..382.10 rows=96 width=121)
	        Index Cond: ((id >= 6129232) AND (id <= 6129331))

table 8 : explain SELECT c FROM sbtest8 WHERE id BETWEEN 3471695 AND 3471794 ORDER BY c
	Sort  (cost=414.35..414.61 rows=103 width=121)
	  Sort Key: c
	  ->  Index Scan using sbtest8_pkey on sbtest8  (cost=0.43..410.91 rows=103 width=121)
	        Index Cond: ((id >= 3471695) AND (id <= 3471794))

for: distinct_ranges
table 1 : explain SELECT DISTINCT c FROM sbtest1 WHERE id BETWEEN 9935389 AND 9935488 ORDER BY c
	Unique  (cost=390.87..391.35 rows=97 width=121)
	  ->  Sort  (cost=390.87..391.11 rows=97 width=121)
	        Sort Key: c
	        ->  Index Scan using sbtest1_pkey on sbtest1  (cost=0.43..387.67 rows=97 width=121)
	              Index Cond: ((id >= 9935389) AND (id <= 9935488))

table 2 : explain SELECT DISTINCT c FROM sbtest2 WHERE id BETWEEN 5039631 AND 5039730 ORDER BY c
	Unique  (cost=394.84..395.33 rows=98 width=121)
	  ->  Sort  (cost=394.84..395.09 rows=98 width=121)
	        Sort Key: c
	        ->  Index Scan using sbtest2_pkey on sbtest2  (cost=0.43..391.60 rows=98 width=121)
	              Index Cond: ((id >= 5039631) AND (id <= 5039730))

table 3 : explain SELECT DISTINCT c FROM sbtest3 WHERE id BETWEEN 5786282 AND 5786381 ORDER BY c
	Unique  (cost=398.26..398.75 rows=99 width=121)
	  ->  Sort  (cost=398.26..398.50 rows=99 width=121)
	        Sort Key: c
	        ->  Index Scan using sbtest3_pkey on sbtest3  (cost=0.43..394.97 rows=99 width=121)
	              Index Cond: ((id >= 5786282) AND (id <= 5786381))

table 4 : explain SELECT DISTINCT c FROM sbtest4 WHERE id BETWEEN 4489287 AND 4489386 ORDER BY c
	Unique  (cost=389.98..390.46 rows=97 width=121)
	  ->  Sort  (cost=389.98..390.22 rows=97 width=121)
	        Sort Key: c
	        ->  Index Scan using sbtest4_pkey on sbtest4  (cost=0.43..386.78 rows=97 width=121)
	              Index Cond: ((id >= 4489287) AND (id <= 4489386))

table 5 : explain SELECT DISTINCT c FROM sbtest5 WHERE id BETWEEN 7530152 AND 7530251 ORDER BY c
	Unique  (cost=421.74..422.26 rows=105 width=121)
	  ->  Sort  (cost=421.74..422.00 rows=105 width=121)
	        Sort Key: c
	        ->  Index Scan using sbtest5_pkey on sbtest5  (cost=0.43..418.21 rows=105 width=121)
	              Index Cond: ((id >= 7530152) AND (id <= 7530251))

table 6 : explain SELECT DISTINCT c FROM sbtest6 WHERE id BETWEEN 2108843 AND 2108942 ORDER BY c
	Unique  (cost=381.78..382.26 rows=95 width=121)
	  ->  Sort  (cost=381.78..382.02 rows=95 width=121)
	        Sort Key: c
	        ->  Index Scan using sbtest6_pkey on sbtest6  (cost=0.43..378.66 rows=95 width=121)
	              Index Cond: ((id >= 2108843) AND (id <= 2108942))

table 7 : explain SELECT DISTINCT c FROM sbtest7 WHERE id BETWEEN 4606899 AND 4606998 ORDER BY c
	Unique  (cost=377.31..377.78 rows=94 width=121)
	  ->  Sort  (cost=377.31..377.55 rows=94 width=121)
	        Sort Key: c
	        ->  Index Scan using sbtest7_pkey on sbtest7  (cost=0.43..374.23 rows=94 width=121)
	              Index Cond: ((id >= 4606899) AND (id <= 4606998))

table 8 : explain SELECT DISTINCT c FROM sbtest8 WHERE id BETWEEN 4126267 AND 4126366 ORDER BY c
	Unique  (cost=386.43..386.91 rows=96 width=121)
	  ->  Sort  (cost=386.43..386.67 rows=96 width=121)
	        Sort Key: c
	        ->  Index Scan using sbtest8_pkey on sbtest8  (cost=0.43..383.27 rows=96 width=121)
	              Index Cond: ((id >= 4126267) AND (id <= 4126366))

for: distinct_ranges
table 1 : explain SELECT DISTINCT c FROM sbtest1 WHERE id BETWEEN 6044279 AND 6044378 ORDER BY c
	Unique  (cost=374.91..375.37 rows=93 width=121)
	  ->  Sort  (cost=374.91..375.14 rows=93 width=121)
	        Sort Key: c
	        ->  Index Scan using sbtest1_pkey on sbtest1  (cost=0.43..371.87 rows=93 width=121)
	              Index Cond: ((id >= 6044279) AND (id <= 6044378))

table 2 : explain SELECT DISTINCT c FROM sbtest2 WHERE id BETWEEN 2876665 AND 2876764 ORDER BY c
	Unique  (cost=366.92..367.37 rows=91 width=121)
	  ->  Sort  (cost=366.92..367.14 rows=91 width=121)
	        Sort Key: c
	        ->  Index Scan using sbtest2_pkey on sbtest2  (cost=0.43..363.95 rows=91 width=121)
	              Index Cond: ((id >= 2876665) AND (id <= 2876764))

table 3 : explain SELECT DISTINCT c FROM sbtest3 WHERE id BETWEEN 7300827 AND 7300926 ORDER BY c
	Unique  (cost=414.21..414.73 rows=103 width=121)
	  ->  Sort  (cost=414.21..414.47 rows=103 width=121)
	        Sort Key: c
	        ->  Index Scan using sbtest3_pkey on sbtest3  (cost=0.43..410.77 rows=103 width=121)
	              Index Cond: ((id >= 7300827) AND (id <= 7300926))

table 4 : explain SELECT DISTINCT c FROM sbtest4 WHERE id BETWEEN 957984 AND 958083 ORDER BY c
	Unique  (cost=397.94..398.44 rows=99 width=121)
	  ->  Sort  (cost=397.94..398.19 rows=99 width=121)
	        Sort Key: c
	        ->  Index Scan using sbtest4_pkey on sbtest4  (cost=0.43..394.66 rows=99 width=121)
	              Index Cond: ((id >= 957984) AND (id <= 958083))

table 5 : explain SELECT DISTINCT c FROM sbtest5 WHERE id BETWEEN 4339238 AND 4339337 ORDER BY c
	Unique  (cost=389.88..390.36 rows=97 width=121)
	  ->  Sort  (cost=389.88..390.12 rows=97 width=121)
	        Sort Key: c
	        ->  Index Scan using sbtest5_pkey on sbtest5  (cost=0.43..386.68 rows=97 width=121)
	              Index Cond: ((id >= 4339238) AND (id <= 4339337))

table 6 : explain SELECT DISTINCT c FROM sbtest6 WHERE id BETWEEN 2109245 AND 2109344 ORDER BY c
	Unique  (cost=381.78..382.26 rows=95 width=121)
	  ->  Sort  (cost=381.78..382.02 rows=95 width=121)
	        Sort Key: c
	        ->  Index Scan using sbtest6_pkey on sbtest6  (cost=0.43..378.66 rows=95 width=121)
	              Index Cond: ((id >= 2109245) AND (id <= 2109344))

table 7 : explain SELECT DISTINCT c FROM sbtest7 WHERE id BETWEEN 5740049 AND 5740148 ORDER BY c
	Unique  (cost=417.06..417.58 rows=104 width=121)
	  ->  Sort  (cost=417.06..417.32 rows=104 width=121)
	        Sort Key: c
	        ->  Index Scan using sbtest7_pkey on sbtest7  (cost=0.43..413.58 rows=104 width=121)
	              Index Cond: ((id >= 5740049) AND (id <= 5740148))

table 8 : explain SELECT DISTINCT c FROM sbtest8 WHERE id BETWEEN 3730430 AND 3730529 ORDER BY c
	Unique  (cost=390.42..390.90 rows=97 width=121)
	  ->  Sort  (cost=390.42..390.66 rows=97 width=121)
	        Sort Key: c
	        ->  Index Scan using sbtest8_pkey on sbtest8  (cost=0.43..387.22 rows=97 width=121)
	              Index Cond: ((id >= 3730430) AND (id <= 3730529))

for: distinct_ranges
table 1 : explain SELECT DISTINCT c FROM sbtest1 WHERE id BETWEEN 6517440 AND 6517539 ORDER BY c
	Unique  (cost=406.85..407.35 rows=101 width=121)
	  ->  Sort  (cost=406.85..407.10 rows=101 width=121)
	        Sort Key: c
	        ->  Index Scan using sbtest1_pkey on sbtest1  (cost=0.43..403.48 rows=101 width=121)
	              Index Cond: ((id >= 6517440) AND (id <= 6517539))

table 2 : explain SELECT DISTINCT c FROM sbtest2 WHERE id BETWEEN 4653142 AND 4653241 ORDER BY c
	Unique  (cost=442.74..443.29 rows=110 width=121)
	  ->  Sort  (cost=442.74..443.02 rows=110 width=121)
	        Sort Key: c
	        ->  Index Scan using sbtest2_pkey on sbtest2  (cost=0.43..439.01 rows=110 width=121)
	              Index Cond: ((id >= 4653142) AND (id <= 4653241))

table 3 : explain SELECT DISTINCT c FROM sbtest3 WHERE id BETWEEN 3829590 AND 3829689 ORDER BY c
	Unique  (cost=378.34..378.81 rows=94 width=121)
	  ->  Sort  (cost=378.34..378.57 rows=94 width=121)
	        Sort Key: c
	        ->  Index Scan using sbtest3_pkey on sbtest3  (cost=0.43..375.26 rows=94 width=121)
	              Index Cond: ((id >= 3829590) AND (id <= 3829689))

table 4 : explain SELECT DISTINCT c FROM sbtest4 WHERE id BETWEEN 9238059 AND 9238158 ORDER BY c
	Unique  (cost=362.12..362.57 rows=90 width=121)
	  ->  Sort  (cost=362.12..362.34 rows=90 width=121)
	        Sort Key: c
	        ->  Index Scan using sbtest4_pkey on sbtest4  (cost=0.43..359.19 rows=90 width=121)
	              Index Cond: ((id >= 9238059) AND (id <= 9238158))

table 5 : explain SELECT DISTINCT c FROM sbtest5 WHERE id BETWEEN 640527 AND 640626 ORDER BY c
	Unique  (cost=409.80..410.31 rows=102 width=121)
	  ->  Sort  (cost=409.80..410.05 rows=102 width=121)
	        Sort Key: c
	        ->  Index Scan using sbtest5_pkey on sbtest5  (cost=0.43..406.39 rows=102 width=121)
	              Index Cond: ((id >= 640527) AND (id <= 640626))

table 6 : explain SELECT DISTINCT c FROM sbtest6 WHERE id BETWEEN 4705443 AND 4705542 ORDER BY c
	Unique  (cost=401.69..402.19 rows=100 width=121)
	  ->  Sort  (cost=401.69..401.94 rows=100 width=121)
	        Sort Key: c
	        ->  Index Scan using sbtest6_pkey on sbtest6  (cost=0.43..398.37 rows=100 width=121)
	              Index Cond: ((id >= 4705443) AND (id <= 4705542))

table 7 : explain SELECT DISTINCT c FROM sbtest7 WHERE id BETWEEN 4303990 AND 4304089 ORDER BY c
	Unique  (cost=377.31..377.78 rows=94 width=121)
	  ->  Sort  (cost=377.31..377.55 rows=94 width=121)
	        Sort Key: c
	        ->  Index Scan using sbtest7_pkey on sbtest7  (cost=0.43..374.23 rows=94 width=121)
	              Index Cond: ((id >= 4303990) AND (id <= 4304089))

table 8 : explain SELECT DISTINCT c FROM sbtest8 WHERE id BETWEEN 557597 AND 557696 ORDER BY c
	Unique  (cost=402.39..402.89 rows=100 width=121)
	  ->  Sort  (cost=402.39..402.64 rows=100 width=121)
	        Sort Key: c
	        ->  Index Scan using sbtest8_pkey on sbtest8  (cost=0.43..399.07 rows=100 width=121)
	              Index Cond: ((id >= 557597) AND (id <= 557696))

for: distinct_ranges
table 1 : explain SELECT DISTINCT c FROM sbtest1 WHERE id BETWEEN 2227235 AND 2227334 ORDER BY c
	Unique  (cost=402.84..403.34 rows=100 width=121)
	  ->  Sort  (cost=402.84..403.09 rows=100 width=121)
	        Sort Key: c
	        ->  Index Scan using sbtest1_pkey on sbtest1  (cost=0.43..399.52 rows=100 width=121)
	              Index Cond: ((id >= 2227235) AND (id <= 2227334))

table 2 : explain SELECT DISTINCT c FROM sbtest2 WHERE id BETWEEN 2244800 AND 2244899 ORDER BY c
	Unique  (cost=390.85..391.34 rows=97 width=121)
	  ->  Sort  (cost=390.85..391.10 rows=97 width=121)
	        Sort Key: c
	        ->  Index Scan using sbtest2_pkey on sbtest2  (cost=0.43..387.65 rows=97 width=121)
	              Index Cond: ((id >= 2244800) AND (id <= 2244899))

table 3 : explain SELECT DISTINCT c FROM sbtest3 WHERE id BETWEEN 6819381 AND 6819480 ORDER BY c
	Unique  (cost=374.35..374.82 rows=93 width=121)
	  ->  Sort  (cost=374.35..374.59 rows=93 width=121)
	        Sort Key: c
	        ->  Index Scan using sbtest3_pkey on sbtest3  (cost=0.43..371.31 rows=93 width=121)
	              Index Cond: ((id >= 6819381) AND (id <= 6819480))

table 4 : explain SELECT DISTINCT c FROM sbtest4 WHERE id BETWEEN 5782894 AND 5782993 ORDER BY c
	Unique  (cost=401.94..402.44 rows=100 width=121)
	  ->  Sort  (cost=401.94..402.19 rows=100 width=121)
	        Sort Key: c
	        ->  Index Scan using sbtest4_pkey on sbtest4  (cost=0.43..398.62 rows=100 width=121)
	              Index Cond: ((id >= 5782894) AND (id <= 5782993))

table 5 : explain SELECT DISTINCT c FROM sbtest5 WHERE id BETWEEN 2187299 AND 2187398 ORDER BY c
	Unique  (cost=449.60..450.16 rows=112 width=121)
	  ->  Sort  (cost=449.60..449.88 rows=112 width=121)
	        Sort Key: c
	        ->  Index Scan using sbtest5_pkey on sbtest5  (cost=0.43..445.79 rows=112 width=121)
	              Index Cond: ((id >= 2187299) AND (id <= 2187398))

table 6 : explain SELECT DISTINCT c FROM sbtest6 WHERE id BETWEEN 70291 AND 70390 ORDER BY c
	Unique  (cost=389.74..390.22 rows=97 width=121)
	  ->  Sort  (cost=389.74..389.98 rows=97 width=121)
	        Sort Key: c
	        ->  Index Scan using sbtest6_pkey on sbtest6  (cost=0.43..386.54 rows=97 width=121)
	              Index Cond: ((id >= 70291) AND (id <= 70390))

table 7 : explain SELECT DISTINCT c FROM sbtest7 WHERE id BETWEEN 2190130 AND 2190229 ORDER BY c
	Unique  (cost=421.04..421.56 rows=105 width=121)
	  ->  Sort  (cost=421.04..421.30 rows=105 width=121)
	        Sort Key: c
	        ->  Index Scan using sbtest7_pkey on sbtest7  (cost=0.43..417.51 rows=105 width=121)
	              Index Cond: ((id >= 2190130) AND (id <= 2190229))

table 8 : explain SELECT DISTINCT c FROM sbtest8 WHERE id BETWEEN 5960035 AND 5960134 ORDER BY c
	Unique  (cost=410.37..410.88 rows=102 width=121)
	  ->  Sort  (cost=410.37..410.62 rows=102 width=121)
	        Sort Key: c
	        ->  Index Scan using sbtest8_pkey on sbtest8  (cost=0.43..406.96 rows=102 width=121)
	              Index Cond: ((id >= 5960035) AND (id <= 5960134))

for: distinct_ranges
table 1 : explain SELECT DISTINCT c FROM sbtest1 WHERE id BETWEEN 1935349 AND 1935448 ORDER BY c
	Unique  (cost=414.83..415.34 rows=103 width=121)
	  ->  Sort  (cost=414.83..415.09 rows=103 width=121)
	        Sort Key: c
	        ->  Index Scan using sbtest1_pkey on sbtest1  (cost=0.43..411.38 rows=103 width=121)
	              Index Cond: ((id >= 1935349) AND (id <= 1935448))

table 2 : explain SELECT DISTINCT c FROM sbtest2 WHERE id BETWEEN 6073449 AND 6073548 ORDER BY c
	Unique  (cost=446.73..447.29 rows=111 width=121)
	  ->  Sort  (cost=446.73..447.01 rows=111 width=121)
	        Sort Key: c
	        ->  Index Scan using sbtest2_pkey on sbtest2  (cost=0.43..442.96 rows=111 width=121)
	              Index Cond: ((id >= 6073449) AND (id <= 6073548))

table 3 : explain SELECT DISTINCT c FROM sbtest3 WHERE id BETWEEN 2937903 AND 2938002 ORDER BY c
	Unique  (cost=366.39..366.84 rows=91 width=121)
	  ->  Sort  (cost=366.39..366.61 rows=91 width=121)
	        Sort Key: c
	        ->  Index Scan using sbtest3_pkey on sbtest3  (cost=0.43..363.42 rows=91 width=121)
	              Index Cond: ((id >= 2937903) AND (id <= 2938002))

table 4 : explain SELECT DISTINCT c FROM sbtest4 WHERE id BETWEEN 9529852 AND 9529951 ORDER BY c
	Unique  (cost=405.92..406.43 rows=101 width=121)
	  ->  Sort  (cost=405.92..406.17 rows=101 width=121)
	        Sort Key: c
	        ->  Index Scan using sbtest4_pkey on sbtest4  (cost=0.43..402.56 rows=101 width=121)
	              Index Cond: ((id >= 9529852) AND (id <= 9529951))

table 5 : explain SELECT DISTINCT c FROM sbtest5 WHERE id BETWEEN 6024697 AND 6024796 ORDER BY c
	Unique  (cost=393.86..394.35 rows=98 width=121)
	  ->  Sort  (cost=393.86..394.10 rows=98 width=121)
	        Sort Key: c
	        ->  Index Scan using sbtest5_pkey on sbtest5  (cost=0.43..390.62 rows=98 width=121)
	              Index Cond: ((id >= 6024697) AND (id <= 6024796))

table 6 : explain SELECT DISTINCT c FROM sbtest6 WHERE id BETWEEN 731006 AND 731105 ORDER BY c
	Unique  (cost=417.61..418.13 rows=104 width=121)
	  ->  Sort  (cost=417.61..417.87 rows=104 width=121)
	        Sort Key: c
	        ->  Index Scan using sbtest6_pkey on sbtest6  (cost=0.43..414.12 rows=104 width=121)
	              Index Cond: ((id >= 731006) AND (id <= 731105))

table 7 : explain SELECT DISTINCT c FROM sbtest7 WHERE id BETWEEN 9809519 AND 9809618 ORDER BY c
	Unique  (cost=365.39..365.85 rows=91 width=121)
	  ->  Sort  (cost=365.39..365.62 rows=91 width=121)
	        Sort Key: c
	        ->  Index Scan using sbtest7_pkey on sbtest7  (cost=0.43..362.43 rows=91 width=121)
	              Index Cond: ((id >= 9809519) AND (id <= 9809618))

table 8 : explain SELECT DISTINCT c FROM sbtest8 WHERE id BETWEEN 6736542 AND 6736641 ORDER BY c
	Unique  (cost=410.37..410.88 rows=102 width=121)
	  ->  Sort  (cost=410.37..410.62 rows=102 width=121)
	        Sort Key: c
	        ->  Index Scan using sbtest8_pkey on sbtest8  (cost=0.43..406.96 rows=102 width=121)
	              Index Cond: ((id >= 6736542) AND (id <= 6736641))

for: distinct_ranges
table 1 : explain SELECT DISTINCT c FROM sbtest1 WHERE id BETWEEN 6588317 AND 6588416 ORDER BY c
	Unique  (cost=406.85..407.35 rows=101 width=121)
	  ->  Sort  (cost=406.85..407.10 rows=101 width=121)
	        Sort Key: c
	        ->  Index Scan using sbtest1_pkey on sbtest1  (cost=0.43..403.48 rows=101 width=121)
	              Index Cond: ((id >= 6588317) AND (id <= 6588416))

table 2 : explain SELECT DISTINCT c FROM sbtest2 WHERE id BETWEEN 469410 AND 469509 ORDER BY c
	Unique  (cost=406.83..407.33 rows=101 width=121)
	  ->  Sort  (cost=406.83..407.08 rows=101 width=121)
	        Sort Key: c
	        ->  Index Scan using sbtest2_pkey on sbtest2  (cost=0.43..403.47 rows=101 width=121)
	              Index Cond: ((id >= 469410) AND (id <= 469509))

table 3 : explain SELECT DISTINCT c FROM sbtest3 WHERE id BETWEEN 1106736 AND 1106835 ORDER BY c
	Unique  (cost=410.23..410.74 rows=102 width=121)
	  ->  Sort  (cost=410.23..410.48 rows=102 width=121)
	        Sort Key: c
	        ->  Index Scan using sbtest3_pkey on sbtest3  (cost=0.43..406.82 rows=102 width=121)
	              Index Cond: ((id >= 1106736) AND (id <= 1106835))

table 4 : explain SELECT DISTINCT c FROM sbtest4 WHERE id BETWEEN 7555074 AND 7555173 ORDER BY c
	Unique  (cost=417.86..418.38 rows=104 width=121)
	  ->  Sort  (cost=417.86..418.12 rows=104 width=121)
	        Sort Key: c
	        ->  Index Scan using sbtest4_pkey on sbtest4  (cost=0.43..414.38 rows=104 width=121)
	              Index Cond: ((id >= 7555074) AND (id <= 7555173))

table 5 : explain SELECT DISTINCT c FROM sbtest5 WHERE id BETWEEN 3538792 AND 3538891 ORDER BY c
	Unique  (cost=358.04..358.49 rows=89 width=121)
	  ->  Sort  (cost=358.04..358.27 rows=89 width=121)
	        Sort Key: c
	        ->  Index Scan using sbtest5_pkey on sbtest5  (cost=0.43..355.16 rows=89 width=121)
	              Index Cond: ((id >= 3538792) AND (id <= 3538891))

table 6 : explain SELECT DISTINCT c FROM sbtest6 WHERE id BETWEEN 6345968 AND 6346067 ORDER BY c
	Unique  (cost=409.65..410.16 rows=102 width=121)
	  ->  Sort  (cost=409.65..409.90 rows=102 width=121)
	        Sort Key: c
	        ->  Index Scan using sbtest6_pkey on sbtest6  (cost=0.43..406.25 rows=102 width=121)
	              Index Cond: ((id >= 6345968) AND (id <= 6346067))

table 7 : explain SELECT DISTINCT c FROM sbtest7 WHERE id BETWEEN 2697550 AND 2697649 ORDER BY c
	Unique  (cost=417.06..417.58 rows=104 width=121)
	  ->  Sort  (cost=417.06..417.32 rows=104 width=121)
	        Sort Key: c
	        ->  Index Scan using sbtest7_pkey on sbtest7  (cost=0.43..413.58 rows=104 width=121)
	              Index Cond: ((id >= 2697550) AND (id <= 2697649))

table 8 : explain SELECT DISTINCT c FROM sbtest8 WHERE id BETWEEN 8575318 AND 8575417 ORDER BY c
	Unique  (cost=414.35..414.87 rows=103 width=121)
	  ->  Sort  (cost=414.35..414.61 rows=103 width=121)
	        Sort Key: c
	        ->  Index Scan using sbtest8_pkey on sbtest8  (cost=0.43..410.91 rows=103 width=121)
	              Index Cond: ((id >= 8575318) AND (id <= 8575417))

for: distinct_ranges
table 1 : explain SELECT DISTINCT c FROM sbtest1 WHERE id BETWEEN 3065103 AND 3065202 ORDER BY c
	Unique  (cost=406.85..407.35 rows=101 width=121)
	  ->  Sort  (cost=406.85..407.10 rows=101 width=121)
	        Sort Key: c
	        ->  Index Scan using sbtest1_pkey on sbtest1  (cost=0.43..403.48 rows=101 width=121)
	              Index Cond: ((id >= 3065103) AND (id <= 3065202))

table 2 : explain SELECT DISTINCT c FROM sbtest2 WHERE id BETWEEN 6331063 AND 6331162 ORDER BY c
	Unique  (cost=394.84..395.33 rows=98 width=121)
	  ->  Sort  (cost=394.84..395.09 rows=98 width=121)
	        Sort Key: c
	        ->  Index Scan using sbtest2_pkey on sbtest2  (cost=0.43..391.60 rows=98 width=121)
	              Index Cond: ((id >= 6331063) AND (id <= 6331162))

table 3 : explain SELECT DISTINCT c FROM sbtest3 WHERE id BETWEEN 5417709 AND 5417808 ORDER BY c
	Unique  (cost=418.20..418.72 rows=104 width=121)
	  ->  Sort  (cost=418.20..418.46 rows=104 width=121)
	        Sort Key: c
	        ->  Index Scan using sbtest3_pkey on sbtest3  (cost=0.43..414.71 rows=104 width=121)
	              Index Cond: ((id >= 5417709) AND (id <= 5417808))

table 4 : explain SELECT DISTINCT c FROM sbtest4 WHERE id BETWEEN 2464871 AND 2464970 ORDER BY c
	Unique  (cost=401.92..402.42 rows=100 width=121)
	  ->  Sort  (cost=401.92..402.17 rows=100 width=121)
	        Sort Key: c
	        ->  Index Scan using sbtest4_pkey on sbtest4  (cost=0.43..398.60 rows=100 width=121)
	              Index Cond: ((id >= 2464871) AND (id <= 2464970))

table 5 : explain SELECT DISTINCT c FROM sbtest5 WHERE id BETWEEN 6085837 AND 6085936 ORDER BY c
	Unique  (cost=393.86..394.35 rows=98 width=121)
	  ->  Sort  (cost=393.86..394.10 rows=98 width=121)
	        Sort Key: c
	        ->  Index Scan using sbtest5_pkey on sbtest5  (cost=0.43..390.62 rows=98 width=121)
	              Index Cond: ((id >= 6085837) AND (id <= 6085936))

table 6 : explain SELECT DISTINCT c FROM sbtest6 WHERE id BETWEEN 3617737 AND 3617836 ORDER BY c
	Unique  (cost=421.58..422.11 rows=105 width=121)
	  ->  Sort  (cost=421.58..421.85 rows=105 width=121)
	        Sort Key: c
	        ->  Index Scan using sbtest6_pkey on sbtest6  (cost=0.43..418.06 rows=105 width=121)
	              Index Cond: ((id >= 3617737) AND (id <= 3617836))

table 7 : explain SELECT DISTINCT c FROM sbtest7 WHERE id BETWEEN 2893200 AND 2893299 ORDER BY c
	Unique  (cost=413.09..413.61 rows=103 width=121)
	  ->  Sort  (cost=413.09..413.35 rows=103 width=121)
	        Sort Key: c
	        ->  Index Scan using sbtest7_pkey on sbtest7  (cost=0.43..409.65 rows=103 width=121)
	              Index Cond: ((id >= 2893200) AND (id <= 2893299))

table 8 : explain SELECT DISTINCT c FROM sbtest8 WHERE id BETWEEN 5674372 AND 5674471 ORDER BY c
	Unique  (cost=398.39..398.89 rows=99 width=121)
	  ->  Sort  (cost=398.39..398.64 rows=99 width=121)
	        Sort Key: c
	        ->  Index Scan using sbtest8_pkey on sbtest8  (cost=0.43..395.11 rows=99 width=121)
	              Index Cond: ((id >= 5674372) AND (id <= 5674471))

for point_selects
table 1 : explain SELECT c FROM sbtest1 WHERE id=2598738
	Index Scan using sbtest1_pkey on sbtest1  (cost=0.43..8.45 rows=1 width=121)
	  Index Cond: (id = 2598738)

table 2 : explain SELECT c FROM sbtest2 WHERE id=9659317
	Index Scan using sbtest2_pkey on sbtest2  (cost=0.43..8.45 rows=1 width=121)
	  Index Cond: (id = 9659317)

table 3 : explain SELECT c FROM sbtest3 WHERE id=2446072
	Index Scan using sbtest3_pkey on sbtest3  (cost=0.43..8.45 rows=1 width=121)
	  Index Cond: (id = 2446072)

table 4 : explain SELECT c FROM sbtest4 WHERE id=231345
	Index Scan using sbtest4_pkey on sbtest4  (cost=0.43..8.45 rows=1 width=121)
	  Index Cond: (id = 231345)

table 5 : explain SELECT c FROM sbtest5 WHERE id=3624568
	Index Scan using sbtest5_pkey on sbtest5  (cost=0.43..8.45 rows=1 width=121)
	  Index Cond: (id = 3624568)

table 6 : explain SELECT c FROM sbtest6 WHERE id=9019805
	Index Scan using sbtest6_pkey on sbtest6  (cost=0.43..8.45 rows=1 width=121)
	  Index Cond: (id = 9019805)

table 7 : explain SELECT c FROM sbtest7 WHERE id=2121612
	Index Scan using sbtest7_pkey on sbtest7  (cost=0.43..8.45 rows=1 width=121)
	  Index Cond: (id = 2121612)

table 8 : explain SELECT c FROM sbtest8 WHERE id=7695977
	Index Scan using sbtest8_pkey on sbtest8  (cost=0.43..8.45 rows=1 width=121)
	  Index Cond: (id = 7695977)

for: simple_ranges
table 1 : explain SELECT c FROM sbtest1 WHERE id BETWEEN 7717464 AND 7717563
	Index Scan using sbtest1_pkey on sbtest1  (cost=0.43..363.97 rows=91 width=121)
	  Index Cond: ((id >= 7717464) AND (id <= 7717563))

table 2 : explain SELECT c FROM sbtest2 WHERE id BETWEEN 8129818 AND 8129917
	Index Scan using sbtest2_pkey on sbtest2  (cost=0.43..419.27 rows=105 width=121)
	  Index Cond: ((id >= 8129818) AND (id <= 8129917))

table 3 : explain SELECT c FROM sbtest3 WHERE id BETWEEN 7187555 AND 7187654
	Index Scan using sbtest3_pkey on sbtest3  (cost=0.43..383.14 rows=96 width=121)
	  Index Cond: ((id >= 7187555) AND (id <= 7187654))

table 4 : explain SELECT c FROM sbtest4 WHERE id BETWEEN 7585499 AND 7585598
	Index Scan using sbtest4_pkey on sbtest4  (cost=0.43..390.72 rows=98 width=121)
	  Index Cond: ((id >= 7585499) AND (id <= 7585598))

table 5 : explain SELECT c FROM sbtest5 WHERE id BETWEEN 4158098 AND 4158197
	Index Scan using sbtest5_pkey on sbtest5  (cost=0.43..402.45 rows=101 width=121)
	  Index Cond: ((id >= 4158098) AND (id <= 4158197))

table 6 : explain SELECT c FROM sbtest6 WHERE id BETWEEN 3425842 AND 3425941
	Index Scan using sbtest6_pkey on sbtest6  (cost=0.43..402.31 rows=101 width=121)
	  Index Cond: ((id >= 3425842) AND (id <= 3425941))

table 7 : explain SELECT c FROM sbtest7 WHERE id BETWEEN 5464160 AND 5464259
	Index Scan using sbtest7_pkey on sbtest7  (cost=0.43..362.43 rows=91 width=121)
	  Index Cond: ((id >= 5464160) AND (id <= 5464259))

table 8 : explain SELECT c FROM sbtest8 WHERE id BETWEEN 7899230 AND 7899329
	Index Scan using sbtest8_pkey on sbtest8  (cost=0.43..367.49 rows=92 width=121)
	  Index Cond: ((id >= 7899230) AND (id <= 7899329))

for: sum_ranges
table 1 : explain SELECT SUM(k) FROM sbtest1 WHERE id BETWEEN 6246529 AND 6246628
	Aggregate  (cost=459.07..459.08 rows=1 width=8)
	  ->  Index Scan using sbtest1_pkey on sbtest1  (cost=0.43..458.78 rows=115 width=4)
	        Index Cond: ((id >= 6246529) AND (id <= 6246628))

table 2 : explain SELECT SUM(k) FROM sbtest2 WHERE id BETWEEN 717422 AND 717521
	Aggregate  (cost=387.89..387.90 rows=1 width=8)
	  ->  Index Scan using sbtest2_pkey on sbtest2  (cost=0.43..387.65 rows=97 width=4)
	        Index Cond: ((id >= 717422) AND (id <= 717521))

table 3 : explain SELECT SUM(k) FROM sbtest3 WHERE id BETWEEN 3122638 AND 3122737
	Aggregate  (cost=391.28..391.29 rows=1 width=8)
	  ->  Index Scan using sbtest3_pkey on sbtest3  (cost=0.43..391.03 rows=98 width=4)
	        Index Cond: ((id >= 3122638) AND (id <= 3122737))

table 4 : explain SELECT SUM(k) FROM sbtest4 WHERE id BETWEEN 3770200 AND 3770299
	Aggregate  (cost=398.85..398.86 rows=1 width=8)
	  ->  Index Scan using sbtest4_pkey on sbtest4  (cost=0.43..398.60 rows=100 width=4)
	        Index Cond: ((id >= 3770200) AND (id <= 3770299))

table 5 : explain SELECT SUM(k) FROM sbtest5 WHERE id BETWEEN 2392705 AND 2392804
	Aggregate  (cost=402.71..402.72 rows=1 width=8)
	  ->  Index Scan using sbtest5_pkey on sbtest5  (cost=0.43..402.45 rows=101 width=4)
	        Index Cond: ((id >= 2392705) AND (id <= 2392804))

table 6 : explain SELECT SUM(k) FROM sbtest6 WHERE id BETWEEN 4022091 AND 4022190
	Aggregate  (cost=374.96..374.97 rows=1 width=8)
	  ->  Index Scan using sbtest6_pkey on sbtest6  (cost=0.43..374.72 rows=94 width=4)
	        Index Cond: ((id >= 4022091) AND (id <= 4022190))

table 7 : explain SELECT SUM(k) FROM sbtest7 WHERE id BETWEEN 9736604 AND 9736703
	Aggregate  (cost=441.39..441.40 rows=1 width=8)
	  ->  Index Scan using sbtest7_pkey on sbtest7  (cost=0.43..441.11 rows=111 width=4)
	        Index Cond: ((id >= 9736604) AND (id <= 9736703))

table 8 : explain SELECT SUM(k) FROM sbtest8 WHERE id BETWEEN 2758114 AND 2758213
	Aggregate  (cost=407.22..407.23 rows=1 width=8)
	  ->  Index Scan using sbtest8_pkey on sbtest8  (cost=0.43..406.96 rows=102 width=4)
	        Index Cond: ((id >= 2758114) AND (id <= 2758213))

for: order_ranges
table 1 : explain SELECT c FROM sbtest1 WHERE id BETWEEN 1710474 AND 1710573 ORDER BY c
	Sort  (cost=362.94..363.17 rows=90 width=121)
	  Sort Key: c
	  ->  Index Scan using sbtest1_pkey on sbtest1  (cost=0.43..360.02 rows=90 width=121)
	        Index Cond: ((id >= 1710474) AND (id <= 1710573))

table 2 : explain SELECT c FROM sbtest2 WHERE id BETWEEN 9320683 AND 9320782 ORDER BY c
	Sort  (cost=434.76..435.03 rows=108 width=121)
	  Sort Key: c
	  ->  Index Scan using sbtest2_pkey on sbtest2  (cost=0.43..431.11 rows=108 width=121)
	        Index Cond: ((id >= 9320683) AND (id <= 9320782))

table 3 : explain SELECT c FROM sbtest3 WHERE id BETWEEN 5374791 AND 5374890 ORDER BY c
	Sort  (cost=418.20..418.46 rows=104 width=121)
	  Sort Key: c
	  ->  Index Scan using sbtest3_pkey on sbtest3  (cost=0.43..414.71 rows=104 width=121)
	        Index Cond: ((id >= 5374791) AND (id <= 5374890))

table 4 : explain SELECT c FROM sbtest4 WHERE id BETWEEN 7261967 AND 7262066 ORDER BY c
	Sort  (cost=397.94..398.19 rows=99 width=121)
	  Sort Key: c
	  ->  Index Scan using sbtest4_pkey on sbtest4  (cost=0.43..394.66 rows=99 width=121)
	        Index Cond: ((id >= 7261967) AND (id <= 7262066))

table 5 : explain SELECT c FROM sbtest5 WHERE id BETWEEN 751886 AND 751985 ORDER BY c
	Sort  (cost=421.74..422.00 rows=105 width=121)
	  Sort Key: c
	  ->  Index Scan using sbtest5_pkey on sbtest5  (cost=0.43..418.21 rows=105 width=121)
	        Index Cond: ((id >= 751886) AND (id <= 751985))

table 6 : explain SELECT c FROM sbtest6 WHERE id BETWEEN 4575435 AND 4575534 ORDER BY c
	Sort  (cost=413.63..413.88 rows=103 width=121)
	  Sort Key: c
	  ->  Index Scan using sbtest6_pkey on sbtest6  (cost=0.43..410.18 rows=103 width=121)
	        Index Cond: ((id >= 4575435) AND (id <= 4575534))

table 7 : explain SELECT c FROM sbtest7 WHERE id BETWEEN 3412054 AND 3412153 ORDER BY c
	Sort  (cost=440.91..441.18 rows=110 width=121)
	  Sort Key: c
	  ->  Index Scan using sbtest7_pkey on sbtest7  (cost=0.43..437.18 rows=110 width=121)
	        Index Cond: ((id >= 3412054) AND (id <= 3412153))

table 8 : explain SELECT c FROM sbtest8 WHERE id BETWEEN 2534244 AND 2534343 ORDER BY c
	Sort  (cost=402.39..402.64 rows=100 width=121)
	  Sort Key: c
	  ->  Index Scan using sbtest8_pkey on sbtest8  (cost=0.43..399.07 rows=100 width=121)
	        Index Cond: ((id >= 2534244) AND (id <= 2534343))

for: distinct_ranges
table 1 : explain SELECT DISTINCT c FROM sbtest1 WHERE id BETWEEN 7171327 AND 7171426 ORDER BY c
	Unique  (cost=390.87..391.35 rows=97 width=121)
	  ->  Sort  (cost=390.87..391.11 rows=97 width=121)
	        Sort Key: c
	        ->  Index Scan using sbtest1_pkey on sbtest1  (cost=0.43..387.67 rows=97 width=121)
	              Index Cond: ((id >= 7171327) AND (id <= 7171426))

table 2 : explain SELECT DISTINCT c FROM sbtest2 WHERE id BETWEEN 5719809 AND 5719908 ORDER BY c
	Unique  (cost=398.85..399.34 rows=99 width=121)
	  ->  Sort  (cost=398.85..399.10 rows=99 width=121)
	        Sort Key: c
	        ->  Index Scan using sbtest2_pkey on sbtest2  (cost=0.43..395.57 rows=99 width=121)
	              Index Cond: ((id >= 5719809) AND (id <= 5719908))

table 3 : explain SELECT DISTINCT c FROM sbtest3 WHERE id BETWEEN 7646970 AND 7647069 ORDER BY c
	Unique  (cost=378.34..378.81 rows=94 width=121)
	  ->  Sort  (cost=378.34..378.57 rows=94 width=121)
	        Sort Key: c
	        ->  Index Scan using sbtest3_pkey on sbtest3  (cost=0.43..375.26 rows=94 width=121)
	              Index Cond: ((id >= 7646970) AND (id <= 7647069))

table 4 : explain SELECT DISTINCT c FROM sbtest4 WHERE id BETWEEN 7105195 AND 7105294 ORDER BY c
	Unique  (cost=425.83..426.36 rows=106 width=121)
	  ->  Sort  (cost=425.83..426.09 rows=106 width=121)
	        Sort Key: c
	        ->  Index Scan using sbtest4_pkey on sbtest4  (cost=0.43..422.26 rows=106 width=121)
	              Index Cond: ((id >= 7105195) AND (id <= 7105294))

table 5 : explain SELECT DISTINCT c FROM sbtest5 WHERE id BETWEEN 6804745 AND 6804844 ORDER BY c
	Unique  (cost=417.76..418.28 rows=104 width=121)
	  ->  Sort  (cost=417.76..418.02 rows=104 width=121)
	        Sort Key: c
	        ->  Index Scan using sbtest5_pkey on sbtest5  (cost=0.43..414.27 rows=104 width=121)
	              Index Cond: ((id >= 6804745) AND (id <= 6804844))

table 6 : explain SELECT DISTINCT c FROM sbtest6 WHERE id BETWEEN 9942611 AND 9942710 ORDER BY c
	Unique  (cost=393.71..394.20 rows=98 width=121)
	  ->  Sort  (cost=393.71..393.96 rows=98 width=121)
	        Sort Key: c
	        ->  Index Scan using sbtest6_pkey on sbtest6  (cost=0.43..390.47 rows=98 width=121)
	              Index Cond: ((id >= 9942611) AND (id <= 9942710))

table 7 : explain SELECT DISTINCT c FROM sbtest7 WHERE id BETWEEN 1832340 AND 1832439 ORDER BY c
	Unique  (cost=405.14..405.65 rows=101 width=121)
	  ->  Sort  (cost=405.14..405.40 rows=101 width=121)
	        Sort Key: c
	        ->  Index Scan using sbtest7_pkey on sbtest7  (cost=0.43..401.78 rows=101 width=121)
	              Index Cond: ((id >= 1832340) AND (id <= 1832439))

table 8 : explain SELECT DISTINCT c FROM sbtest8 WHERE id BETWEEN 2451199 AND 2451298 ORDER BY c
	Unique  (cost=466.17..466.75 rows=116 width=121)
	  ->  Sort  (cost=466.17..466.46 rows=116 width=121)
	        Sort Key: c
	        ->  Index Scan using sbtest8_pkey on sbtest8  (cost=0.43..462.19 rows=116 width=121)
	              Index Cond: ((id >= 2451199) AND (id <= 2451298))

Threads started!

Warming up for 5 seconds...

SQL statistics:
    queries performed:
        read:                            253911222
        write:                           0
        other:                           36273048
        total:                           290184270
    transactions:                        18136544 (28787.83 per sec.)
    queries:                             290184270 (460604.54 per sec.)
    ignored errors:                      0      (0.00 per sec.)
    reconnects:                          0      (0.00 per sec.)

Throughput:
    events/s (eps):                      28787.8270
    time elapsed:                        630.0075s
    total number of events:              18136544

Latency (ms):
         min:                                    1.16
         avg:                                    1.39
         max:                                   17.57
         95th percentile:                        1.44
         sum:                             25181347.06

Threads fairness:
    events (avg/stddev):           453413.0000/2161.45
    execution time (avg/stddev):   629.5337/0.01

