LUA_PATH=/home/mdcallag/git/mytools/bench/sysbench.lua/lua/?.lua /home/mdcallag/git/mytools/bench/sysbench.lua/lua/sysbench --db-driver=pgsql --range-size=1000 --table-size=10000000 --tables=8 --threads=40 --events=0 --warmup-time=5 --time=630 --pgsql_conn_id=true /home/mdcallag/git/mytools/bench/sysbench.lua/lua/oltp_read_only_count.lua run --pgsql-user=root --pgsql-password=pw --pgsql-host=127.0.0.1 --pgsql-db=ib --rand-type=uniform --skip-trx
48 CPUs
sysbench 1.1.0-9072687 (using bundled LuaJIT 2.1.0-beta3)

Running the test with following options:
Number of threads: 40
Warmup time: 5s
Initializing random number generator from current time


Initializing worker threads...

for: count_ranges
table 1 : explain SELECT count(c) FROM sbtest1 WHERE id BETWEEN 5977067 AND 5978066
	Aggregate  (cost=3644.41..3644.42 rows=1 width=8)
	  ->  Bitmap Heap Scan on sbtest1  (cost=22.09..3642.05 rows=942 width=121)
	        Recheck Cond: ((id >= 5977067) AND (id <= 5978066))
	        ->  Bitmap Index Scan on sbtest1_pkey  (cost=0.00..21.86 rows=942 width=0)
	              Index Cond: ((id >= 5977067) AND (id <= 5978066))

table 2 : explain SELECT count(c) FROM sbtest2 WHERE id BETWEEN 6651318 AND 6652317
	Aggregate  (cost=3943.23..3943.24 rows=1 width=8)
	  ->  Bitmap Heap Scan on sbtest2  (cost=22.90..3940.68 rows=1021 width=121)
	        Recheck Cond: ((id >= 6651318) AND (id <= 6652317))
	        ->  Bitmap Index Scan on sbtest2_pkey  (cost=0.00..22.64 rows=1021 width=0)
	              Index Cond: ((id >= 6651318) AND (id <= 6652317))

table 3 : explain SELECT count(c) FROM sbtest3 WHERE id BETWEEN 5514707 AND 5515706
	Aggregate  (cost=4579.75..4579.76 rows=1 width=8)
	  ->  Bitmap Heap Scan on sbtest3  (cost=28.64..4576.77 rows=1191 width=121)
	        Recheck Cond: ((id >= 5514707) AND (id <= 5515706))
	        ->  Bitmap Index Scan on sbtest3_pkey  (cost=0.00..28.34 rows=1191 width=0)
	              Index Cond: ((id >= 5514707) AND (id <= 5515706))

table 4 : explain SELECT count(c) FROM sbtest4 WHERE id BETWEEN 7421098 AND 7422097
	Aggregate  (cost=3991.16..3991.17 rows=1 width=8)
	  ->  Bitmap Heap Scan on sbtest4  (cost=23.03..3988.57 rows=1034 width=121)
	        Recheck Cond: ((id >= 7421098) AND (id <= 7422097))
	        ->  Bitmap Index Scan on sbtest4_pkey  (cost=0.00..22.77 rows=1034 width=0)
	              Index Cond: ((id >= 7421098) AND (id <= 7422097))

table 5 : explain SELECT count(c) FROM sbtest5 WHERE id BETWEEN 3467079 AND 3468078
	Aggregate  (cost=3864.33..3864.34 rows=1 width=8)
	  ->  Bitmap Heap Scan on sbtest5  (cost=26.67..3861.83 rows=999 width=121)
	        Recheck Cond: ((id >= 3467079) AND (id <= 3468078))
	        ->  Bitmap Index Scan on sbtest5_pkey  (cost=0.00..26.43 rows=999 width=0)
	              Index Cond: ((id >= 3467079) AND (id <= 3468078))

table 6 : explain SELECT count(c) FROM sbtest6 WHERE id BETWEEN 1765529 AND 1766528
	Aggregate  (cost=4017.74..4017.75 rows=1 width=8)
	  ->  Bitmap Heap Scan on sbtest6  (cost=23.11..4015.14 rows=1041 width=121)
	        Recheck Cond: ((id >= 1765529) AND (id <= 1766528))
	        ->  Bitmap Index Scan on sbtest6_pkey  (cost=0.00..22.84 rows=1041 width=0)
	              Index Cond: ((id >= 1765529) AND (id <= 1766528))

table 7 : explain SELECT count(c) FROM sbtest7 WHERE id BETWEEN 6604888 AND 6605887
	Aggregate  (cost=4111.73..4111.74 rows=1 width=8)
	  ->  Bitmap Heap Scan on sbtest7  (cost=23.36..4109.07 rows=1066 width=121)
	        Recheck Cond: ((id >= 6604888) AND (id <= 6605887))
	        ->  Bitmap Index Scan on sbtest7_pkey  (cost=0.00..23.09 rows=1066 width=0)
	              Index Cond: ((id >= 6604888) AND (id <= 6605887))

table 8 : explain SELECT count(c) FROM sbtest8 WHERE id BETWEEN 3902653 AND 3903652
	Aggregate  (cost=3776.89..3776.90 rows=1 width=8)
	  ->  Bitmap Heap Scan on sbtest8  (cost=22.45..3774.45 rows=977 width=121)
	        Recheck Cond: ((id >= 3902653) AND (id <= 3903652))
	        ->  Bitmap Index Scan on sbtest8_pkey  (cost=0.00..22.20 rows=977 width=0)
	              Index Cond: ((id >= 3902653) AND (id <= 3903652))

for: count_ranges
table 1 : explain SELECT count(c) FROM sbtest1 WHERE id BETWEEN 9577876 AND 9578875
	Aggregate  (cost=3942.27..3942.28 rows=1 width=8)
	  ->  Bitmap Heap Scan on sbtest1  (cost=22.90..3939.72 rows=1021 width=121)
	        Recheck Cond: ((id >= 9577876) AND (id <= 9578875))
	        ->  Bitmap Index Scan on sbtest1_pkey  (cost=0.00..22.64 rows=1021 width=0)
	              Index Cond: ((id >= 9577876) AND (id <= 9578875))

table 2 : explain SELECT count(c) FROM sbtest2 WHERE id BETWEEN 3148175 AND 3149174
	Aggregate  (cost=3898.02..3898.03 rows=1 width=8)
	  ->  Bitmap Heap Scan on sbtest2  (cost=22.78..3895.50 rows=1009 width=121)
	        Recheck Cond: ((id >= 3148175) AND (id <= 3149174))
	        ->  Bitmap Index Scan on sbtest2_pkey  (cost=0.00..22.52 rows=1009 width=0)
	              Index Cond: ((id >= 3148175) AND (id <= 3149174))

table 3 : explain SELECT count(c) FROM sbtest3 WHERE id BETWEEN 97006 AND 98005
	Aggregate  (cost=3884.93..3884.94 rows=1 width=8)
	  ->  Bitmap Heap Scan on sbtest3  (cost=22.75..3882.42 rows=1006 width=121)
	        Recheck Cond: ((id >= 97006) AND (id <= 98005))
	        ->  Bitmap Index Scan on sbtest3_pkey  (cost=0.00..22.50 rows=1006 width=0)
	              Index Cond: ((id >= 97006) AND (id <= 98005))

table 4 : explain SELECT count(c) FROM sbtest4 WHERE id BETWEEN 8588375 AND 8589374
	Aggregate  (cost=3829.21..3829.22 rows=1 width=8)
	  ->  Bitmap Heap Scan on sbtest4  (cost=22.59..3826.73 rows=991 width=121)
	        Recheck Cond: ((id >= 8588375) AND (id <= 8589374))
	        ->  Bitmap Index Scan on sbtest4_pkey  (cost=0.00..22.34 rows=991 width=0)
	              Index Cond: ((id >= 8588375) AND (id <= 8589374))

table 5 : explain SELECT count(c) FROM sbtest5 WHERE id BETWEEN 7707206 AND 7708205
	Aggregate  (cost=3679.24..3679.25 rows=1 width=8)
	  ->  Bitmap Heap Scan on sbtest5  (cost=22.18..3676.87 rows=951 width=121)
	        Recheck Cond: ((id >= 7707206) AND (id <= 7708205))
	        ->  Bitmap Index Scan on sbtest5_pkey  (cost=0.00..21.94 rows=951 width=0)
	              Index Cond: ((id >= 7707206) AND (id <= 7708205))

table 6 : explain SELECT count(c) FROM sbtest6 WHERE id BETWEEN 6906972 AND 6907971
	Aggregate  (cost=3659.67..3659.68 rows=1 width=8)
	  ->  Bitmap Heap Scan on sbtest6  (cost=22.13..3657.31 rows=946 width=121)
	        Recheck Cond: ((id >= 6906972) AND (id <= 6907971))
	        ->  Bitmap Index Scan on sbtest6_pkey  (cost=0.00..21.89 rows=946 width=0)
	              Index Cond: ((id >= 6906972) AND (id <= 6907971))

table 7 : explain SELECT count(c) FROM sbtest7 WHERE id BETWEEN 8271083 AND 8272082
	Aggregate  (cost=4138.05..4138.06 rows=1 width=8)
	  ->  Bitmap Heap Scan on sbtest7  (cost=23.43..4135.36 rows=1073 width=121)
	        Recheck Cond: ((id >= 8271083) AND (id <= 8272082))
	        ->  Bitmap Index Scan on sbtest7_pkey  (cost=0.00..23.16 rows=1073 width=0)
	              Index Cond: ((id >= 8271083) AND (id <= 8272082))

table 8 : explain SELECT count(c) FROM sbtest8 WHERE id BETWEEN 7166287 AND 7167286
	Aggregate  (cost=3923.89..3923.90 rows=1 width=8)
	  ->  Bitmap Heap Scan on sbtest8  (cost=22.85..3921.35 rows=1016 width=121)
	        Recheck Cond: ((id >= 7166287) AND (id <= 7167286))
	        ->  Bitmap Index Scan on sbtest8_pkey  (cost=0.00..22.59 rows=1016 width=0)
	              Index Cond: ((id >= 7166287) AND (id <= 7167286))

for: count_ranges
table 1 : explain SELECT count(c) FROM sbtest1 WHERE id BETWEEN 3385283 AND 3386282
	Aggregate  (cost=3919.68..3919.69 rows=1 width=8)
	  ->  Bitmap Heap Scan on sbtest1  (cost=22.84..3917.14 rows=1015 width=121)
	        Recheck Cond: ((id >= 3385283) AND (id <= 3386282))
	        ->  Bitmap Index Scan on sbtest1_pkey  (cost=0.00..22.58 rows=1015 width=0)
	              Index Cond: ((id >= 3385283) AND (id <= 3386282))

table 2 : explain SELECT count(c) FROM sbtest2 WHERE id BETWEEN 5286895 AND 5287894
	Aggregate  (cost=4048.65..4048.66 rows=1 width=8)
	  ->  Bitmap Heap Scan on sbtest2  (cost=23.19..4046.02 rows=1049 width=121)
	        Recheck Cond: ((id >= 5286895) AND (id <= 5287894))
	        ->  Bitmap Index Scan on sbtest2_pkey  (cost=0.00..22.93 rows=1049 width=0)
	              Index Cond: ((id >= 5286895) AND (id <= 5287894))

table 3 : explain SELECT count(c) FROM sbtest3 WHERE id BETWEEN 4113324 AND 4114323
	Aggregate  (cost=3832.20..3832.21 rows=1 width=8)
	  ->  Bitmap Heap Scan on sbtest3  (cost=22.60..3829.72 rows=992 width=121)
	        Recheck Cond: ((id >= 4113324) AND (id <= 4114323))
	        ->  Bitmap Index Scan on sbtest3_pkey  (cost=0.00..22.36 rows=992 width=0)
	              Index Cond: ((id >= 4113324) AND (id <= 4114323))

table 4 : explain SELECT count(c) FROM sbtest4 WHERE id BETWEEN 8879968 AND 8880967
	Aggregate  (cost=3531.04..3531.05 rows=1 width=8)
	  ->  Bitmap Heap Scan on sbtest4  (cost=21.78..3528.76 rows=912 width=121)
	        Recheck Cond: ((id >= 8879968) AND (id <= 8880967))
	        ->  Bitmap Index Scan on sbtest4_pkey  (cost=0.00..21.55 rows=912 width=0)
	              Index Cond: ((id >= 8879968) AND (id <= 8880967))

table 5 : explain SELECT count(c) FROM sbtest5 WHERE id BETWEEN 6898224 AND 6899223
	Aggregate  (cost=3716.99..3717.00 rows=1 width=8)
	  ->  Bitmap Heap Scan on sbtest5  (cost=22.29..3714.59 rows=961 width=121)
	        Recheck Cond: ((id >= 6898224) AND (id <= 6899223))
	        ->  Bitmap Index Scan on sbtest5_pkey  (cost=0.00..22.04 rows=961 width=0)
	              Index Cond: ((id >= 6898224) AND (id <= 6899223))

table 6 : explain SELECT count(c) FROM sbtest6 WHERE id BETWEEN 7956963 AND 7957962
	Aggregate  (cost=3840.74..3840.75 rows=1 width=8)
	  ->  Bitmap Heap Scan on sbtest6  (cost=22.62..3838.25 rows=994 width=121)
	        Recheck Cond: ((id >= 7956963) AND (id <= 7957962))
	        ->  Bitmap Index Scan on sbtest6_pkey  (cost=0.00..22.37 rows=994 width=0)
	              Index Cond: ((id >= 7956963) AND (id <= 7957962))

table 7 : explain SELECT count(c) FROM sbtest7 WHERE id BETWEEN 8442758 AND 8443757
	Aggregate  (cost=3659.64..3659.65 rows=1 width=8)
	  ->  Bitmap Heap Scan on sbtest7  (cost=22.13..3657.27 rows=946 width=121)
	        Recheck Cond: ((id >= 8442758) AND (id <= 8443757))
	        ->  Bitmap Index Scan on sbtest7_pkey  (cost=0.00..21.89 rows=946 width=0)
	              Index Cond: ((id >= 8442758) AND (id <= 8443757))

table 8 : explain SELECT count(c) FROM sbtest8 WHERE id BETWEEN 7482421 AND 7483420
	Aggregate  (cost=4006.72..4006.73 rows=1 width=8)
	  ->  Bitmap Heap Scan on sbtest8  (cost=23.07..4004.12 rows=1038 width=121)
	        Recheck Cond: ((id >= 7482421) AND (id <= 7483420))
	        ->  Bitmap Index Scan on sbtest8_pkey  (cost=0.00..22.82 rows=1038 width=0)
	              Index Cond: ((id >= 7482421) AND (id <= 7483420))

for: count_ranges
table 1 : explain SELECT count(c) FROM sbtest1 WHERE id BETWEEN 4888628 AND 4889627
	Aggregate  (cost=3889.54..3889.55 rows=1 width=8)
	  ->  Bitmap Heap Scan on sbtest1  (cost=22.76..3887.03 rows=1007 width=121)
	        Recheck Cond: ((id >= 4888628) AND (id <= 4889627))
	        ->  Bitmap Index Scan on sbtest1_pkey  (cost=0.00..22.50 rows=1007 width=0)
	              Index Cond: ((id >= 4888628) AND (id <= 4889627))

table 2 : explain SELECT count(c) FROM sbtest2 WHERE id BETWEEN 7797228 AND 7798227
	Aggregate  (cost=4026.07..4026.08 rows=1 width=8)
	  ->  Bitmap Heap Scan on sbtest2  (cost=23.13..4023.46 rows=1043 width=121)
	        Recheck Cond: ((id >= 7797228) AND (id <= 7798227))
	        ->  Bitmap Index Scan on sbtest2_pkey  (cost=0.00..22.86 rows=1043 width=0)
	              Index Cond: ((id >= 7797228) AND (id <= 7798227))

table 3 : explain SELECT count(c) FROM sbtest3 WHERE id BETWEEN 9237349 AND 9238348
	Aggregate  (cost=3971.52..3971.53 rows=1 width=8)
	  ->  Bitmap Heap Scan on sbtest3  (cost=22.98..3968.94 rows=1029 width=121)
	        Recheck Cond: ((id >= 9237349) AND (id <= 9238348))
	        ->  Bitmap Index Scan on sbtest3_pkey  (cost=0.00..22.72 rows=1029 width=0)
	              Index Cond: ((id >= 9237349) AND (id <= 9238348))

table 4 : explain SELECT count(c) FROM sbtest4 WHERE id BETWEEN 3623469 AND 3624468
	Aggregate  (cost=3893.26..3893.27 rows=1 width=8)
	  ->  Bitmap Heap Scan on sbtest4  (cost=22.77..3890.74 rows=1008 width=121)
	        Recheck Cond: ((id >= 3623469) AND (id <= 3624468))
	        ->  Bitmap Index Scan on sbtest4_pkey  (cost=0.00..22.51 rows=1008 width=0)
	              Index Cond: ((id >= 3623469) AND (id <= 3624468))

table 5 : explain SELECT count(c) FROM sbtest5 WHERE id BETWEEN 5073375 AND 5074374
	Aggregate  (cost=3875.64..3875.65 rows=1 width=8)
	  ->  Bitmap Heap Scan on sbtest5  (cost=26.71..3873.13 rows=1002 width=121)
	        Recheck Cond: ((id >= 5073375) AND (id <= 5074374))
	        ->  Bitmap Index Scan on sbtest5_pkey  (cost=0.00..26.45 rows=1002 width=0)
	              Index Cond: ((id >= 5073375) AND (id <= 5074374))

table 6 : explain SELECT count(c) FROM sbtest6 WHERE id BETWEEN 1894948 AND 1895947
	Aggregate  (cost=4029.03..4029.04 rows=1 width=8)
	  ->  Bitmap Heap Scan on sbtest6  (cost=23.14..4026.42 rows=1044 width=121)
	        Recheck Cond: ((id >= 1894948) AND (id <= 1895947))
	        ->  Bitmap Index Scan on sbtest6_pkey  (cost=0.00..22.87 rows=1044 width=0)
	              Index Cond: ((id >= 1894948) AND (id <= 1895947))

table 7 : explain SELECT count(c) FROM sbtest7 WHERE id BETWEEN 885480 AND 886479
	Aggregate  (cost=4036.51..4036.52 rows=1 width=8)
	  ->  Bitmap Heap Scan on sbtest7  (cost=23.16..4033.90 rows=1046 width=121)
	        Recheck Cond: ((id >= 885480) AND (id <= 886479))
	        ->  Bitmap Index Scan on sbtest7_pkey  (cost=0.00..22.89 rows=1046 width=0)
	              Index Cond: ((id >= 885480) AND (id <= 886479))

table 8 : explain SELECT count(c) FROM sbtest8 WHERE id BETWEEN 1231695 AND 1232694
	Aggregate  (cost=3576.81..3576.82 rows=1 width=8)
	  ->  Bitmap Heap Scan on sbtest8  (cost=21.91..3574.50 rows=924 width=121)
	        Recheck Cond: ((id >= 1231695) AND (id <= 1232694))
	        ->  Bitmap Index Scan on sbtest8_pkey  (cost=0.00..21.68 rows=924 width=0)
	              Index Cond: ((id >= 1231695) AND (id <= 1232694))

for: count_ranges
table 1 : explain SELECT count(c) FROM sbtest1 WHERE id BETWEEN 3566404 AND 3567403
	Aggregate  (cost=4137.89..4137.90 rows=1 width=8)
	  ->  Bitmap Heap Scan on sbtest1  (cost=23.43..4135.21 rows=1073 width=121)
	        Recheck Cond: ((id >= 3566404) AND (id <= 3567403))
	        ->  Bitmap Index Scan on sbtest1_pkey  (cost=0.00..23.16 rows=1073 width=0)
	              Index Cond: ((id >= 3566404) AND (id <= 3567403))

table 2 : explain SELECT count(c) FROM sbtest2 WHERE id BETWEEN 2095011 AND 2096010
	Aggregate  (cost=3720.77..3720.78 rows=1 width=8)
	  ->  Bitmap Heap Scan on sbtest2  (cost=22.30..3718.37 rows=962 width=121)
	        Recheck Cond: ((id >= 2095011) AND (id <= 2096010))
	        ->  Bitmap Index Scan on sbtest2_pkey  (cost=0.00..22.05 rows=962 width=0)
	              Index Cond: ((id >= 2095011) AND (id <= 2096010))

table 3 : explain SELECT count(c) FROM sbtest3 WHERE id BETWEEN 3054664 AND 3055663
	Aggregate  (cost=4718.16..4718.17 rows=1 width=8)
	  ->  Bitmap Heap Scan on sbtest3  (cost=29.02..4715.09 rows=1228 width=121)
	        Recheck Cond: ((id >= 3054664) AND (id <= 3055663))
	        ->  Bitmap Index Scan on sbtest3_pkey  (cost=0.00..28.71 rows=1228 width=0)
	              Index Cond: ((id >= 3054664) AND (id <= 3055663))

table 4 : explain SELECT count(c) FROM sbtest4 WHERE id BETWEEN 9156246 AND 9157245
	Aggregate  (cost=3851.82..3851.83 rows=1 width=8)
	  ->  Bitmap Heap Scan on sbtest4  (cost=22.65..3849.33 rows=997 width=121)
	        Recheck Cond: ((id >= 9156246) AND (id <= 9157245))
	        ->  Bitmap Index Scan on sbtest4_pkey  (cost=0.00..22.40 rows=997 width=0)
	              Index Cond: ((id >= 9156246) AND (id <= 9157245))

table 5 : explain SELECT count(c) FROM sbtest5 WHERE id BETWEEN 2271285 AND 2272284
	Aggregate  (cost=4124.12..4124.13 rows=1 width=8)
	  ->  Bitmap Heap Scan on sbtest5  (cost=27.38..4121.45 rows=1068 width=121)
	        Recheck Cond: ((id >= 2271285) AND (id <= 2272284))
	        ->  Bitmap Index Scan on sbtest5_pkey  (cost=0.00..27.11 rows=1068 width=0)
	              Index Cond: ((id >= 2271285) AND (id <= 2272284))

table 6 : explain SELECT count(c) FROM sbtest6 WHERE id BETWEEN 4535530 AND 4536529
	Aggregate  (cost=3957.52..3957.53 rows=1 width=8)
	  ->  Bitmap Heap Scan on sbtest6  (cost=22.94..3954.95 rows=1025 width=121)
	        Recheck Cond: ((id >= 4535530) AND (id <= 4536529))
	        ->  Bitmap Index Scan on sbtest6_pkey  (cost=0.00..22.68 rows=1025 width=0)
	              Index Cond: ((id >= 4535530) AND (id <= 4536529))

table 7 : explain SELECT count(c) FROM sbtest7 WHERE id BETWEEN 9738270 AND 9739269
	Aggregate  (cost=4284.82..4284.83 rows=1 width=8)
	  ->  Bitmap Heap Scan on sbtest7  (cost=27.83..4282.04 rows=1112 width=121)
	        Recheck Cond: ((id >= 9738270) AND (id <= 9739269))
	        ->  Bitmap Index Scan on sbtest7_pkey  (cost=0.00..27.55 rows=1112 width=0)
	              Index Cond: ((id >= 9738270) AND (id <= 9739269))

table 8 : explain SELECT count(c) FROM sbtest8 WHERE id BETWEEN 3132405 AND 3133404
	Aggregate  (cost=3999.19..3999.20 rows=1 width=8)
	  ->  Bitmap Heap Scan on sbtest8  (cost=23.05..3996.60 rows=1036 width=121)
	        Recheck Cond: ((id >= 3132405) AND (id <= 3133404))
	        ->  Bitmap Index Scan on sbtest8_pkey  (cost=0.00..22.79 rows=1036 width=0)
	              Index Cond: ((id >= 3132405) AND (id <= 3133404))

for: count_ranges
table 1 : explain SELECT count(c) FROM sbtest1 WHERE id BETWEEN 5614715 AND 5615714
	Aggregate  (cost=4070.22..4070.23 rows=1 width=8)
	  ->  Bitmap Heap Scan on sbtest1  (cost=23.25..4067.58 rows=1055 width=121)
	        Recheck Cond: ((id >= 5614715) AND (id <= 5615714))
	        ->  Bitmap Index Scan on sbtest1_pkey  (cost=0.00..22.98 rows=1055 width=0)
	              Index Cond: ((id >= 5614715) AND (id <= 5615714))

table 2 : explain SELECT count(c) FROM sbtest2 WHERE id BETWEEN 1414401 AND 1415400
	Aggregate  (cost=3448.67..3448.68 rows=1 width=8)
	  ->  Bitmap Heap Scan on sbtest2  (cost=21.56..3446.45 rows=890 width=121)
	        Recheck Cond: ((id >= 1414401) AND (id <= 1415400))
	        ->  Bitmap Index Scan on sbtest2_pkey  (cost=0.00..21.33 rows=890 width=0)
	              Index Cond: ((id >= 1414401) AND (id <= 1415400))

table 3 : explain SELECT count(c) FROM sbtest3 WHERE id BETWEEN 2188163 AND 2189162
	Aggregate  (cost=3753.05..3753.06 rows=1 width=8)
	  ->  Bitmap Heap Scan on sbtest3  (cost=22.39..3750.62 rows=971 width=121)
	        Recheck Cond: ((id >= 2188163) AND (id <= 2189162))
	        ->  Bitmap Index Scan on sbtest3_pkey  (cost=0.00..22.14 rows=971 width=0)
	              Index Cond: ((id >= 2188163) AND (id <= 2189162))

table 4 : explain SELECT count(c) FROM sbtest4 WHERE id BETWEEN 6871531 AND 6872530
	Aggregate  (cost=3874.43..3874.44 rows=1 width=8)
	  ->  Bitmap Heap Scan on sbtest4  (cost=22.72..3871.92 rows=1003 width=121)
	        Recheck Cond: ((id >= 6871531) AND (id <= 6872530))
	        ->  Bitmap Index Scan on sbtest4_pkey  (cost=0.00..22.46 rows=1003 width=0)
	              Index Cond: ((id >= 6871531) AND (id <= 6872530))

table 5 : explain SELECT count(c) FROM sbtest5 WHERE id BETWEEN 9200272 AND 9201271
	Aggregate  (cost=3637.70..3637.71 rows=1 width=8)
	  ->  Bitmap Heap Scan on sbtest5  (cost=22.07..3635.35 rows=940 width=121)
	        Recheck Cond: ((id >= 9200272) AND (id <= 9201271))
	        ->  Bitmap Index Scan on sbtest5_pkey  (cost=0.00..21.83 rows=940 width=0)
	              Index Cond: ((id >= 9200272) AND (id <= 9201271))

table 6 : explain SELECT count(c) FROM sbtest6 WHERE id BETWEEN 9465201 AND 9466200
	Aggregate  (cost=4685.87..4685.88 rows=1 width=8)
	  ->  Bitmap Heap Scan on sbtest6  (cost=28.93..4682.82 rows=1219 width=121)
	        Recheck Cond: ((id >= 9465201) AND (id <= 9466200))
	        ->  Bitmap Index Scan on sbtest6_pkey  (cost=0.00..28.62 rows=1219 width=0)
	              Index Cond: ((id >= 9465201) AND (id <= 9466200))

table 7 : explain SELECT count(c) FROM sbtest7 WHERE id BETWEEN 8898408 AND 8899407
	Aggregate  (cost=3867.08..3867.09 rows=1 width=8)
	  ->  Bitmap Heap Scan on sbtest7  (cost=22.70..3864.58 rows=1001 width=121)
	        Recheck Cond: ((id >= 8898408) AND (id <= 8899407))
	        ->  Bitmap Index Scan on sbtest7_pkey  (cost=0.00..22.44 rows=1001 width=0)
	              Index Cond: ((id >= 8898408) AND (id <= 8899407))

table 8 : explain SELECT count(c) FROM sbtest8 WHERE id BETWEEN 839135 AND 840134
	Aggregate  (cost=3889.98..3889.99 rows=1 width=8)
	  ->  Bitmap Heap Scan on sbtest8  (cost=22.76..3887.46 rows=1007 width=121)
	        Recheck Cond: ((id >= 839135) AND (id <= 840134))
	        ->  Bitmap Index Scan on sbtest8_pkey  (cost=0.00..22.50 rows=1007 width=0)
	              Index Cond: ((id >= 839135) AND (id <= 840134))

for: count_ranges
table 1 : explain SELECT count(c) FROM sbtest1 WHERE id BETWEEN 4116445 AND 4117444
	Aggregate  (cost=3968.62..3968.63 rows=1 width=8)
	  ->  Bitmap Heap Scan on sbtest1  (cost=22.97..3966.05 rows=1028 width=121)
	        Recheck Cond: ((id >= 4116445) AND (id <= 4117444))
	        ->  Bitmap Index Scan on sbtest1_pkey  (cost=0.00..22.71 rows=1028 width=0)
	              Index Cond: ((id >= 4116445) AND (id <= 4117444))

table 2 : explain SELECT count(c) FROM sbtest2 WHERE id BETWEEN 2627671 AND 2628670
	Aggregate  (cost=3894.25..3894.26 rows=1 width=8)
	  ->  Bitmap Heap Scan on sbtest2  (cost=22.77..3891.73 rows=1008 width=121)
	        Recheck Cond: ((id >= 2627671) AND (id <= 2628670))
	        ->  Bitmap Index Scan on sbtest2_pkey  (cost=0.00..22.51 rows=1008 width=0)
	              Index Cond: ((id >= 2627671) AND (id <= 2628670))

table 3 : explain SELECT count(c) FROM sbtest3 WHERE id BETWEEN 5691173 AND 5692172
	Aggregate  (cost=4005.38..4005.39 rows=1 width=8)
	  ->  Bitmap Heap Scan on sbtest3  (cost=23.07..4002.78 rows=1038 width=121)
	        Recheck Cond: ((id >= 5691173) AND (id <= 5692172))
	        ->  Bitmap Index Scan on sbtest3_pkey  (cost=0.00..22.82 rows=1038 width=0)
	              Index Cond: ((id >= 5691173) AND (id <= 5692172))

table 4 : explain SELECT count(c) FROM sbtest4 WHERE id BETWEEN 2492190 AND 2493189
	Aggregate  (cost=4209.23..4209.24 rows=1 width=8)
	  ->  Bitmap Heap Scan on sbtest4  (cost=23.63..4206.50 rows=1092 width=121)
	        Recheck Cond: ((id >= 2492190) AND (id <= 2493189))
	        ->  Bitmap Index Scan on sbtest4_pkey  (cost=0.00..23.36 rows=1092 width=0)
	              Index Cond: ((id >= 2492190) AND (id <= 2493189))

table 5 : explain SELECT count(c) FROM sbtest5 WHERE id BETWEEN 6338398 AND 6339397
	Aggregate  (cost=3758.51..3758.52 rows=1 width=8)
	  ->  Bitmap Heap Scan on sbtest5  (cost=22.40..3756.08 rows=972 width=121)
	        Recheck Cond: ((id >= 6338398) AND (id <= 6339397))
	        ->  Bitmap Index Scan on sbtest5_pkey  (cost=0.00..22.15 rows=972 width=0)
	              Index Cond: ((id >= 6338398) AND (id <= 6339397))

table 6 : explain SELECT count(c) FROM sbtest6 WHERE id BETWEEN 6983682 AND 6984681
	Aggregate  (cost=4092.97..4092.98 rows=1 width=8)
	  ->  Bitmap Heap Scan on sbtest6  (cost=23.31..4090.32 rows=1061 width=121)
	        Recheck Cond: ((id >= 6983682) AND (id <= 6984681))
	        ->  Bitmap Index Scan on sbtest6_pkey  (cost=0.00..23.04 rows=1061 width=0)
	              Index Cond: ((id >= 6983682) AND (id <= 6984681))

table 7 : explain SELECT count(c) FROM sbtest7 WHERE id BETWEEN 4158572 AND 4159571
	Aggregate  (cost=3889.69..3889.70 rows=1 width=8)
	  ->  Bitmap Heap Scan on sbtest7  (cost=22.76..3887.17 rows=1007 width=121)
	        Recheck Cond: ((id >= 4158572) AND (id <= 4159571))
	        ->  Bitmap Index Scan on sbtest7_pkey  (cost=0.00..22.50 rows=1007 width=0)
	              Index Cond: ((id >= 4158572) AND (id <= 4159571))

table 8 : explain SELECT count(c) FROM sbtest8 WHERE id BETWEEN 5161717 AND 5162716
	Aggregate  (cost=3780.66..3780.67 rows=1 width=8)
	  ->  Bitmap Heap Scan on sbtest8  (cost=22.46..3778.22 rows=978 width=121)
	        Recheck Cond: ((id >= 5161717) AND (id <= 5162716))
	        ->  Bitmap Index Scan on sbtest8_pkey  (cost=0.00..22.21 rows=978 width=0)
	              Index Cond: ((id >= 5161717) AND (id <= 5162716))

for: count_ranges
table 1 : explain SELECT count(c) FROM sbtest1 WHERE id BETWEEN 6421167 AND 6422166
	Aggregate  (cost=4509.67..4509.68 rows=1 width=8)
	  ->  Bitmap Heap Scan on sbtest1  (cost=28.45..4506.74 rows=1172 width=121)
	        Recheck Cond: ((id >= 6421167) AND (id <= 6422166))
	        ->  Bitmap Index Scan on sbtest1_pkey  (cost=0.00..28.15 rows=1172 width=0)
	              Index Cond: ((id >= 6421167) AND (id <= 6422166))

table 2 : explain SELECT count(c) FROM sbtest2 WHERE id BETWEEN 3450379 AND 3451378
	Aggregate  (cost=3815.09..3815.10 rows=1 width=8)
	  ->  Bitmap Heap Scan on sbtest2  (cost=22.55..3812.62 rows=987 width=121)
	        Recheck Cond: ((id >= 3450379) AND (id <= 3451378))
	        ->  Bitmap Index Scan on sbtest2_pkey  (cost=0.00..22.30 rows=987 width=0)
	              Index Cond: ((id >= 3450379) AND (id <= 3451378))

table 3 : explain SELECT count(c) FROM sbtest3 WHERE id BETWEEN 535132 AND 536131
	Aggregate  (cost=3824.66..3824.67 rows=1 width=8)
	  ->  Bitmap Heap Scan on sbtest3  (cost=22.58..3822.19 rows=990 width=121)
	        Recheck Cond: ((id >= 535132) AND (id <= 536131))
	        ->  Bitmap Index Scan on sbtest3_pkey  (cost=0.00..22.33 rows=990 width=0)
	              Index Cond: ((id >= 535132) AND (id <= 536131))

table 4 : explain SELECT count(c) FROM sbtest4 WHERE id BETWEEN 9742735 AND 9743734
	Aggregate  (cost=3848.05..3848.06 rows=1 width=8)
	  ->  Bitmap Heap Scan on sbtest4  (cost=22.64..3845.56 rows=996 width=121)
	        Recheck Cond: ((id >= 9742735) AND (id <= 9743734))
	        ->  Bitmap Index Scan on sbtest4_pkey  (cost=0.00..22.39 rows=996 width=0)
	              Index Cond: ((id >= 9742735) AND (id <= 9743734))

table 5 : explain SELECT count(c) FROM sbtest5 WHERE id BETWEEN 3247876 AND 3248875
	Aggregate  (cost=4360.83..4360.84 rows=1 width=8)
	  ->  Bitmap Heap Scan on sbtest5  (cost=28.04..4358.00 rows=1132 width=121)
	        Recheck Cond: ((id >= 3247876) AND (id <= 3248875))
	        ->  Bitmap Index Scan on sbtest5_pkey  (cost=0.00..27.75 rows=1132 width=0)
	              Index Cond: ((id >= 3247876) AND (id <= 3248875))

table 6 : explain SELECT count(c) FROM sbtest6 WHERE id BETWEEN 1558490 AND 1559489
	Aggregate  (cost=3787.96..3787.97 rows=1 width=8)
	  ->  Bitmap Heap Scan on sbtest6  (cost=22.48..3785.51 rows=980 width=121)
	        Recheck Cond: ((id >= 1558490) AND (id <= 1559489))
	        ->  Bitmap Index Scan on sbtest6_pkey  (cost=0.00..22.23 rows=980 width=0)
	              Index Cond: ((id >= 1558490) AND (id <= 1559489))

table 7 : explain SELECT count(c) FROM sbtest7 WHERE id BETWEEN 2177695 AND 2178694
	Aggregate  (cost=4051.56..4051.57 rows=1 width=8)
	  ->  Bitmap Heap Scan on sbtest7  (cost=23.20..4048.93 rows=1050 width=121)
	        Recheck Cond: ((id >= 2177695) AND (id <= 2178694))
	        ->  Bitmap Index Scan on sbtest7_pkey  (cost=0.00..22.93 rows=1050 width=0)
	              Index Cond: ((id >= 2177695) AND (id <= 2178694))

table 8 : explain SELECT count(c) FROM sbtest8 WHERE id BETWEEN 2175125 AND 2176124
	Aggregate  (cost=3690.11..3690.12 rows=1 width=8)
	  ->  Bitmap Heap Scan on sbtest8  (cost=22.21..3687.72 rows=954 width=121)
	        Recheck Cond: ((id >= 2175125) AND (id <= 2176124))
	        ->  Bitmap Index Scan on sbtest8_pkey  (cost=0.00..21.97 rows=954 width=0)
	              Index Cond: ((id >= 2175125) AND (id <= 2176124))

for: count_ranges
table 1 : explain SELECT count(c) FROM sbtest1 WHERE id BETWEEN 122408 AND 123407
	Aggregate  (cost=3949.80..3949.81 rows=1 width=8)
	  ->  Bitmap Heap Scan on sbtest1  (cost=22.92..3947.24 rows=1023 width=121)
	        Recheck Cond: ((id >= 122408) AND (id <= 123407))
	        ->  Bitmap Index Scan on sbtest1_pkey  (cost=0.00..22.66 rows=1023 width=0)
	              Index Cond: ((id >= 122408) AND (id <= 123407))

table 2 : explain SELECT count(c) FROM sbtest2 WHERE id BETWEEN 1771964 AND 1772963
	Aggregate  (cost=3867.87..3867.88 rows=1 width=8)
	  ->  Bitmap Heap Scan on sbtest2  (cost=22.70..3865.37 rows=1001 width=121)
	        Recheck Cond: ((id >= 1771964) AND (id <= 1772963))
	        ->  Bitmap Index Scan on sbtest2_pkey  (cost=0.00..22.44 rows=1001 width=0)
	              Index Cond: ((id >= 1771964) AND (id <= 1772963))

table 3 : explain SELECT count(c) FROM sbtest3 WHERE id BETWEEN 8014093 AND 8015092
	Aggregate  (cost=3843.50..3843.51 rows=1 width=8)
	  ->  Bitmap Heap Scan on sbtest3  (cost=22.63..3841.01 rows=995 width=121)
	        Recheck Cond: ((id >= 8014093) AND (id <= 8015092))
	        ->  Bitmap Index Scan on sbtest3_pkey  (cost=0.00..22.39 rows=995 width=0)
	              Index Cond: ((id >= 8014093) AND (id <= 8015092))

table 4 : explain SELECT count(c) FROM sbtest4 WHERE id BETWEEN 6473331 AND 6474330
	Aggregate  (cost=4025.02..4025.03 rows=1 width=8)
	  ->  Bitmap Heap Scan on sbtest4  (cost=23.13..4022.42 rows=1043 width=121)
	        Recheck Cond: ((id >= 6473331) AND (id <= 6474330))
	        ->  Bitmap Index Scan on sbtest4_pkey  (cost=0.00..22.86 rows=1043 width=0)
	              Index Cond: ((id >= 6473331) AND (id <= 6474330))

table 5 : explain SELECT count(c) FROM sbtest5 WHERE id BETWEEN 2400849 AND 2401848
	Aggregate  (cost=3890.71..3890.72 rows=1 width=8)
	  ->  Bitmap Heap Scan on sbtest5  (cost=26.75..3888.20 rows=1006 width=121)
	        Recheck Cond: ((id >= 2400849) AND (id <= 2401848))
	        ->  Bitmap Index Scan on sbtest5_pkey  (cost=0.00..26.50 rows=1006 width=0)
	              Index Cond: ((id >= 2400849) AND (id <= 2401848))

table 6 : explain SELECT count(c) FROM sbtest6 WHERE id BETWEEN 7039316 AND 7040315
	Aggregate  (cost=3603.03..3603.04 rows=1 width=8)
	  ->  Bitmap Heap Scan on sbtest6  (cost=21.98..3600.70 rows=931 width=121)
	        Recheck Cond: ((id >= 7039316) AND (id <= 7040315))
	        ->  Bitmap Index Scan on sbtest6_pkey  (cost=0.00..21.75 rows=931 width=0)
	              Index Cond: ((id >= 7039316) AND (id <= 7040315))

table 7 : explain SELECT count(c) FROM sbtest7 WHERE id BETWEEN 9399195 AND 9400194
	Aggregate  (cost=3983.83..3983.84 rows=1 width=8)
	  ->  Bitmap Heap Scan on sbtest7  (cost=23.01..3981.25 rows=1032 width=121)
	        Recheck Cond: ((id >= 9399195) AND (id <= 9400194))
	        ->  Bitmap Index Scan on sbtest7_pkey  (cost=0.00..22.75 rows=1032 width=0)
	              Index Cond: ((id >= 9399195) AND (id <= 9400194))

table 8 : explain SELECT count(c) FROM sbtest8 WHERE id BETWEEN 8763485 AND 8764484
	Aggregate  (cost=3512.55..3512.56 rows=1 width=8)
	  ->  Bitmap Heap Scan on sbtest8  (cost=21.73..3510.29 rows=907 width=121)
	        Recheck Cond: ((id >= 8763485) AND (id <= 8764484))
	        ->  Bitmap Index Scan on sbtest8_pkey  (cost=0.00..21.50 rows=907 width=0)
	              Index Cond: ((id >= 8763485) AND (id <= 8764484))

for: count_ranges
table 1 : explain SELECT count(c) FROM sbtest1 WHERE id BETWEEN 3301435 AND 3302434
	Aggregate  (cost=4152.92..4152.93 rows=1 width=8)
	  ->  Bitmap Heap Scan on sbtest1  (cost=23.47..4150.23 rows=1077 width=121)
	        Recheck Cond: ((id >= 3301435) AND (id <= 3302434))
	        ->  Bitmap Index Scan on sbtest1_pkey  (cost=0.00..23.20 rows=1077 width=0)
	              Index Cond: ((id >= 3301435) AND (id <= 3302434))

table 2 : explain SELECT count(c) FROM sbtest2 WHERE id BETWEEN 2858251 AND 2859250
	Aggregate  (cost=3528.11..3528.12 rows=1 width=8)
	  ->  Bitmap Heap Scan on sbtest2  (cost=21.77..3525.83 rows=911 width=121)
	        Recheck Cond: ((id >= 2858251) AND (id <= 2859250))
	        ->  Bitmap Index Scan on sbtest2_pkey  (cost=0.00..21.54 rows=911 width=0)
	              Index Cond: ((id >= 2858251) AND (id <= 2859250))

table 3 : explain SELECT count(c) FROM sbtest3 WHERE id BETWEEN 6842408 AND 6843407
	Aggregate  (cost=3722.88..3722.89 rows=1 width=8)
	  ->  Bitmap Heap Scan on sbtest3  (cost=22.31..3720.47 rows=963 width=121)
	        Recheck Cond: ((id >= 6842408) AND (id <= 6843407))
	        ->  Bitmap Index Scan on sbtest3_pkey  (cost=0.00..22.07 rows=963 width=0)
	              Index Cond: ((id >= 6842408) AND (id <= 6843407))

table 4 : explain SELECT count(c) FROM sbtest4 WHERE id BETWEEN 371388 AND 372387
	Aggregate  (cost=3636.81..3636.82 rows=1 width=8)
	  ->  Bitmap Heap Scan on sbtest4  (cost=22.07..3634.46 rows=940 width=121)
	        Recheck Cond: ((id >= 371388) AND (id <= 372387))
	        ->  Bitmap Index Scan on sbtest4_pkey  (cost=0.00..21.83 rows=940 width=0)
	              Index Cond: ((id >= 371388) AND (id <= 372387))

table 5 : explain SELECT count(c) FROM sbtest5 WHERE id BETWEEN 7187973 AND 7188972
	Aggregate  (cost=3376.75..3376.76 rows=1 width=8)
	  ->  Bitmap Heap Scan on sbtest5  (cost=21.36..3374.57 rows=871 width=121)
	        Recheck Cond: ((id >= 7187973) AND (id <= 7188972))
	        ->  Bitmap Index Scan on sbtest5_pkey  (cost=0.00..21.14 rows=871 width=0)
	              Index Cond: ((id >= 7187973) AND (id <= 7188972))

table 6 : explain SELECT count(c) FROM sbtest6 WHERE id BETWEEN 3632639 AND 3633638
	Aggregate  (cost=4047.84..4047.85 rows=1 width=8)
	  ->  Bitmap Heap Scan on sbtest6  (cost=23.19..4045.22 rows=1049 width=121)
	        Recheck Cond: ((id >= 3632639) AND (id <= 3633638))
	        ->  Bitmap Index Scan on sbtest6_pkey  (cost=0.00..22.93 rows=1049 width=0)
	              Index Cond: ((id >= 3632639) AND (id <= 3633638))

table 7 : explain SELECT count(c) FROM sbtest7 WHERE id BETWEEN 937967 AND 938966
	Aggregate  (cost=4119.25..4119.26 rows=1 width=8)
	  ->  Bitmap Heap Scan on sbtest7  (cost=23.38..4116.58 rows=1068 width=121)
	        Recheck Cond: ((id >= 937967) AND (id <= 938966))
	        ->  Bitmap Index Scan on sbtest7_pkey  (cost=0.00..23.11 rows=1068 width=0)
	              Index Cond: ((id >= 937967) AND (id <= 938966))

table 8 : explain SELECT count(c) FROM sbtest8 WHERE id BETWEEN 2764439 AND 2765438
	Aggregate  (cost=3957.78..3957.79 rows=1 width=8)
	  ->  Bitmap Heap Scan on sbtest8  (cost=22.94..3955.22 rows=1025 width=121)
	        Recheck Cond: ((id >= 2764439) AND (id <= 2765438))
	        ->  Bitmap Index Scan on sbtest8_pkey  (cost=0.00..22.68 rows=1025 width=0)
	              Index Cond: ((id >= 2764439) AND (id <= 2765438))

for: count_ranges
table 1 : explain SELECT count(c) FROM sbtest1 WHERE id BETWEEN 817536 AND 818535
	Aggregate  (cost=3994.97..3994.98 rows=1 width=8)
	  ->  Bitmap Heap Scan on sbtest1  (cost=23.04..3992.38 rows=1035 width=121)
	        Recheck Cond: ((id >= 817536) AND (id <= 818535))
	        ->  Bitmap Index Scan on sbtest1_pkey  (cost=0.00..22.79 rows=1035 width=0)
	              Index Cond: ((id >= 817536) AND (id <= 818535))

table 2 : explain SELECT count(c) FROM sbtest2 WHERE id BETWEEN 9509203 AND 9510202
	Aggregate  (cost=3841.48..3841.49 rows=1 width=8)
	  ->  Bitmap Heap Scan on sbtest2  (cost=22.62..3839.00 rows=994 width=121)
	        Recheck Cond: ((id >= 9509203) AND (id <= 9510202))
	        ->  Bitmap Index Scan on sbtest2_pkey  (cost=0.00..22.37 rows=994 width=0)
	              Index Cond: ((id >= 9509203) AND (id <= 9510202))

table 3 : explain SELECT count(c) FROM sbtest3 WHERE id BETWEEN 3326651 AND 3327650
	Aggregate  (cost=4197.06..4197.07 rows=1 width=8)
	  ->  Bitmap Heap Scan on sbtest3  (cost=23.60..4194.34 rows=1089 width=121)
	        Recheck Cond: ((id >= 3326651) AND (id <= 3327650))
	        ->  Bitmap Index Scan on sbtest3_pkey  (cost=0.00..23.32 rows=1089 width=0)
	              Index Cond: ((id >= 3326651) AND (id <= 3327650))

table 4 : explain SELECT count(c) FROM sbtest4 WHERE id BETWEEN 1010879 AND 1011878
	Aggregate  (cost=3961.05..3961.06 rows=1 width=8)
	  ->  Bitmap Heap Scan on sbtest4  (cost=22.95..3958.48 rows=1026 width=121)
	        Recheck Cond: ((id >= 1010879) AND (id <= 1011878))
	        ->  Bitmap Index Scan on sbtest4_pkey  (cost=0.00..22.69 rows=1026 width=0)
	              Index Cond: ((id >= 1010879) AND (id <= 1011878))

table 5 : explain SELECT count(c) FROM sbtest5 WHERE id BETWEEN 5090371 AND 5091370
	Aggregate  (cost=3875.64..3875.65 rows=1 width=8)
	  ->  Bitmap Heap Scan on sbtest5  (cost=26.71..3873.13 rows=1002 width=121)
	        Recheck Cond: ((id >= 5090371) AND (id <= 5091370))
	        ->  Bitmap Index Scan on sbtest5_pkey  (cost=0.00..26.45 rows=1002 width=0)
	              Index Cond: ((id >= 5090371) AND (id <= 5091370))

table 6 : explain SELECT count(c) FROM sbtest6 WHERE id BETWEEN 436221 AND 437220
	Aggregate  (cost=3516.11..3516.12 rows=1 width=8)
	  ->  Bitmap Heap Scan on sbtest6  (cost=21.74..3513.84 rows=908 width=121)
	        Recheck Cond: ((id >= 436221) AND (id <= 437220))
	        ->  Bitmap Index Scan on sbtest6_pkey  (cost=0.00..21.51 rows=908 width=0)
	              Index Cond: ((id >= 436221) AND (id <= 437220))

table 7 : explain SELECT count(c) FROM sbtest7 WHERE id BETWEEN 3639853 AND 3640852
	Aggregate  (cost=3787.92..3787.93 rows=1 width=8)
	  ->  Bitmap Heap Scan on sbtest7  (cost=22.48..3785.47 rows=980 width=121)
	        Recheck Cond: ((id >= 3639853) AND (id <= 3640852))
	        ->  Bitmap Index Scan on sbtest7_pkey  (cost=0.00..22.23 rows=980 width=0)
	              Index Cond: ((id >= 3639853) AND (id <= 3640852))

table 8 : explain SELECT count(c) FROM sbtest8 WHERE id BETWEEN 9819211 AND 9820210
	Aggregate  (cost=3773.12..3773.13 rows=1 width=8)
	  ->  Bitmap Heap Scan on sbtest8  (cost=22.44..3770.68 rows=976 width=121)
	        Recheck Cond: ((id >= 9819211) AND (id <= 9820210))
	        ->  Bitmap Index Scan on sbtest8_pkey  (cost=0.00..22.19 rows=976 width=0)
	              Index Cond: ((id >= 9819211) AND (id <= 9820210))

for: count_ranges
table 1 : explain SELECT count(c) FROM sbtest1 WHERE id BETWEEN 9103409 AND 9104408
	Aggregate  (cost=3825.49..3825.50 rows=1 width=8)
	  ->  Bitmap Heap Scan on sbtest1  (cost=22.58..3823.01 rows=990 width=121)
	        Recheck Cond: ((id >= 9103409) AND (id <= 9104408))
	        ->  Bitmap Index Scan on sbtest1_pkey  (cost=0.00..22.33 rows=990 width=0)
	              Index Cond: ((id >= 9103409) AND (id <= 9104408))

table 2 : explain SELECT count(c) FROM sbtest2 WHERE id BETWEEN 73271 AND 74270
	Aggregate  (cost=3837.71..3837.72 rows=1 width=8)
	  ->  Bitmap Heap Scan on sbtest2  (cost=22.61..3835.23 rows=993 width=121)
	        Recheck Cond: ((id >= 73271) AND (id <= 74270))
	        ->  Bitmap Index Scan on sbtest2_pkey  (cost=0.00..22.36 rows=993 width=0)
	              Index Cond: ((id >= 73271) AND (id <= 74270))

table 3 : explain SELECT count(c) FROM sbtest3 WHERE id BETWEEN 6788989 AND 6789988
	Aggregate  (cost=3594.57..3594.58 rows=1 width=8)
	  ->  Bitmap Heap Scan on sbtest3  (cost=21.96..3592.24 rows=929 width=121)
	        Recheck Cond: ((id >= 6788989) AND (id <= 6789988))
	        ->  Bitmap Index Scan on sbtest3_pkey  (cost=0.00..21.72 rows=929 width=0)
	              Index Cond: ((id >= 6788989) AND (id <= 6789988))

table 4 : explain SELECT count(c) FROM sbtest4 WHERE id BETWEEN 587320 AND 588319
	Aggregate  (cost=3844.28..3844.29 rows=1 width=8)
	  ->  Bitmap Heap Scan on sbtest4  (cost=22.63..3841.80 rows=995 width=121)
	        Recheck Cond: ((id >= 587320) AND (id <= 588319))
	        ->  Bitmap Index Scan on sbtest4_pkey  (cost=0.00..22.39 rows=995 width=0)
	              Index Cond: ((id >= 587320) AND (id <= 588319))

table 5 : explain SELECT count(c) FROM sbtest5 WHERE id BETWEEN 5195512 AND 5196511
	Aggregate  (cost=3679.24..3679.25 rows=1 width=8)
	  ->  Bitmap Heap Scan on sbtest5  (cost=22.18..3676.87 rows=951 width=121)
	        Recheck Cond: ((id >= 5195512) AND (id <= 5196511))
	        ->  Bitmap Index Scan on sbtest5_pkey  (cost=0.00..21.94 rows=951 width=0)
	              Index Cond: ((id >= 5195512) AND (id <= 5196511))

table 6 : explain SELECT count(c) FROM sbtest6 WHERE id BETWEEN 9059866 AND 9060865
	Aggregate  (cost=4401.19..4401.20 rows=1 width=8)
	  ->  Bitmap Heap Scan on sbtest6  (cost=28.15..4398.33 rows=1143 width=121)
	        Recheck Cond: ((id >= 9059866) AND (id <= 9060865))
	        ->  Bitmap Index Scan on sbtest6_pkey  (cost=0.00..27.86 rows=1143 width=0)
	              Index Cond: ((id >= 9059866) AND (id <= 9060865))

table 7 : explain SELECT count(c) FROM sbtest7 WHERE id BETWEEN 4030625 AND 4031624
	Aggregate  (cost=3780.38..3780.39 rows=1 width=8)
	  ->  Bitmap Heap Scan on sbtest7  (cost=22.46..3777.93 rows=978 width=121)
	        Recheck Cond: ((id >= 4030625) AND (id <= 4031624))
	        ->  Bitmap Index Scan on sbtest7_pkey  (cost=0.00..22.21 rows=978 width=0)
	              Index Cond: ((id >= 4030625) AND (id <= 4031624))

table 8 : explain SELECT count(c) FROM sbtest8 WHERE id BETWEEN 587234 AND 588233
	Aggregate  (cost=3852.30..3852.31 rows=1 width=8)
	  ->  Bitmap Heap Scan on sbtest8  (cost=22.65..3849.81 rows=997 width=121)
	        Recheck Cond: ((id >= 587234) AND (id <= 588233))
	        ->  Bitmap Index Scan on sbtest8_pkey  (cost=0.00..22.40 rows=997 width=0)
	              Index Cond: ((id >= 587234) AND (id <= 588233))

for: count_ranges
table 1 : explain SELECT count(c) FROM sbtest1 WHERE id BETWEEN 9551950 AND 9552949
	Aggregate  (cost=3942.27..3942.28 rows=1 width=8)
	  ->  Bitmap Heap Scan on sbtest1  (cost=22.90..3939.72 rows=1021 width=121)
	        Recheck Cond: ((id >= 9551950) AND (id <= 9552949))
	        ->  Bitmap Index Scan on sbtest1_pkey  (cost=0.00..22.64 rows=1021 width=0)
	              Index Cond: ((id >= 9551950) AND (id <= 9552949))

table 2 : explain SELECT count(c) FROM sbtest2 WHERE id BETWEEN 8023954 AND 8024953
	Aggregate  (cost=3803.77..3803.78 rows=1 width=8)
	  ->  Bitmap Heap Scan on sbtest2  (cost=22.52..3801.31 rows=984 width=121)
	        Recheck Cond: ((id >= 8023954) AND (id <= 8024953))
	        ->  Bitmap Index Scan on sbtest2_pkey  (cost=0.00..22.27 rows=984 width=0)
	              Index Cond: ((id >= 8023954) AND (id <= 8024953))

table 3 : explain SELECT count(c) FROM sbtest3 WHERE id BETWEEN 3606284 AND 3607283
	Aggregate  (cost=3828.43..3828.44 rows=1 width=8)
	  ->  Bitmap Heap Scan on sbtest3  (cost=22.59..3825.95 rows=991 width=121)
	        Recheck Cond: ((id >= 3606284) AND (id <= 3607283))
	        ->  Bitmap Index Scan on sbtest3_pkey  (cost=0.00..22.34 rows=991 width=0)
	              Index Cond: ((id >= 3606284) AND (id <= 3607283))

table 4 : explain SELECT count(c) FROM sbtest4 WHERE id BETWEEN 645258 AND 646257
	Aggregate  (cost=4167.90..4167.91 rows=1 width=8)
	  ->  Bitmap Heap Scan on sbtest4  (cost=23.52..4165.20 rows=1081 width=121)
	        Recheck Cond: ((id >= 645258) AND (id <= 646257))
	        ->  Bitmap Index Scan on sbtest4_pkey  (cost=0.00..23.25 rows=1081 width=0)
	              Index Cond: ((id >= 645258) AND (id <= 646257))

table 5 : explain SELECT count(c) FROM sbtest5 WHERE id BETWEEN 2017350 AND 2018349
	Aggregate  (cost=4052.64..4052.65 rows=1 width=8)
	  ->  Bitmap Heap Scan on sbtest5  (cost=27.19..4050.02 rows=1049 width=121)
	        Recheck Cond: ((id >= 2017350) AND (id <= 2018349))
	        ->  Bitmap Index Scan on sbtest5_pkey  (cost=0.00..26.93 rows=1049 width=0)
	              Index Cond: ((id >= 2017350) AND (id <= 2018349))

table 6 : explain SELECT count(c) FROM sbtest6 WHERE id BETWEEN 5405919 AND 5406918
	Aggregate  (cost=3855.81..3855.82 rows=1 width=8)
	  ->  Bitmap Heap Scan on sbtest6  (cost=22.66..3853.32 rows=998 width=121)
	        Recheck Cond: ((id >= 5405919) AND (id <= 5406918))
	        ->  Bitmap Index Scan on sbtest6_pkey  (cost=0.00..22.41 rows=998 width=0)
	              Index Cond: ((id >= 5405919) AND (id <= 5406918))

table 7 : explain SELECT count(c) FROM sbtest7 WHERE id BETWEEN 1707220 AND 1708219
	Aggregate  (cost=3931.12..3931.13 rows=1 width=8)
	  ->  Bitmap Heap Scan on sbtest7  (cost=22.87..3928.57 rows=1018 width=121)
	        Recheck Cond: ((id >= 1707220) AND (id <= 1708219))
	        ->  Bitmap Index Scan on sbtest7_pkey  (cost=0.00..22.61 rows=1018 width=0)
	              Index Cond: ((id >= 1707220) AND (id <= 1708219))

table 8 : explain SELECT count(c) FROM sbtest8 WHERE id BETWEEN 9467438 AND 9468437
	Aggregate  (cost=3573.03..3573.04 rows=1 width=8)
	  ->  Bitmap Heap Scan on sbtest8  (cost=21.90..3570.72 rows=923 width=121)
	        Recheck Cond: ((id >= 9467438) AND (id <= 9468437))
	        ->  Bitmap Index Scan on sbtest8_pkey  (cost=0.00..21.66 rows=923 width=0)
	              Index Cond: ((id >= 9467438) AND (id <= 9468437))

for: count_ranges
table 1 : explain SELECT count(c) FROM sbtest1 WHERE id BETWEEN 3076587 AND 3077586
	Aggregate  (cost=3912.14..3912.15 rows=1 width=8)
	  ->  Bitmap Heap Scan on sbtest1  (cost=22.82..3909.61 rows=1013 width=121)
	        Recheck Cond: ((id >= 3076587) AND (id <= 3077586))
	        ->  Bitmap Index Scan on sbtest1_pkey  (cost=0.00..22.57 rows=1013 width=0)
	              Index Cond: ((id >= 3076587) AND (id <= 3077586))

table 2 : explain SELECT count(c) FROM sbtest2 WHERE id BETWEEN 6852370 AND 6853369
	Aggregate  (cost=3773.60..3773.61 rows=1 width=8)
	  ->  Bitmap Heap Scan on sbtest2  (cost=22.44..3771.16 rows=976 width=121)
	        Recheck Cond: ((id >= 6852370) AND (id <= 6853369))
	        ->  Bitmap Index Scan on sbtest2_pkey  (cost=0.00..22.19 rows=976 width=0)
	              Index Cond: ((id >= 6852370) AND (id <= 6853369))

table 3 : explain SELECT count(c) FROM sbtest3 WHERE id BETWEEN 2587574 AND 2588573
	Aggregate  (cost=4103.14..4103.15 rows=1 width=8)
	  ->  Bitmap Heap Scan on sbtest3  (cost=23.34..4100.48 rows=1064 width=121)
	        Recheck Cond: ((id >= 2587574) AND (id <= 2588573))
	        ->  Bitmap Index Scan on sbtest3_pkey  (cost=0.00..23.07 rows=1064 width=0)
	              Index Cond: ((id >= 2587574) AND (id <= 2588573))

table 4 : explain SELECT count(c) FROM sbtest4 WHERE id BETWEEN 8272160 AND 8273159
	Aggregate  (cost=4055.12..4055.13 rows=1 width=8)
	  ->  Bitmap Heap Scan on sbtest4  (cost=23.21..4052.49 rows=1051 width=121)
	        Recheck Cond: ((id >= 8272160) AND (id <= 8273159))
	        ->  Bitmap Index Scan on sbtest4_pkey  (cost=0.00..22.94 rows=1051 width=0)
	              Index Cond: ((id >= 8272160) AND (id <= 8273159))

table 5 : explain SELECT count(c) FROM sbtest5 WHERE id BETWEEN 209617 AND 210616
	Aggregate  (cost=3414.61..3414.62 rows=1 width=8)
	  ->  Bitmap Heap Scan on sbtest5  (cost=21.47..3412.41 rows=881 width=121)
	        Recheck Cond: ((id >= 209617) AND (id <= 210616))
	        ->  Bitmap Index Scan on sbtest5_pkey  (cost=0.00..21.25 rows=881 width=0)
	              Index Cond: ((id >= 209617) AND (id <= 210616))

table 6 : explain SELECT count(c) FROM sbtest6 WHERE id BETWEEN 1323775 AND 1324774
	Aggregate  (cost=3757.79..3757.80 rows=1 width=8)
	  ->  Bitmap Heap Scan on sbtest6  (cost=22.40..3755.36 rows=972 width=121)
	        Recheck Cond: ((id >= 1323775) AND (id <= 1324774))
	        ->  Bitmap Index Scan on sbtest6_pkey  (cost=0.00..22.15 rows=972 width=0)
	              Index Cond: ((id >= 1323775) AND (id <= 1324774))

table 7 : explain SELECT count(c) FROM sbtest7 WHERE id BETWEEN 2459024 AND 2460023
	Aggregate  (cost=3406.39..3406.40 rows=1 width=8)
	  ->  Bitmap Heap Scan on sbtest7  (cost=21.44..3404.19 rows=879 width=121)
	        Recheck Cond: ((id >= 2459024) AND (id <= 2460023))
	        ->  Bitmap Index Scan on sbtest7_pkey  (cost=0.00..21.22 rows=879 width=0)
	              Index Cond: ((id >= 2459024) AND (id <= 2460023))

table 8 : explain SELECT count(c) FROM sbtest8 WHERE id BETWEEN 9379260 AND 9380259
	Aggregate  (cost=3591.92..3591.93 rows=1 width=8)
	  ->  Bitmap Heap Scan on sbtest8  (cost=21.95..3589.60 rows=928 width=121)
	        Recheck Cond: ((id >= 9379260) AND (id <= 9380259))
	        ->  Bitmap Index Scan on sbtest8_pkey  (cost=0.00..21.71 rows=928 width=0)
	              Index Cond: ((id >= 9379260) AND (id <= 9380259))

for: count_ranges
table 1 : explain SELECT count(c) FROM sbtest1 WHERE id BETWEEN 7806281 AND 7807280
	Aggregate  (cost=4122.86..4122.87 rows=1 width=8)
	  ->  Bitmap Heap Scan on sbtest1  (cost=23.39..4120.18 rows=1069 width=121)
	        Recheck Cond: ((id >= 7806281) AND (id <= 7807280))
	        ->  Bitmap Index Scan on sbtest1_pkey  (cost=0.00..23.12 rows=1069 width=0)
	              Index Cond: ((id >= 7806281) AND (id <= 7807280))

table 2 : explain SELECT count(c) FROM sbtest2 WHERE id BETWEEN 1700643 AND 1701642
	Aggregate  (cost=3769.83..3769.84 rows=1 width=8)
	  ->  Bitmap Heap Scan on sbtest2  (cost=22.43..3767.39 rows=975 width=121)
	        Recheck Cond: ((id >= 1700643) AND (id <= 1701642))
	        ->  Bitmap Index Scan on sbtest2_pkey  (cost=0.00..22.18 rows=975 width=0)
	              Index Cond: ((id >= 1700643) AND (id <= 1701642))

table 3 : explain SELECT count(c) FROM sbtest3 WHERE id BETWEEN 3667078 AND 3668077
	Aggregate  (cost=4065.55..4065.56 rows=1 width=8)
	  ->  Bitmap Heap Scan on sbtest3  (cost=23.24..4062.91 rows=1054 width=121)
	        Recheck Cond: ((id >= 3667078) AND (id <= 3668077))
	        ->  Bitmap Index Scan on sbtest3_pkey  (cost=0.00..22.97 rows=1054 width=0)
	              Index Cond: ((id >= 3667078) AND (id <= 3668077))

table 4 : explain SELECT count(c) FROM sbtest4 WHERE id BETWEEN 1447510 AND 1448509
	Aggregate  (cost=3746.26..3746.27 rows=1 width=8)
	  ->  Bitmap Heap Scan on sbtest4  (cost=22.37..3743.83 rows=969 width=121)
	        Recheck Cond: ((id >= 1447510) AND (id <= 1448509))
	        ->  Bitmap Index Scan on sbtest4_pkey  (cost=0.00..22.12 rows=969 width=0)
	              Index Cond: ((id >= 1447510) AND (id <= 1448509))

table 5 : explain SELECT count(c) FROM sbtest5 WHERE id BETWEEN 8791066 AND 8792065
	Aggregate  (cost=3528.11..3528.12 rows=1 width=8)
	  ->  Bitmap Heap Scan on sbtest5  (cost=21.77..3525.83 rows=911 width=121)
	        Recheck Cond: ((id >= 8791066) AND (id <= 8792065))
	        ->  Bitmap Index Scan on sbtest5_pkey  (cost=0.00..21.54 rows=911 width=0)
	              Index Cond: ((id >= 8791066) AND (id <= 8792065))

table 6 : explain SELECT count(c) FROM sbtest6 WHERE id BETWEEN 2532550 AND 2533549
	Aggregate  (cost=3912.33..3912.34 rows=1 width=8)
	  ->  Bitmap Heap Scan on sbtest6  (cost=22.82..3909.79 rows=1013 width=121)
	        Recheck Cond: ((id >= 2532550) AND (id <= 2533549))
	        ->  Bitmap Index Scan on sbtest6_pkey  (cost=0.00..22.57 rows=1013 width=0)
	              Index Cond: ((id >= 2532550) AND (id <= 2533549))

table 7 : explain SELECT count(c) FROM sbtest7 WHERE id BETWEEN 4150454 AND 4151453
	Aggregate  (cost=3889.69..3889.70 rows=1 width=8)
	  ->  Bitmap Heap Scan on sbtest7  (cost=22.76..3887.17 rows=1007 width=121)
	        Recheck Cond: ((id >= 4150454) AND (id <= 4151453))
	        ->  Bitmap Index Scan on sbtest7_pkey  (cost=0.00..22.50 rows=1007 width=0)
	              Index Cond: ((id >= 4150454) AND (id <= 4151453))

table 8 : explain SELECT count(c) FROM sbtest8 WHERE id BETWEEN 388605 AND 389604
	Aggregate  (cost=3758.03..3758.04 rows=1 width=8)
	  ->  Bitmap Heap Scan on sbtest8  (cost=22.40..3755.60 rows=972 width=121)
	        Recheck Cond: ((id >= 388605) AND (id <= 389604))
	        ->  Bitmap Index Scan on sbtest8_pkey  (cost=0.00..22.15 rows=972 width=0)
	              Index Cond: ((id >= 388605) AND (id <= 389604))

for: count_ranges
table 1 : explain SELECT count(c) FROM sbtest1 WHERE id BETWEEN 2080240 AND 2081239
	Aggregate  (cost=3746.30..3746.31 rows=1 width=8)
	  ->  Bitmap Heap Scan on sbtest1  (cost=22.37..3743.88 rows=969 width=121)
	        Recheck Cond: ((id >= 2080240) AND (id <= 2081239))
	        ->  Bitmap Index Scan on sbtest1_pkey  (cost=0.00..22.12 rows=969 width=0)
	              Index Cond: ((id >= 2080240) AND (id <= 2081239))

table 2 : explain SELECT count(c) FROM sbtest2 WHERE id BETWEEN 9068946 AND 9069945
	Aggregate  (cost=3747.19..3747.20 rows=1 width=8)
	  ->  Bitmap Heap Scan on sbtest2  (cost=22.37..3744.77 rows=969 width=121)
	        Recheck Cond: ((id >= 9068946) AND (id <= 9069945))
	        ->  Bitmap Index Scan on sbtest2_pkey  (cost=0.00..22.12 rows=969 width=0)
	              Index Cond: ((id >= 9068946) AND (id <= 9069945))

table 3 : explain SELECT count(c) FROM sbtest3 WHERE id BETWEEN 1596916 AND 1597915
	Aggregate  (cost=3918.82..3918.83 rows=1 width=8)
	  ->  Bitmap Heap Scan on sbtest3  (cost=22.84..3916.28 rows=1015 width=121)
	        Recheck Cond: ((id >= 1596916) AND (id <= 1597915))
	        ->  Bitmap Index Scan on sbtest3_pkey  (cost=0.00..22.58 rows=1015 width=0)
	              Index Cond: ((id >= 1596916) AND (id <= 1597915))

table 4 : explain SELECT count(c) FROM sbtest4 WHERE id BETWEEN 2238081 AND 2239080
	Aggregate  (cost=3523.48..3523.49 rows=1 width=8)
	  ->  Bitmap Heap Scan on sbtest4  (cost=21.76..3521.20 rows=910 width=121)
	        Recheck Cond: ((id >= 2238081) AND (id <= 2239080))
	        ->  Bitmap Index Scan on sbtest4_pkey  (cost=0.00..21.54 rows=910 width=0)
	              Index Cond: ((id >= 2238081) AND (id <= 2239080))

table 5 : explain SELECT count(c) FROM sbtest5 WHERE id BETWEEN 6261074 AND 6262073
	Aggregate  (cost=3626.37..3626.38 rows=1 width=8)
	  ->  Bitmap Heap Scan on sbtest5  (cost=22.04..3624.03 rows=937 width=121)
	        Recheck Cond: ((id >= 6261074) AND (id <= 6262073))
	        ->  Bitmap Index Scan on sbtest5_pkey  (cost=0.00..21.80 rows=937 width=0)
	              Index Cond: ((id >= 6261074) AND (id <= 6262073))

table 6 : explain SELECT count(c) FROM sbtest6 WHERE id BETWEEN 1457386 AND 1458385
	Aggregate  (cost=3784.19..3784.20 rows=1 width=8)
	  ->  Bitmap Heap Scan on sbtest6  (cost=22.47..3781.74 rows=979 width=121)
	        Recheck Cond: ((id >= 1457386) AND (id <= 1458385))
	        ->  Bitmap Index Scan on sbtest6_pkey  (cost=0.00..22.22 rows=979 width=0)
	              Index Cond: ((id >= 1457386) AND (id <= 1458385))

table 7 : explain SELECT count(c) FROM sbtest7 WHERE id BETWEEN 3982415 AND 3983414
	Aggregate  (cost=3938.65..3938.66 rows=1 width=8)
	  ->  Bitmap Heap Scan on sbtest7  (cost=22.89..3936.10 rows=1020 width=121)
	        Recheck Cond: ((id >= 3982415) AND (id <= 3983414))
	        ->  Bitmap Index Scan on sbtest7_pkey  (cost=0.00..22.64 rows=1020 width=0)
	              Index Cond: ((id >= 3982415) AND (id <= 3983414))

table 8 : explain SELECT count(c) FROM sbtest8 WHERE id BETWEEN 2487902 AND 2488901
	Aggregate  (cost=3874.91..3874.92 rows=1 width=8)
	  ->  Bitmap Heap Scan on sbtest8  (cost=22.72..3872.40 rows=1003 width=121)
	        Recheck Cond: ((id >= 2487902) AND (id <= 2488901))
	        ->  Bitmap Index Scan on sbtest8_pkey  (cost=0.00..22.46 rows=1003 width=0)
	              Index Cond: ((id >= 2487902) AND (id <= 2488901))

for: count_ranges
table 1 : explain SELECT count(c) FROM sbtest1 WHERE id BETWEEN 5042748 AND 5043747
	Aggregate  (cost=3802.87..3802.88 rows=1 width=8)
	  ->  Bitmap Heap Scan on sbtest1  (cost=22.52..3800.41 rows=984 width=121)
	        Recheck Cond: ((id >= 5042748) AND (id <= 5043747))
	        ->  Bitmap Index Scan on sbtest1_pkey  (cost=0.00..22.27 rows=984 width=0)
	              Index Cond: ((id >= 5042748) AND (id <= 5043747))

table 2 : explain SELECT count(c) FROM sbtest2 WHERE id BETWEEN 5616995 AND 5617994
	Aggregate  (cost=3781.14..3781.15 rows=1 width=8)
	  ->  Bitmap Heap Scan on sbtest2  (cost=22.46..3778.70 rows=978 width=121)
	        Recheck Cond: ((id >= 5616995) AND (id <= 5617994))
	        ->  Bitmap Index Scan on sbtest2_pkey  (cost=0.00..22.21 rows=978 width=0)
	              Index Cond: ((id >= 5616995) AND (id <= 5617994))

table 3 : explain SELECT count(c) FROM sbtest3 WHERE id BETWEEN 8558041 AND 8559040
	Aggregate  (cost=4110.66..4110.67 rows=1 width=8)
	  ->  Bitmap Heap Scan on sbtest3  (cost=23.36..4107.99 rows=1066 width=121)
	        Recheck Cond: ((id >= 8558041) AND (id <= 8559040))
	        ->  Bitmap Index Scan on sbtest3_pkey  (cost=0.00..23.09 rows=1066 width=0)
	              Index Cond: ((id >= 8558041) AND (id <= 8559040))

table 4 : explain SELECT count(c) FROM sbtest4 WHERE id BETWEEN 5335827 AND 5336826
	Aggregate  (cost=3881.96..3881.97 rows=1 width=8)
	  ->  Bitmap Heap Scan on sbtest4  (cost=22.74..3879.45 rows=1005 width=121)
	        Recheck Cond: ((id >= 5335827) AND (id <= 5336826))
	        ->  Bitmap Index Scan on sbtest4_pkey  (cost=0.00..22.48 rows=1005 width=0)
	              Index Cond: ((id >= 5335827) AND (id <= 5336826))

table 5 : explain SELECT count(c) FROM sbtest5 WHERE id BETWEEN 4888746 AND 4889745
	Aggregate  (cost=3327.51..3327.52 rows=1 width=8)
	  ->  Bitmap Heap Scan on sbtest5  (cost=21.23..3325.37 rows=858 width=121)
	        Recheck Cond: ((id >= 4888746) AND (id <= 4889745))
	        ->  Bitmap Index Scan on sbtest5_pkey  (cost=0.00..21.01 rows=858 width=0)
	              Index Cond: ((id >= 4888746) AND (id <= 4889745))

table 6 : explain SELECT count(c) FROM sbtest6 WHERE id BETWEEN 6953350 AND 6954349
	Aggregate  (cost=4092.97..4092.98 rows=1 width=8)
	  ->  Bitmap Heap Scan on sbtest6  (cost=23.31..4090.32 rows=1061 width=121)
	        Recheck Cond: ((id >= 6953350) AND (id <= 6954349))
	        ->  Bitmap Index Scan on sbtest6_pkey  (cost=0.00..23.04 rows=1061 width=0)
	              Index Cond: ((id >= 6953350) AND (id <= 6954349))

table 7 : explain SELECT count(c) FROM sbtest7 WHERE id BETWEEN 939387 AND 940386
	Aggregate  (cost=4119.25..4119.26 rows=1 width=8)
	  ->  Bitmap Heap Scan on sbtest7  (cost=23.38..4116.58 rows=1068 width=121)
	        Recheck Cond: ((id >= 939387) AND (id <= 940386))
	        ->  Bitmap Index Scan on sbtest7_pkey  (cost=0.00..23.11 rows=1068 width=0)
	              Index Cond: ((id >= 939387) AND (id <= 940386))

table 8 : explain SELECT count(c) FROM sbtest8 WHERE id BETWEEN 2093761 AND 2094760
	Aggregate  (cost=3690.11..3690.12 rows=1 width=8)
	  ->  Bitmap Heap Scan on sbtest8  (cost=22.21..3687.72 rows=954 width=121)
	        Recheck Cond: ((id >= 2093761) AND (id <= 2094760))
	        ->  Bitmap Index Scan on sbtest8_pkey  (cost=0.00..21.97 rows=954 width=0)
	              Index Cond: ((id >= 2093761) AND (id <= 2094760))

for: count_ranges
table 1 : explain SELECT count(c) FROM sbtest1 WHERE id BETWEEN 3470909 AND 3471908
	Aggregate  (cost=3523.52..3523.53 rows=1 width=8)
	  ->  Bitmap Heap Scan on sbtest1  (cost=21.76..3521.24 rows=910 width=121)
	        Recheck Cond: ((id >= 3470909) AND (id <= 3471908))
	        ->  Bitmap Index Scan on sbtest1_pkey  (cost=0.00..21.54 rows=910 width=0)
	              Index Cond: ((id >= 3470909) AND (id <= 3471908))

table 2 : explain SELECT count(c) FROM sbtest2 WHERE id BETWEEN 3919333 AND 3920332
	Aggregate  (cost=3958.29..3958.30 rows=1 width=8)
	  ->  Bitmap Heap Scan on sbtest2  (cost=22.94..3955.73 rows=1025 width=121)
	        Recheck Cond: ((id >= 3919333) AND (id <= 3920332))
	        ->  Bitmap Index Scan on sbtest2_pkey  (cost=0.00..22.68 rows=1025 width=0)
	              Index Cond: ((id >= 3919333) AND (id <= 3920332))

table 3 : explain SELECT count(c) FROM sbtest3 WHERE id BETWEEN 1318333 AND 1319332
	Aggregate  (cost=4073.07..4073.08 rows=1 width=8)
	  ->  Bitmap Heap Scan on sbtest3  (cost=23.26..4070.43 rows=1056 width=121)
	        Recheck Cond: ((id >= 1318333) AND (id <= 1319332))
	        ->  Bitmap Index Scan on sbtest3_pkey  (cost=0.00..23.00 rows=1056 width=0)
	              Index Cond: ((id >= 1318333) AND (id <= 1319332))

table 4 : explain SELECT count(c) FROM sbtest4 WHERE id BETWEEN 9028011 AND 9029010
	Aggregate  (cost=3832.98..3832.99 rows=1 width=8)
	  ->  Bitmap Heap Scan on sbtest4  (cost=22.60..3830.50 rows=992 width=121)
	        Recheck Cond: ((id >= 9028011) AND (id <= 9029010))
	        ->  Bitmap Index Scan on sbtest4_pkey  (cost=0.00..22.36 rows=992 width=0)
	              Index Cond: ((id >= 9028011) AND (id <= 9029010))

table 5 : explain SELECT count(c) FROM sbtest5 WHERE id BETWEEN 4409315 AND 4410314
	Aggregate  (cost=3505.42..3505.43 rows=1 width=8)
	  ->  Bitmap Heap Scan on sbtest5  (cost=21.71..3503.15 rows=905 width=121)
	        Recheck Cond: ((id >= 4409315) AND (id <= 4410314))
	        ->  Bitmap Index Scan on sbtest5_pkey  (cost=0.00..21.48 rows=905 width=0)
	              Index Cond: ((id >= 4409315) AND (id <= 4410314))

table 6 : explain SELECT count(c) FROM sbtest6 WHERE id BETWEEN 8977704 AND 8978703
	Aggregate  (cost=3659.67..3659.68 rows=1 width=8)
	  ->  Bitmap Heap Scan on sbtest6  (cost=22.13..3657.31 rows=946 width=121)
	        Recheck Cond: ((id >= 8977704) AND (id <= 8978703))
	        ->  Bitmap Index Scan on sbtest6_pkey  (cost=0.00..21.89 rows=946 width=0)
	              Index Cond: ((id >= 8977704) AND (id <= 8978703))

table 7 : explain SELECT count(c) FROM sbtest7 WHERE id BETWEEN 4739511 AND 4740510
	Aggregate  (cost=3772.84..3772.85 rows=1 width=8)
	  ->  Bitmap Heap Scan on sbtest7  (cost=22.44..3770.40 rows=976 width=121)
	        Recheck Cond: ((id >= 4739511) AND (id <= 4740510))
	        ->  Bitmap Index Scan on sbtest7_pkey  (cost=0.00..22.19 rows=976 width=0)
	              Index Cond: ((id >= 4739511) AND (id <= 4740510))

table 8 : explain SELECT count(c) FROM sbtest8 WHERE id BETWEEN 2864643 AND 2865642
	Aggregate  (cost=3863.60..3863.61 rows=1 width=8)
	  ->  Bitmap Heap Scan on sbtest8  (cost=22.68..3861.10 rows=1000 width=121)
	        Recheck Cond: ((id >= 2864643) AND (id <= 2865642))
	        ->  Bitmap Index Scan on sbtest8_pkey  (cost=0.00..22.43 rows=1000 width=0)
	              Index Cond: ((id >= 2864643) AND (id <= 2865642))

for: count_ranges
table 1 : explain SELECT count(c) FROM sbtest1 WHERE id BETWEEN 5823613 AND 5824612
	Aggregate  (cost=3689.71..3689.72 rows=1 width=8)
	  ->  Bitmap Heap Scan on sbtest1  (cost=22.21..3687.32 rows=954 width=121)
	        Recheck Cond: ((id >= 5823613) AND (id <= 5824612))
	        ->  Bitmap Index Scan on sbtest1_pkey  (cost=0.00..21.97 rows=954 width=0)
	              Index Cond: ((id >= 5823613) AND (id <= 5824612))

table 2 : explain SELECT count(c) FROM sbtest2 WHERE id BETWEEN 3228654 AND 3229653
	Aggregate  (cost=4026.07..4026.08 rows=1 width=8)
	  ->  Bitmap Heap Scan on sbtest2  (cost=23.13..4023.46 rows=1043 width=121)
	        Recheck Cond: ((id >= 3228654) AND (id <= 3229653))
	        ->  Bitmap Index Scan on sbtest2_pkey  (cost=0.00..22.86 rows=1043 width=0)
	              Index Cond: ((id >= 3228654) AND (id <= 3229653))

table 3 : explain SELECT count(c) FROM sbtest3 WHERE id BETWEEN 2845226 AND 2846225
	Aggregate  (cost=3805.82..3805.83 rows=1 width=8)
	  ->  Bitmap Heap Scan on sbtest3  (cost=22.53..3803.36 rows=985 width=121)
	        Recheck Cond: ((id >= 2845226) AND (id <= 2846225))
	        ->  Bitmap Index Scan on sbtest3_pkey  (cost=0.00..22.29 rows=985 width=0)
	              Index Cond: ((id >= 2845226) AND (id <= 2846225))

table 4 : explain SELECT count(c) FROM sbtest4 WHERE id BETWEEN 6959839 AND 6960838
	Aggregate  (cost=3832.98..3832.99 rows=1 width=8)
	  ->  Bitmap Heap Scan on sbtest4  (cost=22.60..3830.50 rows=992 width=121)
	        Recheck Cond: ((id >= 6959839) AND (id <= 6960838))
	        ->  Bitmap Index Scan on sbtest4_pkey  (cost=0.00..22.36 rows=992 width=0)
	              Index Cond: ((id >= 6959839) AND (id <= 6960838))

table 5 : explain SELECT count(c) FROM sbtest5 WHERE id BETWEEN 2263337 AND 2264336
	Aggregate  (cost=4124.12..4124.13 rows=1 width=8)
	  ->  Bitmap Heap Scan on sbtest5  (cost=27.38..4121.45 rows=1068 width=121)
	        Recheck Cond: ((id >= 2263337) AND (id <= 2264336))
	        ->  Bitmap Index Scan on sbtest5_pkey  (cost=0.00..27.11 rows=1068 width=0)
	              Index Cond: ((id >= 2263337) AND (id <= 2264336))

table 6 : explain SELECT count(c) FROM sbtest6 WHERE id BETWEEN 3081256 AND 3082255
	Aggregate  (cost=3833.20..3833.21 rows=1 width=8)
	  ->  Bitmap Heap Scan on sbtest6  (cost=22.60..3830.72 rows=992 width=121)
	        Recheck Cond: ((id >= 3081256) AND (id <= 3082255))
	        ->  Bitmap Index Scan on sbtest6_pkey  (cost=0.00..22.36 rows=992 width=0)
	              Index Cond: ((id >= 3081256) AND (id <= 3082255))

table 7 : explain SELECT count(c) FROM sbtest7 WHERE id BETWEEN 5605041 AND 5606040
	Aggregate  (cost=3972.53..3972.54 rows=1 width=8)
	  ->  Bitmap Heap Scan on sbtest7  (cost=22.98..3969.96 rows=1029 width=121)
	        Recheck Cond: ((id >= 5605041) AND (id <= 5606040))
	        ->  Bitmap Index Scan on sbtest7_pkey  (cost=0.00..22.72 rows=1029 width=0)
	              Index Cond: ((id >= 5605041) AND (id <= 5606040))

table 8 : explain SELECT count(c) FROM sbtest8 WHERE id BETWEEN 8683693 AND 8684692
	Aggregate  (cost=3795.75..3795.76 rows=1 width=8)
	  ->  Bitmap Heap Scan on sbtest8  (cost=22.50..3793.29 rows=982 width=121)
	        Recheck Cond: ((id >= 8683693) AND (id <= 8684692))
	        ->  Bitmap Index Scan on sbtest8_pkey  (cost=0.00..22.25 rows=982 width=0)
	              Index Cond: ((id >= 8683693) AND (id <= 8684692))

for: count_ranges
table 1 : explain SELECT count(c) FROM sbtest1 WHERE id BETWEEN 2422279 AND 2423278
	Aggregate  (cost=3825.49..3825.50 rows=1 width=8)
	  ->  Bitmap Heap Scan on sbtest1  (cost=22.58..3823.01 rows=990 width=121)
	        Recheck Cond: ((id >= 2422279) AND (id <= 2423278))
	        ->  Bitmap Index Scan on sbtest1_pkey  (cost=0.00..22.33 rows=990 width=0)
	              Index Cond: ((id >= 2422279) AND (id <= 2423278))

table 2 : explain SELECT count(c) FROM sbtest2 WHERE id BETWEEN 2275371 AND 2276370
	Aggregate  (cost=3739.64..3739.65 rows=1 width=8)
	  ->  Bitmap Heap Scan on sbtest2  (cost=22.35..3737.22 rows=967 width=121)
	        Recheck Cond: ((id >= 2275371) AND (id <= 2276370))
	        ->  Bitmap Index Scan on sbtest2_pkey  (cost=0.00..22.11 rows=967 width=0)
	              Index Cond: ((id >= 2275371) AND (id <= 2276370))

table 3 : explain SELECT count(c) FROM sbtest3 WHERE id BETWEEN 1188970 AND 1189969
	Aggregate  (cost=3922.59..3922.60 rows=1 width=8)
	  ->  Bitmap Heap Scan on sbtest3  (cost=22.85..3920.05 rows=1016 width=121)
	        Recheck Cond: ((id >= 1188970) AND (id <= 1189969))
	        ->  Bitmap Index Scan on sbtest3_pkey  (cost=0.00..22.59 rows=1016 width=0)
	              Index Cond: ((id >= 1188970) AND (id <= 1189969))

table 4 : explain SELECT count(c) FROM sbtest4 WHERE id BETWEEN 7367330 AND 7368329
	Aggregate  (cost=3712.30..3712.31 rows=1 width=8)
	  ->  Bitmap Heap Scan on sbtest4  (cost=22.27..3709.90 rows=960 width=121)
	        Recheck Cond: ((id >= 7367330) AND (id <= 7368329))
	        ->  Bitmap Index Scan on sbtest4_pkey  (cost=0.00..22.04 rows=960 width=0)
	              Index Cond: ((id >= 7367330) AND (id <= 7368329))

table 5 : explain SELECT count(c) FROM sbtest5 WHERE id BETWEEN 8886789 AND 8887788
	Aggregate  (cost=3645.26..3645.27 rows=1 width=8)
	  ->  Bitmap Heap Scan on sbtest5  (cost=22.09..3642.90 rows=942 width=121)
	        Recheck Cond: ((id >= 8886789) AND (id <= 8887788))
	        ->  Bitmap Index Scan on sbtest5_pkey  (cost=0.00..21.86 rows=942 width=0)
	              Index Cond: ((id >= 8886789) AND (id <= 8887788))

table 6 : explain SELECT count(c) FROM sbtest6 WHERE id BETWEEN 9414405 AND 9415404
	Aggregate  (cost=3572.81..3572.82 rows=1 width=8)
	  ->  Bitmap Heap Scan on sbtest6  (cost=21.90..3570.50 rows=923 width=121)
	        Recheck Cond: ((id >= 9414405) AND (id <= 9415404))
	        ->  Bitmap Index Scan on sbtest6_pkey  (cost=0.00..21.66 rows=923 width=0)
	              Index Cond: ((id >= 9414405) AND (id <= 9415404))

table 7 : explain SELECT count(c) FROM sbtest7 WHERE id BETWEEN 6699601 AND 6700600
	Aggregate  (cost=4141.80..4141.81 rows=1 width=8)
	  ->  Bitmap Heap Scan on sbtest7  (cost=23.44..4139.12 rows=1074 width=121)
	        Recheck Cond: ((id >= 6699601) AND (id <= 6700600))
	        ->  Bitmap Index Scan on sbtest7_pkey  (cost=0.00..23.18 rows=1074 width=0)
	              Index Cond: ((id >= 6699601) AND (id <= 6700600))

table 8 : explain SELECT count(c) FROM sbtest8 WHERE id BETWEEN 2969942 AND 2970941
	Aggregate  (cost=3791.98..3791.99 rows=1 width=8)
	  ->  Bitmap Heap Scan on sbtest8  (cost=22.49..3789.52 rows=981 width=121)
	        Recheck Cond: ((id >= 2969942) AND (id <= 2970941))
	        ->  Bitmap Index Scan on sbtest8_pkey  (cost=0.00..22.25 rows=981 width=0)
	              Index Cond: ((id >= 2969942) AND (id <= 2970941))

for: count_ranges
table 1 : explain SELECT count(c) FROM sbtest1 WHERE id BETWEEN 434719 AND 435718
	Aggregate  (cost=4040.12..4040.13 rows=1 width=8)
	  ->  Bitmap Heap Scan on sbtest1  (cost=23.17..4037.51 rows=1047 width=121)
	        Recheck Cond: ((id >= 434719) AND (id <= 435718))
	        ->  Bitmap Index Scan on sbtest1_pkey  (cost=0.00..22.90 rows=1047 width=0)
	              Index Cond: ((id >= 434719) AND (id <= 435718))

table 2 : explain SELECT count(c) FROM sbtest2 WHERE id BETWEEN 6276818 AND 6277817
	Aggregate  (cost=3811.32..3811.33 rows=1 width=8)
	  ->  Bitmap Heap Scan on sbtest2  (cost=22.54..3808.85 rows=986 width=121)
	        Recheck Cond: ((id >= 6276818) AND (id <= 6277817))
	        ->  Bitmap Index Scan on sbtest2_pkey  (cost=0.00..22.29 rows=986 width=0)
	              Index Cond: ((id >= 6276818) AND (id <= 6277817))

table 3 : explain SELECT count(c) FROM sbtest3 WHERE id BETWEEN 5481340 AND 5482339
	Aggregate  (cost=4579.75..4579.76 rows=1 width=8)
	  ->  Bitmap Heap Scan on sbtest3  (cost=28.64..4576.77 rows=1191 width=121)
	        Recheck Cond: ((id >= 5481340) AND (id <= 5482339))
	        ->  Bitmap Index Scan on sbtest3_pkey  (cost=0.00..28.34 rows=1191 width=0)
	              Index Cond: ((id >= 5481340) AND (id <= 5482339))

table 4 : explain SELECT count(c) FROM sbtest4 WHERE id BETWEEN 3203742 AND 3204741
	Aggregate  (cost=3357.03..3357.04 rows=1 width=8)
	  ->  Bitmap Heap Scan on sbtest4  (cost=21.31..3354.87 rows=866 width=121)
	        Recheck Cond: ((id >= 3203742) AND (id <= 3204741))
	        ->  Bitmap Index Scan on sbtest4_pkey  (cost=0.00..21.09 rows=866 width=0)
	              Index Cond: ((id >= 3203742) AND (id <= 3204741))

table 5 : explain SELECT count(c) FROM sbtest5 WHERE id BETWEEN 7577943 AND 7578942
	Aggregate  (cost=4075.22..4075.23 rows=1 width=8)
	  ->  Bitmap Heap Scan on sbtest5  (cost=27.25..4072.58 rows=1055 width=121)
	        Recheck Cond: ((id >= 7577943) AND (id <= 7578942))
	        ->  Bitmap Index Scan on sbtest5_pkey  (cost=0.00..26.98 rows=1055 width=0)
	              Index Cond: ((id >= 7577943) AND (id <= 7578942))

table 6 : explain SELECT count(c) FROM sbtest6 WHERE id BETWEEN 6617728 AND 6618727
	Aggregate  (cost=4002.69..4002.70 rows=1 width=8)
	  ->  Bitmap Heap Scan on sbtest6  (cost=23.06..4000.09 rows=1037 width=121)
	        Recheck Cond: ((id >= 6617728) AND (id <= 6618727))
	        ->  Bitmap Index Scan on sbtest6_pkey  (cost=0.00..22.80 rows=1037 width=0)
	              Index Cond: ((id >= 6617728) AND (id <= 6618727))

table 7 : explain SELECT count(c) FROM sbtest7 WHERE id BETWEEN 4864165 AND 4865164
	Aggregate  (cost=3821.85..3821.86 rows=1 width=8)
	  ->  Bitmap Heap Scan on sbtest7  (cost=22.57..3819.38 rows=989 width=121)
	        Recheck Cond: ((id >= 4864165) AND (id <= 4865164))
	        ->  Bitmap Index Scan on sbtest7_pkey  (cost=0.00..22.32 rows=989 width=0)
	              Index Cond: ((id >= 4864165) AND (id <= 4865164))

table 8 : explain SELECT count(c) FROM sbtest8 WHERE id BETWEEN 8336583 AND 8337582
	Aggregate  (cost=4074.45..4074.46 rows=1 width=8)
	  ->  Bitmap Heap Scan on sbtest8  (cost=23.26..4071.81 rows=1056 width=121)
	        Recheck Cond: ((id >= 8336583) AND (id <= 8337582))
	        ->  Bitmap Index Scan on sbtest8_pkey  (cost=0.00..23.00 rows=1056 width=0)
	              Index Cond: ((id >= 8336583) AND (id <= 8337582))

for: count_ranges
table 1 : explain SELECT count(c) FROM sbtest1 WHERE id BETWEEN 6814090 AND 6815089
	Aggregate  (cost=3994.97..3994.98 rows=1 width=8)
	  ->  Bitmap Heap Scan on sbtest1  (cost=23.04..3992.38 rows=1035 width=121)
	        Recheck Cond: ((id >= 6814090) AND (id <= 6815089))
	        ->  Bitmap Index Scan on sbtest1_pkey  (cost=0.00..22.79 rows=1035 width=0)
	              Index Cond: ((id >= 6814090) AND (id <= 6815089))

table 2 : explain SELECT count(c) FROM sbtest2 WHERE id BETWEEN 2190788 AND 2191787
	Aggregate  (cost=3954.53..3954.54 rows=1 width=8)
	  ->  Bitmap Heap Scan on sbtest2  (cost=22.93..3951.97 rows=1024 width=121)
	        Recheck Cond: ((id >= 2190788) AND (id <= 2191787))
	        ->  Bitmap Index Scan on sbtest2_pkey  (cost=0.00..22.68 rows=1024 width=0)
	              Index Cond: ((id >= 2190788) AND (id <= 2191787))

table 3 : explain SELECT count(c) FROM sbtest3 WHERE id BETWEEN 2454822 AND 2455821
	Aggregate  (cost=3639.87..3639.88 rows=1 width=8)
	  ->  Bitmap Heap Scan on sbtest3  (cost=22.08..3637.52 rows=941 width=121)
	        Recheck Cond: ((id >= 2454822) AND (id <= 2455821))
	        ->  Bitmap Index Scan on sbtest3_pkey  (cost=0.00..21.84 rows=941 width=0)
	              Index Cond: ((id >= 2454822) AND (id <= 2455821))

table 4 : explain SELECT count(c) FROM sbtest4 WHERE id BETWEEN 1821866 AND 1822865
	Aggregate  (cost=3795.28..3795.29 rows=1 width=8)
	  ->  Bitmap Heap Scan on sbtest4  (cost=22.50..3792.83 rows=982 width=121)
	        Recheck Cond: ((id >= 1821866) AND (id <= 1822865))
	        ->  Bitmap Index Scan on sbtest4_pkey  (cost=0.00..22.25 rows=982 width=0)
	              Index Cond: ((id >= 1821866) AND (id <= 1822865))

table 5 : explain SELECT count(c) FROM sbtest5 WHERE id BETWEEN 536881 AND 537880
	Aggregate  (cost=4135.40..4135.41 rows=1 width=8)
	  ->  Bitmap Heap Scan on sbtest5  (cost=27.41..4132.72 rows=1071 width=121)
	        Recheck Cond: ((id >= 536881) AND (id <= 537880))
	        ->  Bitmap Index Scan on sbtest5_pkey  (cost=0.00..27.14 rows=1071 width=0)
	              Index Cond: ((id >= 536881) AND (id <= 537880))

table 6 : explain SELECT count(c) FROM sbtest6 WHERE id BETWEEN 2065237 AND 2066236
	Aggregate  (cost=3671.00..3671.01 rows=1 width=8)
	  ->  Bitmap Heap Scan on sbtest6  (cost=22.16..3668.63 rows=949 width=121)
	        Recheck Cond: ((id >= 2065237) AND (id <= 2066236))
	        ->  Bitmap Index Scan on sbtest6_pkey  (cost=0.00..21.93 rows=949 width=0)
	              Index Cond: ((id >= 2065237) AND (id <= 2066236))

table 7 : explain SELECT count(c) FROM sbtest7 WHERE id BETWEEN 8256933 AND 8257932
	Aggregate  (cost=4138.05..4138.06 rows=1 width=8)
	  ->  Bitmap Heap Scan on sbtest7  (cost=23.43..4135.36 rows=1073 width=121)
	        Recheck Cond: ((id >= 8256933) AND (id <= 8257932))
	        ->  Bitmap Index Scan on sbtest7_pkey  (cost=0.00..23.16 rows=1073 width=0)
	              Index Cond: ((id >= 8256933) AND (id <= 8257932))

table 8 : explain SELECT count(c) FROM sbtest8 WHERE id BETWEEN 6638866 AND 6639865
	Aggregate  (cost=3976.61..3976.62 rows=1 width=8)
	  ->  Bitmap Heap Scan on sbtest8  (cost=22.99..3974.03 rows=1030 width=121)
	        Recheck Cond: ((id >= 6638866) AND (id <= 6639865))
	        ->  Bitmap Index Scan on sbtest8_pkey  (cost=0.00..22.73 rows=1030 width=0)
	              Index Cond: ((id >= 6638866) AND (id <= 6639865))

for: count_ranges
table 1 : explain SELECT count(c) FROM sbtest1 WHERE id BETWEEN 1675220 AND 1676219
	Aggregate  (cost=3844.33..3844.34 rows=1 width=8)
	  ->  Bitmap Heap Scan on sbtest1  (cost=22.63..3841.84 rows=995 width=121)
	        Recheck Cond: ((id >= 1675220) AND (id <= 1676219))
	        ->  Bitmap Index Scan on sbtest1_pkey  (cost=0.00..22.39 rows=995 width=0)
	              Index Cond: ((id >= 1675220) AND (id <= 1676219))

table 2 : explain SELECT count(c) FROM sbtest2 WHERE id BETWEEN 2387766 AND 2388765
	Aggregate  (cost=4120.36..4120.37 rows=1 width=8)
	  ->  Bitmap Heap Scan on sbtest2  (cost=27.37..4117.69 rows=1067 width=121)
	        Recheck Cond: ((id >= 2387766) AND (id <= 2388765))
	        ->  Bitmap Index Scan on sbtest2_pkey  (cost=0.00..27.11 rows=1067 width=0)
	              Index Cond: ((id >= 2387766) AND (id <= 2388765))

table 3 : explain SELECT count(c) FROM sbtest3 WHERE id BETWEEN 6422936 AND 6423935
	Aggregate  (cost=3753.05..3753.06 rows=1 width=8)
	  ->  Bitmap Heap Scan on sbtest3  (cost=22.39..3750.62 rows=971 width=121)
	        Recheck Cond: ((id >= 6422936) AND (id <= 6423935))
	        ->  Bitmap Index Scan on sbtest3_pkey  (cost=0.00..22.14 rows=971 width=0)
	              Index Cond: ((id >= 6422936) AND (id <= 6423935))

table 4 : explain SELECT count(c) FROM sbtest4 WHERE id BETWEEN 5319511 AND 5320510
	Aggregate  (cost=3881.96..3881.97 rows=1 width=8)
	  ->  Bitmap Heap Scan on sbtest4  (cost=22.74..3879.45 rows=1005 width=121)
	        Recheck Cond: ((id >= 5319511) AND (id <= 5320510))
	        ->  Bitmap Index Scan on sbtest4_pkey  (cost=0.00..22.48 rows=1005 width=0)
	              Index Cond: ((id >= 5319511) AND (id <= 5320510))

table 5 : explain SELECT count(c) FROM sbtest5 WHERE id BETWEEN 5574840 AND 5575839
	Aggregate  (cost=3868.10..3868.11 rows=1 width=8)
	  ->  Bitmap Heap Scan on sbtest5  (cost=26.68..3865.60 rows=1000 width=121)
	        Recheck Cond: ((id >= 5574840) AND (id <= 5575839))
	        ->  Bitmap Index Scan on sbtest5_pkey  (cost=0.00..26.43 rows=1000 width=0)
	              Index Cond: ((id >= 5574840) AND (id <= 5575839))

table 6 : explain SELECT count(c) FROM sbtest6 WHERE id BETWEEN 9771719 AND 9772718
	Aggregate  (cost=3682.32..3682.33 rows=1 width=8)
	  ->  Bitmap Heap Scan on sbtest6  (cost=22.19..3679.94 rows=952 width=121)
	        Recheck Cond: ((id >= 9771719) AND (id <= 9772718))
	        ->  Bitmap Index Scan on sbtest6_pkey  (cost=0.00..21.95 rows=952 width=0)
	              Index Cond: ((id >= 9771719) AND (id <= 9772718))

table 7 : explain SELECT count(c) FROM sbtest7 WHERE id BETWEEN 6656209 AND 6657208
	Aggregate  (cost=4141.80..4141.81 rows=1 width=8)
	  ->  Bitmap Heap Scan on sbtest7  (cost=23.44..4139.12 rows=1074 width=121)
	        Recheck Cond: ((id >= 6656209) AND (id <= 6657208))
	        ->  Bitmap Index Scan on sbtest7_pkey  (cost=0.00..23.18 rows=1074 width=0)
	              Index Cond: ((id >= 6656209) AND (id <= 6657208))

table 8 : explain SELECT count(c) FROM sbtest8 WHERE id BETWEEN 2282081 AND 2283080
	Aggregate  (cost=3840.99..3841.00 rows=1 width=8)
	  ->  Bitmap Heap Scan on sbtest8  (cost=22.62..3838.51 rows=994 width=121)
	        Recheck Cond: ((id >= 2282081) AND (id <= 2283080))
	        ->  Bitmap Index Scan on sbtest8_pkey  (cost=0.00..22.37 rows=994 width=0)
	              Index Cond: ((id >= 2282081) AND (id <= 2283080))

for: count_ranges
table 1 : explain SELECT count(c) FROM sbtest1 WHERE id BETWEEN 2436931 AND 2437930
	Aggregate  (cost=3825.49..3825.50 rows=1 width=8)
	  ->  Bitmap Heap Scan on sbtest1  (cost=22.58..3823.01 rows=990 width=121)
	        Recheck Cond: ((id >= 2436931) AND (id <= 2437930))
	        ->  Bitmap Index Scan on sbtest1_pkey  (cost=0.00..22.33 rows=990 width=0)
	              Index Cond: ((id >= 2436931) AND (id <= 2437930))

table 2 : explain SELECT count(c) FROM sbtest2 WHERE id BETWEEN 892048 AND 893047
	Aggregate  (cost=3943.23..3943.24 rows=1 width=8)
	  ->  Bitmap Heap Scan on sbtest2  (cost=22.90..3940.68 rows=1021 width=121)
	        Recheck Cond: ((id >= 892048) AND (id <= 893047))
	        ->  Bitmap Index Scan on sbtest2_pkey  (cost=0.00..22.64 rows=1021 width=0)
	              Index Cond: ((id >= 892048) AND (id <= 893047))

table 3 : explain SELECT count(c) FROM sbtest3 WHERE id BETWEEN 3531977 AND 3532976
	Aggregate  (cost=3820.89..3820.90 rows=1 width=8)
	  ->  Bitmap Heap Scan on sbtest3  (cost=22.57..3818.42 rows=989 width=121)
	        Recheck Cond: ((id >= 3531977) AND (id <= 3532976))
	        ->  Bitmap Index Scan on sbtest3_pkey  (cost=0.00..22.32 rows=989 width=0)
	              Index Cond: ((id >= 3531977) AND (id <= 3532976))

table 4 : explain SELECT count(c) FROM sbtest4 WHERE id BETWEEN 2888785 AND 2889784
	Aggregate  (cost=3648.14..3648.15 rows=1 width=8)
	  ->  Bitmap Heap Scan on sbtest4  (cost=22.10..3645.78 rows=943 width=121)
	        Recheck Cond: ((id >= 2888785) AND (id <= 2889784))
	        ->  Bitmap Index Scan on sbtest4_pkey  (cost=0.00..21.86 rows=943 width=0)
	              Index Cond: ((id >= 2888785) AND (id <= 2889784))

table 5 : explain SELECT count(c) FROM sbtest5 WHERE id BETWEEN 865508 AND 866507
	Aggregate  (cost=3841.48..3841.49 rows=1 width=8)
	  ->  Bitmap Heap Scan on sbtest5  (cost=22.62..3838.99 rows=994 width=121)
	        Recheck Cond: ((id >= 865508) AND (id <= 866507))
	        ->  Bitmap Index Scan on sbtest5_pkey  (cost=0.00..22.37 rows=994 width=0)
	              Index Cond: ((id >= 865508) AND (id <= 866507))

table 6 : explain SELECT count(c) FROM sbtest6 WHERE id BETWEEN 9412981 AND 9413980
	Aggregate  (cost=3572.81..3572.82 rows=1 width=8)
	  ->  Bitmap Heap Scan on sbtest6  (cost=21.90..3570.50 rows=923 width=121)
	        Recheck Cond: ((id >= 9412981) AND (id <= 9413980))
	        ->  Bitmap Index Scan on sbtest6_pkey  (cost=0.00..21.66 rows=923 width=0)
	              Index Cond: ((id >= 9412981) AND (id <= 9413980))

table 7 : explain SELECT count(c) FROM sbtest7 WHERE id BETWEEN 2359339 AND 2360338
	Aggregate  (cost=3998.88..3998.89 rows=1 width=8)
	  ->  Bitmap Heap Scan on sbtest7  (cost=23.05..3996.29 rows=1036 width=121)
	        Recheck Cond: ((id >= 2359339) AND (id <= 2360338))
	        ->  Bitmap Index Scan on sbtest7_pkey  (cost=0.00..22.79 rows=1036 width=0)
	              Index Cond: ((id >= 2359339) AND (id <= 2360338))

table 8 : explain SELECT count(c) FROM sbtest8 WHERE id BETWEEN 3818691 AND 3819690
	Aggregate  (cost=3708.98..3708.99 rows=1 width=8)
	  ->  Bitmap Heap Scan on sbtest8  (cost=22.26..3706.58 rows=959 width=121)
	        Recheck Cond: ((id >= 3818691) AND (id <= 3819690))
	        ->  Bitmap Index Scan on sbtest8_pkey  (cost=0.00..22.02 rows=959 width=0)
	              Index Cond: ((id >= 3818691) AND (id <= 3819690))

for: count_ranges
table 1 : explain SELECT count(c) FROM sbtest1 WHERE id BETWEEN 6188365 AND 6189364
	Aggregate  (cost=3810.41..3810.42 rows=1 width=8)
	  ->  Bitmap Heap Scan on sbtest1  (cost=22.54..3807.94 rows=986 width=121)
	        Recheck Cond: ((id >= 6188365) AND (id <= 6189364))
	        ->  Bitmap Index Scan on sbtest1_pkey  (cost=0.00..22.29 rows=986 width=0)
	              Index Cond: ((id >= 6188365) AND (id <= 6189364))

table 2 : explain SELECT count(c) FROM sbtest2 WHERE id BETWEEN 2858630 AND 2859629
	Aggregate  (cost=3528.11..3528.12 rows=1 width=8)
	  ->  Bitmap Heap Scan on sbtest2  (cost=21.77..3525.83 rows=911 width=121)
	        Recheck Cond: ((id >= 2858630) AND (id <= 2859629))
	        ->  Bitmap Index Scan on sbtest2_pkey  (cost=0.00..21.54 rows=911 width=0)
	              Index Cond: ((id >= 2858630) AND (id <= 2859629))

table 3 : explain SELECT count(c) FROM sbtest3 WHERE id BETWEEN 411542 AND 412541
	Aggregate  (cost=3907.53..3907.54 rows=1 width=8)
	  ->  Bitmap Heap Scan on sbtest3  (cost=22.81..3905.00 rows=1012 width=121)
	        Recheck Cond: ((id >= 411542) AND (id <= 412541))
	        ->  Bitmap Index Scan on sbtest3_pkey  (cost=0.00..22.55 rows=1012 width=0)
	              Index Cond: ((id >= 411542) AND (id <= 412541))

table 4 : explain SELECT count(c) FROM sbtest4 WHERE id BETWEEN 3037652 AND 3038651
	Aggregate  (cost=3795.28..3795.29 rows=1 width=8)
	  ->  Bitmap Heap Scan on sbtest4  (cost=22.50..3792.83 rows=982 width=121)
	        Recheck Cond: ((id >= 3037652) AND (id <= 3038651))
	        ->  Bitmap Index Scan on sbtest4_pkey  (cost=0.00..22.25 rows=982 width=0)
	              Index Cond: ((id >= 3037652) AND (id <= 3038651))

table 5 : explain SELECT count(c) FROM sbtest5 WHERE id BETWEEN 8151991 AND 8152990
	Aggregate  (cost=3883.17..3883.18 rows=1 width=8)
	  ->  Bitmap Heap Scan on sbtest5  (cost=26.73..3880.66 rows=1004 width=121)
	        Recheck Cond: ((id >= 8151991) AND (id <= 8152990))
	        ->  Bitmap Index Scan on sbtest5_pkey  (cost=0.00..26.47 rows=1004 width=0)
	              Index Cond: ((id >= 8151991) AND (id <= 8152990))

table 6 : explain SELECT count(c) FROM sbtest6 WHERE id BETWEEN 3636233 AND 3637232
	Aggregate  (cost=4047.84..4047.85 rows=1 width=8)
	  ->  Bitmap Heap Scan on sbtest6  (cost=23.19..4045.22 rows=1049 width=121)
	        Recheck Cond: ((id >= 3636233) AND (id <= 3637232))
	        ->  Bitmap Index Scan on sbtest6_pkey  (cost=0.00..22.93 rows=1049 width=0)
	              Index Cond: ((id >= 3636233) AND (id <= 3637232))

table 7 : explain SELECT count(c) FROM sbtest7 WHERE id BETWEEN 7349173 AND 7350172
	Aggregate  (cost=3919.82..3919.83 rows=1 width=8)
	  ->  Bitmap Heap Scan on sbtest7  (cost=22.84..3917.28 rows=1015 width=121)
	        Recheck Cond: ((id >= 7349173) AND (id <= 7350172))
	        ->  Bitmap Index Scan on sbtest7_pkey  (cost=0.00..22.58 rows=1015 width=0)
	              Index Cond: ((id >= 7349173) AND (id <= 7350172))

table 8 : explain SELECT count(c) FROM sbtest8 WHERE id BETWEEN 1952664 AND 1953663
	Aggregate  (cost=3969.08..3969.09 rows=1 width=8)
	  ->  Bitmap Heap Scan on sbtest8  (cost=22.97..3966.51 rows=1028 width=121)
	        Recheck Cond: ((id >= 1952664) AND (id <= 1953663))
	        ->  Bitmap Index Scan on sbtest8_pkey  (cost=0.00..22.71 rows=1028 width=0)
	              Index Cond: ((id >= 1952664) AND (id <= 1953663))

for: count_ranges
table 1 : explain SELECT count(c) FROM sbtest1 WHERE id BETWEEN 4240656 AND 4241655
	Aggregate  (cost=3659.51..3659.52 rows=1 width=8)
	  ->  Bitmap Heap Scan on sbtest1  (cost=22.13..3657.15 rows=946 width=121)
	        Recheck Cond: ((id >= 4240656) AND (id <= 4241655))
	        ->  Bitmap Index Scan on sbtest1_pkey  (cost=0.00..21.89 rows=946 width=0)
	              Index Cond: ((id >= 4240656) AND (id <= 4241655))

table 2 : explain SELECT count(c) FROM sbtest2 WHERE id BETWEEN 4718288 AND 4719287
	Aggregate  (cost=3558.35..3558.36 rows=1 width=8)
	  ->  Bitmap Heap Scan on sbtest2  (cost=21.85..3556.05 rows=919 width=121)
	        Recheck Cond: ((id >= 4718288) AND (id <= 4719287))
	        ->  Bitmap Index Scan on sbtest2_pkey  (cost=0.00..21.62 rows=919 width=0)
	              Index Cond: ((id >= 4718288) AND (id <= 4719287))

table 3 : explain SELECT count(c) FROM sbtest3 WHERE id BETWEEN 6227383 AND 6228382
	Aggregate  (cost=3658.74..3658.75 rows=1 width=8)
	  ->  Bitmap Heap Scan on sbtest3  (cost=22.13..3656.38 rows=946 width=121)
	        Recheck Cond: ((id >= 6227383) AND (id <= 6228382))
	        ->  Bitmap Index Scan on sbtest3_pkey  (cost=0.00..21.89 rows=946 width=0)
	              Index Cond: ((id >= 6227383) AND (id <= 6228382))

table 4 : explain SELECT count(c) FROM sbtest4 WHERE id BETWEEN 944156 AND 945155
	Aggregate  (cost=3817.90..3817.91 rows=1 width=8)
	  ->  Bitmap Heap Scan on sbtest4  (cost=22.56..3815.43 rows=988 width=121)
	        Recheck Cond: ((id >= 944156) AND (id <= 945155))
	        ->  Bitmap Index Scan on sbtest4_pkey  (cost=0.00..22.32 rows=988 width=0)
	              Index Cond: ((id >= 944156) AND (id <= 945155))

table 5 : explain SELECT count(c) FROM sbtest5 WHERE id BETWEEN 6478441 AND 6479440
	Aggregate  (cost=3935.93..3935.94 rows=1 width=8)
	  ->  Bitmap Heap Scan on sbtest5  (cost=26.87..3933.38 rows=1018 width=121)
	        Recheck Cond: ((id >= 6478441) AND (id <= 6479440))
	        ->  Bitmap Index Scan on sbtest5_pkey  (cost=0.00..26.61 rows=1018 width=0)
	              Index Cond: ((id >= 6478441) AND (id <= 6479440))

table 6 : explain SELECT count(c) FROM sbtest6 WHERE id BETWEEN 8274870 AND 8275869
	Aggregate  (cost=4164.64..4164.65 rows=1 width=8)
	  ->  Bitmap Heap Scan on sbtest6  (cost=27.49..4161.94 rows=1079 width=121)
	        Recheck Cond: ((id >= 8274870) AND (id <= 8275869))
	        ->  Bitmap Index Scan on sbtest6_pkey  (cost=0.00..27.22 rows=1079 width=0)
	              Index Cond: ((id >= 8274870) AND (id <= 8275869))

table 7 : explain SELECT count(c) FROM sbtest7 WHERE id BETWEEN 6678978 AND 6679977
	Aggregate  (cost=4141.80..4141.81 rows=1 width=8)
	  ->  Bitmap Heap Scan on sbtest7  (cost=23.44..4139.12 rows=1074 width=121)
	        Recheck Cond: ((id >= 6678978) AND (id <= 6679977))
	        ->  Bitmap Index Scan on sbtest7_pkey  (cost=0.00..23.18 rows=1074 width=0)
	              Index Cond: ((id >= 6678978) AND (id <= 6679977))

table 8 : explain SELECT count(c) FROM sbtest8 WHERE id BETWEEN 5825439 AND 5826438
	Aggregate  (cost=3825.91..3825.92 rows=1 width=8)
	  ->  Bitmap Heap Scan on sbtest8  (cost=22.58..3823.44 rows=990 width=121)
	        Recheck Cond: ((id >= 5825439) AND (id <= 5826438))
	        ->  Bitmap Index Scan on sbtest8_pkey  (cost=0.00..22.33 rows=990 width=0)
	              Index Cond: ((id >= 5825439) AND (id <= 5826438))

for: count_ranges
table 1 : explain SELECT count(c) FROM sbtest1 WHERE id BETWEEN 68005 AND 69004
	Aggregate  (cost=3587.76..3587.77 rows=1 width=8)
	  ->  Bitmap Heap Scan on sbtest1  (cost=21.94..3585.44 rows=927 width=121)
	        Recheck Cond: ((id >= 68005) AND (id <= 69004))
	        ->  Bitmap Index Scan on sbtest1_pkey  (cost=0.00..21.70 rows=927 width=0)
	              Index Cond: ((id >= 68005) AND (id <= 69004))

table 2 : explain SELECT count(c) FROM sbtest2 WHERE id BETWEEN 2527674 AND 2528673
	Aggregate  (cost=3860.33..3860.34 rows=1 width=8)
	  ->  Bitmap Heap Scan on sbtest2  (cost=22.67..3857.83 rows=999 width=121)
	        Recheck Cond: ((id >= 2527674) AND (id <= 2528673))
	        ->  Bitmap Index Scan on sbtest2_pkey  (cost=0.00..22.43 rows=999 width=0)
	              Index Cond: ((id >= 2527674) AND (id <= 2528673))

table 3 : explain SELECT count(c) FROM sbtest3 WHERE id BETWEEN 6894011 AND 6895010
	Aggregate  (cost=3722.88..3722.89 rows=1 width=8)
	  ->  Bitmap Heap Scan on sbtest3  (cost=22.31..3720.47 rows=963 width=121)
	        Recheck Cond: ((id >= 6894011) AND (id <= 6895010))
	        ->  Bitmap Index Scan on sbtest3_pkey  (cost=0.00..22.07 rows=963 width=0)
	              Index Cond: ((id >= 6894011) AND (id <= 6895010))

table 4 : explain SELECT count(c) FROM sbtest4 WHERE id BETWEEN 2131593 AND 2132592
	Aggregate  (cost=3897.03..3897.04 rows=1 width=8)
	  ->  Bitmap Heap Scan on sbtest4  (cost=22.78..3894.51 rows=1009 width=121)
	        Recheck Cond: ((id >= 2131593) AND (id <= 2132592))
	        ->  Bitmap Index Scan on sbtest4_pkey  (cost=0.00..22.52 rows=1009 width=0)
	              Index Cond: ((id >= 2131593) AND (id <= 2132592))

table 5 : explain SELECT count(c) FROM sbtest5 WHERE id BETWEEN 3711638 AND 3712637
	Aggregate  (cost=4071.46..4071.47 rows=1 width=8)
	  ->  Bitmap Heap Scan on sbtest5  (cost=27.24..4068.82 rows=1054 width=121)
	        Recheck Cond: ((id >= 3711638) AND (id <= 3712637))
	        ->  Bitmap Index Scan on sbtest5_pkey  (cost=0.00..26.97 rows=1054 width=0)
	              Index Cond: ((id >= 3711638) AND (id <= 3712637))

table 6 : explain SELECT count(c) FROM sbtest6 WHERE id BETWEEN 6429738 AND 6430737
	Aggregate  (cost=3934.92..3934.93 rows=1 width=8)
	  ->  Bitmap Heap Scan on sbtest6  (cost=22.88..3932.38 rows=1019 width=121)
	        Recheck Cond: ((id >= 6429738) AND (id <= 6430737))
	        ->  Bitmap Index Scan on sbtest6_pkey  (cost=0.00..22.62 rows=1019 width=0)
	              Index Cond: ((id >= 6429738) AND (id <= 6430737))

table 7 : explain SELECT count(c) FROM sbtest7 WHERE id BETWEEN 2031842 AND 2032841
	Aggregate  (cost=4126.77..4126.78 rows=1 width=8)
	  ->  Bitmap Heap Scan on sbtest7  (cost=23.40..4124.09 rows=1070 width=121)
	        Recheck Cond: ((id >= 2031842) AND (id <= 2032841))
	        ->  Bitmap Index Scan on sbtest7_pkey  (cost=0.00..23.14 rows=1070 width=0)
	              Index Cond: ((id >= 2031842) AND (id <= 2032841))

table 8 : explain SELECT count(c) FROM sbtest8 WHERE id BETWEEN 3946035 AND 3947034
	Aggregate  (cost=3776.89..3776.90 rows=1 width=8)
	  ->  Bitmap Heap Scan on sbtest8  (cost=22.45..3774.45 rows=977 width=121)
	        Recheck Cond: ((id >= 3946035) AND (id <= 3947034))
	        ->  Bitmap Index Scan on sbtest8_pkey  (cost=0.00..22.20 rows=977 width=0)
	              Index Cond: ((id >= 3946035) AND (id <= 3947034))

for: count_ranges
table 1 : explain SELECT count(c) FROM sbtest1 WHERE id BETWEEN 3546187 AND 3547186
	Aggregate  (cost=4137.89..4137.90 rows=1 width=8)
	  ->  Bitmap Heap Scan on sbtest1  (cost=23.43..4135.21 rows=1073 width=121)
	        Recheck Cond: ((id >= 3546187) AND (id <= 3547186))
	        ->  Bitmap Index Scan on sbtest1_pkey  (cost=0.00..23.16 rows=1073 width=0)
	              Index Cond: ((id >= 3546187) AND (id <= 3547186))

table 2 : explain SELECT count(c) FROM sbtest2 WHERE id BETWEEN 3578139 AND 3579138
	Aggregate  (cost=3909.32..3909.33 rows=1 width=8)
	  ->  Bitmap Heap Scan on sbtest2  (cost=22.81..3906.79 rows=1012 width=121)
	        Recheck Cond: ((id >= 3578139) AND (id <= 3579138))
	        ->  Bitmap Index Scan on sbtest2_pkey  (cost=0.00..22.55 rows=1012 width=0)
	              Index Cond: ((id >= 3578139) AND (id <= 3579138))

table 3 : explain SELECT count(c) FROM sbtest3 WHERE id BETWEEN 256699 AND 257698
	Aggregate  (cost=3847.27..3847.28 rows=1 width=8)
	  ->  Bitmap Heap Scan on sbtest3  (cost=22.64..3844.78 rows=996 width=121)
	        Recheck Cond: ((id >= 256699) AND (id <= 257698))
	        ->  Bitmap Index Scan on sbtest3_pkey  (cost=0.00..22.39 rows=996 width=0)
	              Index Cond: ((id >= 256699) AND (id <= 257698))

table 4 : explain SELECT count(c) FROM sbtest4 WHERE id BETWEEN 946649 AND 947648
	Aggregate  (cost=3817.90..3817.91 rows=1 width=8)
	  ->  Bitmap Heap Scan on sbtest4  (cost=22.56..3815.43 rows=988 width=121)
	        Recheck Cond: ((id >= 946649) AND (id <= 947648))
	        ->  Bitmap Index Scan on sbtest4_pkey  (cost=0.00..22.32 rows=988 width=0)
	              Index Cond: ((id >= 946649) AND (id <= 947648))

table 5 : explain SELECT count(c) FROM sbtest5 WHERE id BETWEEN 2014403 AND 2015402
	Aggregate  (cost=4052.64..4052.65 rows=1 width=8)
	  ->  Bitmap Heap Scan on sbtest5  (cost=27.19..4050.02 rows=1049 width=121)
	        Recheck Cond: ((id >= 2014403) AND (id <= 2015402))
	        ->  Bitmap Index Scan on sbtest5_pkey  (cost=0.00..26.93 rows=1049 width=0)
	              Index Cond: ((id >= 2014403) AND (id <= 2015402))

table 6 : explain SELECT count(c) FROM sbtest6 WHERE id BETWEEN 9282708 AND 9283707
	Aggregate  (cost=3791.73..3791.74 rows=1 width=8)
	  ->  Bitmap Heap Scan on sbtest6  (cost=22.49..3789.28 rows=981 width=121)
	        Recheck Cond: ((id >= 9282708) AND (id <= 9283707))
	        ->  Bitmap Index Scan on sbtest6_pkey  (cost=0.00..22.25 rows=981 width=0)
	              Index Cond: ((id >= 9282708) AND (id <= 9283707))

table 7 : explain SELECT count(c) FROM sbtest7 WHERE id BETWEEN 597816 AND 598815
	Aggregate  (cost=3791.69..3791.70 rows=1 width=8)
	  ->  Bitmap Heap Scan on sbtest7  (cost=22.49..3789.24 rows=981 width=121)
	        Recheck Cond: ((id >= 597816) AND (id <= 598815))
	        ->  Bitmap Index Scan on sbtest7_pkey  (cost=0.00..22.25 rows=981 width=0)
	              Index Cond: ((id >= 597816) AND (id <= 598815))

table 8 : explain SELECT count(c) FROM sbtest8 WHERE id BETWEEN 7968247 AND 7969246
	Aggregate  (cost=3916.35..3916.36 rows=1 width=8)
	  ->  Bitmap Heap Scan on sbtest8  (cost=22.83..3913.82 rows=1014 width=121)
	        Recheck Cond: ((id >= 7968247) AND (id <= 7969246))
	        ->  Bitmap Index Scan on sbtest8_pkey  (cost=0.00..22.57 rows=1014 width=0)
	              Index Cond: ((id >= 7968247) AND (id <= 7969246))

for: count_ranges
table 1 : explain SELECT count(c) FROM sbtest1 WHERE id BETWEEN 2281765 AND 2282764
	Aggregate  (cost=3851.87..3851.88 rows=1 width=8)
	  ->  Bitmap Heap Scan on sbtest1  (cost=22.65..3849.37 rows=997 width=121)
	        Recheck Cond: ((id >= 2281765) AND (id <= 2282764))
	        ->  Bitmap Index Scan on sbtest1_pkey  (cost=0.00..22.40 rows=997 width=0)
	              Index Cond: ((id >= 2281765) AND (id <= 2282764))

table 2 : explain SELECT count(c) FROM sbtest2 WHERE id BETWEEN 1887281 AND 1888280
	Aggregate  (cost=4052.41..4052.42 rows=1 width=8)
	  ->  Bitmap Heap Scan on sbtest2  (cost=23.20..4049.78 rows=1050 width=121)
	        Recheck Cond: ((id >= 1887281) AND (id <= 1888280))
	        ->  Bitmap Index Scan on sbtest2_pkey  (cost=0.00..22.93 rows=1050 width=0)
	              Index Cond: ((id >= 1887281) AND (id <= 1888280))

table 3 : explain SELECT count(c) FROM sbtest3 WHERE id BETWEEN 3836367 AND 3837366
	Aggregate  (cost=3636.09..3636.10 rows=1 width=8)
	  ->  Bitmap Heap Scan on sbtest3  (cost=22.07..3633.74 rows=940 width=121)
	        Recheck Cond: ((id >= 3836367) AND (id <= 3837366))
	        ->  Bitmap Index Scan on sbtest3_pkey  (cost=0.00..21.83 rows=940 width=0)
	              Index Cond: ((id >= 3836367) AND (id <= 3837366))

table 4 : explain SELECT count(c) FROM sbtest4 WHERE id BETWEEN 3227422 AND 3228421
	Aggregate  (cost=3357.03..3357.04 rows=1 width=8)
	  ->  Bitmap Heap Scan on sbtest4  (cost=21.31..3354.87 rows=866 width=121)
	        Recheck Cond: ((id >= 3227422) AND (id <= 3228421))
	        ->  Bitmap Index Scan on sbtest4_pkey  (cost=0.00..21.09 rows=866 width=0)
	              Index Cond: ((id >= 3227422) AND (id <= 3228421))

table 5 : explain SELECT count(c) FROM sbtest5 WHERE id BETWEEN 2842860 AND 2843859
	Aggregate  (cost=3735.86..3735.87 rows=1 width=8)
	  ->  Bitmap Heap Scan on sbtest5  (cost=22.34..3733.45 rows=966 width=121)
	        Recheck Cond: ((id >= 2842860) AND (id <= 2843859))
	        ->  Bitmap Index Scan on sbtest5_pkey  (cost=0.00..22.09 rows=966 width=0)
	              Index Cond: ((id >= 2842860) AND (id <= 2843859))

table 6 : explain SELECT count(c) FROM sbtest6 WHERE id BETWEEN 4192879 AND 4193878
	Aggregate  (cost=3784.19..3784.20 rows=1 width=8)
	  ->  Bitmap Heap Scan on sbtest6  (cost=22.47..3781.74 rows=979 width=121)
	        Recheck Cond: ((id >= 4192879) AND (id <= 4193878))
	        ->  Bitmap Index Scan on sbtest6_pkey  (cost=0.00..22.22 rows=979 width=0)
	              Index Cond: ((id >= 4192879) AND (id <= 4193878))

table 7 : explain SELECT count(c) FROM sbtest7 WHERE id BETWEEN 8516020 AND 8517019
	Aggregate  (cost=4138.05..4138.06 rows=1 width=8)
	  ->  Bitmap Heap Scan on sbtest7  (cost=23.43..4135.36 rows=1073 width=121)
	        Recheck Cond: ((id >= 8516020) AND (id <= 8517019))
	        ->  Bitmap Index Scan on sbtest7_pkey  (cost=0.00..23.16 rows=1073 width=0)
	              Index Cond: ((id >= 8516020) AND (id <= 8517019))

table 8 : explain SELECT count(c) FROM sbtest8 WHERE id BETWEEN 2866796 AND 2867795
	Aggregate  (cost=3863.60..3863.61 rows=1 width=8)
	  ->  Bitmap Heap Scan on sbtest8  (cost=22.68..3861.10 rows=1000 width=121)
	        Recheck Cond: ((id >= 2866796) AND (id <= 2867795))
	        ->  Bitmap Index Scan on sbtest8_pkey  (cost=0.00..22.43 rows=1000 width=0)
	              Index Cond: ((id >= 2866796) AND (id <= 2867795))

for: count_ranges
table 1 : explain SELECT count(c) FROM sbtest1 WHERE id BETWEEN 2325585 AND 2326584
	Aggregate  (cost=4198.01..4198.02 rows=1 width=8)
	  ->  Bitmap Heap Scan on sbtest1  (cost=23.60..4195.29 rows=1089 width=121)
	        Recheck Cond: ((id >= 2325585) AND (id <= 2326584))
	        ->  Bitmap Index Scan on sbtest1_pkey  (cost=0.00..23.32 rows=1089 width=0)
	              Index Cond: ((id >= 2325585) AND (id <= 2326584))

table 2 : explain SELECT count(c) FROM sbtest2 WHERE id BETWEEN 5783553 AND 5784552
	Aggregate  (cost=3969.59..3969.60 rows=1 width=8)
	  ->  Bitmap Heap Scan on sbtest2  (cost=22.97..3967.02 rows=1028 width=121)
	        Recheck Cond: ((id >= 5783553) AND (id <= 5784552))
	        ->  Bitmap Index Scan on sbtest2_pkey  (cost=0.00..22.71 rows=1028 width=0)
	              Index Cond: ((id >= 5783553) AND (id <= 5784552))

table 3 : explain SELECT count(c) FROM sbtest3 WHERE id BETWEEN 3230664 AND 3231663
	Aggregate  (cost=4084.35..4084.36 rows=1 width=8)
	  ->  Bitmap Heap Scan on sbtest3  (cost=23.29..4081.70 rows=1059 width=121)
	        Recheck Cond: ((id >= 3230664) AND (id <= 3231663))
	        ->  Bitmap Index Scan on sbtest3_pkey  (cost=0.00..23.02 rows=1059 width=0)
	              Index Cond: ((id >= 3230664) AND (id <= 3231663))

table 4 : explain SELECT count(c) FROM sbtest4 WHERE id BETWEEN 6603267 AND 6604266
	Aggregate  (cost=4160.39..4160.40 rows=1 width=8)
	  ->  Bitmap Heap Scan on sbtest4  (cost=23.49..4157.69 rows=1079 width=121)
	        Recheck Cond: ((id >= 6603267) AND (id <= 6604266))
	        ->  Bitmap Index Scan on sbtest4_pkey  (cost=0.00..23.22 rows=1079 width=0)
	              Index Cond: ((id >= 6603267) AND (id <= 6604266))

table 5 : explain SELECT count(c) FROM sbtest5 WHERE id BETWEEN 7149861 AND 7150860
	Aggregate  (cost=3376.75..3376.76 rows=1 width=8)
	  ->  Bitmap Heap Scan on sbtest5  (cost=21.36..3374.57 rows=871 width=121)
	        Recheck Cond: ((id >= 7149861) AND (id <= 7150860))
	        ->  Bitmap Index Scan on sbtest5_pkey  (cost=0.00..21.14 rows=871 width=0)
	              Index Cond: ((id >= 7149861) AND (id <= 7150860))

table 6 : explain SELECT count(c) FROM sbtest6 WHERE id BETWEEN 7688162 AND 7689161
	Aggregate  (cost=3765.33..3765.34 rows=1 width=8)
	  ->  Bitmap Heap Scan on sbtest6  (cost=22.42..3762.90 rows=974 width=121)
	        Recheck Cond: ((id >= 7688162) AND (id <= 7689161))
	        ->  Bitmap Index Scan on sbtest6_pkey  (cost=0.00..22.18 rows=974 width=0)
	              Index Cond: ((id >= 7688162) AND (id <= 7689161))

table 7 : explain SELECT count(c) FROM sbtest7 WHERE id BETWEEN 4346015 AND 4347014
	Aggregate  (cost=3625.66..3625.67 rows=1 width=8)
	  ->  Bitmap Heap Scan on sbtest7  (cost=22.04..3623.31 rows=937 width=121)
	        Recheck Cond: ((id >= 4346015) AND (id <= 4347014))
	        ->  Bitmap Index Scan on sbtest7_pkey  (cost=0.00..21.80 rows=937 width=0)
	              Index Cond: ((id >= 4346015) AND (id <= 4347014))

table 8 : explain SELECT count(c) FROM sbtest8 WHERE id BETWEEN 5243828 AND 5244827
	Aggregate  (cost=3807.06..3807.07 rows=1 width=8)
	  ->  Bitmap Heap Scan on sbtest8  (cost=22.53..3804.60 rows=985 width=121)
	        Recheck Cond: ((id >= 5243828) AND (id <= 5244827))
	        ->  Bitmap Index Scan on sbtest8_pkey  (cost=0.00..22.29 rows=985 width=0)
	              Index Cond: ((id >= 5243828) AND (id <= 5244827))

for: count_ranges
table 1 : explain SELECT count(c) FROM sbtest1 WHERE id BETWEEN 3612459 AND 3613458
	Aggregate  (cost=3693.48..3693.49 rows=1 width=8)
	  ->  Bitmap Heap Scan on sbtest1  (cost=22.22..3691.09 rows=955 width=121)
	        Recheck Cond: ((id >= 3612459) AND (id <= 3613458))
	        ->  Bitmap Index Scan on sbtest1_pkey  (cost=0.00..21.98 rows=955 width=0)
	              Index Cond: ((id >= 3612459) AND (id <= 3613458))

table 2 : explain SELECT count(c) FROM sbtest2 WHERE id BETWEEN 2743314 AND 2744313
	Aggregate  (cost=3683.02..3683.03 rows=1 width=8)
	  ->  Bitmap Heap Scan on sbtest2  (cost=22.19..3680.64 rows=952 width=121)
	        Recheck Cond: ((id >= 2743314) AND (id <= 2744313))
	        ->  Bitmap Index Scan on sbtest2_pkey  (cost=0.00..21.95 rows=952 width=0)
	              Index Cond: ((id >= 2743314) AND (id <= 2744313))

table 3 : explain SELECT count(c) FROM sbtest3 WHERE id BETWEEN 9125592 AND 9126591
	Aggregate  (cost=3443.41..3443.42 rows=1 width=8)
	  ->  Bitmap Heap Scan on sbtest3  (cost=21.55..3441.19 rows=889 width=121)
	        Recheck Cond: ((id >= 9125592) AND (id <= 9126591))
	        ->  Bitmap Index Scan on sbtest3_pkey  (cost=0.00..21.32 rows=889 width=0)
	              Index Cond: ((id >= 9125592) AND (id <= 9126591))

table 4 : explain SELECT count(c) FROM sbtest4 WHERE id BETWEEN 332676 AND 333675
	Aggregate  (cost=3636.81..3636.82 rows=1 width=8)
	  ->  Bitmap Heap Scan on sbtest4  (cost=22.07..3634.46 rows=940 width=121)
	        Recheck Cond: ((id >= 332676) AND (id <= 333675))
	        ->  Bitmap Index Scan on sbtest4_pkey  (cost=0.00..21.83 rows=940 width=0)
	              Index Cond: ((id >= 332676) AND (id <= 333675))

table 5 : explain SELECT count(c) FROM sbtest5 WHERE id BETWEEN 5000611 AND 5001610
	Aggregate  (cost=3327.51..3327.52 rows=1 width=8)
	  ->  Bitmap Heap Scan on sbtest5  (cost=21.23..3325.37 rows=858 width=121)
	        Recheck Cond: ((id >= 5000611) AND (id <= 5001610))
	        ->  Bitmap Index Scan on sbtest5_pkey  (cost=0.00..21.01 rows=858 width=0)
	              Index Cond: ((id >= 5000611) AND (id <= 5001610))

table 6 : explain SELECT count(c) FROM sbtest6 WHERE id BETWEEN 4180200 AND 4181199
	Aggregate  (cost=3784.19..3784.20 rows=1 width=8)
	  ->  Bitmap Heap Scan on sbtest6  (cost=22.47..3781.74 rows=979 width=121)
	        Recheck Cond: ((id >= 4180200) AND (id <= 4181199))
	        ->  Bitmap Index Scan on sbtest6_pkey  (cost=0.00..22.22 rows=979 width=0)
	              Index Cond: ((id >= 4180200) AND (id <= 4181199))

table 7 : explain SELECT count(c) FROM sbtest7 WHERE id BETWEEN 8182054 AND 8183053
	Aggregate  (cost=4126.77..4126.78 rows=1 width=8)
	  ->  Bitmap Heap Scan on sbtest7  (cost=23.40..4124.09 rows=1070 width=121)
	        Recheck Cond: ((id >= 8182054) AND (id <= 8183053))
	        ->  Bitmap Index Scan on sbtest7_pkey  (cost=0.00..23.14 rows=1070 width=0)
	              Index Cond: ((id >= 8182054) AND (id <= 8183053))

table 8 : explain SELECT count(c) FROM sbtest8 WHERE id BETWEEN 3496498 AND 3497497
	Aggregate  (cost=3980.37..3980.38 rows=1 width=8)
	  ->  Bitmap Heap Scan on sbtest8  (cost=23.00..3977.79 rows=1031 width=121)
	        Recheck Cond: ((id >= 3496498) AND (id <= 3497497))
	        ->  Bitmap Index Scan on sbtest8_pkey  (cost=0.00..22.75 rows=1031 width=0)
	              Index Cond: ((id >= 3496498) AND (id <= 3497497))

for: count_ranges
table 1 : explain SELECT count(c) FROM sbtest1 WHERE id BETWEEN 2257876 AND 2258875
	Aggregate  (cost=3851.87..3851.88 rows=1 width=8)
	  ->  Bitmap Heap Scan on sbtest1  (cost=22.65..3849.37 rows=997 width=121)
	        Recheck Cond: ((id >= 2257876) AND (id <= 2258875))
	        ->  Bitmap Index Scan on sbtest1_pkey  (cost=0.00..22.40 rows=997 width=0)
	              Index Cond: ((id >= 2257876) AND (id <= 2258875))

table 2 : explain SELECT count(c) FROM sbtest2 WHERE id BETWEEN 7016164 AND 7017163
	Aggregate  (cost=3807.55..3807.56 rows=1 width=8)
	  ->  Bitmap Heap Scan on sbtest2  (cost=22.53..3805.08 rows=985 width=121)
	        Recheck Cond: ((id >= 7016164) AND (id <= 7017163))
	        ->  Bitmap Index Scan on sbtest2_pkey  (cost=0.00..22.29 rows=985 width=0)
	              Index Cond: ((id >= 7016164) AND (id <= 7017163))

table 3 : explain SELECT count(c) FROM sbtest3 WHERE id BETWEEN 8608763 AND 8609762
	Aggregate  (cost=3602.12..3602.13 rows=1 width=8)
	  ->  Bitmap Heap Scan on sbtest3  (cost=21.98..3599.79 rows=931 width=121)
	        Recheck Cond: ((id >= 8608763) AND (id <= 8609762))
	        ->  Bitmap Index Scan on sbtest3_pkey  (cost=0.00..21.75 rows=931 width=0)
	              Index Cond: ((id >= 8608763) AND (id <= 8609762))

table 4 : explain SELECT count(c) FROM sbtest4 WHERE id BETWEEN 1619643 AND 1620642
	Aggregate  (cost=3859.36..3859.37 rows=1 width=8)
	  ->  Bitmap Heap Scan on sbtest4  (cost=22.67..3856.86 rows=999 width=121)
	        Recheck Cond: ((id >= 1619643) AND (id <= 1620642))
	        ->  Bitmap Index Scan on sbtest4_pkey  (cost=0.00..22.43 rows=999 width=0)
	              Index Cond: ((id >= 1619643) AND (id <= 1620642))

table 5 : explain SELECT count(c) FROM sbtest5 WHERE id BETWEEN 508684 AND 509683
	Aggregate  (cost=3735.86..3735.87 rows=1 width=8)
	  ->  Bitmap Heap Scan on sbtest5  (cost=22.34..3733.45 rows=966 width=121)
	        Recheck Cond: ((id >= 508684) AND (id <= 509683))
	        ->  Bitmap Index Scan on sbtest5_pkey  (cost=0.00..22.09 rows=966 width=0)
	              Index Cond: ((id >= 508684) AND (id <= 509683))

table 6 : explain SELECT count(c) FROM sbtest6 WHERE id BETWEEN 341013 AND 342012
	Aggregate  (cost=4190.94..4190.95 rows=1 width=8)
	  ->  Bitmap Heap Scan on sbtest6  (cost=27.57..4188.23 rows=1086 width=121)
	        Recheck Cond: ((id >= 341013) AND (id <= 342012))
	        ->  Bitmap Index Scan on sbtest6_pkey  (cost=0.00..27.29 rows=1086 width=0)
	              Index Cond: ((id >= 341013) AND (id <= 342012))

table 7 : explain SELECT count(c) FROM sbtest7 WHERE id BETWEEN 6945500 AND 6946499
	Aggregate  (cost=3900.99..3901.00 rows=1 width=8)
	  ->  Bitmap Heap Scan on sbtest7  (cost=22.79..3898.46 rows=1010 width=121)
	        Recheck Cond: ((id >= 6945500) AND (id <= 6946499))
	        ->  Bitmap Index Scan on sbtest7_pkey  (cost=0.00..22.54 rows=1010 width=0)
	              Index Cond: ((id >= 6945500) AND (id <= 6946499))

table 8 : explain SELECT count(c) FROM sbtest8 WHERE id BETWEEN 181741 AND 182740
	Aggregate  (cost=3905.05..3905.06 rows=1 width=8)
	  ->  Bitmap Heap Scan on sbtest8  (cost=22.80..3902.52 rows=1011 width=121)
	        Recheck Cond: ((id >= 181741) AND (id <= 182740))
	        ->  Bitmap Index Scan on sbtest8_pkey  (cost=0.00..22.54 rows=1011 width=0)
	              Index Cond: ((id >= 181741) AND (id <= 182740))

for: count_ranges
table 1 : explain SELECT count(c) FROM sbtest1 WHERE id BETWEEN 3680348 AND 3681347
	Aggregate  (cost=3693.48..3693.49 rows=1 width=8)
	  ->  Bitmap Heap Scan on sbtest1  (cost=22.22..3691.09 rows=955 width=121)
	        Recheck Cond: ((id >= 3680348) AND (id <= 3681347))
	        ->  Bitmap Index Scan on sbtest1_pkey  (cost=0.00..21.98 rows=955 width=0)
	              Index Cond: ((id >= 3680348) AND (id <= 3681347))

table 2 : explain SELECT count(c) FROM sbtest2 WHERE id BETWEEN 1059689 AND 1060688
	Aggregate  (cost=3750.96..3750.97 rows=1 width=8)
	  ->  Bitmap Heap Scan on sbtest2  (cost=22.38..3748.54 rows=970 width=121)
	        Recheck Cond: ((id >= 1059689) AND (id <= 1060688))
	        ->  Bitmap Index Scan on sbtest2_pkey  (cost=0.00..22.14 rows=970 width=0)
	              Index Cond: ((id >= 1059689) AND (id <= 1060688))

table 3 : explain SELECT count(c) FROM sbtest3 WHERE id BETWEEN 9006197 AND 9007196
	Aggregate  (cost=3666.29..3666.30 rows=1 width=8)
	  ->  Bitmap Heap Scan on sbtest3  (cost=22.15..3663.92 rows=948 width=121)
	        Recheck Cond: ((id >= 9006197) AND (id <= 9007196))
	        ->  Bitmap Index Scan on sbtest3_pkey  (cost=0.00..21.91 rows=948 width=0)
	              Index Cond: ((id >= 9006197) AND (id <= 9007196))

table 4 : explain SELECT count(c) FROM sbtest4 WHERE id BETWEEN 4500882 AND 4501881
	Aggregate  (cost=3765.11..3765.12 rows=1 width=8)
	  ->  Bitmap Heap Scan on sbtest4  (cost=22.42..3762.68 rows=974 width=121)
	        Recheck Cond: ((id >= 4500882) AND (id <= 4501881))
	        ->  Bitmap Index Scan on sbtest4_pkey  (cost=0.00..22.18 rows=974 width=0)
	              Index Cond: ((id >= 4500882) AND (id <= 4501881))

table 5 : explain SELECT count(c) FROM sbtest5 WHERE id BETWEEN 7129335 AND 7130334
	Aggregate  (cost=3376.75..3376.76 rows=1 width=8)
	  ->  Bitmap Heap Scan on sbtest5  (cost=21.36..3374.57 rows=871 width=121)
	        Recheck Cond: ((id >= 7129335) AND (id <= 7130334))
	        ->  Bitmap Index Scan on sbtest5_pkey  (cost=0.00..21.14 rows=871 width=0)
	              Index Cond: ((id >= 7129335) AND (id <= 7130334))

table 6 : explain SELECT count(c) FROM sbtest6 WHERE id BETWEEN 8009540 AND 8010539
	Aggregate  (cost=3587.92..3587.93 rows=1 width=8)
	  ->  Bitmap Heap Scan on sbtest6  (cost=21.94..3585.60 rows=927 width=121)
	        Recheck Cond: ((id >= 8009540) AND (id <= 8010539))
	        ->  Bitmap Index Scan on sbtest6_pkey  (cost=0.00..21.70 rows=927 width=0)
	              Index Cond: ((id >= 8009540) AND (id <= 8010539))

table 7 : explain SELECT count(c) FROM sbtest7 WHERE id BETWEEN 2866413 AND 2867412
	Aggregate  (cost=3818.08..3818.09 rows=1 width=8)
	  ->  Bitmap Heap Scan on sbtest7  (cost=22.56..3815.61 rows=988 width=121)
	        Recheck Cond: ((id >= 2866413) AND (id <= 2867412))
	        ->  Bitmap Index Scan on sbtest7_pkey  (cost=0.00..22.32 rows=988 width=0)
	              Index Cond: ((id >= 2866413) AND (id <= 2867412))

table 8 : explain SELECT count(c) FROM sbtest8 WHERE id BETWEEN 311791 AND 312790
	Aggregate  (cost=3758.03..3758.04 rows=1 width=8)
	  ->  Bitmap Heap Scan on sbtest8  (cost=22.40..3755.60 rows=972 width=121)
	        Recheck Cond: ((id >= 311791) AND (id <= 312790))
	        ->  Bitmap Index Scan on sbtest8_pkey  (cost=0.00..22.15 rows=972 width=0)
	              Index Cond: ((id >= 311791) AND (id <= 312790))

for: count_ranges
table 1 : explain SELECT count(c) FROM sbtest1 WHERE id BETWEEN 9950487 AND 9951486
	Aggregate  (cost=3731.21..3731.22 rows=1 width=8)
	  ->  Bitmap Heap Scan on sbtest1  (cost=22.33..3728.80 rows=965 width=121)
	        Recheck Cond: ((id >= 9950487) AND (id <= 9951486))
	        ->  Bitmap Index Scan on sbtest1_pkey  (cost=0.00..22.08 rows=965 width=0)
	              Index Cond: ((id >= 9950487) AND (id <= 9951486))

table 2 : explain SELECT count(c) FROM sbtest2 WHERE id BETWEEN 7268439 AND 7269438
	Aggregate  (cost=3807.55..3807.56 rows=1 width=8)
	  ->  Bitmap Heap Scan on sbtest2  (cost=22.53..3805.08 rows=985 width=121)
	        Recheck Cond: ((id >= 7268439) AND (id <= 7269438))
	        ->  Bitmap Index Scan on sbtest2_pkey  (cost=0.00..22.29 rows=985 width=0)
	              Index Cond: ((id >= 7268439) AND (id <= 7269438))

table 3 : explain SELECT count(c) FROM sbtest3 WHERE id BETWEEN 3011828 AND 3012827
	Aggregate  (cost=4718.16..4718.17 rows=1 width=8)
	  ->  Bitmap Heap Scan on sbtest3  (cost=29.02..4715.09 rows=1228 width=121)
	        Recheck Cond: ((id >= 3011828) AND (id <= 3012827))
	        ->  Bitmap Index Scan on sbtest3_pkey  (cost=0.00..28.71 rows=1228 width=0)
	              Index Cond: ((id >= 3011828) AND (id <= 3012827))

table 4 : explain SELECT count(c) FROM sbtest4 WHERE id BETWEEN 9394244 AND 9395243
	Aggregate  (cost=3900.80..3900.81 rows=1 width=8)
	  ->  Bitmap Heap Scan on sbtest4  (cost=22.79..3898.27 rows=1010 width=121)
	        Recheck Cond: ((id >= 9394244) AND (id <= 9395243))
	        ->  Bitmap Index Scan on sbtest4_pkey  (cost=0.00..22.54 rows=1010 width=0)
	              Index Cond: ((id >= 9394244) AND (id <= 9395243))

table 5 : explain SELECT count(c) FROM sbtest5 WHERE id BETWEEN 8934753 AND 8935752
	Aggregate  (cost=3875.64..3875.65 rows=1 width=8)
	  ->  Bitmap Heap Scan on sbtest5  (cost=26.71..3873.13 rows=1002 width=121)
	        Recheck Cond: ((id >= 8934753) AND (id <= 8935752))
	        ->  Bitmap Index Scan on sbtest5_pkey  (cost=0.00..26.45 rows=1002 width=0)
	              Index Cond: ((id >= 8934753) AND (id <= 8935752))

table 6 : explain SELECT count(c) FROM sbtest6 WHERE id BETWEEN 2738426 AND 2739425
	Aggregate  (cost=3810.58..3810.59 rows=1 width=8)
	  ->  Bitmap Heap Scan on sbtest6  (cost=22.54..3808.12 rows=986 width=121)
	        Recheck Cond: ((id >= 2738426) AND (id <= 2739425))
	        ->  Bitmap Index Scan on sbtest6_pkey  (cost=0.00..22.29 rows=986 width=0)
	              Index Cond: ((id >= 2738426) AND (id <= 2739425))

table 7 : explain SELECT count(c) FROM sbtest7 WHERE id BETWEEN 4898625 AND 4899624
	Aggregate  (cost=3821.85..3821.86 rows=1 width=8)
	  ->  Bitmap Heap Scan on sbtest7  (cost=22.57..3819.38 rows=989 width=121)
	        Recheck Cond: ((id >= 4898625) AND (id <= 4899624))
	        ->  Bitmap Index Scan on sbtest7_pkey  (cost=0.00..22.32 rows=989 width=0)
	              Index Cond: ((id >= 4898625) AND (id <= 4899624))

table 8 : explain SELECT count(c) FROM sbtest8 WHERE id BETWEEN 9885013 AND 9886012
	Aggregate  (cost=3773.12..3773.13 rows=1 width=8)
	  ->  Bitmap Heap Scan on sbtest8  (cost=22.44..3770.68 rows=976 width=121)
	        Recheck Cond: ((id >= 9885013) AND (id <= 9886012))
	        ->  Bitmap Index Scan on sbtest8_pkey  (cost=0.00..22.19 rows=976 width=0)
	              Index Cond: ((id >= 9885013) AND (id <= 9886012))

for: count_ranges
table 1 : explain SELECT count(c) FROM sbtest1 WHERE id BETWEEN 9231203 AND 9232202
	Aggregate  (cost=3972.39..3972.40 rows=1 width=8)
	  ->  Bitmap Heap Scan on sbtest1  (cost=22.98..3969.82 rows=1029 width=121)
	        Recheck Cond: ((id >= 9231203) AND (id <= 9232202))
	        ->  Bitmap Index Scan on sbtest1_pkey  (cost=0.00..22.72 rows=1029 width=0)
	              Index Cond: ((id >= 9231203) AND (id <= 9232202))

table 2 : explain SELECT count(c) FROM sbtest2 WHERE id BETWEEN 8959262 AND 8960261
	Aggregate  (cost=3977.12..3977.13 rows=1 width=8)
	  ->  Bitmap Heap Scan on sbtest2  (cost=22.99..3974.55 rows=1030 width=121)
	        Recheck Cond: ((id >= 8959262) AND (id <= 8960261))
	        ->  Bitmap Index Scan on sbtest2_pkey  (cost=0.00..22.73 rows=1030 width=0)
	              Index Cond: ((id >= 8959262) AND (id <= 8960261))

table 3 : explain SELECT count(c) FROM sbtest3 WHERE id BETWEEN 8432559 AND 8433558
	Aggregate  (cost=3930.11..3930.12 rows=1 width=8)
	  ->  Bitmap Heap Scan on sbtest3  (cost=22.87..3927.57 rows=1018 width=121)
	        Recheck Cond: ((id >= 8432559) AND (id <= 8433558))
	        ->  Bitmap Index Scan on sbtest3_pkey  (cost=0.00..22.61 rows=1018 width=0)
	              Index Cond: ((id >= 8432559) AND (id <= 8433558))

table 4 : explain SELECT count(c) FROM sbtest4 WHERE id BETWEEN 1266149 AND 1267148
	Aggregate  (cost=3900.80..3900.81 rows=1 width=8)
	  ->  Bitmap Heap Scan on sbtest4  (cost=22.79..3898.27 rows=1010 width=121)
	        Recheck Cond: ((id >= 1266149) AND (id <= 1267148))
	        ->  Bitmap Index Scan on sbtest4_pkey  (cost=0.00..22.54 rows=1010 width=0)
	              Index Cond: ((id >= 1266149) AND (id <= 1267148))

table 5 : explain SELECT count(c) FROM sbtest5 WHERE id BETWEEN 2419062 AND 2420061
	Aggregate  (cost=3890.71..3890.72 rows=1 width=8)
	  ->  Bitmap Heap Scan on sbtest5  (cost=26.75..3888.20 rows=1006 width=121)
	        Recheck Cond: ((id >= 2419062) AND (id <= 2420061))
	        ->  Bitmap Index Scan on sbtest5_pkey  (cost=0.00..26.50 rows=1006 width=0)
	              Index Cond: ((id >= 2419062) AND (id <= 2420061))

table 6 : explain SELECT count(c) FROM sbtest6 WHERE id BETWEEN 6922876 AND 6923875
	Aggregate  (cost=4092.97..4092.98 rows=1 width=8)
	  ->  Bitmap Heap Scan on sbtest6  (cost=23.31..4090.32 rows=1061 width=121)
	        Recheck Cond: ((id >= 6922876) AND (id <= 6923875))
	        ->  Bitmap Index Scan on sbtest6_pkey  (cost=0.00..23.04 rows=1061 width=0)
	              Index Cond: ((id >= 6922876) AND (id <= 6923875))

table 7 : explain SELECT count(c) FROM sbtest7 WHERE id BETWEEN 3880651 AND 3881650
	Aggregate  (cost=3410.17..3410.18 rows=1 width=8)
	  ->  Bitmap Heap Scan on sbtest7  (cost=21.45..3407.97 rows=880 width=121)
	        Recheck Cond: ((id >= 3880651) AND (id <= 3881650))
	        ->  Bitmap Index Scan on sbtest7_pkey  (cost=0.00..21.23 rows=880 width=0)
	              Index Cond: ((id >= 3880651) AND (id <= 3881650))

table 8 : explain SELECT count(c) FROM sbtest8 WHERE id BETWEEN 1308108 AND 1309107
	Aggregate  (cost=3776.89..3776.90 rows=1 width=8)
	  ->  Bitmap Heap Scan on sbtest8  (cost=22.45..3774.45 rows=977 width=121)
	        Recheck Cond: ((id >= 1308108) AND (id <= 1309107))
	        ->  Bitmap Index Scan on sbtest8_pkey  (cost=0.00..22.20 rows=977 width=0)
	              Index Cond: ((id >= 1308108) AND (id <= 1309107))

for: count_ranges
table 1 : explain SELECT count(c) FROM sbtest1 WHERE id BETWEEN 8127271 AND 8128270
	Aggregate  (cost=3734.99..3735.00 rows=1 width=8)
	  ->  Bitmap Heap Scan on sbtest1  (cost=22.34..3732.57 rows=966 width=121)
	        Recheck Cond: ((id >= 8127271) AND (id <= 8128270))
	        ->  Bitmap Index Scan on sbtest1_pkey  (cost=0.00..22.09 rows=966 width=0)
	              Index Cond: ((id >= 8127271) AND (id <= 8128270))

table 2 : explain SELECT count(c) FROM sbtest2 WHERE id BETWEEN 1341592 AND 1342591
	Aggregate  (cost=3448.67..3448.68 rows=1 width=8)
	  ->  Bitmap Heap Scan on sbtest2  (cost=21.56..3446.45 rows=890 width=121)
	        Recheck Cond: ((id >= 1341592) AND (id <= 1342591))
	        ->  Bitmap Index Scan on sbtest2_pkey  (cost=0.00..21.33 rows=890 width=0)
	              Index Cond: ((id >= 1341592) AND (id <= 1342591))

table 3 : explain SELECT count(c) FROM sbtest3 WHERE id BETWEEN 9980031 AND 9981030
	Aggregate  (cost=3730.42..3730.43 rows=1 width=8)
	  ->  Bitmap Heap Scan on sbtest3  (cost=22.33..3728.01 rows=965 width=121)
	        Recheck Cond: ((id >= 9980031) AND (id <= 9981030))
	        ->  Bitmap Index Scan on sbtest3_pkey  (cost=0.00..22.08 rows=965 width=0)
	              Index Cond: ((id >= 9980031) AND (id <= 9981030))

table 4 : explain SELECT count(c) FROM sbtest4 WHERE id BETWEEN 3876484 AND 3877483
	Aggregate  (cost=3655.69..3655.70 rows=1 width=8)
	  ->  Bitmap Heap Scan on sbtest4  (cost=22.12..3653.33 rows=945 width=121)
	        Recheck Cond: ((id >= 3876484) AND (id <= 3877483))
	        ->  Bitmap Index Scan on sbtest4_pkey  (cost=0.00..21.89 rows=945 width=0)
	              Index Cond: ((id >= 3876484) AND (id <= 3877483))

table 5 : explain SELECT count(c) FROM sbtest5 WHERE id BETWEEN 2536901 AND 2537900
	Aggregate  (cost=3543.23..3543.24 rows=1 width=8)
	  ->  Bitmap Heap Scan on sbtest5  (cost=21.81..3540.94 rows=915 width=121)
	        Recheck Cond: ((id >= 2536901) AND (id <= 2537900))
	        ->  Bitmap Index Scan on sbtest5_pkey  (cost=0.00..21.58 rows=915 width=0)
	              Index Cond: ((id >= 2536901) AND (id <= 2537900))

table 6 : explain SELECT count(c) FROM sbtest6 WHERE id BETWEEN 1761185 AND 1762184
	Aggregate  (cost=4017.74..4017.75 rows=1 width=8)
	  ->  Bitmap Heap Scan on sbtest6  (cost=23.11..4015.14 rows=1041 width=121)
	        Recheck Cond: ((id >= 1761185) AND (id <= 1762184))
	        ->  Bitmap Index Scan on sbtest6_pkey  (cost=0.00..22.84 rows=1041 width=0)
	              Index Cond: ((id >= 1761185) AND (id <= 1762184))

table 7 : explain SELECT count(c) FROM sbtest7 WHERE id BETWEEN 6047093 AND 6048092
	Aggregate  (cost=3904.75..3904.76 rows=1 width=8)
	  ->  Bitmap Heap Scan on sbtest7  (cost=22.80..3902.23 rows=1011 width=121)
	        Recheck Cond: ((id >= 6047093) AND (id <= 6048092))
	        ->  Bitmap Index Scan on sbtest7_pkey  (cost=0.00..22.54 rows=1011 width=0)
	              Index Cond: ((id >= 6047093) AND (id <= 6048092))

table 8 : explain SELECT count(c) FROM sbtest8 WHERE id BETWEEN 881324 AND 882323
	Aggregate  (cost=3889.98..3889.99 rows=1 width=8)
	  ->  Bitmap Heap Scan on sbtest8  (cost=22.76..3887.46 rows=1007 width=121)
	        Recheck Cond: ((id >= 881324) AND (id <= 882323))
	        ->  Bitmap Index Scan on sbtest8_pkey  (cost=0.00..22.50 rows=1007 width=0)
	              Index Cond: ((id >= 881324) AND (id <= 882323))

for: count_ranges
table 1 : explain SELECT count(c) FROM sbtest1 WHERE id BETWEEN 136564 AND 137563
	Aggregate  (cost=3949.80..3949.81 rows=1 width=8)
	  ->  Bitmap Heap Scan on sbtest1  (cost=22.92..3947.24 rows=1023 width=121)
	        Recheck Cond: ((id >= 136564) AND (id <= 137563))
	        ->  Bitmap Index Scan on sbtest1_pkey  (cost=0.00..22.66 rows=1023 width=0)
	              Index Cond: ((id >= 136564) AND (id <= 137563))

table 2 : explain SELECT count(c) FROM sbtest2 WHERE id BETWEEN 8540011 AND 8541010
	Aggregate  (cost=3803.77..3803.78 rows=1 width=8)
	  ->  Bitmap Heap Scan on sbtest2  (cost=22.52..3801.31 rows=984 width=121)
	        Recheck Cond: ((id >= 8540011) AND (id <= 8541010))
	        ->  Bitmap Index Scan on sbtest2_pkey  (cost=0.00..22.27 rows=984 width=0)
	              Index Cond: ((id >= 8540011) AND (id <= 8541010))

table 3 : explain SELECT count(c) FROM sbtest3 WHERE id BETWEEN 548166 AND 549165
	Aggregate  (cost=3824.66..3824.67 rows=1 width=8)
	  ->  Bitmap Heap Scan on sbtest3  (cost=22.58..3822.19 rows=990 width=121)
	        Recheck Cond: ((id >= 548166) AND (id <= 549165))
	        ->  Bitmap Index Scan on sbtest3_pkey  (cost=0.00..22.33 rows=990 width=0)
	              Index Cond: ((id >= 548166) AND (id <= 549165))

table 4 : explain SELECT count(c) FROM sbtest4 WHERE id BETWEEN 2490139 AND 2491138
	Aggregate  (cost=4209.23..4209.24 rows=1 width=8)
	  ->  Bitmap Heap Scan on sbtest4  (cost=23.63..4206.50 rows=1092 width=121)
	        Recheck Cond: ((id >= 2490139) AND (id <= 2491138))
	        ->  Bitmap Index Scan on sbtest4_pkey  (cost=0.00..23.36 rows=1092 width=0)
	              Index Cond: ((id >= 2490139) AND (id <= 2491138))

table 5 : explain SELECT count(c) FROM sbtest5 WHERE id BETWEEN 4021192 AND 4022191
	Aggregate  (cost=3728.32..3728.33 rows=1 width=8)
	  ->  Bitmap Heap Scan on sbtest5  (cost=22.32..3725.91 rows=964 width=121)
	        Recheck Cond: ((id >= 4021192) AND (id <= 4022191))
	        ->  Bitmap Index Scan on sbtest5_pkey  (cost=0.00..22.07 rows=964 width=0)
	              Index Cond: ((id >= 4021192) AND (id <= 4022191))

table 6 : explain SELECT count(c) FROM sbtest6 WHERE id BETWEEN 4670203 AND 4671202
	Aggregate  (cost=3870.89..3870.90 rows=1 width=8)
	  ->  Bitmap Heap Scan on sbtest6  (cost=22.71..3868.38 rows=1002 width=121)
	        Recheck Cond: ((id >= 4670203) AND (id <= 4671202))
	        ->  Bitmap Index Scan on sbtest6_pkey  (cost=0.00..22.45 rows=1002 width=0)
	              Index Cond: ((id >= 4670203) AND (id <= 4671202))

table 7 : explain SELECT count(c) FROM sbtest7 WHERE id BETWEEN 2324781 AND 2325780
	Aggregate  (cost=3998.88..3998.89 rows=1 width=8)
	  ->  Bitmap Heap Scan on sbtest7  (cost=23.05..3996.29 rows=1036 width=121)
	        Recheck Cond: ((id >= 2324781) AND (id <= 2325780))
	        ->  Bitmap Index Scan on sbtest7_pkey  (cost=0.00..22.79 rows=1036 width=0)
	              Index Cond: ((id >= 2324781) AND (id <= 2325780))

table 8 : explain SELECT count(c) FROM sbtest8 WHERE id BETWEEN 5881662 AND 5882661
	Aggregate  (cost=3897.52..3897.53 rows=1 width=8)
	  ->  Bitmap Heap Scan on sbtest8  (cost=22.78..3894.99 rows=1009 width=121)
	        Recheck Cond: ((id >= 5881662) AND (id <= 5882661))
	        ->  Bitmap Index Scan on sbtest8_pkey  (cost=0.00..22.52 rows=1009 width=0)
	              Index Cond: ((id >= 5881662) AND (id <= 5882661))

for: count_ranges
table 1 : explain SELECT count(c) FROM sbtest1 WHERE id BETWEEN 2164838 AND 2165837
	Aggregate  (cost=3629.31..3629.32 rows=1 width=8)
	  ->  Bitmap Heap Scan on sbtest1  (cost=22.05..3626.96 rows=938 width=121)
	        Recheck Cond: ((id >= 2164838) AND (id <= 2165837))
	        ->  Bitmap Index Scan on sbtest1_pkey  (cost=0.00..21.82 rows=938 width=0)
	              Index Cond: ((id >= 2164838) AND (id <= 2165837))

table 2 : explain SELECT count(c) FROM sbtest2 WHERE id BETWEEN 3144598 AND 3145597
	Aggregate  (cost=3898.02..3898.03 rows=1 width=8)
	  ->  Bitmap Heap Scan on sbtest2  (cost=22.78..3895.50 rows=1009 width=121)
	        Recheck Cond: ((id >= 3144598) AND (id <= 3145597))
	        ->  Bitmap Index Scan on sbtest2_pkey  (cost=0.00..22.52 rows=1009 width=0)
	              Index Cond: ((id >= 3144598) AND (id <= 3145597))

table 3 : explain SELECT count(c) FROM sbtest3 WHERE id BETWEEN 4771638 AND 4772637
	Aggregate  (cost=3896.23..3896.24 rows=1 width=8)
	  ->  Bitmap Heap Scan on sbtest3  (cost=22.78..3893.71 rows=1009 width=121)
	        Recheck Cond: ((id >= 4771638) AND (id <= 4772637))
	        ->  Bitmap Index Scan on sbtest3_pkey  (cost=0.00..22.52 rows=1009 width=0)
	              Index Cond: ((id >= 4771638) AND (id <= 4772637))

table 4 : explain SELECT count(c) FROM sbtest4 WHERE id BETWEEN 8463529 AND 8464528
	Aggregate  (cost=3768.89..3768.90 rows=1 width=8)
	  ->  Bitmap Heap Scan on sbtest4  (cost=22.43..3766.45 rows=975 width=121)
	        Recheck Cond: ((id >= 8463529) AND (id <= 8464528))
	        ->  Bitmap Index Scan on sbtest4_pkey  (cost=0.00..22.18 rows=975 width=0)
	              Index Cond: ((id >= 8463529) AND (id <= 8464528))

table 5 : explain SELECT count(c) FROM sbtest5 WHERE id BETWEEN 3029110 AND 3030109
	Aggregate  (cost=4214.34..4214.35 rows=1 width=8)
	  ->  Bitmap Heap Scan on sbtest5  (cost=27.63..4211.61 rows=1092 width=121)
	        Recheck Cond: ((id >= 3029110) AND (id <= 3030109))
	        ->  Bitmap Index Scan on sbtest5_pkey  (cost=0.00..27.36 rows=1092 width=0)
	              Index Cond: ((id >= 3029110) AND (id <= 3030109))

table 6 : explain SELECT count(c) FROM sbtest6 WHERE id BETWEEN 356426 AND 357425
	Aggregate  (cost=4190.94..4190.95 rows=1 width=8)
	  ->  Bitmap Heap Scan on sbtest6  (cost=27.57..4188.23 rows=1086 width=121)
	        Recheck Cond: ((id >= 356426) AND (id <= 357425))
	        ->  Bitmap Index Scan on sbtest6_pkey  (cost=0.00..27.29 rows=1086 width=0)
	              Index Cond: ((id >= 356426) AND (id <= 357425))

table 7 : explain SELECT count(c) FROM sbtest7 WHERE id BETWEEN 2310540 AND 2311539
	Aggregate  (cost=3998.88..3998.89 rows=1 width=8)
	  ->  Bitmap Heap Scan on sbtest7  (cost=23.05..3996.29 rows=1036 width=121)
	        Recheck Cond: ((id >= 2310540) AND (id <= 2311539))
	        ->  Bitmap Index Scan on sbtest7_pkey  (cost=0.00..22.79 rows=1036 width=0)
	              Index Cond: ((id >= 2310540) AND (id <= 2311539))

table 8 : explain SELECT count(c) FROM sbtest8 WHERE id BETWEEN 8093796 AND 8094795
	Aggregate  (cost=4089.49..4089.50 rows=1 width=8)
	  ->  Bitmap Heap Scan on sbtest8  (cost=23.30..4086.84 rows=1060 width=121)
	        Recheck Cond: ((id >= 8093796) AND (id <= 8094795))
	        ->  Bitmap Index Scan on sbtest8_pkey  (cost=0.00..23.04 rows=1060 width=0)
	              Index Cond: ((id >= 8093796) AND (id <= 8094795))

for: count_ranges
table 1 : explain SELECT count(c) FROM sbtest1 WHERE id BETWEEN 2332496 AND 2333495
	Aggregate  (cost=4198.01..4198.02 rows=1 width=8)
	  ->  Bitmap Heap Scan on sbtest1  (cost=23.60..4195.29 rows=1089 width=121)
	        Recheck Cond: ((id >= 2332496) AND (id <= 2333495))
	        ->  Bitmap Index Scan on sbtest1_pkey  (cost=0.00..23.32 rows=1089 width=0)
	              Index Cond: ((id >= 2332496) AND (id <= 2333495))

table 2 : explain SELECT count(c) FROM sbtest2 WHERE id BETWEEN 8328519 AND 8329518
	Aggregate  (cost=4067.46..4067.47 rows=1 width=8)
	  ->  Bitmap Heap Scan on sbtest2  (cost=23.24..4064.82 rows=1054 width=121)
	        Recheck Cond: ((id >= 8328519) AND (id <= 8329518))
	        ->  Bitmap Index Scan on sbtest2_pkey  (cost=0.00..22.97 rows=1054 width=0)
	              Index Cond: ((id >= 8328519) AND (id <= 8329518))

table 3 : explain SELECT count(c) FROM sbtest3 WHERE id BETWEEN 4526307 AND 4527306
	Aggregate  (cost=4005.38..4005.39 rows=1 width=8)
	  ->  Bitmap Heap Scan on sbtest3  (cost=23.07..4002.78 rows=1038 width=121)
	        Recheck Cond: ((id >= 4526307) AND (id <= 4527306))
	        ->  Bitmap Index Scan on sbtest3_pkey  (cost=0.00..22.82 rows=1038 width=0)
	              Index Cond: ((id >= 4526307) AND (id <= 4527306))

table 4 : explain SELECT count(c) FROM sbtest4 WHERE id BETWEEN 1645121 AND 1646120
	Aggregate  (cost=3859.36..3859.37 rows=1 width=8)
	  ->  Bitmap Heap Scan on sbtest4  (cost=22.67..3856.86 rows=999 width=121)
	        Recheck Cond: ((id >= 1645121) AND (id <= 1646120))
	        ->  Bitmap Index Scan on sbtest4_pkey  (cost=0.00..22.43 rows=999 width=0)
	              Index Cond: ((id >= 1645121) AND (id <= 1646120))

table 5 : explain SELECT count(c) FROM sbtest5 WHERE id BETWEEN 7525505 AND 7526504
	Aggregate  (cost=4075.22..4075.23 rows=1 width=8)
	  ->  Bitmap Heap Scan on sbtest5  (cost=27.25..4072.58 rows=1055 width=121)
	        Recheck Cond: ((id >= 7525505) AND (id <= 7526504))
	        ->  Bitmap Index Scan on sbtest5_pkey  (cost=0.00..26.98 rows=1055 width=0)
	              Index Cond: ((id >= 7525505) AND (id <= 7526504))

table 6 : explain SELECT count(c) FROM sbtest6 WHERE id BETWEEN 2239870 AND 2240869
	Aggregate  (cost=3889.72..3889.73 rows=1 width=8)
	  ->  Bitmap Heap Scan on sbtest6  (cost=22.76..3887.21 rows=1007 width=121)
	        Recheck Cond: ((id >= 2239870) AND (id <= 2240869))
	        ->  Bitmap Index Scan on sbtest6_pkey  (cost=0.00..22.50 rows=1007 width=0)
	              Index Cond: ((id >= 2239870) AND (id <= 2240869))

table 7 : explain SELECT count(c) FROM sbtest7 WHERE id BETWEEN 7663800 AND 7664799
	Aggregate  (cost=3670.96..3670.97 rows=1 width=8)
	  ->  Bitmap Heap Scan on sbtest7  (cost=22.16..3668.59 rows=949 width=121)
	        Recheck Cond: ((id >= 7663800) AND (id <= 7664799))
	        ->  Bitmap Index Scan on sbtest7_pkey  (cost=0.00..21.93 rows=949 width=0)
	              Index Cond: ((id >= 7663800) AND (id <= 7664799))

table 8 : explain SELECT count(c) FROM sbtest8 WHERE id BETWEEN 7019884 AND 7020883
	Aggregate  (cost=4029.30..4029.31 rows=1 width=8)
	  ->  Bitmap Heap Scan on sbtest8  (cost=23.14..4026.69 rows=1044 width=121)
	        Recheck Cond: ((id >= 7019884) AND (id <= 7020883))
	        ->  Bitmap Index Scan on sbtest8_pkey  (cost=0.00..22.87 rows=1044 width=0)
	              Index Cond: ((id >= 7019884) AND (id <= 7020883))

for: count_ranges
table 1 : explain SELECT count(c) FROM sbtest1 WHERE id BETWEEN 7333346 AND 7334345
	Aggregate  (cost=4017.55..4017.56 rows=1 width=8)
	  ->  Bitmap Heap Scan on sbtest1  (cost=23.11..4014.95 rows=1041 width=121)
	        Recheck Cond: ((id >= 7333346) AND (id <= 7334345))
	        ->  Bitmap Index Scan on sbtest1_pkey  (cost=0.00..22.84 rows=1041 width=0)
	              Index Cond: ((id >= 7333346) AND (id <= 7334345))

table 2 : explain SELECT count(c) FROM sbtest2 WHERE id BETWEEN 1337154 AND 1338153
	Aggregate  (cost=3448.67..3448.68 rows=1 width=8)
	  ->  Bitmap Heap Scan on sbtest2  (cost=21.56..3446.45 rows=890 width=121)
	        Recheck Cond: ((id >= 1337154) AND (id <= 1338153))
	        ->  Bitmap Index Scan on sbtest2_pkey  (cost=0.00..21.33 rows=890 width=0)
	              Index Cond: ((id >= 1337154) AND (id <= 1338153))

table 3 : explain SELECT count(c) FROM sbtest3 WHERE id BETWEEN 5667931 AND 5668930
	Aggregate  (cost=4005.38..4005.39 rows=1 width=8)
	  ->  Bitmap Heap Scan on sbtest3  (cost=23.07..4002.78 rows=1038 width=121)
	        Recheck Cond: ((id >= 5667931) AND (id <= 5668930))
	        ->  Bitmap Index Scan on sbtest3_pkey  (cost=0.00..22.82 rows=1038 width=0)
	              Index Cond: ((id >= 5667931) AND (id <= 5668930))

table 4 : explain SELECT count(c) FROM sbtest4 WHERE id BETWEEN 9915403 AND 9916402
	Aggregate  (cost=3625.49..3625.50 rows=1 width=8)
	  ->  Bitmap Heap Scan on sbtest4  (cost=22.04..3623.14 rows=937 width=121)
	        Recheck Cond: ((id >= 9915403) AND (id <= 9916402))
	        ->  Bitmap Index Scan on sbtest4_pkey  (cost=0.00..21.80 rows=937 width=0)
	              Index Cond: ((id >= 9915403) AND (id <= 9916402))

table 5 : explain SELECT count(c) FROM sbtest5 WHERE id BETWEEN 567037 AND 568036
	Aggregate  (cost=4135.40..4135.41 rows=1 width=8)
	  ->  Bitmap Heap Scan on sbtest5  (cost=27.41..4132.72 rows=1071 width=121)
	        Recheck Cond: ((id >= 567037) AND (id <= 568036))
	        ->  Bitmap Index Scan on sbtest5_pkey  (cost=0.00..27.14 rows=1071 width=0)
	              Index Cond: ((id >= 567037) AND (id <= 568036))

table 6 : explain SELECT count(c) FROM sbtest6 WHERE id BETWEEN 5092503 AND 5093502
	Aggregate  (cost=4013.98..4013.99 rows=1 width=8)
	  ->  Bitmap Heap Scan on sbtest6  (cost=23.09..4011.38 rows=1040 width=121)
	        Recheck Cond: ((id >= 5092503) AND (id <= 5093502))
	        ->  Bitmap Index Scan on sbtest6_pkey  (cost=0.00..22.83 rows=1040 width=0)
	              Index Cond: ((id >= 5092503) AND (id <= 5093502))

table 7 : explain SELECT count(c) FROM sbtest7 WHERE id BETWEEN 1109617 AND 1110616
	Aggregate  (cost=3987.59..3987.60 rows=1 width=8)
	  ->  Bitmap Heap Scan on sbtest7  (cost=23.02..3985.01 rows=1033 width=121)
	        Recheck Cond: ((id >= 1109617) AND (id <= 1110616))
	        ->  Bitmap Index Scan on sbtest7_pkey  (cost=0.00..22.76 rows=1033 width=0)
	              Index Cond: ((id >= 1109617) AND (id <= 1110616))

table 8 : explain SELECT count(c) FROM sbtest8 WHERE id BETWEEN 7260964 AND 7261963
	Aggregate  (cost=4461.50..4461.51 rows=1 width=8)
	  ->  Bitmap Heap Scan on sbtest8  (cost=28.31..4458.60 rows=1159 width=121)
	        Recheck Cond: ((id >= 7260964) AND (id <= 7261963))
	        ->  Bitmap Index Scan on sbtest8_pkey  (cost=0.00..28.02 rows=1159 width=0)
	              Index Cond: ((id >= 7260964) AND (id <= 7261963))

Threads started!

Warming up for 5 seconds...

SQL statistics:
    queries performed:
        read:                            18378703
        write:                           0
        other:                           0
        total:                           18378703
    transactions:                        18378703 (29172.26 per sec.)
    queries:                             18378703 (29172.26 per sec.)
    ignored errors:                      0      (0.00 per sec.)
    reconnects:                          0      (0.00 per sec.)

Throughput:
    events/s (eps):                      29172.2595
    time elapsed:                        630.0063s
    total number of events:              18378703

Latency (ms):
         min:                                    0.10
         avg:                                    1.37
         max:                                   21.60
         95th percentile:                        1.47
         sum:                             25191713.46

Threads fairness:
    events (avg/stddev):           459466.9500/321.58
    execution time (avg/stddev):   629.7928/0.01

