LUA_PATH=/home/mdcallag/git/mytools/bench/sysbench.lua/lua/?.lua /home/mdcallag/git/mytools/bench/sysbench.lua/lua/sysbench --db-driver=pgsql --range-size=100 --table-size=10000000 --tables=8 --threads=40 --events=0 --warmup-time=5 --time=630 --pgsql_conn_id=true /home/mdcallag/git/mytools/bench/sysbench.lua/lua/oltp_range_covered.lua run --pgsql-user=root --pgsql-password=pw --pgsql-host=127.0.0.1 --pgsql-db=ib --rand-type=uniform --random-points=100 --skip-trx --on-id=false
48 CPUs
sysbench 1.1.0-9072687 (using bundled LuaJIT 2.1.0-beta3)

Running the test with following options:
Number of threads: 40
Warmup time: 5s
Initializing random number generator from current time


Initializing worker threads...

explain: for range-covered :: explain SELECT k FROM sbtest%d WHERE k BETWEEN 2118482 AND 2118582
explain: for range-covered :: explain SELECT k FROM sbtest%d WHERE k BETWEEN 3888049 AND 3888149
explain: for range-covered :: explain SELECT k FROM sbtest%d WHERE k BETWEEN 4553424 AND 4553524
explain: for range-covered :: explain SELECT k FROM sbtest%d WHERE k BETWEEN 6086334 AND 6086434
for range-covered
table 1 : explain SELECT k FROM sbtest1 WHERE k BETWEEN 2118482 AND 2118582
	Index Only Scan using k_1 on sbtest1  (cost=0.43..6.25 rows=91 width=4)
	  Index Cond: ((k >= 2118482) AND (k <= 2118582))

table 2 : explain SELECT k FROM sbtest2 WHERE k BETWEEN 2118482 AND 2118582
	Index Only Scan using k_2 on sbtest2  (cost=0.43..6.42 rows=99 width=4)
	  Index Cond: ((k >= 2118482) AND (k <= 2118582))

table 3 : explain SELECT k FROM sbtest3 WHERE k BETWEEN 2118482 AND 2118582
	Index Only Scan using k_3 on sbtest3  (cost=0.43..6.53 rows=105 width=4)
	  Index Cond: ((k >= 2118482) AND (k <= 2118582))

table 4 : explain SELECT k FROM sbtest4 WHERE k BETWEEN 2118482 AND 2118582
	Index Only Scan using k_4 on sbtest4  (cost=0.43..6.37 rows=97 width=4)
	  Index Cond: ((k >= 2118482) AND (k <= 2118582))

table 5 : explain SELECT k FROM sbtest5 WHERE k BETWEEN 2118482 AND 2118582
	Index Only Scan using k_5 on sbtest5  (cost=0.43..6.40 rows=98 width=4)
	  Index Cond: ((k >= 2118482) AND (k <= 2118582))

table 6 : explain SELECT k FROM sbtest6 WHERE k BETWEEN 2118482 AND 2118582
	Index Only Scan using k_6 on sbtest6  (cost=0.43..6.33 rows=95 width=4)
	  Index Cond: ((k >= 2118482) AND (k <= 2118582))

table 7 : explain SELECT k FROM sbtest7 WHERE k BETWEEN 2118482 AND 2118582
	Index Only Scan using k_7 on sbtest7  (cost=0.43..6.53 rows=105 width=4)
	  Index Cond: ((k >= 2118482) AND (k <= 2118582))

table 8 : explain SELECT k FROM sbtest8 WHERE k BETWEEN 2118482 AND 2118582
	Index Only Scan using k_8 on sbtest8  (cost=0.43..6.42 rows=99 width=4)
	  Index Cond: ((k >= 2118482) AND (k <= 2118582))

explain: for range-covered :: explain SELECT k FROM sbtest%d WHERE k BETWEEN 8762531 AND 8762631
explain: for range-covered :: explain SELECT k FROM sbtest%d WHERE k BETWEEN 2118482 AND 2118582
explain: for range-covered :: explain SELECT k FROM sbtest%d WHERE k BETWEEN 4325013 AND 4325113
for range-covered
table 1 : explain SELECT k FROM sbtest1 WHERE k BETWEEN 3888049 AND 3888149
	Index Only Scan using k_1 on sbtest1  (cost=0.43..6.42 rows=99 width=4)
	  Index Cond: ((k >= 3888049) AND (k <= 3888149))

table 2 : explain SELECT k FROM sbtest2 WHERE k BETWEEN 3888049 AND 3888149
	Index Only Scan using k_2 on sbtest2  (cost=0.43..6.47 rows=102 width=4)
	  Index Cond: ((k >= 3888049) AND (k <= 3888149))

table 3 : explain SELECT k FROM sbtest3 WHERE k BETWEEN 3888049 AND 3888149
	Index Only Scan using k_3 on sbtest3  (cost=0.43..6.45 rows=101 width=4)
	  Index Cond: ((k >= 3888049) AND (k <= 3888149))

table 4 : explain SELECT k FROM sbtest4 WHERE k BETWEEN 3888049 AND 3888149
	Index Only Scan using k_4 on sbtest4  (cost=0.43..6.69 rows=113 width=4)
	  Index Cond: ((k >= 3888049) AND (k <= 3888149))

table 5 : explain SELECT k FROM sbtest5 WHERE k BETWEEN 3888049 AND 3888149
	Index Only Scan using k_5 on sbtest5  (cost=0.43..6.61 rows=109 width=4)
	  Index Cond: ((k >= 3888049) AND (k <= 3888149))

table 6 : explain SELECT k FROM sbtest6 WHERE k BETWEEN 3888049 AND 3888149
	Index Only Scan using k_6 on sbtest6  (cost=0.43..6.53 rows=105 width=4)
	  Index Cond: ((k >= 3888049) AND (k <= 3888149))

table 7 : explain SELECT k FROM sbtest7 WHERE k BETWEEN 3888049 AND 3888149
	Index Only Scan using k_7 on sbtest7  (cost=0.43..6.25 rows=91 width=4)
	  Index Cond: ((k >= 3888049) AND (k <= 3888149))

table 8 : explain SELECT k FROM sbtest8 WHERE k BETWEEN 3888049 AND 3888149
	Index Only Scan using k_8 on sbtest8  (cost=0.43..6.50 rows=103 width=4)
	  Index Cond: ((k >= 3888049) AND (k <= 3888149))

explain: for range-covered :: explain SELECT k FROM sbtest%d WHERE k BETWEEN 3888049 AND 3888149
for range-covered
table 1 : explain SELECT k FROM sbtest1 WHERE k BETWEEN 4553424 AND 4553524
	Index Only Scan using k_1 on sbtest1  (cost=0.43..6.61 rows=109 width=4)
	  Index Cond: ((k >= 4553424) AND (k <= 4553524))

table 2 : explain SELECT k FROM sbtest2 WHERE k BETWEEN 4553424 AND 4553524
	Index Only Scan using k_2 on sbtest2  (cost=0.43..6.45 rows=101 width=4)
	  Index Cond: ((k >= 4553424) AND (k <= 4553524))

table 3 : explain SELECT k FROM sbtest3 WHERE k BETWEEN 4553424 AND 4553524
	Index Only Scan using k_3 on sbtest3  (cost=0.43..6.32 rows=94 width=4)
	  Index Cond: ((k >= 4553424) AND (k <= 4553524))

table 4 : explain SELECT k FROM sbtest4 WHERE k BETWEEN 4553424 AND 4553524
	Index Only Scan using k_4 on sbtest4  (cost=0.43..6.33 rows=95 width=4)
	  Index Cond: ((k >= 4553424) AND (k <= 4553524))

table 5 : explain SELECT k FROM sbtest5 WHERE k BETWEEN 4553424 AND 4553524
	Index Only Scan using k_5 on sbtest5  (cost=0.43..6.77 rows=117 width=4)
	  Index Cond: ((k >= 4553424) AND (k <= 4553524))

table 6 : explain SELECT k FROM sbtest6 WHERE k BETWEEN 4553424 AND 4553524
	Index Only Scan using k_6 on sbtest6  (cost=0.43..6.53 rows=105 width=4)
	  Index Cond: ((k >= 4553424) AND (k <= 4553524))

table 7 : explain SELECT k FROM sbtest7 WHERE k BETWEEN 4553424 AND 4553524
	Index Only Scan using k_7 on sbtest7  (cost=0.43..6.47 rows=102 width=4)
	  Index Cond: ((k >= 4553424) AND (k <= 4553524))

table 8 : explain SELECT k FROM sbtest8 WHERE k BETWEEN 4553424 AND 4553524
	Index Only Scan using k_8 on sbtest8  (cost=0.43..6.43 rows=100 width=4)
	  Index Cond: ((k >= 4553424) AND (k <= 4553524))

explain: for range-covered :: explain SELECT k FROM sbtest%d WHERE k BETWEEN 4553424 AND 4553524
for range-covered
table 1 : explain SELECT k FROM sbtest1 WHERE k BETWEEN 4553424 AND 4553524
	Index Only Scan using k_1 on sbtest1  (cost=0.43..6.61 rows=109 width=4)
	  Index Cond: ((k >= 4553424) AND (k <= 4553524))

table 2 : explain SELECT k FROM sbtest2 WHERE k BETWEEN 4553424 AND 4553524
	Index Only Scan using k_2 on sbtest2  (cost=0.43..6.45 rows=101 width=4)
	  Index Cond: ((k >= 4553424) AND (k <= 4553524))

table 3 : explain SELECT k FROM sbtest3 WHERE k BETWEEN 4553424 AND 4553524
	Index Only Scan using k_3 on sbtest3  (cost=0.43..6.32 rows=94 width=4)
	  Index Cond: ((k >= 4553424) AND (k <= 4553524))

table 4 : explain SELECT k FROM sbtest4 WHERE k BETWEEN 4553424 AND 4553524
	Index Only Scan using k_4 on sbtest4  (cost=0.43..6.33 rows=95 width=4)
	  Index Cond: ((k >= 4553424) AND (k <= 4553524))

table 5 : explain SELECT k FROM sbtest5 WHERE k BETWEEN 4553424 AND 4553524
	Index Only Scan using k_5 on sbtest5  (cost=0.43..6.77 rows=117 width=4)
	  Index Cond: ((k >= 4553424) AND (k <= 4553524))

table 6 : explain SELECT k FROM sbtest6 WHERE k BETWEEN 4553424 AND 4553524
	Index Only Scan using k_6 on sbtest6  (cost=0.43..6.53 rows=105 width=4)
	  Index Cond: ((k >= 4553424) AND (k <= 4553524))

table 7 : explain SELECT k FROM sbtest7 WHERE k BETWEEN 4553424 AND 4553524
	Index Only Scan using k_7 on sbtest7  (cost=0.43..6.47 rows=102 width=4)
	  Index Cond: ((k >= 4553424) AND (k <= 4553524))

table 8 : explain SELECT k FROM sbtest8 WHERE k BETWEEN 4553424 AND 4553524
	Index Only Scan using k_8 on sbtest8  (cost=0.43..6.43 rows=100 width=4)
	  Index Cond: ((k >= 4553424) AND (k <= 4553524))

explain: for range-covered :: explain SELECT k FROM sbtest%d WHERE k BETWEEN 4553424 AND 4553524
explain: for range-covered :: explain SELECT k FROM sbtest%d WHERE k BETWEEN 2345883 AND 2345983
explain: for range-covered :: explain SELECT k FROM sbtest%d WHERE k BETWEEN 6767934 AND 6768034
for range-covered
table 1 : explain SELECT k FROM sbtest1 WHERE k BETWEEN 4553424 AND 4553524
	Index Only Scan using k_1 on sbtest1  (cost=0.43..6.61 rows=109 width=4)
	  Index Cond: ((k >= 4553424) AND (k <= 4553524))

table 2 : explain SELECT k FROM sbtest2 WHERE k BETWEEN 4553424 AND 4553524
	Index Only Scan using k_2 on sbtest2  (cost=0.43..6.45 rows=101 width=4)
	  Index Cond: ((k >= 4553424) AND (k <= 4553524))

table 3 : explain SELECT k FROM sbtest3 WHERE k BETWEEN 4553424 AND 4553524
	Index Only Scan using k_3 on sbtest3  (cost=0.43..6.32 rows=94 width=4)
	  Index Cond: ((k >= 4553424) AND (k <= 4553524))

table 4 : explain SELECT k FROM sbtest4 WHERE k BETWEEN 4553424 AND 4553524
	Index Only Scan using k_4 on sbtest4  (cost=0.43..6.33 rows=95 width=4)
	  Index Cond: ((k >= 4553424) AND (k <= 4553524))

table 5 : explain SELECT k FROM sbtest5 WHERE k BETWEEN 4553424 AND 4553524
	Index Only Scan using k_5 on sbtest5  (cost=0.43..6.77 rows=117 width=4)
	  Index Cond: ((k >= 4553424) AND (k <= 4553524))

table 6 : explain SELECT k FROM sbtest6 WHERE k BETWEEN 4553424 AND 4553524
	Index Only Scan using k_6 on sbtest6  (cost=0.43..6.53 rows=105 width=4)
	  Index Cond: ((k >= 4553424) AND (k <= 4553524))

table 7 : explain SELECT k FROM sbtest7 WHERE k BETWEEN 4553424 AND 4553524
	Index Only Scan using k_7 on sbtest7  (cost=0.43..6.47 rows=102 width=4)
	  Index Cond: ((k >= 4553424) AND (k <= 4553524))

table 8 : explain SELECT k FROM sbtest8 WHERE k BETWEEN 4553424 AND 4553524
	Index Only Scan using k_8 on sbtest8  (cost=0.43..6.43 rows=100 width=4)
	  Index Cond: ((k >= 4553424) AND (k <= 4553524))

explain: for range-covered :: explain SELECT k FROM sbtest%d WHERE k BETWEEN 4553424 AND 4553524
for range-covered
table 1 : explain SELECT k FROM sbtest1 WHERE k BETWEEN 2118482 AND 2118582
	Index Only Scan using k_1 on sbtest1  (cost=0.43..6.25 rows=91 width=4)
	  Index Cond: ((k >= 2118482) AND (k <= 2118582))

table 2 : explain SELECT k FROM sbtest2 WHERE k BETWEEN 2118482 AND 2118582
	Index Only Scan using k_2 on sbtest2  (cost=0.43..6.42 rows=99 width=4)
	  Index Cond: ((k >= 2118482) AND (k <= 2118582))

table 3 : explain SELECT k FROM sbtest3 WHERE k BETWEEN 2118482 AND 2118582
	Index Only Scan using k_3 on sbtest3  (cost=0.43..6.53 rows=105 width=4)
	  Index Cond: ((k >= 2118482) AND (k <= 2118582))

table 4 : explain SELECT k FROM sbtest4 WHERE k BETWEEN 2118482 AND 2118582
	Index Only Scan using k_4 on sbtest4  (cost=0.43..6.37 rows=97 width=4)
	  Index Cond: ((k >= 2118482) AND (k <= 2118582))

table 5 : explain SELECT k FROM sbtest5 WHERE k BETWEEN 2118482 AND 2118582
	Index Only Scan using k_5 on sbtest5  (cost=0.43..6.40 rows=98 width=4)
	  Index Cond: ((k >= 2118482) AND (k <= 2118582))

table 6 : explain SELECT k FROM sbtest6 WHERE k BETWEEN 2118482 AND 2118582
	Index Only Scan using k_6 on sbtest6  (cost=0.43..6.33 rows=95 width=4)
	  Index Cond: ((k >= 2118482) AND (k <= 2118582))

table 7 : explain SELECT k FROM sbtest7 WHERE k BETWEEN 2118482 AND 2118582
	Index Only Scan using k_7 on sbtest7  (cost=0.43..6.53 rows=105 width=4)
	  Index Cond: ((k >= 2118482) AND (k <= 2118582))

table 8 : explain SELECT k FROM sbtest8 WHERE k BETWEEN 2118482 AND 2118582
	Index Only Scan using k_8 on sbtest8  (cost=0.43..6.42 rows=99 width=4)
	  Index Cond: ((k >= 2118482) AND (k <= 2118582))

explain: for range-covered :: explain SELECT k FROM sbtest%d WHERE k BETWEEN 2118482 AND 2118582
for range-covered
table 1 : explain SELECT k FROM sbtest1 WHERE k BETWEEN 4553424 AND 4553524
	Index Only Scan using k_1 on sbtest1  (cost=0.43..6.61 rows=109 width=4)
	  Index Cond: ((k >= 4553424) AND (k <= 4553524))

table 2 : explain SELECT k FROM sbtest2 WHERE k BETWEEN 4553424 AND 4553524
	Index Only Scan using k_2 on sbtest2  (cost=0.43..6.45 rows=101 width=4)
	  Index Cond: ((k >= 4553424) AND (k <= 4553524))

table 3 : explain SELECT k FROM sbtest3 WHERE k BETWEEN 4553424 AND 4553524
	Index Only Scan using k_3 on sbtest3  (cost=0.43..6.32 rows=94 width=4)
	  Index Cond: ((k >= 4553424) AND (k <= 4553524))

table 4 : explain SELECT k FROM sbtest4 WHERE k BETWEEN 4553424 AND 4553524
	Index Only Scan using k_4 on sbtest4  (cost=0.43..6.33 rows=95 width=4)
	  Index Cond: ((k >= 4553424) AND (k <= 4553524))

table 5 : explain SELECT k FROM sbtest5 WHERE k BETWEEN 4553424 AND 4553524
	Index Only Scan using k_5 on sbtest5  (cost=0.43..6.77 rows=117 width=4)
	  Index Cond: ((k >= 4553424) AND (k <= 4553524))

table 6 : explain SELECT k FROM sbtest6 WHERE k BETWEEN 4553424 AND 4553524
	Index Only Scan using k_6 on sbtest6  (cost=0.43..6.53 rows=105 width=4)
	  Index Cond: ((k >= 4553424) AND (k <= 4553524))

table 7 : explain SELECT k FROM sbtest7 WHERE k BETWEEN 4553424 AND 4553524
	Index Only Scan using k_7 on sbtest7  (cost=0.43..6.47 rows=102 width=4)
	  Index Cond: ((k >= 4553424) AND (k <= 4553524))

table 8 : explain SELECT k FROM sbtest8 WHERE k BETWEEN 4553424 AND 4553524
	Index Only Scan using k_8 on sbtest8  (cost=0.43..6.43 rows=100 width=4)
	  Index Cond: ((k >= 4553424) AND (k <= 4553524))

explain: for range-covered :: explain SELECT k FROM sbtest%d WHERE k BETWEEN 4553424 AND 4553524
for range-covered
table 1 : explain SELECT k FROM sbtest1 WHERE k BETWEEN 3888049 AND 3888149
	Index Only Scan using k_1 on sbtest1  (cost=0.43..6.42 rows=99 width=4)
	  Index Cond: ((k >= 3888049) AND (k <= 3888149))

table 2 : explain SELECT k FROM sbtest2 WHERE k BETWEEN 3888049 AND 3888149
	Index Only Scan using k_2 on sbtest2  (cost=0.43..6.47 rows=102 width=4)
	  Index Cond: ((k >= 3888049) AND (k <= 3888149))

table 3 : explain SELECT k FROM sbtest3 WHERE k BETWEEN 3888049 AND 3888149
	Index Only Scan using k_3 on sbtest3  (cost=0.43..6.45 rows=101 width=4)
	  Index Cond: ((k >= 3888049) AND (k <= 3888149))

table 4 : explain SELECT k FROM sbtest4 WHERE k BETWEEN 3888049 AND 3888149
	Index Only Scan using k_4 on sbtest4  (cost=0.43..6.69 rows=113 width=4)
	  Index Cond: ((k >= 3888049) AND (k <= 3888149))

table 5 : explain SELECT k FROM sbtest5 WHERE k BETWEEN 3888049 AND 3888149
	Index Only Scan using k_5 on sbtest5  (cost=0.43..6.61 rows=109 width=4)
	  Index Cond: ((k >= 3888049) AND (k <= 3888149))

table 6 : explain SELECT k FROM sbtest6 WHERE k BETWEEN 3888049 AND 3888149
	Index Only Scan using k_6 on sbtest6  (cost=0.43..6.53 rows=105 width=4)
	  Index Cond: ((k >= 3888049) AND (k <= 3888149))

table 7 : explain SELECT k FROM sbtest7 WHERE k BETWEEN 3888049 AND 3888149
	Index Only Scan using k_7 on sbtest7  (cost=0.43..6.25 rows=91 width=4)
	  Index Cond: ((k >= 3888049) AND (k <= 3888149))

table 8 : explain SELECT k FROM sbtest8 WHERE k BETWEEN 3888049 AND 3888149
	Index Only Scan using k_8 on sbtest8  (cost=0.43..6.50 rows=103 width=4)
	  Index Cond: ((k >= 3888049) AND (k <= 3888149))

explain: for range-covered :: explain SELECT k FROM sbtest%d WHERE k BETWEEN 3888049 AND 3888149
for range-covered
table 1 : explain SELECT k FROM sbtest1 WHERE k BETWEEN 4553424 AND 4553524
	Index Only Scan using k_1 on sbtest1  (cost=0.43..6.61 rows=109 width=4)
	  Index Cond: ((k >= 4553424) AND (k <= 4553524))

table 2 : explain SELECT k FROM sbtest2 WHERE k BETWEEN 4553424 AND 4553524
	Index Only Scan using k_2 on sbtest2  (cost=0.43..6.45 rows=101 width=4)
	  Index Cond: ((k >= 4553424) AND (k <= 4553524))

table 3 : explain SELECT k FROM sbtest3 WHERE k BETWEEN 4553424 AND 4553524
	Index Only Scan using k_3 on sbtest3  (cost=0.43..6.32 rows=94 width=4)
	  Index Cond: ((k >= 4553424) AND (k <= 4553524))

table 4 : explain SELECT k FROM sbtest4 WHERE k BETWEEN 4553424 AND 4553524
	Index Only Scan using k_4 on sbtest4  (cost=0.43..6.33 rows=95 width=4)
	  Index Cond: ((k >= 4553424) AND (k <= 4553524))

table 5 : explain SELECT k FROM sbtest5 WHERE k BETWEEN 4553424 AND 4553524
	Index Only Scan using k_5 on sbtest5  (cost=0.43..6.77 rows=117 width=4)
	  Index Cond: ((k >= 4553424) AND (k <= 4553524))

table 6 : explain SELECT k FROM sbtest6 WHERE k BETWEEN 4553424 AND 4553524
	Index Only Scan using k_6 on sbtest6  (cost=0.43..6.53 rows=105 width=4)
	  Index Cond: ((k >= 4553424) AND (k <= 4553524))

table 7 : explain SELECT k FROM sbtest7 WHERE k BETWEEN 4553424 AND 4553524
	Index Only Scan using k_7 on sbtest7  (cost=0.43..6.47 rows=102 width=4)
	  Index Cond: ((k >= 4553424) AND (k <= 4553524))

table 8 : explain SELECT k FROM sbtest8 WHERE k BETWEEN 4553424 AND 4553524
	Index Only Scan using k_8 on sbtest8  (cost=0.43..6.43 rows=100 width=4)
	  Index Cond: ((k >= 4553424) AND (k <= 4553524))

explain: for range-covered :: explain SELECT k FROM sbtest%d WHERE k BETWEEN 4553424 AND 4553524
for range-covered
table 1 : explain SELECT k FROM sbtest1 WHERE k BETWEEN 2118482 AND 2118582
	Index Only Scan using k_1 on sbtest1  (cost=0.43..6.25 rows=91 width=4)
	  Index Cond: ((k >= 2118482) AND (k <= 2118582))

table 2 : explain SELECT k FROM sbtest2 WHERE k BETWEEN 2118482 AND 2118582
	Index Only Scan using k_2 on sbtest2  (cost=0.43..6.42 rows=99 width=4)
	  Index Cond: ((k >= 2118482) AND (k <= 2118582))

table 3 : explain SELECT k FROM sbtest3 WHERE k BETWEEN 2118482 AND 2118582
	Index Only Scan using k_3 on sbtest3  (cost=0.43..6.53 rows=105 width=4)
	  Index Cond: ((k >= 2118482) AND (k <= 2118582))

table 4 : explain SELECT k FROM sbtest4 WHERE k BETWEEN 2118482 AND 2118582
	Index Only Scan using k_4 on sbtest4  (cost=0.43..6.37 rows=97 width=4)
	  Index Cond: ((k >= 2118482) AND (k <= 2118582))

table 5 : explain SELECT k FROM sbtest5 WHERE k BETWEEN 2118482 AND 2118582
	Index Only Scan using k_5 on sbtest5  (cost=0.43..6.40 rows=98 width=4)
	  Index Cond: ((k >= 2118482) AND (k <= 2118582))

table 6 : explain SELECT k FROM sbtest6 WHERE k BETWEEN 2118482 AND 2118582
	Index Only Scan using k_6 on sbtest6  (cost=0.43..6.33 rows=95 width=4)
	  Index Cond: ((k >= 2118482) AND (k <= 2118582))

table 7 : explain SELECT k FROM sbtest7 WHERE k BETWEEN 2118482 AND 2118582
	Index Only Scan using k_7 on sbtest7  (cost=0.43..6.53 rows=105 width=4)
	  Index Cond: ((k >= 2118482) AND (k <= 2118582))

table 8 : explain SELECT k FROM sbtest8 WHERE k BETWEEN 2118482 AND 2118582
	Index Only Scan using k_8 on sbtest8  (cost=0.43..6.42 rows=99 width=4)
	  Index Cond: ((k >= 2118482) AND (k <= 2118582))

explain: for range-covered :: explain SELECT k FROM sbtest%d WHERE k BETWEEN 2118482 AND 2118582
explain: for range-covered :: explain SELECT k FROM sbtest%d WHERE k BETWEEN 5083411 AND 5083511
for range-covered
table 1 : explain SELECT k FROM sbtest1 WHERE k BETWEEN 4553424 AND 4553524
	Index Only Scan using k_1 on sbtest1  (cost=0.43..6.61 rows=109 width=4)
	  Index Cond: ((k >= 4553424) AND (k <= 4553524))

table 2 : explain SELECT k FROM sbtest2 WHERE k BETWEEN 4553424 AND 4553524
	Index Only Scan using k_2 on sbtest2  (cost=0.43..6.45 rows=101 width=4)
	  Index Cond: ((k >= 4553424) AND (k <= 4553524))

table 3 : explain SELECT k FROM sbtest3 WHERE k BETWEEN 4553424 AND 4553524
	Index Only Scan using k_3 on sbtest3  (cost=0.43..6.32 rows=94 width=4)
	  Index Cond: ((k >= 4553424) AND (k <= 4553524))

table 4 : explain SELECT k FROM sbtest4 WHERE k BETWEEN 4553424 AND 4553524
	Index Only Scan using k_4 on sbtest4  (cost=0.43..6.33 rows=95 width=4)
	  Index Cond: ((k >= 4553424) AND (k <= 4553524))

table 5 : explain SELECT k FROM sbtest5 WHERE k BETWEEN 4553424 AND 4553524
	Index Only Scan using k_5 on sbtest5  (cost=0.43..6.77 rows=117 width=4)
	  Index Cond: ((k >= 4553424) AND (k <= 4553524))

table 6 : explain SELECT k FROM sbtest6 WHERE k BETWEEN 4553424 AND 4553524
	Index Only Scan using k_6 on sbtest6  (cost=0.43..6.53 rows=105 width=4)
	  Index Cond: ((k >= 4553424) AND (k <= 4553524))

table 7 : explain SELECT k FROM sbtest7 WHERE k BETWEEN 4553424 AND 4553524
	Index Only Scan using k_7 on sbtest7  (cost=0.43..6.47 rows=102 width=4)
	  Index Cond: ((k >= 4553424) AND (k <= 4553524))

table 8 : explain SELECT k FROM sbtest8 WHERE k BETWEEN 4553424 AND 4553524
	Index Only Scan using k_8 on sbtest8  (cost=0.43..6.43 rows=100 width=4)
	  Index Cond: ((k >= 4553424) AND (k <= 4553524))

explain: for range-covered :: explain SELECT k FROM sbtest%d WHERE k BETWEEN 4553424 AND 4553524
for range-covered
table 1 : explain SELECT k FROM sbtest1 WHERE k BETWEEN 3888049 AND 3888149
	Index Only Scan using k_1 on sbtest1  (cost=0.43..6.42 rows=99 width=4)
	  Index Cond: ((k >= 3888049) AND (k <= 3888149))

table 2 : explain SELECT k FROM sbtest2 WHERE k BETWEEN 3888049 AND 3888149
	Index Only Scan using k_2 on sbtest2  (cost=0.43..6.47 rows=102 width=4)
	  Index Cond: ((k >= 3888049) AND (k <= 3888149))

table 3 : explain SELECT k FROM sbtest3 WHERE k BETWEEN 3888049 AND 3888149
	Index Only Scan using k_3 on sbtest3  (cost=0.43..6.45 rows=101 width=4)
	  Index Cond: ((k >= 3888049) AND (k <= 3888149))

table 4 : explain SELECT k FROM sbtest4 WHERE k BETWEEN 3888049 AND 3888149
	Index Only Scan using k_4 on sbtest4  (cost=0.43..6.69 rows=113 width=4)
	  Index Cond: ((k >= 3888049) AND (k <= 3888149))

table 5 : explain SELECT k FROM sbtest5 WHERE k BETWEEN 3888049 AND 3888149
	Index Only Scan using k_5 on sbtest5  (cost=0.43..6.61 rows=109 width=4)
	  Index Cond: ((k >= 3888049) AND (k <= 3888149))

table 6 : explain SELECT k FROM sbtest6 WHERE k BETWEEN 3888049 AND 3888149
	Index Only Scan using k_6 on sbtest6  (cost=0.43..6.53 rows=105 width=4)
	  Index Cond: ((k >= 3888049) AND (k <= 3888149))

table 7 : explain SELECT k FROM sbtest7 WHERE k BETWEEN 3888049 AND 3888149
	Index Only Scan using k_7 on sbtest7  (cost=0.43..6.25 rows=91 width=4)
	  Index Cond: ((k >= 3888049) AND (k <= 3888149))

table 8 : explain SELECT k FROM sbtest8 WHERE k BETWEEN 3888049 AND 3888149
	Index Only Scan using k_8 on sbtest8  (cost=0.43..6.50 rows=103 width=4)
	  Index Cond: ((k >= 3888049) AND (k <= 3888149))

explain: for range-covered :: explain SELECT k FROM sbtest%d WHERE k BETWEEN 3888049 AND 3888149
for range-covered
table 1 : explain SELECT k FROM sbtest1 WHERE k BETWEEN 4553424 AND 4553524
	Index Only Scan using k_1 on sbtest1  (cost=0.43..6.61 rows=109 width=4)
	  Index Cond: ((k >= 4553424) AND (k <= 4553524))

table 2 : explain SELECT k FROM sbtest2 WHERE k BETWEEN 4553424 AND 4553524
	Index Only Scan using k_2 on sbtest2  (cost=0.43..6.45 rows=101 width=4)
	  Index Cond: ((k >= 4553424) AND (k <= 4553524))

table 3 : explain SELECT k FROM sbtest3 WHERE k BETWEEN 4553424 AND 4553524
	Index Only Scan using k_3 on sbtest3  (cost=0.43..6.32 rows=94 width=4)
	  Index Cond: ((k >= 4553424) AND (k <= 4553524))

table 4 : explain SELECT k FROM sbtest4 WHERE k BETWEEN 4553424 AND 4553524
	Index Only Scan using k_4 on sbtest4  (cost=0.43..6.33 rows=95 width=4)
	  Index Cond: ((k >= 4553424) AND (k <= 4553524))

table 5 : explain SELECT k FROM sbtest5 WHERE k BETWEEN 4553424 AND 4553524
	Index Only Scan using k_5 on sbtest5  (cost=0.43..6.77 rows=117 width=4)
	  Index Cond: ((k >= 4553424) AND (k <= 4553524))

table 6 : explain SELECT k FROM sbtest6 WHERE k BETWEEN 4553424 AND 4553524
	Index Only Scan using k_6 on sbtest6  (cost=0.43..6.53 rows=105 width=4)
	  Index Cond: ((k >= 4553424) AND (k <= 4553524))

table 7 : explain SELECT k FROM sbtest7 WHERE k BETWEEN 4553424 AND 4553524
	Index Only Scan using k_7 on sbtest7  (cost=0.43..6.47 rows=102 width=4)
	  Index Cond: ((k >= 4553424) AND (k <= 4553524))

table 8 : explain SELECT k FROM sbtest8 WHERE k BETWEEN 4553424 AND 4553524
	Index Only Scan using k_8 on sbtest8  (cost=0.43..6.43 rows=100 width=4)
	  Index Cond: ((k >= 4553424) AND (k <= 4553524))

explain: for range-covered :: explain SELECT k FROM sbtest%d WHERE k BETWEEN 4553424 AND 4553524
for range-covered
table 1 : explain SELECT k FROM sbtest1 WHERE k BETWEEN 2118482 AND 2118582
	Index Only Scan using k_1 on sbtest1  (cost=0.43..6.25 rows=91 width=4)
	  Index Cond: ((k >= 2118482) AND (k <= 2118582))

table 2 : explain SELECT k FROM sbtest2 WHERE k BETWEEN 2118482 AND 2118582
	Index Only Scan using k_2 on sbtest2  (cost=0.43..6.42 rows=99 width=4)
	  Index Cond: ((k >= 2118482) AND (k <= 2118582))

table 3 : explain SELECT k FROM sbtest3 WHERE k BETWEEN 2118482 AND 2118582
	Index Only Scan using k_3 on sbtest3  (cost=0.43..6.53 rows=105 width=4)
	  Index Cond: ((k >= 2118482) AND (k <= 2118582))

table 4 : explain SELECT k FROM sbtest4 WHERE k BETWEEN 2118482 AND 2118582
	Index Only Scan using k_4 on sbtest4  (cost=0.43..6.37 rows=97 width=4)
	  Index Cond: ((k >= 2118482) AND (k <= 2118582))

table 5 : explain SELECT k FROM sbtest5 WHERE k BETWEEN 2118482 AND 2118582
	Index Only Scan using k_5 on sbtest5  (cost=0.43..6.40 rows=98 width=4)
	  Index Cond: ((k >= 2118482) AND (k <= 2118582))

table 6 : explain SELECT k FROM sbtest6 WHERE k BETWEEN 2118482 AND 2118582
	Index Only Scan using k_6 on sbtest6  (cost=0.43..6.33 rows=95 width=4)
	  Index Cond: ((k >= 2118482) AND (k <= 2118582))

table 7 : explain SELECT k FROM sbtest7 WHERE k BETWEEN 2118482 AND 2118582
	Index Only Scan using k_7 on sbtest7  (cost=0.43..6.53 rows=105 width=4)
	  Index Cond: ((k >= 2118482) AND (k <= 2118582))

table 8 : explain SELECT k FROM sbtest8 WHERE k BETWEEN 2118482 AND 2118582
	Index Only Scan using k_8 on sbtest8  (cost=0.43..6.42 rows=99 width=4)
	  Index Cond: ((k >= 2118482) AND (k <= 2118582))

explain: for range-covered :: explain SELECT k FROM sbtest%d WHERE k BETWEEN 2118482 AND 2118582
for range-covered
table 1 : explain SELECT k FROM sbtest1 WHERE k BETWEEN 3888049 AND 3888149
	Index Only Scan using k_1 on sbtest1  (cost=0.43..6.42 rows=99 width=4)
	  Index Cond: ((k >= 3888049) AND (k <= 3888149))

table 2 : explain SELECT k FROM sbtest2 WHERE k BETWEEN 3888049 AND 3888149
	Index Only Scan using k_2 on sbtest2  (cost=0.43..6.47 rows=102 width=4)
	  Index Cond: ((k >= 3888049) AND (k <= 3888149))

table 3 : explain SELECT k FROM sbtest3 WHERE k BETWEEN 3888049 AND 3888149
	Index Only Scan using k_3 on sbtest3  (cost=0.43..6.45 rows=101 width=4)
	  Index Cond: ((k >= 3888049) AND (k <= 3888149))

table 4 : explain SELECT k FROM sbtest4 WHERE k BETWEEN 3888049 AND 3888149
	Index Only Scan using k_4 on sbtest4  (cost=0.43..6.69 rows=113 width=4)
	  Index Cond: ((k >= 3888049) AND (k <= 3888149))

table 5 : explain SELECT k FROM sbtest5 WHERE k BETWEEN 3888049 AND 3888149
	Index Only Scan using k_5 on sbtest5  (cost=0.43..6.61 rows=109 width=4)
	  Index Cond: ((k >= 3888049) AND (k <= 3888149))

table 6 : explain SELECT k FROM sbtest6 WHERE k BETWEEN 3888049 AND 3888149
	Index Only Scan using k_6 on sbtest6  (cost=0.43..6.53 rows=105 width=4)
	  Index Cond: ((k >= 3888049) AND (k <= 3888149))

table 7 : explain SELECT k FROM sbtest7 WHERE k BETWEEN 3888049 AND 3888149
	Index Only Scan using k_7 on sbtest7  (cost=0.43..6.25 rows=91 width=4)
	  Index Cond: ((k >= 3888049) AND (k <= 3888149))

table 8 : explain SELECT k FROM sbtest8 WHERE k BETWEEN 3888049 AND 3888149
	Index Only Scan using k_8 on sbtest8  (cost=0.43..6.50 rows=103 width=4)
	  Index Cond: ((k >= 3888049) AND (k <= 3888149))

explain: for range-covered :: explain SELECT k FROM sbtest%d WHERE k BETWEEN 2350216 AND 2350316
explain: for range-covered :: explain SELECT k FROM sbtest%d WHERE k BETWEEN 3888049 AND 3888149
explain: for range-covered :: explain SELECT k FROM sbtest%d WHERE k BETWEEN 6240686 AND 6240786
for range-covered
table 1 : explain SELECT k FROM sbtest1 WHERE k BETWEEN 2118482 AND 2118582
	Index Only Scan using k_1 on sbtest1  (cost=0.43..6.25 rows=91 width=4)
	  Index Cond: ((k >= 2118482) AND (k <= 2118582))

table 2 : explain SELECT k FROM sbtest2 WHERE k BETWEEN 2118482 AND 2118582
	Index Only Scan using k_2 on sbtest2  (cost=0.43..6.42 rows=99 width=4)
	  Index Cond: ((k >= 2118482) AND (k <= 2118582))

table 3 : explain SELECT k FROM sbtest3 WHERE k BETWEEN 2118482 AND 2118582
	Index Only Scan using k_3 on sbtest3  (cost=0.43..6.53 rows=105 width=4)
	  Index Cond: ((k >= 2118482) AND (k <= 2118582))

table 4 : explain SELECT k FROM sbtest4 WHERE k BETWEEN 2118482 AND 2118582
	Index Only Scan using k_4 on sbtest4  (cost=0.43..6.37 rows=97 width=4)
	  Index Cond: ((k >= 2118482) AND (k <= 2118582))

table 5 : explain SELECT k FROM sbtest5 WHERE k BETWEEN 2118482 AND 2118582
	Index Only Scan using k_5 on sbtest5  (cost=0.43..6.40 rows=98 width=4)
	  Index Cond: ((k >= 2118482) AND (k <= 2118582))

table 6 : explain SELECT k FROM sbtest6 WHERE k BETWEEN 2118482 AND 2118582
	Index Only Scan using k_6 on sbtest6  (cost=0.43..6.33 rows=95 width=4)
	  Index Cond: ((k >= 2118482) AND (k <= 2118582))

table 7 : explain SELECT k FROM sbtest7 WHERE k BETWEEN 2118482 AND 2118582
	Index Only Scan using k_7 on sbtest7  (cost=0.43..6.53 rows=105 width=4)
	  Index Cond: ((k >= 2118482) AND (k <= 2118582))

table 8 : explain SELECT k FROM sbtest8 WHERE k BETWEEN 2118482 AND 2118582
	Index Only Scan using k_8 on sbtest8  (cost=0.43..6.42 rows=99 width=4)
	  Index Cond: ((k >= 2118482) AND (k <= 2118582))

explain: for range-covered :: explain SELECT k FROM sbtest%d WHERE k BETWEEN 2118482 AND 2118582
for range-covered
table 1 : explain SELECT k FROM sbtest1 WHERE k BETWEEN 6086334 AND 6086434
	Index Only Scan using k_1 on sbtest1  (cost=0.43..6.37 rows=97 width=4)
	  Index Cond: ((k >= 6086334) AND (k <= 6086434))

table 2 : explain SELECT k FROM sbtest2 WHERE k BETWEEN 6086334 AND 6086434
	Index Only Scan using k_2 on sbtest2  (cost=0.43..6.56 rows=106 width=4)
	  Index Cond: ((k >= 6086334) AND (k <= 6086434))

table 3 : explain SELECT k FROM sbtest3 WHERE k BETWEEN 6086334 AND 6086434
	Index Only Scan using k_3 on sbtest3  (cost=0.43..6.50 rows=103 width=4)
	  Index Cond: ((k >= 6086334) AND (k <= 6086434))

table 4 : explain SELECT k FROM sbtest4 WHERE k BETWEEN 6086334 AND 6086434
	Index Only Scan using k_4 on sbtest4  (cost=0.43..6.58 rows=107 width=4)
	  Index Cond: ((k >= 6086334) AND (k <= 6086434))

table 5 : explain SELECT k FROM sbtest5 WHERE k BETWEEN 6086334 AND 6086434
	Index Only Scan using k_5 on sbtest5  (cost=0.43..6.27 rows=92 width=4)
	  Index Cond: ((k >= 6086334) AND (k <= 6086434))

table 6 : explain SELECT k FROM sbtest6 WHERE k BETWEEN 6086334 AND 6086434
	Index Only Scan using k_6 on sbtest6  (cost=0.43..6.27 rows=92 width=4)
	  Index Cond: ((k >= 6086334) AND (k <= 6086434))

table 7 : explain SELECT k FROM sbtest7 WHERE k BETWEEN 6086334 AND 6086434
	Index Only Scan using k_7 on sbtest7  (cost=0.43..6.50 rows=103 width=4)
	  Index Cond: ((k >= 6086334) AND (k <= 6086434))

table 8 : explain SELECT k FROM sbtest8 WHERE k BETWEEN 6086334 AND 6086434
	Index Only Scan using k_8 on sbtest8  (cost=0.43..6.25 rows=91 width=4)
	  Index Cond: ((k >= 6086334) AND (k <= 6086434))

for range-covered
table 1 : explain SELECT k FROM sbtest1 WHERE k BETWEEN 8762531 AND 8762631
	Index Only Scan using k_1 on sbtest1  (cost=0.43..6.56 rows=106 width=4)
	  Index Cond: ((k >= 8762531) AND (k <= 8762631))

table 2 : explain SELECT k FROM sbtest2 WHERE k BETWEEN 8762531 AND 8762631
	Index Only Scan using k_2 on sbtest2  (cost=0.43..6.42 rows=99 width=4)
	  Index Cond: ((k >= 8762531) AND (k <= 8762631))

table 3 : explain SELECT k FROM sbtest3 WHERE k BETWEEN 8762531 AND 8762631
	Index Only Scan using k_3 on sbtest3  (cost=0.43..6.53 rows=105 width=4)
	  Index Cond: ((k >= 8762531) AND (k <= 8762631))

table 4 : explain SELECT k FROM sbtest4 WHERE k BETWEEN 8762531 AND 8762631
	Index Only Scan using k_4 on sbtest4  (cost=0.43..6.61 rows=109 width=4)
	  Index Cond: ((k >= 8762531) AND (k <= 8762631))

table 5 : explain SELECT k FROM sbtest5 WHERE k BETWEEN 8762531 AND 8762631
	Index Only Scan using k_5 on sbtest5  (cost=0.43..6.47 rows=102 width=4)
	  Index Cond: ((k >= 8762531) AND (k <= 8762631))

table 6 : explain SELECT k FROM sbtest6 WHERE k BETWEEN 8762531 AND 8762631
	Index Only Scan using k_6 on sbtest6  (cost=0.43..6.63 rows=110 width=4)
	  Index Cond: ((k >= 8762531) AND (k <= 8762631))

table 7 : explain SELECT k FROM sbtest7 WHERE k BETWEEN 8762531 AND 8762631
	Index Only Scan using k_7 on sbtest7  (cost=0.43..6.59 rows=108 width=4)
	  Index Cond: ((k >= 8762531) AND (k <= 8762631))

table 8 : explain SELECT k FROM sbtest8 WHERE k BETWEEN 8762531 AND 8762631
	Index Only Scan using k_8 on sbtest8  (cost=0.43..6.50 rows=103 width=4)
	  Index Cond: ((k >= 8762531) AND (k <= 8762631))

explain: for range-covered :: explain SELECT k FROM sbtest%d WHERE k BETWEEN 6086334 AND 6086434
explain: for range-covered :: explain SELECT k FROM sbtest%d WHERE k BETWEEN 8762531 AND 8762631
for range-covered
table 1 : explain SELECT k FROM sbtest1 WHERE k BETWEEN 3888049 AND 3888149
	Index Only Scan using k_1 on sbtest1  (cost=0.43..6.42 rows=99 width=4)
	  Index Cond: ((k >= 3888049) AND (k <= 3888149))

table 2 : explain SELECT k FROM sbtest2 WHERE k BETWEEN 3888049 AND 3888149
	Index Only Scan using k_2 on sbtest2  (cost=0.43..6.47 rows=102 width=4)
	  Index Cond: ((k >= 3888049) AND (k <= 3888149))

table 3 : explain SELECT k FROM sbtest3 WHERE k BETWEEN 3888049 AND 3888149
	Index Only Scan using k_3 on sbtest3  (cost=0.43..6.45 rows=101 width=4)
	  Index Cond: ((k >= 3888049) AND (k <= 3888149))

table 4 : explain SELECT k FROM sbtest4 WHERE k BETWEEN 3888049 AND 3888149
	Index Only Scan using k_4 on sbtest4  (cost=0.43..6.69 rows=113 width=4)
	  Index Cond: ((k >= 3888049) AND (k <= 3888149))

table 5 : explain SELECT k FROM sbtest5 WHERE k BETWEEN 3888049 AND 3888149
	Index Only Scan using k_5 on sbtest5  (cost=0.43..6.61 rows=109 width=4)
	  Index Cond: ((k >= 3888049) AND (k <= 3888149))

table 6 : explain SELECT k FROM sbtest6 WHERE k BETWEEN 3888049 AND 3888149
	Index Only Scan using k_6 on sbtest6  (cost=0.43..6.53 rows=105 width=4)
	  Index Cond: ((k >= 3888049) AND (k <= 3888149))

table 7 : explain SELECT k FROM sbtest7 WHERE k BETWEEN 3888049 AND 3888149
	Index Only Scan using k_7 on sbtest7  (cost=0.43..6.25 rows=91 width=4)
	  Index Cond: ((k >= 3888049) AND (k <= 3888149))

table 8 : explain SELECT k FROM sbtest8 WHERE k BETWEEN 3888049 AND 3888149
	Index Only Scan using k_8 on sbtest8  (cost=0.43..6.50 rows=103 width=4)
	  Index Cond: ((k >= 3888049) AND (k <= 3888149))

explain: for range-covered :: explain SELECT k FROM sbtest%d WHERE k BETWEEN 3888049 AND 3888149
for range-covered
table 1 : explain SELECT k FROM sbtest1 WHERE k BETWEEN 6086334 AND 6086434
	Index Only Scan using k_1 on sbtest1  (cost=0.43..6.37 rows=97 width=4)
	  Index Cond: ((k >= 6086334) AND (k <= 6086434))

table 2 : explain SELECT k FROM sbtest2 WHERE k BETWEEN 6086334 AND 6086434
	Index Only Scan using k_2 on sbtest2  (cost=0.43..6.56 rows=106 width=4)
	  Index Cond: ((k >= 6086334) AND (k <= 6086434))

table 3 : explain SELECT k FROM sbtest3 WHERE k BETWEEN 6086334 AND 6086434
	Index Only Scan using k_3 on sbtest3  (cost=0.43..6.50 rows=103 width=4)
	  Index Cond: ((k >= 6086334) AND (k <= 6086434))

table 4 : explain SELECT k FROM sbtest4 WHERE k BETWEEN 6086334 AND 6086434
	Index Only Scan using k_4 on sbtest4  (cost=0.43..6.58 rows=107 width=4)
	  Index Cond: ((k >= 6086334) AND (k <= 6086434))

table 5 : explain SELECT k FROM sbtest5 WHERE k BETWEEN 6086334 AND 6086434
	Index Only Scan using k_5 on sbtest5  (cost=0.43..6.27 rows=92 width=4)
	  Index Cond: ((k >= 6086334) AND (k <= 6086434))

table 6 : explain SELECT k FROM sbtest6 WHERE k BETWEEN 6086334 AND 6086434
	Index Only Scan using k_6 on sbtest6  (cost=0.43..6.27 rows=92 width=4)
	  Index Cond: ((k >= 6086334) AND (k <= 6086434))

table 7 : explain SELECT k FROM sbtest7 WHERE k BETWEEN 6086334 AND 6086434
	Index Only Scan using k_7 on sbtest7  (cost=0.43..6.50 rows=103 width=4)
	  Index Cond: ((k >= 6086334) AND (k <= 6086434))

table 8 : explain SELECT k FROM sbtest8 WHERE k BETWEEN 6086334 AND 6086434
	Index Only Scan using k_8 on sbtest8  (cost=0.43..6.25 rows=91 width=4)
	  Index Cond: ((k >= 6086334) AND (k <= 6086434))

explain: for range-covered :: explain SELECT k FROM sbtest%d WHERE k BETWEEN 6086334 AND 6086434
for range-covered
table 1 : explain SELECT k FROM sbtest1 WHERE k BETWEEN 8762531 AND 8762631
	Index Only Scan using k_1 on sbtest1  (cost=0.43..6.56 rows=106 width=4)
	  Index Cond: ((k >= 8762531) AND (k <= 8762631))

table 2 : explain SELECT k FROM sbtest2 WHERE k BETWEEN 8762531 AND 8762631
	Index Only Scan using k_2 on sbtest2  (cost=0.43..6.42 rows=99 width=4)
	  Index Cond: ((k >= 8762531) AND (k <= 8762631))

table 3 : explain SELECT k FROM sbtest3 WHERE k BETWEEN 8762531 AND 8762631
	Index Only Scan using k_3 on sbtest3  (cost=0.43..6.53 rows=105 width=4)
	  Index Cond: ((k >= 8762531) AND (k <= 8762631))

table 4 : explain SELECT k FROM sbtest4 WHERE k BETWEEN 8762531 AND 8762631
	Index Only Scan using k_4 on sbtest4  (cost=0.43..6.61 rows=109 width=4)
	  Index Cond: ((k >= 8762531) AND (k <= 8762631))

table 5 : explain SELECT k FROM sbtest5 WHERE k BETWEEN 8762531 AND 8762631
	Index Only Scan using k_5 on sbtest5  (cost=0.43..6.47 rows=102 width=4)
	  Index Cond: ((k >= 8762531) AND (k <= 8762631))

table 6 : explain SELECT k FROM sbtest6 WHERE k BETWEEN 8762531 AND 8762631
	Index Only Scan using k_6 on sbtest6  (cost=0.43..6.63 rows=110 width=4)
	  Index Cond: ((k >= 8762531) AND (k <= 8762631))

table 7 : explain SELECT k FROM sbtest7 WHERE k BETWEEN 8762531 AND 8762631
	Index Only Scan using k_7 on sbtest7  (cost=0.43..6.59 rows=108 width=4)
	  Index Cond: ((k >= 8762531) AND (k <= 8762631))

table 8 : explain SELECT k FROM sbtest8 WHERE k BETWEEN 8762531 AND 8762631
	Index Only Scan using k_8 on sbtest8  (cost=0.43..6.50 rows=103 width=4)
	  Index Cond: ((k >= 8762531) AND (k <= 8762631))

explain: for range-covered :: explain SELECT k FROM sbtest%d WHERE k BETWEEN 8762531 AND 8762631
for range-covered
table 1 : explain SELECT k FROM sbtest1 WHERE k BETWEEN 2118482 AND 2118582
	Index Only Scan using k_1 on sbtest1  (cost=0.43..6.25 rows=91 width=4)
	  Index Cond: ((k >= 2118482) AND (k <= 2118582))

table 2 : explain SELECT k FROM sbtest2 WHERE k BETWEEN 2118482 AND 2118582
	Index Only Scan using k_2 on sbtest2  (cost=0.43..6.42 rows=99 width=4)
	  Index Cond: ((k >= 2118482) AND (k <= 2118582))

table 3 : explain SELECT k FROM sbtest3 WHERE k BETWEEN 2118482 AND 2118582
	Index Only Scan using k_3 on sbtest3  (cost=0.43..6.53 rows=105 width=4)
	  Index Cond: ((k >= 2118482) AND (k <= 2118582))

table 4 : explain SELECT k FROM sbtest4 WHERE k BETWEEN 2118482 AND 2118582
	Index Only Scan using k_4 on sbtest4  (cost=0.43..6.37 rows=97 width=4)
	  Index Cond: ((k >= 2118482) AND (k <= 2118582))

table 5 : explain SELECT k FROM sbtest5 WHERE k BETWEEN 2118482 AND 2118582
	Index Only Scan using k_5 on sbtest5  (cost=0.43..6.40 rows=98 width=4)
	  Index Cond: ((k >= 2118482) AND (k <= 2118582))

table 6 : explain SELECT k FROM sbtest6 WHERE k BETWEEN 2118482 AND 2118582
	Index Only Scan using k_6 on sbtest6  (cost=0.43..6.33 rows=95 width=4)
	  Index Cond: ((k >= 2118482) AND (k <= 2118582))

table 7 : explain SELECT k FROM sbtest7 WHERE k BETWEEN 2118482 AND 2118582
	Index Only Scan using k_7 on sbtest7  (cost=0.43..6.53 rows=105 width=4)
	  Index Cond: ((k >= 2118482) AND (k <= 2118582))

table 8 : explain SELECT k FROM sbtest8 WHERE k BETWEEN 2118482 AND 2118582
	Index Only Scan using k_8 on sbtest8  (cost=0.43..6.42 rows=99 width=4)
	  Index Cond: ((k >= 2118482) AND (k <= 2118582))

explain: for range-covered :: explain SELECT k FROM sbtest%d WHERE k BETWEEN 2118482 AND 2118582
for range-covered
table 1 : explain SELECT k FROM sbtest1 WHERE k BETWEEN 6086334 AND 6086434
	Index Only Scan using k_1 on sbtest1  (cost=0.43..6.37 rows=97 width=4)
	  Index Cond: ((k >= 6086334) AND (k <= 6086434))

table 2 : explain SELECT k FROM sbtest2 WHERE k BETWEEN 6086334 AND 6086434
	Index Only Scan using k_2 on sbtest2  (cost=0.43..6.56 rows=106 width=4)
	  Index Cond: ((k >= 6086334) AND (k <= 6086434))

table 3 : explain SELECT k FROM sbtest3 WHERE k BETWEEN 6086334 AND 6086434
	Index Only Scan using k_3 on sbtest3  (cost=0.43..6.50 rows=103 width=4)
	  Index Cond: ((k >= 6086334) AND (k <= 6086434))

table 4 : explain SELECT k FROM sbtest4 WHERE k BETWEEN 6086334 AND 6086434
	Index Only Scan using k_4 on sbtest4  (cost=0.43..6.58 rows=107 width=4)
	  Index Cond: ((k >= 6086334) AND (k <= 6086434))

table 5 : explain SELECT k FROM sbtest5 WHERE k BETWEEN 6086334 AND 6086434
	Index Only Scan using k_5 on sbtest5  (cost=0.43..6.27 rows=92 width=4)
	  Index Cond: ((k >= 6086334) AND (k <= 6086434))

table 6 : explain SELECT k FROM sbtest6 WHERE k BETWEEN 6086334 AND 6086434
	Index Only Scan using k_6 on sbtest6  (cost=0.43..6.27 rows=92 width=4)
	  Index Cond: ((k >= 6086334) AND (k <= 6086434))

table 7 : explain SELECT k FROM sbtest7 WHERE k BETWEEN 6086334 AND 6086434
	Index Only Scan using k_7 on sbtest7  (cost=0.43..6.50 rows=103 width=4)
	  Index Cond: ((k >= 6086334) AND (k <= 6086434))

table 8 : explain SELECT k FROM sbtest8 WHERE k BETWEEN 6086334 AND 6086434
	Index Only Scan using k_8 on sbtest8  (cost=0.43..6.25 rows=91 width=4)
	  Index Cond: ((k >= 6086334) AND (k <= 6086434))

explain: for range-covered :: explain SELECT k FROM sbtest%d WHERE k BETWEEN 6086334 AND 6086434
explain: for range-covered :: explain SELECT k FROM sbtest%d WHERE k BETWEEN 8360669 AND 8360769
for range-covered
table 1 : explain SELECT k FROM sbtest1 WHERE k BETWEEN 3888049 AND 3888149
	Index Only Scan using k_1 on sbtest1  (cost=0.43..6.42 rows=99 width=4)
	  Index Cond: ((k >= 3888049) AND (k <= 3888149))

table 2 : explain SELECT k FROM sbtest2 WHERE k BETWEEN 3888049 AND 3888149
	Index Only Scan using k_2 on sbtest2  (cost=0.43..6.47 rows=102 width=4)
	  Index Cond: ((k >= 3888049) AND (k <= 3888149))

table 3 : explain SELECT k FROM sbtest3 WHERE k BETWEEN 3888049 AND 3888149
	Index Only Scan using k_3 on sbtest3  (cost=0.43..6.45 rows=101 width=4)
	  Index Cond: ((k >= 3888049) AND (k <= 3888149))

table 4 : explain SELECT k FROM sbtest4 WHERE k BETWEEN 3888049 AND 3888149
	Index Only Scan using k_4 on sbtest4  (cost=0.43..6.69 rows=113 width=4)
	  Index Cond: ((k >= 3888049) AND (k <= 3888149))

table 5 : explain SELECT k FROM sbtest5 WHERE k BETWEEN 3888049 AND 3888149
	Index Only Scan using k_5 on sbtest5  (cost=0.43..6.61 rows=109 width=4)
	  Index Cond: ((k >= 3888049) AND (k <= 3888149))

table 6 : explain SELECT k FROM sbtest6 WHERE k BETWEEN 3888049 AND 3888149
	Index Only Scan using k_6 on sbtest6  (cost=0.43..6.53 rows=105 width=4)
	  Index Cond: ((k >= 3888049) AND (k <= 3888149))

table 7 : explain SELECT k FROM sbtest7 WHERE k BETWEEN 3888049 AND 3888149
	Index Only Scan using k_7 on sbtest7  (cost=0.43..6.25 rows=91 width=4)
	  Index Cond: ((k >= 3888049) AND (k <= 3888149))

table 8 : explain SELECT k FROM sbtest8 WHERE k BETWEEN 3888049 AND 3888149
	Index Only Scan using k_8 on sbtest8  (cost=0.43..6.50 rows=103 width=4)
	  Index Cond: ((k >= 3888049) AND (k <= 3888149))

for range-covered
table 1 : explain SELECT k FROM sbtest1 WHERE k BETWEEN 8762531 AND 8762631
	Index Only Scan using k_1 on sbtest1  (cost=0.43..6.56 rows=106 width=4)
	  Index Cond: ((k >= 8762531) AND (k <= 8762631))

table 2 : explain SELECT k FROM sbtest2 WHERE k BETWEEN 8762531 AND 8762631
	Index Only Scan using k_2 on sbtest2  (cost=0.43..6.42 rows=99 width=4)
	  Index Cond: ((k >= 8762531) AND (k <= 8762631))

table 3 : explain SELECT k FROM sbtest3 WHERE k BETWEEN 8762531 AND 8762631
	Index Only Scan using k_3 on sbtest3  (cost=0.43..6.53 rows=105 width=4)
	  Index Cond: ((k >= 8762531) AND (k <= 8762631))

table 4 : explain SELECT k FROM sbtest4 WHERE k BETWEEN 8762531 AND 8762631
	Index Only Scan using k_4 on sbtest4  (cost=0.43..6.61 rows=109 width=4)
	  Index Cond: ((k >= 8762531) AND (k <= 8762631))

table 5 : explain SELECT k FROM sbtest5 WHERE k BETWEEN 8762531 AND 8762631
	Index Only Scan using k_5 on sbtest5  (cost=0.43..6.47 rows=102 width=4)
	  Index Cond: ((k >= 8762531) AND (k <= 8762631))

table 6 : explain SELECT k FROM sbtest6 WHERE k BETWEEN 8762531 AND 8762631
	Index Only Scan using k_6 on sbtest6  (cost=0.43..6.63 rows=110 width=4)
	  Index Cond: ((k >= 8762531) AND (k <= 8762631))

table 7 : explain SELECT k FROM sbtest7 WHERE k BETWEEN 8762531 AND 8762631
	Index Only Scan using k_7 on sbtest7  (cost=0.43..6.59 rows=108 width=4)
	  Index Cond: ((k >= 8762531) AND (k <= 8762631))

table 8 : explain SELECT k FROM sbtest8 WHERE k BETWEEN 8762531 AND 8762631
	Index Only Scan using k_8 on sbtest8  (cost=0.43..6.50 rows=103 width=4)
	  Index Cond: ((k >= 8762531) AND (k <= 8762631))

explain: for range-covered :: explain SELECT k FROM sbtest%d WHERE k BETWEEN 8762531 AND 8762631
explain: for range-covered :: explain SELECT k FROM sbtest%d WHERE k BETWEEN 3888049 AND 3888149
for range-covered
table 1 : explain SELECT k FROM sbtest1 WHERE k BETWEEN 6086334 AND 6086434
	Index Only Scan using k_1 on sbtest1  (cost=0.43..6.37 rows=97 width=4)
	  Index Cond: ((k >= 6086334) AND (k <= 6086434))

table 2 : explain SELECT k FROM sbtest2 WHERE k BETWEEN 6086334 AND 6086434
	Index Only Scan using k_2 on sbtest2  (cost=0.43..6.56 rows=106 width=4)
	  Index Cond: ((k >= 6086334) AND (k <= 6086434))

table 3 : explain SELECT k FROM sbtest3 WHERE k BETWEEN 6086334 AND 6086434
	Index Only Scan using k_3 on sbtest3  (cost=0.43..6.50 rows=103 width=4)
	  Index Cond: ((k >= 6086334) AND (k <= 6086434))

table 4 : explain SELECT k FROM sbtest4 WHERE k BETWEEN 6086334 AND 6086434
	Index Only Scan using k_4 on sbtest4  (cost=0.43..6.58 rows=107 width=4)
	  Index Cond: ((k >= 6086334) AND (k <= 6086434))

table 5 : explain SELECT k FROM sbtest5 WHERE k BETWEEN 6086334 AND 6086434
	Index Only Scan using k_5 on sbtest5  (cost=0.43..6.27 rows=92 width=4)
	  Index Cond: ((k >= 6086334) AND (k <= 6086434))

table 6 : explain SELECT k FROM sbtest6 WHERE k BETWEEN 6086334 AND 6086434
	Index Only Scan using k_6 on sbtest6  (cost=0.43..6.27 rows=92 width=4)
	  Index Cond: ((k >= 6086334) AND (k <= 6086434))

table 7 : explain SELECT k FROM sbtest7 WHERE k BETWEEN 6086334 AND 6086434
	Index Only Scan using k_7 on sbtest7  (cost=0.43..6.50 rows=103 width=4)
	  Index Cond: ((k >= 6086334) AND (k <= 6086434))

table 8 : explain SELECT k FROM sbtest8 WHERE k BETWEEN 6086334 AND 6086434
	Index Only Scan using k_8 on sbtest8  (cost=0.43..6.25 rows=91 width=4)
	  Index Cond: ((k >= 6086334) AND (k <= 6086434))

explain: for range-covered :: explain SELECT k FROM sbtest%d WHERE k BETWEEN 6086334 AND 6086434
for range-covered
table 1 : explain SELECT k FROM sbtest1 WHERE k BETWEEN 2345883 AND 2345983
	Index Only Scan using k_1 on sbtest1  (cost=0.43..6.42 rows=99 width=4)
	  Index Cond: ((k >= 2345883) AND (k <= 2345983))

table 2 : explain SELECT k FROM sbtest2 WHERE k BETWEEN 2345883 AND 2345983
	Index Only Scan using k_2 on sbtest2  (cost=0.43..6.51 rows=104 width=4)
	  Index Cond: ((k >= 2345883) AND (k <= 2345983))

table 3 : explain SELECT k FROM sbtest3 WHERE k BETWEEN 2345883 AND 2345983
	Index Only Scan using k_3 on sbtest3  (cost=0.43..6.58 rows=107 width=4)
	  Index Cond: ((k >= 2345883) AND (k <= 2345983))

table 4 : explain SELECT k FROM sbtest4 WHERE k BETWEEN 2345883 AND 2345983
	Index Only Scan using k_4 on sbtest4  (cost=0.43..6.53 rows=105 width=4)
	  Index Cond: ((k >= 2345883) AND (k <= 2345983))

table 5 : explain SELECT k FROM sbtest5 WHERE k BETWEEN 2345883 AND 2345983
	Index Only Scan using k_5 on sbtest5  (cost=0.43..6.58 rows=107 width=4)
	  Index Cond: ((k >= 2345883) AND (k <= 2345983))

table 6 : explain SELECT k FROM sbtest6 WHERE k BETWEEN 2345883 AND 2345983
	Index Only Scan using k_6 on sbtest6  (cost=0.43..6.32 rows=94 width=4)
	  Index Cond: ((k >= 2345883) AND (k <= 2345983))

table 7 : explain SELECT k FROM sbtest7 WHERE k BETWEEN 2345883 AND 2345983
	Index Only Scan using k_7 on sbtest7  (cost=0.43..6.56 rows=106 width=4)
	  Index Cond: ((k >= 2345883) AND (k <= 2345983))

table 8 : explain SELECT k FROM sbtest8 WHERE k BETWEEN 2345883 AND 2345983
	Index Only Scan using k_8 on sbtest8  (cost=0.43..6.51 rows=104 width=4)
	  Index Cond: ((k >= 2345883) AND (k <= 2345983))

explain: for range-covered :: explain SELECT k FROM sbtest%d WHERE k BETWEEN 2345883 AND 2345983
for range-covered
table 1 : explain SELECT k FROM sbtest1 WHERE k BETWEEN 8762531 AND 8762631
	Index Only Scan using k_1 on sbtest1  (cost=0.43..6.56 rows=106 width=4)
	  Index Cond: ((k >= 8762531) AND (k <= 8762631))

table 2 : explain SELECT k FROM sbtest2 WHERE k BETWEEN 8762531 AND 8762631
	Index Only Scan using k_2 on sbtest2  (cost=0.43..6.42 rows=99 width=4)
	  Index Cond: ((k >= 8762531) AND (k <= 8762631))

table 3 : explain SELECT k FROM sbtest3 WHERE k BETWEEN 8762531 AND 8762631
	Index Only Scan using k_3 on sbtest3  (cost=0.43..6.53 rows=105 width=4)
	  Index Cond: ((k >= 8762531) AND (k <= 8762631))

table 4 : explain SELECT k FROM sbtest4 WHERE k BETWEEN 8762531 AND 8762631
	Index Only Scan using k_4 on sbtest4  (cost=0.43..6.61 rows=109 width=4)
	  Index Cond: ((k >= 8762531) AND (k <= 8762631))

table 5 : explain SELECT k FROM sbtest5 WHERE k BETWEEN 8762531 AND 8762631
	Index Only Scan using k_5 on sbtest5  (cost=0.43..6.47 rows=102 width=4)
	  Index Cond: ((k >= 8762531) AND (k <= 8762631))

table 6 : explain SELECT k FROM sbtest6 WHERE k BETWEEN 8762531 AND 8762631
	Index Only Scan using k_6 on sbtest6  (cost=0.43..6.63 rows=110 width=4)
	  Index Cond: ((k >= 8762531) AND (k <= 8762631))

table 7 : explain SELECT k FROM sbtest7 WHERE k BETWEEN 8762531 AND 8762631
	Index Only Scan using k_7 on sbtest7  (cost=0.43..6.59 rows=108 width=4)
	  Index Cond: ((k >= 8762531) AND (k <= 8762631))

table 8 : explain SELECT k FROM sbtest8 WHERE k BETWEEN 8762531 AND 8762631
	Index Only Scan using k_8 on sbtest8  (cost=0.43..6.50 rows=103 width=4)
	  Index Cond: ((k >= 8762531) AND (k <= 8762631))

explain: for range-covered :: explain SELECT k FROM sbtest%d WHERE k BETWEEN 8762531 AND 8762631
for range-covered
table 1 : explain SELECT k FROM sbtest1 WHERE k BETWEEN 2118482 AND 2118582
	Index Only Scan using k_1 on sbtest1  (cost=0.43..6.25 rows=91 width=4)
	  Index Cond: ((k >= 2118482) AND (k <= 2118582))

table 2 : explain SELECT k FROM sbtest2 WHERE k BETWEEN 2118482 AND 2118582
	Index Only Scan using k_2 on sbtest2  (cost=0.43..6.42 rows=99 width=4)
	  Index Cond: ((k >= 2118482) AND (k <= 2118582))

table 3 : explain SELECT k FROM sbtest3 WHERE k BETWEEN 2118482 AND 2118582
	Index Only Scan using k_3 on sbtest3  (cost=0.43..6.53 rows=105 width=4)
	  Index Cond: ((k >= 2118482) AND (k <= 2118582))

table 4 : explain SELECT k FROM sbtest4 WHERE k BETWEEN 2118482 AND 2118582
	Index Only Scan using k_4 on sbtest4  (cost=0.43..6.37 rows=97 width=4)
	  Index Cond: ((k >= 2118482) AND (k <= 2118582))

table 5 : explain SELECT k FROM sbtest5 WHERE k BETWEEN 2118482 AND 2118582
	Index Only Scan using k_5 on sbtest5  (cost=0.43..6.40 rows=98 width=4)
	  Index Cond: ((k >= 2118482) AND (k <= 2118582))

table 6 : explain SELECT k FROM sbtest6 WHERE k BETWEEN 2118482 AND 2118582
	Index Only Scan using k_6 on sbtest6  (cost=0.43..6.33 rows=95 width=4)
	  Index Cond: ((k >= 2118482) AND (k <= 2118582))

table 7 : explain SELECT k FROM sbtest7 WHERE k BETWEEN 2118482 AND 2118582
	Index Only Scan using k_7 on sbtest7  (cost=0.43..6.53 rows=105 width=4)
	  Index Cond: ((k >= 2118482) AND (k <= 2118582))

table 8 : explain SELECT k FROM sbtest8 WHERE k BETWEEN 2118482 AND 2118582
	Index Only Scan using k_8 on sbtest8  (cost=0.43..6.42 rows=99 width=4)
	  Index Cond: ((k >= 2118482) AND (k <= 2118582))

for range-covered
table 1 : explain SELECT k FROM sbtest1 WHERE k BETWEEN 4553424 AND 4553524
	Index Only Scan using k_1 on sbtest1  (cost=0.43..6.61 rows=109 width=4)
	  Index Cond: ((k >= 4553424) AND (k <= 4553524))

table 2 : explain SELECT k FROM sbtest2 WHERE k BETWEEN 4553424 AND 4553524
	Index Only Scan using k_2 on sbtest2  (cost=0.43..6.45 rows=101 width=4)
	  Index Cond: ((k >= 4553424) AND (k <= 4553524))

table 3 : explain SELECT k FROM sbtest3 WHERE k BETWEEN 4553424 AND 4553524
	Index Only Scan using k_3 on sbtest3  (cost=0.43..6.32 rows=94 width=4)
	  Index Cond: ((k >= 4553424) AND (k <= 4553524))

table 4 : explain SELECT k FROM sbtest4 WHERE k BETWEEN 4553424 AND 4553524
	Index Only Scan using k_4 on sbtest4  (cost=0.43..6.33 rows=95 width=4)
	  Index Cond: ((k >= 4553424) AND (k <= 4553524))

table 5 : explain SELECT k FROM sbtest5 WHERE k BETWEEN 4553424 AND 4553524
	Index Only Scan using k_5 on sbtest5  (cost=0.43..6.77 rows=117 width=4)
	  Index Cond: ((k >= 4553424) AND (k <= 4553524))

table 6 : explain SELECT k FROM sbtest6 WHERE k BETWEEN 4553424 AND 4553524
	Index Only Scan using k_6 on sbtest6  (cost=0.43..6.53 rows=105 width=4)
	  Index Cond: ((k >= 4553424) AND (k <= 4553524))

table 7 : explain SELECT k FROM sbtest7 WHERE k BETWEEN 4553424 AND 4553524
	Index Only Scan using k_7 on sbtest7  (cost=0.43..6.47 rows=102 width=4)
	  Index Cond: ((k >= 4553424) AND (k <= 4553524))

table 8 : explain SELECT k FROM sbtest8 WHERE k BETWEEN 4553424 AND 4553524
	Index Only Scan using k_8 on sbtest8  (cost=0.43..6.43 rows=100 width=4)
	  Index Cond: ((k >= 4553424) AND (k <= 4553524))

explain: for range-covered :: explain SELECT k FROM sbtest%d WHERE k BETWEEN 4437347 AND 4437447
explain: for range-covered :: explain SELECT k FROM sbtest%d WHERE k BETWEEN 2118482 AND 2118582
for range-covered
table 1 : explain SELECT k FROM sbtest1 WHERE k BETWEEN 3888049 AND 3888149
	Index Only Scan using k_1 on sbtest1  (cost=0.43..6.42 rows=99 width=4)
	  Index Cond: ((k >= 3888049) AND (k <= 3888149))

table 2 : explain SELECT k FROM sbtest2 WHERE k BETWEEN 3888049 AND 3888149
	Index Only Scan using k_2 on sbtest2  (cost=0.43..6.47 rows=102 width=4)
	  Index Cond: ((k >= 3888049) AND (k <= 3888149))

table 3 : explain SELECT k FROM sbtest3 WHERE k BETWEEN 3888049 AND 3888149
	Index Only Scan using k_3 on sbtest3  (cost=0.43..6.45 rows=101 width=4)
	  Index Cond: ((k >= 3888049) AND (k <= 3888149))

table 4 : explain SELECT k FROM sbtest4 WHERE k BETWEEN 3888049 AND 3888149
	Index Only Scan using k_4 on sbtest4  (cost=0.43..6.69 rows=113 width=4)
	  Index Cond: ((k >= 3888049) AND (k <= 3888149))

table 5 : explain SELECT k FROM sbtest5 WHERE k BETWEEN 3888049 AND 3888149
	Index Only Scan using k_5 on sbtest5  (cost=0.43..6.61 rows=109 width=4)
	  Index Cond: ((k >= 3888049) AND (k <= 3888149))

table 6 : explain SELECT k FROM sbtest6 WHERE k BETWEEN 3888049 AND 3888149
	Index Only Scan using k_6 on sbtest6  (cost=0.43..6.53 rows=105 width=4)
	  Index Cond: ((k >= 3888049) AND (k <= 3888149))

table 7 : explain SELECT k FROM sbtest7 WHERE k BETWEEN 3888049 AND 3888149
	Index Only Scan using k_7 on sbtest7  (cost=0.43..6.25 rows=91 width=4)
	  Index Cond: ((k >= 3888049) AND (k <= 3888149))

table 8 : explain SELECT k FROM sbtest8 WHERE k BETWEEN 3888049 AND 3888149
	Index Only Scan using k_8 on sbtest8  (cost=0.43..6.50 rows=103 width=4)
	  Index Cond: ((k >= 3888049) AND (k <= 3888149))

explain: for range-covered :: explain SELECT k FROM sbtest%d WHERE k BETWEEN 3888049 AND 3888149
for range-covered
table 1 : explain SELECT k FROM sbtest1 WHERE k BETWEEN 8762531 AND 8762631
	Index Only Scan using k_1 on sbtest1  (cost=0.43..6.56 rows=106 width=4)
	  Index Cond: ((k >= 8762531) AND (k <= 8762631))

table 2 : explain SELECT k FROM sbtest2 WHERE k BETWEEN 8762531 AND 8762631
	Index Only Scan using k_2 on sbtest2  (cost=0.43..6.42 rows=99 width=4)
	  Index Cond: ((k >= 8762531) AND (k <= 8762631))

table 3 : explain SELECT k FROM sbtest3 WHERE k BETWEEN 8762531 AND 8762631
	Index Only Scan using k_3 on sbtest3  (cost=0.43..6.53 rows=105 width=4)
	  Index Cond: ((k >= 8762531) AND (k <= 8762631))

table 4 : explain SELECT k FROM sbtest4 WHERE k BETWEEN 8762531 AND 8762631
	Index Only Scan using k_4 on sbtest4  (cost=0.43..6.61 rows=109 width=4)
	  Index Cond: ((k >= 8762531) AND (k <= 8762631))

table 5 : explain SELECT k FROM sbtest5 WHERE k BETWEEN 8762531 AND 8762631
	Index Only Scan using k_5 on sbtest5  (cost=0.43..6.47 rows=102 width=4)
	  Index Cond: ((k >= 8762531) AND (k <= 8762631))

table 6 : explain SELECT k FROM sbtest6 WHERE k BETWEEN 8762531 AND 8762631
	Index Only Scan using k_6 on sbtest6  (cost=0.43..6.63 rows=110 width=4)
	  Index Cond: ((k >= 8762531) AND (k <= 8762631))

table 7 : explain SELECT k FROM sbtest7 WHERE k BETWEEN 8762531 AND 8762631
	Index Only Scan using k_7 on sbtest7  (cost=0.43..6.59 rows=108 width=4)
	  Index Cond: ((k >= 8762531) AND (k <= 8762631))

table 8 : explain SELECT k FROM sbtest8 WHERE k BETWEEN 8762531 AND 8762631
	Index Only Scan using k_8 on sbtest8  (cost=0.43..6.50 rows=103 width=4)
	  Index Cond: ((k >= 8762531) AND (k <= 8762631))

explain: for range-covered :: explain SELECT k FROM sbtest%d WHERE k BETWEEN 8762531 AND 8762631
for range-covered
table 1 : explain SELECT k FROM sbtest1 WHERE k BETWEEN 6086334 AND 6086434
	Index Only Scan using k_1 on sbtest1  (cost=0.43..6.37 rows=97 width=4)
	  Index Cond: ((k >= 6086334) AND (k <= 6086434))

table 2 : explain SELECT k FROM sbtest2 WHERE k BETWEEN 6086334 AND 6086434
	Index Only Scan using k_2 on sbtest2  (cost=0.43..6.56 rows=106 width=4)
	  Index Cond: ((k >= 6086334) AND (k <= 6086434))

table 3 : explain SELECT k FROM sbtest3 WHERE k BETWEEN 6086334 AND 6086434
	Index Only Scan using k_3 on sbtest3  (cost=0.43..6.50 rows=103 width=4)
	  Index Cond: ((k >= 6086334) AND (k <= 6086434))

table 4 : explain SELECT k FROM sbtest4 WHERE k BETWEEN 6086334 AND 6086434
	Index Only Scan using k_4 on sbtest4  (cost=0.43..6.58 rows=107 width=4)
	  Index Cond: ((k >= 6086334) AND (k <= 6086434))

table 5 : explain SELECT k FROM sbtest5 WHERE k BETWEEN 6086334 AND 6086434
	Index Only Scan using k_5 on sbtest5  (cost=0.43..6.27 rows=92 width=4)
	  Index Cond: ((k >= 6086334) AND (k <= 6086434))

table 6 : explain SELECT k FROM sbtest6 WHERE k BETWEEN 6086334 AND 6086434
	Index Only Scan using k_6 on sbtest6  (cost=0.43..6.27 rows=92 width=4)
	  Index Cond: ((k >= 6086334) AND (k <= 6086434))

table 7 : explain SELECT k FROM sbtest7 WHERE k BETWEEN 6086334 AND 6086434
	Index Only Scan using k_7 on sbtest7  (cost=0.43..6.50 rows=103 width=4)
	  Index Cond: ((k >= 6086334) AND (k <= 6086434))

table 8 : explain SELECT k FROM sbtest8 WHERE k BETWEEN 6086334 AND 6086434
	Index Only Scan using k_8 on sbtest8  (cost=0.43..6.25 rows=91 width=4)
	  Index Cond: ((k >= 6086334) AND (k <= 6086434))

explain: for range-covered :: explain SELECT k FROM sbtest%d WHERE k BETWEEN 6086334 AND 6086434
for range-covered
table 1 : explain SELECT k FROM sbtest1 WHERE k BETWEEN 2345883 AND 2345983
	Index Only Scan using k_1 on sbtest1  (cost=0.43..6.42 rows=99 width=4)
	  Index Cond: ((k >= 2345883) AND (k <= 2345983))

table 2 : explain SELECT k FROM sbtest2 WHERE k BETWEEN 2345883 AND 2345983
	Index Only Scan using k_2 on sbtest2  (cost=0.43..6.51 rows=104 width=4)
	  Index Cond: ((k >= 2345883) AND (k <= 2345983))

table 3 : explain SELECT k FROM sbtest3 WHERE k BETWEEN 2345883 AND 2345983
	Index Only Scan using k_3 on sbtest3  (cost=0.43..6.58 rows=107 width=4)
	  Index Cond: ((k >= 2345883) AND (k <= 2345983))

table 4 : explain SELECT k FROM sbtest4 WHERE k BETWEEN 2345883 AND 2345983
	Index Only Scan using k_4 on sbtest4  (cost=0.43..6.53 rows=105 width=4)
	  Index Cond: ((k >= 2345883) AND (k <= 2345983))

table 5 : explain SELECT k FROM sbtest5 WHERE k BETWEEN 2345883 AND 2345983
	Index Only Scan using k_5 on sbtest5  (cost=0.43..6.58 rows=107 width=4)
	  Index Cond: ((k >= 2345883) AND (k <= 2345983))

table 6 : explain SELECT k FROM sbtest6 WHERE k BETWEEN 2345883 AND 2345983
	Index Only Scan using k_6 on sbtest6  (cost=0.43..6.32 rows=94 width=4)
	  Index Cond: ((k >= 2345883) AND (k <= 2345983))

table 7 : explain SELECT k FROM sbtest7 WHERE k BETWEEN 2345883 AND 2345983
	Index Only Scan using k_7 on sbtest7  (cost=0.43..6.56 rows=106 width=4)
	  Index Cond: ((k >= 2345883) AND (k <= 2345983))

table 8 : explain SELECT k FROM sbtest8 WHERE k BETWEEN 2345883 AND 2345983
	Index Only Scan using k_8 on sbtest8  (cost=0.43..6.51 rows=104 width=4)
	  Index Cond: ((k >= 2345883) AND (k <= 2345983))

explain: for range-covered :: explain SELECT k FROM sbtest%d WHERE k BETWEEN 2345883 AND 2345983
for range-covered
table 1 : explain SELECT k FROM sbtest1 WHERE k BETWEEN 6767934 AND 6768034
	Index Only Scan using k_1 on sbtest1  (cost=0.43..6.63 rows=110 width=4)
	  Index Cond: ((k >= 6767934) AND (k <= 6768034))

table 2 : explain SELECT k FROM sbtest2 WHERE k BETWEEN 6767934 AND 6768034
	Index Only Scan using k_2 on sbtest2  (cost=0.43..6.42 rows=99 width=4)
	  Index Cond: ((k >= 6767934) AND (k <= 6768034))

table 3 : explain SELECT k FROM sbtest3 WHERE k BETWEEN 6767934 AND 6768034
	Index Only Scan using k_3 on sbtest3  (cost=0.43..6.47 rows=102 width=4)
	  Index Cond: ((k >= 6767934) AND (k <= 6768034))

table 4 : explain SELECT k FROM sbtest4 WHERE k BETWEEN 6767934 AND 6768034
	Index Only Scan using k_4 on sbtest4  (cost=0.43..6.53 rows=105 width=4)
	  Index Cond: ((k >= 6767934) AND (k <= 6768034))

table 5 : explain SELECT k FROM sbtest5 WHERE k BETWEEN 6767934 AND 6768034
	Index Only Scan using k_5 on sbtest5  (cost=0.43..6.33 rows=95 width=4)
	  Index Cond: ((k >= 6767934) AND (k <= 6768034))

table 6 : explain SELECT k FROM sbtest6 WHERE k BETWEEN 6767934 AND 6768034
	Index Only Scan using k_6 on sbtest6  (cost=0.43..6.47 rows=102 width=4)
	  Index Cond: ((k >= 6767934) AND (k <= 6768034))

table 7 : explain SELECT k FROM sbtest7 WHERE k BETWEEN 6767934 AND 6768034
	Index Only Scan using k_7 on sbtest7  (cost=0.43..6.29 rows=93 width=4)
	  Index Cond: ((k >= 6767934) AND (k <= 6768034))

table 8 : explain SELECT k FROM sbtest8 WHERE k BETWEEN 6767934 AND 6768034
	Index Only Scan using k_8 on sbtest8  (cost=0.43..6.59 rows=108 width=4)
	  Index Cond: ((k >= 6767934) AND (k <= 6768034))

for range-covered
table 1 : explain SELECT k FROM sbtest1 WHERE k BETWEEN 4325013 AND 4325113
	Index Only Scan using k_1 on sbtest1  (cost=0.43..6.40 rows=98 width=4)
	  Index Cond: ((k >= 4325013) AND (k <= 4325113))

table 2 : explain SELECT k FROM sbtest2 WHERE k BETWEEN 4325013 AND 4325113
	Index Only Scan using k_2 on sbtest2  (cost=0.43..6.51 rows=104 width=4)
	  Index Cond: ((k >= 4325013) AND (k <= 4325113))

table 3 : explain SELECT k FROM sbtest3 WHERE k BETWEEN 4325013 AND 4325113
	Index Only Scan using k_3 on sbtest3  (cost=0.43..6.58 rows=107 width=4)
	  Index Cond: ((k >= 4325013) AND (k <= 4325113))

table 4 : explain SELECT k FROM sbtest4 WHERE k BETWEEN 4325013 AND 4325113
	Index Only Scan using k_4 on sbtest4  (cost=0.43..6.66 rows=111 width=4)
	  Index Cond: ((k >= 4325013) AND (k <= 4325113))

table 5 : explain SELECT k FROM sbtest5 WHERE k BETWEEN 4325013 AND 4325113
	Index Only Scan using k_5 on sbtest5  (cost=0.43..6.37 rows=97 width=4)
	  Index Cond: ((k >= 4325013) AND (k <= 4325113))

table 6 : explain SELECT k FROM sbtest6 WHERE k BETWEEN 4325013 AND 4325113
	Index Only Scan using k_6 on sbtest6  (cost=0.43..6.50 rows=103 width=4)
	  Index Cond: ((k >= 4325013) AND (k <= 4325113))

table 7 : explain SELECT k FROM sbtest7 WHERE k BETWEEN 4325013 AND 4325113
	Index Only Scan using k_7 on sbtest7  (cost=0.43..6.45 rows=101 width=4)
	  Index Cond: ((k >= 4325013) AND (k <= 4325113))

table 8 : explain SELECT k FROM sbtest8 WHERE k BETWEEN 4325013 AND 4325113
	Index Only Scan using k_8 on sbtest8  (cost=0.43..6.19 rows=88 width=4)
	  Index Cond: ((k >= 4325013) AND (k <= 4325113))

explain: for range-covered :: explain SELECT k FROM sbtest%d WHERE k BETWEEN 6767934 AND 6768034
explain: for range-covered :: explain SELECT k FROM sbtest%d WHERE k BETWEEN 4325013 AND 4325113
for range-covered
table 1 : explain SELECT k FROM sbtest1 WHERE k BETWEEN 6086334 AND 6086434
	Index Only Scan using k_1 on sbtest1  (cost=0.43..6.37 rows=97 width=4)
	  Index Cond: ((k >= 6086334) AND (k <= 6086434))

table 2 : explain SELECT k FROM sbtest2 WHERE k BETWEEN 6086334 AND 6086434
	Index Only Scan using k_2 on sbtest2  (cost=0.43..6.56 rows=106 width=4)
	  Index Cond: ((k >= 6086334) AND (k <= 6086434))

table 3 : explain SELECT k FROM sbtest3 WHERE k BETWEEN 6086334 AND 6086434
	Index Only Scan using k_3 on sbtest3  (cost=0.43..6.50 rows=103 width=4)
	  Index Cond: ((k >= 6086334) AND (k <= 6086434))

table 4 : explain SELECT k FROM sbtest4 WHERE k BETWEEN 6086334 AND 6086434
	Index Only Scan using k_4 on sbtest4  (cost=0.43..6.58 rows=107 width=4)
	  Index Cond: ((k >= 6086334) AND (k <= 6086434))

table 5 : explain SELECT k FROM sbtest5 WHERE k BETWEEN 6086334 AND 6086434
	Index Only Scan using k_5 on sbtest5  (cost=0.43..6.27 rows=92 width=4)
	  Index Cond: ((k >= 6086334) AND (k <= 6086434))

table 6 : explain SELECT k FROM sbtest6 WHERE k BETWEEN 6086334 AND 6086434
	Index Only Scan using k_6 on sbtest6  (cost=0.43..6.27 rows=92 width=4)
	  Index Cond: ((k >= 6086334) AND (k <= 6086434))

table 7 : explain SELECT k FROM sbtest7 WHERE k BETWEEN 6086334 AND 6086434
	Index Only Scan using k_7 on sbtest7  (cost=0.43..6.50 rows=103 width=4)
	  Index Cond: ((k >= 6086334) AND (k <= 6086434))

table 8 : explain SELECT k FROM sbtest8 WHERE k BETWEEN 6086334 AND 6086434
	Index Only Scan using k_8 on sbtest8  (cost=0.43..6.25 rows=91 width=4)
	  Index Cond: ((k >= 6086334) AND (k <= 6086434))

explain: for range-covered :: explain SELECT k FROM sbtest%d WHERE k BETWEEN 6086334 AND 6086434
for range-covered
table 1 : explain SELECT k FROM sbtest1 WHERE k BETWEEN 6767934 AND 6768034
	Index Only Scan using k_1 on sbtest1  (cost=0.43..6.63 rows=110 width=4)
	  Index Cond: ((k >= 6767934) AND (k <= 6768034))

table 2 : explain SELECT k FROM sbtest2 WHERE k BETWEEN 6767934 AND 6768034
	Index Only Scan using k_2 on sbtest2  (cost=0.43..6.42 rows=99 width=4)
	  Index Cond: ((k >= 6767934) AND (k <= 6768034))

table 3 : explain SELECT k FROM sbtest3 WHERE k BETWEEN 6767934 AND 6768034
	Index Only Scan using k_3 on sbtest3  (cost=0.43..6.47 rows=102 width=4)
	  Index Cond: ((k >= 6767934) AND (k <= 6768034))

table 4 : explain SELECT k FROM sbtest4 WHERE k BETWEEN 6767934 AND 6768034
	Index Only Scan using k_4 on sbtest4  (cost=0.43..6.53 rows=105 width=4)
	  Index Cond: ((k >= 6767934) AND (k <= 6768034))

table 5 : explain SELECT k FROM sbtest5 WHERE k BETWEEN 6767934 AND 6768034
	Index Only Scan using k_5 on sbtest5  (cost=0.43..6.33 rows=95 width=4)
	  Index Cond: ((k >= 6767934) AND (k <= 6768034))

table 6 : explain SELECT k FROM sbtest6 WHERE k BETWEEN 6767934 AND 6768034
	Index Only Scan using k_6 on sbtest6  (cost=0.43..6.47 rows=102 width=4)
	  Index Cond: ((k >= 6767934) AND (k <= 6768034))

table 7 : explain SELECT k FROM sbtest7 WHERE k BETWEEN 6767934 AND 6768034
	Index Only Scan using k_7 on sbtest7  (cost=0.43..6.29 rows=93 width=4)
	  Index Cond: ((k >= 6767934) AND (k <= 6768034))

table 8 : explain SELECT k FROM sbtest8 WHERE k BETWEEN 6767934 AND 6768034
	Index Only Scan using k_8 on sbtest8  (cost=0.43..6.59 rows=108 width=4)
	  Index Cond: ((k >= 6767934) AND (k <= 6768034))

for range-covered
table 1 : explain SELECT k FROM sbtest1 WHERE k BETWEEN 6240686 AND 6240786
	Index Only Scan using k_1 on sbtest1  (cost=0.43..6.50 rows=103 width=4)
	  Index Cond: ((k >= 6240686) AND (k <= 6240786))

table 2 : explain SELECT k FROM sbtest2 WHERE k BETWEEN 6240686 AND 6240786
	Index Only Scan using k_2 on sbtest2  (cost=0.43..6.66 rows=111 width=4)
	  Index Cond: ((k >= 6240686) AND (k <= 6240786))

table 3 : explain SELECT k FROM sbtest3 WHERE k BETWEEN 6240686 AND 6240786
	Index Only Scan using k_3 on sbtest3  (cost=0.43..6.50 rows=103 width=4)
	  Index Cond: ((k >= 6240686) AND (k <= 6240786))

table 4 : explain SELECT k FROM sbtest4 WHERE k BETWEEN 6240686 AND 6240786
	Index Only Scan using k_4 on sbtest4  (cost=0.43..6.37 rows=97 width=4)
	  Index Cond: ((k >= 6240686) AND (k <= 6240786))

table 5 : explain SELECT k FROM sbtest5 WHERE k BETWEEN 6240686 AND 6240786
	Index Only Scan using k_5 on sbtest5  (cost=0.43..6.40 rows=98 width=4)
	  Index Cond: ((k >= 6240686) AND (k <= 6240786))

table 6 : explain SELECT k FROM sbtest6 WHERE k BETWEEN 6240686 AND 6240786
	Index Only Scan using k_6 on sbtest6  (cost=0.43..6.37 rows=97 width=4)
	  Index Cond: ((k >= 6240686) AND (k <= 6240786))

table 7 : explain SELECT k FROM sbtest7 WHERE k BETWEEN 6240686 AND 6240786
	Index Only Scan using k_7 on sbtest7  (cost=0.43..6.67 rows=112 width=4)
	  Index Cond: ((k >= 6240686) AND (k <= 6240786))

table 8 : explain SELECT k FROM sbtest8 WHERE k BETWEEN 6240686 AND 6240786
	Index Only Scan using k_8 on sbtest8  (cost=0.43..6.67 rows=112 width=4)
	  Index Cond: ((k >= 6240686) AND (k <= 6240786))

explain: for range-covered :: explain SELECT k FROM sbtest%d WHERE k BETWEEN 6767934 AND 6768034
for range-covered
table 1 : explain SELECT k FROM sbtest1 WHERE k BETWEEN 4325013 AND 4325113
	Index Only Scan using k_1 on sbtest1  (cost=0.43..6.40 rows=98 width=4)
	  Index Cond: ((k >= 4325013) AND (k <= 4325113))

table 2 : explain SELECT k FROM sbtest2 WHERE k BETWEEN 4325013 AND 4325113
	Index Only Scan using k_2 on sbtest2  (cost=0.43..6.51 rows=104 width=4)
	  Index Cond: ((k >= 4325013) AND (k <= 4325113))

table 3 : explain SELECT k FROM sbtest3 WHERE k BETWEEN 4325013 AND 4325113
	Index Only Scan using k_3 on sbtest3  (cost=0.43..6.58 rows=107 width=4)
	  Index Cond: ((k >= 4325013) AND (k <= 4325113))

table 4 : explain SELECT k FROM sbtest4 WHERE k BETWEEN 4325013 AND 4325113
	Index Only Scan using k_4 on sbtest4  (cost=0.43..6.66 rows=111 width=4)
	  Index Cond: ((k >= 4325013) AND (k <= 4325113))

table 5 : explain SELECT k FROM sbtest5 WHERE k BETWEEN 4325013 AND 4325113
	Index Only Scan using k_5 on sbtest5  (cost=0.43..6.37 rows=97 width=4)
	  Index Cond: ((k >= 4325013) AND (k <= 4325113))

table 6 : explain SELECT k FROM sbtest6 WHERE k BETWEEN 4325013 AND 4325113
	Index Only Scan using k_6 on sbtest6  (cost=0.43..6.50 rows=103 width=4)
	  Index Cond: ((k >= 4325013) AND (k <= 4325113))

table 7 : explain SELECT k FROM sbtest7 WHERE k BETWEEN 4325013 AND 4325113
	Index Only Scan using k_7 on sbtest7  (cost=0.43..6.45 rows=101 width=4)
	  Index Cond: ((k >= 4325013) AND (k <= 4325113))

table 8 : explain SELECT k FROM sbtest8 WHERE k BETWEEN 4325013 AND 4325113
	Index Only Scan using k_8 on sbtest8  (cost=0.43..6.19 rows=88 width=4)
	  Index Cond: ((k >= 4325013) AND (k <= 4325113))

explain: for range-covered :: explain SELECT k FROM sbtest%d WHERE k BETWEEN 4325013 AND 4325113
for range-covered
table 1 : explain SELECT k FROM sbtest1 WHERE k BETWEEN 6086334 AND 6086434
	Index Only Scan using k_1 on sbtest1  (cost=0.43..6.37 rows=97 width=4)
	  Index Cond: ((k >= 6086334) AND (k <= 6086434))

table 2 : explain SELECT k FROM sbtest2 WHERE k BETWEEN 6086334 AND 6086434
	Index Only Scan using k_2 on sbtest2  (cost=0.43..6.56 rows=106 width=4)
	  Index Cond: ((k >= 6086334) AND (k <= 6086434))

table 3 : explain SELECT k FROM sbtest3 WHERE k BETWEEN 6086334 AND 6086434
	Index Only Scan using k_3 on sbtest3  (cost=0.43..6.50 rows=103 width=4)
	  Index Cond: ((k >= 6086334) AND (k <= 6086434))

table 4 : explain SELECT k FROM sbtest4 WHERE k BETWEEN 6086334 AND 6086434
	Index Only Scan using k_4 on sbtest4  (cost=0.43..6.58 rows=107 width=4)
	  Index Cond: ((k >= 6086334) AND (k <= 6086434))

table 5 : explain SELECT k FROM sbtest5 WHERE k BETWEEN 6086334 AND 6086434
	Index Only Scan using k_5 on sbtest5  (cost=0.43..6.27 rows=92 width=4)
	  Index Cond: ((k >= 6086334) AND (k <= 6086434))

table 6 : explain SELECT k FROM sbtest6 WHERE k BETWEEN 6086334 AND 6086434
	Index Only Scan using k_6 on sbtest6  (cost=0.43..6.27 rows=92 width=4)
	  Index Cond: ((k >= 6086334) AND (k <= 6086434))

table 7 : explain SELECT k FROM sbtest7 WHERE k BETWEEN 6086334 AND 6086434
	Index Only Scan using k_7 on sbtest7  (cost=0.43..6.50 rows=103 width=4)
	  Index Cond: ((k >= 6086334) AND (k <= 6086434))

table 8 : explain SELECT k FROM sbtest8 WHERE k BETWEEN 6086334 AND 6086434
	Index Only Scan using k_8 on sbtest8  (cost=0.43..6.25 rows=91 width=4)
	  Index Cond: ((k >= 6086334) AND (k <= 6086434))

explain: for range-covered :: explain SELECT k FROM sbtest%d WHERE k BETWEEN 6086334 AND 6086434
explain: for range-covered :: explain SELECT k FROM sbtest%d WHERE k BETWEEN 6240686 AND 6240786
for range-covered
table 1 : explain SELECT k FROM sbtest1 WHERE k BETWEEN 2118482 AND 2118582
	Index Only Scan using k_1 on sbtest1  (cost=0.43..6.25 rows=91 width=4)
	  Index Cond: ((k >= 2118482) AND (k <= 2118582))

table 2 : explain SELECT k FROM sbtest2 WHERE k BETWEEN 2118482 AND 2118582
	Index Only Scan using k_2 on sbtest2  (cost=0.43..6.42 rows=99 width=4)
	  Index Cond: ((k >= 2118482) AND (k <= 2118582))

table 3 : explain SELECT k FROM sbtest3 WHERE k BETWEEN 2118482 AND 2118582
	Index Only Scan using k_3 on sbtest3  (cost=0.43..6.53 rows=105 width=4)
	  Index Cond: ((k >= 2118482) AND (k <= 2118582))

table 4 : explain SELECT k FROM sbtest4 WHERE k BETWEEN 2118482 AND 2118582
	Index Only Scan using k_4 on sbtest4  (cost=0.43..6.37 rows=97 width=4)
	  Index Cond: ((k >= 2118482) AND (k <= 2118582))

table 5 : explain SELECT k FROM sbtest5 WHERE k BETWEEN 2118482 AND 2118582
	Index Only Scan using k_5 on sbtest5  (cost=0.43..6.40 rows=98 width=4)
	  Index Cond: ((k >= 2118482) AND (k <= 2118582))

table 6 : explain SELECT k FROM sbtest6 WHERE k BETWEEN 2118482 AND 2118582
	Index Only Scan using k_6 on sbtest6  (cost=0.43..6.33 rows=95 width=4)
	  Index Cond: ((k >= 2118482) AND (k <= 2118582))

table 7 : explain SELECT k FROM sbtest7 WHERE k BETWEEN 2118482 AND 2118582
	Index Only Scan using k_7 on sbtest7  (cost=0.43..6.53 rows=105 width=4)
	  Index Cond: ((k >= 2118482) AND (k <= 2118582))

table 8 : explain SELECT k FROM sbtest8 WHERE k BETWEEN 2118482 AND 2118582
	Index Only Scan using k_8 on sbtest8  (cost=0.43..6.42 rows=99 width=4)
	  Index Cond: ((k >= 2118482) AND (k <= 2118582))

for range-covered
table 1 : explain SELECT k FROM sbtest1 WHERE k BETWEEN 2345883 AND 2345983
	Index Only Scan using k_1 on sbtest1  (cost=0.43..6.42 rows=99 width=4)
	  Index Cond: ((k >= 2345883) AND (k <= 2345983))

table 2 : explain SELECT k FROM sbtest2 WHERE k BETWEEN 2345883 AND 2345983
	Index Only Scan using k_2 on sbtest2  (cost=0.43..6.51 rows=104 width=4)
	  Index Cond: ((k >= 2345883) AND (k <= 2345983))

table 3 : explain SELECT k FROM sbtest3 WHERE k BETWEEN 2345883 AND 2345983
	Index Only Scan using k_3 on sbtest3  (cost=0.43..6.58 rows=107 width=4)
	  Index Cond: ((k >= 2345883) AND (k <= 2345983))

table 4 : explain SELECT k FROM sbtest4 WHERE k BETWEEN 2345883 AND 2345983
	Index Only Scan using k_4 on sbtest4  (cost=0.43..6.53 rows=105 width=4)
	  Index Cond: ((k >= 2345883) AND (k <= 2345983))

table 5 : explain SELECT k FROM sbtest5 WHERE k BETWEEN 2345883 AND 2345983
	Index Only Scan using k_5 on sbtest5  (cost=0.43..6.58 rows=107 width=4)
	  Index Cond: ((k >= 2345883) AND (k <= 2345983))

table 6 : explain SELECT k FROM sbtest6 WHERE k BETWEEN 2345883 AND 2345983
	Index Only Scan using k_6 on sbtest6  (cost=0.43..6.32 rows=94 width=4)
	  Index Cond: ((k >= 2345883) AND (k <= 2345983))

table 7 : explain SELECT k FROM sbtest7 WHERE k BETWEEN 2345883 AND 2345983
	Index Only Scan using k_7 on sbtest7  (cost=0.43..6.56 rows=106 width=4)
	  Index Cond: ((k >= 2345883) AND (k <= 2345983))

table 8 : explain SELECT k FROM sbtest8 WHERE k BETWEEN 2345883 AND 2345983
	Index Only Scan using k_8 on sbtest8  (cost=0.43..6.51 rows=104 width=4)
	  Index Cond: ((k >= 2345883) AND (k <= 2345983))

explain: for range-covered :: explain SELECT k FROM sbtest%d WHERE k BETWEEN 2345883 AND 2345983
for range-covered
table 1 : explain SELECT k FROM sbtest1 WHERE k BETWEEN 4325013 AND 4325113
	Index Only Scan using k_1 on sbtest1  (cost=0.43..6.40 rows=98 width=4)
	  Index Cond: ((k >= 4325013) AND (k <= 4325113))

table 2 : explain SELECT k FROM sbtest2 WHERE k BETWEEN 4325013 AND 4325113
	Index Only Scan using k_2 on sbtest2  (cost=0.43..6.51 rows=104 width=4)
	  Index Cond: ((k >= 4325013) AND (k <= 4325113))

table 3 : explain SELECT k FROM sbtest3 WHERE k BETWEEN 4325013 AND 4325113
	Index Only Scan using k_3 on sbtest3  (cost=0.43..6.58 rows=107 width=4)
	  Index Cond: ((k >= 4325013) AND (k <= 4325113))

table 4 : explain SELECT k FROM sbtest4 WHERE k BETWEEN 4325013 AND 4325113
	Index Only Scan using k_4 on sbtest4  (cost=0.43..6.66 rows=111 width=4)
	  Index Cond: ((k >= 4325013) AND (k <= 4325113))

table 5 : explain SELECT k FROM sbtest5 WHERE k BETWEEN 4325013 AND 4325113
	Index Only Scan using k_5 on sbtest5  (cost=0.43..6.37 rows=97 width=4)
	  Index Cond: ((k >= 4325013) AND (k <= 4325113))

table 6 : explain SELECT k FROM sbtest6 WHERE k BETWEEN 4325013 AND 4325113
	Index Only Scan using k_6 on sbtest6  (cost=0.43..6.50 rows=103 width=4)
	  Index Cond: ((k >= 4325013) AND (k <= 4325113))

table 7 : explain SELECT k FROM sbtest7 WHERE k BETWEEN 4325013 AND 4325113
	Index Only Scan using k_7 on sbtest7  (cost=0.43..6.45 rows=101 width=4)
	  Index Cond: ((k >= 4325013) AND (k <= 4325113))

table 8 : explain SELECT k FROM sbtest8 WHERE k BETWEEN 4325013 AND 4325113
	Index Only Scan using k_8 on sbtest8  (cost=0.43..6.19 rows=88 width=4)
	  Index Cond: ((k >= 4325013) AND (k <= 4325113))

explain: for range-covered :: explain SELECT k FROM sbtest%d WHERE k BETWEEN 4325013 AND 4325113
for range-covered
table 1 : explain SELECT k FROM sbtest1 WHERE k BETWEEN 6767934 AND 6768034
	Index Only Scan using k_1 on sbtest1  (cost=0.43..6.63 rows=110 width=4)
	  Index Cond: ((k >= 6767934) AND (k <= 6768034))

table 2 : explain SELECT k FROM sbtest2 WHERE k BETWEEN 6767934 AND 6768034
	Index Only Scan using k_2 on sbtest2  (cost=0.43..6.42 rows=99 width=4)
	  Index Cond: ((k >= 6767934) AND (k <= 6768034))

table 3 : explain SELECT k FROM sbtest3 WHERE k BETWEEN 6767934 AND 6768034
	Index Only Scan using k_3 on sbtest3  (cost=0.43..6.47 rows=102 width=4)
	  Index Cond: ((k >= 6767934) AND (k <= 6768034))

table 4 : explain SELECT k FROM sbtest4 WHERE k BETWEEN 6767934 AND 6768034
	Index Only Scan using k_4 on sbtest4  (cost=0.43..6.53 rows=105 width=4)
	  Index Cond: ((k >= 6767934) AND (k <= 6768034))

table 5 : explain SELECT k FROM sbtest5 WHERE k BETWEEN 6767934 AND 6768034
	Index Only Scan using k_5 on sbtest5  (cost=0.43..6.33 rows=95 width=4)
	  Index Cond: ((k >= 6767934) AND (k <= 6768034))

table 6 : explain SELECT k FROM sbtest6 WHERE k BETWEEN 6767934 AND 6768034
	Index Only Scan using k_6 on sbtest6  (cost=0.43..6.47 rows=102 width=4)
	  Index Cond: ((k >= 6767934) AND (k <= 6768034))

table 7 : explain SELECT k FROM sbtest7 WHERE k BETWEEN 6767934 AND 6768034
	Index Only Scan using k_7 on sbtest7  (cost=0.43..6.29 rows=93 width=4)
	  Index Cond: ((k >= 6767934) AND (k <= 6768034))

table 8 : explain SELECT k FROM sbtest8 WHERE k BETWEEN 6767934 AND 6768034
	Index Only Scan using k_8 on sbtest8  (cost=0.43..6.59 rows=108 width=4)
	  Index Cond: ((k >= 6767934) AND (k <= 6768034))

for range-covered
table 1 : explain SELECT k FROM sbtest1 WHERE k BETWEEN 8762531 AND 8762631
	Index Only Scan using k_1 on sbtest1  (cost=0.43..6.56 rows=106 width=4)
	  Index Cond: ((k >= 8762531) AND (k <= 8762631))

table 2 : explain SELECT k FROM sbtest2 WHERE k BETWEEN 8762531 AND 8762631
	Index Only Scan using k_2 on sbtest2  (cost=0.43..6.42 rows=99 width=4)
	  Index Cond: ((k >= 8762531) AND (k <= 8762631))

table 3 : explain SELECT k FROM sbtest3 WHERE k BETWEEN 8762531 AND 8762631
	Index Only Scan using k_3 on sbtest3  (cost=0.43..6.53 rows=105 width=4)
	  Index Cond: ((k >= 8762531) AND (k <= 8762631))

table 4 : explain SELECT k FROM sbtest4 WHERE k BETWEEN 8762531 AND 8762631
	Index Only Scan using k_4 on sbtest4  (cost=0.43..6.61 rows=109 width=4)
	  Index Cond: ((k >= 8762531) AND (k <= 8762631))

table 5 : explain SELECT k FROM sbtest5 WHERE k BETWEEN 8762531 AND 8762631
	Index Only Scan using k_5 on sbtest5  (cost=0.43..6.47 rows=102 width=4)
	  Index Cond: ((k >= 8762531) AND (k <= 8762631))

table 6 : explain SELECT k FROM sbtest6 WHERE k BETWEEN 8762531 AND 8762631
	Index Only Scan using k_6 on sbtest6  (cost=0.43..6.63 rows=110 width=4)
	  Index Cond: ((k >= 8762531) AND (k <= 8762631))

table 7 : explain SELECT k FROM sbtest7 WHERE k BETWEEN 8762531 AND 8762631
	Index Only Scan using k_7 on sbtest7  (cost=0.43..6.59 rows=108 width=4)
	  Index Cond: ((k >= 8762531) AND (k <= 8762631))

table 8 : explain SELECT k FROM sbtest8 WHERE k BETWEEN 8762531 AND 8762631
	Index Only Scan using k_8 on sbtest8  (cost=0.43..6.50 rows=103 width=4)
	  Index Cond: ((k >= 8762531) AND (k <= 8762631))

explain: for range-covered :: explain SELECT k FROM sbtest%d WHERE k BETWEEN 6767934 AND 6768034for range-covered
table 1 : explain SELECT k FROM sbtest1 WHERE k BETWEEN 3888049 AND 3888149
	Index Only Scan using k_1 on sbtest1  (cost=0.43..6.42 rows=99 width=4)
	  Index Cond: ((k >= 3888049) AND (k <= 3888149))

table 2 : explain SELECT k FROM sbtest2 WHERE k BETWEEN 3888049 AND 3888149
	Index Only Scan using k_2 on sbtest2  (cost=0.43..6.47 rows=102 width=4)
	  Index Cond: ((k >= 3888049) AND (k <= 3888149))

table 3 : explain SELECT k FROM sbtest3 WHERE k BETWEEN 3888049 AND 3888149
	Index Only Scan using k_3 on sbtest3  (cost=0.43..6.45 rows=101 width=4)
	  Index Cond: ((k >= 3888049) AND (k <= 3888149))

table 4 : explain SELECT k FROM sbtest4 WHERE k BETWEEN 3888049 AND 3888149
	Index Only Scan using k_4 on sbtest4  (cost=0.43..6.69 rows=113 width=4)
	  Index Cond: ((k >= 3888049) AND (k <= 3888149))

table 5 : explain SELECT k FROM sbtest5 WHERE k BETWEEN 3888049 AND 3888149
	Index Only Scan using k_5 on sbtest5  (cost=0.43..6.61 rows=109 width=4)
	  Index Cond: ((k >= 3888049) AND (k <= 3888149))

table 6 : explain SELECT k FROM sbtest6 WHERE k BETWEEN 3888049 AND 3888149
	Index Only Scan using k_6 on sbtest6  (cost=0.43..6.53 rows=105 width=4)
	  Index Cond: ((k >= 3888049) AND (k <= 3888149))

table 7 : explain SELECT k FROM sbtest7 WHERE k BETWEEN 3888049 AND 3888149
	Index Only Scan using k_7 on sbtest7  (cost=0.43..6.25 rows=91 width=4)
	  Index Cond: ((k >= 3888049) AND (k <= 3888149))

table 8 : explain SELECT k FROM sbtest8 WHERE k BETWEEN 3888049 AND 3888149
	Index Only Scan using k_8 on sbtest8  (cost=0.43..6.50 rows=103 width=4)
	  Index Cond: ((k >= 3888049) AND (k <= 3888149))


explain: for range-covered :: explain SELECT k FROM sbtest%d WHERE k BETWEEN 8762531 AND 8762631
for range-covered
table 1 : explain SELECT k FROM sbtest1 WHERE k BETWEEN 4325013 AND 4325113
	Index Only Scan using k_1 on sbtest1  (cost=0.43..6.40 rows=98 width=4)
	  Index Cond: ((k >= 4325013) AND (k <= 4325113))

table 2 : explain SELECT k FROM sbtest2 WHERE k BETWEEN 4325013 AND 4325113
	Index Only Scan using k_2 on sbtest2  (cost=0.43..6.51 rows=104 width=4)
	  Index Cond: ((k >= 4325013) AND (k <= 4325113))

table 3 : explain SELECT k FROM sbtest3 WHERE k BETWEEN 4325013 AND 4325113
	Index Only Scan using k_3 on sbtest3  (cost=0.43..6.58 rows=107 width=4)
	  Index Cond: ((k >= 4325013) AND (k <= 4325113))

table 4 : explain SELECT k FROM sbtest4 WHERE k BETWEEN 4325013 AND 4325113
	Index Only Scan using k_4 on sbtest4  (cost=0.43..6.66 rows=111 width=4)
	  Index Cond: ((k >= 4325013) AND (k <= 4325113))

table 5 : explain SELECT k FROM sbtest5 WHERE k BETWEEN 4325013 AND 4325113
	Index Only Scan using k_5 on sbtest5  (cost=0.43..6.37 rows=97 width=4)
	  Index Cond: ((k >= 4325013) AND (k <= 4325113))

table 6 : explain SELECT k FROM sbtest6 WHERE k BETWEEN 4325013 AND 4325113
	Index Only Scan using k_6 on sbtest6  (cost=0.43..6.50 rows=103 width=4)
	  Index Cond: ((k >= 4325013) AND (k <= 4325113))

table 7 : explain SELECT k FROM sbtest7 WHERE k BETWEEN 4325013 AND 4325113
	Index Only Scan using k_7 on sbtest7  (cost=0.43..6.45 rows=101 width=4)
	  Index Cond: ((k >= 4325013) AND (k <= 4325113))

table 8 : explain SELECT k FROM sbtest8 WHERE k BETWEEN 4325013 AND 4325113
	Index Only Scan using k_8 on sbtest8  (cost=0.43..6.19 rows=88 width=4)
	  Index Cond: ((k >= 4325013) AND (k <= 4325113))

for range-covered
table 1 : explain SELECT k FROM sbtest1 WHERE k BETWEEN 2345883 AND 2345983
	Index Only Scan using k_1 on sbtest1  (cost=0.43..6.42 rows=99 width=4)
	  Index Cond: ((k >= 2345883) AND (k <= 2345983))

table 2 : explain SELECT k FROM sbtest2 WHERE k BETWEEN 2345883 AND 2345983
	Index Only Scan using k_2 on sbtest2  (cost=0.43..6.51 rows=104 width=4)
	  Index Cond: ((k >= 2345883) AND (k <= 2345983))

table 3 : explain SELECT k FROM sbtest3 WHERE k BETWEEN 2345883 AND 2345983
	Index Only Scan using k_3 on sbtest3  (cost=0.43..6.58 rows=107 width=4)
	  Index Cond: ((k >= 2345883) AND (k <= 2345983))

table 4 : explain SELECT k FROM sbtest4 WHERE k BETWEEN 2345883 AND 2345983
	Index Only Scan using k_4 on sbtest4  (cost=0.43..6.53 rows=105 width=4)
	  Index Cond: ((k >= 2345883) AND (k <= 2345983))

table 5 : explain SELECT k FROM sbtest5 WHERE k BETWEEN 2345883 AND 2345983
	Index Only Scan using k_5 on sbtest5  (cost=0.43..6.58 rows=107 width=4)
	  Index Cond: ((k >= 2345883) AND (k <= 2345983))

table 6 : explain SELECT k FROM sbtest6 WHERE k BETWEEN 2345883 AND 2345983
	Index Only Scan using k_6 on sbtest6  (cost=0.43..6.32 rows=94 width=4)
	  Index Cond: ((k >= 2345883) AND (k <= 2345983))

table 7 : explain SELECT k FROM sbtest7 WHERE k BETWEEN 2345883 AND 2345983
	Index Only Scan using k_7 on sbtest7  (cost=0.43..6.56 rows=106 width=4)
	  Index Cond: ((k >= 2345883) AND (k <= 2345983))

table 8 : explain SELECT k FROM sbtest8 WHERE k BETWEEN 2345883 AND 2345983
	Index Only Scan using k_8 on sbtest8  (cost=0.43..6.51 rows=104 width=4)
	  Index Cond: ((k >= 2345883) AND (k <= 2345983))

explain: for range-covered :: explain SELECT k FROM sbtest%d WHERE k BETWEEN 4325013 AND 4325113
explain: for range-covered :: explain SELECT k FROM sbtest%d WHERE k BETWEEN 2345883 AND 2345983
explain: for range-covered :: explain SELECT k FROM sbtest%d WHERE k BETWEEN 3797765 AND 3797865
for range-covered
table 1 : explain SELECT k FROM sbtest1 WHERE k BETWEEN 6240686 AND 6240786
	Index Only Scan using k_1 on sbtest1  (cost=0.43..6.50 rows=103 width=4)
	  Index Cond: ((k >= 6240686) AND (k <= 6240786))

table 2 : explain SELECT k FROM sbtest2 WHERE k BETWEEN 6240686 AND 6240786
	Index Only Scan using k_2 on sbtest2  (cost=0.43..6.66 rows=111 width=4)
	  Index Cond: ((k >= 6240686) AND (k <= 6240786))

table 3 : explain SELECT k FROM sbtest3 WHERE k BETWEEN 6240686 AND 6240786
	Index Only Scan using k_3 on sbtest3  (cost=0.43..6.50 rows=103 width=4)
	  Index Cond: ((k >= 6240686) AND (k <= 6240786))

table 4 : explain SELECT k FROM sbtest4 WHERE k BETWEEN 6240686 AND 6240786
	Index Only Scan using k_4 on sbtest4  (cost=0.43..6.37 rows=97 width=4)
	  Index Cond: ((k >= 6240686) AND (k <= 6240786))

table 5 : explain SELECT k FROM sbtest5 WHERE k BETWEEN 6240686 AND 6240786
	Index Only Scan using k_5 on sbtest5  (cost=0.43..6.40 rows=98 width=4)
	  Index Cond: ((k >= 6240686) AND (k <= 6240786))

table 6 : explain SELECT k FROM sbtest6 WHERE k BETWEEN 6240686 AND 6240786
	Index Only Scan using k_6 on sbtest6  (cost=0.43..6.37 rows=97 width=4)
	  Index Cond: ((k >= 6240686) AND (k <= 6240786))

table 7 : explain SELECT k FROM sbtest7 WHERE k BETWEEN 6240686 AND 6240786
	Index Only Scan using k_7 on sbtest7  (cost=0.43..6.67 rows=112 width=4)
	  Index Cond: ((k >= 6240686) AND (k <= 6240786))

table 8 : explain SELECT k FROM sbtest8 WHERE k BETWEEN 6240686 AND 6240786
	Index Only Scan using k_8 on sbtest8  (cost=0.43..6.67 rows=112 width=4)
	  Index Cond: ((k >= 6240686) AND (k <= 6240786))

explain: for range-covered :: explain SELECT k FROM sbtest%d WHERE k BETWEEN 6240686 AND 6240786
for range-covered
table 1 : explain SELECT k FROM sbtest1 WHERE k BETWEEN 4325013 AND 4325113
	Index Only Scan using k_1 on sbtest1  (cost=0.43..6.40 rows=98 width=4)
	  Index Cond: ((k >= 4325013) AND (k <= 4325113))

table 2 : explain SELECT k FROM sbtest2 WHERE k BETWEEN 4325013 AND 4325113
	Index Only Scan using k_2 on sbtest2  (cost=0.43..6.51 rows=104 width=4)
	  Index Cond: ((k >= 4325013) AND (k <= 4325113))

table 3 : explain SELECT k FROM sbtest3 WHERE k BETWEEN 4325013 AND 4325113
	Index Only Scan using k_3 on sbtest3  (cost=0.43..6.58 rows=107 width=4)
	  Index Cond: ((k >= 4325013) AND (k <= 4325113))

table 4 : explain SELECT k FROM sbtest4 WHERE k BETWEEN 4325013 AND 4325113
	Index Only Scan using k_4 on sbtest4  (cost=0.43..6.66 rows=111 width=4)
	  Index Cond: ((k >= 4325013) AND (k <= 4325113))

table 5 : explain SELECT k FROM sbtest5 WHERE k BETWEEN 4325013 AND 4325113
	Index Only Scan using k_5 on sbtest5  (cost=0.43..6.37 rows=97 width=4)
	  Index Cond: ((k >= 4325013) AND (k <= 4325113))

table 6 : explain SELECT k FROM sbtest6 WHERE k BETWEEN 4325013 AND 4325113
	Index Only Scan using k_6 on sbtest6  (cost=0.43..6.50 rows=103 width=4)
	  Index Cond: ((k >= 4325013) AND (k <= 4325113))

table 7 : explain SELECT k FROM sbtest7 WHERE k BETWEEN 4325013 AND 4325113
	Index Only Scan using k_7 on sbtest7  (cost=0.43..6.45 rows=101 width=4)
	  Index Cond: ((k >= 4325013) AND (k <= 4325113))

table 8 : explain SELECT k FROM sbtest8 WHERE k BETWEEN 4325013 AND 4325113
	Index Only Scan using k_8 on sbtest8  (cost=0.43..6.19 rows=88 width=4)
	  Index Cond: ((k >= 4325013) AND (k <= 4325113))

for range-covered
table 1 : explain SELECT k FROM sbtest1 WHERE k BETWEEN 2350216 AND 2350316
	Index Only Scan using k_1 on sbtest1  (cost=0.43..6.42 rows=99 width=4)
	  Index Cond: ((k >= 2350216) AND (k <= 2350316))

table 2 : explain SELECT k FROM sbtest2 WHERE k BETWEEN 2350216 AND 2350316
	Index Only Scan using k_2 on sbtest2  (cost=0.43..6.51 rows=104 width=4)
	  Index Cond: ((k >= 2350216) AND (k <= 2350316))

table 3 : explain SELECT k FROM sbtest3 WHERE k BETWEEN 2350216 AND 2350316
	Index Only Scan using k_3 on sbtest3  (cost=0.43..6.58 rows=107 width=4)
	  Index Cond: ((k >= 2350216) AND (k <= 2350316))

table 4 : explain SELECT k FROM sbtest4 WHERE k BETWEEN 2350216 AND 2350316
	Index Only Scan using k_4 on sbtest4  (cost=0.43..6.53 rows=105 width=4)
	  Index Cond: ((k >= 2350216) AND (k <= 2350316))

table 5 : explain SELECT k FROM sbtest5 WHERE k BETWEEN 2350216 AND 2350316
	Index Only Scan using k_5 on sbtest5  (cost=0.43..6.58 rows=107 width=4)
	  Index Cond: ((k >= 2350216) AND (k <= 2350316))

table 6 : explain SELECT k FROM sbtest6 WHERE k BETWEEN 2350216 AND 2350316
	Index Only Scan using k_6 on sbtest6  (cost=0.43..6.32 rows=94 width=4)
	  Index Cond: ((k >= 2350216) AND (k <= 2350316))

table 7 : explain SELECT k FROM sbtest7 WHERE k BETWEEN 2350216 AND 2350316
	Index Only Scan using k_7 on sbtest7  (cost=0.43..6.56 rows=106 width=4)
	  Index Cond: ((k >= 2350216) AND (k <= 2350316))

table 8 : explain SELECT k FROM sbtest8 WHERE k BETWEEN 2350216 AND 2350316
	Index Only Scan using k_8 on sbtest8  (cost=0.43..6.51 rows=104 width=4)
	  Index Cond: ((k >= 2350216) AND (k <= 2350316))

explain: for range-covered :: explain SELECT k FROM sbtest%d WHERE k BETWEEN 4325013 AND 4325113
for range-covered
table 1 : explain SELECT k FROM sbtest1 WHERE k BETWEEN 6767934 AND 6768034
	Index Only Scan using k_1 on sbtest1  (cost=0.43..6.63 rows=110 width=4)
	  Index Cond: ((k >= 6767934) AND (k <= 6768034))

table 2 : explain SELECT k FROM sbtest2 WHERE k BETWEEN 6767934 AND 6768034
	Index Only Scan using k_2 on sbtest2  (cost=0.43..6.42 rows=99 width=4)
	  Index Cond: ((k >= 6767934) AND (k <= 6768034))

table 3 : explain SELECT k FROM sbtest3 WHERE k BETWEEN 6767934 AND 6768034
	Index Only Scan using k_3 on sbtest3  (cost=0.43..6.47 rows=102 width=4)
	  Index Cond: ((k >= 6767934) AND (k <= 6768034))

table 4 : explain SELECT k FROM sbtest4 WHERE k BETWEEN 6767934 AND 6768034
	Index Only Scan using k_4 on sbtest4  (cost=0.43..6.53 rows=105 width=4)
	  Index Cond: ((k >= 6767934) AND (k <= 6768034))

table 5 : explain SELECT k FROM sbtest5 WHERE k BETWEEN 6767934 AND 6768034
	Index Only Scan using k_5 on sbtest5  (cost=0.43..6.33 rows=95 width=4)
	  Index Cond: ((k >= 6767934) AND (k <= 6768034))

table 6 : explain SELECT k FROM sbtest6 WHERE k BETWEEN 6767934 AND 6768034
	Index Only Scan using k_6 on sbtest6  (cost=0.43..6.47 rows=102 width=4)
	  Index Cond: ((k >= 6767934) AND (k <= 6768034))

table 7 : explain SELECT k FROM sbtest7 WHERE k BETWEEN 6767934 AND 6768034
	Index Only Scan using k_7 on sbtest7  (cost=0.43..6.29 rows=93 width=4)
	  Index Cond: ((k >= 6767934) AND (k <= 6768034))

table 8 : explain SELECT k FROM sbtest8 WHERE k BETWEEN 6767934 AND 6768034
	Index Only Scan using k_8 on sbtest8  (cost=0.43..6.59 rows=108 width=4)
	  Index Cond: ((k >= 6767934) AND (k <= 6768034))

explain: for range-covered :: explain SELECT k FROM sbtest%d WHERE k BETWEEN 2350216 AND 2350316
for range-covered
table 1 : explain SELECT k FROM sbtest1 WHERE k BETWEEN 8762531 AND 8762631
	Index Only Scan using k_1 on sbtest1  (cost=0.43..6.56 rows=106 width=4)
	  Index Cond: ((k >= 8762531) AND (k <= 8762631))

table 2 : explain SELECT k FROM sbtest2 WHERE k BETWEEN 8762531 AND 8762631
	Index Only Scan using k_2 on sbtest2  (cost=0.43..6.42 rows=99 width=4)
	  Index Cond: ((k >= 8762531) AND (k <= 8762631))

table 3 : explain SELECT k FROM sbtest3 WHERE k BETWEEN 8762531 AND 8762631
	Index Only Scan using k_3 on sbtest3  (cost=0.43..6.53 rows=105 width=4)
	  Index Cond: ((k >= 8762531) AND (k <= 8762631))

table 4 : explain SELECT k FROM sbtest4 WHERE k BETWEEN 8762531 AND 8762631
	Index Only Scan using k_4 on sbtest4  (cost=0.43..6.61 rows=109 width=4)
	  Index Cond: ((k >= 8762531) AND (k <= 8762631))

table 5 : explain SELECT k FROM sbtest5 WHERE k BETWEEN 8762531 AND 8762631
	Index Only Scan using k_5 on sbtest5  (cost=0.43..6.47 rows=102 width=4)
	  Index Cond: ((k >= 8762531) AND (k <= 8762631))

table 6 : explain SELECT k FROM sbtest6 WHERE k BETWEEN 8762531 AND 8762631
	Index Only Scan using k_6 on sbtest6  (cost=0.43..6.63 rows=110 width=4)
	  Index Cond: ((k >= 8762531) AND (k <= 8762631))

table 7 : explain SELECT k FROM sbtest7 WHERE k BETWEEN 8762531 AND 8762631
	Index Only Scan using k_7 on sbtest7  (cost=0.43..6.59 rows=108 width=4)
	  Index Cond: ((k >= 8762531) AND (k <= 8762631))

table 8 : explain SELECT k FROM sbtest8 WHERE k BETWEEN 8762531 AND 8762631
	Index Only Scan using k_8 on sbtest8  (cost=0.43..6.50 rows=103 width=4)
	  Index Cond: ((k >= 8762531) AND (k <= 8762631))

explain: for range-covered :: explain SELECT k FROM sbtest%d WHERE k BETWEEN 6767934 AND 6768034
explain: for range-covered :: explain SELECT k FROM sbtest%d WHERE k BETWEEN 8762531 AND 8762631
for range-covered
table 1 : explain SELECT k FROM sbtest1 WHERE k BETWEEN 6086334 AND 6086434
	Index Only Scan using k_1 on sbtest1  (cost=0.43..6.37 rows=97 width=4)
	  Index Cond: ((k >= 6086334) AND (k <= 6086434))

table 2 : explain SELECT k FROM sbtest2 WHERE k BETWEEN 6086334 AND 6086434
	Index Only Scan using k_2 on sbtest2  (cost=0.43..6.56 rows=106 width=4)
	  Index Cond: ((k >= 6086334) AND (k <= 6086434))

table 3 : explain SELECT k FROM sbtest3 WHERE k BETWEEN 6086334 AND 6086434
	Index Only Scan using k_3 on sbtest3  (cost=0.43..6.50 rows=103 width=4)
	  Index Cond: ((k >= 6086334) AND (k <= 6086434))

table 4 : explain SELECT k FROM sbtest4 WHERE k BETWEEN 6086334 AND 6086434
	Index Only Scan using k_4 on sbtest4  (cost=0.43..6.58 rows=107 width=4)
	  Index Cond: ((k >= 6086334) AND (k <= 6086434))

table 5 : explain SELECT k FROM sbtest5 WHERE k BETWEEN 6086334 AND 6086434
	Index Only Scan using k_5 on sbtest5  (cost=0.43..6.27 rows=92 width=4)
	  Index Cond: ((k >= 6086334) AND (k <= 6086434))

table 6 : explain SELECT k FROM sbtest6 WHERE k BETWEEN 6086334 AND 6086434
	Index Only Scan using k_6 on sbtest6  (cost=0.43..6.27 rows=92 width=4)
	  Index Cond: ((k >= 6086334) AND (k <= 6086434))

table 7 : explain SELECT k FROM sbtest7 WHERE k BETWEEN 6086334 AND 6086434
	Index Only Scan using k_7 on sbtest7  (cost=0.43..6.50 rows=103 width=4)
	  Index Cond: ((k >= 6086334) AND (k <= 6086434))

table 8 : explain SELECT k FROM sbtest8 WHERE k BETWEEN 6086334 AND 6086434
	Index Only Scan using k_8 on sbtest8  (cost=0.43..6.25 rows=91 width=4)
	  Index Cond: ((k >= 6086334) AND (k <= 6086434))

for range-covered
table 1 : explain SELECT k FROM sbtest1 WHERE k BETWEEN 6240686 AND 6240786
	Index Only Scan using k_1 on sbtest1  (cost=0.43..6.50 rows=103 width=4)
	  Index Cond: ((k >= 6240686) AND (k <= 6240786))

table 2 : explain SELECT k FROM sbtest2 WHERE k BETWEEN 6240686 AND 6240786
	Index Only Scan using k_2 on sbtest2  (cost=0.43..6.66 rows=111 width=4)
	  Index Cond: ((k >= 6240686) AND (k <= 6240786))

table 3 : explain SELECT k FROM sbtest3 WHERE k BETWEEN 6240686 AND 6240786
	Index Only Scan using k_3 on sbtest3  (cost=0.43..6.50 rows=103 width=4)
	  Index Cond: ((k >= 6240686) AND (k <= 6240786))

table 4 : explain SELECT k FROM sbtest4 WHERE k BETWEEN 6240686 AND 6240786
	Index Only Scan using k_4 on sbtest4  (cost=0.43..6.37 rows=97 width=4)
	  Index Cond: ((k >= 6240686) AND (k <= 6240786))

table 5 : explain SELECT k FROM sbtest5 WHERE k BETWEEN 6240686 AND 6240786
	Index Only Scan using k_5 on sbtest5  (cost=0.43..6.40 rows=98 width=4)
	  Index Cond: ((k >= 6240686) AND (k <= 6240786))

table 6 : explain SELECT k FROM sbtest6 WHERE k BETWEEN 6240686 AND 6240786
	Index Only Scan using k_6 on sbtest6  (cost=0.43..6.37 rows=97 width=4)
	  Index Cond: ((k >= 6240686) AND (k <= 6240786))

table 7 : explain SELECT k FROM sbtest7 WHERE k BETWEEN 6240686 AND 6240786
	Index Only Scan using k_7 on sbtest7  (cost=0.43..6.67 rows=112 width=4)
	  Index Cond: ((k >= 6240686) AND (k <= 6240786))

table 8 : explain SELECT k FROM sbtest8 WHERE k BETWEEN 6240686 AND 6240786
	Index Only Scan using k_8 on sbtest8  (cost=0.43..6.67 rows=112 width=4)
	  Index Cond: ((k >= 6240686) AND (k <= 6240786))

for range-covered
table 1 : explain SELECT k FROM sbtest1 WHERE k BETWEEN 4325013 AND 4325113
	Index Only Scan using k_1 on sbtest1  (cost=0.43..6.40 rows=98 width=4)
	  Index Cond: ((k >= 4325013) AND (k <= 4325113))

table 2 : explain SELECT k FROM sbtest2 WHERE k BETWEEN 4325013 AND 4325113
	Index Only Scan using k_2 on sbtest2  (cost=0.43..6.51 rows=104 width=4)
	  Index Cond: ((k >= 4325013) AND (k <= 4325113))

table 3 : explain SELECT k FROM sbtest3 WHERE k BETWEEN 4325013 AND 4325113
	Index Only Scan using k_3 on sbtest3  (cost=0.43..6.58 rows=107 width=4)
	  Index Cond: ((k >= 4325013) AND (k <= 4325113))

table 4 : explain SELECT k FROM sbtest4 WHERE k BETWEEN 4325013 AND 4325113
	Index Only Scan using k_4 on sbtest4  (cost=0.43..6.66 rows=111 width=4)
	  Index Cond: ((k >= 4325013) AND (k <= 4325113))

table 5 : explain SELECT k FROM sbtest5 WHERE k BETWEEN 4325013 AND 4325113
	Index Only Scan using k_5 on sbtest5  (cost=0.43..6.37 rows=97 width=4)
	  Index Cond: ((k >= 4325013) AND (k <= 4325113))

table 6 : explain SELECT k FROM sbtest6 WHERE k BETWEEN 4325013 AND 4325113
	Index Only Scan using k_6 on sbtest6  (cost=0.43..6.50 rows=103 width=4)
	  Index Cond: ((k >= 4325013) AND (k <= 4325113))

table 7 : explain SELECT k FROM sbtest7 WHERE k BETWEEN 4325013 AND 4325113
	Index Only Scan using k_7 on sbtest7  (cost=0.43..6.45 rows=101 width=4)
	  Index Cond: ((k >= 4325013) AND (k <= 4325113))

table 8 : explain SELECT k FROM sbtest8 WHERE k BETWEEN 4325013 AND 4325113
	Index Only Scan using k_8 on sbtest8  (cost=0.43..6.19 rows=88 width=4)
	  Index Cond: ((k >= 4325013) AND (k <= 4325113))

explain: for range-covered :: explain SELECT k FROM sbtest%d WHERE k BETWEEN 4325013 AND 4325113
explain: for range-covered :: explain SELECT k FROM sbtest%d WHERE k BETWEEN 6240686 AND 6240786
for range-covered
table 1 : explain SELECT k FROM sbtest1 WHERE k BETWEEN 2345883 AND 2345983
	Index Only Scan using k_1 on sbtest1  (cost=0.43..6.42 rows=99 width=4)
	  Index Cond: ((k >= 2345883) AND (k <= 2345983))

table 2 : explain SELECT k FROM sbtest2 WHERE k BETWEEN 2345883 AND 2345983
	Index Only Scan using k_2 on sbtest2  (cost=0.43..6.51 rows=104 width=4)
	  Index Cond: ((k >= 2345883) AND (k <= 2345983))

table 3 : explain SELECT k FROM sbtest3 WHERE k BETWEEN 2345883 AND 2345983
	Index Only Scan using k_3 on sbtest3  (cost=0.43..6.58 rows=107 width=4)
	  Index Cond: ((k >= 2345883) AND (k <= 2345983))

table 4 : explain SELECT k FROM sbtest4 WHERE k BETWEEN 2345883 AND 2345983
	Index Only Scan using k_4 on sbtest4  (cost=0.43..6.53 rows=105 width=4)
	  Index Cond: ((k >= 2345883) AND (k <= 2345983))

table 5 : explain SELECT k FROM sbtest5 WHERE k BETWEEN 2345883 AND 2345983
	Index Only Scan using k_5 on sbtest5  (cost=0.43..6.58 rows=107 width=4)
	  Index Cond: ((k >= 2345883) AND (k <= 2345983))

table 6 : explain SELECT k FROM sbtest6 WHERE k BETWEEN 2345883 AND 2345983
	Index Only Scan using k_6 on sbtest6  (cost=0.43..6.32 rows=94 width=4)
	  Index Cond: ((k >= 2345883) AND (k <= 2345983))

table 7 : explain SELECT k FROM sbtest7 WHERE k BETWEEN 2345883 AND 2345983
	Index Only Scan using k_7 on sbtest7  (cost=0.43..6.56 rows=106 width=4)
	  Index Cond: ((k >= 2345883) AND (k <= 2345983))

table 8 : explain SELECT k FROM sbtest8 WHERE k BETWEEN 2345883 AND 2345983
	Index Only Scan using k_8 on sbtest8  (cost=0.43..6.51 rows=104 width=4)
	  Index Cond: ((k >= 2345883) AND (k <= 2345983))

explain: for range-covered :: explain SELECT k FROM sbtest%d WHERE k BETWEEN 2345883 AND 2345983
for range-covered
table 1 : explain SELECT k FROM sbtest1 WHERE k BETWEEN 6767934 AND 6768034
	Index Only Scan using k_1 on sbtest1  (cost=0.43..6.63 rows=110 width=4)
	  Index Cond: ((k >= 6767934) AND (k <= 6768034))

table 2 : explain SELECT k FROM sbtest2 WHERE k BETWEEN 6767934 AND 6768034
	Index Only Scan using k_2 on sbtest2  (cost=0.43..6.42 rows=99 width=4)
	  Index Cond: ((k >= 6767934) AND (k <= 6768034))

table 3 : explain SELECT k FROM sbtest3 WHERE k BETWEEN 6767934 AND 6768034
	Index Only Scan using k_3 on sbtest3  (cost=0.43..6.47 rows=102 width=4)
	  Index Cond: ((k >= 6767934) AND (k <= 6768034))

table 4 : explain SELECT k FROM sbtest4 WHERE k BETWEEN 6767934 AND 6768034
	Index Only Scan using k_4 on sbtest4  (cost=0.43..6.53 rows=105 width=4)
	  Index Cond: ((k >= 6767934) AND (k <= 6768034))

table 5 : explain SELECT k FROM sbtest5 WHERE k BETWEEN 6767934 AND 6768034
	Index Only Scan using k_5 on sbtest5  (cost=0.43..6.33 rows=95 width=4)
	  Index Cond: ((k >= 6767934) AND (k <= 6768034))

table 6 : explain SELECT k FROM sbtest6 WHERE k BETWEEN 6767934 AND 6768034
	Index Only Scan using k_6 on sbtest6  (cost=0.43..6.47 rows=102 width=4)
	  Index Cond: ((k >= 6767934) AND (k <= 6768034))

table 7 : explain SELECT k FROM sbtest7 WHERE k BETWEEN 6767934 AND 6768034
	Index Only Scan using k_7 on sbtest7  (cost=0.43..6.29 rows=93 width=4)
	  Index Cond: ((k >= 6767934) AND (k <= 6768034))

table 8 : explain SELECT k FROM sbtest8 WHERE k BETWEEN 6767934 AND 6768034
	Index Only Scan using k_8 on sbtest8  (cost=0.43..6.59 rows=108 width=4)
	  Index Cond: ((k >= 6767934) AND (k <= 6768034))

explain: for range-covered :: explain SELECT k FROM sbtest%d WHERE k BETWEEN 6767934 AND 6768034
for range-covered
table 1 : explain SELECT k FROM sbtest1 WHERE k BETWEEN 2350216 AND 2350316
	Index Only Scan using k_1 on sbtest1  (cost=0.43..6.42 rows=99 width=4)
	  Index Cond: ((k >= 2350216) AND (k <= 2350316))

table 2 : explain SELECT k FROM sbtest2 WHERE k BETWEEN 2350216 AND 2350316
	Index Only Scan using k_2 on sbtest2  (cost=0.43..6.51 rows=104 width=4)
	  Index Cond: ((k >= 2350216) AND (k <= 2350316))

table 3 : explain SELECT k FROM sbtest3 WHERE k BETWEEN 2350216 AND 2350316
	Index Only Scan using k_3 on sbtest3  (cost=0.43..6.58 rows=107 width=4)
	  Index Cond: ((k >= 2350216) AND (k <= 2350316))

table 4 : explain SELECT k FROM sbtest4 WHERE k BETWEEN 2350216 AND 2350316
	Index Only Scan using k_4 on sbtest4  (cost=0.43..6.53 rows=105 width=4)
	  Index Cond: ((k >= 2350216) AND (k <= 2350316))

table 5 : explain SELECT k FROM sbtest5 WHERE k BETWEEN 2350216 AND 2350316
	Index Only Scan using k_5 on sbtest5  (cost=0.43..6.58 rows=107 width=4)
	  Index Cond: ((k >= 2350216) AND (k <= 2350316))

table 6 : explain SELECT k FROM sbtest6 WHERE k BETWEEN 2350216 AND 2350316
	Index Only Scan using k_6 on sbtest6  (cost=0.43..6.32 rows=94 width=4)
	  Index Cond: ((k >= 2350216) AND (k <= 2350316))

table 7 : explain SELECT k FROM sbtest7 WHERE k BETWEEN 2350216 AND 2350316
	Index Only Scan using k_7 on sbtest7  (cost=0.43..6.56 rows=106 width=4)
	  Index Cond: ((k >= 2350216) AND (k <= 2350316))

table 8 : explain SELECT k FROM sbtest8 WHERE k BETWEEN 2350216 AND 2350316
	Index Only Scan using k_8 on sbtest8  (cost=0.43..6.51 rows=104 width=4)
	  Index Cond: ((k >= 2350216) AND (k <= 2350316))

for range-covered
table 1 : explain SELECT k FROM sbtest1 WHERE k BETWEEN 6240686 AND 6240786
	Index Only Scan using k_1 on sbtest1  (cost=0.43..6.50 rows=103 width=4)
	  Index Cond: ((k >= 6240686) AND (k <= 6240786))

table 2 : explain SELECT k FROM sbtest2 WHERE k BETWEEN 6240686 AND 6240786
	Index Only Scan using k_2 on sbtest2  (cost=0.43..6.66 rows=111 width=4)
	  Index Cond: ((k >= 6240686) AND (k <= 6240786))

table 3 : explain SELECT k FROM sbtest3 WHERE k BETWEEN 6240686 AND 6240786
	Index Only Scan using k_3 on sbtest3  (cost=0.43..6.50 rows=103 width=4)
	  Index Cond: ((k >= 6240686) AND (k <= 6240786))

table 4 : explain SELECT k FROM sbtest4 WHERE k BETWEEN 6240686 AND 6240786
	Index Only Scan using k_4 on sbtest4  (cost=0.43..6.37 rows=97 width=4)
	  Index Cond: ((k >= 6240686) AND (k <= 6240786))

table 5 : explain SELECT k FROM sbtest5 WHERE k BETWEEN 6240686 AND 6240786
	Index Only Scan using k_5 on sbtest5  (cost=0.43..6.40 rows=98 width=4)
	  Index Cond: ((k >= 6240686) AND (k <= 6240786))

table 6 : explain SELECT k FROM sbtest6 WHERE k BETWEEN 6240686 AND 6240786
	Index Only Scan using k_6 on sbtest6  (cost=0.43..6.37 rows=97 width=4)
	  Index Cond: ((k >= 6240686) AND (k <= 6240786))

table 7 : explain SELECT k FROM sbtest7 WHERE k BETWEEN 6240686 AND 6240786
	Index Only Scan using k_7 on sbtest7  (cost=0.43..6.67 rows=112 width=4)
	  Index Cond: ((k >= 6240686) AND (k <= 6240786))

table 8 : explain SELECT k FROM sbtest8 WHERE k BETWEEN 6240686 AND 6240786
	Index Only Scan using k_8 on sbtest8  (cost=0.43..6.67 rows=112 width=4)
	  Index Cond: ((k >= 6240686) AND (k <= 6240786))

explain: for range-covered :: explain SELECT k FROM sbtest%d WHERE k BETWEEN 2350216 AND 2350316
explain: for range-covered :: explain SELECT k FROM sbtest%d WHERE k BETWEEN 6240686 AND 6240786
for range-covered
table 1 : explain SELECT k FROM sbtest1 WHERE k BETWEEN 5083411 AND 5083511
	Index Only Scan using k_1 on sbtest1  (cost=0.43..6.47 rows=102 width=4)
	  Index Cond: ((k >= 5083411) AND (k <= 5083511))

table 2 : explain SELECT k FROM sbtest2 WHERE k BETWEEN 5083411 AND 5083511
	Index Only Scan using k_2 on sbtest2  (cost=0.43..6.51 rows=104 width=4)
	  Index Cond: ((k >= 5083411) AND (k <= 5083511))

table 3 : explain SELECT k FROM sbtest3 WHERE k BETWEEN 5083411 AND 5083511
	Index Only Scan using k_3 on sbtest3  (cost=0.43..6.40 rows=98 width=4)
	  Index Cond: ((k >= 5083411) AND (k <= 5083511))

table 4 : explain SELECT k FROM sbtest4 WHERE k BETWEEN 5083411 AND 5083511
	Index Only Scan using k_4 on sbtest4  (cost=0.43..6.45 rows=101 width=4)
	  Index Cond: ((k >= 5083411) AND (k <= 5083511))

table 5 : explain SELECT k FROM sbtest5 WHERE k BETWEEN 5083411 AND 5083511
	Index Only Scan using k_5 on sbtest5  (cost=0.43..6.47 rows=102 width=4)
	  Index Cond: ((k >= 5083411) AND (k <= 5083511))

table 6 : explain SELECT k FROM sbtest6 WHERE k BETWEEN 5083411 AND 5083511
	Index Only Scan using k_6 on sbtest6  (cost=0.43..6.53 rows=105 width=4)
	  Index Cond: ((k >= 5083411) AND (k <= 5083511))

table 7 : explain SELECT k FROM sbtest7 WHERE k BETWEEN 5083411 AND 5083511
	Index Only Scan using k_7 on sbtest7  (cost=0.43..6.53 rows=105 width=4)
	  Index Cond: ((k >= 5083411) AND (k <= 5083511))

table 8 : explain SELECT k FROM sbtest8 WHERE k BETWEEN 5083411 AND 5083511
	Index Only Scan using k_8 on sbtest8  (cost=0.43..6.29 rows=93 width=4)
	  Index Cond: ((k >= 5083411) AND (k <= 5083511))

explain: for range-covered :: explain SELECT k FROM sbtest%d WHERE k BETWEEN 5083411 AND 5083511
for range-covered
table 1 : explain SELECT k FROM sbtest1 WHERE k BETWEEN 4325013 AND 4325113
	Index Only Scan using k_1 on sbtest1  (cost=0.43..6.40 rows=98 width=4)
	  Index Cond: ((k >= 4325013) AND (k <= 4325113))

table 2 : explain SELECT k FROM sbtest2 WHERE k BETWEEN 4325013 AND 4325113
	Index Only Scan using k_2 on sbtest2  (cost=0.43..6.51 rows=104 width=4)
	  Index Cond: ((k >= 4325013) AND (k <= 4325113))

table 3 : explain SELECT k FROM sbtest3 WHERE k BETWEEN 4325013 AND 4325113
	Index Only Scan using k_3 on sbtest3  (cost=0.43..6.58 rows=107 width=4)
	  Index Cond: ((k >= 4325013) AND (k <= 4325113))

table 4 : explain SELECT k FROM sbtest4 WHERE k BETWEEN 4325013 AND 4325113
	Index Only Scan using k_4 on sbtest4  (cost=0.43..6.66 rows=111 width=4)
	  Index Cond: ((k >= 4325013) AND (k <= 4325113))

table 5 : explain SELECT k FROM sbtest5 WHERE k BETWEEN 4325013 AND 4325113
	Index Only Scan using k_5 on sbtest5  (cost=0.43..6.37 rows=97 width=4)
	  Index Cond: ((k >= 4325013) AND (k <= 4325113))

table 6 : explain SELECT k FROM sbtest6 WHERE k BETWEEN 4325013 AND 4325113
	Index Only Scan using k_6 on sbtest6  (cost=0.43..6.50 rows=103 width=4)
	  Index Cond: ((k >= 4325013) AND (k <= 4325113))

table 7 : explain SELECT k FROM sbtest7 WHERE k BETWEEN 4325013 AND 4325113
	Index Only Scan using k_7 on sbtest7  (cost=0.43..6.45 rows=101 width=4)
	  Index Cond: ((k >= 4325013) AND (k <= 4325113))

table 8 : explain SELECT k FROM sbtest8 WHERE k BETWEEN 4325013 AND 4325113
	Index Only Scan using k_8 on sbtest8  (cost=0.43..6.19 rows=88 width=4)
	  Index Cond: ((k >= 4325013) AND (k <= 4325113))

for range-covered
table 1 : explain SELECT k FROM sbtest1 WHERE k BETWEEN 2350216 AND 2350316
	Index Only Scan using k_1 on sbtest1  (cost=0.43..6.42 rows=99 width=4)
	  Index Cond: ((k >= 2350216) AND (k <= 2350316))

table 2 : explain SELECT k FROM sbtest2 WHERE k BETWEEN 2350216 AND 2350316
	Index Only Scan using k_2 on sbtest2  (cost=0.43..6.51 rows=104 width=4)
	  Index Cond: ((k >= 2350216) AND (k <= 2350316))

table 3 : explain SELECT k FROM sbtest3 WHERE k BETWEEN 2350216 AND 2350316
	Index Only Scan using k_3 on sbtest3  (cost=0.43..6.58 rows=107 width=4)
	  Index Cond: ((k >= 2350216) AND (k <= 2350316))

table 4 : explain SELECT k FROM sbtest4 WHERE k BETWEEN 2350216 AND 2350316
	Index Only Scan using k_4 on sbtest4  (cost=0.43..6.53 rows=105 width=4)
	  Index Cond: ((k >= 2350216) AND (k <= 2350316))

table 5 : explain SELECT k FROM sbtest5 WHERE k BETWEEN 2350216 AND 2350316
	Index Only Scan using k_5 on sbtest5  (cost=0.43..6.58 rows=107 width=4)
	  Index Cond: ((k >= 2350216) AND (k <= 2350316))

table 6 : explain SELECT k FROM sbtest6 WHERE k BETWEEN 2350216 AND 2350316
	Index Only Scan using k_6 on sbtest6  (cost=0.43..6.32 rows=94 width=4)
	  Index Cond: ((k >= 2350216) AND (k <= 2350316))

table 7 : explain SELECT k FROM sbtest7 WHERE k BETWEEN 2350216 AND 2350316
	Index Only Scan using k_7 on sbtest7  (cost=0.43..6.56 rows=106 width=4)
	  Index Cond: ((k >= 2350216) AND (k <= 2350316))

table 8 : explain SELECT k FROM sbtest8 WHERE k BETWEEN 2350216 AND 2350316
	Index Only Scan using k_8 on sbtest8  (cost=0.43..6.51 rows=104 width=4)
	  Index Cond: ((k >= 2350216) AND (k <= 2350316))

explain: for range-covered :: explain SELECT k FROM sbtest%d WHERE k BETWEEN 2350216 AND 2350316
for range-covered
table 1 : explain SELECT k FROM sbtest1 WHERE k BETWEEN 2345883 AND 2345983
	Index Only Scan using k_1 on sbtest1  (cost=0.43..6.42 rows=99 width=4)
	  Index Cond: ((k >= 2345883) AND (k <= 2345983))

table 2 : explain SELECT k FROM sbtest2 WHERE k BETWEEN 2345883 AND 2345983
	Index Only Scan using k_2 on sbtest2  (cost=0.43..6.51 rows=104 width=4)
	  Index Cond: ((k >= 2345883) AND (k <= 2345983))

table 3 : explain SELECT k FROM sbtest3 WHERE k BETWEEN 2345883 AND 2345983
	Index Only Scan using k_3 on sbtest3  (cost=0.43..6.58 rows=107 width=4)
	  Index Cond: ((k >= 2345883) AND (k <= 2345983))

table 4 : explain SELECT k FROM sbtest4 WHERE k BETWEEN 2345883 AND 2345983
	Index Only Scan using k_4 on sbtest4  (cost=0.43..6.53 rows=105 width=4)
	  Index Cond: ((k >= 2345883) AND (k <= 2345983))

table 5 : explain SELECT k FROM sbtest5 WHERE k BETWEEN 2345883 AND 2345983
	Index Only Scan using k_5 on sbtest5  (cost=0.43..6.58 rows=107 width=4)
	  Index Cond: ((k >= 2345883) AND (k <= 2345983))

table 6 : explain SELECT k FROM sbtest6 WHERE k BETWEEN 2345883 AND 2345983
	Index Only Scan using k_6 on sbtest6  (cost=0.43..6.32 rows=94 width=4)
	  Index Cond: ((k >= 2345883) AND (k <= 2345983))

table 7 : explain SELECT k FROM sbtest7 WHERE k BETWEEN 2345883 AND 2345983
	Index Only Scan using k_7 on sbtest7  (cost=0.43..6.56 rows=106 width=4)
	  Index Cond: ((k >= 2345883) AND (k <= 2345983))

table 8 : explain SELECT k FROM sbtest8 WHERE k BETWEEN 2345883 AND 2345983
	Index Only Scan using k_8 on sbtest8  (cost=0.43..6.51 rows=104 width=4)
	  Index Cond: ((k >= 2345883) AND (k <= 2345983))

for range-covered
table 1 : explain SELECT k FROM sbtest1 WHERE k BETWEEN 2350216 AND 2350316
	Index Only Scan using k_1 on sbtest1  (cost=0.43..6.42 rows=99 width=4)
	  Index Cond: ((k >= 2350216) AND (k <= 2350316))

table 2 : explain SELECT k FROM sbtest2 WHERE k BETWEEN 2350216 AND 2350316
	Index Only Scan using k_2 on sbtest2  (cost=0.43..6.51 rows=104 width=4)
	  Index Cond: ((k >= 2350216) AND (k <= 2350316))

table 3 : explain SELECT k FROM sbtest3 WHERE k BETWEEN 2350216 AND 2350316
	Index Only Scan using k_3 on sbtest3  (cost=0.43..6.58 rows=107 width=4)
	  Index Cond: ((k >= 2350216) AND (k <= 2350316))

table 4 : explain SELECT k FROM sbtest4 WHERE k BETWEEN 2350216 AND 2350316
	Index Only Scan using k_4 on sbtest4  (cost=0.43..6.53 rows=105 width=4)
	  Index Cond: ((k >= 2350216) AND (k <= 2350316))

table 5 : explain SELECT k FROM sbtest5 WHERE k BETWEEN 2350216 AND 2350316
	Index Only Scan using k_5 on sbtest5  (cost=0.43..6.58 rows=107 width=4)
	  Index Cond: ((k >= 2350216) AND (k <= 2350316))

table 6 : explain SELECT k FROM sbtest6 WHERE k BETWEEN 2350216 AND 2350316
	Index Only Scan using k_6 on sbtest6  (cost=0.43..6.32 rows=94 width=4)
	  Index Cond: ((k >= 2350216) AND (k <= 2350316))

table 7 : explain SELECT k FROM sbtest7 WHERE k BETWEEN 2350216 AND 2350316
	Index Only Scan using k_7 on sbtest7  (cost=0.43..6.56 rows=106 width=4)
	  Index Cond: ((k >= 2350216) AND (k <= 2350316))

table 8 : explain SELECT k FROM sbtest8 WHERE k BETWEEN 2350216 AND 2350316
	Index Only Scan using k_8 on sbtest8  (cost=0.43..6.51 rows=104 width=4)
	  Index Cond: ((k >= 2350216) AND (k <= 2350316))

explain: for range-covered :: explain SELECT k FROM sbtest%d WHERE k BETWEEN 2345883 AND 2345983
explain: for range-covered :: explain SELECT k FROM sbtest%d WHERE k BETWEEN 2350216 AND 2350316
for range-covered
table 1 : explain SELECT k FROM sbtest1 WHERE k BETWEEN 5083411 AND 5083511
	Index Only Scan using k_1 on sbtest1  (cost=0.43..6.47 rows=102 width=4)
	  Index Cond: ((k >= 5083411) AND (k <= 5083511))

table 2 : explain SELECT k FROM sbtest2 WHERE k BETWEEN 5083411 AND 5083511
	Index Only Scan using k_2 on sbtest2  (cost=0.43..6.51 rows=104 width=4)
	  Index Cond: ((k >= 5083411) AND (k <= 5083511))

table 3 : explain SELECT k FROM sbtest3 WHERE k BETWEEN 5083411 AND 5083511
	Index Only Scan using k_3 on sbtest3  (cost=0.43..6.40 rows=98 width=4)
	  Index Cond: ((k >= 5083411) AND (k <= 5083511))

table 4 : explain SELECT k FROM sbtest4 WHERE k BETWEEN 5083411 AND 5083511
	Index Only Scan using k_4 on sbtest4  (cost=0.43..6.45 rows=101 width=4)
	  Index Cond: ((k >= 5083411) AND (k <= 5083511))

table 5 : explain SELECT k FROM sbtest5 WHERE k BETWEEN 5083411 AND 5083511
	Index Only Scan using k_5 on sbtest5  (cost=0.43..6.47 rows=102 width=4)
	  Index Cond: ((k >= 5083411) AND (k <= 5083511))

table 6 : explain SELECT k FROM sbtest6 WHERE k BETWEEN 5083411 AND 5083511
	Index Only Scan using k_6 on sbtest6  (cost=0.43..6.53 rows=105 width=4)
	  Index Cond: ((k >= 5083411) AND (k <= 5083511))

table 7 : explain SELECT k FROM sbtest7 WHERE k BETWEEN 5083411 AND 5083511
	Index Only Scan using k_7 on sbtest7  (cost=0.43..6.53 rows=105 width=4)
	  Index Cond: ((k >= 5083411) AND (k <= 5083511))

table 8 : explain SELECT k FROM sbtest8 WHERE k BETWEEN 5083411 AND 5083511
	Index Only Scan using k_8 on sbtest8  (cost=0.43..6.29 rows=93 width=4)
	  Index Cond: ((k >= 5083411) AND (k <= 5083511))

explain: for range-covered :: explain SELECT k FROM sbtest%d WHERE k BETWEEN 5083411 AND 5083511
for range-covered
table 1 : explain SELECT k FROM sbtest1 WHERE k BETWEEN 2350216 AND 2350316
	Index Only Scan using k_1 on sbtest1  (cost=0.43..6.42 rows=99 width=4)
	  Index Cond: ((k >= 2350216) AND (k <= 2350316))

table 2 : explain SELECT k FROM sbtest2 WHERE k BETWEEN 2350216 AND 2350316
	Index Only Scan using k_2 on sbtest2  (cost=0.43..6.51 rows=104 width=4)
	  Index Cond: ((k >= 2350216) AND (k <= 2350316))

table 3 : explain SELECT k FROM sbtest3 WHERE k BETWEEN 2350216 AND 2350316
	Index Only Scan using k_3 on sbtest3  (cost=0.43..6.58 rows=107 width=4)
	  Index Cond: ((k >= 2350216) AND (k <= 2350316))

table 4 : explain SELECT k FROM sbtest4 WHERE k BETWEEN 2350216 AND 2350316
	Index Only Scan using k_4 on sbtest4  (cost=0.43..6.53 rows=105 width=4)
	  Index Cond: ((k >= 2350216) AND (k <= 2350316))

table 5 : explain SELECT k FROM sbtest5 WHERE k BETWEEN 2350216 AND 2350316
	Index Only Scan using k_5 on sbtest5  (cost=0.43..6.58 rows=107 width=4)
	  Index Cond: ((k >= 2350216) AND (k <= 2350316))

table 6 : explain SELECT k FROM sbtest6 WHERE k BETWEEN 2350216 AND 2350316
	Index Only Scan using k_6 on sbtest6  (cost=0.43..6.32 rows=94 width=4)
	  Index Cond: ((k >= 2350216) AND (k <= 2350316))

table 7 : explain SELECT k FROM sbtest7 WHERE k BETWEEN 2350216 AND 2350316
	Index Only Scan using k_7 on sbtest7  (cost=0.43..6.56 rows=106 width=4)
	  Index Cond: ((k >= 2350216) AND (k <= 2350316))

table 8 : explain SELECT k FROM sbtest8 WHERE k BETWEEN 2350216 AND 2350316
	Index Only Scan using k_8 on sbtest8  (cost=0.43..6.51 rows=104 width=4)
	  Index Cond: ((k >= 2350216) AND (k <= 2350316))

explain: for range-covered :: explain SELECT k FROM sbtest%d WHERE k BETWEEN 2350216 AND 2350316
for range-covered
table 1 : explain SELECT k FROM sbtest1 WHERE k BETWEEN 2345883 AND 2345983
	Index Only Scan using k_1 on sbtest1  (cost=0.43..6.42 rows=99 width=4)
	  Index Cond: ((k >= 2345883) AND (k <= 2345983))

table 2 : explain SELECT k FROM sbtest2 WHERE k BETWEEN 2345883 AND 2345983
	Index Only Scan using k_2 on sbtest2  (cost=0.43..6.51 rows=104 width=4)
	  Index Cond: ((k >= 2345883) AND (k <= 2345983))

table 3 : explain SELECT k FROM sbtest3 WHERE k BETWEEN 2345883 AND 2345983
	Index Only Scan using k_3 on sbtest3  (cost=0.43..6.58 rows=107 width=4)
	  Index Cond: ((k >= 2345883) AND (k <= 2345983))

table 4 : explain SELECT k FROM sbtest4 WHERE k BETWEEN 2345883 AND 2345983
	Index Only Scan using k_4 on sbtest4  (cost=0.43..6.53 rows=105 width=4)
	  Index Cond: ((k >= 2345883) AND (k <= 2345983))

table 5 : explain SELECT k FROM sbtest5 WHERE k BETWEEN 2345883 AND 2345983
	Index Only Scan using k_5 on sbtest5  (cost=0.43..6.58 rows=107 width=4)
	  Index Cond: ((k >= 2345883) AND (k <= 2345983))

table 6 : explain SELECT k FROM sbtest6 WHERE k BETWEEN 2345883 AND 2345983
	Index Only Scan using k_6 on sbtest6  (cost=0.43..6.32 rows=94 width=4)
	  Index Cond: ((k >= 2345883) AND (k <= 2345983))

table 7 : explain SELECT k FROM sbtest7 WHERE k BETWEEN 2345883 AND 2345983
	Index Only Scan using k_7 on sbtest7  (cost=0.43..6.56 rows=106 width=4)
	  Index Cond: ((k >= 2345883) AND (k <= 2345983))

table 8 : explain SELECT k FROM sbtest8 WHERE k BETWEEN 2345883 AND 2345983
	Index Only Scan using k_8 on sbtest8  (cost=0.43..6.51 rows=104 width=4)
	  Index Cond: ((k >= 2345883) AND (k <= 2345983))

explain: for range-covered :: explain SELECT k FROM sbtest%d WHERE k BETWEEN 2345883 AND 2345983
for range-covered
table 1 : explain SELECT k FROM sbtest1 WHERE k BETWEEN 8762531 AND 8762631
	Index Only Scan using k_1 on sbtest1  (cost=0.43..6.56 rows=106 width=4)
	  Index Cond: ((k >= 8762531) AND (k <= 8762631))

table 2 : explain SELECT k FROM sbtest2 WHERE k BETWEEN 8762531 AND 8762631
	Index Only Scan using k_2 on sbtest2  (cost=0.43..6.42 rows=99 width=4)
	  Index Cond: ((k >= 8762531) AND (k <= 8762631))

table 3 : explain SELECT k FROM sbtest3 WHERE k BETWEEN 8762531 AND 8762631
	Index Only Scan using k_3 on sbtest3  (cost=0.43..6.53 rows=105 width=4)
	  Index Cond: ((k >= 8762531) AND (k <= 8762631))

table 4 : explain SELECT k FROM sbtest4 WHERE k BETWEEN 8762531 AND 8762631
	Index Only Scan using k_4 on sbtest4  (cost=0.43..6.61 rows=109 width=4)
	  Index Cond: ((k >= 8762531) AND (k <= 8762631))

table 5 : explain SELECT k FROM sbtest5 WHERE k BETWEEN 8762531 AND 8762631
	Index Only Scan using k_5 on sbtest5  (cost=0.43..6.47 rows=102 width=4)
	  Index Cond: ((k >= 8762531) AND (k <= 8762631))

table 6 : explain SELECT k FROM sbtest6 WHERE k BETWEEN 8762531 AND 8762631
	Index Only Scan using k_6 on sbtest6  (cost=0.43..6.63 rows=110 width=4)
	  Index Cond: ((k >= 8762531) AND (k <= 8762631))

table 7 : explain SELECT k FROM sbtest7 WHERE k BETWEEN 8762531 AND 8762631
	Index Only Scan using k_7 on sbtest7  (cost=0.43..6.59 rows=108 width=4)
	  Index Cond: ((k >= 8762531) AND (k <= 8762631))

table 8 : explain SELECT k FROM sbtest8 WHERE k BETWEEN 8762531 AND 8762631
	Index Only Scan using k_8 on sbtest8  (cost=0.43..6.50 rows=103 width=4)
	  Index Cond: ((k >= 8762531) AND (k <= 8762631))

explain: for range-covered :: explain SELECT k FROM sbtest%d WHERE k BETWEEN 5413295 AND 5413395
for range-covered
table 1 : explain SELECT k FROM sbtest1 WHERE k BETWEEN 5083411 AND 5083511
	Index Only Scan using k_1 on sbtest1  (cost=0.43..6.47 rows=102 width=4)
	  Index Cond: ((k >= 5083411) AND (k <= 5083511))

table 2 : explain SELECT k FROM sbtest2 WHERE k BETWEEN 5083411 AND 5083511
	Index Only Scan using k_2 on sbtest2  (cost=0.43..6.51 rows=104 width=4)
	  Index Cond: ((k >= 5083411) AND (k <= 5083511))

table 3 : explain SELECT k FROM sbtest3 WHERE k BETWEEN 5083411 AND 5083511
	Index Only Scan using k_3 on sbtest3  (cost=0.43..6.40 rows=98 width=4)
	  Index Cond: ((k >= 5083411) AND (k <= 5083511))

table 4 : explain SELECT k FROM sbtest4 WHERE k BETWEEN 5083411 AND 5083511
	Index Only Scan using k_4 on sbtest4  (cost=0.43..6.45 rows=101 width=4)
	  Index Cond: ((k >= 5083411) AND (k <= 5083511))

table 5 : explain SELECT k FROM sbtest5 WHERE k BETWEEN 5083411 AND 5083511
	Index Only Scan using k_5 on sbtest5  (cost=0.43..6.47 rows=102 width=4)
	  Index Cond: ((k >= 5083411) AND (k <= 5083511))

table 6 : explain SELECT k FROM sbtest6 WHERE k BETWEEN 5083411 AND 5083511
	Index Only Scan using k_6 on sbtest6  (cost=0.43..6.53 rows=105 width=4)
	  Index Cond: ((k >= 5083411) AND (k <= 5083511))

table 7 : explain SELECT k FROM sbtest7 WHERE k BETWEEN 5083411 AND 5083511
	Index Only Scan using k_7 on sbtest7  (cost=0.43..6.53 rows=105 width=4)
	  Index Cond: ((k >= 5083411) AND (k <= 5083511))

table 8 : explain SELECT k FROM sbtest8 WHERE k BETWEEN 5083411 AND 5083511
	Index Only Scan using k_8 on sbtest8  (cost=0.43..6.29 rows=93 width=4)
	  Index Cond: ((k >= 5083411) AND (k <= 5083511))

for range-covered
table 1 : explain SELECT k FROM sbtest1 WHERE k BETWEEN 2350216 AND 2350316
	Index Only Scan using k_1 on sbtest1  (cost=0.43..6.42 rows=99 width=4)
	  Index Cond: ((k >= 2350216) AND (k <= 2350316))

table 2 : explain SELECT k FROM sbtest2 WHERE k BETWEEN 2350216 AND 2350316
	Index Only Scan using k_2 on sbtest2  (cost=0.43..6.51 rows=104 width=4)
	  Index Cond: ((k >= 2350216) AND (k <= 2350316))

table 3 : explain SELECT k FROM sbtest3 WHERE k BETWEEN 2350216 AND 2350316
	Index Only Scan using k_3 on sbtest3  (cost=0.43..6.58 rows=107 width=4)
	  Index Cond: ((k >= 2350216) AND (k <= 2350316))

table 4 : explain SELECT k FROM sbtest4 WHERE k BETWEEN 2350216 AND 2350316
	Index Only Scan using k_4 on sbtest4  (cost=0.43..6.53 rows=105 width=4)
	  Index Cond: ((k >= 2350216) AND (k <= 2350316))

table 5 : explain SELECT k FROM sbtest5 WHERE k BETWEEN 2350216 AND 2350316
	Index Only Scan using k_5 on sbtest5  (cost=0.43..6.58 rows=107 width=4)
	  Index Cond: ((k >= 2350216) AND (k <= 2350316))

table 6 : explain SELECT k FROM sbtest6 WHERE k BETWEEN 2350216 AND 2350316
	Index Only Scan using k_6 on sbtest6  (cost=0.43..6.32 rows=94 width=4)
	  Index Cond: ((k >= 2350216) AND (k <= 2350316))

table 7 : explain SELECT k FROM sbtest7 WHERE k BETWEEN 2350216 AND 2350316
	Index Only Scan using k_7 on sbtest7  (cost=0.43..6.56 rows=106 width=4)
	  Index Cond: ((k >= 2350216) AND (k <= 2350316))

table 8 : explain SELECT k FROM sbtest8 WHERE k BETWEEN 2350216 AND 2350316
	Index Only Scan using k_8 on sbtest8  (cost=0.43..6.51 rows=104 width=4)
	  Index Cond: ((k >= 2350216) AND (k <= 2350316))

explain: for range-covered :: explain SELECT k FROM sbtest%d WHERE k BETWEEN 4325013 AND 4325113explain: for range-covered :: explain SELECT k FROM sbtest%d WHERE k BETWEEN 5083411 AND 5083511
for range-covered
table 1 : explain SELECT k FROM sbtest1 WHERE k BETWEEN 6240686 AND 6240786
	Index Only Scan using k_1 on sbtest1  (cost=0.43..6.50 rows=103 width=4)
	  Index Cond: ((k >= 6240686) AND (k <= 6240786))

table 2 : explain SELECT k FROM sbtest2 WHERE k BETWEEN 6240686 AND 6240786
	Index Only Scan using k_2 on sbtest2  (cost=0.43..6.66 rows=111 width=4)
	  Index Cond: ((k >= 6240686) AND (k <= 6240786))

table 3 : explain SELECT k FROM sbtest3 WHERE k BETWEEN 6240686 AND 6240786
	Index Only Scan using k_3 on sbtest3  (cost=0.43..6.50 rows=103 width=4)
	  Index Cond: ((k >= 6240686) AND (k <= 6240786))

table 4 : explain SELECT k FROM sbtest4 WHERE k BETWEEN 6240686 AND 6240786
	Index Only Scan using k_4 on sbtest4  (cost=0.43..6.37 rows=97 width=4)
	  Index Cond: ((k >= 6240686) AND (k <= 6240786))

table 5 : explain SELECT k FROM sbtest5 WHERE k BETWEEN 6240686 AND 6240786
	Index Only Scan using k_5 on sbtest5  (cost=0.43..6.40 rows=98 width=4)
	  Index Cond: ((k >= 6240686) AND (k <= 6240786))

table 6 : explain SELECT k FROM sbtest6 WHERE k BETWEEN 6240686 AND 6240786
	Index Only Scan using k_6 on sbtest6  (cost=0.43..6.37 rows=97 width=4)
	  Index Cond: ((k >= 6240686) AND (k <= 6240786))

table 7 : explain SELECT k FROM sbtest7 WHERE k BETWEEN 6240686 AND 6240786
	Index Only Scan using k_7 on sbtest7  (cost=0.43..6.67 rows=112 width=4)
	  Index Cond: ((k >= 6240686) AND (k <= 6240786))

table 8 : explain SELECT k FROM sbtest8 WHERE k BETWEEN 6240686 AND 6240786
	Index Only Scan using k_8 on sbtest8  (cost=0.43..6.67 rows=112 width=4)
	  Index Cond: ((k >= 6240686) AND (k <= 6240786))

explain: for range-covered :: explain SELECT k FROM sbtest%d WHERE k BETWEEN 2350216 AND 2350316

explain: for range-covered :: explain SELECT k FROM sbtest%d WHERE k BETWEEN 6240686 AND 6240786
for range-covered
table 1 : explain SELECT k FROM sbtest1 WHERE k BETWEEN 3797765 AND 3797865
	Index Only Scan using k_1 on sbtest1  (cost=0.43..6.63 rows=110 width=4)
	  Index Cond: ((k >= 3797765) AND (k <= 3797865))

table 2 : explain SELECT k FROM sbtest2 WHERE k BETWEEN 3797765 AND 3797865
	Index Only Scan using k_2 on sbtest2  (cost=0.43..6.43 rows=100 width=4)
	  Index Cond: ((k >= 3797765) AND (k <= 3797865))

table 3 : explain SELECT k FROM sbtest3 WHERE k BETWEEN 3797765 AND 3797865
	Index Only Scan using k_3 on sbtest3  (cost=0.43..6.61 rows=109 width=4)
	  Index Cond: ((k >= 3797765) AND (k <= 3797865))

table 4 : explain SELECT k FROM sbtest4 WHERE k BETWEEN 3797765 AND 3797865
	Index Only Scan using k_4 on sbtest4  (cost=0.43..6.33 rows=95 width=4)
	  Index Cond: ((k >= 3797765) AND (k <= 3797865))

table 5 : explain SELECT k FROM sbtest5 WHERE k BETWEEN 3797765 AND 3797865
	Index Only Scan using k_5 on sbtest5  (cost=0.43..6.59 rows=108 width=4)
	  Index Cond: ((k >= 3797765) AND (k <= 3797865))

table 6 : explain SELECT k FROM sbtest6 WHERE k BETWEEN 3797765 AND 3797865
	Index Only Scan using k_6 on sbtest6  (cost=0.43..6.51 rows=104 width=4)
	  Index Cond: ((k >= 3797765) AND (k <= 3797865))

table 7 : explain SELECT k FROM sbtest7 WHERE k BETWEEN 3797765 AND 3797865
	Index Only Scan using k_7 on sbtest7  (cost=0.43..6.37 rows=97 width=4)
	  Index Cond: ((k >= 3797765) AND (k <= 3797865))

table 8 : explain SELECT k FROM sbtest8 WHERE k BETWEEN 3797765 AND 3797865
	Index Only Scan using k_8 on sbtest8  (cost=0.43..6.40 rows=98 width=4)
	  Index Cond: ((k >= 3797765) AND (k <= 3797865))

explain: for range-covered :: explain SELECT k FROM sbtest%d WHERE k BETWEEN 3797765 AND 3797865
for range-covered
table 1 : explain SELECT k FROM sbtest1 WHERE k BETWEEN 8360669 AND 8360769
	Index Only Scan using k_1 on sbtest1  (cost=0.43..6.58 rows=107 width=4)
	  Index Cond: ((k >= 8360669) AND (k <= 8360769))

table 2 : explain SELECT k FROM sbtest2 WHERE k BETWEEN 8360669 AND 8360769
	Index Only Scan using k_2 on sbtest2  (cost=0.43..6.32 rows=94 width=4)
	  Index Cond: ((k >= 8360669) AND (k <= 8360769))

table 3 : explain SELECT k FROM sbtest3 WHERE k BETWEEN 8360669 AND 8360769
	Index Only Scan using k_3 on sbtest3  (cost=0.43..6.45 rows=101 width=4)
	  Index Cond: ((k >= 8360669) AND (k <= 8360769))

table 4 : explain SELECT k FROM sbtest4 WHERE k BETWEEN 8360669 AND 8360769
	Index Only Scan using k_4 on sbtest4  (cost=0.43..6.53 rows=105 width=4)
	  Index Cond: ((k >= 8360669) AND (k <= 8360769))

table 5 : explain SELECT k FROM sbtest5 WHERE k BETWEEN 8360669 AND 8360769
	Index Only Scan using k_5 on sbtest5  (cost=0.43..6.47 rows=102 width=4)
	  Index Cond: ((k >= 8360669) AND (k <= 8360769))

table 6 : explain SELECT k FROM sbtest6 WHERE k BETWEEN 8360669 AND 8360769
	Index Only Scan using k_6 on sbtest6  (cost=0.43..6.59 rows=108 width=4)
	  Index Cond: ((k >= 8360669) AND (k <= 8360769))

table 7 : explain SELECT k FROM sbtest7 WHERE k BETWEEN 8360669 AND 8360769
	Index Only Scan using k_7 on sbtest7  (cost=0.43..6.43 rows=100 width=4)
	  Index Cond: ((k >= 8360669) AND (k <= 8360769))

table 8 : explain SELECT k FROM sbtest8 WHERE k BETWEEN 8360669 AND 8360769
	Index Only Scan using k_8 on sbtest8  (cost=0.43..6.59 rows=108 width=4)
	  Index Cond: ((k >= 8360669) AND (k <= 8360769))

for range-covered
table 1 : explain SELECT k FROM sbtest1 WHERE k BETWEEN 4437347 AND 4437447
	Index Only Scan using k_1 on sbtest1  (cost=0.43..6.45 rows=101 width=4)
	  Index Cond: ((k >= 4437347) AND (k <= 4437447))

table 2 : explain SELECT k FROM sbtest2 WHERE k BETWEEN 4437347 AND 4437447
	Index Only Scan using k_2 on sbtest2  (cost=0.43..6.25 rows=91 width=4)
	  Index Cond: ((k >= 4437347) AND (k <= 4437447))

table 3 : explain SELECT k FROM sbtest3 WHERE k BETWEEN 4437347 AND 4437447
	Index Only Scan using k_3 on sbtest3  (cost=0.43..6.59 rows=108 width=4)
	  Index Cond: ((k >= 4437347) AND (k <= 4437447))

table 4 : explain SELECT k FROM sbtest4 WHERE k BETWEEN 4437347 AND 4437447
	Index Only Scan using k_4 on sbtest4  (cost=0.43..6.33 rows=95 width=4)
	  Index Cond: ((k >= 4437347) AND (k <= 4437447))

table 5 : explain SELECT k FROM sbtest5 WHERE k BETWEEN 4437347 AND 4437447
	Index Only Scan using k_5 on sbtest5  (cost=0.43..6.50 rows=103 width=4)
	  Index Cond: ((k >= 4437347) AND (k <= 4437447))

table 6 : explain SELECT k FROM sbtest6 WHERE k BETWEEN 4437347 AND 4437447
	Index Only Scan using k_6 on sbtest6  (cost=0.43..6.51 rows=104 width=4)
	  Index Cond: ((k >= 4437347) AND (k <= 4437447))

table 7 : explain SELECT k FROM sbtest7 WHERE k BETWEEN 4437347 AND 4437447
	Index Only Scan using k_7 on sbtest7  (cost=0.43..6.56 rows=106 width=4)
	  Index Cond: ((k >= 4437347) AND (k <= 4437447))

table 8 : explain SELECT k FROM sbtest8 WHERE k BETWEEN 4437347 AND 4437447
	Index Only Scan using k_8 on sbtest8  (cost=0.43..6.50 rows=103 width=4)
	  Index Cond: ((k >= 4437347) AND (k <= 4437447))

for range-covered
table 1 : explain SELECT k FROM sbtest1 WHERE k BETWEEN 6240686 AND 6240786
	Index Only Scan using k_1 on sbtest1  (cost=0.43..6.50 rows=103 width=4)
	  Index Cond: ((k >= 6240686) AND (k <= 6240786))

table 2 : explain SELECT k FROM sbtest2 WHERE k BETWEEN 6240686 AND 6240786
	Index Only Scan using k_2 on sbtest2  (cost=0.43..6.66 rows=111 width=4)
	  Index Cond: ((k >= 6240686) AND (k <= 6240786))

table 3 : explain SELECT k FROM sbtest3 WHERE k BETWEEN 6240686 AND 6240786
	Index Only Scan using k_3 on sbtest3  (cost=0.43..6.50 rows=103 width=4)
	  Index Cond: ((k >= 6240686) AND (k <= 6240786))

table 4 : explain SELECT k FROM sbtest4 WHERE k BETWEEN 6240686 AND 6240786
	Index Only Scan using k_4 on sbtest4  (cost=0.43..6.37 rows=97 width=4)
	  Index Cond: ((k >= 6240686) AND (k <= 6240786))

table 5 : explain SELECT k FROM sbtest5 WHERE k BETWEEN 6240686 AND 6240786
	Index Only Scan using k_5 on sbtest5  (cost=0.43..6.40 rows=98 width=4)
	  Index Cond: ((k >= 6240686) AND (k <= 6240786))

table 6 : explain SELECT k FROM sbtest6 WHERE k BETWEEN 6240686 AND 6240786
	Index Only Scan using k_6 on sbtest6  (cost=0.43..6.37 rows=97 width=4)
	  Index Cond: ((k >= 6240686) AND (k <= 6240786))

table 7 : explain SELECT k FROM sbtest7 WHERE k BETWEEN 6240686 AND 6240786
	Index Only Scan using k_7 on sbtest7  (cost=0.43..6.67 rows=112 width=4)
	  Index Cond: ((k >= 6240686) AND (k <= 6240786))

table 8 : explain SELECT k FROM sbtest8 WHERE k BETWEEN 6240686 AND 6240786
	Index Only Scan using k_8 on sbtest8  (cost=0.43..6.67 rows=112 width=4)
	  Index Cond: ((k >= 6240686) AND (k <= 6240786))

explain: for range-covered :: explain SELECT k FROM sbtest%d WHERE k BETWEEN 6240686 AND 6240786
for range-covered
table 1 : explain SELECT k FROM sbtest1 WHERE k BETWEEN 2345883 AND 2345983
	Index Only Scan using k_1 on sbtest1  (cost=0.43..6.42 rows=99 width=4)
	  Index Cond: ((k >= 2345883) AND (k <= 2345983))

table 2 : explain SELECT k FROM sbtest2 WHERE k BETWEEN 2345883 AND 2345983
	Index Only Scan using k_2 on sbtest2  (cost=0.43..6.51 rows=104 width=4)
	  Index Cond: ((k >= 2345883) AND (k <= 2345983))

table 3 : explain SELECT k FROM sbtest3 WHERE k BETWEEN 2345883 AND 2345983
	Index Only Scan using k_3 on sbtest3  (cost=0.43..6.58 rows=107 width=4)
	  Index Cond: ((k >= 2345883) AND (k <= 2345983))

table 4 : explain SELECT k FROM sbtest4 WHERE k BETWEEN 2345883 AND 2345983
	Index Only Scan using k_4 on sbtest4  (cost=0.43..6.53 rows=105 width=4)
	  Index Cond: ((k >= 2345883) AND (k <= 2345983))

table 5 : explain SELECT k FROM sbtest5 WHERE k BETWEEN 2345883 AND 2345983
	Index Only Scan using k_5 on sbtest5  (cost=0.43..6.58 rows=107 width=4)
	  Index Cond: ((k >= 2345883) AND (k <= 2345983))

table 6 : explain SELECT k FROM sbtest6 WHERE k BETWEEN 2345883 AND 2345983
	Index Only Scan using k_6 on sbtest6  (cost=0.43..6.32 rows=94 width=4)
	  Index Cond: ((k >= 2345883) AND (k <= 2345983))

table 7 : explain SELECT k FROM sbtest7 WHERE k BETWEEN 2345883 AND 2345983
	Index Only Scan using k_7 on sbtest7  (cost=0.43..6.56 rows=106 width=4)
	  Index Cond: ((k >= 2345883) AND (k <= 2345983))

table 8 : explain SELECT k FROM sbtest8 WHERE k BETWEEN 2345883 AND 2345983
	Index Only Scan using k_8 on sbtest8  (cost=0.43..6.51 rows=104 width=4)
	  Index Cond: ((k >= 2345883) AND (k <= 2345983))

for range-covered
table 1 : explain SELECT k FROM sbtest1 WHERE k BETWEEN 3797765 AND 3797865
	Index Only Scan using k_1 on sbtest1  (cost=0.43..6.63 rows=110 width=4)
	  Index Cond: ((k >= 3797765) AND (k <= 3797865))

table 2 : explain SELECT k FROM sbtest2 WHERE k BETWEEN 3797765 AND 3797865
	Index Only Scan using k_2 on sbtest2  (cost=0.43..6.43 rows=100 width=4)
	  Index Cond: ((k >= 3797765) AND (k <= 3797865))

table 3 : explain SELECT k FROM sbtest3 WHERE k BETWEEN 3797765 AND 3797865
	Index Only Scan using k_3 on sbtest3  (cost=0.43..6.61 rows=109 width=4)
	  Index Cond: ((k >= 3797765) AND (k <= 3797865))

table 4 : explain SELECT k FROM sbtest4 WHERE k BETWEEN 3797765 AND 3797865
	Index Only Scan using k_4 on sbtest4  (cost=0.43..6.33 rows=95 width=4)
	  Index Cond: ((k >= 3797765) AND (k <= 3797865))

table 5 : explain SELECT k FROM sbtest5 WHERE k BETWEEN 3797765 AND 3797865
	Index Only Scan using k_5 on sbtest5  (cost=0.43..6.59 rows=108 width=4)
	  Index Cond: ((k >= 3797765) AND (k <= 3797865))

table 6 : explain SELECT k FROM sbtest6 WHERE k BETWEEN 3797765 AND 3797865
	Index Only Scan using k_6 on sbtest6  (cost=0.43..6.51 rows=104 width=4)
	  Index Cond: ((k >= 3797765) AND (k <= 3797865))

table 7 : explain SELECT k FROM sbtest7 WHERE k BETWEEN 3797765 AND 3797865
	Index Only Scan using k_7 on sbtest7  (cost=0.43..6.37 rows=97 width=4)
	  Index Cond: ((k >= 3797765) AND (k <= 3797865))

table 8 : explain SELECT k FROM sbtest8 WHERE k BETWEEN 3797765 AND 3797865
	Index Only Scan using k_8 on sbtest8  (cost=0.43..6.40 rows=98 width=4)
	  Index Cond: ((k >= 3797765) AND (k <= 3797865))

for range-covered
table 1 : explain SELECT k FROM sbtest1 WHERE k BETWEEN 2350216 AND 2350316
	Index Only Scan using k_1 on sbtest1  (cost=0.43..6.42 rows=99 width=4)
	  Index Cond: ((k >= 2350216) AND (k <= 2350316))

table 2 : explain SELECT k FROM sbtest2 WHERE k BETWEEN 2350216 AND 2350316
	Index Only Scan using k_2 on sbtest2  (cost=0.43..6.51 rows=104 width=4)
	  Index Cond: ((k >= 2350216) AND (k <= 2350316))

table 3 : explain SELECT k FROM sbtest3 WHERE k BETWEEN 2350216 AND 2350316
	Index Only Scan using k_3 on sbtest3  (cost=0.43..6.58 rows=107 width=4)
	  Index Cond: ((k >= 2350216) AND (k <= 2350316))

table 4 : explain SELECT k FROM sbtest4 WHERE k BETWEEN 2350216 AND 2350316
	Index Only Scan using k_4 on sbtest4  (cost=0.43..6.53 rows=105 width=4)
	  Index Cond: ((k >= 2350216) AND (k <= 2350316))

table 5 : explain SELECT k FROM sbtest5 WHERE k BETWEEN 2350216 AND 2350316
	Index Only Scan using k_5 on sbtest5  (cost=0.43..6.58 rows=107 width=4)
	  Index Cond: ((k >= 2350216) AND (k <= 2350316))

table 6 : explain SELECT k FROM sbtest6 WHERE k BETWEEN 2350216 AND 2350316
	Index Only Scan using k_6 on sbtest6  (cost=0.43..6.32 rows=94 width=4)
	  Index Cond: ((k >= 2350216) AND (k <= 2350316))

table 7 : explain SELECT k FROM sbtest7 WHERE k BETWEEN 2350216 AND 2350316
	Index Only Scan using k_7 on sbtest7  (cost=0.43..6.56 rows=106 width=4)
	  Index Cond: ((k >= 2350216) AND (k <= 2350316))

table 8 : explain SELECT k FROM sbtest8 WHERE k BETWEEN 2350216 AND 2350316
	Index Only Scan using k_8 on sbtest8  (cost=0.43..6.51 rows=104 width=4)
	  Index Cond: ((k >= 2350216) AND (k <= 2350316))

explain: for range-covered :: explain SELECT k FROM sbtest%d WHERE k BETWEEN 8360669 AND 8360769
explain: for range-covered :: explain SELECT k FROM sbtest%d WHERE k BETWEEN 2350216 AND 2350316
for range-covered
table 1 : explain SELECT k FROM sbtest1 WHERE k BETWEEN 6240686 AND 6240786
	Index Only Scan using k_1 on sbtest1  (cost=0.43..6.50 rows=103 width=4)
	  Index Cond: ((k >= 6240686) AND (k <= 6240786))

table 2 : explain SELECT k FROM sbtest2 WHERE k BETWEEN 6240686 AND 6240786
	Index Only Scan using k_2 on sbtest2  (cost=0.43..6.66 rows=111 width=4)
	  Index Cond: ((k >= 6240686) AND (k <= 6240786))

table 3 : explain SELECT k FROM sbtest3 WHERE k BETWEEN 6240686 AND 6240786
	Index Only Scan using k_3 on sbtest3  (cost=0.43..6.50 rows=103 width=4)
	  Index Cond: ((k >= 6240686) AND (k <= 6240786))

table 4 : explain SELECT k FROM sbtest4 WHERE k BETWEEN 6240686 AND 6240786
	Index Only Scan using k_4 on sbtest4  (cost=0.43..6.37 rows=97 width=4)
	  Index Cond: ((k >= 6240686) AND (k <= 6240786))

table 5 : explain SELECT k FROM sbtest5 WHERE k BETWEEN 6240686 AND 6240786
	Index Only Scan using k_5 on sbtest5  (cost=0.43..6.40 rows=98 width=4)
	  Index Cond: ((k >= 6240686) AND (k <= 6240786))

table 6 : explain SELECT k FROM sbtest6 WHERE k BETWEEN 6240686 AND 6240786
	Index Only Scan using k_6 on sbtest6  (cost=0.43..6.37 rows=97 width=4)
	  Index Cond: ((k >= 6240686) AND (k <= 6240786))

table 7 : explain SELECT k FROM sbtest7 WHERE k BETWEEN 6240686 AND 6240786
	Index Only Scan using k_7 on sbtest7  (cost=0.43..6.67 rows=112 width=4)
	  Index Cond: ((k >= 6240686) AND (k <= 6240786))

table 8 : explain SELECT k FROM sbtest8 WHERE k BETWEEN 6240686 AND 6240786
	Index Only Scan using k_8 on sbtest8  (cost=0.43..6.67 rows=112 width=4)
	  Index Cond: ((k >= 6240686) AND (k <= 6240786))

explain: for range-covered :: explain SELECT k FROM sbtest%d WHERE k BETWEEN 6240686 AND 6240786
explain: for range-covered :: explain SELECT k FROM sbtest%d WHERE k BETWEEN 3943001 AND 3943101
explain: for range-covered :: explain SELECT k FROM sbtest%d WHERE k BETWEEN 5207813 AND 5207913
for range-covered
table 1 : explain SELECT k FROM sbtest1 WHERE k BETWEEN 4325013 AND 4325113
	Index Only Scan using k_1 on sbtest1  (cost=0.43..6.40 rows=98 width=4)
	  Index Cond: ((k >= 4325013) AND (k <= 4325113))

table 2 : explain SELECT k FROM sbtest2 WHERE k BETWEEN 4325013 AND 4325113
	Index Only Scan using k_2 on sbtest2  (cost=0.43..6.51 rows=104 width=4)
	  Index Cond: ((k >= 4325013) AND (k <= 4325113))

table 3 : explain SELECT k FROM sbtest3 WHERE k BETWEEN 4325013 AND 4325113
	Index Only Scan using k_3 on sbtest3  (cost=0.43..6.58 rows=107 width=4)
	  Index Cond: ((k >= 4325013) AND (k <= 4325113))

table 4 : explain SELECT k FROM sbtest4 WHERE k BETWEEN 4325013 AND 4325113
	Index Only Scan using k_4 on sbtest4  (cost=0.43..6.66 rows=111 width=4)
	  Index Cond: ((k >= 4325013) AND (k <= 4325113))

table 5 : explain SELECT k FROM sbtest5 WHERE k BETWEEN 4325013 AND 4325113
	Index Only Scan using k_5 on sbtest5  (cost=0.43..6.37 rows=97 width=4)
	  Index Cond: ((k >= 4325013) AND (k <= 4325113))

table 6 : explain SELECT k FROM sbtest6 WHERE k BETWEEN 4325013 AND 4325113
	Index Only Scan using k_6 on sbtest6  (cost=0.43..6.50 rows=103 width=4)
	  Index Cond: ((k >= 4325013) AND (k <= 4325113))

table 7 : explain SELECT k FROM sbtest7 WHERE k BETWEEN 4325013 AND 4325113
	Index Only Scan using k_7 on sbtest7  (cost=0.43..6.45 rows=101 width=4)
	  Index Cond: ((k >= 4325013) AND (k <= 4325113))

table 8 : explain SELECT k FROM sbtest8 WHERE k BETWEEN 4325013 AND 4325113
	Index Only Scan using k_8 on sbtest8  (cost=0.43..6.19 rows=88 width=4)
	  Index Cond: ((k >= 4325013) AND (k <= 4325113))

explain: for range-covered :: explain SELECT k FROM sbtest%d WHERE k BETWEEN 3797765 AND 3797865
for range-covered
table 1 : explain SELECT k FROM sbtest1 WHERE k BETWEEN 8360669 AND 8360769
	Index Only Scan using k_1 on sbtest1  (cost=0.43..6.58 rows=107 width=4)
	  Index Cond: ((k >= 8360669) AND (k <= 8360769))

table 2 : explain SELECT k FROM sbtest2 WHERE k BETWEEN 8360669 AND 8360769
	Index Only Scan using k_2 on sbtest2  (cost=0.43..6.32 rows=94 width=4)
	  Index Cond: ((k >= 8360669) AND (k <= 8360769))

table 3 : explain SELECT k FROM sbtest3 WHERE k BETWEEN 8360669 AND 8360769
	Index Only Scan using k_3 on sbtest3  (cost=0.43..6.45 rows=101 width=4)
	  Index Cond: ((k >= 8360669) AND (k <= 8360769))

table 4 : explain SELECT k FROM sbtest4 WHERE k BETWEEN 8360669 AND 8360769
	Index Only Scan using k_4 on sbtest4  (cost=0.43..6.53 rows=105 width=4)
	  Index Cond: ((k >= 8360669) AND (k <= 8360769))

table 5 : explain SELECT k FROM sbtest5 WHERE k BETWEEN 8360669 AND 8360769
	Index Only Scan using k_5 on sbtest5  (cost=0.43..6.47 rows=102 width=4)
	  Index Cond: ((k >= 8360669) AND (k <= 8360769))

table 6 : explain SELECT k FROM sbtest6 WHERE k BETWEEN 8360669 AND 8360769
	Index Only Scan using k_6 on sbtest6  (cost=0.43..6.59 rows=108 width=4)
	  Index Cond: ((k >= 8360669) AND (k <= 8360769))

table 7 : explain SELECT k FROM sbtest7 WHERE k BETWEEN 8360669 AND 8360769
	Index Only Scan using k_7 on sbtest7  (cost=0.43..6.43 rows=100 width=4)
	  Index Cond: ((k >= 8360669) AND (k <= 8360769))

table 8 : explain SELECT k FROM sbtest8 WHERE k BETWEEN 8360669 AND 8360769
	Index Only Scan using k_8 on sbtest8  (cost=0.43..6.59 rows=108 width=4)
	  Index Cond: ((k >= 8360669) AND (k <= 8360769))

explain: for range-covered :: explain SELECT k FROM sbtest%d WHERE k BETWEEN 8360669 AND 8360769
explain: for range-covered :: explain SELECT k FROM sbtest%d WHERE k BETWEEN 4876529 AND 4876629
for range-covered
table 1 : explain SELECT k FROM sbtest1 WHERE k BETWEEN 5413295 AND 5413395
	Index Only Scan using k_1 on sbtest1  (cost=0.43..6.51 rows=104 width=4)
	  Index Cond: ((k >= 5413295) AND (k <= 5413395))

table 2 : explain SELECT k FROM sbtest2 WHERE k BETWEEN 5413295 AND 5413395
	Index Only Scan using k_2 on sbtest2  (cost=0.43..6.50 rows=103 width=4)
	  Index Cond: ((k >= 5413295) AND (k <= 5413395))

table 3 : explain SELECT k FROM sbtest3 WHERE k BETWEEN 5413295 AND 5413395
	Index Only Scan using k_3 on sbtest3  (cost=0.43..6.63 rows=110 width=4)
	  Index Cond: ((k >= 5413295) AND (k <= 5413395))

table 4 : explain SELECT k FROM sbtest4 WHERE k BETWEEN 5413295 AND 5413395
	Index Only Scan using k_4 on sbtest4  (cost=0.43..6.59 rows=108 width=4)
	  Index Cond: ((k >= 5413295) AND (k <= 5413395))

table 5 : explain SELECT k FROM sbtest5 WHERE k BETWEEN 5413295 AND 5413395
	Index Only Scan using k_5 on sbtest5  (cost=0.43..6.43 rows=100 width=4)
	  Index Cond: ((k >= 5413295) AND (k <= 5413395))

table 6 : explain SELECT k FROM sbtest6 WHERE k BETWEEN 5413295 AND 5413395
	Index Only Scan using k_6 on sbtest6  (cost=0.43..6.77 rows=117 width=4)
	  Index Cond: ((k >= 5413295) AND (k <= 5413395))

table 7 : explain SELECT k FROM sbtest7 WHERE k BETWEEN 5413295 AND 5413395
	Index Only Scan using k_7 on sbtest7  (cost=0.43..6.42 rows=99 width=4)
	  Index Cond: ((k >= 5413295) AND (k <= 5413395))

table 8 : explain SELECT k FROM sbtest8 WHERE k BETWEEN 5413295 AND 5413395
	Index Only Scan using k_8 on sbtest8  (cost=0.43..6.51 rows=104 width=4)
	  Index Cond: ((k >= 5413295) AND (k <= 5413395))

explain: for range-covered :: explain SELECT k FROM sbtest%d WHERE k BETWEEN 5413295 AND 5413395
for range-covered
table 1 : explain SELECT k FROM sbtest1 WHERE k BETWEEN 3797765 AND 3797865
	Index Only Scan using k_1 on sbtest1  (cost=0.43..6.63 rows=110 width=4)
	  Index Cond: ((k >= 3797765) AND (k <= 3797865))

table 2 : explain SELECT k FROM sbtest2 WHERE k BETWEEN 3797765 AND 3797865
	Index Only Scan using k_2 on sbtest2  (cost=0.43..6.43 rows=100 width=4)
	  Index Cond: ((k >= 3797765) AND (k <= 3797865))

table 3 : explain SELECT k FROM sbtest3 WHERE k BETWEEN 3797765 AND 3797865
	Index Only Scan using k_3 on sbtest3  (cost=0.43..6.61 rows=109 width=4)
	  Index Cond: ((k >= 3797765) AND (k <= 3797865))

table 4 : explain SELECT k FROM sbtest4 WHERE k BETWEEN 3797765 AND 3797865
	Index Only Scan using k_4 on sbtest4  (cost=0.43..6.33 rows=95 width=4)
	  Index Cond: ((k >= 3797765) AND (k <= 3797865))

table 5 : explain SELECT k FROM sbtest5 WHERE k BETWEEN 3797765 AND 3797865
	Index Only Scan using k_5 on sbtest5  (cost=0.43..6.59 rows=108 width=4)
	  Index Cond: ((k >= 3797765) AND (k <= 3797865))

table 6 : explain SELECT k FROM sbtest6 WHERE k BETWEEN 3797765 AND 3797865
	Index Only Scan using k_6 on sbtest6  (cost=0.43..6.51 rows=104 width=4)
	  Index Cond: ((k >= 3797765) AND (k <= 3797865))

table 7 : explain SELECT k FROM sbtest7 WHERE k BETWEEN 3797765 AND 3797865
	Index Only Scan using k_7 on sbtest7  (cost=0.43..6.37 rows=97 width=4)
	  Index Cond: ((k >= 3797765) AND (k <= 3797865))

table 8 : explain SELECT k FROM sbtest8 WHERE k BETWEEN 3797765 AND 3797865
	Index Only Scan using k_8 on sbtest8  (cost=0.43..6.40 rows=98 width=4)
	  Index Cond: ((k >= 3797765) AND (k <= 3797865))

explain: for range-covered :: explain SELECT k FROM sbtest%d WHERE k BETWEEN 3797765 AND 3797865
for range-covered
table 1 : explain SELECT k FROM sbtest1 WHERE k BETWEEN 2350216 AND 2350316
	Index Only Scan using k_1 on sbtest1  (cost=0.43..6.42 rows=99 width=4)
	  Index Cond: ((k >= 2350216) AND (k <= 2350316))

table 2 : explain SELECT k FROM sbtest2 WHERE k BETWEEN 2350216 AND 2350316
	Index Only Scan using k_2 on sbtest2  (cost=0.43..6.51 rows=104 width=4)
	  Index Cond: ((k >= 2350216) AND (k <= 2350316))

table 3 : explain SELECT k FROM sbtest3 WHERE k BETWEEN 2350216 AND 2350316
	Index Only Scan using k_3 on sbtest3  (cost=0.43..6.58 rows=107 width=4)
	  Index Cond: ((k >= 2350216) AND (k <= 2350316))

table 4 : explain SELECT k FROM sbtest4 WHERE k BETWEEN 2350216 AND 2350316
	Index Only Scan using k_4 on sbtest4  (cost=0.43..6.53 rows=105 width=4)
	  Index Cond: ((k >= 2350216) AND (k <= 2350316))

table 5 : explain SELECT k FROM sbtest5 WHERE k BETWEEN 2350216 AND 2350316
	Index Only Scan using k_5 on sbtest5  (cost=0.43..6.58 rows=107 width=4)
	  Index Cond: ((k >= 2350216) AND (k <= 2350316))

table 6 : explain SELECT k FROM sbtest6 WHERE k BETWEEN 2350216 AND 2350316
	Index Only Scan using k_6 on sbtest6  (cost=0.43..6.32 rows=94 width=4)
	  Index Cond: ((k >= 2350216) AND (k <= 2350316))

table 7 : explain SELECT k FROM sbtest7 WHERE k BETWEEN 2350216 AND 2350316
	Index Only Scan using k_7 on sbtest7  (cost=0.43..6.56 rows=106 width=4)
	  Index Cond: ((k >= 2350216) AND (k <= 2350316))

table 8 : explain SELECT k FROM sbtest8 WHERE k BETWEEN 2350216 AND 2350316
	Index Only Scan using k_8 on sbtest8  (cost=0.43..6.51 rows=104 width=4)
	  Index Cond: ((k >= 2350216) AND (k <= 2350316))

for range-covered
table 1 : explain SELECT k FROM sbtest1 WHERE k BETWEEN 8360669 AND 8360769
	Index Only Scan using k_1 on sbtest1  (cost=0.43..6.58 rows=107 width=4)
	  Index Cond: ((k >= 8360669) AND (k <= 8360769))

table 2 : explain SELECT k FROM sbtest2 WHERE k BETWEEN 8360669 AND 8360769
	Index Only Scan using k_2 on sbtest2  (cost=0.43..6.32 rows=94 width=4)
	  Index Cond: ((k >= 8360669) AND (k <= 8360769))

table 3 : explain SELECT k FROM sbtest3 WHERE k BETWEEN 8360669 AND 8360769
	Index Only Scan using k_3 on sbtest3  (cost=0.43..6.45 rows=101 width=4)
	  Index Cond: ((k >= 8360669) AND (k <= 8360769))

table 4 : explain SELECT k FROM sbtest4 WHERE k BETWEEN 8360669 AND 8360769
	Index Only Scan using k_4 on sbtest4  (cost=0.43..6.53 rows=105 width=4)
	  Index Cond: ((k >= 8360669) AND (k <= 8360769))

table 5 : explain SELECT k FROM sbtest5 WHERE k BETWEEN 8360669 AND 8360769
	Index Only Scan using k_5 on sbtest5  (cost=0.43..6.47 rows=102 width=4)
	  Index Cond: ((k >= 8360669) AND (k <= 8360769))

table 6 : explain SELECT k FROM sbtest6 WHERE k BETWEEN 8360669 AND 8360769
	Index Only Scan using k_6 on sbtest6  (cost=0.43..6.59 rows=108 width=4)
	  Index Cond: ((k >= 8360669) AND (k <= 8360769))

table 7 : explain SELECT k FROM sbtest7 WHERE k BETWEEN 8360669 AND 8360769
	Index Only Scan using k_7 on sbtest7  (cost=0.43..6.43 rows=100 width=4)
	  Index Cond: ((k >= 8360669) AND (k <= 8360769))

table 8 : explain SELECT k FROM sbtest8 WHERE k BETWEEN 8360669 AND 8360769
	Index Only Scan using k_8 on sbtest8  (cost=0.43..6.59 rows=108 width=4)
	  Index Cond: ((k >= 8360669) AND (k <= 8360769))

explain: for range-covered :: explain SELECT k FROM sbtest%d WHERE k BETWEEN 1450672 AND 1450772
explain: for range-covered :: explain SELECT k FROM sbtest%d WHERE k BETWEEN 4437347 AND 4437447
explain: for range-covered :: explain SELECT k FROM sbtest%d WHERE k BETWEEN 8360669 AND 8360769
for range-covered
table 1 : explain SELECT k FROM sbtest1 WHERE k BETWEEN 6240686 AND 6240786
	Index Only Scan using k_1 on sbtest1  (cost=0.43..6.50 rows=103 width=4)
	  Index Cond: ((k >= 6240686) AND (k <= 6240786))

table 2 : explain SELECT k FROM sbtest2 WHERE k BETWEEN 6240686 AND 6240786
	Index Only Scan using k_2 on sbtest2  (cost=0.43..6.66 rows=111 width=4)
	  Index Cond: ((k >= 6240686) AND (k <= 6240786))

table 3 : explain SELECT k FROM sbtest3 WHERE k BETWEEN 6240686 AND 6240786
	Index Only Scan using k_3 on sbtest3  (cost=0.43..6.50 rows=103 width=4)
	  Index Cond: ((k >= 6240686) AND (k <= 6240786))

table 4 : explain SELECT k FROM sbtest4 WHERE k BETWEEN 6240686 AND 6240786
	Index Only Scan using k_4 on sbtest4  (cost=0.43..6.37 rows=97 width=4)
	  Index Cond: ((k >= 6240686) AND (k <= 6240786))

table 5 : explain SELECT k FROM sbtest5 WHERE k BETWEEN 6240686 AND 6240786
	Index Only Scan using k_5 on sbtest5  (cost=0.43..6.40 rows=98 width=4)
	  Index Cond: ((k >= 6240686) AND (k <= 6240786))

table 6 : explain SELECT k FROM sbtest6 WHERE k BETWEEN 6240686 AND 6240786
	Index Only Scan using k_6 on sbtest6  (cost=0.43..6.37 rows=97 width=4)
	  Index Cond: ((k >= 6240686) AND (k <= 6240786))

table 7 : explain SELECT k FROM sbtest7 WHERE k BETWEEN 6240686 AND 6240786
	Index Only Scan using k_7 on sbtest7  (cost=0.43..6.67 rows=112 width=4)
	  Index Cond: ((k >= 6240686) AND (k <= 6240786))

table 8 : explain SELECT k FROM sbtest8 WHERE k BETWEEN 6240686 AND 6240786
	Index Only Scan using k_8 on sbtest8  (cost=0.43..6.67 rows=112 width=4)
	  Index Cond: ((k >= 6240686) AND (k <= 6240786))

for range-covered
table 1 : explain SELECT k FROM sbtest1 WHERE k BETWEEN 6767934 AND 6768034
	Index Only Scan using k_1 on sbtest1  (cost=0.43..6.63 rows=110 width=4)
	  Index Cond: ((k >= 6767934) AND (k <= 6768034))

table 2 : explain SELECT k FROM sbtest2 WHERE k BETWEEN 6767934 AND 6768034
	Index Only Scan using k_2 on sbtest2  (cost=0.43..6.42 rows=99 width=4)
	  Index Cond: ((k >= 6767934) AND (k <= 6768034))

table 3 : explain SELECT k FROM sbtest3 WHERE k BETWEEN 6767934 AND 6768034
	Index Only Scan using k_3 on sbtest3  (cost=0.43..6.47 rows=102 width=4)
	  Index Cond: ((k >= 6767934) AND (k <= 6768034))

table 4 : explain SELECT k FROM sbtest4 WHERE k BETWEEN 6767934 AND 6768034
	Index Only Scan using k_4 on sbtest4  (cost=0.43..6.53 rows=105 width=4)
	  Index Cond: ((k >= 6767934) AND (k <= 6768034))

table 5 : explain SELECT k FROM sbtest5 WHERE k BETWEEN 6767934 AND 6768034
	Index Only Scan using k_5 on sbtest5  (cost=0.43..6.33 rows=95 width=4)
	  Index Cond: ((k >= 6767934) AND (k <= 6768034))

table 6 : explain SELECT k FROM sbtest6 WHERE k BETWEEN 6767934 AND 6768034
	Index Only Scan using k_6 on sbtest6  (cost=0.43..6.47 rows=102 width=4)
	  Index Cond: ((k >= 6767934) AND (k <= 6768034))

table 7 : explain SELECT k FROM sbtest7 WHERE k BETWEEN 6767934 AND 6768034
	Index Only Scan using k_7 on sbtest7  (cost=0.43..6.29 rows=93 width=4)
	  Index Cond: ((k >= 6767934) AND (k <= 6768034))

table 8 : explain SELECT k FROM sbtest8 WHERE k BETWEEN 6767934 AND 6768034
	Index Only Scan using k_8 on sbtest8  (cost=0.43..6.59 rows=108 width=4)
	  Index Cond: ((k >= 6767934) AND (k <= 6768034))

explain: for range-covered :: explain SELECT k FROM sbtest%d WHERE k BETWEEN 6767934 AND 6768034
for range-covered
table 1 : explain SELECT k FROM sbtest1 WHERE k BETWEEN 5083411 AND 5083511
	Index Only Scan using k_1 on sbtest1  (cost=0.43..6.47 rows=102 width=4)
	  Index Cond: ((k >= 5083411) AND (k <= 5083511))

table 2 : explain SELECT k FROM sbtest2 WHERE k BETWEEN 5083411 AND 5083511
	Index Only Scan using k_2 on sbtest2  (cost=0.43..6.51 rows=104 width=4)
	  Index Cond: ((k >= 5083411) AND (k <= 5083511))

table 3 : explain SELECT k FROM sbtest3 WHERE k BETWEEN 5083411 AND 5083511
	Index Only Scan using k_3 on sbtest3  (cost=0.43..6.40 rows=98 width=4)
	  Index Cond: ((k >= 5083411) AND (k <= 5083511))

table 4 : explain SELECT k FROM sbtest4 WHERE k BETWEEN 5083411 AND 5083511
	Index Only Scan using k_4 on sbtest4  (cost=0.43..6.45 rows=101 width=4)
	  Index Cond: ((k >= 5083411) AND (k <= 5083511))

table 5 : explain SELECT k FROM sbtest5 WHERE k BETWEEN 5083411 AND 5083511
	Index Only Scan using k_5 on sbtest5  (cost=0.43..6.47 rows=102 width=4)
	  Index Cond: ((k >= 5083411) AND (k <= 5083511))

table 6 : explain SELECT k FROM sbtest6 WHERE k BETWEEN 5083411 AND 5083511
	Index Only Scan using k_6 on sbtest6  (cost=0.43..6.53 rows=105 width=4)
	  Index Cond: ((k >= 5083411) AND (k <= 5083511))

table 7 : explain SELECT k FROM sbtest7 WHERE k BETWEEN 5083411 AND 5083511
	Index Only Scan using k_7 on sbtest7  (cost=0.43..6.53 rows=105 width=4)
	  Index Cond: ((k >= 5083411) AND (k <= 5083511))

table 8 : explain SELECT k FROM sbtest8 WHERE k BETWEEN 5083411 AND 5083511
	Index Only Scan using k_8 on sbtest8  (cost=0.43..6.29 rows=93 width=4)
	  Index Cond: ((k >= 5083411) AND (k <= 5083511))

for range-covered
table 1 : explain SELECT k FROM sbtest1 WHERE k BETWEEN 3797765 AND 3797865
	Index Only Scan using k_1 on sbtest1  (cost=0.43..6.63 rows=110 width=4)
	  Index Cond: ((k >= 3797765) AND (k <= 3797865))

table 2 : explain SELECT k FROM sbtest2 WHERE k BETWEEN 3797765 AND 3797865
	Index Only Scan using k_2 on sbtest2  (cost=0.43..6.43 rows=100 width=4)
	  Index Cond: ((k >= 3797765) AND (k <= 3797865))

table 3 : explain SELECT k FROM sbtest3 WHERE k BETWEEN 3797765 AND 3797865
	Index Only Scan using k_3 on sbtest3  (cost=0.43..6.61 rows=109 width=4)
	  Index Cond: ((k >= 3797765) AND (k <= 3797865))

table 4 : explain SELECT k FROM sbtest4 WHERE k BETWEEN 3797765 AND 3797865
	Index Only Scan using k_4 on sbtest4  (cost=0.43..6.33 rows=95 width=4)
	  Index Cond: ((k >= 3797765) AND (k <= 3797865))

table 5 : explain SELECT k FROM sbtest5 WHERE k BETWEEN 3797765 AND 3797865
	Index Only Scan using k_5 on sbtest5  (cost=0.43..6.59 rows=108 width=4)
	  Index Cond: ((k >= 3797765) AND (k <= 3797865))

table 6 : explain SELECT k FROM sbtest6 WHERE k BETWEEN 3797765 AND 3797865
	Index Only Scan using k_6 on sbtest6  (cost=0.43..6.51 rows=104 width=4)
	  Index Cond: ((k >= 3797765) AND (k <= 3797865))

table 7 : explain SELECT k FROM sbtest7 WHERE k BETWEEN 3797765 AND 3797865
	Index Only Scan using k_7 on sbtest7  (cost=0.43..6.37 rows=97 width=4)
	  Index Cond: ((k >= 3797765) AND (k <= 3797865))

table 8 : explain SELECT k FROM sbtest8 WHERE k BETWEEN 3797765 AND 3797865
	Index Only Scan using k_8 on sbtest8  (cost=0.43..6.40 rows=98 width=4)
	  Index Cond: ((k >= 3797765) AND (k <= 3797865))

explain: for range-covered :: explain SELECT k FROM sbtest%d WHERE k BETWEEN 3797765 AND 3797865
explain: for range-covered :: explain SELECT k FROM sbtest%d WHERE k BETWEEN 5083411 AND 5083511
for range-covered
table 1 : explain SELECT k FROM sbtest1 WHERE k BETWEEN 5413295 AND 5413395
	Index Only Scan using k_1 on sbtest1  (cost=0.43..6.51 rows=104 width=4)
	  Index Cond: ((k >= 5413295) AND (k <= 5413395))

table 2 : explain SELECT k FROM sbtest2 WHERE k BETWEEN 5413295 AND 5413395
	Index Only Scan using k_2 on sbtest2  (cost=0.43..6.50 rows=103 width=4)
	  Index Cond: ((k >= 5413295) AND (k <= 5413395))

table 3 : explain SELECT k FROM sbtest3 WHERE k BETWEEN 5413295 AND 5413395
	Index Only Scan using k_3 on sbtest3  (cost=0.43..6.63 rows=110 width=4)
	  Index Cond: ((k >= 5413295) AND (k <= 5413395))

table 4 : explain SELECT k FROM sbtest4 WHERE k BETWEEN 5413295 AND 5413395
	Index Only Scan using k_4 on sbtest4  (cost=0.43..6.59 rows=108 width=4)
	  Index Cond: ((k >= 5413295) AND (k <= 5413395))

table 5 : explain SELECT k FROM sbtest5 WHERE k BETWEEN 5413295 AND 5413395
	Index Only Scan using k_5 on sbtest5  (cost=0.43..6.43 rows=100 width=4)
	  Index Cond: ((k >= 5413295) AND (k <= 5413395))

table 6 : explain SELECT k FROM sbtest6 WHERE k BETWEEN 5413295 AND 5413395
	Index Only Scan using k_6 on sbtest6  (cost=0.43..6.77 rows=117 width=4)
	  Index Cond: ((k >= 5413295) AND (k <= 5413395))

table 7 : explain SELECT k FROM sbtest7 WHERE k BETWEEN 5413295 AND 5413395
	Index Only Scan using k_7 on sbtest7  (cost=0.43..6.42 rows=99 width=4)
	  Index Cond: ((k >= 5413295) AND (k <= 5413395))

table 8 : explain SELECT k FROM sbtest8 WHERE k BETWEEN 5413295 AND 5413395
	Index Only Scan using k_8 on sbtest8  (cost=0.43..6.51 rows=104 width=4)
	  Index Cond: ((k >= 5413295) AND (k <= 5413395))

explain: for range-covered :: explain SELECT k FROM sbtest%d WHERE k BETWEEN 5413295 AND 5413395
for range-covered
table 1 : explain SELECT k FROM sbtest1 WHERE k BETWEEN 8360669 AND 8360769
	Index Only Scan using k_1 on sbtest1  (cost=0.43..6.58 rows=107 width=4)
	  Index Cond: ((k >= 8360669) AND (k <= 8360769))

table 2 : explain SELECT k FROM sbtest2 WHERE k BETWEEN 8360669 AND 8360769
	Index Only Scan using k_2 on sbtest2  (cost=0.43..6.32 rows=94 width=4)
	  Index Cond: ((k >= 8360669) AND (k <= 8360769))

table 3 : explain SELECT k FROM sbtest3 WHERE k BETWEEN 8360669 AND 8360769
	Index Only Scan using k_3 on sbtest3  (cost=0.43..6.45 rows=101 width=4)
	  Index Cond: ((k >= 8360669) AND (k <= 8360769))

table 4 : explain SELECT k FROM sbtest4 WHERE k BETWEEN 8360669 AND 8360769
	Index Only Scan using k_4 on sbtest4  (cost=0.43..6.53 rows=105 width=4)
	  Index Cond: ((k >= 8360669) AND (k <= 8360769))

table 5 : explain SELECT k FROM sbtest5 WHERE k BETWEEN 8360669 AND 8360769
	Index Only Scan using k_5 on sbtest5  (cost=0.43..6.47 rows=102 width=4)
	  Index Cond: ((k >= 8360669) AND (k <= 8360769))

table 6 : explain SELECT k FROM sbtest6 WHERE k BETWEEN 8360669 AND 8360769
	Index Only Scan using k_6 on sbtest6  (cost=0.43..6.59 rows=108 width=4)
	  Index Cond: ((k >= 8360669) AND (k <= 8360769))

table 7 : explain SELECT k FROM sbtest7 WHERE k BETWEEN 8360669 AND 8360769
	Index Only Scan using k_7 on sbtest7  (cost=0.43..6.43 rows=100 width=4)
	  Index Cond: ((k >= 8360669) AND (k <= 8360769))

table 8 : explain SELECT k FROM sbtest8 WHERE k BETWEEN 8360669 AND 8360769
	Index Only Scan using k_8 on sbtest8  (cost=0.43..6.59 rows=108 width=4)
	  Index Cond: ((k >= 8360669) AND (k <= 8360769))

explain: for range-covered :: explain SELECT k FROM sbtest%d WHERE k BETWEEN 8360669 AND 8360769
for range-covered
table 1 : explain SELECT k FROM sbtest1 WHERE k BETWEEN 6767934 AND 6768034
	Index Only Scan using k_1 on sbtest1  (cost=0.43..6.63 rows=110 width=4)
	  Index Cond: ((k >= 6767934) AND (k <= 6768034))

table 2 : explain SELECT k FROM sbtest2 WHERE k BETWEEN 6767934 AND 6768034
	Index Only Scan using k_2 on sbtest2  (cost=0.43..6.42 rows=99 width=4)
	  Index Cond: ((k >= 6767934) AND (k <= 6768034))

table 3 : explain SELECT k FROM sbtest3 WHERE k BETWEEN 6767934 AND 6768034
	Index Only Scan using k_3 on sbtest3  (cost=0.43..6.47 rows=102 width=4)
	  Index Cond: ((k >= 6767934) AND (k <= 6768034))

table 4 : explain SELECT k FROM sbtest4 WHERE k BETWEEN 6767934 AND 6768034
	Index Only Scan using k_4 on sbtest4  (cost=0.43..6.53 rows=105 width=4)
	  Index Cond: ((k >= 6767934) AND (k <= 6768034))

table 5 : explain SELECT k FROM sbtest5 WHERE k BETWEEN 6767934 AND 6768034
	Index Only Scan using k_5 on sbtest5  (cost=0.43..6.33 rows=95 width=4)
	  Index Cond: ((k >= 6767934) AND (k <= 6768034))

table 6 : explain SELECT k FROM sbtest6 WHERE k BETWEEN 6767934 AND 6768034
	Index Only Scan using k_6 on sbtest6  (cost=0.43..6.47 rows=102 width=4)
	  Index Cond: ((k >= 6767934) AND (k <= 6768034))

table 7 : explain SELECT k FROM sbtest7 WHERE k BETWEEN 6767934 AND 6768034
	Index Only Scan using k_7 on sbtest7  (cost=0.43..6.29 rows=93 width=4)
	  Index Cond: ((k >= 6767934) AND (k <= 6768034))

table 8 : explain SELECT k FROM sbtest8 WHERE k BETWEEN 6767934 AND 6768034
	Index Only Scan using k_8 on sbtest8  (cost=0.43..6.59 rows=108 width=4)
	  Index Cond: ((k >= 6767934) AND (k <= 6768034))

explain: for range-covered :: explain SELECT k FROM sbtest%d WHERE k BETWEEN 6767934 AND 6768034
for range-covered
table 1 : explain SELECT k FROM sbtest1 WHERE k BETWEEN 8360669 AND 8360769
	Index Only Scan using k_1 on sbtest1  (cost=0.43..6.58 rows=107 width=4)
	  Index Cond: ((k >= 8360669) AND (k <= 8360769))

table 2 : explain SELECT k FROM sbtest2 WHERE k BETWEEN 8360669 AND 8360769
	Index Only Scan using k_2 on sbtest2  (cost=0.43..6.32 rows=94 width=4)
	  Index Cond: ((k >= 8360669) AND (k <= 8360769))

table 3 : explain SELECT k FROM sbtest3 WHERE k BETWEEN 8360669 AND 8360769
	Index Only Scan using k_3 on sbtest3  (cost=0.43..6.45 rows=101 width=4)
	  Index Cond: ((k >= 8360669) AND (k <= 8360769))

table 4 : explain SELECT k FROM sbtest4 WHERE k BETWEEN 8360669 AND 8360769
	Index Only Scan using k_4 on sbtest4  (cost=0.43..6.53 rows=105 width=4)
	  Index Cond: ((k >= 8360669) AND (k <= 8360769))

table 5 : explain SELECT k FROM sbtest5 WHERE k BETWEEN 8360669 AND 8360769
	Index Only Scan using k_5 on sbtest5  (cost=0.43..6.47 rows=102 width=4)
	  Index Cond: ((k >= 8360669) AND (k <= 8360769))

table 6 : explain SELECT k FROM sbtest6 WHERE k BETWEEN 8360669 AND 8360769
	Index Only Scan using k_6 on sbtest6  (cost=0.43..6.59 rows=108 width=4)
	  Index Cond: ((k >= 8360669) AND (k <= 8360769))

table 7 : explain SELECT k FROM sbtest7 WHERE k BETWEEN 8360669 AND 8360769
	Index Only Scan using k_7 on sbtest7  (cost=0.43..6.43 rows=100 width=4)
	  Index Cond: ((k >= 8360669) AND (k <= 8360769))

table 8 : explain SELECT k FROM sbtest8 WHERE k BETWEEN 8360669 AND 8360769
	Index Only Scan using k_8 on sbtest8  (cost=0.43..6.59 rows=108 width=4)
	  Index Cond: ((k >= 8360669) AND (k <= 8360769))

for range-covered
table 1 : explain SELECT k FROM sbtest1 WHERE k BETWEEN 4437347 AND 4437447
	Index Only Scan using k_1 on sbtest1  (cost=0.43..6.45 rows=101 width=4)
	  Index Cond: ((k >= 4437347) AND (k <= 4437447))

table 2 : explain SELECT k FROM sbtest2 WHERE k BETWEEN 4437347 AND 4437447
	Index Only Scan using k_2 on sbtest2  (cost=0.43..6.25 rows=91 width=4)
	  Index Cond: ((k >= 4437347) AND (k <= 4437447))

table 3 : explain SELECT k FROM sbtest3 WHERE k BETWEEN 4437347 AND 4437447
	Index Only Scan using k_3 on sbtest3  (cost=0.43..6.59 rows=108 width=4)
	  Index Cond: ((k >= 4437347) AND (k <= 4437447))

table 4 : explain SELECT k FROM sbtest4 WHERE k BETWEEN 4437347 AND 4437447
	Index Only Scan using k_4 on sbtest4  (cost=0.43..6.33 rows=95 width=4)
	  Index Cond: ((k >= 4437347) AND (k <= 4437447))

table 5 : explain SELECT k FROM sbtest5 WHERE k BETWEEN 4437347 AND 4437447
	Index Only Scan using k_5 on sbtest5  (cost=0.43..6.50 rows=103 width=4)
	  Index Cond: ((k >= 4437347) AND (k <= 4437447))

table 6 : explain SELECT k FROM sbtest6 WHERE k BETWEEN 4437347 AND 4437447
	Index Only Scan using k_6 on sbtest6  (cost=0.43..6.51 rows=104 width=4)
	  Index Cond: ((k >= 4437347) AND (k <= 4437447))

table 7 : explain SELECT k FROM sbtest7 WHERE k BETWEEN 4437347 AND 4437447
	Index Only Scan using k_7 on sbtest7  (cost=0.43..6.56 rows=106 width=4)
	  Index Cond: ((k >= 4437347) AND (k <= 4437447))

table 8 : explain SELECT k FROM sbtest8 WHERE k BETWEEN 4437347 AND 4437447
	Index Only Scan using k_8 on sbtest8  (cost=0.43..6.50 rows=103 width=4)
	  Index Cond: ((k >= 4437347) AND (k <= 4437447))

explain: for range-covered :: explain SELECT k FROM sbtest%d WHERE k BETWEEN 8360669 AND 8360769
explain: for range-covered :: explain SELECT k FROM sbtest%d WHERE k BETWEEN 4437347 AND 4437447
for range-covered
table 1 : explain SELECT k FROM sbtest1 WHERE k BETWEEN 6767934 AND 6768034
	Index Only Scan using k_1 on sbtest1  (cost=0.43..6.63 rows=110 width=4)
	  Index Cond: ((k >= 6767934) AND (k <= 6768034))

table 2 : explain SELECT k FROM sbtest2 WHERE k BETWEEN 6767934 AND 6768034
	Index Only Scan using k_2 on sbtest2  (cost=0.43..6.42 rows=99 width=4)
	  Index Cond: ((k >= 6767934) AND (k <= 6768034))

table 3 : explain SELECT k FROM sbtest3 WHERE k BETWEEN 6767934 AND 6768034
	Index Only Scan using k_3 on sbtest3  (cost=0.43..6.47 rows=102 width=4)
	  Index Cond: ((k >= 6767934) AND (k <= 6768034))

table 4 : explain SELECT k FROM sbtest4 WHERE k BETWEEN 6767934 AND 6768034
	Index Only Scan using k_4 on sbtest4  (cost=0.43..6.53 rows=105 width=4)
	  Index Cond: ((k >= 6767934) AND (k <= 6768034))

table 5 : explain SELECT k FROM sbtest5 WHERE k BETWEEN 6767934 AND 6768034
	Index Only Scan using k_5 on sbtest5  (cost=0.43..6.33 rows=95 width=4)
	  Index Cond: ((k >= 6767934) AND (k <= 6768034))

table 6 : explain SELECT k FROM sbtest6 WHERE k BETWEEN 6767934 AND 6768034
	Index Only Scan using k_6 on sbtest6  (cost=0.43..6.47 rows=102 width=4)
	  Index Cond: ((k >= 6767934) AND (k <= 6768034))

table 7 : explain SELECT k FROM sbtest7 WHERE k BETWEEN 6767934 AND 6768034
	Index Only Scan using k_7 on sbtest7  (cost=0.43..6.29 rows=93 width=4)
	  Index Cond: ((k >= 6767934) AND (k <= 6768034))

table 8 : explain SELECT k FROM sbtest8 WHERE k BETWEEN 6767934 AND 6768034
	Index Only Scan using k_8 on sbtest8  (cost=0.43..6.59 rows=108 width=4)
	  Index Cond: ((k >= 6767934) AND (k <= 6768034))

for range-covered
table 1 : explain SELECT k FROM sbtest1 WHERE k BETWEEN 3797765 AND 3797865
	Index Only Scan using k_1 on sbtest1  (cost=0.43..6.63 rows=110 width=4)
	  Index Cond: ((k >= 3797765) AND (k <= 3797865))

table 2 : explain SELECT k FROM sbtest2 WHERE k BETWEEN 3797765 AND 3797865
	Index Only Scan using k_2 on sbtest2  (cost=0.43..6.43 rows=100 width=4)
	  Index Cond: ((k >= 3797765) AND (k <= 3797865))

table 3 : explain SELECT k FROM sbtest3 WHERE k BETWEEN 3797765 AND 3797865
	Index Only Scan using k_3 on sbtest3  (cost=0.43..6.61 rows=109 width=4)
	  Index Cond: ((k >= 3797765) AND (k <= 3797865))

table 4 : explain SELECT k FROM sbtest4 WHERE k BETWEEN 3797765 AND 3797865
	Index Only Scan using k_4 on sbtest4  (cost=0.43..6.33 rows=95 width=4)
	  Index Cond: ((k >= 3797765) AND (k <= 3797865))

table 5 : explain SELECT k FROM sbtest5 WHERE k BETWEEN 3797765 AND 3797865
	Index Only Scan using k_5 on sbtest5  (cost=0.43..6.59 rows=108 width=4)
	  Index Cond: ((k >= 3797765) AND (k <= 3797865))

table 6 : explain SELECT k FROM sbtest6 WHERE k BETWEEN 3797765 AND 3797865
	Index Only Scan using k_6 on sbtest6  (cost=0.43..6.51 rows=104 width=4)
	  Index Cond: ((k >= 3797765) AND (k <= 3797865))

table 7 : explain SELECT k FROM sbtest7 WHERE k BETWEEN 3797765 AND 3797865
	Index Only Scan using k_7 on sbtest7  (cost=0.43..6.37 rows=97 width=4)
	  Index Cond: ((k >= 3797765) AND (k <= 3797865))

table 8 : explain SELECT k FROM sbtest8 WHERE k BETWEEN 3797765 AND 3797865
	Index Only Scan using k_8 on sbtest8  (cost=0.43..6.40 rows=98 width=4)
	  Index Cond: ((k >= 3797765) AND (k <= 3797865))

explain: for range-covered :: explain SELECT k FROM sbtest%d WHERE k BETWEEN 3797765 AND 3797865
for range-covered
table 1 : explain SELECT k FROM sbtest1 WHERE k BETWEEN 5083411 AND 5083511
	Index Only Scan using k_1 on sbtest1  (cost=0.43..6.47 rows=102 width=4)
	  Index Cond: ((k >= 5083411) AND (k <= 5083511))

table 2 : explain SELECT k FROM sbtest2 WHERE k BETWEEN 5083411 AND 5083511
	Index Only Scan using k_2 on sbtest2  (cost=0.43..6.51 rows=104 width=4)
	  Index Cond: ((k >= 5083411) AND (k <= 5083511))

table 3 : explain SELECT k FROM sbtest3 WHERE k BETWEEN 5083411 AND 5083511
	Index Only Scan using k_3 on sbtest3  (cost=0.43..6.40 rows=98 width=4)
	  Index Cond: ((k >= 5083411) AND (k <= 5083511))

table 4 : explain SELECT k FROM sbtest4 WHERE k BETWEEN 5083411 AND 5083511
	Index Only Scan using k_4 on sbtest4  (cost=0.43..6.45 rows=101 width=4)
	  Index Cond: ((k >= 5083411) AND (k <= 5083511))

table 5 : explain SELECT k FROM sbtest5 WHERE k BETWEEN 5083411 AND 5083511
	Index Only Scan using k_5 on sbtest5  (cost=0.43..6.47 rows=102 width=4)
	  Index Cond: ((k >= 5083411) AND (k <= 5083511))

table 6 : explain SELECT k FROM sbtest6 WHERE k BETWEEN 5083411 AND 5083511
	Index Only Scan using k_6 on sbtest6  (cost=0.43..6.53 rows=105 width=4)
	  Index Cond: ((k >= 5083411) AND (k <= 5083511))

table 7 : explain SELECT k FROM sbtest7 WHERE k BETWEEN 5083411 AND 5083511
	Index Only Scan using k_7 on sbtest7  (cost=0.43..6.53 rows=105 width=4)
	  Index Cond: ((k >= 5083411) AND (k <= 5083511))

table 8 : explain SELECT k FROM sbtest8 WHERE k BETWEEN 5083411 AND 5083511
	Index Only Scan using k_8 on sbtest8  (cost=0.43..6.29 rows=93 width=4)
	  Index Cond: ((k >= 5083411) AND (k <= 5083511))

explain: for range-covered :: explain SELECT k FROM sbtest%d WHERE k BETWEEN 5083411 AND 5083511
for range-covered
table 1 : explain SELECT k FROM sbtest1 WHERE k BETWEEN 8360669 AND 8360769
	Index Only Scan using k_1 on sbtest1  (cost=0.43..6.58 rows=107 width=4)
	  Index Cond: ((k >= 8360669) AND (k <= 8360769))

table 2 : explain SELECT k FROM sbtest2 WHERE k BETWEEN 8360669 AND 8360769
	Index Only Scan using k_2 on sbtest2  (cost=0.43..6.32 rows=94 width=4)
	  Index Cond: ((k >= 8360669) AND (k <= 8360769))

table 3 : explain SELECT k FROM sbtest3 WHERE k BETWEEN 8360669 AND 8360769
	Index Only Scan using k_3 on sbtest3  (cost=0.43..6.45 rows=101 width=4)
	  Index Cond: ((k >= 8360669) AND (k <= 8360769))

table 4 : explain SELECT k FROM sbtest4 WHERE k BETWEEN 8360669 AND 8360769
	Index Only Scan using k_4 on sbtest4  (cost=0.43..6.53 rows=105 width=4)
	  Index Cond: ((k >= 8360669) AND (k <= 8360769))

table 5 : explain SELECT k FROM sbtest5 WHERE k BETWEEN 8360669 AND 8360769
	Index Only Scan using k_5 on sbtest5  (cost=0.43..6.47 rows=102 width=4)
	  Index Cond: ((k >= 8360669) AND (k <= 8360769))

table 6 : explain SELECT k FROM sbtest6 WHERE k BETWEEN 8360669 AND 8360769
	Index Only Scan using k_6 on sbtest6  (cost=0.43..6.59 rows=108 width=4)
	  Index Cond: ((k >= 8360669) AND (k <= 8360769))

table 7 : explain SELECT k FROM sbtest7 WHERE k BETWEEN 8360669 AND 8360769
	Index Only Scan using k_7 on sbtest7  (cost=0.43..6.43 rows=100 width=4)
	  Index Cond: ((k >= 8360669) AND (k <= 8360769))

table 8 : explain SELECT k FROM sbtest8 WHERE k BETWEEN 8360669 AND 8360769
	Index Only Scan using k_8 on sbtest8  (cost=0.43..6.59 rows=108 width=4)
	  Index Cond: ((k >= 8360669) AND (k <= 8360769))

explain: for range-covered :: explain SELECT k FROM sbtest%d WHERE k BETWEEN 8360669 AND 8360769
explain: for range-covered :: explain SELECT k FROM sbtest%d WHERE k BETWEEN 7110852 AND 7110952
explain: for range-covered :: explain SELECT k FROM sbtest%d WHERE k BETWEEN 7993049 AND 7993149
for range-covered
table 1 : explain SELECT k FROM sbtest1 WHERE k BETWEEN 1450672 AND 1450772
	Index Only Scan using k_1 on sbtest1  (cost=0.43..6.47 rows=102 width=4)
	  Index Cond: ((k >= 1450672) AND (k <= 1450772))

table 2 : explain SELECT k FROM sbtest2 WHERE k BETWEEN 1450672 AND 1450772
	Index Only Scan using k_2 on sbtest2  (cost=0.43..6.53 rows=105 width=4)
	  Index Cond: ((k >= 1450672) AND (k <= 1450772))

table 3 : explain SELECT k FROM sbtest3 WHERE k BETWEEN 1450672 AND 1450772
	Index Only Scan using k_3 on sbtest3  (cost=0.43..6.51 rows=104 width=4)
	  Index Cond: ((k >= 1450672) AND (k <= 1450772))

table 4 : explain SELECT k FROM sbtest4 WHERE k BETWEEN 1450672 AND 1450772
	Index Only Scan using k_4 on sbtest4  (cost=0.43..6.56 rows=106 width=4)
	  Index Cond: ((k >= 1450672) AND (k <= 1450772))

table 5 : explain SELECT k FROM sbtest5 WHERE k BETWEEN 1450672 AND 1450772
	Index Only Scan using k_5 on sbtest5  (cost=0.43..6.53 rows=105 width=4)
	  Index Cond: ((k >= 1450672) AND (k <= 1450772))

table 6 : explain SELECT k FROM sbtest6 WHERE k BETWEEN 1450672 AND 1450772
	Index Only Scan using k_6 on sbtest6  (cost=0.43..6.42 rows=99 width=4)
	  Index Cond: ((k >= 1450672) AND (k <= 1450772))

table 7 : explain SELECT k FROM sbtest7 WHERE k BETWEEN 1450672 AND 1450772
	Index Only Scan using k_7 on sbtest7  (cost=0.43..6.58 rows=107 width=4)
	  Index Cond: ((k >= 1450672) AND (k <= 1450772))

table 8 : explain SELECT k FROM sbtest8 WHERE k BETWEEN 1450672 AND 1450772
	Index Only Scan using k_8 on sbtest8  (cost=0.43..6.37 rows=97 width=4)
	  Index Cond: ((k >= 1450672) AND (k <= 1450772))

explain: for range-covered :: explain SELECT k FROM sbtest%d WHERE k BETWEEN 1450672 AND 1450772
for range-covered
table 1 : explain SELECT k FROM sbtest1 WHERE k BETWEEN 8360669 AND 8360769
	Index Only Scan using k_1 on sbtest1  (cost=0.43..6.58 rows=107 width=4)
	  Index Cond: ((k >= 8360669) AND (k <= 8360769))

table 2 : explain SELECT k FROM sbtest2 WHERE k BETWEEN 8360669 AND 8360769
	Index Only Scan using k_2 on sbtest2  (cost=0.43..6.32 rows=94 width=4)
	  Index Cond: ((k >= 8360669) AND (k <= 8360769))

table 3 : explain SELECT k FROM sbtest3 WHERE k BETWEEN 8360669 AND 8360769
	Index Only Scan using k_3 on sbtest3  (cost=0.43..6.45 rows=101 width=4)
	  Index Cond: ((k >= 8360669) AND (k <= 8360769))

table 4 : explain SELECT k FROM sbtest4 WHERE k BETWEEN 8360669 AND 8360769
	Index Only Scan using k_4 on sbtest4  (cost=0.43..6.53 rows=105 width=4)
	  Index Cond: ((k >= 8360669) AND (k <= 8360769))

table 5 : explain SELECT k FROM sbtest5 WHERE k BETWEEN 8360669 AND 8360769
	Index Only Scan using k_5 on sbtest5  (cost=0.43..6.47 rows=102 width=4)
	  Index Cond: ((k >= 8360669) AND (k <= 8360769))

table 6 : explain SELECT k FROM sbtest6 WHERE k BETWEEN 8360669 AND 8360769
	Index Only Scan using k_6 on sbtest6  (cost=0.43..6.59 rows=108 width=4)
	  Index Cond: ((k >= 8360669) AND (k <= 8360769))

table 7 : explain SELECT k FROM sbtest7 WHERE k BETWEEN 8360669 AND 8360769
	Index Only Scan using k_7 on sbtest7  (cost=0.43..6.43 rows=100 width=4)
	  Index Cond: ((k >= 8360669) AND (k <= 8360769))

table 8 : explain SELECT k FROM sbtest8 WHERE k BETWEEN 8360669 AND 8360769
	Index Only Scan using k_8 on sbtest8  (cost=0.43..6.59 rows=108 width=4)
	  Index Cond: ((k >= 8360669) AND (k <= 8360769))

explain: for range-covered :: explain SELECT k FROM sbtest%d WHERE k BETWEEN 8360669 AND 8360769
for range-covered
table 1 : explain SELECT k FROM sbtest1 WHERE k BETWEEN 4437347 AND 4437447
	Index Only Scan using k_1 on sbtest1  (cost=0.43..6.45 rows=101 width=4)
	  Index Cond: ((k >= 4437347) AND (k <= 4437447))

table 2 : explain SELECT k FROM sbtest2 WHERE k BETWEEN 4437347 AND 4437447
	Index Only Scan using k_2 on sbtest2  (cost=0.43..6.25 rows=91 width=4)
	  Index Cond: ((k >= 4437347) AND (k <= 4437447))

table 3 : explain SELECT k FROM sbtest3 WHERE k BETWEEN 4437347 AND 4437447
	Index Only Scan using k_3 on sbtest3  (cost=0.43..6.59 rows=108 width=4)
	  Index Cond: ((k >= 4437347) AND (k <= 4437447))

table 4 : explain SELECT k FROM sbtest4 WHERE k BETWEEN 4437347 AND 4437447
	Index Only Scan using k_4 on sbtest4  (cost=0.43..6.33 rows=95 width=4)
	  Index Cond: ((k >= 4437347) AND (k <= 4437447))

table 5 : explain SELECT k FROM sbtest5 WHERE k BETWEEN 4437347 AND 4437447
	Index Only Scan using k_5 on sbtest5  (cost=0.43..6.50 rows=103 width=4)
	  Index Cond: ((k >= 4437347) AND (k <= 4437447))

table 6 : explain SELECT k FROM sbtest6 WHERE k BETWEEN 4437347 AND 4437447
	Index Only Scan using k_6 on sbtest6  (cost=0.43..6.51 rows=104 width=4)
	  Index Cond: ((k >= 4437347) AND (k <= 4437447))

table 7 : explain SELECT k FROM sbtest7 WHERE k BETWEEN 4437347 AND 4437447
	Index Only Scan using k_7 on sbtest7  (cost=0.43..6.56 rows=106 width=4)
	  Index Cond: ((k >= 4437347) AND (k <= 4437447))

table 8 : explain SELECT k FROM sbtest8 WHERE k BETWEEN 4437347 AND 4437447
	Index Only Scan using k_8 on sbtest8  (cost=0.43..6.50 rows=103 width=4)
	  Index Cond: ((k >= 4437347) AND (k <= 4437447))

for range-covered
table 1 : explain SELECT k FROM sbtest1 WHERE k BETWEEN 3797765 AND 3797865
	Index Only Scan using k_1 on sbtest1  (cost=0.43..6.63 rows=110 width=4)
	  Index Cond: ((k >= 3797765) AND (k <= 3797865))

table 2 : explain SELECT k FROM sbtest2 WHERE k BETWEEN 3797765 AND 3797865
	Index Only Scan using k_2 on sbtest2  (cost=0.43..6.43 rows=100 width=4)
	  Index Cond: ((k >= 3797765) AND (k <= 3797865))

table 3 : explain SELECT k FROM sbtest3 WHERE k BETWEEN 3797765 AND 3797865
	Index Only Scan using k_3 on sbtest3  (cost=0.43..6.61 rows=109 width=4)
	  Index Cond: ((k >= 3797765) AND (k <= 3797865))

table 4 : explain SELECT k FROM sbtest4 WHERE k BETWEEN 3797765 AND 3797865
	Index Only Scan using k_4 on sbtest4  (cost=0.43..6.33 rows=95 width=4)
	  Index Cond: ((k >= 3797765) AND (k <= 3797865))

table 5 : explain SELECT k FROM sbtest5 WHERE k BETWEEN 3797765 AND 3797865
	Index Only Scan using k_5 on sbtest5  (cost=0.43..6.59 rows=108 width=4)
	  Index Cond: ((k >= 3797765) AND (k <= 3797865))

table 6 : explain SELECT k FROM sbtest6 WHERE k BETWEEN 3797765 AND 3797865
	Index Only Scan using k_6 on sbtest6  (cost=0.43..6.51 rows=104 width=4)
	  Index Cond: ((k >= 3797765) AND (k <= 3797865))

table 7 : explain SELECT k FROM sbtest7 WHERE k BETWEEN 3797765 AND 3797865
	Index Only Scan using k_7 on sbtest7  (cost=0.43..6.37 rows=97 width=4)
	  Index Cond: ((k >= 3797765) AND (k <= 3797865))

table 8 : explain SELECT k FROM sbtest8 WHERE k BETWEEN 3797765 AND 3797865
	Index Only Scan using k_8 on sbtest8  (cost=0.43..6.40 rows=98 width=4)
	  Index Cond: ((k >= 3797765) AND (k <= 3797865))

for range-covered
table 1 : explain SELECT k FROM sbtest1 WHERE k BETWEEN 5413295 AND 5413395
	Index Only Scan using k_1 on sbtest1  (cost=0.43..6.51 rows=104 width=4)
	  Index Cond: ((k >= 5413295) AND (k <= 5413395))

table 2 : explain SELECT k FROM sbtest2 WHERE k BETWEEN 5413295 AND 5413395
	Index Only Scan using k_2 on sbtest2  (cost=0.43..6.50 rows=103 width=4)
	  Index Cond: ((k >= 5413295) AND (k <= 5413395))

table 3 : explain SELECT k FROM sbtest3 WHERE k BETWEEN 5413295 AND 5413395
	Index Only Scan using k_3 on sbtest3  (cost=0.43..6.63 rows=110 width=4)
	  Index Cond: ((k >= 5413295) AND (k <= 5413395))

table 4 : explain SELECT k FROM sbtest4 WHERE k BETWEEN 5413295 AND 5413395
	Index Only Scan using k_4 on sbtest4  (cost=0.43..6.59 rows=108 width=4)
	  Index Cond: ((k >= 5413295) AND (k <= 5413395))

table 5 : explain SELECT k FROM sbtest5 WHERE k BETWEEN 5413295 AND 5413395
	Index Only Scan using k_5 on sbtest5  (cost=0.43..6.43 rows=100 width=4)
	  Index Cond: ((k >= 5413295) AND (k <= 5413395))

table 6 : explain SELECT k FROM sbtest6 WHERE k BETWEEN 5413295 AND 5413395
	Index Only Scan using k_6 on sbtest6  (cost=0.43..6.77 rows=117 width=4)
	  Index Cond: ((k >= 5413295) AND (k <= 5413395))

table 7 : explain SELECT k FROM sbtest7 WHERE k BETWEEN 5413295 AND 5413395
	Index Only Scan using k_7 on sbtest7  (cost=0.43..6.42 rows=99 width=4)
	  Index Cond: ((k >= 5413295) AND (k <= 5413395))

table 8 : explain SELECT k FROM sbtest8 WHERE k BETWEEN 5413295 AND 5413395
	Index Only Scan using k_8 on sbtest8  (cost=0.43..6.51 rows=104 width=4)
	  Index Cond: ((k >= 5413295) AND (k <= 5413395))

explain: for range-covered :: explain SELECT k FROM sbtest%d WHERE k BETWEEN 4437347 AND 4437447
explain: for range-covered :: explain SELECT k FROM sbtest%d WHERE k BETWEEN 3797765 AND 3797865
explain: for range-covered :: explain SELECT k FROM sbtest%d WHERE k BETWEEN 5413295 AND 5413395
for range-covered
table 1 : explain SELECT k FROM sbtest1 WHERE k BETWEEN 5083411 AND 5083511
	Index Only Scan using k_1 on sbtest1  (cost=0.43..6.47 rows=102 width=4)
	  Index Cond: ((k >= 5083411) AND (k <= 5083511))

table 2 : explain SELECT k FROM sbtest2 WHERE k BETWEEN 5083411 AND 5083511
	Index Only Scan using k_2 on sbtest2  (cost=0.43..6.51 rows=104 width=4)
	  Index Cond: ((k >= 5083411) AND (k <= 5083511))

table 3 : explain SELECT k FROM sbtest3 WHERE k BETWEEN 5083411 AND 5083511
	Index Only Scan using k_3 on sbtest3  (cost=0.43..6.40 rows=98 width=4)
	  Index Cond: ((k >= 5083411) AND (k <= 5083511))

table 4 : explain SELECT k FROM sbtest4 WHERE k BETWEEN 5083411 AND 5083511
	Index Only Scan using k_4 on sbtest4  (cost=0.43..6.45 rows=101 width=4)
	  Index Cond: ((k >= 5083411) AND (k <= 5083511))

table 5 : explain SELECT k FROM sbtest5 WHERE k BETWEEN 5083411 AND 5083511
	Index Only Scan using k_5 on sbtest5  (cost=0.43..6.47 rows=102 width=4)
	  Index Cond: ((k >= 5083411) AND (k <= 5083511))

table 6 : explain SELECT k FROM sbtest6 WHERE k BETWEEN 5083411 AND 5083511
	Index Only Scan using k_6 on sbtest6  (cost=0.43..6.53 rows=105 width=4)
	  Index Cond: ((k >= 5083411) AND (k <= 5083511))

table 7 : explain SELECT k FROM sbtest7 WHERE k BETWEEN 5083411 AND 5083511
	Index Only Scan using k_7 on sbtest7  (cost=0.43..6.53 rows=105 width=4)
	  Index Cond: ((k >= 5083411) AND (k <= 5083511))

table 8 : explain SELECT k FROM sbtest8 WHERE k BETWEEN 5083411 AND 5083511
	Index Only Scan using k_8 on sbtest8  (cost=0.43..6.29 rows=93 width=4)
	  Index Cond: ((k >= 5083411) AND (k <= 5083511))

explain: for range-covered :: explain SELECT k FROM sbtest%d WHERE k BETWEEN 5083411 AND 5083511
for range-covered
table 1 : explain SELECT k FROM sbtest1 WHERE k BETWEEN 1450672 AND 1450772
	Index Only Scan using k_1 on sbtest1  (cost=0.43..6.47 rows=102 width=4)
	  Index Cond: ((k >= 1450672) AND (k <= 1450772))

table 2 : explain SELECT k FROM sbtest2 WHERE k BETWEEN 1450672 AND 1450772
	Index Only Scan using k_2 on sbtest2  (cost=0.43..6.53 rows=105 width=4)
	  Index Cond: ((k >= 1450672) AND (k <= 1450772))

table 3 : explain SELECT k FROM sbtest3 WHERE k BETWEEN 1450672 AND 1450772
	Index Only Scan using k_3 on sbtest3  (cost=0.43..6.51 rows=104 width=4)
	  Index Cond: ((k >= 1450672) AND (k <= 1450772))

table 4 : explain SELECT k FROM sbtest4 WHERE k BETWEEN 1450672 AND 1450772
	Index Only Scan using k_4 on sbtest4  (cost=0.43..6.56 rows=106 width=4)
	  Index Cond: ((k >= 1450672) AND (k <= 1450772))

table 5 : explain SELECT k FROM sbtest5 WHERE k BETWEEN 1450672 AND 1450772
	Index Only Scan using k_5 on sbtest5  (cost=0.43..6.53 rows=105 width=4)
	  Index Cond: ((k >= 1450672) AND (k <= 1450772))

table 6 : explain SELECT k FROM sbtest6 WHERE k BETWEEN 1450672 AND 1450772
	Index Only Scan using k_6 on sbtest6  (cost=0.43..6.42 rows=99 width=4)
	  Index Cond: ((k >= 1450672) AND (k <= 1450772))

table 7 : explain SELECT k FROM sbtest7 WHERE k BETWEEN 1450672 AND 1450772
	Index Only Scan using k_7 on sbtest7  (cost=0.43..6.58 rows=107 width=4)
	  Index Cond: ((k >= 1450672) AND (k <= 1450772))

table 8 : explain SELECT k FROM sbtest8 WHERE k BETWEEN 1450672 AND 1450772
	Index Only Scan using k_8 on sbtest8  (cost=0.43..6.37 rows=97 width=4)
	  Index Cond: ((k >= 1450672) AND (k <= 1450772))

explain: for range-covered :: explain SELECT k FROM sbtest%d WHERE k BETWEEN 1450672 AND 1450772
for range-covered
table 1 : explain SELECT k FROM sbtest1 WHERE k BETWEEN 8360669 AND 8360769
	Index Only Scan using k_1 on sbtest1  (cost=0.43..6.58 rows=107 width=4)
	  Index Cond: ((k >= 8360669) AND (k <= 8360769))

table 2 : explain SELECT k FROM sbtest2 WHERE k BETWEEN 8360669 AND 8360769
	Index Only Scan using k_2 on sbtest2  (cost=0.43..6.32 rows=94 width=4)
	  Index Cond: ((k >= 8360669) AND (k <= 8360769))

table 3 : explain SELECT k FROM sbtest3 WHERE k BETWEEN 8360669 AND 8360769
	Index Only Scan using k_3 on sbtest3  (cost=0.43..6.45 rows=101 width=4)
	  Index Cond: ((k >= 8360669) AND (k <= 8360769))

table 4 : explain SELECT k FROM sbtest4 WHERE k BETWEEN 8360669 AND 8360769
	Index Only Scan using k_4 on sbtest4  (cost=0.43..6.53 rows=105 width=4)
	  Index Cond: ((k >= 8360669) AND (k <= 8360769))

table 5 : explain SELECT k FROM sbtest5 WHERE k BETWEEN 8360669 AND 8360769
	Index Only Scan using k_5 on sbtest5  (cost=0.43..6.47 rows=102 width=4)
	  Index Cond: ((k >= 8360669) AND (k <= 8360769))

table 6 : explain SELECT k FROM sbtest6 WHERE k BETWEEN 8360669 AND 8360769
	Index Only Scan using k_6 on sbtest6  (cost=0.43..6.59 rows=108 width=4)
	  Index Cond: ((k >= 8360669) AND (k <= 8360769))

table 7 : explain SELECT k FROM sbtest7 WHERE k BETWEEN 8360669 AND 8360769
	Index Only Scan using k_7 on sbtest7  (cost=0.43..6.43 rows=100 width=4)
	  Index Cond: ((k >= 8360669) AND (k <= 8360769))

table 8 : explain SELECT k FROM sbtest8 WHERE k BETWEEN 8360669 AND 8360769
	Index Only Scan using k_8 on sbtest8  (cost=0.43..6.59 rows=108 width=4)
	  Index Cond: ((k >= 8360669) AND (k <= 8360769))

for range-covered
table 1 : explain SELECT k FROM sbtest1 WHERE k BETWEEN 5413295 AND 5413395
	Index Only Scan using k_1 on sbtest1  (cost=0.43..6.51 rows=104 width=4)
	  Index Cond: ((k >= 5413295) AND (k <= 5413395))

table 2 : explain SELECT k FROM sbtest2 WHERE k BETWEEN 5413295 AND 5413395
	Index Only Scan using k_2 on sbtest2  (cost=0.43..6.50 rows=103 width=4)
	  Index Cond: ((k >= 5413295) AND (k <= 5413395))

table 3 : explain SELECT k FROM sbtest3 WHERE k BETWEEN 5413295 AND 5413395
	Index Only Scan using k_3 on sbtest3  (cost=0.43..6.63 rows=110 width=4)
	  Index Cond: ((k >= 5413295) AND (k <= 5413395))

table 4 : explain SELECT k FROM sbtest4 WHERE k BETWEEN 5413295 AND 5413395
	Index Only Scan using k_4 on sbtest4  (cost=0.43..6.59 rows=108 width=4)
	  Index Cond: ((k >= 5413295) AND (k <= 5413395))

table 5 : explain SELECT k FROM sbtest5 WHERE k BETWEEN 5413295 AND 5413395
	Index Only Scan using k_5 on sbtest5  (cost=0.43..6.43 rows=100 width=4)
	  Index Cond: ((k >= 5413295) AND (k <= 5413395))

table 6 : explain SELECT k FROM sbtest6 WHERE k BETWEEN 5413295 AND 5413395
	Index Only Scan using k_6 on sbtest6  (cost=0.43..6.77 rows=117 width=4)
	  Index Cond: ((k >= 5413295) AND (k <= 5413395))

table 7 : explain SELECT k FROM sbtest7 WHERE k BETWEEN 5413295 AND 5413395
	Index Only Scan using k_7 on sbtest7  (cost=0.43..6.42 rows=99 width=4)
	  Index Cond: ((k >= 5413295) AND (k <= 5413395))

table 8 : explain SELECT k FROM sbtest8 WHERE k BETWEEN 5413295 AND 5413395
	Index Only Scan using k_8 on sbtest8  (cost=0.43..6.51 rows=104 width=4)
	  Index Cond: ((k >= 5413295) AND (k <= 5413395))

for range-covered
table 1 : explain SELECT k FROM sbtest1 WHERE k BETWEEN 4876529 AND 4876629
	Index Only Scan using k_1 on sbtest1  (cost=0.43..6.67 rows=112 width=4)
	  Index Cond: ((k >= 4876529) AND (k <= 4876629))

table 2 : explain SELECT k FROM sbtest2 WHERE k BETWEEN 4876529 AND 4876629
	Index Only Scan using k_2 on sbtest2  (cost=0.43..6.42 rows=99 width=4)
	  Index Cond: ((k >= 4876529) AND (k <= 4876629))

table 3 : explain SELECT k FROM sbtest3 WHERE k BETWEEN 4876529 AND 4876629
	Index Only Scan using k_3 on sbtest3  (cost=0.43..6.37 rows=97 width=4)
	  Index Cond: ((k >= 4876529) AND (k <= 4876629))

table 4 : explain SELECT k FROM sbtest4 WHERE k BETWEEN 4876529 AND 4876629
	Index Only Scan using k_4 on sbtest4  (cost=0.43..6.40 rows=98 width=4)
	  Index Cond: ((k >= 4876529) AND (k <= 4876629))

table 5 : explain SELECT k FROM sbtest5 WHERE k BETWEEN 4876529 AND 4876629
	Index Only Scan using k_5 on sbtest5  (cost=0.43..6.45 rows=101 width=4)
	  Index Cond: ((k >= 4876529) AND (k <= 4876629))

table 6 : explain SELECT k FROM sbtest6 WHERE k BETWEEN 4876529 AND 4876629
	Index Only Scan using k_6 on sbtest6  (cost=0.43..6.42 rows=99 width=4)
	  Index Cond: ((k >= 4876529) AND (k <= 4876629))

table 7 : explain SELECT k FROM sbtest7 WHERE k BETWEEN 4876529 AND 4876629
	Index Only Scan using k_7 on sbtest7  (cost=0.43..6.45 rows=101 width=4)
	  Index Cond: ((k >= 4876529) AND (k <= 4876629))

table 8 : explain SELECT k FROM sbtest8 WHERE k BETWEEN 4876529 AND 4876629
	Index Only Scan using k_8 on sbtest8  (cost=0.43..6.29 rows=93 width=4)
	  Index Cond: ((k >= 4876529) AND (k <= 4876629))

explain: for range-covered :: explain SELECT k FROM sbtest%d WHERE k BETWEEN 5413295 AND 5413395
for range-covered
table 1 : explain SELECT k FROM sbtest1 WHERE k BETWEEN 5207813 AND 5207913
	Index Only Scan using k_1 on sbtest1  (cost=0.43..6.53 rows=105 width=4)
	  Index Cond: ((k >= 5207813) AND (k <= 5207913))

table 2 : explain SELECT k FROM sbtest2 WHERE k BETWEEN 5207813 AND 5207913
	Index Only Scan using k_2 on sbtest2  (cost=0.43..6.40 rows=98 width=4)
	  Index Cond: ((k >= 5207813) AND (k <= 5207913))

table 3 : explain SELECT k FROM sbtest3 WHERE k BETWEEN 5207813 AND 5207913
	Index Only Scan using k_3 on sbtest3  (cost=0.43..6.50 rows=103 width=4)
	  Index Cond: ((k >= 5207813) AND (k <= 5207913))

table 4 : explain SELECT k FROM sbtest4 WHERE k BETWEEN 5207813 AND 5207913
	Index Only Scan using k_4 on sbtest4  (cost=0.43..6.53 rows=105 width=4)
	  Index Cond: ((k >= 5207813) AND (k <= 5207913))

table 5 : explain SELECT k FROM sbtest5 WHERE k BETWEEN 5207813 AND 5207913
	Index Only Scan using k_5 on sbtest5  (cost=0.43..6.53 rows=105 width=4)
	  Index Cond: ((k >= 5207813) AND (k <= 5207913))

table 6 : explain SELECT k FROM sbtest6 WHERE k BETWEEN 5207813 AND 5207913
	Index Only Scan using k_6 on sbtest6  (cost=0.43..6.33 rows=95 width=4)
	  Index Cond: ((k >= 5207813) AND (k <= 5207913))

table 7 : explain SELECT k FROM sbtest7 WHERE k BETWEEN 5207813 AND 5207913
	Index Only Scan using k_7 on sbtest7  (cost=0.43..6.50 rows=103 width=4)
	  Index Cond: ((k >= 5207813) AND (k <= 5207913))

table 8 : explain SELECT k FROM sbtest8 WHERE k BETWEEN 5207813 AND 5207913
	Index Only Scan using k_8 on sbtest8  (cost=0.43..6.43 rows=100 width=4)
	  Index Cond: ((k >= 5207813) AND (k <= 5207913))

explain: for range-covered :: explain SELECT k FROM sbtest%d WHERE k BETWEEN 4876529 AND 4876629
explain: for range-covered :: explain SELECT k FROM sbtest%d WHERE k BETWEEN 5207813 AND 5207913
for range-covered
table 1 : explain SELECT k FROM sbtest1 WHERE k BETWEEN 1450672 AND 1450772
	Index Only Scan using k_1 on sbtest1  (cost=0.43..6.47 rows=102 width=4)
	  Index Cond: ((k >= 1450672) AND (k <= 1450772))

table 2 : explain SELECT k FROM sbtest2 WHERE k BETWEEN 1450672 AND 1450772
	Index Only Scan using k_2 on sbtest2  (cost=0.43..6.53 rows=105 width=4)
	  Index Cond: ((k >= 1450672) AND (k <= 1450772))

table 3 : explain SELECT k FROM sbtest3 WHERE k BETWEEN 1450672 AND 1450772
	Index Only Scan using k_3 on sbtest3  (cost=0.43..6.51 rows=104 width=4)
	  Index Cond: ((k >= 1450672) AND (k <= 1450772))

table 4 : explain SELECT k FROM sbtest4 WHERE k BETWEEN 1450672 AND 1450772
	Index Only Scan using k_4 on sbtest4  (cost=0.43..6.56 rows=106 width=4)
	  Index Cond: ((k >= 1450672) AND (k <= 1450772))

table 5 : explain SELECT k FROM sbtest5 WHERE k BETWEEN 1450672 AND 1450772
	Index Only Scan using k_5 on sbtest5  (cost=0.43..6.53 rows=105 width=4)
	  Index Cond: ((k >= 1450672) AND (k <= 1450772))

table 6 : explain SELECT k FROM sbtest6 WHERE k BETWEEN 1450672 AND 1450772
	Index Only Scan using k_6 on sbtest6  (cost=0.43..6.42 rows=99 width=4)
	  Index Cond: ((k >= 1450672) AND (k <= 1450772))

table 7 : explain SELECT k FROM sbtest7 WHERE k BETWEEN 1450672 AND 1450772
	Index Only Scan using k_7 on sbtest7  (cost=0.43..6.58 rows=107 width=4)
	  Index Cond: ((k >= 1450672) AND (k <= 1450772))

table 8 : explain SELECT k FROM sbtest8 WHERE k BETWEEN 1450672 AND 1450772
	Index Only Scan using k_8 on sbtest8  (cost=0.43..6.37 rows=97 width=4)
	  Index Cond: ((k >= 1450672) AND (k <= 1450772))

for range-covered
table 1 : explain SELECT k FROM sbtest1 WHERE k BETWEEN 3797765 AND 3797865
	Index Only Scan using k_1 on sbtest1  (cost=0.43..6.63 rows=110 width=4)
	  Index Cond: ((k >= 3797765) AND (k <= 3797865))

table 2 : explain SELECT k FROM sbtest2 WHERE k BETWEEN 3797765 AND 3797865
	Index Only Scan using k_2 on sbtest2  (cost=0.43..6.43 rows=100 width=4)
	  Index Cond: ((k >= 3797765) AND (k <= 3797865))

table 3 : explain SELECT k FROM sbtest3 WHERE k BETWEEN 3797765 AND 3797865
	Index Only Scan using k_3 on sbtest3  (cost=0.43..6.61 rows=109 width=4)
	  Index Cond: ((k >= 3797765) AND (k <= 3797865))

table 4 : explain SELECT k FROM sbtest4 WHERE k BETWEEN 3797765 AND 3797865
	Index Only Scan using k_4 on sbtest4  (cost=0.43..6.33 rows=95 width=4)
	  Index Cond: ((k >= 3797765) AND (k <= 3797865))

table 5 : explain SELECT k FROM sbtest5 WHERE k BETWEEN 3797765 AND 3797865
	Index Only Scan using k_5 on sbtest5  (cost=0.43..6.59 rows=108 width=4)
	  Index Cond: ((k >= 3797765) AND (k <= 3797865))

table 6 : explain SELECT k FROM sbtest6 WHERE k BETWEEN 3797765 AND 3797865
	Index Only Scan using k_6 on sbtest6  (cost=0.43..6.51 rows=104 width=4)
	  Index Cond: ((k >= 3797765) AND (k <= 3797865))

table 7 : explain SELECT k FROM sbtest7 WHERE k BETWEEN 3797765 AND 3797865
	Index Only Scan using k_7 on sbtest7  (cost=0.43..6.37 rows=97 width=4)
	  Index Cond: ((k >= 3797765) AND (k <= 3797865))

table 8 : explain SELECT k FROM sbtest8 WHERE k BETWEEN 3797765 AND 3797865
	Index Only Scan using k_8 on sbtest8  (cost=0.43..6.40 rows=98 width=4)
	  Index Cond: ((k >= 3797765) AND (k <= 3797865))

explain: for range-covered :: explain SELECT k FROM sbtest%d WHERE k BETWEEN 1450672 AND 1450772
explain: for range-covered :: explain SELECT k FROM sbtest%d WHERE k BETWEEN 3797765 AND 3797865
for range-covered
table 1 : explain SELECT k FROM sbtest1 WHERE k BETWEEN 4437347 AND 4437447
	Index Only Scan using k_1 on sbtest1  (cost=0.43..6.45 rows=101 width=4)
	  Index Cond: ((k >= 4437347) AND (k <= 4437447))

table 2 : explain SELECT k FROM sbtest2 WHERE k BETWEEN 4437347 AND 4437447
	Index Only Scan using k_2 on sbtest2  (cost=0.43..6.25 rows=91 width=4)
	  Index Cond: ((k >= 4437347) AND (k <= 4437447))

table 3 : explain SELECT k FROM sbtest3 WHERE k BETWEEN 4437347 AND 4437447
	Index Only Scan using k_3 on sbtest3  (cost=0.43..6.59 rows=108 width=4)
	  Index Cond: ((k >= 4437347) AND (k <= 4437447))

table 4 : explain SELECT k FROM sbtest4 WHERE k BETWEEN 4437347 AND 4437447
	Index Only Scan using k_4 on sbtest4  (cost=0.43..6.33 rows=95 width=4)
	  Index Cond: ((k >= 4437347) AND (k <= 4437447))

table 5 : explain SELECT k FROM sbtest5 WHERE k BETWEEN 4437347 AND 4437447
	Index Only Scan using k_5 on sbtest5  (cost=0.43..6.50 rows=103 width=4)
	  Index Cond: ((k >= 4437347) AND (k <= 4437447))

table 6 : explain SELECT k FROM sbtest6 WHERE k BETWEEN 4437347 AND 4437447
	Index Only Scan using k_6 on sbtest6  (cost=0.43..6.51 rows=104 width=4)
	  Index Cond: ((k >= 4437347) AND (k <= 4437447))

table 7 : explain SELECT k FROM sbtest7 WHERE k BETWEEN 4437347 AND 4437447
	Index Only Scan using k_7 on sbtest7  (cost=0.43..6.56 rows=106 width=4)
	  Index Cond: ((k >= 4437347) AND (k <= 4437447))

table 8 : explain SELECT k FROM sbtest8 WHERE k BETWEEN 4437347 AND 4437447
	Index Only Scan using k_8 on sbtest8  (cost=0.43..6.50 rows=103 width=4)
	  Index Cond: ((k >= 4437347) AND (k <= 4437447))

for range-covered
table 1 : explain SELECT k FROM sbtest1 WHERE k BETWEEN 5413295 AND 5413395
	Index Only Scan using k_1 on sbtest1  (cost=0.43..6.51 rows=104 width=4)
	  Index Cond: ((k >= 5413295) AND (k <= 5413395))

table 2 : explain SELECT k FROM sbtest2 WHERE k BETWEEN 5413295 AND 5413395
	Index Only Scan using k_2 on sbtest2  (cost=0.43..6.50 rows=103 width=4)
	  Index Cond: ((k >= 5413295) AND (k <= 5413395))

table 3 : explain SELECT k FROM sbtest3 WHERE k BETWEEN 5413295 AND 5413395
	Index Only Scan using k_3 on sbtest3  (cost=0.43..6.63 rows=110 width=4)
	  Index Cond: ((k >= 5413295) AND (k <= 5413395))

table 4 : explain SELECT k FROM sbtest4 WHERE k BETWEEN 5413295 AND 5413395
	Index Only Scan using k_4 on sbtest4  (cost=0.43..6.59 rows=108 width=4)
	  Index Cond: ((k >= 5413295) AND (k <= 5413395))

table 5 : explain SELECT k FROM sbtest5 WHERE k BETWEEN 5413295 AND 5413395
	Index Only Scan using k_5 on sbtest5  (cost=0.43..6.43 rows=100 width=4)
	  Index Cond: ((k >= 5413295) AND (k <= 5413395))

table 6 : explain SELECT k FROM sbtest6 WHERE k BETWEEN 5413295 AND 5413395
	Index Only Scan using k_6 on sbtest6  (cost=0.43..6.77 rows=117 width=4)
	  Index Cond: ((k >= 5413295) AND (k <= 5413395))

table 7 : explain SELECT k FROM sbtest7 WHERE k BETWEEN 5413295 AND 5413395
	Index Only Scan using k_7 on sbtest7  (cost=0.43..6.42 rows=99 width=4)
	  Index Cond: ((k >= 5413295) AND (k <= 5413395))

table 8 : explain SELECT k FROM sbtest8 WHERE k BETWEEN 5413295 AND 5413395
	Index Only Scan using k_8 on sbtest8  (cost=0.43..6.51 rows=104 width=4)
	  Index Cond: ((k >= 5413295) AND (k <= 5413395))

explain: for range-covered :: explain SELECT k FROM sbtest%d WHERE k BETWEEN 5413295 AND 5413395
explain: for range-covered :: explain SELECT k FROM sbtest%d WHERE k BETWEEN 4437347 AND 4437447
for range-covered
table 1 : explain SELECT k FROM sbtest1 WHERE k BETWEEN 5083411 AND 5083511
	Index Only Scan using k_1 on sbtest1  (cost=0.43..6.47 rows=102 width=4)
	  Index Cond: ((k >= 5083411) AND (k <= 5083511))

table 2 : explain SELECT k FROM sbtest2 WHERE k BETWEEN 5083411 AND 5083511
	Index Only Scan using k_2 on sbtest2  (cost=0.43..6.51 rows=104 width=4)
	  Index Cond: ((k >= 5083411) AND (k <= 5083511))

table 3 : explain SELECT k FROM sbtest3 WHERE k BETWEEN 5083411 AND 5083511
	Index Only Scan using k_3 on sbtest3  (cost=0.43..6.40 rows=98 width=4)
	  Index Cond: ((k >= 5083411) AND (k <= 5083511))

table 4 : explain SELECT k FROM sbtest4 WHERE k BETWEEN 5083411 AND 5083511
	Index Only Scan using k_4 on sbtest4  (cost=0.43..6.45 rows=101 width=4)
	  Index Cond: ((k >= 5083411) AND (k <= 5083511))

table 5 : explain SELECT k FROM sbtest5 WHERE k BETWEEN 5083411 AND 5083511
	Index Only Scan using k_5 on sbtest5  (cost=0.43..6.47 rows=102 width=4)
	  Index Cond: ((k >= 5083411) AND (k <= 5083511))

table 6 : explain SELECT k FROM sbtest6 WHERE k BETWEEN 5083411 AND 5083511
	Index Only Scan using k_6 on sbtest6  (cost=0.43..6.53 rows=105 width=4)
	  Index Cond: ((k >= 5083411) AND (k <= 5083511))

table 7 : explain SELECT k FROM sbtest7 WHERE k BETWEEN 5083411 AND 5083511
	Index Only Scan using k_7 on sbtest7  (cost=0.43..6.53 rows=105 width=4)
	  Index Cond: ((k >= 5083411) AND (k <= 5083511))

table 8 : explain SELECT k FROM sbtest8 WHERE k BETWEEN 5083411 AND 5083511
	Index Only Scan using k_8 on sbtest8  (cost=0.43..6.29 rows=93 width=4)
	  Index Cond: ((k >= 5083411) AND (k <= 5083511))

for range-covered
table 1 : explain SELECT k FROM sbtest1 WHERE k BETWEEN 7993049 AND 7993149
	Index Only Scan using k_1 on sbtest1  (cost=0.43..6.47 rows=102 width=4)
	  Index Cond: ((k >= 7993049) AND (k <= 7993149))

table 2 : explain SELECT k FROM sbtest2 WHERE k BETWEEN 7993049 AND 7993149
	Index Only Scan using k_2 on sbtest2  (cost=0.43..6.50 rows=103 width=4)
	  Index Cond: ((k >= 7993049) AND (k <= 7993149))

table 3 : explain SELECT k FROM sbtest3 WHERE k BETWEEN 7993049 AND 7993149
	Index Only Scan using k_3 on sbtest3  (cost=0.43..6.69 rows=113 width=4)
	  Index Cond: ((k >= 7993049) AND (k <= 7993149))

table 4 : explain SELECT k FROM sbtest4 WHERE k BETWEEN 7993049 AND 7993149
	Index Only Scan using k_4 on sbtest4  (cost=0.43..6.56 rows=106 width=4)
	  Index Cond: ((k >= 7993049) AND (k <= 7993149))

table 5 : explain SELECT k FROM sbtest5 WHERE k BETWEEN 7993049 AND 7993149
	Index Only Scan using k_5 on sbtest5  (cost=0.43..6.35 rows=96 width=4)
	  Index Cond: ((k >= 7993049) AND (k <= 7993149))

table 6 : explain SELECT k FROM sbtest6 WHERE k BETWEEN 7993049 AND 7993149
	Index Only Scan using k_6 on sbtest6  (cost=0.43..6.35 rows=96 width=4)
	  Index Cond: ((k >= 7993049) AND (k <= 7993149))

table 7 : explain SELECT k FROM sbtest7 WHERE k BETWEEN 7993049 AND 7993149
	Index Only Scan using k_7 on sbtest7  (cost=0.43..6.16 rows=86 width=4)
	  Index Cond: ((k >= 7993049) AND (k <= 7993149))

table 8 : explain SELECT k FROM sbtest8 WHERE k BETWEEN 7993049 AND 7993149
	Index Only Scan using k_8 on sbtest8  (cost=0.43..6.56 rows=106 width=4)
	  Index Cond: ((k >= 7993049) AND (k <= 7993149))

for range-covered
table 1 : explain SELECT k FROM sbtest1 WHERE k BETWEEN 1450672 AND 1450772
	Index Only Scan using k_1 on sbtest1  (cost=0.43..6.47 rows=102 width=4)
	  Index Cond: ((k >= 1450672) AND (k <= 1450772))

table 2 : explain SELECT k FROM sbtest2 WHERE k BETWEEN 1450672 AND 1450772
	Index Only Scan using k_2 on sbtest2  (cost=0.43..6.53 rows=105 width=4)
	  Index Cond: ((k >= 1450672) AND (k <= 1450772))

table 3 : explain SELECT k FROM sbtest3 WHERE k BETWEEN 1450672 AND 1450772
	Index Only Scan using k_3 on sbtest3  (cost=0.43..6.51 rows=104 width=4)
	  Index Cond: ((k >= 1450672) AND (k <= 1450772))

table 4 : explain SELECT k FROM sbtest4 WHERE k BETWEEN 1450672 AND 1450772
	Index Only Scan using k_4 on sbtest4  (cost=0.43..6.56 rows=106 width=4)
	  Index Cond: ((k >= 1450672) AND (k <= 1450772))

table 5 : explain SELECT k FROM sbtest5 WHERE k BETWEEN 1450672 AND 1450772
	Index Only Scan using k_5 on sbtest5  (cost=0.43..6.53 rows=105 width=4)
	  Index Cond: ((k >= 1450672) AND (k <= 1450772))

table 6 : explain SELECT k FROM sbtest6 WHERE k BETWEEN 1450672 AND 1450772
	Index Only Scan using k_6 on sbtest6  (cost=0.43..6.42 rows=99 width=4)
	  Index Cond: ((k >= 1450672) AND (k <= 1450772))

table 7 : explain SELECT k FROM sbtest7 WHERE k BETWEEN 1450672 AND 1450772
	Index Only Scan using k_7 on sbtest7  (cost=0.43..6.58 rows=107 width=4)
	  Index Cond: ((k >= 1450672) AND (k <= 1450772))

table 8 : explain SELECT k FROM sbtest8 WHERE k BETWEEN 1450672 AND 1450772
	Index Only Scan using k_8 on sbtest8  (cost=0.43..6.37 rows=97 width=4)
	  Index Cond: ((k >= 1450672) AND (k <= 1450772))

explain: for range-covered :: explain SELECT k FROM sbtest%d WHERE k BETWEEN 5083411 AND 5083511
explain: for range-covered :: explain SELECT k FROM sbtest%d WHERE k BETWEEN 7993049 AND 7993149
explain: for range-covered :: explain SELECT k FROM sbtest%d WHERE k BETWEEN 1450672 AND 1450772
explain: for range-covered :: explain SELECT k FROM sbtest%d WHERE k BETWEEN 5364958 AND 5365058
for range-covered
table 1 : explain SELECT k FROM sbtest1 WHERE k BETWEEN 3797765 AND 3797865
	Index Only Scan using k_1 on sbtest1  (cost=0.43..6.63 rows=110 width=4)
	  Index Cond: ((k >= 3797765) AND (k <= 3797865))

table 2 : explain SELECT k FROM sbtest2 WHERE k BETWEEN 3797765 AND 3797865
	Index Only Scan using k_2 on sbtest2  (cost=0.43..6.43 rows=100 width=4)
	  Index Cond: ((k >= 3797765) AND (k <= 3797865))

table 3 : explain SELECT k FROM sbtest3 WHERE k BETWEEN 3797765 AND 3797865
	Index Only Scan using k_3 on sbtest3  (cost=0.43..6.61 rows=109 width=4)
	  Index Cond: ((k >= 3797765) AND (k <= 3797865))

table 4 : explain SELECT k FROM sbtest4 WHERE k BETWEEN 3797765 AND 3797865
	Index Only Scan using k_4 on sbtest4  (cost=0.43..6.33 rows=95 width=4)
	  Index Cond: ((k >= 3797765) AND (k <= 3797865))

table 5 : explain SELECT k FROM sbtest5 WHERE k BETWEEN 3797765 AND 3797865
	Index Only Scan using k_5 on sbtest5  (cost=0.43..6.59 rows=108 width=4)
	  Index Cond: ((k >= 3797765) AND (k <= 3797865))

table 6 : explain SELECT k FROM sbtest6 WHERE k BETWEEN 3797765 AND 3797865
	Index Only Scan using k_6 on sbtest6  (cost=0.43..6.51 rows=104 width=4)
	  Index Cond: ((k >= 3797765) AND (k <= 3797865))

table 7 : explain SELECT k FROM sbtest7 WHERE k BETWEEN 3797765 AND 3797865
	Index Only Scan using k_7 on sbtest7  (cost=0.43..6.37 rows=97 width=4)
	  Index Cond: ((k >= 3797765) AND (k <= 3797865))

table 8 : explain SELECT k FROM sbtest8 WHERE k BETWEEN 3797765 AND 3797865
	Index Only Scan using k_8 on sbtest8  (cost=0.43..6.40 rows=98 width=4)
	  Index Cond: ((k >= 3797765) AND (k <= 3797865))

for range-covered
table 1 : explain SELECT k FROM sbtest1 WHERE k BETWEEN 5207813 AND 5207913
	Index Only Scan using k_1 on sbtest1  (cost=0.43..6.53 rows=105 width=4)
	  Index Cond: ((k >= 5207813) AND (k <= 5207913))

table 2 : explain SELECT k FROM sbtest2 WHERE k BETWEEN 5207813 AND 5207913
	Index Only Scan using k_2 on sbtest2  (cost=0.43..6.40 rows=98 width=4)
	  Index Cond: ((k >= 5207813) AND (k <= 5207913))

table 3 : explain SELECT k FROM sbtest3 WHERE k BETWEEN 5207813 AND 5207913
	Index Only Scan using k_3 on sbtest3  (cost=0.43..6.50 rows=103 width=4)
	  Index Cond: ((k >= 5207813) AND (k <= 5207913))

table 4 : explain SELECT k FROM sbtest4 WHERE k BETWEEN 5207813 AND 5207913
	Index Only Scan using k_4 on sbtest4  (cost=0.43..6.53 rows=105 width=4)
	  Index Cond: ((k >= 5207813) AND (k <= 5207913))

table 5 : explain SELECT k FROM sbtest5 WHERE k BETWEEN 5207813 AND 5207913
	Index Only Scan using k_5 on sbtest5  (cost=0.43..6.53 rows=105 width=4)
	  Index Cond: ((k >= 5207813) AND (k <= 5207913))

table 6 : explain SELECT k FROM sbtest6 WHERE k BETWEEN 5207813 AND 5207913
	Index Only Scan using k_6 on sbtest6  (cost=0.43..6.33 rows=95 width=4)
	  Index Cond: ((k >= 5207813) AND (k <= 5207913))

table 7 : explain SELECT k FROM sbtest7 WHERE k BETWEEN 5207813 AND 5207913
	Index Only Scan using k_7 on sbtest7  (cost=0.43..6.50 rows=103 width=4)
	  Index Cond: ((k >= 5207813) AND (k <= 5207913))

table 8 : explain SELECT k FROM sbtest8 WHERE k BETWEEN 5207813 AND 5207913
	Index Only Scan using k_8 on sbtest8  (cost=0.43..6.43 rows=100 width=4)
	  Index Cond: ((k >= 5207813) AND (k <= 5207913))

for range-covered
table 1 : explain SELECT k FROM sbtest1 WHERE k BETWEEN 4876529 AND 4876629
	Index Only Scan using k_1 on sbtest1  (cost=0.43..6.67 rows=112 width=4)
	  Index Cond: ((k >= 4876529) AND (k <= 4876629))

table 2 : explain SELECT k FROM sbtest2 WHERE k BETWEEN 4876529 AND 4876629
	Index Only Scan using k_2 on sbtest2  (cost=0.43..6.42 rows=99 width=4)
	  Index Cond: ((k >= 4876529) AND (k <= 4876629))

table 3 : explain SELECT k FROM sbtest3 WHERE k BETWEEN 4876529 AND 4876629
	Index Only Scan using k_3 on sbtest3  (cost=0.43..6.37 rows=97 width=4)
	  Index Cond: ((k >= 4876529) AND (k <= 4876629))

table 4 : explain SELECT k FROM sbtest4 WHERE k BETWEEN 4876529 AND 4876629
	Index Only Scan using k_4 on sbtest4  (cost=0.43..6.40 rows=98 width=4)
	  Index Cond: ((k >= 4876529) AND (k <= 4876629))

table 5 : explain SELECT k FROM sbtest5 WHERE k BETWEEN 4876529 AND 4876629
	Index Only Scan using k_5 on sbtest5  (cost=0.43..6.45 rows=101 width=4)
	  Index Cond: ((k >= 4876529) AND (k <= 4876629))

table 6 : explain SELECT k FROM sbtest6 WHERE k BETWEEN 4876529 AND 4876629
	Index Only Scan using k_6 on sbtest6  (cost=0.43..6.42 rows=99 width=4)
	  Index Cond: ((k >= 4876529) AND (k <= 4876629))

table 7 : explain SELECT k FROM sbtest7 WHERE k BETWEEN 4876529 AND 4876629
	Index Only Scan using k_7 on sbtest7  (cost=0.43..6.45 rows=101 width=4)
	  Index Cond: ((k >= 4876529) AND (k <= 4876629))

table 8 : explain SELECT k FROM sbtest8 WHERE k BETWEEN 4876529 AND 4876629
	Index Only Scan using k_8 on sbtest8  (cost=0.43..6.29 rows=93 width=4)
	  Index Cond: ((k >= 4876529) AND (k <= 4876629))

explain: for range-covered :: explain SELECT k FROM sbtest%d WHERE k BETWEEN 5207813 AND 5207913
for range-covered
table 1 : explain SELECT k FROM sbtest1 WHERE k BETWEEN 1450672 AND 1450772
	Index Only Scan using k_1 on sbtest1  (cost=0.43..6.47 rows=102 width=4)
	  Index Cond: ((k >= 1450672) AND (k <= 1450772))

table 2 : explain SELECT k FROM sbtest2 WHERE k BETWEEN 1450672 AND 1450772
	Index Only Scan using k_2 on sbtest2  (cost=0.43..6.53 rows=105 width=4)
	  Index Cond: ((k >= 1450672) AND (k <= 1450772))

table 3 : explain SELECT k FROM sbtest3 WHERE k BETWEEN 1450672 AND 1450772
	Index Only Scan using k_3 on sbtest3  (cost=0.43..6.51 rows=104 width=4)
	  Index Cond: ((k >= 1450672) AND (k <= 1450772))

table 4 : explain SELECT k FROM sbtest4 WHERE k BETWEEN 1450672 AND 1450772
	Index Only Scan using k_4 on sbtest4  (cost=0.43..6.56 rows=106 width=4)
	  Index Cond: ((k >= 1450672) AND (k <= 1450772))

table 5 : explain SELECT k FROM sbtest5 WHERE k BETWEEN 1450672 AND 1450772
	Index Only Scan using k_5 on sbtest5  (cost=0.43..6.53 rows=105 width=4)
	  Index Cond: ((k >= 1450672) AND (k <= 1450772))

table 6 : explain SELECT k FROM sbtest6 WHERE k BETWEEN 1450672 AND 1450772
	Index Only Scan using k_6 on sbtest6  (cost=0.43..6.42 rows=99 width=4)
	  Index Cond: ((k >= 1450672) AND (k <= 1450772))

table 7 : explain SELECT k FROM sbtest7 WHERE k BETWEEN 1450672 AND 1450772
	Index Only Scan using k_7 on sbtest7  (cost=0.43..6.58 rows=107 width=4)
	  Index Cond: ((k >= 1450672) AND (k <= 1450772))

table 8 : explain SELECT k FROM sbtest8 WHERE k BETWEEN 1450672 AND 1450772
	Index Only Scan using k_8 on sbtest8  (cost=0.43..6.37 rows=97 width=4)
	  Index Cond: ((k >= 1450672) AND (k <= 1450772))

for range-covered
table 1 : explain SELECT k FROM sbtest1 WHERE k BETWEEN 7993049 AND 7993149
	Index Only Scan using k_1 on sbtest1  (cost=0.43..6.47 rows=102 width=4)
	  Index Cond: ((k >= 7993049) AND (k <= 7993149))

table 2 : explain SELECT k FROM sbtest2 WHERE k BETWEEN 7993049 AND 7993149
	Index Only Scan using k_2 on sbtest2  (cost=0.43..6.50 rows=103 width=4)
	  Index Cond: ((k >= 7993049) AND (k <= 7993149))

table 3 : explain SELECT k FROM sbtest3 WHERE k BETWEEN 7993049 AND 7993149
	Index Only Scan using k_3 on sbtest3  (cost=0.43..6.69 rows=113 width=4)
	  Index Cond: ((k >= 7993049) AND (k <= 7993149))

table 4 : explain SELECT k FROM sbtest4 WHERE k BETWEEN 7993049 AND 7993149
	Index Only Scan using k_4 on sbtest4  (cost=0.43..6.56 rows=106 width=4)
	  Index Cond: ((k >= 7993049) AND (k <= 7993149))

table 5 : explain SELECT k FROM sbtest5 WHERE k BETWEEN 7993049 AND 7993149
	Index Only Scan using k_5 on sbtest5  (cost=0.43..6.35 rows=96 width=4)
	  Index Cond: ((k >= 7993049) AND (k <= 7993149))

table 6 : explain SELECT k FROM sbtest6 WHERE k BETWEEN 7993049 AND 7993149
	Index Only Scan using k_6 on sbtest6  (cost=0.43..6.35 rows=96 width=4)
	  Index Cond: ((k >= 7993049) AND (k <= 7993149))

table 7 : explain SELECT k FROM sbtest7 WHERE k BETWEEN 7993049 AND 7993149
	Index Only Scan using k_7 on sbtest7  (cost=0.43..6.16 rows=86 width=4)
	  Index Cond: ((k >= 7993049) AND (k <= 7993149))

table 8 : explain SELECT k FROM sbtest8 WHERE k BETWEEN 7993049 AND 7993149
	Index Only Scan using k_8 on sbtest8  (cost=0.43..6.56 rows=106 width=4)
	  Index Cond: ((k >= 7993049) AND (k <= 7993149))

explain: for range-covered :: explain SELECT k FROM sbtest%d WHERE k BETWEEN 4876529 AND 4876629
explain: for range-covered :: explain SELECT k FROM sbtest%d WHERE k BETWEEN 1450672 AND 1450772
for range-covered
table 1 : explain SELECT k FROM sbtest1 WHERE k BETWEEN 3943001 AND 3943101
	Index Only Scan using k_1 on sbtest1  (cost=0.43..6.42 rows=99 width=4)
	  Index Cond: ((k >= 3943001) AND (k <= 3943101))

table 2 : explain SELECT k FROM sbtest2 WHERE k BETWEEN 3943001 AND 3943101
	Index Only Scan using k_2 on sbtest2  (cost=0.43..6.45 rows=101 width=4)
	  Index Cond: ((k >= 3943001) AND (k <= 3943101))

table 3 : explain SELECT k FROM sbtest3 WHERE k BETWEEN 3943001 AND 3943101
	Index Only Scan using k_3 on sbtest3  (cost=0.43..6.45 rows=101 width=4)
	  Index Cond: ((k >= 3943001) AND (k <= 3943101))

table 4 : explain SELECT k FROM sbtest4 WHERE k BETWEEN 3943001 AND 3943101
	Index Only Scan using k_4 on sbtest4  (cost=0.43..6.69 rows=113 width=4)
	  Index Cond: ((k >= 3943001) AND (k <= 3943101))

table 5 : explain SELECT k FROM sbtest5 WHERE k BETWEEN 3943001 AND 3943101
	Index Only Scan using k_5 on sbtest5  (cost=0.43..6.66 rows=111 width=4)
	  Index Cond: ((k >= 3943001) AND (k <= 3943101))

table 6 : explain SELECT k FROM sbtest6 WHERE k BETWEEN 3943001 AND 3943101
	Index Only Scan using k_6 on sbtest6  (cost=0.43..6.74 rows=115 width=4)
	  Index Cond: ((k >= 3943001) AND (k <= 3943101))

table 7 : explain SELECT k FROM sbtest7 WHERE k BETWEEN 3943001 AND 3943101
	Index Only Scan using k_7 on sbtest7  (cost=0.43..6.25 rows=91 width=4)
	  Index Cond: ((k >= 3943001) AND (k <= 3943101))

table 8 : explain SELECT k FROM sbtest8 WHERE k BETWEEN 3943001 AND 3943101
	Index Only Scan using k_8 on sbtest8  (cost=0.43..6.61 rows=109 width=4)
	  Index Cond: ((k >= 3943001) AND (k <= 3943101))

for range-covered
table 1 : explain SELECT k FROM sbtest1 WHERE k BETWEEN 5413295 AND 5413395
	Index Only Scan using k_1 on sbtest1  (cost=0.43..6.51 rows=104 width=4)
	  Index Cond: ((k >= 5413295) AND (k <= 5413395))

table 2 : explain SELECT k FROM sbtest2 WHERE k BETWEEN 5413295 AND 5413395
	Index Only Scan using k_2 on sbtest2  (cost=0.43..6.50 rows=103 width=4)
	  Index Cond: ((k >= 5413295) AND (k <= 5413395))

table 3 : explain SELECT k FROM sbtest3 WHERE k BETWEEN 5413295 AND 5413395
	Index Only Scan using k_3 on sbtest3  (cost=0.43..6.63 rows=110 width=4)
	  Index Cond: ((k >= 5413295) AND (k <= 5413395))

table 4 : explain SELECT k FROM sbtest4 WHERE k BETWEEN 5413295 AND 5413395
	Index Only Scan using k_4 on sbtest4  (cost=0.43..6.59 rows=108 width=4)
	  Index Cond: ((k >= 5413295) AND (k <= 5413395))

table 5 : explain SELECT k FROM sbtest5 WHERE k BETWEEN 5413295 AND 5413395
	Index Only Scan using k_5 on sbtest5  (cost=0.43..6.43 rows=100 width=4)
	  Index Cond: ((k >= 5413295) AND (k <= 5413395))

table 6 : explain SELECT k FROM sbtest6 WHERE k BETWEEN 5413295 AND 5413395
	Index Only Scan using k_6 on sbtest6  (cost=0.43..6.77 rows=117 width=4)
	  Index Cond: ((k >= 5413295) AND (k <= 5413395))

table 7 : explain SELECT k FROM sbtest7 WHERE k BETWEEN 5413295 AND 5413395
	Index Only Scan using k_7 on sbtest7  (cost=0.43..6.42 rows=99 width=4)
	  Index Cond: ((k >= 5413295) AND (k <= 5413395))

table 8 : explain SELECT k FROM sbtest8 WHERE k BETWEEN 5413295 AND 5413395
	Index Only Scan using k_8 on sbtest8  (cost=0.43..6.51 rows=104 width=4)
	  Index Cond: ((k >= 5413295) AND (k <= 5413395))

explain: for range-covered :: explain SELECT k FROM sbtest%d WHERE k BETWEEN 7993049 AND 7993149
explain: for range-covered :: explain SELECT k FROM sbtest%d WHERE k BETWEEN 5413295 AND 5413395
explain: for range-covered :: explain SELECT k FROM sbtest%d WHERE k BETWEEN 6788661 AND 6788761
for range-covered
table 1 : explain SELECT k FROM sbtest1 WHERE k BETWEEN 4437347 AND 4437447
	Index Only Scan using k_1 on sbtest1  (cost=0.43..6.45 rows=101 width=4)
	  Index Cond: ((k >= 4437347) AND (k <= 4437447))

table 2 : explain SELECT k FROM sbtest2 WHERE k BETWEEN 4437347 AND 4437447
	Index Only Scan using k_2 on sbtest2  (cost=0.43..6.25 rows=91 width=4)
	  Index Cond: ((k >= 4437347) AND (k <= 4437447))

table 3 : explain SELECT k FROM sbtest3 WHERE k BETWEEN 4437347 AND 4437447
	Index Only Scan using k_3 on sbtest3  (cost=0.43..6.59 rows=108 width=4)
	  Index Cond: ((k >= 4437347) AND (k <= 4437447))

table 4 : explain SELECT k FROM sbtest4 WHERE k BETWEEN 4437347 AND 4437447
	Index Only Scan using k_4 on sbtest4  (cost=0.43..6.33 rows=95 width=4)
	  Index Cond: ((k >= 4437347) AND (k <= 4437447))

table 5 : explain SELECT k FROM sbtest5 WHERE k BETWEEN 4437347 AND 4437447
	Index Only Scan using k_5 on sbtest5  (cost=0.43..6.50 rows=103 width=4)
	  Index Cond: ((k >= 4437347) AND (k <= 4437447))

table 6 : explain SELECT k FROM sbtest6 WHERE k BETWEEN 4437347 AND 4437447
	Index Only Scan using k_6 on sbtest6  (cost=0.43..6.51 rows=104 width=4)
	  Index Cond: ((k >= 4437347) AND (k <= 4437447))

table 7 : explain SELECT k FROM sbtest7 WHERE k BETWEEN 4437347 AND 4437447
	Index Only Scan using k_7 on sbtest7  (cost=0.43..6.56 rows=106 width=4)
	  Index Cond: ((k >= 4437347) AND (k <= 4437447))

table 8 : explain SELECT k FROM sbtest8 WHERE k BETWEEN 4437347 AND 4437447
	Index Only Scan using k_8 on sbtest8  (cost=0.43..6.50 rows=103 width=4)
	  Index Cond: ((k >= 4437347) AND (k <= 4437447))

explain: for range-covered :: explain SELECT k FROM sbtest%d WHERE k BETWEEN 4437347 AND 4437447
explain: for range-covered :: explain SELECT k FROM sbtest%d WHERE k BETWEEN 3943001 AND 3943101
for range-covered
table 1 : explain SELECT k FROM sbtest1 WHERE k BETWEEN 5083411 AND 5083511
	Index Only Scan using k_1 on sbtest1  (cost=0.43..6.47 rows=102 width=4)
	  Index Cond: ((k >= 5083411) AND (k <= 5083511))

table 2 : explain SELECT k FROM sbtest2 WHERE k BETWEEN 5083411 AND 5083511
	Index Only Scan using k_2 on sbtest2  (cost=0.43..6.51 rows=104 width=4)
	  Index Cond: ((k >= 5083411) AND (k <= 5083511))

table 3 : explain SELECT k FROM sbtest3 WHERE k BETWEEN 5083411 AND 5083511
	Index Only Scan using k_3 on sbtest3  (cost=0.43..6.40 rows=98 width=4)
	  Index Cond: ((k >= 5083411) AND (k <= 5083511))

table 4 : explain SELECT k FROM sbtest4 WHERE k BETWEEN 5083411 AND 5083511
	Index Only Scan using k_4 on sbtest4  (cost=0.43..6.45 rows=101 width=4)
	  Index Cond: ((k >= 5083411) AND (k <= 5083511))

table 5 : explain SELECT k FROM sbtest5 WHERE k BETWEEN 5083411 AND 5083511
	Index Only Scan using k_5 on sbtest5  (cost=0.43..6.47 rows=102 width=4)
	  Index Cond: ((k >= 5083411) AND (k <= 5083511))

table 6 : explain SELECT k FROM sbtest6 WHERE k BETWEEN 5083411 AND 5083511
	Index Only Scan using k_6 on sbtest6  (cost=0.43..6.53 rows=105 width=4)
	  Index Cond: ((k >= 5083411) AND (k <= 5083511))

table 7 : explain SELECT k FROM sbtest7 WHERE k BETWEEN 5083411 AND 5083511
	Index Only Scan using k_7 on sbtest7  (cost=0.43..6.53 rows=105 width=4)
	  Index Cond: ((k >= 5083411) AND (k <= 5083511))

table 8 : explain SELECT k FROM sbtest8 WHERE k BETWEEN 5083411 AND 5083511
	Index Only Scan using k_8 on sbtest8  (cost=0.43..6.29 rows=93 width=4)
	  Index Cond: ((k >= 5083411) AND (k <= 5083511))

for range-covered
table 1 : explain SELECT k FROM sbtest1 WHERE k BETWEEN 1450672 AND 1450772
	Index Only Scan using k_1 on sbtest1  (cost=0.43..6.47 rows=102 width=4)
	  Index Cond: ((k >= 1450672) AND (k <= 1450772))

table 2 : explain SELECT k FROM sbtest2 WHERE k BETWEEN 1450672 AND 1450772
	Index Only Scan using k_2 on sbtest2  (cost=0.43..6.53 rows=105 width=4)
	  Index Cond: ((k >= 1450672) AND (k <= 1450772))

table 3 : explain SELECT k FROM sbtest3 WHERE k BETWEEN 1450672 AND 1450772
	Index Only Scan using k_3 on sbtest3  (cost=0.43..6.51 rows=104 width=4)
	  Index Cond: ((k >= 1450672) AND (k <= 1450772))

table 4 : explain SELECT k FROM sbtest4 WHERE k BETWEEN 1450672 AND 1450772
	Index Only Scan using k_4 on sbtest4  (cost=0.43..6.56 rows=106 width=4)
	  Index Cond: ((k >= 1450672) AND (k <= 1450772))

table 5 : explain SELECT k FROM sbtest5 WHERE k BETWEEN 1450672 AND 1450772
	Index Only Scan using k_5 on sbtest5  (cost=0.43..6.53 rows=105 width=4)
	  Index Cond: ((k >= 1450672) AND (k <= 1450772))

table 6 : explain SELECT k FROM sbtest6 WHERE k BETWEEN 1450672 AND 1450772
	Index Only Scan using k_6 on sbtest6  (cost=0.43..6.42 rows=99 width=4)
	  Index Cond: ((k >= 1450672) AND (k <= 1450772))

table 7 : explain SELECT k FROM sbtest7 WHERE k BETWEEN 1450672 AND 1450772
	Index Only Scan using k_7 on sbtest7  (cost=0.43..6.58 rows=107 width=4)
	  Index Cond: ((k >= 1450672) AND (k <= 1450772))

table 8 : explain SELECT k FROM sbtest8 WHERE k BETWEEN 1450672 AND 1450772
	Index Only Scan using k_8 on sbtest8  (cost=0.43..6.37 rows=97 width=4)
	  Index Cond: ((k >= 1450672) AND (k <= 1450772))

explain: for range-covered :: explain SELECT k FROM sbtest%d WHERE k BETWEEN 1450672 AND 1450772
explain: for range-covered :: explain SELECT k FROM sbtest%d WHERE k BETWEEN 7337823 AND 7337923
for range-covered
table 1 : explain SELECT k FROM sbtest1 WHERE k BETWEEN 3943001 AND 3943101
	Index Only Scan using k_1 on sbtest1  (cost=0.43..6.42 rows=99 width=4)
	  Index Cond: ((k >= 3943001) AND (k <= 3943101))

table 2 : explain SELECT k FROM sbtest2 WHERE k BETWEEN 3943001 AND 3943101
	Index Only Scan using k_2 on sbtest2  (cost=0.43..6.45 rows=101 width=4)
	  Index Cond: ((k >= 3943001) AND (k <= 3943101))

table 3 : explain SELECT k FROM sbtest3 WHERE k BETWEEN 3943001 AND 3943101
	Index Only Scan using k_3 on sbtest3  (cost=0.43..6.45 rows=101 width=4)
	  Index Cond: ((k >= 3943001) AND (k <= 3943101))

table 4 : explain SELECT k FROM sbtest4 WHERE k BETWEEN 3943001 AND 3943101
	Index Only Scan using k_4 on sbtest4  (cost=0.43..6.69 rows=113 width=4)
	  Index Cond: ((k >= 3943001) AND (k <= 3943101))

table 5 : explain SELECT k FROM sbtest5 WHERE k BETWEEN 3943001 AND 3943101
	Index Only Scan using k_5 on sbtest5  (cost=0.43..6.66 rows=111 width=4)
	  Index Cond: ((k >= 3943001) AND (k <= 3943101))

table 6 : explain SELECT k FROM sbtest6 WHERE k BETWEEN 3943001 AND 3943101
	Index Only Scan using k_6 on sbtest6  (cost=0.43..6.74 rows=115 width=4)
	  Index Cond: ((k >= 3943001) AND (k <= 3943101))

table 7 : explain SELECT k FROM sbtest7 WHERE k BETWEEN 3943001 AND 3943101
	Index Only Scan using k_7 on sbtest7  (cost=0.43..6.25 rows=91 width=4)
	  Index Cond: ((k >= 3943001) AND (k <= 3943101))

table 8 : explain SELECT k FROM sbtest8 WHERE k BETWEEN 3943001 AND 3943101
	Index Only Scan using k_8 on sbtest8  (cost=0.43..6.61 rows=109 width=4)
	  Index Cond: ((k >= 3943001) AND (k <= 3943101))

for range-covered
table 1 : explain SELECT k FROM sbtest1 WHERE k BETWEEN 7110852 AND 7110952
	Index Only Scan using k_1 on sbtest1  (cost=0.43..6.59 rows=108 width=4)
	  Index Cond: ((k >= 7110852) AND (k <= 7110952))

table 2 : explain SELECT k FROM sbtest2 WHERE k BETWEEN 7110852 AND 7110952
	Index Only Scan using k_2 on sbtest2  (cost=0.43..6.43 rows=100 width=4)
	  Index Cond: ((k >= 7110852) AND (k <= 7110952))

table 3 : explain SELECT k FROM sbtest3 WHERE k BETWEEN 7110852 AND 7110952
	Index Only Scan using k_3 on sbtest3  (cost=0.43..6.43 rows=100 width=4)
	  Index Cond: ((k >= 7110852) AND (k <= 7110952))

table 4 : explain SELECT k FROM sbtest4 WHERE k BETWEEN 7110852 AND 7110952
	Index Only Scan using k_4 on sbtest4  (cost=0.43..6.37 rows=97 width=4)
	  Index Cond: ((k >= 7110852) AND (k <= 7110952))

table 5 : explain SELECT k FROM sbtest5 WHERE k BETWEEN 7110852 AND 7110952
	Index Only Scan using k_5 on sbtest5  (cost=0.43..6.63 rows=110 width=4)
	  Index Cond: ((k >= 7110852) AND (k <= 7110952))

table 6 : explain SELECT k FROM sbtest6 WHERE k BETWEEN 7110852 AND 7110952
	Index Only Scan using k_6 on sbtest6  (cost=0.43..6.51 rows=104 width=4)
	  Index Cond: ((k >= 7110852) AND (k <= 7110952))

table 7 : explain SELECT k FROM sbtest7 WHERE k BETWEEN 7110852 AND 7110952
	Index Only Scan using k_7 on sbtest7  (cost=0.43..6.24 rows=90 width=4)
	  Index Cond: ((k >= 7110852) AND (k <= 7110952))

table 8 : explain SELECT k FROM sbtest8 WHERE k BETWEEN 7110852 AND 7110952
	Index Only Scan using k_8 on sbtest8  (cost=0.43..6.50 rows=103 width=4)
	  Index Cond: ((k >= 7110852) AND (k <= 7110952))

for range-covered
table 1 : explain SELECT k FROM sbtest1 WHERE k BETWEEN 5207813 AND 5207913
	Index Only Scan using k_1 on sbtest1  (cost=0.43..6.53 rows=105 width=4)
	  Index Cond: ((k >= 5207813) AND (k <= 5207913))

table 2 : explain SELECT k FROM sbtest2 WHERE k BETWEEN 5207813 AND 5207913
	Index Only Scan using k_2 on sbtest2  (cost=0.43..6.40 rows=98 width=4)
	  Index Cond: ((k >= 5207813) AND (k <= 5207913))

table 3 : explain SELECT k FROM sbtest3 WHERE k BETWEEN 5207813 AND 5207913
	Index Only Scan using k_3 on sbtest3  (cost=0.43..6.50 rows=103 width=4)
	  Index Cond: ((k >= 5207813) AND (k <= 5207913))

table 4 : explain SELECT k FROM sbtest4 WHERE k BETWEEN 5207813 AND 5207913
	Index Only Scan using k_4 on sbtest4  (cost=0.43..6.53 rows=105 width=4)
	  Index Cond: ((k >= 5207813) AND (k <= 5207913))

table 5 : explain SELECT k FROM sbtest5 WHERE k BETWEEN 5207813 AND 5207913
	Index Only Scan using k_5 on sbtest5  (cost=0.43..6.53 rows=105 width=4)
	  Index Cond: ((k >= 5207813) AND (k <= 5207913))

table 6 : explain SELECT k FROM sbtest6 WHERE k BETWEEN 5207813 AND 5207913
	Index Only Scan using k_6 on sbtest6  (cost=0.43..6.33 rows=95 width=4)
	  Index Cond: ((k >= 5207813) AND (k <= 5207913))

table 7 : explain SELECT k FROM sbtest7 WHERE k BETWEEN 5207813 AND 5207913
	Index Only Scan using k_7 on sbtest7  (cost=0.43..6.50 rows=103 width=4)
	  Index Cond: ((k >= 5207813) AND (k <= 5207913))

table 8 : explain SELECT k FROM sbtest8 WHERE k BETWEEN 5207813 AND 5207913
	Index Only Scan using k_8 on sbtest8  (cost=0.43..6.43 rows=100 width=4)
	  Index Cond: ((k >= 5207813) AND (k <= 5207913))

explain: for range-covered :: explain SELECT k FROM sbtest%d WHERE k BETWEEN 3943001 AND 3943101
explain: for range-covered :: explain SELECT k FROM sbtest%d WHERE k BETWEEN 7110852 AND 7110952
for range-covered
table 1 : explain SELECT k FROM sbtest1 WHERE k BETWEEN 4876529 AND 4876629
	Index Only Scan using k_1 on sbtest1  (cost=0.43..6.67 rows=112 width=4)
	  Index Cond: ((k >= 4876529) AND (k <= 4876629))

table 2 : explain SELECT k FROM sbtest2 WHERE k BETWEEN 4876529 AND 4876629
	Index Only Scan using k_2 on sbtest2  (cost=0.43..6.42 rows=99 width=4)
	  Index Cond: ((k >= 4876529) AND (k <= 4876629))

table 3 : explain SELECT k FROM sbtest3 WHERE k BETWEEN 4876529 AND 4876629
	Index Only Scan using k_3 on sbtest3  (cost=0.43..6.37 rows=97 width=4)
	  Index Cond: ((k >= 4876529) AND (k <= 4876629))

table 4 : explain SELECT k FROM sbtest4 WHERE k BETWEEN 4876529 AND 4876629
	Index Only Scan using k_4 on sbtest4  (cost=0.43..6.40 rows=98 width=4)
	  Index Cond: ((k >= 4876529) AND (k <= 4876629))

table 5 : explain SELECT k FROM sbtest5 WHERE k BETWEEN 4876529 AND 4876629
	Index Only Scan using k_5 on sbtest5  (cost=0.43..6.45 rows=101 width=4)
	  Index Cond: ((k >= 4876529) AND (k <= 4876629))

table 6 : explain SELECT k FROM sbtest6 WHERE k BETWEEN 4876529 AND 4876629
	Index Only Scan using k_6 on sbtest6  (cost=0.43..6.42 rows=99 width=4)
	  Index Cond: ((k >= 4876529) AND (k <= 4876629))

table 7 : explain SELECT k FROM sbtest7 WHERE k BETWEEN 4876529 AND 4876629
	Index Only Scan using k_7 on sbtest7  (cost=0.43..6.45 rows=101 width=4)
	  Index Cond: ((k >= 4876529) AND (k <= 4876629))

table 8 : explain SELECT k FROM sbtest8 WHERE k BETWEEN 4876529 AND 4876629
	Index Only Scan using k_8 on sbtest8  (cost=0.43..6.29 rows=93 width=4)
	  Index Cond: ((k >= 4876529) AND (k <= 4876629))

explain: for range-covered :: explain SELECT k FROM sbtest%d WHERE k BETWEEN 5207813 AND 5207913
for range-covered
table 1 : explain SELECT k FROM sbtest1 WHERE k BETWEEN 1450672 AND 1450772
	Index Only Scan using k_1 on sbtest1  (cost=0.43..6.47 rows=102 width=4)
	  Index Cond: ((k >= 1450672) AND (k <= 1450772))

table 2 : explain SELECT k FROM sbtest2 WHERE k BETWEEN 1450672 AND 1450772
	Index Only Scan using k_2 on sbtest2  (cost=0.43..6.53 rows=105 width=4)
	  Index Cond: ((k >= 1450672) AND (k <= 1450772))

table 3 : explain SELECT k FROM sbtest3 WHERE k BETWEEN 1450672 AND 1450772
	Index Only Scan using k_3 on sbtest3  (cost=0.43..6.51 rows=104 width=4)
	  Index Cond: ((k >= 1450672) AND (k <= 1450772))

table 4 : explain SELECT k FROM sbtest4 WHERE k BETWEEN 1450672 AND 1450772
	Index Only Scan using k_4 on sbtest4  (cost=0.43..6.56 rows=106 width=4)
	  Index Cond: ((k >= 1450672) AND (k <= 1450772))

table 5 : explain SELECT k FROM sbtest5 WHERE k BETWEEN 1450672 AND 1450772
	Index Only Scan using k_5 on sbtest5  (cost=0.43..6.53 rows=105 width=4)
	  Index Cond: ((k >= 1450672) AND (k <= 1450772))

table 6 : explain SELECT k FROM sbtest6 WHERE k BETWEEN 1450672 AND 1450772
	Index Only Scan using k_6 on sbtest6  (cost=0.43..6.42 rows=99 width=4)
	  Index Cond: ((k >= 1450672) AND (k <= 1450772))

table 7 : explain SELECT k FROM sbtest7 WHERE k BETWEEN 1450672 AND 1450772
	Index Only Scan using k_7 on sbtest7  (cost=0.43..6.58 rows=107 width=4)
	  Index Cond: ((k >= 1450672) AND (k <= 1450772))

table 8 : explain SELECT k FROM sbtest8 WHERE k BETWEEN 1450672 AND 1450772
	Index Only Scan using k_8 on sbtest8  (cost=0.43..6.37 rows=97 width=4)
	  Index Cond: ((k >= 1450672) AND (k <= 1450772))

for range-covered
table 1 : explain SELECT k FROM sbtest1 WHERE k BETWEEN 5413295 AND 5413395
	Index Only Scan using k_1 on sbtest1  (cost=0.43..6.51 rows=104 width=4)
	  Index Cond: ((k >= 5413295) AND (k <= 5413395))

table 2 : explain SELECT k FROM sbtest2 WHERE k BETWEEN 5413295 AND 5413395
	Index Only Scan using k_2 on sbtest2  (cost=0.43..6.50 rows=103 width=4)
	  Index Cond: ((k >= 5413295) AND (k <= 5413395))

table 3 : explain SELECT k FROM sbtest3 WHERE k BETWEEN 5413295 AND 5413395
	Index Only Scan using k_3 on sbtest3  (cost=0.43..6.63 rows=110 width=4)
	  Index Cond: ((k >= 5413295) AND (k <= 5413395))

table 4 : explain SELECT k FROM sbtest4 WHERE k BETWEEN 5413295 AND 5413395
	Index Only Scan using k_4 on sbtest4  (cost=0.43..6.59 rows=108 width=4)
	  Index Cond: ((k >= 5413295) AND (k <= 5413395))

table 5 : explain SELECT k FROM sbtest5 WHERE k BETWEEN 5413295 AND 5413395
	Index Only Scan using k_5 on sbtest5  (cost=0.43..6.43 rows=100 width=4)
	  Index Cond: ((k >= 5413295) AND (k <= 5413395))

table 6 : explain SELECT k FROM sbtest6 WHERE k BETWEEN 5413295 AND 5413395
	Index Only Scan using k_6 on sbtest6  (cost=0.43..6.77 rows=117 width=4)
	  Index Cond: ((k >= 5413295) AND (k <= 5413395))

table 7 : explain SELECT k FROM sbtest7 WHERE k BETWEEN 5413295 AND 5413395
	Index Only Scan using k_7 on sbtest7  (cost=0.43..6.42 rows=99 width=4)
	  Index Cond: ((k >= 5413295) AND (k <= 5413395))

table 8 : explain SELECT k FROM sbtest8 WHERE k BETWEEN 5413295 AND 5413395
	Index Only Scan using k_8 on sbtest8  (cost=0.43..6.51 rows=104 width=4)
	  Index Cond: ((k >= 5413295) AND (k <= 5413395))

explain: for range-covered :: explain SELECT k FROM sbtest%d WHERE k BETWEEN 4876529 AND 4876629
explain: for range-covered :: explain SELECT k FROM sbtest%d WHERE k BETWEEN 5413295 AND 5413395
explain: for range-covered :: explain SELECT k FROM sbtest%d WHERE k BETWEEN 1450672 AND 1450772
for range-covered
table 1 : explain SELECT k FROM sbtest1 WHERE k BETWEEN 3943001 AND 3943101
	Index Only Scan using k_1 on sbtest1  (cost=0.43..6.42 rows=99 width=4)
	  Index Cond: ((k >= 3943001) AND (k <= 3943101))

table 2 : explain SELECT k FROM sbtest2 WHERE k BETWEEN 3943001 AND 3943101
	Index Only Scan using k_2 on sbtest2  (cost=0.43..6.45 rows=101 width=4)
	  Index Cond: ((k >= 3943001) AND (k <= 3943101))

table 3 : explain SELECT k FROM sbtest3 WHERE k BETWEEN 3943001 AND 3943101
	Index Only Scan using k_3 on sbtest3  (cost=0.43..6.45 rows=101 width=4)
	  Index Cond: ((k >= 3943001) AND (k <= 3943101))

table 4 : explain SELECT k FROM sbtest4 WHERE k BETWEEN 3943001 AND 3943101
	Index Only Scan using k_4 on sbtest4  (cost=0.43..6.69 rows=113 width=4)
	  Index Cond: ((k >= 3943001) AND (k <= 3943101))

table 5 : explain SELECT k FROM sbtest5 WHERE k BETWEEN 3943001 AND 3943101
	Index Only Scan using k_5 on sbtest5  (cost=0.43..6.66 rows=111 width=4)
	  Index Cond: ((k >= 3943001) AND (k <= 3943101))

table 6 : explain SELECT k FROM sbtest6 WHERE k BETWEEN 3943001 AND 3943101
	Index Only Scan using k_6 on sbtest6  (cost=0.43..6.74 rows=115 width=4)
	  Index Cond: ((k >= 3943001) AND (k <= 3943101))

table 7 : explain SELECT k FROM sbtest7 WHERE k BETWEEN 3943001 AND 3943101
	Index Only Scan using k_7 on sbtest7  (cost=0.43..6.25 rows=91 width=4)
	  Index Cond: ((k >= 3943001) AND (k <= 3943101))

table 8 : explain SELECT k FROM sbtest8 WHERE k BETWEEN 3943001 AND 3943101
	Index Only Scan using k_8 on sbtest8  (cost=0.43..6.61 rows=109 width=4)
	  Index Cond: ((k >= 3943001) AND (k <= 3943101))

explain: for range-covered :: explain SELECT k FROM sbtest%d WHERE k BETWEEN 3943001 AND 3943101
for range-covered
table 1 : explain SELECT k FROM sbtest1 WHERE k BETWEEN 7110852 AND 7110952
	Index Only Scan using k_1 on sbtest1  (cost=0.43..6.59 rows=108 width=4)
	  Index Cond: ((k >= 7110852) AND (k <= 7110952))

table 2 : explain SELECT k FROM sbtest2 WHERE k BETWEEN 7110852 AND 7110952
	Index Only Scan using k_2 on sbtest2  (cost=0.43..6.43 rows=100 width=4)
	  Index Cond: ((k >= 7110852) AND (k <= 7110952))

table 3 : explain SELECT k FROM sbtest3 WHERE k BETWEEN 7110852 AND 7110952
	Index Only Scan using k_3 on sbtest3  (cost=0.43..6.43 rows=100 width=4)
	  Index Cond: ((k >= 7110852) AND (k <= 7110952))

table 4 : explain SELECT k FROM sbtest4 WHERE k BETWEEN 7110852 AND 7110952
	Index Only Scan using k_4 on sbtest4  (cost=0.43..6.37 rows=97 width=4)
	  Index Cond: ((k >= 7110852) AND (k <= 7110952))

table 5 : explain SELECT k FROM sbtest5 WHERE k BETWEEN 7110852 AND 7110952
	Index Only Scan using k_5 on sbtest5  (cost=0.43..6.63 rows=110 width=4)
	  Index Cond: ((k >= 7110852) AND (k <= 7110952))

table 6 : explain SELECT k FROM sbtest6 WHERE k BETWEEN 7110852 AND 7110952
	Index Only Scan using k_6 on sbtest6  (cost=0.43..6.51 rows=104 width=4)
	  Index Cond: ((k >= 7110852) AND (k <= 7110952))

table 7 : explain SELECT k FROM sbtest7 WHERE k BETWEEN 7110852 AND 7110952
	Index Only Scan using k_7 on sbtest7  (cost=0.43..6.24 rows=90 width=4)
	  Index Cond: ((k >= 7110852) AND (k <= 7110952))

table 8 : explain SELECT k FROM sbtest8 WHERE k BETWEEN 7110852 AND 7110952
	Index Only Scan using k_8 on sbtest8  (cost=0.43..6.50 rows=103 width=4)
	  Index Cond: ((k >= 7110852) AND (k <= 7110952))

explain: for range-covered :: explain SELECT k FROM sbtest%d WHERE k BETWEEN 7110852 AND 7110952
for range-covered
table 1 : explain SELECT k FROM sbtest1 WHERE k BETWEEN 4437347 AND 4437447
	Index Only Scan using k_1 on sbtest1  (cost=0.43..6.45 rows=101 width=4)
	  Index Cond: ((k >= 4437347) AND (k <= 4437447))

table 2 : explain SELECT k FROM sbtest2 WHERE k BETWEEN 4437347 AND 4437447
	Index Only Scan using k_2 on sbtest2  (cost=0.43..6.25 rows=91 width=4)
	  Index Cond: ((k >= 4437347) AND (k <= 4437447))

table 3 : explain SELECT k FROM sbtest3 WHERE k BETWEEN 4437347 AND 4437447
	Index Only Scan using k_3 on sbtest3  (cost=0.43..6.59 rows=108 width=4)
	  Index Cond: ((k >= 4437347) AND (k <= 4437447))

table 4 : explain SELECT k FROM sbtest4 WHERE k BETWEEN 4437347 AND 4437447
	Index Only Scan using k_4 on sbtest4  (cost=0.43..6.33 rows=95 width=4)
	  Index Cond: ((k >= 4437347) AND (k <= 4437447))

table 5 : explain SELECT k FROM sbtest5 WHERE k BETWEEN 4437347 AND 4437447
	Index Only Scan using k_5 on sbtest5  (cost=0.43..6.50 rows=103 width=4)
	  Index Cond: ((k >= 4437347) AND (k <= 4437447))

table 6 : explain SELECT k FROM sbtest6 WHERE k BETWEEN 4437347 AND 4437447
	Index Only Scan using k_6 on sbtest6  (cost=0.43..6.51 rows=104 width=4)
	  Index Cond: ((k >= 4437347) AND (k <= 4437447))

table 7 : explain SELECT k FROM sbtest7 WHERE k BETWEEN 4437347 AND 4437447
	Index Only Scan using k_7 on sbtest7  (cost=0.43..6.56 rows=106 width=4)
	  Index Cond: ((k >= 4437347) AND (k <= 4437447))

table 8 : explain SELECT k FROM sbtest8 WHERE k BETWEEN 4437347 AND 4437447
	Index Only Scan using k_8 on sbtest8  (cost=0.43..6.50 rows=103 width=4)
	  Index Cond: ((k >= 4437347) AND (k <= 4437447))

explain: for range-covered :: explain SELECT k FROM sbtest%d WHERE k BETWEEN 4437347 AND 4437447
for range-covered
table 1 : explain SELECT k FROM sbtest1 WHERE k BETWEEN 5413295 AND 5413395
	Index Only Scan using k_1 on sbtest1  (cost=0.43..6.51 rows=104 width=4)
	  Index Cond: ((k >= 5413295) AND (k <= 5413395))

table 2 : explain SELECT k FROM sbtest2 WHERE k BETWEEN 5413295 AND 5413395
	Index Only Scan using k_2 on sbtest2  (cost=0.43..6.50 rows=103 width=4)
	  Index Cond: ((k >= 5413295) AND (k <= 5413395))

table 3 : explain SELECT k FROM sbtest3 WHERE k BETWEEN 5413295 AND 5413395
	Index Only Scan using k_3 on sbtest3  (cost=0.43..6.63 rows=110 width=4)
	  Index Cond: ((k >= 5413295) AND (k <= 5413395))

table 4 : explain SELECT k FROM sbtest4 WHERE k BETWEEN 5413295 AND 5413395
	Index Only Scan using k_4 on sbtest4  (cost=0.43..6.59 rows=108 width=4)
	  Index Cond: ((k >= 5413295) AND (k <= 5413395))

table 5 : explain SELECT k FROM sbtest5 WHERE k BETWEEN 5413295 AND 5413395
	Index Only Scan using k_5 on sbtest5  (cost=0.43..6.43 rows=100 width=4)
	  Index Cond: ((k >= 5413295) AND (k <= 5413395))

table 6 : explain SELECT k FROM sbtest6 WHERE k BETWEEN 5413295 AND 5413395
	Index Only Scan using k_6 on sbtest6  (cost=0.43..6.77 rows=117 width=4)
	  Index Cond: ((k >= 5413295) AND (k <= 5413395))

table 7 : explain SELECT k FROM sbtest7 WHERE k BETWEEN 5413295 AND 5413395
	Index Only Scan using k_7 on sbtest7  (cost=0.43..6.42 rows=99 width=4)
	  Index Cond: ((k >= 5413295) AND (k <= 5413395))

table 8 : explain SELECT k FROM sbtest8 WHERE k BETWEEN 5413295 AND 5413395
	Index Only Scan using k_8 on sbtest8  (cost=0.43..6.51 rows=104 width=4)
	  Index Cond: ((k >= 5413295) AND (k <= 5413395))

for range-covered
table 1 : explain SELECT k FROM sbtest1 WHERE k BETWEEN 1450672 AND 1450772
	Index Only Scan using k_1 on sbtest1  (cost=0.43..6.47 rows=102 width=4)
	  Index Cond: ((k >= 1450672) AND (k <= 1450772))

table 2 : explain SELECT k FROM sbtest2 WHERE k BETWEEN 1450672 AND 1450772
	Index Only Scan using k_2 on sbtest2  (cost=0.43..6.53 rows=105 width=4)
	  Index Cond: ((k >= 1450672) AND (k <= 1450772))

table 3 : explain SELECT k FROM sbtest3 WHERE k BETWEEN 1450672 AND 1450772
	Index Only Scan using k_3 on sbtest3  (cost=0.43..6.51 rows=104 width=4)
	  Index Cond: ((k >= 1450672) AND (k <= 1450772))

table 4 : explain SELECT k FROM sbtest4 WHERE k BETWEEN 1450672 AND 1450772
	Index Only Scan using k_4 on sbtest4  (cost=0.43..6.56 rows=106 width=4)
	  Index Cond: ((k >= 1450672) AND (k <= 1450772))

table 5 : explain SELECT k FROM sbtest5 WHERE k BETWEEN 1450672 AND 1450772
	Index Only Scan using k_5 on sbtest5  (cost=0.43..6.53 rows=105 width=4)
	  Index Cond: ((k >= 1450672) AND (k <= 1450772))

table 6 : explain SELECT k FROM sbtest6 WHERE k BETWEEN 1450672 AND 1450772
	Index Only Scan using k_6 on sbtest6  (cost=0.43..6.42 rows=99 width=4)
	  Index Cond: ((k >= 1450672) AND (k <= 1450772))

table 7 : explain SELECT k FROM sbtest7 WHERE k BETWEEN 1450672 AND 1450772
	Index Only Scan using k_7 on sbtest7  (cost=0.43..6.58 rows=107 width=4)
	  Index Cond: ((k >= 1450672) AND (k <= 1450772))

table 8 : explain SELECT k FROM sbtest8 WHERE k BETWEEN 1450672 AND 1450772
	Index Only Scan using k_8 on sbtest8  (cost=0.43..6.37 rows=97 width=4)
	  Index Cond: ((k >= 1450672) AND (k <= 1450772))

for range-covered
table 1 : explain SELECT k FROM sbtest1 WHERE k BETWEEN 3943001 AND 3943101
	Index Only Scan using k_1 on sbtest1  (cost=0.43..6.42 rows=99 width=4)
	  Index Cond: ((k >= 3943001) AND (k <= 3943101))

table 2 : explain SELECT k FROM sbtest2 WHERE k BETWEEN 3943001 AND 3943101
	Index Only Scan using k_2 on sbtest2  (cost=0.43..6.45 rows=101 width=4)
	  Index Cond: ((k >= 3943001) AND (k <= 3943101))

table 3 : explain SELECT k FROM sbtest3 WHERE k BETWEEN 3943001 AND 3943101
	Index Only Scan using k_3 on sbtest3  (cost=0.43..6.45 rows=101 width=4)
	  Index Cond: ((k >= 3943001) AND (k <= 3943101))

table 4 : explain SELECT k FROM sbtest4 WHERE k BETWEEN 3943001 AND 3943101
	Index Only Scan using k_4 on sbtest4  (cost=0.43..6.69 rows=113 width=4)
	  Index Cond: ((k >= 3943001) AND (k <= 3943101))

table 5 : explain SELECT k FROM sbtest5 WHERE k BETWEEN 3943001 AND 3943101
	Index Only Scan using k_5 on sbtest5  (cost=0.43..6.66 rows=111 width=4)
	  Index Cond: ((k >= 3943001) AND (k <= 3943101))

table 6 : explain SELECT k FROM sbtest6 WHERE k BETWEEN 3943001 AND 3943101
	Index Only Scan using k_6 on sbtest6  (cost=0.43..6.74 rows=115 width=4)
	  Index Cond: ((k >= 3943001) AND (k <= 3943101))

table 7 : explain SELECT k FROM sbtest7 WHERE k BETWEEN 3943001 AND 3943101
	Index Only Scan using k_7 on sbtest7  (cost=0.43..6.25 rows=91 width=4)
	  Index Cond: ((k >= 3943001) AND (k <= 3943101))

table 8 : explain SELECT k FROM sbtest8 WHERE k BETWEEN 3943001 AND 3943101
	Index Only Scan using k_8 on sbtest8  (cost=0.43..6.61 rows=109 width=4)
	  Index Cond: ((k >= 3943001) AND (k <= 3943101))

for range-covered
table 1 : explain SELECT k FROM sbtest1 WHERE k BETWEEN 7993049 AND 7993149
	Index Only Scan using k_1 on sbtest1  (cost=0.43..6.47 rows=102 width=4)
	  Index Cond: ((k >= 7993049) AND (k <= 7993149))

table 2 : explain SELECT k FROM sbtest2 WHERE k BETWEEN 7993049 AND 7993149
	Index Only Scan using k_2 on sbtest2  (cost=0.43..6.50 rows=103 width=4)
	  Index Cond: ((k >= 7993049) AND (k <= 7993149))

table 3 : explain SELECT k FROM sbtest3 WHERE k BETWEEN 7993049 AND 7993149
	Index Only Scan using k_3 on sbtest3  (cost=0.43..6.69 rows=113 width=4)
	  Index Cond: ((k >= 7993049) AND (k <= 7993149))

table 4 : explain SELECT k FROM sbtest4 WHERE k BETWEEN 7993049 AND 7993149
	Index Only Scan using k_4 on sbtest4  (cost=0.43..6.56 rows=106 width=4)
	  Index Cond: ((k >= 7993049) AND (k <= 7993149))

table 5 : explain SELECT k FROM sbtest5 WHERE k BETWEEN 7993049 AND 7993149
	Index Only Scan using k_5 on sbtest5  (cost=0.43..6.35 rows=96 width=4)
	  Index Cond: ((k >= 7993049) AND (k <= 7993149))

table 6 : explain SELECT k FROM sbtest6 WHERE k BETWEEN 7993049 AND 7993149
	Index Only Scan using k_6 on sbtest6  (cost=0.43..6.35 rows=96 width=4)
	  Index Cond: ((k >= 7993049) AND (k <= 7993149))

table 7 : explain SELECT k FROM sbtest7 WHERE k BETWEEN 7993049 AND 7993149
	Index Only Scan using k_7 on sbtest7  (cost=0.43..6.16 rows=86 width=4)
	  Index Cond: ((k >= 7993049) AND (k <= 7993149))

table 8 : explain SELECT k FROM sbtest8 WHERE k BETWEEN 7993049 AND 7993149
	Index Only Scan using k_8 on sbtest8  (cost=0.43..6.56 rows=106 width=4)
	  Index Cond: ((k >= 7993049) AND (k <= 7993149))

explain: for range-covered :: explain SELECT k FROM sbtest%d WHERE k BETWEEN 3943001 AND 3943101
for range-covered
table 1 : explain SELECT k FROM sbtest1 WHERE k BETWEEN 5207813 AND 5207913
	Index Only Scan using k_1 on sbtest1  (cost=0.43..6.53 rows=105 width=4)
	  Index Cond: ((k >= 5207813) AND (k <= 5207913))

table 2 : explain SELECT k FROM sbtest2 WHERE k BETWEEN 5207813 AND 5207913
	Index Only Scan using k_2 on sbtest2  (cost=0.43..6.40 rows=98 width=4)
	  Index Cond: ((k >= 5207813) AND (k <= 5207913))

table 3 : explain SELECT k FROM sbtest3 WHERE k BETWEEN 5207813 AND 5207913
	Index Only Scan using k_3 on sbtest3  (cost=0.43..6.50 rows=103 width=4)
	  Index Cond: ((k >= 5207813) AND (k <= 5207913))

table 4 : explain SELECT k FROM sbtest4 WHERE k BETWEEN 5207813 AND 5207913
	Index Only Scan using k_4 on sbtest4  (cost=0.43..6.53 rows=105 width=4)
	  Index Cond: ((k >= 5207813) AND (k <= 5207913))

table 5 : explain SELECT k FROM sbtest5 WHERE k BETWEEN 5207813 AND 5207913
	Index Only Scan using k_5 on sbtest5  (cost=0.43..6.53 rows=105 width=4)
	  Index Cond: ((k >= 5207813) AND (k <= 5207913))

table 6 : explain SELECT k FROM sbtest6 WHERE k BETWEEN 5207813 AND 5207913
	Index Only Scan using k_6 on sbtest6  (cost=0.43..6.33 rows=95 width=4)
	  Index Cond: ((k >= 5207813) AND (k <= 5207913))

table 7 : explain SELECT k FROM sbtest7 WHERE k BETWEEN 5207813 AND 5207913
	Index Only Scan using k_7 on sbtest7  (cost=0.43..6.50 rows=103 width=4)
	  Index Cond: ((k >= 5207813) AND (k <= 5207913))

table 8 : explain SELECT k FROM sbtest8 WHERE k BETWEEN 5207813 AND 5207913
	Index Only Scan using k_8 on sbtest8  (cost=0.43..6.43 rows=100 width=4)
	  Index Cond: ((k >= 5207813) AND (k <= 5207913))

explain: for range-covered :: explain SELECT k FROM sbtest%d WHERE k BETWEEN 7993049 AND 7993149
for range-covered
table 1 : explain SELECT k FROM sbtest1 WHERE k BETWEEN 4876529 AND 4876629
	Index Only Scan using k_1 on sbtest1  (cost=0.43..6.67 rows=112 width=4)
	  Index Cond: ((k >= 4876529) AND (k <= 4876629))

table 2 : explain SELECT k FROM sbtest2 WHERE k BETWEEN 4876529 AND 4876629
	Index Only Scan using k_2 on sbtest2  (cost=0.43..6.42 rows=99 width=4)
	  Index Cond: ((k >= 4876529) AND (k <= 4876629))

table 3 : explain SELECT k FROM sbtest3 WHERE k BETWEEN 4876529 AND 4876629
	Index Only Scan using k_3 on sbtest3  (cost=0.43..6.37 rows=97 width=4)
	  Index Cond: ((k >= 4876529) AND (k <= 4876629))

table 4 : explain SELECT k FROM sbtest4 WHERE k BETWEEN 4876529 AND 4876629
	Index Only Scan using k_4 on sbtest4  (cost=0.43..6.40 rows=98 width=4)
	  Index Cond: ((k >= 4876529) AND (k <= 4876629))

table 5 : explain SELECT k FROM sbtest5 WHERE k BETWEEN 4876529 AND 4876629
	Index Only Scan using k_5 on sbtest5  (cost=0.43..6.45 rows=101 width=4)
	  Index Cond: ((k >= 4876529) AND (k <= 4876629))

table 6 : explain SELECT k FROM sbtest6 WHERE k BETWEEN 4876529 AND 4876629
	Index Only Scan using k_6 on sbtest6  (cost=0.43..6.42 rows=99 width=4)
	  Index Cond: ((k >= 4876529) AND (k <= 4876629))

table 7 : explain SELECT k FROM sbtest7 WHERE k BETWEEN 4876529 AND 4876629
	Index Only Scan using k_7 on sbtest7  (cost=0.43..6.45 rows=101 width=4)
	  Index Cond: ((k >= 4876529) AND (k <= 4876629))

table 8 : explain SELECT k FROM sbtest8 WHERE k BETWEEN 4876529 AND 4876629
	Index Only Scan using k_8 on sbtest8  (cost=0.43..6.29 rows=93 width=4)
	  Index Cond: ((k >= 4876529) AND (k <= 4876629))

explain: for range-covered :: explain SELECT k FROM sbtest%d WHERE k BETWEEN 5207813 AND 5207913
explain: for range-covered :: explain SELECT k FROM sbtest%d WHERE k BETWEEN 4876529 AND 4876629
explain: for range-covered :: explain SELECT k FROM sbtest%d WHERE k BETWEEN 4045346 AND 4045446
for range-covered
table 1 : explain SELECT k FROM sbtest1 WHERE k BETWEEN 3943001 AND 3943101
	Index Only Scan using k_1 on sbtest1  (cost=0.43..6.42 rows=99 width=4)
	  Index Cond: ((k >= 3943001) AND (k <= 3943101))

table 2 : explain SELECT k FROM sbtest2 WHERE k BETWEEN 3943001 AND 3943101
	Index Only Scan using k_2 on sbtest2  (cost=0.43..6.45 rows=101 width=4)
	  Index Cond: ((k >= 3943001) AND (k <= 3943101))

table 3 : explain SELECT k FROM sbtest3 WHERE k BETWEEN 3943001 AND 3943101
	Index Only Scan using k_3 on sbtest3  (cost=0.43..6.45 rows=101 width=4)
	  Index Cond: ((k >= 3943001) AND (k <= 3943101))

table 4 : explain SELECT k FROM sbtest4 WHERE k BETWEEN 3943001 AND 3943101
	Index Only Scan using k_4 on sbtest4  (cost=0.43..6.69 rows=113 width=4)
	  Index Cond: ((k >= 3943001) AND (k <= 3943101))

table 5 : explain SELECT k FROM sbtest5 WHERE k BETWEEN 3943001 AND 3943101
	Index Only Scan using k_5 on sbtest5  (cost=0.43..6.66 rows=111 width=4)
	  Index Cond: ((k >= 3943001) AND (k <= 3943101))

table 6 : explain SELECT k FROM sbtest6 WHERE k BETWEEN 3943001 AND 3943101
	Index Only Scan using k_6 on sbtest6  (cost=0.43..6.74 rows=115 width=4)
	  Index Cond: ((k >= 3943001) AND (k <= 3943101))

table 7 : explain SELECT k FROM sbtest7 WHERE k BETWEEN 3943001 AND 3943101
	Index Only Scan using k_7 on sbtest7  (cost=0.43..6.25 rows=91 width=4)
	  Index Cond: ((k >= 3943001) AND (k <= 3943101))

table 8 : explain SELECT k FROM sbtest8 WHERE k BETWEEN 3943001 AND 3943101
	Index Only Scan using k_8 on sbtest8  (cost=0.43..6.61 rows=109 width=4)
	  Index Cond: ((k >= 3943001) AND (k <= 3943101))

for range-covered
table 1 : explain SELECT k FROM sbtest1 WHERE k BETWEEN 4437347 AND 4437447
	Index Only Scan using k_1 on sbtest1  (cost=0.43..6.45 rows=101 width=4)
	  Index Cond: ((k >= 4437347) AND (k <= 4437447))

table 2 : explain SELECT k FROM sbtest2 WHERE k BETWEEN 4437347 AND 4437447
	Index Only Scan using k_2 on sbtest2  (cost=0.43..6.25 rows=91 width=4)
	  Index Cond: ((k >= 4437347) AND (k <= 4437447))

table 3 : explain SELECT k FROM sbtest3 WHERE k BETWEEN 4437347 AND 4437447
	Index Only Scan using k_3 on sbtest3  (cost=0.43..6.59 rows=108 width=4)
	  Index Cond: ((k >= 4437347) AND (k <= 4437447))

table 4 : explain SELECT k FROM sbtest4 WHERE k BETWEEN 4437347 AND 4437447
	Index Only Scan using k_4 on sbtest4  (cost=0.43..6.33 rows=95 width=4)
	  Index Cond: ((k >= 4437347) AND (k <= 4437447))

table 5 : explain SELECT k FROM sbtest5 WHERE k BETWEEN 4437347 AND 4437447
	Index Only Scan using k_5 on sbtest5  (cost=0.43..6.50 rows=103 width=4)
	  Index Cond: ((k >= 4437347) AND (k <= 4437447))

table 6 : explain SELECT k FROM sbtest6 WHERE k BETWEEN 4437347 AND 4437447
	Index Only Scan using k_6 on sbtest6  (cost=0.43..6.51 rows=104 width=4)
	  Index Cond: ((k >= 4437347) AND (k <= 4437447))

table 7 : explain SELECT k FROM sbtest7 WHERE k BETWEEN 4437347 AND 4437447
	Index Only Scan using k_7 on sbtest7  (cost=0.43..6.56 rows=106 width=4)
	  Index Cond: ((k >= 4437347) AND (k <= 4437447))

table 8 : explain SELECT k FROM sbtest8 WHERE k BETWEEN 4437347 AND 4437447
	Index Only Scan using k_8 on sbtest8  (cost=0.43..6.50 rows=103 width=4)
	  Index Cond: ((k >= 4437347) AND (k <= 4437447))
explain: for range-covered :: explain SELECT k FROM sbtest%d WHERE k BETWEEN 3943001 AND 3943101for range-covered
table 1 : explain SELECT k FROM sbtest1 WHERE k BETWEEN 7337823 AND 7337923
	Index Only Scan using k_1 on sbtest1  (cost=0.43..6.37 rows=97 width=4)
	  Index Cond: ((k >= 7337823) AND (k <= 7337923))

table 2 : explain SELECT k FROM sbtest2 WHERE k BETWEEN 7337823 AND 7337923
	Index Only Scan using k_2 on sbtest2  (cost=0.43..6.53 rows=105 width=4)
	  Index Cond: ((k >= 7337823) AND (k <= 7337923))

table 3 : explain SELECT k FROM sbtest3 WHERE k BETWEEN 7337823 AND 7337923
	Index Only Scan using k_3 on sbtest3  (cost=0.43..6.35 rows=96 width=4)
	  Index Cond: ((k >= 7337823) AND (k <= 7337923))

table 4 : explain SELECT k FROM sbtest4 WHERE k BETWEEN 7337823 AND 7337923
	Index Only Scan using k_4 on sbtest4  (cost=0.43..6.53 rows=105 width=4)
	  Index Cond: ((k >= 7337823) AND (k <= 7337923))

table 5 : explain SELECT k FROM sbtest5 WHERE k BETWEEN 7337823 AND 7337923
	Index Only Scan using k_5 on sbtest5  (cost=0.43..6.59 rows=108 width=4)
	  Index Cond: ((k >= 7337823) AND (k <= 7337923))

table 6 : explain SELECT k FROM sbtest6 WHERE k BETWEEN 7337823 AND 7337923
	Index Only Scan using k_6 on sbtest6  (cost=0.43..6.42 rows=99 width=4)
	  Index Cond: ((k >= 7337823) AND (k <= 7337923))

table 7 : explain SELECT k FROM sbtest7 WHERE k BETWEEN 7337823 AND 7337923
	Index Only Scan using k_7 on sbtest7  (cost=0.43..6.53 rows=105 width=4)
	  Index Cond: ((k >= 7337823) AND (k <= 7337923))

table 8 : explain SELECT k FROM sbtest8 WHERE k BETWEEN 7337823 AND 7337923
	Index Only Scan using k_8 on sbtest8  (cost=0.43..6.45 rows=101 width=4)
	  Index Cond: ((k >= 7337823) AND (k <= 7337923))



explain: for range-covered :: explain SELECT k FROM sbtest%d WHERE k BETWEEN 4437347 AND 4437447
for range-covered
table 1 : explain SELECT k FROM sbtest1 WHERE k BETWEEN 7993049 AND 7993149
	Index Only Scan using k_1 on sbtest1  (cost=0.43..6.47 rows=102 width=4)
	  Index Cond: ((k >= 7993049) AND (k <= 7993149))

table 2 : explain SELECT k FROM sbtest2 WHERE k BETWEEN 7993049 AND 7993149
	Index Only Scan using k_2 on sbtest2  (cost=0.43..6.50 rows=103 width=4)
	  Index Cond: ((k >= 7993049) AND (k <= 7993149))

table 3 : explain SELECT k FROM sbtest3 WHERE k BETWEEN 7993049 AND 7993149
	Index Only Scan using k_3 on sbtest3  (cost=0.43..6.69 rows=113 width=4)
	  Index Cond: ((k >= 7993049) AND (k <= 7993149))

table 4 : explain SELECT k FROM sbtest4 WHERE k BETWEEN 7993049 AND 7993149
	Index Only Scan using k_4 on sbtest4  (cost=0.43..6.56 rows=106 width=4)
	  Index Cond: ((k >= 7993049) AND (k <= 7993149))

table 5 : explain SELECT k FROM sbtest5 WHERE k BETWEEN 7993049 AND 7993149
	Index Only Scan using k_5 on sbtest5  (cost=0.43..6.35 rows=96 width=4)
	  Index Cond: ((k >= 7993049) AND (k <= 7993149))

table 6 : explain SELECT k FROM sbtest6 WHERE k BETWEEN 7993049 AND 7993149
	Index Only Scan using k_6 on sbtest6  (cost=0.43..6.35 rows=96 width=4)
	  Index Cond: ((k >= 7993049) AND (k <= 7993149))

table 7 : explain SELECT k FROM sbtest7 WHERE k BETWEEN 7993049 AND 7993149
	Index Only Scan using k_7 on sbtest7  (cost=0.43..6.16 rows=86 width=4)
	  Index Cond: ((k >= 7993049) AND (k <= 7993149))

table 8 : explain SELECT k FROM sbtest8 WHERE k BETWEEN 7993049 AND 7993149
	Index Only Scan using k_8 on sbtest8  (cost=0.43..6.56 rows=106 width=4)
	  Index Cond: ((k >= 7993049) AND (k <= 7993149))

explain: for range-covered :: explain SELECT k FROM sbtest%d WHERE k BETWEEN 7993049 AND 7993149
explain: for range-covered :: explain SELECT k FROM sbtest%d WHERE k BETWEEN 3905184 AND 3905284
for range-covered
table 1 : explain SELECT k FROM sbtest1 WHERE k BETWEEN 3943001 AND 3943101
	Index Only Scan using k_1 on sbtest1  (cost=0.43..6.42 rows=99 width=4)
	  Index Cond: ((k >= 3943001) AND (k <= 3943101))

table 2 : explain SELECT k FROM sbtest2 WHERE k BETWEEN 3943001 AND 3943101
	Index Only Scan using k_2 on sbtest2  (cost=0.43..6.45 rows=101 width=4)
	  Index Cond: ((k >= 3943001) AND (k <= 3943101))

table 3 : explain SELECT k FROM sbtest3 WHERE k BETWEEN 3943001 AND 3943101
	Index Only Scan using k_3 on sbtest3  (cost=0.43..6.45 rows=101 width=4)
	  Index Cond: ((k >= 3943001) AND (k <= 3943101))

table 4 : explain SELECT k FROM sbtest4 WHERE k BETWEEN 3943001 AND 3943101
	Index Only Scan using k_4 on sbtest4  (cost=0.43..6.69 rows=113 width=4)
	  Index Cond: ((k >= 3943001) AND (k <= 3943101))

table 5 : explain SELECT k FROM sbtest5 WHERE k BETWEEN 3943001 AND 3943101
	Index Only Scan using k_5 on sbtest5  (cost=0.43..6.66 rows=111 width=4)
	  Index Cond: ((k >= 3943001) AND (k <= 3943101))

table 6 : explain SELECT k FROM sbtest6 WHERE k BETWEEN 3943001 AND 3943101
	Index Only Scan using k_6 on sbtest6  (cost=0.43..6.74 rows=115 width=4)
	  Index Cond: ((k >= 3943001) AND (k <= 3943101))

table 7 : explain SELECT k FROM sbtest7 WHERE k BETWEEN 3943001 AND 3943101
	Index Only Scan using k_7 on sbtest7  (cost=0.43..6.25 rows=91 width=4)
	  Index Cond: ((k >= 3943001) AND (k <= 3943101))

table 8 : explain SELECT k FROM sbtest8 WHERE k BETWEEN 3943001 AND 3943101
	Index Only Scan using k_8 on sbtest8  (cost=0.43..6.61 rows=109 width=4)
	  Index Cond: ((k >= 3943001) AND (k <= 3943101))

explain: for range-covered :: explain SELECT k FROM sbtest%d WHERE k BETWEEN 3943001 AND 3943101
for range-covered
table 1 : explain SELECT k FROM sbtest1 WHERE k BETWEEN 4437347 AND 4437447
	Index Only Scan using k_1 on sbtest1  (cost=0.43..6.45 rows=101 width=4)
	  Index Cond: ((k >= 4437347) AND (k <= 4437447))

table 2 : explain SELECT k FROM sbtest2 WHERE k BETWEEN 4437347 AND 4437447
	Index Only Scan using k_2 on sbtest2  (cost=0.43..6.25 rows=91 width=4)
	  Index Cond: ((k >= 4437347) AND (k <= 4437447))

table 3 : explain SELECT k FROM sbtest3 WHERE k BETWEEN 4437347 AND 4437447
	Index Only Scan using k_3 on sbtest3  (cost=0.43..6.59 rows=108 width=4)
	  Index Cond: ((k >= 4437347) AND (k <= 4437447))

table 4 : explain SELECT k FROM sbtest4 WHERE k BETWEEN 4437347 AND 4437447
	Index Only Scan using k_4 on sbtest4  (cost=0.43..6.33 rows=95 width=4)
	  Index Cond: ((k >= 4437347) AND (k <= 4437447))

table 5 : explain SELECT k FROM sbtest5 WHERE k BETWEEN 4437347 AND 4437447
	Index Only Scan using k_5 on sbtest5  (cost=0.43..6.50 rows=103 width=4)
	  Index Cond: ((k >= 4437347) AND (k <= 4437447))

table 6 : explain SELECT k FROM sbtest6 WHERE k BETWEEN 4437347 AND 4437447
	Index Only Scan using k_6 on sbtest6  (cost=0.43..6.51 rows=104 width=4)
	  Index Cond: ((k >= 4437347) AND (k <= 4437447))

table 7 : explain SELECT k FROM sbtest7 WHERE k BETWEEN 4437347 AND 4437447
	Index Only Scan using k_7 on sbtest7  (cost=0.43..6.56 rows=106 width=4)
	  Index Cond: ((k >= 4437347) AND (k <= 4437447))

table 8 : explain SELECT k FROM sbtest8 WHERE k BETWEEN 4437347 AND 4437447
	Index Only Scan using k_8 on sbtest8  (cost=0.43..6.50 rows=103 width=4)
	  Index Cond: ((k >= 4437347) AND (k <= 4437447))

for range-covered
table 1 : explain SELECT k FROM sbtest1 WHERE k BETWEEN 7993049 AND 7993149
	Index Only Scan using k_1 on sbtest1  (cost=0.43..6.47 rows=102 width=4)
	  Index Cond: ((k >= 7993049) AND (k <= 7993149))

table 2 : explain SELECT k FROM sbtest2 WHERE k BETWEEN 7993049 AND 7993149
	Index Only Scan using k_2 on sbtest2  (cost=0.43..6.50 rows=103 width=4)
	  Index Cond: ((k >= 7993049) AND (k <= 7993149))

table 3 : explain SELECT k FROM sbtest3 WHERE k BETWEEN 7993049 AND 7993149
	Index Only Scan using k_3 on sbtest3  (cost=0.43..6.69 rows=113 width=4)
	  Index Cond: ((k >= 7993049) AND (k <= 7993149))

table 4 : explain SELECT k FROM sbtest4 WHERE k BETWEEN 7993049 AND 7993149
	Index Only Scan using k_4 on sbtest4  (cost=0.43..6.56 rows=106 width=4)
	  Index Cond: ((k >= 7993049) AND (k <= 7993149))

table 5 : explain SELECT k FROM sbtest5 WHERE k BETWEEN 7993049 AND 7993149
	Index Only Scan using k_5 on sbtest5  (cost=0.43..6.35 rows=96 width=4)
	  Index Cond: ((k >= 7993049) AND (k <= 7993149))

table 6 : explain SELECT k FROM sbtest6 WHERE k BETWEEN 7993049 AND 7993149
	Index Only Scan using k_6 on sbtest6  (cost=0.43..6.35 rows=96 width=4)
	  Index Cond: ((k >= 7993049) AND (k <= 7993149))

table 7 : explain SELECT k FROM sbtest7 WHERE k BETWEEN 7993049 AND 7993149
	Index Only Scan using k_7 on sbtest7  (cost=0.43..6.16 rows=86 width=4)
	  Index Cond: ((k >= 7993049) AND (k <= 7993149))

table 8 : explain SELECT k FROM sbtest8 WHERE k BETWEEN 7993049 AND 7993149
	Index Only Scan using k_8 on sbtest8  (cost=0.43..6.56 rows=106 width=4)
	  Index Cond: ((k >= 7993049) AND (k <= 7993149))

explain: for range-covered :: explain SELECT k FROM sbtest%d WHERE k BETWEEN 7993049 AND 7993149
explain: for range-covered :: explain SELECT k FROM sbtest%d WHERE k BETWEEN 6533721 AND 6533821
for range-covered
table 1 : explain SELECT k FROM sbtest1 WHERE k BETWEEN 7110852 AND 7110952
	Index Only Scan using k_1 on sbtest1  (cost=0.43..6.59 rows=108 width=4)
	  Index Cond: ((k >= 7110852) AND (k <= 7110952))

table 2 : explain SELECT k FROM sbtest2 WHERE k BETWEEN 7110852 AND 7110952
	Index Only Scan using k_2 on sbtest2  (cost=0.43..6.43 rows=100 width=4)
	  Index Cond: ((k >= 7110852) AND (k <= 7110952))

table 3 : explain SELECT k FROM sbtest3 WHERE k BETWEEN 7110852 AND 7110952
	Index Only Scan using k_3 on sbtest3  (cost=0.43..6.43 rows=100 width=4)
	  Index Cond: ((k >= 7110852) AND (k <= 7110952))

table 4 : explain SELECT k FROM sbtest4 WHERE k BETWEEN 7110852 AND 7110952
	Index Only Scan using k_4 on sbtest4  (cost=0.43..6.37 rows=97 width=4)
	  Index Cond: ((k >= 7110852) AND (k <= 7110952))

table 5 : explain SELECT k FROM sbtest5 WHERE k BETWEEN 7110852 AND 7110952
	Index Only Scan using k_5 on sbtest5  (cost=0.43..6.63 rows=110 width=4)
	  Index Cond: ((k >= 7110852) AND (k <= 7110952))

table 6 : explain SELECT k FROM sbtest6 WHERE k BETWEEN 7110852 AND 7110952
	Index Only Scan using k_6 on sbtest6  (cost=0.43..6.51 rows=104 width=4)
	  Index Cond: ((k >= 7110852) AND (k <= 7110952))

table 7 : explain SELECT k FROM sbtest7 WHERE k BETWEEN 7110852 AND 7110952
	Index Only Scan using k_7 on sbtest7  (cost=0.43..6.24 rows=90 width=4)
	  Index Cond: ((k >= 7110852) AND (k <= 7110952))

table 8 : explain SELECT k FROM sbtest8 WHERE k BETWEEN 7110852 AND 7110952
	Index Only Scan using k_8 on sbtest8  (cost=0.43..6.50 rows=103 width=4)
	  Index Cond: ((k >= 7110852) AND (k <= 7110952))

explain: for range-covered :: explain SELECT k FROM sbtest%d WHERE k BETWEEN 7110852 AND 7110952
for range-covered
table 1 : explain SELECT k FROM sbtest1 WHERE k BETWEEN 3943001 AND 3943101
	Index Only Scan using k_1 on sbtest1  (cost=0.43..6.42 rows=99 width=4)
	  Index Cond: ((k >= 3943001) AND (k <= 3943101))

table 2 : explain SELECT k FROM sbtest2 WHERE k BETWEEN 3943001 AND 3943101
	Index Only Scan using k_2 on sbtest2  (cost=0.43..6.45 rows=101 width=4)
	  Index Cond: ((k >= 3943001) AND (k <= 3943101))

table 3 : explain SELECT k FROM sbtest3 WHERE k BETWEEN 3943001 AND 3943101
	Index Only Scan using k_3 on sbtest3  (cost=0.43..6.45 rows=101 width=4)
	  Index Cond: ((k >= 3943001) AND (k <= 3943101))

table 4 : explain SELECT k FROM sbtest4 WHERE k BETWEEN 3943001 AND 3943101
	Index Only Scan using k_4 on sbtest4  (cost=0.43..6.69 rows=113 width=4)
	  Index Cond: ((k >= 3943001) AND (k <= 3943101))

table 5 : explain SELECT k FROM sbtest5 WHERE k BETWEEN 3943001 AND 3943101
	Index Only Scan using k_5 on sbtest5  (cost=0.43..6.66 rows=111 width=4)
	  Index Cond: ((k >= 3943001) AND (k <= 3943101))

table 6 : explain SELECT k FROM sbtest6 WHERE k BETWEEN 3943001 AND 3943101
	Index Only Scan using k_6 on sbtest6  (cost=0.43..6.74 rows=115 width=4)
	  Index Cond: ((k >= 3943001) AND (k <= 3943101))

table 7 : explain SELECT k FROM sbtest7 WHERE k BETWEEN 3943001 AND 3943101
	Index Only Scan using k_7 on sbtest7  (cost=0.43..6.25 rows=91 width=4)
	  Index Cond: ((k >= 3943001) AND (k <= 3943101))

table 8 : explain SELECT k FROM sbtest8 WHERE k BETWEEN 3943001 AND 3943101
	Index Only Scan using k_8 on sbtest8  (cost=0.43..6.61 rows=109 width=4)
	  Index Cond: ((k >= 3943001) AND (k <= 3943101))

for range-covered
table 1 : explain SELECT k FROM sbtest1 WHERE k BETWEEN 6788661 AND 6788761
	Index Only Scan using k_1 on sbtest1  (cost=0.43..6.63 rows=110 width=4)
	  Index Cond: ((k >= 6788661) AND (k <= 6788761))

table 2 : explain SELECT k FROM sbtest2 WHERE k BETWEEN 6788661 AND 6788761
	Index Only Scan using k_2 on sbtest2  (cost=0.43..6.42 rows=99 width=4)
	  Index Cond: ((k >= 6788661) AND (k <= 6788761))

table 3 : explain SELECT k FROM sbtest3 WHERE k BETWEEN 6788661 AND 6788761
	Index Only Scan using k_3 on sbtest3  (cost=0.43..6.47 rows=102 width=4)
	  Index Cond: ((k >= 6788661) AND (k <= 6788761))

table 4 : explain SELECT k FROM sbtest4 WHERE k BETWEEN 6788661 AND 6788761
	Index Only Scan using k_4 on sbtest4  (cost=0.43..6.53 rows=105 width=4)
	  Index Cond: ((k >= 6788661) AND (k <= 6788761))

table 5 : explain SELECT k FROM sbtest5 WHERE k BETWEEN 6788661 AND 6788761
	Index Only Scan using k_5 on sbtest5  (cost=0.43..6.33 rows=95 width=4)
	  Index Cond: ((k >= 6788661) AND (k <= 6788761))

table 6 : explain SELECT k FROM sbtest6 WHERE k BETWEEN 6788661 AND 6788761
	Index Only Scan using k_6 on sbtest6  (cost=0.43..6.47 rows=102 width=4)
	  Index Cond: ((k >= 6788661) AND (k <= 6788761))

table 7 : explain SELECT k FROM sbtest7 WHERE k BETWEEN 6788661 AND 6788761
	Index Only Scan using k_7 on sbtest7  (cost=0.43..6.43 rows=100 width=4)
	  Index Cond: ((k >= 6788661) AND (k <= 6788761))

table 8 : explain SELECT k FROM sbtest8 WHERE k BETWEEN 6788661 AND 6788761
	Index Only Scan using k_8 on sbtest8  (cost=0.43..6.59 rows=108 width=4)
	  Index Cond: ((k >= 6788661) AND (k <= 6788761))

explain: for range-covered :: explain SELECT k FROM sbtest%d WHERE k BETWEEN 3943001 AND 3943101
explain: for range-covered :: explain SELECT k FROM sbtest%d WHERE k BETWEEN 6788661 AND 6788761
for range-covered
table 1 : explain SELECT k FROM sbtest1 WHERE k BETWEEN 7110852 AND 7110952
	Index Only Scan using k_1 on sbtest1  (cost=0.43..6.59 rows=108 width=4)
	  Index Cond: ((k >= 7110852) AND (k <= 7110952))

table 2 : explain SELECT k FROM sbtest2 WHERE k BETWEEN 7110852 AND 7110952
	Index Only Scan using k_2 on sbtest2  (cost=0.43..6.43 rows=100 width=4)
	  Index Cond: ((k >= 7110852) AND (k <= 7110952))

table 3 : explain SELECT k FROM sbtest3 WHERE k BETWEEN 7110852 AND 7110952
	Index Only Scan using k_3 on sbtest3  (cost=0.43..6.43 rows=100 width=4)
	  Index Cond: ((k >= 7110852) AND (k <= 7110952))

table 4 : explain SELECT k FROM sbtest4 WHERE k BETWEEN 7110852 AND 7110952
	Index Only Scan using k_4 on sbtest4  (cost=0.43..6.37 rows=97 width=4)
	  Index Cond: ((k >= 7110852) AND (k <= 7110952))

table 5 : explain SELECT k FROM sbtest5 WHERE k BETWEEN 7110852 AND 7110952
	Index Only Scan using k_5 on sbtest5  (cost=0.43..6.63 rows=110 width=4)
	  Index Cond: ((k >= 7110852) AND (k <= 7110952))

table 6 : explain SELECT k FROM sbtest6 WHERE k BETWEEN 7110852 AND 7110952
	Index Only Scan using k_6 on sbtest6  (cost=0.43..6.51 rows=104 width=4)
	  Index Cond: ((k >= 7110852) AND (k <= 7110952))

table 7 : explain SELECT k FROM sbtest7 WHERE k BETWEEN 7110852 AND 7110952
	Index Only Scan using k_7 on sbtest7  (cost=0.43..6.24 rows=90 width=4)
	  Index Cond: ((k >= 7110852) AND (k <= 7110952))

table 8 : explain SELECT k FROM sbtest8 WHERE k BETWEEN 7110852 AND 7110952
	Index Only Scan using k_8 on sbtest8  (cost=0.43..6.50 rows=103 width=4)
	  Index Cond: ((k >= 7110852) AND (k <= 7110952))

explain: for range-covered :: explain SELECT k FROM sbtest%d WHERE k BETWEEN 7110852 AND 7110952
for range-covered
table 1 : explain SELECT k FROM sbtest1 WHERE k BETWEEN 3943001 AND 3943101
	Index Only Scan using k_1 on sbtest1  (cost=0.43..6.42 rows=99 width=4)
	  Index Cond: ((k >= 3943001) AND (k <= 3943101))

table 2 : explain SELECT k FROM sbtest2 WHERE k BETWEEN 3943001 AND 3943101
	Index Only Scan using k_2 on sbtest2  (cost=0.43..6.45 rows=101 width=4)
	  Index Cond: ((k >= 3943001) AND (k <= 3943101))

table 3 : explain SELECT k FROM sbtest3 WHERE k BETWEEN 3943001 AND 3943101
	Index Only Scan using k_3 on sbtest3  (cost=0.43..6.45 rows=101 width=4)
	  Index Cond: ((k >= 3943001) AND (k <= 3943101))

table 4 : explain SELECT k FROM sbtest4 WHERE k BETWEEN 3943001 AND 3943101
	Index Only Scan using k_4 on sbtest4  (cost=0.43..6.69 rows=113 width=4)
	  Index Cond: ((k >= 3943001) AND (k <= 3943101))

table 5 : explain SELECT k FROM sbtest5 WHERE k BETWEEN 3943001 AND 3943101
	Index Only Scan using k_5 on sbtest5  (cost=0.43..6.66 rows=111 width=4)
	  Index Cond: ((k >= 3943001) AND (k <= 3943101))

table 6 : explain SELECT k FROM sbtest6 WHERE k BETWEEN 3943001 AND 3943101
	Index Only Scan using k_6 on sbtest6  (cost=0.43..6.74 rows=115 width=4)
	  Index Cond: ((k >= 3943001) AND (k <= 3943101))

table 7 : explain SELECT k FROM sbtest7 WHERE k BETWEEN 3943001 AND 3943101
	Index Only Scan using k_7 on sbtest7  (cost=0.43..6.25 rows=91 width=4)
	  Index Cond: ((k >= 3943001) AND (k <= 3943101))

table 8 : explain SELECT k FROM sbtest8 WHERE k BETWEEN 3943001 AND 3943101
	Index Only Scan using k_8 on sbtest8  (cost=0.43..6.61 rows=109 width=4)
	  Index Cond: ((k >= 3943001) AND (k <= 3943101))

for range-covered
table 1 : explain SELECT k FROM sbtest1 WHERE k BETWEEN 6788661 AND 6788761
	Index Only Scan using k_1 on sbtest1  (cost=0.43..6.63 rows=110 width=4)
	  Index Cond: ((k >= 6788661) AND (k <= 6788761))

table 2 : explain SELECT k FROM sbtest2 WHERE k BETWEEN 6788661 AND 6788761
	Index Only Scan using k_2 on sbtest2  (cost=0.43..6.42 rows=99 width=4)
	  Index Cond: ((k >= 6788661) AND (k <= 6788761))

table 3 : explain SELECT k FROM sbtest3 WHERE k BETWEEN 6788661 AND 6788761
	Index Only Scan using k_3 on sbtest3  (cost=0.43..6.47 rows=102 width=4)
	  Index Cond: ((k >= 6788661) AND (k <= 6788761))

table 4 : explain SELECT k FROM sbtest4 WHERE k BETWEEN 6788661 AND 6788761
	Index Only Scan using k_4 on sbtest4  (cost=0.43..6.53 rows=105 width=4)
	  Index Cond: ((k >= 6788661) AND (k <= 6788761))

table 5 : explain SELECT k FROM sbtest5 WHERE k BETWEEN 6788661 AND 6788761
	Index Only Scan using k_5 on sbtest5  (cost=0.43..6.33 rows=95 width=4)
	  Index Cond: ((k >= 6788661) AND (k <= 6788761))

table 6 : explain SELECT k FROM sbtest6 WHERE k BETWEEN 6788661 AND 6788761
	Index Only Scan using k_6 on sbtest6  (cost=0.43..6.47 rows=102 width=4)
	  Index Cond: ((k >= 6788661) AND (k <= 6788761))

table 7 : explain SELECT k FROM sbtest7 WHERE k BETWEEN 6788661 AND 6788761
	Index Only Scan using k_7 on sbtest7  (cost=0.43..6.43 rows=100 width=4)
	  Index Cond: ((k >= 6788661) AND (k <= 6788761))

table 8 : explain SELECT k FROM sbtest8 WHERE k BETWEEN 6788661 AND 6788761
	Index Only Scan using k_8 on sbtest8  (cost=0.43..6.59 rows=108 width=4)
	  Index Cond: ((k >= 6788661) AND (k <= 6788761))

explain: for range-covered :: explain SELECT k FROM sbtest%d WHERE k BETWEEN 6788661 AND 6788761
for range-covered
table 1 : explain SELECT k FROM sbtest1 WHERE k BETWEEN 5207813 AND 5207913
	Index Only Scan using k_1 on sbtest1  (cost=0.43..6.53 rows=105 width=4)
	  Index Cond: ((k >= 5207813) AND (k <= 5207913))

table 2 : explain SELECT k FROM sbtest2 WHERE k BETWEEN 5207813 AND 5207913
	Index Only Scan using k_2 on sbtest2  (cost=0.43..6.40 rows=98 width=4)
	  Index Cond: ((k >= 5207813) AND (k <= 5207913))

table 3 : explain SELECT k FROM sbtest3 WHERE k BETWEEN 5207813 AND 5207913
	Index Only Scan using k_3 on sbtest3  (cost=0.43..6.50 rows=103 width=4)
	  Index Cond: ((k >= 5207813) AND (k <= 5207913))

table 4 : explain SELECT k FROM sbtest4 WHERE k BETWEEN 5207813 AND 5207913
	Index Only Scan using k_4 on sbtest4  (cost=0.43..6.53 rows=105 width=4)
	  Index Cond: ((k >= 5207813) AND (k <= 5207913))

table 5 : explain SELECT k FROM sbtest5 WHERE k BETWEEN 5207813 AND 5207913
	Index Only Scan using k_5 on sbtest5  (cost=0.43..6.53 rows=105 width=4)
	  Index Cond: ((k >= 5207813) AND (k <= 5207913))

table 6 : explain SELECT k FROM sbtest6 WHERE k BETWEEN 5207813 AND 5207913
	Index Only Scan using k_6 on sbtest6  (cost=0.43..6.33 rows=95 width=4)
	  Index Cond: ((k >= 5207813) AND (k <= 5207913))

table 7 : explain SELECT k FROM sbtest7 WHERE k BETWEEN 5207813 AND 5207913
	Index Only Scan using k_7 on sbtest7  (cost=0.43..6.50 rows=103 width=4)
	  Index Cond: ((k >= 5207813) AND (k <= 5207913))

table 8 : explain SELECT k FROM sbtest8 WHERE k BETWEEN 5207813 AND 5207913
	Index Only Scan using k_8 on sbtest8  (cost=0.43..6.43 rows=100 width=4)
	  Index Cond: ((k >= 5207813) AND (k <= 5207913))

for range-covered
table 1 : explain SELECT k FROM sbtest1 WHERE k BETWEEN 7993049 AND 7993149
	Index Only Scan using k_1 on sbtest1  (cost=0.43..6.47 rows=102 width=4)
	  Index Cond: ((k >= 7993049) AND (k <= 7993149))

table 2 : explain SELECT k FROM sbtest2 WHERE k BETWEEN 7993049 AND 7993149
	Index Only Scan using k_2 on sbtest2  (cost=0.43..6.50 rows=103 width=4)
	  Index Cond: ((k >= 7993049) AND (k <= 7993149))

table 3 : explain SELECT k FROM sbtest3 WHERE k BETWEEN 7993049 AND 7993149
	Index Only Scan using k_3 on sbtest3  (cost=0.43..6.69 rows=113 width=4)
	  Index Cond: ((k >= 7993049) AND (k <= 7993149))

table 4 : explain SELECT k FROM sbtest4 WHERE k BETWEEN 7993049 AND 7993149
	Index Only Scan using k_4 on sbtest4  (cost=0.43..6.56 rows=106 width=4)
	  Index Cond: ((k >= 7993049) AND (k <= 7993149))

table 5 : explain SELECT k FROM sbtest5 WHERE k BETWEEN 7993049 AND 7993149
	Index Only Scan using k_5 on sbtest5  (cost=0.43..6.35 rows=96 width=4)
	  Index Cond: ((k >= 7993049) AND (k <= 7993149))

table 6 : explain SELECT k FROM sbtest6 WHERE k BETWEEN 7993049 AND 7993149
	Index Only Scan using k_6 on sbtest6  (cost=0.43..6.35 rows=96 width=4)
	  Index Cond: ((k >= 7993049) AND (k <= 7993149))

table 7 : explain SELECT k FROM sbtest7 WHERE k BETWEEN 7993049 AND 7993149
	Index Only Scan using k_7 on sbtest7  (cost=0.43..6.16 rows=86 width=4)
	  Index Cond: ((k >= 7993049) AND (k <= 7993149))

table 8 : explain SELECT k FROM sbtest8 WHERE k BETWEEN 7993049 AND 7993149
	Index Only Scan using k_8 on sbtest8  (cost=0.43..6.56 rows=106 width=4)
	  Index Cond: ((k >= 7993049) AND (k <= 7993149))

explain: for range-covered :: explain SELECT k FROM sbtest%d WHERE k BETWEEN 6602115 AND 6602215
explain: for range-covered :: explain SELECT k FROM sbtest%d WHERE k BETWEEN 7993049 AND 7993149
for range-covered
table 1 : explain SELECT k FROM sbtest1 WHERE k BETWEEN 4876529 AND 4876629
	Index Only Scan using k_1 on sbtest1  (cost=0.43..6.67 rows=112 width=4)
	  Index Cond: ((k >= 4876529) AND (k <= 4876629))

table 2 : explain SELECT k FROM sbtest2 WHERE k BETWEEN 4876529 AND 4876629
	Index Only Scan using k_2 on sbtest2  (cost=0.43..6.42 rows=99 width=4)
	  Index Cond: ((k >= 4876529) AND (k <= 4876629))

table 3 : explain SELECT k FROM sbtest3 WHERE k BETWEEN 4876529 AND 4876629
	Index Only Scan using k_3 on sbtest3  (cost=0.43..6.37 rows=97 width=4)
	  Index Cond: ((k >= 4876529) AND (k <= 4876629))

table 4 : explain SELECT k FROM sbtest4 WHERE k BETWEEN 4876529 AND 4876629
	Index Only Scan using k_4 on sbtest4  (cost=0.43..6.40 rows=98 width=4)
	  Index Cond: ((k >= 4876529) AND (k <= 4876629))

table 5 : explain SELECT k FROM sbtest5 WHERE k BETWEEN 4876529 AND 4876629
	Index Only Scan using k_5 on sbtest5  (cost=0.43..6.45 rows=101 width=4)
	  Index Cond: ((k >= 4876529) AND (k <= 4876629))

table 6 : explain SELECT k FROM sbtest6 WHERE k BETWEEN 4876529 AND 4876629
	Index Only Scan using k_6 on sbtest6  (cost=0.43..6.42 rows=99 width=4)
	  Index Cond: ((k >= 4876529) AND (k <= 4876629))

table 7 : explain SELECT k FROM sbtest7 WHERE k BETWEEN 4876529 AND 4876629
	Index Only Scan using k_7 on sbtest7  (cost=0.43..6.45 rows=101 width=4)
	  Index Cond: ((k >= 4876529) AND (k <= 4876629))

table 8 : explain SELECT k FROM sbtest8 WHERE k BETWEEN 4876529 AND 4876629
	Index Only Scan using k_8 on sbtest8  (cost=0.43..6.29 rows=93 width=4)
	  Index Cond: ((k >= 4876529) AND (k <= 4876629))

explain: for range-covered :: explain SELECT k FROM sbtest%d WHERE k BETWEEN 7337823 AND 7337923
explain: for range-covered :: explain SELECT k FROM sbtest%d WHERE k BETWEEN 5207813 AND 5207913
explain: for range-covered :: explain SELECT k FROM sbtest%d WHERE k BETWEEN 4876529 AND 4876629
for range-covered
table 1 : explain SELECT k FROM sbtest1 WHERE k BETWEEN 7110852 AND 7110952
	Index Only Scan using k_1 on sbtest1  (cost=0.43..6.59 rows=108 width=4)
	  Index Cond: ((k >= 7110852) AND (k <= 7110952))

table 2 : explain SELECT k FROM sbtest2 WHERE k BETWEEN 7110852 AND 7110952
	Index Only Scan using k_2 on sbtest2  (cost=0.43..6.43 rows=100 width=4)
	  Index Cond: ((k >= 7110852) AND (k <= 7110952))

table 3 : explain SELECT k FROM sbtest3 WHERE k BETWEEN 7110852 AND 7110952
	Index Only Scan using k_3 on sbtest3  (cost=0.43..6.43 rows=100 width=4)
	  Index Cond: ((k >= 7110852) AND (k <= 7110952))

table 4 : explain SELECT k FROM sbtest4 WHERE k BETWEEN 7110852 AND 7110952
	Index Only Scan using k_4 on sbtest4  (cost=0.43..6.37 rows=97 width=4)
	  Index Cond: ((k >= 7110852) AND (k <= 7110952))

table 5 : explain SELECT k FROM sbtest5 WHERE k BETWEEN 7110852 AND 7110952
	Index Only Scan using k_5 on sbtest5  (cost=0.43..6.63 rows=110 width=4)
	  Index Cond: ((k >= 7110852) AND (k <= 7110952))

table 6 : explain SELECT k FROM sbtest6 WHERE k BETWEEN 7110852 AND 7110952
	Index Only Scan using k_6 on sbtest6  (cost=0.43..6.51 rows=104 width=4)
	  Index Cond: ((k >= 7110852) AND (k <= 7110952))

table 7 : explain SELECT k FROM sbtest7 WHERE k BETWEEN 7110852 AND 7110952
	Index Only Scan using k_7 on sbtest7  (cost=0.43..6.24 rows=90 width=4)
	  Index Cond: ((k >= 7110852) AND (k <= 7110952))

table 8 : explain SELECT k FROM sbtest8 WHERE k BETWEEN 7110852 AND 7110952
	Index Only Scan using k_8 on sbtest8  (cost=0.43..6.50 rows=103 width=4)
	  Index Cond: ((k >= 7110852) AND (k <= 7110952))

explain: for range-covered :: explain SELECT k FROM sbtest%d WHERE k BETWEEN 7110852 AND 7110952
for range-covered
table 1 : explain SELECT k FROM sbtest1 WHERE k BETWEEN 6788661 AND 6788761
	Index Only Scan using k_1 on sbtest1  (cost=0.43..6.63 rows=110 width=4)
	  Index Cond: ((k >= 6788661) AND (k <= 6788761))

table 2 : explain SELECT k FROM sbtest2 WHERE k BETWEEN 6788661 AND 6788761
	Index Only Scan using k_2 on sbtest2  (cost=0.43..6.42 rows=99 width=4)
	  Index Cond: ((k >= 6788661) AND (k <= 6788761))

table 3 : explain SELECT k FROM sbtest3 WHERE k BETWEEN 6788661 AND 6788761
	Index Only Scan using k_3 on sbtest3  (cost=0.43..6.47 rows=102 width=4)
	  Index Cond: ((k >= 6788661) AND (k <= 6788761))

table 4 : explain SELECT k FROM sbtest4 WHERE k BETWEEN 6788661 AND 6788761
	Index Only Scan using k_4 on sbtest4  (cost=0.43..6.53 rows=105 width=4)
	  Index Cond: ((k >= 6788661) AND (k <= 6788761))

table 5 : explain SELECT k FROM sbtest5 WHERE k BETWEEN 6788661 AND 6788761
	Index Only Scan using k_5 on sbtest5  (cost=0.43..6.33 rows=95 width=4)
	  Index Cond: ((k >= 6788661) AND (k <= 6788761))

table 6 : explain SELECT k FROM sbtest6 WHERE k BETWEEN 6788661 AND 6788761
	Index Only Scan using k_6 on sbtest6  (cost=0.43..6.47 rows=102 width=4)
	  Index Cond: ((k >= 6788661) AND (k <= 6788761))

table 7 : explain SELECT k FROM sbtest7 WHERE k BETWEEN 6788661 AND 6788761
	Index Only Scan using k_7 on sbtest7  (cost=0.43..6.43 rows=100 width=4)
	  Index Cond: ((k >= 6788661) AND (k <= 6788761))

table 8 : explain SELECT k FROM sbtest8 WHERE k BETWEEN 6788661 AND 6788761
	Index Only Scan using k_8 on sbtest8  (cost=0.43..6.59 rows=108 width=4)
	  Index Cond: ((k >= 6788661) AND (k <= 6788761))

explain: for range-covered :: explain SELECT k FROM sbtest%d WHERE k BETWEEN 6788661 AND 6788761
for range-covered
table 1 : explain SELECT k FROM sbtest1 WHERE k BETWEEN 7993049 AND 7993149
	Index Only Scan using k_1 on sbtest1  (cost=0.43..6.47 rows=102 width=4)
	  Index Cond: ((k >= 7993049) AND (k <= 7993149))

table 2 : explain SELECT k FROM sbtest2 WHERE k BETWEEN 7993049 AND 7993149
	Index Only Scan using k_2 on sbtest2  (cost=0.43..6.50 rows=103 width=4)
	  Index Cond: ((k >= 7993049) AND (k <= 7993149))

table 3 : explain SELECT k FROM sbtest3 WHERE k BETWEEN 7993049 AND 7993149
	Index Only Scan using k_3 on sbtest3  (cost=0.43..6.69 rows=113 width=4)
	  Index Cond: ((k >= 7993049) AND (k <= 7993149))

table 4 : explain SELECT k FROM sbtest4 WHERE k BETWEEN 7993049 AND 7993149
	Index Only Scan using k_4 on sbtest4  (cost=0.43..6.56 rows=106 width=4)
	  Index Cond: ((k >= 7993049) AND (k <= 7993149))

table 5 : explain SELECT k FROM sbtest5 WHERE k BETWEEN 7993049 AND 7993149
	Index Only Scan using k_5 on sbtest5  (cost=0.43..6.35 rows=96 width=4)
	  Index Cond: ((k >= 7993049) AND (k <= 7993149))

table 6 : explain SELECT k FROM sbtest6 WHERE k BETWEEN 7993049 AND 7993149
	Index Only Scan using k_6 on sbtest6  (cost=0.43..6.35 rows=96 width=4)
	  Index Cond: ((k >= 7993049) AND (k <= 7993149))

table 7 : explain SELECT k FROM sbtest7 WHERE k BETWEEN 7993049 AND 7993149
	Index Only Scan using k_7 on sbtest7  (cost=0.43..6.16 rows=86 width=4)
	  Index Cond: ((k >= 7993049) AND (k <= 7993149))

table 8 : explain SELECT k FROM sbtest8 WHERE k BETWEEN 7993049 AND 7993149
	Index Only Scan using k_8 on sbtest8  (cost=0.43..6.56 rows=106 width=4)
	  Index Cond: ((k >= 7993049) AND (k <= 7993149))

explain: for range-covered :: explain SELECT k FROM sbtest%d WHERE k BETWEEN 7993049 AND 7993149
for range-covered
table 1 : explain SELECT k FROM sbtest1 WHERE k BETWEEN 7110852 AND 7110952
	Index Only Scan using k_1 on sbtest1  (cost=0.43..6.59 rows=108 width=4)
	  Index Cond: ((k >= 7110852) AND (k <= 7110952))

table 2 : explain SELECT k FROM sbtest2 WHERE k BETWEEN 7110852 AND 7110952
	Index Only Scan using k_2 on sbtest2  (cost=0.43..6.43 rows=100 width=4)
	  Index Cond: ((k >= 7110852) AND (k <= 7110952))

table 3 : explain SELECT k FROM sbtest3 WHERE k BETWEEN 7110852 AND 7110952
	Index Only Scan using k_3 on sbtest3  (cost=0.43..6.43 rows=100 width=4)
	  Index Cond: ((k >= 7110852) AND (k <= 7110952))

table 4 : explain SELECT k FROM sbtest4 WHERE k BETWEEN 7110852 AND 7110952
	Index Only Scan using k_4 on sbtest4  (cost=0.43..6.37 rows=97 width=4)
	  Index Cond: ((k >= 7110852) AND (k <= 7110952))

table 5 : explain SELECT k FROM sbtest5 WHERE k BETWEEN 7110852 AND 7110952
	Index Only Scan using k_5 on sbtest5  (cost=0.43..6.63 rows=110 width=4)
	  Index Cond: ((k >= 7110852) AND (k <= 7110952))

table 6 : explain SELECT k FROM sbtest6 WHERE k BETWEEN 7110852 AND 7110952
	Index Only Scan using k_6 on sbtest6  (cost=0.43..6.51 rows=104 width=4)
	  Index Cond: ((k >= 7110852) AND (k <= 7110952))

table 7 : explain SELECT k FROM sbtest7 WHERE k BETWEEN 7110852 AND 7110952
	Index Only Scan using k_7 on sbtest7  (cost=0.43..6.24 rows=90 width=4)
	  Index Cond: ((k >= 7110852) AND (k <= 7110952))

table 8 : explain SELECT k FROM sbtest8 WHERE k BETWEEN 7110852 AND 7110952
	Index Only Scan using k_8 on sbtest8  (cost=0.43..6.50 rows=103 width=4)
	  Index Cond: ((k >= 7110852) AND (k <= 7110952))

for range-covered
table 1 : explain SELECT k FROM sbtest1 WHERE k BETWEEN 6533721 AND 6533821
	Index Only Scan using k_1 on sbtest1  (cost=0.43..6.50 rows=103 width=4)
	  Index Cond: ((k >= 6533721) AND (k <= 6533821))

table 2 : explain SELECT k FROM sbtest2 WHERE k BETWEEN 6533721 AND 6533821
	Index Only Scan using k_2 on sbtest2  (cost=0.43..6.45 rows=101 width=4)
	  Index Cond: ((k >= 6533721) AND (k <= 6533821))

table 3 : explain SELECT k FROM sbtest3 WHERE k BETWEEN 6533721 AND 6533821
	Index Only Scan using k_3 on sbtest3  (cost=0.43..6.32 rows=94 width=4)
	  Index Cond: ((k >= 6533721) AND (k <= 6533821))

table 4 : explain SELECT k FROM sbtest4 WHERE k BETWEEN 6533721 AND 6533821
	Index Only Scan using k_4 on sbtest4  (cost=0.43..6.37 rows=97 width=4)
	  Index Cond: ((k >= 6533721) AND (k <= 6533821))

table 5 : explain SELECT k FROM sbtest5 WHERE k BETWEEN 6533721 AND 6533821
	Index Only Scan using k_5 on sbtest5  (cost=0.43..6.43 rows=100 width=4)
	  Index Cond: ((k >= 6533721) AND (k <= 6533821))

table 6 : explain SELECT k FROM sbtest6 WHERE k BETWEEN 6533721 AND 6533821
	Index Only Scan using k_6 on sbtest6  (cost=0.43..6.50 rows=103 width=4)
	  Index Cond: ((k >= 6533721) AND (k <= 6533821))

table 7 : explain SELECT k FROM sbtest7 WHERE k BETWEEN 6533721 AND 6533821
	Index Only Scan using k_7 on sbtest7  (cost=0.43..6.74 rows=115 width=4)
	  Index Cond: ((k >= 6533721) AND (k <= 6533821))

table 8 : explain SELECT k FROM sbtest8 WHERE k BETWEEN 6533721 AND 6533821
	Index Only Scan using k_8 on sbtest8  (cost=0.43..6.37 rows=97 width=4)
	  Index Cond: ((k >= 6533721) AND (k <= 6533821))

explain: for range-covered :: explain SELECT k FROM sbtest%d WHERE k BETWEEN 7110852 AND 7110952
for range-covered
table 1 : explain SELECT k FROM sbtest1 WHERE k BETWEEN 6788661 AND 6788761
	Index Only Scan using k_1 on sbtest1  (cost=0.43..6.63 rows=110 width=4)
	  Index Cond: ((k >= 6788661) AND (k <= 6788761))

table 2 : explain SELECT k FROM sbtest2 WHERE k BETWEEN 6788661 AND 6788761
	Index Only Scan using k_2 on sbtest2  (cost=0.43..6.42 rows=99 width=4)
	  Index Cond: ((k >= 6788661) AND (k <= 6788761))

table 3 : explain SELECT k FROM sbtest3 WHERE k BETWEEN 6788661 AND 6788761
	Index Only Scan using k_3 on sbtest3  (cost=0.43..6.47 rows=102 width=4)
	  Index Cond: ((k >= 6788661) AND (k <= 6788761))

table 4 : explain SELECT k FROM sbtest4 WHERE k BETWEEN 6788661 AND 6788761
	Index Only Scan using k_4 on sbtest4  (cost=0.43..6.53 rows=105 width=4)
	  Index Cond: ((k >= 6788661) AND (k <= 6788761))

table 5 : explain SELECT k FROM sbtest5 WHERE k BETWEEN 6788661 AND 6788761
	Index Only Scan using k_5 on sbtest5  (cost=0.43..6.33 rows=95 width=4)
	  Index Cond: ((k >= 6788661) AND (k <= 6788761))

table 6 : explain SELECT k FROM sbtest6 WHERE k BETWEEN 6788661 AND 6788761
	Index Only Scan using k_6 on sbtest6  (cost=0.43..6.47 rows=102 width=4)
	  Index Cond: ((k >= 6788661) AND (k <= 6788761))

table 7 : explain SELECT k FROM sbtest7 WHERE k BETWEEN 6788661 AND 6788761
	Index Only Scan using k_7 on sbtest7  (cost=0.43..6.43 rows=100 width=4)
	  Index Cond: ((k >= 6788661) AND (k <= 6788761))

table 8 : explain SELECT k FROM sbtest8 WHERE k BETWEEN 6788661 AND 6788761
	Index Only Scan using k_8 on sbtest8  (cost=0.43..6.59 rows=108 width=4)
	  Index Cond: ((k >= 6788661) AND (k <= 6788761))

explain: for range-covered :: explain SELECT k FROM sbtest%d WHERE k BETWEEN 6533721 AND 6533821
explain: for range-covered :: explain SELECT k FROM sbtest%d WHERE k BETWEEN 6788661 AND 6788761
for range-covered
table 1 : explain SELECT k FROM sbtest1 WHERE k BETWEEN 4876529 AND 4876629
	Index Only Scan using k_1 on sbtest1  (cost=0.43..6.67 rows=112 width=4)
	  Index Cond: ((k >= 4876529) AND (k <= 4876629))

table 2 : explain SELECT k FROM sbtest2 WHERE k BETWEEN 4876529 AND 4876629
	Index Only Scan using k_2 on sbtest2  (cost=0.43..6.42 rows=99 width=4)
	  Index Cond: ((k >= 4876529) AND (k <= 4876629))

table 3 : explain SELECT k FROM sbtest3 WHERE k BETWEEN 4876529 AND 4876629
	Index Only Scan using k_3 on sbtest3  (cost=0.43..6.37 rows=97 width=4)
	  Index Cond: ((k >= 4876529) AND (k <= 4876629))

table 4 : explain SELECT k FROM sbtest4 WHERE k BETWEEN 4876529 AND 4876629
	Index Only Scan using k_4 on sbtest4  (cost=0.43..6.40 rows=98 width=4)
	  Index Cond: ((k >= 4876529) AND (k <= 4876629))

table 5 : explain SELECT k FROM sbtest5 WHERE k BETWEEN 4876529 AND 4876629
	Index Only Scan using k_5 on sbtest5  (cost=0.43..6.45 rows=101 width=4)
	  Index Cond: ((k >= 4876529) AND (k <= 4876629))

table 6 : explain SELECT k FROM sbtest6 WHERE k BETWEEN 4876529 AND 4876629
	Index Only Scan using k_6 on sbtest6  (cost=0.43..6.42 rows=99 width=4)
	  Index Cond: ((k >= 4876529) AND (k <= 4876629))

table 7 : explain SELECT k FROM sbtest7 WHERE k BETWEEN 4876529 AND 4876629
	Index Only Scan using k_7 on sbtest7  (cost=0.43..6.45 rows=101 width=4)
	  Index Cond: ((k >= 4876529) AND (k <= 4876629))

table 8 : explain SELECT k FROM sbtest8 WHERE k BETWEEN 4876529 AND 4876629
	Index Only Scan using k_8 on sbtest8  (cost=0.43..6.29 rows=93 width=4)
	  Index Cond: ((k >= 4876529) AND (k <= 4876629))

for range-covered
table 1 : explain SELECT k FROM sbtest1 WHERE k BETWEEN 5207813 AND 5207913
	Index Only Scan using k_1 on sbtest1  (cost=0.43..6.53 rows=105 width=4)
	  Index Cond: ((k >= 5207813) AND (k <= 5207913))

table 2 : explain SELECT k FROM sbtest2 WHERE k BETWEEN 5207813 AND 5207913
	Index Only Scan using k_2 on sbtest2  (cost=0.43..6.40 rows=98 width=4)
	  Index Cond: ((k >= 5207813) AND (k <= 5207913))

table 3 : explain SELECT k FROM sbtest3 WHERE k BETWEEN 5207813 AND 5207913
	Index Only Scan using k_3 on sbtest3  (cost=0.43..6.50 rows=103 width=4)
	  Index Cond: ((k >= 5207813) AND (k <= 5207913))

table 4 : explain SELECT k FROM sbtest4 WHERE k BETWEEN 5207813 AND 5207913
	Index Only Scan using k_4 on sbtest4  (cost=0.43..6.53 rows=105 width=4)
	  Index Cond: ((k >= 5207813) AND (k <= 5207913))

table 5 : explain SELECT k FROM sbtest5 WHERE k BETWEEN 5207813 AND 5207913
	Index Only Scan using k_5 on sbtest5  (cost=0.43..6.53 rows=105 width=4)
	  Index Cond: ((k >= 5207813) AND (k <= 5207913))

table 6 : explain SELECT k FROM sbtest6 WHERE k BETWEEN 5207813 AND 5207913
	Index Only Scan using k_6 on sbtest6  (cost=0.43..6.33 rows=95 width=4)
	  Index Cond: ((k >= 5207813) AND (k <= 5207913))

table 7 : explain SELECT k FROM sbtest7 WHERE k BETWEEN 5207813 AND 5207913
	Index Only Scan using k_7 on sbtest7  (cost=0.43..6.50 rows=103 width=4)
	  Index Cond: ((k >= 5207813) AND (k <= 5207913))

table 8 : explain SELECT k FROM sbtest8 WHERE k BETWEEN 5207813 AND 5207913
	Index Only Scan using k_8 on sbtest8  (cost=0.43..6.43 rows=100 width=4)
	  Index Cond: ((k >= 5207813) AND (k <= 5207913))

explain: for range-covered :: explain SELECT k FROM sbtest%d WHERE k BETWEEN 4876529 AND 4876629
explain: for range-covered :: explain SELECT k FROM sbtest%d WHERE k BETWEEN 5207813 AND 5207913
for range-covered
table 1 : explain SELECT k FROM sbtest1 WHERE k BETWEEN 6788661 AND 6788761
	Index Only Scan using k_1 on sbtest1  (cost=0.43..6.63 rows=110 width=4)
	  Index Cond: ((k >= 6788661) AND (k <= 6788761))

table 2 : explain SELECT k FROM sbtest2 WHERE k BETWEEN 6788661 AND 6788761
	Index Only Scan using k_2 on sbtest2  (cost=0.43..6.42 rows=99 width=4)
	  Index Cond: ((k >= 6788661) AND (k <= 6788761))

table 3 : explain SELECT k FROM sbtest3 WHERE k BETWEEN 6788661 AND 6788761
	Index Only Scan using k_3 on sbtest3  (cost=0.43..6.47 rows=102 width=4)
	  Index Cond: ((k >= 6788661) AND (k <= 6788761))

table 4 : explain SELECT k FROM sbtest4 WHERE k BETWEEN 6788661 AND 6788761
	Index Only Scan using k_4 on sbtest4  (cost=0.43..6.53 rows=105 width=4)
	  Index Cond: ((k >= 6788661) AND (k <= 6788761))

table 5 : explain SELECT k FROM sbtest5 WHERE k BETWEEN 6788661 AND 6788761
	Index Only Scan using k_5 on sbtest5  (cost=0.43..6.33 rows=95 width=4)
	  Index Cond: ((k >= 6788661) AND (k <= 6788761))

table 6 : explain SELECT k FROM sbtest6 WHERE k BETWEEN 6788661 AND 6788761
	Index Only Scan using k_6 on sbtest6  (cost=0.43..6.47 rows=102 width=4)
	  Index Cond: ((k >= 6788661) AND (k <= 6788761))

table 7 : explain SELECT k FROM sbtest7 WHERE k BETWEEN 6788661 AND 6788761
	Index Only Scan using k_7 on sbtest7  (cost=0.43..6.43 rows=100 width=4)
	  Index Cond: ((k >= 6788661) AND (k <= 6788761))

table 8 : explain SELECT k FROM sbtest8 WHERE k BETWEEN 6788661 AND 6788761
	Index Only Scan using k_8 on sbtest8  (cost=0.43..6.59 rows=108 width=4)
	  Index Cond: ((k >= 6788661) AND (k <= 6788761))

for range-covered
table 1 : explain SELECT k FROM sbtest1 WHERE k BETWEEN 6533721 AND 6533821
	Index Only Scan using k_1 on sbtest1  (cost=0.43..6.50 rows=103 width=4)
	  Index Cond: ((k >= 6533721) AND (k <= 6533821))

table 2 : explain SELECT k FROM sbtest2 WHERE k BETWEEN 6533721 AND 6533821
	Index Only Scan using k_2 on sbtest2  (cost=0.43..6.45 rows=101 width=4)
	  Index Cond: ((k >= 6533721) AND (k <= 6533821))

table 3 : explain SELECT k FROM sbtest3 WHERE k BETWEEN 6533721 AND 6533821
	Index Only Scan using k_3 on sbtest3  (cost=0.43..6.32 rows=94 width=4)
	  Index Cond: ((k >= 6533721) AND (k <= 6533821))

table 4 : explain SELECT k FROM sbtest4 WHERE k BETWEEN 6533721 AND 6533821
	Index Only Scan using k_4 on sbtest4  (cost=0.43..6.37 rows=97 width=4)
	  Index Cond: ((k >= 6533721) AND (k <= 6533821))

table 5 : explain SELECT k FROM sbtest5 WHERE k BETWEEN 6533721 AND 6533821
	Index Only Scan using k_5 on sbtest5  (cost=0.43..6.43 rows=100 width=4)
	  Index Cond: ((k >= 6533721) AND (k <= 6533821))

table 6 : explain SELECT k FROM sbtest6 WHERE k BETWEEN 6533721 AND 6533821
	Index Only Scan using k_6 on sbtest6  (cost=0.43..6.50 rows=103 width=4)
	  Index Cond: ((k >= 6533721) AND (k <= 6533821))

table 7 : explain SELECT k FROM sbtest7 WHERE k BETWEEN 6533721 AND 6533821
	Index Only Scan using k_7 on sbtest7  (cost=0.43..6.74 rows=115 width=4)
	  Index Cond: ((k >= 6533721) AND (k <= 6533821))

table 8 : explain SELECT k FROM sbtest8 WHERE k BETWEEN 6533721 AND 6533821
	Index Only Scan using k_8 on sbtest8  (cost=0.43..6.37 rows=97 width=4)
	  Index Cond: ((k >= 6533721) AND (k <= 6533821))

for range-covered
table 1 : explain SELECT k FROM sbtest1 WHERE k BETWEEN 5364958 AND 5365058
	Index Only Scan using k_1 on sbtest1  (cost=0.43..6.66 rows=111 width=4)
	  Index Cond: ((k >= 5364958) AND (k <= 5365058))

table 2 : explain SELECT k FROM sbtest2 WHERE k BETWEEN 5364958 AND 5365058
	Index Only Scan using k_2 on sbtest2  (cost=0.43..6.40 rows=98 width=4)
	  Index Cond: ((k >= 5364958) AND (k <= 5365058))

table 3 : explain SELECT k FROM sbtest3 WHERE k BETWEEN 5364958 AND 5365058
	Index Only Scan using k_3 on sbtest3  (cost=0.43..6.63 rows=110 width=4)
	  Index Cond: ((k >= 5364958) AND (k <= 5365058))

table 4 : explain SELECT k FROM sbtest4 WHERE k BETWEEN 5364958 AND 5365058
	Index Only Scan using k_4 on sbtest4  (cost=0.43..6.59 rows=108 width=4)
	  Index Cond: ((k >= 5364958) AND (k <= 5365058))

table 5 : explain SELECT k FROM sbtest5 WHERE k BETWEEN 5364958 AND 5365058
	Index Only Scan using k_5 on sbtest5  (cost=0.43..6.45 rows=101 width=4)
	  Index Cond: ((k >= 5364958) AND (k <= 5365058))

table 6 : explain SELECT k FROM sbtest6 WHERE k BETWEEN 5364958 AND 5365058
	Index Only Scan using k_6 on sbtest6  (cost=0.43..6.33 rows=95 width=4)
	  Index Cond: ((k >= 5364958) AND (k <= 5365058))

table 7 : explain SELECT k FROM sbtest7 WHERE k BETWEEN 5364958 AND 5365058
	Index Only Scan using k_7 on sbtest7  (cost=0.43..6.66 rows=111 width=4)
	  Index Cond: ((k >= 5364958) AND (k <= 5365058))

table 8 : explain SELECT k FROM sbtest8 WHERE k BETWEEN 5364958 AND 5365058
	Index Only Scan using k_8 on sbtest8  (cost=0.43..6.47 rows=102 width=4)
	  Index Cond: ((k >= 5364958) AND (k <= 5365058))

explain: for range-covered :: explain SELECT k FROM sbtest%d WHERE k BETWEEN 6788661 AND 6788761
explain: for range-covered :: explain SELECT k FROM sbtest%d WHERE k BETWEEN 6533721 AND 6533821
for range-covered
table 1 : explain SELECT k FROM sbtest1 WHERE k BETWEEN 7993049 AND 7993149
	Index Only Scan using k_1 on sbtest1  (cost=0.43..6.47 rows=102 width=4)
	  Index Cond: ((k >= 7993049) AND (k <= 7993149))

table 2 : explain SELECT k FROM sbtest2 WHERE k BETWEEN 7993049 AND 7993149
	Index Only Scan using k_2 on sbtest2  (cost=0.43..6.50 rows=103 width=4)
	  Index Cond: ((k >= 7993049) AND (k <= 7993149))

table 3 : explain SELECT k FROM sbtest3 WHERE k BETWEEN 7993049 AND 7993149
	Index Only Scan using k_3 on sbtest3  (cost=0.43..6.69 rows=113 width=4)
	  Index Cond: ((k >= 7993049) AND (k <= 7993149))

table 4 : explain SELECT k FROM sbtest4 WHERE k BETWEEN 7993049 AND 7993149
	Index Only Scan using k_4 on sbtest4  (cost=0.43..6.56 rows=106 width=4)
	  Index Cond: ((k >= 7993049) AND (k <= 7993149))

table 5 : explain SELECT k FROM sbtest5 WHERE k BETWEEN 7993049 AND 7993149
	Index Only Scan using k_5 on sbtest5  (cost=0.43..6.35 rows=96 width=4)
	  Index Cond: ((k >= 7993049) AND (k <= 7993149))

table 6 : explain SELECT k FROM sbtest6 WHERE k BETWEEN 7993049 AND 7993149
	Index Only Scan using k_6 on sbtest6  (cost=0.43..6.35 rows=96 width=4)
	  Index Cond: ((k >= 7993049) AND (k <= 7993149))

table 7 : explain SELECT k FROM sbtest7 WHERE k BETWEEN 7993049 AND 7993149
	Index Only Scan using k_7 on sbtest7  (cost=0.43..6.16 rows=86 width=4)
	  Index Cond: ((k >= 7993049) AND (k <= 7993149))

table 8 : explain SELECT k FROM sbtest8 WHERE k BETWEEN 7993049 AND 7993149
	Index Only Scan using k_8 on sbtest8  (cost=0.43..6.56 rows=106 width=4)
	  Index Cond: ((k >= 7993049) AND (k <= 7993149))

explain: for range-covered :: explain SELECT k FROM sbtest%d WHERE k BETWEEN 3417467 AND 3417567
for range-covered
table 1 : explain SELECT k FROM sbtest1 WHERE k BETWEEN 6602115 AND 6602215
	Index Only Scan using k_1 on sbtest1  (cost=0.43..6.40 rows=98 width=4)
	  Index Cond: ((k >= 6602115) AND (k <= 6602215))

table 2 : explain SELECT k FROM sbtest2 WHERE k BETWEEN 6602115 AND 6602215
	Index Only Scan using k_2 on sbtest2  (cost=0.43..6.42 rows=99 width=4)
	  Index Cond: ((k >= 6602115) AND (k <= 6602215))

table 3 : explain SELECT k FROM sbtest3 WHERE k BETWEEN 6602115 AND 6602215
	Index Only Scan using k_3 on sbtest3  (cost=0.43..6.35 rows=96 width=4)
	  Index Cond: ((k >= 6602115) AND (k <= 6602215))

table 4 : explain SELECT k FROM sbtest4 WHERE k BETWEEN 6602115 AND 6602215
	Index Only Scan using k_4 on sbtest4  (cost=0.43..6.47 rows=102 width=4)
	  Index Cond: ((k >= 6602115) AND (k <= 6602215))

table 5 : explain SELECT k FROM sbtest5 WHERE k BETWEEN 6602115 AND 6602215
	Index Only Scan using k_5 on sbtest5  (cost=0.43..6.43 rows=100 width=4)
	  Index Cond: ((k >= 6602115) AND (k <= 6602215))

table 6 : explain SELECT k FROM sbtest6 WHERE k BETWEEN 6602115 AND 6602215
	Index Only Scan using k_6 on sbtest6  (cost=0.43..6.50 rows=103 width=4)
	  Index Cond: ((k >= 6602115) AND (k <= 6602215))

table 7 : explain SELECT k FROM sbtest7 WHERE k BETWEEN 6602115 AND 6602215
	Index Only Scan using k_7 on sbtest7  (cost=0.43..6.42 rows=99 width=4)
	  Index Cond: ((k >= 6602115) AND (k <= 6602215))

table 8 : explain SELECT k FROM sbtest8 WHERE k BETWEEN 6602115 AND 6602215
	Index Only Scan using k_8 on sbtest8  (cost=0.43..6.37 rows=97 width=4)
	  Index Cond: ((k >= 6602115) AND (k <= 6602215))

explain: for range-covered :: explain SELECT k FROM sbtest%d WHERE k BETWEEN 6602115 AND 6602215
for range-covered
table 1 : explain SELECT k FROM sbtest1 WHERE k BETWEEN 7110852 AND 7110952
	Index Only Scan using k_1 on sbtest1  (cost=0.43..6.59 rows=108 width=4)
	  Index Cond: ((k >= 7110852) AND (k <= 7110952))

table 2 : explain SELECT k FROM sbtest2 WHERE k BETWEEN 7110852 AND 7110952
	Index Only Scan using k_2 on sbtest2  (cost=0.43..6.43 rows=100 width=4)
	  Index Cond: ((k >= 7110852) AND (k <= 7110952))

table 3 : explain SELECT k FROM sbtest3 WHERE k BETWEEN 7110852 AND 7110952
	Index Only Scan using k_3 on sbtest3  (cost=0.43..6.43 rows=100 width=4)
	  Index Cond: ((k >= 7110852) AND (k <= 7110952))

table 4 : explain SELECT k FROM sbtest4 WHERE k BETWEEN 7110852 AND 7110952
	Index Only Scan using k_4 on sbtest4  (cost=0.43..6.37 rows=97 width=4)
	  Index Cond: ((k >= 7110852) AND (k <= 7110952))

table 5 : explain SELECT k FROM sbtest5 WHERE k BETWEEN 7110852 AND 7110952
	Index Only Scan using k_5 on sbtest5  (cost=0.43..6.63 rows=110 width=4)
	  Index Cond: ((k >= 7110852) AND (k <= 7110952))

table 6 : explain SELECT k FROM sbtest6 WHERE k BETWEEN 7110852 AND 7110952
	Index Only Scan using k_6 on sbtest6  (cost=0.43..6.51 rows=104 width=4)
	  Index Cond: ((k >= 7110852) AND (k <= 7110952))

table 7 : explain SELECT k FROM sbtest7 WHERE k BETWEEN 7110852 AND 7110952
	Index Only Scan using k_7 on sbtest7  (cost=0.43..6.24 rows=90 width=4)
	  Index Cond: ((k >= 7110852) AND (k <= 7110952))

table 8 : explain SELECT k FROM sbtest8 WHERE k BETWEEN 7110852 AND 7110952
	Index Only Scan using k_8 on sbtest8  (cost=0.43..6.50 rows=103 width=4)
	  Index Cond: ((k >= 7110852) AND (k <= 7110952))

for range-covered
table 1 : explain SELECT k FROM sbtest1 WHERE k BETWEEN 7337823 AND 7337923
	Index Only Scan using k_1 on sbtest1  (cost=0.43..6.37 rows=97 width=4)
	  Index Cond: ((k >= 7337823) AND (k <= 7337923))

table 2 : explain SELECT k FROM sbtest2 WHERE k BETWEEN 7337823 AND 7337923
	Index Only Scan using k_2 on sbtest2  (cost=0.43..6.53 rows=105 width=4)
	  Index Cond: ((k >= 7337823) AND (k <= 7337923))

table 3 : explain SELECT k FROM sbtest3 WHERE k BETWEEN 7337823 AND 7337923
	Index Only Scan using k_3 on sbtest3  (cost=0.43..6.35 rows=96 width=4)
	  Index Cond: ((k >= 7337823) AND (k <= 7337923))

table 4 : explain SELECT k FROM sbtest4 WHERE k BETWEEN 7337823 AND 7337923
	Index Only Scan using k_4 on sbtest4  (cost=0.43..6.53 rows=105 width=4)
	  Index Cond: ((k >= 7337823) AND (k <= 7337923))

table 5 : explain SELECT k FROM sbtest5 WHERE k BETWEEN 7337823 AND 7337923
	Index Only Scan using k_5 on sbtest5  (cost=0.43..6.59 rows=108 width=4)
	  Index Cond: ((k >= 7337823) AND (k <= 7337923))

table 6 : explain SELECT k FROM sbtest6 WHERE k BETWEEN 7337823 AND 7337923
	Index Only Scan using k_6 on sbtest6  (cost=0.43..6.42 rows=99 width=4)
	  Index Cond: ((k >= 7337823) AND (k <= 7337923))

table 7 : explain SELECT k FROM sbtest7 WHERE k BETWEEN 7337823 AND 7337923
	Index Only Scan using k_7 on sbtest7  (cost=0.43..6.53 rows=105 width=4)
	  Index Cond: ((k >= 7337823) AND (k <= 7337923))

table 8 : explain SELECT k FROM sbtest8 WHERE k BETWEEN 7337823 AND 7337923
	Index Only Scan using k_8 on sbtest8  (cost=0.43..6.45 rows=101 width=4)
	  Index Cond: ((k >= 7337823) AND (k <= 7337923))

explain: for range-covered :: explain SELECT k FROM sbtest%d WHERE k BETWEEN 7110852 AND 7110952
explain: for range-covered :: explain SELECT k FROM sbtest%d WHERE k BETWEEN 4026922 AND 4027022
explain: for range-covered :: explain SELECT k FROM sbtest%d WHERE k BETWEEN 7337823 AND 7337923
explain: for range-covered :: explain SELECT k FROM sbtest%d WHERE k BETWEEN 5364958 AND 5365058
explain: for range-covered :: explain SELECT k FROM sbtest%d WHERE k BETWEEN 6589546 AND 6589646
for range-covered
table 1 : explain SELECT k FROM sbtest1 WHERE k BETWEEN 6788661 AND 6788761
	Index Only Scan using k_1 on sbtest1  (cost=0.43..6.63 rows=110 width=4)
	  Index Cond: ((k >= 6788661) AND (k <= 6788761))

table 2 : explain SELECT k FROM sbtest2 WHERE k BETWEEN 6788661 AND 6788761
	Index Only Scan using k_2 on sbtest2  (cost=0.43..6.42 rows=99 width=4)
	  Index Cond: ((k >= 6788661) AND (k <= 6788761))

table 3 : explain SELECT k FROM sbtest3 WHERE k BETWEEN 6788661 AND 6788761
	Index Only Scan using k_3 on sbtest3  (cost=0.43..6.47 rows=102 width=4)
	  Index Cond: ((k >= 6788661) AND (k <= 6788761))

table 4 : explain SELECT k FROM sbtest4 WHERE k BETWEEN 6788661 AND 6788761
	Index Only Scan using k_4 on sbtest4  (cost=0.43..6.53 rows=105 width=4)
	  Index Cond: ((k >= 6788661) AND (k <= 6788761))

table 5 : explain SELECT k FROM sbtest5 WHERE k BETWEEN 6788661 AND 6788761
	Index Only Scan using k_5 on sbtest5  (cost=0.43..6.33 rows=95 width=4)
	  Index Cond: ((k >= 6788661) AND (k <= 6788761))

table 6 : explain SELECT k FROM sbtest6 WHERE k BETWEEN 6788661 AND 6788761
	Index Only Scan using k_6 on sbtest6  (cost=0.43..6.47 rows=102 width=4)
	  Index Cond: ((k >= 6788661) AND (k <= 6788761))

table 7 : explain SELECT k FROM sbtest7 WHERE k BETWEEN 6788661 AND 6788761
	Index Only Scan using k_7 on sbtest7  (cost=0.43..6.43 rows=100 width=4)
	  Index Cond: ((k >= 6788661) AND (k <= 6788761))

table 8 : explain SELECT k FROM sbtest8 WHERE k BETWEEN 6788661 AND 6788761
	Index Only Scan using k_8 on sbtest8  (cost=0.43..6.59 rows=108 width=4)
	  Index Cond: ((k >= 6788661) AND (k <= 6788761))

for range-covered
table 1 : explain SELECT k FROM sbtest1 WHERE k BETWEEN 6533721 AND 6533821
	Index Only Scan using k_1 on sbtest1  (cost=0.43..6.50 rows=103 width=4)
	  Index Cond: ((k >= 6533721) AND (k <= 6533821))

table 2 : explain SELECT k FROM sbtest2 WHERE k BETWEEN 6533721 AND 6533821
	Index Only Scan using k_2 on sbtest2  (cost=0.43..6.45 rows=101 width=4)
	  Index Cond: ((k >= 6533721) AND (k <= 6533821))

table 3 : explain SELECT k FROM sbtest3 WHERE k BETWEEN 6533721 AND 6533821
	Index Only Scan using k_3 on sbtest3  (cost=0.43..6.32 rows=94 width=4)
	  Index Cond: ((k >= 6533721) AND (k <= 6533821))

table 4 : explain SELECT k FROM sbtest4 WHERE k BETWEEN 6533721 AND 6533821
	Index Only Scan using k_4 on sbtest4  (cost=0.43..6.37 rows=97 width=4)
	  Index Cond: ((k >= 6533721) AND (k <= 6533821))

table 5 : explain SELECT k FROM sbtest5 WHERE k BETWEEN 6533721 AND 6533821
	Index Only Scan using k_5 on sbtest5  (cost=0.43..6.43 rows=100 width=4)
	  Index Cond: ((k >= 6533721) AND (k <= 6533821))

table 6 : explain SELECT k FROM sbtest6 WHERE k BETWEEN 6533721 AND 6533821
	Index Only Scan using k_6 on sbtest6  (cost=0.43..6.50 rows=103 width=4)
	  Index Cond: ((k >= 6533721) AND (k <= 6533821))

table 7 : explain SELECT k FROM sbtest7 WHERE k BETWEEN 6533721 AND 6533821
	Index Only Scan using k_7 on sbtest7  (cost=0.43..6.74 rows=115 width=4)
	  Index Cond: ((k >= 6533721) AND (k <= 6533821))

table 8 : explain SELECT k FROM sbtest8 WHERE k BETWEEN 6533721 AND 6533821
	Index Only Scan using k_8 on sbtest8  (cost=0.43..6.37 rows=97 width=4)
	  Index Cond: ((k >= 6533721) AND (k <= 6533821))

explain: for range-covered :: explain SELECT k FROM sbtest%d WHERE k BETWEEN 6788661 AND 6788761
explain: for range-covered :: explain SELECT k FROM sbtest%d WHERE k BETWEEN 6533721 AND 6533821
for range-covered
table 1 : explain SELECT k FROM sbtest1 WHERE k BETWEEN 5207813 AND 5207913
	Index Only Scan using k_1 on sbtest1  (cost=0.43..6.53 rows=105 width=4)
	  Index Cond: ((k >= 5207813) AND (k <= 5207913))

table 2 : explain SELECT k FROM sbtest2 WHERE k BETWEEN 5207813 AND 5207913
	Index Only Scan using k_2 on sbtest2  (cost=0.43..6.40 rows=98 width=4)
	  Index Cond: ((k >= 5207813) AND (k <= 5207913))

table 3 : explain SELECT k FROM sbtest3 WHERE k BETWEEN 5207813 AND 5207913
	Index Only Scan using k_3 on sbtest3  (cost=0.43..6.50 rows=103 width=4)
	  Index Cond: ((k >= 5207813) AND (k <= 5207913))

table 4 : explain SELECT k FROM sbtest4 WHERE k BETWEEN 5207813 AND 5207913
	Index Only Scan using k_4 on sbtest4  (cost=0.43..6.53 rows=105 width=4)
	  Index Cond: ((k >= 5207813) AND (k <= 5207913))

table 5 : explain SELECT k FROM sbtest5 WHERE k BETWEEN 5207813 AND 5207913
	Index Only Scan using k_5 on sbtest5  (cost=0.43..6.53 rows=105 width=4)
	  Index Cond: ((k >= 5207813) AND (k <= 5207913))

table 6 : explain SELECT k FROM sbtest6 WHERE k BETWEEN 5207813 AND 5207913
	Index Only Scan using k_6 on sbtest6  (cost=0.43..6.33 rows=95 width=4)
	  Index Cond: ((k >= 5207813) AND (k <= 5207913))

table 7 : explain SELECT k FROM sbtest7 WHERE k BETWEEN 5207813 AND 5207913
	Index Only Scan using k_7 on sbtest7  (cost=0.43..6.50 rows=103 width=4)
	  Index Cond: ((k >= 5207813) AND (k <= 5207913))

table 8 : explain SELECT k FROM sbtest8 WHERE k BETWEEN 5207813 AND 5207913
	Index Only Scan using k_8 on sbtest8  (cost=0.43..6.43 rows=100 width=4)
	  Index Cond: ((k >= 5207813) AND (k <= 5207913))

for range-covered
table 1 : explain SELECT k FROM sbtest1 WHERE k BETWEEN 4876529 AND 4876629
	Index Only Scan using k_1 on sbtest1  (cost=0.43..6.67 rows=112 width=4)
	  Index Cond: ((k >= 4876529) AND (k <= 4876629))

table 2 : explain SELECT k FROM sbtest2 WHERE k BETWEEN 4876529 AND 4876629
	Index Only Scan using k_2 on sbtest2  (cost=0.43..6.42 rows=99 width=4)
	  Index Cond: ((k >= 4876529) AND (k <= 4876629))

table 3 : explain SELECT k FROM sbtest3 WHERE k BETWEEN 4876529 AND 4876629
	Index Only Scan using k_3 on sbtest3  (cost=0.43..6.37 rows=97 width=4)
	  Index Cond: ((k >= 4876529) AND (k <= 4876629))

table 4 : explain SELECT k FROM sbtest4 WHERE k BETWEEN 4876529 AND 4876629
	Index Only Scan using k_4 on sbtest4  (cost=0.43..6.40 rows=98 width=4)
	  Index Cond: ((k >= 4876529) AND (k <= 4876629))

table 5 : explain SELECT k FROM sbtest5 WHERE k BETWEEN 4876529 AND 4876629
	Index Only Scan using k_5 on sbtest5  (cost=0.43..6.45 rows=101 width=4)
	  Index Cond: ((k >= 4876529) AND (k <= 4876629))

table 6 : explain SELECT k FROM sbtest6 WHERE k BETWEEN 4876529 AND 4876629
	Index Only Scan using k_6 on sbtest6  (cost=0.43..6.42 rows=99 width=4)
	  Index Cond: ((k >= 4876529) AND (k <= 4876629))

table 7 : explain SELECT k FROM sbtest7 WHERE k BETWEEN 4876529 AND 4876629
	Index Only Scan using k_7 on sbtest7  (cost=0.43..6.45 rows=101 width=4)
	  Index Cond: ((k >= 4876529) AND (k <= 4876629))

table 8 : explain SELECT k FROM sbtest8 WHERE k BETWEEN 4876529 AND 4876629
	Index Only Scan using k_8 on sbtest8  (cost=0.43..6.29 rows=93 width=4)
	  Index Cond: ((k >= 4876529) AND (k <= 4876629))

for range-covered
table 1 : explain SELECT k FROM sbtest1 WHERE k BETWEEN 6602115 AND 6602215
	Index Only Scan using k_1 on sbtest1  (cost=0.43..6.40 rows=98 width=4)
	  Index Cond: ((k >= 6602115) AND (k <= 6602215))

table 2 : explain SELECT k FROM sbtest2 WHERE k BETWEEN 6602115 AND 6602215
	Index Only Scan using k_2 on sbtest2  (cost=0.43..6.42 rows=99 width=4)
	  Index Cond: ((k >= 6602115) AND (k <= 6602215))

table 3 : explain SELECT k FROM sbtest3 WHERE k BETWEEN 6602115 AND 6602215
	Index Only Scan using k_3 on sbtest3  (cost=0.43..6.35 rows=96 width=4)
	  Index Cond: ((k >= 6602115) AND (k <= 6602215))

table 4 : explain SELECT k FROM sbtest4 WHERE k BETWEEN 6602115 AND 6602215
	Index Only Scan using k_4 on sbtest4  (cost=0.43..6.47 rows=102 width=4)
	  Index Cond: ((k >= 6602115) AND (k <= 6602215))

table 5 : explain SELECT k FROM sbtest5 WHERE k BETWEEN 6602115 AND 6602215
	Index Only Scan using k_5 on sbtest5  (cost=0.43..6.43 rows=100 width=4)
	  Index Cond: ((k >= 6602115) AND (k <= 6602215))

table 6 : explain SELECT k FROM sbtest6 WHERE k BETWEEN 6602115 AND 6602215
	Index Only Scan using k_6 on sbtest6  (cost=0.43..6.50 rows=103 width=4)
	  Index Cond: ((k >= 6602115) AND (k <= 6602215))

table 7 : explain SELECT k FROM sbtest7 WHERE k BETWEEN 6602115 AND 6602215
	Index Only Scan using k_7 on sbtest7  (cost=0.43..6.42 rows=99 width=4)
	  Index Cond: ((k >= 6602115) AND (k <= 6602215))

table 8 : explain SELECT k FROM sbtest8 WHERE k BETWEEN 6602115 AND 6602215
	Index Only Scan using k_8 on sbtest8  (cost=0.43..6.37 rows=97 width=4)
	  Index Cond: ((k >= 6602115) AND (k <= 6602215))

explain: for range-covered :: explain SELECT k FROM sbtest%d WHERE k BETWEEN 6602115 AND 6602215
explain: for range-covered :: explain SELECT k FROM sbtest%d WHERE k BETWEEN 5207813 AND 5207913
for range-covered
table 1 : explain SELECT k FROM sbtest1 WHERE k BETWEEN 7110852 AND 7110952
	Index Only Scan using k_1 on sbtest1  (cost=0.43..6.59 rows=108 width=4)
	  Index Cond: ((k >= 7110852) AND (k <= 7110952))

table 2 : explain SELECT k FROM sbtest2 WHERE k BETWEEN 7110852 AND 7110952
	Index Only Scan using k_2 on sbtest2  (cost=0.43..6.43 rows=100 width=4)
	  Index Cond: ((k >= 7110852) AND (k <= 7110952))

table 3 : explain SELECT k FROM sbtest3 WHERE k BETWEEN 7110852 AND 7110952
	Index Only Scan using k_3 on sbtest3  (cost=0.43..6.43 rows=100 width=4)
	  Index Cond: ((k >= 7110852) AND (k <= 7110952))

table 4 : explain SELECT k FROM sbtest4 WHERE k BETWEEN 7110852 AND 7110952
	Index Only Scan using k_4 on sbtest4  (cost=0.43..6.37 rows=97 width=4)
	  Index Cond: ((k >= 7110852) AND (k <= 7110952))

table 5 : explain SELECT k FROM sbtest5 WHERE k BETWEEN 7110852 AND 7110952
	Index Only Scan using k_5 on sbtest5  (cost=0.43..6.63 rows=110 width=4)
	  Index Cond: ((k >= 7110852) AND (k <= 7110952))

table 6 : explain SELECT k FROM sbtest6 WHERE k BETWEEN 7110852 AND 7110952
	Index Only Scan using k_6 on sbtest6  (cost=0.43..6.51 rows=104 width=4)
	  Index Cond: ((k >= 7110852) AND (k <= 7110952))

table 7 : explain SELECT k FROM sbtest7 WHERE k BETWEEN 7110852 AND 7110952
	Index Only Scan using k_7 on sbtest7  (cost=0.43..6.24 rows=90 width=4)
	  Index Cond: ((k >= 7110852) AND (k <= 7110952))

table 8 : explain SELECT k FROM sbtest8 WHERE k BETWEEN 7110852 AND 7110952
	Index Only Scan using k_8 on sbtest8  (cost=0.43..6.50 rows=103 width=4)
	  Index Cond: ((k >= 7110852) AND (k <= 7110952))

explain: for range-covered :: explain SELECT k FROM sbtest%d WHERE k BETWEEN 4876529 AND 4876629
for range-covered
table 1 : explain SELECT k FROM sbtest1 WHERE k BETWEEN 7337823 AND 7337923
	Index Only Scan using k_1 on sbtest1  (cost=0.43..6.37 rows=97 width=4)
	  Index Cond: ((k >= 7337823) AND (k <= 7337923))

table 2 : explain SELECT k FROM sbtest2 WHERE k BETWEEN 7337823 AND 7337923
	Index Only Scan using k_2 on sbtest2  (cost=0.43..6.53 rows=105 width=4)
	  Index Cond: ((k >= 7337823) AND (k <= 7337923))

table 3 : explain SELECT k FROM sbtest3 WHERE k BETWEEN 7337823 AND 7337923
	Index Only Scan using k_3 on sbtest3  (cost=0.43..6.35 rows=96 width=4)
	  Index Cond: ((k >= 7337823) AND (k <= 7337923))

table 4 : explain SELECT k FROM sbtest4 WHERE k BETWEEN 7337823 AND 7337923
	Index Only Scan using k_4 on sbtest4  (cost=0.43..6.53 rows=105 width=4)
	  Index Cond: ((k >= 7337823) AND (k <= 7337923))

table 5 : explain SELECT k FROM sbtest5 WHERE k BETWEEN 7337823 AND 7337923
	Index Only Scan using k_5 on sbtest5  (cost=0.43..6.59 rows=108 width=4)
	  Index Cond: ((k >= 7337823) AND (k <= 7337923))

table 6 : explain SELECT k FROM sbtest6 WHERE k BETWEEN 7337823 AND 7337923
	Index Only Scan using k_6 on sbtest6  (cost=0.43..6.42 rows=99 width=4)
	  Index Cond: ((k >= 7337823) AND (k <= 7337923))

table 7 : explain SELECT k FROM sbtest7 WHERE k BETWEEN 7337823 AND 7337923
	Index Only Scan using k_7 on sbtest7  (cost=0.43..6.53 rows=105 width=4)
	  Index Cond: ((k >= 7337823) AND (k <= 7337923))

table 8 : explain SELECT k FROM sbtest8 WHERE k BETWEEN 7337823 AND 7337923
	Index Only Scan using k_8 on sbtest8  (cost=0.43..6.45 rows=101 width=4)
	  Index Cond: ((k >= 7337823) AND (k <= 7337923))

explain: for range-covered :: explain SELECT k FROM sbtest%d WHERE k BETWEEN 7337823 AND 7337923
for range-covered
table 1 : explain SELECT k FROM sbtest1 WHERE k BETWEEN 3905184 AND 3905284
	Index Only Scan using k_1 on sbtest1  (cost=0.43..6.42 rows=99 width=4)
	  Index Cond: ((k >= 3905184) AND (k <= 3905284))

table 2 : explain SELECT k FROM sbtest2 WHERE k BETWEEN 3905184 AND 3905284
	Index Only Scan using k_2 on sbtest2  (cost=0.43..6.47 rows=102 width=4)
	  Index Cond: ((k >= 3905184) AND (k <= 3905284))

table 3 : explain SELECT k FROM sbtest3 WHERE k BETWEEN 3905184 AND 3905284
	Index Only Scan using k_3 on sbtest3  (cost=0.43..6.45 rows=101 width=4)
	  Index Cond: ((k >= 3905184) AND (k <= 3905284))

table 4 : explain SELECT k FROM sbtest4 WHERE k BETWEEN 3905184 AND 3905284
	Index Only Scan using k_4 on sbtest4  (cost=0.43..6.69 rows=113 width=4)
	  Index Cond: ((k >= 3905184) AND (k <= 3905284))

table 5 : explain SELECT k FROM sbtest5 WHERE k BETWEEN 3905184 AND 3905284
	Index Only Scan using k_5 on sbtest5  (cost=0.43..6.61 rows=109 width=4)
	  Index Cond: ((k >= 3905184) AND (k <= 3905284))

table 6 : explain SELECT k FROM sbtest6 WHERE k BETWEEN 3905184 AND 3905284
	Index Only Scan using k_6 on sbtest6  (cost=0.43..6.53 rows=105 width=4)
	  Index Cond: ((k >= 3905184) AND (k <= 3905284))

table 7 : explain SELECT k FROM sbtest7 WHERE k BETWEEN 3905184 AND 3905284
	Index Only Scan using k_7 on sbtest7  (cost=0.43..6.25 rows=91 width=4)
	  Index Cond: ((k >= 3905184) AND (k <= 3905284))

table 8 : explain SELECT k FROM sbtest8 WHERE k BETWEEN 3905184 AND 3905284
	Index Only Scan using k_8 on sbtest8  (cost=0.43..6.50 rows=103 width=4)
	  Index Cond: ((k >= 3905184) AND (k <= 3905284))

for range-covered
table 1 : explain SELECT k FROM sbtest1 WHERE k BETWEEN 5364958 AND 5365058
	Index Only Scan using k_1 on sbtest1  (cost=0.43..6.66 rows=111 width=4)
	  Index Cond: ((k >= 5364958) AND (k <= 5365058))

table 2 : explain SELECT k FROM sbtest2 WHERE k BETWEEN 5364958 AND 5365058
	Index Only Scan using k_2 on sbtest2  (cost=0.43..6.40 rows=98 width=4)
	  Index Cond: ((k >= 5364958) AND (k <= 5365058))

table 3 : explain SELECT k FROM sbtest3 WHERE k BETWEEN 5364958 AND 5365058
	Index Only Scan using k_3 on sbtest3  (cost=0.43..6.63 rows=110 width=4)
	  Index Cond: ((k >= 5364958) AND (k <= 5365058))

table 4 : explain SELECT k FROM sbtest4 WHERE k BETWEEN 5364958 AND 5365058
	Index Only Scan using k_4 on sbtest4  (cost=0.43..6.59 rows=108 width=4)
	  Index Cond: ((k >= 5364958) AND (k <= 5365058))

table 5 : explain SELECT k FROM sbtest5 WHERE k BETWEEN 5364958 AND 5365058
	Index Only Scan using k_5 on sbtest5  (cost=0.43..6.45 rows=101 width=4)
	  Index Cond: ((k >= 5364958) AND (k <= 5365058))

table 6 : explain SELECT k FROM sbtest6 WHERE k BETWEEN 5364958 AND 5365058
	Index Only Scan using k_6 on sbtest6  (cost=0.43..6.33 rows=95 width=4)
	  Index Cond: ((k >= 5364958) AND (k <= 5365058))

table 7 : explain SELECT k FROM sbtest7 WHERE k BETWEEN 5364958 AND 5365058
	Index Only Scan using k_7 on sbtest7  (cost=0.43..6.66 rows=111 width=4)
	  Index Cond: ((k >= 5364958) AND (k <= 5365058))

table 8 : explain SELECT k FROM sbtest8 WHERE k BETWEEN 5364958 AND 5365058
	Index Only Scan using k_8 on sbtest8  (cost=0.43..6.47 rows=102 width=4)
	  Index Cond: ((k >= 5364958) AND (k <= 5365058))

for range-covered
table 1 : explain SELECT k FROM sbtest1 WHERE k BETWEEN 6533721 AND 6533821
	Index Only Scan using k_1 on sbtest1  (cost=0.43..6.50 rows=103 width=4)
	  Index Cond: ((k >= 6533721) AND (k <= 6533821))

table 2 : explain SELECT k FROM sbtest2 WHERE k BETWEEN 6533721 AND 6533821
	Index Only Scan using k_2 on sbtest2  (cost=0.43..6.45 rows=101 width=4)
	  Index Cond: ((k >= 6533721) AND (k <= 6533821))

table 3 : explain SELECT k FROM sbtest3 WHERE k BETWEEN 6533721 AND 6533821
	Index Only Scan using k_3 on sbtest3  (cost=0.43..6.32 rows=94 width=4)
	  Index Cond: ((k >= 6533721) AND (k <= 6533821))

table 4 : explain SELECT k FROM sbtest4 WHERE k BETWEEN 6533721 AND 6533821
	Index Only Scan using k_4 on sbtest4  (cost=0.43..6.37 rows=97 width=4)
	  Index Cond: ((k >= 6533721) AND (k <= 6533821))

table 5 : explain SELECT k FROM sbtest5 WHERE k BETWEEN 6533721 AND 6533821
	Index Only Scan using k_5 on sbtest5  (cost=0.43..6.43 rows=100 width=4)
	  Index Cond: ((k >= 6533721) AND (k <= 6533821))

table 6 : explain SELECT k FROM sbtest6 WHERE k BETWEEN 6533721 AND 6533821
	Index Only Scan using k_6 on sbtest6  (cost=0.43..6.50 rows=103 width=4)
	  Index Cond: ((k >= 6533721) AND (k <= 6533821))

table 7 : explain SELECT k FROM sbtest7 WHERE k BETWEEN 6533721 AND 6533821
	Index Only Scan using k_7 on sbtest7  (cost=0.43..6.74 rows=115 width=4)
	  Index Cond: ((k >= 6533721) AND (k <= 6533821))

table 8 : explain SELECT k FROM sbtest8 WHERE k BETWEEN 6533721 AND 6533821
	Index Only Scan using k_8 on sbtest8  (cost=0.43..6.37 rows=97 width=4)
	  Index Cond: ((k >= 6533721) AND (k <= 6533821))

explain: for range-covered :: explain SELECT k FROM sbtest%d WHERE k BETWEEN 3905184 AND 3905284
explain: for range-covered :: explain SELECT k FROM sbtest%d WHERE k BETWEEN 5364958 AND 5365058
explain: for range-covered :: explain SELECT k FROM sbtest%d WHERE k BETWEEN 6533721 AND 6533821
for range-covered
table 1 : explain SELECT k FROM sbtest1 WHERE k BETWEEN 6602115 AND 6602215
	Index Only Scan using k_1 on sbtest1  (cost=0.43..6.40 rows=98 width=4)
	  Index Cond: ((k >= 6602115) AND (k <= 6602215))

table 2 : explain SELECT k FROM sbtest2 WHERE k BETWEEN 6602115 AND 6602215
	Index Only Scan using k_2 on sbtest2  (cost=0.43..6.42 rows=99 width=4)
	  Index Cond: ((k >= 6602115) AND (k <= 6602215))

table 3 : explain SELECT k FROM sbtest3 WHERE k BETWEEN 6602115 AND 6602215
	Index Only Scan using k_3 on sbtest3  (cost=0.43..6.35 rows=96 width=4)
	  Index Cond: ((k >= 6602115) AND (k <= 6602215))

table 4 : explain SELECT k FROM sbtest4 WHERE k BETWEEN 6602115 AND 6602215
	Index Only Scan using k_4 on sbtest4  (cost=0.43..6.47 rows=102 width=4)
	  Index Cond: ((k >= 6602115) AND (k <= 6602215))

table 5 : explain SELECT k FROM sbtest5 WHERE k BETWEEN 6602115 AND 6602215
	Index Only Scan using k_5 on sbtest5  (cost=0.43..6.43 rows=100 width=4)
	  Index Cond: ((k >= 6602115) AND (k <= 6602215))

table 6 : explain SELECT k FROM sbtest6 WHERE k BETWEEN 6602115 AND 6602215
	Index Only Scan using k_6 on sbtest6  (cost=0.43..6.50 rows=103 width=4)
	  Index Cond: ((k >= 6602115) AND (k <= 6602215))

table 7 : explain SELECT k FROM sbtest7 WHERE k BETWEEN 6602115 AND 6602215
	Index Only Scan using k_7 on sbtest7  (cost=0.43..6.42 rows=99 width=4)
	  Index Cond: ((k >= 6602115) AND (k <= 6602215))

table 8 : explain SELECT k FROM sbtest8 WHERE k BETWEEN 6602115 AND 6602215
	Index Only Scan using k_8 on sbtest8  (cost=0.43..6.37 rows=97 width=4)
	  Index Cond: ((k >= 6602115) AND (k <= 6602215))

explain: for range-covered :: explain SELECT k FROM sbtest%d WHERE k BETWEEN 6602115 AND 6602215
for range-covered
table 1 : explain SELECT k FROM sbtest1 WHERE k BETWEEN 6788661 AND 6788761
	Index Only Scan using k_1 on sbtest1  (cost=0.43..6.63 rows=110 width=4)
	  Index Cond: ((k >= 6788661) AND (k <= 6788761))

table 2 : explain SELECT k FROM sbtest2 WHERE k BETWEEN 6788661 AND 6788761
	Index Only Scan using k_2 on sbtest2  (cost=0.43..6.42 rows=99 width=4)
	  Index Cond: ((k >= 6788661) AND (k <= 6788761))

table 3 : explain SELECT k FROM sbtest3 WHERE k BETWEEN 6788661 AND 6788761
	Index Only Scan using k_3 on sbtest3  (cost=0.43..6.47 rows=102 width=4)
	  Index Cond: ((k >= 6788661) AND (k <= 6788761))

table 4 : explain SELECT k FROM sbtest4 WHERE k BETWEEN 6788661 AND 6788761
	Index Only Scan using k_4 on sbtest4  (cost=0.43..6.53 rows=105 width=4)
	  Index Cond: ((k >= 6788661) AND (k <= 6788761))

table 5 : explain SELECT k FROM sbtest5 WHERE k BETWEEN 6788661 AND 6788761
	Index Only Scan using k_5 on sbtest5  (cost=0.43..6.33 rows=95 width=4)
	  Index Cond: ((k >= 6788661) AND (k <= 6788761))

table 6 : explain SELECT k FROM sbtest6 WHERE k BETWEEN 6788661 AND 6788761
	Index Only Scan using k_6 on sbtest6  (cost=0.43..6.47 rows=102 width=4)
	  Index Cond: ((k >= 6788661) AND (k <= 6788761))

table 7 : explain SELECT k FROM sbtest7 WHERE k BETWEEN 6788661 AND 6788761
	Index Only Scan using k_7 on sbtest7  (cost=0.43..6.43 rows=100 width=4)
	  Index Cond: ((k >= 6788661) AND (k <= 6788761))

table 8 : explain SELECT k FROM sbtest8 WHERE k BETWEEN 6788661 AND 6788761
	Index Only Scan using k_8 on sbtest8  (cost=0.43..6.59 rows=108 width=4)
	  Index Cond: ((k >= 6788661) AND (k <= 6788761))

explain: for range-covered :: explain SELECT k FROM sbtest%d WHERE k BETWEEN 6788661 AND 6788761
for range-covered
table 1 : explain SELECT k FROM sbtest1 WHERE k BETWEEN 5364958 AND 5365058
	Index Only Scan using k_1 on sbtest1  (cost=0.43..6.66 rows=111 width=4)
	  Index Cond: ((k >= 5364958) AND (k <= 5365058))

table 2 : explain SELECT k FROM sbtest2 WHERE k BETWEEN 5364958 AND 5365058
	Index Only Scan using k_2 on sbtest2  (cost=0.43..6.40 rows=98 width=4)
	  Index Cond: ((k >= 5364958) AND (k <= 5365058))

table 3 : explain SELECT k FROM sbtest3 WHERE k BETWEEN 5364958 AND 5365058
	Index Only Scan using k_3 on sbtest3  (cost=0.43..6.63 rows=110 width=4)
	  Index Cond: ((k >= 5364958) AND (k <= 5365058))

table 4 : explain SELECT k FROM sbtest4 WHERE k BETWEEN 5364958 AND 5365058
	Index Only Scan using k_4 on sbtest4  (cost=0.43..6.59 rows=108 width=4)
	  Index Cond: ((k >= 5364958) AND (k <= 5365058))

table 5 : explain SELECT k FROM sbtest5 WHERE k BETWEEN 5364958 AND 5365058
	Index Only Scan using k_5 on sbtest5  (cost=0.43..6.45 rows=101 width=4)
	  Index Cond: ((k >= 5364958) AND (k <= 5365058))

table 6 : explain SELECT k FROM sbtest6 WHERE k BETWEEN 5364958 AND 5365058
	Index Only Scan using k_6 on sbtest6  (cost=0.43..6.33 rows=95 width=4)
	  Index Cond: ((k >= 5364958) AND (k <= 5365058))

table 7 : explain SELECT k FROM sbtest7 WHERE k BETWEEN 5364958 AND 5365058
	Index Only Scan using k_7 on sbtest7  (cost=0.43..6.66 rows=111 width=4)
	  Index Cond: ((k >= 5364958) AND (k <= 5365058))

table 8 : explain SELECT k FROM sbtest8 WHERE k BETWEEN 5364958 AND 5365058
	Index Only Scan using k_8 on sbtest8  (cost=0.43..6.47 rows=102 width=4)
	  Index Cond: ((k >= 5364958) AND (k <= 5365058))

for range-covered
table 1 : explain SELECT k FROM sbtest1 WHERE k BETWEEN 7337823 AND 7337923
	Index Only Scan using k_1 on sbtest1  (cost=0.43..6.37 rows=97 width=4)
	  Index Cond: ((k >= 7337823) AND (k <= 7337923))

table 2 : explain SELECT k FROM sbtest2 WHERE k BETWEEN 7337823 AND 7337923
	Index Only Scan using k_2 on sbtest2  (cost=0.43..6.53 rows=105 width=4)
	  Index Cond: ((k >= 7337823) AND (k <= 7337923))

table 3 : explain SELECT k FROM sbtest3 WHERE k BETWEEN 7337823 AND 7337923
	Index Only Scan using k_3 on sbtest3  (cost=0.43..6.35 rows=96 width=4)
	  Index Cond: ((k >= 7337823) AND (k <= 7337923))

table 4 : explain SELECT k FROM sbtest4 WHERE k BETWEEN 7337823 AND 7337923
	Index Only Scan using k_4 on sbtest4  (cost=0.43..6.53 rows=105 width=4)
	  Index Cond: ((k >= 7337823) AND (k <= 7337923))

table 5 : explain SELECT k FROM sbtest5 WHERE k BETWEEN 7337823 AND 7337923
	Index Only Scan using k_5 on sbtest5  (cost=0.43..6.59 rows=108 width=4)
	  Index Cond: ((k >= 7337823) AND (k <= 7337923))

table 6 : explain SELECT k FROM sbtest6 WHERE k BETWEEN 7337823 AND 7337923
	Index Only Scan using k_6 on sbtest6  (cost=0.43..6.42 rows=99 width=4)
	  Index Cond: ((k >= 7337823) AND (k <= 7337923))

table 7 : explain SELECT k FROM sbtest7 WHERE k BETWEEN 7337823 AND 7337923
	Index Only Scan using k_7 on sbtest7  (cost=0.43..6.53 rows=105 width=4)
	  Index Cond: ((k >= 7337823) AND (k <= 7337923))

table 8 : explain SELECT k FROM sbtest8 WHERE k BETWEEN 7337823 AND 7337923
	Index Only Scan using k_8 on sbtest8  (cost=0.43..6.45 rows=101 width=4)
	  Index Cond: ((k >= 7337823) AND (k <= 7337923))

for range-covered
table 1 : explain SELECT k FROM sbtest1 WHERE k BETWEEN 6533721 AND 6533821
	Index Only Scan using k_1 on sbtest1  (cost=0.43..6.50 rows=103 width=4)
	  Index Cond: ((k >= 6533721) AND (k <= 6533821))

table 2 : explain SELECT k FROM sbtest2 WHERE k BETWEEN 6533721 AND 6533821
	Index Only Scan using k_2 on sbtest2  (cost=0.43..6.45 rows=101 width=4)
	  Index Cond: ((k >= 6533721) AND (k <= 6533821))

table 3 : explain SELECT k FROM sbtest3 WHERE k BETWEEN 6533721 AND 6533821
	Index Only Scan using k_3 on sbtest3  (cost=0.43..6.32 rows=94 width=4)
	  Index Cond: ((k >= 6533721) AND (k <= 6533821))

table 4 : explain SELECT k FROM sbtest4 WHERE k BETWEEN 6533721 AND 6533821
	Index Only Scan using k_4 on sbtest4  (cost=0.43..6.37 rows=97 width=4)
	  Index Cond: ((k >= 6533721) AND (k <= 6533821))

table 5 : explain SELECT k FROM sbtest5 WHERE k BETWEEN 6533721 AND 6533821
	Index Only Scan using k_5 on sbtest5  (cost=0.43..6.43 rows=100 width=4)
	  Index Cond: ((k >= 6533721) AND (k <= 6533821))

table 6 : explain SELECT k FROM sbtest6 WHERE k BETWEEN 6533721 AND 6533821
	Index Only Scan using k_6 on sbtest6  (cost=0.43..6.50 rows=103 width=4)
	  Index Cond: ((k >= 6533721) AND (k <= 6533821))

table 7 : explain SELECT k FROM sbtest7 WHERE k BETWEEN 6533721 AND 6533821
	Index Only Scan using k_7 on sbtest7  (cost=0.43..6.74 rows=115 width=4)
	  Index Cond: ((k >= 6533721) AND (k <= 6533821))

table 8 : explain SELECT k FROM sbtest8 WHERE k BETWEEN 6533721 AND 6533821
	Index Only Scan using k_8 on sbtest8  (cost=0.43..6.37 rows=97 width=4)
	  Index Cond: ((k >= 6533721) AND (k <= 6533821))

explain: for range-covered :: explain SELECT k FROM sbtest%d WHERE k BETWEEN 6824442 AND 6824542
explain: for range-covered :: explain SELECT k FROM sbtest%d WHERE k BETWEEN 5364958 AND 5365058
explain: for range-covered :: explain SELECT k FROM sbtest%d WHERE k BETWEEN 6533721 AND 6533821
explain: for range-covered :: explain SELECT k FROM sbtest%d WHERE k BETWEEN 7337823 AND 7337923
explain: for range-covered :: explain SELECT k FROM sbtest%d WHERE k BETWEEN 6433242 AND 6433342
for range-covered
table 1 : explain SELECT k FROM sbtest1 WHERE k BETWEEN 6602115 AND 6602215
	Index Only Scan using k_1 on sbtest1  (cost=0.43..6.40 rows=98 width=4)
	  Index Cond: ((k >= 6602115) AND (k <= 6602215))

table 2 : explain SELECT k FROM sbtest2 WHERE k BETWEEN 6602115 AND 6602215
	Index Only Scan using k_2 on sbtest2  (cost=0.43..6.42 rows=99 width=4)
	  Index Cond: ((k >= 6602115) AND (k <= 6602215))

table 3 : explain SELECT k FROM sbtest3 WHERE k BETWEEN 6602115 AND 6602215
	Index Only Scan using k_3 on sbtest3  (cost=0.43..6.35 rows=96 width=4)
	  Index Cond: ((k >= 6602115) AND (k <= 6602215))

table 4 : explain SELECT k FROM sbtest4 WHERE k BETWEEN 6602115 AND 6602215
	Index Only Scan using k_4 on sbtest4  (cost=0.43..6.47 rows=102 width=4)
	  Index Cond: ((k >= 6602115) AND (k <= 6602215))

table 5 : explain SELECT k FROM sbtest5 WHERE k BETWEEN 6602115 AND 6602215
	Index Only Scan using k_5 on sbtest5  (cost=0.43..6.43 rows=100 width=4)
	  Index Cond: ((k >= 6602115) AND (k <= 6602215))

table 6 : explain SELECT k FROM sbtest6 WHERE k BETWEEN 6602115 AND 6602215
	Index Only Scan using k_6 on sbtest6  (cost=0.43..6.50 rows=103 width=4)
	  Index Cond: ((k >= 6602115) AND (k <= 6602215))

table 7 : explain SELECT k FROM sbtest7 WHERE k BETWEEN 6602115 AND 6602215
	Index Only Scan using k_7 on sbtest7  (cost=0.43..6.42 rows=99 width=4)
	  Index Cond: ((k >= 6602115) AND (k <= 6602215))

table 8 : explain SELECT k FROM sbtest8 WHERE k BETWEEN 6602115 AND 6602215
	Index Only Scan using k_8 on sbtest8  (cost=0.43..6.37 rows=97 width=4)
	  Index Cond: ((k >= 6602115) AND (k <= 6602215))

explain: for range-covered :: explain SELECT k FROM sbtest%d WHERE k BETWEEN 6602115 AND 6602215
for range-covered
table 1 : explain SELECT k FROM sbtest1 WHERE k BETWEEN 6788661 AND 6788761
	Index Only Scan using k_1 on sbtest1  (cost=0.43..6.63 rows=110 width=4)
	  Index Cond: ((k >= 6788661) AND (k <= 6788761))

table 2 : explain SELECT k FROM sbtest2 WHERE k BETWEEN 6788661 AND 6788761
	Index Only Scan using k_2 on sbtest2  (cost=0.43..6.42 rows=99 width=4)
	  Index Cond: ((k >= 6788661) AND (k <= 6788761))

table 3 : explain SELECT k FROM sbtest3 WHERE k BETWEEN 6788661 AND 6788761
	Index Only Scan using k_3 on sbtest3  (cost=0.43..6.47 rows=102 width=4)
	  Index Cond: ((k >= 6788661) AND (k <= 6788761))

table 4 : explain SELECT k FROM sbtest4 WHERE k BETWEEN 6788661 AND 6788761
	Index Only Scan using k_4 on sbtest4  (cost=0.43..6.53 rows=105 width=4)
	  Index Cond: ((k >= 6788661) AND (k <= 6788761))

table 5 : explain SELECT k FROM sbtest5 WHERE k BETWEEN 6788661 AND 6788761
	Index Only Scan using k_5 on sbtest5  (cost=0.43..6.33 rows=95 width=4)
	  Index Cond: ((k >= 6788661) AND (k <= 6788761))

table 6 : explain SELECT k FROM sbtest6 WHERE k BETWEEN 6788661 AND 6788761
	Index Only Scan using k_6 on sbtest6  (cost=0.43..6.47 rows=102 width=4)
	  Index Cond: ((k >= 6788661) AND (k <= 6788761))

table 7 : explain SELECT k FROM sbtest7 WHERE k BETWEEN 6788661 AND 6788761
	Index Only Scan using k_7 on sbtest7  (cost=0.43..6.43 rows=100 width=4)
	  Index Cond: ((k >= 6788661) AND (k <= 6788761))

table 8 : explain SELECT k FROM sbtest8 WHERE k BETWEEN 6788661 AND 6788761
	Index Only Scan using k_8 on sbtest8  (cost=0.43..6.59 rows=108 width=4)
	  Index Cond: ((k >= 6788661) AND (k <= 6788761))

for range-covered
table 1 : explain SELECT k FROM sbtest1 WHERE k BETWEEN 5364958 AND 5365058
	Index Only Scan using k_1 on sbtest1  (cost=0.43..6.66 rows=111 width=4)
	  Index Cond: ((k >= 5364958) AND (k <= 5365058))

table 2 : explain SELECT k FROM sbtest2 WHERE k BETWEEN 5364958 AND 5365058
	Index Only Scan using k_2 on sbtest2  (cost=0.43..6.40 rows=98 width=4)
	  Index Cond: ((k >= 5364958) AND (k <= 5365058))

table 3 : explain SELECT k FROM sbtest3 WHERE k BETWEEN 5364958 AND 5365058
	Index Only Scan using k_3 on sbtest3  (cost=0.43..6.63 rows=110 width=4)
	  Index Cond: ((k >= 5364958) AND (k <= 5365058))

table 4 : explain SELECT k FROM sbtest4 WHERE k BETWEEN 5364958 AND 5365058
	Index Only Scan using k_4 on sbtest4  (cost=0.43..6.59 rows=108 width=4)
	  Index Cond: ((k >= 5364958) AND (k <= 5365058))

table 5 : explain SELECT k FROM sbtest5 WHERE k BETWEEN 5364958 AND 5365058
	Index Only Scan using k_5 on sbtest5  (cost=0.43..6.45 rows=101 width=4)
	  Index Cond: ((k >= 5364958) AND (k <= 5365058))

table 6 : explain SELECT k FROM sbtest6 WHERE k BETWEEN 5364958 AND 5365058
	Index Only Scan using k_6 on sbtest6  (cost=0.43..6.33 rows=95 width=4)
	  Index Cond: ((k >= 5364958) AND (k <= 5365058))

table 7 : explain SELECT k FROM sbtest7 WHERE k BETWEEN 5364958 AND 5365058
	Index Only Scan using k_7 on sbtest7  (cost=0.43..6.66 rows=111 width=4)
	  Index Cond: ((k >= 5364958) AND (k <= 5365058))

table 8 : explain SELECT k FROM sbtest8 WHERE k BETWEEN 5364958 AND 5365058
	Index Only Scan using k_8 on sbtest8  (cost=0.43..6.47 rows=102 width=4)
	  Index Cond: ((k >= 5364958) AND (k <= 5365058))

for range-covered
table 1 : explain SELECT k FROM sbtest1 WHERE k BETWEEN 6533721 AND 6533821
	Index Only Scan using k_1 on sbtest1  (cost=0.43..6.50 rows=103 width=4)
	  Index Cond: ((k >= 6533721) AND (k <= 6533821))

table 2 : explain SELECT k FROM sbtest2 WHERE k BETWEEN 6533721 AND 6533821
	Index Only Scan using k_2 on sbtest2  (cost=0.43..6.45 rows=101 width=4)
	  Index Cond: ((k >= 6533721) AND (k <= 6533821))

table 3 : explain SELECT k FROM sbtest3 WHERE k BETWEEN 6533721 AND 6533821
	Index Only Scan using k_3 on sbtest3  (cost=0.43..6.32 rows=94 width=4)
	  Index Cond: ((k >= 6533721) AND (k <= 6533821))

table 4 : explain SELECT k FROM sbtest4 WHERE k BETWEEN 6533721 AND 6533821
	Index Only Scan using k_4 on sbtest4  (cost=0.43..6.37 rows=97 width=4)
	  Index Cond: ((k >= 6533721) AND (k <= 6533821))

table 5 : explain SELECT k FROM sbtest5 WHERE k BETWEEN 6533721 AND 6533821
	Index Only Scan using k_5 on sbtest5  (cost=0.43..6.43 rows=100 width=4)
	  Index Cond: ((k >= 6533721) AND (k <= 6533821))

table 6 : explain SELECT k FROM sbtest6 WHERE k BETWEEN 6533721 AND 6533821
	Index Only Scan using k_6 on sbtest6  (cost=0.43..6.50 rows=103 width=4)
	  Index Cond: ((k >= 6533721) AND (k <= 6533821))

table 7 : explain SELECT k FROM sbtest7 WHERE k BETWEEN 6533721 AND 6533821
	Index Only Scan using k_7 on sbtest7  (cost=0.43..6.74 rows=115 width=4)
	  Index Cond: ((k >= 6533721) AND (k <= 6533821))

table 8 : explain SELECT k FROM sbtest8 WHERE k BETWEEN 6533721 AND 6533821
	Index Only Scan using k_8 on sbtest8  (cost=0.43..6.37 rows=97 width=4)
	  Index Cond: ((k >= 6533721) AND (k <= 6533821))

explain: for range-covered :: explain SELECT k FROM sbtest%d WHERE k BETWEEN 5364958 AND 5365058
for range-covered
table 1 : explain SELECT k FROM sbtest1 WHERE k BETWEEN 4876529 AND 4876629
	Index Only Scan using k_1 on sbtest1  (cost=0.43..6.67 rows=112 width=4)
	  Index Cond: ((k >= 4876529) AND (k <= 4876629))

table 2 : explain SELECT k FROM sbtest2 WHERE k BETWEEN 4876529 AND 4876629
	Index Only Scan using k_2 on sbtest2  (cost=0.43..6.42 rows=99 width=4)
	  Index Cond: ((k >= 4876529) AND (k <= 4876629))

table 3 : explain SELECT k FROM sbtest3 WHERE k BETWEEN 4876529 AND 4876629
	Index Only Scan using k_3 on sbtest3  (cost=0.43..6.37 rows=97 width=4)
	  Index Cond: ((k >= 4876529) AND (k <= 4876629))

table 4 : explain SELECT k FROM sbtest4 WHERE k BETWEEN 4876529 AND 4876629
	Index Only Scan using k_4 on sbtest4  (cost=0.43..6.40 rows=98 width=4)
	  Index Cond: ((k >= 4876529) AND (k <= 4876629))

table 5 : explain SELECT k FROM sbtest5 WHERE k BETWEEN 4876529 AND 4876629
	Index Only Scan using k_5 on sbtest5  (cost=0.43..6.45 rows=101 width=4)
	  Index Cond: ((k >= 4876529) AND (k <= 4876629))

table 6 : explain SELECT k FROM sbtest6 WHERE k BETWEEN 4876529 AND 4876629
	Index Only Scan using k_6 on sbtest6  (cost=0.43..6.42 rows=99 width=4)
	  Index Cond: ((k >= 4876529) AND (k <= 4876629))

table 7 : explain SELECT k FROM sbtest7 WHERE k BETWEEN 4876529 AND 4876629
	Index Only Scan using k_7 on sbtest7  (cost=0.43..6.45 rows=101 width=4)
	  Index Cond: ((k >= 4876529) AND (k <= 4876629))

table 8 : explain SELECT k FROM sbtest8 WHERE k BETWEEN 4876529 AND 4876629
	Index Only Scan using k_8 on sbtest8  (cost=0.43..6.29 rows=93 width=4)
	  Index Cond: ((k >= 4876529) AND (k <= 4876629))

for range-covered
table 1 : explain SELECT k FROM sbtest1 WHERE k BETWEEN 6589546 AND 6589646
	Index Only Scan using k_1 on sbtest1  (cost=0.43..6.40 rows=98 width=4)
	  Index Cond: ((k >= 6589546) AND (k <= 6589646))

table 2 : explain SELECT k FROM sbtest2 WHERE k BETWEEN 6589546 AND 6589646
	Index Only Scan using k_2 on sbtest2  (cost=0.43..6.45 rows=101 width=4)
	  Index Cond: ((k >= 6589546) AND (k <= 6589646))

table 3 : explain SELECT k FROM sbtest3 WHERE k BETWEEN 6589546 AND 6589646
	Index Only Scan using k_3 on sbtest3  (cost=0.43..6.35 rows=96 width=4)
	  Index Cond: ((k >= 6589546) AND (k <= 6589646))

table 4 : explain SELECT k FROM sbtest4 WHERE k BETWEEN 6589546 AND 6589646
	Index Only Scan using k_4 on sbtest4  (cost=0.43..6.47 rows=102 width=4)
	  Index Cond: ((k >= 6589546) AND (k <= 6589646))

table 5 : explain SELECT k FROM sbtest5 WHERE k BETWEEN 6589546 AND 6589646
	Index Only Scan using k_5 on sbtest5  (cost=0.43..6.43 rows=100 width=4)
	  Index Cond: ((k >= 6589546) AND (k <= 6589646))

table 6 : explain SELECT k FROM sbtest6 WHERE k BETWEEN 6589546 AND 6589646
	Index Only Scan using k_6 on sbtest6  (cost=0.43..6.50 rows=103 width=4)
	  Index Cond: ((k >= 6589546) AND (k <= 6589646))

table 7 : explain SELECT k FROM sbtest7 WHERE k BETWEEN 6589546 AND 6589646
	Index Only Scan using k_7 on sbtest7  (cost=0.43..6.42 rows=99 width=4)
	  Index Cond: ((k >= 6589546) AND (k <= 6589646))

table 8 : explain SELECT k FROM sbtest8 WHERE k BETWEEN 6589546 AND 6589646
	Index Only Scan using k_8 on sbtest8  (cost=0.43..6.37 rows=97 width=4)
	  Index Cond: ((k >= 6589546) AND (k <= 6589646))

explain: for range-covered :: explain SELECT k FROM sbtest%d WHERE k BETWEEN 6533721 AND 6533821
explain: for range-covered :: explain SELECT k FROM sbtest%d WHERE k BETWEEN 6589546 AND 6589646
for range-covered
table 1 : explain SELECT k FROM sbtest1 WHERE k BETWEEN 6602115 AND 6602215
	Index Only Scan using k_1 on sbtest1  (cost=0.43..6.40 rows=98 width=4)
	  Index Cond: ((k >= 6602115) AND (k <= 6602215))

table 2 : explain SELECT k FROM sbtest2 WHERE k BETWEEN 6602115 AND 6602215
	Index Only Scan using k_2 on sbtest2  (cost=0.43..6.42 rows=99 width=4)
	  Index Cond: ((k >= 6602115) AND (k <= 6602215))

table 3 : explain SELECT k FROM sbtest3 WHERE k BETWEEN 6602115 AND 6602215
	Index Only Scan using k_3 on sbtest3  (cost=0.43..6.35 rows=96 width=4)
	  Index Cond: ((k >= 6602115) AND (k <= 6602215))

table 4 : explain SELECT k FROM sbtest4 WHERE k BETWEEN 6602115 AND 6602215
	Index Only Scan using k_4 on sbtest4  (cost=0.43..6.47 rows=102 width=4)
	  Index Cond: ((k >= 6602115) AND (k <= 6602215))

table 5 : explain SELECT k FROM sbtest5 WHERE k BETWEEN 6602115 AND 6602215
	Index Only Scan using k_5 on sbtest5  (cost=0.43..6.43 rows=100 width=4)
	  Index Cond: ((k >= 6602115) AND (k <= 6602215))

table 6 : explain SELECT k FROM sbtest6 WHERE k BETWEEN 6602115 AND 6602215
	Index Only Scan using k_6 on sbtest6  (cost=0.43..6.50 rows=103 width=4)
	  Index Cond: ((k >= 6602115) AND (k <= 6602215))

table 7 : explain SELECT k FROM sbtest7 WHERE k BETWEEN 6602115 AND 6602215
	Index Only Scan using k_7 on sbtest7  (cost=0.43..6.42 rows=99 width=4)
	  Index Cond: ((k >= 6602115) AND (k <= 6602215))

table 8 : explain SELECT k FROM sbtest8 WHERE k BETWEEN 6602115 AND 6602215
	Index Only Scan using k_8 on sbtest8  (cost=0.43..6.37 rows=97 width=4)
	  Index Cond: ((k >= 6602115) AND (k <= 6602215))

explain: for range-covered :: explain SELECT k FROM sbtest%d WHERE k BETWEEN 6602115 AND 6602215
explain: for range-covered :: explain SELECT k FROM sbtest%d WHERE k BETWEEN 8956856 AND 8956956
for range-covered
table 1 : explain SELECT k FROM sbtest1 WHERE k BETWEEN 5364958 AND 5365058
	Index Only Scan using k_1 on sbtest1  (cost=0.43..6.66 rows=111 width=4)
	  Index Cond: ((k >= 5364958) AND (k <= 5365058))

table 2 : explain SELECT k FROM sbtest2 WHERE k BETWEEN 5364958 AND 5365058
	Index Only Scan using k_2 on sbtest2  (cost=0.43..6.40 rows=98 width=4)
	  Index Cond: ((k >= 5364958) AND (k <= 5365058))

table 3 : explain SELECT k FROM sbtest3 WHERE k BETWEEN 5364958 AND 5365058
	Index Only Scan using k_3 on sbtest3  (cost=0.43..6.63 rows=110 width=4)
	  Index Cond: ((k >= 5364958) AND (k <= 5365058))

table 4 : explain SELECT k FROM sbtest4 WHERE k BETWEEN 5364958 AND 5365058
	Index Only Scan using k_4 on sbtest4  (cost=0.43..6.59 rows=108 width=4)
	  Index Cond: ((k >= 5364958) AND (k <= 5365058))

table 5 : explain SELECT k FROM sbtest5 WHERE k BETWEEN 5364958 AND 5365058
	Index Only Scan using k_5 on sbtest5  (cost=0.43..6.45 rows=101 width=4)
	  Index Cond: ((k >= 5364958) AND (k <= 5365058))

table 6 : explain SELECT k FROM sbtest6 WHERE k BETWEEN 5364958 AND 5365058
	Index Only Scan using k_6 on sbtest6  (cost=0.43..6.33 rows=95 width=4)
	  Index Cond: ((k >= 5364958) AND (k <= 5365058))

table 7 : explain SELECT k FROM sbtest7 WHERE k BETWEEN 5364958 AND 5365058
	Index Only Scan using k_7 on sbtest7  (cost=0.43..6.66 rows=111 width=4)
	  Index Cond: ((k >= 5364958) AND (k <= 5365058))

table 8 : explain SELECT k FROM sbtest8 WHERE k BETWEEN 5364958 AND 5365058
	Index Only Scan using k_8 on sbtest8  (cost=0.43..6.47 rows=102 width=4)
	  Index Cond: ((k >= 5364958) AND (k <= 5365058))

explain: for range-covered :: explain SELECT k FROM sbtest%d WHERE k BETWEEN 5364958 AND 5365058
for range-covered
table 1 : explain SELECT k FROM sbtest1 WHERE k BETWEEN 6533721 AND 6533821
	Index Only Scan using k_1 on sbtest1  (cost=0.43..6.50 rows=103 width=4)
	  Index Cond: ((k >= 6533721) AND (k <= 6533821))

table 2 : explain SELECT k FROM sbtest2 WHERE k BETWEEN 6533721 AND 6533821
	Index Only Scan using k_2 on sbtest2  (cost=0.43..6.45 rows=101 width=4)
	  Index Cond: ((k >= 6533721) AND (k <= 6533821))

table 3 : explain SELECT k FROM sbtest3 WHERE k BETWEEN 6533721 AND 6533821
	Index Only Scan using k_3 on sbtest3  (cost=0.43..6.32 rows=94 width=4)
	  Index Cond: ((k >= 6533721) AND (k <= 6533821))

table 4 : explain SELECT k FROM sbtest4 WHERE k BETWEEN 6533721 AND 6533821
	Index Only Scan using k_4 on sbtest4  (cost=0.43..6.37 rows=97 width=4)
	  Index Cond: ((k >= 6533721) AND (k <= 6533821))

table 5 : explain SELECT k FROM sbtest5 WHERE k BETWEEN 6533721 AND 6533821
	Index Only Scan using k_5 on sbtest5  (cost=0.43..6.43 rows=100 width=4)
	  Index Cond: ((k >= 6533721) AND (k <= 6533821))

table 6 : explain SELECT k FROM sbtest6 WHERE k BETWEEN 6533721 AND 6533821
	Index Only Scan using k_6 on sbtest6  (cost=0.43..6.50 rows=103 width=4)
	  Index Cond: ((k >= 6533721) AND (k <= 6533821))

table 7 : explain SELECT k FROM sbtest7 WHERE k BETWEEN 6533721 AND 6533821
	Index Only Scan using k_7 on sbtest7  (cost=0.43..6.74 rows=115 width=4)
	  Index Cond: ((k >= 6533721) AND (k <= 6533821))

table 8 : explain SELECT k FROM sbtest8 WHERE k BETWEEN 6533721 AND 6533821
	Index Only Scan using k_8 on sbtest8  (cost=0.43..6.37 rows=97 width=4)
	  Index Cond: ((k >= 6533721) AND (k <= 6533821))

explain: for range-covered :: explain SELECT k FROM sbtest%d WHERE k BETWEEN 6533721 AND 6533821
for range-covered
table 1 : explain SELECT k FROM sbtest1 WHERE k BETWEEN 3417467 AND 3417567
	Index Only Scan using k_1 on sbtest1  (cost=0.43..6.74 rows=115 width=4)
	  Index Cond: ((k >= 3417467) AND (k <= 3417567))

table 2 : explain SELECT k FROM sbtest2 WHERE k BETWEEN 3417467 AND 3417567
	Index Only Scan using k_2 on sbtest2  (cost=0.43..6.47 rows=102 width=4)
	  Index Cond: ((k >= 3417467) AND (k <= 3417567))

table 3 : explain SELECT k FROM sbtest3 WHERE k BETWEEN 3417467 AND 3417567
	Index Only Scan using k_3 on sbtest3  (cost=0.43..6.59 rows=108 width=4)
	  Index Cond: ((k >= 3417467) AND (k <= 3417567))

table 4 : explain SELECT k FROM sbtest4 WHERE k BETWEEN 3417467 AND 3417567
	Index Only Scan using k_4 on sbtest4  (cost=0.43..6.43 rows=100 width=4)
	  Index Cond: ((k >= 3417467) AND (k <= 3417567))

table 5 : explain SELECT k FROM sbtest5 WHERE k BETWEEN 3417467 AND 3417567
	Index Only Scan using k_5 on sbtest5  (cost=0.43..6.47 rows=102 width=4)
	  Index Cond: ((k >= 3417467) AND (k <= 3417567))

table 6 : explain SELECT k FROM sbtest6 WHERE k BETWEEN 3417467 AND 3417567
	Index Only Scan using k_6 on sbtest6  (cost=0.43..6.33 rows=95 width=4)
	  Index Cond: ((k >= 3417467) AND (k <= 3417567))

table 7 : explain SELECT k FROM sbtest7 WHERE k BETWEEN 3417467 AND 3417567
	Index Only Scan using k_7 on sbtest7  (cost=0.43..6.50 rows=103 width=4)
	  Index Cond: ((k >= 3417467) AND (k <= 3417567))

table 8 : explain SELECT k FROM sbtest8 WHERE k BETWEEN 3417467 AND 3417567
	Index Only Scan using k_8 on sbtest8  (cost=0.43..6.27 rows=92 width=4)
	  Index Cond: ((k >= 3417467) AND (k <= 3417567))

explain: for range-covered :: explain SELECT k FROM sbtest%d WHERE k BETWEEN 7149265 AND 7149365
explain: for range-covered :: explain SELECT k FROM sbtest%d WHERE k BETWEEN 3417467 AND 3417567
explain: for range-covered :: explain SELECT k FROM sbtest%d WHERE k BETWEEN 1801866 AND 1801966
for range-covered
table 1 : explain SELECT k FROM sbtest1 WHERE k BETWEEN 6602115 AND 6602215
	Index Only Scan using k_1 on sbtest1  (cost=0.43..6.40 rows=98 width=4)
	  Index Cond: ((k >= 6602115) AND (k <= 6602215))

table 2 : explain SELECT k FROM sbtest2 WHERE k BETWEEN 6602115 AND 6602215
	Index Only Scan using k_2 on sbtest2  (cost=0.43..6.42 rows=99 width=4)
	  Index Cond: ((k >= 6602115) AND (k <= 6602215))

table 3 : explain SELECT k FROM sbtest3 WHERE k BETWEEN 6602115 AND 6602215
	Index Only Scan using k_3 on sbtest3  (cost=0.43..6.35 rows=96 width=4)
	  Index Cond: ((k >= 6602115) AND (k <= 6602215))

table 4 : explain SELECT k FROM sbtest4 WHERE k BETWEEN 6602115 AND 6602215
	Index Only Scan using k_4 on sbtest4  (cost=0.43..6.47 rows=102 width=4)
	  Index Cond: ((k >= 6602115) AND (k <= 6602215))

table 5 : explain SELECT k FROM sbtest5 WHERE k BETWEEN 6602115 AND 6602215
	Index Only Scan using k_5 on sbtest5  (cost=0.43..6.43 rows=100 width=4)
	  Index Cond: ((k >= 6602115) AND (k <= 6602215))

table 6 : explain SELECT k FROM sbtest6 WHERE k BETWEEN 6602115 AND 6602215
	Index Only Scan using k_6 on sbtest6  (cost=0.43..6.50 rows=103 width=4)
	  Index Cond: ((k >= 6602115) AND (k <= 6602215))

table 7 : explain SELECT k FROM sbtest7 WHERE k BETWEEN 6602115 AND 6602215
	Index Only Scan using k_7 on sbtest7  (cost=0.43..6.42 rows=99 width=4)
	  Index Cond: ((k >= 6602115) AND (k <= 6602215))

table 8 : explain SELECT k FROM sbtest8 WHERE k BETWEEN 6602115 AND 6602215
	Index Only Scan using k_8 on sbtest8  (cost=0.43..6.37 rows=97 width=4)
	  Index Cond: ((k >= 6602115) AND (k <= 6602215))

explain: for range-covered :: explain SELECT k FROM sbtest%d WHERE k BETWEEN 6602115 AND 6602215
for range-covered
table 1 : explain SELECT k FROM sbtest1 WHERE k BETWEEN 6589546 AND 6589646
	Index Only Scan using k_1 on sbtest1  (cost=0.43..6.40 rows=98 width=4)
	  Index Cond: ((k >= 6589546) AND (k <= 6589646))

table 2 : explain SELECT k FROM sbtest2 WHERE k BETWEEN 6589546 AND 6589646
	Index Only Scan using k_2 on sbtest2  (cost=0.43..6.45 rows=101 width=4)
	  Index Cond: ((k >= 6589546) AND (k <= 6589646))

table 3 : explain SELECT k FROM sbtest3 WHERE k BETWEEN 6589546 AND 6589646
	Index Only Scan using k_3 on sbtest3  (cost=0.43..6.35 rows=96 width=4)
	  Index Cond: ((k >= 6589546) AND (k <= 6589646))

table 4 : explain SELECT k FROM sbtest4 WHERE k BETWEEN 6589546 AND 6589646
	Index Only Scan using k_4 on sbtest4  (cost=0.43..6.47 rows=102 width=4)
	  Index Cond: ((k >= 6589546) AND (k <= 6589646))

table 5 : explain SELECT k FROM sbtest5 WHERE k BETWEEN 6589546 AND 6589646
	Index Only Scan using k_5 on sbtest5  (cost=0.43..6.43 rows=100 width=4)
	  Index Cond: ((k >= 6589546) AND (k <= 6589646))

table 6 : explain SELECT k FROM sbtest6 WHERE k BETWEEN 6589546 AND 6589646
	Index Only Scan using k_6 on sbtest6  (cost=0.43..6.50 rows=103 width=4)
	  Index Cond: ((k >= 6589546) AND (k <= 6589646))

table 7 : explain SELECT k FROM sbtest7 WHERE k BETWEEN 6589546 AND 6589646
	Index Only Scan using k_7 on sbtest7  (cost=0.43..6.42 rows=99 width=4)
	  Index Cond: ((k >= 6589546) AND (k <= 6589646))

table 8 : explain SELECT k FROM sbtest8 WHERE k BETWEEN 6589546 AND 6589646
	Index Only Scan using k_8 on sbtest8  (cost=0.43..6.37 rows=97 width=4)
	  Index Cond: ((k >= 6589546) AND (k <= 6589646))

explain: for range-covered :: explain SELECT k FROM sbtest%d WHERE k BETWEEN 6589546 AND 6589646
for range-covered
table 1 : explain SELECT k FROM sbtest1 WHERE k BETWEEN 6533721 AND 6533821
	Index Only Scan using k_1 on sbtest1  (cost=0.43..6.50 rows=103 width=4)
	  Index Cond: ((k >= 6533721) AND (k <= 6533821))

table 2 : explain SELECT k FROM sbtest2 WHERE k BETWEEN 6533721 AND 6533821
	Index Only Scan using k_2 on sbtest2  (cost=0.43..6.45 rows=101 width=4)
	  Index Cond: ((k >= 6533721) AND (k <= 6533821))

table 3 : explain SELECT k FROM sbtest3 WHERE k BETWEEN 6533721 AND 6533821
	Index Only Scan using k_3 on sbtest3  (cost=0.43..6.32 rows=94 width=4)
	  Index Cond: ((k >= 6533721) AND (k <= 6533821))

table 4 : explain SELECT k FROM sbtest4 WHERE k BETWEEN 6533721 AND 6533821
	Index Only Scan using k_4 on sbtest4  (cost=0.43..6.37 rows=97 width=4)
	  Index Cond: ((k >= 6533721) AND (k <= 6533821))

table 5 : explain SELECT k FROM sbtest5 WHERE k BETWEEN 6533721 AND 6533821
	Index Only Scan using k_5 on sbtest5  (cost=0.43..6.43 rows=100 width=4)
	  Index Cond: ((k >= 6533721) AND (k <= 6533821))

table 6 : explain SELECT k FROM sbtest6 WHERE k BETWEEN 6533721 AND 6533821
	Index Only Scan using k_6 on sbtest6  (cost=0.43..6.50 rows=103 width=4)
	  Index Cond: ((k >= 6533721) AND (k <= 6533821))

table 7 : explain SELECT k FROM sbtest7 WHERE k BETWEEN 6533721 AND 6533821
	Index Only Scan using k_7 on sbtest7  (cost=0.43..6.74 rows=115 width=4)
	  Index Cond: ((k >= 6533721) AND (k <= 6533821))

table 8 : explain SELECT k FROM sbtest8 WHERE k BETWEEN 6533721 AND 6533821
	Index Only Scan using k_8 on sbtest8  (cost=0.43..6.37 rows=97 width=4)
	  Index Cond: ((k >= 6533721) AND (k <= 6533821))

for range-covered
table 1 : explain SELECT k FROM sbtest1 WHERE k BETWEEN 3417467 AND 3417567
	Index Only Scan using k_1 on sbtest1  (cost=0.43..6.74 rows=115 width=4)
	  Index Cond: ((k >= 3417467) AND (k <= 3417567))

table 2 : explain SELECT k FROM sbtest2 WHERE k BETWEEN 3417467 AND 3417567
	Index Only Scan using k_2 on sbtest2  (cost=0.43..6.47 rows=102 width=4)
	  Index Cond: ((k >= 3417467) AND (k <= 3417567))

table 3 : explain SELECT k FROM sbtest3 WHERE k BETWEEN 3417467 AND 3417567
	Index Only Scan using k_3 on sbtest3  (cost=0.43..6.59 rows=108 width=4)
	  Index Cond: ((k >= 3417467) AND (k <= 3417567))

table 4 : explain SELECT k FROM sbtest4 WHERE k BETWEEN 3417467 AND 3417567
	Index Only Scan using k_4 on sbtest4  (cost=0.43..6.43 rows=100 width=4)
	  Index Cond: ((k >= 3417467) AND (k <= 3417567))

table 5 : explain SELECT k FROM sbtest5 WHERE k BETWEEN 3417467 AND 3417567
	Index Only Scan using k_5 on sbtest5  (cost=0.43..6.47 rows=102 width=4)
	  Index Cond: ((k >= 3417467) AND (k <= 3417567))

table 6 : explain SELECT k FROM sbtest6 WHERE k BETWEEN 3417467 AND 3417567
	Index Only Scan using k_6 on sbtest6  (cost=0.43..6.33 rows=95 width=4)
	  Index Cond: ((k >= 3417467) AND (k <= 3417567))

table 7 : explain SELECT k FROM sbtest7 WHERE k BETWEEN 3417467 AND 3417567
	Index Only Scan using k_7 on sbtest7  (cost=0.43..6.50 rows=103 width=4)
	  Index Cond: ((k >= 3417467) AND (k <= 3417567))

table 8 : explain SELECT k FROM sbtest8 WHERE k BETWEEN 3417467 AND 3417567
	Index Only Scan using k_8 on sbtest8  (cost=0.43..6.27 rows=92 width=4)
	  Index Cond: ((k >= 3417467) AND (k <= 3417567))

for range-covered
table 1 : explain SELECT k FROM sbtest1 WHERE k BETWEEN 6433242 AND 6433342
	Index Only Scan using k_1 on sbtest1  (cost=0.43..6.45 rows=101 width=4)
	  Index Cond: ((k >= 6433242) AND (k <= 6433342))

table 2 : explain SELECT k FROM sbtest2 WHERE k BETWEEN 6433242 AND 6433342
	Index Only Scan using k_2 on sbtest2  (cost=0.43..6.29 rows=93 width=4)
	  Index Cond: ((k >= 6433242) AND (k <= 6433342))

table 3 : explain SELECT k FROM sbtest3 WHERE k BETWEEN 6433242 AND 6433342
	Index Only Scan using k_3 on sbtest3  (cost=0.43..6.63 rows=110 width=4)
	  Index Cond: ((k >= 6433242) AND (k <= 6433342))

table 4 : explain SELECT k FROM sbtest4 WHERE k BETWEEN 6433242 AND 6433342
	Index Only Scan using k_4 on sbtest4  (cost=0.43..6.40 rows=98 width=4)
	  Index Cond: ((k >= 6433242) AND (k <= 6433342))

table 5 : explain SELECT k FROM sbtest5 WHERE k BETWEEN 6433242 AND 6433342
	Index Only Scan using k_5 on sbtest5  (cost=0.43..6.37 rows=97 width=4)
	  Index Cond: ((k >= 6433242) AND (k <= 6433342))

table 6 : explain SELECT k FROM sbtest6 WHERE k BETWEEN 6433242 AND 6433342
	Index Only Scan using k_6 on sbtest6  (cost=0.43..6.43 rows=100 width=4)
	  Index Cond: ((k >= 6433242) AND (k <= 6433342))

table 7 : explain SELECT k FROM sbtest7 WHERE k BETWEEN 6433242 AND 6433342
	Index Only Scan using k_7 on sbtest7  (cost=0.43..6.50 rows=103 width=4)
	  Index Cond: ((k >= 6433242) AND (k <= 6433342))

table 8 : explain SELECT k FROM sbtest8 WHERE k BETWEEN 6433242 AND 6433342
	Index Only Scan using k_8 on sbtest8  (cost=0.43..6.27 rows=92 width=4)
	  Index Cond: ((k >= 6433242) AND (k <= 6433342))

for range-covered
table 1 : explain SELECT k FROM sbtest1 WHERE k BETWEEN 6602115 AND 6602215
	Index Only Scan using k_1 on sbtest1  (cost=0.43..6.40 rows=98 width=4)
	  Index Cond: ((k >= 6602115) AND (k <= 6602215))

table 2 : explain SELECT k FROM sbtest2 WHERE k BETWEEN 6602115 AND 6602215
	Index Only Scan using k_2 on sbtest2  (cost=0.43..6.42 rows=99 width=4)
	  Index Cond: ((k >= 6602115) AND (k <= 6602215))

table 3 : explain SELECT k FROM sbtest3 WHERE k BETWEEN 6602115 AND 6602215
	Index Only Scan using k_3 on sbtest3  (cost=0.43..6.35 rows=96 width=4)
	  Index Cond: ((k >= 6602115) AND (k <= 6602215))

table 4 : explain SELECT k FROM sbtest4 WHERE k BETWEEN 6602115 AND 6602215
	Index Only Scan using k_4 on sbtest4  (cost=0.43..6.47 rows=102 width=4)
	  Index Cond: ((k >= 6602115) AND (k <= 6602215))

table 5 : explain SELECT k FROM sbtest5 WHERE k BETWEEN 6602115 AND 6602215
	Index Only Scan using k_5 on sbtest5  (cost=0.43..6.43 rows=100 width=4)
	  Index Cond: ((k >= 6602115) AND (k <= 6602215))

table 6 : explain SELECT k FROM sbtest6 WHERE k BETWEEN 6602115 AND 6602215
	Index Only Scan using k_6 on sbtest6  (cost=0.43..6.50 rows=103 width=4)
	  Index Cond: ((k >= 6602115) AND (k <= 6602215))

table 7 : explain SELECT k FROM sbtest7 WHERE k BETWEEN 6602115 AND 6602215
	Index Only Scan using k_7 on sbtest7  (cost=0.43..6.42 rows=99 width=4)
	  Index Cond: ((k >= 6602115) AND (k <= 6602215))

table 8 : explain SELECT k FROM sbtest8 WHERE k BETWEEN 6602115 AND 6602215
	Index Only Scan using k_8 on sbtest8  (cost=0.43..6.37 rows=97 width=4)
	  Index Cond: ((k >= 6602115) AND (k <= 6602215))

explain: for range-covered :: explain SELECT k FROM sbtest%d WHERE k BETWEEN 3417467 AND 3417567
explain: for range-covered :: explain SELECT k FROM sbtest%d WHERE k BETWEEN 6602115 AND 6602215
explain: for range-covered :: explain SELECT k FROM sbtest%d WHERE k BETWEEN 6433242 AND 6433342
explain: for range-covered :: explain SELECT k FROM sbtest%d WHERE k BETWEEN 7405856 AND 7405956
explain: for range-covered :: explain SELECT k FROM sbtest%d WHERE k BETWEEN 6893393 AND 6893493
for range-covered
table 1 : explain SELECT k FROM sbtest1 WHERE k BETWEEN 3417467 AND 3417567
	Index Only Scan using k_1 on sbtest1  (cost=0.43..6.74 rows=115 width=4)
	  Index Cond: ((k >= 3417467) AND (k <= 3417567))

table 2 : explain SELECT k FROM sbtest2 WHERE k BETWEEN 3417467 AND 3417567
	Index Only Scan using k_2 on sbtest2  (cost=0.43..6.47 rows=102 width=4)
	  Index Cond: ((k >= 3417467) AND (k <= 3417567))

table 3 : explain SELECT k FROM sbtest3 WHERE k BETWEEN 3417467 AND 3417567
	Index Only Scan using k_3 on sbtest3  (cost=0.43..6.59 rows=108 width=4)
	  Index Cond: ((k >= 3417467) AND (k <= 3417567))

table 4 : explain SELECT k FROM sbtest4 WHERE k BETWEEN 3417467 AND 3417567
	Index Only Scan using k_4 on sbtest4  (cost=0.43..6.43 rows=100 width=4)
	  Index Cond: ((k >= 3417467) AND (k <= 3417567))

table 5 : explain SELECT k FROM sbtest5 WHERE k BETWEEN 3417467 AND 3417567
	Index Only Scan using k_5 on sbtest5  (cost=0.43..6.47 rows=102 width=4)
	  Index Cond: ((k >= 3417467) AND (k <= 3417567))

table 6 : explain SELECT k FROM sbtest6 WHERE k BETWEEN 3417467 AND 3417567
	Index Only Scan using k_6 on sbtest6  (cost=0.43..6.33 rows=95 width=4)
	  Index Cond: ((k >= 3417467) AND (k <= 3417567))

table 7 : explain SELECT k FROM sbtest7 WHERE k BETWEEN 3417467 AND 3417567
	Index Only Scan using k_7 on sbtest7  (cost=0.43..6.50 rows=103 width=4)
	  Index Cond: ((k >= 3417467) AND (k <= 3417567))

table 8 : explain SELECT k FROM sbtest8 WHERE k BETWEEN 3417467 AND 3417567
	Index Only Scan using k_8 on sbtest8  (cost=0.43..6.27 rows=92 width=4)
	  Index Cond: ((k >= 3417467) AND (k <= 3417567))

for range-covered
table 1 : explain SELECT k FROM sbtest1 WHERE k BETWEEN 6602115 AND 6602215
	Index Only Scan using k_1 on sbtest1  (cost=0.43..6.40 rows=98 width=4)
	  Index Cond: ((k >= 6602115) AND (k <= 6602215))

table 2 : explain SELECT k FROM sbtest2 WHERE k BETWEEN 6602115 AND 6602215
	Index Only Scan using k_2 on sbtest2  (cost=0.43..6.42 rows=99 width=4)
	  Index Cond: ((k >= 6602115) AND (k <= 6602215))

table 3 : explain SELECT k FROM sbtest3 WHERE k BETWEEN 6602115 AND 6602215
	Index Only Scan using k_3 on sbtest3  (cost=0.43..6.35 rows=96 width=4)
	  Index Cond: ((k >= 6602115) AND (k <= 6602215))

table 4 : explain SELECT k FROM sbtest4 WHERE k BETWEEN 6602115 AND 6602215
	Index Only Scan using k_4 on sbtest4  (cost=0.43..6.47 rows=102 width=4)
	  Index Cond: ((k >= 6602115) AND (k <= 6602215))

table 5 : explain SELECT k FROM sbtest5 WHERE k BETWEEN 6602115 AND 6602215
	Index Only Scan using k_5 on sbtest5  (cost=0.43..6.43 rows=100 width=4)
	  Index Cond: ((k >= 6602115) AND (k <= 6602215))

table 6 : explain SELECT k FROM sbtest6 WHERE k BETWEEN 6602115 AND 6602215
	Index Only Scan using k_6 on sbtest6  (cost=0.43..6.50 rows=103 width=4)
	  Index Cond: ((k >= 6602115) AND (k <= 6602215))

table 7 : explain SELECT k FROM sbtest7 WHERE k BETWEEN 6602115 AND 6602215
	Index Only Scan using k_7 on sbtest7  (cost=0.43..6.42 rows=99 width=4)
	  Index Cond: ((k >= 6602115) AND (k <= 6602215))

table 8 : explain SELECT k FROM sbtest8 WHERE k BETWEEN 6602115 AND 6602215
	Index Only Scan using k_8 on sbtest8  (cost=0.43..6.37 rows=97 width=4)
	  Index Cond: ((k >= 6602115) AND (k <= 6602215))

explain: for range-covered :: explain SELECT k FROM sbtest%d WHERE k BETWEEN 3417467 AND 3417567
for range-covered
table 1 : explain SELECT k FROM sbtest1 WHERE k BETWEEN 5364958 AND 5365058
	Index Only Scan using k_1 on sbtest1  (cost=0.43..6.66 rows=111 width=4)
	  Index Cond: ((k >= 5364958) AND (k <= 5365058))

table 2 : explain SELECT k FROM sbtest2 WHERE k BETWEEN 5364958 AND 5365058
	Index Only Scan using k_2 on sbtest2  (cost=0.43..6.40 rows=98 width=4)
	  Index Cond: ((k >= 5364958) AND (k <= 5365058))

table 3 : explain SELECT k FROM sbtest3 WHERE k BETWEEN 5364958 AND 5365058
	Index Only Scan using k_3 on sbtest3  (cost=0.43..6.63 rows=110 width=4)
	  Index Cond: ((k >= 5364958) AND (k <= 5365058))

table 4 : explain SELECT k FROM sbtest4 WHERE k BETWEEN 5364958 AND 5365058
	Index Only Scan using k_4 on sbtest4  (cost=0.43..6.59 rows=108 width=4)
	  Index Cond: ((k >= 5364958) AND (k <= 5365058))

table 5 : explain SELECT k FROM sbtest5 WHERE k BETWEEN 5364958 AND 5365058
	Index Only Scan using k_5 on sbtest5  (cost=0.43..6.45 rows=101 width=4)
	  Index Cond: ((k >= 5364958) AND (k <= 5365058))

table 6 : explain SELECT k FROM sbtest6 WHERE k BETWEEN 5364958 AND 5365058
	Index Only Scan using k_6 on sbtest6  (cost=0.43..6.33 rows=95 width=4)
	  Index Cond: ((k >= 5364958) AND (k <= 5365058))

table 7 : explain SELECT k FROM sbtest7 WHERE k BETWEEN 5364958 AND 5365058
	Index Only Scan using k_7 on sbtest7  (cost=0.43..6.66 rows=111 width=4)
	  Index Cond: ((k >= 5364958) AND (k <= 5365058))

table 8 : explain SELECT k FROM sbtest8 WHERE k BETWEEN 5364958 AND 5365058
	Index Only Scan using k_8 on sbtest8  (cost=0.43..6.47 rows=102 width=4)
	  Index Cond: ((k >= 5364958) AND (k <= 5365058))

for range-covered
table 1 : explain SELECT k FROM sbtest1 WHERE k BETWEEN 6433242 AND 6433342
	Index Only Scan using k_1 on sbtest1  (cost=0.43..6.45 rows=101 width=4)
	  Index Cond: ((k >= 6433242) AND (k <= 6433342))

table 2 : explain SELECT k FROM sbtest2 WHERE k BETWEEN 6433242 AND 6433342
	Index Only Scan using k_2 on sbtest2  (cost=0.43..6.29 rows=93 width=4)
	  Index Cond: ((k >= 6433242) AND (k <= 6433342))

table 3 : explain SELECT k FROM sbtest3 WHERE k BETWEEN 6433242 AND 6433342
	Index Only Scan using k_3 on sbtest3  (cost=0.43..6.63 rows=110 width=4)
	  Index Cond: ((k >= 6433242) AND (k <= 6433342))

table 4 : explain SELECT k FROM sbtest4 WHERE k BETWEEN 6433242 AND 6433342
	Index Only Scan using k_4 on sbtest4  (cost=0.43..6.40 rows=98 width=4)
	  Index Cond: ((k >= 6433242) AND (k <= 6433342))

table 5 : explain SELECT k FROM sbtest5 WHERE k BETWEEN 6433242 AND 6433342
	Index Only Scan using k_5 on sbtest5  (cost=0.43..6.37 rows=97 width=4)
	  Index Cond: ((k >= 6433242) AND (k <= 6433342))

table 6 : explain SELECT k FROM sbtest6 WHERE k BETWEEN 6433242 AND 6433342
	Index Only Scan using k_6 on sbtest6  (cost=0.43..6.43 rows=100 width=4)
	  Index Cond: ((k >= 6433242) AND (k <= 6433342))

table 7 : explain SELECT k FROM sbtest7 WHERE k BETWEEN 6433242 AND 6433342
	Index Only Scan using k_7 on sbtest7  (cost=0.43..6.50 rows=103 width=4)
	  Index Cond: ((k >= 6433242) AND (k <= 6433342))

table 8 : explain SELECT k FROM sbtest8 WHERE k BETWEEN 6433242 AND 6433342
	Index Only Scan using k_8 on sbtest8  (cost=0.43..6.27 rows=92 width=4)
	  Index Cond: ((k >= 6433242) AND (k <= 6433342))

for range-covered
table 1 : explain SELECT k FROM sbtest1 WHERE k BETWEEN 6589546 AND 6589646
	Index Only Scan using k_1 on sbtest1  (cost=0.43..6.40 rows=98 width=4)
	  Index Cond: ((k >= 6589546) AND (k <= 6589646))

table 2 : explain SELECT k FROM sbtest2 WHERE k BETWEEN 6589546 AND 6589646
	Index Only Scan using k_2 on sbtest2  (cost=0.43..6.45 rows=101 width=4)
	  Index Cond: ((k >= 6589546) AND (k <= 6589646))

table 3 : explain SELECT k FROM sbtest3 WHERE k BETWEEN 6589546 AND 6589646
	Index Only Scan using k_3 on sbtest3  (cost=0.43..6.35 rows=96 width=4)
	  Index Cond: ((k >= 6589546) AND (k <= 6589646))

table 4 : explain SELECT k FROM sbtest4 WHERE k BETWEEN 6589546 AND 6589646
	Index Only Scan using k_4 on sbtest4  (cost=0.43..6.47 rows=102 width=4)
	  Index Cond: ((k >= 6589546) AND (k <= 6589646))

table 5 : explain SELECT k FROM sbtest5 WHERE k BETWEEN 6589546 AND 6589646
	Index Only Scan using k_5 on sbtest5  (cost=0.43..6.43 rows=100 width=4)
	  Index Cond: ((k >= 6589546) AND (k <= 6589646))

table 6 : explain SELECT k FROM sbtest6 WHERE k BETWEEN 6589546 AND 6589646
	Index Only Scan using k_6 on sbtest6  (cost=0.43..6.50 rows=103 width=4)
	  Index Cond: ((k >= 6589546) AND (k <= 6589646))

table 7 : explain SELECT k FROM sbtest7 WHERE k BETWEEN 6589546 AND 6589646
	Index Only Scan using k_7 on sbtest7  (cost=0.43..6.42 rows=99 width=4)
	  Index Cond: ((k >= 6589546) AND (k <= 6589646))

table 8 : explain SELECT k FROM sbtest8 WHERE k BETWEEN 6589546 AND 6589646
	Index Only Scan using k_8 on sbtest8  (cost=0.43..6.37 rows=97 width=4)
	  Index Cond: ((k >= 6589546) AND (k <= 6589646))

explain: for range-covered :: explain SELECT k FROM sbtest%d WHERE k BETWEEN 6433242 AND 6433342
explain: for range-covered :: explain SELECT k FROM sbtest%d WHERE k BETWEEN 6589546 AND 6589646
explain: for range-covered :: explain SELECT k FROM sbtest%d WHERE k BETWEEN 5364958 AND 5365058
for range-covered
table 1 : explain SELECT k FROM sbtest1 WHERE k BETWEEN 4045346 AND 4045446
	Index Only Scan using k_1 on sbtest1  (cost=0.43..6.53 rows=105 width=4)
	  Index Cond: ((k >= 4045346) AND (k <= 4045446))

table 2 : explain SELECT k FROM sbtest2 WHERE k BETWEEN 4045346 AND 4045446
	Index Only Scan using k_2 on sbtest2  (cost=0.43..6.58 rows=107 width=4)
	  Index Cond: ((k >= 4045346) AND (k <= 4045446))

table 3 : explain SELECT k FROM sbtest3 WHERE k BETWEEN 4045346 AND 4045446
	Index Only Scan using k_3 on sbtest3  (cost=0.43..6.50 rows=103 width=4)
	  Index Cond: ((k >= 4045346) AND (k <= 4045446))

table 4 : explain SELECT k FROM sbtest4 WHERE k BETWEEN 4045346 AND 4045446
	Index Only Scan using k_4 on sbtest4  (cost=0.43..6.59 rows=108 width=4)
	  Index Cond: ((k >= 4045346) AND (k <= 4045446))

table 5 : explain SELECT k FROM sbtest5 WHERE k BETWEEN 4045346 AND 4045446
	Index Only Scan using k_5 on sbtest5  (cost=0.43..6.67 rows=112 width=4)
	  Index Cond: ((k >= 4045346) AND (k <= 4045446))

table 6 : explain SELECT k FROM sbtest6 WHERE k BETWEEN 4045346 AND 4045446
	Index Only Scan using k_6 on sbtest6  (cost=0.43..6.50 rows=103 width=4)
	  Index Cond: ((k >= 4045346) AND (k <= 4045446))

table 7 : explain SELECT k FROM sbtest7 WHERE k BETWEEN 4045346 AND 4045446
	Index Only Scan using k_7 on sbtest7  (cost=0.43..6.50 rows=103 width=4)
	  Index Cond: ((k >= 4045346) AND (k <= 4045446))

table 8 : explain SELECT k FROM sbtest8 WHERE k BETWEEN 4045346 AND 4045446
	Index Only Scan using k_8 on sbtest8  (cost=0.43..6.33 rows=95 width=4)
	  Index Cond: ((k >= 4045346) AND (k <= 4045446))

for range-covered
table 1 : explain SELECT k FROM sbtest1 WHERE k BETWEEN 3417467 AND 3417567
	Index Only Scan using k_1 on sbtest1  (cost=0.43..6.74 rows=115 width=4)
	  Index Cond: ((k >= 3417467) AND (k <= 3417567))

table 2 : explain SELECT k FROM sbtest2 WHERE k BETWEEN 3417467 AND 3417567
	Index Only Scan using k_2 on sbtest2  (cost=0.43..6.47 rows=102 width=4)
	  Index Cond: ((k >= 3417467) AND (k <= 3417567))

table 3 : explain SELECT k FROM sbtest3 WHERE k BETWEEN 3417467 AND 3417567
	Index Only Scan using k_3 on sbtest3  (cost=0.43..6.59 rows=108 width=4)
	  Index Cond: ((k >= 3417467) AND (k <= 3417567))

table 4 : explain SELECT k FROM sbtest4 WHERE k BETWEEN 3417467 AND 3417567
	Index Only Scan using k_4 on sbtest4  (cost=0.43..6.43 rows=100 width=4)
	  Index Cond: ((k >= 3417467) AND (k <= 3417567))

table 5 : explain SELECT k FROM sbtest5 WHERE k BETWEEN 3417467 AND 3417567
	Index Only Scan using k_5 on sbtest5  (cost=0.43..6.47 rows=102 width=4)
	  Index Cond: ((k >= 3417467) AND (k <= 3417567))

table 6 : explain SELECT k FROM sbtest6 WHERE k BETWEEN 3417467 AND 3417567
	Index Only Scan using k_6 on sbtest6  (cost=0.43..6.33 rows=95 width=4)
	  Index Cond: ((k >= 3417467) AND (k <= 3417567))

table 7 : explain SELECT k FROM sbtest7 WHERE k BETWEEN 3417467 AND 3417567
	Index Only Scan using k_7 on sbtest7  (cost=0.43..6.50 rows=103 width=4)
	  Index Cond: ((k >= 3417467) AND (k <= 3417567))

table 8 : explain SELECT k FROM sbtest8 WHERE k BETWEEN 3417467 AND 3417567
	Index Only Scan using k_8 on sbtest8  (cost=0.43..6.27 rows=92 width=4)
	  Index Cond: ((k >= 3417467) AND (k <= 3417567))

explain: for range-covered :: explain SELECT k FROM sbtest%d WHERE k BETWEEN 3417467 AND 3417567
for range-covered
table 1 : explain SELECT k FROM sbtest1 WHERE k BETWEEN 7337823 AND 7337923
	Index Only Scan using k_1 on sbtest1  (cost=0.43..6.37 rows=97 width=4)
	  Index Cond: ((k >= 7337823) AND (k <= 7337923))

table 2 : explain SELECT k FROM sbtest2 WHERE k BETWEEN 7337823 AND 7337923
	Index Only Scan using k_2 on sbtest2  (cost=0.43..6.53 rows=105 width=4)
	  Index Cond: ((k >= 7337823) AND (k <= 7337923))

table 3 : explain SELECT k FROM sbtest3 WHERE k BETWEEN 7337823 AND 7337923
	Index Only Scan using k_3 on sbtest3  (cost=0.43..6.35 rows=96 width=4)
	  Index Cond: ((k >= 7337823) AND (k <= 7337923))

table 4 : explain SELECT k FROM sbtest4 WHERE k BETWEEN 7337823 AND 7337923
	Index Only Scan using k_4 on sbtest4  (cost=0.43..6.53 rows=105 width=4)
	  Index Cond: ((k >= 7337823) AND (k <= 7337923))

table 5 : explain SELECT k FROM sbtest5 WHERE k BETWEEN 7337823 AND 7337923
	Index Only Scan using k_5 on sbtest5  (cost=0.43..6.59 rows=108 width=4)
	  Index Cond: ((k >= 7337823) AND (k <= 7337923))

table 6 : explain SELECT k FROM sbtest6 WHERE k BETWEEN 7337823 AND 7337923
	Index Only Scan using k_6 on sbtest6  (cost=0.43..6.42 rows=99 width=4)
	  Index Cond: ((k >= 7337823) AND (k <= 7337923))

table 7 : explain SELECT k FROM sbtest7 WHERE k BETWEEN 7337823 AND 7337923
	Index Only Scan using k_7 on sbtest7  (cost=0.43..6.53 rows=105 width=4)
	  Index Cond: ((k >= 7337823) AND (k <= 7337923))

table 8 : explain SELECT k FROM sbtest8 WHERE k BETWEEN 7337823 AND 7337923
	Index Only Scan using k_8 on sbtest8  (cost=0.43..6.45 rows=101 width=4)
	  Index Cond: ((k >= 7337823) AND (k <= 7337923))

explain: for range-covered :: explain SELECT k FROM sbtest%d WHERE k BETWEEN 4045346 AND 4045446
for range-covered
table 1 : explain SELECT k FROM sbtest1 WHERE k BETWEEN 6433242 AND 6433342
	Index Only Scan using k_1 on sbtest1  (cost=0.43..6.45 rows=101 width=4)
	  Index Cond: ((k >= 6433242) AND (k <= 6433342))

table 2 : explain SELECT k FROM sbtest2 WHERE k BETWEEN 6433242 AND 6433342
	Index Only Scan using k_2 on sbtest2  (cost=0.43..6.29 rows=93 width=4)
	  Index Cond: ((k >= 6433242) AND (k <= 6433342))

table 3 : explain SELECT k FROM sbtest3 WHERE k BETWEEN 6433242 AND 6433342
	Index Only Scan using k_3 on sbtest3  (cost=0.43..6.63 rows=110 width=4)
	  Index Cond: ((k >= 6433242) AND (k <= 6433342))

table 4 : explain SELECT k FROM sbtest4 WHERE k BETWEEN 6433242 AND 6433342
	Index Only Scan using k_4 on sbtest4  (cost=0.43..6.40 rows=98 width=4)
	  Index Cond: ((k >= 6433242) AND (k <= 6433342))

table 5 : explain SELECT k FROM sbtest5 WHERE k BETWEEN 6433242 AND 6433342
	Index Only Scan using k_5 on sbtest5  (cost=0.43..6.37 rows=97 width=4)
	  Index Cond: ((k >= 6433242) AND (k <= 6433342))

table 6 : explain SELECT k FROM sbtest6 WHERE k BETWEEN 6433242 AND 6433342
	Index Only Scan using k_6 on sbtest6  (cost=0.43..6.43 rows=100 width=4)
	  Index Cond: ((k >= 6433242) AND (k <= 6433342))

table 7 : explain SELECT k FROM sbtest7 WHERE k BETWEEN 6433242 AND 6433342
	Index Only Scan using k_7 on sbtest7  (cost=0.43..6.50 rows=103 width=4)
	  Index Cond: ((k >= 6433242) AND (k <= 6433342))

table 8 : explain SELECT k FROM sbtest8 WHERE k BETWEEN 6433242 AND 6433342
	Index Only Scan using k_8 on sbtest8  (cost=0.43..6.27 rows=92 width=4)
	  Index Cond: ((k >= 6433242) AND (k <= 6433342))

for range-covered
table 1 : explain SELECT k FROM sbtest1 WHERE k BETWEEN 7149265 AND 7149365
	Index Only Scan using k_1 on sbtest1  (cost=0.43..6.40 rows=98 width=4)
	  Index Cond: ((k >= 7149265) AND (k <= 7149365))

table 2 : explain SELECT k FROM sbtest2 WHERE k BETWEEN 7149265 AND 7149365
	Index Only Scan using k_2 on sbtest2  (cost=0.43..6.43 rows=100 width=4)
	  Index Cond: ((k >= 7149265) AND (k <= 7149365))

table 3 : explain SELECT k FROM sbtest3 WHERE k BETWEEN 7149265 AND 7149365
	Index Only Scan using k_3 on sbtest3  (cost=0.43..6.43 rows=100 width=4)
	  Index Cond: ((k >= 7149265) AND (k <= 7149365))

table 4 : explain SELECT k FROM sbtest4 WHERE k BETWEEN 7149265 AND 7149365
	Index Only Scan using k_4 on sbtest4  (cost=0.43..6.37 rows=97 width=4)
	  Index Cond: ((k >= 7149265) AND (k <= 7149365))

table 5 : explain SELECT k FROM sbtest5 WHERE k BETWEEN 7149265 AND 7149365
	Index Only Scan using k_5 on sbtest5  (cost=0.43..6.50 rows=103 width=4)
	  Index Cond: ((k >= 7149265) AND (k <= 7149365))

table 6 : explain SELECT k FROM sbtest6 WHERE k BETWEEN 7149265 AND 7149365
	Index Only Scan using k_6 on sbtest6  (cost=0.43..6.51 rows=104 width=4)
	  Index Cond: ((k >= 7149265) AND (k <= 7149365))

table 7 : explain SELECT k FROM sbtest7 WHERE k BETWEEN 7149265 AND 7149365
	Index Only Scan using k_7 on sbtest7  (cost=0.43..6.24 rows=90 width=4)
	  Index Cond: ((k >= 7149265) AND (k <= 7149365))

table 8 : explain SELECT k FROM sbtest8 WHERE k BETWEEN 7149265 AND 7149365
	Index Only Scan using k_8 on sbtest8  (cost=0.43..6.50 rows=103 width=4)
	  Index Cond: ((k >= 7149265) AND (k <= 7149365))

explain: for range-covered :: explain SELECT k FROM sbtest%d WHERE k BETWEEN 6433242 AND 6433342
explain: for range-covered :: explain SELECT k FROM sbtest%d WHERE k BETWEEN 7149265 AND 7149365
explain: for range-covered :: explain SELECT k FROM sbtest%d WHERE k BETWEEN 7337823 AND 7337923
for range-covered
table 1 : explain SELECT k FROM sbtest1 WHERE k BETWEEN 1801866 AND 1801966
	Index Only Scan using k_1 on sbtest1  (cost=0.43..6.58 rows=107 width=4)
	  Index Cond: ((k >= 1801866) AND (k <= 1801966))

table 2 : explain SELECT k FROM sbtest2 WHERE k BETWEEN 1801866 AND 1801966
	Index Only Scan using k_2 on sbtest2  (cost=0.43..6.50 rows=103 width=4)
	  Index Cond: ((k >= 1801866) AND (k <= 1801966))

table 3 : explain SELECT k FROM sbtest3 WHERE k BETWEEN 1801866 AND 1801966
	Index Only Scan using k_3 on sbtest3  (cost=0.43..6.51 rows=104 width=4)
	  Index Cond: ((k >= 1801866) AND (k <= 1801966))

table 4 : explain SELECT k FROM sbtest4 WHERE k BETWEEN 1801866 AND 1801966
	Index Only Scan using k_4 on sbtest4  (cost=0.43..6.50 rows=103 width=4)
	  Index Cond: ((k >= 1801866) AND (k <= 1801966))

table 5 : explain SELECT k FROM sbtest5 WHERE k BETWEEN 1801866 AND 1801966
	Index Only Scan using k_5 on sbtest5  (cost=0.43..6.61 rows=109 width=4)
	  Index Cond: ((k >= 1801866) AND (k <= 1801966))

table 6 : explain SELECT k FROM sbtest6 WHERE k BETWEEN 1801866 AND 1801966
	Index Only Scan using k_6 on sbtest6  (cost=0.43..6.45 rows=101 width=4)
	  Index Cond: ((k >= 1801866) AND (k <= 1801966))

table 7 : explain SELECT k FROM sbtest7 WHERE k BETWEEN 1801866 AND 1801966
	Index Only Scan using k_7 on sbtest7  (cost=0.43..6.32 rows=94 width=4)
	  Index Cond: ((k >= 1801866) AND (k <= 1801966))

table 8 : explain SELECT k FROM sbtest8 WHERE k BETWEEN 1801866 AND 1801966
	Index Only Scan using k_8 on sbtest8  (cost=0.43..6.27 rows=92 width=4)
	  Index Cond: ((k >= 1801866) AND (k <= 1801966))

explain: for range-covered :: explain SELECT k FROM sbtest%d WHERE k BETWEEN 1801866 AND 1801966
explain: for range-covered :: explain SELECT k FROM sbtest%d WHERE k BETWEEN 3403433 AND 3403533
for range-covered
table 1 : explain SELECT k FROM sbtest1 WHERE k BETWEEN 6589546 AND 6589646
	Index Only Scan using k_1 on sbtest1  (cost=0.43..6.40 rows=98 width=4)
	  Index Cond: ((k >= 6589546) AND (k <= 6589646))

table 2 : explain SELECT k FROM sbtest2 WHERE k BETWEEN 6589546 AND 6589646
	Index Only Scan using k_2 on sbtest2  (cost=0.43..6.45 rows=101 width=4)
	  Index Cond: ((k >= 6589546) AND (k <= 6589646))

table 3 : explain SELECT k FROM sbtest3 WHERE k BETWEEN 6589546 AND 6589646
	Index Only Scan using k_3 on sbtest3  (cost=0.43..6.35 rows=96 width=4)
	  Index Cond: ((k >= 6589546) AND (k <= 6589646))

table 4 : explain SELECT k FROM sbtest4 WHERE k BETWEEN 6589546 AND 6589646
	Index Only Scan using k_4 on sbtest4  (cost=0.43..6.47 rows=102 width=4)
	  Index Cond: ((k >= 6589546) AND (k <= 6589646))

table 5 : explain SELECT k FROM sbtest5 WHERE k BETWEEN 6589546 AND 6589646
	Index Only Scan using k_5 on sbtest5  (cost=0.43..6.43 rows=100 width=4)
	  Index Cond: ((k >= 6589546) AND (k <= 6589646))

table 6 : explain SELECT k FROM sbtest6 WHERE k BETWEEN 6589546 AND 6589646
	Index Only Scan using k_6 on sbtest6  (cost=0.43..6.50 rows=103 width=4)
	  Index Cond: ((k >= 6589546) AND (k <= 6589646))

table 7 : explain SELECT k FROM sbtest7 WHERE k BETWEEN 6589546 AND 6589646
	Index Only Scan using k_7 on sbtest7  (cost=0.43..6.42 rows=99 width=4)
	  Index Cond: ((k >= 6589546) AND (k <= 6589646))

table 8 : explain SELECT k FROM sbtest8 WHERE k BETWEEN 6589546 AND 6589646
	Index Only Scan using k_8 on sbtest8  (cost=0.43..6.37 rows=97 width=4)
	  Index Cond: ((k >= 6589546) AND (k <= 6589646))

explain: for range-covered :: explain SELECT k FROM sbtest%d WHERE k BETWEEN 6819884 AND 6819984
for range-covered
table 1 : explain SELECT k FROM sbtest1 WHERE k BETWEEN 3417467 AND 3417567
	Index Only Scan using k_1 on sbtest1  (cost=0.43..6.74 rows=115 width=4)
	  Index Cond: ((k >= 3417467) AND (k <= 3417567))

table 2 : explain SELECT k FROM sbtest2 WHERE k BETWEEN 3417467 AND 3417567
	Index Only Scan using k_2 on sbtest2  (cost=0.43..6.47 rows=102 width=4)
	  Index Cond: ((k >= 3417467) AND (k <= 3417567))

table 3 : explain SELECT k FROM sbtest3 WHERE k BETWEEN 3417467 AND 3417567
	Index Only Scan using k_3 on sbtest3  (cost=0.43..6.59 rows=108 width=4)
	  Index Cond: ((k >= 3417467) AND (k <= 3417567))

table 4 : explain SELECT k FROM sbtest4 WHERE k BETWEEN 3417467 AND 3417567
	Index Only Scan using k_4 on sbtest4  (cost=0.43..6.43 rows=100 width=4)
	  Index Cond: ((k >= 3417467) AND (k <= 3417567))

table 5 : explain SELECT k FROM sbtest5 WHERE k BETWEEN 3417467 AND 3417567
	Index Only Scan using k_5 on sbtest5  (cost=0.43..6.47 rows=102 width=4)
	  Index Cond: ((k >= 3417467) AND (k <= 3417567))

table 6 : explain SELECT k FROM sbtest6 WHERE k BETWEEN 3417467 AND 3417567
	Index Only Scan using k_6 on sbtest6  (cost=0.43..6.33 rows=95 width=4)
	  Index Cond: ((k >= 3417467) AND (k <= 3417567))

table 7 : explain SELECT k FROM sbtest7 WHERE k BETWEEN 3417467 AND 3417567
	Index Only Scan using k_7 on sbtest7  (cost=0.43..6.50 rows=103 width=4)
	  Index Cond: ((k >= 3417467) AND (k <= 3417567))

table 8 : explain SELECT k FROM sbtest8 WHERE k BETWEEN 3417467 AND 3417567
	Index Only Scan using k_8 on sbtest8  (cost=0.43..6.27 rows=92 width=4)
	  Index Cond: ((k >= 3417467) AND (k <= 3417567))

explain: for range-covered :: explain SELECT k FROM sbtest%d WHERE k BETWEEN 3417467 AND 3417567
for range-covered
table 1 : explain SELECT k FROM sbtest1 WHERE k BETWEEN 6433242 AND 6433342
	Index Only Scan using k_1 on sbtest1  (cost=0.43..6.45 rows=101 width=4)
	  Index Cond: ((k >= 6433242) AND (k <= 6433342))

table 2 : explain SELECT k FROM sbtest2 WHERE k BETWEEN 6433242 AND 6433342
	Index Only Scan using k_2 on sbtest2  (cost=0.43..6.29 rows=93 width=4)
	  Index Cond: ((k >= 6433242) AND (k <= 6433342))

table 3 : explain SELECT k FROM sbtest3 WHERE k BETWEEN 6433242 AND 6433342
	Index Only Scan using k_3 on sbtest3  (cost=0.43..6.63 rows=110 width=4)
	  Index Cond: ((k >= 6433242) AND (k <= 6433342))

table 4 : explain SELECT k FROM sbtest4 WHERE k BETWEEN 6433242 AND 6433342
	Index Only Scan using k_4 on sbtest4  (cost=0.43..6.40 rows=98 width=4)
	  Index Cond: ((k >= 6433242) AND (k <= 6433342))

table 5 : explain SELECT k FROM sbtest5 WHERE k BETWEEN 6433242 AND 6433342
	Index Only Scan using k_5 on sbtest5  (cost=0.43..6.37 rows=97 width=4)
	  Index Cond: ((k >= 6433242) AND (k <= 6433342))

table 6 : explain SELECT k FROM sbtest6 WHERE k BETWEEN 6433242 AND 6433342
	Index Only Scan using k_6 on sbtest6  (cost=0.43..6.43 rows=100 width=4)
	  Index Cond: ((k >= 6433242) AND (k <= 6433342))

table 7 : explain SELECT k FROM sbtest7 WHERE k BETWEEN 6433242 AND 6433342
	Index Only Scan using k_7 on sbtest7  (cost=0.43..6.50 rows=103 width=4)
	  Index Cond: ((k >= 6433242) AND (k <= 6433342))

table 8 : explain SELECT k FROM sbtest8 WHERE k BETWEEN 6433242 AND 6433342
	Index Only Scan using k_8 on sbtest8  (cost=0.43..6.27 rows=92 width=4)
	  Index Cond: ((k >= 6433242) AND (k <= 6433342))

explain: for range-covered :: explain SELECT k FROM sbtest%d WHERE k BETWEEN 6589546 AND 6589646
explain: for range-covered :: explain SELECT k FROM sbtest%d WHERE k BETWEEN 6433242 AND 6433342
for range-covered
table 1 : explain SELECT k FROM sbtest1 WHERE k BETWEEN 7405856 AND 7405956
	Index Only Scan using k_1 on sbtest1  (cost=0.43..6.37 rows=97 width=4)
	  Index Cond: ((k >= 7405856) AND (k <= 7405956))

table 2 : explain SELECT k FROM sbtest2 WHERE k BETWEEN 7405856 AND 7405956
	Index Only Scan using k_2 on sbtest2  (cost=0.43..6.53 rows=105 width=4)
	  Index Cond: ((k >= 7405856) AND (k <= 7405956))

table 3 : explain SELECT k FROM sbtest3 WHERE k BETWEEN 7405856 AND 7405956
	Index Only Scan using k_3 on sbtest3  (cost=0.43..6.50 rows=103 width=4)
	  Index Cond: ((k >= 7405856) AND (k <= 7405956))

table 4 : explain SELECT k FROM sbtest4 WHERE k BETWEEN 7405856 AND 7405956
	Index Only Scan using k_4 on sbtest4  (cost=0.43..6.32 rows=94 width=4)
	  Index Cond: ((k >= 7405856) AND (k <= 7405956))

table 5 : explain SELECT k FROM sbtest5 WHERE k BETWEEN 7405856 AND 7405956
	Index Only Scan using k_5 on sbtest5  (cost=0.43..6.59 rows=108 width=4)
	  Index Cond: ((k >= 7405856) AND (k <= 7405956))

table 6 : explain SELECT k FROM sbtest6 WHERE k BETWEEN 7405856 AND 7405956
	Index Only Scan using k_6 on sbtest6  (cost=0.43..6.50 rows=103 width=4)
	  Index Cond: ((k >= 7405856) AND (k <= 7405956))

table 7 : explain SELECT k FROM sbtest7 WHERE k BETWEEN 7405856 AND 7405956
	Index Only Scan using k_7 on sbtest7  (cost=0.43..6.35 rows=96 width=4)
	  Index Cond: ((k >= 7405856) AND (k <= 7405956))

table 8 : explain SELECT k FROM sbtest8 WHERE k BETWEEN 7405856 AND 7405956
	Index Only Scan using k_8 on sbtest8  (cost=0.43..6.59 rows=108 width=4)
	  Index Cond: ((k >= 7405856) AND (k <= 7405956))

for range-covered
table 1 : explain SELECT k FROM sbtest1 WHERE k BETWEEN 7149265 AND 7149365
	Index Only Scan using k_1 on sbtest1  (cost=0.43..6.40 rows=98 width=4)
	  Index Cond: ((k >= 7149265) AND (k <= 7149365))

table 2 : explain SELECT k FROM sbtest2 WHERE k BETWEEN 7149265 AND 7149365
	Index Only Scan using k_2 on sbtest2  (cost=0.43..6.43 rows=100 width=4)
	  Index Cond: ((k >= 7149265) AND (k <= 7149365))

table 3 : explain SELECT k FROM sbtest3 WHERE k BETWEEN 7149265 AND 7149365
	Index Only Scan using k_3 on sbtest3  (cost=0.43..6.43 rows=100 width=4)
	  Index Cond: ((k >= 7149265) AND (k <= 7149365))

table 4 : explain SELECT k FROM sbtest4 WHERE k BETWEEN 7149265 AND 7149365
	Index Only Scan using k_4 on sbtest4  (cost=0.43..6.37 rows=97 width=4)
	  Index Cond: ((k >= 7149265) AND (k <= 7149365))

table 5 : explain SELECT k FROM sbtest5 WHERE k BETWEEN 7149265 AND 7149365
	Index Only Scan using k_5 on sbtest5  (cost=0.43..6.50 rows=103 width=4)
	  Index Cond: ((k >= 7149265) AND (k <= 7149365))

table 6 : explain SELECT k FROM sbtest6 WHERE k BETWEEN 7149265 AND 7149365
	Index Only Scan using k_6 on sbtest6  (cost=0.43..6.51 rows=104 width=4)
	  Index Cond: ((k >= 7149265) AND (k <= 7149365))

table 7 : explain SELECT k FROM sbtest7 WHERE k BETWEEN 7149265 AND 7149365
	Index Only Scan using k_7 on sbtest7  (cost=0.43..6.24 rows=90 width=4)
	  Index Cond: ((k >= 7149265) AND (k <= 7149365))

table 8 : explain SELECT k FROM sbtest8 WHERE k BETWEEN 7149265 AND 7149365
	Index Only Scan using k_8 on sbtest8  (cost=0.43..6.50 rows=103 width=4)
	  Index Cond: ((k >= 7149265) AND (k <= 7149365))

explain: for range-covered :: explain SELECT k FROM sbtest%d WHERE k BETWEEN 7405856 AND 7405956
explain: for range-covered :: explain SELECT k FROM sbtest%d WHERE k BETWEEN 7149265 AND 7149365
for range-covered
table 1 : explain SELECT k FROM sbtest1 WHERE k BETWEEN 1801866 AND 1801966
	Index Only Scan using k_1 on sbtest1  (cost=0.43..6.58 rows=107 width=4)
	  Index Cond: ((k >= 1801866) AND (k <= 1801966))

table 2 : explain SELECT k FROM sbtest2 WHERE k BETWEEN 1801866 AND 1801966
	Index Only Scan using k_2 on sbtest2  (cost=0.43..6.50 rows=103 width=4)
	  Index Cond: ((k >= 1801866) AND (k <= 1801966))

table 3 : explain SELECT k FROM sbtest3 WHERE k BETWEEN 1801866 AND 1801966
	Index Only Scan using k_3 on sbtest3  (cost=0.43..6.51 rows=104 width=4)
	  Index Cond: ((k >= 1801866) AND (k <= 1801966))

table 4 : explain SELECT k FROM sbtest4 WHERE k BETWEEN 1801866 AND 1801966
	Index Only Scan using k_4 on sbtest4  (cost=0.43..6.50 rows=103 width=4)
	  Index Cond: ((k >= 1801866) AND (k <= 1801966))

table 5 : explain SELECT k FROM sbtest5 WHERE k BETWEEN 1801866 AND 1801966
	Index Only Scan using k_5 on sbtest5  (cost=0.43..6.61 rows=109 width=4)
	  Index Cond: ((k >= 1801866) AND (k <= 1801966))

table 6 : explain SELECT k FROM sbtest6 WHERE k BETWEEN 1801866 AND 1801966
	Index Only Scan using k_6 on sbtest6  (cost=0.43..6.45 rows=101 width=4)
	  Index Cond: ((k >= 1801866) AND (k <= 1801966))

table 7 : explain SELECT k FROM sbtest7 WHERE k BETWEEN 1801866 AND 1801966
	Index Only Scan using k_7 on sbtest7  (cost=0.43..6.32 rows=94 width=4)
	  Index Cond: ((k >= 1801866) AND (k <= 1801966))

table 8 : explain SELECT k FROM sbtest8 WHERE k BETWEEN 1801866 AND 1801966
	Index Only Scan using k_8 on sbtest8  (cost=0.43..6.27 rows=92 width=4)
	  Index Cond: ((k >= 1801866) AND (k <= 1801966))

for range-covered
table 1 : explain SELECT k FROM sbtest1 WHERE k BETWEEN 5364958 AND 5365058
	Index Only Scan using k_1 on sbtest1  (cost=0.43..6.66 rows=111 width=4)
	  Index Cond: ((k >= 5364958) AND (k <= 5365058))

table 2 : explain SELECT k FROM sbtest2 WHERE k BETWEEN 5364958 AND 5365058
	Index Only Scan using k_2 on sbtest2  (cost=0.43..6.40 rows=98 width=4)
	  Index Cond: ((k >= 5364958) AND (k <= 5365058))

table 3 : explain SELECT k FROM sbtest3 WHERE k BETWEEN 5364958 AND 5365058
	Index Only Scan using k_3 on sbtest3  (cost=0.43..6.63 rows=110 width=4)
	  Index Cond: ((k >= 5364958) AND (k <= 5365058))

table 4 : explain SELECT k FROM sbtest4 WHERE k BETWEEN 5364958 AND 5365058
	Index Only Scan using k_4 on sbtest4  (cost=0.43..6.59 rows=108 width=4)
	  Index Cond: ((k >= 5364958) AND (k <= 5365058))

table 5 : explain SELECT k FROM sbtest5 WHERE k BETWEEN 5364958 AND 5365058
	Index Only Scan using k_5 on sbtest5  (cost=0.43..6.45 rows=101 width=4)
	  Index Cond: ((k >= 5364958) AND (k <= 5365058))

table 6 : explain SELECT k FROM sbtest6 WHERE k BETWEEN 5364958 AND 5365058
	Index Only Scan using k_6 on sbtest6  (cost=0.43..6.33 rows=95 width=4)
	  Index Cond: ((k >= 5364958) AND (k <= 5365058))

table 7 : explain SELECT k FROM sbtest7 WHERE k BETWEEN 5364958 AND 5365058
	Index Only Scan using k_7 on sbtest7  (cost=0.43..6.66 rows=111 width=4)
	  Index Cond: ((k >= 5364958) AND (k <= 5365058))

table 8 : explain SELECT k FROM sbtest8 WHERE k BETWEEN 5364958 AND 5365058
	Index Only Scan using k_8 on sbtest8  (cost=0.43..6.47 rows=102 width=4)
	  Index Cond: ((k >= 5364958) AND (k <= 5365058))

for range-covered
table 1 : explain SELECT k FROM sbtest1 WHERE k BETWEEN 6893393 AND 6893493
	Index Only Scan using k_1 on sbtest1  (cost=0.43..6.85 rows=121 width=4)
	  Index Cond: ((k >= 6893393) AND (k <= 6893493))

table 2 : explain SELECT k FROM sbtest2 WHERE k BETWEEN 6893393 AND 6893493
	Index Only Scan using k_2 on sbtest2  (cost=0.43..6.53 rows=105 width=4)
	  Index Cond: ((k >= 6893393) AND (k <= 6893493))

table 3 : explain SELECT k FROM sbtest3 WHERE k BETWEEN 6893393 AND 6893493
	Index Only Scan using k_3 on sbtest3  (cost=0.43..6.43 rows=100 width=4)
	  Index Cond: ((k >= 6893393) AND (k <= 6893493))

table 4 : explain SELECT k FROM sbtest4 WHERE k BETWEEN 6893393 AND 6893493
	Index Only Scan using k_4 on sbtest4  (cost=0.43..6.51 rows=104 width=4)
	  Index Cond: ((k >= 6893393) AND (k <= 6893493))

table 5 : explain SELECT k FROM sbtest5 WHERE k BETWEEN 6893393 AND 6893493
	Index Only Scan using k_5 on sbtest5  (cost=0.43..6.43 rows=100 width=4)
	  Index Cond: ((k >= 6893393) AND (k <= 6893493))

table 6 : explain SELECT k FROM sbtest6 WHERE k BETWEEN 6893393 AND 6893493
	Index Only Scan using k_6 on sbtest6  (cost=0.43..6.43 rows=100 width=4)
	  Index Cond: ((k >= 6893393) AND (k <= 6893493))

table 7 : explain SELECT k FROM sbtest7 WHERE k BETWEEN 6893393 AND 6893493
	Index Only Scan using k_7 on sbtest7  (cost=0.43..6.37 rows=97 width=4)
	  Index Cond: ((k >= 6893393) AND (k <= 6893493))

table 8 : explain SELECT k FROM sbtest8 WHERE k BETWEEN 6893393 AND 6893493
	Index Only Scan using k_8 on sbtest8  (cost=0.43..6.43 rows=100 width=4)
	  Index Cond: ((k >= 6893393) AND (k <= 6893493))

for range-covered
table 1 : explain SELECT k FROM sbtest1 WHERE k BETWEEN 4045346 AND 4045446
	Index Only Scan using k_1 on sbtest1  (cost=0.43..6.53 rows=105 width=4)
	  Index Cond: ((k >= 4045346) AND (k <= 4045446))

table 2 : explain SELECT k FROM sbtest2 WHERE k BETWEEN 4045346 AND 4045446
	Index Only Scan using k_2 on sbtest2  (cost=0.43..6.58 rows=107 width=4)
	  Index Cond: ((k >= 4045346) AND (k <= 4045446))

table 3 : explain SELECT k FROM sbtest3 WHERE k BETWEEN 4045346 AND 4045446
	Index Only Scan using k_3 on sbtest3  (cost=0.43..6.50 rows=103 width=4)
	  Index Cond: ((k >= 4045346) AND (k <= 4045446))

table 4 : explain SELECT k FROM sbtest4 WHERE k BETWEEN 4045346 AND 4045446
	Index Only Scan using k_4 on sbtest4  (cost=0.43..6.59 rows=108 width=4)
	  Index Cond: ((k >= 4045346) AND (k <= 4045446))

table 5 : explain SELECT k FROM sbtest5 WHERE k BETWEEN 4045346 AND 4045446
	Index Only Scan using k_5 on sbtest5  (cost=0.43..6.67 rows=112 width=4)
	  Index Cond: ((k >= 4045346) AND (k <= 4045446))

table 6 : explain SELECT k FROM sbtest6 WHERE k BETWEEN 4045346 AND 4045446
	Index Only Scan using k_6 on sbtest6  (cost=0.43..6.50 rows=103 width=4)
	  Index Cond: ((k >= 4045346) AND (k <= 4045446))

table 7 : explain SELECT k FROM sbtest7 WHERE k BETWEEN 4045346 AND 4045446
	Index Only Scan using k_7 on sbtest7  (cost=0.43..6.50 rows=103 width=4)
	  Index Cond: ((k >= 4045346) AND (k <= 4045446))

table 8 : explain SELECT k FROM sbtest8 WHERE k BETWEEN 4045346 AND 4045446
	Index Only Scan using k_8 on sbtest8  (cost=0.43..6.33 rows=95 width=4)
	  Index Cond: ((k >= 4045346) AND (k <= 4045446))

explain: for range-covered :: explain SELECT k FROM sbtest%d WHERE k BETWEEN 1801866 AND 1801966
explain: for range-covered :: explain SELECT k FROM sbtest%d WHERE k BETWEEN 6893393 AND 6893493
explain: for range-covered :: explain SELECT k FROM sbtest%d WHERE k BETWEEN 4045346 AND 4045446
for range-covered
table 1 : explain SELECT k FROM sbtest1 WHERE k BETWEEN 3417467 AND 3417567
	Index Only Scan using k_1 on sbtest1  (cost=0.43..6.74 rows=115 width=4)
	  Index Cond: ((k >= 3417467) AND (k <= 3417567))

table 2 : explain SELECT k FROM sbtest2 WHERE k BETWEEN 3417467 AND 3417567
	Index Only Scan using k_2 on sbtest2  (cost=0.43..6.47 rows=102 width=4)
	  Index Cond: ((k >= 3417467) AND (k <= 3417567))

table 3 : explain SELECT k FROM sbtest3 WHERE k BETWEEN 3417467 AND 3417567
	Index Only Scan using k_3 on sbtest3  (cost=0.43..6.59 rows=108 width=4)
	  Index Cond: ((k >= 3417467) AND (k <= 3417567))

table 4 : explain SELECT k FROM sbtest4 WHERE k BETWEEN 3417467 AND 3417567
	Index Only Scan using k_4 on sbtest4  (cost=0.43..6.43 rows=100 width=4)
	  Index Cond: ((k >= 3417467) AND (k <= 3417567))

table 5 : explain SELECT k FROM sbtest5 WHERE k BETWEEN 3417467 AND 3417567
	Index Only Scan using k_5 on sbtest5  (cost=0.43..6.47 rows=102 width=4)
	  Index Cond: ((k >= 3417467) AND (k <= 3417567))

table 6 : explain SELECT k FROM sbtest6 WHERE k BETWEEN 3417467 AND 3417567
	Index Only Scan using k_6 on sbtest6  (cost=0.43..6.33 rows=95 width=4)
	  Index Cond: ((k >= 3417467) AND (k <= 3417567))

table 7 : explain SELECT k FROM sbtest7 WHERE k BETWEEN 3417467 AND 3417567
	Index Only Scan using k_7 on sbtest7  (cost=0.43..6.50 rows=103 width=4)
	  Index Cond: ((k >= 3417467) AND (k <= 3417567))

table 8 : explain SELECT k FROM sbtest8 WHERE k BETWEEN 3417467 AND 3417567
	Index Only Scan using k_8 on sbtest8  (cost=0.43..6.27 rows=92 width=4)
	  Index Cond: ((k >= 3417467) AND (k <= 3417567))

explain: for range-covered :: explain SELECT k FROM sbtest%d WHERE k BETWEEN 3417467 AND 3417567explain: for range-covered :: explain SELECT k FROM sbtest%d WHERE k BETWEEN 5364958 AND 5365058

for range-covered
table 1 : explain SELECT k FROM sbtest1 WHERE k BETWEEN 6433242 AND 6433342
	Index Only Scan using k_1 on sbtest1  (cost=0.43..6.45 rows=101 width=4)
	  Index Cond: ((k >= 6433242) AND (k <= 6433342))

table 2 : explain SELECT k FROM sbtest2 WHERE k BETWEEN 6433242 AND 6433342
	Index Only Scan using k_2 on sbtest2  (cost=0.43..6.29 rows=93 width=4)
	  Index Cond: ((k >= 6433242) AND (k <= 6433342))

table 3 : explain SELECT k FROM sbtest3 WHERE k BETWEEN 6433242 AND 6433342
	Index Only Scan using k_3 on sbtest3  (cost=0.43..6.63 rows=110 width=4)
	  Index Cond: ((k >= 6433242) AND (k <= 6433342))

table 4 : explain SELECT k FROM sbtest4 WHERE k BETWEEN 6433242 AND 6433342
	Index Only Scan using k_4 on sbtest4  (cost=0.43..6.40 rows=98 width=4)
	  Index Cond: ((k >= 6433242) AND (k <= 6433342))

table 5 : explain SELECT k FROM sbtest5 WHERE k BETWEEN 6433242 AND 6433342
	Index Only Scan using k_5 on sbtest5  (cost=0.43..6.37 rows=97 width=4)
	  Index Cond: ((k >= 6433242) AND (k <= 6433342))

table 6 : explain SELECT k FROM sbtest6 WHERE k BETWEEN 6433242 AND 6433342
	Index Only Scan using k_6 on sbtest6  (cost=0.43..6.43 rows=100 width=4)
	  Index Cond: ((k >= 6433242) AND (k <= 6433342))

table 7 : explain SELECT k FROM sbtest7 WHERE k BETWEEN 6433242 AND 6433342
	Index Only Scan using k_7 on sbtest7  (cost=0.43..6.50 rows=103 width=4)
	  Index Cond: ((k >= 6433242) AND (k <= 6433342))

table 8 : explain SELECT k FROM sbtest8 WHERE k BETWEEN 6433242 AND 6433342
	Index Only Scan using k_8 on sbtest8  (cost=0.43..6.27 rows=92 width=4)
	  Index Cond: ((k >= 6433242) AND (k <= 6433342))

explain: for range-covered :: explain SELECT k FROM sbtest%d WHERE k BETWEEN 6433242 AND 6433342
for range-covered
table 1 : explain SELECT k FROM sbtest1 WHERE k BETWEEN 7149265 AND 7149365
	Index Only Scan using k_1 on sbtest1  (cost=0.43..6.40 rows=98 width=4)
	  Index Cond: ((k >= 7149265) AND (k <= 7149365))

table 2 : explain SELECT k FROM sbtest2 WHERE k BETWEEN 7149265 AND 7149365
	Index Only Scan using k_2 on sbtest2  (cost=0.43..6.43 rows=100 width=4)
	  Index Cond: ((k >= 7149265) AND (k <= 7149365))

table 3 : explain SELECT k FROM sbtest3 WHERE k BETWEEN 7149265 AND 7149365
	Index Only Scan using k_3 on sbtest3  (cost=0.43..6.43 rows=100 width=4)
	  Index Cond: ((k >= 7149265) AND (k <= 7149365))

table 4 : explain SELECT k FROM sbtest4 WHERE k BETWEEN 7149265 AND 7149365
	Index Only Scan using k_4 on sbtest4  (cost=0.43..6.37 rows=97 width=4)
	  Index Cond: ((k >= 7149265) AND (k <= 7149365))

table 5 : explain SELECT k FROM sbtest5 WHERE k BETWEEN 7149265 AND 7149365
	Index Only Scan using k_5 on sbtest5  (cost=0.43..6.50 rows=103 width=4)
	  Index Cond: ((k >= 7149265) AND (k <= 7149365))

table 6 : explain SELECT k FROM sbtest6 WHERE k BETWEEN 7149265 AND 7149365
	Index Only Scan using k_6 on sbtest6  (cost=0.43..6.51 rows=104 width=4)
	  Index Cond: ((k >= 7149265) AND (k <= 7149365))

table 7 : explain SELECT k FROM sbtest7 WHERE k BETWEEN 7149265 AND 7149365
	Index Only Scan using k_7 on sbtest7  (cost=0.43..6.24 rows=90 width=4)
	  Index Cond: ((k >= 7149265) AND (k <= 7149365))

table 8 : explain SELECT k FROM sbtest8 WHERE k BETWEEN 7149265 AND 7149365
	Index Only Scan using k_8 on sbtest8  (cost=0.43..6.50 rows=103 width=4)
	  Index Cond: ((k >= 7149265) AND (k <= 7149365))

for range-covered
table 1 : explain SELECT k FROM sbtest1 WHERE k BETWEEN 6824442 AND 6824542
	Index Only Scan using k_1 on sbtest1  (cost=0.43..6.63 rows=110 width=4)
	  Index Cond: ((k >= 6824442) AND (k <= 6824542))

table 2 : explain SELECT k FROM sbtest2 WHERE k BETWEEN 6824442 AND 6824542
	Index Only Scan using k_2 on sbtest2  (cost=0.43..6.53 rows=105 width=4)
	  Index Cond: ((k >= 6824442) AND (k <= 6824542))

table 3 : explain SELECT k FROM sbtest3 WHERE k BETWEEN 6824442 AND 6824542
	Index Only Scan using k_3 on sbtest3  (cost=0.43..6.47 rows=102 width=4)
	  Index Cond: ((k >= 6824442) AND (k <= 6824542))

table 4 : explain SELECT k FROM sbtest4 WHERE k BETWEEN 6824442 AND 6824542
	Index Only Scan using k_4 on sbtest4  (cost=0.43..6.53 rows=105 width=4)
	  Index Cond: ((k >= 6824442) AND (k <= 6824542))

table 5 : explain SELECT k FROM sbtest5 WHERE k BETWEEN 6824442 AND 6824542
	Index Only Scan using k_5 on sbtest5  (cost=0.43..6.33 rows=95 width=4)
	  Index Cond: ((k >= 6824442) AND (k <= 6824542))

table 6 : explain SELECT k FROM sbtest6 WHERE k BETWEEN 6824442 AND 6824542
	Index Only Scan using k_6 on sbtest6  (cost=0.43..6.58 rows=107 width=4)
	  Index Cond: ((k >= 6824442) AND (k <= 6824542))

table 7 : explain SELECT k FROM sbtest7 WHERE k BETWEEN 6824442 AND 6824542
	Index Only Scan using k_7 on sbtest7  (cost=0.43..6.43 rows=100 width=4)
	  Index Cond: ((k >= 6824442) AND (k <= 6824542))

table 8 : explain SELECT k FROM sbtest8 WHERE k BETWEEN 6824442 AND 6824542
	Index Only Scan using k_8 on sbtest8  (cost=0.43..6.43 rows=100 width=4)
	  Index Cond: ((k >= 6824442) AND (k <= 6824542))
for range-covered
table 1 : explain SELECT k FROM sbtest1 WHERE k BETWEEN 7405856 AND 7405956
	Index Only Scan using k_1 on sbtest1  (cost=0.43..6.37 rows=97 width=4)
	  Index Cond: ((k >= 7405856) AND (k <= 7405956))

table 2 : explain SELECT k FROM sbtest2 WHERE k BETWEEN 7405856 AND 7405956
	Index Only Scan using k_2 on sbtest2  (cost=0.43..6.53 rows=105 width=4)
	  Index Cond: ((k >= 7405856) AND (k <= 7405956))

table 3 : explain SELECT k FROM sbtest3 WHERE k BETWEEN 7405856 AND 7405956
	Index Only Scan using k_3 on sbtest3  (cost=0.43..6.50 rows=103 width=4)
	  Index Cond: ((k >= 7405856) AND (k <= 7405956))

table 4 : explain SELECT k FROM sbtest4 WHERE k BETWEEN 7405856 AND 7405956
	Index Only Scan using k_4 on sbtest4  (cost=0.43..6.32 rows=94 width=4)
	  Index Cond: ((k >= 7405856) AND (k <= 7405956))

table 5 : explain SELECT k FROM sbtest5 WHERE k BETWEEN 7405856 AND 7405956
	Index Only Scan using k_5 on sbtest5  (cost=0.43..6.59 rows=108 width=4)
	  Index Cond: ((k >= 7405856) AND (k <= 7405956))

table 6 : explain SELECT k FROM sbtest6 WHERE k BETWEEN 7405856 AND 7405956
	Index Only Scan using k_6 on sbtest6  (cost=0.43..6.50 rows=103 width=4)
	  Index Cond: ((k >= 7405856) AND (k <= 7405956))

table 7 : explain SELECT k FROM sbtest7 WHERE k BETWEEN 7405856 AND 7405956
	Index Only Scan using k_7 on sbtest7  (cost=0.43..6.35 rows=96 width=4)
	  Index Cond: ((k >= 7405856) AND (k <= 7405956))

table 8 : explain SELECT k FROM sbtest8 WHERE k BETWEEN 7405856 AND 7405956
	Index Only Scan using k_8 on sbtest8  (cost=0.43..6.59 rows=108 width=4)
	  Index Cond: ((k >= 7405856) AND (k <= 7405956))


explain: for range-covered :: explain SELECT k FROM sbtest%d WHERE k BETWEEN 7149265 AND 7149365
explain: for range-covered :: explain SELECT k FROM sbtest%d WHERE k BETWEEN 7405856 AND 7405956
for range-covered
table 1 : explain SELECT k FROM sbtest1 WHERE k BETWEEN 7337823 AND 7337923
	Index Only Scan using k_1 on sbtest1  (cost=0.43..6.37 rows=97 width=4)
	  Index Cond: ((k >= 7337823) AND (k <= 7337923))

table 2 : explain SELECT k FROM sbtest2 WHERE k BETWEEN 7337823 AND 7337923
	Index Only Scan using k_2 on sbtest2  (cost=0.43..6.53 rows=105 width=4)
	  Index Cond: ((k >= 7337823) AND (k <= 7337923))

table 3 : explain SELECT k FROM sbtest3 WHERE k BETWEEN 7337823 AND 7337923
	Index Only Scan using k_3 on sbtest3  (cost=0.43..6.35 rows=96 width=4)
	  Index Cond: ((k >= 7337823) AND (k <= 7337923))

table 4 : explain SELECT k FROM sbtest4 WHERE k BETWEEN 7337823 AND 7337923
	Index Only Scan using k_4 on sbtest4  (cost=0.43..6.53 rows=105 width=4)
	  Index Cond: ((k >= 7337823) AND (k <= 7337923))

table 5 : explain SELECT k FROM sbtest5 WHERE k BETWEEN 7337823 AND 7337923
	Index Only Scan using k_5 on sbtest5  (cost=0.43..6.59 rows=108 width=4)
	  Index Cond: ((k >= 7337823) AND (k <= 7337923))

table 6 : explain SELECT k FROM sbtest6 WHERE k BETWEEN 7337823 AND 7337923
	Index Only Scan using k_6 on sbtest6  (cost=0.43..6.42 rows=99 width=4)
	  Index Cond: ((k >= 7337823) AND (k <= 7337923))

table 7 : explain SELECT k FROM sbtest7 WHERE k BETWEEN 7337823 AND 7337923
	Index Only Scan using k_7 on sbtest7  (cost=0.43..6.53 rows=105 width=4)
	  Index Cond: ((k >= 7337823) AND (k <= 7337923))

table 8 : explain SELECT k FROM sbtest8 WHERE k BETWEEN 7337823 AND 7337923
	Index Only Scan using k_8 on sbtest8  (cost=0.43..6.45 rows=101 width=4)
	  Index Cond: ((k >= 7337823) AND (k <= 7337923))

for range-covered
table 1 : explain SELECT k FROM sbtest1 WHERE k BETWEEN 6893393 AND 6893493
	Index Only Scan using k_1 on sbtest1  (cost=0.43..6.85 rows=121 width=4)
	  Index Cond: ((k >= 6893393) AND (k <= 6893493))

table 2 : explain SELECT k FROM sbtest2 WHERE k BETWEEN 6893393 AND 6893493
	Index Only Scan using k_2 on sbtest2  (cost=0.43..6.53 rows=105 width=4)
	  Index Cond: ((k >= 6893393) AND (k <= 6893493))

table 3 : explain SELECT k FROM sbtest3 WHERE k BETWEEN 6893393 AND 6893493
	Index Only Scan using k_3 on sbtest3  (cost=0.43..6.43 rows=100 width=4)
	  Index Cond: ((k >= 6893393) AND (k <= 6893493))

table 4 : explain SELECT k FROM sbtest4 WHERE k BETWEEN 6893393 AND 6893493
	Index Only Scan using k_4 on sbtest4  (cost=0.43..6.51 rows=104 width=4)
	  Index Cond: ((k >= 6893393) AND (k <= 6893493))

table 5 : explain SELECT k FROM sbtest5 WHERE k BETWEEN 6893393 AND 6893493
	Index Only Scan using k_5 on sbtest5  (cost=0.43..6.43 rows=100 width=4)
	  Index Cond: ((k >= 6893393) AND (k <= 6893493))

table 6 : explain SELECT k FROM sbtest6 WHERE k BETWEEN 6893393 AND 6893493
	Index Only Scan using k_6 on sbtest6  (cost=0.43..6.43 rows=100 width=4)
	  Index Cond: ((k >= 6893393) AND (k <= 6893493))

table 7 : explain SELECT k FROM sbtest7 WHERE k BETWEEN 6893393 AND 6893493
	Index Only Scan using k_7 on sbtest7  (cost=0.43..6.37 rows=97 width=4)
	  Index Cond: ((k >= 6893393) AND (k <= 6893493))

table 8 : explain SELECT k FROM sbtest8 WHERE k BETWEEN 6893393 AND 6893493
	Index Only Scan using k_8 on sbtest8  (cost=0.43..6.43 rows=100 width=4)
	  Index Cond: ((k >= 6893393) AND (k <= 6893493))

explain: for range-covered :: explain SELECT k FROM sbtest%d WHERE k BETWEEN 6824442 AND 6824542
for range-covered
table 1 : explain SELECT k FROM sbtest1 WHERE k BETWEEN 6589546 AND 6589646
	Index Only Scan using k_1 on sbtest1  (cost=0.43..6.40 rows=98 width=4)
	  Index Cond: ((k >= 6589546) AND (k <= 6589646))

table 2 : explain SELECT k FROM sbtest2 WHERE k BETWEEN 6589546 AND 6589646
	Index Only Scan using k_2 on sbtest2  (cost=0.43..6.45 rows=101 width=4)
	  Index Cond: ((k >= 6589546) AND (k <= 6589646))

table 3 : explain SELECT k FROM sbtest3 WHERE k BETWEEN 6589546 AND 6589646
	Index Only Scan using k_3 on sbtest3  (cost=0.43..6.35 rows=96 width=4)
	  Index Cond: ((k >= 6589546) AND (k <= 6589646))

table 4 : explain SELECT k FROM sbtest4 WHERE k BETWEEN 6589546 AND 6589646
	Index Only Scan using k_4 on sbtest4  (cost=0.43..6.47 rows=102 width=4)
	  Index Cond: ((k >= 6589546) AND (k <= 6589646))

table 5 : explain SELECT k FROM sbtest5 WHERE k BETWEEN 6589546 AND 6589646
	Index Only Scan using k_5 on sbtest5  (cost=0.43..6.43 rows=100 width=4)
	  Index Cond: ((k >= 6589546) AND (k <= 6589646))

table 6 : explain SELECT k FROM sbtest6 WHERE k BETWEEN 6589546 AND 6589646
	Index Only Scan using k_6 on sbtest6  (cost=0.43..6.50 rows=103 width=4)
	  Index Cond: ((k >= 6589546) AND (k <= 6589646))

table 7 : explain SELECT k FROM sbtest7 WHERE k BETWEEN 6589546 AND 6589646
	Index Only Scan using k_7 on sbtest7  (cost=0.43..6.42 rows=99 width=4)
	  Index Cond: ((k >= 6589546) AND (k <= 6589646))

table 8 : explain SELECT k FROM sbtest8 WHERE k BETWEEN 6589546 AND 6589646
	Index Only Scan using k_8 on sbtest8  (cost=0.43..6.37 rows=97 width=4)
	  Index Cond: ((k >= 6589546) AND (k <= 6589646))

explain: for range-covered :: explain SELECT k FROM sbtest%d WHERE k BETWEEN 6893393 AND 6893493
explain: for range-covered :: explain SELECT k FROM sbtest%d WHERE k BETWEEN 7337823 AND 7337923for range-covered
table 1 : explain SELECT k FROM sbtest1 WHERE k BETWEEN 1801866 AND 1801966
	Index Only Scan using k_1 on sbtest1  (cost=0.43..6.58 rows=107 width=4)
	  Index Cond: ((k >= 1801866) AND (k <= 1801966))

table 2 : explain SELECT k FROM sbtest2 WHERE k BETWEEN 1801866 AND 1801966
	Index Only Scan using k_2 on sbtest2  (cost=0.43..6.50 rows=103 width=4)
	  Index Cond: ((k >= 1801866) AND (k <= 1801966))

table 3 : explain SELECT k FROM sbtest3 WHERE k BETWEEN 1801866 AND 1801966
	Index Only Scan using k_3 on sbtest3  (cost=0.43..6.51 rows=104 width=4)
	  Index Cond: ((k >= 1801866) AND (k <= 1801966))

table 4 : explain SELECT k FROM sbtest4 WHERE k BETWEEN 1801866 AND 1801966
	Index Only Scan using k_4 on sbtest4  (cost=0.43..6.50 rows=103 width=4)
	  Index Cond: ((k >= 1801866) AND (k <= 1801966))

table 5 : explain SELECT k FROM sbtest5 WHERE k BETWEEN 1801866 AND 1801966
	Index Only Scan using k_5 on sbtest5  (cost=0.43..6.61 rows=109 width=4)
	  Index Cond: ((k >= 1801866) AND (k <= 1801966))

table 6 : explain SELECT k FROM sbtest6 WHERE k BETWEEN 1801866 AND 1801966
	Index Only Scan using k_6 on sbtest6  (cost=0.43..6.45 rows=101 width=4)
	  Index Cond: ((k >= 1801866) AND (k <= 1801966))

table 7 : explain SELECT k FROM sbtest7 WHERE k BETWEEN 1801866 AND 1801966
	Index Only Scan using k_7 on sbtest7  (cost=0.43..6.32 rows=94 width=4)
	  Index Cond: ((k >= 1801866) AND (k <= 1801966))

table 8 : explain SELECT k FROM sbtest8 WHERE k BETWEEN 1801866 AND 1801966
	Index Only Scan using k_8 on sbtest8  (cost=0.43..6.27 rows=92 width=4)
	  Index Cond: ((k >= 1801866) AND (k <= 1801966))

explain: for range-covered :: explain SELECT k FROM sbtest%d WHERE k BETWEEN 6589546 AND 6589646

for range-covered
table 1 : explain SELECT k FROM sbtest1 WHERE k BETWEEN 3417467 AND 3417567
	Index Only Scan using k_1 on sbtest1  (cost=0.43..6.74 rows=115 width=4)
	  Index Cond: ((k >= 3417467) AND (k <= 3417567))

table 2 : explain SELECT k FROM sbtest2 WHERE k BETWEEN 3417467 AND 3417567
	Index Only Scan using k_2 on sbtest2  (cost=0.43..6.47 rows=102 width=4)
	  Index Cond: ((k >= 3417467) AND (k <= 3417567))

table 3 : explain SELECT k FROM sbtest3 WHERE k BETWEEN 3417467 AND 3417567
	Index Only Scan using k_3 on sbtest3  (cost=0.43..6.59 rows=108 width=4)
	  Index Cond: ((k >= 3417467) AND (k <= 3417567))

table 4 : explain SELECT k FROM sbtest4 WHERE k BETWEEN 3417467 AND 3417567
	Index Only Scan using k_4 on sbtest4  (cost=0.43..6.43 rows=100 width=4)
	  Index Cond: ((k >= 3417467) AND (k <= 3417567))

table 5 : explain SELECT k FROM sbtest5 WHERE k BETWEEN 3417467 AND 3417567
	Index Only Scan using k_5 on sbtest5  (cost=0.43..6.47 rows=102 width=4)
	  Index Cond: ((k >= 3417467) AND (k <= 3417567))

table 6 : explain SELECT k FROM sbtest6 WHERE k BETWEEN 3417467 AND 3417567
	Index Only Scan using k_6 on sbtest6  (cost=0.43..6.33 rows=95 width=4)
	  Index Cond: ((k >= 3417467) AND (k <= 3417567))

table 7 : explain SELECT k FROM sbtest7 WHERE k BETWEEN 3417467 AND 3417567
	Index Only Scan using k_7 on sbtest7  (cost=0.43..6.50 rows=103 width=4)
	  Index Cond: ((k >= 3417467) AND (k <= 3417567))

table 8 : explain SELECT k FROM sbtest8 WHERE k BETWEEN 3417467 AND 3417567
	Index Only Scan using k_8 on sbtest8  (cost=0.43..6.27 rows=92 width=4)
	  Index Cond: ((k >= 3417467) AND (k <= 3417567))

explain: for range-covered :: explain SELECT k FROM sbtest%d WHERE k BETWEEN 3417467 AND 3417567
explain: for range-covered :: explain SELECT k FROM sbtest%d WHERE k BETWEEN 1801866 AND 1801966
for range-covered
table 1 : explain SELECT k FROM sbtest1 WHERE k BETWEEN 7149265 AND 7149365
	Index Only Scan using k_1 on sbtest1  (cost=0.43..6.40 rows=98 width=4)
	  Index Cond: ((k >= 7149265) AND (k <= 7149365))

table 2 : explain SELECT k FROM sbtest2 WHERE k BETWEEN 7149265 AND 7149365
	Index Only Scan using k_2 on sbtest2  (cost=0.43..6.43 rows=100 width=4)
	  Index Cond: ((k >= 7149265) AND (k <= 7149365))

table 3 : explain SELECT k FROM sbtest3 WHERE k BETWEEN 7149265 AND 7149365
	Index Only Scan using k_3 on sbtest3  (cost=0.43..6.43 rows=100 width=4)
	  Index Cond: ((k >= 7149265) AND (k <= 7149365))

table 4 : explain SELECT k FROM sbtest4 WHERE k BETWEEN 7149265 AND 7149365
	Index Only Scan using k_4 on sbtest4  (cost=0.43..6.37 rows=97 width=4)
	  Index Cond: ((k >= 7149265) AND (k <= 7149365))

table 5 : explain SELECT k FROM sbtest5 WHERE k BETWEEN 7149265 AND 7149365
	Index Only Scan using k_5 on sbtest5  (cost=0.43..6.50 rows=103 width=4)
	  Index Cond: ((k >= 7149265) AND (k <= 7149365))

table 6 : explain SELECT k FROM sbtest6 WHERE k BETWEEN 7149265 AND 7149365
	Index Only Scan using k_6 on sbtest6  (cost=0.43..6.51 rows=104 width=4)
	  Index Cond: ((k >= 7149265) AND (k <= 7149365))

table 7 : explain SELECT k FROM sbtest7 WHERE k BETWEEN 7149265 AND 7149365
	Index Only Scan using k_7 on sbtest7  (cost=0.43..6.24 rows=90 width=4)
	  Index Cond: ((k >= 7149265) AND (k <= 7149365))

table 8 : explain SELECT k FROM sbtest8 WHERE k BETWEEN 7149265 AND 7149365
	Index Only Scan using k_8 on sbtest8  (cost=0.43..6.50 rows=103 width=4)
	  Index Cond: ((k >= 7149265) AND (k <= 7149365))

for range-covered
table 1 : explain SELECT k FROM sbtest1 WHERE k BETWEEN 4045346 AND 4045446
	Index Only Scan using k_1 on sbtest1  (cost=0.43..6.53 rows=105 width=4)
	  Index Cond: ((k >= 4045346) AND (k <= 4045446))

table 2 : explain SELECT k FROM sbtest2 WHERE k BETWEEN 4045346 AND 4045446
	Index Only Scan using k_2 on sbtest2  (cost=0.43..6.58 rows=107 width=4)
	  Index Cond: ((k >= 4045346) AND (k <= 4045446))

table 3 : explain SELECT k FROM sbtest3 WHERE k BETWEEN 4045346 AND 4045446
	Index Only Scan using k_3 on sbtest3  (cost=0.43..6.50 rows=103 width=4)
	  Index Cond: ((k >= 4045346) AND (k <= 4045446))

table 4 : explain SELECT k FROM sbtest4 WHERE k BETWEEN 4045346 AND 4045446
	Index Only Scan using k_4 on sbtest4  (cost=0.43..6.59 rows=108 width=4)
	  Index Cond: ((k >= 4045346) AND (k <= 4045446))

table 5 : explain SELECT k FROM sbtest5 WHERE k BETWEEN 4045346 AND 4045446
	Index Only Scan using k_5 on sbtest5  (cost=0.43..6.67 rows=112 width=4)
	  Index Cond: ((k >= 4045346) AND (k <= 4045446))

table 6 : explain SELECT k FROM sbtest6 WHERE k BETWEEN 4045346 AND 4045446
	Index Only Scan using k_6 on sbtest6  (cost=0.43..6.50 rows=103 width=4)
	  Index Cond: ((k >= 4045346) AND (k <= 4045446))

table 7 : explain SELECT k FROM sbtest7 WHERE k BETWEEN 4045346 AND 4045446
	Index Only Scan using k_7 on sbtest7  (cost=0.43..6.50 rows=103 width=4)
	  Index Cond: ((k >= 4045346) AND (k <= 4045446))

table 8 : explain SELECT k FROM sbtest8 WHERE k BETWEEN 4045346 AND 4045446
	Index Only Scan using k_8 on sbtest8  (cost=0.43..6.33 rows=95 width=4)
	  Index Cond: ((k >= 4045346) AND (k <= 4045446))

for range-covered
table 1 : explain SELECT k FROM sbtest1 WHERE k BETWEEN 7405856 AND 7405956
	Index Only Scan using k_1 on sbtest1  (cost=0.43..6.37 rows=97 width=4)
	  Index Cond: ((k >= 7405856) AND (k <= 7405956))

table 2 : explain SELECT k FROM sbtest2 WHERE k BETWEEN 7405856 AND 7405956
	Index Only Scan using k_2 on sbtest2  (cost=0.43..6.53 rows=105 width=4)
	  Index Cond: ((k >= 7405856) AND (k <= 7405956))

table 3 : explain SELECT k FROM sbtest3 WHERE k BETWEEN 7405856 AND 7405956
	Index Only Scan using k_3 on sbtest3  (cost=0.43..6.50 rows=103 width=4)
	  Index Cond: ((k >= 7405856) AND (k <= 7405956))

table 4 : explain SELECT k FROM sbtest4 WHERE k BETWEEN 7405856 AND 7405956
	Index Only Scan using k_4 on sbtest4  (cost=0.43..6.32 rows=94 width=4)
	  Index Cond: ((k >= 7405856) AND (k <= 7405956))

table 5 : explain SELECT k FROM sbtest5 WHERE k BETWEEN 7405856 AND 7405956
	Index Only Scan using k_5 on sbtest5  (cost=0.43..6.59 rows=108 width=4)
	  Index Cond: ((k >= 7405856) AND (k <= 7405956))

table 6 : explain SELECT k FROM sbtest6 WHERE k BETWEEN 7405856 AND 7405956
	Index Only Scan using k_6 on sbtest6  (cost=0.43..6.50 rows=103 width=4)
	  Index Cond: ((k >= 7405856) AND (k <= 7405956))

table 7 : explain SELECT k FROM sbtest7 WHERE k BETWEEN 7405856 AND 7405956
	Index Only Scan using k_7 on sbtest7  (cost=0.43..6.35 rows=96 width=4)
	  Index Cond: ((k >= 7405856) AND (k <= 7405956))

table 8 : explain SELECT k FROM sbtest8 WHERE k BETWEEN 7405856 AND 7405956
	Index Only Scan using k_8 on sbtest8  (cost=0.43..6.59 rows=108 width=4)
	  Index Cond: ((k >= 7405856) AND (k <= 7405956))

explain: for range-covered :: explain SELECT k FROM sbtest%d WHERE k BETWEEN 7149265 AND 7149365
for range-covered
table 1 : explain SELECT k FROM sbtest1 WHERE k BETWEEN 6433242 AND 6433342
	Index Only Scan using k_1 on sbtest1  (cost=0.43..6.45 rows=101 width=4)
	  Index Cond: ((k >= 6433242) AND (k <= 6433342))

table 2 : explain SELECT k FROM sbtest2 WHERE k BETWEEN 6433242 AND 6433342
	Index Only Scan using k_2 on sbtest2  (cost=0.43..6.29 rows=93 width=4)
	  Index Cond: ((k >= 6433242) AND (k <= 6433342))

table 3 : explain SELECT k FROM sbtest3 WHERE k BETWEEN 6433242 AND 6433342
	Index Only Scan using k_3 on sbtest3  (cost=0.43..6.63 rows=110 width=4)
	  Index Cond: ((k >= 6433242) AND (k <= 6433342))

table 4 : explain SELECT k FROM sbtest4 WHERE k BETWEEN 6433242 AND 6433342
	Index Only Scan using k_4 on sbtest4  (cost=0.43..6.40 rows=98 width=4)
	  Index Cond: ((k >= 6433242) AND (k <= 6433342))

table 5 : explain SELECT k FROM sbtest5 WHERE k BETWEEN 6433242 AND 6433342
	Index Only Scan using k_5 on sbtest5  (cost=0.43..6.37 rows=97 width=4)
	  Index Cond: ((k >= 6433242) AND (k <= 6433342))

table 6 : explain SELECT k FROM sbtest6 WHERE k BETWEEN 6433242 AND 6433342
	Index Only Scan using k_6 on sbtest6  (cost=0.43..6.43 rows=100 width=4)
	  Index Cond: ((k >= 6433242) AND (k <= 6433342))

table 7 : explain SELECT k FROM sbtest7 WHERE k BETWEEN 6433242 AND 6433342
	Index Only Scan using k_7 on sbtest7  (cost=0.43..6.50 rows=103 width=4)
	  Index Cond: ((k >= 6433242) AND (k <= 6433342))

table 8 : explain SELECT k FROM sbtest8 WHERE k BETWEEN 6433242 AND 6433342
	Index Only Scan using k_8 on sbtest8  (cost=0.43..6.27 rows=92 width=4)
	  Index Cond: ((k >= 6433242) AND (k <= 6433342))

explain: for range-covered :: explain SELECT k FROM sbtest%d WHERE k BETWEEN 7405856 AND 7405956
for range-covered
table 1 : explain SELECT k FROM sbtest1 WHERE k BETWEEN 8956856 AND 8956956
	Index Only Scan using k_1 on sbtest1  (cost=0.43..6.35 rows=96 width=4)
	  Index Cond: ((k >= 8956856) AND (k <= 8956956))

table 2 : explain SELECT k FROM sbtest2 WHERE k BETWEEN 8956856 AND 8956956
	Index Only Scan using k_2 on sbtest2  (cost=0.43..6.50 rows=103 width=4)
	  Index Cond: ((k >= 8956856) AND (k <= 8956956))

table 3 : explain SELECT k FROM sbtest3 WHERE k BETWEEN 8956856 AND 8956956
	Index Only Scan using k_3 on sbtest3  (cost=0.43..6.29 rows=93 width=4)
	  Index Cond: ((k >= 8956856) AND (k <= 8956956))

table 4 : explain SELECT k FROM sbtest4 WHERE k BETWEEN 8956856 AND 8956956
	Index Only Scan using k_4 on sbtest4  (cost=0.43..6.42 rows=99 width=4)
	  Index Cond: ((k >= 8956856) AND (k <= 8956956))

table 5 : explain SELECT k FROM sbtest5 WHERE k BETWEEN 8956856 AND 8956956
	Index Only Scan using k_5 on sbtest5  (cost=0.43..6.66 rows=111 width=4)
	  Index Cond: ((k >= 8956856) AND (k <= 8956956))

table 6 : explain SELECT k FROM sbtest6 WHERE k BETWEEN 8956856 AND 8956956
	Index Only Scan using k_6 on sbtest6  (cost=0.43..6.53 rows=105 width=4)
	  Index Cond: ((k >= 8956856) AND (k <= 8956956))

table 7 : explain SELECT k FROM sbtest7 WHERE k BETWEEN 8956856 AND 8956956
	Index Only Scan using k_7 on sbtest7  (cost=0.43..6.59 rows=108 width=4)
	  Index Cond: ((k >= 8956856) AND (k <= 8956956))

table 8 : explain SELECT k FROM sbtest8 WHERE k BETWEEN 8956856 AND 8956956
	Index Only Scan using k_8 on sbtest8  (cost=0.43..6.51 rows=104 width=4)
	  Index Cond: ((k >= 8956856) AND (k <= 8956956))

explain: for range-covered :: explain SELECT k FROM sbtest%d WHERE k BETWEEN 6433242 AND 6433342
explain: for range-covered :: explain SELECT k FROM sbtest%d WHERE k BETWEEN 4045346 AND 4045446
explain: for range-covered :: explain SELECT k FROM sbtest%d WHERE k BETWEEN 8956856 AND 8956956
for range-covered
table 1 : explain SELECT k FROM sbtest1 WHERE k BETWEEN 3403433 AND 3403533
	Index Only Scan using k_1 on sbtest1  (cost=0.43..6.74 rows=115 width=4)
	  Index Cond: ((k >= 3403433) AND (k <= 3403533))

table 2 : explain SELECT k FROM sbtest2 WHERE k BETWEEN 3403433 AND 3403533
	Index Only Scan using k_2 on sbtest2  (cost=0.43..6.47 rows=102 width=4)
	  Index Cond: ((k >= 3403433) AND (k <= 3403533))

table 3 : explain SELECT k FROM sbtest3 WHERE k BETWEEN 3403433 AND 3403533
	Index Only Scan using k_3 on sbtest3  (cost=0.43..6.59 rows=108 width=4)
	  Index Cond: ((k >= 3403433) AND (k <= 3403533))

table 4 : explain SELECT k FROM sbtest4 WHERE k BETWEEN 3403433 AND 3403533
	Index Only Scan using k_4 on sbtest4  (cost=0.43..6.43 rows=100 width=4)
	  Index Cond: ((k >= 3403433) AND (k <= 3403533))

table 5 : explain SELECT k FROM sbtest5 WHERE k BETWEEN 3403433 AND 3403533
	Index Only Scan using k_5 on sbtest5  (cost=0.43..6.47 rows=102 width=4)
	  Index Cond: ((k >= 3403433) AND (k <= 3403533))

table 6 : explain SELECT k FROM sbtest6 WHERE k BETWEEN 3403433 AND 3403533
	Index Only Scan using k_6 on sbtest6  (cost=0.43..6.33 rows=95 width=4)
	  Index Cond: ((k >= 3403433) AND (k <= 3403533))

table 7 : explain SELECT k FROM sbtest7 WHERE k BETWEEN 3403433 AND 3403533
	Index Only Scan using k_7 on sbtest7  (cost=0.43..6.50 rows=103 width=4)
	  Index Cond: ((k >= 3403433) AND (k <= 3403533))

table 8 : explain SELECT k FROM sbtest8 WHERE k BETWEEN 3403433 AND 3403533
	Index Only Scan using k_8 on sbtest8  (cost=0.43..6.27 rows=92 width=4)
	  Index Cond: ((k >= 3403433) AND (k <= 3403533))

explain: for range-covered :: explain SELECT k FROM sbtest%d WHERE k BETWEEN 3403433 AND 3403533
for range-covered
table 1 : explain SELECT k FROM sbtest1 WHERE k BETWEEN 6893393 AND 6893493
	Index Only Scan using k_1 on sbtest1  (cost=0.43..6.85 rows=121 width=4)
	  Index Cond: ((k >= 6893393) AND (k <= 6893493))

table 2 : explain SELECT k FROM sbtest2 WHERE k BETWEEN 6893393 AND 6893493
	Index Only Scan using k_2 on sbtest2  (cost=0.43..6.53 rows=105 width=4)
	  Index Cond: ((k >= 6893393) AND (k <= 6893493))

table 3 : explain SELECT k FROM sbtest3 WHERE k BETWEEN 6893393 AND 6893493
	Index Only Scan using k_3 on sbtest3  (cost=0.43..6.43 rows=100 width=4)
	  Index Cond: ((k >= 6893393) AND (k <= 6893493))

table 4 : explain SELECT k FROM sbtest4 WHERE k BETWEEN 6893393 AND 6893493
	Index Only Scan using k_4 on sbtest4  (cost=0.43..6.51 rows=104 width=4)
	  Index Cond: ((k >= 6893393) AND (k <= 6893493))

table 5 : explain SELECT k FROM sbtest5 WHERE k BETWEEN 6893393 AND 6893493
	Index Only Scan using k_5 on sbtest5  (cost=0.43..6.43 rows=100 width=4)
	  Index Cond: ((k >= 6893393) AND (k <= 6893493))

table 6 : explain SELECT k FROM sbtest6 WHERE k BETWEEN 6893393 AND 6893493
	Index Only Scan using k_6 on sbtest6  (cost=0.43..6.43 rows=100 width=4)
	  Index Cond: ((k >= 6893393) AND (k <= 6893493))

table 7 : explain SELECT k FROM sbtest7 WHERE k BETWEEN 6893393 AND 6893493
	Index Only Scan using k_7 on sbtest7  (cost=0.43..6.37 rows=97 width=4)
	  Index Cond: ((k >= 6893393) AND (k <= 6893493))

table 8 : explain SELECT k FROM sbtest8 WHERE k BETWEEN 6893393 AND 6893493
	Index Only Scan using k_8 on sbtest8  (cost=0.43..6.43 rows=100 width=4)
	  Index Cond: ((k >= 6893393) AND (k <= 6893493))

for range-covered
table 1 : explain SELECT k FROM sbtest1 WHERE k BETWEEN 6819884 AND 6819984
	Index Only Scan using k_1 on sbtest1  (cost=0.43..6.63 rows=110 width=4)
	  Index Cond: ((k >= 6819884) AND (k <= 6819984))

table 2 : explain SELECT k FROM sbtest2 WHERE k BETWEEN 6819884 AND 6819984
	Index Only Scan using k_2 on sbtest2  (cost=0.43..6.53 rows=105 width=4)
	  Index Cond: ((k >= 6819884) AND (k <= 6819984))

table 3 : explain SELECT k FROM sbtest3 WHERE k BETWEEN 6819884 AND 6819984
	Index Only Scan using k_3 on sbtest3  (cost=0.43..6.47 rows=102 width=4)
	  Index Cond: ((k >= 6819884) AND (k <= 6819984))

table 4 : explain SELECT k FROM sbtest4 WHERE k BETWEEN 6819884 AND 6819984
	Index Only Scan using k_4 on sbtest4  (cost=0.43..6.53 rows=105 width=4)
	  Index Cond: ((k >= 6819884) AND (k <= 6819984))

table 5 : explain SELECT k FROM sbtest5 WHERE k BETWEEN 6819884 AND 6819984
	Index Only Scan using k_5 on sbtest5  (cost=0.43..6.33 rows=95 width=4)
	  Index Cond: ((k >= 6819884) AND (k <= 6819984))

table 6 : explain SELECT k FROM sbtest6 WHERE k BETWEEN 6819884 AND 6819984
	Index Only Scan using k_6 on sbtest6  (cost=0.43..6.58 rows=107 width=4)
	  Index Cond: ((k >= 6819884) AND (k <= 6819984))

table 7 : explain SELECT k FROM sbtest7 WHERE k BETWEEN 6819884 AND 6819984
	Index Only Scan using k_7 on sbtest7  (cost=0.43..6.43 rows=100 width=4)
	  Index Cond: ((k >= 6819884) AND (k <= 6819984))

table 8 : explain SELECT k FROM sbtest8 WHERE k BETWEEN 6819884 AND 6819984
	Index Only Scan using k_8 on sbtest8  (cost=0.43..6.43 rows=100 width=4)
	  Index Cond: ((k >= 6819884) AND (k <= 6819984))

for range-covered
table 1 : explain SELECT k FROM sbtest1 WHERE k BETWEEN 3417467 AND 3417567
	Index Only Scan using k_1 on sbtest1  (cost=0.43..6.74 rows=115 width=4)
	  Index Cond: ((k >= 3417467) AND (k <= 3417567))

table 2 : explain SELECT k FROM sbtest2 WHERE k BETWEEN 3417467 AND 3417567
	Index Only Scan using k_2 on sbtest2  (cost=0.43..6.47 rows=102 width=4)
	  Index Cond: ((k >= 3417467) AND (k <= 3417567))

table 3 : explain SELECT k FROM sbtest3 WHERE k BETWEEN 3417467 AND 3417567
	Index Only Scan using k_3 on sbtest3  (cost=0.43..6.59 rows=108 width=4)
	  Index Cond: ((k >= 3417467) AND (k <= 3417567))

table 4 : explain SELECT k FROM sbtest4 WHERE k BETWEEN 3417467 AND 3417567
	Index Only Scan using k_4 on sbtest4  (cost=0.43..6.43 rows=100 width=4)
	  Index Cond: ((k >= 3417467) AND (k <= 3417567))

table 5 : explain SELECT k FROM sbtest5 WHERE k BETWEEN 3417467 AND 3417567
	Index Only Scan using k_5 on sbtest5  (cost=0.43..6.47 rows=102 width=4)
	  Index Cond: ((k >= 3417467) AND (k <= 3417567))

table 6 : explain SELECT k FROM sbtest6 WHERE k BETWEEN 3417467 AND 3417567
	Index Only Scan using k_6 on sbtest6  (cost=0.43..6.33 rows=95 width=4)
	  Index Cond: ((k >= 3417467) AND (k <= 3417567))

table 7 : explain SELECT k FROM sbtest7 WHERE k BETWEEN 3417467 AND 3417567
	Index Only Scan using k_7 on sbtest7  (cost=0.43..6.50 rows=103 width=4)
	  Index Cond: ((k >= 3417467) AND (k <= 3417567))

table 8 : explain SELECT k FROM sbtest8 WHERE k BETWEEN 3417467 AND 3417567
	Index Only Scan using k_8 on sbtest8  (cost=0.43..6.27 rows=92 width=4)
	  Index Cond: ((k >= 3417467) AND (k <= 3417567))

explain: for range-covered :: explain SELECT k FROM sbtest%d WHERE k BETWEEN 6819884 AND 6819984
explain: for range-covered :: explain SELECT k FROM sbtest%d WHERE k BETWEEN 6893393 AND 6893493
for range-covered
table 1 : explain SELECT k FROM sbtest1 WHERE k BETWEEN 4026922 AND 4027022
	Index Only Scan using k_1 on sbtest1  (cost=0.43..6.53 rows=105 width=4)
	  Index Cond: ((k >= 4026922) AND (k <= 4027022))

table 2 : explain SELECT k FROM sbtest2 WHERE k BETWEEN 4026922 AND 4027022
	Index Only Scan using k_2 on sbtest2  (cost=0.43..6.58 rows=107 width=4)
	  Index Cond: ((k >= 4026922) AND (k <= 4027022))

table 3 : explain SELECT k FROM sbtest3 WHERE k BETWEEN 4026922 AND 4027022
	Index Only Scan using k_3 on sbtest3  (cost=0.43..6.50 rows=103 width=4)
	  Index Cond: ((k >= 4026922) AND (k <= 4027022))

table 4 : explain SELECT k FROM sbtest4 WHERE k BETWEEN 4026922 AND 4027022
	Index Only Scan using k_4 on sbtest4  (cost=0.43..6.59 rows=108 width=4)
	  Index Cond: ((k >= 4026922) AND (k <= 4027022))

table 5 : explain SELECT k FROM sbtest5 WHERE k BETWEEN 4026922 AND 4027022
	Index Only Scan using k_5 on sbtest5  (cost=0.43..6.67 rows=112 width=4)
	  Index Cond: ((k >= 4026922) AND (k <= 4027022))

table 6 : explain SELECT k FROM sbtest6 WHERE k BETWEEN 4026922 AND 4027022
	Index Only Scan using k_6 on sbtest6  (cost=0.43..6.50 rows=103 width=4)
	  Index Cond: ((k >= 4026922) AND (k <= 4027022))

table 7 : explain SELECT k FROM sbtest7 WHERE k BETWEEN 4026922 AND 4027022
	Index Only Scan using k_7 on sbtest7  (cost=0.43..6.50 rows=103 width=4)
	  Index Cond: ((k >= 4026922) AND (k <= 4027022))

table 8 : explain SELECT k FROM sbtest8 WHERE k BETWEEN 4026922 AND 4027022
	Index Only Scan using k_8 on sbtest8  (cost=0.43..6.33 rows=95 width=4)
	  Index Cond: ((k >= 4026922) AND (k <= 4027022))

for range-covered
table 1 : explain SELECT k FROM sbtest1 WHERE k BETWEEN 7149265 AND 7149365
	Index Only Scan using k_1 on sbtest1  (cost=0.43..6.40 rows=98 width=4)
	  Index Cond: ((k >= 7149265) AND (k <= 7149365))

table 2 : explain SELECT k FROM sbtest2 WHERE k BETWEEN 7149265 AND 7149365
	Index Only Scan using k_2 on sbtest2  (cost=0.43..6.43 rows=100 width=4)
	  Index Cond: ((k >= 7149265) AND (k <= 7149365))

table 3 : explain SELECT k FROM sbtest3 WHERE k BETWEEN 7149265 AND 7149365
	Index Only Scan using k_3 on sbtest3  (cost=0.43..6.43 rows=100 width=4)
	  Index Cond: ((k >= 7149265) AND (k <= 7149365))

table 4 : explain SELECT k FROM sbtest4 WHERE k BETWEEN 7149265 AND 7149365
	Index Only Scan using k_4 on sbtest4  (cost=0.43..6.37 rows=97 width=4)
	  Index Cond: ((k >= 7149265) AND (k <= 7149365))

table 5 : explain SELECT k FROM sbtest5 WHERE k BETWEEN 7149265 AND 7149365
	Index Only Scan using k_5 on sbtest5  (cost=0.43..6.50 rows=103 width=4)
	  Index Cond: ((k >= 7149265) AND (k <= 7149365))

table 6 : explain SELECT k FROM sbtest6 WHERE k BETWEEN 7149265 AND 7149365
	Index Only Scan using k_6 on sbtest6  (cost=0.43..6.51 rows=104 width=4)
	  Index Cond: ((k >= 7149265) AND (k <= 7149365))

table 7 : explain SELECT k FROM sbtest7 WHERE k BETWEEN 7149265 AND 7149365
	Index Only Scan using k_7 on sbtest7  (cost=0.43..6.24 rows=90 width=4)
	  Index Cond: ((k >= 7149265) AND (k <= 7149365))

table 8 : explain SELECT k FROM sbtest8 WHERE k BETWEEN 7149265 AND 7149365
	Index Only Scan using k_8 on sbtest8  (cost=0.43..6.50 rows=103 width=4)
	  Index Cond: ((k >= 7149265) AND (k <= 7149365))

for range-covered
table 1 : explain SELECT k FROM sbtest1 WHERE k BETWEEN 7405856 AND 7405956
	Index Only Scan using k_1 on sbtest1  (cost=0.43..6.37 rows=97 width=4)
	  Index Cond: ((k >= 7405856) AND (k <= 7405956))

table 2 : explain SELECT k FROM sbtest2 WHERE k BETWEEN 7405856 AND 7405956
	Index Only Scan using k_2 on sbtest2  (cost=0.43..6.53 rows=105 width=4)
	  Index Cond: ((k >= 7405856) AND (k <= 7405956))

table 3 : explain SELECT k FROM sbtest3 WHERE k BETWEEN 7405856 AND 7405956
	Index Only Scan using k_3 on sbtest3  (cost=0.43..6.50 rows=103 width=4)
	  Index Cond: ((k >= 7405856) AND (k <= 7405956))

table 4 : explain SELECT k FROM sbtest4 WHERE k BETWEEN 7405856 AND 7405956
	Index Only Scan using k_4 on sbtest4  (cost=0.43..6.32 rows=94 width=4)
	  Index Cond: ((k >= 7405856) AND (k <= 7405956))

table 5 : explain SELECT k FROM sbtest5 WHERE k BETWEEN 7405856 AND 7405956
	Index Only Scan using k_5 on sbtest5  (cost=0.43..6.59 rows=108 width=4)
	  Index Cond: ((k >= 7405856) AND (k <= 7405956))

table 6 : explain SELECT k FROM sbtest6 WHERE k BETWEEN 7405856 AND 7405956
	Index Only Scan using k_6 on sbtest6  (cost=0.43..6.50 rows=103 width=4)
	  Index Cond: ((k >= 7405856) AND (k <= 7405956))

table 7 : explain SELECT k FROM sbtest7 WHERE k BETWEEN 7405856 AND 7405956
	Index Only Scan using k_7 on sbtest7  (cost=0.43..6.35 rows=96 width=4)
	  Index Cond: ((k >= 7405856) AND (k <= 7405956))

table 8 : explain SELECT k FROM sbtest8 WHERE k BETWEEN 7405856 AND 7405956
	Index Only Scan using k_8 on sbtest8  (cost=0.43..6.59 rows=108 width=4)
	  Index Cond: ((k >= 7405856) AND (k <= 7405956))

explain: for range-covered :: explain SELECT k FROM sbtest%d WHERE k BETWEEN 4026922 AND 4027022
explain: for range-covered :: explain SELECT k FROM sbtest%d WHERE k BETWEEN 7149265 AND 7149365
explain: for range-covered :: explain SELECT k FROM sbtest%d WHERE k BETWEEN 7405856 AND 7405956
for range-covered
table 1 : explain SELECT k FROM sbtest1 WHERE k BETWEEN 6589546 AND 6589646
	Index Only Scan using k_1 on sbtest1  (cost=0.43..6.40 rows=98 width=4)
	  Index Cond: ((k >= 6589546) AND (k <= 6589646))

table 2 : explain SELECT k FROM sbtest2 WHERE k BETWEEN 6589546 AND 6589646
	Index Only Scan using k_2 on sbtest2  (cost=0.43..6.45 rows=101 width=4)
	  Index Cond: ((k >= 6589546) AND (k <= 6589646))

table 3 : explain SELECT k FROM sbtest3 WHERE k BETWEEN 6589546 AND 6589646
	Index Only Scan using k_3 on sbtest3  (cost=0.43..6.35 rows=96 width=4)
	  Index Cond: ((k >= 6589546) AND (k <= 6589646))

table 4 : explain SELECT k FROM sbtest4 WHERE k BETWEEN 6589546 AND 6589646
	Index Only Scan using k_4 on sbtest4  (cost=0.43..6.47 rows=102 width=4)
	  Index Cond: ((k >= 6589546) AND (k <= 6589646))

table 5 : explain SELECT k FROM sbtest5 WHERE k BETWEEN 6589546 AND 6589646
	Index Only Scan using k_5 on sbtest5  (cost=0.43..6.43 rows=100 width=4)
	  Index Cond: ((k >= 6589546) AND (k <= 6589646))

table 6 : explain SELECT k FROM sbtest6 WHERE k BETWEEN 6589546 AND 6589646
	Index Only Scan using k_6 on sbtest6  (cost=0.43..6.50 rows=103 width=4)
	  Index Cond: ((k >= 6589546) AND (k <= 6589646))

table 7 : explain SELECT k FROM sbtest7 WHERE k BETWEEN 6589546 AND 6589646
	Index Only Scan using k_7 on sbtest7  (cost=0.43..6.42 rows=99 width=4)
	  Index Cond: ((k >= 6589546) AND (k <= 6589646))

table 8 : explain SELECT k FROM sbtest8 WHERE k BETWEEN 6589546 AND 6589646
	Index Only Scan using k_8 on sbtest8  (cost=0.43..6.37 rows=97 width=4)
	  Index Cond: ((k >= 6589546) AND (k <= 6589646))

for range-covered
table 1 : explain SELECT k FROM sbtest1 WHERE k BETWEEN 1801866 AND 1801966
	Index Only Scan using k_1 on sbtest1  (cost=0.43..6.58 rows=107 width=4)
	  Index Cond: ((k >= 1801866) AND (k <= 1801966))

table 2 : explain SELECT k FROM sbtest2 WHERE k BETWEEN 1801866 AND 1801966
	Index Only Scan using k_2 on sbtest2  (cost=0.43..6.50 rows=103 width=4)
	  Index Cond: ((k >= 1801866) AND (k <= 1801966))

table 3 : explain SELECT k FROM sbtest3 WHERE k BETWEEN 1801866 AND 1801966
	Index Only Scan using k_3 on sbtest3  (cost=0.43..6.51 rows=104 width=4)
	  Index Cond: ((k >= 1801866) AND (k <= 1801966))

table 4 : explain SELECT k FROM sbtest4 WHERE k BETWEEN 1801866 AND 1801966
	Index Only Scan using k_4 on sbtest4  (cost=0.43..6.50 rows=103 width=4)
	  Index Cond: ((k >= 1801866) AND (k <= 1801966))

table 5 : explain SELECT k FROM sbtest5 WHERE k BETWEEN 1801866 AND 1801966
	Index Only Scan using k_5 on sbtest5  (cost=0.43..6.61 rows=109 width=4)
	  Index Cond: ((k >= 1801866) AND (k <= 1801966))

table 6 : explain SELECT k FROM sbtest6 WHERE k BETWEEN 1801866 AND 1801966
	Index Only Scan using k_6 on sbtest6  (cost=0.43..6.45 rows=101 width=4)
	  Index Cond: ((k >= 1801866) AND (k <= 1801966))

table 7 : explain SELECT k FROM sbtest7 WHERE k BETWEEN 1801866 AND 1801966
	Index Only Scan using k_7 on sbtest7  (cost=0.43..6.32 rows=94 width=4)
	  Index Cond: ((k >= 1801866) AND (k <= 1801966))

table 8 : explain SELECT k FROM sbtest8 WHERE k BETWEEN 1801866 AND 1801966
	Index Only Scan using k_8 on sbtest8  (cost=0.43..6.27 rows=92 width=4)
	  Index Cond: ((k >= 1801866) AND (k <= 1801966))

explain: for range-covered :: explain SELECT k FROM sbtest%d WHERE k BETWEEN 6589546 AND 6589646
explain: for range-covered :: explain SELECT k FROM sbtest%d WHERE k BETWEEN 1801866 AND 1801966
for range-covered
table 1 : explain SELECT k FROM sbtest1 WHERE k BETWEEN 6433242 AND 6433342
	Index Only Scan using k_1 on sbtest1  (cost=0.43..6.45 rows=101 width=4)
	  Index Cond: ((k >= 6433242) AND (k <= 6433342))

table 2 : explain SELECT k FROM sbtest2 WHERE k BETWEEN 6433242 AND 6433342
	Index Only Scan using k_2 on sbtest2  (cost=0.43..6.29 rows=93 width=4)
	  Index Cond: ((k >= 6433242) AND (k <= 6433342))

table 3 : explain SELECT k FROM sbtest3 WHERE k BETWEEN 6433242 AND 6433342
	Index Only Scan using k_3 on sbtest3  (cost=0.43..6.63 rows=110 width=4)
	  Index Cond: ((k >= 6433242) AND (k <= 6433342))

table 4 : explain SELECT k FROM sbtest4 WHERE k BETWEEN 6433242 AND 6433342
	Index Only Scan using k_4 on sbtest4  (cost=0.43..6.40 rows=98 width=4)
	  Index Cond: ((k >= 6433242) AND (k <= 6433342))

table 5 : explain SELECT k FROM sbtest5 WHERE k BETWEEN 6433242 AND 6433342
	Index Only Scan using k_5 on sbtest5  (cost=0.43..6.37 rows=97 width=4)
	  Index Cond: ((k >= 6433242) AND (k <= 6433342))

table 6 : explain SELECT k FROM sbtest6 WHERE k BETWEEN 6433242 AND 6433342
	Index Only Scan using k_6 on sbtest6  (cost=0.43..6.43 rows=100 width=4)
	  Index Cond: ((k >= 6433242) AND (k <= 6433342))

table 7 : explain SELECT k FROM sbtest7 WHERE k BETWEEN 6433242 AND 6433342
	Index Only Scan using k_7 on sbtest7  (cost=0.43..6.50 rows=103 width=4)
	  Index Cond: ((k >= 6433242) AND (k <= 6433342))

table 8 : explain SELECT k FROM sbtest8 WHERE k BETWEEN 6433242 AND 6433342
	Index Only Scan using k_8 on sbtest8  (cost=0.43..6.27 rows=92 width=4)
	  Index Cond: ((k >= 6433242) AND (k <= 6433342))

for range-covered
table 1 : explain SELECT k FROM sbtest1 WHERE k BETWEEN 3403433 AND 3403533
	Index Only Scan using k_1 on sbtest1  (cost=0.43..6.74 rows=115 width=4)
	  Index Cond: ((k >= 3403433) AND (k <= 3403533))

table 2 : explain SELECT k FROM sbtest2 WHERE k BETWEEN 3403433 AND 3403533
	Index Only Scan using k_2 on sbtest2  (cost=0.43..6.47 rows=102 width=4)
	  Index Cond: ((k >= 3403433) AND (k <= 3403533))

table 3 : explain SELECT k FROM sbtest3 WHERE k BETWEEN 3403433 AND 3403533
	Index Only Scan using k_3 on sbtest3  (cost=0.43..6.59 rows=108 width=4)
	  Index Cond: ((k >= 3403433) AND (k <= 3403533))

table 4 : explain SELECT k FROM sbtest4 WHERE k BETWEEN 3403433 AND 3403533
	Index Only Scan using k_4 on sbtest4  (cost=0.43..6.43 rows=100 width=4)
	  Index Cond: ((k >= 3403433) AND (k <= 3403533))

table 5 : explain SELECT k FROM sbtest5 WHERE k BETWEEN 3403433 AND 3403533
	Index Only Scan using k_5 on sbtest5  (cost=0.43..6.47 rows=102 width=4)
	  Index Cond: ((k >= 3403433) AND (k <= 3403533))

table 6 : explain SELECT k FROM sbtest6 WHERE k BETWEEN 3403433 AND 3403533
	Index Only Scan using k_6 on sbtest6  (cost=0.43..6.33 rows=95 width=4)
	  Index Cond: ((k >= 3403433) AND (k <= 3403533))

table 7 : explain SELECT k FROM sbtest7 WHERE k BETWEEN 3403433 AND 3403533
	Index Only Scan using k_7 on sbtest7  (cost=0.43..6.50 rows=103 width=4)
	  Index Cond: ((k >= 3403433) AND (k <= 3403533))

table 8 : explain SELECT k FROM sbtest8 WHERE k BETWEEN 3403433 AND 3403533
	Index Only Scan using k_8 on sbtest8  (cost=0.43..6.27 rows=92 width=4)
	  Index Cond: ((k >= 3403433) AND (k <= 3403533))

for range-covered
table 1 : explain SELECT k FROM sbtest1 WHERE k BETWEEN 6824442 AND 6824542
	Index Only Scan using k_1 on sbtest1  (cost=0.43..6.63 rows=110 width=4)
	  Index Cond: ((k >= 6824442) AND (k <= 6824542))

table 2 : explain SELECT k FROM sbtest2 WHERE k BETWEEN 6824442 AND 6824542
	Index Only Scan using k_2 on sbtest2  (cost=0.43..6.53 rows=105 width=4)
	  Index Cond: ((k >= 6824442) AND (k <= 6824542))

table 3 : explain SELECT k FROM sbtest3 WHERE k BETWEEN 6824442 AND 6824542
	Index Only Scan using k_3 on sbtest3  (cost=0.43..6.47 rows=102 width=4)
	  Index Cond: ((k >= 6824442) AND (k <= 6824542))

table 4 : explain SELECT k FROM sbtest4 WHERE k BETWEEN 6824442 AND 6824542
	Index Only Scan using k_4 on sbtest4  (cost=0.43..6.53 rows=105 width=4)
	  Index Cond: ((k >= 6824442) AND (k <= 6824542))

table 5 : explain SELECT k FROM sbtest5 WHERE k BETWEEN 6824442 AND 6824542
	Index Only Scan using k_5 on sbtest5  (cost=0.43..6.33 rows=95 width=4)
	  Index Cond: ((k >= 6824442) AND (k <= 6824542))

table 6 : explain SELECT k FROM sbtest6 WHERE k BETWEEN 6824442 AND 6824542
	Index Only Scan using k_6 on sbtest6  (cost=0.43..6.58 rows=107 width=4)
	  Index Cond: ((k >= 6824442) AND (k <= 6824542))

table 7 : explain SELECT k FROM sbtest7 WHERE k BETWEEN 6824442 AND 6824542
	Index Only Scan using k_7 on sbtest7  (cost=0.43..6.43 rows=100 width=4)
	  Index Cond: ((k >= 6824442) AND (k <= 6824542))

table 8 : explain SELECT k FROM sbtest8 WHERE k BETWEEN 6824442 AND 6824542
	Index Only Scan using k_8 on sbtest8  (cost=0.43..6.43 rows=100 width=4)
	  Index Cond: ((k >= 6824442) AND (k <= 6824542))

for range-covered
table 1 : explain SELECT k FROM sbtest1 WHERE k BETWEEN 4045346 AND 4045446
	Index Only Scan using k_1 on sbtest1  (cost=0.43..6.53 rows=105 width=4)
	  Index Cond: ((k >= 4045346) AND (k <= 4045446))

table 2 : explain SELECT k FROM sbtest2 WHERE k BETWEEN 4045346 AND 4045446
	Index Only Scan using k_2 on sbtest2  (cost=0.43..6.58 rows=107 width=4)
	  Index Cond: ((k >= 4045346) AND (k <= 4045446))

table 3 : explain SELECT k FROM sbtest3 WHERE k BETWEEN 4045346 AND 4045446
	Index Only Scan using k_3 on sbtest3  (cost=0.43..6.50 rows=103 width=4)
	  Index Cond: ((k >= 4045346) AND (k <= 4045446))

table 4 : explain SELECT k FROM sbtest4 WHERE k BETWEEN 4045346 AND 4045446
	Index Only Scan using k_4 on sbtest4  (cost=0.43..6.59 rows=108 width=4)
	  Index Cond: ((k >= 4045346) AND (k <= 4045446))

table 5 : explain SELECT k FROM sbtest5 WHERE k BETWEEN 4045346 AND 4045446
	Index Only Scan using k_5 on sbtest5  (cost=0.43..6.67 rows=112 width=4)
	  Index Cond: ((k >= 4045346) AND (k <= 4045446))

table 6 : explain SELECT k FROM sbtest6 WHERE k BETWEEN 4045346 AND 4045446
	Index Only Scan using k_6 on sbtest6  (cost=0.43..6.50 rows=103 width=4)
	  Index Cond: ((k >= 4045346) AND (k <= 4045446))

table 7 : explain SELECT k FROM sbtest7 WHERE k BETWEEN 4045346 AND 4045446
	Index Only Scan using k_7 on sbtest7  (cost=0.43..6.50 rows=103 width=4)
	  Index Cond: ((k >= 4045346) AND (k <= 4045446))

table 8 : explain SELECT k FROM sbtest8 WHERE k BETWEEN 4045346 AND 4045446
	Index Only Scan using k_8 on sbtest8  (cost=0.43..6.33 rows=95 width=4)
	  Index Cond: ((k >= 4045346) AND (k <= 4045446))

explain: for range-covered :: explain SELECT k FROM sbtest%d WHERE k BETWEEN 3403433 AND 3403533
for range-covered
table 1 : explain SELECT k FROM sbtest1 WHERE k BETWEEN 8956856 AND 8956956
	Index Only Scan using k_1 on sbtest1  (cost=0.43..6.35 rows=96 width=4)
	  Index Cond: ((k >= 8956856) AND (k <= 8956956))

table 2 : explain SELECT k FROM sbtest2 WHERE k BETWEEN 8956856 AND 8956956
	Index Only Scan using k_2 on sbtest2  (cost=0.43..6.50 rows=103 width=4)
	  Index Cond: ((k >= 8956856) AND (k <= 8956956))

table 3 : explain SELECT k FROM sbtest3 WHERE k BETWEEN 8956856 AND 8956956
	Index Only Scan using k_3 on sbtest3  (cost=0.43..6.29 rows=93 width=4)
	  Index Cond: ((k >= 8956856) AND (k <= 8956956))

table 4 : explain SELECT k FROM sbtest4 WHERE k BETWEEN 8956856 AND 8956956
	Index Only Scan using k_4 on sbtest4  (cost=0.43..6.42 rows=99 width=4)
	  Index Cond: ((k >= 8956856) AND (k <= 8956956))

table 5 : explain SELECT k FROM sbtest5 WHERE k BETWEEN 8956856 AND 8956956
	Index Only Scan using k_5 on sbtest5  (cost=0.43..6.66 rows=111 width=4)
	  Index Cond: ((k >= 8956856) AND (k <= 8956956))

table 6 : explain SELECT k FROM sbtest6 WHERE k BETWEEN 8956856 AND 8956956
	Index Only Scan using k_6 on sbtest6  (cost=0.43..6.53 rows=105 width=4)
	  Index Cond: ((k >= 8956856) AND (k <= 8956956))

table 7 : explain SELECT k FROM sbtest7 WHERE k BETWEEN 8956856 AND 8956956
	Index Only Scan using k_7 on sbtest7  (cost=0.43..6.59 rows=108 width=4)
	  Index Cond: ((k >= 8956856) AND (k <= 8956956))

table 8 : explain SELECT k FROM sbtest8 WHERE k BETWEEN 8956856 AND 8956956
	Index Only Scan using k_8 on sbtest8  (cost=0.43..6.51 rows=104 width=4)
	  Index Cond: ((k >= 8956856) AND (k <= 8956956))
for range-covered
table 1 : explain SELECT k FROM sbtest1 WHERE k BETWEEN 6819884 AND 6819984
	Index Only Scan using k_1 on sbtest1  (cost=0.43..6.63 rows=110 width=4)
	  Index Cond: ((k >= 6819884) AND (k <= 6819984))

table 2 : explain SELECT k FROM sbtest2 WHERE k BETWEEN 6819884 AND 6819984
	Index Only Scan using k_2 on sbtest2  (cost=0.43..6.53 rows=105 width=4)
	  Index Cond: ((k >= 6819884) AND (k <= 6819984))

table 3 : explain SELECT k FROM sbtest3 WHERE k BETWEEN 6819884 AND 6819984
	Index Only Scan using k_3 on sbtest3  (cost=0.43..6.47 rows=102 width=4)
	  Index Cond: ((k >= 6819884) AND (k <= 6819984))

table 4 : explain SELECT k FROM sbtest4 WHERE k BETWEEN 6819884 AND 6819984
	Index Only Scan using k_4 on sbtest4  (cost=0.43..6.53 rows=105 width=4)
	  Index Cond: ((k >= 6819884) AND (k <= 6819984))

table 5 : explain SELECT k FROM sbtest5 WHERE k BETWEEN 6819884 AND 6819984
	Index Only Scan using k_5 on sbtest5  (cost=0.43..6.33 rows=95 width=4)
	  Index Cond: ((k >= 6819884) AND (k <= 6819984))

table 6 : explain SELECT k FROM sbtest6 WHERE k BETWEEN 6819884 AND 6819984
	Index Only Scan using k_6 on sbtest6  (cost=0.43..6.58 rows=107 width=4)
	  Index Cond: ((k >= 6819884) AND (k <= 6819984))

table 7 : explain SELECT k FROM sbtest7 WHERE k BETWEEN 6819884 AND 6819984
	Index Only Scan using k_7 on sbtest7  (cost=0.43..6.43 rows=100 width=4)
	  Index Cond: ((k >= 6819884) AND (k <= 6819984))

table 8 : explain SELECT k FROM sbtest8 WHERE k BETWEEN 6819884 AND 6819984
	Index Only Scan using k_8 on sbtest8  (cost=0.43..6.43 rows=100 width=4)
	  Index Cond: ((k >= 6819884) AND (k <= 6819984))


explain: for range-covered :: explain SELECT k FROM sbtest%d WHERE k BETWEEN 6824442 AND 6824542
explain: for range-covered :: explain SELECT k FROM sbtest%d WHERE k BETWEEN 4045346 AND 4045446
for range-covered
table 1 : explain SELECT k FROM sbtest1 WHERE k BETWEEN 6893393 AND 6893493
	Index Only Scan using k_1 on sbtest1  (cost=0.43..6.85 rows=121 width=4)
	  Index Cond: ((k >= 6893393) AND (k <= 6893493))

table 2 : explain SELECT k FROM sbtest2 WHERE k BETWEEN 6893393 AND 6893493
	Index Only Scan using k_2 on sbtest2  (cost=0.43..6.53 rows=105 width=4)
	  Index Cond: ((k >= 6893393) AND (k <= 6893493))

table 3 : explain SELECT k FROM sbtest3 WHERE k BETWEEN 6893393 AND 6893493
	Index Only Scan using k_3 on sbtest3  (cost=0.43..6.43 rows=100 width=4)
	  Index Cond: ((k >= 6893393) AND (k <= 6893493))

table 4 : explain SELECT k FROM sbtest4 WHERE k BETWEEN 6893393 AND 6893493
	Index Only Scan using k_4 on sbtest4  (cost=0.43..6.51 rows=104 width=4)
	  Index Cond: ((k >= 6893393) AND (k <= 6893493))

table 5 : explain SELECT k FROM sbtest5 WHERE k BETWEEN 6893393 AND 6893493
	Index Only Scan using k_5 on sbtest5  (cost=0.43..6.43 rows=100 width=4)
	  Index Cond: ((k >= 6893393) AND (k <= 6893493))

table 6 : explain SELECT k FROM sbtest6 WHERE k BETWEEN 6893393 AND 6893493
	Index Only Scan using k_6 on sbtest6  (cost=0.43..6.43 rows=100 width=4)
	  Index Cond: ((k >= 6893393) AND (k <= 6893493))

table 7 : explain SELECT k FROM sbtest7 WHERE k BETWEEN 6893393 AND 6893493
	Index Only Scan using k_7 on sbtest7  (cost=0.43..6.37 rows=97 width=4)
	  Index Cond: ((k >= 6893393) AND (k <= 6893493))

table 8 : explain SELECT k FROM sbtest8 WHERE k BETWEEN 6893393 AND 6893493
	Index Only Scan using k_8 on sbtest8  (cost=0.43..6.43 rows=100 width=4)
	  Index Cond: ((k >= 6893393) AND (k <= 6893493))

explain: for range-covered :: explain SELECT k FROM sbtest%d WHERE k BETWEEN 8956856 AND 8956956
for range-covered
table 1 : explain SELECT k FROM sbtest1 WHERE k BETWEEN 4026922 AND 4027022
	Index Only Scan using k_1 on sbtest1  (cost=0.43..6.53 rows=105 width=4)
	  Index Cond: ((k >= 4026922) AND (k <= 4027022))

table 2 : explain SELECT k FROM sbtest2 WHERE k BETWEEN 4026922 AND 4027022
	Index Only Scan using k_2 on sbtest2  (cost=0.43..6.58 rows=107 width=4)
	  Index Cond: ((k >= 4026922) AND (k <= 4027022))

table 3 : explain SELECT k FROM sbtest3 WHERE k BETWEEN 4026922 AND 4027022
	Index Only Scan using k_3 on sbtest3  (cost=0.43..6.50 rows=103 width=4)
	  Index Cond: ((k >= 4026922) AND (k <= 4027022))

table 4 : explain SELECT k FROM sbtest4 WHERE k BETWEEN 4026922 AND 4027022
	Index Only Scan using k_4 on sbtest4  (cost=0.43..6.59 rows=108 width=4)
	  Index Cond: ((k >= 4026922) AND (k <= 4027022))

table 5 : explain SELECT k FROM sbtest5 WHERE k BETWEEN 4026922 AND 4027022
	Index Only Scan using k_5 on sbtest5  (cost=0.43..6.67 rows=112 width=4)
	  Index Cond: ((k >= 4026922) AND (k <= 4027022))

table 6 : explain SELECT k FROM sbtest6 WHERE k BETWEEN 4026922 AND 4027022
	Index Only Scan using k_6 on sbtest6  (cost=0.43..6.50 rows=103 width=4)
	  Index Cond: ((k >= 4026922) AND (k <= 4027022))

table 7 : explain SELECT k FROM sbtest7 WHERE k BETWEEN 4026922 AND 4027022
	Index Only Scan using k_7 on sbtest7  (cost=0.43..6.50 rows=103 width=4)
	  Index Cond: ((k >= 4026922) AND (k <= 4027022))

table 8 : explain SELECT k FROM sbtest8 WHERE k BETWEEN 4026922 AND 4027022
	Index Only Scan using k_8 on sbtest8  (cost=0.43..6.33 rows=95 width=4)
	  Index Cond: ((k >= 4026922) AND (k <= 4027022))

explain: for range-covered :: explain SELECT k FROM sbtest%d WHERE k BETWEEN 6819884 AND 6819984for range-covered
table 1 : explain SELECT k FROM sbtest1 WHERE k BETWEEN 7405856 AND 7405956
	Index Only Scan using k_1 on sbtest1  (cost=0.43..6.37 rows=97 width=4)
	  Index Cond: ((k >= 7405856) AND (k <= 7405956))

table 2 : explain SELECT k FROM sbtest2 WHERE k BETWEEN 7405856 AND 7405956
	Index Only Scan using k_2 on sbtest2  (cost=0.43..6.53 rows=105 width=4)
	  Index Cond: ((k >= 7405856) AND (k <= 7405956))

table 3 : explain SELECT k FROM sbtest3 WHERE k BETWEEN 7405856 AND 7405956
	Index Only Scan using k_3 on sbtest3  (cost=0.43..6.50 rows=103 width=4)
	  Index Cond: ((k >= 7405856) AND (k <= 7405956))

table 4 : explain SELECT k FROM sbtest4 WHERE k BETWEEN 7405856 AND 7405956
	Index Only Scan using k_4 on sbtest4  (cost=0.43..6.32 rows=94 width=4)
	  Index Cond: ((k >= 7405856) AND (k <= 7405956))

table 5 : explain SELECT k FROM sbtest5 WHERE k BETWEEN 7405856 AND 7405956
	Index Only Scan using k_5 on sbtest5  (cost=0.43..6.59 rows=108 width=4)
	  Index Cond: ((k >= 7405856) AND (k <= 7405956))

table 6 : explain SELECT k FROM sbtest6 WHERE k BETWEEN 7405856 AND 7405956
	Index Only Scan using k_6 on sbtest6  (cost=0.43..6.50 rows=103 width=4)
	  Index Cond: ((k >= 7405856) AND (k <= 7405956))

table 7 : explain SELECT k FROM sbtest7 WHERE k BETWEEN 7405856 AND 7405956
	Index Only Scan using k_7 on sbtest7  (cost=0.43..6.35 rows=96 width=4)
	  Index Cond: ((k >= 7405856) AND (k <= 7405956))

table 8 : explain SELECT k FROM sbtest8 WHERE k BETWEEN 7405856 AND 7405956
	Index Only Scan using k_8 on sbtest8  (cost=0.43..6.59 rows=108 width=4)
	  Index Cond: ((k >= 7405856) AND (k <= 7405956))


for range-covered
table 1 : explain SELECT k FROM sbtest1 WHERE k BETWEEN 7149265 AND 7149365
	Index Only Scan using k_1 on sbtest1  (cost=0.43..6.40 rows=98 width=4)
	  Index Cond: ((k >= 7149265) AND (k <= 7149365))

table 2 : explain SELECT k FROM sbtest2 WHERE k BETWEEN 7149265 AND 7149365
	Index Only Scan using k_2 on sbtest2  (cost=0.43..6.43 rows=100 width=4)
	  Index Cond: ((k >= 7149265) AND (k <= 7149365))

table 3 : explain SELECT k FROM sbtest3 WHERE k BETWEEN 7149265 AND 7149365
	Index Only Scan using k_3 on sbtest3  (cost=0.43..6.43 rows=100 width=4)
	  Index Cond: ((k >= 7149265) AND (k <= 7149365))

table 4 : explain SELECT k FROM sbtest4 WHERE k BETWEEN 7149265 AND 7149365
	Index Only Scan using k_4 on sbtest4  (cost=0.43..6.37 rows=97 width=4)
	  Index Cond: ((k >= 7149265) AND (k <= 7149365))

table 5 : explain SELECT k FROM sbtest5 WHERE k BETWEEN 7149265 AND 7149365
	Index Only Scan using k_5 on sbtest5  (cost=0.43..6.50 rows=103 width=4)
	  Index Cond: ((k >= 7149265) AND (k <= 7149365))

table 6 : explain SELECT k FROM sbtest6 WHERE k BETWEEN 7149265 AND 7149365
	Index Only Scan using k_6 on sbtest6  (cost=0.43..6.51 rows=104 width=4)
	  Index Cond: ((k >= 7149265) AND (k <= 7149365))

table 7 : explain SELECT k FROM sbtest7 WHERE k BETWEEN 7149265 AND 7149365
	Index Only Scan using k_7 on sbtest7  (cost=0.43..6.24 rows=90 width=4)
	  Index Cond: ((k >= 7149265) AND (k <= 7149365))

table 8 : explain SELECT k FROM sbtest8 WHERE k BETWEEN 7149265 AND 7149365
	Index Only Scan using k_8 on sbtest8  (cost=0.43..6.50 rows=103 width=4)
	  Index Cond: ((k >= 7149265) AND (k <= 7149365))

explain: for range-covered :: explain SELECT k FROM sbtest%d WHERE k BETWEEN 4026922 AND 4027022
explain: for range-covered :: explain SELECT k FROM sbtest%d WHERE k BETWEEN 6893393 AND 6893493
explain: for range-covered :: explain SELECT k FROM sbtest%d WHERE k BETWEEN 7405856 AND 7405956
explain: for range-covered :: explain SELECT k FROM sbtest%d WHERE k BETWEEN 7149265 AND 7149365
explain: for range-covered :: explain SELECT k FROM sbtest%d WHERE k BETWEEN 6433242 AND 6433342
for range-covered
table 1 : explain SELECT k FROM sbtest1 WHERE k BETWEEN 1801866 AND 1801966
	Index Only Scan using k_1 on sbtest1  (cost=0.43..6.58 rows=107 width=4)
	  Index Cond: ((k >= 1801866) AND (k <= 1801966))

table 2 : explain SELECT k FROM sbtest2 WHERE k BETWEEN 1801866 AND 1801966
	Index Only Scan using k_2 on sbtest2  (cost=0.43..6.50 rows=103 width=4)
	  Index Cond: ((k >= 1801866) AND (k <= 1801966))

table 3 : explain SELECT k FROM sbtest3 WHERE k BETWEEN 1801866 AND 1801966
	Index Only Scan using k_3 on sbtest3  (cost=0.43..6.51 rows=104 width=4)
	  Index Cond: ((k >= 1801866) AND (k <= 1801966))

table 4 : explain SELECT k FROM sbtest4 WHERE k BETWEEN 1801866 AND 1801966
	Index Only Scan using k_4 on sbtest4  (cost=0.43..6.50 rows=103 width=4)
	  Index Cond: ((k >= 1801866) AND (k <= 1801966))

table 5 : explain SELECT k FROM sbtest5 WHERE k BETWEEN 1801866 AND 1801966
	Index Only Scan using k_5 on sbtest5  (cost=0.43..6.61 rows=109 width=4)
	  Index Cond: ((k >= 1801866) AND (k <= 1801966))

table 6 : explain SELECT k FROM sbtest6 WHERE k BETWEEN 1801866 AND 1801966
	Index Only Scan using k_6 on sbtest6  (cost=0.43..6.45 rows=101 width=4)
	  Index Cond: ((k >= 1801866) AND (k <= 1801966))

table 7 : explain SELECT k FROM sbtest7 WHERE k BETWEEN 1801866 AND 1801966
	Index Only Scan using k_7 on sbtest7  (cost=0.43..6.32 rows=94 width=4)
	  Index Cond: ((k >= 1801866) AND (k <= 1801966))

table 8 : explain SELECT k FROM sbtest8 WHERE k BETWEEN 1801866 AND 1801966
	Index Only Scan using k_8 on sbtest8  (cost=0.43..6.27 rows=92 width=4)
	  Index Cond: ((k >= 1801866) AND (k <= 1801966))

explain: for range-covered :: explain SELECT k FROM sbtest%d WHERE k BETWEEN 1801866 AND 1801966
for range-covered
table 1 : explain SELECT k FROM sbtest1 WHERE k BETWEEN 3403433 AND 3403533
	Index Only Scan using k_1 on sbtest1  (cost=0.43..6.74 rows=115 width=4)
	  Index Cond: ((k >= 3403433) AND (k <= 3403533))

table 2 : explain SELECT k FROM sbtest2 WHERE k BETWEEN 3403433 AND 3403533
	Index Only Scan using k_2 on sbtest2  (cost=0.43..6.47 rows=102 width=4)
	  Index Cond: ((k >= 3403433) AND (k <= 3403533))

table 3 : explain SELECT k FROM sbtest3 WHERE k BETWEEN 3403433 AND 3403533
	Index Only Scan using k_3 on sbtest3  (cost=0.43..6.59 rows=108 width=4)
	  Index Cond: ((k >= 3403433) AND (k <= 3403533))

table 4 : explain SELECT k FROM sbtest4 WHERE k BETWEEN 3403433 AND 3403533
	Index Only Scan using k_4 on sbtest4  (cost=0.43..6.43 rows=100 width=4)
	  Index Cond: ((k >= 3403433) AND (k <= 3403533))

table 5 : explain SELECT k FROM sbtest5 WHERE k BETWEEN 3403433 AND 3403533
	Index Only Scan using k_5 on sbtest5  (cost=0.43..6.47 rows=102 width=4)
	  Index Cond: ((k >= 3403433) AND (k <= 3403533))

table 6 : explain SELECT k FROM sbtest6 WHERE k BETWEEN 3403433 AND 3403533
	Index Only Scan using k_6 on sbtest6  (cost=0.43..6.33 rows=95 width=4)
	  Index Cond: ((k >= 3403433) AND (k <= 3403533))

table 7 : explain SELECT k FROM sbtest7 WHERE k BETWEEN 3403433 AND 3403533
	Index Only Scan using k_7 on sbtest7  (cost=0.43..6.50 rows=103 width=4)
	  Index Cond: ((k >= 3403433) AND (k <= 3403533))

table 8 : explain SELECT k FROM sbtest8 WHERE k BETWEEN 3403433 AND 3403533
	Index Only Scan using k_8 on sbtest8  (cost=0.43..6.27 rows=92 width=4)
	  Index Cond: ((k >= 3403433) AND (k <= 3403533))

explain: for range-covered :: explain SELECT k FROM sbtest%d WHERE k BETWEEN 3403433 AND 3403533
for range-covered
table 1 : explain SELECT k FROM sbtest1 WHERE k BETWEEN 8956856 AND 8956956
	Index Only Scan using k_1 on sbtest1  (cost=0.43..6.35 rows=96 width=4)
	  Index Cond: ((k >= 8956856) AND (k <= 8956956))

table 2 : explain SELECT k FROM sbtest2 WHERE k BETWEEN 8956856 AND 8956956
	Index Only Scan using k_2 on sbtest2  (cost=0.43..6.50 rows=103 width=4)
	  Index Cond: ((k >= 8956856) AND (k <= 8956956))

table 3 : explain SELECT k FROM sbtest3 WHERE k BETWEEN 8956856 AND 8956956
	Index Only Scan using k_3 on sbtest3  (cost=0.43..6.29 rows=93 width=4)
	  Index Cond: ((k >= 8956856) AND (k <= 8956956))

table 4 : explain SELECT k FROM sbtest4 WHERE k BETWEEN 8956856 AND 8956956
	Index Only Scan using k_4 on sbtest4  (cost=0.43..6.42 rows=99 width=4)
	  Index Cond: ((k >= 8956856) AND (k <= 8956956))

table 5 : explain SELECT k FROM sbtest5 WHERE k BETWEEN 8956856 AND 8956956
	Index Only Scan using k_5 on sbtest5  (cost=0.43..6.66 rows=111 width=4)
	  Index Cond: ((k >= 8956856) AND (k <= 8956956))

table 6 : explain SELECT k FROM sbtest6 WHERE k BETWEEN 8956856 AND 8956956
	Index Only Scan using k_6 on sbtest6  (cost=0.43..6.53 rows=105 width=4)
	  Index Cond: ((k >= 8956856) AND (k <= 8956956))

table 7 : explain SELECT k FROM sbtest7 WHERE k BETWEEN 8956856 AND 8956956
	Index Only Scan using k_7 on sbtest7  (cost=0.43..6.59 rows=108 width=4)
	  Index Cond: ((k >= 8956856) AND (k <= 8956956))

table 8 : explain SELECT k FROM sbtest8 WHERE k BETWEEN 8956856 AND 8956956
	Index Only Scan using k_8 on sbtest8  (cost=0.43..6.51 rows=104 width=4)
	  Index Cond: ((k >= 8956856) AND (k <= 8956956))

for range-covered
table 1 : explain SELECT k FROM sbtest1 WHERE k BETWEEN 4026922 AND 4027022
	Index Only Scan using k_1 on sbtest1  (cost=0.43..6.53 rows=105 width=4)
	  Index Cond: ((k >= 4026922) AND (k <= 4027022))

table 2 : explain SELECT k FROM sbtest2 WHERE k BETWEEN 4026922 AND 4027022
	Index Only Scan using k_2 on sbtest2  (cost=0.43..6.58 rows=107 width=4)
	  Index Cond: ((k >= 4026922) AND (k <= 4027022))

table 3 : explain SELECT k FROM sbtest3 WHERE k BETWEEN 4026922 AND 4027022
	Index Only Scan using k_3 on sbtest3  (cost=0.43..6.50 rows=103 width=4)
	  Index Cond: ((k >= 4026922) AND (k <= 4027022))

table 4 : explain SELECT k FROM sbtest4 WHERE k BETWEEN 4026922 AND 4027022
	Index Only Scan using k_4 on sbtest4  (cost=0.43..6.59 rows=108 width=4)
	  Index Cond: ((k >= 4026922) AND (k <= 4027022))

table 5 : explain SELECT k FROM sbtest5 WHERE k BETWEEN 4026922 AND 4027022
	Index Only Scan using k_5 on sbtest5  (cost=0.43..6.67 rows=112 width=4)
	  Index Cond: ((k >= 4026922) AND (k <= 4027022))

table 6 : explain SELECT k FROM sbtest6 WHERE k BETWEEN 4026922 AND 4027022
	Index Only Scan using k_6 on sbtest6  (cost=0.43..6.50 rows=103 width=4)
	  Index Cond: ((k >= 4026922) AND (k <= 4027022))

table 7 : explain SELECT k FROM sbtest7 WHERE k BETWEEN 4026922 AND 4027022
	Index Only Scan using k_7 on sbtest7  (cost=0.43..6.50 rows=103 width=4)
	  Index Cond: ((k >= 4026922) AND (k <= 4027022))

table 8 : explain SELECT k FROM sbtest8 WHERE k BETWEEN 4026922 AND 4027022
	Index Only Scan using k_8 on sbtest8  (cost=0.43..6.33 rows=95 width=4)
	  Index Cond: ((k >= 4026922) AND (k <= 4027022))

explain: for range-covered :: explain SELECT k FROM sbtest%d WHERE k BETWEEN 8956856 AND 8956956
for range-covered
table 1 : explain SELECT k FROM sbtest1 WHERE k BETWEEN 7149265 AND 7149365
	Index Only Scan using k_1 on sbtest1  (cost=0.43..6.40 rows=98 width=4)
	  Index Cond: ((k >= 7149265) AND (k <= 7149365))

table 2 : explain SELECT k FROM sbtest2 WHERE k BETWEEN 7149265 AND 7149365
	Index Only Scan using k_2 on sbtest2  (cost=0.43..6.43 rows=100 width=4)
	  Index Cond: ((k >= 7149265) AND (k <= 7149365))

table 3 : explain SELECT k FROM sbtest3 WHERE k BETWEEN 7149265 AND 7149365
	Index Only Scan using k_3 on sbtest3  (cost=0.43..6.43 rows=100 width=4)
	  Index Cond: ((k >= 7149265) AND (k <= 7149365))

table 4 : explain SELECT k FROM sbtest4 WHERE k BETWEEN 7149265 AND 7149365
	Index Only Scan using k_4 on sbtest4  (cost=0.43..6.37 rows=97 width=4)
	  Index Cond: ((k >= 7149265) AND (k <= 7149365))

table 5 : explain SELECT k FROM sbtest5 WHERE k BETWEEN 7149265 AND 7149365
	Index Only Scan using k_5 on sbtest5  (cost=0.43..6.50 rows=103 width=4)
	  Index Cond: ((k >= 7149265) AND (k <= 7149365))

table 6 : explain SELECT k FROM sbtest6 WHERE k BETWEEN 7149265 AND 7149365
	Index Only Scan using k_6 on sbtest6  (cost=0.43..6.51 rows=104 width=4)
	  Index Cond: ((k >= 7149265) AND (k <= 7149365))

table 7 : explain SELECT k FROM sbtest7 WHERE k BETWEEN 7149265 AND 7149365
	Index Only Scan using k_7 on sbtest7  (cost=0.43..6.24 rows=90 width=4)
	  Index Cond: ((k >= 7149265) AND (k <= 7149365))

table 8 : explain SELECT k FROM sbtest8 WHERE k BETWEEN 7149265 AND 7149365
	Index Only Scan using k_8 on sbtest8  (cost=0.43..6.50 rows=103 width=4)
	  Index Cond: ((k >= 7149265) AND (k <= 7149365))

explain: for range-covered :: explain SELECT k FROM sbtest%d WHERE k BETWEEN 4026922 AND 4027022
for range-covered
table 1 : explain SELECT k FROM sbtest1 WHERE k BETWEEN 7405856 AND 7405956
	Index Only Scan using k_1 on sbtest1  (cost=0.43..6.37 rows=97 width=4)
	  Index Cond: ((k >= 7405856) AND (k <= 7405956))

table 2 : explain SELECT k FROM sbtest2 WHERE k BETWEEN 7405856 AND 7405956
	Index Only Scan using k_2 on sbtest2  (cost=0.43..6.53 rows=105 width=4)
	  Index Cond: ((k >= 7405856) AND (k <= 7405956))

table 3 : explain SELECT k FROM sbtest3 WHERE k BETWEEN 7405856 AND 7405956
	Index Only Scan using k_3 on sbtest3  (cost=0.43..6.50 rows=103 width=4)
	  Index Cond: ((k >= 7405856) AND (k <= 7405956))

table 4 : explain SELECT k FROM sbtest4 WHERE k BETWEEN 7405856 AND 7405956
	Index Only Scan using k_4 on sbtest4  (cost=0.43..6.32 rows=94 width=4)
	  Index Cond: ((k >= 7405856) AND (k <= 7405956))

table 5 : explain SELECT k FROM sbtest5 WHERE k BETWEEN 7405856 AND 7405956
	Index Only Scan using k_5 on sbtest5  (cost=0.43..6.59 rows=108 width=4)
	  Index Cond: ((k >= 7405856) AND (k <= 7405956))

table 6 : explain SELECT k FROM sbtest6 WHERE k BETWEEN 7405856 AND 7405956
	Index Only Scan using k_6 on sbtest6  (cost=0.43..6.50 rows=103 width=4)
	  Index Cond: ((k >= 7405856) AND (k <= 7405956))

table 7 : explain SELECT k FROM sbtest7 WHERE k BETWEEN 7405856 AND 7405956
	Index Only Scan using k_7 on sbtest7  (cost=0.43..6.35 rows=96 width=4)
	  Index Cond: ((k >= 7405856) AND (k <= 7405956))

table 8 : explain SELECT k FROM sbtest8 WHERE k BETWEEN 7405856 AND 7405956
	Index Only Scan using k_8 on sbtest8  (cost=0.43..6.59 rows=108 width=4)
	  Index Cond: ((k >= 7405856) AND (k <= 7405956))

explain: for range-covered :: explain SELECT k FROM sbtest%d WHERE k BETWEEN 7149265 AND 7149365
explain: for range-covered :: explain SELECT k FROM sbtest%d WHERE k BETWEEN 7405856 AND 7405956
for range-covered
table 1 : explain SELECT k FROM sbtest1 WHERE k BETWEEN 6819884 AND 6819984
	Index Only Scan using k_1 on sbtest1  (cost=0.43..6.63 rows=110 width=4)
	  Index Cond: ((k >= 6819884) AND (k <= 6819984))

table 2 : explain SELECT k FROM sbtest2 WHERE k BETWEEN 6819884 AND 6819984
	Index Only Scan using k_2 on sbtest2  (cost=0.43..6.53 rows=105 width=4)
	  Index Cond: ((k >= 6819884) AND (k <= 6819984))

table 3 : explain SELECT k FROM sbtest3 WHERE k BETWEEN 6819884 AND 6819984
	Index Only Scan using k_3 on sbtest3  (cost=0.43..6.47 rows=102 width=4)
	  Index Cond: ((k >= 6819884) AND (k <= 6819984))

table 4 : explain SELECT k FROM sbtest4 WHERE k BETWEEN 6819884 AND 6819984
	Index Only Scan using k_4 on sbtest4  (cost=0.43..6.53 rows=105 width=4)
	  Index Cond: ((k >= 6819884) AND (k <= 6819984))

table 5 : explain SELECT k FROM sbtest5 WHERE k BETWEEN 6819884 AND 6819984
	Index Only Scan using k_5 on sbtest5  (cost=0.43..6.33 rows=95 width=4)
	  Index Cond: ((k >= 6819884) AND (k <= 6819984))

table 6 : explain SELECT k FROM sbtest6 WHERE k BETWEEN 6819884 AND 6819984
	Index Only Scan using k_6 on sbtest6  (cost=0.43..6.58 rows=107 width=4)
	  Index Cond: ((k >= 6819884) AND (k <= 6819984))

table 7 : explain SELECT k FROM sbtest7 WHERE k BETWEEN 6819884 AND 6819984
	Index Only Scan using k_7 on sbtest7  (cost=0.43..6.43 rows=100 width=4)
	  Index Cond: ((k >= 6819884) AND (k <= 6819984))

table 8 : explain SELECT k FROM sbtest8 WHERE k BETWEEN 6819884 AND 6819984
	Index Only Scan using k_8 on sbtest8  (cost=0.43..6.43 rows=100 width=4)
	  Index Cond: ((k >= 6819884) AND (k <= 6819984))

for range-covered
table 1 : explain SELECT k FROM sbtest1 WHERE k BETWEEN 6589546 AND 6589646
	Index Only Scan using k_1 on sbtest1  (cost=0.43..6.40 rows=98 width=4)
	  Index Cond: ((k >= 6589546) AND (k <= 6589646))

table 2 : explain SELECT k FROM sbtest2 WHERE k BETWEEN 6589546 AND 6589646
	Index Only Scan using k_2 on sbtest2  (cost=0.43..6.45 rows=101 width=4)
	  Index Cond: ((k >= 6589546) AND (k <= 6589646))

table 3 : explain SELECT k FROM sbtest3 WHERE k BETWEEN 6589546 AND 6589646
	Index Only Scan using k_3 on sbtest3  (cost=0.43..6.35 rows=96 width=4)
	  Index Cond: ((k >= 6589546) AND (k <= 6589646))

table 4 : explain SELECT k FROM sbtest4 WHERE k BETWEEN 6589546 AND 6589646
	Index Only Scan using k_4 on sbtest4  (cost=0.43..6.47 rows=102 width=4)
	  Index Cond: ((k >= 6589546) AND (k <= 6589646))

table 5 : explain SELECT k FROM sbtest5 WHERE k BETWEEN 6589546 AND 6589646
	Index Only Scan using k_5 on sbtest5  (cost=0.43..6.43 rows=100 width=4)
	  Index Cond: ((k >= 6589546) AND (k <= 6589646))

table 6 : explain SELECT k FROM sbtest6 WHERE k BETWEEN 6589546 AND 6589646
	Index Only Scan using k_6 on sbtest6  (cost=0.43..6.50 rows=103 width=4)
	  Index Cond: ((k >= 6589546) AND (k <= 6589646))

table 7 : explain SELECT k FROM sbtest7 WHERE k BETWEEN 6589546 AND 6589646
	Index Only Scan using k_7 on sbtest7  (cost=0.43..6.42 rows=99 width=4)
	  Index Cond: ((k >= 6589546) AND (k <= 6589646))

table 8 : explain SELECT k FROM sbtest8 WHERE k BETWEEN 6589546 AND 6589646
	Index Only Scan using k_8 on sbtest8  (cost=0.43..6.37 rows=97 width=4)
	  Index Cond: ((k >= 6589546) AND (k <= 6589646))

for range-covered
table 1 : explain SELECT k FROM sbtest1 WHERE k BETWEEN 4045346 AND 4045446
	Index Only Scan using k_1 on sbtest1  (cost=0.43..6.53 rows=105 width=4)
	  Index Cond: ((k >= 4045346) AND (k <= 4045446))

table 2 : explain SELECT k FROM sbtest2 WHERE k BETWEEN 4045346 AND 4045446
	Index Only Scan using k_2 on sbtest2  (cost=0.43..6.58 rows=107 width=4)
	  Index Cond: ((k >= 4045346) AND (k <= 4045446))

table 3 : explain SELECT k FROM sbtest3 WHERE k BETWEEN 4045346 AND 4045446
	Index Only Scan using k_3 on sbtest3  (cost=0.43..6.50 rows=103 width=4)
	  Index Cond: ((k >= 4045346) AND (k <= 4045446))

table 4 : explain SELECT k FROM sbtest4 WHERE k BETWEEN 4045346 AND 4045446
	Index Only Scan using k_4 on sbtest4  (cost=0.43..6.59 rows=108 width=4)
	  Index Cond: ((k >= 4045346) AND (k <= 4045446))

table 5 : explain SELECT k FROM sbtest5 WHERE k BETWEEN 4045346 AND 4045446
	Index Only Scan using k_5 on sbtest5  (cost=0.43..6.67 rows=112 width=4)
	  Index Cond: ((k >= 4045346) AND (k <= 4045446))

table 6 : explain SELECT k FROM sbtest6 WHERE k BETWEEN 4045346 AND 4045446
	Index Only Scan using k_6 on sbtest6  (cost=0.43..6.50 rows=103 width=4)
	  Index Cond: ((k >= 4045346) AND (k <= 4045446))

table 7 : explain SELECT k FROM sbtest7 WHERE k BETWEEN 4045346 AND 4045446
	Index Only Scan using k_7 on sbtest7  (cost=0.43..6.50 rows=103 width=4)
	  Index Cond: ((k >= 4045346) AND (k <= 4045446))

table 8 : explain SELECT k FROM sbtest8 WHERE k BETWEEN 4045346 AND 4045446
	Index Only Scan using k_8 on sbtest8  (cost=0.43..6.33 rows=95 width=4)
	  Index Cond: ((k >= 4045346) AND (k <= 4045446))

for range-covered
table 1 : explain SELECT k FROM sbtest1 WHERE k BETWEEN 1801866 AND 1801966
	Index Only Scan using k_1 on sbtest1  (cost=0.43..6.58 rows=107 width=4)
	  Index Cond: ((k >= 1801866) AND (k <= 1801966))

table 2 : explain SELECT k FROM sbtest2 WHERE k BETWEEN 1801866 AND 1801966
	Index Only Scan using k_2 on sbtest2  (cost=0.43..6.50 rows=103 width=4)
	  Index Cond: ((k >= 1801866) AND (k <= 1801966))

table 3 : explain SELECT k FROM sbtest3 WHERE k BETWEEN 1801866 AND 1801966
	Index Only Scan using k_3 on sbtest3  (cost=0.43..6.51 rows=104 width=4)
	  Index Cond: ((k >= 1801866) AND (k <= 1801966))

table 4 : explain SELECT k FROM sbtest4 WHERE k BETWEEN 1801866 AND 1801966
	Index Only Scan using k_4 on sbtest4  (cost=0.43..6.50 rows=103 width=4)
	  Index Cond: ((k >= 1801866) AND (k <= 1801966))

table 5 : explain SELECT k FROM sbtest5 WHERE k BETWEEN 1801866 AND 1801966
	Index Only Scan using k_5 on sbtest5  (cost=0.43..6.61 rows=109 width=4)
	  Index Cond: ((k >= 1801866) AND (k <= 1801966))

table 6 : explain SELECT k FROM sbtest6 WHERE k BETWEEN 1801866 AND 1801966
	Index Only Scan using k_6 on sbtest6  (cost=0.43..6.45 rows=101 width=4)
	  Index Cond: ((k >= 1801866) AND (k <= 1801966))

table 7 : explain SELECT k FROM sbtest7 WHERE k BETWEEN 1801866 AND 1801966
	Index Only Scan using k_7 on sbtest7  (cost=0.43..6.32 rows=94 width=4)
	  Index Cond: ((k >= 1801866) AND (k <= 1801966))

table 8 : explain SELECT k FROM sbtest8 WHERE k BETWEEN 1801866 AND 1801966
	Index Only Scan using k_8 on sbtest8  (cost=0.43..6.27 rows=92 width=4)
	  Index Cond: ((k >= 1801866) AND (k <= 1801966))

explain: for range-covered :: explain SELECT k FROM sbtest%d WHERE k BETWEEN 6819884 AND 6819984
for range-covered
table 1 : explain SELECT k FROM sbtest1 WHERE k BETWEEN 6893393 AND 6893493
	Index Only Scan using k_1 on sbtest1  (cost=0.43..6.85 rows=121 width=4)
	  Index Cond: ((k >= 6893393) AND (k <= 6893493))

table 2 : explain SELECT k FROM sbtest2 WHERE k BETWEEN 6893393 AND 6893493
	Index Only Scan using k_2 on sbtest2  (cost=0.43..6.53 rows=105 width=4)
	  Index Cond: ((k >= 6893393) AND (k <= 6893493))

table 3 : explain SELECT k FROM sbtest3 WHERE k BETWEEN 6893393 AND 6893493
	Index Only Scan using k_3 on sbtest3  (cost=0.43..6.43 rows=100 width=4)
	  Index Cond: ((k >= 6893393) AND (k <= 6893493))

table 4 : explain SELECT k FROM sbtest4 WHERE k BETWEEN 6893393 AND 6893493
	Index Only Scan using k_4 on sbtest4  (cost=0.43..6.51 rows=104 width=4)
	  Index Cond: ((k >= 6893393) AND (k <= 6893493))

table 5 : explain SELECT k FROM sbtest5 WHERE k BETWEEN 6893393 AND 6893493
	Index Only Scan using k_5 on sbtest5  (cost=0.43..6.43 rows=100 width=4)
	  Index Cond: ((k >= 6893393) AND (k <= 6893493))

table 6 : explain SELECT k FROM sbtest6 WHERE k BETWEEN 6893393 AND 6893493
	Index Only Scan using k_6 on sbtest6  (cost=0.43..6.43 rows=100 width=4)
	  Index Cond: ((k >= 6893393) AND (k <= 6893493))

table 7 : explain SELECT k FROM sbtest7 WHERE k BETWEEN 6893393 AND 6893493
	Index Only Scan using k_7 on sbtest7  (cost=0.43..6.37 rows=97 width=4)
	  Index Cond: ((k >= 6893393) AND (k <= 6893493))

table 8 : explain SELECT k FROM sbtest8 WHERE k BETWEEN 6893393 AND 6893493
	Index Only Scan using k_8 on sbtest8  (cost=0.43..6.43 rows=100 width=4)
	  Index Cond: ((k >= 6893393) AND (k <= 6893493))

explain: for range-covered :: explain SELECT k FROM sbtest%d WHERE k BETWEEN 6589546 AND 6589646
for range-covered
table 1 : explain SELECT k FROM sbtest1 WHERE k BETWEEN 3905184 AND 3905284
	Index Only Scan using k_1 on sbtest1  (cost=0.43..6.42 rows=99 width=4)
	  Index Cond: ((k >= 3905184) AND (k <= 3905284))

table 2 : explain SELECT k FROM sbtest2 WHERE k BETWEEN 3905184 AND 3905284
	Index Only Scan using k_2 on sbtest2  (cost=0.43..6.47 rows=102 width=4)
	  Index Cond: ((k >= 3905184) AND (k <= 3905284))

table 3 : explain SELECT k FROM sbtest3 WHERE k BETWEEN 3905184 AND 3905284
	Index Only Scan using k_3 on sbtest3  (cost=0.43..6.45 rows=101 width=4)
	  Index Cond: ((k >= 3905184) AND (k <= 3905284))

table 4 : explain SELECT k FROM sbtest4 WHERE k BETWEEN 3905184 AND 3905284
	Index Only Scan using k_4 on sbtest4  (cost=0.43..6.69 rows=113 width=4)
	  Index Cond: ((k >= 3905184) AND (k <= 3905284))

table 5 : explain SELECT k FROM sbtest5 WHERE k BETWEEN 3905184 AND 3905284
	Index Only Scan using k_5 on sbtest5  (cost=0.43..6.61 rows=109 width=4)
	  Index Cond: ((k >= 3905184) AND (k <= 3905284))

table 6 : explain SELECT k FROM sbtest6 WHERE k BETWEEN 3905184 AND 3905284
	Index Only Scan using k_6 on sbtest6  (cost=0.43..6.53 rows=105 width=4)
	  Index Cond: ((k >= 3905184) AND (k <= 3905284))

table 7 : explain SELECT k FROM sbtest7 WHERE k BETWEEN 3905184 AND 3905284
	Index Only Scan using k_7 on sbtest7  (cost=0.43..6.25 rows=91 width=4)
	  Index Cond: ((k >= 3905184) AND (k <= 3905284))

table 8 : explain SELECT k FROM sbtest8 WHERE k BETWEEN 3905184 AND 3905284
	Index Only Scan using k_8 on sbtest8  (cost=0.43..6.50 rows=103 width=4)
	  Index Cond: ((k >= 3905184) AND (k <= 3905284))

explain: for range-covered :: explain SELECT k FROM sbtest%d WHERE k BETWEEN 4045346 AND 4045446
explain: for range-covered :: explain SELECT k FROM sbtest%d WHERE k BETWEEN 1801866 AND 1801966
for range-covered
table 1 : explain SELECT k FROM sbtest1 WHERE k BETWEEN 3403433 AND 3403533
	Index Only Scan using k_1 on sbtest1  (cost=0.43..6.74 rows=115 width=4)
	  Index Cond: ((k >= 3403433) AND (k <= 3403533))

table 2 : explain SELECT k FROM sbtest2 WHERE k BETWEEN 3403433 AND 3403533
	Index Only Scan using k_2 on sbtest2  (cost=0.43..6.47 rows=102 width=4)
	  Index Cond: ((k >= 3403433) AND (k <= 3403533))

table 3 : explain SELECT k FROM sbtest3 WHERE k BETWEEN 3403433 AND 3403533
	Index Only Scan using k_3 on sbtest3  (cost=0.43..6.59 rows=108 width=4)
	  Index Cond: ((k >= 3403433) AND (k <= 3403533))

table 4 : explain SELECT k FROM sbtest4 WHERE k BETWEEN 3403433 AND 3403533
	Index Only Scan using k_4 on sbtest4  (cost=0.43..6.43 rows=100 width=4)
	  Index Cond: ((k >= 3403433) AND (k <= 3403533))

table 5 : explain SELECT k FROM sbtest5 WHERE k BETWEEN 3403433 AND 3403533
	Index Only Scan using k_5 on sbtest5  (cost=0.43..6.47 rows=102 width=4)
	  Index Cond: ((k >= 3403433) AND (k <= 3403533))

table 6 : explain SELECT k FROM sbtest6 WHERE k BETWEEN 3403433 AND 3403533
	Index Only Scan using k_6 on sbtest6  (cost=0.43..6.33 rows=95 width=4)
	  Index Cond: ((k >= 3403433) AND (k <= 3403533))

table 7 : explain SELECT k FROM sbtest7 WHERE k BETWEEN 3403433 AND 3403533
	Index Only Scan using k_7 on sbtest7  (cost=0.43..6.50 rows=103 width=4)
	  Index Cond: ((k >= 3403433) AND (k <= 3403533))

table 8 : explain SELECT k FROM sbtest8 WHERE k BETWEEN 3403433 AND 3403533
	Index Only Scan using k_8 on sbtest8  (cost=0.43..6.27 rows=92 width=4)
	  Index Cond: ((k >= 3403433) AND (k <= 3403533))

explain: for range-covered :: explain SELECT k FROM sbtest%d WHERE k BETWEEN 6893393 AND 6893493
explain: for range-covered :: explain SELECT k FROM sbtest%d WHERE k BETWEEN 3403433 AND 3403533
for range-covered
table 1 : explain SELECT k FROM sbtest1 WHERE k BETWEEN 8956856 AND 8956956
	Index Only Scan using k_1 on sbtest1  (cost=0.43..6.35 rows=96 width=4)
	  Index Cond: ((k >= 8956856) AND (k <= 8956956))

table 2 : explain SELECT k FROM sbtest2 WHERE k BETWEEN 8956856 AND 8956956
	Index Only Scan using k_2 on sbtest2  (cost=0.43..6.50 rows=103 width=4)
	  Index Cond: ((k >= 8956856) AND (k <= 8956956))

table 3 : explain SELECT k FROM sbtest3 WHERE k BETWEEN 8956856 AND 8956956
	Index Only Scan using k_3 on sbtest3  (cost=0.43..6.29 rows=93 width=4)
	  Index Cond: ((k >= 8956856) AND (k <= 8956956))

table 4 : explain SELECT k FROM sbtest4 WHERE k BETWEEN 8956856 AND 8956956
	Index Only Scan using k_4 on sbtest4  (cost=0.43..6.42 rows=99 width=4)
	  Index Cond: ((k >= 8956856) AND (k <= 8956956))

table 5 : explain SELECT k FROM sbtest5 WHERE k BETWEEN 8956856 AND 8956956
	Index Only Scan using k_5 on sbtest5  (cost=0.43..6.66 rows=111 width=4)
	  Index Cond: ((k >= 8956856) AND (k <= 8956956))

table 6 : explain SELECT k FROM sbtest6 WHERE k BETWEEN 8956856 AND 8956956
	Index Only Scan using k_6 on sbtest6  (cost=0.43..6.53 rows=105 width=4)
	  Index Cond: ((k >= 8956856) AND (k <= 8956956))

table 7 : explain SELECT k FROM sbtest7 WHERE k BETWEEN 8956856 AND 8956956
	Index Only Scan using k_7 on sbtest7  (cost=0.43..6.59 rows=108 width=4)
	  Index Cond: ((k >= 8956856) AND (k <= 8956956))

table 8 : explain SELECT k FROM sbtest8 WHERE k BETWEEN 8956856 AND 8956956
	Index Only Scan using k_8 on sbtest8  (cost=0.43..6.51 rows=104 width=4)
	  Index Cond: ((k >= 8956856) AND (k <= 8956956))

for range-covered
table 1 : explain SELECT k FROM sbtest1 WHERE k BETWEEN 4026922 AND 4027022
	Index Only Scan using k_1 on sbtest1  (cost=0.43..6.53 rows=105 width=4)
	  Index Cond: ((k >= 4026922) AND (k <= 4027022))

table 2 : explain SELECT k FROM sbtest2 WHERE k BETWEEN 4026922 AND 4027022
	Index Only Scan using k_2 on sbtest2  (cost=0.43..6.58 rows=107 width=4)
	  Index Cond: ((k >= 4026922) AND (k <= 4027022))

table 3 : explain SELECT k FROM sbtest3 WHERE k BETWEEN 4026922 AND 4027022
	Index Only Scan using k_3 on sbtest3  (cost=0.43..6.50 rows=103 width=4)
	  Index Cond: ((k >= 4026922) AND (k <= 4027022))

table 4 : explain SELECT k FROM sbtest4 WHERE k BETWEEN 4026922 AND 4027022
	Index Only Scan using k_4 on sbtest4  (cost=0.43..6.59 rows=108 width=4)
	  Index Cond: ((k >= 4026922) AND (k <= 4027022))

table 5 : explain SELECT k FROM sbtest5 WHERE k BETWEEN 4026922 AND 4027022
	Index Only Scan using k_5 on sbtest5  (cost=0.43..6.67 rows=112 width=4)
	  Index Cond: ((k >= 4026922) AND (k <= 4027022))

table 6 : explain SELECT k FROM sbtest6 WHERE k BETWEEN 4026922 AND 4027022
	Index Only Scan using k_6 on sbtest6  (cost=0.43..6.50 rows=103 width=4)
	  Index Cond: ((k >= 4026922) AND (k <= 4027022))

table 7 : explain SELECT k FROM sbtest7 WHERE k BETWEEN 4026922 AND 4027022
	Index Only Scan using k_7 on sbtest7  (cost=0.43..6.50 rows=103 width=4)
	  Index Cond: ((k >= 4026922) AND (k <= 4027022))

table 8 : explain SELECT k FROM sbtest8 WHERE k BETWEEN 4026922 AND 4027022
	Index Only Scan using k_8 on sbtest8  (cost=0.43..6.33 rows=95 width=4)
	  Index Cond: ((k >= 4026922) AND (k <= 4027022))

explain: for range-covered :: explain SELECT k FROM sbtest%d WHERE k BETWEEN 8956856 AND 8956956
explain: for range-covered :: explain SELECT k FROM sbtest%d WHERE k BETWEEN 4026922 AND 4027022
for range-covered
table 1 : explain SELECT k FROM sbtest1 WHERE k BETWEEN 7149265 AND 7149365
	Index Only Scan using k_1 on sbtest1  (cost=0.43..6.40 rows=98 width=4)
	  Index Cond: ((k >= 7149265) AND (k <= 7149365))

table 2 : explain SELECT k FROM sbtest2 WHERE k BETWEEN 7149265 AND 7149365
	Index Only Scan using k_2 on sbtest2  (cost=0.43..6.43 rows=100 width=4)
	  Index Cond: ((k >= 7149265) AND (k <= 7149365))

table 3 : explain SELECT k FROM sbtest3 WHERE k BETWEEN 7149265 AND 7149365
	Index Only Scan using k_3 on sbtest3  (cost=0.43..6.43 rows=100 width=4)
	  Index Cond: ((k >= 7149265) AND (k <= 7149365))

table 4 : explain SELECT k FROM sbtest4 WHERE k BETWEEN 7149265 AND 7149365
	Index Only Scan using k_4 on sbtest4  (cost=0.43..6.37 rows=97 width=4)
	  Index Cond: ((k >= 7149265) AND (k <= 7149365))

table 5 : explain SELECT k FROM sbtest5 WHERE k BETWEEN 7149265 AND 7149365
	Index Only Scan using k_5 on sbtest5  (cost=0.43..6.50 rows=103 width=4)
	  Index Cond: ((k >= 7149265) AND (k <= 7149365))

table 6 : explain SELECT k FROM sbtest6 WHERE k BETWEEN 7149265 AND 7149365
	Index Only Scan using k_6 on sbtest6  (cost=0.43..6.51 rows=104 width=4)
	  Index Cond: ((k >= 7149265) AND (k <= 7149365))

table 7 : explain SELECT k FROM sbtest7 WHERE k BETWEEN 7149265 AND 7149365
	Index Only Scan using k_7 on sbtest7  (cost=0.43..6.24 rows=90 width=4)
	  Index Cond: ((k >= 7149265) AND (k <= 7149365))

table 8 : explain SELECT k FROM sbtest8 WHERE k BETWEEN 7149265 AND 7149365
	Index Only Scan using k_8 on sbtest8  (cost=0.43..6.50 rows=103 width=4)
	  Index Cond: ((k >= 7149265) AND (k <= 7149365))

for range-covered
table 1 : explain SELECT k FROM sbtest1 WHERE k BETWEEN 7405856 AND 7405956
	Index Only Scan using k_1 on sbtest1  (cost=0.43..6.37 rows=97 width=4)
	  Index Cond: ((k >= 7405856) AND (k <= 7405956))

table 2 : explain SELECT k FROM sbtest2 WHERE k BETWEEN 7405856 AND 7405956
	Index Only Scan using k_2 on sbtest2  (cost=0.43..6.53 rows=105 width=4)
	  Index Cond: ((k >= 7405856) AND (k <= 7405956))

table 3 : explain SELECT k FROM sbtest3 WHERE k BETWEEN 7405856 AND 7405956
	Index Only Scan using k_3 on sbtest3  (cost=0.43..6.50 rows=103 width=4)
	  Index Cond: ((k >= 7405856) AND (k <= 7405956))

table 4 : explain SELECT k FROM sbtest4 WHERE k BETWEEN 7405856 AND 7405956
	Index Only Scan using k_4 on sbtest4  (cost=0.43..6.32 rows=94 width=4)
	  Index Cond: ((k >= 7405856) AND (k <= 7405956))

table 5 : explain SELECT k FROM sbtest5 WHERE k BETWEEN 7405856 AND 7405956
	Index Only Scan using k_5 on sbtest5  (cost=0.43..6.59 rows=108 width=4)
	  Index Cond: ((k >= 7405856) AND (k <= 7405956))

table 6 : explain SELECT k FROM sbtest6 WHERE k BETWEEN 7405856 AND 7405956
	Index Only Scan using k_6 on sbtest6  (cost=0.43..6.50 rows=103 width=4)
	  Index Cond: ((k >= 7405856) AND (k <= 7405956))

table 7 : explain SELECT k FROM sbtest7 WHERE k BETWEEN 7405856 AND 7405956
	Index Only Scan using k_7 on sbtest7  (cost=0.43..6.35 rows=96 width=4)
	  Index Cond: ((k >= 7405856) AND (k <= 7405956))

table 8 : explain SELECT k FROM sbtest8 WHERE k BETWEEN 7405856 AND 7405956
	Index Only Scan using k_8 on sbtest8  (cost=0.43..6.59 rows=108 width=4)
	  Index Cond: ((k >= 7405856) AND (k <= 7405956))

explain: for range-covered :: explain SELECT k FROM sbtest%d WHERE k BETWEEN 7405856 AND 7405956
for range-covered
table 1 : explain SELECT k FROM sbtest1 WHERE k BETWEEN 6819884 AND 6819984
	Index Only Scan using k_1 on sbtest1  (cost=0.43..6.63 rows=110 width=4)
	  Index Cond: ((k >= 6819884) AND (k <= 6819984))

table 2 : explain SELECT k FROM sbtest2 WHERE k BETWEEN 6819884 AND 6819984
	Index Only Scan using k_2 on sbtest2  (cost=0.43..6.53 rows=105 width=4)
	  Index Cond: ((k >= 6819884) AND (k <= 6819984))

table 3 : explain SELECT k FROM sbtest3 WHERE k BETWEEN 6819884 AND 6819984
	Index Only Scan using k_3 on sbtest3  (cost=0.43..6.47 rows=102 width=4)
	  Index Cond: ((k >= 6819884) AND (k <= 6819984))

table 4 : explain SELECT k FROM sbtest4 WHERE k BETWEEN 6819884 AND 6819984
	Index Only Scan using k_4 on sbtest4  (cost=0.43..6.53 rows=105 width=4)
	  Index Cond: ((k >= 6819884) AND (k <= 6819984))

table 5 : explain SELECT k FROM sbtest5 WHERE k BETWEEN 6819884 AND 6819984
	Index Only Scan using k_5 on sbtest5  (cost=0.43..6.33 rows=95 width=4)
	  Index Cond: ((k >= 6819884) AND (k <= 6819984))

table 6 : explain SELECT k FROM sbtest6 WHERE k BETWEEN 6819884 AND 6819984
	Index Only Scan using k_6 on sbtest6  (cost=0.43..6.58 rows=107 width=4)
	  Index Cond: ((k >= 6819884) AND (k <= 6819984))

table 7 : explain SELECT k FROM sbtest7 WHERE k BETWEEN 6819884 AND 6819984
	Index Only Scan using k_7 on sbtest7  (cost=0.43..6.43 rows=100 width=4)
	  Index Cond: ((k >= 6819884) AND (k <= 6819984))

table 8 : explain SELECT k FROM sbtest8 WHERE k BETWEEN 6819884 AND 6819984
	Index Only Scan using k_8 on sbtest8  (cost=0.43..6.43 rows=100 width=4)
	  Index Cond: ((k >= 6819884) AND (k <= 6819984))

explain: for range-covered :: explain SELECT k FROM sbtest%d WHERE k BETWEEN 6819884 AND 6819984
for range-covered
table 1 : explain SELECT k FROM sbtest1 WHERE k BETWEEN 6893393 AND 6893493
	Index Only Scan using k_1 on sbtest1  (cost=0.43..6.85 rows=121 width=4)
	  Index Cond: ((k >= 6893393) AND (k <= 6893493))

table 2 : explain SELECT k FROM sbtest2 WHERE k BETWEEN 6893393 AND 6893493
	Index Only Scan using k_2 on sbtest2  (cost=0.43..6.53 rows=105 width=4)
	  Index Cond: ((k >= 6893393) AND (k <= 6893493))

table 3 : explain SELECT k FROM sbtest3 WHERE k BETWEEN 6893393 AND 6893493
	Index Only Scan using k_3 on sbtest3  (cost=0.43..6.43 rows=100 width=4)
	  Index Cond: ((k >= 6893393) AND (k <= 6893493))

table 4 : explain SELECT k FROM sbtest4 WHERE k BETWEEN 6893393 AND 6893493
	Index Only Scan using k_4 on sbtest4  (cost=0.43..6.51 rows=104 width=4)
	  Index Cond: ((k >= 6893393) AND (k <= 6893493))

table 5 : explain SELECT k FROM sbtest5 WHERE k BETWEEN 6893393 AND 6893493
	Index Only Scan using k_5 on sbtest5  (cost=0.43..6.43 rows=100 width=4)
	  Index Cond: ((k >= 6893393) AND (k <= 6893493))

table 6 : explain SELECT k FROM sbtest6 WHERE k BETWEEN 6893393 AND 6893493
	Index Only Scan using k_6 on sbtest6  (cost=0.43..6.43 rows=100 width=4)
	  Index Cond: ((k >= 6893393) AND (k <= 6893493))

table 7 : explain SELECT k FROM sbtest7 WHERE k BETWEEN 6893393 AND 6893493
	Index Only Scan using k_7 on sbtest7  (cost=0.43..6.37 rows=97 width=4)
	  Index Cond: ((k >= 6893393) AND (k <= 6893493))

table 8 : explain SELECT k FROM sbtest8 WHERE k BETWEEN 6893393 AND 6893493
	Index Only Scan using k_8 on sbtest8  (cost=0.43..6.43 rows=100 width=4)
	  Index Cond: ((k >= 6893393) AND (k <= 6893493))

for range-covered
table 1 : explain SELECT k FROM sbtest1 WHERE k BETWEEN 3403433 AND 3403533
	Index Only Scan using k_1 on sbtest1  (cost=0.43..6.74 rows=115 width=4)
	  Index Cond: ((k >= 3403433) AND (k <= 3403533))

table 2 : explain SELECT k FROM sbtest2 WHERE k BETWEEN 3403433 AND 3403533
	Index Only Scan using k_2 on sbtest2  (cost=0.43..6.47 rows=102 width=4)
	  Index Cond: ((k >= 3403433) AND (k <= 3403533))

table 3 : explain SELECT k FROM sbtest3 WHERE k BETWEEN 3403433 AND 3403533
	Index Only Scan using k_3 on sbtest3  (cost=0.43..6.59 rows=108 width=4)
	  Index Cond: ((k >= 3403433) AND (k <= 3403533))

table 4 : explain SELECT k FROM sbtest4 WHERE k BETWEEN 3403433 AND 3403533
	Index Only Scan using k_4 on sbtest4  (cost=0.43..6.43 rows=100 width=4)
	  Index Cond: ((k >= 3403433) AND (k <= 3403533))

table 5 : explain SELECT k FROM sbtest5 WHERE k BETWEEN 3403433 AND 3403533
	Index Only Scan using k_5 on sbtest5  (cost=0.43..6.47 rows=102 width=4)
	  Index Cond: ((k >= 3403433) AND (k <= 3403533))

table 6 : explain SELECT k FROM sbtest6 WHERE k BETWEEN 3403433 AND 3403533
	Index Only Scan using k_6 on sbtest6  (cost=0.43..6.33 rows=95 width=4)
	  Index Cond: ((k >= 3403433) AND (k <= 3403533))

table 7 : explain SELECT k FROM sbtest7 WHERE k BETWEEN 3403433 AND 3403533
	Index Only Scan using k_7 on sbtest7  (cost=0.43..6.50 rows=103 width=4)
	  Index Cond: ((k >= 3403433) AND (k <= 3403533))

table 8 : explain SELECT k FROM sbtest8 WHERE k BETWEEN 3403433 AND 3403533
	Index Only Scan using k_8 on sbtest8  (cost=0.43..6.27 rows=92 width=4)
	  Index Cond: ((k >= 3403433) AND (k <= 3403533))

for range-covered
table 1 : explain SELECT k FROM sbtest1 WHERE k BETWEEN 1801866 AND 1801966
	Index Only Scan using k_1 on sbtest1  (cost=0.43..6.58 rows=107 width=4)
	  Index Cond: ((k >= 1801866) AND (k <= 1801966))

table 2 : explain SELECT k FROM sbtest2 WHERE k BETWEEN 1801866 AND 1801966
	Index Only Scan using k_2 on sbtest2  (cost=0.43..6.50 rows=103 width=4)
	  Index Cond: ((k >= 1801866) AND (k <= 1801966))

table 3 : explain SELECT k FROM sbtest3 WHERE k BETWEEN 1801866 AND 1801966
	Index Only Scan using k_3 on sbtest3  (cost=0.43..6.51 rows=104 width=4)
	  Index Cond: ((k >= 1801866) AND (k <= 1801966))

table 4 : explain SELECT k FROM sbtest4 WHERE k BETWEEN 1801866 AND 1801966
	Index Only Scan using k_4 on sbtest4  (cost=0.43..6.50 rows=103 width=4)
	  Index Cond: ((k >= 1801866) AND (k <= 1801966))

table 5 : explain SELECT k FROM sbtest5 WHERE k BETWEEN 1801866 AND 1801966
	Index Only Scan using k_5 on sbtest5  (cost=0.43..6.61 rows=109 width=4)
	  Index Cond: ((k >= 1801866) AND (k <= 1801966))

table 6 : explain SELECT k FROM sbtest6 WHERE k BETWEEN 1801866 AND 1801966
	Index Only Scan using k_6 on sbtest6  (cost=0.43..6.45 rows=101 width=4)
	  Index Cond: ((k >= 1801866) AND (k <= 1801966))

table 7 : explain SELECT k FROM sbtest7 WHERE k BETWEEN 1801866 AND 1801966
	Index Only Scan using k_7 on sbtest7  (cost=0.43..6.32 rows=94 width=4)
	  Index Cond: ((k >= 1801866) AND (k <= 1801966))

table 8 : explain SELECT k FROM sbtest8 WHERE k BETWEEN 1801866 AND 1801966
	Index Only Scan using k_8 on sbtest8  (cost=0.43..6.27 rows=92 width=4)
	  Index Cond: ((k >= 1801866) AND (k <= 1801966))

explain: for range-covered :: explain SELECT k FROM sbtest%d WHERE k BETWEEN 6893393 AND 6893493
explain: for range-covered :: explain SELECT k FROM sbtest%d WHERE k BETWEEN 3403433 AND 3403533
for range-covered
table 1 : explain SELECT k FROM sbtest1 WHERE k BETWEEN 6824442 AND 6824542
	Index Only Scan using k_1 on sbtest1  (cost=0.43..6.63 rows=110 width=4)
	  Index Cond: ((k >= 6824442) AND (k <= 6824542))

table 2 : explain SELECT k FROM sbtest2 WHERE k BETWEEN 6824442 AND 6824542
	Index Only Scan using k_2 on sbtest2  (cost=0.43..6.53 rows=105 width=4)
	  Index Cond: ((k >= 6824442) AND (k <= 6824542))

table 3 : explain SELECT k FROM sbtest3 WHERE k BETWEEN 6824442 AND 6824542
	Index Only Scan using k_3 on sbtest3  (cost=0.43..6.47 rows=102 width=4)
	  Index Cond: ((k >= 6824442) AND (k <= 6824542))

table 4 : explain SELECT k FROM sbtest4 WHERE k BETWEEN 6824442 AND 6824542
	Index Only Scan using k_4 on sbtest4  (cost=0.43..6.53 rows=105 width=4)
	  Index Cond: ((k >= 6824442) AND (k <= 6824542))

table 5 : explain SELECT k FROM sbtest5 WHERE k BETWEEN 6824442 AND 6824542
	Index Only Scan using k_5 on sbtest5  (cost=0.43..6.33 rows=95 width=4)
	  Index Cond: ((k >= 6824442) AND (k <= 6824542))

table 6 : explain SELECT k FROM sbtest6 WHERE k BETWEEN 6824442 AND 6824542
	Index Only Scan using k_6 on sbtest6  (cost=0.43..6.58 rows=107 width=4)
	  Index Cond: ((k >= 6824442) AND (k <= 6824542))

table 7 : explain SELECT k FROM sbtest7 WHERE k BETWEEN 6824442 AND 6824542
	Index Only Scan using k_7 on sbtest7  (cost=0.43..6.43 rows=100 width=4)
	  Index Cond: ((k >= 6824442) AND (k <= 6824542))

table 8 : explain SELECT k FROM sbtest8 WHERE k BETWEEN 6824442 AND 6824542
	Index Only Scan using k_8 on sbtest8  (cost=0.43..6.43 rows=100 width=4)
	  Index Cond: ((k >= 6824442) AND (k <= 6824542))

for range-covered
table 1 : explain SELECT k FROM sbtest1 WHERE k BETWEEN 8956856 AND 8956956
	Index Only Scan using k_1 on sbtest1  (cost=0.43..6.35 rows=96 width=4)
	  Index Cond: ((k >= 8956856) AND (k <= 8956956))

table 2 : explain SELECT k FROM sbtest2 WHERE k BETWEEN 8956856 AND 8956956
	Index Only Scan using k_2 on sbtest2  (cost=0.43..6.50 rows=103 width=4)
	  Index Cond: ((k >= 8956856) AND (k <= 8956956))

table 3 : explain SELECT k FROM sbtest3 WHERE k BETWEEN 8956856 AND 8956956
	Index Only Scan using k_3 on sbtest3  (cost=0.43..6.29 rows=93 width=4)
	  Index Cond: ((k >= 8956856) AND (k <= 8956956))

table 4 : explain SELECT k FROM sbtest4 WHERE k BETWEEN 8956856 AND 8956956
	Index Only Scan using k_4 on sbtest4  (cost=0.43..6.42 rows=99 width=4)
	  Index Cond: ((k >= 8956856) AND (k <= 8956956))

table 5 : explain SELECT k FROM sbtest5 WHERE k BETWEEN 8956856 AND 8956956
	Index Only Scan using k_5 on sbtest5  (cost=0.43..6.66 rows=111 width=4)
	  Index Cond: ((k >= 8956856) AND (k <= 8956956))

table 6 : explain SELECT k FROM sbtest6 WHERE k BETWEEN 8956856 AND 8956956
	Index Only Scan using k_6 on sbtest6  (cost=0.43..6.53 rows=105 width=4)
	  Index Cond: ((k >= 8956856) AND (k <= 8956956))

table 7 : explain SELECT k FROM sbtest7 WHERE k BETWEEN 8956856 AND 8956956
	Index Only Scan using k_7 on sbtest7  (cost=0.43..6.59 rows=108 width=4)
	  Index Cond: ((k >= 8956856) AND (k <= 8956956))

table 8 : explain SELECT k FROM sbtest8 WHERE k BETWEEN 8956856 AND 8956956
	Index Only Scan using k_8 on sbtest8  (cost=0.43..6.51 rows=104 width=4)
	  Index Cond: ((k >= 8956856) AND (k <= 8956956))

explain: for range-covered :: explain SELECT k FROM sbtest%d WHERE k BETWEEN 1801866 AND 1801966
for range-covered
table 1 : explain SELECT k FROM sbtest1 WHERE k BETWEEN 4026922 AND 4027022
	Index Only Scan using k_1 on sbtest1  (cost=0.43..6.53 rows=105 width=4)
	  Index Cond: ((k >= 4026922) AND (k <= 4027022))

table 2 : explain SELECT k FROM sbtest2 WHERE k BETWEEN 4026922 AND 4027022
	Index Only Scan using k_2 on sbtest2  (cost=0.43..6.58 rows=107 width=4)
	  Index Cond: ((k >= 4026922) AND (k <= 4027022))

table 3 : explain SELECT k FROM sbtest3 WHERE k BETWEEN 4026922 AND 4027022
	Index Only Scan using k_3 on sbtest3  (cost=0.43..6.50 rows=103 width=4)
	  Index Cond: ((k >= 4026922) AND (k <= 4027022))

table 4 : explain SELECT k FROM sbtest4 WHERE k BETWEEN 4026922 AND 4027022
	Index Only Scan using k_4 on sbtest4  (cost=0.43..6.59 rows=108 width=4)
	  Index Cond: ((k >= 4026922) AND (k <= 4027022))

table 5 : explain SELECT k FROM sbtest5 WHERE k BETWEEN 4026922 AND 4027022
	Index Only Scan using k_5 on sbtest5  (cost=0.43..6.67 rows=112 width=4)
	  Index Cond: ((k >= 4026922) AND (k <= 4027022))

table 6 : explain SELECT k FROM sbtest6 WHERE k BETWEEN 4026922 AND 4027022
	Index Only Scan using k_6 on sbtest6  (cost=0.43..6.50 rows=103 width=4)
	  Index Cond: ((k >= 4026922) AND (k <= 4027022))

table 7 : explain SELECT k FROM sbtest7 WHERE k BETWEEN 4026922 AND 4027022
	Index Only Scan using k_7 on sbtest7  (cost=0.43..6.50 rows=103 width=4)
	  Index Cond: ((k >= 4026922) AND (k <= 4027022))

table 8 : explain SELECT k FROM sbtest8 WHERE k BETWEEN 4026922 AND 4027022
	Index Only Scan using k_8 on sbtest8  (cost=0.43..6.33 rows=95 width=4)
	  Index Cond: ((k >= 4026922) AND (k <= 4027022))

explain: for range-covered :: explain SELECT k FROM sbtest%d WHERE k BETWEEN 8956856 AND 8956956
explain: for range-covered :: explain SELECT k FROM sbtest%d WHERE k BETWEEN 4026922 AND 4027022
explain: for range-covered :: explain SELECT k FROM sbtest%d WHERE k BETWEEN 6824442 AND 6824542
for range-covered
table 1 : explain SELECT k FROM sbtest1 WHERE k BETWEEN 7337823 AND 7337923
	Index Only Scan using k_1 on sbtest1  (cost=0.43..6.37 rows=97 width=4)
	  Index Cond: ((k >= 7337823) AND (k <= 7337923))

table 2 : explain SELECT k FROM sbtest2 WHERE k BETWEEN 7337823 AND 7337923
	Index Only Scan using k_2 on sbtest2  (cost=0.43..6.53 rows=105 width=4)
	  Index Cond: ((k >= 7337823) AND (k <= 7337923))

table 3 : explain SELECT k FROM sbtest3 WHERE k BETWEEN 7337823 AND 7337923
	Index Only Scan using k_3 on sbtest3  (cost=0.43..6.35 rows=96 width=4)
	  Index Cond: ((k >= 7337823) AND (k <= 7337923))

table 4 : explain SELECT k FROM sbtest4 WHERE k BETWEEN 7337823 AND 7337923
	Index Only Scan using k_4 on sbtest4  (cost=0.43..6.53 rows=105 width=4)
	  Index Cond: ((k >= 7337823) AND (k <= 7337923))

table 5 : explain SELECT k FROM sbtest5 WHERE k BETWEEN 7337823 AND 7337923
	Index Only Scan using k_5 on sbtest5  (cost=0.43..6.59 rows=108 width=4)
	  Index Cond: ((k >= 7337823) AND (k <= 7337923))

table 6 : explain SELECT k FROM sbtest6 WHERE k BETWEEN 7337823 AND 7337923
	Index Only Scan using k_6 on sbtest6  (cost=0.43..6.42 rows=99 width=4)
	  Index Cond: ((k >= 7337823) AND (k <= 7337923))

table 7 : explain SELECT k FROM sbtest7 WHERE k BETWEEN 7337823 AND 7337923
	Index Only Scan using k_7 on sbtest7  (cost=0.43..6.53 rows=105 width=4)
	  Index Cond: ((k >= 7337823) AND (k <= 7337923))

table 8 : explain SELECT k FROM sbtest8 WHERE k BETWEEN 7337823 AND 7337923
	Index Only Scan using k_8 on sbtest8  (cost=0.43..6.45 rows=101 width=4)
	  Index Cond: ((k >= 7337823) AND (k <= 7337923))

for range-covered
table 1 : explain SELECT k FROM sbtest1 WHERE k BETWEEN 7405856 AND 7405956
	Index Only Scan using k_1 on sbtest1  (cost=0.43..6.37 rows=97 width=4)
	  Index Cond: ((k >= 7405856) AND (k <= 7405956))

table 2 : explain SELECT k FROM sbtest2 WHERE k BETWEEN 7405856 AND 7405956
	Index Only Scan using k_2 on sbtest2  (cost=0.43..6.53 rows=105 width=4)
	  Index Cond: ((k >= 7405856) AND (k <= 7405956))

table 3 : explain SELECT k FROM sbtest3 WHERE k BETWEEN 7405856 AND 7405956
	Index Only Scan using k_3 on sbtest3  (cost=0.43..6.50 rows=103 width=4)
	  Index Cond: ((k >= 7405856) AND (k <= 7405956))

table 4 : explain SELECT k FROM sbtest4 WHERE k BETWEEN 7405856 AND 7405956
	Index Only Scan using k_4 on sbtest4  (cost=0.43..6.32 rows=94 width=4)
	  Index Cond: ((k >= 7405856) AND (k <= 7405956))

table 5 : explain SELECT k FROM sbtest5 WHERE k BETWEEN 7405856 AND 7405956
	Index Only Scan using k_5 on sbtest5  (cost=0.43..6.59 rows=108 width=4)
	  Index Cond: ((k >= 7405856) AND (k <= 7405956))

table 6 : explain SELECT k FROM sbtest6 WHERE k BETWEEN 7405856 AND 7405956
	Index Only Scan using k_6 on sbtest6  (cost=0.43..6.50 rows=103 width=4)
	  Index Cond: ((k >= 7405856) AND (k <= 7405956))

table 7 : explain SELECT k FROM sbtest7 WHERE k BETWEEN 7405856 AND 7405956
	Index Only Scan using k_7 on sbtest7  (cost=0.43..6.35 rows=96 width=4)
	  Index Cond: ((k >= 7405856) AND (k <= 7405956))

table 8 : explain SELECT k FROM sbtest8 WHERE k BETWEEN 7405856 AND 7405956
	Index Only Scan using k_8 on sbtest8  (cost=0.43..6.59 rows=108 width=4)
	  Index Cond: ((k >= 7405856) AND (k <= 7405956))

for range-covered
table 1 : explain SELECT k FROM sbtest1 WHERE k BETWEEN 6433242 AND 6433342
	Index Only Scan using k_1 on sbtest1  (cost=0.43..6.45 rows=101 width=4)
	  Index Cond: ((k >= 6433242) AND (k <= 6433342))

table 2 : explain SELECT k FROM sbtest2 WHERE k BETWEEN 6433242 AND 6433342
	Index Only Scan using k_2 on sbtest2  (cost=0.43..6.29 rows=93 width=4)
	  Index Cond: ((k >= 6433242) AND (k <= 6433342))

table 3 : explain SELECT k FROM sbtest3 WHERE k BETWEEN 6433242 AND 6433342
	Index Only Scan using k_3 on sbtest3  (cost=0.43..6.63 rows=110 width=4)
	  Index Cond: ((k >= 6433242) AND (k <= 6433342))

table 4 : explain SELECT k FROM sbtest4 WHERE k BETWEEN 6433242 AND 6433342
	Index Only Scan using k_4 on sbtest4  (cost=0.43..6.40 rows=98 width=4)
	  Index Cond: ((k >= 6433242) AND (k <= 6433342))

table 5 : explain SELECT k FROM sbtest5 WHERE k BETWEEN 6433242 AND 6433342
	Index Only Scan using k_5 on sbtest5  (cost=0.43..6.37 rows=97 width=4)
	  Index Cond: ((k >= 6433242) AND (k <= 6433342))

table 6 : explain SELECT k FROM sbtest6 WHERE k BETWEEN 6433242 AND 6433342
	Index Only Scan using k_6 on sbtest6  (cost=0.43..6.43 rows=100 width=4)
	  Index Cond: ((k >= 6433242) AND (k <= 6433342))

table 7 : explain SELECT k FROM sbtest7 WHERE k BETWEEN 6433242 AND 6433342
	Index Only Scan using k_7 on sbtest7  (cost=0.43..6.50 rows=103 width=4)
	  Index Cond: ((k >= 6433242) AND (k <= 6433342))

table 8 : explain SELECT k FROM sbtest8 WHERE k BETWEEN 6433242 AND 6433342
	Index Only Scan using k_8 on sbtest8  (cost=0.43..6.27 rows=92 width=4)
	  Index Cond: ((k >= 6433242) AND (k <= 6433342))

explain: for range-covered :: explain SELECT k FROM sbtest%d WHERE k BETWEEN 7337823 AND 7337923
for range-covered
table 1 : explain SELECT k FROM sbtest1 WHERE k BETWEEN 6819884 AND 6819984
	Index Only Scan using k_1 on sbtest1  (cost=0.43..6.63 rows=110 width=4)
	  Index Cond: ((k >= 6819884) AND (k <= 6819984))

table 2 : explain SELECT k FROM sbtest2 WHERE k BETWEEN 6819884 AND 6819984
	Index Only Scan using k_2 on sbtest2  (cost=0.43..6.53 rows=105 width=4)
	  Index Cond: ((k >= 6819884) AND (k <= 6819984))

table 3 : explain SELECT k FROM sbtest3 WHERE k BETWEEN 6819884 AND 6819984
	Index Only Scan using k_3 on sbtest3  (cost=0.43..6.47 rows=102 width=4)
	  Index Cond: ((k >= 6819884) AND (k <= 6819984))

table 4 : explain SELECT k FROM sbtest4 WHERE k BETWEEN 6819884 AND 6819984
	Index Only Scan using k_4 on sbtest4  (cost=0.43..6.53 rows=105 width=4)
	  Index Cond: ((k >= 6819884) AND (k <= 6819984))

table 5 : explain SELECT k FROM sbtest5 WHERE k BETWEEN 6819884 AND 6819984
	Index Only Scan using k_5 on sbtest5  (cost=0.43..6.33 rows=95 width=4)
	  Index Cond: ((k >= 6819884) AND (k <= 6819984))

table 6 : explain SELECT k FROM sbtest6 WHERE k BETWEEN 6819884 AND 6819984
	Index Only Scan using k_6 on sbtest6  (cost=0.43..6.58 rows=107 width=4)
	  Index Cond: ((k >= 6819884) AND (k <= 6819984))

table 7 : explain SELECT k FROM sbtest7 WHERE k BETWEEN 6819884 AND 6819984
	Index Only Scan using k_7 on sbtest7  (cost=0.43..6.43 rows=100 width=4)
	  Index Cond: ((k >= 6819884) AND (k <= 6819984))

table 8 : explain SELECT k FROM sbtest8 WHERE k BETWEEN 6819884 AND 6819984
	Index Only Scan using k_8 on sbtest8  (cost=0.43..6.43 rows=100 width=4)
	  Index Cond: ((k >= 6819884) AND (k <= 6819984))

for range-covered
table 1 : explain SELECT k FROM sbtest1 WHERE k BETWEEN 6893393 AND 6893493
	Index Only Scan using k_1 on sbtest1  (cost=0.43..6.85 rows=121 width=4)
	  Index Cond: ((k >= 6893393) AND (k <= 6893493))

table 2 : explain SELECT k FROM sbtest2 WHERE k BETWEEN 6893393 AND 6893493
	Index Only Scan using k_2 on sbtest2  (cost=0.43..6.53 rows=105 width=4)
	  Index Cond: ((k >= 6893393) AND (k <= 6893493))

table 3 : explain SELECT k FROM sbtest3 WHERE k BETWEEN 6893393 AND 6893493
	Index Only Scan using k_3 on sbtest3  (cost=0.43..6.43 rows=100 width=4)
	  Index Cond: ((k >= 6893393) AND (k <= 6893493))

table 4 : explain SELECT k FROM sbtest4 WHERE k BETWEEN 6893393 AND 6893493
	Index Only Scan using k_4 on sbtest4  (cost=0.43..6.51 rows=104 width=4)
	  Index Cond: ((k >= 6893393) AND (k <= 6893493))

table 5 : explain SELECT k FROM sbtest5 WHERE k BETWEEN 6893393 AND 6893493
	Index Only Scan using k_5 on sbtest5  (cost=0.43..6.43 rows=100 width=4)
	  Index Cond: ((k >= 6893393) AND (k <= 6893493))

table 6 : explain SELECT k FROM sbtest6 WHERE k BETWEEN 6893393 AND 6893493
	Index Only Scan using k_6 on sbtest6  (cost=0.43..6.43 rows=100 width=4)
	  Index Cond: ((k >= 6893393) AND (k <= 6893493))

table 7 : explain SELECT k FROM sbtest7 WHERE k BETWEEN 6893393 AND 6893493
	Index Only Scan using k_7 on sbtest7  (cost=0.43..6.37 rows=97 width=4)
	  Index Cond: ((k >= 6893393) AND (k <= 6893493))

table 8 : explain SELECT k FROM sbtest8 WHERE k BETWEEN 6893393 AND 6893493
	Index Only Scan using k_8 on sbtest8  (cost=0.43..6.43 rows=100 width=4)
	  Index Cond: ((k >= 6893393) AND (k <= 6893493))

explain: for range-covered :: explain SELECT k FROM sbtest%d WHERE k BETWEEN 6819884 AND 6819984
for range-covered
table 1 : explain SELECT k FROM sbtest1 WHERE k BETWEEN 3403433 AND 3403533
	Index Only Scan using k_1 on sbtest1  (cost=0.43..6.74 rows=115 width=4)
	  Index Cond: ((k >= 3403433) AND (k <= 3403533))

table 2 : explain SELECT k FROM sbtest2 WHERE k BETWEEN 3403433 AND 3403533
	Index Only Scan using k_2 on sbtest2  (cost=0.43..6.47 rows=102 width=4)
	  Index Cond: ((k >= 3403433) AND (k <= 3403533))

table 3 : explain SELECT k FROM sbtest3 WHERE k BETWEEN 3403433 AND 3403533
	Index Only Scan using k_3 on sbtest3  (cost=0.43..6.59 rows=108 width=4)
	  Index Cond: ((k >= 3403433) AND (k <= 3403533))

table 4 : explain SELECT k FROM sbtest4 WHERE k BETWEEN 3403433 AND 3403533
	Index Only Scan using k_4 on sbtest4  (cost=0.43..6.43 rows=100 width=4)
	  Index Cond: ((k >= 3403433) AND (k <= 3403533))

table 5 : explain SELECT k FROM sbtest5 WHERE k BETWEEN 3403433 AND 3403533
	Index Only Scan using k_5 on sbtest5  (cost=0.43..6.47 rows=102 width=4)
	  Index Cond: ((k >= 3403433) AND (k <= 3403533))

table 6 : explain SELECT k FROM sbtest6 WHERE k BETWEEN 3403433 AND 3403533
	Index Only Scan using k_6 on sbtest6  (cost=0.43..6.33 rows=95 width=4)
	  Index Cond: ((k >= 3403433) AND (k <= 3403533))

table 7 : explain SELECT k FROM sbtest7 WHERE k BETWEEN 3403433 AND 3403533
	Index Only Scan using k_7 on sbtest7  (cost=0.43..6.50 rows=103 width=4)
	  Index Cond: ((k >= 3403433) AND (k <= 3403533))

table 8 : explain SELECT k FROM sbtest8 WHERE k BETWEEN 3403433 AND 3403533
	Index Only Scan using k_8 on sbtest8  (cost=0.43..6.27 rows=92 width=4)
	  Index Cond: ((k >= 3403433) AND (k <= 3403533))

explain: for range-covered :: explain SELECT k FROM sbtest%d WHERE k BETWEEN 3905184 AND 3905284
explain: for range-covered :: explain SELECT k FROM sbtest%d WHERE k BETWEEN 3403433 AND 3403533
explain: for range-covered :: explain SELECT k FROM sbtest%d WHERE k BETWEEN 6893393 AND 6893493
for range-covered
table 1 : explain SELECT k FROM sbtest1 WHERE k BETWEEN 8956856 AND 8956956
	Index Only Scan using k_1 on sbtest1  (cost=0.43..6.35 rows=96 width=4)
	  Index Cond: ((k >= 8956856) AND (k <= 8956956))

table 2 : explain SELECT k FROM sbtest2 WHERE k BETWEEN 8956856 AND 8956956
	Index Only Scan using k_2 on sbtest2  (cost=0.43..6.50 rows=103 width=4)
	  Index Cond: ((k >= 8956856) AND (k <= 8956956))

table 3 : explain SELECT k FROM sbtest3 WHERE k BETWEEN 8956856 AND 8956956
	Index Only Scan using k_3 on sbtest3  (cost=0.43..6.29 rows=93 width=4)
	  Index Cond: ((k >= 8956856) AND (k <= 8956956))

table 4 : explain SELECT k FROM sbtest4 WHERE k BETWEEN 8956856 AND 8956956
	Index Only Scan using k_4 on sbtest4  (cost=0.43..6.42 rows=99 width=4)
	  Index Cond: ((k >= 8956856) AND (k <= 8956956))

table 5 : explain SELECT k FROM sbtest5 WHERE k BETWEEN 8956856 AND 8956956
	Index Only Scan using k_5 on sbtest5  (cost=0.43..6.66 rows=111 width=4)
	  Index Cond: ((k >= 8956856) AND (k <= 8956956))

table 6 : explain SELECT k FROM sbtest6 WHERE k BETWEEN 8956856 AND 8956956
	Index Only Scan using k_6 on sbtest6  (cost=0.43..6.53 rows=105 width=4)
	  Index Cond: ((k >= 8956856) AND (k <= 8956956))

table 7 : explain SELECT k FROM sbtest7 WHERE k BETWEEN 8956856 AND 8956956
	Index Only Scan using k_7 on sbtest7  (cost=0.43..6.59 rows=108 width=4)
	  Index Cond: ((k >= 8956856) AND (k <= 8956956))

table 8 : explain SELECT k FROM sbtest8 WHERE k BETWEEN 8956856 AND 8956956
	Index Only Scan using k_8 on sbtest8  (cost=0.43..6.51 rows=104 width=4)
	  Index Cond: ((k >= 8956856) AND (k <= 8956956))

for range-covered
table 1 : explain SELECT k FROM sbtest1 WHERE k BETWEEN 4026922 AND 4027022
	Index Only Scan using k_1 on sbtest1  (cost=0.43..6.53 rows=105 width=4)
	  Index Cond: ((k >= 4026922) AND (k <= 4027022))

table 2 : explain SELECT k FROM sbtest2 WHERE k BETWEEN 4026922 AND 4027022
	Index Only Scan using k_2 on sbtest2  (cost=0.43..6.58 rows=107 width=4)
	  Index Cond: ((k >= 4026922) AND (k <= 4027022))

table 3 : explain SELECT k FROM sbtest3 WHERE k BETWEEN 4026922 AND 4027022
	Index Only Scan using k_3 on sbtest3  (cost=0.43..6.50 rows=103 width=4)
	  Index Cond: ((k >= 4026922) AND (k <= 4027022))

table 4 : explain SELECT k FROM sbtest4 WHERE k BETWEEN 4026922 AND 4027022
	Index Only Scan using k_4 on sbtest4  (cost=0.43..6.59 rows=108 width=4)
	  Index Cond: ((k >= 4026922) AND (k <= 4027022))

table 5 : explain SELECT k FROM sbtest5 WHERE k BETWEEN 4026922 AND 4027022
	Index Only Scan using k_5 on sbtest5  (cost=0.43..6.67 rows=112 width=4)
	  Index Cond: ((k >= 4026922) AND (k <= 4027022))

table 6 : explain SELECT k FROM sbtest6 WHERE k BETWEEN 4026922 AND 4027022
	Index Only Scan using k_6 on sbtest6  (cost=0.43..6.50 rows=103 width=4)
	  Index Cond: ((k >= 4026922) AND (k <= 4027022))

table 7 : explain SELECT k FROM sbtest7 WHERE k BETWEEN 4026922 AND 4027022
	Index Only Scan using k_7 on sbtest7  (cost=0.43..6.50 rows=103 width=4)
	  Index Cond: ((k >= 4026922) AND (k <= 4027022))

table 8 : explain SELECT k FROM sbtest8 WHERE k BETWEEN 4026922 AND 4027022
	Index Only Scan using k_8 on sbtest8  (cost=0.43..6.33 rows=95 width=4)
	  Index Cond: ((k >= 4026922) AND (k <= 4027022))

explain: for range-covered :: explain SELECT k FROM sbtest%d WHERE k BETWEEN 8956856 AND 8956956
explain: for range-covered :: explain SELECT k FROM sbtest%d WHERE k BETWEEN 4026922 AND 4027022
for range-covered
table 1 : explain SELECT k FROM sbtest1 WHERE k BETWEEN 5364958 AND 5365058
	Index Only Scan using k_1 on sbtest1  (cost=0.43..6.66 rows=111 width=4)
	  Index Cond: ((k >= 5364958) AND (k <= 5365058))

table 2 : explain SELECT k FROM sbtest2 WHERE k BETWEEN 5364958 AND 5365058
	Index Only Scan using k_2 on sbtest2  (cost=0.43..6.40 rows=98 width=4)
	  Index Cond: ((k >= 5364958) AND (k <= 5365058))

table 3 : explain SELECT k FROM sbtest3 WHERE k BETWEEN 5364958 AND 5365058
	Index Only Scan using k_3 on sbtest3  (cost=0.43..6.63 rows=110 width=4)
	  Index Cond: ((k >= 5364958) AND (k <= 5365058))

table 4 : explain SELECT k FROM sbtest4 WHERE k BETWEEN 5364958 AND 5365058
	Index Only Scan using k_4 on sbtest4  (cost=0.43..6.59 rows=108 width=4)
	  Index Cond: ((k >= 5364958) AND (k <= 5365058))

table 5 : explain SELECT k FROM sbtest5 WHERE k BETWEEN 5364958 AND 5365058
	Index Only Scan using k_5 on sbtest5  (cost=0.43..6.45 rows=101 width=4)
	  Index Cond: ((k >= 5364958) AND (k <= 5365058))

table 6 : explain SELECT k FROM sbtest6 WHERE k BETWEEN 5364958 AND 5365058
	Index Only Scan using k_6 on sbtest6  (cost=0.43..6.33 rows=95 width=4)
	  Index Cond: ((k >= 5364958) AND (k <= 5365058))

table 7 : explain SELECT k FROM sbtest7 WHERE k BETWEEN 5364958 AND 5365058
	Index Only Scan using k_7 on sbtest7  (cost=0.43..6.66 rows=111 width=4)
	  Index Cond: ((k >= 5364958) AND (k <= 5365058))

table 8 : explain SELECT k FROM sbtest8 WHERE k BETWEEN 5364958 AND 5365058
	Index Only Scan using k_8 on sbtest8  (cost=0.43..6.47 rows=102 width=4)
	  Index Cond: ((k >= 5364958) AND (k <= 5365058))

for range-covered
table 1 : explain SELECT k FROM sbtest1 WHERE k BETWEEN 6589546 AND 6589646
	Index Only Scan using k_1 on sbtest1  (cost=0.43..6.40 rows=98 width=4)
	  Index Cond: ((k >= 6589546) AND (k <= 6589646))

table 2 : explain SELECT k FROM sbtest2 WHERE k BETWEEN 6589546 AND 6589646
	Index Only Scan using k_2 on sbtest2  (cost=0.43..6.45 rows=101 width=4)
	  Index Cond: ((k >= 6589546) AND (k <= 6589646))

table 3 : explain SELECT k FROM sbtest3 WHERE k BETWEEN 6589546 AND 6589646
	Index Only Scan using k_3 on sbtest3  (cost=0.43..6.35 rows=96 width=4)
	  Index Cond: ((k >= 6589546) AND (k <= 6589646))

table 4 : explain SELECT k FROM sbtest4 WHERE k BETWEEN 6589546 AND 6589646
	Index Only Scan using k_4 on sbtest4  (cost=0.43..6.47 rows=102 width=4)
	  Index Cond: ((k >= 6589546) AND (k <= 6589646))

table 5 : explain SELECT k FROM sbtest5 WHERE k BETWEEN 6589546 AND 6589646
	Index Only Scan using k_5 on sbtest5  (cost=0.43..6.43 rows=100 width=4)
	  Index Cond: ((k >= 6589546) AND (k <= 6589646))

table 6 : explain SELECT k FROM sbtest6 WHERE k BETWEEN 6589546 AND 6589646
	Index Only Scan using k_6 on sbtest6  (cost=0.43..6.50 rows=103 width=4)
	  Index Cond: ((k >= 6589546) AND (k <= 6589646))

table 7 : explain SELECT k FROM sbtest7 WHERE k BETWEEN 6589546 AND 6589646
	Index Only Scan using k_7 on sbtest7  (cost=0.43..6.42 rows=99 width=4)
	  Index Cond: ((k >= 6589546) AND (k <= 6589646))

table 8 : explain SELECT k FROM sbtest8 WHERE k BETWEEN 6589546 AND 6589646
	Index Only Scan using k_8 on sbtest8  (cost=0.43..6.37 rows=97 width=4)
	  Index Cond: ((k >= 6589546) AND (k <= 6589646))

for range-covered
table 1 : explain SELECT k FROM sbtest1 WHERE k BETWEEN 1801866 AND 1801966
	Index Only Scan using k_1 on sbtest1  (cost=0.43..6.58 rows=107 width=4)
	  Index Cond: ((k >= 1801866) AND (k <= 1801966))

table 2 : explain SELECT k FROM sbtest2 WHERE k BETWEEN 1801866 AND 1801966
	Index Only Scan using k_2 on sbtest2  (cost=0.43..6.50 rows=103 width=4)
	  Index Cond: ((k >= 1801866) AND (k <= 1801966))

table 3 : explain SELECT k FROM sbtest3 WHERE k BETWEEN 1801866 AND 1801966
	Index Only Scan using k_3 on sbtest3  (cost=0.43..6.51 rows=104 width=4)
	  Index Cond: ((k >= 1801866) AND (k <= 1801966))

table 4 : explain SELECT k FROM sbtest4 WHERE k BETWEEN 1801866 AND 1801966
	Index Only Scan using k_4 on sbtest4  (cost=0.43..6.50 rows=103 width=4)
	  Index Cond: ((k >= 1801866) AND (k <= 1801966))

table 5 : explain SELECT k FROM sbtest5 WHERE k BETWEEN 1801866 AND 1801966
	Index Only Scan using k_5 on sbtest5  (cost=0.43..6.61 rows=109 width=4)
	  Index Cond: ((k >= 1801866) AND (k <= 1801966))

table 6 : explain SELECT k FROM sbtest6 WHERE k BETWEEN 1801866 AND 1801966
	Index Only Scan using k_6 on sbtest6  (cost=0.43..6.45 rows=101 width=4)
	  Index Cond: ((k >= 1801866) AND (k <= 1801966))

table 7 : explain SELECT k FROM sbtest7 WHERE k BETWEEN 1801866 AND 1801966
	Index Only Scan using k_7 on sbtest7  (cost=0.43..6.32 rows=94 width=4)
	  Index Cond: ((k >= 1801866) AND (k <= 1801966))

table 8 : explain SELECT k FROM sbtest8 WHERE k BETWEEN 1801866 AND 1801966
	Index Only Scan using k_8 on sbtest8  (cost=0.43..6.27 rows=92 width=4)
	  Index Cond: ((k >= 1801866) AND (k <= 1801966))

for range-covered
table 1 : explain SELECT k FROM sbtest1 WHERE k BETWEEN 6819884 AND 6819984
	Index Only Scan using k_1 on sbtest1  (cost=0.43..6.63 rows=110 width=4)
	  Index Cond: ((k >= 6819884) AND (k <= 6819984))

table 2 : explain SELECT k FROM sbtest2 WHERE k BETWEEN 6819884 AND 6819984
	Index Only Scan using k_2 on sbtest2  (cost=0.43..6.53 rows=105 width=4)
	  Index Cond: ((k >= 6819884) AND (k <= 6819984))

table 3 : explain SELECT k FROM sbtest3 WHERE k BETWEEN 6819884 AND 6819984
	Index Only Scan using k_3 on sbtest3  (cost=0.43..6.47 rows=102 width=4)
	  Index Cond: ((k >= 6819884) AND (k <= 6819984))

table 4 : explain SELECT k FROM sbtest4 WHERE k BETWEEN 6819884 AND 6819984
	Index Only Scan using k_4 on sbtest4  (cost=0.43..6.53 rows=105 width=4)
	  Index Cond: ((k >= 6819884) AND (k <= 6819984))

table 5 : explain SELECT k FROM sbtest5 WHERE k BETWEEN 6819884 AND 6819984
	Index Only Scan using k_5 on sbtest5  (cost=0.43..6.33 rows=95 width=4)
	  Index Cond: ((k >= 6819884) AND (k <= 6819984))

table 6 : explain SELECT k FROM sbtest6 WHERE k BETWEEN 6819884 AND 6819984
	Index Only Scan using k_6 on sbtest6  (cost=0.43..6.58 rows=107 width=4)
	  Index Cond: ((k >= 6819884) AND (k <= 6819984))

table 7 : explain SELECT k FROM sbtest7 WHERE k BETWEEN 6819884 AND 6819984
	Index Only Scan using k_7 on sbtest7  (cost=0.43..6.43 rows=100 width=4)
	  Index Cond: ((k >= 6819884) AND (k <= 6819984))

table 8 : explain SELECT k FROM sbtest8 WHERE k BETWEEN 6819884 AND 6819984
	Index Only Scan using k_8 on sbtest8  (cost=0.43..6.43 rows=100 width=4)
	  Index Cond: ((k >= 6819884) AND (k <= 6819984))

for range-covered
table 1 : explain SELECT k FROM sbtest1 WHERE k BETWEEN 6893393 AND 6893493
	Index Only Scan using k_1 on sbtest1  (cost=0.43..6.85 rows=121 width=4)
	  Index Cond: ((k >= 6893393) AND (k <= 6893493))

table 2 : explain SELECT k FROM sbtest2 WHERE k BETWEEN 6893393 AND 6893493
	Index Only Scan using k_2 on sbtest2  (cost=0.43..6.53 rows=105 width=4)
	  Index Cond: ((k >= 6893393) AND (k <= 6893493))

table 3 : explain SELECT k FROM sbtest3 WHERE k BETWEEN 6893393 AND 6893493
	Index Only Scan using k_3 on sbtest3  (cost=0.43..6.43 rows=100 width=4)
	  Index Cond: ((k >= 6893393) AND (k <= 6893493))

table 4 : explain SELECT k FROM sbtest4 WHERE k BETWEEN 6893393 AND 6893493
	Index Only Scan using k_4 on sbtest4  (cost=0.43..6.51 rows=104 width=4)
	  Index Cond: ((k >= 6893393) AND (k <= 6893493))

table 5 : explain SELECT k FROM sbtest5 WHERE k BETWEEN 6893393 AND 6893493
	Index Only Scan using k_5 on sbtest5  (cost=0.43..6.43 rows=100 width=4)
	  Index Cond: ((k >= 6893393) AND (k <= 6893493))

table 6 : explain SELECT k FROM sbtest6 WHERE k BETWEEN 6893393 AND 6893493
	Index Only Scan using k_6 on sbtest6  (cost=0.43..6.43 rows=100 width=4)
	  Index Cond: ((k >= 6893393) AND (k <= 6893493))

table 7 : explain SELECT k FROM sbtest7 WHERE k BETWEEN 6893393 AND 6893493
	Index Only Scan using k_7 on sbtest7  (cost=0.43..6.37 rows=97 width=4)
	  Index Cond: ((k >= 6893393) AND (k <= 6893493))

table 8 : explain SELECT k FROM sbtest8 WHERE k BETWEEN 6893393 AND 6893493
	Index Only Scan using k_8 on sbtest8  (cost=0.43..6.43 rows=100 width=4)
	  Index Cond: ((k >= 6893393) AND (k <= 6893493))

explain: for range-covered :: explain SELECT k FROM sbtest%d WHERE k BETWEEN 6819884 AND 6819984
for range-covered
table 1 : explain SELECT k FROM sbtest1 WHERE k BETWEEN 3403433 AND 3403533
	Index Only Scan using k_1 on sbtest1  (cost=0.43..6.74 rows=115 width=4)
	  Index Cond: ((k >= 3403433) AND (k <= 3403533))

table 2 : explain SELECT k FROM sbtest2 WHERE k BETWEEN 3403433 AND 3403533
	Index Only Scan using k_2 on sbtest2  (cost=0.43..6.47 rows=102 width=4)
	  Index Cond: ((k >= 3403433) AND (k <= 3403533))

table 3 : explain SELECT k FROM sbtest3 WHERE k BETWEEN 3403433 AND 3403533
	Index Only Scan using k_3 on sbtest3  (cost=0.43..6.59 rows=108 width=4)
	  Index Cond: ((k >= 3403433) AND (k <= 3403533))

table 4 : explain SELECT k FROM sbtest4 WHERE k BETWEEN 3403433 AND 3403533
	Index Only Scan using k_4 on sbtest4  (cost=0.43..6.43 rows=100 width=4)
	  Index Cond: ((k >= 3403433) AND (k <= 3403533))

table 5 : explain SELECT k FROM sbtest5 WHERE k BETWEEN 3403433 AND 3403533
	Index Only Scan using k_5 on sbtest5  (cost=0.43..6.47 rows=102 width=4)
	  Index Cond: ((k >= 3403433) AND (k <= 3403533))

table 6 : explain SELECT k FROM sbtest6 WHERE k BETWEEN 3403433 AND 3403533
	Index Only Scan using k_6 on sbtest6  (cost=0.43..6.33 rows=95 width=4)
	  Index Cond: ((k >= 3403433) AND (k <= 3403533))

table 7 : explain SELECT k FROM sbtest7 WHERE k BETWEEN 3403433 AND 3403533
	Index Only Scan using k_7 on sbtest7  (cost=0.43..6.50 rows=103 width=4)
	  Index Cond: ((k >= 3403433) AND (k <= 3403533))

table 8 : explain SELECT k FROM sbtest8 WHERE k BETWEEN 3403433 AND 3403533
	Index Only Scan using k_8 on sbtest8  (cost=0.43..6.27 rows=92 width=4)
	  Index Cond: ((k >= 3403433) AND (k <= 3403533))

for range-covered
table 1 : explain SELECT k FROM sbtest1 WHERE k BETWEEN 8956856 AND 8956956
	Index Only Scan using k_1 on sbtest1  (cost=0.43..6.35 rows=96 width=4)
	  Index Cond: ((k >= 8956856) AND (k <= 8956956))

table 2 : explain SELECT k FROM sbtest2 WHERE k BETWEEN 8956856 AND 8956956
	Index Only Scan using k_2 on sbtest2  (cost=0.43..6.50 rows=103 width=4)
	  Index Cond: ((k >= 8956856) AND (k <= 8956956))

table 3 : explain SELECT k FROM sbtest3 WHERE k BETWEEN 8956856 AND 8956956
	Index Only Scan using k_3 on sbtest3  (cost=0.43..6.29 rows=93 width=4)
	  Index Cond: ((k >= 8956856) AND (k <= 8956956))

table 4 : explain SELECT k FROM sbtest4 WHERE k BETWEEN 8956856 AND 8956956
	Index Only Scan using k_4 on sbtest4  (cost=0.43..6.42 rows=99 width=4)
	  Index Cond: ((k >= 8956856) AND (k <= 8956956))

table 5 : explain SELECT k FROM sbtest5 WHERE k BETWEEN 8956856 AND 8956956
	Index Only Scan using k_5 on sbtest5  (cost=0.43..6.66 rows=111 width=4)
	  Index Cond: ((k >= 8956856) AND (k <= 8956956))

table 6 : explain SELECT k FROM sbtest6 WHERE k BETWEEN 8956856 AND 8956956
	Index Only Scan using k_6 on sbtest6  (cost=0.43..6.53 rows=105 width=4)
	  Index Cond: ((k >= 8956856) AND (k <= 8956956))

table 7 : explain SELECT k FROM sbtest7 WHERE k BETWEEN 8956856 AND 8956956
	Index Only Scan using k_7 on sbtest7  (cost=0.43..6.59 rows=108 width=4)
	  Index Cond: ((k >= 8956856) AND (k <= 8956956))

table 8 : explain SELECT k FROM sbtest8 WHERE k BETWEEN 8956856 AND 8956956
	Index Only Scan using k_8 on sbtest8  (cost=0.43..6.51 rows=104 width=4)
	  Index Cond: ((k >= 8956856) AND (k <= 8956956))

explain: for range-covered :: explain SELECT k FROM sbtest%d WHERE k BETWEEN 3403433 AND 3403533
for range-covered
table 1 : explain SELECT k FROM sbtest1 WHERE k BETWEEN 4026922 AND 4027022
	Index Only Scan using k_1 on sbtest1  (cost=0.43..6.53 rows=105 width=4)
	  Index Cond: ((k >= 4026922) AND (k <= 4027022))

table 2 : explain SELECT k FROM sbtest2 WHERE k BETWEEN 4026922 AND 4027022
	Index Only Scan using k_2 on sbtest2  (cost=0.43..6.58 rows=107 width=4)
	  Index Cond: ((k >= 4026922) AND (k <= 4027022))

table 3 : explain SELECT k FROM sbtest3 WHERE k BETWEEN 4026922 AND 4027022
	Index Only Scan using k_3 on sbtest3  (cost=0.43..6.50 rows=103 width=4)
	  Index Cond: ((k >= 4026922) AND (k <= 4027022))

table 4 : explain SELECT k FROM sbtest4 WHERE k BETWEEN 4026922 AND 4027022
	Index Only Scan using k_4 on sbtest4  (cost=0.43..6.59 rows=108 width=4)
	  Index Cond: ((k >= 4026922) AND (k <= 4027022))

table 5 : explain SELECT k FROM sbtest5 WHERE k BETWEEN 4026922 AND 4027022
	Index Only Scan using k_5 on sbtest5  (cost=0.43..6.67 rows=112 width=4)
	  Index Cond: ((k >= 4026922) AND (k <= 4027022))

table 6 : explain SELECT k FROM sbtest6 WHERE k BETWEEN 4026922 AND 4027022
	Index Only Scan using k_6 on sbtest6  (cost=0.43..6.50 rows=103 width=4)
	  Index Cond: ((k >= 4026922) AND (k <= 4027022))

table 7 : explain SELECT k FROM sbtest7 WHERE k BETWEEN 4026922 AND 4027022
	Index Only Scan using k_7 on sbtest7  (cost=0.43..6.50 rows=103 width=4)
	  Index Cond: ((k >= 4026922) AND (k <= 4027022))

table 8 : explain SELECT k FROM sbtest8 WHERE k BETWEEN 4026922 AND 4027022
	Index Only Scan using k_8 on sbtest8  (cost=0.43..6.33 rows=95 width=4)
	  Index Cond: ((k >= 4026922) AND (k <= 4027022))

explain: for range-covered :: explain SELECT k FROM sbtest%d WHERE k BETWEEN 8956856 AND 8956956
explain: for range-covered :: explain SELECT k FROM sbtest%d WHERE k BETWEEN 4026922 AND 4027022
for range-covered
table 1 : explain SELECT k FROM sbtest1 WHERE k BETWEEN 7337823 AND 7337923
	Index Only Scan using k_1 on sbtest1  (cost=0.43..6.37 rows=97 width=4)
	  Index Cond: ((k >= 7337823) AND (k <= 7337923))

table 2 : explain SELECT k FROM sbtest2 WHERE k BETWEEN 7337823 AND 7337923
	Index Only Scan using k_2 on sbtest2  (cost=0.43..6.53 rows=105 width=4)
	  Index Cond: ((k >= 7337823) AND (k <= 7337923))

table 3 : explain SELECT k FROM sbtest3 WHERE k BETWEEN 7337823 AND 7337923
	Index Only Scan using k_3 on sbtest3  (cost=0.43..6.35 rows=96 width=4)
	  Index Cond: ((k >= 7337823) AND (k <= 7337923))

table 4 : explain SELECT k FROM sbtest4 WHERE k BETWEEN 7337823 AND 7337923
	Index Only Scan using k_4 on sbtest4  (cost=0.43..6.53 rows=105 width=4)
	  Index Cond: ((k >= 7337823) AND (k <= 7337923))

table 5 : explain SELECT k FROM sbtest5 WHERE k BETWEEN 7337823 AND 7337923
	Index Only Scan using k_5 on sbtest5  (cost=0.43..6.59 rows=108 width=4)
	  Index Cond: ((k >= 7337823) AND (k <= 7337923))

table 6 : explain SELECT k FROM sbtest6 WHERE k BETWEEN 7337823 AND 7337923
	Index Only Scan using k_6 on sbtest6  (cost=0.43..6.42 rows=99 width=4)
	  Index Cond: ((k >= 7337823) AND (k <= 7337923))

table 7 : explain SELECT k FROM sbtest7 WHERE k BETWEEN 7337823 AND 7337923
	Index Only Scan using k_7 on sbtest7  (cost=0.43..6.53 rows=105 width=4)
	  Index Cond: ((k >= 7337823) AND (k <= 7337923))

table 8 : explain SELECT k FROM sbtest8 WHERE k BETWEEN 7337823 AND 7337923
	Index Only Scan using k_8 on sbtest8  (cost=0.43..6.45 rows=101 width=4)
	  Index Cond: ((k >= 7337823) AND (k <= 7337923))

for range-covered
table 1 : explain SELECT k FROM sbtest1 WHERE k BETWEEN 6824442 AND 6824542
	Index Only Scan using k_1 on sbtest1  (cost=0.43..6.63 rows=110 width=4)
	  Index Cond: ((k >= 6824442) AND (k <= 6824542))

table 2 : explain SELECT k FROM sbtest2 WHERE k BETWEEN 6824442 AND 6824542
	Index Only Scan using k_2 on sbtest2  (cost=0.43..6.53 rows=105 width=4)
	  Index Cond: ((k >= 6824442) AND (k <= 6824542))

table 3 : explain SELECT k FROM sbtest3 WHERE k BETWEEN 6824442 AND 6824542
	Index Only Scan using k_3 on sbtest3  (cost=0.43..6.47 rows=102 width=4)
	  Index Cond: ((k >= 6824442) AND (k <= 6824542))

table 4 : explain SELECT k FROM sbtest4 WHERE k BETWEEN 6824442 AND 6824542
	Index Only Scan using k_4 on sbtest4  (cost=0.43..6.53 rows=105 width=4)
	  Index Cond: ((k >= 6824442) AND (k <= 6824542))

table 5 : explain SELECT k FROM sbtest5 WHERE k BETWEEN 6824442 AND 6824542
	Index Only Scan using k_5 on sbtest5  (cost=0.43..6.33 rows=95 width=4)
	  Index Cond: ((k >= 6824442) AND (k <= 6824542))

table 6 : explain SELECT k FROM sbtest6 WHERE k BETWEEN 6824442 AND 6824542
	Index Only Scan using k_6 on sbtest6  (cost=0.43..6.58 rows=107 width=4)
	  Index Cond: ((k >= 6824442) AND (k <= 6824542))

table 7 : explain SELECT k FROM sbtest7 WHERE k BETWEEN 6824442 AND 6824542
	Index Only Scan using k_7 on sbtest7  (cost=0.43..6.43 rows=100 width=4)
	  Index Cond: ((k >= 6824442) AND (k <= 6824542))

table 8 : explain SELECT k FROM sbtest8 WHERE k BETWEEN 6824442 AND 6824542
	Index Only Scan using k_8 on sbtest8  (cost=0.43..6.43 rows=100 width=4)
	  Index Cond: ((k >= 6824442) AND (k <= 6824542))

explain: for range-covered :: explain SELECT k FROM sbtest%d WHERE k BETWEEN 6824442 AND 6824542
for range-covered
table 1 : explain SELECT k FROM sbtest1 WHERE k BETWEEN 6819884 AND 6819984
	Index Only Scan using k_1 on sbtest1  (cost=0.43..6.63 rows=110 width=4)
	  Index Cond: ((k >= 6819884) AND (k <= 6819984))

table 2 : explain SELECT k FROM sbtest2 WHERE k BETWEEN 6819884 AND 6819984
	Index Only Scan using k_2 on sbtest2  (cost=0.43..6.53 rows=105 width=4)
	  Index Cond: ((k >= 6819884) AND (k <= 6819984))

table 3 : explain SELECT k FROM sbtest3 WHERE k BETWEEN 6819884 AND 6819984
	Index Only Scan using k_3 on sbtest3  (cost=0.43..6.47 rows=102 width=4)
	  Index Cond: ((k >= 6819884) AND (k <= 6819984))

table 4 : explain SELECT k FROM sbtest4 WHERE k BETWEEN 6819884 AND 6819984
	Index Only Scan using k_4 on sbtest4  (cost=0.43..6.53 rows=105 width=4)
	  Index Cond: ((k >= 6819884) AND (k <= 6819984))

table 5 : explain SELECT k FROM sbtest5 WHERE k BETWEEN 6819884 AND 6819984
	Index Only Scan using k_5 on sbtest5  (cost=0.43..6.33 rows=95 width=4)
	  Index Cond: ((k >= 6819884) AND (k <= 6819984))

table 6 : explain SELECT k FROM sbtest6 WHERE k BETWEEN 6819884 AND 6819984
	Index Only Scan using k_6 on sbtest6  (cost=0.43..6.58 rows=107 width=4)
	  Index Cond: ((k >= 6819884) AND (k <= 6819984))

table 7 : explain SELECT k FROM sbtest7 WHERE k BETWEEN 6819884 AND 6819984
	Index Only Scan using k_7 on sbtest7  (cost=0.43..6.43 rows=100 width=4)
	  Index Cond: ((k >= 6819884) AND (k <= 6819984))

table 8 : explain SELECT k FROM sbtest8 WHERE k BETWEEN 6819884 AND 6819984
	Index Only Scan using k_8 on sbtest8  (cost=0.43..6.43 rows=100 width=4)
	  Index Cond: ((k >= 6819884) AND (k <= 6819984))

for range-covered
table 1 : explain SELECT k FROM sbtest1 WHERE k BETWEEN 5207813 AND 5207913
	Index Only Scan using k_1 on sbtest1  (cost=0.43..6.53 rows=105 width=4)
	  Index Cond: ((k >= 5207813) AND (k <= 5207913))

table 2 : explain SELECT k FROM sbtest2 WHERE k BETWEEN 5207813 AND 5207913
	Index Only Scan using k_2 on sbtest2  (cost=0.43..6.40 rows=98 width=4)
	  Index Cond: ((k >= 5207813) AND (k <= 5207913))

table 3 : explain SELECT k FROM sbtest3 WHERE k BETWEEN 5207813 AND 5207913
	Index Only Scan using k_3 on sbtest3  (cost=0.43..6.50 rows=103 width=4)
	  Index Cond: ((k >= 5207813) AND (k <= 5207913))

table 4 : explain SELECT k FROM sbtest4 WHERE k BETWEEN 5207813 AND 5207913
	Index Only Scan using k_4 on sbtest4  (cost=0.43..6.53 rows=105 width=4)
	  Index Cond: ((k >= 5207813) AND (k <= 5207913))

table 5 : explain SELECT k FROM sbtest5 WHERE k BETWEEN 5207813 AND 5207913
	Index Only Scan using k_5 on sbtest5  (cost=0.43..6.53 rows=105 width=4)
	  Index Cond: ((k >= 5207813) AND (k <= 5207913))

table 6 : explain SELECT k FROM sbtest6 WHERE k BETWEEN 5207813 AND 5207913
	Index Only Scan using k_6 on sbtest6  (cost=0.43..6.33 rows=95 width=4)
	  Index Cond: ((k >= 5207813) AND (k <= 5207913))

table 7 : explain SELECT k FROM sbtest7 WHERE k BETWEEN 5207813 AND 5207913
	Index Only Scan using k_7 on sbtest7  (cost=0.43..6.50 rows=103 width=4)
	  Index Cond: ((k >= 5207813) AND (k <= 5207913))

table 8 : explain SELECT k FROM sbtest8 WHERE k BETWEEN 5207813 AND 5207913
	Index Only Scan using k_8 on sbtest8  (cost=0.43..6.43 rows=100 width=4)
	  Index Cond: ((k >= 5207813) AND (k <= 5207913))

explain: for range-covered :: explain SELECT k FROM sbtest%d WHERE k BETWEEN 6819884 AND 6819984
for range-covered
table 1 : explain SELECT k FROM sbtest1 WHERE k BETWEEN 3403433 AND 3403533
	Index Only Scan using k_1 on sbtest1  (cost=0.43..6.74 rows=115 width=4)
	  Index Cond: ((k >= 3403433) AND (k <= 3403533))

table 2 : explain SELECT k FROM sbtest2 WHERE k BETWEEN 3403433 AND 3403533
	Index Only Scan using k_2 on sbtest2  (cost=0.43..6.47 rows=102 width=4)
	  Index Cond: ((k >= 3403433) AND (k <= 3403533))

table 3 : explain SELECT k FROM sbtest3 WHERE k BETWEEN 3403433 AND 3403533
	Index Only Scan using k_3 on sbtest3  (cost=0.43..6.59 rows=108 width=4)
	  Index Cond: ((k >= 3403433) AND (k <= 3403533))

table 4 : explain SELECT k FROM sbtest4 WHERE k BETWEEN 3403433 AND 3403533
	Index Only Scan using k_4 on sbtest4  (cost=0.43..6.43 rows=100 width=4)
	  Index Cond: ((k >= 3403433) AND (k <= 3403533))

table 5 : explain SELECT k FROM sbtest5 WHERE k BETWEEN 3403433 AND 3403533
	Index Only Scan using k_5 on sbtest5  (cost=0.43..6.47 rows=102 width=4)
	  Index Cond: ((k >= 3403433) AND (k <= 3403533))

table 6 : explain SELECT k FROM sbtest6 WHERE k BETWEEN 3403433 AND 3403533
	Index Only Scan using k_6 on sbtest6  (cost=0.43..6.33 rows=95 width=4)
	  Index Cond: ((k >= 3403433) AND (k <= 3403533))

table 7 : explain SELECT k FROM sbtest7 WHERE k BETWEEN 3403433 AND 3403533
	Index Only Scan using k_7 on sbtest7  (cost=0.43..6.50 rows=103 width=4)
	  Index Cond: ((k >= 3403433) AND (k <= 3403533))

table 8 : explain SELECT k FROM sbtest8 WHERE k BETWEEN 3403433 AND 3403533
	Index Only Scan using k_8 on sbtest8  (cost=0.43..6.27 rows=92 width=4)
	  Index Cond: ((k >= 3403433) AND (k <= 3403533))

for range-covered
table 1 : explain SELECT k FROM sbtest1 WHERE k BETWEEN 8956856 AND 8956956
	Index Only Scan using k_1 on sbtest1  (cost=0.43..6.35 rows=96 width=4)
	  Index Cond: ((k >= 8956856) AND (k <= 8956956))

table 2 : explain SELECT k FROM sbtest2 WHERE k BETWEEN 8956856 AND 8956956
	Index Only Scan using k_2 on sbtest2  (cost=0.43..6.50 rows=103 width=4)
	  Index Cond: ((k >= 8956856) AND (k <= 8956956))

table 3 : explain SELECT k FROM sbtest3 WHERE k BETWEEN 8956856 AND 8956956
	Index Only Scan using k_3 on sbtest3  (cost=0.43..6.29 rows=93 width=4)
	  Index Cond: ((k >= 8956856) AND (k <= 8956956))

table 4 : explain SELECT k FROM sbtest4 WHERE k BETWEEN 8956856 AND 8956956
	Index Only Scan using k_4 on sbtest4  (cost=0.43..6.42 rows=99 width=4)
	  Index Cond: ((k >= 8956856) AND (k <= 8956956))

table 5 : explain SELECT k FROM sbtest5 WHERE k BETWEEN 8956856 AND 8956956
	Index Only Scan using k_5 on sbtest5  (cost=0.43..6.66 rows=111 width=4)
	  Index Cond: ((k >= 8956856) AND (k <= 8956956))

table 6 : explain SELECT k FROM sbtest6 WHERE k BETWEEN 8956856 AND 8956956
	Index Only Scan using k_6 on sbtest6  (cost=0.43..6.53 rows=105 width=4)
	  Index Cond: ((k >= 8956856) AND (k <= 8956956))

table 7 : explain SELECT k FROM sbtest7 WHERE k BETWEEN 8956856 AND 8956956
	Index Only Scan using k_7 on sbtest7  (cost=0.43..6.59 rows=108 width=4)
	  Index Cond: ((k >= 8956856) AND (k <= 8956956))

table 8 : explain SELECT k FROM sbtest8 WHERE k BETWEEN 8956856 AND 8956956
	Index Only Scan using k_8 on sbtest8  (cost=0.43..6.51 rows=104 width=4)
	  Index Cond: ((k >= 8956856) AND (k <= 8956956))

for range-covered
table 1 : explain SELECT k FROM sbtest1 WHERE k BETWEEN 4045346 AND 4045446
	Index Only Scan using k_1 on sbtest1  (cost=0.43..6.53 rows=105 width=4)
	  Index Cond: ((k >= 4045346) AND (k <= 4045446))

table 2 : explain SELECT k FROM sbtest2 WHERE k BETWEEN 4045346 AND 4045446
	Index Only Scan using k_2 on sbtest2  (cost=0.43..6.58 rows=107 width=4)
	  Index Cond: ((k >= 4045346) AND (k <= 4045446))

table 3 : explain SELECT k FROM sbtest3 WHERE k BETWEEN 4045346 AND 4045446
	Index Only Scan using k_3 on sbtest3  (cost=0.43..6.50 rows=103 width=4)
	  Index Cond: ((k >= 4045346) AND (k <= 4045446))

table 4 : explain SELECT k FROM sbtest4 WHERE k BETWEEN 4045346 AND 4045446
	Index Only Scan using k_4 on sbtest4  (cost=0.43..6.59 rows=108 width=4)
	  Index Cond: ((k >= 4045346) AND (k <= 4045446))

table 5 : explain SELECT k FROM sbtest5 WHERE k BETWEEN 4045346 AND 4045446
	Index Only Scan using k_5 on sbtest5  (cost=0.43..6.67 rows=112 width=4)
	  Index Cond: ((k >= 4045346) AND (k <= 4045446))

table 6 : explain SELECT k FROM sbtest6 WHERE k BETWEEN 4045346 AND 4045446
	Index Only Scan using k_6 on sbtest6  (cost=0.43..6.50 rows=103 width=4)
	  Index Cond: ((k >= 4045346) AND (k <= 4045446))

table 7 : explain SELECT k FROM sbtest7 WHERE k BETWEEN 4045346 AND 4045446
	Index Only Scan using k_7 on sbtest7  (cost=0.43..6.50 rows=103 width=4)
	  Index Cond: ((k >= 4045346) AND (k <= 4045446))

table 8 : explain SELECT k FROM sbtest8 WHERE k BETWEEN 4045346 AND 4045446
	Index Only Scan using k_8 on sbtest8  (cost=0.43..6.33 rows=95 width=4)
	  Index Cond: ((k >= 4045346) AND (k <= 4045446))

for range-covered
table 1 : explain SELECT k FROM sbtest1 WHERE k BETWEEN 4026922 AND 4027022
	Index Only Scan using k_1 on sbtest1  (cost=0.43..6.53 rows=105 width=4)
	  Index Cond: ((k >= 4026922) AND (k <= 4027022))

table 2 : explain SELECT k FROM sbtest2 WHERE k BETWEEN 4026922 AND 4027022
	Index Only Scan using k_2 on sbtest2  (cost=0.43..6.58 rows=107 width=4)
	  Index Cond: ((k >= 4026922) AND (k <= 4027022))

table 3 : explain SELECT k FROM sbtest3 WHERE k BETWEEN 4026922 AND 4027022
	Index Only Scan using k_3 on sbtest3  (cost=0.43..6.50 rows=103 width=4)
	  Index Cond: ((k >= 4026922) AND (k <= 4027022))

table 4 : explain SELECT k FROM sbtest4 WHERE k BETWEEN 4026922 AND 4027022
	Index Only Scan using k_4 on sbtest4  (cost=0.43..6.59 rows=108 width=4)
	  Index Cond: ((k >= 4026922) AND (k <= 4027022))

table 5 : explain SELECT k FROM sbtest5 WHERE k BETWEEN 4026922 AND 4027022
	Index Only Scan using k_5 on sbtest5  (cost=0.43..6.67 rows=112 width=4)
	  Index Cond: ((k >= 4026922) AND (k <= 4027022))

table 6 : explain SELECT k FROM sbtest6 WHERE k BETWEEN 4026922 AND 4027022
	Index Only Scan using k_6 on sbtest6  (cost=0.43..6.50 rows=103 width=4)
	  Index Cond: ((k >= 4026922) AND (k <= 4027022))

table 7 : explain SELECT k FROM sbtest7 WHERE k BETWEEN 4026922 AND 4027022
	Index Only Scan using k_7 on sbtest7  (cost=0.43..6.50 rows=103 width=4)
	  Index Cond: ((k >= 4026922) AND (k <= 4027022))

table 8 : explain SELECT k FROM sbtest8 WHERE k BETWEEN 4026922 AND 4027022
	Index Only Scan using k_8 on sbtest8  (cost=0.43..6.33 rows=95 width=4)
	  Index Cond: ((k >= 4026922) AND (k <= 4027022))

explain: for range-covered :: explain SELECT k FROM sbtest%d WHERE k BETWEEN 4045346 AND 4045446
for range-covered
table 1 : explain SELECT k FROM sbtest1 WHERE k BETWEEN 6824442 AND 6824542
	Index Only Scan using k_1 on sbtest1  (cost=0.43..6.63 rows=110 width=4)
	  Index Cond: ((k >= 6824442) AND (k <= 6824542))

table 2 : explain SELECT k FROM sbtest2 WHERE k BETWEEN 6824442 AND 6824542
	Index Only Scan using k_2 on sbtest2  (cost=0.43..6.53 rows=105 width=4)
	  Index Cond: ((k >= 6824442) AND (k <= 6824542))

table 3 : explain SELECT k FROM sbtest3 WHERE k BETWEEN 6824442 AND 6824542
	Index Only Scan using k_3 on sbtest3  (cost=0.43..6.47 rows=102 width=4)
	  Index Cond: ((k >= 6824442) AND (k <= 6824542))

table 4 : explain SELECT k FROM sbtest4 WHERE k BETWEEN 6824442 AND 6824542
	Index Only Scan using k_4 on sbtest4  (cost=0.43..6.53 rows=105 width=4)
	  Index Cond: ((k >= 6824442) AND (k <= 6824542))

table 5 : explain SELECT k FROM sbtest5 WHERE k BETWEEN 6824442 AND 6824542
	Index Only Scan using k_5 on sbtest5  (cost=0.43..6.33 rows=95 width=4)
	  Index Cond: ((k >= 6824442) AND (k <= 6824542))

table 6 : explain SELECT k FROM sbtest6 WHERE k BETWEEN 6824442 AND 6824542
	Index Only Scan using k_6 on sbtest6  (cost=0.43..6.58 rows=107 width=4)
	  Index Cond: ((k >= 6824442) AND (k <= 6824542))

table 7 : explain SELECT k FROM sbtest7 WHERE k BETWEEN 6824442 AND 6824542
	Index Only Scan using k_7 on sbtest7  (cost=0.43..6.43 rows=100 width=4)
	  Index Cond: ((k >= 6824442) AND (k <= 6824542))

table 8 : explain SELECT k FROM sbtest8 WHERE k BETWEEN 6824442 AND 6824542
	Index Only Scan using k_8 on sbtest8  (cost=0.43..6.43 rows=100 width=4)
	  Index Cond: ((k >= 6824442) AND (k <= 6824542))

for range-covered
table 1 : explain SELECT k FROM sbtest1 WHERE k BETWEEN 6819884 AND 6819984
	Index Only Scan using k_1 on sbtest1  (cost=0.43..6.63 rows=110 width=4)
	  Index Cond: ((k >= 6819884) AND (k <= 6819984))

table 2 : explain SELECT k FROM sbtest2 WHERE k BETWEEN 6819884 AND 6819984
	Index Only Scan using k_2 on sbtest2  (cost=0.43..6.53 rows=105 width=4)
	  Index Cond: ((k >= 6819884) AND (k <= 6819984))

table 3 : explain SELECT k FROM sbtest3 WHERE k BETWEEN 6819884 AND 6819984
	Index Only Scan using k_3 on sbtest3  (cost=0.43..6.47 rows=102 width=4)
	  Index Cond: ((k >= 6819884) AND (k <= 6819984))

table 4 : explain SELECT k FROM sbtest4 WHERE k BETWEEN 6819884 AND 6819984
	Index Only Scan using k_4 on sbtest4  (cost=0.43..6.53 rows=105 width=4)
	  Index Cond: ((k >= 6819884) AND (k <= 6819984))

table 5 : explain SELECT k FROM sbtest5 WHERE k BETWEEN 6819884 AND 6819984
	Index Only Scan using k_5 on sbtest5  (cost=0.43..6.33 rows=95 width=4)
	  Index Cond: ((k >= 6819884) AND (k <= 6819984))

table 6 : explain SELECT k FROM sbtest6 WHERE k BETWEEN 6819884 AND 6819984
	Index Only Scan using k_6 on sbtest6  (cost=0.43..6.58 rows=107 width=4)
	  Index Cond: ((k >= 6819884) AND (k <= 6819984))

table 7 : explain SELECT k FROM sbtest7 WHERE k BETWEEN 6819884 AND 6819984
	Index Only Scan using k_7 on sbtest7  (cost=0.43..6.43 rows=100 width=4)
	  Index Cond: ((k >= 6819884) AND (k <= 6819984))

table 8 : explain SELECT k FROM sbtest8 WHERE k BETWEEN 6819884 AND 6819984
	Index Only Scan using k_8 on sbtest8  (cost=0.43..6.43 rows=100 width=4)
	  Index Cond: ((k >= 6819884) AND (k <= 6819984))

explain: for range-covered :: explain SELECT k FROM sbtest%d WHERE k BETWEEN 6824442 AND 6824542
for range-covered
table 1 : explain SELECT k FROM sbtest1 WHERE k BETWEEN 3905184 AND 3905284
	Index Only Scan using k_1 on sbtest1  (cost=0.43..6.42 rows=99 width=4)
	  Index Cond: ((k >= 3905184) AND (k <= 3905284))

table 2 : explain SELECT k FROM sbtest2 WHERE k BETWEEN 3905184 AND 3905284
	Index Only Scan using k_2 on sbtest2  (cost=0.43..6.47 rows=102 width=4)
	  Index Cond: ((k >= 3905184) AND (k <= 3905284))

table 3 : explain SELECT k FROM sbtest3 WHERE k BETWEEN 3905184 AND 3905284
	Index Only Scan using k_3 on sbtest3  (cost=0.43..6.45 rows=101 width=4)
	  Index Cond: ((k >= 3905184) AND (k <= 3905284))

table 4 : explain SELECT k FROM sbtest4 WHERE k BETWEEN 3905184 AND 3905284
	Index Only Scan using k_4 on sbtest4  (cost=0.43..6.69 rows=113 width=4)
	  Index Cond: ((k >= 3905184) AND (k <= 3905284))

table 5 : explain SELECT k FROM sbtest5 WHERE k BETWEEN 3905184 AND 3905284
	Index Only Scan using k_5 on sbtest5  (cost=0.43..6.61 rows=109 width=4)
	  Index Cond: ((k >= 3905184) AND (k <= 3905284))

table 6 : explain SELECT k FROM sbtest6 WHERE k BETWEEN 3905184 AND 3905284
	Index Only Scan using k_6 on sbtest6  (cost=0.43..6.53 rows=105 width=4)
	  Index Cond: ((k >= 3905184) AND (k <= 3905284))

table 7 : explain SELECT k FROM sbtest7 WHERE k BETWEEN 3905184 AND 3905284
	Index Only Scan using k_7 on sbtest7  (cost=0.43..6.25 rows=91 width=4)
	  Index Cond: ((k >= 3905184) AND (k <= 3905284))

table 8 : explain SELECT k FROM sbtest8 WHERE k BETWEEN 3905184 AND 3905284
	Index Only Scan using k_8 on sbtest8  (cost=0.43..6.50 rows=103 width=4)
	  Index Cond: ((k >= 3905184) AND (k <= 3905284))

explain: for range-covered :: explain SELECT k FROM sbtest%d WHERE k BETWEEN 3905184 AND 3905284
for range-covered
table 1 : explain SELECT k FROM sbtest1 WHERE k BETWEEN 4045346 AND 4045446
	Index Only Scan using k_1 on sbtest1  (cost=0.43..6.53 rows=105 width=4)
	  Index Cond: ((k >= 4045346) AND (k <= 4045446))

table 2 : explain SELECT k FROM sbtest2 WHERE k BETWEEN 4045346 AND 4045446
	Index Only Scan using k_2 on sbtest2  (cost=0.43..6.58 rows=107 width=4)
	  Index Cond: ((k >= 4045346) AND (k <= 4045446))

table 3 : explain SELECT k FROM sbtest3 WHERE k BETWEEN 4045346 AND 4045446
	Index Only Scan using k_3 on sbtest3  (cost=0.43..6.50 rows=103 width=4)
	  Index Cond: ((k >= 4045346) AND (k <= 4045446))

table 4 : explain SELECT k FROM sbtest4 WHERE k BETWEEN 4045346 AND 4045446
	Index Only Scan using k_4 on sbtest4  (cost=0.43..6.59 rows=108 width=4)
	  Index Cond: ((k >= 4045346) AND (k <= 4045446))

table 5 : explain SELECT k FROM sbtest5 WHERE k BETWEEN 4045346 AND 4045446
	Index Only Scan using k_5 on sbtest5  (cost=0.43..6.67 rows=112 width=4)
	  Index Cond: ((k >= 4045346) AND (k <= 4045446))

table 6 : explain SELECT k FROM sbtest6 WHERE k BETWEEN 4045346 AND 4045446
	Index Only Scan using k_6 on sbtest6  (cost=0.43..6.50 rows=103 width=4)
	  Index Cond: ((k >= 4045346) AND (k <= 4045446))

table 7 : explain SELECT k FROM sbtest7 WHERE k BETWEEN 4045346 AND 4045446
	Index Only Scan using k_7 on sbtest7  (cost=0.43..6.50 rows=103 width=4)
	  Index Cond: ((k >= 4045346) AND (k <= 4045446))

table 8 : explain SELECT k FROM sbtest8 WHERE k BETWEEN 4045346 AND 4045446
	Index Only Scan using k_8 on sbtest8  (cost=0.43..6.33 rows=95 width=4)
	  Index Cond: ((k >= 4045346) AND (k <= 4045446))

explain: for range-covered :: explain SELECT k FROM sbtest%d WHERE k BETWEEN 4045346 AND 4045446
for range-covered
table 1 : explain SELECT k FROM sbtest1 WHERE k BETWEEN 6824442 AND 6824542
	Index Only Scan using k_1 on sbtest1  (cost=0.43..6.63 rows=110 width=4)
	  Index Cond: ((k >= 6824442) AND (k <= 6824542))

table 2 : explain SELECT k FROM sbtest2 WHERE k BETWEEN 6824442 AND 6824542
	Index Only Scan using k_2 on sbtest2  (cost=0.43..6.53 rows=105 width=4)
	  Index Cond: ((k >= 6824442) AND (k <= 6824542))

table 3 : explain SELECT k FROM sbtest3 WHERE k BETWEEN 6824442 AND 6824542
	Index Only Scan using k_3 on sbtest3  (cost=0.43..6.47 rows=102 width=4)
	  Index Cond: ((k >= 6824442) AND (k <= 6824542))

table 4 : explain SELECT k FROM sbtest4 WHERE k BETWEEN 6824442 AND 6824542
	Index Only Scan using k_4 on sbtest4  (cost=0.43..6.53 rows=105 width=4)
	  Index Cond: ((k >= 6824442) AND (k <= 6824542))

table 5 : explain SELECT k FROM sbtest5 WHERE k BETWEEN 6824442 AND 6824542
	Index Only Scan using k_5 on sbtest5  (cost=0.43..6.33 rows=95 width=4)
	  Index Cond: ((k >= 6824442) AND (k <= 6824542))

table 6 : explain SELECT k FROM sbtest6 WHERE k BETWEEN 6824442 AND 6824542
	Index Only Scan using k_6 on sbtest6  (cost=0.43..6.58 rows=107 width=4)
	  Index Cond: ((k >= 6824442) AND (k <= 6824542))

table 7 : explain SELECT k FROM sbtest7 WHERE k BETWEEN 6824442 AND 6824542
	Index Only Scan using k_7 on sbtest7  (cost=0.43..6.43 rows=100 width=4)
	  Index Cond: ((k >= 6824442) AND (k <= 6824542))

table 8 : explain SELECT k FROM sbtest8 WHERE k BETWEEN 6824442 AND 6824542
	Index Only Scan using k_8 on sbtest8  (cost=0.43..6.43 rows=100 width=4)
	  Index Cond: ((k >= 6824442) AND (k <= 6824542))

explain: for range-covered :: explain SELECT k FROM sbtest%d WHERE k BETWEEN 6824442 AND 6824542
for range-covered
table 1 : explain SELECT k FROM sbtest1 WHERE k BETWEEN 3905184 AND 3905284
	Index Only Scan using k_1 on sbtest1  (cost=0.43..6.42 rows=99 width=4)
	  Index Cond: ((k >= 3905184) AND (k <= 3905284))

table 2 : explain SELECT k FROM sbtest2 WHERE k BETWEEN 3905184 AND 3905284
	Index Only Scan using k_2 on sbtest2  (cost=0.43..6.47 rows=102 width=4)
	  Index Cond: ((k >= 3905184) AND (k <= 3905284))

table 3 : explain SELECT k FROM sbtest3 WHERE k BETWEEN 3905184 AND 3905284
	Index Only Scan using k_3 on sbtest3  (cost=0.43..6.45 rows=101 width=4)
	  Index Cond: ((k >= 3905184) AND (k <= 3905284))

table 4 : explain SELECT k FROM sbtest4 WHERE k BETWEEN 3905184 AND 3905284
	Index Only Scan using k_4 on sbtest4  (cost=0.43..6.69 rows=113 width=4)
	  Index Cond: ((k >= 3905184) AND (k <= 3905284))

table 5 : explain SELECT k FROM sbtest5 WHERE k BETWEEN 3905184 AND 3905284
	Index Only Scan using k_5 on sbtest5  (cost=0.43..6.61 rows=109 width=4)
	  Index Cond: ((k >= 3905184) AND (k <= 3905284))

table 6 : explain SELECT k FROM sbtest6 WHERE k BETWEEN 3905184 AND 3905284
	Index Only Scan using k_6 on sbtest6  (cost=0.43..6.53 rows=105 width=4)
	  Index Cond: ((k >= 3905184) AND (k <= 3905284))

table 7 : explain SELECT k FROM sbtest7 WHERE k BETWEEN 3905184 AND 3905284
	Index Only Scan using k_7 on sbtest7  (cost=0.43..6.25 rows=91 width=4)
	  Index Cond: ((k >= 3905184) AND (k <= 3905284))

table 8 : explain SELECT k FROM sbtest8 WHERE k BETWEEN 3905184 AND 3905284
	Index Only Scan using k_8 on sbtest8  (cost=0.43..6.50 rows=103 width=4)
	  Index Cond: ((k >= 3905184) AND (k <= 3905284))

explain: for range-covered :: explain SELECT k FROM sbtest%d WHERE k BETWEEN 3905184 AND 3905284
for range-covered
table 1 : explain SELECT k FROM sbtest1 WHERE k BETWEEN 4045346 AND 4045446
	Index Only Scan using k_1 on sbtest1  (cost=0.43..6.53 rows=105 width=4)
	  Index Cond: ((k >= 4045346) AND (k <= 4045446))

table 2 : explain SELECT k FROM sbtest2 WHERE k BETWEEN 4045346 AND 4045446
	Index Only Scan using k_2 on sbtest2  (cost=0.43..6.58 rows=107 width=4)
	  Index Cond: ((k >= 4045346) AND (k <= 4045446))

table 3 : explain SELECT k FROM sbtest3 WHERE k BETWEEN 4045346 AND 4045446
	Index Only Scan using k_3 on sbtest3  (cost=0.43..6.50 rows=103 width=4)
	  Index Cond: ((k >= 4045346) AND (k <= 4045446))

table 4 : explain SELECT k FROM sbtest4 WHERE k BETWEEN 4045346 AND 4045446
	Index Only Scan using k_4 on sbtest4  (cost=0.43..6.59 rows=108 width=4)
	  Index Cond: ((k >= 4045346) AND (k <= 4045446))

table 5 : explain SELECT k FROM sbtest5 WHERE k BETWEEN 4045346 AND 4045446
	Index Only Scan using k_5 on sbtest5  (cost=0.43..6.67 rows=112 width=4)
	  Index Cond: ((k >= 4045346) AND (k <= 4045446))

table 6 : explain SELECT k FROM sbtest6 WHERE k BETWEEN 4045346 AND 4045446
	Index Only Scan using k_6 on sbtest6  (cost=0.43..6.50 rows=103 width=4)
	  Index Cond: ((k >= 4045346) AND (k <= 4045446))

table 7 : explain SELECT k FROM sbtest7 WHERE k BETWEEN 4045346 AND 4045446
	Index Only Scan using k_7 on sbtest7  (cost=0.43..6.50 rows=103 width=4)
	  Index Cond: ((k >= 4045346) AND (k <= 4045446))

table 8 : explain SELECT k FROM sbtest8 WHERE k BETWEEN 4045346 AND 4045446
	Index Only Scan using k_8 on sbtest8  (cost=0.43..6.33 rows=95 width=4)
	  Index Cond: ((k >= 4045346) AND (k <= 4045446))

for range-covered
table 1 : explain SELECT k FROM sbtest1 WHERE k BETWEEN 6824442 AND 6824542
	Index Only Scan using k_1 on sbtest1  (cost=0.43..6.63 rows=110 width=4)
	  Index Cond: ((k >= 6824442) AND (k <= 6824542))

table 2 : explain SELECT k FROM sbtest2 WHERE k BETWEEN 6824442 AND 6824542
	Index Only Scan using k_2 on sbtest2  (cost=0.43..6.53 rows=105 width=4)
	  Index Cond: ((k >= 6824442) AND (k <= 6824542))

table 3 : explain SELECT k FROM sbtest3 WHERE k BETWEEN 6824442 AND 6824542
	Index Only Scan using k_3 on sbtest3  (cost=0.43..6.47 rows=102 width=4)
	  Index Cond: ((k >= 6824442) AND (k <= 6824542))

table 4 : explain SELECT k FROM sbtest4 WHERE k BETWEEN 6824442 AND 6824542
	Index Only Scan using k_4 on sbtest4  (cost=0.43..6.53 rows=105 width=4)
	  Index Cond: ((k >= 6824442) AND (k <= 6824542))

table 5 : explain SELECT k FROM sbtest5 WHERE k BETWEEN 6824442 AND 6824542
	Index Only Scan using k_5 on sbtest5  (cost=0.43..6.33 rows=95 width=4)
	  Index Cond: ((k >= 6824442) AND (k <= 6824542))

table 6 : explain SELECT k FROM sbtest6 WHERE k BETWEEN 6824442 AND 6824542
	Index Only Scan using k_6 on sbtest6  (cost=0.43..6.58 rows=107 width=4)
	  Index Cond: ((k >= 6824442) AND (k <= 6824542))

table 7 : explain SELECT k FROM sbtest7 WHERE k BETWEEN 6824442 AND 6824542
	Index Only Scan using k_7 on sbtest7  (cost=0.43..6.43 rows=100 width=4)
	  Index Cond: ((k >= 6824442) AND (k <= 6824542))

table 8 : explain SELECT k FROM sbtest8 WHERE k BETWEEN 6824442 AND 6824542
	Index Only Scan using k_8 on sbtest8  (cost=0.43..6.43 rows=100 width=4)
	  Index Cond: ((k >= 6824442) AND (k <= 6824542))

explain: for range-covered :: explain SELECT k FROM sbtest%d WHERE k BETWEEN 6824442 AND 6824542
for range-covered
table 1 : explain SELECT k FROM sbtest1 WHERE k BETWEEN 3905184 AND 3905284
	Index Only Scan using k_1 on sbtest1  (cost=0.43..6.42 rows=99 width=4)
	  Index Cond: ((k >= 3905184) AND (k <= 3905284))

table 2 : explain SELECT k FROM sbtest2 WHERE k BETWEEN 3905184 AND 3905284
	Index Only Scan using k_2 on sbtest2  (cost=0.43..6.47 rows=102 width=4)
	  Index Cond: ((k >= 3905184) AND (k <= 3905284))

table 3 : explain SELECT k FROM sbtest3 WHERE k BETWEEN 3905184 AND 3905284
	Index Only Scan using k_3 on sbtest3  (cost=0.43..6.45 rows=101 width=4)
	  Index Cond: ((k >= 3905184) AND (k <= 3905284))

table 4 : explain SELECT k FROM sbtest4 WHERE k BETWEEN 3905184 AND 3905284
	Index Only Scan using k_4 on sbtest4  (cost=0.43..6.69 rows=113 width=4)
	  Index Cond: ((k >= 3905184) AND (k <= 3905284))

table 5 : explain SELECT k FROM sbtest5 WHERE k BETWEEN 3905184 AND 3905284
	Index Only Scan using k_5 on sbtest5  (cost=0.43..6.61 rows=109 width=4)
	  Index Cond: ((k >= 3905184) AND (k <= 3905284))

table 6 : explain SELECT k FROM sbtest6 WHERE k BETWEEN 3905184 AND 3905284
	Index Only Scan using k_6 on sbtest6  (cost=0.43..6.53 rows=105 width=4)
	  Index Cond: ((k >= 3905184) AND (k <= 3905284))

table 7 : explain SELECT k FROM sbtest7 WHERE k BETWEEN 3905184 AND 3905284
	Index Only Scan using k_7 on sbtest7  (cost=0.43..6.25 rows=91 width=4)
	  Index Cond: ((k >= 3905184) AND (k <= 3905284))

table 8 : explain SELECT k FROM sbtest8 WHERE k BETWEEN 3905184 AND 3905284
	Index Only Scan using k_8 on sbtest8  (cost=0.43..6.50 rows=103 width=4)
	  Index Cond: ((k >= 3905184) AND (k <= 3905284))

explain: for range-covered :: explain SELECT k FROM sbtest%d WHERE k BETWEEN 3905184 AND 3905284
for range-covered
table 1 : explain SELECT k FROM sbtest1 WHERE k BETWEEN 6824442 AND 6824542
	Index Only Scan using k_1 on sbtest1  (cost=0.43..6.63 rows=110 width=4)
	  Index Cond: ((k >= 6824442) AND (k <= 6824542))

table 2 : explain SELECT k FROM sbtest2 WHERE k BETWEEN 6824442 AND 6824542
	Index Only Scan using k_2 on sbtest2  (cost=0.43..6.53 rows=105 width=4)
	  Index Cond: ((k >= 6824442) AND (k <= 6824542))

table 3 : explain SELECT k FROM sbtest3 WHERE k BETWEEN 6824442 AND 6824542
	Index Only Scan using k_3 on sbtest3  (cost=0.43..6.47 rows=102 width=4)
	  Index Cond: ((k >= 6824442) AND (k <= 6824542))

table 4 : explain SELECT k FROM sbtest4 WHERE k BETWEEN 6824442 AND 6824542
	Index Only Scan using k_4 on sbtest4  (cost=0.43..6.53 rows=105 width=4)
	  Index Cond: ((k >= 6824442) AND (k <= 6824542))

table 5 : explain SELECT k FROM sbtest5 WHERE k BETWEEN 6824442 AND 6824542
	Index Only Scan using k_5 on sbtest5  (cost=0.43..6.33 rows=95 width=4)
	  Index Cond: ((k >= 6824442) AND (k <= 6824542))

table 6 : explain SELECT k FROM sbtest6 WHERE k BETWEEN 6824442 AND 6824542
	Index Only Scan using k_6 on sbtest6  (cost=0.43..6.58 rows=107 width=4)
	  Index Cond: ((k >= 6824442) AND (k <= 6824542))

table 7 : explain SELECT k FROM sbtest7 WHERE k BETWEEN 6824442 AND 6824542
	Index Only Scan using k_7 on sbtest7  (cost=0.43..6.43 rows=100 width=4)
	  Index Cond: ((k >= 6824442) AND (k <= 6824542))

table 8 : explain SELECT k FROM sbtest8 WHERE k BETWEEN 6824442 AND 6824542
	Index Only Scan using k_8 on sbtest8  (cost=0.43..6.43 rows=100 width=4)
	  Index Cond: ((k >= 6824442) AND (k <= 6824542))

for range-covered
table 1 : explain SELECT k FROM sbtest1 WHERE k BETWEEN 3905184 AND 3905284
	Index Only Scan using k_1 on sbtest1  (cost=0.43..6.42 rows=99 width=4)
	  Index Cond: ((k >= 3905184) AND (k <= 3905284))

table 2 : explain SELECT k FROM sbtest2 WHERE k BETWEEN 3905184 AND 3905284
	Index Only Scan using k_2 on sbtest2  (cost=0.43..6.47 rows=102 width=4)
	  Index Cond: ((k >= 3905184) AND (k <= 3905284))

table 3 : explain SELECT k FROM sbtest3 WHERE k BETWEEN 3905184 AND 3905284
	Index Only Scan using k_3 on sbtest3  (cost=0.43..6.45 rows=101 width=4)
	  Index Cond: ((k >= 3905184) AND (k <= 3905284))

table 4 : explain SELECT k FROM sbtest4 WHERE k BETWEEN 3905184 AND 3905284
	Index Only Scan using k_4 on sbtest4  (cost=0.43..6.69 rows=113 width=4)
	  Index Cond: ((k >= 3905184) AND (k <= 3905284))

table 5 : explain SELECT k FROM sbtest5 WHERE k BETWEEN 3905184 AND 3905284
	Index Only Scan using k_5 on sbtest5  (cost=0.43..6.61 rows=109 width=4)
	  Index Cond: ((k >= 3905184) AND (k <= 3905284))

table 6 : explain SELECT k FROM sbtest6 WHERE k BETWEEN 3905184 AND 3905284
	Index Only Scan using k_6 on sbtest6  (cost=0.43..6.53 rows=105 width=4)
	  Index Cond: ((k >= 3905184) AND (k <= 3905284))

table 7 : explain SELECT k FROM sbtest7 WHERE k BETWEEN 3905184 AND 3905284
	Index Only Scan using k_7 on sbtest7  (cost=0.43..6.25 rows=91 width=4)
	  Index Cond: ((k >= 3905184) AND (k <= 3905284))

table 8 : explain SELECT k FROM sbtest8 WHERE k BETWEEN 3905184 AND 3905284
	Index Only Scan using k_8 on sbtest8  (cost=0.43..6.50 rows=103 width=4)
	  Index Cond: ((k >= 3905184) AND (k <= 3905284))

explain: for range-covered :: explain SELECT k FROM sbtest%d WHERE k BETWEEN 3905184 AND 3905284
for range-covered
table 1 : explain SELECT k FROM sbtest1 WHERE k BETWEEN 3905184 AND 3905284
	Index Only Scan using k_1 on sbtest1  (cost=0.43..6.42 rows=99 width=4)
	  Index Cond: ((k >= 3905184) AND (k <= 3905284))

table 2 : explain SELECT k FROM sbtest2 WHERE k BETWEEN 3905184 AND 3905284
	Index Only Scan using k_2 on sbtest2  (cost=0.43..6.47 rows=102 width=4)
	  Index Cond: ((k >= 3905184) AND (k <= 3905284))

table 3 : explain SELECT k FROM sbtest3 WHERE k BETWEEN 3905184 AND 3905284
	Index Only Scan using k_3 on sbtest3  (cost=0.43..6.45 rows=101 width=4)
	  Index Cond: ((k >= 3905184) AND (k <= 3905284))

table 4 : explain SELECT k FROM sbtest4 WHERE k BETWEEN 3905184 AND 3905284
	Index Only Scan using k_4 on sbtest4  (cost=0.43..6.69 rows=113 width=4)
	  Index Cond: ((k >= 3905184) AND (k <= 3905284))

table 5 : explain SELECT k FROM sbtest5 WHERE k BETWEEN 3905184 AND 3905284
	Index Only Scan using k_5 on sbtest5  (cost=0.43..6.61 rows=109 width=4)
	  Index Cond: ((k >= 3905184) AND (k <= 3905284))

table 6 : explain SELECT k FROM sbtest6 WHERE k BETWEEN 3905184 AND 3905284
	Index Only Scan using k_6 on sbtest6  (cost=0.43..6.53 rows=105 width=4)
	  Index Cond: ((k >= 3905184) AND (k <= 3905284))

table 7 : explain SELECT k FROM sbtest7 WHERE k BETWEEN 3905184 AND 3905284
	Index Only Scan using k_7 on sbtest7  (cost=0.43..6.25 rows=91 width=4)
	  Index Cond: ((k >= 3905184) AND (k <= 3905284))

table 8 : explain SELECT k FROM sbtest8 WHERE k BETWEEN 3905184 AND 3905284
	Index Only Scan using k_8 on sbtest8  (cost=0.43..6.50 rows=103 width=4)
	  Index Cond: ((k >= 3905184) AND (k <= 3905284))

explain: for range-covered :: explain SELECT k FROM sbtest%d WHERE k BETWEEN 3905184 AND 3905284
for range-covered
table 1 : explain SELECT k FROM sbtest1 WHERE k BETWEEN 3905184 AND 3905284
	Index Only Scan using k_1 on sbtest1  (cost=0.43..6.42 rows=99 width=4)
	  Index Cond: ((k >= 3905184) AND (k <= 3905284))

table 2 : explain SELECT k FROM sbtest2 WHERE k BETWEEN 3905184 AND 3905284
	Index Only Scan using k_2 on sbtest2  (cost=0.43..6.47 rows=102 width=4)
	  Index Cond: ((k >= 3905184) AND (k <= 3905284))

table 3 : explain SELECT k FROM sbtest3 WHERE k BETWEEN 3905184 AND 3905284
	Index Only Scan using k_3 on sbtest3  (cost=0.43..6.45 rows=101 width=4)
	  Index Cond: ((k >= 3905184) AND (k <= 3905284))

table 4 : explain SELECT k FROM sbtest4 WHERE k BETWEEN 3905184 AND 3905284
	Index Only Scan using k_4 on sbtest4  (cost=0.43..6.69 rows=113 width=4)
	  Index Cond: ((k >= 3905184) AND (k <= 3905284))

table 5 : explain SELECT k FROM sbtest5 WHERE k BETWEEN 3905184 AND 3905284
	Index Only Scan using k_5 on sbtest5  (cost=0.43..6.61 rows=109 width=4)
	  Index Cond: ((k >= 3905184) AND (k <= 3905284))

table 6 : explain SELECT k FROM sbtest6 WHERE k BETWEEN 3905184 AND 3905284
	Index Only Scan using k_6 on sbtest6  (cost=0.43..6.53 rows=105 width=4)
	  Index Cond: ((k >= 3905184) AND (k <= 3905284))

table 7 : explain SELECT k FROM sbtest7 WHERE k BETWEEN 3905184 AND 3905284
	Index Only Scan using k_7 on sbtest7  (cost=0.43..6.25 rows=91 width=4)
	  Index Cond: ((k >= 3905184) AND (k <= 3905284))

table 8 : explain SELECT k FROM sbtest8 WHERE k BETWEEN 3905184 AND 3905284
	Index Only Scan using k_8 on sbtest8  (cost=0.43..6.50 rows=103 width=4)
	  Index Cond: ((k >= 3905184) AND (k <= 3905284))

Threads started!

Warming up for 5 seconds...

SQL statistics:
    queries performed:
        read:                            245412902
        write:                           0
        other:                           0
        total:                           245412902
    transactions:                        245412902 (389539.75 per sec.)
    queries:                             245412902 (389539.75 per sec.)
    ignored errors:                      0      (0.00 per sec.)
    reconnects:                          0      (0.00 per sec.)

Throughput:
    events/s (eps):                      389539.7474
    time elapsed:                        630.0075s
    total number of events:              245412902

Latency (ms):
         min:                                    0.06
         avg:                                    0.10
         max:                                   24.13
         95th percentile:                        0.12
         sum:                             25115621.03

Threads fairness:
    events (avg/stddev):           6135317.2000/25976.31
    execution time (avg/stddev):   627.8905/0.07

