LUA_PATH=/home/mdcallag/git/mytools/bench/sysbench.lua/lua/?.lua /home/mdcallag/git/mytools/bench/sysbench.lua/lua/sysbench --db-driver=pgsql --range-size=100 --table-size=10000000 --tables=8 --threads=40 --events=0 --warmup-time=5 --time=630 --pgsql_conn_id=true /home/mdcallag/git/mytools/bench/sysbench.lua/lua/oltp_range_covered.lua run --pgsql-user=root --pgsql-password=pw --pgsql-host=127.0.0.1 --pgsql-db=ib --rand-type=uniform --random-points=100 --skip-trx --covered=false
48 CPUs
sysbench 1.1.0-9072687 (using bundled LuaJIT 2.1.0-beta3)

Running the test with following options:
Number of threads: 40
Warmup time: 5s
Initializing random number generator from current time


Initializing worker threads...

explain: for range-notcovered :: explain SELECT id, c FROM sbtest%d WHERE id BETWEEN 5018209 AND 5018309
explain: for range-notcovered :: explain SELECT id, c FROM sbtest%d WHERE id BETWEEN 3830255 AND 3830355
explain: for range-notcovered :: explain SELECT id, c FROM sbtest%d WHERE id BETWEEN 1830138 AND 1830238
explain: for range-notcovered :: explain SELECT id, c FROM sbtest%d WHERE id BETWEEN 3361697 AND 3361797
explain: for range-notcovered :: explain SELECT id, c FROM sbtest%d WHERE id BETWEEN 6239049 AND 6239149
explain: for range-notcovered :: explain SELECT id, c FROM sbtest%d WHERE id BETWEEN 4551403 AND 4551503
explain: for range-notcovered :: explain SELECT id, c FROM sbtest%d WHERE id BETWEEN 6396881 AND 6396981
explain: for range-notcovered :: explain SELECT id, c FROM sbtest%d WHERE id BETWEEN 413911 AND 414011
explain: for range-notcovered :: explain SELECT id, c FROM sbtest%d WHERE id BETWEEN 3821469 AND 3821569
for range-notcovered
table 1 : explain SELECT id, c FROM sbtest1 WHERE id BETWEEN 5018209 AND 5018309
	Index Scan using sbtest1_pkey on sbtest1  (cost=0.43..399.52 rows=100 width=125)
	  Index Cond: ((id >= 5018209) AND (id <= 5018309))

table 2 : explain SELECT id, c FROM sbtest2 WHERE id BETWEEN 5018209 AND 5018309
	Index Scan using sbtest2_pkey on sbtest2  (cost=0.43..391.60 rows=98 width=125)
	  Index Cond: ((id >= 5018209) AND (id <= 5018309))

table 3 : explain SELECT id, c FROM sbtest3 WHERE id BETWEEN 5018209 AND 5018309
	Index Scan using sbtest3_pkey on sbtest3  (cost=0.43..422.60 rows=106 width=125)
	  Index Cond: ((id >= 5018209) AND (id <= 5018309))

table 4 : explain SELECT id, c FROM sbtest4 WHERE id BETWEEN 5018209 AND 5018309
	Index Scan using sbtest4_pkey on sbtest4  (cost=0.43..402.56 rows=101 width=125)
	  Index Cond: ((id >= 5018209) AND (id <= 5018309))

table 5 : explain SELECT id, c FROM sbtest5 WHERE id BETWEEN 5018209 AND 5018309
	Index Scan using sbtest5_pkey on sbtest5  (cost=0.43..402.45 rows=101 width=125)
	  Index Cond: ((id >= 5018209) AND (id <= 5018309))

table 6 : explain SELECT id, c FROM sbtest6 WHERE id BETWEEN 5018209 AND 5018309
	Index Scan using sbtest6_pkey on sbtest6  (cost=0.43..465.31 rows=117 width=125)
	  Index Cond: ((id >= 5018209) AND (id <= 5018309))

table 7 : explain SELECT id, c FROM sbtest7 WHERE id BETWEEN 5018209 AND 5018309
	Index Scan using sbtest7_pkey on sbtest7  (cost=0.43..366.37 rows=92 width=125)
	  Index Cond: ((id >= 5018209) AND (id <= 5018309))

table 8 : explain SELECT id, c FROM sbtest8 WHERE id BETWEEN 5018209 AND 5018309
	Index Scan using sbtest8_pkey on sbtest8  (cost=0.43..414.85 rows=104 width=125)
	  Index Cond: ((id >= 5018209) AND (id <= 5018309))

explain: for range-notcovered :: explain SELECT id, c FROM sbtest%d WHERE id BETWEEN 5018209 AND 5018309
for range-notcovered
table 1 : explain SELECT id, c FROM sbtest1 WHERE id BETWEEN 5018209 AND 5018309
	Index Scan using sbtest1_pkey on sbtest1  (cost=0.43..399.52 rows=100 width=125)
	  Index Cond: ((id >= 5018209) AND (id <= 5018309))

table 2 : explain SELECT id, c FROM sbtest2 WHERE id BETWEEN 5018209 AND 5018309
	Index Scan using sbtest2_pkey on sbtest2  (cost=0.43..391.60 rows=98 width=125)
	  Index Cond: ((id >= 5018209) AND (id <= 5018309))

table 3 : explain SELECT id, c FROM sbtest3 WHERE id BETWEEN 5018209 AND 5018309
	Index Scan using sbtest3_pkey on sbtest3  (cost=0.43..422.60 rows=106 width=125)
	  Index Cond: ((id >= 5018209) AND (id <= 5018309))

table 4 : explain SELECT id, c FROM sbtest4 WHERE id BETWEEN 5018209 AND 5018309
	Index Scan using sbtest4_pkey on sbtest4  (cost=0.43..402.56 rows=101 width=125)
	  Index Cond: ((id >= 5018209) AND (id <= 5018309))

table 5 : explain SELECT id, c FROM sbtest5 WHERE id BETWEEN 5018209 AND 5018309
	Index Scan using sbtest5_pkey on sbtest5  (cost=0.43..402.45 rows=101 width=125)
	  Index Cond: ((id >= 5018209) AND (id <= 5018309))

table 6 : explain SELECT id, c FROM sbtest6 WHERE id BETWEEN 5018209 AND 5018309
	Index Scan using sbtest6_pkey on sbtest6  (cost=0.43..465.31 rows=117 width=125)
	  Index Cond: ((id >= 5018209) AND (id <= 5018309))

table 7 : explain SELECT id, c FROM sbtest7 WHERE id BETWEEN 5018209 AND 5018309
	Index Scan using sbtest7_pkey on sbtest7  (cost=0.43..366.37 rows=92 width=125)
	  Index Cond: ((id >= 5018209) AND (id <= 5018309))

table 8 : explain SELECT id, c FROM sbtest8 WHERE id BETWEEN 5018209 AND 5018309
	Index Scan using sbtest8_pkey on sbtest8  (cost=0.43..414.85 rows=104 width=125)
	  Index Cond: ((id >= 5018209) AND (id <= 5018309))

explain: for range-notcovered :: explain SELECT id, c FROM sbtest%d WHERE id BETWEEN 5018209 AND 5018309
explain: for range-notcovered :: explain SELECT id, c FROM sbtest%d WHERE id BETWEEN 1766185 AND 1766285
for range-notcovered
table 1 : explain SELECT id, c FROM sbtest1 WHERE id BETWEEN 5018209 AND 5018309
	Index Scan using sbtest1_pkey on sbtest1  (cost=0.43..399.52 rows=100 width=125)
	  Index Cond: ((id >= 5018209) AND (id <= 5018309))

table 2 : explain SELECT id, c FROM sbtest2 WHERE id BETWEEN 5018209 AND 5018309
	Index Scan using sbtest2_pkey on sbtest2  (cost=0.43..391.60 rows=98 width=125)
	  Index Cond: ((id >= 5018209) AND (id <= 5018309))

table 3 : explain SELECT id, c FROM sbtest3 WHERE id BETWEEN 5018209 AND 5018309
	Index Scan using sbtest3_pkey on sbtest3  (cost=0.43..422.60 rows=106 width=125)
	  Index Cond: ((id >= 5018209) AND (id <= 5018309))

table 4 : explain SELECT id, c FROM sbtest4 WHERE id BETWEEN 5018209 AND 5018309
	Index Scan using sbtest4_pkey on sbtest4  (cost=0.43..402.56 rows=101 width=125)
	  Index Cond: ((id >= 5018209) AND (id <= 5018309))

table 5 : explain SELECT id, c FROM sbtest5 WHERE id BETWEEN 5018209 AND 5018309
	Index Scan using sbtest5_pkey on sbtest5  (cost=0.43..402.45 rows=101 width=125)
	  Index Cond: ((id >= 5018209) AND (id <= 5018309))

table 6 : explain SELECT id, c FROM sbtest6 WHERE id BETWEEN 5018209 AND 5018309
	Index Scan using sbtest6_pkey on sbtest6  (cost=0.43..465.31 rows=117 width=125)
	  Index Cond: ((id >= 5018209) AND (id <= 5018309))

table 7 : explain SELECT id, c FROM sbtest7 WHERE id BETWEEN 5018209 AND 5018309
	Index Scan using sbtest7_pkey on sbtest7  (cost=0.43..366.37 rows=92 width=125)
	  Index Cond: ((id >= 5018209) AND (id <= 5018309))

table 8 : explain SELECT id, c FROM sbtest8 WHERE id BETWEEN 5018209 AND 5018309
	Index Scan using sbtest8_pkey on sbtest8  (cost=0.43..414.85 rows=104 width=125)
	  Index Cond: ((id >= 5018209) AND (id <= 5018309))

for range-notcovered
table 1 : explain SELECT id, c FROM sbtest1 WHERE id BETWEEN 3361697 AND 3361797
	Index Scan using sbtest1_pkey on sbtest1  (cost=0.43..407.43 rows=102 width=125)
	  Index Cond: ((id >= 3361697) AND (id <= 3361797))

table 2 : explain SELECT id, c FROM sbtest2 WHERE id BETWEEN 3361697 AND 3361797
	Index Scan using sbtest2_pkey on sbtest2  (cost=0.43..395.57 rows=99 width=125)
	  Index Cond: ((id >= 3361697) AND (id <= 3361797))

table 3 : explain SELECT id, c FROM sbtest3 WHERE id BETWEEN 3361697 AND 3361797
	Index Scan using sbtest3_pkey on sbtest3  (cost=0.43..406.82 rows=102 width=125)
	  Index Cond: ((id >= 3361697) AND (id <= 3361797))

table 4 : explain SELECT id, c FROM sbtest4 WHERE id BETWEEN 3361697 AND 3361797
	Index Scan using sbtest4_pkey on sbtest4  (cost=0.43..394.66 rows=99 width=125)
	  Index Cond: ((id >= 3361697) AND (id <= 3361797))

table 5 : explain SELECT id, c FROM sbtest5 WHERE id BETWEEN 3361697 AND 3361797
	Index Scan using sbtest5_pkey on sbtest5  (cost=0.43..422.15 rows=106 width=125)
	  Index Cond: ((id >= 3361697) AND (id <= 3361797))

table 6 : explain SELECT id, c FROM sbtest6 WHERE id BETWEEN 3361697 AND 3361797
	Index Scan using sbtest6_pkey on sbtest6  (cost=0.43..485.00 rows=122 width=125)
	  Index Cond: ((id >= 3361697) AND (id <= 3361797))

table 7 : explain SELECT id, c FROM sbtest7 WHERE id BETWEEN 3361697 AND 3361797
	Index Scan using sbtest7_pkey on sbtest7  (cost=0.43..370.30 rows=93 width=125)
	  Index Cond: ((id >= 3361697) AND (id <= 3361797))

table 8 : explain SELECT id, c FROM sbtest8 WHERE id BETWEEN 3361697 AND 3361797
	Index Scan using sbtest8_pkey on sbtest8  (cost=0.43..383.27 rows=96 width=125)
	  Index Cond: ((id >= 3361697) AND (id <= 3361797))

explain: for range-notcovered :: explain SELECT id, c FROM sbtest%d WHERE id BETWEEN 5018209 AND 5018309
explain: for range-notcovered :: explain SELECT id, c FROM sbtest%d WHERE id BETWEEN 3361697 AND 3361797
for range-notcovered
table 1 : explain SELECT id, c FROM sbtest1 WHERE id BETWEEN 5018209 AND 5018309
	Index Scan using sbtest1_pkey on sbtest1  (cost=0.43..399.52 rows=100 width=125)
	  Index Cond: ((id >= 5018209) AND (id <= 5018309))

table 2 : explain SELECT id, c FROM sbtest2 WHERE id BETWEEN 5018209 AND 5018309
	Index Scan using sbtest2_pkey on sbtest2  (cost=0.43..391.60 rows=98 width=125)
	  Index Cond: ((id >= 5018209) AND (id <= 5018309))

table 3 : explain SELECT id, c FROM sbtest3 WHERE id BETWEEN 5018209 AND 5018309
	Index Scan using sbtest3_pkey on sbtest3  (cost=0.43..422.60 rows=106 width=125)
	  Index Cond: ((id >= 5018209) AND (id <= 5018309))

table 4 : explain SELECT id, c FROM sbtest4 WHERE id BETWEEN 5018209 AND 5018309
	Index Scan using sbtest4_pkey on sbtest4  (cost=0.43..402.56 rows=101 width=125)
	  Index Cond: ((id >= 5018209) AND (id <= 5018309))

table 5 : explain SELECT id, c FROM sbtest5 WHERE id BETWEEN 5018209 AND 5018309
	Index Scan using sbtest5_pkey on sbtest5  (cost=0.43..402.45 rows=101 width=125)
	  Index Cond: ((id >= 5018209) AND (id <= 5018309))

table 6 : explain SELECT id, c FROM sbtest6 WHERE id BETWEEN 5018209 AND 5018309
	Index Scan using sbtest6_pkey on sbtest6  (cost=0.43..465.31 rows=117 width=125)
	  Index Cond: ((id >= 5018209) AND (id <= 5018309))

table 7 : explain SELECT id, c FROM sbtest7 WHERE id BETWEEN 5018209 AND 5018309
	Index Scan using sbtest7_pkey on sbtest7  (cost=0.43..366.37 rows=92 width=125)
	  Index Cond: ((id >= 5018209) AND (id <= 5018309))

table 8 : explain SELECT id, c FROM sbtest8 WHERE id BETWEEN 5018209 AND 5018309
	Index Scan using sbtest8_pkey on sbtest8  (cost=0.43..414.85 rows=104 width=125)
	  Index Cond: ((id >= 5018209) AND (id <= 5018309))

explain: for range-notcovered :: explain SELECT id, c FROM sbtest%d WHERE id BETWEEN 5018209 AND 5018309
for range-notcovered
table 1 : explain SELECT id, c FROM sbtest1 WHERE id BETWEEN 413911 AND 414011
	Index Scan using sbtest1_pkey on sbtest1  (cost=0.43..423.23 rows=106 width=125)
	  Index Cond: ((id >= 413911) AND (id <= 414011))

table 2 : explain SELECT id, c FROM sbtest2 WHERE id BETWEEN 413911 AND 414011
	Index Scan using sbtest2_pkey on sbtest2  (cost=0.43..371.85 rows=93 width=125)
	  Index Cond: ((id >= 413911) AND (id <= 414011))

table 3 : explain SELECT id, c FROM sbtest3 WHERE id BETWEEN 413911 AND 414011
	Index Scan using sbtest3_pkey on sbtest3  (cost=0.43..406.82 rows=102 width=125)
	  Index Cond: ((id >= 413911) AND (id <= 414011))

table 4 : explain SELECT id, c FROM sbtest4 WHERE id BETWEEN 413911 AND 414011
	Index Scan using sbtest4_pkey on sbtest4  (cost=0.43..402.56 rows=101 width=125)
	  Index Cond: ((id >= 413911) AND (id <= 414011))

table 5 : explain SELECT id, c FROM sbtest5 WHERE id BETWEEN 413911 AND 414011
	Index Scan using sbtest5_pkey on sbtest5  (cost=0.43..390.62 rows=98 width=125)
	  Index Cond: ((id >= 413911) AND (id <= 414011))

table 6 : explain SELECT id, c FROM sbtest6 WHERE id BETWEEN 413911 AND 414011
	Index Scan using sbtest6_pkey on sbtest6  (cost=0.43..366.85 rows=92 width=125)
	  Index Cond: ((id >= 413911) AND (id <= 414011))

table 7 : explain SELECT id, c FROM sbtest7 WHERE id BETWEEN 413911 AND 414011
	Index Scan using sbtest7_pkey on sbtest7  (cost=0.43..401.78 rows=101 width=125)
	  Index Cond: ((id >= 413911) AND (id <= 414011))

table 8 : explain SELECT id, c FROM sbtest8 WHERE id BETWEEN 413911 AND 414011
	Index Scan using sbtest8_pkey on sbtest8  (cost=0.43..379.33 rows=95 width=125)
	  Index Cond: ((id >= 413911) AND (id <= 414011))

for range-notcovered
table 1 : explain SELECT id, c FROM sbtest1 WHERE id BETWEEN 6239049 AND 6239149
	Index Scan using sbtest1_pkey on sbtest1  (cost=0.43..462.73 rows=116 width=125)
	  Index Cond: ((id >= 6239049) AND (id <= 6239149))

table 2 : explain SELECT id, c FROM sbtest2 WHERE id BETWEEN 6239049 AND 6239149
	Index Scan using sbtest2_pkey on sbtest2  (cost=0.43..399.52 rows=100 width=125)
	  Index Cond: ((id >= 6239049) AND (id <= 6239149))

table 3 : explain SELECT id, c FROM sbtest3 WHERE id BETWEEN 6239049 AND 6239149
	Index Scan using sbtest3_pkey on sbtest3  (cost=0.43..418.66 rows=105 width=125)
	  Index Cond: ((id >= 6239049) AND (id <= 6239149))

table 4 : explain SELECT id, c FROM sbtest4 WHERE id BETWEEN 6239049 AND 6239149
	Index Scan using sbtest4_pkey on sbtest4  (cost=0.43..410.44 rows=103 width=125)
	  Index Cond: ((id >= 6239049) AND (id <= 6239149))

table 5 : explain SELECT id, c FROM sbtest5 WHERE id BETWEEN 6239049 AND 6239149
	Index Scan using sbtest5_pkey on sbtest5  (cost=0.43..378.80 rows=95 width=125)
	  Index Cond: ((id >= 6239049) AND (id <= 6239149))

table 6 : explain SELECT id, c FROM sbtest6 WHERE id BETWEEN 6239049 AND 6239149
	Index Scan using sbtest6_pkey on sbtest6  (cost=0.43..394.41 rows=99 width=125)
	  Index Cond: ((id >= 6239049) AND (id <= 6239149))

table 7 : explain SELECT id, c FROM sbtest7 WHERE id BETWEEN 6239049 AND 6239149
	Index Scan using sbtest7_pkey on sbtest7  (cost=0.43..389.96 rows=98 width=125)
	  Index Cond: ((id >= 6239049) AND (id <= 6239149))

table 8 : explain SELECT id, c FROM sbtest8 WHERE id BETWEEN 6239049 AND 6239149
	Index Scan using sbtest8_pkey on sbtest8  (cost=0.43..391.16 rows=98 width=125)
	  Index Cond: ((id >= 6239049) AND (id <= 6239149))

for range-notcovered
table 1 : explain SELECT id, c FROM sbtest1 WHERE id BETWEEN 6396881 AND 6396981
	Index Scan using sbtest1_pkey on sbtest1  (cost=0.43..454.83 rows=114 width=125)
	  Index Cond: ((id >= 6396881) AND (id <= 6396981))

table 2 : explain SELECT id, c FROM sbtest2 WHERE id BETWEEN 6396881 AND 6396981
	Index Scan using sbtest2_pkey on sbtest2  (cost=0.43..395.57 rows=99 width=125)
	  Index Cond: ((id >= 6396881) AND (id <= 6396981))

table 3 : explain SELECT id, c FROM sbtest3 WHERE id BETWEEN 6396881 AND 6396981
	Index Scan using sbtest3_pkey on sbtest3  (cost=0.43..391.03 rows=98 width=125)
	  Index Cond: ((id >= 6396881) AND (id <= 6396981))

table 4 : explain SELECT id, c FROM sbtest4 WHERE id BETWEEN 6396881 AND 6396981
	Index Scan using sbtest4_pkey on sbtest4  (cost=0.43..418.32 rows=105 width=125)
	  Index Cond: ((id >= 6396881) AND (id <= 6396981))

table 5 : explain SELECT id, c FROM sbtest5 WHERE id BETWEEN 6396881 AND 6396981
	Index Scan using sbtest5_pkey on sbtest5  (cost=0.43..410.33 rows=103 width=125)
	  Index Cond: ((id >= 6396881) AND (id <= 6396981))

table 6 : explain SELECT id, c FROM sbtest6 WHERE id BETWEEN 6396881 AND 6396981
	Index Scan using sbtest6_pkey on sbtest6  (cost=0.43..410.18 rows=103 width=125)
	  Index Cond: ((id >= 6396881) AND (id <= 6396981))

table 7 : explain SELECT id, c FROM sbtest7 WHERE id BETWEEN 6396881 AND 6396981
	Index Scan using sbtest7_pkey on sbtest7  (cost=0.43..452.91 rows=114 width=125)
	  Index Cond: ((id >= 6396881) AND (id <= 6396981))

table 8 : explain SELECT id, c FROM sbtest8 WHERE id BETWEEN 6396881 AND 6396981
	Index Scan using sbtest8_pkey on sbtest8  (cost=0.43..422.74 rows=106 width=125)
	  Index Cond: ((id >= 6396881) AND (id <= 6396981))
for range-notcovered
table 1 : explain SELECT id, c FROM sbtest1 WHERE id BETWEEN 3361697 AND 3361797
	Index Scan using sbtest1_pkey on sbtest1  (cost=0.43..407.43 rows=102 width=125)
	  Index Cond: ((id >= 3361697) AND (id <= 3361797))

table 2 : explain SELECT id, c FROM sbtest2 WHERE id BETWEEN 3361697 AND 3361797
	Index Scan using sbtest2_pkey on sbtest2  (cost=0.43..395.57 rows=99 width=125)
	  Index Cond: ((id >= 3361697) AND (id <= 3361797))

table 3 : explain SELECT id, c FROM sbtest3 WHERE id BETWEEN 3361697 AND 3361797
	Index Scan using sbtest3_pkey on sbtest3  (cost=0.43..406.82 rows=102 width=125)
	  Index Cond: ((id >= 3361697) AND (id <= 3361797))

table 4 : explain SELECT id, c FROM sbtest4 WHERE id BETWEEN 3361697 AND 3361797
	Index Scan using sbtest4_pkey on sbtest4  (cost=0.43..394.66 rows=99 width=125)
	  Index Cond: ((id >= 3361697) AND (id <= 3361797))

table 5 : explain SELECT id, c FROM sbtest5 WHERE id BETWEEN 3361697 AND 3361797
	Index Scan using sbtest5_pkey on sbtest5  (cost=0.43..422.15 rows=106 width=125)
	  Index Cond: ((id >= 3361697) AND (id <= 3361797))

table 6 : explain SELECT id, c FROM sbtest6 WHERE id BETWEEN 3361697 AND 3361797
	Index Scan using sbtest6_pkey on sbtest6  (cost=0.43..485.00 rows=122 width=125)
	  Index Cond: ((id >= 3361697) AND (id <= 3361797))

table 7 : explain SELECT id, c FROM sbtest7 WHERE id BETWEEN 3361697 AND 3361797
	Index Scan using sbtest7_pkey on sbtest7  (cost=0.43..370.30 rows=93 width=125)
	  Index Cond: ((id >= 3361697) AND (id <= 3361797))

table 8 : explain SELECT id, c FROM sbtest8 WHERE id BETWEEN 3361697 AND 3361797
	Index Scan using sbtest8_pkey on sbtest8  (cost=0.43..383.27 rows=96 width=125)
	  Index Cond: ((id >= 3361697) AND (id <= 3361797))


explain: for range-notcovered :: explain SELECT id, c FROM sbtest%d WHERE id BETWEEN 413911 AND 414011
for range-notcovered
table 1 : explain SELECT id, c FROM sbtest1 WHERE id BETWEEN 5018209 AND 5018309
	Index Scan using sbtest1_pkey on sbtest1  (cost=0.43..399.52 rows=100 width=125)
	  Index Cond: ((id >= 5018209) AND (id <= 5018309))

table 2 : explain SELECT id, c FROM sbtest2 WHERE id BETWEEN 5018209 AND 5018309
	Index Scan using sbtest2_pkey on sbtest2  (cost=0.43..391.60 rows=98 width=125)
	  Index Cond: ((id >= 5018209) AND (id <= 5018309))

table 3 : explain SELECT id, c FROM sbtest3 WHERE id BETWEEN 5018209 AND 5018309
	Index Scan using sbtest3_pkey on sbtest3  (cost=0.43..422.60 rows=106 width=125)
	  Index Cond: ((id >= 5018209) AND (id <= 5018309))

table 4 : explain SELECT id, c FROM sbtest4 WHERE id BETWEEN 5018209 AND 5018309
	Index Scan using sbtest4_pkey on sbtest4  (cost=0.43..402.56 rows=101 width=125)
	  Index Cond: ((id >= 5018209) AND (id <= 5018309))

table 5 : explain SELECT id, c FROM sbtest5 WHERE id BETWEEN 5018209 AND 5018309
	Index Scan using sbtest5_pkey on sbtest5  (cost=0.43..402.45 rows=101 width=125)
	  Index Cond: ((id >= 5018209) AND (id <= 5018309))

table 6 : explain SELECT id, c FROM sbtest6 WHERE id BETWEEN 5018209 AND 5018309
	Index Scan using sbtest6_pkey on sbtest6  (cost=0.43..465.31 rows=117 width=125)
	  Index Cond: ((id >= 5018209) AND (id <= 5018309))

table 7 : explain SELECT id, c FROM sbtest7 WHERE id BETWEEN 5018209 AND 5018309
	Index Scan using sbtest7_pkey on sbtest7  (cost=0.43..366.37 rows=92 width=125)
	  Index Cond: ((id >= 5018209) AND (id <= 5018309))

table 8 : explain SELECT id, c FROM sbtest8 WHERE id BETWEEN 5018209 AND 5018309
	Index Scan using sbtest8_pkey on sbtest8  (cost=0.43..414.85 rows=104 width=125)
	  Index Cond: ((id >= 5018209) AND (id <= 5018309))

explain: for range-notcovered :: explain SELECT id, c FROM sbtest%d WHERE id BETWEEN 3361697 AND 3361797
explain: for range-notcovered :: explain SELECT id, c FROM sbtest%d WHERE id BETWEEN 6239049 AND 6239149
explain: for range-notcovered :: explain SELECT id, c FROM sbtest%d WHERE id BETWEEN 6396881 AND 6396981
for range-notcovered
table 1 : explain SELECT id, c FROM sbtest1 WHERE id BETWEEN 3361697 AND 3361797
	Index Scan using sbtest1_pkey on sbtest1  (cost=0.43..407.43 rows=102 width=125)
	  Index Cond: ((id >= 3361697) AND (id <= 3361797))

table 2 : explain SELECT id, c FROM sbtest2 WHERE id BETWEEN 3361697 AND 3361797
	Index Scan using sbtest2_pkey on sbtest2  (cost=0.43..395.57 rows=99 width=125)
	  Index Cond: ((id >= 3361697) AND (id <= 3361797))

table 3 : explain SELECT id, c FROM sbtest3 WHERE id BETWEEN 3361697 AND 3361797
	Index Scan using sbtest3_pkey on sbtest3  (cost=0.43..406.82 rows=102 width=125)
	  Index Cond: ((id >= 3361697) AND (id <= 3361797))

table 4 : explain SELECT id, c FROM sbtest4 WHERE id BETWEEN 3361697 AND 3361797
	Index Scan using sbtest4_pkey on sbtest4  (cost=0.43..394.66 rows=99 width=125)
	  Index Cond: ((id >= 3361697) AND (id <= 3361797))

table 5 : explain SELECT id, c FROM sbtest5 WHERE id BETWEEN 3361697 AND 3361797
	Index Scan using sbtest5_pkey on sbtest5  (cost=0.43..422.15 rows=106 width=125)
	  Index Cond: ((id >= 3361697) AND (id <= 3361797))

table 6 : explain SELECT id, c FROM sbtest6 WHERE id BETWEEN 3361697 AND 3361797
	Index Scan using sbtest6_pkey on sbtest6  (cost=0.43..485.00 rows=122 width=125)
	  Index Cond: ((id >= 3361697) AND (id <= 3361797))

table 7 : explain SELECT id, c FROM sbtest7 WHERE id BETWEEN 3361697 AND 3361797
	Index Scan using sbtest7_pkey on sbtest7  (cost=0.43..370.30 rows=93 width=125)
	  Index Cond: ((id >= 3361697) AND (id <= 3361797))

table 8 : explain SELECT id, c FROM sbtest8 WHERE id BETWEEN 3361697 AND 3361797
	Index Scan using sbtest8_pkey on sbtest8  (cost=0.43..383.27 rows=96 width=125)
	  Index Cond: ((id >= 3361697) AND (id <= 3361797))

for range-notcovered
table 1 : explain SELECT id, c FROM sbtest1 WHERE id BETWEEN 6239049 AND 6239149
	Index Scan using sbtest1_pkey on sbtest1  (cost=0.43..462.73 rows=116 width=125)
	  Index Cond: ((id >= 6239049) AND (id <= 6239149))

table 2 : explain SELECT id, c FROM sbtest2 WHERE id BETWEEN 6239049 AND 6239149
	Index Scan using sbtest2_pkey on sbtest2  (cost=0.43..399.52 rows=100 width=125)
	  Index Cond: ((id >= 6239049) AND (id <= 6239149))

table 3 : explain SELECT id, c FROM sbtest3 WHERE id BETWEEN 6239049 AND 6239149
	Index Scan using sbtest3_pkey on sbtest3  (cost=0.43..418.66 rows=105 width=125)
	  Index Cond: ((id >= 6239049) AND (id <= 6239149))

table 4 : explain SELECT id, c FROM sbtest4 WHERE id BETWEEN 6239049 AND 6239149
	Index Scan using sbtest4_pkey on sbtest4  (cost=0.43..410.44 rows=103 width=125)
	  Index Cond: ((id >= 6239049) AND (id <= 6239149))

table 5 : explain SELECT id, c FROM sbtest5 WHERE id BETWEEN 6239049 AND 6239149
	Index Scan using sbtest5_pkey on sbtest5  (cost=0.43..378.80 rows=95 width=125)
	  Index Cond: ((id >= 6239049) AND (id <= 6239149))

table 6 : explain SELECT id, c FROM sbtest6 WHERE id BETWEEN 6239049 AND 6239149
	Index Scan using sbtest6_pkey on sbtest6  (cost=0.43..394.41 rows=99 width=125)
	  Index Cond: ((id >= 6239049) AND (id <= 6239149))

table 7 : explain SELECT id, c FROM sbtest7 WHERE id BETWEEN 6239049 AND 6239149
	Index Scan using sbtest7_pkey on sbtest7  (cost=0.43..389.96 rows=98 width=125)
	  Index Cond: ((id >= 6239049) AND (id <= 6239149))

table 8 : explain SELECT id, c FROM sbtest8 WHERE id BETWEEN 6239049 AND 6239149
	Index Scan using sbtest8_pkey on sbtest8  (cost=0.43..391.16 rows=98 width=125)
	  Index Cond: ((id >= 6239049) AND (id <= 6239149))

explain: for range-notcovered :: explain SELECT id, c FROM sbtest%d WHERE id BETWEEN 3361697 AND 3361797
explain: for range-notcovered :: explain SELECT id, c FROM sbtest%d WHERE id BETWEEN 6239049 AND 6239149
for range-notcovered
table 1 : explain SELECT id, c FROM sbtest1 WHERE id BETWEEN 1830138 AND 1830238
	Index Scan using sbtest1_pkey on sbtest1  (cost=0.43..403.48 rows=101 width=125)
	  Index Cond: ((id >= 1830138) AND (id <= 1830238))

table 2 : explain SELECT id, c FROM sbtest2 WHERE id BETWEEN 1830138 AND 1830238
	Index Scan using sbtest2_pkey on sbtest2  (cost=0.43..423.22 rows=106 width=125)
	  Index Cond: ((id >= 1830138) AND (id <= 1830238))

table 3 : explain SELECT id, c FROM sbtest3 WHERE id BETWEEN 1830138 AND 1830238
	Index Scan using sbtest3_pkey on sbtest3  (cost=0.43..454.15 rows=114 width=125)
	  Index Cond: ((id >= 1830138) AND (id <= 1830238))

table 4 : explain SELECT id, c FROM sbtest4 WHERE id BETWEEN 1830138 AND 1830238
	Index Scan using sbtest4_pkey on sbtest4  (cost=0.43..394.66 rows=99 width=125)
	  Index Cond: ((id >= 1830138) AND (id <= 1830238))

table 5 : explain SELECT id, c FROM sbtest5 WHERE id BETWEEN 1830138 AND 1830238
	Index Scan using sbtest5_pkey on sbtest5  (cost=0.43..430.03 rows=108 width=125)
	  Index Cond: ((id >= 1830138) AND (id <= 1830238))

table 6 : explain SELECT id, c FROM sbtest6 WHERE id BETWEEN 1830138 AND 1830238
	Index Scan using sbtest6_pkey on sbtest6  (cost=0.43..418.06 rows=105 width=125)
	  Index Cond: ((id >= 1830138) AND (id <= 1830238))

table 7 : explain SELECT id, c FROM sbtest7 WHERE id BETWEEN 1830138 AND 1830238
	Index Scan using sbtest7_pkey on sbtest7  (cost=0.43..405.71 rows=102 width=125)
	  Index Cond: ((id >= 1830138) AND (id <= 1830238))

table 8 : explain SELECT id, c FROM sbtest8 WHERE id BETWEEN 1830138 AND 1830238
	Index Scan using sbtest8_pkey on sbtest8  (cost=0.43..391.16 rows=98 width=125)
	  Index Cond: ((id >= 1830138) AND (id <= 1830238))

for range-notcovered
table 1 : explain SELECT id, c FROM sbtest1 WHERE id BETWEEN 413911 AND 414011
	Index Scan using sbtest1_pkey on sbtest1  (cost=0.43..423.23 rows=106 width=125)
	  Index Cond: ((id >= 413911) AND (id <= 414011))

table 2 : explain SELECT id, c FROM sbtest2 WHERE id BETWEEN 413911 AND 414011
	Index Scan using sbtest2_pkey on sbtest2  (cost=0.43..371.85 rows=93 width=125)
	  Index Cond: ((id >= 413911) AND (id <= 414011))

table 3 : explain SELECT id, c FROM sbtest3 WHERE id BETWEEN 413911 AND 414011
	Index Scan using sbtest3_pkey on sbtest3  (cost=0.43..406.82 rows=102 width=125)
	  Index Cond: ((id >= 413911) AND (id <= 414011))

table 4 : explain SELECT id, c FROM sbtest4 WHERE id BETWEEN 413911 AND 414011
	Index Scan using sbtest4_pkey on sbtest4  (cost=0.43..402.56 rows=101 width=125)
	  Index Cond: ((id >= 413911) AND (id <= 414011))

table 5 : explain SELECT id, c FROM sbtest5 WHERE id BETWEEN 413911 AND 414011
	Index Scan using sbtest5_pkey on sbtest5  (cost=0.43..390.62 rows=98 width=125)
	  Index Cond: ((id >= 413911) AND (id <= 414011))

table 6 : explain SELECT id, c FROM sbtest6 WHERE id BETWEEN 413911 AND 414011
	Index Scan using sbtest6_pkey on sbtest6  (cost=0.43..366.85 rows=92 width=125)
	  Index Cond: ((id >= 413911) AND (id <= 414011))

table 7 : explain SELECT id, c FROM sbtest7 WHERE id BETWEEN 413911 AND 414011
	Index Scan using sbtest7_pkey on sbtest7  (cost=0.43..401.78 rows=101 width=125)
	  Index Cond: ((id >= 413911) AND (id <= 414011))

table 8 : explain SELECT id, c FROM sbtest8 WHERE id BETWEEN 413911 AND 414011
	Index Scan using sbtest8_pkey on sbtest8  (cost=0.43..379.33 rows=95 width=125)
	  Index Cond: ((id >= 413911) AND (id <= 414011))

explain: for range-notcovered :: explain SELECT id, c FROM sbtest%d WHERE id BETWEEN 1830138 AND 1830238
explain: for range-notcovered :: explain SELECT id, c FROM sbtest%d WHERE id BETWEEN 413911 AND 414011
for range-notcovered
table 1 : explain SELECT id, c FROM sbtest1 WHERE id BETWEEN 6239049 AND 6239149
	Index Scan using sbtest1_pkey on sbtest1  (cost=0.43..462.73 rows=116 width=125)
	  Index Cond: ((id >= 6239049) AND (id <= 6239149))

table 2 : explain SELECT id, c FROM sbtest2 WHERE id BETWEEN 6239049 AND 6239149
	Index Scan using sbtest2_pkey on sbtest2  (cost=0.43..399.52 rows=100 width=125)
	  Index Cond: ((id >= 6239049) AND (id <= 6239149))

table 3 : explain SELECT id, c FROM sbtest3 WHERE id BETWEEN 6239049 AND 6239149
	Index Scan using sbtest3_pkey on sbtest3  (cost=0.43..418.66 rows=105 width=125)
	  Index Cond: ((id >= 6239049) AND (id <= 6239149))

table 4 : explain SELECT id, c FROM sbtest4 WHERE id BETWEEN 6239049 AND 6239149
	Index Scan using sbtest4_pkey on sbtest4  (cost=0.43..410.44 rows=103 width=125)
	  Index Cond: ((id >= 6239049) AND (id <= 6239149))

table 5 : explain SELECT id, c FROM sbtest5 WHERE id BETWEEN 6239049 AND 6239149
	Index Scan using sbtest5_pkey on sbtest5  (cost=0.43..378.80 rows=95 width=125)
	  Index Cond: ((id >= 6239049) AND (id <= 6239149))

table 6 : explain SELECT id, c FROM sbtest6 WHERE id BETWEEN 6239049 AND 6239149
	Index Scan using sbtest6_pkey on sbtest6  (cost=0.43..394.41 rows=99 width=125)
	  Index Cond: ((id >= 6239049) AND (id <= 6239149))

table 7 : explain SELECT id, c FROM sbtest7 WHERE id BETWEEN 6239049 AND 6239149
	Index Scan using sbtest7_pkey on sbtest7  (cost=0.43..389.96 rows=98 width=125)
	  Index Cond: ((id >= 6239049) AND (id <= 6239149))

table 8 : explain SELECT id, c FROM sbtest8 WHERE id BETWEEN 6239049 AND 6239149
	Index Scan using sbtest8_pkey on sbtest8  (cost=0.43..391.16 rows=98 width=125)
	  Index Cond: ((id >= 6239049) AND (id <= 6239149))

explain: for range-notcovered :: explain SELECT id, c FROM sbtest%d WHERE id BETWEEN 6239049 AND 6239149
for range-notcovered
table 1 : explain SELECT id, c FROM sbtest1 WHERE id BETWEEN 6396881 AND 6396981
	Index Scan using sbtest1_pkey on sbtest1  (cost=0.43..454.83 rows=114 width=125)
	  Index Cond: ((id >= 6396881) AND (id <= 6396981))

table 2 : explain SELECT id, c FROM sbtest2 WHERE id BETWEEN 6396881 AND 6396981
	Index Scan using sbtest2_pkey on sbtest2  (cost=0.43..395.57 rows=99 width=125)
	  Index Cond: ((id >= 6396881) AND (id <= 6396981))

table 3 : explain SELECT id, c FROM sbtest3 WHERE id BETWEEN 6396881 AND 6396981
	Index Scan using sbtest3_pkey on sbtest3  (cost=0.43..391.03 rows=98 width=125)
	  Index Cond: ((id >= 6396881) AND (id <= 6396981))

table 4 : explain SELECT id, c FROM sbtest4 WHERE id BETWEEN 6396881 AND 6396981
	Index Scan using sbtest4_pkey on sbtest4  (cost=0.43..418.32 rows=105 width=125)
	  Index Cond: ((id >= 6396881) AND (id <= 6396981))

table 5 : explain SELECT id, c FROM sbtest5 WHERE id BETWEEN 6396881 AND 6396981
	Index Scan using sbtest5_pkey on sbtest5  (cost=0.43..410.33 rows=103 width=125)
	  Index Cond: ((id >= 6396881) AND (id <= 6396981))

table 6 : explain SELECT id, c FROM sbtest6 WHERE id BETWEEN 6396881 AND 6396981
	Index Scan using sbtest6_pkey on sbtest6  (cost=0.43..410.18 rows=103 width=125)
	  Index Cond: ((id >= 6396881) AND (id <= 6396981))

table 7 : explain SELECT id, c FROM sbtest7 WHERE id BETWEEN 6396881 AND 6396981
	Index Scan using sbtest7_pkey on sbtest7  (cost=0.43..452.91 rows=114 width=125)
	  Index Cond: ((id >= 6396881) AND (id <= 6396981))

table 8 : explain SELECT id, c FROM sbtest8 WHERE id BETWEEN 6396881 AND 6396981
	Index Scan using sbtest8_pkey on sbtest8  (cost=0.43..422.74 rows=106 width=125)
	  Index Cond: ((id >= 6396881) AND (id <= 6396981))

explain: for range-notcovered :: explain SELECT id, c FROM sbtest%d WHERE id BETWEEN 6396881 AND 6396981
explain: for range-notcovered :: explain SELECT id, c FROM sbtest%d WHERE id BETWEEN 4510164 AND 4510264
for range-notcovered
table 1 : explain SELECT id, c FROM sbtest1 WHERE id BETWEEN 413911 AND 414011
	Index Scan using sbtest1_pkey on sbtest1  (cost=0.43..423.23 rows=106 width=125)
	  Index Cond: ((id >= 413911) AND (id <= 414011))

table 2 : explain SELECT id, c FROM sbtest2 WHERE id BETWEEN 413911 AND 414011
	Index Scan using sbtest2_pkey on sbtest2  (cost=0.43..371.85 rows=93 width=125)
	  Index Cond: ((id >= 413911) AND (id <= 414011))

table 3 : explain SELECT id, c FROM sbtest3 WHERE id BETWEEN 413911 AND 414011
	Index Scan using sbtest3_pkey on sbtest3  (cost=0.43..406.82 rows=102 width=125)
	  Index Cond: ((id >= 413911) AND (id <= 414011))

table 4 : explain SELECT id, c FROM sbtest4 WHERE id BETWEEN 413911 AND 414011
	Index Scan using sbtest4_pkey on sbtest4  (cost=0.43..402.56 rows=101 width=125)
	  Index Cond: ((id >= 413911) AND (id <= 414011))

table 5 : explain SELECT id, c FROM sbtest5 WHERE id BETWEEN 413911 AND 414011
	Index Scan using sbtest5_pkey on sbtest5  (cost=0.43..390.62 rows=98 width=125)
	  Index Cond: ((id >= 413911) AND (id <= 414011))

table 6 : explain SELECT id, c FROM sbtest6 WHERE id BETWEEN 413911 AND 414011
	Index Scan using sbtest6_pkey on sbtest6  (cost=0.43..366.85 rows=92 width=125)
	  Index Cond: ((id >= 413911) AND (id <= 414011))

table 7 : explain SELECT id, c FROM sbtest7 WHERE id BETWEEN 413911 AND 414011
	Index Scan using sbtest7_pkey on sbtest7  (cost=0.43..401.78 rows=101 width=125)
	  Index Cond: ((id >= 413911) AND (id <= 414011))

table 8 : explain SELECT id, c FROM sbtest8 WHERE id BETWEEN 413911 AND 414011
	Index Scan using sbtest8_pkey on sbtest8  (cost=0.43..379.33 rows=95 width=125)
	  Index Cond: ((id >= 413911) AND (id <= 414011))

for range-notcovered
table 1 : explain SELECT id, c FROM sbtest1 WHERE id BETWEEN 1830138 AND 1830238
	Index Scan using sbtest1_pkey on sbtest1  (cost=0.43..403.48 rows=101 width=125)
	  Index Cond: ((id >= 1830138) AND (id <= 1830238))

table 2 : explain SELECT id, c FROM sbtest2 WHERE id BETWEEN 1830138 AND 1830238
	Index Scan using sbtest2_pkey on sbtest2  (cost=0.43..423.22 rows=106 width=125)
	  Index Cond: ((id >= 1830138) AND (id <= 1830238))

table 3 : explain SELECT id, c FROM sbtest3 WHERE id BETWEEN 1830138 AND 1830238
	Index Scan using sbtest3_pkey on sbtest3  (cost=0.43..454.15 rows=114 width=125)
	  Index Cond: ((id >= 1830138) AND (id <= 1830238))

table 4 : explain SELECT id, c FROM sbtest4 WHERE id BETWEEN 1830138 AND 1830238
	Index Scan using sbtest4_pkey on sbtest4  (cost=0.43..394.66 rows=99 width=125)
	  Index Cond: ((id >= 1830138) AND (id <= 1830238))

table 5 : explain SELECT id, c FROM sbtest5 WHERE id BETWEEN 1830138 AND 1830238
	Index Scan using sbtest5_pkey on sbtest5  (cost=0.43..430.03 rows=108 width=125)
	  Index Cond: ((id >= 1830138) AND (id <= 1830238))

table 6 : explain SELECT id, c FROM sbtest6 WHERE id BETWEEN 1830138 AND 1830238
	Index Scan using sbtest6_pkey on sbtest6  (cost=0.43..418.06 rows=105 width=125)
	  Index Cond: ((id >= 1830138) AND (id <= 1830238))

table 7 : explain SELECT id, c FROM sbtest7 WHERE id BETWEEN 1830138 AND 1830238
	Index Scan using sbtest7_pkey on sbtest7  (cost=0.43..405.71 rows=102 width=125)
	  Index Cond: ((id >= 1830138) AND (id <= 1830238))

table 8 : explain SELECT id, c FROM sbtest8 WHERE id BETWEEN 1830138 AND 1830238
	Index Scan using sbtest8_pkey on sbtest8  (cost=0.43..391.16 rows=98 width=125)
	  Index Cond: ((id >= 1830138) AND (id <= 1830238))

explain: for range-notcovered :: explain SELECT id, c FROM sbtest%d WHERE id BETWEEN 1830138 AND 1830238
explain: for range-notcovered :: explain SELECT id, c FROM sbtest%d WHERE id BETWEEN 413911 AND 414011
for range-notcovered
table 1 : explain SELECT id, c FROM sbtest1 WHERE id BETWEEN 6239049 AND 6239149
	Index Scan using sbtest1_pkey on sbtest1  (cost=0.43..462.73 rows=116 width=125)
	  Index Cond: ((id >= 6239049) AND (id <= 6239149))

table 2 : explain SELECT id, c FROM sbtest2 WHERE id BETWEEN 6239049 AND 6239149
	Index Scan using sbtest2_pkey on sbtest2  (cost=0.43..399.52 rows=100 width=125)
	  Index Cond: ((id >= 6239049) AND (id <= 6239149))

table 3 : explain SELECT id, c FROM sbtest3 WHERE id BETWEEN 6239049 AND 6239149
	Index Scan using sbtest3_pkey on sbtest3  (cost=0.43..418.66 rows=105 width=125)
	  Index Cond: ((id >= 6239049) AND (id <= 6239149))

table 4 : explain SELECT id, c FROM sbtest4 WHERE id BETWEEN 6239049 AND 6239149
	Index Scan using sbtest4_pkey on sbtest4  (cost=0.43..410.44 rows=103 width=125)
	  Index Cond: ((id >= 6239049) AND (id <= 6239149))

table 5 : explain SELECT id, c FROM sbtest5 WHERE id BETWEEN 6239049 AND 6239149
	Index Scan using sbtest5_pkey on sbtest5  (cost=0.43..378.80 rows=95 width=125)
	  Index Cond: ((id >= 6239049) AND (id <= 6239149))

table 6 : explain SELECT id, c FROM sbtest6 WHERE id BETWEEN 6239049 AND 6239149
	Index Scan using sbtest6_pkey on sbtest6  (cost=0.43..394.41 rows=99 width=125)
	  Index Cond: ((id >= 6239049) AND (id <= 6239149))

table 7 : explain SELECT id, c FROM sbtest7 WHERE id BETWEEN 6239049 AND 6239149
	Index Scan using sbtest7_pkey on sbtest7  (cost=0.43..389.96 rows=98 width=125)
	  Index Cond: ((id >= 6239049) AND (id <= 6239149))

table 8 : explain SELECT id, c FROM sbtest8 WHERE id BETWEEN 6239049 AND 6239149
	Index Scan using sbtest8_pkey on sbtest8  (cost=0.43..391.16 rows=98 width=125)
	  Index Cond: ((id >= 6239049) AND (id <= 6239149))

explain: for range-notcovered :: explain SELECT id, c FROM sbtest%d WHERE id BETWEEN 6239049 AND 6239149
for range-notcovered
table 1 : explain SELECT id, c FROM sbtest1 WHERE id BETWEEN 3830255 AND 3830355
	Index Scan using sbtest1_pkey on sbtest1  (cost=0.43..407.43 rows=102 width=125)
	  Index Cond: ((id >= 3830255) AND (id <= 3830355))

table 2 : explain SELECT id, c FROM sbtest2 WHERE id BETWEEN 3830255 AND 3830355
	Index Scan using sbtest2_pkey on sbtest2  (cost=0.43..411.37 rows=103 width=125)
	  Index Cond: ((id >= 3830255) AND (id <= 3830355))

table 3 : explain SELECT id, c FROM sbtest3 WHERE id BETWEEN 3830255 AND 3830355
	Index Scan using sbtest3_pkey on sbtest3  (cost=0.43..379.20 rows=95 width=125)
	  Index Cond: ((id >= 3830255) AND (id <= 3830355))

table 4 : explain SELECT id, c FROM sbtest4 WHERE id BETWEEN 3830255 AND 3830355
	Index Scan using sbtest4_pkey on sbtest4  (cost=0.43..378.90 rows=95 width=125)
	  Index Cond: ((id >= 3830255) AND (id <= 3830355))

table 5 : explain SELECT id, c FROM sbtest5 WHERE id BETWEEN 3830255 AND 3830355
	Index Scan using sbtest5_pkey on sbtest5  (cost=0.43..410.33 rows=103 width=125)
	  Index Cond: ((id >= 3830255) AND (id <= 3830355))

table 6 : explain SELECT id, c FROM sbtest6 WHERE id BETWEEN 3830255 AND 3830355
	Index Scan using sbtest6_pkey on sbtest6  (cost=0.43..366.85 rows=92 width=125)
	  Index Cond: ((id >= 3830255) AND (id <= 3830355))

table 7 : explain SELECT id, c FROM sbtest7 WHERE id BETWEEN 3830255 AND 3830355
	Index Scan using sbtest7_pkey on sbtest7  (cost=0.43..354.57 rows=89 width=125)
	  Index Cond: ((id >= 3830255) AND (id <= 3830355))

table 8 : explain SELECT id, c FROM sbtest8 WHERE id BETWEEN 3830255 AND 3830355
	Index Scan using sbtest8_pkey on sbtest8  (cost=0.43..387.22 rows=97 width=125)
	  Index Cond: ((id >= 3830255) AND (id <= 3830355))

explain: for range-notcovered :: explain SELECT id, c FROM sbtest%d WHERE id BETWEEN 3830255 AND 3830355
for range-notcovered
table 1 : explain SELECT id, c FROM sbtest1 WHERE id BETWEEN 3361697 AND 3361797
	Index Scan using sbtest1_pkey on sbtest1  (cost=0.43..407.43 rows=102 width=125)
	  Index Cond: ((id >= 3361697) AND (id <= 3361797))

table 2 : explain SELECT id, c FROM sbtest2 WHERE id BETWEEN 3361697 AND 3361797
	Index Scan using sbtest2_pkey on sbtest2  (cost=0.43..395.57 rows=99 width=125)
	  Index Cond: ((id >= 3361697) AND (id <= 3361797))

table 3 : explain SELECT id, c FROM sbtest3 WHERE id BETWEEN 3361697 AND 3361797
	Index Scan using sbtest3_pkey on sbtest3  (cost=0.43..406.82 rows=102 width=125)
	  Index Cond: ((id >= 3361697) AND (id <= 3361797))

table 4 : explain SELECT id, c FROM sbtest4 WHERE id BETWEEN 3361697 AND 3361797
	Index Scan using sbtest4_pkey on sbtest4  (cost=0.43..394.66 rows=99 width=125)
	  Index Cond: ((id >= 3361697) AND (id <= 3361797))

table 5 : explain SELECT id, c FROM sbtest5 WHERE id BETWEEN 3361697 AND 3361797
	Index Scan using sbtest5_pkey on sbtest5  (cost=0.43..422.15 rows=106 width=125)
	  Index Cond: ((id >= 3361697) AND (id <= 3361797))

table 6 : explain SELECT id, c FROM sbtest6 WHERE id BETWEEN 3361697 AND 3361797
	Index Scan using sbtest6_pkey on sbtest6  (cost=0.43..485.00 rows=122 width=125)
	  Index Cond: ((id >= 3361697) AND (id <= 3361797))

table 7 : explain SELECT id, c FROM sbtest7 WHERE id BETWEEN 3361697 AND 3361797
	Index Scan using sbtest7_pkey on sbtest7  (cost=0.43..370.30 rows=93 width=125)
	  Index Cond: ((id >= 3361697) AND (id <= 3361797))

table 8 : explain SELECT id, c FROM sbtest8 WHERE id BETWEEN 3361697 AND 3361797
	Index Scan using sbtest8_pkey on sbtest8  (cost=0.43..383.27 rows=96 width=125)
	  Index Cond: ((id >= 3361697) AND (id <= 3361797))

explain: for range-notcovered :: explain SELECT id, c FROM sbtest%d WHERE id BETWEEN 3361697 AND 3361797
for range-notcovered
table 1 : explain SELECT id, c FROM sbtest1 WHERE id BETWEEN 1830138 AND 1830238
	Index Scan using sbtest1_pkey on sbtest1  (cost=0.43..403.48 rows=101 width=125)
	  Index Cond: ((id >= 1830138) AND (id <= 1830238))

table 2 : explain SELECT id, c FROM sbtest2 WHERE id BETWEEN 1830138 AND 1830238
	Index Scan using sbtest2_pkey on sbtest2  (cost=0.43..423.22 rows=106 width=125)
	  Index Cond: ((id >= 1830138) AND (id <= 1830238))

table 3 : explain SELECT id, c FROM sbtest3 WHERE id BETWEEN 1830138 AND 1830238
	Index Scan using sbtest3_pkey on sbtest3  (cost=0.43..454.15 rows=114 width=125)
	  Index Cond: ((id >= 1830138) AND (id <= 1830238))

table 4 : explain SELECT id, c FROM sbtest4 WHERE id BETWEEN 1830138 AND 1830238
	Index Scan using sbtest4_pkey on sbtest4  (cost=0.43..394.66 rows=99 width=125)
	  Index Cond: ((id >= 1830138) AND (id <= 1830238))

table 5 : explain SELECT id, c FROM sbtest5 WHERE id BETWEEN 1830138 AND 1830238
	Index Scan using sbtest5_pkey on sbtest5  (cost=0.43..430.03 rows=108 width=125)
	  Index Cond: ((id >= 1830138) AND (id <= 1830238))

table 6 : explain SELECT id, c FROM sbtest6 WHERE id BETWEEN 1830138 AND 1830238
	Index Scan using sbtest6_pkey on sbtest6  (cost=0.43..418.06 rows=105 width=125)
	  Index Cond: ((id >= 1830138) AND (id <= 1830238))

table 7 : explain SELECT id, c FROM sbtest7 WHERE id BETWEEN 1830138 AND 1830238
	Index Scan using sbtest7_pkey on sbtest7  (cost=0.43..405.71 rows=102 width=125)
	  Index Cond: ((id >= 1830138) AND (id <= 1830238))

table 8 : explain SELECT id, c FROM sbtest8 WHERE id BETWEEN 1830138 AND 1830238
	Index Scan using sbtest8_pkey on sbtest8  (cost=0.43..391.16 rows=98 width=125)
	  Index Cond: ((id >= 1830138) AND (id <= 1830238))

for range-notcovered
table 1 : explain SELECT id, c FROM sbtest1 WHERE id BETWEEN 413911 AND 414011
	Index Scan using sbtest1_pkey on sbtest1  (cost=0.43..423.23 rows=106 width=125)
	  Index Cond: ((id >= 413911) AND (id <= 414011))

table 2 : explain SELECT id, c FROM sbtest2 WHERE id BETWEEN 413911 AND 414011
	Index Scan using sbtest2_pkey on sbtest2  (cost=0.43..371.85 rows=93 width=125)
	  Index Cond: ((id >= 413911) AND (id <= 414011))

table 3 : explain SELECT id, c FROM sbtest3 WHERE id BETWEEN 413911 AND 414011
	Index Scan using sbtest3_pkey on sbtest3  (cost=0.43..406.82 rows=102 width=125)
	  Index Cond: ((id >= 413911) AND (id <= 414011))

table 4 : explain SELECT id, c FROM sbtest4 WHERE id BETWEEN 413911 AND 414011
	Index Scan using sbtest4_pkey on sbtest4  (cost=0.43..402.56 rows=101 width=125)
	  Index Cond: ((id >= 413911) AND (id <= 414011))

table 5 : explain SELECT id, c FROM sbtest5 WHERE id BETWEEN 413911 AND 414011
	Index Scan using sbtest5_pkey on sbtest5  (cost=0.43..390.62 rows=98 width=125)
	  Index Cond: ((id >= 413911) AND (id <= 414011))

table 6 : explain SELECT id, c FROM sbtest6 WHERE id BETWEEN 413911 AND 414011
	Index Scan using sbtest6_pkey on sbtest6  (cost=0.43..366.85 rows=92 width=125)
	  Index Cond: ((id >= 413911) AND (id <= 414011))

table 7 : explain SELECT id, c FROM sbtest7 WHERE id BETWEEN 413911 AND 414011
	Index Scan using sbtest7_pkey on sbtest7  (cost=0.43..401.78 rows=101 width=125)
	  Index Cond: ((id >= 413911) AND (id <= 414011))

table 8 : explain SELECT id, c FROM sbtest8 WHERE id BETWEEN 413911 AND 414011
	Index Scan using sbtest8_pkey on sbtest8  (cost=0.43..379.33 rows=95 width=125)
	  Index Cond: ((id >= 413911) AND (id <= 414011))

explain: for range-notcovered :: explain SELECT id, c FROM sbtest%d WHERE id BETWEEN 1830138 AND 1830238
explain: for range-notcovered :: explain SELECT id, c FROM sbtest%d WHERE id BETWEEN 413911 AND 414011
for range-notcovered
table 1 : explain SELECT id, c FROM sbtest1 WHERE id BETWEEN 6239049 AND 6239149
	Index Scan using sbtest1_pkey on sbtest1  (cost=0.43..462.73 rows=116 width=125)
	  Index Cond: ((id >= 6239049) AND (id <= 6239149))

table 2 : explain SELECT id, c FROM sbtest2 WHERE id BETWEEN 6239049 AND 6239149
	Index Scan using sbtest2_pkey on sbtest2  (cost=0.43..399.52 rows=100 width=125)
	  Index Cond: ((id >= 6239049) AND (id <= 6239149))

table 3 : explain SELECT id, c FROM sbtest3 WHERE id BETWEEN 6239049 AND 6239149
	Index Scan using sbtest3_pkey on sbtest3  (cost=0.43..418.66 rows=105 width=125)
	  Index Cond: ((id >= 6239049) AND (id <= 6239149))

table 4 : explain SELECT id, c FROM sbtest4 WHERE id BETWEEN 6239049 AND 6239149
	Index Scan using sbtest4_pkey on sbtest4  (cost=0.43..410.44 rows=103 width=125)
	  Index Cond: ((id >= 6239049) AND (id <= 6239149))

table 5 : explain SELECT id, c FROM sbtest5 WHERE id BETWEEN 6239049 AND 6239149
	Index Scan using sbtest5_pkey on sbtest5  (cost=0.43..378.80 rows=95 width=125)
	  Index Cond: ((id >= 6239049) AND (id <= 6239149))

table 6 : explain SELECT id, c FROM sbtest6 WHERE id BETWEEN 6239049 AND 6239149
	Index Scan using sbtest6_pkey on sbtest6  (cost=0.43..394.41 rows=99 width=125)
	  Index Cond: ((id >= 6239049) AND (id <= 6239149))

table 7 : explain SELECT id, c FROM sbtest7 WHERE id BETWEEN 6239049 AND 6239149
	Index Scan using sbtest7_pkey on sbtest7  (cost=0.43..389.96 rows=98 width=125)
	  Index Cond: ((id >= 6239049) AND (id <= 6239149))

table 8 : explain SELECT id, c FROM sbtest8 WHERE id BETWEEN 6239049 AND 6239149
	Index Scan using sbtest8_pkey on sbtest8  (cost=0.43..391.16 rows=98 width=125)
	  Index Cond: ((id >= 6239049) AND (id <= 6239149))

explain: for range-notcovered :: explain SELECT id, c FROM sbtest%d WHERE id BETWEEN 6239049 AND 6239149
for range-notcovered
table 1 : explain SELECT id, c FROM sbtest1 WHERE id BETWEEN 6396881 AND 6396981
	Index Scan using sbtest1_pkey on sbtest1  (cost=0.43..454.83 rows=114 width=125)
	  Index Cond: ((id >= 6396881) AND (id <= 6396981))

table 2 : explain SELECT id, c FROM sbtest2 WHERE id BETWEEN 6396881 AND 6396981
	Index Scan using sbtest2_pkey on sbtest2  (cost=0.43..395.57 rows=99 width=125)
	  Index Cond: ((id >= 6396881) AND (id <= 6396981))

table 3 : explain SELECT id, c FROM sbtest3 WHERE id BETWEEN 6396881 AND 6396981
	Index Scan using sbtest3_pkey on sbtest3  (cost=0.43..391.03 rows=98 width=125)
	  Index Cond: ((id >= 6396881) AND (id <= 6396981))

table 4 : explain SELECT id, c FROM sbtest4 WHERE id BETWEEN 6396881 AND 6396981
	Index Scan using sbtest4_pkey on sbtest4  (cost=0.43..418.32 rows=105 width=125)
	  Index Cond: ((id >= 6396881) AND (id <= 6396981))

table 5 : explain SELECT id, c FROM sbtest5 WHERE id BETWEEN 6396881 AND 6396981
	Index Scan using sbtest5_pkey on sbtest5  (cost=0.43..410.33 rows=103 width=125)
	  Index Cond: ((id >= 6396881) AND (id <= 6396981))

table 6 : explain SELECT id, c FROM sbtest6 WHERE id BETWEEN 6396881 AND 6396981
	Index Scan using sbtest6_pkey on sbtest6  (cost=0.43..410.18 rows=103 width=125)
	  Index Cond: ((id >= 6396881) AND (id <= 6396981))

table 7 : explain SELECT id, c FROM sbtest7 WHERE id BETWEEN 6396881 AND 6396981
	Index Scan using sbtest7_pkey on sbtest7  (cost=0.43..452.91 rows=114 width=125)
	  Index Cond: ((id >= 6396881) AND (id <= 6396981))

table 8 : explain SELECT id, c FROM sbtest8 WHERE id BETWEEN 6396881 AND 6396981
	Index Scan using sbtest8_pkey on sbtest8  (cost=0.43..422.74 rows=106 width=125)
	  Index Cond: ((id >= 6396881) AND (id <= 6396981))

for range-notcovered
table 1 : explain SELECT id, c FROM sbtest1 WHERE id BETWEEN 3830255 AND 3830355
	Index Scan using sbtest1_pkey on sbtest1  (cost=0.43..407.43 rows=102 width=125)
	  Index Cond: ((id >= 3830255) AND (id <= 3830355))

table 2 : explain SELECT id, c FROM sbtest2 WHERE id BETWEEN 3830255 AND 3830355
	Index Scan using sbtest2_pkey on sbtest2  (cost=0.43..411.37 rows=103 width=125)
	  Index Cond: ((id >= 3830255) AND (id <= 3830355))

table 3 : explain SELECT id, c FROM sbtest3 WHERE id BETWEEN 3830255 AND 3830355
	Index Scan using sbtest3_pkey on sbtest3  (cost=0.43..379.20 rows=95 width=125)
	  Index Cond: ((id >= 3830255) AND (id <= 3830355))

table 4 : explain SELECT id, c FROM sbtest4 WHERE id BETWEEN 3830255 AND 3830355
	Index Scan using sbtest4_pkey on sbtest4  (cost=0.43..378.90 rows=95 width=125)
	  Index Cond: ((id >= 3830255) AND (id <= 3830355))

table 5 : explain SELECT id, c FROM sbtest5 WHERE id BETWEEN 3830255 AND 3830355
	Index Scan using sbtest5_pkey on sbtest5  (cost=0.43..410.33 rows=103 width=125)
	  Index Cond: ((id >= 3830255) AND (id <= 3830355))

table 6 : explain SELECT id, c FROM sbtest6 WHERE id BETWEEN 3830255 AND 3830355
	Index Scan using sbtest6_pkey on sbtest6  (cost=0.43..366.85 rows=92 width=125)
	  Index Cond: ((id >= 3830255) AND (id <= 3830355))

table 7 : explain SELECT id, c FROM sbtest7 WHERE id BETWEEN 3830255 AND 3830355
	Index Scan using sbtest7_pkey on sbtest7  (cost=0.43..354.57 rows=89 width=125)
	  Index Cond: ((id >= 3830255) AND (id <= 3830355))

table 8 : explain SELECT id, c FROM sbtest8 WHERE id BETWEEN 3830255 AND 3830355
	Index Scan using sbtest8_pkey on sbtest8  (cost=0.43..387.22 rows=97 width=125)
	  Index Cond: ((id >= 3830255) AND (id <= 3830355))

explain: for range-notcovered :: explain SELECT id, c FROM sbtest%d WHERE id BETWEEN 6396881 AND 6396981
explain: for range-notcovered :: explain SELECT id, c FROM sbtest%d WHERE id BETWEEN 3830255 AND 3830355
for range-notcovered
table 1 : explain SELECT id, c FROM sbtest1 WHERE id BETWEEN 1830138 AND 1830238
	Index Scan using sbtest1_pkey on sbtest1  (cost=0.43..403.48 rows=101 width=125)
	  Index Cond: ((id >= 1830138) AND (id <= 1830238))

table 2 : explain SELECT id, c FROM sbtest2 WHERE id BETWEEN 1830138 AND 1830238
	Index Scan using sbtest2_pkey on sbtest2  (cost=0.43..423.22 rows=106 width=125)
	  Index Cond: ((id >= 1830138) AND (id <= 1830238))

table 3 : explain SELECT id, c FROM sbtest3 WHERE id BETWEEN 1830138 AND 1830238
	Index Scan using sbtest3_pkey on sbtest3  (cost=0.43..454.15 rows=114 width=125)
	  Index Cond: ((id >= 1830138) AND (id <= 1830238))

table 4 : explain SELECT id, c FROM sbtest4 WHERE id BETWEEN 1830138 AND 1830238
	Index Scan using sbtest4_pkey on sbtest4  (cost=0.43..394.66 rows=99 width=125)
	  Index Cond: ((id >= 1830138) AND (id <= 1830238))

table 5 : explain SELECT id, c FROM sbtest5 WHERE id BETWEEN 1830138 AND 1830238
	Index Scan using sbtest5_pkey on sbtest5  (cost=0.43..430.03 rows=108 width=125)
	  Index Cond: ((id >= 1830138) AND (id <= 1830238))

table 6 : explain SELECT id, c FROM sbtest6 WHERE id BETWEEN 1830138 AND 1830238
	Index Scan using sbtest6_pkey on sbtest6  (cost=0.43..418.06 rows=105 width=125)
	  Index Cond: ((id >= 1830138) AND (id <= 1830238))

table 7 : explain SELECT id, c FROM sbtest7 WHERE id BETWEEN 1830138 AND 1830238
	Index Scan using sbtest7_pkey on sbtest7  (cost=0.43..405.71 rows=102 width=125)
	  Index Cond: ((id >= 1830138) AND (id <= 1830238))

table 8 : explain SELECT id, c FROM sbtest8 WHERE id BETWEEN 1830138 AND 1830238
	Index Scan using sbtest8_pkey on sbtest8  (cost=0.43..391.16 rows=98 width=125)
	  Index Cond: ((id >= 1830138) AND (id <= 1830238))

explain: for range-notcovered :: explain SELECT id, c FROM sbtest%d WHERE id BETWEEN 1830138 AND 1830238
for range-notcovered
table 1 : explain SELECT id, c FROM sbtest1 WHERE id BETWEEN 6239049 AND 6239149
	Index Scan using sbtest1_pkey on sbtest1  (cost=0.43..462.73 rows=116 width=125)
	  Index Cond: ((id >= 6239049) AND (id <= 6239149))

table 2 : explain SELECT id, c FROM sbtest2 WHERE id BETWEEN 6239049 AND 6239149
	Index Scan using sbtest2_pkey on sbtest2  (cost=0.43..399.52 rows=100 width=125)
	  Index Cond: ((id >= 6239049) AND (id <= 6239149))

table 3 : explain SELECT id, c FROM sbtest3 WHERE id BETWEEN 6239049 AND 6239149
	Index Scan using sbtest3_pkey on sbtest3  (cost=0.43..418.66 rows=105 width=125)
	  Index Cond: ((id >= 6239049) AND (id <= 6239149))

table 4 : explain SELECT id, c FROM sbtest4 WHERE id BETWEEN 6239049 AND 6239149
	Index Scan using sbtest4_pkey on sbtest4  (cost=0.43..410.44 rows=103 width=125)
	  Index Cond: ((id >= 6239049) AND (id <= 6239149))

table 5 : explain SELECT id, c FROM sbtest5 WHERE id BETWEEN 6239049 AND 6239149
	Index Scan using sbtest5_pkey on sbtest5  (cost=0.43..378.80 rows=95 width=125)
	  Index Cond: ((id >= 6239049) AND (id <= 6239149))

table 6 : explain SELECT id, c FROM sbtest6 WHERE id BETWEEN 6239049 AND 6239149
	Index Scan using sbtest6_pkey on sbtest6  (cost=0.43..394.41 rows=99 width=125)
	  Index Cond: ((id >= 6239049) AND (id <= 6239149))

table 7 : explain SELECT id, c FROM sbtest7 WHERE id BETWEEN 6239049 AND 6239149
	Index Scan using sbtest7_pkey on sbtest7  (cost=0.43..389.96 rows=98 width=125)
	  Index Cond: ((id >= 6239049) AND (id <= 6239149))

table 8 : explain SELECT id, c FROM sbtest8 WHERE id BETWEEN 6239049 AND 6239149
	Index Scan using sbtest8_pkey on sbtest8  (cost=0.43..391.16 rows=98 width=125)
	  Index Cond: ((id >= 6239049) AND (id <= 6239149))

explain: for range-notcovered :: explain SELECT id, c FROM sbtest%d WHERE id BETWEEN 6239049 AND 6239149
for range-notcovered
table 1 : explain SELECT id, c FROM sbtest1 WHERE id BETWEEN 3830255 AND 3830355
	Index Scan using sbtest1_pkey on sbtest1  (cost=0.43..407.43 rows=102 width=125)
	  Index Cond: ((id >= 3830255) AND (id <= 3830355))

table 2 : explain SELECT id, c FROM sbtest2 WHERE id BETWEEN 3830255 AND 3830355
	Index Scan using sbtest2_pkey on sbtest2  (cost=0.43..411.37 rows=103 width=125)
	  Index Cond: ((id >= 3830255) AND (id <= 3830355))

table 3 : explain SELECT id, c FROM sbtest3 WHERE id BETWEEN 3830255 AND 3830355
	Index Scan using sbtest3_pkey on sbtest3  (cost=0.43..379.20 rows=95 width=125)
	  Index Cond: ((id >= 3830255) AND (id <= 3830355))

table 4 : explain SELECT id, c FROM sbtest4 WHERE id BETWEEN 3830255 AND 3830355
	Index Scan using sbtest4_pkey on sbtest4  (cost=0.43..378.90 rows=95 width=125)
	  Index Cond: ((id >= 3830255) AND (id <= 3830355))

table 5 : explain SELECT id, c FROM sbtest5 WHERE id BETWEEN 3830255 AND 3830355
	Index Scan using sbtest5_pkey on sbtest5  (cost=0.43..410.33 rows=103 width=125)
	  Index Cond: ((id >= 3830255) AND (id <= 3830355))

table 6 : explain SELECT id, c FROM sbtest6 WHERE id BETWEEN 3830255 AND 3830355
	Index Scan using sbtest6_pkey on sbtest6  (cost=0.43..366.85 rows=92 width=125)
	  Index Cond: ((id >= 3830255) AND (id <= 3830355))

table 7 : explain SELECT id, c FROM sbtest7 WHERE id BETWEEN 3830255 AND 3830355
	Index Scan using sbtest7_pkey on sbtest7  (cost=0.43..354.57 rows=89 width=125)
	  Index Cond: ((id >= 3830255) AND (id <= 3830355))

table 8 : explain SELECT id, c FROM sbtest8 WHERE id BETWEEN 3830255 AND 3830355
	Index Scan using sbtest8_pkey on sbtest8  (cost=0.43..387.22 rows=97 width=125)
	  Index Cond: ((id >= 3830255) AND (id <= 3830355))

explain: for range-notcovered :: explain SELECT id, c FROM sbtest%d WHERE id BETWEEN 3830255 AND 3830355
for range-notcovered
table 1 : explain SELECT id, c FROM sbtest1 WHERE id BETWEEN 6396881 AND 6396981
	Index Scan using sbtest1_pkey on sbtest1  (cost=0.43..454.83 rows=114 width=125)
	  Index Cond: ((id >= 6396881) AND (id <= 6396981))

table 2 : explain SELECT id, c FROM sbtest2 WHERE id BETWEEN 6396881 AND 6396981
	Index Scan using sbtest2_pkey on sbtest2  (cost=0.43..395.57 rows=99 width=125)
	  Index Cond: ((id >= 6396881) AND (id <= 6396981))

table 3 : explain SELECT id, c FROM sbtest3 WHERE id BETWEEN 6396881 AND 6396981
	Index Scan using sbtest3_pkey on sbtest3  (cost=0.43..391.03 rows=98 width=125)
	  Index Cond: ((id >= 6396881) AND (id <= 6396981))

table 4 : explain SELECT id, c FROM sbtest4 WHERE id BETWEEN 6396881 AND 6396981
	Index Scan using sbtest4_pkey on sbtest4  (cost=0.43..418.32 rows=105 width=125)
	  Index Cond: ((id >= 6396881) AND (id <= 6396981))

table 5 : explain SELECT id, c FROM sbtest5 WHERE id BETWEEN 6396881 AND 6396981
	Index Scan using sbtest5_pkey on sbtest5  (cost=0.43..410.33 rows=103 width=125)
	  Index Cond: ((id >= 6396881) AND (id <= 6396981))

table 6 : explain SELECT id, c FROM sbtest6 WHERE id BETWEEN 6396881 AND 6396981
	Index Scan using sbtest6_pkey on sbtest6  (cost=0.43..410.18 rows=103 width=125)
	  Index Cond: ((id >= 6396881) AND (id <= 6396981))

table 7 : explain SELECT id, c FROM sbtest7 WHERE id BETWEEN 6396881 AND 6396981
	Index Scan using sbtest7_pkey on sbtest7  (cost=0.43..452.91 rows=114 width=125)
	  Index Cond: ((id >= 6396881) AND (id <= 6396981))

table 8 : explain SELECT id, c FROM sbtest8 WHERE id BETWEEN 6396881 AND 6396981
	Index Scan using sbtest8_pkey on sbtest8  (cost=0.43..422.74 rows=106 width=125)
	  Index Cond: ((id >= 6396881) AND (id <= 6396981))

explain: for range-notcovered :: explain SELECT id, c FROM sbtest%d WHERE id BETWEEN 6396881 AND 6396981
for range-notcovered
table 1 : explain SELECT id, c FROM sbtest1 WHERE id BETWEEN 1830138 AND 1830238
	Index Scan using sbtest1_pkey on sbtest1  (cost=0.43..403.48 rows=101 width=125)
	  Index Cond: ((id >= 1830138) AND (id <= 1830238))

table 2 : explain SELECT id, c FROM sbtest2 WHERE id BETWEEN 1830138 AND 1830238
	Index Scan using sbtest2_pkey on sbtest2  (cost=0.43..423.22 rows=106 width=125)
	  Index Cond: ((id >= 1830138) AND (id <= 1830238))

table 3 : explain SELECT id, c FROM sbtest3 WHERE id BETWEEN 1830138 AND 1830238
	Index Scan using sbtest3_pkey on sbtest3  (cost=0.43..454.15 rows=114 width=125)
	  Index Cond: ((id >= 1830138) AND (id <= 1830238))

table 4 : explain SELECT id, c FROM sbtest4 WHERE id BETWEEN 1830138 AND 1830238
	Index Scan using sbtest4_pkey on sbtest4  (cost=0.43..394.66 rows=99 width=125)
	  Index Cond: ((id >= 1830138) AND (id <= 1830238))

table 5 : explain SELECT id, c FROM sbtest5 WHERE id BETWEEN 1830138 AND 1830238
	Index Scan using sbtest5_pkey on sbtest5  (cost=0.43..430.03 rows=108 width=125)
	  Index Cond: ((id >= 1830138) AND (id <= 1830238))

table 6 : explain SELECT id, c FROM sbtest6 WHERE id BETWEEN 1830138 AND 1830238
	Index Scan using sbtest6_pkey on sbtest6  (cost=0.43..418.06 rows=105 width=125)
	  Index Cond: ((id >= 1830138) AND (id <= 1830238))

table 7 : explain SELECT id, c FROM sbtest7 WHERE id BETWEEN 1830138 AND 1830238
	Index Scan using sbtest7_pkey on sbtest7  (cost=0.43..405.71 rows=102 width=125)
	  Index Cond: ((id >= 1830138) AND (id <= 1830238))

table 8 : explain SELECT id, c FROM sbtest8 WHERE id BETWEEN 1830138 AND 1830238
	Index Scan using sbtest8_pkey on sbtest8  (cost=0.43..391.16 rows=98 width=125)
	  Index Cond: ((id >= 1830138) AND (id <= 1830238))

explain: for range-notcovered :: explain SELECT id, c FROM sbtest%d WHERE id BETWEEN 1830138 AND 1830238
for range-notcovered
table 1 : explain SELECT id, c FROM sbtest1 WHERE id BETWEEN 6239049 AND 6239149
	Index Scan using sbtest1_pkey on sbtest1  (cost=0.43..462.73 rows=116 width=125)
	  Index Cond: ((id >= 6239049) AND (id <= 6239149))

table 2 : explain SELECT id, c FROM sbtest2 WHERE id BETWEEN 6239049 AND 6239149
	Index Scan using sbtest2_pkey on sbtest2  (cost=0.43..399.52 rows=100 width=125)
	  Index Cond: ((id >= 6239049) AND (id <= 6239149))

table 3 : explain SELECT id, c FROM sbtest3 WHERE id BETWEEN 6239049 AND 6239149
	Index Scan using sbtest3_pkey on sbtest3  (cost=0.43..418.66 rows=105 width=125)
	  Index Cond: ((id >= 6239049) AND (id <= 6239149))

table 4 : explain SELECT id, c FROM sbtest4 WHERE id BETWEEN 6239049 AND 6239149
	Index Scan using sbtest4_pkey on sbtest4  (cost=0.43..410.44 rows=103 width=125)
	  Index Cond: ((id >= 6239049) AND (id <= 6239149))

table 5 : explain SELECT id, c FROM sbtest5 WHERE id BETWEEN 6239049 AND 6239149
	Index Scan using sbtest5_pkey on sbtest5  (cost=0.43..378.80 rows=95 width=125)
	  Index Cond: ((id >= 6239049) AND (id <= 6239149))

table 6 : explain SELECT id, c FROM sbtest6 WHERE id BETWEEN 6239049 AND 6239149
	Index Scan using sbtest6_pkey on sbtest6  (cost=0.43..394.41 rows=99 width=125)
	  Index Cond: ((id >= 6239049) AND (id <= 6239149))

table 7 : explain SELECT id, c FROM sbtest7 WHERE id BETWEEN 6239049 AND 6239149
	Index Scan using sbtest7_pkey on sbtest7  (cost=0.43..389.96 rows=98 width=125)
	  Index Cond: ((id >= 6239049) AND (id <= 6239149))

table 8 : explain SELECT id, c FROM sbtest8 WHERE id BETWEEN 6239049 AND 6239149
	Index Scan using sbtest8_pkey on sbtest8  (cost=0.43..391.16 rows=98 width=125)
	  Index Cond: ((id >= 6239049) AND (id <= 6239149))

explain: for range-notcovered :: explain SELECT id, c FROM sbtest%d WHERE id BETWEEN 6239049 AND 6239149
for range-notcovered
table 1 : explain SELECT id, c FROM sbtest1 WHERE id BETWEEN 413911 AND 414011
	Index Scan using sbtest1_pkey on sbtest1  (cost=0.43..423.23 rows=106 width=125)
	  Index Cond: ((id >= 413911) AND (id <= 414011))

table 2 : explain SELECT id, c FROM sbtest2 WHERE id BETWEEN 413911 AND 414011
	Index Scan using sbtest2_pkey on sbtest2  (cost=0.43..371.85 rows=93 width=125)
	  Index Cond: ((id >= 413911) AND (id <= 414011))

table 3 : explain SELECT id, c FROM sbtest3 WHERE id BETWEEN 413911 AND 414011
	Index Scan using sbtest3_pkey on sbtest3  (cost=0.43..406.82 rows=102 width=125)
	  Index Cond: ((id >= 413911) AND (id <= 414011))

table 4 : explain SELECT id, c FROM sbtest4 WHERE id BETWEEN 413911 AND 414011
	Index Scan using sbtest4_pkey on sbtest4  (cost=0.43..402.56 rows=101 width=125)
	  Index Cond: ((id >= 413911) AND (id <= 414011))

table 5 : explain SELECT id, c FROM sbtest5 WHERE id BETWEEN 413911 AND 414011
	Index Scan using sbtest5_pkey on sbtest5  (cost=0.43..390.62 rows=98 width=125)
	  Index Cond: ((id >= 413911) AND (id <= 414011))

table 6 : explain SELECT id, c FROM sbtest6 WHERE id BETWEEN 413911 AND 414011
	Index Scan using sbtest6_pkey on sbtest6  (cost=0.43..366.85 rows=92 width=125)
	  Index Cond: ((id >= 413911) AND (id <= 414011))

table 7 : explain SELECT id, c FROM sbtest7 WHERE id BETWEEN 413911 AND 414011
	Index Scan using sbtest7_pkey on sbtest7  (cost=0.43..401.78 rows=101 width=125)
	  Index Cond: ((id >= 413911) AND (id <= 414011))

table 8 : explain SELECT id, c FROM sbtest8 WHERE id BETWEEN 413911 AND 414011
	Index Scan using sbtest8_pkey on sbtest8  (cost=0.43..379.33 rows=95 width=125)
	  Index Cond: ((id >= 413911) AND (id <= 414011))

explain: for range-notcovered :: explain SELECT id, c FROM sbtest%d WHERE id BETWEEN 413911 AND 414011
for range-notcovered
table 1 : explain SELECT id, c FROM sbtest1 WHERE id BETWEEN 3361697 AND 3361797
	Index Scan using sbtest1_pkey on sbtest1  (cost=0.43..407.43 rows=102 width=125)
	  Index Cond: ((id >= 3361697) AND (id <= 3361797))

table 2 : explain SELECT id, c FROM sbtest2 WHERE id BETWEEN 3361697 AND 3361797
	Index Scan using sbtest2_pkey on sbtest2  (cost=0.43..395.57 rows=99 width=125)
	  Index Cond: ((id >= 3361697) AND (id <= 3361797))

table 3 : explain SELECT id, c FROM sbtest3 WHERE id BETWEEN 3361697 AND 3361797
	Index Scan using sbtest3_pkey on sbtest3  (cost=0.43..406.82 rows=102 width=125)
	  Index Cond: ((id >= 3361697) AND (id <= 3361797))

table 4 : explain SELECT id, c FROM sbtest4 WHERE id BETWEEN 3361697 AND 3361797
	Index Scan using sbtest4_pkey on sbtest4  (cost=0.43..394.66 rows=99 width=125)
	  Index Cond: ((id >= 3361697) AND (id <= 3361797))

table 5 : explain SELECT id, c FROM sbtest5 WHERE id BETWEEN 3361697 AND 3361797
	Index Scan using sbtest5_pkey on sbtest5  (cost=0.43..422.15 rows=106 width=125)
	  Index Cond: ((id >= 3361697) AND (id <= 3361797))

table 6 : explain SELECT id, c FROM sbtest6 WHERE id BETWEEN 3361697 AND 3361797
	Index Scan using sbtest6_pkey on sbtest6  (cost=0.43..485.00 rows=122 width=125)
	  Index Cond: ((id >= 3361697) AND (id <= 3361797))

table 7 : explain SELECT id, c FROM sbtest7 WHERE id BETWEEN 3361697 AND 3361797
	Index Scan using sbtest7_pkey on sbtest7  (cost=0.43..370.30 rows=93 width=125)
	  Index Cond: ((id >= 3361697) AND (id <= 3361797))

table 8 : explain SELECT id, c FROM sbtest8 WHERE id BETWEEN 3361697 AND 3361797
	Index Scan using sbtest8_pkey on sbtest8  (cost=0.43..383.27 rows=96 width=125)
	  Index Cond: ((id >= 3361697) AND (id <= 3361797))

explain: for range-notcovered :: explain SELECT id, c FROM sbtest%d WHERE id BETWEEN 5018209 AND 5018309
for range-notcovered
table 1 : explain SELECT id, c FROM sbtest1 WHERE id BETWEEN 3830255 AND 3830355
	Index Scan using sbtest1_pkey on sbtest1  (cost=0.43..407.43 rows=102 width=125)
	  Index Cond: ((id >= 3830255) AND (id <= 3830355))

table 2 : explain SELECT id, c FROM sbtest2 WHERE id BETWEEN 3830255 AND 3830355
	Index Scan using sbtest2_pkey on sbtest2  (cost=0.43..411.37 rows=103 width=125)
	  Index Cond: ((id >= 3830255) AND (id <= 3830355))

table 3 : explain SELECT id, c FROM sbtest3 WHERE id BETWEEN 3830255 AND 3830355
	Index Scan using sbtest3_pkey on sbtest3  (cost=0.43..379.20 rows=95 width=125)
	  Index Cond: ((id >= 3830255) AND (id <= 3830355))

table 4 : explain SELECT id, c FROM sbtest4 WHERE id BETWEEN 3830255 AND 3830355
	Index Scan using sbtest4_pkey on sbtest4  (cost=0.43..378.90 rows=95 width=125)
	  Index Cond: ((id >= 3830255) AND (id <= 3830355))

table 5 : explain SELECT id, c FROM sbtest5 WHERE id BETWEEN 3830255 AND 3830355
	Index Scan using sbtest5_pkey on sbtest5  (cost=0.43..410.33 rows=103 width=125)
	  Index Cond: ((id >= 3830255) AND (id <= 3830355))

table 6 : explain SELECT id, c FROM sbtest6 WHERE id BETWEEN 3830255 AND 3830355
	Index Scan using sbtest6_pkey on sbtest6  (cost=0.43..366.85 rows=92 width=125)
	  Index Cond: ((id >= 3830255) AND (id <= 3830355))

table 7 : explain SELECT id, c FROM sbtest7 WHERE id BETWEEN 3830255 AND 3830355
	Index Scan using sbtest7_pkey on sbtest7  (cost=0.43..354.57 rows=89 width=125)
	  Index Cond: ((id >= 3830255) AND (id <= 3830355))

table 8 : explain SELECT id, c FROM sbtest8 WHERE id BETWEEN 3830255 AND 3830355
	Index Scan using sbtest8_pkey on sbtest8  (cost=0.43..387.22 rows=97 width=125)
	  Index Cond: ((id >= 3830255) AND (id <= 3830355))

explain: for range-notcovered :: explain SELECT id, c FROM sbtest%d WHERE id BETWEEN 3361697 AND 3361797
explain: for range-notcovered :: explain SELECT id, c FROM sbtest%d WHERE id BETWEEN 3830255 AND 3830355
for range-notcovered
table 1 : explain SELECT id, c FROM sbtest1 WHERE id BETWEEN 1830138 AND 1830238
	Index Scan using sbtest1_pkey on sbtest1  (cost=0.43..403.48 rows=101 width=125)
	  Index Cond: ((id >= 1830138) AND (id <= 1830238))

table 2 : explain SELECT id, c FROM sbtest2 WHERE id BETWEEN 1830138 AND 1830238
	Index Scan using sbtest2_pkey on sbtest2  (cost=0.43..423.22 rows=106 width=125)
	  Index Cond: ((id >= 1830138) AND (id <= 1830238))

table 3 : explain SELECT id, c FROM sbtest3 WHERE id BETWEEN 1830138 AND 1830238
	Index Scan using sbtest3_pkey on sbtest3  (cost=0.43..454.15 rows=114 width=125)
	  Index Cond: ((id >= 1830138) AND (id <= 1830238))

table 4 : explain SELECT id, c FROM sbtest4 WHERE id BETWEEN 1830138 AND 1830238
	Index Scan using sbtest4_pkey on sbtest4  (cost=0.43..394.66 rows=99 width=125)
	  Index Cond: ((id >= 1830138) AND (id <= 1830238))

table 5 : explain SELECT id, c FROM sbtest5 WHERE id BETWEEN 1830138 AND 1830238
	Index Scan using sbtest5_pkey on sbtest5  (cost=0.43..430.03 rows=108 width=125)
	  Index Cond: ((id >= 1830138) AND (id <= 1830238))

table 6 : explain SELECT id, c FROM sbtest6 WHERE id BETWEEN 1830138 AND 1830238
	Index Scan using sbtest6_pkey on sbtest6  (cost=0.43..418.06 rows=105 width=125)
	  Index Cond: ((id >= 1830138) AND (id <= 1830238))

table 7 : explain SELECT id, c FROM sbtest7 WHERE id BETWEEN 1830138 AND 1830238
	Index Scan using sbtest7_pkey on sbtest7  (cost=0.43..405.71 rows=102 width=125)
	  Index Cond: ((id >= 1830138) AND (id <= 1830238))

table 8 : explain SELECT id, c FROM sbtest8 WHERE id BETWEEN 1830138 AND 1830238
	Index Scan using sbtest8_pkey on sbtest8  (cost=0.43..391.16 rows=98 width=125)
	  Index Cond: ((id >= 1830138) AND (id <= 1830238))

explain: for range-notcovered :: explain SELECT id, c FROM sbtest%d WHERE id BETWEEN 1830138 AND 1830238
for range-notcovered
table 1 : explain SELECT id, c FROM sbtest1 WHERE id BETWEEN 413911 AND 414011
	Index Scan using sbtest1_pkey on sbtest1  (cost=0.43..423.23 rows=106 width=125)
	  Index Cond: ((id >= 413911) AND (id <= 414011))

table 2 : explain SELECT id, c FROM sbtest2 WHERE id BETWEEN 413911 AND 414011
	Index Scan using sbtest2_pkey on sbtest2  (cost=0.43..371.85 rows=93 width=125)
	  Index Cond: ((id >= 413911) AND (id <= 414011))

table 3 : explain SELECT id, c FROM sbtest3 WHERE id BETWEEN 413911 AND 414011
	Index Scan using sbtest3_pkey on sbtest3  (cost=0.43..406.82 rows=102 width=125)
	  Index Cond: ((id >= 413911) AND (id <= 414011))

table 4 : explain SELECT id, c FROM sbtest4 WHERE id BETWEEN 413911 AND 414011
	Index Scan using sbtest4_pkey on sbtest4  (cost=0.43..402.56 rows=101 width=125)
	  Index Cond: ((id >= 413911) AND (id <= 414011))

table 5 : explain SELECT id, c FROM sbtest5 WHERE id BETWEEN 413911 AND 414011
	Index Scan using sbtest5_pkey on sbtest5  (cost=0.43..390.62 rows=98 width=125)
	  Index Cond: ((id >= 413911) AND (id <= 414011))

table 6 : explain SELECT id, c FROM sbtest6 WHERE id BETWEEN 413911 AND 414011
	Index Scan using sbtest6_pkey on sbtest6  (cost=0.43..366.85 rows=92 width=125)
	  Index Cond: ((id >= 413911) AND (id <= 414011))

table 7 : explain SELECT id, c FROM sbtest7 WHERE id BETWEEN 413911 AND 414011
	Index Scan using sbtest7_pkey on sbtest7  (cost=0.43..401.78 rows=101 width=125)
	  Index Cond: ((id >= 413911) AND (id <= 414011))

table 8 : explain SELECT id, c FROM sbtest8 WHERE id BETWEEN 413911 AND 414011
	Index Scan using sbtest8_pkey on sbtest8  (cost=0.43..379.33 rows=95 width=125)
	  Index Cond: ((id >= 413911) AND (id <= 414011))

for range-notcovered
table 1 : explain SELECT id, c FROM sbtest1 WHERE id BETWEEN 6396881 AND 6396981
	Index Scan using sbtest1_pkey on sbtest1  (cost=0.43..454.83 rows=114 width=125)
	  Index Cond: ((id >= 6396881) AND (id <= 6396981))

table 2 : explain SELECT id, c FROM sbtest2 WHERE id BETWEEN 6396881 AND 6396981
	Index Scan using sbtest2_pkey on sbtest2  (cost=0.43..395.57 rows=99 width=125)
	  Index Cond: ((id >= 6396881) AND (id <= 6396981))

table 3 : explain SELECT id, c FROM sbtest3 WHERE id BETWEEN 6396881 AND 6396981
	Index Scan using sbtest3_pkey on sbtest3  (cost=0.43..391.03 rows=98 width=125)
	  Index Cond: ((id >= 6396881) AND (id <= 6396981))

table 4 : explain SELECT id, c FROM sbtest4 WHERE id BETWEEN 6396881 AND 6396981
	Index Scan using sbtest4_pkey on sbtest4  (cost=0.43..418.32 rows=105 width=125)
	  Index Cond: ((id >= 6396881) AND (id <= 6396981))

table 5 : explain SELECT id, c FROM sbtest5 WHERE id BETWEEN 6396881 AND 6396981
	Index Scan using sbtest5_pkey on sbtest5  (cost=0.43..410.33 rows=103 width=125)
	  Index Cond: ((id >= 6396881) AND (id <= 6396981))

table 6 : explain SELECT id, c FROM sbtest6 WHERE id BETWEEN 6396881 AND 6396981
	Index Scan using sbtest6_pkey on sbtest6  (cost=0.43..410.18 rows=103 width=125)
	  Index Cond: ((id >= 6396881) AND (id <= 6396981))

table 7 : explain SELECT id, c FROM sbtest7 WHERE id BETWEEN 6396881 AND 6396981
	Index Scan using sbtest7_pkey on sbtest7  (cost=0.43..452.91 rows=114 width=125)
	  Index Cond: ((id >= 6396881) AND (id <= 6396981))

table 8 : explain SELECT id, c FROM sbtest8 WHERE id BETWEEN 6396881 AND 6396981
	Index Scan using sbtest8_pkey on sbtest8  (cost=0.43..422.74 rows=106 width=125)
	  Index Cond: ((id >= 6396881) AND (id <= 6396981))
explain: for range-notcovered :: explain SELECT id, c FROM sbtest%d WHERE id BETWEEN 413911 AND 414011
for range-notcovered
table 1 : explain SELECT id, c FROM sbtest1 WHERE id BETWEEN 3830255 AND 3830355
	Index Scan using sbtest1_pkey on sbtest1  (cost=0.43..407.43 rows=102 width=125)
	  Index Cond: ((id >= 3830255) AND (id <= 3830355))

table 2 : explain SELECT id, c FROM sbtest2 WHERE id BETWEEN 3830255 AND 3830355
	Index Scan using sbtest2_pkey on sbtest2  (cost=0.43..411.37 rows=103 width=125)
	  Index Cond: ((id >= 3830255) AND (id <= 3830355))

table 3 : explain SELECT id, c FROM sbtest3 WHERE id BETWEEN 3830255 AND 3830355
	Index Scan using sbtest3_pkey on sbtest3  (cost=0.43..379.20 rows=95 width=125)
	  Index Cond: ((id >= 3830255) AND (id <= 3830355))

table 4 : explain SELECT id, c FROM sbtest4 WHERE id BETWEEN 3830255 AND 3830355
	Index Scan using sbtest4_pkey on sbtest4  (cost=0.43..378.90 rows=95 width=125)
	  Index Cond: ((id >= 3830255) AND (id <= 3830355))

table 5 : explain SELECT id, c FROM sbtest5 WHERE id BETWEEN 3830255 AND 3830355
	Index Scan using sbtest5_pkey on sbtest5  (cost=0.43..410.33 rows=103 width=125)
	  Index Cond: ((id >= 3830255) AND (id <= 3830355))

table 6 : explain SELECT id, c FROM sbtest6 WHERE id BETWEEN 3830255 AND 3830355
	Index Scan using sbtest6_pkey on sbtest6  (cost=0.43..366.85 rows=92 width=125)
	  Index Cond: ((id >= 3830255) AND (id <= 3830355))

table 7 : explain SELECT id, c FROM sbtest7 WHERE id BETWEEN 3830255 AND 3830355
	Index Scan using sbtest7_pkey on sbtest7  (cost=0.43..354.57 rows=89 width=125)
	  Index Cond: ((id >= 3830255) AND (id <= 3830355))

table 8 : explain SELECT id, c FROM sbtest8 WHERE id BETWEEN 3830255 AND 3830355
	Index Scan using sbtest8_pkey on sbtest8  (cost=0.43..387.22 rows=97 width=125)
	  Index Cond: ((id >= 3830255) AND (id <= 3830355))


for range-notcovered
table 1 : explain SELECT id, c FROM sbtest1 WHERE id BETWEEN 3361697 AND 3361797
	Index Scan using sbtest1_pkey on sbtest1  (cost=0.43..407.43 rows=102 width=125)
	  Index Cond: ((id >= 3361697) AND (id <= 3361797))

table 2 : explain SELECT id, c FROM sbtest2 WHERE id BETWEEN 3361697 AND 3361797
	Index Scan using sbtest2_pkey on sbtest2  (cost=0.43..395.57 rows=99 width=125)
	  Index Cond: ((id >= 3361697) AND (id <= 3361797))

table 3 : explain SELECT id, c FROM sbtest3 WHERE id BETWEEN 3361697 AND 3361797
	Index Scan using sbtest3_pkey on sbtest3  (cost=0.43..406.82 rows=102 width=125)
	  Index Cond: ((id >= 3361697) AND (id <= 3361797))

table 4 : explain SELECT id, c FROM sbtest4 WHERE id BETWEEN 3361697 AND 3361797
	Index Scan using sbtest4_pkey on sbtest4  (cost=0.43..394.66 rows=99 width=125)
	  Index Cond: ((id >= 3361697) AND (id <= 3361797))

table 5 : explain SELECT id, c FROM sbtest5 WHERE id BETWEEN 3361697 AND 3361797
	Index Scan using sbtest5_pkey on sbtest5  (cost=0.43..422.15 rows=106 width=125)
	  Index Cond: ((id >= 3361697) AND (id <= 3361797))

table 6 : explain SELECT id, c FROM sbtest6 WHERE id BETWEEN 3361697 AND 3361797
	Index Scan using sbtest6_pkey on sbtest6  (cost=0.43..485.00 rows=122 width=125)
	  Index Cond: ((id >= 3361697) AND (id <= 3361797))

table 7 : explain SELECT id, c FROM sbtest7 WHERE id BETWEEN 3361697 AND 3361797
	Index Scan using sbtest7_pkey on sbtest7  (cost=0.43..370.30 rows=93 width=125)
	  Index Cond: ((id >= 3361697) AND (id <= 3361797))

table 8 : explain SELECT id, c FROM sbtest8 WHERE id BETWEEN 3361697 AND 3361797
	Index Scan using sbtest8_pkey on sbtest8  (cost=0.43..383.27 rows=96 width=125)
	  Index Cond: ((id >= 3361697) AND (id <= 3361797))

explain: for range-notcovered :: explain SELECT id, c FROM sbtest%d WHERE id BETWEEN 3830255 AND 3830355
explain: for range-notcovered :: explain SELECT id, c FROM sbtest%d WHERE id BETWEEN 6396881 AND 6396981
explain: for range-notcovered :: explain SELECT id, c FROM sbtest%d WHERE id BETWEEN 3361697 AND 3361797
for range-notcovered
table 1 : explain SELECT id, c FROM sbtest1 WHERE id BETWEEN 4551403 AND 4551503
	Index Scan using sbtest1_pkey on sbtest1  (cost=0.43..403.48 rows=101 width=125)
	  Index Cond: ((id >= 4551403) AND (id <= 4551503))

table 2 : explain SELECT id, c FROM sbtest2 WHERE id BETWEEN 4551403 AND 4551503
	Index Scan using sbtest2_pkey on sbtest2  (cost=0.43..363.95 rows=91 width=125)
	  Index Cond: ((id >= 4551403) AND (id <= 4551503))

table 3 : explain SELECT id, c FROM sbtest3 WHERE id BETWEEN 4551403 AND 4551503
	Index Scan using sbtest3_pkey on sbtest3  (cost=0.43..418.66 rows=105 width=125)
	  Index Cond: ((id >= 4551403) AND (id <= 4551503))

table 4 : explain SELECT id, c FROM sbtest4 WHERE id BETWEEN 4551403 AND 4551503
	Index Scan using sbtest4_pkey on sbtest4  (cost=0.43..390.72 rows=98 width=125)
	  Index Cond: ((id >= 4551403) AND (id <= 4551503))

table 5 : explain SELECT id, c FROM sbtest5 WHERE id BETWEEN 4551403 AND 4551503
	Index Scan using sbtest5_pkey on sbtest5  (cost=0.43..418.21 rows=105 width=125)
	  Index Cond: ((id >= 4551403) AND (id <= 4551503))

table 6 : explain SELECT id, c FROM sbtest6 WHERE id BETWEEN 4551403 AND 4551503
	Index Scan using sbtest6_pkey on sbtest6  (cost=0.43..414.12 rows=104 width=125)
	  Index Cond: ((id >= 4551403) AND (id <= 4551503))

table 7 : explain SELECT id, c FROM sbtest7 WHERE id BETWEEN 4551403 AND 4551503
	Index Scan using sbtest7_pkey on sbtest7  (cost=0.43..378.16 rows=95 width=125)
	  Index Cond: ((id >= 4551403) AND (id <= 4551503))

table 8 : explain SELECT id, c FROM sbtest8 WHERE id BETWEEN 4551403 AND 4551503
	Index Scan using sbtest8_pkey on sbtest8  (cost=0.43..391.16 rows=98 width=125)
	  Index Cond: ((id >= 4551403) AND (id <= 4551503))

for range-notcovered
table 1 : explain SELECT id, c FROM sbtest1 WHERE id BETWEEN 1830138 AND 1830238
	Index Scan using sbtest1_pkey on sbtest1  (cost=0.43..403.48 rows=101 width=125)
	  Index Cond: ((id >= 1830138) AND (id <= 1830238))

table 2 : explain SELECT id, c FROM sbtest2 WHERE id BETWEEN 1830138 AND 1830238
	Index Scan using sbtest2_pkey on sbtest2  (cost=0.43..423.22 rows=106 width=125)
	  Index Cond: ((id >= 1830138) AND (id <= 1830238))

table 3 : explain SELECT id, c FROM sbtest3 WHERE id BETWEEN 1830138 AND 1830238
	Index Scan using sbtest3_pkey on sbtest3  (cost=0.43..454.15 rows=114 width=125)
	  Index Cond: ((id >= 1830138) AND (id <= 1830238))

table 4 : explain SELECT id, c FROM sbtest4 WHERE id BETWEEN 1830138 AND 1830238
	Index Scan using sbtest4_pkey on sbtest4  (cost=0.43..394.66 rows=99 width=125)
	  Index Cond: ((id >= 1830138) AND (id <= 1830238))

table 5 : explain SELECT id, c FROM sbtest5 WHERE id BETWEEN 1830138 AND 1830238
	Index Scan using sbtest5_pkey on sbtest5  (cost=0.43..430.03 rows=108 width=125)
	  Index Cond: ((id >= 1830138) AND (id <= 1830238))

table 6 : explain SELECT id, c FROM sbtest6 WHERE id BETWEEN 1830138 AND 1830238
	Index Scan using sbtest6_pkey on sbtest6  (cost=0.43..418.06 rows=105 width=125)
	  Index Cond: ((id >= 1830138) AND (id <= 1830238))

table 7 : explain SELECT id, c FROM sbtest7 WHERE id BETWEEN 1830138 AND 1830238
	Index Scan using sbtest7_pkey on sbtest7  (cost=0.43..405.71 rows=102 width=125)
	  Index Cond: ((id >= 1830138) AND (id <= 1830238))

table 8 : explain SELECT id, c FROM sbtest8 WHERE id BETWEEN 1830138 AND 1830238
	Index Scan using sbtest8_pkey on sbtest8  (cost=0.43..391.16 rows=98 width=125)
	  Index Cond: ((id >= 1830138) AND (id <= 1830238))

explain: for range-notcovered :: explain SELECT id, c FROM sbtest%d WHERE id BETWEEN 1830138 AND 1830238
for range-notcovered
table 1 : explain SELECT id, c FROM sbtest1 WHERE id BETWEEN 413911 AND 414011
	Index Scan using sbtest1_pkey on sbtest1  (cost=0.43..423.23 rows=106 width=125)
	  Index Cond: ((id >= 413911) AND (id <= 414011))

table 2 : explain SELECT id, c FROM sbtest2 WHERE id BETWEEN 413911 AND 414011
	Index Scan using sbtest2_pkey on sbtest2  (cost=0.43..371.85 rows=93 width=125)
	  Index Cond: ((id >= 413911) AND (id <= 414011))

table 3 : explain SELECT id, c FROM sbtest3 WHERE id BETWEEN 413911 AND 414011
	Index Scan using sbtest3_pkey on sbtest3  (cost=0.43..406.82 rows=102 width=125)
	  Index Cond: ((id >= 413911) AND (id <= 414011))

table 4 : explain SELECT id, c FROM sbtest4 WHERE id BETWEEN 413911 AND 414011
	Index Scan using sbtest4_pkey on sbtest4  (cost=0.43..402.56 rows=101 width=125)
	  Index Cond: ((id >= 413911) AND (id <= 414011))

table 5 : explain SELECT id, c FROM sbtest5 WHERE id BETWEEN 413911 AND 414011
	Index Scan using sbtest5_pkey on sbtest5  (cost=0.43..390.62 rows=98 width=125)
	  Index Cond: ((id >= 413911) AND (id <= 414011))

table 6 : explain SELECT id, c FROM sbtest6 WHERE id BETWEEN 413911 AND 414011
	Index Scan using sbtest6_pkey on sbtest6  (cost=0.43..366.85 rows=92 width=125)
	  Index Cond: ((id >= 413911) AND (id <= 414011))

table 7 : explain SELECT id, c FROM sbtest7 WHERE id BETWEEN 413911 AND 414011
	Index Scan using sbtest7_pkey on sbtest7  (cost=0.43..401.78 rows=101 width=125)
	  Index Cond: ((id >= 413911) AND (id <= 414011))

table 8 : explain SELECT id, c FROM sbtest8 WHERE id BETWEEN 413911 AND 414011
	Index Scan using sbtest8_pkey on sbtest8  (cost=0.43..379.33 rows=95 width=125)
	  Index Cond: ((id >= 413911) AND (id <= 414011))

explain: for range-notcovered :: explain SELECT id, c FROM sbtest%d WHERE id BETWEEN 413911 AND 414011
for range-notcovered
table 1 : explain SELECT id, c FROM sbtest1 WHERE id BETWEEN 3830255 AND 3830355
	Index Scan using sbtest1_pkey on sbtest1  (cost=0.43..407.43 rows=102 width=125)
	  Index Cond: ((id >= 3830255) AND (id <= 3830355))

table 2 : explain SELECT id, c FROM sbtest2 WHERE id BETWEEN 3830255 AND 3830355
	Index Scan using sbtest2_pkey on sbtest2  (cost=0.43..411.37 rows=103 width=125)
	  Index Cond: ((id >= 3830255) AND (id <= 3830355))

table 3 : explain SELECT id, c FROM sbtest3 WHERE id BETWEEN 3830255 AND 3830355
	Index Scan using sbtest3_pkey on sbtest3  (cost=0.43..379.20 rows=95 width=125)
	  Index Cond: ((id >= 3830255) AND (id <= 3830355))

table 4 : explain SELECT id, c FROM sbtest4 WHERE id BETWEEN 3830255 AND 3830355
	Index Scan using sbtest4_pkey on sbtest4  (cost=0.43..378.90 rows=95 width=125)
	  Index Cond: ((id >= 3830255) AND (id <= 3830355))

table 5 : explain SELECT id, c FROM sbtest5 WHERE id BETWEEN 3830255 AND 3830355
	Index Scan using sbtest5_pkey on sbtest5  (cost=0.43..410.33 rows=103 width=125)
	  Index Cond: ((id >= 3830255) AND (id <= 3830355))

table 6 : explain SELECT id, c FROM sbtest6 WHERE id BETWEEN 3830255 AND 3830355
	Index Scan using sbtest6_pkey on sbtest6  (cost=0.43..366.85 rows=92 width=125)
	  Index Cond: ((id >= 3830255) AND (id <= 3830355))

table 7 : explain SELECT id, c FROM sbtest7 WHERE id BETWEEN 3830255 AND 3830355
	Index Scan using sbtest7_pkey on sbtest7  (cost=0.43..354.57 rows=89 width=125)
	  Index Cond: ((id >= 3830255) AND (id <= 3830355))

table 8 : explain SELECT id, c FROM sbtest8 WHERE id BETWEEN 3830255 AND 3830355
	Index Scan using sbtest8_pkey on sbtest8  (cost=0.43..387.22 rows=97 width=125)
	  Index Cond: ((id >= 3830255) AND (id <= 3830355))

for range-notcovered
table 1 : explain SELECT id, c FROM sbtest1 WHERE id BETWEEN 3361697 AND 3361797
	Index Scan using sbtest1_pkey on sbtest1  (cost=0.43..407.43 rows=102 width=125)
	  Index Cond: ((id >= 3361697) AND (id <= 3361797))

table 2 : explain SELECT id, c FROM sbtest2 WHERE id BETWEEN 3361697 AND 3361797
	Index Scan using sbtest2_pkey on sbtest2  (cost=0.43..395.57 rows=99 width=125)
	  Index Cond: ((id >= 3361697) AND (id <= 3361797))

table 3 : explain SELECT id, c FROM sbtest3 WHERE id BETWEEN 3361697 AND 3361797
	Index Scan using sbtest3_pkey on sbtest3  (cost=0.43..406.82 rows=102 width=125)
	  Index Cond: ((id >= 3361697) AND (id <= 3361797))

table 4 : explain SELECT id, c FROM sbtest4 WHERE id BETWEEN 3361697 AND 3361797
	Index Scan using sbtest4_pkey on sbtest4  (cost=0.43..394.66 rows=99 width=125)
	  Index Cond: ((id >= 3361697) AND (id <= 3361797))

table 5 : explain SELECT id, c FROM sbtest5 WHERE id BETWEEN 3361697 AND 3361797
	Index Scan using sbtest5_pkey on sbtest5  (cost=0.43..422.15 rows=106 width=125)
	  Index Cond: ((id >= 3361697) AND (id <= 3361797))

table 6 : explain SELECT id, c FROM sbtest6 WHERE id BETWEEN 3361697 AND 3361797
	Index Scan using sbtest6_pkey on sbtest6  (cost=0.43..485.00 rows=122 width=125)
	  Index Cond: ((id >= 3361697) AND (id <= 3361797))

table 7 : explain SELECT id, c FROM sbtest7 WHERE id BETWEEN 3361697 AND 3361797
	Index Scan using sbtest7_pkey on sbtest7  (cost=0.43..370.30 rows=93 width=125)
	  Index Cond: ((id >= 3361697) AND (id <= 3361797))

table 8 : explain SELECT id, c FROM sbtest8 WHERE id BETWEEN 3361697 AND 3361797
	Index Scan using sbtest8_pkey on sbtest8  (cost=0.43..383.27 rows=96 width=125)
	  Index Cond: ((id >= 3361697) AND (id <= 3361797))

explain: for range-notcovered :: explain SELECT id, c FROM sbtest%d WHERE id BETWEEN 3830255 AND 3830355
explain: for range-notcovered :: explain SELECT id, c FROM sbtest%d WHERE id BETWEEN 3361697 AND 3361797
for range-notcovered
table 1 : explain SELECT id, c FROM sbtest1 WHERE id BETWEEN 6396881 AND 6396981
	Index Scan using sbtest1_pkey on sbtest1  (cost=0.43..454.83 rows=114 width=125)
	  Index Cond: ((id >= 6396881) AND (id <= 6396981))

table 2 : explain SELECT id, c FROM sbtest2 WHERE id BETWEEN 6396881 AND 6396981
	Index Scan using sbtest2_pkey on sbtest2  (cost=0.43..395.57 rows=99 width=125)
	  Index Cond: ((id >= 6396881) AND (id <= 6396981))

table 3 : explain SELECT id, c FROM sbtest3 WHERE id BETWEEN 6396881 AND 6396981
	Index Scan using sbtest3_pkey on sbtest3  (cost=0.43..391.03 rows=98 width=125)
	  Index Cond: ((id >= 6396881) AND (id <= 6396981))

table 4 : explain SELECT id, c FROM sbtest4 WHERE id BETWEEN 6396881 AND 6396981
	Index Scan using sbtest4_pkey on sbtest4  (cost=0.43..418.32 rows=105 width=125)
	  Index Cond: ((id >= 6396881) AND (id <= 6396981))

table 5 : explain SELECT id, c FROM sbtest5 WHERE id BETWEEN 6396881 AND 6396981
	Index Scan using sbtest5_pkey on sbtest5  (cost=0.43..410.33 rows=103 width=125)
	  Index Cond: ((id >= 6396881) AND (id <= 6396981))

table 6 : explain SELECT id, c FROM sbtest6 WHERE id BETWEEN 6396881 AND 6396981
	Index Scan using sbtest6_pkey on sbtest6  (cost=0.43..410.18 rows=103 width=125)
	  Index Cond: ((id >= 6396881) AND (id <= 6396981))

table 7 : explain SELECT id, c FROM sbtest7 WHERE id BETWEEN 6396881 AND 6396981
	Index Scan using sbtest7_pkey on sbtest7  (cost=0.43..452.91 rows=114 width=125)
	  Index Cond: ((id >= 6396881) AND (id <= 6396981))

table 8 : explain SELECT id, c FROM sbtest8 WHERE id BETWEEN 6396881 AND 6396981
	Index Scan using sbtest8_pkey on sbtest8  (cost=0.43..422.74 rows=106 width=125)
	  Index Cond: ((id >= 6396881) AND (id <= 6396981))

explain: for range-notcovered :: explain SELECT id, c FROM sbtest%d WHERE id BETWEEN 6396881 AND 6396981
for range-notcovered
table 1 : explain SELECT id, c FROM sbtest1 WHERE id BETWEEN 413911 AND 414011
	Index Scan using sbtest1_pkey on sbtest1  (cost=0.43..423.23 rows=106 width=125)
	  Index Cond: ((id >= 413911) AND (id <= 414011))

table 2 : explain SELECT id, c FROM sbtest2 WHERE id BETWEEN 413911 AND 414011
	Index Scan using sbtest2_pkey on sbtest2  (cost=0.43..371.85 rows=93 width=125)
	  Index Cond: ((id >= 413911) AND (id <= 414011))

table 3 : explain SELECT id, c FROM sbtest3 WHERE id BETWEEN 413911 AND 414011
	Index Scan using sbtest3_pkey on sbtest3  (cost=0.43..406.82 rows=102 width=125)
	  Index Cond: ((id >= 413911) AND (id <= 414011))

table 4 : explain SELECT id, c FROM sbtest4 WHERE id BETWEEN 413911 AND 414011
	Index Scan using sbtest4_pkey on sbtest4  (cost=0.43..402.56 rows=101 width=125)
	  Index Cond: ((id >= 413911) AND (id <= 414011))

table 5 : explain SELECT id, c FROM sbtest5 WHERE id BETWEEN 413911 AND 414011
	Index Scan using sbtest5_pkey on sbtest5  (cost=0.43..390.62 rows=98 width=125)
	  Index Cond: ((id >= 413911) AND (id <= 414011))

table 6 : explain SELECT id, c FROM sbtest6 WHERE id BETWEEN 413911 AND 414011
	Index Scan using sbtest6_pkey on sbtest6  (cost=0.43..366.85 rows=92 width=125)
	  Index Cond: ((id >= 413911) AND (id <= 414011))

table 7 : explain SELECT id, c FROM sbtest7 WHERE id BETWEEN 413911 AND 414011
	Index Scan using sbtest7_pkey on sbtest7  (cost=0.43..401.78 rows=101 width=125)
	  Index Cond: ((id >= 413911) AND (id <= 414011))

table 8 : explain SELECT id, c FROM sbtest8 WHERE id BETWEEN 413911 AND 414011
	Index Scan using sbtest8_pkey on sbtest8  (cost=0.43..379.33 rows=95 width=125)
	  Index Cond: ((id >= 413911) AND (id <= 414011))

for range-notcovered
table 1 : explain SELECT id, c FROM sbtest1 WHERE id BETWEEN 3830255 AND 3830355
	Index Scan using sbtest1_pkey on sbtest1  (cost=0.43..407.43 rows=102 width=125)
	  Index Cond: ((id >= 3830255) AND (id <= 3830355))

table 2 : explain SELECT id, c FROM sbtest2 WHERE id BETWEEN 3830255 AND 3830355
	Index Scan using sbtest2_pkey on sbtest2  (cost=0.43..411.37 rows=103 width=125)
	  Index Cond: ((id >= 3830255) AND (id <= 3830355))

table 3 : explain SELECT id, c FROM sbtest3 WHERE id BETWEEN 3830255 AND 3830355
	Index Scan using sbtest3_pkey on sbtest3  (cost=0.43..379.20 rows=95 width=125)
	  Index Cond: ((id >= 3830255) AND (id <= 3830355))

table 4 : explain SELECT id, c FROM sbtest4 WHERE id BETWEEN 3830255 AND 3830355
	Index Scan using sbtest4_pkey on sbtest4  (cost=0.43..378.90 rows=95 width=125)
	  Index Cond: ((id >= 3830255) AND (id <= 3830355))

table 5 : explain SELECT id, c FROM sbtest5 WHERE id BETWEEN 3830255 AND 3830355
	Index Scan using sbtest5_pkey on sbtest5  (cost=0.43..410.33 rows=103 width=125)
	  Index Cond: ((id >= 3830255) AND (id <= 3830355))

table 6 : explain SELECT id, c FROM sbtest6 WHERE id BETWEEN 3830255 AND 3830355
	Index Scan using sbtest6_pkey on sbtest6  (cost=0.43..366.85 rows=92 width=125)
	  Index Cond: ((id >= 3830255) AND (id <= 3830355))

table 7 : explain SELECT id, c FROM sbtest7 WHERE id BETWEEN 3830255 AND 3830355
	Index Scan using sbtest7_pkey on sbtest7  (cost=0.43..354.57 rows=89 width=125)
	  Index Cond: ((id >= 3830255) AND (id <= 3830355))

table 8 : explain SELECT id, c FROM sbtest8 WHERE id BETWEEN 3830255 AND 3830355
	Index Scan using sbtest8_pkey on sbtest8  (cost=0.43..387.22 rows=97 width=125)
	  Index Cond: ((id >= 3830255) AND (id <= 3830355))

explain: for range-notcovered :: explain SELECT id, c FROM sbtest%d WHERE id BETWEEN 3830255 AND 3830355
for range-notcovered
table 1 : explain SELECT id, c FROM sbtest1 WHERE id BETWEEN 3361697 AND 3361797
	Index Scan using sbtest1_pkey on sbtest1  (cost=0.43..407.43 rows=102 width=125)
	  Index Cond: ((id >= 3361697) AND (id <= 3361797))

table 2 : explain SELECT id, c FROM sbtest2 WHERE id BETWEEN 3361697 AND 3361797
	Index Scan using sbtest2_pkey on sbtest2  (cost=0.43..395.57 rows=99 width=125)
	  Index Cond: ((id >= 3361697) AND (id <= 3361797))

table 3 : explain SELECT id, c FROM sbtest3 WHERE id BETWEEN 3361697 AND 3361797
	Index Scan using sbtest3_pkey on sbtest3  (cost=0.43..406.82 rows=102 width=125)
	  Index Cond: ((id >= 3361697) AND (id <= 3361797))

table 4 : explain SELECT id, c FROM sbtest4 WHERE id BETWEEN 3361697 AND 3361797
	Index Scan using sbtest4_pkey on sbtest4  (cost=0.43..394.66 rows=99 width=125)
	  Index Cond: ((id >= 3361697) AND (id <= 3361797))

table 5 : explain SELECT id, c FROM sbtest5 WHERE id BETWEEN 3361697 AND 3361797
	Index Scan using sbtest5_pkey on sbtest5  (cost=0.43..422.15 rows=106 width=125)
	  Index Cond: ((id >= 3361697) AND (id <= 3361797))

table 6 : explain SELECT id, c FROM sbtest6 WHERE id BETWEEN 3361697 AND 3361797
	Index Scan using sbtest6_pkey on sbtest6  (cost=0.43..485.00 rows=122 width=125)
	  Index Cond: ((id >= 3361697) AND (id <= 3361797))

table 7 : explain SELECT id, c FROM sbtest7 WHERE id BETWEEN 3361697 AND 3361797
	Index Scan using sbtest7_pkey on sbtest7  (cost=0.43..370.30 rows=93 width=125)
	  Index Cond: ((id >= 3361697) AND (id <= 3361797))

table 8 : explain SELECT id, c FROM sbtest8 WHERE id BETWEEN 3361697 AND 3361797
	Index Scan using sbtest8_pkey on sbtest8  (cost=0.43..383.27 rows=96 width=125)
	  Index Cond: ((id >= 3361697) AND (id <= 3361797))

for range-notcovered
table 1 : explain SELECT id, c FROM sbtest1 WHERE id BETWEEN 1830138 AND 1830238
	Index Scan using sbtest1_pkey on sbtest1  (cost=0.43..403.48 rows=101 width=125)
	  Index Cond: ((id >= 1830138) AND (id <= 1830238))

table 2 : explain SELECT id, c FROM sbtest2 WHERE id BETWEEN 1830138 AND 1830238
	Index Scan using sbtest2_pkey on sbtest2  (cost=0.43..423.22 rows=106 width=125)
	  Index Cond: ((id >= 1830138) AND (id <= 1830238))

table 3 : explain SELECT id, c FROM sbtest3 WHERE id BETWEEN 1830138 AND 1830238
	Index Scan using sbtest3_pkey on sbtest3  (cost=0.43..454.15 rows=114 width=125)
	  Index Cond: ((id >= 1830138) AND (id <= 1830238))

table 4 : explain SELECT id, c FROM sbtest4 WHERE id BETWEEN 1830138 AND 1830238
	Index Scan using sbtest4_pkey on sbtest4  (cost=0.43..394.66 rows=99 width=125)
	  Index Cond: ((id >= 1830138) AND (id <= 1830238))

table 5 : explain SELECT id, c FROM sbtest5 WHERE id BETWEEN 1830138 AND 1830238
	Index Scan using sbtest5_pkey on sbtest5  (cost=0.43..430.03 rows=108 width=125)
	  Index Cond: ((id >= 1830138) AND (id <= 1830238))

table 6 : explain SELECT id, c FROM sbtest6 WHERE id BETWEEN 1830138 AND 1830238
	Index Scan using sbtest6_pkey on sbtest6  (cost=0.43..418.06 rows=105 width=125)
	  Index Cond: ((id >= 1830138) AND (id <= 1830238))

table 7 : explain SELECT id, c FROM sbtest7 WHERE id BETWEEN 1830138 AND 1830238
	Index Scan using sbtest7_pkey on sbtest7  (cost=0.43..405.71 rows=102 width=125)
	  Index Cond: ((id >= 1830138) AND (id <= 1830238))

table 8 : explain SELECT id, c FROM sbtest8 WHERE id BETWEEN 1830138 AND 1830238
	Index Scan using sbtest8_pkey on sbtest8  (cost=0.43..391.16 rows=98 width=125)
	  Index Cond: ((id >= 1830138) AND (id <= 1830238))

for range-notcovered
table 1 : explain SELECT id, c FROM sbtest1 WHERE id BETWEEN 6396881 AND 6396981
	Index Scan using sbtest1_pkey on sbtest1  (cost=0.43..454.83 rows=114 width=125)
	  Index Cond: ((id >= 6396881) AND (id <= 6396981))

table 2 : explain SELECT id, c FROM sbtest2 WHERE id BETWEEN 6396881 AND 6396981
	Index Scan using sbtest2_pkey on sbtest2  (cost=0.43..395.57 rows=99 width=125)
	  Index Cond: ((id >= 6396881) AND (id <= 6396981))

table 3 : explain SELECT id, c FROM sbtest3 WHERE id BETWEEN 6396881 AND 6396981
	Index Scan using sbtest3_pkey on sbtest3  (cost=0.43..391.03 rows=98 width=125)
	  Index Cond: ((id >= 6396881) AND (id <= 6396981))

table 4 : explain SELECT id, c FROM sbtest4 WHERE id BETWEEN 6396881 AND 6396981
	Index Scan using sbtest4_pkey on sbtest4  (cost=0.43..418.32 rows=105 width=125)
	  Index Cond: ((id >= 6396881) AND (id <= 6396981))

table 5 : explain SELECT id, c FROM sbtest5 WHERE id BETWEEN 6396881 AND 6396981
	Index Scan using sbtest5_pkey on sbtest5  (cost=0.43..410.33 rows=103 width=125)
	  Index Cond: ((id >= 6396881) AND (id <= 6396981))

table 6 : explain SELECT id, c FROM sbtest6 WHERE id BETWEEN 6396881 AND 6396981
	Index Scan using sbtest6_pkey on sbtest6  (cost=0.43..410.18 rows=103 width=125)
	  Index Cond: ((id >= 6396881) AND (id <= 6396981))

table 7 : explain SELECT id, c FROM sbtest7 WHERE id BETWEEN 6396881 AND 6396981
	Index Scan using sbtest7_pkey on sbtest7  (cost=0.43..452.91 rows=114 width=125)
	  Index Cond: ((id >= 6396881) AND (id <= 6396981))

table 8 : explain SELECT id, c FROM sbtest8 WHERE id BETWEEN 6396881 AND 6396981
	Index Scan using sbtest8_pkey on sbtest8  (cost=0.43..422.74 rows=106 width=125)
	  Index Cond: ((id >= 6396881) AND (id <= 6396981))

explain: for range-notcovered :: explain SELECT id, c FROM sbtest%d WHERE id BETWEEN 6396881 AND 6396981
for range-notcovered
table 1 : explain SELECT id, c FROM sbtest1 WHERE id BETWEEN 6239049 AND 6239149
	Index Scan using sbtest1_pkey on sbtest1  (cost=0.43..462.73 rows=116 width=125)
	  Index Cond: ((id >= 6239049) AND (id <= 6239149))

table 2 : explain SELECT id, c FROM sbtest2 WHERE id BETWEEN 6239049 AND 6239149
	Index Scan using sbtest2_pkey on sbtest2  (cost=0.43..399.52 rows=100 width=125)
	  Index Cond: ((id >= 6239049) AND (id <= 6239149))

table 3 : explain SELECT id, c FROM sbtest3 WHERE id BETWEEN 6239049 AND 6239149
	Index Scan using sbtest3_pkey on sbtest3  (cost=0.43..418.66 rows=105 width=125)
	  Index Cond: ((id >= 6239049) AND (id <= 6239149))

table 4 : explain SELECT id, c FROM sbtest4 WHERE id BETWEEN 6239049 AND 6239149
	Index Scan using sbtest4_pkey on sbtest4  (cost=0.43..410.44 rows=103 width=125)
	  Index Cond: ((id >= 6239049) AND (id <= 6239149))

table 5 : explain SELECT id, c FROM sbtest5 WHERE id BETWEEN 6239049 AND 6239149
	Index Scan using sbtest5_pkey on sbtest5  (cost=0.43..378.80 rows=95 width=125)
	  Index Cond: ((id >= 6239049) AND (id <= 6239149))

table 6 : explain SELECT id, c FROM sbtest6 WHERE id BETWEEN 6239049 AND 6239149
	Index Scan using sbtest6_pkey on sbtest6  (cost=0.43..394.41 rows=99 width=125)
	  Index Cond: ((id >= 6239049) AND (id <= 6239149))

table 7 : explain SELECT id, c FROM sbtest7 WHERE id BETWEEN 6239049 AND 6239149
	Index Scan using sbtest7_pkey on sbtest7  (cost=0.43..389.96 rows=98 width=125)
	  Index Cond: ((id >= 6239049) AND (id <= 6239149))

table 8 : explain SELECT id, c FROM sbtest8 WHERE id BETWEEN 6239049 AND 6239149
	Index Scan using sbtest8_pkey on sbtest8  (cost=0.43..391.16 rows=98 width=125)
	  Index Cond: ((id >= 6239049) AND (id <= 6239149))

explain: for range-notcovered :: explain SELECT id, c FROM sbtest%d WHERE id BETWEEN 6447999 AND 6448099
for range-notcovered
table 1 : explain SELECT id, c FROM sbtest1 WHERE id BETWEEN 6396881 AND 6396981
	Index Scan using sbtest1_pkey on sbtest1  (cost=0.43..454.83 rows=114 width=125)
	  Index Cond: ((id >= 6396881) AND (id <= 6396981))

table 2 : explain SELECT id, c FROM sbtest2 WHERE id BETWEEN 6396881 AND 6396981
	Index Scan using sbtest2_pkey on sbtest2  (cost=0.43..395.57 rows=99 width=125)
	  Index Cond: ((id >= 6396881) AND (id <= 6396981))

table 3 : explain SELECT id, c FROM sbtest3 WHERE id BETWEEN 6396881 AND 6396981
	Index Scan using sbtest3_pkey on sbtest3  (cost=0.43..391.03 rows=98 width=125)
	  Index Cond: ((id >= 6396881) AND (id <= 6396981))

table 4 : explain SELECT id, c FROM sbtest4 WHERE id BETWEEN 6396881 AND 6396981
	Index Scan using sbtest4_pkey on sbtest4  (cost=0.43..418.32 rows=105 width=125)
	  Index Cond: ((id >= 6396881) AND (id <= 6396981))

table 5 : explain SELECT id, c FROM sbtest5 WHERE id BETWEEN 6396881 AND 6396981
	Index Scan using sbtest5_pkey on sbtest5  (cost=0.43..410.33 rows=103 width=125)
	  Index Cond: ((id >= 6396881) AND (id <= 6396981))

table 6 : explain SELECT id, c FROM sbtest6 WHERE id BETWEEN 6396881 AND 6396981
	Index Scan using sbtest6_pkey on sbtest6  (cost=0.43..410.18 rows=103 width=125)
	  Index Cond: ((id >= 6396881) AND (id <= 6396981))

table 7 : explain SELECT id, c FROM sbtest7 WHERE id BETWEEN 6396881 AND 6396981
	Index Scan using sbtest7_pkey on sbtest7  (cost=0.43..452.91 rows=114 width=125)
	  Index Cond: ((id >= 6396881) AND (id <= 6396981))

table 8 : explain SELECT id, c FROM sbtest8 WHERE id BETWEEN 6396881 AND 6396981
	Index Scan using sbtest8_pkey on sbtest8  (cost=0.43..422.74 rows=106 width=125)
	  Index Cond: ((id >= 6396881) AND (id <= 6396981))

explain: for range-notcovered :: explain SELECT id, c FROM sbtest%d WHERE id BETWEEN 4551403 AND 4551503
for range-notcovered
table 1 : explain SELECT id, c FROM sbtest1 WHERE id BETWEEN 5018209 AND 5018309
	Index Scan using sbtest1_pkey on sbtest1  (cost=0.43..399.52 rows=100 width=125)
	  Index Cond: ((id >= 5018209) AND (id <= 5018309))

table 2 : explain SELECT id, c FROM sbtest2 WHERE id BETWEEN 5018209 AND 5018309
	Index Scan using sbtest2_pkey on sbtest2  (cost=0.43..391.60 rows=98 width=125)
	  Index Cond: ((id >= 5018209) AND (id <= 5018309))

table 3 : explain SELECT id, c FROM sbtest3 WHERE id BETWEEN 5018209 AND 5018309
	Index Scan using sbtest3_pkey on sbtest3  (cost=0.43..422.60 rows=106 width=125)
	  Index Cond: ((id >= 5018209) AND (id <= 5018309))

table 4 : explain SELECT id, c FROM sbtest4 WHERE id BETWEEN 5018209 AND 5018309
	Index Scan using sbtest4_pkey on sbtest4  (cost=0.43..402.56 rows=101 width=125)
	  Index Cond: ((id >= 5018209) AND (id <= 5018309))

table 5 : explain SELECT id, c FROM sbtest5 WHERE id BETWEEN 5018209 AND 5018309
	Index Scan using sbtest5_pkey on sbtest5  (cost=0.43..402.45 rows=101 width=125)
	  Index Cond: ((id >= 5018209) AND (id <= 5018309))

table 6 : explain SELECT id, c FROM sbtest6 WHERE id BETWEEN 5018209 AND 5018309
	Index Scan using sbtest6_pkey on sbtest6  (cost=0.43..465.31 rows=117 width=125)
	  Index Cond: ((id >= 5018209) AND (id <= 5018309))

table 7 : explain SELECT id, c FROM sbtest7 WHERE id BETWEEN 5018209 AND 5018309
	Index Scan using sbtest7_pkey on sbtest7  (cost=0.43..366.37 rows=92 width=125)
	  Index Cond: ((id >= 5018209) AND (id <= 5018309))

table 8 : explain SELECT id, c FROM sbtest8 WHERE id BETWEEN 5018209 AND 5018309
	Index Scan using sbtest8_pkey on sbtest8  (cost=0.43..414.85 rows=104 width=125)
	  Index Cond: ((id >= 5018209) AND (id <= 5018309))

explain: for range-notcovered :: explain SELECT id, c FROM sbtest%d WHERE id BETWEEN 3025426 AND 3025526
explain: for range-notcovered :: explain SELECT id, c FROM sbtest%d WHERE id BETWEEN 5018209 AND 5018309
for range-notcovered
table 1 : explain SELECT id, c FROM sbtest1 WHERE id BETWEEN 1766185 AND 1766285
	Index Scan using sbtest1_pkey on sbtest1  (cost=0.43..363.97 rows=91 width=125)
	  Index Cond: ((id >= 1766185) AND (id <= 1766285))

table 2 : explain SELECT id, c FROM sbtest2 WHERE id BETWEEN 1766185 AND 1766285
	Index Scan using sbtest2_pkey on sbtest2  (cost=0.43..403.47 rows=101 width=125)
	  Index Cond: ((id >= 1766185) AND (id <= 1766285))

table 3 : explain SELECT id, c FROM sbtest3 WHERE id BETWEEN 1766185 AND 1766285
	Index Scan using sbtest3_pkey on sbtest3  (cost=0.43..454.15 rows=114 width=125)
	  Index Cond: ((id >= 1766185) AND (id <= 1766285))

table 4 : explain SELECT id, c FROM sbtest4 WHERE id BETWEEN 1766185 AND 1766285
	Index Scan using sbtest4_pkey on sbtest4  (cost=0.43..394.66 rows=99 width=125)
	  Index Cond: ((id >= 1766185) AND (id <= 1766285))

table 5 : explain SELECT id, c FROM sbtest5 WHERE id BETWEEN 1766185 AND 1766285
	Index Scan using sbtest5_pkey on sbtest5  (cost=0.43..398.52 rows=100 width=125)
	  Index Cond: ((id >= 1766185) AND (id <= 1766285))

table 6 : explain SELECT id, c FROM sbtest6 WHERE id BETWEEN 1766185 AND 1766285
	Index Scan using sbtest6_pkey on sbtest6  (cost=0.43..418.06 rows=105 width=125)
	  Index Cond: ((id >= 1766185) AND (id <= 1766285))

table 7 : explain SELECT id, c FROM sbtest7 WHERE id BETWEEN 1766185 AND 1766285
	Index Scan using sbtest7_pkey on sbtest7  (cost=0.43..409.65 rows=103 width=125)
	  Index Cond: ((id >= 1766185) AND (id <= 1766285))

table 8 : explain SELECT id, c FROM sbtest8 WHERE id BETWEEN 1766185 AND 1766285
	Index Scan using sbtest8_pkey on sbtest8  (cost=0.43..458.25 rows=115 width=125)
	  Index Cond: ((id >= 1766185) AND (id <= 1766285))

for range-notcovered
table 1 : explain SELECT id, c FROM sbtest1 WHERE id BETWEEN 5018209 AND 5018309
	Index Scan using sbtest1_pkey on sbtest1  (cost=0.43..399.52 rows=100 width=125)
	  Index Cond: ((id >= 5018209) AND (id <= 5018309))

table 2 : explain SELECT id, c FROM sbtest2 WHERE id BETWEEN 5018209 AND 5018309
	Index Scan using sbtest2_pkey on sbtest2  (cost=0.43..391.60 rows=98 width=125)
	  Index Cond: ((id >= 5018209) AND (id <= 5018309))

table 3 : explain SELECT id, c FROM sbtest3 WHERE id BETWEEN 5018209 AND 5018309
	Index Scan using sbtest3_pkey on sbtest3  (cost=0.43..422.60 rows=106 width=125)
	  Index Cond: ((id >= 5018209) AND (id <= 5018309))

table 4 : explain SELECT id, c FROM sbtest4 WHERE id BETWEEN 5018209 AND 5018309
	Index Scan using sbtest4_pkey on sbtest4  (cost=0.43..402.56 rows=101 width=125)
	  Index Cond: ((id >= 5018209) AND (id <= 5018309))

table 5 : explain SELECT id, c FROM sbtest5 WHERE id BETWEEN 5018209 AND 5018309
	Index Scan using sbtest5_pkey on sbtest5  (cost=0.43..402.45 rows=101 width=125)
	  Index Cond: ((id >= 5018209) AND (id <= 5018309))

table 6 : explain SELECT id, c FROM sbtest6 WHERE id BETWEEN 5018209 AND 5018309
	Index Scan using sbtest6_pkey on sbtest6  (cost=0.43..465.31 rows=117 width=125)
	  Index Cond: ((id >= 5018209) AND (id <= 5018309))

table 7 : explain SELECT id, c FROM sbtest7 WHERE id BETWEEN 5018209 AND 5018309
	Index Scan using sbtest7_pkey on sbtest7  (cost=0.43..366.37 rows=92 width=125)
	  Index Cond: ((id >= 5018209) AND (id <= 5018309))

table 8 : explain SELECT id, c FROM sbtest8 WHERE id BETWEEN 5018209 AND 5018309
	Index Scan using sbtest8_pkey on sbtest8  (cost=0.43..414.85 rows=104 width=125)
	  Index Cond: ((id >= 5018209) AND (id <= 5018309))

for range-notcovered
table 1 : explain SELECT id, c FROM sbtest1 WHERE id BETWEEN 3821469 AND 3821569
	Index Scan using sbtest1_pkey on sbtest1  (cost=0.43..407.43 rows=102 width=125)
	  Index Cond: ((id >= 3821469) AND (id <= 3821569))

table 2 : explain SELECT id, c FROM sbtest2 WHERE id BETWEEN 3821469 AND 3821569
	Index Scan using sbtest2_pkey on sbtest2  (cost=0.43..411.37 rows=103 width=125)
	  Index Cond: ((id >= 3821469) AND (id <= 3821569))

table 3 : explain SELECT id, c FROM sbtest3 WHERE id BETWEEN 3821469 AND 3821569
	Index Scan using sbtest3_pkey on sbtest3  (cost=0.43..379.20 rows=95 width=125)
	  Index Cond: ((id >= 3821469) AND (id <= 3821569))

table 4 : explain SELECT id, c FROM sbtest4 WHERE id BETWEEN 3821469 AND 3821569
	Index Scan using sbtest4_pkey on sbtest4  (cost=0.43..378.90 rows=95 width=125)
	  Index Cond: ((id >= 3821469) AND (id <= 3821569))

table 5 : explain SELECT id, c FROM sbtest5 WHERE id BETWEEN 3821469 AND 3821569
	Index Scan using sbtest5_pkey on sbtest5  (cost=0.43..410.33 rows=103 width=125)
	  Index Cond: ((id >= 3821469) AND (id <= 3821569))

table 6 : explain SELECT id, c FROM sbtest6 WHERE id BETWEEN 3821469 AND 3821569
	Index Scan using sbtest6_pkey on sbtest6  (cost=0.43..366.85 rows=92 width=125)
	  Index Cond: ((id >= 3821469) AND (id <= 3821569))

table 7 : explain SELECT id, c FROM sbtest7 WHERE id BETWEEN 3821469 AND 3821569
	Index Scan using sbtest7_pkey on sbtest7  (cost=0.43..354.57 rows=89 width=125)
	  Index Cond: ((id >= 3821469) AND (id <= 3821569))

table 8 : explain SELECT id, c FROM sbtest8 WHERE id BETWEEN 3821469 AND 3821569
	Index Scan using sbtest8_pkey on sbtest8  (cost=0.43..387.22 rows=97 width=125)
	  Index Cond: ((id >= 3821469) AND (id <= 3821569))

explain: for range-notcovered :: explain SELECT id, c FROM sbtest%d WHERE id BETWEEN 5018209 AND 5018309
explain: for range-notcovered :: explain SELECT id, c FROM sbtest%d WHERE id BETWEEN 1766185 AND 1766285
for range-notcovered
table 1 : explain SELECT id, c FROM sbtest1 WHERE id BETWEEN 4510164 AND 4510264
	Index Scan using sbtest1_pkey on sbtest1  (cost=0.43..391.62 rows=98 width=125)
	  Index Cond: ((id >= 4510164) AND (id <= 4510264))

table 2 : explain SELECT id, c FROM sbtest2 WHERE id BETWEEN 4510164 AND 4510264
	Index Scan using sbtest2_pkey on sbtest2  (cost=0.43..363.95 rows=91 width=125)
	  Index Cond: ((id >= 4510164) AND (id <= 4510264))

table 3 : explain SELECT id, c FROM sbtest3 WHERE id BETWEEN 4510164 AND 4510264
	Index Scan using sbtest3_pkey on sbtest3  (cost=0.43..418.66 rows=105 width=125)
	  Index Cond: ((id >= 4510164) AND (id <= 4510264))

table 4 : explain SELECT id, c FROM sbtest4 WHERE id BETWEEN 4510164 AND 4510264
	Index Scan using sbtest4_pkey on sbtest4  (cost=0.43..390.72 rows=98 width=125)
	  Index Cond: ((id >= 4510164) AND (id <= 4510264))

table 5 : explain SELECT id, c FROM sbtest5 WHERE id BETWEEN 4510164 AND 4510264
	Index Scan using sbtest5_pkey on sbtest5  (cost=0.43..418.21 rows=105 width=125)
	  Index Cond: ((id >= 4510164) AND (id <= 4510264))

table 6 : explain SELECT id, c FROM sbtest6 WHERE id BETWEEN 4510164 AND 4510264
	Index Scan using sbtest6_pkey on sbtest6  (cost=0.43..402.31 rows=101 width=125)
	  Index Cond: ((id >= 4510164) AND (id <= 4510264))

table 7 : explain SELECT id, c FROM sbtest7 WHERE id BETWEEN 4510164 AND 4510264
	Index Scan using sbtest7_pkey on sbtest7  (cost=0.43..370.30 rows=93 width=125)
	  Index Cond: ((id >= 4510164) AND (id <= 4510264))

table 8 : explain SELECT id, c FROM sbtest8 WHERE id BETWEEN 4510164 AND 4510264
	Index Scan using sbtest8_pkey on sbtest8  (cost=0.43..391.16 rows=98 width=125)
	  Index Cond: ((id >= 4510164) AND (id <= 4510264))

explain: for range-notcovered :: explain SELECT id, c FROM sbtest%d WHERE id BETWEEN 3124333 AND 3124433
explain: for range-notcovered :: explain SELECT id, c FROM sbtest%d WHERE id BETWEEN 3821469 AND 3821569
explain: for range-notcovered :: explain SELECT id, c FROM sbtest%d WHERE id BETWEEN 4510164 AND 4510264
for range-notcovered
table 1 : explain SELECT id, c FROM sbtest1 WHERE id BETWEEN 3830255 AND 3830355
	Index Scan using sbtest1_pkey on sbtest1  (cost=0.43..407.43 rows=102 width=125)
	  Index Cond: ((id >= 3830255) AND (id <= 3830355))

table 2 : explain SELECT id, c FROM sbtest2 WHERE id BETWEEN 3830255 AND 3830355
	Index Scan using sbtest2_pkey on sbtest2  (cost=0.43..411.37 rows=103 width=125)
	  Index Cond: ((id >= 3830255) AND (id <= 3830355))

table 3 : explain SELECT id, c FROM sbtest3 WHERE id BETWEEN 3830255 AND 3830355
	Index Scan using sbtest3_pkey on sbtest3  (cost=0.43..379.20 rows=95 width=125)
	  Index Cond: ((id >= 3830255) AND (id <= 3830355))

table 4 : explain SELECT id, c FROM sbtest4 WHERE id BETWEEN 3830255 AND 3830355
	Index Scan using sbtest4_pkey on sbtest4  (cost=0.43..378.90 rows=95 width=125)
	  Index Cond: ((id >= 3830255) AND (id <= 3830355))

table 5 : explain SELECT id, c FROM sbtest5 WHERE id BETWEEN 3830255 AND 3830355
	Index Scan using sbtest5_pkey on sbtest5  (cost=0.43..410.33 rows=103 width=125)
	  Index Cond: ((id >= 3830255) AND (id <= 3830355))

table 6 : explain SELECT id, c FROM sbtest6 WHERE id BETWEEN 3830255 AND 3830355
	Index Scan using sbtest6_pkey on sbtest6  (cost=0.43..366.85 rows=92 width=125)
	  Index Cond: ((id >= 3830255) AND (id <= 3830355))

table 7 : explain SELECT id, c FROM sbtest7 WHERE id BETWEEN 3830255 AND 3830355
	Index Scan using sbtest7_pkey on sbtest7  (cost=0.43..354.57 rows=89 width=125)
	  Index Cond: ((id >= 3830255) AND (id <= 3830355))

table 8 : explain SELECT id, c FROM sbtest8 WHERE id BETWEEN 3830255 AND 3830355
	Index Scan using sbtest8_pkey on sbtest8  (cost=0.43..387.22 rows=97 width=125)
	  Index Cond: ((id >= 3830255) AND (id <= 3830355))

for range-notcovered
table 1 : explain SELECT id, c FROM sbtest1 WHERE id BETWEEN 5018209 AND 5018309
	Index Scan using sbtest1_pkey on sbtest1  (cost=0.43..399.52 rows=100 width=125)
	  Index Cond: ((id >= 5018209) AND (id <= 5018309))

table 2 : explain SELECT id, c FROM sbtest2 WHERE id BETWEEN 5018209 AND 5018309
	Index Scan using sbtest2_pkey on sbtest2  (cost=0.43..391.60 rows=98 width=125)
	  Index Cond: ((id >= 5018209) AND (id <= 5018309))

table 3 : explain SELECT id, c FROM sbtest3 WHERE id BETWEEN 5018209 AND 5018309
	Index Scan using sbtest3_pkey on sbtest3  (cost=0.43..422.60 rows=106 width=125)
	  Index Cond: ((id >= 5018209) AND (id <= 5018309))

table 4 : explain SELECT id, c FROM sbtest4 WHERE id BETWEEN 5018209 AND 5018309
	Index Scan using sbtest4_pkey on sbtest4  (cost=0.43..402.56 rows=101 width=125)
	  Index Cond: ((id >= 5018209) AND (id <= 5018309))

table 5 : explain SELECT id, c FROM sbtest5 WHERE id BETWEEN 5018209 AND 5018309
	Index Scan using sbtest5_pkey on sbtest5  (cost=0.43..402.45 rows=101 width=125)
	  Index Cond: ((id >= 5018209) AND (id <= 5018309))

table 6 : explain SELECT id, c FROM sbtest6 WHERE id BETWEEN 5018209 AND 5018309
	Index Scan using sbtest6_pkey on sbtest6  (cost=0.43..465.31 rows=117 width=125)
	  Index Cond: ((id >= 5018209) AND (id <= 5018309))

table 7 : explain SELECT id, c FROM sbtest7 WHERE id BETWEEN 5018209 AND 5018309
	Index Scan using sbtest7_pkey on sbtest7  (cost=0.43..366.37 rows=92 width=125)
	  Index Cond: ((id >= 5018209) AND (id <= 5018309))

table 8 : explain SELECT id, c FROM sbtest8 WHERE id BETWEEN 5018209 AND 5018309
	Index Scan using sbtest8_pkey on sbtest8  (cost=0.43..414.85 rows=104 width=125)
	  Index Cond: ((id >= 5018209) AND (id <= 5018309))

explain: for range-notcovered :: explain SELECT id, c FROM sbtest%d WHERE id BETWEEN 3313946 AND 3314046
for range-notcovered
table 1 : explain SELECT id, c FROM sbtest1 WHERE id BETWEEN 4510164 AND 4510264
	Index Scan using sbtest1_pkey on sbtest1  (cost=0.43..391.62 rows=98 width=125)
	  Index Cond: ((id >= 4510164) AND (id <= 4510264))

table 2 : explain SELECT id, c FROM sbtest2 WHERE id BETWEEN 4510164 AND 4510264
	Index Scan using sbtest2_pkey on sbtest2  (cost=0.43..363.95 rows=91 width=125)
	  Index Cond: ((id >= 4510164) AND (id <= 4510264))

table 3 : explain SELECT id, c FROM sbtest3 WHERE id BETWEEN 4510164 AND 4510264
	Index Scan using sbtest3_pkey on sbtest3  (cost=0.43..418.66 rows=105 width=125)
	  Index Cond: ((id >= 4510164) AND (id <= 4510264))

table 4 : explain SELECT id, c FROM sbtest4 WHERE id BETWEEN 4510164 AND 4510264
	Index Scan using sbtest4_pkey on sbtest4  (cost=0.43..390.72 rows=98 width=125)
	  Index Cond: ((id >= 4510164) AND (id <= 4510264))

table 5 : explain SELECT id, c FROM sbtest5 WHERE id BETWEEN 4510164 AND 4510264
	Index Scan using sbtest5_pkey on sbtest5  (cost=0.43..418.21 rows=105 width=125)
	  Index Cond: ((id >= 4510164) AND (id <= 4510264))

table 6 : explain SELECT id, c FROM sbtest6 WHERE id BETWEEN 4510164 AND 4510264
	Index Scan using sbtest6_pkey on sbtest6  (cost=0.43..402.31 rows=101 width=125)
	  Index Cond: ((id >= 4510164) AND (id <= 4510264))

table 7 : explain SELECT id, c FROM sbtest7 WHERE id BETWEEN 4510164 AND 4510264
	Index Scan using sbtest7_pkey on sbtest7  (cost=0.43..370.30 rows=93 width=125)
	  Index Cond: ((id >= 4510164) AND (id <= 4510264))

table 8 : explain SELECT id, c FROM sbtest8 WHERE id BETWEEN 4510164 AND 4510264
	Index Scan using sbtest8_pkey on sbtest8  (cost=0.43..391.16 rows=98 width=125)
	  Index Cond: ((id >= 4510164) AND (id <= 4510264))

for range-notcovered
table 1 : explain SELECT id, c FROM sbtest1 WHERE id BETWEEN 4551403 AND 4551503
	Index Scan using sbtest1_pkey on sbtest1  (cost=0.43..403.48 rows=101 width=125)
	  Index Cond: ((id >= 4551403) AND (id <= 4551503))

table 2 : explain SELECT id, c FROM sbtest2 WHERE id BETWEEN 4551403 AND 4551503
	Index Scan using sbtest2_pkey on sbtest2  (cost=0.43..363.95 rows=91 width=125)
	  Index Cond: ((id >= 4551403) AND (id <= 4551503))

table 3 : explain SELECT id, c FROM sbtest3 WHERE id BETWEEN 4551403 AND 4551503
	Index Scan using sbtest3_pkey on sbtest3  (cost=0.43..418.66 rows=105 width=125)
	  Index Cond: ((id >= 4551403) AND (id <= 4551503))

table 4 : explain SELECT id, c FROM sbtest4 WHERE id BETWEEN 4551403 AND 4551503
	Index Scan using sbtest4_pkey on sbtest4  (cost=0.43..390.72 rows=98 width=125)
	  Index Cond: ((id >= 4551403) AND (id <= 4551503))

table 5 : explain SELECT id, c FROM sbtest5 WHERE id BETWEEN 4551403 AND 4551503
	Index Scan using sbtest5_pkey on sbtest5  (cost=0.43..418.21 rows=105 width=125)
	  Index Cond: ((id >= 4551403) AND (id <= 4551503))

table 6 : explain SELECT id, c FROM sbtest6 WHERE id BETWEEN 4551403 AND 4551503
	Index Scan using sbtest6_pkey on sbtest6  (cost=0.43..414.12 rows=104 width=125)
	  Index Cond: ((id >= 4551403) AND (id <= 4551503))

table 7 : explain SELECT id, c FROM sbtest7 WHERE id BETWEEN 4551403 AND 4551503
	Index Scan using sbtest7_pkey on sbtest7  (cost=0.43..378.16 rows=95 width=125)
	  Index Cond: ((id >= 4551403) AND (id <= 4551503))

table 8 : explain SELECT id, c FROM sbtest8 WHERE id BETWEEN 4551403 AND 4551503
	Index Scan using sbtest8_pkey on sbtest8  (cost=0.43..391.16 rows=98 width=125)
	  Index Cond: ((id >= 4551403) AND (id <= 4551503))

explain: for range-notcovered :: explain SELECT id, c FROM sbtest%d WHERE id BETWEEN 4510164 AND 4510264
explain: for range-notcovered :: explain SELECT id, c FROM sbtest%d WHERE id BETWEEN 5477012 AND 5477112
explain: for range-notcovered :: explain SELECT id, c FROM sbtest%d WHERE id BETWEEN 4551403 AND 4551503
for range-notcovered
table 1 : explain SELECT id, c FROM sbtest1 WHERE id BETWEEN 4510164 AND 4510264
	Index Scan using sbtest1_pkey on sbtest1  (cost=0.43..391.62 rows=98 width=125)
	  Index Cond: ((id >= 4510164) AND (id <= 4510264))

table 2 : explain SELECT id, c FROM sbtest2 WHERE id BETWEEN 4510164 AND 4510264
	Index Scan using sbtest2_pkey on sbtest2  (cost=0.43..363.95 rows=91 width=125)
	  Index Cond: ((id >= 4510164) AND (id <= 4510264))

table 3 : explain SELECT id, c FROM sbtest3 WHERE id BETWEEN 4510164 AND 4510264
	Index Scan using sbtest3_pkey on sbtest3  (cost=0.43..418.66 rows=105 width=125)
	  Index Cond: ((id >= 4510164) AND (id <= 4510264))

table 4 : explain SELECT id, c FROM sbtest4 WHERE id BETWEEN 4510164 AND 4510264
	Index Scan using sbtest4_pkey on sbtest4  (cost=0.43..390.72 rows=98 width=125)
	  Index Cond: ((id >= 4510164) AND (id <= 4510264))

table 5 : explain SELECT id, c FROM sbtest5 WHERE id BETWEEN 4510164 AND 4510264
	Index Scan using sbtest5_pkey on sbtest5  (cost=0.43..418.21 rows=105 width=125)
	  Index Cond: ((id >= 4510164) AND (id <= 4510264))

table 6 : explain SELECT id, c FROM sbtest6 WHERE id BETWEEN 4510164 AND 4510264
	Index Scan using sbtest6_pkey on sbtest6  (cost=0.43..402.31 rows=101 width=125)
	  Index Cond: ((id >= 4510164) AND (id <= 4510264))

table 7 : explain SELECT id, c FROM sbtest7 WHERE id BETWEEN 4510164 AND 4510264
	Index Scan using sbtest7_pkey on sbtest7  (cost=0.43..370.30 rows=93 width=125)
	  Index Cond: ((id >= 4510164) AND (id <= 4510264))

table 8 : explain SELECT id, c FROM sbtest8 WHERE id BETWEEN 4510164 AND 4510264
	Index Scan using sbtest8_pkey on sbtest8  (cost=0.43..391.16 rows=98 width=125)
	  Index Cond: ((id >= 4510164) AND (id <= 4510264))

explain: for range-notcovered :: explain SELECT id, c FROM sbtest%d WHERE id BETWEEN 4510164 AND 4510264
for range-notcovered
table 1 : explain SELECT id, c FROM sbtest1 WHERE id BETWEEN 1766185 AND 1766285
	Index Scan using sbtest1_pkey on sbtest1  (cost=0.43..363.97 rows=91 width=125)
	  Index Cond: ((id >= 1766185) AND (id <= 1766285))

table 2 : explain SELECT id, c FROM sbtest2 WHERE id BETWEEN 1766185 AND 1766285
	Index Scan using sbtest2_pkey on sbtest2  (cost=0.43..403.47 rows=101 width=125)
	  Index Cond: ((id >= 1766185) AND (id <= 1766285))

table 3 : explain SELECT id, c FROM sbtest3 WHERE id BETWEEN 1766185 AND 1766285
	Index Scan using sbtest3_pkey on sbtest3  (cost=0.43..454.15 rows=114 width=125)
	  Index Cond: ((id >= 1766185) AND (id <= 1766285))

table 4 : explain SELECT id, c FROM sbtest4 WHERE id BETWEEN 1766185 AND 1766285
	Index Scan using sbtest4_pkey on sbtest4  (cost=0.43..394.66 rows=99 width=125)
	  Index Cond: ((id >= 1766185) AND (id <= 1766285))

table 5 : explain SELECT id, c FROM sbtest5 WHERE id BETWEEN 1766185 AND 1766285
	Index Scan using sbtest5_pkey on sbtest5  (cost=0.43..398.52 rows=100 width=125)
	  Index Cond: ((id >= 1766185) AND (id <= 1766285))

table 6 : explain SELECT id, c FROM sbtest6 WHERE id BETWEEN 1766185 AND 1766285
	Index Scan using sbtest6_pkey on sbtest6  (cost=0.43..418.06 rows=105 width=125)
	  Index Cond: ((id >= 1766185) AND (id <= 1766285))

table 7 : explain SELECT id, c FROM sbtest7 WHERE id BETWEEN 1766185 AND 1766285
	Index Scan using sbtest7_pkey on sbtest7  (cost=0.43..409.65 rows=103 width=125)
	  Index Cond: ((id >= 1766185) AND (id <= 1766285))

table 8 : explain SELECT id, c FROM sbtest8 WHERE id BETWEEN 1766185 AND 1766285
	Index Scan using sbtest8_pkey on sbtest8  (cost=0.43..458.25 rows=115 width=125)
	  Index Cond: ((id >= 1766185) AND (id <= 1766285))

explain: for range-notcovered :: explain SELECT id, c FROM sbtest%d WHERE id BETWEEN 1766185 AND 1766285
for range-notcovered
table 1 : explain SELECT id, c FROM sbtest1 WHERE id BETWEEN 4510164 AND 4510264
	Index Scan using sbtest1_pkey on sbtest1  (cost=0.43..391.62 rows=98 width=125)
	  Index Cond: ((id >= 4510164) AND (id <= 4510264))

table 2 : explain SELECT id, c FROM sbtest2 WHERE id BETWEEN 4510164 AND 4510264
	Index Scan using sbtest2_pkey on sbtest2  (cost=0.43..363.95 rows=91 width=125)
	  Index Cond: ((id >= 4510164) AND (id <= 4510264))

table 3 : explain SELECT id, c FROM sbtest3 WHERE id BETWEEN 4510164 AND 4510264
	Index Scan using sbtest3_pkey on sbtest3  (cost=0.43..418.66 rows=105 width=125)
	  Index Cond: ((id >= 4510164) AND (id <= 4510264))

table 4 : explain SELECT id, c FROM sbtest4 WHERE id BETWEEN 4510164 AND 4510264
	Index Scan using sbtest4_pkey on sbtest4  (cost=0.43..390.72 rows=98 width=125)
	  Index Cond: ((id >= 4510164) AND (id <= 4510264))

table 5 : explain SELECT id, c FROM sbtest5 WHERE id BETWEEN 4510164 AND 4510264
	Index Scan using sbtest5_pkey on sbtest5  (cost=0.43..418.21 rows=105 width=125)
	  Index Cond: ((id >= 4510164) AND (id <= 4510264))

table 6 : explain SELECT id, c FROM sbtest6 WHERE id BETWEEN 4510164 AND 4510264
	Index Scan using sbtest6_pkey on sbtest6  (cost=0.43..402.31 rows=101 width=125)
	  Index Cond: ((id >= 4510164) AND (id <= 4510264))

table 7 : explain SELECT id, c FROM sbtest7 WHERE id BETWEEN 4510164 AND 4510264
	Index Scan using sbtest7_pkey on sbtest7  (cost=0.43..370.30 rows=93 width=125)
	  Index Cond: ((id >= 4510164) AND (id <= 4510264))

table 8 : explain SELECT id, c FROM sbtest8 WHERE id BETWEEN 4510164 AND 4510264
	Index Scan using sbtest8_pkey on sbtest8  (cost=0.43..391.16 rows=98 width=125)
	  Index Cond: ((id >= 4510164) AND (id <= 4510264))

explain: for range-notcovered :: explain SELECT id, c FROM sbtest%d WHERE id BETWEEN 4510164 AND 4510264
for range-notcovered
table 1 : explain SELECT id, c FROM sbtest1 WHERE id BETWEEN 3821469 AND 3821569
	Index Scan using sbtest1_pkey on sbtest1  (cost=0.43..407.43 rows=102 width=125)
	  Index Cond: ((id >= 3821469) AND (id <= 3821569))

table 2 : explain SELECT id, c FROM sbtest2 WHERE id BETWEEN 3821469 AND 3821569
	Index Scan using sbtest2_pkey on sbtest2  (cost=0.43..411.37 rows=103 width=125)
	  Index Cond: ((id >= 3821469) AND (id <= 3821569))

table 3 : explain SELECT id, c FROM sbtest3 WHERE id BETWEEN 3821469 AND 3821569
	Index Scan using sbtest3_pkey on sbtest3  (cost=0.43..379.20 rows=95 width=125)
	  Index Cond: ((id >= 3821469) AND (id <= 3821569))

table 4 : explain SELECT id, c FROM sbtest4 WHERE id BETWEEN 3821469 AND 3821569
	Index Scan using sbtest4_pkey on sbtest4  (cost=0.43..378.90 rows=95 width=125)
	  Index Cond: ((id >= 3821469) AND (id <= 3821569))

table 5 : explain SELECT id, c FROM sbtest5 WHERE id BETWEEN 3821469 AND 3821569
	Index Scan using sbtest5_pkey on sbtest5  (cost=0.43..410.33 rows=103 width=125)
	  Index Cond: ((id >= 3821469) AND (id <= 3821569))

table 6 : explain SELECT id, c FROM sbtest6 WHERE id BETWEEN 3821469 AND 3821569
	Index Scan using sbtest6_pkey on sbtest6  (cost=0.43..366.85 rows=92 width=125)
	  Index Cond: ((id >= 3821469) AND (id <= 3821569))

table 7 : explain SELECT id, c FROM sbtest7 WHERE id BETWEEN 3821469 AND 3821569
	Index Scan using sbtest7_pkey on sbtest7  (cost=0.43..354.57 rows=89 width=125)
	  Index Cond: ((id >= 3821469) AND (id <= 3821569))

table 8 : explain SELECT id, c FROM sbtest8 WHERE id BETWEEN 3821469 AND 3821569
	Index Scan using sbtest8_pkey on sbtest8  (cost=0.43..387.22 rows=97 width=125)
	  Index Cond: ((id >= 3821469) AND (id <= 3821569))

explain: for range-notcovered :: explain SELECT id, c FROM sbtest%d WHERE id BETWEEN 3821469 AND 3821569
for range-notcovered
table 1 : explain SELECT id, c FROM sbtest1 WHERE id BETWEEN 4510164 AND 4510264
	Index Scan using sbtest1_pkey on sbtest1  (cost=0.43..391.62 rows=98 width=125)
	  Index Cond: ((id >= 4510164) AND (id <= 4510264))

table 2 : explain SELECT id, c FROM sbtest2 WHERE id BETWEEN 4510164 AND 4510264
	Index Scan using sbtest2_pkey on sbtest2  (cost=0.43..363.95 rows=91 width=125)
	  Index Cond: ((id >= 4510164) AND (id <= 4510264))

table 3 : explain SELECT id, c FROM sbtest3 WHERE id BETWEEN 4510164 AND 4510264
	Index Scan using sbtest3_pkey on sbtest3  (cost=0.43..418.66 rows=105 width=125)
	  Index Cond: ((id >= 4510164) AND (id <= 4510264))

table 4 : explain SELECT id, c FROM sbtest4 WHERE id BETWEEN 4510164 AND 4510264
	Index Scan using sbtest4_pkey on sbtest4  (cost=0.43..390.72 rows=98 width=125)
	  Index Cond: ((id >= 4510164) AND (id <= 4510264))

table 5 : explain SELECT id, c FROM sbtest5 WHERE id BETWEEN 4510164 AND 4510264
	Index Scan using sbtest5_pkey on sbtest5  (cost=0.43..418.21 rows=105 width=125)
	  Index Cond: ((id >= 4510164) AND (id <= 4510264))

table 6 : explain SELECT id, c FROM sbtest6 WHERE id BETWEEN 4510164 AND 4510264
	Index Scan using sbtest6_pkey on sbtest6  (cost=0.43..402.31 rows=101 width=125)
	  Index Cond: ((id >= 4510164) AND (id <= 4510264))

table 7 : explain SELECT id, c FROM sbtest7 WHERE id BETWEEN 4510164 AND 4510264
	Index Scan using sbtest7_pkey on sbtest7  (cost=0.43..370.30 rows=93 width=125)
	  Index Cond: ((id >= 4510164) AND (id <= 4510264))

table 8 : explain SELECT id, c FROM sbtest8 WHERE id BETWEEN 4510164 AND 4510264
	Index Scan using sbtest8_pkey on sbtest8  (cost=0.43..391.16 rows=98 width=125)
	  Index Cond: ((id >= 4510164) AND (id <= 4510264))

explain: for range-notcovered :: explain SELECT id, c FROM sbtest%d WHERE id BETWEEN 4510164 AND 4510264
explain: for range-notcovered :: explain SELECT id, c FROM sbtest%d WHERE id BETWEEN 9424066 AND 9424166
for range-notcovered
table 1 : explain SELECT id, c FROM sbtest1 WHERE id BETWEEN 3124333 AND 3124433
	Index Scan using sbtest1_pkey on sbtest1  (cost=0.43..383.72 rows=96 width=125)
	  Index Cond: ((id >= 3124333) AND (id <= 3124433))

table 2 : explain SELECT id, c FROM sbtest2 WHERE id BETWEEN 3124333 AND 3124433
	Index Scan using sbtest2_pkey on sbtest2  (cost=0.43..399.52 rows=100 width=125)
	  Index Cond: ((id >= 3124333) AND (id <= 3124433))

table 3 : explain SELECT id, c FROM sbtest3 WHERE id BETWEEN 3124333 AND 3124433
	Index Scan using sbtest3_pkey on sbtest3  (cost=0.43..394.97 rows=99 width=125)
	  Index Cond: ((id >= 3124333) AND (id <= 3124433))

table 4 : explain SELECT id, c FROM sbtest4 WHERE id BETWEEN 3124333 AND 3124433
	Index Scan using sbtest4_pkey on sbtest4  (cost=0.43..422.26 rows=106 width=125)
	  Index Cond: ((id >= 3124333) AND (id <= 3124433))

table 5 : explain SELECT id, c FROM sbtest5 WHERE id BETWEEN 3124333 AND 3124433
	Index Scan using sbtest5_pkey on sbtest5  (cost=0.43..394.56 rows=99 width=125)
	  Index Cond: ((id >= 3124333) AND (id <= 3124433))

table 6 : explain SELECT id, c FROM sbtest6 WHERE id BETWEEN 3124333 AND 3124433
	Index Scan using sbtest6_pkey on sbtest6  (cost=0.43..390.47 rows=98 width=125)
	  Index Cond: ((id >= 3124333) AND (id <= 3124433))

table 7 : explain SELECT id, c FROM sbtest7 WHERE id BETWEEN 3124333 AND 3124433
	Index Scan using sbtest7_pkey on sbtest7  (cost=0.43..417.51 rows=105 width=125)
	  Index Cond: ((id >= 3124333) AND (id <= 3124433))

table 8 : explain SELECT id, c FROM sbtest8 WHERE id BETWEEN 3124333 AND 3124433
	Index Scan using sbtest8_pkey on sbtest8  (cost=0.43..418.80 rows=105 width=125)
	  Index Cond: ((id >= 3124333) AND (id <= 3124433))

explain: for range-notcovered :: explain SELECT id, c FROM sbtest%d WHERE id BETWEEN 3124333 AND 3124433
for range-notcovered
table 1 : explain SELECT id, c FROM sbtest1 WHERE id BETWEEN 4551403 AND 4551503
	Index Scan using sbtest1_pkey on sbtest1  (cost=0.43..403.48 rows=101 width=125)
	  Index Cond: ((id >= 4551403) AND (id <= 4551503))

table 2 : explain SELECT id, c FROM sbtest2 WHERE id BETWEEN 4551403 AND 4551503
	Index Scan using sbtest2_pkey on sbtest2  (cost=0.43..363.95 rows=91 width=125)
	  Index Cond: ((id >= 4551403) AND (id <= 4551503))

table 3 : explain SELECT id, c FROM sbtest3 WHERE id BETWEEN 4551403 AND 4551503
	Index Scan using sbtest3_pkey on sbtest3  (cost=0.43..418.66 rows=105 width=125)
	  Index Cond: ((id >= 4551403) AND (id <= 4551503))

table 4 : explain SELECT id, c FROM sbtest4 WHERE id BETWEEN 4551403 AND 4551503
	Index Scan using sbtest4_pkey on sbtest4  (cost=0.43..390.72 rows=98 width=125)
	  Index Cond: ((id >= 4551403) AND (id <= 4551503))

table 5 : explain SELECT id, c FROM sbtest5 WHERE id BETWEEN 4551403 AND 4551503
	Index Scan using sbtest5_pkey on sbtest5  (cost=0.43..418.21 rows=105 width=125)
	  Index Cond: ((id >= 4551403) AND (id <= 4551503))

table 6 : explain SELECT id, c FROM sbtest6 WHERE id BETWEEN 4551403 AND 4551503
	Index Scan using sbtest6_pkey on sbtest6  (cost=0.43..414.12 rows=104 width=125)
	  Index Cond: ((id >= 4551403) AND (id <= 4551503))

table 7 : explain SELECT id, c FROM sbtest7 WHERE id BETWEEN 4551403 AND 4551503
	Index Scan using sbtest7_pkey on sbtest7  (cost=0.43..378.16 rows=95 width=125)
	  Index Cond: ((id >= 4551403) AND (id <= 4551503))

table 8 : explain SELECT id, c FROM sbtest8 WHERE id BETWEEN 4551403 AND 4551503
	Index Scan using sbtest8_pkey on sbtest8  (cost=0.43..391.16 rows=98 width=125)
	  Index Cond: ((id >= 4551403) AND (id <= 4551503))

explain: for range-notcovered :: explain SELECT id, c FROM sbtest%d WHERE id BETWEEN 3340404 AND 3340504
explain: for range-notcovered :: explain SELECT id, c FROM sbtest%d WHERE id BETWEEN 4551403 AND 4551503
for range-notcovered
table 1 : explain SELECT id, c FROM sbtest1 WHERE id BETWEEN 3313946 AND 3314046
	Index Scan using sbtest1_pkey on sbtest1  (cost=0.43..407.43 rows=102 width=125)
	  Index Cond: ((id >= 3313946) AND (id <= 3314046))

table 2 : explain SELECT id, c FROM sbtest2 WHERE id BETWEEN 3313946 AND 3314046
	Index Scan using sbtest2_pkey on sbtest2  (cost=0.43..419.27 rows=105 width=125)
	  Index Cond: ((id >= 3313946) AND (id <= 3314046))

table 3 : explain SELECT id, c FROM sbtest3 WHERE id BETWEEN 3313946 AND 3314046
	Index Scan using sbtest3_pkey on sbtest3  (cost=0.43..438.37 rows=110 width=125)
	  Index Cond: ((id >= 3313946) AND (id <= 3314046))

table 4 : explain SELECT id, c FROM sbtest4 WHERE id BETWEEN 3313946 AND 3314046
	Index Scan using sbtest4_pkey on sbtest4  (cost=0.43..394.66 rows=99 width=125)
	  Index Cond: ((id >= 3313946) AND (id <= 3314046))

table 5 : explain SELECT id, c FROM sbtest5 WHERE id BETWEEN 3313946 AND 3314046
	Index Scan using sbtest5_pkey on sbtest5  (cost=0.43..422.15 rows=106 width=125)
	  Index Cond: ((id >= 3313946) AND (id <= 3314046))

table 6 : explain SELECT id, c FROM sbtest6 WHERE id BETWEEN 3313946 AND 3314046
	Index Scan using sbtest6_pkey on sbtest6  (cost=0.43..386.54 rows=97 width=125)
	  Index Cond: ((id >= 3313946) AND (id <= 3314046))

table 7 : explain SELECT id, c FROM sbtest7 WHERE id BETWEEN 3313946 AND 3314046
	Index Scan using sbtest7_pkey on sbtest7  (cost=0.43..370.30 rows=93 width=125)
	  Index Cond: ((id >= 3313946) AND (id <= 3314046))

table 8 : explain SELECT id, c FROM sbtest8 WHERE id BETWEEN 3313946 AND 3314046
	Index Scan using sbtest8_pkey on sbtest8  (cost=0.43..403.02 rows=101 width=125)
	  Index Cond: ((id >= 3313946) AND (id <= 3314046))

for range-notcovered
table 1 : explain SELECT id, c FROM sbtest1 WHERE id BETWEEN 4510164 AND 4510264
	Index Scan using sbtest1_pkey on sbtest1  (cost=0.43..391.62 rows=98 width=125)
	  Index Cond: ((id >= 4510164) AND (id <= 4510264))

table 2 : explain SELECT id, c FROM sbtest2 WHERE id BETWEEN 4510164 AND 4510264
	Index Scan using sbtest2_pkey on sbtest2  (cost=0.43..363.95 rows=91 width=125)
	  Index Cond: ((id >= 4510164) AND (id <= 4510264))

table 3 : explain SELECT id, c FROM sbtest3 WHERE id BETWEEN 4510164 AND 4510264
	Index Scan using sbtest3_pkey on sbtest3  (cost=0.43..418.66 rows=105 width=125)
	  Index Cond: ((id >= 4510164) AND (id <= 4510264))

table 4 : explain SELECT id, c FROM sbtest4 WHERE id BETWEEN 4510164 AND 4510264
	Index Scan using sbtest4_pkey on sbtest4  (cost=0.43..390.72 rows=98 width=125)
	  Index Cond: ((id >= 4510164) AND (id <= 4510264))

table 5 : explain SELECT id, c FROM sbtest5 WHERE id BETWEEN 4510164 AND 4510264
	Index Scan using sbtest5_pkey on sbtest5  (cost=0.43..418.21 rows=105 width=125)
	  Index Cond: ((id >= 4510164) AND (id <= 4510264))

table 6 : explain SELECT id, c FROM sbtest6 WHERE id BETWEEN 4510164 AND 4510264
	Index Scan using sbtest6_pkey on sbtest6  (cost=0.43..402.31 rows=101 width=125)
	  Index Cond: ((id >= 4510164) AND (id <= 4510264))

table 7 : explain SELECT id, c FROM sbtest7 WHERE id BETWEEN 4510164 AND 4510264
	Index Scan using sbtest7_pkey on sbtest7  (cost=0.43..370.30 rows=93 width=125)
	  Index Cond: ((id >= 4510164) AND (id <= 4510264))

table 8 : explain SELECT id, c FROM sbtest8 WHERE id BETWEEN 4510164 AND 4510264
	Index Scan using sbtest8_pkey on sbtest8  (cost=0.43..391.16 rows=98 width=125)
	  Index Cond: ((id >= 4510164) AND (id <= 4510264))

explain: for range-notcovered :: explain SELECT id, c FROM sbtest%d WHERE id BETWEEN 3313946 AND 3314046
explain: for range-notcovered :: explain SELECT id, c FROM sbtest%d WHERE id BETWEEN 4510164 AND 4510264
for range-notcovered
table 1 : explain SELECT id, c FROM sbtest1 WHERE id BETWEEN 3124333 AND 3124433
	Index Scan using sbtest1_pkey on sbtest1  (cost=0.43..383.72 rows=96 width=125)
	  Index Cond: ((id >= 3124333) AND (id <= 3124433))

table 2 : explain SELECT id, c FROM sbtest2 WHERE id BETWEEN 3124333 AND 3124433
	Index Scan using sbtest2_pkey on sbtest2  (cost=0.43..399.52 rows=100 width=125)
	  Index Cond: ((id >= 3124333) AND (id <= 3124433))

table 3 : explain SELECT id, c FROM sbtest3 WHERE id BETWEEN 3124333 AND 3124433
	Index Scan using sbtest3_pkey on sbtest3  (cost=0.43..394.97 rows=99 width=125)
	  Index Cond: ((id >= 3124333) AND (id <= 3124433))

table 4 : explain SELECT id, c FROM sbtest4 WHERE id BETWEEN 3124333 AND 3124433
	Index Scan using sbtest4_pkey on sbtest4  (cost=0.43..422.26 rows=106 width=125)
	  Index Cond: ((id >= 3124333) AND (id <= 3124433))

table 5 : explain SELECT id, c FROM sbtest5 WHERE id BETWEEN 3124333 AND 3124433
	Index Scan using sbtest5_pkey on sbtest5  (cost=0.43..394.56 rows=99 width=125)
	  Index Cond: ((id >= 3124333) AND (id <= 3124433))

table 6 : explain SELECT id, c FROM sbtest6 WHERE id BETWEEN 3124333 AND 3124433
	Index Scan using sbtest6_pkey on sbtest6  (cost=0.43..390.47 rows=98 width=125)
	  Index Cond: ((id >= 3124333) AND (id <= 3124433))

table 7 : explain SELECT id, c FROM sbtest7 WHERE id BETWEEN 3124333 AND 3124433
	Index Scan using sbtest7_pkey on sbtest7  (cost=0.43..417.51 rows=105 width=125)
	  Index Cond: ((id >= 3124333) AND (id <= 3124433))

table 8 : explain SELECT id, c FROM sbtest8 WHERE id BETWEEN 3124333 AND 3124433
	Index Scan using sbtest8_pkey on sbtest8  (cost=0.43..418.80 rows=105 width=125)
	  Index Cond: ((id >= 3124333) AND (id <= 3124433))

explain: for range-notcovered :: explain SELECT id, c FROM sbtest%d WHERE id BETWEEN 4278027 AND 4278127
explain: for range-notcovered :: explain SELECT id, c FROM sbtest%d WHERE id BETWEEN 3124333 AND 3124433
for range-notcovered
table 1 : explain SELECT id, c FROM sbtest1 WHERE id BETWEEN 5477012 AND 5477112
	Index Scan using sbtest1_pkey on sbtest1  (cost=0.43..367.92 rows=92 width=125)
	  Index Cond: ((id >= 5477012) AND (id <= 5477112))

table 2 : explain SELECT id, c FROM sbtest2 WHERE id BETWEEN 5477012 AND 5477112
	Index Scan using sbtest2_pkey on sbtest2  (cost=0.43..379.75 rows=95 width=125)
	  Index Cond: ((id >= 5477012) AND (id <= 5477112))

table 3 : explain SELECT id, c FROM sbtest3 WHERE id BETWEEN 5477012 AND 5477112
	Index Scan using sbtest3_pkey on sbtest3  (cost=0.43..477.81 rows=120 width=125)
	  Index Cond: ((id >= 5477012) AND (id <= 5477112))

table 4 : explain SELECT id, c FROM sbtest4 WHERE id BETWEEN 5477012 AND 5477112
	Index Scan using sbtest4_pkey on sbtest4  (cost=0.43..363.13 rows=91 width=125)
	  Index Cond: ((id >= 5477012) AND (id <= 5477112))

table 5 : explain SELECT id, c FROM sbtest5 WHERE id BETWEEN 5477012 AND 5477112
	Index Scan using sbtest5_pkey on sbtest5  (cost=0.43..414.27 rows=104 width=125)
	  Index Cond: ((id >= 5477012) AND (id <= 5477112))

table 6 : explain SELECT id, c FROM sbtest6 WHERE id BETWEEN 5477012 AND 5477112
	Index Scan using sbtest6_pkey on sbtest6  (cost=0.43..374.72 rows=94 width=125)
	  Index Cond: ((id >= 5477012) AND (id <= 5477112))

table 7 : explain SELECT id, c FROM sbtest7 WHERE id BETWEEN 5477012 AND 5477112
	Index Scan using sbtest7_pkey on sbtest7  (cost=0.43..362.43 rows=91 width=125)
	  Index Cond: ((id >= 5477012) AND (id <= 5477112))

table 8 : explain SELECT id, c FROM sbtest8 WHERE id BETWEEN 5477012 AND 5477112
	Index Scan using sbtest8_pkey on sbtest8  (cost=0.43..375.38 rows=94 width=125)
	  Index Cond: ((id >= 5477012) AND (id <= 5477112))

explain: for range-notcovered :: explain SELECT id, c FROM sbtest%d WHERE id BETWEEN 5477012 AND 5477112
for range-notcovered
table 1 : explain SELECT id, c FROM sbtest1 WHERE id BETWEEN 1766185 AND 1766285
	Index Scan using sbtest1_pkey on sbtest1  (cost=0.43..363.97 rows=91 width=125)
	  Index Cond: ((id >= 1766185) AND (id <= 1766285))

table 2 : explain SELECT id, c FROM sbtest2 WHERE id BETWEEN 1766185 AND 1766285
	Index Scan using sbtest2_pkey on sbtest2  (cost=0.43..403.47 rows=101 width=125)
	  Index Cond: ((id >= 1766185) AND (id <= 1766285))

table 3 : explain SELECT id, c FROM sbtest3 WHERE id BETWEEN 1766185 AND 1766285
	Index Scan using sbtest3_pkey on sbtest3  (cost=0.43..454.15 rows=114 width=125)
	  Index Cond: ((id >= 1766185) AND (id <= 1766285))

table 4 : explain SELECT id, c FROM sbtest4 WHERE id BETWEEN 1766185 AND 1766285
	Index Scan using sbtest4_pkey on sbtest4  (cost=0.43..394.66 rows=99 width=125)
	  Index Cond: ((id >= 1766185) AND (id <= 1766285))

table 5 : explain SELECT id, c FROM sbtest5 WHERE id BETWEEN 1766185 AND 1766285
	Index Scan using sbtest5_pkey on sbtest5  (cost=0.43..398.52 rows=100 width=125)
	  Index Cond: ((id >= 1766185) AND (id <= 1766285))

table 6 : explain SELECT id, c FROM sbtest6 WHERE id BETWEEN 1766185 AND 1766285
	Index Scan using sbtest6_pkey on sbtest6  (cost=0.43..418.06 rows=105 width=125)
	  Index Cond: ((id >= 1766185) AND (id <= 1766285))

table 7 : explain SELECT id, c FROM sbtest7 WHERE id BETWEEN 1766185 AND 1766285
	Index Scan using sbtest7_pkey on sbtest7  (cost=0.43..409.65 rows=103 width=125)
	  Index Cond: ((id >= 1766185) AND (id <= 1766285))

table 8 : explain SELECT id, c FROM sbtest8 WHERE id BETWEEN 1766185 AND 1766285
	Index Scan using sbtest8_pkey on sbtest8  (cost=0.43..458.25 rows=115 width=125)
	  Index Cond: ((id >= 1766185) AND (id <= 1766285))

for range-notcovered
table 1 : explain SELECT id, c FROM sbtest1 WHERE id BETWEEN 3025426 AND 3025526
	Index Scan using sbtest1_pkey on sbtest1  (cost=0.43..407.43 rows=102 width=125)
	  Index Cond: ((id >= 3025426) AND (id <= 3025526))

table 2 : explain SELECT id, c FROM sbtest2 WHERE id BETWEEN 3025426 AND 3025526
	Index Scan using sbtest2_pkey on sbtest2  (cost=0.43..383.70 rows=96 width=125)
	  Index Cond: ((id >= 3025426) AND (id <= 3025526))

table 3 : explain SELECT id, c FROM sbtest3 WHERE id BETWEEN 3025426 AND 3025526
	Index Scan using sbtest3_pkey on sbtest3  (cost=0.43..493.59 rows=124 width=125)
	  Index Cond: ((id >= 3025426) AND (id <= 3025526))

table 4 : explain SELECT id, c FROM sbtest4 WHERE id BETWEEN 3025426 AND 3025526
	Index Scan using sbtest4_pkey on sbtest4  (cost=0.43..394.66 rows=99 width=125)
	  Index Cond: ((id >= 3025426) AND (id <= 3025526))

table 5 : explain SELECT id, c FROM sbtest5 WHERE id BETWEEN 3025426 AND 3025526
	Index Scan using sbtest5_pkey on sbtest5  (cost=0.43..437.91 rows=110 width=125)
	  Index Cond: ((id >= 3025426) AND (id <= 3025526))

table 6 : explain SELECT id, c FROM sbtest6 WHERE id BETWEEN 3025426 AND 3025526
	Index Scan using sbtest6_pkey on sbtest6  (cost=0.43..398.37 rows=100 width=125)
	  Index Cond: ((id >= 3025426) AND (id <= 3025526))

table 7 : explain SELECT id, c FROM sbtest7 WHERE id BETWEEN 3025426 AND 3025526
	Index Scan using sbtest7_pkey on sbtest7  (cost=0.43..417.51 rows=105 width=125)
	  Index Cond: ((id >= 3025426) AND (id <= 3025526))

table 8 : explain SELECT id, c FROM sbtest8 WHERE id BETWEEN 3025426 AND 3025526
	Index Scan using sbtest8_pkey on sbtest8  (cost=0.43..446.41 rows=112 width=125)
	  Index Cond: ((id >= 3025426) AND (id <= 3025526))

explain: for range-notcovered :: explain SELECT id, c FROM sbtest%d WHERE id BETWEEN 1766185 AND 1766285
explain: for range-notcovered :: explain SELECT id, c FROM sbtest%d WHERE id BETWEEN 1429860 AND 1429960
for range-notcovered
table 1 : explain SELECT id, c FROM sbtest1 WHERE id BETWEEN 3821469 AND 3821569
	Index Scan using sbtest1_pkey on sbtest1  (cost=0.43..407.43 rows=102 width=125)
	  Index Cond: ((id >= 3821469) AND (id <= 3821569))

table 2 : explain SELECT id, c FROM sbtest2 WHERE id BETWEEN 3821469 AND 3821569
	Index Scan using sbtest2_pkey on sbtest2  (cost=0.43..411.37 rows=103 width=125)
	  Index Cond: ((id >= 3821469) AND (id <= 3821569))

table 3 : explain SELECT id, c FROM sbtest3 WHERE id BETWEEN 3821469 AND 3821569
	Index Scan using sbtest3_pkey on sbtest3  (cost=0.43..379.20 rows=95 width=125)
	  Index Cond: ((id >= 3821469) AND (id <= 3821569))

table 4 : explain SELECT id, c FROM sbtest4 WHERE id BETWEEN 3821469 AND 3821569
	Index Scan using sbtest4_pkey on sbtest4  (cost=0.43..378.90 rows=95 width=125)
	  Index Cond: ((id >= 3821469) AND (id <= 3821569))

table 5 : explain SELECT id, c FROM sbtest5 WHERE id BETWEEN 3821469 AND 3821569
	Index Scan using sbtest5_pkey on sbtest5  (cost=0.43..410.33 rows=103 width=125)
	  Index Cond: ((id >= 3821469) AND (id <= 3821569))

table 6 : explain SELECT id, c FROM sbtest6 WHERE id BETWEEN 3821469 AND 3821569
	Index Scan using sbtest6_pkey on sbtest6  (cost=0.43..366.85 rows=92 width=125)
	  Index Cond: ((id >= 3821469) AND (id <= 3821569))

table 7 : explain SELECT id, c FROM sbtest7 WHERE id BETWEEN 3821469 AND 3821569
	Index Scan using sbtest7_pkey on sbtest7  (cost=0.43..354.57 rows=89 width=125)
	  Index Cond: ((id >= 3821469) AND (id <= 3821569))

table 8 : explain SELECT id, c FROM sbtest8 WHERE id BETWEEN 3821469 AND 3821569
	Index Scan using sbtest8_pkey on sbtest8  (cost=0.43..387.22 rows=97 width=125)
	  Index Cond: ((id >= 3821469) AND (id <= 3821569))

for range-notcovered
table 1 : explain SELECT id, c FROM sbtest1 WHERE id BETWEEN 6447999 AND 6448099
	Index Scan using sbtest1_pkey on sbtest1  (cost=0.43..470.63 rows=118 width=125)
	  Index Cond: ((id >= 6447999) AND (id <= 6448099))

table 2 : explain SELECT id, c FROM sbtest2 WHERE id BETWEEN 6447999 AND 6448099
	Index Scan using sbtest2_pkey on sbtest2  (cost=0.43..419.27 rows=105 width=125)
	  Index Cond: ((id >= 6447999) AND (id <= 6448099))

table 3 : explain SELECT id, c FROM sbtest3 WHERE id BETWEEN 6447999 AND 6448099
	Index Scan using sbtest3_pkey on sbtest3  (cost=0.43..446.26 rows=112 width=125)
	  Index Cond: ((id >= 6447999) AND (id <= 6448099))

table 4 : explain SELECT id, c FROM sbtest4 WHERE id BETWEEN 6447999 AND 6448099
	Index Scan using sbtest4_pkey on sbtest4  (cost=0.43..418.32 rows=105 width=125)
	  Index Cond: ((id >= 6447999) AND (id <= 6448099))

table 5 : explain SELECT id, c FROM sbtest5 WHERE id BETWEEN 6447999 AND 6448099
	Index Scan using sbtest5_pkey on sbtest5  (cost=0.43..410.33 rows=103 width=125)
	  Index Cond: ((id >= 6447999) AND (id <= 6448099))

table 6 : explain SELECT id, c FROM sbtest6 WHERE id BETWEEN 6447999 AND 6448099
	Index Scan using sbtest6_pkey on sbtest6  (cost=0.43..410.18 rows=103 width=125)
	  Index Cond: ((id >= 6447999) AND (id <= 6448099))

table 7 : explain SELECT id, c FROM sbtest7 WHERE id BETWEEN 6447999 AND 6448099
	Index Scan using sbtest7_pkey on sbtest7  (cost=0.43..409.65 rows=103 width=125)
	  Index Cond: ((id >= 6447999) AND (id <= 6448099))

table 8 : explain SELECT id, c FROM sbtest8 WHERE id BETWEEN 6447999 AND 6448099
	Index Scan using sbtest8_pkey on sbtest8  (cost=0.43..422.74 rows=106 width=125)
	  Index Cond: ((id >= 6447999) AND (id <= 6448099))

for range-notcovered
table 1 : explain SELECT id, c FROM sbtest1 WHERE id BETWEEN 3124333 AND 3124433
	Index Scan using sbtest1_pkey on sbtest1  (cost=0.43..383.72 rows=96 width=125)
	  Index Cond: ((id >= 3124333) AND (id <= 3124433))

table 2 : explain SELECT id, c FROM sbtest2 WHERE id BETWEEN 3124333 AND 3124433
	Index Scan using sbtest2_pkey on sbtest2  (cost=0.43..399.52 rows=100 width=125)
	  Index Cond: ((id >= 3124333) AND (id <= 3124433))

table 3 : explain SELECT id, c FROM sbtest3 WHERE id BETWEEN 3124333 AND 3124433
	Index Scan using sbtest3_pkey on sbtest3  (cost=0.43..394.97 rows=99 width=125)
	  Index Cond: ((id >= 3124333) AND (id <= 3124433))

table 4 : explain SELECT id, c FROM sbtest4 WHERE id BETWEEN 3124333 AND 3124433
	Index Scan using sbtest4_pkey on sbtest4  (cost=0.43..422.26 rows=106 width=125)
	  Index Cond: ((id >= 3124333) AND (id <= 3124433))

table 5 : explain SELECT id, c FROM sbtest5 WHERE id BETWEEN 3124333 AND 3124433
	Index Scan using sbtest5_pkey on sbtest5  (cost=0.43..394.56 rows=99 width=125)
	  Index Cond: ((id >= 3124333) AND (id <= 3124433))

table 6 : explain SELECT id, c FROM sbtest6 WHERE id BETWEEN 3124333 AND 3124433
	Index Scan using sbtest6_pkey on sbtest6  (cost=0.43..390.47 rows=98 width=125)
	  Index Cond: ((id >= 3124333) AND (id <= 3124433))

table 7 : explain SELECT id, c FROM sbtest7 WHERE id BETWEEN 3124333 AND 3124433
	Index Scan using sbtest7_pkey on sbtest7  (cost=0.43..417.51 rows=105 width=125)
	  Index Cond: ((id >= 3124333) AND (id <= 3124433))

table 8 : explain SELECT id, c FROM sbtest8 WHERE id BETWEEN 3124333 AND 3124433
	Index Scan using sbtest8_pkey on sbtest8  (cost=0.43..418.80 rows=105 width=125)
	  Index Cond: ((id >= 3124333) AND (id <= 3124433))

explain: for range-notcovered :: explain SELECT id, c FROM sbtest%d WHERE id BETWEEN 3124333 AND 3124433
explain: for range-notcovered :: explain SELECT id, c FROM sbtest%d WHERE id BETWEEN 3025426 AND 3025526
explain: for range-notcovered :: explain SELECT id, c FROM sbtest%d WHERE id BETWEEN 6447999 AND 6448099
explain: for range-notcovered :: explain SELECT id, c FROM sbtest%d WHERE id BETWEEN 3821469 AND 3821569
for range-notcovered
table 1 : explain SELECT id, c FROM sbtest1 WHERE id BETWEEN 5477012 AND 5477112
	Index Scan using sbtest1_pkey on sbtest1  (cost=0.43..367.92 rows=92 width=125)
	  Index Cond: ((id >= 5477012) AND (id <= 5477112))

table 2 : explain SELECT id, c FROM sbtest2 WHERE id BETWEEN 5477012 AND 5477112
	Index Scan using sbtest2_pkey on sbtest2  (cost=0.43..379.75 rows=95 width=125)
	  Index Cond: ((id >= 5477012) AND (id <= 5477112))

table 3 : explain SELECT id, c FROM sbtest3 WHERE id BETWEEN 5477012 AND 5477112
	Index Scan using sbtest3_pkey on sbtest3  (cost=0.43..477.81 rows=120 width=125)
	  Index Cond: ((id >= 5477012) AND (id <= 5477112))

table 4 : explain SELECT id, c FROM sbtest4 WHERE id BETWEEN 5477012 AND 5477112
	Index Scan using sbtest4_pkey on sbtest4  (cost=0.43..363.13 rows=91 width=125)
	  Index Cond: ((id >= 5477012) AND (id <= 5477112))

table 5 : explain SELECT id, c FROM sbtest5 WHERE id BETWEEN 5477012 AND 5477112
	Index Scan using sbtest5_pkey on sbtest5  (cost=0.43..414.27 rows=104 width=125)
	  Index Cond: ((id >= 5477012) AND (id <= 5477112))

table 6 : explain SELECT id, c FROM sbtest6 WHERE id BETWEEN 5477012 AND 5477112
	Index Scan using sbtest6_pkey on sbtest6  (cost=0.43..374.72 rows=94 width=125)
	  Index Cond: ((id >= 5477012) AND (id <= 5477112))

table 7 : explain SELECT id, c FROM sbtest7 WHERE id BETWEEN 5477012 AND 5477112
	Index Scan using sbtest7_pkey on sbtest7  (cost=0.43..362.43 rows=91 width=125)
	  Index Cond: ((id >= 5477012) AND (id <= 5477112))

table 8 : explain SELECT id, c FROM sbtest8 WHERE id BETWEEN 5477012 AND 5477112
	Index Scan using sbtest8_pkey on sbtest8  (cost=0.43..375.38 rows=94 width=125)
	  Index Cond: ((id >= 5477012) AND (id <= 5477112))

explain: for range-notcovered :: explain SELECT id, c FROM sbtest%d WHERE id BETWEEN 5477012 AND 5477112
for range-notcovered
table 1 : explain SELECT id, c FROM sbtest1 WHERE id BETWEEN 3313946 AND 3314046
	Index Scan using sbtest1_pkey on sbtest1  (cost=0.43..407.43 rows=102 width=125)
	  Index Cond: ((id >= 3313946) AND (id <= 3314046))

table 2 : explain SELECT id, c FROM sbtest2 WHERE id BETWEEN 3313946 AND 3314046
	Index Scan using sbtest2_pkey on sbtest2  (cost=0.43..419.27 rows=105 width=125)
	  Index Cond: ((id >= 3313946) AND (id <= 3314046))

table 3 : explain SELECT id, c FROM sbtest3 WHERE id BETWEEN 3313946 AND 3314046
	Index Scan using sbtest3_pkey on sbtest3  (cost=0.43..438.37 rows=110 width=125)
	  Index Cond: ((id >= 3313946) AND (id <= 3314046))

table 4 : explain SELECT id, c FROM sbtest4 WHERE id BETWEEN 3313946 AND 3314046
	Index Scan using sbtest4_pkey on sbtest4  (cost=0.43..394.66 rows=99 width=125)
	  Index Cond: ((id >= 3313946) AND (id <= 3314046))

table 5 : explain SELECT id, c FROM sbtest5 WHERE id BETWEEN 3313946 AND 3314046
	Index Scan using sbtest5_pkey on sbtest5  (cost=0.43..422.15 rows=106 width=125)
	  Index Cond: ((id >= 3313946) AND (id <= 3314046))

table 6 : explain SELECT id, c FROM sbtest6 WHERE id BETWEEN 3313946 AND 3314046
	Index Scan using sbtest6_pkey on sbtest6  (cost=0.43..386.54 rows=97 width=125)
	  Index Cond: ((id >= 3313946) AND (id <= 3314046))

table 7 : explain SELECT id, c FROM sbtest7 WHERE id BETWEEN 3313946 AND 3314046
	Index Scan using sbtest7_pkey on sbtest7  (cost=0.43..370.30 rows=93 width=125)
	  Index Cond: ((id >= 3313946) AND (id <= 3314046))

table 8 : explain SELECT id, c FROM sbtest8 WHERE id BETWEEN 3313946 AND 3314046
	Index Scan using sbtest8_pkey on sbtest8  (cost=0.43..403.02 rows=101 width=125)
	  Index Cond: ((id >= 3313946) AND (id <= 3314046))

for range-notcovered
table 1 : explain SELECT id, c FROM sbtest1 WHERE id BETWEEN 3124333 AND 3124433
	Index Scan using sbtest1_pkey on sbtest1  (cost=0.43..383.72 rows=96 width=125)
	  Index Cond: ((id >= 3124333) AND (id <= 3124433))

table 2 : explain SELECT id, c FROM sbtest2 WHERE id BETWEEN 3124333 AND 3124433
	Index Scan using sbtest2_pkey on sbtest2  (cost=0.43..399.52 rows=100 width=125)
	  Index Cond: ((id >= 3124333) AND (id <= 3124433))

table 3 : explain SELECT id, c FROM sbtest3 WHERE id BETWEEN 3124333 AND 3124433
	Index Scan using sbtest3_pkey on sbtest3  (cost=0.43..394.97 rows=99 width=125)
	  Index Cond: ((id >= 3124333) AND (id <= 3124433))

table 4 : explain SELECT id, c FROM sbtest4 WHERE id BETWEEN 3124333 AND 3124433
	Index Scan using sbtest4_pkey on sbtest4  (cost=0.43..422.26 rows=106 width=125)
	  Index Cond: ((id >= 3124333) AND (id <= 3124433))

table 5 : explain SELECT id, c FROM sbtest5 WHERE id BETWEEN 3124333 AND 3124433
	Index Scan using sbtest5_pkey on sbtest5  (cost=0.43..394.56 rows=99 width=125)
	  Index Cond: ((id >= 3124333) AND (id <= 3124433))

table 6 : explain SELECT id, c FROM sbtest6 WHERE id BETWEEN 3124333 AND 3124433
	Index Scan using sbtest6_pkey on sbtest6  (cost=0.43..390.47 rows=98 width=125)
	  Index Cond: ((id >= 3124333) AND (id <= 3124433))

table 7 : explain SELECT id, c FROM sbtest7 WHERE id BETWEEN 3124333 AND 3124433
	Index Scan using sbtest7_pkey on sbtest7  (cost=0.43..417.51 rows=105 width=125)
	  Index Cond: ((id >= 3124333) AND (id <= 3124433))

table 8 : explain SELECT id, c FROM sbtest8 WHERE id BETWEEN 3124333 AND 3124433
	Index Scan using sbtest8_pkey on sbtest8  (cost=0.43..418.80 rows=105 width=125)
	  Index Cond: ((id >= 3124333) AND (id <= 3124433))

for range-notcovered
table 1 : explain SELECT id, c FROM sbtest1 WHERE id BETWEEN 4510164 AND 4510264
	Index Scan using sbtest1_pkey on sbtest1  (cost=0.43..391.62 rows=98 width=125)
	  Index Cond: ((id >= 4510164) AND (id <= 4510264))

table 2 : explain SELECT id, c FROM sbtest2 WHERE id BETWEEN 4510164 AND 4510264
	Index Scan using sbtest2_pkey on sbtest2  (cost=0.43..363.95 rows=91 width=125)
	  Index Cond: ((id >= 4510164) AND (id <= 4510264))

table 3 : explain SELECT id, c FROM sbtest3 WHERE id BETWEEN 4510164 AND 4510264
	Index Scan using sbtest3_pkey on sbtest3  (cost=0.43..418.66 rows=105 width=125)
	  Index Cond: ((id >= 4510164) AND (id <= 4510264))

table 4 : explain SELECT id, c FROM sbtest4 WHERE id BETWEEN 4510164 AND 4510264
	Index Scan using sbtest4_pkey on sbtest4  (cost=0.43..390.72 rows=98 width=125)
	  Index Cond: ((id >= 4510164) AND (id <= 4510264))

table 5 : explain SELECT id, c FROM sbtest5 WHERE id BETWEEN 4510164 AND 4510264
	Index Scan using sbtest5_pkey on sbtest5  (cost=0.43..418.21 rows=105 width=125)
	  Index Cond: ((id >= 4510164) AND (id <= 4510264))

table 6 : explain SELECT id, c FROM sbtest6 WHERE id BETWEEN 4510164 AND 4510264
	Index Scan using sbtest6_pkey on sbtest6  (cost=0.43..402.31 rows=101 width=125)
	  Index Cond: ((id >= 4510164) AND (id <= 4510264))

table 7 : explain SELECT id, c FROM sbtest7 WHERE id BETWEEN 4510164 AND 4510264
	Index Scan using sbtest7_pkey on sbtest7  (cost=0.43..370.30 rows=93 width=125)
	  Index Cond: ((id >= 4510164) AND (id <= 4510264))

table 8 : explain SELECT id, c FROM sbtest8 WHERE id BETWEEN 4510164 AND 4510264
	Index Scan using sbtest8_pkey on sbtest8  (cost=0.43..391.16 rows=98 width=125)
	  Index Cond: ((id >= 4510164) AND (id <= 4510264))

for range-notcovered
table 1 : explain SELECT id, c FROM sbtest1 WHERE id BETWEEN 4551403 AND 4551503
	Index Scan using sbtest1_pkey on sbtest1  (cost=0.43..403.48 rows=101 width=125)
	  Index Cond: ((id >= 4551403) AND (id <= 4551503))

table 2 : explain SELECT id, c FROM sbtest2 WHERE id BETWEEN 4551403 AND 4551503
	Index Scan using sbtest2_pkey on sbtest2  (cost=0.43..363.95 rows=91 width=125)
	  Index Cond: ((id >= 4551403) AND (id <= 4551503))

table 3 : explain SELECT id, c FROM sbtest3 WHERE id BETWEEN 4551403 AND 4551503
	Index Scan using sbtest3_pkey on sbtest3  (cost=0.43..418.66 rows=105 width=125)
	  Index Cond: ((id >= 4551403) AND (id <= 4551503))

table 4 : explain SELECT id, c FROM sbtest4 WHERE id BETWEEN 4551403 AND 4551503
	Index Scan using sbtest4_pkey on sbtest4  (cost=0.43..390.72 rows=98 width=125)
	  Index Cond: ((id >= 4551403) AND (id <= 4551503))

table 5 : explain SELECT id, c FROM sbtest5 WHERE id BETWEEN 4551403 AND 4551503
	Index Scan using sbtest5_pkey on sbtest5  (cost=0.43..418.21 rows=105 width=125)
	  Index Cond: ((id >= 4551403) AND (id <= 4551503))

table 6 : explain SELECT id, c FROM sbtest6 WHERE id BETWEEN 4551403 AND 4551503
	Index Scan using sbtest6_pkey on sbtest6  (cost=0.43..414.12 rows=104 width=125)
	  Index Cond: ((id >= 4551403) AND (id <= 4551503))

table 7 : explain SELECT id, c FROM sbtest7 WHERE id BETWEEN 4551403 AND 4551503
	Index Scan using sbtest7_pkey on sbtest7  (cost=0.43..378.16 rows=95 width=125)
	  Index Cond: ((id >= 4551403) AND (id <= 4551503))

table 8 : explain SELECT id, c FROM sbtest8 WHERE id BETWEEN 4551403 AND 4551503
	Index Scan using sbtest8_pkey on sbtest8  (cost=0.43..391.16 rows=98 width=125)
	  Index Cond: ((id >= 4551403) AND (id <= 4551503))

explain: for range-notcovered :: explain SELECT id, c FROM sbtest%d WHERE id BETWEEN 3124333 AND 3124433
explain: for range-notcovered :: explain SELECT id, c FROM sbtest%d WHERE id BETWEEN 3313946 AND 3314046
explain: for range-notcovered :: explain SELECT id, c FROM sbtest%d WHERE id BETWEEN 4510164 AND 4510264
explain: for range-notcovered :: explain SELECT id, c FROM sbtest%d WHERE id BETWEEN 4551403 AND 4551503
for range-notcovered
table 1 : explain SELECT id, c FROM sbtest1 WHERE id BETWEEN 1766185 AND 1766285
	Index Scan using sbtest1_pkey on sbtest1  (cost=0.43..363.97 rows=91 width=125)
	  Index Cond: ((id >= 1766185) AND (id <= 1766285))

table 2 : explain SELECT id, c FROM sbtest2 WHERE id BETWEEN 1766185 AND 1766285
	Index Scan using sbtest2_pkey on sbtest2  (cost=0.43..403.47 rows=101 width=125)
	  Index Cond: ((id >= 1766185) AND (id <= 1766285))

table 3 : explain SELECT id, c FROM sbtest3 WHERE id BETWEEN 1766185 AND 1766285
	Index Scan using sbtest3_pkey on sbtest3  (cost=0.43..454.15 rows=114 width=125)
	  Index Cond: ((id >= 1766185) AND (id <= 1766285))

table 4 : explain SELECT id, c FROM sbtest4 WHERE id BETWEEN 1766185 AND 1766285
	Index Scan using sbtest4_pkey on sbtest4  (cost=0.43..394.66 rows=99 width=125)
	  Index Cond: ((id >= 1766185) AND (id <= 1766285))

table 5 : explain SELECT id, c FROM sbtest5 WHERE id BETWEEN 1766185 AND 1766285
	Index Scan using sbtest5_pkey on sbtest5  (cost=0.43..398.52 rows=100 width=125)
	  Index Cond: ((id >= 1766185) AND (id <= 1766285))

table 6 : explain SELECT id, c FROM sbtest6 WHERE id BETWEEN 1766185 AND 1766285
	Index Scan using sbtest6_pkey on sbtest6  (cost=0.43..418.06 rows=105 width=125)
	  Index Cond: ((id >= 1766185) AND (id <= 1766285))

table 7 : explain SELECT id, c FROM sbtest7 WHERE id BETWEEN 1766185 AND 1766285
	Index Scan using sbtest7_pkey on sbtest7  (cost=0.43..409.65 rows=103 width=125)
	  Index Cond: ((id >= 1766185) AND (id <= 1766285))

table 8 : explain SELECT id, c FROM sbtest8 WHERE id BETWEEN 1766185 AND 1766285
	Index Scan using sbtest8_pkey on sbtest8  (cost=0.43..458.25 rows=115 width=125)
	  Index Cond: ((id >= 1766185) AND (id <= 1766285))

explain: for range-notcovered :: explain SELECT id, c FROM sbtest%d WHERE id BETWEEN 1766185 AND 1766285
for range-notcovered
table 1 : explain SELECT id, c FROM sbtest1 WHERE id BETWEEN 3025426 AND 3025526
	Index Scan using sbtest1_pkey on sbtest1  (cost=0.43..407.43 rows=102 width=125)
	  Index Cond: ((id >= 3025426) AND (id <= 3025526))

table 2 : explain SELECT id, c FROM sbtest2 WHERE id BETWEEN 3025426 AND 3025526
	Index Scan using sbtest2_pkey on sbtest2  (cost=0.43..383.70 rows=96 width=125)
	  Index Cond: ((id >= 3025426) AND (id <= 3025526))

table 3 : explain SELECT id, c FROM sbtest3 WHERE id BETWEEN 3025426 AND 3025526
	Index Scan using sbtest3_pkey on sbtest3  (cost=0.43..493.59 rows=124 width=125)
	  Index Cond: ((id >= 3025426) AND (id <= 3025526))

table 4 : explain SELECT id, c FROM sbtest4 WHERE id BETWEEN 3025426 AND 3025526
	Index Scan using sbtest4_pkey on sbtest4  (cost=0.43..394.66 rows=99 width=125)
	  Index Cond: ((id >= 3025426) AND (id <= 3025526))

table 5 : explain SELECT id, c FROM sbtest5 WHERE id BETWEEN 3025426 AND 3025526
	Index Scan using sbtest5_pkey on sbtest5  (cost=0.43..437.91 rows=110 width=125)
	  Index Cond: ((id >= 3025426) AND (id <= 3025526))

table 6 : explain SELECT id, c FROM sbtest6 WHERE id BETWEEN 3025426 AND 3025526
	Index Scan using sbtest6_pkey on sbtest6  (cost=0.43..398.37 rows=100 width=125)
	  Index Cond: ((id >= 3025426) AND (id <= 3025526))

table 7 : explain SELECT id, c FROM sbtest7 WHERE id BETWEEN 3025426 AND 3025526
	Index Scan using sbtest7_pkey on sbtest7  (cost=0.43..417.51 rows=105 width=125)
	  Index Cond: ((id >= 3025426) AND (id <= 3025526))

table 8 : explain SELECT id, c FROM sbtest8 WHERE id BETWEEN 3025426 AND 3025526
	Index Scan using sbtest8_pkey on sbtest8  (cost=0.43..446.41 rows=112 width=125)
	  Index Cond: ((id >= 3025426) AND (id <= 3025526))

for range-notcovered
table 1 : explain SELECT id, c FROM sbtest1 WHERE id BETWEEN 6447999 AND 6448099
	Index Scan using sbtest1_pkey on sbtest1  (cost=0.43..470.63 rows=118 width=125)
	  Index Cond: ((id >= 6447999) AND (id <= 6448099))

table 2 : explain SELECT id, c FROM sbtest2 WHERE id BETWEEN 6447999 AND 6448099
	Index Scan using sbtest2_pkey on sbtest2  (cost=0.43..419.27 rows=105 width=125)
	  Index Cond: ((id >= 6447999) AND (id <= 6448099))

table 3 : explain SELECT id, c FROM sbtest3 WHERE id BETWEEN 6447999 AND 6448099
	Index Scan using sbtest3_pkey on sbtest3  (cost=0.43..446.26 rows=112 width=125)
	  Index Cond: ((id >= 6447999) AND (id <= 6448099))

table 4 : explain SELECT id, c FROM sbtest4 WHERE id BETWEEN 6447999 AND 6448099
	Index Scan using sbtest4_pkey on sbtest4  (cost=0.43..418.32 rows=105 width=125)
	  Index Cond: ((id >= 6447999) AND (id <= 6448099))

table 5 : explain SELECT id, c FROM sbtest5 WHERE id BETWEEN 6447999 AND 6448099
	Index Scan using sbtest5_pkey on sbtest5  (cost=0.43..410.33 rows=103 width=125)
	  Index Cond: ((id >= 6447999) AND (id <= 6448099))

table 6 : explain SELECT id, c FROM sbtest6 WHERE id BETWEEN 6447999 AND 6448099
	Index Scan using sbtest6_pkey on sbtest6  (cost=0.43..410.18 rows=103 width=125)
	  Index Cond: ((id >= 6447999) AND (id <= 6448099))

table 7 : explain SELECT id, c FROM sbtest7 WHERE id BETWEEN 6447999 AND 6448099
	Index Scan using sbtest7_pkey on sbtest7  (cost=0.43..409.65 rows=103 width=125)
	  Index Cond: ((id >= 6447999) AND (id <= 6448099))

table 8 : explain SELECT id, c FROM sbtest8 WHERE id BETWEEN 6447999 AND 6448099
	Index Scan using sbtest8_pkey on sbtest8  (cost=0.43..422.74 rows=106 width=125)
	  Index Cond: ((id >= 6447999) AND (id <= 6448099))

explain: for range-notcovered :: explain SELECT id, c FROM sbtest%d WHERE id BETWEEN 3025426 AND 3025526
for range-notcovered
table 1 : explain SELECT id, c FROM sbtest1 WHERE id BETWEEN 3821469 AND 3821569
	Index Scan using sbtest1_pkey on sbtest1  (cost=0.43..407.43 rows=102 width=125)
	  Index Cond: ((id >= 3821469) AND (id <= 3821569))

table 2 : explain SELECT id, c FROM sbtest2 WHERE id BETWEEN 3821469 AND 3821569
	Index Scan using sbtest2_pkey on sbtest2  (cost=0.43..411.37 rows=103 width=125)
	  Index Cond: ((id >= 3821469) AND (id <= 3821569))

table 3 : explain SELECT id, c FROM sbtest3 WHERE id BETWEEN 3821469 AND 3821569
	Index Scan using sbtest3_pkey on sbtest3  (cost=0.43..379.20 rows=95 width=125)
	  Index Cond: ((id >= 3821469) AND (id <= 3821569))

table 4 : explain SELECT id, c FROM sbtest4 WHERE id BETWEEN 3821469 AND 3821569
	Index Scan using sbtest4_pkey on sbtest4  (cost=0.43..378.90 rows=95 width=125)
	  Index Cond: ((id >= 3821469) AND (id <= 3821569))

table 5 : explain SELECT id, c FROM sbtest5 WHERE id BETWEEN 3821469 AND 3821569
	Index Scan using sbtest5_pkey on sbtest5  (cost=0.43..410.33 rows=103 width=125)
	  Index Cond: ((id >= 3821469) AND (id <= 3821569))

table 6 : explain SELECT id, c FROM sbtest6 WHERE id BETWEEN 3821469 AND 3821569
	Index Scan using sbtest6_pkey on sbtest6  (cost=0.43..366.85 rows=92 width=125)
	  Index Cond: ((id >= 3821469) AND (id <= 3821569))

table 7 : explain SELECT id, c FROM sbtest7 WHERE id BETWEEN 3821469 AND 3821569
	Index Scan using sbtest7_pkey on sbtest7  (cost=0.43..354.57 rows=89 width=125)
	  Index Cond: ((id >= 3821469) AND (id <= 3821569))

table 8 : explain SELECT id, c FROM sbtest8 WHERE id BETWEEN 3821469 AND 3821569
	Index Scan using sbtest8_pkey on sbtest8  (cost=0.43..387.22 rows=97 width=125)
	  Index Cond: ((id >= 3821469) AND (id <= 3821569))

explain: for range-notcovered :: explain SELECT id, c FROM sbtest%d WHERE id BETWEEN 6447999 AND 6448099
for range-notcovered
table 1 : explain SELECT id, c FROM sbtest1 WHERE id BETWEEN 9424066 AND 9424166
	Index Scan using sbtest1_pkey on sbtest1  (cost=0.43..431.13 rows=108 width=125)
	  Index Cond: ((id >= 9424066) AND (id <= 9424166))

table 2 : explain SELECT id, c FROM sbtest2 WHERE id BETWEEN 9424066 AND 9424166
	Index Scan using sbtest2_pkey on sbtest2  (cost=0.43..379.75 rows=95 width=125)
	  Index Cond: ((id >= 9424066) AND (id <= 9424166))

table 3 : explain SELECT id, c FROM sbtest3 WHERE id BETWEEN 9424066 AND 9424166
	Index Scan using sbtest3_pkey on sbtest3  (cost=0.43..450.20 rows=113 width=125)
	  Index Cond: ((id >= 9424066) AND (id <= 9424166))

table 4 : explain SELECT id, c FROM sbtest4 WHERE id BETWEEN 9424066 AND 9424166
	Index Scan using sbtest4_pkey on sbtest4  (cost=0.43..406.50 rows=102 width=125)
	  Index Cond: ((id >= 9424066) AND (id <= 9424166))

table 5 : explain SELECT id, c FROM sbtest5 WHERE id BETWEEN 9424066 AND 9424166
	Index Scan using sbtest5_pkey on sbtest5  (cost=0.43..398.52 rows=100 width=125)
	  Index Cond: ((id >= 9424066) AND (id <= 9424166))

table 6 : explain SELECT id, c FROM sbtest6 WHERE id BETWEEN 9424066 AND 9424166
	Index Scan using sbtest6_pkey on sbtest6  (cost=0.43..488.94 rows=123 width=125)
	  Index Cond: ((id >= 9424066) AND (id <= 9424166))

table 7 : explain SELECT id, c FROM sbtest7 WHERE id BETWEEN 9424066 AND 9424166
	Index Scan using sbtest7_pkey on sbtest7  (cost=0.43..413.58 rows=104 width=125)
	  Index Cond: ((id >= 9424066) AND (id <= 9424166))

table 8 : explain SELECT id, c FROM sbtest8 WHERE id BETWEEN 9424066 AND 9424166
	Index Scan using sbtest8_pkey on sbtest8  (cost=0.43..371.44 rows=93 width=125)
	  Index Cond: ((id >= 9424066) AND (id <= 9424166))

for range-notcovered
table 1 : explain SELECT id, c FROM sbtest1 WHERE id BETWEEN 3340404 AND 3340504
	Index Scan using sbtest1_pkey on sbtest1  (cost=0.43..407.43 rows=102 width=125)
	  Index Cond: ((id >= 3340404) AND (id <= 3340504))

table 2 : explain SELECT id, c FROM sbtest2 WHERE id BETWEEN 3340404 AND 3340504
	Index Scan using sbtest2_pkey on sbtest2  (cost=0.43..395.57 rows=99 width=125)
	  Index Cond: ((id >= 3340404) AND (id <= 3340504))

table 3 : explain SELECT id, c FROM sbtest3 WHERE id BETWEEN 3340404 AND 3340504
	Index Scan using sbtest3_pkey on sbtest3  (cost=0.43..438.37 rows=110 width=125)
	  Index Cond: ((id >= 3340404) AND (id <= 3340504))

table 4 : explain SELECT id, c FROM sbtest4 WHERE id BETWEEN 3340404 AND 3340504
	Index Scan using sbtest4_pkey on sbtest4  (cost=0.43..394.66 rows=99 width=125)
	  Index Cond: ((id >= 3340404) AND (id <= 3340504))

table 5 : explain SELECT id, c FROM sbtest5 WHERE id BETWEEN 3340404 AND 3340504
	Index Scan using sbtest5_pkey on sbtest5  (cost=0.43..422.15 rows=106 width=125)
	  Index Cond: ((id >= 3340404) AND (id <= 3340504))

table 6 : explain SELECT id, c FROM sbtest6 WHERE id BETWEEN 3340404 AND 3340504
	Index Scan using sbtest6_pkey on sbtest6  (cost=0.43..485.00 rows=122 width=125)
	  Index Cond: ((id >= 3340404) AND (id <= 3340504))

table 7 : explain SELECT id, c FROM sbtest7 WHERE id BETWEEN 3340404 AND 3340504
	Index Scan using sbtest7_pkey on sbtest7  (cost=0.43..370.30 rows=93 width=125)
	  Index Cond: ((id >= 3340404) AND (id <= 3340504))

table 8 : explain SELECT id, c FROM sbtest8 WHERE id BETWEEN 3340404 AND 3340504
	Index Scan using sbtest8_pkey on sbtest8  (cost=0.43..403.02 rows=101 width=125)
	  Index Cond: ((id >= 3340404) AND (id <= 3340504))

explain: for range-notcovered :: explain SELECT id, c FROM sbtest%d WHERE id BETWEEN 3821469 AND 3821569
explain: for range-notcovered :: explain SELECT id, c FROM sbtest%d WHERE id BETWEEN 9424066 AND 9424166
explain: for range-notcovered :: explain SELECT id, c FROM sbtest%d WHERE id BETWEEN 3340404 AND 3340504
for range-notcovered
table 1 : explain SELECT id, c FROM sbtest1 WHERE id BETWEEN 1766185 AND 1766285
	Index Scan using sbtest1_pkey on sbtest1  (cost=0.43..363.97 rows=91 width=125)
	  Index Cond: ((id >= 1766185) AND (id <= 1766285))

table 2 : explain SELECT id, c FROM sbtest2 WHERE id BETWEEN 1766185 AND 1766285
	Index Scan using sbtest2_pkey on sbtest2  (cost=0.43..403.47 rows=101 width=125)
	  Index Cond: ((id >= 1766185) AND (id <= 1766285))

table 3 : explain SELECT id, c FROM sbtest3 WHERE id BETWEEN 1766185 AND 1766285
	Index Scan using sbtest3_pkey on sbtest3  (cost=0.43..454.15 rows=114 width=125)
	  Index Cond: ((id >= 1766185) AND (id <= 1766285))

table 4 : explain SELECT id, c FROM sbtest4 WHERE id BETWEEN 1766185 AND 1766285
	Index Scan using sbtest4_pkey on sbtest4  (cost=0.43..394.66 rows=99 width=125)
	  Index Cond: ((id >= 1766185) AND (id <= 1766285))

table 5 : explain SELECT id, c FROM sbtest5 WHERE id BETWEEN 1766185 AND 1766285
	Index Scan using sbtest5_pkey on sbtest5  (cost=0.43..398.52 rows=100 width=125)
	  Index Cond: ((id >= 1766185) AND (id <= 1766285))

table 6 : explain SELECT id, c FROM sbtest6 WHERE id BETWEEN 1766185 AND 1766285
	Index Scan using sbtest6_pkey on sbtest6  (cost=0.43..418.06 rows=105 width=125)
	  Index Cond: ((id >= 1766185) AND (id <= 1766285))

table 7 : explain SELECT id, c FROM sbtest7 WHERE id BETWEEN 1766185 AND 1766285
	Index Scan using sbtest7_pkey on sbtest7  (cost=0.43..409.65 rows=103 width=125)
	  Index Cond: ((id >= 1766185) AND (id <= 1766285))

table 8 : explain SELECT id, c FROM sbtest8 WHERE id BETWEEN 1766185 AND 1766285
	Index Scan using sbtest8_pkey on sbtest8  (cost=0.43..458.25 rows=115 width=125)
	  Index Cond: ((id >= 1766185) AND (id <= 1766285))

explain: for range-notcovered :: explain SELECT id, c FROM sbtest%d WHERE id BETWEEN 1766185 AND 1766285
for range-notcovered
table 1 : explain SELECT id, c FROM sbtest1 WHERE id BETWEEN 3313946 AND 3314046
	Index Scan using sbtest1_pkey on sbtest1  (cost=0.43..407.43 rows=102 width=125)
	  Index Cond: ((id >= 3313946) AND (id <= 3314046))

table 2 : explain SELECT id, c FROM sbtest2 WHERE id BETWEEN 3313946 AND 3314046
	Index Scan using sbtest2_pkey on sbtest2  (cost=0.43..419.27 rows=105 width=125)
	  Index Cond: ((id >= 3313946) AND (id <= 3314046))

table 3 : explain SELECT id, c FROM sbtest3 WHERE id BETWEEN 3313946 AND 3314046
	Index Scan using sbtest3_pkey on sbtest3  (cost=0.43..438.37 rows=110 width=125)
	  Index Cond: ((id >= 3313946) AND (id <= 3314046))

table 4 : explain SELECT id, c FROM sbtest4 WHERE id BETWEEN 3313946 AND 3314046
	Index Scan using sbtest4_pkey on sbtest4  (cost=0.43..394.66 rows=99 width=125)
	  Index Cond: ((id >= 3313946) AND (id <= 3314046))

table 5 : explain SELECT id, c FROM sbtest5 WHERE id BETWEEN 3313946 AND 3314046
	Index Scan using sbtest5_pkey on sbtest5  (cost=0.43..422.15 rows=106 width=125)
	  Index Cond: ((id >= 3313946) AND (id <= 3314046))

table 6 : explain SELECT id, c FROM sbtest6 WHERE id BETWEEN 3313946 AND 3314046
	Index Scan using sbtest6_pkey on sbtest6  (cost=0.43..386.54 rows=97 width=125)
	  Index Cond: ((id >= 3313946) AND (id <= 3314046))

table 7 : explain SELECT id, c FROM sbtest7 WHERE id BETWEEN 3313946 AND 3314046
	Index Scan using sbtest7_pkey on sbtest7  (cost=0.43..370.30 rows=93 width=125)
	  Index Cond: ((id >= 3313946) AND (id <= 3314046))

table 8 : explain SELECT id, c FROM sbtest8 WHERE id BETWEEN 3313946 AND 3314046
	Index Scan using sbtest8_pkey on sbtest8  (cost=0.43..403.02 rows=101 width=125)
	  Index Cond: ((id >= 3313946) AND (id <= 3314046))

for range-notcovered
table 1 : explain SELECT id, c FROM sbtest1 WHERE id BETWEEN 4510164 AND 4510264
	Index Scan using sbtest1_pkey on sbtest1  (cost=0.43..391.62 rows=98 width=125)
	  Index Cond: ((id >= 4510164) AND (id <= 4510264))

table 2 : explain SELECT id, c FROM sbtest2 WHERE id BETWEEN 4510164 AND 4510264
	Index Scan using sbtest2_pkey on sbtest2  (cost=0.43..363.95 rows=91 width=125)
	  Index Cond: ((id >= 4510164) AND (id <= 4510264))

table 3 : explain SELECT id, c FROM sbtest3 WHERE id BETWEEN 4510164 AND 4510264
	Index Scan using sbtest3_pkey on sbtest3  (cost=0.43..418.66 rows=105 width=125)
	  Index Cond: ((id >= 4510164) AND (id <= 4510264))

table 4 : explain SELECT id, c FROM sbtest4 WHERE id BETWEEN 4510164 AND 4510264
	Index Scan using sbtest4_pkey on sbtest4  (cost=0.43..390.72 rows=98 width=125)
	  Index Cond: ((id >= 4510164) AND (id <= 4510264))

table 5 : explain SELECT id, c FROM sbtest5 WHERE id BETWEEN 4510164 AND 4510264
	Index Scan using sbtest5_pkey on sbtest5  (cost=0.43..418.21 rows=105 width=125)
	  Index Cond: ((id >= 4510164) AND (id <= 4510264))

table 6 : explain SELECT id, c FROM sbtest6 WHERE id BETWEEN 4510164 AND 4510264
	Index Scan using sbtest6_pkey on sbtest6  (cost=0.43..402.31 rows=101 width=125)
	  Index Cond: ((id >= 4510164) AND (id <= 4510264))

table 7 : explain SELECT id, c FROM sbtest7 WHERE id BETWEEN 4510164 AND 4510264
	Index Scan using sbtest7_pkey on sbtest7  (cost=0.43..370.30 rows=93 width=125)
	  Index Cond: ((id >= 4510164) AND (id <= 4510264))

table 8 : explain SELECT id, c FROM sbtest8 WHERE id BETWEEN 4510164 AND 4510264
	Index Scan using sbtest8_pkey on sbtest8  (cost=0.43..391.16 rows=98 width=125)
	  Index Cond: ((id >= 4510164) AND (id <= 4510264))

for range-notcovered
table 1 : explain SELECT id, c FROM sbtest1 WHERE id BETWEEN 4551403 AND 4551503
	Index Scan using sbtest1_pkey on sbtest1  (cost=0.43..403.48 rows=101 width=125)
	  Index Cond: ((id >= 4551403) AND (id <= 4551503))

table 2 : explain SELECT id, c FROM sbtest2 WHERE id BETWEEN 4551403 AND 4551503
	Index Scan using sbtest2_pkey on sbtest2  (cost=0.43..363.95 rows=91 width=125)
	  Index Cond: ((id >= 4551403) AND (id <= 4551503))

table 3 : explain SELECT id, c FROM sbtest3 WHERE id BETWEEN 4551403 AND 4551503
	Index Scan using sbtest3_pkey on sbtest3  (cost=0.43..418.66 rows=105 width=125)
	  Index Cond: ((id >= 4551403) AND (id <= 4551503))

table 4 : explain SELECT id, c FROM sbtest4 WHERE id BETWEEN 4551403 AND 4551503
	Index Scan using sbtest4_pkey on sbtest4  (cost=0.43..390.72 rows=98 width=125)
	  Index Cond: ((id >= 4551403) AND (id <= 4551503))

table 5 : explain SELECT id, c FROM sbtest5 WHERE id BETWEEN 4551403 AND 4551503
	Index Scan using sbtest5_pkey on sbtest5  (cost=0.43..418.21 rows=105 width=125)
	  Index Cond: ((id >= 4551403) AND (id <= 4551503))

table 6 : explain SELECT id, c FROM sbtest6 WHERE id BETWEEN 4551403 AND 4551503
	Index Scan using sbtest6_pkey on sbtest6  (cost=0.43..414.12 rows=104 width=125)
	  Index Cond: ((id >= 4551403) AND (id <= 4551503))

table 7 : explain SELECT id, c FROM sbtest7 WHERE id BETWEEN 4551403 AND 4551503
	Index Scan using sbtest7_pkey on sbtest7  (cost=0.43..378.16 rows=95 width=125)
	  Index Cond: ((id >= 4551403) AND (id <= 4551503))

table 8 : explain SELECT id, c FROM sbtest8 WHERE id BETWEEN 4551403 AND 4551503
	Index Scan using sbtest8_pkey on sbtest8  (cost=0.43..391.16 rows=98 width=125)
	  Index Cond: ((id >= 4551403) AND (id <= 4551503))
explain: for range-notcovered :: explain SELECT id, c FROM sbtest%d WHERE id BETWEEN 3313946 AND 3314046

explain: for range-notcovered :: explain SELECT id, c FROM sbtest%d WHERE id BETWEEN 4551403 AND 4551503
for range-notcovered
table 1 : explain SELECT id, c FROM sbtest1 WHERE id BETWEEN 9424066 AND 9424166
	Index Scan using sbtest1_pkey on sbtest1  (cost=0.43..431.13 rows=108 width=125)
	  Index Cond: ((id >= 9424066) AND (id <= 9424166))

table 2 : explain SELECT id, c FROM sbtest2 WHERE id BETWEEN 9424066 AND 9424166
	Index Scan using sbtest2_pkey on sbtest2  (cost=0.43..379.75 rows=95 width=125)
	  Index Cond: ((id >= 9424066) AND (id <= 9424166))

table 3 : explain SELECT id, c FROM sbtest3 WHERE id BETWEEN 9424066 AND 9424166
	Index Scan using sbtest3_pkey on sbtest3  (cost=0.43..450.20 rows=113 width=125)
	  Index Cond: ((id >= 9424066) AND (id <= 9424166))

table 4 : explain SELECT id, c FROM sbtest4 WHERE id BETWEEN 9424066 AND 9424166
	Index Scan using sbtest4_pkey on sbtest4  (cost=0.43..406.50 rows=102 width=125)
	  Index Cond: ((id >= 9424066) AND (id <= 9424166))

table 5 : explain SELECT id, c FROM sbtest5 WHERE id BETWEEN 9424066 AND 9424166
	Index Scan using sbtest5_pkey on sbtest5  (cost=0.43..398.52 rows=100 width=125)
	  Index Cond: ((id >= 9424066) AND (id <= 9424166))

table 6 : explain SELECT id, c FROM sbtest6 WHERE id BETWEEN 9424066 AND 9424166
	Index Scan using sbtest6_pkey on sbtest6  (cost=0.43..488.94 rows=123 width=125)
	  Index Cond: ((id >= 9424066) AND (id <= 9424166))

table 7 : explain SELECT id, c FROM sbtest7 WHERE id BETWEEN 9424066 AND 9424166
	Index Scan using sbtest7_pkey on sbtest7  (cost=0.43..413.58 rows=104 width=125)
	  Index Cond: ((id >= 9424066) AND (id <= 9424166))

table 8 : explain SELECT id, c FROM sbtest8 WHERE id BETWEEN 9424066 AND 9424166
	Index Scan using sbtest8_pkey on sbtest8  (cost=0.43..371.44 rows=93 width=125)
	  Index Cond: ((id >= 9424066) AND (id <= 9424166))

for range-notcovered
table 1 : explain SELECT id, c FROM sbtest1 WHERE id BETWEEN 3340404 AND 3340504
	Index Scan using sbtest1_pkey on sbtest1  (cost=0.43..407.43 rows=102 width=125)
	  Index Cond: ((id >= 3340404) AND (id <= 3340504))

table 2 : explain SELECT id, c FROM sbtest2 WHERE id BETWEEN 3340404 AND 3340504
	Index Scan using sbtest2_pkey on sbtest2  (cost=0.43..395.57 rows=99 width=125)
	  Index Cond: ((id >= 3340404) AND (id <= 3340504))

table 3 : explain SELECT id, c FROM sbtest3 WHERE id BETWEEN 3340404 AND 3340504
	Index Scan using sbtest3_pkey on sbtest3  (cost=0.43..438.37 rows=110 width=125)
	  Index Cond: ((id >= 3340404) AND (id <= 3340504))

table 4 : explain SELECT id, c FROM sbtest4 WHERE id BETWEEN 3340404 AND 3340504
	Index Scan using sbtest4_pkey on sbtest4  (cost=0.43..394.66 rows=99 width=125)
	  Index Cond: ((id >= 3340404) AND (id <= 3340504))

table 5 : explain SELECT id, c FROM sbtest5 WHERE id BETWEEN 3340404 AND 3340504
	Index Scan using sbtest5_pkey on sbtest5  (cost=0.43..422.15 rows=106 width=125)
	  Index Cond: ((id >= 3340404) AND (id <= 3340504))

table 6 : explain SELECT id, c FROM sbtest6 WHERE id BETWEEN 3340404 AND 3340504
	Index Scan using sbtest6_pkey on sbtest6  (cost=0.43..485.00 rows=122 width=125)
	  Index Cond: ((id >= 3340404) AND (id <= 3340504))

table 7 : explain SELECT id, c FROM sbtest7 WHERE id BETWEEN 3340404 AND 3340504
	Index Scan using sbtest7_pkey on sbtest7  (cost=0.43..370.30 rows=93 width=125)
	  Index Cond: ((id >= 3340404) AND (id <= 3340504))

table 8 : explain SELECT id, c FROM sbtest8 WHERE id BETWEEN 3340404 AND 3340504
	Index Scan using sbtest8_pkey on sbtest8  (cost=0.43..403.02 rows=101 width=125)
	  Index Cond: ((id >= 3340404) AND (id <= 3340504))

explain: for range-notcovered :: explain SELECT id, c FROM sbtest%d WHERE id BETWEEN 9424066 AND 9424166
explain: for range-notcovered :: explain SELECT id, c FROM sbtest%d WHERE id BETWEEN 3340404 AND 3340504
for range-notcovered
table 1 : explain SELECT id, c FROM sbtest1 WHERE id BETWEEN 1766185 AND 1766285
	Index Scan using sbtest1_pkey on sbtest1  (cost=0.43..363.97 rows=91 width=125)
	  Index Cond: ((id >= 1766185) AND (id <= 1766285))

table 2 : explain SELECT id, c FROM sbtest2 WHERE id BETWEEN 1766185 AND 1766285
	Index Scan using sbtest2_pkey on sbtest2  (cost=0.43..403.47 rows=101 width=125)
	  Index Cond: ((id >= 1766185) AND (id <= 1766285))

table 3 : explain SELECT id, c FROM sbtest3 WHERE id BETWEEN 1766185 AND 1766285
	Index Scan using sbtest3_pkey on sbtest3  (cost=0.43..454.15 rows=114 width=125)
	  Index Cond: ((id >= 1766185) AND (id <= 1766285))

table 4 : explain SELECT id, c FROM sbtest4 WHERE id BETWEEN 1766185 AND 1766285
	Index Scan using sbtest4_pkey on sbtest4  (cost=0.43..394.66 rows=99 width=125)
	  Index Cond: ((id >= 1766185) AND (id <= 1766285))

table 5 : explain SELECT id, c FROM sbtest5 WHERE id BETWEEN 1766185 AND 1766285
	Index Scan using sbtest5_pkey on sbtest5  (cost=0.43..398.52 rows=100 width=125)
	  Index Cond: ((id >= 1766185) AND (id <= 1766285))

table 6 : explain SELECT id, c FROM sbtest6 WHERE id BETWEEN 1766185 AND 1766285
	Index Scan using sbtest6_pkey on sbtest6  (cost=0.43..418.06 rows=105 width=125)
	  Index Cond: ((id >= 1766185) AND (id <= 1766285))

table 7 : explain SELECT id, c FROM sbtest7 WHERE id BETWEEN 1766185 AND 1766285
	Index Scan using sbtest7_pkey on sbtest7  (cost=0.43..409.65 rows=103 width=125)
	  Index Cond: ((id >= 1766185) AND (id <= 1766285))

table 8 : explain SELECT id, c FROM sbtest8 WHERE id BETWEEN 1766185 AND 1766285
	Index Scan using sbtest8_pkey on sbtest8  (cost=0.43..458.25 rows=115 width=125)
	  Index Cond: ((id >= 1766185) AND (id <= 1766285))

explain: for range-notcovered :: explain SELECT id, c FROM sbtest%d WHERE id BETWEEN 1766185 AND 1766285
for range-notcovered
table 1 : explain SELECT id, c FROM sbtest1 WHERE id BETWEEN 3025426 AND 3025526
	Index Scan using sbtest1_pkey on sbtest1  (cost=0.43..407.43 rows=102 width=125)
	  Index Cond: ((id >= 3025426) AND (id <= 3025526))

table 2 : explain SELECT id, c FROM sbtest2 WHERE id BETWEEN 3025426 AND 3025526
	Index Scan using sbtest2_pkey on sbtest2  (cost=0.43..383.70 rows=96 width=125)
	  Index Cond: ((id >= 3025426) AND (id <= 3025526))

table 3 : explain SELECT id, c FROM sbtest3 WHERE id BETWEEN 3025426 AND 3025526
	Index Scan using sbtest3_pkey on sbtest3  (cost=0.43..493.59 rows=124 width=125)
	  Index Cond: ((id >= 3025426) AND (id <= 3025526))

table 4 : explain SELECT id, c FROM sbtest4 WHERE id BETWEEN 3025426 AND 3025526
	Index Scan using sbtest4_pkey on sbtest4  (cost=0.43..394.66 rows=99 width=125)
	  Index Cond: ((id >= 3025426) AND (id <= 3025526))

table 5 : explain SELECT id, c FROM sbtest5 WHERE id BETWEEN 3025426 AND 3025526
	Index Scan using sbtest5_pkey on sbtest5  (cost=0.43..437.91 rows=110 width=125)
	  Index Cond: ((id >= 3025426) AND (id <= 3025526))

table 6 : explain SELECT id, c FROM sbtest6 WHERE id BETWEEN 3025426 AND 3025526
	Index Scan using sbtest6_pkey on sbtest6  (cost=0.43..398.37 rows=100 width=125)
	  Index Cond: ((id >= 3025426) AND (id <= 3025526))

table 7 : explain SELECT id, c FROM sbtest7 WHERE id BETWEEN 3025426 AND 3025526
	Index Scan using sbtest7_pkey on sbtest7  (cost=0.43..417.51 rows=105 width=125)
	  Index Cond: ((id >= 3025426) AND (id <= 3025526))

table 8 : explain SELECT id, c FROM sbtest8 WHERE id BETWEEN 3025426 AND 3025526
	Index Scan using sbtest8_pkey on sbtest8  (cost=0.43..446.41 rows=112 width=125)
	  Index Cond: ((id >= 3025426) AND (id <= 3025526))

for range-notcovered
table 1 : explain SELECT id, c FROM sbtest1 WHERE id BETWEEN 6447999 AND 6448099
	Index Scan using sbtest1_pkey on sbtest1  (cost=0.43..470.63 rows=118 width=125)
	  Index Cond: ((id >= 6447999) AND (id <= 6448099))

table 2 : explain SELECT id, c FROM sbtest2 WHERE id BETWEEN 6447999 AND 6448099
	Index Scan using sbtest2_pkey on sbtest2  (cost=0.43..419.27 rows=105 width=125)
	  Index Cond: ((id >= 6447999) AND (id <= 6448099))

table 3 : explain SELECT id, c FROM sbtest3 WHERE id BETWEEN 6447999 AND 6448099
	Index Scan using sbtest3_pkey on sbtest3  (cost=0.43..446.26 rows=112 width=125)
	  Index Cond: ((id >= 6447999) AND (id <= 6448099))

table 4 : explain SELECT id, c FROM sbtest4 WHERE id BETWEEN 6447999 AND 6448099
	Index Scan using sbtest4_pkey on sbtest4  (cost=0.43..418.32 rows=105 width=125)
	  Index Cond: ((id >= 6447999) AND (id <= 6448099))

table 5 : explain SELECT id, c FROM sbtest5 WHERE id BETWEEN 6447999 AND 6448099
	Index Scan using sbtest5_pkey on sbtest5  (cost=0.43..410.33 rows=103 width=125)
	  Index Cond: ((id >= 6447999) AND (id <= 6448099))

table 6 : explain SELECT id, c FROM sbtest6 WHERE id BETWEEN 6447999 AND 6448099
	Index Scan using sbtest6_pkey on sbtest6  (cost=0.43..410.18 rows=103 width=125)
	  Index Cond: ((id >= 6447999) AND (id <= 6448099))

table 7 : explain SELECT id, c FROM sbtest7 WHERE id BETWEEN 6447999 AND 6448099
	Index Scan using sbtest7_pkey on sbtest7  (cost=0.43..409.65 rows=103 width=125)
	  Index Cond: ((id >= 6447999) AND (id <= 6448099))

table 8 : explain SELECT id, c FROM sbtest8 WHERE id BETWEEN 6447999 AND 6448099
	Index Scan using sbtest8_pkey on sbtest8  (cost=0.43..422.74 rows=106 width=125)
	  Index Cond: ((id >= 6447999) AND (id <= 6448099))

for range-notcovered
table 1 : explain SELECT id, c FROM sbtest1 WHERE id BETWEEN 3821469 AND 3821569
	Index Scan using sbtest1_pkey on sbtest1  (cost=0.43..407.43 rows=102 width=125)
	  Index Cond: ((id >= 3821469) AND (id <= 3821569))

table 2 : explain SELECT id, c FROM sbtest2 WHERE id BETWEEN 3821469 AND 3821569
	Index Scan using sbtest2_pkey on sbtest2  (cost=0.43..411.37 rows=103 width=125)
	  Index Cond: ((id >= 3821469) AND (id <= 3821569))

table 3 : explain SELECT id, c FROM sbtest3 WHERE id BETWEEN 3821469 AND 3821569
	Index Scan using sbtest3_pkey on sbtest3  (cost=0.43..379.20 rows=95 width=125)
	  Index Cond: ((id >= 3821469) AND (id <= 3821569))

table 4 : explain SELECT id, c FROM sbtest4 WHERE id BETWEEN 3821469 AND 3821569
	Index Scan using sbtest4_pkey on sbtest4  (cost=0.43..378.90 rows=95 width=125)
	  Index Cond: ((id >= 3821469) AND (id <= 3821569))

table 5 : explain SELECT id, c FROM sbtest5 WHERE id BETWEEN 3821469 AND 3821569
	Index Scan using sbtest5_pkey on sbtest5  (cost=0.43..410.33 rows=103 width=125)
	  Index Cond: ((id >= 3821469) AND (id <= 3821569))

table 6 : explain SELECT id, c FROM sbtest6 WHERE id BETWEEN 3821469 AND 3821569
	Index Scan using sbtest6_pkey on sbtest6  (cost=0.43..366.85 rows=92 width=125)
	  Index Cond: ((id >= 3821469) AND (id <= 3821569))

table 7 : explain SELECT id, c FROM sbtest7 WHERE id BETWEEN 3821469 AND 3821569
	Index Scan using sbtest7_pkey on sbtest7  (cost=0.43..354.57 rows=89 width=125)
	  Index Cond: ((id >= 3821469) AND (id <= 3821569))

table 8 : explain SELECT id, c FROM sbtest8 WHERE id BETWEEN 3821469 AND 3821569
	Index Scan using sbtest8_pkey on sbtest8  (cost=0.43..387.22 rows=97 width=125)
	  Index Cond: ((id >= 3821469) AND (id <= 3821569))

explain: for range-notcovered :: explain SELECT id, c FROM sbtest%d WHERE id BETWEEN 3025426 AND 3025526
explain: for range-notcovered :: explain SELECT id, c FROM sbtest%d WHERE id BETWEEN 6447999 AND 6448099
for range-notcovered
table 1 : explain SELECT id, c FROM sbtest1 WHERE id BETWEEN 3313946 AND 3314046
	Index Scan using sbtest1_pkey on sbtest1  (cost=0.43..407.43 rows=102 width=125)
	  Index Cond: ((id >= 3313946) AND (id <= 3314046))

table 2 : explain SELECT id, c FROM sbtest2 WHERE id BETWEEN 3313946 AND 3314046
	Index Scan using sbtest2_pkey on sbtest2  (cost=0.43..419.27 rows=105 width=125)
	  Index Cond: ((id >= 3313946) AND (id <= 3314046))

table 3 : explain SELECT id, c FROM sbtest3 WHERE id BETWEEN 3313946 AND 3314046
	Index Scan using sbtest3_pkey on sbtest3  (cost=0.43..438.37 rows=110 width=125)
	  Index Cond: ((id >= 3313946) AND (id <= 3314046))

table 4 : explain SELECT id, c FROM sbtest4 WHERE id BETWEEN 3313946 AND 3314046
	Index Scan using sbtest4_pkey on sbtest4  (cost=0.43..394.66 rows=99 width=125)
	  Index Cond: ((id >= 3313946) AND (id <= 3314046))

table 5 : explain SELECT id, c FROM sbtest5 WHERE id BETWEEN 3313946 AND 3314046
	Index Scan using sbtest5_pkey on sbtest5  (cost=0.43..422.15 rows=106 width=125)
	  Index Cond: ((id >= 3313946) AND (id <= 3314046))

table 6 : explain SELECT id, c FROM sbtest6 WHERE id BETWEEN 3313946 AND 3314046
	Index Scan using sbtest6_pkey on sbtest6  (cost=0.43..386.54 rows=97 width=125)
	  Index Cond: ((id >= 3313946) AND (id <= 3314046))

table 7 : explain SELECT id, c FROM sbtest7 WHERE id BETWEEN 3313946 AND 3314046
	Index Scan using sbtest7_pkey on sbtest7  (cost=0.43..370.30 rows=93 width=125)
	  Index Cond: ((id >= 3313946) AND (id <= 3314046))

table 8 : explain SELECT id, c FROM sbtest8 WHERE id BETWEEN 3313946 AND 3314046
	Index Scan using sbtest8_pkey on sbtest8  (cost=0.43..403.02 rows=101 width=125)
	  Index Cond: ((id >= 3313946) AND (id <= 3314046))

for range-notcovered
table 1 : explain SELECT id, c FROM sbtest1 WHERE id BETWEEN 9424066 AND 9424166
	Index Scan using sbtest1_pkey on sbtest1  (cost=0.43..431.13 rows=108 width=125)
	  Index Cond: ((id >= 9424066) AND (id <= 9424166))

table 2 : explain SELECT id, c FROM sbtest2 WHERE id BETWEEN 9424066 AND 9424166
	Index Scan using sbtest2_pkey on sbtest2  (cost=0.43..379.75 rows=95 width=125)
	  Index Cond: ((id >= 9424066) AND (id <= 9424166))

table 3 : explain SELECT id, c FROM sbtest3 WHERE id BETWEEN 9424066 AND 9424166
	Index Scan using sbtest3_pkey on sbtest3  (cost=0.43..450.20 rows=113 width=125)
	  Index Cond: ((id >= 9424066) AND (id <= 9424166))

table 4 : explain SELECT id, c FROM sbtest4 WHERE id BETWEEN 9424066 AND 9424166
	Index Scan using sbtest4_pkey on sbtest4  (cost=0.43..406.50 rows=102 width=125)
	  Index Cond: ((id >= 9424066) AND (id <= 9424166))

table 5 : explain SELECT id, c FROM sbtest5 WHERE id BETWEEN 9424066 AND 9424166
	Index Scan using sbtest5_pkey on sbtest5  (cost=0.43..398.52 rows=100 width=125)
	  Index Cond: ((id >= 9424066) AND (id <= 9424166))

table 6 : explain SELECT id, c FROM sbtest6 WHERE id BETWEEN 9424066 AND 9424166
	Index Scan using sbtest6_pkey on sbtest6  (cost=0.43..488.94 rows=123 width=125)
	  Index Cond: ((id >= 9424066) AND (id <= 9424166))

table 7 : explain SELECT id, c FROM sbtest7 WHERE id BETWEEN 9424066 AND 9424166
	Index Scan using sbtest7_pkey on sbtest7  (cost=0.43..413.58 rows=104 width=125)
	  Index Cond: ((id >= 9424066) AND (id <= 9424166))

table 8 : explain SELECT id, c FROM sbtest8 WHERE id BETWEEN 9424066 AND 9424166
	Index Scan using sbtest8_pkey on sbtest8  (cost=0.43..371.44 rows=93 width=125)
	  Index Cond: ((id >= 9424066) AND (id <= 9424166))

for range-notcovered
table 1 : explain SELECT id, c FROM sbtest1 WHERE id BETWEEN 3340404 AND 3340504
	Index Scan using sbtest1_pkey on sbtest1  (cost=0.43..407.43 rows=102 width=125)
	  Index Cond: ((id >= 3340404) AND (id <= 3340504))

table 2 : explain SELECT id, c FROM sbtest2 WHERE id BETWEEN 3340404 AND 3340504
	Index Scan using sbtest2_pkey on sbtest2  (cost=0.43..395.57 rows=99 width=125)
	  Index Cond: ((id >= 3340404) AND (id <= 3340504))

table 3 : explain SELECT id, c FROM sbtest3 WHERE id BETWEEN 3340404 AND 3340504
	Index Scan using sbtest3_pkey on sbtest3  (cost=0.43..438.37 rows=110 width=125)
	  Index Cond: ((id >= 3340404) AND (id <= 3340504))

table 4 : explain SELECT id, c FROM sbtest4 WHERE id BETWEEN 3340404 AND 3340504
	Index Scan using sbtest4_pkey on sbtest4  (cost=0.43..394.66 rows=99 width=125)
	  Index Cond: ((id >= 3340404) AND (id <= 3340504))

table 5 : explain SELECT id, c FROM sbtest5 WHERE id BETWEEN 3340404 AND 3340504
	Index Scan using sbtest5_pkey on sbtest5  (cost=0.43..422.15 rows=106 width=125)
	  Index Cond: ((id >= 3340404) AND (id <= 3340504))

table 6 : explain SELECT id, c FROM sbtest6 WHERE id BETWEEN 3340404 AND 3340504
	Index Scan using sbtest6_pkey on sbtest6  (cost=0.43..485.00 rows=122 width=125)
	  Index Cond: ((id >= 3340404) AND (id <= 3340504))

table 7 : explain SELECT id, c FROM sbtest7 WHERE id BETWEEN 3340404 AND 3340504
	Index Scan using sbtest7_pkey on sbtest7  (cost=0.43..370.30 rows=93 width=125)
	  Index Cond: ((id >= 3340404) AND (id <= 3340504))

table 8 : explain SELECT id, c FROM sbtest8 WHERE id BETWEEN 3340404 AND 3340504
	Index Scan using sbtest8_pkey on sbtest8  (cost=0.43..403.02 rows=101 width=125)
	  Index Cond: ((id >= 3340404) AND (id <= 3340504))

explain: for range-notcovered :: explain SELECT id, c FROM sbtest%d WHERE id BETWEEN 3313946 AND 3314046
explain: for range-notcovered :: explain SELECT id, c FROM sbtest%d WHERE id BETWEEN 6475033 AND 6475133explain: for range-notcovered :: explain SELECT id, c FROM sbtest%d WHERE id BETWEEN 9424066 AND 9424166explain: for range-notcovered :: explain SELECT id, c FROM sbtest%d WHERE id BETWEEN 3821469 AND 3821569


for range-notcovered
table 1 : explain SELECT id, c FROM sbtest1 WHERE id BETWEEN 1766185 AND 1766285
	Index Scan using sbtest1_pkey on sbtest1  (cost=0.43..363.97 rows=91 width=125)
	  Index Cond: ((id >= 1766185) AND (id <= 1766285))

table 2 : explain SELECT id, c FROM sbtest2 WHERE id BETWEEN 1766185 AND 1766285
	Index Scan using sbtest2_pkey on sbtest2  (cost=0.43..403.47 rows=101 width=125)
	  Index Cond: ((id >= 1766185) AND (id <= 1766285))

table 3 : explain SELECT id, c FROM sbtest3 WHERE id BETWEEN 1766185 AND 1766285
	Index Scan using sbtest3_pkey on sbtest3  (cost=0.43..454.15 rows=114 width=125)
	  Index Cond: ((id >= 1766185) AND (id <= 1766285))

table 4 : explain SELECT id, c FROM sbtest4 WHERE id BETWEEN 1766185 AND 1766285
	Index Scan using sbtest4_pkey on sbtest4  (cost=0.43..394.66 rows=99 width=125)
	  Index Cond: ((id >= 1766185) AND (id <= 1766285))

table 5 : explain SELECT id, c FROM sbtest5 WHERE id BETWEEN 1766185 AND 1766285
	Index Scan using sbtest5_pkey on sbtest5  (cost=0.43..398.52 rows=100 width=125)
	  Index Cond: ((id >= 1766185) AND (id <= 1766285))

table 6 : explain SELECT id, c FROM sbtest6 WHERE id BETWEEN 1766185 AND 1766285
	Index Scan using sbtest6_pkey on sbtest6  (cost=0.43..418.06 rows=105 width=125)
	  Index Cond: ((id >= 1766185) AND (id <= 1766285))

table 7 : explain SELECT id, c FROM sbtest7 WHERE id BETWEEN 1766185 AND 1766285
	Index Scan using sbtest7_pkey on sbtest7  (cost=0.43..409.65 rows=103 width=125)
	  Index Cond: ((id >= 1766185) AND (id <= 1766285))

table 8 : explain SELECT id, c FROM sbtest8 WHERE id BETWEEN 1766185 AND 1766285
	Index Scan using sbtest8_pkey on sbtest8  (cost=0.43..458.25 rows=115 width=125)
	  Index Cond: ((id >= 1766185) AND (id <= 1766285))

explain: for range-notcovered :: explain SELECT id, c FROM sbtest%d WHERE id BETWEEN 1766185 AND 1766285
for range-notcovered
table 1 : explain SELECT id, c FROM sbtest1 WHERE id BETWEEN 4551403 AND 4551503
	Index Scan using sbtest1_pkey on sbtest1  (cost=0.43..403.48 rows=101 width=125)
	  Index Cond: ((id >= 4551403) AND (id <= 4551503))

table 2 : explain SELECT id, c FROM sbtest2 WHERE id BETWEEN 4551403 AND 4551503
	Index Scan using sbtest2_pkey on sbtest2  (cost=0.43..363.95 rows=91 width=125)
	  Index Cond: ((id >= 4551403) AND (id <= 4551503))

table 3 : explain SELECT id, c FROM sbtest3 WHERE id BETWEEN 4551403 AND 4551503
	Index Scan using sbtest3_pkey on sbtest3  (cost=0.43..418.66 rows=105 width=125)
	  Index Cond: ((id >= 4551403) AND (id <= 4551503))

table 4 : explain SELECT id, c FROM sbtest4 WHERE id BETWEEN 4551403 AND 4551503
	Index Scan using sbtest4_pkey on sbtest4  (cost=0.43..390.72 rows=98 width=125)
	  Index Cond: ((id >= 4551403) AND (id <= 4551503))

table 5 : explain SELECT id, c FROM sbtest5 WHERE id BETWEEN 4551403 AND 4551503
	Index Scan using sbtest5_pkey on sbtest5  (cost=0.43..418.21 rows=105 width=125)
	  Index Cond: ((id >= 4551403) AND (id <= 4551503))

table 6 : explain SELECT id, c FROM sbtest6 WHERE id BETWEEN 4551403 AND 4551503
	Index Scan using sbtest6_pkey on sbtest6  (cost=0.43..414.12 rows=104 width=125)
	  Index Cond: ((id >= 4551403) AND (id <= 4551503))

table 7 : explain SELECT id, c FROM sbtest7 WHERE id BETWEEN 4551403 AND 4551503
	Index Scan using sbtest7_pkey on sbtest7  (cost=0.43..378.16 rows=95 width=125)
	  Index Cond: ((id >= 4551403) AND (id <= 4551503))

table 8 : explain SELECT id, c FROM sbtest8 WHERE id BETWEEN 4551403 AND 4551503
	Index Scan using sbtest8_pkey on sbtest8  (cost=0.43..391.16 rows=98 width=125)
	  Index Cond: ((id >= 4551403) AND (id <= 4551503))

explain: for range-notcovered :: explain SELECT id, c FROM sbtest%d WHERE id BETWEEN 4551403 AND 4551503
for range-notcovered
table 1 : explain SELECT id, c FROM sbtest1 WHERE id BETWEEN 3313946 AND 3314046
	Index Scan using sbtest1_pkey on sbtest1  (cost=0.43..407.43 rows=102 width=125)
	  Index Cond: ((id >= 3313946) AND (id <= 3314046))

table 2 : explain SELECT id, c FROM sbtest2 WHERE id BETWEEN 3313946 AND 3314046
	Index Scan using sbtest2_pkey on sbtest2  (cost=0.43..419.27 rows=105 width=125)
	  Index Cond: ((id >= 3313946) AND (id <= 3314046))

table 3 : explain SELECT id, c FROM sbtest3 WHERE id BETWEEN 3313946 AND 3314046
	Index Scan using sbtest3_pkey on sbtest3  (cost=0.43..438.37 rows=110 width=125)
	  Index Cond: ((id >= 3313946) AND (id <= 3314046))

table 4 : explain SELECT id, c FROM sbtest4 WHERE id BETWEEN 3313946 AND 3314046
	Index Scan using sbtest4_pkey on sbtest4  (cost=0.43..394.66 rows=99 width=125)
	  Index Cond: ((id >= 3313946) AND (id <= 3314046))

table 5 : explain SELECT id, c FROM sbtest5 WHERE id BETWEEN 3313946 AND 3314046
	Index Scan using sbtest5_pkey on sbtest5  (cost=0.43..422.15 rows=106 width=125)
	  Index Cond: ((id >= 3313946) AND (id <= 3314046))

table 6 : explain SELECT id, c FROM sbtest6 WHERE id BETWEEN 3313946 AND 3314046
	Index Scan using sbtest6_pkey on sbtest6  (cost=0.43..386.54 rows=97 width=125)
	  Index Cond: ((id >= 3313946) AND (id <= 3314046))

table 7 : explain SELECT id, c FROM sbtest7 WHERE id BETWEEN 3313946 AND 3314046
	Index Scan using sbtest7_pkey on sbtest7  (cost=0.43..370.30 rows=93 width=125)
	  Index Cond: ((id >= 3313946) AND (id <= 3314046))

table 8 : explain SELECT id, c FROM sbtest8 WHERE id BETWEEN 3313946 AND 3314046
	Index Scan using sbtest8_pkey on sbtest8  (cost=0.43..403.02 rows=101 width=125)
	  Index Cond: ((id >= 3313946) AND (id <= 3314046))

explain: for range-notcovered :: explain SELECT id, c FROM sbtest%d WHERE id BETWEEN 3313946 AND 3314046
for range-notcovered
table 1 : explain SELECT id, c FROM sbtest1 WHERE id BETWEEN 3821469 AND 3821569
	Index Scan using sbtest1_pkey on sbtest1  (cost=0.43..407.43 rows=102 width=125)
	  Index Cond: ((id >= 3821469) AND (id <= 3821569))

table 2 : explain SELECT id, c FROM sbtest2 WHERE id BETWEEN 3821469 AND 3821569
	Index Scan using sbtest2_pkey on sbtest2  (cost=0.43..411.37 rows=103 width=125)
	  Index Cond: ((id >= 3821469) AND (id <= 3821569))

table 3 : explain SELECT id, c FROM sbtest3 WHERE id BETWEEN 3821469 AND 3821569
	Index Scan using sbtest3_pkey on sbtest3  (cost=0.43..379.20 rows=95 width=125)
	  Index Cond: ((id >= 3821469) AND (id <= 3821569))

table 4 : explain SELECT id, c FROM sbtest4 WHERE id BETWEEN 3821469 AND 3821569
	Index Scan using sbtest4_pkey on sbtest4  (cost=0.43..378.90 rows=95 width=125)
	  Index Cond: ((id >= 3821469) AND (id <= 3821569))

table 5 : explain SELECT id, c FROM sbtest5 WHERE id BETWEEN 3821469 AND 3821569
	Index Scan using sbtest5_pkey on sbtest5  (cost=0.43..410.33 rows=103 width=125)
	  Index Cond: ((id >= 3821469) AND (id <= 3821569))

table 6 : explain SELECT id, c FROM sbtest6 WHERE id BETWEEN 3821469 AND 3821569
	Index Scan using sbtest6_pkey on sbtest6  (cost=0.43..366.85 rows=92 width=125)
	  Index Cond: ((id >= 3821469) AND (id <= 3821569))

table 7 : explain SELECT id, c FROM sbtest7 WHERE id BETWEEN 3821469 AND 3821569
	Index Scan using sbtest7_pkey on sbtest7  (cost=0.43..354.57 rows=89 width=125)
	  Index Cond: ((id >= 3821469) AND (id <= 3821569))

table 8 : explain SELECT id, c FROM sbtest8 WHERE id BETWEEN 3821469 AND 3821569
	Index Scan using sbtest8_pkey on sbtest8  (cost=0.43..387.22 rows=97 width=125)
	  Index Cond: ((id >= 3821469) AND (id <= 3821569))

for range-notcovered
table 1 : explain SELECT id, c FROM sbtest1 WHERE id BETWEEN 1766185 AND 1766285
	Index Scan using sbtest1_pkey on sbtest1  (cost=0.43..363.97 rows=91 width=125)
	  Index Cond: ((id >= 1766185) AND (id <= 1766285))

table 2 : explain SELECT id, c FROM sbtest2 WHERE id BETWEEN 1766185 AND 1766285
	Index Scan using sbtest2_pkey on sbtest2  (cost=0.43..403.47 rows=101 width=125)
	  Index Cond: ((id >= 1766185) AND (id <= 1766285))

table 3 : explain SELECT id, c FROM sbtest3 WHERE id BETWEEN 1766185 AND 1766285
	Index Scan using sbtest3_pkey on sbtest3  (cost=0.43..454.15 rows=114 width=125)
	  Index Cond: ((id >= 1766185) AND (id <= 1766285))

table 4 : explain SELECT id, c FROM sbtest4 WHERE id BETWEEN 1766185 AND 1766285
	Index Scan using sbtest4_pkey on sbtest4  (cost=0.43..394.66 rows=99 width=125)
	  Index Cond: ((id >= 1766185) AND (id <= 1766285))

table 5 : explain SELECT id, c FROM sbtest5 WHERE id BETWEEN 1766185 AND 1766285
	Index Scan using sbtest5_pkey on sbtest5  (cost=0.43..398.52 rows=100 width=125)
	  Index Cond: ((id >= 1766185) AND (id <= 1766285))

table 6 : explain SELECT id, c FROM sbtest6 WHERE id BETWEEN 1766185 AND 1766285
	Index Scan using sbtest6_pkey on sbtest6  (cost=0.43..418.06 rows=105 width=125)
	  Index Cond: ((id >= 1766185) AND (id <= 1766285))

table 7 : explain SELECT id, c FROM sbtest7 WHERE id BETWEEN 1766185 AND 1766285
	Index Scan using sbtest7_pkey on sbtest7  (cost=0.43..409.65 rows=103 width=125)
	  Index Cond: ((id >= 1766185) AND (id <= 1766285))

table 8 : explain SELECT id, c FROM sbtest8 WHERE id BETWEEN 1766185 AND 1766285
	Index Scan using sbtest8_pkey on sbtest8  (cost=0.43..458.25 rows=115 width=125)
	  Index Cond: ((id >= 1766185) AND (id <= 1766285))

explain: for range-notcovered :: explain SELECT id, c FROM sbtest%d WHERE id BETWEEN 5527207 AND 5527307
explain: for range-notcovered :: explain SELECT id, c FROM sbtest%d WHERE id BETWEEN 3821469 AND 3821569
for range-notcovered
table 1 : explain SELECT id, c FROM sbtest1 WHERE id BETWEEN 4551403 AND 4551503
	Index Scan using sbtest1_pkey on sbtest1  (cost=0.43..403.48 rows=101 width=125)
	  Index Cond: ((id >= 4551403) AND (id <= 4551503))

table 2 : explain SELECT id, c FROM sbtest2 WHERE id BETWEEN 4551403 AND 4551503
	Index Scan using sbtest2_pkey on sbtest2  (cost=0.43..363.95 rows=91 width=125)
	  Index Cond: ((id >= 4551403) AND (id <= 4551503))

table 3 : explain SELECT id, c FROM sbtest3 WHERE id BETWEEN 4551403 AND 4551503
	Index Scan using sbtest3_pkey on sbtest3  (cost=0.43..418.66 rows=105 width=125)
	  Index Cond: ((id >= 4551403) AND (id <= 4551503))

table 4 : explain SELECT id, c FROM sbtest4 WHERE id BETWEEN 4551403 AND 4551503
	Index Scan using sbtest4_pkey on sbtest4  (cost=0.43..390.72 rows=98 width=125)
	  Index Cond: ((id >= 4551403) AND (id <= 4551503))

table 5 : explain SELECT id, c FROM sbtest5 WHERE id BETWEEN 4551403 AND 4551503
	Index Scan using sbtest5_pkey on sbtest5  (cost=0.43..418.21 rows=105 width=125)
	  Index Cond: ((id >= 4551403) AND (id <= 4551503))

table 6 : explain SELECT id, c FROM sbtest6 WHERE id BETWEEN 4551403 AND 4551503
	Index Scan using sbtest6_pkey on sbtest6  (cost=0.43..414.12 rows=104 width=125)
	  Index Cond: ((id >= 4551403) AND (id <= 4551503))

table 7 : explain SELECT id, c FROM sbtest7 WHERE id BETWEEN 4551403 AND 4551503
	Index Scan using sbtest7_pkey on sbtest7  (cost=0.43..378.16 rows=95 width=125)
	  Index Cond: ((id >= 4551403) AND (id <= 4551503))

table 8 : explain SELECT id, c FROM sbtest8 WHERE id BETWEEN 4551403 AND 4551503
	Index Scan using sbtest8_pkey on sbtest8  (cost=0.43..391.16 rows=98 width=125)
	  Index Cond: ((id >= 4551403) AND (id <= 4551503))

explain: for range-notcovered :: explain SELECT id, c FROM sbtest%d WHERE id BETWEEN 4551403 AND 4551503
for range-notcovered
table 1 : explain SELECT id, c FROM sbtest1 WHERE id BETWEEN 6447999 AND 6448099
	Index Scan using sbtest1_pkey on sbtest1  (cost=0.43..470.63 rows=118 width=125)
	  Index Cond: ((id >= 6447999) AND (id <= 6448099))

table 2 : explain SELECT id, c FROM sbtest2 WHERE id BETWEEN 6447999 AND 6448099
	Index Scan using sbtest2_pkey on sbtest2  (cost=0.43..419.27 rows=105 width=125)
	  Index Cond: ((id >= 6447999) AND (id <= 6448099))

table 3 : explain SELECT id, c FROM sbtest3 WHERE id BETWEEN 6447999 AND 6448099
	Index Scan using sbtest3_pkey on sbtest3  (cost=0.43..446.26 rows=112 width=125)
	  Index Cond: ((id >= 6447999) AND (id <= 6448099))

table 4 : explain SELECT id, c FROM sbtest4 WHERE id BETWEEN 6447999 AND 6448099
	Index Scan using sbtest4_pkey on sbtest4  (cost=0.43..418.32 rows=105 width=125)
	  Index Cond: ((id >= 6447999) AND (id <= 6448099))

table 5 : explain SELECT id, c FROM sbtest5 WHERE id BETWEEN 6447999 AND 6448099
	Index Scan using sbtest5_pkey on sbtest5  (cost=0.43..410.33 rows=103 width=125)
	  Index Cond: ((id >= 6447999) AND (id <= 6448099))

table 6 : explain SELECT id, c FROM sbtest6 WHERE id BETWEEN 6447999 AND 6448099
	Index Scan using sbtest6_pkey on sbtest6  (cost=0.43..410.18 rows=103 width=125)
	  Index Cond: ((id >= 6447999) AND (id <= 6448099))

table 7 : explain SELECT id, c FROM sbtest7 WHERE id BETWEEN 6447999 AND 6448099
	Index Scan using sbtest7_pkey on sbtest7  (cost=0.43..409.65 rows=103 width=125)
	  Index Cond: ((id >= 6447999) AND (id <= 6448099))

table 8 : explain SELECT id, c FROM sbtest8 WHERE id BETWEEN 6447999 AND 6448099
	Index Scan using sbtest8_pkey on sbtest8  (cost=0.43..422.74 rows=106 width=125)
	  Index Cond: ((id >= 6447999) AND (id <= 6448099))

for range-notcovered
table 1 : explain SELECT id, c FROM sbtest1 WHERE id BETWEEN 3025426 AND 3025526
	Index Scan using sbtest1_pkey on sbtest1  (cost=0.43..407.43 rows=102 width=125)
	  Index Cond: ((id >= 3025426) AND (id <= 3025526))

table 2 : explain SELECT id, c FROM sbtest2 WHERE id BETWEEN 3025426 AND 3025526
	Index Scan using sbtest2_pkey on sbtest2  (cost=0.43..383.70 rows=96 width=125)
	  Index Cond: ((id >= 3025426) AND (id <= 3025526))

table 3 : explain SELECT id, c FROM sbtest3 WHERE id BETWEEN 3025426 AND 3025526
	Index Scan using sbtest3_pkey on sbtest3  (cost=0.43..493.59 rows=124 width=125)
	  Index Cond: ((id >= 3025426) AND (id <= 3025526))

table 4 : explain SELECT id, c FROM sbtest4 WHERE id BETWEEN 3025426 AND 3025526
	Index Scan using sbtest4_pkey on sbtest4  (cost=0.43..394.66 rows=99 width=125)
	  Index Cond: ((id >= 3025426) AND (id <= 3025526))

table 5 : explain SELECT id, c FROM sbtest5 WHERE id BETWEEN 3025426 AND 3025526
	Index Scan using sbtest5_pkey on sbtest5  (cost=0.43..437.91 rows=110 width=125)
	  Index Cond: ((id >= 3025426) AND (id <= 3025526))

table 6 : explain SELECT id, c FROM sbtest6 WHERE id BETWEEN 3025426 AND 3025526
	Index Scan using sbtest6_pkey on sbtest6  (cost=0.43..398.37 rows=100 width=125)
	  Index Cond: ((id >= 3025426) AND (id <= 3025526))

table 7 : explain SELECT id, c FROM sbtest7 WHERE id BETWEEN 3025426 AND 3025526
	Index Scan using sbtest7_pkey on sbtest7  (cost=0.43..417.51 rows=105 width=125)
	  Index Cond: ((id >= 3025426) AND (id <= 3025526))

table 8 : explain SELECT id, c FROM sbtest8 WHERE id BETWEEN 3025426 AND 3025526
	Index Scan using sbtest8_pkey on sbtest8  (cost=0.43..446.41 rows=112 width=125)
	  Index Cond: ((id >= 3025426) AND (id <= 3025526))

explain: for range-notcovered :: explain SELECT id, c FROM sbtest%d WHERE id BETWEEN 6447999 AND 6448099
explain: for range-notcovered :: explain SELECT id, c FROM sbtest%d WHERE id BETWEEN 3025426 AND 3025526
for range-notcovered
table 1 : explain SELECT id, c FROM sbtest1 WHERE id BETWEEN 5477012 AND 5477112
	Index Scan using sbtest1_pkey on sbtest1  (cost=0.43..367.92 rows=92 width=125)
	  Index Cond: ((id >= 5477012) AND (id <= 5477112))

table 2 : explain SELECT id, c FROM sbtest2 WHERE id BETWEEN 5477012 AND 5477112
	Index Scan using sbtest2_pkey on sbtest2  (cost=0.43..379.75 rows=95 width=125)
	  Index Cond: ((id >= 5477012) AND (id <= 5477112))

table 3 : explain SELECT id, c FROM sbtest3 WHERE id BETWEEN 5477012 AND 5477112
	Index Scan using sbtest3_pkey on sbtest3  (cost=0.43..477.81 rows=120 width=125)
	  Index Cond: ((id >= 5477012) AND (id <= 5477112))

table 4 : explain SELECT id, c FROM sbtest4 WHERE id BETWEEN 5477012 AND 5477112
	Index Scan using sbtest4_pkey on sbtest4  (cost=0.43..363.13 rows=91 width=125)
	  Index Cond: ((id >= 5477012) AND (id <= 5477112))

table 5 : explain SELECT id, c FROM sbtest5 WHERE id BETWEEN 5477012 AND 5477112
	Index Scan using sbtest5_pkey on sbtest5  (cost=0.43..414.27 rows=104 width=125)
	  Index Cond: ((id >= 5477012) AND (id <= 5477112))

table 6 : explain SELECT id, c FROM sbtest6 WHERE id BETWEEN 5477012 AND 5477112
	Index Scan using sbtest6_pkey on sbtest6  (cost=0.43..374.72 rows=94 width=125)
	  Index Cond: ((id >= 5477012) AND (id <= 5477112))

table 7 : explain SELECT id, c FROM sbtest7 WHERE id BETWEEN 5477012 AND 5477112
	Index Scan using sbtest7_pkey on sbtest7  (cost=0.43..362.43 rows=91 width=125)
	  Index Cond: ((id >= 5477012) AND (id <= 5477112))

table 8 : explain SELECT id, c FROM sbtest8 WHERE id BETWEEN 5477012 AND 5477112
	Index Scan using sbtest8_pkey on sbtest8  (cost=0.43..375.38 rows=94 width=125)
	  Index Cond: ((id >= 5477012) AND (id <= 5477112))

for range-notcovered
table 1 : explain SELECT id, c FROM sbtest1 WHERE id BETWEEN 3313946 AND 3314046
	Index Scan using sbtest1_pkey on sbtest1  (cost=0.43..407.43 rows=102 width=125)
	  Index Cond: ((id >= 3313946) AND (id <= 3314046))

table 2 : explain SELECT id, c FROM sbtest2 WHERE id BETWEEN 3313946 AND 3314046
	Index Scan using sbtest2_pkey on sbtest2  (cost=0.43..419.27 rows=105 width=125)
	  Index Cond: ((id >= 3313946) AND (id <= 3314046))

table 3 : explain SELECT id, c FROM sbtest3 WHERE id BETWEEN 3313946 AND 3314046
	Index Scan using sbtest3_pkey on sbtest3  (cost=0.43..438.37 rows=110 width=125)
	  Index Cond: ((id >= 3313946) AND (id <= 3314046))

table 4 : explain SELECT id, c FROM sbtest4 WHERE id BETWEEN 3313946 AND 3314046
	Index Scan using sbtest4_pkey on sbtest4  (cost=0.43..394.66 rows=99 width=125)
	  Index Cond: ((id >= 3313946) AND (id <= 3314046))

table 5 : explain SELECT id, c FROM sbtest5 WHERE id BETWEEN 3313946 AND 3314046
	Index Scan using sbtest5_pkey on sbtest5  (cost=0.43..422.15 rows=106 width=125)
	  Index Cond: ((id >= 3313946) AND (id <= 3314046))

table 6 : explain SELECT id, c FROM sbtest6 WHERE id BETWEEN 3313946 AND 3314046
	Index Scan using sbtest6_pkey on sbtest6  (cost=0.43..386.54 rows=97 width=125)
	  Index Cond: ((id >= 3313946) AND (id <= 3314046))

table 7 : explain SELECT id, c FROM sbtest7 WHERE id BETWEEN 3313946 AND 3314046
	Index Scan using sbtest7_pkey on sbtest7  (cost=0.43..370.30 rows=93 width=125)
	  Index Cond: ((id >= 3313946) AND (id <= 3314046))

table 8 : explain SELECT id, c FROM sbtest8 WHERE id BETWEEN 3313946 AND 3314046
	Index Scan using sbtest8_pkey on sbtest8  (cost=0.43..403.02 rows=101 width=125)
	  Index Cond: ((id >= 3313946) AND (id <= 3314046))

explain: for range-notcovered :: explain SELECT id, c FROM sbtest%d WHERE id BETWEEN 5477012 AND 5477112
for range-notcovered
table 1 : explain SELECT id, c FROM sbtest1 WHERE id BETWEEN 9424066 AND 9424166
	Index Scan using sbtest1_pkey on sbtest1  (cost=0.43..431.13 rows=108 width=125)
	  Index Cond: ((id >= 9424066) AND (id <= 9424166))

table 2 : explain SELECT id, c FROM sbtest2 WHERE id BETWEEN 9424066 AND 9424166
	Index Scan using sbtest2_pkey on sbtest2  (cost=0.43..379.75 rows=95 width=125)
	  Index Cond: ((id >= 9424066) AND (id <= 9424166))

table 3 : explain SELECT id, c FROM sbtest3 WHERE id BETWEEN 9424066 AND 9424166
	Index Scan using sbtest3_pkey on sbtest3  (cost=0.43..450.20 rows=113 width=125)
	  Index Cond: ((id >= 9424066) AND (id <= 9424166))

table 4 : explain SELECT id, c FROM sbtest4 WHERE id BETWEEN 9424066 AND 9424166
	Index Scan using sbtest4_pkey on sbtest4  (cost=0.43..406.50 rows=102 width=125)
	  Index Cond: ((id >= 9424066) AND (id <= 9424166))

table 5 : explain SELECT id, c FROM sbtest5 WHERE id BETWEEN 9424066 AND 9424166
	Index Scan using sbtest5_pkey on sbtest5  (cost=0.43..398.52 rows=100 width=125)
	  Index Cond: ((id >= 9424066) AND (id <= 9424166))

table 6 : explain SELECT id, c FROM sbtest6 WHERE id BETWEEN 9424066 AND 9424166
	Index Scan using sbtest6_pkey on sbtest6  (cost=0.43..488.94 rows=123 width=125)
	  Index Cond: ((id >= 9424066) AND (id <= 9424166))

table 7 : explain SELECT id, c FROM sbtest7 WHERE id BETWEEN 9424066 AND 9424166
	Index Scan using sbtest7_pkey on sbtest7  (cost=0.43..413.58 rows=104 width=125)
	  Index Cond: ((id >= 9424066) AND (id <= 9424166))

table 8 : explain SELECT id, c FROM sbtest8 WHERE id BETWEEN 9424066 AND 9424166
	Index Scan using sbtest8_pkey on sbtest8  (cost=0.43..371.44 rows=93 width=125)
	  Index Cond: ((id >= 9424066) AND (id <= 9424166))

explain: for range-notcovered :: explain SELECT id, c FROM sbtest%d WHERE id BETWEEN 3313946 AND 3314046
explain: for range-notcovered :: explain SELECT id, c FROM sbtest%d WHERE id BETWEEN 9424066 AND 9424166
for range-notcovered
table 1 : explain SELECT id, c FROM sbtest1 WHERE id BETWEEN 3821469 AND 3821569
	Index Scan using sbtest1_pkey on sbtest1  (cost=0.43..407.43 rows=102 width=125)
	  Index Cond: ((id >= 3821469) AND (id <= 3821569))

table 2 : explain SELECT id, c FROM sbtest2 WHERE id BETWEEN 3821469 AND 3821569
	Index Scan using sbtest2_pkey on sbtest2  (cost=0.43..411.37 rows=103 width=125)
	  Index Cond: ((id >= 3821469) AND (id <= 3821569))

table 3 : explain SELECT id, c FROM sbtest3 WHERE id BETWEEN 3821469 AND 3821569
	Index Scan using sbtest3_pkey on sbtest3  (cost=0.43..379.20 rows=95 width=125)
	  Index Cond: ((id >= 3821469) AND (id <= 3821569))

table 4 : explain SELECT id, c FROM sbtest4 WHERE id BETWEEN 3821469 AND 3821569
	Index Scan using sbtest4_pkey on sbtest4  (cost=0.43..378.90 rows=95 width=125)
	  Index Cond: ((id >= 3821469) AND (id <= 3821569))

table 5 : explain SELECT id, c FROM sbtest5 WHERE id BETWEEN 3821469 AND 3821569
	Index Scan using sbtest5_pkey on sbtest5  (cost=0.43..410.33 rows=103 width=125)
	  Index Cond: ((id >= 3821469) AND (id <= 3821569))

table 6 : explain SELECT id, c FROM sbtest6 WHERE id BETWEEN 3821469 AND 3821569
	Index Scan using sbtest6_pkey on sbtest6  (cost=0.43..366.85 rows=92 width=125)
	  Index Cond: ((id >= 3821469) AND (id <= 3821569))

table 7 : explain SELECT id, c FROM sbtest7 WHERE id BETWEEN 3821469 AND 3821569
	Index Scan using sbtest7_pkey on sbtest7  (cost=0.43..354.57 rows=89 width=125)
	  Index Cond: ((id >= 3821469) AND (id <= 3821569))

table 8 : explain SELECT id, c FROM sbtest8 WHERE id BETWEEN 3821469 AND 3821569
	Index Scan using sbtest8_pkey on sbtest8  (cost=0.43..387.22 rows=97 width=125)
	  Index Cond: ((id >= 3821469) AND (id <= 3821569))

explain: for range-notcovered :: explain SELECT id, c FROM sbtest%d WHERE id BETWEEN 3821469 AND 3821569
for range-notcovered
table 1 : explain SELECT id, c FROM sbtest1 WHERE id BETWEEN 4551403 AND 4551503
	Index Scan using sbtest1_pkey on sbtest1  (cost=0.43..403.48 rows=101 width=125)
	  Index Cond: ((id >= 4551403) AND (id <= 4551503))

table 2 : explain SELECT id, c FROM sbtest2 WHERE id BETWEEN 4551403 AND 4551503
	Index Scan using sbtest2_pkey on sbtest2  (cost=0.43..363.95 rows=91 width=125)
	  Index Cond: ((id >= 4551403) AND (id <= 4551503))

table 3 : explain SELECT id, c FROM sbtest3 WHERE id BETWEEN 4551403 AND 4551503
	Index Scan using sbtest3_pkey on sbtest3  (cost=0.43..418.66 rows=105 width=125)
	  Index Cond: ((id >= 4551403) AND (id <= 4551503))

table 4 : explain SELECT id, c FROM sbtest4 WHERE id BETWEEN 4551403 AND 4551503
	Index Scan using sbtest4_pkey on sbtest4  (cost=0.43..390.72 rows=98 width=125)
	  Index Cond: ((id >= 4551403) AND (id <= 4551503))

table 5 : explain SELECT id, c FROM sbtest5 WHERE id BETWEEN 4551403 AND 4551503
	Index Scan using sbtest5_pkey on sbtest5  (cost=0.43..418.21 rows=105 width=125)
	  Index Cond: ((id >= 4551403) AND (id <= 4551503))

table 6 : explain SELECT id, c FROM sbtest6 WHERE id BETWEEN 4551403 AND 4551503
	Index Scan using sbtest6_pkey on sbtest6  (cost=0.43..414.12 rows=104 width=125)
	  Index Cond: ((id >= 4551403) AND (id <= 4551503))

table 7 : explain SELECT id, c FROM sbtest7 WHERE id BETWEEN 4551403 AND 4551503
	Index Scan using sbtest7_pkey on sbtest7  (cost=0.43..378.16 rows=95 width=125)
	  Index Cond: ((id >= 4551403) AND (id <= 4551503))

table 8 : explain SELECT id, c FROM sbtest8 WHERE id BETWEEN 4551403 AND 4551503
	Index Scan using sbtest8_pkey on sbtest8  (cost=0.43..391.16 rows=98 width=125)
	  Index Cond: ((id >= 4551403) AND (id <= 4551503))

for range-notcovered
table 1 : explain SELECT id, c FROM sbtest1 WHERE id BETWEEN 4278027 AND 4278127
	Index Scan using sbtest1_pkey on sbtest1  (cost=0.43..383.72 rows=96 width=125)
	  Index Cond: ((id >= 4278027) AND (id <= 4278127))

table 2 : explain SELECT id, c FROM sbtest2 WHERE id BETWEEN 4278027 AND 4278127
	Index Scan using sbtest2_pkey on sbtest2  (cost=0.43..403.47 rows=101 width=125)
	  Index Cond: ((id >= 4278027) AND (id <= 4278127))

table 3 : explain SELECT id, c FROM sbtest3 WHERE id BETWEEN 4278027 AND 4278127
	Index Scan using sbtest3_pkey on sbtest3  (cost=0.43..398.92 rows=100 width=125)
	  Index Cond: ((id >= 4278027) AND (id <= 4278127))

table 4 : explain SELECT id, c FROM sbtest4 WHERE id BETWEEN 4278027 AND 4278127
	Index Scan using sbtest4_pkey on sbtest4  (cost=0.43..434.08 rows=109 width=125)
	  Index Cond: ((id >= 4278027) AND (id <= 4278127))

table 5 : explain SELECT id, c FROM sbtest5 WHERE id BETWEEN 4278027 AND 4278127
	Index Scan using sbtest5_pkey on sbtest5  (cost=0.43..398.52 rows=100 width=125)
	  Index Cond: ((id >= 4278027) AND (id <= 4278127))

table 6 : explain SELECT id, c FROM sbtest6 WHERE id BETWEEN 4278027 AND 4278127
	Index Scan using sbtest6_pkey on sbtest6  (cost=0.43..429.87 rows=108 width=125)
	  Index Cond: ((id >= 4278027) AND (id <= 4278127))

table 7 : explain SELECT id, c FROM sbtest7 WHERE id BETWEEN 4278027 AND 4278127
	Index Scan using sbtest7_pkey on sbtest7  (cost=0.43..413.58 rows=104 width=125)
	  Index Cond: ((id >= 4278027) AND (id <= 4278127))

table 8 : explain SELECT id, c FROM sbtest8 WHERE id BETWEEN 4278027 AND 4278127
	Index Scan using sbtest8_pkey on sbtest8  (cost=0.43..391.16 rows=98 width=125)
	  Index Cond: ((id >= 4278027) AND (id <= 4278127))

for range-notcovered
table 1 : explain SELECT id, c FROM sbtest1 WHERE id BETWEEN 5477012 AND 5477112
	Index Scan using sbtest1_pkey on sbtest1  (cost=0.43..367.92 rows=92 width=125)
	  Index Cond: ((id >= 5477012) AND (id <= 5477112))

table 2 : explain SELECT id, c FROM sbtest2 WHERE id BETWEEN 5477012 AND 5477112
	Index Scan using sbtest2_pkey on sbtest2  (cost=0.43..379.75 rows=95 width=125)
	  Index Cond: ((id >= 5477012) AND (id <= 5477112))

table 3 : explain SELECT id, c FROM sbtest3 WHERE id BETWEEN 5477012 AND 5477112
	Index Scan using sbtest3_pkey on sbtest3  (cost=0.43..477.81 rows=120 width=125)
	  Index Cond: ((id >= 5477012) AND (id <= 5477112))

table 4 : explain SELECT id, c FROM sbtest4 WHERE id BETWEEN 5477012 AND 5477112
	Index Scan using sbtest4_pkey on sbtest4  (cost=0.43..363.13 rows=91 width=125)
	  Index Cond: ((id >= 5477012) AND (id <= 5477112))

table 5 : explain SELECT id, c FROM sbtest5 WHERE id BETWEEN 5477012 AND 5477112
	Index Scan using sbtest5_pkey on sbtest5  (cost=0.43..414.27 rows=104 width=125)
	  Index Cond: ((id >= 5477012) AND (id <= 5477112))

table 6 : explain SELECT id, c FROM sbtest6 WHERE id BETWEEN 5477012 AND 5477112
	Index Scan using sbtest6_pkey on sbtest6  (cost=0.43..374.72 rows=94 width=125)
	  Index Cond: ((id >= 5477012) AND (id <= 5477112))

table 7 : explain SELECT id, c FROM sbtest7 WHERE id BETWEEN 5477012 AND 5477112
	Index Scan using sbtest7_pkey on sbtest7  (cost=0.43..362.43 rows=91 width=125)
	  Index Cond: ((id >= 5477012) AND (id <= 5477112))

table 8 : explain SELECT id, c FROM sbtest8 WHERE id BETWEEN 5477012 AND 5477112
	Index Scan using sbtest8_pkey on sbtest8  (cost=0.43..375.38 rows=94 width=125)
	  Index Cond: ((id >= 5477012) AND (id <= 5477112))

for range-notcovered
table 1 : explain SELECT id, c FROM sbtest1 WHERE id BETWEEN 3313946 AND 3314046
	Index Scan using sbtest1_pkey on sbtest1  (cost=0.43..407.43 rows=102 width=125)
	  Index Cond: ((id >= 3313946) AND (id <= 3314046))

table 2 : explain SELECT id, c FROM sbtest2 WHERE id BETWEEN 3313946 AND 3314046
	Index Scan using sbtest2_pkey on sbtest2  (cost=0.43..419.27 rows=105 width=125)
	  Index Cond: ((id >= 3313946) AND (id <= 3314046))

table 3 : explain SELECT id, c FROM sbtest3 WHERE id BETWEEN 3313946 AND 3314046
	Index Scan using sbtest3_pkey on sbtest3  (cost=0.43..438.37 rows=110 width=125)
	  Index Cond: ((id >= 3313946) AND (id <= 3314046))

table 4 : explain SELECT id, c FROM sbtest4 WHERE id BETWEEN 3313946 AND 3314046
	Index Scan using sbtest4_pkey on sbtest4  (cost=0.43..394.66 rows=99 width=125)
	  Index Cond: ((id >= 3313946) AND (id <= 3314046))

table 5 : explain SELECT id, c FROM sbtest5 WHERE id BETWEEN 3313946 AND 3314046
	Index Scan using sbtest5_pkey on sbtest5  (cost=0.43..422.15 rows=106 width=125)
	  Index Cond: ((id >= 3313946) AND (id <= 3314046))

table 6 : explain SELECT id, c FROM sbtest6 WHERE id BETWEEN 3313946 AND 3314046
	Index Scan using sbtest6_pkey on sbtest6  (cost=0.43..386.54 rows=97 width=125)
	  Index Cond: ((id >= 3313946) AND (id <= 3314046))

table 7 : explain SELECT id, c FROM sbtest7 WHERE id BETWEEN 3313946 AND 3314046
	Index Scan using sbtest7_pkey on sbtest7  (cost=0.43..370.30 rows=93 width=125)
	  Index Cond: ((id >= 3313946) AND (id <= 3314046))

table 8 : explain SELECT id, c FROM sbtest8 WHERE id BETWEEN 3313946 AND 3314046
	Index Scan using sbtest8_pkey on sbtest8  (cost=0.43..403.02 rows=101 width=125)
	  Index Cond: ((id >= 3313946) AND (id <= 3314046))

explain: for range-notcovered :: explain SELECT id, c FROM sbtest%d WHERE id BETWEEN 5477012 AND 5477112
for range-notcovered
table 1 : explain SELECT id, c FROM sbtest1 WHERE id BETWEEN 1429860 AND 1429960
	Index Scan using sbtest1_pkey on sbtest1  (cost=0.43..399.53 rows=100 width=125)
	  Index Cond: ((id >= 1429860) AND (id <= 1429960))

table 2 : explain SELECT id, c FROM sbtest2 WHERE id BETWEEN 1429860 AND 1429960
	Index Scan using sbtest2_pkey on sbtest2  (cost=0.43..435.06 rows=109 width=125)
	  Index Cond: ((id >= 1429860) AND (id <= 1429960))

table 3 : explain SELECT id, c FROM sbtest3 WHERE id BETWEEN 1429860 AND 1429960
	Index Scan using sbtest3_pkey on sbtest3  (cost=0.43..406.82 rows=102 width=125)
	  Index Cond: ((id >= 1429860) AND (id <= 1429960))

table 4 : explain SELECT id, c FROM sbtest4 WHERE id BETWEEN 1429860 AND 1429960
	Index Scan using sbtest4_pkey on sbtest4  (cost=0.43..390.72 rows=98 width=125)
	  Index Cond: ((id >= 1429860) AND (id <= 1429960))

table 5 : explain SELECT id, c FROM sbtest5 WHERE id BETWEEN 1429860 AND 1429960
	Index Scan using sbtest5_pkey on sbtest5  (cost=0.43..386.68 rows=97 width=125)
	  Index Cond: ((id >= 1429860) AND (id <= 1429960))

table 6 : explain SELECT id, c FROM sbtest6 WHERE id BETWEEN 1429860 AND 1429960
	Index Scan using sbtest6_pkey on sbtest6  (cost=0.43..378.66 rows=95 width=125)
	  Index Cond: ((id >= 1429860) AND (id <= 1429960))

table 7 : explain SELECT id, c FROM sbtest7 WHERE id BETWEEN 1429860 AND 1429960
	Index Scan using sbtest7_pkey on sbtest7  (cost=0.43..386.03 rows=97 width=125)
	  Index Cond: ((id >= 1429860) AND (id <= 1429960))

table 8 : explain SELECT id, c FROM sbtest8 WHERE id BETWEEN 1429860 AND 1429960
	Index Scan using sbtest8_pkey on sbtest8  (cost=0.43..395.11 rows=99 width=125)
	  Index Cond: ((id >= 1429860) AND (id <= 1429960))

explain: for range-notcovered :: explain SELECT id, c FROM sbtest%d WHERE id BETWEEN 3313946 AND 3314046
explain: for range-notcovered :: explain SELECT id, c FROM sbtest%d WHERE id BETWEEN 4278027 AND 4278127
for range-notcovered
table 1 : explain SELECT id, c FROM sbtest1 WHERE id BETWEEN 3821469 AND 3821569
	Index Scan using sbtest1_pkey on sbtest1  (cost=0.43..407.43 rows=102 width=125)
	  Index Cond: ((id >= 3821469) AND (id <= 3821569))

table 2 : explain SELECT id, c FROM sbtest2 WHERE id BETWEEN 3821469 AND 3821569
	Index Scan using sbtest2_pkey on sbtest2  (cost=0.43..411.37 rows=103 width=125)
	  Index Cond: ((id >= 3821469) AND (id <= 3821569))

table 3 : explain SELECT id, c FROM sbtest3 WHERE id BETWEEN 3821469 AND 3821569
	Index Scan using sbtest3_pkey on sbtest3  (cost=0.43..379.20 rows=95 width=125)
	  Index Cond: ((id >= 3821469) AND (id <= 3821569))

table 4 : explain SELECT id, c FROM sbtest4 WHERE id BETWEEN 3821469 AND 3821569
	Index Scan using sbtest4_pkey on sbtest4  (cost=0.43..378.90 rows=95 width=125)
	  Index Cond: ((id >= 3821469) AND (id <= 3821569))

table 5 : explain SELECT id, c FROM sbtest5 WHERE id BETWEEN 3821469 AND 3821569
	Index Scan using sbtest5_pkey on sbtest5  (cost=0.43..410.33 rows=103 width=125)
	  Index Cond: ((id >= 3821469) AND (id <= 3821569))

table 6 : explain SELECT id, c FROM sbtest6 WHERE id BETWEEN 3821469 AND 3821569
	Index Scan using sbtest6_pkey on sbtest6  (cost=0.43..366.85 rows=92 width=125)
	  Index Cond: ((id >= 3821469) AND (id <= 3821569))

table 7 : explain SELECT id, c FROM sbtest7 WHERE id BETWEEN 3821469 AND 3821569
	Index Scan using sbtest7_pkey on sbtest7  (cost=0.43..354.57 rows=89 width=125)
	  Index Cond: ((id >= 3821469) AND (id <= 3821569))

table 8 : explain SELECT id, c FROM sbtest8 WHERE id BETWEEN 3821469 AND 3821569
	Index Scan using sbtest8_pkey on sbtest8  (cost=0.43..387.22 rows=97 width=125)
	  Index Cond: ((id >= 3821469) AND (id <= 3821569))

explain: for range-notcovered :: explain SELECT id, c FROM sbtest%d WHERE id BETWEEN 1429860 AND 1429960
for range-notcovered
table 1 : explain SELECT id, c FROM sbtest1 WHERE id BETWEEN 9424066 AND 9424166
	Index Scan using sbtest1_pkey on sbtest1  (cost=0.43..431.13 rows=108 width=125)
	  Index Cond: ((id >= 9424066) AND (id <= 9424166))

table 2 : explain SELECT id, c FROM sbtest2 WHERE id BETWEEN 9424066 AND 9424166
	Index Scan using sbtest2_pkey on sbtest2  (cost=0.43..379.75 rows=95 width=125)
	  Index Cond: ((id >= 9424066) AND (id <= 9424166))

table 3 : explain SELECT id, c FROM sbtest3 WHERE id BETWEEN 9424066 AND 9424166
	Index Scan using sbtest3_pkey on sbtest3  (cost=0.43..450.20 rows=113 width=125)
	  Index Cond: ((id >= 9424066) AND (id <= 9424166))

table 4 : explain SELECT id, c FROM sbtest4 WHERE id BETWEEN 9424066 AND 9424166
	Index Scan using sbtest4_pkey on sbtest4  (cost=0.43..406.50 rows=102 width=125)
	  Index Cond: ((id >= 9424066) AND (id <= 9424166))

table 5 : explain SELECT id, c FROM sbtest5 WHERE id BETWEEN 9424066 AND 9424166
	Index Scan using sbtest5_pkey on sbtest5  (cost=0.43..398.52 rows=100 width=125)
	  Index Cond: ((id >= 9424066) AND (id <= 9424166))

table 6 : explain SELECT id, c FROM sbtest6 WHERE id BETWEEN 9424066 AND 9424166
	Index Scan using sbtest6_pkey on sbtest6  (cost=0.43..488.94 rows=123 width=125)
	  Index Cond: ((id >= 9424066) AND (id <= 9424166))

table 7 : explain SELECT id, c FROM sbtest7 WHERE id BETWEEN 9424066 AND 9424166
	Index Scan using sbtest7_pkey on sbtest7  (cost=0.43..413.58 rows=104 width=125)
	  Index Cond: ((id >= 9424066) AND (id <= 9424166))

table 8 : explain SELECT id, c FROM sbtest8 WHERE id BETWEEN 9424066 AND 9424166
	Index Scan using sbtest8_pkey on sbtest8  (cost=0.43..371.44 rows=93 width=125)
	  Index Cond: ((id >= 9424066) AND (id <= 9424166))

for range-notcovered
table 1 : explain SELECT id, c FROM sbtest1 WHERE id BETWEEN 6447999 AND 6448099
	Index Scan using sbtest1_pkey on sbtest1  (cost=0.43..470.63 rows=118 width=125)
	  Index Cond: ((id >= 6447999) AND (id <= 6448099))

table 2 : explain SELECT id, c FROM sbtest2 WHERE id BETWEEN 6447999 AND 6448099
	Index Scan using sbtest2_pkey on sbtest2  (cost=0.43..419.27 rows=105 width=125)
	  Index Cond: ((id >= 6447999) AND (id <= 6448099))

table 3 : explain SELECT id, c FROM sbtest3 WHERE id BETWEEN 6447999 AND 6448099
	Index Scan using sbtest3_pkey on sbtest3  (cost=0.43..446.26 rows=112 width=125)
	  Index Cond: ((id >= 6447999) AND (id <= 6448099))

table 4 : explain SELECT id, c FROM sbtest4 WHERE id BETWEEN 6447999 AND 6448099
	Index Scan using sbtest4_pkey on sbtest4  (cost=0.43..418.32 rows=105 width=125)
	  Index Cond: ((id >= 6447999) AND (id <= 6448099))

table 5 : explain SELECT id, c FROM sbtest5 WHERE id BETWEEN 6447999 AND 6448099
	Index Scan using sbtest5_pkey on sbtest5  (cost=0.43..410.33 rows=103 width=125)
	  Index Cond: ((id >= 6447999) AND (id <= 6448099))

table 6 : explain SELECT id, c FROM sbtest6 WHERE id BETWEEN 6447999 AND 6448099
	Index Scan using sbtest6_pkey on sbtest6  (cost=0.43..410.18 rows=103 width=125)
	  Index Cond: ((id >= 6447999) AND (id <= 6448099))

table 7 : explain SELECT id, c FROM sbtest7 WHERE id BETWEEN 6447999 AND 6448099
	Index Scan using sbtest7_pkey on sbtest7  (cost=0.43..409.65 rows=103 width=125)
	  Index Cond: ((id >= 6447999) AND (id <= 6448099))

table 8 : explain SELECT id, c FROM sbtest8 WHERE id BETWEEN 6447999 AND 6448099
	Index Scan using sbtest8_pkey on sbtest8  (cost=0.43..422.74 rows=106 width=125)
	  Index Cond: ((id >= 6447999) AND (id <= 6448099))

explain: for range-notcovered :: explain SELECT id, c FROM sbtest%d WHERE id BETWEEN 9424066 AND 9424166
explain: for range-notcovered :: explain SELECT id, c FROM sbtest%d WHERE id BETWEEN 3340404 AND 3340504
for range-notcovered
table 1 : explain SELECT id, c FROM sbtest1 WHERE id BETWEEN 3025426 AND 3025526
	Index Scan using sbtest1_pkey on sbtest1  (cost=0.43..407.43 rows=102 width=125)
	  Index Cond: ((id >= 3025426) AND (id <= 3025526))

table 2 : explain SELECT id, c FROM sbtest2 WHERE id BETWEEN 3025426 AND 3025526
	Index Scan using sbtest2_pkey on sbtest2  (cost=0.43..383.70 rows=96 width=125)
	  Index Cond: ((id >= 3025426) AND (id <= 3025526))

table 3 : explain SELECT id, c FROM sbtest3 WHERE id BETWEEN 3025426 AND 3025526
	Index Scan using sbtest3_pkey on sbtest3  (cost=0.43..493.59 rows=124 width=125)
	  Index Cond: ((id >= 3025426) AND (id <= 3025526))

table 4 : explain SELECT id, c FROM sbtest4 WHERE id BETWEEN 3025426 AND 3025526
	Index Scan using sbtest4_pkey on sbtest4  (cost=0.43..394.66 rows=99 width=125)
	  Index Cond: ((id >= 3025426) AND (id <= 3025526))

table 5 : explain SELECT id, c FROM sbtest5 WHERE id BETWEEN 3025426 AND 3025526
	Index Scan using sbtest5_pkey on sbtest5  (cost=0.43..437.91 rows=110 width=125)
	  Index Cond: ((id >= 3025426) AND (id <= 3025526))

table 6 : explain SELECT id, c FROM sbtest6 WHERE id BETWEEN 3025426 AND 3025526
	Index Scan using sbtest6_pkey on sbtest6  (cost=0.43..398.37 rows=100 width=125)
	  Index Cond: ((id >= 3025426) AND (id <= 3025526))

table 7 : explain SELECT id, c FROM sbtest7 WHERE id BETWEEN 3025426 AND 3025526
	Index Scan using sbtest7_pkey on sbtest7  (cost=0.43..417.51 rows=105 width=125)
	  Index Cond: ((id >= 3025426) AND (id <= 3025526))

table 8 : explain SELECT id, c FROM sbtest8 WHERE id BETWEEN 3025426 AND 3025526
	Index Scan using sbtest8_pkey on sbtest8  (cost=0.43..446.41 rows=112 width=125)
	  Index Cond: ((id >= 3025426) AND (id <= 3025526))

explain: for range-notcovered :: explain SELECT id, c FROM sbtest%d WHERE id BETWEEN 7092218 AND 7092318
explain: for range-notcovered :: explain SELECT id, c FROM sbtest%d WHERE id BETWEEN 6447999 AND 6448099
explain: for range-notcovered :: explain SELECT id, c FROM sbtest%d WHERE id BETWEEN 3025426 AND 3025526
for range-notcovered
table 1 : explain SELECT id, c FROM sbtest1 WHERE id BETWEEN 3124333 AND 3124433
	Index Scan using sbtest1_pkey on sbtest1  (cost=0.43..383.72 rows=96 width=125)
	  Index Cond: ((id >= 3124333) AND (id <= 3124433))

table 2 : explain SELECT id, c FROM sbtest2 WHERE id BETWEEN 3124333 AND 3124433
	Index Scan using sbtest2_pkey on sbtest2  (cost=0.43..399.52 rows=100 width=125)
	  Index Cond: ((id >= 3124333) AND (id <= 3124433))

table 3 : explain SELECT id, c FROM sbtest3 WHERE id BETWEEN 3124333 AND 3124433
	Index Scan using sbtest3_pkey on sbtest3  (cost=0.43..394.97 rows=99 width=125)
	  Index Cond: ((id >= 3124333) AND (id <= 3124433))

table 4 : explain SELECT id, c FROM sbtest4 WHERE id BETWEEN 3124333 AND 3124433
	Index Scan using sbtest4_pkey on sbtest4  (cost=0.43..422.26 rows=106 width=125)
	  Index Cond: ((id >= 3124333) AND (id <= 3124433))

table 5 : explain SELECT id, c FROM sbtest5 WHERE id BETWEEN 3124333 AND 3124433
	Index Scan using sbtest5_pkey on sbtest5  (cost=0.43..394.56 rows=99 width=125)
	  Index Cond: ((id >= 3124333) AND (id <= 3124433))

table 6 : explain SELECT id, c FROM sbtest6 WHERE id BETWEEN 3124333 AND 3124433
	Index Scan using sbtest6_pkey on sbtest6  (cost=0.43..390.47 rows=98 width=125)
	  Index Cond: ((id >= 3124333) AND (id <= 3124433))

table 7 : explain SELECT id, c FROM sbtest7 WHERE id BETWEEN 3124333 AND 3124433
	Index Scan using sbtest7_pkey on sbtest7  (cost=0.43..417.51 rows=105 width=125)
	  Index Cond: ((id >= 3124333) AND (id <= 3124433))

table 8 : explain SELECT id, c FROM sbtest8 WHERE id BETWEEN 3124333 AND 3124433
	Index Scan using sbtest8_pkey on sbtest8  (cost=0.43..418.80 rows=105 width=125)
	  Index Cond: ((id >= 3124333) AND (id <= 3124433))

for range-notcovered
table 1 : explain SELECT id, c FROM sbtest1 WHERE id BETWEEN 5477012 AND 5477112
	Index Scan using sbtest1_pkey on sbtest1  (cost=0.43..367.92 rows=92 width=125)
	  Index Cond: ((id >= 5477012) AND (id <= 5477112))

table 2 : explain SELECT id, c FROM sbtest2 WHERE id BETWEEN 5477012 AND 5477112
	Index Scan using sbtest2_pkey on sbtest2  (cost=0.43..379.75 rows=95 width=125)
	  Index Cond: ((id >= 5477012) AND (id <= 5477112))

table 3 : explain SELECT id, c FROM sbtest3 WHERE id BETWEEN 5477012 AND 5477112
	Index Scan using sbtest3_pkey on sbtest3  (cost=0.43..477.81 rows=120 width=125)
	  Index Cond: ((id >= 5477012) AND (id <= 5477112))

table 4 : explain SELECT id, c FROM sbtest4 WHERE id BETWEEN 5477012 AND 5477112
	Index Scan using sbtest4_pkey on sbtest4  (cost=0.43..363.13 rows=91 width=125)
	  Index Cond: ((id >= 5477012) AND (id <= 5477112))

table 5 : explain SELECT id, c FROM sbtest5 WHERE id BETWEEN 5477012 AND 5477112
	Index Scan using sbtest5_pkey on sbtest5  (cost=0.43..414.27 rows=104 width=125)
	  Index Cond: ((id >= 5477012) AND (id <= 5477112))

table 6 : explain SELECT id, c FROM sbtest6 WHERE id BETWEEN 5477012 AND 5477112
	Index Scan using sbtest6_pkey on sbtest6  (cost=0.43..374.72 rows=94 width=125)
	  Index Cond: ((id >= 5477012) AND (id <= 5477112))

table 7 : explain SELECT id, c FROM sbtest7 WHERE id BETWEEN 5477012 AND 5477112
	Index Scan using sbtest7_pkey on sbtest7  (cost=0.43..362.43 rows=91 width=125)
	  Index Cond: ((id >= 5477012) AND (id <= 5477112))

table 8 : explain SELECT id, c FROM sbtest8 WHERE id BETWEEN 5477012 AND 5477112
	Index Scan using sbtest8_pkey on sbtest8  (cost=0.43..375.38 rows=94 width=125)
	  Index Cond: ((id >= 5477012) AND (id <= 5477112))

explain: for range-notcovered :: explain SELECT id, c FROM sbtest%d WHERE id BETWEEN 3124333 AND 3124433
explain: for range-notcovered :: explain SELECT id, c FROM sbtest%d WHERE id BETWEEN 5477012 AND 5477112
for range-notcovered
table 1 : explain SELECT id, c FROM sbtest1 WHERE id BETWEEN 3313946 AND 3314046
	Index Scan using sbtest1_pkey on sbtest1  (cost=0.43..407.43 rows=102 width=125)
	  Index Cond: ((id >= 3313946) AND (id <= 3314046))

table 2 : explain SELECT id, c FROM sbtest2 WHERE id BETWEEN 3313946 AND 3314046
	Index Scan using sbtest2_pkey on sbtest2  (cost=0.43..419.27 rows=105 width=125)
	  Index Cond: ((id >= 3313946) AND (id <= 3314046))

table 3 : explain SELECT id, c FROM sbtest3 WHERE id BETWEEN 3313946 AND 3314046
	Index Scan using sbtest3_pkey on sbtest3  (cost=0.43..438.37 rows=110 width=125)
	  Index Cond: ((id >= 3313946) AND (id <= 3314046))

table 4 : explain SELECT id, c FROM sbtest4 WHERE id BETWEEN 3313946 AND 3314046
	Index Scan using sbtest4_pkey on sbtest4  (cost=0.43..394.66 rows=99 width=125)
	  Index Cond: ((id >= 3313946) AND (id <= 3314046))

table 5 : explain SELECT id, c FROM sbtest5 WHERE id BETWEEN 3313946 AND 3314046
	Index Scan using sbtest5_pkey on sbtest5  (cost=0.43..422.15 rows=106 width=125)
	  Index Cond: ((id >= 3313946) AND (id <= 3314046))

table 6 : explain SELECT id, c FROM sbtest6 WHERE id BETWEEN 3313946 AND 3314046
	Index Scan using sbtest6_pkey on sbtest6  (cost=0.43..386.54 rows=97 width=125)
	  Index Cond: ((id >= 3313946) AND (id <= 3314046))

table 7 : explain SELECT id, c FROM sbtest7 WHERE id BETWEEN 3313946 AND 3314046
	Index Scan using sbtest7_pkey on sbtest7  (cost=0.43..370.30 rows=93 width=125)
	  Index Cond: ((id >= 3313946) AND (id <= 3314046))

table 8 : explain SELECT id, c FROM sbtest8 WHERE id BETWEEN 3313946 AND 3314046
	Index Scan using sbtest8_pkey on sbtest8  (cost=0.43..403.02 rows=101 width=125)
	  Index Cond: ((id >= 3313946) AND (id <= 3314046))

for range-notcovered
table 1 : explain SELECT id, c FROM sbtest1 WHERE id BETWEEN 3340404 AND 3340504
	Index Scan using sbtest1_pkey on sbtest1  (cost=0.43..407.43 rows=102 width=125)
	  Index Cond: ((id >= 3340404) AND (id <= 3340504))

table 2 : explain SELECT id, c FROM sbtest2 WHERE id BETWEEN 3340404 AND 3340504
	Index Scan using sbtest2_pkey on sbtest2  (cost=0.43..395.57 rows=99 width=125)
	  Index Cond: ((id >= 3340404) AND (id <= 3340504))

table 3 : explain SELECT id, c FROM sbtest3 WHERE id BETWEEN 3340404 AND 3340504
	Index Scan using sbtest3_pkey on sbtest3  (cost=0.43..438.37 rows=110 width=125)
	  Index Cond: ((id >= 3340404) AND (id <= 3340504))

table 4 : explain SELECT id, c FROM sbtest4 WHERE id BETWEEN 3340404 AND 3340504
	Index Scan using sbtest4_pkey on sbtest4  (cost=0.43..394.66 rows=99 width=125)
	  Index Cond: ((id >= 3340404) AND (id <= 3340504))

table 5 : explain SELECT id, c FROM sbtest5 WHERE id BETWEEN 3340404 AND 3340504
	Index Scan using sbtest5_pkey on sbtest5  (cost=0.43..422.15 rows=106 width=125)
	  Index Cond: ((id >= 3340404) AND (id <= 3340504))

table 6 : explain SELECT id, c FROM sbtest6 WHERE id BETWEEN 3340404 AND 3340504
	Index Scan using sbtest6_pkey on sbtest6  (cost=0.43..485.00 rows=122 width=125)
	  Index Cond: ((id >= 3340404) AND (id <= 3340504))

table 7 : explain SELECT id, c FROM sbtest7 WHERE id BETWEEN 3340404 AND 3340504
	Index Scan using sbtest7_pkey on sbtest7  (cost=0.43..370.30 rows=93 width=125)
	  Index Cond: ((id >= 3340404) AND (id <= 3340504))

table 8 : explain SELECT id, c FROM sbtest8 WHERE id BETWEEN 3340404 AND 3340504
	Index Scan using sbtest8_pkey on sbtest8  (cost=0.43..403.02 rows=101 width=125)
	  Index Cond: ((id >= 3340404) AND (id <= 3340504))

explain: for range-notcovered :: explain SELECT id, c FROM sbtest%d WHERE id BETWEEN 3340404 AND 3340504
for range-notcovered
table 1 : explain SELECT id, c FROM sbtest1 WHERE id BETWEEN 5477012 AND 5477112
	Index Scan using sbtest1_pkey on sbtest1  (cost=0.43..367.92 rows=92 width=125)
	  Index Cond: ((id >= 5477012) AND (id <= 5477112))

table 2 : explain SELECT id, c FROM sbtest2 WHERE id BETWEEN 5477012 AND 5477112
	Index Scan using sbtest2_pkey on sbtest2  (cost=0.43..379.75 rows=95 width=125)
	  Index Cond: ((id >= 5477012) AND (id <= 5477112))

table 3 : explain SELECT id, c FROM sbtest3 WHERE id BETWEEN 5477012 AND 5477112
	Index Scan using sbtest3_pkey on sbtest3  (cost=0.43..477.81 rows=120 width=125)
	  Index Cond: ((id >= 5477012) AND (id <= 5477112))

table 4 : explain SELECT id, c FROM sbtest4 WHERE id BETWEEN 5477012 AND 5477112
	Index Scan using sbtest4_pkey on sbtest4  (cost=0.43..363.13 rows=91 width=125)
	  Index Cond: ((id >= 5477012) AND (id <= 5477112))

table 5 : explain SELECT id, c FROM sbtest5 WHERE id BETWEEN 5477012 AND 5477112
	Index Scan using sbtest5_pkey on sbtest5  (cost=0.43..414.27 rows=104 width=125)
	  Index Cond: ((id >= 5477012) AND (id <= 5477112))

table 6 : explain SELECT id, c FROM sbtest6 WHERE id BETWEEN 5477012 AND 5477112
	Index Scan using sbtest6_pkey on sbtest6  (cost=0.43..374.72 rows=94 width=125)
	  Index Cond: ((id >= 5477012) AND (id <= 5477112))

table 7 : explain SELECT id, c FROM sbtest7 WHERE id BETWEEN 5477012 AND 5477112
	Index Scan using sbtest7_pkey on sbtest7  (cost=0.43..362.43 rows=91 width=125)
	  Index Cond: ((id >= 5477012) AND (id <= 5477112))

table 8 : explain SELECT id, c FROM sbtest8 WHERE id BETWEEN 5477012 AND 5477112
	Index Scan using sbtest8_pkey on sbtest8  (cost=0.43..375.38 rows=94 width=125)
	  Index Cond: ((id >= 5477012) AND (id <= 5477112))

for range-notcovered
table 1 : explain SELECT id, c FROM sbtest1 WHERE id BETWEEN 3124333 AND 3124433
	Index Scan using sbtest1_pkey on sbtest1  (cost=0.43..383.72 rows=96 width=125)
	  Index Cond: ((id >= 3124333) AND (id <= 3124433))

table 2 : explain SELECT id, c FROM sbtest2 WHERE id BETWEEN 3124333 AND 3124433
	Index Scan using sbtest2_pkey on sbtest2  (cost=0.43..399.52 rows=100 width=125)
	  Index Cond: ((id >= 3124333) AND (id <= 3124433))

table 3 : explain SELECT id, c FROM sbtest3 WHERE id BETWEEN 3124333 AND 3124433
	Index Scan using sbtest3_pkey on sbtest3  (cost=0.43..394.97 rows=99 width=125)
	  Index Cond: ((id >= 3124333) AND (id <= 3124433))

table 4 : explain SELECT id, c FROM sbtest4 WHERE id BETWEEN 3124333 AND 3124433
	Index Scan using sbtest4_pkey on sbtest4  (cost=0.43..422.26 rows=106 width=125)
	  Index Cond: ((id >= 3124333) AND (id <= 3124433))

table 5 : explain SELECT id, c FROM sbtest5 WHERE id BETWEEN 3124333 AND 3124433
	Index Scan using sbtest5_pkey on sbtest5  (cost=0.43..394.56 rows=99 width=125)
	  Index Cond: ((id >= 3124333) AND (id <= 3124433))

table 6 : explain SELECT id, c FROM sbtest6 WHERE id BETWEEN 3124333 AND 3124433
	Index Scan using sbtest6_pkey on sbtest6  (cost=0.43..390.47 rows=98 width=125)
	  Index Cond: ((id >= 3124333) AND (id <= 3124433))

table 7 : explain SELECT id, c FROM sbtest7 WHERE id BETWEEN 3124333 AND 3124433
	Index Scan using sbtest7_pkey on sbtest7  (cost=0.43..417.51 rows=105 width=125)
	  Index Cond: ((id >= 3124333) AND (id <= 3124433))

table 8 : explain SELECT id, c FROM sbtest8 WHERE id BETWEEN 3124333 AND 3124433
	Index Scan using sbtest8_pkey on sbtest8  (cost=0.43..418.80 rows=105 width=125)
	  Index Cond: ((id >= 3124333) AND (id <= 3124433))

explain: for range-notcovered :: explain SELECT id, c FROM sbtest%d WHERE id BETWEEN 5477012 AND 5477112
explain: for range-notcovered :: explain SELECT id, c FROM sbtest%d WHERE id BETWEEN 3124333 AND 3124433
for range-notcovered
table 1 : explain SELECT id, c FROM sbtest1 WHERE id BETWEEN 1429860 AND 1429960
	Index Scan using sbtest1_pkey on sbtest1  (cost=0.43..399.53 rows=100 width=125)
	  Index Cond: ((id >= 1429860) AND (id <= 1429960))

table 2 : explain SELECT id, c FROM sbtest2 WHERE id BETWEEN 1429860 AND 1429960
	Index Scan using sbtest2_pkey on sbtest2  (cost=0.43..435.06 rows=109 width=125)
	  Index Cond: ((id >= 1429860) AND (id <= 1429960))

table 3 : explain SELECT id, c FROM sbtest3 WHERE id BETWEEN 1429860 AND 1429960
	Index Scan using sbtest3_pkey on sbtest3  (cost=0.43..406.82 rows=102 width=125)
	  Index Cond: ((id >= 1429860) AND (id <= 1429960))

table 4 : explain SELECT id, c FROM sbtest4 WHERE id BETWEEN 1429860 AND 1429960
	Index Scan using sbtest4_pkey on sbtest4  (cost=0.43..390.72 rows=98 width=125)
	  Index Cond: ((id >= 1429860) AND (id <= 1429960))

table 5 : explain SELECT id, c FROM sbtest5 WHERE id BETWEEN 1429860 AND 1429960
	Index Scan using sbtest5_pkey on sbtest5  (cost=0.43..386.68 rows=97 width=125)
	  Index Cond: ((id >= 1429860) AND (id <= 1429960))

table 6 : explain SELECT id, c FROM sbtest6 WHERE id BETWEEN 1429860 AND 1429960
	Index Scan using sbtest6_pkey on sbtest6  (cost=0.43..378.66 rows=95 width=125)
	  Index Cond: ((id >= 1429860) AND (id <= 1429960))

table 7 : explain SELECT id, c FROM sbtest7 WHERE id BETWEEN 1429860 AND 1429960
	Index Scan using sbtest7_pkey on sbtest7  (cost=0.43..386.03 rows=97 width=125)
	  Index Cond: ((id >= 1429860) AND (id <= 1429960))

table 8 : explain SELECT id, c FROM sbtest8 WHERE id BETWEEN 1429860 AND 1429960
	Index Scan using sbtest8_pkey on sbtest8  (cost=0.43..395.11 rows=99 width=125)
	  Index Cond: ((id >= 1429860) AND (id <= 1429960))

for range-notcovered
table 1 : explain SELECT id, c FROM sbtest1 WHERE id BETWEEN 4278027 AND 4278127
	Index Scan using sbtest1_pkey on sbtest1  (cost=0.43..383.72 rows=96 width=125)
	  Index Cond: ((id >= 4278027) AND (id <= 4278127))

table 2 : explain SELECT id, c FROM sbtest2 WHERE id BETWEEN 4278027 AND 4278127
	Index Scan using sbtest2_pkey on sbtest2  (cost=0.43..403.47 rows=101 width=125)
	  Index Cond: ((id >= 4278027) AND (id <= 4278127))

table 3 : explain SELECT id, c FROM sbtest3 WHERE id BETWEEN 4278027 AND 4278127
	Index Scan using sbtest3_pkey on sbtest3  (cost=0.43..398.92 rows=100 width=125)
	  Index Cond: ((id >= 4278027) AND (id <= 4278127))

table 4 : explain SELECT id, c FROM sbtest4 WHERE id BETWEEN 4278027 AND 4278127
	Index Scan using sbtest4_pkey on sbtest4  (cost=0.43..434.08 rows=109 width=125)
	  Index Cond: ((id >= 4278027) AND (id <= 4278127))

table 5 : explain SELECT id, c FROM sbtest5 WHERE id BETWEEN 4278027 AND 4278127
	Index Scan using sbtest5_pkey on sbtest5  (cost=0.43..398.52 rows=100 width=125)
	  Index Cond: ((id >= 4278027) AND (id <= 4278127))

table 6 : explain SELECT id, c FROM sbtest6 WHERE id BETWEEN 4278027 AND 4278127
	Index Scan using sbtest6_pkey on sbtest6  (cost=0.43..429.87 rows=108 width=125)
	  Index Cond: ((id >= 4278027) AND (id <= 4278127))

table 7 : explain SELECT id, c FROM sbtest7 WHERE id BETWEEN 4278027 AND 4278127
	Index Scan using sbtest7_pkey on sbtest7  (cost=0.43..413.58 rows=104 width=125)
	  Index Cond: ((id >= 4278027) AND (id <= 4278127))

table 8 : explain SELECT id, c FROM sbtest8 WHERE id BETWEEN 4278027 AND 4278127
	Index Scan using sbtest8_pkey on sbtest8  (cost=0.43..391.16 rows=98 width=125)
	  Index Cond: ((id >= 4278027) AND (id <= 4278127))

explain: for range-notcovered :: explain SELECT id, c FROM sbtest%d WHERE id BETWEEN 1429860 AND 1429960
explain: for range-notcovered :: explain SELECT id, c FROM sbtest%d WHERE id BETWEEN 4278027 AND 4278127
for range-notcovered
table 1 : explain SELECT id, c FROM sbtest1 WHERE id BETWEEN 5527207 AND 5527307
	Index Scan using sbtest1_pkey on sbtest1  (cost=0.43..367.92 rows=92 width=125)
	  Index Cond: ((id >= 5527207) AND (id <= 5527307))

table 2 : explain SELECT id, c FROM sbtest2 WHERE id BETWEEN 5527207 AND 5527307
	Index Scan using sbtest2_pkey on sbtest2  (cost=0.43..395.55 rows=99 width=125)
	  Index Cond: ((id >= 5527207) AND (id <= 5527307))

table 3 : explain SELECT id, c FROM sbtest3 WHERE id BETWEEN 5527207 AND 5527307
	Index Scan using sbtest3_pkey on sbtest3  (cost=0.43..383.14 rows=96 width=125)
	  Index Cond: ((id >= 5527207) AND (id <= 5527307))

table 4 : explain SELECT id, c FROM sbtest4 WHERE id BETWEEN 5527207 AND 5527307
	Index Scan using sbtest4_pkey on sbtest4  (cost=0.43..363.13 rows=91 width=125)
	  Index Cond: ((id >= 5527207) AND (id <= 5527307))

table 5 : explain SELECT id, c FROM sbtest5 WHERE id BETWEEN 5527207 AND 5527307
	Index Scan using sbtest5_pkey on sbtest5  (cost=0.43..402.45 rows=101 width=125)
	  Index Cond: ((id >= 5527207) AND (id <= 5527307))

table 6 : explain SELECT id, c FROM sbtest6 WHERE id BETWEEN 5527207 AND 5527307
	Index Scan using sbtest6_pkey on sbtest6  (cost=0.43..425.94 rows=107 width=125)
	  Index Cond: ((id >= 5527207) AND (id <= 5527307))

table 7 : explain SELECT id, c FROM sbtest7 WHERE id BETWEEN 5527207 AND 5527307
	Index Scan using sbtest7_pkey on sbtest7  (cost=0.43..362.43 rows=91 width=125)
	  Index Cond: ((id >= 5527207) AND (id <= 5527307))

table 8 : explain SELECT id, c FROM sbtest8 WHERE id BETWEEN 5527207 AND 5527307
	Index Scan using sbtest8_pkey on sbtest8  (cost=0.43..391.16 rows=98 width=125)
	  Index Cond: ((id >= 5527207) AND (id <= 5527307))

for range-notcovered
table 1 : explain SELECT id, c FROM sbtest1 WHERE id BETWEEN 3340404 AND 3340504
	Index Scan using sbtest1_pkey on sbtest1  (cost=0.43..407.43 rows=102 width=125)
	  Index Cond: ((id >= 3340404) AND (id <= 3340504))

table 2 : explain SELECT id, c FROM sbtest2 WHERE id BETWEEN 3340404 AND 3340504
	Index Scan using sbtest2_pkey on sbtest2  (cost=0.43..395.57 rows=99 width=125)
	  Index Cond: ((id >= 3340404) AND (id <= 3340504))

table 3 : explain SELECT id, c FROM sbtest3 WHERE id BETWEEN 3340404 AND 3340504
	Index Scan using sbtest3_pkey on sbtest3  (cost=0.43..438.37 rows=110 width=125)
	  Index Cond: ((id >= 3340404) AND (id <= 3340504))

table 4 : explain SELECT id, c FROM sbtest4 WHERE id BETWEEN 3340404 AND 3340504
	Index Scan using sbtest4_pkey on sbtest4  (cost=0.43..394.66 rows=99 width=125)
	  Index Cond: ((id >= 3340404) AND (id <= 3340504))

table 5 : explain SELECT id, c FROM sbtest5 WHERE id BETWEEN 3340404 AND 3340504
	Index Scan using sbtest5_pkey on sbtest5  (cost=0.43..422.15 rows=106 width=125)
	  Index Cond: ((id >= 3340404) AND (id <= 3340504))

table 6 : explain SELECT id, c FROM sbtest6 WHERE id BETWEEN 3340404 AND 3340504
	Index Scan using sbtest6_pkey on sbtest6  (cost=0.43..485.00 rows=122 width=125)
	  Index Cond: ((id >= 3340404) AND (id <= 3340504))

table 7 : explain SELECT id, c FROM sbtest7 WHERE id BETWEEN 3340404 AND 3340504
	Index Scan using sbtest7_pkey on sbtest7  (cost=0.43..370.30 rows=93 width=125)
	  Index Cond: ((id >= 3340404) AND (id <= 3340504))

table 8 : explain SELECT id, c FROM sbtest8 WHERE id BETWEEN 3340404 AND 3340504
	Index Scan using sbtest8_pkey on sbtest8  (cost=0.43..403.02 rows=101 width=125)
	  Index Cond: ((id >= 3340404) AND (id <= 3340504))

for range-notcovered
table 1 : explain SELECT id, c FROM sbtest1 WHERE id BETWEEN 6447999 AND 6448099
	Index Scan using sbtest1_pkey on sbtest1  (cost=0.43..470.63 rows=118 width=125)
	  Index Cond: ((id >= 6447999) AND (id <= 6448099))

table 2 : explain SELECT id, c FROM sbtest2 WHERE id BETWEEN 6447999 AND 6448099
	Index Scan using sbtest2_pkey on sbtest2  (cost=0.43..419.27 rows=105 width=125)
	  Index Cond: ((id >= 6447999) AND (id <= 6448099))

table 3 : explain SELECT id, c FROM sbtest3 WHERE id BETWEEN 6447999 AND 6448099
	Index Scan using sbtest3_pkey on sbtest3  (cost=0.43..446.26 rows=112 width=125)
	  Index Cond: ((id >= 6447999) AND (id <= 6448099))

table 4 : explain SELECT id, c FROM sbtest4 WHERE id BETWEEN 6447999 AND 6448099
	Index Scan using sbtest4_pkey on sbtest4  (cost=0.43..418.32 rows=105 width=125)
	  Index Cond: ((id >= 6447999) AND (id <= 6448099))

table 5 : explain SELECT id, c FROM sbtest5 WHERE id BETWEEN 6447999 AND 6448099
	Index Scan using sbtest5_pkey on sbtest5  (cost=0.43..410.33 rows=103 width=125)
	  Index Cond: ((id >= 6447999) AND (id <= 6448099))

table 6 : explain SELECT id, c FROM sbtest6 WHERE id BETWEEN 6447999 AND 6448099
	Index Scan using sbtest6_pkey on sbtest6  (cost=0.43..410.18 rows=103 width=125)
	  Index Cond: ((id >= 6447999) AND (id <= 6448099))

table 7 : explain SELECT id, c FROM sbtest7 WHERE id BETWEEN 6447999 AND 6448099
	Index Scan using sbtest7_pkey on sbtest7  (cost=0.43..409.65 rows=103 width=125)
	  Index Cond: ((id >= 6447999) AND (id <= 6448099))

table 8 : explain SELECT id, c FROM sbtest8 WHERE id BETWEEN 6447999 AND 6448099
	Index Scan using sbtest8_pkey on sbtest8  (cost=0.43..422.74 rows=106 width=125)
	  Index Cond: ((id >= 6447999) AND (id <= 6448099))

explain: for range-notcovered :: explain SELECT id, c FROM sbtest%d WHERE id BETWEEN 3340404 AND 3340504
explain: for range-notcovered :: explain SELECT id, c FROM sbtest%d WHERE id BETWEEN 5527207 AND 5527307
for range-notcovered
table 1 : explain SELECT id, c FROM sbtest1 WHERE id BETWEEN 3025426 AND 3025526
	Index Scan using sbtest1_pkey on sbtest1  (cost=0.43..407.43 rows=102 width=125)
	  Index Cond: ((id >= 3025426) AND (id <= 3025526))

table 2 : explain SELECT id, c FROM sbtest2 WHERE id BETWEEN 3025426 AND 3025526
	Index Scan using sbtest2_pkey on sbtest2  (cost=0.43..383.70 rows=96 width=125)
	  Index Cond: ((id >= 3025426) AND (id <= 3025526))

table 3 : explain SELECT id, c FROM sbtest3 WHERE id BETWEEN 3025426 AND 3025526
	Index Scan using sbtest3_pkey on sbtest3  (cost=0.43..493.59 rows=124 width=125)
	  Index Cond: ((id >= 3025426) AND (id <= 3025526))

table 4 : explain SELECT id, c FROM sbtest4 WHERE id BETWEEN 3025426 AND 3025526
	Index Scan using sbtest4_pkey on sbtest4  (cost=0.43..394.66 rows=99 width=125)
	  Index Cond: ((id >= 3025426) AND (id <= 3025526))

table 5 : explain SELECT id, c FROM sbtest5 WHERE id BETWEEN 3025426 AND 3025526
	Index Scan using sbtest5_pkey on sbtest5  (cost=0.43..437.91 rows=110 width=125)
	  Index Cond: ((id >= 3025426) AND (id <= 3025526))

table 6 : explain SELECT id, c FROM sbtest6 WHERE id BETWEEN 3025426 AND 3025526
	Index Scan using sbtest6_pkey on sbtest6  (cost=0.43..398.37 rows=100 width=125)
	  Index Cond: ((id >= 3025426) AND (id <= 3025526))

table 7 : explain SELECT id, c FROM sbtest7 WHERE id BETWEEN 3025426 AND 3025526
	Index Scan using sbtest7_pkey on sbtest7  (cost=0.43..417.51 rows=105 width=125)
	  Index Cond: ((id >= 3025426) AND (id <= 3025526))

table 8 : explain SELECT id, c FROM sbtest8 WHERE id BETWEEN 3025426 AND 3025526
	Index Scan using sbtest8_pkey on sbtest8  (cost=0.43..446.41 rows=112 width=125)
	  Index Cond: ((id >= 3025426) AND (id <= 3025526))

explain: for range-notcovered :: explain SELECT id, c FROM sbtest%d WHERE id BETWEEN 6447999 AND 6448099
for range-notcovered
table 1 : explain SELECT id, c FROM sbtest1 WHERE id BETWEEN 5477012 AND 5477112
	Index Scan using sbtest1_pkey on sbtest1  (cost=0.43..367.92 rows=92 width=125)
	  Index Cond: ((id >= 5477012) AND (id <= 5477112))

table 2 : explain SELECT id, c FROM sbtest2 WHERE id BETWEEN 5477012 AND 5477112
	Index Scan using sbtest2_pkey on sbtest2  (cost=0.43..379.75 rows=95 width=125)
	  Index Cond: ((id >= 5477012) AND (id <= 5477112))

table 3 : explain SELECT id, c FROM sbtest3 WHERE id BETWEEN 5477012 AND 5477112
	Index Scan using sbtest3_pkey on sbtest3  (cost=0.43..477.81 rows=120 width=125)
	  Index Cond: ((id >= 5477012) AND (id <= 5477112))

table 4 : explain SELECT id, c FROM sbtest4 WHERE id BETWEEN 5477012 AND 5477112
	Index Scan using sbtest4_pkey on sbtest4  (cost=0.43..363.13 rows=91 width=125)
	  Index Cond: ((id >= 5477012) AND (id <= 5477112))

table 5 : explain SELECT id, c FROM sbtest5 WHERE id BETWEEN 5477012 AND 5477112
	Index Scan using sbtest5_pkey on sbtest5  (cost=0.43..414.27 rows=104 width=125)
	  Index Cond: ((id >= 5477012) AND (id <= 5477112))

table 6 : explain SELECT id, c FROM sbtest6 WHERE id BETWEEN 5477012 AND 5477112
	Index Scan using sbtest6_pkey on sbtest6  (cost=0.43..374.72 rows=94 width=125)
	  Index Cond: ((id >= 5477012) AND (id <= 5477112))

table 7 : explain SELECT id, c FROM sbtest7 WHERE id BETWEEN 5477012 AND 5477112
	Index Scan using sbtest7_pkey on sbtest7  (cost=0.43..362.43 rows=91 width=125)
	  Index Cond: ((id >= 5477012) AND (id <= 5477112))

table 8 : explain SELECT id, c FROM sbtest8 WHERE id BETWEEN 5477012 AND 5477112
	Index Scan using sbtest8_pkey on sbtest8  (cost=0.43..375.38 rows=94 width=125)
	  Index Cond: ((id >= 5477012) AND (id <= 5477112))

for range-notcovered
table 1 : explain SELECT id, c FROM sbtest1 WHERE id BETWEEN 9424066 AND 9424166
	Index Scan using sbtest1_pkey on sbtest1  (cost=0.43..431.13 rows=108 width=125)
	  Index Cond: ((id >= 9424066) AND (id <= 9424166))

table 2 : explain SELECT id, c FROM sbtest2 WHERE id BETWEEN 9424066 AND 9424166
	Index Scan using sbtest2_pkey on sbtest2  (cost=0.43..379.75 rows=95 width=125)
	  Index Cond: ((id >= 9424066) AND (id <= 9424166))

table 3 : explain SELECT id, c FROM sbtest3 WHERE id BETWEEN 9424066 AND 9424166
	Index Scan using sbtest3_pkey on sbtest3  (cost=0.43..450.20 rows=113 width=125)
	  Index Cond: ((id >= 9424066) AND (id <= 9424166))

table 4 : explain SELECT id, c FROM sbtest4 WHERE id BETWEEN 9424066 AND 9424166
	Index Scan using sbtest4_pkey on sbtest4  (cost=0.43..406.50 rows=102 width=125)
	  Index Cond: ((id >= 9424066) AND (id <= 9424166))

table 5 : explain SELECT id, c FROM sbtest5 WHERE id BETWEEN 9424066 AND 9424166
	Index Scan using sbtest5_pkey on sbtest5  (cost=0.43..398.52 rows=100 width=125)
	  Index Cond: ((id >= 9424066) AND (id <= 9424166))

table 6 : explain SELECT id, c FROM sbtest6 WHERE id BETWEEN 9424066 AND 9424166
	Index Scan using sbtest6_pkey on sbtest6  (cost=0.43..488.94 rows=123 width=125)
	  Index Cond: ((id >= 9424066) AND (id <= 9424166))

table 7 : explain SELECT id, c FROM sbtest7 WHERE id BETWEEN 9424066 AND 9424166
	Index Scan using sbtest7_pkey on sbtest7  (cost=0.43..413.58 rows=104 width=125)
	  Index Cond: ((id >= 9424066) AND (id <= 9424166))

table 8 : explain SELECT id, c FROM sbtest8 WHERE id BETWEEN 9424066 AND 9424166
	Index Scan using sbtest8_pkey on sbtest8  (cost=0.43..371.44 rows=93 width=125)
	  Index Cond: ((id >= 9424066) AND (id <= 9424166))

for range-notcovered
table 1 : explain SELECT id, c FROM sbtest1 WHERE id BETWEEN 3124333 AND 3124433
	Index Scan using sbtest1_pkey on sbtest1  (cost=0.43..383.72 rows=96 width=125)
	  Index Cond: ((id >= 3124333) AND (id <= 3124433))

table 2 : explain SELECT id, c FROM sbtest2 WHERE id BETWEEN 3124333 AND 3124433
	Index Scan using sbtest2_pkey on sbtest2  (cost=0.43..399.52 rows=100 width=125)
	  Index Cond: ((id >= 3124333) AND (id <= 3124433))

table 3 : explain SELECT id, c FROM sbtest3 WHERE id BETWEEN 3124333 AND 3124433
	Index Scan using sbtest3_pkey on sbtest3  (cost=0.43..394.97 rows=99 width=125)
	  Index Cond: ((id >= 3124333) AND (id <= 3124433))

table 4 : explain SELECT id, c FROM sbtest4 WHERE id BETWEEN 3124333 AND 3124433
	Index Scan using sbtest4_pkey on sbtest4  (cost=0.43..422.26 rows=106 width=125)
	  Index Cond: ((id >= 3124333) AND (id <= 3124433))

table 5 : explain SELECT id, c FROM sbtest5 WHERE id BETWEEN 3124333 AND 3124433
	Index Scan using sbtest5_pkey on sbtest5  (cost=0.43..394.56 rows=99 width=125)
	  Index Cond: ((id >= 3124333) AND (id <= 3124433))

table 6 : explain SELECT id, c FROM sbtest6 WHERE id BETWEEN 3124333 AND 3124433
	Index Scan using sbtest6_pkey on sbtest6  (cost=0.43..390.47 rows=98 width=125)
	  Index Cond: ((id >= 3124333) AND (id <= 3124433))

table 7 : explain SELECT id, c FROM sbtest7 WHERE id BETWEEN 3124333 AND 3124433
	Index Scan using sbtest7_pkey on sbtest7  (cost=0.43..417.51 rows=105 width=125)
	  Index Cond: ((id >= 3124333) AND (id <= 3124433))

table 8 : explain SELECT id, c FROM sbtest8 WHERE id BETWEEN 3124333 AND 3124433
	Index Scan using sbtest8_pkey on sbtest8  (cost=0.43..418.80 rows=105 width=125)
	  Index Cond: ((id >= 3124333) AND (id <= 3124433))

explain: for range-notcovered :: explain SELECT id, c FROM sbtest%d WHERE id BETWEEN 5477012 AND 5477112
explain: for range-notcovered :: explain SELECT id, c FROM sbtest%d WHERE id BETWEEN 9424066 AND 9424166
explain: for range-notcovered :: explain SELECT id, c FROM sbtest%d WHERE id BETWEEN 3124333 AND 3124433
explain: for range-notcovered :: explain SELECT id, c FROM sbtest%d WHERE id BETWEEN 3025426 AND 3025526
for range-notcovered
table 1 : explain SELECT id, c FROM sbtest1 WHERE id BETWEEN 3340404 AND 3340504
	Index Scan using sbtest1_pkey on sbtest1  (cost=0.43..407.43 rows=102 width=125)
	  Index Cond: ((id >= 3340404) AND (id <= 3340504))

table 2 : explain SELECT id, c FROM sbtest2 WHERE id BETWEEN 3340404 AND 3340504
	Index Scan using sbtest2_pkey on sbtest2  (cost=0.43..395.57 rows=99 width=125)
	  Index Cond: ((id >= 3340404) AND (id <= 3340504))

table 3 : explain SELECT id, c FROM sbtest3 WHERE id BETWEEN 3340404 AND 3340504
	Index Scan using sbtest3_pkey on sbtest3  (cost=0.43..438.37 rows=110 width=125)
	  Index Cond: ((id >= 3340404) AND (id <= 3340504))

table 4 : explain SELECT id, c FROM sbtest4 WHERE id BETWEEN 3340404 AND 3340504
	Index Scan using sbtest4_pkey on sbtest4  (cost=0.43..394.66 rows=99 width=125)
	  Index Cond: ((id >= 3340404) AND (id <= 3340504))

table 5 : explain SELECT id, c FROM sbtest5 WHERE id BETWEEN 3340404 AND 3340504
	Index Scan using sbtest5_pkey on sbtest5  (cost=0.43..422.15 rows=106 width=125)
	  Index Cond: ((id >= 3340404) AND (id <= 3340504))

table 6 : explain SELECT id, c FROM sbtest6 WHERE id BETWEEN 3340404 AND 3340504
	Index Scan using sbtest6_pkey on sbtest6  (cost=0.43..485.00 rows=122 width=125)
	  Index Cond: ((id >= 3340404) AND (id <= 3340504))

table 7 : explain SELECT id, c FROM sbtest7 WHERE id BETWEEN 3340404 AND 3340504
	Index Scan using sbtest7_pkey on sbtest7  (cost=0.43..370.30 rows=93 width=125)
	  Index Cond: ((id >= 3340404) AND (id <= 3340504))

table 8 : explain SELECT id, c FROM sbtest8 WHERE id BETWEEN 3340404 AND 3340504
	Index Scan using sbtest8_pkey on sbtest8  (cost=0.43..403.02 rows=101 width=125)
	  Index Cond: ((id >= 3340404) AND (id <= 3340504))

explain: for range-notcovered :: explain SELECT id, c FROM sbtest%d WHERE id BETWEEN 3340404 AND 3340504
for range-notcovered
table 1 : explain SELECT id, c FROM sbtest1 WHERE id BETWEEN 5527207 AND 5527307
	Index Scan using sbtest1_pkey on sbtest1  (cost=0.43..367.92 rows=92 width=125)
	  Index Cond: ((id >= 5527207) AND (id <= 5527307))

table 2 : explain SELECT id, c FROM sbtest2 WHERE id BETWEEN 5527207 AND 5527307
	Index Scan using sbtest2_pkey on sbtest2  (cost=0.43..395.55 rows=99 width=125)
	  Index Cond: ((id >= 5527207) AND (id <= 5527307))

table 3 : explain SELECT id, c FROM sbtest3 WHERE id BETWEEN 5527207 AND 5527307
	Index Scan using sbtest3_pkey on sbtest3  (cost=0.43..383.14 rows=96 width=125)
	  Index Cond: ((id >= 5527207) AND (id <= 5527307))

table 4 : explain SELECT id, c FROM sbtest4 WHERE id BETWEEN 5527207 AND 5527307
	Index Scan using sbtest4_pkey on sbtest4  (cost=0.43..363.13 rows=91 width=125)
	  Index Cond: ((id >= 5527207) AND (id <= 5527307))

table 5 : explain SELECT id, c FROM sbtest5 WHERE id BETWEEN 5527207 AND 5527307
	Index Scan using sbtest5_pkey on sbtest5  (cost=0.43..402.45 rows=101 width=125)
	  Index Cond: ((id >= 5527207) AND (id <= 5527307))

table 6 : explain SELECT id, c FROM sbtest6 WHERE id BETWEEN 5527207 AND 5527307
	Index Scan using sbtest6_pkey on sbtest6  (cost=0.43..425.94 rows=107 width=125)
	  Index Cond: ((id >= 5527207) AND (id <= 5527307))

table 7 : explain SELECT id, c FROM sbtest7 WHERE id BETWEEN 5527207 AND 5527307
	Index Scan using sbtest7_pkey on sbtest7  (cost=0.43..362.43 rows=91 width=125)
	  Index Cond: ((id >= 5527207) AND (id <= 5527307))

table 8 : explain SELECT id, c FROM sbtest8 WHERE id BETWEEN 5527207 AND 5527307
	Index Scan using sbtest8_pkey on sbtest8  (cost=0.43..391.16 rows=98 width=125)
	  Index Cond: ((id >= 5527207) AND (id <= 5527307))

explain: for range-notcovered :: explain SELECT id, c FROM sbtest%d WHERE id BETWEEN 5527207 AND 5527307
for range-notcovered
table 1 : explain SELECT id, c FROM sbtest1 WHERE id BETWEEN 6447999 AND 6448099
	Index Scan using sbtest1_pkey on sbtest1  (cost=0.43..470.63 rows=118 width=125)
	  Index Cond: ((id >= 6447999) AND (id <= 6448099))

table 2 : explain SELECT id, c FROM sbtest2 WHERE id BETWEEN 6447999 AND 6448099
	Index Scan using sbtest2_pkey on sbtest2  (cost=0.43..419.27 rows=105 width=125)
	  Index Cond: ((id >= 6447999) AND (id <= 6448099))

table 3 : explain SELECT id, c FROM sbtest3 WHERE id BETWEEN 6447999 AND 6448099
	Index Scan using sbtest3_pkey on sbtest3  (cost=0.43..446.26 rows=112 width=125)
	  Index Cond: ((id >= 6447999) AND (id <= 6448099))

table 4 : explain SELECT id, c FROM sbtest4 WHERE id BETWEEN 6447999 AND 6448099
	Index Scan using sbtest4_pkey on sbtest4  (cost=0.43..418.32 rows=105 width=125)
	  Index Cond: ((id >= 6447999) AND (id <= 6448099))

table 5 : explain SELECT id, c FROM sbtest5 WHERE id BETWEEN 6447999 AND 6448099
	Index Scan using sbtest5_pkey on sbtest5  (cost=0.43..410.33 rows=103 width=125)
	  Index Cond: ((id >= 6447999) AND (id <= 6448099))

table 6 : explain SELECT id, c FROM sbtest6 WHERE id BETWEEN 6447999 AND 6448099
	Index Scan using sbtest6_pkey on sbtest6  (cost=0.43..410.18 rows=103 width=125)
	  Index Cond: ((id >= 6447999) AND (id <= 6448099))

table 7 : explain SELECT id, c FROM sbtest7 WHERE id BETWEEN 6447999 AND 6448099
	Index Scan using sbtest7_pkey on sbtest7  (cost=0.43..409.65 rows=103 width=125)
	  Index Cond: ((id >= 6447999) AND (id <= 6448099))

table 8 : explain SELECT id, c FROM sbtest8 WHERE id BETWEEN 6447999 AND 6448099
	Index Scan using sbtest8_pkey on sbtest8  (cost=0.43..422.74 rows=106 width=125)
	  Index Cond: ((id >= 6447999) AND (id <= 6448099))

explain: for range-notcovered :: explain SELECT id, c FROM sbtest%d WHERE id BETWEEN 6447999 AND 6448099
for range-notcovered
table 1 : explain SELECT id, c FROM sbtest1 WHERE id BETWEEN 9424066 AND 9424166
	Index Scan using sbtest1_pkey on sbtest1  (cost=0.43..431.13 rows=108 width=125)
	  Index Cond: ((id >= 9424066) AND (id <= 9424166))

table 2 : explain SELECT id, c FROM sbtest2 WHERE id BETWEEN 9424066 AND 9424166
	Index Scan using sbtest2_pkey on sbtest2  (cost=0.43..379.75 rows=95 width=125)
	  Index Cond: ((id >= 9424066) AND (id <= 9424166))

table 3 : explain SELECT id, c FROM sbtest3 WHERE id BETWEEN 9424066 AND 9424166
	Index Scan using sbtest3_pkey on sbtest3  (cost=0.43..450.20 rows=113 width=125)
	  Index Cond: ((id >= 9424066) AND (id <= 9424166))

table 4 : explain SELECT id, c FROM sbtest4 WHERE id BETWEEN 9424066 AND 9424166
	Index Scan using sbtest4_pkey on sbtest4  (cost=0.43..406.50 rows=102 width=125)
	  Index Cond: ((id >= 9424066) AND (id <= 9424166))

table 5 : explain SELECT id, c FROM sbtest5 WHERE id BETWEEN 9424066 AND 9424166
	Index Scan using sbtest5_pkey on sbtest5  (cost=0.43..398.52 rows=100 width=125)
	  Index Cond: ((id >= 9424066) AND (id <= 9424166))

table 6 : explain SELECT id, c FROM sbtest6 WHERE id BETWEEN 9424066 AND 9424166
	Index Scan using sbtest6_pkey on sbtest6  (cost=0.43..488.94 rows=123 width=125)
	  Index Cond: ((id >= 9424066) AND (id <= 9424166))

table 7 : explain SELECT id, c FROM sbtest7 WHERE id BETWEEN 9424066 AND 9424166
	Index Scan using sbtest7_pkey on sbtest7  (cost=0.43..413.58 rows=104 width=125)
	  Index Cond: ((id >= 9424066) AND (id <= 9424166))

table 8 : explain SELECT id, c FROM sbtest8 WHERE id BETWEEN 9424066 AND 9424166
	Index Scan using sbtest8_pkey on sbtest8  (cost=0.43..371.44 rows=93 width=125)
	  Index Cond: ((id >= 9424066) AND (id <= 9424166))

for range-notcovered
table 1 : explain SELECT id, c FROM sbtest1 WHERE id BETWEEN 3124333 AND 3124433
	Index Scan using sbtest1_pkey on sbtest1  (cost=0.43..383.72 rows=96 width=125)
	  Index Cond: ((id >= 3124333) AND (id <= 3124433))

table 2 : explain SELECT id, c FROM sbtest2 WHERE id BETWEEN 3124333 AND 3124433
	Index Scan using sbtest2_pkey on sbtest2  (cost=0.43..399.52 rows=100 width=125)
	  Index Cond: ((id >= 3124333) AND (id <= 3124433))

table 3 : explain SELECT id, c FROM sbtest3 WHERE id BETWEEN 3124333 AND 3124433
	Index Scan using sbtest3_pkey on sbtest3  (cost=0.43..394.97 rows=99 width=125)
	  Index Cond: ((id >= 3124333) AND (id <= 3124433))

table 4 : explain SELECT id, c FROM sbtest4 WHERE id BETWEEN 3124333 AND 3124433
	Index Scan using sbtest4_pkey on sbtest4  (cost=0.43..422.26 rows=106 width=125)
	  Index Cond: ((id >= 3124333) AND (id <= 3124433))

table 5 : explain SELECT id, c FROM sbtest5 WHERE id BETWEEN 3124333 AND 3124433
	Index Scan using sbtest5_pkey on sbtest5  (cost=0.43..394.56 rows=99 width=125)
	  Index Cond: ((id >= 3124333) AND (id <= 3124433))

table 6 : explain SELECT id, c FROM sbtest6 WHERE id BETWEEN 3124333 AND 3124433
	Index Scan using sbtest6_pkey on sbtest6  (cost=0.43..390.47 rows=98 width=125)
	  Index Cond: ((id >= 3124333) AND (id <= 3124433))

table 7 : explain SELECT id, c FROM sbtest7 WHERE id BETWEEN 3124333 AND 3124433
	Index Scan using sbtest7_pkey on sbtest7  (cost=0.43..417.51 rows=105 width=125)
	  Index Cond: ((id >= 3124333) AND (id <= 3124433))

table 8 : explain SELECT id, c FROM sbtest8 WHERE id BETWEEN 3124333 AND 3124433
	Index Scan using sbtest8_pkey on sbtest8  (cost=0.43..418.80 rows=105 width=125)
	  Index Cond: ((id >= 3124333) AND (id <= 3124433))

for range-notcovered
table 1 : explain SELECT id, c FROM sbtest1 WHERE id BETWEEN 1429860 AND 1429960
	Index Scan using sbtest1_pkey on sbtest1  (cost=0.43..399.53 rows=100 width=125)
	  Index Cond: ((id >= 1429860) AND (id <= 1429960))

table 2 : explain SELECT id, c FROM sbtest2 WHERE id BETWEEN 1429860 AND 1429960
	Index Scan using sbtest2_pkey on sbtest2  (cost=0.43..435.06 rows=109 width=125)
	  Index Cond: ((id >= 1429860) AND (id <= 1429960))

table 3 : explain SELECT id, c FROM sbtest3 WHERE id BETWEEN 1429860 AND 1429960
	Index Scan using sbtest3_pkey on sbtest3  (cost=0.43..406.82 rows=102 width=125)
	  Index Cond: ((id >= 1429860) AND (id <= 1429960))

table 4 : explain SELECT id, c FROM sbtest4 WHERE id BETWEEN 1429860 AND 1429960
	Index Scan using sbtest4_pkey on sbtest4  (cost=0.43..390.72 rows=98 width=125)
	  Index Cond: ((id >= 1429860) AND (id <= 1429960))

table 5 : explain SELECT id, c FROM sbtest5 WHERE id BETWEEN 1429860 AND 1429960
	Index Scan using sbtest5_pkey on sbtest5  (cost=0.43..386.68 rows=97 width=125)
	  Index Cond: ((id >= 1429860) AND (id <= 1429960))

table 6 : explain SELECT id, c FROM sbtest6 WHERE id BETWEEN 1429860 AND 1429960
	Index Scan using sbtest6_pkey on sbtest6  (cost=0.43..378.66 rows=95 width=125)
	  Index Cond: ((id >= 1429860) AND (id <= 1429960))

table 7 : explain SELECT id, c FROM sbtest7 WHERE id BETWEEN 1429860 AND 1429960
	Index Scan using sbtest7_pkey on sbtest7  (cost=0.43..386.03 rows=97 width=125)
	  Index Cond: ((id >= 1429860) AND (id <= 1429960))

table 8 : explain SELECT id, c FROM sbtest8 WHERE id BETWEEN 1429860 AND 1429960
	Index Scan using sbtest8_pkey on sbtest8  (cost=0.43..395.11 rows=99 width=125)
	  Index Cond: ((id >= 1429860) AND (id <= 1429960))

for range-notcovered
table 1 : explain SELECT id, c FROM sbtest1 WHERE id BETWEEN 4278027 AND 4278127
	Index Scan using sbtest1_pkey on sbtest1  (cost=0.43..383.72 rows=96 width=125)
	  Index Cond: ((id >= 4278027) AND (id <= 4278127))

table 2 : explain SELECT id, c FROM sbtest2 WHERE id BETWEEN 4278027 AND 4278127
	Index Scan using sbtest2_pkey on sbtest2  (cost=0.43..403.47 rows=101 width=125)
	  Index Cond: ((id >= 4278027) AND (id <= 4278127))

table 3 : explain SELECT id, c FROM sbtest3 WHERE id BETWEEN 4278027 AND 4278127
	Index Scan using sbtest3_pkey on sbtest3  (cost=0.43..398.92 rows=100 width=125)
	  Index Cond: ((id >= 4278027) AND (id <= 4278127))

table 4 : explain SELECT id, c FROM sbtest4 WHERE id BETWEEN 4278027 AND 4278127
	Index Scan using sbtest4_pkey on sbtest4  (cost=0.43..434.08 rows=109 width=125)
	  Index Cond: ((id >= 4278027) AND (id <= 4278127))

table 5 : explain SELECT id, c FROM sbtest5 WHERE id BETWEEN 4278027 AND 4278127
	Index Scan using sbtest5_pkey on sbtest5  (cost=0.43..398.52 rows=100 width=125)
	  Index Cond: ((id >= 4278027) AND (id <= 4278127))

table 6 : explain SELECT id, c FROM sbtest6 WHERE id BETWEEN 4278027 AND 4278127
	Index Scan using sbtest6_pkey on sbtest6  (cost=0.43..429.87 rows=108 width=125)
	  Index Cond: ((id >= 4278027) AND (id <= 4278127))

table 7 : explain SELECT id, c FROM sbtest7 WHERE id BETWEEN 4278027 AND 4278127
	Index Scan using sbtest7_pkey on sbtest7  (cost=0.43..413.58 rows=104 width=125)
	  Index Cond: ((id >= 4278027) AND (id <= 4278127))

table 8 : explain SELECT id, c FROM sbtest8 WHERE id BETWEEN 4278027 AND 4278127
	Index Scan using sbtest8_pkey on sbtest8  (cost=0.43..391.16 rows=98 width=125)
	  Index Cond: ((id >= 4278027) AND (id <= 4278127))

explain: for range-notcovered :: explain SELECT id, c FROM sbtest%d WHERE id BETWEEN 9424066 AND 9424166
explain: for range-notcovered :: explain SELECT id, c FROM sbtest%d WHERE id BETWEEN 1429860 AND 1429960
for range-notcovered
table 1 : explain SELECT id, c FROM sbtest1 WHERE id BETWEEN 3340404 AND 3340504
	Index Scan using sbtest1_pkey on sbtest1  (cost=0.43..407.43 rows=102 width=125)
	  Index Cond: ((id >= 3340404) AND (id <= 3340504))

table 2 : explain SELECT id, c FROM sbtest2 WHERE id BETWEEN 3340404 AND 3340504
	Index Scan using sbtest2_pkey on sbtest2  (cost=0.43..395.57 rows=99 width=125)
	  Index Cond: ((id >= 3340404) AND (id <= 3340504))

table 3 : explain SELECT id, c FROM sbtest3 WHERE id BETWEEN 3340404 AND 3340504
	Index Scan using sbtest3_pkey on sbtest3  (cost=0.43..438.37 rows=110 width=125)
	  Index Cond: ((id >= 3340404) AND (id <= 3340504))

table 4 : explain SELECT id, c FROM sbtest4 WHERE id BETWEEN 3340404 AND 3340504
	Index Scan using sbtest4_pkey on sbtest4  (cost=0.43..394.66 rows=99 width=125)
	  Index Cond: ((id >= 3340404) AND (id <= 3340504))

table 5 : explain SELECT id, c FROM sbtest5 WHERE id BETWEEN 3340404 AND 3340504
	Index Scan using sbtest5_pkey on sbtest5  (cost=0.43..422.15 rows=106 width=125)
	  Index Cond: ((id >= 3340404) AND (id <= 3340504))

table 6 : explain SELECT id, c FROM sbtest6 WHERE id BETWEEN 3340404 AND 3340504
	Index Scan using sbtest6_pkey on sbtest6  (cost=0.43..485.00 rows=122 width=125)
	  Index Cond: ((id >= 3340404) AND (id <= 3340504))

table 7 : explain SELECT id, c FROM sbtest7 WHERE id BETWEEN 3340404 AND 3340504
	Index Scan using sbtest7_pkey on sbtest7  (cost=0.43..370.30 rows=93 width=125)
	  Index Cond: ((id >= 3340404) AND (id <= 3340504))

table 8 : explain SELECT id, c FROM sbtest8 WHERE id BETWEEN 3340404 AND 3340504
	Index Scan using sbtest8_pkey on sbtest8  (cost=0.43..403.02 rows=101 width=125)
	  Index Cond: ((id >= 3340404) AND (id <= 3340504))

explain: for range-notcovered :: explain SELECT id, c FROM sbtest%d WHERE id BETWEEN 4278027 AND 4278127
explain: for range-notcovered :: explain SELECT id, c FROM sbtest%d WHERE id BETWEEN 3340404 AND 3340504
for range-notcovered
table 1 : explain SELECT id, c FROM sbtest1 WHERE id BETWEEN 5527207 AND 5527307
	Index Scan using sbtest1_pkey on sbtest1  (cost=0.43..367.92 rows=92 width=125)
	  Index Cond: ((id >= 5527207) AND (id <= 5527307))

table 2 : explain SELECT id, c FROM sbtest2 WHERE id BETWEEN 5527207 AND 5527307
	Index Scan using sbtest2_pkey on sbtest2  (cost=0.43..395.55 rows=99 width=125)
	  Index Cond: ((id >= 5527207) AND (id <= 5527307))

table 3 : explain SELECT id, c FROM sbtest3 WHERE id BETWEEN 5527207 AND 5527307
	Index Scan using sbtest3_pkey on sbtest3  (cost=0.43..383.14 rows=96 width=125)
	  Index Cond: ((id >= 5527207) AND (id <= 5527307))

table 4 : explain SELECT id, c FROM sbtest4 WHERE id BETWEEN 5527207 AND 5527307
	Index Scan using sbtest4_pkey on sbtest4  (cost=0.43..363.13 rows=91 width=125)
	  Index Cond: ((id >= 5527207) AND (id <= 5527307))

table 5 : explain SELECT id, c FROM sbtest5 WHERE id BETWEEN 5527207 AND 5527307
	Index Scan using sbtest5_pkey on sbtest5  (cost=0.43..402.45 rows=101 width=125)
	  Index Cond: ((id >= 5527207) AND (id <= 5527307))

table 6 : explain SELECT id, c FROM sbtest6 WHERE id BETWEEN 5527207 AND 5527307
	Index Scan using sbtest6_pkey on sbtest6  (cost=0.43..425.94 rows=107 width=125)
	  Index Cond: ((id >= 5527207) AND (id <= 5527307))

table 7 : explain SELECT id, c FROM sbtest7 WHERE id BETWEEN 5527207 AND 5527307
	Index Scan using sbtest7_pkey on sbtest7  (cost=0.43..362.43 rows=91 width=125)
	  Index Cond: ((id >= 5527207) AND (id <= 5527307))

table 8 : explain SELECT id, c FROM sbtest8 WHERE id BETWEEN 5527207 AND 5527307
	Index Scan using sbtest8_pkey on sbtest8  (cost=0.43..391.16 rows=98 width=125)
	  Index Cond: ((id >= 5527207) AND (id <= 5527307))

for range-notcovered
table 1 : explain SELECT id, c FROM sbtest1 WHERE id BETWEEN 7092218 AND 7092318
	Index Scan using sbtest1_pkey on sbtest1  (cost=0.43..391.62 rows=98 width=125)
	  Index Cond: ((id >= 7092218) AND (id <= 7092318))

table 2 : explain SELECT id, c FROM sbtest2 WHERE id BETWEEN 7092218 AND 7092318
	Index Scan using sbtest2_pkey on sbtest2  (cost=0.43..403.47 rows=101 width=125)
	  Index Cond: ((id >= 7092218) AND (id <= 7092318))

table 3 : explain SELECT id, c FROM sbtest3 WHERE id BETWEEN 7092218 AND 7092318
	Index Scan using sbtest3_pkey on sbtest3  (cost=0.43..402.88 rows=101 width=125)
	  Index Cond: ((id >= 7092218) AND (id <= 7092318))

table 4 : explain SELECT id, c FROM sbtest4 WHERE id BETWEEN 7092218 AND 7092318
	Index Scan using sbtest4_pkey on sbtest4  (cost=0.43..426.20 rows=107 width=125)
	  Index Cond: ((id >= 7092218) AND (id <= 7092318))

table 5 : explain SELECT id, c FROM sbtest5 WHERE id BETWEEN 7092218 AND 7092318
	Index Scan using sbtest5_pkey on sbtest5  (cost=0.43..351.22 rows=88 width=125)
	  Index Cond: ((id >= 7092218) AND (id <= 7092318))

table 6 : explain SELECT id, c FROM sbtest6 WHERE id BETWEEN 7092218 AND 7092318
	Index Scan using sbtest6_pkey on sbtest6  (cost=0.43..374.72 rows=94 width=125)
	  Index Cond: ((id >= 7092218) AND (id <= 7092318))

table 7 : explain SELECT id, c FROM sbtest7 WHERE id BETWEEN 7092218 AND 7092318
	Index Scan using sbtest7_pkey on sbtest7  (cost=0.43..429.31 rows=108 width=125)
	  Index Cond: ((id >= 7092218) AND (id <= 7092318))

table 8 : explain SELECT id, c FROM sbtest8 WHERE id BETWEEN 7092218 AND 7092318
	Index Scan using sbtest8_pkey on sbtest8  (cost=0.43..379.33 rows=95 width=125)
	  Index Cond: ((id >= 7092218) AND (id <= 7092318))

explain: for range-notcovered :: explain SELECT id, c FROM sbtest%d WHERE id BETWEEN 5527207 AND 5527307
for range-notcovered
table 1 : explain SELECT id, c FROM sbtest1 WHERE id BETWEEN 6447999 AND 6448099
	Index Scan using sbtest1_pkey on sbtest1  (cost=0.43..470.63 rows=118 width=125)
	  Index Cond: ((id >= 6447999) AND (id <= 6448099))

table 2 : explain SELECT id, c FROM sbtest2 WHERE id BETWEEN 6447999 AND 6448099
	Index Scan using sbtest2_pkey on sbtest2  (cost=0.43..419.27 rows=105 width=125)
	  Index Cond: ((id >= 6447999) AND (id <= 6448099))

table 3 : explain SELECT id, c FROM sbtest3 WHERE id BETWEEN 6447999 AND 6448099
	Index Scan using sbtest3_pkey on sbtest3  (cost=0.43..446.26 rows=112 width=125)
	  Index Cond: ((id >= 6447999) AND (id <= 6448099))

table 4 : explain SELECT id, c FROM sbtest4 WHERE id BETWEEN 6447999 AND 6448099
	Index Scan using sbtest4_pkey on sbtest4  (cost=0.43..418.32 rows=105 width=125)
	  Index Cond: ((id >= 6447999) AND (id <= 6448099))

table 5 : explain SELECT id, c FROM sbtest5 WHERE id BETWEEN 6447999 AND 6448099
	Index Scan using sbtest5_pkey on sbtest5  (cost=0.43..410.33 rows=103 width=125)
	  Index Cond: ((id >= 6447999) AND (id <= 6448099))

table 6 : explain SELECT id, c FROM sbtest6 WHERE id BETWEEN 6447999 AND 6448099
	Index Scan using sbtest6_pkey on sbtest6  (cost=0.43..410.18 rows=103 width=125)
	  Index Cond: ((id >= 6447999) AND (id <= 6448099))

table 7 : explain SELECT id, c FROM sbtest7 WHERE id BETWEEN 6447999 AND 6448099
	Index Scan using sbtest7_pkey on sbtest7  (cost=0.43..409.65 rows=103 width=125)
	  Index Cond: ((id >= 6447999) AND (id <= 6448099))

table 8 : explain SELECT id, c FROM sbtest8 WHERE id BETWEEN 6447999 AND 6448099
	Index Scan using sbtest8_pkey on sbtest8  (cost=0.43..422.74 rows=106 width=125)
	  Index Cond: ((id >= 6447999) AND (id <= 6448099))

explain: for range-notcovered :: explain SELECT id, c FROM sbtest%d WHERE id BETWEEN 7092218 AND 7092318
for range-notcovered
table 1 : explain SELECT id, c FROM sbtest1 WHERE id BETWEEN 5477012 AND 5477112
	Index Scan using sbtest1_pkey on sbtest1  (cost=0.43..367.92 rows=92 width=125)
	  Index Cond: ((id >= 5477012) AND (id <= 5477112))

table 2 : explain SELECT id, c FROM sbtest2 WHERE id BETWEEN 5477012 AND 5477112
	Index Scan using sbtest2_pkey on sbtest2  (cost=0.43..379.75 rows=95 width=125)
	  Index Cond: ((id >= 5477012) AND (id <= 5477112))

table 3 : explain SELECT id, c FROM sbtest3 WHERE id BETWEEN 5477012 AND 5477112
	Index Scan using sbtest3_pkey on sbtest3  (cost=0.43..477.81 rows=120 width=125)
	  Index Cond: ((id >= 5477012) AND (id <= 5477112))

table 4 : explain SELECT id, c FROM sbtest4 WHERE id BETWEEN 5477012 AND 5477112
	Index Scan using sbtest4_pkey on sbtest4  (cost=0.43..363.13 rows=91 width=125)
	  Index Cond: ((id >= 5477012) AND (id <= 5477112))

table 5 : explain SELECT id, c FROM sbtest5 WHERE id BETWEEN 5477012 AND 5477112
	Index Scan using sbtest5_pkey on sbtest5  (cost=0.43..414.27 rows=104 width=125)
	  Index Cond: ((id >= 5477012) AND (id <= 5477112))

table 6 : explain SELECT id, c FROM sbtest6 WHERE id BETWEEN 5477012 AND 5477112
	Index Scan using sbtest6_pkey on sbtest6  (cost=0.43..374.72 rows=94 width=125)
	  Index Cond: ((id >= 5477012) AND (id <= 5477112))

table 7 : explain SELECT id, c FROM sbtest7 WHERE id BETWEEN 5477012 AND 5477112
	Index Scan using sbtest7_pkey on sbtest7  (cost=0.43..362.43 rows=91 width=125)
	  Index Cond: ((id >= 5477012) AND (id <= 5477112))

table 8 : explain SELECT id, c FROM sbtest8 WHERE id BETWEEN 5477012 AND 5477112
	Index Scan using sbtest8_pkey on sbtest8  (cost=0.43..375.38 rows=94 width=125)
	  Index Cond: ((id >= 5477012) AND (id <= 5477112))

for range-notcovered
table 1 : explain SELECT id, c FROM sbtest1 WHERE id BETWEEN 3025426 AND 3025526
	Index Scan using sbtest1_pkey on sbtest1  (cost=0.43..407.43 rows=102 width=125)
	  Index Cond: ((id >= 3025426) AND (id <= 3025526))

table 2 : explain SELECT id, c FROM sbtest2 WHERE id BETWEEN 3025426 AND 3025526
	Index Scan using sbtest2_pkey on sbtest2  (cost=0.43..383.70 rows=96 width=125)
	  Index Cond: ((id >= 3025426) AND (id <= 3025526))

table 3 : explain SELECT id, c FROM sbtest3 WHERE id BETWEEN 3025426 AND 3025526
	Index Scan using sbtest3_pkey on sbtest3  (cost=0.43..493.59 rows=124 width=125)
	  Index Cond: ((id >= 3025426) AND (id <= 3025526))

table 4 : explain SELECT id, c FROM sbtest4 WHERE id BETWEEN 3025426 AND 3025526
	Index Scan using sbtest4_pkey on sbtest4  (cost=0.43..394.66 rows=99 width=125)
	  Index Cond: ((id >= 3025426) AND (id <= 3025526))

table 5 : explain SELECT id, c FROM sbtest5 WHERE id BETWEEN 3025426 AND 3025526
	Index Scan using sbtest5_pkey on sbtest5  (cost=0.43..437.91 rows=110 width=125)
	  Index Cond: ((id >= 3025426) AND (id <= 3025526))

table 6 : explain SELECT id, c FROM sbtest6 WHERE id BETWEEN 3025426 AND 3025526
	Index Scan using sbtest6_pkey on sbtest6  (cost=0.43..398.37 rows=100 width=125)
	  Index Cond: ((id >= 3025426) AND (id <= 3025526))

table 7 : explain SELECT id, c FROM sbtest7 WHERE id BETWEEN 3025426 AND 3025526
	Index Scan using sbtest7_pkey on sbtest7  (cost=0.43..417.51 rows=105 width=125)
	  Index Cond: ((id >= 3025426) AND (id <= 3025526))

table 8 : explain SELECT id, c FROM sbtest8 WHERE id BETWEEN 3025426 AND 3025526
	Index Scan using sbtest8_pkey on sbtest8  (cost=0.43..446.41 rows=112 width=125)
	  Index Cond: ((id >= 3025426) AND (id <= 3025526))

explain: for range-notcovered :: explain SELECT id, c FROM sbtest%d WHERE id BETWEEN 3025426 AND 3025526
explain: for range-notcovered :: explain SELECT id, c FROM sbtest%d WHERE id BETWEEN 6286879 AND 6286979
for range-notcovered
table 1 : explain SELECT id, c FROM sbtest1 WHERE id BETWEEN 3340404 AND 3340504
	Index Scan using sbtest1_pkey on sbtest1  (cost=0.43..407.43 rows=102 width=125)
	  Index Cond: ((id >= 3340404) AND (id <= 3340504))

table 2 : explain SELECT id, c FROM sbtest2 WHERE id BETWEEN 3340404 AND 3340504
	Index Scan using sbtest2_pkey on sbtest2  (cost=0.43..395.57 rows=99 width=125)
	  Index Cond: ((id >= 3340404) AND (id <= 3340504))

table 3 : explain SELECT id, c FROM sbtest3 WHERE id BETWEEN 3340404 AND 3340504
	Index Scan using sbtest3_pkey on sbtest3  (cost=0.43..438.37 rows=110 width=125)
	  Index Cond: ((id >= 3340404) AND (id <= 3340504))

table 4 : explain SELECT id, c FROM sbtest4 WHERE id BETWEEN 3340404 AND 3340504
	Index Scan using sbtest4_pkey on sbtest4  (cost=0.43..394.66 rows=99 width=125)
	  Index Cond: ((id >= 3340404) AND (id <= 3340504))

table 5 : explain SELECT id, c FROM sbtest5 WHERE id BETWEEN 3340404 AND 3340504
	Index Scan using sbtest5_pkey on sbtest5  (cost=0.43..422.15 rows=106 width=125)
	  Index Cond: ((id >= 3340404) AND (id <= 3340504))

table 6 : explain SELECT id, c FROM sbtest6 WHERE id BETWEEN 3340404 AND 3340504
	Index Scan using sbtest6_pkey on sbtest6  (cost=0.43..485.00 rows=122 width=125)
	  Index Cond: ((id >= 3340404) AND (id <= 3340504))

table 7 : explain SELECT id, c FROM sbtest7 WHERE id BETWEEN 3340404 AND 3340504
	Index Scan using sbtest7_pkey on sbtest7  (cost=0.43..370.30 rows=93 width=125)
	  Index Cond: ((id >= 3340404) AND (id <= 3340504))

table 8 : explain SELECT id, c FROM sbtest8 WHERE id BETWEEN 3340404 AND 3340504
	Index Scan using sbtest8_pkey on sbtest8  (cost=0.43..403.02 rows=101 width=125)
	  Index Cond: ((id >= 3340404) AND (id <= 3340504))

for range-notcovered
table 1 : explain SELECT id, c FROM sbtest1 WHERE id BETWEEN 5527207 AND 5527307
	Index Scan using sbtest1_pkey on sbtest1  (cost=0.43..367.92 rows=92 width=125)
	  Index Cond: ((id >= 5527207) AND (id <= 5527307))

table 2 : explain SELECT id, c FROM sbtest2 WHERE id BETWEEN 5527207 AND 5527307
	Index Scan using sbtest2_pkey on sbtest2  (cost=0.43..395.55 rows=99 width=125)
	  Index Cond: ((id >= 5527207) AND (id <= 5527307))

table 3 : explain SELECT id, c FROM sbtest3 WHERE id BETWEEN 5527207 AND 5527307
	Index Scan using sbtest3_pkey on sbtest3  (cost=0.43..383.14 rows=96 width=125)
	  Index Cond: ((id >= 5527207) AND (id <= 5527307))

table 4 : explain SELECT id, c FROM sbtest4 WHERE id BETWEEN 5527207 AND 5527307
	Index Scan using sbtest4_pkey on sbtest4  (cost=0.43..363.13 rows=91 width=125)
	  Index Cond: ((id >= 5527207) AND (id <= 5527307))

table 5 : explain SELECT id, c FROM sbtest5 WHERE id BETWEEN 5527207 AND 5527307
	Index Scan using sbtest5_pkey on sbtest5  (cost=0.43..402.45 rows=101 width=125)
	  Index Cond: ((id >= 5527207) AND (id <= 5527307))

table 6 : explain SELECT id, c FROM sbtest6 WHERE id BETWEEN 5527207 AND 5527307
	Index Scan using sbtest6_pkey on sbtest6  (cost=0.43..425.94 rows=107 width=125)
	  Index Cond: ((id >= 5527207) AND (id <= 5527307))

table 7 : explain SELECT id, c FROM sbtest7 WHERE id BETWEEN 5527207 AND 5527307
	Index Scan using sbtest7_pkey on sbtest7  (cost=0.43..362.43 rows=91 width=125)
	  Index Cond: ((id >= 5527207) AND (id <= 5527307))

table 8 : explain SELECT id, c FROM sbtest8 WHERE id BETWEEN 5527207 AND 5527307
	Index Scan using sbtest8_pkey on sbtest8  (cost=0.43..391.16 rows=98 width=125)
	  Index Cond: ((id >= 5527207) AND (id <= 5527307))

explain: for range-notcovered :: explain SELECT id, c FROM sbtest%d WHERE id BETWEEN 5527207 AND 5527307
for range-notcovered
table 1 : explain SELECT id, c FROM sbtest1 WHERE id BETWEEN 7092218 AND 7092318
	Index Scan using sbtest1_pkey on sbtest1  (cost=0.43..391.62 rows=98 width=125)
	  Index Cond: ((id >= 7092218) AND (id <= 7092318))

table 2 : explain SELECT id, c FROM sbtest2 WHERE id BETWEEN 7092218 AND 7092318
	Index Scan using sbtest2_pkey on sbtest2  (cost=0.43..403.47 rows=101 width=125)
	  Index Cond: ((id >= 7092218) AND (id <= 7092318))

table 3 : explain SELECT id, c FROM sbtest3 WHERE id BETWEEN 7092218 AND 7092318
	Index Scan using sbtest3_pkey on sbtest3  (cost=0.43..402.88 rows=101 width=125)
	  Index Cond: ((id >= 7092218) AND (id <= 7092318))

table 4 : explain SELECT id, c FROM sbtest4 WHERE id BETWEEN 7092218 AND 7092318
	Index Scan using sbtest4_pkey on sbtest4  (cost=0.43..426.20 rows=107 width=125)
	  Index Cond: ((id >= 7092218) AND (id <= 7092318))

table 5 : explain SELECT id, c FROM sbtest5 WHERE id BETWEEN 7092218 AND 7092318
	Index Scan using sbtest5_pkey on sbtest5  (cost=0.43..351.22 rows=88 width=125)
	  Index Cond: ((id >= 7092218) AND (id <= 7092318))

table 6 : explain SELECT id, c FROM sbtest6 WHERE id BETWEEN 7092218 AND 7092318
	Index Scan using sbtest6_pkey on sbtest6  (cost=0.43..374.72 rows=94 width=125)
	  Index Cond: ((id >= 7092218) AND (id <= 7092318))

table 7 : explain SELECT id, c FROM sbtest7 WHERE id BETWEEN 7092218 AND 7092318
	Index Scan using sbtest7_pkey on sbtest7  (cost=0.43..429.31 rows=108 width=125)
	  Index Cond: ((id >= 7092218) AND (id <= 7092318))

table 8 : explain SELECT id, c FROM sbtest8 WHERE id BETWEEN 7092218 AND 7092318
	Index Scan using sbtest8_pkey on sbtest8  (cost=0.43..379.33 rows=95 width=125)
	  Index Cond: ((id >= 7092218) AND (id <= 7092318))

explain: for range-notcovered :: explain SELECT id, c FROM sbtest%d WHERE id BETWEEN 7092218 AND 7092318
for range-notcovered
table 1 : explain SELECT id, c FROM sbtest1 WHERE id BETWEEN 6475033 AND 6475133
	Index Scan using sbtest1_pkey on sbtest1  (cost=0.43..470.63 rows=118 width=125)
	  Index Cond: ((id >= 6475033) AND (id <= 6475133))

table 2 : explain SELECT id, c FROM sbtest2 WHERE id BETWEEN 6475033 AND 6475133
	Index Scan using sbtest2_pkey on sbtest2  (cost=0.43..419.27 rows=105 width=125)
	  Index Cond: ((id >= 6475033) AND (id <= 6475133))

table 3 : explain SELECT id, c FROM sbtest3 WHERE id BETWEEN 6475033 AND 6475133
	Index Scan using sbtest3_pkey on sbtest3  (cost=0.43..446.26 rows=112 width=125)
	  Index Cond: ((id >= 6475033) AND (id <= 6475133))

table 4 : explain SELECT id, c FROM sbtest4 WHERE id BETWEEN 6475033 AND 6475133
	Index Scan using sbtest4_pkey on sbtest4  (cost=0.43..418.32 rows=105 width=125)
	  Index Cond: ((id >= 6475033) AND (id <= 6475133))

table 5 : explain SELECT id, c FROM sbtest5 WHERE id BETWEEN 6475033 AND 6475133
	Index Scan using sbtest5_pkey on sbtest5  (cost=0.43..410.33 rows=103 width=125)
	  Index Cond: ((id >= 6475033) AND (id <= 6475133))

table 6 : explain SELECT id, c FROM sbtest6 WHERE id BETWEEN 6475033 AND 6475133
	Index Scan using sbtest6_pkey on sbtest6  (cost=0.43..410.18 rows=103 width=125)
	  Index Cond: ((id >= 6475033) AND (id <= 6475133))

table 7 : explain SELECT id, c FROM sbtest7 WHERE id BETWEEN 6475033 AND 6475133
	Index Scan using sbtest7_pkey on sbtest7  (cost=0.43..409.65 rows=103 width=125)
	  Index Cond: ((id >= 6475033) AND (id <= 6475133))

table 8 : explain SELECT id, c FROM sbtest8 WHERE id BETWEEN 6475033 AND 6475133
	Index Scan using sbtest8_pkey on sbtest8  (cost=0.43..406.96 rows=102 width=125)
	  Index Cond: ((id >= 6475033) AND (id <= 6475133))

for range-notcovered
table 1 : explain SELECT id, c FROM sbtest1 WHERE id BETWEEN 1429860 AND 1429960
	Index Scan using sbtest1_pkey on sbtest1  (cost=0.43..399.53 rows=100 width=125)
	  Index Cond: ((id >= 1429860) AND (id <= 1429960))

table 2 : explain SELECT id, c FROM sbtest2 WHERE id BETWEEN 1429860 AND 1429960
	Index Scan using sbtest2_pkey on sbtest2  (cost=0.43..435.06 rows=109 width=125)
	  Index Cond: ((id >= 1429860) AND (id <= 1429960))

table 3 : explain SELECT id, c FROM sbtest3 WHERE id BETWEEN 1429860 AND 1429960
	Index Scan using sbtest3_pkey on sbtest3  (cost=0.43..406.82 rows=102 width=125)
	  Index Cond: ((id >= 1429860) AND (id <= 1429960))

table 4 : explain SELECT id, c FROM sbtest4 WHERE id BETWEEN 1429860 AND 1429960
	Index Scan using sbtest4_pkey on sbtest4  (cost=0.43..390.72 rows=98 width=125)
	  Index Cond: ((id >= 1429860) AND (id <= 1429960))

table 5 : explain SELECT id, c FROM sbtest5 WHERE id BETWEEN 1429860 AND 1429960
	Index Scan using sbtest5_pkey on sbtest5  (cost=0.43..386.68 rows=97 width=125)
	  Index Cond: ((id >= 1429860) AND (id <= 1429960))

table 6 : explain SELECT id, c FROM sbtest6 WHERE id BETWEEN 1429860 AND 1429960
	Index Scan using sbtest6_pkey on sbtest6  (cost=0.43..378.66 rows=95 width=125)
	  Index Cond: ((id >= 1429860) AND (id <= 1429960))

table 7 : explain SELECT id, c FROM sbtest7 WHERE id BETWEEN 1429860 AND 1429960
	Index Scan using sbtest7_pkey on sbtest7  (cost=0.43..386.03 rows=97 width=125)
	  Index Cond: ((id >= 1429860) AND (id <= 1429960))

table 8 : explain SELECT id, c FROM sbtest8 WHERE id BETWEEN 1429860 AND 1429960
	Index Scan using sbtest8_pkey on sbtest8  (cost=0.43..395.11 rows=99 width=125)
	  Index Cond: ((id >= 1429860) AND (id <= 1429960))

for range-notcovered
table 1 : explain SELECT id, c FROM sbtest1 WHERE id BETWEEN 9424066 AND 9424166
	Index Scan using sbtest1_pkey on sbtest1  (cost=0.43..431.13 rows=108 width=125)
	  Index Cond: ((id >= 9424066) AND (id <= 9424166))

table 2 : explain SELECT id, c FROM sbtest2 WHERE id BETWEEN 9424066 AND 9424166
	Index Scan using sbtest2_pkey on sbtest2  (cost=0.43..379.75 rows=95 width=125)
	  Index Cond: ((id >= 9424066) AND (id <= 9424166))

table 3 : explain SELECT id, c FROM sbtest3 WHERE id BETWEEN 9424066 AND 9424166
	Index Scan using sbtest3_pkey on sbtest3  (cost=0.43..450.20 rows=113 width=125)
	  Index Cond: ((id >= 9424066) AND (id <= 9424166))

table 4 : explain SELECT id, c FROM sbtest4 WHERE id BETWEEN 9424066 AND 9424166
	Index Scan using sbtest4_pkey on sbtest4  (cost=0.43..406.50 rows=102 width=125)
	  Index Cond: ((id >= 9424066) AND (id <= 9424166))

table 5 : explain SELECT id, c FROM sbtest5 WHERE id BETWEEN 9424066 AND 9424166
	Index Scan using sbtest5_pkey on sbtest5  (cost=0.43..398.52 rows=100 width=125)
	  Index Cond: ((id >= 9424066) AND (id <= 9424166))

table 6 : explain SELECT id, c FROM sbtest6 WHERE id BETWEEN 9424066 AND 9424166
	Index Scan using sbtest6_pkey on sbtest6  (cost=0.43..488.94 rows=123 width=125)
	  Index Cond: ((id >= 9424066) AND (id <= 9424166))

table 7 : explain SELECT id, c FROM sbtest7 WHERE id BETWEEN 9424066 AND 9424166
	Index Scan using sbtest7_pkey on sbtest7  (cost=0.43..413.58 rows=104 width=125)
	  Index Cond: ((id >= 9424066) AND (id <= 9424166))

table 8 : explain SELECT id, c FROM sbtest8 WHERE id BETWEEN 9424066 AND 9424166
	Index Scan using sbtest8_pkey on sbtest8  (cost=0.43..371.44 rows=93 width=125)
	  Index Cond: ((id >= 9424066) AND (id <= 9424166))

for range-notcovered
table 1 : explain SELECT id, c FROM sbtest1 WHERE id BETWEEN 4278027 AND 4278127
	Index Scan using sbtest1_pkey on sbtest1  (cost=0.43..383.72 rows=96 width=125)
	  Index Cond: ((id >= 4278027) AND (id <= 4278127))

table 2 : explain SELECT id, c FROM sbtest2 WHERE id BETWEEN 4278027 AND 4278127
	Index Scan using sbtest2_pkey on sbtest2  (cost=0.43..403.47 rows=101 width=125)
	  Index Cond: ((id >= 4278027) AND (id <= 4278127))

table 3 : explain SELECT id, c FROM sbtest3 WHERE id BETWEEN 4278027 AND 4278127
	Index Scan using sbtest3_pkey on sbtest3  (cost=0.43..398.92 rows=100 width=125)
	  Index Cond: ((id >= 4278027) AND (id <= 4278127))

table 4 : explain SELECT id, c FROM sbtest4 WHERE id BETWEEN 4278027 AND 4278127
	Index Scan using sbtest4_pkey on sbtest4  (cost=0.43..434.08 rows=109 width=125)
	  Index Cond: ((id >= 4278027) AND (id <= 4278127))

table 5 : explain SELECT id, c FROM sbtest5 WHERE id BETWEEN 4278027 AND 4278127
	Index Scan using sbtest5_pkey on sbtest5  (cost=0.43..398.52 rows=100 width=125)
	  Index Cond: ((id >= 4278027) AND (id <= 4278127))

table 6 : explain SELECT id, c FROM sbtest6 WHERE id BETWEEN 4278027 AND 4278127
	Index Scan using sbtest6_pkey on sbtest6  (cost=0.43..429.87 rows=108 width=125)
	  Index Cond: ((id >= 4278027) AND (id <= 4278127))

table 7 : explain SELECT id, c FROM sbtest7 WHERE id BETWEEN 4278027 AND 4278127
	Index Scan using sbtest7_pkey on sbtest7  (cost=0.43..413.58 rows=104 width=125)
	  Index Cond: ((id >= 4278027) AND (id <= 4278127))

table 8 : explain SELECT id, c FROM sbtest8 WHERE id BETWEEN 4278027 AND 4278127
	Index Scan using sbtest8_pkey on sbtest8  (cost=0.43..391.16 rows=98 width=125)
	  Index Cond: ((id >= 4278027) AND (id <= 4278127))

explain: for range-notcovered :: explain SELECT id, c FROM sbtest%d WHERE id BETWEEN 1429860 AND 1429960
explain: for range-notcovered :: explain SELECT id, c FROM sbtest%d WHERE id BETWEEN 4278027 AND 4278127
for range-notcovered
table 1 : explain SELECT id, c FROM sbtest1 WHERE id BETWEEN 3025426 AND 3025526
	Index Scan using sbtest1_pkey on sbtest1  (cost=0.43..407.43 rows=102 width=125)
	  Index Cond: ((id >= 3025426) AND (id <= 3025526))

table 2 : explain SELECT id, c FROM sbtest2 WHERE id BETWEEN 3025426 AND 3025526
	Index Scan using sbtest2_pkey on sbtest2  (cost=0.43..383.70 rows=96 width=125)
	  Index Cond: ((id >= 3025426) AND (id <= 3025526))

table 3 : explain SELECT id, c FROM sbtest3 WHERE id BETWEEN 3025426 AND 3025526
	Index Scan using sbtest3_pkey on sbtest3  (cost=0.43..493.59 rows=124 width=125)
	  Index Cond: ((id >= 3025426) AND (id <= 3025526))

table 4 : explain SELECT id, c FROM sbtest4 WHERE id BETWEEN 3025426 AND 3025526
	Index Scan using sbtest4_pkey on sbtest4  (cost=0.43..394.66 rows=99 width=125)
	  Index Cond: ((id >= 3025426) AND (id <= 3025526))

table 5 : explain SELECT id, c FROM sbtest5 WHERE id BETWEEN 3025426 AND 3025526
	Index Scan using sbtest5_pkey on sbtest5  (cost=0.43..437.91 rows=110 width=125)
	  Index Cond: ((id >= 3025426) AND (id <= 3025526))

table 6 : explain SELECT id, c FROM sbtest6 WHERE id BETWEEN 3025426 AND 3025526
	Index Scan using sbtest6_pkey on sbtest6  (cost=0.43..398.37 rows=100 width=125)
	  Index Cond: ((id >= 3025426) AND (id <= 3025526))

table 7 : explain SELECT id, c FROM sbtest7 WHERE id BETWEEN 3025426 AND 3025526
	Index Scan using sbtest7_pkey on sbtest7  (cost=0.43..417.51 rows=105 width=125)
	  Index Cond: ((id >= 3025426) AND (id <= 3025526))

table 8 : explain SELECT id, c FROM sbtest8 WHERE id BETWEEN 3025426 AND 3025526
	Index Scan using sbtest8_pkey on sbtest8  (cost=0.43..446.41 rows=112 width=125)
	  Index Cond: ((id >= 3025426) AND (id <= 3025526))

for range-notcovered
table 1 : explain SELECT id, c FROM sbtest1 WHERE id BETWEEN 5527207 AND 5527307
	Index Scan using sbtest1_pkey on sbtest1  (cost=0.43..367.92 rows=92 width=125)
	  Index Cond: ((id >= 5527207) AND (id <= 5527307))

table 2 : explain SELECT id, c FROM sbtest2 WHERE id BETWEEN 5527207 AND 5527307
	Index Scan using sbtest2_pkey on sbtest2  (cost=0.43..395.55 rows=99 width=125)
	  Index Cond: ((id >= 5527207) AND (id <= 5527307))

table 3 : explain SELECT id, c FROM sbtest3 WHERE id BETWEEN 5527207 AND 5527307
	Index Scan using sbtest3_pkey on sbtest3  (cost=0.43..383.14 rows=96 width=125)
	  Index Cond: ((id >= 5527207) AND (id <= 5527307))

table 4 : explain SELECT id, c FROM sbtest4 WHERE id BETWEEN 5527207 AND 5527307
	Index Scan using sbtest4_pkey on sbtest4  (cost=0.43..363.13 rows=91 width=125)
	  Index Cond: ((id >= 5527207) AND (id <= 5527307))

table 5 : explain SELECT id, c FROM sbtest5 WHERE id BETWEEN 5527207 AND 5527307
	Index Scan using sbtest5_pkey on sbtest5  (cost=0.43..402.45 rows=101 width=125)
	  Index Cond: ((id >= 5527207) AND (id <= 5527307))

table 6 : explain SELECT id, c FROM sbtest6 WHERE id BETWEEN 5527207 AND 5527307
	Index Scan using sbtest6_pkey on sbtest6  (cost=0.43..425.94 rows=107 width=125)
	  Index Cond: ((id >= 5527207) AND (id <= 5527307))

table 7 : explain SELECT id, c FROM sbtest7 WHERE id BETWEEN 5527207 AND 5527307
	Index Scan using sbtest7_pkey on sbtest7  (cost=0.43..362.43 rows=91 width=125)
	  Index Cond: ((id >= 5527207) AND (id <= 5527307))

table 8 : explain SELECT id, c FROM sbtest8 WHERE id BETWEEN 5527207 AND 5527307
	Index Scan using sbtest8_pkey on sbtest8  (cost=0.43..391.16 rows=98 width=125)
	  Index Cond: ((id >= 5527207) AND (id <= 5527307))

explain: for range-notcovered :: explain SELECT id, c FROM sbtest%d WHERE id BETWEEN 5527207 AND 5527307
explain: for range-notcovered :: explain SELECT id, c FROM sbtest%d WHERE id BETWEEN 6475033 AND 6475133
for range-notcovered
table 1 : explain SELECT id, c FROM sbtest1 WHERE id BETWEEN 7092218 AND 7092318
	Index Scan using sbtest1_pkey on sbtest1  (cost=0.43..391.62 rows=98 width=125)
	  Index Cond: ((id >= 7092218) AND (id <= 7092318))

table 2 : explain SELECT id, c FROM sbtest2 WHERE id BETWEEN 7092218 AND 7092318
	Index Scan using sbtest2_pkey on sbtest2  (cost=0.43..403.47 rows=101 width=125)
	  Index Cond: ((id >= 7092218) AND (id <= 7092318))

table 3 : explain SELECT id, c FROM sbtest3 WHERE id BETWEEN 7092218 AND 7092318
	Index Scan using sbtest3_pkey on sbtest3  (cost=0.43..402.88 rows=101 width=125)
	  Index Cond: ((id >= 7092218) AND (id <= 7092318))

table 4 : explain SELECT id, c FROM sbtest4 WHERE id BETWEEN 7092218 AND 7092318
	Index Scan using sbtest4_pkey on sbtest4  (cost=0.43..426.20 rows=107 width=125)
	  Index Cond: ((id >= 7092218) AND (id <= 7092318))

table 5 : explain SELECT id, c FROM sbtest5 WHERE id BETWEEN 7092218 AND 7092318
	Index Scan using sbtest5_pkey on sbtest5  (cost=0.43..351.22 rows=88 width=125)
	  Index Cond: ((id >= 7092218) AND (id <= 7092318))

table 6 : explain SELECT id, c FROM sbtest6 WHERE id BETWEEN 7092218 AND 7092318
	Index Scan using sbtest6_pkey on sbtest6  (cost=0.43..374.72 rows=94 width=125)
	  Index Cond: ((id >= 7092218) AND (id <= 7092318))

table 7 : explain SELECT id, c FROM sbtest7 WHERE id BETWEEN 7092218 AND 7092318
	Index Scan using sbtest7_pkey on sbtest7  (cost=0.43..429.31 rows=108 width=125)
	  Index Cond: ((id >= 7092218) AND (id <= 7092318))

table 8 : explain SELECT id, c FROM sbtest8 WHERE id BETWEEN 7092218 AND 7092318
	Index Scan using sbtest8_pkey on sbtest8  (cost=0.43..379.33 rows=95 width=125)
	  Index Cond: ((id >= 7092218) AND (id <= 7092318))

explain: for range-notcovered :: explain SELECT id, c FROM sbtest%d WHERE id BETWEEN 7092218 AND 7092318
for range-notcovered
table 1 : explain SELECT id, c FROM sbtest1 WHERE id BETWEEN 5527207 AND 5527307
	Index Scan using sbtest1_pkey on sbtest1  (cost=0.43..367.92 rows=92 width=125)
	  Index Cond: ((id >= 5527207) AND (id <= 5527307))

table 2 : explain SELECT id, c FROM sbtest2 WHERE id BETWEEN 5527207 AND 5527307
	Index Scan using sbtest2_pkey on sbtest2  (cost=0.43..395.55 rows=99 width=125)
	  Index Cond: ((id >= 5527207) AND (id <= 5527307))

table 3 : explain SELECT id, c FROM sbtest3 WHERE id BETWEEN 5527207 AND 5527307
	Index Scan using sbtest3_pkey on sbtest3  (cost=0.43..383.14 rows=96 width=125)
	  Index Cond: ((id >= 5527207) AND (id <= 5527307))

table 4 : explain SELECT id, c FROM sbtest4 WHERE id BETWEEN 5527207 AND 5527307
	Index Scan using sbtest4_pkey on sbtest4  (cost=0.43..363.13 rows=91 width=125)
	  Index Cond: ((id >= 5527207) AND (id <= 5527307))

table 5 : explain SELECT id, c FROM sbtest5 WHERE id BETWEEN 5527207 AND 5527307
	Index Scan using sbtest5_pkey on sbtest5  (cost=0.43..402.45 rows=101 width=125)
	  Index Cond: ((id >= 5527207) AND (id <= 5527307))

table 6 : explain SELECT id, c FROM sbtest6 WHERE id BETWEEN 5527207 AND 5527307
	Index Scan using sbtest6_pkey on sbtest6  (cost=0.43..425.94 rows=107 width=125)
	  Index Cond: ((id >= 5527207) AND (id <= 5527307))

table 7 : explain SELECT id, c FROM sbtest7 WHERE id BETWEEN 5527207 AND 5527307
	Index Scan using sbtest7_pkey on sbtest7  (cost=0.43..362.43 rows=91 width=125)
	  Index Cond: ((id >= 5527207) AND (id <= 5527307))

table 8 : explain SELECT id, c FROM sbtest8 WHERE id BETWEEN 5527207 AND 5527307
	Index Scan using sbtest8_pkey on sbtest8  (cost=0.43..391.16 rows=98 width=125)
	  Index Cond: ((id >= 5527207) AND (id <= 5527307))

explain: for range-notcovered :: explain SELECT id, c FROM sbtest%d WHERE id BETWEEN 5527207 AND 5527307
for range-notcovered
table 1 : explain SELECT id, c FROM sbtest1 WHERE id BETWEEN 6475033 AND 6475133
	Index Scan using sbtest1_pkey on sbtest1  (cost=0.43..470.63 rows=118 width=125)
	  Index Cond: ((id >= 6475033) AND (id <= 6475133))

table 2 : explain SELECT id, c FROM sbtest2 WHERE id BETWEEN 6475033 AND 6475133
	Index Scan using sbtest2_pkey on sbtest2  (cost=0.43..419.27 rows=105 width=125)
	  Index Cond: ((id >= 6475033) AND (id <= 6475133))

table 3 : explain SELECT id, c FROM sbtest3 WHERE id BETWEEN 6475033 AND 6475133
	Index Scan using sbtest3_pkey on sbtest3  (cost=0.43..446.26 rows=112 width=125)
	  Index Cond: ((id >= 6475033) AND (id <= 6475133))

table 4 : explain SELECT id, c FROM sbtest4 WHERE id BETWEEN 6475033 AND 6475133
	Index Scan using sbtest4_pkey on sbtest4  (cost=0.43..418.32 rows=105 width=125)
	  Index Cond: ((id >= 6475033) AND (id <= 6475133))

table 5 : explain SELECT id, c FROM sbtest5 WHERE id BETWEEN 6475033 AND 6475133
	Index Scan using sbtest5_pkey on sbtest5  (cost=0.43..410.33 rows=103 width=125)
	  Index Cond: ((id >= 6475033) AND (id <= 6475133))

table 6 : explain SELECT id, c FROM sbtest6 WHERE id BETWEEN 6475033 AND 6475133
	Index Scan using sbtest6_pkey on sbtest6  (cost=0.43..410.18 rows=103 width=125)
	  Index Cond: ((id >= 6475033) AND (id <= 6475133))

table 7 : explain SELECT id, c FROM sbtest7 WHERE id BETWEEN 6475033 AND 6475133
	Index Scan using sbtest7_pkey on sbtest7  (cost=0.43..409.65 rows=103 width=125)
	  Index Cond: ((id >= 6475033) AND (id <= 6475133))

table 8 : explain SELECT id, c FROM sbtest8 WHERE id BETWEEN 6475033 AND 6475133
	Index Scan using sbtest8_pkey on sbtest8  (cost=0.43..406.96 rows=102 width=125)
	  Index Cond: ((id >= 6475033) AND (id <= 6475133))

for range-notcovered
table 1 : explain SELECT id, c FROM sbtest1 WHERE id BETWEEN 7092218 AND 7092318
	Index Scan using sbtest1_pkey on sbtest1  (cost=0.43..391.62 rows=98 width=125)
	  Index Cond: ((id >= 7092218) AND (id <= 7092318))

table 2 : explain SELECT id, c FROM sbtest2 WHERE id BETWEEN 7092218 AND 7092318
	Index Scan using sbtest2_pkey on sbtest2  (cost=0.43..403.47 rows=101 width=125)
	  Index Cond: ((id >= 7092218) AND (id <= 7092318))

table 3 : explain SELECT id, c FROM sbtest3 WHERE id BETWEEN 7092218 AND 7092318
	Index Scan using sbtest3_pkey on sbtest3  (cost=0.43..402.88 rows=101 width=125)
	  Index Cond: ((id >= 7092218) AND (id <= 7092318))

table 4 : explain SELECT id, c FROM sbtest4 WHERE id BETWEEN 7092218 AND 7092318
	Index Scan using sbtest4_pkey on sbtest4  (cost=0.43..426.20 rows=107 width=125)
	  Index Cond: ((id >= 7092218) AND (id <= 7092318))

table 5 : explain SELECT id, c FROM sbtest5 WHERE id BETWEEN 7092218 AND 7092318
	Index Scan using sbtest5_pkey on sbtest5  (cost=0.43..351.22 rows=88 width=125)
	  Index Cond: ((id >= 7092218) AND (id <= 7092318))

table 6 : explain SELECT id, c FROM sbtest6 WHERE id BETWEEN 7092218 AND 7092318
	Index Scan using sbtest6_pkey on sbtest6  (cost=0.43..374.72 rows=94 width=125)
	  Index Cond: ((id >= 7092218) AND (id <= 7092318))

table 7 : explain SELECT id, c FROM sbtest7 WHERE id BETWEEN 7092218 AND 7092318
	Index Scan using sbtest7_pkey on sbtest7  (cost=0.43..429.31 rows=108 width=125)
	  Index Cond: ((id >= 7092218) AND (id <= 7092318))

table 8 : explain SELECT id, c FROM sbtest8 WHERE id BETWEEN 7092218 AND 7092318
	Index Scan using sbtest8_pkey on sbtest8  (cost=0.43..379.33 rows=95 width=125)
	  Index Cond: ((id >= 7092218) AND (id <= 7092318))

explain: for range-notcovered :: explain SELECT id, c FROM sbtest%d WHERE id BETWEEN 6475033 AND 6475133
explain: for range-notcovered :: explain SELECT id, c FROM sbtest%d WHERE id BETWEEN 7092218 AND 7092318
explain: for range-notcovered :: explain SELECT id, c FROM sbtest%d WHERE id BETWEEN 4401218 AND 4401318
for range-notcovered
table 1 : explain SELECT id, c FROM sbtest1 WHERE id BETWEEN 1429860 AND 1429960
	Index Scan using sbtest1_pkey on sbtest1  (cost=0.43..399.53 rows=100 width=125)
	  Index Cond: ((id >= 1429860) AND (id <= 1429960))

table 2 : explain SELECT id, c FROM sbtest2 WHERE id BETWEEN 1429860 AND 1429960
	Index Scan using sbtest2_pkey on sbtest2  (cost=0.43..435.06 rows=109 width=125)
	  Index Cond: ((id >= 1429860) AND (id <= 1429960))

table 3 : explain SELECT id, c FROM sbtest3 WHERE id BETWEEN 1429860 AND 1429960
	Index Scan using sbtest3_pkey on sbtest3  (cost=0.43..406.82 rows=102 width=125)
	  Index Cond: ((id >= 1429860) AND (id <= 1429960))

table 4 : explain SELECT id, c FROM sbtest4 WHERE id BETWEEN 1429860 AND 1429960
	Index Scan using sbtest4_pkey on sbtest4  (cost=0.43..390.72 rows=98 width=125)
	  Index Cond: ((id >= 1429860) AND (id <= 1429960))

table 5 : explain SELECT id, c FROM sbtest5 WHERE id BETWEEN 1429860 AND 1429960
	Index Scan using sbtest5_pkey on sbtest5  (cost=0.43..386.68 rows=97 width=125)
	  Index Cond: ((id >= 1429860) AND (id <= 1429960))

table 6 : explain SELECT id, c FROM sbtest6 WHERE id BETWEEN 1429860 AND 1429960
	Index Scan using sbtest6_pkey on sbtest6  (cost=0.43..378.66 rows=95 width=125)
	  Index Cond: ((id >= 1429860) AND (id <= 1429960))

table 7 : explain SELECT id, c FROM sbtest7 WHERE id BETWEEN 1429860 AND 1429960
	Index Scan using sbtest7_pkey on sbtest7  (cost=0.43..386.03 rows=97 width=125)
	  Index Cond: ((id >= 1429860) AND (id <= 1429960))

table 8 : explain SELECT id, c FROM sbtest8 WHERE id BETWEEN 1429860 AND 1429960
	Index Scan using sbtest8_pkey on sbtest8  (cost=0.43..395.11 rows=99 width=125)
	  Index Cond: ((id >= 1429860) AND (id <= 1429960))

for range-notcovered
table 1 : explain SELECT id, c FROM sbtest1 WHERE id BETWEEN 4278027 AND 4278127
	Index Scan using sbtest1_pkey on sbtest1  (cost=0.43..383.72 rows=96 width=125)
	  Index Cond: ((id >= 4278027) AND (id <= 4278127))

table 2 : explain SELECT id, c FROM sbtest2 WHERE id BETWEEN 4278027 AND 4278127
	Index Scan using sbtest2_pkey on sbtest2  (cost=0.43..403.47 rows=101 width=125)
	  Index Cond: ((id >= 4278027) AND (id <= 4278127))

table 3 : explain SELECT id, c FROM sbtest3 WHERE id BETWEEN 4278027 AND 4278127
	Index Scan using sbtest3_pkey on sbtest3  (cost=0.43..398.92 rows=100 width=125)
	  Index Cond: ((id >= 4278027) AND (id <= 4278127))

table 4 : explain SELECT id, c FROM sbtest4 WHERE id BETWEEN 4278027 AND 4278127
	Index Scan using sbtest4_pkey on sbtest4  (cost=0.43..434.08 rows=109 width=125)
	  Index Cond: ((id >= 4278027) AND (id <= 4278127))

table 5 : explain SELECT id, c FROM sbtest5 WHERE id BETWEEN 4278027 AND 4278127
	Index Scan using sbtest5_pkey on sbtest5  (cost=0.43..398.52 rows=100 width=125)
	  Index Cond: ((id >= 4278027) AND (id <= 4278127))

table 6 : explain SELECT id, c FROM sbtest6 WHERE id BETWEEN 4278027 AND 4278127
	Index Scan using sbtest6_pkey on sbtest6  (cost=0.43..429.87 rows=108 width=125)
	  Index Cond: ((id >= 4278027) AND (id <= 4278127))

table 7 : explain SELECT id, c FROM sbtest7 WHERE id BETWEEN 4278027 AND 4278127
	Index Scan using sbtest7_pkey on sbtest7  (cost=0.43..413.58 rows=104 width=125)
	  Index Cond: ((id >= 4278027) AND (id <= 4278127))

table 8 : explain SELECT id, c FROM sbtest8 WHERE id BETWEEN 4278027 AND 4278127
	Index Scan using sbtest8_pkey on sbtest8  (cost=0.43..391.16 rows=98 width=125)
	  Index Cond: ((id >= 4278027) AND (id <= 4278127))

explain: for range-notcovered :: explain SELECT id, c FROM sbtest%d WHERE id BETWEEN 1429860 AND 1429960
explain: for range-notcovered :: explain SELECT id, c FROM sbtest%d WHERE id BETWEEN 4278027 AND 4278127
for range-notcovered
table 1 : explain SELECT id, c FROM sbtest1 WHERE id BETWEEN 5527207 AND 5527307
	Index Scan using sbtest1_pkey on sbtest1  (cost=0.43..367.92 rows=92 width=125)
	  Index Cond: ((id >= 5527207) AND (id <= 5527307))

table 2 : explain SELECT id, c FROM sbtest2 WHERE id BETWEEN 5527207 AND 5527307
	Index Scan using sbtest2_pkey on sbtest2  (cost=0.43..395.55 rows=99 width=125)
	  Index Cond: ((id >= 5527207) AND (id <= 5527307))

table 3 : explain SELECT id, c FROM sbtest3 WHERE id BETWEEN 5527207 AND 5527307
	Index Scan using sbtest3_pkey on sbtest3  (cost=0.43..383.14 rows=96 width=125)
	  Index Cond: ((id >= 5527207) AND (id <= 5527307))

table 4 : explain SELECT id, c FROM sbtest4 WHERE id BETWEEN 5527207 AND 5527307
	Index Scan using sbtest4_pkey on sbtest4  (cost=0.43..363.13 rows=91 width=125)
	  Index Cond: ((id >= 5527207) AND (id <= 5527307))

table 5 : explain SELECT id, c FROM sbtest5 WHERE id BETWEEN 5527207 AND 5527307
	Index Scan using sbtest5_pkey on sbtest5  (cost=0.43..402.45 rows=101 width=125)
	  Index Cond: ((id >= 5527207) AND (id <= 5527307))

table 6 : explain SELECT id, c FROM sbtest6 WHERE id BETWEEN 5527207 AND 5527307
	Index Scan using sbtest6_pkey on sbtest6  (cost=0.43..425.94 rows=107 width=125)
	  Index Cond: ((id >= 5527207) AND (id <= 5527307))

table 7 : explain SELECT id, c FROM sbtest7 WHERE id BETWEEN 5527207 AND 5527307
	Index Scan using sbtest7_pkey on sbtest7  (cost=0.43..362.43 rows=91 width=125)
	  Index Cond: ((id >= 5527207) AND (id <= 5527307))

table 8 : explain SELECT id, c FROM sbtest8 WHERE id BETWEEN 5527207 AND 5527307
	Index Scan using sbtest8_pkey on sbtest8  (cost=0.43..391.16 rows=98 width=125)
	  Index Cond: ((id >= 5527207) AND (id <= 5527307))

explain: for range-notcovered :: explain SELECT id, c FROM sbtest%d WHERE id BETWEEN 5527207 AND 5527307
for range-notcovered
table 1 : explain SELECT id, c FROM sbtest1 WHERE id BETWEEN 6475033 AND 6475133
	Index Scan using sbtest1_pkey on sbtest1  (cost=0.43..470.63 rows=118 width=125)
	  Index Cond: ((id >= 6475033) AND (id <= 6475133))

table 2 : explain SELECT id, c FROM sbtest2 WHERE id BETWEEN 6475033 AND 6475133
	Index Scan using sbtest2_pkey on sbtest2  (cost=0.43..419.27 rows=105 width=125)
	  Index Cond: ((id >= 6475033) AND (id <= 6475133))

table 3 : explain SELECT id, c FROM sbtest3 WHERE id BETWEEN 6475033 AND 6475133
	Index Scan using sbtest3_pkey on sbtest3  (cost=0.43..446.26 rows=112 width=125)
	  Index Cond: ((id >= 6475033) AND (id <= 6475133))

table 4 : explain SELECT id, c FROM sbtest4 WHERE id BETWEEN 6475033 AND 6475133
	Index Scan using sbtest4_pkey on sbtest4  (cost=0.43..418.32 rows=105 width=125)
	  Index Cond: ((id >= 6475033) AND (id <= 6475133))

table 5 : explain SELECT id, c FROM sbtest5 WHERE id BETWEEN 6475033 AND 6475133
	Index Scan using sbtest5_pkey on sbtest5  (cost=0.43..410.33 rows=103 width=125)
	  Index Cond: ((id >= 6475033) AND (id <= 6475133))

table 6 : explain SELECT id, c FROM sbtest6 WHERE id BETWEEN 6475033 AND 6475133
	Index Scan using sbtest6_pkey on sbtest6  (cost=0.43..410.18 rows=103 width=125)
	  Index Cond: ((id >= 6475033) AND (id <= 6475133))

table 7 : explain SELECT id, c FROM sbtest7 WHERE id BETWEEN 6475033 AND 6475133
	Index Scan using sbtest7_pkey on sbtest7  (cost=0.43..409.65 rows=103 width=125)
	  Index Cond: ((id >= 6475033) AND (id <= 6475133))

table 8 : explain SELECT id, c FROM sbtest8 WHERE id BETWEEN 6475033 AND 6475133
	Index Scan using sbtest8_pkey on sbtest8  (cost=0.43..406.96 rows=102 width=125)
	  Index Cond: ((id >= 6475033) AND (id <= 6475133))

for range-notcovered
table 1 : explain SELECT id, c FROM sbtest1 WHERE id BETWEEN 7092218 AND 7092318
	Index Scan using sbtest1_pkey on sbtest1  (cost=0.43..391.62 rows=98 width=125)
	  Index Cond: ((id >= 7092218) AND (id <= 7092318))

table 2 : explain SELECT id, c FROM sbtest2 WHERE id BETWEEN 7092218 AND 7092318
	Index Scan using sbtest2_pkey on sbtest2  (cost=0.43..403.47 rows=101 width=125)
	  Index Cond: ((id >= 7092218) AND (id <= 7092318))

table 3 : explain SELECT id, c FROM sbtest3 WHERE id BETWEEN 7092218 AND 7092318
	Index Scan using sbtest3_pkey on sbtest3  (cost=0.43..402.88 rows=101 width=125)
	  Index Cond: ((id >= 7092218) AND (id <= 7092318))

table 4 : explain SELECT id, c FROM sbtest4 WHERE id BETWEEN 7092218 AND 7092318
	Index Scan using sbtest4_pkey on sbtest4  (cost=0.43..426.20 rows=107 width=125)
	  Index Cond: ((id >= 7092218) AND (id <= 7092318))

table 5 : explain SELECT id, c FROM sbtest5 WHERE id BETWEEN 7092218 AND 7092318
	Index Scan using sbtest5_pkey on sbtest5  (cost=0.43..351.22 rows=88 width=125)
	  Index Cond: ((id >= 7092218) AND (id <= 7092318))

table 6 : explain SELECT id, c FROM sbtest6 WHERE id BETWEEN 7092218 AND 7092318
	Index Scan using sbtest6_pkey on sbtest6  (cost=0.43..374.72 rows=94 width=125)
	  Index Cond: ((id >= 7092218) AND (id <= 7092318))

table 7 : explain SELECT id, c FROM sbtest7 WHERE id BETWEEN 7092218 AND 7092318
	Index Scan using sbtest7_pkey on sbtest7  (cost=0.43..429.31 rows=108 width=125)
	  Index Cond: ((id >= 7092218) AND (id <= 7092318))

table 8 : explain SELECT id, c FROM sbtest8 WHERE id BETWEEN 7092218 AND 7092318
	Index Scan using sbtest8_pkey on sbtest8  (cost=0.43..379.33 rows=95 width=125)
	  Index Cond: ((id >= 7092218) AND (id <= 7092318))

explain: for range-notcovered :: explain SELECT id, c FROM sbtest%d WHERE id BETWEEN 6475033 AND 6475133
explain: for range-notcovered :: explain SELECT id, c FROM sbtest%d WHERE id BETWEEN 7092218 AND 7092318
explain: for range-notcovered :: explain SELECT id, c FROM sbtest%d WHERE id BETWEEN 8705241 AND 8705341
for range-notcovered
table 1 : explain SELECT id, c FROM sbtest1 WHERE id BETWEEN 6286879 AND 6286979
	Index Scan using sbtest1_pkey on sbtest1  (cost=0.43..462.73 rows=116 width=125)
	  Index Cond: ((id >= 6286879) AND (id <= 6286979))

table 2 : explain SELECT id, c FROM sbtest2 WHERE id BETWEEN 6286879 AND 6286979
	Index Scan using sbtest2_pkey on sbtest2  (cost=0.43..399.52 rows=100 width=125)
	  Index Cond: ((id >= 6286879) AND (id <= 6286979))

table 3 : explain SELECT id, c FROM sbtest3 WHERE id BETWEEN 6286879 AND 6286979
	Index Scan using sbtest3_pkey on sbtest3  (cost=0.43..418.66 rows=105 width=125)
	  Index Cond: ((id >= 6286879) AND (id <= 6286979))

table 4 : explain SELECT id, c FROM sbtest4 WHERE id BETWEEN 6286879 AND 6286979
	Index Scan using sbtest4_pkey on sbtest4  (cost=0.43..410.44 rows=103 width=125)
	  Index Cond: ((id >= 6286879) AND (id <= 6286979))

table 5 : explain SELECT id, c FROM sbtest5 WHERE id BETWEEN 6286879 AND 6286979
	Index Scan using sbtest5_pkey on sbtest5  (cost=0.43..378.80 rows=95 width=125)
	  Index Cond: ((id >= 6286879) AND (id <= 6286979))

table 6 : explain SELECT id, c FROM sbtest6 WHERE id BETWEEN 6286879 AND 6286979
	Index Scan using sbtest6_pkey on sbtest6  (cost=0.43..394.41 rows=99 width=125)
	  Index Cond: ((id >= 6286879) AND (id <= 6286979))

table 7 : explain SELECT id, c FROM sbtest7 WHERE id BETWEEN 6286879 AND 6286979
	Index Scan using sbtest7_pkey on sbtest7  (cost=0.43..389.96 rows=98 width=125)
	  Index Cond: ((id >= 6286879) AND (id <= 6286979))

table 8 : explain SELECT id, c FROM sbtest8 WHERE id BETWEEN 6286879 AND 6286979
	Index Scan using sbtest8_pkey on sbtest8  (cost=0.43..426.69 rows=107 width=125)
	  Index Cond: ((id >= 6286879) AND (id <= 6286979))

for range-notcovered
table 1 : explain SELECT id, c FROM sbtest1 WHERE id BETWEEN 5527207 AND 5527307
	Index Scan using sbtest1_pkey on sbtest1  (cost=0.43..367.92 rows=92 width=125)
	  Index Cond: ((id >= 5527207) AND (id <= 5527307))

table 2 : explain SELECT id, c FROM sbtest2 WHERE id BETWEEN 5527207 AND 5527307
	Index Scan using sbtest2_pkey on sbtest2  (cost=0.43..395.55 rows=99 width=125)
	  Index Cond: ((id >= 5527207) AND (id <= 5527307))

table 3 : explain SELECT id, c FROM sbtest3 WHERE id BETWEEN 5527207 AND 5527307
	Index Scan using sbtest3_pkey on sbtest3  (cost=0.43..383.14 rows=96 width=125)
	  Index Cond: ((id >= 5527207) AND (id <= 5527307))

table 4 : explain SELECT id, c FROM sbtest4 WHERE id BETWEEN 5527207 AND 5527307
	Index Scan using sbtest4_pkey on sbtest4  (cost=0.43..363.13 rows=91 width=125)
	  Index Cond: ((id >= 5527207) AND (id <= 5527307))

table 5 : explain SELECT id, c FROM sbtest5 WHERE id BETWEEN 5527207 AND 5527307
	Index Scan using sbtest5_pkey on sbtest5  (cost=0.43..402.45 rows=101 width=125)
	  Index Cond: ((id >= 5527207) AND (id <= 5527307))

table 6 : explain SELECT id, c FROM sbtest6 WHERE id BETWEEN 5527207 AND 5527307
	Index Scan using sbtest6_pkey on sbtest6  (cost=0.43..425.94 rows=107 width=125)
	  Index Cond: ((id >= 5527207) AND (id <= 5527307))

table 7 : explain SELECT id, c FROM sbtest7 WHERE id BETWEEN 5527207 AND 5527307
	Index Scan using sbtest7_pkey on sbtest7  (cost=0.43..362.43 rows=91 width=125)
	  Index Cond: ((id >= 5527207) AND (id <= 5527307))

table 8 : explain SELECT id, c FROM sbtest8 WHERE id BETWEEN 5527207 AND 5527307
	Index Scan using sbtest8_pkey on sbtest8  (cost=0.43..391.16 rows=98 width=125)
	  Index Cond: ((id >= 5527207) AND (id <= 5527307))

explain: for range-notcovered :: explain SELECT id, c FROM sbtest%d WHERE id BETWEEN 6286879 AND 6286979
for range-notcovered
table 1 : explain SELECT id, c FROM sbtest1 WHERE id BETWEEN 6475033 AND 6475133
	Index Scan using sbtest1_pkey on sbtest1  (cost=0.43..470.63 rows=118 width=125)
	  Index Cond: ((id >= 6475033) AND (id <= 6475133))

table 2 : explain SELECT id, c FROM sbtest2 WHERE id BETWEEN 6475033 AND 6475133
	Index Scan using sbtest2_pkey on sbtest2  (cost=0.43..419.27 rows=105 width=125)
	  Index Cond: ((id >= 6475033) AND (id <= 6475133))

table 3 : explain SELECT id, c FROM sbtest3 WHERE id BETWEEN 6475033 AND 6475133
	Index Scan using sbtest3_pkey on sbtest3  (cost=0.43..446.26 rows=112 width=125)
	  Index Cond: ((id >= 6475033) AND (id <= 6475133))

table 4 : explain SELECT id, c FROM sbtest4 WHERE id BETWEEN 6475033 AND 6475133
	Index Scan using sbtest4_pkey on sbtest4  (cost=0.43..418.32 rows=105 width=125)
	  Index Cond: ((id >= 6475033) AND (id <= 6475133))

table 5 : explain SELECT id, c FROM sbtest5 WHERE id BETWEEN 6475033 AND 6475133
	Index Scan using sbtest5_pkey on sbtest5  (cost=0.43..410.33 rows=103 width=125)
	  Index Cond: ((id >= 6475033) AND (id <= 6475133))

table 6 : explain SELECT id, c FROM sbtest6 WHERE id BETWEEN 6475033 AND 6475133
	Index Scan using sbtest6_pkey on sbtest6  (cost=0.43..410.18 rows=103 width=125)
	  Index Cond: ((id >= 6475033) AND (id <= 6475133))

table 7 : explain SELECT id, c FROM sbtest7 WHERE id BETWEEN 6475033 AND 6475133
	Index Scan using sbtest7_pkey on sbtest7  (cost=0.43..409.65 rows=103 width=125)
	  Index Cond: ((id >= 6475033) AND (id <= 6475133))

table 8 : explain SELECT id, c FROM sbtest8 WHERE id BETWEEN 6475033 AND 6475133
	Index Scan using sbtest8_pkey on sbtest8  (cost=0.43..406.96 rows=102 width=125)
	  Index Cond: ((id >= 6475033) AND (id <= 6475133))

for range-notcovered
table 1 : explain SELECT id, c FROM sbtest1 WHERE id BETWEEN 7092218 AND 7092318
	Index Scan using sbtest1_pkey on sbtest1  (cost=0.43..391.62 rows=98 width=125)
	  Index Cond: ((id >= 7092218) AND (id <= 7092318))

table 2 : explain SELECT id, c FROM sbtest2 WHERE id BETWEEN 7092218 AND 7092318
	Index Scan using sbtest2_pkey on sbtest2  (cost=0.43..403.47 rows=101 width=125)
	  Index Cond: ((id >= 7092218) AND (id <= 7092318))

table 3 : explain SELECT id, c FROM sbtest3 WHERE id BETWEEN 7092218 AND 7092318
	Index Scan using sbtest3_pkey on sbtest3  (cost=0.43..402.88 rows=101 width=125)
	  Index Cond: ((id >= 7092218) AND (id <= 7092318))

table 4 : explain SELECT id, c FROM sbtest4 WHERE id BETWEEN 7092218 AND 7092318
	Index Scan using sbtest4_pkey on sbtest4  (cost=0.43..426.20 rows=107 width=125)
	  Index Cond: ((id >= 7092218) AND (id <= 7092318))

table 5 : explain SELECT id, c FROM sbtest5 WHERE id BETWEEN 7092218 AND 7092318
	Index Scan using sbtest5_pkey on sbtest5  (cost=0.43..351.22 rows=88 width=125)
	  Index Cond: ((id >= 7092218) AND (id <= 7092318))

table 6 : explain SELECT id, c FROM sbtest6 WHERE id BETWEEN 7092218 AND 7092318
	Index Scan using sbtest6_pkey on sbtest6  (cost=0.43..374.72 rows=94 width=125)
	  Index Cond: ((id >= 7092218) AND (id <= 7092318))

table 7 : explain SELECT id, c FROM sbtest7 WHERE id BETWEEN 7092218 AND 7092318
	Index Scan using sbtest7_pkey on sbtest7  (cost=0.43..429.31 rows=108 width=125)
	  Index Cond: ((id >= 7092218) AND (id <= 7092318))

table 8 : explain SELECT id, c FROM sbtest8 WHERE id BETWEEN 7092218 AND 7092318
	Index Scan using sbtest8_pkey on sbtest8  (cost=0.43..379.33 rows=95 width=125)
	  Index Cond: ((id >= 7092218) AND (id <= 7092318))

explain: for range-notcovered :: explain SELECT id, c FROM sbtest%d WHERE id BETWEEN 6475033 AND 6475133
explain: for range-notcovered :: explain SELECT id, c FROM sbtest%d WHERE id BETWEEN 7092218 AND 7092318
explain: for range-notcovered :: explain SELECT id, c FROM sbtest%d WHERE id BETWEEN 509108 AND 509208
for range-notcovered
table 1 : explain SELECT id, c FROM sbtest1 WHERE id BETWEEN 1429860 AND 1429960
	Index Scan using sbtest1_pkey on sbtest1  (cost=0.43..399.53 rows=100 width=125)
	  Index Cond: ((id >= 1429860) AND (id <= 1429960))

table 2 : explain SELECT id, c FROM sbtest2 WHERE id BETWEEN 1429860 AND 1429960
	Index Scan using sbtest2_pkey on sbtest2  (cost=0.43..435.06 rows=109 width=125)
	  Index Cond: ((id >= 1429860) AND (id <= 1429960))

table 3 : explain SELECT id, c FROM sbtest3 WHERE id BETWEEN 1429860 AND 1429960
	Index Scan using sbtest3_pkey on sbtest3  (cost=0.43..406.82 rows=102 width=125)
	  Index Cond: ((id >= 1429860) AND (id <= 1429960))

table 4 : explain SELECT id, c FROM sbtest4 WHERE id BETWEEN 1429860 AND 1429960
	Index Scan using sbtest4_pkey on sbtest4  (cost=0.43..390.72 rows=98 width=125)
	  Index Cond: ((id >= 1429860) AND (id <= 1429960))

table 5 : explain SELECT id, c FROM sbtest5 WHERE id BETWEEN 1429860 AND 1429960
	Index Scan using sbtest5_pkey on sbtest5  (cost=0.43..386.68 rows=97 width=125)
	  Index Cond: ((id >= 1429860) AND (id <= 1429960))

table 6 : explain SELECT id, c FROM sbtest6 WHERE id BETWEEN 1429860 AND 1429960
	Index Scan using sbtest6_pkey on sbtest6  (cost=0.43..378.66 rows=95 width=125)
	  Index Cond: ((id >= 1429860) AND (id <= 1429960))

table 7 : explain SELECT id, c FROM sbtest7 WHERE id BETWEEN 1429860 AND 1429960
	Index Scan using sbtest7_pkey on sbtest7  (cost=0.43..386.03 rows=97 width=125)
	  Index Cond: ((id >= 1429860) AND (id <= 1429960))

table 8 : explain SELECT id, c FROM sbtest8 WHERE id BETWEEN 1429860 AND 1429960
	Index Scan using sbtest8_pkey on sbtest8  (cost=0.43..395.11 rows=99 width=125)
	  Index Cond: ((id >= 1429860) AND (id <= 1429960))

for range-notcovered
table 1 : explain SELECT id, c FROM sbtest1 WHERE id BETWEEN 4278027 AND 4278127
	Index Scan using sbtest1_pkey on sbtest1  (cost=0.43..383.72 rows=96 width=125)
	  Index Cond: ((id >= 4278027) AND (id <= 4278127))

table 2 : explain SELECT id, c FROM sbtest2 WHERE id BETWEEN 4278027 AND 4278127
	Index Scan using sbtest2_pkey on sbtest2  (cost=0.43..403.47 rows=101 width=125)
	  Index Cond: ((id >= 4278027) AND (id <= 4278127))

table 3 : explain SELECT id, c FROM sbtest3 WHERE id BETWEEN 4278027 AND 4278127
	Index Scan using sbtest3_pkey on sbtest3  (cost=0.43..398.92 rows=100 width=125)
	  Index Cond: ((id >= 4278027) AND (id <= 4278127))

table 4 : explain SELECT id, c FROM sbtest4 WHERE id BETWEEN 4278027 AND 4278127
	Index Scan using sbtest4_pkey on sbtest4  (cost=0.43..434.08 rows=109 width=125)
	  Index Cond: ((id >= 4278027) AND (id <= 4278127))

table 5 : explain SELECT id, c FROM sbtest5 WHERE id BETWEEN 4278027 AND 4278127
	Index Scan using sbtest5_pkey on sbtest5  (cost=0.43..398.52 rows=100 width=125)
	  Index Cond: ((id >= 4278027) AND (id <= 4278127))

table 6 : explain SELECT id, c FROM sbtest6 WHERE id BETWEEN 4278027 AND 4278127
	Index Scan using sbtest6_pkey on sbtest6  (cost=0.43..429.87 rows=108 width=125)
	  Index Cond: ((id >= 4278027) AND (id <= 4278127))

table 7 : explain SELECT id, c FROM sbtest7 WHERE id BETWEEN 4278027 AND 4278127
	Index Scan using sbtest7_pkey on sbtest7  (cost=0.43..413.58 rows=104 width=125)
	  Index Cond: ((id >= 4278027) AND (id <= 4278127))

table 8 : explain SELECT id, c FROM sbtest8 WHERE id BETWEEN 4278027 AND 4278127
	Index Scan using sbtest8_pkey on sbtest8  (cost=0.43..391.16 rows=98 width=125)
	  Index Cond: ((id >= 4278027) AND (id <= 4278127))

explain: for range-notcovered :: explain SELECT id, c FROM sbtest%d WHERE id BETWEEN 1429860 AND 1429960
explain: for range-notcovered :: explain SELECT id, c FROM sbtest%d WHERE id BETWEEN 4278027 AND 4278127
for range-notcovered
table 1 : explain SELECT id, c FROM sbtest1 WHERE id BETWEEN 6286879 AND 6286979
	Index Scan using sbtest1_pkey on sbtest1  (cost=0.43..462.73 rows=116 width=125)
	  Index Cond: ((id >= 6286879) AND (id <= 6286979))

table 2 : explain SELECT id, c FROM sbtest2 WHERE id BETWEEN 6286879 AND 6286979
	Index Scan using sbtest2_pkey on sbtest2  (cost=0.43..399.52 rows=100 width=125)
	  Index Cond: ((id >= 6286879) AND (id <= 6286979))

table 3 : explain SELECT id, c FROM sbtest3 WHERE id BETWEEN 6286879 AND 6286979
	Index Scan using sbtest3_pkey on sbtest3  (cost=0.43..418.66 rows=105 width=125)
	  Index Cond: ((id >= 6286879) AND (id <= 6286979))

table 4 : explain SELECT id, c FROM sbtest4 WHERE id BETWEEN 6286879 AND 6286979
	Index Scan using sbtest4_pkey on sbtest4  (cost=0.43..410.44 rows=103 width=125)
	  Index Cond: ((id >= 6286879) AND (id <= 6286979))

table 5 : explain SELECT id, c FROM sbtest5 WHERE id BETWEEN 6286879 AND 6286979
	Index Scan using sbtest5_pkey on sbtest5  (cost=0.43..378.80 rows=95 width=125)
	  Index Cond: ((id >= 6286879) AND (id <= 6286979))

table 6 : explain SELECT id, c FROM sbtest6 WHERE id BETWEEN 6286879 AND 6286979
	Index Scan using sbtest6_pkey on sbtest6  (cost=0.43..394.41 rows=99 width=125)
	  Index Cond: ((id >= 6286879) AND (id <= 6286979))

table 7 : explain SELECT id, c FROM sbtest7 WHERE id BETWEEN 6286879 AND 6286979
	Index Scan using sbtest7_pkey on sbtest7  (cost=0.43..389.96 rows=98 width=125)
	  Index Cond: ((id >= 6286879) AND (id <= 6286979))

table 8 : explain SELECT id, c FROM sbtest8 WHERE id BETWEEN 6286879 AND 6286979
	Index Scan using sbtest8_pkey on sbtest8  (cost=0.43..426.69 rows=107 width=125)
	  Index Cond: ((id >= 6286879) AND (id <= 6286979))

for range-notcovered
table 1 : explain SELECT id, c FROM sbtest1 WHERE id BETWEEN 7092218 AND 7092318
	Index Scan using sbtest1_pkey on sbtest1  (cost=0.43..391.62 rows=98 width=125)
	  Index Cond: ((id >= 7092218) AND (id <= 7092318))

table 2 : explain SELECT id, c FROM sbtest2 WHERE id BETWEEN 7092218 AND 7092318
	Index Scan using sbtest2_pkey on sbtest2  (cost=0.43..403.47 rows=101 width=125)
	  Index Cond: ((id >= 7092218) AND (id <= 7092318))

table 3 : explain SELECT id, c FROM sbtest3 WHERE id BETWEEN 7092218 AND 7092318
	Index Scan using sbtest3_pkey on sbtest3  (cost=0.43..402.88 rows=101 width=125)
	  Index Cond: ((id >= 7092218) AND (id <= 7092318))

table 4 : explain SELECT id, c FROM sbtest4 WHERE id BETWEEN 7092218 AND 7092318
	Index Scan using sbtest4_pkey on sbtest4  (cost=0.43..426.20 rows=107 width=125)
	  Index Cond: ((id >= 7092218) AND (id <= 7092318))

table 5 : explain SELECT id, c FROM sbtest5 WHERE id BETWEEN 7092218 AND 7092318
	Index Scan using sbtest5_pkey on sbtest5  (cost=0.43..351.22 rows=88 width=125)
	  Index Cond: ((id >= 7092218) AND (id <= 7092318))

table 6 : explain SELECT id, c FROM sbtest6 WHERE id BETWEEN 7092218 AND 7092318
	Index Scan using sbtest6_pkey on sbtest6  (cost=0.43..374.72 rows=94 width=125)
	  Index Cond: ((id >= 7092218) AND (id <= 7092318))

table 7 : explain SELECT id, c FROM sbtest7 WHERE id BETWEEN 7092218 AND 7092318
	Index Scan using sbtest7_pkey on sbtest7  (cost=0.43..429.31 rows=108 width=125)
	  Index Cond: ((id >= 7092218) AND (id <= 7092318))

table 8 : explain SELECT id, c FROM sbtest8 WHERE id BETWEEN 7092218 AND 7092318
	Index Scan using sbtest8_pkey on sbtest8  (cost=0.43..379.33 rows=95 width=125)
	  Index Cond: ((id >= 7092218) AND (id <= 7092318))

for range-notcovered
table 1 : explain SELECT id, c FROM sbtest1 WHERE id BETWEEN 6475033 AND 6475133
	Index Scan using sbtest1_pkey on sbtest1  (cost=0.43..470.63 rows=118 width=125)
	  Index Cond: ((id >= 6475033) AND (id <= 6475133))

table 2 : explain SELECT id, c FROM sbtest2 WHERE id BETWEEN 6475033 AND 6475133
	Index Scan using sbtest2_pkey on sbtest2  (cost=0.43..419.27 rows=105 width=125)
	  Index Cond: ((id >= 6475033) AND (id <= 6475133))

table 3 : explain SELECT id, c FROM sbtest3 WHERE id BETWEEN 6475033 AND 6475133
	Index Scan using sbtest3_pkey on sbtest3  (cost=0.43..446.26 rows=112 width=125)
	  Index Cond: ((id >= 6475033) AND (id <= 6475133))

table 4 : explain SELECT id, c FROM sbtest4 WHERE id BETWEEN 6475033 AND 6475133
	Index Scan using sbtest4_pkey on sbtest4  (cost=0.43..418.32 rows=105 width=125)
	  Index Cond: ((id >= 6475033) AND (id <= 6475133))

table 5 : explain SELECT id, c FROM sbtest5 WHERE id BETWEEN 6475033 AND 6475133
	Index Scan using sbtest5_pkey on sbtest5  (cost=0.43..410.33 rows=103 width=125)
	  Index Cond: ((id >= 6475033) AND (id <= 6475133))

table 6 : explain SELECT id, c FROM sbtest6 WHERE id BETWEEN 6475033 AND 6475133
	Index Scan using sbtest6_pkey on sbtest6  (cost=0.43..410.18 rows=103 width=125)
	  Index Cond: ((id >= 6475033) AND (id <= 6475133))

table 7 : explain SELECT id, c FROM sbtest7 WHERE id BETWEEN 6475033 AND 6475133
	Index Scan using sbtest7_pkey on sbtest7  (cost=0.43..409.65 rows=103 width=125)
	  Index Cond: ((id >= 6475033) AND (id <= 6475133))

table 8 : explain SELECT id, c FROM sbtest8 WHERE id BETWEEN 6475033 AND 6475133
	Index Scan using sbtest8_pkey on sbtest8  (cost=0.43..406.96 rows=102 width=125)
	  Index Cond: ((id >= 6475033) AND (id <= 6475133))

explain: for range-notcovered :: explain SELECT id, c FROM sbtest%d WHERE id BETWEEN 6286879 AND 6286979
explain: for range-notcovered :: explain SELECT id, c FROM sbtest%d WHERE id BETWEEN 7092218 AND 7092318
explain: for range-notcovered :: explain SELECT id, c FROM sbtest%d WHERE id BETWEEN 6475033 AND 6475133
for range-notcovered
table 1 : explain SELECT id, c FROM sbtest1 WHERE id BETWEEN 6286879 AND 6286979
	Index Scan using sbtest1_pkey on sbtest1  (cost=0.43..462.73 rows=116 width=125)
	  Index Cond: ((id >= 6286879) AND (id <= 6286979))

table 2 : explain SELECT id, c FROM sbtest2 WHERE id BETWEEN 6286879 AND 6286979
	Index Scan using sbtest2_pkey on sbtest2  (cost=0.43..399.52 rows=100 width=125)
	  Index Cond: ((id >= 6286879) AND (id <= 6286979))

table 3 : explain SELECT id, c FROM sbtest3 WHERE id BETWEEN 6286879 AND 6286979
	Index Scan using sbtest3_pkey on sbtest3  (cost=0.43..418.66 rows=105 width=125)
	  Index Cond: ((id >= 6286879) AND (id <= 6286979))

table 4 : explain SELECT id, c FROM sbtest4 WHERE id BETWEEN 6286879 AND 6286979
	Index Scan using sbtest4_pkey on sbtest4  (cost=0.43..410.44 rows=103 width=125)
	  Index Cond: ((id >= 6286879) AND (id <= 6286979))

table 5 : explain SELECT id, c FROM sbtest5 WHERE id BETWEEN 6286879 AND 6286979
	Index Scan using sbtest5_pkey on sbtest5  (cost=0.43..378.80 rows=95 width=125)
	  Index Cond: ((id >= 6286879) AND (id <= 6286979))

table 6 : explain SELECT id, c FROM sbtest6 WHERE id BETWEEN 6286879 AND 6286979
	Index Scan using sbtest6_pkey on sbtest6  (cost=0.43..394.41 rows=99 width=125)
	  Index Cond: ((id >= 6286879) AND (id <= 6286979))

table 7 : explain SELECT id, c FROM sbtest7 WHERE id BETWEEN 6286879 AND 6286979
	Index Scan using sbtest7_pkey on sbtest7  (cost=0.43..389.96 rows=98 width=125)
	  Index Cond: ((id >= 6286879) AND (id <= 6286979))

table 8 : explain SELECT id, c FROM sbtest8 WHERE id BETWEEN 6286879 AND 6286979
	Index Scan using sbtest8_pkey on sbtest8  (cost=0.43..426.69 rows=107 width=125)
	  Index Cond: ((id >= 6286879) AND (id <= 6286979))

explain: for range-notcovered :: explain SELECT id, c FROM sbtest%d WHERE id BETWEEN 6286879 AND 6286979
for range-notcovered
table 1 : explain SELECT id, c FROM sbtest1 WHERE id BETWEEN 4401218 AND 4401318
	Index Scan using sbtest1_pkey on sbtest1  (cost=0.43..383.72 rows=96 width=125)
	  Index Cond: ((id >= 4401218) AND (id <= 4401318))

table 2 : explain SELECT id, c FROM sbtest2 WHERE id BETWEEN 4401218 AND 4401318
	Index Scan using sbtest2_pkey on sbtest2  (cost=0.43..375.80 rows=94 width=125)
	  Index Cond: ((id >= 4401218) AND (id <= 4401318))

table 3 : explain SELECT id, c FROM sbtest3 WHERE id BETWEEN 4401218 AND 4401318
	Index Scan using sbtest3_pkey on sbtest3  (cost=0.43..359.48 rows=90 width=125)
	  Index Cond: ((id >= 4401218) AND (id <= 4401318))

table 4 : explain SELECT id, c FROM sbtest4 WHERE id BETWEEN 4401218 AND 4401318
	Index Scan using sbtest4_pkey on sbtest4  (cost=0.43..390.72 rows=98 width=125)
	  Index Cond: ((id >= 4401218) AND (id <= 4401318))

table 5 : explain SELECT id, c FROM sbtest5 WHERE id BETWEEN 4401218 AND 4401318
	Index Scan using sbtest5_pkey on sbtest5  (cost=0.43..366.98 rows=92 width=125)
	  Index Cond: ((id >= 4401218) AND (id <= 4401318))

table 6 : explain SELECT id, c FROM sbtest6 WHERE id BETWEEN 4401218 AND 4401318
	Index Scan using sbtest6_pkey on sbtest6  (cost=0.43..394.41 rows=99 width=125)
	  Index Cond: ((id >= 4401218) AND (id <= 4401318))

table 7 : explain SELECT id, c FROM sbtest7 WHERE id BETWEEN 4401218 AND 4401318
	Index Scan using sbtest7_pkey on sbtest7  (cost=0.43..378.16 rows=95 width=125)
	  Index Cond: ((id >= 4401218) AND (id <= 4401318))

table 8 : explain SELECT id, c FROM sbtest8 WHERE id BETWEEN 4401218 AND 4401318
	Index Scan using sbtest8_pkey on sbtest8  (cost=0.43..363.55 rows=91 width=125)
	  Index Cond: ((id >= 4401218) AND (id <= 4401318))

for range-notcovered
table 1 : explain SELECT id, c FROM sbtest1 WHERE id BETWEEN 7092218 AND 7092318
	Index Scan using sbtest1_pkey on sbtest1  (cost=0.43..391.62 rows=98 width=125)
	  Index Cond: ((id >= 7092218) AND (id <= 7092318))

table 2 : explain SELECT id, c FROM sbtest2 WHERE id BETWEEN 7092218 AND 7092318
	Index Scan using sbtest2_pkey on sbtest2  (cost=0.43..403.47 rows=101 width=125)
	  Index Cond: ((id >= 7092218) AND (id <= 7092318))

table 3 : explain SELECT id, c FROM sbtest3 WHERE id BETWEEN 7092218 AND 7092318
	Index Scan using sbtest3_pkey on sbtest3  (cost=0.43..402.88 rows=101 width=125)
	  Index Cond: ((id >= 7092218) AND (id <= 7092318))

table 4 : explain SELECT id, c FROM sbtest4 WHERE id BETWEEN 7092218 AND 7092318
	Index Scan using sbtest4_pkey on sbtest4  (cost=0.43..426.20 rows=107 width=125)
	  Index Cond: ((id >= 7092218) AND (id <= 7092318))

table 5 : explain SELECT id, c FROM sbtest5 WHERE id BETWEEN 7092218 AND 7092318
	Index Scan using sbtest5_pkey on sbtest5  (cost=0.43..351.22 rows=88 width=125)
	  Index Cond: ((id >= 7092218) AND (id <= 7092318))

table 6 : explain SELECT id, c FROM sbtest6 WHERE id BETWEEN 7092218 AND 7092318
	Index Scan using sbtest6_pkey on sbtest6  (cost=0.43..374.72 rows=94 width=125)
	  Index Cond: ((id >= 7092218) AND (id <= 7092318))

table 7 : explain SELECT id, c FROM sbtest7 WHERE id BETWEEN 7092218 AND 7092318
	Index Scan using sbtest7_pkey on sbtest7  (cost=0.43..429.31 rows=108 width=125)
	  Index Cond: ((id >= 7092218) AND (id <= 7092318))

table 8 : explain SELECT id, c FROM sbtest8 WHERE id BETWEEN 7092218 AND 7092318
	Index Scan using sbtest8_pkey on sbtest8  (cost=0.43..379.33 rows=95 width=125)
	  Index Cond: ((id >= 7092218) AND (id <= 7092318))

for range-notcovered
table 1 : explain SELECT id, c FROM sbtest1 WHERE id BETWEEN 4278027 AND 4278127
	Index Scan using sbtest1_pkey on sbtest1  (cost=0.43..383.72 rows=96 width=125)
	  Index Cond: ((id >= 4278027) AND (id <= 4278127))

table 2 : explain SELECT id, c FROM sbtest2 WHERE id BETWEEN 4278027 AND 4278127
	Index Scan using sbtest2_pkey on sbtest2  (cost=0.43..403.47 rows=101 width=125)
	  Index Cond: ((id >= 4278027) AND (id <= 4278127))

table 3 : explain SELECT id, c FROM sbtest3 WHERE id BETWEEN 4278027 AND 4278127
	Index Scan using sbtest3_pkey on sbtest3  (cost=0.43..398.92 rows=100 width=125)
	  Index Cond: ((id >= 4278027) AND (id <= 4278127))

table 4 : explain SELECT id, c FROM sbtest4 WHERE id BETWEEN 4278027 AND 4278127
	Index Scan using sbtest4_pkey on sbtest4  (cost=0.43..434.08 rows=109 width=125)
	  Index Cond: ((id >= 4278027) AND (id <= 4278127))

table 5 : explain SELECT id, c FROM sbtest5 WHERE id BETWEEN 4278027 AND 4278127
	Index Scan using sbtest5_pkey on sbtest5  (cost=0.43..398.52 rows=100 width=125)
	  Index Cond: ((id >= 4278027) AND (id <= 4278127))

table 6 : explain SELECT id, c FROM sbtest6 WHERE id BETWEEN 4278027 AND 4278127
	Index Scan using sbtest6_pkey on sbtest6  (cost=0.43..429.87 rows=108 width=125)
	  Index Cond: ((id >= 4278027) AND (id <= 4278127))

table 7 : explain SELECT id, c FROM sbtest7 WHERE id BETWEEN 4278027 AND 4278127
	Index Scan using sbtest7_pkey on sbtest7  (cost=0.43..413.58 rows=104 width=125)
	  Index Cond: ((id >= 4278027) AND (id <= 4278127))

table 8 : explain SELECT id, c FROM sbtest8 WHERE id BETWEEN 4278027 AND 4278127
	Index Scan using sbtest8_pkey on sbtest8  (cost=0.43..391.16 rows=98 width=125)
	  Index Cond: ((id >= 4278027) AND (id <= 4278127))

explain: for range-notcovered :: explain SELECT id, c FROM sbtest%d WHERE id BETWEEN 4278027 AND 4278127
for range-notcovered
table 1 : explain SELECT id, c FROM sbtest1 WHERE id BETWEEN 6286879 AND 6286979
	Index Scan using sbtest1_pkey on sbtest1  (cost=0.43..462.73 rows=116 width=125)
	  Index Cond: ((id >= 6286879) AND (id <= 6286979))

table 2 : explain SELECT id, c FROM sbtest2 WHERE id BETWEEN 6286879 AND 6286979
	Index Scan using sbtest2_pkey on sbtest2  (cost=0.43..399.52 rows=100 width=125)
	  Index Cond: ((id >= 6286879) AND (id <= 6286979))

table 3 : explain SELECT id, c FROM sbtest3 WHERE id BETWEEN 6286879 AND 6286979
	Index Scan using sbtest3_pkey on sbtest3  (cost=0.43..418.66 rows=105 width=125)
	  Index Cond: ((id >= 6286879) AND (id <= 6286979))

table 4 : explain SELECT id, c FROM sbtest4 WHERE id BETWEEN 6286879 AND 6286979
	Index Scan using sbtest4_pkey on sbtest4  (cost=0.43..410.44 rows=103 width=125)
	  Index Cond: ((id >= 6286879) AND (id <= 6286979))

table 5 : explain SELECT id, c FROM sbtest5 WHERE id BETWEEN 6286879 AND 6286979
	Index Scan using sbtest5_pkey on sbtest5  (cost=0.43..378.80 rows=95 width=125)
	  Index Cond: ((id >= 6286879) AND (id <= 6286979))

table 6 : explain SELECT id, c FROM sbtest6 WHERE id BETWEEN 6286879 AND 6286979
	Index Scan using sbtest6_pkey on sbtest6  (cost=0.43..394.41 rows=99 width=125)
	  Index Cond: ((id >= 6286879) AND (id <= 6286979))

table 7 : explain SELECT id, c FROM sbtest7 WHERE id BETWEEN 6286879 AND 6286979
	Index Scan using sbtest7_pkey on sbtest7  (cost=0.43..389.96 rows=98 width=125)
	  Index Cond: ((id >= 6286879) AND (id <= 6286979))

table 8 : explain SELECT id, c FROM sbtest8 WHERE id BETWEEN 6286879 AND 6286979
	Index Scan using sbtest8_pkey on sbtest8  (cost=0.43..426.69 rows=107 width=125)
	  Index Cond: ((id >= 6286879) AND (id <= 6286979))

explain: for range-notcovered :: explain SELECT id, c FROM sbtest%d WHERE id BETWEEN 6286879 AND 6286979
for range-notcovered
table 1 : explain SELECT id, c FROM sbtest1 WHERE id BETWEEN 1429860 AND 1429960
	Index Scan using sbtest1_pkey on sbtest1  (cost=0.43..399.53 rows=100 width=125)
	  Index Cond: ((id >= 1429860) AND (id <= 1429960))

table 2 : explain SELECT id, c FROM sbtest2 WHERE id BETWEEN 1429860 AND 1429960
	Index Scan using sbtest2_pkey on sbtest2  (cost=0.43..435.06 rows=109 width=125)
	  Index Cond: ((id >= 1429860) AND (id <= 1429960))

table 3 : explain SELECT id, c FROM sbtest3 WHERE id BETWEEN 1429860 AND 1429960
	Index Scan using sbtest3_pkey on sbtest3  (cost=0.43..406.82 rows=102 width=125)
	  Index Cond: ((id >= 1429860) AND (id <= 1429960))

table 4 : explain SELECT id, c FROM sbtest4 WHERE id BETWEEN 1429860 AND 1429960
	Index Scan using sbtest4_pkey on sbtest4  (cost=0.43..390.72 rows=98 width=125)
	  Index Cond: ((id >= 1429860) AND (id <= 1429960))

table 5 : explain SELECT id, c FROM sbtest5 WHERE id BETWEEN 1429860 AND 1429960
	Index Scan using sbtest5_pkey on sbtest5  (cost=0.43..386.68 rows=97 width=125)
	  Index Cond: ((id >= 1429860) AND (id <= 1429960))

table 6 : explain SELECT id, c FROM sbtest6 WHERE id BETWEEN 1429860 AND 1429960
	Index Scan using sbtest6_pkey on sbtest6  (cost=0.43..378.66 rows=95 width=125)
	  Index Cond: ((id >= 1429860) AND (id <= 1429960))

table 7 : explain SELECT id, c FROM sbtest7 WHERE id BETWEEN 1429860 AND 1429960
	Index Scan using sbtest7_pkey on sbtest7  (cost=0.43..386.03 rows=97 width=125)
	  Index Cond: ((id >= 1429860) AND (id <= 1429960))

table 8 : explain SELECT id, c FROM sbtest8 WHERE id BETWEEN 1429860 AND 1429960
	Index Scan using sbtest8_pkey on sbtest8  (cost=0.43..395.11 rows=99 width=125)
	  Index Cond: ((id >= 1429860) AND (id <= 1429960))

for range-notcovered
table 1 : explain SELECT id, c FROM sbtest1 WHERE id BETWEEN 8705241 AND 8705341
	Index Scan using sbtest1_pkey on sbtest1  (cost=0.43..419.28 rows=105 width=125)
	  Index Cond: ((id >= 8705241) AND (id <= 8705341))

table 2 : explain SELECT id, c FROM sbtest2 WHERE id BETWEEN 8705241 AND 8705341
	Index Scan using sbtest2_pkey on sbtest2  (cost=0.43..431.11 rows=108 width=125)
	  Index Cond: ((id >= 8705241) AND (id <= 8705341))

table 3 : explain SELECT id, c FROM sbtest3 WHERE id BETWEEN 8705241 AND 8705341
	Index Scan using sbtest3_pkey on sbtest3  (cost=0.43..410.77 rows=103 width=125)
	  Index Cond: ((id >= 8705241) AND (id <= 8705341))

table 4 : explain SELECT id, c FROM sbtest4 WHERE id BETWEEN 8705241 AND 8705341
	Index Scan using sbtest4_pkey on sbtest4  (cost=0.43..414.38 rows=104 width=125)
	  Index Cond: ((id >= 8705241) AND (id <= 8705341))

table 5 : explain SELECT id, c FROM sbtest5 WHERE id BETWEEN 8705241 AND 8705341
	Index Scan using sbtest5_pkey on sbtest5  (cost=0.43..366.98 rows=92 width=125)
	  Index Cond: ((id >= 8705241) AND (id <= 8705341))

table 6 : explain SELECT id, c FROM sbtest6 WHERE id BETWEEN 8705241 AND 8705341
	Index Scan using sbtest6_pkey on sbtest6  (cost=0.43..370.78 rows=93 width=125)
	  Index Cond: ((id >= 8705241) AND (id <= 8705341))

table 7 : explain SELECT id, c FROM sbtest7 WHERE id BETWEEN 8705241 AND 8705341
	Index Scan using sbtest7_pkey on sbtest7  (cost=0.43..370.30 rows=93 width=125)
	  Index Cond: ((id >= 8705241) AND (id <= 8705341))

table 8 : explain SELECT id, c FROM sbtest8 WHERE id BETWEEN 8705241 AND 8705341
	Index Scan using sbtest8_pkey on sbtest8  (cost=0.43..395.11 rows=99 width=125)
	  Index Cond: ((id >= 8705241) AND (id <= 8705341))

explain: for range-notcovered :: explain SELECT id, c FROM sbtest%d WHERE id BETWEEN 1429860 AND 1429960
explain: for range-notcovered :: explain SELECT id, c FROM sbtest%d WHERE id BETWEEN 8705241 AND 8705341
for range-notcovered
table 1 : explain SELECT id, c FROM sbtest1 WHERE id BETWEEN 6286879 AND 6286979
	Index Scan using sbtest1_pkey on sbtest1  (cost=0.43..462.73 rows=116 width=125)
	  Index Cond: ((id >= 6286879) AND (id <= 6286979))

table 2 : explain SELECT id, c FROM sbtest2 WHERE id BETWEEN 6286879 AND 6286979
	Index Scan using sbtest2_pkey on sbtest2  (cost=0.43..399.52 rows=100 width=125)
	  Index Cond: ((id >= 6286879) AND (id <= 6286979))

table 3 : explain SELECT id, c FROM sbtest3 WHERE id BETWEEN 6286879 AND 6286979
	Index Scan using sbtest3_pkey on sbtest3  (cost=0.43..418.66 rows=105 width=125)
	  Index Cond: ((id >= 6286879) AND (id <= 6286979))

table 4 : explain SELECT id, c FROM sbtest4 WHERE id BETWEEN 6286879 AND 6286979
	Index Scan using sbtest4_pkey on sbtest4  (cost=0.43..410.44 rows=103 width=125)
	  Index Cond: ((id >= 6286879) AND (id <= 6286979))

table 5 : explain SELECT id, c FROM sbtest5 WHERE id BETWEEN 6286879 AND 6286979
	Index Scan using sbtest5_pkey on sbtest5  (cost=0.43..378.80 rows=95 width=125)
	  Index Cond: ((id >= 6286879) AND (id <= 6286979))

table 6 : explain SELECT id, c FROM sbtest6 WHERE id BETWEEN 6286879 AND 6286979
	Index Scan using sbtest6_pkey on sbtest6  (cost=0.43..394.41 rows=99 width=125)
	  Index Cond: ((id >= 6286879) AND (id <= 6286979))

table 7 : explain SELECT id, c FROM sbtest7 WHERE id BETWEEN 6286879 AND 6286979
	Index Scan using sbtest7_pkey on sbtest7  (cost=0.43..389.96 rows=98 width=125)
	  Index Cond: ((id >= 6286879) AND (id <= 6286979))

table 8 : explain SELECT id, c FROM sbtest8 WHERE id BETWEEN 6286879 AND 6286979
	Index Scan using sbtest8_pkey on sbtest8  (cost=0.43..426.69 rows=107 width=125)
	  Index Cond: ((id >= 6286879) AND (id <= 6286979))

explain: for range-notcovered :: explain SELECT id, c FROM sbtest%d WHERE id BETWEEN 6286879 AND 6286979
for range-notcovered
table 1 : explain SELECT id, c FROM sbtest1 WHERE id BETWEEN 509108 AND 509208
	Index Scan using sbtest1_pkey on sbtest1  (cost=0.43..387.67 rows=97 width=125)
	  Index Cond: ((id >= 509108) AND (id <= 509208))

table 2 : explain SELECT id, c FROM sbtest2 WHERE id BETWEEN 509108 AND 509208
	Index Scan using sbtest2_pkey on sbtest2  (cost=0.43..407.42 rows=102 width=125)
	  Index Cond: ((id >= 509108) AND (id <= 509208))

table 3 : explain SELECT id, c FROM sbtest3 WHERE id BETWEEN 509108 AND 509208
	Index Scan using sbtest3_pkey on sbtest3  (cost=0.43..398.92 rows=100 width=125)
	  Index Cond: ((id >= 509108) AND (id <= 509208))

table 4 : explain SELECT id, c FROM sbtest4 WHERE id BETWEEN 509108 AND 509208
	Index Scan using sbtest4_pkey on sbtest4  (cost=0.43..398.62 rows=100 width=125)
	  Index Cond: ((id >= 509108) AND (id <= 509208))

table 5 : explain SELECT id, c FROM sbtest5 WHERE id BETWEEN 509108 AND 509208
	Index Scan using sbtest5_pkey on sbtest5  (cost=0.43..390.62 rows=98 width=125)
	  Index Cond: ((id >= 509108) AND (id <= 509208))

table 6 : explain SELECT id, c FROM sbtest6 WHERE id BETWEEN 509108 AND 509208
	Index Scan using sbtest6_pkey on sbtest6  (cost=0.43..382.60 rows=96 width=125)
	  Index Cond: ((id >= 509108) AND (id <= 509208))

table 7 : explain SELECT id, c FROM sbtest7 WHERE id BETWEEN 509108 AND 509208
	Index Scan using sbtest7_pkey on sbtest7  (cost=0.43..464.70 rows=117 width=125)
	  Index Cond: ((id >= 509108) AND (id <= 509208))

table 8 : explain SELECT id, c FROM sbtest8 WHERE id BETWEEN 509108 AND 509208
	Index Scan using sbtest8_pkey on sbtest8  (cost=0.43..403.02 rows=101 width=125)
	  Index Cond: ((id >= 509108) AND (id <= 509208))

explain: for range-notcovered :: explain SELECT id, c FROM sbtest%d WHERE id BETWEEN 509108 AND 509208
for range-notcovered
table 1 : explain SELECT id, c FROM sbtest1 WHERE id BETWEEN 8705241 AND 8705341
	Index Scan using sbtest1_pkey on sbtest1  (cost=0.43..419.28 rows=105 width=125)
	  Index Cond: ((id >= 8705241) AND (id <= 8705341))

table 2 : explain SELECT id, c FROM sbtest2 WHERE id BETWEEN 8705241 AND 8705341
	Index Scan using sbtest2_pkey on sbtest2  (cost=0.43..431.11 rows=108 width=125)
	  Index Cond: ((id >= 8705241) AND (id <= 8705341))

table 3 : explain SELECT id, c FROM sbtest3 WHERE id BETWEEN 8705241 AND 8705341
	Index Scan using sbtest3_pkey on sbtest3  (cost=0.43..410.77 rows=103 width=125)
	  Index Cond: ((id >= 8705241) AND (id <= 8705341))

table 4 : explain SELECT id, c FROM sbtest4 WHERE id BETWEEN 8705241 AND 8705341
	Index Scan using sbtest4_pkey on sbtest4  (cost=0.43..414.38 rows=104 width=125)
	  Index Cond: ((id >= 8705241) AND (id <= 8705341))

table 5 : explain SELECT id, c FROM sbtest5 WHERE id BETWEEN 8705241 AND 8705341
	Index Scan using sbtest5_pkey on sbtest5  (cost=0.43..366.98 rows=92 width=125)
	  Index Cond: ((id >= 8705241) AND (id <= 8705341))

table 6 : explain SELECT id, c FROM sbtest6 WHERE id BETWEEN 8705241 AND 8705341
	Index Scan using sbtest6_pkey on sbtest6  (cost=0.43..370.78 rows=93 width=125)
	  Index Cond: ((id >= 8705241) AND (id <= 8705341))

table 7 : explain SELECT id, c FROM sbtest7 WHERE id BETWEEN 8705241 AND 8705341
	Index Scan using sbtest7_pkey on sbtest7  (cost=0.43..370.30 rows=93 width=125)
	  Index Cond: ((id >= 8705241) AND (id <= 8705341))

table 8 : explain SELECT id, c FROM sbtest8 WHERE id BETWEEN 8705241 AND 8705341
	Index Scan using sbtest8_pkey on sbtest8  (cost=0.43..395.11 rows=99 width=125)
	  Index Cond: ((id >= 8705241) AND (id <= 8705341))

explain: for range-notcovered :: explain SELECT id, c FROM sbtest%d WHERE id BETWEEN 8705241 AND 8705341
for range-notcovered
table 1 : explain SELECT id, c FROM sbtest1 WHERE id BETWEEN 6475033 AND 6475133
	Index Scan using sbtest1_pkey on sbtest1  (cost=0.43..470.63 rows=118 width=125)
	  Index Cond: ((id >= 6475033) AND (id <= 6475133))

table 2 : explain SELECT id, c FROM sbtest2 WHERE id BETWEEN 6475033 AND 6475133
	Index Scan using sbtest2_pkey on sbtest2  (cost=0.43..419.27 rows=105 width=125)
	  Index Cond: ((id >= 6475033) AND (id <= 6475133))

table 3 : explain SELECT id, c FROM sbtest3 WHERE id BETWEEN 6475033 AND 6475133
	Index Scan using sbtest3_pkey on sbtest3  (cost=0.43..446.26 rows=112 width=125)
	  Index Cond: ((id >= 6475033) AND (id <= 6475133))

table 4 : explain SELECT id, c FROM sbtest4 WHERE id BETWEEN 6475033 AND 6475133
	Index Scan using sbtest4_pkey on sbtest4  (cost=0.43..418.32 rows=105 width=125)
	  Index Cond: ((id >= 6475033) AND (id <= 6475133))

table 5 : explain SELECT id, c FROM sbtest5 WHERE id BETWEEN 6475033 AND 6475133
	Index Scan using sbtest5_pkey on sbtest5  (cost=0.43..410.33 rows=103 width=125)
	  Index Cond: ((id >= 6475033) AND (id <= 6475133))

table 6 : explain SELECT id, c FROM sbtest6 WHERE id BETWEEN 6475033 AND 6475133
	Index Scan using sbtest6_pkey on sbtest6  (cost=0.43..410.18 rows=103 width=125)
	  Index Cond: ((id >= 6475033) AND (id <= 6475133))

table 7 : explain SELECT id, c FROM sbtest7 WHERE id BETWEEN 6475033 AND 6475133
	Index Scan using sbtest7_pkey on sbtest7  (cost=0.43..409.65 rows=103 width=125)
	  Index Cond: ((id >= 6475033) AND (id <= 6475133))

table 8 : explain SELECT id, c FROM sbtest8 WHERE id BETWEEN 6475033 AND 6475133
	Index Scan using sbtest8_pkey on sbtest8  (cost=0.43..406.96 rows=102 width=125)
	  Index Cond: ((id >= 6475033) AND (id <= 6475133))

for range-notcovered
table 1 : explain SELECT id, c FROM sbtest1 WHERE id BETWEEN 4278027 AND 4278127
	Index Scan using sbtest1_pkey on sbtest1  (cost=0.43..383.72 rows=96 width=125)
	  Index Cond: ((id >= 4278027) AND (id <= 4278127))

table 2 : explain SELECT id, c FROM sbtest2 WHERE id BETWEEN 4278027 AND 4278127
	Index Scan using sbtest2_pkey on sbtest2  (cost=0.43..403.47 rows=101 width=125)
	  Index Cond: ((id >= 4278027) AND (id <= 4278127))

table 3 : explain SELECT id, c FROM sbtest3 WHERE id BETWEEN 4278027 AND 4278127
	Index Scan using sbtest3_pkey on sbtest3  (cost=0.43..398.92 rows=100 width=125)
	  Index Cond: ((id >= 4278027) AND (id <= 4278127))

table 4 : explain SELECT id, c FROM sbtest4 WHERE id BETWEEN 4278027 AND 4278127
	Index Scan using sbtest4_pkey on sbtest4  (cost=0.43..434.08 rows=109 width=125)
	  Index Cond: ((id >= 4278027) AND (id <= 4278127))

table 5 : explain SELECT id, c FROM sbtest5 WHERE id BETWEEN 4278027 AND 4278127
	Index Scan using sbtest5_pkey on sbtest5  (cost=0.43..398.52 rows=100 width=125)
	  Index Cond: ((id >= 4278027) AND (id <= 4278127))

table 6 : explain SELECT id, c FROM sbtest6 WHERE id BETWEEN 4278027 AND 4278127
	Index Scan using sbtest6_pkey on sbtest6  (cost=0.43..429.87 rows=108 width=125)
	  Index Cond: ((id >= 4278027) AND (id <= 4278127))

table 7 : explain SELECT id, c FROM sbtest7 WHERE id BETWEEN 4278027 AND 4278127
	Index Scan using sbtest7_pkey on sbtest7  (cost=0.43..413.58 rows=104 width=125)
	  Index Cond: ((id >= 4278027) AND (id <= 4278127))

table 8 : explain SELECT id, c FROM sbtest8 WHERE id BETWEEN 4278027 AND 4278127
	Index Scan using sbtest8_pkey on sbtest8  (cost=0.43..391.16 rows=98 width=125)
	  Index Cond: ((id >= 4278027) AND (id <= 4278127))

explain: for range-notcovered :: explain SELECT id, c FROM sbtest%d WHERE id BETWEEN 6475033 AND 6475133
for range-notcovered
table 1 : explain SELECT id, c FROM sbtest1 WHERE id BETWEEN 6286879 AND 6286979
	Index Scan using sbtest1_pkey on sbtest1  (cost=0.43..462.73 rows=116 width=125)
	  Index Cond: ((id >= 6286879) AND (id <= 6286979))

table 2 : explain SELECT id, c FROM sbtest2 WHERE id BETWEEN 6286879 AND 6286979
	Index Scan using sbtest2_pkey on sbtest2  (cost=0.43..399.52 rows=100 width=125)
	  Index Cond: ((id >= 6286879) AND (id <= 6286979))

table 3 : explain SELECT id, c FROM sbtest3 WHERE id BETWEEN 6286879 AND 6286979
	Index Scan using sbtest3_pkey on sbtest3  (cost=0.43..418.66 rows=105 width=125)
	  Index Cond: ((id >= 6286879) AND (id <= 6286979))

table 4 : explain SELECT id, c FROM sbtest4 WHERE id BETWEEN 6286879 AND 6286979
	Index Scan using sbtest4_pkey on sbtest4  (cost=0.43..410.44 rows=103 width=125)
	  Index Cond: ((id >= 6286879) AND (id <= 6286979))

table 5 : explain SELECT id, c FROM sbtest5 WHERE id BETWEEN 6286879 AND 6286979
	Index Scan using sbtest5_pkey on sbtest5  (cost=0.43..378.80 rows=95 width=125)
	  Index Cond: ((id >= 6286879) AND (id <= 6286979))

table 6 : explain SELECT id, c FROM sbtest6 WHERE id BETWEEN 6286879 AND 6286979
	Index Scan using sbtest6_pkey on sbtest6  (cost=0.43..394.41 rows=99 width=125)
	  Index Cond: ((id >= 6286879) AND (id <= 6286979))

table 7 : explain SELECT id, c FROM sbtest7 WHERE id BETWEEN 6286879 AND 6286979
	Index Scan using sbtest7_pkey on sbtest7  (cost=0.43..389.96 rows=98 width=125)
	  Index Cond: ((id >= 6286879) AND (id <= 6286979))

table 8 : explain SELECT id, c FROM sbtest8 WHERE id BETWEEN 6286879 AND 6286979
	Index Scan using sbtest8_pkey on sbtest8  (cost=0.43..426.69 rows=107 width=125)
	  Index Cond: ((id >= 6286879) AND (id <= 6286979))

explain: for range-notcovered :: explain SELECT id, c FROM sbtest%d WHERE id BETWEEN 4401218 AND 4401318
explain: for range-notcovered :: explain SELECT id, c FROM sbtest%d WHERE id BETWEEN 6286879 AND 6286979
explain: for range-notcovered :: explain SELECT id, c FROM sbtest%d WHERE id BETWEEN 3831642 AND 3831742
explain: for range-notcovered :: explain SELECT id, c FROM sbtest%d WHERE id BETWEEN 5985054 AND 5985154
explain: for range-notcovered :: explain SELECT id, c FROM sbtest%d WHERE id BETWEEN 3435311 AND 3435411
explain: for range-notcovered :: explain SELECT id, c FROM sbtest%d WHERE id BETWEEN 4647880 AND 4647980
for range-notcovered
table 1 : explain SELECT id, c FROM sbtest1 WHERE id BETWEEN 509108 AND 509208
	Index Scan using sbtest1_pkey on sbtest1  (cost=0.43..387.67 rows=97 width=125)
	  Index Cond: ((id >= 509108) AND (id <= 509208))

table 2 : explain SELECT id, c FROM sbtest2 WHERE id BETWEEN 509108 AND 509208
	Index Scan using sbtest2_pkey on sbtest2  (cost=0.43..407.42 rows=102 width=125)
	  Index Cond: ((id >= 509108) AND (id <= 509208))

table 3 : explain SELECT id, c FROM sbtest3 WHERE id BETWEEN 509108 AND 509208
	Index Scan using sbtest3_pkey on sbtest3  (cost=0.43..398.92 rows=100 width=125)
	  Index Cond: ((id >= 509108) AND (id <= 509208))

table 4 : explain SELECT id, c FROM sbtest4 WHERE id BETWEEN 509108 AND 509208
	Index Scan using sbtest4_pkey on sbtest4  (cost=0.43..398.62 rows=100 width=125)
	  Index Cond: ((id >= 509108) AND (id <= 509208))

table 5 : explain SELECT id, c FROM sbtest5 WHERE id BETWEEN 509108 AND 509208
	Index Scan using sbtest5_pkey on sbtest5  (cost=0.43..390.62 rows=98 width=125)
	  Index Cond: ((id >= 509108) AND (id <= 509208))

table 6 : explain SELECT id, c FROM sbtest6 WHERE id BETWEEN 509108 AND 509208
	Index Scan using sbtest6_pkey on sbtest6  (cost=0.43..382.60 rows=96 width=125)
	  Index Cond: ((id >= 509108) AND (id <= 509208))

table 7 : explain SELECT id, c FROM sbtest7 WHERE id BETWEEN 509108 AND 509208
	Index Scan using sbtest7_pkey on sbtest7  (cost=0.43..464.70 rows=117 width=125)
	  Index Cond: ((id >= 509108) AND (id <= 509208))

table 8 : explain SELECT id, c FROM sbtest8 WHERE id BETWEEN 509108 AND 509208
	Index Scan using sbtest8_pkey on sbtest8  (cost=0.43..403.02 rows=101 width=125)
	  Index Cond: ((id >= 509108) AND (id <= 509208))

for range-notcovered
table 1 : explain SELECT id, c FROM sbtest1 WHERE id BETWEEN 8705241 AND 8705341
	Index Scan using sbtest1_pkey on sbtest1  (cost=0.43..419.28 rows=105 width=125)
	  Index Cond: ((id >= 8705241) AND (id <= 8705341))

table 2 : explain SELECT id, c FROM sbtest2 WHERE id BETWEEN 8705241 AND 8705341
	Index Scan using sbtest2_pkey on sbtest2  (cost=0.43..431.11 rows=108 width=125)
	  Index Cond: ((id >= 8705241) AND (id <= 8705341))

table 3 : explain SELECT id, c FROM sbtest3 WHERE id BETWEEN 8705241 AND 8705341
	Index Scan using sbtest3_pkey on sbtest3  (cost=0.43..410.77 rows=103 width=125)
	  Index Cond: ((id >= 8705241) AND (id <= 8705341))

table 4 : explain SELECT id, c FROM sbtest4 WHERE id BETWEEN 8705241 AND 8705341
	Index Scan using sbtest4_pkey on sbtest4  (cost=0.43..414.38 rows=104 width=125)
	  Index Cond: ((id >= 8705241) AND (id <= 8705341))

table 5 : explain SELECT id, c FROM sbtest5 WHERE id BETWEEN 8705241 AND 8705341
	Index Scan using sbtest5_pkey on sbtest5  (cost=0.43..366.98 rows=92 width=125)
	  Index Cond: ((id >= 8705241) AND (id <= 8705341))

table 6 : explain SELECT id, c FROM sbtest6 WHERE id BETWEEN 8705241 AND 8705341
	Index Scan using sbtest6_pkey on sbtest6  (cost=0.43..370.78 rows=93 width=125)
	  Index Cond: ((id >= 8705241) AND (id <= 8705341))

table 7 : explain SELECT id, c FROM sbtest7 WHERE id BETWEEN 8705241 AND 8705341
	Index Scan using sbtest7_pkey on sbtest7  (cost=0.43..370.30 rows=93 width=125)
	  Index Cond: ((id >= 8705241) AND (id <= 8705341))

table 8 : explain SELECT id, c FROM sbtest8 WHERE id BETWEEN 8705241 AND 8705341
	Index Scan using sbtest8_pkey on sbtest8  (cost=0.43..395.11 rows=99 width=125)
	  Index Cond: ((id >= 8705241) AND (id <= 8705341))

for range-notcovered
table 1 : explain SELECT id, c FROM sbtest1 WHERE id BETWEEN 1429860 AND 1429960
	Index Scan using sbtest1_pkey on sbtest1  (cost=0.43..399.53 rows=100 width=125)
	  Index Cond: ((id >= 1429860) AND (id <= 1429960))

table 2 : explain SELECT id, c FROM sbtest2 WHERE id BETWEEN 1429860 AND 1429960
	Index Scan using sbtest2_pkey on sbtest2  (cost=0.43..435.06 rows=109 width=125)
	  Index Cond: ((id >= 1429860) AND (id <= 1429960))

table 3 : explain SELECT id, c FROM sbtest3 WHERE id BETWEEN 1429860 AND 1429960
	Index Scan using sbtest3_pkey on sbtest3  (cost=0.43..406.82 rows=102 width=125)
	  Index Cond: ((id >= 1429860) AND (id <= 1429960))

table 4 : explain SELECT id, c FROM sbtest4 WHERE id BETWEEN 1429860 AND 1429960
	Index Scan using sbtest4_pkey on sbtest4  (cost=0.43..390.72 rows=98 width=125)
	  Index Cond: ((id >= 1429860) AND (id <= 1429960))

table 5 : explain SELECT id, c FROM sbtest5 WHERE id BETWEEN 1429860 AND 1429960
	Index Scan using sbtest5_pkey on sbtest5  (cost=0.43..386.68 rows=97 width=125)
	  Index Cond: ((id >= 1429860) AND (id <= 1429960))

table 6 : explain SELECT id, c FROM sbtest6 WHERE id BETWEEN 1429860 AND 1429960
	Index Scan using sbtest6_pkey on sbtest6  (cost=0.43..378.66 rows=95 width=125)
	  Index Cond: ((id >= 1429860) AND (id <= 1429960))

table 7 : explain SELECT id, c FROM sbtest7 WHERE id BETWEEN 1429860 AND 1429960
	Index Scan using sbtest7_pkey on sbtest7  (cost=0.43..386.03 rows=97 width=125)
	  Index Cond: ((id >= 1429860) AND (id <= 1429960))

table 8 : explain SELECT id, c FROM sbtest8 WHERE id BETWEEN 1429860 AND 1429960
	Index Scan using sbtest8_pkey on sbtest8  (cost=0.43..395.11 rows=99 width=125)
	  Index Cond: ((id >= 1429860) AND (id <= 1429960))

explain: for range-notcovered :: explain SELECT id, c FROM sbtest%d WHERE id BETWEEN 509108 AND 509208
explain: for range-notcovered :: explain SELECT id, c FROM sbtest%d WHERE id BETWEEN 8705241 AND 8705341
explain: for range-notcovered :: explain SELECT id, c FROM sbtest%d WHERE id BETWEEN 3079383 AND 3079483
for range-notcovered
table 1 : explain SELECT id, c FROM sbtest1 WHERE id BETWEEN 6475033 AND 6475133
	Index Scan using sbtest1_pkey on sbtest1  (cost=0.43..470.63 rows=118 width=125)
	  Index Cond: ((id >= 6475033) AND (id <= 6475133))

table 2 : explain SELECT id, c FROM sbtest2 WHERE id BETWEEN 6475033 AND 6475133
	Index Scan using sbtest2_pkey on sbtest2  (cost=0.43..419.27 rows=105 width=125)
	  Index Cond: ((id >= 6475033) AND (id <= 6475133))

table 3 : explain SELECT id, c FROM sbtest3 WHERE id BETWEEN 6475033 AND 6475133
	Index Scan using sbtest3_pkey on sbtest3  (cost=0.43..446.26 rows=112 width=125)
	  Index Cond: ((id >= 6475033) AND (id <= 6475133))

table 4 : explain SELECT id, c FROM sbtest4 WHERE id BETWEEN 6475033 AND 6475133
	Index Scan using sbtest4_pkey on sbtest4  (cost=0.43..418.32 rows=105 width=125)
	  Index Cond: ((id >= 6475033) AND (id <= 6475133))

table 5 : explain SELECT id, c FROM sbtest5 WHERE id BETWEEN 6475033 AND 6475133
	Index Scan using sbtest5_pkey on sbtest5  (cost=0.43..410.33 rows=103 width=125)
	  Index Cond: ((id >= 6475033) AND (id <= 6475133))

table 6 : explain SELECT id, c FROM sbtest6 WHERE id BETWEEN 6475033 AND 6475133
	Index Scan using sbtest6_pkey on sbtest6  (cost=0.43..410.18 rows=103 width=125)
	  Index Cond: ((id >= 6475033) AND (id <= 6475133))

table 7 : explain SELECT id, c FROM sbtest7 WHERE id BETWEEN 6475033 AND 6475133
	Index Scan using sbtest7_pkey on sbtest7  (cost=0.43..409.65 rows=103 width=125)
	  Index Cond: ((id >= 6475033) AND (id <= 6475133))

table 8 : explain SELECT id, c FROM sbtest8 WHERE id BETWEEN 6475033 AND 6475133
	Index Scan using sbtest8_pkey on sbtest8  (cost=0.43..406.96 rows=102 width=125)
	  Index Cond: ((id >= 6475033) AND (id <= 6475133))

explain: for range-notcovered :: explain SELECT id, c FROM sbtest%d WHERE id BETWEEN 6475033 AND 6475133
for range-notcovered
table 1 : explain SELECT id, c FROM sbtest1 WHERE id BETWEEN 6286879 AND 6286979
	Index Scan using sbtest1_pkey on sbtest1  (cost=0.43..462.73 rows=116 width=125)
	  Index Cond: ((id >= 6286879) AND (id <= 6286979))

table 2 : explain SELECT id, c FROM sbtest2 WHERE id BETWEEN 6286879 AND 6286979
	Index Scan using sbtest2_pkey on sbtest2  (cost=0.43..399.52 rows=100 width=125)
	  Index Cond: ((id >= 6286879) AND (id <= 6286979))

table 3 : explain SELECT id, c FROM sbtest3 WHERE id BETWEEN 6286879 AND 6286979
	Index Scan using sbtest3_pkey on sbtest3  (cost=0.43..418.66 rows=105 width=125)
	  Index Cond: ((id >= 6286879) AND (id <= 6286979))

table 4 : explain SELECT id, c FROM sbtest4 WHERE id BETWEEN 6286879 AND 6286979
	Index Scan using sbtest4_pkey on sbtest4  (cost=0.43..410.44 rows=103 width=125)
	  Index Cond: ((id >= 6286879) AND (id <= 6286979))

table 5 : explain SELECT id, c FROM sbtest5 WHERE id BETWEEN 6286879 AND 6286979
	Index Scan using sbtest5_pkey on sbtest5  (cost=0.43..378.80 rows=95 width=125)
	  Index Cond: ((id >= 6286879) AND (id <= 6286979))

table 6 : explain SELECT id, c FROM sbtest6 WHERE id BETWEEN 6286879 AND 6286979
	Index Scan using sbtest6_pkey on sbtest6  (cost=0.43..394.41 rows=99 width=125)
	  Index Cond: ((id >= 6286879) AND (id <= 6286979))

table 7 : explain SELECT id, c FROM sbtest7 WHERE id BETWEEN 6286879 AND 6286979
	Index Scan using sbtest7_pkey on sbtest7  (cost=0.43..389.96 rows=98 width=125)
	  Index Cond: ((id >= 6286879) AND (id <= 6286979))

table 8 : explain SELECT id, c FROM sbtest8 WHERE id BETWEEN 6286879 AND 6286979
	Index Scan using sbtest8_pkey on sbtest8  (cost=0.43..426.69 rows=107 width=125)
	  Index Cond: ((id >= 6286879) AND (id <= 6286979))

explain: for range-notcovered :: explain SELECT id, c FROM sbtest%d WHERE id BETWEEN 6286879 AND 6286979
for range-notcovered
table 1 : explain SELECT id, c FROM sbtest1 WHERE id BETWEEN 4401218 AND 4401318
	Index Scan using sbtest1_pkey on sbtest1  (cost=0.43..383.72 rows=96 width=125)
	  Index Cond: ((id >= 4401218) AND (id <= 4401318))

table 2 : explain SELECT id, c FROM sbtest2 WHERE id BETWEEN 4401218 AND 4401318
	Index Scan using sbtest2_pkey on sbtest2  (cost=0.43..375.80 rows=94 width=125)
	  Index Cond: ((id >= 4401218) AND (id <= 4401318))

table 3 : explain SELECT id, c FROM sbtest3 WHERE id BETWEEN 4401218 AND 4401318
	Index Scan using sbtest3_pkey on sbtest3  (cost=0.43..359.48 rows=90 width=125)
	  Index Cond: ((id >= 4401218) AND (id <= 4401318))

table 4 : explain SELECT id, c FROM sbtest4 WHERE id BETWEEN 4401218 AND 4401318
	Index Scan using sbtest4_pkey on sbtest4  (cost=0.43..390.72 rows=98 width=125)
	  Index Cond: ((id >= 4401218) AND (id <= 4401318))

table 5 : explain SELECT id, c FROM sbtest5 WHERE id BETWEEN 4401218 AND 4401318
	Index Scan using sbtest5_pkey on sbtest5  (cost=0.43..366.98 rows=92 width=125)
	  Index Cond: ((id >= 4401218) AND (id <= 4401318))

table 6 : explain SELECT id, c FROM sbtest6 WHERE id BETWEEN 4401218 AND 4401318
	Index Scan using sbtest6_pkey on sbtest6  (cost=0.43..394.41 rows=99 width=125)
	  Index Cond: ((id >= 4401218) AND (id <= 4401318))

table 7 : explain SELECT id, c FROM sbtest7 WHERE id BETWEEN 4401218 AND 4401318
	Index Scan using sbtest7_pkey on sbtest7  (cost=0.43..378.16 rows=95 width=125)
	  Index Cond: ((id >= 4401218) AND (id <= 4401318))

table 8 : explain SELECT id, c FROM sbtest8 WHERE id BETWEEN 4401218 AND 4401318
	Index Scan using sbtest8_pkey on sbtest8  (cost=0.43..363.55 rows=91 width=125)
	  Index Cond: ((id >= 4401218) AND (id <= 4401318))

explain: for range-notcovered :: explain SELECT id, c FROM sbtest%d WHERE id BETWEEN 4401218 AND 4401318
for range-notcovered
table 1 : explain SELECT id, c FROM sbtest1 WHERE id BETWEEN 8705241 AND 8705341
	Index Scan using sbtest1_pkey on sbtest1  (cost=0.43..419.28 rows=105 width=125)
	  Index Cond: ((id >= 8705241) AND (id <= 8705341))

table 2 : explain SELECT id, c FROM sbtest2 WHERE id BETWEEN 8705241 AND 8705341
	Index Scan using sbtest2_pkey on sbtest2  (cost=0.43..431.11 rows=108 width=125)
	  Index Cond: ((id >= 8705241) AND (id <= 8705341))

table 3 : explain SELECT id, c FROM sbtest3 WHERE id BETWEEN 8705241 AND 8705341
	Index Scan using sbtest3_pkey on sbtest3  (cost=0.43..410.77 rows=103 width=125)
	  Index Cond: ((id >= 8705241) AND (id <= 8705341))

table 4 : explain SELECT id, c FROM sbtest4 WHERE id BETWEEN 8705241 AND 8705341
	Index Scan using sbtest4_pkey on sbtest4  (cost=0.43..414.38 rows=104 width=125)
	  Index Cond: ((id >= 8705241) AND (id <= 8705341))

table 5 : explain SELECT id, c FROM sbtest5 WHERE id BETWEEN 8705241 AND 8705341
	Index Scan using sbtest5_pkey on sbtest5  (cost=0.43..366.98 rows=92 width=125)
	  Index Cond: ((id >= 8705241) AND (id <= 8705341))

table 6 : explain SELECT id, c FROM sbtest6 WHERE id BETWEEN 8705241 AND 8705341
	Index Scan using sbtest6_pkey on sbtest6  (cost=0.43..370.78 rows=93 width=125)
	  Index Cond: ((id >= 8705241) AND (id <= 8705341))

table 7 : explain SELECT id, c FROM sbtest7 WHERE id BETWEEN 8705241 AND 8705341
	Index Scan using sbtest7_pkey on sbtest7  (cost=0.43..370.30 rows=93 width=125)
	  Index Cond: ((id >= 8705241) AND (id <= 8705341))

table 8 : explain SELECT id, c FROM sbtest8 WHERE id BETWEEN 8705241 AND 8705341
	Index Scan using sbtest8_pkey on sbtest8  (cost=0.43..395.11 rows=99 width=125)
	  Index Cond: ((id >= 8705241) AND (id <= 8705341))

for range-notcovered
table 1 : explain SELECT id, c FROM sbtest1 WHERE id BETWEEN 509108 AND 509208
	Index Scan using sbtest1_pkey on sbtest1  (cost=0.43..387.67 rows=97 width=125)
	  Index Cond: ((id >= 509108) AND (id <= 509208))

table 2 : explain SELECT id, c FROM sbtest2 WHERE id BETWEEN 509108 AND 509208
	Index Scan using sbtest2_pkey on sbtest2  (cost=0.43..407.42 rows=102 width=125)
	  Index Cond: ((id >= 509108) AND (id <= 509208))

table 3 : explain SELECT id, c FROM sbtest3 WHERE id BETWEEN 509108 AND 509208
	Index Scan using sbtest3_pkey on sbtest3  (cost=0.43..398.92 rows=100 width=125)
	  Index Cond: ((id >= 509108) AND (id <= 509208))

table 4 : explain SELECT id, c FROM sbtest4 WHERE id BETWEEN 509108 AND 509208
	Index Scan using sbtest4_pkey on sbtest4  (cost=0.43..398.62 rows=100 width=125)
	  Index Cond: ((id >= 509108) AND (id <= 509208))

table 5 : explain SELECT id, c FROM sbtest5 WHERE id BETWEEN 509108 AND 509208
	Index Scan using sbtest5_pkey on sbtest5  (cost=0.43..390.62 rows=98 width=125)
	  Index Cond: ((id >= 509108) AND (id <= 509208))

table 6 : explain SELECT id, c FROM sbtest6 WHERE id BETWEEN 509108 AND 509208
	Index Scan using sbtest6_pkey on sbtest6  (cost=0.43..382.60 rows=96 width=125)
	  Index Cond: ((id >= 509108) AND (id <= 509208))

table 7 : explain SELECT id, c FROM sbtest7 WHERE id BETWEEN 509108 AND 509208
	Index Scan using sbtest7_pkey on sbtest7  (cost=0.43..464.70 rows=117 width=125)
	  Index Cond: ((id >= 509108) AND (id <= 509208))

table 8 : explain SELECT id, c FROM sbtest8 WHERE id BETWEEN 509108 AND 509208
	Index Scan using sbtest8_pkey on sbtest8  (cost=0.43..403.02 rows=101 width=125)
	  Index Cond: ((id >= 509108) AND (id <= 509208))

explain: for range-notcovered :: explain SELECT id, c FROM sbtest%d WHERE id BETWEEN 8705241 AND 8705341
explain: for range-notcovered :: explain SELECT id, c FROM sbtest%d WHERE id BETWEEN 509108 AND 509208
for range-notcovered
table 1 : explain SELECT id, c FROM sbtest1 WHERE id BETWEEN 6475033 AND 6475133
	Index Scan using sbtest1_pkey on sbtest1  (cost=0.43..470.63 rows=118 width=125)
	  Index Cond: ((id >= 6475033) AND (id <= 6475133))

table 2 : explain SELECT id, c FROM sbtest2 WHERE id BETWEEN 6475033 AND 6475133
	Index Scan using sbtest2_pkey on sbtest2  (cost=0.43..419.27 rows=105 width=125)
	  Index Cond: ((id >= 6475033) AND (id <= 6475133))

table 3 : explain SELECT id, c FROM sbtest3 WHERE id BETWEEN 6475033 AND 6475133
	Index Scan using sbtest3_pkey on sbtest3  (cost=0.43..446.26 rows=112 width=125)
	  Index Cond: ((id >= 6475033) AND (id <= 6475133))

table 4 : explain SELECT id, c FROM sbtest4 WHERE id BETWEEN 6475033 AND 6475133
	Index Scan using sbtest4_pkey on sbtest4  (cost=0.43..418.32 rows=105 width=125)
	  Index Cond: ((id >= 6475033) AND (id <= 6475133))

table 5 : explain SELECT id, c FROM sbtest5 WHERE id BETWEEN 6475033 AND 6475133
	Index Scan using sbtest5_pkey on sbtest5  (cost=0.43..410.33 rows=103 width=125)
	  Index Cond: ((id >= 6475033) AND (id <= 6475133))

table 6 : explain SELECT id, c FROM sbtest6 WHERE id BETWEEN 6475033 AND 6475133
	Index Scan using sbtest6_pkey on sbtest6  (cost=0.43..410.18 rows=103 width=125)
	  Index Cond: ((id >= 6475033) AND (id <= 6475133))

table 7 : explain SELECT id, c FROM sbtest7 WHERE id BETWEEN 6475033 AND 6475133
	Index Scan using sbtest7_pkey on sbtest7  (cost=0.43..409.65 rows=103 width=125)
	  Index Cond: ((id >= 6475033) AND (id <= 6475133))

table 8 : explain SELECT id, c FROM sbtest8 WHERE id BETWEEN 6475033 AND 6475133
	Index Scan using sbtest8_pkey on sbtest8  (cost=0.43..406.96 rows=102 width=125)
	  Index Cond: ((id >= 6475033) AND (id <= 6475133))

for range-notcovered
table 1 : explain SELECT id, c FROM sbtest1 WHERE id BETWEEN 6286879 AND 6286979
	Index Scan using sbtest1_pkey on sbtest1  (cost=0.43..462.73 rows=116 width=125)
	  Index Cond: ((id >= 6286879) AND (id <= 6286979))

table 2 : explain SELECT id, c FROM sbtest2 WHERE id BETWEEN 6286879 AND 6286979
	Index Scan using sbtest2_pkey on sbtest2  (cost=0.43..399.52 rows=100 width=125)
	  Index Cond: ((id >= 6286879) AND (id <= 6286979))

table 3 : explain SELECT id, c FROM sbtest3 WHERE id BETWEEN 6286879 AND 6286979
	Index Scan using sbtest3_pkey on sbtest3  (cost=0.43..418.66 rows=105 width=125)
	  Index Cond: ((id >= 6286879) AND (id <= 6286979))

table 4 : explain SELECT id, c FROM sbtest4 WHERE id BETWEEN 6286879 AND 6286979
	Index Scan using sbtest4_pkey on sbtest4  (cost=0.43..410.44 rows=103 width=125)
	  Index Cond: ((id >= 6286879) AND (id <= 6286979))

table 5 : explain SELECT id, c FROM sbtest5 WHERE id BETWEEN 6286879 AND 6286979
	Index Scan using sbtest5_pkey on sbtest5  (cost=0.43..378.80 rows=95 width=125)
	  Index Cond: ((id >= 6286879) AND (id <= 6286979))

table 6 : explain SELECT id, c FROM sbtest6 WHERE id BETWEEN 6286879 AND 6286979
	Index Scan using sbtest6_pkey on sbtest6  (cost=0.43..394.41 rows=99 width=125)
	  Index Cond: ((id >= 6286879) AND (id <= 6286979))

table 7 : explain SELECT id, c FROM sbtest7 WHERE id BETWEEN 6286879 AND 6286979
	Index Scan using sbtest7_pkey on sbtest7  (cost=0.43..389.96 rows=98 width=125)
	  Index Cond: ((id >= 6286879) AND (id <= 6286979))

table 8 : explain SELECT id, c FROM sbtest8 WHERE id BETWEEN 6286879 AND 6286979
	Index Scan using sbtest8_pkey on sbtest8  (cost=0.43..426.69 rows=107 width=125)
	  Index Cond: ((id >= 6286879) AND (id <= 6286979))

for range-notcovered
table 1 : explain SELECT id, c FROM sbtest1 WHERE id BETWEEN 4401218 AND 4401318
	Index Scan using sbtest1_pkey on sbtest1  (cost=0.43..383.72 rows=96 width=125)
	  Index Cond: ((id >= 4401218) AND (id <= 4401318))

table 2 : explain SELECT id, c FROM sbtest2 WHERE id BETWEEN 4401218 AND 4401318
	Index Scan using sbtest2_pkey on sbtest2  (cost=0.43..375.80 rows=94 width=125)
	  Index Cond: ((id >= 4401218) AND (id <= 4401318))

table 3 : explain SELECT id, c FROM sbtest3 WHERE id BETWEEN 4401218 AND 4401318
	Index Scan using sbtest3_pkey on sbtest3  (cost=0.43..359.48 rows=90 width=125)
	  Index Cond: ((id >= 4401218) AND (id <= 4401318))

table 4 : explain SELECT id, c FROM sbtest4 WHERE id BETWEEN 4401218 AND 4401318
	Index Scan using sbtest4_pkey on sbtest4  (cost=0.43..390.72 rows=98 width=125)
	  Index Cond: ((id >= 4401218) AND (id <= 4401318))

table 5 : explain SELECT id, c FROM sbtest5 WHERE id BETWEEN 4401218 AND 4401318
	Index Scan using sbtest5_pkey on sbtest5  (cost=0.43..366.98 rows=92 width=125)
	  Index Cond: ((id >= 4401218) AND (id <= 4401318))

table 6 : explain SELECT id, c FROM sbtest6 WHERE id BETWEEN 4401218 AND 4401318
	Index Scan using sbtest6_pkey on sbtest6  (cost=0.43..394.41 rows=99 width=125)
	  Index Cond: ((id >= 4401218) AND (id <= 4401318))

table 7 : explain SELECT id, c FROM sbtest7 WHERE id BETWEEN 4401218 AND 4401318
	Index Scan using sbtest7_pkey on sbtest7  (cost=0.43..378.16 rows=95 width=125)
	  Index Cond: ((id >= 4401218) AND (id <= 4401318))

table 8 : explain SELECT id, c FROM sbtest8 WHERE id BETWEEN 4401218 AND 4401318
	Index Scan using sbtest8_pkey on sbtest8  (cost=0.43..363.55 rows=91 width=125)
	  Index Cond: ((id >= 4401218) AND (id <= 4401318))

explain: for range-notcovered :: explain SELECT id, c FROM sbtest%d WHERE id BETWEEN 4401218 AND 4401318
for range-notcovered
table 1 : explain SELECT id, c FROM sbtest1 WHERE id BETWEEN 8705241 AND 8705341
	Index Scan using sbtest1_pkey on sbtest1  (cost=0.43..419.28 rows=105 width=125)
	  Index Cond: ((id >= 8705241) AND (id <= 8705341))

table 2 : explain SELECT id, c FROM sbtest2 WHERE id BETWEEN 8705241 AND 8705341
	Index Scan using sbtest2_pkey on sbtest2  (cost=0.43..431.11 rows=108 width=125)
	  Index Cond: ((id >= 8705241) AND (id <= 8705341))

table 3 : explain SELECT id, c FROM sbtest3 WHERE id BETWEEN 8705241 AND 8705341
	Index Scan using sbtest3_pkey on sbtest3  (cost=0.43..410.77 rows=103 width=125)
	  Index Cond: ((id >= 8705241) AND (id <= 8705341))

table 4 : explain SELECT id, c FROM sbtest4 WHERE id BETWEEN 8705241 AND 8705341
	Index Scan using sbtest4_pkey on sbtest4  (cost=0.43..414.38 rows=104 width=125)
	  Index Cond: ((id >= 8705241) AND (id <= 8705341))

table 5 : explain SELECT id, c FROM sbtest5 WHERE id BETWEEN 8705241 AND 8705341
	Index Scan using sbtest5_pkey on sbtest5  (cost=0.43..366.98 rows=92 width=125)
	  Index Cond: ((id >= 8705241) AND (id <= 8705341))

table 6 : explain SELECT id, c FROM sbtest6 WHERE id BETWEEN 8705241 AND 8705341
	Index Scan using sbtest6_pkey on sbtest6  (cost=0.43..370.78 rows=93 width=125)
	  Index Cond: ((id >= 8705241) AND (id <= 8705341))

table 7 : explain SELECT id, c FROM sbtest7 WHERE id BETWEEN 8705241 AND 8705341
	Index Scan using sbtest7_pkey on sbtest7  (cost=0.43..370.30 rows=93 width=125)
	  Index Cond: ((id >= 8705241) AND (id <= 8705341))

table 8 : explain SELECT id, c FROM sbtest8 WHERE id BETWEEN 8705241 AND 8705341
	Index Scan using sbtest8_pkey on sbtest8  (cost=0.43..395.11 rows=99 width=125)
	  Index Cond: ((id >= 8705241) AND (id <= 8705341))

explain: for range-notcovered :: explain SELECT id, c FROM sbtest%d WHERE id BETWEEN 8705241 AND 8705341
for range-notcovered
table 1 : explain SELECT id, c FROM sbtest1 WHERE id BETWEEN 509108 AND 509208
	Index Scan using sbtest1_pkey on sbtest1  (cost=0.43..387.67 rows=97 width=125)
	  Index Cond: ((id >= 509108) AND (id <= 509208))

table 2 : explain SELECT id, c FROM sbtest2 WHERE id BETWEEN 509108 AND 509208
	Index Scan using sbtest2_pkey on sbtest2  (cost=0.43..407.42 rows=102 width=125)
	  Index Cond: ((id >= 509108) AND (id <= 509208))

table 3 : explain SELECT id, c FROM sbtest3 WHERE id BETWEEN 509108 AND 509208
	Index Scan using sbtest3_pkey on sbtest3  (cost=0.43..398.92 rows=100 width=125)
	  Index Cond: ((id >= 509108) AND (id <= 509208))

table 4 : explain SELECT id, c FROM sbtest4 WHERE id BETWEEN 509108 AND 509208
	Index Scan using sbtest4_pkey on sbtest4  (cost=0.43..398.62 rows=100 width=125)
	  Index Cond: ((id >= 509108) AND (id <= 509208))

table 5 : explain SELECT id, c FROM sbtest5 WHERE id BETWEEN 509108 AND 509208
	Index Scan using sbtest5_pkey on sbtest5  (cost=0.43..390.62 rows=98 width=125)
	  Index Cond: ((id >= 509108) AND (id <= 509208))

table 6 : explain SELECT id, c FROM sbtest6 WHERE id BETWEEN 509108 AND 509208
	Index Scan using sbtest6_pkey on sbtest6  (cost=0.43..382.60 rows=96 width=125)
	  Index Cond: ((id >= 509108) AND (id <= 509208))

table 7 : explain SELECT id, c FROM sbtest7 WHERE id BETWEEN 509108 AND 509208
	Index Scan using sbtest7_pkey on sbtest7  (cost=0.43..464.70 rows=117 width=125)
	  Index Cond: ((id >= 509108) AND (id <= 509208))

table 8 : explain SELECT id, c FROM sbtest8 WHERE id BETWEEN 509108 AND 509208
	Index Scan using sbtest8_pkey on sbtest8  (cost=0.43..403.02 rows=101 width=125)
	  Index Cond: ((id >= 509108) AND (id <= 509208))

explain: for range-notcovered :: explain SELECT id, c FROM sbtest%d WHERE id BETWEEN 509108 AND 509208
for range-notcovered
table 1 : explain SELECT id, c FROM sbtest1 WHERE id BETWEEN 8705241 AND 8705341
	Index Scan using sbtest1_pkey on sbtest1  (cost=0.43..419.28 rows=105 width=125)
	  Index Cond: ((id >= 8705241) AND (id <= 8705341))

table 2 : explain SELECT id, c FROM sbtest2 WHERE id BETWEEN 8705241 AND 8705341
	Index Scan using sbtest2_pkey on sbtest2  (cost=0.43..431.11 rows=108 width=125)
	  Index Cond: ((id >= 8705241) AND (id <= 8705341))

table 3 : explain SELECT id, c FROM sbtest3 WHERE id BETWEEN 8705241 AND 8705341
	Index Scan using sbtest3_pkey on sbtest3  (cost=0.43..410.77 rows=103 width=125)
	  Index Cond: ((id >= 8705241) AND (id <= 8705341))

table 4 : explain SELECT id, c FROM sbtest4 WHERE id BETWEEN 8705241 AND 8705341
	Index Scan using sbtest4_pkey on sbtest4  (cost=0.43..414.38 rows=104 width=125)
	  Index Cond: ((id >= 8705241) AND (id <= 8705341))

table 5 : explain SELECT id, c FROM sbtest5 WHERE id BETWEEN 8705241 AND 8705341
	Index Scan using sbtest5_pkey on sbtest5  (cost=0.43..366.98 rows=92 width=125)
	  Index Cond: ((id >= 8705241) AND (id <= 8705341))

table 6 : explain SELECT id, c FROM sbtest6 WHERE id BETWEEN 8705241 AND 8705341
	Index Scan using sbtest6_pkey on sbtest6  (cost=0.43..370.78 rows=93 width=125)
	  Index Cond: ((id >= 8705241) AND (id <= 8705341))

table 7 : explain SELECT id, c FROM sbtest7 WHERE id BETWEEN 8705241 AND 8705341
	Index Scan using sbtest7_pkey on sbtest7  (cost=0.43..370.30 rows=93 width=125)
	  Index Cond: ((id >= 8705241) AND (id <= 8705341))

table 8 : explain SELECT id, c FROM sbtest8 WHERE id BETWEEN 8705241 AND 8705341
	Index Scan using sbtest8_pkey on sbtest8  (cost=0.43..395.11 rows=99 width=125)
	  Index Cond: ((id >= 8705241) AND (id <= 8705341))

explain: for range-notcovered :: explain SELECT id, c FROM sbtest%d WHERE id BETWEEN 8705241 AND 8705341
for range-notcovered
table 1 : explain SELECT id, c FROM sbtest1 WHERE id BETWEEN 4401218 AND 4401318
	Index Scan using sbtest1_pkey on sbtest1  (cost=0.43..383.72 rows=96 width=125)
	  Index Cond: ((id >= 4401218) AND (id <= 4401318))

table 2 : explain SELECT id, c FROM sbtest2 WHERE id BETWEEN 4401218 AND 4401318
	Index Scan using sbtest2_pkey on sbtest2  (cost=0.43..375.80 rows=94 width=125)
	  Index Cond: ((id >= 4401218) AND (id <= 4401318))

table 3 : explain SELECT id, c FROM sbtest3 WHERE id BETWEEN 4401218 AND 4401318
	Index Scan using sbtest3_pkey on sbtest3  (cost=0.43..359.48 rows=90 width=125)
	  Index Cond: ((id >= 4401218) AND (id <= 4401318))

table 4 : explain SELECT id, c FROM sbtest4 WHERE id BETWEEN 4401218 AND 4401318
	Index Scan using sbtest4_pkey on sbtest4  (cost=0.43..390.72 rows=98 width=125)
	  Index Cond: ((id >= 4401218) AND (id <= 4401318))

table 5 : explain SELECT id, c FROM sbtest5 WHERE id BETWEEN 4401218 AND 4401318
	Index Scan using sbtest5_pkey on sbtest5  (cost=0.43..366.98 rows=92 width=125)
	  Index Cond: ((id >= 4401218) AND (id <= 4401318))

table 6 : explain SELECT id, c FROM sbtest6 WHERE id BETWEEN 4401218 AND 4401318
	Index Scan using sbtest6_pkey on sbtest6  (cost=0.43..394.41 rows=99 width=125)
	  Index Cond: ((id >= 4401218) AND (id <= 4401318))

table 7 : explain SELECT id, c FROM sbtest7 WHERE id BETWEEN 4401218 AND 4401318
	Index Scan using sbtest7_pkey on sbtest7  (cost=0.43..378.16 rows=95 width=125)
	  Index Cond: ((id >= 4401218) AND (id <= 4401318))

table 8 : explain SELECT id, c FROM sbtest8 WHERE id BETWEEN 4401218 AND 4401318
	Index Scan using sbtest8_pkey on sbtest8  (cost=0.43..363.55 rows=91 width=125)
	  Index Cond: ((id >= 4401218) AND (id <= 4401318))

for range-notcovered
table 1 : explain SELECT id, c FROM sbtest1 WHERE id BETWEEN 509108 AND 509208
	Index Scan using sbtest1_pkey on sbtest1  (cost=0.43..387.67 rows=97 width=125)
	  Index Cond: ((id >= 509108) AND (id <= 509208))

table 2 : explain SELECT id, c FROM sbtest2 WHERE id BETWEEN 509108 AND 509208
	Index Scan using sbtest2_pkey on sbtest2  (cost=0.43..407.42 rows=102 width=125)
	  Index Cond: ((id >= 509108) AND (id <= 509208))

table 3 : explain SELECT id, c FROM sbtest3 WHERE id BETWEEN 509108 AND 509208
	Index Scan using sbtest3_pkey on sbtest3  (cost=0.43..398.92 rows=100 width=125)
	  Index Cond: ((id >= 509108) AND (id <= 509208))

table 4 : explain SELECT id, c FROM sbtest4 WHERE id BETWEEN 509108 AND 509208
	Index Scan using sbtest4_pkey on sbtest4  (cost=0.43..398.62 rows=100 width=125)
	  Index Cond: ((id >= 509108) AND (id <= 509208))

table 5 : explain SELECT id, c FROM sbtest5 WHERE id BETWEEN 509108 AND 509208
	Index Scan using sbtest5_pkey on sbtest5  (cost=0.43..390.62 rows=98 width=125)
	  Index Cond: ((id >= 509108) AND (id <= 509208))

table 6 : explain SELECT id, c FROM sbtest6 WHERE id BETWEEN 509108 AND 509208
	Index Scan using sbtest6_pkey on sbtest6  (cost=0.43..382.60 rows=96 width=125)
	  Index Cond: ((id >= 509108) AND (id <= 509208))

table 7 : explain SELECT id, c FROM sbtest7 WHERE id BETWEEN 509108 AND 509208
	Index Scan using sbtest7_pkey on sbtest7  (cost=0.43..464.70 rows=117 width=125)
	  Index Cond: ((id >= 509108) AND (id <= 509208))

table 8 : explain SELECT id, c FROM sbtest8 WHERE id BETWEEN 509108 AND 509208
	Index Scan using sbtest8_pkey on sbtest8  (cost=0.43..403.02 rows=101 width=125)
	  Index Cond: ((id >= 509108) AND (id <= 509208))

explain: for range-notcovered :: explain SELECT id, c FROM sbtest%d WHERE id BETWEEN 4945418 AND 4945518
explain: for range-notcovered :: explain SELECT id, c FROM sbtest%d WHERE id BETWEEN 4401218 AND 4401318
explain: for range-notcovered :: explain SELECT id, c FROM sbtest%d WHERE id BETWEEN 509108 AND 509208
explain: for range-notcovered :: explain SELECT id, c FROM sbtest%d WHERE id BETWEEN 3484036 AND 3484136
for range-notcovered
table 1 : explain SELECT id, c FROM sbtest1 WHERE id BETWEEN 3831642 AND 3831742
	Index Scan using sbtest1_pkey on sbtest1  (cost=0.43..407.43 rows=102 width=125)
	  Index Cond: ((id >= 3831642) AND (id <= 3831742))

table 2 : explain SELECT id, c FROM sbtest2 WHERE id BETWEEN 3831642 AND 3831742
	Index Scan using sbtest2_pkey on sbtest2  (cost=0.43..411.37 rows=103 width=125)
	  Index Cond: ((id >= 3831642) AND (id <= 3831742))

table 3 : explain SELECT id, c FROM sbtest3 WHERE id BETWEEN 3831642 AND 3831742
	Index Scan using sbtest3_pkey on sbtest3  (cost=0.43..379.20 rows=95 width=125)
	  Index Cond: ((id >= 3831642) AND (id <= 3831742))

table 4 : explain SELECT id, c FROM sbtest4 WHERE id BETWEEN 3831642 AND 3831742
	Index Scan using sbtest4_pkey on sbtest4  (cost=0.43..378.90 rows=95 width=125)
	  Index Cond: ((id >= 3831642) AND (id <= 3831742))

table 5 : explain SELECT id, c FROM sbtest5 WHERE id BETWEEN 3831642 AND 3831742
	Index Scan using sbtest5_pkey on sbtest5  (cost=0.43..410.33 rows=103 width=125)
	  Index Cond: ((id >= 3831642) AND (id <= 3831742))

table 6 : explain SELECT id, c FROM sbtest6 WHERE id BETWEEN 3831642 AND 3831742
	Index Scan using sbtest6_pkey on sbtest6  (cost=0.43..366.85 rows=92 width=125)
	  Index Cond: ((id >= 3831642) AND (id <= 3831742))

table 7 : explain SELECT id, c FROM sbtest7 WHERE id BETWEEN 3831642 AND 3831742
	Index Scan using sbtest7_pkey on sbtest7  (cost=0.43..354.57 rows=89 width=125)
	  Index Cond: ((id >= 3831642) AND (id <= 3831742))

table 8 : explain SELECT id, c FROM sbtest8 WHERE id BETWEEN 3831642 AND 3831742
	Index Scan using sbtest8_pkey on sbtest8  (cost=0.43..387.22 rows=97 width=125)
	  Index Cond: ((id >= 3831642) AND (id <= 3831742))

for range-notcovered
table 1 : explain SELECT id, c FROM sbtest1 WHERE id BETWEEN 5985054 AND 5985154
	Index Scan using sbtest1_pkey on sbtest1  (cost=0.43..379.77 rows=95 width=125)
	  Index Cond: ((id >= 5985054) AND (id <= 5985154))

table 2 : explain SELECT id, c FROM sbtest2 WHERE id BETWEEN 5985054 AND 5985154
	Index Scan using sbtest2_pkey on sbtest2  (cost=0.43..415.32 rows=104 width=125)
	  Index Cond: ((id >= 5985054) AND (id <= 5985154))

table 3 : explain SELECT id, c FROM sbtest3 WHERE id BETWEEN 5985054 AND 5985154
	Index Scan using sbtest3_pkey on sbtest3  (cost=0.43..391.03 rows=98 width=125)
	  Index Cond: ((id >= 5985054) AND (id <= 5985154))

table 4 : explain SELECT id, c FROM sbtest4 WHERE id BETWEEN 5985054 AND 5985154
	Index Scan using sbtest4_pkey on sbtest4  (cost=0.43..402.56 rows=101 width=125)
	  Index Cond: ((id >= 5985054) AND (id <= 5985154))

table 5 : explain SELECT id, c FROM sbtest5 WHERE id BETWEEN 5985054 AND 5985154
	Index Scan using sbtest5_pkey on sbtest5  (cost=0.43..394.58 rows=99 width=125)
	  Index Cond: ((id >= 5985054) AND (id <= 5985154))

table 6 : explain SELECT id, c FROM sbtest6 WHERE id BETWEEN 5985054 AND 5985154
	Index Scan using sbtest6_pkey on sbtest6  (cost=0.43..358.97 rows=90 width=125)
	  Index Cond: ((id >= 5985054) AND (id <= 5985154))

table 7 : explain SELECT id, c FROM sbtest7 WHERE id BETWEEN 5985054 AND 5985154
	Index Scan using sbtest7_pkey on sbtest7  (cost=0.43..401.78 rows=101 width=125)
	  Index Cond: ((id >= 5985054) AND (id <= 5985154))

table 8 : explain SELECT id, c FROM sbtest8 WHERE id BETWEEN 5985054 AND 5985154
	Index Scan using sbtest8_pkey on sbtest8  (cost=0.43..406.96 rows=102 width=125)
	  Index Cond: ((id >= 5985054) AND (id <= 5985154))

explain: for range-notcovered :: explain SELECT id, c FROM sbtest%d WHERE id BETWEEN 3831642 AND 3831742
explain: for range-notcovered :: explain SELECT id, c FROM sbtest%d WHERE id BETWEEN 5985054 AND 5985154
for range-notcovered
table 1 : explain SELECT id, c FROM sbtest1 WHERE id BETWEEN 8705241 AND 8705341
	Index Scan using sbtest1_pkey on sbtest1  (cost=0.43..419.28 rows=105 width=125)
	  Index Cond: ((id >= 8705241) AND (id <= 8705341))

table 2 : explain SELECT id, c FROM sbtest2 WHERE id BETWEEN 8705241 AND 8705341
	Index Scan using sbtest2_pkey on sbtest2  (cost=0.43..431.11 rows=108 width=125)
	  Index Cond: ((id >= 8705241) AND (id <= 8705341))

table 3 : explain SELECT id, c FROM sbtest3 WHERE id BETWEEN 8705241 AND 8705341
	Index Scan using sbtest3_pkey on sbtest3  (cost=0.43..410.77 rows=103 width=125)
	  Index Cond: ((id >= 8705241) AND (id <= 8705341))

table 4 : explain SELECT id, c FROM sbtest4 WHERE id BETWEEN 8705241 AND 8705341
	Index Scan using sbtest4_pkey on sbtest4  (cost=0.43..414.38 rows=104 width=125)
	  Index Cond: ((id >= 8705241) AND (id <= 8705341))

table 5 : explain SELECT id, c FROM sbtest5 WHERE id BETWEEN 8705241 AND 8705341
	Index Scan using sbtest5_pkey on sbtest5  (cost=0.43..366.98 rows=92 width=125)
	  Index Cond: ((id >= 8705241) AND (id <= 8705341))

table 6 : explain SELECT id, c FROM sbtest6 WHERE id BETWEEN 8705241 AND 8705341
	Index Scan using sbtest6_pkey on sbtest6  (cost=0.43..370.78 rows=93 width=125)
	  Index Cond: ((id >= 8705241) AND (id <= 8705341))

table 7 : explain SELECT id, c FROM sbtest7 WHERE id BETWEEN 8705241 AND 8705341
	Index Scan using sbtest7_pkey on sbtest7  (cost=0.43..370.30 rows=93 width=125)
	  Index Cond: ((id >= 8705241) AND (id <= 8705341))

table 8 : explain SELECT id, c FROM sbtest8 WHERE id BETWEEN 8705241 AND 8705341
	Index Scan using sbtest8_pkey on sbtest8  (cost=0.43..395.11 rows=99 width=125)
	  Index Cond: ((id >= 8705241) AND (id <= 8705341))

for range-notcovered
table 1 : explain SELECT id, c FROM sbtest1 WHERE id BETWEEN 3435311 AND 3435411
	Index Scan using sbtest1_pkey on sbtest1  (cost=0.43..367.92 rows=92 width=125)
	  Index Cond: ((id >= 3435311) AND (id <= 3435411))

table 2 : explain SELECT id, c FROM sbtest2 WHERE id BETWEEN 3435311 AND 3435411
	Index Scan using sbtest2_pkey on sbtest2  (cost=0.43..399.52 rows=100 width=125)
	  Index Cond: ((id >= 3435311) AND (id <= 3435411))

table 3 : explain SELECT id, c FROM sbtest3 WHERE id BETWEEN 3435311 AND 3435411
	Index Scan using sbtest3_pkey on sbtest3  (cost=0.43..406.82 rows=102 width=125)
	  Index Cond: ((id >= 3435311) AND (id <= 3435411))

table 4 : explain SELECT id, c FROM sbtest4 WHERE id BETWEEN 3435311 AND 3435411
	Index Scan using sbtest4_pkey on sbtest4  (cost=0.43..367.08 rows=92 width=125)
	  Index Cond: ((id >= 3435311) AND (id <= 3435411))

table 5 : explain SELECT id, c FROM sbtest5 WHERE id BETWEEN 3435311 AND 3435411
	Index Scan using sbtest5_pkey on sbtest5  (cost=0.43..402.45 rows=101 width=125)
	  Index Cond: ((id >= 3435311) AND (id <= 3435411))

table 6 : explain SELECT id, c FROM sbtest6 WHERE id BETWEEN 3435311 AND 3435411
	Index Scan using sbtest6_pkey on sbtest6  (cost=0.43..406.25 rows=102 width=125)
	  Index Cond: ((id >= 3435311) AND (id <= 3435411))

table 7 : explain SELECT id, c FROM sbtest7 WHERE id BETWEEN 3435311 AND 3435411
	Index Scan using sbtest7_pkey on sbtest7  (cost=0.43..441.11 rows=111 width=125)
	  Index Cond: ((id >= 3435311) AND (id <= 3435411))

table 8 : explain SELECT id, c FROM sbtest8 WHERE id BETWEEN 3435311 AND 3435411
	Index Scan using sbtest8_pkey on sbtest8  (cost=0.43..383.27 rows=96 width=125)
	  Index Cond: ((id >= 3435311) AND (id <= 3435411))

for range-notcovered
table 1 : explain SELECT id, c FROM sbtest1 WHERE id BETWEEN 4401218 AND 4401318
	Index Scan using sbtest1_pkey on sbtest1  (cost=0.43..383.72 rows=96 width=125)
	  Index Cond: ((id >= 4401218) AND (id <= 4401318))

table 2 : explain SELECT id, c FROM sbtest2 WHERE id BETWEEN 4401218 AND 4401318
	Index Scan using sbtest2_pkey on sbtest2  (cost=0.43..375.80 rows=94 width=125)
	  Index Cond: ((id >= 4401218) AND (id <= 4401318))

table 3 : explain SELECT id, c FROM sbtest3 WHERE id BETWEEN 4401218 AND 4401318
	Index Scan using sbtest3_pkey on sbtest3  (cost=0.43..359.48 rows=90 width=125)
	  Index Cond: ((id >= 4401218) AND (id <= 4401318))

table 4 : explain SELECT id, c FROM sbtest4 WHERE id BETWEEN 4401218 AND 4401318
	Index Scan using sbtest4_pkey on sbtest4  (cost=0.43..390.72 rows=98 width=125)
	  Index Cond: ((id >= 4401218) AND (id <= 4401318))

table 5 : explain SELECT id, c FROM sbtest5 WHERE id BETWEEN 4401218 AND 4401318
	Index Scan using sbtest5_pkey on sbtest5  (cost=0.43..366.98 rows=92 width=125)
	  Index Cond: ((id >= 4401218) AND (id <= 4401318))

table 6 : explain SELECT id, c FROM sbtest6 WHERE id BETWEEN 4401218 AND 4401318
	Index Scan using sbtest6_pkey on sbtest6  (cost=0.43..394.41 rows=99 width=125)
	  Index Cond: ((id >= 4401218) AND (id <= 4401318))

table 7 : explain SELECT id, c FROM sbtest7 WHERE id BETWEEN 4401218 AND 4401318
	Index Scan using sbtest7_pkey on sbtest7  (cost=0.43..378.16 rows=95 width=125)
	  Index Cond: ((id >= 4401218) AND (id <= 4401318))

table 8 : explain SELECT id, c FROM sbtest8 WHERE id BETWEEN 4401218 AND 4401318
	Index Scan using sbtest8_pkey on sbtest8  (cost=0.43..363.55 rows=91 width=125)
	  Index Cond: ((id >= 4401218) AND (id <= 4401318))

explain: for range-notcovered :: explain SELECT id, c FROM sbtest%d WHERE id BETWEEN 8705241 AND 8705341
for range-notcovered
table 1 : explain SELECT id, c FROM sbtest1 WHERE id BETWEEN 4647880 AND 4647980
	Index Scan using sbtest1_pkey on sbtest1  (cost=0.43..403.48 rows=101 width=125)
	  Index Cond: ((id >= 4647880) AND (id <= 4647980))

table 2 : explain SELECT id, c FROM sbtest2 WHERE id BETWEEN 4647880 AND 4647980
	Index Scan using sbtest2_pkey on sbtest2  (cost=0.43..442.96 rows=111 width=125)
	  Index Cond: ((id >= 4647880) AND (id <= 4647980))

table 3 : explain SELECT id, c FROM sbtest3 WHERE id BETWEEN 4647880 AND 4647980
	Index Scan using sbtest3_pkey on sbtest3  (cost=0.43..402.86 rows=101 width=125)
	  Index Cond: ((id >= 4647880) AND (id <= 4647980))

table 4 : explain SELECT id, c FROM sbtest4 WHERE id BETWEEN 4647880 AND 4647980
	Index Scan using sbtest4_pkey on sbtest4  (cost=0.43..386.78 rows=97 width=125)
	  Index Cond: ((id >= 4647880) AND (id <= 4647980))

table 5 : explain SELECT id, c FROM sbtest5 WHERE id BETWEEN 4647880 AND 4647980
	Index Scan using sbtest5_pkey on sbtest5  (cost=0.43..461.55 rows=116 width=125)
	  Index Cond: ((id >= 4647880) AND (id <= 4647980))

table 6 : explain SELECT id, c FROM sbtest6 WHERE id BETWEEN 4647880 AND 4647980
	Index Scan using sbtest6_pkey on sbtest6  (cost=0.43..402.31 rows=101 width=125)
	  Index Cond: ((id >= 4647880) AND (id <= 4647980))

table 7 : explain SELECT id, c FROM sbtest7 WHERE id BETWEEN 4647880 AND 4647980
	Index Scan using sbtest7_pkey on sbtest7  (cost=0.43..386.03 rows=97 width=125)
	  Index Cond: ((id >= 4647880) AND (id <= 4647980))

table 8 : explain SELECT id, c FROM sbtest8 WHERE id BETWEEN 4647880 AND 4647980
	Index Scan using sbtest8_pkey on sbtest8  (cost=0.43..403.02 rows=101 width=125)
	  Index Cond: ((id >= 4647880) AND (id <= 4647980))

explain: for range-notcovered :: explain SELECT id, c FROM sbtest%d WHERE id BETWEEN 4401218 AND 4401318
explain: for range-notcovered :: explain SELECT id, c FROM sbtest%d WHERE id BETWEEN 4510717 AND 4510817
explain: for range-notcovered :: explain SELECT id, c FROM sbtest%d WHERE id BETWEEN 3435311 AND 3435411
for range-notcovered
table 1 : explain SELECT id, c FROM sbtest1 WHERE id BETWEEN 3079383 AND 3079483
	Index Scan using sbtest1_pkey on sbtest1  (cost=0.43..407.43 rows=102 width=125)
	  Index Cond: ((id >= 3079383) AND (id <= 3079483))

table 2 : explain SELECT id, c FROM sbtest2 WHERE id BETWEEN 3079383 AND 3079483
	Index Scan using sbtest2_pkey on sbtest2  (cost=0.43..399.52 rows=100 width=125)
	  Index Cond: ((id >= 3079383) AND (id <= 3079483))

table 3 : explain SELECT id, c FROM sbtest3 WHERE id BETWEEN 3079383 AND 3079483
	Index Scan using sbtest3_pkey on sbtest3  (cost=0.43..394.97 rows=99 width=125)
	  Index Cond: ((id >= 3079383) AND (id <= 3079483))

table 4 : explain SELECT id, c FROM sbtest4 WHERE id BETWEEN 3079383 AND 3079483
	Index Scan using sbtest4_pkey on sbtest4  (cost=0.43..422.26 rows=106 width=125)
	  Index Cond: ((id >= 3079383) AND (id <= 3079483))

table 5 : explain SELECT id, c FROM sbtest5 WHERE id BETWEEN 3079383 AND 3079483
	Index Scan using sbtest5_pkey on sbtest5  (cost=0.43..437.91 rows=110 width=125)
	  Index Cond: ((id >= 3079383) AND (id <= 3079483))

table 6 : explain SELECT id, c FROM sbtest6 WHERE id BETWEEN 3079383 AND 3079483
	Index Scan using sbtest6_pkey on sbtest6  (cost=0.43..398.37 rows=100 width=125)
	  Index Cond: ((id >= 3079383) AND (id <= 3079483))

table 7 : explain SELECT id, c FROM sbtest7 WHERE id BETWEEN 3079383 AND 3079483
	Index Scan using sbtest7_pkey on sbtest7  (cost=0.43..417.51 rows=105 width=125)
	  Index Cond: ((id >= 3079383) AND (id <= 3079483))

table 8 : explain SELECT id, c FROM sbtest8 WHERE id BETWEEN 3079383 AND 3079483
	Index Scan using sbtest8_pkey on sbtest8  (cost=0.43..418.80 rows=105 width=125)
	  Index Cond: ((id >= 3079383) AND (id <= 3079483))

for range-notcovered
table 1 : explain SELECT id, c FROM sbtest1 WHERE id BETWEEN 509108 AND 509208
	Index Scan using sbtest1_pkey on sbtest1  (cost=0.43..387.67 rows=97 width=125)
	  Index Cond: ((id >= 509108) AND (id <= 509208))

table 2 : explain SELECT id, c FROM sbtest2 WHERE id BETWEEN 509108 AND 509208
	Index Scan using sbtest2_pkey on sbtest2  (cost=0.43..407.42 rows=102 width=125)
	  Index Cond: ((id >= 509108) AND (id <= 509208))

table 3 : explain SELECT id, c FROM sbtest3 WHERE id BETWEEN 509108 AND 509208
	Index Scan using sbtest3_pkey on sbtest3  (cost=0.43..398.92 rows=100 width=125)
	  Index Cond: ((id >= 509108) AND (id <= 509208))

table 4 : explain SELECT id, c FROM sbtest4 WHERE id BETWEEN 509108 AND 509208
	Index Scan using sbtest4_pkey on sbtest4  (cost=0.43..398.62 rows=100 width=125)
	  Index Cond: ((id >= 509108) AND (id <= 509208))

table 5 : explain SELECT id, c FROM sbtest5 WHERE id BETWEEN 509108 AND 509208
	Index Scan using sbtest5_pkey on sbtest5  (cost=0.43..390.62 rows=98 width=125)
	  Index Cond: ((id >= 509108) AND (id <= 509208))

table 6 : explain SELECT id, c FROM sbtest6 WHERE id BETWEEN 509108 AND 509208
	Index Scan using sbtest6_pkey on sbtest6  (cost=0.43..382.60 rows=96 width=125)
	  Index Cond: ((id >= 509108) AND (id <= 509208))

table 7 : explain SELECT id, c FROM sbtest7 WHERE id BETWEEN 509108 AND 509208
	Index Scan using sbtest7_pkey on sbtest7  (cost=0.43..464.70 rows=117 width=125)
	  Index Cond: ((id >= 509108) AND (id <= 509208))

table 8 : explain SELECT id, c FROM sbtest8 WHERE id BETWEEN 509108 AND 509208
	Index Scan using sbtest8_pkey on sbtest8  (cost=0.43..403.02 rows=101 width=125)
	  Index Cond: ((id >= 509108) AND (id <= 509208))

explain: for range-notcovered :: explain SELECT id, c FROM sbtest%d WHERE id BETWEEN 4647880 AND 4647980
explain: for range-notcovered :: explain SELECT id, c FROM sbtest%d WHERE id BETWEEN 509108 AND 509208
explain: for range-notcovered :: explain SELECT id, c FROM sbtest%d WHERE id BETWEEN 4793487 AND 4793587explain: for range-notcovered :: explain SELECT id, c FROM sbtest%d WHERE id BETWEEN 3626034 AND 3626134

explain: for range-notcovered :: explain SELECT id, c FROM sbtest%d WHERE id BETWEEN 3079383 AND 3079483
explain: for range-notcovered :: explain SELECT id, c FROM sbtest%d WHERE id BETWEEN 6857524 AND 6857624
explain: for range-notcovered :: explain SELECT id, c FROM sbtest%d WHERE id BETWEEN 8091861 AND 8091961
for range-notcovered
table 1 : explain SELECT id, c FROM sbtest1 WHERE id BETWEEN 3831642 AND 3831742
	Index Scan using sbtest1_pkey on sbtest1  (cost=0.43..407.43 rows=102 width=125)
	  Index Cond: ((id >= 3831642) AND (id <= 3831742))

table 2 : explain SELECT id, c FROM sbtest2 WHERE id BETWEEN 3831642 AND 3831742
	Index Scan using sbtest2_pkey on sbtest2  (cost=0.43..411.37 rows=103 width=125)
	  Index Cond: ((id >= 3831642) AND (id <= 3831742))

table 3 : explain SELECT id, c FROM sbtest3 WHERE id BETWEEN 3831642 AND 3831742
	Index Scan using sbtest3_pkey on sbtest3  (cost=0.43..379.20 rows=95 width=125)
	  Index Cond: ((id >= 3831642) AND (id <= 3831742))

table 4 : explain SELECT id, c FROM sbtest4 WHERE id BETWEEN 3831642 AND 3831742
	Index Scan using sbtest4_pkey on sbtest4  (cost=0.43..378.90 rows=95 width=125)
	  Index Cond: ((id >= 3831642) AND (id <= 3831742))

table 5 : explain SELECT id, c FROM sbtest5 WHERE id BETWEEN 3831642 AND 3831742
	Index Scan using sbtest5_pkey on sbtest5  (cost=0.43..410.33 rows=103 width=125)
	  Index Cond: ((id >= 3831642) AND (id <= 3831742))

table 6 : explain SELECT id, c FROM sbtest6 WHERE id BETWEEN 3831642 AND 3831742
	Index Scan using sbtest6_pkey on sbtest6  (cost=0.43..366.85 rows=92 width=125)
	  Index Cond: ((id >= 3831642) AND (id <= 3831742))

table 7 : explain SELECT id, c FROM sbtest7 WHERE id BETWEEN 3831642 AND 3831742
	Index Scan using sbtest7_pkey on sbtest7  (cost=0.43..354.57 rows=89 width=125)
	  Index Cond: ((id >= 3831642) AND (id <= 3831742))

table 8 : explain SELECT id, c FROM sbtest8 WHERE id BETWEEN 3831642 AND 3831742
	Index Scan using sbtest8_pkey on sbtest8  (cost=0.43..387.22 rows=97 width=125)
	  Index Cond: ((id >= 3831642) AND (id <= 3831742))

for range-notcovered
table 1 : explain SELECT id, c FROM sbtest1 WHERE id BETWEEN 5985054 AND 5985154
	Index Scan using sbtest1_pkey on sbtest1  (cost=0.43..379.77 rows=95 width=125)
	  Index Cond: ((id >= 5985054) AND (id <= 5985154))

table 2 : explain SELECT id, c FROM sbtest2 WHERE id BETWEEN 5985054 AND 5985154
	Index Scan using sbtest2_pkey on sbtest2  (cost=0.43..415.32 rows=104 width=125)
	  Index Cond: ((id >= 5985054) AND (id <= 5985154))

table 3 : explain SELECT id, c FROM sbtest3 WHERE id BETWEEN 5985054 AND 5985154
	Index Scan using sbtest3_pkey on sbtest3  (cost=0.43..391.03 rows=98 width=125)
	  Index Cond: ((id >= 5985054) AND (id <= 5985154))

table 4 : explain SELECT id, c FROM sbtest4 WHERE id BETWEEN 5985054 AND 5985154
	Index Scan using sbtest4_pkey on sbtest4  (cost=0.43..402.56 rows=101 width=125)
	  Index Cond: ((id >= 5985054) AND (id <= 5985154))

table 5 : explain SELECT id, c FROM sbtest5 WHERE id BETWEEN 5985054 AND 5985154
	Index Scan using sbtest5_pkey on sbtest5  (cost=0.43..394.58 rows=99 width=125)
	  Index Cond: ((id >= 5985054) AND (id <= 5985154))

table 6 : explain SELECT id, c FROM sbtest6 WHERE id BETWEEN 5985054 AND 5985154
	Index Scan using sbtest6_pkey on sbtest6  (cost=0.43..358.97 rows=90 width=125)
	  Index Cond: ((id >= 5985054) AND (id <= 5985154))

table 7 : explain SELECT id, c FROM sbtest7 WHERE id BETWEEN 5985054 AND 5985154
	Index Scan using sbtest7_pkey on sbtest7  (cost=0.43..401.78 rows=101 width=125)
	  Index Cond: ((id >= 5985054) AND (id <= 5985154))

table 8 : explain SELECT id, c FROM sbtest8 WHERE id BETWEEN 5985054 AND 5985154
	Index Scan using sbtest8_pkey on sbtest8  (cost=0.43..406.96 rows=102 width=125)
	  Index Cond: ((id >= 5985054) AND (id <= 5985154))

explain: for range-notcovered :: explain SELECT id, c FROM sbtest%d WHERE id BETWEEN 3831642 AND 3831742
explain: for range-notcovered :: explain SELECT id, c FROM sbtest%d WHERE id BETWEEN 5985054 AND 5985154
for range-notcovered
table 1 : explain SELECT id, c FROM sbtest1 WHERE id BETWEEN 8705241 AND 8705341
	Index Scan using sbtest1_pkey on sbtest1  (cost=0.43..419.28 rows=105 width=125)
	  Index Cond: ((id >= 8705241) AND (id <= 8705341))

table 2 : explain SELECT id, c FROM sbtest2 WHERE id BETWEEN 8705241 AND 8705341
	Index Scan using sbtest2_pkey on sbtest2  (cost=0.43..431.11 rows=108 width=125)
	  Index Cond: ((id >= 8705241) AND (id <= 8705341))

table 3 : explain SELECT id, c FROM sbtest3 WHERE id BETWEEN 8705241 AND 8705341
	Index Scan using sbtest3_pkey on sbtest3  (cost=0.43..410.77 rows=103 width=125)
	  Index Cond: ((id >= 8705241) AND (id <= 8705341))

table 4 : explain SELECT id, c FROM sbtest4 WHERE id BETWEEN 8705241 AND 8705341
	Index Scan using sbtest4_pkey on sbtest4  (cost=0.43..414.38 rows=104 width=125)
	  Index Cond: ((id >= 8705241) AND (id <= 8705341))

table 5 : explain SELECT id, c FROM sbtest5 WHERE id BETWEEN 8705241 AND 8705341
	Index Scan using sbtest5_pkey on sbtest5  (cost=0.43..366.98 rows=92 width=125)
	  Index Cond: ((id >= 8705241) AND (id <= 8705341))

table 6 : explain SELECT id, c FROM sbtest6 WHERE id BETWEEN 8705241 AND 8705341
	Index Scan using sbtest6_pkey on sbtest6  (cost=0.43..370.78 rows=93 width=125)
	  Index Cond: ((id >= 8705241) AND (id <= 8705341))

table 7 : explain SELECT id, c FROM sbtest7 WHERE id BETWEEN 8705241 AND 8705341
	Index Scan using sbtest7_pkey on sbtest7  (cost=0.43..370.30 rows=93 width=125)
	  Index Cond: ((id >= 8705241) AND (id <= 8705341))

table 8 : explain SELECT id, c FROM sbtest8 WHERE id BETWEEN 8705241 AND 8705341
	Index Scan using sbtest8_pkey on sbtest8  (cost=0.43..395.11 rows=99 width=125)
	  Index Cond: ((id >= 8705241) AND (id <= 8705341))

for range-notcovered
table 1 : explain SELECT id, c FROM sbtest1 WHERE id BETWEEN 3435311 AND 3435411
	Index Scan using sbtest1_pkey on sbtest1  (cost=0.43..367.92 rows=92 width=125)
	  Index Cond: ((id >= 3435311) AND (id <= 3435411))

table 2 : explain SELECT id, c FROM sbtest2 WHERE id BETWEEN 3435311 AND 3435411
	Index Scan using sbtest2_pkey on sbtest2  (cost=0.43..399.52 rows=100 width=125)
	  Index Cond: ((id >= 3435311) AND (id <= 3435411))

table 3 : explain SELECT id, c FROM sbtest3 WHERE id BETWEEN 3435311 AND 3435411
	Index Scan using sbtest3_pkey on sbtest3  (cost=0.43..406.82 rows=102 width=125)
	  Index Cond: ((id >= 3435311) AND (id <= 3435411))

table 4 : explain SELECT id, c FROM sbtest4 WHERE id BETWEEN 3435311 AND 3435411
	Index Scan using sbtest4_pkey on sbtest4  (cost=0.43..367.08 rows=92 width=125)
	  Index Cond: ((id >= 3435311) AND (id <= 3435411))

table 5 : explain SELECT id, c FROM sbtest5 WHERE id BETWEEN 3435311 AND 3435411
	Index Scan using sbtest5_pkey on sbtest5  (cost=0.43..402.45 rows=101 width=125)
	  Index Cond: ((id >= 3435311) AND (id <= 3435411))

table 6 : explain SELECT id, c FROM sbtest6 WHERE id BETWEEN 3435311 AND 3435411
	Index Scan using sbtest6_pkey on sbtest6  (cost=0.43..406.25 rows=102 width=125)
	  Index Cond: ((id >= 3435311) AND (id <= 3435411))

table 7 : explain SELECT id, c FROM sbtest7 WHERE id BETWEEN 3435311 AND 3435411
	Index Scan using sbtest7_pkey on sbtest7  (cost=0.43..441.11 rows=111 width=125)
	  Index Cond: ((id >= 3435311) AND (id <= 3435411))

table 8 : explain SELECT id, c FROM sbtest8 WHERE id BETWEEN 3435311 AND 3435411
	Index Scan using sbtest8_pkey on sbtest8  (cost=0.43..383.27 rows=96 width=125)
	  Index Cond: ((id >= 3435311) AND (id <= 3435411))

for range-notcovered
table 1 : explain SELECT id, c FROM sbtest1 WHERE id BETWEEN 509108 AND 509208
	Index Scan using sbtest1_pkey on sbtest1  (cost=0.43..387.67 rows=97 width=125)
	  Index Cond: ((id >= 509108) AND (id <= 509208))

table 2 : explain SELECT id, c FROM sbtest2 WHERE id BETWEEN 509108 AND 509208
	Index Scan using sbtest2_pkey on sbtest2  (cost=0.43..407.42 rows=102 width=125)
	  Index Cond: ((id >= 509108) AND (id <= 509208))

table 3 : explain SELECT id, c FROM sbtest3 WHERE id BETWEEN 509108 AND 509208
	Index Scan using sbtest3_pkey on sbtest3  (cost=0.43..398.92 rows=100 width=125)
	  Index Cond: ((id >= 509108) AND (id <= 509208))

table 4 : explain SELECT id, c FROM sbtest4 WHERE id BETWEEN 509108 AND 509208
	Index Scan using sbtest4_pkey on sbtest4  (cost=0.43..398.62 rows=100 width=125)
	  Index Cond: ((id >= 509108) AND (id <= 509208))

table 5 : explain SELECT id, c FROM sbtest5 WHERE id BETWEEN 509108 AND 509208
	Index Scan using sbtest5_pkey on sbtest5  (cost=0.43..390.62 rows=98 width=125)
	  Index Cond: ((id >= 509108) AND (id <= 509208))

table 6 : explain SELECT id, c FROM sbtest6 WHERE id BETWEEN 509108 AND 509208
	Index Scan using sbtest6_pkey on sbtest6  (cost=0.43..382.60 rows=96 width=125)
	  Index Cond: ((id >= 509108) AND (id <= 509208))

table 7 : explain SELECT id, c FROM sbtest7 WHERE id BETWEEN 509108 AND 509208
	Index Scan using sbtest7_pkey on sbtest7  (cost=0.43..464.70 rows=117 width=125)
	  Index Cond: ((id >= 509108) AND (id <= 509208))

table 8 : explain SELECT id, c FROM sbtest8 WHERE id BETWEEN 509108 AND 509208
	Index Scan using sbtest8_pkey on sbtest8  (cost=0.43..403.02 rows=101 width=125)
	  Index Cond: ((id >= 509108) AND (id <= 509208))
for range-notcovered
table 1 : explain SELECT id, c FROM sbtest1 WHERE id BETWEEN 4647880 AND 4647980
	Index Scan using sbtest1_pkey on sbtest1  (cost=0.43..403.48 rows=101 width=125)
	  Index Cond: ((id >= 4647880) AND (id <= 4647980))

table 2 : explain SELECT id, c FROM sbtest2 WHERE id BETWEEN 4647880 AND 4647980
	Index Scan using sbtest2_pkey on sbtest2  (cost=0.43..442.96 rows=111 width=125)
	  Index Cond: ((id >= 4647880) AND (id <= 4647980))

table 3 : explain SELECT id, c FROM sbtest3 WHERE id BETWEEN 4647880 AND 4647980
	Index Scan using sbtest3_pkey on sbtest3  (cost=0.43..402.86 rows=101 width=125)
	  Index Cond: ((id >= 4647880) AND (id <= 4647980))

table 4 : explain SELECT id, c FROM sbtest4 WHERE id BETWEEN 4647880 AND 4647980
	Index Scan using sbtest4_pkey on sbtest4  (cost=0.43..386.78 rows=97 width=125)
	  Index Cond: ((id >= 4647880) AND (id <= 4647980))

table 5 : explain SELECT id, c FROM sbtest5 WHERE id BETWEEN 4647880 AND 4647980
	Index Scan using sbtest5_pkey on sbtest5  (cost=0.43..461.55 rows=116 width=125)
	  Index Cond: ((id >= 4647880) AND (id <= 4647980))

table 6 : explain SELECT id, c FROM sbtest6 WHERE id BETWEEN 4647880 AND 4647980
	Index Scan using sbtest6_pkey on sbtest6  (cost=0.43..402.31 rows=101 width=125)
	  Index Cond: ((id >= 4647880) AND (id <= 4647980))

table 7 : explain SELECT id, c FROM sbtest7 WHERE id BETWEEN 4647880 AND 4647980
	Index Scan using sbtest7_pkey on sbtest7  (cost=0.43..386.03 rows=97 width=125)
	  Index Cond: ((id >= 4647880) AND (id <= 4647980))

table 8 : explain SELECT id, c FROM sbtest8 WHERE id BETWEEN 4647880 AND 4647980
	Index Scan using sbtest8_pkey on sbtest8  (cost=0.43..403.02 rows=101 width=125)
	  Index Cond: ((id >= 4647880) AND (id <= 4647980))


for range-notcovered
table 1 : explain SELECT id, c FROM sbtest1 WHERE id BETWEEN 4401218 AND 4401318
	Index Scan using sbtest1_pkey on sbtest1  (cost=0.43..383.72 rows=96 width=125)
	  Index Cond: ((id >= 4401218) AND (id <= 4401318))

table 2 : explain SELECT id, c FROM sbtest2 WHERE id BETWEEN 4401218 AND 4401318
	Index Scan using sbtest2_pkey on sbtest2  (cost=0.43..375.80 rows=94 width=125)
	  Index Cond: ((id >= 4401218) AND (id <= 4401318))

table 3 : explain SELECT id, c FROM sbtest3 WHERE id BETWEEN 4401218 AND 4401318
	Index Scan using sbtest3_pkey on sbtest3  (cost=0.43..359.48 rows=90 width=125)
	  Index Cond: ((id >= 4401218) AND (id <= 4401318))

table 4 : explain SELECT id, c FROM sbtest4 WHERE id BETWEEN 4401218 AND 4401318
	Index Scan using sbtest4_pkey on sbtest4  (cost=0.43..390.72 rows=98 width=125)
	  Index Cond: ((id >= 4401218) AND (id <= 4401318))

table 5 : explain SELECT id, c FROM sbtest5 WHERE id BETWEEN 4401218 AND 4401318
	Index Scan using sbtest5_pkey on sbtest5  (cost=0.43..366.98 rows=92 width=125)
	  Index Cond: ((id >= 4401218) AND (id <= 4401318))

table 6 : explain SELECT id, c FROM sbtest6 WHERE id BETWEEN 4401218 AND 4401318
	Index Scan using sbtest6_pkey on sbtest6  (cost=0.43..394.41 rows=99 width=125)
	  Index Cond: ((id >= 4401218) AND (id <= 4401318))

table 7 : explain SELECT id, c FROM sbtest7 WHERE id BETWEEN 4401218 AND 4401318
	Index Scan using sbtest7_pkey on sbtest7  (cost=0.43..378.16 rows=95 width=125)
	  Index Cond: ((id >= 4401218) AND (id <= 4401318))

table 8 : explain SELECT id, c FROM sbtest8 WHERE id BETWEEN 4401218 AND 4401318
	Index Scan using sbtest8_pkey on sbtest8  (cost=0.43..363.55 rows=91 width=125)
	  Index Cond: ((id >= 4401218) AND (id <= 4401318))

explain: for range-notcovered :: explain SELECT id, c FROM sbtest%d WHERE id BETWEEN 3435311 AND 3435411
explain: for range-notcovered :: explain SELECT id, c FROM sbtest%d WHERE id BETWEEN 4647880 AND 4647980
explain: for range-notcovered :: explain SELECT id, c FROM sbtest%d WHERE id BETWEEN 509108 AND 509208
explain: for range-notcovered :: explain SELECT id, c FROM sbtest%d WHERE id BETWEEN 4401218 AND 4401318
for range-notcovered
table 1 : explain SELECT id, c FROM sbtest1 WHERE id BETWEEN 3079383 AND 3079483
	Index Scan using sbtest1_pkey on sbtest1  (cost=0.43..407.43 rows=102 width=125)
	  Index Cond: ((id >= 3079383) AND (id <= 3079483))

table 2 : explain SELECT id, c FROM sbtest2 WHERE id BETWEEN 3079383 AND 3079483
	Index Scan using sbtest2_pkey on sbtest2  (cost=0.43..399.52 rows=100 width=125)
	  Index Cond: ((id >= 3079383) AND (id <= 3079483))

table 3 : explain SELECT id, c FROM sbtest3 WHERE id BETWEEN 3079383 AND 3079483
	Index Scan using sbtest3_pkey on sbtest3  (cost=0.43..394.97 rows=99 width=125)
	  Index Cond: ((id >= 3079383) AND (id <= 3079483))

table 4 : explain SELECT id, c FROM sbtest4 WHERE id BETWEEN 3079383 AND 3079483
	Index Scan using sbtest4_pkey on sbtest4  (cost=0.43..422.26 rows=106 width=125)
	  Index Cond: ((id >= 3079383) AND (id <= 3079483))

table 5 : explain SELECT id, c FROM sbtest5 WHERE id BETWEEN 3079383 AND 3079483
	Index Scan using sbtest5_pkey on sbtest5  (cost=0.43..437.91 rows=110 width=125)
	  Index Cond: ((id >= 3079383) AND (id <= 3079483))

table 6 : explain SELECT id, c FROM sbtest6 WHERE id BETWEEN 3079383 AND 3079483
	Index Scan using sbtest6_pkey on sbtest6  (cost=0.43..398.37 rows=100 width=125)
	  Index Cond: ((id >= 3079383) AND (id <= 3079483))

table 7 : explain SELECT id, c FROM sbtest7 WHERE id BETWEEN 3079383 AND 3079483
	Index Scan using sbtest7_pkey on sbtest7  (cost=0.43..417.51 rows=105 width=125)
	  Index Cond: ((id >= 3079383) AND (id <= 3079483))

table 8 : explain SELECT id, c FROM sbtest8 WHERE id BETWEEN 3079383 AND 3079483
	Index Scan using sbtest8_pkey on sbtest8  (cost=0.43..418.80 rows=105 width=125)
	  Index Cond: ((id >= 3079383) AND (id <= 3079483))

explain: for range-notcovered :: explain SELECT id, c FROM sbtest%d WHERE id BETWEEN 3079383 AND 3079483
for range-notcovered
table 1 : explain SELECT id, c FROM sbtest1 WHERE id BETWEEN 3831642 AND 3831742
	Index Scan using sbtest1_pkey on sbtest1  (cost=0.43..407.43 rows=102 width=125)
	  Index Cond: ((id >= 3831642) AND (id <= 3831742))

table 2 : explain SELECT id, c FROM sbtest2 WHERE id BETWEEN 3831642 AND 3831742
	Index Scan using sbtest2_pkey on sbtest2  (cost=0.43..411.37 rows=103 width=125)
	  Index Cond: ((id >= 3831642) AND (id <= 3831742))

table 3 : explain SELECT id, c FROM sbtest3 WHERE id BETWEEN 3831642 AND 3831742
	Index Scan using sbtest3_pkey on sbtest3  (cost=0.43..379.20 rows=95 width=125)
	  Index Cond: ((id >= 3831642) AND (id <= 3831742))

table 4 : explain SELECT id, c FROM sbtest4 WHERE id BETWEEN 3831642 AND 3831742
	Index Scan using sbtest4_pkey on sbtest4  (cost=0.43..378.90 rows=95 width=125)
	  Index Cond: ((id >= 3831642) AND (id <= 3831742))

table 5 : explain SELECT id, c FROM sbtest5 WHERE id BETWEEN 3831642 AND 3831742
	Index Scan using sbtest5_pkey on sbtest5  (cost=0.43..410.33 rows=103 width=125)
	  Index Cond: ((id >= 3831642) AND (id <= 3831742))

table 6 : explain SELECT id, c FROM sbtest6 WHERE id BETWEEN 3831642 AND 3831742
	Index Scan using sbtest6_pkey on sbtest6  (cost=0.43..366.85 rows=92 width=125)
	  Index Cond: ((id >= 3831642) AND (id <= 3831742))

table 7 : explain SELECT id, c FROM sbtest7 WHERE id BETWEEN 3831642 AND 3831742
	Index Scan using sbtest7_pkey on sbtest7  (cost=0.43..354.57 rows=89 width=125)
	  Index Cond: ((id >= 3831642) AND (id <= 3831742))

table 8 : explain SELECT id, c FROM sbtest8 WHERE id BETWEEN 3831642 AND 3831742
	Index Scan using sbtest8_pkey on sbtest8  (cost=0.43..387.22 rows=97 width=125)
	  Index Cond: ((id >= 3831642) AND (id <= 3831742))

for range-notcovered
table 1 : explain SELECT id, c FROM sbtest1 WHERE id BETWEEN 5985054 AND 5985154
	Index Scan using sbtest1_pkey on sbtest1  (cost=0.43..379.77 rows=95 width=125)
	  Index Cond: ((id >= 5985054) AND (id <= 5985154))

table 2 : explain SELECT id, c FROM sbtest2 WHERE id BETWEEN 5985054 AND 5985154
	Index Scan using sbtest2_pkey on sbtest2  (cost=0.43..415.32 rows=104 width=125)
	  Index Cond: ((id >= 5985054) AND (id <= 5985154))

table 3 : explain SELECT id, c FROM sbtest3 WHERE id BETWEEN 5985054 AND 5985154
	Index Scan using sbtest3_pkey on sbtest3  (cost=0.43..391.03 rows=98 width=125)
	  Index Cond: ((id >= 5985054) AND (id <= 5985154))

table 4 : explain SELECT id, c FROM sbtest4 WHERE id BETWEEN 5985054 AND 5985154
	Index Scan using sbtest4_pkey on sbtest4  (cost=0.43..402.56 rows=101 width=125)
	  Index Cond: ((id >= 5985054) AND (id <= 5985154))

table 5 : explain SELECT id, c FROM sbtest5 WHERE id BETWEEN 5985054 AND 5985154
	Index Scan using sbtest5_pkey on sbtest5  (cost=0.43..394.58 rows=99 width=125)
	  Index Cond: ((id >= 5985054) AND (id <= 5985154))

table 6 : explain SELECT id, c FROM sbtest6 WHERE id BETWEEN 5985054 AND 5985154
	Index Scan using sbtest6_pkey on sbtest6  (cost=0.43..358.97 rows=90 width=125)
	  Index Cond: ((id >= 5985054) AND (id <= 5985154))

table 7 : explain SELECT id, c FROM sbtest7 WHERE id BETWEEN 5985054 AND 5985154
	Index Scan using sbtest7_pkey on sbtest7  (cost=0.43..401.78 rows=101 width=125)
	  Index Cond: ((id >= 5985054) AND (id <= 5985154))

table 8 : explain SELECT id, c FROM sbtest8 WHERE id BETWEEN 5985054 AND 5985154
	Index Scan using sbtest8_pkey on sbtest8  (cost=0.43..406.96 rows=102 width=125)
	  Index Cond: ((id >= 5985054) AND (id <= 5985154))

explain: for range-notcovered :: explain SELECT id, c FROM sbtest%d WHERE id BETWEEN 3831642 AND 3831742
explain: for range-notcovered :: explain SELECT id, c FROM sbtest%d WHERE id BETWEEN 5985054 AND 5985154
for range-notcovered
table 1 : explain SELECT id, c FROM sbtest1 WHERE id BETWEEN 4401218 AND 4401318
	Index Scan using sbtest1_pkey on sbtest1  (cost=0.43..383.72 rows=96 width=125)
	  Index Cond: ((id >= 4401218) AND (id <= 4401318))

table 2 : explain SELECT id, c FROM sbtest2 WHERE id BETWEEN 4401218 AND 4401318
	Index Scan using sbtest2_pkey on sbtest2  (cost=0.43..375.80 rows=94 width=125)
	  Index Cond: ((id >= 4401218) AND (id <= 4401318))

table 3 : explain SELECT id, c FROM sbtest3 WHERE id BETWEEN 4401218 AND 4401318
	Index Scan using sbtest3_pkey on sbtest3  (cost=0.43..359.48 rows=90 width=125)
	  Index Cond: ((id >= 4401218) AND (id <= 4401318))

table 4 : explain SELECT id, c FROM sbtest4 WHERE id BETWEEN 4401218 AND 4401318
	Index Scan using sbtest4_pkey on sbtest4  (cost=0.43..390.72 rows=98 width=125)
	  Index Cond: ((id >= 4401218) AND (id <= 4401318))

table 5 : explain SELECT id, c FROM sbtest5 WHERE id BETWEEN 4401218 AND 4401318
	Index Scan using sbtest5_pkey on sbtest5  (cost=0.43..366.98 rows=92 width=125)
	  Index Cond: ((id >= 4401218) AND (id <= 4401318))

table 6 : explain SELECT id, c FROM sbtest6 WHERE id BETWEEN 4401218 AND 4401318
	Index Scan using sbtest6_pkey on sbtest6  (cost=0.43..394.41 rows=99 width=125)
	  Index Cond: ((id >= 4401218) AND (id <= 4401318))

table 7 : explain SELECT id, c FROM sbtest7 WHERE id BETWEEN 4401218 AND 4401318
	Index Scan using sbtest7_pkey on sbtest7  (cost=0.43..378.16 rows=95 width=125)
	  Index Cond: ((id >= 4401218) AND (id <= 4401318))

table 8 : explain SELECT id, c FROM sbtest8 WHERE id BETWEEN 4401218 AND 4401318
	Index Scan using sbtest8_pkey on sbtest8  (cost=0.43..363.55 rows=91 width=125)
	  Index Cond: ((id >= 4401218) AND (id <= 4401318))

for range-notcovered
table 1 : explain SELECT id, c FROM sbtest1 WHERE id BETWEEN 3435311 AND 3435411
	Index Scan using sbtest1_pkey on sbtest1  (cost=0.43..367.92 rows=92 width=125)
	  Index Cond: ((id >= 3435311) AND (id <= 3435411))

table 2 : explain SELECT id, c FROM sbtest2 WHERE id BETWEEN 3435311 AND 3435411
	Index Scan using sbtest2_pkey on sbtest2  (cost=0.43..399.52 rows=100 width=125)
	  Index Cond: ((id >= 3435311) AND (id <= 3435411))

table 3 : explain SELECT id, c FROM sbtest3 WHERE id BETWEEN 3435311 AND 3435411
	Index Scan using sbtest3_pkey on sbtest3  (cost=0.43..406.82 rows=102 width=125)
	  Index Cond: ((id >= 3435311) AND (id <= 3435411))

table 4 : explain SELECT id, c FROM sbtest4 WHERE id BETWEEN 3435311 AND 3435411
	Index Scan using sbtest4_pkey on sbtest4  (cost=0.43..367.08 rows=92 width=125)
	  Index Cond: ((id >= 3435311) AND (id <= 3435411))

table 5 : explain SELECT id, c FROM sbtest5 WHERE id BETWEEN 3435311 AND 3435411
	Index Scan using sbtest5_pkey on sbtest5  (cost=0.43..402.45 rows=101 width=125)
	  Index Cond: ((id >= 3435311) AND (id <= 3435411))

table 6 : explain SELECT id, c FROM sbtest6 WHERE id BETWEEN 3435311 AND 3435411
	Index Scan using sbtest6_pkey on sbtest6  (cost=0.43..406.25 rows=102 width=125)
	  Index Cond: ((id >= 3435311) AND (id <= 3435411))

table 7 : explain SELECT id, c FROM sbtest7 WHERE id BETWEEN 3435311 AND 3435411
	Index Scan using sbtest7_pkey on sbtest7  (cost=0.43..441.11 rows=111 width=125)
	  Index Cond: ((id >= 3435311) AND (id <= 3435411))

table 8 : explain SELECT id, c FROM sbtest8 WHERE id BETWEEN 3435311 AND 3435411
	Index Scan using sbtest8_pkey on sbtest8  (cost=0.43..383.27 rows=96 width=125)
	  Index Cond: ((id >= 3435311) AND (id <= 3435411))

for range-notcovered
table 1 : explain SELECT id, c FROM sbtest1 WHERE id BETWEEN 4647880 AND 4647980
	Index Scan using sbtest1_pkey on sbtest1  (cost=0.43..403.48 rows=101 width=125)
	  Index Cond: ((id >= 4647880) AND (id <= 4647980))

table 2 : explain SELECT id, c FROM sbtest2 WHERE id BETWEEN 4647880 AND 4647980
	Index Scan using sbtest2_pkey on sbtest2  (cost=0.43..442.96 rows=111 width=125)
	  Index Cond: ((id >= 4647880) AND (id <= 4647980))

table 3 : explain SELECT id, c FROM sbtest3 WHERE id BETWEEN 4647880 AND 4647980
	Index Scan using sbtest3_pkey on sbtest3  (cost=0.43..402.86 rows=101 width=125)
	  Index Cond: ((id >= 4647880) AND (id <= 4647980))

table 4 : explain SELECT id, c FROM sbtest4 WHERE id BETWEEN 4647880 AND 4647980
	Index Scan using sbtest4_pkey on sbtest4  (cost=0.43..386.78 rows=97 width=125)
	  Index Cond: ((id >= 4647880) AND (id <= 4647980))

table 5 : explain SELECT id, c FROM sbtest5 WHERE id BETWEEN 4647880 AND 4647980
	Index Scan using sbtest5_pkey on sbtest5  (cost=0.43..461.55 rows=116 width=125)
	  Index Cond: ((id >= 4647880) AND (id <= 4647980))

table 6 : explain SELECT id, c FROM sbtest6 WHERE id BETWEEN 4647880 AND 4647980
	Index Scan using sbtest6_pkey on sbtest6  (cost=0.43..402.31 rows=101 width=125)
	  Index Cond: ((id >= 4647880) AND (id <= 4647980))

table 7 : explain SELECT id, c FROM sbtest7 WHERE id BETWEEN 4647880 AND 4647980
	Index Scan using sbtest7_pkey on sbtest7  (cost=0.43..386.03 rows=97 width=125)
	  Index Cond: ((id >= 4647880) AND (id <= 4647980))

table 8 : explain SELECT id, c FROM sbtest8 WHERE id BETWEEN 4647880 AND 4647980
	Index Scan using sbtest8_pkey on sbtest8  (cost=0.43..403.02 rows=101 width=125)
	  Index Cond: ((id >= 4647880) AND (id <= 4647980))

explain: for range-notcovered :: explain SELECT id, c FROM sbtest%d WHERE id BETWEEN 4401218 AND 4401318
for range-notcovered
table 1 : explain SELECT id, c FROM sbtest1 WHERE id BETWEEN 509108 AND 509208
	Index Scan using sbtest1_pkey on sbtest1  (cost=0.43..387.67 rows=97 width=125)
	  Index Cond: ((id >= 509108) AND (id <= 509208))

table 2 : explain SELECT id, c FROM sbtest2 WHERE id BETWEEN 509108 AND 509208
	Index Scan using sbtest2_pkey on sbtest2  (cost=0.43..407.42 rows=102 width=125)
	  Index Cond: ((id >= 509108) AND (id <= 509208))

table 3 : explain SELECT id, c FROM sbtest3 WHERE id BETWEEN 509108 AND 509208
	Index Scan using sbtest3_pkey on sbtest3  (cost=0.43..398.92 rows=100 width=125)
	  Index Cond: ((id >= 509108) AND (id <= 509208))

table 4 : explain SELECT id, c FROM sbtest4 WHERE id BETWEEN 509108 AND 509208
	Index Scan using sbtest4_pkey on sbtest4  (cost=0.43..398.62 rows=100 width=125)
	  Index Cond: ((id >= 509108) AND (id <= 509208))

table 5 : explain SELECT id, c FROM sbtest5 WHERE id BETWEEN 509108 AND 509208
	Index Scan using sbtest5_pkey on sbtest5  (cost=0.43..390.62 rows=98 width=125)
	  Index Cond: ((id >= 509108) AND (id <= 509208))

table 6 : explain SELECT id, c FROM sbtest6 WHERE id BETWEEN 509108 AND 509208
	Index Scan using sbtest6_pkey on sbtest6  (cost=0.43..382.60 rows=96 width=125)
	  Index Cond: ((id >= 509108) AND (id <= 509208))

table 7 : explain SELECT id, c FROM sbtest7 WHERE id BETWEEN 509108 AND 509208
	Index Scan using sbtest7_pkey on sbtest7  (cost=0.43..464.70 rows=117 width=125)
	  Index Cond: ((id >= 509108) AND (id <= 509208))

table 8 : explain SELECT id, c FROM sbtest8 WHERE id BETWEEN 509108 AND 509208
	Index Scan using sbtest8_pkey on sbtest8  (cost=0.43..403.02 rows=101 width=125)
	  Index Cond: ((id >= 509108) AND (id <= 509208))

explain: for range-notcovered :: explain SELECT id, c FROM sbtest%d WHERE id BETWEEN 3435311 AND 3435411
explain: for range-notcovered :: explain SELECT id, c FROM sbtest%d WHERE id BETWEEN 4647880 AND 4647980
for range-notcovered
table 1 : explain SELECT id, c FROM sbtest1 WHERE id BETWEEN 3079383 AND 3079483
	Index Scan using sbtest1_pkey on sbtest1  (cost=0.43..407.43 rows=102 width=125)
	  Index Cond: ((id >= 3079383) AND (id <= 3079483))

table 2 : explain SELECT id, c FROM sbtest2 WHERE id BETWEEN 3079383 AND 3079483
	Index Scan using sbtest2_pkey on sbtest2  (cost=0.43..399.52 rows=100 width=125)
	  Index Cond: ((id >= 3079383) AND (id <= 3079483))

table 3 : explain SELECT id, c FROM sbtest3 WHERE id BETWEEN 3079383 AND 3079483
	Index Scan using sbtest3_pkey on sbtest3  (cost=0.43..394.97 rows=99 width=125)
	  Index Cond: ((id >= 3079383) AND (id <= 3079483))

table 4 : explain SELECT id, c FROM sbtest4 WHERE id BETWEEN 3079383 AND 3079483
	Index Scan using sbtest4_pkey on sbtest4  (cost=0.43..422.26 rows=106 width=125)
	  Index Cond: ((id >= 3079383) AND (id <= 3079483))

table 5 : explain SELECT id, c FROM sbtest5 WHERE id BETWEEN 3079383 AND 3079483
	Index Scan using sbtest5_pkey on sbtest5  (cost=0.43..437.91 rows=110 width=125)
	  Index Cond: ((id >= 3079383) AND (id <= 3079483))

table 6 : explain SELECT id, c FROM sbtest6 WHERE id BETWEEN 3079383 AND 3079483
	Index Scan using sbtest6_pkey on sbtest6  (cost=0.43..398.37 rows=100 width=125)
	  Index Cond: ((id >= 3079383) AND (id <= 3079483))

table 7 : explain SELECT id, c FROM sbtest7 WHERE id BETWEEN 3079383 AND 3079483
	Index Scan using sbtest7_pkey on sbtest7  (cost=0.43..417.51 rows=105 width=125)
	  Index Cond: ((id >= 3079383) AND (id <= 3079483))

table 8 : explain SELECT id, c FROM sbtest8 WHERE id BETWEEN 3079383 AND 3079483
	Index Scan using sbtest8_pkey on sbtest8  (cost=0.43..418.80 rows=105 width=125)
	  Index Cond: ((id >= 3079383) AND (id <= 3079483))

explain: for range-notcovered :: explain SELECT id, c FROM sbtest%d WHERE id BETWEEN 7235766 AND 7235866
explain: for range-notcovered :: explain SELECT id, c FROM sbtest%d WHERE id BETWEEN 3079383 AND 3079483
for range-notcovered
table 1 : explain SELECT id, c FROM sbtest1 WHERE id BETWEEN 3831642 AND 3831742
	Index Scan using sbtest1_pkey on sbtest1  (cost=0.43..407.43 rows=102 width=125)
	  Index Cond: ((id >= 3831642) AND (id <= 3831742))

table 2 : explain SELECT id, c FROM sbtest2 WHERE id BETWEEN 3831642 AND 3831742
	Index Scan using sbtest2_pkey on sbtest2  (cost=0.43..411.37 rows=103 width=125)
	  Index Cond: ((id >= 3831642) AND (id <= 3831742))

table 3 : explain SELECT id, c FROM sbtest3 WHERE id BETWEEN 3831642 AND 3831742
	Index Scan using sbtest3_pkey on sbtest3  (cost=0.43..379.20 rows=95 width=125)
	  Index Cond: ((id >= 3831642) AND (id <= 3831742))

table 4 : explain SELECT id, c FROM sbtest4 WHERE id BETWEEN 3831642 AND 3831742
	Index Scan using sbtest4_pkey on sbtest4  (cost=0.43..378.90 rows=95 width=125)
	  Index Cond: ((id >= 3831642) AND (id <= 3831742))

table 5 : explain SELECT id, c FROM sbtest5 WHERE id BETWEEN 3831642 AND 3831742
	Index Scan using sbtest5_pkey on sbtest5  (cost=0.43..410.33 rows=103 width=125)
	  Index Cond: ((id >= 3831642) AND (id <= 3831742))

table 6 : explain SELECT id, c FROM sbtest6 WHERE id BETWEEN 3831642 AND 3831742
	Index Scan using sbtest6_pkey on sbtest6  (cost=0.43..366.85 rows=92 width=125)
	  Index Cond: ((id >= 3831642) AND (id <= 3831742))

table 7 : explain SELECT id, c FROM sbtest7 WHERE id BETWEEN 3831642 AND 3831742
	Index Scan using sbtest7_pkey on sbtest7  (cost=0.43..354.57 rows=89 width=125)
	  Index Cond: ((id >= 3831642) AND (id <= 3831742))

table 8 : explain SELECT id, c FROM sbtest8 WHERE id BETWEEN 3831642 AND 3831742
	Index Scan using sbtest8_pkey on sbtest8  (cost=0.43..387.22 rows=97 width=125)
	  Index Cond: ((id >= 3831642) AND (id <= 3831742))

for range-notcovered
table 1 : explain SELECT id, c FROM sbtest1 WHERE id BETWEEN 5985054 AND 5985154
	Index Scan using sbtest1_pkey on sbtest1  (cost=0.43..379.77 rows=95 width=125)
	  Index Cond: ((id >= 5985054) AND (id <= 5985154))

table 2 : explain SELECT id, c FROM sbtest2 WHERE id BETWEEN 5985054 AND 5985154
	Index Scan using sbtest2_pkey on sbtest2  (cost=0.43..415.32 rows=104 width=125)
	  Index Cond: ((id >= 5985054) AND (id <= 5985154))

table 3 : explain SELECT id, c FROM sbtest3 WHERE id BETWEEN 5985054 AND 5985154
	Index Scan using sbtest3_pkey on sbtest3  (cost=0.43..391.03 rows=98 width=125)
	  Index Cond: ((id >= 5985054) AND (id <= 5985154))

table 4 : explain SELECT id, c FROM sbtest4 WHERE id BETWEEN 5985054 AND 5985154
	Index Scan using sbtest4_pkey on sbtest4  (cost=0.43..402.56 rows=101 width=125)
	  Index Cond: ((id >= 5985054) AND (id <= 5985154))

table 5 : explain SELECT id, c FROM sbtest5 WHERE id BETWEEN 5985054 AND 5985154
	Index Scan using sbtest5_pkey on sbtest5  (cost=0.43..394.58 rows=99 width=125)
	  Index Cond: ((id >= 5985054) AND (id <= 5985154))

table 6 : explain SELECT id, c FROM sbtest6 WHERE id BETWEEN 5985054 AND 5985154
	Index Scan using sbtest6_pkey on sbtest6  (cost=0.43..358.97 rows=90 width=125)
	  Index Cond: ((id >= 5985054) AND (id <= 5985154))

table 7 : explain SELECT id, c FROM sbtest7 WHERE id BETWEEN 5985054 AND 5985154
	Index Scan using sbtest7_pkey on sbtest7  (cost=0.43..401.78 rows=101 width=125)
	  Index Cond: ((id >= 5985054) AND (id <= 5985154))

table 8 : explain SELECT id, c FROM sbtest8 WHERE id BETWEEN 5985054 AND 5985154
	Index Scan using sbtest8_pkey on sbtest8  (cost=0.43..406.96 rows=102 width=125)
	  Index Cond: ((id >= 5985054) AND (id <= 5985154))

explain: for range-notcovered :: explain SELECT id, c FROM sbtest%d WHERE id BETWEEN 3831642 AND 3831742
explain: for range-notcovered :: explain SELECT id, c FROM sbtest%d WHERE id BETWEEN 5985054 AND 5985154
for range-notcovered
table 1 : explain SELECT id, c FROM sbtest1 WHERE id BETWEEN 4945418 AND 4945518
	Index Scan using sbtest1_pkey on sbtest1  (cost=0.43..399.52 rows=100 width=125)
	  Index Cond: ((id >= 4945418) AND (id <= 4945518))

table 2 : explain SELECT id, c FROM sbtest2 WHERE id BETWEEN 4945418 AND 4945518
	Index Scan using sbtest2_pkey on sbtest2  (cost=0.43..391.60 rows=98 width=125)
	  Index Cond: ((id >= 4945418) AND (id <= 4945518))

table 3 : explain SELECT id, c FROM sbtest3 WHERE id BETWEEN 4945418 AND 4945518
	Index Scan using sbtest3_pkey on sbtest3  (cost=0.43..414.71 rows=104 width=125)
	  Index Cond: ((id >= 4945418) AND (id <= 4945518))

table 4 : explain SELECT id, c FROM sbtest4 WHERE id BETWEEN 4945418 AND 4945518
	Index Scan using sbtest4_pkey on sbtest4  (cost=0.43..414.38 rows=104 width=125)
	  Index Cond: ((id >= 4945418) AND (id <= 4945518))

table 5 : explain SELECT id, c FROM sbtest5 WHERE id BETWEEN 4945418 AND 4945518
	Index Scan using sbtest5_pkey on sbtest5  (cost=0.43..347.28 rows=87 width=125)
	  Index Cond: ((id >= 4945418) AND (id <= 4945518))

table 6 : explain SELECT id, c FROM sbtest6 WHERE id BETWEEN 4945418 AND 4945518
	Index Scan using sbtest6_pkey on sbtest6  (cost=0.43..465.31 rows=117 width=125)
	  Index Cond: ((id >= 4945418) AND (id <= 4945518))

table 7 : explain SELECT id, c FROM sbtest7 WHERE id BETWEEN 4945418 AND 4945518
	Index Scan using sbtest7_pkey on sbtest7  (cost=0.43..366.37 rows=92 width=125)
	  Index Cond: ((id >= 4945418) AND (id <= 4945518))

table 8 : explain SELECT id, c FROM sbtest8 WHERE id BETWEEN 4945418 AND 4945518
	Index Scan using sbtest8_pkey on sbtest8  (cost=0.43..399.07 rows=100 width=125)
	  Index Cond: ((id >= 4945418) AND (id <= 4945518))

for range-notcovered
table 1 : explain SELECT id, c FROM sbtest1 WHERE id BETWEEN 4647880 AND 4647980
	Index Scan using sbtest1_pkey on sbtest1  (cost=0.43..403.48 rows=101 width=125)
	  Index Cond: ((id >= 4647880) AND (id <= 4647980))

table 2 : explain SELECT id, c FROM sbtest2 WHERE id BETWEEN 4647880 AND 4647980
	Index Scan using sbtest2_pkey on sbtest2  (cost=0.43..442.96 rows=111 width=125)
	  Index Cond: ((id >= 4647880) AND (id <= 4647980))

table 3 : explain SELECT id, c FROM sbtest3 WHERE id BETWEEN 4647880 AND 4647980
	Index Scan using sbtest3_pkey on sbtest3  (cost=0.43..402.86 rows=101 width=125)
	  Index Cond: ((id >= 4647880) AND (id <= 4647980))

table 4 : explain SELECT id, c FROM sbtest4 WHERE id BETWEEN 4647880 AND 4647980
	Index Scan using sbtest4_pkey on sbtest4  (cost=0.43..386.78 rows=97 width=125)
	  Index Cond: ((id >= 4647880) AND (id <= 4647980))

table 5 : explain SELECT id, c FROM sbtest5 WHERE id BETWEEN 4647880 AND 4647980
	Index Scan using sbtest5_pkey on sbtest5  (cost=0.43..461.55 rows=116 width=125)
	  Index Cond: ((id >= 4647880) AND (id <= 4647980))

table 6 : explain SELECT id, c FROM sbtest6 WHERE id BETWEEN 4647880 AND 4647980
	Index Scan using sbtest6_pkey on sbtest6  (cost=0.43..402.31 rows=101 width=125)
	  Index Cond: ((id >= 4647880) AND (id <= 4647980))

table 7 : explain SELECT id, c FROM sbtest7 WHERE id BETWEEN 4647880 AND 4647980
	Index Scan using sbtest7_pkey on sbtest7  (cost=0.43..386.03 rows=97 width=125)
	  Index Cond: ((id >= 4647880) AND (id <= 4647980))

table 8 : explain SELECT id, c FROM sbtest8 WHERE id BETWEEN 4647880 AND 4647980
	Index Scan using sbtest8_pkey on sbtest8  (cost=0.43..403.02 rows=101 width=125)
	  Index Cond: ((id >= 4647880) AND (id <= 4647980))

for range-notcovered
table 1 : explain SELECT id, c FROM sbtest1 WHERE id BETWEEN 3435311 AND 3435411
	Index Scan using sbtest1_pkey on sbtest1  (cost=0.43..367.92 rows=92 width=125)
	  Index Cond: ((id >= 3435311) AND (id <= 3435411))

table 2 : explain SELECT id, c FROM sbtest2 WHERE id BETWEEN 3435311 AND 3435411
	Index Scan using sbtest2_pkey on sbtest2  (cost=0.43..399.52 rows=100 width=125)
	  Index Cond: ((id >= 3435311) AND (id <= 3435411))

table 3 : explain SELECT id, c FROM sbtest3 WHERE id BETWEEN 3435311 AND 3435411
	Index Scan using sbtest3_pkey on sbtest3  (cost=0.43..406.82 rows=102 width=125)
	  Index Cond: ((id >= 3435311) AND (id <= 3435411))

table 4 : explain SELECT id, c FROM sbtest4 WHERE id BETWEEN 3435311 AND 3435411
	Index Scan using sbtest4_pkey on sbtest4  (cost=0.43..367.08 rows=92 width=125)
	  Index Cond: ((id >= 3435311) AND (id <= 3435411))

table 5 : explain SELECT id, c FROM sbtest5 WHERE id BETWEEN 3435311 AND 3435411
	Index Scan using sbtest5_pkey on sbtest5  (cost=0.43..402.45 rows=101 width=125)
	  Index Cond: ((id >= 3435311) AND (id <= 3435411))

table 6 : explain SELECT id, c FROM sbtest6 WHERE id BETWEEN 3435311 AND 3435411
	Index Scan using sbtest6_pkey on sbtest6  (cost=0.43..406.25 rows=102 width=125)
	  Index Cond: ((id >= 3435311) AND (id <= 3435411))

table 7 : explain SELECT id, c FROM sbtest7 WHERE id BETWEEN 3435311 AND 3435411
	Index Scan using sbtest7_pkey on sbtest7  (cost=0.43..441.11 rows=111 width=125)
	  Index Cond: ((id >= 3435311) AND (id <= 3435411))

table 8 : explain SELECT id, c FROM sbtest8 WHERE id BETWEEN 3435311 AND 3435411
	Index Scan using sbtest8_pkey on sbtest8  (cost=0.43..383.27 rows=96 width=125)
	  Index Cond: ((id >= 3435311) AND (id <= 3435411))

explain: for range-notcovered :: explain SELECT id, c FROM sbtest%d WHERE id BETWEEN 4945418 AND 4945518
for range-notcovered
table 1 : explain SELECT id, c FROM sbtest1 WHERE id BETWEEN 4401218 AND 4401318
	Index Scan using sbtest1_pkey on sbtest1  (cost=0.43..383.72 rows=96 width=125)
	  Index Cond: ((id >= 4401218) AND (id <= 4401318))

table 2 : explain SELECT id, c FROM sbtest2 WHERE id BETWEEN 4401218 AND 4401318
	Index Scan using sbtest2_pkey on sbtest2  (cost=0.43..375.80 rows=94 width=125)
	  Index Cond: ((id >= 4401218) AND (id <= 4401318))

table 3 : explain SELECT id, c FROM sbtest3 WHERE id BETWEEN 4401218 AND 4401318
	Index Scan using sbtest3_pkey on sbtest3  (cost=0.43..359.48 rows=90 width=125)
	  Index Cond: ((id >= 4401218) AND (id <= 4401318))

table 4 : explain SELECT id, c FROM sbtest4 WHERE id BETWEEN 4401218 AND 4401318
	Index Scan using sbtest4_pkey on sbtest4  (cost=0.43..390.72 rows=98 width=125)
	  Index Cond: ((id >= 4401218) AND (id <= 4401318))

table 5 : explain SELECT id, c FROM sbtest5 WHERE id BETWEEN 4401218 AND 4401318
	Index Scan using sbtest5_pkey on sbtest5  (cost=0.43..366.98 rows=92 width=125)
	  Index Cond: ((id >= 4401218) AND (id <= 4401318))

table 6 : explain SELECT id, c FROM sbtest6 WHERE id BETWEEN 4401218 AND 4401318
	Index Scan using sbtest6_pkey on sbtest6  (cost=0.43..394.41 rows=99 width=125)
	  Index Cond: ((id >= 4401218) AND (id <= 4401318))

table 7 : explain SELECT id, c FROM sbtest7 WHERE id BETWEEN 4401218 AND 4401318
	Index Scan using sbtest7_pkey on sbtest7  (cost=0.43..378.16 rows=95 width=125)
	  Index Cond: ((id >= 4401218) AND (id <= 4401318))

table 8 : explain SELECT id, c FROM sbtest8 WHERE id BETWEEN 4401218 AND 4401318
	Index Scan using sbtest8_pkey on sbtest8  (cost=0.43..363.55 rows=91 width=125)
	  Index Cond: ((id >= 4401218) AND (id <= 4401318))

explain: for range-notcovered :: explain SELECT id, c FROM sbtest%d WHERE id BETWEEN 4647880 AND 4647980
explain: for range-notcovered :: explain SELECT id, c FROM sbtest%d WHERE id BETWEEN 3435311 AND 3435411
for range-notcovered
table 1 : explain SELECT id, c FROM sbtest1 WHERE id BETWEEN 3484036 AND 3484136
	Index Scan using sbtest1_pkey on sbtest1  (cost=0.43..367.92 rows=92 width=125)
	  Index Cond: ((id >= 3484036) AND (id <= 3484136))

table 2 : explain SELECT id, c FROM sbtest2 WHERE id BETWEEN 3484036 AND 3484136
	Index Scan using sbtest2_pkey on sbtest2  (cost=0.43..399.52 rows=100 width=125)
	  Index Cond: ((id >= 3484036) AND (id <= 3484136))

table 3 : explain SELECT id, c FROM sbtest3 WHERE id BETWEEN 3484036 AND 3484136
	Index Scan using sbtest3_pkey on sbtest3  (cost=0.43..398.92 rows=100 width=125)
	  Index Cond: ((id >= 3484036) AND (id <= 3484136))

table 4 : explain SELECT id, c FROM sbtest4 WHERE id BETWEEN 3484036 AND 3484136
	Index Scan using sbtest4_pkey on sbtest4  (cost=0.43..367.08 rows=92 width=125)
	  Index Cond: ((id >= 3484036) AND (id <= 3484136))

table 5 : explain SELECT id, c FROM sbtest5 WHERE id BETWEEN 3484036 AND 3484136
	Index Scan using sbtest5_pkey on sbtest5  (cost=0.43..359.10 rows=90 width=125)
	  Index Cond: ((id >= 3484036) AND (id <= 3484136))

table 6 : explain SELECT id, c FROM sbtest6 WHERE id BETWEEN 3484036 AND 3484136
	Index Scan using sbtest6_pkey on sbtest6  (cost=0.43..406.25 rows=102 width=125)
	  Index Cond: ((id >= 3484036) AND (id <= 3484136))

table 7 : explain SELECT id, c FROM sbtest7 WHERE id BETWEEN 3484036 AND 3484136
	Index Scan using sbtest7_pkey on sbtest7  (cost=0.43..409.65 rows=103 width=125)
	  Index Cond: ((id >= 3484036) AND (id <= 3484136))

table 8 : explain SELECT id, c FROM sbtest8 WHERE id BETWEEN 3484036 AND 3484136
	Index Scan using sbtest8_pkey on sbtest8  (cost=0.43..414.85 rows=104 width=125)
	  Index Cond: ((id >= 3484036) AND (id <= 3484136))

for range-notcovered
table 1 : explain SELECT id, c FROM sbtest1 WHERE id BETWEEN 3079383 AND 3079483
	Index Scan using sbtest1_pkey on sbtest1  (cost=0.43..407.43 rows=102 width=125)
	  Index Cond: ((id >= 3079383) AND (id <= 3079483))

table 2 : explain SELECT id, c FROM sbtest2 WHERE id BETWEEN 3079383 AND 3079483
	Index Scan using sbtest2_pkey on sbtest2  (cost=0.43..399.52 rows=100 width=125)
	  Index Cond: ((id >= 3079383) AND (id <= 3079483))

table 3 : explain SELECT id, c FROM sbtest3 WHERE id BETWEEN 3079383 AND 3079483
	Index Scan using sbtest3_pkey on sbtest3  (cost=0.43..394.97 rows=99 width=125)
	  Index Cond: ((id >= 3079383) AND (id <= 3079483))

table 4 : explain SELECT id, c FROM sbtest4 WHERE id BETWEEN 3079383 AND 3079483
	Index Scan using sbtest4_pkey on sbtest4  (cost=0.43..422.26 rows=106 width=125)
	  Index Cond: ((id >= 3079383) AND (id <= 3079483))

table 5 : explain SELECT id, c FROM sbtest5 WHERE id BETWEEN 3079383 AND 3079483
	Index Scan using sbtest5_pkey on sbtest5  (cost=0.43..437.91 rows=110 width=125)
	  Index Cond: ((id >= 3079383) AND (id <= 3079483))

table 6 : explain SELECT id, c FROM sbtest6 WHERE id BETWEEN 3079383 AND 3079483
	Index Scan using sbtest6_pkey on sbtest6  (cost=0.43..398.37 rows=100 width=125)
	  Index Cond: ((id >= 3079383) AND (id <= 3079483))

table 7 : explain SELECT id, c FROM sbtest7 WHERE id BETWEEN 3079383 AND 3079483
	Index Scan using sbtest7_pkey on sbtest7  (cost=0.43..417.51 rows=105 width=125)
	  Index Cond: ((id >= 3079383) AND (id <= 3079483))

table 8 : explain SELECT id, c FROM sbtest8 WHERE id BETWEEN 3079383 AND 3079483
	Index Scan using sbtest8_pkey on sbtest8  (cost=0.43..418.80 rows=105 width=125)
	  Index Cond: ((id >= 3079383) AND (id <= 3079483))

explain: for range-notcovered :: explain SELECT id, c FROM sbtest%d WHERE id BETWEEN 3484036 AND 3484136
explain: for range-notcovered :: explain SELECT id, c FROM sbtest%d WHERE id BETWEEN 3079383 AND 3079483
for range-notcovered
table 1 : explain SELECT id, c FROM sbtest1 WHERE id BETWEEN 3831642 AND 3831742
	Index Scan using sbtest1_pkey on sbtest1  (cost=0.43..407.43 rows=102 width=125)
	  Index Cond: ((id >= 3831642) AND (id <= 3831742))

table 2 : explain SELECT id, c FROM sbtest2 WHERE id BETWEEN 3831642 AND 3831742
	Index Scan using sbtest2_pkey on sbtest2  (cost=0.43..411.37 rows=103 width=125)
	  Index Cond: ((id >= 3831642) AND (id <= 3831742))

table 3 : explain SELECT id, c FROM sbtest3 WHERE id BETWEEN 3831642 AND 3831742
	Index Scan using sbtest3_pkey on sbtest3  (cost=0.43..379.20 rows=95 width=125)
	  Index Cond: ((id >= 3831642) AND (id <= 3831742))

table 4 : explain SELECT id, c FROM sbtest4 WHERE id BETWEEN 3831642 AND 3831742
	Index Scan using sbtest4_pkey on sbtest4  (cost=0.43..378.90 rows=95 width=125)
	  Index Cond: ((id >= 3831642) AND (id <= 3831742))

table 5 : explain SELECT id, c FROM sbtest5 WHERE id BETWEEN 3831642 AND 3831742
	Index Scan using sbtest5_pkey on sbtest5  (cost=0.43..410.33 rows=103 width=125)
	  Index Cond: ((id >= 3831642) AND (id <= 3831742))

table 6 : explain SELECT id, c FROM sbtest6 WHERE id BETWEEN 3831642 AND 3831742
	Index Scan using sbtest6_pkey on sbtest6  (cost=0.43..366.85 rows=92 width=125)
	  Index Cond: ((id >= 3831642) AND (id <= 3831742))

table 7 : explain SELECT id, c FROM sbtest7 WHERE id BETWEEN 3831642 AND 3831742
	Index Scan using sbtest7_pkey on sbtest7  (cost=0.43..354.57 rows=89 width=125)
	  Index Cond: ((id >= 3831642) AND (id <= 3831742))

table 8 : explain SELECT id, c FROM sbtest8 WHERE id BETWEEN 3831642 AND 3831742
	Index Scan using sbtest8_pkey on sbtest8  (cost=0.43..387.22 rows=97 width=125)
	  Index Cond: ((id >= 3831642) AND (id <= 3831742))

for range-notcovered
table 1 : explain SELECT id, c FROM sbtest1 WHERE id BETWEEN 5985054 AND 5985154
	Index Scan using sbtest1_pkey on sbtest1  (cost=0.43..379.77 rows=95 width=125)
	  Index Cond: ((id >= 5985054) AND (id <= 5985154))

table 2 : explain SELECT id, c FROM sbtest2 WHERE id BETWEEN 5985054 AND 5985154
	Index Scan using sbtest2_pkey on sbtest2  (cost=0.43..415.32 rows=104 width=125)
	  Index Cond: ((id >= 5985054) AND (id <= 5985154))

table 3 : explain SELECT id, c FROM sbtest3 WHERE id BETWEEN 5985054 AND 5985154
	Index Scan using sbtest3_pkey on sbtest3  (cost=0.43..391.03 rows=98 width=125)
	  Index Cond: ((id >= 5985054) AND (id <= 5985154))

table 4 : explain SELECT id, c FROM sbtest4 WHERE id BETWEEN 5985054 AND 5985154
	Index Scan using sbtest4_pkey on sbtest4  (cost=0.43..402.56 rows=101 width=125)
	  Index Cond: ((id >= 5985054) AND (id <= 5985154))

table 5 : explain SELECT id, c FROM sbtest5 WHERE id BETWEEN 5985054 AND 5985154
	Index Scan using sbtest5_pkey on sbtest5  (cost=0.43..394.58 rows=99 width=125)
	  Index Cond: ((id >= 5985054) AND (id <= 5985154))

table 6 : explain SELECT id, c FROM sbtest6 WHERE id BETWEEN 5985054 AND 5985154
	Index Scan using sbtest6_pkey on sbtest6  (cost=0.43..358.97 rows=90 width=125)
	  Index Cond: ((id >= 5985054) AND (id <= 5985154))

table 7 : explain SELECT id, c FROM sbtest7 WHERE id BETWEEN 5985054 AND 5985154
	Index Scan using sbtest7_pkey on sbtest7  (cost=0.43..401.78 rows=101 width=125)
	  Index Cond: ((id >= 5985054) AND (id <= 5985154))

table 8 : explain SELECT id, c FROM sbtest8 WHERE id BETWEEN 5985054 AND 5985154
	Index Scan using sbtest8_pkey on sbtest8  (cost=0.43..406.96 rows=102 width=125)
	  Index Cond: ((id >= 5985054) AND (id <= 5985154))

explain: for range-notcovered :: explain SELECT id, c FROM sbtest%d WHERE id BETWEEN 3831642 AND 3831742
explain: for range-notcovered :: explain SELECT id, c FROM sbtest%d WHERE id BETWEEN 5985054 AND 5985154
for range-notcovered
table 1 : explain SELECT id, c FROM sbtest1 WHERE id BETWEEN 4647880 AND 4647980
	Index Scan using sbtest1_pkey on sbtest1  (cost=0.43..403.48 rows=101 width=125)
	  Index Cond: ((id >= 4647880) AND (id <= 4647980))

table 2 : explain SELECT id, c FROM sbtest2 WHERE id BETWEEN 4647880 AND 4647980
	Index Scan using sbtest2_pkey on sbtest2  (cost=0.43..442.96 rows=111 width=125)
	  Index Cond: ((id >= 4647880) AND (id <= 4647980))

table 3 : explain SELECT id, c FROM sbtest3 WHERE id BETWEEN 4647880 AND 4647980
	Index Scan using sbtest3_pkey on sbtest3  (cost=0.43..402.86 rows=101 width=125)
	  Index Cond: ((id >= 4647880) AND (id <= 4647980))

table 4 : explain SELECT id, c FROM sbtest4 WHERE id BETWEEN 4647880 AND 4647980
	Index Scan using sbtest4_pkey on sbtest4  (cost=0.43..386.78 rows=97 width=125)
	  Index Cond: ((id >= 4647880) AND (id <= 4647980))

table 5 : explain SELECT id, c FROM sbtest5 WHERE id BETWEEN 4647880 AND 4647980
	Index Scan using sbtest5_pkey on sbtest5  (cost=0.43..461.55 rows=116 width=125)
	  Index Cond: ((id >= 4647880) AND (id <= 4647980))

table 6 : explain SELECT id, c FROM sbtest6 WHERE id BETWEEN 4647880 AND 4647980
	Index Scan using sbtest6_pkey on sbtest6  (cost=0.43..402.31 rows=101 width=125)
	  Index Cond: ((id >= 4647880) AND (id <= 4647980))

table 7 : explain SELECT id, c FROM sbtest7 WHERE id BETWEEN 4647880 AND 4647980
	Index Scan using sbtest7_pkey on sbtest7  (cost=0.43..386.03 rows=97 width=125)
	  Index Cond: ((id >= 4647880) AND (id <= 4647980))

table 8 : explain SELECT id, c FROM sbtest8 WHERE id BETWEEN 4647880 AND 4647980
	Index Scan using sbtest8_pkey on sbtest8  (cost=0.43..403.02 rows=101 width=125)
	  Index Cond: ((id >= 4647880) AND (id <= 4647980))

for range-notcovered
table 1 : explain SELECT id, c FROM sbtest1 WHERE id BETWEEN 3435311 AND 3435411
	Index Scan using sbtest1_pkey on sbtest1  (cost=0.43..367.92 rows=92 width=125)
	  Index Cond: ((id >= 3435311) AND (id <= 3435411))

table 2 : explain SELECT id, c FROM sbtest2 WHERE id BETWEEN 3435311 AND 3435411
	Index Scan using sbtest2_pkey on sbtest2  (cost=0.43..399.52 rows=100 width=125)
	  Index Cond: ((id >= 3435311) AND (id <= 3435411))

table 3 : explain SELECT id, c FROM sbtest3 WHERE id BETWEEN 3435311 AND 3435411
	Index Scan using sbtest3_pkey on sbtest3  (cost=0.43..406.82 rows=102 width=125)
	  Index Cond: ((id >= 3435311) AND (id <= 3435411))

table 4 : explain SELECT id, c FROM sbtest4 WHERE id BETWEEN 3435311 AND 3435411
	Index Scan using sbtest4_pkey on sbtest4  (cost=0.43..367.08 rows=92 width=125)
	  Index Cond: ((id >= 3435311) AND (id <= 3435411))

table 5 : explain SELECT id, c FROM sbtest5 WHERE id BETWEEN 3435311 AND 3435411
	Index Scan using sbtest5_pkey on sbtest5  (cost=0.43..402.45 rows=101 width=125)
	  Index Cond: ((id >= 3435311) AND (id <= 3435411))

table 6 : explain SELECT id, c FROM sbtest6 WHERE id BETWEEN 3435311 AND 3435411
	Index Scan using sbtest6_pkey on sbtest6  (cost=0.43..406.25 rows=102 width=125)
	  Index Cond: ((id >= 3435311) AND (id <= 3435411))

table 7 : explain SELECT id, c FROM sbtest7 WHERE id BETWEEN 3435311 AND 3435411
	Index Scan using sbtest7_pkey on sbtest7  (cost=0.43..441.11 rows=111 width=125)
	  Index Cond: ((id >= 3435311) AND (id <= 3435411))

table 8 : explain SELECT id, c FROM sbtest8 WHERE id BETWEEN 3435311 AND 3435411
	Index Scan using sbtest8_pkey on sbtest8  (cost=0.43..383.27 rows=96 width=125)
	  Index Cond: ((id >= 3435311) AND (id <= 3435411))

for range-notcovered
table 1 : explain SELECT id, c FROM sbtest1 WHERE id BETWEEN 4945418 AND 4945518
	Index Scan using sbtest1_pkey on sbtest1  (cost=0.43..399.52 rows=100 width=125)
	  Index Cond: ((id >= 4945418) AND (id <= 4945518))

table 2 : explain SELECT id, c FROM sbtest2 WHERE id BETWEEN 4945418 AND 4945518
	Index Scan using sbtest2_pkey on sbtest2  (cost=0.43..391.60 rows=98 width=125)
	  Index Cond: ((id >= 4945418) AND (id <= 4945518))

table 3 : explain SELECT id, c FROM sbtest3 WHERE id BETWEEN 4945418 AND 4945518
	Index Scan using sbtest3_pkey on sbtest3  (cost=0.43..414.71 rows=104 width=125)
	  Index Cond: ((id >= 4945418) AND (id <= 4945518))

table 4 : explain SELECT id, c FROM sbtest4 WHERE id BETWEEN 4945418 AND 4945518
	Index Scan using sbtest4_pkey on sbtest4  (cost=0.43..414.38 rows=104 width=125)
	  Index Cond: ((id >= 4945418) AND (id <= 4945518))

table 5 : explain SELECT id, c FROM sbtest5 WHERE id BETWEEN 4945418 AND 4945518
	Index Scan using sbtest5_pkey on sbtest5  (cost=0.43..347.28 rows=87 width=125)
	  Index Cond: ((id >= 4945418) AND (id <= 4945518))

table 6 : explain SELECT id, c FROM sbtest6 WHERE id BETWEEN 4945418 AND 4945518
	Index Scan using sbtest6_pkey on sbtest6  (cost=0.43..465.31 rows=117 width=125)
	  Index Cond: ((id >= 4945418) AND (id <= 4945518))

table 7 : explain SELECT id, c FROM sbtest7 WHERE id BETWEEN 4945418 AND 4945518
	Index Scan using sbtest7_pkey on sbtest7  (cost=0.43..366.37 rows=92 width=125)
	  Index Cond: ((id >= 4945418) AND (id <= 4945518))

table 8 : explain SELECT id, c FROM sbtest8 WHERE id BETWEEN 4945418 AND 4945518
	Index Scan using sbtest8_pkey on sbtest8  (cost=0.43..399.07 rows=100 width=125)
	  Index Cond: ((id >= 4945418) AND (id <= 4945518))

for range-notcovered
table 1 : explain SELECT id, c FROM sbtest1 WHERE id BETWEEN 6857524 AND 6857624
	Index Scan using sbtest1_pkey on sbtest1  (cost=0.43..419.28 rows=105 width=125)
	  Index Cond: ((id >= 6857524) AND (id <= 6857624))

table 2 : explain SELECT id, c FROM sbtest2 WHERE id BETWEEN 6857524 AND 6857624
	Index Scan using sbtest2_pkey on sbtest2  (cost=0.43..395.55 rows=99 width=125)
	  Index Cond: ((id >= 6857524) AND (id <= 6857624))

table 3 : explain SELECT id, c FROM sbtest3 WHERE id BETWEEN 6857524 AND 6857624
	Index Scan using sbtest3_pkey on sbtest3  (cost=0.43..387.09 rows=97 width=125)
	  Index Cond: ((id >= 6857524) AND (id <= 6857624))

table 4 : explain SELECT id, c FROM sbtest4 WHERE id BETWEEN 6857524 AND 6857624
	Index Scan using sbtest4_pkey on sbtest4  (cost=0.43..402.56 rows=101 width=125)
	  Index Cond: ((id >= 6857524) AND (id <= 6857624))

table 5 : explain SELECT id, c FROM sbtest5 WHERE id BETWEEN 6857524 AND 6857624
	Index Scan using sbtest5_pkey on sbtest5  (cost=0.43..418.21 rows=105 width=125)
	  Index Cond: ((id >= 6857524) AND (id <= 6857624))

table 6 : explain SELECT id, c FROM sbtest6 WHERE id BETWEEN 6857524 AND 6857624
	Index Scan using sbtest6_pkey on sbtest6  (cost=0.43..382.60 rows=96 width=125)
	  Index Cond: ((id >= 6857524) AND (id <= 6857624))

table 7 : explain SELECT id, c FROM sbtest7 WHERE id BETWEEN 6857524 AND 6857624
	Index Scan using sbtest7_pkey on sbtest7  (cost=0.43..386.03 rows=97 width=125)
	  Index Cond: ((id >= 6857524) AND (id <= 6857624))

table 8 : explain SELECT id, c FROM sbtest8 WHERE id BETWEEN 6857524 AND 6857624
	Index Scan using sbtest8_pkey on sbtest8  (cost=0.43..418.80 rows=105 width=125)
	  Index Cond: ((id >= 6857524) AND (id <= 6857624))

explain: for range-notcovered :: explain SELECT id, c FROM sbtest%d WHERE id BETWEEN 4647880 AND 4647980for range-notcovered
table 1 : explain SELECT id, c FROM sbtest1 WHERE id BETWEEN 4793487 AND 4793587
	Index Scan using sbtest1_pkey on sbtest1  (cost=0.43..399.52 rows=100 width=125)
	  Index Cond: ((id >= 4793487) AND (id <= 4793587))

table 2 : explain SELECT id, c FROM sbtest2 WHERE id BETWEEN 4793487 AND 4793587
	Index Scan using sbtest2_pkey on sbtest2  (cost=0.43..371.85 rows=93 width=125)
	  Index Cond: ((id >= 4793487) AND (id <= 4793587))

table 3 : explain SELECT id, c FROM sbtest3 WHERE id BETWEEN 4793487 AND 4793587
	Index Scan using sbtest3_pkey on sbtest3  (cost=0.43..406.82 rows=102 width=125)
	  Index Cond: ((id >= 4793487) AND (id <= 4793587))

table 4 : explain SELECT id, c FROM sbtest4 WHERE id BETWEEN 4793487 AND 4793587
	Index Scan using sbtest4_pkey on sbtest4  (cost=0.43..394.66 rows=99 width=125)
	  Index Cond: ((id >= 4793487) AND (id <= 4793587))

table 5 : explain SELECT id, c FROM sbtest5 WHERE id BETWEEN 4793487 AND 4793587
	Index Scan using sbtest5_pkey on sbtest5  (cost=0.43..433.97 rows=109 width=125)
	  Index Cond: ((id >= 4793487) AND (id <= 4793587))

table 6 : explain SELECT id, c FROM sbtest6 WHERE id BETWEEN 4793487 AND 4793587
	Index Scan using sbtest6_pkey on sbtest6  (cost=0.43..382.60 rows=96 width=125)
	  Index Cond: ((id >= 4793487) AND (id <= 4793587))

table 7 : explain SELECT id, c FROM sbtest7 WHERE id BETWEEN 4793487 AND 4793587
	Index Scan using sbtest7_pkey on sbtest7  (cost=0.43..393.89 rows=99 width=125)
	  Index Cond: ((id >= 4793487) AND (id <= 4793587))

table 8 : explain SELECT id, c FROM sbtest8 WHERE id BETWEEN 4793487 AND 4793587
	Index Scan using sbtest8_pkey on sbtest8  (cost=0.43..410.91 rows=103 width=125)
	  Index Cond: ((id >= 4793487) AND (id <= 4793587))

explain: for range-notcovered :: explain SELECT id, c FROM sbtest%d WHERE id BETWEEN 4945418 AND 4945518

explain: for range-notcovered :: explain SELECT id, c FROM sbtest%d WHERE id BETWEEN 6857524 AND 6857624
for range-notcovered
table 1 : explain SELECT id, c FROM sbtest1 WHERE id BETWEEN 3626034 AND 3626134
	Index Scan using sbtest1_pkey on sbtest1  (cost=0.43..387.67 rows=97 width=125)
	  Index Cond: ((id >= 3626034) AND (id <= 3626134))

table 2 : explain SELECT id, c FROM sbtest2 WHERE id BETWEEN 3626034 AND 3626134
	Index Scan using sbtest2_pkey on sbtest2  (cost=0.43..427.17 rows=107 width=125)
	  Index Cond: ((id >= 3626034) AND (id <= 3626134))

table 3 : explain SELECT id, c FROM sbtest3 WHERE id BETWEEN 3626034 AND 3626134
	Index Scan using sbtest3_pkey on sbtest3  (cost=0.43..398.92 rows=100 width=125)
	  Index Cond: ((id >= 3626034) AND (id <= 3626134))

table 4 : explain SELECT id, c FROM sbtest4 WHERE id BETWEEN 3626034 AND 3626134
	Index Scan using sbtest4_pkey on sbtest4  (cost=0.43..406.50 rows=102 width=125)
	  Index Cond: ((id >= 3626034) AND (id <= 3626134))

table 5 : explain SELECT id, c FROM sbtest5 WHERE id BETWEEN 3626034 AND 3626134
	Index Scan using sbtest5_pkey on sbtest5  (cost=0.43..426.09 rows=107 width=125)
	  Index Cond: ((id >= 3626034) AND (id <= 3626134))

table 6 : explain SELECT id, c FROM sbtest6 WHERE id BETWEEN 3626034 AND 3626134
	Index Scan using sbtest6_pkey on sbtest6  (cost=0.43..422.00 rows=106 width=125)
	  Index Cond: ((id >= 3626034) AND (id <= 3626134))

table 7 : explain SELECT id, c FROM sbtest7 WHERE id BETWEEN 3626034 AND 3626134
	Index Scan using sbtest7_pkey on sbtest7  (cost=0.43..393.89 rows=99 width=125)
	  Index Cond: ((id >= 3626034) AND (id <= 3626134))

table 8 : explain SELECT id, c FROM sbtest8 WHERE id BETWEEN 3626034 AND 3626134
	Index Scan using sbtest8_pkey on sbtest8  (cost=0.43..414.85 rows=104 width=125)
	  Index Cond: ((id >= 3626034) AND (id <= 3626134))

explain: for range-notcovered :: explain SELECT id, c FROM sbtest%d WHERE id BETWEEN 3435311 AND 3435411
explain: for range-notcovered :: explain SELECT id, c FROM sbtest%d WHERE id BETWEEN 4793487 AND 4793587
for range-notcovered
table 1 : explain SELECT id, c FROM sbtest1 WHERE id BETWEEN 3079383 AND 3079483
	Index Scan using sbtest1_pkey on sbtest1  (cost=0.43..407.43 rows=102 width=125)
	  Index Cond: ((id >= 3079383) AND (id <= 3079483))

table 2 : explain SELECT id, c FROM sbtest2 WHERE id BETWEEN 3079383 AND 3079483
	Index Scan using sbtest2_pkey on sbtest2  (cost=0.43..399.52 rows=100 width=125)
	  Index Cond: ((id >= 3079383) AND (id <= 3079483))

table 3 : explain SELECT id, c FROM sbtest3 WHERE id BETWEEN 3079383 AND 3079483
	Index Scan using sbtest3_pkey on sbtest3  (cost=0.43..394.97 rows=99 width=125)
	  Index Cond: ((id >= 3079383) AND (id <= 3079483))

table 4 : explain SELECT id, c FROM sbtest4 WHERE id BETWEEN 3079383 AND 3079483
	Index Scan using sbtest4_pkey on sbtest4  (cost=0.43..422.26 rows=106 width=125)
	  Index Cond: ((id >= 3079383) AND (id <= 3079483))

table 5 : explain SELECT id, c FROM sbtest5 WHERE id BETWEEN 3079383 AND 3079483
	Index Scan using sbtest5_pkey on sbtest5  (cost=0.43..437.91 rows=110 width=125)
	  Index Cond: ((id >= 3079383) AND (id <= 3079483))

table 6 : explain SELECT id, c FROM sbtest6 WHERE id BETWEEN 3079383 AND 3079483
	Index Scan using sbtest6_pkey on sbtest6  (cost=0.43..398.37 rows=100 width=125)
	  Index Cond: ((id >= 3079383) AND (id <= 3079483))

table 7 : explain SELECT id, c FROM sbtest7 WHERE id BETWEEN 3079383 AND 3079483
	Index Scan using sbtest7_pkey on sbtest7  (cost=0.43..417.51 rows=105 width=125)
	  Index Cond: ((id >= 3079383) AND (id <= 3079483))

table 8 : explain SELECT id, c FROM sbtest8 WHERE id BETWEEN 3079383 AND 3079483
	Index Scan using sbtest8_pkey on sbtest8  (cost=0.43..418.80 rows=105 width=125)
	  Index Cond: ((id >= 3079383) AND (id <= 3079483))

for range-notcovered
table 1 : explain SELECT id, c FROM sbtest1 WHERE id BETWEEN 3484036 AND 3484136
	Index Scan using sbtest1_pkey on sbtest1  (cost=0.43..367.92 rows=92 width=125)
	  Index Cond: ((id >= 3484036) AND (id <= 3484136))

table 2 : explain SELECT id, c FROM sbtest2 WHERE id BETWEEN 3484036 AND 3484136
	Index Scan using sbtest2_pkey on sbtest2  (cost=0.43..399.52 rows=100 width=125)
	  Index Cond: ((id >= 3484036) AND (id <= 3484136))

table 3 : explain SELECT id, c FROM sbtest3 WHERE id BETWEEN 3484036 AND 3484136
	Index Scan using sbtest3_pkey on sbtest3  (cost=0.43..398.92 rows=100 width=125)
	  Index Cond: ((id >= 3484036) AND (id <= 3484136))

table 4 : explain SELECT id, c FROM sbtest4 WHERE id BETWEEN 3484036 AND 3484136
	Index Scan using sbtest4_pkey on sbtest4  (cost=0.43..367.08 rows=92 width=125)
	  Index Cond: ((id >= 3484036) AND (id <= 3484136))

table 5 : explain SELECT id, c FROM sbtest5 WHERE id BETWEEN 3484036 AND 3484136
	Index Scan using sbtest5_pkey on sbtest5  (cost=0.43..359.10 rows=90 width=125)
	  Index Cond: ((id >= 3484036) AND (id <= 3484136))

table 6 : explain SELECT id, c FROM sbtest6 WHERE id BETWEEN 3484036 AND 3484136
	Index Scan using sbtest6_pkey on sbtest6  (cost=0.43..406.25 rows=102 width=125)
	  Index Cond: ((id >= 3484036) AND (id <= 3484136))

table 7 : explain SELECT id, c FROM sbtest7 WHERE id BETWEEN 3484036 AND 3484136
	Index Scan using sbtest7_pkey on sbtest7  (cost=0.43..409.65 rows=103 width=125)
	  Index Cond: ((id >= 3484036) AND (id <= 3484136))

table 8 : explain SELECT id, c FROM sbtest8 WHERE id BETWEEN 3484036 AND 3484136
	Index Scan using sbtest8_pkey on sbtest8  (cost=0.43..414.85 rows=104 width=125)
	  Index Cond: ((id >= 3484036) AND (id <= 3484136))

explain: for range-notcovered :: explain SELECT id, c FROM sbtest%d WHERE id BETWEEN 3626034 AND 3626134
for range-notcovered
table 1 : explain SELECT id, c FROM sbtest1 WHERE id BETWEEN 8091861 AND 8091961
	Index Scan using sbtest1_pkey on sbtest1  (cost=0.43..379.77 rows=95 width=125)
	  Index Cond: ((id >= 8091861) AND (id <= 8091961))

table 2 : explain SELECT id, c FROM sbtest2 WHERE id BETWEEN 8091861 AND 8091961
	Index Scan using sbtest2_pkey on sbtest2  (cost=0.43..423.22 rows=106 width=125)
	  Index Cond: ((id >= 8091861) AND (id <= 8091961))

table 3 : explain SELECT id, c FROM sbtest3 WHERE id BETWEEN 8091861 AND 8091961
	Index Scan using sbtest3_pkey on sbtest3  (cost=0.43..418.66 rows=105 width=125)
	  Index Cond: ((id >= 8091861) AND (id <= 8091961))

table 4 : explain SELECT id, c FROM sbtest4 WHERE id BETWEEN 8091861 AND 8091961
	Index Scan using sbtest4_pkey on sbtest4  (cost=0.43..449.84 rows=113 width=125)
	  Index Cond: ((id >= 8091861) AND (id <= 8091961))

table 5 : explain SELECT id, c FROM sbtest5 WHERE id BETWEEN 8091861 AND 8091961
	Index Scan using sbtest5_pkey on sbtest5  (cost=0.43..402.45 rows=101 width=125)
	  Index Cond: ((id >= 8091861) AND (id <= 8091961))

table 6 : explain SELECT id, c FROM sbtest6 WHERE id BETWEEN 8091861 AND 8091961
	Index Scan using sbtest6_pkey on sbtest6  (cost=0.43..374.72 rows=94 width=125)
	  Index Cond: ((id >= 8091861) AND (id <= 8091961))

table 7 : explain SELECT id, c FROM sbtest7 WHERE id BETWEEN 8091861 AND 8091961
	Index Scan using sbtest7_pkey on sbtest7  (cost=0.43..397.83 rows=100 width=125)
	  Index Cond: ((id >= 8091861) AND (id <= 8091961))

table 8 : explain SELECT id, c FROM sbtest8 WHERE id BETWEEN 8091861 AND 8091961
	Index Scan using sbtest8_pkey on sbtest8  (cost=0.43..426.69 rows=107 width=125)
	  Index Cond: ((id >= 8091861) AND (id <= 8091961))

explain: for range-notcovered :: explain SELECT id, c FROM sbtest%d WHERE id BETWEEN 3079383 AND 3079483
explain: for range-notcovered :: explain SELECT id, c FROM sbtest%d WHERE id BETWEEN 3484036 AND 3484136
explain: for range-notcovered :: explain SELECT id, c FROM sbtest%d WHERE id BETWEEN 8091861 AND 8091961
for range-notcovered
table 1 : explain SELECT id, c FROM sbtest1 WHERE id BETWEEN 3831642 AND 3831742
	Index Scan using sbtest1_pkey on sbtest1  (cost=0.43..407.43 rows=102 width=125)
	  Index Cond: ((id >= 3831642) AND (id <= 3831742))

table 2 : explain SELECT id, c FROM sbtest2 WHERE id BETWEEN 3831642 AND 3831742
	Index Scan using sbtest2_pkey on sbtest2  (cost=0.43..411.37 rows=103 width=125)
	  Index Cond: ((id >= 3831642) AND (id <= 3831742))

table 3 : explain SELECT id, c FROM sbtest3 WHERE id BETWEEN 3831642 AND 3831742
	Index Scan using sbtest3_pkey on sbtest3  (cost=0.43..379.20 rows=95 width=125)
	  Index Cond: ((id >= 3831642) AND (id <= 3831742))

table 4 : explain SELECT id, c FROM sbtest4 WHERE id BETWEEN 3831642 AND 3831742
	Index Scan using sbtest4_pkey on sbtest4  (cost=0.43..378.90 rows=95 width=125)
	  Index Cond: ((id >= 3831642) AND (id <= 3831742))

table 5 : explain SELECT id, c FROM sbtest5 WHERE id BETWEEN 3831642 AND 3831742
	Index Scan using sbtest5_pkey on sbtest5  (cost=0.43..410.33 rows=103 width=125)
	  Index Cond: ((id >= 3831642) AND (id <= 3831742))

table 6 : explain SELECT id, c FROM sbtest6 WHERE id BETWEEN 3831642 AND 3831742
	Index Scan using sbtest6_pkey on sbtest6  (cost=0.43..366.85 rows=92 width=125)
	  Index Cond: ((id >= 3831642) AND (id <= 3831742))

table 7 : explain SELECT id, c FROM sbtest7 WHERE id BETWEEN 3831642 AND 3831742
	Index Scan using sbtest7_pkey on sbtest7  (cost=0.43..354.57 rows=89 width=125)
	  Index Cond: ((id >= 3831642) AND (id <= 3831742))

table 8 : explain SELECT id, c FROM sbtest8 WHERE id BETWEEN 3831642 AND 3831742
	Index Scan using sbtest8_pkey on sbtest8  (cost=0.43..387.22 rows=97 width=125)
	  Index Cond: ((id >= 3831642) AND (id <= 3831742))

for range-notcovered
table 1 : explain SELECT id, c FROM sbtest1 WHERE id BETWEEN 5985054 AND 5985154
	Index Scan using sbtest1_pkey on sbtest1  (cost=0.43..379.77 rows=95 width=125)
	  Index Cond: ((id >= 5985054) AND (id <= 5985154))

table 2 : explain SELECT id, c FROM sbtest2 WHERE id BETWEEN 5985054 AND 5985154
	Index Scan using sbtest2_pkey on sbtest2  (cost=0.43..415.32 rows=104 width=125)
	  Index Cond: ((id >= 5985054) AND (id <= 5985154))

table 3 : explain SELECT id, c FROM sbtest3 WHERE id BETWEEN 5985054 AND 5985154
	Index Scan using sbtest3_pkey on sbtest3  (cost=0.43..391.03 rows=98 width=125)
	  Index Cond: ((id >= 5985054) AND (id <= 5985154))

table 4 : explain SELECT id, c FROM sbtest4 WHERE id BETWEEN 5985054 AND 5985154
	Index Scan using sbtest4_pkey on sbtest4  (cost=0.43..402.56 rows=101 width=125)
	  Index Cond: ((id >= 5985054) AND (id <= 5985154))

table 5 : explain SELECT id, c FROM sbtest5 WHERE id BETWEEN 5985054 AND 5985154
	Index Scan using sbtest5_pkey on sbtest5  (cost=0.43..394.58 rows=99 width=125)
	  Index Cond: ((id >= 5985054) AND (id <= 5985154))

table 6 : explain SELECT id, c FROM sbtest6 WHERE id BETWEEN 5985054 AND 5985154
	Index Scan using sbtest6_pkey on sbtest6  (cost=0.43..358.97 rows=90 width=125)
	  Index Cond: ((id >= 5985054) AND (id <= 5985154))

table 7 : explain SELECT id, c FROM sbtest7 WHERE id BETWEEN 5985054 AND 5985154
	Index Scan using sbtest7_pkey on sbtest7  (cost=0.43..401.78 rows=101 width=125)
	  Index Cond: ((id >= 5985054) AND (id <= 5985154))

table 8 : explain SELECT id, c FROM sbtest8 WHERE id BETWEEN 5985054 AND 5985154
	Index Scan using sbtest8_pkey on sbtest8  (cost=0.43..406.96 rows=102 width=125)
	  Index Cond: ((id >= 5985054) AND (id <= 5985154))

explain: for range-notcovered :: explain SELECT id, c FROM sbtest%d WHERE id BETWEEN 3831642 AND 3831742
explain: for range-notcovered :: explain SELECT id, c FROM sbtest%d WHERE id BETWEEN 5985054 AND 5985154
for range-notcovered
table 1 : explain SELECT id, c FROM sbtest1 WHERE id BETWEEN 4945418 AND 4945518
	Index Scan using sbtest1_pkey on sbtest1  (cost=0.43..399.52 rows=100 width=125)
	  Index Cond: ((id >= 4945418) AND (id <= 4945518))

table 2 : explain SELECT id, c FROM sbtest2 WHERE id BETWEEN 4945418 AND 4945518
	Index Scan using sbtest2_pkey on sbtest2  (cost=0.43..391.60 rows=98 width=125)
	  Index Cond: ((id >= 4945418) AND (id <= 4945518))

table 3 : explain SELECT id, c FROM sbtest3 WHERE id BETWEEN 4945418 AND 4945518
	Index Scan using sbtest3_pkey on sbtest3  (cost=0.43..414.71 rows=104 width=125)
	  Index Cond: ((id >= 4945418) AND (id <= 4945518))

table 4 : explain SELECT id, c FROM sbtest4 WHERE id BETWEEN 4945418 AND 4945518
	Index Scan using sbtest4_pkey on sbtest4  (cost=0.43..414.38 rows=104 width=125)
	  Index Cond: ((id >= 4945418) AND (id <= 4945518))

table 5 : explain SELECT id, c FROM sbtest5 WHERE id BETWEEN 4945418 AND 4945518
	Index Scan using sbtest5_pkey on sbtest5  (cost=0.43..347.28 rows=87 width=125)
	  Index Cond: ((id >= 4945418) AND (id <= 4945518))

table 6 : explain SELECT id, c FROM sbtest6 WHERE id BETWEEN 4945418 AND 4945518
	Index Scan using sbtest6_pkey on sbtest6  (cost=0.43..465.31 rows=117 width=125)
	  Index Cond: ((id >= 4945418) AND (id <= 4945518))

table 7 : explain SELECT id, c FROM sbtest7 WHERE id BETWEEN 4945418 AND 4945518
	Index Scan using sbtest7_pkey on sbtest7  (cost=0.43..366.37 rows=92 width=125)
	  Index Cond: ((id >= 4945418) AND (id <= 4945518))

table 8 : explain SELECT id, c FROM sbtest8 WHERE id BETWEEN 4945418 AND 4945518
	Index Scan using sbtest8_pkey on sbtest8  (cost=0.43..399.07 rows=100 width=125)
	  Index Cond: ((id >= 4945418) AND (id <= 4945518))

explain: for range-notcovered :: explain SELECT id, c FROM sbtest%d WHERE id BETWEEN 4945418 AND 4945518
for range-notcovered
table 1 : explain SELECT id, c FROM sbtest1 WHERE id BETWEEN 3435311 AND 3435411
	Index Scan using sbtest1_pkey on sbtest1  (cost=0.43..367.92 rows=92 width=125)
	  Index Cond: ((id >= 3435311) AND (id <= 3435411))

table 2 : explain SELECT id, c FROM sbtest2 WHERE id BETWEEN 3435311 AND 3435411
	Index Scan using sbtest2_pkey on sbtest2  (cost=0.43..399.52 rows=100 width=125)
	  Index Cond: ((id >= 3435311) AND (id <= 3435411))

table 3 : explain SELECT id, c FROM sbtest3 WHERE id BETWEEN 3435311 AND 3435411
	Index Scan using sbtest3_pkey on sbtest3  (cost=0.43..406.82 rows=102 width=125)
	  Index Cond: ((id >= 3435311) AND (id <= 3435411))

table 4 : explain SELECT id, c FROM sbtest4 WHERE id BETWEEN 3435311 AND 3435411
	Index Scan using sbtest4_pkey on sbtest4  (cost=0.43..367.08 rows=92 width=125)
	  Index Cond: ((id >= 3435311) AND (id <= 3435411))

table 5 : explain SELECT id, c FROM sbtest5 WHERE id BETWEEN 3435311 AND 3435411
	Index Scan using sbtest5_pkey on sbtest5  (cost=0.43..402.45 rows=101 width=125)
	  Index Cond: ((id >= 3435311) AND (id <= 3435411))

table 6 : explain SELECT id, c FROM sbtest6 WHERE id BETWEEN 3435311 AND 3435411
	Index Scan using sbtest6_pkey on sbtest6  (cost=0.43..406.25 rows=102 width=125)
	  Index Cond: ((id >= 3435311) AND (id <= 3435411))

table 7 : explain SELECT id, c FROM sbtest7 WHERE id BETWEEN 3435311 AND 3435411
	Index Scan using sbtest7_pkey on sbtest7  (cost=0.43..441.11 rows=111 width=125)
	  Index Cond: ((id >= 3435311) AND (id <= 3435411))

table 8 : explain SELECT id, c FROM sbtest8 WHERE id BETWEEN 3435311 AND 3435411
	Index Scan using sbtest8_pkey on sbtest8  (cost=0.43..383.27 rows=96 width=125)
	  Index Cond: ((id >= 3435311) AND (id <= 3435411))

for range-notcovered
table 1 : explain SELECT id, c FROM sbtest1 WHERE id BETWEEN 4647880 AND 4647980
	Index Scan using sbtest1_pkey on sbtest1  (cost=0.43..403.48 rows=101 width=125)
	  Index Cond: ((id >= 4647880) AND (id <= 4647980))

table 2 : explain SELECT id, c FROM sbtest2 WHERE id BETWEEN 4647880 AND 4647980
	Index Scan using sbtest2_pkey on sbtest2  (cost=0.43..442.96 rows=111 width=125)
	  Index Cond: ((id >= 4647880) AND (id <= 4647980))

table 3 : explain SELECT id, c FROM sbtest3 WHERE id BETWEEN 4647880 AND 4647980
	Index Scan using sbtest3_pkey on sbtest3  (cost=0.43..402.86 rows=101 width=125)
	  Index Cond: ((id >= 4647880) AND (id <= 4647980))

table 4 : explain SELECT id, c FROM sbtest4 WHERE id BETWEEN 4647880 AND 4647980
	Index Scan using sbtest4_pkey on sbtest4  (cost=0.43..386.78 rows=97 width=125)
	  Index Cond: ((id >= 4647880) AND (id <= 4647980))

table 5 : explain SELECT id, c FROM sbtest5 WHERE id BETWEEN 4647880 AND 4647980
	Index Scan using sbtest5_pkey on sbtest5  (cost=0.43..461.55 rows=116 width=125)
	  Index Cond: ((id >= 4647880) AND (id <= 4647980))

table 6 : explain SELECT id, c FROM sbtest6 WHERE id BETWEEN 4647880 AND 4647980
	Index Scan using sbtest6_pkey on sbtest6  (cost=0.43..402.31 rows=101 width=125)
	  Index Cond: ((id >= 4647880) AND (id <= 4647980))

table 7 : explain SELECT id, c FROM sbtest7 WHERE id BETWEEN 4647880 AND 4647980
	Index Scan using sbtest7_pkey on sbtest7  (cost=0.43..386.03 rows=97 width=125)
	  Index Cond: ((id >= 4647880) AND (id <= 4647980))

table 8 : explain SELECT id, c FROM sbtest8 WHERE id BETWEEN 4647880 AND 4647980
	Index Scan using sbtest8_pkey on sbtest8  (cost=0.43..403.02 rows=101 width=125)
	  Index Cond: ((id >= 4647880) AND (id <= 4647980))

for range-notcovered
table 1 : explain SELECT id, c FROM sbtest1 WHERE id BETWEEN 6857524 AND 6857624
	Index Scan using sbtest1_pkey on sbtest1  (cost=0.43..419.28 rows=105 width=125)
	  Index Cond: ((id >= 6857524) AND (id <= 6857624))

table 2 : explain SELECT id, c FROM sbtest2 WHERE id BETWEEN 6857524 AND 6857624
	Index Scan using sbtest2_pkey on sbtest2  (cost=0.43..395.55 rows=99 width=125)
	  Index Cond: ((id >= 6857524) AND (id <= 6857624))

table 3 : explain SELECT id, c FROM sbtest3 WHERE id BETWEEN 6857524 AND 6857624
	Index Scan using sbtest3_pkey on sbtest3  (cost=0.43..387.09 rows=97 width=125)
	  Index Cond: ((id >= 6857524) AND (id <= 6857624))

table 4 : explain SELECT id, c FROM sbtest4 WHERE id BETWEEN 6857524 AND 6857624
	Index Scan using sbtest4_pkey on sbtest4  (cost=0.43..402.56 rows=101 width=125)
	  Index Cond: ((id >= 6857524) AND (id <= 6857624))

table 5 : explain SELECT id, c FROM sbtest5 WHERE id BETWEEN 6857524 AND 6857624
	Index Scan using sbtest5_pkey on sbtest5  (cost=0.43..418.21 rows=105 width=125)
	  Index Cond: ((id >= 6857524) AND (id <= 6857624))

table 6 : explain SELECT id, c FROM sbtest6 WHERE id BETWEEN 6857524 AND 6857624
	Index Scan using sbtest6_pkey on sbtest6  (cost=0.43..382.60 rows=96 width=125)
	  Index Cond: ((id >= 6857524) AND (id <= 6857624))

table 7 : explain SELECT id, c FROM sbtest7 WHERE id BETWEEN 6857524 AND 6857624
	Index Scan using sbtest7_pkey on sbtest7  (cost=0.43..386.03 rows=97 width=125)
	  Index Cond: ((id >= 6857524) AND (id <= 6857624))

table 8 : explain SELECT id, c FROM sbtest8 WHERE id BETWEEN 6857524 AND 6857624
	Index Scan using sbtest8_pkey on sbtest8  (cost=0.43..418.80 rows=105 width=125)
	  Index Cond: ((id >= 6857524) AND (id <= 6857624))

explain: for range-notcovered :: explain SELECT id, c FROM sbtest%d WHERE id BETWEEN 3435311 AND 3435411
for range-notcovered
table 1 : explain SELECT id, c FROM sbtest1 WHERE id BETWEEN 4793487 AND 4793587
	Index Scan using sbtest1_pkey on sbtest1  (cost=0.43..399.52 rows=100 width=125)
	  Index Cond: ((id >= 4793487) AND (id <= 4793587))

table 2 : explain SELECT id, c FROM sbtest2 WHERE id BETWEEN 4793487 AND 4793587
	Index Scan using sbtest2_pkey on sbtest2  (cost=0.43..371.85 rows=93 width=125)
	  Index Cond: ((id >= 4793487) AND (id <= 4793587))

table 3 : explain SELECT id, c FROM sbtest3 WHERE id BETWEEN 4793487 AND 4793587
	Index Scan using sbtest3_pkey on sbtest3  (cost=0.43..406.82 rows=102 width=125)
	  Index Cond: ((id >= 4793487) AND (id <= 4793587))

table 4 : explain SELECT id, c FROM sbtest4 WHERE id BETWEEN 4793487 AND 4793587
	Index Scan using sbtest4_pkey on sbtest4  (cost=0.43..394.66 rows=99 width=125)
	  Index Cond: ((id >= 4793487) AND (id <= 4793587))

table 5 : explain SELECT id, c FROM sbtest5 WHERE id BETWEEN 4793487 AND 4793587
	Index Scan using sbtest5_pkey on sbtest5  (cost=0.43..433.97 rows=109 width=125)
	  Index Cond: ((id >= 4793487) AND (id <= 4793587))

table 6 : explain SELECT id, c FROM sbtest6 WHERE id BETWEEN 4793487 AND 4793587
	Index Scan using sbtest6_pkey on sbtest6  (cost=0.43..382.60 rows=96 width=125)
	  Index Cond: ((id >= 4793487) AND (id <= 4793587))

table 7 : explain SELECT id, c FROM sbtest7 WHERE id BETWEEN 4793487 AND 4793587
	Index Scan using sbtest7_pkey on sbtest7  (cost=0.43..393.89 rows=99 width=125)
	  Index Cond: ((id >= 4793487) AND (id <= 4793587))

table 8 : explain SELECT id, c FROM sbtest8 WHERE id BETWEEN 4793487 AND 4793587
	Index Scan using sbtest8_pkey on sbtest8  (cost=0.43..410.91 rows=103 width=125)
	  Index Cond: ((id >= 4793487) AND (id <= 4793587))

for range-notcovered
table 1 : explain SELECT id, c FROM sbtest1 WHERE id BETWEEN 3484036 AND 3484136
	Index Scan using sbtest1_pkey on sbtest1  (cost=0.43..367.92 rows=92 width=125)
	  Index Cond: ((id >= 3484036) AND (id <= 3484136))

table 2 : explain SELECT id, c FROM sbtest2 WHERE id BETWEEN 3484036 AND 3484136
	Index Scan using sbtest2_pkey on sbtest2  (cost=0.43..399.52 rows=100 width=125)
	  Index Cond: ((id >= 3484036) AND (id <= 3484136))

table 3 : explain SELECT id, c FROM sbtest3 WHERE id BETWEEN 3484036 AND 3484136
	Index Scan using sbtest3_pkey on sbtest3  (cost=0.43..398.92 rows=100 width=125)
	  Index Cond: ((id >= 3484036) AND (id <= 3484136))

table 4 : explain SELECT id, c FROM sbtest4 WHERE id BETWEEN 3484036 AND 3484136
	Index Scan using sbtest4_pkey on sbtest4  (cost=0.43..367.08 rows=92 width=125)
	  Index Cond: ((id >= 3484036) AND (id <= 3484136))

table 5 : explain SELECT id, c FROM sbtest5 WHERE id BETWEEN 3484036 AND 3484136
	Index Scan using sbtest5_pkey on sbtest5  (cost=0.43..359.10 rows=90 width=125)
	  Index Cond: ((id >= 3484036) AND (id <= 3484136))

table 6 : explain SELECT id, c FROM sbtest6 WHERE id BETWEEN 3484036 AND 3484136
	Index Scan using sbtest6_pkey on sbtest6  (cost=0.43..406.25 rows=102 width=125)
	  Index Cond: ((id >= 3484036) AND (id <= 3484136))

table 7 : explain SELECT id, c FROM sbtest7 WHERE id BETWEEN 3484036 AND 3484136
	Index Scan using sbtest7_pkey on sbtest7  (cost=0.43..409.65 rows=103 width=125)
	  Index Cond: ((id >= 3484036) AND (id <= 3484136))

table 8 : explain SELECT id, c FROM sbtest8 WHERE id BETWEEN 3484036 AND 3484136
	Index Scan using sbtest8_pkey on sbtest8  (cost=0.43..414.85 rows=104 width=125)
	  Index Cond: ((id >= 3484036) AND (id <= 3484136))

for range-notcovered
table 1 : explain SELECT id, c FROM sbtest1 WHERE id BETWEEN 3079383 AND 3079483
	Index Scan using sbtest1_pkey on sbtest1  (cost=0.43..407.43 rows=102 width=125)
	  Index Cond: ((id >= 3079383) AND (id <= 3079483))

table 2 : explain SELECT id, c FROM sbtest2 WHERE id BETWEEN 3079383 AND 3079483
	Index Scan using sbtest2_pkey on sbtest2  (cost=0.43..399.52 rows=100 width=125)
	  Index Cond: ((id >= 3079383) AND (id <= 3079483))

table 3 : explain SELECT id, c FROM sbtest3 WHERE id BETWEEN 3079383 AND 3079483
	Index Scan using sbtest3_pkey on sbtest3  (cost=0.43..394.97 rows=99 width=125)
	  Index Cond: ((id >= 3079383) AND (id <= 3079483))

table 4 : explain SELECT id, c FROM sbtest4 WHERE id BETWEEN 3079383 AND 3079483
	Index Scan using sbtest4_pkey on sbtest4  (cost=0.43..422.26 rows=106 width=125)
	  Index Cond: ((id >= 3079383) AND (id <= 3079483))

table 5 : explain SELECT id, c FROM sbtest5 WHERE id BETWEEN 3079383 AND 3079483
	Index Scan using sbtest5_pkey on sbtest5  (cost=0.43..437.91 rows=110 width=125)
	  Index Cond: ((id >= 3079383) AND (id <= 3079483))

table 6 : explain SELECT id, c FROM sbtest6 WHERE id BETWEEN 3079383 AND 3079483
	Index Scan using sbtest6_pkey on sbtest6  (cost=0.43..398.37 rows=100 width=125)
	  Index Cond: ((id >= 3079383) AND (id <= 3079483))

table 7 : explain SELECT id, c FROM sbtest7 WHERE id BETWEEN 3079383 AND 3079483
	Index Scan using sbtest7_pkey on sbtest7  (cost=0.43..417.51 rows=105 width=125)
	  Index Cond: ((id >= 3079383) AND (id <= 3079483))

table 8 : explain SELECT id, c FROM sbtest8 WHERE id BETWEEN 3079383 AND 3079483
	Index Scan using sbtest8_pkey on sbtest8  (cost=0.43..418.80 rows=105 width=125)
	  Index Cond: ((id >= 3079383) AND (id <= 3079483))
explain: for range-notcovered :: explain SELECT id, c FROM sbtest%d WHERE id BETWEEN 6857524 AND 6857624

explain: for range-notcovered :: explain SELECT id, c FROM sbtest%d WHERE id BETWEEN 4793487 AND 4793587
explain: for range-notcovered :: explain SELECT id, c FROM sbtest%d WHERE id BETWEEN 3484036 AND 3484136
for range-notcovered
table 1 : explain SELECT id, c FROM sbtest1 WHERE id BETWEEN 3626034 AND 3626134
	Index Scan using sbtest1_pkey on sbtest1  (cost=0.43..387.67 rows=97 width=125)
	  Index Cond: ((id >= 3626034) AND (id <= 3626134))

table 2 : explain SELECT id, c FROM sbtest2 WHERE id BETWEEN 3626034 AND 3626134
	Index Scan using sbtest2_pkey on sbtest2  (cost=0.43..427.17 rows=107 width=125)
	  Index Cond: ((id >= 3626034) AND (id <= 3626134))

table 3 : explain SELECT id, c FROM sbtest3 WHERE id BETWEEN 3626034 AND 3626134
	Index Scan using sbtest3_pkey on sbtest3  (cost=0.43..398.92 rows=100 width=125)
	  Index Cond: ((id >= 3626034) AND (id <= 3626134))

table 4 : explain SELECT id, c FROM sbtest4 WHERE id BETWEEN 3626034 AND 3626134
	Index Scan using sbtest4_pkey on sbtest4  (cost=0.43..406.50 rows=102 width=125)
	  Index Cond: ((id >= 3626034) AND (id <= 3626134))

table 5 : explain SELECT id, c FROM sbtest5 WHERE id BETWEEN 3626034 AND 3626134
	Index Scan using sbtest5_pkey on sbtest5  (cost=0.43..426.09 rows=107 width=125)
	  Index Cond: ((id >= 3626034) AND (id <= 3626134))

table 6 : explain SELECT id, c FROM sbtest6 WHERE id BETWEEN 3626034 AND 3626134
	Index Scan using sbtest6_pkey on sbtest6  (cost=0.43..422.00 rows=106 width=125)
	  Index Cond: ((id >= 3626034) AND (id <= 3626134))

table 7 : explain SELECT id, c FROM sbtest7 WHERE id BETWEEN 3626034 AND 3626134
	Index Scan using sbtest7_pkey on sbtest7  (cost=0.43..393.89 rows=99 width=125)
	  Index Cond: ((id >= 3626034) AND (id <= 3626134))

table 8 : explain SELECT id, c FROM sbtest8 WHERE id BETWEEN 3626034 AND 3626134
	Index Scan using sbtest8_pkey on sbtest8  (cost=0.43..414.85 rows=104 width=125)
	  Index Cond: ((id >= 3626034) AND (id <= 3626134))

explain: for range-notcovered :: explain SELECT id, c FROM sbtest%d WHERE id BETWEEN 3079383 AND 3079483
for range-notcovered
table 1 : explain SELECT id, c FROM sbtest1 WHERE id BETWEEN 8091861 AND 8091961
	Index Scan using sbtest1_pkey on sbtest1  (cost=0.43..379.77 rows=95 width=125)
	  Index Cond: ((id >= 8091861) AND (id <= 8091961))

table 2 : explain SELECT id, c FROM sbtest2 WHERE id BETWEEN 8091861 AND 8091961
	Index Scan using sbtest2_pkey on sbtest2  (cost=0.43..423.22 rows=106 width=125)
	  Index Cond: ((id >= 8091861) AND (id <= 8091961))

table 3 : explain SELECT id, c FROM sbtest3 WHERE id BETWEEN 8091861 AND 8091961
	Index Scan using sbtest3_pkey on sbtest3  (cost=0.43..418.66 rows=105 width=125)
	  Index Cond: ((id >= 8091861) AND (id <= 8091961))

table 4 : explain SELECT id, c FROM sbtest4 WHERE id BETWEEN 8091861 AND 8091961
	Index Scan using sbtest4_pkey on sbtest4  (cost=0.43..449.84 rows=113 width=125)
	  Index Cond: ((id >= 8091861) AND (id <= 8091961))

table 5 : explain SELECT id, c FROM sbtest5 WHERE id BETWEEN 8091861 AND 8091961
	Index Scan using sbtest5_pkey on sbtest5  (cost=0.43..402.45 rows=101 width=125)
	  Index Cond: ((id >= 8091861) AND (id <= 8091961))

table 6 : explain SELECT id, c FROM sbtest6 WHERE id BETWEEN 8091861 AND 8091961
	Index Scan using sbtest6_pkey on sbtest6  (cost=0.43..374.72 rows=94 width=125)
	  Index Cond: ((id >= 8091861) AND (id <= 8091961))

table 7 : explain SELECT id, c FROM sbtest7 WHERE id BETWEEN 8091861 AND 8091961
	Index Scan using sbtest7_pkey on sbtest7  (cost=0.43..397.83 rows=100 width=125)
	  Index Cond: ((id >= 8091861) AND (id <= 8091961))

table 8 : explain SELECT id, c FROM sbtest8 WHERE id BETWEEN 8091861 AND 8091961
	Index Scan using sbtest8_pkey on sbtest8  (cost=0.43..426.69 rows=107 width=125)
	  Index Cond: ((id >= 8091861) AND (id <= 8091961))

explain: for range-notcovered :: explain SELECT id, c FROM sbtest%d WHERE id BETWEEN 4647880 AND 4647980
explain: for range-notcovered :: explain SELECT id, c FROM sbtest%d WHERE id BETWEEN 3626034 AND 3626134
explain: for range-notcovered :: explain SELECT id, c FROM sbtest%d WHERE id BETWEEN 8091861 AND 8091961
for range-notcovered
table 1 : explain SELECT id, c FROM sbtest1 WHERE id BETWEEN 3831642 AND 3831742
	Index Scan using sbtest1_pkey on sbtest1  (cost=0.43..407.43 rows=102 width=125)
	  Index Cond: ((id >= 3831642) AND (id <= 3831742))

table 2 : explain SELECT id, c FROM sbtest2 WHERE id BETWEEN 3831642 AND 3831742
	Index Scan using sbtest2_pkey on sbtest2  (cost=0.43..411.37 rows=103 width=125)
	  Index Cond: ((id >= 3831642) AND (id <= 3831742))

table 3 : explain SELECT id, c FROM sbtest3 WHERE id BETWEEN 3831642 AND 3831742
	Index Scan using sbtest3_pkey on sbtest3  (cost=0.43..379.20 rows=95 width=125)
	  Index Cond: ((id >= 3831642) AND (id <= 3831742))

table 4 : explain SELECT id, c FROM sbtest4 WHERE id BETWEEN 3831642 AND 3831742
	Index Scan using sbtest4_pkey on sbtest4  (cost=0.43..378.90 rows=95 width=125)
	  Index Cond: ((id >= 3831642) AND (id <= 3831742))

table 5 : explain SELECT id, c FROM sbtest5 WHERE id BETWEEN 3831642 AND 3831742
	Index Scan using sbtest5_pkey on sbtest5  (cost=0.43..410.33 rows=103 width=125)
	  Index Cond: ((id >= 3831642) AND (id <= 3831742))

table 6 : explain SELECT id, c FROM sbtest6 WHERE id BETWEEN 3831642 AND 3831742
	Index Scan using sbtest6_pkey on sbtest6  (cost=0.43..366.85 rows=92 width=125)
	  Index Cond: ((id >= 3831642) AND (id <= 3831742))

table 7 : explain SELECT id, c FROM sbtest7 WHERE id BETWEEN 3831642 AND 3831742
	Index Scan using sbtest7_pkey on sbtest7  (cost=0.43..354.57 rows=89 width=125)
	  Index Cond: ((id >= 3831642) AND (id <= 3831742))

table 8 : explain SELECT id, c FROM sbtest8 WHERE id BETWEEN 3831642 AND 3831742
	Index Scan using sbtest8_pkey on sbtest8  (cost=0.43..387.22 rows=97 width=125)
	  Index Cond: ((id >= 3831642) AND (id <= 3831742))

for range-notcovered
table 1 : explain SELECT id, c FROM sbtest1 WHERE id BETWEEN 5985054 AND 5985154
	Index Scan using sbtest1_pkey on sbtest1  (cost=0.43..379.77 rows=95 width=125)
	  Index Cond: ((id >= 5985054) AND (id <= 5985154))

table 2 : explain SELECT id, c FROM sbtest2 WHERE id BETWEEN 5985054 AND 5985154
	Index Scan using sbtest2_pkey on sbtest2  (cost=0.43..415.32 rows=104 width=125)
	  Index Cond: ((id >= 5985054) AND (id <= 5985154))

table 3 : explain SELECT id, c FROM sbtest3 WHERE id BETWEEN 5985054 AND 5985154
	Index Scan using sbtest3_pkey on sbtest3  (cost=0.43..391.03 rows=98 width=125)
	  Index Cond: ((id >= 5985054) AND (id <= 5985154))

table 4 : explain SELECT id, c FROM sbtest4 WHERE id BETWEEN 5985054 AND 5985154
	Index Scan using sbtest4_pkey on sbtest4  (cost=0.43..402.56 rows=101 width=125)
	  Index Cond: ((id >= 5985054) AND (id <= 5985154))

table 5 : explain SELECT id, c FROM sbtest5 WHERE id BETWEEN 5985054 AND 5985154
	Index Scan using sbtest5_pkey on sbtest5  (cost=0.43..394.58 rows=99 width=125)
	  Index Cond: ((id >= 5985054) AND (id <= 5985154))

table 6 : explain SELECT id, c FROM sbtest6 WHERE id BETWEEN 5985054 AND 5985154
	Index Scan using sbtest6_pkey on sbtest6  (cost=0.43..358.97 rows=90 width=125)
	  Index Cond: ((id >= 5985054) AND (id <= 5985154))

table 7 : explain SELECT id, c FROM sbtest7 WHERE id BETWEEN 5985054 AND 5985154
	Index Scan using sbtest7_pkey on sbtest7  (cost=0.43..401.78 rows=101 width=125)
	  Index Cond: ((id >= 5985054) AND (id <= 5985154))

table 8 : explain SELECT id, c FROM sbtest8 WHERE id BETWEEN 5985054 AND 5985154
	Index Scan using sbtest8_pkey on sbtest8  (cost=0.43..406.96 rows=102 width=125)
	  Index Cond: ((id >= 5985054) AND (id <= 5985154))

explain: for range-notcovered :: explain SELECT id, c FROM sbtest%d WHERE id BETWEEN 3831642 AND 3831742
explain: for range-notcovered :: explain SELECT id, c FROM sbtest%d WHERE id BETWEEN 5985054 AND 5985154
for range-notcovered
table 1 : explain SELECT id, c FROM sbtest1 WHERE id BETWEEN 4945418 AND 4945518
	Index Scan using sbtest1_pkey on sbtest1  (cost=0.43..399.52 rows=100 width=125)
	  Index Cond: ((id >= 4945418) AND (id <= 4945518))

table 2 : explain SELECT id, c FROM sbtest2 WHERE id BETWEEN 4945418 AND 4945518
	Index Scan using sbtest2_pkey on sbtest2  (cost=0.43..391.60 rows=98 width=125)
	  Index Cond: ((id >= 4945418) AND (id <= 4945518))

table 3 : explain SELECT id, c FROM sbtest3 WHERE id BETWEEN 4945418 AND 4945518
	Index Scan using sbtest3_pkey on sbtest3  (cost=0.43..414.71 rows=104 width=125)
	  Index Cond: ((id >= 4945418) AND (id <= 4945518))

table 4 : explain SELECT id, c FROM sbtest4 WHERE id BETWEEN 4945418 AND 4945518
	Index Scan using sbtest4_pkey on sbtest4  (cost=0.43..414.38 rows=104 width=125)
	  Index Cond: ((id >= 4945418) AND (id <= 4945518))

table 5 : explain SELECT id, c FROM sbtest5 WHERE id BETWEEN 4945418 AND 4945518
	Index Scan using sbtest5_pkey on sbtest5  (cost=0.43..347.28 rows=87 width=125)
	  Index Cond: ((id >= 4945418) AND (id <= 4945518))

table 6 : explain SELECT id, c FROM sbtest6 WHERE id BETWEEN 4945418 AND 4945518
	Index Scan using sbtest6_pkey on sbtest6  (cost=0.43..465.31 rows=117 width=125)
	  Index Cond: ((id >= 4945418) AND (id <= 4945518))

table 7 : explain SELECT id, c FROM sbtest7 WHERE id BETWEEN 4945418 AND 4945518
	Index Scan using sbtest7_pkey on sbtest7  (cost=0.43..366.37 rows=92 width=125)
	  Index Cond: ((id >= 4945418) AND (id <= 4945518))

table 8 : explain SELECT id, c FROM sbtest8 WHERE id BETWEEN 4945418 AND 4945518
	Index Scan using sbtest8_pkey on sbtest8  (cost=0.43..399.07 rows=100 width=125)
	  Index Cond: ((id >= 4945418) AND (id <= 4945518))

explain: for range-notcovered :: explain SELECT id, c FROM sbtest%d WHERE id BETWEEN 4945418 AND 4945518
for range-notcovered
table 1 : explain SELECT id, c FROM sbtest1 WHERE id BETWEEN 3435311 AND 3435411
	Index Scan using sbtest1_pkey on sbtest1  (cost=0.43..367.92 rows=92 width=125)
	  Index Cond: ((id >= 3435311) AND (id <= 3435411))

table 2 : explain SELECT id, c FROM sbtest2 WHERE id BETWEEN 3435311 AND 3435411
	Index Scan using sbtest2_pkey on sbtest2  (cost=0.43..399.52 rows=100 width=125)
	  Index Cond: ((id >= 3435311) AND (id <= 3435411))

table 3 : explain SELECT id, c FROM sbtest3 WHERE id BETWEEN 3435311 AND 3435411
	Index Scan using sbtest3_pkey on sbtest3  (cost=0.43..406.82 rows=102 width=125)
	  Index Cond: ((id >= 3435311) AND (id <= 3435411))

table 4 : explain SELECT id, c FROM sbtest4 WHERE id BETWEEN 3435311 AND 3435411
	Index Scan using sbtest4_pkey on sbtest4  (cost=0.43..367.08 rows=92 width=125)
	  Index Cond: ((id >= 3435311) AND (id <= 3435411))

table 5 : explain SELECT id, c FROM sbtest5 WHERE id BETWEEN 3435311 AND 3435411
	Index Scan using sbtest5_pkey on sbtest5  (cost=0.43..402.45 rows=101 width=125)
	  Index Cond: ((id >= 3435311) AND (id <= 3435411))

table 6 : explain SELECT id, c FROM sbtest6 WHERE id BETWEEN 3435311 AND 3435411
	Index Scan using sbtest6_pkey on sbtest6  (cost=0.43..406.25 rows=102 width=125)
	  Index Cond: ((id >= 3435311) AND (id <= 3435411))

table 7 : explain SELECT id, c FROM sbtest7 WHERE id BETWEEN 3435311 AND 3435411
	Index Scan using sbtest7_pkey on sbtest7  (cost=0.43..441.11 rows=111 width=125)
	  Index Cond: ((id >= 3435311) AND (id <= 3435411))

table 8 : explain SELECT id, c FROM sbtest8 WHERE id BETWEEN 3435311 AND 3435411
	Index Scan using sbtest8_pkey on sbtest8  (cost=0.43..383.27 rows=96 width=125)
	  Index Cond: ((id >= 3435311) AND (id <= 3435411))

explain: for range-notcovered :: explain SELECT id, c FROM sbtest%d WHERE id BETWEEN 3435311 AND 3435411
for range-notcovered
table 1 : explain SELECT id, c FROM sbtest1 WHERE id BETWEEN 6857524 AND 6857624
	Index Scan using sbtest1_pkey on sbtest1  (cost=0.43..419.28 rows=105 width=125)
	  Index Cond: ((id >= 6857524) AND (id <= 6857624))

table 2 : explain SELECT id, c FROM sbtest2 WHERE id BETWEEN 6857524 AND 6857624
	Index Scan using sbtest2_pkey on sbtest2  (cost=0.43..395.55 rows=99 width=125)
	  Index Cond: ((id >= 6857524) AND (id <= 6857624))

table 3 : explain SELECT id, c FROM sbtest3 WHERE id BETWEEN 6857524 AND 6857624
	Index Scan using sbtest3_pkey on sbtest3  (cost=0.43..387.09 rows=97 width=125)
	  Index Cond: ((id >= 6857524) AND (id <= 6857624))

table 4 : explain SELECT id, c FROM sbtest4 WHERE id BETWEEN 6857524 AND 6857624
	Index Scan using sbtest4_pkey on sbtest4  (cost=0.43..402.56 rows=101 width=125)
	  Index Cond: ((id >= 6857524) AND (id <= 6857624))

table 5 : explain SELECT id, c FROM sbtest5 WHERE id BETWEEN 6857524 AND 6857624
	Index Scan using sbtest5_pkey on sbtest5  (cost=0.43..418.21 rows=105 width=125)
	  Index Cond: ((id >= 6857524) AND (id <= 6857624))

table 6 : explain SELECT id, c FROM sbtest6 WHERE id BETWEEN 6857524 AND 6857624
	Index Scan using sbtest6_pkey on sbtest6  (cost=0.43..382.60 rows=96 width=125)
	  Index Cond: ((id >= 6857524) AND (id <= 6857624))

table 7 : explain SELECT id, c FROM sbtest7 WHERE id BETWEEN 6857524 AND 6857624
	Index Scan using sbtest7_pkey on sbtest7  (cost=0.43..386.03 rows=97 width=125)
	  Index Cond: ((id >= 6857524) AND (id <= 6857624))

table 8 : explain SELECT id, c FROM sbtest8 WHERE id BETWEEN 6857524 AND 6857624
	Index Scan using sbtest8_pkey on sbtest8  (cost=0.43..418.80 rows=105 width=125)
	  Index Cond: ((id >= 6857524) AND (id <= 6857624))

for range-notcovered
table 1 : explain SELECT id, c FROM sbtest1 WHERE id BETWEEN 3484036 AND 3484136
	Index Scan using sbtest1_pkey on sbtest1  (cost=0.43..367.92 rows=92 width=125)
	  Index Cond: ((id >= 3484036) AND (id <= 3484136))

table 2 : explain SELECT id, c FROM sbtest2 WHERE id BETWEEN 3484036 AND 3484136
	Index Scan using sbtest2_pkey on sbtest2  (cost=0.43..399.52 rows=100 width=125)
	  Index Cond: ((id >= 3484036) AND (id <= 3484136))

table 3 : explain SELECT id, c FROM sbtest3 WHERE id BETWEEN 3484036 AND 3484136
	Index Scan using sbtest3_pkey on sbtest3  (cost=0.43..398.92 rows=100 width=125)
	  Index Cond: ((id >= 3484036) AND (id <= 3484136))

table 4 : explain SELECT id, c FROM sbtest4 WHERE id BETWEEN 3484036 AND 3484136
	Index Scan using sbtest4_pkey on sbtest4  (cost=0.43..367.08 rows=92 width=125)
	  Index Cond: ((id >= 3484036) AND (id <= 3484136))

table 5 : explain SELECT id, c FROM sbtest5 WHERE id BETWEEN 3484036 AND 3484136
	Index Scan using sbtest5_pkey on sbtest5  (cost=0.43..359.10 rows=90 width=125)
	  Index Cond: ((id >= 3484036) AND (id <= 3484136))

table 6 : explain SELECT id, c FROM sbtest6 WHERE id BETWEEN 3484036 AND 3484136
	Index Scan using sbtest6_pkey on sbtest6  (cost=0.43..406.25 rows=102 width=125)
	  Index Cond: ((id >= 3484036) AND (id <= 3484136))

table 7 : explain SELECT id, c FROM sbtest7 WHERE id BETWEEN 3484036 AND 3484136
	Index Scan using sbtest7_pkey on sbtest7  (cost=0.43..409.65 rows=103 width=125)
	  Index Cond: ((id >= 3484036) AND (id <= 3484136))

table 8 : explain SELECT id, c FROM sbtest8 WHERE id BETWEEN 3484036 AND 3484136
	Index Scan using sbtest8_pkey on sbtest8  (cost=0.43..414.85 rows=104 width=125)
	  Index Cond: ((id >= 3484036) AND (id <= 3484136))

for range-notcovered
table 1 : explain SELECT id, c FROM sbtest1 WHERE id BETWEEN 3079383 AND 3079483
	Index Scan using sbtest1_pkey on sbtest1  (cost=0.43..407.43 rows=102 width=125)
	  Index Cond: ((id >= 3079383) AND (id <= 3079483))

table 2 : explain SELECT id, c FROM sbtest2 WHERE id BETWEEN 3079383 AND 3079483
	Index Scan using sbtest2_pkey on sbtest2  (cost=0.43..399.52 rows=100 width=125)
	  Index Cond: ((id >= 3079383) AND (id <= 3079483))

table 3 : explain SELECT id, c FROM sbtest3 WHERE id BETWEEN 3079383 AND 3079483
	Index Scan using sbtest3_pkey on sbtest3  (cost=0.43..394.97 rows=99 width=125)
	  Index Cond: ((id >= 3079383) AND (id <= 3079483))

table 4 : explain SELECT id, c FROM sbtest4 WHERE id BETWEEN 3079383 AND 3079483
	Index Scan using sbtest4_pkey on sbtest4  (cost=0.43..422.26 rows=106 width=125)
	  Index Cond: ((id >= 3079383) AND (id <= 3079483))

table 5 : explain SELECT id, c FROM sbtest5 WHERE id BETWEEN 3079383 AND 3079483
	Index Scan using sbtest5_pkey on sbtest5  (cost=0.43..437.91 rows=110 width=125)
	  Index Cond: ((id >= 3079383) AND (id <= 3079483))

table 6 : explain SELECT id, c FROM sbtest6 WHERE id BETWEEN 3079383 AND 3079483
	Index Scan using sbtest6_pkey on sbtest6  (cost=0.43..398.37 rows=100 width=125)
	  Index Cond: ((id >= 3079383) AND (id <= 3079483))

table 7 : explain SELECT id, c FROM sbtest7 WHERE id BETWEEN 3079383 AND 3079483
	Index Scan using sbtest7_pkey on sbtest7  (cost=0.43..417.51 rows=105 width=125)
	  Index Cond: ((id >= 3079383) AND (id <= 3079483))

table 8 : explain SELECT id, c FROM sbtest8 WHERE id BETWEEN 3079383 AND 3079483
	Index Scan using sbtest8_pkey on sbtest8  (cost=0.43..418.80 rows=105 width=125)
	  Index Cond: ((id >= 3079383) AND (id <= 3079483))

explain: for range-notcovered :: explain SELECT id, c FROM sbtest%d WHERE id BETWEEN 3484036 AND 3484136
explain: for range-notcovered :: explain SELECT id, c FROM sbtest%d WHERE id BETWEEN 6857524 AND 6857624
for range-notcovered
table 1 : explain SELECT id, c FROM sbtest1 WHERE id BETWEEN 4647880 AND 4647980
	Index Scan using sbtest1_pkey on sbtest1  (cost=0.43..403.48 rows=101 width=125)
	  Index Cond: ((id >= 4647880) AND (id <= 4647980))

table 2 : explain SELECT id, c FROM sbtest2 WHERE id BETWEEN 4647880 AND 4647980
	Index Scan using sbtest2_pkey on sbtest2  (cost=0.43..442.96 rows=111 width=125)
	  Index Cond: ((id >= 4647880) AND (id <= 4647980))

table 3 : explain SELECT id, c FROM sbtest3 WHERE id BETWEEN 4647880 AND 4647980
	Index Scan using sbtest3_pkey on sbtest3  (cost=0.43..402.86 rows=101 width=125)
	  Index Cond: ((id >= 4647880) AND (id <= 4647980))

table 4 : explain SELECT id, c FROM sbtest4 WHERE id BETWEEN 4647880 AND 4647980
	Index Scan using sbtest4_pkey on sbtest4  (cost=0.43..386.78 rows=97 width=125)
	  Index Cond: ((id >= 4647880) AND (id <= 4647980))

table 5 : explain SELECT id, c FROM sbtest5 WHERE id BETWEEN 4647880 AND 4647980
	Index Scan using sbtest5_pkey on sbtest5  (cost=0.43..461.55 rows=116 width=125)
	  Index Cond: ((id >= 4647880) AND (id <= 4647980))

table 6 : explain SELECT id, c FROM sbtest6 WHERE id BETWEEN 4647880 AND 4647980
	Index Scan using sbtest6_pkey on sbtest6  (cost=0.43..402.31 rows=101 width=125)
	  Index Cond: ((id >= 4647880) AND (id <= 4647980))

table 7 : explain SELECT id, c FROM sbtest7 WHERE id BETWEEN 4647880 AND 4647980
	Index Scan using sbtest7_pkey on sbtest7  (cost=0.43..386.03 rows=97 width=125)
	  Index Cond: ((id >= 4647880) AND (id <= 4647980))

table 8 : explain SELECT id, c FROM sbtest8 WHERE id BETWEEN 4647880 AND 4647980
	Index Scan using sbtest8_pkey on sbtest8  (cost=0.43..403.02 rows=101 width=125)
	  Index Cond: ((id >= 4647880) AND (id <= 4647980))

for range-notcovered
table 1 : explain SELECT id, c FROM sbtest1 WHERE id BETWEEN 8091861 AND 8091961
	Index Scan using sbtest1_pkey on sbtest1  (cost=0.43..379.77 rows=95 width=125)
	  Index Cond: ((id >= 8091861) AND (id <= 8091961))

table 2 : explain SELECT id, c FROM sbtest2 WHERE id BETWEEN 8091861 AND 8091961
	Index Scan using sbtest2_pkey on sbtest2  (cost=0.43..423.22 rows=106 width=125)
	  Index Cond: ((id >= 8091861) AND (id <= 8091961))

table 3 : explain SELECT id, c FROM sbtest3 WHERE id BETWEEN 8091861 AND 8091961
	Index Scan using sbtest3_pkey on sbtest3  (cost=0.43..418.66 rows=105 width=125)
	  Index Cond: ((id >= 8091861) AND (id <= 8091961))

table 4 : explain SELECT id, c FROM sbtest4 WHERE id BETWEEN 8091861 AND 8091961
	Index Scan using sbtest4_pkey on sbtest4  (cost=0.43..449.84 rows=113 width=125)
	  Index Cond: ((id >= 8091861) AND (id <= 8091961))

table 5 : explain SELECT id, c FROM sbtest5 WHERE id BETWEEN 8091861 AND 8091961
	Index Scan using sbtest5_pkey on sbtest5  (cost=0.43..402.45 rows=101 width=125)
	  Index Cond: ((id >= 8091861) AND (id <= 8091961))

table 6 : explain SELECT id, c FROM sbtest6 WHERE id BETWEEN 8091861 AND 8091961
	Index Scan using sbtest6_pkey on sbtest6  (cost=0.43..374.72 rows=94 width=125)
	  Index Cond: ((id >= 8091861) AND (id <= 8091961))

table 7 : explain SELECT id, c FROM sbtest7 WHERE id BETWEEN 8091861 AND 8091961
	Index Scan using sbtest7_pkey on sbtest7  (cost=0.43..397.83 rows=100 width=125)
	  Index Cond: ((id >= 8091861) AND (id <= 8091961))

table 8 : explain SELECT id, c FROM sbtest8 WHERE id BETWEEN 8091861 AND 8091961
	Index Scan using sbtest8_pkey on sbtest8  (cost=0.43..426.69 rows=107 width=125)
	  Index Cond: ((id >= 8091861) AND (id <= 8091961))

explain: for range-notcovered :: explain SELECT id, c FROM sbtest%d WHERE id BETWEEN 3079383 AND 3079483
explain: for range-notcovered :: explain SELECT id, c FROM sbtest%d WHERE id BETWEEN 4647880 AND 4647980
explain: for range-notcovered :: explain SELECT id, c FROM sbtest%d WHERE id BETWEEN 8091861 AND 8091961
for range-notcovered
table 1 : explain SELECT id, c FROM sbtest1 WHERE id BETWEEN 3831642 AND 3831742
	Index Scan using sbtest1_pkey on sbtest1  (cost=0.43..407.43 rows=102 width=125)
	  Index Cond: ((id >= 3831642) AND (id <= 3831742))

table 2 : explain SELECT id, c FROM sbtest2 WHERE id BETWEEN 3831642 AND 3831742
	Index Scan using sbtest2_pkey on sbtest2  (cost=0.43..411.37 rows=103 width=125)
	  Index Cond: ((id >= 3831642) AND (id <= 3831742))

table 3 : explain SELECT id, c FROM sbtest3 WHERE id BETWEEN 3831642 AND 3831742
	Index Scan using sbtest3_pkey on sbtest3  (cost=0.43..379.20 rows=95 width=125)
	  Index Cond: ((id >= 3831642) AND (id <= 3831742))

table 4 : explain SELECT id, c FROM sbtest4 WHERE id BETWEEN 3831642 AND 3831742
	Index Scan using sbtest4_pkey on sbtest4  (cost=0.43..378.90 rows=95 width=125)
	  Index Cond: ((id >= 3831642) AND (id <= 3831742))

table 5 : explain SELECT id, c FROM sbtest5 WHERE id BETWEEN 3831642 AND 3831742
	Index Scan using sbtest5_pkey on sbtest5  (cost=0.43..410.33 rows=103 width=125)
	  Index Cond: ((id >= 3831642) AND (id <= 3831742))

table 6 : explain SELECT id, c FROM sbtest6 WHERE id BETWEEN 3831642 AND 3831742
	Index Scan using sbtest6_pkey on sbtest6  (cost=0.43..366.85 rows=92 width=125)
	  Index Cond: ((id >= 3831642) AND (id <= 3831742))

table 7 : explain SELECT id, c FROM sbtest7 WHERE id BETWEEN 3831642 AND 3831742
	Index Scan using sbtest7_pkey on sbtest7  (cost=0.43..354.57 rows=89 width=125)
	  Index Cond: ((id >= 3831642) AND (id <= 3831742))

table 8 : explain SELECT id, c FROM sbtest8 WHERE id BETWEEN 3831642 AND 3831742
	Index Scan using sbtest8_pkey on sbtest8  (cost=0.43..387.22 rows=97 width=125)
	  Index Cond: ((id >= 3831642) AND (id <= 3831742))
for range-notcovered
table 1 : explain SELECT id, c FROM sbtest1 WHERE id BETWEEN 3626034 AND 3626134
	Index Scan using sbtest1_pkey on sbtest1  (cost=0.43..387.67 rows=97 width=125)
	  Index Cond: ((id >= 3626034) AND (id <= 3626134))

table 2 : explain SELECT id, c FROM sbtest2 WHERE id BETWEEN 3626034 AND 3626134
	Index Scan using sbtest2_pkey on sbtest2  (cost=0.43..427.17 rows=107 width=125)
	  Index Cond: ((id >= 3626034) AND (id <= 3626134))

table 3 : explain SELECT id, c FROM sbtest3 WHERE id BETWEEN 3626034 AND 3626134
	Index Scan using sbtest3_pkey on sbtest3  (cost=0.43..398.92 rows=100 width=125)
	  Index Cond: ((id >= 3626034) AND (id <= 3626134))

table 4 : explain SELECT id, c FROM sbtest4 WHERE id BETWEEN 3626034 AND 3626134
	Index Scan using sbtest4_pkey on sbtest4  (cost=0.43..406.50 rows=102 width=125)
	  Index Cond: ((id >= 3626034) AND (id <= 3626134))

table 5 : explain SELECT id, c FROM sbtest5 WHERE id BETWEEN 3626034 AND 3626134
	Index Scan using sbtest5_pkey on sbtest5  (cost=0.43..426.09 rows=107 width=125)
	  Index Cond: ((id >= 3626034) AND (id <= 3626134))

table 6 : explain SELECT id, c FROM sbtest6 WHERE id BETWEEN 3626034 AND 3626134
	Index Scan using sbtest6_pkey on sbtest6  (cost=0.43..422.00 rows=106 width=125)
	  Index Cond: ((id >= 3626034) AND (id <= 3626134))

table 7 : explain SELECT id, c FROM sbtest7 WHERE id BETWEEN 3626034 AND 3626134
	Index Scan using sbtest7_pkey on sbtest7  (cost=0.43..393.89 rows=99 width=125)
	  Index Cond: ((id >= 3626034) AND (id <= 3626134))

table 8 : explain SELECT id, c FROM sbtest8 WHERE id BETWEEN 3626034 AND 3626134
	Index Scan using sbtest8_pkey on sbtest8  (cost=0.43..414.85 rows=104 width=125)
	  Index Cond: ((id >= 3626034) AND (id <= 3626134))


for range-notcovered
table 1 : explain SELECT id, c FROM sbtest1 WHERE id BETWEEN 5985054 AND 5985154
	Index Scan using sbtest1_pkey on sbtest1  (cost=0.43..379.77 rows=95 width=125)
	  Index Cond: ((id >= 5985054) AND (id <= 5985154))

table 2 : explain SELECT id, c FROM sbtest2 WHERE id BETWEEN 5985054 AND 5985154
	Index Scan using sbtest2_pkey on sbtest2  (cost=0.43..415.32 rows=104 width=125)
	  Index Cond: ((id >= 5985054) AND (id <= 5985154))

table 3 : explain SELECT id, c FROM sbtest3 WHERE id BETWEEN 5985054 AND 5985154
	Index Scan using sbtest3_pkey on sbtest3  (cost=0.43..391.03 rows=98 width=125)
	  Index Cond: ((id >= 5985054) AND (id <= 5985154))

table 4 : explain SELECT id, c FROM sbtest4 WHERE id BETWEEN 5985054 AND 5985154
	Index Scan using sbtest4_pkey on sbtest4  (cost=0.43..402.56 rows=101 width=125)
	  Index Cond: ((id >= 5985054) AND (id <= 5985154))

table 5 : explain SELECT id, c FROM sbtest5 WHERE id BETWEEN 5985054 AND 5985154
	Index Scan using sbtest5_pkey on sbtest5  (cost=0.43..394.58 rows=99 width=125)
	  Index Cond: ((id >= 5985054) AND (id <= 5985154))

table 6 : explain SELECT id, c FROM sbtest6 WHERE id BETWEEN 5985054 AND 5985154
	Index Scan using sbtest6_pkey on sbtest6  (cost=0.43..358.97 rows=90 width=125)
	  Index Cond: ((id >= 5985054) AND (id <= 5985154))

table 7 : explain SELECT id, c FROM sbtest7 WHERE id BETWEEN 5985054 AND 5985154
	Index Scan using sbtest7_pkey on sbtest7  (cost=0.43..401.78 rows=101 width=125)
	  Index Cond: ((id >= 5985054) AND (id <= 5985154))

table 8 : explain SELECT id, c FROM sbtest8 WHERE id BETWEEN 5985054 AND 5985154
	Index Scan using sbtest8_pkey on sbtest8  (cost=0.43..406.96 rows=102 width=125)
	  Index Cond: ((id >= 5985054) AND (id <= 5985154))

explain: for range-notcovered :: explain SELECT id, c FROM sbtest%d WHERE id BETWEEN 3626034 AND 3626134
for range-notcovered
table 1 : explain SELECT id, c FROM sbtest1 WHERE id BETWEEN 4945418 AND 4945518
	Index Scan using sbtest1_pkey on sbtest1  (cost=0.43..399.52 rows=100 width=125)
	  Index Cond: ((id >= 4945418) AND (id <= 4945518))

table 2 : explain SELECT id, c FROM sbtest2 WHERE id BETWEEN 4945418 AND 4945518
	Index Scan using sbtest2_pkey on sbtest2  (cost=0.43..391.60 rows=98 width=125)
	  Index Cond: ((id >= 4945418) AND (id <= 4945518))

table 3 : explain SELECT id, c FROM sbtest3 WHERE id BETWEEN 4945418 AND 4945518
	Index Scan using sbtest3_pkey on sbtest3  (cost=0.43..414.71 rows=104 width=125)
	  Index Cond: ((id >= 4945418) AND (id <= 4945518))

table 4 : explain SELECT id, c FROM sbtest4 WHERE id BETWEEN 4945418 AND 4945518
	Index Scan using sbtest4_pkey on sbtest4  (cost=0.43..414.38 rows=104 width=125)
	  Index Cond: ((id >= 4945418) AND (id <= 4945518))

table 5 : explain SELECT id, c FROM sbtest5 WHERE id BETWEEN 4945418 AND 4945518
	Index Scan using sbtest5_pkey on sbtest5  (cost=0.43..347.28 rows=87 width=125)
	  Index Cond: ((id >= 4945418) AND (id <= 4945518))

table 6 : explain SELECT id, c FROM sbtest6 WHERE id BETWEEN 4945418 AND 4945518
	Index Scan using sbtest6_pkey on sbtest6  (cost=0.43..465.31 rows=117 width=125)
	  Index Cond: ((id >= 4945418) AND (id <= 4945518))

table 7 : explain SELECT id, c FROM sbtest7 WHERE id BETWEEN 4945418 AND 4945518
	Index Scan using sbtest7_pkey on sbtest7  (cost=0.43..366.37 rows=92 width=125)
	  Index Cond: ((id >= 4945418) AND (id <= 4945518))

table 8 : explain SELECT id, c FROM sbtest8 WHERE id BETWEEN 4945418 AND 4945518
	Index Scan using sbtest8_pkey on sbtest8  (cost=0.43..399.07 rows=100 width=125)
	  Index Cond: ((id >= 4945418) AND (id <= 4945518))

explain: for range-notcovered :: explain SELECT id, c FROM sbtest%d WHERE id BETWEEN 4945418 AND 4945518
for range-notcovered
table 1 : explain SELECT id, c FROM sbtest1 WHERE id BETWEEN 3435311 AND 3435411
	Index Scan using sbtest1_pkey on sbtest1  (cost=0.43..367.92 rows=92 width=125)
	  Index Cond: ((id >= 3435311) AND (id <= 3435411))

table 2 : explain SELECT id, c FROM sbtest2 WHERE id BETWEEN 3435311 AND 3435411
	Index Scan using sbtest2_pkey on sbtest2  (cost=0.43..399.52 rows=100 width=125)
	  Index Cond: ((id >= 3435311) AND (id <= 3435411))

table 3 : explain SELECT id, c FROM sbtest3 WHERE id BETWEEN 3435311 AND 3435411
	Index Scan using sbtest3_pkey on sbtest3  (cost=0.43..406.82 rows=102 width=125)
	  Index Cond: ((id >= 3435311) AND (id <= 3435411))

table 4 : explain SELECT id, c FROM sbtest4 WHERE id BETWEEN 3435311 AND 3435411
	Index Scan using sbtest4_pkey on sbtest4  (cost=0.43..367.08 rows=92 width=125)
	  Index Cond: ((id >= 3435311) AND (id <= 3435411))

table 5 : explain SELECT id, c FROM sbtest5 WHERE id BETWEEN 3435311 AND 3435411
	Index Scan using sbtest5_pkey on sbtest5  (cost=0.43..402.45 rows=101 width=125)
	  Index Cond: ((id >= 3435311) AND (id <= 3435411))

table 6 : explain SELECT id, c FROM sbtest6 WHERE id BETWEEN 3435311 AND 3435411
	Index Scan using sbtest6_pkey on sbtest6  (cost=0.43..406.25 rows=102 width=125)
	  Index Cond: ((id >= 3435311) AND (id <= 3435411))

table 7 : explain SELECT id, c FROM sbtest7 WHERE id BETWEEN 3435311 AND 3435411
	Index Scan using sbtest7_pkey on sbtest7  (cost=0.43..441.11 rows=111 width=125)
	  Index Cond: ((id >= 3435311) AND (id <= 3435411))

table 8 : explain SELECT id, c FROM sbtest8 WHERE id BETWEEN 3435311 AND 3435411
	Index Scan using sbtest8_pkey on sbtest8  (cost=0.43..383.27 rows=96 width=125)
	  Index Cond: ((id >= 3435311) AND (id <= 3435411))

for range-notcovered
table 1 : explain SELECT id, c FROM sbtest1 WHERE id BETWEEN 3484036 AND 3484136
	Index Scan using sbtest1_pkey on sbtest1  (cost=0.43..367.92 rows=92 width=125)
	  Index Cond: ((id >= 3484036) AND (id <= 3484136))

table 2 : explain SELECT id, c FROM sbtest2 WHERE id BETWEEN 3484036 AND 3484136
	Index Scan using sbtest2_pkey on sbtest2  (cost=0.43..399.52 rows=100 width=125)
	  Index Cond: ((id >= 3484036) AND (id <= 3484136))

table 3 : explain SELECT id, c FROM sbtest3 WHERE id BETWEEN 3484036 AND 3484136
	Index Scan using sbtest3_pkey on sbtest3  (cost=0.43..398.92 rows=100 width=125)
	  Index Cond: ((id >= 3484036) AND (id <= 3484136))

table 4 : explain SELECT id, c FROM sbtest4 WHERE id BETWEEN 3484036 AND 3484136
	Index Scan using sbtest4_pkey on sbtest4  (cost=0.43..367.08 rows=92 width=125)
	  Index Cond: ((id >= 3484036) AND (id <= 3484136))

table 5 : explain SELECT id, c FROM sbtest5 WHERE id BETWEEN 3484036 AND 3484136
	Index Scan using sbtest5_pkey on sbtest5  (cost=0.43..359.10 rows=90 width=125)
	  Index Cond: ((id >= 3484036) AND (id <= 3484136))

table 6 : explain SELECT id, c FROM sbtest6 WHERE id BETWEEN 3484036 AND 3484136
	Index Scan using sbtest6_pkey on sbtest6  (cost=0.43..406.25 rows=102 width=125)
	  Index Cond: ((id >= 3484036) AND (id <= 3484136))

table 7 : explain SELECT id, c FROM sbtest7 WHERE id BETWEEN 3484036 AND 3484136
	Index Scan using sbtest7_pkey on sbtest7  (cost=0.43..409.65 rows=103 width=125)
	  Index Cond: ((id >= 3484036) AND (id <= 3484136))

table 8 : explain SELECT id, c FROM sbtest8 WHERE id BETWEEN 3484036 AND 3484136
	Index Scan using sbtest8_pkey on sbtest8  (cost=0.43..414.85 rows=104 width=125)
	  Index Cond: ((id >= 3484036) AND (id <= 3484136))

for range-notcovered
table 1 : explain SELECT id, c FROM sbtest1 WHERE id BETWEEN 6857524 AND 6857624
	Index Scan using sbtest1_pkey on sbtest1  (cost=0.43..419.28 rows=105 width=125)
	  Index Cond: ((id >= 6857524) AND (id <= 6857624))

table 2 : explain SELECT id, c FROM sbtest2 WHERE id BETWEEN 6857524 AND 6857624
	Index Scan using sbtest2_pkey on sbtest2  (cost=0.43..395.55 rows=99 width=125)
	  Index Cond: ((id >= 6857524) AND (id <= 6857624))

table 3 : explain SELECT id, c FROM sbtest3 WHERE id BETWEEN 6857524 AND 6857624
	Index Scan using sbtest3_pkey on sbtest3  (cost=0.43..387.09 rows=97 width=125)
	  Index Cond: ((id >= 6857524) AND (id <= 6857624))

table 4 : explain SELECT id, c FROM sbtest4 WHERE id BETWEEN 6857524 AND 6857624
	Index Scan using sbtest4_pkey on sbtest4  (cost=0.43..402.56 rows=101 width=125)
	  Index Cond: ((id >= 6857524) AND (id <= 6857624))

table 5 : explain SELECT id, c FROM sbtest5 WHERE id BETWEEN 6857524 AND 6857624
	Index Scan using sbtest5_pkey on sbtest5  (cost=0.43..418.21 rows=105 width=125)
	  Index Cond: ((id >= 6857524) AND (id <= 6857624))

table 6 : explain SELECT id, c FROM sbtest6 WHERE id BETWEEN 6857524 AND 6857624
	Index Scan using sbtest6_pkey on sbtest6  (cost=0.43..382.60 rows=96 width=125)
	  Index Cond: ((id >= 6857524) AND (id <= 6857624))

table 7 : explain SELECT id, c FROM sbtest7 WHERE id BETWEEN 6857524 AND 6857624
	Index Scan using sbtest7_pkey on sbtest7  (cost=0.43..386.03 rows=97 width=125)
	  Index Cond: ((id >= 6857524) AND (id <= 6857624))

table 8 : explain SELECT id, c FROM sbtest8 WHERE id BETWEEN 6857524 AND 6857624
	Index Scan using sbtest8_pkey on sbtest8  (cost=0.43..418.80 rows=105 width=125)
	  Index Cond: ((id >= 6857524) AND (id <= 6857624))

explain: for range-notcovered :: explain SELECT id, c FROM sbtest%d WHERE id BETWEEN 3484036 AND 3484136
explain: for range-notcovered :: explain SELECT id, c FROM sbtest%d WHERE id BETWEEN 6857524 AND 6857624
for range-notcovered
table 1 : explain SELECT id, c FROM sbtest1 WHERE id BETWEEN 8091861 AND 8091961
	Index Scan using sbtest1_pkey on sbtest1  (cost=0.43..379.77 rows=95 width=125)
	  Index Cond: ((id >= 8091861) AND (id <= 8091961))

table 2 : explain SELECT id, c FROM sbtest2 WHERE id BETWEEN 8091861 AND 8091961
	Index Scan using sbtest2_pkey on sbtest2  (cost=0.43..423.22 rows=106 width=125)
	  Index Cond: ((id >= 8091861) AND (id <= 8091961))

table 3 : explain SELECT id, c FROM sbtest3 WHERE id BETWEEN 8091861 AND 8091961
	Index Scan using sbtest3_pkey on sbtest3  (cost=0.43..418.66 rows=105 width=125)
	  Index Cond: ((id >= 8091861) AND (id <= 8091961))

table 4 : explain SELECT id, c FROM sbtest4 WHERE id BETWEEN 8091861 AND 8091961
	Index Scan using sbtest4_pkey on sbtest4  (cost=0.43..449.84 rows=113 width=125)
	  Index Cond: ((id >= 8091861) AND (id <= 8091961))

table 5 : explain SELECT id, c FROM sbtest5 WHERE id BETWEEN 8091861 AND 8091961
	Index Scan using sbtest5_pkey on sbtest5  (cost=0.43..402.45 rows=101 width=125)
	  Index Cond: ((id >= 8091861) AND (id <= 8091961))

table 6 : explain SELECT id, c FROM sbtest6 WHERE id BETWEEN 8091861 AND 8091961
	Index Scan using sbtest6_pkey on sbtest6  (cost=0.43..374.72 rows=94 width=125)
	  Index Cond: ((id >= 8091861) AND (id <= 8091961))

table 7 : explain SELECT id, c FROM sbtest7 WHERE id BETWEEN 8091861 AND 8091961
	Index Scan using sbtest7_pkey on sbtest7  (cost=0.43..397.83 rows=100 width=125)
	  Index Cond: ((id >= 8091861) AND (id <= 8091961))

table 8 : explain SELECT id, c FROM sbtest8 WHERE id BETWEEN 8091861 AND 8091961
	Index Scan using sbtest8_pkey on sbtest8  (cost=0.43..426.69 rows=107 width=125)
	  Index Cond: ((id >= 8091861) AND (id <= 8091961))

for range-notcovered
table 1 : explain SELECT id, c FROM sbtest1 WHERE id BETWEEN 3079383 AND 3079483
	Index Scan using sbtest1_pkey on sbtest1  (cost=0.43..407.43 rows=102 width=125)
	  Index Cond: ((id >= 3079383) AND (id <= 3079483))

table 2 : explain SELECT id, c FROM sbtest2 WHERE id BETWEEN 3079383 AND 3079483
	Index Scan using sbtest2_pkey on sbtest2  (cost=0.43..399.52 rows=100 width=125)
	  Index Cond: ((id >= 3079383) AND (id <= 3079483))

table 3 : explain SELECT id, c FROM sbtest3 WHERE id BETWEEN 3079383 AND 3079483
	Index Scan using sbtest3_pkey on sbtest3  (cost=0.43..394.97 rows=99 width=125)
	  Index Cond: ((id >= 3079383) AND (id <= 3079483))

table 4 : explain SELECT id, c FROM sbtest4 WHERE id BETWEEN 3079383 AND 3079483
	Index Scan using sbtest4_pkey on sbtest4  (cost=0.43..422.26 rows=106 width=125)
	  Index Cond: ((id >= 3079383) AND (id <= 3079483))

table 5 : explain SELECT id, c FROM sbtest5 WHERE id BETWEEN 3079383 AND 3079483
	Index Scan using sbtest5_pkey on sbtest5  (cost=0.43..437.91 rows=110 width=125)
	  Index Cond: ((id >= 3079383) AND (id <= 3079483))

table 6 : explain SELECT id, c FROM sbtest6 WHERE id BETWEEN 3079383 AND 3079483
	Index Scan using sbtest6_pkey on sbtest6  (cost=0.43..398.37 rows=100 width=125)
	  Index Cond: ((id >= 3079383) AND (id <= 3079483))

table 7 : explain SELECT id, c FROM sbtest7 WHERE id BETWEEN 3079383 AND 3079483
	Index Scan using sbtest7_pkey on sbtest7  (cost=0.43..417.51 rows=105 width=125)
	  Index Cond: ((id >= 3079383) AND (id <= 3079483))

table 8 : explain SELECT id, c FROM sbtest8 WHERE id BETWEEN 3079383 AND 3079483
	Index Scan using sbtest8_pkey on sbtest8  (cost=0.43..418.80 rows=105 width=125)
	  Index Cond: ((id >= 3079383) AND (id <= 3079483))

for range-notcovered
table 1 : explain SELECT id, c FROM sbtest1 WHERE id BETWEEN 4647880 AND 4647980
	Index Scan using sbtest1_pkey on sbtest1  (cost=0.43..403.48 rows=101 width=125)
	  Index Cond: ((id >= 4647880) AND (id <= 4647980))

table 2 : explain SELECT id, c FROM sbtest2 WHERE id BETWEEN 4647880 AND 4647980
	Index Scan using sbtest2_pkey on sbtest2  (cost=0.43..442.96 rows=111 width=125)
	  Index Cond: ((id >= 4647880) AND (id <= 4647980))

table 3 : explain SELECT id, c FROM sbtest3 WHERE id BETWEEN 4647880 AND 4647980
	Index Scan using sbtest3_pkey on sbtest3  (cost=0.43..402.86 rows=101 width=125)
	  Index Cond: ((id >= 4647880) AND (id <= 4647980))

table 4 : explain SELECT id, c FROM sbtest4 WHERE id BETWEEN 4647880 AND 4647980
	Index Scan using sbtest4_pkey on sbtest4  (cost=0.43..386.78 rows=97 width=125)
	  Index Cond: ((id >= 4647880) AND (id <= 4647980))

table 5 : explain SELECT id, c FROM sbtest5 WHERE id BETWEEN 4647880 AND 4647980
	Index Scan using sbtest5_pkey on sbtest5  (cost=0.43..461.55 rows=116 width=125)
	  Index Cond: ((id >= 4647880) AND (id <= 4647980))

table 6 : explain SELECT id, c FROM sbtest6 WHERE id BETWEEN 4647880 AND 4647980
	Index Scan using sbtest6_pkey on sbtest6  (cost=0.43..402.31 rows=101 width=125)
	  Index Cond: ((id >= 4647880) AND (id <= 4647980))

table 7 : explain SELECT id, c FROM sbtest7 WHERE id BETWEEN 4647880 AND 4647980
	Index Scan using sbtest7_pkey on sbtest7  (cost=0.43..386.03 rows=97 width=125)
	  Index Cond: ((id >= 4647880) AND (id <= 4647980))

table 8 : explain SELECT id, c FROM sbtest8 WHERE id BETWEEN 4647880 AND 4647980
	Index Scan using sbtest8_pkey on sbtest8  (cost=0.43..403.02 rows=101 width=125)
	  Index Cond: ((id >= 4647880) AND (id <= 4647980))

explain: for range-notcovered :: explain SELECT id, c FROM sbtest%d WHERE id BETWEEN 8091861 AND 8091961
for range-notcovered
table 1 : explain SELECT id, c FROM sbtest1 WHERE id BETWEEN 3626034 AND 3626134
	Index Scan using sbtest1_pkey on sbtest1  (cost=0.43..387.67 rows=97 width=125)
	  Index Cond: ((id >= 3626034) AND (id <= 3626134))

table 2 : explain SELECT id, c FROM sbtest2 WHERE id BETWEEN 3626034 AND 3626134
	Index Scan using sbtest2_pkey on sbtest2  (cost=0.43..427.17 rows=107 width=125)
	  Index Cond: ((id >= 3626034) AND (id <= 3626134))

table 3 : explain SELECT id, c FROM sbtest3 WHERE id BETWEEN 3626034 AND 3626134
	Index Scan using sbtest3_pkey on sbtest3  (cost=0.43..398.92 rows=100 width=125)
	  Index Cond: ((id >= 3626034) AND (id <= 3626134))

table 4 : explain SELECT id, c FROM sbtest4 WHERE id BETWEEN 3626034 AND 3626134
	Index Scan using sbtest4_pkey on sbtest4  (cost=0.43..406.50 rows=102 width=125)
	  Index Cond: ((id >= 3626034) AND (id <= 3626134))

table 5 : explain SELECT id, c FROM sbtest5 WHERE id BETWEEN 3626034 AND 3626134
	Index Scan using sbtest5_pkey on sbtest5  (cost=0.43..426.09 rows=107 width=125)
	  Index Cond: ((id >= 3626034) AND (id <= 3626134))

table 6 : explain SELECT id, c FROM sbtest6 WHERE id BETWEEN 3626034 AND 3626134
	Index Scan using sbtest6_pkey on sbtest6  (cost=0.43..422.00 rows=106 width=125)
	  Index Cond: ((id >= 3626034) AND (id <= 3626134))

table 7 : explain SELECT id, c FROM sbtest7 WHERE id BETWEEN 3626034 AND 3626134
	Index Scan using sbtest7_pkey on sbtest7  (cost=0.43..393.89 rows=99 width=125)
	  Index Cond: ((id >= 3626034) AND (id <= 3626134))

table 8 : explain SELECT id, c FROM sbtest8 WHERE id BETWEEN 3626034 AND 3626134
	Index Scan using sbtest8_pkey on sbtest8  (cost=0.43..414.85 rows=104 width=125)
	  Index Cond: ((id >= 3626034) AND (id <= 3626134))

explain: for range-notcovered :: explain SELECT id, c FROM sbtest%d WHERE id BETWEEN 3626034 AND 3626134
for range-notcovered
table 1 : explain SELECT id, c FROM sbtest1 WHERE id BETWEEN 4945418 AND 4945518
	Index Scan using sbtest1_pkey on sbtest1  (cost=0.43..399.52 rows=100 width=125)
	  Index Cond: ((id >= 4945418) AND (id <= 4945518))

table 2 : explain SELECT id, c FROM sbtest2 WHERE id BETWEEN 4945418 AND 4945518
	Index Scan using sbtest2_pkey on sbtest2  (cost=0.43..391.60 rows=98 width=125)
	  Index Cond: ((id >= 4945418) AND (id <= 4945518))

table 3 : explain SELECT id, c FROM sbtest3 WHERE id BETWEEN 4945418 AND 4945518
	Index Scan using sbtest3_pkey on sbtest3  (cost=0.43..414.71 rows=104 width=125)
	  Index Cond: ((id >= 4945418) AND (id <= 4945518))

table 4 : explain SELECT id, c FROM sbtest4 WHERE id BETWEEN 4945418 AND 4945518
	Index Scan using sbtest4_pkey on sbtest4  (cost=0.43..414.38 rows=104 width=125)
	  Index Cond: ((id >= 4945418) AND (id <= 4945518))

table 5 : explain SELECT id, c FROM sbtest5 WHERE id BETWEEN 4945418 AND 4945518
	Index Scan using sbtest5_pkey on sbtest5  (cost=0.43..347.28 rows=87 width=125)
	  Index Cond: ((id >= 4945418) AND (id <= 4945518))

table 6 : explain SELECT id, c FROM sbtest6 WHERE id BETWEEN 4945418 AND 4945518
	Index Scan using sbtest6_pkey on sbtest6  (cost=0.43..465.31 rows=117 width=125)
	  Index Cond: ((id >= 4945418) AND (id <= 4945518))

table 7 : explain SELECT id, c FROM sbtest7 WHERE id BETWEEN 4945418 AND 4945518
	Index Scan using sbtest7_pkey on sbtest7  (cost=0.43..366.37 rows=92 width=125)
	  Index Cond: ((id >= 4945418) AND (id <= 4945518))

table 8 : explain SELECT id, c FROM sbtest8 WHERE id BETWEEN 4945418 AND 4945518
	Index Scan using sbtest8_pkey on sbtest8  (cost=0.43..399.07 rows=100 width=125)
	  Index Cond: ((id >= 4945418) AND (id <= 4945518))

explain: for range-notcovered :: explain SELECT id, c FROM sbtest%d WHERE id BETWEEN 4945418 AND 4945518
for range-notcovered
table 1 : explain SELECT id, c FROM sbtest1 WHERE id BETWEEN 3484036 AND 3484136
	Index Scan using sbtest1_pkey on sbtest1  (cost=0.43..367.92 rows=92 width=125)
	  Index Cond: ((id >= 3484036) AND (id <= 3484136))

table 2 : explain SELECT id, c FROM sbtest2 WHERE id BETWEEN 3484036 AND 3484136
	Index Scan using sbtest2_pkey on sbtest2  (cost=0.43..399.52 rows=100 width=125)
	  Index Cond: ((id >= 3484036) AND (id <= 3484136))

table 3 : explain SELECT id, c FROM sbtest3 WHERE id BETWEEN 3484036 AND 3484136
	Index Scan using sbtest3_pkey on sbtest3  (cost=0.43..398.92 rows=100 width=125)
	  Index Cond: ((id >= 3484036) AND (id <= 3484136))

table 4 : explain SELECT id, c FROM sbtest4 WHERE id BETWEEN 3484036 AND 3484136
	Index Scan using sbtest4_pkey on sbtest4  (cost=0.43..367.08 rows=92 width=125)
	  Index Cond: ((id >= 3484036) AND (id <= 3484136))

table 5 : explain SELECT id, c FROM sbtest5 WHERE id BETWEEN 3484036 AND 3484136
	Index Scan using sbtest5_pkey on sbtest5  (cost=0.43..359.10 rows=90 width=125)
	  Index Cond: ((id >= 3484036) AND (id <= 3484136))

table 6 : explain SELECT id, c FROM sbtest6 WHERE id BETWEEN 3484036 AND 3484136
	Index Scan using sbtest6_pkey on sbtest6  (cost=0.43..406.25 rows=102 width=125)
	  Index Cond: ((id >= 3484036) AND (id <= 3484136))

table 7 : explain SELECT id, c FROM sbtest7 WHERE id BETWEEN 3484036 AND 3484136
	Index Scan using sbtest7_pkey on sbtest7  (cost=0.43..409.65 rows=103 width=125)
	  Index Cond: ((id >= 3484036) AND (id <= 3484136))

table 8 : explain SELECT id, c FROM sbtest8 WHERE id BETWEEN 3484036 AND 3484136
	Index Scan using sbtest8_pkey on sbtest8  (cost=0.43..414.85 rows=104 width=125)
	  Index Cond: ((id >= 3484036) AND (id <= 3484136))

for range-notcovered
table 1 : explain SELECT id, c FROM sbtest1 WHERE id BETWEEN 6857524 AND 6857624
	Index Scan using sbtest1_pkey on sbtest1  (cost=0.43..419.28 rows=105 width=125)
	  Index Cond: ((id >= 6857524) AND (id <= 6857624))

table 2 : explain SELECT id, c FROM sbtest2 WHERE id BETWEEN 6857524 AND 6857624
	Index Scan using sbtest2_pkey on sbtest2  (cost=0.43..395.55 rows=99 width=125)
	  Index Cond: ((id >= 6857524) AND (id <= 6857624))

table 3 : explain SELECT id, c FROM sbtest3 WHERE id BETWEEN 6857524 AND 6857624
	Index Scan using sbtest3_pkey on sbtest3  (cost=0.43..387.09 rows=97 width=125)
	  Index Cond: ((id >= 6857524) AND (id <= 6857624))

table 4 : explain SELECT id, c FROM sbtest4 WHERE id BETWEEN 6857524 AND 6857624
	Index Scan using sbtest4_pkey on sbtest4  (cost=0.43..402.56 rows=101 width=125)
	  Index Cond: ((id >= 6857524) AND (id <= 6857624))

table 5 : explain SELECT id, c FROM sbtest5 WHERE id BETWEEN 6857524 AND 6857624
	Index Scan using sbtest5_pkey on sbtest5  (cost=0.43..418.21 rows=105 width=125)
	  Index Cond: ((id >= 6857524) AND (id <= 6857624))

table 6 : explain SELECT id, c FROM sbtest6 WHERE id BETWEEN 6857524 AND 6857624
	Index Scan using sbtest6_pkey on sbtest6  (cost=0.43..382.60 rows=96 width=125)
	  Index Cond: ((id >= 6857524) AND (id <= 6857624))

table 7 : explain SELECT id, c FROM sbtest7 WHERE id BETWEEN 6857524 AND 6857624
	Index Scan using sbtest7_pkey on sbtest7  (cost=0.43..386.03 rows=97 width=125)
	  Index Cond: ((id >= 6857524) AND (id <= 6857624))

table 8 : explain SELECT id, c FROM sbtest8 WHERE id BETWEEN 6857524 AND 6857624
	Index Scan using sbtest8_pkey on sbtest8  (cost=0.43..418.80 rows=105 width=125)
	  Index Cond: ((id >= 6857524) AND (id <= 6857624))

explain: for range-notcovered :: explain SELECT id, c FROM sbtest%d WHERE id BETWEEN 3484036 AND 3484136
explain: for range-notcovered :: explain SELECT id, c FROM sbtest%d WHERE id BETWEEN 6857524 AND 6857624
for range-notcovered
table 1 : explain SELECT id, c FROM sbtest1 WHERE id BETWEEN 8091861 AND 8091961
	Index Scan using sbtest1_pkey on sbtest1  (cost=0.43..379.77 rows=95 width=125)
	  Index Cond: ((id >= 8091861) AND (id <= 8091961))

table 2 : explain SELECT id, c FROM sbtest2 WHERE id BETWEEN 8091861 AND 8091961
	Index Scan using sbtest2_pkey on sbtest2  (cost=0.43..423.22 rows=106 width=125)
	  Index Cond: ((id >= 8091861) AND (id <= 8091961))

table 3 : explain SELECT id, c FROM sbtest3 WHERE id BETWEEN 8091861 AND 8091961
	Index Scan using sbtest3_pkey on sbtest3  (cost=0.43..418.66 rows=105 width=125)
	  Index Cond: ((id >= 8091861) AND (id <= 8091961))

table 4 : explain SELECT id, c FROM sbtest4 WHERE id BETWEEN 8091861 AND 8091961
	Index Scan using sbtest4_pkey on sbtest4  (cost=0.43..449.84 rows=113 width=125)
	  Index Cond: ((id >= 8091861) AND (id <= 8091961))

table 5 : explain SELECT id, c FROM sbtest5 WHERE id BETWEEN 8091861 AND 8091961
	Index Scan using sbtest5_pkey on sbtest5  (cost=0.43..402.45 rows=101 width=125)
	  Index Cond: ((id >= 8091861) AND (id <= 8091961))

table 6 : explain SELECT id, c FROM sbtest6 WHERE id BETWEEN 8091861 AND 8091961
	Index Scan using sbtest6_pkey on sbtest6  (cost=0.43..374.72 rows=94 width=125)
	  Index Cond: ((id >= 8091861) AND (id <= 8091961))

table 7 : explain SELECT id, c FROM sbtest7 WHERE id BETWEEN 8091861 AND 8091961
	Index Scan using sbtest7_pkey on sbtest7  (cost=0.43..397.83 rows=100 width=125)
	  Index Cond: ((id >= 8091861) AND (id <= 8091961))

table 8 : explain SELECT id, c FROM sbtest8 WHERE id BETWEEN 8091861 AND 8091961
	Index Scan using sbtest8_pkey on sbtest8  (cost=0.43..426.69 rows=107 width=125)
	  Index Cond: ((id >= 8091861) AND (id <= 8091961))

explain: for range-notcovered :: explain SELECT id, c FROM sbtest%d WHERE id BETWEEN 8091861 AND 8091961
for range-notcovered
table 1 : explain SELECT id, c FROM sbtest1 WHERE id BETWEEN 3626034 AND 3626134
	Index Scan using sbtest1_pkey on sbtest1  (cost=0.43..387.67 rows=97 width=125)
	  Index Cond: ((id >= 3626034) AND (id <= 3626134))

table 2 : explain SELECT id, c FROM sbtest2 WHERE id BETWEEN 3626034 AND 3626134
	Index Scan using sbtest2_pkey on sbtest2  (cost=0.43..427.17 rows=107 width=125)
	  Index Cond: ((id >= 3626034) AND (id <= 3626134))

table 3 : explain SELECT id, c FROM sbtest3 WHERE id BETWEEN 3626034 AND 3626134
	Index Scan using sbtest3_pkey on sbtest3  (cost=0.43..398.92 rows=100 width=125)
	  Index Cond: ((id >= 3626034) AND (id <= 3626134))

table 4 : explain SELECT id, c FROM sbtest4 WHERE id BETWEEN 3626034 AND 3626134
	Index Scan using sbtest4_pkey on sbtest4  (cost=0.43..406.50 rows=102 width=125)
	  Index Cond: ((id >= 3626034) AND (id <= 3626134))

table 5 : explain SELECT id, c FROM sbtest5 WHERE id BETWEEN 3626034 AND 3626134
	Index Scan using sbtest5_pkey on sbtest5  (cost=0.43..426.09 rows=107 width=125)
	  Index Cond: ((id >= 3626034) AND (id <= 3626134))

table 6 : explain SELECT id, c FROM sbtest6 WHERE id BETWEEN 3626034 AND 3626134
	Index Scan using sbtest6_pkey on sbtest6  (cost=0.43..422.00 rows=106 width=125)
	  Index Cond: ((id >= 3626034) AND (id <= 3626134))

table 7 : explain SELECT id, c FROM sbtest7 WHERE id BETWEEN 3626034 AND 3626134
	Index Scan using sbtest7_pkey on sbtest7  (cost=0.43..393.89 rows=99 width=125)
	  Index Cond: ((id >= 3626034) AND (id <= 3626134))

table 8 : explain SELECT id, c FROM sbtest8 WHERE id BETWEEN 3626034 AND 3626134
	Index Scan using sbtest8_pkey on sbtest8  (cost=0.43..414.85 rows=104 width=125)
	  Index Cond: ((id >= 3626034) AND (id <= 3626134))

explain: for range-notcovered :: explain SELECT id, c FROM sbtest%d WHERE id BETWEEN 3626034 AND 3626134
for range-notcovered
table 1 : explain SELECT id, c FROM sbtest1 WHERE id BETWEEN 4945418 AND 4945518
	Index Scan using sbtest1_pkey on sbtest1  (cost=0.43..399.52 rows=100 width=125)
	  Index Cond: ((id >= 4945418) AND (id <= 4945518))

table 2 : explain SELECT id, c FROM sbtest2 WHERE id BETWEEN 4945418 AND 4945518
	Index Scan using sbtest2_pkey on sbtest2  (cost=0.43..391.60 rows=98 width=125)
	  Index Cond: ((id >= 4945418) AND (id <= 4945518))

table 3 : explain SELECT id, c FROM sbtest3 WHERE id BETWEEN 4945418 AND 4945518
	Index Scan using sbtest3_pkey on sbtest3  (cost=0.43..414.71 rows=104 width=125)
	  Index Cond: ((id >= 4945418) AND (id <= 4945518))

table 4 : explain SELECT id, c FROM sbtest4 WHERE id BETWEEN 4945418 AND 4945518
	Index Scan using sbtest4_pkey on sbtest4  (cost=0.43..414.38 rows=104 width=125)
	  Index Cond: ((id >= 4945418) AND (id <= 4945518))

table 5 : explain SELECT id, c FROM sbtest5 WHERE id BETWEEN 4945418 AND 4945518
	Index Scan using sbtest5_pkey on sbtest5  (cost=0.43..347.28 rows=87 width=125)
	  Index Cond: ((id >= 4945418) AND (id <= 4945518))

table 6 : explain SELECT id, c FROM sbtest6 WHERE id BETWEEN 4945418 AND 4945518
	Index Scan using sbtest6_pkey on sbtest6  (cost=0.43..465.31 rows=117 width=125)
	  Index Cond: ((id >= 4945418) AND (id <= 4945518))

table 7 : explain SELECT id, c FROM sbtest7 WHERE id BETWEEN 4945418 AND 4945518
	Index Scan using sbtest7_pkey on sbtest7  (cost=0.43..366.37 rows=92 width=125)
	  Index Cond: ((id >= 4945418) AND (id <= 4945518))

table 8 : explain SELECT id, c FROM sbtest8 WHERE id BETWEEN 4945418 AND 4945518
	Index Scan using sbtest8_pkey on sbtest8  (cost=0.43..399.07 rows=100 width=125)
	  Index Cond: ((id >= 4945418) AND (id <= 4945518))

explain: for range-notcovered :: explain SELECT id, c FROM sbtest%d WHERE id BETWEEN 4945418 AND 4945518
for range-notcovered
table 1 : explain SELECT id, c FROM sbtest1 WHERE id BETWEEN 3484036 AND 3484136
	Index Scan using sbtest1_pkey on sbtest1  (cost=0.43..367.92 rows=92 width=125)
	  Index Cond: ((id >= 3484036) AND (id <= 3484136))

table 2 : explain SELECT id, c FROM sbtest2 WHERE id BETWEEN 3484036 AND 3484136
	Index Scan using sbtest2_pkey on sbtest2  (cost=0.43..399.52 rows=100 width=125)
	  Index Cond: ((id >= 3484036) AND (id <= 3484136))

table 3 : explain SELECT id, c FROM sbtest3 WHERE id BETWEEN 3484036 AND 3484136
	Index Scan using sbtest3_pkey on sbtest3  (cost=0.43..398.92 rows=100 width=125)
	  Index Cond: ((id >= 3484036) AND (id <= 3484136))

table 4 : explain SELECT id, c FROM sbtest4 WHERE id BETWEEN 3484036 AND 3484136
	Index Scan using sbtest4_pkey on sbtest4  (cost=0.43..367.08 rows=92 width=125)
	  Index Cond: ((id >= 3484036) AND (id <= 3484136))

table 5 : explain SELECT id, c FROM sbtest5 WHERE id BETWEEN 3484036 AND 3484136
	Index Scan using sbtest5_pkey on sbtest5  (cost=0.43..359.10 rows=90 width=125)
	  Index Cond: ((id >= 3484036) AND (id <= 3484136))

table 6 : explain SELECT id, c FROM sbtest6 WHERE id BETWEEN 3484036 AND 3484136
	Index Scan using sbtest6_pkey on sbtest6  (cost=0.43..406.25 rows=102 width=125)
	  Index Cond: ((id >= 3484036) AND (id <= 3484136))

table 7 : explain SELECT id, c FROM sbtest7 WHERE id BETWEEN 3484036 AND 3484136
	Index Scan using sbtest7_pkey on sbtest7  (cost=0.43..409.65 rows=103 width=125)
	  Index Cond: ((id >= 3484036) AND (id <= 3484136))

table 8 : explain SELECT id, c FROM sbtest8 WHERE id BETWEEN 3484036 AND 3484136
	Index Scan using sbtest8_pkey on sbtest8  (cost=0.43..414.85 rows=104 width=125)
	  Index Cond: ((id >= 3484036) AND (id <= 3484136))

for range-notcovered
table 1 : explain SELECT id, c FROM sbtest1 WHERE id BETWEEN 6857524 AND 6857624
	Index Scan using sbtest1_pkey on sbtest1  (cost=0.43..419.28 rows=105 width=125)
	  Index Cond: ((id >= 6857524) AND (id <= 6857624))

table 2 : explain SELECT id, c FROM sbtest2 WHERE id BETWEEN 6857524 AND 6857624
	Index Scan using sbtest2_pkey on sbtest2  (cost=0.43..395.55 rows=99 width=125)
	  Index Cond: ((id >= 6857524) AND (id <= 6857624))

table 3 : explain SELECT id, c FROM sbtest3 WHERE id BETWEEN 6857524 AND 6857624
	Index Scan using sbtest3_pkey on sbtest3  (cost=0.43..387.09 rows=97 width=125)
	  Index Cond: ((id >= 6857524) AND (id <= 6857624))

table 4 : explain SELECT id, c FROM sbtest4 WHERE id BETWEEN 6857524 AND 6857624
	Index Scan using sbtest4_pkey on sbtest4  (cost=0.43..402.56 rows=101 width=125)
	  Index Cond: ((id >= 6857524) AND (id <= 6857624))

table 5 : explain SELECT id, c FROM sbtest5 WHERE id BETWEEN 6857524 AND 6857624
	Index Scan using sbtest5_pkey on sbtest5  (cost=0.43..418.21 rows=105 width=125)
	  Index Cond: ((id >= 6857524) AND (id <= 6857624))

table 6 : explain SELECT id, c FROM sbtest6 WHERE id BETWEEN 6857524 AND 6857624
	Index Scan using sbtest6_pkey on sbtest6  (cost=0.43..382.60 rows=96 width=125)
	  Index Cond: ((id >= 6857524) AND (id <= 6857624))

table 7 : explain SELECT id, c FROM sbtest7 WHERE id BETWEEN 6857524 AND 6857624
	Index Scan using sbtest7_pkey on sbtest7  (cost=0.43..386.03 rows=97 width=125)
	  Index Cond: ((id >= 6857524) AND (id <= 6857624))

table 8 : explain SELECT id, c FROM sbtest8 WHERE id BETWEEN 6857524 AND 6857624
	Index Scan using sbtest8_pkey on sbtest8  (cost=0.43..418.80 rows=105 width=125)
	  Index Cond: ((id >= 6857524) AND (id <= 6857624))

explain: for range-notcovered :: explain SELECT id, c FROM sbtest%d WHERE id BETWEEN 3484036 AND 3484136
explain: for range-notcovered :: explain SELECT id, c FROM sbtest%d WHERE id BETWEEN 6857524 AND 6857624
for range-notcovered
table 1 : explain SELECT id, c FROM sbtest1 WHERE id BETWEEN 8091861 AND 8091961
	Index Scan using sbtest1_pkey on sbtest1  (cost=0.43..379.77 rows=95 width=125)
	  Index Cond: ((id >= 8091861) AND (id <= 8091961))

table 2 : explain SELECT id, c FROM sbtest2 WHERE id BETWEEN 8091861 AND 8091961
	Index Scan using sbtest2_pkey on sbtest2  (cost=0.43..423.22 rows=106 width=125)
	  Index Cond: ((id >= 8091861) AND (id <= 8091961))

table 3 : explain SELECT id, c FROM sbtest3 WHERE id BETWEEN 8091861 AND 8091961
	Index Scan using sbtest3_pkey on sbtest3  (cost=0.43..418.66 rows=105 width=125)
	  Index Cond: ((id >= 8091861) AND (id <= 8091961))

table 4 : explain SELECT id, c FROM sbtest4 WHERE id BETWEEN 8091861 AND 8091961
	Index Scan using sbtest4_pkey on sbtest4  (cost=0.43..449.84 rows=113 width=125)
	  Index Cond: ((id >= 8091861) AND (id <= 8091961))

table 5 : explain SELECT id, c FROM sbtest5 WHERE id BETWEEN 8091861 AND 8091961
	Index Scan using sbtest5_pkey on sbtest5  (cost=0.43..402.45 rows=101 width=125)
	  Index Cond: ((id >= 8091861) AND (id <= 8091961))

table 6 : explain SELECT id, c FROM sbtest6 WHERE id BETWEEN 8091861 AND 8091961
	Index Scan using sbtest6_pkey on sbtest6  (cost=0.43..374.72 rows=94 width=125)
	  Index Cond: ((id >= 8091861) AND (id <= 8091961))

table 7 : explain SELECT id, c FROM sbtest7 WHERE id BETWEEN 8091861 AND 8091961
	Index Scan using sbtest7_pkey on sbtest7  (cost=0.43..397.83 rows=100 width=125)
	  Index Cond: ((id >= 8091861) AND (id <= 8091961))

table 8 : explain SELECT id, c FROM sbtest8 WHERE id BETWEEN 8091861 AND 8091961
	Index Scan using sbtest8_pkey on sbtest8  (cost=0.43..426.69 rows=107 width=125)
	  Index Cond: ((id >= 8091861) AND (id <= 8091961))

explain: for range-notcovered :: explain SELECT id, c FROM sbtest%d WHERE id BETWEEN 8091861 AND 8091961
for range-notcovered
table 1 : explain SELECT id, c FROM sbtest1 WHERE id BETWEEN 3626034 AND 3626134
	Index Scan using sbtest1_pkey on sbtest1  (cost=0.43..387.67 rows=97 width=125)
	  Index Cond: ((id >= 3626034) AND (id <= 3626134))

table 2 : explain SELECT id, c FROM sbtest2 WHERE id BETWEEN 3626034 AND 3626134
	Index Scan using sbtest2_pkey on sbtest2  (cost=0.43..427.17 rows=107 width=125)
	  Index Cond: ((id >= 3626034) AND (id <= 3626134))

table 3 : explain SELECT id, c FROM sbtest3 WHERE id BETWEEN 3626034 AND 3626134
	Index Scan using sbtest3_pkey on sbtest3  (cost=0.43..398.92 rows=100 width=125)
	  Index Cond: ((id >= 3626034) AND (id <= 3626134))

table 4 : explain SELECT id, c FROM sbtest4 WHERE id BETWEEN 3626034 AND 3626134
	Index Scan using sbtest4_pkey on sbtest4  (cost=0.43..406.50 rows=102 width=125)
	  Index Cond: ((id >= 3626034) AND (id <= 3626134))

table 5 : explain SELECT id, c FROM sbtest5 WHERE id BETWEEN 3626034 AND 3626134
	Index Scan using sbtest5_pkey on sbtest5  (cost=0.43..426.09 rows=107 width=125)
	  Index Cond: ((id >= 3626034) AND (id <= 3626134))

table 6 : explain SELECT id, c FROM sbtest6 WHERE id BETWEEN 3626034 AND 3626134
	Index Scan using sbtest6_pkey on sbtest6  (cost=0.43..422.00 rows=106 width=125)
	  Index Cond: ((id >= 3626034) AND (id <= 3626134))

table 7 : explain SELECT id, c FROM sbtest7 WHERE id BETWEEN 3626034 AND 3626134
	Index Scan using sbtest7_pkey on sbtest7  (cost=0.43..393.89 rows=99 width=125)
	  Index Cond: ((id >= 3626034) AND (id <= 3626134))

table 8 : explain SELECT id, c FROM sbtest8 WHERE id BETWEEN 3626034 AND 3626134
	Index Scan using sbtest8_pkey on sbtest8  (cost=0.43..414.85 rows=104 width=125)
	  Index Cond: ((id >= 3626034) AND (id <= 3626134))

for range-notcovered
table 1 : explain SELECT id, c FROM sbtest1 WHERE id BETWEEN 4945418 AND 4945518
	Index Scan using sbtest1_pkey on sbtest1  (cost=0.43..399.52 rows=100 width=125)
	  Index Cond: ((id >= 4945418) AND (id <= 4945518))

table 2 : explain SELECT id, c FROM sbtest2 WHERE id BETWEEN 4945418 AND 4945518
	Index Scan using sbtest2_pkey on sbtest2  (cost=0.43..391.60 rows=98 width=125)
	  Index Cond: ((id >= 4945418) AND (id <= 4945518))

table 3 : explain SELECT id, c FROM sbtest3 WHERE id BETWEEN 4945418 AND 4945518
	Index Scan using sbtest3_pkey on sbtest3  (cost=0.43..414.71 rows=104 width=125)
	  Index Cond: ((id >= 4945418) AND (id <= 4945518))

table 4 : explain SELECT id, c FROM sbtest4 WHERE id BETWEEN 4945418 AND 4945518
	Index Scan using sbtest4_pkey on sbtest4  (cost=0.43..414.38 rows=104 width=125)
	  Index Cond: ((id >= 4945418) AND (id <= 4945518))

table 5 : explain SELECT id, c FROM sbtest5 WHERE id BETWEEN 4945418 AND 4945518
	Index Scan using sbtest5_pkey on sbtest5  (cost=0.43..347.28 rows=87 width=125)
	  Index Cond: ((id >= 4945418) AND (id <= 4945518))

table 6 : explain SELECT id, c FROM sbtest6 WHERE id BETWEEN 4945418 AND 4945518
	Index Scan using sbtest6_pkey on sbtest6  (cost=0.43..465.31 rows=117 width=125)
	  Index Cond: ((id >= 4945418) AND (id <= 4945518))

table 7 : explain SELECT id, c FROM sbtest7 WHERE id BETWEEN 4945418 AND 4945518
	Index Scan using sbtest7_pkey on sbtest7  (cost=0.43..366.37 rows=92 width=125)
	  Index Cond: ((id >= 4945418) AND (id <= 4945518))

table 8 : explain SELECT id, c FROM sbtest8 WHERE id BETWEEN 4945418 AND 4945518
	Index Scan using sbtest8_pkey on sbtest8  (cost=0.43..399.07 rows=100 width=125)
	  Index Cond: ((id >= 4945418) AND (id <= 4945518))

explain: for range-notcovered :: explain SELECT id, c FROM sbtest%d WHERE id BETWEEN 3626034 AND 3626134
for range-notcovered
table 1 : explain SELECT id, c FROM sbtest1 WHERE id BETWEEN 3484036 AND 3484136
	Index Scan using sbtest1_pkey on sbtest1  (cost=0.43..367.92 rows=92 width=125)
	  Index Cond: ((id >= 3484036) AND (id <= 3484136))

table 2 : explain SELECT id, c FROM sbtest2 WHERE id BETWEEN 3484036 AND 3484136
	Index Scan using sbtest2_pkey on sbtest2  (cost=0.43..399.52 rows=100 width=125)
	  Index Cond: ((id >= 3484036) AND (id <= 3484136))

table 3 : explain SELECT id, c FROM sbtest3 WHERE id BETWEEN 3484036 AND 3484136
	Index Scan using sbtest3_pkey on sbtest3  (cost=0.43..398.92 rows=100 width=125)
	  Index Cond: ((id >= 3484036) AND (id <= 3484136))

table 4 : explain SELECT id, c FROM sbtest4 WHERE id BETWEEN 3484036 AND 3484136
	Index Scan using sbtest4_pkey on sbtest4  (cost=0.43..367.08 rows=92 width=125)
	  Index Cond: ((id >= 3484036) AND (id <= 3484136))

table 5 : explain SELECT id, c FROM sbtest5 WHERE id BETWEEN 3484036 AND 3484136
	Index Scan using sbtest5_pkey on sbtest5  (cost=0.43..359.10 rows=90 width=125)
	  Index Cond: ((id >= 3484036) AND (id <= 3484136))

table 6 : explain SELECT id, c FROM sbtest6 WHERE id BETWEEN 3484036 AND 3484136
	Index Scan using sbtest6_pkey on sbtest6  (cost=0.43..406.25 rows=102 width=125)
	  Index Cond: ((id >= 3484036) AND (id <= 3484136))

table 7 : explain SELECT id, c FROM sbtest7 WHERE id BETWEEN 3484036 AND 3484136
	Index Scan using sbtest7_pkey on sbtest7  (cost=0.43..409.65 rows=103 width=125)
	  Index Cond: ((id >= 3484036) AND (id <= 3484136))

table 8 : explain SELECT id, c FROM sbtest8 WHERE id BETWEEN 3484036 AND 3484136
	Index Scan using sbtest8_pkey on sbtest8  (cost=0.43..414.85 rows=104 width=125)
	  Index Cond: ((id >= 3484036) AND (id <= 3484136))

for range-notcovered
table 1 : explain SELECT id, c FROM sbtest1 WHERE id BETWEEN 6857524 AND 6857624
	Index Scan using sbtest1_pkey on sbtest1  (cost=0.43..419.28 rows=105 width=125)
	  Index Cond: ((id >= 6857524) AND (id <= 6857624))

table 2 : explain SELECT id, c FROM sbtest2 WHERE id BETWEEN 6857524 AND 6857624
	Index Scan using sbtest2_pkey on sbtest2  (cost=0.43..395.55 rows=99 width=125)
	  Index Cond: ((id >= 6857524) AND (id <= 6857624))

table 3 : explain SELECT id, c FROM sbtest3 WHERE id BETWEEN 6857524 AND 6857624
	Index Scan using sbtest3_pkey on sbtest3  (cost=0.43..387.09 rows=97 width=125)
	  Index Cond: ((id >= 6857524) AND (id <= 6857624))

table 4 : explain SELECT id, c FROM sbtest4 WHERE id BETWEEN 6857524 AND 6857624
	Index Scan using sbtest4_pkey on sbtest4  (cost=0.43..402.56 rows=101 width=125)
	  Index Cond: ((id >= 6857524) AND (id <= 6857624))

table 5 : explain SELECT id, c FROM sbtest5 WHERE id BETWEEN 6857524 AND 6857624
	Index Scan using sbtest5_pkey on sbtest5  (cost=0.43..418.21 rows=105 width=125)
	  Index Cond: ((id >= 6857524) AND (id <= 6857624))

table 6 : explain SELECT id, c FROM sbtest6 WHERE id BETWEEN 6857524 AND 6857624
	Index Scan using sbtest6_pkey on sbtest6  (cost=0.43..382.60 rows=96 width=125)
	  Index Cond: ((id >= 6857524) AND (id <= 6857624))

table 7 : explain SELECT id, c FROM sbtest7 WHERE id BETWEEN 6857524 AND 6857624
	Index Scan using sbtest7_pkey on sbtest7  (cost=0.43..386.03 rows=97 width=125)
	  Index Cond: ((id >= 6857524) AND (id <= 6857624))

table 8 : explain SELECT id, c FROM sbtest8 WHERE id BETWEEN 6857524 AND 6857624
	Index Scan using sbtest8_pkey on sbtest8  (cost=0.43..418.80 rows=105 width=125)
	  Index Cond: ((id >= 6857524) AND (id <= 6857624))

explain: for range-notcovered :: explain SELECT id, c FROM sbtest%d WHERE id BETWEEN 6857524 AND 6857624
for range-notcovered
table 1 : explain SELECT id, c FROM sbtest1 WHERE id BETWEEN 8091861 AND 8091961
	Index Scan using sbtest1_pkey on sbtest1  (cost=0.43..379.77 rows=95 width=125)
	  Index Cond: ((id >= 8091861) AND (id <= 8091961))

table 2 : explain SELECT id, c FROM sbtest2 WHERE id BETWEEN 8091861 AND 8091961
	Index Scan using sbtest2_pkey on sbtest2  (cost=0.43..423.22 rows=106 width=125)
	  Index Cond: ((id >= 8091861) AND (id <= 8091961))

table 3 : explain SELECT id, c FROM sbtest3 WHERE id BETWEEN 8091861 AND 8091961
	Index Scan using sbtest3_pkey on sbtest3  (cost=0.43..418.66 rows=105 width=125)
	  Index Cond: ((id >= 8091861) AND (id <= 8091961))

table 4 : explain SELECT id, c FROM sbtest4 WHERE id BETWEEN 8091861 AND 8091961
	Index Scan using sbtest4_pkey on sbtest4  (cost=0.43..449.84 rows=113 width=125)
	  Index Cond: ((id >= 8091861) AND (id <= 8091961))

table 5 : explain SELECT id, c FROM sbtest5 WHERE id BETWEEN 8091861 AND 8091961
	Index Scan using sbtest5_pkey on sbtest5  (cost=0.43..402.45 rows=101 width=125)
	  Index Cond: ((id >= 8091861) AND (id <= 8091961))

table 6 : explain SELECT id, c FROM sbtest6 WHERE id BETWEEN 8091861 AND 8091961
	Index Scan using sbtest6_pkey on sbtest6  (cost=0.43..374.72 rows=94 width=125)
	  Index Cond: ((id >= 8091861) AND (id <= 8091961))

table 7 : explain SELECT id, c FROM sbtest7 WHERE id BETWEEN 8091861 AND 8091961
	Index Scan using sbtest7_pkey on sbtest7  (cost=0.43..397.83 rows=100 width=125)
	  Index Cond: ((id >= 8091861) AND (id <= 8091961))

table 8 : explain SELECT id, c FROM sbtest8 WHERE id BETWEEN 8091861 AND 8091961
	Index Scan using sbtest8_pkey on sbtest8  (cost=0.43..426.69 rows=107 width=125)
	  Index Cond: ((id >= 8091861) AND (id <= 8091961))

explain: for range-notcovered :: explain SELECT id, c FROM sbtest%d WHERE id BETWEEN 8091861 AND 8091961
for range-notcovered
table 1 : explain SELECT id, c FROM sbtest1 WHERE id BETWEEN 3626034 AND 3626134
	Index Scan using sbtest1_pkey on sbtest1  (cost=0.43..387.67 rows=97 width=125)
	  Index Cond: ((id >= 3626034) AND (id <= 3626134))

table 2 : explain SELECT id, c FROM sbtest2 WHERE id BETWEEN 3626034 AND 3626134
	Index Scan using sbtest2_pkey on sbtest2  (cost=0.43..427.17 rows=107 width=125)
	  Index Cond: ((id >= 3626034) AND (id <= 3626134))

table 3 : explain SELECT id, c FROM sbtest3 WHERE id BETWEEN 3626034 AND 3626134
	Index Scan using sbtest3_pkey on sbtest3  (cost=0.43..398.92 rows=100 width=125)
	  Index Cond: ((id >= 3626034) AND (id <= 3626134))

table 4 : explain SELECT id, c FROM sbtest4 WHERE id BETWEEN 3626034 AND 3626134
	Index Scan using sbtest4_pkey on sbtest4  (cost=0.43..406.50 rows=102 width=125)
	  Index Cond: ((id >= 3626034) AND (id <= 3626134))

table 5 : explain SELECT id, c FROM sbtest5 WHERE id BETWEEN 3626034 AND 3626134
	Index Scan using sbtest5_pkey on sbtest5  (cost=0.43..426.09 rows=107 width=125)
	  Index Cond: ((id >= 3626034) AND (id <= 3626134))

table 6 : explain SELECT id, c FROM sbtest6 WHERE id BETWEEN 3626034 AND 3626134
	Index Scan using sbtest6_pkey on sbtest6  (cost=0.43..422.00 rows=106 width=125)
	  Index Cond: ((id >= 3626034) AND (id <= 3626134))

table 7 : explain SELECT id, c FROM sbtest7 WHERE id BETWEEN 3626034 AND 3626134
	Index Scan using sbtest7_pkey on sbtest7  (cost=0.43..393.89 rows=99 width=125)
	  Index Cond: ((id >= 3626034) AND (id <= 3626134))

table 8 : explain SELECT id, c FROM sbtest8 WHERE id BETWEEN 3626034 AND 3626134
	Index Scan using sbtest8_pkey on sbtest8  (cost=0.43..414.85 rows=104 width=125)
	  Index Cond: ((id >= 3626034) AND (id <= 3626134))

explain: for range-notcovered :: explain SELECT id, c FROM sbtest%d WHERE id BETWEEN 3626034 AND 3626134
for range-notcovered
table 1 : explain SELECT id, c FROM sbtest1 WHERE id BETWEEN 6857524 AND 6857624
	Index Scan using sbtest1_pkey on sbtest1  (cost=0.43..419.28 rows=105 width=125)
	  Index Cond: ((id >= 6857524) AND (id <= 6857624))

table 2 : explain SELECT id, c FROM sbtest2 WHERE id BETWEEN 6857524 AND 6857624
	Index Scan using sbtest2_pkey on sbtest2  (cost=0.43..395.55 rows=99 width=125)
	  Index Cond: ((id >= 6857524) AND (id <= 6857624))

table 3 : explain SELECT id, c FROM sbtest3 WHERE id BETWEEN 6857524 AND 6857624
	Index Scan using sbtest3_pkey on sbtest3  (cost=0.43..387.09 rows=97 width=125)
	  Index Cond: ((id >= 6857524) AND (id <= 6857624))

table 4 : explain SELECT id, c FROM sbtest4 WHERE id BETWEEN 6857524 AND 6857624
	Index Scan using sbtest4_pkey on sbtest4  (cost=0.43..402.56 rows=101 width=125)
	  Index Cond: ((id >= 6857524) AND (id <= 6857624))

table 5 : explain SELECT id, c FROM sbtest5 WHERE id BETWEEN 6857524 AND 6857624
	Index Scan using sbtest5_pkey on sbtest5  (cost=0.43..418.21 rows=105 width=125)
	  Index Cond: ((id >= 6857524) AND (id <= 6857624))

table 6 : explain SELECT id, c FROM sbtest6 WHERE id BETWEEN 6857524 AND 6857624
	Index Scan using sbtest6_pkey on sbtest6  (cost=0.43..382.60 rows=96 width=125)
	  Index Cond: ((id >= 6857524) AND (id <= 6857624))

table 7 : explain SELECT id, c FROM sbtest7 WHERE id BETWEEN 6857524 AND 6857624
	Index Scan using sbtest7_pkey on sbtest7  (cost=0.43..386.03 rows=97 width=125)
	  Index Cond: ((id >= 6857524) AND (id <= 6857624))

table 8 : explain SELECT id, c FROM sbtest8 WHERE id BETWEEN 6857524 AND 6857624
	Index Scan using sbtest8_pkey on sbtest8  (cost=0.43..418.80 rows=105 width=125)
	  Index Cond: ((id >= 6857524) AND (id <= 6857624))

for range-notcovered
table 1 : explain SELECT id, c FROM sbtest1 WHERE id BETWEEN 8091861 AND 8091961
	Index Scan using sbtest1_pkey on sbtest1  (cost=0.43..379.77 rows=95 width=125)
	  Index Cond: ((id >= 8091861) AND (id <= 8091961))

table 2 : explain SELECT id, c FROM sbtest2 WHERE id BETWEEN 8091861 AND 8091961
	Index Scan using sbtest2_pkey on sbtest2  (cost=0.43..423.22 rows=106 width=125)
	  Index Cond: ((id >= 8091861) AND (id <= 8091961))

table 3 : explain SELECT id, c FROM sbtest3 WHERE id BETWEEN 8091861 AND 8091961
	Index Scan using sbtest3_pkey on sbtest3  (cost=0.43..418.66 rows=105 width=125)
	  Index Cond: ((id >= 8091861) AND (id <= 8091961))

table 4 : explain SELECT id, c FROM sbtest4 WHERE id BETWEEN 8091861 AND 8091961
	Index Scan using sbtest4_pkey on sbtest4  (cost=0.43..449.84 rows=113 width=125)
	  Index Cond: ((id >= 8091861) AND (id <= 8091961))

table 5 : explain SELECT id, c FROM sbtest5 WHERE id BETWEEN 8091861 AND 8091961
	Index Scan using sbtest5_pkey on sbtest5  (cost=0.43..402.45 rows=101 width=125)
	  Index Cond: ((id >= 8091861) AND (id <= 8091961))

table 6 : explain SELECT id, c FROM sbtest6 WHERE id BETWEEN 8091861 AND 8091961
	Index Scan using sbtest6_pkey on sbtest6  (cost=0.43..374.72 rows=94 width=125)
	  Index Cond: ((id >= 8091861) AND (id <= 8091961))

table 7 : explain SELECT id, c FROM sbtest7 WHERE id BETWEEN 8091861 AND 8091961
	Index Scan using sbtest7_pkey on sbtest7  (cost=0.43..397.83 rows=100 width=125)
	  Index Cond: ((id >= 8091861) AND (id <= 8091961))

table 8 : explain SELECT id, c FROM sbtest8 WHERE id BETWEEN 8091861 AND 8091961
	Index Scan using sbtest8_pkey on sbtest8  (cost=0.43..426.69 rows=107 width=125)
	  Index Cond: ((id >= 8091861) AND (id <= 8091961))

for range-notcovered
table 1 : explain SELECT id, c FROM sbtest1 WHERE id BETWEEN 4510717 AND 4510817
	Index Scan using sbtest1_pkey on sbtest1  (cost=0.43..391.62 rows=98 width=125)
	  Index Cond: ((id >= 4510717) AND (id <= 4510817))

table 2 : explain SELECT id, c FROM sbtest2 WHERE id BETWEEN 4510717 AND 4510817
	Index Scan using sbtest2_pkey on sbtest2  (cost=0.43..363.95 rows=91 width=125)
	  Index Cond: ((id >= 4510717) AND (id <= 4510817))

table 3 : explain SELECT id, c FROM sbtest3 WHERE id BETWEEN 4510717 AND 4510817
	Index Scan using sbtest3_pkey on sbtest3  (cost=0.43..418.66 rows=105 width=125)
	  Index Cond: ((id >= 4510717) AND (id <= 4510817))

table 4 : explain SELECT id, c FROM sbtest4 WHERE id BETWEEN 4510717 AND 4510817
	Index Scan using sbtest4_pkey on sbtest4  (cost=0.43..390.72 rows=98 width=125)
	  Index Cond: ((id >= 4510717) AND (id <= 4510817))

table 5 : explain SELECT id, c FROM sbtest5 WHERE id BETWEEN 4510717 AND 4510817
	Index Scan using sbtest5_pkey on sbtest5  (cost=0.43..418.21 rows=105 width=125)
	  Index Cond: ((id >= 4510717) AND (id <= 4510817))

table 6 : explain SELECT id, c FROM sbtest6 WHERE id BETWEEN 4510717 AND 4510817
	Index Scan using sbtest6_pkey on sbtest6  (cost=0.43..402.31 rows=101 width=125)
	  Index Cond: ((id >= 4510717) AND (id <= 4510817))

table 7 : explain SELECT id, c FROM sbtest7 WHERE id BETWEEN 4510717 AND 4510817
	Index Scan using sbtest7_pkey on sbtest7  (cost=0.43..370.30 rows=93 width=125)
	  Index Cond: ((id >= 4510717) AND (id <= 4510817))

table 8 : explain SELECT id, c FROM sbtest8 WHERE id BETWEEN 4510717 AND 4510817
	Index Scan using sbtest8_pkey on sbtest8  (cost=0.43..391.16 rows=98 width=125)
	  Index Cond: ((id >= 4510717) AND (id <= 4510817))

explain: for range-notcovered :: explain SELECT id, c FROM sbtest%d WHERE id BETWEEN 4510717 AND 4510817
for range-notcovered
table 1 : explain SELECT id, c FROM sbtest1 WHERE id BETWEEN 4793487 AND 4793587
	Index Scan using sbtest1_pkey on sbtest1  (cost=0.43..399.52 rows=100 width=125)
	  Index Cond: ((id >= 4793487) AND (id <= 4793587))

table 2 : explain SELECT id, c FROM sbtest2 WHERE id BETWEEN 4793487 AND 4793587
	Index Scan using sbtest2_pkey on sbtest2  (cost=0.43..371.85 rows=93 width=125)
	  Index Cond: ((id >= 4793487) AND (id <= 4793587))

table 3 : explain SELECT id, c FROM sbtest3 WHERE id BETWEEN 4793487 AND 4793587
	Index Scan using sbtest3_pkey on sbtest3  (cost=0.43..406.82 rows=102 width=125)
	  Index Cond: ((id >= 4793487) AND (id <= 4793587))

table 4 : explain SELECT id, c FROM sbtest4 WHERE id BETWEEN 4793487 AND 4793587
	Index Scan using sbtest4_pkey on sbtest4  (cost=0.43..394.66 rows=99 width=125)
	  Index Cond: ((id >= 4793487) AND (id <= 4793587))

table 5 : explain SELECT id, c FROM sbtest5 WHERE id BETWEEN 4793487 AND 4793587
	Index Scan using sbtest5_pkey on sbtest5  (cost=0.43..433.97 rows=109 width=125)
	  Index Cond: ((id >= 4793487) AND (id <= 4793587))

table 6 : explain SELECT id, c FROM sbtest6 WHERE id BETWEEN 4793487 AND 4793587
	Index Scan using sbtest6_pkey on sbtest6  (cost=0.43..382.60 rows=96 width=125)
	  Index Cond: ((id >= 4793487) AND (id <= 4793587))

table 7 : explain SELECT id, c FROM sbtest7 WHERE id BETWEEN 4793487 AND 4793587
	Index Scan using sbtest7_pkey on sbtest7  (cost=0.43..393.89 rows=99 width=125)
	  Index Cond: ((id >= 4793487) AND (id <= 4793587))

table 8 : explain SELECT id, c FROM sbtest8 WHERE id BETWEEN 4793487 AND 4793587
	Index Scan using sbtest8_pkey on sbtest8  (cost=0.43..410.91 rows=103 width=125)
	  Index Cond: ((id >= 4793487) AND (id <= 4793587))

for range-notcovered
table 1 : explain SELECT id, c FROM sbtest1 WHERE id BETWEEN 7235766 AND 7235866
	Index Scan using sbtest1_pkey on sbtest1  (cost=0.43..399.52 rows=100 width=125)
	  Index Cond: ((id >= 7235766) AND (id <= 7235866))

table 2 : explain SELECT id, c FROM sbtest2 WHERE id BETWEEN 7235766 AND 7235866
	Index Scan using sbtest2_pkey on sbtest2  (cost=0.43..399.52 rows=100 width=125)
	  Index Cond: ((id >= 7235766) AND (id <= 7235866))

table 3 : explain SELECT id, c FROM sbtest3 WHERE id BETWEEN 7235766 AND 7235866
	Index Scan using sbtest3_pkey on sbtest3  (cost=0.43..387.09 rows=97 width=125)
	  Index Cond: ((id >= 7235766) AND (id <= 7235866))

table 4 : explain SELECT id, c FROM sbtest4 WHERE id BETWEEN 7235766 AND 7235866
	Index Scan using sbtest4_pkey on sbtest4  (cost=0.43..398.60 rows=100 width=125)
	  Index Cond: ((id >= 7235766) AND (id <= 7235866))

table 5 : explain SELECT id, c FROM sbtest5 WHERE id BETWEEN 7235766 AND 7235866
	Index Scan using sbtest5_pkey on sbtest5  (cost=0.43..402.45 rows=101 width=125)
	  Index Cond: ((id >= 7235766) AND (id <= 7235866))

table 6 : explain SELECT id, c FROM sbtest6 WHERE id BETWEEN 7235766 AND 7235866
	Index Scan using sbtest6_pkey on sbtest6  (cost=0.43..441.69 rows=111 width=125)
	  Index Cond: ((id >= 7235766) AND (id <= 7235866))

table 7 : explain SELECT id, c FROM sbtest7 WHERE id BETWEEN 7235766 AND 7235866
	Index Scan using sbtest7_pkey on sbtest7  (cost=0.43..362.43 rows=91 width=125)
	  Index Cond: ((id >= 7235766) AND (id <= 7235866))

table 8 : explain SELECT id, c FROM sbtest8 WHERE id BETWEEN 7235766 AND 7235866
	Index Scan using sbtest8_pkey on sbtest8  (cost=0.43..410.91 rows=103 width=125)
	  Index Cond: ((id >= 7235766) AND (id <= 7235866))

explain: for range-notcovered :: explain SELECT id, c FROM sbtest%d WHERE id BETWEEN 4793487 AND 4793587
for range-notcovered
table 1 : explain SELECT id, c FROM sbtest1 WHERE id BETWEEN 4510717 AND 4510817
	Index Scan using sbtest1_pkey on sbtest1  (cost=0.43..391.62 rows=98 width=125)
	  Index Cond: ((id >= 4510717) AND (id <= 4510817))

table 2 : explain SELECT id, c FROM sbtest2 WHERE id BETWEEN 4510717 AND 4510817
	Index Scan using sbtest2_pkey on sbtest2  (cost=0.43..363.95 rows=91 width=125)
	  Index Cond: ((id >= 4510717) AND (id <= 4510817))

table 3 : explain SELECT id, c FROM sbtest3 WHERE id BETWEEN 4510717 AND 4510817
	Index Scan using sbtest3_pkey on sbtest3  (cost=0.43..418.66 rows=105 width=125)
	  Index Cond: ((id >= 4510717) AND (id <= 4510817))

table 4 : explain SELECT id, c FROM sbtest4 WHERE id BETWEEN 4510717 AND 4510817
	Index Scan using sbtest4_pkey on sbtest4  (cost=0.43..390.72 rows=98 width=125)
	  Index Cond: ((id >= 4510717) AND (id <= 4510817))

table 5 : explain SELECT id, c FROM sbtest5 WHERE id BETWEEN 4510717 AND 4510817
	Index Scan using sbtest5_pkey on sbtest5  (cost=0.43..418.21 rows=105 width=125)
	  Index Cond: ((id >= 4510717) AND (id <= 4510817))

table 6 : explain SELECT id, c FROM sbtest6 WHERE id BETWEEN 4510717 AND 4510817
	Index Scan using sbtest6_pkey on sbtest6  (cost=0.43..402.31 rows=101 width=125)
	  Index Cond: ((id >= 4510717) AND (id <= 4510817))

table 7 : explain SELECT id, c FROM sbtest7 WHERE id BETWEEN 4510717 AND 4510817
	Index Scan using sbtest7_pkey on sbtest7  (cost=0.43..370.30 rows=93 width=125)
	  Index Cond: ((id >= 4510717) AND (id <= 4510817))

table 8 : explain SELECT id, c FROM sbtest8 WHERE id BETWEEN 4510717 AND 4510817
	Index Scan using sbtest8_pkey on sbtest8  (cost=0.43..391.16 rows=98 width=125)
	  Index Cond: ((id >= 4510717) AND (id <= 4510817))

explain: for range-notcovered :: explain SELECT id, c FROM sbtest%d WHERE id BETWEEN 7235766 AND 7235866
explain: for range-notcovered :: explain SELECT id, c FROM sbtest%d WHERE id BETWEEN 4510717 AND 4510817
for range-notcovered
table 1 : explain SELECT id, c FROM sbtest1 WHERE id BETWEEN 3626034 AND 3626134
	Index Scan using sbtest1_pkey on sbtest1  (cost=0.43..387.67 rows=97 width=125)
	  Index Cond: ((id >= 3626034) AND (id <= 3626134))

table 2 : explain SELECT id, c FROM sbtest2 WHERE id BETWEEN 3626034 AND 3626134
	Index Scan using sbtest2_pkey on sbtest2  (cost=0.43..427.17 rows=107 width=125)
	  Index Cond: ((id >= 3626034) AND (id <= 3626134))

table 3 : explain SELECT id, c FROM sbtest3 WHERE id BETWEEN 3626034 AND 3626134
	Index Scan using sbtest3_pkey on sbtest3  (cost=0.43..398.92 rows=100 width=125)
	  Index Cond: ((id >= 3626034) AND (id <= 3626134))

table 4 : explain SELECT id, c FROM sbtest4 WHERE id BETWEEN 3626034 AND 3626134
	Index Scan using sbtest4_pkey on sbtest4  (cost=0.43..406.50 rows=102 width=125)
	  Index Cond: ((id >= 3626034) AND (id <= 3626134))

table 5 : explain SELECT id, c FROM sbtest5 WHERE id BETWEEN 3626034 AND 3626134
	Index Scan using sbtest5_pkey on sbtest5  (cost=0.43..426.09 rows=107 width=125)
	  Index Cond: ((id >= 3626034) AND (id <= 3626134))

table 6 : explain SELECT id, c FROM sbtest6 WHERE id BETWEEN 3626034 AND 3626134
	Index Scan using sbtest6_pkey on sbtest6  (cost=0.43..422.00 rows=106 width=125)
	  Index Cond: ((id >= 3626034) AND (id <= 3626134))

table 7 : explain SELECT id, c FROM sbtest7 WHERE id BETWEEN 3626034 AND 3626134
	Index Scan using sbtest7_pkey on sbtest7  (cost=0.43..393.89 rows=99 width=125)
	  Index Cond: ((id >= 3626034) AND (id <= 3626134))

table 8 : explain SELECT id, c FROM sbtest8 WHERE id BETWEEN 3626034 AND 3626134
	Index Scan using sbtest8_pkey on sbtest8  (cost=0.43..414.85 rows=104 width=125)
	  Index Cond: ((id >= 3626034) AND (id <= 3626134))

for range-notcovered
table 1 : explain SELECT id, c FROM sbtest1 WHERE id BETWEEN 4510717 AND 4510817
	Index Scan using sbtest1_pkey on sbtest1  (cost=0.43..391.62 rows=98 width=125)
	  Index Cond: ((id >= 4510717) AND (id <= 4510817))

table 2 : explain SELECT id, c FROM sbtest2 WHERE id BETWEEN 4510717 AND 4510817
	Index Scan using sbtest2_pkey on sbtest2  (cost=0.43..363.95 rows=91 width=125)
	  Index Cond: ((id >= 4510717) AND (id <= 4510817))

table 3 : explain SELECT id, c FROM sbtest3 WHERE id BETWEEN 4510717 AND 4510817
	Index Scan using sbtest3_pkey on sbtest3  (cost=0.43..418.66 rows=105 width=125)
	  Index Cond: ((id >= 4510717) AND (id <= 4510817))

table 4 : explain SELECT id, c FROM sbtest4 WHERE id BETWEEN 4510717 AND 4510817
	Index Scan using sbtest4_pkey on sbtest4  (cost=0.43..390.72 rows=98 width=125)
	  Index Cond: ((id >= 4510717) AND (id <= 4510817))

table 5 : explain SELECT id, c FROM sbtest5 WHERE id BETWEEN 4510717 AND 4510817
	Index Scan using sbtest5_pkey on sbtest5  (cost=0.43..418.21 rows=105 width=125)
	  Index Cond: ((id >= 4510717) AND (id <= 4510817))

table 6 : explain SELECT id, c FROM sbtest6 WHERE id BETWEEN 4510717 AND 4510817
	Index Scan using sbtest6_pkey on sbtest6  (cost=0.43..402.31 rows=101 width=125)
	  Index Cond: ((id >= 4510717) AND (id <= 4510817))

table 7 : explain SELECT id, c FROM sbtest7 WHERE id BETWEEN 4510717 AND 4510817
	Index Scan using sbtest7_pkey on sbtest7  (cost=0.43..370.30 rows=93 width=125)
	  Index Cond: ((id >= 4510717) AND (id <= 4510817))

table 8 : explain SELECT id, c FROM sbtest8 WHERE id BETWEEN 4510717 AND 4510817
	Index Scan using sbtest8_pkey on sbtest8  (cost=0.43..391.16 rows=98 width=125)
	  Index Cond: ((id >= 4510717) AND (id <= 4510817))

for range-notcovered
table 1 : explain SELECT id, c FROM sbtest1 WHERE id BETWEEN 7235766 AND 7235866
	Index Scan using sbtest1_pkey on sbtest1  (cost=0.43..399.52 rows=100 width=125)
	  Index Cond: ((id >= 7235766) AND (id <= 7235866))

table 2 : explain SELECT id, c FROM sbtest2 WHERE id BETWEEN 7235766 AND 7235866
	Index Scan using sbtest2_pkey on sbtest2  (cost=0.43..399.52 rows=100 width=125)
	  Index Cond: ((id >= 7235766) AND (id <= 7235866))

table 3 : explain SELECT id, c FROM sbtest3 WHERE id BETWEEN 7235766 AND 7235866
	Index Scan using sbtest3_pkey on sbtest3  (cost=0.43..387.09 rows=97 width=125)
	  Index Cond: ((id >= 7235766) AND (id <= 7235866))

table 4 : explain SELECT id, c FROM sbtest4 WHERE id BETWEEN 7235766 AND 7235866
	Index Scan using sbtest4_pkey on sbtest4  (cost=0.43..398.60 rows=100 width=125)
	  Index Cond: ((id >= 7235766) AND (id <= 7235866))

table 5 : explain SELECT id, c FROM sbtest5 WHERE id BETWEEN 7235766 AND 7235866
	Index Scan using sbtest5_pkey on sbtest5  (cost=0.43..402.45 rows=101 width=125)
	  Index Cond: ((id >= 7235766) AND (id <= 7235866))

table 6 : explain SELECT id, c FROM sbtest6 WHERE id BETWEEN 7235766 AND 7235866
	Index Scan using sbtest6_pkey on sbtest6  (cost=0.43..441.69 rows=111 width=125)
	  Index Cond: ((id >= 7235766) AND (id <= 7235866))

table 7 : explain SELECT id, c FROM sbtest7 WHERE id BETWEEN 7235766 AND 7235866
	Index Scan using sbtest7_pkey on sbtest7  (cost=0.43..362.43 rows=91 width=125)
	  Index Cond: ((id >= 7235766) AND (id <= 7235866))

table 8 : explain SELECT id, c FROM sbtest8 WHERE id BETWEEN 7235766 AND 7235866
	Index Scan using sbtest8_pkey on sbtest8  (cost=0.43..410.91 rows=103 width=125)
	  Index Cond: ((id >= 7235766) AND (id <= 7235866))

explain: for range-notcovered :: explain SELECT id, c FROM sbtest%d WHERE id BETWEEN 4510717 AND 4510817
explain: for range-notcovered :: explain SELECT id, c FROM sbtest%d WHERE id BETWEEN 7235766 AND 7235866
for range-notcovered
table 1 : explain SELECT id, c FROM sbtest1 WHERE id BETWEEN 4793487 AND 4793587
	Index Scan using sbtest1_pkey on sbtest1  (cost=0.43..399.52 rows=100 width=125)
	  Index Cond: ((id >= 4793487) AND (id <= 4793587))

table 2 : explain SELECT id, c FROM sbtest2 WHERE id BETWEEN 4793487 AND 4793587
	Index Scan using sbtest2_pkey on sbtest2  (cost=0.43..371.85 rows=93 width=125)
	  Index Cond: ((id >= 4793487) AND (id <= 4793587))

table 3 : explain SELECT id, c FROM sbtest3 WHERE id BETWEEN 4793487 AND 4793587
	Index Scan using sbtest3_pkey on sbtest3  (cost=0.43..406.82 rows=102 width=125)
	  Index Cond: ((id >= 4793487) AND (id <= 4793587))

table 4 : explain SELECT id, c FROM sbtest4 WHERE id BETWEEN 4793487 AND 4793587
	Index Scan using sbtest4_pkey on sbtest4  (cost=0.43..394.66 rows=99 width=125)
	  Index Cond: ((id >= 4793487) AND (id <= 4793587))

table 5 : explain SELECT id, c FROM sbtest5 WHERE id BETWEEN 4793487 AND 4793587
	Index Scan using sbtest5_pkey on sbtest5  (cost=0.43..433.97 rows=109 width=125)
	  Index Cond: ((id >= 4793487) AND (id <= 4793587))

table 6 : explain SELECT id, c FROM sbtest6 WHERE id BETWEEN 4793487 AND 4793587
	Index Scan using sbtest6_pkey on sbtest6  (cost=0.43..382.60 rows=96 width=125)
	  Index Cond: ((id >= 4793487) AND (id <= 4793587))

table 7 : explain SELECT id, c FROM sbtest7 WHERE id BETWEEN 4793487 AND 4793587
	Index Scan using sbtest7_pkey on sbtest7  (cost=0.43..393.89 rows=99 width=125)
	  Index Cond: ((id >= 4793487) AND (id <= 4793587))

table 8 : explain SELECT id, c FROM sbtest8 WHERE id BETWEEN 4793487 AND 4793587
	Index Scan using sbtest8_pkey on sbtest8  (cost=0.43..410.91 rows=103 width=125)
	  Index Cond: ((id >= 4793487) AND (id <= 4793587))

explain: for range-notcovered :: explain SELECT id, c FROM sbtest%d WHERE id BETWEEN 4793487 AND 4793587
for range-notcovered
table 1 : explain SELECT id, c FROM sbtest1 WHERE id BETWEEN 4510717 AND 4510817
	Index Scan using sbtest1_pkey on sbtest1  (cost=0.43..391.62 rows=98 width=125)
	  Index Cond: ((id >= 4510717) AND (id <= 4510817))

table 2 : explain SELECT id, c FROM sbtest2 WHERE id BETWEEN 4510717 AND 4510817
	Index Scan using sbtest2_pkey on sbtest2  (cost=0.43..363.95 rows=91 width=125)
	  Index Cond: ((id >= 4510717) AND (id <= 4510817))

table 3 : explain SELECT id, c FROM sbtest3 WHERE id BETWEEN 4510717 AND 4510817
	Index Scan using sbtest3_pkey on sbtest3  (cost=0.43..418.66 rows=105 width=125)
	  Index Cond: ((id >= 4510717) AND (id <= 4510817))

table 4 : explain SELECT id, c FROM sbtest4 WHERE id BETWEEN 4510717 AND 4510817
	Index Scan using sbtest4_pkey on sbtest4  (cost=0.43..390.72 rows=98 width=125)
	  Index Cond: ((id >= 4510717) AND (id <= 4510817))

table 5 : explain SELECT id, c FROM sbtest5 WHERE id BETWEEN 4510717 AND 4510817
	Index Scan using sbtest5_pkey on sbtest5  (cost=0.43..418.21 rows=105 width=125)
	  Index Cond: ((id >= 4510717) AND (id <= 4510817))

table 6 : explain SELECT id, c FROM sbtest6 WHERE id BETWEEN 4510717 AND 4510817
	Index Scan using sbtest6_pkey on sbtest6  (cost=0.43..402.31 rows=101 width=125)
	  Index Cond: ((id >= 4510717) AND (id <= 4510817))

table 7 : explain SELECT id, c FROM sbtest7 WHERE id BETWEEN 4510717 AND 4510817
	Index Scan using sbtest7_pkey on sbtest7  (cost=0.43..370.30 rows=93 width=125)
	  Index Cond: ((id >= 4510717) AND (id <= 4510817))

table 8 : explain SELECT id, c FROM sbtest8 WHERE id BETWEEN 4510717 AND 4510817
	Index Scan using sbtest8_pkey on sbtest8  (cost=0.43..391.16 rows=98 width=125)
	  Index Cond: ((id >= 4510717) AND (id <= 4510817))

explain: for range-notcovered :: explain SELECT id, c FROM sbtest%d WHERE id BETWEEN 4510717 AND 4510817
for range-notcovered
table 1 : explain SELECT id, c FROM sbtest1 WHERE id BETWEEN 7235766 AND 7235866
	Index Scan using sbtest1_pkey on sbtest1  (cost=0.43..399.52 rows=100 width=125)
	  Index Cond: ((id >= 7235766) AND (id <= 7235866))

table 2 : explain SELECT id, c FROM sbtest2 WHERE id BETWEEN 7235766 AND 7235866
	Index Scan using sbtest2_pkey on sbtest2  (cost=0.43..399.52 rows=100 width=125)
	  Index Cond: ((id >= 7235766) AND (id <= 7235866))

table 3 : explain SELECT id, c FROM sbtest3 WHERE id BETWEEN 7235766 AND 7235866
	Index Scan using sbtest3_pkey on sbtest3  (cost=0.43..387.09 rows=97 width=125)
	  Index Cond: ((id >= 7235766) AND (id <= 7235866))

table 4 : explain SELECT id, c FROM sbtest4 WHERE id BETWEEN 7235766 AND 7235866
	Index Scan using sbtest4_pkey on sbtest4  (cost=0.43..398.60 rows=100 width=125)
	  Index Cond: ((id >= 7235766) AND (id <= 7235866))

table 5 : explain SELECT id, c FROM sbtest5 WHERE id BETWEEN 7235766 AND 7235866
	Index Scan using sbtest5_pkey on sbtest5  (cost=0.43..402.45 rows=101 width=125)
	  Index Cond: ((id >= 7235766) AND (id <= 7235866))

table 6 : explain SELECT id, c FROM sbtest6 WHERE id BETWEEN 7235766 AND 7235866
	Index Scan using sbtest6_pkey on sbtest6  (cost=0.43..441.69 rows=111 width=125)
	  Index Cond: ((id >= 7235766) AND (id <= 7235866))

table 7 : explain SELECT id, c FROM sbtest7 WHERE id BETWEEN 7235766 AND 7235866
	Index Scan using sbtest7_pkey on sbtest7  (cost=0.43..362.43 rows=91 width=125)
	  Index Cond: ((id >= 7235766) AND (id <= 7235866))

table 8 : explain SELECT id, c FROM sbtest8 WHERE id BETWEEN 7235766 AND 7235866
	Index Scan using sbtest8_pkey on sbtest8  (cost=0.43..410.91 rows=103 width=125)
	  Index Cond: ((id >= 7235766) AND (id <= 7235866))

explain: for range-notcovered :: explain SELECT id, c FROM sbtest%d WHERE id BETWEEN 7235766 AND 7235866
for range-notcovered
table 1 : explain SELECT id, c FROM sbtest1 WHERE id BETWEEN 4793487 AND 4793587
	Index Scan using sbtest1_pkey on sbtest1  (cost=0.43..399.52 rows=100 width=125)
	  Index Cond: ((id >= 4793487) AND (id <= 4793587))

table 2 : explain SELECT id, c FROM sbtest2 WHERE id BETWEEN 4793487 AND 4793587
	Index Scan using sbtest2_pkey on sbtest2  (cost=0.43..371.85 rows=93 width=125)
	  Index Cond: ((id >= 4793487) AND (id <= 4793587))

table 3 : explain SELECT id, c FROM sbtest3 WHERE id BETWEEN 4793487 AND 4793587
	Index Scan using sbtest3_pkey on sbtest3  (cost=0.43..406.82 rows=102 width=125)
	  Index Cond: ((id >= 4793487) AND (id <= 4793587))

table 4 : explain SELECT id, c FROM sbtest4 WHERE id BETWEEN 4793487 AND 4793587
	Index Scan using sbtest4_pkey on sbtest4  (cost=0.43..394.66 rows=99 width=125)
	  Index Cond: ((id >= 4793487) AND (id <= 4793587))

table 5 : explain SELECT id, c FROM sbtest5 WHERE id BETWEEN 4793487 AND 4793587
	Index Scan using sbtest5_pkey on sbtest5  (cost=0.43..433.97 rows=109 width=125)
	  Index Cond: ((id >= 4793487) AND (id <= 4793587))

table 6 : explain SELECT id, c FROM sbtest6 WHERE id BETWEEN 4793487 AND 4793587
	Index Scan using sbtest6_pkey on sbtest6  (cost=0.43..382.60 rows=96 width=125)
	  Index Cond: ((id >= 4793487) AND (id <= 4793587))

table 7 : explain SELECT id, c FROM sbtest7 WHERE id BETWEEN 4793487 AND 4793587
	Index Scan using sbtest7_pkey on sbtest7  (cost=0.43..393.89 rows=99 width=125)
	  Index Cond: ((id >= 4793487) AND (id <= 4793587))

table 8 : explain SELECT id, c FROM sbtest8 WHERE id BETWEEN 4793487 AND 4793587
	Index Scan using sbtest8_pkey on sbtest8  (cost=0.43..410.91 rows=103 width=125)
	  Index Cond: ((id >= 4793487) AND (id <= 4793587))

explain: for range-notcovered :: explain SELECT id, c FROM sbtest%d WHERE id BETWEEN 4793487 AND 4793587
for range-notcovered
table 1 : explain SELECT id, c FROM sbtest1 WHERE id BETWEEN 4510717 AND 4510817
	Index Scan using sbtest1_pkey on sbtest1  (cost=0.43..391.62 rows=98 width=125)
	  Index Cond: ((id >= 4510717) AND (id <= 4510817))

table 2 : explain SELECT id, c FROM sbtest2 WHERE id BETWEEN 4510717 AND 4510817
	Index Scan using sbtest2_pkey on sbtest2  (cost=0.43..363.95 rows=91 width=125)
	  Index Cond: ((id >= 4510717) AND (id <= 4510817))

table 3 : explain SELECT id, c FROM sbtest3 WHERE id BETWEEN 4510717 AND 4510817
	Index Scan using sbtest3_pkey on sbtest3  (cost=0.43..418.66 rows=105 width=125)
	  Index Cond: ((id >= 4510717) AND (id <= 4510817))

table 4 : explain SELECT id, c FROM sbtest4 WHERE id BETWEEN 4510717 AND 4510817
	Index Scan using sbtest4_pkey on sbtest4  (cost=0.43..390.72 rows=98 width=125)
	  Index Cond: ((id >= 4510717) AND (id <= 4510817))

table 5 : explain SELECT id, c FROM sbtest5 WHERE id BETWEEN 4510717 AND 4510817
	Index Scan using sbtest5_pkey on sbtest5  (cost=0.43..418.21 rows=105 width=125)
	  Index Cond: ((id >= 4510717) AND (id <= 4510817))

table 6 : explain SELECT id, c FROM sbtest6 WHERE id BETWEEN 4510717 AND 4510817
	Index Scan using sbtest6_pkey on sbtest6  (cost=0.43..402.31 rows=101 width=125)
	  Index Cond: ((id >= 4510717) AND (id <= 4510817))

table 7 : explain SELECT id, c FROM sbtest7 WHERE id BETWEEN 4510717 AND 4510817
	Index Scan using sbtest7_pkey on sbtest7  (cost=0.43..370.30 rows=93 width=125)
	  Index Cond: ((id >= 4510717) AND (id <= 4510817))

table 8 : explain SELECT id, c FROM sbtest8 WHERE id BETWEEN 4510717 AND 4510817
	Index Scan using sbtest8_pkey on sbtest8  (cost=0.43..391.16 rows=98 width=125)
	  Index Cond: ((id >= 4510717) AND (id <= 4510817))

explain: for range-notcovered :: explain SELECT id, c FROM sbtest%d WHERE id BETWEEN 4510717 AND 4510817
for range-notcovered
table 1 : explain SELECT id, c FROM sbtest1 WHERE id BETWEEN 7235766 AND 7235866
	Index Scan using sbtest1_pkey on sbtest1  (cost=0.43..399.52 rows=100 width=125)
	  Index Cond: ((id >= 7235766) AND (id <= 7235866))

table 2 : explain SELECT id, c FROM sbtest2 WHERE id BETWEEN 7235766 AND 7235866
	Index Scan using sbtest2_pkey on sbtest2  (cost=0.43..399.52 rows=100 width=125)
	  Index Cond: ((id >= 7235766) AND (id <= 7235866))

table 3 : explain SELECT id, c FROM sbtest3 WHERE id BETWEEN 7235766 AND 7235866
	Index Scan using sbtest3_pkey on sbtest3  (cost=0.43..387.09 rows=97 width=125)
	  Index Cond: ((id >= 7235766) AND (id <= 7235866))

table 4 : explain SELECT id, c FROM sbtest4 WHERE id BETWEEN 7235766 AND 7235866
	Index Scan using sbtest4_pkey on sbtest4  (cost=0.43..398.60 rows=100 width=125)
	  Index Cond: ((id >= 7235766) AND (id <= 7235866))

table 5 : explain SELECT id, c FROM sbtest5 WHERE id BETWEEN 7235766 AND 7235866
	Index Scan using sbtest5_pkey on sbtest5  (cost=0.43..402.45 rows=101 width=125)
	  Index Cond: ((id >= 7235766) AND (id <= 7235866))

table 6 : explain SELECT id, c FROM sbtest6 WHERE id BETWEEN 7235766 AND 7235866
	Index Scan using sbtest6_pkey on sbtest6  (cost=0.43..441.69 rows=111 width=125)
	  Index Cond: ((id >= 7235766) AND (id <= 7235866))

table 7 : explain SELECT id, c FROM sbtest7 WHERE id BETWEEN 7235766 AND 7235866
	Index Scan using sbtest7_pkey on sbtest7  (cost=0.43..362.43 rows=91 width=125)
	  Index Cond: ((id >= 7235766) AND (id <= 7235866))

table 8 : explain SELECT id, c FROM sbtest8 WHERE id BETWEEN 7235766 AND 7235866
	Index Scan using sbtest8_pkey on sbtest8  (cost=0.43..410.91 rows=103 width=125)
	  Index Cond: ((id >= 7235766) AND (id <= 7235866))

explain: for range-notcovered :: explain SELECT id, c FROM sbtest%d WHERE id BETWEEN 7235766 AND 7235866
for range-notcovered
table 1 : explain SELECT id, c FROM sbtest1 WHERE id BETWEEN 4793487 AND 4793587
	Index Scan using sbtest1_pkey on sbtest1  (cost=0.43..399.52 rows=100 width=125)
	  Index Cond: ((id >= 4793487) AND (id <= 4793587))

table 2 : explain SELECT id, c FROM sbtest2 WHERE id BETWEEN 4793487 AND 4793587
	Index Scan using sbtest2_pkey on sbtest2  (cost=0.43..371.85 rows=93 width=125)
	  Index Cond: ((id >= 4793487) AND (id <= 4793587))

table 3 : explain SELECT id, c FROM sbtest3 WHERE id BETWEEN 4793487 AND 4793587
	Index Scan using sbtest3_pkey on sbtest3  (cost=0.43..406.82 rows=102 width=125)
	  Index Cond: ((id >= 4793487) AND (id <= 4793587))

table 4 : explain SELECT id, c FROM sbtest4 WHERE id BETWEEN 4793487 AND 4793587
	Index Scan using sbtest4_pkey on sbtest4  (cost=0.43..394.66 rows=99 width=125)
	  Index Cond: ((id >= 4793487) AND (id <= 4793587))

table 5 : explain SELECT id, c FROM sbtest5 WHERE id BETWEEN 4793487 AND 4793587
	Index Scan using sbtest5_pkey on sbtest5  (cost=0.43..433.97 rows=109 width=125)
	  Index Cond: ((id >= 4793487) AND (id <= 4793587))

table 6 : explain SELECT id, c FROM sbtest6 WHERE id BETWEEN 4793487 AND 4793587
	Index Scan using sbtest6_pkey on sbtest6  (cost=0.43..382.60 rows=96 width=125)
	  Index Cond: ((id >= 4793487) AND (id <= 4793587))

table 7 : explain SELECT id, c FROM sbtest7 WHERE id BETWEEN 4793487 AND 4793587
	Index Scan using sbtest7_pkey on sbtest7  (cost=0.43..393.89 rows=99 width=125)
	  Index Cond: ((id >= 4793487) AND (id <= 4793587))

table 8 : explain SELECT id, c FROM sbtest8 WHERE id BETWEEN 4793487 AND 4793587
	Index Scan using sbtest8_pkey on sbtest8  (cost=0.43..410.91 rows=103 width=125)
	  Index Cond: ((id >= 4793487) AND (id <= 4793587))

explain: for range-notcovered :: explain SELECT id, c FROM sbtest%d WHERE id BETWEEN 4793487 AND 4793587
for range-notcovered
table 1 : explain SELECT id, c FROM sbtest1 WHERE id BETWEEN 4510717 AND 4510817
	Index Scan using sbtest1_pkey on sbtest1  (cost=0.43..391.62 rows=98 width=125)
	  Index Cond: ((id >= 4510717) AND (id <= 4510817))

table 2 : explain SELECT id, c FROM sbtest2 WHERE id BETWEEN 4510717 AND 4510817
	Index Scan using sbtest2_pkey on sbtest2  (cost=0.43..363.95 rows=91 width=125)
	  Index Cond: ((id >= 4510717) AND (id <= 4510817))

table 3 : explain SELECT id, c FROM sbtest3 WHERE id BETWEEN 4510717 AND 4510817
	Index Scan using sbtest3_pkey on sbtest3  (cost=0.43..418.66 rows=105 width=125)
	  Index Cond: ((id >= 4510717) AND (id <= 4510817))

table 4 : explain SELECT id, c FROM sbtest4 WHERE id BETWEEN 4510717 AND 4510817
	Index Scan using sbtest4_pkey on sbtest4  (cost=0.43..390.72 rows=98 width=125)
	  Index Cond: ((id >= 4510717) AND (id <= 4510817))

table 5 : explain SELECT id, c FROM sbtest5 WHERE id BETWEEN 4510717 AND 4510817
	Index Scan using sbtest5_pkey on sbtest5  (cost=0.43..418.21 rows=105 width=125)
	  Index Cond: ((id >= 4510717) AND (id <= 4510817))

table 6 : explain SELECT id, c FROM sbtest6 WHERE id BETWEEN 4510717 AND 4510817
	Index Scan using sbtest6_pkey on sbtest6  (cost=0.43..402.31 rows=101 width=125)
	  Index Cond: ((id >= 4510717) AND (id <= 4510817))

table 7 : explain SELECT id, c FROM sbtest7 WHERE id BETWEEN 4510717 AND 4510817
	Index Scan using sbtest7_pkey on sbtest7  (cost=0.43..370.30 rows=93 width=125)
	  Index Cond: ((id >= 4510717) AND (id <= 4510817))

table 8 : explain SELECT id, c FROM sbtest8 WHERE id BETWEEN 4510717 AND 4510817
	Index Scan using sbtest8_pkey on sbtest8  (cost=0.43..391.16 rows=98 width=125)
	  Index Cond: ((id >= 4510717) AND (id <= 4510817))

for range-notcovered
table 1 : explain SELECT id, c FROM sbtest1 WHERE id BETWEEN 7235766 AND 7235866
	Index Scan using sbtest1_pkey on sbtest1  (cost=0.43..399.52 rows=100 width=125)
	  Index Cond: ((id >= 7235766) AND (id <= 7235866))

table 2 : explain SELECT id, c FROM sbtest2 WHERE id BETWEEN 7235766 AND 7235866
	Index Scan using sbtest2_pkey on sbtest2  (cost=0.43..399.52 rows=100 width=125)
	  Index Cond: ((id >= 7235766) AND (id <= 7235866))

table 3 : explain SELECT id, c FROM sbtest3 WHERE id BETWEEN 7235766 AND 7235866
	Index Scan using sbtest3_pkey on sbtest3  (cost=0.43..387.09 rows=97 width=125)
	  Index Cond: ((id >= 7235766) AND (id <= 7235866))

table 4 : explain SELECT id, c FROM sbtest4 WHERE id BETWEEN 7235766 AND 7235866
	Index Scan using sbtest4_pkey on sbtest4  (cost=0.43..398.60 rows=100 width=125)
	  Index Cond: ((id >= 7235766) AND (id <= 7235866))

table 5 : explain SELECT id, c FROM sbtest5 WHERE id BETWEEN 7235766 AND 7235866
	Index Scan using sbtest5_pkey on sbtest5  (cost=0.43..402.45 rows=101 width=125)
	  Index Cond: ((id >= 7235766) AND (id <= 7235866))

table 6 : explain SELECT id, c FROM sbtest6 WHERE id BETWEEN 7235766 AND 7235866
	Index Scan using sbtest6_pkey on sbtest6  (cost=0.43..441.69 rows=111 width=125)
	  Index Cond: ((id >= 7235766) AND (id <= 7235866))

table 7 : explain SELECT id, c FROM sbtest7 WHERE id BETWEEN 7235766 AND 7235866
	Index Scan using sbtest7_pkey on sbtest7  (cost=0.43..362.43 rows=91 width=125)
	  Index Cond: ((id >= 7235766) AND (id <= 7235866))

table 8 : explain SELECT id, c FROM sbtest8 WHERE id BETWEEN 7235766 AND 7235866
	Index Scan using sbtest8_pkey on sbtest8  (cost=0.43..410.91 rows=103 width=125)
	  Index Cond: ((id >= 7235766) AND (id <= 7235866))

explain: for range-notcovered :: explain SELECT id, c FROM sbtest%d WHERE id BETWEEN 4510717 AND 4510817
explain: for range-notcovered :: explain SELECT id, c FROM sbtest%d WHERE id BETWEEN 7235766 AND 7235866
for range-notcovered
table 1 : explain SELECT id, c FROM sbtest1 WHERE id BETWEEN 4793487 AND 4793587
	Index Scan using sbtest1_pkey on sbtest1  (cost=0.43..399.52 rows=100 width=125)
	  Index Cond: ((id >= 4793487) AND (id <= 4793587))

table 2 : explain SELECT id, c FROM sbtest2 WHERE id BETWEEN 4793487 AND 4793587
	Index Scan using sbtest2_pkey on sbtest2  (cost=0.43..371.85 rows=93 width=125)
	  Index Cond: ((id >= 4793487) AND (id <= 4793587))

table 3 : explain SELECT id, c FROM sbtest3 WHERE id BETWEEN 4793487 AND 4793587
	Index Scan using sbtest3_pkey on sbtest3  (cost=0.43..406.82 rows=102 width=125)
	  Index Cond: ((id >= 4793487) AND (id <= 4793587))

table 4 : explain SELECT id, c FROM sbtest4 WHERE id BETWEEN 4793487 AND 4793587
	Index Scan using sbtest4_pkey on sbtest4  (cost=0.43..394.66 rows=99 width=125)
	  Index Cond: ((id >= 4793487) AND (id <= 4793587))

table 5 : explain SELECT id, c FROM sbtest5 WHERE id BETWEEN 4793487 AND 4793587
	Index Scan using sbtest5_pkey on sbtest5  (cost=0.43..433.97 rows=109 width=125)
	  Index Cond: ((id >= 4793487) AND (id <= 4793587))

table 6 : explain SELECT id, c FROM sbtest6 WHERE id BETWEEN 4793487 AND 4793587
	Index Scan using sbtest6_pkey on sbtest6  (cost=0.43..382.60 rows=96 width=125)
	  Index Cond: ((id >= 4793487) AND (id <= 4793587))

table 7 : explain SELECT id, c FROM sbtest7 WHERE id BETWEEN 4793487 AND 4793587
	Index Scan using sbtest7_pkey on sbtest7  (cost=0.43..393.89 rows=99 width=125)
	  Index Cond: ((id >= 4793487) AND (id <= 4793587))

table 8 : explain SELECT id, c FROM sbtest8 WHERE id BETWEEN 4793487 AND 4793587
	Index Scan using sbtest8_pkey on sbtest8  (cost=0.43..410.91 rows=103 width=125)
	  Index Cond: ((id >= 4793487) AND (id <= 4793587))

explain: for range-notcovered :: explain SELECT id, c FROM sbtest%d WHERE id BETWEEN 4793487 AND 4793587
for range-notcovered
table 1 : explain SELECT id, c FROM sbtest1 WHERE id BETWEEN 4510717 AND 4510817
	Index Scan using sbtest1_pkey on sbtest1  (cost=0.43..391.62 rows=98 width=125)
	  Index Cond: ((id >= 4510717) AND (id <= 4510817))

table 2 : explain SELECT id, c FROM sbtest2 WHERE id BETWEEN 4510717 AND 4510817
	Index Scan using sbtest2_pkey on sbtest2  (cost=0.43..363.95 rows=91 width=125)
	  Index Cond: ((id >= 4510717) AND (id <= 4510817))

table 3 : explain SELECT id, c FROM sbtest3 WHERE id BETWEEN 4510717 AND 4510817
	Index Scan using sbtest3_pkey on sbtest3  (cost=0.43..418.66 rows=105 width=125)
	  Index Cond: ((id >= 4510717) AND (id <= 4510817))

table 4 : explain SELECT id, c FROM sbtest4 WHERE id BETWEEN 4510717 AND 4510817
	Index Scan using sbtest4_pkey on sbtest4  (cost=0.43..390.72 rows=98 width=125)
	  Index Cond: ((id >= 4510717) AND (id <= 4510817))

table 5 : explain SELECT id, c FROM sbtest5 WHERE id BETWEEN 4510717 AND 4510817
	Index Scan using sbtest5_pkey on sbtest5  (cost=0.43..418.21 rows=105 width=125)
	  Index Cond: ((id >= 4510717) AND (id <= 4510817))

table 6 : explain SELECT id, c FROM sbtest6 WHERE id BETWEEN 4510717 AND 4510817
	Index Scan using sbtest6_pkey on sbtest6  (cost=0.43..402.31 rows=101 width=125)
	  Index Cond: ((id >= 4510717) AND (id <= 4510817))

table 7 : explain SELECT id, c FROM sbtest7 WHERE id BETWEEN 4510717 AND 4510817
	Index Scan using sbtest7_pkey on sbtest7  (cost=0.43..370.30 rows=93 width=125)
	  Index Cond: ((id >= 4510717) AND (id <= 4510817))

table 8 : explain SELECT id, c FROM sbtest8 WHERE id BETWEEN 4510717 AND 4510817
	Index Scan using sbtest8_pkey on sbtest8  (cost=0.43..391.16 rows=98 width=125)
	  Index Cond: ((id >= 4510717) AND (id <= 4510817))

for range-notcovered
table 1 : explain SELECT id, c FROM sbtest1 WHERE id BETWEEN 7235766 AND 7235866
	Index Scan using sbtest1_pkey on sbtest1  (cost=0.43..399.52 rows=100 width=125)
	  Index Cond: ((id >= 7235766) AND (id <= 7235866))

table 2 : explain SELECT id, c FROM sbtest2 WHERE id BETWEEN 7235766 AND 7235866
	Index Scan using sbtest2_pkey on sbtest2  (cost=0.43..399.52 rows=100 width=125)
	  Index Cond: ((id >= 7235766) AND (id <= 7235866))

table 3 : explain SELECT id, c FROM sbtest3 WHERE id BETWEEN 7235766 AND 7235866
	Index Scan using sbtest3_pkey on sbtest3  (cost=0.43..387.09 rows=97 width=125)
	  Index Cond: ((id >= 7235766) AND (id <= 7235866))

table 4 : explain SELECT id, c FROM sbtest4 WHERE id BETWEEN 7235766 AND 7235866
	Index Scan using sbtest4_pkey on sbtest4  (cost=0.43..398.60 rows=100 width=125)
	  Index Cond: ((id >= 7235766) AND (id <= 7235866))

table 5 : explain SELECT id, c FROM sbtest5 WHERE id BETWEEN 7235766 AND 7235866
	Index Scan using sbtest5_pkey on sbtest5  (cost=0.43..402.45 rows=101 width=125)
	  Index Cond: ((id >= 7235766) AND (id <= 7235866))

table 6 : explain SELECT id, c FROM sbtest6 WHERE id BETWEEN 7235766 AND 7235866
	Index Scan using sbtest6_pkey on sbtest6  (cost=0.43..441.69 rows=111 width=125)
	  Index Cond: ((id >= 7235766) AND (id <= 7235866))

table 7 : explain SELECT id, c FROM sbtest7 WHERE id BETWEEN 7235766 AND 7235866
	Index Scan using sbtest7_pkey on sbtest7  (cost=0.43..362.43 rows=91 width=125)
	  Index Cond: ((id >= 7235766) AND (id <= 7235866))

table 8 : explain SELECT id, c FROM sbtest8 WHERE id BETWEEN 7235766 AND 7235866
	Index Scan using sbtest8_pkey on sbtest8  (cost=0.43..410.91 rows=103 width=125)
	  Index Cond: ((id >= 7235766) AND (id <= 7235866))

explain: for range-notcovered :: explain SELECT id, c FROM sbtest%d WHERE id BETWEEN 4510717 AND 4510817
explain: for range-notcovered :: explain SELECT id, c FROM sbtest%d WHERE id BETWEEN 7235766 AND 7235866
for range-notcovered
table 1 : explain SELECT id, c FROM sbtest1 WHERE id BETWEEN 4793487 AND 4793587
	Index Scan using sbtest1_pkey on sbtest1  (cost=0.43..399.52 rows=100 width=125)
	  Index Cond: ((id >= 4793487) AND (id <= 4793587))

table 2 : explain SELECT id, c FROM sbtest2 WHERE id BETWEEN 4793487 AND 4793587
	Index Scan using sbtest2_pkey on sbtest2  (cost=0.43..371.85 rows=93 width=125)
	  Index Cond: ((id >= 4793487) AND (id <= 4793587))

table 3 : explain SELECT id, c FROM sbtest3 WHERE id BETWEEN 4793487 AND 4793587
	Index Scan using sbtest3_pkey on sbtest3  (cost=0.43..406.82 rows=102 width=125)
	  Index Cond: ((id >= 4793487) AND (id <= 4793587))

table 4 : explain SELECT id, c FROM sbtest4 WHERE id BETWEEN 4793487 AND 4793587
	Index Scan using sbtest4_pkey on sbtest4  (cost=0.43..394.66 rows=99 width=125)
	  Index Cond: ((id >= 4793487) AND (id <= 4793587))

table 5 : explain SELECT id, c FROM sbtest5 WHERE id BETWEEN 4793487 AND 4793587
	Index Scan using sbtest5_pkey on sbtest5  (cost=0.43..433.97 rows=109 width=125)
	  Index Cond: ((id >= 4793487) AND (id <= 4793587))

table 6 : explain SELECT id, c FROM sbtest6 WHERE id BETWEEN 4793487 AND 4793587
	Index Scan using sbtest6_pkey on sbtest6  (cost=0.43..382.60 rows=96 width=125)
	  Index Cond: ((id >= 4793487) AND (id <= 4793587))

table 7 : explain SELECT id, c FROM sbtest7 WHERE id BETWEEN 4793487 AND 4793587
	Index Scan using sbtest7_pkey on sbtest7  (cost=0.43..393.89 rows=99 width=125)
	  Index Cond: ((id >= 4793487) AND (id <= 4793587))

table 8 : explain SELECT id, c FROM sbtest8 WHERE id BETWEEN 4793487 AND 4793587
	Index Scan using sbtest8_pkey on sbtest8  (cost=0.43..410.91 rows=103 width=125)
	  Index Cond: ((id >= 4793487) AND (id <= 4793587))

for range-notcovered
table 1 : explain SELECT id, c FROM sbtest1 WHERE id BETWEEN 7235766 AND 7235866
	Index Scan using sbtest1_pkey on sbtest1  (cost=0.43..399.52 rows=100 width=125)
	  Index Cond: ((id >= 7235766) AND (id <= 7235866))

table 2 : explain SELECT id, c FROM sbtest2 WHERE id BETWEEN 7235766 AND 7235866
	Index Scan using sbtest2_pkey on sbtest2  (cost=0.43..399.52 rows=100 width=125)
	  Index Cond: ((id >= 7235766) AND (id <= 7235866))

table 3 : explain SELECT id, c FROM sbtest3 WHERE id BETWEEN 7235766 AND 7235866
	Index Scan using sbtest3_pkey on sbtest3  (cost=0.43..387.09 rows=97 width=125)
	  Index Cond: ((id >= 7235766) AND (id <= 7235866))

table 4 : explain SELECT id, c FROM sbtest4 WHERE id BETWEEN 7235766 AND 7235866
	Index Scan using sbtest4_pkey on sbtest4  (cost=0.43..398.60 rows=100 width=125)
	  Index Cond: ((id >= 7235766) AND (id <= 7235866))

table 5 : explain SELECT id, c FROM sbtest5 WHERE id BETWEEN 7235766 AND 7235866
	Index Scan using sbtest5_pkey on sbtest5  (cost=0.43..402.45 rows=101 width=125)
	  Index Cond: ((id >= 7235766) AND (id <= 7235866))

table 6 : explain SELECT id, c FROM sbtest6 WHERE id BETWEEN 7235766 AND 7235866
	Index Scan using sbtest6_pkey on sbtest6  (cost=0.43..441.69 rows=111 width=125)
	  Index Cond: ((id >= 7235766) AND (id <= 7235866))

table 7 : explain SELECT id, c FROM sbtest7 WHERE id BETWEEN 7235766 AND 7235866
	Index Scan using sbtest7_pkey on sbtest7  (cost=0.43..362.43 rows=91 width=125)
	  Index Cond: ((id >= 7235766) AND (id <= 7235866))

table 8 : explain SELECT id, c FROM sbtest8 WHERE id BETWEEN 7235766 AND 7235866
	Index Scan using sbtest8_pkey on sbtest8  (cost=0.43..410.91 rows=103 width=125)
	  Index Cond: ((id >= 7235766) AND (id <= 7235866))

for range-notcovered
table 1 : explain SELECT id, c FROM sbtest1 WHERE id BETWEEN 4510717 AND 4510817
	Index Scan using sbtest1_pkey on sbtest1  (cost=0.43..391.62 rows=98 width=125)
	  Index Cond: ((id >= 4510717) AND (id <= 4510817))

table 2 : explain SELECT id, c FROM sbtest2 WHERE id BETWEEN 4510717 AND 4510817
	Index Scan using sbtest2_pkey on sbtest2  (cost=0.43..363.95 rows=91 width=125)
	  Index Cond: ((id >= 4510717) AND (id <= 4510817))

table 3 : explain SELECT id, c FROM sbtest3 WHERE id BETWEEN 4510717 AND 4510817
	Index Scan using sbtest3_pkey on sbtest3  (cost=0.43..418.66 rows=105 width=125)
	  Index Cond: ((id >= 4510717) AND (id <= 4510817))

table 4 : explain SELECT id, c FROM sbtest4 WHERE id BETWEEN 4510717 AND 4510817
	Index Scan using sbtest4_pkey on sbtest4  (cost=0.43..390.72 rows=98 width=125)
	  Index Cond: ((id >= 4510717) AND (id <= 4510817))

table 5 : explain SELECT id, c FROM sbtest5 WHERE id BETWEEN 4510717 AND 4510817
	Index Scan using sbtest5_pkey on sbtest5  (cost=0.43..418.21 rows=105 width=125)
	  Index Cond: ((id >= 4510717) AND (id <= 4510817))

table 6 : explain SELECT id, c FROM sbtest6 WHERE id BETWEEN 4510717 AND 4510817
	Index Scan using sbtest6_pkey on sbtest6  (cost=0.43..402.31 rows=101 width=125)
	  Index Cond: ((id >= 4510717) AND (id <= 4510817))

table 7 : explain SELECT id, c FROM sbtest7 WHERE id BETWEEN 4510717 AND 4510817
	Index Scan using sbtest7_pkey on sbtest7  (cost=0.43..370.30 rows=93 width=125)
	  Index Cond: ((id >= 4510717) AND (id <= 4510817))

table 8 : explain SELECT id, c FROM sbtest8 WHERE id BETWEEN 4510717 AND 4510817
	Index Scan using sbtest8_pkey on sbtest8  (cost=0.43..391.16 rows=98 width=125)
	  Index Cond: ((id >= 4510717) AND (id <= 4510817))

explain: for range-notcovered :: explain SELECT id, c FROM sbtest%d WHERE id BETWEEN 7235766 AND 7235866
for range-notcovered
table 1 : explain SELECT id, c FROM sbtest1 WHERE id BETWEEN 7235766 AND 7235866
	Index Scan using sbtest1_pkey on sbtest1  (cost=0.43..399.52 rows=100 width=125)
	  Index Cond: ((id >= 7235766) AND (id <= 7235866))

table 2 : explain SELECT id, c FROM sbtest2 WHERE id BETWEEN 7235766 AND 7235866
	Index Scan using sbtest2_pkey on sbtest2  (cost=0.43..399.52 rows=100 width=125)
	  Index Cond: ((id >= 7235766) AND (id <= 7235866))

table 3 : explain SELECT id, c FROM sbtest3 WHERE id BETWEEN 7235766 AND 7235866
	Index Scan using sbtest3_pkey on sbtest3  (cost=0.43..387.09 rows=97 width=125)
	  Index Cond: ((id >= 7235766) AND (id <= 7235866))

table 4 : explain SELECT id, c FROM sbtest4 WHERE id BETWEEN 7235766 AND 7235866
	Index Scan using sbtest4_pkey on sbtest4  (cost=0.43..398.60 rows=100 width=125)
	  Index Cond: ((id >= 7235766) AND (id <= 7235866))

table 5 : explain SELECT id, c FROM sbtest5 WHERE id BETWEEN 7235766 AND 7235866
	Index Scan using sbtest5_pkey on sbtest5  (cost=0.43..402.45 rows=101 width=125)
	  Index Cond: ((id >= 7235766) AND (id <= 7235866))

table 6 : explain SELECT id, c FROM sbtest6 WHERE id BETWEEN 7235766 AND 7235866
	Index Scan using sbtest6_pkey on sbtest6  (cost=0.43..441.69 rows=111 width=125)
	  Index Cond: ((id >= 7235766) AND (id <= 7235866))

table 7 : explain SELECT id, c FROM sbtest7 WHERE id BETWEEN 7235766 AND 7235866
	Index Scan using sbtest7_pkey on sbtest7  (cost=0.43..362.43 rows=91 width=125)
	  Index Cond: ((id >= 7235766) AND (id <= 7235866))

table 8 : explain SELECT id, c FROM sbtest8 WHERE id BETWEEN 7235766 AND 7235866
	Index Scan using sbtest8_pkey on sbtest8  (cost=0.43..410.91 rows=103 width=125)
	  Index Cond: ((id >= 7235766) AND (id <= 7235866))

Threads started!

Warming up for 5 seconds...

SQL statistics:
    queries performed:
        read:                            116820874
        write:                           0
        other:                           0
        total:                           116820874
    transactions:                        116820874 (185423.95 per sec.)
    queries:                             116820874 (185423.95 per sec.)
    ignored errors:                      0      (0.00 per sec.)
    reconnects:                          0      (0.00 per sec.)

Throughput:
    events/s (eps):                      185423.9502
    time elapsed:                        630.0205s
    total number of events:              116820874

Latency (ms):
         min:                                    0.07
         avg:                                    0.22
         max:                                   20.16
         95th percentile:                        0.23
         sum:                             25149427.18

Threads fairness:
    events (avg/stddev):           2920517.7500/8647.20
    execution time (avg/stddev):   628.7357/0.05

