LUA_PATH=/home/mdcallag/git/mytools/bench/sysbench.lua/lua/?.lua /home/mdcallag/git/mytools/bench/sysbench.lua/lua/sysbench --db-driver=pgsql --range-size=10000 --table-size=10000000 --tables=8 --threads=40 --events=0 --warmup-time=5 --time=630 --pgsql_conn_id=true /home/mdcallag/git/mytools/bench/sysbench.lua/lua/oltp_read_only.lua run --pgsql-user=root --pgsql-password=pw --pgsql-host=127.0.0.1 --pgsql-db=ib --rand-type=uniform
48 CPUs
sysbench 1.1.0-9072687 (using bundled LuaJIT 2.1.0-beta3)

Running the test with following options:
Number of threads: 40
Warmup time: 5s
Initializing random number generator from current time


Initializing worker threads...

explain: for point_selects :: explain SELECT c FROM sbtest%u WHERE id=%u
explain: for point_selects :: explain SELECT c FROM sbtest%u WHERE id=%u
explain: for point_selects :: explain SELECT c FROM sbtest%u WHERE id=%u
explain: for point_selects :: explain SELECT c FROM sbtest%u WHERE id=%u
explain: for point_selects :: explain SELECT c FROM sbtest%u WHERE id=%u
explain: for point_selects :: explain SELECT c FROM sbtest%u WHERE id=%u
explain: for point_selects :: explain SELECT c FROM sbtest%u WHERE id=%u
explain: for point_selects :: explain SELECT c FROM sbtest%u WHERE id=%u
explain: for point_selects :: explain SELECT c FROM sbtest%u WHERE id=%u
explain: for point_selects :: explain SELECT c FROM sbtest%u WHERE id=%u
explain: for point_selects :: explain SELECT c FROM sbtest%u WHERE id=%u
for point_selects
table 1 : explain SELECT c FROM sbtest1 WHERE id=9924580
	Index Scan using sbtest1_pkey on sbtest1  (cost=0.43..8.45 rows=1 width=121)
	  Index Cond: (id = 9924580)

table 2 : explain SELECT c FROM sbtest2 WHERE id=1636830
	Index Scan using sbtest2_pkey on sbtest2  (cost=0.43..8.45 rows=1 width=121)
	  Index Cond: (id = 1636830)

table 3 : explain SELECT c FROM sbtest3 WHERE id=3250335
	Index Scan using sbtest3_pkey on sbtest3  (cost=0.43..8.45 rows=1 width=121)
	  Index Cond: (id = 3250335)

table 4 : explain SELECT c FROM sbtest4 WHERE id=8290804
	Index Scan using sbtest4_pkey on sbtest4  (cost=0.43..8.45 rows=1 width=121)
	  Index Cond: (id = 8290804)

table 5 : explain SELECT c FROM sbtest5 WHERE id=1670373
	Index Scan using sbtest5_pkey on sbtest5  (cost=0.43..8.45 rows=1 width=121)
	  Index Cond: (id = 1670373)

table 6 : explain SELECT c FROM sbtest6 WHERE id=4482121
	Index Scan using sbtest6_pkey on sbtest6  (cost=0.43..8.45 rows=1 width=121)
	  Index Cond: (id = 4482121)

table 7 : explain SELECT c FROM sbtest7 WHERE id=2431220
	Index Scan using sbtest7_pkey on sbtest7  (cost=0.43..8.45 rows=1 width=121)
	  Index Cond: (id = 2431220)

table 8 : explain SELECT c FROM sbtest8 WHERE id=9585426
	Index Scan using sbtest8_pkey on sbtest8  (cost=0.43..8.45 rows=1 width=121)
	  Index Cond: (id = 9585426)

for point_selects
table 1 : explain SELECT c FROM sbtest1 WHERE id=1403284
	Index Scan using sbtest1_pkey on sbtest1  (cost=0.43..8.45 rows=1 width=121)
	  Index Cond: (id = 1403284)

table 2 : explain SELECT c FROM sbtest2 WHERE id=4644070
	Index Scan using sbtest2_pkey on sbtest2  (cost=0.43..8.45 rows=1 width=121)
	  Index Cond: (id = 4644070)

table 3 : explain SELECT c FROM sbtest3 WHERE id=927537
	Index Scan using sbtest3_pkey on sbtest3  (cost=0.43..8.45 rows=1 width=121)
	  Index Cond: (id = 927537)

table 4 : explain SELECT c FROM sbtest4 WHERE id=9957857
	Index Scan using sbtest4_pkey on sbtest4  (cost=0.43..8.45 rows=1 width=121)
	  Index Cond: (id = 9957857)

table 5 : explain SELECT c FROM sbtest5 WHERE id=5862115
	Index Scan using sbtest5_pkey on sbtest5  (cost=0.43..8.45 rows=1 width=121)
	  Index Cond: (id = 5862115)

table 6 : explain SELECT c FROM sbtest6 WHERE id=2208273
	Index Scan using sbtest6_pkey on sbtest6  (cost=0.43..8.45 rows=1 width=121)
	  Index Cond: (id = 2208273)

table 7 : explain SELECT c FROM sbtest7 WHERE id=5476749
	Index Scan using sbtest7_pkey on sbtest7  (cost=0.43..8.45 rows=1 width=121)
	  Index Cond: (id = 5476749)

table 8 : explain SELECT c FROM sbtest8 WHERE id=8326078
	Index Scan using sbtest8_pkey on sbtest8  (cost=0.43..8.45 rows=1 width=121)
	  Index Cond: (id = 8326078)

for: simple_ranges
table 1 : explain SELECT c FROM sbtest1 WHERE id BETWEEN 6335558 AND 6345557
	Bitmap Heap Scan on sbtest1  (cost=239.97..38288.31 rows=11272 width=121)
	  Recheck Cond: ((id >= 6335558) AND (id <= 6345557))
	  ->  Bitmap Index Scan on sbtest1_pkey  (cost=0.00..237.16 rows=11272 width=0)
	        Index Cond: ((id >= 6335558) AND (id <= 6345557))

table 2 : explain SELECT c FROM sbtest2 WHERE id BETWEEN 5912041 AND 5922040
	Bitmap Heap Scan on sbtest2  (cost=232.96..36233.76 rows=10588 width=121)
	  Recheck Cond: ((id >= 5912041) AND (id <= 5922040))
	  ->  Bitmap Index Scan on sbtest2_pkey  (cost=0.00..230.31 rows=10588 width=0)
	        Index Cond: ((id >= 5912041) AND (id <= 5922040))

table 3 : explain SELECT c FROM sbtest3 WHERE id BETWEEN 5888638 AND 5898637
	Bitmap Heap Scan on sbtest3  (cost=207.15..33183.18 rows=9631 width=121)
	  Recheck Cond: ((id >= 5888638) AND (id <= 5898637))
	  ->  Bitmap Index Scan on sbtest3_pkey  (cost=0.00..204.75 rows=9631 width=0)
	        Index Cond: ((id >= 5888638) AND (id <= 5898637))

table 4 : explain SELECT c FROM sbtest4 WHERE id BETWEEN 4157523 AND 4167522
	Bitmap Heap Scan on sbtest4  (cost=231.88..37065.65 rows=10873 width=121)
	  Recheck Cond: ((id >= 4157523) AND (id <= 4167522))
	  ->  Bitmap Index Scan on sbtest4_pkey  (cost=0.00..229.17 rows=10873 width=0)
	        Index Cond: ((id >= 4157523) AND (id <= 4167522))

table 5 : explain SELECT c FROM sbtest5 WHERE id BETWEEN 7364212 AND 7374211
	Bitmap Heap Scan on sbtest5  (cost=207.04..31988.64 rows=9230 width=121)
	  Recheck Cond: ((id >= 7364212) AND (id <= 7374211))
	  ->  Bitmap Index Scan on sbtest5_pkey  (cost=0.00..204.74 rows=9230 width=0)
	        Index Cond: ((id >= 7364212) AND (id <= 7374211))

table 6 : explain SELECT c FROM sbtest6 WHERE id BETWEEN 4570246 AND 4580245
	Bitmap Heap Scan on sbtest6  (cost=221.54..35162.15 rows=10254 width=121)
	  Recheck Cond: ((id >= 4570246) AND (id <= 4580245))
	  ->  Bitmap Index Scan on sbtest6_pkey  (cost=0.00..218.98 rows=10254 width=0)
	        Index Cond: ((id >= 4570246) AND (id <= 4580245))

table 7 : explain SELECT c FROM sbtest7 WHERE id BETWEEN 4737716 AND 4747715
	Bitmap Heap Scan on sbtest7  (cost=212.44..33615.42 rows=9757 width=121)
	  Recheck Cond: ((id >= 4737716) AND (id <= 4747715))
	  ->  Bitmap Index Scan on sbtest7_pkey  (cost=0.00..210.00 rows=9757 width=0)
	        Index Cond: ((id >= 4737716) AND (id <= 4747715))

table 8 : explain SELECT c FROM sbtest8 WHERE id BETWEEN 9559581 AND 9569580
	Bitmap Heap Scan on sbtest8  (cost=221.59..35189.50 rows=10259 width=121)
	  Recheck Cond: ((id >= 9559581) AND (id <= 9569580))
	  ->  Bitmap Index Scan on sbtest8_pkey  (cost=0.00..219.03 rows=10259 width=0)
	        Index Cond: ((id >= 9559581) AND (id <= 9569580))

for point_selects
table 1 : explain SELECT c FROM sbtest1 WHERE id=5597406
	Index Scan using sbtest1_pkey on sbtest1  (cost=0.43..8.45 rows=1 width=121)
	  Index Cond: (id = 5597406)

table 2 : explain SELECT c FROM sbtest2 WHERE id=4675099
	Index Scan using sbtest2_pkey on sbtest2  (cost=0.43..8.45 rows=1 width=121)
	  Index Cond: (id = 4675099)

table 3 : explain SELECT c FROM sbtest3 WHERE id=9970456
	Index Scan using sbtest3_pkey on sbtest3  (cost=0.43..8.45 rows=1 width=121)
	  Index Cond: (id = 9970456)

table 4 : explain SELECT c FROM sbtest4 WHERE id=5760452
	Index Scan using sbtest4_pkey on sbtest4  (cost=0.43..8.45 rows=1 width=121)
	  Index Cond: (id = 5760452)

table 5 : explain SELECT c FROM sbtest5 WHERE id=7145530
	Index Scan using sbtest5_pkey on sbtest5  (cost=0.43..8.45 rows=1 width=121)
	  Index Cond: (id = 7145530)

table 6 : explain SELECT c FROM sbtest6 WHERE id=4604846
	Index Scan using sbtest6_pkey on sbtest6  (cost=0.43..8.45 rows=1 width=121)
	  Index Cond: (id = 4604846)

table 7 : explain SELECT c FROM sbtest7 WHERE id=3861220
	Index Scan using sbtest7_pkey on sbtest7  (cost=0.43..8.45 rows=1 width=121)
	  Index Cond: (id = 3861220)

table 8 : explain SELECT c FROM sbtest8 WHERE id=7642586
	Index Scan using sbtest8_pkey on sbtest8  (cost=0.43..8.45 rows=1 width=121)
	  Index Cond: (id = 7642586)

for point_selects
table 1 : explain SELECT c FROM sbtest1 WHERE id=2552177
	Index Scan using sbtest1_pkey on sbtest1  (cost=0.43..8.45 rows=1 width=121)
	  Index Cond: (id = 2552177)

table 2 : explain SELECT c FROM sbtest2 WHERE id=5538692
	Index Scan using sbtest2_pkey on sbtest2  (cost=0.43..8.45 rows=1 width=121)
	  Index Cond: (id = 5538692)

table 3 : explain SELECT c FROM sbtest3 WHERE id=5489559
	Index Scan using sbtest3_pkey on sbtest3  (cost=0.43..8.45 rows=1 width=121)
	  Index Cond: (id = 5489559)

table 4 : explain SELECT c FROM sbtest4 WHERE id=3119213
	Index Scan using sbtest4_pkey on sbtest4  (cost=0.43..8.45 rows=1 width=121)
	  Index Cond: (id = 3119213)

table 5 : explain SELECT c FROM sbtest5 WHERE id=2704690
	Index Scan using sbtest5_pkey on sbtest5  (cost=0.43..8.45 rows=1 width=121)
	  Index Cond: (id = 2704690)

table 6 : explain SELECT c FROM sbtest6 WHERE id=3059534
	Index Scan using sbtest6_pkey on sbtest6  (cost=0.43..8.45 rows=1 width=121)
	  Index Cond: (id = 3059534)

table 7 : explain SELECT c FROM sbtest7 WHERE id=1612709
	Index Scan using sbtest7_pkey on sbtest7  (cost=0.43..8.45 rows=1 width=121)
	  Index Cond: (id = 1612709)

table 8 : explain SELECT c FROM sbtest8 WHERE id=7833367
	Index Scan using sbtest8_pkey on sbtest8  (cost=0.43..8.45 rows=1 width=121)
	  Index Cond: (id = 7833367)

for point_selects
table 1 : explain SELECT c FROM sbtest1 WHERE id=7206706
	Index Scan using sbtest1_pkey on sbtest1  (cost=0.43..8.45 rows=1 width=121)
	  Index Cond: (id = 7206706)

table 2 : explain SELECT c FROM sbtest2 WHERE id=6227241
	Index Scan using sbtest2_pkey on sbtest2  (cost=0.43..8.45 rows=1 width=121)
	  Index Cond: (id = 6227241)

table 3 : explain SELECT c FROM sbtest3 WHERE id=6362271
	Index Scan using sbtest3_pkey on sbtest3  (cost=0.43..8.45 rows=1 width=121)
	  Index Cond: (id = 6362271)

table 4 : explain SELECT c FROM sbtest4 WHERE id=4575039
	Index Scan using sbtest4_pkey on sbtest4  (cost=0.43..8.45 rows=1 width=121)
	  Index Cond: (id = 4575039)

table 5 : explain SELECT c FROM sbtest5 WHERE id=9834864
	Index Scan using sbtest5_pkey on sbtest5  (cost=0.43..8.45 rows=1 width=121)
	  Index Cond: (id = 9834864)

table 6 : explain SELECT c FROM sbtest6 WHERE id=5174301
	Index Scan using sbtest6_pkey on sbtest6  (cost=0.43..8.45 rows=1 width=121)
	  Index Cond: (id = 5174301)

table 7 : explain SELECT c FROM sbtest7 WHERE id=126693
	Index Scan using sbtest7_pkey on sbtest7  (cost=0.43..8.45 rows=1 width=121)
	  Index Cond: (id = 126693)

table 8 : explain SELECT c FROM sbtest8 WHERE id=2623763
	Index Scan using sbtest8_pkey on sbtest8  (cost=0.43..8.45 rows=1 width=121)
	  Index Cond: (id = 2623763)

for point_selects
table 1 : explain SELECT c FROM sbtest1 WHERE id=2375420
	Index Scan using sbtest1_pkey on sbtest1  (cost=0.43..8.45 rows=1 width=121)
	  Index Cond: (id = 2375420)

table 2 : explain SELECT c FROM sbtest2 WHERE id=2478266
	Index Scan using sbtest2_pkey on sbtest2  (cost=0.43..8.45 rows=1 width=121)
	  Index Cond: (id = 2478266)

table 3 : explain SELECT c FROM sbtest3 WHERE id=9118811
	Index Scan using sbtest3_pkey on sbtest3  (cost=0.43..8.45 rows=1 width=121)
	  Index Cond: (id = 9118811)

table 4 : explain SELECT c FROM sbtest4 WHERE id=6899675
	Index Scan using sbtest4_pkey on sbtest4  (cost=0.43..8.45 rows=1 width=121)
	  Index Cond: (id = 6899675)

table 5 : explain SELECT c FROM sbtest5 WHERE id=6644413
	Index Scan using sbtest5_pkey on sbtest5  (cost=0.43..8.45 rows=1 width=121)
	  Index Cond: (id = 6644413)

table 6 : explain SELECT c FROM sbtest6 WHERE id=6345267
	Index Scan using sbtest6_pkey on sbtest6  (cost=0.43..8.45 rows=1 width=121)
	  Index Cond: (id = 6345267)

table 7 : explain SELECT c FROM sbtest7 WHERE id=9301646
	Index Scan using sbtest7_pkey on sbtest7  (cost=0.43..8.45 rows=1 width=121)
	  Index Cond: (id = 9301646)

table 8 : explain SELECT c FROM sbtest8 WHERE id=3339141
	Index Scan using sbtest8_pkey on sbtest8  (cost=0.43..8.45 rows=1 width=121)
	  Index Cond: (id = 3339141)

for point_selects
table 1 : explain SELECT c FROM sbtest1 WHERE id=2422876
	Index Scan using sbtest1_pkey on sbtest1  (cost=0.43..8.45 rows=1 width=121)
	  Index Cond: (id = 2422876)

table 2 : explain SELECT c FROM sbtest2 WHERE id=4978520
	Index Scan using sbtest2_pkey on sbtest2  (cost=0.43..8.45 rows=1 width=121)
	  Index Cond: (id = 4978520)

table 3 : explain SELECT c FROM sbtest3 WHERE id=2258190
	Index Scan using sbtest3_pkey on sbtest3  (cost=0.43..8.45 rows=1 width=121)
	  Index Cond: (id = 2258190)

table 4 : explain SELECT c FROM sbtest4 WHERE id=6869039
	Index Scan using sbtest4_pkey on sbtest4  (cost=0.43..8.45 rows=1 width=121)
	  Index Cond: (id = 6869039)

table 5 : explain SELECT c FROM sbtest5 WHERE id=1546586
	Index Scan using sbtest5_pkey on sbtest5  (cost=0.43..8.45 rows=1 width=121)
	  Index Cond: (id = 1546586)

table 6 : explain SELECT c FROM sbtest6 WHERE id=2584120
	Index Scan using sbtest6_pkey on sbtest6  (cost=0.43..8.45 rows=1 width=121)
	  Index Cond: (id = 2584120)

table 7 : explain SELECT c FROM sbtest7 WHERE id=4912248
	Index Scan using sbtest7_pkey on sbtest7  (cost=0.43..8.45 rows=1 width=121)
	  Index Cond: (id = 4912248)

table 8 : explain SELECT c FROM sbtest8 WHERE id=4354026
	Index Scan using sbtest8_pkey on sbtest8  (cost=0.43..8.45 rows=1 width=121)
	  Index Cond: (id = 4354026)

for point_selects
table 1 : explain SELECT c FROM sbtest1 WHERE id=8296446
	Index Scan using sbtest1_pkey on sbtest1  (cost=0.43..8.45 rows=1 width=121)
	  Index Cond: (id = 8296446)

table 2 : explain SELECT c FROM sbtest2 WHERE id=5268420
	Index Scan using sbtest2_pkey on sbtest2  (cost=0.43..8.45 rows=1 width=121)
	  Index Cond: (id = 5268420)

table 3 : explain SELECT c FROM sbtest3 WHERE id=7560393
	Index Scan using sbtest3_pkey on sbtest3  (cost=0.43..8.45 rows=1 width=121)
	  Index Cond: (id = 7560393)

table 4 : explain SELECT c FROM sbtest4 WHERE id=4929456
	Index Scan using sbtest4_pkey on sbtest4  (cost=0.43..8.45 rows=1 width=121)
	  Index Cond: (id = 4929456)

table 5 : explain SELECT c FROM sbtest5 WHERE id=4850954
	Index Scan using sbtest5_pkey on sbtest5  (cost=0.43..8.45 rows=1 width=121)
	  Index Cond: (id = 4850954)

table 6 : explain SELECT c FROM sbtest6 WHERE id=3401396
	Index Scan using sbtest6_pkey on sbtest6  (cost=0.43..8.45 rows=1 width=121)
	  Index Cond: (id = 3401396)

table 7 : explain SELECT c FROM sbtest7 WHERE id=7678842
	Index Scan using sbtest7_pkey on sbtest7  (cost=0.43..8.45 rows=1 width=121)
	  Index Cond: (id = 7678842)

table 8 : explain SELECT c FROM sbtest8 WHERE id=6274672
	Index Scan using sbtest8_pkey on sbtest8  (cost=0.43..8.45 rows=1 width=121)
	  Index Cond: (id = 6274672)

for point_selects
table 1 : explain SELECT c FROM sbtest1 WHERE id=8009481
	Index Scan using sbtest1_pkey on sbtest1  (cost=0.43..8.45 rows=1 width=121)
	  Index Cond: (id = 8009481)

table 2 : explain SELECT c FROM sbtest2 WHERE id=9865354
	Index Scan using sbtest2_pkey on sbtest2  (cost=0.43..8.45 rows=1 width=121)
	  Index Cond: (id = 9865354)

table 3 : explain SELECT c FROM sbtest3 WHERE id=629643
	Index Scan using sbtest3_pkey on sbtest3  (cost=0.43..8.45 rows=1 width=121)
	  Index Cond: (id = 629643)

table 4 : explain SELECT c FROM sbtest4 WHERE id=1192382
	Index Scan using sbtest4_pkey on sbtest4  (cost=0.43..8.45 rows=1 width=121)
	  Index Cond: (id = 1192382)

table 5 : explain SELECT c FROM sbtest5 WHERE id=6244419
	Index Scan using sbtest5_pkey on sbtest5  (cost=0.43..8.45 rows=1 width=121)
	  Index Cond: (id = 6244419)

table 6 : explain SELECT c FROM sbtest6 WHERE id=8210885
	Index Scan using sbtest6_pkey on sbtest6  (cost=0.43..8.45 rows=1 width=121)
	  Index Cond: (id = 8210885)

table 7 : explain SELECT c FROM sbtest7 WHERE id=1175131
	Index Scan using sbtest7_pkey on sbtest7  (cost=0.43..8.45 rows=1 width=121)
	  Index Cond: (id = 1175131)

table 8 : explain SELECT c FROM sbtest8 WHERE id=8474807
	Index Scan using sbtest8_pkey on sbtest8  (cost=0.43..8.45 rows=1 width=121)
	  Index Cond: (id = 8474807)

for: simple_ranges
table 1 : explain SELECT c FROM sbtest1 WHERE id BETWEEN 9414570 AND 9424569
	Bitmap Heap Scan on sbtest1  (cost=230.31..36596.72 rows=10720 width=121)
	  Recheck Cond: ((id >= 9414570) AND (id <= 9424569))
	  ->  Bitmap Index Scan on sbtest1_pkey  (cost=0.00..227.63 rows=10720 width=0)
	        Index Cond: ((id >= 9414570) AND (id <= 9424569))

table 2 : explain SELECT c FROM sbtest2 WHERE id BETWEEN 7918355 AND 7928354
	Bitmap Heap Scan on sbtest2  (cost=212.36..33616.36 rows=9749 width=121)
	  Recheck Cond: ((id >= 7918355) AND (id <= 7928354))
	  ->  Bitmap Index Scan on sbtest2_pkey  (cost=0.00..209.93 rows=9749 width=0)
	        Index Cond: ((id >= 7918355) AND (id <= 7928354))

table 3 : explain SELECT c FROM sbtest3 WHERE id BETWEEN 6175663 AND 6185662
	Bitmap Heap Scan on sbtest3  (cost=205.37..32638.06 rows=9457 width=121)
	  Recheck Cond: ((id >= 6175663) AND (id <= 6185662))
	  ->  Bitmap Index Scan on sbtest3_pkey  (cost=0.00..203.00 rows=9457 width=0)
	        Index Cond: ((id >= 6175663) AND (id <= 6185662))

table 4 : explain SELECT c FROM sbtest4 WHERE id BETWEEN 6549593 AND 6559592
	Bitmap Heap Scan on sbtest4  (cost=237.66..37599.58 rows=11046 width=121)
	  Recheck Cond: ((id >= 6549593) AND (id <= 6559592))
	  ->  Bitmap Index Scan on sbtest4_pkey  (cost=0.00..234.90 rows=11046 width=0)
	        Index Cond: ((id >= 6549593) AND (id <= 6559592))

table 5 : explain SELECT c FROM sbtest5 WHERE id BETWEEN 4243297 AND 4253296
	Bitmap Heap Scan on sbtest5  (cost=221.51..33975.57 rows=9861 width=121)
	  Recheck Cond: ((id >= 4243297) AND (id <= 4253296))
	  ->  Bitmap Index Scan on sbtest5_pkey  (cost=0.00..219.05 rows=9861 width=0)
	        Index Cond: ((id >= 4243297) AND (id <= 4253296))

table 6 : explain SELECT c FROM sbtest6 WHERE id BETWEEN 1377615 AND 1387614
	Bitmap Heap Scan on sbtest6  (cost=204.84..32511.59 rows=9405 width=121)
	  Recheck Cond: ((id >= 1377615) AND (id <= 1387614))
	  ->  Bitmap Index Scan on sbtest6_pkey  (cost=0.00..202.49 rows=9405 width=0)
	        Index Cond: ((id >= 1377615) AND (id <= 1387614))

table 7 : explain SELECT c FROM sbtest7 WHERE id BETWEEN 5656090 AND 5666089
	Bitmap Heap Scan on sbtest7  (cost=212.49..33625.10 rows=9761 width=121)
	  Recheck Cond: ((id >= 5656090) AND (id <= 5666089))
	  ->  Bitmap Index Scan on sbtest7_pkey  (cost=0.00..210.05 rows=9761 width=0)
	        Index Cond: ((id >= 5656090) AND (id <= 5666089))

table 8 : explain SELECT c FROM sbtest8 WHERE id BETWEEN 4735619 AND 4745618
	Bitmap Heap Scan on sbtest8  (cost=220.51..34862.63 rows=10154 width=121)
	  Recheck Cond: ((id >= 4735619) AND (id <= 4745618))
	  ->  Bitmap Index Scan on sbtest8_pkey  (cost=0.00..217.98 rows=10154 width=0)
	        Index Cond: ((id >= 4735619) AND (id <= 4745618))

for: simple_ranges
table 1 : explain SELECT c FROM sbtest1 WHERE id BETWEEN 1754877 AND 1764876
	Bitmap Heap Scan on sbtest1  (cost=192.50..31165.33 rows=8982 width=121)
	  Recheck Cond: ((id >= 1754877) AND (id <= 1764876))
	  ->  Bitmap Index Scan on sbtest1_pkey  (cost=0.00..190.25 rows=8982 width=0)
	        Index Cond: ((id >= 1754877) AND (id <= 1764876))

table 2 : explain SELECT c FROM sbtest2 WHERE id BETWEEN 5642418 AND 5652417
	Bitmap Heap Scan on sbtest2  (cost=218.34..34222.76 rows=9942 width=121)
	  Recheck Cond: ((id >= 5642418) AND (id <= 5652417))
	  ->  Bitmap Index Scan on sbtest2_pkey  (cost=0.00..215.86 rows=9942 width=0)
	        Index Cond: ((id >= 5642418) AND (id <= 5652417))

table 3 : explain SELECT c FROM sbtest3 WHERE id BETWEEN 886991 AND 896990
	Bitmap Heap Scan on sbtest3  (cost=207.44..33270.16 rows=9659 width=121)
	  Recheck Cond: ((id >= 886991) AND (id <= 896990))
	  ->  Bitmap Index Scan on sbtest3_pkey  (cost=0.00..205.03 rows=9659 width=0)
	        Index Cond: ((id >= 886991) AND (id <= 896990))

table 4 : explain SELECT c FROM sbtest4 WHERE id BETWEEN 8544042 AND 8554041
	Bitmap Heap Scan on sbtest4  (cost=208.39..33586.56 rows=9752 width=121)
	  Recheck Cond: ((id >= 8544042) AND (id <= 8554041))
	  ->  Bitmap Index Scan on sbtest4_pkey  (cost=0.00..205.95 rows=9752 width=0)
	        Index Cond: ((id >= 8544042) AND (id <= 8554041))

table 5 : explain SELECT c FROM sbtest5 WHERE id BETWEEN 6616540 AND 6626539
	Bitmap Heap Scan on sbtest5  (cost=236.48..36090.79 rows=10541 width=121)
	  Recheck Cond: ((id >= 6616540) AND (id <= 6626539))
	  ->  Bitmap Index Scan on sbtest5_pkey  (cost=0.00..233.84 rows=10541 width=0)
	        Index Cond: ((id >= 6616540) AND (id <= 6626539))

table 6 : explain SELECT c FROM sbtest6 WHERE id BETWEEN 2674534 AND 2684533
	Bitmap Heap Scan on sbtest6  (cost=253.10..39822.72 rows=11772 width=121)
	  Recheck Cond: ((id >= 2674534) AND (id <= 2684533))
	  ->  Bitmap Index Scan on sbtest6_pkey  (cost=0.00..250.16 rows=11772 width=0)
	        Index Cond: ((id >= 2674534) AND (id <= 2684533))

table 7 : explain SELECT c FROM sbtest7 WHERE id BETWEEN 2587669 AND 2597668
	Bitmap Heap Scan on sbtest7  (cost=207.75..33398.72 rows=9689 width=121)
	  Recheck Cond: ((id >= 2587669) AND (id <= 2597668))
	  ->  Bitmap Index Scan on sbtest7_pkey  (cost=0.00..205.32 rows=9689 width=0)
	        Index Cond: ((id >= 2587669) AND (id <= 2597668))

table 8 : explain SELECT c FROM sbtest8 WHERE id BETWEEN 1028380 AND 1038379
	Bitmap Heap Scan on sbtest8  (cost=220.51..34862.63 rows=10154 width=121)
	  Recheck Cond: ((id >= 1028380) AND (id <= 1038379))
	  ->  Bitmap Index Scan on sbtest8_pkey  (cost=0.00..217.98 rows=10154 width=0)
	        Index Cond: ((id >= 1028380) AND (id <= 1038379))

for: simple_ranges
table 1 : explain SELECT c FROM sbtest1 WHERE id BETWEEN 2057275 AND 2067274
	Bitmap Heap Scan on sbtest1  (cost=207.77..33397.86 rows=9691 width=121)
	  Recheck Cond: ((id >= 2057275) AND (id <= 2067274))
	  ->  Bitmap Index Scan on sbtest1_pkey  (cost=0.00..205.34 rows=9691 width=0)
	        Index Cond: ((id >= 2057275) AND (id <= 2067274))

table 2 : explain SELECT c FROM sbtest2 WHERE id BETWEEN 7398272 AND 7408271
	Bitmap Heap Scan on sbtest2  (cost=226.75..35561.72 rows=10372 width=121)
	  Recheck Cond: ((id >= 7398272) AND (id <= 7408271))
	  ->  Bitmap Index Scan on sbtest2_pkey  (cost=0.00..224.16 rows=10372 width=0)
	        Index Cond: ((id >= 7398272) AND (id <= 7408271))

table 3 : explain SELECT c FROM sbtest3 WHERE id BETWEEN 7185426 AND 7195425
	Bitmap Heap Scan on sbtest3  (cost=206.98..33128.41 rows=9614 width=121)
	  Recheck Cond: ((id >= 7185426) AND (id <= 7195425))
	  ->  Bitmap Index Scan on sbtest3_pkey  (cost=0.00..204.57 rows=9614 width=0)
	        Index Cond: ((id >= 7185426) AND (id <= 7195425))

table 4 : explain SELECT c FROM sbtest4 WHERE id BETWEEN 54159 AND 64158
	Bitmap Heap Scan on sbtest4  (cost=209.18..33827.98 rows=9829 width=121)
	  Recheck Cond: ((id >= 54159) AND (id <= 64158))
	  ->  Bitmap Index Scan on sbtest4_pkey  (cost=0.00..206.73 rows=9829 width=0)
	        Index Cond: ((id >= 54159) AND (id <= 64158))

table 5 : explain SELECT c FROM sbtest5 WHERE id BETWEEN 8187160 AND 8197159
	Bitmap Heap Scan on sbtest5  (cost=227.33..34532.94 rows=10039 width=121)
	  Recheck Cond: ((id >= 8187160) AND (id <= 8197159))
	  ->  Bitmap Index Scan on sbtest5_pkey  (cost=0.00..224.82 rows=10039 width=0)
	        Index Cond: ((id >= 8187160) AND (id <= 8197159))

table 6 : explain SELECT c FROM sbtest6 WHERE id BETWEEN 8007935 AND 8017934
	Bitmap Heap Scan on sbtest6  (cost=199.53..32106.03 rows=9278 width=121)
	  Recheck Cond: ((id >= 8007935) AND (id <= 8017934))
	  ->  Bitmap Index Scan on sbtest6_pkey  (cost=0.00..197.22 rows=9278 width=0)
	        Index Cond: ((id >= 8007935) AND (id <= 8017934))

table 7 : explain SELECT c FROM sbtest7 WHERE id BETWEEN 594020 AND 604019
	Bitmap Heap Scan on sbtest7  (cost=213.03..33792.53 rows=9814 width=121)
	  Recheck Cond: ((id >= 594020) AND (id <= 604019))
	  ->  Bitmap Index Scan on sbtest7_pkey  (cost=0.00..210.57 rows=9814 width=0)
	        Index Cond: ((id >= 594020) AND (id <= 604019))

table 8 : explain SELECT c FROM sbtest8 WHERE id BETWEEN 3253021 AND 3263020
	Bitmap Heap Scan on sbtest8  (cost=213.98..34091.02 rows=9907 width=121)
	  Recheck Cond: ((id >= 3253021) AND (id <= 3263020))
	  ->  Bitmap Index Scan on sbtest8_pkey  (cost=0.00..211.50 rows=9907 width=0)
	        Index Cond: ((id >= 3253021) AND (id <= 3263020))

for: simple_ranges
table 1 : explain SELECT c FROM sbtest1 WHERE id BETWEEN 1430748 AND 1440747
	Bitmap Heap Scan on sbtest1  (cost=214.33..34180.71 rows=9941 width=121)
	  Recheck Cond: ((id >= 1430748) AND (id <= 1440747))
	  ->  Bitmap Index Scan on sbtest1_pkey  (cost=0.00..211.84 rows=9941 width=0)
	        Index Cond: ((id >= 1430748) AND (id <= 1440747))

table 2 : explain SELECT c FROM sbtest2 WHERE id BETWEEN 1038182 AND 1048181
	Bitmap Heap Scan on sbtest2  (cost=211.90..33477.62 rows=9704 width=121)
	  Recheck Cond: ((id >= 1038182) AND (id <= 1048181))
	  ->  Bitmap Index Scan on sbtest2_pkey  (cost=0.00..209.48 rows=9704 width=0)
	        Index Cond: ((id >= 1038182) AND (id <= 1048181))

table 3 : explain SELECT c FROM sbtest3 WHERE id BETWEEN 5797771 AND 5807770
	Bitmap Heap Scan on sbtest3  (cost=213.92..34026.70 rows=9901 width=121)
	  Recheck Cond: ((id >= 5797771) AND (id <= 5807770))
	  ->  Bitmap Index Scan on sbtest3_pkey  (cost=0.00..211.44 rows=9901 width=0)
	        Index Cond: ((id >= 5797771) AND (id <= 5807770))

table 4 : explain SELECT c FROM sbtest4 WHERE id BETWEEN 8247797 AND 8257796
	Bitmap Heap Scan on sbtest4  (cost=201.10..32578.88 rows=9431 width=121)
	  Recheck Cond: ((id >= 8247797) AND (id <= 8257796))
	  ->  Bitmap Index Scan on sbtest4_pkey  (cost=0.00..198.75 rows=9431 width=0)
	        Index Cond: ((id >= 8247797) AND (id <= 8257796))

table 5 : explain SELECT c FROM sbtest5 WHERE id BETWEEN 8558022 AND 8568021
	Bitmap Heap Scan on sbtest5  (cost=226.88..34394.73 rows=9995 width=121)
	  Recheck Cond: ((id >= 8558022) AND (id <= 8568021))
	  ->  Bitmap Index Scan on sbtest5_pkey  (cost=0.00..224.38 rows=9995 width=0)
	        Index Cond: ((id >= 8558022) AND (id <= 8568021))

table 6 : explain SELECT c FROM sbtest6 WHERE id BETWEEN 321412 AND 331411
	Bitmap Heap Scan on sbtest6  (cost=235.80..37052.12 rows=10865 width=121)
	  Recheck Cond: ((id >= 321412) AND (id <= 331411))
	  ->  Bitmap Index Scan on sbtest6_pkey  (cost=0.00..233.09 rows=10865 width=0)
	        Index Cond: ((id >= 321412) AND (id <= 331411))

table 7 : explain SELECT c FROM sbtest7 WHERE id BETWEEN 8151297 AND 8161296
	Bitmap Heap Scan on sbtest7  (cost=230.12..36544.17 rows=10701 width=121)
	  Recheck Cond: ((id >= 8151297) AND (id <= 8161296))
	  ->  Bitmap Index Scan on sbtest7_pkey  (cost=0.00..227.44 rows=10701 width=0)
	        Index Cond: ((id >= 8151297) AND (id <= 8161296))

table 8 : explain SELECT c FROM sbtest8 WHERE id BETWEEN 4781108 AND 4791107
	Bitmap Heap Scan on sbtest8  (cost=221.32..35109.42 rows=10233 width=121)
	  Recheck Cond: ((id >= 4781108) AND (id <= 4791107))
	  ->  Bitmap Index Scan on sbtest8_pkey  (cost=0.00..218.76 rows=10233 width=0)
	        Index Cond: ((id >= 4781108) AND (id <= 4791107))

for: simple_ranges
table 1 : explain SELECT c FROM sbtest1 WHERE id BETWEEN 7741591 AND 7751590
	Bitmap Heap Scan on sbtest1  (cost=197.98..31624.29 rows=9126 width=121)
	  Recheck Cond: ((id >= 7741591) AND (id <= 7751590))
	  ->  Bitmap Index Scan on sbtest1_pkey  (cost=0.00..195.69 rows=9126 width=0)
	        Index Cond: ((id >= 7741591) AND (id <= 7751590))

table 2 : explain SELECT c FROM sbtest2 WHERE id BETWEEN 5250575 AND 5260574
	Bitmap Heap Scan on sbtest2  (cost=227.96..35926.33 rows=10490 width=121)
	  Recheck Cond: ((id >= 5250575) AND (id <= 5260574))
	  ->  Bitmap Index Scan on sbtest2_pkey  (cost=0.00..225.34 rows=10490 width=0)
	        Index Cond: ((id >= 5250575) AND (id <= 5260574))

table 3 : explain SELECT c FROM sbtest3 WHERE id BETWEEN 9972870 AND 9982869
	Bitmap Heap Scan on sbtest3  (cost=207.40..33257.28 rows=9655 width=121)
	  Recheck Cond: ((id >= 9972870) AND (id <= 9982869))
	  ->  Bitmap Index Scan on sbtest3_pkey  (cost=0.00..204.99 rows=9655 width=0)
	        Index Cond: ((id >= 9972870) AND (id <= 9982869))

table 4 : explain SELECT c FROM sbtest4 WHERE id BETWEEN 7824436 AND 7834435
	Bitmap Heap Scan on sbtest4  (cost=238.55..37862.57 rows=11133 width=121)
	  Recheck Cond: ((id >= 7824436) AND (id <= 7834435))
	  ->  Bitmap Index Scan on sbtest4_pkey  (cost=0.00..235.76 rows=11133 width=0)
	        Index Cond: ((id >= 7824436) AND (id <= 7834435))

table 5 : explain SELECT c FROM sbtest5 WHERE id BETWEEN 6994622 AND 7004621
	Bitmap Heap Scan on sbtest5  (cost=227.01..34433.30 rows=10007 width=121)
	  Recheck Cond: ((id >= 6994622) AND (id <= 7004621))
	  ->  Bitmap Index Scan on sbtest5_pkey  (cost=0.00..224.50 rows=10007 width=0)
	        Index Cond: ((id >= 6994622) AND (id <= 7004621))

table 6 : explain SELECT c FROM sbtest6 WHERE id BETWEEN 4103248 AND 4113247
	Bitmap Heap Scan on sbtest6  (cost=204.48..32401.55 rows=9370 width=121)
	  Recheck Cond: ((id >= 4103248) AND (id <= 4113247))
	  ->  Bitmap Index Scan on sbtest6_pkey  (cost=0.00..202.13 rows=9370 width=0)
	        Index Cond: ((id >= 4103248) AND (id <= 4113247))

table 7 : explain SELECT c FROM sbtest7 WHERE id BETWEEN 6133058 AND 6143057
	Bitmap Heap Scan on sbtest7  (cost=207.04..33182.62 rows=9620 width=121)
	  Recheck Cond: ((id >= 6133058) AND (id <= 6143057))
	  ->  Bitmap Index Scan on sbtest7_pkey  (cost=0.00..204.63 rows=9620 width=0)
	        Index Cond: ((id >= 6133058) AND (id <= 6143057))

table 8 : explain SELECT c FROM sbtest8 WHERE id BETWEEN 1940113 AND 1950112
	Bitmap Heap Scan on sbtest8  (cost=221.81..35253.55 rows=10280 width=121)
	  Recheck Cond: ((id >= 1940113) AND (id <= 1950112))
	  ->  Bitmap Index Scan on sbtest8_pkey  (cost=0.00..219.24 rows=10280 width=0)
	        Index Cond: ((id >= 1940113) AND (id <= 1950112))

for: simple_ranges
table 1 : explain SELECT c FROM sbtest1 WHERE id BETWEEN 3639851 AND 3649850
	Bitmap Heap Scan on sbtest1  (cost=206.35..32968.76 rows=9553 width=121)
	  Recheck Cond: ((id >= 3639851) AND (id <= 3649850))
	  ->  Bitmap Index Scan on sbtest1_pkey  (cost=0.00..203.97 rows=9553 width=0)
	        Index Cond: ((id >= 3639851) AND (id <= 3649850))

table 2 : explain SELECT c FROM sbtest2 WHERE id BETWEEN 7046352 AND 7056351
	Bitmap Heap Scan on sbtest2  (cost=213.39..33929.02 rows=9849 width=121)
	  Recheck Cond: ((id >= 7046352) AND (id <= 7056351))
	  ->  Bitmap Index Scan on sbtest2_pkey  (cost=0.00..210.93 rows=9849 width=0)
	        Index Cond: ((id >= 7046352) AND (id <= 7056351))

table 3 : explain SELECT c FROM sbtest3 WHERE id BETWEEN 9931698 AND 9941697
	Bitmap Heap Scan on sbtest3  (cost=207.40..33257.28 rows=9655 width=121)
	  Recheck Cond: ((id >= 9931698) AND (id <= 9941697))
	  ->  Bitmap Index Scan on sbtest3_pkey  (cost=0.00..204.99 rows=9655 width=0)
	        Index Cond: ((id >= 9931698) AND (id <= 9941697))

table 4 : explain SELECT c FROM sbtest4 WHERE id BETWEEN 3794266 AND 3804265
	Bitmap Heap Scan on sbtest4  (cost=201.27..32630.60 rows=9447 width=121)
	  Recheck Cond: ((id >= 3794266) AND (id <= 3804265))
	  ->  Bitmap Index Scan on sbtest4_pkey  (cost=0.00..198.91 rows=9447 width=0)
	        Index Cond: ((id >= 3794266) AND (id <= 3804265))

table 5 : explain SELECT c FROM sbtest5 WHERE id BETWEEN 2942078 AND 2952077
	Bitmap Heap Scan on sbtest5  (cost=213.75..32822.35 rows=9494 width=121)
	  Recheck Cond: ((id >= 2942078) AND (id <= 2952077))
	  ->  Bitmap Index Scan on sbtest5_pkey  (cost=0.00..211.38 rows=9494 width=0)
	        Index Cond: ((id >= 2942078) AND (id <= 2952077))

table 6 : explain SELECT c FROM sbtest6 WHERE id BETWEEN 8407874 AND 8417873
	Bitmap Heap Scan on sbtest6  (cost=199.37..32057.40 rows=9262 width=121)
	  Recheck Cond: ((id >= 8407874) AND (id <= 8417873))
	  ->  Bitmap Index Scan on sbtest6_pkey  (cost=0.00..197.06 rows=9262 width=0)
	        Index Cond: ((id >= 8407874) AND (id <= 8417873))

table 7 : explain SELECT c FROM sbtest7 WHERE id BETWEEN 8730165 AND 8740164
	Bitmap Heap Scan on sbtest7  (cost=198.64..31832.55 rows=9191 width=121)
	  Recheck Cond: ((id >= 8730165) AND (id <= 8740164))
	  ->  Bitmap Index Scan on sbtest7_pkey  (cost=0.00..196.34 rows=9191 width=0)
	        Index Cond: ((id >= 8730165) AND (id <= 8740164))

table 8 : explain SELECT c FROM sbtest8 WHERE id BETWEEN 32955 AND 42954
	Bitmap Heap Scan on sbtest8  (cost=221.17..35061.37 rows=10218 width=121)
	  Recheck Cond: ((id >= 32955) AND (id <= 42954))
	  ->  Bitmap Index Scan on sbtest8_pkey  (cost=0.00..218.62 rows=10218 width=0)
	        Index Cond: ((id >= 32955) AND (id <= 42954))

for: simple_ranges
table 1 : explain SELECT c FROM sbtest1 WHERE id BETWEEN 4767277 AND 4777276
	Bitmap Heap Scan on sbtest1  (cost=214.02..34087.50 rows=9911 width=121)
	  Recheck Cond: ((id >= 4767277) AND (id <= 4777276))
	  ->  Bitmap Index Scan on sbtest1_pkey  (cost=0.00..211.55 rows=9911 width=0)
	        Index Cond: ((id >= 4767277) AND (id <= 4777276))

table 2 : explain SELECT c FROM sbtest2 WHERE id BETWEEN 1846342 AND 1856341
	Bitmap Heap Scan on sbtest2  (cost=228.02..35945.50 rows=10496 width=121)
	  Recheck Cond: ((id >= 1846342) AND (id <= 1856341))
	  ->  Bitmap Index Scan on sbtest2_pkey  (cost=0.00..225.40 rows=10496 width=0)
	        Index Cond: ((id >= 1846342) AND (id <= 1856341))

table 3 : explain SELECT c FROM sbtest3 WHERE id BETWEEN 8338552 AND 8348551
	Bitmap Heap Scan on sbtest3  (cost=224.33..35962.65 rows=10526 width=121)
	  Recheck Cond: ((id >= 8338552) AND (id <= 8348551))
	  ->  Bitmap Index Scan on sbtest3_pkey  (cost=0.00..221.69 rows=10526 width=0)
	        Index Cond: ((id >= 8338552) AND (id <= 8348551))

table 4 : explain SELECT c FROM sbtest4 WHERE id BETWEEN 6600535 AND 6610534
	Bitmap Heap Scan on sbtest4  (cost=231.02..36808.22 rows=10789 width=121)
	  Recheck Cond: ((id >= 6600535) AND (id <= 6610534))
	  ->  Bitmap Index Scan on sbtest4_pkey  (cost=0.00..228.32 rows=10789 width=0)
	        Index Cond: ((id >= 6600535) AND (id <= 6610534))

table 5 : explain SELECT c FROM sbtest5 WHERE id BETWEEN 8530054 AND 8540053
	Bitmap Heap Scan on sbtest5  (cost=226.88..34394.73 rows=9995 width=121)
	  Recheck Cond: ((id >= 8530054) AND (id <= 8540053))
	  ->  Bitmap Index Scan on sbtest5_pkey  (cost=0.00..224.38 rows=9995 width=0)
	        Index Cond: ((id >= 8530054) AND (id <= 8540053))

table 6 : explain SELECT c FROM sbtest6 WHERE id BETWEEN 5974963 AND 5984962
	Bitmap Heap Scan on sbtest6  (cost=191.77..30945.43 rows=8911 width=121)
	  Recheck Cond: ((id >= 5974963) AND (id <= 5984962))
	  ->  Bitmap Index Scan on sbtest6_pkey  (cost=0.00..189.55 rows=8911 width=0)
	        Index Cond: ((id >= 5974963) AND (id <= 5984962))

table 7 : explain SELECT c FROM sbtest7 WHERE id BETWEEN 539121 AND 549120
	Bitmap Heap Scan on sbtest7  (cost=251.56..39368.08 rows=11622 width=121)
	  Recheck Cond: ((id >= 539121) AND (id <= 549120))
	  ->  Bitmap Index Scan on sbtest7_pkey  (cost=0.00..248.66 rows=11622 width=0)
	        Index Cond: ((id >= 539121) AND (id <= 549120))

table 8 : explain SELECT c FROM sbtest8 WHERE id BETWEEN 5058027 AND 5068026
	Bitmap Heap Scan on sbtest8  (cost=220.93..34990.86 rows=10195 width=121)
	  Recheck Cond: ((id >= 5058027) AND (id <= 5068026))
	  ->  Bitmap Index Scan on sbtest8_pkey  (cost=0.00..218.38 rows=10195 width=0)
	        Index Cond: ((id >= 5058027) AND (id <= 5068026))

for point_selects
table 1 : explain SELECT c FROM sbtest1 WHERE id=8822734
	Index Scan using sbtest1_pkey on sbtest1  (cost=0.43..8.45 rows=1 width=121)
	  Index Cond: (id = 8822734)

table 2 : explain SELECT c FROM sbtest2 WHERE id=265699
	Index Scan using sbtest2_pkey on sbtest2  (cost=0.43..8.45 rows=1 width=121)
	  Index Cond: (id = 265699)

table 3 : explain SELECT c FROM sbtest3 WHERE id=5417306
	Index Scan using sbtest3_pkey on sbtest3  (cost=0.43..8.45 rows=1 width=121)
	  Index Cond: (id = 5417306)

table 4 : explain SELECT c FROM sbtest4 WHERE id=6416848
	Index Scan using sbtest4_pkey on sbtest4  (cost=0.43..8.45 rows=1 width=121)
	  Index Cond: (id = 6416848)

table 5 : explain SELECT c FROM sbtest5 WHERE id=9359210
	Index Scan using sbtest5_pkey on sbtest5  (cost=0.43..8.45 rows=1 width=121)
	  Index Cond: (id = 9359210)

table 6 : explain SELECT c FROM sbtest6 WHERE id=9640938
	Index Scan using sbtest6_pkey on sbtest6  (cost=0.43..8.45 rows=1 width=121)
	  Index Cond: (id = 9640938)

table 7 : explain SELECT c FROM sbtest7 WHERE id=1916621
	Index Scan using sbtest7_pkey on sbtest7  (cost=0.43..8.45 rows=1 width=121)
	  Index Cond: (id = 1916621)

table 8 : explain SELECT c FROM sbtest8 WHERE id=700080
	Index Scan using sbtest8_pkey on sbtest8  (cost=0.43..8.45 rows=1 width=121)
	  Index Cond: (id = 700080)

for point_selects
table 1 : explain SELECT c FROM sbtest1 WHERE id=9913566
	Index Scan using sbtest1_pkey on sbtest1  (cost=0.43..8.45 rows=1 width=121)
	  Index Cond: (id = 9913566)

table 2 : explain SELECT c FROM sbtest2 WHERE id=9877224
	Index Scan using sbtest2_pkey on sbtest2  (cost=0.43..8.45 rows=1 width=121)
	  Index Cond: (id = 9877224)

table 3 : explain SELECT c FROM sbtest3 WHERE id=5453676
	Index Scan using sbtest3_pkey on sbtest3  (cost=0.43..8.45 rows=1 width=121)
	  Index Cond: (id = 5453676)

table 4 : explain SELECT c FROM sbtest4 WHERE id=9277739
	Index Scan using sbtest4_pkey on sbtest4  (cost=0.43..8.45 rows=1 width=121)
	  Index Cond: (id = 9277739)

table 5 : explain SELECT c FROM sbtest5 WHERE id=4522917
	Index Scan using sbtest5_pkey on sbtest5  (cost=0.43..8.45 rows=1 width=121)
	  Index Cond: (id = 4522917)

table 6 : explain SELECT c FROM sbtest6 WHERE id=8299536
	Index Scan using sbtest6_pkey on sbtest6  (cost=0.43..8.45 rows=1 width=121)
	  Index Cond: (id = 8299536)

table 7 : explain SELECT c FROM sbtest7 WHERE id=3969965
	Index Scan using sbtest7_pkey on sbtest7  (cost=0.43..8.45 rows=1 width=121)
	  Index Cond: (id = 3969965)

table 8 : explain SELECT c FROM sbtest8 WHERE id=7773625
	Index Scan using sbtest8_pkey on sbtest8  (cost=0.43..8.45 rows=1 width=121)
	  Index Cond: (id = 7773625)

for: simple_ranges
table 1 : explain SELECT c FROM sbtest1 WHERE id BETWEEN 4976817 AND 4986816
	Bitmap Heap Scan on sbtest1  (cost=214.02..34087.50 rows=9911 width=121)
	  Recheck Cond: ((id >= 4976817) AND (id <= 4986816))
	  ->  Bitmap Index Scan on sbtest1_pkey  (cost=0.00..211.55 rows=9911 width=0)
	        Index Cond: ((id >= 4976817) AND (id <= 4986816))

table 2 : explain SELECT c FROM sbtest2 WHERE id BETWEEN 9593624 AND 9603623
	Bitmap Heap Scan on sbtest2  (cost=195.22..30802.65 rows=8857 width=121)
	  Recheck Cond: ((id >= 9593624) AND (id <= 9603623))
	  ->  Bitmap Index Scan on sbtest2_pkey  (cost=0.00..193.00 rows=8857 width=0)
	        Index Cond: ((id >= 9593624) AND (id <= 9603623))

table 3 : explain SELECT c FROM sbtest3 WHERE id BETWEEN 359963 AND 369962
	Bitmap Heap Scan on sbtest3  (cost=237.29..37454.23 rows=11010 width=121)
	  Recheck Cond: ((id >= 359963) AND (id <= 369962))
	  ->  Bitmap Index Scan on sbtest3_pkey  (cost=0.00..234.54 rows=11010 width=0)
	        Index Cond: ((id >= 359963) AND (id <= 369962))

table 4 : explain SELECT c FROM sbtest4 WHERE id BETWEEN 6173341 AND 6183340
	Bitmap Heap Scan on sbtest4  (cost=223.30..35685.66 rows=10426 width=121)
	  Recheck Cond: ((id >= 6173341) AND (id <= 6183340))
	  ->  Bitmap Index Scan on sbtest4_pkey  (cost=0.00..220.69 rows=10426 width=0)
	        Index Cond: ((id >= 6173341) AND (id <= 6183340))

table 5 : explain SELECT c FROM sbtest5 WHERE id BETWEEN 6031327 AND 6041326
	Bitmap Heap Scan on sbtest5  (cost=220.93..33795.17 rows=9804 width=121)
	  Recheck Cond: ((id >= 6031327) AND (id <= 6041326))
	  ->  Bitmap Index Scan on sbtest5_pkey  (cost=0.00..218.48 rows=9804 width=0)
	        Index Cond: ((id >= 6031327) AND (id <= 6041326))

table 6 : explain SELECT c FROM sbtest6 WHERE id BETWEEN 7910937 AND 7920936
	Bitmap Heap Scan on sbtest6  (cost=214.36..34198.99 rows=9944 width=121)
	  Recheck Cond: ((id >= 7910937) AND (id <= 7920936))
	  ->  Bitmap Index Scan on sbtest6_pkey  (cost=0.00..211.88 rows=9944 width=0)
	        Index Cond: ((id >= 7910937) AND (id <= 7920936))

table 7 : explain SELECT c FROM sbtest7 WHERE id BETWEEN 4345789 AND 4355788
	Bitmap Heap Scan on sbtest7  (cost=204.49..32403.69 rows=9371 width=121)
	  Recheck Cond: ((id >= 4345789) AND (id <= 4355788))
	  ->  Bitmap Index Scan on sbtest7_pkey  (cost=0.00..202.15 rows=9371 width=0)
	        Index Cond: ((id >= 4345789) AND (id <= 4355788))

table 8 : explain SELECT c FROM sbtest8 WHERE id BETWEEN 9044260 AND 9054259
	Bitmap Heap Scan on sbtest8  (cost=220.26..34785.65 rows=10129 width=121)
	  Recheck Cond: ((id >= 9044260) AND (id <= 9054259))
	  ->  Bitmap Index Scan on sbtest8_pkey  (cost=0.00..217.73 rows=10129 width=0)
	        Index Cond: ((id >= 9044260) AND (id <= 9054259))

explain: for point_selects :: explain SELECT c FROM sbtest%u WHERE id=%u
explain: for point_selects :: explain SELECT c FROM sbtest%u WHERE id=%u
for: simple_ranges
table 1 : explain SELECT c FROM sbtest1 WHERE id BETWEEN 1648384 AND 1658383
	Bitmap Heap Scan on sbtest1  (cost=214.45..34219.25 rows=9953 width=121)
	  Recheck Cond: ((id >= 1648384) AND (id <= 1658383))
	  ->  Bitmap Index Scan on sbtest1_pkey  (cost=0.00..211.97 rows=9953 width=0)
	        Index Cond: ((id >= 1648384) AND (id <= 1658383))

table 2 : explain SELECT c FROM sbtest2 WHERE id BETWEEN 7879413 AND 7889412
	Bitmap Heap Scan on sbtest2  (cost=220.53..34887.92 rows=10156 width=121)
	  Recheck Cond: ((id >= 7879413) AND (id <= 7889412))
	  ->  Bitmap Index Scan on sbtest2_pkey  (cost=0.00..218.00 rows=10156 width=0)
	        Index Cond: ((id >= 7879413) AND (id <= 7889412))

table 3 : explain SELECT c FROM sbtest3 WHERE id BETWEEN 8120685 AND 8130684
	Bitmap Heap Scan on sbtest3  (cost=222.52..35420.40 rows=10350 width=121)
	  Recheck Cond: ((id >= 8120685) AND (id <= 8130684))
	  ->  Bitmap Index Scan on sbtest3_pkey  (cost=0.00..219.94 rows=10350 width=0)
	        Index Cond: ((id >= 8120685) AND (id <= 8130684))

table 4 : explain SELECT c FROM sbtest4 WHERE id BETWEEN 499752 AND 509751
	Bitmap Heap Scan on sbtest4  (cost=214.38..34195.31 rows=9946 width=121)
	  Recheck Cond: ((id >= 499752) AND (id <= 509751))
	  ->  Bitmap Index Scan on sbtest4_pkey  (cost=0.00..211.90 rows=9946 width=0)
	        Index Cond: ((id >= 499752) AND (id <= 509751))

table 5 : explain SELECT c FROM sbtest5 WHERE id BETWEEN 9404952 AND 9414951
	Bitmap Heap Scan on sbtest5  (cost=219.91..33488.76 rows=9705 width=121)
	  Recheck Cond: ((id >= 9404952) AND (id <= 9414951))
	  ->  Bitmap Index Scan on sbtest5_pkey  (cost=0.00..217.49 rows=9705 width=0)
	        Index Cond: ((id >= 9404952) AND (id <= 9414951))

table 6 : explain SELECT c FROM sbtest6 WHERE id BETWEEN 3619561 AND 3629560
	Bitmap Heap Scan on sbtest6  (cost=227.95..35895.06 rows=10489 width=121)
	  Recheck Cond: ((id >= 3619561) AND (id <= 3629560))
	  ->  Bitmap Index Scan on sbtest6_pkey  (cost=0.00..225.32 rows=10489 width=0)
	        Index Cond: ((id >= 3619561) AND (id <= 3629560))

table 7 : explain SELECT c FROM sbtest7 WHERE id BETWEEN 3480918 AND 3490917
	Bitmap Heap Scan on sbtest7  (cost=222.74..35522.42 rows=10371 width=121)
	  Recheck Cond: ((id >= 3480918) AND (id <= 3490917))
	  ->  Bitmap Index Scan on sbtest7_pkey  (cost=0.00..220.15 rows=10371 width=0)
	        Index Cond: ((id >= 3480918) AND (id <= 3490917))

table 8 : explain SELECT c FROM sbtest8 WHERE id BETWEEN 4889280 AND 4899279
	Bitmap Heap Scan on sbtest8  (cost=213.81..34039.54 rows=9890 width=121)
	  Recheck Cond: ((id >= 4889280) AND (id <= 4899279))
	  ->  Bitmap Index Scan on sbtest8_pkey  (cost=0.00..211.34 rows=9890 width=0)
	        Index Cond: ((id >= 4889280) AND (id <= 4899279))

for: sum_ranges
table 1 : explain SELECT SUM(k) FROM sbtest1 WHERE id BETWEEN 3044558 AND 3054557
	Aggregate  (cost=34796.58..34796.59 rows=1 width=8)
	  ->  Bitmap Heap Scan on sbtest1  (cost=216.28..34771.25 rows=10131 width=4)
	        Recheck Cond: ((id >= 3044558) AND (id <= 3054557))
	        ->  Bitmap Index Scan on sbtest1_pkey  (cost=0.00..213.75 rows=10131 width=0)
	              Index Cond: ((id >= 3044558) AND (id <= 3054557))

table 2 : explain SELECT SUM(k) FROM sbtest2 WHERE id BETWEEN 8495377 AND 8505376
	Aggregate  (cost=33921.41..33921.42 rows=1 width=8)
	  ->  Bitmap Heap Scan on sbtest2  (cost=213.28..33896.81 rows=9839 width=4)
	        Recheck Cond: ((id >= 8495377) AND (id <= 8505376))
	        ->  Bitmap Index Scan on sbtest2_pkey  (cost=0.00..210.82 rows=9839 width=0)
	              Index Cond: ((id >= 8495377) AND (id <= 8505376))

table 3 : explain SELECT SUM(k) FROM sbtest3 WHERE id BETWEEN 2804904 AND 2814903
	Aggregate  (cost=33887.50..33887.51 rows=1 width=8)
	  ->  Bitmap Heap Scan on sbtest3  (cost=213.38..33862.88 rows=9848 width=4)
	        Recheck Cond: ((id >= 2804904) AND (id <= 2814903))
	        ->  Bitmap Index Scan on sbtest3_pkey  (cost=0.00..210.92 rows=9848 width=0)
	              Index Cond: ((id >= 2804904) AND (id <= 2814903))

table 4 : explain SELECT SUM(k) FROM sbtest4 WHERE id BETWEEN 7531377 AND 7541376
	Aggregate  (cost=35535.86..35535.87 rows=1 width=8)
	  ->  Bitmap Heap Scan on sbtest4  (cost=222.72..35509.94 rows=10369 width=4)
	        Recheck Cond: ((id >= 7531377) AND (id <= 7541376))
	        ->  Bitmap Index Scan on sbtest4_pkey  (cost=0.00..220.12 rows=10369 width=0)
	              Index Cond: ((id >= 7531377) AND (id <= 7541376))

table 5 : explain SELECT SUM(k) FROM sbtest5 WHERE id BETWEEN 3033330 AND 3043329
	Aggregate  (cost=37282.07..37282.08 rows=1 width=8)
	  ->  Bitmap Heap Scan on sbtest5  (cost=244.34..37254.77 rows=10918 width=4)
	        Recheck Cond: ((id >= 3033330) AND (id <= 3043329))
	        ->  Bitmap Index Scan on sbtest5_pkey  (cost=0.00..241.62 rows=10918 width=0)
	              Index Cond: ((id >= 3033330) AND (id <= 3043329))

table 6 : explain SELECT SUM(k) FROM sbtest6 WHERE id BETWEEN 9660064 AND 9670063
	Aggregate  (cost=37778.88..37778.89 rows=1 width=8)
	  ->  Bitmap Heap Scan on sbtest6  (cost=242.13..37751.15 rows=11092 width=4)
	        Recheck Cond: ((id >= 9660064) AND (id <= 9670063))
	        ->  Bitmap Index Scan on sbtest6_pkey  (cost=0.00..239.36 rows=11092 width=0)
	              Index Cond: ((id >= 9660064) AND (id <= 9670063))

table 7 : explain SELECT SUM(k) FROM sbtest7 WHERE id BETWEEN 6008448 AND 6018447
	Aggregate  (cost=34286.99..34287.00 rows=1 width=8)
	  ->  Bitmap Heap Scan on sbtest7  (cost=214.58..34262.07 rows=9965 width=4)
	        Recheck Cond: ((id >= 6008448) AND (id <= 6018447))
	        ->  Bitmap Index Scan on sbtest7_pkey  (cost=0.00..212.09 rows=9965 width=0)
	              Index Cond: ((id >= 6008448) AND (id <= 6018447))

table 8 : explain SELECT SUM(k) FROM sbtest8 WHERE id BETWEEN 13439 AND 23438
	Aggregate  (cost=35086.92..35086.93 rows=1 width=8)
	  ->  Bitmap Heap Scan on sbtest8  (cost=221.17..35061.37 rows=10218 width=4)
	        Recheck Cond: ((id >= 13439) AND (id <= 23438))
	        ->  Bitmap Index Scan on sbtest8_pkey  (cost=0.00..218.62 rows=10218 width=0)
	              Index Cond: ((id >= 13439) AND (id <= 23438))

for: sum_ranges
table 1 : explain SELECT SUM(k) FROM sbtest1 WHERE id BETWEEN 9378482 AND 9388481
	Aggregate  (cost=32490.47..32490.48 rows=1 width=8)
	  ->  Bitmap Heap Scan on sbtest1  (cost=200.72..32466.98 rows=9394 width=4)
	        Recheck Cond: ((id >= 9378482) AND (id <= 9388481))
	        ->  Bitmap Index Scan on sbtest1_pkey  (cost=0.00..198.38 rows=9394 width=0)
	              Index Cond: ((id >= 9378482) AND (id <= 9388481))

table 2 : explain SELECT SUM(k) FROM sbtest2 WHERE id BETWEEN 1990381 AND 2000380
	Aggregate  (cost=34852.27..34852.28 rows=1 width=8)
	  ->  Bitmap Heap Scan on sbtest2  (cost=220.33..34826.93 rows=10136 width=4)
	        Recheck Cond: ((id >= 1990381) AND (id <= 2000380))
	        ->  Bitmap Index Scan on sbtest2_pkey  (cost=0.00..217.80 rows=10136 width=0)
	              Index Cond: ((id >= 1990381) AND (id <= 2000380))

table 3 : explain SELECT SUM(k) FROM sbtest3 WHERE id BETWEEN 5024807 AND 5034806
	Aggregate  (cost=35772.01..35772.02 rows=1 width=8)
	  ->  Bitmap Heap Scan on sbtest3  (cost=223.60..35745.88 rows=10455 width=4)
	        Recheck Cond: ((id >= 5024807) AND (id <= 5034806))
	        ->  Bitmap Index Scan on sbtest3_pkey  (cost=0.00..220.99 rows=10455 width=0)
	              Index Cond: ((id >= 5024807) AND (id <= 5034806))

table 4 : explain SELECT SUM(k) FROM sbtest4 WHERE id BETWEEN 7632819 AND 7642818
	Aggregate  (cost=33704.40..33704.41 rows=1 width=8)
	  ->  Bitmap Heap Scan on sbtest4  (cost=208.70..33679.94 rows=9782 width=4)
	        Recheck Cond: ((id >= 7632819) AND (id <= 7642818))
	        ->  Bitmap Index Scan on sbtest4_pkey  (cost=0.00..206.25 rows=9782 width=0)
	              Index Cond: ((id >= 7632819) AND (id <= 7642818))

table 5 : explain SELECT SUM(k) FROM sbtest5 WHERE id BETWEEN 4945827 AND 4955826
	Aggregate  (cost=29944.91..29944.92 rows=1 width=8)
	  ->  Bitmap Heap Scan on sbtest5  (cost=192.38..29923.46 rows=8580 width=4)
	        Recheck Cond: ((id >= 4945827) AND (id <= 4955826))
	        ->  Bitmap Index Scan on sbtest5_pkey  (cost=0.00..190.24 rows=8580 width=0)
	              Index Cond: ((id >= 4945827) AND (id <= 4955826))

table 6 : explain SELECT SUM(k) FROM sbtest6 WHERE id BETWEEN 2677045 AND 2687044
	Aggregate  (cost=39852.15..39852.16 rows=1 width=8)
	  ->  Bitmap Heap Scan on sbtest6  (cost=253.10..39822.72 rows=11772 width=4)
	        Recheck Cond: ((id >= 2677045) AND (id <= 2687044))
	        ->  Bitmap Index Scan on sbtest6_pkey  (cost=0.00..250.16 rows=11772 width=0)
	              Index Cond: ((id >= 2677045) AND (id <= 2687044))

table 7 : explain SELECT SUM(k) FROM sbtest7 WHERE id BETWEEN 4299125 AND 4309124
	Aggregate  (cost=32427.12..32427.13 rows=1 width=8)
	  ->  Bitmap Heap Scan on sbtest7  (cost=204.49..32403.69 rows=9371 width=4)
	        Recheck Cond: ((id >= 4299125) AND (id <= 4309124))
	        ->  Bitmap Index Scan on sbtest7_pkey  (cost=0.00..202.15 rows=9371 width=0)
	              Index Cond: ((id >= 4299125) AND (id <= 4309124))

table 8 : explain SELECT SUM(k) FROM sbtest8 WHERE id BETWEEN 8229066 AND 8239065
	Aggregate  (cost=33363.79..33363.80 rows=1 width=8)
	  ->  Bitmap Heap Scan on sbtest8  (cost=207.52..33339.62 rows=9667 width=4)
	        Recheck Cond: ((id >= 8229066) AND (id <= 8239065))
	        ->  Bitmap Index Scan on sbtest8_pkey  (cost=0.00..205.11 rows=9667 width=0)
	              Index Cond: ((id >= 8229066) AND (id <= 8239065))

for: sum_ranges
table 1 : explain SELECT SUM(k) FROM sbtest1 WHERE id BETWEEN 6883664 AND 6893663
	Aggregate  (cost=35242.94..35242.95 rows=1 width=8)
	  ->  Bitmap Heap Scan on sbtest1  (cost=221.74..35217.26 rows=10274 width=4)
	        Recheck Cond: ((id >= 6883664) AND (id <= 6893663))
	        ->  Bitmap Index Scan on sbtest1_pkey  (cost=0.00..219.18 rows=10274 width=0)
	              Index Cond: ((id >= 6883664) AND (id <= 6893663))

table 2 : explain SELECT SUM(k) FROM sbtest2 WHERE id BETWEEN 9435328 AND 9445327
	Aggregate  (cost=32669.71..32669.72 rows=1 width=8)
	  ->  Bitmap Heap Scan on sbtest2  (cost=205.20..32646.11 rows=9440 width=4)
	        Recheck Cond: ((id >= 9435328) AND (id <= 9445327))
	        ->  Bitmap Index Scan on sbtest2_pkey  (cost=0.00..202.84 rows=9440 width=0)
	              Index Cond: ((id >= 9435328) AND (id <= 9445327))

table 3 : explain SELECT SUM(k) FROM sbtest3 WHERE id BETWEEN 558863 AND 568862
	Aggregate  (cost=34032.18..34032.19 rows=1 width=8)
	  ->  Bitmap Heap Scan on sbtest3  (cost=213.86..34007.44 rows=9895 width=4)
	        Recheck Cond: ((id >= 558863) AND (id <= 568862))
	        ->  Bitmap Index Scan on sbtest3_pkey  (cost=0.00..211.38 rows=9895 width=0)
	              Index Cond: ((id >= 558863) AND (id <= 568862))

table 4 : explain SELECT SUM(k) FROM sbtest4 WHERE id BETWEEN 4015956 AND 4025955
	Aggregate  (cost=34512.61..34512.62 rows=1 width=8)
	  ->  Bitmap Heap Scan on sbtest4  (cost=215.34..34487.51 rows=10040 width=4)
	        Recheck Cond: ((id >= 4015956) AND (id <= 4025955))
	        ->  Bitmap Index Scan on sbtest4_pkey  (cost=0.00..212.84 rows=10040 width=0)
	              Index Cond: ((id >= 4015956) AND (id <= 4025955))

table 5 : explain SELECT SUM(k) FROM sbtest5 WHERE id BETWEEN 7174084 AND 7184083
	Aggregate  (cost=30351.61..30351.62 rows=1 width=8)
	  ->  Bitmap Heap Scan on sbtest5  (cost=197.68..30329.84 rows=8707 width=4)
	        Recheck Cond: ((id >= 7174084) AND (id <= 7184083))
	        ->  Bitmap Index Scan on sbtest5_pkey  (cost=0.00..195.50 rows=8707 width=0)
	              Index Cond: ((id >= 7174084) AND (id <= 7184083))

table 6 : explain SELECT SUM(k) FROM sbtest6 WHERE id BETWEEN 5547779 AND 5557778
	Aggregate  (cost=36262.93..36262.94 rows=1 width=8)
	  ->  Bitmap Heap Scan on sbtest6  (cost=229.09..36236.43 rows=10600 width=4)
	        Recheck Cond: ((id >= 5547779) AND (id <= 5557778))
	        ->  Bitmap Index Scan on sbtest6_pkey  (cost=0.00..226.44 rows=10600 width=0)
	              Index Cond: ((id >= 5547779) AND (id <= 5557778))

table 7 : explain SELECT SUM(k) FROM sbtest7 WHERE id BETWEEN 3961712 AND 3971711
	Aggregate  (cost=35010.25..35010.26 rows=1 width=8)
	  ->  Bitmap Heap Scan on sbtest7  (cost=220.95..34984.76 rows=10197 width=4)
	        Recheck Cond: ((id >= 3961712) AND (id <= 3971711))
	        ->  Bitmap Index Scan on sbtest7_pkey  (cost=0.00..218.41 rows=10197 width=0)
	              Index Cond: ((id >= 3961712) AND (id <= 3971711))

table 8 : explain SELECT SUM(k) FROM sbtest8 WHERE id BETWEEN 9456037 AND 9466036
	Aggregate  (cost=31993.43..31993.44 rows=1 width=8)
	  ->  Bitmap Heap Scan on sbtest8  (cost=199.06..31970.35 rows=9232 width=4)
	        Recheck Cond: ((id >= 9456037) AND (id <= 9466036))
	        ->  Bitmap Index Scan on sbtest8_pkey  (cost=0.00..196.75 rows=9232 width=0)
	              Index Cond: ((id >= 9456037) AND (id <= 9466036))

explain: for point_selects :: explain SELECT c FROM sbtest%u WHERE id=%u
for: simple_ranges
table 1 : explain SELECT c FROM sbtest1 WHERE id BETWEEN 4108655 AND 4118654
	Bitmap Heap Scan on sbtest1  (cost=216.25..34761.64 rows=10128 width=121)
	  Recheck Cond: ((id >= 4108655) AND (id <= 4118654))
	  ->  Bitmap Index Scan on sbtest1_pkey  (cost=0.00..213.72 rows=10128 width=0)
	        Index Cond: ((id >= 4108655) AND (id <= 4118654))

table 2 : explain SELECT c FROM sbtest2 WHERE id BETWEEN 8842790 AND 8852789
	Bitmap Heap Scan on sbtest2  (cost=226.30..35424.07 rows=10328 width=121)
	  Recheck Cond: ((id >= 8842790) AND (id <= 8852789))
	  ->  Bitmap Index Scan on sbtest2_pkey  (cost=0.00..223.72 rows=10328 width=0)
	        Index Cond: ((id >= 8842790) AND (id <= 8852789))

table 3 : explain SELECT c FROM sbtest3 WHERE id BETWEEN 8434375 AND 8444374
	Bitmap Heap Scan on sbtest3  (cost=220.82..34908.97 rows=10184 width=121)
	  Recheck Cond: ((id >= 8434375) AND (id <= 8444374))
	  ->  Bitmap Index Scan on sbtest3_pkey  (cost=0.00..218.28 rows=10184 width=0)
	        Index Cond: ((id >= 8434375) AND (id <= 8444374))

table 4 : explain SELECT c FROM sbtest4 WHERE id BETWEEN 648732 AND 658731
	Bitmap Heap Scan on sbtest4  (cost=231.24..36871.81 rows=10810 width=121)
	  Recheck Cond: ((id >= 648732) AND (id <= 658731))
	  ->  Bitmap Index Scan on sbtest4_pkey  (cost=0.00..228.54 rows=10810 width=0)
	        Index Cond: ((id >= 648732) AND (id <= 658731))

table 5 : explain SELECT c FROM sbtest5 WHERE id BETWEEN 5560204 AND 5570203
	Bitmap Heap Scan on sbtest5  (cost=226.94..34410.80 rows=10000 width=121)
	  Recheck Cond: ((id >= 5560204) AND (id <= 5570203))
	  ->  Bitmap Index Scan on sbtest5_pkey  (cost=0.00..224.44 rows=10000 width=0)
	        Index Cond: ((id >= 5560204) AND (id <= 5570203))

table 6 : explain SELECT c FROM sbtest6 WHERE id BETWEEN 8181883 AND 8191882
	Bitmap Heap Scan on sbtest6  (cost=211.83..33426.46 rows=9697 width=121)
	  Recheck Cond: ((id >= 8181883) AND (id <= 8191882))
	  ->  Bitmap Index Scan on sbtest6_pkey  (cost=0.00..209.41 rows=9697 width=0)
	        Index Cond: ((id >= 8181883) AND (id <= 8191882))

table 7 : explain SELECT c FROM sbtest7 WHERE id BETWEEN 4417519 AND 4427518
	Bitmap Heap Scan on sbtest7  (cost=199.15..31985.01 rows=9240 width=121)
	  Recheck Cond: ((id >= 4417519) AND (id <= 4427518))
	  ->  Bitmap Index Scan on sbtest7_pkey  (cost=0.00..196.84 rows=9240 width=0)
	        Index Cond: ((id >= 4417519) AND (id <= 4427518))

table 8 : explain SELECT c FROM sbtest8 WHERE id BETWEEN 9695239 AND 9705238
	Bitmap Heap Scan on sbtest8  (cost=205.13..32609.40 rows=9434 width=121)
	  Recheck Cond: ((id >= 9695239) AND (id <= 9705238))
	  ->  Bitmap Index Scan on sbtest8_pkey  (cost=0.00..202.78 rows=9434 width=0)
	        Index Cond: ((id >= 9695239) AND (id <= 9705238))

for point_selects
table 1 : explain SELECT c FROM sbtest1 WHERE id=9746935
	Index Scan using sbtest1_pkey on sbtest1  (cost=0.43..8.45 rows=1 width=121)
	  Index Cond: (id = 9746935)

table 2 : explain SELECT c FROM sbtest2 WHERE id=504095
	Index Scan using sbtest2_pkey on sbtest2  (cost=0.43..8.45 rows=1 width=121)
	  Index Cond: (id = 504095)

table 3 : explain SELECT c FROM sbtest3 WHERE id=4804335
	Index Scan using sbtest3_pkey on sbtest3  (cost=0.43..8.45 rows=1 width=121)
	  Index Cond: (id = 4804335)

table 4 : explain SELECT c FROM sbtest4 WHERE id=1252408
	Index Scan using sbtest4_pkey on sbtest4  (cost=0.43..8.45 rows=1 width=121)
	  Index Cond: (id = 1252408)

table 5 : explain SELECT c FROM sbtest5 WHERE id=524732
	Index Scan using sbtest5_pkey on sbtest5  (cost=0.43..8.45 rows=1 width=121)
	  Index Cond: (id = 524732)

table 6 : explain SELECT c FROM sbtest6 WHERE id=6033934
	Index Scan using sbtest6_pkey on sbtest6  (cost=0.43..8.45 rows=1 width=121)
	  Index Cond: (id = 6033934)

table 7 : explain SELECT c FROM sbtest7 WHERE id=1748473
	Index Scan using sbtest7_pkey on sbtest7  (cost=0.43..8.45 rows=1 width=121)
	  Index Cond: (id = 1748473)

table 8 : explain SELECT c FROM sbtest8 WHERE id=8451077
	Index Scan using sbtest8_pkey on sbtest8  (cost=0.43..8.45 rows=1 width=121)
	  Index Cond: (id = 8451077)

for point_selects
table 1 : explain SELECT c FROM sbtest1 WHERE id=4657197
	Index Scan using sbtest1_pkey on sbtest1  (cost=0.43..8.45 rows=1 width=121)
	  Index Cond: (id = 4657197)

table 2 : explain SELECT c FROM sbtest2 WHERE id=3416288
	Index Scan using sbtest2_pkey on sbtest2  (cost=0.43..8.45 rows=1 width=121)
	  Index Cond: (id = 3416288)

table 3 : explain SELECT c FROM sbtest3 WHERE id=3885037
	Index Scan using sbtest3_pkey on sbtest3  (cost=0.43..8.45 rows=1 width=121)
	  Index Cond: (id = 3885037)

table 4 : explain SELECT c FROM sbtest4 WHERE id=2507318
	Index Scan using sbtest4_pkey on sbtest4  (cost=0.43..8.45 rows=1 width=121)
	  Index Cond: (id = 2507318)

table 5 : explain SELECT c FROM sbtest5 WHERE id=8829607
	Index Scan using sbtest5_pkey on sbtest5  (cost=0.43..8.45 rows=1 width=121)
	  Index Cond: (id = 8829607)

table 6 : explain SELECT c FROM sbtest6 WHERE id=712196
	Index Scan using sbtest6_pkey on sbtest6  (cost=0.43..8.45 rows=1 width=121)
	  Index Cond: (id = 712196)

table 7 : explain SELECT c FROM sbtest7 WHERE id=1389777
	Index Scan using sbtest7_pkey on sbtest7  (cost=0.43..8.45 rows=1 width=121)
	  Index Cond: (id = 1389777)

table 8 : explain SELECT c FROM sbtest8 WHERE id=4401180
	Index Scan using sbtest8_pkey on sbtest8  (cost=0.43..8.45 rows=1 width=121)
	  Index Cond: (id = 4401180)

for: sum_ranges
table 1 : explain SELECT SUM(k) FROM sbtest1 WHERE id BETWEEN 9466014 AND 9476013
	Aggregate  (cost=36623.52..36623.53 rows=1 width=8)
	  ->  Bitmap Heap Scan on sbtest1  (cost=230.31..36596.72 rows=10720 width=4)
	        Recheck Cond: ((id >= 9466014) AND (id <= 9476013))
	        ->  Bitmap Index Scan on sbtest1_pkey  (cost=0.00..227.63 rows=10720 width=0)
	              Index Cond: ((id >= 9466014) AND (id <= 9476013))

table 2 : explain SELECT SUM(k) FROM sbtest2 WHERE id BETWEEN 8027366 AND 8037365
	Aggregate  (cost=33924.63..33924.64 rows=1 width=8)
	  ->  Bitmap Heap Scan on sbtest2  (cost=213.30..33900.03 rows=9840 width=4)
	        Recheck Cond: ((id >= 8027366) AND (id <= 8037365))
	        ->  Bitmap Index Scan on sbtest2_pkey  (cost=0.00..210.84 rows=9840 width=0)
	              Index Cond: ((id >= 8027366) AND (id <= 8037365))

table 3 : explain SELECT SUM(k) FROM sbtest3 WHERE id BETWEEN 2045679 AND 2055678
	Aggregate  (cost=32580.12..32580.13 rows=1 width=8)
	  ->  Bitmap Heap Scan on sbtest3  (cost=201.11..32556.54 rows=9432 width=4)
	        Recheck Cond: ((id >= 2045679) AND (id <= 2055678))
	        ->  Bitmap Index Scan on sbtest3_pkey  (cost=0.00..198.75 rows=9432 width=0)
	              Index Cond: ((id >= 2045679) AND (id <= 2055678))

table 4 : explain SELECT SUM(k) FROM sbtest4 WHERE id BETWEEN 317831 AND 327830
	Aggregate  (cost=32508.58..32508.59 rows=1 width=8)
	  ->  Bitmap Heap Scan on sbtest4  (cost=200.80..32485.07 rows=9401 width=4)
	        Recheck Cond: ((id >= 317831) AND (id <= 327830))
	        ->  Bitmap Index Scan on sbtest4_pkey  (cost=0.00..198.44 rows=9401 width=0)
	              Index Cond: ((id >= 317831) AND (id <= 327830))

table 5 : explain SELECT SUM(k) FROM sbtest5 WHERE id BETWEEN 2668228 AND 2678227
	Aggregate  (cost=35797.27..35797.28 rows=1 width=8)
	  ->  Bitmap Heap Scan on sbtest5  (cost=235.41..35771.18 rows=10437 width=4)
	        Recheck Cond: ((id >= 2668228) AND (id <= 2678227))
	        ->  Bitmap Index Scan on sbtest5_pkey  (cost=0.00..232.81 rows=10437 width=0)
	              Index Cond: ((id >= 2668228) AND (id <= 2678227))

table 6 : explain SELECT SUM(k) FROM sbtest6 WHERE id BETWEEN 8495501 AND 8505500
	Aggregate  (cost=31726.66..31726.67 rows=1 width=8)
	  ->  Bitmap Heap Scan on sbtest6  (cost=198.22..31703.79 rows=9150 width=4)
	        Recheck Cond: ((id >= 8495501) AND (id <= 8505500))
	        ->  Bitmap Index Scan on sbtest6_pkey  (cost=0.00..195.94 rows=9150 width=0)
	              Index Cond: ((id >= 8495501) AND (id <= 8505500))

table 7 : explain SELECT SUM(k) FROM sbtest7 WHERE id BETWEEN 6196862 AND 6206861
	Aggregate  (cost=33206.67..33206.68 rows=1 width=8)
	  ->  Bitmap Heap Scan on sbtest7  (cost=207.04..33182.62 rows=9620 width=4)
	        Recheck Cond: ((id >= 6196862) AND (id <= 6206861))
	        ->  Bitmap Index Scan on sbtest7_pkey  (cost=0.00..204.63 rows=9620 width=0)
	              Index Cond: ((id >= 6196862) AND (id <= 6206861))

table 8 : explain SELECT SUM(k) FROM sbtest8 WHERE id BETWEEN 9335950 AND 9345949
	Aggregate  (cost=33706.61..33706.62 rows=1 width=8)
	  ->  Bitmap Heap Scan on sbtest8  (cost=212.64..33682.17 rows=9776 width=4)
	        Recheck Cond: ((id >= 9335950) AND (id <= 9345949))
	        ->  Bitmap Index Scan on sbtest8_pkey  (cost=0.00..210.19 rows=9776 width=0)
	              Index Cond: ((id >= 9335950) AND (id <= 9345949))

for: simple_ranges
table 1 : explain SELECT c FROM sbtest1 WHERE id BETWEEN 2837857 AND 2847856
	Bitmap Heap Scan on sbtest1  (cost=215.47..34527.49 rows=10052 width=121)
	  Recheck Cond: ((id >= 2837857) AND (id <= 2847856))
	  ->  Bitmap Index Scan on sbtest1_pkey  (cost=0.00..212.95 rows=10052 width=0)
	        Index Cond: ((id >= 2837857) AND (id <= 2847856))

table 2 : explain SELECT c FROM sbtest2 WHERE id BETWEEN 5032746 AND 5042745
	Bitmap Heap Scan on sbtest2  (cost=212.36..33616.36 rows=9749 width=121)
	  Recheck Cond: ((id >= 5032746) AND (id <= 5042745))
	  ->  Bitmap Index Scan on sbtest2_pkey  (cost=0.00..209.93 rows=9749 width=0)
	        Index Cond: ((id >= 5032746) AND (id <= 5042745))

table 3 : explain SELECT c FROM sbtest3 WHERE id BETWEEN 3849067 AND 3859066
	Bitmap Heap Scan on sbtest3  (cost=213.53..33907.87 rows=9863 width=121)
	  Recheck Cond: ((id >= 3849067) AND (id <= 3859066))
	  ->  Bitmap Index Scan on sbtest3_pkey  (cost=0.00..211.06 rows=9863 width=0)
	        Index Cond: ((id >= 3849067) AND (id <= 3859066))

table 4 : explain SELECT c FROM sbtest4 WHERE id BETWEEN 3146208 AND 3156207
	Bitmap Heap Scan on sbtest4  (cost=224.30..35985.70 rows=10523 width=121)
	  Recheck Cond: ((id >= 3146208) AND (id <= 3156207))
	  ->  Bitmap Index Scan on sbtest4_pkey  (cost=0.00..221.67 rows=10523 width=0)
	        Index Cond: ((id >= 3146208) AND (id <= 3156207))

table 5 : explain SELECT c FROM sbtest5 WHERE id BETWEEN 2570901 AND 2580900
	Bitmap Heap Scan on sbtest5  (cost=206.25..31745.04 rows=9153 width=121)
	  Recheck Cond: ((id >= 2570901) AND (id <= 2580900))
	  ->  Bitmap Index Scan on sbtest5_pkey  (cost=0.00..203.97 rows=9153 width=0)
	        Index Cond: ((id >= 2570901) AND (id <= 2580900))

table 6 : explain SELECT c FROM sbtest6 WHERE id BETWEEN 9201990 AND 9211989
	Bitmap Heap Scan on sbtest6  (cost=228.94..36191.80 rows=10586 width=121)
	  Recheck Cond: ((id >= 9201990) AND (id <= 9211989))
	  ->  Bitmap Index Scan on sbtest6_pkey  (cost=0.00..226.30 rows=10586 width=0)
	        Index Cond: ((id >= 9201990) AND (id <= 9211989))

table 7 : explain SELECT c FROM sbtest7 WHERE id BETWEEN 5070757 AND 5080756
	Bitmap Heap Scan on sbtest7  (cost=221.99..35298.52 rows=10298 width=121)
	  Recheck Cond: ((id >= 5070757) AND (id <= 5080756))
	  ->  Bitmap Index Scan on sbtest7_pkey  (cost=0.00..219.42 rows=10298 width=0)
	        Index Cond: ((id >= 5070757) AND (id <= 5080756))

table 8 : explain SELECT c FROM sbtest8 WHERE id BETWEEN 5928608 AND 5938607
	Bitmap Heap Scan on sbtest8  (cost=220.88..34974.84 rows=10190 width=121)
	  Recheck Cond: ((id >= 5928608) AND (id <= 5938607))
	  ->  Bitmap Index Scan on sbtest8_pkey  (cost=0.00..218.34 rows=10190 width=0)
	        Index Cond: ((id >= 5928608) AND (id <= 5938607))

for: sum_ranges
table 1 : explain SELECT SUM(k) FROM sbtest1 WHERE id BETWEEN 855142 AND 865141
	Aggregate  (cost=35470.22..35470.23 rows=1 width=8)
	  ->  Bitmap Heap Scan on sbtest1  (cost=222.49..35444.35 rows=10347 width=4)
	        Recheck Cond: ((id >= 855142) AND (id <= 865141))
	        ->  Bitmap Index Scan on sbtest1_pkey  (cost=0.00..219.91 rows=10347 width=0)
	              Index Cond: ((id >= 855142) AND (id <= 865141))

table 2 : explain SELECT SUM(k) FROM sbtest2 WHERE id BETWEEN 8641446 AND 8651445
	Aggregate  (cost=34276.59..34276.60 rows=1 width=8)
	  ->  Bitmap Heap Scan on sbtest2  (cost=218.43..34251.71 rows=9951 width=4)
	        Recheck Cond: ((id >= 8641446) AND (id <= 8651445))
	        ->  Bitmap Index Scan on sbtest2_pkey  (cost=0.00..215.94 rows=9951 width=0)
	              Index Cond: ((id >= 8641446) AND (id <= 8651445))

table 3 : explain SELECT SUM(k) FROM sbtest3 WHERE id BETWEEN 4912335 AND 4922334
	Aggregate  (cost=35388.74..35388.75 rows=1 width=8)
	  ->  Bitmap Heap Scan on sbtest3  (cost=222.33..35362.91 rows=10331 width=4)
	        Recheck Cond: ((id >= 4912335) AND (id <= 4922334))
	        ->  Bitmap Index Scan on sbtest3_pkey  (cost=0.00..219.75 rows=10331 width=0)
	              Index Cond: ((id >= 4912335) AND (id <= 4922334))

table 4 : explain SELECT SUM(k) FROM sbtest4 WHERE id BETWEEN 8823620 AND 8833619
	Aggregate  (cost=31717.30..31717.31 rows=1 width=8)
	  ->  Bitmap Heap Scan on sbtest4  (cost=198.21..31694.43 rows=9149 width=4)
	        Recheck Cond: ((id >= 8823620) AND (id <= 8833619))
	        ->  Bitmap Index Scan on sbtest4_pkey  (cost=0.00..195.93 rows=9149 width=0)
	              Index Cond: ((id >= 8823620) AND (id <= 8833619))

table 5 : explain SELECT SUM(k) FROM sbtest5 WHERE id BETWEEN 443637 AND 453636
	Aggregate  (cost=33370.89..33370.90 rows=1 width=8)
	  ->  Bitmap Heap Scan on sbtest5  (cost=219.45..33346.74 rows=9660 width=4)
	        Recheck Cond: ((id >= 443637) AND (id <= 453636))
	        ->  Bitmap Index Scan on sbtest5_pkey  (cost=0.00..217.04 rows=9660 width=0)
	              Index Cond: ((id >= 443637) AND (id <= 453636))

table 6 : explain SELECT SUM(k) FROM sbtest6 WHERE id BETWEEN 3740741 AND 3750740
	Aggregate  (cost=32942.84..32942.85 rows=1 width=8)
	  ->  Bitmap Heap Scan on sbtest6  (cost=206.18..32919.00 rows=9536 width=4)
	        Recheck Cond: ((id >= 3740741) AND (id <= 3750740))
	        ->  Bitmap Index Scan on sbtest6_pkey  (cost=0.00..203.80 rows=9536 width=0)
	              Index Cond: ((id >= 3740741) AND (id <= 3750740))

table 7 : explain SELECT SUM(k) FROM sbtest7 WHERE id BETWEEN 8447257 AND 8457256
	Aggregate  (cost=32689.41..32689.42 rows=1 width=8)
	  ->  Bitmap Heap Scan on sbtest7  (cost=205.35..32665.77 rows=9455 width=4)
	        Recheck Cond: ((id >= 8447257) AND (id <= 8457256))
	        ->  Bitmap Index Scan on sbtest7_pkey  (cost=0.00..202.99 rows=9455 width=0)
	              Index Cond: ((id >= 8447257) AND (id <= 8457256))

table 8 : explain SELECT SUM(k) FROM sbtest8 WHERE id BETWEEN 3628995 AND 3638994
	Aggregate  (cost=35465.04..35465.05 rows=1 width=8)
	  ->  Bitmap Heap Scan on sbtest8  (cost=222.42..35439.19 rows=10340 width=4)
	        Recheck Cond: ((id >= 3628995) AND (id <= 3638994))
	        ->  Bitmap Index Scan on sbtest8_pkey  (cost=0.00..219.84 rows=10340 width=0)
	              Index Cond: ((id >= 3628995) AND (id <= 3638994))

explain: for point_selects :: explain SELECT c FROM sbtest%u WHERE id=%u
for point_selects
table 1 : explain SELECT c FROM sbtest1 WHERE id=4209407
	Index Scan using sbtest1_pkey on sbtest1  (cost=0.43..8.45 rows=1 width=121)
	  Index Cond: (id = 4209407)

table 2 : explain SELECT c FROM sbtest2 WHERE id=5172623
	Index Scan using sbtest2_pkey on sbtest2  (cost=0.43..8.45 rows=1 width=121)
	  Index Cond: (id = 5172623)

table 3 : explain SELECT c FROM sbtest3 WHERE id=828192
	Index Scan using sbtest3_pkey on sbtest3  (cost=0.43..8.45 rows=1 width=121)
	  Index Cond: (id = 828192)

table 4 : explain SELECT c FROM sbtest4 WHERE id=7016254
	Index Scan using sbtest4_pkey on sbtest4  (cost=0.43..8.45 rows=1 width=121)
	  Index Cond: (id = 7016254)

table 5 : explain SELECT c FROM sbtest5 WHERE id=9928986
	Index Scan using sbtest5_pkey on sbtest5  (cost=0.43..8.45 rows=1 width=121)
	  Index Cond: (id = 9928986)

table 6 : explain SELECT c FROM sbtest6 WHERE id=1556251
	Index Scan using sbtest6_pkey on sbtest6  (cost=0.43..8.45 rows=1 width=121)
	  Index Cond: (id = 1556251)

table 7 : explain SELECT c FROM sbtest7 WHERE id=8592261
	Index Scan using sbtest7_pkey on sbtest7  (cost=0.43..8.45 rows=1 width=121)
	  Index Cond: (id = 8592261)

table 8 : explain SELECT c FROM sbtest8 WHERE id=151570
	Index Scan using sbtest8_pkey on sbtest8  (cost=0.43..8.45 rows=1 width=121)
	  Index Cond: (id = 151570)

explain: for point_selects :: explain SELECT c FROM sbtest%u WHERE id=%u
for: simple_ranges
table 1 : explain SELECT c FROM sbtest1 WHERE id BETWEEN 9212361 AND 9222360
	Bitmap Heap Scan on sbtest1  (cost=221.93..35274.84 rows=10292 width=121)
	  Recheck Cond: ((id >= 9212361) AND (id <= 9222360))
	  ->  Bitmap Index Scan on sbtest1_pkey  (cost=0.00..219.36 rows=10292 width=0)
	        Index Cond: ((id >= 9212361) AND (id <= 9222360))

table 2 : explain SELECT c FROM sbtest2 WHERE id BETWEEN 5628041 AND 5638040
	Bitmap Heap Scan on sbtest2  (cost=218.34..34222.76 rows=9942 width=121)
	  Recheck Cond: ((id >= 5628041) AND (id <= 5638040))
	  ->  Bitmap Index Scan on sbtest2_pkey  (cost=0.00..215.86 rows=9942 width=0)
	        Index Cond: ((id >= 5628041) AND (id <= 5638040))

table 3 : explain SELECT c FROM sbtest3 WHERE id BETWEEN 8412563 AND 8422562
	Bitmap Heap Scan on sbtest3  (cost=220.82..34908.97 rows=10184 width=121)
	  Recheck Cond: ((id >= 8412563) AND (id <= 8422562))
	  ->  Bitmap Index Scan on sbtest3_pkey  (cost=0.00..218.28 rows=10184 width=0)
	        Index Cond: ((id >= 8412563) AND (id <= 8422562))

table 4 : explain SELECT c FROM sbtest4 WHERE id BETWEEN 1151240 AND 1161239
	Bitmap Heap Scan on sbtest4  (cost=237.23..37469.59 rows=11004 width=121)
	  Recheck Cond: ((id >= 1151240) AND (id <= 1161239))
	  ->  Bitmap Index Scan on sbtest4_pkey  (cost=0.00..234.48 rows=11004 width=0)
	        Index Cond: ((id >= 1151240) AND (id <= 1161239))

table 5 : explain SELECT c FROM sbtest5 WHERE id BETWEEN 6038708 AND 6048707
	Bitmap Heap Scan on sbtest5  (cost=220.93..33795.17 rows=9804 width=121)
	  Recheck Cond: ((id >= 6038708) AND (id <= 6048707))
	  ->  Bitmap Index Scan on sbtest5_pkey  (cost=0.00..218.48 rows=9804 width=0)
	        Index Cond: ((id >= 6038708) AND (id <= 6048707))

table 6 : explain SELECT c FROM sbtest6 WHERE id BETWEEN 4610818 AND 4620817
	Bitmap Heap Scan on sbtest6  (cost=221.01..35002.01 rows=10202 width=121)
	  Recheck Cond: ((id >= 4610818) AND (id <= 4620817))
	  ->  Bitmap Index Scan on sbtest6_pkey  (cost=0.00..218.45 rows=10202 width=0)
	        Index Cond: ((id >= 4610818) AND (id <= 4620817))

table 7 : explain SELECT c FROM sbtest7 WHERE id BETWEEN 3811848 AND 3821847
	Bitmap Heap Scan on sbtest7  (cost=190.66..30598.99 rows=8802 width=121)
	  Recheck Cond: ((id >= 3811848) AND (id <= 3821847))
	  ->  Bitmap Index Scan on sbtest7_pkey  (cost=0.00..188.45 rows=8802 width=0)
	        Index Cond: ((id >= 3811848) AND (id <= 3821847))

table 8 : explain SELECT c FROM sbtest8 WHERE id BETWEEN 4640297 AND 4650296
	Bitmap Heap Scan on sbtest8  (cost=214.85..34357.84 rows=9992 width=121)
	  Recheck Cond: ((id >= 4640297) AND (id <= 4650296))
	  ->  Bitmap Index Scan on sbtest8_pkey  (cost=0.00..212.36 rows=9992 width=0)
	        Index Cond: ((id >= 4640297) AND (id <= 4650296))

for: order_ranges
table 1 : explain SELECT c FROM sbtest1 WHERE id BETWEEN 1984207 AND 1994206 ORDER BY c
	Sort  (cost=35990.31..36016.06 rows=10302 width=121)
	  Sort Key: c
	  ->  Bitmap Heap Scan on sbtest1  (cost=222.03..35303.65 rows=10302 width=121)
	        Recheck Cond: ((id >= 1984207) AND (id <= 1994206))
	        ->  Bitmap Index Scan on sbtest1_pkey  (cost=0.00..219.45 rows=10302 width=0)
	              Index Cond: ((id >= 1984207) AND (id <= 1994206))

table 2 : explain SELECT c FROM sbtest2 WHERE id BETWEEN 7549485 AND 7559484 ORDER BY c
	Sort  (cost=35810.76..35836.34 rows=10232 width=121)
	  Sort Key: c
	  ->  Bitmap Heap Scan on sbtest2  (cost=225.31..35129.27 rows=10232 width=121)
	        Recheck Cond: ((id >= 7549485) AND (id <= 7559484))
	        ->  Bitmap Index Scan on sbtest2_pkey  (cost=0.00..222.75 rows=10232 width=0)
	              Index Cond: ((id >= 7549485) AND (id <= 7559484))

table 3 : explain SELECT c FROM sbtest3 WHERE id BETWEEN 9426471 AND 9436470 ORDER BY c
	Sort  (cost=38754.05..38782.03 rows=11189 width=121)
	  Sort Key: c
	  ->  Bitmap Heap Scan on sbtest3  (cost=239.12..38001.60 rows=11189 width=121)
	        Recheck Cond: ((id >= 9426471) AND (id <= 9436470))
	        ->  Bitmap Index Scan on sbtest3_pkey  (cost=0.00..236.32 rows=11189 width=0)
	              Index Cond: ((id >= 9426471) AND (id <= 9436470))

table 4 : explain SELECT c FROM sbtest4 WHERE id BETWEEN 2576720 AND 2586719 ORDER BY c
	Sort  (cost=36904.93..36931.40 rows=10590 width=121)
	  Sort Key: c
	  ->  Bitmap Heap Scan on sbtest4  (cost=228.98..36196.96 rows=10590 width=121)
	        Recheck Cond: ((id >= 2576720) AND (id <= 2586719))
	        ->  Bitmap Index Scan on sbtest4_pkey  (cost=0.00..226.34 rows=10590 width=0)
	              Index Cond: ((id >= 2576720) AND (id <= 2586719))

table 5 : explain SELECT c FROM sbtest5 WHERE id BETWEEN 4122599 AND 4132598 ORDER BY c
	Sort  (cost=35496.12..35521.45 rows=10132 width=121)
	  Sort Key: c
	  ->  Bitmap Heap Scan on sbtest5  (cost=228.29..34822.01 rows=10132 width=121)
	        Recheck Cond: ((id >= 4122599) AND (id <= 4132598))
	        ->  Bitmap Index Scan on sbtest5_pkey  (cost=0.00..225.75 rows=10132 width=0)
	              Index Cond: ((id >= 4122599) AND (id <= 4132598))

table 6 : explain SELECT c FROM sbtest6 WHERE id BETWEEN 6307080 AND 6317079 ORDER BY c
	Sort  (cost=34431.23..34455.76 rows=9810 width=121)
	  Sort Key: c
	  ->  Bitmap Heap Scan on sbtest6  (cost=212.99..33780.83 rows=9810 width=121)
	        Recheck Cond: ((id >= 6307080) AND (id <= 6317079))
	        ->  Bitmap Index Scan on sbtest6_pkey  (cost=0.00..210.54 rows=9810 width=0)
	              Index Cond: ((id >= 6307080) AND (id <= 6317079))

table 7 : explain SELECT c FROM sbtest7 WHERE id BETWEEN 3537339 AND 3547338 ORDER BY c
	Sort  (cost=35798.08..35823.67 rows=10239 width=121)
	  Sort Key: c
	  ->  Bitmap Heap Scan on sbtest7  (cost=221.38..35116.07 rows=10239 width=121)
	        Recheck Cond: ((id >= 3537339) AND (id <= 3547338))
	        ->  Bitmap Index Scan on sbtest7_pkey  (cost=0.00..218.82 rows=10239 width=0)
	              Index Cond: ((id >= 3537339) AND (id <= 3547338))

table 8 : explain SELECT c FROM sbtest8 WHERE id BETWEEN 7488594 AND 7498593 ORDER BY c
	Sort  (cost=36253.09..36279.03 rows=10379 width=121)
	  Sort Key: c
	  ->  Bitmap Heap Scan on sbtest8  (cost=222.82..35560.74 rows=10379 width=121)
	        Recheck Cond: ((id >= 7488594) AND (id <= 7498593))
	        ->  Bitmap Index Scan on sbtest8_pkey  (cost=0.00..220.23 rows=10379 width=0)
	              Index Cond: ((id >= 7488594) AND (id <= 7498593))

for: sum_ranges
table 1 : explain SELECT SUM(k) FROM sbtest1 WHERE id BETWEEN 7916655 AND 7926654
	Aggregate  (cost=34860.75..34860.76 rows=1 width=8)
	  ->  Bitmap Heap Scan on sbtest1  (cost=216.49..34835.37 rows=10152 width=4)
	        Recheck Cond: ((id >= 7916655) AND (id <= 7926654))
	        ->  Bitmap Index Scan on sbtest1_pkey  (cost=0.00..213.95 rows=10152 width=0)
	              Index Cond: ((id >= 7916655) AND (id <= 7926654))

table 2 : explain SELECT SUM(k) FROM sbtest2 WHERE id BETWEEN 1729317 AND 1739316
	Aggregate  (cost=34463.27..34463.28 rows=1 width=8)
	  ->  Bitmap Heap Scan on sbtest2  (cost=219.05..34438.24 rows=10011 width=4)
	        Recheck Cond: ((id >= 1729317) AND (id <= 1739316))
	        ->  Bitmap Index Scan on sbtest2_pkey  (cost=0.00..216.55 rows=10011 width=0)
	              Index Cond: ((id >= 1729317) AND (id <= 1739316))

table 3 : explain SELECT SUM(k) FROM sbtest3 WHERE id BETWEEN 1298166 AND 1308165
	Aggregate  (cost=36094.98..36094.99 rows=1 width=8)
	  ->  Bitmap Heap Scan on sbtest3  (cost=228.66..36068.58 rows=10559 width=4)
	        Recheck Cond: ((id >= 1298166) AND (id <= 1308165))
	        ->  Bitmap Index Scan on sbtest3_pkey  (cost=0.00..226.03 rows=10559 width=0)
	              Index Cond: ((id >= 1298166) AND (id <= 1308165))

table 4 : explain SELECT SUM(k) FROM sbtest4 WHERE id BETWEEN 2586619 AND 2596618
	Aggregate  (cost=36223.44..36223.45 rows=1 width=8)
	  ->  Bitmap Heap Scan on sbtest4  (cost=228.98..36196.96 rows=10590 width=4)
	        Recheck Cond: ((id >= 2586619) AND (id <= 2596618))
	        ->  Bitmap Index Scan on sbtest4_pkey  (cost=0.00..226.34 rows=10590 width=0)
	              Index Cond: ((id >= 2586619) AND (id <= 2596618))

table 5 : explain SELECT SUM(k) FROM sbtest5 WHERE id BETWEEN 582485 AND 592484
	Aggregate  (cost=36648.05..36648.06 rows=1 width=8)
	  ->  Bitmap Heap Scan on sbtest5  (cost=242.23..36621.27 rows=10712 width=4)
	        Recheck Cond: ((id >= 582485) AND (id <= 592484))
	        ->  Bitmap Index Scan on sbtest5_pkey  (cost=0.00..239.56 rows=10712 width=0)
	              Index Cond: ((id >= 582485) AND (id <= 592484))

table 6 : explain SELECT SUM(k) FROM sbtest6 WHERE id BETWEEN 3026883 AND 3036882
	Aggregate  (cost=34153.09..34153.10 rows=1 width=8)
	  ->  Bitmap Heap Scan on sbtest6  (cost=214.14..34128.29 rows=9922 width=4)
	        Recheck Cond: ((id >= 3026883) AND (id <= 3036882))
	        ->  Bitmap Index Scan on sbtest6_pkey  (cost=0.00..211.66 rows=9922 width=0)
	              Index Cond: ((id >= 3026883) AND (id <= 3036882))

table 7 : explain SELECT SUM(k) FROM sbtest7 WHERE id BETWEEN 240443 AND 250442
	Aggregate  (cost=35945.57..35945.58 rows=1 width=8)
	  ->  Bitmap Heap Scan on sbtest7  (cost=228.04..35919.33 rows=10498 width=4)
	        Recheck Cond: ((id >= 240443) AND (id <= 250442))
	        ->  Bitmap Index Scan on sbtest7_pkey  (cost=0.00..225.42 rows=10498 width=0)
	              Index Cond: ((id >= 240443) AND (id <= 250442))

table 8 : explain SELECT SUM(k) FROM sbtest8 WHERE id BETWEEN 3873480 AND 3883479
	Aggregate  (cost=33674.35..33674.36 rows=1 width=8)
	  ->  Bitmap Heap Scan on sbtest8  (cost=212.53..33649.94 rows=9765 width=4)
	        Recheck Cond: ((id >= 3873480) AND (id <= 3883479))
	        ->  Bitmap Index Scan on sbtest8_pkey  (cost=0.00..210.09 rows=9765 width=0)
	              Index Cond: ((id >= 3873480) AND (id <= 3883479))

for: sum_ranges
table 1 : explain SELECT SUM(k) FROM sbtest1 WHERE id BETWEEN 1077586 AND 1087585
	Aggregate  (cost=35233.31..35233.32 rows=1 width=8)
	  ->  Bitmap Heap Scan on sbtest1  (cost=221.70..35207.64 rows=10270 width=4)
	        Recheck Cond: ((id >= 1077586) AND (id <= 1087585))
	        ->  Bitmap Index Scan on sbtest1_pkey  (cost=0.00..219.13 rows=10270 width=0)
	              Index Cond: ((id >= 1077586) AND (id <= 1087585))

table 2 : explain SELECT SUM(k) FROM sbtest2 WHERE id BETWEEN 9025634 AND 9035633
	Aggregate  (cost=33450.21..33450.22 rows=1 width=8)
	  ->  Bitmap Heap Scan on sbtest2  (cost=211.74..33425.99 rows=9688 width=4)
	        Recheck Cond: ((id >= 9025634) AND (id <= 9035633))
	        ->  Bitmap Index Scan on sbtest2_pkey  (cost=0.00..209.31 rows=9688 width=0)
	              Index Cond: ((id >= 9025634) AND (id <= 9035633))

table 3 : explain SELECT SUM(k) FROM sbtest3 WHERE id BETWEEN 3288486 AND 3298485
	Aggregate  (cost=37116.11..37116.12 rows=1 width=8)
	  ->  Bitmap Heap Scan on sbtest3  (cost=232.08..37088.88 rows=10892 width=4)
	        Recheck Cond: ((id >= 3288486) AND (id <= 3298485))
	        ->  Bitmap Index Scan on sbtest3_pkey  (cost=0.00..229.36 rows=10892 width=0)
	              Index Cond: ((id >= 3288486) AND (id <= 3298485))

table 4 : explain SELECT SUM(k) FROM sbtest4 WHERE id BETWEEN 4164053 AND 4174052
	Aggregate  (cost=36504.03..36504.04 rows=1 width=8)
	  ->  Bitmap Heap Scan on sbtest4  (cost=229.93..36477.32 rows=10682 width=4)
	        Recheck Cond: ((id >= 4164053) AND (id <= 4174052))
	        ->  Bitmap Index Scan on sbtest4_pkey  (cost=0.00..227.25 rows=10682 width=0)
	              Index Cond: ((id >= 4164053) AND (id <= 4174052))

table 5 : explain SELECT SUM(k) FROM sbtest5 WHERE id BETWEEN 6723212 AND 6733211
	Aggregate  (cost=33130.89..33130.90 rows=1 width=8)
	  ->  Bitmap Heap Scan on sbtest5  (cost=214.68..33106.93 rows=9585 width=4)
	        Recheck Cond: ((id >= 6723212) AND (id <= 6733211))
	        ->  Bitmap Index Scan on sbtest5_pkey  (cost=0.00..212.29 rows=9585 width=0)
	              Index Cond: ((id >= 6723212) AND (id <= 6733211))

table 6 : explain SELECT SUM(k) FROM sbtest6 WHERE id BETWEEN 2006145 AND 2016144
	Aggregate  (cost=32616.06..32616.07 rows=1 width=8)
	  ->  Bitmap Heap Scan on sbtest6  (cost=205.10..32592.48 rows=9431 width=4)
	        Recheck Cond: ((id >= 2006145) AND (id <= 2016144))
	        ->  Bitmap Index Scan on sbtest6_pkey  (cost=0.00..202.75 rows=9431 width=0)
	              Index Cond: ((id >= 2006145) AND (id <= 2016144))

table 7 : explain SELECT SUM(k) FROM sbtest7 WHERE id BETWEEN 2412060 AND 2422059
	Aggregate  (cost=30585.07..30585.08 rows=1 width=8)
	  ->  Bitmap Heap Scan on sbtest7  (cost=190.53..30563.10 rows=8790 width=4)
	        Recheck Cond: ((id >= 2412060) AND (id <= 2422059))
	        ->  Bitmap Index Scan on sbtest7_pkey  (cost=0.00..188.34 rows=8790 width=0)
	              Index Cond: ((id >= 2412060) AND (id <= 2422059))

table 8 : explain SELECT SUM(k) FROM sbtest8 WHERE id BETWEEN 9833372 AND 9843371
	Aggregate  (cost=33651.78..33651.79 rows=1 width=8)
	  ->  Bitmap Heap Scan on sbtest8  (cost=212.45..33627.38 rows=9758 width=4)
	        Recheck Cond: ((id >= 9833372) AND (id <= 9843371))
	        ->  Bitmap Index Scan on sbtest8_pkey  (cost=0.00..210.01 rows=9758 width=0)
	              Index Cond: ((id >= 9833372) AND (id <= 9843371))

explain: for point_selects :: explain SELECT c FROM sbtest%u WHERE id=%u
for: simple_ranges
table 1 : explain SELECT c FROM sbtest1 WHERE id BETWEEN 9907474 AND 9917473
	Bitmap Heap Scan on sbtest1  (cost=207.36..33275.32 rows=9651 width=121)
	  Recheck Cond: ((id >= 9907474) AND (id <= 9917473))
	  ->  Bitmap Index Scan on sbtest1_pkey  (cost=0.00..204.94 rows=9651 width=0)
	        Index Cond: ((id >= 9907474) AND (id <= 9917473))

table 2 : explain SELECT c FROM sbtest2 WHERE id BETWEEN 6453945 AND 6463944
	Bitmap Heap Scan on sbtest2  (cost=226.70..35545.72 rows=10367 width=121)
	  Recheck Cond: ((id >= 6453945) AND (id <= 6463944))
	  ->  Bitmap Index Scan on sbtest2_pkey  (cost=0.00..224.11 rows=10367 width=0)
	        Index Cond: ((id >= 6453945) AND (id <= 6463944))

table 3 : explain SELECT c FROM sbtest3 WHERE id BETWEEN 8460179 AND 8470178
	Bitmap Heap Scan on sbtest3  (cost=221.42..35088.09 rows=10242 width=121)
	  Recheck Cond: ((id >= 8460179) AND (id <= 8470178))
	  ->  Bitmap Index Scan on sbtest3_pkey  (cost=0.00..218.86 rows=10242 width=0)
	        Index Cond: ((id >= 8460179) AND (id <= 8470178))

table 4 : explain SELECT c FROM sbtest4 WHERE id BETWEEN 5813511 AND 5823510
	Bitmap Heap Scan on sbtest4  (cost=182.89..29423.47 rows=8435 width=121)
	  Recheck Cond: ((id >= 5813511) AND (id <= 5823510))
	  ->  Bitmap Index Scan on sbtest4_pkey  (cost=0.00..180.79 rows=8435 width=0)
	        Index Cond: ((id >= 5813511) AND (id <= 5823510))

table 5 : explain SELECT c FROM sbtest5 WHERE id BETWEEN 4051617 AND 4061616
	Bitmap Heap Scan on sbtest5  (cost=219.19..33269.23 rows=9635 width=121)
	  Recheck Cond: ((id >= 4051617) AND (id <= 4061616))
	  ->  Bitmap Index Scan on sbtest5_pkey  (cost=0.00..216.79 rows=9635 width=0)
	        Index Cond: ((id >= 4051617) AND (id <= 4061616))

table 6 : explain SELECT c FROM sbtest6 WHERE id BETWEEN 8736443 AND 8746442
	Bitmap Heap Scan on sbtest6  (cost=222.09..35331.76 rows=10308 width=121)
	  Recheck Cond: ((id >= 8736443) AND (id <= 8746442))
	  ->  Bitmap Index Scan on sbtest6_pkey  (cost=0.00..219.51 rows=10308 width=0)
	        Index Cond: ((id >= 8736443) AND (id <= 8746442))

table 7 : explain SELECT c FROM sbtest7 WHERE id BETWEEN 6766251 AND 6776250
	Bitmap Heap Scan on sbtest7  (cost=222.05..35317.71 rows=10304 width=121)
	  Recheck Cond: ((id >= 6766251) AND (id <= 6776250))
	  ->  Bitmap Index Scan on sbtest7_pkey  (cost=0.00..219.48 rows=10304 width=0)
	        Index Cond: ((id >= 6766251) AND (id <= 6776250))

table 8 : explain SELECT c FROM sbtest8 WHERE id BETWEEN 7682942 AND 7692941
	Bitmap Heap Scan on sbtest8  (cost=212.60..33672.49 rows=9772 width=121)
	  Recheck Cond: ((id >= 7682942) AND (id <= 7692941))
	  ->  Bitmap Index Scan on sbtest8_pkey  (cost=0.00..210.16 rows=9772 width=0)
	        Index Cond: ((id >= 7682942) AND (id <= 7692941))

for: sum_ranges
table 1 : explain SELECT SUM(k) FROM sbtest1 WHERE id BETWEEN 5711246 AND 5721245
	Aggregate  (cost=38728.33..38728.34 rows=1 width=8)
	  ->  Bitmap Heap Scan on sbtest1  (cost=245.34..38699.82 rows=11405 width=4)
	        Recheck Cond: ((id >= 5711246) AND (id <= 5721245))
	        ->  Bitmap Index Scan on sbtest1_pkey  (cost=0.00..242.49 rows=11405 width=0)
	              Index Cond: ((id >= 5711246) AND (id <= 5721245))

table 2 : explain SELECT SUM(k) FROM sbtest2 WHERE id BETWEEN 8512916 AND 8522915
	Aggregate  (cost=33927.85..33927.86 rows=1 width=8)
	  ->  Bitmap Heap Scan on sbtest2  (cost=213.31..33903.25 rows=9841 width=4)
	        Recheck Cond: ((id >= 8512916) AND (id <= 8522915))
	        ->  Bitmap Index Scan on sbtest2_pkey  (cost=0.00..210.84 rows=9841 width=0)
	              Index Cond: ((id >= 8512916) AND (id <= 8522915))

table 3 : explain SELECT SUM(k) FROM sbtest3 WHERE id BETWEEN 6952343 AND 6962342
	Aggregate  (cost=32405.48..32405.49 rows=1 width=8)
	  ->  Bitmap Heap Scan on sbtest3  (cost=200.54..32382.04 rows=9376 width=4)
	        Recheck Cond: ((id >= 6952343) AND (id <= 6962342))
	        ->  Bitmap Index Scan on sbtest3_pkey  (cost=0.00..198.19 rows=9376 width=0)
	              Index Cond: ((id >= 6952343) AND (id <= 6962342))

table 4 : explain SELECT SUM(k) FROM sbtest4 WHERE id BETWEEN 1435283 AND 1445282
	Aggregate  (cost=33407.79..33407.80 rows=1 width=8)
	  ->  Bitmap Heap Scan on sbtest4  (cost=207.73..33383.57 rows=9687 width=4)
	        Recheck Cond: ((id >= 1435283) AND (id <= 1445282))
	        ->  Bitmap Index Scan on sbtest4_pkey  (cost=0.00..205.31 rows=9687 width=0)
	              Index Cond: ((id >= 1435283) AND (id <= 1445282))

table 5 : explain SELECT SUM(k) FROM sbtest5 WHERE id BETWEEN 7904024 AND 7914023
	Aggregate  (cost=33587.30..33587.31 rows=1 width=8)
	  ->  Bitmap Heap Scan on sbtest5  (cost=220.16..33562.98 rows=9729 width=4)
	        Recheck Cond: ((id >= 7904024) AND (id <= 7914023))
	        ->  Bitmap Index Scan on sbtest5_pkey  (cost=0.00..217.73 rows=9729 width=0)
	              Index Cond: ((id >= 7904024) AND (id <= 7914023))

table 6 : explain SELECT SUM(k) FROM sbtest6 WHERE id BETWEEN 1998669 AND 2008668
	Aggregate  (cost=32616.06..32616.07 rows=1 width=8)
	  ->  Bitmap Heap Scan on sbtest6  (cost=205.10..32592.48 rows=9431 width=4)
	        Recheck Cond: ((id >= 1998669) AND (id <= 2008668))
	        ->  Bitmap Index Scan on sbtest6_pkey  (cost=0.00..202.75 rows=9431 width=0)
	              Index Cond: ((id >= 1998669) AND (id <= 2008668))

table 7 : explain SELECT SUM(k) FROM sbtest7 WHERE id BETWEEN 3160404 AND 3170403
	Aggregate  (cost=35798.57..35798.58 rows=1 width=8)
	  ->  Bitmap Heap Scan on sbtest7  (cost=227.55..35772.44 rows=10450 width=4)
	        Recheck Cond: ((id >= 3160404) AND (id <= 3170403))
	        ->  Bitmap Index Scan on sbtest7_pkey  (cost=0.00..224.94 rows=10450 width=0)
	              Index Cond: ((id >= 3160404) AND (id <= 3170403))

table 8 : explain SELECT SUM(k) FROM sbtest8 WHERE id BETWEEN 515520 AND 525519
	Aggregate  (cost=34318.52..34318.53 rows=1 width=8)
	  ->  Bitmap Heap Scan on sbtest8  (cost=214.65..34293.59 rows=9972 width=4)
	        Recheck Cond: ((id >= 515520) AND (id <= 525519))
	        ->  Bitmap Index Scan on sbtest8_pkey  (cost=0.00..212.16 rows=9972 width=0)
	              Index Cond: ((id >= 515520) AND (id <= 525519))

for: sum_ranges
table 1 : explain SELECT SUM(k) FROM sbtest1 WHERE id BETWEEN 8472074 AND 8482073
	Aggregate  (cost=35198.09..35198.10 rows=1 width=8)
	  ->  Bitmap Heap Scan on sbtest1  (cost=221.59..35172.44 rows=10259 width=4)
	        Recheck Cond: ((id >= 8472074) AND (id <= 8482073))
	        ->  Bitmap Index Scan on sbtest1_pkey  (cost=0.00..219.03 rows=10259 width=0)
	              Index Cond: ((id >= 8472074) AND (id <= 8482073))

table 2 : explain SELECT SUM(k) FROM sbtest2 WHERE id BETWEEN 8766065 AND 8776064
	Aggregate  (cost=36531.64..36531.65 rows=1 width=8)
	  ->  Bitmap Heap Scan on sbtest2  (cost=233.86..36504.95 rows=10676 width=4)
	        Recheck Cond: ((id >= 8766065) AND (id <= 8776064))
	        ->  Bitmap Index Scan on sbtest2_pkey  (cost=0.00..231.19 rows=10676 width=0)
	              Index Cond: ((id >= 8766065) AND (id <= 8776064))

table 3 : explain SELECT SUM(k) FROM sbtest3 WHERE id BETWEEN 9161754 AND 9171753
	Aggregate  (cost=30863.18..30863.19 rows=1 width=8)
	  ->  Bitmap Heap Scan on sbtest3  (cost=191.54..30840.96 rows=8888 width=4)
	        Recheck Cond: ((id >= 9161754) AND (id <= 9171753))
	        ->  Bitmap Index Scan on sbtest3_pkey  (cost=0.00..189.31 rows=8888 width=0)
	              Index Cond: ((id >= 9161754) AND (id <= 9171753))

table 4 : explain SELECT SUM(k) FROM sbtest4 WHERE id BETWEEN 5168902 AND 5178901
	Aggregate  (cost=33610.94..33610.95 rows=1 width=8)
	  ->  Bitmap Heap Scan on sbtest4  (cost=208.39..33586.56 rows=9752 width=4)
	        Recheck Cond: ((id >= 5168902) AND (id <= 5178901))
	        ->  Bitmap Index Scan on sbtest4_pkey  (cost=0.00..205.95 rows=9752 width=0)
	              Index Cond: ((id >= 5168902) AND (id <= 5178901))

table 5 : explain SELECT SUM(k) FROM sbtest5 WHERE id BETWEEN 924984 AND 934983
	Aggregate  (cost=34779.85..34779.86 rows=1 width=8)
	  ->  Bitmap Heap Scan on sbtest5  (cost=228.06..34754.58 rows=10110 width=4)
	        Recheck Cond: ((id >= 924984) AND (id <= 934983))
	        ->  Bitmap Index Scan on sbtest5_pkey  (cost=0.00..225.54 rows=10110 width=0)
	              Index Cond: ((id >= 924984) AND (id <= 934983))

table 6 : explain SELECT SUM(k) FROM sbtest6 WHERE id BETWEEN 1041055 AND 1051054
	Aggregate  (cost=35376.77..35376.78 rows=1 width=8)
	  ->  Bitmap Heap Scan on sbtest6  (cost=222.16..35350.98 rows=10315 width=4)
	        Recheck Cond: ((id >= 1041055) AND (id <= 1051054))
	        ->  Bitmap Index Scan on sbtest6_pkey  (cost=0.00..219.59 rows=10315 width=0)
	              Index Cond: ((id >= 1041055) AND (id <= 1051054))

table 7 : explain SELECT SUM(k) FROM sbtest7 WHERE id BETWEEN 3807354 AND 3817353
	Aggregate  (cost=30620.99..30621.00 rows=1 width=8)
	  ->  Bitmap Heap Scan on sbtest7  (cost=190.66..30598.99 rows=8802 width=4)
	        Recheck Cond: ((id >= 3807354) AND (id <= 3817353))
	        ->  Bitmap Index Scan on sbtest7_pkey  (cost=0.00..188.45 rows=8802 width=0)
	              Index Cond: ((id >= 3807354) AND (id <= 3817353))

table 8 : explain SELECT SUM(k) FROM sbtest8 WHERE id BETWEEN 8455653 AND 8465652
	Aggregate  (cost=31947.96..31947.97 rows=1 width=8)
	  ->  Bitmap Heap Scan on sbtest8  (cost=198.91..31924.92 rows=9217 width=4)
	        Recheck Cond: ((id >= 8455653) AND (id <= 8465652))
	        ->  Bitmap Index Scan on sbtest8_pkey  (cost=0.00..196.61 rows=9217 width=0)
	              Index Cond: ((id >= 8455653) AND (id <= 8465652))

for: order_ranges
table 1 : explain SELECT c FROM sbtest1 WHERE id BETWEEN 7547484 AND 7557483 ORDER BY c
	Sort  (cost=35034.75..35059.76 rows=10002 width=121)
	  Sort Key: c
	  ->  Bitmap Heap Scan on sbtest1  (cost=214.96..34370.22 rows=10002 width=121)
	        Recheck Cond: ((id >= 7547484) AND (id <= 7557483))
	        ->  Bitmap Index Scan on sbtest1_pkey  (cost=0.00..212.45 rows=10002 width=0)
	              Index Cond: ((id >= 7547484) AND (id <= 7557483))

table 2 : explain SELECT c FROM sbtest2 WHERE id BETWEEN 1739954 AND 1749953 ORDER BY c
	Sort  (cost=35103.44..35128.47 rows=10011 width=121)
	  Sort Key: c
	  ->  Bitmap Heap Scan on sbtest2  (cost=219.05..34438.24 rows=10011 width=121)
	        Recheck Cond: ((id >= 1739954) AND (id <= 1749953))
	        ->  Bitmap Index Scan on sbtest2_pkey  (cost=0.00..216.55 rows=10011 width=0)
	              Index Cond: ((id >= 1739954) AND (id <= 1749953))

table 3 : explain SELECT c FROM sbtest3 WHERE id BETWEEN 4784480 AND 4794479 ORDER BY c
	Sort  (cost=35281.37..35306.59 rows=10089 width=121)
	  Sort Key: c
	  ->  Bitmap Heap Scan on sbtest3  (cost=215.85..34610.42 rows=10089 width=121)
	        Recheck Cond: ((id >= 4784480) AND (id <= 4794479))
	        ->  Bitmap Index Scan on sbtest3_pkey  (cost=0.00..213.32 rows=10089 width=0)
	              Index Cond: ((id >= 4784480) AND (id <= 4794479))

table 4 : explain SELECT c FROM sbtest4 WHERE id BETWEEN 5738524 AND 5748523 ORDER BY c
	Sort  (cost=35171.25..35196.36 rows=10045 width=121)
	  Sort Key: c
	  ->  Bitmap Heap Scan on sbtest4  (cost=215.40..34503.55 rows=10045 width=121)
	        Recheck Cond: ((id >= 5738524) AND (id <= 5748523))
	        ->  Bitmap Index Scan on sbtest4_pkey  (cost=0.00..212.88 rows=10045 width=0)
	              Index Cond: ((id >= 5738524) AND (id <= 5748523))

table 5 : explain SELECT c FROM sbtest5 WHERE id BETWEEN 9485449 AND 9495448 ORDER BY c
	Sort  (cost=34807.71..34832.51 rows=9917 width=121)
	  Sort Key: c
	  ->  Bitmap Heap Scan on sbtest5  (cost=222.08..34149.44 rows=9917 width=121)
	        Recheck Cond: ((id >= 9485449) AND (id <= 9495448))
	        ->  Bitmap Index Scan on sbtest5_pkey  (cost=0.00..219.61 rows=9917 width=0)
	              Index Cond: ((id >= 9485449) AND (id <= 9495448))

table 6 : explain SELECT c FROM sbtest6 WHERE id BETWEEN 4670002 AND 4680001 ORDER BY c
	Sort  (cost=35090.24..35115.28 rows=10016 width=121)
	  Sort Key: c
	  ->  Bitmap Heap Scan on sbtest6  (cost=219.10..34424.67 rows=10016 width=121)
	        Recheck Cond: ((id >= 4670002) AND (id <= 4680001))
	        ->  Bitmap Index Scan on sbtest6_pkey  (cost=0.00..216.59 rows=10016 width=0)
	              Index Cond: ((id >= 4670002) AND (id <= 4680001))

table 7 : explain SELECT c FROM sbtest7 WHERE id BETWEEN 7138185 AND 7148184 ORDER BY c
	Sort  (cost=38429.26..38456.94 rows=11072 width=121)
	  Sort Key: c
	  ->  Bitmap Heap Scan on sbtest7  (cost=237.92..37685.52 rows=11072 width=121)
	        Recheck Cond: ((id >= 7138185) AND (id <= 7148184))
	        ->  Bitmap Index Scan on sbtest7_pkey  (cost=0.00..235.16 rows=11072 width=0)
	              Index Cond: ((id >= 7138185) AND (id <= 7148184))

table 8 : explain SELECT c FROM sbtest8 WHERE id BETWEEN 2934582 AND 2944581 ORDER BY c
	Sort  (cost=34442.17..34466.70 rows=9811 width=121)
	  Sort Key: c
	  ->  Bitmap Heap Scan on sbtest8  (cost=213.00..33791.69 rows=9811 width=121)
	        Recheck Cond: ((id >= 2934582) AND (id <= 2944581))
	        ->  Bitmap Index Scan on sbtest8_pkey  (cost=0.00..210.55 rows=9811 width=0)
	              Index Cond: ((id >= 2934582) AND (id <= 2944581))

for: sum_ranges
table 1 : explain SELECT SUM(k) FROM sbtest1 WHERE id BETWEEN 1588745 AND 1598744
	Aggregate  (cost=34244.14..34244.15 rows=1 width=8)
	  ->  Bitmap Heap Scan on sbtest1  (cost=214.45..34219.25 rows=9953 width=4)
	        Recheck Cond: ((id >= 1588745) AND (id <= 1598744))
	        ->  Bitmap Index Scan on sbtest1_pkey  (cost=0.00..211.97 rows=9953 width=0)
	              Index Cond: ((id >= 1588745) AND (id <= 1598744))

table 2 : explain SELECT SUM(k) FROM sbtest2 WHERE id BETWEEN 2163979 AND 2173978
	Aggregate  (cost=35186.95..35186.96 rows=1 width=8)
	  ->  Bitmap Heap Scan on sbtest2  (cost=225.43..35161.34 rows=10243 width=4)
	        Recheck Cond: ((id >= 2163979) AND (id <= 2173978))
	        ->  Bitmap Index Scan on sbtest2_pkey  (cost=0.00..222.87 rows=10243 width=0)
	              Index Cond: ((id >= 2163979) AND (id <= 2173978))

table 3 : explain SELECT SUM(k) FROM sbtest3 WHERE id BETWEEN 8533746 AND 8543745
	Aggregate  (cost=36403.99..36404.00 rows=1 width=8)
	  ->  Bitmap Heap Scan on sbtest3  (cost=229.70..36377.34 rows=10660 width=4)
	        Recheck Cond: ((id >= 8533746) AND (id <= 8543745))
	        ->  Bitmap Index Scan on sbtest3_pkey  (cost=0.00..227.04 rows=10660 width=0)
	              Index Cond: ((id >= 8533746) AND (id <= 8543745))

table 4 : explain SELECT SUM(k) FROM sbtest4 WHERE id BETWEEN 8510833 AND 8520832
	Aggregate  (cost=33610.94..33610.95 rows=1 width=8)
	  ->  Bitmap Heap Scan on sbtest4  (cost=208.39..33586.56 rows=9752 width=4)
	        Recheck Cond: ((id >= 8510833) AND (id <= 8520832))
	        ->  Bitmap Index Scan on sbtest4_pkey  (cost=0.00..205.95 rows=9752 width=0)
	              Index Cond: ((id >= 8510833) AND (id <= 8520832))

table 5 : explain SELECT SUM(k) FROM sbtest5 WHERE id BETWEEN 4502104 AND 4512103
	Aggregate  (cost=34332.81..34332.82 rows=1 width=8)
	  ->  Bitmap Heap Scan on sbtest5  (cost=226.60..34307.89 rows=9967 width=4)
	        Recheck Cond: ((id >= 4502104) AND (id <= 4512103))
	        ->  Bitmap Index Scan on sbtest5_pkey  (cost=0.00..224.11 rows=9967 width=0)
	              Index Cond: ((id >= 4502104) AND (id <= 4512103))

table 6 : explain SELECT SUM(k) FROM sbtest6 WHERE id BETWEEN 8954867 AND 8964866
	Aggregate  (cost=32693.75..32693.76 rows=1 width=8)
	  ->  Bitmap Heap Scan on sbtest6  (cost=205.36..32670.11 rows=9456 width=4)
	        Recheck Cond: ((id >= 8954867) AND (id <= 8964866))
	        ->  Bitmap Index Scan on sbtest6_pkey  (cost=0.00..203.00 rows=9456 width=0)
	              Index Cond: ((id >= 8954867) AND (id <= 8964866))

table 7 : explain SELECT SUM(k) FROM sbtest7 WHERE id BETWEEN 5516434 AND 5526433
	Aggregate  (cost=31387.49..31387.50 rows=1 width=8)
	  ->  Bitmap Heap Scan on sbtest7  (cost=197.13..31364.88 rows=9043 width=4)
	        Recheck Cond: ((id >= 5516434) AND (id <= 5526433))
	        ->  Bitmap Index Scan on sbtest7_pkey  (cost=0.00..194.87 rows=9043 width=0)
	              Index Cond: ((id >= 5516434) AND (id <= 5526433))

table 8 : explain SELECT SUM(k) FROM sbtest8 WHERE id BETWEEN 8352640 AND 8362639
	Aggregate  (cost=35468.24..35468.25 rows=1 width=8)
	  ->  Bitmap Heap Scan on sbtest8  (cost=222.43..35442.39 rows=10341 width=4)
	        Recheck Cond: ((id >= 8352640) AND (id <= 8362639))
	        ->  Bitmap Index Scan on sbtest8_pkey  (cost=0.00..219.84 rows=10341 width=0)
	              Index Cond: ((id >= 8352640) AND (id <= 8362639))

for: order_ranges
table 1 : explain SELECT c FROM sbtest1 WHERE id BETWEEN 8243073 AND 8253072 ORDER BY c
	Sort  (cost=38443.72..38471.42 rows=11078 width=121)
	  Sort Key: c
	  ->  Bitmap Heap Scan on sbtest1  (cost=237.98..37699.53 rows=11078 width=121)
	        Recheck Cond: ((id >= 8243073) AND (id <= 8253072))
	        ->  Bitmap Index Scan on sbtest1_pkey  (cost=0.00..235.22 rows=11078 width=0)
	              Index Cond: ((id >= 8243073) AND (id <= 8253072))

table 2 : explain SELECT c FROM sbtest2 WHERE id BETWEEN 5871551 AND 5881550 ORDER BY c
	Sort  (cost=38188.22..38215.68 rows=10983 width=121)
	  Sort Key: c
	  ->  Bitmap Heap Scan on sbtest2  (cost=241.01..37451.10 rows=10983 width=121)
	        Recheck Cond: ((id >= 5871551) AND (id <= 5881550))
	        ->  Bitmap Index Scan on sbtest2_pkey  (cost=0.00..238.26 rows=10983 width=0)
	              Index Cond: ((id >= 5871551) AND (id <= 5881550))

table 3 : explain SELECT c FROM sbtest3 WHERE id BETWEEN 6418337 AND 6428336 ORDER BY c
	Sort  (cost=34057.83..34082.10 rows=9706 width=121)
	  Sort Key: c
	  ->  Bitmap Heap Scan on sbtest3  (cost=207.92..33415.07 rows=9706 width=121)
	        Recheck Cond: ((id >= 6418337) AND (id <= 6428336))
	        ->  Bitmap Index Scan on sbtest3_pkey  (cost=0.00..205.50 rows=9706 width=0)
	              Index Cond: ((id >= 6418337) AND (id <= 6428336))

table 4 : explain SELECT c FROM sbtest4 WHERE id BETWEEN 8882153 AND 8892152 ORDER BY c
	Sort  (cost=32213.35..32236.15 rows=9123 width=121)
	  Sort Key: c
	  ->  Bitmap Heap Scan on sbtest4  (cost=197.95..31613.27 rows=9123 width=121)
	        Recheck Cond: ((id >= 8882153) AND (id <= 8892152))
	        ->  Bitmap Index Scan on sbtest4_pkey  (cost=0.00..195.67 rows=9123 width=0)
	              Index Cond: ((id >= 8882153) AND (id <= 8892152))

table 5 : explain SELECT c FROM sbtest5 WHERE id BETWEEN 3186542 AND 3196541 ORDER BY c
	Sort  (cost=34293.28..34317.67 rows=9756 width=121)
	  Sort Key: c
	  ->  Bitmap Heap Scan on sbtest5  (cost=220.43..33646.85 rows=9756 width=121)
	        Recheck Cond: ((id >= 3186542) AND (id <= 3196541))
	        ->  Bitmap Index Scan on sbtest5_pkey  (cost=0.00..218.00 rows=9756 width=0)
	              Index Cond: ((id >= 3186542) AND (id <= 3196541))

table 6 : explain SELECT c FROM sbtest6 WHERE id BETWEEN 6419233 AND 6429232 ORDER BY c
	Sort  (cost=35651.79..35677.28 rows=10193 width=121)
	  Sort Key: c
	  ->  Bitmap Heap Scan on sbtest6  (cost=220.91..34973.18 rows=10193 width=121)
	        Recheck Cond: ((id >= 6419233) AND (id <= 6429232))
	        ->  Bitmap Index Scan on sbtest6_pkey  (cost=0.00..218.37 rows=10193 width=0)
	              Index Cond: ((id >= 6419233) AND (id <= 6429232))

table 7 : explain SELECT c FROM sbtest7 WHERE id BETWEEN 3597364 AND 3607363 ORDER BY c
	Sort  (cost=34387.27..34411.76 rows=9797 width=121)
	  Sort Key: c
	  ->  Bitmap Heap Scan on sbtest7  (cost=212.85..33737.82 rows=9797 width=121)
	        Recheck Cond: ((id >= 3597364) AND (id <= 3607363))
	        ->  Bitmap Index Scan on sbtest7_pkey  (cost=0.00..210.41 rows=9797 width=0)
	              Index Cond: ((id >= 3597364) AND (id <= 3607363))

table 8 : explain SELECT c FROM sbtest8 WHERE id BETWEEN 6291614 AND 6301613 ORDER BY c
	Sort  (cost=36914.45..36940.92 rows=10587 width=121)
	  Sort Key: c
	  ->  Bitmap Heap Scan on sbtest8  (cost=228.95..36206.71 rows=10587 width=121)
	        Recheck Cond: ((id >= 6291614) AND (id <= 6301613))
	        ->  Bitmap Index Scan on sbtest8_pkey  (cost=0.00..226.31 rows=10587 width=0)
	              Index Cond: ((id >= 6291614) AND (id <= 6301613))

for: distinct_ranges
table 1 : explain SELECT DISTINCT c FROM sbtest1 WHERE id BETWEEN 4945709 AND 4955708 ORDER BY c
	Unique  (cost=34745.34..34794.89 rows=9911 width=121)
	  ->  Sort  (cost=34745.34..34770.11 rows=9911 width=121)
	        Sort Key: c
	        ->  Bitmap Heap Scan on sbtest1  (cost=214.02..34087.50 rows=9911 width=121)
	              Recheck Cond: ((id >= 4945709) AND (id <= 4955708))
	              ->  Bitmap Index Scan on sbtest1_pkey  (cost=0.00..211.55 rows=9911 width=0)
	                    Index Cond: ((id >= 4945709) AND (id <= 4955708))

table 2 : explain SELECT DISTINCT c FROM sbtest2 WHERE id BETWEEN 772180 AND 782179 ORDER BY c
	Unique  (cost=37411.87..37465.56 rows=10737 width=121)
	  ->  Sort  (cost=37411.87..37438.71 rows=10737 width=121)
	        Sort Key: c
	        ->  Bitmap Heap Scan on sbtest2  (cost=234.49..36693.01 rows=10737 width=121)
	              Recheck Cond: ((id >= 772180) AND (id <= 782179))
	              ->  Bitmap Index Scan on sbtest2_pkey  (cost=0.00..231.81 rows=10737 width=0)
	                    Index Cond: ((id >= 772180) AND (id <= 782179))

table 3 : explain SELECT DISTINCT c FROM sbtest3 WHERE id BETWEEN 1547758 AND 1557757 ORDER BY c
	Unique  (cost=37562.44..37616.49 rows=10810 width=121)
	  ->  Sort  (cost=37562.44..37589.46 rows=10810 width=121)
	        Sort Key: c
	        ->  Bitmap Heap Scan on sbtest3  (cost=231.24..36838.16 rows=10810 width=121)
	              Recheck Cond: ((id >= 1547758) AND (id <= 1557757))
	              ->  Bitmap Index Scan on sbtest3_pkey  (cost=0.00..228.54 rows=10810 width=0)
	                    Index Cond: ((id >= 1547758) AND (id <= 1557757))

table 4 : explain SELECT DISTINCT c FROM sbtest4 WHERE id BETWEEN 4683267 AND 4693266 ORDER BY c
	Unique  (cost=31427.55..31471.95 rows=8881 width=121)
	  ->  Sort  (cost=31427.55..31449.75 rows=8881 width=121)
	        Sort Key: c
	        ->  Bitmap Heap Scan on sbtest4  (cost=191.47..30845.11 rows=8881 width=121)
	              Recheck Cond: ((id >= 4683267) AND (id <= 4693266))
	              ->  Bitmap Index Scan on sbtest4_pkey  (cost=0.00..189.25 rows=8881 width=0)
	                    Index Cond: ((id >= 4683267) AND (id <= 4693266))

table 5 : explain SELECT DISTINCT c FROM sbtest5 WHERE id BETWEEN 8388068 AND 8398067 ORDER BY c
	Unique  (cost=33171.24..33218.28 rows=9407 width=121)
	  ->  Sort  (cost=33171.24..33194.76 rows=9407 width=121)
	        Sort Key: c
	        ->  Bitmap Heap Scan on sbtest5  (cost=212.86..32550.40 rows=9407 width=121)
	              Recheck Cond: ((id >= 8388068) AND (id <= 8398067))
	              ->  Bitmap Index Scan on sbtest5_pkey  (cost=0.00..210.50 rows=9407 width=0)
	                    Index Cond: ((id >= 8388068) AND (id <= 8398067))

table 6 : explain SELECT DISTINCT c FROM sbtest6 WHERE id BETWEEN 726022 AND 736021 ORDER BY c
	Unique  (cost=36222.72..36274.58 rows=10372 width=121)
	  ->  Sort  (cost=36222.72..36248.65 rows=10372 width=121)
	        Sort Key: c
	        ->  Bitmap Heap Scan on sbtest6  (cost=226.75..35530.88 rows=10372 width=121)
	              Recheck Cond: ((id >= 726022) AND (id <= 736021))
	              ->  Bitmap Index Scan on sbtest6_pkey  (cost=0.00..224.16 rows=10372 width=0)
	                    Index Cond: ((id >= 726022) AND (id <= 736021))

table 7 : explain SELECT DISTINCT c FROM sbtest7 WHERE id BETWEEN 4615759 AND 4625758 ORDER BY c
	Unique  (cost=33544.87..33592.55 rows=9535 width=121)
	  ->  Sort  (cost=33544.87..33568.71 rows=9535 width=121)
	        Sort Key: c
	        ->  Bitmap Heap Scan on sbtest7  (cost=206.17..32914.65 rows=9535 width=121)
	              Recheck Cond: ((id >= 4615759) AND (id <= 4625758))
	              ->  Bitmap Index Scan on sbtest7_pkey  (cost=0.00..203.79 rows=9535 width=0)
	                    Index Cond: ((id >= 4615759) AND (id <= 4625758))

table 8 : explain SELECT DISTINCT c FROM sbtest8 WHERE id BETWEEN 530525 AND 540524 ORDER BY c
	Unique  (cost=34955.91..35005.77 rows=9972 width=121)
	  ->  Sort  (cost=34955.91..34980.84 rows=9972 width=121)
	        Sort Key: c
	        ->  Bitmap Heap Scan on sbtest8  (cost=214.65..34293.59 rows=9972 width=121)
	              Recheck Cond: ((id >= 530525) AND (id <= 540524))
	              ->  Bitmap Index Scan on sbtest8_pkey  (cost=0.00..212.16 rows=9972 width=0)
	                    Index Cond: ((id >= 530525) AND (id <= 540524))

for point_selects
table 1 : explain SELECT c FROM sbtest1 WHERE id=4000593
	Index Scan using sbtest1_pkey on sbtest1  (cost=0.43..8.45 rows=1 width=121)
	  Index Cond: (id = 4000593)

table 2 : explain SELECT c FROM sbtest2 WHERE id=3613153
	Index Scan using sbtest2_pkey on sbtest2  (cost=0.43..8.45 rows=1 width=121)
	  Index Cond: (id = 3613153)

table 3 : explain SELECT c FROM sbtest3 WHERE id=9809490
	Index Scan using sbtest3_pkey on sbtest3  (cost=0.43..8.45 rows=1 width=121)
	  Index Cond: (id = 9809490)

table 4 : explain SELECT c FROM sbtest4 WHERE id=174940
	Index Scan using sbtest4_pkey on sbtest4  (cost=0.43..8.45 rows=1 width=121)
	  Index Cond: (id = 174940)

table 5 : explain SELECT c FROM sbtest5 WHERE id=9444604
	Index Scan using sbtest5_pkey on sbtest5  (cost=0.43..8.45 rows=1 width=121)
	  Index Cond: (id = 9444604)

table 6 : explain SELECT c FROM sbtest6 WHERE id=1286908
	Index Scan using sbtest6_pkey on sbtest6  (cost=0.43..8.45 rows=1 width=121)
	  Index Cond: (id = 1286908)

table 7 : explain SELECT c FROM sbtest7 WHERE id=4511138
	Index Scan using sbtest7_pkey on sbtest7  (cost=0.43..8.45 rows=1 width=121)
	  Index Cond: (id = 4511138)

table 8 : explain SELECT c FROM sbtest8 WHERE id=1348531
	Index Scan using sbtest8_pkey on sbtest8  (cost=0.43..8.45 rows=1 width=121)
	  Index Cond: (id = 1348531)

for point_selects
table 1 : explain SELECT c FROM sbtest1 WHERE id=1550098
	Index Scan using sbtest1_pkey on sbtest1  (cost=0.43..8.45 rows=1 width=121)
	  Index Cond: (id = 1550098)

table 2 : explain SELECT c FROM sbtest2 WHERE id=8664967
	Index Scan using sbtest2_pkey on sbtest2  (cost=0.43..8.45 rows=1 width=121)
	  Index Cond: (id = 8664967)

table 3 : explain SELECT c FROM sbtest3 WHERE id=5211619
	Index Scan using sbtest3_pkey on sbtest3  (cost=0.43..8.45 rows=1 width=121)
	  Index Cond: (id = 5211619)

table 4 : explain SELECT c FROM sbtest4 WHERE id=6646346
	Index Scan using sbtest4_pkey on sbtest4  (cost=0.43..8.45 rows=1 width=121)
	  Index Cond: (id = 6646346)

table 5 : explain SELECT c FROM sbtest5 WHERE id=323464
	Index Scan using sbtest5_pkey on sbtest5  (cost=0.43..8.45 rows=1 width=121)
	  Index Cond: (id = 323464)

table 6 : explain SELECT c FROM sbtest6 WHERE id=6040127
	Index Scan using sbtest6_pkey on sbtest6  (cost=0.43..8.45 rows=1 width=121)
	  Index Cond: (id = 6040127)

table 7 : explain SELECT c FROM sbtest7 WHERE id=4241432
	Index Scan using sbtest7_pkey on sbtest7  (cost=0.43..8.45 rows=1 width=121)
	  Index Cond: (id = 4241432)

table 8 : explain SELECT c FROM sbtest8 WHERE id=281880
	Index Scan using sbtest8_pkey on sbtest8  (cost=0.43..8.45 rows=1 width=121)
	  Index Cond: (id = 281880)

for: simple_ranges
table 1 : explain SELECT c FROM sbtest1 WHERE id BETWEEN 4203454 AND 4213453
	Bitmap Heap Scan on sbtest1  (cost=221.66..35194.84 rows=10266 width=121)
	  Recheck Cond: ((id >= 4203454) AND (id <= 4213453))
	  ->  Bitmap Index Scan on sbtest1_pkey  (cost=0.00..219.09 rows=10266 width=0)
	        Index Cond: ((id >= 4203454) AND (id <= 4213453))

table 2 : explain SELECT c FROM sbtest2 WHERE id BETWEEN 910493 AND 920492
	Bitmap Heap Scan on sbtest2  (cost=226.90..35606.54 rows=10387 width=121)
	  Recheck Cond: ((id >= 910493) AND (id <= 920492))
	  ->  Bitmap Index Scan on sbtest2_pkey  (cost=0.00..224.31 rows=10387 width=0)
	        Index Cond: ((id >= 910493) AND (id <= 920492))

table 3 : explain SELECT c FROM sbtest3 WHERE id BETWEEN 5635942 AND 5645941
	Bitmap Heap Scan on sbtest3  (cost=222.81..35506.60 rows=10378 width=121)
	  Recheck Cond: ((id >= 5635942) AND (id <= 5645941))
	  ->  Bitmap Index Scan on sbtest3_pkey  (cost=0.00..220.22 rows=10378 width=0)
	        Index Cond: ((id >= 5635942) AND (id <= 5645941))

table 4 : explain SELECT c FROM sbtest4 WHERE id BETWEEN 6875218 AND 6885217
	Bitmap Heap Scan on sbtest4  (cost=214.68..34285.26 rows=9975 width=121)
	  Recheck Cond: ((id >= 6875218) AND (id <= 6885217))
	  ->  Bitmap Index Scan on sbtest4_pkey  (cost=0.00..212.19 rows=9975 width=0)
	        Index Cond: ((id >= 6875218) AND (id <= 6885217))

table 5 : explain SELECT c FROM sbtest5 WHERE id BETWEEN 5504154 AND 5514153
	Bitmap Heap Scan on sbtest5  (cost=226.94..34410.80 rows=10000 width=121)
	  Recheck Cond: ((id >= 5504154) AND (id <= 5514153))
	  ->  Bitmap Index Scan on sbtest5_pkey  (cost=0.00..224.44 rows=10000 width=0)
	        Index Cond: ((id >= 5504154) AND (id <= 5514153))

table 6 : explain SELECT c FROM sbtest6 WHERE id BETWEEN 8078906 AND 8088905
	Bitmap Heap Scan on sbtest6  (cost=199.44..32080.08 rows=9269 width=121)
	  Recheck Cond: ((id >= 8078906) AND (id <= 8088905))
	  ->  Bitmap Index Scan on sbtest6_pkey  (cost=0.00..197.12 rows=9269 width=0)
	        Index Cond: ((id >= 8078906) AND (id <= 8088905))

table 7 : explain SELECT c FROM sbtest7 WHERE id BETWEEN 1541223 AND 1551222
	Bitmap Heap Scan on sbtest7  (cost=228.50..36059.72 rows=10543 width=121)
	  Recheck Cond: ((id >= 1541223) AND (id <= 1551222))
	  ->  Bitmap Index Scan on sbtest7_pkey  (cost=0.00..225.87 rows=10543 width=0)
	        Index Cond: ((id >= 1541223) AND (id <= 1551222))

table 8 : explain SELECT c FROM sbtest8 WHERE id BETWEEN 2281379 AND 2291378
	Bitmap Heap Scan on sbtest8  (cost=214.36..34206.79 rows=9944 width=121)
	  Recheck Cond: ((id >= 2281379) AND (id <= 2291378))
	  ->  Bitmap Index Scan on sbtest8_pkey  (cost=0.00..211.88 rows=9944 width=0)
	        Index Cond: ((id >= 2281379) AND (id <= 2291378))

for: sum_ranges
table 1 : explain SELECT SUM(k) FROM sbtest1 WHERE id BETWEEN 2421046 AND 2431045
	Aggregate  (cost=34083.30..34083.31 rows=1 width=8)
	  ->  Bitmap Heap Scan on sbtest1  (cost=213.92..34058.55 rows=9901 width=4)
	        Recheck Cond: ((id >= 2421046) AND (id <= 2431045))
	        ->  Bitmap Index Scan on sbtest1_pkey  (cost=0.00..211.44 rows=9901 width=0)
	              Index Cond: ((id >= 2421046) AND (id <= 2431045))

table 2 : explain SELECT SUM(k) FROM sbtest2 WHERE id BETWEEN 7391128 AND 7401127
	Aggregate  (cost=34012.45..34012.46 rows=1 width=8)
	  ->  Bitmap Heap Scan on sbtest2  (cost=217.57..33987.78 rows=9867 width=4)
	        Recheck Cond: ((id >= 7391128) AND (id <= 7401127))
	        ->  Bitmap Index Scan on sbtest2_pkey  (cost=0.00..215.11 rows=9867 width=0)
	              Index Cond: ((id >= 7391128) AND (id <= 7401127))

table 3 : explain SELECT SUM(k) FROM sbtest3 WHERE id BETWEEN 7379460 AND 7389459
	Aggregate  (cost=34648.46..34648.47 rows=1 width=8)
	  ->  Bitmap Heap Scan on sbtest3  (cost=215.89..34623.23 rows=10093 width=4)
	        Recheck Cond: ((id >= 7379460) AND (id <= 7389459))
	        ->  Bitmap Index Scan on sbtest3_pkey  (cost=0.00..213.37 rows=10093 width=0)
	              Index Cond: ((id >= 7379460) AND (id <= 7389459))

table 4 : explain SELECT SUM(k) FROM sbtest4 WHERE id BETWEEN 1759979 AND 1769978
	Aggregate  (cost=33839.68..33839.69 rows=1 width=8)
	  ->  Bitmap Heap Scan on sbtest4  (cost=209.14..33815.11 rows=9825 width=4)
	        Recheck Cond: ((id >= 1759979) AND (id <= 1769978))
	        ->  Bitmap Index Scan on sbtest4_pkey  (cost=0.00..206.69 rows=9825 width=0)
	              Index Cond: ((id >= 1759979) AND (id <= 1769978))

table 5 : explain SELECT SUM(k) FROM sbtest5 WHERE id BETWEEN 5135231 AND 5145230
	Aggregate  (cost=32904.35..32904.36 rows=1 width=8)
	  ->  Bitmap Heap Scan on sbtest5  (cost=213.93..32880.57 rows=9512 width=4)
	        Recheck Cond: ((id >= 5135231) AND (id <= 5145230))
	        ->  Bitmap Index Scan on sbtest5_pkey  (cost=0.00..211.56 rows=9512 width=0)
	              Index Cond: ((id >= 5135231) AND (id <= 5145230))

table 6 : explain SELECT SUM(k) FROM sbtest6 WHERE id BETWEEN 857384 AND 867383
	Aggregate  (cost=31651.91..31651.92 rows=1 width=8)
	  ->  Bitmap Heap Scan on sbtest6  (cost=197.98..31629.10 rows=9126 width=4)
	        Recheck Cond: ((id >= 857384) AND (id <= 867383))
	        ->  Bitmap Index Scan on sbtest6_pkey  (cost=0.00..195.69 rows=9126 width=0)
	              Index Cond: ((id >= 857384) AND (id <= 867383))

table 7 : explain SELECT SUM(k) FROM sbtest7 WHERE id BETWEEN 7647941 AND 7657940
	Aggregate  (cost=32799.42..32799.43 rows=1 width=8)
	  ->  Bitmap Heap Scan on sbtest7  (cost=205.71..32775.69 rows=9490 width=4)
	        Recheck Cond: ((id >= 7647941) AND (id <= 7657940))
	        ->  Bitmap Index Scan on sbtest7_pkey  (cost=0.00..203.34 rows=9490 width=0)
	              Index Cond: ((id >= 7647941) AND (id <= 7657940))

table 8 : explain SELECT SUM(k) FROM sbtest8 WHERE id BETWEEN 7826110 AND 7836109
	Aggregate  (cost=33302.45..33302.46 rows=1 width=8)
	  ->  Bitmap Heap Scan on sbtest8  (cost=207.33..33278.33 rows=9648 width=4)
	        Recheck Cond: ((id >= 7826110) AND (id <= 7836109))
	        ->  Bitmap Index Scan on sbtest8_pkey  (cost=0.00..204.92 rows=9648 width=0)
	              Index Cond: ((id >= 7826110) AND (id <= 7836109))

for: sum_ranges
table 1 : explain SELECT SUM(k) FROM sbtest1 WHERE id BETWEEN 6501562 AND 6511561
	Aggregate  (cost=34851.10..34851.11 rows=1 width=8)
	  ->  Bitmap Heap Scan on sbtest1  (cost=216.45..34825.73 rows=10148 width=4)
	        Recheck Cond: ((id >= 6501562) AND (id <= 6511561))
	        ->  Bitmap Index Scan on sbtest1_pkey  (cost=0.00..213.92 rows=10148 width=0)
	              Index Cond: ((id >= 6501562) AND (id <= 6511561))

table 2 : explain SELECT SUM(k) FROM sbtest2 WHERE id BETWEEN 5826632 AND 5836631
	Aggregate  (cost=37478.56..37478.57 rows=1 width=8)
	  ->  Bitmap Heap Scan on sbtest2  (cost=241.01..37451.10 rows=10983 width=4)
	        Recheck Cond: ((id >= 5826632) AND (id <= 5836631))
	        ->  Bitmap Index Scan on sbtest2_pkey  (cost=0.00..238.26 rows=10983 width=0)
	              Index Cond: ((id >= 5826632) AND (id <= 5836631))

table 3 : explain SELECT SUM(k) FROM sbtest3 WHERE id BETWEEN 7513731 AND 7523730
	Aggregate  (cost=31129.99..31130.00 rows=1 width=8)
	  ->  Bitmap Heap Scan on sbtest3  (cost=192.40..31107.56 rows=8972 width=4)
	        Recheck Cond: ((id >= 7513731) AND (id <= 7523730))
	        ->  Bitmap Index Scan on sbtest3_pkey  (cost=0.00..190.16 rows=8972 width=0)
	              Index Cond: ((id >= 7513731) AND (id <= 7523730))

table 4 : explain SELECT SUM(k) FROM sbtest4 WHERE id BETWEEN 247172 AND 257171
	Aggregate  (cost=35881.09..35881.10 rows=1 width=8)
	  ->  Bitmap Heap Scan on sbtest4  (cost=223.87..35854.88 rows=10481 width=4)
	        Recheck Cond: ((id >= 247172) AND (id <= 257171))
	        ->  Bitmap Index Scan on sbtest4_pkey  (cost=0.00..221.25 rows=10481 width=0)
	              Index Cond: ((id >= 247172) AND (id <= 257171))

table 5 : explain SELECT SUM(k) FROM sbtest5 WHERE id BETWEEN 5695736 AND 5705735
	Aggregate  (cost=34799.16..34799.17 rows=1 width=8)
	  ->  Bitmap Heap Scan on sbtest5  (cost=228.13..34773.86 rows=10117 width=4)
	        Recheck Cond: ((id >= 5695736) AND (id <= 5705735))
	        ->  Bitmap Index Scan on sbtest5_pkey  (cost=0.00..225.61 rows=10117 width=0)
	              Index Cond: ((id >= 5695736) AND (id <= 5705735))

table 6 : explain SELECT SUM(k) FROM sbtest6 WHERE id BETWEEN 970919 AND 980918
	Aggregate  (cost=34851.10..34851.11 rows=1 width=8)
	  ->  Bitmap Heap Scan on sbtest6  (cost=220.42..34825.74 rows=10145 width=4)
	        Recheck Cond: ((id >= 970919) AND (id <= 980918))
	        ->  Bitmap Index Scan on sbtest6_pkey  (cost=0.00..217.88 rows=10145 width=0)
	              Index Cond: ((id >= 970919) AND (id <= 980918))

table 7 : explain SELECT SUM(k) FROM sbtest7 WHERE id BETWEEN 4301962 AND 4311961
	Aggregate  (cost=32427.12..32427.13 rows=1 width=8)
	  ->  Bitmap Heap Scan on sbtest7  (cost=204.49..32403.69 rows=9371 width=4)
	        Recheck Cond: ((id >= 4301962) AND (id <= 4311961))
	        ->  Bitmap Index Scan on sbtest7_pkey  (cost=0.00..202.15 rows=9371 width=0)
	              Index Cond: ((id >= 4301962) AND (id <= 4311961))

table 8 : explain SELECT SUM(k) FROM sbtest8 WHERE id BETWEEN 796062 AND 806061
	Aggregate  (cost=35208.74..35208.75 rows=1 width=8)
	  ->  Bitmap Heap Scan on sbtest8  (cost=221.57..35183.10 rows=10257 width=4)
	        Recheck Cond: ((id >= 796062) AND (id <= 806061))
	        ->  Bitmap Index Scan on sbtest8_pkey  (cost=0.00..219.00 rows=10257 width=0)
	              Index Cond: ((id >= 796062) AND (id <= 806061))

for: order_ranges
table 1 : explain SELECT c FROM sbtest1 WHERE id BETWEEN 1203523 AND 1213522 ORDER BY c
	Sort  (cost=35645.41..35670.90 rows=10194 width=121)
	  Sort Key: c
	  ->  Bitmap Heap Scan on sbtest1  (cost=216.92..34966.72 rows=10194 width=121)
	        Recheck Cond: ((id >= 1203523) AND (id <= 1213522))
	        ->  Bitmap Index Scan on sbtest1_pkey  (cost=0.00..214.38 rows=10194 width=0)
	              Index Cond: ((id >= 1203523) AND (id <= 1213522))

table 2 : explain SELECT c FROM sbtest2 WHERE id BETWEEN 4102335 AND 4112334 ORDER BY c
	Sort  (cost=35422.44..35447.72 rows=10111 width=121)
	  Sort Key: c
	  ->  Bitmap Heap Scan on sbtest2  (cost=220.07..34749.88 rows=10111 width=121)
	        Recheck Cond: ((id >= 4102335) AND (id <= 4112334))
	        ->  Bitmap Index Scan on sbtest2_pkey  (cost=0.00..217.55 rows=10111 width=0)
	              Index Cond: ((id >= 4102335) AND (id <= 4112334))

table 3 : explain SELECT c FROM sbtest3 WHERE id BETWEEN 6069724 AND 6079723 ORDER BY c
	Sort  (cost=33553.24..33577.11 rows=9548 width=121)
	  Sort Key: c
	  ->  Bitmap Heap Scan on sbtest3  (cost=206.30..32922.07 rows=9548 width=121)
	        Recheck Cond: ((id >= 6069724) AND (id <= 6079723))
	        ->  Bitmap Index Scan on sbtest3_pkey  (cost=0.00..203.92 rows=9548 width=0)
	              Index Cond: ((id >= 6069724) AND (id <= 6079723))

table 4 : explain SELECT c FROM sbtest4 WHERE id BETWEEN 1079738 AND 1089737 ORDER BY c
	Sort  (cost=38208.27..38235.78 rows=11004 width=121)
	  Sort Key: c
	  ->  Bitmap Heap Scan on sbtest4  (cost=237.23..37469.59 rows=11004 width=121)
	        Recheck Cond: ((id >= 1079738) AND (id <= 1089737))
	        ->  Bitmap Index Scan on sbtest4_pkey  (cost=0.00..234.48 rows=11004 width=0)
	              Index Cond: ((id >= 1079738) AND (id <= 1089737))

table 5 : explain SELECT c FROM sbtest5 WHERE id BETWEEN 1048186 AND 1058185 ORDER BY c
	Sort  (cost=33061.84..33085.27 rows=9373 width=121)
	  Sort Key: c
	  ->  Bitmap Heap Scan on sbtest5  (cost=212.51..32443.48 rows=9373 width=121)
	        Recheck Cond: ((id >= 1048186) AND (id <= 1058185))
	        ->  Bitmap Index Scan on sbtest5_pkey  (cost=0.00..210.17 rows=9373 width=0)
	              Index Cond: ((id >= 1048186) AND (id <= 1058185))

table 6 : explain SELECT c FROM sbtest6 WHERE id BETWEEN 8733053 AND 8743052 ORDER BY c
	Sort  (cost=36018.87..36044.64 rows=10308 width=121)
	  Sort Key: c
	  ->  Bitmap Heap Scan on sbtest6  (cost=222.09..35331.76 rows=10308 width=121)
	        Recheck Cond: ((id >= 8733053) AND (id <= 8743052))
	        ->  Bitmap Index Scan on sbtest6_pkey  (cost=0.00..219.51 rows=10308 width=0)
	              Index Cond: ((id >= 8733053) AND (id <= 8743052))

table 7 : explain SELECT c FROM sbtest7 WHERE id BETWEEN 4060396 AND 4070395 ORDER BY c
	Sort  (cost=34321.31..34345.75 rows=9776 width=121)
	  Sort Key: c
	  ->  Bitmap Heap Scan on sbtest7  (cost=212.64..33673.41 rows=9776 width=121)
	        Recheck Cond: ((id >= 4060396) AND (id <= 4070395))
	        ->  Bitmap Index Scan on sbtest7_pkey  (cost=0.00..210.19 rows=9776 width=0)
	              Index Cond: ((id >= 4060396) AND (id <= 4070395))

table 8 : explain SELECT c FROM sbtest8 WHERE id BETWEEN 6920039 AND 6930038 ORDER BY c
	Sort  (cost=36292.44..36318.42 rows=10392 width=121)
	  Sort Key: c
	  ->  Bitmap Heap Scan on sbtest8  (cost=222.95..35599.12 rows=10392 width=121)
	        Recheck Cond: ((id >= 6920039) AND (id <= 6930038))
	        ->  Bitmap Index Scan on sbtest8_pkey  (cost=0.00..220.36 rows=10392 width=0)
	              Index Cond: ((id >= 6920039) AND (id <= 6930038))

for: simple_ranges
table 1 : explain SELECT c FROM sbtest1 WHERE id BETWEEN 8980611 AND 8990610
	Bitmap Heap Scan on sbtest1  (cost=208.74..33694.24 rows=9786 width=121)
	  Recheck Cond: ((id >= 8980611) AND (id <= 8990610))
	  ->  Bitmap Index Scan on sbtest1_pkey  (cost=0.00..206.30 rows=9786 width=0)
	        Index Cond: ((id >= 8980611) AND (id <= 8990610))

table 2 : explain SELECT c FROM sbtest2 WHERE id BETWEEN 5705271 AND 5715270
	Bitmap Heap Scan on sbtest2  (cost=218.34..34222.76 rows=9942 width=121)
	  Recheck Cond: ((id >= 5705271) AND (id <= 5715270))
	  ->  Bitmap Index Scan on sbtest2_pkey  (cost=0.00..215.86 rows=9942 width=0)
	        Index Cond: ((id >= 5705271) AND (id <= 5715270))

table 3 : explain SELECT c FROM sbtest3 WHERE id BETWEEN 4513148 AND 4523147
	Bitmap Heap Scan on sbtest3  (cost=222.85..35519.37 rows=10382 width=121)
	  Recheck Cond: ((id >= 4513148) AND (id <= 4523147))
	  ->  Bitmap Index Scan on sbtest3_pkey  (cost=0.00..220.25 rows=10382 width=0)
	        Index Cond: ((id >= 4513148) AND (id <= 4523147))

table 4 : explain SELECT c FROM sbtest4 WHERE id BETWEEN 4312105 AND 4322104
	Bitmap Heap Scan on sbtest4  (cost=231.48..36944.92 rows=10834 width=121)
	  Recheck Cond: ((id >= 4312105) AND (id <= 4322104))
	  ->  Bitmap Index Scan on sbtest4_pkey  (cost=0.00..228.78 rows=10834 width=0)
	        Index Cond: ((id >= 4312105) AND (id <= 4322104))

table 5 : explain SELECT c FROM sbtest5 WHERE id BETWEEN 3858586 AND 3868585
	Bitmap Heap Scan on sbtest5  (cost=228.70..34947.16 rows=10172 width=121)
	  Recheck Cond: ((id >= 3858586) AND (id <= 3868585))
	  ->  Bitmap Index Scan on sbtest5_pkey  (cost=0.00..226.16 rows=10172 width=0)
	        Index Cond: ((id >= 3858586) AND (id <= 3868585))

table 6 : explain SELECT c FROM sbtest6 WHERE id BETWEEN 8970429 AND 8980428
	Bitmap Heap Scan on sbtest6  (cost=205.36..32670.11 rows=9456 width=121)
	  Recheck Cond: ((id >= 8970429) AND (id <= 8980428))
	  ->  Bitmap Index Scan on sbtest6_pkey  (cost=0.00..203.00 rows=9456 width=0)
	        Index Cond: ((id >= 8970429) AND (id <= 8980428))

table 7 : explain SELECT c FROM sbtest7 WHERE id BETWEEN 5824056 AND 5834055
	Bitmap Heap Scan on sbtest7  (cost=223.07..35621.50 rows=10403 width=121)
	  Recheck Cond: ((id >= 5824056) AND (id <= 5834055))
	  ->  Bitmap Index Scan on sbtest7_pkey  (cost=0.00..220.47 rows=10403 width=0)
	        Index Cond: ((id >= 5824056) AND (id <= 5834055))

table 8 : explain SELECT c FROM sbtest8 WHERE id BETWEEN 8310578 AND 8320577
	Bitmap Heap Scan on sbtest8  (cost=228.72..36133.35 rows=10564 width=121)
	  Recheck Cond: ((id >= 8310578) AND (id <= 8320577))
	  ->  Bitmap Index Scan on sbtest8_pkey  (cost=0.00..226.07 rows=10564 width=0)
	        Index Cond: ((id >= 8310578) AND (id <= 8320577))

for: order_ranges
table 1 : explain SELECT c FROM sbtest1 WHERE id BETWEEN 3896744 AND 3906743 ORDER BY c
	Sort  (cost=35366.50..35391.76 rows=10106 width=121)
	  Sort Key: c
	  ->  Bitmap Heap Scan on sbtest1  (cost=216.02..34694.30 rows=10106 width=121)
	        Recheck Cond: ((id >= 3896744) AND (id <= 3906743))
	        ->  Bitmap Index Scan on sbtest1_pkey  (cost=0.00..213.50 rows=10106 width=0)
	              Index Cond: ((id >= 3896744) AND (id <= 3906743))

table 2 : explain SELECT c FROM sbtest2 WHERE id BETWEEN 8889993 AND 8899992 ORDER BY c
	Sort  (cost=36011.00..36036.74 rows=10296 width=121)
	  Sort Key: c
	  ->  Bitmap Heap Scan on sbtest2  (cost=225.97..35324.78 rows=10296 width=121)
	        Recheck Cond: ((id >= 8889993) AND (id <= 8899992))
	        ->  Bitmap Index Scan on sbtest2_pkey  (cost=0.00..223.40 rows=10296 width=0)
	              Index Cond: ((id >= 8889993) AND (id <= 8899992))

table 3 : explain SELECT c FROM sbtest3 WHERE id BETWEEN 2518711 AND 2528710 ORDER BY c
	Sort  (cost=34222.46..34246.85 rows=9757 width=121)
	  Sort Key: c
	  ->  Bitmap Heap Scan on sbtest3  (cost=208.44..33575.95 rows=9757 width=121)
	        Recheck Cond: ((id >= 2518711) AND (id <= 2528710))
	        ->  Bitmap Index Scan on sbtest3_pkey  (cost=0.00..206.00 rows=9757 width=0)
	              Index Cond: ((id >= 2518711) AND (id <= 2528710))

table 4 : explain SELECT c FROM sbtest4 WHERE id BETWEEN 8280289 AND 8290288 ORDER BY c
	Sort  (cost=36639.75..36666.02 rows=10508 width=121)
	  Sort Key: c
	  ->  Bitmap Heap Scan on sbtest4  (cost=224.14..35937.86 rows=10508 width=121)
	        Recheck Cond: ((id >= 8280289) AND (id <= 8290288))
	        ->  Bitmap Index Scan on sbtest4_pkey  (cost=0.00..221.51 rows=10508 width=0)
	              Index Cond: ((id >= 8280289) AND (id <= 8290288))

table 5 : explain SELECT c FROM sbtest5 WHERE id BETWEEN 5865039 AND 5875038 ORDER BY c
	Sort  (cost=34745.17..34769.92 rows=9898 width=121)
	  Sort Key: c
	  ->  Bitmap Heap Scan on sbtest5  (cost=221.89..34088.30 rows=9898 width=121)
	        Recheck Cond: ((id >= 5865039) AND (id <= 5875038))
	        ->  Bitmap Index Scan on sbtest5_pkey  (cost=0.00..219.42 rows=9898 width=0)
	              Index Cond: ((id >= 5865039) AND (id <= 5875038))

table 6 : explain SELECT c FROM sbtest6 WHERE id BETWEEN 3030380 AND 3040379 ORDER BY c
	Sort  (cost=34786.93..34811.74 rows=9922 width=121)
	  Sort Key: c
	  ->  Bitmap Heap Scan on sbtest6  (cost=214.14..34128.29 rows=9922 width=121)
	        Recheck Cond: ((id >= 3030380) AND (id <= 3040379))
	        ->  Bitmap Index Scan on sbtest6_pkey  (cost=0.00..211.66 rows=9922 width=0)
	              Index Cond: ((id >= 3030380) AND (id <= 3040379))

table 7 : explain SELECT c FROM sbtest7 WHERE id BETWEEN 202957 AND 212956 ORDER BY c
	Sort  (cost=36620.48..36646.72 rows=10498 width=121)
	  Sort Key: c
	  ->  Bitmap Heap Scan on sbtest7  (cost=228.04..35919.33 rows=10498 width=121)
	        Recheck Cond: ((id >= 202957) AND (id <= 212956))
	        ->  Bitmap Index Scan on sbtest7_pkey  (cost=0.00..225.42 rows=10498 width=0)
	              Index Cond: ((id >= 202957) AND (id <= 212956))

table 8 : explain SELECT c FROM sbtest8 WHERE id BETWEEN 8647417 AND 8657416 ORDER BY c
	Sort  (cost=34478.40..34502.95 rows=9822 width=121)
	  Sort Key: c
	  ->  Bitmap Heap Scan on sbtest8  (cost=213.11..33827.11 rows=9822 width=121)
	        Recheck Cond: ((id >= 8647417) AND (id <= 8657416))
	        ->  Bitmap Index Scan on sbtest8_pkey  (cost=0.00..210.66 rows=9822 width=0)
	              Index Cond: ((id >= 8647417) AND (id <= 8657416))

for point_selects
table 1 : explain SELECT c FROM sbtest1 WHERE id=988514
	Index Scan using sbtest1_pkey on sbtest1  (cost=0.43..8.45 rows=1 width=121)
	  Index Cond: (id = 988514)

table 2 : explain SELECT c FROM sbtest2 WHERE id=521310
	Index Scan using sbtest2_pkey on sbtest2  (cost=0.43..8.45 rows=1 width=121)
	  Index Cond: (id = 521310)

table 3 : explain SELECT c FROM sbtest3 WHERE id=1488864
	Index Scan using sbtest3_pkey on sbtest3  (cost=0.43..8.45 rows=1 width=121)
	  Index Cond: (id = 1488864)

table 4 : explain SELECT c FROM sbtest4 WHERE id=5492952
	Index Scan using sbtest4_pkey on sbtest4  (cost=0.43..8.45 rows=1 width=121)
	  Index Cond: (id = 5492952)

table 5 : explain SELECT c FROM sbtest5 WHERE id=8455750
	Index Scan using sbtest5_pkey on sbtest5  (cost=0.43..8.45 rows=1 width=121)
	  Index Cond: (id = 8455750)

table 6 : explain SELECT c FROM sbtest6 WHERE id=1472845
	Index Scan using sbtest6_pkey on sbtest6  (cost=0.43..8.45 rows=1 width=121)
	  Index Cond: (id = 1472845)

table 7 : explain SELECT c FROM sbtest7 WHERE id=2569076
	Index Scan using sbtest7_pkey on sbtest7  (cost=0.43..8.45 rows=1 width=121)
	  Index Cond: (id = 2569076)

table 8 : explain SELECT c FROM sbtest8 WHERE id=4525324
	Index Scan using sbtest8_pkey on sbtest8  (cost=0.43..8.45 rows=1 width=121)
	  Index Cond: (id = 4525324)

for: distinct_ranges
table 1 : explain SELECT DISTINCT c FROM sbtest1 WHERE id BETWEEN 2228937 AND 2238936 ORDER BY c
	Unique  (cost=34926.17..34976.01 rows=9967 width=121)
	  ->  Sort  (cost=34926.17..34951.09 rows=9967 width=121)
	        Sort Key: c
	        ->  Bitmap Heap Scan on sbtest1  (cost=214.60..34264.22 rows=9967 width=121)
	              Recheck Cond: ((id >= 2228937) AND (id <= 2238936))
	              ->  Bitmap Index Scan on sbtest1_pkey  (cost=0.00..212.11 rows=9967 width=0)
	                    Index Cond: ((id >= 2228937) AND (id <= 2238936))

table 2 : explain SELECT DISTINCT c FROM sbtest2 WHERE id BETWEEN 9459920 AND 9469919 ORDER BY c
	Unique  (cost=33269.37..33316.57 rows=9440 width=121)
	  ->  Sort  (cost=33269.37..33292.97 rows=9440 width=121)
	        Sort Key: c
	        ->  Bitmap Heap Scan on sbtest2  (cost=205.20..32646.11 rows=9440 width=121)
	              Recheck Cond: ((id >= 9459920) AND (id <= 9469919))
	              ->  Bitmap Index Scan on sbtest2_pkey  (cost=0.00..202.84 rows=9440 width=0)
	                    Index Cond: ((id >= 9459920) AND (id <= 9469919))

table 3 : explain SELECT DISTINCT c FROM sbtest3 WHERE id BETWEEN 1983233 AND 1993232 ORDER BY c
	Unique  (cost=38527.37..38582.95 rows=11117 width=121)
	  ->  Sort  (cost=38527.37..38555.16 rows=11117 width=121)
	        Sort Key: c
	        ->  Bitmap Heap Scan on sbtest3  (cost=238.38..37780.28 rows=11117 width=121)
	              Recheck Cond: ((id >= 1983233) AND (id <= 1993232))
	              ->  Bitmap Index Scan on sbtest3_pkey  (cost=0.00..235.61 rows=11117 width=0)
	                    Index Cond: ((id >= 1983233) AND (id <= 1993232))

table 4 : explain SELECT DISTINCT c FROM sbtest4 WHERE id BETWEEN 8474792 AND 8484791 ORDER BY c
	Unique  (cost=34232.70..34281.46 rows=9752 width=121)
	  ->  Sort  (cost=34232.70..34257.08 rows=9752 width=121)
	        Sort Key: c
	        ->  Bitmap Heap Scan on sbtest4  (cost=208.39..33586.56 rows=9752 width=121)
	              Recheck Cond: ((id >= 8474792) AND (id <= 8484791))
	              ->  Bitmap Index Scan on sbtest4_pkey  (cost=0.00..205.95 rows=9752 width=0)
	                    Index Cond: ((id >= 8474792) AND (id <= 8484791))

table 5 : explain SELECT DISTINCT c FROM sbtest5 WHERE id BETWEEN 7017389 AND 7027388 ORDER BY c
	Unique  (cost=35098.20..35148.23 rows=10007 width=121)
	  ->  Sort  (cost=35098.20..35123.22 rows=10007 width=121)
	        Sort Key: c
	        ->  Bitmap Heap Scan on sbtest5  (cost=227.01..34433.30 rows=10007 width=121)
	              Recheck Cond: ((id >= 7017389) AND (id <= 7027388))
	              ->  Bitmap Index Scan on sbtest5_pkey  (cost=0.00..224.50 rows=10007 width=0)
	                    Index Cond: ((id >= 7017389) AND (id <= 7027388))

table 6 : explain SELECT DISTINCT c FROM sbtest6 WHERE id BETWEEN 9705750 AND 9715749 ORDER BY c
	Unique  (cost=33509.55..33557.17 rows=9523 width=121)
	  ->  Sort  (cost=33509.55..33533.36 rows=9523 width=121)
	        Sort Key: c
	        ->  Bitmap Heap Scan on sbtest6  (cost=206.05..32880.22 rows=9523 width=121)
	              Recheck Cond: ((id >= 9705750) AND (id <= 9715749))
	              ->  Bitmap Index Scan on sbtest6_pkey  (cost=0.00..203.67 rows=9523 width=0)
	                    Index Cond: ((id >= 9705750) AND (id <= 9715749))

table 7 : explain SELECT DISTINCT c FROM sbtest7 WHERE id BETWEEN 1163288 AND 1173287 ORDER BY c
	Unique  (cost=36079.88..36131.52 rows=10328 width=121)
	  ->  Sort  (cost=36079.88..36105.70 rows=10328 width=121)
	        Sort Key: c
	        ->  Bitmap Heap Scan on sbtest7  (cost=222.30..35391.30 rows=10328 width=121)
	              Recheck Cond: ((id >= 1163288) AND (id <= 1173287))
	              ->  Bitmap Index Scan on sbtest7_pkey  (cost=0.00..219.72 rows=10328 width=0)
	                    Index Cond: ((id >= 1163288) AND (id <= 1173287))

table 8 : explain SELECT DISTINCT c FROM sbtest8 WHERE id BETWEEN 9003161 AND 9013160 ORDER BY c
	Unique  (cost=35459.54..35510.19 rows=10129 width=121)
	  ->  Sort  (cost=35459.54..35484.86 rows=10129 width=121)
	        Sort Key: c
	        ->  Bitmap Heap Scan on sbtest8  (cost=220.26..34785.65 rows=10129 width=121)
	              Recheck Cond: ((id >= 9003161) AND (id <= 9013160))
	              ->  Bitmap Index Scan on sbtest8_pkey  (cost=0.00..217.73 rows=10129 width=0)
	                    Index Cond: ((id >= 9003161) AND (id <= 9013160))

for: distinct_ranges
table 1 : explain SELECT DISTINCT c FROM sbtest1 WHERE id BETWEEN 5611344 AND 5621343 ORDER BY c
	Unique  (cost=36765.44..36818.17 rows=10547 width=121)
	  ->  Sort  (cost=36765.44..36791.80 rows=10547 width=121)
	        Sort Key: c
	        ->  Bitmap Heap Scan on sbtest1  (cost=224.54..36060.66 rows=10547 width=121)
	              Recheck Cond: ((id >= 5611344) AND (id <= 5621343))
	              ->  Bitmap Index Scan on sbtest1_pkey  (cost=0.00..221.91 rows=10547 width=0)
	                    Index Cond: ((id >= 5611344) AND (id <= 5621343))

table 2 : explain SELECT DISTINCT c FROM sbtest2 WHERE id BETWEEN 5982389 AND 5992388 ORDER BY c
	Unique  (cost=35899.38..35950.68 rows=10260 width=121)
	  ->  Sort  (cost=35899.38..35925.03 rows=10260 width=121)
	        Sort Key: c
	        ->  Bitmap Heap Scan on sbtest2  (cost=225.60..35215.82 rows=10260 width=121)
	              Recheck Cond: ((id >= 5982389) AND (id <= 5992388))
	              ->  Bitmap Index Scan on sbtest2_pkey  (cost=0.00..223.04 rows=10260 width=0)
	                    Index Cond: ((id >= 5982389) AND (id <= 5992388))

table 3 : explain SELECT DISTINCT c FROM sbtest3 WHERE id BETWEEN 2419024 AND 2429023 ORDER BY c
	Unique  (cost=33109.74..33156.79 rows=9410 width=121)
	  ->  Sort  (cost=33109.74..33133.27 rows=9410 width=121)
	        Sort Key: c
	        ->  Bitmap Heap Scan on sbtest3  (cost=200.89..32488.69 rows=9410 width=121)
	              Recheck Cond: ((id >= 2419024) AND (id <= 2429023))
	              ->  Bitmap Index Scan on sbtest3_pkey  (cost=0.00..198.54 rows=9410 width=0)
	                    Index Cond: ((id >= 2419024) AND (id <= 2429023))

table 4 : explain SELECT DISTINCT c FROM sbtest4 WHERE id BETWEEN 7309549 AND 7319548 ORDER BY c
	Unique  (cost=33750.93..33798.94 rows=9601 width=121)
	  ->  Sort  (cost=33750.93..33774.94 rows=9601 width=121)
	        Sort Key: c
	        ->  Bitmap Heap Scan on sbtest4  (cost=206.85..33115.88 rows=9601 width=121)
	              Recheck Cond: ((id >= 7309549) AND (id <= 7319548))
	              ->  Bitmap Index Scan on sbtest4_pkey  (cost=0.00..204.44 rows=9601 width=0)
	                    Index Cond: ((id >= 7309549) AND (id <= 7319548))

table 5 : explain SELECT DISTINCT c FROM sbtest5 WHERE id BETWEEN 9832370 AND 9842369 ORDER BY c
	Unique  (cost=36471.09..36523.28 rows=10438 width=121)
	  ->  Sort  (cost=36471.09..36497.19 rows=10438 width=121)
	        Sort Key: c
	        ->  Bitmap Heap Scan on sbtest5  (cost=235.42..35774.38 rows=10438 width=121)
	              Recheck Cond: ((id >= 9832370) AND (id <= 9842369))
	              ->  Bitmap Index Scan on sbtest5_pkey  (cost=0.00..232.81 rows=10438 width=0)
	                    Index Cond: ((id >= 9832370) AND (id <= 9842369))

table 6 : explain SELECT DISTINCT c FROM sbtest6 WHERE id BETWEEN 5178847 AND 5188846 ORDER BY c
	Unique  (cost=34882.36..34932.12 rows=9952 width=121)
	  ->  Sort  (cost=34882.36..34907.24 rows=9952 width=121)
	        Sort Key: c
	        ->  Bitmap Heap Scan on sbtest6  (cost=214.44..34221.50 rows=9952 width=121)
	              Recheck Cond: ((id >= 5178847) AND (id <= 5188846))
	              ->  Bitmap Index Scan on sbtest6_pkey  (cost=0.00..211.95 rows=9952 width=0)
	                    Index Cond: ((id >= 5178847) AND (id <= 5188846))

table 7 : explain SELECT DISTINCT c FROM sbtest7 WHERE id BETWEEN 3379344 AND 3389343 ORDER BY c
	Unique  (cost=32444.23..32490.19 rows=9193 width=121)
	  ->  Sort  (cost=32444.23..32467.21 rows=9193 width=121)
	        Sort Key: c
	        ->  Bitmap Heap Scan on sbtest7  (cost=198.66..31839.04 rows=9193 width=121)
	              Recheck Cond: ((id >= 3379344) AND (id <= 3389343))
	              ->  Bitmap Index Scan on sbtest7_pkey  (cost=0.00..196.37 rows=9193 width=0)
	                    Index Cond: ((id >= 3379344) AND (id <= 3389343))

table 8 : explain SELECT DISTINCT c FROM sbtest8 WHERE id BETWEEN 2286962 AND 2296961 ORDER BY c
	Unique  (cost=35236.16..35286.46 rows=10059 width=121)
	  ->  Sort  (cost=35236.16..35261.31 rows=10059 width=121)
	        Sort Key: c
	        ->  Bitmap Heap Scan on sbtest8  (cost=219.54..34567.43 rows=10059 width=121)
	              Recheck Cond: ((id >= 2286962) AND (id <= 2296961))
	              ->  Bitmap Index Scan on sbtest8_pkey  (cost=0.00..217.03 rows=10059 width=0)
	                    Index Cond: ((id >= 2286962) AND (id <= 2296961))

for: order_ranges
table 1 : explain SELECT c FROM sbtest1 WHERE id BETWEEN 6249003 AND 6259002 ORDER BY c
	Sort  (cost=39798.06..39826.83 rows=11511 width=121)
	  Sort Key: c
	  ->  Bitmap Heap Scan on sbtest1  (cost=246.42..39021.60 rows=11511 width=121)
	        Recheck Cond: ((id >= 6249003) AND (id <= 6259002))
	        ->  Bitmap Index Scan on sbtest1_pkey  (cost=0.00..243.55 rows=11511 width=0)
	              Index Cond: ((id >= 6249003) AND (id <= 6259002))

table 2 : explain SELECT c FROM sbtest2 WHERE id BETWEEN 18288 AND 28287 ORDER BY c
	Sort  (cost=34830.13..34854.94 rows=9925 width=121)
	  Sort Key: c
	  ->  Bitmap Heap Scan on sbtest2  (cost=218.17..34171.27 rows=9925 width=121)
	        Recheck Cond: ((id >= 18288) AND (id <= 28287))
	        ->  Bitmap Index Scan on sbtest2_pkey  (cost=0.00..215.69 rows=9925 width=0)
	              Index Cond: ((id >= 18288) AND (id <= 28287))

table 3 : explain SELECT c FROM sbtest3 WHERE id BETWEEN 8876614 AND 8886613 ORDER BY c
	Sort  (cost=33869.95..33894.06 rows=9647 width=121)
	  Sort Key: c
	  ->  Bitmap Heap Scan on sbtest3  (cost=207.32..33231.51 rows=9647 width=121)
	        Recheck Cond: ((id >= 8876614) AND (id <= 8886613))
	        ->  Bitmap Index Scan on sbtest3_pkey  (cost=0.00..204.91 rows=9647 width=0)
	              Index Cond: ((id >= 8876614) AND (id <= 8886613))

table 4 : explain SELECT c FROM sbtest4 WHERE id BETWEEN 3961448 AND 3971447 ORDER BY c
	Sort  (cost=38367.43..38395.07 rows=11055 width=121)
	  Sort Key: c
	  ->  Bitmap Heap Scan on sbtest4  (cost=237.75..37624.95 rows=11055 width=121)
	        Recheck Cond: ((id >= 3961448) AND (id <= 3971447))
	        ->  Bitmap Index Scan on sbtest4_pkey  (cost=0.00..234.99 rows=11055 width=0)
	              Index Cond: ((id >= 3961448) AND (id <= 3971447))

table 5 : explain SELECT c FROM sbtest5 WHERE id BETWEEN 182986 AND 192985 ORDER BY c
	Sort  (cost=37276.21..37302.94 rows=10692 width=121)
	  Sort Key: c
	  ->  Bitmap Heap Scan on sbtest5  (cost=242.03..36560.69 rows=10692 width=121)
	        Recheck Cond: ((id >= 182986) AND (id <= 192985))
	        ->  Bitmap Index Scan on sbtest5_pkey  (cost=0.00..239.36 rows=10692 width=0)
	              Index Cond: ((id >= 182986) AND (id <= 192985))

table 6 : explain SELECT c FROM sbtest6 WHERE id BETWEEN 3755637 AND 3765636 ORDER BY c
	Sort  (cost=33549.29..33573.13 rows=9536 width=121)
	  Sort Key: c
	  ->  Bitmap Heap Scan on sbtest6  (cost=206.18..32919.00 rows=9536 width=121)
	        Recheck Cond: ((id >= 3755637) AND (id <= 3765636))
	        ->  Bitmap Index Scan on sbtest6_pkey  (cost=0.00..203.80 rows=9536 width=0)
	              Index Cond: ((id >= 3755637) AND (id <= 3765636))

table 7 : explain SELECT c FROM sbtest7 WHERE id BETWEEN 4866672 AND 4876671 ORDER BY c
	Sort  (cost=34680.43..34705.15 rows=9889 width=121)
	  Sort Key: c
	  ->  Bitmap Heap Scan on sbtest7  (cost=213.80..34024.21 rows=9889 width=121)
	        Recheck Cond: ((id >= 4866672) AND (id <= 4876671))
	        ->  Bitmap Index Scan on sbtest7_pkey  (cost=0.00..211.32 rows=9889 width=0)
	              Index Cond: ((id >= 4866672) AND (id <= 4876671))

table 8 : explain SELECT c FROM sbtest8 WHERE id BETWEEN 5905476 AND 5915475 ORDER BY c
	Sort  (cost=35653.23..35678.71 rows=10190 width=121)
	  Sort Key: c
	  ->  Bitmap Heap Scan on sbtest8  (cost=220.88..34974.84 rows=10190 width=121)
	        Recheck Cond: ((id >= 5905476) AND (id <= 5915475))
	        ->  Bitmap Index Scan on sbtest8_pkey  (cost=0.00..218.34 rows=10190 width=0)
	              Index Cond: ((id >= 5905476) AND (id <= 5915475))

for: distinct_ranges
table 1 : explain SELECT DISTINCT c FROM sbtest1 WHERE id BETWEEN 5950200 AND 5960199 ORDER BY c
	Unique  (cost=33159.74..33206.82 rows=9417 width=121)
	  ->  Sort  (cost=33159.74..33183.28 rows=9417 width=121)
	        Sort Key: c
	        ->  Bitmap Heap Scan on sbtest1  (cost=200.96..32538.16 rows=9417 width=121)
	              Recheck Cond: ((id >= 5950200) AND (id <= 5960199))
	              ->  Bitmap Index Scan on sbtest1_pkey  (cost=0.00..198.61 rows=9417 width=0)
	                    Index Cond: ((id >= 5950200) AND (id <= 5960199))

table 2 : explain SELECT DISTINCT c FROM sbtest2 WHERE id BETWEEN 8303393 AND 8313392 ORDER BY c
	Unique  (cost=36800.29..36853.02 rows=10545 width=121)
	  ->  Sort  (cost=36800.29..36826.65 rows=10545 width=121)
	        Sort Key: c
	        ->  Bitmap Heap Scan on sbtest2  (cost=228.52..36095.66 rows=10545 width=121)
	              Recheck Cond: ((id >= 8303393) AND (id <= 8313392))
	              ->  Bitmap Index Scan on sbtest2_pkey  (cost=0.00..225.88 rows=10545 width=0)
	                    Index Cond: ((id >= 8303393) AND (id <= 8313392))

table 3 : explain SELECT DISTINCT c FROM sbtest3 WHERE id BETWEEN 8702839 AND 8712838 ORDER BY c
	Unique  (cost=35577.10..35628.00 rows=10181 width=121)
	  ->  Sort  (cost=35577.10..35602.55 rows=10181 width=121)
	        Sort Key: c
	        ->  Bitmap Heap Scan on sbtest3  (cost=220.79..34899.37 rows=10181 width=121)
	              Recheck Cond: ((id >= 8702839) AND (id <= 8712838))
	              ->  Bitmap Index Scan on sbtest3_pkey  (cost=0.00..218.25 rows=10181 width=0)
	                    Index Cond: ((id >= 8702839) AND (id <= 8712838))

table 4 : explain SELECT DISTINCT c FROM sbtest4 WHERE id BETWEEN 3033436 AND 3043435 ORDER BY c
	Unique  (cost=34433.71..34482.79 rows=9815 width=121)
	  ->  Sort  (cost=34433.71..34458.25 rows=9815 width=121)
	        Sort Key: c
	        ->  Bitmap Heap Scan on sbtest4  (cost=209.04..33782.94 rows=9815 width=121)
	              Recheck Cond: ((id >= 3033436) AND (id <= 3043435))
	              ->  Bitmap Index Scan on sbtest4_pkey  (cost=0.00..206.59 rows=9815 width=0)
	                    Index Cond: ((id >= 3033436) AND (id <= 3043435))

table 5 : explain SELECT DISTINCT c FROM sbtest5 WHERE id BETWEEN 2280022 AND 2290021 ORDER BY c
	Unique  (cost=36323.75..36375.71 rows=10392 width=121)
	  ->  Sort  (cost=36323.75..36349.73 rows=10392 width=121)
	        Sort Key: c
	        ->  Bitmap Heap Scan on sbtest5  (cost=234.95..35630.44 rows=10392 width=121)
	              Recheck Cond: ((id >= 2280022) AND (id <= 2290021))
	              ->  Bitmap Index Scan on sbtest5_pkey  (cost=0.00..232.36 rows=10392 width=0)
	                    Index Cond: ((id >= 2280022) AND (id <= 2290021))

table 6 : explain SELECT DISTINCT c FROM sbtest6 WHERE id BETWEEN 1674123 AND 1684122 ORDER BY c
	Unique  (cost=38391.63..38446.93 rows=11059 width=121)
	  ->  Sort  (cost=38391.63..38419.28 rows=11059 width=121)
	        Sort Key: c
	        ->  Bitmap Heap Scan on sbtest6  (cost=237.79..37648.86 rows=11059 width=121)
	              Recheck Cond: ((id >= 1674123) AND (id <= 1684122))
	              ->  Bitmap Index Scan on sbtest6_pkey  (cost=0.00..235.03 rows=11059 width=0)
	                    Index Cond: ((id >= 1674123) AND (id <= 1684122))

table 7 : explain SELECT DISTINCT c FROM sbtest7 WHERE id BETWEEN 4541988 AND 4551987 ORDER BY c
	Unique  (cost=33015.28..33062.12 rows=9369 width=121)
	  ->  Sort  (cost=33015.28..33038.70 rows=9369 width=121)
	        Sort Key: c
	        ->  Bitmap Heap Scan on sbtest7  (cost=204.47..32397.22 rows=9369 width=121)
	              Recheck Cond: ((id >= 4541988) AND (id <= 4551987))
	              ->  Bitmap Index Scan on sbtest7_pkey  (cost=0.00..202.12 rows=9369 width=0)
	                    Index Cond: ((id >= 4541988) AND (id <= 4551987))

table 8 : explain SELECT DISTINCT c FROM sbtest8 WHERE id BETWEEN 9403617 AND 9413616 ORDER BY c
	Unique  (cost=32578.39..32624.55 rows=9232 width=121)
	  ->  Sort  (cost=32578.39..32601.47 rows=9232 width=121)
	        Sort Key: c
	        ->  Bitmap Heap Scan on sbtest8  (cost=199.06..31970.35 rows=9232 width=121)
	              Recheck Cond: ((id >= 9403617) AND (id <= 9413616))
	              ->  Bitmap Index Scan on sbtest8_pkey  (cost=0.00..196.75 rows=9232 width=0)
	                    Index Cond: ((id >= 9403617) AND (id <= 9413616))

for: order_ranges
table 1 : explain SELECT c FROM sbtest1 WHERE id BETWEEN 2003833 AND 2013832 ORDER BY c
	Sort  (cost=34039.53..34063.75 rows=9691 width=121)
	  Sort Key: c
	  ->  Bitmap Heap Scan on sbtest1  (cost=207.77..33397.86 rows=9691 width=121)
	        Recheck Cond: ((id >= 2003833) AND (id <= 2013832))
	        ->  Bitmap Index Scan on sbtest1_pkey  (cost=0.00..205.34 rows=9691 width=0)
	              Index Cond: ((id >= 2003833) AND (id <= 2013832))

table 2 : explain SELECT c FROM sbtest2 WHERE id BETWEEN 4129018 AND 4139017 ORDER BY c
	Sort  (cost=35915.76..35941.43 rows=10265 width=121)
	  Sort Key: c
	  ->  Bitmap Heap Scan on sbtest2  (cost=225.65..35231.84 rows=10265 width=121)
	        Recheck Cond: ((id >= 4129018) AND (id <= 4139017))
	        ->  Bitmap Index Scan on sbtest2_pkey  (cost=0.00..223.09 rows=10265 width=0)
	              Index Cond: ((id >= 4129018) AND (id <= 4139017))

table 3 : explain SELECT c FROM sbtest3 WHERE id BETWEEN 2945570 AND 2955569 ORDER BY c
	Sort  (cost=32238.66..32261.51 rows=9139 width=121)
	  Sort Key: c
	  ->  Bitmap Heap Scan on sbtest3  (cost=198.11..31637.41 rows=9139 width=121)
	        Recheck Cond: ((id >= 2945570) AND (id <= 2955569))
	        ->  Bitmap Index Scan on sbtest3_pkey  (cost=0.00..195.82 rows=9139 width=0)
	              Index Cond: ((id >= 2945570) AND (id <= 2955569))

table 4 : explain SELECT c FROM sbtest4 WHERE id BETWEEN 4351737 AND 4361736 ORDER BY c
	Sort  (cost=37237.70..37264.44 rows=10696 width=121)
	  Sort Key: c
	  ->  Bitmap Heap Scan on sbtest4  (cost=230.07..36521.88 rows=10696 width=121)
	        Recheck Cond: ((id >= 4351737) AND (id <= 4361736))
	        ->  Bitmap Index Scan on sbtest4_pkey  (cost=0.00..227.40 rows=10696 width=0)
	              Index Cond: ((id >= 4351737) AND (id <= 4361736))

table 5 : explain SELECT c FROM sbtest5 WHERE id BETWEEN 3040361 AND 3050360 ORDER BY c
	Sort  (cost=37987.07..38014.36 rows=10918 width=121)
	  Sort Key: c
	  ->  Bitmap Heap Scan on sbtest5  (cost=244.34..37254.77 rows=10918 width=121)
	        Recheck Cond: ((id >= 3040361) AND (id <= 3050360))
	        ->  Bitmap Index Scan on sbtest5_pkey  (cost=0.00..241.62 rows=10918 width=0)
	              Index Cond: ((id >= 3040361) AND (id <= 3050360))

table 6 : explain SELECT c FROM sbtest6 WHERE id BETWEEN 6685091 AND 6695090 ORDER BY c
	Sort  (cost=35441.68..35467.00 rows=10126 width=121)
	  Sort Key: c
	  ->  Bitmap Heap Scan on sbtest6  (cost=220.23..34768.01 rows=10126 width=121)
	        Recheck Cond: ((id >= 6685091) AND (id <= 6695090))
	        ->  Bitmap Index Scan on sbtest6_pkey  (cost=0.00..217.69 rows=10126 width=0)
	              Index Cond: ((id >= 6685091) AND (id <= 6695090))

table 7 : explain SELECT c FROM sbtest7 WHERE id BETWEEN 534766 AND 544765 ORDER BY c
	Sort  (cost=40152.83..40181.89 rows=11622 width=121)
	  Sort Key: c
	  ->  Bitmap Heap Scan on sbtest7  (cost=251.56..39368.08 rows=11622 width=121)
	        Recheck Cond: ((id >= 534766) AND (id <= 544765))
	        ->  Bitmap Index Scan on sbtest7_pkey  (cost=0.00..248.66 rows=11622 width=0)
	              Index Cond: ((id >= 534766) AND (id <= 544765))

table 8 : explain SELECT c FROM sbtest8 WHERE id BETWEEN 2158019 AND 2168018 ORDER BY c
	Sort  (cost=33566.44..33590.28 rows=9538 width=121)
	  Sort Key: c
	  ->  Bitmap Heap Scan on sbtest8  (cost=206.20..32936.00 rows=9538 width=121)
	        Recheck Cond: ((id >= 2158019) AND (id <= 2168018))
	        ->  Bitmap Index Scan on sbtest8_pkey  (cost=0.00..203.81 rows=9538 width=0)
	              Index Cond: ((id >= 2158019) AND (id <= 2168018))

for: order_ranges
table 1 : explain SELECT c FROM sbtest1 WHERE id BETWEEN 5732337 AND 5742336 ORDER BY c
	Sort  (cost=33544.16..33568.00 rows=9536 width=121)
	  Sort Key: c
	  ->  Bitmap Heap Scan on sbtest1  (cost=206.18..32913.87 rows=9536 width=121)
	        Recheck Cond: ((id >= 5732337) AND (id <= 5742336))
	        ->  Bitmap Index Scan on sbtest1_pkey  (cost=0.00..203.80 rows=9536 width=0)
	              Index Cond: ((id >= 5732337) AND (id <= 5742336))

table 2 : explain SELECT c FROM sbtest2 WHERE id BETWEEN 7341905 AND 7351904 ORDER BY c
	Sort  (cost=33611.20..33635.06 rows=9546 width=121)
	  Sort Key: c
	  ->  Bitmap Heap Scan on sbtest2  (cost=210.28..32980.17 rows=9546 width=121)
	        Recheck Cond: ((id >= 7341905) AND (id <= 7351904))
	        ->  Bitmap Index Scan on sbtest2_pkey  (cost=0.00..207.90 rows=9546 width=0)
	              Index Cond: ((id >= 7341905) AND (id <= 7351904))

table 3 : explain SELECT c FROM sbtest3 WHERE id BETWEEN 4849258 AND 4859257 ORDER BY c
	Sort  (cost=35281.37..35306.59 rows=10089 width=121)
	  Sort Key: c
	  ->  Bitmap Heap Scan on sbtest3  (cost=215.85..34610.42 rows=10089 width=121)
	        Recheck Cond: ((id >= 4849258) AND (id <= 4859257))
	        ->  Bitmap Index Scan on sbtest3_pkey  (cost=0.00..213.32 rows=10089 width=0)
	              Index Cond: ((id >= 4849258) AND (id <= 4859257))

table 4 : explain SELECT c FROM sbtest4 WHERE id BETWEEN 9417088 AND 9427087 ORDER BY c
	Sort  (cost=35332.21..35357.45 rows=10096 width=121)
	  Sort Key: c
	  ->  Bitmap Heap Scan on sbtest4  (cost=215.92..34660.75 rows=10096 width=121)
	        Recheck Cond: ((id >= 9417088) AND (id <= 9427087))
	        ->  Bitmap Index Scan on sbtest4_pkey  (cost=0.00..213.40 rows=10096 width=0)
	              Index Cond: ((id >= 9417088) AND (id <= 9427087))

table 5 : explain SELECT c FROM sbtest5 WHERE id BETWEEN 2694379 AND 2704378 ORDER BY c
	Sort  (cost=34421.96..34446.45 rows=9796 width=121)
	  Sort Key: c
	  ->  Bitmap Heap Scan on sbtest5  (cost=220.84..33772.58 rows=9796 width=121)
	        Recheck Cond: ((id >= 2694379) AND (id <= 2704378))
	        ->  Bitmap Index Scan on sbtest5_pkey  (cost=0.00..218.40 rows=9796 width=0)
	              Index Cond: ((id >= 2694379) AND (id <= 2704378))

table 6 : explain SELECT c FROM sbtest6 WHERE id BETWEEN 5134175 AND 5144174 ORDER BY c
	Sort  (cost=34882.36..34907.24 rows=9952 width=121)
	  Sort Key: c
	  ->  Bitmap Heap Scan on sbtest6  (cost=214.44..34221.50 rows=9952 width=121)
	        Recheck Cond: ((id >= 5134175) AND (id <= 5144174))
	        ->  Bitmap Index Scan on sbtest6_pkey  (cost=0.00..211.95 rows=9952 width=0)
	              Index Cond: ((id >= 5134175) AND (id <= 5144174))

table 7 : explain SELECT c FROM sbtest7 WHERE id BETWEEN 883658 AND 893657 ORDER BY c
	Sort  (cost=36489.65..36515.79 rows=10456 width=121)
	  Sort Key: c
	  ->  Bitmap Heap Scan on sbtest7  (cost=227.61..35791.60 rows=10456 width=121)
	        Recheck Cond: ((id >= 883658) AND (id <= 893657))
	        ->  Bitmap Index Scan on sbtest7_pkey  (cost=0.00..225.00 rows=10456 width=0)
	              Index Cond: ((id >= 883658) AND (id <= 893657))

table 8 : explain SELECT c FROM sbtest8 WHERE id BETWEEN 8122178 AND 8132177 ORDER BY c
	Sort  (cost=36970.02..36996.53 rows=10605 width=121)
	  Sort Key: c
	  ->  Bitmap Heap Scan on sbtest8  (cost=229.14..36260.94 rows=10605 width=121)
	        Recheck Cond: ((id >= 8122178) AND (id <= 8132177))
	        ->  Bitmap Index Scan on sbtest8_pkey  (cost=0.00..226.49 rows=10605 width=0)
	              Index Cond: ((id >= 8122178) AND (id <= 8132177))

explain: for point_selects :: explain SELECT c FROM sbtest%u WHERE id=%u
for: simple_ranges
table 1 : explain SELECT c FROM sbtest1 WHERE id BETWEEN 6157158 AND 6167157
	Bitmap Heap Scan on sbtest1  (cost=213.48..33923.50 rows=9858 width=121)
	  Recheck Cond: ((id >= 6157158) AND (id <= 6167157))
	  ->  Bitmap Index Scan on sbtest1_pkey  (cost=0.00..211.01 rows=9858 width=0)
	        Index Cond: ((id >= 6157158) AND (id <= 6167157))

table 2 : explain SELECT c FROM sbtest2 WHERE id BETWEEN 726296 AND 736295
	Bitmap Heap Scan on sbtest2  (cost=234.49..36693.01 rows=10737 width=121)
	  Recheck Cond: ((id >= 726296) AND (id <= 736295))
	  ->  Bitmap Index Scan on sbtest2_pkey  (cost=0.00..231.81 rows=10737 width=0)
	        Index Cond: ((id >= 726296) AND (id <= 736295))

table 3 : explain SELECT c FROM sbtest3 WHERE id BETWEEN 3567694 AND 3577693
	Bitmap Heap Scan on sbtest3  (cost=214.02..34058.80 rows=9911 width=121)
	  Recheck Cond: ((id >= 3567694) AND (id <= 3577693))
	  ->  Bitmap Index Scan on sbtest3_pkey  (cost=0.00..211.55 rows=9911 width=0)
	        Index Cond: ((id >= 3567694) AND (id <= 3577693))

table 4 : explain SELECT c FROM sbtest4 WHERE id BETWEEN 3231860 AND 3241859
	Bitmap Heap Scan on sbtest4  (cost=185.21..30143.14 rows=8661 width=121)
	  Recheck Cond: ((id >= 3231860) AND (id <= 3241859))
	  ->  Bitmap Index Scan on sbtest4_pkey  (cost=0.00..183.05 rows=8661 width=0)
	        Index Cond: ((id >= 3231860) AND (id <= 3241859))

table 5 : explain SELECT c FROM sbtest5 WHERE id BETWEEN 3725141 AND 3735140
	Bitmap Heap Scan on sbtest5  (cost=236.51..36100.37 rows=10544 width=121)
	  Recheck Cond: ((id >= 3725141) AND (id <= 3735140))
	  ->  Bitmap Index Scan on sbtest5_pkey  (cost=0.00..233.88 rows=10544 width=0)
	        Index Cond: ((id >= 3725141) AND (id <= 3735140))

table 6 : explain SELECT c FROM sbtest6 WHERE id BETWEEN 8684169 AND 8694168
	Bitmap Heap Scan on sbtest6  (cost=199.02..31950.39 rows=9228 width=121)
	  Recheck Cond: ((id >= 8684169) AND (id <= 8694168))
	  ->  Bitmap Index Scan on sbtest6_pkey  (cost=0.00..196.72 rows=9228 width=0)
	        Index Cond: ((id >= 8684169) AND (id <= 8694168))

table 7 : explain SELECT c FROM sbtest7 WHERE id BETWEEN 1687399 AND 1697398
	Bitmap Heap Scan on sbtest7  (cost=221.88..35263.33 rows=10287 width=121)
	  Recheck Cond: ((id >= 1687399) AND (id <= 1697398))
	  ->  Bitmap Index Scan on sbtest7_pkey  (cost=0.00..219.31 rows=10287 width=0)
	        Index Cond: ((id >= 1687399) AND (id <= 1697398))

table 8 : explain SELECT c FROM sbtest8 WHERE id BETWEEN 6055418 AND 6065417
	Bitmap Heap Scan on sbtest8  (cost=219.86..34663.73 rows=10090 width=121)
	  Recheck Cond: ((id >= 6055418) AND (id <= 6065417))
	  ->  Bitmap Index Scan on sbtest8_pkey  (cost=0.00..217.34 rows=10090 width=0)
	        Index Cond: ((id >= 6055418) AND (id <= 6065417))

for: sum_ranges
table 1 : explain SELECT SUM(k) FROM sbtest1 WHERE id BETWEEN 8592776 AND 8602775
	Aggregate  (cost=33034.66..33034.67 rows=1 width=8)
	  ->  Bitmap Heap Scan on sbtest1  (cost=206.50..33010.75 rows=9567 width=4)
	        Recheck Cond: ((id >= 8592776) AND (id <= 8602775))
	        ->  Bitmap Index Scan on sbtest1_pkey  (cost=0.00..204.11 rows=9567 width=0)
	              Index Cond: ((id >= 8592776) AND (id <= 8602775))

table 2 : explain SELECT SUM(k) FROM sbtest2 WHERE id BETWEEN 5795613 AND 5805612
	Aggregate  (cost=35299.21..35299.22 rows=1 width=8)
	  ->  Bitmap Heap Scan on sbtest2  (cost=225.79..35273.51 rows=10279 width=4)
	        Recheck Cond: ((id >= 5795613) AND (id <= 5805612))
	        ->  Bitmap Index Scan on sbtest2_pkey  (cost=0.00..223.23 rows=10279 width=0)
	              Index Cond: ((id >= 5795613) AND (id <= 5805612))

table 3 : explain SELECT SUM(k) FROM sbtest3 WHERE id BETWEEN 1777376 AND 1787375
	Aggregate  (cost=38356.03..38356.04 rows=1 width=8)
	  ->  Bitmap Heap Scan on sbtest3  (cost=244.21..38327.79 rows=11295 width=4)
	        Recheck Cond: ((id >= 1777376) AND (id <= 1787375))
	        ->  Bitmap Index Scan on sbtest3_pkey  (cost=0.00..241.38 rows=11295 width=0)
	              Index Cond: ((id >= 1777376) AND (id <= 1787375))

table 4 : explain SELECT SUM(k) FROM sbtest4 WHERE id BETWEEN 3057205 AND 3067204
	Aggregate  (cost=33807.48..33807.49 rows=1 width=8)
	  ->  Bitmap Heap Scan on sbtest4  (cost=209.04..33782.94 rows=9815 width=4)
	        Recheck Cond: ((id >= 3057205) AND (id <= 3067204))
	        ->  Bitmap Index Scan on sbtest4_pkey  (cost=0.00..206.59 rows=9815 width=0)
	              Index Cond: ((id >= 3057205) AND (id <= 3067204))

table 5 : explain SELECT SUM(k) FROM sbtest5 WHERE id BETWEEN 3789708 AND 3799707
	Aggregate  (cost=34972.59..34972.60 rows=1 width=8)
	  ->  Bitmap Heap Scan on sbtest5  (cost=228.70..34947.16 rows=10172 width=4)
	        Recheck Cond: ((id >= 3789708) AND (id <= 3799707))
	        ->  Bitmap Index Scan on sbtest5_pkey  (cost=0.00..226.16 rows=10172 width=0)
	              Index Cond: ((id >= 3789708) AND (id <= 3799707))

table 6 : explain SELECT SUM(k) FROM sbtest6 WHERE id BETWEEN 7288485 AND 7298484
	Aggregate  (cost=37406.65..37406.66 rows=1 width=8)
	  ->  Bitmap Heap Scan on sbtest6  (cost=236.89..37379.22 rows=10971 width=4)
	        Recheck Cond: ((id >= 7288485) AND (id <= 7298484))
	        ->  Bitmap Index Scan on sbtest6_pkey  (cost=0.00..234.15 rows=10971 width=0)
	              Index Cond: ((id >= 7288485) AND (id <= 7298484))

table 7 : explain SELECT SUM(k) FROM sbtest7 WHERE id BETWEEN 4897354 AND 4907353
	Aggregate  (cost=34048.93..34048.94 rows=1 width=8)
	  ->  Bitmap Heap Scan on sbtest7  (cost=213.80..34024.21 rows=9889 width=4)
	        Recheck Cond: ((id >= 4897354) AND (id <= 4907353))
	        ->  Bitmap Index Scan on sbtest7_pkey  (cost=0.00..211.32 rows=9889 width=0)
	              Index Cond: ((id >= 4897354) AND (id <= 4907353))

table 8 : explain SELECT SUM(k) FROM sbtest8 WHERE id BETWEEN 2209955 AND 2219954
	Aggregate  (cost=34231.65..34231.66 rows=1 width=8)
	  ->  Bitmap Heap Scan on sbtest8  (cost=214.36..34206.79 rows=9944 width=4)
	        Recheck Cond: ((id >= 2209955) AND (id <= 2219954))
	        ->  Bitmap Index Scan on sbtest8_pkey  (cost=0.00..211.88 rows=9944 width=0)
	              Index Cond: ((id >= 2209955) AND (id <= 2219954))

for: distinct_ranges
table 1 : explain SELECT DISTINCT c FROM sbtest1 WHERE id BETWEEN 2980147 AND 2990146 ORDER BY c
	Unique  (cost=34356.05..34405.00 rows=9790 width=121)
	  ->  Sort  (cost=34356.05..34380.52 rows=9790 width=121)
	        Sort Key: c
	        ->  Bitmap Heap Scan on sbtest1  (cost=208.78..33707.12 rows=9790 width=121)
	              Recheck Cond: ((id >= 2980147) AND (id <= 2990146))
	              ->  Bitmap Index Scan on sbtest1_pkey  (cost=0.00..206.34 rows=9790 width=0)
	                    Index Cond: ((id >= 2980147) AND (id <= 2990146))

table 2 : explain SELECT DISTINCT c FROM sbtest2 WHERE id BETWEEN 9782969 AND 9792968 ORDER BY c
	Unique  (cost=35027.71..35077.65 rows=9987 width=121)
	  ->  Sort  (cost=35027.71..35052.68 rows=9987 width=121)
	        Sort Key: c
	        ->  Bitmap Heap Scan on sbtest2  (cost=218.80..34364.29 rows=9987 width=121)
	              Recheck Cond: ((id >= 9782969) AND (id <= 9792968))
	              ->  Bitmap Index Scan on sbtest2_pkey  (cost=0.00..216.31 rows=9987 width=0)
	                    Index Cond: ((id >= 9782969) AND (id <= 9792968))

table 3 : explain SELECT DISTINCT c FROM sbtest3 WHERE id BETWEEN 9495013 AND 9505012 ORDER BY c
	Unique  (cost=32082.72..32128.18 rows=9091 width=121)
	  ->  Sort  (cost=32082.72..32105.45 rows=9091 width=121)
	        Sort Key: c
	        ->  Bitmap Heap Scan on sbtest3  (cost=197.62..31484.98 rows=9091 width=121)
	              Recheck Cond: ((id >= 9495013) AND (id <= 9505012))
	              ->  Bitmap Index Scan on sbtest3_pkey  (cost=0.00..195.34 rows=9091 width=0)
	                    Index Cond: ((id >= 9495013) AND (id <= 9505012))

table 4 : explain SELECT DISTINCT c FROM sbtest4 WHERE id BETWEEN 8348764 AND 8358763 ORDER BY c
	Unique  (cost=36420.69..36472.88 rows=10438 width=121)
	  ->  Sort  (cost=36420.69..36446.78 rows=10438 width=121)
	        Sort Key: c
	        ->  Bitmap Heap Scan on sbtest4  (cost=223.42..35723.98 rows=10438 width=121)
	              Recheck Cond: ((id >= 8348764) AND (id <= 8358763))
	              ->  Bitmap Index Scan on sbtest4_pkey  (cost=0.00..220.81 rows=10438 width=0)
	                    Index Cond: ((id >= 8348764) AND (id <= 8358763))

table 5 : explain SELECT DISTINCT c FROM sbtest5 WHERE id BETWEEN 4235308 AND 4245307 ORDER BY c
	Unique  (cost=34629.73..34679.03 rows=9861 width=121)
	  ->  Sort  (cost=34629.73..34654.38 rows=9861 width=121)
	        Sort Key: c
	        ->  Bitmap Heap Scan on sbtest5  (cost=221.51..33975.57 rows=9861 width=121)
	              Recheck Cond: ((id >= 4235308) AND (id <= 4245307))
	              ->  Bitmap Index Scan on sbtest5_pkey  (cost=0.00..219.05 rows=9861 width=0)
	                    Index Cond: ((id >= 4235308) AND (id <= 4245307))

table 6 : explain SELECT DISTINCT c FROM sbtest6 WHERE id BETWEEN 7934530 AND 7944529 ORDER BY c
	Unique  (cost=34859.25..34908.97 rows=9944 width=121)
	  ->  Sort  (cost=34859.25..34884.11 rows=9944 width=121)
	        Sort Key: c
	        ->  Bitmap Heap Scan on sbtest6  (cost=214.36..34198.99 rows=9944 width=121)
	              Recheck Cond: ((id >= 7934530) AND (id <= 7944529))
	              ->  Bitmap Index Scan on sbtest6_pkey  (cost=0.00..211.88 rows=9944 width=0)
	                    Index Cond: ((id >= 7934530) AND (id <= 7944529))

table 7 : explain SELECT DISTINCT c FROM sbtest7 WHERE id BETWEEN 5652089 AND 5662088 ORDER BY c
	Unique  (cost=34271.91..34320.71 rows=9761 width=121)
	  ->  Sort  (cost=34271.91..34296.31 rows=9761 width=121)
	        Sort Key: c
	        ->  Bitmap Heap Scan on sbtest7  (cost=212.49..33625.10 rows=9761 width=121)
	              Recheck Cond: ((id >= 5652089) AND (id <= 5662088))
	              ->  Bitmap Index Scan on sbtest7_pkey  (cost=0.00..210.05 rows=9761 width=0)
	                    Index Cond: ((id >= 5652089) AND (id <= 5662088))

table 8 : explain SELECT DISTINCT c FROM sbtest8 WHERE id BETWEEN 4592624 AND 4602623 ORDER BY c
	Unique  (cost=35021.64..35071.60 rows=9992 width=121)
	  ->  Sort  (cost=35021.64..35046.62 rows=9992 width=121)
	        Sort Key: c
	        ->  Bitmap Heap Scan on sbtest8  (cost=214.85..34357.84 rows=9992 width=121)
	              Recheck Cond: ((id >= 4592624) AND (id <= 4602623))
	              ->  Bitmap Index Scan on sbtest8_pkey  (cost=0.00..212.36 rows=9992 width=0)
	                    Index Cond: ((id >= 4592624) AND (id <= 4602623))

for: distinct_ranges
table 1 : explain SELECT DISTINCT c FROM sbtest1 WHERE id BETWEEN 4756152 AND 4766151 ORDER BY c
	Unique  (cost=34745.34..34794.89 rows=9911 width=121)
	  ->  Sort  (cost=34745.34..34770.11 rows=9911 width=121)
	        Sort Key: c
	        ->  Bitmap Heap Scan on sbtest1  (cost=214.02..34087.50 rows=9911 width=121)
	              Recheck Cond: ((id >= 4756152) AND (id <= 4766151))
	              ->  Bitmap Index Scan on sbtest1_pkey  (cost=0.00..211.55 rows=9911 width=0)
	                    Index Cond: ((id >= 4756152) AND (id <= 4766151))

table 2 : explain SELECT DISTINCT c FROM sbtest2 WHERE id BETWEEN 3174036 AND 3184035 ORDER BY c
	Unique  (cost=35350.19..35400.64 rows=10089 width=121)
	  ->  Sort  (cost=35350.19..35375.42 rows=10089 width=121)
	        Sort Key: c
	        ->  Bitmap Heap Scan on sbtest2  (cost=219.85..34679.25 rows=10089 width=121)
	              Recheck Cond: ((id >= 3174036) AND (id <= 3184035))
	              ->  Bitmap Index Scan on sbtest2_pkey  (cost=0.00..217.32 rows=10089 width=0)
	                    Index Cond: ((id >= 3174036) AND (id <= 3184035))

table 3 : explain SELECT DISTINCT c FROM sbtest3 WHERE id BETWEEN 5821294 AND 5831293 ORDER BY c
	Unique  (cost=33820.43..33868.59 rows=9631 width=121)
	  ->  Sort  (cost=33820.43..33844.51 rows=9631 width=121)
	        Sort Key: c
	        ->  Bitmap Heap Scan on sbtest3  (cost=207.15..33183.18 rows=9631 width=121)
	              Recheck Cond: ((id >= 5821294) AND (id <= 5831293))
	              ->  Bitmap Index Scan on sbtest3_pkey  (cost=0.00..204.75 rows=9631 width=0)
	                    Index Cond: ((id >= 5821294) AND (id <= 5831293))

table 4 : explain SELECT DISTINCT c FROM sbtest4 WHERE id BETWEEN 5009956 AND 5019955 ORDER BY c
	Unique  (cost=34901.71..34951.51 rows=9960 width=121)
	  ->  Sort  (cost=34901.71..34926.61 rows=9960 width=121)
	        Sort Key: c
	        ->  Bitmap Heap Scan on sbtest4  (cost=214.53..34240.27 rows=9960 width=121)
	              Recheck Cond: ((id >= 5009956) AND (id <= 5019955))
	              ->  Bitmap Index Scan on sbtest4_pkey  (cost=0.00..212.04 rows=9960 width=0)
	                    Index Cond: ((id >= 5009956) AND (id <= 5019955))

table 5 : explain SELECT DISTINCT c FROM sbtest5 WHERE id BETWEEN 8274103 AND 8284102 ORDER BY c
	Unique  (cost=33542.27..33589.89 rows=9523 width=121)
	  ->  Sort  (cost=33542.27..33566.08 rows=9523 width=121)
	        Sort Key: c
	        ->  Bitmap Heap Scan on sbtest5  (cost=214.05..32912.94 rows=9523 width=121)
	              Recheck Cond: ((id >= 8274103) AND (id <= 8284102))
	              ->  Bitmap Index Scan on sbtest5_pkey  (cost=0.00..211.67 rows=9523 width=0)
	                    Index Cond: ((id >= 8274103) AND (id <= 8284102))

table 6 : explain SELECT DISTINCT c FROM sbtest6 WHERE id BETWEEN 3383959 AND 3393958 ORDER BY c
	Unique  (cost=41539.35..41599.69 rows=12068 width=121)
	  ->  Sort  (cost=41539.35..41569.52 rows=12068 width=121)
	        Sort Key: c
	        ->  Bitmap Heap Scan on sbtest6  (cost=260.13..40721.21 rows=12068 width=121)
	              Recheck Cond: ((id >= 3383959) AND (id <= 3393958))
	              ->  Bitmap Index Scan on sbtest6_pkey  (cost=0.00..257.12 rows=12068 width=0)
	                    Index Cond: ((id >= 3383959) AND (id <= 3393958))

table 7 : explain SELECT DISTINCT c FROM sbtest7 WHERE id BETWEEN 5007750 AND 5017749 ORDER BY c
	Unique  (cost=32095.43..32140.86 rows=9085 width=121)
	  ->  Sort  (cost=32095.43..32118.14 rows=9085 width=121)
	        Sort Key: c
	        ->  Bitmap Heap Scan on sbtest7  (cost=197.56..31498.13 rows=9085 width=121)
	              Recheck Cond: ((id >= 5007750) AND (id <= 5017749))
	              ->  Bitmap Index Scan on sbtest7_pkey  (cost=0.00..195.29 rows=9085 width=0)
	                    Index Cond: ((id >= 5007750) AND (id <= 5017749))

table 8 : explain SELECT DISTINCT c FROM sbtest8 WHERE id BETWEEN 7991516 AND 8001515 ORDER BY c
	Unique  (cost=35508.75..35559.47 rows=10144 width=121)
	  ->  Sort  (cost=35508.75..35534.11 rows=10144 width=121)
	        Sort Key: c
	        ->  Bitmap Heap Scan on sbtest8  (cost=220.41..34833.75 rows=10144 width=121)
	              Recheck Cond: ((id >= 7991516) AND (id <= 8001515))
	              ->  Bitmap Index Scan on sbtest8_pkey  (cost=0.00..217.88 rows=10144 width=0)
	                    Index Cond: ((id >= 7991516) AND (id <= 8001515))

for: distinct_ranges
table 1 : explain SELECT DISTINCT c FROM sbtest1 WHERE id BETWEEN 8615350 AND 8625349 ORDER BY c
	Unique  (cost=34471.35..34520.48 rows=9826 width=121)
	  ->  Sort  (cost=34471.35..34495.91 rows=9826 width=121)
	        Sort Key: c
	        ->  Bitmap Heap Scan on sbtest1  (cost=209.15..33819.76 rows=9826 width=121)
	              Recheck Cond: ((id >= 8615350) AND (id <= 8625349))
	              ->  Bitmap Index Scan on sbtest1_pkey  (cost=0.00..206.69 rows=9826 width=0)
	                    Index Cond: ((id >= 8615350) AND (id <= 8625349))

table 2 : explain SELECT DISTINCT c FROM sbtest2 WHERE id BETWEEN 6796269 AND 6806268 ORDER BY c
	Unique  (cost=34219.31..34267.98 rows=9735 width=121)
	  ->  Sort  (cost=34219.31..34243.65 rows=9735 width=121)
	        Sort Key: c
	        ->  Bitmap Heap Scan on sbtest2  (cost=212.22..33574.41 rows=9735 width=121)
	              Recheck Cond: ((id >= 6796269) AND (id <= 6806268))
	              ->  Bitmap Index Scan on sbtest2_pkey  (cost=0.00..209.79 rows=9735 width=0)
	                    Index Cond: ((id >= 6796269) AND (id <= 6806268))

table 3 : explain SELECT DISTINCT c FROM sbtest3 WHERE id BETWEEN 9932531 AND 9942530 ORDER BY c
	Unique  (cost=33896.30..33944.57 rows=9655 width=121)
	  ->  Sort  (cost=33896.30..33920.43 rows=9655 width=121)
	        Sort Key: c
	        ->  Bitmap Heap Scan on sbtest3  (cost=207.40..33257.28 rows=9655 width=121)
	              Recheck Cond: ((id >= 9932531) AND (id <= 9942530))
	              ->  Bitmap Index Scan on sbtest3_pkey  (cost=0.00..204.99 rows=9655 width=0)
	                    Index Cond: ((id >= 9932531) AND (id <= 9942530))

table 4 : explain SELECT DISTINCT c FROM sbtest4 WHERE id BETWEEN 2005844 AND 2015843 ORDER BY c
	Unique  (cost=34015.05..34063.47 rows=9684 width=121)
	  ->  Sort  (cost=34015.05..34039.26 rows=9684 width=121)
	        Sort Key: c
	        ->  Bitmap Heap Scan on sbtest4  (cost=207.70..33373.90 rows=9684 width=121)
	              Recheck Cond: ((id >= 2005844) AND (id <= 2015843))
	              ->  Bitmap Index Scan on sbtest4_pkey  (cost=0.00..205.28 rows=9684 width=0)
	                    Index Cond: ((id >= 2005844) AND (id <= 2015843))

table 5 : explain SELECT DISTINCT c FROM sbtest5 WHERE id BETWEEN 9316799 AND 9326798 ORDER BY c
	Unique  (cost=34639.61..34688.93 rows=9864 width=121)
	  ->  Sort  (cost=34639.61..34664.27 rows=9864 width=121)
	        Sort Key: c
	        ->  Bitmap Heap Scan on sbtest5  (cost=221.54..33985.23 rows=9864 width=121)
	              Recheck Cond: ((id >= 9316799) AND (id <= 9326798))
	              ->  Bitmap Index Scan on sbtest5_pkey  (cost=0.00..219.07 rows=9864 width=0)
	                    Index Cond: ((id >= 9316799) AND (id <= 9326798))

table 6 : explain SELECT DISTINCT c FROM sbtest6 WHERE id BETWEEN 4554617 AND 4564616 ORDER BY c
	Unique  (cost=35845.27..35896.54 rows=10254 width=121)
	  ->  Sort  (cost=35845.27..35870.90 rows=10254 width=121)
	        Sort Key: c
	        ->  Bitmap Heap Scan on sbtest6  (cost=221.54..35162.15 rows=10254 width=121)
	              Recheck Cond: ((id >= 4554617) AND (id <= 4564616))
	              ->  Bitmap Index Scan on sbtest6_pkey  (cost=0.00..218.98 rows=10254 width=0)
	                    Index Cond: ((id >= 4554617) AND (id <= 4564616))

table 7 : explain SELECT DISTINCT c FROM sbtest7 WHERE id BETWEEN 2260960 AND 2270959 ORDER BY c
	Unique  (cost=36604.15..36656.62 rows=10493 width=121)
	  ->  Sort  (cost=36604.15..36630.38 rows=10493 width=121)
	        Sort Key: c
	        ->  Bitmap Heap Scan on sbtest7  (cost=227.99..35903.37 rows=10493 width=121)
	              Recheck Cond: ((id >= 2260960) AND (id <= 2270959))
	              ->  Bitmap Index Scan on sbtest7_pkey  (cost=0.00..225.37 rows=10493 width=0)
	                    Index Cond: ((id >= 2260960) AND (id <= 2270959))

table 8 : explain SELECT DISTINCT c FROM sbtest8 WHERE id BETWEEN 7626654 AND 7636653 ORDER BY c
	Unique  (cost=33331.55..33378.87 rows=9465 width=121)
	  ->  Sort  (cost=33331.55..33355.21 rows=9465 width=121)
	        Sort Key: c
	        ->  Bitmap Heap Scan on sbtest8  (cost=205.45..32706.46 rows=9465 width=121)
	              Recheck Cond: ((id >= 7626654) AND (id <= 7636653))
	              ->  Bitmap Index Scan on sbtest8_pkey  (cost=0.00..203.09 rows=9465 width=0)
	                    Index Cond: ((id >= 7626654) AND (id <= 7636653))

for: order_ranges
table 1 : explain SELECT c FROM sbtest1 WHERE id BETWEEN 2224252 AND 2234251 ORDER BY c
	Sort  (cost=34926.17..34951.09 rows=9967 width=121)
	  Sort Key: c
	  ->  Bitmap Heap Scan on sbtest1  (cost=214.60..34264.22 rows=9967 width=121)
	        Recheck Cond: ((id >= 2224252) AND (id <= 2234251))
	        ->  Bitmap Index Scan on sbtest1_pkey  (cost=0.00..212.11 rows=9967 width=0)
	              Index Cond: ((id >= 2224252) AND (id <= 2234251))

table 2 : explain SELECT c FROM sbtest2 WHERE id BETWEEN 6292889 AND 6302888 ORDER BY c
	Sort  (cost=34625.11..34649.76 rows=9862 width=121)
	  Sort Key: c
	  ->  Bitmap Heap Scan on sbtest2  (cost=213.52..33970.88 rows=9862 width=121)
	        Recheck Cond: ((id >= 6292889) AND (id <= 6302888))
	        ->  Bitmap Index Scan on sbtest2_pkey  (cost=0.00..211.06 rows=9862 width=0)
	              Index Cond: ((id >= 6292889) AND (id <= 6302888))

table 3 : explain SELECT c FROM sbtest3 WHERE id BETWEEN 8895825 AND 8905824 ORDER BY c
	Sort  (cost=33869.95..33894.06 rows=9647 width=121)
	  Sort Key: c
	  ->  Bitmap Heap Scan on sbtest3  (cost=207.32..33231.51 rows=9647 width=121)
	        Recheck Cond: ((id >= 8895825) AND (id <= 8905824))
	        ->  Bitmap Index Scan on sbtest3_pkey  (cost=0.00..204.91 rows=9647 width=0)
	              Index Cond: ((id >= 8895825) AND (id <= 8905824))

table 4 : explain SELECT c FROM sbtest4 WHERE id BETWEEN 1861053 AND 1871052 ORDER BY c
	Sort  (cost=35378.12..35403.39 rows=10110 width=121)
	  Sort Key: c
	  ->  Bitmap Heap Scan on sbtest4  (cost=216.06..34705.63 rows=10110 width=121)
	        Recheck Cond: ((id >= 1861053) AND (id <= 1871052))
	        ->  Bitmap Index Scan on sbtest4_pkey  (cost=0.00..213.54 rows=10110 width=0)
	              Index Cond: ((id >= 1861053) AND (id <= 1871052))

table 5 : explain SELECT c FROM sbtest5 WHERE id BETWEEN 7389321 AND 7399320 ORDER BY c
	Sort  (cost=32596.53..32619.61 rows=9230 width=121)
	  Sort Key: c
	  ->  Bitmap Heap Scan on sbtest5  (cost=207.04..31988.64 rows=9230 width=121)
	        Recheck Cond: ((id >= 7389321) AND (id <= 7399320))
	        ->  Bitmap Index Scan on sbtest5_pkey  (cost=0.00..204.74 rows=9230 width=0)
	              Index Cond: ((id >= 7389321) AND (id <= 7399320))

table 6 : explain SELECT c FROM sbtest6 WHERE id BETWEEN 79220 AND 89219 ORDER BY c
	Sort  (cost=33913.38..33937.50 rows=9648 width=121)
	  Sort Key: c
	  ->  Bitmap Heap Scan on sbtest6  (cost=211.33..33274.87 rows=9648 width=121)
	        Recheck Cond: ((id >= 79220) AND (id <= 89219))
	        ->  Bitmap Index Scan on sbtest6_pkey  (cost=0.00..208.92 rows=9648 width=0)
	              Index Cond: ((id >= 79220) AND (id <= 89219))

table 7 : explain SELECT c FROM sbtest7 WHERE id BETWEEN 2400207 AND 2410206 ORDER BY c
	Sort  (cost=31138.91..31160.89 rows=8790 width=121)
	  Sort Key: c
	  ->  Bitmap Heap Scan on sbtest7  (cost=190.53..30563.10 rows=8790 width=121)
	        Recheck Cond: ((id >= 2400207) AND (id <= 2410206))
	        ->  Bitmap Index Scan on sbtest7_pkey  (cost=0.00..188.34 rows=8790 width=0)
	              Index Cond: ((id >= 2400207) AND (id <= 2410206))

table 8 : explain SELECT c FROM sbtest8 WHERE id BETWEEN 6677069 AND 6687068 ORDER BY c
	Sort  (cost=35741.83..35767.37 rows=10218 width=121)
	  Sort Key: c
	  ->  Bitmap Heap Scan on sbtest8  (cost=221.17..35061.37 rows=10218 width=121)
	        Recheck Cond: ((id >= 6677069) AND (id <= 6687068))
	        ->  Bitmap Index Scan on sbtest8_pkey  (cost=0.00..218.62 rows=10218 width=0)
	              Index Cond: ((id >= 6677069) AND (id <= 6687068))

explain: for point_selects :: explain SELECT c FROM sbtest%u WHERE id=%u
explain: for point_selects :: explain SELECT c FROM sbtest%u WHERE id=%u
explain: for point_selects :: explain SELECT c FROM sbtest%u WHERE id=%u
for point_selects
table 1 : explain SELECT c FROM sbtest1 WHERE id=1437944
	Index Scan using sbtest1_pkey on sbtest1  (cost=0.43..8.45 rows=1 width=121)
	  Index Cond: (id = 1437944)

table 2 : explain SELECT c FROM sbtest2 WHERE id=8279785
	Index Scan using sbtest2_pkey on sbtest2  (cost=0.43..8.45 rows=1 width=121)
	  Index Cond: (id = 8279785)

table 3 : explain SELECT c FROM sbtest3 WHERE id=7248883
	Index Scan using sbtest3_pkey on sbtest3  (cost=0.43..8.45 rows=1 width=121)
	  Index Cond: (id = 7248883)

table 4 : explain SELECT c FROM sbtest4 WHERE id=1360453
	Index Scan using sbtest4_pkey on sbtest4  (cost=0.43..8.45 rows=1 width=121)
	  Index Cond: (id = 1360453)

table 5 : explain SELECT c FROM sbtest5 WHERE id=96595
	Index Scan using sbtest5_pkey on sbtest5  (cost=0.43..8.45 rows=1 width=121)
	  Index Cond: (id = 96595)

table 6 : explain SELECT c FROM sbtest6 WHERE id=6524488
	Index Scan using sbtest6_pkey on sbtest6  (cost=0.43..8.45 rows=1 width=121)
	  Index Cond: (id = 6524488)

table 7 : explain SELECT c FROM sbtest7 WHERE id=9771760
	Index Scan using sbtest7_pkey on sbtest7  (cost=0.43..8.45 rows=1 width=121)
	  Index Cond: (id = 9771760)

table 8 : explain SELECT c FROM sbtest8 WHERE id=2314051
	Index Scan using sbtest8_pkey on sbtest8  (cost=0.43..8.45 rows=1 width=121)
	  Index Cond: (id = 2314051)

explain: for point_selects :: explain SELECT c FROM sbtest%u WHERE id=%u
explain: for point_selects :: explain SELECT c FROM sbtest%u WHERE id=%u
explain: for point_selects :: explain SELECT c FROM sbtest%u WHERE id=%u
for: order_ranges
table 1 : explain SELECT c FROM sbtest1 WHERE id BETWEEN 1292508 AND 1302507 ORDER BY c
	Sort  (cost=34965.69..34990.64 rows=9980 width=121)
	  Sort Key: c
	  ->  Bitmap Heap Scan on sbtest1  (cost=214.73..34302.78 rows=9980 width=121)
	        Recheck Cond: ((id >= 1292508) AND (id <= 1302507))
	        ->  Bitmap Index Scan on sbtest1_pkey  (cost=0.00..212.24 rows=9980 width=0)
	              Index Cond: ((id >= 1292508) AND (id <= 1302507))

table 2 : explain SELECT c FROM sbtest2 WHERE id BETWEEN 2958925 AND 2968924 ORDER BY c
	Sort  (cost=33454.88..33478.62 rows=9498 width=121)
	  Sort Key: c
	  ->  Bitmap Heap Scan on sbtest2  (cost=205.79..32827.37 rows=9498 width=121)
	        Recheck Cond: ((id >= 2958925) AND (id <= 2968924))
	        ->  Bitmap Index Scan on sbtest2_pkey  (cost=0.00..203.42 rows=9498 width=0)
	              Index Cond: ((id >= 2958925) AND (id <= 2968924))

table 3 : explain SELECT c FROM sbtest3 WHERE id BETWEEN 4486437 AND 4496436 ORDER BY c
	Sort  (cost=36211.94..36237.90 rows=10382 width=121)
	  Sort Key: c
	  ->  Bitmap Heap Scan on sbtest3  (cost=222.85..35519.37 rows=10382 width=121)
	        Recheck Cond: ((id >= 4486437) AND (id <= 4496436))
	        ->  Bitmap Index Scan on sbtest3_pkey  (cost=0.00..220.25 rows=10382 width=0)
	              Index Cond: ((id >= 4486437) AND (id <= 4496436))

table 4 : explain SELECT c FROM sbtest4 WHERE id BETWEEN 8938519 AND 8948518 ORDER BY c
	Sort  (cost=32213.35..32236.15 rows=9123 width=121)
	  Sort Key: c
	  ->  Bitmap Heap Scan on sbtest4  (cost=197.95..31613.27 rows=9123 width=121)
	        Recheck Cond: ((id >= 8938519) AND (id <= 8948518))
	        ->  Bitmap Index Scan on sbtest4_pkey  (cost=0.00..195.67 rows=9123 width=0)
	              Index Cond: ((id >= 8938519) AND (id <= 8948518))

table 5 : explain SELECT c FROM sbtest5 WHERE id BETWEEN 317628 AND 327627 ORDER BY c
	Sort  (cost=34438.54..34463.04 rows=9802 width=121)
	  Sort Key: c
	  ->  Bitmap Heap Scan on sbtest5  (cost=220.91..33788.72 rows=9802 width=121)
	        Recheck Cond: ((id >= 317628) AND (id <= 327627))
	        ->  Bitmap Index Scan on sbtest5_pkey  (cost=0.00..218.45 rows=9802 width=0)
	              Index Cond: ((id >= 317628) AND (id <= 327627))

table 6 : explain SELECT c FROM sbtest6 WHERE id BETWEEN 159383 AND 169382 ORDER BY c
	Sort  (cost=36546.56..36572.74 rows=10474 width=121)
	  Sort Key: c
	  ->  Bitmap Heap Scan on sbtest6  (cost=227.79..35847.18 rows=10474 width=121)
	        Recheck Cond: ((id >= 159383) AND (id <= 169382))
	        ->  Bitmap Index Scan on sbtest6_pkey  (cost=0.00..225.18 rows=10474 width=0)
	              Index Cond: ((id >= 159383) AND (id <= 169382))

table 7 : explain SELECT c FROM sbtest7 WHERE id BETWEEN 1585326 AND 1595325 ORDER BY c
	Sort  (cost=36764.20..36790.56 rows=10543 width=121)
	  Sort Key: c
	  ->  Bitmap Heap Scan on sbtest7  (cost=228.50..36059.72 rows=10543 width=121)
	        Recheck Cond: ((id >= 1585326) AND (id <= 1595325))
	        ->  Bitmap Index Scan on sbtest7_pkey  (cost=0.00..225.87 rows=10543 width=0)
	              Index Cond: ((id >= 1585326) AND (id <= 1595325))

table 8 : explain SELECT c FROM sbtest8 WHERE id BETWEEN 3621587 AND 3631586 ORDER BY c
	Sort  (cost=36128.66..36154.51 rows=10340 width=121)
	  Sort Key: c
	  ->  Bitmap Heap Scan on sbtest8  (cost=222.42..35439.19 rows=10340 width=121)
	        Recheck Cond: ((id >= 3621587) AND (id <= 3631586))
	        ->  Bitmap Index Scan on sbtest8_pkey  (cost=0.00..219.84 rows=10340 width=0)
	              Index Cond: ((id >= 3621587) AND (id <= 3631586))

for: order_ranges
table 1 : explain SELECT c FROM sbtest1 WHERE id BETWEEN 4860305 AND 4870304 ORDER BY c
	Sort  (cost=35258.15..35283.33 rows=10072 width=121)
	  Sort Key: c
	  ->  Bitmap Heap Scan on sbtest1  (cost=215.67..34588.46 rows=10072 width=121)
	        Recheck Cond: ((id >= 4860305) AND (id <= 4870304))
	        ->  Bitmap Index Scan on sbtest1_pkey  (cost=0.00..213.16 rows=10072 width=0)
	              Index Cond: ((id >= 4860305) AND (id <= 4870304))

table 2 : explain SELECT c FROM sbtest2 WHERE id BETWEEN 1046414 AND 1056413 ORDER BY c
	Sort  (cost=34120.24..34144.50 rows=9704 width=121)
	  Sort Key: c
	  ->  Bitmap Heap Scan on sbtest2  (cost=211.90..33477.62 rows=9704 width=121)
	        Recheck Cond: ((id >= 1046414) AND (id <= 1056413))
	        ->  Bitmap Index Scan on sbtest2_pkey  (cost=0.00..209.48 rows=9704 width=0)
	              Index Cond: ((id >= 1046414) AND (id <= 1056413))

table 3 : explain SELECT c FROM sbtest3 WHERE id BETWEEN 7552936 AND 7562935 ORDER BY c
	Sort  (cost=31696.62..31719.05 rows=8972 width=121)
	  Sort Key: c
	  ->  Bitmap Heap Scan on sbtest3  (cost=192.40..31107.56 rows=8972 width=121)
	        Recheck Cond: ((id >= 7552936) AND (id <= 7562935))
	        ->  Bitmap Index Scan on sbtest3_pkey  (cost=0.00..190.16 rows=8972 width=0)
	              Index Cond: ((id >= 7552936) AND (id <= 7562935))

table 4 : explain SELECT c FROM sbtest4 WHERE id BETWEEN 3233042 AND 3243041 ORDER BY c
	Sort  (cost=30709.58..30731.23 rows=8661 width=121)
	  Sort Key: c
	  ->  Bitmap Heap Scan on sbtest4  (cost=185.21..30143.14 rows=8661 width=121)
	        Recheck Cond: ((id >= 3233042) AND (id <= 3243041))
	        ->  Bitmap Index Scan on sbtest4_pkey  (cost=0.00..183.05 rows=8661 width=0)
	              Index Cond: ((id >= 3233042) AND (id <= 3243041))

table 5 : explain SELECT c FROM sbtest5 WHERE id BETWEEN 9613326 AND 9623325 ORDER BY c
	Sort  (cost=35575.00..35600.39 rows=10157 width=121)
	  Sort Key: c
	  ->  Bitmap Heap Scan on sbtest5  (cost=228.54..34899.04 rows=10157 width=121)
	        Recheck Cond: ((id >= 9613326) AND (id <= 9623325))
	        ->  Bitmap Index Scan on sbtest5_pkey  (cost=0.00..226.00 rows=10157 width=0)
	              Index Cond: ((id >= 9613326) AND (id <= 9623325))

table 6 : explain SELECT c FROM sbtest6 WHERE id BETWEEN 1991926 AND 2001925 ORDER BY c
	Sort  (cost=33215.08..33238.65 rows=9431 width=121)
	  Sort Key: c
	  ->  Bitmap Heap Scan on sbtest6  (cost=205.10..32592.48 rows=9431 width=121)
	        Recheck Cond: ((id >= 1991926) AND (id <= 2001925))
	        ->  Bitmap Index Scan on sbtest6_pkey  (cost=0.00..202.75 rows=9431 width=0)
	              Index Cond: ((id >= 1991926) AND (id <= 2001925))

table 7 : explain SELECT c FROM sbtest7 WHERE id BETWEEN 7609314 AND 7619313 ORDER BY c
	Sort  (cost=33402.61..33426.33 rows=9490 width=121)
	  Sort Key: c
	  ->  Bitmap Heap Scan on sbtest7  (cost=205.71..32775.69 rows=9490 width=121)
	        Recheck Cond: ((id >= 7609314) AND (id <= 7619313))
	        ->  Bitmap Index Scan on sbtest7_pkey  (cost=0.00..203.34 rows=9490 width=0)
	              Index Cond: ((id >= 7609314) AND (id <= 7619313))

table 8 : explain SELECT c FROM sbtest8 WHERE id BETWEEN 4479830 AND 4489829 ORDER BY c
	Sort  (cost=34019.21..34043.41 rows=9680 width=121)
	  Sort Key: c
	  ->  Bitmap Heap Scan on sbtest8  (cost=207.66..33378.35 rows=9680 width=121)
	        Recheck Cond: ((id >= 4479830) AND (id <= 4489829))
	        ->  Bitmap Index Scan on sbtest8_pkey  (cost=0.00..205.24 rows=9680 width=0)
	              Index Cond: ((id >= 4479830) AND (id <= 4489829))

explain: for point_selects :: explain SELECT c FROM sbtest%u WHERE id=%u
explain: for point_selects :: explain SELECT c FROM sbtest%u WHERE id=%u
for: distinct_ranges
table 1 : explain SELECT DISTINCT c FROM sbtest1 WHERE id BETWEEN 4613987 AND 4623986 ORDER BY c
	Unique  (cost=35182.58..35232.82 rows=10048 width=121)
	  ->  Sort  (cost=35182.58..35207.70 rows=10048 width=121)
	        Sort Key: c
	        ->  Bitmap Heap Scan on sbtest1  (cost=215.43..34514.66 rows=10048 width=121)
	              Recheck Cond: ((id >= 4613987) AND (id <= 4623986))
	              ->  Bitmap Index Scan on sbtest1_pkey  (cost=0.00..212.92 rows=10048 width=0)
	                    Index Cond: ((id >= 4613987) AND (id <= 4623986))

table 2 : explain SELECT DISTINCT c FROM sbtest2 WHERE id BETWEEN 5009500 AND 5019499 ORDER BY c
	Unique  (cost=34202.82..34251.47 rows=9730 width=121)
	  ->  Sort  (cost=34202.82..34227.14 rows=9730 width=121)
	        Sort Key: c
	        ->  Bitmap Heap Scan on sbtest2  (cost=212.17..33558.29 rows=9730 width=121)
	              Recheck Cond: ((id >= 5009500) AND (id <= 5019499))
	              ->  Bitmap Index Scan on sbtest2_pkey  (cost=0.00..209.74 rows=9730 width=0)
	                    Index Cond: ((id >= 5009500) AND (id <= 5019499))

table 3 : explain SELECT DISTINCT c FROM sbtest3 WHERE id BETWEEN 4397886 AND 4407885 ORDER BY c
	Unique  (cost=31370.60..31414.95 rows=8871 width=121)
	  ->  Sort  (cost=31370.60..31392.78 rows=8871 width=121)
	        Sort Key: c
	        ->  Bitmap Heap Scan on sbtest3  (cost=191.36..30788.89 rows=8871 width=121)
	              Recheck Cond: ((id >= 4397886) AND (id <= 4407885))
	              ->  Bitmap Index Scan on sbtest3_pkey  (cost=0.00..189.15 rows=8871 width=0)
	                    Index Cond: ((id >= 4397886) AND (id <= 4407885))

table 4 : explain SELECT DISTINCT c FROM sbtest4 WHERE id BETWEEN 1042286 AND 1052285 ORDER BY c
	Unique  (cost=35847.85..35899.14 rows=10257 width=121)
	  ->  Sort  (cost=35847.85..35873.49 rows=10257 width=121)
	        Sort Key: c
	        ->  Bitmap Heap Scan on sbtest4  (cost=221.57..35164.51 rows=10257 width=121)
	              Recheck Cond: ((id >= 1042286) AND (id <= 1052285))
	              ->  Bitmap Index Scan on sbtest4_pkey  (cost=0.00..219.00 rows=10257 width=0)
	                    Index Cond: ((id >= 1042286) AND (id <= 1052285))

table 5 : explain SELECT DISTINCT c FROM sbtest5 WHERE id BETWEEN 8875981 AND 8885980 ORDER BY c
	Unique  (cost=33211.07..33258.17 rows=9420 width=121)
	  ->  Sort  (cost=33211.07..33234.62 rows=9420 width=121)
	        Sort Key: c
	        ->  Bitmap Heap Scan on sbtest5  (cost=212.99..32589.28 rows=9420 width=121)
	              Recheck Cond: ((id >= 8875981) AND (id <= 8885980))
	              ->  Bitmap Index Scan on sbtest5_pkey  (cost=0.00..210.63 rows=9420 width=0)
	                    Index Cond: ((id >= 8875981) AND (id <= 8885980))

table 6 : explain SELECT DISTINCT c FROM sbtest6 WHERE id BETWEEN 1515228 AND 1525227 ORDER BY c
	Unique  (cost=34375.26..34424.23 rows=9793 width=121)
	  ->  Sort  (cost=34375.26..34399.74 rows=9793 width=121)
	        Sort Key: c
	        ->  Bitmap Heap Scan on sbtest6  (cost=212.81..33726.11 rows=9793 width=121)
	              Recheck Cond: ((id >= 1515228) AND (id <= 1525227))
	              ->  Bitmap Index Scan on sbtest6_pkey  (cost=0.00..210.37 rows=9793 width=0)
	                    Index Cond: ((id >= 1515228) AND (id <= 1525227))

table 7 : explain SELECT DISTINCT c FROM sbtest7 WHERE id BETWEEN 7154975 AND 7164974 ORDER BY c
	Unique  (cost=38429.26..38484.62 rows=11072 width=121)
	  ->  Sort  (cost=38429.26..38456.94 rows=11072 width=121)
	        Sort Key: c
	        ->  Bitmap Heap Scan on sbtest7  (cost=237.92..37685.52 rows=11072 width=121)
	              Recheck Cond: ((id >= 7154975) AND (id <= 7164974))
	              ->  Bitmap Index Scan on sbtest7_pkey  (cost=0.00..235.16 rows=11072 width=0)
	                    Index Cond: ((id >= 7154975) AND (id <= 7164974))

table 8 : explain SELECT DISTINCT c FROM sbtest8 WHERE id BETWEEN 6349157 AND 6359156 ORDER BY c
	Unique  (cost=36914.45..36967.39 rows=10587 width=121)
	  ->  Sort  (cost=36914.45..36940.92 rows=10587 width=121)
	        Sort Key: c
	        ->  Bitmap Heap Scan on sbtest8  (cost=228.95..36206.71 rows=10587 width=121)
	              Recheck Cond: ((id >= 6349157) AND (id <= 6359156))
	              ->  Bitmap Index Scan on sbtest8_pkey  (cost=0.00..226.31 rows=10587 width=0)
	                    Index Cond: ((id >= 6349157) AND (id <= 6359156))

for point_selects
table 1 : explain SELECT c FROM sbtest1 WHERE id=1792909
	Index Scan using sbtest1_pkey on sbtest1  (cost=0.43..8.45 rows=1 width=121)
	  Index Cond: (id = 1792909)

table 2 : explain SELECT c FROM sbtest2 WHERE id=3267924
	Index Scan using sbtest2_pkey on sbtest2  (cost=0.43..8.45 rows=1 width=121)
	  Index Cond: (id = 3267924)

table 3 : explain SELECT c FROM sbtest3 WHERE id=2056933
	Index Scan using sbtest3_pkey on sbtest3  (cost=0.43..8.45 rows=1 width=121)
	  Index Cond: (id = 2056933)

table 4 : explain SELECT c FROM sbtest4 WHERE id=1615820
	Index Scan using sbtest4_pkey on sbtest4  (cost=0.43..8.45 rows=1 width=121)
	  Index Cond: (id = 1615820)

table 5 : explain SELECT c FROM sbtest5 WHERE id=3950355
	Index Scan using sbtest5_pkey on sbtest5  (cost=0.43..8.45 rows=1 width=121)
	  Index Cond: (id = 3950355)

table 6 : explain SELECT c FROM sbtest6 WHERE id=614468
	Index Scan using sbtest6_pkey on sbtest6  (cost=0.43..8.45 rows=1 width=121)
	  Index Cond: (id = 614468)

table 7 : explain SELECT c FROM sbtest7 WHERE id=2655725
	Index Scan using sbtest7_pkey on sbtest7  (cost=0.43..8.45 rows=1 width=121)
	  Index Cond: (id = 2655725)

table 8 : explain SELECT c FROM sbtest8 WHERE id=3730914
	Index Scan using sbtest8_pkey on sbtest8  (cost=0.43..8.45 rows=1 width=121)
	  Index Cond: (id = 3730914)

for: simple_ranges
table 1 : explain SELECT c FROM sbtest1 WHERE id BETWEEN 7648010 AND 7658009
	Bitmap Heap Scan on sbtest1  (cost=199.84..32195.06 rows=9308 width=121)
	  Recheck Cond: ((id >= 7648010) AND (id <= 7658009))
	  ->  Bitmap Index Scan on sbtest1_pkey  (cost=0.00..197.51 rows=9308 width=0)
	        Index Cond: ((id >= 7648010) AND (id <= 7658009))

table 2 : explain SELECT c FROM sbtest2 WHERE id BETWEEN 3643765 AND 3653764
	Bitmap Heap Scan on sbtest2  (cost=233.57..36415.64 rows=10647 width=121)
	  Recheck Cond: ((id >= 3643765) AND (id <= 3653764))
	  ->  Bitmap Index Scan on sbtest2_pkey  (cost=0.00..230.91 rows=10647 width=0)
	        Index Cond: ((id >= 3643765) AND (id <= 3653764))

table 3 : explain SELECT c FROM sbtest3 WHERE id BETWEEN 2093208 AND 2103207
	Bitmap Heap Scan on sbtest3  (cost=201.11..32556.54 rows=9432 width=121)
	  Recheck Cond: ((id >= 2093208) AND (id <= 2103207))
	  ->  Bitmap Index Scan on sbtest3_pkey  (cost=0.00..198.75 rows=9432 width=0)
	        Index Cond: ((id >= 2093208) AND (id <= 2103207))

table 4 : explain SELECT c FROM sbtest4 WHERE id BETWEEN 9951616 AND 9961615
	Bitmap Heap Scan on sbtest4  (cost=200.44..32375.06 rows=9366 width=121)
	  Recheck Cond: ((id >= 9951616) AND (id <= 9961615))
	  ->  Bitmap Index Scan on sbtest4_pkey  (cost=0.00..198.09 rows=9366 width=0)
	        Index Cond: ((id >= 9951616) AND (id <= 9961615))

table 5 : explain SELECT c FROM sbtest5 WHERE id BETWEEN 1247481 AND 1257480
	Bitmap Heap Scan on sbtest5  (cost=236.70..36157.84 rows=10562 width=121)
	  Recheck Cond: ((id >= 1247481) AND (id <= 1257480))
	  ->  Bitmap Index Scan on sbtest5_pkey  (cost=0.00..234.06 rows=10562 width=0)
	        Index Cond: ((id >= 1247481) AND (id <= 1257480))

table 6 : explain SELECT c FROM sbtest6 WHERE id BETWEEN 7282795 AND 7292794
	Bitmap Heap Scan on sbtest6  (cost=236.89..37379.22 rows=10971 width=121)
	  Recheck Cond: ((id >= 7282795) AND (id <= 7292794))
	  ->  Bitmap Index Scan on sbtest6_pkey  (cost=0.00..234.15 rows=10971 width=0)
	        Index Cond: ((id >= 7282795) AND (id <= 7292794))

table 7 : explain SELECT c FROM sbtest7 WHERE id BETWEEN 4479122 AND 4489121
	Bitmap Heap Scan on sbtest7  (cost=199.15..31985.01 rows=9240 width=121)
	  Recheck Cond: ((id >= 4479122) AND (id <= 4489121))
	  ->  Bitmap Index Scan on sbtest7_pkey  (cost=0.00..196.84 rows=9240 width=0)
	        Index Cond: ((id >= 4479122) AND (id <= 4489121))

table 8 : explain SELECT c FROM sbtest8 WHERE id BETWEEN 7213069 AND 7223068
	Bitmap Heap Scan on sbtest8  (cost=220.53..34869.04 rows=10156 width=121)
	  Recheck Cond: ((id >= 7213069) AND (id <= 7223068))
	  ->  Bitmap Index Scan on sbtest8_pkey  (cost=0.00..218.00 rows=10156 width=0)
	        Index Cond: ((id >= 7213069) AND (id <= 7223068))

for: sum_ranges
table 1 : explain SELECT SUM(k) FROM sbtest1 WHERE id BETWEEN 8365343 AND 8375342
	Aggregate  (cost=34440.20..34440.21 rows=1 width=8)
	  ->  Bitmap Heap Scan on sbtest1  (cost=215.10..34415.16 rows=10016 width=4)
	        Recheck Cond: ((id >= 8365343) AND (id <= 8375342))
	        ->  Bitmap Index Scan on sbtest1_pkey  (cost=0.00..212.59 rows=10016 width=0)
	              Index Cond: ((id >= 8365343) AND (id <= 8375342))

table 2 : explain SELECT SUM(k) FROM sbtest2 WHERE id BETWEEN 4899426 AND 4909425
	Aggregate  (cost=34948.63..34948.64 rows=1 width=8)
	  ->  Bitmap Heap Scan on sbtest2  (cost=220.65..34923.21 rows=10167 width=4)
	        Recheck Cond: ((id >= 4899426) AND (id <= 4909425))
	        ->  Bitmap Index Scan on sbtest2_pkey  (cost=0.00..218.11 rows=10167 width=0)
	              Index Cond: ((id >= 4899426) AND (id <= 4909425))

table 3 : explain SELECT SUM(k) FROM sbtest3 WHERE id BETWEEN 6059129 AND 6069128
	Aggregate  (cost=32945.94..32945.95 rows=1 width=8)
	  ->  Bitmap Heap Scan on sbtest3  (cost=206.30..32922.07 rows=9548 width=4)
	        Recheck Cond: ((id >= 6059129) AND (id <= 6069128))
	        ->  Bitmap Index Scan on sbtest3_pkey  (cost=0.00..203.92 rows=9548 width=0)
	              Index Cond: ((id >= 6059129) AND (id <= 6069128))

table 4 : explain SELECT SUM(k) FROM sbtest4 WHERE id BETWEEN 6086968 AND 6096967
	Aggregate  (cost=37563.75..37563.76 rows=1 width=8)
	  ->  Bitmap Heap Scan on sbtest4  (cost=237.45..37536.19 rows=11026 width=4)
	        Recheck Cond: ((id >= 6086968) AND (id <= 6096967))
	        ->  Bitmap Index Scan on sbtest4_pkey  (cost=0.00..234.69 rows=11026 width=0)
	              Index Cond: ((id >= 6086968) AND (id <= 6096967))

table 5 : explain SELECT SUM(k) FROM sbtest5 WHERE id BETWEEN 7904143 AND 7914142
	Aggregate  (cost=33587.30..33587.31 rows=1 width=8)
	  ->  Bitmap Heap Scan on sbtest5  (cost=220.16..33562.98 rows=9729 width=4)
	        Recheck Cond: ((id >= 7904143) AND (id <= 7914142))
	        ->  Bitmap Index Scan on sbtest5_pkey  (cost=0.00..217.73 rows=9729 width=0)
	              Index Cond: ((id >= 7904143) AND (id <= 7914142))

table 6 : explain SELECT SUM(k) FROM sbtest6 WHERE id BETWEEN 943212 AND 953211
	Aggregate  (cost=34851.10..34851.11 rows=1 width=8)
	  ->  Bitmap Heap Scan on sbtest6  (cost=220.42..34825.74 rows=10145 width=4)
	        Recheck Cond: ((id >= 943212) AND (id <= 953211))
	        ->  Bitmap Index Scan on sbtest6_pkey  (cost=0.00..217.88 rows=10145 width=0)
	              Index Cond: ((id >= 943212) AND (id <= 953211))

table 7 : explain SELECT SUM(k) FROM sbtest7 WHERE id BETWEEN 3471989 AND 3481988
	Aggregate  (cost=37592.63..37592.64 rows=1 width=8)
	  ->  Bitmap Heap Scan on sbtest7  (cost=237.52..37565.05 rows=11033 width=4)
	        Recheck Cond: ((id >= 3471989) AND (id <= 3481988))
	        ->  Bitmap Index Scan on sbtest7_pkey  (cost=0.00..234.76 rows=11033 width=0)
	              Index Cond: ((id >= 3471989) AND (id <= 3481988))

table 8 : explain SELECT SUM(k) FROM sbtest8 WHERE id BETWEEN 5952133 AND 5962132
	Aggregate  (cost=35000.31..35000.32 rows=1 width=8)
	  ->  Bitmap Heap Scan on sbtest8  (cost=220.88..34974.84 rows=10190 width=4)
	        Recheck Cond: ((id >= 5952133) AND (id <= 5962132))
	        ->  Bitmap Index Scan on sbtest8_pkey  (cost=0.00..218.34 rows=10190 width=0)
	              Index Cond: ((id >= 5952133) AND (id <= 5962132))

explain: for point_selects :: explain SELECT c FROM sbtest%u WHERE id=%u
for point_selects
table 1 : explain SELECT c FROM sbtest1 WHERE id=4592321
	Index Scan using sbtest1_pkey on sbtest1  (cost=0.43..8.45 rows=1 width=121)
	  Index Cond: (id = 4592321)

table 2 : explain SELECT c FROM sbtest2 WHERE id=5200430
	Index Scan using sbtest2_pkey on sbtest2  (cost=0.43..8.45 rows=1 width=121)
	  Index Cond: (id = 5200430)

table 3 : explain SELECT c FROM sbtest3 WHERE id=9375624
	Index Scan using sbtest3_pkey on sbtest3  (cost=0.43..8.45 rows=1 width=121)
	  Index Cond: (id = 9375624)

table 4 : explain SELECT c FROM sbtest4 WHERE id=4042696
	Index Scan using sbtest4_pkey on sbtest4  (cost=0.43..8.45 rows=1 width=121)
	  Index Cond: (id = 4042696)

table 5 : explain SELECT c FROM sbtest5 WHERE id=9272875
	Index Scan using sbtest5_pkey on sbtest5  (cost=0.43..8.45 rows=1 width=121)
	  Index Cond: (id = 9272875)

table 6 : explain SELECT c FROM sbtest6 WHERE id=6378411
	Index Scan using sbtest6_pkey on sbtest6  (cost=0.43..8.45 rows=1 width=121)
	  Index Cond: (id = 6378411)

table 7 : explain SELECT c FROM sbtest7 WHERE id=9050130
	Index Scan using sbtest7_pkey on sbtest7  (cost=0.43..8.45 rows=1 width=121)
	  Index Cond: (id = 9050130)

table 8 : explain SELECT c FROM sbtest8 WHERE id=6932024
	Index Scan using sbtest8_pkey on sbtest8  (cost=0.43..8.45 rows=1 width=121)
	  Index Cond: (id = 6932024)

explain: for point_selects :: explain SELECT c FROM sbtest%u WHERE id=%u
for: distinct_ranges
table 1 : explain SELECT DISTINCT c FROM sbtest1 WHERE id BETWEEN 9082683 AND 9092682 ORDER BY c
	Unique  (cost=36913.05..36966.01 rows=10592 width=121)
	  ->  Sort  (cost=36913.05..36939.53 rows=10592 width=121)
	        Sort Key: c
	        ->  Bitmap Heap Scan on sbtest1  (cost=229.00..36204.94 rows=10592 width=121)
	              Recheck Cond: ((id >= 9082683) AND (id <= 9092682))
	              ->  Bitmap Index Scan on sbtest1_pkey  (cost=0.00..226.36 rows=10592 width=0)
	                    Index Cond: ((id >= 9082683) AND (id <= 9092682))

table 2 : explain SELECT DISTINCT c FROM sbtest2 WHERE id BETWEEN 9940634 AND 9950633 ORDER BY c
	Unique  (cost=33611.20..33658.93 rows=9546 width=121)
	  ->  Sort  (cost=33611.20..33635.06 rows=9546 width=121)
	        Sort Key: c
	        ->  Bitmap Heap Scan on sbtest2  (cost=210.28..32980.17 rows=9546 width=121)
	              Recheck Cond: ((id >= 9940634) AND (id <= 9950633))
	              ->  Bitmap Index Scan on sbtest2_pkey  (cost=0.00..207.90 rows=9546 width=0)
	                    Index Cond: ((id >= 9940634) AND (id <= 9950633))

table 3 : explain SELECT DISTINCT c FROM sbtest3 WHERE id BETWEEN 5570284 AND 5580283 ORDER BY c
	Unique  (cost=33397.99..33445.48 rows=9499 width=121)
	  ->  Sort  (cost=33397.99..33421.74 rows=9499 width=121)
	        Sort Key: c
	        ->  Bitmap Heap Scan on sbtest3  (cost=205.80..32770.41 rows=9499 width=121)
	              Recheck Cond: ((id >= 5570284) AND (id <= 5580283))
	              ->  Bitmap Index Scan on sbtest3_pkey  (cost=0.00..203.43 rows=9499 width=0)
	                    Index Cond: ((id >= 5570284) AND (id <= 5580283))

table 4 : explain SELECT DISTINCT c FROM sbtest4 WHERE id BETWEEN 6518323 AND 6528322 ORDER BY c
	Unique  (cost=38341.38..38396.61 rows=11046 width=121)
	  ->  Sort  (cost=38341.38..38369.00 rows=11046 width=121)
	        Sort Key: c
	        ->  Bitmap Heap Scan on sbtest4  (cost=237.66..37599.58 rows=11046 width=121)
	              Recheck Cond: ((id >= 6518323) AND (id <= 6528322))
	              ->  Bitmap Index Scan on sbtest4_pkey  (cost=0.00..234.90 rows=11046 width=0)
	                    Index Cond: ((id >= 6518323) AND (id <= 6528322))

table 5 : explain SELECT DISTINCT c FROM sbtest5 WHERE id BETWEEN 9854127 AND 9864126 ORDER BY c
	Unique  (cost=36471.09..36523.28 rows=10438 width=121)
	  ->  Sort  (cost=36471.09..36497.19 rows=10438 width=121)
	        Sort Key: c
	        ->  Bitmap Heap Scan on sbtest5  (cost=235.42..35774.38 rows=10438 width=121)
	              Recheck Cond: ((id >= 9854127) AND (id <= 9864126))
	              ->  Bitmap Index Scan on sbtest5_pkey  (cost=0.00..232.81 rows=10438 width=0)
	                    Index Cond: ((id >= 9854127) AND (id <= 9864126))

table 6 : explain SELECT DISTINCT c FROM sbtest6 WHERE id BETWEEN 8233107 AND 8243106 ORDER BY c
	Unique  (cost=37552.49..37606.45 rows=10792 width=121)
	  ->  Sort  (cost=37552.49..37579.47 rows=10792 width=121)
	        Sort Key: c
	        ->  Bitmap Heap Scan on sbtest6  (cost=235.05..36829.56 rows=10792 width=121)
	              Recheck Cond: ((id >= 8233107) AND (id <= 8243106))
	              ->  Bitmap Index Scan on sbtest6_pkey  (cost=0.00..232.36 rows=10792 width=0)
	                    Index Cond: ((id >= 8233107) AND (id <= 8243106))

table 7 : explain SELECT DISTINCT c FROM sbtest7 WHERE id BETWEEN 9016887 AND 9026886 ORDER BY c
	Unique  (cost=35798.08..35849.27 rows=10239 width=121)
	  ->  Sort  (cost=35798.08..35823.67 rows=10239 width=121)
	        Sort Key: c
	        ->  Bitmap Heap Scan on sbtest7  (cost=221.38..35116.07 rows=10239 width=121)
	              Recheck Cond: ((id >= 9016887) AND (id <= 9026886))
	              ->  Bitmap Index Scan on sbtest7_pkey  (cost=0.00..218.82 rows=10239 width=0)
	                    Index Cond: ((id >= 9016887) AND (id <= 9026886))

table 8 : explain SELECT DISTINCT c FROM sbtest8 WHERE id BETWEEN 5133717 AND 5143716 ORDER BY c
	Unique  (cost=34353.14..34402.06 rows=9783 width=121)
	  ->  Sort  (cost=34353.14..34377.60 rows=9783 width=121)
	        Sort Key: c
	        ->  Bitmap Heap Scan on sbtest8  (cost=212.71..33704.72 rows=9783 width=121)
	              Recheck Cond: ((id >= 5133717) AND (id <= 5143716))
	              ->  Bitmap Index Scan on sbtest8_pkey  (cost=0.00..210.26 rows=9783 width=0)
	                    Index Cond: ((id >= 5133717) AND (id <= 5143716))

for point_selects
table 1 : explain SELECT c FROM sbtest1 WHERE id=8216034
	Index Scan using sbtest1_pkey on sbtest1  (cost=0.43..8.45 rows=1 width=121)
	  Index Cond: (id = 8216034)

table 2 : explain SELECT c FROM sbtest2 WHERE id=9323494
	Index Scan using sbtest2_pkey on sbtest2  (cost=0.43..8.45 rows=1 width=121)
	  Index Cond: (id = 9323494)

table 3 : explain SELECT c FROM sbtest3 WHERE id=2849677
	Index Scan using sbtest3_pkey on sbtest3  (cost=0.43..8.45 rows=1 width=121)
	  Index Cond: (id = 2849677)

table 4 : explain SELECT c FROM sbtest4 WHERE id=4733829
	Index Scan using sbtest4_pkey on sbtest4  (cost=0.43..8.45 rows=1 width=121)
	  Index Cond: (id = 4733829)

table 5 : explain SELECT c FROM sbtest5 WHERE id=4332167
	Index Scan using sbtest5_pkey on sbtest5  (cost=0.43..8.45 rows=1 width=121)
	  Index Cond: (id = 4332167)

table 6 : explain SELECT c FROM sbtest6 WHERE id=8913814
	Index Scan using sbtest6_pkey on sbtest6  (cost=0.43..8.45 rows=1 width=121)
	  Index Cond: (id = 8913814)

table 7 : explain SELECT c FROM sbtest7 WHERE id=6883966
	Index Scan using sbtest7_pkey on sbtest7  (cost=0.43..8.45 rows=1 width=121)
	  Index Cond: (id = 6883966)

table 8 : explain SELECT c FROM sbtest8 WHERE id=7157322
	Index Scan using sbtest8_pkey on sbtest8  (cost=0.43..8.45 rows=1 width=121)
	  Index Cond: (id = 7157322)

for point_selects
table 1 : explain SELECT c FROM sbtest1 WHERE id=997896
	Index Scan using sbtest1_pkey on sbtest1  (cost=0.43..8.45 rows=1 width=121)
	  Index Cond: (id = 997896)

table 2 : explain SELECT c FROM sbtest2 WHERE id=1946604
	Index Scan using sbtest2_pkey on sbtest2  (cost=0.43..8.45 rows=1 width=121)
	  Index Cond: (id = 1946604)

table 3 : explain SELECT c FROM sbtest3 WHERE id=9992753
	Index Scan using sbtest3_pkey on sbtest3  (cost=0.43..8.45 rows=1 width=121)
	  Index Cond: (id = 9992753)

table 4 : explain SELECT c FROM sbtest4 WHERE id=8051873
	Index Scan using sbtest4_pkey on sbtest4  (cost=0.43..8.45 rows=1 width=121)
	  Index Cond: (id = 8051873)

table 5 : explain SELECT c FROM sbtest5 WHERE id=4286143
	Index Scan using sbtest5_pkey on sbtest5  (cost=0.43..8.45 rows=1 width=121)
	  Index Cond: (id = 4286143)

table 6 : explain SELECT c FROM sbtest6 WHERE id=7350798
	Index Scan using sbtest6_pkey on sbtest6  (cost=0.43..8.45 rows=1 width=121)
	  Index Cond: (id = 7350798)

table 7 : explain SELECT c FROM sbtest7 WHERE id=6403885
	Index Scan using sbtest7_pkey on sbtest7  (cost=0.43..8.45 rows=1 width=121)
	  Index Cond: (id = 6403885)

table 8 : explain SELECT c FROM sbtest8 WHERE id=4109220
	Index Scan using sbtest8_pkey on sbtest8  (cost=0.43..8.45 rows=1 width=121)
	  Index Cond: (id = 4109220)

for: simple_ranges
table 1 : explain SELECT c FROM sbtest1 WHERE id BETWEEN 7796871 AND 7806870
	Bitmap Heap Scan on sbtest1  (cost=206.72..33081.75 rows=9589 width=121)
	  Recheck Cond: ((id >= 7796871) AND (id <= 7806870))
	  ->  Bitmap Index Scan on sbtest1_pkey  (cost=0.00..204.32 rows=9589 width=0)
	        Index Cond: ((id >= 7796871) AND (id <= 7806870))

table 2 : explain SELECT c FROM sbtest2 WHERE id BETWEEN 7765977 AND 7775976
	Bitmap Heap Scan on sbtest2  (cost=225.24..35106.83 rows=10225 width=121)
	  Recheck Cond: ((id >= 7765977) AND (id <= 7775976))
	  ->  Bitmap Index Scan on sbtest2_pkey  (cost=0.00..222.69 rows=10225 width=0)
	        Index Cond: ((id >= 7765977) AND (id <= 7775976))

table 3 : explain SELECT c FROM sbtest3 WHERE id BETWEEN 775801 AND 785800
	Bitmap Heap Scan on sbtest3  (cost=231.09..36796.87 rows=10796 width=121)
	  Recheck Cond: ((id >= 775801) AND (id <= 785800))
	  ->  Bitmap Index Scan on sbtest3_pkey  (cost=0.00..228.40 rows=10796 width=0)
	        Index Cond: ((id >= 775801) AND (id <= 785800))

table 4 : explain SELECT c FROM sbtest4 WHERE id BETWEEN 5718148 AND 5728147
	Bitmap Heap Scan on sbtest4  (cost=215.40..34503.55 rows=10045 width=121)
	  Recheck Cond: ((id >= 5718148) AND (id <= 5728147))
	  ->  Bitmap Index Scan on sbtest4_pkey  (cost=0.00..212.88 rows=10045 width=0)
	        Index Cond: ((id >= 5718148) AND (id <= 5728147))

table 5 : explain SELECT c FROM sbtest5 WHERE id BETWEEN 2158776 AND 2168775
	Bitmap Heap Scan on sbtest5  (cost=251.19..38109.49 rows=11196 width=121)
	  Recheck Cond: ((id >= 2158776) AND (id <= 2168775))
	  ->  Bitmap Index Scan on sbtest5_pkey  (cost=0.00..248.40 rows=11196 width=0)
	        Index Cond: ((id >= 2158776) AND (id <= 2168775))

table 6 : explain SELECT c FROM sbtest6 WHERE id BETWEEN 4267271 AND 4277270
	Bitmap Heap Scan on sbtest6  (cost=234.26..36594.06 rows=10715 width=121)
	  Recheck Cond: ((id >= 4267271) AND (id <= 4277270))
	  ->  Bitmap Index Scan on sbtest6_pkey  (cost=0.00..231.59 rows=10715 width=0)
	        Index Cond: ((id >= 4267271) AND (id <= 4277270))

table 7 : explain SELECT c FROM sbtest7 WHERE id BETWEEN 1010282 AND 1020281
	Bitmap Heap Scan on sbtest7  (cost=220.29..34782.84 rows=10132 width=121)
	  Recheck Cond: ((id >= 1010282) AND (id <= 1020281))
	  ->  Bitmap Index Scan on sbtest7_pkey  (cost=0.00..217.75 rows=10132 width=0)
	        Index Cond: ((id >= 1010282) AND (id <= 1020281))

table 8 : explain SELECT c FROM sbtest8 WHERE id BETWEEN 9277077 AND 9287076
	Bitmap Heap Scan on sbtest8  (cost=212.65..33685.40 rows=9777 width=121)
	  Recheck Cond: ((id >= 9277077) AND (id <= 9287076))
	  ->  Bitmap Index Scan on sbtest8_pkey  (cost=0.00..210.20 rows=9777 width=0)
	        Index Cond: ((id >= 9277077) AND (id <= 9287076))

for: simple_ranges
table 1 : explain SELECT c FROM sbtest1 WHERE id BETWEEN 6322244 AND 6332243
	Bitmap Heap Scan on sbtest1  (cost=244.43..38431.37 rows=11317 width=121)
	  Recheck Cond: ((id >= 6322244) AND (id <= 6332243))
	  ->  Bitmap Index Scan on sbtest1_pkey  (cost=0.00..241.61 rows=11317 width=0)
	        Index Cond: ((id >= 6322244) AND (id <= 6332243))

table 2 : explain SELECT c FROM sbtest2 WHERE id BETWEEN 7200589 AND 7210588
	Bitmap Heap Scan on sbtest2  (cost=213.44..33945.12 rows=9854 width=121)
	  Recheck Cond: ((id >= 7200589) AND (id <= 7210588))
	  ->  Bitmap Index Scan on sbtest2_pkey  (cost=0.00..210.98 rows=9854 width=0)
	        Index Cond: ((id >= 7200589) AND (id <= 7210588))

table 3 : explain SELECT c FROM sbtest3 WHERE id BETWEEN 569474 AND 579473
	Bitmap Heap Scan on sbtest3  (cost=213.86..34007.44 rows=9895 width=121)
	  Recheck Cond: ((id >= 569474) AND (id <= 579473))
	  ->  Bitmap Index Scan on sbtest3_pkey  (cost=0.00..211.38 rows=9895 width=0)
	        Index Cond: ((id >= 569474) AND (id <= 579473))

table 4 : explain SELECT c FROM sbtest4 WHERE id BETWEEN 6091846 AND 6101845
	Bitmap Heap Scan on sbtest4  (cost=230.41..36623.73 rows=10729 width=121)
	  Recheck Cond: ((id >= 6091846) AND (id <= 6101845))
	  ->  Bitmap Index Scan on sbtest4_pkey  (cost=0.00..227.73 rows=10729 width=0)
	        Index Cond: ((id >= 6091846) AND (id <= 6101845))

table 5 : explain SELECT c FROM sbtest5 WHERE id BETWEEN 9668459 AND 9678458
	Bitmap Heap Scan on sbtest5  (cost=228.30..34825.21 rows=10133 width=121)
	  Recheck Cond: ((id >= 9668459) AND (id <= 9678458))
	  ->  Bitmap Index Scan on sbtest5_pkey  (cost=0.00..225.76 rows=10133 width=0)
	        Index Cond: ((id >= 9668459) AND (id <= 9678458))

table 6 : explain SELECT c FROM sbtest6 WHERE id BETWEEN 6356557 AND 6366556
	Bitmap Heap Scan on sbtest6  (cost=220.91..34973.18 rows=10193 width=121)
	  Recheck Cond: ((id >= 6356557) AND (id <= 6366556))
	  ->  Bitmap Index Scan on sbtest6_pkey  (cost=0.00..218.37 rows=10193 width=0)
	        Index Cond: ((id >= 6356557) AND (id <= 6366556))

table 7 : explain SELECT c FROM sbtest7 WHERE id BETWEEN 7191686 AND 7201685
	Bitmap Heap Scan on sbtest7  (cost=196.94..31309.60 rows=9025 width=121)
	  Recheck Cond: ((id >= 7191686) AND (id <= 7201685))
	  ->  Bitmap Index Scan on sbtest7_pkey  (cost=0.00..194.69 rows=9025 width=0)
	        Index Cond: ((id >= 7191686) AND (id <= 7201685))

table 8 : explain SELECT c FROM sbtest8 WHERE id BETWEEN 9060166 AND 9070165
	Bitmap Heap Scan on sbtest8  (cost=220.26..34785.65 rows=10129 width=121)
	  Recheck Cond: ((id >= 9060166) AND (id <= 9070165))
	  ->  Bitmap Index Scan on sbtest8_pkey  (cost=0.00..217.73 rows=10129 width=0)
	        Index Cond: ((id >= 9060166) AND (id <= 9070165))

for: distinct_ranges
table 1 : explain SELECT DISTINCT c FROM sbtest1 WHERE id BETWEEN 8893058 AND 8903057 ORDER BY c
	Unique  (cost=34732.19..34781.72 rows=9907 width=121)
	  ->  Sort  (cost=34732.19..34756.95 rows=9907 width=121)
	        Sort Key: c
	        ->  Bitmap Heap Scan on sbtest1  (cost=213.98..34074.65 rows=9907 width=121)
	              Recheck Cond: ((id >= 8893058) AND (id <= 8903057))
	              ->  Bitmap Index Scan on sbtest1_pkey  (cost=0.00..211.50 rows=9907 width=0)
	                    Index Cond: ((id >= 8893058) AND (id <= 8903057))

table 2 : explain SELECT DISTINCT c FROM sbtest2 WHERE id BETWEEN 1257467 AND 1267466 ORDER BY c
	Unique  (cost=36033.94..36085.45 rows=10303 width=121)
	  ->  Sort  (cost=36033.94..36059.69 rows=10303 width=121)
	        Sort Key: c
	        ->  Bitmap Heap Scan on sbtest2  (cost=226.04..35347.20 rows=10303 width=121)
	              Recheck Cond: ((id >= 1257467) AND (id <= 1267466))
	              ->  Bitmap Index Scan on sbtest2_pkey  (cost=0.00..223.47 rows=10303 width=0)
	                    Index Cond: ((id >= 1257467) AND (id <= 1267466))

table 3 : explain SELECT DISTINCT c FROM sbtest3 WHERE id BETWEEN 3346536 AND 3356535 ORDER BY c
	Unique  (cost=35419.13..35469.80 rows=10133 width=121)
	  ->  Sort  (cost=35419.13..35444.47 rows=10133 width=121)
	        Sort Key: c
	        ->  Bitmap Heap Scan on sbtest3  (cost=216.30..34744.95 rows=10133 width=121)
	              Recheck Cond: ((id >= 3346536) AND (id <= 3356535))
	              ->  Bitmap Index Scan on sbtest3_pkey  (cost=0.00..213.76 rows=10133 width=0)
	                    Index Cond: ((id >= 3346536) AND (id <= 3356535))

table 4 : explain SELECT DISTINCT c FROM sbtest4 WHERE id BETWEEN 9018646 AND 9028645 ORDER BY c
	Unique  (cost=34770.18..34819.77 rows=9919 width=121)
	  ->  Sort  (cost=34770.18..34794.98 rows=9919 width=121)
	        Sort Key: c
	        ->  Bitmap Heap Scan on sbtest4  (cost=214.10..34111.76 rows=9919 width=121)
	              Recheck Cond: ((id >= 9018646) AND (id <= 9028645))
	              ->  Bitmap Index Scan on sbtest4_pkey  (cost=0.00..211.62 rows=9919 width=0)
	                    Index Cond: ((id >= 9018646) AND (id <= 9028645))

table 5 : explain SELECT DISTINCT c FROM sbtest5 WHERE id BETWEEN 2166099 AND 2176098 ORDER BY c
	Unique  (cost=38862.46..38918.44 rows=11196 width=121)
	  ->  Sort  (cost=38862.46..38890.45 rows=11196 width=121)
	        Sort Key: c
	        ->  Bitmap Heap Scan on sbtest5  (cost=251.19..38109.49 rows=11196 width=121)
	              Recheck Cond: ((id >= 2166099) AND (id <= 2176098))
	              ->  Bitmap Index Scan on sbtest5_pkey  (cost=0.00..248.40 rows=11196 width=0)
	                    Index Cond: ((id >= 2166099) AND (id <= 2176098))

table 6 : explain SELECT DISTINCT c FROM sbtest6 WHERE id BETWEEN 4688041 AND 4698040 ORDER BY c
	Unique  (cost=35090.24..35140.32 rows=10016 width=121)
	  ->  Sort  (cost=35090.24..35115.28 rows=10016 width=121)
	        Sort Key: c
	        ->  Bitmap Heap Scan on sbtest6  (cost=219.10..34424.67 rows=10016 width=121)
	              Recheck Cond: ((id >= 4688041) AND (id <= 4698040))
	              ->  Bitmap Index Scan on sbtest6_pkey  (cost=0.00..216.59 rows=10016 width=0)
	                    Index Cond: ((id >= 4688041) AND (id <= 4698040))

table 7 : explain SELECT DISTINCT c FROM sbtest7 WHERE id BETWEEN 2343295 AND 2353294 ORDER BY c
	Unique  (cost=36194.46..36246.28 rows=10364 width=121)
	  ->  Sort  (cost=36194.46..36220.37 rows=10364 width=121)
	        Sort Key: c
	        ->  Bitmap Heap Scan on sbtest7  (cost=222.67..35503.22 rows=10364 width=121)
	              Recheck Cond: ((id >= 2343295) AND (id <= 2353294))
	              ->  Bitmap Index Scan on sbtest7_pkey  (cost=0.00..220.07 rows=10364 width=0)
	                    Index Cond: ((id >= 2343295) AND (id <= 2353294))

table 8 : explain SELECT DISTINCT c FROM sbtest8 WHERE id BETWEEN 9028410 AND 9038409 ORDER BY c
	Unique  (cost=35459.54..35510.19 rows=10129 width=121)
	  ->  Sort  (cost=35459.54..35484.86 rows=10129 width=121)
	        Sort Key: c
	        ->  Bitmap Heap Scan on sbtest8  (cost=220.26..34785.65 rows=10129 width=121)
	              Recheck Cond: ((id >= 9028410) AND (id <= 9038409))
	              ->  Bitmap Index Scan on sbtest8_pkey  (cost=0.00..217.73 rows=10129 width=0)
	                    Index Cond: ((id >= 9028410) AND (id <= 9038409))

for: simple_ranges
table 1 : explain SELECT c FROM sbtest1 WHERE id BETWEEN 2719294 AND 2729293
	Bitmap Heap Scan on sbtest1  (cost=216.08..34713.53 rows=10112 width=121)
	  Recheck Cond: ((id >= 2719294) AND (id <= 2729293))
	  ->  Bitmap Index Scan on sbtest1_pkey  (cost=0.00..213.56 rows=10112 width=0)
	        Index Cond: ((id >= 2719294) AND (id <= 2729293))

table 2 : explain SELECT c FROM sbtest2 WHERE id BETWEEN 59201 AND 69200
	Bitmap Heap Scan on sbtest2  (cost=218.17..34171.27 rows=9925 width=121)
	  Recheck Cond: ((id >= 59201) AND (id <= 69200))
	  ->  Bitmap Index Scan on sbtest2_pkey  (cost=0.00..215.69 rows=9925 width=0)
	        Index Cond: ((id >= 59201) AND (id <= 69200))

table 3 : explain SELECT c FROM sbtest3 WHERE id BETWEEN 8408991 AND 8418990
	Bitmap Heap Scan on sbtest3  (cost=220.82..34908.97 rows=10184 width=121)
	  Recheck Cond: ((id >= 8408991) AND (id <= 8418990))
	  ->  Bitmap Index Scan on sbtest3_pkey  (cost=0.00..218.28 rows=10184 width=0)
	        Index Cond: ((id >= 8408991) AND (id <= 8418990))

table 4 : explain SELECT c FROM sbtest4 WHERE id BETWEEN 9447240 AND 9457239
	Bitmap Heap Scan on sbtest4  (cost=215.92..34660.75 rows=10096 width=121)
	  Recheck Cond: ((id >= 9447240) AND (id <= 9457239))
	  ->  Bitmap Index Scan on sbtest4_pkey  (cost=0.00..213.40 rows=10096 width=0)
	        Index Cond: ((id >= 9447240) AND (id <= 9457239))

table 5 : explain SELECT c FROM sbtest5 WHERE id BETWEEN 9884612 AND 9894611
	Bitmap Heap Scan on sbtest5  (cost=235.42..35774.38 rows=10438 width=121)
	  Recheck Cond: ((id >= 9884612) AND (id <= 9894611))
	  ->  Bitmap Index Scan on sbtest5_pkey  (cost=0.00..232.81 rows=10438 width=0)
	        Index Cond: ((id >= 9884612) AND (id <= 9894611))

table 6 : explain SELECT c FROM sbtest6 WHERE id BETWEEN 8643222 AND 8653221
	Bitmap Heap Scan on sbtest6  (cost=199.02..31950.39 rows=9228 width=121)
	  Recheck Cond: ((id >= 8643222) AND (id <= 8653221))
	  ->  Bitmap Index Scan on sbtest6_pkey  (cost=0.00..196.72 rows=9228 width=0)
	        Index Cond: ((id >= 8643222) AND (id <= 8653221))

table 7 : explain SELECT c FROM sbtest7 WHERE id BETWEEN 3701686 AND 3711685
	Bitmap Heap Scan on sbtest7  (cost=207.03..33179.39 rows=9619 width=121)
	  Recheck Cond: ((id >= 3701686) AND (id <= 3711685))
	  ->  Bitmap Index Scan on sbtest7_pkey  (cost=0.00..204.62 rows=9619 width=0)
	        Index Cond: ((id >= 3701686) AND (id <= 3711685))

table 8 : explain SELECT c FROM sbtest8 WHERE id BETWEEN 7775353 AND 7785352
	Bitmap Heap Scan on sbtest8  (cost=207.33..33278.33 rows=9648 width=121)
	  Recheck Cond: ((id >= 7775353) AND (id <= 7785352))
	  ->  Bitmap Index Scan on sbtest8_pkey  (cost=0.00..204.92 rows=9648 width=0)
	        Index Cond: ((id >= 7775353) AND (id <= 7785352))

explain: for point_selects :: explain SELECT c FROM sbtest%u WHERE id=%u
for: sum_ranges
table 1 : explain SELECT SUM(k) FROM sbtest1 WHERE id BETWEEN 1979197 AND 1989196
	Aggregate  (cost=35329.40..35329.41 rows=1 width=8)
	  ->  Bitmap Heap Scan on sbtest1  (cost=222.03..35303.65 rows=10302 width=4)
	        Recheck Cond: ((id >= 1979197) AND (id <= 1989196))
	        ->  Bitmap Index Scan on sbtest1_pkey  (cost=0.00..219.45 rows=10302 width=0)
	              Index Cond: ((id >= 1979197) AND (id <= 1989196))

table 2 : explain SELECT SUM(k) FROM sbtest2 WHERE id BETWEEN 5823419 AND 5833418
	Aggregate  (cost=37013.10..37013.11 rows=1 width=8)
	  ->  Bitmap Heap Scan on sbtest2  (cost=235.47..36986.02 rows=10833 width=4)
	        Recheck Cond: ((id >= 5823419) AND (id <= 5833418))
	        ->  Bitmap Index Scan on sbtest2_pkey  (cost=0.00..232.76 rows=10833 width=0)
	              Index Cond: ((id >= 5823419) AND (id <= 5833418))

table 3 : explain SELECT SUM(k) FROM sbtest3 WHERE id BETWEEN 2834099 AND 2844098
	Aggregate  (cost=33887.50..33887.51 rows=1 width=8)
	  ->  Bitmap Heap Scan on sbtest3  (cost=213.38..33862.88 rows=9848 width=4)
	        Recheck Cond: ((id >= 2834099) AND (id <= 2844098))
	        ->  Bitmap Index Scan on sbtest3_pkey  (cost=0.00..210.92 rows=9848 width=0)
	              Index Cond: ((id >= 2834099) AND (id <= 2844098))

table 4 : explain SELECT SUM(k) FROM sbtest4 WHERE id BETWEEN 4576592 AND 4586591
	Aggregate  (cost=33210.92..33210.93 rows=1 width=8)
	  ->  Bitmap Heap Scan on sbtest4  (cost=207.08..33186.86 rows=9624 width=4)
	        Recheck Cond: ((id >= 4576592) AND (id <= 4586591))
	        ->  Bitmap Index Scan on sbtest4_pkey  (cost=0.00..204.68 rows=9624 width=0)
	              Index Cond: ((id >= 4576592) AND (id <= 4586591))

table 5 : explain SELECT SUM(k) FROM sbtest5 WHERE id BETWEEN 705964 AND 715963
	Aggregate  (cost=36008.44..36008.45 rows=1 width=8)
	  ->  Bitmap Heap Scan on sbtest5  (cost=236.12..35982.18 rows=10506 width=4)
	        Recheck Cond: ((id >= 705964) AND (id <= 715963))
	        ->  Bitmap Index Scan on sbtest5_pkey  (cost=0.00..233.50 rows=10506 width=0)
	              Index Cond: ((id >= 705964) AND (id <= 715963))

table 6 : explain SELECT SUM(k) FROM sbtest6 WHERE id BETWEEN 1013780 AND 1023779
	Aggregate  (cost=35133.30..35133.31 rows=1 width=8)
	  ->  Bitmap Heap Scan on sbtest6  (cost=221.35..35107.71 rows=10236 width=4)
	        Recheck Cond: ((id >= 1013780) AND (id <= 1023779))
	        ->  Bitmap Index Scan on sbtest6_pkey  (cost=0.00..218.80 rows=10236 width=0)
	              Index Cond: ((id >= 1013780) AND (id <= 1023779))

table 7 : explain SELECT SUM(k) FROM sbtest7 WHERE id BETWEEN 829159 AND 839158
	Aggregate  (cost=35817.74..35817.75 rows=1 width=8)
	  ->  Bitmap Heap Scan on sbtest7  (cost=227.61..35791.60 rows=10456 width=4)
	        Recheck Cond: ((id >= 829159) AND (id <= 839158))
	        ->  Bitmap Index Scan on sbtest7_pkey  (cost=0.00..225.00 rows=10456 width=0)
	              Index Cond: ((id >= 829159) AND (id <= 839158))

table 8 : explain SELECT SUM(k) FROM sbtest8 WHERE id BETWEEN 7594602 AND 7604601
	Aggregate  (cost=32730.12..32730.13 rows=1 width=8)
	  ->  Bitmap Heap Scan on sbtest8  (cost=205.45..32706.46 rows=9465 width=4)
	        Recheck Cond: ((id >= 7594602) AND (id <= 7604601))
	        ->  Bitmap Index Scan on sbtest8_pkey  (cost=0.00..203.09 rows=9465 width=0)
	              Index Cond: ((id >= 7594602) AND (id <= 7604601))

for: sum_ranges
table 1 : explain SELECT SUM(k) FROM sbtest1 WHERE id BETWEEN 6028765 AND 6038764
	Aggregate  (cost=32176.17..32176.18 rows=1 width=8)
	  ->  Bitmap Heap Scan on sbtest1  (cost=199.70..32152.93 rows=9294 width=4)
	        Recheck Cond: ((id >= 6028765) AND (id <= 6038764))
	        ->  Bitmap Index Scan on sbtest1_pkey  (cost=0.00..197.38 rows=9294 width=0)
	              Index Cond: ((id >= 6028765) AND (id <= 6038764))

table 2 : explain SELECT SUM(k) FROM sbtest2 WHERE id BETWEEN 5351577 AND 5361576
	Aggregate  (cost=37051.31..37051.32 rows=1 width=8)
	  ->  Bitmap Heap Scan on sbtest2  (cost=235.60..37024.20 rows=10845 width=4)
	        Recheck Cond: ((id >= 5351577) AND (id <= 5361576))
	        ->  Bitmap Index Scan on sbtest2_pkey  (cost=0.00..232.88 rows=10845 width=0)
	              Index Cond: ((id >= 5351577) AND (id <= 5361576))

table 3 : explain SELECT SUM(k) FROM sbtest3 WHERE id BETWEEN 8317774 AND 8327773
	Aggregate  (cost=35988.96..35988.97 rows=1 width=8)
	  ->  Bitmap Heap Scan on sbtest3  (cost=224.33..35962.65 rows=10526 width=4)
	        Recheck Cond: ((id >= 8317774) AND (id <= 8327773))
	        ->  Bitmap Index Scan on sbtest3_pkey  (cost=0.00..221.69 rows=10526 width=0)
	              Index Cond: ((id >= 8317774) AND (id <= 8327773))

table 4 : explain SELECT SUM(k) FROM sbtest4 WHERE id BETWEEN 4693962 AND 4703961
	Aggregate  (cost=30867.31..30867.32 rows=1 width=8)
	  ->  Bitmap Heap Scan on sbtest4  (cost=191.47..30845.11 rows=8881 width=4)
	        Recheck Cond: ((id >= 4693962) AND (id <= 4703961))
	        ->  Bitmap Index Scan on sbtest4_pkey  (cost=0.00..189.25 rows=8881 width=0)
	              Index Cond: ((id >= 4693962) AND (id <= 4703961))

table 5 : explain SELECT SUM(k) FROM sbtest5 WHERE id BETWEEN 527403 AND 537402
	Aggregate  (cost=36648.05..36648.06 rows=1 width=8)
	  ->  Bitmap Heap Scan on sbtest5  (cost=242.23..36621.27 rows=10712 width=4)
	        Recheck Cond: ((id >= 527403) AND (id <= 537402))
	        ->  Bitmap Index Scan on sbtest5_pkey  (cost=0.00..239.56 rows=10712 width=0)
	              Index Cond: ((id >= 527403) AND (id <= 537402))

table 6 : explain SELECT SUM(k) FROM sbtest6 WHERE id BETWEEN 9319180 AND 9329179
	Aggregate  (cost=31976.71..31976.72 rows=1 width=8)
	  ->  Bitmap Heap Scan on sbtest6  (cost=199.03..31953.63 rows=9229 width=4)
	        Recheck Cond: ((id >= 9319180) AND (id <= 9329179))
	        ->  Bitmap Index Scan on sbtest6_pkey  (cost=0.00..196.73 rows=9229 width=0)
	              Index Cond: ((id >= 9319180) AND (id <= 9329179))

table 7 : explain SELECT SUM(k) FROM sbtest7 WHERE id BETWEEN 3920716 AND 3930715
	Aggregate  (cost=35010.25..35010.26 rows=1 width=8)
	  ->  Bitmap Heap Scan on sbtest7  (cost=220.95..34984.76 rows=10197 width=4)
	        Recheck Cond: ((id >= 3920716) AND (id <= 3930715))
	        ->  Bitmap Index Scan on sbtest7_pkey  (cost=0.00..218.41 rows=10197 width=0)
	              Index Cond: ((id >= 3920716) AND (id <= 3930715))

table 8 : explain SELECT SUM(k) FROM sbtest8 WHERE id BETWEEN 6183176 AND 6193175
	Aggregate  (cost=33500.13..33500.14 rows=1 width=8)
	  ->  Bitmap Heap Scan on sbtest8  (cost=211.95..33475.86 rows=9709 width=4)
	        Recheck Cond: ((id >= 6183176) AND (id <= 6193175))
	        ->  Bitmap Index Scan on sbtest8_pkey  (cost=0.00..209.53 rows=9709 width=0)
	              Index Cond: ((id >= 6183176) AND (id <= 6193175))

for: distinct_ranges
table 1 : explain SELECT DISTINCT c FROM sbtest1 WHERE id BETWEEN 8509150 AND 8519149 ORDER BY c
	Unique  (cost=33325.23..33372.58 rows=9469 width=121)
	  ->  Sort  (cost=33325.23..33348.90 rows=9469 width=121)
	        Sort Key: c
	        ->  Bitmap Heap Scan on sbtest1  (cost=201.49..32699.85 rows=9469 width=121)
	              Recheck Cond: ((id >= 8509150) AND (id <= 8519149))
	              ->  Bitmap Index Scan on sbtest1_pkey  (cost=0.00..199.12 rows=9469 width=0)
	                    Index Cond: ((id >= 8509150) AND (id <= 8519149))

table 2 : explain SELECT DISTINCT c FROM sbtest2 WHERE id BETWEEN 6362651 AND 6372650 ORDER BY c
	Unique  (cost=34476.76..34525.84 rows=9816 width=121)
	  ->  Sort  (cost=34476.76..34501.30 rows=9816 width=121)
	        Sort Key: c
	        ->  Bitmap Heap Scan on sbtest2  (cost=213.05..33825.92 rows=9816 width=121)
	              Recheck Cond: ((id >= 6362651) AND (id <= 6372650))
	              ->  Bitmap Index Scan on sbtest2_pkey  (cost=0.00..210.59 rows=9816 width=0)
	                    Index Cond: ((id >= 6362651) AND (id <= 6372650))

table 3 : explain SELECT DISTINCT c FROM sbtest3 WHERE id BETWEEN 5294004 AND 5304003 ORDER BY c
	Unique  (cost=38796.19..38852.21 rows=11203 width=121)
	  ->  Sort  (cost=38796.19..38824.20 rows=11203 width=121)
	        Sort Key: c
	        ->  Bitmap Heap Scan on sbtest3  (cost=239.27..38042.70 rows=11203 width=121)
	              Recheck Cond: ((id >= 5294004) AND (id <= 5304003))
	              ->  Bitmap Index Scan on sbtest3_pkey  (cost=0.00..236.47 rows=11203 width=0)
	                    Index Cond: ((id >= 5294004) AND (id <= 5304003))

table 4 : explain SELECT DISTINCT c FROM sbtest4 WHERE id BETWEEN 1730103 AND 1740102 ORDER BY c
	Unique  (cost=39385.82..39442.72 rows=11380 width=121)
	  ->  Sort  (cost=39385.82..39414.27 rows=11380 width=121)
	        Sort Key: c
	        ->  Bitmap Heap Scan on sbtest4  (cost=245.08..38619.13 rows=11380 width=121)
	              Recheck Cond: ((id >= 1730103) AND (id <= 1740102))
	              ->  Bitmap Index Scan on sbtest4_pkey  (cost=0.00..242.24 rows=11380 width=0)
	                    Index Cond: ((id >= 1730103) AND (id <= 1740102))

table 5 : explain SELECT DISTINCT c FROM sbtest5 WHERE id BETWEEN 9642177 AND 9652176 ORDER BY c
	Unique  (cost=35499.40..35550.07 rows=10133 width=121)
	  ->  Sort  (cost=35499.40..35524.73 rows=10133 width=121)
	        Sort Key: c
	        ->  Bitmap Heap Scan on sbtest5  (cost=228.30..34825.21 rows=10133 width=121)
	              Recheck Cond: ((id >= 9642177) AND (id <= 9652176))
	              ->  Bitmap Index Scan on sbtest5_pkey  (cost=0.00..225.76 rows=10133 width=0)
	                    Index Cond: ((id >= 9642177) AND (id <= 9652176))

table 6 : explain SELECT DISTINCT c FROM sbtest6 WHERE id BETWEEN 2817739 AND 2827738 ORDER BY c
	Unique  (cost=33416.94..33464.41 rows=9494 width=121)
	  ->  Sort  (cost=33416.94..33440.67 rows=9494 width=121)
	        Sort Key: c
	        ->  Bitmap Heap Scan on sbtest6  (cost=205.75..32789.73 rows=9494 width=121)
	              Recheck Cond: ((id >= 2817739) AND (id <= 2827738))
	              ->  Bitmap Index Scan on sbtest6_pkey  (cost=0.00..203.38 rows=9494 width=0)
	                    Index Cond: ((id >= 2817739) AND (id <= 2827738))

table 7 : explain SELECT DISTINCT c FROM sbtest7 WHERE id BETWEEN 3906074 AND 3916073 ORDER BY c
	Unique  (cost=35663.67..35714.65 rows=10197 width=121)
	  ->  Sort  (cost=35663.67..35689.16 rows=10197 width=121)
	        Sort Key: c
	        ->  Bitmap Heap Scan on sbtest7  (cost=220.95..34984.76 rows=10197 width=121)
	              Recheck Cond: ((id >= 3906074) AND (id <= 3916073))
	              ->  Bitmap Index Scan on sbtest7_pkey  (cost=0.00..218.41 rows=10197 width=0)
	                    Index Cond: ((id >= 3906074) AND (id <= 3916073))

table 8 : explain SELECT DISTINCT c FROM sbtest8 WHERE id BETWEEN 5847955 AND 5857954 ORDER BY c
	Unique  (cost=34725.44..34774.93 rows=9899 width=121)
	  ->  Sort  (cost=34725.44..34750.18 rows=9899 width=121)
	        Sort Key: c
	        ->  Bitmap Heap Scan on sbtest8  (cost=213.90..34068.49 rows=9899 width=121)
	              Recheck Cond: ((id >= 5847955) AND (id <= 5857954))
	              ->  Bitmap Index Scan on sbtest8_pkey  (cost=0.00..211.43 rows=9899 width=0)
	                    Index Cond: ((id >= 5847955) AND (id <= 5857954))

for point_selects
table 1 : explain SELECT c FROM sbtest1 WHERE id=7714528
	Index Scan using sbtest1_pkey on sbtest1  (cost=0.43..8.45 rows=1 width=121)
	  Index Cond: (id = 7714528)

table 2 : explain SELECT c FROM sbtest2 WHERE id=301737
	Index Scan using sbtest2_pkey on sbtest2  (cost=0.43..8.45 rows=1 width=121)
	  Index Cond: (id = 301737)

table 3 : explain SELECT c FROM sbtest3 WHERE id=3719487
	Index Scan using sbtest3_pkey on sbtest3  (cost=0.43..8.45 rows=1 width=121)
	  Index Cond: (id = 3719487)

table 4 : explain SELECT c FROM sbtest4 WHERE id=9819403
	Index Scan using sbtest4_pkey on sbtest4  (cost=0.43..8.45 rows=1 width=121)
	  Index Cond: (id = 9819403)

table 5 : explain SELECT c FROM sbtest5 WHERE id=2115401
	Index Scan using sbtest5_pkey on sbtest5  (cost=0.43..8.45 rows=1 width=121)
	  Index Cond: (id = 2115401)

table 6 : explain SELECT c FROM sbtest6 WHERE id=3576252
	Index Scan using sbtest6_pkey on sbtest6  (cost=0.43..8.45 rows=1 width=121)
	  Index Cond: (id = 3576252)

table 7 : explain SELECT c FROM sbtest7 WHERE id=8477725
	Index Scan using sbtest7_pkey on sbtest7  (cost=0.43..8.45 rows=1 width=121)
	  Index Cond: (id = 8477725)

table 8 : explain SELECT c FROM sbtest8 WHERE id=475338
	Index Scan using sbtest8_pkey on sbtest8  (cost=0.43..8.45 rows=1 width=121)
	  Index Cond: (id = 475338)

for: sum_ranges
table 1 : explain SELECT SUM(k) FROM sbtest1 WHERE id BETWEEN 6236150 AND 6246149
	Aggregate  (cost=38513.43..38513.44 rows=1 width=8)
	  ->  Bitmap Heap Scan on sbtest1  (cost=244.62..38485.09 rows=11335 width=4)
	        Recheck Cond: ((id >= 6236150) AND (id <= 6246149))
	        ->  Bitmap Index Scan on sbtest1_pkey  (cost=0.00..241.79 rows=11335 width=0)
	              Index Cond: ((id >= 6236150) AND (id <= 6246149))

table 2 : explain SELECT SUM(k) FROM sbtest2 WHERE id BETWEEN 2079188 AND 2089187
	Aggregate  (cost=33230.46..33230.47 rows=1 width=8)
	  ->  Bitmap Heap Scan on sbtest2  (cost=211.02..33206.41 rows=9618 width=4)
	        Recheck Cond: ((id >= 2079188) AND (id <= 2089187))
	        ->  Bitmap Index Scan on sbtest2_pkey  (cost=0.00..208.62 rows=9618 width=0)
	              Index Cond: ((id >= 2079188) AND (id <= 2089187))

table 3 : explain SELECT SUM(k) FROM sbtest3 WHERE id BETWEEN 3084069 AND 3094068
	Aggregate  (cost=33696.91..33696.92 rows=1 width=8)
	  ->  Bitmap Heap Scan on sbtest3  (cost=208.76..33672.44 rows=9788 width=4)
	        Recheck Cond: ((id >= 3084069) AND (id <= 3094068))
	        ->  Bitmap Index Scan on sbtest3_pkey  (cost=0.00..206.31 rows=9788 width=0)
	              Index Cond: ((id >= 3084069) AND (id <= 3094068))

table 4 : explain SELECT SUM(k) FROM sbtest4 WHERE id BETWEEN 3291030 AND 3301029
	Aggregate  (cost=33775.25..33775.26 rows=1 width=8)
	  ->  Bitmap Heap Scan on sbtest4  (cost=208.93..33750.74 rows=9804 width=4)
	        Recheck Cond: ((id >= 3291030) AND (id <= 3301029))
	        ->  Bitmap Index Scan on sbtest4_pkey  (cost=0.00..206.48 rows=9804 width=0)
	              Index Cond: ((id >= 3291030) AND (id <= 3301029))

table 5 : explain SELECT SUM(k) FROM sbtest5 WHERE id BETWEEN 4745970 AND 4755969
	Aggregate  (cost=33082.36..33082.37 rows=1 width=8)
	  ->  Bitmap Heap Scan on sbtest5  (cost=214.52..33058.43 rows=9569 width=4)
	        Recheck Cond: ((id >= 4745970) AND (id <= 4755969))
	        ->  Bitmap Index Scan on sbtest5_pkey  (cost=0.00..212.12 rows=9569 width=0)
	              Index Cond: ((id >= 4745970) AND (id <= 4755969))

table 6 : explain SELECT SUM(k) FROM sbtest6 WHERE id BETWEEN 6595470 AND 6605469
	Aggregate  (cost=35563.21..35563.22 rows=1 width=8)
	  ->  Bitmap Heap Scan on sbtest6  (cost=226.77..35537.27 rows=10374 width=4)
	        Recheck Cond: ((id >= 6595470) AND (id <= 6605469))
	        ->  Bitmap Index Scan on sbtest6_pkey  (cost=0.00..224.18 rows=10374 width=0)
	              Index Cond: ((id >= 6595470) AND (id <= 6605469))

table 7 : explain SELECT SUM(k) FROM sbtest7 WHERE id BETWEEN 8255532 AND 8265531
	Aggregate  (cost=36666.51..36666.52 rows=1 width=8)
	  ->  Bitmap Heap Scan on sbtest7  (cost=230.44..36639.68 rows=10732 width=4)
	        Recheck Cond: ((id >= 8255532) AND (id <= 8265531))
	        ->  Bitmap Index Scan on sbtest7_pkey  (cost=0.00..227.75 rows=10732 width=0)
	              Index Cond: ((id >= 8255532) AND (id <= 8265531))

table 8 : explain SELECT SUM(k) FROM sbtest8 WHERE id BETWEEN 8089716 AND 8099715
	Aggregate  (cost=36287.45..36287.46 rows=1 width=8)
	  ->  Bitmap Heap Scan on sbtest8  (cost=229.14..36260.94 rows=10605 width=4)
	        Recheck Cond: ((id >= 8089716) AND (id <= 8099715))
	        ->  Bitmap Index Scan on sbtest8_pkey  (cost=0.00..226.49 rows=10605 width=0)
	              Index Cond: ((id >= 8089716) AND (id <= 8099715))

for: order_ranges
table 1 : explain SELECT c FROM sbtest1 WHERE id BETWEEN 6077029 AND 6087028 ORDER BY c
	Sort  (cost=32765.51..32788.74 rows=9294 width=121)
	  Sort Key: c
	  ->  Bitmap Heap Scan on sbtest1  (cost=199.70..32152.93 rows=9294 width=121)
	        Recheck Cond: ((id >= 6077029) AND (id <= 6087028))
	        ->  Bitmap Index Scan on sbtest1_pkey  (cost=0.00..197.38 rows=9294 width=0)
	              Index Cond: ((id >= 6077029) AND (id <= 6087028))

table 2 : explain SELECT c FROM sbtest2 WHERE id BETWEEN 8986083 AND 8996082 ORDER BY c
	Sort  (cost=34067.44..34091.66 rows=9688 width=121)
	  Sort Key: c
	  ->  Bitmap Heap Scan on sbtest2  (cost=211.74..33425.99 rows=9688 width=121)
	        Recheck Cond: ((id >= 8986083) AND (id <= 8996082))
	        ->  Bitmap Index Scan on sbtest2_pkey  (cost=0.00..209.31 rows=9688 width=0)
	              Index Cond: ((id >= 8986083) AND (id <= 8996082))

table 3 : explain SELECT c FROM sbtest3 WHERE id BETWEEN 6956501 AND 6966500 ORDER BY c
	Sort  (cost=33000.61..33024.05 rows=9376 width=121)
	  Sort Key: c
	  ->  Bitmap Heap Scan on sbtest3  (cost=200.54..32382.04 rows=9376 width=121)
	        Recheck Cond: ((id >= 6956501) AND (id <= 6966500))
	        ->  Bitmap Index Scan on sbtest3_pkey  (cost=0.00..198.19 rows=9376 width=0)
	              Index Cond: ((id >= 6956501) AND (id <= 6966500))

table 4 : explain SELECT c FROM sbtest4 WHERE id BETWEEN 5990434 AND 6000433 ORDER BY c
	Sort  (cost=35092.38..35117.43 rows=10020 width=121)
	  Sort Key: c
	  ->  Bitmap Heap Scan on sbtest4  (cost=215.14..34426.52 rows=10020 width=121)
	        Recheck Cond: ((id >= 5990434) AND (id <= 6000433))
	        ->  Bitmap Index Scan on sbtest4_pkey  (cost=0.00..212.63 rows=10020 width=0)
	              Index Cond: ((id >= 5990434) AND (id <= 6000433))

table 5 : explain SELECT c FROM sbtest5 WHERE id BETWEEN 3800509 AND 3810508 ORDER BY c
	Sort  (cost=35624.22..35649.65 rows=10172 width=121)
	  Sort Key: c
	  ->  Bitmap Heap Scan on sbtest5  (cost=228.70..34947.16 rows=10172 width=121)
	        Recheck Cond: ((id >= 3800509) AND (id <= 3810508))
	        ->  Bitmap Index Scan on sbtest5_pkey  (cost=0.00..226.16 rows=10172 width=0)
	              Index Cond: ((id >= 3800509) AND (id <= 3810508))

table 6 : explain SELECT c FROM sbtest6 WHERE id BETWEEN 6003449 AND 6013448 ORDER BY c
	Sort  (cost=31530.05..31552.33 rows=8911 width=121)
	  Sort Key: c
	  ->  Bitmap Heap Scan on sbtest6  (cost=191.77..30945.43 rows=8911 width=121)
	        Recheck Cond: ((id >= 6003449) AND (id <= 6013448))
	        ->  Bitmap Index Scan on sbtest6_pkey  (cost=0.00..189.55 rows=8911 width=0)
	              Index Cond: ((id >= 6003449) AND (id <= 6013448))

table 7 : explain SELECT c FROM sbtest7 WHERE id BETWEEN 8337299 AND 8347298 ORDER BY c
	Sort  (cost=33749.67..33773.67 rows=9598 width=121)
	  Sort Key: c
	  ->  Bitmap Heap Scan on sbtest7  (cost=206.81..33114.83 rows=9598 width=121)
	        Recheck Cond: ((id >= 8337299) AND (id <= 8347298))
	        ->  Bitmap Index Scan on sbtest7_pkey  (cost=0.00..204.42 rows=9598 width=0)
	              Index Cond: ((id >= 8337299) AND (id <= 8347298))

table 8 : explain SELECT c FROM sbtest8 WHERE id BETWEEN 8103280 AND 8113279 ORDER BY c
	Sort  (cost=36970.02..36996.53 rows=10605 width=121)
	  Sort Key: c
	  ->  Bitmap Heap Scan on sbtest8  (cost=229.14..36260.94 rows=10605 width=121)
	        Recheck Cond: ((id >= 8103280) AND (id <= 8113279))
	        ->  Bitmap Index Scan on sbtest8_pkey  (cost=0.00..226.49 rows=10605 width=0)
	              Index Cond: ((id >= 8103280) AND (id <= 8113279))

for: order_ranges
table 1 : explain SELECT c FROM sbtest1 WHERE id BETWEEN 9877932 AND 9887931 ORDER BY c
	Sort  (cost=35986.94..36012.69 rows=10300 width=121)
	  Sort Key: c
	  ->  Bitmap Heap Scan on sbtest1  (cost=222.01..35300.43 rows=10300 width=121)
	        Recheck Cond: ((id >= 9877932) AND (id <= 9887931))
	        ->  Bitmap Index Scan on sbtest1_pkey  (cost=0.00..219.44 rows=10300 width=0)
	              Index Cond: ((id >= 9877932) AND (id <= 9887931))

table 2 : explain SELECT c FROM sbtest2 WHERE id BETWEEN 4624852 AND 4634851 ORDER BY c
	Sort  (cost=38132.86..38160.27 rows=10965 width=121)
	  Sort Key: c
	  ->  Bitmap Heap Scan on sbtest2  (cost=240.83..37397.07 rows=10965 width=121)
	        Recheck Cond: ((id >= 4624852) AND (id <= 4634851))
	        ->  Bitmap Index Scan on sbtest2_pkey  (cost=0.00..238.09 rows=10965 width=0)
	              Index Cond: ((id >= 4624852) AND (id <= 4634851))

table 3 : explain SELECT c FROM sbtest3 WHERE id BETWEEN 107081 AND 117080 ORDER BY c
	Sort  (cost=35590.19..35615.65 rows=10185 width=121)
	  Sort Key: c
	  ->  Bitmap Heap Scan on sbtest3  (cost=220.83..34912.16 rows=10185 width=121)
	        Recheck Cond: ((id >= 107081) AND (id <= 117080))
	        ->  Bitmap Index Scan on sbtest3_pkey  (cost=0.00..218.29 rows=10185 width=0)
	              Index Cond: ((id >= 107081) AND (id <= 117080))

table 4 : explain SELECT c FROM sbtest4 WHERE id BETWEEN 7179507 AND 7189506 ORDER BY c
	Sort  (cost=34750.46..34775.24 rows=9913 width=121)
	  Sort Key: c
	  ->  Bitmap Heap Scan on sbtest4  (cost=214.04..34092.48 rows=9913 width=121)
	        Recheck Cond: ((id >= 7179507) AND (id <= 7189506))
	        ->  Bitmap Index Scan on sbtest4_pkey  (cost=0.00..211.56 rows=9913 width=0)
	              Index Cond: ((id >= 7179507) AND (id <= 7189506))

table 5 : explain SELECT c FROM sbtest5 WHERE id BETWEEN 306972 AND 316971 ORDER BY c
	Sort  (cost=34438.54..34463.04 rows=9802 width=121)
	  Sort Key: c
	  ->  Bitmap Heap Scan on sbtest5  (cost=220.91..33788.72 rows=9802 width=121)
	        Recheck Cond: ((id >= 306972) AND (id <= 316971))
	        ->  Bitmap Index Scan on sbtest5_pkey  (cost=0.00..218.45 rows=9802 width=0)
	              Index Cond: ((id >= 306972) AND (id <= 316971))

table 6 : explain SELECT c FROM sbtest6 WHERE id BETWEEN 6712984 AND 6722983 ORDER BY c
	Sort  (cost=35441.68..35467.00 rows=10126 width=121)
	  Sort Key: c
	  ->  Bitmap Heap Scan on sbtest6  (cost=220.23..34768.01 rows=10126 width=121)
	        Recheck Cond: ((id >= 6712984) AND (id <= 6722983))
	        ->  Bitmap Index Scan on sbtest6_pkey  (cost=0.00..217.69 rows=10126 width=0)
	              Index Cond: ((id >= 6712984) AND (id <= 6722983))

table 7 : explain SELECT c FROM sbtest7 WHERE id BETWEEN 6568254 AND 6578253 ORDER BY c
	Sort  (cost=37133.10..37159.75 rows=10660 width=121)
	  Sort Key: c
	  ->  Bitmap Heap Scan on sbtest7  (cost=229.70..36419.95 rows=10660 width=121)
	        Recheck Cond: ((id >= 6568254) AND (id <= 6578253))
	        ->  Bitmap Index Scan on sbtest7_pkey  (cost=0.00..227.04 rows=10660 width=0)
	              Index Cond: ((id >= 6568254) AND (id <= 6578253))

table 8 : explain SELECT c FROM sbtest8 WHERE id BETWEEN 8992480 AND 9002479 ORDER BY c
	Sort  (cost=35459.54..35484.86 rows=10129 width=121)
	  Sort Key: c
	  ->  Bitmap Heap Scan on sbtest8  (cost=220.26..34785.65 rows=10129 width=121)
	        Recheck Cond: ((id >= 8992480) AND (id <= 9002479))
	        ->  Bitmap Index Scan on sbtest8_pkey  (cost=0.00..217.73 rows=10129 width=0)
	              Index Cond: ((id >= 8992480) AND (id <= 9002479))

for: order_ranges
table 1 : explain SELECT c FROM sbtest1 WHERE id BETWEEN 9787067 AND 9797066 ORDER BY c
	Sort  (cost=30684.06..30705.69 rows=8653 width=121)
	  Sort Key: c
	  ->  Bitmap Heap Scan on sbtest1  (cost=185.13..30118.20 rows=8653 width=121)
	        Recheck Cond: ((id >= 9787067) AND (id <= 9797066))
	        ->  Bitmap Index Scan on sbtest1_pkey  (cost=0.00..182.97 rows=8653 width=0)
	              Index Cond: ((id >= 9787067) AND (id <= 9797066))

table 2 : explain SELECT c FROM sbtest2 WHERE id BETWEEN 4233632 AND 4243631 ORDER BY c
	Sort  (cost=35198.86..35223.96 rows=10041 width=121)
	  Sort Key: c
	  ->  Bitmap Heap Scan on sbtest2  (cost=219.36..34531.46 rows=10041 width=121)
	        Recheck Cond: ((id >= 4233632) AND (id <= 4243631))
	        ->  Bitmap Index Scan on sbtest2_pkey  (cost=0.00..216.84 rows=10041 width=0)
	              Index Cond: ((id >= 4233632) AND (id <= 4243631))

table 3 : explain SELECT c FROM sbtest3 WHERE id BETWEEN 7834796 AND 7844795 ORDER BY c
	Sort  (cost=35087.79..35112.86 rows=10028 width=121)
	  Sort Key: c
	  ->  Bitmap Heap Scan on sbtest3  (cost=215.22..34421.34 rows=10028 width=121)
	        Recheck Cond: ((id >= 7834796) AND (id <= 7844795))
	        ->  Bitmap Index Scan on sbtest3_pkey  (cost=0.00..212.72 rows=10028 width=0)
	              Index Cond: ((id >= 7834796) AND (id <= 7844795))

table 4 : explain SELECT c FROM sbtest4 WHERE id BETWEEN 6077603 AND 6087602 ORDER BY c
	Sort  (cost=38305.70..38333.29 rows=11035 width=121)
	  Sort Key: c
	  ->  Bitmap Heap Scan on sbtest4  (cost=237.54..37564.72 rows=11035 width=121)
	        Recheck Cond: ((id >= 6077603) AND (id <= 6087602))
	        ->  Bitmap Index Scan on sbtest4_pkey  (cost=0.00..234.79 rows=11035 width=0)
	              Index Cond: ((id >= 6077603) AND (id <= 6087602))

table 5 : explain SELECT c FROM sbtest5 WHERE id BETWEEN 4477851 AND 4487850 ORDER BY c
	Sort  (cost=32017.93..32040.56 rows=9051 width=121)
	  Sort Key: c
	  ->  Bitmap Heap Scan on sbtest5  (cost=205.21..31423.10 rows=9051 width=121)
	        Recheck Cond: ((id >= 4477851) AND (id <= 4487850))
	        ->  Bitmap Index Scan on sbtest5_pkey  (cost=0.00..202.94 rows=9051 width=0)
	              Index Cond: ((id >= 4477851) AND (id <= 4487850))

table 6 : explain SELECT c FROM sbtest6 WHERE id BETWEEN 2162123 AND 2172122 ORDER BY c
	Sort  (cost=36110.58..36136.42 rows=10337 width=121)
	  Sort Key: c
	  ->  Bitmap Heap Scan on sbtest6  (cost=222.39..35421.33 rows=10337 width=121)
	        Recheck Cond: ((id >= 2162123) AND (id <= 2172122))
	        ->  Bitmap Index Scan on sbtest6_pkey  (cost=0.00..219.81 rows=10337 width=0)
	              Index Cond: ((id >= 2162123) AND (id <= 2172122))

table 7 : explain SELECT c FROM sbtest7 WHERE id BETWEEN 1430204 AND 1440203 ORDER BY c
	Sort  (cost=33815.77..33839.82 rows=9619 width=121)
	  Sort Key: c
	  ->  Bitmap Heap Scan on sbtest7  (cost=207.03..33179.39 rows=9619 width=121)
	        Recheck Cond: ((id >= 1430204) AND (id <= 1440203))
	        ->  Bitmap Index Scan on sbtest7_pkey  (cost=0.00..204.62 rows=9619 width=0)
	              Index Cond: ((id >= 1430204) AND (id <= 1440203))

table 8 : explain SELECT c FROM sbtest8 WHERE id BETWEEN 1586763 AND 1596762 ORDER BY c
	Sort  (cost=34105.66..34129.92 rows=9705 width=121)
	  Sort Key: c
	  ->  Bitmap Heap Scan on sbtest8  (cost=211.91..33462.97 rows=9705 width=121)
	        Recheck Cond: ((id >= 1586763) AND (id <= 1596762))
	        ->  Bitmap Index Scan on sbtest8_pkey  (cost=0.00..209.49 rows=9705 width=0)
	              Index Cond: ((id >= 1586763) AND (id <= 1596762))

for point_selects
table 1 : explain SELECT c FROM sbtest1 WHERE id=6754066
	Index Scan using sbtest1_pkey on sbtest1  (cost=0.43..8.45 rows=1 width=121)
	  Index Cond: (id = 6754066)

table 2 : explain SELECT c FROM sbtest2 WHERE id=7542127
	Index Scan using sbtest2_pkey on sbtest2  (cost=0.43..8.45 rows=1 width=121)
	  Index Cond: (id = 7542127)

table 3 : explain SELECT c FROM sbtest3 WHERE id=5206851
	Index Scan using sbtest3_pkey on sbtest3  (cost=0.43..8.45 rows=1 width=121)
	  Index Cond: (id = 5206851)

table 4 : explain SELECT c FROM sbtest4 WHERE id=5730694
	Index Scan using sbtest4_pkey on sbtest4  (cost=0.43..8.45 rows=1 width=121)
	  Index Cond: (id = 5730694)

table 5 : explain SELECT c FROM sbtest5 WHERE id=492992
	Index Scan using sbtest5_pkey on sbtest5  (cost=0.43..8.45 rows=1 width=121)
	  Index Cond: (id = 492992)

table 6 : explain SELECT c FROM sbtest6 WHERE id=6518299
	Index Scan using sbtest6_pkey on sbtest6  (cost=0.43..8.45 rows=1 width=121)
	  Index Cond: (id = 6518299)

table 7 : explain SELECT c FROM sbtest7 WHERE id=6308699
	Index Scan using sbtest7_pkey on sbtest7  (cost=0.43..8.45 rows=1 width=121)
	  Index Cond: (id = 6308699)

table 8 : explain SELECT c FROM sbtest8 WHERE id=9121175
	Index Scan using sbtest8_pkey on sbtest8  (cost=0.43..8.45 rows=1 width=121)
	  Index Cond: (id = 9121175)

for: order_ranges
table 1 : explain SELECT c FROM sbtest1 WHERE id BETWEEN 7011212 AND 7021211 ORDER BY c
	Sort  (cost=36052.47..36078.27 rows=10321 width=121)
	  Sort Key: c
	  ->  Bitmap Heap Scan on sbtest1  (cost=222.23..35364.41 rows=10321 width=121)
	        Recheck Cond: ((id >= 7011212) AND (id <= 7021211))
	        ->  Bitmap Index Scan on sbtest1_pkey  (cost=0.00..219.65 rows=10321 width=0)
	              Index Cond: ((id >= 7011212) AND (id <= 7021211))

table 2 : explain SELECT c FROM sbtest2 WHERE id BETWEEN 605217 AND 615216 ORDER BY c
	Sort  (cost=35695.15..35720.64 rows=10197 width=121)
	  Sort Key: c
	  ->  Bitmap Heap Scan on sbtest2  (cost=220.95..35016.24 rows=10197 width=121)
	        Recheck Cond: ((id >= 605217) AND (id <= 615216))
	        ->  Bitmap Index Scan on sbtest2_pkey  (cost=0.00..218.41 rows=10197 width=0)
	              Index Cond: ((id >= 605217) AND (id <= 615216))

table 3 : explain SELECT c FROM sbtest3 WHERE id BETWEEN 3047357 AND 3057356 ORDER BY c
	Sort  (cost=42141.93..42172.63 rows=12280 width=121)
	  Sort Key: c
	  ->  Bitmap Heap Scan on sbtest3  (cost=262.31..41307.87 rows=12280 width=121)
	        Recheck Cond: ((id >= 3047357) AND (id <= 3057356))
	        ->  Bitmap Index Scan on sbtest3_pkey  (cost=0.00..259.24 rows=12280 width=0)
	              Index Cond: ((id >= 3047357) AND (id <= 3057356))

table 4 : explain SELECT c FROM sbtest4 WHERE id BETWEEN 5622522 AND 5632521 ORDER BY c
	Sort  (cost=34757.03..34781.82 rows=9915 width=121)
	  Sort Key: c
	  ->  Bitmap Heap Scan on sbtest4  (cost=214.06..34098.90 rows=9915 width=121)
	        Recheck Cond: ((id >= 5622522) AND (id <= 5632521))
	        ->  Bitmap Index Scan on sbtest4_pkey  (cost=0.00..211.59 rows=9915 width=0)
	              Index Cond: ((id >= 5622522) AND (id <= 5632521))

table 5 : explain SELECT c FROM sbtest5 WHERE id BETWEEN 8315822 AND 8325821 ORDER BY c
	Sort  (cost=33171.24..33194.76 rows=9407 width=121)
	  Sort Key: c
	  ->  Bitmap Heap Scan on sbtest5  (cost=212.86..32550.40 rows=9407 width=121)
	        Recheck Cond: ((id >= 8315822) AND (id <= 8325821))
	        ->  Bitmap Index Scan on sbtest5_pkey  (cost=0.00..210.50 rows=9407 width=0)
	              Index Cond: ((id >= 8315822) AND (id <= 8325821))

table 6 : explain SELECT c FROM sbtest6 WHERE id BETWEEN 4714937 AND 4724936 ORDER BY c
	Sort  (cost=34002.52..34026.71 rows=9676 width=121)
	  Sort Key: c
	  ->  Bitmap Heap Scan on sbtest6  (cost=211.61..33361.96 rows=9676 width=121)
	        Recheck Cond: ((id >= 4714937) AND (id <= 4724936))
	        ->  Bitmap Index Scan on sbtest6_pkey  (cost=0.00..209.19 rows=9676 width=0)
	              Index Cond: ((id >= 4714937) AND (id <= 4724936))

table 7 : explain SELECT c FROM sbtest7 WHERE id BETWEEN 6702734 AND 6712733 ORDER BY c
	Sort  (cost=36646.60..36672.86 rows=10506 width=121)
	  Sort Key: c
	  ->  Bitmap Heap Scan on sbtest7  (cost=228.12..35944.85 rows=10506 width=121)
	        Recheck Cond: ((id >= 6702734) AND (id <= 6712733))
	        ->  Bitmap Index Scan on sbtest7_pkey  (cost=0.00..225.50 rows=10506 width=0)
	              Index Cond: ((id >= 6702734) AND (id <= 6712733))

table 8 : explain SELECT c FROM sbtest8 WHERE id BETWEEN 2224791 AND 2234790 ORDER BY c
	Sort  (cost=34867.05..34891.91 rows=9944 width=121)
	  Sort Key: c
	  ->  Bitmap Heap Scan on sbtest8  (cost=214.36..34206.79 rows=9944 width=121)
	        Recheck Cond: ((id >= 2224791) AND (id <= 2234790))
	        ->  Bitmap Index Scan on sbtest8_pkey  (cost=0.00..211.88 rows=9944 width=0)
	              Index Cond: ((id >= 2224791) AND (id <= 2234790))

for: simple_ranges
table 1 : explain SELECT c FROM sbtest1 WHERE id BETWEEN 1822071 AND 1832070
	Bitmap Heap Scan on sbtest1  (cost=215.37..34495.41 rows=10042 width=121)
	  Recheck Cond: ((id >= 1822071) AND (id <= 1832070))
	  ->  Bitmap Index Scan on sbtest1_pkey  (cost=0.00..212.86 rows=10042 width=0)
	        Index Cond: ((id >= 1822071) AND (id <= 1832070))

table 2 : explain SELECT c FROM sbtest2 WHERE id BETWEEN 6638140 AND 6648139
	Bitmap Heap Scan on sbtest2  (cost=221.08..35051.54 rows=10209 width=121)
	  Recheck Cond: ((id >= 6638140) AND (id <= 6648139))
	  ->  Bitmap Index Scan on sbtest2_pkey  (cost=0.00..218.53 rows=10209 width=0)
	        Index Cond: ((id >= 6638140) AND (id <= 6648139))

table 3 : explain SELECT c FROM sbtest3 WHERE id BETWEEN 6281514 AND 6291513
	Bitmap Heap Scan on sbtest3  (cost=222.74..35484.27 rows=10371 width=121)
	  Recheck Cond: ((id >= 6281514) AND (id <= 6291513))
	  ->  Bitmap Index Scan on sbtest3_pkey  (cost=0.00..220.15 rows=10371 width=0)
	        Index Cond: ((id >= 6281514) AND (id <= 6291513))

table 4 : explain SELECT c FROM sbtest4 WHERE id BETWEEN 4178566 AND 4188565
	Bitmap Heap Scan on sbtest4  (cost=221.88..35257.31 rows=10287 width=121)
	  Recheck Cond: ((id >= 4178566) AND (id <= 4188565))
	  ->  Bitmap Index Scan on sbtest4_pkey  (cost=0.00..219.31 rows=10287 width=0)
	        Index Cond: ((id >= 4178566) AND (id <= 4188565))

table 5 : explain SELECT c FROM sbtest5 WHERE id BETWEEN 9086164 AND 9096163
	Bitmap Heap Scan on sbtest5  (cost=200.28..31132.57 rows=8960 width=121)
	  Recheck Cond: ((id >= 9086164) AND (id <= 9096163))
	  ->  Bitmap Index Scan on sbtest5_pkey  (cost=0.00..198.04 rows=8960 width=0)
	        Index Cond: ((id >= 9086164) AND (id <= 9096163))

table 6 : explain SELECT c FROM sbtest6 WHERE id BETWEEN 3767025 AND 3777024
	Bitmap Heap Scan on sbtest6  (cost=206.18..32919.00 rows=9536 width=121)
	  Recheck Cond: ((id >= 3767025) AND (id <= 3777024))
	  ->  Bitmap Index Scan on sbtest6_pkey  (cost=0.00..203.80 rows=9536 width=0)
	        Index Cond: ((id >= 3767025) AND (id <= 3777024))

table 7 : explain SELECT c FROM sbtest7 WHERE id BETWEEN 8593293 AND 8603292
	Bitmap Heap Scan on sbtest7  (cost=229.29..36295.69 rows=10620 width=121)
	  Recheck Cond: ((id >= 8593293) AND (id <= 8603292))
	  ->  Bitmap Index Scan on sbtest7_pkey  (cost=0.00..226.63 rows=10620 width=0)
	        Index Cond: ((id >= 8593293) AND (id <= 8603292))

table 8 : explain SELECT c FROM sbtest8 WHERE id BETWEEN 5687559 AND 5697558
	Bitmap Heap Scan on sbtest8  (cost=215.17..34451.04 rows=10023 width=121)
	  Recheck Cond: ((id >= 5687559) AND (id <= 5697558))
	  ->  Bitmap Index Scan on sbtest8_pkey  (cost=0.00..212.67 rows=10023 width=0)
	        Index Cond: ((id >= 5687559) AND (id <= 5697558))

for point_selects
table 1 : explain SELECT c FROM sbtest1 WHERE id=2392445
	Index Scan using sbtest1_pkey on sbtest1  (cost=0.43..8.45 rows=1 width=121)
	  Index Cond: (id = 2392445)

table 2 : explain SELECT c FROM sbtest2 WHERE id=1350661
	Index Scan using sbtest2_pkey on sbtest2  (cost=0.43..8.45 rows=1 width=121)
	  Index Cond: (id = 1350661)

table 3 : explain SELECT c FROM sbtest3 WHERE id=140340
	Index Scan using sbtest3_pkey on sbtest3  (cost=0.43..8.45 rows=1 width=121)
	  Index Cond: (id = 140340)

table 4 : explain SELECT c FROM sbtest4 WHERE id=9386384
	Index Scan using sbtest4_pkey on sbtest4  (cost=0.43..8.45 rows=1 width=121)
	  Index Cond: (id = 9386384)

table 5 : explain SELECT c FROM sbtest5 WHERE id=1917762
	Index Scan using sbtest5_pkey on sbtest5  (cost=0.43..8.45 rows=1 width=121)
	  Index Cond: (id = 1917762)

table 6 : explain SELECT c FROM sbtest6 WHERE id=9238354
	Index Scan using sbtest6_pkey on sbtest6  (cost=0.43..8.45 rows=1 width=121)
	  Index Cond: (id = 9238354)

table 7 : explain SELECT c FROM sbtest7 WHERE id=6633620
	Index Scan using sbtest7_pkey on sbtest7  (cost=0.43..8.45 rows=1 width=121)
	  Index Cond: (id = 6633620)

table 8 : explain SELECT c FROM sbtest8 WHERE id=1017371
	Index Scan using sbtest8_pkey on sbtest8  (cost=0.43..8.45 rows=1 width=121)
	  Index Cond: (id = 1017371)

for: sum_ranges
table 1 : explain SELECT SUM(k) FROM sbtest1 WHERE id BETWEEN 5299105 AND 5309104
	Aggregate  (cost=33602.66..33602.67 rows=1 width=8)
	  ->  Bitmap Heap Scan on sbtest1  (cost=208.35..33578.29 rows=9748 width=4)
	        Recheck Cond: ((id >= 5299105) AND (id <= 5309104))
	        ->  Bitmap Index Scan on sbtest1_pkey  (cost=0.00..205.92 rows=9748 width=0)
	              Index Cond: ((id >= 5299105) AND (id <= 5309104))

table 2 : explain SELECT SUM(k) FROM sbtest2 WHERE id BETWEEN 2096044 AND 2106043
	Aggregate  (cost=33230.46..33230.47 rows=1 width=8)
	  ->  Bitmap Heap Scan on sbtest2  (cost=211.02..33206.41 rows=9618 width=4)
	        Recheck Cond: ((id >= 2096044) AND (id <= 2106043))
	        ->  Bitmap Index Scan on sbtest2_pkey  (cost=0.00..208.62 rows=9618 width=0)
	              Index Cond: ((id >= 2096044) AND (id <= 2106043))

table 3 : explain SELECT SUM(k) FROM sbtest3 WHERE id BETWEEN 7736606 AND 7746605
	Aggregate  (cost=31451.73..31451.74 rows=1 width=8)
	  ->  Bitmap Heap Scan on sbtest3  (cost=193.44..31429.05 rows=9074 width=4)
	        Recheck Cond: ((id >= 7736606) AND (id <= 7746605))
	        ->  Bitmap Index Scan on sbtest3_pkey  (cost=0.00..191.18 rows=9074 width=0)
	              Index Cond: ((id >= 7736606) AND (id <= 7746605))

table 4 : explain SELECT SUM(k) FROM sbtest4 WHERE id BETWEEN 1354617 AND 1364616
	Aggregate  (cost=34197.67..34197.68 rows=1 width=8)
	  ->  Bitmap Heap Scan on sbtest4  (cost=214.31..34172.82 rows=9939 width=4)
	        Recheck Cond: ((id >= 1354617) AND (id <= 1364616))
	        ->  Bitmap Index Scan on sbtest4_pkey  (cost=0.00..211.82 rows=9939 width=0)
	              Index Cond: ((id >= 1354617) AND (id <= 1364616))

table 5 : explain SELECT SUM(k) FROM sbtest5 WHERE id BETWEEN 7812489 AND 7822488
	Aggregate  (cost=36193.86..36193.87 rows=1 width=8)
	  ->  Bitmap Heap Scan on sbtest5  (cost=236.74..36167.44 rows=10566 width=4)
	        Recheck Cond: ((id >= 7812489) AND (id <= 7822488))
	        ->  Bitmap Index Scan on sbtest5_pkey  (cost=0.00..234.09 rows=10566 width=0)
	              Index Cond: ((id >= 7812489) AND (id <= 7822488))

table 6 : explain SELECT SUM(k) FROM sbtest6 WHERE id BETWEEN 4016355 AND 4026354
	Aggregate  (cost=32424.97..32424.98 rows=1 width=8)
	  ->  Bitmap Heap Scan on sbtest6  (cost=204.48..32401.55 rows=9370 width=4)
	        Recheck Cond: ((id >= 4016355) AND (id <= 4026354))
	        ->  Bitmap Index Scan on sbtest6_pkey  (cost=0.00..202.13 rows=9370 width=0)
	              Index Cond: ((id >= 4016355) AND (id <= 4026354))

table 7 : explain SELECT SUM(k) FROM sbtest7 WHERE id BETWEEN 416416 AND 426415
	Aggregate  (cost=34524.84..34524.85 rows=1 width=8)
	  ->  Bitmap Heap Scan on sbtest7  (cost=215.37..34499.73 rows=10042 width=4)
	        Recheck Cond: ((id >= 416416) AND (id <= 426415))
	        ->  Bitmap Index Scan on sbtest7_pkey  (cost=0.00..212.86 rows=10042 width=0)
	              Index Cond: ((id >= 416416) AND (id <= 426415))

table 8 : explain SELECT SUM(k) FROM sbtest8 WHERE id BETWEEN 6359089 AND 6369088
	Aggregate  (cost=36233.18..36233.19 rows=1 width=8)
	  ->  Bitmap Heap Scan on sbtest8  (cost=228.95..36206.71 rows=10587 width=4)
	        Recheck Cond: ((id >= 6359089) AND (id <= 6369088))
	        ->  Bitmap Index Scan on sbtest8_pkey  (cost=0.00..226.31 rows=10587 width=0)
	              Index Cond: ((id >= 6359089) AND (id <= 6369088))

for: simple_ranges
table 1 : explain SELECT c FROM sbtest1 WHERE id BETWEEN 5476280 AND 5486279
	Bitmap Heap Scan on sbtest1  (cost=193.34..31425.41 rows=9064 width=121)
	  Recheck Cond: ((id >= 5476280) AND (id <= 5486279))
	  ->  Bitmap Index Scan on sbtest1_pkey  (cost=0.00..191.07 rows=9064 width=0)
	        Index Cond: ((id >= 5476280) AND (id <= 5486279))

table 2 : explain SELECT c FROM sbtest2 WHERE id BETWEEN 8759121 AND 8769120
	Bitmap Heap Scan on sbtest2  (cost=233.86..36504.95 rows=10676 width=121)
	  Recheck Cond: ((id >= 8759121) AND (id <= 8769120))
	  ->  Bitmap Index Scan on sbtest2_pkey  (cost=0.00..231.19 rows=10676 width=0)
	        Index Cond: ((id >= 8759121) AND (id <= 8769120))

table 3 : explain SELECT c FROM sbtest3 WHERE id BETWEEN 8223779 AND 8233778
	Bitmap Heap Scan on sbtest3  (cost=205.41..32650.97 rows=9461 width=121)
	  Recheck Cond: ((id >= 8223779) AND (id <= 8233778))
	  ->  Bitmap Index Scan on sbtest3_pkey  (cost=0.00..203.05 rows=9461 width=0)
	        Index Cond: ((id >= 8223779) AND (id <= 8233778))

table 4 : explain SELECT c FROM sbtest4 WHERE id BETWEEN 6271844 AND 6281843
	Bitmap Heap Scan on sbtest4  (cost=216.96..34978.02 rows=10198 width=121)
	  Recheck Cond: ((id >= 6271844) AND (id <= 6281843))
	  ->  Bitmap Index Scan on sbtest4_pkey  (cost=0.00..214.42 rows=10198 width=0)
	        Index Cond: ((id >= 6271844) AND (id <= 6281843))

table 5 : explain SELECT c FROM sbtest5 WHERE id BETWEEN 9526403 AND 9536402
	Bitmap Heap Scan on sbtest5  (cost=228.66..34934.33 rows=10168 width=121)
	  Recheck Cond: ((id >= 9526403) AND (id <= 9536402))
	  ->  Bitmap Index Scan on sbtest5_pkey  (cost=0.00..226.12 rows=10168 width=0)
	        Index Cond: ((id >= 9526403) AND (id <= 9536402))

table 6 : explain SELECT c FROM sbtest6 WHERE id BETWEEN 4163755 AND 4173754
	Bitmap Heap Scan on sbtest6  (cost=212.79..33719.67 rows=9791 width=121)
	  Recheck Cond: ((id >= 4163755) AND (id <= 4173754))
	  ->  Bitmap Index Scan on sbtest6_pkey  (cost=0.00..210.34 rows=9791 width=0)
	        Index Cond: ((id >= 4163755) AND (id <= 4173754))

table 7 : explain SELECT c FROM sbtest7 WHERE id BETWEEN 1371919 AND 1381918
	Bitmap Heap Scan on sbtest7  (cost=206.35..32972.78 rows=9553 width=121)
	  Recheck Cond: ((id >= 1371919) AND (id <= 1381918))
	  ->  Bitmap Index Scan on sbtest7_pkey  (cost=0.00..203.97 rows=9553 width=0)
	        Index Cond: ((id >= 1371919) AND (id <= 1381918))

table 8 : explain SELECT c FROM sbtest8 WHERE id BETWEEN 1214510 AND 1224509
	Bitmap Heap Scan on sbtest8  (cost=199.12..31989.81 rows=9238 width=121)
	  Recheck Cond: ((id >= 1214510) AND (id <= 1224509))
	  ->  Bitmap Index Scan on sbtest8_pkey  (cost=0.00..196.81 rows=9238 width=0)
	        Index Cond: ((id >= 1214510) AND (id <= 1224509))

for: sum_ranges
table 1 : explain SELECT SUM(k) FROM sbtest1 WHERE id BETWEEN 3098821 AND 3108820
	Aggregate  (cost=34735.61..34735.62 rows=1 width=8)
	  ->  Bitmap Heap Scan on sbtest1  (cost=216.07..34710.33 rows=10111 width=4)
	        Recheck Cond: ((id >= 3098821) AND (id <= 3108820))
	        ->  Bitmap Index Scan on sbtest1_pkey  (cost=0.00..213.55 rows=10111 width=0)
	              Index Cond: ((id >= 3098821) AND (id <= 3108820))

table 2 : explain SELECT SUM(k) FROM sbtest2 WHERE id BETWEEN 5822037 AND 5832036
	Aggregate  (cost=36716.67..36716.68 rows=1 width=8)
	  ->  Bitmap Heap Scan on sbtest2  (cost=234.48..36689.83 rows=10736 width=4)
	        Recheck Cond: ((id >= 5822037) AND (id <= 5832036))
	        ->  Bitmap Index Scan on sbtest2_pkey  (cost=0.00..231.80 rows=10736 width=0)
	              Index Cond: ((id >= 5822037) AND (id <= 5832036))

table 3 : explain SELECT SUM(k) FROM sbtest3 WHERE id BETWEEN 5524048 AND 5534047
	Aggregate  (cost=32794.16..32794.17 rows=1 width=8)
	  ->  Bitmap Heap Scan on sbtest3  (cost=205.80..32770.41 rows=9499 width=4)
	        Recheck Cond: ((id >= 5524048) AND (id <= 5534047))
	        ->  Bitmap Index Scan on sbtest3_pkey  (cost=0.00..203.43 rows=9499 width=0)
	              Index Cond: ((id >= 5524048) AND (id <= 5534047))

table 4 : explain SELECT SUM(k) FROM sbtest4 WHERE id BETWEEN 7049526 AND 7059525
	Aggregate  (cost=33343.25..33343.26 rows=1 width=8)
	  ->  Bitmap Heap Scan on sbtest4  (cost=207.51..33319.08 rows=9666 width=4)
	        Recheck Cond: ((id >= 7049526) AND (id <= 7059525))
	        ->  Bitmap Index Scan on sbtest4_pkey  (cost=0.00..205.09 rows=9666 width=0)
	              Index Cond: ((id >= 7049526) AND (id <= 7059525))

table 5 : explain SELECT SUM(k) FROM sbtest5 WHERE id BETWEEN 9584010 AND 9594009
	Aggregate  (cost=34959.75..34959.76 rows=1 width=8)
	  ->  Bitmap Heap Scan on sbtest5  (cost=228.66..34934.33 rows=10168 width=4)
	        Recheck Cond: ((id >= 9584010) AND (id <= 9594009))
	        ->  Bitmap Index Scan on sbtest5_pkey  (cost=0.00..226.12 rows=10168 width=0)
	              Index Cond: ((id >= 9584010) AND (id <= 9594009))

table 6 : explain SELECT SUM(k) FROM sbtest6 WHERE id BETWEEN 4337540 AND 4347539
	Aggregate  (cost=33621.63..33621.64 rows=1 width=8)
	  ->  Bitmap Heap Scan on sbtest6  (cost=212.38..33597.25 rows=9751 width=4)
	        Recheck Cond: ((id >= 4337540) AND (id <= 4347539))
	        ->  Bitmap Index Scan on sbtest6_pkey  (cost=0.00..209.94 rows=9751 width=0)
	              Index Cond: ((id >= 4337540) AND (id <= 4347539))

table 7 : explain SELECT SUM(k) FROM sbtest7 WHERE id BETWEEN 3930181 AND 3940180
	Aggregate  (cost=35010.25..35010.26 rows=1 width=8)
	  ->  Bitmap Heap Scan on sbtest7  (cost=220.95..34984.76 rows=10197 width=4)
	        Recheck Cond: ((id >= 3930181) AND (id <= 3940180))
	        ->  Bitmap Index Scan on sbtest7_pkey  (cost=0.00..218.41 rows=10197 width=0)
	              Index Cond: ((id >= 3930181) AND (id <= 3940180))

table 8 : explain SELECT SUM(k) FROM sbtest8 WHERE id BETWEEN 4675889 AND 4685888
	Aggregate  (cost=34888.01..34888.02 rows=1 width=8)
	  ->  Bitmap Heap Scan on sbtest8  (cost=220.51..34862.63 rows=10154 width=4)
	        Recheck Cond: ((id >= 4675889) AND (id <= 4685888))
	        ->  Bitmap Index Scan on sbtest8_pkey  (cost=0.00..217.98 rows=10154 width=0)
	              Index Cond: ((id >= 4675889) AND (id <= 4685888))

explain: for point_selects :: explain SELECT c FROM sbtest%u WHERE id=%u
for: distinct_ranges
table 1 : explain SELECT DISTINCT c FROM sbtest1 WHERE id BETWEEN 5900577 AND 5910576 ORDER BY c
	Unique  (cost=38933.48..38989.66 rows=11235 width=121)
	  ->  Sort  (cost=38933.48..38961.57 rows=11235 width=121)
	        Sort Key: c
	        ->  Bitmap Heap Scan on sbtest1  (cost=239.59..38177.61 rows=11235 width=121)
	              Recheck Cond: ((id >= 5900577) AND (id <= 5910576))
	              ->  Bitmap Index Scan on sbtest1_pkey  (cost=0.00..236.79 rows=11235 width=0)
	                    Index Cond: ((id >= 5900577) AND (id <= 5910576))

table 2 : explain SELECT DISTINCT c FROM sbtest2 WHERE id BETWEEN 1938556 AND 1948555 ORDER BY c
	Unique  (cost=35501.34..35552.02 rows=10136 width=121)
	  ->  Sort  (cost=35501.34..35526.68 rows=10136 width=121)
	        Sort Key: c
	        ->  Bitmap Heap Scan on sbtest2  (cost=220.33..34826.93 rows=10136 width=121)
	              Recheck Cond: ((id >= 1938556) AND (id <= 1948555))
	              ->  Bitmap Index Scan on sbtest2_pkey  (cost=0.00..217.80 rows=10136 width=0)
	                    Index Cond: ((id >= 1938556) AND (id <= 1948555))

table 3 : explain SELECT DISTINCT c FROM sbtest3 WHERE id BETWEEN 6350786 AND 6360785 ORDER BY c
	Unique  (cost=34057.83..34106.36 rows=9706 width=121)
	  ->  Sort  (cost=34057.83..34082.10 rows=9706 width=121)
	        Sort Key: c
	        ->  Bitmap Heap Scan on sbtest3  (cost=207.92..33415.07 rows=9706 width=121)
	              Recheck Cond: ((id >= 6350786) AND (id <= 6360785))
	              ->  Bitmap Index Scan on sbtest3_pkey  (cost=0.00..205.50 rows=9706 width=0)
	                    Index Cond: ((id >= 6350786) AND (id <= 6360785))

table 4 : explain SELECT DISTINCT c FROM sbtest4 WHERE id BETWEEN 4714564 AND 4724563 ORDER BY c
	Unique  (cost=31427.55..31471.95 rows=8881 width=121)
	  ->  Sort  (cost=31427.55..31449.75 rows=8881 width=121)
	        Sort Key: c
	        ->  Bitmap Heap Scan on sbtest4  (cost=191.47..30845.11 rows=8881 width=121)
	              Recheck Cond: ((id >= 4714564) AND (id <= 4724563))
	              ->  Bitmap Index Scan on sbtest4_pkey  (cost=0.00..189.25 rows=8881 width=0)
	                    Index Cond: ((id >= 4714564) AND (id <= 4724563))

table 5 : explain SELECT DISTINCT c FROM sbtest5 WHERE id BETWEEN 619915 AND 629914 ORDER BY c
	Unique  (cost=35558.59..35609.35 rows=10152 width=121)
	  ->  Sort  (cost=35558.59..35583.97 rows=10152 width=121)
	        Sort Key: c
	        ->  Bitmap Heap Scan on sbtest5  (cost=228.49..34883.00 rows=10152 width=121)
	              Recheck Cond: ((id >= 619915) AND (id <= 629914))
	              ->  Bitmap Index Scan on sbtest5_pkey  (cost=0.00..225.95 rows=10152 width=0)
	                    Index Cond: ((id >= 619915) AND (id <= 629914))

table 6 : explain SELECT DISTINCT c FROM sbtest6 WHERE id BETWEEN 1317063 AND 1327062 ORDER BY c
	Unique  (cost=34098.23..34146.76 rows=9706 width=121)
	  ->  Sort  (cost=34098.23..34122.49 rows=9706 width=121)
	        Sort Key: c
	        ->  Bitmap Heap Scan on sbtest6  (cost=211.92..33455.46 rows=9706 width=121)
	              Recheck Cond: ((id >= 1317063) AND (id <= 1327062))
	              ->  Bitmap Index Scan on sbtest6_pkey  (cost=0.00..209.50 rows=9706 width=0)
	                    Index Cond: ((id >= 1317063) AND (id <= 1327062))

table 7 : explain SELECT DISTINCT c FROM sbtest7 WHERE id BETWEEN 8112504 AND 8122503 ORDER BY c
	Unique  (cost=37260.36..37313.87 rows=10701 width=121)
	  ->  Sort  (cost=37260.36..37287.12 rows=10701 width=121)
	        Sort Key: c
	        ->  Bitmap Heap Scan on sbtest7  (cost=230.12..36544.17 rows=10701 width=121)
	              Recheck Cond: ((id >= 8112504) AND (id <= 8122503))
	              ->  Bitmap Index Scan on sbtest7_pkey  (cost=0.00..227.44 rows=10701 width=0)
	                    Index Cond: ((id >= 8112504) AND (id <= 8122503))

table 8 : explain SELECT DISTINCT c FROM sbtest8 WHERE id BETWEEN 2628536 AND 2638535 ORDER BY c
	Unique  (cost=36246.55..36298.43 rows=10377 width=121)
	  ->  Sort  (cost=36246.55..36272.49 rows=10377 width=121)
	        Sort Key: c
	        ->  Bitmap Heap Scan on sbtest8  (cost=222.80..35554.34 rows=10377 width=121)
	              Recheck Cond: ((id >= 2628536) AND (id <= 2638535))
	              ->  Bitmap Index Scan on sbtest8_pkey  (cost=0.00..220.20 rows=10377 width=0)
	                    Index Cond: ((id >= 2628536) AND (id <= 2638535))

for: order_ranges
table 1 : explain SELECT c FROM sbtest1 WHERE id BETWEEN 9707259 AND 9717258 ORDER BY c
	Sort  (cost=30684.06..30705.69 rows=8653 width=121)
	  Sort Key: c
	  ->  Bitmap Heap Scan on sbtest1  (cost=185.13..30118.20 rows=8653 width=121)
	        Recheck Cond: ((id >= 9707259) AND (id <= 9717258))
	        ->  Bitmap Index Scan on sbtest1_pkey  (cost=0.00..182.97 rows=8653 width=0)
	              Index Cond: ((id >= 9707259) AND (id <= 9717258))

table 2 : explain SELECT c FROM sbtest2 WHERE id BETWEEN 5326442 AND 5336441 ORDER BY c
	Sort  (cost=37689.10..37716.17 rows=10825 width=121)
	  Sort Key: c
	  ->  Bitmap Heap Scan on sbtest2  (cost=235.39..36963.72 rows=10825 width=121)
	        Recheck Cond: ((id >= 5326442) AND (id <= 5336441))
	        ->  Bitmap Index Scan on sbtest2_pkey  (cost=0.00..232.69 rows=10825 width=0)
	              Index Cond: ((id >= 5326442) AND (id <= 5336441))

table 3 : explain SELECT c FROM sbtest3 WHERE id BETWEEN 6293695 AND 6303694 ORDER BY c
	Sort  (cost=36176.02..36201.95 rows=10371 width=121)
	  Sort Key: c
	  ->  Bitmap Heap Scan on sbtest3  (cost=222.74..35484.27 rows=10371 width=121)
	        Recheck Cond: ((id >= 6293695) AND (id <= 6303694))
	        ->  Bitmap Index Scan on sbtest3_pkey  (cost=0.00..220.15 rows=10371 width=0)
	              Index Cond: ((id >= 6293695) AND (id <= 6303694))

table 4 : explain SELECT c FROM sbtest4 WHERE id BETWEEN 7455246 AND 7465245 ORDER BY c
	Sort  (cost=36113.17..36139.02 rows=10341 width=121)
	  Sort Key: c
	  ->  Bitmap Heap Scan on sbtest4  (cost=222.43..35423.63 rows=10341 width=121)
	        Recheck Cond: ((id >= 7455246) AND (id <= 7465245))
	        ->  Bitmap Index Scan on sbtest4_pkey  (cost=0.00..219.84 rows=10341 width=0)
	              Index Cond: ((id >= 7455246) AND (id <= 7465245))

table 5 : explain SELECT c FROM sbtest5 WHERE id BETWEEN 8013136 AND 8023135 ORDER BY c
	Sort  (cost=35029.05..35054.01 rows=9985 width=121)
	  Sort Key: c
	  ->  Bitmap Heap Scan on sbtest5  (cost=226.78..34365.77 rows=9985 width=121)
	        Recheck Cond: ((id >= 8013136) AND (id <= 8023135))
	        ->  Bitmap Index Scan on sbtest5_pkey  (cost=0.00..224.29 rows=9985 width=0)
	              Index Cond: ((id >= 8013136) AND (id <= 8023135))

table 6 : explain SELECT c FROM sbtest6 WHERE id BETWEEN 2984946 AND 2994945 ORDER BY c
	Sort  (cost=33258.17..33281.78 rows=9445 width=121)
	  Sort Key: c
	  ->  Bitmap Heap Scan on sbtest6  (cost=205.25..32634.54 rows=9445 width=121)
	        Recheck Cond: ((id >= 2984946) AND (id <= 2994945))
	        ->  Bitmap Index Scan on sbtest6_pkey  (cost=0.00..202.88 rows=9445 width=0)
	              Index Cond: ((id >= 2984946) AND (id <= 2994945))

table 7 : explain SELECT c FROM sbtest7 WHERE id BETWEEN 9517837 AND 9527836 ORDER BY c
	Sort  (cost=32812.53..32835.80 rows=9308 width=121)
	  Sort Key: c
	  ->  Bitmap Heap Scan on sbtest7  (cost=199.84..32198.93 rows=9308 width=121)
	        Recheck Cond: ((id >= 9517837) AND (id <= 9527836))
	        ->  Bitmap Index Scan on sbtest7_pkey  (cost=0.00..197.51 rows=9308 width=0)
	              Index Cond: ((id >= 9517837) AND (id <= 9527836))

table 8 : explain SELECT c FROM sbtest8 WHERE id BETWEEN 9404200 AND 9414199 ORDER BY c
	Sort  (cost=32578.39..32601.47 rows=9232 width=121)
	  Sort Key: c
	  ->  Bitmap Heap Scan on sbtest8  (cost=199.06..31970.35 rows=9232 width=121)
	        Recheck Cond: ((id >= 9404200) AND (id <= 9414199))
	        ->  Bitmap Index Scan on sbtest8_pkey  (cost=0.00..196.75 rows=9232 width=0)
	              Index Cond: ((id >= 9404200) AND (id <= 9414199))

for: distinct_ranges
table 1 : explain SELECT DISTINCT c FROM sbtest1 WHERE id BETWEEN 6259306 AND 6269305 ORDER BY c
	Unique  (cost=39798.06..39855.61 rows=11511 width=121)
	  ->  Sort  (cost=39798.06..39826.83 rows=11511 width=121)
	        Sort Key: c
	        ->  Bitmap Heap Scan on sbtest1  (cost=246.42..39021.60 rows=11511 width=121)
	              Recheck Cond: ((id >= 6259306) AND (id <= 6269305))
	              ->  Bitmap Index Scan on sbtest1_pkey  (cost=0.00..243.55 rows=11511 width=0)
	                    Index Cond: ((id >= 6259306) AND (id <= 6269305))

table 2 : explain SELECT DISTINCT c FROM sbtest2 WHERE id BETWEEN 6058933 AND 6068932 ORDER BY c
	Unique  (cost=38562.17..38617.68 rows=11102 width=121)
	  ->  Sort  (cost=38562.17..38589.93 rows=11102 width=121)
	        Sort Key: c
	        ->  Bitmap Heap Scan on sbtest2  (cost=242.23..37816.20 rows=11102 width=121)
	              Recheck Cond: ((id >= 6058933) AND (id <= 6068932))
	              ->  Bitmap Index Scan on sbtest2_pkey  (cost=0.00..239.45 rows=11102 width=0)
	                    Index Cond: ((id >= 6058933) AND (id <= 6068932))

table 3 : explain SELECT DISTINCT c FROM sbtest3 WHERE id BETWEEN 3823455 AND 3833454 ORDER BY c
	Unique  (cost=33070.10..33117.09 rows=9398 width=121)
	  ->  Sort  (cost=33070.10..33093.59 rows=9398 width=121)
	        Sort Key: c
	        ->  Bitmap Heap Scan on sbtest3  (cost=200.76..32449.92 rows=9398 width=121)
	              Recheck Cond: ((id >= 3823455) AND (id <= 3833454))
	              ->  Bitmap Index Scan on sbtest3_pkey  (cost=0.00..198.42 rows=9398 width=0)
	                    Index Cond: ((id >= 3823455) AND (id <= 3833454))

table 4 : explain SELECT DISTINCT c FROM sbtest4 WHERE id BETWEEN 1165572 AND 1175571 ORDER BY c
	Unique  (cost=38201.78..38256.79 rows=11002 width=121)
	  ->  Sort  (cost=38201.78..38229.29 rows=11002 width=121)
	        Sort Key: c
	        ->  Bitmap Heap Scan on sbtest4  (cost=237.21..37463.25 rows=11002 width=121)
	              Recheck Cond: ((id >= 1165572) AND (id <= 1175571))
	              ->  Bitmap Index Scan on sbtest4_pkey  (cost=0.00..234.45 rows=11002 width=0)
	                    Index Cond: ((id >= 1165572) AND (id <= 1175571))

table 5 : explain SELECT DISTINCT c FROM sbtest5 WHERE id BETWEEN 1284043 AND 1294042 ORDER BY c
	Unique  (cost=36863.73..36916.54 rows=10562 width=121)
	  ->  Sort  (cost=36863.73..36890.14 rows=10562 width=121)
	        Sort Key: c
	        ->  Bitmap Heap Scan on sbtest5  (cost=236.70..36157.84 rows=10562 width=121)
	              Recheck Cond: ((id >= 1284043) AND (id <= 1294042))
	              ->  Bitmap Index Scan on sbtest5_pkey  (cost=0.00..234.06 rows=10562 width=0)
	                    Index Cond: ((id >= 1284043) AND (id <= 1294042))

table 6 : explain SELECT DISTINCT c FROM sbtest6 WHERE id BETWEEN 2946014 AND 2956013 ORDER BY c
	Unique  (cost=33258.17..33305.39 rows=9445 width=121)
	  ->  Sort  (cost=33258.17..33281.78 rows=9445 width=121)
	        Sort Key: c
	        ->  Bitmap Heap Scan on sbtest6  (cost=205.25..32634.54 rows=9445 width=121)
	              Recheck Cond: ((id >= 2946014) AND (id <= 2956013))
	              ->  Bitmap Index Scan on sbtest6_pkey  (cost=0.00..202.88 rows=9445 width=0)
	                    Index Cond: ((id >= 2946014) AND (id <= 2956013))

table 7 : explain SELECT DISTINCT c FROM sbtest7 WHERE id BETWEEN 302465 AND 312464 ORDER BY c
	Unique  (cost=32005.64..32050.93 rows=9057 width=121)
	  ->  Sort  (cost=32005.64..32028.29 rows=9057 width=121)
	        Sort Key: c
	        ->  Bitmap Heap Scan on sbtest7  (cost=197.27..31410.38 rows=9057 width=121)
	              Recheck Cond: ((id >= 302465) AND (id <= 312464))
	              ->  Bitmap Index Scan on sbtest7_pkey  (cost=0.00..195.00 rows=9057 width=0)
	                    Index Cond: ((id >= 302465) AND (id <= 312464))

table 8 : explain SELECT DISTINCT c FROM sbtest8 WHERE id BETWEEN 6390404 AND 6400403 ORDER BY c
	Unique  (cost=36636.65..36689.15 rows=10499 width=121)
	  ->  Sort  (cost=36636.65..36662.90 rows=10499 width=121)
	        Sort Key: c
	        ->  Bitmap Heap Scan on sbtest8  (cost=228.05..35935.43 rows=10499 width=121)
	              Recheck Cond: ((id >= 6390404) AND (id <= 6400403))
	              ->  Bitmap Index Scan on sbtest8_pkey  (cost=0.00..225.43 rows=10499 width=0)
	                    Index Cond: ((id >= 6390404) AND (id <= 6400403))

for: simple_ranges
table 1 : explain SELECT c FROM sbtest1 WHERE id BETWEEN 1138435 AND 1148434
	Bitmap Heap Scan on sbtest1  (cost=201.15..32596.39 rows=9436 width=121)
	  Recheck Cond: ((id >= 1138435) AND (id <= 1148434))
	  ->  Bitmap Index Scan on sbtest1_pkey  (cost=0.00..198.80 rows=9436 width=0)
	        Index Cond: ((id >= 1138435) AND (id <= 1148434))

table 2 : explain SELECT c FROM sbtest2 WHERE id BETWEEN 8749469 AND 8759468
	Bitmap Heap Scan on sbtest2  (cost=233.86..36504.95 rows=10676 width=121)
	  Recheck Cond: ((id >= 8749469) AND (id <= 8759468))
	  ->  Bitmap Index Scan on sbtest2_pkey  (cost=0.00..231.19 rows=10676 width=0)
	        Index Cond: ((id >= 8749469) AND (id <= 8759468))

table 3 : explain SELECT c FROM sbtest3 WHERE id BETWEEN 5416841 AND 5426840
	Bitmap Heap Scan on sbtest3  (cost=222.86..35522.56 rows=10383 width=121)
	  Recheck Cond: ((id >= 5416841) AND (id <= 5426840))
	  ->  Bitmap Index Scan on sbtest3_pkey  (cost=0.00..220.26 rows=10383 width=0)
	        Index Cond: ((id >= 5416841) AND (id <= 5426840))

table 4 : explain SELECT c FROM sbtest4 WHERE id BETWEEN 3710817 AND 3720816
	Bitmap Heap Scan on sbtest4  (cost=214.97..34371.96 rows=10003 width=121)
	  Recheck Cond: ((id >= 3710817) AND (id <= 3720816))
	  ->  Bitmap Index Scan on sbtest4_pkey  (cost=0.00..212.47 rows=10003 width=0)
	        Index Cond: ((id >= 3710817) AND (id <= 3720816))

table 5 : explain SELECT c FROM sbtest5 WHERE id BETWEEN 7012257 AND 7022256
	Bitmap Heap Scan on sbtest5  (cost=227.01..34433.30 rows=10007 width=121)
	  Recheck Cond: ((id >= 7012257) AND (id <= 7022256))
	  ->  Bitmap Index Scan on sbtest5_pkey  (cost=0.00..224.50 rows=10007 width=0)
	        Index Cond: ((id >= 7012257) AND (id <= 7022256))

table 6 : explain SELECT c FROM sbtest6 WHERE id BETWEEN 1747022 AND 1757021
	Bitmap Heap Scan on sbtest6  (cost=227.18..35661.92 rows=10414 width=121)
	  Recheck Cond: ((id >= 1747022) AND (id <= 1757021))
	  ->  Bitmap Index Scan on sbtest6_pkey  (cost=0.00..224.57 rows=10414 width=0)
	        Index Cond: ((id >= 1747022) AND (id <= 1757021))

table 7 : explain SELECT c FROM sbtest7 WHERE id BETWEEN 3015751 AND 3025750
	Bitmap Heap Scan on sbtest7  (cost=222.58..35477.65 rows=10356 width=121)
	  Recheck Cond: ((id >= 3015751) AND (id <= 3025750))
	  ->  Bitmap Index Scan on sbtest7_pkey  (cost=0.00..220.00 rows=10356 width=0)
	        Index Cond: ((id >= 3015751) AND (id <= 3025750))

table 8 : explain SELECT c FROM sbtest8 WHERE id BETWEEN 5259815 AND 5269814
	Bitmap Heap Scan on sbtest8  (cost=213.44..33926.91 rows=9854 width=121)
	  Recheck Cond: ((id >= 5259815) AND (id <= 5269814))
	  ->  Bitmap Index Scan on sbtest8_pkey  (cost=0.00..210.98 rows=9854 width=0)
	        Index Cond: ((id >= 5259815) AND (id <= 5269814))

for: distinct_ranges
table 1 : explain SELECT DISTINCT c FROM sbtest1 WHERE id BETWEEN 6391730 AND 6401729 ORDER BY c
	Unique  (cost=39046.94..39103.30 rows=11272 width=121)
	  ->  Sort  (cost=39046.94..39075.12 rows=11272 width=121)
	        Sort Key: c
	        ->  Bitmap Heap Scan on sbtest1  (cost=239.97..38288.31 rows=11272 width=121)
	              Recheck Cond: ((id >= 6391730) AND (id <= 6401729))
	              ->  Bitmap Index Scan on sbtest1_pkey  (cost=0.00..237.16 rows=11272 width=0)
	                    Index Cond: ((id >= 6391730) AND (id <= 6401729))

table 2 : explain SELECT DISTINCT c FROM sbtest2 WHERE id BETWEEN 5057966 AND 5067965 ORDER BY c
	Unique  (cost=34262.28..34311.03 rows=9749 width=121)
	  ->  Sort  (cost=34262.28..34286.66 rows=9749 width=121)
	        Sort Key: c
	        ->  Bitmap Heap Scan on sbtest2  (cost=212.36..33616.36 rows=9749 width=121)
	              Recheck Cond: ((id >= 5057966) AND (id <= 5067965))
	              ->  Bitmap Index Scan on sbtest2_pkey  (cost=0.00..209.93 rows=9749 width=0)
	                    Index Cond: ((id >= 5057966) AND (id <= 5067965))

table 3 : explain SELECT DISTINCT c FROM sbtest3 WHERE id BETWEEN 3041232 AND 3051231 ORDER BY c
	Unique  (cost=42141.93..42203.33 rows=12280 width=121)
	  ->  Sort  (cost=42141.93..42172.63 rows=12280 width=121)
	        Sort Key: c
	        ->  Bitmap Heap Scan on sbtest3  (cost=262.31..41307.87 rows=12280 width=121)
	              Recheck Cond: ((id >= 3041232) AND (id <= 3051231))
	              ->  Bitmap Index Scan on sbtest3_pkey  (cost=0.00..259.24 rows=12280 width=0)
	                    Index Cond: ((id >= 3041232) AND (id <= 3051231))

table 4 : explain SELECT DISTINCT c FROM sbtest4 WHERE id BETWEEN 9524590 AND 9534589 ORDER BY c
	Unique  (cost=35302.59..35353.02 rows=10086 width=121)
	  ->  Sort  (cost=35302.59..35327.80 rows=10086 width=121)
	        Sort Key: c
	        ->  Bitmap Heap Scan on sbtest4  (cost=215.82..34631.86 rows=10086 width=121)
	              Recheck Cond: ((id >= 9524590) AND (id <= 9534589))
	              ->  Bitmap Index Scan on sbtest4_pkey  (cost=0.00..213.30 rows=10086 width=0)
	                    Index Cond: ((id >= 9524590) AND (id <= 9534589))

table 5 : explain SELECT DISTINCT c FROM sbtest5 WHERE id BETWEEN 1050580 AND 1060579 ORDER BY c
	Unique  (cost=33061.84..33108.70 rows=9373 width=121)
	  ->  Sort  (cost=33061.84..33085.27 rows=9373 width=121)
	        Sort Key: c
	        ->  Bitmap Heap Scan on sbtest5  (cost=212.51..32443.48 rows=9373 width=121)
	              Recheck Cond: ((id >= 1050580) AND (id <= 1060579))
	              ->  Bitmap Index Scan on sbtest5_pkey  (cost=0.00..210.17 rows=9373 width=0)
	                    Index Cond: ((id >= 1050580) AND (id <= 1060579))

table 6 : explain SELECT DISTINCT c FROM sbtest6 WHERE id BETWEEN 6766032 AND 6776031 ORDER BY c
	Unique  (cost=39621.38..39678.63 rows=11451 width=121)
	  ->  Sort  (cost=39621.38..39650.01 rows=11451 width=121)
	        Sort Key: c
	        ->  Bitmap Heap Scan on sbtest6  (cost=249.81..38849.40 rows=11451 width=121)
	              Recheck Cond: ((id >= 6766032) AND (id <= 6776031))
	              ->  Bitmap Index Scan on sbtest6_pkey  (cost=0.00..246.94 rows=11451 width=0)
	                    Index Cond: ((id >= 6766032) AND (id <= 6776031))

table 7 : explain SELECT DISTINCT c FROM sbtest7 WHERE id BETWEEN 4285135 AND 4295134 ORDER BY c
	Unique  (cost=35952.16..36003.60 rows=10288 width=121)
	  ->  Sort  (cost=35952.16..35977.88 rows=10288 width=121)
	        Sort Key: c
	        ->  Bitmap Heap Scan on sbtest7  (cost=221.89..35266.53 rows=10288 width=121)
	              Recheck Cond: ((id >= 4285135) AND (id <= 4295134))
	              ->  Bitmap Index Scan on sbtest7_pkey  (cost=0.00..219.31 rows=10288 width=0)
	                    Index Cond: ((id >= 4285135) AND (id <= 4295134))

table 8 : explain SELECT DISTINCT c FROM sbtest8 WHERE id BETWEEN 3006598 AND 3016597 ORDER BY c
	Unique  (cost=38374.80..38430.05 rows=11051 width=121)
	  ->  Sort  (cost=38374.80..38402.42 rows=11051 width=121)
	        Sort Key: c
	        ->  Bitmap Heap Scan on sbtest8  (cost=237.71..37632.62 rows=11051 width=121)
	              Recheck Cond: ((id >= 3006598) AND (id <= 3016597))
	              ->  Bitmap Index Scan on sbtest8_pkey  (cost=0.00..234.94 rows=11051 width=0)
	                    Index Cond: ((id >= 3006598) AND (id <= 3016597))

for: order_ranges
table 1 : explain SELECT c FROM sbtest1 WHERE id BETWEEN 8359299 AND 8369298 ORDER BY c
	Sort  (cost=35080.72..35105.76 rows=10016 width=121)
	  Sort Key: c
	  ->  Bitmap Heap Scan on sbtest1  (cost=215.10..34415.16 rows=10016 width=121)
	        Recheck Cond: ((id >= 8359299) AND (id <= 8369298))
	        ->  Bitmap Index Scan on sbtest1_pkey  (cost=0.00..212.59 rows=10016 width=0)
	              Index Cond: ((id >= 8359299) AND (id <= 8369298))

table 2 : explain SELECT c FROM sbtest2 WHERE id BETWEEN 7603314 AND 7613313 ORDER BY c
	Sort  (cost=34932.23..34957.12 rows=9957 width=121)
	  Sort Key: c
	  ->  Bitmap Heap Scan on sbtest2  (cost=218.49..34271.01 rows=9957 width=121)
	        Recheck Cond: ((id >= 7603314) AND (id <= 7613313))
	        ->  Bitmap Index Scan on sbtest2_pkey  (cost=0.00..216.00 rows=9957 width=0)
	              Index Cond: ((id >= 7603314) AND (id <= 7613313))

table 3 : explain SELECT c FROM sbtest3 WHERE id BETWEEN 8163553 AND 8173552 ORDER BY c
	Sort  (cost=35150.18..35175.30 rows=10048 width=121)
	  Sort Key: c
	  ->  Bitmap Heap Scan on sbtest3  (cost=215.43..34482.26 rows=10048 width=121)
	        Recheck Cond: ((id >= 8163553) AND (id <= 8173552))
	        ->  Bitmap Index Scan on sbtest3_pkey  (cost=0.00..212.92 rows=10048 width=0)
	              Index Cond: ((id >= 8163553) AND (id <= 8173552))

table 4 : explain SELECT c FROM sbtest4 WHERE id BETWEEN 9631770 AND 9641769 ORDER BY c
	Sort  (cost=33320.57..33344.24 rows=9468 width=121)
	  Sort Key: c
	  ->  Bitmap Heap Scan on sbtest4  (cost=201.48..32695.26 rows=9468 width=121)
	        Recheck Cond: ((id >= 9631770) AND (id <= 9641769))
	        ->  Bitmap Index Scan on sbtest4_pkey  (cost=0.00..199.12 rows=9468 width=0)
	              Index Cond: ((id >= 9631770) AND (id <= 9641769))

table 5 : explain SELECT c FROM sbtest5 WHERE id BETWEEN 2410766 AND 2420765 ORDER BY c
	Sort  (cost=35266.02..35291.17 rows=10060 width=121)
	  Sort Key: c
	  ->  Bitmap Heap Scan on sbtest5  (cost=227.55..34597.21 rows=10060 width=121)
	        Recheck Cond: ((id >= 2410766) AND (id <= 2420765))
	        ->  Bitmap Index Scan on sbtest5_pkey  (cost=0.00..225.04 rows=10060 width=0)
	              Index Cond: ((id >= 2410766) AND (id <= 2420765))

table 6 : explain SELECT c FROM sbtest6 WHERE id BETWEEN 3816515 AND 3826514 ORDER BY c
	Sort  (cost=32103.12..32125.83 rows=9087 width=121)
	  Sort Key: c
	  ->  Bitmap Heap Scan on sbtest6  (cost=197.58..31505.67 rows=9087 width=121)
	        Recheck Cond: ((id >= 3816515) AND (id <= 3826514))
	        ->  Bitmap Index Scan on sbtest6_pkey  (cost=0.00..195.31 rows=9087 width=0)
	              Index Cond: ((id >= 3816515) AND (id <= 3826514))

table 7 : explain SELECT c FROM sbtest7 WHERE id BETWEEN 8008512 AND 8018511 ORDER BY c
	Sort  (cost=34113.56..34137.83 rows=9711 width=121)
	  Sort Key: c
	  ->  Bitmap Heap Scan on sbtest7  (cost=211.97..33470.43 rows=9711 width=121)
	        Recheck Cond: ((id >= 8008512) AND (id <= 8018511))
	        ->  Bitmap Index Scan on sbtest7_pkey  (cost=0.00..209.55 rows=9711 width=0)
	              Index Cond: ((id >= 8008512) AND (id <= 8018511))

table 8 : explain SELECT c FROM sbtest8 WHERE id BETWEEN 8540689 AND 8550688 ORDER BY c
	Sort  (cost=32651.35..32674.48 rows=9254 width=121)
	  Sort Key: c
	  ->  Bitmap Heap Scan on sbtest8  (cost=199.29..32041.70 rows=9254 width=121)
	        Recheck Cond: ((id >= 8540689) AND (id <= 8550688))
	        ->  Bitmap Index Scan on sbtest8_pkey  (cost=0.00..196.98 rows=9254 width=0)
	              Index Cond: ((id >= 8540689) AND (id <= 8550688))

for: sum_ranges
table 1 : explain SELECT SUM(k) FROM sbtest1 WHERE id BETWEEN 3666943 AND 3676942
	Aggregate  (cost=32992.64..32992.65 rows=1 width=8)
	  ->  Bitmap Heap Scan on sbtest1  (cost=206.35..32968.76 rows=9553 width=4)
	        Recheck Cond: ((id >= 3666943) AND (id <= 3676942))
	        ->  Bitmap Index Scan on sbtest1_pkey  (cost=0.00..203.97 rows=9553 width=0)
	              Index Cond: ((id >= 3666943) AND (id <= 3676942))

table 2 : explain SELECT SUM(k) FROM sbtest2 WHERE id BETWEEN 7585096 AND 7595095
	Aggregate  (cost=34829.79..34829.80 rows=1 width=8)
	  ->  Bitmap Heap Scan on sbtest2  (cost=220.26..34804.47 rows=10129 width=4)
	        Recheck Cond: ((id >= 7585096) AND (id <= 7595095))
	        ->  Bitmap Index Scan on sbtest2_pkey  (cost=0.00..217.73 rows=10129 width=0)
	              Index Cond: ((id >= 7585096) AND (id <= 7595095))

table 3 : explain SELECT SUM(k) FROM sbtest3 WHERE id BETWEEN 3531580 AND 3541579
	Aggregate  (cost=34032.18..34032.19 rows=1 width=8)
	  ->  Bitmap Heap Scan on sbtest3  (cost=213.86..34007.44 rows=9895 width=4)
	        Recheck Cond: ((id >= 3531580) AND (id <= 3541579))
	        ->  Bitmap Index Scan on sbtest3_pkey  (cost=0.00..211.38 rows=9895 width=0)
	              Index Cond: ((id >= 3531580) AND (id <= 3541579))

table 4 : explain SELECT SUM(k) FROM sbtest4 WHERE id BETWEEN 1956492 AND 1966491
	Aggregate  (cost=33398.11..33398.12 rows=1 width=8)
	  ->  Bitmap Heap Scan on sbtest4  (cost=207.70..33373.90 rows=9684 width=4)
	        Recheck Cond: ((id >= 1956492) AND (id <= 1966491))
	        ->  Bitmap Index Scan on sbtest4_pkey  (cost=0.00..205.28 rows=9684 width=0)
	              Index Cond: ((id >= 1956492) AND (id <= 1966491))

table 5 : explain SELECT SUM(k) FROM sbtest5 WHERE id BETWEEN 2193620 AND 2203619
	Aggregate  (cost=36545.92..36545.93 rows=1 width=8)
	  ->  Bitmap Heap Scan on sbtest5  (cost=241.88..36519.23 rows=10678 width=4)
	        Recheck Cond: ((id >= 2193620) AND (id <= 2203619))
	        ->  Bitmap Index Scan on sbtest5_pkey  (cost=0.00..239.22 rows=10678 width=0)
	              Index Cond: ((id >= 2193620) AND (id <= 2203619))

table 6 : explain SELECT SUM(k) FROM sbtest6 WHERE id BETWEEN 403807 AND 413806
	Aggregate  (cost=31489.37..31489.38 rows=1 width=8)
	  ->  Bitmap Heap Scan on sbtest6  (cost=197.45..31466.68 rows=9075 width=4)
	        Recheck Cond: ((id >= 403807) AND (id <= 413806))
	        ->  Bitmap Index Scan on sbtest6_pkey  (cost=0.00..195.19 rows=9075 width=0)
	              Index Cond: ((id >= 403807) AND (id <= 413806))

table 7 : explain SELECT SUM(k) FROM sbtest7 WHERE id BETWEEN 2016092 AND 2026091
	Aggregate  (cost=36567.74..36567.75 rows=1 width=8)
	  ->  Bitmap Heap Scan on sbtest7  (cost=230.11..36540.99 rows=10700 width=4)
	        Recheck Cond: ((id >= 2016092) AND (id <= 2026091))
	        ->  Bitmap Index Scan on sbtest7_pkey  (cost=0.00..227.44 rows=10700 width=0)
	              Index Cond: ((id >= 2016092) AND (id <= 2026091))

table 8 : explain SELECT SUM(k) FROM sbtest8 WHERE id BETWEEN 5234743 AND 5244742
	Aggregate  (cost=33951.55..33951.56 rows=1 width=8)
	  ->  Bitmap Heap Scan on sbtest8  (cost=213.44..33926.91 rows=9854 width=4)
	        Recheck Cond: ((id >= 5234743) AND (id <= 5244742))
	        ->  Bitmap Index Scan on sbtest8_pkey  (cost=0.00..210.98 rows=9854 width=0)
	              Index Cond: ((id >= 5234743) AND (id <= 5244742))

explain: for point_selects :: explain SELECT c FROM sbtest%u WHERE id=%u
for: order_ranges
table 1 : explain SELECT c FROM sbtest1 WHERE id BETWEEN 6349333 AND 6359332 ORDER BY c
	Sort  (cost=39046.94..39075.12 rows=11272 width=121)
	  Sort Key: c
	  ->  Bitmap Heap Scan on sbtest1  (cost=239.97..38288.31 rows=11272 width=121)
	        Recheck Cond: ((id >= 6349333) AND (id <= 6359332))
	        ->  Bitmap Index Scan on sbtest1_pkey  (cost=0.00..237.16 rows=11272 width=0)
	              Index Cond: ((id >= 6349333) AND (id <= 6359332))

table 2 : explain SELECT c FROM sbtest2 WHERE id BETWEEN 2602203 AND 2612202 ORDER BY c
	Sort  (cost=35195.57..35220.67 rows=10040 width=121)
	  Sort Key: c
	  ->  Bitmap Heap Scan on sbtest2  (cost=219.34..34528.24 rows=10040 width=121)
	        Recheck Cond: ((id >= 2602203) AND (id <= 2612202))
	        ->  Bitmap Index Scan on sbtest2_pkey  (cost=0.00..216.84 rows=10040 width=0)
	              Index Cond: ((id >= 2602203) AND (id <= 2612202))

table 3 : explain SELECT c FROM sbtest3 WHERE id BETWEEN 8128273 AND 8138272 ORDER BY c
	Sort  (cost=36110.61..36136.49 rows=10350 width=121)
	  Sort Key: c
	  ->  Bitmap Heap Scan on sbtest3  (cost=222.52..35420.40 rows=10350 width=121)
	        Recheck Cond: ((id >= 8128273) AND (id <= 8138272))
	        ->  Bitmap Index Scan on sbtest3_pkey  (cost=0.00..219.94 rows=10350 width=0)
	              Index Cond: ((id >= 8128273) AND (id <= 8138272))

table 4 : explain SELECT c FROM sbtest4 WHERE id BETWEEN 5375412 AND 5385411 ORDER BY c
	Sort  (cost=35325.65..35350.88 rows=10094 width=121)
	  Sort Key: c
	  ->  Bitmap Heap Scan on sbtest4  (cost=215.90..34654.33 rows=10094 width=121)
	        Recheck Cond: ((id >= 5375412) AND (id <= 5385411))
	        ->  Bitmap Index Scan on sbtest4_pkey  (cost=0.00..213.38 rows=10094 width=0)
	              Index Cond: ((id >= 5375412) AND (id <= 5385411))

table 5 : explain SELECT c FROM sbtest5 WHERE id BETWEEN 8631861 AND 8641860 ORDER BY c
	Sort  (cost=35965.66..35991.36 rows=10280 width=121)
	  Sort Key: c
	  ->  Bitmap Heap Scan on sbtest5  (cost=229.81..35280.62 rows=10280 width=121)
	        Recheck Cond: ((id >= 8631861) AND (id <= 8641860))
	        ->  Bitmap Index Scan on sbtest5_pkey  (cost=0.00..227.24 rows=10280 width=0)
	              Index Cond: ((id >= 8631861) AND (id <= 8641860))

table 6 : explain SELECT c FROM sbtest6 WHERE id BETWEEN 5453176 AND 5463175 ORDER BY c
	Sort  (cost=32950.16..32973.54 rows=9349 width=121)
	  Sort Key: c
	  ->  Bitmap Heap Scan on sbtest6  (cost=204.26..32333.57 rows=9349 width=121)
	        Recheck Cond: ((id >= 5453176) AND (id <= 5463175))
	        ->  Bitmap Index Scan on sbtest6_pkey  (cost=0.00..201.93 rows=9349 width=0)
	              Index Cond: ((id >= 5453176) AND (id <= 5463175))

table 7 : explain SELECT c FROM sbtest7 WHERE id BETWEEN 7180961 AND 7190960 ORDER BY c
	Sort  (cost=38276.59..38304.14 rows=11023 width=121)
	  Sort Key: c
	  ->  Bitmap Heap Scan on sbtest7  (cost=237.42..37536.49 rows=11023 width=121)
	        Recheck Cond: ((id >= 7180961) AND (id <= 7190960))
	        ->  Bitmap Index Scan on sbtest7_pkey  (cost=0.00..234.67 rows=11023 width=0)
	              Index Cond: ((id >= 7180961) AND (id <= 7190960))

table 8 : explain SELECT c FROM sbtest8 WHERE id BETWEEN 3463820 AND 3473819 ORDER BY c
	Sort  (cost=35827.12..35852.74 rows=10245 width=121)
	  Sort Key: c
	  ->  Bitmap Heap Scan on sbtest8  (cost=221.45..35144.67 rows=10245 width=121)
	        Recheck Cond: ((id >= 3463820) AND (id <= 3473819))
	        ->  Bitmap Index Scan on sbtest8_pkey  (cost=0.00..218.88 rows=10245 width=0)
	              Index Cond: ((id >= 3463820) AND (id <= 3473819))

for: sum_ranges
table 1 : explain SELECT SUM(k) FROM sbtest1 WHERE id BETWEEN 8101444 AND 8111443
	Aggregate  (cost=33180.01..33180.02 rows=1 width=8)
	  ->  Bitmap Heap Scan on sbtest1  (cost=206.97..33155.97 rows=9613 width=4)
	        Recheck Cond: ((id >= 8101444) AND (id <= 8111443))
	        ->  Bitmap Index Scan on sbtest1_pkey  (cost=0.00..204.56 rows=9613 width=0)
	              Index Cond: ((id >= 8101444) AND (id <= 8111443))

table 2 : explain SELECT SUM(k) FROM sbtest2 WHERE id BETWEEN 7823555 AND 7833554
	Aggregate  (cost=35757.37..35757.38 rows=1 width=8)
	  ->  Bitmap Heap Scan on sbtest2  (cost=227.31..35731.30 rows=10427 width=4)
	        Recheck Cond: ((id >= 7823555) AND (id <= 7833554))
	        ->  Bitmap Index Scan on sbtest2_pkey  (cost=0.00..224.70 rows=10427 width=0)
	              Index Cond: ((id >= 7823555) AND (id <= 7833554))

table 3 : explain SELECT SUM(k) FROM sbtest3 WHERE id BETWEEN 8911153 AND 8921152
	Aggregate  (cost=33255.63..33255.64 rows=1 width=8)
	  ->  Bitmap Heap Scan on sbtest3  (cost=207.32..33231.51 rows=9647 width=4)
	        Recheck Cond: ((id >= 8911153) AND (id <= 8921152))
	        ->  Bitmap Index Scan on sbtest3_pkey  (cost=0.00..204.91 rows=9647 width=0)
	              Index Cond: ((id >= 8911153) AND (id <= 8921152))

table 4 : explain SELECT SUM(k) FROM sbtest4 WHERE id BETWEEN 5367146 AND 5377145
	Aggregate  (cost=34567.21..34567.22 rows=1 width=8)
	  ->  Bitmap Heap Scan on sbtest4  (cost=215.53..34542.07 rows=10058 width=4)
	        Recheck Cond: ((id >= 5367146) AND (id <= 5377145))
	        ->  Bitmap Index Scan on sbtest4_pkey  (cost=0.00..213.01 rows=10058 width=0)
	              Index Cond: ((id >= 5367146) AND (id <= 5377145))

table 5 : explain SELECT SUM(k) FROM sbtest5 WHERE id BETWEEN 4314168 AND 4324167
	Aggregate  (cost=33626.06..33626.07 rows=1 width=8)
	  ->  Bitmap Heap Scan on sbtest5  (cost=220.29..33601.71 rows=9742 width=4)
	        Recheck Cond: ((id >= 4314168) AND (id <= 4324167))
	        ->  Bitmap Index Scan on sbtest5_pkey  (cost=0.00..217.86 rows=9742 width=0)
	              Index Cond: ((id >= 4314168) AND (id <= 4324167))

table 6 : explain SELECT SUM(k) FROM sbtest6 WHERE id BETWEEN 7546780 AND 7556779
	Aggregate  (cost=36125.70..36125.71 rows=1 width=8)
	  ->  Bitmap Heap Scan on sbtest6  (cost=228.63..36099.31 rows=10556 width=4)
	        Recheck Cond: ((id >= 7546780) AND (id <= 7556779))
	        ->  Bitmap Index Scan on sbtest6_pkey  (cost=0.00..226.00 rows=10556 width=0)
	              Index Cond: ((id >= 7546780) AND (id <= 7556779))

table 7 : explain SELECT SUM(k) FROM sbtest7 WHERE id BETWEEN 1034101 AND 1044100
	Aggregate  (cost=34808.17..34808.18 rows=1 width=8)
	  ->  Bitmap Heap Scan on sbtest7  (cost=220.29..34782.84 rows=10132 width=4)
	        Recheck Cond: ((id >= 1034101) AND (id <= 1044100))
	        ->  Bitmap Index Scan on sbtest7_pkey  (cost=0.00..217.75 rows=10132 width=0)
	              Index Cond: ((id >= 1034101) AND (id <= 1044100))

table 8 : explain SELECT SUM(k) FROM sbtest8 WHERE id BETWEEN 6093371 AND 6103370
	Aggregate  (cost=36603.23..36603.24 rows=1 width=8)
	  ->  Bitmap Heap Scan on sbtest8  (cost=230.18..36576.46 rows=10707 width=4)
	        Recheck Cond: ((id >= 6093371) AND (id <= 6103370))
	        ->  Bitmap Index Scan on sbtest8_pkey  (cost=0.00..227.50 rows=10707 width=0)
	              Index Cond: ((id >= 6093371) AND (id <= 6103370))

for: distinct_ranges
table 1 : explain SELECT DISTINCT c FROM sbtest1 WHERE id BETWEEN 5101563 AND 5111562 ORDER BY c
	Unique  (cost=34520.70..34569.91 rows=9841 width=121)
	  ->  Sort  (cost=34520.70..34545.30 rows=9841 width=121)
	        Sort Key: c
	        ->  Bitmap Heap Scan on sbtest1  (cost=209.31..33868.02 rows=9841 width=121)
	              Recheck Cond: ((id >= 5101563) AND (id <= 5111562))
	              ->  Bitmap Index Scan on sbtest1_pkey  (cost=0.00..206.84 rows=9841 width=0)
	                    Index Cond: ((id >= 5101563) AND (id <= 5111562))

table 2 : explain SELECT DISTINCT c FROM sbtest2 WHERE id BETWEEN 6763676 AND 6773675 ORDER BY c
	Unique  (cost=34034.43..34082.82 rows=9678 width=121)
	  ->  Sort  (cost=34034.43..34058.63 rows=9678 width=121)
	        Sort Key: c
	        ->  Bitmap Heap Scan on sbtest2  (cost=211.63..33393.72 rows=9678 width=121)
	              Recheck Cond: ((id >= 6763676) AND (id <= 6773675))
	              ->  Bitmap Index Scan on sbtest2_pkey  (cost=0.00..209.22 rows=9678 width=0)
	                    Index Cond: ((id >= 6763676) AND (id <= 6773675))

table 3 : explain SELECT DISTINCT c FROM sbtest3 WHERE id BETWEEN 6976377 AND 6986376 ORDER BY c
	Unique  (cost=33000.61..33047.49 rows=9376 width=121)
	  ->  Sort  (cost=33000.61..33024.05 rows=9376 width=121)
	        Sort Key: c
	        ->  Bitmap Heap Scan on sbtest3  (cost=200.54..32382.04 rows=9376 width=121)
	              Recheck Cond: ((id >= 6976377) AND (id <= 6986376))
	              ->  Bitmap Index Scan on sbtest3_pkey  (cost=0.00..198.19 rows=9376 width=0)
	                    Index Cond: ((id >= 6976377) AND (id <= 6986376))

table 4 : explain SELECT DISTINCT c FROM sbtest4 WHERE id BETWEEN 183493 AND 193492 ORDER BY c
	Unique  (cost=38357.70..38412.96 rows=11052 width=121)
	  ->  Sort  (cost=38357.70..38385.33 rows=11052 width=121)
	        Sort Key: c
	        ->  Bitmap Heap Scan on sbtest4  (cost=237.72..37615.45 rows=11052 width=121)
	              Recheck Cond: ((id >= 183493) AND (id <= 193492))
	              ->  Bitmap Index Scan on sbtest4_pkey  (cost=0.00..234.95 rows=11052 width=0)
	                    Index Cond: ((id >= 183493) AND (id <= 193492))

table 5 : explain SELECT DISTINCT c FROM sbtest5 WHERE id BETWEEN 7377270 AND 7387269 ORDER BY c
	Unique  (cost=32596.53..32642.68 rows=9230 width=121)
	  ->  Sort  (cost=32596.53..32619.61 rows=9230 width=121)
	        Sort Key: c
	        ->  Bitmap Heap Scan on sbtest5  (cost=207.04..31988.64 rows=9230 width=121)
	              Recheck Cond: ((id >= 7377270) AND (id <= 7387269))
	              ->  Bitmap Index Scan on sbtest5_pkey  (cost=0.00..204.74 rows=9230 width=0)
	                    Index Cond: ((id >= 7377270) AND (id <= 7387269))

table 6 : explain SELECT DISTINCT c FROM sbtest6 WHERE id BETWEEN 7373249 AND 7383248 ORDER BY c
	Unique  (cost=33119.05..33166.05 rows=9401 width=121)
	  ->  Sort  (cost=33119.05..33142.55 rows=9401 width=121)
	        Sort Key: c
	        ->  Bitmap Heap Scan on sbtest6  (cost=204.80..32498.65 rows=9401 width=121)
	              Recheck Cond: ((id >= 7373249) AND (id <= 7383248))
	              ->  Bitmap Index Scan on sbtest6_pkey  (cost=0.00..202.44 rows=9401 width=0)
	                    Index Cond: ((id >= 7373249) AND (id <= 7383248))

table 7 : explain SELECT DISTINCT c FROM sbtest7 WHERE id BETWEEN 7034525 AND 7044524 ORDER BY c
	Unique  (cost=37358.16..37411.82 rows=10732 width=121)
	  ->  Sort  (cost=37358.16..37384.99 rows=10732 width=121)
	        Sort Key: c
	        ->  Bitmap Heap Scan on sbtest7  (cost=230.44..36639.68 rows=10732 width=121)
	              Recheck Cond: ((id >= 7034525) AND (id <= 7044524))
	              ->  Bitmap Index Scan on sbtest7_pkey  (cost=0.00..227.75 rows=10732 width=0)
	                    Index Cond: ((id >= 7034525) AND (id <= 7044524))

table 8 : explain SELECT DISTINCT c FROM sbtest8 WHERE id BETWEEN 7149411 AND 7159410 ORDER BY c
	Unique  (cost=34873.63..34923.36 rows=9946 width=121)
	  ->  Sort  (cost=34873.63..34898.49 rows=9946 width=121)
	        Sort Key: c
	        ->  Bitmap Heap Scan on sbtest8  (cost=214.38..34213.22 rows=9946 width=121)
	              Recheck Cond: ((id >= 7149411) AND (id <= 7159410))
	              ->  Bitmap Index Scan on sbtest8_pkey  (cost=0.00..211.90 rows=9946 width=0)
	                    Index Cond: ((id >= 7149411) AND (id <= 7159410))

for: distinct_ranges
table 1 : explain SELECT DISTINCT c FROM sbtest1 WHERE id BETWEEN 3294920 AND 3304919 ORDER BY c
	Unique  (cost=37483.78..37537.65 rows=10774 width=121)
	  ->  Sort  (cost=37483.78..37510.71 rows=10774 width=121)
	        Sort Key: c
	        ->  Bitmap Heap Scan on sbtest1  (cost=230.87..36762.17 rows=10774 width=121)
	              Recheck Cond: ((id >= 3294920) AND (id <= 3304919))
	              ->  Bitmap Index Scan on sbtest1_pkey  (cost=0.00..228.18 rows=10774 width=0)
	                    Index Cond: ((id >= 3294920) AND (id <= 3304919))

table 2 : explain SELECT DISTINCT c FROM sbtest2 WHERE id BETWEEN 6487962 AND 6497961 ORDER BY c
	Unique  (cost=36237.19..36289.02 rows=10367 width=121)
	  ->  Sort  (cost=36237.19..36263.10 rows=10367 width=121)
	        Sort Key: c
	        ->  Bitmap Heap Scan on sbtest2  (cost=226.70..35545.72 rows=10367 width=121)
	              Recheck Cond: ((id >= 6487962) AND (id <= 6497961))
	              ->  Bitmap Index Scan on sbtest2_pkey  (cost=0.00..224.11 rows=10367 width=0)
	                    Index Cond: ((id >= 6487962) AND (id <= 6497961))

table 3 : explain SELECT DISTINCT c FROM sbtest3 WHERE id BETWEEN 1991697 AND 2001696 ORDER BY c
	Unique  (cost=38527.37..38582.95 rows=11117 width=121)
	  ->  Sort  (cost=38527.37..38555.16 rows=11117 width=121)
	        Sort Key: c
	        ->  Bitmap Heap Scan on sbtest3  (cost=238.38..37780.28 rows=11117 width=121)
	              Recheck Cond: ((id >= 1991697) AND (id <= 2001696))
	              ->  Bitmap Index Scan on sbtest3_pkey  (cost=0.00..235.61 rows=11117 width=0)
	                    Index Cond: ((id >= 1991697) AND (id <= 2001696))

table 4 : explain SELECT DISTINCT c FROM sbtest4 WHERE id BETWEEN 2600981 AND 2610980 ORDER BY c
	Unique  (cost=36904.93..36957.88 rows=10590 width=121)
	  ->  Sort  (cost=36904.93..36931.40 rows=10590 width=121)
	        Sort Key: c
	        ->  Bitmap Heap Scan on sbtest4  (cost=228.98..36196.96 rows=10590 width=121)
	              Recheck Cond: ((id >= 2600981) AND (id <= 2610980))
	              ->  Bitmap Index Scan on sbtest4_pkey  (cost=0.00..226.34 rows=10590 width=0)
	                    Index Cond: ((id >= 2600981) AND (id <= 2610980))

table 5 : explain SELECT DISTINCT c FROM sbtest5 WHERE id BETWEEN 2851237 AND 2861236 ORDER BY c
	Unique  (cost=33986.13..34034.43 rows=9660 width=121)
	  ->  Sort  (cost=33986.13..34010.28 rows=9660 width=121)
	        Sort Key: c
	        ->  Bitmap Heap Scan on sbtest5  (cost=219.45..33346.74 rows=9660 width=121)
	              Recheck Cond: ((id >= 2851237) AND (id <= 2861236))
	              ->  Bitmap Index Scan on sbtest5_pkey  (cost=0.00..217.04 rows=9660 width=0)
	                    Index Cond: ((id >= 2851237) AND (id <= 2861236))

table 6 : explain SELECT DISTINCT c FROM sbtest6 WHERE id BETWEEN 2065286 AND 2075285 ORDER BY c
	Unique  (cost=33403.72..33451.17 rows=9490 width=121)
	  ->  Sort  (cost=33403.72..33427.45 rows=9490 width=121)
	        Sort Key: c
	        ->  Bitmap Heap Scan on sbtest6  (cost=205.71..32776.80 rows=9490 width=121)
	              Recheck Cond: ((id >= 2065286) AND (id <= 2075285))
	              ->  Bitmap Index Scan on sbtest6_pkey  (cost=0.00..203.34 rows=9490 width=0)
	                    Index Cond: ((id >= 2065286) AND (id <= 2075285))

table 7 : explain SELECT DISTINCT c FROM sbtest7 WHERE id BETWEEN 1914088 AND 1924087 ORDER BY c
	Unique  (cost=34571.78..34621.05 rows=9855 width=121)
	  ->  Sort  (cost=34571.78..34596.41 rows=9855 width=121)
	        Sort Key: c
	        ->  Bitmap Heap Scan on sbtest7  (cost=213.45..33918.06 rows=9855 width=121)
	              Recheck Cond: ((id >= 1914088) AND (id <= 1924087))
	              ->  Bitmap Index Scan on sbtest7_pkey  (cost=0.00..210.99 rows=9855 width=0)
	                    Index Cond: ((id >= 1914088) AND (id <= 1924087))

table 8 : explain SELECT DISTINCT c FROM sbtest8 WHERE id BETWEEN 4468004 AND 4478003 ORDER BY c
	Unique  (cost=33821.03..33869.12 rows=9618 width=121)
	  ->  Sort  (cost=33821.03..33845.07 rows=9618 width=121)
	        Sort Key: c
	        ->  Bitmap Heap Scan on sbtest8  (cost=207.02..33184.73 rows=9618 width=121)
	              Recheck Cond: ((id >= 4468004) AND (id <= 4478003))
	              ->  Bitmap Index Scan on sbtest8_pkey  (cost=0.00..204.62 rows=9618 width=0)
	                    Index Cond: ((id >= 4468004) AND (id <= 4478003))

explain: for point_selects :: explain SELECT c FROM sbtest%u WHERE id=%u
for: sum_ranges
table 1 : explain SELECT SUM(k) FROM sbtest1 WHERE id BETWEEN 3155208 AND 3165207
	Aggregate  (cost=32795.43..32795.44 rows=1 width=8)
	  ->  Bitmap Heap Scan on sbtest1  (cost=205.71..32771.71 rows=9490 width=4)
	        Recheck Cond: ((id >= 3155208) AND (id <= 3165207))
	        ->  Bitmap Index Scan on sbtest1_pkey  (cost=0.00..203.34 rows=9490 width=0)
	              Index Cond: ((id >= 3155208) AND (id <= 3165207))

table 2 : explain SELECT SUM(k) FROM sbtest2 WHERE id BETWEEN 9115096 AND 9125095
	Aggregate  (cost=35488.34..35488.35 rows=1 width=8)
	  ->  Bitmap Heap Scan on sbtest2  (cost=226.42..35462.49 rows=10340 width=4)
	        Recheck Cond: ((id >= 9115096) AND (id <= 9125095))
	        ->  Bitmap Index Scan on sbtest2_pkey  (cost=0.00..223.84 rows=10340 width=0)
	              Index Cond: ((id >= 9115096) AND (id <= 9125095))

table 3 : explain SELECT SUM(k) FROM sbtest3 WHERE id BETWEEN 5788290 AND 5798289
	Aggregate  (cost=34051.45..34051.46 rows=1 width=8)
	  ->  Bitmap Heap Scan on sbtest3  (cost=213.92..34026.70 rows=9901 width=4)
	        Recheck Cond: ((id >= 5788290) AND (id <= 5798289))
	        ->  Bitmap Index Scan on sbtest3_pkey  (cost=0.00..211.44 rows=9901 width=0)
	              Index Cond: ((id >= 5788290) AND (id <= 5798289))

table 4 : explain SELECT SUM(k) FROM sbtest4 WHERE id BETWEEN 6274923 AND 6284922
	Aggregate  (cost=35003.51..35003.52 rows=1 width=8)
	  ->  Bitmap Heap Scan on sbtest4  (cost=216.96..34978.02 rows=10198 width=4)
	        Recheck Cond: ((id >= 6274923) AND (id <= 6284922))
	        ->  Bitmap Index Scan on sbtest4_pkey  (cost=0.00..214.42 rows=10198 width=0)
	              Index Cond: ((id >= 6274923) AND (id <= 6284922))

table 5 : explain SELECT SUM(k) FROM sbtest5 WHERE id BETWEEN 5856852 AND 5866851
	Aggregate  (cost=34113.04..34113.05 rows=1 width=8)
	  ->  Bitmap Heap Scan on sbtest5  (cost=221.89..34088.30 rows=9898 width=4)
	        Recheck Cond: ((id >= 5856852) AND (id <= 5866851))
	        ->  Bitmap Index Scan on sbtest5_pkey  (cost=0.00..219.42 rows=9898 width=0)
	              Index Cond: ((id >= 5856852) AND (id <= 5866851))

table 6 : explain SELECT SUM(k) FROM sbtest6 WHERE id BETWEEN 6395293 AND 6405292
	Aggregate  (cost=34998.66..34998.67 rows=1 width=8)
	  ->  Bitmap Heap Scan on sbtest6  (cost=220.91..34973.18 rows=10193 width=4)
	        Recheck Cond: ((id >= 6395293) AND (id <= 6405292))
	        ->  Bitmap Index Scan on sbtest6_pkey  (cost=0.00..218.37 rows=10193 width=0)
	              Index Cond: ((id >= 6395293) AND (id <= 6405292))

table 7 : explain SELECT SUM(k) FROM sbtest7 WHERE id BETWEEN 8448812 AND 8458811
	Aggregate  (cost=32689.41..32689.42 rows=1 width=8)
	  ->  Bitmap Heap Scan on sbtest7  (cost=205.35..32665.77 rows=9455 width=4)
	        Recheck Cond: ((id >= 8448812) AND (id <= 8458811))
	        ->  Bitmap Index Scan on sbtest7_pkey  (cost=0.00..202.99 rows=9455 width=0)
	              Index Cond: ((id >= 8448812) AND (id <= 8458811))

table 8 : explain SELECT SUM(k) FROM sbtest8 WHERE id BETWEEN 6947057 AND 6957056
	Aggregate  (cost=35737.88..35737.89 rows=1 width=8)
	  ->  Bitmap Heap Scan on sbtest8  (cost=227.31..35711.81 rows=10427 width=4)
	        Recheck Cond: ((id >= 6947057) AND (id <= 6957056))
	        ->  Bitmap Index Scan on sbtest8_pkey  (cost=0.00..224.70 rows=10427 width=0)
	              Index Cond: ((id >= 6947057) AND (id <= 6957056))

for point_selects
table 1 : explain SELECT c FROM sbtest1 WHERE id=9231844
	Index Scan using sbtest1_pkey on sbtest1  (cost=0.43..8.45 rows=1 width=121)
	  Index Cond: (id = 9231844)

table 2 : explain SELECT c FROM sbtest2 WHERE id=7837303
	Index Scan using sbtest2_pkey on sbtest2  (cost=0.43..8.45 rows=1 width=121)
	  Index Cond: (id = 7837303)

table 3 : explain SELECT c FROM sbtest3 WHERE id=5466803
	Index Scan using sbtest3_pkey on sbtest3  (cost=0.43..8.45 rows=1 width=121)
	  Index Cond: (id = 5466803)

table 4 : explain SELECT c FROM sbtest4 WHERE id=4942500
	Index Scan using sbtest4_pkey on sbtest4  (cost=0.43..8.45 rows=1 width=121)
	  Index Cond: (id = 4942500)

table 5 : explain SELECT c FROM sbtest5 WHERE id=4980987
	Index Scan using sbtest5_pkey on sbtest5  (cost=0.43..8.45 rows=1 width=121)
	  Index Cond: (id = 4980987)

table 6 : explain SELECT c FROM sbtest6 WHERE id=9949292
	Index Scan using sbtest6_pkey on sbtest6  (cost=0.43..8.45 rows=1 width=121)
	  Index Cond: (id = 9949292)

table 7 : explain SELECT c FROM sbtest7 WHERE id=7592881
	Index Scan using sbtest7_pkey on sbtest7  (cost=0.43..8.45 rows=1 width=121)
	  Index Cond: (id = 7592881)

table 8 : explain SELECT c FROM sbtest8 WHERE id=8831392
	Index Scan using sbtest8_pkey on sbtest8  (cost=0.43..8.45 rows=1 width=121)
	  Index Cond: (id = 8831392)

for point_selects
table 1 : explain SELECT c FROM sbtest1 WHERE id=4339868
	Index Scan using sbtest1_pkey on sbtest1  (cost=0.43..8.45 rows=1 width=121)
	  Index Cond: (id = 4339868)

table 2 : explain SELECT c FROM sbtest2 WHERE id=7295858
	Index Scan using sbtest2_pkey on sbtest2  (cost=0.43..8.45 rows=1 width=121)
	  Index Cond: (id = 7295858)

table 3 : explain SELECT c FROM sbtest3 WHERE id=5217681
	Index Scan using sbtest3_pkey on sbtest3  (cost=0.43..8.45 rows=1 width=121)
	  Index Cond: (id = 5217681)

table 4 : explain SELECT c FROM sbtest4 WHERE id=3693795
	Index Scan using sbtest4_pkey on sbtest4  (cost=0.43..8.45 rows=1 width=121)
	  Index Cond: (id = 3693795)

table 5 : explain SELECT c FROM sbtest5 WHERE id=6485895
	Index Scan using sbtest5_pkey on sbtest5  (cost=0.43..8.45 rows=1 width=121)
	  Index Cond: (id = 6485895)

table 6 : explain SELECT c FROM sbtest6 WHERE id=3191201
	Index Scan using sbtest6_pkey on sbtest6  (cost=0.43..8.45 rows=1 width=121)
	  Index Cond: (id = 3191201)

table 7 : explain SELECT c FROM sbtest7 WHERE id=6613087
	Index Scan using sbtest7_pkey on sbtest7  (cost=0.43..8.45 rows=1 width=121)
	  Index Cond: (id = 6613087)

table 8 : explain SELECT c FROM sbtest8 WHERE id=3867356
	Index Scan using sbtest8_pkey on sbtest8  (cost=0.43..8.45 rows=1 width=121)
	  Index Cond: (id = 3867356)

for: distinct_ranges
table 1 : explain SELECT DISTINCT c FROM sbtest1 WHERE id BETWEEN 598344 AND 608343 ORDER BY c
	Unique  (cost=34537.25..34586.48 rows=9847 width=121)
	  ->  Sort  (cost=34537.25..34561.87 rows=9847 width=121)
	        Sort Key: c
	        ->  Bitmap Heap Scan on sbtest1  (cost=209.37..33884.12 rows=9847 width=121)
	              Recheck Cond: ((id >= 598344) AND (id <= 608343))
	              ->  Bitmap Index Scan on sbtest1_pkey  (cost=0.00..206.91 rows=9847 width=0)
	                    Index Cond: ((id >= 598344) AND (id <= 608343))

table 2 : explain SELECT DISTINCT c FROM sbtest2 WHERE id BETWEEN 17909 AND 27908 ORDER BY c
	Unique  (cost=34830.13..34879.76 rows=9925 width=121)
	  ->  Sort  (cost=34830.13..34854.94 rows=9925 width=121)
	        Sort Key: c
	        ->  Bitmap Heap Scan on sbtest2  (cost=218.17..34171.27 rows=9925 width=121)
	              Recheck Cond: ((id >= 17909) AND (id <= 27908))
	              ->  Bitmap Index Scan on sbtest2_pkey  (cost=0.00..215.69 rows=9925 width=0)
	                    Index Cond: ((id >= 17909) AND (id <= 27908))

table 3 : explain SELECT DISTINCT c FROM sbtest3 WHERE id BETWEEN 2938364 AND 2948363 ORDER BY c
	Unique  (cost=32238.66..32284.35 rows=9139 width=121)
	  ->  Sort  (cost=32238.66..32261.51 rows=9139 width=121)
	        Sort Key: c
	        ->  Bitmap Heap Scan on sbtest3  (cost=198.11..31637.41 rows=9139 width=121)
	              Recheck Cond: ((id >= 2938364) AND (id <= 2948363))
	              ->  Bitmap Index Scan on sbtest3_pkey  (cost=0.00..195.82 rows=9139 width=0)
	                    Index Cond: ((id >= 2938364) AND (id <= 2948363))

table 4 : explain SELECT DISTINCT c FROM sbtest4 WHERE id BETWEEN 2398291 AND 2408290 ORDER BY c
	Unique  (cost=34905.00..34954.80 rows=9961 width=121)
	  ->  Sort  (cost=34905.00..34929.90 rows=9961 width=121)
	        Sort Key: c
	        ->  Bitmap Heap Scan on sbtest4  (cost=214.54..34243.48 rows=9961 width=121)
	              Recheck Cond: ((id >= 2398291) AND (id <= 2408290))
	              ->  Bitmap Index Scan on sbtest4_pkey  (cost=0.00..212.05 rows=9961 width=0)
	                    Index Cond: ((id >= 2398291) AND (id <= 2408290))

table 5 : explain SELECT DISTINCT c FROM sbtest5 WHERE id BETWEEN 897785 AND 907784 ORDER BY c
	Unique  (cost=35371.24..35421.71 rows=10093 width=121)
	  ->  Sort  (cost=35371.24..35396.47 rows=10093 width=121)
	        Sort Key: c
	        ->  Bitmap Heap Scan on sbtest5  (cost=227.89..34700.00 rows=10093 width=121)
	              Recheck Cond: ((id >= 897785) AND (id <= 907784))
	              ->  Bitmap Index Scan on sbtest5_pkey  (cost=0.00..225.37 rows=10093 width=0)
	                    Index Cond: ((id >= 897785) AND (id <= 907784))

table 6 : explain SELECT DISTINCT c FROM sbtest6 WHERE id BETWEEN 7999596 AND 8009595 ORDER BY c
	Unique  (cost=34530.07..34579.28 rows=9841 width=121)
	  ->  Sort  (cost=34530.07..34554.68 rows=9841 width=121)
	        Sort Key: c
	        ->  Bitmap Heap Scan on sbtest6  (cost=213.31..33877.39 rows=9841 width=121)
	              Recheck Cond: ((id >= 7999596) AND (id <= 8009595))
	              ->  Bitmap Index Scan on sbtest6_pkey  (cost=0.00..210.84 rows=9841 width=0)
	                    Index Cond: ((id >= 7999596) AND (id <= 8009595))

table 7 : explain SELECT DISTINCT c FROM sbtest7 WHERE id BETWEEN 7183330 AND 7193329 ORDER BY c
	Unique  (cost=36747.88..36800.57 rows=10538 width=121)
	  ->  Sort  (cost=36747.88..36774.23 rows=10538 width=121)
	        Sort Key: c
	        ->  Bitmap Heap Scan on sbtest7  (cost=228.45..36043.77 rows=10538 width=121)
	              Recheck Cond: ((id >= 7183330) AND (id <= 7193329))
	              ->  Bitmap Index Scan on sbtest7_pkey  (cost=0.00..225.81 rows=10538 width=0)
	                    Index Cond: ((id >= 7183330) AND (id <= 7193329))

table 8 : explain SELECT DISTINCT c FROM sbtest8 WHERE id BETWEEN 6357065 AND 6367064 ORDER BY c
	Unique  (cost=36914.45..36967.39 rows=10587 width=121)
	  ->  Sort  (cost=36914.45..36940.92 rows=10587 width=121)
	        Sort Key: c
	        ->  Bitmap Heap Scan on sbtest8  (cost=228.95..36206.71 rows=10587 width=121)
	              Recheck Cond: ((id >= 6357065) AND (id <= 6367064))
	              ->  Bitmap Index Scan on sbtest8_pkey  (cost=0.00..226.31 rows=10587 width=0)
	                    Index Cond: ((id >= 6357065) AND (id <= 6367064))

for point_selects
table 1 : explain SELECT c FROM sbtest1 WHERE id=8138889
	Index Scan using sbtest1_pkey on sbtest1  (cost=0.43..8.45 rows=1 width=121)
	  Index Cond: (id = 8138889)

table 2 : explain SELECT c FROM sbtest2 WHERE id=2492936
	Index Scan using sbtest2_pkey on sbtest2  (cost=0.43..8.45 rows=1 width=121)
	  Index Cond: (id = 2492936)

table 3 : explain SELECT c FROM sbtest3 WHERE id=551890
	Index Scan using sbtest3_pkey on sbtest3  (cost=0.43..8.45 rows=1 width=121)
	  Index Cond: (id = 551890)

table 4 : explain SELECT c FROM sbtest4 WHERE id=2465476
	Index Scan using sbtest4_pkey on sbtest4  (cost=0.43..8.45 rows=1 width=121)
	  Index Cond: (id = 2465476)

table 5 : explain SELECT c FROM sbtest5 WHERE id=8881317
	Index Scan using sbtest5_pkey on sbtest5  (cost=0.43..8.45 rows=1 width=121)
	  Index Cond: (id = 8881317)

table 6 : explain SELECT c FROM sbtest6 WHERE id=4628610
	Index Scan using sbtest6_pkey on sbtest6  (cost=0.43..8.45 rows=1 width=121)
	  Index Cond: (id = 4628610)

table 7 : explain SELECT c FROM sbtest7 WHERE id=3509071
	Index Scan using sbtest7_pkey on sbtest7  (cost=0.43..8.45 rows=1 width=121)
	  Index Cond: (id = 3509071)

table 8 : explain SELECT c FROM sbtest8 WHERE id=4150901
	Index Scan using sbtest8_pkey on sbtest8  (cost=0.43..8.45 rows=1 width=121)
	  Index Cond: (id = 4150901)

for: order_ranges
table 1 : explain SELECT c FROM sbtest1 WHERE id BETWEEN 4917610 AND 4927609 ORDER BY c
	Sort  (cost=35238.46..35263.63 rows=10066 width=121)
	  Sort Key: c
	  ->  Bitmap Heap Scan on sbtest1  (cost=215.61..34569.21 rows=10066 width=121)
	        Recheck Cond: ((id >= 4917610) AND (id <= 4927609))
	        ->  Bitmap Index Scan on sbtest1_pkey  (cost=0.00..213.09 rows=10066 width=0)
	              Index Cond: ((id >= 4917610) AND (id <= 4927609))

table 2 : explain SELECT c FROM sbtest2 WHERE id BETWEEN 7449277 AND 7459276 ORDER BY c
	Sort  (cost=36253.56..36279.49 rows=10372 width=121)
	  Sort Key: c
	  ->  Bitmap Heap Scan on sbtest2  (cost=226.75..35561.72 rows=10372 width=121)
	        Recheck Cond: ((id >= 7449277) AND (id <= 7459276))
	        ->  Bitmap Index Scan on sbtest2_pkey  (cost=0.00..224.16 rows=10372 width=0)
	              Index Cond: ((id >= 7449277) AND (id <= 7459276))

table 3 : explain SELECT c FROM sbtest3 WHERE id BETWEEN 5932854 AND 5942853 ORDER BY c
	Sort  (cost=34047.96..34072.22 rows=9703 width=121)
	  Sort Key: c
	  ->  Bitmap Heap Scan on sbtest3  (cost=207.89..33405.41 rows=9703 width=121)
	        Recheck Cond: ((id >= 5932854) AND (id <= 5942853))
	        ->  Bitmap Index Scan on sbtest3_pkey  (cost=0.00..205.47 rows=9703 width=0)
	              Index Cond: ((id >= 5932854) AND (id <= 5942853))

table 4 : explain SELECT c FROM sbtest4 WHERE id BETWEEN 4597264 AND 4607263 ORDER BY c
	Sort  (cost=33823.61..33847.67 rows=9624 width=121)
	  Sort Key: c
	  ->  Bitmap Heap Scan on sbtest4  (cost=207.08..33186.86 rows=9624 width=121)
	        Recheck Cond: ((id >= 4597264) AND (id <= 4607263))
	        ->  Bitmap Index Scan on sbtest4_pkey  (cost=0.00..204.68 rows=9624 width=0)
	              Index Cond: ((id >= 4597264) AND (id <= 4607263))

table 5 : explain SELECT c FROM sbtest5 WHERE id BETWEEN 6665907 AND 6675906 ORDER BY c
	Sort  (cost=36041.84..36067.60 rows=10303 width=121)
	  Sort Key: c
	  ->  Bitmap Heap Scan on sbtest5  (cost=234.04..35355.11 rows=10303 width=121)
	        Recheck Cond: ((id >= 6665907) AND (id <= 6675906))
	        ->  Bitmap Index Scan on sbtest5_pkey  (cost=0.00..231.47 rows=10303 width=0)
	              Index Cond: ((id >= 6665907) AND (id <= 6675906))

table 6 : explain SELECT c FROM sbtest6 WHERE id BETWEEN 296360 AND 306359 ORDER BY c
	Sort  (cost=34484.00..34508.57 rows=9827 width=121)
	  Sort Key: c
	  ->  Bitmap Heap Scan on sbtest6  (cost=213.16..33832.34 rows=9827 width=121)
	        Recheck Cond: ((id >= 296360) AND (id <= 306359))
	        ->  Bitmap Index Scan on sbtest6_pkey  (cost=0.00..210.70 rows=9827 width=0)
	              Index Cond: ((id >= 296360) AND (id <= 306359))

table 7 : explain SELECT c FROM sbtest7 WHERE id BETWEEN 8920096 AND 8930095 ORDER BY c
	Sort  (cost=39460.66..39489.16 rows=11401 width=121)
	  Sort Key: c
	  ->  Bitmap Heap Scan on sbtest7  (cost=245.30..38692.41 rows=11401 width=121)
	        Recheck Cond: ((id >= 8920096) AND (id <= 8930095))
	        ->  Bitmap Index Scan on sbtest7_pkey  (cost=0.00..242.44 rows=11401 width=0)
	              Index Cond: ((id >= 8920096) AND (id <= 8930095))

table 8 : explain SELECT c FROM sbtest8 WHERE id BETWEEN 3073555 AND 3083554 ORDER BY c
	Sort  (cost=36190.93..36216.83 rows=10360 width=121)
	  Sort Key: c
	  ->  Bitmap Heap Scan on sbtest8  (cost=222.63..35499.98 rows=10360 width=121)
	        Recheck Cond: ((id >= 3073555) AND (id <= 3083554))
	        ->  Bitmap Index Scan on sbtest8_pkey  (cost=0.00..220.04 rows=10360 width=0)
	              Index Cond: ((id >= 3073555) AND (id <= 3083554))

for: distinct_ranges
table 1 : explain SELECT DISTINCT c FROM sbtest1 WHERE id BETWEEN 5205150 AND 5215149 ORDER BY c
	Unique  (cost=34774.92..34824.52 rows=9920 width=121)
	  ->  Sort  (cost=34774.92..34799.72 rows=9920 width=121)
	        Sort Key: c
	        ->  Bitmap Heap Scan on sbtest1  (cost=214.11..34116.42 rows=9920 width=121)
	              Recheck Cond: ((id >= 5205150) AND (id <= 5215149))
	              ->  Bitmap Index Scan on sbtest1_pkey  (cost=0.00..211.63 rows=9920 width=0)
	                    Index Cond: ((id >= 5205150) AND (id <= 5215149))

table 2 : explain SELECT DISTINCT c FROM sbtest2 WHERE id BETWEEN 5981813 AND 5991812 ORDER BY c
	Unique  (cost=35899.38..35950.68 rows=10260 width=121)
	  ->  Sort  (cost=35899.38..35925.03 rows=10260 width=121)
	        Sort Key: c
	        ->  Bitmap Heap Scan on sbtest2  (cost=225.60..35215.82 rows=10260 width=121)
	              Recheck Cond: ((id >= 5981813) AND (id <= 5991812))
	              ->  Bitmap Index Scan on sbtest2_pkey  (cost=0.00..223.04 rows=10260 width=0)
	                    Index Cond: ((id >= 5981813) AND (id <= 5991812))

table 3 : explain SELECT DISTINCT c FROM sbtest3 WHERE id BETWEEN 6502625 AND 6512624 ORDER BY c
	Unique  (cost=38507.94..38563.50 rows=11111 width=121)
	  ->  Sort  (cost=38507.94..38535.72 rows=11111 width=121)
	        Sort Key: c
	        ->  Bitmap Heap Scan on sbtest3  (cost=238.32..37761.30 rows=11111 width=121)
	              Recheck Cond: ((id >= 6502625) AND (id <= 6512624))
	              ->  Bitmap Index Scan on sbtest3_pkey  (cost=0.00..235.55 rows=11111 width=0)
	                    Index Cond: ((id >= 6502625) AND (id <= 6512624))

table 4 : explain SELECT DISTINCT c FROM sbtest4 WHERE id BETWEEN 2236735 AND 2246734 ORDER BY c
	Unique  (cost=32142.96..32188.48 rows=9103 width=121)
	  ->  Sort  (cost=32142.96..32165.72 rows=9103 width=121)
	        Sort Key: c
	        ->  Bitmap Heap Scan on sbtest4  (cost=193.74..31544.34 rows=9103 width=121)
	              Recheck Cond: ((id >= 2236735) AND (id <= 2246734))
	              ->  Bitmap Index Scan on sbtest4_pkey  (cost=0.00..191.47 rows=9103 width=0)
	                    Index Cond: ((id >= 2236735) AND (id <= 2246734))

table 5 : explain SELECT DISTINCT c FROM sbtest5 WHERE id BETWEEN 3886933 AND 3896932 ORDER BY c
	Unique  (cost=33442.95..33490.41 rows=9492 width=121)
	  ->  Sort  (cost=33442.95..33466.68 rows=9492 width=121)
	        Sort Key: c
	        ->  Bitmap Heap Scan on sbtest5  (cost=213.73..32815.88 rows=9492 width=121)
	              Recheck Cond: ((id >= 3886933) AND (id <= 3896932))
	              ->  Bitmap Index Scan on sbtest5_pkey  (cost=0.00..211.36 rows=9492 width=0)
	                    Index Cond: ((id >= 3886933) AND (id <= 3896932))

table 6 : explain SELECT DISTINCT c FROM sbtest6 WHERE id BETWEEN 5796758 AND 5806757 ORDER BY c
	Unique  (cost=37105.09..37158.34 rows=10651 width=121)
	  ->  Sort  (cost=37105.09..37131.71 rows=10651 width=121)
	        Sort Key: c
	        ->  Bitmap Heap Scan on sbtest6  (cost=229.61..36392.60 rows=10651 width=121)
	              Recheck Cond: ((id >= 5796758) AND (id <= 5806757))
	              ->  Bitmap Index Scan on sbtest6_pkey  (cost=0.00..226.94 rows=10651 width=0)
	                    Index Cond: ((id >= 5796758) AND (id <= 5806757))

table 7 : explain SELECT DISTINCT c FROM sbtest7 WHERE id BETWEEN 5364224 AND 5374223 ORDER BY c
	Unique  (cost=36407.97..36460.12 rows=10431 width=121)
	  ->  Sort  (cost=36407.97..36434.04 rows=10431 width=121)
	        Sort Key: c
	        ->  Bitmap Heap Scan on sbtest7  (cost=227.35..35711.77 rows=10431 width=121)
	              Recheck Cond: ((id >= 5364224) AND (id <= 5374223))
	              ->  Bitmap Index Scan on sbtest7_pkey  (cost=0.00..224.75 rows=10431 width=0)
	                    Index Cond: ((id >= 5364224) AND (id <= 5374223))

table 8 : explain SELECT DISTINCT c FROM sbtest8 WHERE id BETWEEN 4672476 AND 4682475 ORDER BY c
	Unique  (cost=35538.37..35589.14 rows=10154 width=121)
	  ->  Sort  (cost=35538.37..35563.75 rows=10154 width=121)
	        Sort Key: c
	        ->  Bitmap Heap Scan on sbtest8  (cost=220.51..34862.63 rows=10154 width=121)
	              Recheck Cond: ((id >= 4672476) AND (id <= 4682475))
	              ->  Bitmap Index Scan on sbtest8_pkey  (cost=0.00..217.98 rows=10154 width=0)
	                    Index Cond: ((id >= 4672476) AND (id <= 4682475))

for: order_ranges
table 1 : explain SELECT c FROM sbtest1 WHERE id BETWEEN 3031172 AND 3041171 ORDER BY c
	Sort  (cost=35445.29..35470.62 rows=10131 width=121)
	  Sort Key: c
	  ->  Bitmap Heap Scan on sbtest1  (cost=216.28..34771.25 rows=10131 width=121)
	        Recheck Cond: ((id >= 3031172) AND (id <= 3041171))
	        ->  Bitmap Index Scan on sbtest1_pkey  (cost=0.00..213.75 rows=10131 width=0)
	              Index Cond: ((id >= 3031172) AND (id <= 3041171))

table 2 : explain SELECT c FROM sbtest2 WHERE id BETWEEN 6966973 AND 6976972 ORDER BY c
	Sort  (cost=39293.22..39321.56 rows=11335 width=121)
	  Sort Key: c
	  ->  Bitmap Heap Scan on sbtest2  (cost=248.62..38529.90 rows=11335 width=121)
	        Recheck Cond: ((id >= 6966973) AND (id <= 6976972))
	        ->  Bitmap Index Scan on sbtest2_pkey  (cost=0.00..245.79 rows=11335 width=0)
	              Index Cond: ((id >= 6966973) AND (id <= 6976972))

table 3 : explain SELECT c FROM sbtest3 WHERE id BETWEEN 303275 AND 313274 ORDER BY c
	Sort  (cost=38193.36..38220.88 rows=11010 width=121)
	  Sort Key: c
	  ->  Bitmap Heap Scan on sbtest3  (cost=237.29..37454.23 rows=11010 width=121)
	        Recheck Cond: ((id >= 303275) AND (id <= 313274))
	        ->  Bitmap Index Scan on sbtest3_pkey  (cost=0.00..234.54 rows=11010 width=0)
	              Index Cond: ((id >= 303275) AND (id <= 313274))

table 4 : explain SELECT c FROM sbtest4 WHERE id BETWEEN 7628873 AND 7638872 ORDER BY c
	Sort  (cost=34328.29..34352.74 rows=9782 width=121)
	  Sort Key: c
	  ->  Bitmap Heap Scan on sbtest4  (cost=208.70..33679.94 rows=9782 width=121)
	        Recheck Cond: ((id >= 7628873) AND (id <= 7638872))
	        ->  Bitmap Index Scan on sbtest4_pkey  (cost=0.00..206.25 rows=9782 width=0)
	              Index Cond: ((id >= 7628873) AND (id <= 7638872))

table 5 : explain SELECT c FROM sbtest5 WHERE id BETWEEN 5353122 AND 5363121 ORDER BY c
	Sort  (cost=35936.16..35961.84 rows=10271 width=121)
	  Sort Key: c
	  ->  Bitmap Heap Scan on sbtest5  (cost=229.71..35251.79 rows=10271 width=121)
	        Recheck Cond: ((id >= 5353122) AND (id <= 5363121))
	        ->  Bitmap Index Scan on sbtest5_pkey  (cost=0.00..227.15 rows=10271 width=0)
	              Index Cond: ((id >= 5353122) AND (id <= 5363121))

table 6 : explain SELECT c FROM sbtest6 WHERE id BETWEEN 6603679 AND 6613678 ORDER BY c
	Sort  (cost=36229.26..36255.19 rows=10374 width=121)
	  Sort Key: c
	  ->  Bitmap Heap Scan on sbtest6  (cost=226.77..35537.27 rows=10374 width=121)
	        Recheck Cond: ((id >= 6603679) AND (id <= 6613678))
	        ->  Bitmap Index Scan on sbtest6_pkey  (cost=0.00..224.18 rows=10374 width=0)
	              Index Cond: ((id >= 6603679) AND (id <= 6613678))

table 7 : explain SELECT c FROM sbtest7 WHERE id BETWEEN 1116945 AND 1126944 ORDER BY c
	Sort  (cost=36079.88..36105.70 rows=10328 width=121)
	  Sort Key: c
	  ->  Bitmap Heap Scan on sbtest7  (cost=222.30..35391.30 rows=10328 width=121)
	        Recheck Cond: ((id >= 1116945) AND (id <= 1126944))
	        ->  Bitmap Index Scan on sbtest7_pkey  (cost=0.00..219.72 rows=10328 width=0)
	              Index Cond: ((id >= 1116945) AND (id <= 1126944))

table 8 : explain SELECT c FROM sbtest8 WHERE id BETWEEN 1035619 AND 1045618 ORDER BY c
	Sort  (cost=35538.37..35563.75 rows=10154 width=121)
	  Sort Key: c
	  ->  Bitmap Heap Scan on sbtest8  (cost=220.51..34862.63 rows=10154 width=121)
	        Recheck Cond: ((id >= 1035619) AND (id <= 1045618))
	        ->  Bitmap Index Scan on sbtest8_pkey  (cost=0.00..217.98 rows=10154 width=0)
	              Index Cond: ((id >= 1035619) AND (id <= 1045618))

for: sum_ranges
table 1 : explain SELECT SUM(k) FROM sbtest1 WHERE id BETWEEN 8419086 AND 8429085
	Aggregate  (cost=35198.09..35198.10 rows=1 width=8)
	  ->  Bitmap Heap Scan on sbtest1  (cost=221.59..35172.44 rows=10259 width=4)
	        Recheck Cond: ((id >= 8419086) AND (id <= 8429085))
	        ->  Bitmap Index Scan on sbtest1_pkey  (cost=0.00..219.03 rows=10259 width=0)
	              Index Cond: ((id >= 8419086) AND (id <= 8429085))

table 2 : explain SELECT SUM(k) FROM sbtest2 WHERE id BETWEEN 2628926 AND 2638925
	Aggregate  (cost=34685.16..34685.17 rows=1 width=8)
	  ->  Bitmap Heap Scan on sbtest2  (cost=219.78..34659.96 rows=10082 width=4)
	        Recheck Cond: ((id >= 2628926) AND (id <= 2638925))
	        ->  Bitmap Index Scan on sbtest2_pkey  (cost=0.00..217.25 rows=10082 width=0)
	              Index Cond: ((id >= 2628926) AND (id <= 2638925))

table 3 : explain SELECT SUM(k) FROM sbtest3 WHERE id BETWEEN 7773531 AND 7783530
	Aggregate  (cost=32583.35..32583.36 rows=1 width=8)
	  ->  Bitmap Heap Scan on sbtest3  (cost=201.12..32559.77 rows=9433 width=4)
	        Recheck Cond: ((id >= 7773531) AND (id <= 7783530))
	        ->  Bitmap Index Scan on sbtest3_pkey  (cost=0.00..198.76 rows=9433 width=0)
	              Index Cond: ((id >= 7773531) AND (id <= 7783530))

table 4 : explain SELECT SUM(k) FROM sbtest4 WHERE id BETWEEN 7617629 AND 7627628
	Aggregate  (cost=33704.40..33704.41 rows=1 width=8)
	  ->  Bitmap Heap Scan on sbtest4  (cost=208.70..33679.94 rows=9782 width=4)
	        Recheck Cond: ((id >= 7617629) AND (id <= 7627628))
	        ->  Bitmap Index Scan on sbtest4_pkey  (cost=0.00..206.25 rows=9782 width=0)
	              Index Cond: ((id >= 7617629) AND (id <= 7627628))

table 5 : explain SELECT SUM(k) FROM sbtest5 WHERE id BETWEEN 7148758 AND 7158757
	Aggregate  (cost=30351.61..30351.62 rows=1 width=8)
	  ->  Bitmap Heap Scan on sbtest5  (cost=197.68..30329.84 rows=8707 width=4)
	        Recheck Cond: ((id >= 7148758) AND (id <= 7158757))
	        ->  Bitmap Index Scan on sbtest5_pkey  (cost=0.00..195.50 rows=8707 width=0)
	              Index Cond: ((id >= 7148758) AND (id <= 7158757))

table 6 : explain SELECT SUM(k) FROM sbtest6 WHERE id BETWEEN 4436321 AND 4446320
	Aggregate  (cost=34478.63..34478.64 rows=1 width=8)
	  ->  Bitmap Heap Scan on sbtest6  (cost=219.19..34453.56 rows=10025 width=4)
	        Recheck Cond: ((id >= 4436321) AND (id <= 4446320))
	        ->  Bitmap Index Scan on sbtest6_pkey  (cost=0.00..216.69 rows=10025 width=0)
	              Index Cond: ((id >= 4436321) AND (id <= 4446320))

table 7 : explain SELECT SUM(k) FROM sbtest7 WHERE id BETWEEN 6904226 AND 6914225
	Aggregate  (cost=34126.15..34126.16 rows=1 width=8)
	  ->  Bitmap Heap Scan on sbtest7  (cost=214.04..34101.36 rows=9913 width=4)
	        Recheck Cond: ((id >= 6904226) AND (id <= 6914225))
	        ->  Bitmap Index Scan on sbtest7_pkey  (cost=0.00..211.56 rows=9913 width=0)
	              Index Cond: ((id >= 6904226) AND (id <= 6914225))

table 8 : explain SELECT SUM(k) FROM sbtest8 WHERE id BETWEEN 4380447 AND 4390446
	Aggregate  (cost=31245.53..31245.54 rows=1 width=8)
	  ->  Bitmap Heap Scan on sbtest8  (cost=196.63..31223.04 rows=8995 width=4)
	        Recheck Cond: ((id >= 4380447) AND (id <= 4390446))
	        ->  Bitmap Index Scan on sbtest8_pkey  (cost=0.00..194.38 rows=8995 width=0)
	              Index Cond: ((id >= 4380447) AND (id <= 4390446))

for: order_ranges
table 1 : explain SELECT c FROM sbtest1 WHERE id BETWEEN 714304 AND 724303 ORDER BY c
	Sort  (cost=35543.73..35569.14 rows=10162 width=121)
	  Sort Key: c
	  ->  Bitmap Heap Scan on sbtest1  (cost=216.60..34867.41 rows=10162 width=121)
	        Recheck Cond: ((id >= 714304) AND (id <= 724303))
	        ->  Bitmap Index Scan on sbtest1_pkey  (cost=0.00..214.06 rows=10162 width=0)
	              Index Cond: ((id >= 714304) AND (id <= 724303))

table 2 : explain SELECT c FROM sbtest2 WHERE id BETWEEN 3973325 AND 3983324 ORDER BY c
	Sort  (cost=35856.76..35882.38 rows=10247 width=121)
	  Sort Key: c
	  ->  Bitmap Heap Scan on sbtest2  (cost=225.47..35174.16 rows=10247 width=121)
	        Recheck Cond: ((id >= 3973325) AND (id <= 3983324))
	        ->  Bitmap Index Scan on sbtest2_pkey  (cost=0.00..222.91 rows=10247 width=0)
	              Index Cond: ((id >= 3973325) AND (id <= 3983324))

table 3 : explain SELECT c FROM sbtest3 WHERE id BETWEEN 2010139 AND 2020138 ORDER BY c
	Sort  (cost=38527.37..38555.16 rows=11117 width=121)
	  Sort Key: c
	  ->  Bitmap Heap Scan on sbtest3  (cost=238.38..37780.28 rows=11117 width=121)
	        Recheck Cond: ((id >= 2010139) AND (id <= 2020138))
	        ->  Bitmap Index Scan on sbtest3_pkey  (cost=0.00..235.61 rows=11117 width=0)
	              Index Cond: ((id >= 2010139) AND (id <= 2020138))

table 4 : explain SELECT c FROM sbtest4 WHERE id BETWEEN 6694350 AND 6704349 ORDER BY c
	Sort  (cost=33420.49..33444.23 rows=9498 width=121)
	  Sort Key: c
	  ->  Bitmap Heap Scan on sbtest4  (cost=205.79..32792.98 rows=9498 width=121)
	        Recheck Cond: ((id >= 6694350) AND (id <= 6704349))
	        ->  Bitmap Index Scan on sbtest4_pkey  (cost=0.00..203.42 rows=9498 width=0)
	              Index Cond: ((id >= 6694350) AND (id <= 6704349))

table 5 : explain SELECT c FROM sbtest5 WHERE id BETWEEN 8679980 AND 8689979 ORDER BY c
	Sort  (cost=35965.66..35991.36 rows=10280 width=121)
	  Sort Key: c
	  ->  Bitmap Heap Scan on sbtest5  (cost=229.81..35280.62 rows=10280 width=121)
	        Recheck Cond: ((id >= 8679980) AND (id <= 8689979))
	        ->  Bitmap Index Scan on sbtest5_pkey  (cost=0.00..227.24 rows=10280 width=0)
	              Index Cond: ((id >= 8679980) AND (id <= 8689979))

table 6 : explain SELECT c FROM sbtest6 WHERE id BETWEEN 6829519 AND 6839518 ORDER BY c
	Sort  (cost=33301.15..33324.79 rows=9458 width=121)
	  Sort Key: c
	  ->  Bitmap Heap Scan on sbtest6  (cost=205.38..32676.58 rows=9458 width=121)
	        Recheck Cond: ((id >= 6829519) AND (id <= 6839518))
	        ->  Bitmap Index Scan on sbtest6_pkey  (cost=0.00..203.01 rows=9458 width=0)
	              Index Cond: ((id >= 6829519) AND (id <= 6839518))

table 7 : explain SELECT c FROM sbtest7 WHERE id BETWEEN 2266148 AND 2276147 ORDER BY c
	Sort  (cost=36371.19..36397.24 rows=10420 width=121)
	  Sort Key: c
	  ->  Bitmap Heap Scan on sbtest7  (cost=223.24..35675.81 rows=10420 width=121)
	        Recheck Cond: ((id >= 2266148) AND (id <= 2276147))
	        ->  Bitmap Index Scan on sbtest7_pkey  (cost=0.00..220.63 rows=10420 width=0)
	              Index Cond: ((id >= 2266148) AND (id <= 2276147))

table 8 : explain SELECT c FROM sbtest8 WHERE id BETWEEN 1527740 AND 1537739 ORDER BY c
	Sort  (cost=34105.66..34129.92 rows=9705 width=121)
	  Sort Key: c
	  ->  Bitmap Heap Scan on sbtest8  (cost=211.91..33462.97 rows=9705 width=121)
	        Recheck Cond: ((id >= 1527740) AND (id <= 1537739))
	        ->  Bitmap Index Scan on sbtest8_pkey  (cost=0.00..209.49 rows=9705 width=0)
	              Index Cond: ((id >= 1527740) AND (id <= 1537739))

for: simple_ranges
table 1 : explain SELECT c FROM sbtest1 WHERE id BETWEEN 7561903 AND 7571902
	Bitmap Heap Scan on sbtest1  (cost=214.96..34370.22 rows=10002 width=121)
	  Recheck Cond: ((id >= 7561903) AND (id <= 7571902))
	  ->  Bitmap Index Scan on sbtest1_pkey  (cost=0.00..212.45 rows=10002 width=0)
	        Index Cond: ((id >= 7561903) AND (id <= 7571902))

table 2 : explain SELECT c FROM sbtest2 WHERE id BETWEEN 3064705 AND 3074704
	Bitmap Heap Scan on sbtest2  (cost=218.01..34123.00 rows=9910 width=121)
	  Recheck Cond: ((id >= 3064705) AND (id <= 3074704))
	  ->  Bitmap Index Scan on sbtest2_pkey  (cost=0.00..215.54 rows=9910 width=0)
	        Index Cond: ((id >= 3064705) AND (id <= 3074704))

table 3 : explain SELECT c FROM sbtest3 WHERE id BETWEEN 5476735 AND 5486734
	Bitmap Heap Scan on sbtest3  (cost=254.52..40193.77 rows=11911 width=121)
	  Recheck Cond: ((id >= 5476735) AND (id <= 5486734))
	  ->  Bitmap Index Scan on sbtest3_pkey  (cost=0.00..251.55 rows=11911 width=0)
	        Index Cond: ((id >= 5476735) AND (id <= 5486734))

table 4 : explain SELECT c FROM sbtest4 WHERE id BETWEEN 9545745 AND 9555744
	Bitmap Heap Scan on sbtest4  (cost=215.82..34631.86 rows=10086 width=121)
	  Recheck Cond: ((id >= 9545745) AND (id <= 9555744))
	  ->  Bitmap Index Scan on sbtest4_pkey  (cost=0.00..213.30 rows=10086 width=0)
	        Index Cond: ((id >= 9545745) AND (id <= 9555744))

table 5 : explain SELECT c FROM sbtest5 WHERE id BETWEEN 389119 AND 399118
	Bitmap Heap Scan on sbtest5  (cost=220.91..33788.72 rows=9802 width=121)
	  Recheck Cond: ((id >= 389119) AND (id <= 399118))
	  ->  Bitmap Index Scan on sbtest5_pkey  (cost=0.00..218.45 rows=9802 width=0)
	        Index Cond: ((id >= 389119) AND (id <= 399118))

table 6 : explain SELECT c FROM sbtest6 WHERE id BETWEEN 8639852 AND 8649851
	Bitmap Heap Scan on sbtest6  (cost=199.02..31950.39 rows=9228 width=121)
	  Recheck Cond: ((id >= 8639852) AND (id <= 8649851))
	  ->  Bitmap Index Scan on sbtest6_pkey  (cost=0.00..196.72 rows=9228 width=0)
	        Index Cond: ((id >= 8639852) AND (id <= 8649851))

table 7 : explain SELECT c FROM sbtest7 WHERE id BETWEEN 9789902 AND 9799901
	Bitmap Heap Scan on sbtest7  (cost=199.37..32056.32 rows=9262 width=121)
	  Recheck Cond: ((id >= 9789902) AND (id <= 9799901))
	  ->  Bitmap Index Scan on sbtest7_pkey  (cost=0.00..197.06 rows=9262 width=0)
	        Index Cond: ((id >= 9789902) AND (id <= 9799901))

table 8 : explain SELECT c FROM sbtest8 WHERE id BETWEEN 5534670 AND 5544669
	Bitmap Heap Scan on sbtest8  (cost=212.29..33575.83 rows=9742 width=121)
	  Recheck Cond: ((id >= 5534670) AND (id <= 5544669))
	  ->  Bitmap Index Scan on sbtest8_pkey  (cost=0.00..209.86 rows=9742 width=0)
	        Index Cond: ((id >= 5534670) AND (id <= 5544669))

for: order_ranges
table 1 : explain SELECT c FROM sbtest1 WHERE id BETWEEN 4978467 AND 4988466 ORDER BY c
	Sort  (cost=34745.34..34770.11 rows=9911 width=121)
	  Sort Key: c
	  ->  Bitmap Heap Scan on sbtest1  (cost=214.02..34087.50 rows=9911 width=121)
	        Recheck Cond: ((id >= 4978467) AND (id <= 4988466))
	        ->  Bitmap Index Scan on sbtest1_pkey  (cost=0.00..211.55 rows=9911 width=0)
	              Index Cond: ((id >= 4978467) AND (id <= 4988466))

table 2 : explain SELECT c FROM sbtest2 WHERE id BETWEEN 5546436 AND 5556435 ORDER BY c
	Sort  (cost=34361.30..34385.75 rows=9780 width=121)
	  Sort Key: c
	  ->  Bitmap Heap Scan on sbtest2  (cost=212.68..33713.10 rows=9780 width=121)
	        Recheck Cond: ((id >= 5546436) AND (id <= 5556435))
	        ->  Bitmap Index Scan on sbtest2_pkey  (cost=0.00..210.24 rows=9780 width=0)
	              Index Cond: ((id >= 5546436) AND (id <= 5556435))

table 3 : explain SELECT c FROM sbtest3 WHERE id BETWEEN 9178766 AND 9188765 ORDER BY c
	Sort  (cost=31423.91..31446.13 rows=8888 width=121)
	  Sort Key: c
	  ->  Bitmap Heap Scan on sbtest3  (cost=191.54..30840.96 rows=8888 width=121)
	        Recheck Cond: ((id >= 9178766) AND (id <= 9188765))
	        ->  Bitmap Index Scan on sbtest3_pkey  (cost=0.00..189.31 rows=8888 width=0)
	              Index Cond: ((id >= 9178766) AND (id <= 9188765))

table 4 : explain SELECT c FROM sbtest4 WHERE id BETWEEN 7970298 AND 7980297 ORDER BY c
	Sort  (cost=36316.04..36342.06 rows=10405 width=121)
	  Sort Key: c
	  ->  Bitmap Heap Scan on sbtest4  (cost=223.09..35621.77 rows=10405 width=121)
	        Recheck Cond: ((id >= 7970298) AND (id <= 7980297))
	        ->  Bitmap Index Scan on sbtest4_pkey  (cost=0.00..220.49 rows=10405 width=0)
	              Index Cond: ((id >= 7970298) AND (id <= 7980297))

table 5 : explain SELECT c FROM sbtest5 WHERE id BETWEEN 1702509 AND 1712508 ORDER BY c
	Sort  (cost=36618.45..36644.66 rows=10485 width=121)
	  Sort Key: c
	  ->  Bitmap Heap Scan on sbtest5  (cost=235.91..35918.26 rows=10485 width=121)
	        Recheck Cond: ((id >= 1702509) AND (id <= 1712508))
	        ->  Bitmap Index Scan on sbtest5_pkey  (cost=0.00..233.29 rows=10485 width=0)
	              Index Cond: ((id >= 1702509) AND (id <= 1712508))

table 6 : explain SELECT c FROM sbtest6 WHERE id BETWEEN 3780961 AND 3790960 ORDER BY c
	Sort  (cost=33549.29..33573.13 rows=9536 width=121)
	  Sort Key: c
	  ->  Bitmap Heap Scan on sbtest6  (cost=206.18..32919.00 rows=9536 width=121)
	        Recheck Cond: ((id >= 3780961) AND (id <= 3790960))
	        ->  Bitmap Index Scan on sbtest6_pkey  (cost=0.00..203.80 rows=9536 width=0)
	              Index Cond: ((id >= 3780961) AND (id <= 3790960))

table 7 : explain SELECT c FROM sbtest7 WHERE id BETWEEN 9451098 AND 9461097 ORDER BY c
	Sort  (cost=36063.52..36089.33 rows=10323 width=121)
	  Sort Key: c
	  ->  Bitmap Heap Scan on sbtest7  (cost=222.25..35375.31 rows=10323 width=121)
	        Recheck Cond: ((id >= 9451098) AND (id <= 9461097))
	        ->  Bitmap Index Scan on sbtest7_pkey  (cost=0.00..219.67 rows=10323 width=0)
	              Index Cond: ((id >= 9451098) AND (id <= 9461097))

table 8 : explain SELECT c FROM sbtest8 WHERE id BETWEEN 2079647 AND 2089646 ORDER BY c
	Sort  (cost=36603.99..36630.21 rows=10489 width=121)
	  Sort Key: c
	  ->  Bitmap Heap Scan on sbtest8  (cost=227.95..35903.50 rows=10489 width=121)
	        Recheck Cond: ((id >= 2079647) AND (id <= 2089646))
	        ->  Bitmap Index Scan on sbtest8_pkey  (cost=0.00..225.32 rows=10489 width=0)
	              Index Cond: ((id >= 2079647) AND (id <= 2089646))

for point_selects
table 1 : explain SELECT c FROM sbtest1 WHERE id=7010936
	Index Scan using sbtest1_pkey on sbtest1  (cost=0.43..8.45 rows=1 width=121)
	  Index Cond: (id = 7010936)

table 2 : explain SELECT c FROM sbtest2 WHERE id=110994
	Index Scan using sbtest2_pkey on sbtest2  (cost=0.43..8.45 rows=1 width=121)
	  Index Cond: (id = 110994)

table 3 : explain SELECT c FROM sbtest3 WHERE id=4827532
	Index Scan using sbtest3_pkey on sbtest3  (cost=0.43..8.45 rows=1 width=121)
	  Index Cond: (id = 4827532)

table 4 : explain SELECT c FROM sbtest4 WHERE id=5669609
	Index Scan using sbtest4_pkey on sbtest4  (cost=0.43..8.45 rows=1 width=121)
	  Index Cond: (id = 5669609)

table 5 : explain SELECT c FROM sbtest5 WHERE id=8026512
	Index Scan using sbtest5_pkey on sbtest5  (cost=0.43..8.45 rows=1 width=121)
	  Index Cond: (id = 8026512)

table 6 : explain SELECT c FROM sbtest6 WHERE id=3809746
	Index Scan using sbtest6_pkey on sbtest6  (cost=0.43..8.45 rows=1 width=121)
	  Index Cond: (id = 3809746)

table 7 : explain SELECT c FROM sbtest7 WHERE id=8735877
	Index Scan using sbtest7_pkey on sbtest7  (cost=0.43..8.45 rows=1 width=121)
	  Index Cond: (id = 8735877)

table 8 : explain SELECT c FROM sbtest8 WHERE id=4125153
	Index Scan using sbtest8_pkey on sbtest8  (cost=0.43..8.45 rows=1 width=121)
	  Index Cond: (id = 4125153)

for: distinct_ranges
table 1 : explain SELECT DISTINCT c FROM sbtest1 WHERE id BETWEEN 1236311 AND 1246310 ORDER BY c
	Unique  (cost=35645.41..35696.38 rows=10194 width=121)
	  ->  Sort  (cost=35645.41..35670.90 rows=10194 width=121)
	        Sort Key: c
	        ->  Bitmap Heap Scan on sbtest1  (cost=216.92..34966.72 rows=10194 width=121)
	              Recheck Cond: ((id >= 1236311) AND (id <= 1246310))
	              ->  Bitmap Index Scan on sbtest1_pkey  (cost=0.00..214.38 rows=10194 width=0)
	                    Index Cond: ((id >= 1236311) AND (id <= 1246310))

table 2 : explain SELECT DISTINCT c FROM sbtest2 WHERE id BETWEEN 116597 AND 126596 ORDER BY c
	Unique  (cost=34892.75..34942.48 rows=9945 width=121)
	  ->  Sort  (cost=34892.75..34917.61 rows=9945 width=121)
	        Sort Key: c
	        ->  Bitmap Heap Scan on sbtest2  (cost=218.37..34232.41 rows=9945 width=121)
	              Recheck Cond: ((id >= 116597) AND (id <= 126596))
	              ->  Bitmap Index Scan on sbtest2_pkey  (cost=0.00..215.88 rows=9945 width=0)
	                    Index Cond: ((id >= 116597) AND (id <= 126596))

table 3 : explain SELECT DISTINCT c FROM sbtest3 WHERE id BETWEEN 3202305 AND 3212304 ORDER BY c
	Unique  (cost=36862.30..36915.24 rows=10587 width=121)
	  ->  Sort  (cost=36862.30..36888.77 rows=10587 width=121)
	        Sort Key: c
	        ->  Bitmap Heap Scan on sbtest3  (cost=228.95..36154.56 rows=10587 width=121)
	              Recheck Cond: ((id >= 3202305) AND (id <= 3212304))
	              ->  Bitmap Index Scan on sbtest3_pkey  (cost=0.00..226.31 rows=10587 width=0)
	                    Index Cond: ((id >= 3202305) AND (id <= 3212304))

table 4 : explain SELECT DISTINCT c FROM sbtest4 WHERE id BETWEEN 1739677 AND 1749676 ORDER BY c
	Unique  (cost=39385.82..39442.72 rows=11380 width=121)
	  ->  Sort  (cost=39385.82..39414.27 rows=11380 width=121)
	        Sort Key: c
	        ->  Bitmap Heap Scan on sbtest4  (cost=245.08..38619.13 rows=11380 width=121)
	              Recheck Cond: ((id >= 1739677) AND (id <= 1749676))
	              ->  Bitmap Index Scan on sbtest4_pkey  (cost=0.00..242.24 rows=11380 width=0)
	                    Index Cond: ((id >= 1739677) AND (id <= 1749676))

table 5 : explain SELECT DISTINCT c FROM sbtest5 WHERE id BETWEEN 4258454 AND 4268453 ORDER BY c
	Unique  (cost=34629.73..34679.03 rows=9861 width=121)
	  ->  Sort  (cost=34629.73..34654.38 rows=9861 width=121)
	        Sort Key: c
	        ->  Bitmap Heap Scan on sbtest5  (cost=221.51..33975.57 rows=9861 width=121)
	              Recheck Cond: ((id >= 4258454) AND (id <= 4268453))
	              ->  Bitmap Index Scan on sbtest5_pkey  (cost=0.00..219.05 rows=9861 width=0)
	                    Index Cond: ((id >= 4258454) AND (id <= 4268453))

table 6 : explain SELECT DISTINCT c FROM sbtest6 WHERE id BETWEEN 1143379 AND 1153378 ORDER BY c
	Unique  (cost=32601.24..32647.44 rows=9241 width=121)
	  ->  Sort  (cost=32601.24..32624.34 rows=9241 width=121)
	        Sort Key: c
	        ->  Bitmap Heap Scan on sbtest6  (cost=199.16..31992.54 rows=9241 width=121)
	              Recheck Cond: ((id >= 1143379) AND (id <= 1153378))
	              ->  Bitmap Index Scan on sbtest6_pkey  (cost=0.00..196.84 rows=9241 width=0)
	                    Index Cond: ((id >= 1143379) AND (id <= 1153378))

table 7 : explain SELECT DISTINCT c FROM sbtest7 WHERE id BETWEEN 4195963 AND 4205962 ORDER BY c
	Unique  (cost=35706.26..35757.31 rows=10210 width=121)
	  ->  Sort  (cost=35706.26..35731.79 rows=10210 width=121)
	        Sort Key: c
	        ->  Bitmap Heap Scan on sbtest7  (cost=221.09..35026.39 rows=10210 width=121)
	              Recheck Cond: ((id >= 4195963) AND (id <= 4205962))
	              ->  Bitmap Index Scan on sbtest7_pkey  (cost=0.00..218.54 rows=10210 width=0)
	                    Index Cond: ((id >= 4195963) AND (id <= 4205962))

table 8 : explain SELECT DISTINCT c FROM sbtest8 WHERE id BETWEEN 6243351 AND 6253350 ORDER BY c
	Unique  (cost=34118.84..34167.39 rows=9709 width=121)
	  ->  Sort  (cost=34118.84..34143.12 rows=9709 width=121)
	        Sort Key: c
	        ->  Bitmap Heap Scan on sbtest8  (cost=211.95..33475.86 rows=9709 width=121)
	              Recheck Cond: ((id >= 6243351) AND (id <= 6253350))
	              ->  Bitmap Index Scan on sbtest8_pkey  (cost=0.00..209.53 rows=9709 width=0)
	                    Index Cond: ((id >= 6243351) AND (id <= 6253350))

for: distinct_ranges
table 1 : explain SELECT DISTINCT c FROM sbtest1 WHERE id BETWEEN 2455226 AND 2465225 ORDER BY c
	Unique  (cost=34715.65..34765.16 rows=9901 width=121)
	  ->  Sort  (cost=34715.65..34740.40 rows=9901 width=121)
	        Sort Key: c
	        ->  Bitmap Heap Scan on sbtest1  (cost=213.92..34058.55 rows=9901 width=121)
	              Recheck Cond: ((id >= 2455226) AND (id <= 2465225))
	              ->  Bitmap Index Scan on sbtest1_pkey  (cost=0.00..211.44 rows=9901 width=0)
	                    Index Cond: ((id >= 2455226) AND (id <= 2465225))

table 2 : explain SELECT DISTINCT c FROM sbtest2 WHERE id BETWEEN 7290290 AND 7300289 ORDER BY c
	Unique  (cost=33829.51..33877.58 rows=9614 width=121)
	  ->  Sort  (cost=33829.51..33853.54 rows=9614 width=121)
	        Sort Key: c
	        ->  Bitmap Heap Scan on sbtest2  (cost=210.98..33193.49 rows=9614 width=121)
	              Recheck Cond: ((id >= 7290290) AND (id <= 7300289))
	              ->  Bitmap Index Scan on sbtest2_pkey  (cost=0.00..208.57 rows=9614 width=0)
	                    Index Cond: ((id >= 7290290) AND (id <= 7300289))

table 3 : explain SELECT DISTINCT c FROM sbtest3 WHERE id BETWEEN 2440368 AND 2450367 ORDER BY c
	Unique  (cost=33109.74..33156.79 rows=9410 width=121)
	  ->  Sort  (cost=33109.74..33133.27 rows=9410 width=121)
	        Sort Key: c
	        ->  Bitmap Heap Scan on sbtest3  (cost=200.89..32488.69 rows=9410 width=121)
	              Recheck Cond: ((id >= 2440368) AND (id <= 2450367))
	              ->  Bitmap Index Scan on sbtest3_pkey  (cost=0.00..198.54 rows=9410 width=0)
	                    Index Cond: ((id >= 2440368) AND (id <= 2450367))

table 4 : explain SELECT DISTINCT c FROM sbtest4 WHERE id BETWEEN 9575876 AND 9585875 ORDER BY c
	Unique  (cost=35151.56..35201.75 rows=10039 width=121)
	  ->  Sort  (cost=35151.56..35176.66 rows=10039 width=121)
	        Sort Key: c
	        ->  Bitmap Heap Scan on sbtest4  (cost=215.33..34484.30 rows=10039 width=121)
	              Recheck Cond: ((id >= 9575876) AND (id <= 9585875))
	              ->  Bitmap Index Scan on sbtest4_pkey  (cost=0.00..212.82 rows=10039 width=0)
	                    Index Cond: ((id >= 9575876) AND (id <= 9585875))

table 5 : explain SELECT DISTINCT c FROM sbtest5 WHERE id BETWEEN 3387232 AND 3397231 ORDER BY c
	Unique  (cost=35042.20..35092.15 rows=9989 width=121)
	  ->  Sort  (cost=35042.20..35067.18 rows=9989 width=121)
	        Sort Key: c
	        ->  Bitmap Heap Scan on sbtest5  (cost=226.82..34378.63 rows=9989 width=121)
	              Recheck Cond: ((id >= 3387232) AND (id <= 3397231))
	              ->  Bitmap Index Scan on sbtest5_pkey  (cost=0.00..224.32 rows=9989 width=0)
	                    Index Cond: ((id >= 3387232) AND (id <= 3397231))

table 6 : explain SELECT DISTINCT c FROM sbtest6 WHERE id BETWEEN 2697840 AND 2707839 ORDER BY c
	Unique  (cost=40618.69..40677.55 rows=11772 width=121)
	  ->  Sort  (cost=40618.69..40648.12 rows=11772 width=121)
	        Sort Key: c
	        ->  Bitmap Heap Scan on sbtest6  (cost=253.10..39822.72 rows=11772 width=121)
	              Recheck Cond: ((id >= 2697840) AND (id <= 2707839))
	              ->  Bitmap Index Scan on sbtest6_pkey  (cost=0.00..250.16 rows=11772 width=0)
	                    Index Cond: ((id >= 2697840) AND (id <= 2707839))

table 7 : explain SELECT DISTINCT c FROM sbtest7 WHERE id BETWEEN 8268411 AND 8278410 ORDER BY c
	Unique  (cost=37358.16..37411.82 rows=10732 width=121)
	  ->  Sort  (cost=37358.16..37384.99 rows=10732 width=121)
	        Sort Key: c
	        ->  Bitmap Heap Scan on sbtest7  (cost=230.44..36639.68 rows=10732 width=121)
	              Recheck Cond: ((id >= 8268411) AND (id <= 8278410))
	              ->  Bitmap Index Scan on sbtest7_pkey  (cost=0.00..227.75 rows=10732 width=0)
	                    Index Cond: ((id >= 8268411) AND (id <= 8278410))

table 8 : explain SELECT DISTINCT c FROM sbtest8 WHERE id BETWEEN 5989826 AND 5999825 ORDER BY c
	Unique  (cost=35334.75..35385.20 rows=10090 width=121)
	  ->  Sort  (cost=35334.75..35359.97 rows=10090 width=121)
	        Sort Key: c
	        ->  Bitmap Heap Scan on sbtest8  (cost=219.86..34663.73 rows=10090 width=121)
	              Recheck Cond: ((id >= 5989826) AND (id <= 5999825))
	              ->  Bitmap Index Scan on sbtest8_pkey  (cost=0.00..217.34 rows=10090 width=0)
	                    Index Cond: ((id >= 5989826) AND (id <= 5999825))

for: simple_ranges
table 1 : explain SELECT c FROM sbtest1 WHERE id BETWEEN 3727789 AND 3737788
	Bitmap Heap Scan on sbtest1  (cost=209.36..33880.91 rows=9846 width=121)
	  Recheck Cond: ((id >= 3727789) AND (id <= 3737788))
	  ->  Bitmap Index Scan on sbtest1_pkey  (cost=0.00..206.90 rows=9846 width=0)
	        Index Cond: ((id >= 3727789) AND (id <= 3737788))

table 2 : explain SELECT c FROM sbtest2 WHERE id BETWEEN 6692132 AND 6702131
	Bitmap Heap Scan on sbtest2  (cost=213.52..33970.88 rows=9862 width=121)
	  Recheck Cond: ((id >= 6692132) AND (id <= 6702131))
	  ->  Bitmap Index Scan on sbtest2_pkey  (cost=0.00..211.06 rows=9862 width=0)
	        Index Cond: ((id >= 6692132) AND (id <= 6702131))

table 3 : explain SELECT c FROM sbtest3 WHERE id BETWEEN 2423177 AND 2433176
	Bitmap Heap Scan on sbtest3  (cost=200.89..32488.69 rows=9410 width=121)
	  Recheck Cond: ((id >= 2423177) AND (id <= 2433176))
	  ->  Bitmap Index Scan on sbtest3_pkey  (cost=0.00..198.54 rows=9410 width=0)
	        Index Cond: ((id >= 2423177) AND (id <= 2433176))

table 4 : explain SELECT c FROM sbtest4 WHERE id BETWEEN 6036239 AND 6046238
	Bitmap Heap Scan on sbtest4  (cost=237.54..37564.72 rows=11035 width=121)
	  Recheck Cond: ((id >= 6036239) AND (id <= 6046238))
	  ->  Bitmap Index Scan on sbtest4_pkey  (cost=0.00..234.79 rows=11035 width=0)
	        Index Cond: ((id >= 6036239) AND (id <= 6046238))

table 5 : explain SELECT c FROM sbtest5 WHERE id BETWEEN 8342866 AND 8352865
	Bitmap Heap Scan on sbtest5  (cost=212.86..32550.40 rows=9407 width=121)
	  Recheck Cond: ((id >= 8342866) AND (id <= 8352865))
	  ->  Bitmap Index Scan on sbtest5_pkey  (cost=0.00..210.50 rows=9407 width=0)
	        Index Cond: ((id >= 8342866) AND (id <= 8352865))

table 6 : explain SELECT c FROM sbtest6 WHERE id BETWEEN 1777400 AND 1787399
	Bitmap Heap Scan on sbtest6  (cost=227.18..35661.92 rows=10414 width=121)
	  Recheck Cond: ((id >= 1777400) AND (id <= 1787399))
	  ->  Bitmap Index Scan on sbtest6_pkey  (cost=0.00..224.57 rows=10414 width=0)
	        Index Cond: ((id >= 1777400) AND (id <= 1787399))

table 7 : explain SELECT c FROM sbtest7 WHERE id BETWEEN 2660057 AND 2670056
	Bitmap Heap Scan on sbtest7  (cost=207.75..33398.72 rows=9689 width=121)
	  Recheck Cond: ((id >= 2660057) AND (id <= 2670056))
	  ->  Bitmap Index Scan on sbtest7_pkey  (cost=0.00..205.32 rows=9689 width=0)
	        Index Cond: ((id >= 2660057) AND (id <= 2670056))

table 8 : explain SELECT c FROM sbtest8 WHERE id BETWEEN 6942458 AND 6952457
	Bitmap Heap Scan on sbtest8  (cost=223.08..35637.48 rows=10404 width=121)
	  Recheck Cond: ((id >= 6942458) AND (id <= 6952457))
	  ->  Bitmap Index Scan on sbtest8_pkey  (cost=0.00..220.48 rows=10404 width=0)
	        Index Cond: ((id >= 6942458) AND (id <= 6952457))

for: simple_ranges
table 1 : explain SELECT c FROM sbtest1 WHERE id BETWEEN 2517692 AND 2527691
	Bitmap Heap Scan on sbtest1  (cost=208.21..33533.20 rows=9734 width=121)
	  Recheck Cond: ((id >= 2517692) AND (id <= 2527691))
	  ->  Bitmap Index Scan on sbtest1_pkey  (cost=0.00..205.78 rows=9734 width=0)
	        Index Cond: ((id >= 2517692) AND (id <= 2527691))

table 2 : explain SELECT c FROM sbtest2 WHERE id BETWEEN 5497969 AND 5507968
	Bitmap Heap Scan on sbtest2  (cost=204.85..32539.24 rows=9406 width=121)
	  Recheck Cond: ((id >= 5497969) AND (id <= 5507968))
	  ->  Bitmap Index Scan on sbtest2_pkey  (cost=0.00..202.50 rows=9406 width=0)
	        Index Cond: ((id >= 5497969) AND (id <= 5507968))

table 3 : explain SELECT c FROM sbtest3 WHERE id BETWEEN 9151299 AND 9161298
	Bitmap Heap Scan on sbtest3  (cost=191.54..30840.96 rows=8888 width=121)
	  Recheck Cond: ((id >= 9151299) AND (id <= 9161298))
	  ->  Bitmap Index Scan on sbtest3_pkey  (cost=0.00..189.31 rows=8888 width=0)
	        Index Cond: ((id >= 9151299) AND (id <= 9161298))

table 4 : explain SELECT c FROM sbtest4 WHERE id BETWEEN 1557470 AND 1567469
	Bitmap Heap Scan on sbtest4  (cost=214.30..34169.61 rows=9938 width=121)
	  Recheck Cond: ((id >= 1557470) AND (id <= 1567469))
	  ->  Bitmap Index Scan on sbtest4_pkey  (cost=0.00..211.81 rows=9938 width=0)
	        Index Cond: ((id >= 1557470) AND (id <= 1567469))

table 5 : explain SELECT c FROM sbtest5 WHERE id BETWEEN 3479869 AND 3489868
	Bitmap Heap Scan on sbtest5  (cost=206.92..31949.69 rows=9218 width=121)
	  Recheck Cond: ((id >= 3479869) AND (id <= 3489868))
	  ->  Bitmap Index Scan on sbtest5_pkey  (cost=0.00..204.62 rows=9218 width=0)
	        Index Cond: ((id >= 3479869) AND (id <= 3489868))

table 6 : explain SELECT c FROM sbtest6 WHERE id BETWEEN 3250284 AND 3260283
	Bitmap Heap Scan on sbtest6  (cost=206.64..33061.10 rows=9581 width=121)
	  Recheck Cond: ((id >= 3250284) AND (id <= 3260283))
	  ->  Bitmap Index Scan on sbtest6_pkey  (cost=0.00..204.25 rows=9581 width=0)
	        Index Cond: ((id >= 3250284) AND (id <= 3260283))

table 7 : explain SELECT c FROM sbtest7 WHERE id BETWEEN 2387835 AND 2397834
	Bitmap Heap Scan on sbtest7  (cost=190.53..30563.10 rows=8790 width=121)
	  Recheck Cond: ((id >= 2387835) AND (id <= 2397834))
	  ->  Bitmap Index Scan on sbtest7_pkey  (cost=0.00..188.34 rows=8790 width=0)
	        Index Cond: ((id >= 2387835) AND (id <= 2397834))

table 8 : explain SELECT c FROM sbtest8 WHERE id BETWEEN 5435373 AND 5445372
	Bitmap Heap Scan on sbtest8  (cost=199.78..32190.86 rows=9302 width=121)
	  Recheck Cond: ((id >= 5435373) AND (id <= 5445372))
	  ->  Bitmap Index Scan on sbtest8_pkey  (cost=0.00..197.45 rows=9302 width=0)
	        Index Cond: ((id >= 5435373) AND (id <= 5445372))

for point_selects
table 1 : explain SELECT c FROM sbtest1 WHERE id=7872961
	Index Scan using sbtest1_pkey on sbtest1  (cost=0.43..8.45 rows=1 width=121)
	  Index Cond: (id = 7872961)

table 2 : explain SELECT c FROM sbtest2 WHERE id=7608005
	Index Scan using sbtest2_pkey on sbtest2  (cost=0.43..8.45 rows=1 width=121)
	  Index Cond: (id = 7608005)

table 3 : explain SELECT c FROM sbtest3 WHERE id=2133594
	Index Scan using sbtest3_pkey on sbtest3  (cost=0.43..8.45 rows=1 width=121)
	  Index Cond: (id = 2133594)

table 4 : explain SELECT c FROM sbtest4 WHERE id=4041974
	Index Scan using sbtest4_pkey on sbtest4  (cost=0.43..8.45 rows=1 width=121)
	  Index Cond: (id = 4041974)

table 5 : explain SELECT c FROM sbtest5 WHERE id=5353131
	Index Scan using sbtest5_pkey on sbtest5  (cost=0.43..8.45 rows=1 width=121)
	  Index Cond: (id = 5353131)

table 6 : explain SELECT c FROM sbtest6 WHERE id=7977932
	Index Scan using sbtest6_pkey on sbtest6  (cost=0.43..8.45 rows=1 width=121)
	  Index Cond: (id = 7977932)

table 7 : explain SELECT c FROM sbtest7 WHERE id=7809193
	Index Scan using sbtest7_pkey on sbtest7  (cost=0.43..8.45 rows=1 width=121)
	  Index Cond: (id = 7809193)

table 8 : explain SELECT c FROM sbtest8 WHERE id=5577452
	Index Scan using sbtest8_pkey on sbtest8  (cost=0.43..8.45 rows=1 width=121)
	  Index Cond: (id = 5577452)

for: distinct_ranges
table 1 : explain SELECT DISTINCT c FROM sbtest1 WHERE id BETWEEN 5604172 AND 5614171 ORDER BY c
	Unique  (cost=36765.44..36818.17 rows=10547 width=121)
	  ->  Sort  (cost=36765.44..36791.80 rows=10547 width=121)
	        Sort Key: c
	        ->  Bitmap Heap Scan on sbtest1  (cost=224.54..36060.66 rows=10547 width=121)
	              Recheck Cond: ((id >= 5604172) AND (id <= 5614171))
	              ->  Bitmap Index Scan on sbtest1_pkey  (cost=0.00..221.91 rows=10547 width=0)
	                    Index Cond: ((id >= 5604172) AND (id <= 5614171))

table 2 : explain SELECT DISTINCT c FROM sbtest2 WHERE id BETWEEN 3075278 AND 3085277 ORDER BY c
	Unique  (cost=34780.76..34830.31 rows=9910 width=121)
	  ->  Sort  (cost=34780.76..34805.54 rows=9910 width=121)
	        Sort Key: c
	        ->  Bitmap Heap Scan on sbtest2  (cost=218.01..34123.00 rows=9910 width=121)
	              Recheck Cond: ((id >= 3075278) AND (id <= 3085277))
	              ->  Bitmap Index Scan on sbtest2_pkey  (cost=0.00..215.54 rows=9910 width=0)
	                    Index Cond: ((id >= 3075278) AND (id <= 3085277))

table 3 : explain SELECT DISTINCT c FROM sbtest3 WHERE id BETWEEN 8160527 AND 8170526 ORDER BY c
	Unique  (cost=36009.24..36060.83 rows=10318 width=121)
	  ->  Sort  (cost=36009.24..36035.04 rows=10318 width=121)
	        Sort Key: c
	        ->  Bitmap Heap Scan on sbtest3  (cost=222.19..35321.40 rows=10318 width=121)
	              Recheck Cond: ((id >= 8160527) AND (id <= 8170526))
	              ->  Bitmap Index Scan on sbtest3_pkey  (cost=0.00..219.62 rows=10318 width=0)
	                    Index Cond: ((id >= 8160527) AND (id <= 8170526))

table 4 : explain SELECT DISTINCT c FROM sbtest4 WHERE id BETWEEN 4818355 AND 4828354 ORDER BY c
	Unique  (cost=34479.78..34528.93 rows=9829 width=121)
	  ->  Sort  (cost=34479.78..34504.36 rows=9829 width=121)
	        Sort Key: c
	        ->  Bitmap Heap Scan on sbtest4  (cost=209.18..33827.98 rows=9829 width=121)
	              Recheck Cond: ((id >= 4818355) AND (id <= 4828354))
	              ->  Bitmap Index Scan on sbtest4_pkey  (cost=0.00..206.73 rows=9829 width=0)
	                    Index Cond: ((id >= 4818355) AND (id <= 4828354))

table 5 : explain SELECT DISTINCT c FROM sbtest5 WHERE id BETWEEN 1300751 AND 1310750 ORDER BY c
	Unique  (cost=31517.37..31561.85 rows=8897 width=121)
	  ->  Sort  (cost=31517.37..31539.61 rows=8897 width=121)
	        Sort Key: c
	        ->  Bitmap Heap Scan on sbtest5  (cost=199.63..30933.76 rows=8897 width=121)
	              Recheck Cond: ((id >= 1300751) AND (id <= 1310750))
	              ->  Bitmap Index Scan on sbtest5_pkey  (cost=0.00..197.41 rows=8897 width=0)
	                    Index Cond: ((id >= 1300751) AND (id <= 1310750))

table 6 : explain SELECT DISTINCT c FROM sbtest6 WHERE id BETWEEN 6478279 AND 6488278 ORDER BY c
	Unique  (cost=35645.14..35696.09 rows=10190 width=121)
	  ->  Sort  (cost=35645.14..35670.62 rows=10190 width=121)
	        Sort Key: c
	        ->  Bitmap Heap Scan on sbtest6  (cost=220.88..34966.75 rows=10190 width=121)
	              Recheck Cond: ((id >= 6478279) AND (id <= 6488278))
	              ->  Bitmap Index Scan on sbtest6_pkey  (cost=0.00..218.34 rows=10190 width=0)
	                    Index Cond: ((id >= 6478279) AND (id <= 6488278))

table 7 : explain SELECT DISTINCT c FROM sbtest7 WHERE id BETWEEN 3097465 AND 3107464 ORDER BY c
	Unique  (cost=36470.04..36522.29 rows=10450 width=121)
	  ->  Sort  (cost=36470.04..36496.17 rows=10450 width=121)
	        Sort Key: c
	        ->  Bitmap Heap Scan on sbtest7  (cost=227.55..35772.44 rows=10450 width=121)
	              Recheck Cond: ((id >= 3097465) AND (id <= 3107464))
	              ->  Bitmap Index Scan on sbtest7_pkey  (cost=0.00..224.94 rows=10450 width=0)
	                    Index Cond: ((id >= 3097465) AND (id <= 3107464))

table 8 : explain SELECT DISTINCT c FROM sbtest8 WHERE id BETWEEN 2490054 AND 2500053 ORDER BY c
	Unique  (cost=35153.25..35203.42 rows=10034 width=121)
	  ->  Sort  (cost=35153.25..35178.33 rows=10034 width=121)
	        Sort Key: c
	        ->  Bitmap Heap Scan on sbtest8  (cost=215.28..34486.36 rows=10034 width=121)
	              Recheck Cond: ((id >= 2490054) AND (id <= 2500053))
	              ->  Bitmap Index Scan on sbtest8_pkey  (cost=0.00..212.78 rows=10034 width=0)
	                    Index Cond: ((id >= 2490054) AND (id <= 2500053))

for: distinct_ranges
table 1 : explain SELECT DISTINCT c FROM sbtest1 WHERE id BETWEEN 7314417 AND 7324416 ORDER BY c
	Unique  (cost=36340.48..36392.54 rows=10412 width=121)
	  ->  Sort  (cost=36340.48..36366.51 rows=10412 width=121)
	        Sort Key: c
	        ->  Bitmap Heap Scan on sbtest1  (cost=223.16..35645.69 rows=10412 width=121)
	              Recheck Cond: ((id >= 7314417) AND (id <= 7324416))
	              ->  Bitmap Index Scan on sbtest1_pkey  (cost=0.00..220.56 rows=10412 width=0)
	                    Index Cond: ((id >= 7314417) AND (id <= 7324416))

table 2 : explain SELECT DISTINCT c FROM sbtest2 WHERE id BETWEEN 5900795 AND 5910794 ORDER BY c
	Unique  (cost=38188.22..38243.14 rows=10983 width=121)
	  ->  Sort  (cost=38188.22..38215.68 rows=10983 width=121)
	        Sort Key: c
	        ->  Bitmap Heap Scan on sbtest2  (cost=241.01..37451.10 rows=10983 width=121)
	              Recheck Cond: ((id >= 5900795) AND (id <= 5910794))
	              ->  Bitmap Index Scan on sbtest2_pkey  (cost=0.00..238.26 rows=10983 width=0)
	                    Index Cond: ((id >= 5900795) AND (id <= 5910794))

table 3 : explain SELECT DISTINCT c FROM sbtest3 WHERE id BETWEEN 5069970 AND 5079969 ORDER BY c
	Unique  (cost=35636.10..35687.10 rows=10200 width=121)
	  ->  Sort  (cost=35636.10..35661.60 rows=10200 width=121)
	        Sort Key: c
	        ->  Bitmap Heap Scan on sbtest3  (cost=220.99..34956.97 rows=10200 width=121)
	              Recheck Cond: ((id >= 5069970) AND (id <= 5079969))
	              ->  Bitmap Index Scan on sbtest3_pkey  (cost=0.00..218.44 rows=10200 width=0)
	                    Index Cond: ((id >= 5069970) AND (id <= 5079969))

table 4 : explain SELECT DISTINCT c FROM sbtest4 WHERE id BETWEEN 129704 AND 139703 ORDER BY c
	Unique  (cost=39408.43..39465.37 rows=11387 width=121)
	  ->  Sort  (cost=39408.43..39436.90 rows=11387 width=121)
	        Sort Key: c
	        ->  Bitmap Heap Scan on sbtest4  (cost=245.15..38641.23 rows=11387 width=121)
	              Recheck Cond: ((id >= 129704) AND (id <= 139703))
	              ->  Bitmap Index Scan on sbtest4_pkey  (cost=0.00..242.31 rows=11387 width=0)
	                    Index Cond: ((id >= 129704) AND (id <= 139703))

table 5 : explain SELECT DISTINCT c FROM sbtest5 WHERE id BETWEEN 2466760 AND 2476759 ORDER BY c
	Unique  (cost=35266.02..35316.32 rows=10060 width=121)
	  ->  Sort  (cost=35266.02..35291.17 rows=10060 width=121)
	        Sort Key: c
	        ->  Bitmap Heap Scan on sbtest5  (cost=227.55..34597.21 rows=10060 width=121)
	              Recheck Cond: ((id >= 2466760) AND (id <= 2476759))
	              ->  Bitmap Index Scan on sbtest5_pkey  (cost=0.00..225.04 rows=10060 width=0)
	                    Index Cond: ((id >= 2466760) AND (id <= 2476759))

table 6 : explain SELECT DISTINCT c FROM sbtest6 WHERE id BETWEEN 7403740 AND 7413739 ORDER BY c
	Unique  (cost=33119.05..33166.05 rows=9401 width=121)
	  ->  Sort  (cost=33119.05..33142.55 rows=9401 width=121)
	        Sort Key: c
	        ->  Bitmap Heap Scan on sbtest6  (cost=204.80..32498.65 rows=9401 width=121)
	              Recheck Cond: ((id >= 7403740) AND (id <= 7413739))
	              ->  Bitmap Index Scan on sbtest6_pkey  (cost=0.00..202.44 rows=9401 width=0)
	                    Index Cond: ((id >= 7403740) AND (id <= 7413739))

table 7 : explain SELECT DISTINCT c FROM sbtest7 WHERE id BETWEEN 3330007 AND 3340006 ORDER BY c
	Unique  (cost=32444.23..32490.19 rows=9193 width=121)
	  ->  Sort  (cost=32444.23..32467.21 rows=9193 width=121)
	        Sort Key: c
	        ->  Bitmap Heap Scan on sbtest7  (cost=198.66..31839.04 rows=9193 width=121)
	              Recheck Cond: ((id >= 3330007) AND (id <= 3340006))
	              ->  Bitmap Index Scan on sbtest7_pkey  (cost=0.00..196.37 rows=9193 width=0)
	                    Index Cond: ((id >= 3330007) AND (id <= 3340006))

table 8 : explain SELECT DISTINCT c FROM sbtest8 WHERE id BETWEEN 8942681 AND 8952680 ORDER BY c
	Unique  (cost=30882.63..30926.17 rows=8709 width=121)
	  ->  Sort  (cost=30882.63..30904.40 rows=8709 width=121)
	        Sort Key: c
	        ->  Bitmap Heap Scan on sbtest8  (cost=189.70..30312.70 rows=8709 width=121)
	              Recheck Cond: ((id >= 8942681) AND (id <= 8952680))
	              ->  Bitmap Index Scan on sbtest8_pkey  (cost=0.00..187.53 rows=8709 width=0)
	                    Index Cond: ((id >= 8942681) AND (id <= 8952680))

for point_selects
table 1 : explain SELECT c FROM sbtest1 WHERE id=3314865
	Index Scan using sbtest1_pkey on sbtest1  (cost=0.43..8.45 rows=1 width=121)
	  Index Cond: (id = 3314865)

table 2 : explain SELECT c FROM sbtest2 WHERE id=6280684
	Index Scan using sbtest2_pkey on sbtest2  (cost=0.43..8.45 rows=1 width=121)
	  Index Cond: (id = 6280684)

table 3 : explain SELECT c FROM sbtest3 WHERE id=2904950
	Index Scan using sbtest3_pkey on sbtest3  (cost=0.43..8.45 rows=1 width=121)
	  Index Cond: (id = 2904950)

table 4 : explain SELECT c FROM sbtest4 WHERE id=5817926
	Index Scan using sbtest4_pkey on sbtest4  (cost=0.43..8.45 rows=1 width=121)
	  Index Cond: (id = 5817926)

table 5 : explain SELECT c FROM sbtest5 WHERE id=6264188
	Index Scan using sbtest5_pkey on sbtest5  (cost=0.43..8.45 rows=1 width=121)
	  Index Cond: (id = 6264188)

table 6 : explain SELECT c FROM sbtest6 WHERE id=923376
	Index Scan using sbtest6_pkey on sbtest6  (cost=0.43..8.45 rows=1 width=121)
	  Index Cond: (id = 923376)

table 7 : explain SELECT c FROM sbtest7 WHERE id=6652754
	Index Scan using sbtest7_pkey on sbtest7  (cost=0.43..8.45 rows=1 width=121)
	  Index Cond: (id = 6652754)

table 8 : explain SELECT c FROM sbtest8 WHERE id=8736785
	Index Scan using sbtest8_pkey on sbtest8  (cost=0.43..8.45 rows=1 width=121)
	  Index Cond: (id = 8736785)

for: simple_ranges
table 1 : explain SELECT c FROM sbtest1 WHERE id BETWEEN 903397 AND 913396
	Bitmap Heap Scan on sbtest1  (cost=229.79..36440.72 rows=10669 width=121)
	  Recheck Cond: ((id >= 903397) AND (id <= 913396))
	  ->  Bitmap Index Scan on sbtest1_pkey  (cost=0.00..227.12 rows=10669 width=0)
	        Index Cond: ((id >= 903397) AND (id <= 913396))

table 2 : explain SELECT c FROM sbtest2 WHERE id BETWEEN 311259 AND 321258
	Bitmap Heap Scan on sbtest2  (cost=202.38..31780.10 rows=9165 width=121)
	  Recheck Cond: ((id >= 311259) AND (id <= 321258))
	  ->  Bitmap Index Scan on sbtest2_pkey  (cost=0.00..200.09 rows=9165 width=0)
	        Index Cond: ((id >= 311259) AND (id <= 321258))

table 3 : explain SELECT c FROM sbtest3 WHERE id BETWEEN 7932787 AND 7942786
	Bitmap Heap Scan on sbtest3  (cost=229.87..36431.40 rows=10677 width=121)
	  Recheck Cond: ((id >= 7932787) AND (id <= 7942786))
	  ->  Bitmap Index Scan on sbtest3_pkey  (cost=0.00..227.20 rows=10677 width=0)
	        Index Cond: ((id >= 7932787) AND (id <= 7942786))

table 4 : explain SELECT c FROM sbtest4 WHERE id BETWEEN 7022248 AND 7032247
	Bitmap Heap Scan on sbtest4  (cost=207.51..33319.08 rows=9666 width=121)
	  Recheck Cond: ((id >= 7022248) AND (id <= 7032247))
	  ->  Bitmap Index Scan on sbtest4_pkey  (cost=0.00..205.09 rows=9666 width=0)
	        Index Cond: ((id >= 7022248) AND (id <= 7032247))

table 5 : explain SELECT c FROM sbtest5 WHERE id BETWEEN 7665996 AND 7675995
	Bitmap Heap Scan on sbtest5  (cost=213.86..32857.93 rows=9505 width=121)
	  Recheck Cond: ((id >= 7665996) AND (id <= 7675995))
	  ->  Bitmap Index Scan on sbtest5_pkey  (cost=0.00..211.49 rows=9505 width=0)
	        Index Cond: ((id >= 7665996) AND (id <= 7675995))

table 6 : explain SELECT c FROM sbtest6 WHERE id BETWEEN 2679381 AND 2689380
	Bitmap Heap Scan on sbtest6  (cost=253.10..39822.72 rows=11772 width=121)
	  Recheck Cond: ((id >= 2679381) AND (id <= 2689380))
	  ->  Bitmap Index Scan on sbtest6_pkey  (cost=0.00..250.16 rows=11772 width=0)
	        Index Cond: ((id >= 2679381) AND (id <= 2689380))

table 7 : explain SELECT c FROM sbtest7 WHERE id BETWEEN 3369036 AND 3379035
	Bitmap Heap Scan on sbtest7  (cost=198.66..31839.04 rows=9193 width=121)
	  Recheck Cond: ((id >= 3369036) AND (id <= 3379035))
	  ->  Bitmap Index Scan on sbtest7_pkey  (cost=0.00..196.37 rows=9193 width=0)
	        Index Cond: ((id >= 3369036) AND (id <= 3379035))

table 8 : explain SELECT c FROM sbtest8 WHERE id BETWEEN 1470087 AND 1480086
	Bitmap Heap Scan on sbtest8  (cost=212.96..33778.81 rows=9807 width=121)
	  Recheck Cond: ((id >= 1470087) AND (id <= 1480086))
	  ->  Bitmap Index Scan on sbtest8_pkey  (cost=0.00..210.50 rows=9807 width=0)
	        Index Cond: ((id >= 1470087) AND (id <= 1480086))
for: sum_ranges
table 1 : explain SELECT SUM(k) FROM sbtest1 WHERE id BETWEEN 4201437 AND 4211436
	Aggregate  (cost=35258.95..35258.96 rows=1 width=8)
	  ->  Bitmap Heap Scan on sbtest1  (cost=221.79..35233.26 rows=10279 width=4)
	        Recheck Cond: ((id >= 4201437) AND (id <= 4211436))
	        ->  Bitmap Index Scan on sbtest1_pkey  (cost=0.00..219.23 rows=10279 width=0)
	              Index Cond: ((id >= 4201437) AND (id <= 4211436))

table 2 : explain SELECT SUM(k) FROM sbtest2 WHERE id BETWEEN 9315128 AND 9325127
	Aggregate  (cost=37003.54..37003.55 rows=1 width=8)
	  ->  Bitmap Heap Scan on sbtest2  (cost=235.44..36976.47 rows=10830 width=4)
	        Recheck Cond: ((id >= 9315128) AND (id <= 9325127))
	        ->  Bitmap Index Scan on sbtest2_pkey  (cost=0.00..232.74 rows=10830 width=0)
	              Index Cond: ((id >= 9315128) AND (id <= 9325127))

table 3 : explain SELECT SUM(k) FROM sbtest3 WHERE id BETWEEN 3666457 AND 3676456
	Aggregate  (cost=36043.96..36043.97 rows=1 width=8)
	  ->  Bitmap Heap Scan on sbtest3  (cost=228.49..36017.61 rows=10542 width=4)
	        Recheck Cond: ((id >= 3666457) AND (id <= 3676456))
	        ->  Bitmap Index Scan on sbtest3_pkey  (cost=0.00..225.86 rows=10542 width=0)
	              Index Cond: ((id >= 3666457) AND (id <= 3676456))

table 4 : explain SELECT SUM(k) FROM sbtest4 WHERE id BETWEEN 2780609 AND 2790608
	Aggregate  (cost=32803.80..32803.81 rows=1 width=8)
	  ->  Bitmap Heap Scan on sbtest4  (cost=205.75..32780.06 rows=9494 width=4)
	        Recheck Cond: ((id >= 2780609) AND (id <= 2790608))
	        ->  Bitmap Index Scan on sbtest4_pkey  (cost=0.00..203.38 rows=9494 width=0)
	              Index Cond: ((id >= 2780609) AND (id <= 2790608))

table 5 : explain SELECT SUM(k) FROM sbtest5 WHERE id BETWEEN 8101186 AND 8111185
	Aggregate  (cost=34558.04..34558.05 rows=1 width=8)
	  ->  Bitmap Heap Scan on sbtest5  (cost=227.33..34532.94 rows=10039 width=4)
	        Recheck Cond: ((id >= 8101186) AND (id <= 8111185))
	        ->  Bitmap Index Scan on sbtest5_pkey  (cost=0.00..224.82 rows=10039 width=0)
	              Index Cond: ((id >= 8101186) AND (id <= 8111185))

table 6 : explain SELECT SUM(k) FROM sbtest6 WHERE id BETWEEN 831939 AND 841938
	Aggregate  (cost=31651.91..31651.92 rows=1 width=8)
	  ->  Bitmap Heap Scan on sbtest6  (cost=197.98..31629.10 rows=9126 width=4)
	        Recheck Cond: ((id >= 831939) AND (id <= 841938))
	        ->  Bitmap Index Scan on sbtest6_pkey  (cost=0.00..195.69 rows=9126 width=0)
	              Index Cond: ((id >= 831939) AND (id <= 841938))

table 7 : explain SELECT SUM(k) FROM sbtest7 WHERE id BETWEEN 4650870 AND 4660869
	Aggregate  (cost=33119.45..33119.46 rows=1 width=8)
	  ->  Bitmap Heap Scan on sbtest7  (cost=206.75..33095.47 rows=9592 width=4)
	        Recheck Cond: ((id >= 4650870) AND (id <= 4660869))
	        ->  Bitmap Index Scan on sbtest7_pkey  (cost=0.00..204.36 rows=9592 width=0)
	              Index Cond: ((id >= 4650870) AND (id <= 4660869))

table 8 : explain SELECT SUM(k) FROM sbtest8 WHERE id BETWEEN 4934371 AND 4944370
	Aggregate  (cost=34064.26..34064.27 rows=1 width=8)
	  ->  Bitmap Heap Scan on sbtest8  (cost=213.81..34039.54 rows=9890 width=4)
	        Recheck Cond: ((id >= 4934371) AND (id <= 4944370))
	        ->  Bitmap Index Scan on sbtest8_pkey  (cost=0.00..211.34 rows=9890 width=0)
	              Index Cond: ((id >= 4934371) AND (id <= 4944370))


for: sum_ranges
table 1 : explain SELECT SUM(k) FROM sbtest1 WHERE id BETWEEN 4432564 AND 4442563
	Aggregate  (cost=33454.34..33454.35 rows=1 width=8)
	  ->  Bitmap Heap Scan on sbtest1  (cost=207.87..33430.09 rows=9701 width=4)
	        Recheck Cond: ((id >= 4432564) AND (id <= 4442563))
	        ->  Bitmap Index Scan on sbtest1_pkey  (cost=0.00..205.44 rows=9701 width=0)
	              Index Cond: ((id >= 4432564) AND (id <= 4442563))

table 2 : explain SELECT SUM(k) FROM sbtest2 WHERE id BETWEEN 7659258 AND 7669257
	Aggregate  (cost=34295.90..34295.91 rows=1 width=8)
	  ->  Bitmap Heap Scan on sbtest2  (cost=218.49..34271.01 rows=9957 width=4)
	        Recheck Cond: ((id >= 7659258) AND (id <= 7669257))
	        ->  Bitmap Index Scan on sbtest2_pkey  (cost=0.00..216.00 rows=9957 width=0)
	              Index Cond: ((id >= 7659258) AND (id <= 7669257))

table 3 : explain SELECT SUM(k) FROM sbtest3 WHERE id BETWEEN 6513694 AND 6523693
	Aggregate  (cost=37789.08..37789.09 rows=1 width=8)
	  ->  Bitmap Heap Scan on sbtest3  (cost=238.32..37761.30 rows=11111 width=4)
	        Recheck Cond: ((id >= 6513694) AND (id <= 6523693))
	        ->  Bitmap Index Scan on sbtest3_pkey  (cost=0.00..235.55 rows=11111 width=0)
	              Index Cond: ((id >= 6513694) AND (id <= 6523693))

table 4 : explain SELECT SUM(k) FROM sbtest4 WHERE id BETWEEN 5829117 AND 5839116
	Aggregate  (cost=29444.56..29444.57 rows=1 width=8)
	  ->  Bitmap Heap Scan on sbtest4  (cost=182.89..29423.47 rows=8435 width=4)
	        Recheck Cond: ((id >= 5829117) AND (id <= 5839116))
	        ->  Bitmap Index Scan on sbtest4_pkey  (cost=0.00..180.79 rows=8435 width=0)
	              Index Cond: ((id >= 5829117) AND (id <= 5839116))

table 5 : explain SELECT SUM(k) FROM sbtest5 WHERE id BETWEEN 9957358 AND 9967357
	Aggregate  (cost=36880.79..36880.80 rows=1 width=8)
	  ->  Bitmap Heap Scan on sbtest5  (cost=243.00..36853.83 rows=10787 width=4)
	        Recheck Cond: ((id >= 9957358) AND (id <= 9967357))
	        ->  Bitmap Index Scan on sbtest5_pkey  (cost=0.00..240.31 rows=10787 width=0)
	              Index Cond: ((id >= 9957358) AND (id <= 9967357))

table 6 : explain SELECT SUM(k) FROM sbtest6 WHERE id BETWEEN 4543986 AND 4553985
	Aggregate  (cost=35187.79..35187.80 rows=1 width=8)
	  ->  Bitmap Heap Scan on sbtest6  (cost=221.54..35162.15 rows=10254 width=4)
	        Recheck Cond: ((id >= 4543986) AND (id <= 4553985))
	        ->  Bitmap Index Scan on sbtest6_pkey  (cost=0.00..218.98 rows=10254 width=0)
	              Index Cond: ((id >= 4543986) AND (id <= 4553985))

table 7 : explain SELECT SUM(k) FROM sbtest7 WHERE id BETWEEN 8461845 AND 8471844
	Aggregate  (cost=32689.41..32689.42 rows=1 width=8)
	  ->  Bitmap Heap Scan on sbtest7  (cost=205.35..32665.77 rows=9455 width=4)
	        Recheck Cond: ((id >= 8461845) AND (id <= 8471844))
	        ->  Bitmap Index Scan on sbtest7_pkey  (cost=0.00..202.99 rows=9455 width=0)
	              Index Cond: ((id >= 8461845) AND (id <= 8471844))

table 8 : explain SELECT SUM(k) FROM sbtest8 WHERE id BETWEEN 2181037 AND 2191036
	Aggregate  (cost=32959.85..32959.86 rows=1 width=8)
	  ->  Bitmap Heap Scan on sbtest8  (cost=206.20..32936.00 rows=9538 width=4)
	        Recheck Cond: ((id >= 2181037) AND (id <= 2191036))
	        ->  Bitmap Index Scan on sbtest8_pkey  (cost=0.00..203.81 rows=9538 width=0)
	              Index Cond: ((id >= 2181037) AND (id <= 2191036))

for point_selects
table 1 : explain SELECT c FROM sbtest1 WHERE id=9797450
	Index Scan using sbtest1_pkey on sbtest1  (cost=0.43..8.45 rows=1 width=121)
	  Index Cond: (id = 9797450)

table 2 : explain SELECT c FROM sbtest2 WHERE id=467046
	Index Scan using sbtest2_pkey on sbtest2  (cost=0.43..8.45 rows=1 width=121)
	  Index Cond: (id = 467046)

table 3 : explain SELECT c FROM sbtest3 WHERE id=5236482
	Index Scan using sbtest3_pkey on sbtest3  (cost=0.43..8.45 rows=1 width=121)
	  Index Cond: (id = 5236482)

table 4 : explain SELECT c FROM sbtest4 WHERE id=1488038
	Index Scan using sbtest4_pkey on sbtest4  (cost=0.43..8.45 rows=1 width=121)
	  Index Cond: (id = 1488038)

table 5 : explain SELECT c FROM sbtest5 WHERE id=8109881
	Index Scan using sbtest5_pkey on sbtest5  (cost=0.43..8.45 rows=1 width=121)
	  Index Cond: (id = 8109881)

table 6 : explain SELECT c FROM sbtest6 WHERE id=5376078
	Index Scan using sbtest6_pkey on sbtest6  (cost=0.43..8.45 rows=1 width=121)
	  Index Cond: (id = 5376078)

table 7 : explain SELECT c FROM sbtest7 WHERE id=489507
	Index Scan using sbtest7_pkey on sbtest7  (cost=0.43..8.45 rows=1 width=121)
	  Index Cond: (id = 489507)

table 8 : explain SELECT c FROM sbtest8 WHERE id=5016212
	Index Scan using sbtest8_pkey on sbtest8  (cost=0.43..8.45 rows=1 width=121)
	  Index Cond: (id = 5016212)

for: simple_ranges
table 1 : explain SELECT c FROM sbtest1 WHERE id BETWEEN 8265018 AND 8275017
	Bitmap Heap Scan on sbtest1  (cost=237.98..37699.53 rows=11078 width=121)
	  Recheck Cond: ((id >= 8265018) AND (id <= 8275017))
	  ->  Bitmap Index Scan on sbtest1_pkey  (cost=0.00..235.22 rows=11078 width=0)
	        Index Cond: ((id >= 8265018) AND (id <= 8275017))

table 2 : explain SELECT c FROM sbtest2 WHERE id BETWEEN 1584495 AND 1594494
	Bitmap Heap Scan on sbtest2  (cost=221.18..35083.59 rows=10219 width=121)
	  Recheck Cond: ((id >= 1584495) AND (id <= 1594494))
	  ->  Bitmap Index Scan on sbtest2_pkey  (cost=0.00..218.62 rows=10219 width=0)
	        Index Cond: ((id >= 1584495) AND (id <= 1594494))

table 3 : explain SELECT c FROM sbtest3 WHERE id BETWEEN 2179518 AND 2189517
	Bitmap Heap Scan on sbtest3  (cost=207.97..33431.16 rows=9711 width=121)
	  Recheck Cond: ((id >= 2179518) AND (id <= 2189517))
	  ->  Bitmap Index Scan on sbtest3_pkey  (cost=0.00..205.55 rows=9711 width=0)
	        Index Cond: ((id >= 2179518) AND (id <= 2189517))

table 4 : explain SELECT c FROM sbtest4 WHERE id BETWEEN 745350 AND 755349
	Bitmap Heap Scan on sbtest4  (cost=236.84..37352.22 rows=10966 width=121)
	  Recheck Cond: ((id >= 745350) AND (id <= 755349))
	  ->  Bitmap Index Scan on sbtest4_pkey  (cost=0.00..234.09 rows=10966 width=0)
	        Index Cond: ((id >= 745350) AND (id <= 755349))

table 5 : explain SELECT c FROM sbtest5 WHERE id BETWEEN 1237677 AND 1247676
	Bitmap Heap Scan on sbtest5  (cost=236.70..36157.84 rows=10562 width=121)
	  Recheck Cond: ((id >= 1237677) AND (id <= 1247676))
	  ->  Bitmap Index Scan on sbtest5_pkey  (cost=0.00..234.06 rows=10562 width=0)
	        Index Cond: ((id >= 1237677) AND (id <= 1247676))

table 6 : explain SELECT c FROM sbtest6 WHERE id BETWEEN 8799686 AND 8809685
	Bitmap Heap Scan on sbtest6  (cost=222.09..35331.76 rows=10308 width=121)
	  Recheck Cond: ((id >= 8799686) AND (id <= 8809685))
	  ->  Bitmap Index Scan on sbtest6_pkey  (cost=0.00..219.51 rows=10308 width=0)
	        Index Cond: ((id >= 8799686) AND (id <= 8809685))

table 7 : explain SELECT c FROM sbtest7 WHERE id BETWEEN 9713220 AND 9723219
	Bitmap Heap Scan on sbtest7  (cost=238.40..37828.14 rows=11119 width=121)
	  Recheck Cond: ((id >= 9713220) AND (id <= 9723219))
	  ->  Bitmap Index Scan on sbtest7_pkey  (cost=0.00..235.62 rows=11119 width=0)
	        Index Cond: ((id >= 9713220) AND (id <= 9723219))

table 8 : explain SELECT c FROM sbtest8 WHERE id BETWEEN 3280502 AND 3290501
	Bitmap Heap Scan on sbtest8  (cost=214.61..34280.74 rows=9968 width=121)
	  Recheck Cond: ((id >= 3280502) AND (id <= 3290501))
	  ->  Bitmap Index Scan on sbtest8_pkey  (cost=0.00..212.12 rows=9968 width=0)
	        Index Cond: ((id >= 3280502) AND (id <= 3290501))

for: order_ranges
table 1 : explain SELECT c FROM sbtest1 WHERE id BETWEEN 4604871 AND 4614870 ORDER BY c
	Sort  (cost=35182.58..35207.70 rows=10048 width=121)
	  Sort Key: c
	  ->  Bitmap Heap Scan on sbtest1  (cost=215.43..34514.66 rows=10048 width=121)
	        Recheck Cond: ((id >= 4604871) AND (id <= 4614870))
	        ->  Bitmap Index Scan on sbtest1_pkey  (cost=0.00..212.92 rows=10048 width=0)
	              Index Cond: ((id >= 4604871) AND (id <= 4614870))

table 2 : explain SELECT c FROM sbtest2 WHERE id BETWEEN 5616087 AND 5626086 ORDER BY c
	Sort  (cost=34361.30..34385.75 rows=9780 width=121)
	  Sort Key: c
	  ->  Bitmap Heap Scan on sbtest2  (cost=212.68..33713.10 rows=9780 width=121)
	        Recheck Cond: ((id >= 5616087) AND (id <= 5626086))
	        ->  Bitmap Index Scan on sbtest2_pkey  (cost=0.00..210.24 rows=9780 width=0)
	              Index Cond: ((id >= 5616087) AND (id <= 5626086))

table 3 : explain SELECT c FROM sbtest3 WHERE id BETWEEN 5756338 AND 5766337 ORDER BY c
	Sort  (cost=34683.80..34708.55 rows=9901 width=121)
	  Sort Key: c
	  ->  Bitmap Heap Scan on sbtest3  (cost=213.92..34026.70 rows=9901 width=121)
	        Recheck Cond: ((id >= 5756338) AND (id <= 5766337))
	        ->  Bitmap Index Scan on sbtest3_pkey  (cost=0.00..211.44 rows=9901 width=0)
	              Index Cond: ((id >= 5756338) AND (id <= 5766337))

table 4 : explain SELECT c FROM sbtest4 WHERE id BETWEEN 8046083 AND 8056082 ORDER BY c
	Sort  (cost=36329.11..36355.14 rows=10409 width=121)
	  Sort Key: c
	  ->  Bitmap Heap Scan on sbtest4  (cost=223.13..35634.54 rows=10409 width=121)
	        Recheck Cond: ((id >= 8046083) AND (id <= 8056082))
	        ->  Bitmap Index Scan on sbtest4_pkey  (cost=0.00..220.53 rows=10409 width=0)
	              Index Cond: ((id >= 8046083) AND (id <= 8056082))

table 5 : explain SELECT c FROM sbtest5 WHERE id BETWEEN 9378677 AND 9388676 ORDER BY c
	Sort  (cost=34131.45..34155.71 rows=9705 width=121)
	  Sort Key: c
	  ->  Bitmap Heap Scan on sbtest5  (cost=219.91..33488.76 rows=9705 width=121)
	        Recheck Cond: ((id >= 9378677) AND (id <= 9388676))
	        ->  Bitmap Index Scan on sbtest5_pkey  (cost=0.00..217.49 rows=9705 width=0)
	              Index Cond: ((id >= 9378677) AND (id <= 9388676))

table 6 : explain SELECT c FROM sbtest6 WHERE id BETWEEN 266035 AND 276034 ORDER BY c
	Sort  (cost=33549.19..33573.03 rows=9535 width=121)
	  Sort Key: c
	  ->  Bitmap Heap Scan on sbtest6  (cost=206.17..32918.98 rows=9535 width=121)
	        Recheck Cond: ((id >= 266035) AND (id <= 276034))
	        ->  Bitmap Index Scan on sbtest6_pkey  (cost=0.00..203.79 rows=9535 width=0)
	              Index Cond: ((id >= 266035) AND (id <= 276034))

table 7 : explain SELECT c FROM sbtest7 WHERE id BETWEEN 7428696 AND 7438695 ORDER BY c
	Sort  (cost=41505.70..41535.84 rows=12058 width=121)
	  Sort Key: c
	  ->  Bitmap Heap Scan on sbtest7  (cost=260.03..40688.31 rows=12058 width=121)
	        Recheck Cond: ((id >= 7428696) AND (id <= 7438695))
	        ->  Bitmap Index Scan on sbtest7_pkey  (cost=0.00..257.01 rows=12058 width=0)
	              Index Cond: ((id >= 7428696) AND (id <= 7438695))

table 8 : explain SELECT c FROM sbtest8 WHERE id BETWEEN 890858 AND 900857 ORDER BY c
	Sort  (cost=35282.13..35307.31 rows=10073 width=121)
	  Sort Key: c
	  ->  Bitmap Heap Scan on sbtest8  (cost=219.68..34612.36 rows=10073 width=121)
	        Recheck Cond: ((id >= 890858) AND (id <= 900857))
	        ->  Bitmap Index Scan on sbtest8_pkey  (cost=0.00..217.17 rows=10073 width=0)
	              Index Cond: ((id >= 890858) AND (id <= 900857))

explain: for point_selects :: explain SELECT c FROM sbtest%u WHERE id=%u
for: sum_ranges
table 1 : explain SELECT SUM(k) FROM sbtest1 WHERE id BETWEEN 5376084 AND 5386083
	Aggregate  (cost=33993.20..33993.21 rows=1 width=8)
	  ->  Bitmap Heap Scan on sbtest1  (cost=213.62..33968.52 rows=9872 width=4)
	        Recheck Cond: ((id >= 5376084) AND (id <= 5386083))
	        ->  Bitmap Index Scan on sbtest1_pkey  (cost=0.00..211.16 rows=9872 width=0)
	              Index Cond: ((id >= 5376084) AND (id <= 5386083))

table 2 : explain SELECT SUM(k) FROM sbtest2 WHERE id BETWEEN 533608 AND 543607
	Aggregate  (cost=35073.85..35073.86 rows=1 width=8)
	  ->  Bitmap Heap Scan on sbtest2  (cost=221.07..35048.33 rows=10208 width=4)
	        Recheck Cond: ((id >= 533608) AND (id <= 543607))
	        ->  Bitmap Index Scan on sbtest2_pkey  (cost=0.00..218.51 rows=10208 width=0)
	              Index Cond: ((id >= 533608) AND (id <= 543607))

table 3 : explain SELECT SUM(k) FROM sbtest3 WHERE id BETWEEN 406653 AND 416652
	Aggregate  (cost=34731.81..34731.82 rows=1 width=8)
	  ->  Bitmap Heap Scan on sbtest3  (cost=216.16..34706.51 rows=10120 width=4)
	        Recheck Cond: ((id >= 406653) AND (id <= 416652))
	        ->  Bitmap Index Scan on sbtest3_pkey  (cost=0.00..213.63 rows=10120 width=0)
	              Index Cond: ((id >= 406653) AND (id <= 416652))

table 4 : explain SELECT SUM(k) FROM sbtest4 WHERE id BETWEEN 1480288 AND 1490287
	Aggregate  (cost=34146.20..34146.21 rows=1 width=8)
	  ->  Bitmap Heap Scan on sbtest4  (cost=214.14..34121.40 rows=9922 width=4)
	        Recheck Cond: ((id >= 1480288) AND (id <= 1490287))
	        ->  Bitmap Index Scan on sbtest4_pkey  (cost=0.00..211.66 rows=9922 width=0)
	              Index Cond: ((id >= 1480288) AND (id <= 1490287))

table 5 : explain SELECT SUM(k) FROM sbtest5 WHERE id BETWEEN 8263769 AND 8273768
	Aggregate  (cost=32936.74..32936.75 rows=1 width=8)
	  ->  Bitmap Heap Scan on sbtest5  (cost=214.05..32912.94 rows=9523 width=4)
	        Recheck Cond: ((id >= 8263769) AND (id <= 8273768))
	        ->  Bitmap Index Scan on sbtest5_pkey  (cost=0.00..211.67 rows=9523 width=0)
	              Index Cond: ((id >= 8263769) AND (id <= 8273768))

table 6 : explain SELECT SUM(k) FROM sbtest6 WHERE id BETWEEN 4761790 AND 4771789
	Aggregate  (cost=32784.36..32784.37 rows=1 width=8)
	  ->  Bitmap Heap Scan on sbtest6  (cost=205.66..32760.64 rows=9485 width=4)
	        Recheck Cond: ((id >= 4761790) AND (id <= 4771789))
	        ->  Bitmap Index Scan on sbtest6_pkey  (cost=0.00..203.29 rows=9485 width=0)
	              Index Cond: ((id >= 4761790) AND (id <= 4771789))

table 7 : explain SELECT SUM(k) FROM sbtest7 WHERE id BETWEEN 6400986 AND 6410985
	Aggregate  (cost=38350.90..38350.91 rows=1 width=8)
	  ->  Bitmap Heap Scan on sbtest7  (cost=244.04..38322.70 rows=11279 width=4)
	        Recheck Cond: ((id >= 6400986) AND (id <= 6410985))
	        ->  Bitmap Index Scan on sbtest7_pkey  (cost=0.00..241.23 rows=11279 width=0)
	              Index Cond: ((id >= 6400986) AND (id <= 6410985))

table 8 : explain SELECT SUM(k) FROM sbtest8 WHERE id BETWEEN 6263729 AND 6273728
	Aggregate  (cost=33500.13..33500.14 rows=1 width=8)
	  ->  Bitmap Heap Scan on sbtest8  (cost=211.95..33475.86 rows=9709 width=4)
	        Recheck Cond: ((id >= 6263729) AND (id <= 6273728))
	        ->  Bitmap Index Scan on sbtest8_pkey  (cost=0.00..209.53 rows=9709 width=0)
	              Index Cond: ((id >= 6263729) AND (id <= 6273728))

explain: for point_selects :: explain SELECT c FROM sbtest%u WHERE id=%u
explain: for point_selects :: explain SELECT c FROM sbtest%u WHERE id=%u
for: simple_ranges
table 1 : explain SELECT c FROM sbtest1 WHERE id BETWEEN 4338494 AND 4348493
	Bitmap Heap Scan on sbtest1  (cost=206.17..32910.64 rows=9535 width=121)
	  Recheck Cond: ((id >= 4338494) AND (id <= 4348493))
	  ->  Bitmap Index Scan on sbtest1_pkey  (cost=0.00..203.79 rows=9535 width=0)
	        Index Cond: ((id >= 4338494) AND (id <= 4348493))

table 2 : explain SELECT c FROM sbtest2 WHERE id BETWEEN 3334978 AND 3344977
	Bitmap Heap Scan on sbtest2  (cost=212.93..33787.25 rows=9804 width=121)
	  Recheck Cond: ((id >= 3334978) AND (id <= 3344977))
	  ->  Bitmap Index Scan on sbtest2_pkey  (cost=0.00..210.48 rows=9804 width=0)
	        Index Cond: ((id >= 3334978) AND (id <= 3344977))

table 3 : explain SELECT c FROM sbtest3 WHERE id BETWEEN 9855089 AND 9865088
	Bitmap Heap Scan on sbtest3  (cost=215.19..34411.73 rows=10025 width=121)
	  Recheck Cond: ((id >= 9855089) AND (id <= 9865088))
	  ->  Bitmap Index Scan on sbtest3_pkey  (cost=0.00..212.69 rows=10025 width=0)
	        Index Cond: ((id >= 9855089) AND (id <= 9865088))

table 4 : explain SELECT c FROM sbtest4 WHERE id BETWEEN 9001715 AND 9011714
	Bitmap Heap Scan on sbtest4  (cost=214.10..34111.76 rows=9919 width=121)
	  Recheck Cond: ((id >= 9001715) AND (id <= 9011714))
	  ->  Bitmap Index Scan on sbtest4_pkey  (cost=0.00..211.62 rows=9919 width=0)
	        Index Cond: ((id >= 9001715) AND (id <= 9011714))

table 5 : explain SELECT c FROM sbtest5 WHERE id BETWEEN 9514769 AND 9524768
	Bitmap Heap Scan on sbtest5  (cost=226.87..34391.51 rows=9994 width=121)
	  Recheck Cond: ((id >= 9514769) AND (id <= 9524768))
	  ->  Bitmap Index Scan on sbtest5_pkey  (cost=0.00..224.38 rows=9994 width=0)
	        Index Cond: ((id >= 9514769) AND (id <= 9524768))

table 6 : explain SELECT c FROM sbtest6 WHERE id BETWEEN 1955628 AND 1965627
	Bitmap Heap Scan on sbtest6  (cost=205.10..32592.48 rows=9431 width=121)
	  Recheck Cond: ((id >= 1955628) AND (id <= 1965627))
	  ->  Bitmap Index Scan on sbtest6_pkey  (cost=0.00..202.75 rows=9431 width=0)
	        Index Cond: ((id >= 1955628) AND (id <= 1965627))

table 7 : explain SELECT c FROM sbtest7 WHERE id BETWEEN 5869317 AND 5879316
	Bitmap Heap Scan on sbtest7  (cost=222.81..35544.79 rows=10378 width=121)
	  Recheck Cond: ((id >= 5869317) AND (id <= 5879316))
	  ->  Bitmap Index Scan on sbtest7_pkey  (cost=0.00..220.22 rows=10378 width=0)
	        Index Cond: ((id >= 5869317) AND (id <= 5879316))

table 8 : explain SELECT c FROM sbtest8 WHERE id BETWEEN 5899216 AND 5909215
	Bitmap Heap Scan on sbtest8  (cost=220.88..34974.84 rows=10190 width=121)
	  Recheck Cond: ((id >= 5899216) AND (id <= 5909215))
	  ->  Bitmap Index Scan on sbtest8_pkey  (cost=0.00..218.34 rows=10190 width=0)
	        Index Cond: ((id >= 5899216) AND (id <= 5909215))

for: simple_ranges
table 1 : explain SELECT c FROM sbtest1 WHERE id BETWEEN 270669 AND 280668
	Bitmap Heap Scan on sbtest1  (cost=237.12..37442.72 rows=10994 width=121)
	  Recheck Cond: ((id >= 270669) AND (id <= 280668))
	  ->  Bitmap Index Scan on sbtest1_pkey  (cost=0.00..234.38 rows=10994 width=0)
	        Index Cond: ((id >= 270669) AND (id <= 280668))

table 2 : explain SELECT c FROM sbtest2 WHERE id BETWEEN 9816298 AND 9826297
	Bitmap Heap Scan on sbtest2  (cost=211.18..33258.09 rows=9634 width=121)
	  Recheck Cond: ((id >= 9816298) AND (id <= 9826297))
	  ->  Bitmap Index Scan on sbtest2_pkey  (cost=0.00..208.78 rows=9634 width=0)
	        Index Cond: ((id >= 9816298) AND (id <= 9826297))

table 3 : explain SELECT c FROM sbtest3 WHERE id BETWEEN 7338404 AND 7348403
	Bitmap Heap Scan on sbtest3  (cost=221.69..35171.21 rows=10269 width=121)
	  Recheck Cond: ((id >= 7338404) AND (id <= 7348403))
	  ->  Bitmap Index Scan on sbtest3_pkey  (cost=0.00..219.12 rows=10269 width=0)
	        Index Cond: ((id >= 7338404) AND (id <= 7348403))

table 4 : explain SELECT c FROM sbtest4 WHERE id BETWEEN 3383235 AND 3393234
	Bitmap Heap Scan on sbtest4  (cost=193.24..31391.65 rows=9054 width=121)
	  Recheck Cond: ((id >= 3383235) AND (id <= 3393234))
	  ->  Bitmap Index Scan on sbtest4_pkey  (cost=0.00..190.98 rows=9054 width=0)
	        Index Cond: ((id >= 3383235) AND (id <= 3393234))

table 5 : explain SELECT c FROM sbtest5 WHERE id BETWEEN 6432397 AND 6442396
	Bitmap Heap Scan on sbtest5  (cost=228.78..34969.63 rows=10180 width=121)
	  Recheck Cond: ((id >= 6432397) AND (id <= 6442396))
	  ->  Bitmap Index Scan on sbtest5_pkey  (cost=0.00..226.24 rows=10180 width=0)
	        Index Cond: ((id >= 6432397) AND (id <= 6442396))

table 6 : explain SELECT c FROM sbtest6 WHERE id BETWEEN 9338891 AND 9348890
	Bitmap Heap Scan on sbtest6  (cost=199.03..31953.63 rows=9229 width=121)
	  Recheck Cond: ((id >= 9338891) AND (id <= 9348890))
	  ->  Bitmap Index Scan on sbtest6_pkey  (cost=0.00..196.73 rows=9229 width=0)
	        Index Cond: ((id >= 9338891) AND (id <= 9348890))

table 7 : explain SELECT c FROM sbtest7 WHERE id BETWEEN 7630206 AND 7640205
	Bitmap Heap Scan on sbtest7  (cost=205.71..32775.69 rows=9490 width=121)
	  Recheck Cond: ((id >= 7630206) AND (id <= 7640205))
	  ->  Bitmap Index Scan on sbtest7_pkey  (cost=0.00..203.34 rows=9490 width=0)
	        Index Cond: ((id >= 7630206) AND (id <= 7640205))

table 8 : explain SELECT c FROM sbtest8 WHERE id BETWEEN 3242406 AND 3252405
	Bitmap Heap Scan on sbtest8  (cost=213.67..33997.72 rows=9877 width=121)
	  Recheck Cond: ((id >= 3242406) AND (id <= 3252405))
	  ->  Bitmap Index Scan on sbtest8_pkey  (cost=0.00..211.20 rows=9877 width=0)
	        Index Cond: ((id >= 3242406) AND (id <= 3252405))

for: order_ranges
table 1 : explain SELECT c FROM sbtest1 WHERE id BETWEEN 2810002 AND 2820001 ORDER BY c
	Sort  (cost=35195.70..35220.83 rows=10052 width=121)
	  Sort Key: c
	  ->  Bitmap Heap Scan on sbtest1  (cost=215.47..34527.49 rows=10052 width=121)
	        Recheck Cond: ((id >= 2810002) AND (id <= 2820001))
	        ->  Bitmap Index Scan on sbtest1_pkey  (cost=0.00..212.95 rows=10052 width=0)
	              Index Cond: ((id >= 2810002) AND (id <= 2820001))

table 2 : explain SELECT c FROM sbtest2 WHERE id BETWEEN 3008188 AND 3018187 ORDER BY c
	Sort  (cost=33454.88..33478.62 rows=9498 width=121)
	  Sort Key: c
	  ->  Bitmap Heap Scan on sbtest2  (cost=205.79..32827.37 rows=9498 width=121)
	        Recheck Cond: ((id >= 3008188) AND (id <= 3018187))
	        ->  Bitmap Index Scan on sbtest2_pkey  (cost=0.00..203.42 rows=9498 width=0)
	              Index Cond: ((id >= 3008188) AND (id <= 3018187))

table 3 : explain SELECT c FROM sbtest3 WHERE id BETWEEN 7817506 AND 7827505 ORDER BY c
	Sort  (cost=35087.79..35112.86 rows=10028 width=121)
	  Sort Key: c
	  ->  Bitmap Heap Scan on sbtest3  (cost=215.22..34421.34 rows=10028 width=121)
	        Recheck Cond: ((id >= 7817506) AND (id <= 7827505))
	        ->  Bitmap Index Scan on sbtest3_pkey  (cost=0.00..212.72 rows=10028 width=0)
	              Index Cond: ((id >= 7817506) AND (id <= 7827505))

table 4 : explain SELECT c FROM sbtest4 WHERE id BETWEEN 879816 AND 889815 ORDER BY c
	Sort  (cost=34575.99..34600.64 rows=9858 width=121)
	  Sort Key: c
	  ->  Bitmap Heap Scan on sbtest4  (cost=213.48..33922.06 rows=9858 width=121)
	        Recheck Cond: ((id >= 879816) AND (id <= 889815))
	        ->  Bitmap Index Scan on sbtest4_pkey  (cost=0.00..211.01 rows=9858 width=0)
	              Index Cond: ((id >= 879816) AND (id <= 889815))

table 5 : explain SELECT c FROM sbtest5 WHERE id BETWEEN 4888945 AND 4898944 ORDER BY c
	Sort  (cost=30484.02..30505.47 rows=8580 width=121)
	  Sort Key: c
	  ->  Bitmap Heap Scan on sbtest5  (cost=192.38..29923.46 rows=8580 width=121)
	        Recheck Cond: ((id >= 4888945) AND (id <= 4898944))
	        ->  Bitmap Index Scan on sbtest5_pkey  (cost=0.00..190.24 rows=8580 width=0)
	              Index Cond: ((id >= 4888945) AND (id <= 4898944))

table 6 : explain SELECT c FROM sbtest6 WHERE id BETWEEN 3324194 AND 3334193 ORDER BY c
	Sort  (cost=36585.75..36611.96 rows=10486 width=121)
	  Sort Key: c
	  ->  Bitmap Heap Scan on sbtest6  (cost=227.92..35885.48 rows=10486 width=121)
	        Recheck Cond: ((id >= 3324194) AND (id <= 3334193))
	        ->  Bitmap Index Scan on sbtest6_pkey  (cost=0.00..225.30 rows=10486 width=0)
	              Index Cond: ((id >= 3324194) AND (id <= 3334193))

table 7 : explain SELECT c FROM sbtest7 WHERE id BETWEEN 3651161 AND 3661160 ORDER BY c
	Sort  (cost=34387.27..34411.76 rows=9797 width=121)
	  Sort Key: c
	  ->  Bitmap Heap Scan on sbtest7  (cost=212.85..33737.82 rows=9797 width=121)
	        Recheck Cond: ((id >= 3651161) AND (id <= 3661160))
	        ->  Bitmap Index Scan on sbtest7_pkey  (cost=0.00..210.41 rows=9797 width=0)
	              Index Cond: ((id >= 3651161) AND (id <= 3661160))

table 8 : explain SELECT c FROM sbtest8 WHERE id BETWEEN 3988351 AND 3998350 ORDER BY c
	Sort  (cost=37714.35..37741.45 rows=10840 width=121)
	  Sort Key: c
	  ->  Bitmap Heap Scan on sbtest8  (cost=235.55..36987.85 rows=10840 width=121)
	        Recheck Cond: ((id >= 3988351) AND (id <= 3998350))
	        ->  Bitmap Index Scan on sbtest8_pkey  (cost=0.00..232.84 rows=10840 width=0)
	              Index Cond: ((id >= 3988351) AND (id <= 3998350))

for: sum_ranges
table 1 : explain SELECT SUM(k) FROM sbtest1 WHERE id BETWEEN 7579606 AND 7589605
	Aggregate  (cost=33776.68..33776.69 rows=1 width=8)
	  ->  Bitmap Heap Scan on sbtest1  (cost=208.93..33752.17 rows=9804 width=4)
	        Recheck Cond: ((id >= 7579606) AND (id <= 7589605))
	        ->  Bitmap Index Scan on sbtest1_pkey  (cost=0.00..206.48 rows=9804 width=0)
	              Index Cond: ((id >= 7579606) AND (id <= 7589605))

table 2 : explain SELECT SUM(k) FROM sbtest2 WHERE id BETWEEN 3820527 AND 3830526
	Aggregate  (cost=35125.97..35125.98 rows=1 width=8)
	  ->  Bitmap Heap Scan on sbtest2  (cost=225.22..35100.42 rows=10223 width=4)
	        Recheck Cond: ((id >= 3820527) AND (id <= 3830526))
	        ->  Bitmap Index Scan on sbtest2_pkey  (cost=0.00..222.67 rows=10223 width=0)
	              Index Cond: ((id >= 3820527) AND (id <= 3830526))

table 3 : explain SELECT SUM(k) FROM sbtest3 WHERE id BETWEEN 9728178 AND 9738177
	Aggregate  (cost=35484.61..35484.62 rows=1 width=8)
	  ->  Bitmap Heap Scan on sbtest3  (cost=222.65..35458.71 rows=10362 width=4)
	        Recheck Cond: ((id >= 9728178) AND (id <= 9738177))
	        ->  Bitmap Index Scan on sbtest3_pkey  (cost=0.00..220.06 rows=10362 width=0)
	              Index Cond: ((id >= 9728178) AND (id <= 9738177))

table 4 : explain SELECT SUM(k) FROM sbtest4 WHERE id BETWEEN 9907904 AND 9917903
	Aggregate  (cost=32398.47..32398.48 rows=1 width=8)
	  ->  Bitmap Heap Scan on sbtest4  (cost=200.44..32375.06 rows=9366 width=4)
	        Recheck Cond: ((id >= 9907904) AND (id <= 9917903))
	        ->  Bitmap Index Scan on sbtest4_pkey  (cost=0.00..198.09 rows=9366 width=0)
	              Index Cond: ((id >= 9907904) AND (id <= 9917903))

table 5 : explain SELECT SUM(k) FROM sbtest5 WHERE id BETWEEN 7531128 AND 7541127
	Aggregate  (cost=36139.51..36139.52 rows=1 width=8)
	  ->  Bitmap Heap Scan on sbtest5  (cost=236.55..36113.14 rows=10548 width=4)
	        Recheck Cond: ((id >= 7531128) AND (id <= 7541127))
	        ->  Bitmap Index Scan on sbtest5_pkey  (cost=0.00..233.92 rows=10548 width=0)
	              Index Cond: ((id >= 7531128) AND (id <= 7541127))

table 6 : explain SELECT SUM(k) FROM sbtest6 WHERE id BETWEEN 1003823 AND 1013822
	Aggregate  (cost=34851.10..34851.11 rows=1 width=8)
	  ->  Bitmap Heap Scan on sbtest6  (cost=220.42..34825.74 rows=10145 width=4)
	        Recheck Cond: ((id >= 1003823) AND (id <= 1013822))
	        ->  Bitmap Index Scan on sbtest6_pkey  (cost=0.00..217.88 rows=10145 width=0)
	              Index Cond: ((id >= 1003823) AND (id <= 1013822))

table 7 : explain SELECT SUM(k) FROM sbtest7 WHERE id BETWEEN 6371864 AND 6381863
	Aggregate  (cost=38350.90..38350.91 rows=1 width=8)
	  ->  Bitmap Heap Scan on sbtest7  (cost=244.04..38322.70 rows=11279 width=4)
	        Recheck Cond: ((id >= 6371864) AND (id <= 6381863))
	        ->  Bitmap Index Scan on sbtest7_pkey  (cost=0.00..241.23 rows=11279 width=0)
	              Index Cond: ((id >= 6371864) AND (id <= 6381863))

table 8 : explain SELECT SUM(k) FROM sbtest8 WHERE id BETWEEN 2224110 AND 2234109
	Aggregate  (cost=34231.65..34231.66 rows=1 width=8)
	  ->  Bitmap Heap Scan on sbtest8  (cost=214.36..34206.79 rows=9944 width=4)
	        Recheck Cond: ((id >= 2224110) AND (id <= 2234109))
	        ->  Bitmap Index Scan on sbtest8_pkey  (cost=0.00..211.88 rows=9944 width=0)
	              Index Cond: ((id >= 2224110) AND (id <= 2234109))

for: sum_ranges
table 1 : explain SELECT SUM(k) FROM sbtest1 WHERE id BETWEEN 7993813 AND 8003812
	Aggregate  (cost=32960.33..32960.34 rows=1 width=8)
	  ->  Bitmap Heap Scan on sbtest1  (cost=206.25..32936.47 rows=9543 width=4)
	        Recheck Cond: ((id >= 7993813) AND (id <= 8003812))
	        ->  Bitmap Index Scan on sbtest1_pkey  (cost=0.00..203.87 rows=9543 width=0)
	              Index Cond: ((id >= 7993813) AND (id <= 8003812))

table 2 : explain SELECT SUM(k) FROM sbtest2 WHERE id BETWEEN 2390745 AND 2400744
	Aggregate  (cost=36515.68..36515.69 rows=1 width=8)
	  ->  Bitmap Heap Scan on sbtest2  (cost=233.81..36489.01 rows=10671 width=4)
	        Recheck Cond: ((id >= 2390745) AND (id <= 2400744))
	        ->  Bitmap Index Scan on sbtest2_pkey  (cost=0.00..231.15 rows=10671 width=0)
	              Index Cond: ((id >= 2390745) AND (id <= 2400744))

table 3 : explain SELECT SUM(k) FROM sbtest3 WHERE id BETWEEN 5622687 AND 5632686
	Aggregate  (cost=35264.06..35264.07 rows=1 width=8)
	  ->  Bitmap Heap Scan on sbtest3  (cost=221.92..35238.33 rows=10291 width=4)
	        Recheck Cond: ((id >= 5622687) AND (id <= 5632686))
	        ->  Bitmap Index Scan on sbtest3_pkey  (cost=0.00..219.34 rows=10291 width=0)
	              Index Cond: ((id >= 5622687) AND (id <= 5632686))

table 4 : explain SELECT SUM(k) FROM sbtest4 WHERE id BETWEEN 1286356 AND 1296355
	Aggregate  (cost=34692.40..34692.41 rows=1 width=8)
	  ->  Bitmap Heap Scan on sbtest4  (cost=215.94..34667.16 rows=10098 width=4)
	        Recheck Cond: ((id >= 1286356) AND (id <= 1296355))
	        ->  Bitmap Index Scan on sbtest4_pkey  (cost=0.00..213.42 rows=10098 width=0)
	              Index Cond: ((id >= 1286356) AND (id <= 1296355))

table 5 : explain SELECT SUM(k) FROM sbtest5 WHERE id BETWEEN 5462671 AND 5472670
	Aggregate  (cost=35422.53..35422.54 rows=1 width=8)
	  ->  Bitmap Heap Scan on sbtest5  (cost=234.17..35396.74 rows=10316 width=4)
	        Recheck Cond: ((id >= 5462671) AND (id <= 5472670))
	        ->  Bitmap Index Scan on sbtest5_pkey  (cost=0.00..231.59 rows=10316 width=0)
	              Index Cond: ((id >= 5462671) AND (id <= 5472670))

table 6 : explain SELECT SUM(k) FROM sbtest6 WHERE id BETWEEN 5370063 AND 5380062
	Aggregate  (cost=34333.21..34333.22 rows=1 width=8)
	  ->  Bitmap Heap Scan on sbtest6  (cost=214.73..34308.26 rows=9980 width=4)
	        Recheck Cond: ((id >= 5370063) AND (id <= 5380062))
	        ->  Bitmap Index Scan on sbtest6_pkey  (cost=0.00..212.24 rows=9980 width=0)
	              Index Cond: ((id >= 5370063) AND (id <= 5380062))

table 7 : explain SELECT SUM(k) FROM sbtest7 WHERE id BETWEEN 1460204 AND 1470203
	Aggregate  (cost=33203.44..33203.45 rows=1 width=8)
	  ->  Bitmap Heap Scan on sbtest7  (cost=207.03..33179.39 rows=9619 width=4)
	        Recheck Cond: ((id >= 1460204) AND (id <= 1470203))
	        ->  Bitmap Index Scan on sbtest7_pkey  (cost=0.00..204.62 rows=9619 width=0)
	              Index Cond: ((id >= 1460204) AND (id <= 1470203))

table 8 : explain SELECT SUM(k) FROM sbtest8 WHERE id BETWEEN 9417195 AND 9427194
	Aggregate  (cost=31993.43..31993.44 rows=1 width=8)
	  ->  Bitmap Heap Scan on sbtest8  (cost=199.06..31970.35 rows=9232 width=4)
	        Recheck Cond: ((id >= 9417195) AND (id <= 9427194))
	        ->  Bitmap Index Scan on sbtest8_pkey  (cost=0.00..196.75 rows=9232 width=0)
	              Index Cond: ((id >= 9417195) AND (id <= 9427194))

for: order_ranges
table 1 : explain SELECT c FROM sbtest1 WHERE id BETWEEN 5267500 AND 5277499 ORDER BY c
	Sort  (cost=34224.14..34248.51 rows=9748 width=121)
	  Sort Key: c
	  ->  Bitmap Heap Scan on sbtest1  (cost=208.35..33578.29 rows=9748 width=121)
	        Recheck Cond: ((id >= 5267500) AND (id <= 5277499))
	        ->  Bitmap Index Scan on sbtest1_pkey  (cost=0.00..205.92 rows=9748 width=0)
	              Index Cond: ((id >= 5267500) AND (id <= 5277499))

table 2 : explain SELECT c FROM sbtest2 WHERE id BETWEEN 4517715 AND 4527714 ORDER BY c
	Sort  (cost=31946.70..31969.28 rows=9031 width=121)
	  Sort Key: c
	  ->  Bitmap Heap Scan on sbtest2  (cost=197.00..31353.33 rows=9031 width=121)
	        Recheck Cond: ((id >= 4517715) AND (id <= 4527714))
	        ->  Bitmap Index Scan on sbtest2_pkey  (cost=0.00..194.75 rows=9031 width=0)
	              Index Cond: ((id >= 4517715) AND (id <= 4527714))

table 3 : explain SELECT c FROM sbtest3 WHERE id BETWEEN 8494490 AND 8504489 ORDER BY c
	Sort  (cost=37090.49..37117.14 rows=10660 width=121)
	  Sort Key: c
	  ->  Bitmap Heap Scan on sbtest3  (cost=229.70..36377.34 rows=10660 width=121)
	        Recheck Cond: ((id >= 8494490) AND (id <= 8504489))
	        ->  Bitmap Index Scan on sbtest3_pkey  (cost=0.00..227.04 rows=10660 width=0)
	              Index Cond: ((id >= 8494490) AND (id <= 8504489))

table 4 : explain SELECT c FROM sbtest4 WHERE id BETWEEN 2378289 AND 2388288 ORDER BY c
	Sort  (cost=34905.00..34929.90 rows=9961 width=121)
	  Sort Key: c
	  ->  Bitmap Heap Scan on sbtest4  (cost=214.54..34243.48 rows=9961 width=121)
	        Recheck Cond: ((id >= 2378289) AND (id <= 2388288))
	        ->  Bitmap Index Scan on sbtest4_pkey  (cost=0.00..212.05 rows=9961 width=0)
	              Index Cond: ((id >= 2378289) AND (id <= 2388288))

table 5 : explain SELECT c FROM sbtest5 WHERE id BETWEEN 1797381 AND 1807380 ORDER BY c
	Sort  (cost=34781.38..34806.16 rows=9909 width=121)
	  Sort Key: c
	  ->  Bitmap Heap Scan on sbtest5  (cost=222.00..34123.70 rows=9909 width=121)
	        Recheck Cond: ((id >= 1797381) AND (id <= 1807380))
	        ->  Bitmap Index Scan on sbtest5_pkey  (cost=0.00..219.53 rows=9909 width=0)
	              Index Cond: ((id >= 1797381) AND (id <= 1807380))

table 6 : explain SELECT c FROM sbtest6 WHERE id BETWEEN 9509861 AND 9519860 ORDER BY c
	Sort  (cost=36540.02..36566.20 rows=10472 width=121)
	  Sort Key: c
	  ->  Bitmap Heap Scan on sbtest6  (cost=227.77..35840.80 rows=10472 width=121)
	        Recheck Cond: ((id >= 9509861) AND (id <= 9519860))
	        ->  Bitmap Index Scan on sbtest6_pkey  (cost=0.00..225.16 rows=10472 width=0)
	              Index Cond: ((id >= 9509861) AND (id <= 9519860))

table 7 : explain SELECT c FROM sbtest7 WHERE id BETWEEN 2460801 AND 2470800 ORDER BY c
	Sort  (cost=31138.91..31160.89 rows=8790 width=121)
	  Sort Key: c
	  ->  Bitmap Heap Scan on sbtest7  (cost=190.53..30563.10 rows=8790 width=121)
	        Recheck Cond: ((id >= 2460801) AND (id <= 2470800))
	        ->  Bitmap Index Scan on sbtest7_pkey  (cost=0.00..188.34 rows=8790 width=0)
	              Index Cond: ((id >= 2460801) AND (id <= 2470800))

table 8 : explain SELECT c FROM sbtest8 WHERE id BETWEEN 683579 AND 693578 ORDER BY c
	Sort  (cost=34125.54..34149.82 rows=9712 width=121)
	  Sort Key: c
	  ->  Bitmap Heap Scan on sbtest8  (cost=211.98..33482.33 rows=9712 width=121)
	        Recheck Cond: ((id >= 683579) AND (id <= 693578))
	        ->  Bitmap Index Scan on sbtest8_pkey  (cost=0.00..209.56 rows=9712 width=0)
	              Index Cond: ((id >= 683579) AND (id <= 693578))

for: sum_ranges
table 1 : explain SELECT SUM(k) FROM sbtest1 WHERE id BETWEEN 1557016 AND 1567015
	Aggregate  (cost=34237.71..34237.72 rows=1 width=8)
	  ->  Bitmap Heap Scan on sbtest1  (cost=214.43..34212.83 rows=9951 width=4)
	        Recheck Cond: ((id >= 1557016) AND (id <= 1567015))
	        ->  Bitmap Index Scan on sbtest1_pkey  (cost=0.00..211.94 rows=9951 width=0)
	              Index Cond: ((id >= 1557016) AND (id <= 1567015))

table 2 : explain SELECT SUM(k) FROM sbtest2 WHERE id BETWEEN 5018911 AND 5028910
	Aggregate  (cost=33640.73..33640.74 rows=1 width=8)
	  ->  Bitmap Heap Scan on sbtest2  (cost=212.36..33616.36 rows=9749 width=4)
	        Recheck Cond: ((id >= 5018911) AND (id <= 5028910))
	        ->  Bitmap Index Scan on sbtest2_pkey  (cost=0.00..209.93 rows=9749 width=0)
	              Index Cond: ((id >= 5018911) AND (id <= 5028910))

table 3 : explain SELECT SUM(k) FROM sbtest3 WHERE id BETWEEN 4758591 AND 4768590
	Aggregate  (cost=34622.82..34622.83 rows=1 width=8)
	  ->  Bitmap Heap Scan on sbtest3  (cost=215.81..34597.61 rows=10085 width=4)
	        Recheck Cond: ((id >= 4758591) AND (id <= 4768590))
	        ->  Bitmap Index Scan on sbtest3_pkey  (cost=0.00..213.29 rows=10085 width=0)
	              Index Cond: ((id >= 4758591) AND (id <= 4768590))

table 4 : explain SELECT SUM(k) FROM sbtest4 WHERE id BETWEEN 8225029 AND 8235028
	Aggregate  (cost=32602.45..32602.46 rows=1 width=8)
	  ->  Bitmap Heap Scan on sbtest4  (cost=201.10..32578.88 rows=9431 width=4)
	        Recheck Cond: ((id >= 8225029) AND (id <= 8235028))
	        ->  Bitmap Index Scan on sbtest4_pkey  (cost=0.00..198.75 rows=9431 width=0)
	              Index Cond: ((id >= 8225029) AND (id <= 8235028))

table 5 : explain SELECT SUM(k) FROM sbtest5 WHERE id BETWEEN 3592793 AND 3602792
	Aggregate  (cost=34972.59..34972.60 rows=1 width=8)
	  ->  Bitmap Heap Scan on sbtest5  (cost=228.70..34947.16 rows=10172 width=4)
	        Recheck Cond: ((id >= 3592793) AND (id <= 3602792))
	        ->  Bitmap Index Scan on sbtest5_pkey  (cost=0.00..226.16 rows=10172 width=0)
	              Index Cond: ((id >= 3592793) AND (id <= 3602792))

table 6 : explain SELECT SUM(k) FROM sbtest6 WHERE id BETWEEN 5181452 AND 5191451
	Aggregate  (cost=34246.38..34246.39 rows=1 width=8)
	  ->  Bitmap Heap Scan on sbtest6  (cost=214.44..34221.50 rows=9952 width=4)
	        Recheck Cond: ((id >= 5181452) AND (id <= 5191451))
	        ->  Bitmap Index Scan on sbtest6_pkey  (cost=0.00..211.95 rows=9952 width=0)
	              Index Cond: ((id >= 5181452) AND (id <= 5191451))

table 7 : explain SELECT SUM(k) FROM sbtest7 WHERE id BETWEEN 7620620 AND 7630619
	Aggregate  (cost=32799.42..32799.43 rows=1 width=8)
	  ->  Bitmap Heap Scan on sbtest7  (cost=205.71..32775.69 rows=9490 width=4)
	        Recheck Cond: ((id >= 7620620) AND (id <= 7630619))
	        ->  Bitmap Index Scan on sbtest7_pkey  (cost=0.00..203.34 rows=9490 width=0)
	              Index Cond: ((id >= 7620620) AND (id <= 7630619))

table 8 : explain SELECT SUM(k) FROM sbtest8 WHERE id BETWEEN 542202 AND 552201
	Aggregate  (cost=34318.52..34318.53 rows=1 width=8)
	  ->  Bitmap Heap Scan on sbtest8  (cost=214.65..34293.59 rows=9972 width=4)
	        Recheck Cond: ((id >= 542202) AND (id <= 552201))
	        ->  Bitmap Index Scan on sbtest8_pkey  (cost=0.00..212.16 rows=9972 width=0)
	              Index Cond: ((id >= 542202) AND (id <= 552201))

for: sum_ranges
table 1 : explain SELECT SUM(k) FROM sbtest1 WHERE id BETWEEN 7968933 AND 7978932
	Aggregate  (cost=34860.75..34860.76 rows=1 width=8)
	  ->  Bitmap Heap Scan on sbtest1  (cost=216.49..34835.37 rows=10152 width=4)
	        Recheck Cond: ((id >= 7968933) AND (id <= 7978932))
	        ->  Bitmap Index Scan on sbtest1_pkey  (cost=0.00..213.95 rows=10152 width=0)
	              Index Cond: ((id >= 7968933) AND (id <= 7978932))

table 2 : explain SELECT SUM(k) FROM sbtest2 WHERE id BETWEEN 241133 AND 251132
	Aggregate  (cost=32063.03..32063.04 rows=1 width=8)
	  ->  Bitmap Heap Scan on sbtest2  (cost=203.23..32039.91 rows=9248 width=4)
	        Recheck Cond: ((id >= 241133) AND (id <= 251132))
	        ->  Bitmap Index Scan on sbtest2_pkey  (cost=0.00..200.92 rows=9248 width=0)
	              Index Cond: ((id >= 241133) AND (id <= 251132))

table 3 : explain SELECT SUM(k) FROM sbtest3 WHERE id BETWEEN 3202559 AND 3212558
	Aggregate  (cost=36181.03..36181.04 rows=1 width=8)
	  ->  Bitmap Heap Scan on sbtest3  (cost=228.95..36154.56 rows=10587 width=4)
	        Recheck Cond: ((id >= 3202559) AND (id <= 3212558))
	        ->  Bitmap Index Scan on sbtest3_pkey  (cost=0.00..226.31 rows=10587 width=0)
	              Index Cond: ((id >= 3202559) AND (id <= 3212558))

table 4 : explain SELECT SUM(k) FROM sbtest4 WHERE id BETWEEN 5634797 AND 5644796
	Aggregate  (cost=34123.69..34123.70 rows=1 width=8)
	  ->  Bitmap Heap Scan on sbtest4  (cost=214.06..34098.90 rows=9915 width=4)
	        Recheck Cond: ((id >= 5634797) AND (id <= 5644796))
	        ->  Bitmap Index Scan on sbtest4_pkey  (cost=0.00..211.59 rows=9915 width=0)
	              Index Cond: ((id >= 5634797) AND (id <= 5644796))

table 5 : explain SELECT SUM(k) FROM sbtest5 WHERE id BETWEEN 448919 AND 458918
	Aggregate  (cost=33370.89..33370.90 rows=1 width=8)
	  ->  Bitmap Heap Scan on sbtest5  (cost=219.45..33346.74 rows=9660 width=4)
	        Recheck Cond: ((id >= 448919) AND (id <= 458918))
	        ->  Bitmap Index Scan on sbtest5_pkey  (cost=0.00..217.04 rows=9660 width=0)
	              Index Cond: ((id >= 448919) AND (id <= 458918))

table 6 : explain SELECT SUM(k) FROM sbtest6 WHERE id BETWEEN 4074750 AND 4084749
	Aggregate  (cost=32424.97..32424.98 rows=1 width=8)
	  ->  Bitmap Heap Scan on sbtest6  (cost=204.48..32401.55 rows=9370 width=4)
	        Recheck Cond: ((id >= 4074750) AND (id <= 4084749))
	        ->  Bitmap Index Scan on sbtest6_pkey  (cost=0.00..202.13 rows=9370 width=0)
	              Index Cond: ((id >= 4074750) AND (id <= 4084749))

table 7 : explain SELECT SUM(k) FROM sbtest7 WHERE id BETWEEN 102331 AND 112330
	Aggregate  (cost=32167.06..32167.07 rows=1 width=8)
	  ->  Bitmap Heap Scan on sbtest7  (cost=199.66..32143.84 rows=9290 width=4)
	        Recheck Cond: ((id >= 102331) AND (id <= 112330))
	        ->  Bitmap Index Scan on sbtest7_pkey  (cost=0.00..197.34 rows=9290 width=0)
	              Index Cond: ((id >= 102331) AND (id <= 112330))

table 8 : explain SELECT SUM(k) FROM sbtest8 WHERE id BETWEEN 3775371 AND 3785370
	Aggregate  (cost=33131.21..33131.22 rows=1 width=8)
	  ->  Bitmap Heap Scan on sbtest8  (cost=206.76..33107.23 rows=9593 width=4)
	        Recheck Cond: ((id >= 3775371) AND (id <= 3785370))
	        ->  Bitmap Index Scan on sbtest8_pkey  (cost=0.00..204.37 rows=9593 width=0)
	              Index Cond: ((id >= 3775371) AND (id <= 3785370))

for point_selects
table 1 : explain SELECT c FROM sbtest1 WHERE id=6496970
	Index Scan using sbtest1_pkey on sbtest1  (cost=0.43..8.45 rows=1 width=121)
	  Index Cond: (id = 6496970)

table 2 : explain SELECT c FROM sbtest2 WHERE id=2510316
	Index Scan using sbtest2_pkey on sbtest2  (cost=0.43..8.45 rows=1 width=121)
	  Index Cond: (id = 2510316)

table 3 : explain SELECT c FROM sbtest3 WHERE id=9623646
	Index Scan using sbtest3_pkey on sbtest3  (cost=0.43..8.45 rows=1 width=121)
	  Index Cond: (id = 9623646)

table 4 : explain SELECT c FROM sbtest4 WHERE id=1420051
	Index Scan using sbtest4_pkey on sbtest4  (cost=0.43..8.45 rows=1 width=121)
	  Index Cond: (id = 1420051)

table 5 : explain SELECT c FROM sbtest5 WHERE id=7102272
	Index Scan using sbtest5_pkey on sbtest5  (cost=0.43..8.45 rows=1 width=121)
	  Index Cond: (id = 7102272)

table 6 : explain SELECT c FROM sbtest6 WHERE id=4386084
	Index Scan using sbtest6_pkey on sbtest6  (cost=0.43..8.45 rows=1 width=121)
	  Index Cond: (id = 4386084)

table 7 : explain SELECT c FROM sbtest7 WHERE id=2067858
	Index Scan using sbtest7_pkey on sbtest7  (cost=0.43..8.45 rows=1 width=121)
	  Index Cond: (id = 2067858)

table 8 : explain SELECT c FROM sbtest8 WHERE id=9273624
	Index Scan using sbtest8_pkey on sbtest8  (cost=0.43..8.45 rows=1 width=121)
	  Index Cond: (id = 9273624)

for: distinct_ranges
table 1 : explain SELECT DISTINCT c FROM sbtest1 WHERE id BETWEEN 2216802 AND 2226801 ORDER BY c
	Unique  (cost=34926.17..34976.01 rows=9967 width=121)
	  ->  Sort  (cost=34926.17..34951.09 rows=9967 width=121)
	        Sort Key: c
	        ->  Bitmap Heap Scan on sbtest1  (cost=214.60..34264.22 rows=9967 width=121)
	              Recheck Cond: ((id >= 2216802) AND (id <= 2226801))
	              ->  Bitmap Index Scan on sbtest1_pkey  (cost=0.00..212.11 rows=9967 width=0)
	                    Index Cond: ((id >= 2216802) AND (id <= 2226801))

table 2 : explain SELECT DISTINCT c FROM sbtest2 WHERE id BETWEEN 7163300 AND 7173299 ORDER BY c
	Unique  (cost=35077.14..35127.15 rows=10003 width=121)
	  ->  Sort  (cost=35077.14..35102.14 rows=10003 width=121)
	        Sort Key: c
	        ->  Bitmap Heap Scan on sbtest2  (cost=218.97..34412.53 rows=10003 width=121)
	              Recheck Cond: ((id >= 7163300) AND (id <= 7173299))
	              ->  Bitmap Index Scan on sbtest2_pkey  (cost=0.00..216.47 rows=10003 width=0)
	                    Index Cond: ((id >= 7163300) AND (id <= 7173299))

table 3 : explain SELECT DISTINCT c FROM sbtest3 WHERE id BETWEEN 8587245 AND 8597244 ORDER BY c
	Unique  (cost=32798.73..32845.29 rows=9313 width=121)
	  ->  Sort  (cost=32798.73..32822.01 rows=9313 width=121)
	        Sort Key: c
	        ->  Bitmap Heap Scan on sbtest3  (cost=199.89..32184.77 rows=9313 width=121)
	              Recheck Cond: ((id >= 8587245) AND (id <= 8597244))
	              ->  Bitmap Index Scan on sbtest3_pkey  (cost=0.00..197.56 rows=9313 width=0)
	                    Index Cond: ((id >= 8587245) AND (id <= 8597244))

table 4 : explain SELECT DISTINCT c FROM sbtest4 WHERE id BETWEEN 9095607 AND 9105606 ORDER BY c
	Unique  (cost=34928.09..34977.94 rows=9969 width=121)
	  ->  Sort  (cost=34928.09..34953.01 rows=9969 width=121)
	        Sort Key: c
	        ->  Bitmap Heap Scan on sbtest4  (cost=214.62..34265.99 rows=9969 width=121)
	              Recheck Cond: ((id >= 9095607) AND (id <= 9105606))
	              ->  Bitmap Index Scan on sbtest4_pkey  (cost=0.00..212.12 rows=9969 width=0)
	                    Index Cond: ((id >= 9095607) AND (id <= 9105606))

table 5 : explain SELECT DISTINCT c FROM sbtest5 WHERE id BETWEEN 3386285 AND 3396284 ORDER BY c
	Unique  (cost=35042.20..35092.15 rows=9989 width=121)
	  ->  Sort  (cost=35042.20..35067.18 rows=9989 width=121)
	        Sort Key: c
	        ->  Bitmap Heap Scan on sbtest5  (cost=226.82..34378.63 rows=9989 width=121)
	              Recheck Cond: ((id >= 3386285) AND (id <= 3396284))
	              ->  Bitmap Index Scan on sbtest5_pkey  (cost=0.00..224.32 rows=9989 width=0)
	                    Index Cond: ((id >= 3386285) AND (id <= 3396284))

table 6 : explain SELECT DISTINCT c FROM sbtest6 WHERE id BETWEEN 7015666 AND 7025665 ORDER BY c
	Unique  (cost=32810.88..32857.41 rows=9305 width=121)
	  ->  Sort  (cost=32810.88..32834.15 rows=9305 width=121)
	        Sort Key: c
	        ->  Bitmap Heap Scan on sbtest6  (cost=203.81..32197.51 rows=9305 width=121)
	              Recheck Cond: ((id >= 7015666) AND (id <= 7025665))
	              ->  Bitmap Index Scan on sbtest6_pkey  (cost=0.00..201.49 rows=9305 width=0)
	                    Index Cond: ((id >= 7015666) AND (id <= 7025665))

table 7 : explain SELECT DISTINCT c FROM sbtest7 WHERE id BETWEEN 1794092 AND 1804091 ORDER BY c
	Unique  (cost=35289.47..35339.86 rows=10079 width=121)
	  ->  Sort  (cost=35289.47..35314.66 rows=10079 width=121)
	        Sort Key: c
	        ->  Bitmap Heap Scan on sbtest7  (cost=219.74..34619.26 rows=10079 width=121)
	              Recheck Cond: ((id >= 1794092) AND (id <= 1804091))
	              ->  Bitmap Index Scan on sbtest7_pkey  (cost=0.00..217.23 rows=10079 width=0)
	                    Index Cond: ((id >= 1794092) AND (id <= 1804091))

table 8 : explain SELECT DISTINCT c FROM sbtest8 WHERE id BETWEEN 9120965 AND 9130964 ORDER BY c
	Unique  (cost=33692.06..33739.95 rows=9577 width=121)
	  ->  Sort  (cost=33692.06..33716.01 rows=9577 width=121)
	        Sort Key: c
	        ->  Bitmap Heap Scan on sbtest8  (cost=206.60..33058.77 rows=9577 width=121)
	              Recheck Cond: ((id >= 9120965) AND (id <= 9130964))
	              ->  Bitmap Index Scan on sbtest8_pkey  (cost=0.00..204.20 rows=9577 width=0)
	                    Index Cond: ((id >= 9120965) AND (id <= 9130964))

for: order_ranges
table 1 : explain SELECT c FROM sbtest1 WHERE id BETWEEN 7225198 AND 7235197 ORDER BY c
	Sort  (cost=34616.90..34641.58 rows=9870 width=121)
	  Sort Key: c
	  ->  Bitmap Heap Scan on sbtest1  (cost=213.60..33962.09 rows=9870 width=121)
	        Recheck Cond: ((id >= 7225198) AND (id <= 7235197))
	        ->  Bitmap Index Scan on sbtest1_pkey  (cost=0.00..211.13 rows=9870 width=0)
	              Index Cond: ((id >= 7225198) AND (id <= 7235197))

table 2 : explain SELECT c FROM sbtest2 WHERE id BETWEEN 8703653 AND 8713652 ORDER BY c
	Sort  (cost=37219.28..37245.97 rows=10676 width=121)
	  Sort Key: c
	  ->  Bitmap Heap Scan on sbtest2  (cost=233.86..36504.95 rows=10676 width=121)
	        Recheck Cond: ((id >= 8703653) AND (id <= 8713652))
	        ->  Bitmap Index Scan on sbtest2_pkey  (cost=0.00..231.19 rows=10676 width=0)
	              Index Cond: ((id >= 8703653) AND (id <= 8713652))

table 3 : explain SELECT c FROM sbtest3 WHERE id BETWEEN 8262876 AND 8272875 ORDER BY c
	Sort  (cost=33275.76..33299.42 rows=9461 width=121)
	  Sort Key: c
	  ->  Bitmap Heap Scan on sbtest3  (cost=205.41..32650.97 rows=9461 width=121)
	        Recheck Cond: ((id >= 8262876) AND (id <= 8272875))
	        ->  Bitmap Index Scan on sbtest3_pkey  (cost=0.00..203.05 rows=9461 width=0)
	              Index Cond: ((id >= 8262876) AND (id <= 8272875))

table 4 : explain SELECT c FROM sbtest4 WHERE id BETWEEN 3163211 AND 3173210 ORDER BY c
	Sort  (cost=30709.58..30731.23 rows=8661 width=121)
	  Sort Key: c
	  ->  Bitmap Heap Scan on sbtest4  (cost=185.21..30143.14 rows=8661 width=121)
	        Recheck Cond: ((id >= 3163211) AND (id <= 3173210))
	        ->  Bitmap Index Scan on sbtest4_pkey  (cost=0.00..183.05 rows=8661 width=0)
	              Index Cond: ((id >= 3163211) AND (id <= 3173210))

table 5 : explain SELECT c FROM sbtest5 WHERE id BETWEEN 1226167 AND 1236166 ORDER BY c
	Sort  (cost=36863.73..36890.14 rows=10562 width=121)
	  Sort Key: c
	  ->  Bitmap Heap Scan on sbtest5  (cost=236.70..36157.84 rows=10562 width=121)
	        Recheck Cond: ((id >= 1226167) AND (id <= 1236166))
	        ->  Bitmap Index Scan on sbtest5_pkey  (cost=0.00..234.06 rows=10562 width=0)
	              Index Cond: ((id >= 1226167) AND (id <= 1236166))

table 6 : explain SELECT c FROM sbtest6 WHERE id BETWEEN 9202805 AND 9212804 ORDER BY c
	Sort  (cost=36899.47..36925.93 rows=10586 width=121)
	  Sort Key: c
	  ->  Bitmap Heap Scan on sbtest6  (cost=228.94..36191.80 rows=10586 width=121)
	        Recheck Cond: ((id >= 9202805) AND (id <= 9212804))
	        ->  Bitmap Index Scan on sbtest6_pkey  (cost=0.00..226.30 rows=10586 width=0)
	              Index Cond: ((id >= 9202805) AND (id <= 9212804))

table 7 : explain SELECT c FROM sbtest7 WHERE id BETWEEN 4116576 AND 4126575 ORDER BY c
	Sort  (cost=35256.65..35281.82 rows=10069 width=121)
	  Sort Key: c
	  ->  Bitmap Heap Scan on sbtest7  (cost=219.64..34587.18 rows=10069 width=121)
	        Recheck Cond: ((id >= 4116576) AND (id <= 4126575))
	        ->  Bitmap Index Scan on sbtest7_pkey  (cost=0.00..217.12 rows=10069 width=0)
	              Index Cond: ((id >= 4116576) AND (id <= 4126575))

table 8 : explain SELECT c FROM sbtest8 WHERE id BETWEEN 9688382 AND 9698381 ORDER BY c
	Sort  (cost=33232.22..33255.80 rows=9434 width=121)
	  Sort Key: c
	  ->  Bitmap Heap Scan on sbtest8  (cost=205.13..32609.40 rows=9434 width=121)
	        Recheck Cond: ((id >= 9688382) AND (id <= 9698381))
	        ->  Bitmap Index Scan on sbtest8_pkey  (cost=0.00..202.78 rows=9434 width=0)
	              Index Cond: ((id >= 9688382) AND (id <= 9698381))

for: distinct_ranges
table 1 : explain SELECT DISTINCT c FROM sbtest1 WHERE id BETWEEN 3901878 AND 3911877 ORDER BY c
	Unique  (cost=35366.50..35417.03 rows=10106 width=121)
	  ->  Sort  (cost=35366.50..35391.76 rows=10106 width=121)
	        Sort Key: c
	        ->  Bitmap Heap Scan on sbtest1  (cost=216.02..34694.30 rows=10106 width=121)
	              Recheck Cond: ((id >= 3901878) AND (id <= 3911877))
	              ->  Bitmap Index Scan on sbtest1_pkey  (cost=0.00..213.50 rows=10106 width=0)
	                    Index Cond: ((id >= 3901878) AND (id <= 3911877))

table 2 : explain SELECT DISTINCT c FROM sbtest2 WHERE id BETWEEN 3191794 AND 3201793 ORDER BY c
	Unique  (cost=35350.19..35400.64 rows=10089 width=121)
	  ->  Sort  (cost=35350.19..35375.42 rows=10089 width=121)
	        Sort Key: c
	        ->  Bitmap Heap Scan on sbtest2  (cost=219.85..34679.25 rows=10089 width=121)
	              Recheck Cond: ((id >= 3191794) AND (id <= 3201793))
	              ->  Bitmap Index Scan on sbtest2_pkey  (cost=0.00..217.32 rows=10089 width=0)
	                    Index Cond: ((id >= 3191794) AND (id <= 3201793))

table 3 : explain SELECT DISTINCT c FROM sbtest3 WHERE id BETWEEN 7155436 AND 7165435 ORDER BY c
	Unique  (cost=33764.42..33812.49 rows=9614 width=121)
	  ->  Sort  (cost=33764.42..33788.45 rows=9614 width=121)
	        Sort Key: c
	        ->  Bitmap Heap Scan on sbtest3  (cost=206.98..33128.41 rows=9614 width=121)
	              Recheck Cond: ((id >= 7155436) AND (id <= 7165435))
	              ->  Bitmap Index Scan on sbtest3_pkey  (cost=0.00..204.57 rows=9614 width=0)
	                    Index Cond: ((id >= 7155436) AND (id <= 7165435))

table 4 : explain SELECT DISTINCT c FROM sbtest4 WHERE id BETWEEN 4764019 AND 4774018 ORDER BY c
	Unique  (cost=31427.55..31471.95 rows=8881 width=121)
	  ->  Sort  (cost=31427.55..31449.75 rows=8881 width=121)
	        Sort Key: c
	        ->  Bitmap Heap Scan on sbtest4  (cost=191.47..30845.11 rows=8881 width=121)
	              Recheck Cond: ((id >= 4764019) AND (id <= 4774018))
	              ->  Bitmap Index Scan on sbtest4_pkey  (cost=0.00..189.25 rows=8881 width=0)
	                    Index Cond: ((id >= 4764019) AND (id <= 4774018))

table 5 : explain SELECT DISTINCT c FROM sbtest5 WHERE id BETWEEN 3777507 AND 3787506 ORDER BY c
	Unique  (cost=36441.65..36493.79 rows=10429 width=121)
	  ->  Sort  (cost=36441.65..36467.72 rows=10429 width=121)
	        Sort Key: c
	        ->  Bitmap Heap Scan on sbtest5  (cost=235.33..35745.60 rows=10429 width=121)
	              Recheck Cond: ((id >= 3777507) AND (id <= 3787506))
	              ->  Bitmap Index Scan on sbtest5_pkey  (cost=0.00..232.73 rows=10429 width=0)
	                    Index Cond: ((id >= 3777507) AND (id <= 3787506))

table 6 : explain SELECT DISTINCT c FROM sbtest6 WHERE id BETWEEN 1675553 AND 1685552 ORDER BY c
	Unique  (cost=38391.63..38446.93 rows=11059 width=121)
	  ->  Sort  (cost=38391.63..38419.28 rows=11059 width=121)
	        Sort Key: c
	        ->  Bitmap Heap Scan on sbtest6  (cost=237.79..37648.86 rows=11059 width=121)
	              Recheck Cond: ((id >= 1675553) AND (id <= 1685552))
	              ->  Bitmap Index Scan on sbtest6_pkey  (cost=0.00..235.03 rows=11059 width=0)
	                    Index Cond: ((id >= 1675553) AND (id <= 1685552))

table 7 : explain SELECT DISTINCT c FROM sbtest7 WHERE id BETWEEN 4162149 AND 4172148 ORDER BY c
	Unique  (cost=35256.65..35307.00 rows=10069 width=121)
	  ->  Sort  (cost=35256.65..35281.82 rows=10069 width=121)
	        Sort Key: c
	        ->  Bitmap Heap Scan on sbtest7  (cost=219.64..34587.18 rows=10069 width=121)
	              Recheck Cond: ((id >= 4162149) AND (id <= 4172148))
	              ->  Bitmap Index Scan on sbtest7_pkey  (cost=0.00..217.12 rows=10069 width=0)
	                    Index Cond: ((id >= 4162149) AND (id <= 4172148))

table 8 : explain SELECT DISTINCT c FROM sbtest8 WHERE id BETWEEN 4797925 AND 4807924 ORDER BY c
	Unique  (cost=35790.98..35842.15 rows=10233 width=121)
	  ->  Sort  (cost=35790.98..35816.57 rows=10233 width=121)
	        Sort Key: c
	        ->  Bitmap Heap Scan on sbtest8  (cost=221.32..35109.42 rows=10233 width=121)
	              Recheck Cond: ((id >= 4797925) AND (id <= 4807924))
	              ->  Bitmap Index Scan on sbtest8_pkey  (cost=0.00..218.76 rows=10233 width=0)
	                    Index Cond: ((id >= 4797925) AND (id <= 4807924))

for: order_ranges
table 1 : explain SELECT c FROM sbtest1 WHERE id BETWEEN 559589 AND 569588 ORDER BY c
	Sort  (cost=33686.22..33710.17 rows=9580 width=121)
	  Sort Key: c
	  ->  Bitmap Heap Scan on sbtest1  (cost=206.63..33052.70 rows=9580 width=121)
	        Recheck Cond: ((id >= 559589) AND (id <= 569588))
	        ->  Bitmap Index Scan on sbtest1_pkey  (cost=0.00..204.24 rows=9580 width=0)
	              Index Cond: ((id >= 559589) AND (id <= 569588))

table 2 : explain SELECT c FROM sbtest2 WHERE id BETWEEN 8162043 AND 8172042 ORDER BY c
	Sort  (cost=36649.77..36676.01 rows=10497 width=121)
	  Sort Key: c
	  ->  Bitmap Heap Scan on sbtest2  (cost=228.03..35948.69 rows=10497 width=121)
	        Recheck Cond: ((id >= 8162043) AND (id <= 8172042))
	        ->  Bitmap Index Scan on sbtest2_pkey  (cost=0.00..225.41 rows=10497 width=0)
	              Index Cond: ((id >= 8162043) AND (id <= 8172042))

table 3 : explain SELECT c FROM sbtest3 WHERE id BETWEEN 6804018 AND 6814017 ORDER BY c
	Sort  (cost=32716.03..32739.25 rows=9288 width=121)
	  Sort Key: c
	  ->  Bitmap Heap Scan on sbtest3  (cost=199.64..32103.89 rows=9288 width=121)
	        Recheck Cond: ((id >= 6804018) AND (id <= 6814017))
	        ->  Bitmap Index Scan on sbtest3_pkey  (cost=0.00..197.31 rows=9288 width=0)
	              Index Cond: ((id >= 6804018) AND (id <= 6814017))

table 4 : explain SELECT c FROM sbtest4 WHERE id BETWEEN 4619636 AND 4629635 ORDER BY c
	Sort  (cost=33823.61..33847.67 rows=9624 width=121)
	  Sort Key: c
	  ->  Bitmap Heap Scan on sbtest4  (cost=207.08..33186.86 rows=9624 width=121)
	        Recheck Cond: ((id >= 4619636) AND (id <= 4629635))
	        ->  Bitmap Index Scan on sbtest4_pkey  (cost=0.00..204.68 rows=9624 width=0)
	              Index Cond: ((id >= 4619636) AND (id <= 4629635))

table 5 : explain SELECT c FROM sbtest5 WHERE id BETWEEN 5762148 AND 5772147 ORDER BY c
	Sort  (cost=35446.87..35472.16 rows=10117 width=121)
	  Sort Key: c
	  ->  Bitmap Heap Scan on sbtest5  (cost=228.13..34773.86 rows=10117 width=121)
	        Recheck Cond: ((id >= 5762148) AND (id <= 5772147))
	        ->  Bitmap Index Scan on sbtest5_pkey  (cost=0.00..225.61 rows=10117 width=0)
	              Index Cond: ((id >= 5762148) AND (id <= 5772147))

table 6 : explain SELECT c FROM sbtest6 WHERE id BETWEEN 1113091 AND 1123090 ORDER BY c
	Sort  (cost=33400.42..33424.14 rows=9489 width=121)
	  Sort Key: c
	  ->  Bitmap Heap Scan on sbtest6  (cost=205.70..32773.57 rows=9489 width=121)
	        Recheck Cond: ((id >= 1113091) AND (id <= 1123090))
	        ->  Bitmap Index Scan on sbtest6_pkey  (cost=0.00..203.32 rows=9489 width=0)
	              Index Cond: ((id >= 1113091) AND (id <= 1123090))

table 7 : explain SELECT c FROM sbtest7 WHERE id BETWEEN 9282370 AND 9292369 ORDER BY c
	Sort  (cost=33217.28..33240.86 rows=9432 width=121)
	  Sort Key: c
	  ->  Bitmap Heap Scan on sbtest7  (cost=205.11..32594.61 rows=9432 width=121)
	        Recheck Cond: ((id >= 9282370) AND (id <= 9292369))
	        ->  Bitmap Index Scan on sbtest7_pkey  (cost=0.00..202.75 rows=9432 width=0)
	              Index Cond: ((id >= 9282370) AND (id <= 9292369))

table 8 : explain SELECT c FROM sbtest8 WHERE id BETWEEN 4134083 AND 4144082 ORDER BY c
	Sort  (cost=33827.63..33851.68 rows=9620 width=121)
	  Sort Key: c
	  ->  Bitmap Heap Scan on sbtest8  (cost=207.04..33191.18 rows=9620 width=121)
	        Recheck Cond: ((id >= 4134083) AND (id <= 4144082))
	        ->  Bitmap Index Scan on sbtest8_pkey  (cost=0.00..204.63 rows=9620 width=0)
	              Index Cond: ((id >= 4134083) AND (id <= 4144082))

for: simple_ranges
table 1 : explain SELECT c FROM sbtest1 WHERE id BETWEEN 8539888 AND 8549887
	Bitmap Heap Scan on sbtest1  (cost=201.49..32699.85 rows=9469 width=121)
	  Recheck Cond: ((id >= 8539888) AND (id <= 8549887))
	  ->  Bitmap Index Scan on sbtest1_pkey  (cost=0.00..199.12 rows=9469 width=0)
	        Index Cond: ((id >= 8539888) AND (id <= 8549887))

table 2 : explain SELECT c FROM sbtest2 WHERE id BETWEEN 8896171 AND 8906170
	Bitmap Heap Scan on sbtest2  (cost=225.97..35324.78 rows=10296 width=121)
	  Recheck Cond: ((id >= 8896171) AND (id <= 8906170))
	  ->  Bitmap Index Scan on sbtest2_pkey  (cost=0.00..223.40 rows=10296 width=0)
	        Index Cond: ((id >= 8896171) AND (id <= 8906170))

table 3 : explain SELECT c FROM sbtest3 WHERE id BETWEEN 8647060 AND 8657059
	Bitmap Heap Scan on sbtest3  (cost=199.89..32184.77 rows=9313 width=121)
	  Recheck Cond: ((id >= 8647060) AND (id <= 8657059))
	  ->  Bitmap Index Scan on sbtest3_pkey  (cost=0.00..197.56 rows=9313 width=0)
	        Index Cond: ((id >= 8647060) AND (id <= 8657059))

table 4 : explain SELECT c FROM sbtest4 WHERE id BETWEEN 5407365 AND 5417364
	Bitmap Heap Scan on sbtest4  (cost=215.94..34667.16 rows=10098 width=121)
	  Recheck Cond: ((id >= 5407365) AND (id <= 5417364))
	  ->  Bitmap Index Scan on sbtest4_pkey  (cost=0.00..213.42 rows=10098 width=0)
	        Index Cond: ((id >= 5407365) AND (id <= 5417364))

table 5 : explain SELECT c FROM sbtest5 WHERE id BETWEEN 4309101 AND 4319100
	Bitmap Heap Scan on sbtest5  (cost=220.29..33601.71 rows=9742 width=121)
	  Recheck Cond: ((id >= 4309101) AND (id <= 4319100))
	  ->  Bitmap Index Scan on sbtest5_pkey  (cost=0.00..217.86 rows=9742 width=0)
	        Index Cond: ((id >= 4309101) AND (id <= 4319100))

table 6 : explain SELECT c FROM sbtest6 WHERE id BETWEEN 1671521 AND 1681520
	Bitmap Heap Scan on sbtest6  (cost=237.79..37648.86 rows=11059 width=121)
	  Recheck Cond: ((id >= 1671521) AND (id <= 1681520))
	  ->  Bitmap Index Scan on sbtest6_pkey  (cost=0.00..235.03 rows=11059 width=0)
	        Index Cond: ((id >= 1671521) AND (id <= 1681520))

table 7 : explain SELECT c FROM sbtest7 WHERE id BETWEEN 4669778 AND 4679777
	Bitmap Heap Scan on sbtest7  (cost=206.75..33095.47 rows=9592 width=121)
	  Recheck Cond: ((id >= 4669778) AND (id <= 4679777))
	  ->  Bitmap Index Scan on sbtest7_pkey  (cost=0.00..204.36 rows=9592 width=0)
	        Index Cond: ((id >= 4669778) AND (id <= 4679777))

table 8 : explain SELECT c FROM sbtest8 WHERE id BETWEEN 29372 AND 39371
	Bitmap Heap Scan on sbtest8  (cost=221.17..35061.37 rows=10218 width=121)
	  Recheck Cond: ((id >= 29372) AND (id <= 39371))
	  ->  Bitmap Index Scan on sbtest8_pkey  (cost=0.00..218.62 rows=10218 width=0)
	        Index Cond: ((id >= 29372) AND (id <= 39371))

for: order_ranges
table 1 : explain SELECT c FROM sbtest1 WHERE id BETWEEN 2576970 AND 2586969 ORDER BY c
	Sort  (cost=34178.02..34202.36 rows=9734 width=121)
	  Sort Key: c
	  ->  Bitmap Heap Scan on sbtest1  (cost=208.21..33533.20 rows=9734 width=121)
	        Recheck Cond: ((id >= 2576970) AND (id <= 2586969))
	        ->  Bitmap Index Scan on sbtest1_pkey  (cost=0.00..205.78 rows=9734 width=0)
	              Index Cond: ((id >= 2576970) AND (id <= 2586969))

table 2 : explain SELECT c FROM sbtest2 WHERE id BETWEEN 1640626 AND 1650625 ORDER BY c
	Sort  (cost=34272.18..34296.56 rows=9752 width=121)
	  Sort Key: c
	  ->  Bitmap Heap Scan on sbtest2  (cost=212.39..33626.04 rows=9752 width=121)
	        Recheck Cond: ((id >= 1640626) AND (id <= 1650625))
	        ->  Bitmap Index Scan on sbtest2_pkey  (cost=0.00..209.95 rows=9752 width=0)
	              Index Cond: ((id >= 1640626) AND (id <= 1650625))

table 3 : explain SELECT c FROM sbtest3 WHERE id BETWEEN 3480516 AND 3490515 ORDER BY c
	Sort  (cost=34664.10..34688.83 rows=9895 width=121)
	  Sort Key: c
	  ->  Bitmap Heap Scan on sbtest3  (cost=213.86..34007.44 rows=9895 width=121)
	        Recheck Cond: ((id >= 3480516) AND (id <= 3490515))
	        ->  Bitmap Index Scan on sbtest3_pkey  (cost=0.00..211.38 rows=9895 width=0)
	              Index Cond: ((id >= 3480516) AND (id <= 3490515))

table 4 : explain SELECT c FROM sbtest4 WHERE id BETWEEN 2327501 AND 2337500 ORDER BY c
	Sort  (cost=34849.15..34874.01 rows=9944 width=121)
	  Sort Key: c
	  ->  Bitmap Heap Scan on sbtest4  (cost=214.36..34188.88 rows=9944 width=121)
	        Recheck Cond: ((id >= 2327501) AND (id <= 2337500))
	        ->  Bitmap Index Scan on sbtest4_pkey  (cost=0.00..211.88 rows=9944 width=0)
	              Index Cond: ((id >= 2327501) AND (id <= 2337500))

table 5 : explain SELECT c FROM sbtest5 WHERE id BETWEEN 5246361 AND 5256360 ORDER BY c
	Sort  (cost=38238.37..38265.86 rows=10996 width=121)
	  Sort Key: c
	  ->  Bitmap Heap Scan on sbtest5  (cost=249.14..37500.29 rows=10996 width=121)
	        Recheck Cond: ((id >= 5246361) AND (id <= 5256360))
	        ->  Bitmap Index Scan on sbtest5_pkey  (cost=0.00..246.40 rows=10996 width=0)
	              Index Cond: ((id >= 5246361) AND (id <= 5256360))

table 6 : explain SELECT c FROM sbtest6 WHERE id BETWEEN 7417680 AND 7427679 ORDER BY c
	Sort  (cost=34411.48..34435.99 rows=9804 width=121)
	  Sort Key: c
	  ->  Bitmap Heap Scan on sbtest6  (cost=212.93..33761.51 rows=9804 width=121)
	        Recheck Cond: ((id >= 7417680) AND (id <= 7427679))
	        ->  Bitmap Index Scan on sbtest6_pkey  (cost=0.00..210.48 rows=9804 width=0)
	              Index Cond: ((id >= 7417680) AND (id <= 7427679))

table 7 : explain SELECT c FROM sbtest7 WHERE id BETWEEN 8338437 AND 8348436 ORDER BY c
	Sort  (cost=33749.67..33773.67 rows=9598 width=121)
	  Sort Key: c
	  ->  Bitmap Heap Scan on sbtest7  (cost=206.81..33114.83 rows=9598 width=121)
	        Recheck Cond: ((id >= 8338437) AND (id <= 8348436))
	        ->  Bitmap Index Scan on sbtest7_pkey  (cost=0.00..204.42 rows=9598 width=0)
	              Index Cond: ((id >= 8338437) AND (id <= 8348436))

table 8 : explain SELECT c FROM sbtest8 WHERE id BETWEEN 2380455 AND 2390454 ORDER BY c
	Sort  (cost=35892.64..35918.30 rows=10265 width=121)
	  Sort Key: c
	  ->  Bitmap Heap Scan on sbtest8  (cost=221.65..35208.71 rows=10265 width=121)
	        Recheck Cond: ((id >= 2380455) AND (id <= 2390454))
	        ->  Bitmap Index Scan on sbtest8_pkey  (cost=0.00..219.09 rows=10265 width=0)
	              Index Cond: ((id >= 2380455) AND (id <= 2390454))

for: order_ranges
table 1 : explain SELECT c FROM sbtest1 WHERE id BETWEEN 4003617 AND 4013616 ORDER BY c
	Sort  (cost=34244.00..34268.38 rows=9755 width=121)
	  Sort Key: c
	  ->  Bitmap Heap Scan on sbtest1  (cost=208.42..33597.63 rows=9755 width=121)
	        Recheck Cond: ((id >= 4003617) AND (id <= 4013616))
	        ->  Bitmap Index Scan on sbtest1_pkey  (cost=0.00..205.99 rows=9755 width=0)
	              Index Cond: ((id >= 4003617) AND (id <= 4013616))

table 2 : explain SELECT c FROM sbtest2 WHERE id BETWEEN 1995507 AND 2005506 ORDER BY c
	Sort  (cost=35438.96..35464.25 rows=10117 width=121)
	  Sort Key: c
	  ->  Bitmap Heap Scan on sbtest2  (cost=220.13..34765.95 rows=10117 width=121)
	        Recheck Cond: ((id >= 1995507) AND (id <= 2005506))
	        ->  Bitmap Index Scan on sbtest2_pkey  (cost=0.00..217.61 rows=10117 width=0)
	              Index Cond: ((id >= 1995507) AND (id <= 2005506))

table 3 : explain SELECT c FROM sbtest3 WHERE id BETWEEN 2721123 AND 2731122 ORDER BY c
	Sort  (cost=34097.33..34121.62 rows=9718 width=121)
	  Sort Key: c
	  ->  Bitmap Heap Scan on sbtest3  (cost=208.04..33453.68 rows=9718 width=121)
	        Recheck Cond: ((id >= 2721123) AND (id <= 2731122))
	        ->  Bitmap Index Scan on sbtest3_pkey  (cost=0.00..205.62 rows=9718 width=0)
	              Index Cond: ((id >= 2721123) AND (id <= 2731122))

table 4 : explain SELECT c FROM sbtest4 WHERE id BETWEEN 9786340 AND 9796339 ORDER BY c
	Sort  (cost=34717.49..34742.24 rows=9902 width=121)
	  Sort Key: c
	  ->  Bitmap Heap Scan on sbtest4  (cost=213.93..34060.32 rows=9902 width=121)
	        Recheck Cond: ((id >= 9786340) AND (id <= 9796339))
	        ->  Bitmap Index Scan on sbtest4_pkey  (cost=0.00..211.45 rows=9902 width=0)
	              Index Cond: ((id >= 9786340) AND (id <= 9796339))

table 5 : explain SELECT c FROM sbtest5 WHERE id BETWEEN 1252676 AND 1262675 ORDER BY c
	Sort  (cost=36863.73..36890.14 rows=10562 width=121)
	  Sort Key: c
	  ->  Bitmap Heap Scan on sbtest5  (cost=236.70..36157.84 rows=10562 width=121)
	        Recheck Cond: ((id >= 1252676) AND (id <= 1262675))
	        ->  Bitmap Index Scan on sbtest5_pkey  (cost=0.00..234.06 rows=10562 width=0)
	              Index Cond: ((id >= 1252676) AND (id <= 1262675))

table 6 : explain SELECT c FROM sbtest6 WHERE id BETWEEN 576301 AND 586300 ORDER BY c
	Sort  (cost=33446.68..33470.44 rows=9503 width=121)
	  Sort Key: c
	  ->  Bitmap Heap Scan on sbtest6  (cost=205.84..32818.81 rows=9503 width=121)
	        Recheck Cond: ((id >= 576301) AND (id <= 586300))
	        ->  Bitmap Index Scan on sbtest6_pkey  (cost=0.00..203.47 rows=9503 width=0)
	              Index Cond: ((id >= 576301) AND (id <= 586300))

table 7 : explain SELECT c FROM sbtest7 WHERE id BETWEEN 3346972 AND 3356971 ORDER BY c
	Sort  (cost=32444.23..32467.21 rows=9193 width=121)
	  Sort Key: c
	  ->  Bitmap Heap Scan on sbtest7  (cost=198.66..31839.04 rows=9193 width=121)
	        Recheck Cond: ((id >= 3346972) AND (id <= 3356971))
	        ->  Bitmap Index Scan on sbtest7_pkey  (cost=0.00..196.37 rows=9193 width=0)
	              Index Cond: ((id >= 3346972) AND (id <= 3356971))

table 8 : explain SELECT c FROM sbtest8 WHERE id BETWEEN 3179549 AND 3189548 ORDER BY c
	Sort  (cost=34653.05..34677.74 rows=9877 width=121)
	  Sort Key: c
	  ->  Bitmap Heap Scan on sbtest8  (cost=213.67..33997.72 rows=9877 width=121)
	        Recheck Cond: ((id >= 3179549) AND (id <= 3189548))
	        ->  Bitmap Index Scan on sbtest8_pkey  (cost=0.00..211.20 rows=9877 width=0)
	              Index Cond: ((id >= 3179549) AND (id <= 3189548))

for point_selects
table 1 : explain SELECT c FROM sbtest1 WHERE id=744043
	Index Scan using sbtest1_pkey on sbtest1  (cost=0.43..8.45 rows=1 width=121)
	  Index Cond: (id = 744043)

table 2 : explain SELECT c FROM sbtest2 WHERE id=416813
	Index Scan using sbtest2_pkey on sbtest2  (cost=0.43..8.45 rows=1 width=121)
	  Index Cond: (id = 416813)

table 3 : explain SELECT c FROM sbtest3 WHERE id=6021865
	Index Scan using sbtest3_pkey on sbtest3  (cost=0.43..8.45 rows=1 width=121)
	  Index Cond: (id = 6021865)

table 4 : explain SELECT c FROM sbtest4 WHERE id=1966529
	Index Scan using sbtest4_pkey on sbtest4  (cost=0.43..8.45 rows=1 width=121)
	  Index Cond: (id = 1966529)

table 5 : explain SELECT c FROM sbtest5 WHERE id=1774228
	Index Scan using sbtest5_pkey on sbtest5  (cost=0.43..8.45 rows=1 width=121)
	  Index Cond: (id = 1774228)

table 6 : explain SELECT c FROM sbtest6 WHERE id=5357746
	Index Scan using sbtest6_pkey on sbtest6  (cost=0.43..8.45 rows=1 width=121)
	  Index Cond: (id = 5357746)

table 7 : explain SELECT c FROM sbtest7 WHERE id=9629552
	Index Scan using sbtest7_pkey on sbtest7  (cost=0.43..8.45 rows=1 width=121)
	  Index Cond: (id = 9629552)

table 8 : explain SELECT c FROM sbtest8 WHERE id=693793
	Index Scan using sbtest8_pkey on sbtest8  (cost=0.43..8.45 rows=1 width=121)
	  Index Cond: (id = 693793)

for: distinct_ranges
table 1 : explain SELECT DISTINCT c FROM sbtest1 WHERE id BETWEEN 9618695 AND 9628694 ORDER BY c
	Unique  (cost=36984.88..37037.95 rows=10615 width=121)
	  ->  Sort  (cost=36984.88..37011.41 rows=10615 width=121)
	        Sort Key: c
	        ->  Bitmap Heap Scan on sbtest1  (cost=229.24..36275.06 rows=10615 width=121)
	              Recheck Cond: ((id >= 9618695) AND (id <= 9628694))
	              ->  Bitmap Index Scan on sbtest1_pkey  (cost=0.00..226.59 rows=10615 width=0)
	                    Index Cond: ((id >= 9618695) AND (id <= 9628694))

table 2 : explain SELECT DISTINCT c FROM sbtest2 WHERE id BETWEEN 3009329 AND 3019328 ORDER BY c
	Unique  (cost=33454.88..33502.37 rows=9498 width=121)
	  ->  Sort  (cost=33454.88..33478.62 rows=9498 width=121)
	        Sort Key: c
	        ->  Bitmap Heap Scan on sbtest2  (cost=205.79..32827.37 rows=9498 width=121)
	              Recheck Cond: ((id >= 3009329) AND (id <= 3019328))
	              ->  Bitmap Index Scan on sbtest2_pkey  (cost=0.00..203.42 rows=9498 width=0)
	                    Index Cond: ((id >= 3009329) AND (id <= 3019328))

table 3 : explain SELECT DISTINCT c FROM sbtest3 WHERE id BETWEEN 248826 AND 258825 ORDER BY c
	Unique  (cost=34887.51..34937.34 rows=9965 width=121)
	  ->  Sort  (cost=34887.51..34912.43 rows=9965 width=121)
	        Sort Key: c
	        ->  Bitmap Heap Scan on sbtest3  (cost=214.58..34225.71 rows=9965 width=121)
	              Recheck Cond: ((id >= 248826) AND (id <= 258825))
	              ->  Bitmap Index Scan on sbtest3_pkey  (cost=0.00..212.09 rows=9965 width=0)
	                    Index Cond: ((id >= 248826) AND (id <= 258825))

table 4 : explain SELECT DISTINCT c FROM sbtest4 WHERE id BETWEEN 1080915 AND 1090914 ORDER BY c
	Unique  (cost=38208.27..38263.29 rows=11004 width=121)
	  ->  Sort  (cost=38208.27..38235.78 rows=11004 width=121)
	        Sort Key: c
	        ->  Bitmap Heap Scan on sbtest4  (cost=237.23..37469.59 rows=11004 width=121)
	              Recheck Cond: ((id >= 1080915) AND (id <= 1090914))
	              ->  Bitmap Index Scan on sbtest4_pkey  (cost=0.00..234.48 rows=11004 width=0)
	                    Index Cond: ((id >= 1080915) AND (id <= 1090914))

table 5 : explain SELECT DISTINCT c FROM sbtest5 WHERE id BETWEEN 8114239 AND 8124238 ORDER BY c
	Unique  (cost=35200.20..35250.39 rows=10039 width=121)
	  ->  Sort  (cost=35200.20..35225.30 rows=10039 width=121)
	        Sort Key: c
	        ->  Bitmap Heap Scan on sbtest5  (cost=227.33..34532.94 rows=10039 width=121)
	              Recheck Cond: ((id >= 8114239) AND (id <= 8124238))
	              ->  Bitmap Index Scan on sbtest5_pkey  (cost=0.00..224.82 rows=10039 width=0)
	                    Index Cond: ((id >= 8114239) AND (id <= 8124238))

table 6 : explain SELECT DISTINCT c FROM sbtest6 WHERE id BETWEEN 797622 AND 807621 ORDER BY c
	Unique  (cost=36222.72..36274.58 rows=10372 width=121)
	  ->  Sort  (cost=36222.72..36248.65 rows=10372 width=121)
	        Sort Key: c
	        ->  Bitmap Heap Scan on sbtest6  (cost=226.75..35530.88 rows=10372 width=121)
	              Recheck Cond: ((id >= 797622) AND (id <= 807621))
	              ->  Bitmap Index Scan on sbtest6_pkey  (cost=0.00..224.16 rows=10372 width=0)
	                    Index Cond: ((id >= 797622) AND (id <= 807621))

table 7 : explain SELECT DISTINCT c FROM sbtest7 WHERE id BETWEEN 3193092 AND 3203091 ORDER BY c
	Unique  (cost=32367.83..32413.68 rows=9169 width=121)
	  ->  Sort  (cost=32367.83..32390.75 rows=9169 width=121)
	        Sort Key: c
	        ->  Bitmap Heap Scan on sbtest7  (cost=198.42..31764.39 rows=9169 width=121)
	              Recheck Cond: ((id >= 3193092) AND (id <= 3203091))
	              ->  Bitmap Index Scan on sbtest7_pkey  (cost=0.00..196.12 rows=9169 width=0)
	                    Index Cond: ((id >= 3193092) AND (id <= 3203091))

table 8 : explain SELECT DISTINCT c FROM sbtest8 WHERE id BETWEEN 184035 AND 194034 ORDER BY c
	Unique  (cost=35387.26..35437.79 rows=10106 width=121)
	  ->  Sort  (cost=35387.26..35412.52 rows=10106 width=121)
	        Sort Key: c
	        ->  Bitmap Heap Scan on sbtest8  (cost=220.02..34715.06 rows=10106 width=121)
	              Recheck Cond: ((id >= 184035) AND (id <= 194034))
	              ->  Bitmap Index Scan on sbtest8_pkey  (cost=0.00..217.50 rows=10106 width=0)
	                    Index Cond: ((id >= 184035) AND (id <= 194034))

for: order_ranges
table 1 : explain SELECT c FROM sbtest1 WHERE id BETWEEN 1498944 AND 1508943 ORDER BY c
	Sort  (cost=34873.61..34898.48 rows=9951 width=121)
	  Sort Key: c
	  ->  Bitmap Heap Scan on sbtest1  (cost=214.43..34212.83 rows=9951 width=121)
	        Recheck Cond: ((id >= 1498944) AND (id <= 1508943))
	        ->  Bitmap Index Scan on sbtest1_pkey  (cost=0.00..211.94 rows=9951 width=0)
	              Index Cond: ((id >= 1498944) AND (id <= 1508943))

table 2 : explain SELECT c FROM sbtest2 WHERE id BETWEEN 8204631 AND 8214630 ORDER BY c
	Sort  (cost=31008.68..31030.54 rows=8743 width=121)
	  Sort Key: c
	  ->  Bitmap Heap Scan on sbtest2  (cost=190.05..30436.28 rows=8743 width=121)
	        Recheck Cond: ((id >= 8204631) AND (id <= 8214630))
	        ->  Bitmap Index Scan on sbtest2_pkey  (cost=0.00..187.87 rows=8743 width=0)
	              Index Cond: ((id >= 8204631) AND (id <= 8214630))

table 3 : explain SELECT c FROM sbtest3 WHERE id BETWEEN 2298552 AND 2308551 ORDER BY c
	Sort  (cost=32454.22..32477.24 rows=9206 width=121)
	  Sort Key: c
	  ->  Bitmap Heap Scan on sbtest3  (cost=198.80..31848.08 rows=9206 width=121)
	        Recheck Cond: ((id >= 2298552) AND (id <= 2308551))
	        ->  Bitmap Index Scan on sbtest3_pkey  (cost=0.00..196.50 rows=9206 width=0)
	              Index Cond: ((id >= 2298552) AND (id <= 2308551))

table 4 : explain SELECT c FROM sbtest4 WHERE id BETWEEN 4206559 AND 4216558 ORDER BY c
	Sort  (cost=35942.86..35968.58 rows=10287 width=121)
	  Sort Key: c
	  ->  Bitmap Heap Scan on sbtest4  (cost=221.88..35257.31 rows=10287 width=121)
	        Recheck Cond: ((id >= 4206559) AND (id <= 4216558))
	        ->  Bitmap Index Scan on sbtest4_pkey  (cost=0.00..219.31 rows=10287 width=0)
	              Index Cond: ((id >= 4206559) AND (id <= 4216558))

table 5 : explain SELECT c FROM sbtest5 WHERE id BETWEEN 6451756 AND 6461755 ORDER BY c
	Sort  (cost=35647.29..35672.74 rows=10180 width=121)
	  Sort Key: c
	  ->  Bitmap Heap Scan on sbtest5  (cost=228.78..34969.63 rows=10180 width=121)
	        Recheck Cond: ((id >= 6451756) AND (id <= 6461755))
	        ->  Bitmap Index Scan on sbtest5_pkey  (cost=0.00..226.24 rows=10180 width=0)
	              Index Cond: ((id >= 6451756) AND (id <= 6461755))

table 6 : explain SELECT c FROM sbtest6 WHERE id BETWEEN 7431937 AND 7441936 ORDER BY c
	Sort  (cost=34411.48..34435.99 rows=9804 width=121)
	  Sort Key: c
	  ->  Bitmap Heap Scan on sbtest6  (cost=212.93..33761.51 rows=9804 width=121)
	        Recheck Cond: ((id >= 7431937) AND (id <= 7441936))
	        ->  Bitmap Index Scan on sbtest6_pkey  (cost=0.00..210.48 rows=9804 width=0)
	              Index Cond: ((id >= 7431937) AND (id <= 7441936))

table 7 : explain SELECT c FROM sbtest7 WHERE id BETWEEN 8412086 AND 8422085 ORDER BY c
	Sort  (cost=33290.13..33313.76 rows=9455 width=121)
	  Sort Key: c
	  ->  Bitmap Heap Scan on sbtest7  (cost=205.35..32665.77 rows=9455 width=121)
	        Recheck Cond: ((id >= 8412086) AND (id <= 8422085))
	        ->  Bitmap Index Scan on sbtest7_pkey  (cost=0.00..202.99 rows=9455 width=0)
	              Index Cond: ((id >= 8412086) AND (id <= 8422085))

table 8 : explain SELECT c FROM sbtest8 WHERE id BETWEEN 8486254 AND 8496253 ORDER BY c
	Sort  (cost=32531.86..32554.90 rows=9217 width=121)
	  Sort Key: c
	  ->  Bitmap Heap Scan on sbtest8  (cost=198.91..31924.92 rows=9217 width=121)
	        Recheck Cond: ((id >= 8486254) AND (id <= 8496253))
	        ->  Bitmap Index Scan on sbtest8_pkey  (cost=0.00..196.61 rows=9217 width=0)
	              Index Cond: ((id >= 8486254) AND (id <= 8496253))

for: distinct_ranges
table 1 : explain SELECT DISTINCT c FROM sbtest1 WHERE id BETWEEN 2678195 AND 2688194 ORDER BY c
	Unique  (cost=33844.79..33892.94 rows=9630 width=121)
	  ->  Sort  (cost=33844.79..33868.87 rows=9630 width=121)
	        Sort Key: c
	        ->  Bitmap Heap Scan on sbtest1  (cost=207.14..33207.61 rows=9630 width=121)
	              Recheck Cond: ((id >= 2678195) AND (id <= 2688194))
	              ->  Bitmap Index Scan on sbtest1_pkey  (cost=0.00..204.74 rows=9630 width=0)
	                    Index Cond: ((id >= 2678195) AND (id <= 2688194))

table 2 : explain SELECT DISTINCT c FROM sbtest2 WHERE id BETWEEN 4610698 AND 4620697 ORDER BY c
	Unique  (cost=36502.53..36554.79 rows=10451 width=121)
	  ->  Sort  (cost=36502.53..36528.66 rows=10451 width=121)
	        Sort Key: c
	        ->  Bitmap Heap Scan on sbtest2  (cost=227.56..35804.86 rows=10451 width=121)
	              Recheck Cond: ((id >= 4610698) AND (id <= 4620697))
	              ->  Bitmap Index Scan on sbtest2_pkey  (cost=0.00..224.94 rows=10451 width=0)
	                    Index Cond: ((id >= 4610698) AND (id <= 4620697))

table 3 : explain SELECT DISTINCT c FROM sbtest3 WHERE id BETWEEN 7557858 AND 7567857 ORDER BY c
	Unique  (cost=32331.55..32377.39 rows=9168 width=121)
	  ->  Sort  (cost=32331.55..32354.47 rows=9168 width=121)
	        Sort Key: c
	        ->  Bitmap Heap Scan on sbtest3  (cost=198.41..31728.19 rows=9168 width=121)
	              Recheck Cond: ((id >= 7557858) AND (id <= 7567857))
	              ->  Bitmap Index Scan on sbtest3_pkey  (cost=0.00..196.12 rows=9168 width=0)
	                    Index Cond: ((id >= 7557858) AND (id <= 7567857))

table 4 : explain SELECT DISTINCT c FROM sbtest4 WHERE id BETWEEN 2198208 AND 2208207 ORDER BY c
	Unique  (cost=32142.96..32188.48 rows=9103 width=121)
	  ->  Sort  (cost=32142.96..32165.72 rows=9103 width=121)
	        Sort Key: c
	        ->  Bitmap Heap Scan on sbtest4  (cost=193.74..31544.34 rows=9103 width=121)
	              Recheck Cond: ((id >= 2198208) AND (id <= 2208207))
	              ->  Bitmap Index Scan on sbtest4_pkey  (cost=0.00..191.47 rows=9103 width=0)
	                    Index Cond: ((id >= 2198208) AND (id <= 2208207))

table 5 : explain SELECT DISTINCT c FROM sbtest5 WHERE id BETWEEN 7988329 AND 7998328 ORDER BY c
	Unique  (cost=34207.43..34256.08 rows=9729 width=121)
	  ->  Sort  (cost=34207.43..34231.75 rows=9729 width=121)
	        Sort Key: c
	        ->  Bitmap Heap Scan on sbtest5  (cost=220.16..33562.98 rows=9729 width=121)
	              Recheck Cond: ((id >= 7988329) AND (id <= 7998328))
	              ->  Bitmap Index Scan on sbtest5_pkey  (cost=0.00..217.73 rows=9729 width=0)
	                    Index Cond: ((id >= 7988329) AND (id <= 7998328))

table 6 : explain SELECT DISTINCT c FROM sbtest6 WHERE id BETWEEN 5617300 AND 5627299 ORDER BY c
	Unique  (cost=36176.83..36228.62 rows=10357 width=121)
	  ->  Sort  (cost=36176.83..36202.72 rows=10357 width=121)
	        Sort Key: c
	        ->  Bitmap Heap Scan on sbtest6  (cost=226.59..35486.11 rows=10357 width=121)
	              Recheck Cond: ((id >= 5617300) AND (id <= 5627299))
	              ->  Bitmap Index Scan on sbtest6_pkey  (cost=0.00..224.00 rows=10357 width=0)
	                    Index Cond: ((id >= 5617300) AND (id <= 5627299))

table 7 : explain SELECT DISTINCT c FROM sbtest7 WHERE id BETWEEN 1165570 AND 1175569 ORDER BY c
	Unique  (cost=36079.88..36131.52 rows=10328 width=121)
	  ->  Sort  (cost=36079.88..36105.70 rows=10328 width=121)
	        Sort Key: c
	        ->  Bitmap Heap Scan on sbtest7  (cost=222.30..35391.30 rows=10328 width=121)
	              Recheck Cond: ((id >= 1165570) AND (id <= 1175569))
	              ->  Bitmap Index Scan on sbtest7_pkey  (cost=0.00..219.72 rows=10328 width=0)
	                    Index Cond: ((id >= 1165570) AND (id <= 1175569))

table 8 : explain SELECT DISTINCT c FROM sbtest8 WHERE id BETWEEN 3924222 AND 3934221 ORDER BY c
	Unique  (cost=34297.03..34345.86 rows=9765 width=121)
	  ->  Sort  (cost=34297.03..34321.45 rows=9765 width=121)
	        Sort Key: c
	        ->  Bitmap Heap Scan on sbtest8  (cost=212.53..33649.94 rows=9765 width=121)
	              Recheck Cond: ((id >= 3924222) AND (id <= 3934221))
	              ->  Bitmap Index Scan on sbtest8_pkey  (cost=0.00..210.09 rows=9765 width=0)
	                    Index Cond: ((id >= 3924222) AND (id <= 3934221))

explain: for point_selects :: explain SELECT c FROM sbtest%u WHERE id=%u
for: distinct_ranges
table 1 : explain SELECT DISTINCT c FROM sbtest1 WHERE id BETWEEN 2215234 AND 2225233 ORDER BY c
	Unique  (cost=34926.17..34976.01 rows=9967 width=121)
	  ->  Sort  (cost=34926.17..34951.09 rows=9967 width=121)
	        Sort Key: c
	        ->  Bitmap Heap Scan on sbtest1  (cost=214.60..34264.22 rows=9967 width=121)
	              Recheck Cond: ((id >= 2215234) AND (id <= 2225233))
	              ->  Bitmap Index Scan on sbtest1_pkey  (cost=0.00..212.11 rows=9967 width=0)
	                    Index Cond: ((id >= 2215234) AND (id <= 2225233))

table 2 : explain SELECT DISTINCT c FROM sbtest2 WHERE id BETWEEN 4407020 AND 4417019 ORDER BY c
	Unique  (cost=35965.03..36016.43 rows=10281 width=121)
	  ->  Sort  (cost=35965.03..35990.73 rows=10281 width=121)
	        Sort Key: c
	        ->  Bitmap Heap Scan on sbtest2  (cost=225.82..35279.92 rows=10281 width=121)
	              Recheck Cond: ((id >= 4407020) AND (id <= 4417019))
	              ->  Bitmap Index Scan on sbtest2_pkey  (cost=0.00..223.25 rows=10281 width=0)
	                    Index Cond: ((id >= 4407020) AND (id <= 4417019))

table 3 : explain SELECT DISTINCT c FROM sbtest3 WHERE id BETWEEN 259096 AND 269095 ORDER BY c
	Unique  (cost=34887.51..34937.34 rows=9965 width=121)
	  ->  Sort  (cost=34887.51..34912.43 rows=9965 width=121)
	        Sort Key: c
	        ->  Bitmap Heap Scan on sbtest3  (cost=214.58..34225.71 rows=9965 width=121)
	              Recheck Cond: ((id >= 259096) AND (id <= 269095))
	              ->  Bitmap Index Scan on sbtest3_pkey  (cost=0.00..212.09 rows=9965 width=0)
	                    Index Cond: ((id >= 259096) AND (id <= 269095))

table 4 : explain SELECT DISTINCT c FROM sbtest4 WHERE id BETWEEN 1794489 AND 1804488 ORDER BY c
	Unique  (cost=34466.62..34515.75 rows=9825 width=121)
	  ->  Sort  (cost=34466.62..34491.18 rows=9825 width=121)
	        Sort Key: c
	        ->  Bitmap Heap Scan on sbtest4  (cost=209.14..33815.11 rows=9825 width=121)
	              Recheck Cond: ((id >= 1794489) AND (id <= 1804488))
	              ->  Bitmap Index Scan on sbtest4_pkey  (cost=0.00..206.69 rows=9825 width=0)
	                    Index Cond: ((id >= 1794489) AND (id <= 1804488))

table 5 : explain SELECT DISTINCT c FROM sbtest5 WHERE id BETWEEN 2844893 AND 2854892 ORDER BY c
	Unique  (cost=33986.13..34034.43 rows=9660 width=121)
	  ->  Sort  (cost=33986.13..34010.28 rows=9660 width=121)
	        Sort Key: c
	        ->  Bitmap Heap Scan on sbtest5  (cost=219.45..33346.74 rows=9660 width=121)
	              Recheck Cond: ((id >= 2844893) AND (id <= 2854892))
	              ->  Bitmap Index Scan on sbtest5_pkey  (cost=0.00..217.04 rows=9660 width=0)
	                    Index Cond: ((id >= 2844893) AND (id <= 2854892))

table 6 : explain SELECT DISTINCT c FROM sbtest6 WHERE id BETWEEN 8902047 AND 8912046 ORDER BY c
	Unique  (cost=33575.72..33623.44 rows=9544 width=121)
	  ->  Sort  (cost=33575.72..33599.58 rows=9544 width=121)
	        Sort Key: c
	        ->  Bitmap Heap Scan on sbtest6  (cost=206.26..32944.84 rows=9544 width=121)
	              Recheck Cond: ((id >= 8902047) AND (id <= 8912046))
	              ->  Bitmap Index Scan on sbtest6_pkey  (cost=0.00..203.88 rows=9544 width=0)
	                    Index Cond: ((id >= 8902047) AND (id <= 8912046))

table 7 : explain SELECT DISTINCT c FROM sbtest7 WHERE id BETWEEN 4584655 AND 4594654 ORDER BY c
	Unique  (cost=33015.28..33062.12 rows=9369 width=121)
	  ->  Sort  (cost=33015.28..33038.70 rows=9369 width=121)
	        Sort Key: c
	        ->  Bitmap Heap Scan on sbtest7  (cost=204.47..32397.22 rows=9369 width=121)
	              Recheck Cond: ((id >= 4584655) AND (id <= 4594654))
	              ->  Bitmap Index Scan on sbtest7_pkey  (cost=0.00..202.12 rows=9369 width=0)
	                    Index Cond: ((id >= 4584655) AND (id <= 4594654))

table 8 : explain SELECT DISTINCT c FROM sbtest8 WHERE id BETWEEN 7990879 AND 8000878 ORDER BY c
	Unique  (cost=35508.75..35559.47 rows=10144 width=121)
	  ->  Sort  (cost=35508.75..35534.11 rows=10144 width=121)
	        Sort Key: c
	        ->  Bitmap Heap Scan on sbtest8  (cost=220.41..34833.75 rows=10144 width=121)
	              Recheck Cond: ((id >= 7990879) AND (id <= 8000878))
	              ->  Bitmap Index Scan on sbtest8_pkey  (cost=0.00..217.88 rows=10144 width=0)
	                    Index Cond: ((id >= 7990879) AND (id <= 8000878))

for: sum_ranges
table 1 : explain SELECT SUM(k) FROM sbtest1 WHERE id BETWEEN 1410123 AND 1420122
	Aggregate  (cost=34205.56..34205.57 rows=1 width=8)
	  ->  Bitmap Heap Scan on sbtest1  (cost=214.33..34180.71 rows=9941 width=4)
	        Recheck Cond: ((id >= 1410123) AND (id <= 1420122))
	        ->  Bitmap Index Scan on sbtest1_pkey  (cost=0.00..211.84 rows=9941 width=0)
	              Index Cond: ((id >= 1410123) AND (id <= 1420122))

table 2 : explain SELECT SUM(k) FROM sbtest2 WHERE id BETWEEN 738629 AND 748628
	Aggregate  (cost=36719.86..36719.87 rows=1 width=8)
	  ->  Bitmap Heap Scan on sbtest2  (cost=234.49..36693.01 rows=10737 width=4)
	        Recheck Cond: ((id >= 738629) AND (id <= 748628))
	        ->  Bitmap Index Scan on sbtest2_pkey  (cost=0.00..231.81 rows=10737 width=0)
	              Index Cond: ((id >= 738629) AND (id <= 748628))

table 3 : explain SELECT SUM(k) FROM sbtest3 WHERE id BETWEEN 6642595 AND 6652594
	Aggregate  (cost=32305.16..32305.17 rows=1 width=8)
	  ->  Bitmap Heap Scan on sbtest3  (cost=200.21..32281.80 rows=9344 width=4)
	        Recheck Cond: ((id >= 6642595) AND (id <= 6652594))
	        ->  Bitmap Index Scan on sbtest3_pkey  (cost=0.00..197.88 rows=9344 width=0)
	              Index Cond: ((id >= 6642595) AND (id <= 6652594))

table 4 : explain SELECT SUM(k) FROM sbtest4 WHERE id BETWEEN 1148679 AND 1158678
	Aggregate  (cost=37497.10..37497.11 rows=1 width=8)
	  ->  Bitmap Heap Scan on sbtest4  (cost=237.23..37469.59 rows=11004 width=4)
	        Recheck Cond: ((id >= 1148679) AND (id <= 1158678))
	        ->  Bitmap Index Scan on sbtest4_pkey  (cost=0.00..234.48 rows=11004 width=0)
	              Index Cond: ((id >= 1148679) AND (id <= 1158678))

table 5 : explain SELECT SUM(k) FROM sbtest5 WHERE id BETWEEN 3404305 AND 3414304
	Aggregate  (cost=34403.60..34403.61 rows=1 width=8)
	  ->  Bitmap Heap Scan on sbtest5  (cost=226.82..34378.63 rows=9989 width=4)
	        Recheck Cond: ((id >= 3404305) AND (id <= 3414304))
	        ->  Bitmap Index Scan on sbtest5_pkey  (cost=0.00..224.32 rows=9989 width=0)
	              Index Cond: ((id >= 3404305) AND (id <= 3414304))

table 6 : explain SELECT SUM(k) FROM sbtest6 WHERE id BETWEEN 7858467 AND 7868466
	Aggregate  (cost=35684.75..35684.76 rows=1 width=8)
	  ->  Bitmap Heap Scan on sbtest6  (cost=227.17..35658.72 rows=10413 width=4)
	        Recheck Cond: ((id >= 7858467) AND (id <= 7868466))
	        ->  Bitmap Index Scan on sbtest6_pkey  (cost=0.00..224.56 rows=10413 width=0)
	              Index Cond: ((id >= 7858467) AND (id <= 7868466))

table 7 : explain SELECT SUM(k) FROM sbtest7 WHERE id BETWEEN 4822661 AND 4832660
	Aggregate  (cost=33952.36..33952.37 rows=1 width=8)
	  ->  Bitmap Heap Scan on sbtest7  (cost=213.48..33927.71 rows=9858 width=4)
	        Recheck Cond: ((id >= 4822661) AND (id <= 4832660))
	        ->  Bitmap Index Scan on sbtest7_pkey  (cost=0.00..211.01 rows=9858 width=0)
	              Index Cond: ((id >= 4822661) AND (id <= 4832660))

table 8 : explain SELECT SUM(k) FROM sbtest8 WHERE id BETWEEN 5525974 AND 5535973
	Aggregate  (cost=33600.18..33600.19 rows=1 width=8)
	  ->  Bitmap Heap Scan on sbtest8  (cost=212.29..33575.83 rows=9742 width=4)
	        Recheck Cond: ((id >= 5525974) AND (id <= 5535973))
	        ->  Bitmap Index Scan on sbtest8_pkey  (cost=0.00..209.86 rows=9742 width=0)
	              Index Cond: ((id >= 5525974) AND (id <= 5535973))

explain: for point_selects :: explain SELECT c FROM sbtest%u WHERE id=%u
for point_selects
table 1 : explain SELECT c FROM sbtest1 WHERE id=5502457
	Index Scan using sbtest1_pkey on sbtest1  (cost=0.43..8.45 rows=1 width=121)
	  Index Cond: (id = 5502457)

table 2 : explain SELECT c FROM sbtest2 WHERE id=1442897
	Index Scan using sbtest2_pkey on sbtest2  (cost=0.43..8.45 rows=1 width=121)
	  Index Cond: (id = 1442897)

table 3 : explain SELECT c FROM sbtest3 WHERE id=5734192
	Index Scan using sbtest3_pkey on sbtest3  (cost=0.43..8.45 rows=1 width=121)
	  Index Cond: (id = 5734192)

table 4 : explain SELECT c FROM sbtest4 WHERE id=4559082
	Index Scan using sbtest4_pkey on sbtest4  (cost=0.43..8.45 rows=1 width=121)
	  Index Cond: (id = 4559082)

table 5 : explain SELECT c FROM sbtest5 WHERE id=9666637
	Index Scan using sbtest5_pkey on sbtest5  (cost=0.43..8.45 rows=1 width=121)
	  Index Cond: (id = 9666637)

table 6 : explain SELECT c FROM sbtest6 WHERE id=6623700
	Index Scan using sbtest6_pkey on sbtest6  (cost=0.43..8.45 rows=1 width=121)
	  Index Cond: (id = 6623700)

table 7 : explain SELECT c FROM sbtest7 WHERE id=7495098
	Index Scan using sbtest7_pkey on sbtest7  (cost=0.43..8.45 rows=1 width=121)
	  Index Cond: (id = 7495098)

table 8 : explain SELECT c FROM sbtest8 WHERE id=7148958
	Index Scan using sbtest8_pkey on sbtest8  (cost=0.43..8.45 rows=1 width=121)
	  Index Cond: (id = 7148958)

for: simple_ranges
table 1 : explain SELECT c FROM sbtest1 WHERE id BETWEEN 9298778 AND 9308777
	Bitmap Heap Scan on sbtest1  (cost=200.72..32466.98 rows=9394 width=121)
	  Recheck Cond: ((id >= 9298778) AND (id <= 9308777))
	  ->  Bitmap Index Scan on sbtest1_pkey  (cost=0.00..198.38 rows=9394 width=0)
	        Index Cond: ((id >= 9298778) AND (id <= 9308777))

table 2 : explain SELECT c FROM sbtest2 WHERE id BETWEEN 3092107 AND 3102106
	Bitmap Heap Scan on sbtest2  (cost=218.01..34123.00 rows=9910 width=121)
	  Recheck Cond: ((id >= 3092107) AND (id <= 3102106))
	  ->  Bitmap Index Scan on sbtest2_pkey  (cost=0.00..215.54 rows=9910 width=0)
	        Index Cond: ((id >= 3092107) AND (id <= 3102106))

table 3 : explain SELECT c FROM sbtest3 WHERE id BETWEEN 2644384 AND 2654383
	Bitmap Heap Scan on sbtest3  (cost=229.51..36320.07 rows=10641 width=121)
	  Recheck Cond: ((id >= 2644384) AND (id <= 2654383))
	  ->  Bitmap Index Scan on sbtest3_pkey  (cost=0.00..226.84 rows=10641 width=0)
	        Index Cond: ((id >= 2644384) AND (id <= 2654383))

table 4 : explain SELECT c FROM sbtest4 WHERE id BETWEEN 297228 AND 307227
	Bitmap Heap Scan on sbtest4  (cost=200.80..32485.07 rows=9401 width=121)
	  Recheck Cond: ((id >= 297228) AND (id <= 307227))
	  ->  Bitmap Index Scan on sbtest4_pkey  (cost=0.00..198.44 rows=9401 width=0)
	        Index Cond: ((id >= 297228) AND (id <= 307227))

table 5 : explain SELECT c FROM sbtest5 WHERE id BETWEEN 8214228 AND 8224227
	Bitmap Heap Scan on sbtest5  (cost=214.05..32912.94 rows=9523 width=121)
	  Recheck Cond: ((id >= 8214228) AND (id <= 8224227))
	  ->  Bitmap Index Scan on sbtest5_pkey  (cost=0.00..211.67 rows=9523 width=0)
	        Index Cond: ((id >= 8214228) AND (id <= 8224227))

table 6 : explain SELECT c FROM sbtest6 WHERE id BETWEEN 9199752 AND 9209751
	Bitmap Heap Scan on sbtest6  (cost=228.94..36191.80 rows=10586 width=121)
	  Recheck Cond: ((id >= 9199752) AND (id <= 9209751))
	  ->  Bitmap Index Scan on sbtest6_pkey  (cost=0.00..226.30 rows=10586 width=0)
	        Index Cond: ((id >= 9199752) AND (id <= 9209751))

table 7 : explain SELECT c FROM sbtest7 WHERE id BETWEEN 4635973 AND 4645972
	Bitmap Heap Scan on sbtest7  (cost=206.75..33095.47 rows=9592 width=121)
	  Recheck Cond: ((id >= 4635973) AND (id <= 4645972))
	  ->  Bitmap Index Scan on sbtest7_pkey  (cost=0.00..204.36 rows=9592 width=0)
	        Index Cond: ((id >= 4635973) AND (id <= 4645972))

table 8 : explain SELECT c FROM sbtest8 WHERE id BETWEEN 1816859 AND 1826858
	Bitmap Heap Scan on sbtest8  (cost=212.13..33527.46 rows=9726 width=121)
	  Recheck Cond: ((id >= 1816859) AND (id <= 1826858))
	  ->  Bitmap Index Scan on sbtest8_pkey  (cost=0.00..209.69 rows=9726 width=0)
	        Index Cond: ((id >= 1816859) AND (id <= 1826858))

for: distinct_ranges
table 1 : explain SELECT DISTINCT c FROM sbtest1 WHERE id BETWEEN 6263315 AND 6273314 ORDER BY c
	Unique  (cost=39798.06..39855.61 rows=11511 width=121)
	  ->  Sort  (cost=39798.06..39826.83 rows=11511 width=121)
	        Sort Key: c
	        ->  Bitmap Heap Scan on sbtest1  (cost=246.42..39021.60 rows=11511 width=121)
	              Recheck Cond: ((id >= 6263315) AND (id <= 6273314))
	              ->  Bitmap Index Scan on sbtest1_pkey  (cost=0.00..243.55 rows=11511 width=0)
	                    Index Cond: ((id >= 6263315) AND (id <= 6273314))

table 2 : explain SELECT DISTINCT c FROM sbtest2 WHERE id BETWEEN 118089 AND 128088 ORDER BY c
	Unique  (cost=34892.75..34942.48 rows=9945 width=121)
	  ->  Sort  (cost=34892.75..34917.61 rows=9945 width=121)
	        Sort Key: c
	        ->  Bitmap Heap Scan on sbtest2  (cost=218.37..34232.41 rows=9945 width=121)
	              Recheck Cond: ((id >= 118089) AND (id <= 128088))
	              ->  Bitmap Index Scan on sbtest2_pkey  (cost=0.00..215.88 rows=9945 width=0)
	                    Index Cond: ((id >= 118089) AND (id <= 128088))

table 3 : explain SELECT DISTINCT c FROM sbtest3 WHERE id BETWEEN 6991061 AND 7001060 ORDER BY c
	Unique  (cost=33000.61..33047.49 rows=9376 width=121)
	  ->  Sort  (cost=33000.61..33024.05 rows=9376 width=121)
	        Sort Key: c
	        ->  Bitmap Heap Scan on sbtest3  (cost=200.54..32382.04 rows=9376 width=121)
	              Recheck Cond: ((id >= 6991061) AND (id <= 7001060))
	              ->  Bitmap Index Scan on sbtest3_pkey  (cost=0.00..198.19 rows=9376 width=0)
	                    Index Cond: ((id >= 6991061) AND (id <= 7001060))

table 4 : explain SELECT DISTINCT c FROM sbtest4 WHERE id BETWEEN 3346611 AND 3356610 ORDER BY c
	Unique  (cost=34400.71..34449.73 rows=9804 width=121)
	  ->  Sort  (cost=34400.71..34425.22 rows=9804 width=121)
	        Sort Key: c
	        ->  Bitmap Heap Scan on sbtest4  (cost=208.93..33750.74 rows=9804 width=121)
	              Recheck Cond: ((id >= 3346611) AND (id <= 3356610))
	              ->  Bitmap Index Scan on sbtest4_pkey  (cost=0.00..206.48 rows=9804 width=0)
	                    Index Cond: ((id >= 3346611) AND (id <= 3356610))

table 5 : explain SELECT DISTINCT c FROM sbtest5 WHERE id BETWEEN 2988545 AND 2998544 ORDER BY c
	Unique  (cost=33449.56..33497.03 rows=9494 width=121)
	  ->  Sort  (cost=33449.56..33473.30 rows=9494 width=121)
	        Sort Key: c
	        ->  Bitmap Heap Scan on sbtest5  (cost=213.75..32822.35 rows=9494 width=121)
	              Recheck Cond: ((id >= 2988545) AND (id <= 2998544))
	              ->  Bitmap Index Scan on sbtest5_pkey  (cost=0.00..211.38 rows=9494 width=0)
	                    Index Cond: ((id >= 2988545) AND (id <= 2998544))

table 6 : explain SELECT DISTINCT c FROM sbtest6 WHERE id BETWEEN 2760710 AND 2770709 ORDER BY c
	Unique  (cost=34579.53..34628.82 rows=9857 width=121)
	  ->  Sort  (cost=34579.53..34604.17 rows=9857 width=121)
	        Sort Key: c
	        ->  Bitmap Heap Scan on sbtest6  (cost=213.47..33925.67 rows=9857 width=121)
	              Recheck Cond: ((id >= 2760710) AND (id <= 2770709))
	              ->  Bitmap Index Scan on sbtest6_pkey  (cost=0.00..211.00 rows=9857 width=0)
	                    Index Cond: ((id >= 2760710) AND (id <= 2770709))

table 7 : explain SELECT DISTINCT c FROM sbtest7 WHERE id BETWEEN 7513337 AND 7523336 ORDER BY c
	Unique  (cost=34923.88..34973.71 rows=9965 width=121)
	  ->  Sort  (cost=34923.88..34948.79 rows=9965 width=121)
	        Sort Key: c
	        ->  Bitmap Heap Scan on sbtest7  (cost=214.58..34262.07 rows=9965 width=121)
	              Recheck Cond: ((id >= 7513337) AND (id <= 7523336))
	              ->  Bitmap Index Scan on sbtest7_pkey  (cost=0.00..212.09 rows=9965 width=0)
	                    Index Cond: ((id >= 7513337) AND (id <= 7523336))

table 8 : explain SELECT DISTINCT c FROM sbtest8 WHERE id BETWEEN 255457 AND 265456 ORDER BY c
	Unique  (cost=36161.38..36213.13 rows=10350 width=121)
	  ->  Sort  (cost=36161.38..36187.26 rows=10350 width=121)
	        Sort Key: c
	        ->  Bitmap Heap Scan on sbtest8  (cost=222.52..35471.18 rows=10350 width=121)
	              Recheck Cond: ((id >= 255457) AND (id <= 265456))
	              ->  Bitmap Index Scan on sbtest8_pkey  (cost=0.00..219.94 rows=10350 width=0)
	                    Index Cond: ((id >= 255457) AND (id <= 265456))

for: distinct_ranges
table 1 : explain SELECT DISTINCT c FROM sbtest1 WHERE id BETWEEN 4944662 AND 4954661 ORDER BY c
	Unique  (cost=34745.34..34794.89 rows=9911 width=121)
	  ->  Sort  (cost=34745.34..34770.11 rows=9911 width=121)
	        Sort Key: c
	        ->  Bitmap Heap Scan on sbtest1  (cost=214.02..34087.50 rows=9911 width=121)
	              Recheck Cond: ((id >= 4944662) AND (id <= 4954661))
	              ->  Bitmap Index Scan on sbtest1_pkey  (cost=0.00..211.55 rows=9911 width=0)
	                    Index Cond: ((id >= 4944662) AND (id <= 4954661))

table 2 : explain SELECT DISTINCT c FROM sbtest2 WHERE id BETWEEN 7111270 AND 7121269 ORDER BY c
	Unique  (cost=35077.14..35127.15 rows=10003 width=121)
	  ->  Sort  (cost=35077.14..35102.14 rows=10003 width=121)
	        Sort Key: c
	        ->  Bitmap Heap Scan on sbtest2  (cost=218.97..34412.53 rows=10003 width=121)
	              Recheck Cond: ((id >= 7111270) AND (id <= 7121269))
	              ->  Bitmap Index Scan on sbtest2_pkey  (cost=0.00..216.47 rows=10003 width=0)
	                    Index Cond: ((id >= 7111270) AND (id <= 7121269))

table 3 : explain SELECT DISTINCT c FROM sbtest3 WHERE id BETWEEN 5533387 AND 5543386 ORDER BY c
	Unique  (cost=33397.99..33445.48 rows=9499 width=121)
	  ->  Sort  (cost=33397.99..33421.74 rows=9499 width=121)
	        Sort Key: c
	        ->  Bitmap Heap Scan on sbtest3  (cost=205.80..32770.41 rows=9499 width=121)
	              Recheck Cond: ((id >= 5533387) AND (id <= 5543386))
	              ->  Bitmap Index Scan on sbtest3_pkey  (cost=0.00..203.43 rows=9499 width=0)
	                    Index Cond: ((id >= 5533387) AND (id <= 5543386))

table 4 : explain SELECT DISTINCT c FROM sbtest4 WHERE id BETWEEN 4030911 AND 4040910 ORDER BY c
	Unique  (cost=35154.84..35205.04 rows=10040 width=121)
	  ->  Sort  (cost=35154.84..35179.94 rows=10040 width=121)
	        Sort Key: c
	        ->  Bitmap Heap Scan on sbtest4  (cost=215.34..34487.51 rows=10040 width=121)
	              Recheck Cond: ((id >= 4030911) AND (id <= 4040910))
	              ->  Bitmap Index Scan on sbtest4_pkey  (cost=0.00..212.84 rows=10040 width=0)
	                    Index Cond: ((id >= 4030911) AND (id <= 4040910))

table 5 : explain SELECT DISTINCT c FROM sbtest5 WHERE id BETWEEN 8651727 AND 8661726 ORDER BY c
	Unique  (cost=35965.66..36017.06 rows=10280 width=121)
	  ->  Sort  (cost=35965.66..35991.36 rows=10280 width=121)
	        Sort Key: c
	        ->  Bitmap Heap Scan on sbtest5  (cost=229.81..35280.62 rows=10280 width=121)
	              Recheck Cond: ((id >= 8651727) AND (id <= 8661726))
	              ->  Bitmap Index Scan on sbtest5_pkey  (cost=0.00..227.24 rows=10280 width=0)
	                    Index Cond: ((id >= 8651727) AND (id <= 8661726))

table 6 : explain SELECT DISTINCT c FROM sbtest6 WHERE id BETWEEN 7840248 AND 7850247 ORDER BY c
	Unique  (cost=36353.59..36405.65 rows=10413 width=121)
	  ->  Sort  (cost=36353.59..36379.62 rows=10413 width=121)
	        Sort Key: c
	        ->  Bitmap Heap Scan on sbtest6  (cost=227.17..35658.72 rows=10413 width=121)
	              Recheck Cond: ((id >= 7840248) AND (id <= 7850247))
	              ->  Bitmap Index Scan on sbtest6_pkey  (cost=0.00..224.56 rows=10413 width=0)
	                    Index Cond: ((id >= 7840248) AND (id <= 7850247))

table 7 : explain SELECT DISTINCT c FROM sbtest7 WHERE id BETWEEN 5860596 AND 5870595 ORDER BY c
	Unique  (cost=36237.07..36288.96 rows=10378 width=121)
	  ->  Sort  (cost=36237.07..36263.01 rows=10378 width=121)
	        Sort Key: c
	        ->  Bitmap Heap Scan on sbtest7  (cost=222.81..35544.79 rows=10378 width=121)
	              Recheck Cond: ((id >= 5860596) AND (id <= 5870595))
	              ->  Bitmap Index Scan on sbtest7_pkey  (cost=0.00..220.22 rows=10378 width=0)
	                    Index Cond: ((id >= 5860596) AND (id <= 5870595))

table 8 : explain SELECT DISTINCT c FROM sbtest8 WHERE id BETWEEN 1103428 AND 1113427 ORDER BY c
	Unique  (cost=37541.67..37595.59 rows=10785 width=121)
	  ->  Sort  (cost=37541.67..37568.63 rows=10785 width=121)
	        Sort Key: c
	        ->  Bitmap Heap Scan on sbtest8  (cost=234.98..36819.25 rows=10785 width=121)
	              Recheck Cond: ((id >= 1103428) AND (id <= 1113427))
	              ->  Bitmap Index Scan on sbtest8_pkey  (cost=0.00..232.29 rows=10785 width=0)
	                    Index Cond: ((id >= 1103428) AND (id <= 1113427))

for: order_ranges
table 1 : explain SELECT c FROM sbtest1 WHERE id BETWEEN 1507935 AND 1517934 ORDER BY c
	Sort  (cost=34873.61..34898.48 rows=9951 width=121)
	  Sort Key: c
	  ->  Bitmap Heap Scan on sbtest1  (cost=214.43..34212.83 rows=9951 width=121)
	        Recheck Cond: ((id >= 1507935) AND (id <= 1517934))
	        ->  Bitmap Index Scan on sbtest1_pkey  (cost=0.00..211.94 rows=9951 width=0)
	              Index Cond: ((id >= 1507935) AND (id <= 1517934))

table 2 : explain SELECT c FROM sbtest2 WHERE id BETWEEN 741944 AND 751943 ORDER BY c
	Sort  (cost=37411.87..37438.71 rows=10737 width=121)
	  Sort Key: c
	  ->  Bitmap Heap Scan on sbtest2  (cost=234.49..36693.01 rows=10737 width=121)
	        Recheck Cond: ((id >= 741944) AND (id <= 751943))
	        ->  Bitmap Index Scan on sbtest2_pkey  (cost=0.00..231.81 rows=10737 width=0)
	              Index Cond: ((id >= 741944) AND (id <= 751943))

table 3 : explain SELECT c FROM sbtest3 WHERE id BETWEEN 8239162 AND 8249161 ORDER BY c
	Sort  (cost=33275.76..33299.42 rows=9461 width=121)
	  Sort Key: c
	  ->  Bitmap Heap Scan on sbtest3  (cost=205.41..32650.97 rows=9461 width=121)
	        Recheck Cond: ((id >= 8239162) AND (id <= 8249161))
	        ->  Bitmap Index Scan on sbtest3_pkey  (cost=0.00..203.05 rows=9461 width=0)
	              Index Cond: ((id >= 8239162) AND (id <= 8249161))

table 4 : explain SELECT c FROM sbtest4 WHERE id BETWEEN 4298683 AND 4308682 ORDER BY c
	Sort  (cost=37670.98..37698.06 rows=10834 width=121)
	  Sort Key: c
	  ->  Bitmap Heap Scan on sbtest4  (cost=231.48..36944.92 rows=10834 width=121)
	        Recheck Cond: ((id >= 4298683) AND (id <= 4308682))
	        ->  Bitmap Index Scan on sbtest4_pkey  (cost=0.00..228.78 rows=10834 width=0)
	              Index Cond: ((id >= 4298683) AND (id <= 4308682))

table 5 : explain SELECT c FROM sbtest5 WHERE id BETWEEN 5896498 AND 5906497 ORDER BY c
	Sort  (cost=33618.42..33642.29 rows=9547 width=121)
	  Sort Key: c
	  ->  Bitmap Heap Scan on sbtest5  (cost=214.29..32987.33 rows=9547 width=121)
	        Recheck Cond: ((id >= 5896498) AND (id <= 5906497))
	        ->  Bitmap Index Scan on sbtest5_pkey  (cost=0.00..211.91 rows=9547 width=0)
	              Index Cond: ((id >= 5896498) AND (id <= 5906497))

table 6 : explain SELECT c FROM sbtest6 WHERE id BETWEEN 2060505 AND 2070504 ORDER BY c
	Sort  (cost=33403.72..33427.45 rows=9490 width=121)
	  Sort Key: c
	  ->  Bitmap Heap Scan on sbtest6  (cost=205.71..32776.80 rows=9490 width=121)
	        Recheck Cond: ((id >= 2060505) AND (id <= 2070504))
	        ->  Bitmap Index Scan on sbtest6_pkey  (cost=0.00..203.34 rows=9490 width=0)
	              Index Cond: ((id >= 2060505) AND (id <= 2070504))

table 7 : explain SELECT c FROM sbtest7 WHERE id BETWEEN 4748147 AND 4758146 ORDER BY c
	Sort  (cost=34261.93..34286.32 rows=9757 width=121)
	  Sort Key: c
	  ->  Bitmap Heap Scan on sbtest7  (cost=212.44..33615.42 rows=9757 width=121)
	        Recheck Cond: ((id >= 4748147) AND (id <= 4758146))
	        ->  Bitmap Index Scan on sbtest7_pkey  (cost=0.00..210.00 rows=9757 width=0)
	              Index Cond: ((id >= 4748147) AND (id <= 4758146))

table 8 : explain SELECT c FROM sbtest8 WHERE id BETWEEN 7559390 AND 7569389 ORDER BY c
	Sort  (cost=33331.55..33355.21 rows=9465 width=121)
	  Sort Key: c
	  ->  Bitmap Heap Scan on sbtest8  (cost=205.45..32706.46 rows=9465 width=121)
	        Recheck Cond: ((id >= 7559390) AND (id <= 7569389))
	        ->  Bitmap Index Scan on sbtest8_pkey  (cost=0.00..203.09 rows=9465 width=0)
	              Index Cond: ((id >= 7559390) AND (id <= 7569389))

for point_selects
table 1 : explain SELECT c FROM sbtest1 WHERE id=5654876
	Index Scan using sbtest1_pkey on sbtest1  (cost=0.43..8.45 rows=1 width=121)
	  Index Cond: (id = 5654876)

table 2 : explain SELECT c FROM sbtest2 WHERE id=5571124
	Index Scan using sbtest2_pkey on sbtest2  (cost=0.43..8.45 rows=1 width=121)
	  Index Cond: (id = 5571124)

table 3 : explain SELECT c FROM sbtest3 WHERE id=1213363
	Index Scan using sbtest3_pkey on sbtest3  (cost=0.43..8.45 rows=1 width=121)
	  Index Cond: (id = 1213363)

table 4 : explain SELECT c FROM sbtest4 WHERE id=5215463
	Index Scan using sbtest4_pkey on sbtest4  (cost=0.43..8.45 rows=1 width=121)
	  Index Cond: (id = 5215463)

table 5 : explain SELECT c FROM sbtest5 WHERE id=294168
	Index Scan using sbtest5_pkey on sbtest5  (cost=0.43..8.45 rows=1 width=121)
	  Index Cond: (id = 294168)

table 6 : explain SELECT c FROM sbtest6 WHERE id=5640802
	Index Scan using sbtest6_pkey on sbtest6  (cost=0.43..8.45 rows=1 width=121)
	  Index Cond: (id = 5640802)

table 7 : explain SELECT c FROM sbtest7 WHERE id=7096393
	Index Scan using sbtest7_pkey on sbtest7  (cost=0.43..8.45 rows=1 width=121)
	  Index Cond: (id = 7096393)

table 8 : explain SELECT c FROM sbtest8 WHERE id=3390320
	Index Scan using sbtest8_pkey on sbtest8  (cost=0.43..8.45 rows=1 width=121)
	  Index Cond: (id = 3390320)

for: simple_ranges
table 1 : explain SELECT c FROM sbtest1 WHERE id BETWEEN 9808182 AND 9818181
	Bitmap Heap Scan on sbtest1  (cost=222.01..35300.43 rows=10300 width=121)
	  Recheck Cond: ((id >= 9808182) AND (id <= 9818181))
	  ->  Bitmap Index Scan on sbtest1_pkey  (cost=0.00..219.44 rows=10300 width=0)
	        Index Cond: ((id >= 9808182) AND (id <= 9818181))

table 2 : explain SELECT c FROM sbtest2 WHERE id BETWEEN 9489345 AND 9499344
	Bitmap Heap Scan on sbtest2  (cost=218.37..34232.41 rows=9945 width=121)
	  Recheck Cond: ((id >= 9489345) AND (id <= 9499344))
	  ->  Bitmap Index Scan on sbtest2_pkey  (cost=0.00..215.88 rows=9945 width=0)
	        Index Cond: ((id >= 9489345) AND (id <= 9499344))

table 3 : explain SELECT c FROM sbtest3 WHERE id BETWEEN 1064781 AND 1074780
	Bitmap Heap Scan on sbtest3  (cost=221.41..35084.89 rows=10241 width=121)
	  Recheck Cond: ((id >= 1064781) AND (id <= 1074780))
	  ->  Bitmap Index Scan on sbtest3_pkey  (cost=0.00..218.84 rows=10241 width=0)
	        Index Cond: ((id >= 1064781) AND (id <= 1074780))

table 4 : explain SELECT c FROM sbtest4 WHERE id BETWEEN 1953848 AND 1963847
	Bitmap Heap Scan on sbtest4  (cost=207.85..33422.24 rows=9699 width=121)
	  Recheck Cond: ((id >= 1953848) AND (id <= 1963847))
	  ->  Bitmap Index Scan on sbtest4_pkey  (cost=0.00..205.43 rows=9699 width=0)
	        Index Cond: ((id >= 1953848) AND (id <= 1963847))

table 5 : explain SELECT c FROM sbtest5 WHERE id BETWEEN 4953186 AND 4963185
	Bitmap Heap Scan on sbtest5  (cost=192.38..29923.46 rows=8580 width=121)
	  Recheck Cond: ((id >= 4953186) AND (id <= 4963185))
	  ->  Bitmap Index Scan on sbtest5_pkey  (cost=0.00..190.24 rows=8580 width=0)
	        Index Cond: ((id >= 4953186) AND (id <= 4963185))

table 6 : explain SELECT c FROM sbtest6 WHERE id BETWEEN 3601884 AND 3611883
	Bitmap Heap Scan on sbtest6  (cost=213.66..33986.78 rows=9876 width=121)
	  Recheck Cond: ((id >= 3601884) AND (id <= 3611883))
	  ->  Bitmap Index Scan on sbtest6_pkey  (cost=0.00..211.19 rows=9876 width=0)
	        Index Cond: ((id >= 3601884) AND (id <= 3611883))

table 7 : explain SELECT c FROM sbtest7 WHERE id BETWEEN 2236631 AND 2246630
	Bitmap Heap Scan on sbtest7  (cost=228.11..35941.66 rows=10505 width=121)
	  Recheck Cond: ((id >= 2236631) AND (id <= 2246630))
	  ->  Bitmap Index Scan on sbtest7_pkey  (cost=0.00..225.49 rows=10505 width=0)
	        Index Cond: ((id >= 2236631) AND (id <= 2246630))

table 8 : explain SELECT c FROM sbtest8 WHERE id BETWEEN 9266769 AND 9276768
	Bitmap Heap Scan on sbtest8  (cost=214.62..34283.95 rows=9969 width=121)
	  Recheck Cond: ((id >= 9266769) AND (id <= 9276768))
	  ->  Bitmap Index Scan on sbtest8_pkey  (cost=0.00..212.12 rows=9969 width=0)
	        Index Cond: ((id >= 9266769) AND (id <= 9276768))

for point_selects
table 1 : explain SELECT c FROM sbtest1 WHERE id=9724154
	Index Scan using sbtest1_pkey on sbtest1  (cost=0.43..8.45 rows=1 width=121)
	  Index Cond: (id = 9724154)

table 2 : explain SELECT c FROM sbtest2 WHERE id=6893623
	Index Scan using sbtest2_pkey on sbtest2  (cost=0.43..8.45 rows=1 width=121)
	  Index Cond: (id = 6893623)

table 3 : explain SELECT c FROM sbtest3 WHERE id=4029487
	Index Scan using sbtest3_pkey on sbtest3  (cost=0.43..8.45 rows=1 width=121)
	  Index Cond: (id = 4029487)

table 4 : explain SELECT c FROM sbtest4 WHERE id=8034309
	Index Scan using sbtest4_pkey on sbtest4  (cost=0.43..8.45 rows=1 width=121)
	  Index Cond: (id = 8034309)

table 5 : explain SELECT c FROM sbtest5 WHERE id=6982680
	Index Scan using sbtest5_pkey on sbtest5  (cost=0.43..8.45 rows=1 width=121)
	  Index Cond: (id = 6982680)

table 6 : explain SELECT c FROM sbtest6 WHERE id=4762134
	Index Scan using sbtest6_pkey on sbtest6  (cost=0.43..8.45 rows=1 width=121)
	  Index Cond: (id = 4762134)

table 7 : explain SELECT c FROM sbtest7 WHERE id=8797988
	Index Scan using sbtest7_pkey on sbtest7  (cost=0.43..8.45 rows=1 width=121)
	  Index Cond: (id = 8797988)

table 8 : explain SELECT c FROM sbtest8 WHERE id=9076854
	Index Scan using sbtest8_pkey on sbtest8  (cost=0.43..8.45 rows=1 width=121)
	  Index Cond: (id = 9076854)

for: distinct_ranges
table 1 : explain SELECT DISTINCT c FROM sbtest1 WHERE id BETWEEN 4337423 AND 4347422 ORDER BY c
	Unique  (cost=33540.86..33588.54 rows=9535 width=121)
	  ->  Sort  (cost=33540.86..33564.70 rows=9535 width=121)
	        Sort Key: c
	        ->  Bitmap Heap Scan on sbtest1  (cost=206.17..32910.64 rows=9535 width=121)
	              Recheck Cond: ((id >= 4337423) AND (id <= 4347422))
	              ->  Bitmap Index Scan on sbtest1_pkey  (cost=0.00..203.79 rows=9535 width=0)
	                    Index Cond: ((id >= 4337423) AND (id <= 4347422))

table 2 : explain SELECT DISTINCT c FROM sbtest2 WHERE id BETWEEN 7936934 AND 7946933 ORDER BY c
	Unique  (cost=34262.28..34311.03 rows=9749 width=121)
	  ->  Sort  (cost=34262.28..34286.66 rows=9749 width=121)
	        Sort Key: c
	        ->  Bitmap Heap Scan on sbtest2  (cost=212.36..33616.36 rows=9749 width=121)
	              Recheck Cond: ((id >= 7936934) AND (id <= 7946933))
	              ->  Bitmap Index Scan on sbtest2_pkey  (cost=0.00..209.93 rows=9749 width=0)
	                    Index Cond: ((id >= 7936934) AND (id <= 7946933))

table 3 : explain SELECT DISTINCT c FROM sbtest3 WHERE id BETWEEN 6960870 AND 6970869 ORDER BY c
	Unique  (cost=33000.61..33047.49 rows=9376 width=121)
	  ->  Sort  (cost=33000.61..33024.05 rows=9376 width=121)
	        Sort Key: c
	        ->  Bitmap Heap Scan on sbtest3  (cost=200.54..32382.04 rows=9376 width=121)
	              Recheck Cond: ((id >= 6960870) AND (id <= 6970869))
	              ->  Bitmap Index Scan on sbtest3_pkey  (cost=0.00..198.19 rows=9376 width=0)
	                    Index Cond: ((id >= 6960870) AND (id <= 6970869))

table 4 : explain SELECT DISTINCT c FROM sbtest4 WHERE id BETWEEN 1488936 AND 1498935 ORDER BY c
	Unique  (cost=34780.04..34829.65 rows=9922 width=121)
	  ->  Sort  (cost=34780.04..34804.84 rows=9922 width=121)
	        Sort Key: c
	        ->  Bitmap Heap Scan on sbtest4  (cost=214.14..34121.40 rows=9922 width=121)
	              Recheck Cond: ((id >= 1488936) AND (id <= 1498935))
	              ->  Bitmap Index Scan on sbtest4_pkey  (cost=0.00..211.66 rows=9922 width=0)
	                    Index Cond: ((id >= 1488936) AND (id <= 1498935))

table 5 : explain SELECT DISTINCT c FROM sbtest5 WHERE id BETWEEN 9198041 AND 9208040 ORDER BY c
	Unique  (cost=33151.37..33198.37 rows=9401 width=121)
	  ->  Sort  (cost=33151.37..33174.87 rows=9401 width=121)
	        Sort Key: c
	        ->  Bitmap Heap Scan on sbtest5  (cost=212.80..32530.97 rows=9401 width=121)
	              Recheck Cond: ((id >= 9198041) AND (id <= 9208040))
	              ->  Bitmap Index Scan on sbtest5_pkey  (cost=0.00..210.44 rows=9401 width=0)
	                    Index Cond: ((id >= 9198041) AND (id <= 9208040))

table 6 : explain SELECT DISTINCT c FROM sbtest6 WHERE id BETWEEN 3542660 AND 3552659 ORDER BY c
	Unique  (cost=34642.04..34691.42 rows=9876 width=121)
	  ->  Sort  (cost=34642.04..34666.73 rows=9876 width=121)
	        Sort Key: c
	        ->  Bitmap Heap Scan on sbtest6  (cost=213.66..33986.78 rows=9876 width=121)
	              Recheck Cond: ((id >= 3542660) AND (id <= 3552659))
	              ->  Bitmap Index Scan on sbtest6_pkey  (cost=0.00..211.19 rows=9876 width=0)
	                    Index Cond: ((id >= 3542660) AND (id <= 3552659))

table 7 : explain SELECT DISTINCT c FROM sbtest7 WHERE id BETWEEN 9169659 AND 9179658 ORDER BY c
	Unique  (cost=36950.34..37003.35 rows=10602 width=121)
	  ->  Sort  (cost=36950.34..36976.85 rows=10602 width=121)
	        Sort Key: c
	        ->  Bitmap Heap Scan on sbtest7  (cost=229.11..36241.49 rows=10602 width=121)
	              Recheck Cond: ((id >= 9169659) AND (id <= 9179658))
	              ->  Bitmap Index Scan on sbtest7_pkey  (cost=0.00..226.45 rows=10602 width=0)
	                    Index Cond: ((id >= 9169659) AND (id <= 9179658))

table 8 : explain SELECT DISTINCT c FROM sbtest8 WHERE id BETWEEN 4311790 AND 4321789 ORDER BY c
	Unique  (cost=34227.83..34276.55 rows=9744 width=121)
	  ->  Sort  (cost=34227.83..34252.19 rows=9744 width=121)
	        Sort Key: c
	        ->  Bitmap Heap Scan on sbtest8  (cost=212.31..33582.27 rows=9744 width=121)
	              Recheck Cond: ((id >= 4311790) AND (id <= 4321789))
	              ->  Bitmap Index Scan on sbtest8_pkey  (cost=0.00..209.88 rows=9744 width=0)
	                    Index Cond: ((id >= 4311790) AND (id <= 4321789))

for: sum_ranges
table 1 : explain SELECT SUM(k) FROM sbtest1 WHERE id BETWEEN 9066386 AND 9076385
	Aggregate  (cost=36231.42..36231.43 rows=1 width=8)
	  ->  Bitmap Heap Scan on sbtest1  (cost=229.00..36204.94 rows=10592 width=4)
	        Recheck Cond: ((id >= 9066386) AND (id <= 9076385))
	        ->  Bitmap Index Scan on sbtest1_pkey  (cost=0.00..226.36 rows=10592 width=0)
	              Index Cond: ((id >= 9066386) AND (id <= 9076385))

table 2 : explain SELECT SUM(k) FROM sbtest2 WHERE id BETWEEN 9266993 AND 9276992
	Aggregate  (cost=36077.26..36077.27 rows=1 width=8)
	  ->  Bitmap Heap Scan on sbtest2  (cost=228.37..36050.93 rows=10530 width=4)
	        Recheck Cond: ((id >= 9266993) AND (id <= 9276992))
	        ->  Bitmap Index Scan on sbtest2_pkey  (cost=0.00..225.74 rows=10530 width=0)
	              Index Cond: ((id >= 9266993) AND (id <= 9276992))

table 3 : explain SELECT SUM(k) FROM sbtest3 WHERE id BETWEEN 6681110 AND 6691109
	Aggregate  (cost=32305.16..32305.17 rows=1 width=8)
	  ->  Bitmap Heap Scan on sbtest3  (cost=200.21..32281.80 rows=9344 width=4)
	        Recheck Cond: ((id >= 6681110) AND (id <= 6691109))
	        ->  Bitmap Index Scan on sbtest3_pkey  (cost=0.00..197.88 rows=9344 width=0)
	              Index Cond: ((id >= 6681110) AND (id <= 6691109))

table 4 : explain SELECT SUM(k) FROM sbtest4 WHERE id BETWEEN 4256071 AND 4266070
	Aggregate  (cost=35283.03..35283.04 rows=1 width=8)
	  ->  Bitmap Heap Scan on sbtest4  (cost=221.88..35257.31 rows=10287 width=4)
	        Recheck Cond: ((id >= 4256071) AND (id <= 4266070))
	        ->  Bitmap Index Scan on sbtest4_pkey  (cost=0.00..219.31 rows=10287 width=0)
	              Index Cond: ((id >= 4256071) AND (id <= 4266070))

table 5 : explain SELECT SUM(k) FROM sbtest5 WHERE id BETWEEN 7849766 AND 7859765
	Aggregate  (cost=36193.86..36193.87 rows=1 width=8)
	  ->  Bitmap Heap Scan on sbtest5  (cost=236.74..36167.44 rows=10566 width=4)
	        Recheck Cond: ((id >= 7849766) AND (id <= 7859765))
	        ->  Bitmap Index Scan on sbtest5_pkey  (cost=0.00..234.09 rows=10566 width=0)
	              Index Cond: ((id >= 7849766) AND (id <= 7859765))

table 6 : explain SELECT SUM(k) FROM sbtest6 WHERE id BETWEEN 7895230 AND 7905229
	Aggregate  (cost=35684.75..35684.76 rows=1 width=8)
	  ->  Bitmap Heap Scan on sbtest6  (cost=227.17..35658.72 rows=10413 width=4)
	        Recheck Cond: ((id >= 7895230) AND (id <= 7905229))
	        ->  Bitmap Index Scan on sbtest6_pkey  (cost=0.00..224.56 rows=10413 width=0)
	              Index Cond: ((id >= 7895230) AND (id <= 7905229))

table 7 : explain SELECT SUM(k) FROM sbtest7 WHERE id BETWEEN 3027228 AND 3037227
	Aggregate  (cost=35503.54..35503.55 rows=1 width=8)
	  ->  Bitmap Heap Scan on sbtest7  (cost=222.58..35477.65 rows=10356 width=4)
	        Recheck Cond: ((id >= 3027228) AND (id <= 3037227))
	        ->  Bitmap Index Scan on sbtest7_pkey  (cost=0.00..220.00 rows=10356 width=0)
	              Index Cond: ((id >= 3027228) AND (id <= 3037227))

table 8 : explain SELECT SUM(k) FROM sbtest8 WHERE id BETWEEN 5281257 AND 5291256
	Aggregate  (cost=34238.08..34238.09 rows=1 width=8)
	  ->  Bitmap Heap Scan on sbtest8  (cost=214.38..34213.22 rows=9946 width=4)
	        Recheck Cond: ((id >= 5281257) AND (id <= 5291256))
	        ->  Bitmap Index Scan on sbtest8_pkey  (cost=0.00..211.90 rows=9946 width=0)
	              Index Cond: ((id >= 5281257) AND (id <= 5291256))

for: simple_ranges
table 1 : explain SELECT c FROM sbtest1 WHERE id BETWEEN 112795 AND 122794
	Bitmap Heap Scan on sbtest1  (cost=221.29..35082.81 rows=10230 width=121)
	  Recheck Cond: ((id >= 112795) AND (id <= 122794))
	  ->  Bitmap Index Scan on sbtest1_pkey  (cost=0.00..218.74 rows=10230 width=0)
	        Index Cond: ((id >= 112795) AND (id <= 122794))

table 2 : explain SELECT c FROM sbtest2 WHERE id BETWEEN 5984859 AND 5994858
	Bitmap Heap Scan on sbtest2  (cost=225.60..35215.82 rows=10260 width=121)
	  Recheck Cond: ((id >= 5984859) AND (id <= 5994858))
	  ->  Bitmap Index Scan on sbtest2_pkey  (cost=0.00..223.04 rows=10260 width=0)
	        Index Cond: ((id >= 5984859) AND (id <= 5994858))

table 3 : explain SELECT c FROM sbtest3 WHERE id BETWEEN 7565490 AND 7575489
	Bitmap Heap Scan on sbtest3  (cost=201.02..32527.47 rows=9423 width=121)
	  Recheck Cond: ((id >= 7565490) AND (id <= 7575489))
	  ->  Bitmap Index Scan on sbtest3_pkey  (cost=0.00..198.67 rows=9423 width=0)
	        Index Cond: ((id >= 7565490) AND (id <= 7575489))

table 4 : explain SELECT c FROM sbtest4 WHERE id BETWEEN 8826473 AND 8836472
	Bitmap Heap Scan on sbtest4  (cost=198.21..31694.43 rows=9149 width=121)
	  Recheck Cond: ((id >= 8826473) AND (id <= 8836472))
	  ->  Bitmap Index Scan on sbtest4_pkey  (cost=0.00..195.93 rows=9149 width=0)
	        Index Cond: ((id >= 8826473) AND (id <= 8836472))

table 5 : explain SELECT c FROM sbtest5 WHERE id BETWEEN 7766002 AND 7776001
	Bitmap Heap Scan on sbtest5  (cost=249.90..37725.73 rows=11070 width=121)
	  Recheck Cond: ((id >= 7766002) AND (id <= 7776001))
	  ->  Bitmap Index Scan on sbtest5_pkey  (cost=0.00..247.13 rows=11070 width=0)
	        Index Cond: ((id >= 7766002) AND (id <= 7776001))

table 6 : explain SELECT c FROM sbtest6 WHERE id BETWEEN 9468574 AND 9478573
	Bitmap Heap Scan on sbtest6  (cost=265.37..41088.42 rows=12189 width=121)
	  Recheck Cond: ((id >= 9468574) AND (id <= 9478573))
	  ->  Bitmap Index Scan on sbtest6_pkey  (cost=0.00..262.32 rows=12189 width=0)
	        Index Cond: ((id >= 9468574) AND (id <= 9478573))

table 7 : explain SELECT c FROM sbtest7 WHERE id BETWEEN 6663574 AND 6673573
	Bitmap Heap Scan on sbtest7  (cost=230.48..36652.40 rows=10736 width=121)
	  Recheck Cond: ((id >= 6663574) AND (id <= 6673573))
	  ->  Bitmap Index Scan on sbtest7_pkey  (cost=0.00..227.80 rows=10736 width=0)
	        Index Cond: ((id >= 6663574) AND (id <= 6673573))

table 8 : explain SELECT c FROM sbtest8 WHERE id BETWEEN 7978015 AND 7988014
	Bitmap Heap Scan on sbtest8  (cost=220.41..34833.75 rows=10144 width=121)
	  Recheck Cond: ((id >= 7978015) AND (id <= 7988014))
	  ->  Bitmap Index Scan on sbtest8_pkey  (cost=0.00..217.88 rows=10144 width=0)
	        Index Cond: ((id >= 7978015) AND (id <= 7988014))

for: simple_ranges
table 1 : explain SELECT c FROM sbtest1 WHERE id BETWEEN 4088711 AND 4098710
	Bitmap Heap Scan on sbtest1  (cost=215.67..34588.46 rows=10072 width=121)
	  Recheck Cond: ((id >= 4088711) AND (id <= 4098710))
	  ->  Bitmap Index Scan on sbtest1_pkey  (cost=0.00..213.16 rows=10072 width=0)
	        Index Cond: ((id >= 4088711) AND (id <= 4098710))

table 2 : explain SELECT c FROM sbtest2 WHERE id BETWEEN 5603695 AND 5613694
	Bitmap Heap Scan on sbtest2  (cost=212.68..33713.10 rows=9780 width=121)
	  Recheck Cond: ((id >= 5603695) AND (id <= 5613694))
	  ->  Bitmap Index Scan on sbtest2_pkey  (cost=0.00..210.24 rows=9780 width=0)
	        Index Cond: ((id >= 5603695) AND (id <= 5613694))

table 3 : explain SELECT c FROM sbtest3 WHERE id BETWEEN 8012015 AND 8022014
	Bitmap Heap Scan on sbtest3  (cost=214.39..34171.14 rows=9947 width=121)
	  Recheck Cond: ((id >= 8012015) AND (id <= 8022014))
	  ->  Bitmap Index Scan on sbtest3_pkey  (cost=0.00..211.91 rows=9947 width=0)
	        Index Cond: ((id >= 8012015) AND (id <= 8022014))

table 4 : explain SELECT c FROM sbtest4 WHERE id BETWEEN 3178180 AND 3188179
	Bitmap Heap Scan on sbtest4  (cost=185.21..30143.14 rows=8661 width=121)
	  Recheck Cond: ((id >= 3178180) AND (id <= 3188179))
	  ->  Bitmap Index Scan on sbtest4_pkey  (cost=0.00..183.05 rows=8661 width=0)
	        Index Cond: ((id >= 3178180) AND (id <= 3188179))

table 5 : explain SELECT c FROM sbtest5 WHERE id BETWEEN 7235295 AND 7245294
	Bitmap Heap Scan on sbtest5  (cost=226.60..34307.89 rows=9967 width=121)
	  Recheck Cond: ((id >= 7235295) AND (id <= 7245294))
	  ->  Bitmap Index Scan on sbtest5_pkey  (cost=0.00..224.11 rows=9967 width=0)
	        Index Cond: ((id >= 7235295) AND (id <= 7245294))

table 6 : explain SELECT c FROM sbtest6 WHERE id BETWEEN 6014069 AND 6024068
	Bitmap Heap Scan on sbtest6  (cost=199.35..32050.91 rows=9260 width=121)
	  Recheck Cond: ((id >= 6014069) AND (id <= 6024068))
	  ->  Bitmap Index Scan on sbtest6_pkey  (cost=0.00..197.04 rows=9260 width=0)
	        Index Cond: ((id >= 6014069) AND (id <= 6024068))

table 7 : explain SELECT c FROM sbtest7 WHERE id BETWEEN 6144870 AND 6154869
	Bitmap Heap Scan on sbtest7  (cost=207.04..33182.62 rows=9620 width=121)
	  Recheck Cond: ((id >= 6144870) AND (id <= 6154869))
	  ->  Bitmap Index Scan on sbtest7_pkey  (cost=0.00..204.63 rows=9620 width=0)
	        Index Cond: ((id >= 6144870) AND (id <= 6154869))

table 8 : explain SELECT c FROM sbtest8 WHERE id BETWEEN 736407 AND 746406
	Bitmap Heap Scan on sbtest8  (cost=222.98..35608.71 rows=10395 width=121)
	  Recheck Cond: ((id >= 736407) AND (id <= 746406))
	  ->  Bitmap Index Scan on sbtest8_pkey  (cost=0.00..220.38 rows=10395 width=0)
	        Index Cond: ((id >= 736407) AND (id <= 746406))

for: sum_ranges
table 1 : explain SELECT SUM(k) FROM sbtest1 WHERE id BETWEEN 3085288 AND 3095287
	Aggregate  (cost=34796.58..34796.59 rows=1 width=8)
	  ->  Bitmap Heap Scan on sbtest1  (cost=216.28..34771.25 rows=10131 width=4)
	        Recheck Cond: ((id >= 3085288) AND (id <= 3095287))
	        ->  Bitmap Index Scan on sbtest1_pkey  (cost=0.00..213.75 rows=10131 width=0)
	              Index Cond: ((id >= 3085288) AND (id <= 3095287))

table 2 : explain SELECT SUM(k) FROM sbtest2 WHERE id BETWEEN 4897010 AND 4907009
	Aggregate  (cost=34948.63..34948.64 rows=1 width=8)
	  ->  Bitmap Heap Scan on sbtest2  (cost=220.65..34923.21 rows=10167 width=4)
	        Recheck Cond: ((id >= 4897010) AND (id <= 4907009))
	        ->  Bitmap Index Scan on sbtest2_pkey  (cost=0.00..218.11 rows=10167 width=0)
	              Index Cond: ((id >= 4897010) AND (id <= 4907009))

table 3 : explain SELECT SUM(k) FROM sbtest3 WHERE id BETWEEN 633106 AND 643105
	Aggregate  (cost=33004.02..33004.03 rows=1 width=8)
	  ->  Bitmap Heap Scan on sbtest3  (cost=206.49..32980.11 rows=9566 width=4)
	        Recheck Cond: ((id >= 633106) AND (id <= 643105))
	        ->  Bitmap Index Scan on sbtest3_pkey  (cost=0.00..204.09 rows=9566 width=0)
	              Index Cond: ((id >= 633106) AND (id <= 643105))

table 4 : explain SELECT SUM(k) FROM sbtest4 WHERE id BETWEEN 6553581 AND 6563580
	Aggregate  (cost=37627.19..37627.20 rows=1 width=8)
	  ->  Bitmap Heap Scan on sbtest4  (cost=237.66..37599.58 rows=11046 width=4)
	        Recheck Cond: ((id >= 6553581) AND (id <= 6563580))
	        ->  Bitmap Index Scan on sbtest4_pkey  (cost=0.00..234.90 rows=11046 width=0)
	              Index Cond: ((id >= 6553581) AND (id <= 6563580))

table 5 : explain SELECT SUM(k) FROM sbtest5 WHERE id BETWEEN 5883396 AND 5893395
	Aggregate  (cost=33011.19..33011.20 rows=1 width=8)
	  ->  Bitmap Heap Scan on sbtest5  (cost=214.29..32987.33 rows=9547 width=4)
	        Recheck Cond: ((id >= 5883396) AND (id <= 5893395))
	        ->  Bitmap Index Scan on sbtest5_pkey  (cost=0.00..211.91 rows=9547 width=0)
	              Index Cond: ((id >= 5883396) AND (id <= 5893395))

table 6 : explain SELECT SUM(k) FROM sbtest6 WHERE id BETWEEN 9614530 AND 9624529
	Aggregate  (cost=37778.88..37778.89 rows=1 width=8)
	  ->  Bitmap Heap Scan on sbtest6  (cost=242.13..37751.15 rows=11092 width=4)
	        Recheck Cond: ((id >= 9614530) AND (id <= 9624529))
	        ->  Bitmap Index Scan on sbtest6_pkey  (cost=0.00..239.36 rows=11092 width=0)
	              Index Cond: ((id >= 9614530) AND (id <= 9624529))

table 7 : explain SELECT SUM(k) FROM sbtest7 WHERE id BETWEEN 126427 AND 136426
	Aggregate  (cost=32167.06..32167.07 rows=1 width=8)
	  ->  Bitmap Heap Scan on sbtest7  (cost=199.66..32143.84 rows=9290 width=4)
	        Recheck Cond: ((id >= 126427) AND (id <= 136426))
	        ->  Bitmap Index Scan on sbtest7_pkey  (cost=0.00..197.34 rows=9290 width=0)
	              Index Cond: ((id >= 126427) AND (id <= 136426))

table 8 : explain SELECT SUM(k) FROM sbtest8 WHERE id BETWEEN 1849926 AND 1859925
	Aggregate  (cost=33551.78..33551.79 rows=1 width=8)
	  ->  Bitmap Heap Scan on sbtest8  (cost=212.13..33527.46 rows=9726 width=4)
	        Recheck Cond: ((id >= 1849926) AND (id <= 1859925))
	        ->  Bitmap Index Scan on sbtest8_pkey  (cost=0.00..209.69 rows=9726 width=0)
	              Index Cond: ((id >= 1849926) AND (id <= 1859925))

explain: for point_selects :: explain SELECT c FROM sbtest%u WHERE id=%u
explain: for point_selects :: explain SELECT c FROM sbtest%u WHERE id=%u
for: sum_ranges
table 1 : explain SELECT SUM(k) FROM sbtest1 WHERE id BETWEEN 293093 AND 303092
	Aggregate  (cost=34089.74..34089.75 rows=1 width=8)
	  ->  Bitmap Heap Scan on sbtest1  (cost=213.94..34064.98 rows=9903 width=4)
	        Recheck Cond: ((id >= 293093) AND (id <= 303092))
	        ->  Bitmap Index Scan on sbtest1_pkey  (cost=0.00..211.47 rows=9903 width=0)
	              Index Cond: ((id >= 293093) AND (id <= 303092))

table 2 : explain SELECT SUM(k) FROM sbtest2 WHERE id BETWEEN 6863248 AND 6873247
	Aggregate  (cost=33663.32..33663.33 rows=1 width=8)
	  ->  Bitmap Heap Scan on sbtest2  (cost=212.43..33638.93 rows=9756 width=4)
	        Recheck Cond: ((id >= 6863248) AND (id <= 6873247))
	        ->  Bitmap Index Scan on sbtest2_pkey  (cost=0.00..210.00 rows=9756 width=0)
	              Index Cond: ((id >= 6863248) AND (id <= 6873247))

table 3 : explain SELECT SUM(k) FROM sbtest3 WHERE id BETWEEN 7284420 AND 7294419
	Aggregate  (cost=35196.88..35196.89 rows=1 width=8)
	  ->  Bitmap Heap Scan on sbtest3  (cost=221.69..35171.21 rows=10269 width=4)
	        Recheck Cond: ((id >= 7284420) AND (id <= 7294419))
	        ->  Bitmap Index Scan on sbtest3_pkey  (cost=0.00..219.12 rows=10269 width=0)
	              Index Cond: ((id >= 7284420) AND (id <= 7294419))

table 4 : explain SELECT SUM(k) FROM sbtest4 WHERE id BETWEEN 7294323 AND 7304322
	Aggregate  (cost=33139.88..33139.89 rows=1 width=8)
	  ->  Bitmap Heap Scan on sbtest4  (cost=206.85..33115.88 rows=9601 width=4)
	        Recheck Cond: ((id >= 7294323) AND (id <= 7304322))
	        ->  Bitmap Index Scan on sbtest4_pkey  (cost=0.00..204.44 rows=9601 width=0)
	              Index Cond: ((id >= 7294323) AND (id <= 7304322))

table 5 : explain SELECT SUM(k) FROM sbtest5 WHERE id BETWEEN 8946679 AND 8956678
	Aggregate  (cost=34503.37..34503.38 rows=1 width=8)
	  ->  Bitmap Heap Scan on sbtest5  (cost=227.16..34478.32 rows=10022 width=4)
	        Recheck Cond: ((id >= 8946679) AND (id <= 8956678))
	        ->  Bitmap Index Scan on sbtest5_pkey  (cost=0.00..224.66 rows=10022 width=0)
	              Index Cond: ((id >= 8946679) AND (id <= 8956678))

table 6 : explain SELECT SUM(k) FROM sbtest6 WHERE id BETWEEN 8676823 AND 8686822
	Aggregate  (cost=31973.46..31973.47 rows=1 width=8)
	  ->  Bitmap Heap Scan on sbtest6  (cost=199.02..31950.39 rows=9228 width=4)
	        Recheck Cond: ((id >= 8676823) AND (id <= 8686822))
	        ->  Bitmap Index Scan on sbtest6_pkey  (cost=0.00..196.72 rows=9228 width=0)
	              Index Cond: ((id >= 8676823) AND (id <= 8686822))

table 7 : explain SELECT SUM(k) FROM sbtest7 WHERE id BETWEEN 381176 AND 391175
	Aggregate  (cost=31433.02..31433.03 rows=1 width=8)
	  ->  Bitmap Heap Scan on sbtest7  (cost=197.27..31410.38 rows=9057 width=4)
	        Recheck Cond: ((id >= 381176) AND (id <= 391175))
	        ->  Bitmap Index Scan on sbtest7_pkey  (cost=0.00..195.00 rows=9057 width=0)
	              Index Cond: ((id >= 381176) AND (id <= 391175))

table 8 : explain SELECT SUM(k) FROM sbtest8 WHERE id BETWEEN 9333112 AND 9343111
	Aggregate  (cost=33706.61..33706.62 rows=1 width=8)
	  ->  Bitmap Heap Scan on sbtest8  (cost=212.64..33682.17 rows=9776 width=4)
	        Recheck Cond: ((id >= 9333112) AND (id <= 9343111))
	        ->  Bitmap Index Scan on sbtest8_pkey  (cost=0.00..210.19 rows=9776 width=0)
	              Index Cond: ((id >= 9333112) AND (id <= 9343111))

for: distinct_ranges
table 1 : explain SELECT DISTINCT c FROM sbtest1 WHERE id BETWEEN 1778265 AND 1788264 ORDER BY c
	Unique  (cost=31755.13..31800.04 rows=8982 width=121)
	  ->  Sort  (cost=31755.13..31777.58 rows=8982 width=121)
	        Sort Key: c
	        ->  Bitmap Heap Scan on sbtest1  (cost=192.50..31165.33 rows=8982 width=121)
	              Recheck Cond: ((id >= 1778265) AND (id <= 1788264))
	              ->  Bitmap Index Scan on sbtest1_pkey  (cost=0.00..190.25 rows=8982 width=0)
	                    Index Cond: ((id >= 1778265) AND (id <= 1788264))

table 2 : explain SELECT DISTINCT c FROM sbtest2 WHERE id BETWEEN 2213226 AND 2223225 ORDER BY c
	Unique  (cost=34017.83..34066.19 rows=9672 width=121)
	  ->  Sort  (cost=34017.83..34042.01 rows=9672 width=121)
	        Sort Key: c
	        ->  Bitmap Heap Scan on sbtest2  (cost=211.57..33377.56 rows=9672 width=121)
	              Recheck Cond: ((id >= 2213226) AND (id <= 2223225))
	              ->  Bitmap Index Scan on sbtest2_pkey  (cost=0.00..209.16 rows=9672 width=0)
	                    Index Cond: ((id >= 2213226) AND (id <= 2223225))

table 3 : explain SELECT DISTINCT c FROM sbtest3 WHERE id BETWEEN 2991929 AND 3001928 ORDER BY c
	Unique  (cost=42141.93..42203.33 rows=12280 width=121)
	  ->  Sort  (cost=42141.93..42172.63 rows=12280 width=121)
	        Sort Key: c
	        ->  Bitmap Heap Scan on sbtest3  (cost=262.31..41307.87 rows=12280 width=121)
	              Recheck Cond: ((id >= 2991929) AND (id <= 3001928))
	              ->  Bitmap Index Scan on sbtest3_pkey  (cost=0.00..259.24 rows=12280 width=0)
	                    Index Cond: ((id >= 2991929) AND (id <= 3001928))

table 4 : explain SELECT DISTINCT c FROM sbtest4 WHERE id BETWEEN 8996166 AND 9006165 ORDER BY c
	Unique  (cost=34770.18..34819.77 rows=9919 width=121)
	  ->  Sort  (cost=34770.18..34794.98 rows=9919 width=121)
	        Sort Key: c
	        ->  Bitmap Heap Scan on sbtest4  (cost=214.10..34111.76 rows=9919 width=121)
	              Recheck Cond: ((id >= 8996166) AND (id <= 9006165))
	              ->  Bitmap Index Scan on sbtest4_pkey  (cost=0.00..211.62 rows=9919 width=0)
	                    Index Cond: ((id >= 8996166) AND (id <= 9006165))

table 5 : explain SELECT DISTINCT c FROM sbtest5 WHERE id BETWEEN 3460590 AND 3470589 ORDER BY c
	Unique  (cost=35042.20..35092.15 rows=9989 width=121)
	  ->  Sort  (cost=35042.20..35067.18 rows=9989 width=121)
	        Sort Key: c
	        ->  Bitmap Heap Scan on sbtest5  (cost=226.82..34378.63 rows=9989 width=121)
	              Recheck Cond: ((id >= 3460590) AND (id <= 3470589))
	              ->  Bitmap Index Scan on sbtest5_pkey  (cost=0.00..224.32 rows=9989 width=0)
	                    Index Cond: ((id >= 3460590) AND (id <= 3470589))

table 6 : explain SELECT DISTINCT c FROM sbtest6 WHERE id BETWEEN 3642084 AND 3652083 ORDER BY c
	Unique  (cost=36595.54..36647.99 rows=10489 width=121)
	  ->  Sort  (cost=36595.54..36621.77 rows=10489 width=121)
	        Sort Key: c
	        ->  Bitmap Heap Scan on sbtest6  (cost=227.95..35895.06 rows=10489 width=121)
	              Recheck Cond: ((id >= 3642084) AND (id <= 3652083))
	              ->  Bitmap Index Scan on sbtest6_pkey  (cost=0.00..225.32 rows=10489 width=0)
	                    Index Cond: ((id >= 3642084) AND (id <= 3652083))

table 7 : explain SELECT DISTINCT c FROM sbtest7 WHERE id BETWEEN 6588264 AND 6598263 ORDER BY c
	Unique  (cost=37133.10..37186.40 rows=10660 width=121)
	  ->  Sort  (cost=37133.10..37159.75 rows=10660 width=121)
	        Sort Key: c
	        ->  Bitmap Heap Scan on sbtest7  (cost=229.70..36419.95 rows=10660 width=121)
	              Recheck Cond: ((id >= 6588264) AND (id <= 6598263))
	              ->  Bitmap Index Scan on sbtest7_pkey  (cost=0.00..227.04 rows=10660 width=0)
	                    Index Cond: ((id >= 6588264) AND (id <= 6598263))

table 8 : explain SELECT DISTINCT c FROM sbtest8 WHERE id BETWEEN 3837990 AND 3847989 ORDER BY c
	Unique  (cost=33741.70..33789.66 rows=9593 width=121)
	  ->  Sort  (cost=33741.70..33765.68 rows=9593 width=121)
	        Sort Key: c
	        ->  Bitmap Heap Scan on sbtest8  (cost=206.76..33107.23 rows=9593 width=121)
	              Recheck Cond: ((id >= 3837990) AND (id <= 3847989))
	              ->  Bitmap Index Scan on sbtest8_pkey  (cost=0.00..204.37 rows=9593 width=0)
	                    Index Cond: ((id >= 3837990) AND (id <= 3847989))

for: sum_ranges
table 1 : explain SELECT SUM(k) FROM sbtest1 WHERE id BETWEEN 5608087 AND 5618086
	Aggregate  (cost=36087.03..36087.04 rows=1 width=8)
	  ->  Bitmap Heap Scan on sbtest1  (cost=224.54..36060.66 rows=10547 width=4)
	        Recheck Cond: ((id >= 5608087) AND (id <= 5618086))
	        ->  Bitmap Index Scan on sbtest1_pkey  (cost=0.00..221.91 rows=10547 width=0)
	              Index Cond: ((id >= 5608087) AND (id <= 5618086))

table 2 : explain SELECT SUM(k) FROM sbtest2 WHERE id BETWEEN 7427816 AND 7437815
	Aggregate  (cost=35587.65..35587.66 rows=1 width=8)
	  ->  Bitmap Heap Scan on sbtest2  (cost=226.75..35561.72 rows=10372 width=4)
	        Recheck Cond: ((id >= 7427816) AND (id <= 7437815))
	        ->  Bitmap Index Scan on sbtest2_pkey  (cost=0.00..224.16 rows=10372 width=0)
	              Index Cond: ((id >= 7427816) AND (id <= 7437815))

table 3 : explain SELECT SUM(k) FROM sbtest3 WHERE id BETWEEN 4809974 AND 4819973
	Aggregate  (cost=34635.64..34635.65 rows=1 width=8)
	  ->  Bitmap Heap Scan on sbtest3  (cost=215.85..34610.42 rows=10089 width=4)
	        Recheck Cond: ((id >= 4809974) AND (id <= 4819973))
	        ->  Bitmap Index Scan on sbtest3_pkey  (cost=0.00..213.32 rows=10089 width=0)
	              Index Cond: ((id >= 4809974) AND (id <= 4819973))

table 4 : explain SELECT SUM(k) FROM sbtest4 WHERE id BETWEEN 2609302 AND 2619301
	Aggregate  (cost=36223.44..36223.45 rows=1 width=8)
	  ->  Bitmap Heap Scan on sbtest4  (cost=228.98..36196.96 rows=10590 width=4)
	        Recheck Cond: ((id >= 2609302) AND (id <= 2619301))
	        ->  Bitmap Index Scan on sbtest4_pkey  (cost=0.00..226.34 rows=10590 width=0)
	              Index Cond: ((id >= 2609302) AND (id <= 2619301))

table 5 : explain SELECT SUM(k) FROM sbtest5 WHERE id BETWEEN 2851149 AND 2861148
	Aggregate  (cost=33370.89..33370.90 rows=1 width=8)
	  ->  Bitmap Heap Scan on sbtest5  (cost=219.45..33346.74 rows=9660 width=4)
	        Recheck Cond: ((id >= 2851149) AND (id <= 2861148))
	        ->  Bitmap Index Scan on sbtest5_pkey  (cost=0.00..217.04 rows=9660 width=0)
	              Index Cond: ((id >= 2851149) AND (id <= 2861148))

table 6 : explain SELECT SUM(k) FROM sbtest6 WHERE id BETWEEN 5554639 AND 5564638
	Aggregate  (cost=36262.93..36262.94 rows=1 width=8)
	  ->  Bitmap Heap Scan on sbtest6  (cost=229.09..36236.43 rows=10600 width=4)
	        Recheck Cond: ((id >= 5554639) AND (id <= 5564638))
	        ->  Bitmap Index Scan on sbtest6_pkey  (cost=0.00..226.44 rows=10600 width=0)
	              Index Cond: ((id >= 5554639) AND (id <= 5564638))

table 7 : explain SELECT SUM(k) FROM sbtest7 WHERE id BETWEEN 3464666 AND 3474665
	Aggregate  (cost=37592.63..37592.64 rows=1 width=8)
	  ->  Bitmap Heap Scan on sbtest7  (cost=237.52..37565.05 rows=11033 width=4)
	        Recheck Cond: ((id >= 3464666) AND (id <= 3474665))
	        ->  Bitmap Index Scan on sbtest7_pkey  (cost=0.00..234.76 rows=11033 width=0)
	              Index Cond: ((id >= 3464666) AND (id <= 3474665))

table 8 : explain SELECT SUM(k) FROM sbtest8 WHERE id BETWEEN 6461592 AND 6471591
	Aggregate  (cost=35032.38..35032.39 rows=1 width=8)
	  ->  Bitmap Heap Scan on sbtest8  (cost=220.99..35006.88 rows=10200 width=4)
	        Recheck Cond: ((id >= 6461592) AND (id <= 6471591))
	        ->  Bitmap Index Scan on sbtest8_pkey  (cost=0.00..218.44 rows=10200 width=0)
	              Index Cond: ((id >= 6461592) AND (id <= 6471591))

for: order_ranges
table 1 : explain SELECT c FROM sbtest1 WHERE id BETWEEN 3516200 AND 3526199 ORDER BY c
	Sort  (cost=37353.39..37380.22 rows=10732 width=121)
	  Sort Key: c
	  ->  Bitmap Heap Scan on sbtest1  (cost=230.44..36634.90 rows=10732 width=121)
	        Recheck Cond: ((id >= 3516200) AND (id <= 3526199))
	        ->  Bitmap Index Scan on sbtest1_pkey  (cost=0.00..227.75 rows=10732 width=0)
	              Index Cond: ((id >= 3516200) AND (id <= 3526199))

table 2 : explain SELECT c FROM sbtest2 WHERE id BETWEEN 8733033 AND 8743032 ORDER BY c
	Sort  (cost=37219.28..37245.97 rows=10676 width=121)
	  Sort Key: c
	  ->  Bitmap Heap Scan on sbtest2  (cost=233.86..36504.95 rows=10676 width=121)
	        Recheck Cond: ((id >= 8733033) AND (id <= 8743032))
	        ->  Bitmap Index Scan on sbtest2_pkey  (cost=0.00..231.19 rows=10676 width=0)
	              Index Cond: ((id >= 8733033) AND (id <= 8743032))

table 3 : explain SELECT c FROM sbtest3 WHERE id BETWEEN 7987189 AND 7997188 ORDER BY c
	Sort  (cost=34831.63..34856.50 rows=9947 width=121)
	  Sort Key: c
	  ->  Bitmap Heap Scan on sbtest3  (cost=214.39..34171.14 rows=9947 width=121)
	        Recheck Cond: ((id >= 7987189) AND (id <= 7997188))
	        ->  Bitmap Index Scan on sbtest3_pkey  (cost=0.00..211.91 rows=9947 width=0)
	              Index Cond: ((id >= 7987189) AND (id <= 7997188))

table 4 : explain SELECT c FROM sbtest4 WHERE id BETWEEN 6039775 AND 6049774 ORDER BY c
	Sort  (cost=38305.70..38333.29 rows=11035 width=121)
	  Sort Key: c
	  ->  Bitmap Heap Scan on sbtest4  (cost=237.54..37564.72 rows=11035 width=121)
	        Recheck Cond: ((id >= 6039775) AND (id <= 6049774))
	        ->  Bitmap Index Scan on sbtest4_pkey  (cost=0.00..234.79 rows=11035 width=0)
	              Index Cond: ((id >= 6039775) AND (id <= 6049774))

table 5 : explain SELECT c FROM sbtest5 WHERE id BETWEEN 7124394 AND 7134393 ORDER BY c
	Sort  (cost=30899.62..30921.39 rows=8707 width=121)
	  Sort Key: c
	  ->  Bitmap Heap Scan on sbtest5  (cost=197.68..30329.84 rows=8707 width=121)
	        Recheck Cond: ((id >= 7124394) AND (id <= 7134393))
	        ->  Bitmap Index Scan on sbtest5_pkey  (cost=0.00..195.50 rows=8707 width=0)
	              Index Cond: ((id >= 7124394) AND (id <= 7134393))

table 6 : explain SELECT c FROM sbtest6 WHERE id BETWEEN 1621627 AND 1631626 ORDER BY c
	Sort  (cost=34381.85..34406.33 rows=9795 width=121)
	  Sort Key: c
	  ->  Bitmap Heap Scan on sbtest6  (cost=212.83..33732.54 rows=9795 width=121)
	        Recheck Cond: ((id >= 1621627) AND (id <= 1631626))
	        ->  Bitmap Index Scan on sbtest6_pkey  (cost=0.00..210.38 rows=9795 width=0)
	              Index Cond: ((id >= 1621627) AND (id <= 1631626))

table 7 : explain SELECT c FROM sbtest7 WHERE id BETWEEN 4007124 AND 4017123 ORDER BY c
	Sort  (cost=34321.31..34345.75 rows=9776 width=121)
	  Sort Key: c
	  ->  Bitmap Heap Scan on sbtest7  (cost=212.64..33673.41 rows=9776 width=121)
	        Recheck Cond: ((id >= 4007124) AND (id <= 4017123))
	        ->  Bitmap Index Scan on sbtest7_pkey  (cost=0.00..210.19 rows=9776 width=0)
	              Index Cond: ((id >= 4007124) AND (id <= 4017123))

table 8 : explain SELECT c FROM sbtest8 WHERE id BETWEEN 2781172 AND 2791171 ORDER BY c
	Sort  (cost=35031.60..35056.59 rows=9996 width=121)
	  Sort Key: c
	  ->  Bitmap Heap Scan on sbtest8  (cost=214.89..34367.51 rows=9996 width=121)
	        Recheck Cond: ((id >= 2781172) AND (id <= 2791171))
	        ->  Bitmap Index Scan on sbtest8_pkey  (cost=0.00..212.40 rows=9996 width=0)
	              Index Cond: ((id >= 2781172) AND (id <= 2791171))

for: simple_ranges
table 1 : explain SELECT c FROM sbtest1 WHERE id BETWEEN 7320703 AND 7330702
	Bitmap Heap Scan on sbtest1  (cost=223.16..35645.69 rows=10412 width=121)
	  Recheck Cond: ((id >= 7320703) AND (id <= 7330702))
	  ->  Bitmap Index Scan on sbtest1_pkey  (cost=0.00..220.56 rows=10412 width=0)
	        Index Cond: ((id >= 7320703) AND (id <= 7330702))

table 2 : explain SELECT c FROM sbtest2 WHERE id BETWEEN 5731463 AND 5741462
	Bitmap Heap Scan on sbtest2  (cost=225.79..35273.51 rows=10279 width=121)
	  Recheck Cond: ((id >= 5731463) AND (id <= 5741462))
	  ->  Bitmap Index Scan on sbtest2_pkey  (cost=0.00..223.23 rows=10279 width=0)
	        Index Cond: ((id >= 5731463) AND (id <= 5741462))

table 3 : explain SELECT c FROM sbtest3 WHERE id BETWEEN 5033673 AND 5043672
	Bitmap Heap Scan on sbtest3  (cost=223.60..35745.88 rows=10455 width=121)
	  Recheck Cond: ((id >= 5033673) AND (id <= 5043672))
	  ->  Bitmap Index Scan on sbtest3_pkey  (cost=0.00..220.99 rows=10455 width=0)
	        Index Cond: ((id >= 5033673) AND (id <= 5043672))

table 4 : explain SELECT c FROM sbtest4 WHERE id BETWEEN 4075681 AND 4085680
	Bitmap Heap Scan on sbtest4  (cost=229.30..36292.57 rows=10621 width=121)
	  Recheck Cond: ((id >= 4075681) AND (id <= 4085680))
	  ->  Bitmap Index Scan on sbtest4_pkey  (cost=0.00..226.65 rows=10621 width=0)
	        Index Cond: ((id >= 4075681) AND (id <= 4085680))

table 5 : explain SELECT c FROM sbtest5 WHERE id BETWEEN 2510808 AND 2520807
	Bitmap Heap Scan on sbtest5  (cost=206.25..31745.04 rows=9153 width=121)
	  Recheck Cond: ((id >= 2510808) AND (id <= 2520807))
	  ->  Bitmap Index Scan on sbtest5_pkey  (cost=0.00..203.97 rows=9153 width=0)
	        Index Cond: ((id >= 2510808) AND (id <= 2520807))

table 6 : explain SELECT c FROM sbtest6 WHERE id BETWEEN 9344684 AND 9354683
	Bitmap Heap Scan on sbtest6  (cost=199.03..31953.63 rows=9229 width=121)
	  Recheck Cond: ((id >= 9344684) AND (id <= 9354683))
	  ->  Bitmap Index Scan on sbtest6_pkey  (cost=0.00..196.73 rows=9229 width=0)
	        Index Cond: ((id >= 9344684) AND (id <= 9354683))

table 7 : explain SELECT c FROM sbtest7 WHERE id BETWEEN 797521 AND 807520
	Bitmap Heap Scan on sbtest7  (cost=220.80..34939.89 rows=10182 width=121)
	  Recheck Cond: ((id >= 797521) AND (id <= 807520))
	  ->  Bitmap Index Scan on sbtest7_pkey  (cost=0.00..218.25 rows=10182 width=0)
	        Index Cond: ((id >= 797521) AND (id <= 807520))

table 8 : explain SELECT c FROM sbtest8 WHERE id BETWEEN 1475585 AND 1485584
	Bitmap Heap Scan on sbtest8  (cost=212.96..33778.81 rows=9807 width=121)
	  Recheck Cond: ((id >= 1475585) AND (id <= 1485584))
	  ->  Bitmap Index Scan on sbtest8_pkey  (cost=0.00..210.50 rows=9807 width=0)
	        Index Cond: ((id >= 1475585) AND (id <= 1485584))

for: order_ranges
table 1 : explain SELECT c FROM sbtest1 WHERE id BETWEEN 3461265 AND 3471264 ORDER BY c
	Sort  (cost=32134.28..32157.03 rows=9100 width=121)
	  Sort Key: c
	  ->  Bitmap Heap Scan on sbtest1  (cost=193.71..31535.88 rows=9100 width=121)
	        Recheck Cond: ((id >= 3461265) AND (id <= 3471264))
	        ->  Bitmap Index Scan on sbtest1_pkey  (cost=0.00..191.44 rows=9100 width=0)
	              Index Cond: ((id >= 3461265) AND (id <= 3471264))

table 2 : explain SELECT c FROM sbtest2 WHERE id BETWEEN 2616463 AND 2626462 ORDER BY c
	Sort  (cost=35330.39..35355.59 rows=10082 width=121)
	  Sort Key: c
	  ->  Bitmap Heap Scan on sbtest2  (cost=219.78..34659.96 rows=10082 width=121)
	        Recheck Cond: ((id >= 2616463) AND (id <= 2626462))
	        ->  Bitmap Index Scan on sbtest2_pkey  (cost=0.00..217.25 rows=10082 width=0)
	              Index Cond: ((id >= 2616463) AND (id <= 2626462))

table 3 : explain SELECT c FROM sbtest3 WHERE id BETWEEN 2766282 AND 2776281 ORDER BY c
	Sort  (cost=34516.07..34540.69 rows=9848 width=121)
	  Sort Key: c
	  ->  Bitmap Heap Scan on sbtest3  (cost=213.38..33862.88 rows=9848 width=121)
	        Recheck Cond: ((id >= 2766282) AND (id <= 2776281))
	        ->  Bitmap Index Scan on sbtest3_pkey  (cost=0.00..210.92 rows=9848 width=0)
	              Index Cond: ((id >= 2766282) AND (id <= 2776281))

table 4 : explain SELECT c FROM sbtest4 WHERE id BETWEEN 8393127 AND 8403126 ORDER BY c
	Sort  (cost=35138.43..35163.52 rows=10035 width=121)
	  Sort Key: c
	  ->  Bitmap Heap Scan on sbtest4  (cost=215.29..34471.47 rows=10035 width=121)
	        Recheck Cond: ((id >= 8393127) AND (id <= 8403126))
	        ->  Bitmap Index Scan on sbtest4_pkey  (cost=0.00..212.79 rows=10035 width=0)
	              Index Cond: ((id >= 8393127) AND (id <= 8403126))

table 5 : explain SELECT c FROM sbtest5 WHERE id BETWEEN 8339123 AND 8349122 ORDER BY c
	Sort  (cost=33171.24..33194.76 rows=9407 width=121)
	  Sort Key: c
	  ->  Bitmap Heap Scan on sbtest5  (cost=212.86..32550.40 rows=9407 width=121)
	        Recheck Cond: ((id >= 8339123) AND (id <= 8349122))
	        ->  Bitmap Index Scan on sbtest5_pkey  (cost=0.00..210.50 rows=9407 width=0)
	              Index Cond: ((id >= 8339123) AND (id <= 8349122))

table 6 : explain SELECT c FROM sbtest6 WHERE id BETWEEN 1059322 AND 1069321 ORDER BY c
	Sort  (cost=36038.60..36064.39 rows=10315 width=121)
	  Sort Key: c
	  ->  Bitmap Heap Scan on sbtest6  (cost=222.16..35350.98 rows=10315 width=121)
	        Recheck Cond: ((id >= 1059322) AND (id <= 1069321))
	        ->  Bitmap Index Scan on sbtest6_pkey  (cost=0.00..219.59 rows=10315 width=0)
	              Index Cond: ((id >= 1059322) AND (id <= 1069321))

table 7 : explain SELECT c FROM sbtest7 WHERE id BETWEEN 9249767 AND 9259766 ORDER BY c
	Sort  (cost=33217.28..33240.86 rows=9432 width=121)
	  Sort Key: c
	  ->  Bitmap Heap Scan on sbtest7  (cost=205.11..32594.61 rows=9432 width=121)
	        Recheck Cond: ((id >= 9249767) AND (id <= 9259766))
	        ->  Bitmap Index Scan on sbtest7_pkey  (cost=0.00..202.75 rows=9432 width=0)
	              Index Cond: ((id >= 9249767) AND (id <= 9259766))

table 8 : explain SELECT c FROM sbtest8 WHERE id BETWEEN 8126405 AND 8136404 ORDER BY c
	Sort  (cost=36970.02..36996.53 rows=10605 width=121)
	  Sort Key: c
	  ->  Bitmap Heap Scan on sbtest8  (cost=229.14..36260.94 rows=10605 width=121)
	        Recheck Cond: ((id >= 8126405) AND (id <= 8136404))
	        ->  Bitmap Index Scan on sbtest8_pkey  (cost=0.00..226.49 rows=10605 width=0)
	              Index Cond: ((id >= 8126405) AND (id <= 8136404))

for: order_ranges
table 1 : explain SELECT c FROM sbtest1 WHERE id BETWEEN 5067834 AND 5077833 ORDER BY c
	Sort  (cost=34520.70..34545.30 rows=9841 width=121)
	  Sort Key: c
	  ->  Bitmap Heap Scan on sbtest1  (cost=209.31..33868.02 rows=9841 width=121)
	        Recheck Cond: ((id >= 5067834) AND (id <= 5077833))
	        ->  Bitmap Index Scan on sbtest1_pkey  (cost=0.00..206.84 rows=9841 width=0)
	              Index Cond: ((id >= 5067834) AND (id <= 5077833))

table 2 : explain SELECT c FROM sbtest2 WHERE id BETWEEN 1026552 AND 1036551 ORDER BY c
	Sort  (cost=34120.24..34144.50 rows=9704 width=121)
	  Sort Key: c
	  ->  Bitmap Heap Scan on sbtest2  (cost=211.90..33477.62 rows=9704 width=121)
	        Recheck Cond: ((id >= 1026552) AND (id <= 1036551))
	        ->  Bitmap Index Scan on sbtest2_pkey  (cost=0.00..209.48 rows=9704 width=0)
	              Index Cond: ((id >= 1026552) AND (id <= 1036551))

table 3 : explain SELECT c FROM sbtest3 WHERE id BETWEEN 2929140 AND 2939139 ORDER BY c
	Sort  (cost=32238.66..32261.51 rows=9139 width=121)
	  Sort Key: c
	  ->  Bitmap Heap Scan on sbtest3  (cost=198.11..31637.41 rows=9139 width=121)
	        Recheck Cond: ((id >= 2929140) AND (id <= 2939139))
	        ->  Bitmap Index Scan on sbtest3_pkey  (cost=0.00..195.82 rows=9139 width=0)
	              Index Cond: ((id >= 2929140) AND (id <= 2939139))

table 4 : explain SELECT c FROM sbtest4 WHERE id BETWEEN 9988750 AND 9998749 ORDER BY c
	Sort  (cost=32992.90..33016.31 rows=9366 width=121)
	  Sort Key: c
	  ->  Bitmap Heap Scan on sbtest4  (cost=200.44..32375.06 rows=9366 width=121)
	        Recheck Cond: ((id >= 9988750) AND (id <= 9998749))
	        ->  Bitmap Index Scan on sbtest4_pkey  (cost=0.00..198.09 rows=9366 width=0)
	              Index Cond: ((id >= 9988750) AND (id <= 9998749))

table 5 : explain SELECT c FROM sbtest5 WHERE id BETWEEN 6731721 AND 6741720 ORDER BY c
	Sort  (cost=33740.81..33764.78 rows=9585 width=121)
	  Sort Key: c
	  ->  Bitmap Heap Scan on sbtest5  (cost=214.68..33106.93 rows=9585 width=121)
	        Recheck Cond: ((id >= 6731721) AND (id <= 6741720))
	        ->  Bitmap Index Scan on sbtest5_pkey  (cost=0.00..212.29 rows=9585 width=0)
	              Index Cond: ((id >= 6731721) AND (id <= 6741720))

table 6 : explain SELECT c FROM sbtest6 WHERE id BETWEEN 6653261 AND 6663260 ORDER BY c
	Sort  (cost=35441.68..35467.00 rows=10126 width=121)
	  Sort Key: c
	  ->  Bitmap Heap Scan on sbtest6  (cost=220.23..34768.01 rows=10126 width=121)
	        Recheck Cond: ((id >= 6653261) AND (id <= 6663260))
	        ->  Bitmap Index Scan on sbtest6_pkey  (cost=0.00..217.69 rows=10126 width=0)
	              Index Cond: ((id >= 6653261) AND (id <= 6663260))

table 7 : explain SELECT c FROM sbtest7 WHERE id BETWEEN 1378818 AND 1388817 ORDER BY c
	Sort  (cost=33604.32..33628.20 rows=9553 width=121)
	  Sort Key: c
	  ->  Bitmap Heap Scan on sbtest7  (cost=206.35..32972.78 rows=9553 width=121)
	        Recheck Cond: ((id >= 1378818) AND (id <= 1388817))
	        ->  Bitmap Index Scan on sbtest7_pkey  (cost=0.00..203.97 rows=9553 width=0)
	              Index Cond: ((id >= 1378818) AND (id <= 1388817))

table 8 : explain SELECT c FROM sbtest8 WHERE id BETWEEN 1686859 AND 1696858 ORDER BY c
	Sort  (cost=32495.37..32518.38 rows=9206 width=121)
	  Sort Key: c
	  ->  Bitmap Heap Scan on sbtest8  (cost=198.80..31889.23 rows=9206 width=121)
	        Recheck Cond: ((id >= 1686859) AND (id <= 1696858))
	        ->  Bitmap Index Scan on sbtest8_pkey  (cost=0.00..196.50 rows=9206 width=0)
	              Index Cond: ((id >= 1686859) AND (id <= 1696858))

for point_selects
table 1 : explain SELECT c FROM sbtest1 WHERE id=442274
	Index Scan using sbtest1_pkey on sbtest1  (cost=0.43..8.45 rows=1 width=121)
	  Index Cond: (id = 442274)

table 2 : explain SELECT c FROM sbtest2 WHERE id=7659615
	Index Scan using sbtest2_pkey on sbtest2  (cost=0.43..8.45 rows=1 width=121)
	  Index Cond: (id = 7659615)

table 3 : explain SELECT c FROM sbtest3 WHERE id=1461026
	Index Scan using sbtest3_pkey on sbtest3  (cost=0.43..8.45 rows=1 width=121)
	  Index Cond: (id = 1461026)

table 4 : explain SELECT c FROM sbtest4 WHERE id=854769
	Index Scan using sbtest4_pkey on sbtest4  (cost=0.43..8.45 rows=1 width=121)
	  Index Cond: (id = 854769)

table 5 : explain SELECT c FROM sbtest5 WHERE id=8456288
	Index Scan using sbtest5_pkey on sbtest5  (cost=0.43..8.45 rows=1 width=121)
	  Index Cond: (id = 8456288)

table 6 : explain SELECT c FROM sbtest6 WHERE id=9283085
	Index Scan using sbtest6_pkey on sbtest6  (cost=0.43..8.45 rows=1 width=121)
	  Index Cond: (id = 9283085)

table 7 : explain SELECT c FROM sbtest7 WHERE id=6052782
	Index Scan using sbtest7_pkey on sbtest7  (cost=0.43..8.45 rows=1 width=121)
	  Index Cond: (id = 6052782)

table 8 : explain SELECT c FROM sbtest8 WHERE id=8596487
	Index Scan using sbtest8_pkey on sbtest8  (cost=0.43..8.45 rows=1 width=121)
	  Index Cond: (id = 8596487)

for: order_ranges
table 1 : explain SELECT c FROM sbtest1 WHERE id BETWEEN 1728166 AND 1738165 ORDER BY c
	Sort  (cost=31755.13..31777.58 rows=8982 width=121)
	  Sort Key: c
	  ->  Bitmap Heap Scan on sbtest1  (cost=192.50..31165.33 rows=8982 width=121)
	        Recheck Cond: ((id >= 1728166) AND (id <= 1738165))
	        ->  Bitmap Index Scan on sbtest1_pkey  (cost=0.00..190.25 rows=8982 width=0)
	              Index Cond: ((id >= 1728166) AND (id <= 1738165))

table 2 : explain SELECT c FROM sbtest2 WHERE id BETWEEN 5151478 AND 5161477 ORDER BY c
	Sort  (cost=30955.16..30976.97 rows=8726 width=121)
	  Sort Key: c
	  ->  Bitmap Heap Scan on sbtest2  (cost=189.88..30383.99 rows=8726 width=121)
	        Recheck Cond: ((id >= 5151478) AND (id <= 5161477))
	        ->  Bitmap Index Scan on sbtest2_pkey  (cost=0.00..187.69 rows=8726 width=0)
	              Index Cond: ((id >= 5151478) AND (id <= 5161477))

table 3 : explain SELECT c FROM sbtest3 WHERE id BETWEEN 2530340 AND 2540339 ORDER BY c
	Sort  (cost=34222.46..34246.85 rows=9757 width=121)
	  Sort Key: c
	  ->  Bitmap Heap Scan on sbtest3  (cost=208.44..33575.95 rows=9757 width=121)
	        Recheck Cond: ((id >= 2530340) AND (id <= 2540339))
	        ->  Bitmap Index Scan on sbtest3_pkey  (cost=0.00..206.00 rows=9757 width=0)
	              Index Cond: ((id >= 2530340) AND (id <= 2540339))

table 4 : explain SELECT c FROM sbtest4 WHERE id BETWEEN 6289583 AND 6299582 ORDER BY c
	Sort  (cost=34057.89..34082.14 rows=9697 width=121)
	  Sort Key: c
	  ->  Bitmap Heap Scan on sbtest4  (cost=207.83..33415.79 rows=9697 width=121)
	        Recheck Cond: ((id >= 6289583) AND (id <= 6299582))
	        ->  Bitmap Index Scan on sbtest4_pkey  (cost=0.00..205.41 rows=9697 width=0)
	              Index Cond: ((id >= 6289583) AND (id <= 6299582))

table 5 : explain SELECT c FROM sbtest5 WHERE id BETWEEN 9694610 AND 9704609 ORDER BY c
	Sort  (cost=35499.40..35524.73 rows=10133 width=121)
	  Sort Key: c
	  ->  Bitmap Heap Scan on sbtest5  (cost=228.30..34825.21 rows=10133 width=121)
	        Recheck Cond: ((id >= 9694610) AND (id <= 9704609))
	        ->  Bitmap Index Scan on sbtest5_pkey  (cost=0.00..225.76 rows=10133 width=0)
	              Index Cond: ((id >= 9694610) AND (id <= 9704609))

table 6 : explain SELECT c FROM sbtest6 WHERE id BETWEEN 2347677 AND 2357676 ORDER BY c
	Sort  (cost=34869.21..34894.08 rows=9948 width=121)
	  Sort Key: c
	  ->  Bitmap Heap Scan on sbtest6  (cost=214.40..34208.65 rows=9948 width=121)
	        Recheck Cond: ((id >= 2347677) AND (id <= 2357676))
	        ->  Bitmap Index Scan on sbtest6_pkey  (cost=0.00..211.92 rows=9948 width=0)
	              Index Cond: ((id >= 2347677) AND (id <= 2357676))

table 7 : explain SELECT c FROM sbtest7 WHERE id BETWEEN 8912599 AND 8922598 ORDER BY c
	Sort  (cost=39460.66..39489.16 rows=11401 width=121)
	  Sort Key: c
	  ->  Bitmap Heap Scan on sbtest7  (cost=245.30..38692.41 rows=11401 width=121)
	        Recheck Cond: ((id >= 8912599) AND (id <= 8922598))
	        ->  Bitmap Index Scan on sbtest7_pkey  (cost=0.00..242.44 rows=11401 width=0)
	              Index Cond: ((id >= 8912599) AND (id <= 8922598))

table 8 : explain SELECT c FROM sbtest8 WHERE id BETWEEN 3001727 AND 3011726 ORDER BY c
	Sort  (cost=38374.80..38402.42 rows=11051 width=121)
	  Sort Key: c
	  ->  Bitmap Heap Scan on sbtest8  (cost=237.71..37632.62 rows=11051 width=121)
	        Recheck Cond: ((id >= 3001727) AND (id <= 3011726))
	        ->  Bitmap Index Scan on sbtest8_pkey  (cost=0.00..234.94 rows=11051 width=0)
	              Index Cond: ((id >= 3001727) AND (id <= 3011726))

for: distinct_ranges
table 1 : explain SELECT DISTINCT c FROM sbtest1 WHERE id BETWEEN 1235527 AND 1245526 ORDER BY c
	Unique  (cost=35645.41..35696.38 rows=10194 width=121)
	  ->  Sort  (cost=35645.41..35670.90 rows=10194 width=121)
	        Sort Key: c
	        ->  Bitmap Heap Scan on sbtest1  (cost=216.92..34966.72 rows=10194 width=121)
	              Recheck Cond: ((id >= 1235527) AND (id <= 1245526))
	              ->  Bitmap Index Scan on sbtest1_pkey  (cost=0.00..214.38 rows=10194 width=0)
	                    Index Cond: ((id >= 1235527) AND (id <= 1245526))

table 2 : explain SELECT DISTINCT c FROM sbtest2 WHERE id BETWEEN 8419111 AND 8429110 ORDER BY c
	Unique  (cost=34460.28..34509.34 rows=9811 width=121)
	  ->  Sort  (cost=34460.28..34484.81 rows=9811 width=121)
	        Sort Key: c
	        ->  Bitmap Heap Scan on sbtest2  (cost=213.00..33809.81 rows=9811 width=121)
	              Recheck Cond: ((id >= 8419111) AND (id <= 8429110))
	              ->  Bitmap Index Scan on sbtest2_pkey  (cost=0.00..210.55 rows=9811 width=0)
	                    Index Cond: ((id >= 8419111) AND (id <= 8429110))

table 3 : explain SELECT DISTINCT c FROM sbtest3 WHERE id BETWEEN 2801358 AND 2811357 ORDER BY c
	Unique  (cost=34516.07..34565.31 rows=9848 width=121)
	  ->  Sort  (cost=34516.07..34540.69 rows=9848 width=121)
	        Sort Key: c
	        ->  Bitmap Heap Scan on sbtest3  (cost=213.38..33862.88 rows=9848 width=121)
	              Recheck Cond: ((id >= 2801358) AND (id <= 2811357))
	              ->  Bitmap Index Scan on sbtest3_pkey  (cost=0.00..210.92 rows=9848 width=0)
	                    Index Cond: ((id >= 2801358) AND (id <= 2811357))

table 4 : explain SELECT DISTINCT c FROM sbtest4 WHERE id BETWEEN 9711977 AND 9721976 ORDER BY c
	Unique  (cost=34901.71..34951.51 rows=9960 width=121)
	  ->  Sort  (cost=34901.71..34926.61 rows=9960 width=121)
	        Sort Key: c
	        ->  Bitmap Heap Scan on sbtest4  (cost=214.53..34240.27 rows=9960 width=121)
	              Recheck Cond: ((id >= 9711977) AND (id <= 9721976))
	              ->  Bitmap Index Scan on sbtest4_pkey  (cost=0.00..212.04 rows=9960 width=0)
	                    Index Cond: ((id >= 9711977) AND (id <= 9721976))

table 5 : explain SELECT DISTINCT c FROM sbtest5 WHERE id BETWEEN 7619625 AND 7629624 ORDER BY c
	Unique  (cost=33485.95..33533.48 rows=9505 width=121)
	  ->  Sort  (cost=33485.95..33509.71 rows=9505 width=121)
	        Sort Key: c
	        ->  Bitmap Heap Scan on sbtest5  (cost=213.86..32857.93 rows=9505 width=121)
	              Recheck Cond: ((id >= 7619625) AND (id <= 7629624))
	              ->  Bitmap Index Scan on sbtest5_pkey  (cost=0.00..211.49 rows=9505 width=0)
	                    Index Cond: ((id >= 7619625) AND (id <= 7629624))

table 6 : explain SELECT DISTINCT c FROM sbtest6 WHERE id BETWEEN 2190003 AND 2200002 ORDER BY c
	Unique  (cost=36110.58..36162.27 rows=10337 width=121)
	  ->  Sort  (cost=36110.58..36136.42 rows=10337 width=121)
	        Sort Key: c
	        ->  Bitmap Heap Scan on sbtest6  (cost=222.39..35421.33 rows=10337 width=121)
	              Recheck Cond: ((id >= 2190003) AND (id <= 2200002))
	              ->  Bitmap Index Scan on sbtest6_pkey  (cost=0.00..219.81 rows=10337 width=0)
	                    Index Cond: ((id >= 2190003) AND (id <= 2200002))

table 7 : explain SELECT DISTINCT c FROM sbtest7 WHERE id BETWEEN 3519112 AND 3529111 ORDER BY c
	Unique  (cost=35798.08..35849.27 rows=10239 width=121)
	  ->  Sort  (cost=35798.08..35823.67 rows=10239 width=121)
	        Sort Key: c
	        ->  Bitmap Heap Scan on sbtest7  (cost=221.38..35116.07 rows=10239 width=121)
	              Recheck Cond: ((id >= 3519112) AND (id <= 3529111))
	              ->  Bitmap Index Scan on sbtest7_pkey  (cost=0.00..218.82 rows=10239 width=0)
	                    Index Cond: ((id >= 3519112) AND (id <= 3529111))

table 8 : explain SELECT DISTINCT c FROM sbtest8 WHERE id BETWEEN 5839015 AND 5849014 ORDER BY c
	Unique  (cost=34725.44..34774.93 rows=9899 width=121)
	  ->  Sort  (cost=34725.44..34750.18 rows=9899 width=121)
	        Sort Key: c
	        ->  Bitmap Heap Scan on sbtest8  (cost=213.90..34068.49 rows=9899 width=121)
	              Recheck Cond: ((id >= 5839015) AND (id <= 5849014))
	              ->  Bitmap Index Scan on sbtest8_pkey  (cost=0.00..211.43 rows=9899 width=0)
	                    Index Cond: ((id >= 5839015) AND (id <= 5849014))

for: sum_ranges
table 1 : explain SELECT SUM(k) FROM sbtest1 WHERE id BETWEEN 9086665 AND 9096664
	Aggregate  (cost=35444.63..35444.64 rows=1 width=8)
	  ->  Bitmap Heap Scan on sbtest1  (cost=222.41..35418.78 rows=10339 width=4)
	        Recheck Cond: ((id >= 9086665) AND (id <= 9096664))
	        ->  Bitmap Index Scan on sbtest1_pkey  (cost=0.00..219.82 rows=10339 width=0)
	              Index Cond: ((id >= 9086665) AND (id <= 9096664))

table 2 : explain SELECT SUM(k) FROM sbtest2 WHERE id BETWEEN 4333454 AND 4343453
	Aggregate  (cost=32196.17..32196.18 rows=1 width=8)
	  ->  Bitmap Heap Scan on sbtest2  (cost=203.66..32172.95 rows=9290 width=4)
	        Recheck Cond: ((id >= 4333454) AND (id <= 4343453))
	        ->  Bitmap Index Scan on sbtest2_pkey  (cost=0.00..201.34 rows=9290 width=0)
	              Index Cond: ((id >= 4333454) AND (id <= 4343453))

table 3 : explain SELECT SUM(k) FROM sbtest3 WHERE id BETWEEN 3630726 AND 3640725
	Aggregate  (cost=34083.58..34083.59 rows=1 width=8)
	  ->  Bitmap Heap Scan on sbtest3  (cost=214.02..34058.80 rows=9911 width=4)
	        Recheck Cond: ((id >= 3630726) AND (id <= 3640725))
	        ->  Bitmap Index Scan on sbtest3_pkey  (cost=0.00..211.55 rows=9911 width=0)
	              Index Cond: ((id >= 3630726) AND (id <= 3640725))

table 4 : explain SELECT SUM(k) FROM sbtest4 WHERE id BETWEEN 2872702 AND 2882701
	Aggregate  (cost=32612.16..32612.17 rows=1 width=8)
	  ->  Bitmap Heap Scan on sbtest4  (cost=201.13..32588.57 rows=9434 width=4)
	        Recheck Cond: ((id >= 2872702) AND (id <= 2882701))
	        ->  Bitmap Index Scan on sbtest4_pkey  (cost=0.00..198.78 rows=9434 width=0)
	              Index Cond: ((id >= 2872702) AND (id <= 2882701))

table 5 : explain SELECT SUM(k) FROM sbtest5 WHERE id BETWEEN 6210328 AND 6220327
	Aggregate  (cost=32457.19..32457.20 rows=1 width=8)
	  ->  Bitmap Heap Scan on sbtest5  (cost=212.48..32433.77 rows=9370 width=4)
	        Recheck Cond: ((id >= 6210328) AND (id <= 6220327))
	        ->  Bitmap Index Scan on sbtest5_pkey  (cost=0.00..210.13 rows=9370 width=0)
	              Index Cond: ((id >= 6210328) AND (id <= 6220327))

table 6 : explain SELECT SUM(k) FROM sbtest6 WHERE id BETWEEN 7540274 AND 7550273
	Aggregate  (cost=36125.70..36125.71 rows=1 width=8)
	  ->  Bitmap Heap Scan on sbtest6  (cost=228.63..36099.31 rows=10556 width=4)
	        Recheck Cond: ((id >= 7540274) AND (id <= 7550273))
	        ->  Bitmap Index Scan on sbtest6_pkey  (cost=0.00..226.00 rows=10556 width=0)
	              Index Cond: ((id >= 7540274) AND (id <= 7550273))

table 7 : explain SELECT SUM(k) FROM sbtest7 WHERE id BETWEEN 5097993 AND 5107992
	Aggregate  (cost=35324.27..35324.28 rows=1 width=8)
	  ->  Bitmap Heap Scan on sbtest7  (cost=221.99..35298.52 rows=10298 width=4)
	        Recheck Cond: ((id >= 5097993) AND (id <= 5107992))
	        ->  Bitmap Index Scan on sbtest7_pkey  (cost=0.00..219.42 rows=10298 width=0)
	              Index Cond: ((id >= 5097993) AND (id <= 5107992))

table 8 : explain SELECT SUM(k) FROM sbtest8 WHERE id BETWEEN 6322959 AND 6332958
	Aggregate  (cost=36233.18..36233.19 rows=1 width=8)
	  ->  Bitmap Heap Scan on sbtest8  (cost=228.95..36206.71 rows=10587 width=4)
	        Recheck Cond: ((id >= 6322959) AND (id <= 6332958))
	        ->  Bitmap Index Scan on sbtest8_pkey  (cost=0.00..226.31 rows=10587 width=0)
	              Index Cond: ((id >= 6322959) AND (id <= 6332958))

explain: for point_selects :: explain SELECT c FROM sbtest%u WHERE id=%u
for: distinct_ranges
table 1 : explain SELECT DISTINCT c FROM sbtest1 WHERE id BETWEEN 4446080 AND 4456079 ORDER BY c
	Unique  (cost=34072.48..34120.99 rows=9701 width=121)
	  ->  Sort  (cost=34072.48..34096.74 rows=9701 width=121)
	        Sort Key: c
	        ->  Bitmap Heap Scan on sbtest1  (cost=207.87..33430.09 rows=9701 width=121)
	              Recheck Cond: ((id >= 4446080) AND (id <= 4456079))
	              ->  Bitmap Index Scan on sbtest1_pkey  (cost=0.00..205.44 rows=9701 width=0)
	                    Index Cond: ((id >= 4446080) AND (id <= 4456079))

table 2 : explain SELECT DISTINCT c FROM sbtest2 WHERE id BETWEEN 8589715 AND 8599714 ORDER BY c
	Unique  (cost=34631.79..34681.12 rows=9865 width=121)
	  ->  Sort  (cost=34631.79..34656.46 rows=9865 width=121)
	        Sort Key: c
	        ->  Bitmap Heap Scan on sbtest2  (cost=213.55..33977.34 rows=9865 width=121)
	              Recheck Cond: ((id >= 8589715) AND (id <= 8599714))
	              ->  Bitmap Index Scan on sbtest2_pkey  (cost=0.00..211.09 rows=9865 width=0)
	                    Index Cond: ((id >= 8589715) AND (id <= 8599714))

table 3 : explain SELECT DISTINCT c FROM sbtest3 WHERE id BETWEEN 6751095 AND 6761094 ORDER BY c
	Unique  (cost=32716.03..32762.47 rows=9288 width=121)
	  ->  Sort  (cost=32716.03..32739.25 rows=9288 width=121)
	        Sort Key: c
	        ->  Bitmap Heap Scan on sbtest3  (cost=199.64..32103.89 rows=9288 width=121)
	              Recheck Cond: ((id >= 6751095) AND (id <= 6761094))
	              ->  Bitmap Index Scan on sbtest3_pkey  (cost=0.00..197.31 rows=9288 width=0)
	                    Index Cond: ((id >= 6751095) AND (id <= 6761094))

table 4 : explain SELECT DISTINCT c FROM sbtest4 WHERE id BETWEEN 4106980 AND 4116979 ORDER BY c
	Unique  (cost=37794.60..37848.96 rows=10873 width=121)
	  ->  Sort  (cost=37794.60..37821.78 rows=10873 width=121)
	        Sort Key: c
	        ->  Bitmap Heap Scan on sbtest4  (cost=231.88..37065.65 rows=10873 width=121)
	              Recheck Cond: ((id >= 4106980) AND (id <= 4116979))
	              ->  Bitmap Index Scan on sbtest4_pkey  (cost=0.00..229.17 rows=10873 width=0)
	                    Index Cond: ((id >= 4106980) AND (id <= 4116979))

table 5 : explain SELECT DISTINCT c FROM sbtest5 WHERE id BETWEEN 931369 AND 941368 ORDER BY c
	Unique  (cost=35427.07..35477.62 rows=10110 width=121)
	  ->  Sort  (cost=35427.07..35452.35 rows=10110 width=121)
	        Sort Key: c
	        ->  Bitmap Heap Scan on sbtest5  (cost=228.06..34754.58 rows=10110 width=121)
	              Recheck Cond: ((id >= 931369) AND (id <= 941368))
	              ->  Bitmap Index Scan on sbtest5_pkey  (cost=0.00..225.54 rows=10110 width=0)
	                    Index Cond: ((id >= 931369) AND (id <= 941368))

table 6 : explain SELECT DISTINCT c FROM sbtest6 WHERE id BETWEEN 4769153 AND 4779152 ORDER BY c
	Unique  (cost=33387.20..33434.62 rows=9485 width=121)
	  ->  Sort  (cost=33387.20..33410.91 rows=9485 width=121)
	        Sort Key: c
	        ->  Bitmap Heap Scan on sbtest6  (cost=205.66..32760.64 rows=9485 width=121)
	              Recheck Cond: ((id >= 4769153) AND (id <= 4779152))
	              ->  Bitmap Index Scan on sbtest6_pkey  (cost=0.00..203.29 rows=9485 width=0)
	                    Index Cond: ((id >= 4769153) AND (id <= 4779152))

table 7 : explain SELECT DISTINCT c FROM sbtest7 WHERE id BETWEEN 3453389 AND 3463388 ORDER BY c
	Unique  (cost=38305.89..38361.05 rows=11033 width=121)
	  ->  Sort  (cost=38305.89..38333.47 rows=11033 width=121)
	        Sort Key: c
	        ->  Bitmap Heap Scan on sbtest7  (cost=237.52..37565.05 rows=11033 width=121)
	              Recheck Cond: ((id >= 3453389) AND (id <= 3463388))
	              ->  Bitmap Index Scan on sbtest7_pkey  (cost=0.00..234.76 rows=11033 width=0)
	                    Index Cond: ((id >= 3453389) AND (id <= 3463388))

table 8 : explain SELECT DISTINCT c FROM sbtest8 WHERE id BETWEEN 2445162 AND 2455161 ORDER BY c
	Unique  (cost=40196.39..40254.55 rows=11632 width=121)
	  ->  Sort  (cost=40196.39..40225.47 rows=11632 width=121)
	        Sort Key: c
	        ->  Bitmap Heap Scan on sbtest8  (cost=251.66..39410.90 rows=11632 width=121)
	              Recheck Cond: ((id >= 2445162) AND (id <= 2455161))
	              ->  Bitmap Index Scan on sbtest8_pkey  (cost=0.00..248.75 rows=11632 width=0)
	                    Index Cond: ((id >= 2445162) AND (id <= 2455161))

for: distinct_ranges
table 1 : explain SELECT DISTINCT c FROM sbtest1 WHERE id BETWEEN 7418623 AND 7428622 ORDER BY c
	Unique  (cost=34870.32..34920.07 rows=9950 width=121)
	  ->  Sort  (cost=34870.32..34895.20 rows=9950 width=121)
	        Sort Key: c
	        ->  Bitmap Heap Scan on sbtest1  (cost=214.42..34209.62 rows=9950 width=121)
	              Recheck Cond: ((id >= 7418623) AND (id <= 7428622))
	              ->  Bitmap Index Scan on sbtest1_pkey  (cost=0.00..211.94 rows=9950 width=0)
	                    Index Cond: ((id >= 7418623) AND (id <= 7428622))

table 2 : explain SELECT DISTINCT c FROM sbtest2 WHERE id BETWEEN 6497740 AND 6507739 ORDER BY c
	Unique  (cost=36273.20..36325.09 rows=10378 width=121)
	  ->  Sort  (cost=36273.20..36299.14 rows=10378 width=121)
	        Sort Key: c
	        ->  Bitmap Heap Scan on sbtest2  (cost=226.81..35580.92 rows=10378 width=121)
	              Recheck Cond: ((id >= 6497740) AND (id <= 6507739))
	              ->  Bitmap Index Scan on sbtest2_pkey  (cost=0.00..224.22 rows=10378 width=0)
	                    Index Cond: ((id >= 6497740) AND (id <= 6507739))

table 3 : explain SELECT DISTINCT c FROM sbtest3 WHERE id BETWEEN 6877594 AND 6887593 ORDER BY c
	Unique  (cost=33817.14..33865.29 rows=9630 width=121)
	  ->  Sort  (cost=33817.14..33841.21 rows=9630 width=121)
	        Sort Key: c
	        ->  Bitmap Heap Scan on sbtest3  (cost=207.14..33179.96 rows=9630 width=121)
	              Recheck Cond: ((id >= 6877594) AND (id <= 6887593))
	              ->  Bitmap Index Scan on sbtest3_pkey  (cost=0.00..204.74 rows=9630 width=0)
	                    Index Cond: ((id >= 6877594) AND (id <= 6887593))

table 4 : explain SELECT DISTINCT c FROM sbtest4 WHERE id BETWEEN 4468838 AND 4478837 ORDER BY c
	Unique  (cost=34183.19..34231.87 rows=9736 width=121)
	  ->  Sort  (cost=34183.19..34207.53 rows=9736 width=121)
	        Sort Key: c
	        ->  Bitmap Heap Scan on sbtest4  (cost=208.23..33538.23 rows=9736 width=121)
	              Recheck Cond: ((id >= 4468838) AND (id <= 4478837))
	              ->  Bitmap Index Scan on sbtest4_pkey  (cost=0.00..205.80 rows=9736 width=0)
	                    Index Cond: ((id >= 4468838) AND (id <= 4478837))

table 5 : explain SELECT DISTINCT c FROM sbtest5 WHERE id BETWEEN 331647 AND 341646 ORDER BY c
	Unique  (cost=34438.54..34487.55 rows=9802 width=121)
	  ->  Sort  (cost=34438.54..34463.04 rows=9802 width=121)
	        Sort Key: c
	        ->  Bitmap Heap Scan on sbtest5  (cost=220.91..33788.72 rows=9802 width=121)
	              Recheck Cond: ((id >= 331647) AND (id <= 341646))
	              ->  Bitmap Index Scan on sbtest5_pkey  (cost=0.00..218.45 rows=9802 width=0)
	                    Index Cond: ((id >= 331647) AND (id <= 341646))

table 6 : explain SELECT DISTINCT c FROM sbtest6 WHERE id BETWEEN 8807710 AND 8817709 ORDER BY c
	Unique  (cost=36018.87..36070.41 rows=10308 width=121)
	  ->  Sort  (cost=36018.87..36044.64 rows=10308 width=121)
	        Sort Key: c
	        ->  Bitmap Heap Scan on sbtest6  (cost=222.09..35331.76 rows=10308 width=121)
	              Recheck Cond: ((id >= 8807710) AND (id <= 8817709))
	              ->  Bitmap Index Scan on sbtest6_pkey  (cost=0.00..219.51 rows=10308 width=0)
	                    Index Cond: ((id >= 8807710) AND (id <= 8817709))

table 7 : explain SELECT DISTINCT c FROM sbtest7 WHERE id BETWEEN 3243712 AND 3253711 ORDER BY c
	Unique  (cost=32367.83..32413.68 rows=9169 width=121)
	  ->  Sort  (cost=32367.83..32390.75 rows=9169 width=121)
	        Sort Key: c
	        ->  Bitmap Heap Scan on sbtest7  (cost=198.42..31764.39 rows=9169 width=121)
	              Recheck Cond: ((id >= 3243712) AND (id <= 3253711))
	              ->  Bitmap Index Scan on sbtest7_pkey  (cost=0.00..196.12 rows=9169 width=0)
	                    Index Cond: ((id >= 3243712) AND (id <= 3253711))

table 8 : explain SELECT DISTINCT c FROM sbtest8 WHERE id BETWEEN 8402729 AND 8412728 ORDER BY c
	Unique  (cost=36131.93..36183.64 rows=10341 width=121)
	  ->  Sort  (cost=36131.93..36157.79 rows=10341 width=121)
	        Sort Key: c
	        ->  Bitmap Heap Scan on sbtest8  (cost=222.43..35442.39 rows=10341 width=121)
	              Recheck Cond: ((id >= 8402729) AND (id <= 8412728))
	              ->  Bitmap Index Scan on sbtest8_pkey  (cost=0.00..219.84 rows=10341 width=0)
	                    Index Cond: ((id >= 8402729) AND (id <= 8412728))

for: simple_ranges
table 1 : explain SELECT c FROM sbtest1 WHERE id BETWEEN 8200815 AND 8210814
	Bitmap Heap Scan on sbtest1  (cost=221.61..35178.84 rows=10261 width=121)
	  Recheck Cond: ((id >= 8200815) AND (id <= 8210814))
	  ->  Bitmap Index Scan on sbtest1_pkey  (cost=0.00..219.05 rows=10261 width=0)
	        Index Cond: ((id >= 8200815) AND (id <= 8210814))

table 2 : explain SELECT c FROM sbtest2 WHERE id BETWEEN 665704 AND 675703
	Bitmap Heap Scan on sbtest2  (cost=212.05..33522.81 rows=9719 width=121)
	  Recheck Cond: ((id >= 665704) AND (id <= 675703))
	  ->  Bitmap Index Scan on sbtest2_pkey  (cost=0.00..209.62 rows=9719 width=0)
	        Index Cond: ((id >= 665704) AND (id <= 675703))

table 3 : explain SELECT c FROM sbtest3 WHERE id BETWEEN 9923877 AND 9933876
	Bitmap Heap Scan on sbtest3  (cost=207.40..33257.28 rows=9655 width=121)
	  Recheck Cond: ((id >= 9923877) AND (id <= 9933876))
	  ->  Bitmap Index Scan on sbtest3_pkey  (cost=0.00..204.99 rows=9655 width=0)
	        Index Cond: ((id >= 9923877) AND (id <= 9933876))

table 4 : explain SELECT c FROM sbtest4 WHERE id BETWEEN 5413212 AND 5423211
	Bitmap Heap Scan on sbtest4  (cost=215.94..34667.16 rows=10098 width=121)
	  Recheck Cond: ((id >= 5413212) AND (id <= 5423211))
	  ->  Bitmap Index Scan on sbtest4_pkey  (cost=0.00..213.42 rows=10098 width=0)
	        Index Cond: ((id >= 5413212) AND (id <= 5423211))

table 5 : explain SELECT c FROM sbtest5 WHERE id BETWEEN 1315306 AND 1325305
	Bitmap Heap Scan on sbtest5  (cost=199.63..30933.76 rows=8897 width=121)
	  Recheck Cond: ((id >= 1315306) AND (id <= 1325305))
	  ->  Bitmap Index Scan on sbtest5_pkey  (cost=0.00..197.41 rows=8897 width=0)
	        Index Cond: ((id >= 1315306) AND (id <= 1325305))

table 6 : explain SELECT c FROM sbtest6 WHERE id BETWEEN 8437774 AND 8447773
	Bitmap Heap Scan on sbtest6  (cost=198.22..31703.79 rows=9150 width=121)
	  Recheck Cond: ((id >= 8437774) AND (id <= 8447773))
	  ->  Bitmap Index Scan on sbtest6_pkey  (cost=0.00..195.94 rows=9150 width=0)
	        Index Cond: ((id >= 8437774) AND (id <= 8447773))

table 7 : explain SELECT c FROM sbtest7 WHERE id BETWEEN 6133877 AND 6143876
	Bitmap Heap Scan on sbtest7  (cost=207.04..33182.62 rows=9620 width=121)
	  Recheck Cond: ((id >= 6133877) AND (id <= 6143876))
	  ->  Bitmap Index Scan on sbtest7_pkey  (cost=0.00..204.63 rows=9620 width=0)
	        Index Cond: ((id >= 6133877) AND (id <= 6143876))

table 8 : explain SELECT c FROM sbtest8 WHERE id BETWEEN 4648217 AND 4658216
	Bitmap Heap Scan on sbtest8  (cost=214.85..34357.84 rows=9992 width=121)
	  Recheck Cond: ((id >= 4648217) AND (id <= 4658216))
	  ->  Bitmap Index Scan on sbtest8_pkey  (cost=0.00..212.36 rows=9992 width=0)
	        Index Cond: ((id >= 4648217) AND (id <= 4658216))

for: distinct_ranges
table 1 : explain SELECT DISTINCT c FROM sbtest1 WHERE id BETWEEN 7200882 AND 7210881 ORDER BY c
	Unique  (cost=34616.90..34666.25 rows=9870 width=121)
	  ->  Sort  (cost=34616.90..34641.58 rows=9870 width=121)
	        Sort Key: c
	        ->  Bitmap Heap Scan on sbtest1  (cost=213.60..33962.09 rows=9870 width=121)
	              Recheck Cond: ((id >= 7200882) AND (id <= 7210881))
	              ->  Bitmap Index Scan on sbtest1_pkey  (cost=0.00..211.13 rows=9870 width=0)
	                    Index Cond: ((id >= 7200882) AND (id <= 7210881))

table 2 : explain SELECT DISTINCT c FROM sbtest2 WHERE id BETWEEN 8985816 AND 8995815 ORDER BY c
	Unique  (cost=34067.44..34115.88 rows=9688 width=121)
	  ->  Sort  (cost=34067.44..34091.66 rows=9688 width=121)
	        Sort Key: c
	        ->  Bitmap Heap Scan on sbtest2  (cost=211.74..33425.99 rows=9688 width=121)
	              Recheck Cond: ((id >= 8985816) AND (id <= 8995815))
	              ->  Bitmap Index Scan on sbtest2_pkey  (cost=0.00..209.31 rows=9688 width=0)
	                    Index Cond: ((id >= 8985816) AND (id <= 8995815))

table 3 : explain SELECT DISTINCT c FROM sbtest3 WHERE id BETWEEN 8976329 AND 8986328 ORDER BY c
	Unique  (cost=33345.19..33392.60 rows=9483 width=121)
	  ->  Sort  (cost=33345.19..33368.89 rows=9483 width=121)
	        Sort Key: c
	        ->  Bitmap Heap Scan on sbtest3  (cost=205.64..32718.78 rows=9483 width=121)
	              Recheck Cond: ((id >= 8976329) AND (id <= 8986328))
	              ->  Bitmap Index Scan on sbtest3_pkey  (cost=0.00..203.26 rows=9483 width=0)
	                    Index Cond: ((id >= 8976329) AND (id <= 8986328))

table 4 : explain SELECT DISTINCT c FROM sbtest4 WHERE id BETWEEN 2434702 AND 2444701 ORDER BY c
	Unique  (cost=34905.00..34954.80 rows=9961 width=121)
	  ->  Sort  (cost=34905.00..34929.90 rows=9961 width=121)
	        Sort Key: c
	        ->  Bitmap Heap Scan on sbtest4  (cost=214.54..34243.48 rows=9961 width=121)
	              Recheck Cond: ((id >= 2434702) AND (id <= 2444701))
	              ->  Bitmap Index Scan on sbtest4_pkey  (cost=0.00..212.05 rows=9961 width=0)
	                    Index Cond: ((id >= 2434702) AND (id <= 2444701))

table 5 : explain SELECT DISTINCT c FROM sbtest5 WHERE id BETWEEN 7043780 AND 7053779 ORDER BY c
	Unique  (cost=35098.20..35148.23 rows=10007 width=121)
	  ->  Sort  (cost=35098.20..35123.22 rows=10007 width=121)
	        Sort Key: c
	        ->  Bitmap Heap Scan on sbtest5  (cost=227.01..34433.30 rows=10007 width=121)
	              Recheck Cond: ((id >= 7043780) AND (id <= 7053779))
	              ->  Bitmap Index Scan on sbtest5_pkey  (cost=0.00..224.50 rows=10007 width=0)
	                    Index Cond: ((id >= 7043780) AND (id <= 7053779))

table 6 : explain SELECT DISTINCT c FROM sbtest6 WHERE id BETWEEN 723503 AND 733502 ORDER BY c
	Unique  (cost=36222.72..36274.58 rows=10372 width=121)
	  ->  Sort  (cost=36222.72..36248.65 rows=10372 width=121)
	        Sort Key: c
	        ->  Bitmap Heap Scan on sbtest6  (cost=226.75..35530.88 rows=10372 width=121)
	              Recheck Cond: ((id >= 723503) AND (id <= 733502))
	              ->  Bitmap Index Scan on sbtest6_pkey  (cost=0.00..224.16 rows=10372 width=0)
	                    Index Cond: ((id >= 723503) AND (id <= 733502))

table 7 : explain SELECT DISTINCT c FROM sbtest7 WHERE id BETWEEN 7772976 AND 7782975 ORDER BY c
	Unique  (cost=34772.60..34822.19 rows=9918 width=121)
	  ->  Sort  (cost=34772.60..34797.39 rows=9918 width=121)
	        Sort Key: c
	        ->  Bitmap Heap Scan on sbtest7  (cost=214.09..34114.25 rows=9918 width=121)
	              Recheck Cond: ((id >= 7772976) AND (id <= 7782975))
	              ->  Bitmap Index Scan on sbtest7_pkey  (cost=0.00..211.62 rows=9918 width=0)
	                    Index Cond: ((id >= 7772976) AND (id <= 7782975))

table 8 : explain SELECT DISTINCT c FROM sbtest8 WHERE id BETWEEN 1606327 AND 1616326 ORDER BY c
	Unique  (cost=32495.37..32541.40 rows=9206 width=121)
	  ->  Sort  (cost=32495.37..32518.38 rows=9206 width=121)
	        Sort Key: c
	        ->  Bitmap Heap Scan on sbtest8  (cost=198.80..31889.23 rows=9206 width=121)
	              Recheck Cond: ((id >= 1606327) AND (id <= 1616326))
	              ->  Bitmap Index Scan on sbtest8_pkey  (cost=0.00..196.50 rows=9206 width=0)
	                    Index Cond: ((id >= 1606327) AND (id <= 1616326))

for point_selects
table 1 : explain SELECT c FROM sbtest1 WHERE id=5929334
	Index Scan using sbtest1_pkey on sbtest1  (cost=0.43..8.45 rows=1 width=121)
	  Index Cond: (id = 5929334)

table 2 : explain SELECT c FROM sbtest2 WHERE id=4418601
	Index Scan using sbtest2_pkey on sbtest2  (cost=0.43..8.45 rows=1 width=121)
	  Index Cond: (id = 4418601)

table 3 : explain SELECT c FROM sbtest3 WHERE id=6222823
	Index Scan using sbtest3_pkey on sbtest3  (cost=0.43..8.45 rows=1 width=121)
	  Index Cond: (id = 6222823)

table 4 : explain SELECT c FROM sbtest4 WHERE id=9649410
	Index Scan using sbtest4_pkey on sbtest4  (cost=0.43..8.45 rows=1 width=121)
	  Index Cond: (id = 9649410)

table 5 : explain SELECT c FROM sbtest5 WHERE id=9041978
	Index Scan using sbtest5_pkey on sbtest5  (cost=0.43..8.45 rows=1 width=121)
	  Index Cond: (id = 9041978)

table 6 : explain SELECT c FROM sbtest6 WHERE id=9107363
	Index Scan using sbtest6_pkey on sbtest6  (cost=0.43..8.45 rows=1 width=121)
	  Index Cond: (id = 9107363)

table 7 : explain SELECT c FROM sbtest7 WHERE id=7251719
	Index Scan using sbtest7_pkey on sbtest7  (cost=0.43..8.45 rows=1 width=121)
	  Index Cond: (id = 7251719)

table 8 : explain SELECT c FROM sbtest8 WHERE id=9711269
	Index Scan using sbtest8_pkey on sbtest8  (cost=0.43..8.45 rows=1 width=121)
	  Index Cond: (id = 9711269)

for: order_ranges
table 1 : explain SELECT c FROM sbtest1 WHERE id BETWEEN 6591570 AND 6601569 ORDER BY c
	Sort  (cost=36055.74..36081.55 rows=10322 width=121)
	  Sort Key: c
	  ->  Bitmap Heap Scan on sbtest1  (cost=222.24..35367.60 rows=10322 width=121)
	        Recheck Cond: ((id >= 6591570) AND (id <= 6601569))
	        ->  Bitmap Index Scan on sbtest1_pkey  (cost=0.00..219.66 rows=10322 width=0)
	              Index Cond: ((id >= 6591570) AND (id <= 6601569))

table 2 : explain SELECT c FROM sbtest2 WHERE id BETWEEN 8903764 AND 8913763 ORDER BY c
	Sort  (cost=36011.00..36036.74 rows=10296 width=121)
	  Sort Key: c
	  ->  Bitmap Heap Scan on sbtest2  (cost=225.97..35324.78 rows=10296 width=121)
	        Recheck Cond: ((id >= 8903764) AND (id <= 8913763))
	        ->  Bitmap Index Scan on sbtest2_pkey  (cost=0.00..223.40 rows=10296 width=0)
	              Index Cond: ((id >= 8903764) AND (id <= 8913763))

table 3 : explain SELECT c FROM sbtest3 WHERE id BETWEEN 9785233 AND 9795232 ORDER BY c
	Sort  (cost=36149.80..36175.71 rows=10362 width=121)
	  Sort Key: c
	  ->  Bitmap Heap Scan on sbtest3  (cost=222.65..35458.71 rows=10362 width=121)
	        Recheck Cond: ((id >= 9785233) AND (id <= 9795232))
	        ->  Bitmap Index Scan on sbtest3_pkey  (cost=0.00..220.06 rows=10362 width=0)
	              Index Cond: ((id >= 9785233) AND (id <= 9795232))

table 4 : explain SELECT c FROM sbtest4 WHERE id BETWEEN 4181321 AND 4191320 ORDER BY c
	Sort  (cost=35942.86..35968.58 rows=10287 width=121)
	  Sort Key: c
	  ->  Bitmap Heap Scan on sbtest4  (cost=221.88..35257.31 rows=10287 width=121)
	        Recheck Cond: ((id >= 4181321) AND (id <= 4191320))
	        ->  Bitmap Index Scan on sbtest4_pkey  (cost=0.00..219.31 rows=10287 width=0)
	              Index Cond: ((id >= 4181321) AND (id <= 4191320))

table 5 : explain SELECT c FROM sbtest5 WHERE id BETWEEN 4335533 AND 4345532 ORDER BY c
	Sort  (cost=34247.11..34271.47 rows=9742 width=121)
	  Sort Key: c
	  ->  Bitmap Heap Scan on sbtest5  (cost=220.29..33601.71 rows=9742 width=121)
	        Recheck Cond: ((id >= 4335533) AND (id <= 4345532))
	        ->  Bitmap Index Scan on sbtest5_pkey  (cost=0.00..217.86 rows=9742 width=0)
	              Index Cond: ((id >= 4335533) AND (id <= 4345532))

table 6 : explain SELECT c FROM sbtest6 WHERE id BETWEEN 8313216 AND 8323215 ORDER BY c
	Sort  (cost=36064.78..36090.59 rows=10323 width=121)
	  Sort Key: c
	  ->  Bitmap Heap Scan on sbtest6  (cost=222.25..35376.57 rows=10323 width=121)
	        Recheck Cond: ((id >= 8313216) AND (id <= 8323215))
	        ->  Bitmap Index Scan on sbtest6_pkey  (cost=0.00..219.67 rows=10323 width=0)
	              Index Cond: ((id >= 8313216) AND (id <= 8323215))

table 7 : explain SELECT c FROM sbtest7 WHERE id BETWEEN 2246311 AND 2256310 ORDER BY c
	Sort  (cost=36643.33..36669.59 rows=10505 width=121)
	  Sort Key: c
	  ->  Bitmap Heap Scan on sbtest7  (cost=228.11..35941.66 rows=10505 width=121)
	        Recheck Cond: ((id >= 2246311) AND (id <= 2256310))
	        ->  Bitmap Index Scan on sbtest7_pkey  (cost=0.00..225.49 rows=10505 width=0)
	              Index Cond: ((id >= 2246311) AND (id <= 2256310))

table 8 : explain SELECT c FROM sbtest8 WHERE id BETWEEN 9919062 AND 9929061 ORDER BY c
	Sort  (cost=33301.78..33325.42 rows=9456 width=121)
	  Sort Key: c
	  ->  Bitmap Heap Scan on sbtest8  (cost=205.36..32677.35 rows=9456 width=121)
	        Recheck Cond: ((id >= 9919062) AND (id <= 9929061))
	        ->  Bitmap Index Scan on sbtest8_pkey  (cost=0.00..203.00 rows=9456 width=0)
	              Index Cond: ((id >= 9919062) AND (id <= 9929061))

for: sum_ranges
table 1 : explain SELECT SUM(k) FROM sbtest1 WHERE id BETWEEN 755811 AND 765810
	Aggregate  (cost=34892.81..34892.82 rows=1 width=8)
	  ->  Bitmap Heap Scan on sbtest1  (cost=216.60..34867.41 rows=10162 width=4)
	        Recheck Cond: ((id >= 755811) AND (id <= 765810))
	        ->  Bitmap Index Scan on sbtest1_pkey  (cost=0.00..214.06 rows=10162 width=0)
	              Index Cond: ((id >= 755811) AND (id <= 765810))

table 2 : explain SELECT SUM(k) FROM sbtest2 WHERE id BETWEEN 577290 AND 587289
	Aggregate  (cost=35073.85..35073.86 rows=1 width=8)
	  ->  Bitmap Heap Scan on sbtest2  (cost=221.07..35048.33 rows=10208 width=4)
	        Recheck Cond: ((id >= 577290) AND (id <= 587289))
	        ->  Bitmap Index Scan on sbtest2_pkey  (cost=0.00..218.51 rows=10208 width=0)
	              Index Cond: ((id >= 577290) AND (id <= 587289))

table 3 : explain SELECT SUM(k) FROM sbtest3 WHERE id BETWEEN 2998420 AND 3008419
	Aggregate  (cost=41338.57..41338.58 rows=1 width=8)
	  ->  Bitmap Heap Scan on sbtest3  (cost=262.31..41307.87 rows=12280 width=4)
	        Recheck Cond: ((id >= 2998420) AND (id <= 3008419))
	        ->  Bitmap Index Scan on sbtest3_pkey  (cost=0.00..259.24 rows=12280 width=0)
	              Index Cond: ((id >= 2998420) AND (id <= 3008419))

table 4 : explain SELECT SUM(k) FROM sbtest4 WHERE id BETWEEN 5503142 AND 5513141
	Aggregate  (cost=31222.35..31222.36 rows=1 width=8)
	  ->  Bitmap Heap Scan on sbtest4  (cost=192.62..31199.87 rows=8994 width=4)
	        Recheck Cond: ((id >= 5503142) AND (id <= 5513141))
	        ->  Bitmap Index Scan on sbtest4_pkey  (cost=0.00..190.38 rows=8994 width=0)
	              Index Cond: ((id >= 5503142) AND (id <= 5513141))

table 5 : explain SELECT SUM(k) FROM sbtest5 WHERE id BETWEEN 9147790 AND 9157789
	Aggregate  (cost=32554.47..32554.48 rows=1 width=8)
	  ->  Bitmap Heap Scan on sbtest5  (cost=212.80..32530.97 rows=9401 width=4)
	        Recheck Cond: ((id >= 9147790) AND (id <= 9157789))
	        ->  Bitmap Index Scan on sbtest5_pkey  (cost=0.00..210.44 rows=9401 width=0)
	              Index Cond: ((id >= 9147790) AND (id <= 9157789))

table 6 : explain SELECT SUM(k) FROM sbtest6 WHERE id BETWEEN 3236698 AND 3246697
	Aggregate  (cost=33085.05..33085.06 rows=1 width=8)
	  ->  Bitmap Heap Scan on sbtest6  (cost=206.64..33061.10 rows=9581 width=4)
	        Recheck Cond: ((id >= 3236698) AND (id <= 3246697))
	        ->  Bitmap Index Scan on sbtest6_pkey  (cost=0.00..204.25 rows=9581 width=0)
	              Index Cond: ((id >= 3236698) AND (id <= 3246697))

table 7 : explain SELECT SUM(k) FROM sbtest7 WHERE id BETWEEN 1239297 AND 1249296
	Aggregate  (cost=31985.37..31985.38 rows=1 width=8)
	  ->  Bitmap Heap Scan on sbtest7  (cost=199.06..31962.29 rows=9232 width=4)
	        Recheck Cond: ((id >= 1239297) AND (id <= 1249296))
	        ->  Bitmap Index Scan on sbtest7_pkey  (cost=0.00..196.75 rows=9232 width=0)
	              Index Cond: ((id >= 1239297) AND (id <= 1249296))

table 8 : explain SELECT SUM(k) FROM sbtest8 WHERE id BETWEEN 2908143 AND 2918142
	Aggregate  (cost=33816.22..33816.23 rows=1 width=8)
	  ->  Bitmap Heap Scan on sbtest8  (cost=213.00..33791.69 rows=9811 width=4)
	        Recheck Cond: ((id >= 2908143) AND (id <= 2918142))
	        ->  Bitmap Index Scan on sbtest8_pkey  (cost=0.00..210.55 rows=9811 width=0)
	              Index Cond: ((id >= 2908143) AND (id <= 2918142))

for: sum_ranges
table 1 : explain SELECT SUM(k) FROM sbtest1 WHERE id BETWEEN 3416065 AND 3426064
	Aggregate  (cost=31558.63..31558.64 rows=1 width=8)
	  ->  Bitmap Heap Scan on sbtest1  (cost=193.71..31535.88 rows=9100 width=4)
	        Recheck Cond: ((id >= 3416065) AND (id <= 3426064))
	        ->  Bitmap Index Scan on sbtest1_pkey  (cost=0.00..191.44 rows=9100 width=0)
	              Index Cond: ((id >= 3416065) AND (id <= 3426064))

table 2 : explain SELECT SUM(k) FROM sbtest2 WHERE id BETWEEN 1829218 AND 1839217
	Aggregate  (cost=35971.74..35971.75 rows=1 width=8)
	  ->  Bitmap Heap Scan on sbtest2  (cost=228.02..35945.50 rows=10496 width=4)
	        Recheck Cond: ((id >= 1829218) AND (id <= 1839217))
	        ->  Bitmap Index Scan on sbtest2_pkey  (cost=0.00..225.40 rows=10496 width=0)
	              Index Cond: ((id >= 1829218) AND (id <= 1839217))

table 3 : explain SELECT SUM(k) FROM sbtest3 WHERE id BETWEEN 1456600 AND 1466599
	Aggregate  (cost=34702.97..34702.98 rows=1 width=8)
	  ->  Bitmap Heap Scan on sbtest3  (cost=216.07..34677.69 rows=10111 width=4)
	        Recheck Cond: ((id >= 1456600) AND (id <= 1466599))
	        ->  Bitmap Index Scan on sbtest3_pkey  (cost=0.00..213.55 rows=10111 width=0)
	              Index Cond: ((id >= 1456600) AND (id <= 1466599))

table 4 : explain SELECT SUM(k) FROM sbtest4 WHERE id BETWEEN 1450726 AND 1460725
	Aggregate  (cost=33407.79..33407.80 rows=1 width=8)
	  ->  Bitmap Heap Scan on sbtest4  (cost=207.73..33383.57 rows=9687 width=4)
	        Recheck Cond: ((id >= 1450726) AND (id <= 1460725))
	        ->  Bitmap Index Scan on sbtest4_pkey  (cost=0.00..205.31 rows=9687 width=0)
	              Index Cond: ((id >= 1450726) AND (id <= 1460725))

table 5 : explain SELECT SUM(k) FROM sbtest5 WHERE id BETWEEN 6049509 AND 6059508
	Aggregate  (cost=33819.68..33819.69 rows=1 width=8)
	  ->  Bitmap Heap Scan on sbtest5  (cost=220.93..33795.17 rows=9804 width=4)
	        Recheck Cond: ((id >= 6049509) AND (id <= 6059508))
	        ->  Bitmap Index Scan on sbtest5_pkey  (cost=0.00..218.48 rows=9804 width=0)
	              Index Cond: ((id >= 6049509) AND (id <= 6059508))

table 6 : explain SELECT SUM(k) FROM sbtest6 WHERE id BETWEEN 5121832 AND 5131831
	Aggregate  (cost=34246.38..34246.39 rows=1 width=8)
	  ->  Bitmap Heap Scan on sbtest6  (cost=214.44..34221.50 rows=9952 width=4)
	        Recheck Cond: ((id >= 5121832) AND (id <= 5131831))
	        ->  Bitmap Index Scan on sbtest6_pkey  (cost=0.00..211.95 rows=9952 width=0)
	              Index Cond: ((id >= 5121832) AND (id <= 5131831))

table 7 : explain SELECT SUM(k) FROM sbtest7 WHERE id BETWEEN 3136989 AND 3146988
	Aggregate  (cost=35798.57..35798.58 rows=1 width=8)
	  ->  Bitmap Heap Scan on sbtest7  (cost=227.55..35772.44 rows=10450 width=4)
	        Recheck Cond: ((id >= 3136989) AND (id <= 3146988))
	        ->  Bitmap Index Scan on sbtest7_pkey  (cost=0.00..224.94 rows=10450 width=0)
	              Index Cond: ((id >= 3136989) AND (id <= 3146988))

table 8 : explain SELECT SUM(k) FROM sbtest8 WHERE id BETWEEN 4812633 AND 4822632
	Aggregate  (cost=35135.00..35135.01 rows=1 width=8)
	  ->  Bitmap Heap Scan on sbtest8  (cost=221.32..35109.42 rows=10233 width=4)
	        Recheck Cond: ((id >= 4812633) AND (id <= 4822632))
	        ->  Bitmap Index Scan on sbtest8_pkey  (cost=0.00..218.76 rows=10233 width=0)
	              Index Cond: ((id >= 4812633) AND (id <= 4822632))

for: simple_ranges
table 1 : explain SELECT c FROM sbtest1 WHERE id BETWEEN 7531239 AND 7541238
	Bitmap Heap Scan on sbtest1  (cost=214.96..34370.22 rows=10002 width=121)
	  Recheck Cond: ((id >= 7531239) AND (id <= 7541238))
	  ->  Bitmap Index Scan on sbtest1_pkey  (cost=0.00..212.45 rows=10002 width=0)
	        Index Cond: ((id >= 7531239) AND (id <= 7541238))

table 2 : explain SELECT c FROM sbtest2 WHERE id BETWEEN 5980963 AND 5990962
	Bitmap Heap Scan on sbtest2  (cost=225.60..35215.82 rows=10260 width=121)
	  Recheck Cond: ((id >= 5980963) AND (id <= 5990962))
	  ->  Bitmap Index Scan on sbtest2_pkey  (cost=0.00..223.04 rows=10260 width=0)
	        Index Cond: ((id >= 5980963) AND (id <= 5990962))

table 3 : explain SELECT c FROM sbtest3 WHERE id BETWEEN 8612782 AND 8622781
	Bitmap Heap Scan on sbtest3  (cost=199.89..32184.77 rows=9313 width=121)
	  Recheck Cond: ((id >= 8612782) AND (id <= 8622781))
	  ->  Bitmap Index Scan on sbtest3_pkey  (cost=0.00..197.56 rows=9313 width=0)
	        Index Cond: ((id >= 8612782) AND (id <= 8622781))

table 4 : explain SELECT c FROM sbtest4 WHERE id BETWEEN 371438 AND 381437
	Bitmap Heap Scan on sbtest4  (cost=200.80..32485.07 rows=9401 width=121)
	  Recheck Cond: ((id >= 371438) AND (id <= 381437))
	  ->  Bitmap Index Scan on sbtest4_pkey  (cost=0.00..198.44 rows=9401 width=0)
	        Index Cond: ((id >= 371438) AND (id <= 381437))

table 5 : explain SELECT c FROM sbtest5 WHERE id BETWEEN 9249165 AND 9259164
	Bitmap Heap Scan on sbtest5  (cost=251.79..38286.89 rows=11254 width=121)
	  Recheck Cond: ((id >= 9249165) AND (id <= 9259164))
	  ->  Bitmap Index Scan on sbtest5_pkey  (cost=0.00..248.98 rows=11254 width=0)
	        Index Cond: ((id >= 9249165) AND (id <= 9259164))

table 6 : explain SELECT c FROM sbtest6 WHERE id BETWEEN 574915 AND 584914
	Bitmap Heap Scan on sbtest6  (cost=205.84..32818.81 rows=9503 width=121)
	  Recheck Cond: ((id >= 574915) AND (id <= 584914))
	  ->  Bitmap Index Scan on sbtest6_pkey  (cost=0.00..203.47 rows=9503 width=0)
	        Index Cond: ((id >= 574915) AND (id <= 584914))

table 7 : explain SELECT c FROM sbtest7 WHERE id BETWEEN 1057300 AND 1067299
	Bitmap Heap Scan on sbtest7  (cost=220.29..34782.84 rows=10132 width=121)
	  Recheck Cond: ((id >= 1057300) AND (id <= 1067299))
	  ->  Bitmap Index Scan on sbtest7_pkey  (cost=0.00..217.75 rows=10132 width=0)
	        Index Cond: ((id >= 1057300) AND (id <= 1067299))

table 8 : explain SELECT c FROM sbtest8 WHERE id BETWEEN 8606544 AND 8616543
	Bitmap Heap Scan on sbtest8  (cost=221.88..35275.96 rows=10287 width=121)
	  Recheck Cond: ((id >= 8606544) AND (id <= 8616543))
	  ->  Bitmap Index Scan on sbtest8_pkey  (cost=0.00..219.31 rows=10287 width=0)
	        Index Cond: ((id >= 8606544) AND (id <= 8616543))

for point_selects
table 1 : explain SELECT c FROM sbtest1 WHERE id=1765871
	Index Scan using sbtest1_pkey on sbtest1  (cost=0.43..8.45 rows=1 width=121)
	  Index Cond: (id = 1765871)

table 2 : explain SELECT c FROM sbtest2 WHERE id=9903926
	Index Scan using sbtest2_pkey on sbtest2  (cost=0.43..8.45 rows=1 width=121)
	  Index Cond: (id = 9903926)

table 3 : explain SELECT c FROM sbtest3 WHERE id=1365117
	Index Scan using sbtest3_pkey on sbtest3  (cost=0.43..8.45 rows=1 width=121)
	  Index Cond: (id = 1365117)

table 4 : explain SELECT c FROM sbtest4 WHERE id=1172991
	Index Scan using sbtest4_pkey on sbtest4  (cost=0.43..8.45 rows=1 width=121)
	  Index Cond: (id = 1172991)

table 5 : explain SELECT c FROM sbtest5 WHERE id=6562514
	Index Scan using sbtest5_pkey on sbtest5  (cost=0.43..8.45 rows=1 width=121)
	  Index Cond: (id = 6562514)

table 6 : explain SELECT c FROM sbtest6 WHERE id=6382633
	Index Scan using sbtest6_pkey on sbtest6  (cost=0.43..8.45 rows=1 width=121)
	  Index Cond: (id = 6382633)

table 7 : explain SELECT c FROM sbtest7 WHERE id=9661450
	Index Scan using sbtest7_pkey on sbtest7  (cost=0.43..8.45 rows=1 width=121)
	  Index Cond: (id = 9661450)

table 8 : explain SELECT c FROM sbtest8 WHERE id=7928793
	Index Scan using sbtest8_pkey on sbtest8  (cost=0.43..8.45 rows=1 width=121)
	  Index Cond: (id = 7928793)

for: distinct_ranges
table 1 : explain SELECT DISTINCT c FROM sbtest1 WHERE id BETWEEN 4478863 AND 4488862 ORDER BY c
	Unique  (cost=34072.48..34120.99 rows=9701 width=121)
	  ->  Sort  (cost=34072.48..34096.74 rows=9701 width=121)
	        Sort Key: c
	        ->  Bitmap Heap Scan on sbtest1  (cost=207.87..33430.09 rows=9701 width=121)
	              Recheck Cond: ((id >= 4478863) AND (id <= 4488862))
	              ->  Bitmap Index Scan on sbtest1_pkey  (cost=0.00..205.44 rows=9701 width=0)
	                    Index Cond: ((id >= 4478863) AND (id <= 4488862))

table 2 : explain SELECT DISTINCT c FROM sbtest2 WHERE id BETWEEN 6651589 AND 6661588 ORDER BY c
	Unique  (cost=35731.33..35782.38 rows=10209 width=121)
	  ->  Sort  (cost=35731.33..35756.85 rows=10209 width=121)
	        Sort Key: c
	        ->  Bitmap Heap Scan on sbtest2  (cost=221.08..35051.54 rows=10209 width=121)
	              Recheck Cond: ((id >= 6651589) AND (id <= 6661588))
	              ->  Bitmap Index Scan on sbtest2_pkey  (cost=0.00..218.53 rows=10209 width=0)
	                    Index Cond: ((id >= 6651589) AND (id <= 6661588))

table 3 : explain SELECT DISTINCT c FROM sbtest3 WHERE id BETWEEN 3403923 AND 3413922 ORDER BY c
	Unique  (cost=35356.81..35407.38 rows=10113 width=121)
	  ->  Sort  (cost=35356.81..35382.09 rows=10113 width=121)
	        Sort Key: c
	        ->  Bitmap Heap Scan on sbtest3  (cost=216.09..34684.10 rows=10113 width=121)
	              Recheck Cond: ((id >= 3403923) AND (id <= 3413922))
	              ->  Bitmap Index Scan on sbtest3_pkey  (cost=0.00..213.56 rows=10113 width=0)
	                    Index Cond: ((id >= 3403923) AND (id <= 3413922))

table 4 : explain SELECT DISTINCT c FROM sbtest4 WHERE id BETWEEN 5898859 AND 5908858 ORDER BY c
	Unique  (cost=31360.96..31405.27 rows=8861 width=121)
	  ->  Sort  (cost=31360.96..31383.11 rows=8861 width=121)
	        Sort Key: c
	        ->  Bitmap Heap Scan on sbtest4  (cost=191.26..30779.98 rows=8861 width=121)
	              Recheck Cond: ((id >= 5898859) AND (id <= 5908858))
	              ->  Bitmap Index Scan on sbtest4_pkey  (cost=0.00..189.05 rows=8861 width=0)
	                    Index Cond: ((id >= 5898859) AND (id <= 5908858))

table 5 : explain SELECT DISTINCT c FROM sbtest5 WHERE id BETWEEN 4731421 AND 4741420 ORDER BY c
	Unique  (cost=33691.14..33738.99 rows=9569 width=121)
	  ->  Sort  (cost=33691.14..33715.07 rows=9569 width=121)
	        Sort Key: c
	        ->  Bitmap Heap Scan on sbtest5  (cost=214.52..33058.43 rows=9569 width=121)
	              Recheck Cond: ((id >= 4731421) AND (id <= 4741420))
	              ->  Bitmap Index Scan on sbtest5_pkey  (cost=0.00..212.12 rows=9569 width=0)
	                    Index Cond: ((id >= 4731421) AND (id <= 4741420))

table 6 : explain SELECT DISTINCT c FROM sbtest6 WHERE id BETWEEN 9698752 AND 9708751 ORDER BY c
	Unique  (cost=33509.55..33557.17 rows=9523 width=121)
	  ->  Sort  (cost=33509.55..33533.36 rows=9523 width=121)
	        Sort Key: c
	        ->  Bitmap Heap Scan on sbtest6  (cost=206.05..32880.22 rows=9523 width=121)
	              Recheck Cond: ((id >= 9698752) AND (id <= 9708751))
	              ->  Bitmap Index Scan on sbtest6_pkey  (cost=0.00..203.67 rows=9523 width=0)
	                    Index Cond: ((id >= 9698752) AND (id <= 9708751))

table 7 : explain SELECT DISTINCT c FROM sbtest7 WHERE id BETWEEN 167387 AND 177386 ORDER BY c
	Unique  (cost=32756.12..32802.57 rows=9290 width=121)
	  ->  Sort  (cost=32756.12..32779.34 rows=9290 width=121)
	        Sort Key: c
	        ->  Bitmap Heap Scan on sbtest7  (cost=199.66..32143.84 rows=9290 width=121)
	              Recheck Cond: ((id >= 167387) AND (id <= 177386))
	              ->  Bitmap Index Scan on sbtest7_pkey  (cost=0.00..197.34 rows=9290 width=0)
	                    Index Cond: ((id >= 167387) AND (id <= 177386))

table 8 : explain SELECT DISTINCT c FROM sbtest8 WHERE id BETWEEN 3328613 AND 3338612 ORDER BY c
	Unique  (cost=34942.76..34992.60 rows=9968 width=121)
	  ->  Sort  (cost=34942.76..34967.68 rows=9968 width=121)
	        Sort Key: c
	        ->  Bitmap Heap Scan on sbtest8  (cost=214.61..34280.74 rows=9968 width=121)
	              Recheck Cond: ((id >= 3328613) AND (id <= 3338612))
	              ->  Bitmap Index Scan on sbtest8_pkey  (cost=0.00..212.12 rows=9968 width=0)
	                    Index Cond: ((id >= 3328613) AND (id <= 3338612))

for: simple_ranges
table 1 : explain SELECT c FROM sbtest1 WHERE id BETWEEN 284115 AND 294114
	Bitmap Heap Scan on sbtest1  (cost=237.12..37442.72 rows=10994 width=121)
	  Recheck Cond: ((id >= 284115) AND (id <= 294114))
	  ->  Bitmap Index Scan on sbtest1_pkey  (cost=0.00..234.38 rows=10994 width=0)
	        Index Cond: ((id >= 284115) AND (id <= 294114))

table 2 : explain SELECT c FROM sbtest2 WHERE id BETWEEN 3697817 AND 3707816
	Bitmap Heap Scan on sbtest2  (cost=233.57..36415.64 rows=10647 width=121)
	  Recheck Cond: ((id >= 3697817) AND (id <= 3707816))
	  ->  Bitmap Index Scan on sbtest2_pkey  (cost=0.00..230.91 rows=10647 width=0)
	        Index Cond: ((id >= 3697817) AND (id <= 3707816))

table 3 : explain SELECT c FROM sbtest3 WHERE id BETWEEN 6665521 AND 6675520
	Bitmap Heap Scan on sbtest3  (cost=200.21..32281.80 rows=9344 width=121)
	  Recheck Cond: ((id >= 6665521) AND (id <= 6675520))
	  ->  Bitmap Index Scan on sbtest3_pkey  (cost=0.00..197.88 rows=9344 width=0)
	        Index Cond: ((id >= 6665521) AND (id <= 6675520))

table 4 : explain SELECT c FROM sbtest4 WHERE id BETWEEN 388795 AND 398794
	Bitmap Heap Scan on sbtest4  (cost=208.94..33753.96 rows=9805 width=121)
	  Recheck Cond: ((id >= 388795) AND (id <= 398794))
	  ->  Bitmap Index Scan on sbtest4_pkey  (cost=0.00..206.49 rows=9805 width=0)
	        Index Cond: ((id >= 388795) AND (id <= 398794))

table 5 : explain SELECT c FROM sbtest5 WHERE id BETWEEN 2637737 AND 2647736
	Bitmap Heap Scan on sbtest5  (cost=235.41..35771.18 rows=10437 width=121)
	  Recheck Cond: ((id >= 2637737) AND (id <= 2647736))
	  ->  Bitmap Index Scan on sbtest5_pkey  (cost=0.00..232.81 rows=10437 width=0)
	        Index Cond: ((id >= 2637737) AND (id <= 2647736))

table 6 : explain SELECT c FROM sbtest6 WHERE id BETWEEN 8745967 AND 8755966
	Bitmap Heap Scan on sbtest6  (cost=222.09..35331.76 rows=10308 width=121)
	  Recheck Cond: ((id >= 8745967) AND (id <= 8755966))
	  ->  Bitmap Index Scan on sbtest6_pkey  (cost=0.00..219.51 rows=10308 width=0)
	        Index Cond: ((id >= 8745967) AND (id <= 8755966))

table 7 : explain SELECT c FROM sbtest7 WHERE id BETWEEN 8669735 AND 8679734
	Bitmap Heap Scan on sbtest7  (cost=221.33..35100.06 rows=10234 width=121)
	  Recheck Cond: ((id >= 8669735) AND (id <= 8679734))
	  ->  Bitmap Index Scan on sbtest7_pkey  (cost=0.00..218.78 rows=10234 width=0)
	        Index Cond: ((id >= 8669735) AND (id <= 8679734))

table 8 : explain SELECT c FROM sbtest8 WHERE id BETWEEN 527258 AND 537257
	Bitmap Heap Scan on sbtest8  (cost=214.65..34293.59 rows=9972 width=121)
	  Recheck Cond: ((id >= 527258) AND (id <= 537257))
	  ->  Bitmap Index Scan on sbtest8_pkey  (cost=0.00..212.16 rows=9972 width=0)
	        Index Cond: ((id >= 527258) AND (id <= 537257))

for: order_ranges
table 1 : explain SELECT c FROM sbtest1 WHERE id BETWEEN 6986256 AND 6996255 ORDER BY c
	Sort  (cost=35950.94..35976.67 rows=10289 width=121)
	  Sort Key: c
	  ->  Bitmap Heap Scan on sbtest1  (cost=221.90..35265.24 rows=10289 width=121)
	        Recheck Cond: ((id >= 6986256) AND (id <= 6996255))
	        ->  Bitmap Index Scan on sbtest1_pkey  (cost=0.00..219.32 rows=10289 width=0)
	              Index Cond: ((id >= 6986256) AND (id <= 6996255))

table 2 : explain SELECT c FROM sbtest2 WHERE id BETWEEN 4882798 AND 4892797 ORDER BY c
	Sort  (cost=35599.90..35625.32 rows=10167 width=121)
	  Sort Key: c
	  ->  Bitmap Heap Scan on sbtest2  (cost=220.65..34923.21 rows=10167 width=121)
	        Recheck Cond: ((id >= 4882798) AND (id <= 4892797))
	        ->  Bitmap Index Scan on sbtest2_pkey  (cost=0.00..218.11 rows=10167 width=0)
	              Index Cond: ((id >= 4882798) AND (id <= 4892797))

table 3 : explain SELECT c FROM sbtest3 WHERE id BETWEEN 2629178 AND 2639177 ORDER BY c
	Sort  (cost=37031.81..37058.41 rows=10641 width=121)
	  Sort Key: c
	  ->  Bitmap Heap Scan on sbtest3  (cost=229.51..36320.07 rows=10641 width=121)
	        Recheck Cond: ((id >= 2629178) AND (id <= 2639177))
	        ->  Bitmap Index Scan on sbtest3_pkey  (cost=0.00..226.84 rows=10641 width=0)
	              Index Cond: ((id >= 2629178) AND (id <= 2639177))

table 4 : explain SELECT c FROM sbtest4 WHERE id BETWEEN 3457445 AND 3467444 ORDER BY c
	Sort  (cost=31986.69..32009.33 rows=9054 width=121)
	  Sort Key: c
	  ->  Bitmap Heap Scan on sbtest4  (cost=193.24..31391.65 rows=9054 width=121)
	        Recheck Cond: ((id >= 3457445) AND (id <= 3467444))
	        ->  Bitmap Index Scan on sbtest4_pkey  (cost=0.00..190.98 rows=9054 width=0)
	              Index Cond: ((id >= 3457445) AND (id <= 3467444))

table 5 : explain SELECT c FROM sbtest5 WHERE id BETWEEN 3548263 AND 3558262 ORDER BY c
	Sort  (cost=31490.70..31512.93 rows=8889 width=121)
	  Sort Key: c
	  ->  Bitmap Heap Scan on sbtest5  (cost=199.55..30907.68 rows=8889 width=121)
	        Recheck Cond: ((id >= 3548263) AND (id <= 3558262))
	        ->  Bitmap Index Scan on sbtest5_pkey  (cost=0.00..197.32 rows=8889 width=0)
	              Index Cond: ((id >= 3548263) AND (id <= 3558262))

table 6 : explain SELECT c FROM sbtest6 WHERE id BETWEEN 20385 AND 30384 ORDER BY c
	Sort  (cost=33913.38..33937.50 rows=9648 width=121)
	  Sort Key: c
	  ->  Bitmap Heap Scan on sbtest6  (cost=211.33..33274.87 rows=9648 width=121)
	        Recheck Cond: ((id >= 20385) AND (id <= 30384))
	        ->  Bitmap Index Scan on sbtest6_pkey  (cost=0.00..208.92 rows=9648 width=0)
	              Index Cond: ((id >= 20385) AND (id <= 30384))

table 7 : explain SELECT c FROM sbtest7 WHERE id BETWEEN 2126549 AND 2136548 ORDER BY c
	Sort  (cost=37221.17..37247.89 rows=10688 width=121)
	  Sort Key: c
	  ->  Bitmap Heap Scan on sbtest7  (cost=229.99..36505.95 rows=10688 width=121)
	        Recheck Cond: ((id >= 2126549) AND (id <= 2136548))
	        ->  Bitmap Index Scan on sbtest7_pkey  (cost=0.00..227.31 rows=10688 width=0)
	              Index Cond: ((id >= 2126549) AND (id <= 2136548))

table 8 : explain SELECT c FROM sbtest8 WHERE id BETWEEN 6091482 AND 6101481 ORDER BY c
	Sort  (cost=37293.09..37319.86 rows=10707 width=121)
	  Sort Key: c
	  ->  Bitmap Heap Scan on sbtest8  (cost=230.18..36576.46 rows=10707 width=121)
	        Recheck Cond: ((id >= 6091482) AND (id <= 6101481))
	        ->  Bitmap Index Scan on sbtest8_pkey  (cost=0.00..227.50 rows=10707 width=0)
	              Index Cond: ((id >= 6091482) AND (id <= 6101481))

for: sum_ranges
table 1 : explain SELECT SUM(k) FROM sbtest1 WHERE id BETWEEN 4465942 AND 4475941
	Aggregate  (cost=33454.34..33454.35 rows=1 width=8)
	  ->  Bitmap Heap Scan on sbtest1  (cost=207.87..33430.09 rows=9701 width=4)
	        Recheck Cond: ((id >= 4465942) AND (id <= 4475941))
	        ->  Bitmap Index Scan on sbtest1_pkey  (cost=0.00..205.44 rows=9701 width=0)
	              Index Cond: ((id >= 4465942) AND (id <= 4475941))

table 2 : explain SELECT SUM(k) FROM sbtest2 WHERE id BETWEEN 6790381 AND 6800380
	Aggregate  (cost=33453.44..33453.45 rows=1 width=8)
	  ->  Bitmap Heap Scan on sbtest2  (cost=211.75..33429.22 rows=9689 width=4)
	        Recheck Cond: ((id >= 6790381) AND (id <= 6800380))
	        ->  Bitmap Index Scan on sbtest2_pkey  (cost=0.00..209.32 rows=9689 width=0)
	              Index Cond: ((id >= 6790381) AND (id <= 6800380))

table 3 : explain SELECT SUM(k) FROM sbtest3 WHERE id BETWEEN 5927291 AND 5937290
	Aggregate  (cost=33429.67..33429.68 rows=1 width=8)
	  ->  Bitmap Heap Scan on sbtest3  (cost=207.89..33405.41 rows=9703 width=4)
	        Recheck Cond: ((id >= 5927291) AND (id <= 5937290))
	        ->  Bitmap Index Scan on sbtest3_pkey  (cost=0.00..205.47 rows=9703 width=0)
	              Index Cond: ((id >= 5927291) AND (id <= 5937290))

table 4 : explain SELECT SUM(k) FROM sbtest4 WHERE id BETWEEN 9218977 AND 9228976
	Aggregate  (cost=31199.55..31199.56 rows=1 width=8)
	  ->  Bitmap Heap Scan on sbtest4  (cost=192.54..31177.08 rows=8986 width=4)
	        Recheck Cond: ((id >= 9218977) AND (id <= 9228976))
	        ->  Bitmap Index Scan on sbtest4_pkey  (cost=0.00..190.30 rows=8986 width=0)
	              Index Cond: ((id >= 9218977) AND (id <= 9228976))

table 5 : explain SELECT SUM(k) FROM sbtest5 WHERE id BETWEEN 7312318 AND 7322317
	Aggregate  (cost=32011.71..32011.72 rows=1 width=8)
	  ->  Bitmap Heap Scan on sbtest5  (cost=207.04..31988.64 rows=9230 width=4)
	        Recheck Cond: ((id >= 7312318) AND (id <= 7322317))
	        ->  Bitmap Index Scan on sbtest5_pkey  (cost=0.00..204.74 rows=9230 width=0)
	              Index Cond: ((id >= 7312318) AND (id <= 7322317))

table 6 : explain SELECT SUM(k) FROM sbtest6 WHERE id BETWEEN 9154275 AND 9164274
	Aggregate  (cost=36218.27..36218.28 rows=1 width=8)
	  ->  Bitmap Heap Scan on sbtest6  (cost=228.94..36191.80 rows=10586 width=4)
	        Recheck Cond: ((id >= 9154275) AND (id <= 9164274))
	        ->  Bitmap Index Scan on sbtest6_pkey  (cost=0.00..226.30 rows=10586 width=0)
	              Index Cond: ((id >= 9154275) AND (id <= 9164274))

table 7 : explain SELECT SUM(k) FROM sbtest7 WHERE id BETWEEN 4413786 AND 4423785
	Aggregate  (cost=32008.11..32008.12 rows=1 width=8)
	  ->  Bitmap Heap Scan on sbtest7  (cost=199.15..31985.01 rows=9240 width=4)
	        Recheck Cond: ((id >= 4413786) AND (id <= 4423785))
	        ->  Bitmap Index Scan on sbtest7_pkey  (cost=0.00..196.84 rows=9240 width=0)
	              Index Cond: ((id >= 4413786) AND (id <= 4423785))

table 8 : explain SELECT SUM(k) FROM sbtest8 WHERE id BETWEEN 7765341 AND 7775340
	Aggregate  (cost=33302.45..33302.46 rows=1 width=8)
	  ->  Bitmap Heap Scan on sbtest8  (cost=207.33..33278.33 rows=9648 width=4)
	        Recheck Cond: ((id >= 7765341) AND (id <= 7775340))
	        ->  Bitmap Index Scan on sbtest8_pkey  (cost=0.00..204.92 rows=9648 width=0)
	              Index Cond: ((id >= 7765341) AND (id <= 7775340))

for: order_ranges
table 1 : explain SELECT c FROM sbtest1 WHERE id BETWEEN 9587235 AND 9597234 ORDER BY c
	Sort  (cost=36722.92..36749.25 rows=10533 width=121)
	  Sort Key: c
	  ->  Bitmap Heap Scan on sbtest1  (cost=224.40..36019.18 rows=10533 width=121)
	        Recheck Cond: ((id >= 9587235) AND (id <= 9597234))
	        ->  Bitmap Index Scan on sbtest1_pkey  (cost=0.00..221.76 rows=10533 width=0)
	              Index Cond: ((id >= 9587235) AND (id <= 9597234))

table 2 : explain SELECT c FROM sbtest2 WHERE id BETWEEN 3487781 AND 3497780 ORDER BY c
	Sort  (cost=34642.38..34667.05 rows=9867 width=121)
	  Sort Key: c
	  ->  Bitmap Heap Scan on sbtest2  (cost=217.57..33987.78 rows=9867 width=121)
	        Recheck Cond: ((id >= 3487781) AND (id <= 3497780))
	        ->  Bitmap Index Scan on sbtest2_pkey  (cost=0.00..215.11 rows=9867 width=0)
	              Index Cond: ((id >= 3487781) AND (id <= 3497780))

table 3 : explain SELECT c FROM sbtest3 WHERE id BETWEEN 7136354 AND 7146353 ORDER BY c
	Sort  (cost=35018.83..35043.85 rows=10006 width=121)
	  Sort Key: c
	  ->  Bitmap Heap Scan on sbtest3  (cost=215.00..34354.00 rows=10006 width=121)
	        Recheck Cond: ((id >= 7136354) AND (id <= 7146353))
	        ->  Bitmap Index Scan on sbtest3_pkey  (cost=0.00..212.50 rows=10006 width=0)
	              Index Cond: ((id >= 7136354) AND (id <= 7146353))

table 4 : explain SELECT c FROM sbtest4 WHERE id BETWEEN 1570786 AND 1580785 ORDER BY c
	Sort  (cost=34987.21..35012.18 rows=9987 width=121)
	  Sort Key: c
	  ->  Bitmap Heap Scan on sbtest4  (cost=214.80..34323.78 rows=9987 width=121)
	        Recheck Cond: ((id >= 1570786) AND (id <= 1580785))
	        ->  Bitmap Index Scan on sbtest4_pkey  (cost=0.00..212.31 rows=9987 width=0)
	              Index Cond: ((id >= 1570786) AND (id <= 1580785))

table 5 : explain SELECT c FROM sbtest5 WHERE id BETWEEN 4946957 AND 4956956 ORDER BY c
	Sort  (cost=30484.02..30505.47 rows=8580 width=121)
	  Sort Key: c
	  ->  Bitmap Heap Scan on sbtest5  (cost=192.38..29923.46 rows=8580 width=121)
	        Recheck Cond: ((id >= 4946957) AND (id <= 4956956))
	        ->  Bitmap Index Scan on sbtest5_pkey  (cost=0.00..190.24 rows=8580 width=0)
	              Index Cond: ((id >= 4946957) AND (id <= 4956956))

table 6 : explain SELECT c FROM sbtest6 WHERE id BETWEEN 5627584 AND 5637583 ORDER BY c
	Sort  (cost=35736.98..35762.53 rows=10219 width=121)
	  Sort Key: c
	  ->  Bitmap Heap Scan on sbtest6  (cost=221.18..35056.45 rows=10219 width=121)
	        Recheck Cond: ((id >= 5627584) AND (id <= 5637583))
	        ->  Bitmap Index Scan on sbtest6_pkey  (cost=0.00..218.62 rows=10219 width=0)
	              Index Cond: ((id >= 5627584) AND (id <= 5637583))

table 7 : explain SELECT c FROM sbtest7 WHERE id BETWEEN 6853755 AND 6863754 ORDER BY c
	Sort  (cost=33858.76..33882.84 rows=9633 width=121)
	  Sort Key: c
	  ->  Bitmap Heap Scan on sbtest7  (cost=207.17..33221.35 rows=9633 width=121)
	        Recheck Cond: ((id >= 6853755) AND (id <= 6863754))
	        ->  Bitmap Index Scan on sbtest7_pkey  (cost=0.00..204.76 rows=9633 width=0)
	              Index Cond: ((id >= 6853755) AND (id <= 6863754))

table 8 : explain SELECT c FROM sbtest8 WHERE id BETWEEN 5501231 AND 5511230 ORDER BY c
	Sort  (cost=34221.24..34245.59 rows=9742 width=121)
	  Sort Key: c
	  ->  Bitmap Heap Scan on sbtest8  (cost=212.29..33575.83 rows=9742 width=121)
	        Recheck Cond: ((id >= 5501231) AND (id <= 5511230))
	        ->  Bitmap Index Scan on sbtest8_pkey  (cost=0.00..209.86 rows=9742 width=0)
	              Index Cond: ((id >= 5501231) AND (id <= 5511230))

for: distinct_ranges
table 1 : explain SELECT DISTINCT c FROM sbtest1 WHERE id BETWEEN 8158594 AND 8168593 ORDER BY c
	Unique  (cost=33930.64..33978.92 rows=9657 width=121)
	  ->  Sort  (cost=33930.64..33954.78 rows=9657 width=121)
	        Sort Key: c
	        ->  Bitmap Heap Scan on sbtest1  (cost=207.42..33291.47 rows=9657 width=121)
	              Recheck Cond: ((id >= 8158594) AND (id <= 8168593))
	              ->  Bitmap Index Scan on sbtest1_pkey  (cost=0.00..205.00 rows=9657 width=0)
	                    Index Cond: ((id >= 8158594) AND (id <= 8168593))

table 2 : explain SELECT DISTINCT c FROM sbtest2 WHERE id BETWEEN 6772246 AND 6782245 ORDER BY c
	Unique  (cost=34034.43..34082.82 rows=9678 width=121)
	  ->  Sort  (cost=34034.43..34058.63 rows=9678 width=121)
	        Sort Key: c
	        ->  Bitmap Heap Scan on sbtest2  (cost=211.63..33393.72 rows=9678 width=121)
	              Recheck Cond: ((id >= 6772246) AND (id <= 6782245))
	              ->  Bitmap Index Scan on sbtest2_pkey  (cost=0.00..209.22 rows=9678 width=0)
	                    Index Cond: ((id >= 6772246) AND (id <= 6782245))

table 3 : explain SELECT DISTINCT c FROM sbtest3 WHERE id BETWEEN 685538 AND 695537 ORDER BY c
	Unique  (cost=34664.10..34713.57 rows=9895 width=121)
	  ->  Sort  (cost=34664.10..34688.83 rows=9895 width=121)
	        Sort Key: c
	        ->  Bitmap Heap Scan on sbtest3  (cost=213.86..34007.44 rows=9895 width=121)
	              Recheck Cond: ((id >= 685538) AND (id <= 695537))
	              ->  Bitmap Index Scan on sbtest3_pkey  (cost=0.00..211.38 rows=9895 width=0)
	                    Index Cond: ((id >= 685538) AND (id <= 695537))

table 4 : explain SELECT DISTINCT c FROM sbtest4 WHERE id BETWEEN 9218969 AND 9228968 ORDER BY c
	Unique  (cost=31767.17..31812.10 rows=8986 width=121)
	  ->  Sort  (cost=31767.17..31789.63 rows=8986 width=121)
	        Sort Key: c
	        ->  Bitmap Heap Scan on sbtest4  (cost=192.54..31177.08 rows=8986 width=121)
	              Recheck Cond: ((id >= 9218969) AND (id <= 9228968))
	              ->  Bitmap Index Scan on sbtest4_pkey  (cost=0.00..190.30 rows=8986 width=0)
	                    Index Cond: ((id >= 9218969) AND (id <= 9228968))

table 5 : explain SELECT DISTINCT c FROM sbtest5 WHERE id BETWEEN 424543 AND 434542 ORDER BY c
	Unique  (cost=33986.13..34034.43 rows=9660 width=121)
	  ->  Sort  (cost=33986.13..34010.28 rows=9660 width=121)
	        Sort Key: c
	        ->  Bitmap Heap Scan on sbtest5  (cost=219.45..33346.74 rows=9660 width=121)
	              Recheck Cond: ((id >= 424543) AND (id <= 434542))
	              ->  Bitmap Index Scan on sbtest5_pkey  (cost=0.00..217.04 rows=9660 width=0)
	                    Index Cond: ((id >= 424543) AND (id <= 434542))

table 6 : explain SELECT DISTINCT c FROM sbtest6 WHERE id BETWEEN 5572345 AND 5582344 ORDER BY c
	Unique  (cost=36945.13..36998.13 rows=10600 width=121)
	  ->  Sort  (cost=36945.13..36971.63 rows=10600 width=121)
	        Sort Key: c
	        ->  Bitmap Heap Scan on sbtest6  (cost=229.09..36236.43 rows=10600 width=121)
	              Recheck Cond: ((id >= 5572345) AND (id <= 5582344))
	              ->  Bitmap Index Scan on sbtest6_pkey  (cost=0.00..226.44 rows=10600 width=0)
	                    Index Cond: ((id >= 5572345) AND (id <= 5582344))

table 7 : explain SELECT DISTINCT c FROM sbtest7 WHERE id BETWEEN 3329743 AND 3339742 ORDER BY c
	Unique  (cost=32444.23..32490.19 rows=9193 width=121)
	  ->  Sort  (cost=32444.23..32467.21 rows=9193 width=121)
	        Sort Key: c
	        ->  Bitmap Heap Scan on sbtest7  (cost=198.66..31839.04 rows=9193 width=121)
	              Recheck Cond: ((id >= 3329743) AND (id <= 3339742))
	              ->  Bitmap Index Scan on sbtest7_pkey  (cost=0.00..196.37 rows=9193 width=0)
	                    Index Cond: ((id >= 3329743) AND (id <= 3339742))

table 8 : explain SELECT DISTINCT c FROM sbtest8 WHERE id BETWEEN 9747640 AND 9757639 ORDER BY c
	Unique  (cost=33232.22..33279.39 rows=9434 width=121)
	  ->  Sort  (cost=33232.22..33255.80 rows=9434 width=121)
	        Sort Key: c
	        ->  Bitmap Heap Scan on sbtest8  (cost=205.13..32609.40 rows=9434 width=121)
	              Recheck Cond: ((id >= 9747640) AND (id <= 9757639))
	              ->  Bitmap Index Scan on sbtest8_pkey  (cost=0.00..202.78 rows=9434 width=0)
	                    Index Cond: ((id >= 9747640) AND (id <= 9757639))

for: distinct_ranges
table 1 : explain SELECT DISTINCT c FROM sbtest1 WHERE id BETWEEN 369499 AND 379498 ORDER BY c
	Unique  (cost=32639.52..32685.79 rows=9255 width=121)
	  ->  Sort  (cost=32639.52..32662.66 rows=9255 width=121)
	        Sort Key: c
	        ->  Bitmap Heap Scan on sbtest1  (cost=199.30..32029.80 rows=9255 width=121)
	              Recheck Cond: ((id >= 369499) AND (id <= 379498))
	              ->  Bitmap Index Scan on sbtest1_pkey  (cost=0.00..196.99 rows=9255 width=0)
	                    Index Cond: ((id >= 369499) AND (id <= 379498))

table 2 : explain SELECT DISTINCT c FROM sbtest2 WHERE id BETWEEN 8401630 AND 8411629 ORDER BY c
	Unique  (cost=34460.28..34509.34 rows=9811 width=121)
	  ->  Sort  (cost=34460.28..34484.81 rows=9811 width=121)
	        Sort Key: c
	        ->  Bitmap Heap Scan on sbtest2  (cost=213.00..33809.81 rows=9811 width=121)
	              Recheck Cond: ((id >= 8401630) AND (id <= 8411629))
	              ->  Bitmap Index Scan on sbtest2_pkey  (cost=0.00..210.55 rows=9811 width=0)
	                    Index Cond: ((id >= 8401630) AND (id <= 8411629))

table 3 : explain SELECT DISTINCT c FROM sbtest3 WHERE id BETWEEN 4835217 AND 4845216 ORDER BY c
	Unique  (cost=35281.37..35331.81 rows=10089 width=121)
	  ->  Sort  (cost=35281.37..35306.59 rows=10089 width=121)
	        Sort Key: c
	        ->  Bitmap Heap Scan on sbtest3  (cost=215.85..34610.42 rows=10089 width=121)
	              Recheck Cond: ((id >= 4835217) AND (id <= 4845216))
	              ->  Bitmap Index Scan on sbtest3_pkey  (cost=0.00..213.32 rows=10089 width=0)
	                    Index Cond: ((id >= 4835217) AND (id <= 4845216))

table 4 : explain SELECT DISTINCT c FROM sbtest4 WHERE id BETWEEN 1955445 AND 1965444 ORDER BY c
	Unique  (cost=34015.05..34063.47 rows=9684 width=121)
	  ->  Sort  (cost=34015.05..34039.26 rows=9684 width=121)
	        Sort Key: c
	        ->  Bitmap Heap Scan on sbtest4  (cost=207.70..33373.90 rows=9684 width=121)
	              Recheck Cond: ((id >= 1955445) AND (id <= 1965444))
	              ->  Bitmap Index Scan on sbtest4_pkey  (cost=0.00..205.28 rows=9684 width=0)
	                    Index Cond: ((id >= 1955445) AND (id <= 1965444))

table 5 : explain SELECT DISTINCT c FROM sbtest5 WHERE id BETWEEN 8856541 AND 8866540 ORDER BY c
	Unique  (cost=33211.07..33258.17 rows=9420 width=121)
	  ->  Sort  (cost=33211.07..33234.62 rows=9420 width=121)
	        Sort Key: c
	        ->  Bitmap Heap Scan on sbtest5  (cost=212.99..32589.28 rows=9420 width=121)
	              Recheck Cond: ((id >= 8856541) AND (id <= 8866540))
	              ->  Bitmap Index Scan on sbtest5_pkey  (cost=0.00..210.63 rows=9420 width=0)
	                    Index Cond: ((id >= 8856541) AND (id <= 8866540))

table 6 : explain SELECT DISTINCT c FROM sbtest6 WHERE id BETWEEN 6742547 AND 6752546 ORDER BY c
	Unique  (cost=39621.38..39678.63 rows=11451 width=121)
	  ->  Sort  (cost=39621.38..39650.01 rows=11451 width=121)
	        Sort Key: c
	        ->  Bitmap Heap Scan on sbtest6  (cost=249.81..38849.40 rows=11451 width=121)
	              Recheck Cond: ((id >= 6742547) AND (id <= 6752546))
	              ->  Bitmap Index Scan on sbtest6_pkey  (cost=0.00..246.94 rows=11451 width=0)
	                    Index Cond: ((id >= 6742547) AND (id <= 6752546))

table 7 : explain SELECT DISTINCT c FROM sbtest7 WHERE id BETWEEN 849762 AND 859761 ORDER BY c
	Unique  (cost=36489.65..36541.93 rows=10456 width=121)
	  ->  Sort  (cost=36489.65..36515.79 rows=10456 width=121)
	        Sort Key: c
	        ->  Bitmap Heap Scan on sbtest7  (cost=227.61..35791.60 rows=10456 width=121)
	              Recheck Cond: ((id >= 849762) AND (id <= 859761))
	              ->  Bitmap Index Scan on sbtest7_pkey  (cost=0.00..225.00 rows=10456 width=0)
	                    Index Cond: ((id >= 849762) AND (id <= 859761))

table 8 : explain SELECT DISTINCT c FROM sbtest8 WHERE id BETWEEN 4643130 AND 4653129 ORDER BY c
	Unique  (cost=35021.64..35071.60 rows=9992 width=121)
	  ->  Sort  (cost=35021.64..35046.62 rows=9992 width=121)
	        Sort Key: c
	        ->  Bitmap Heap Scan on sbtest8  (cost=214.85..34357.84 rows=9992 width=121)
	              Recheck Cond: ((id >= 4643130) AND (id <= 4653129))
	              ->  Bitmap Index Scan on sbtest8_pkey  (cost=0.00..212.36 rows=9992 width=0)
	                    Index Cond: ((id >= 4643130) AND (id <= 4653129))

for: order_ranges
table 1 : explain SELECT c FROM sbtest1 WHERE id BETWEEN 4817948 AND 4827947 ORDER BY c
	Sort  (cost=34748.62..34773.40 rows=9912 width=121)
	  Sort Key: c
	  ->  Bitmap Heap Scan on sbtest1  (cost=214.03..34090.72 rows=9912 width=121)
	        Recheck Cond: ((id >= 4817948) AND (id <= 4827947))
	        ->  Bitmap Index Scan on sbtest1_pkey  (cost=0.00..211.56 rows=9912 width=0)
	              Index Cond: ((id >= 4817948) AND (id <= 4827947))

table 2 : explain SELECT c FROM sbtest2 WHERE id BETWEEN 9878289 AND 9888288 ORDER BY c
	Sort  (cost=33895.56..33919.65 rows=9634 width=121)
	  Sort Key: c
	  ->  Bitmap Heap Scan on sbtest2  (cost=211.18..33258.09 rows=9634 width=121)
	        Recheck Cond: ((id >= 9878289) AND (id <= 9888288))
	        ->  Bitmap Index Scan on sbtest2_pkey  (cost=0.00..208.78 rows=9634 width=0)
	              Index Cond: ((id >= 9878289) AND (id <= 9888288))

table 3 : explain SELECT c FROM sbtest3 WHERE id BETWEEN 4797050 AND 4807049 ORDER BY c
	Sort  (cost=35281.37..35306.59 rows=10089 width=121)
	  Sort Key: c
	  ->  Bitmap Heap Scan on sbtest3  (cost=215.85..34610.42 rows=10089 width=121)
	        Recheck Cond: ((id >= 4797050) AND (id <= 4807049))
	        ->  Bitmap Index Scan on sbtest3_pkey  (cost=0.00..213.32 rows=10089 width=0)
	              Index Cond: ((id >= 4797050) AND (id <= 4807049))

table 4 : explain SELECT c FROM sbtest4 WHERE id BETWEEN 8711862 AND 8721861 ORDER BY c
	Sort  (cost=35975.59..36001.33 rows=10297 width=121)
	  Sort Key: c
	  ->  Bitmap Heap Scan on sbtest4  (cost=221.98..35289.29 rows=10297 width=121)
	        Recheck Cond: ((id >= 8711862) AND (id <= 8721861))
	        ->  Bitmap Index Scan on sbtest4_pkey  (cost=0.00..219.41 rows=10297 width=0)
	              Index Cond: ((id >= 8711862) AND (id <= 8721861))

table 5 : explain SELECT c FROM sbtest5 WHERE id BETWEEN 4059351 AND 4069350 ORDER BY c
	Sort  (cost=33906.78..33930.87 rows=9635 width=121)
	  Sort Key: c
	  ->  Bitmap Heap Scan on sbtest5  (cost=219.19..33269.23 rows=9635 width=121)
	        Recheck Cond: ((id >= 4059351) AND (id <= 4069350))
	        ->  Bitmap Index Scan on sbtest5_pkey  (cost=0.00..216.79 rows=9635 width=0)
	              Index Cond: ((id >= 4059351) AND (id <= 4069350))

table 6 : explain SELECT c FROM sbtest6 WHERE id BETWEEN 9372760 AND 9382759 ORDER BY c
	Sort  (cost=32561.45..32584.53 rows=9229 width=121)
	  Sort Key: c
	  ->  Bitmap Heap Scan on sbtest6  (cost=199.03..31953.63 rows=9229 width=121)
	        Recheck Cond: ((id >= 9372760) AND (id <= 9382759))
	        ->  Bitmap Index Scan on sbtest6_pkey  (cost=0.00..196.73 rows=9229 width=0)
	              Index Cond: ((id >= 9372760) AND (id <= 9382759))

table 7 : explain SELECT c FROM sbtest7 WHERE id BETWEEN 8443883 AND 8453882 ORDER BY c
	Sort  (cost=33290.13..33313.76 rows=9455 width=121)
	  Sort Key: c
	  ->  Bitmap Heap Scan on sbtest7  (cost=205.35..32665.77 rows=9455 width=121)
	        Recheck Cond: ((id >= 8443883) AND (id <= 8453882))
	        ->  Bitmap Index Scan on sbtest7_pkey  (cost=0.00..202.99 rows=9455 width=0)
	              Index Cond: ((id >= 8443883) AND (id <= 8453882))

table 8 : explain SELECT c FROM sbtest8 WHERE id BETWEEN 5628734 AND 5638733 ORDER BY c
	Sort  (cost=34630.02..34654.69 rows=9870 width=121)
	  Sort Key: c
	  ->  Bitmap Heap Scan on sbtest8  (cost=213.60..33975.20 rows=9870 width=121)
	        Recheck Cond: ((id >= 5628734) AND (id <= 5638733))
	        ->  Bitmap Index Scan on sbtest8_pkey  (cost=0.00..211.13 rows=9870 width=0)
	              Index Cond: ((id >= 5628734) AND (id <= 5638733))

for: sum_ranges
table 1 : explain SELECT SUM(k) FROM sbtest1 WHERE id BETWEEN 553876 AND 563875
	Aggregate  (cost=33076.65..33076.66 rows=1 width=8)
	  ->  Bitmap Heap Scan on sbtest1  (cost=206.63..33052.70 rows=9580 width=4)
	        Recheck Cond: ((id >= 553876) AND (id <= 563875))
	        ->  Bitmap Index Scan on sbtest1_pkey  (cost=0.00..204.24 rows=9580 width=0)
	              Index Cond: ((id >= 553876) AND (id <= 563875))

table 2 : explain SELECT SUM(k) FROM sbtest2 WHERE id BETWEEN 6204825 AND 6214824
	Aggregate  (cost=33995.53..33995.54 rows=1 width=8)
	  ->  Bitmap Heap Scan on sbtest2  (cost=213.52..33970.88 rows=9862 width=4)
	        Recheck Cond: ((id >= 6204825) AND (id <= 6214824))
	        ->  Bitmap Index Scan on sbtest2_pkey  (cost=0.00..211.06 rows=9862 width=0)
	              Index Cond: ((id >= 6204825) AND (id <= 6214824))

table 3 : explain SELECT SUM(k) FROM sbtest3 WHERE id BETWEEN 2234084 AND 2244083
	Aggregate  (cost=33455.44..33455.45 rows=1 width=8)
	  ->  Bitmap Heap Scan on sbtest3  (cost=207.97..33431.16 rows=9711 width=4)
	        Recheck Cond: ((id >= 2234084) AND (id <= 2244083))
	        ->  Bitmap Index Scan on sbtest3_pkey  (cost=0.00..205.55 rows=9711 width=0)
	              Index Cond: ((id >= 2234084) AND (id <= 2244083))

table 4 : explain SELECT SUM(k) FROM sbtest4 WHERE id BETWEEN 2621759 AND 2631758
	Aggregate  (cost=36223.44..36223.45 rows=1 width=8)
	  ->  Bitmap Heap Scan on sbtest4  (cost=228.98..36196.96 rows=10590 width=4)
	        Recheck Cond: ((id >= 2621759) AND (id <= 2631758))
	        ->  Bitmap Index Scan on sbtest4_pkey  (cost=0.00..226.34 rows=10590 width=0)
	              Index Cond: ((id >= 2621759) AND (id <= 2631758))

table 5 : explain SELECT SUM(k) FROM sbtest5 WHERE id BETWEEN 9463260 AND 9473259
	Aggregate  (cost=34174.23..34174.24 rows=1 width=8)
	  ->  Bitmap Heap Scan on sbtest5  (cost=222.08..34149.44 rows=9917 width=4)
	        Recheck Cond: ((id >= 9463260) AND (id <= 9473259))
	        ->  Bitmap Index Scan on sbtest5_pkey  (cost=0.00..219.61 rows=9917 width=0)
	              Index Cond: ((id >= 9463260) AND (id <= 9473259))

table 6 : explain SELECT SUM(k) FROM sbtest6 WHERE id BETWEEN 3829540 AND 3839539
	Aggregate  (cost=31528.38..31528.39 rows=1 width=8)
	  ->  Bitmap Heap Scan on sbtest6  (cost=197.58..31505.67 rows=9087 width=4)
	        Recheck Cond: ((id >= 3829540) AND (id <= 3839539))
	        ->  Bitmap Index Scan on sbtest6_pkey  (cost=0.00..195.31 rows=9087 width=0)
	              Index Cond: ((id >= 3829540) AND (id <= 3839539))

table 7 : explain SELECT SUM(k) FROM sbtest7 WHERE id BETWEEN 6040400 AND 6050399
	Aggregate  (cost=34731.14..34731.15 rows=1 width=8)
	  ->  Bitmap Heap Scan on sbtest7  (cost=220.03..34705.87 rows=10107 width=4)
	        Recheck Cond: ((id >= 6040400) AND (id <= 6050399))
	        ->  Bitmap Index Scan on sbtest7_pkey  (cost=0.00..217.50 rows=10107 width=0)
	              Index Cond: ((id >= 6040400) AND (id <= 6050399))

table 8 : explain SELECT SUM(k) FROM sbtest8 WHERE id BETWEEN 9762506 AND 9772505
	Aggregate  (cost=32632.99..32633.00 rows=1 width=8)
	  ->  Bitmap Heap Scan on sbtest8  (cost=205.13..32609.40 rows=9434 width=4)
	        Recheck Cond: ((id >= 9762506) AND (id <= 9772505))
	        ->  Bitmap Index Scan on sbtest8_pkey  (cost=0.00..202.78 rows=9434 width=0)
	              Index Cond: ((id >= 9762506) AND (id <= 9772505))

for: distinct_ranges
table 1 : explain SELECT DISTINCT c FROM sbtest1 WHERE id BETWEEN 3170599 AND 3180598 ORDER BY c
	Unique  (cost=33398.63..33446.08 rows=9490 width=121)
	  ->  Sort  (cost=33398.63..33422.35 rows=9490 width=121)
	        Sort Key: c
	        ->  Bitmap Heap Scan on sbtest1  (cost=205.71..32771.71 rows=9490 width=121)
	              Recheck Cond: ((id >= 3170599) AND (id <= 3180598))
	              ->  Bitmap Index Scan on sbtest1_pkey  (cost=0.00..203.34 rows=9490 width=0)
	                    Index Cond: ((id >= 3170599) AND (id <= 3180598))

table 2 : explain SELECT DISTINCT c FROM sbtest2 WHERE id BETWEEN 5283299 AND 5293298 ORDER BY c
	Unique  (cost=36626.89..36679.34 rows=10490 width=121)
	  ->  Sort  (cost=36626.89..36653.11 rows=10490 width=121)
	        Sort Key: c
	        ->  Bitmap Heap Scan on sbtest2  (cost=227.96..35926.33 rows=10490 width=121)
	              Recheck Cond: ((id >= 5283299) AND (id <= 5293298))
	              ->  Bitmap Index Scan on sbtest2_pkey  (cost=0.00..225.34 rows=10490 width=0)
	                    Index Cond: ((id >= 5283299) AND (id <= 5293298))

table 3 : explain SELECT DISTINCT c FROM sbtest3 WHERE id BETWEEN 9488296 AND 9498295 ORDER BY c
	Unique  (cost=34936.73..34986.63 rows=9980 width=121)
	  ->  Sort  (cost=34936.73..34961.68 rows=9980 width=121)
	        Sort Key: c
	        ->  Bitmap Heap Scan on sbtest3  (cost=214.73..34273.82 rows=9980 width=121)
	              Recheck Cond: ((id >= 9488296) AND (id <= 9498295))
	              ->  Bitmap Index Scan on sbtest3_pkey  (cost=0.00..212.24 rows=9980 width=0)
	                    Index Cond: ((id >= 9488296) AND (id <= 9498295))

table 4 : explain SELECT DISTINCT c FROM sbtest4 WHERE id BETWEEN 4407869 AND 4417868 ORDER BY c
	Unique  (cost=34005.06..34053.46 rows=9680 width=121)
	  ->  Sort  (cost=34005.06..34029.26 rows=9680 width=121)
	        Sort Key: c
	        ->  Bitmap Heap Scan on sbtest4  (cost=207.66..33364.21 rows=9680 width=121)
	              Recheck Cond: ((id >= 4407869) AND (id <= 4417868))
	              ->  Bitmap Index Scan on sbtest4_pkey  (cost=0.00..205.24 rows=9680 width=0)
	                    Index Cond: ((id >= 4407869) AND (id <= 4417868))

table 5 : explain SELECT DISTINCT c FROM sbtest5 WHERE id BETWEEN 3570042 AND 3580041 ORDER BY c
	Unique  (cost=31490.70..31535.15 rows=8889 width=121)
	  ->  Sort  (cost=31490.70..31512.93 rows=8889 width=121)
	        Sort Key: c
	        ->  Bitmap Heap Scan on sbtest5  (cost=199.55..30907.68 rows=8889 width=121)
	              Recheck Cond: ((id >= 3570042) AND (id <= 3580041))
	              ->  Bitmap Index Scan on sbtest5_pkey  (cost=0.00..197.32 rows=8889 width=0)
	                    Index Cond: ((id >= 3570042) AND (id <= 3580041))

table 6 : explain SELECT DISTINCT c FROM sbtest6 WHERE id BETWEEN 9414577 AND 9424576 ORDER BY c
	Unique  (cost=33681.48..33729.36 rows=9577 width=121)
	  ->  Sort  (cost=33681.48..33705.42 rows=9577 width=121)
	        Sort Key: c
	        ->  Bitmap Heap Scan on sbtest6  (cost=206.60..33048.18 rows=9577 width=121)
	              Recheck Cond: ((id >= 9414577) AND (id <= 9424576))
	              ->  Bitmap Index Scan on sbtest6_pkey  (cost=0.00..204.20 rows=9577 width=0)
	                    Index Cond: ((id >= 9414577) AND (id <= 9424576))

table 7 : explain SELECT DISTINCT c FROM sbtest7 WHERE id BETWEEN 4851350 AND 4861349 ORDER BY c
	Unique  (cost=34680.43..34729.87 rows=9889 width=121)
	  ->  Sort  (cost=34680.43..34705.15 rows=9889 width=121)
	        Sort Key: c
	        ->  Bitmap Heap Scan on sbtest7  (cost=213.80..34024.21 rows=9889 width=121)
	              Recheck Cond: ((id >= 4851350) AND (id <= 4861349))
	              ->  Bitmap Index Scan on sbtest7_pkey  (cost=0.00..211.32 rows=9889 width=0)
	                    Index Cond: ((id >= 4851350) AND (id <= 4861349))

table 8 : explain SELECT DISTINCT c FROM sbtest8 WHERE id BETWEEN 5689366 AND 5699365 ORDER BY c
	Unique  (cost=35117.12..35167.23 rows=10023 width=121)
	  ->  Sort  (cost=35117.12..35142.17 rows=10023 width=121)
	        Sort Key: c
	        ->  Bitmap Heap Scan on sbtest8  (cost=215.17..34451.04 rows=10023 width=121)
	              Recheck Cond: ((id >= 5689366) AND (id <= 5699365))
	              ->  Bitmap Index Scan on sbtest8_pkey  (cost=0.00..212.67 rows=10023 width=0)
	                    Index Cond: ((id >= 5689366) AND (id <= 5699365))

for: order_ranges
table 1 : explain SELECT c FROM sbtest1 WHERE id BETWEEN 2098646 AND 2108645 ORDER BY c
	Sort  (cost=33408.54..33432.27 rows=9493 width=121)
	  Sort Key: c
	  ->  Bitmap Heap Scan on sbtest1  (cost=205.74..32781.40 rows=9493 width=121)
	        Recheck Cond: ((id >= 2098646) AND (id <= 2108645))
	        ->  Bitmap Index Scan on sbtest1_pkey  (cost=0.00..203.37 rows=9493 width=0)
	              Index Cond: ((id >= 2098646) AND (id <= 2108645))

table 2 : explain SELECT c FROM sbtest2 WHERE id BETWEEN 3832331 AND 3842330 ORDER BY c
	Sort  (cost=35781.25..35806.80 rows=10223 width=121)
	  Sort Key: c
	  ->  Bitmap Heap Scan on sbtest2  (cost=225.22..35100.42 rows=10223 width=121)
	        Recheck Cond: ((id >= 3832331) AND (id <= 3842330))
	        ->  Bitmap Index Scan on sbtest2_pkey  (cost=0.00..222.67 rows=10223 width=0)
	              Index Cond: ((id >= 3832331) AND (id <= 3842330))

table 3 : explain SELECT c FROM sbtest3 WHERE id BETWEEN 1723613 AND 1733612 ORDER BY c
	Sort  (cost=35317.40..35342.65 rows=10100 width=121)
	  Sort Key: c
	  ->  Bitmap Heap Scan on sbtest3  (cost=215.96..34645.65 rows=10100 width=121)
	        Recheck Cond: ((id >= 1723613) AND (id <= 1733612))
	        ->  Bitmap Index Scan on sbtest3_pkey  (cost=0.00..213.44 rows=10100 width=0)
	              Index Cond: ((id >= 1723613) AND (id <= 1733612))

table 4 : explain SELECT c FROM sbtest4 WHERE id BETWEEN 8552557 AND 8562556 ORDER BY c
	Sort  (cost=34377.67..34402.16 rows=9797 width=121)
	  Sort Key: c
	  ->  Bitmap Heap Scan on sbtest4  (cost=208.85..33728.22 rows=9797 width=121)
	        Recheck Cond: ((id >= 8552557) AND (id <= 8562556))
	        ->  Bitmap Index Scan on sbtest4_pkey  (cost=0.00..206.41 rows=9797 width=0)
	              Index Cond: ((id >= 8552557) AND (id <= 8562556))

table 5 : explain SELECT c FROM sbtest5 WHERE id BETWEEN 6336311 AND 6346310 ORDER BY c
	Sort  (cost=34184.34..34208.65 rows=9722 width=121)
	  Sort Key: c
	  ->  Bitmap Heap Scan on sbtest5  (cost=220.09..33540.40 rows=9722 width=121)
	        Recheck Cond: ((id >= 6336311) AND (id <= 6346310))
	        ->  Bitmap Index Scan on sbtest5_pkey  (cost=0.00..217.66 rows=9722 width=0)
	              Index Cond: ((id >= 6336311) AND (id <= 6346310))

table 6 : explain SELECT c FROM sbtest6 WHERE id BETWEEN 1725481 AND 1735480 ORDER BY c
	Sort  (cost=36817.81..36844.21 rows=10560 width=121)
	  Sort Key: c
	  ->  Bitmap Heap Scan on sbtest6  (cost=228.68..36112.07 rows=10560 width=121)
	        Recheck Cond: ((id >= 1725481) AND (id <= 1735480))
	        ->  Bitmap Index Scan on sbtest6_pkey  (cost=0.00..226.04 rows=10560 width=0)
	              Index Cond: ((id >= 1725481) AND (id <= 1735480))

table 7 : explain SELECT c FROM sbtest7 WHERE id BETWEEN 9493309 AND 9503308 ORDER BY c
	Sort  (cost=32812.53..32835.80 rows=9308 width=121)
	  Sort Key: c
	  ->  Bitmap Heap Scan on sbtest7  (cost=199.84..32198.93 rows=9308 width=121)
	        Recheck Cond: ((id >= 9493309) AND (id <= 9503308))
	        ->  Bitmap Index Scan on sbtest7_pkey  (cost=0.00..197.51 rows=9308 width=0)
	              Index Cond: ((id >= 9493309) AND (id <= 9503308))

table 8 : explain SELECT c FROM sbtest8 WHERE id BETWEEN 8469359 AND 8479358 ORDER BY c
	Sort  (cost=32531.86..32554.90 rows=9217 width=121)
	  Sort Key: c
	  ->  Bitmap Heap Scan on sbtest8  (cost=198.91..31924.92 rows=9217 width=121)
	        Recheck Cond: ((id >= 8469359) AND (id <= 8479358))
	        ->  Bitmap Index Scan on sbtest8_pkey  (cost=0.00..196.61 rows=9217 width=0)
	              Index Cond: ((id >= 8469359) AND (id <= 8479358))

for: distinct_ranges
table 1 : explain SELECT DISTINCT c FROM sbtest1 WHERE id BETWEEN 69616 AND 79615 ORDER BY c
	Unique  (cost=32676.07..32722.40 rows=9267 width=121)
	  ->  Sort  (cost=32676.07..32699.23 rows=9267 width=121)
	        Sort Key: c
	        ->  Bitmap Heap Scan on sbtest1  (cost=199.42..32065.47 rows=9267 width=121)
	              Recheck Cond: ((id >= 69616) AND (id <= 79615))
	              ->  Bitmap Index Scan on sbtest1_pkey  (cost=0.00..197.11 rows=9267 width=0)
	                    Index Cond: ((id >= 69616) AND (id <= 79615))

table 2 : explain SELECT DISTINCT c FROM sbtest2 WHERE id BETWEEN 6143150 AND 6153149 ORDER BY c
	Unique  (cost=35827.25..35878.44 rows=10238 width=121)
	  ->  Sort  (cost=35827.25..35852.85 rows=10238 width=121)
	        Sort Key: c
	        ->  Bitmap Heap Scan on sbtest2  (cost=225.37..35145.32 rows=10238 width=121)
	              Recheck Cond: ((id >= 6143150) AND (id <= 6153149))
	              ->  Bitmap Index Scan on sbtest2_pkey  (cost=0.00..222.81 rows=10238 width=0)
	                    Index Cond: ((id >= 6143150) AND (id <= 6153149))

table 3 : explain SELECT DISTINCT c FROM sbtest3 WHERE id BETWEEN 1168010 AND 1178009 ORDER BY c
	Unique  (cost=35481.35..35532.11 rows=10152 width=121)
	  ->  Sort  (cost=35481.35..35506.73 rows=10152 width=121)
	        Sort Key: c
	        ->  Bitmap Heap Scan on sbtest3  (cost=216.49..34805.76 rows=10152 width=121)
	              Recheck Cond: ((id >= 1168010) AND (id <= 1178009))
	              ->  Bitmap Index Scan on sbtest3_pkey  (cost=0.00..213.95 rows=10152 width=0)
	                    Index Cond: ((id >= 1168010) AND (id <= 1178009))

table 4 : explain SELECT DISTINCT c FROM sbtest4 WHERE id BETWEEN 5806063 AND 5816062 ORDER BY c
	Unique  (cost=29973.53..30015.70 rows=8435 width=121)
	  ->  Sort  (cost=29973.53..29994.62 rows=8435 width=121)
	        Sort Key: c
	        ->  Bitmap Heap Scan on sbtest4  (cost=182.89..29423.47 rows=8435 width=121)
	              Recheck Cond: ((id >= 5806063) AND (id <= 5816062))
	              ->  Bitmap Index Scan on sbtest4_pkey  (cost=0.00..180.79 rows=8435 width=0)
	                    Index Cond: ((id >= 5806063) AND (id <= 5816062))

table 5 : explain SELECT DISTINCT c FROM sbtest5 WHERE id BETWEEN 5858733 AND 5868732 ORDER BY c
	Unique  (cost=34745.17..34794.66 rows=9898 width=121)
	  ->  Sort  (cost=34745.17..34769.92 rows=9898 width=121)
	        Sort Key: c
	        ->  Bitmap Heap Scan on sbtest5  (cost=221.89..34088.30 rows=9898 width=121)
	              Recheck Cond: ((id >= 5858733) AND (id <= 5868732))
	              ->  Bitmap Index Scan on sbtest5_pkey  (cost=0.00..219.42 rows=9898 width=0)
	                    Index Cond: ((id >= 5858733) AND (id <= 5868732))

table 6 : explain SELECT DISTINCT c FROM sbtest6 WHERE id BETWEEN 3941011 AND 3951010 ORDER BY c
	Unique  (cost=37786.98..37841.32 rows=10867 width=121)
	  ->  Sort  (cost=37786.98..37814.15 rows=10867 width=121)
	        Sort Key: c
	        ->  Bitmap Heap Scan on sbtest6  (cost=235.82..37058.48 rows=10867 width=121)
	              Recheck Cond: ((id >= 3941011) AND (id <= 3951010))
	              ->  Bitmap Index Scan on sbtest6_pkey  (cost=0.00..233.11 rows=10867 width=0)
	                    Index Cond: ((id >= 3941011) AND (id <= 3951010))

table 7 : explain SELECT DISTINCT c FROM sbtest7 WHERE id BETWEEN 7014599 AND 7024598 ORDER BY c
	Unique  (cost=37358.16..37411.82 rows=10732 width=121)
	  ->  Sort  (cost=37358.16..37384.99 rows=10732 width=121)
	        Sort Key: c
	        ->  Bitmap Heap Scan on sbtest7  (cost=230.44..36639.68 rows=10732 width=121)
	              Recheck Cond: ((id >= 7014599) AND (id <= 7024598))
	              ->  Bitmap Index Scan on sbtest7_pkey  (cost=0.00..227.75 rows=10732 width=0)
	                    Index Cond: ((id >= 7014599) AND (id <= 7024598))

table 8 : explain SELECT DISTINCT c FROM sbtest8 WHERE id BETWEEN 5296152 AND 5306151 ORDER BY c
	Unique  (cost=34873.63..34923.36 rows=9946 width=121)
	  ->  Sort  (cost=34873.63..34898.49 rows=9946 width=121)
	        Sort Key: c
	        ->  Bitmap Heap Scan on sbtest8  (cost=214.38..34213.22 rows=9946 width=121)
	              Recheck Cond: ((id >= 5296152) AND (id <= 5306151))
	              ->  Bitmap Index Scan on sbtest8_pkey  (cost=0.00..211.90 rows=9946 width=0)
	                    Index Cond: ((id >= 5296152) AND (id <= 5306151))

Threads started!

Warming up for 5 seconds...

SQL statistics:
    queries performed:
        read:                            3962295
        write:                           0
        other:                           566068
        total:                           4528363
    transactions:                        283054 (449.23 per sec.)
    queries:                             4528363 (7186.93 per sec.)
    ignored errors:                      0      (0.00 per sec.)
    reconnects:                          0      (0.00 per sec.)

Throughput:
    events/s (eps):                      449.2329
    time elapsed:                        630.0832s
    total number of events:              283054

Latency (ms):
         min:                                   54.84
         avg:                                   89.04
         max:                                   99.55
         95th percentile:                       92.42
         sum:                             25202794.71

Threads fairness:
    events (avg/stddev):           7076.3500/15.36
    execution time (avg/stddev):   630.0699/0.03

