LUA_PATH=/home/mdcallag/git/mytools/bench/sysbench.lua/lua/?.lua /home/mdcallag/git/mytools/bench/sysbench.lua/lua/sysbench --db-driver=pgsql --range-size=100 --table-size=10000000 --tables=8 --threads=40 --events=0 --warmup-time=5 --time=930 --pgsql_conn_id=true /home/mdcallag/git/mytools/bench/sysbench.lua/lua/oltp_read_write.lua run --pgsql-user=root --pgsql-password=pw --pgsql-host=127.0.0.1 --pgsql-db=ib --rand-type=uniform
48 CPUs
sysbench 1.1.0-9072687 (using bundled LuaJIT 2.1.0-beta3)

Running the test with following options:
Number of threads: 40
Warmup time: 5s
Initializing random number generator from current time


Initializing worker threads...

explain: for point_selects :: explain SELECT c FROM sbtest%u WHERE id=%u
explain: for point_selects :: explain SELECT c FROM sbtest%u WHERE id=%u
explain: for point_selects :: explain SELECT c FROM sbtest%u WHERE id=%u
explain: for point_selects :: explain SELECT c FROM sbtest%u WHERE id=%u
explain: for point_selects :: explain SELECT c FROM sbtest%u WHERE id=%u
explain: for point_selects :: explain SELECT c FROM sbtest%u WHERE id=%u
for point_selects
table 1 : explain SELECT c FROM sbtest1 WHERE id=6567338
	Index Scan using sbtest1_pkey on sbtest1  (cost=0.43..8.45 rows=1 width=121)
	  Index Cond: (id = 6567338)

table 2 : explain SELECT c FROM sbtest2 WHERE id=8563493
	Index Scan using sbtest2_pkey on sbtest2  (cost=0.43..8.45 rows=1 width=121)
	  Index Cond: (id = 8563493)

table 3 : explain SELECT c FROM sbtest3 WHERE id=1087798
	Index Scan using sbtest3_pkey on sbtest3  (cost=0.43..8.45 rows=1 width=121)
	  Index Cond: (id = 1087798)

table 4 : explain SELECT c FROM sbtest4 WHERE id=4039169
	Index Scan using sbtest4_pkey on sbtest4  (cost=0.43..8.45 rows=1 width=121)
	  Index Cond: (id = 4039169)

table 5 : explain SELECT c FROM sbtest5 WHERE id=8004459
	Index Scan using sbtest5_pkey on sbtest5  (cost=0.43..8.45 rows=1 width=121)
	  Index Cond: (id = 8004459)

table 6 : explain SELECT c FROM sbtest6 WHERE id=7839715
	Index Scan using sbtest6_pkey on sbtest6  (cost=0.43..8.45 rows=1 width=121)
	  Index Cond: (id = 7839715)

table 7 : explain SELECT c FROM sbtest7 WHERE id=3972515
	Index Scan using sbtest7_pkey on sbtest7  (cost=0.43..8.45 rows=1 width=121)
	  Index Cond: (id = 3972515)

table 8 : explain SELECT c FROM sbtest8 WHERE id=9215078
	Index Scan using sbtest8_pkey on sbtest8  (cost=0.43..8.45 rows=1 width=121)
	  Index Cond: (id = 9215078)

for point_selects
table 1 : explain SELECT c FROM sbtest1 WHERE id=9673967
	Index Scan using sbtest1_pkey on sbtest1  (cost=0.43..8.45 rows=1 width=121)
	  Index Cond: (id = 9673967)

table 2 : explain SELECT c FROM sbtest2 WHERE id=9469160
	Index Scan using sbtest2_pkey on sbtest2  (cost=0.43..8.45 rows=1 width=121)
	  Index Cond: (id = 9469160)

table 3 : explain SELECT c FROM sbtest3 WHERE id=8999219
	Index Scan using sbtest3_pkey on sbtest3  (cost=0.43..8.45 rows=1 width=121)
	  Index Cond: (id = 8999219)

table 4 : explain SELECT c FROM sbtest4 WHERE id=641972
	Index Scan using sbtest4_pkey on sbtest4  (cost=0.43..8.45 rows=1 width=121)
	  Index Cond: (id = 641972)

table 5 : explain SELECT c FROM sbtest5 WHERE id=4637247
	Index Scan using sbtest5_pkey on sbtest5  (cost=0.43..8.45 rows=1 width=121)
	  Index Cond: (id = 4637247)

table 6 : explain SELECT c FROM sbtest6 WHERE id=1347541
	Index Scan using sbtest6_pkey on sbtest6  (cost=0.43..8.45 rows=1 width=121)
	  Index Cond: (id = 1347541)

table 7 : explain SELECT c FROM sbtest7 WHERE id=8512458
	Index Scan using sbtest7_pkey on sbtest7  (cost=0.43..8.45 rows=1 width=121)
	  Index Cond: (id = 8512458)

table 8 : explain SELECT c FROM sbtest8 WHERE id=6839076
	Index Scan using sbtest8_pkey on sbtest8  (cost=0.43..8.45 rows=1 width=121)
	  Index Cond: (id = 6839076)

for: simple_ranges
table 1 : explain SELECT c FROM sbtest1 WHERE id BETWEEN 2806582 AND 2806681
	Index Scan using sbtest1_pkey on sbtest1  (cost=0.43..385.75 rows=99 width=121)
	  Index Cond: ((id >= 2806582) AND (id <= 2806681))

table 2 : explain SELECT c FROM sbtest2 WHERE id BETWEEN 8902486 AND 8902585
	Index Scan using sbtest2_pkey on sbtest2  (cost=0.43..357.18 rows=92 width=121)
	  Index Cond: ((id >= 8902486) AND (id <= 8902585))

table 3 : explain SELECT c FROM sbtest3 WHERE id BETWEEN 4205325 AND 4205424
	Index Scan using sbtest3_pkey on sbtest3  (cost=0.43..390.46 rows=100 width=121)
	  Index Cond: ((id >= 4205325) AND (id <= 4205424))

table 4 : explain SELECT c FROM sbtest4 WHERE id BETWEEN 2162612 AND 2162711
	Index Scan using sbtest4_pkey on sbtest4  (cost=0.43..387.15 rows=99 width=121)
	  Index Cond: ((id >= 2162612) AND (id <= 2162711))

table 5 : explain SELECT c FROM sbtest5 WHERE id BETWEEN 5505621 AND 5505720
	Index Scan using sbtest5_pkey on sbtest5  (cost=0.43..360.43 rows=93 width=121)
	  Index Cond: ((id >= 5505621) AND (id <= 5505720))

table 6 : explain SELECT c FROM sbtest6 WHERE id BETWEEN 8282203 AND 8282302
	Index Scan using sbtest6_pkey on sbtest6  (cost=0.43..375.79 rows=97 width=121)
	  Index Cond: ((id >= 8282203) AND (id <= 8282302))

table 7 : explain SELECT c FROM sbtest7 WHERE id BETWEEN 6462069 AND 6462168
	Index Scan using sbtest7_pkey on sbtest7  (cost=0.43..376.07 rows=97 width=121)
	  Index Cond: ((id >= 6462069) AND (id <= 6462168))

table 8 : explain SELECT c FROM sbtest8 WHERE id BETWEEN 9801251 AND 9801350
	Index Scan using sbtest8_pkey on sbtest8  (cost=0.43..396.30 rows=102 width=121)
	  Index Cond: ((id >= 9801251) AND (id <= 9801350))

explain: for point_selects :: explain SELECT c FROM sbtest%u WHERE id=%u
for point_selects
table 1 : explain SELECT c FROM sbtest1 WHERE id=9300828
	Index Scan using sbtest1_pkey on sbtest1  (cost=0.43..8.45 rows=1 width=121)
	  Index Cond: (id = 9300828)

table 2 : explain SELECT c FROM sbtest2 WHERE id=6801633
	Index Scan using sbtest2_pkey on sbtest2  (cost=0.43..8.45 rows=1 width=121)
	  Index Cond: (id = 6801633)

table 3 : explain SELECT c FROM sbtest3 WHERE id=3150995
	Index Scan using sbtest3_pkey on sbtest3  (cost=0.43..8.45 rows=1 width=121)
	  Index Cond: (id = 3150995)

table 4 : explain SELECT c FROM sbtest4 WHERE id=3508910
	Index Scan using sbtest4_pkey on sbtest4  (cost=0.43..8.45 rows=1 width=121)
	  Index Cond: (id = 3508910)

table 5 : explain SELECT c FROM sbtest5 WHERE id=768135
	Index Scan using sbtest5_pkey on sbtest5  (cost=0.43..8.45 rows=1 width=121)
	  Index Cond: (id = 768135)

table 6 : explain SELECT c FROM sbtest6 WHERE id=1805962
	Index Scan using sbtest6_pkey on sbtest6  (cost=0.43..8.45 rows=1 width=121)
	  Index Cond: (id = 1805962)

table 7 : explain SELECT c FROM sbtest7 WHERE id=6198594
	Index Scan using sbtest7_pkey on sbtest7  (cost=0.43..8.45 rows=1 width=121)
	  Index Cond: (id = 6198594)

table 8 : explain SELECT c FROM sbtest8 WHERE id=2995727
	Index Scan using sbtest8_pkey on sbtest8  (cost=0.43..8.45 rows=1 width=121)
	  Index Cond: (id = 2995727)

for point_selects
table 1 : explain SELECT c FROM sbtest1 WHERE id=4677715
	Index Scan using sbtest1_pkey on sbtest1  (cost=0.43..8.45 rows=1 width=121)
	  Index Cond: (id = 4677715)

table 2 : explain SELECT c FROM sbtest2 WHERE id=7605598
	Index Scan using sbtest2_pkey on sbtest2  (cost=0.43..8.45 rows=1 width=121)
	  Index Cond: (id = 7605598)

table 3 : explain SELECT c FROM sbtest3 WHERE id=578917
	Index Scan using sbtest3_pkey on sbtest3  (cost=0.43..8.45 rows=1 width=121)
	  Index Cond: (id = 578917)

table 4 : explain SELECT c FROM sbtest4 WHERE id=8089161
	Index Scan using sbtest4_pkey on sbtest4  (cost=0.43..8.45 rows=1 width=121)
	  Index Cond: (id = 8089161)

table 5 : explain SELECT c FROM sbtest5 WHERE id=8739338
	Index Scan using sbtest5_pkey on sbtest5  (cost=0.43..8.45 rows=1 width=121)
	  Index Cond: (id = 8739338)

table 6 : explain SELECT c FROM sbtest6 WHERE id=6246990
	Index Scan using sbtest6_pkey on sbtest6  (cost=0.43..8.45 rows=1 width=121)
	  Index Cond: (id = 6246990)

table 7 : explain SELECT c FROM sbtest7 WHERE id=347713
	Index Scan using sbtest7_pkey on sbtest7  (cost=0.43..8.45 rows=1 width=121)
	  Index Cond: (id = 347713)

table 8 : explain SELECT c FROM sbtest8 WHERE id=1043078
	Index Scan using sbtest8_pkey on sbtest8  (cost=0.43..8.45 rows=1 width=121)
	  Index Cond: (id = 1043078)

for: simple_ranges
table 1 : explain SELECT c FROM sbtest1 WHERE id BETWEEN 5036611 AND 5036710
	Index Scan using sbtest1_pkey on sbtest1  (cost=0.43..401.19 rows=103 width=121)
	  Index Cond: ((id >= 5036611) AND (id <= 5036710))

table 2 : explain SELECT c FROM sbtest2 WHERE id BETWEEN 1154938 AND 1155037
	Index Scan using sbtest2_pkey on sbtest2  (cost=0.43..357.18 rows=92 width=121)
	  Index Cond: ((id >= 1154938) AND (id <= 1155037))

table 3 : explain SELECT c FROM sbtest3 WHERE id BETWEEN 5668198 AND 5668297
	Index Scan using sbtest3_pkey on sbtest3  (cost=0.43..386.61 rows=99 width=121)
	  Index Cond: ((id >= 5668198) AND (id <= 5668297))

table 4 : explain SELECT c FROM sbtest4 WHERE id BETWEEN 4366814 AND 4366913
	Index Scan using sbtest4_pkey on sbtest4  (cost=0.43..418.10 rows=107 width=121)
	  Index Cond: ((id >= 4366814) AND (id <= 4366913))

table 5 : explain SELECT c FROM sbtest5 WHERE id BETWEEN 7705277 AND 7705376
	Index Scan using sbtest5_pkey on sbtest5  (cost=0.43..379.55 rows=98 width=121)
	  Index Cond: ((id >= 7705277) AND (id <= 7705376))

table 6 : explain SELECT c FROM sbtest6 WHERE id BETWEEN 4840309 AND 4840408
	Index Scan using sbtest6_pkey on sbtest6  (cost=0.43..414.10 rows=107 width=121)
	  Index Cond: ((id >= 4840309) AND (id <= 4840408))

table 7 : explain SELECT c FROM sbtest7 WHERE id BETWEEN 569677 AND 569776
	Index Scan using sbtest7_pkey on sbtest7  (cost=0.43..399.09 rows=103 width=121)
	  Index Cond: ((id >= 569677) AND (id <= 569776))

table 8 : explain SELECT c FROM sbtest8 WHERE id BETWEEN 2308961 AND 2309060
	Index Scan using sbtest8_pkey on sbtest8  (cost=0.43..392.46 rows=101 width=121)
	  Index Cond: ((id >= 2308961) AND (id <= 2309060))

for point_selects
table 1 : explain SELECT c FROM sbtest1 WHERE id=310263
	Index Scan using sbtest1_pkey on sbtest1  (cost=0.43..8.45 rows=1 width=121)
	  Index Cond: (id = 310263)

table 2 : explain SELECT c FROM sbtest2 WHERE id=653045
	Index Scan using sbtest2_pkey on sbtest2  (cost=0.43..8.45 rows=1 width=121)
	  Index Cond: (id = 653045)

table 3 : explain SELECT c FROM sbtest3 WHERE id=7688516
	Index Scan using sbtest3_pkey on sbtest3  (cost=0.43..8.45 rows=1 width=121)
	  Index Cond: (id = 7688516)

table 4 : explain SELECT c FROM sbtest4 WHERE id=4054686
	Index Scan using sbtest4_pkey on sbtest4  (cost=0.43..8.45 rows=1 width=121)
	  Index Cond: (id = 4054686)

table 5 : explain SELECT c FROM sbtest5 WHERE id=4430773
	Index Scan using sbtest5_pkey on sbtest5  (cost=0.43..8.45 rows=1 width=121)
	  Index Cond: (id = 4430773)

table 6 : explain SELECT c FROM sbtest6 WHERE id=703777
	Index Scan using sbtest6_pkey on sbtest6  (cost=0.43..8.45 rows=1 width=121)
	  Index Cond: (id = 703777)

table 7 : explain SELECT c FROM sbtest7 WHERE id=917952
	Index Scan using sbtest7_pkey on sbtest7  (cost=0.43..8.45 rows=1 width=121)
	  Index Cond: (id = 917952)

table 8 : explain SELECT c FROM sbtest8 WHERE id=7142279
	Index Scan using sbtest8_pkey on sbtest8  (cost=0.43..8.45 rows=1 width=121)
	  Index Cond: (id = 7142279)

for point_selects
table 1 : explain SELECT c FROM sbtest1 WHERE id=7586173
	Index Scan using sbtest1_pkey on sbtest1  (cost=0.43..8.45 rows=1 width=121)
	  Index Cond: (id = 7586173)

table 2 : explain SELECT c FROM sbtest2 WHERE id=1612608
	Index Scan using sbtest2_pkey on sbtest2  (cost=0.43..8.45 rows=1 width=121)
	  Index Cond: (id = 1612608)

table 3 : explain SELECT c FROM sbtest3 WHERE id=1918940
	Index Scan using sbtest3_pkey on sbtest3  (cost=0.43..8.45 rows=1 width=121)
	  Index Cond: (id = 1918940)

table 4 : explain SELECT c FROM sbtest4 WHERE id=1867781
	Index Scan using sbtest4_pkey on sbtest4  (cost=0.43..8.45 rows=1 width=121)
	  Index Cond: (id = 1867781)

table 5 : explain SELECT c FROM sbtest5 WHERE id=8040515
	Index Scan using sbtest5_pkey on sbtest5  (cost=0.43..8.45 rows=1 width=121)
	  Index Cond: (id = 8040515)

table 6 : explain SELECT c FROM sbtest6 WHERE id=5094331
	Index Scan using sbtest6_pkey on sbtest6  (cost=0.43..8.45 rows=1 width=121)
	  Index Cond: (id = 5094331)

table 7 : explain SELECT c FROM sbtest7 WHERE id=6800790
	Index Scan using sbtest7_pkey on sbtest7  (cost=0.43..8.45 rows=1 width=121)
	  Index Cond: (id = 6800790)

table 8 : explain SELECT c FROM sbtest8 WHERE id=3038750
	Index Scan using sbtest8_pkey on sbtest8  (cost=0.43..8.45 rows=1 width=121)
	  Index Cond: (id = 3038750)

for: simple_ranges
table 1 : explain SELECT c FROM sbtest1 WHERE id BETWEEN 6444702 AND 6444801
	Index Scan using sbtest1_pkey on sbtest1  (cost=0.43..389.60 rows=100 width=121)
	  Index Cond: ((id >= 6444702) AND (id <= 6444801))

table 2 : explain SELECT c FROM sbtest2 WHERE id BETWEEN 6315962 AND 6316061
	Index Scan using sbtest2_pkey on sbtest2  (cost=0.43..414.70 rows=107 width=121)
	  Index Cond: ((id >= 6315962) AND (id <= 6316061))

table 3 : explain SELECT c FROM sbtest3 WHERE id BETWEEN 6474025 AND 6474124
	Index Scan using sbtest3_pkey on sbtest3  (cost=0.43..371.18 rows=95 width=121)
	  Index Cond: ((id >= 6474025) AND (id <= 6474124))

table 4 : explain SELECT c FROM sbtest4 WHERE id BETWEEN 9606601 AND 9606700
	Index Scan using sbtest4_pkey on sbtest4  (cost=0.43..383.29 rows=98 width=121)
	  Index Cond: ((id >= 9606601) AND (id <= 9606700))

table 5 : explain SELECT c FROM sbtest5 WHERE id BETWEEN 4595153 AND 4595252
	Index Scan using sbtest5_pkey on sbtest5  (cost=0.43..379.55 rows=98 width=121)
	  Index Cond: ((id >= 4595153) AND (id <= 4595252))

table 6 : explain SELECT c FROM sbtest6 WHERE id BETWEEN 2188353 AND 2188452
	Index Scan using sbtest6_pkey on sbtest6  (cost=0.43..371.97 rows=96 width=121)
	  Index Cond: ((id >= 2188353) AND (id <= 2188452))

table 7 : explain SELECT c FROM sbtest7 WHERE id BETWEEN 7568981 AND 7569080
	Index Scan using sbtest7_pkey on sbtest7  (cost=0.43..402.91 rows=104 width=121)
	  Index Cond: ((id >= 7568981) AND (id <= 7569080))

table 8 : explain SELECT c FROM sbtest8 WHERE id BETWEEN 210837 AND 210936
	Index Scan using sbtest8_pkey on sbtest8  (cost=0.43..384.74 rows=99 width=121)
	  Index Cond: ((id >= 210837) AND (id <= 210936))

for: simple_ranges
table 1 : explain SELECT c FROM sbtest1 WHERE id BETWEEN 2742945 AND 2743044
	Index Scan using sbtest1_pkey on sbtest1  (cost=0.43..385.75 rows=99 width=121)
	  Index Cond: ((id >= 2742945) AND (id <= 2743044))

table 2 : explain SELECT c FROM sbtest2 WHERE id BETWEEN 9351764 AND 9351863
	Index Scan using sbtest2_pkey on sbtest2  (cost=0.43..376.34 rows=97 width=121)
	  Index Cond: ((id >= 9351764) AND (id <= 9351863))

table 3 : explain SELECT c FROM sbtest3 WHERE id BETWEEN 922456 AND 922555
	Index Scan using sbtest3_pkey on sbtest3  (cost=0.43..382.75 rows=98 width=121)
	  Index Cond: ((id >= 922456) AND (id <= 922555))

table 4 : explain SELECT c FROM sbtest4 WHERE id BETWEEN 9045989 AND 9046088
	Index Scan using sbtest4_pkey on sbtest4  (cost=0.43..398.78 rows=102 width=121)
	  Index Cond: ((id >= 9045989) AND (id <= 9046088))

table 5 : explain SELECT c FROM sbtest5 WHERE id BETWEEN 2165073 AND 2165172
	Index Scan using sbtest5_pkey on sbtest5  (cost=0.43..421.67 rows=109 width=121)
	  Index Cond: ((id >= 2165073) AND (id <= 2165172))

table 6 : explain SELECT c FROM sbtest6 WHERE id BETWEEN 4092721 AND 4092820
	Index Scan using sbtest6_pkey on sbtest6  (cost=0.43..402.62 rows=104 width=121)
	  Index Cond: ((id >= 4092721) AND (id <= 4092820))

table 7 : explain SELECT c FROM sbtest7 WHERE id BETWEEN 3943737 AND 3943836
	Index Scan using sbtest7_pkey on sbtest7  (cost=0.43..391.43 rows=101 width=121)
	  Index Cond: ((id >= 3943737) AND (id <= 3943836))

table 8 : explain SELECT c FROM sbtest8 WHERE id BETWEEN 7165959 AND 7166058
	Index Scan using sbtest8_pkey on sbtest8  (cost=0.43..407.82 rows=105 width=121)
	  Index Cond: ((id >= 7165959) AND (id <= 7166058))

for: simple_ranges
table 1 : explain SELECT c FROM sbtest1 WHERE id BETWEEN 5139306 AND 5139405
	Index Scan using sbtest1_pkey on sbtest1  (cost=0.43..393.49 rows=101 width=121)
	  Index Cond: ((id >= 5139306) AND (id <= 5139405))

table 2 : explain SELECT c FROM sbtest2 WHERE id BETWEEN 8165178 AND 8165277
	Index Scan using sbtest2_pkey on sbtest2  (cost=0.43..349.52 rows=90 width=121)
	  Index Cond: ((id >= 8165178) AND (id <= 8165277))

table 3 : explain SELECT c FROM sbtest3 WHERE id BETWEEN 4707164 AND 4707263
	Index Scan using sbtest3_pkey on sbtest3  (cost=0.43..417.51 rows=107 width=121)
	  Index Cond: ((id >= 4707164) AND (id <= 4707263))

table 4 : explain SELECT c FROM sbtest4 WHERE id BETWEEN 6230404 AND 6230503
	Index Scan using sbtest4_pkey on sbtest4  (cost=0.43..375.56 rows=96 width=121)
	  Index Cond: ((id >= 6230404) AND (id <= 6230503))

table 5 : explain SELECT c FROM sbtest5 WHERE id BETWEEN 2918796 AND 2918895
	Index Scan using sbtest5_pkey on sbtest5  (cost=0.43..360.43 rows=93 width=121)
	  Index Cond: ((id >= 2918796) AND (id <= 2918895))

table 6 : explain SELECT c FROM sbtest6 WHERE id BETWEEN 1801774 AND 1801873
	Index Scan using sbtest6_pkey on sbtest6  (cost=0.43..398.80 rows=103 width=121)
	  Index Cond: ((id >= 1801774) AND (id <= 1801873))

table 7 : explain SELECT c FROM sbtest7 WHERE id BETWEEN 2566649 AND 2566748
	Index Scan using sbtest7_pkey on sbtest7  (cost=0.43..383.72 rows=99 width=121)
	  Index Cond: ((id >= 2566649) AND (id <= 2566748))

table 8 : explain SELECT c FROM sbtest8 WHERE id BETWEEN 4832231 AND 4832330
	Index Scan using sbtest8_pkey on sbtest8  (cost=0.43..411.66 rows=106 width=121)
	  Index Cond: ((id >= 4832231) AND (id <= 4832330))

for: simple_ranges
table 1 : explain SELECT c FROM sbtest1 WHERE id BETWEEN 1254153 AND 1254252
	Index Scan using sbtest1_pkey on sbtest1  (cost=0.43..401.19 rows=103 width=121)
	  Index Cond: ((id >= 1254153) AND (id <= 1254252))

table 2 : explain SELECT c FROM sbtest2 WHERE id BETWEEN 9383162 AND 9383261
	Index Scan using sbtest2_pkey on sbtest2  (cost=0.43..376.34 rows=97 width=121)
	  Index Cond: ((id >= 9383162) AND (id <= 9383261))

table 3 : explain SELECT c FROM sbtest3 WHERE id BETWEEN 5105009 AND 5105108
	Index Scan using sbtest3_pkey on sbtest3  (cost=0.43..359.60 rows=92 width=121)
	  Index Cond: ((id >= 5105009) AND (id <= 5105108))

table 4 : explain SELECT c FROM sbtest4 WHERE id BETWEEN 7659341 AND 7659440
	Index Scan using sbtest4_pkey on sbtest4  (cost=0.43..367.84 rows=94 width=121)
	  Index Cond: ((id >= 7659341) AND (id <= 7659440))

table 5 : explain SELECT c FROM sbtest5 WHERE id BETWEEN 5678469 AND 5678568
	Index Scan using sbtest5_pkey on sbtest5  (cost=0.43..402.55 rows=104 width=121)
	  Index Cond: ((id >= 5678469) AND (id <= 5678568))

table 6 : explain SELECT c FROM sbtest6 WHERE id BETWEEN 3566714 AND 3566813
	Index Scan using sbtest6_pkey on sbtest6  (cost=0.43..387.27 rows=100 width=121)
	  Index Cond: ((id >= 3566714) AND (id <= 3566813))

table 7 : explain SELECT c FROM sbtest7 WHERE id BETWEEN 4464939 AND 4465038
	Index Scan using sbtest7_pkey on sbtest7  (cost=0.43..395.26 rows=102 width=121)
	  Index Cond: ((id >= 4464939) AND (id <= 4465038))

table 8 : explain SELECT c FROM sbtest8 WHERE id BETWEEN 9993341 AND 9993440
	Index Scan using sbtest8_pkey on sbtest8  (cost=0.43..377.06 rows=97 width=121)
	  Index Cond: ((id >= 9993341) AND (id <= 9993440))

for: sum_ranges
table 1 : explain SELECT SUM(k) FROM sbtest1 WHERE id BETWEEN 9201996 AND 9202095
	Aggregate  (cost=382.15..382.16 rows=1 width=8)
	  ->  Index Scan using sbtest1_pkey on sbtest1  (cost=0.43..381.90 rows=98 width=4)
	        Index Cond: ((id >= 9201996) AND (id <= 9202095))

table 2 : explain SELECT SUM(k) FROM sbtest2 WHERE id BETWEEN 9285293 AND 9285392
	Aggregate  (cost=376.58..376.59 rows=1 width=8)
	  ->  Index Scan using sbtest2_pkey on sbtest2  (cost=0.43..376.34 rows=97 width=4)
	        Index Cond: ((id >= 9285293) AND (id <= 9285392))

table 3 : explain SELECT SUM(k) FROM sbtest3 WHERE id BETWEEN 9540675 AND 9540774
	Aggregate  (cost=375.27..375.28 rows=1 width=8)
	  ->  Index Scan using sbtest3_pkey on sbtest3  (cost=0.43..375.03 rows=96 width=4)
	        Index Cond: ((id >= 9540675) AND (id <= 9540774))

table 4 : explain SELECT SUM(k) FROM sbtest4 WHERE id BETWEEN 8998204 AND 8998303
	Aggregate  (cost=399.04..399.05 rows=1 width=8)
	  ->  Index Scan using sbtest4_pkey on sbtest4  (cost=0.43..398.78 rows=102 width=4)
	        Index Cond: ((id >= 8998204) AND (id <= 8998303))

table 5 : explain SELECT SUM(k) FROM sbtest5 WHERE id BETWEEN 8841429 AND 8841528
	Aggregate  (cost=406.63..406.64 rows=1 width=8)
	  ->  Index Scan using sbtest5_pkey on sbtest5  (cost=0.43..406.37 rows=105 width=4)
	        Index Cond: ((id >= 8841429) AND (id <= 8841528))

table 6 : explain SELECT SUM(k) FROM sbtest6 WHERE id BETWEEN 2193523 AND 2193622
	Aggregate  (cost=372.21..372.22 rows=1 width=8)
	  ->  Index Scan using sbtest6_pkey on sbtest6  (cost=0.43..371.97 rows=96 width=4)
	        Index Cond: ((id >= 2193523) AND (id <= 2193622))

table 7 : explain SELECT SUM(k) FROM sbtest7 WHERE id BETWEEN 1441413 AND 1441512
	Aggregate  (cost=372.48..372.49 rows=1 width=8)
	  ->  Index Scan using sbtest7_pkey on sbtest7  (cost=0.43..372.24 rows=96 width=4)
	        Index Cond: ((id >= 1441413) AND (id <= 1441512))

table 8 : explain SELECT SUM(k) FROM sbtest8 WHERE id BETWEEN 3072560 AND 3072659
	Aggregate  (cost=419.60..419.61 rows=1 width=8)
	  ->  Index Scan using sbtest8_pkey on sbtest8  (cost=0.43..419.33 rows=108 width=4)
	        Index Cond: ((id >= 3072560) AND (id <= 3072659))

explain: for point_selects :: explain SELECT c FROM sbtest%u WHERE id=%u
explain: for point_selects :: explain SELECT c FROM sbtest%u WHERE id=%u
explain: for point_selects :: explain SELECT c FROM sbtest%u WHERE id=%u
explain: for point_selects :: explain SELECT c FROM sbtest%u WHERE id=%u
explain: for point_selects :: explain SELECT c FROM sbtest%u WHERE id=%u
for: sum_ranges
table 1 : explain SELECT SUM(k) FROM sbtest1 WHERE id BETWEEN 8656261 AND 8656360
	Aggregate  (cost=389.85..389.86 rows=1 width=8)
	  ->  Index Scan using sbtest1_pkey on sbtest1  (cost=0.43..389.60 rows=100 width=4)
	        Index Cond: ((id >= 8656261) AND (id <= 8656360))

table 2 : explain SELECT SUM(k) FROM sbtest2 WHERE id BETWEEN 9035929 AND 9036028
	Aggregate  (cost=430.30..430.31 rows=1 width=8)
	  ->  Index Scan using sbtest2_pkey on sbtest2  (cost=0.43..430.02 rows=111 width=4)
	        Index Cond: ((id >= 9035929) AND (id <= 9036028))

table 3 : explain SELECT SUM(k) FROM sbtest3 WHERE id BETWEEN 5157593 AND 5157692
	Aggregate  (cost=359.83..359.84 rows=1 width=8)
	  ->  Index Scan using sbtest3_pkey on sbtest3  (cost=0.43..359.60 rows=92 width=4)
	        Index Cond: ((id >= 5157593) AND (id <= 5157692))

table 4 : explain SELECT SUM(k) FROM sbtest4 WHERE id BETWEEN 7957155 AND 7957254
	Aggregate  (cost=402.90..402.91 rows=1 width=8)
	  ->  Index Scan using sbtest4_pkey on sbtest4  (cost=0.43..402.65 rows=103 width=4)
	        Index Cond: ((id >= 7957155) AND (id <= 7957254))

table 5 : explain SELECT SUM(k) FROM sbtest5 WHERE id BETWEEN 284736 AND 284835
	Aggregate  (cost=391.33..391.34 rows=1 width=8)
	  ->  Index Scan using sbtest5_pkey on sbtest5  (cost=0.43..391.07 rows=101 width=4)
	        Index Cond: ((id >= 284736) AND (id <= 284835))

table 6 : explain SELECT SUM(k) FROM sbtest6 WHERE id BETWEEN 2546945 AND 2547044
	Aggregate  (cost=399.05..399.06 rows=1 width=8)
	  ->  Index Scan using sbtest6_pkey on sbtest6  (cost=0.43..398.80 rows=103 width=4)
	        Index Cond: ((id >= 2546945) AND (id <= 2547044))

table 7 : explain SELECT SUM(k) FROM sbtest7 WHERE id BETWEEN 1601493 AND 1601592
	Aggregate  (cost=368.65..368.66 rows=1 width=8)
	  ->  Index Scan using sbtest7_pkey on sbtest7  (cost=0.43..368.41 rows=95 width=4)
	        Index Cond: ((id >= 1601493) AND (id <= 1601592))

table 8 : explain SELECT SUM(k) FROM sbtest8 WHERE id BETWEEN 7274148 AND 7274247
	Aggregate  (cost=411.92..411.93 rows=1 width=8)
	  ->  Index Scan using sbtest8_pkey on sbtest8  (cost=0.43..411.66 rows=106 width=4)
	        Index Cond: ((id >= 7274148) AND (id <= 7274247))

for: sum_ranges
table 1 : explain SELECT SUM(k) FROM sbtest1 WHERE id BETWEEN 1275189 AND 1275288
	Aggregate  (cost=401.45..401.46 rows=1 width=8)
	  ->  Index Scan using sbtest1_pkey on sbtest1  (cost=0.43..401.19 rows=103 width=4)
	        Index Cond: ((id >= 1275189) AND (id <= 1275288))

table 2 : explain SELECT SUM(k) FROM sbtest2 WHERE id BETWEEN 4988253 AND 4988352
	Aggregate  (cost=418.80..418.81 rows=1 width=8)
	  ->  Index Scan using sbtest2_pkey on sbtest2  (cost=0.43..418.53 rows=108 width=4)
	        Index Cond: ((id >= 4988253) AND (id <= 4988352))

table 3 : explain SELECT SUM(k) FROM sbtest3 WHERE id BETWEEN 6241529 AND 6241628
	Aggregate  (cost=390.71..390.72 rows=1 width=8)
	  ->  Index Scan using sbtest3_pkey on sbtest3  (cost=0.43..390.46 rows=100 width=4)
	        Index Cond: ((id >= 6241529) AND (id <= 6241628))

table 4 : explain SELECT SUM(k) FROM sbtest4 WHERE id BETWEEN 2818584 AND 2818683
	Aggregate  (cost=402.90..402.91 rows=1 width=8)
	  ->  Index Scan using sbtest4_pkey on sbtest4  (cost=0.43..402.65 rows=103 width=4)
	        Index Cond: ((id >= 2818584) AND (id <= 2818683))

table 5 : explain SELECT SUM(k) FROM sbtest5 WHERE id BETWEEN 2281378 AND 2281477
	Aggregate  (cost=341.52..341.53 rows=1 width=8)
	  ->  Index Scan using sbtest5_pkey on sbtest5  (cost=0.43..341.30 rows=88 width=4)
	        Index Cond: ((id >= 2281378) AND (id <= 2281477))

table 6 : explain SELECT SUM(k) FROM sbtest6 WHERE id BETWEEN 131818 AND 131917
	Aggregate  (cost=399.05..399.06 rows=1 width=8)
	  ->  Index Scan using sbtest6_pkey on sbtest6  (cost=0.43..398.80 rows=103 width=4)
	        Index Cond: ((id >= 131818) AND (id <= 131917))

table 7 : explain SELECT SUM(k) FROM sbtest7 WHERE id BETWEEN 7503917 AND 7504016
	Aggregate  (cost=407.00..407.01 rows=1 width=8)
	  ->  Index Scan using sbtest7_pkey on sbtest7  (cost=0.43..406.74 rows=105 width=4)
	        Index Cond: ((id >= 7503917) AND (id <= 7504016))

table 8 : explain SELECT SUM(k) FROM sbtest8 WHERE id BETWEEN 5534884 AND 5534983
	Aggregate  (cost=369.62..369.63 rows=1 width=8)
	  ->  Index Scan using sbtest8_pkey on sbtest8  (cost=0.43..369.38 rows=95 width=4)
	        Index Cond: ((id >= 5534884) AND (id <= 5534983))

explain: for point_selects :: explain SELECT c FROM sbtest%u WHERE id=%u
for: sum_ranges
table 1 : explain SELECT SUM(k) FROM sbtest1 WHERE id BETWEEN 9863131 AND 9863230
	Aggregate  (cost=436.11..436.12 rows=1 width=8)
	  ->  Index Scan using sbtest1_pkey on sbtest1  (cost=0.43..435.83 rows=112 width=4)
	        Index Cond: ((id >= 9863131) AND (id <= 9863230))

table 2 : explain SELECT SUM(k) FROM sbtest2 WHERE id BETWEEN 6122619 AND 6122718
	Aggregate  (cost=376.58..376.59 rows=1 width=8)
	  ->  Index Scan using sbtest2_pkey on sbtest2  (cost=0.43..376.34 rows=97 width=4)
	        Index Cond: ((id >= 6122619) AND (id <= 6122718))

table 3 : explain SELECT SUM(k) FROM sbtest3 WHERE id BETWEEN 8942366 AND 8942465
	Aggregate  (cost=402.34..402.35 rows=1 width=8)
	  ->  Index Scan using sbtest3_pkey on sbtest3  (cost=0.43..402.08 rows=103 width=4)
	        Index Cond: ((id >= 8942366) AND (id <= 8942465))

table 4 : explain SELECT SUM(k) FROM sbtest4 WHERE id BETWEEN 6216007 AND 6216106
	Aggregate  (cost=375.80..375.81 rows=1 width=8)
	  ->  Index Scan using sbtest4_pkey on sbtest4  (cost=0.43..375.56 rows=96 width=4)
	        Index Cond: ((id >= 6216007) AND (id <= 6216106))

table 5 : explain SELECT SUM(k) FROM sbtest5 WHERE id BETWEEN 5693187 AND 5693286
	Aggregate  (cost=402.81..402.82 rows=1 width=8)
	  ->  Index Scan using sbtest5_pkey on sbtest5  (cost=0.43..402.55 rows=104 width=4)
	        Index Cond: ((id >= 5693187) AND (id <= 5693286))

table 6 : explain SELECT SUM(k) FROM sbtest6 WHERE id BETWEEN 8789092 AND 8789191
	Aggregate  (cost=349.24..349.25 rows=1 width=8)
	  ->  Index Scan using sbtest6_pkey on sbtest6  (cost=0.43..349.02 rows=90 width=4)
	        Index Cond: ((id >= 8789092) AND (id <= 8789191))

table 7 : explain SELECT SUM(k) FROM sbtest7 WHERE id BETWEEN 6798077 AND 6798176
	Aggregate  (cost=383.97..383.98 rows=1 width=8)
	  ->  Index Scan using sbtest7_pkey on sbtest7  (cost=0.43..383.72 rows=99 width=4)
	        Index Cond: ((id >= 6798077) AND (id <= 6798176))

table 8 : explain SELECT SUM(k) FROM sbtest8 WHERE id BETWEEN 7082845 AND 7082944
	Aggregate  (cost=361.94..361.95 rows=1 width=8)
	  ->  Index Scan using sbtest8_pkey on sbtest8  (cost=0.43..361.71 rows=93 width=4)
	        Index Cond: ((id >= 7082845) AND (id <= 7082944))

for point_selects
table 1 : explain SELECT c FROM sbtest1 WHERE id=5108982
	Index Scan using sbtest1_pkey on sbtest1  (cost=0.43..8.45 rows=1 width=121)
	  Index Cond: (id = 5108982)

table 2 : explain SELECT c FROM sbtest2 WHERE id=5110957
	Index Scan using sbtest2_pkey on sbtest2  (cost=0.43..8.45 rows=1 width=121)
	  Index Cond: (id = 5110957)

table 3 : explain SELECT c FROM sbtest3 WHERE id=9931949
	Index Scan using sbtest3_pkey on sbtest3  (cost=0.43..8.45 rows=1 width=121)
	  Index Cond: (id = 9931949)

table 4 : explain SELECT c FROM sbtest4 WHERE id=765534
	Index Scan using sbtest4_pkey on sbtest4  (cost=0.43..8.45 rows=1 width=121)
	  Index Cond: (id = 765534)

table 5 : explain SELECT c FROM sbtest5 WHERE id=1789426
	Index Scan using sbtest5_pkey on sbtest5  (cost=0.43..8.45 rows=1 width=121)
	  Index Cond: (id = 1789426)

table 6 : explain SELECT c FROM sbtest6 WHERE id=7011658
	Index Scan using sbtest6_pkey on sbtest6  (cost=0.43..8.45 rows=1 width=121)
	  Index Cond: (id = 7011658)

table 7 : explain SELECT c FROM sbtest7 WHERE id=4216183
	Index Scan using sbtest7_pkey on sbtest7  (cost=0.43..8.45 rows=1 width=121)
	  Index Cond: (id = 4216183)

table 8 : explain SELECT c FROM sbtest8 WHERE id=2323896
	Index Scan using sbtest8_pkey on sbtest8  (cost=0.43..8.45 rows=1 width=121)
	  Index Cond: (id = 2323896)

for point_selects
table 1 : explain SELECT c FROM sbtest1 WHERE id=2520531
	Index Scan using sbtest1_pkey on sbtest1  (cost=0.43..8.45 rows=1 width=121)
	  Index Cond: (id = 2520531)

table 2 : explain SELECT c FROM sbtest2 WHERE id=9609530
	Index Scan using sbtest2_pkey on sbtest2  (cost=0.43..8.45 rows=1 width=121)
	  Index Cond: (id = 9609530)

table 3 : explain SELECT c FROM sbtest3 WHERE id=3552333
	Index Scan using sbtest3_pkey on sbtest3  (cost=0.43..8.45 rows=1 width=121)
	  Index Cond: (id = 3552333)

table 4 : explain SELECT c FROM sbtest4 WHERE id=783327
	Index Scan using sbtest4_pkey on sbtest4  (cost=0.43..8.45 rows=1 width=121)
	  Index Cond: (id = 783327)

table 5 : explain SELECT c FROM sbtest5 WHERE id=8864366
	Index Scan using sbtest5_pkey on sbtest5  (cost=0.43..8.45 rows=1 width=121)
	  Index Cond: (id = 8864366)

table 6 : explain SELECT c FROM sbtest6 WHERE id=2257430
	Index Scan using sbtest6_pkey on sbtest6  (cost=0.43..8.45 rows=1 width=121)
	  Index Cond: (id = 2257430)

table 7 : explain SELECT c FROM sbtest7 WHERE id=5736294
	Index Scan using sbtest7_pkey on sbtest7  (cost=0.43..8.45 rows=1 width=121)
	  Index Cond: (id = 5736294)

table 8 : explain SELECT c FROM sbtest8 WHERE id=3541975
	Index Scan using sbtest8_pkey on sbtest8  (cost=0.43..8.45 rows=1 width=121)
	  Index Cond: (id = 3541975)

for point_selects
table 1 : explain SELECT c FROM sbtest1 WHERE id=860445
	Index Scan using sbtest1_pkey on sbtest1  (cost=0.43..8.45 rows=1 width=121)
	  Index Cond: (id = 860445)

table 2 : explain SELECT c FROM sbtest2 WHERE id=3509544
	Index Scan using sbtest2_pkey on sbtest2  (cost=0.43..8.45 rows=1 width=121)
	  Index Cond: (id = 3509544)

table 3 : explain SELECT c FROM sbtest3 WHERE id=5256320
	Index Scan using sbtest3_pkey on sbtest3  (cost=0.43..8.45 rows=1 width=121)
	  Index Cond: (id = 5256320)

table 4 : explain SELECT c FROM sbtest4 WHERE id=9591800
	Index Scan using sbtest4_pkey on sbtest4  (cost=0.43..8.45 rows=1 width=121)
	  Index Cond: (id = 9591800)

table 5 : explain SELECT c FROM sbtest5 WHERE id=2683181
	Index Scan using sbtest5_pkey on sbtest5  (cost=0.43..8.45 rows=1 width=121)
	  Index Cond: (id = 2683181)

table 6 : explain SELECT c FROM sbtest6 WHERE id=383167
	Index Scan using sbtest6_pkey on sbtest6  (cost=0.43..8.45 rows=1 width=121)
	  Index Cond: (id = 383167)

table 7 : explain SELECT c FROM sbtest7 WHERE id=1211797
	Index Scan using sbtest7_pkey on sbtest7  (cost=0.43..8.45 rows=1 width=121)
	  Index Cond: (id = 1211797)

table 8 : explain SELECT c FROM sbtest8 WHERE id=5499876
	Index Scan using sbtest8_pkey on sbtest8  (cost=0.43..8.45 rows=1 width=121)
	  Index Cond: (id = 5499876)

for: order_ranges
table 1 : explain SELECT c FROM sbtest1 WHERE id BETWEEN 7266729 AND 7266828 ORDER BY c
	Sort  (cost=365.70..365.93 rows=93 width=121)
	  Sort Key: c
	  ->  Index Scan using sbtest1_pkey on sbtest1  (cost=0.43..362.66 rows=93 width=121)
	        Index Cond: ((id >= 7266729) AND (id <= 7266828))

table 2 : explain SELECT c FROM sbtest2 WHERE id BETWEEN 7457931 AND 7458030 ORDER BY c
	Sort  (cost=387.28..387.53 rows=99 width=121)
	  Sort Key: c
	  ->  Index Scan using sbtest2_pkey on sbtest2  (cost=0.43..384.00 rows=99 width=121)
	        Index Cond: ((id >= 7457931) AND (id <= 7458030))

table 3 : explain SELECT c FROM sbtest3 WHERE id BETWEEN 7948713 AND 7948812 ORDER BY c
	Sort  (cost=374.30..374.53 rows=95 width=121)
	  Sort Key: c
	  ->  Index Scan using sbtest3_pkey on sbtest3  (cost=0.43..371.18 rows=95 width=121)
	        Index Cond: ((id >= 7948713) AND (id <= 7948812))

table 4 : explain SELECT c FROM sbtest4 WHERE id BETWEEN 3664104 AND 3664203 ORDER BY c
	Sort  (cost=429.52..429.79 rows=109 width=121)
	  Sort Key: c
	  ->  Index Scan using sbtest4_pkey on sbtest4  (cost=0.43..425.83 rows=109 width=121)
	        Index Cond: ((id >= 3664104) AND (id <= 3664203))

table 5 : explain SELECT c FROM sbtest5 WHERE id BETWEEN 2892179 AND 2892278 ORDER BY c
	Sort  (cost=363.47..363.70 rows=93 width=121)
	  Sort Key: c
	  ->  Index Scan using sbtest5_pkey on sbtest5  (cost=0.43..360.43 rows=93 width=121)
	        Index Cond: ((id >= 2892179) AND (id <= 2892278))

table 6 : explain SELECT c FROM sbtest6 WHERE id BETWEEN 5831595 AND 5831694 ORDER BY c
	Sort  (cost=363.53..363.77 rows=93 width=121)
	  Sort Key: c
	  ->  Index Scan using sbtest6_pkey on sbtest6  (cost=0.43..360.49 rows=93 width=121)
	        Index Cond: ((id >= 5831595) AND (id <= 5831694))

table 7 : explain SELECT c FROM sbtest7 WHERE id BETWEEN 2667992 AND 2668091 ORDER BY c
	Sort  (cost=367.66..367.90 rows=94 width=121)
	  Sort Key: c
	  ->  Index Scan using sbtest7_pkey on sbtest7  (cost=0.43..364.58 rows=94 width=121)
	        Index Cond: ((id >= 2667992) AND (id <= 2668091))

table 8 : explain SELECT c FROM sbtest8 WHERE id BETWEEN 6483850 AND 6483949 ORDER BY c
	Sort  (cost=368.63..368.86 rows=94 width=121)
	  Sort Key: c
	  ->  Index Scan using sbtest8_pkey on sbtest8  (cost=0.43..365.55 rows=94 width=121)
	        Index Cond: ((id >= 6483850) AND (id <= 6483949))

for: sum_ranges
table 1 : explain SELECT SUM(k) FROM sbtest1 WHERE id BETWEEN 4118441 AND 4118540
	Aggregate  (cost=416.85..416.86 rows=1 width=8)
	  ->  Index Scan using sbtest1_pkey on sbtest1  (cost=0.43..416.59 rows=107 width=4)
	        Index Cond: ((id >= 4118441) AND (id <= 4118540))

table 2 : explain SELECT SUM(k) FROM sbtest2 WHERE id BETWEEN 6358584 AND 6358683
	Aggregate  (cost=414.96..414.97 rows=1 width=8)
	  ->  Index Scan using sbtest2_pkey on sbtest2  (cost=0.43..414.70 rows=107 width=4)
	        Index Cond: ((id >= 6358584) AND (id <= 6358683))

table 3 : explain SELECT SUM(k) FROM sbtest3 WHERE id BETWEEN 7639196 AND 7639295
	Aggregate  (cost=352.11..352.12 rows=1 width=8)
	  ->  Index Scan using sbtest3_pkey on sbtest3  (cost=0.43..351.89 rows=90 width=4)
	        Index Cond: ((id >= 7639196) AND (id <= 7639295))

table 4 : explain SELECT SUM(k) FROM sbtest4 WHERE id BETWEEN 339337 AND 339436
	Aggregate  (cost=395.17..395.18 rows=1 width=8)
	  ->  Index Scan using sbtest4_pkey on sbtest4  (cost=0.43..394.92 rows=101 width=4)
	        Index Cond: ((id >= 339337) AND (id <= 339436))

table 5 : explain SELECT SUM(k) FROM sbtest5 WHERE id BETWEEN 2014944 AND 2015043
	Aggregate  (cost=383.67..383.68 rows=1 width=8)
	  ->  Index Scan using sbtest5_pkey on sbtest5  (cost=0.43..383.42 rows=99 width=4)
	        Index Cond: ((id >= 2014944) AND (id <= 2015043))

table 6 : explain SELECT SUM(k) FROM sbtest6 WHERE id BETWEEN 1151569 AND 1151668
	Aggregate  (cost=353.07..353.08 rows=1 width=8)
	  ->  Index Scan using sbtest6_pkey on sbtest6  (cost=0.43..352.84 rows=91 width=4)
	        Index Cond: ((id >= 1151569) AND (id <= 1151668))

table 7 : explain SELECT SUM(k) FROM sbtest7 WHERE id BETWEEN 7987668 AND 7987767
	Aggregate  (cost=380.14..380.15 rows=1 width=8)
	  ->  Index Scan using sbtest7_pkey on sbtest7  (cost=0.43..379.90 rows=98 width=4)
	        Index Cond: ((id >= 7987668) AND (id <= 7987767))

table 8 : explain SELECT SUM(k) FROM sbtest8 WHERE id BETWEEN 8195959 AND 8196058
	Aggregate  (cost=392.71..392.72 rows=1 width=8)
	  ->  Index Scan using sbtest8_pkey on sbtest8  (cost=0.43..392.46 rows=101 width=4)
	        Index Cond: ((id >= 8195959) AND (id <= 8196058))

for: sum_ranges
table 1 : explain SELECT SUM(k) FROM sbtest1 WHERE id BETWEEN 5735251 AND 5735350
	Aggregate  (cost=428.41..428.42 rows=1 width=8)
	  ->  Index Scan using sbtest1_pkey on sbtest1  (cost=0.43..428.13 rows=110 width=4)
	        Index Cond: ((id >= 5735251) AND (id <= 5735350))

table 2 : explain SELECT SUM(k) FROM sbtest2 WHERE id BETWEEN 9628724 AND 9628823
	Aggregate  (cost=376.58..376.59 rows=1 width=8)
	  ->  Index Scan using sbtest2_pkey on sbtest2  (cost=0.43..376.34 rows=97 width=4)
	        Index Cond: ((id >= 9628724) AND (id <= 9628823))

table 3 : explain SELECT SUM(k) FROM sbtest3 WHERE id BETWEEN 6217066 AND 6217165
	Aggregate  (cost=390.71..390.72 rows=1 width=8)
	  ->  Index Scan using sbtest3_pkey on sbtest3  (cost=0.43..390.46 rows=100 width=4)
	        Index Cond: ((id >= 6217066) AND (id <= 6217165))

table 4 : explain SELECT SUM(k) FROM sbtest4 WHERE id BETWEEN 1058846 AND 1058945
	Aggregate  (cost=356.47..356.48 rows=1 width=8)
	  ->  Index Scan using sbtest4_pkey on sbtest4  (cost=0.43..356.25 rows=91 width=4)
	        Index Cond: ((id >= 1058846) AND (id <= 1058945))

table 5 : explain SELECT SUM(k) FROM sbtest5 WHERE id BETWEEN 5843091 AND 5843190
	Aggregate  (cost=418.12..418.13 rows=1 width=8)
	  ->  Index Scan using sbtest5_pkey on sbtest5  (cost=0.43..417.85 rows=108 width=4)
	        Index Cond: ((id >= 5843091) AND (id <= 5843190))

table 6 : explain SELECT SUM(k) FROM sbtest6 WHERE id BETWEEN 5936486 AND 5936585
	Aggregate  (cost=418.19..418.20 rows=1 width=8)
	  ->  Index Scan using sbtest6_pkey on sbtest6  (cost=0.43..417.92 rows=108 width=4)
	        Index Cond: ((id >= 5936486) AND (id <= 5936585))

table 7 : explain SELECT SUM(k) FROM sbtest7 WHERE id BETWEEN 4690935 AND 4691034
	Aggregate  (cost=383.97..383.98 rows=1 width=8)
	  ->  Index Scan using sbtest7_pkey on sbtest7  (cost=0.43..383.72 rows=99 width=4)
	        Index Cond: ((id >= 4690935) AND (id <= 4691034))

table 8 : explain SELECT SUM(k) FROM sbtest8 WHERE id BETWEEN 2509187 AND 2509286
	Aggregate  (cost=427.29..427.30 rows=1 width=8)
	  ->  Index Scan using sbtest8_pkey on sbtest8  (cost=0.43..427.01 rows=110 width=4)
	        Index Cond: ((id >= 2509187) AND (id <= 2509286))

for: simple_ranges
table 1 : explain SELECT c FROM sbtest1 WHERE id BETWEEN 2065765 AND 2065864
	Index Scan using sbtest1_pkey on sbtest1  (cost=0.43..397.34 rows=102 width=121)
	  Index Cond: ((id >= 2065765) AND (id <= 2065864))

table 2 : explain SELECT c FROM sbtest2 WHERE id BETWEEN 653564 AND 653663
	Index Scan using sbtest2_pkey on sbtest2  (cost=0.43..453.01 rows=117 width=121)
	  Index Cond: ((id >= 653564) AND (id <= 653663))

table 3 : explain SELECT c FROM sbtest3 WHERE id BETWEEN 6268055 AND 6268154
	Index Scan using sbtest3_pkey on sbtest3  (cost=0.43..390.46 rows=100 width=121)
	  Index Cond: ((id >= 6268055) AND (id <= 6268154))

table 4 : explain SELECT c FROM sbtest4 WHERE id BETWEEN 3127166 AND 3127265
	Index Scan using sbtest4_pkey on sbtest4  (cost=0.43..375.56 rows=96 width=121)
	  Index Cond: ((id >= 3127166) AND (id <= 3127265))

table 5 : explain SELECT c FROM sbtest5 WHERE id BETWEEN 7554558 AND 7554657
	Index Scan using sbtest5_pkey on sbtest5  (cost=0.43..391.07 rows=101 width=121)
	  Index Cond: ((id >= 7554558) AND (id <= 7554657))

table 6 : explain SELECT c FROM sbtest6 WHERE id BETWEEN 2625598 AND 2625697
	Index Scan using sbtest6_pkey on sbtest6  (cost=0.43..402.62 rows=104 width=121)
	  Index Cond: ((id >= 2625598) AND (id <= 2625697))

table 7 : explain SELECT c FROM sbtest7 WHERE id BETWEEN 2953653 AND 2953752
	Index Scan using sbtest7_pkey on sbtest7  (cost=0.43..395.26 rows=102 width=121)
	  Index Cond: ((id >= 2953653) AND (id <= 2953752))

table 8 : explain SELECT c FROM sbtest8 WHERE id BETWEEN 5741156 AND 5741255
	Index Scan using sbtest8_pkey on sbtest8  (cost=0.43..334.84 rows=86 width=121)
	  Index Cond: ((id >= 5741156) AND (id <= 5741255))

for: simple_ranges
table 1 : explain SELECT c FROM sbtest1 WHERE id BETWEEN 3868979 AND 3869078
	Index Scan using sbtest1_pkey on sbtest1  (cost=0.43..374.20 rows=96 width=121)
	  Index Cond: ((id >= 3868979) AND (id <= 3869078))

table 2 : explain SELECT c FROM sbtest2 WHERE id BETWEEN 7053131 AND 7053230
	Index Scan using sbtest2_pkey on sbtest2  (cost=0.43..422.36 rows=109 width=121)
	  Index Cond: ((id >= 7053131) AND (id <= 7053230))

table 3 : explain SELECT c FROM sbtest3 WHERE id BETWEEN 9712534 AND 9712633
	Index Scan using sbtest3_pkey on sbtest3  (cost=0.43..378.89 rows=97 width=121)
	  Index Cond: ((id >= 9712534) AND (id <= 9712633))

table 4 : explain SELECT c FROM sbtest4 WHERE id BETWEEN 3808892 AND 3808991
	Index Scan using sbtest4_pkey on sbtest4  (cost=0.43..398.78 rows=102 width=121)
	  Index Cond: ((id >= 3808892) AND (id <= 3808991))

table 5 : explain SELECT c FROM sbtest5 WHERE id BETWEEN 6125267 AND 6125366
	Index Scan using sbtest5_pkey on sbtest5  (cost=0.43..394.90 rows=102 width=121)
	  Index Cond: ((id >= 6125267) AND (id <= 6125366))

table 6 : explain SELECT c FROM sbtest6 WHERE id BETWEEN 8024994 AND 8025093
	Index Scan using sbtest6_pkey on sbtest6  (cost=0.43..425.57 rows=110 width=121)
	  Index Cond: ((id >= 8024994) AND (id <= 8025093))

table 7 : explain SELECT c FROM sbtest7 WHERE id BETWEEN 7638041 AND 7638140
	Index Scan using sbtest7_pkey on sbtest7  (cost=0.43..383.72 rows=99 width=121)
	  Index Cond: ((id >= 7638041) AND (id <= 7638140))

table 8 : explain SELECT c FROM sbtest8 WHERE id BETWEEN 3082335 AND 3082434
	Index Scan using sbtest8_pkey on sbtest8  (cost=0.43..419.33 rows=108 width=121)
	  Index Cond: ((id >= 3082335) AND (id <= 3082434))

for point_selects
table 1 : explain SELECT c FROM sbtest1 WHERE id=7534022
	Index Scan using sbtest1_pkey on sbtest1  (cost=0.43..8.45 rows=1 width=121)
	  Index Cond: (id = 7534022)

table 2 : explain SELECT c FROM sbtest2 WHERE id=7860178
	Index Scan using sbtest2_pkey on sbtest2  (cost=0.43..8.45 rows=1 width=121)
	  Index Cond: (id = 7860178)

table 3 : explain SELECT c FROM sbtest3 WHERE id=9576845
	Index Scan using sbtest3_pkey on sbtest3  (cost=0.43..8.45 rows=1 width=121)
	  Index Cond: (id = 9576845)

table 4 : explain SELECT c FROM sbtest4 WHERE id=6040683
	Index Scan using sbtest4_pkey on sbtest4  (cost=0.43..8.45 rows=1 width=121)
	  Index Cond: (id = 6040683)

table 5 : explain SELECT c FROM sbtest5 WHERE id=6623236
	Index Scan using sbtest5_pkey on sbtest5  (cost=0.43..8.45 rows=1 width=121)
	  Index Cond: (id = 6623236)

table 6 : explain SELECT c FROM sbtest6 WHERE id=2307750
	Index Scan using sbtest6_pkey on sbtest6  (cost=0.43..8.45 rows=1 width=121)
	  Index Cond: (id = 2307750)

table 7 : explain SELECT c FROM sbtest7 WHERE id=562343
	Index Scan using sbtest7_pkey on sbtest7  (cost=0.43..8.45 rows=1 width=121)
	  Index Cond: (id = 562343)

table 8 : explain SELECT c FROM sbtest8 WHERE id=2953557
	Index Scan using sbtest8_pkey on sbtest8  (cost=0.43..8.45 rows=1 width=121)
	  Index Cond: (id = 2953557)

for point_selects
table 1 : explain SELECT c FROM sbtest1 WHERE id=4662781
	Index Scan using sbtest1_pkey on sbtest1  (cost=0.43..8.45 rows=1 width=121)
	  Index Cond: (id = 4662781)

table 2 : explain SELECT c FROM sbtest2 WHERE id=3364319
	Index Scan using sbtest2_pkey on sbtest2  (cost=0.43..8.45 rows=1 width=121)
	  Index Cond: (id = 3364319)

table 3 : explain SELECT c FROM sbtest3 WHERE id=7458415
	Index Scan using sbtest3_pkey on sbtest3  (cost=0.43..8.45 rows=1 width=121)
	  Index Cond: (id = 7458415)

table 4 : explain SELECT c FROM sbtest4 WHERE id=2508696
	Index Scan using sbtest4_pkey on sbtest4  (cost=0.43..8.45 rows=1 width=121)
	  Index Cond: (id = 2508696)

table 5 : explain SELECT c FROM sbtest5 WHERE id=600983
	Index Scan using sbtest5_pkey on sbtest5  (cost=0.43..8.45 rows=1 width=121)
	  Index Cond: (id = 600983)

table 6 : explain SELECT c FROM sbtest6 WHERE id=4416908
	Index Scan using sbtest6_pkey on sbtest6  (cost=0.43..8.45 rows=1 width=121)
	  Index Cond: (id = 4416908)

table 7 : explain SELECT c FROM sbtest7 WHERE id=6944902
	Index Scan using sbtest7_pkey on sbtest7  (cost=0.43..8.45 rows=1 width=121)
	  Index Cond: (id = 6944902)

table 8 : explain SELECT c FROM sbtest8 WHERE id=2205475
	Index Scan using sbtest8_pkey on sbtest8  (cost=0.43..8.45 rows=1 width=121)
	  Index Cond: (id = 2205475)

for: simple_ranges
table 1 : explain SELECT c FROM sbtest1 WHERE id BETWEEN 3794067 AND 3794166
	Index Scan using sbtest1_pkey on sbtest1  (cost=0.43..401.19 rows=103 width=121)
	  Index Cond: ((id >= 3794067) AND (id <= 3794166))

table 2 : explain SELECT c FROM sbtest2 WHERE id BETWEEN 8523051 AND 8523150
	Index Scan using sbtest2_pkey on sbtest2  (cost=0.43..372.51 rows=96 width=121)
	  Index Cond: ((id >= 8523051) AND (id <= 8523150))

table 3 : explain SELECT c FROM sbtest3 WHERE id BETWEEN 8208356 AND 8208455
	Index Scan using sbtest3_pkey on sbtest3  (cost=0.43..398.22 rows=102 width=121)
	  Index Cond: ((id >= 8208356) AND (id <= 8208455))

table 4 : explain SELECT c FROM sbtest4 WHERE id BETWEEN 5103961 AND 5104060
	Index Scan using sbtest4_pkey on sbtest4  (cost=0.43..360.11 rows=92 width=121)
	  Index Cond: ((id >= 5103961) AND (id <= 5104060))

table 5 : explain SELECT c FROM sbtest5 WHERE id BETWEEN 7005794 AND 7005893
	Index Scan using sbtest5_pkey on sbtest5  (cost=0.43..394.90 rows=102 width=121)
	  Index Cond: ((id >= 7005794) AND (id <= 7005893))

table 6 : explain SELECT c FROM sbtest6 WHERE id BETWEEN 1834720 AND 1834819
	Index Scan using sbtest6_pkey on sbtest6  (cost=0.43..398.80 rows=103 width=121)
	  Index Cond: ((id >= 1834720) AND (id <= 1834819))

table 7 : explain SELECT c FROM sbtest7 WHERE id BETWEEN 4616378 AND 4616477
	Index Scan using sbtest7_pkey on sbtest7  (cost=0.43..360.75 rows=93 width=121)
	  Index Cond: ((id >= 4616378) AND (id <= 4616477))

table 8 : explain SELECT c FROM sbtest8 WHERE id BETWEEN 1740818 AND 1740917
	Index Scan using sbtest8_pkey on sbtest8  (cost=0.43..369.38 rows=95 width=121)
	  Index Cond: ((id >= 1740818) AND (id <= 1740917))

for: simple_ranges
table 1 : explain SELECT c FROM sbtest1 WHERE id BETWEEN 5764451 AND 5764550
	Index Scan using sbtest1_pkey on sbtest1  (cost=0.43..439.68 rows=113 width=121)
	  Index Cond: ((id >= 5764451) AND (id <= 5764550))

table 2 : explain SELECT c FROM sbtest2 WHERE id BETWEEN 3533690 AND 3533789
	Index Scan using sbtest2_pkey on sbtest2  (cost=0.43..361.01 rows=93 width=121)
	  Index Cond: ((id >= 3533690) AND (id <= 3533789))

table 3 : explain SELECT c FROM sbtest3 WHERE id BETWEEN 8965364 AND 8965463
	Index Scan using sbtest3_pkey on sbtest3  (cost=0.43..402.08 rows=103 width=121)
	  Index Cond: ((id >= 8965364) AND (id <= 8965463))

table 4 : explain SELECT c FROM sbtest4 WHERE id BETWEEN 5329062 AND 5329161
	Index Scan using sbtest4_pkey on sbtest4  (cost=0.43..398.78 rows=102 width=121)
	  Index Cond: ((id >= 5329062) AND (id <= 5329161))

table 5 : explain SELECT c FROM sbtest5 WHERE id BETWEEN 5145689 AND 5145788
	Index Scan using sbtest5_pkey on sbtest5  (cost=0.43..371.90 rows=96 width=121)
	  Index Cond: ((id >= 5145689) AND (id <= 5145788))

table 6 : explain SELECT c FROM sbtest6 WHERE id BETWEEN 1435459 AND 1435558
	Index Scan using sbtest6_pkey on sbtest6  (cost=0.43..398.80 rows=103 width=121)
	  Index Cond: ((id >= 1435459) AND (id <= 1435558))

table 7 : explain SELECT c FROM sbtest7 WHERE id BETWEEN 3199702 AND 3199801
	Index Scan using sbtest7_pkey on sbtest7  (cost=0.43..399.09 rows=103 width=121)
	  Index Cond: ((id >= 3199702) AND (id <= 3199801))

table 8 : explain SELECT c FROM sbtest8 WHERE id BETWEEN 4998168 AND 4998267
	Index Scan using sbtest8_pkey on sbtest8  (cost=0.43..369.38 rows=95 width=121)
	  Index Cond: ((id >= 4998168) AND (id <= 4998267))

for: order_ranges
table 1 : explain SELECT c FROM sbtest1 WHERE id BETWEEN 5405103 AND 5405202 ORDER BY c
	Sort  (cost=412.41..412.68 rows=105 width=121)
	  Sort Key: c
	  ->  Index Scan using sbtest1_pkey on sbtest1  (cost=0.43..408.89 rows=105 width=121)
	        Index Cond: ((id >= 5405103) AND (id <= 5405202))

table 2 : explain SELECT c FROM sbtest2 WHERE id BETWEEN 9753089 AND 9753188 ORDER BY c
	Sort  (cost=387.33..387.58 rows=99 width=121)
	  Sort Key: c
	  ->  Index Scan using sbtest2_pkey on sbtest2  (cost=0.43..384.05 rows=99 width=121)
	        Index Cond: ((id >= 9753089) AND (id <= 9753188))

table 3 : explain SELECT c FROM sbtest3 WHERE id BETWEEN 5361048 AND 5361147 ORDER BY c
	Sort  (cost=393.79..394.04 rows=100 width=121)
	  Sort Key: c
	  ->  Index Scan using sbtest3_pkey on sbtest3  (cost=0.43..390.46 rows=100 width=121)
	        Index Cond: ((id >= 5361048) AND (id <= 5361147))

table 4 : explain SELECT c FROM sbtest4 WHERE id BETWEEN 1113286 AND 1113385 ORDER BY c
	Sort  (cost=456.85..457.14 rows=116 width=121)
	  Sort Key: c
	  ->  Index Scan using sbtest4_pkey on sbtest4  (cost=0.43..452.87 rows=116 width=121)
	        Index Cond: ((id >= 1113286) AND (id <= 1113385))

table 5 : explain SELECT c FROM sbtest5 WHERE id BETWEEN 3762193 AND 3762292 ORDER BY c
	Sort  (cost=382.79..383.04 rows=98 width=121)
	  Sort Key: c
	  ->  Index Scan using sbtest5_pkey on sbtest5  (cost=0.43..379.55 rows=98 width=121)
	        Index Cond: ((id >= 3762193) AND (id <= 3762292))

table 6 : explain SELECT c FROM sbtest6 WHERE id BETWEEN 7321014 AND 7321113 ORDER BY c
	Sort  (cost=367.40..367.63 rows=94 width=121)
	  Sort Key: c
	  ->  Index Scan using sbtest6_pkey on sbtest6  (cost=0.43..364.32 rows=94 width=121)
	        Index Cond: ((id >= 7321014) AND (id <= 7321113))

table 7 : explain SELECT c FROM sbtest7 WHERE id BETWEEN 5032496 AND 5032595 ORDER BY c
	Sort  (cost=356.06..356.29 rows=91 width=121)
	  Sort Key: c
	  ->  Index Scan using sbtest7_pkey on sbtest7  (cost=0.43..353.10 rows=91 width=121)
	        Index Cond: ((id >= 5032496) AND (id <= 5032595))

table 8 : explain SELECT c FROM sbtest8 WHERE id BETWEEN 6309439 AND 6309538 ORDER BY c
	Sort  (cost=353.11..353.34 rows=90 width=121)
	  Sort Key: c
	  ->  Index Scan using sbtest8_pkey on sbtest8  (cost=0.43..350.19 rows=90 width=121)
	        Index Cond: ((id >= 6309439) AND (id <= 6309538))

explain: for point_selects :: explain SELECT c FROM sbtest%u WHERE id=%u
for: simple_ranges
table 1 : explain SELECT c FROM sbtest1 WHERE id BETWEEN 6752789 AND 6752888
	Index Scan using sbtest1_pkey on sbtest1  (cost=0.43..412.74 rows=106 width=121)
	  Index Cond: ((id >= 6752789) AND (id <= 6752888))

table 2 : explain SELECT c FROM sbtest2 WHERE id BETWEEN 8037463 AND 8037562
	Index Scan using sbtest2_pkey on sbtest2  (cost=0.43..391.71 rows=101 width=121)
	  Index Cond: ((id >= 8037463) AND (id <= 8037562))

table 3 : explain SELECT c FROM sbtest3 WHERE id BETWEEN 4917631 AND 4917730
	Index Scan using sbtest3_pkey on sbtest3  (cost=0.43..402.08 rows=103 width=121)
	  Index Cond: ((id >= 4917631) AND (id <= 4917730))

table 4 : explain SELECT c FROM sbtest4 WHERE id BETWEEN 1943001 AND 1943100
	Index Scan using sbtest4_pkey on sbtest4  (cost=0.43..391.06 rows=100 width=121)
	  Index Cond: ((id >= 1943001) AND (id <= 1943100))

table 5 : explain SELECT c FROM sbtest5 WHERE id BETWEEN 5915 AND 6014
	Index Scan using sbtest5_pkey on sbtest5  (cost=0.43..375.72 rows=97 width=121)
	  Index Cond: ((id >= 5915) AND (id <= 6014))

table 6 : explain SELECT c FROM sbtest6 WHERE id BETWEEN 8476201 AND 8476300
	Index Scan using sbtest6_pkey on sbtest6  (cost=0.43..356.67 rows=92 width=121)
	  Index Cond: ((id >= 8476201) AND (id <= 8476300))

table 7 : explain SELECT c FROM sbtest7 WHERE id BETWEEN 2215702 AND 2215801
	Index Scan using sbtest7_pkey on sbtest7  (cost=0.43..395.26 rows=102 width=121)
	  Index Cond: ((id >= 2215702) AND (id <= 2215801))

table 8 : explain SELECT c FROM sbtest8 WHERE id BETWEEN 6976670 AND 6976769
	Index Scan using sbtest8_pkey on sbtest8  (cost=0.43..388.58 rows=100 width=121)
	  Index Cond: ((id >= 6976670) AND (id <= 6976769))

explain: for point_selects :: explain SELECT c FROM sbtest%u WHERE id=%u
for: order_ranges
table 1 : explain SELECT c FROM sbtest1 WHERE id BETWEEN 7138720 AND 7138819 ORDER BY c
	Sort  (cost=369.59..369.82 rows=94 width=121)
	  Sort Key: c
	  ->  Index Scan using sbtest1_pkey on sbtest1  (cost=0.43..366.51 rows=94 width=121)
	        Index Cond: ((id >= 7138720) AND (id <= 7138819))

table 2 : explain SELECT c FROM sbtest2 WHERE id BETWEEN 1751371 AND 1751470 ORDER BY c
	Sort  (cost=398.94..399.20 rows=102 width=121)
	  Sort Key: c
	  ->  Index Scan using sbtest2_pkey on sbtest2  (cost=0.43..395.54 rows=102 width=121)
	        Index Cond: ((id >= 1751371) AND (id <= 1751470))

table 3 : explain SELECT c FROM sbtest3 WHERE id BETWEEN 5426510 AND 5426609 ORDER BY c
	Sort  (cost=417.22..417.48 rows=106 width=121)
	  Sort Key: c
	  ->  Index Scan using sbtest3_pkey on sbtest3  (cost=0.43..413.65 rows=106 width=121)
	        Index Cond: ((id >= 5426510) AND (id <= 5426609))

table 4 : explain SELECT c FROM sbtest4 WHERE id BETWEEN 3037143 AND 3037242 ORDER BY c
	Sort  (cost=390.43..390.68 rows=99 width=121)
	  Sort Key: c
	  ->  Index Scan using sbtest4_pkey on sbtest4  (cost=0.43..387.15 rows=99 width=121)
	        Index Cond: ((id >= 3037143) AND (id <= 3037242))

table 5 : explain SELECT c FROM sbtest5 WHERE id BETWEEN 8359601 AND 8359700 ORDER BY c
	Sort  (cost=378.93..379.17 rows=97 width=121)
	  Sort Key: c
	  ->  Index Scan using sbtest5_pkey on sbtest5  (cost=0.43..375.72 rows=97 width=121)
	        Index Cond: ((id >= 8359601) AND (id <= 8359700))

table 6 : explain SELECT c FROM sbtest6 WHERE id BETWEEN 8861628 AND 8861727 ORDER BY c
	Sort  (cost=363.53..363.77 rows=93 width=121)
	  Sort Key: c
	  ->  Index Scan using sbtest6_pkey on sbtest6  (cost=0.43..360.49 rows=93 width=121)
	        Index Cond: ((id >= 8861628) AND (id <= 8861727))

table 7 : explain SELECT c FROM sbtest7 WHERE id BETWEEN 7903028 AND 7903127 ORDER BY c
	Sort  (cost=390.92..391.17 rows=100 width=121)
	  Sort Key: c
	  ->  Index Scan using sbtest7_pkey on sbtest7  (cost=0.43..387.60 rows=100 width=121)
	        Index Cond: ((id >= 7903028) AND (id <= 7903127))

table 8 : explain SELECT c FROM sbtest8 WHERE id BETWEEN 660258 AND 660357 ORDER BY c
	Sort  (cost=415.22..415.49 rows=106 width=121)
	  Sort Key: c
	  ->  Index Scan using sbtest8_pkey on sbtest8  (cost=0.43..411.66 rows=106 width=121)
	        Index Cond: ((id >= 660258) AND (id <= 660357))

for: order_ranges
table 1 : explain SELECT c FROM sbtest1 WHERE id BETWEEN 8619849 AND 8619948 ORDER BY c
	Sort  (cost=392.92..393.17 rows=100 width=121)
	  Sort Key: c
	  ->  Index Scan using sbtest1_pkey on sbtest1  (cost=0.43..389.60 rows=100 width=121)
	        Index Cond: ((id >= 8619849) AND (id <= 8619948))

table 2 : explain SELECT c FROM sbtest2 WHERE id BETWEEN 4260330 AND 4260429 ORDER BY c
	Sort  (cost=371.80..372.03 rows=95 width=121)
	  Sort Key: c
	  ->  Index Scan using sbtest2_pkey on sbtest2  (cost=0.43..368.67 rows=95 width=121)
	        Index Cond: ((id >= 4260330) AND (id <= 4260429))

table 3 : explain SELECT c FROM sbtest3 WHERE id BETWEEN 4152005 AND 4152104 ORDER BY c
	Sort  (cost=393.79..394.04 rows=100 width=121)
	  Sort Key: c
	  ->  Index Scan using sbtest3_pkey on sbtest3  (cost=0.43..390.46 rows=100 width=121)
	        Index Cond: ((id >= 4152005) AND (id <= 4152104))

table 4 : explain SELECT c FROM sbtest4 WHERE id BETWEEN 3687109 AND 3687208 ORDER BY c
	Sort  (cost=429.52..429.79 rows=109 width=121)
	  Sort Key: c
	  ->  Index Scan using sbtest4_pkey on sbtest4  (cost=0.43..425.83 rows=109 width=121)
	        Index Cond: ((id >= 3687109) AND (id <= 3687208))

table 5 : explain SELECT c FROM sbtest5 WHERE id BETWEEN 694919 AND 695018 ORDER BY c
	Sort  (cost=351.87..352.10 rows=90 width=121)
	  Sort Key: c
	  ->  Index Scan using sbtest5_pkey on sbtest5  (cost=0.43..348.95 rows=90 width=121)
	        Index Cond: ((id >= 694919) AND (id <= 695018))

table 6 : explain SELECT c FROM sbtest6 WHERE id BETWEEN 5829722 AND 5829821 ORDER BY c
	Sort  (cost=363.53..363.77 rows=93 width=121)
	  Sort Key: c
	  ->  Index Scan using sbtest6_pkey on sbtest6  (cost=0.43..360.49 rows=93 width=121)
	        Index Cond: ((id >= 5829722) AND (id <= 5829821))

table 7 : explain SELECT c FROM sbtest7 WHERE id BETWEEN 1167429 AND 1167528 ORDER BY c
	Sort  (cost=371.53..371.77 rows=95 width=121)
	  Sort Key: c
	  ->  Index Scan using sbtest7_pkey on sbtest7  (cost=0.43..368.41 rows=95 width=121)
	        Index Cond: ((id >= 1167429) AND (id <= 1167528))

table 8 : explain SELECT c FROM sbtest8 WHERE id BETWEEN 3917232 AND 3917331 ORDER BY c
	Sort  (cost=380.26..380.51 rows=97 width=121)
	  Sort Key: c
	  ->  Index Scan using sbtest8_pkey on sbtest8  (cost=0.43..377.06 rows=97 width=121)
	        Index Cond: ((id >= 3917232) AND (id <= 3917331))

for: order_ranges
table 1 : explain SELECT c FROM sbtest1 WHERE id BETWEEN 9807152 AND 9807251 ORDER BY c
	Sort  (cost=404.63..404.89 rows=103 width=121)
	  Sort Key: c
	  ->  Index Scan using sbtest1_pkey on sbtest1  (cost=0.43..401.19 rows=103 width=121)
	        Index Cond: ((id >= 9807152) AND (id <= 9807251))

table 2 : explain SELECT c FROM sbtest2 WHERE id BETWEEN 1629217 AND 1629316 ORDER BY c
	Sort  (cost=387.33..387.58 rows=99 width=121)
	  Sort Key: c
	  ->  Index Scan using sbtest2_pkey on sbtest2  (cost=0.43..384.05 rows=99 width=121)
	        Index Cond: ((id >= 1629217) AND (id <= 1629316))

table 3 : explain SELECT c FROM sbtest3 WHERE id BETWEEN 5289501 AND 5289600 ORDER BY c
	Sort  (cost=393.79..394.04 rows=100 width=121)
	  Sort Key: c
	  ->  Index Scan using sbtest3_pkey on sbtest3  (cost=0.43..390.46 rows=100 width=121)
	        Index Cond: ((id >= 5289501) AND (id <= 5289600))

table 4 : explain SELECT c FROM sbtest4 WHERE id BETWEEN 9285127 AND 9285226 ORDER BY c
	Sort  (cost=390.43..390.68 rows=99 width=121)
	  Sort Key: c
	  ->  Index Scan using sbtest4_pkey on sbtest4  (cost=0.43..387.15 rows=99 width=121)
	        Index Cond: ((id >= 9285127) AND (id <= 9285226))

table 5 : explain SELECT c FROM sbtest5 WHERE id BETWEEN 8516365 AND 8516464 ORDER BY c
	Sort  (cost=375.06..375.30 rows=96 width=121)
	  Sort Key: c
	  ->  Index Scan using sbtest5_pkey on sbtest5  (cost=0.43..371.90 rows=96 width=121)
	        Index Cond: ((id >= 8516365) AND (id <= 8516464))

table 6 : explain SELECT c FROM sbtest6 WHERE id BETWEEN 6167324 AND 6167423 ORDER BY c
	Sort  (cost=359.67..359.90 rows=92 width=121)
	  Sort Key: c
	  ->  Index Scan using sbtest6_pkey on sbtest6  (cost=0.43..356.67 rows=92 width=121)
	        Index Cond: ((id >= 6167324) AND (id <= 6167423))

table 7 : explain SELECT c FROM sbtest7 WHERE id BETWEEN 7050803 AND 7050902 ORDER BY c
	Sort  (cost=379.27..379.51 rows=97 width=121)
	  Sort Key: c
	  ->  Index Scan using sbtest7_pkey on sbtest7  (cost=0.43..376.07 rows=97 width=121)
	        Index Cond: ((id >= 7050803) AND (id <= 7050902))

table 8 : explain SELECT c FROM sbtest8 WHERE id BETWEEN 8407717 AND 8407816 ORDER BY c
	Sort  (cost=384.14..384.39 rows=98 width=121)
	  Sort Key: c
	  ->  Index Scan using sbtest8_pkey on sbtest8  (cost=0.43..380.90 rows=98 width=121)
	        Index Cond: ((id >= 8407717) AND (id <= 8407816))

for point_selects
table 1 : explain SELECT c FROM sbtest1 WHERE id=606845
	Index Scan using sbtest1_pkey on sbtest1  (cost=0.43..8.45 rows=1 width=121)
	  Index Cond: (id = 606845)

table 2 : explain SELECT c FROM sbtest2 WHERE id=7919692
	Index Scan using sbtest2_pkey on sbtest2  (cost=0.43..8.45 rows=1 width=121)
	  Index Cond: (id = 7919692)

table 3 : explain SELECT c FROM sbtest3 WHERE id=5593420
	Index Scan using sbtest3_pkey on sbtest3  (cost=0.43..8.45 rows=1 width=121)
	  Index Cond: (id = 5593420)

table 4 : explain SELECT c FROM sbtest4 WHERE id=330231
	Index Scan using sbtest4_pkey on sbtest4  (cost=0.43..8.45 rows=1 width=121)
	  Index Cond: (id = 330231)

table 5 : explain SELECT c FROM sbtest5 WHERE id=2898868
	Index Scan using sbtest5_pkey on sbtest5  (cost=0.43..8.45 rows=1 width=121)
	  Index Cond: (id = 2898868)

table 6 : explain SELECT c FROM sbtest6 WHERE id=286023
	Index Scan using sbtest6_pkey on sbtest6  (cost=0.43..8.45 rows=1 width=121)
	  Index Cond: (id = 286023)

table 7 : explain SELECT c FROM sbtest7 WHERE id=4704379
	Index Scan using sbtest7_pkey on sbtest7  (cost=0.43..8.45 rows=1 width=121)
	  Index Cond: (id = 4704379)

table 8 : explain SELECT c FROM sbtest8 WHERE id=3145326
	Index Scan using sbtest8_pkey on sbtest8  (cost=0.43..8.45 rows=1 width=121)
	  Index Cond: (id = 3145326)

for: sum_ranges
table 1 : explain SELECT SUM(k) FROM sbtest1 WHERE id BETWEEN 8938442 AND 8938541
	Aggregate  (cost=347.48..347.49 rows=1 width=8)
	  ->  Index Scan using sbtest1_pkey on sbtest1  (cost=0.43..347.26 rows=89 width=4)
	        Index Cond: ((id >= 8938442) AND (id <= 8938541))

table 2 : explain SELECT SUM(k) FROM sbtest2 WHERE id BETWEEN 7859222 AND 7859321
	Aggregate  (cost=418.80..418.81 rows=1 width=8)
	  ->  Index Scan using sbtest2_pkey on sbtest2  (cost=0.43..418.53 rows=108 width=4)
	        Index Cond: ((id >= 7859222) AND (id <= 7859321))

table 3 : explain SELECT SUM(k) FROM sbtest3 WHERE id BETWEEN 9041781 AND 9041880
	Aggregate  (cost=394.58..394.59 rows=1 width=8)
	  ->  Index Scan using sbtest3_pkey on sbtest3  (cost=0.43..394.32 rows=101 width=4)
	        Index Cond: ((id >= 9041781) AND (id <= 9041880))

table 4 : explain SELECT SUM(k) FROM sbtest4 WHERE id BETWEEN 9187913 AND 9188012
	Aggregate  (cost=379.67..379.68 rows=1 width=8)
	  ->  Index Scan using sbtest4_pkey on sbtest4  (cost=0.43..379.43 rows=97 width=4)
	        Index Cond: ((id >= 9187913) AND (id <= 9188012))

table 5 : explain SELECT SUM(k) FROM sbtest5 WHERE id BETWEEN 5017690 AND 5017789
	Aggregate  (cost=345.35..345.36 rows=1 width=8)
	  ->  Index Scan using sbtest5_pkey on sbtest5  (cost=0.43..345.13 rows=89 width=4)
	        Index Cond: ((id >= 5017690) AND (id <= 5017789))

table 6 : explain SELECT SUM(k) FROM sbtest6 WHERE id BETWEEN 7389481 AND 7389580
	Aggregate  (cost=406.71..406.72 rows=1 width=8)
	  ->  Index Scan using sbtest6_pkey on sbtest6  (cost=0.43..406.45 rows=105 width=4)
	        Index Cond: ((id >= 7389481) AND (id <= 7389580))

table 7 : explain SELECT SUM(k) FROM sbtest7 WHERE id BETWEEN 7746670 AND 7746769
	Aggregate  (cost=360.99..361.00 rows=1 width=8)
	  ->  Index Scan using sbtest7_pkey on sbtest7  (cost=0.43..360.75 rows=93 width=4)
	        Index Cond: ((id >= 7746670) AND (id <= 7746769))

table 8 : explain SELECT SUM(k) FROM sbtest8 WHERE id BETWEEN 8435411 AND 8435510
	Aggregate  (cost=381.15..381.16 rows=1 width=8)
	  ->  Index Scan using sbtest8_pkey on sbtest8  (cost=0.43..380.90 rows=98 width=4)
	        Index Cond: ((id >= 8435411) AND (id <= 8435510))

for point_selects
table 1 : explain SELECT c FROM sbtest1 WHERE id=2063510
	Index Scan using sbtest1_pkey on sbtest1  (cost=0.43..8.45 rows=1 width=121)
	  Index Cond: (id = 2063510)

table 2 : explain SELECT c FROM sbtest2 WHERE id=2214694
	Index Scan using sbtest2_pkey on sbtest2  (cost=0.43..8.45 rows=1 width=121)
	  Index Cond: (id = 2214694)

table 3 : explain SELECT c FROM sbtest3 WHERE id=6470860
	Index Scan using sbtest3_pkey on sbtest3  (cost=0.43..8.45 rows=1 width=121)
	  Index Cond: (id = 6470860)

table 4 : explain SELECT c FROM sbtest4 WHERE id=9149098
	Index Scan using sbtest4_pkey on sbtest4  (cost=0.43..8.45 rows=1 width=121)
	  Index Cond: (id = 9149098)

table 5 : explain SELECT c FROM sbtest5 WHERE id=4276669
	Index Scan using sbtest5_pkey on sbtest5  (cost=0.43..8.45 rows=1 width=121)
	  Index Cond: (id = 4276669)

table 6 : explain SELECT c FROM sbtest6 WHERE id=4765994
	Index Scan using sbtest6_pkey on sbtest6  (cost=0.43..8.45 rows=1 width=121)
	  Index Cond: (id = 4765994)

table 7 : explain SELECT c FROM sbtest7 WHERE id=8207061
	Index Scan using sbtest7_pkey on sbtest7  (cost=0.43..8.45 rows=1 width=121)
	  Index Cond: (id = 8207061)

table 8 : explain SELECT c FROM sbtest8 WHERE id=6861299
	Index Scan using sbtest8_pkey on sbtest8  (cost=0.43..8.45 rows=1 width=121)
	  Index Cond: (id = 6861299)

for point_selects
table 1 : explain SELECT c FROM sbtest1 WHERE id=2035336
	Index Scan using sbtest1_pkey on sbtest1  (cost=0.43..8.45 rows=1 width=121)
	  Index Cond: (id = 2035336)

table 2 : explain SELECT c FROM sbtest2 WHERE id=1353889
	Index Scan using sbtest2_pkey on sbtest2  (cost=0.43..8.45 rows=1 width=121)
	  Index Cond: (id = 1353889)

table 3 : explain SELECT c FROM sbtest3 WHERE id=5733078
	Index Scan using sbtest3_pkey on sbtest3  (cost=0.43..8.45 rows=1 width=121)
	  Index Cond: (id = 5733078)

table 4 : explain SELECT c FROM sbtest4 WHERE id=9898350
	Index Scan using sbtest4_pkey on sbtest4  (cost=0.43..8.45 rows=1 width=121)
	  Index Cond: (id = 9898350)

table 5 : explain SELECT c FROM sbtest5 WHERE id=9474227
	Index Scan using sbtest5_pkey on sbtest5  (cost=0.43..8.45 rows=1 width=121)
	  Index Cond: (id = 9474227)

table 6 : explain SELECT c FROM sbtest6 WHERE id=5143326
	Index Scan using sbtest6_pkey on sbtest6  (cost=0.43..8.45 rows=1 width=121)
	  Index Cond: (id = 5143326)

table 7 : explain SELECT c FROM sbtest7 WHERE id=7050728
	Index Scan using sbtest7_pkey on sbtest7  (cost=0.43..8.45 rows=1 width=121)
	  Index Cond: (id = 7050728)

table 8 : explain SELECT c FROM sbtest8 WHERE id=628916
	Index Scan using sbtest8_pkey on sbtest8  (cost=0.43..8.45 rows=1 width=121)
	  Index Cond: (id = 628916)

for: distinct_ranges
table 1 : explain SELECT DISTINCT c FROM sbtest1 WHERE id BETWEEN 4089183 AND 4089282 ORDER BY c
	Unique  (cost=377.37..377.85 rows=96 width=121)
	  ->  Sort  (cost=377.37..377.61 rows=96 width=121)
	        Sort Key: c
	        ->  Index Scan using sbtest1_pkey on sbtest1  (cost=0.43..374.20 rows=96 width=121)
	              Index Cond: ((id >= 4089183) AND (id <= 4089282))

table 2 : explain SELECT DISTINCT c FROM sbtest2 WHERE id BETWEEN 7141948 AND 7142047 ORDER BY c
	Unique  (cost=422.17..422.71 rows=108 width=121)
	  ->  Sort  (cost=422.17..422.44 rows=108 width=121)
	        Sort Key: c
	        ->  Index Scan using sbtest2_pkey on sbtest2  (cost=0.43..418.53 rows=108 width=121)
	              Index Cond: ((id >= 7141948) AND (id <= 7142047))

table 3 : explain SELECT DISTINCT c FROM sbtest3 WHERE id BETWEEN 1854660 AND 1854759 ORDER BY c
	Unique  (cost=405.52..406.04 rows=103 width=121)
	  ->  Sort  (cost=405.52..405.78 rows=103 width=121)
	        Sort Key: c
	        ->  Index Scan using sbtest3_pkey on sbtest3  (cost=0.43..402.08 rows=103 width=121)
	              Index Cond: ((id >= 1854660) AND (id <= 1854759))

table 4 : explain SELECT DISTINCT c FROM sbtest4 WHERE id BETWEEN 6602587 AND 6602686 ORDER BY c
	Unique  (cost=359.21..359.66 rows=91 width=121)
	  ->  Sort  (cost=359.21..359.43 rows=91 width=121)
	        Sort Key: c
	        ->  Index Scan using sbtest4_pkey on sbtest4  (cost=0.43..356.25 rows=91 width=121)
	              Index Cond: ((id >= 6602587) AND (id <= 6602686))

table 5 : explain SELECT DISTINCT c FROM sbtest5 WHERE id BETWEEN 3489622 AND 3489721 ORDER BY c
	Unique  (cost=425.36..425.90 rows=109 width=121)
	  ->  Sort  (cost=425.36..425.63 rows=109 width=121)
	        Sort Key: c
	        ->  Index Scan using sbtest5_pkey on sbtest5  (cost=0.43..421.67 rows=109 width=121)
	              Index Cond: ((id >= 3489622) AND (id <= 3489721))

table 6 : explain SELECT DISTINCT c FROM sbtest6 WHERE id BETWEEN 8551773 AND 8551872 ORDER BY c
	Unique  (cost=359.67..360.13 rows=92 width=121)
	  ->  Sort  (cost=359.67..359.90 rows=92 width=121)
	        Sort Key: c
	        ->  Index Scan using sbtest6_pkey on sbtest6  (cost=0.43..356.67 rows=92 width=121)
	              Index Cond: ((id >= 8551773) AND (id <= 8551872))

table 7 : explain SELECT DISTINCT c FROM sbtest7 WHERE id BETWEEN 5335595 AND 5335694 ORDER BY c
	Unique  (cost=421.87..422.41 rows=108 width=121)
	  ->  Sort  (cost=421.87..422.14 rows=108 width=121)
	        Sort Key: c
	        ->  Index Scan using sbtest7_pkey on sbtest7  (cost=0.43..418.23 rows=108 width=121)
	              Index Cond: ((id >= 5335595) AND (id <= 5335694))

table 8 : explain SELECT DISTINCT c FROM sbtest8 WHERE id BETWEEN 8539567 AND 8539666 ORDER BY c
	Unique  (cost=388.02..388.52 rows=99 width=121)
	  ->  Sort  (cost=388.02..388.27 rows=99 width=121)
	        Sort Key: c
	        ->  Index Scan using sbtest8_pkey on sbtest8  (cost=0.43..384.74 rows=99 width=121)
	              Index Cond: ((id >= 8539567) AND (id <= 8539666))

for: sum_ranges
table 1 : explain SELECT SUM(k) FROM sbtest1 WHERE id BETWEEN 456479 AND 456578
	Aggregate  (cost=409.15..409.16 rows=1 width=8)
	  ->  Index Scan using sbtest1_pkey on sbtest1  (cost=0.43..408.89 rows=105 width=4)
	        Index Cond: ((id >= 456479) AND (id <= 456578))

table 2 : explain SELECT SUM(k) FROM sbtest2 WHERE id BETWEEN 4618595 AND 4618694
	Aggregate  (cost=380.41..380.42 rows=1 width=8)
	  ->  Index Scan using sbtest2_pkey on sbtest2  (cost=0.43..380.17 rows=98 width=4)
	        Index Cond: ((id >= 4618595) AND (id <= 4618694))

table 3 : explain SELECT SUM(k) FROM sbtest3 WHERE id BETWEEN 6011176 AND 6011275
	Aggregate  (cost=386.85..386.86 rows=1 width=8)
	  ->  Index Scan using sbtest3_pkey on sbtest3  (cost=0.43..386.61 rows=99 width=4)
	        Index Cond: ((id >= 6011176) AND (id <= 6011275))

table 4 : explain SELECT SUM(k) FROM sbtest4 WHERE id BETWEEN 4449644 AND 4449743
	Aggregate  (cost=402.90..402.91 rows=1 width=8)
	  ->  Index Scan using sbtest4_pkey on sbtest4  (cost=0.43..402.65 rows=103 width=4)
	        Index Cond: ((id >= 4449644) AND (id <= 4449743))

table 5 : explain SELECT SUM(k) FROM sbtest5 WHERE id BETWEEN 5598737 AND 5598836
	Aggregate  (cost=410.46..410.47 rows=1 width=8)
	  ->  Index Scan using sbtest5_pkey on sbtest5  (cost=0.43..410.20 rows=106 width=4)
	        Index Cond: ((id >= 5598737) AND (id <= 5598836))

table 6 : explain SELECT SUM(k) FROM sbtest6 WHERE id BETWEEN 9205447 AND 9205546
	Aggregate  (cost=368.38..368.39 rows=1 width=8)
	  ->  Index Scan using sbtest6_pkey on sbtest6  (cost=0.43..368.14 rows=95 width=4)
	        Index Cond: ((id >= 9205447) AND (id <= 9205546))

table 7 : explain SELECT SUM(k) FROM sbtest7 WHERE id BETWEEN 8722909 AND 8723008
	Aggregate  (cost=410.84..410.85 rows=1 width=8)
	  ->  Index Scan using sbtest7_pkey on sbtest7  (cost=0.43..410.57 rows=106 width=4)
	        Index Cond: ((id >= 8722909) AND (id <= 8723008))

table 8 : explain SELECT SUM(k) FROM sbtest8 WHERE id BETWEEN 3958405 AND 3958504
	Aggregate  (cost=377.30..377.31 rows=1 width=8)
	  ->  Index Scan using sbtest8_pkey on sbtest8  (cost=0.43..377.06 rows=97 width=4)
	        Index Cond: ((id >= 3958405) AND (id <= 3958504))

for: order_ranges
table 1 : explain SELECT c FROM sbtest1 WHERE id BETWEEN 5659830 AND 5659929 ORDER BY c
	Sort  (cost=431.86..432.14 rows=110 width=121)
	  Sort Key: c
	  ->  Index Scan using sbtest1_pkey on sbtest1  (cost=0.43..428.13 rows=110 width=121)
	        Index Cond: ((id >= 5659830) AND (id <= 5659929))

table 2 : explain SELECT c FROM sbtest2 WHERE id BETWEEN 8903635 AND 8903734 ORDER BY c
	Sort  (cost=360.18..360.41 rows=92 width=121)
	  Sort Key: c
	  ->  Index Scan using sbtest2_pkey on sbtest2  (cost=0.43..357.18 rows=92 width=121)
	        Index Cond: ((id >= 8903635) AND (id <= 8903734))

table 3 : explain SELECT c FROM sbtest3 WHERE id BETWEEN 701184 AND 701283 ORDER BY c
	Sort  (cost=370.40..370.63 rows=94 width=121)
	  Sort Key: c
	  ->  Index Scan using sbtest3_pkey on sbtest3  (cost=0.43..367.32 rows=94 width=121)
	        Index Cond: ((id >= 701184) AND (id <= 701283))

table 4 : explain SELECT c FROM sbtest4 WHERE id BETWEEN 1835272 AND 1835371 ORDER BY c
	Sort  (cost=398.28..398.53 rows=101 width=121)
	  Sort Key: c
	  ->  Index Scan using sbtest4_pkey on sbtest4  (cost=0.43..394.92 rows=101 width=121)
	        Index Cond: ((id >= 1835272) AND (id <= 1835371))

table 5 : explain SELECT c FROM sbtest5 WHERE id BETWEEN 2159309 AND 2159408 ORDER BY c
	Sort  (cost=425.36..425.63 rows=109 width=121)
	  Sort Key: c
	  ->  Index Scan using sbtest5_pkey on sbtest5  (cost=0.43..421.67 rows=109 width=121)
	        Index Cond: ((id >= 2159309) AND (id <= 2159408))

table 6 : explain SELECT c FROM sbtest6 WHERE id BETWEEN 4130637 AND 4130736 ORDER BY c
	Sort  (cost=406.10..406.36 rows=104 width=121)
	  Sort Key: c
	  ->  Index Scan using sbtest6_pkey on sbtest6  (cost=0.43..402.62 rows=104 width=121)
	        Index Cond: ((id >= 4130637) AND (id <= 4130736))

table 7 : explain SELECT c FROM sbtest7 WHERE id BETWEEN 5991216 AND 5991315 ORDER BY c
	Sort  (cost=375.40..375.64 rows=96 width=121)
	  Sort Key: c
	  ->  Index Scan using sbtest7_pkey on sbtest7  (cost=0.43..372.24 rows=96 width=121)
	        Index Cond: ((id >= 5991216) AND (id <= 5991315))

table 8 : explain SELECT c FROM sbtest8 WHERE id BETWEEN 890929 AND 891028 ORDER BY c
	Sort  (cost=415.22..415.49 rows=106 width=121)
	  Sort Key: c
	  ->  Index Scan using sbtest8_pkey on sbtest8  (cost=0.43..411.66 rows=106 width=121)
	        Index Cond: ((id >= 890929) AND (id <= 891028))

for point_selects
table 1 : explain SELECT c FROM sbtest1 WHERE id=2906626
	Index Scan using sbtest1_pkey on sbtest1  (cost=0.43..8.45 rows=1 width=121)
	  Index Cond: (id = 2906626)

table 2 : explain SELECT c FROM sbtest2 WHERE id=5941357
	Index Scan using sbtest2_pkey on sbtest2  (cost=0.43..8.45 rows=1 width=121)
	  Index Cond: (id = 5941357)

table 3 : explain SELECT c FROM sbtest3 WHERE id=8113998
	Index Scan using sbtest3_pkey on sbtest3  (cost=0.43..8.45 rows=1 width=121)
	  Index Cond: (id = 8113998)

table 4 : explain SELECT c FROM sbtest4 WHERE id=6953059
	Index Scan using sbtest4_pkey on sbtest4  (cost=0.43..8.45 rows=1 width=121)
	  Index Cond: (id = 6953059)

table 5 : explain SELECT c FROM sbtest5 WHERE id=4386028
	Index Scan using sbtest5_pkey on sbtest5  (cost=0.43..8.45 rows=1 width=121)
	  Index Cond: (id = 4386028)

table 6 : explain SELECT c FROM sbtest6 WHERE id=5000253
	Index Scan using sbtest6_pkey on sbtest6  (cost=0.43..8.45 rows=1 width=121)
	  Index Cond: (id = 5000253)

table 7 : explain SELECT c FROM sbtest7 WHERE id=9014429
	Index Scan using sbtest7_pkey on sbtest7  (cost=0.43..8.45 rows=1 width=121)
	  Index Cond: (id = 9014429)

table 8 : explain SELECT c FROM sbtest8 WHERE id=8488201
	Index Scan using sbtest8_pkey on sbtest8  (cost=0.43..8.45 rows=1 width=121)
	  Index Cond: (id = 8488201)

explain: for index_updates :: explain UPDATE sbtest%u SET k=k+1 WHERE id=%u
explain: for point_selects :: explain SELECT c FROM sbtest%u WHERE id=%u
explain: for point_selects :: explain SELECT c FROM sbtest%u WHERE id=%u
for: sum_ranges
table 1 : explain SELECT SUM(k) FROM sbtest1 WHERE id BETWEEN 7024543 AND 7024642
	Aggregate  (cost=362.89..362.90 rows=1 width=8)
	  ->  Index Scan using sbtest1_pkey on sbtest1  (cost=0.43..362.66 rows=93 width=4)
	        Index Cond: ((id >= 7024543) AND (id <= 7024642))

table 2 : explain SELECT SUM(k) FROM sbtest2 WHERE id BETWEEN 586316 AND 586415
	Aggregate  (cost=395.79..395.80 rows=1 width=8)
	  ->  Index Scan using sbtest2_pkey on sbtest2  (cost=0.43..395.54 rows=102 width=4)
	        Index Cond: ((id >= 586316) AND (id <= 586415))

table 3 : explain SELECT SUM(k) FROM sbtest3 WHERE id BETWEEN 5822442 AND 5822541
	Aggregate  (cost=355.97..355.98 rows=1 width=8)
	  ->  Index Scan using sbtest3_pkey on sbtest3  (cost=0.43..355.74 rows=91 width=4)
	        Index Cond: ((id >= 5822442) AND (id <= 5822541))

table 4 : explain SELECT SUM(k) FROM sbtest4 WHERE id BETWEEN 1311144 AND 1311243
	Aggregate  (cost=375.80..375.81 rows=1 width=8)
	  ->  Index Scan using sbtest4_pkey on sbtest4  (cost=0.43..375.56 rows=96 width=4)
	        Index Cond: ((id >= 1311144) AND (id <= 1311243))

table 5 : explain SELECT SUM(k) FROM sbtest5 WHERE id BETWEEN 3503624 AND 3503723
	Aggregate  (cost=421.94..421.95 rows=1 width=8)
	  ->  Index Scan using sbtest5_pkey on sbtest5  (cost=0.43..421.67 rows=109 width=4)
	        Index Cond: ((id >= 3503624) AND (id <= 3503723))

table 6 : explain SELECT SUM(k) FROM sbtest6 WHERE id BETWEEN 9170982 AND 9171081
	Aggregate  (cost=395.22..395.23 rows=1 width=8)
	  ->  Index Scan using sbtest6_pkey on sbtest6  (cost=0.43..394.97 rows=102 width=4)
	        Index Cond: ((id >= 9170982) AND (id <= 9171081))

table 7 : explain SELECT SUM(k) FROM sbtest7 WHERE id BETWEEN 6719770 AND 6719869
	Aggregate  (cost=383.97..383.98 rows=1 width=8)
	  ->  Index Scan using sbtest7_pkey on sbtest7  (cost=0.43..383.72 rows=99 width=4)
	        Index Cond: ((id >= 6719770) AND (id <= 6719869))

table 8 : explain SELECT SUM(k) FROM sbtest8 WHERE id BETWEEN 736386 AND 736485
	Aggregate  (cost=396.56..396.57 rows=1 width=8)
	  ->  Index Scan using sbtest8_pkey on sbtest8  (cost=0.43..396.30 rows=102 width=4)
	        Index Cond: ((id >= 736386) AND (id <= 736485))

for index_updates
table 1 : explain UPDATE sbtest1 SET k=k+1 WHERE id=2891790
	Update on sbtest1  (cost=0.43..8.46 rows=0 width=0)
	  ->  Index Scan using sbtest1_pkey on sbtest1  (cost=0.43..8.46 rows=1 width=10)
	        Index Cond: (id = 2891790)

table 2 : explain UPDATE sbtest2 SET k=k+1 WHERE id=2096811
	Update on sbtest2  (cost=0.43..8.46 rows=0 width=0)
	  ->  Index Scan using sbtest2_pkey on sbtest2  (cost=0.43..8.46 rows=1 width=10)
	        Index Cond: (id = 2096811)

table 3 : explain UPDATE sbtest3 SET k=k+1 WHERE id=9212294
	Update on sbtest3  (cost=0.43..8.46 rows=0 width=0)
	  ->  Index Scan using sbtest3_pkey on sbtest3  (cost=0.43..8.46 rows=1 width=10)
	        Index Cond: (id = 9212294)

table 4 : explain UPDATE sbtest4 SET k=k+1 WHERE id=1789925
	Update on sbtest4  (cost=0.43..8.46 rows=0 width=0)
	  ->  Index Scan using sbtest4_pkey on sbtest4  (cost=0.43..8.46 rows=1 width=10)
	        Index Cond: (id = 1789925)

table 5 : explain UPDATE sbtest5 SET k=k+1 WHERE id=8212252
	Update on sbtest5  (cost=0.43..8.46 rows=0 width=0)
	  ->  Index Scan using sbtest5_pkey on sbtest5  (cost=0.43..8.46 rows=1 width=10)
	        Index Cond: (id = 8212252)

table 6 : explain UPDATE sbtest6 SET k=k+1 WHERE id=3526148
	Update on sbtest6  (cost=0.43..8.46 rows=0 width=0)
	  ->  Index Scan using sbtest6_pkey on sbtest6  (cost=0.43..8.46 rows=1 width=10)
	        Index Cond: (id = 3526148)

table 7 : explain UPDATE sbtest7 SET k=k+1 WHERE id=1196993
	Update on sbtest7  (cost=0.43..8.46 rows=0 width=0)
	  ->  Index Scan using sbtest7_pkey on sbtest7  (cost=0.43..8.46 rows=1 width=10)
	        Index Cond: (id = 1196993)

table 8 : explain UPDATE sbtest8 SET k=k+1 WHERE id=2625432
	Update on sbtest8  (cost=0.43..8.46 rows=0 width=0)
	  ->  Index Scan using sbtest8_pkey on sbtest8  (cost=0.43..8.46 rows=1 width=10)
	        Index Cond: (id = 2625432)

for: simple_ranges
table 1 : explain SELECT c FROM sbtest1 WHERE id BETWEEN 1536675 AND 1536774
	Index Scan using sbtest1_pkey on sbtest1  (cost=0.43..358.81 rows=92 width=121)
	  Index Cond: ((id >= 1536675) AND (id <= 1536774))

table 2 : explain SELECT c FROM sbtest2 WHERE id BETWEEN 1904588 AND 1904687
	Index Scan using sbtest2_pkey on sbtest2  (cost=0.43..334.19 rows=86 width=121)
	  Index Cond: ((id >= 1904588) AND (id <= 1904687))

table 3 : explain SELECT c FROM sbtest3 WHERE id BETWEEN 3248135 AND 3248234
	Index Scan using sbtest3_pkey on sbtest3  (cost=0.43..402.08 rows=103 width=121)
	  Index Cond: ((id >= 3248135) AND (id <= 3248234))

table 4 : explain SELECT c FROM sbtest4 WHERE id BETWEEN 3838542 AND 3838641
	Index Scan using sbtest4_pkey on sbtest4  (cost=0.43..398.78 rows=102 width=121)
	  Index Cond: ((id >= 3838542) AND (id <= 3838641))

table 5 : explain SELECT c FROM sbtest5 WHERE id BETWEEN 3817261 AND 3817360
	Index Scan using sbtest5_pkey on sbtest5  (cost=0.43..379.55 rows=98 width=121)
	  Index Cond: ((id >= 3817261) AND (id <= 3817360))

table 6 : explain SELECT c FROM sbtest6 WHERE id BETWEEN 205999 AND 206098
	Index Scan using sbtest6_pkey on sbtest6  (cost=0.43..356.67 rows=92 width=121)
	  Index Cond: ((id >= 205999) AND (id <= 206098))

table 7 : explain SELECT c FROM sbtest7 WHERE id BETWEEN 3928528 AND 3928627
	Index Scan using sbtest7_pkey on sbtest7  (cost=0.43..395.26 rows=102 width=121)
	  Index Cond: ((id >= 3928528) AND (id <= 3928627))

table 8 : explain SELECT c FROM sbtest8 WHERE id BETWEEN 5731401 AND 5731500
	Index Scan using sbtest8_pkey on sbtest8  (cost=0.43..334.84 rows=86 width=121)
	  Index Cond: ((id >= 5731401) AND (id <= 5731500))

for: distinct_ranges
table 1 : explain SELECT DISTINCT c FROM sbtest1 WHERE id BETWEEN 1722113 AND 1722212 ORDER BY c
	Unique  (cost=357.92..358.38 rows=91 width=121)
	  ->  Sort  (cost=357.92..358.15 rows=91 width=121)
	        Sort Key: c
	        ->  Index Scan using sbtest1_pkey on sbtest1  (cost=0.43..354.96 rows=91 width=121)
	              Index Cond: ((id >= 1722113) AND (id <= 1722212))

table 2 : explain SELECT DISTINCT c FROM sbtest2 WHERE id BETWEEN 7559943 AND 7560042 ORDER BY c
	Unique  (cost=371.80..372.27 rows=95 width=121)
	  ->  Sort  (cost=371.80..372.03 rows=95 width=121)
	        Sort Key: c
	        ->  Index Scan using sbtest2_pkey on sbtest2  (cost=0.43..368.67 rows=95 width=121)
	              Index Cond: ((id >= 7559943) AND (id <= 7560042))

table 3 : explain SELECT DISTINCT c FROM sbtest3 WHERE id BETWEEN 8795147 AND 8795246 ORDER BY c
	Unique  (cost=385.99..386.48 rows=98 width=121)
	  ->  Sort  (cost=385.99..386.24 rows=98 width=121)
	        Sort Key: c
	        ->  Index Scan using sbtest3_pkey on sbtest3  (cost=0.43..382.75 rows=98 width=121)
	              Index Cond: ((id >= 8795147) AND (id <= 8795246))

table 4 : explain SELECT DISTINCT c FROM sbtest4 WHERE id BETWEEN 1396463 AND 1396562 ORDER BY c
	Unique  (cost=394.38..394.88 rows=100 width=121)
	  ->  Sort  (cost=394.38..394.63 rows=100 width=121)
	        Sort Key: c
	        ->  Index Scan using sbtest4_pkey on sbtest4  (cost=0.43..391.06 rows=100 width=121)
	              Index Cond: ((id >= 1396463) AND (id <= 1396562))

table 5 : explain SELECT DISTINCT c FROM sbtest5 WHERE id BETWEEN 1110202 AND 1110301 ORDER BY c
	Unique  (cost=375.06..375.54 rows=96 width=121)
	  ->  Sort  (cost=375.06..375.30 rows=96 width=121)
	        Sort Key: c
	        ->  Index Scan using sbtest5_pkey on sbtest5  (cost=0.43..371.90 rows=96 width=121)
	              Index Cond: ((id >= 1110202) AND (id <= 1110301))

table 6 : explain SELECT DISTINCT c FROM sbtest6 WHERE id BETWEEN 8833075 AND 8833174 ORDER BY c
	Unique  (cost=363.53..364.00 rows=93 width=121)
	  ->  Sort  (cost=363.53..363.77 rows=93 width=121)
	        Sort Key: c
	        ->  Index Scan using sbtest6_pkey on sbtest6  (cost=0.43..360.49 rows=93 width=121)
	              Index Cond: ((id >= 8833075) AND (id <= 8833174))

table 7 : explain SELECT DISTINCT c FROM sbtest7 WHERE id BETWEEN 4387077 AND 4387176 ORDER BY c
	Unique  (cost=437.35..437.91 rows=112 width=121)
	  ->  Sort  (cost=437.35..437.63 rows=112 width=121)
	        Sort Key: c
	        ->  Index Scan using sbtest7_pkey on sbtest7  (cost=0.43..433.54 rows=112 width=121)
	              Index Cond: ((id >= 4387077) AND (id <= 4387176))

table 8 : explain SELECT DISTINCT c FROM sbtest8 WHERE id BETWEEN 3263184 AND 3263283 ORDER BY c
	Unique  (cost=337.60..338.03 rows=86 width=121)
	  ->  Sort  (cost=337.60..337.81 rows=86 width=121)
	        Sort Key: c
	        ->  Index Scan using sbtest8_pkey on sbtest8  (cost=0.43..334.84 rows=86 width=121)
	              Index Cond: ((id >= 3263184) AND (id <= 3263283))

for: simple_ranges
table 1 : explain SELECT c FROM sbtest1 WHERE id BETWEEN 5437664 AND 5437763
	Index Scan using sbtest1_pkey on sbtest1  (cost=0.43..408.89 rows=105 width=121)
	  Index Cond: ((id >= 5437664) AND (id <= 5437763))

table 2 : explain SELECT c FROM sbtest2 WHERE id BETWEEN 700004 AND 700103
	Index Scan using sbtest2_pkey on sbtest2  (cost=0.43..407.03 rows=105 width=121)
	  Index Cond: ((id >= 700004) AND (id <= 700103))

table 3 : explain SELECT c FROM sbtest3 WHERE id BETWEEN 5709947 AND 5710046
	Index Scan using sbtest3_pkey on sbtest3  (cost=0.43..363.46 rows=93 width=121)
	  Index Cond: ((id >= 5709947) AND (id <= 5710046))

table 4 : explain SELECT c FROM sbtest4 WHERE id BETWEEN 6179094 AND 6179193
	Index Scan using sbtest4_pkey on sbtest4  (cost=0.43..406.51 rows=104 width=121)
	  Index Cond: ((id >= 6179094) AND (id <= 6179193))

table 5 : explain SELECT c FROM sbtest5 WHERE id BETWEEN 8658426 AND 8658525
	Index Scan using sbtest5_pkey on sbtest5  (cost=0.43..352.78 rows=91 width=121)
	  Index Cond: ((id >= 8658426) AND (id <= 8658525))

table 6 : explain SELECT c FROM sbtest6 WHERE id BETWEEN 7520864 AND 7520963
	Index Scan using sbtest6_pkey on sbtest6  (cost=0.43..398.80 rows=103 width=121)
	  Index Cond: ((id >= 7520864) AND (id <= 7520963))

table 7 : explain SELECT c FROM sbtest7 WHERE id BETWEEN 6288407 AND 6288506
	Index Scan using sbtest7_pkey on sbtest7  (cost=0.43..399.09 rows=103 width=121)
	  Index Cond: ((id >= 6288407) AND (id <= 6288506))

table 8 : explain SELECT c FROM sbtest8 WHERE id BETWEEN 7436682 AND 7436781
	Index Scan using sbtest8_pkey on sbtest8  (cost=0.43..400.14 rows=103 width=121)
	  Index Cond: ((id >= 7436682) AND (id <= 7436781))

explain: for non_index_updates :: explain UPDATE sbtest%u SET c='foobar' WHERE id=%u
explain: for index_updates :: explain UPDATE sbtest%u SET k=k+1 WHERE id=%u
for: order_ranges
table 1 : explain SELECT c FROM sbtest1 WHERE id BETWEEN 465768 AND 465867 ORDER BY c
	Sort  (cost=412.41..412.68 rows=105 width=121)
	  Sort Key: c
	  ->  Index Scan using sbtest1_pkey on sbtest1  (cost=0.43..408.89 rows=105 width=121)
	        Index Cond: ((id >= 465768) AND (id <= 465867))

table 2 : explain SELECT c FROM sbtest2 WHERE id BETWEEN 3991262 AND 3991361 ORDER BY c
	Sort  (cost=402.81..403.07 rows=103 width=121)
	  Sort Key: c
	  ->  Index Scan using sbtest2_pkey on sbtest2  (cost=0.43..399.37 rows=103 width=121)
	        Index Cond: ((id >= 3991262) AND (id <= 3991361))

table 3 : explain SELECT c FROM sbtest3 WHERE id BETWEEN 2240627 AND 2240726 ORDER BY c
	Sort  (cost=389.89..390.14 rows=99 width=121)
	  Sort Key: c
	  ->  Index Scan using sbtest3_pkey on sbtest3  (cost=0.43..386.61 rows=99 width=121)
	        Index Cond: ((id >= 2240627) AND (id <= 2240726))

table 4 : explain SELECT c FROM sbtest4 WHERE id BETWEEN 8863195 AND 8863294 ORDER BY c
	Sort  (cost=409.99..410.25 rows=104 width=121)
	  Sort Key: c
	  ->  Index Scan using sbtest4_pkey on sbtest4  (cost=0.43..406.51 rows=104 width=121)
	        Index Cond: ((id >= 8863195) AND (id <= 8863294))

table 5 : explain SELECT c FROM sbtest5 WHERE id BETWEEN 2632616 AND 2632715 ORDER BY c
	Sort  (cost=398.30..398.56 rows=102 width=121)
	  Sort Key: c
	  ->  Index Scan using sbtest5_pkey on sbtest5  (cost=0.43..394.90 rows=102 width=121)
	        Index Cond: ((id >= 2632616) AND (id <= 2632715))

table 6 : explain SELECT c FROM sbtest6 WHERE id BETWEEN 1893192 AND 1893291 ORDER BY c
	Sort  (cost=402.24..402.50 rows=103 width=121)
	  Sort Key: c
	  ->  Index Scan using sbtest6_pkey on sbtest6  (cost=0.43..398.80 rows=103 width=121)
	        Index Cond: ((id >= 1893192) AND (id <= 1893291))

table 7 : explain SELECT c FROM sbtest7 WHERE id BETWEEN 437867 AND 437966 ORDER BY c
	Sort  (cost=410.27..410.53 rows=105 width=121)
	  Sort Key: c
	  ->  Index Scan using sbtest7_pkey on sbtest7  (cost=0.43..406.74 rows=105 width=121)
	        Index Cond: ((id >= 437867) AND (id <= 437966))

table 8 : explain SELECT c FROM sbtest8 WHERE id BETWEEN 4286330 AND 4286429 ORDER BY c
	Sort  (cost=384.14..384.39 rows=98 width=121)
	  Sort Key: c
	  ->  Index Scan using sbtest8_pkey on sbtest8  (cost=0.43..380.90 rows=98 width=121)
	        Index Cond: ((id >= 4286330) AND (id <= 4286429))

for: sum_ranges
table 1 : explain SELECT SUM(k) FROM sbtest1 WHERE id BETWEEN 8691196 AND 8691295
	Aggregate  (cost=389.85..389.86 rows=1 width=8)
	  ->  Index Scan using sbtest1_pkey on sbtest1  (cost=0.43..389.60 rows=100 width=4)
	        Index Cond: ((id >= 8691196) AND (id <= 8691295))

table 2 : explain SELECT SUM(k) FROM sbtest2 WHERE id BETWEEN 5539840 AND 5539939
	Aggregate  (cost=380.41..380.42 rows=1 width=8)
	  ->  Index Scan using sbtest2_pkey on sbtest2  (cost=0.43..380.17 rows=98 width=4)
	        Index Cond: ((id >= 5539840) AND (id <= 5539939))

table 3 : explain SELECT SUM(k) FROM sbtest3 WHERE id BETWEEN 5130303 AND 5130402
	Aggregate  (cost=359.83..359.84 rows=1 width=8)
	  ->  Index Scan using sbtest3_pkey on sbtest3  (cost=0.43..359.60 rows=92 width=4)
	        Index Cond: ((id >= 5130303) AND (id <= 5130402))

table 4 : explain SELECT SUM(k) FROM sbtest4 WHERE id BETWEEN 1195108 AND 1195207
	Aggregate  (cost=379.67..379.68 rows=1 width=8)
	  ->  Index Scan using sbtest4_pkey on sbtest4  (cost=0.43..379.43 rows=97 width=4)
	        Index Cond: ((id >= 1195108) AND (id <= 1195207))

table 5 : explain SELECT SUM(k) FROM sbtest5 WHERE id BETWEEN 1123027 AND 1123126
	Aggregate  (cost=372.14..372.15 rows=1 width=8)
	  ->  Index Scan using sbtest5_pkey on sbtest5  (cost=0.43..371.90 rows=96 width=4)
	        Index Cond: ((id >= 1123027) AND (id <= 1123126))

table 6 : explain SELECT SUM(k) FROM sbtest6 WHERE id BETWEEN 8920186 AND 8920285
	Aggregate  (cost=406.71..406.72 rows=1 width=8)
	  ->  Index Scan using sbtest6_pkey on sbtest6  (cost=0.43..406.45 rows=105 width=4)
	        Index Cond: ((id >= 8920186) AND (id <= 8920285))

table 7 : explain SELECT SUM(k) FROM sbtest7 WHERE id BETWEEN 1434744 AND 1434843
	Aggregate  (cost=372.48..372.49 rows=1 width=8)
	  ->  Index Scan using sbtest7_pkey on sbtest7  (cost=0.43..372.24 rows=96 width=4)
	        Index Cond: ((id >= 1434744) AND (id <= 1434843))

table 8 : explain SELECT SUM(k) FROM sbtest8 WHERE id BETWEEN 7164204 AND 7164303
	Aggregate  (cost=408.08..408.09 rows=1 width=8)
	  ->  Index Scan using sbtest8_pkey on sbtest8  (cost=0.43..407.82 rows=105 width=4)
	        Index Cond: ((id >= 7164204) AND (id <= 7164303))

for non_index_updates
table 1 : explain UPDATE sbtest1 SET c='foobar' WHERE id=8406129
	Update on sbtest1  (cost=0.43..8.45 rows=0 width=0)
	  ->  Index Scan using sbtest1_pkey on sbtest1  (cost=0.43..8.45 rows=1 width=490)
	        Index Cond: (id = 8406129)

table 2 : explain UPDATE sbtest2 SET c='foobar' WHERE id=8583944
	Update on sbtest2  (cost=0.43..8.45 rows=0 width=0)
	  ->  Index Scan using sbtest2_pkey on sbtest2  (cost=0.43..8.45 rows=1 width=490)
	        Index Cond: (id = 8583944)

table 3 : explain UPDATE sbtest3 SET c='foobar' WHERE id=3351651
	Update on sbtest3  (cost=0.43..8.45 rows=0 width=0)
	  ->  Index Scan using sbtest3_pkey on sbtest3  (cost=0.43..8.45 rows=1 width=490)
	        Index Cond: (id = 3351651)

table 4 : explain UPDATE sbtest4 SET c='foobar' WHERE id=7400344
	Update on sbtest4  (cost=0.43..8.45 rows=0 width=0)
	  ->  Index Scan using sbtest4_pkey on sbtest4  (cost=0.43..8.45 rows=1 width=490)
	        Index Cond: (id = 7400344)

table 5 : explain UPDATE sbtest5 SET c='foobar' WHERE id=5078492
	Update on sbtest5  (cost=0.43..8.45 rows=0 width=0)
	  ->  Index Scan using sbtest5_pkey on sbtest5  (cost=0.43..8.45 rows=1 width=490)
	        Index Cond: (id = 5078492)

table 6 : explain UPDATE sbtest6 SET c='foobar' WHERE id=2181656
	Update on sbtest6  (cost=0.43..8.45 rows=0 width=0)
	  ->  Index Scan using sbtest6_pkey on sbtest6  (cost=0.43..8.45 rows=1 width=490)
	        Index Cond: (id = 2181656)

table 7 : explain UPDATE sbtest7 SET c='foobar' WHERE id=6267343
	Update on sbtest7  (cost=0.43..8.45 rows=0 width=0)
	  ->  Index Scan using sbtest7_pkey on sbtest7  (cost=0.43..8.45 rows=1 width=490)
	        Index Cond: (id = 6267343)

table 8 : explain UPDATE sbtest8 SET c='foobar' WHERE id=3150936
	Update on sbtest8  (cost=0.43..8.45 rows=0 width=0)
	  ->  Index Scan using sbtest8_pkey on sbtest8  (cost=0.43..8.45 rows=1 width=490)
	        Index Cond: (id = 3150936)

for: sum_ranges
table 1 : explain SELECT SUM(k) FROM sbtest1 WHERE id BETWEEN 2584794 AND 2584893
	Aggregate  (cost=416.85..416.86 rows=1 width=8)
	  ->  Index Scan using sbtest1_pkey on sbtest1  (cost=0.43..416.59 rows=107 width=4)
	        Index Cond: ((id >= 2584794) AND (id <= 2584893))

table 2 : explain SELECT SUM(k) FROM sbtest2 WHERE id BETWEEN 4667480 AND 4667579
	Aggregate  (cost=380.41..380.42 rows=1 width=8)
	  ->  Index Scan using sbtest2_pkey on sbtest2  (cost=0.43..380.17 rows=98 width=4)
	        Index Cond: ((id >= 4667480) AND (id <= 4667579))

table 3 : explain SELECT SUM(k) FROM sbtest3 WHERE id BETWEEN 526934 AND 527033
	Aggregate  (cost=417.78..417.79 rows=1 width=8)
	  ->  Index Scan using sbtest3_pkey on sbtest3  (cost=0.43..417.51 rows=107 width=4)
	        Index Cond: ((id >= 526934) AND (id <= 527033))

table 4 : explain SELECT SUM(k) FROM sbtest4 WHERE id BETWEEN 1173823 AND 1173922
	Aggregate  (cost=379.67..379.68 rows=1 width=8)
	  ->  Index Scan using sbtest4_pkey on sbtest4  (cost=0.43..379.43 rows=97 width=4)
	        Index Cond: ((id >= 1173823) AND (id <= 1173922))

table 5 : explain SELECT SUM(k) FROM sbtest5 WHERE id BETWEEN 7553209 AND 7553308
	Aggregate  (cost=391.33..391.34 rows=1 width=8)
	  ->  Index Scan using sbtest5_pkey on sbtest5  (cost=0.43..391.07 rows=101 width=4)
	        Index Cond: ((id >= 7553209) AND (id <= 7553308))

table 6 : explain SELECT SUM(k) FROM sbtest6 WHERE id BETWEEN 5881547 AND 5881646
	Aggregate  (cost=360.72..360.73 rows=1 width=8)
	  ->  Index Scan using sbtest6_pkey on sbtest6  (cost=0.43..360.49 rows=93 width=4)
	        Index Cond: ((id >= 5881547) AND (id <= 5881646))

table 7 : explain SELECT SUM(k) FROM sbtest7 WHERE id BETWEEN 6956241 AND 6956340
	Aggregate  (cost=368.65..368.66 rows=1 width=8)
	  ->  Index Scan using sbtest7_pkey on sbtest7  (cost=0.43..368.41 rows=95 width=4)
	        Index Cond: ((id >= 6956241) AND (id <= 6956340))

table 8 : explain SELECT SUM(k) FROM sbtest8 WHERE id BETWEEN 6734046 AND 6734145
	Aggregate  (cost=434.97..434.98 rows=1 width=8)
	  ->  Index Scan using sbtest8_pkey on sbtest8  (cost=0.43..434.69 rows=112 width=4)
	        Index Cond: ((id >= 6734046) AND (id <= 6734145))

for index_updates
table 1 : explain UPDATE sbtest1 SET k=k+1 WHERE id=2694061
	Update on sbtest1  (cost=0.43..8.46 rows=0 width=0)
	  ->  Index Scan using sbtest1_pkey on sbtest1  (cost=0.43..8.46 rows=1 width=10)
	        Index Cond: (id = 2694061)

table 2 : explain UPDATE sbtest2 SET k=k+1 WHERE id=3614082
	Update on sbtest2  (cost=0.43..8.46 rows=0 width=0)
	  ->  Index Scan using sbtest2_pkey on sbtest2  (cost=0.43..8.46 rows=1 width=10)
	        Index Cond: (id = 3614082)

table 3 : explain UPDATE sbtest3 SET k=k+1 WHERE id=2209366
	Update on sbtest3  (cost=0.43..8.46 rows=0 width=0)
	  ->  Index Scan using sbtest3_pkey on sbtest3  (cost=0.43..8.46 rows=1 width=10)
	        Index Cond: (id = 2209366)

table 4 : explain UPDATE sbtest4 SET k=k+1 WHERE id=1280904
	Update on sbtest4  (cost=0.43..8.46 rows=0 width=0)
	  ->  Index Scan using sbtest4_pkey on sbtest4  (cost=0.43..8.46 rows=1 width=10)
	        Index Cond: (id = 1280904)

table 5 : explain UPDATE sbtest5 SET k=k+1 WHERE id=5714899
	Update on sbtest5  (cost=0.43..8.46 rows=0 width=0)
	  ->  Index Scan using sbtest5_pkey on sbtest5  (cost=0.43..8.46 rows=1 width=10)
	        Index Cond: (id = 5714899)

table 6 : explain UPDATE sbtest6 SET k=k+1 WHERE id=5982418
	Update on sbtest6  (cost=0.43..8.46 rows=0 width=0)
	  ->  Index Scan using sbtest6_pkey on sbtest6  (cost=0.43..8.46 rows=1 width=10)
	        Index Cond: (id = 5982418)

table 7 : explain UPDATE sbtest7 SET k=k+1 WHERE id=3946737
	Update on sbtest7  (cost=0.43..8.46 rows=0 width=0)
	  ->  Index Scan using sbtest7_pkey on sbtest7  (cost=0.43..8.46 rows=1 width=10)
	        Index Cond: (id = 3946737)

table 8 : explain UPDATE sbtest8 SET k=k+1 WHERE id=6018046
	Update on sbtest8  (cost=0.43..8.46 rows=0 width=0)
	  ->  Index Scan using sbtest8_pkey on sbtest8  (cost=0.43..8.46 rows=1 width=10)
	        Index Cond: (id = 6018046)

explain: for point_selects :: explain SELECT c FROM sbtest%u WHERE id=%u
for: sum_ranges
table 1 : explain SELECT SUM(k) FROM sbtest1 WHERE id BETWEEN 289637 AND 289736
	Aggregate  (cost=359.04..359.05 rows=1 width=8)
	  ->  Index Scan using sbtest1_pkey on sbtest1  (cost=0.43..358.81 rows=92 width=4)
	        Index Cond: ((id >= 289637) AND (id <= 289736))

table 2 : explain SELECT SUM(k) FROM sbtest2 WHERE id BETWEEN 92401 AND 92500
	Aggregate  (cost=395.79..395.80 rows=1 width=8)
	  ->  Index Scan using sbtest2_pkey on sbtest2  (cost=0.43..395.54 rows=102 width=4)
	        Index Cond: ((id >= 92401) AND (id <= 92500))

table 3 : explain SELECT SUM(k) FROM sbtest3 WHERE id BETWEEN 5821484 AND 5821583
	Aggregate  (cost=355.97..355.98 rows=1 width=8)
	  ->  Index Scan using sbtest3_pkey on sbtest3  (cost=0.43..355.74 rows=91 width=4)
	        Index Cond: ((id >= 5821484) AND (id <= 5821583))

table 4 : explain SELECT SUM(k) FROM sbtest4 WHERE id BETWEEN 8521558 AND 8521657
	Aggregate  (cost=375.80..375.81 rows=1 width=8)
	  ->  Index Scan using sbtest4_pkey on sbtest4  (cost=0.43..375.56 rows=96 width=4)
	        Index Cond: ((id >= 8521558) AND (id <= 8521657))

table 5 : explain SELECT SUM(k) FROM sbtest5 WHERE id BETWEEN 3890773 AND 3890872
	Aggregate  (cost=391.33..391.34 rows=1 width=8)
	  ->  Index Scan using sbtest5_pkey on sbtest5  (cost=0.43..391.07 rows=101 width=4)
	        Index Cond: ((id >= 3890773) AND (id <= 3890872))

table 6 : explain SELECT SUM(k) FROM sbtest6 WHERE id BETWEEN 8937823 AND 8937922
	Aggregate  (cost=406.71..406.72 rows=1 width=8)
	  ->  Index Scan using sbtest6_pkey on sbtest6  (cost=0.43..406.45 rows=105 width=4)
	        Index Cond: ((id >= 8937823) AND (id <= 8937922))

table 7 : explain SELECT SUM(k) FROM sbtest7 WHERE id BETWEEN 6853648 AND 6853747
	Aggregate  (cost=414.67..414.68 rows=1 width=8)
	  ->  Index Scan using sbtest7_pkey on sbtest7  (cost=0.43..414.40 rows=107 width=4)
	        Index Cond: ((id >= 6853648) AND (id <= 6853747))

table 8 : explain SELECT SUM(k) FROM sbtest8 WHERE id BETWEEN 8841656 AND 8841755
	Aggregate  (cost=361.94..361.95 rows=1 width=8)
	  ->  Index Scan using sbtest8_pkey on sbtest8  (cost=0.43..361.71 rows=93 width=4)
	        Index Cond: ((id >= 8841656) AND (id <= 8841755))

for: simple_ranges
table 1 : explain SELECT c FROM sbtest1 WHERE id BETWEEN 2028585 AND 2028684
	Index Scan using sbtest1_pkey on sbtest1  (cost=0.43..362.66 rows=93 width=121)
	  Index Cond: ((id >= 2028585) AND (id <= 2028684))

table 2 : explain SELECT c FROM sbtest2 WHERE id BETWEEN 4498494 AND 4498593
	Index Scan using sbtest2_pkey on sbtest2  (cost=0.43..399.37 rows=103 width=121)
	  Index Cond: ((id >= 4498494) AND (id <= 4498593))

table 3 : explain SELECT c FROM sbtest3 WHERE id BETWEEN 1744779 AND 1744878
	Index Scan using sbtest3_pkey on sbtest3  (cost=0.43..405.94 rows=104 width=121)
	  Index Cond: ((id >= 1744779) AND (id <= 1744878))

table 4 : explain SELECT c FROM sbtest4 WHERE id BETWEEN 3095522 AND 3095621
	Index Scan using sbtest4_pkey on sbtest4  (cost=0.43..375.56 rows=96 width=121)
	  Index Cond: ((id >= 3095522) AND (id <= 3095621))

table 5 : explain SELECT c FROM sbtest5 WHERE id BETWEEN 5142161 AND 5142260
	Index Scan using sbtest5_pkey on sbtest5  (cost=0.43..371.90 rows=96 width=121)
	  Index Cond: ((id >= 5142161) AND (id <= 5142260))

table 6 : explain SELECT c FROM sbtest6 WHERE id BETWEEN 5741506 AND 5741605
	Index Scan using sbtest6_pkey on sbtest6  (cost=0.43..379.62 rows=98 width=121)
	  Index Cond: ((id >= 5741506) AND (id <= 5741605))

table 7 : explain SELECT c FROM sbtest7 WHERE id BETWEEN 1069897 AND 1069996
	Index Scan using sbtest7_pkey on sbtest7  (cost=0.43..422.06 rows=109 width=121)
	  Index Cond: ((id >= 1069897) AND (id <= 1069996))

table 8 : explain SELECT c FROM sbtest8 WHERE id BETWEEN 6054524 AND 6054623
	Index Scan using sbtest8_pkey on sbtest8  (cost=0.43..334.84 rows=86 width=121)
	  Index Cond: ((id >= 6054524) AND (id <= 6054623))

for: distinct_ranges
table 1 : explain SELECT DISTINCT c FROM sbtest1 WHERE id BETWEEN 4286586 AND 4286685 ORDER BY c
	Unique  (cost=427.97..428.52 rows=109 width=121)
	  ->  Sort  (cost=427.97..428.25 rows=109 width=121)
	        Sort Key: c
	        ->  Index Scan using sbtest1_pkey on sbtest1  (cost=0.43..424.29 rows=109 width=121)
	              Index Cond: ((id >= 4286586) AND (id <= 4286685))

table 2 : explain SELECT DISTINCT c FROM sbtest2 WHERE id BETWEEN 2455149 AND 2455248 ORDER BY c
	Unique  (cost=387.33..387.82 rows=99 width=121)
	  ->  Sort  (cost=387.33..387.58 rows=99 width=121)
	        Sort Key: c
	        ->  Index Scan using sbtest2_pkey on sbtest2  (cost=0.43..384.05 rows=99 width=121)
	              Index Cond: ((id >= 2455149) AND (id <= 2455248))

table 3 : explain SELECT DISTINCT c FROM sbtest3 WHERE id BETWEEN 7425727 AND 7425826 ORDER BY c
	Unique  (cost=378.19..378.67 rows=96 width=121)
	  ->  Sort  (cost=378.19..378.43 rows=96 width=121)
	        Sort Key: c
	        ->  Index Scan using sbtest3_pkey on sbtest3  (cost=0.43..375.03 rows=96 width=121)
	              Index Cond: ((id >= 7425727) AND (id <= 7425826))

table 4 : explain SELECT DISTINCT c FROM sbtest4 WHERE id BETWEEN 8334563 AND 8334662 ORDER BY c
	Unique  (cost=417.80..418.33 rows=106 width=121)
	  ->  Sort  (cost=417.80..418.07 rows=106 width=121)
	        Sort Key: c
	        ->  Index Scan using sbtest4_pkey on sbtest4  (cost=0.43..414.24 rows=106 width=121)
	              Index Cond: ((id >= 8334563) AND (id <= 8334662))

table 5 : explain SELECT DISTINCT c FROM sbtest5 WHERE id BETWEEN 1913174 AND 1913273 ORDER BY c
	Unique  (cost=425.36..425.90 rows=109 width=121)
	  ->  Sort  (cost=425.36..425.63 rows=109 width=121)
	        Sort Key: c
	        ->  Index Scan using sbtest5_pkey on sbtest5  (cost=0.43..421.67 rows=109 width=121)
	              Index Cond: ((id >= 1913174) AND (id <= 1913273))

table 6 : explain SELECT DISTINCT c FROM sbtest6 WHERE id BETWEEN 1890392 AND 1890491 ORDER BY c
	Unique  (cost=402.24..402.75 rows=103 width=121)
	  ->  Sort  (cost=402.24..402.50 rows=103 width=121)
	        Sort Key: c
	        ->  Index Scan using sbtest6_pkey on sbtest6  (cost=0.43..398.80 rows=103 width=121)
	              Index Cond: ((id >= 1890392) AND (id <= 1890491))

table 7 : explain SELECT DISTINCT c FROM sbtest7 WHERE id BETWEEN 7702125 AND 7702224 ORDER BY c
	Unique  (cost=387.01..387.50 rows=99 width=121)
	  ->  Sort  (cost=387.01..387.25 rows=99 width=121)
	        Sort Key: c
	        ->  Index Scan using sbtest7_pkey on sbtest7  (cost=0.43..383.72 rows=99 width=121)
	              Index Cond: ((id >= 7702125) AND (id <= 7702224))

table 8 : explain SELECT DISTINCT c FROM sbtest8 WHERE id BETWEEN 4157309 AND 4157408 ORDER BY c
	Unique  (cost=376.38..376.86 rows=96 width=121)
	  ->  Sort  (cost=376.38..376.62 rows=96 width=121)
	        Sort Key: c
	        ->  Index Scan using sbtest8_pkey on sbtest8  (cost=0.43..373.22 rows=96 width=121)
	              Index Cond: ((id >= 4157309) AND (id <= 4157408))

for: distinct_ranges
table 1 : explain SELECT DISTINCT c FROM sbtest1 WHERE id BETWEEN 5718203 AND 5718302 ORDER BY c
	Unique  (cost=431.86..432.41 rows=110 width=121)
	  ->  Sort  (cost=431.86..432.14 rows=110 width=121)
	        Sort Key: c
	        ->  Index Scan using sbtest1_pkey on sbtest1  (cost=0.43..428.13 rows=110 width=121)
	              Index Cond: ((id >= 5718203) AND (id <= 5718302))

table 2 : explain SELECT DISTINCT c FROM sbtest2 WHERE id BETWEEN 5885794 AND 5885893 ORDER BY c
	Unique  (cost=441.54..442.10 rows=113 width=121)
	  ->  Sort  (cost=441.54..441.82 rows=113 width=121)
	        Sort Key: c
	        ->  Index Scan using sbtest2_pkey on sbtest2  (cost=0.43..437.68 rows=113 width=121)
	              Index Cond: ((id >= 5885794) AND (id <= 5885893))

table 3 : explain SELECT DISTINCT c FROM sbtest3 WHERE id BETWEEN 2771198 AND 2771297 ORDER BY c
	Unique  (cost=401.62..402.13 rows=102 width=121)
	  ->  Sort  (cost=401.62..401.88 rows=102 width=121)
	        Sort Key: c
	        ->  Index Scan using sbtest3_pkey on sbtest3  (cost=0.43..398.22 rows=102 width=121)
	              Index Cond: ((id >= 2771198) AND (id <= 2771297))

table 4 : explain SELECT DISTINCT c FROM sbtest4 WHERE id BETWEEN 6601776 AND 6601875 ORDER BY c
	Unique  (cost=359.21..359.66 rows=91 width=121)
	  ->  Sort  (cost=359.21..359.43 rows=91 width=121)
	        Sort Key: c
	        ->  Index Scan using sbtest4_pkey on sbtest4  (cost=0.43..356.25 rows=91 width=121)
	              Index Cond: ((id >= 6601776) AND (id <= 6601875))

table 5 : explain SELECT DISTINCT c FROM sbtest5 WHERE id BETWEEN 3104389 AND 3104488 ORDER BY c
	Unique  (cost=375.06..375.54 rows=96 width=121)
	  ->  Sort  (cost=375.06..375.30 rows=96 width=121)
	        Sort Key: c
	        ->  Index Scan using sbtest5_pkey on sbtest5  (cost=0.43..371.90 rows=96 width=121)
	              Index Cond: ((id >= 3104389) AND (id <= 3104488))

table 6 : explain SELECT DISTINCT c FROM sbtest6 WHERE id BETWEEN 5092983 AND 5093082 ORDER BY c
	Unique  (cost=367.40..367.87 rows=94 width=121)
	  ->  Sort  (cost=367.40..367.63 rows=94 width=121)
	        Sort Key: c
	        ->  Index Scan using sbtest6_pkey on sbtest6  (cost=0.43..364.32 rows=94 width=121)
	              Index Cond: ((id >= 5092983) AND (id <= 5093082))

table 7 : explain SELECT DISTINCT c FROM sbtest7 WHERE id BETWEEN 1743718 AND 1743817 ORDER BY c
	Unique  (cost=367.66..368.13 rows=94 width=121)
	  ->  Sort  (cost=367.66..367.90 rows=94 width=121)
	        Sort Key: c
	        ->  Index Scan using sbtest7_pkey on sbtest7  (cost=0.43..364.58 rows=94 width=121)
	              Index Cond: ((id >= 1743718) AND (id <= 1743817))

table 8 : explain SELECT DISTINCT c FROM sbtest8 WHERE id BETWEEN 1065333 AND 1065432 ORDER BY c
	Unique  (cost=360.87..361.33 rows=92 width=121)
	  ->  Sort  (cost=360.87..361.10 rows=92 width=121)
	        Sort Key: c
	        ->  Index Scan using sbtest8_pkey on sbtest8  (cost=0.43..357.87 rows=92 width=121)
	              Index Cond: ((id >= 1065333) AND (id <= 1065432))

explain: for deletes :: explain DELETE FROM sbtest%u WHERE id=%u
for: order_ranges
table 1 : explain SELECT c FROM sbtest1 WHERE id BETWEEN 317333 AND 317432 ORDER BY c
	Sort  (cost=361.81..362.04 rows=92 width=121)
	  Sort Key: c
	  ->  Index Scan using sbtest1_pkey on sbtest1  (cost=0.43..358.81 rows=92 width=121)
	        Index Cond: ((id >= 317333) AND (id <= 317432))

table 2 : explain SELECT c FROM sbtest2 WHERE id BETWEEN 3246575 AND 3246674 ORDER BY c
	Sort  (cost=387.33..387.58 rows=99 width=121)
	  Sort Key: c
	  ->  Index Scan using sbtest2_pkey on sbtest2  (cost=0.43..384.05 rows=99 width=121)
	        Index Cond: ((id >= 3246575) AND (id <= 3246674))

table 3 : explain SELECT c FROM sbtest3 WHERE id BETWEEN 2966997 AND 2967096 ORDER BY c
	Sort  (cost=362.60..362.83 rows=92 width=121)
	  Sort Key: c
	  ->  Index Scan using sbtest3_pkey on sbtest3  (cost=0.43..359.60 rows=92 width=121)
	        Index Cond: ((id >= 2966997) AND (id <= 2967096))

table 4 : explain SELECT c FROM sbtest4 WHERE id BETWEEN 7440260 AND 7440359 ORDER BY c
	Sort  (cost=460.75..461.05 rows=117 width=121)
	  Sort Key: c
	  ->  Index Scan using sbtest4_pkey on sbtest4  (cost=0.43..456.73 rows=117 width=121)
	        Index Cond: ((id >= 7440260) AND (id <= 7440359))

table 5 : explain SELECT c FROM sbtest5 WHERE id BETWEEN 7461976 AND 7462075 ORDER BY c
	Sort  (cost=406.03..406.29 rows=104 width=121)
	  Sort Key: c
	  ->  Index Scan using sbtest5_pkey on sbtest5  (cost=0.43..402.55 rows=104 width=121)
	        Index Cond: ((id >= 7461976) AND (id <= 7462075))

table 6 : explain SELECT c FROM sbtest6 WHERE id BETWEEN 8353476 AND 8353575 ORDER BY c
	Sort  (cost=378.99..379.24 rows=97 width=121)
	  Sort Key: c
	  ->  Index Scan using sbtest6_pkey on sbtest6  (cost=0.43..375.79 rows=97 width=121)
	        Index Cond: ((id >= 8353476) AND (id <= 8353575))

table 7 : explain SELECT c FROM sbtest7 WHERE id BETWEEN 1551433 AND 1551532 ORDER BY c
	Sort  (cost=371.53..371.77 rows=95 width=121)
	  Sort Key: c
	  ->  Index Scan using sbtest7_pkey on sbtest7  (cost=0.43..368.41 rows=95 width=121)
	        Index Cond: ((id >= 1551433) AND (id <= 1551532))

table 8 : explain SELECT c FROM sbtest8 WHERE id BETWEEN 6416785 AND 6416884 ORDER BY c
	Sort  (cost=368.63..368.86 rows=94 width=121)
	  Sort Key: c
	  ->  Index Scan using sbtest8_pkey on sbtest8  (cost=0.43..365.55 rows=94 width=121)
	        Index Cond: ((id >= 6416785) AND (id <= 6416884))

explain: for non_index_updates :: explain UPDATE sbtest%u SET c='foobar' WHERE id=%u
for: order_ranges
table 1 : explain SELECT c FROM sbtest1 WHERE id BETWEEN 7040885 AND 7040984 ORDER BY c
	Sort  (cost=365.70..365.93 rows=93 width=121)
	  Sort Key: c
	  ->  Index Scan using sbtest1_pkey on sbtest1  (cost=0.43..362.66 rows=93 width=121)
	        Index Cond: ((id >= 7040885) AND (id <= 7040984))

table 2 : explain SELECT c FROM sbtest2 WHERE id BETWEEN 3929163 AND 3929262 ORDER BY c
	Sort  (cost=402.81..403.07 rows=103 width=121)
	  Sort Key: c
	  ->  Index Scan using sbtest2_pkey on sbtest2  (cost=0.43..399.37 rows=103 width=121)
	        Index Cond: ((id >= 3929163) AND (id <= 3929262))

table 3 : explain SELECT c FROM sbtest3 WHERE id BETWEEN 9575514 AND 9575613 ORDER BY c
	Sort  (cost=378.19..378.43 rows=96 width=121)
	  Sort Key: c
	  ->  Index Scan using sbtest3_pkey on sbtest3  (cost=0.43..375.03 rows=96 width=121)
	        Index Cond: ((id >= 9575514) AND (id <= 9575613))

table 4 : explain SELECT c FROM sbtest4 WHERE id BETWEEN 509163 AND 509262 ORDER BY c
	Sort  (cost=378.72..378.96 rows=96 width=121)
	  Sort Key: c
	  ->  Index Scan using sbtest4_pkey on sbtest4  (cost=0.43..375.56 rows=96 width=121)
	        Index Cond: ((id >= 509163) AND (id <= 509262))

table 5 : explain SELECT c FROM sbtest5 WHERE id BETWEEN 495839 AND 495938 ORDER BY c
	Sort  (cost=359.60..359.83 rows=92 width=121)
	  Sort Key: c
	  ->  Index Scan using sbtest5_pkey on sbtest5  (cost=0.43..356.60 rows=92 width=121)
	        Index Cond: ((id >= 495839) AND (id <= 495938))

table 6 : explain SELECT c FROM sbtest6 WHERE id BETWEEN 3399241 AND 3399340 ORDER BY c
	Sort  (cost=394.51..394.76 rows=101 width=121)
	  Sort Key: c
	  ->  Index Scan using sbtest6_pkey on sbtest6  (cost=0.43..391.14 rows=101 width=121)
	        Index Cond: ((id >= 3399241) AND (id <= 3399340))

table 7 : explain SELECT c FROM sbtest7 WHERE id BETWEEN 3466737 AND 3466836 ORDER BY c
	Sort  (cost=402.53..402.79 rows=103 width=121)
	  Sort Key: c
	  ->  Index Scan using sbtest7_pkey on sbtest7  (cost=0.43..399.09 rows=103 width=121)
	        Index Cond: ((id >= 3466737) AND (id <= 3466836))

table 8 : explain SELECT c FROM sbtest8 WHERE id BETWEEN 135882 AND 135981 ORDER BY c
	Sort  (cost=415.22..415.49 rows=106 width=121)
	  Sort Key: c
	  ->  Index Scan using sbtest8_pkey on sbtest8  (cost=0.43..411.66 rows=106 width=121)
	        Index Cond: ((id >= 135882) AND (id <= 135981))

explain: for index_updates :: explain UPDATE sbtest%u SET k=k+1 WHERE id=%u
for: simple_ranges
table 1 : explain SELECT c FROM sbtest1 WHERE id BETWEEN 548989 AND 549088
	Index Scan using sbtest1_pkey on sbtest1  (cost=0.43..408.89 rows=105 width=121)
	  Index Cond: ((id >= 548989) AND (id <= 549088))

table 2 : explain SELECT c FROM sbtest2 WHERE id BETWEEN 8428140 AND 8428239
	Index Scan using sbtest2_pkey on sbtest2  (cost=0.43..380.17 rows=98 width=121)
	  Index Cond: ((id >= 8428140) AND (id <= 8428239))

table 3 : explain SELECT c FROM sbtest3 WHERE id BETWEEN 3033593 AND 3033692
	Index Scan using sbtest3_pkey on sbtest3  (cost=0.43..351.89 rows=90 width=121)
	  Index Cond: ((id >= 3033593) AND (id <= 3033692))

table 4 : explain SELECT c FROM sbtest4 WHERE id BETWEEN 3024175 AND 3024274
	Index Scan using sbtest4_pkey on sbtest4  (cost=0.43..387.15 rows=99 width=121)
	  Index Cond: ((id >= 3024175) AND (id <= 3024274))

table 5 : explain SELECT c FROM sbtest5 WHERE id BETWEEN 8698182 AND 8698281
	Index Scan using sbtest5_pkey on sbtest5  (cost=0.43..352.78 rows=91 width=121)
	  Index Cond: ((id >= 8698182) AND (id <= 8698281))

table 6 : explain SELECT c FROM sbtest6 WHERE id BETWEEN 5411456 AND 5411555
	Index Scan using sbtest6_pkey on sbtest6  (cost=0.43..383.44 rows=99 width=121)
	  Index Cond: ((id >= 5411456) AND (id <= 5411555))

table 7 : explain SELECT c FROM sbtest7 WHERE id BETWEEN 2453608 AND 2453707
	Index Scan using sbtest7_pkey on sbtest7  (cost=0.43..383.72 rows=99 width=121)
	  Index Cond: ((id >= 2453608) AND (id <= 2453707))

table 8 : explain SELECT c FROM sbtest8 WHERE id BETWEEN 5161405 AND 5161504
	Index Scan using sbtest8_pkey on sbtest8  (cost=0.43..388.62 rows=100 width=121)
	  Index Cond: ((id >= 5161405) AND (id <= 5161504))

for: distinct_ranges
table 1 : explain SELECT DISTINCT c FROM sbtest1 WHERE id BETWEEN 7096393 AND 7096492 ORDER BY c
	Unique  (cost=369.59..370.06 rows=94 width=121)
	  ->  Sort  (cost=369.59..369.82 rows=94 width=121)
	        Sort Key: c
	        ->  Index Scan using sbtest1_pkey on sbtest1  (cost=0.43..366.51 rows=94 width=121)
	              Index Cond: ((id >= 7096393) AND (id <= 7096492))

table 2 : explain SELECT DISTINCT c FROM sbtest2 WHERE id BETWEEN 2307885 AND 2307984 ORDER BY c
	Unique  (cost=395.07..395.58 rows=101 width=121)
	  ->  Sort  (cost=395.07..395.32 rows=101 width=121)
	        Sort Key: c
	        ->  Index Scan using sbtest2_pkey on sbtest2  (cost=0.43..391.71 rows=101 width=121)
	              Index Cond: ((id >= 2307885) AND (id <= 2307984))

table 3 : explain SELECT DISTINCT c FROM sbtest3 WHERE id BETWEEN 9379963 AND 9380062 ORDER BY c
	Unique  (cost=436.71..437.27 rows=111 width=121)
	  ->  Sort  (cost=436.71..436.99 rows=111 width=121)
	        Sort Key: c
	        ->  Index Scan using sbtest3_pkey on sbtest3  (cost=0.43..432.94 rows=111 width=121)
	              Index Cond: ((id >= 9379963) AND (id <= 9380062))

table 4 : explain SELECT DISTINCT c FROM sbtest4 WHERE id BETWEEN 4536708 AND 4536807 ORDER BY c
	Unique  (cost=390.43..390.93 rows=99 width=121)
	  ->  Sort  (cost=390.43..390.68 rows=99 width=121)
	        Sort Key: c
	        ->  Index Scan using sbtest4_pkey on sbtest4  (cost=0.43..387.15 rows=99 width=121)
	              Index Cond: ((id >= 4536708) AND (id <= 4536807))

table 5 : explain SELECT DISTINCT c FROM sbtest5 WHERE id BETWEEN 4436504 AND 4436603 ORDER BY c
	Unique  (cost=417.63..418.16 rows=107 width=121)
	  ->  Sort  (cost=417.63..417.90 rows=107 width=121)
	        Sort Key: c
	        ->  Index Scan using sbtest5_pkey on sbtest5  (cost=0.43..414.02 rows=107 width=121)
	              Index Cond: ((id >= 4436504) AND (id <= 4436603))

table 6 : explain SELECT DISTINCT c FROM sbtest6 WHERE id BETWEEN 7007735 AND 7007834 ORDER BY c
	Unique  (cost=378.99..379.48 rows=97 width=121)
	  ->  Sort  (cost=378.99..379.24 rows=97 width=121)
	        Sort Key: c
	        ->  Index Scan using sbtest6_pkey on sbtest6  (cost=0.43..375.79 rows=97 width=121)
	              Index Cond: ((id >= 7007735) AND (id <= 7007834))

table 7 : explain SELECT DISTINCT c FROM sbtest7 WHERE id BETWEEN 415157 AND 415256 ORDER BY c
	Unique  (cost=363.80..364.26 rows=93 width=121)
	  ->  Sort  (cost=363.80..364.03 rows=93 width=121)
	        Sort Key: c
	        ->  Index Scan using sbtest7_pkey on sbtest7  (cost=0.43..360.75 rows=93 width=121)
	              Index Cond: ((id >= 415157) AND (id <= 415256))

table 8 : explain SELECT DISTINCT c FROM sbtest8 WHERE id BETWEEN 7944370 AND 7944469 ORDER BY c
	Unique  (cost=411.34..411.87 rows=105 width=121)
	  ->  Sort  (cost=411.34..411.60 rows=105 width=121)
	        Sort Key: c
	        ->  Index Scan using sbtest8_pkey on sbtest8  (cost=0.43..407.82 rows=105 width=121)
	              Index Cond: ((id >= 7944370) AND (id <= 7944469))

for deletes
table 1 : explain DELETE FROM sbtest1 WHERE id=8947972
	Delete on sbtest1  (cost=0.43..8.45 rows=0 width=0)
	  ->  Index Scan using sbtest1_pkey on sbtest1  (cost=0.43..8.45 rows=1 width=6)
	        Index Cond: (id = 8947972)

table 2 : explain DELETE FROM sbtest2 WHERE id=6572533
	Delete on sbtest2  (cost=0.43..8.45 rows=0 width=0)
	  ->  Index Scan using sbtest2_pkey on sbtest2  (cost=0.43..8.45 rows=1 width=6)
	        Index Cond: (id = 6572533)

table 3 : explain DELETE FROM sbtest3 WHERE id=3859968
	Delete on sbtest3  (cost=0.43..8.45 rows=0 width=0)
	  ->  Index Scan using sbtest3_pkey on sbtest3  (cost=0.43..8.45 rows=1 width=6)
	        Index Cond: (id = 3859968)

table 4 : explain DELETE FROM sbtest4 WHERE id=5980924
	Delete on sbtest4  (cost=0.43..8.45 rows=0 width=0)
	  ->  Index Scan using sbtest4_pkey on sbtest4  (cost=0.43..8.45 rows=1 width=6)
	        Index Cond: (id = 5980924)

table 5 : explain DELETE FROM sbtest5 WHERE id=3510746
	Delete on sbtest5  (cost=0.43..8.45 rows=0 width=0)
	  ->  Index Scan using sbtest5_pkey on sbtest5  (cost=0.43..8.45 rows=1 width=6)
	        Index Cond: (id = 3510746)

table 6 : explain DELETE FROM sbtest6 WHERE id=398026
	Delete on sbtest6  (cost=0.43..8.45 rows=0 width=0)
	  ->  Index Scan using sbtest6_pkey on sbtest6  (cost=0.43..8.45 rows=1 width=6)
	        Index Cond: (id = 398026)

table 7 : explain DELETE FROM sbtest7 WHERE id=6371190
	Delete on sbtest7  (cost=0.43..8.45 rows=0 width=0)
	  ->  Index Scan using sbtest7_pkey on sbtest7  (cost=0.43..8.45 rows=1 width=6)
	        Index Cond: (id = 6371190)

table 8 : explain DELETE FROM sbtest8 WHERE id=694141
	Delete on sbtest8  (cost=0.43..8.45 rows=0 width=0)
	  ->  Index Scan using sbtest8_pkey on sbtest8  (cost=0.43..8.45 rows=1 width=6)
	        Index Cond: (id = 694141)

for point_selects
table 1 : explain SELECT c FROM sbtest1 WHERE id=6382548
	Index Scan using sbtest1_pkey on sbtest1  (cost=0.43..8.45 rows=1 width=121)
	  Index Cond: (id = 6382548)

table 2 : explain SELECT c FROM sbtest2 WHERE id=7849132
	Index Scan using sbtest2_pkey on sbtest2  (cost=0.43..8.45 rows=1 width=121)
	  Index Cond: (id = 7849132)

table 3 : explain SELECT c FROM sbtest3 WHERE id=7701761
	Index Scan using sbtest3_pkey on sbtest3  (cost=0.43..8.45 rows=1 width=121)
	  Index Cond: (id = 7701761)

table 4 : explain SELECT c FROM sbtest4 WHERE id=4304920
	Index Scan using sbtest4_pkey on sbtest4  (cost=0.43..8.45 rows=1 width=121)
	  Index Cond: (id = 4304920)

table 5 : explain SELECT c FROM sbtest5 WHERE id=283870
	Index Scan using sbtest5_pkey on sbtest5  (cost=0.43..8.45 rows=1 width=121)
	  Index Cond: (id = 283870)

table 6 : explain SELECT c FROM sbtest6 WHERE id=8763876
	Index Scan using sbtest6_pkey on sbtest6  (cost=0.43..8.45 rows=1 width=121)
	  Index Cond: (id = 8763876)

table 7 : explain SELECT c FROM sbtest7 WHERE id=7882151
	Index Scan using sbtest7_pkey on sbtest7  (cost=0.43..8.45 rows=1 width=121)
	  Index Cond: (id = 7882151)

table 8 : explain SELECT c FROM sbtest8 WHERE id=8759251
	Index Scan using sbtest8_pkey on sbtest8  (cost=0.43..8.45 rows=1 width=121)
	  Index Cond: (id = 8759251)

explain: for index_updates :: explain UPDATE sbtest%u SET k=k+1 WHERE id=%u
for non_index_updates
table 1 : explain UPDATE sbtest1 SET c='foobar' WHERE id=1489257
	Update on sbtest1  (cost=0.43..8.45 rows=0 width=0)
	  ->  Index Scan using sbtest1_pkey on sbtest1  (cost=0.43..8.45 rows=1 width=490)
	        Index Cond: (id = 1489257)

table 2 : explain UPDATE sbtest2 SET c='foobar' WHERE id=6450916
	Update on sbtest2  (cost=0.43..8.45 rows=0 width=0)
	  ->  Index Scan using sbtest2_pkey on sbtest2  (cost=0.43..8.45 rows=1 width=490)
	        Index Cond: (id = 6450916)

table 3 : explain UPDATE sbtest3 SET c='foobar' WHERE id=7561890
	Update on sbtest3  (cost=0.43..8.45 rows=0 width=0)
	  ->  Index Scan using sbtest3_pkey on sbtest3  (cost=0.43..8.45 rows=1 width=490)
	        Index Cond: (id = 7561890)

table 4 : explain UPDATE sbtest4 SET c='foobar' WHERE id=4909565
	Update on sbtest4  (cost=0.43..8.45 rows=0 width=0)
	  ->  Index Scan using sbtest4_pkey on sbtest4  (cost=0.43..8.45 rows=1 width=490)
	        Index Cond: (id = 4909565)

table 5 : explain UPDATE sbtest5 SET c='foobar' WHERE id=9064626
	Update on sbtest5  (cost=0.43..8.45 rows=0 width=0)
	  ->  Index Scan using sbtest5_pkey on sbtest5  (cost=0.43..8.45 rows=1 width=490)
	        Index Cond: (id = 9064626)

table 6 : explain UPDATE sbtest6 SET c='foobar' WHERE id=7871125
	Update on sbtest6  (cost=0.43..8.45 rows=0 width=0)
	  ->  Index Scan using sbtest6_pkey on sbtest6  (cost=0.43..8.45 rows=1 width=490)
	        Index Cond: (id = 7871125)

table 7 : explain UPDATE sbtest7 SET c='foobar' WHERE id=5885745
	Update on sbtest7  (cost=0.43..8.45 rows=0 width=0)
	  ->  Index Scan using sbtest7_pkey on sbtest7  (cost=0.43..8.45 rows=1 width=490)
	        Index Cond: (id = 5885745)

table 8 : explain UPDATE sbtest8 SET c='foobar' WHERE id=3492360
	Update on sbtest8  (cost=0.43..8.45 rows=0 width=0)
	  ->  Index Scan using sbtest8_pkey on sbtest8  (cost=0.43..8.45 rows=1 width=490)
	        Index Cond: (id = 3492360)

explain: for point_selects :: explain SELECT c FROM sbtest%u WHERE id=%u
for index_updates
table 1 : explain UPDATE sbtest1 SET k=k+1 WHERE id=8516308
	Update on sbtest1  (cost=0.43..8.46 rows=0 width=0)
	  ->  Index Scan using sbtest1_pkey on sbtest1  (cost=0.43..8.46 rows=1 width=10)
	        Index Cond: (id = 8516308)

table 2 : explain UPDATE sbtest2 SET k=k+1 WHERE id=669740
	Update on sbtest2  (cost=0.43..8.46 rows=0 width=0)
	  ->  Index Scan using sbtest2_pkey on sbtest2  (cost=0.43..8.46 rows=1 width=10)
	        Index Cond: (id = 669740)

table 3 : explain UPDATE sbtest3 SET k=k+1 WHERE id=7138669
	Update on sbtest3  (cost=0.43..8.46 rows=0 width=0)
	  ->  Index Scan using sbtest3_pkey on sbtest3  (cost=0.43..8.46 rows=1 width=10)
	        Index Cond: (id = 7138669)

table 4 : explain UPDATE sbtest4 SET k=k+1 WHERE id=2795966
	Update on sbtest4  (cost=0.43..8.46 rows=0 width=0)
	  ->  Index Scan using sbtest4_pkey on sbtest4  (cost=0.43..8.46 rows=1 width=10)
	        Index Cond: (id = 2795966)

table 5 : explain UPDATE sbtest5 SET k=k+1 WHERE id=8178254
	Update on sbtest5  (cost=0.43..8.46 rows=0 width=0)
	  ->  Index Scan using sbtest5_pkey on sbtest5  (cost=0.43..8.46 rows=1 width=10)
	        Index Cond: (id = 8178254)

table 6 : explain UPDATE sbtest6 SET k=k+1 WHERE id=2779458
	Update on sbtest6  (cost=0.43..8.46 rows=0 width=0)
	  ->  Index Scan using sbtest6_pkey on sbtest6  (cost=0.43..8.46 rows=1 width=10)
	        Index Cond: (id = 2779458)

table 7 : explain UPDATE sbtest7 SET k=k+1 WHERE id=1757466
	Update on sbtest7  (cost=0.43..8.46 rows=0 width=0)
	  ->  Index Scan using sbtest7_pkey on sbtest7  (cost=0.43..8.46 rows=1 width=10)
	        Index Cond: (id = 1757466)

table 8 : explain UPDATE sbtest8 SET k=k+1 WHERE id=3179979
	Update on sbtest8  (cost=0.43..8.46 rows=0 width=0)
	  ->  Index Scan using sbtest8_pkey on sbtest8  (cost=0.43..8.46 rows=1 width=10)
	        Index Cond: (id = 3179979)

explain: for deletes :: explain DELETE FROM sbtest%u WHERE id=%u
explain: for point_selects :: explain SELECT c FROM sbtest%u WHERE id=%u
for: order_ranges
table 1 : explain SELECT c FROM sbtest1 WHERE id BETWEEN 4305490 AND 4305589 ORDER BY c
	Sort  (cost=385.14..385.39 rows=98 width=121)
	  Sort Key: c
	  ->  Index Scan using sbtest1_pkey on sbtest1  (cost=0.43..381.90 rows=98 width=121)
	        Index Cond: ((id >= 4305490) AND (id <= 4305589))

table 2 : explain SELECT c FROM sbtest2 WHERE id BETWEEN 6893736 AND 6893835 ORDER BY c
	Sort  (cost=402.81..403.07 rows=103 width=121)
	  Sort Key: c
	  ->  Index Scan using sbtest2_pkey on sbtest2  (cost=0.43..399.37 rows=103 width=121)
	        Index Cond: ((id >= 6893736) AND (id <= 6893835))

table 3 : explain SELECT c FROM sbtest3 WHERE id BETWEEN 47623 AND 47722 ORDER BY c
	Sort  (cost=393.79..394.04 rows=100 width=121)
	  Sort Key: c
	  ->  Index Scan using sbtest3_pkey on sbtest3  (cost=0.43..390.46 rows=100 width=121)
	        Index Cond: ((id >= 47623) AND (id <= 47722))

table 4 : explain SELECT c FROM sbtest4 WHERE id BETWEEN 3401225 AND 3401324 ORDER BY c
	Sort  (cost=370.92..371.15 rows=94 width=121)
	  Sort Key: c
	  ->  Index Scan using sbtest4_pkey on sbtest4  (cost=0.43..367.84 rows=94 width=121)
	        Index Cond: ((id >= 3401225) AND (id <= 3401324))

table 5 : explain SELECT c FROM sbtest5 WHERE id BETWEEN 2437086 AND 2437185 ORDER BY c
	Sort  (cost=409.90..410.16 rows=105 width=121)
	  Sort Key: c
	  ->  Index Scan using sbtest5_pkey on sbtest5  (cost=0.43..406.37 rows=105 width=121)
	        Index Cond: ((id >= 2437086) AND (id <= 2437185))

table 6 : explain SELECT c FROM sbtest6 WHERE id BETWEEN 8436053 AND 8436152 ORDER BY c
	Sort  (cost=367.40..367.63 rows=94 width=121)
	  Sort Key: c
	  ->  Index Scan using sbtest6_pkey on sbtest6  (cost=0.43..364.32 rows=94 width=121)
	        Index Cond: ((id >= 8436053) AND (id <= 8436152))

table 7 : explain SELECT c FROM sbtest7 WHERE id BETWEEN 3509363 AND 3509462 ORDER BY c
	Sort  (cost=402.53..402.79 rows=103 width=121)
	  Sort Key: c
	  ->  Index Scan using sbtest7_pkey on sbtest7  (cost=0.43..399.09 rows=103 width=121)
	        Index Cond: ((id >= 3509363) AND (id <= 3509462))

table 8 : explain SELECT c FROM sbtest8 WHERE id BETWEEN 9421893 AND 9421992 ORDER BY c
	Sort  (cost=376.38..376.62 rows=96 width=121)
	  Sort Key: c
	  ->  Index Scan using sbtest8_pkey on sbtest8  (cost=0.43..373.22 rows=96 width=121)
	        Index Cond: ((id >= 9421893) AND (id <= 9421992))

explain: for index_updates :: explain UPDATE sbtest%u SET k=k+1 WHERE id=%u
for: distinct_ranges
table 1 : explain SELECT DISTINCT c FROM sbtest1 WHERE id BETWEEN 5381846 AND 5381945 ORDER BY c
	Unique  (cost=412.41..412.94 rows=105 width=121)
	  ->  Sort  (cost=412.41..412.68 rows=105 width=121)
	        Sort Key: c
	        ->  Index Scan using sbtest1_pkey on sbtest1  (cost=0.43..408.89 rows=105 width=121)
	              Index Cond: ((id >= 5381846) AND (id <= 5381945))

table 2 : explain SELECT DISTINCT c FROM sbtest2 WHERE id BETWEEN 2564173 AND 2564272 ORDER BY c
	Unique  (cost=395.07..395.58 rows=101 width=121)
	  ->  Sort  (cost=395.07..395.32 rows=101 width=121)
	        Sort Key: c
	        ->  Index Scan using sbtest2_pkey on sbtest2  (cost=0.43..391.71 rows=101 width=121)
	              Index Cond: ((id >= 2564173) AND (id <= 2564272))

table 3 : explain SELECT DISTINCT c FROM sbtest3 WHERE id BETWEEN 467460 AND 467559 ORDER BY c
	Unique  (cost=393.79..394.29 rows=100 width=121)
	  ->  Sort  (cost=393.79..394.04 rows=100 width=121)
	        Sort Key: c
	        ->  Index Scan using sbtest3_pkey on sbtest3  (cost=0.43..390.46 rows=100 width=121)
	              Index Cond: ((id >= 467460) AND (id <= 467559))

table 4 : explain SELECT DISTINCT c FROM sbtest4 WHERE id BETWEEN 292241 AND 292340 ORDER BY c
	Unique  (cost=398.28..398.79 rows=101 width=121)
	  ->  Sort  (cost=398.28..398.53 rows=101 width=121)
	        Sort Key: c
	        ->  Index Scan using sbtest4_pkey on sbtest4  (cost=0.43..394.92 rows=101 width=121)
	              Index Cond: ((id >= 292241) AND (id <= 292340))

table 5 : explain SELECT DISTINCT c FROM sbtest5 WHERE id BETWEEN 6870908 AND 6871007 ORDER BY c
	Unique  (cost=421.49..422.03 rows=108 width=121)
	  ->  Sort  (cost=421.49..421.76 rows=108 width=121)
	        Sort Key: c
	        ->  Index Scan using sbtest5_pkey on sbtest5  (cost=0.43..417.85 rows=108 width=121)
	              Index Cond: ((id >= 6870908) AND (id <= 6871007))

table 6 : explain SELECT DISTINCT c FROM sbtest6 WHERE id BETWEEN 1758347 AND 1758446 ORDER BY c
	Unique  (cost=382.86..383.35 rows=98 width=121)
	  ->  Sort  (cost=382.86..383.11 rows=98 width=121)
	        Sort Key: c
	        ->  Index Scan using sbtest6_pkey on sbtest6  (cost=0.43..379.62 rows=98 width=121)
	              Index Cond: ((id >= 1758347) AND (id <= 1758446))

table 7 : explain SELECT DISTINCT c FROM sbtest7 WHERE id BETWEEN 8753469 AND 8753568 ORDER BY c
	Unique  (cost=414.14..414.67 rows=106 width=121)
	  ->  Sort  (cost=414.14..414.40 rows=106 width=121)
	        Sort Key: c
	        ->  Index Scan using sbtest7_pkey on sbtest7  (cost=0.43..410.57 rows=106 width=121)
	              Index Cond: ((id >= 8753469) AND (id <= 8753568))

table 8 : explain SELECT DISTINCT c FROM sbtest8 WHERE id BETWEEN 7409719 AND 7409818 ORDER BY c
	Unique  (cost=403.58..404.10 rows=103 width=121)
	  ->  Sort  (cost=403.58..403.84 rows=103 width=121)
	        Sort Key: c
	        ->  Index Scan using sbtest8_pkey on sbtest8  (cost=0.43..400.14 rows=103 width=121)
	              Index Cond: ((id >= 7409719) AND (id <= 7409818))

explain: for non_index_updates :: explain UPDATE sbtest%u SET c='foobar' WHERE id=%u
for: distinct_ranges
table 1 : explain SELECT DISTINCT c FROM sbtest1 WHERE id BETWEEN 1727491 AND 1727590 ORDER BY c
	Unique  (cost=357.92..358.38 rows=91 width=121)
	  ->  Sort  (cost=357.92..358.15 rows=91 width=121)
	        Sort Key: c
	        ->  Index Scan using sbtest1_pkey on sbtest1  (cost=0.43..354.96 rows=91 width=121)
	              Index Cond: ((id >= 1727491) AND (id <= 1727590))

table 2 : explain SELECT DISTINCT c FROM sbtest2 WHERE id BETWEEN 7342088 AND 7342187 ORDER BY c
	Unique  (cost=410.56..411.08 rows=105 width=121)
	  ->  Sort  (cost=410.56..410.82 rows=105 width=121)
	        Sort Key: c
	        ->  Index Scan using sbtest2_pkey on sbtest2  (cost=0.43..407.03 rows=105 width=121)
	              Index Cond: ((id >= 7342088) AND (id <= 7342187))

table 3 : explain SELECT DISTINCT c FROM sbtest3 WHERE id BETWEEN 3164795 AND 3164894 ORDER BY c
	Unique  (cost=409.42..409.94 rows=104 width=121)
	  ->  Sort  (cost=409.42..409.68 rows=104 width=121)
	        Sort Key: c
	        ->  Index Scan using sbtest3_pkey on sbtest3  (cost=0.43..405.94 rows=104 width=121)
	              Index Cond: ((id >= 3164795) AND (id <= 3164894))

table 4 : explain SELECT DISTINCT c FROM sbtest4 WHERE id BETWEEN 2341992 AND 2342091 ORDER BY c
	Unique  (cost=378.72..379.20 rows=96 width=121)
	  ->  Sort  (cost=378.72..378.96 rows=96 width=121)
	        Sort Key: c
	        ->  Index Scan using sbtest4_pkey on sbtest4  (cost=0.43..375.56 rows=96 width=121)
	              Index Cond: ((id >= 2341992) AND (id <= 2342091))

table 5 : explain SELECT DISTINCT c FROM sbtest5 WHERE id BETWEEN 823794 AND 823893 ORDER BY c
	Unique  (cost=378.93..379.41 rows=97 width=121)
	  ->  Sort  (cost=378.93..379.17 rows=97 width=121)
	        Sort Key: c
	        ->  Index Scan using sbtest5_pkey on sbtest5  (cost=0.43..375.72 rows=97 width=121)
	              Index Cond: ((id >= 823794) AND (id <= 823893))

table 6 : explain SELECT DISTINCT c FROM sbtest6 WHERE id BETWEEN 6991027 AND 6991126 ORDER BY c
	Unique  (cost=378.99..379.48 rows=97 width=121)
	  ->  Sort  (cost=378.99..379.24 rows=97 width=121)
	        Sort Key: c
	        ->  Index Scan using sbtest6_pkey on sbtest6  (cost=0.43..375.79 rows=97 width=121)
	              Index Cond: ((id >= 6991027) AND (id <= 6991126))

table 7 : explain SELECT DISTINCT c FROM sbtest7 WHERE id BETWEEN 4550195 AND 4550294 ORDER BY c
	Unique  (cost=363.80..364.26 rows=93 width=121)
	  ->  Sort  (cost=363.80..364.03 rows=93 width=121)
	        Sort Key: c
	        ->  Index Scan using sbtest7_pkey on sbtest7  (cost=0.43..360.75 rows=93 width=121)
	              Index Cond: ((id >= 4550195) AND (id <= 4550294))

table 8 : explain SELECT DISTINCT c FROM sbtest8 WHERE id BETWEEN 8768393 AND 8768492 ORDER BY c
	Unique  (cost=364.75..365.21 rows=93 width=121)
	  ->  Sort  (cost=364.75..364.98 rows=93 width=121)
	        Sort Key: c
	        ->  Index Scan using sbtest8_pkey on sbtest8  (cost=0.43..361.71 rows=93 width=121)
	              Index Cond: ((id >= 8768393) AND (id <= 8768492))

for point_selects
table 1 : explain SELECT c FROM sbtest1 WHERE id=9344761
	Index Scan using sbtest1_pkey on sbtest1  (cost=0.43..8.45 rows=1 width=121)
	  Index Cond: (id = 9344761)

table 2 : explain SELECT c FROM sbtest2 WHERE id=6729832
	Index Scan using sbtest2_pkey on sbtest2  (cost=0.43..8.45 rows=1 width=121)
	  Index Cond: (id = 6729832)

table 3 : explain SELECT c FROM sbtest3 WHERE id=8847617
	Index Scan using sbtest3_pkey on sbtest3  (cost=0.43..8.45 rows=1 width=121)
	  Index Cond: (id = 8847617)

table 4 : explain SELECT c FROM sbtest4 WHERE id=3718725
	Index Scan using sbtest4_pkey on sbtest4  (cost=0.43..8.45 rows=1 width=121)
	  Index Cond: (id = 3718725)

table 5 : explain SELECT c FROM sbtest5 WHERE id=9307787
	Index Scan using sbtest5_pkey on sbtest5  (cost=0.43..8.45 rows=1 width=121)
	  Index Cond: (id = 9307787)

table 6 : explain SELECT c FROM sbtest6 WHERE id=5409089
	Index Scan using sbtest6_pkey on sbtest6  (cost=0.43..8.45 rows=1 width=121)
	  Index Cond: (id = 5409089)

table 7 : explain SELECT c FROM sbtest7 WHERE id=2174536
	Index Scan using sbtest7_pkey on sbtest7  (cost=0.43..8.45 rows=1 width=121)
	  Index Cond: (id = 2174536)

table 8 : explain SELECT c FROM sbtest8 WHERE id=2927007
	Index Scan using sbtest8_pkey on sbtest8  (cost=0.43..8.45 rows=1 width=121)
	  Index Cond: (id = 2927007)

for deletes
table 1 : explain DELETE FROM sbtest1 WHERE id=773538
	Delete on sbtest1  (cost=0.43..8.45 rows=0 width=0)
	  ->  Index Scan using sbtest1_pkey on sbtest1  (cost=0.43..8.45 rows=1 width=6)
	        Index Cond: (id = 773538)

table 2 : explain DELETE FROM sbtest2 WHERE id=209842
	Delete on sbtest2  (cost=0.43..8.45 rows=0 width=0)
	  ->  Index Scan using sbtest2_pkey on sbtest2  (cost=0.43..8.45 rows=1 width=6)
	        Index Cond: (id = 209842)

table 3 : explain DELETE FROM sbtest3 WHERE id=9454788
	Delete on sbtest3  (cost=0.43..8.45 rows=0 width=0)
	  ->  Index Scan using sbtest3_pkey on sbtest3  (cost=0.43..8.45 rows=1 width=6)
	        Index Cond: (id = 9454788)

table 4 : explain DELETE FROM sbtest4 WHERE id=6818353
	Delete on sbtest4  (cost=0.43..8.45 rows=0 width=0)
	  ->  Index Scan using sbtest4_pkey on sbtest4  (cost=0.43..8.45 rows=1 width=6)
	        Index Cond: (id = 6818353)

table 5 : explain DELETE FROM sbtest5 WHERE id=2665283
	Delete on sbtest5  (cost=0.43..8.45 rows=0 width=0)
	  ->  Index Scan using sbtest5_pkey on sbtest5  (cost=0.43..8.45 rows=1 width=6)
	        Index Cond: (id = 2665283)

table 6 : explain DELETE FROM sbtest6 WHERE id=7979380
	Delete on sbtest6  (cost=0.43..8.45 rows=0 width=0)
	  ->  Index Scan using sbtest6_pkey on sbtest6  (cost=0.43..8.45 rows=1 width=6)
	        Index Cond: (id = 7979380)

table 7 : explain DELETE FROM sbtest7 WHERE id=6359564
	Delete on sbtest7  (cost=0.43..8.45 rows=0 width=0)
	  ->  Index Scan using sbtest7_pkey on sbtest7  (cost=0.43..8.45 rows=1 width=6)
	        Index Cond: (id = 6359564)

table 8 : explain DELETE FROM sbtest8 WHERE id=4041219
	Delete on sbtest8  (cost=0.43..8.45 rows=0 width=0)
	  ->  Index Scan using sbtest8_pkey on sbtest8  (cost=0.43..8.45 rows=1 width=6)
	        Index Cond: (id = 4041219)

explain: for point_selects :: explain SELECT c FROM sbtest%u WHERE id=%u
explain: for index_updates :: explain UPDATE sbtest%u SET k=k+1 WHERE id=%u
explain: for index_updates :: explain UPDATE sbtest%u SET k=k+1 WHERE id=%u
for: simple_ranges
table 1 : explain SELECT c FROM sbtest1 WHERE id BETWEEN 6512315 AND 6512414
	Index Scan using sbtest1_pkey on sbtest1  (cost=0.43..389.60 rows=100 width=121)
	  Index Cond: ((id >= 6512315) AND (id <= 6512414))

table 2 : explain SELECT c FROM sbtest2 WHERE id BETWEEN 6409254 AND 6409353
	Index Scan using sbtest2_pkey on sbtest2  (cost=0.43..380.17 rows=98 width=121)
	  Index Cond: ((id >= 6409254) AND (id <= 6409353))

table 3 : explain SELECT c FROM sbtest3 WHERE id BETWEEN 242529 AND 242628
	Index Scan using sbtest3_pkey on sbtest3  (cost=0.43..402.08 rows=103 width=121)
	  Index Cond: ((id >= 242529) AND (id <= 242628))

table 4 : explain SELECT c FROM sbtest4 WHERE id BETWEEN 1671368 AND 1671467
	Index Scan using sbtest4_pkey on sbtest4  (cost=0.43..410.37 rows=105 width=121)
	  Index Cond: ((id >= 1671368) AND (id <= 1671467))

table 5 : explain SELECT c FROM sbtest5 WHERE id BETWEEN 8824678 AND 8824777
	Index Scan using sbtest5_pkey on sbtest5  (cost=0.43..406.37 rows=105 width=121)
	  Index Cond: ((id >= 8824678) AND (id <= 8824777))

table 6 : explain SELECT c FROM sbtest6 WHERE id BETWEEN 6686 AND 6785
	Index Scan using sbtest6_pkey on sbtest6  (cost=0.43..383.44 rows=99 width=121)
	  Index Cond: ((id >= 6686) AND (id <= 6785))

table 7 : explain SELECT c FROM sbtest7 WHERE id BETWEEN 9962720 AND 9962819
	Index Scan using sbtest7_pkey on sbtest7  (cost=0.43..356.93 rows=92 width=121)
	  Index Cond: ((id >= 9962720) AND (id <= 9962819))

table 8 : explain SELECT c FROM sbtest8 WHERE id BETWEEN 9921570 AND 9921669
	Index Scan using sbtest8_pkey on sbtest8  (cost=0.43..377.06 rows=97 width=121)
	  Index Cond: ((id >= 9921570) AND (id <= 9921669))

for index_updates
table 1 : explain UPDATE sbtest1 SET k=k+1 WHERE id=834015
	Update on sbtest1  (cost=0.43..8.46 rows=0 width=0)
	  ->  Index Scan using sbtest1_pkey on sbtest1  (cost=0.43..8.46 rows=1 width=10)
	        Index Cond: (id = 834015)

table 2 : explain UPDATE sbtest2 SET k=k+1 WHERE id=3272256
	Update on sbtest2  (cost=0.43..8.46 rows=0 width=0)
	  ->  Index Scan using sbtest2_pkey on sbtest2  (cost=0.43..8.46 rows=1 width=10)
	        Index Cond: (id = 3272256)

table 3 : explain UPDATE sbtest3 SET k=k+1 WHERE id=1518645
	Update on sbtest3  (cost=0.43..8.46 rows=0 width=0)
	  ->  Index Scan using sbtest3_pkey on sbtest3  (cost=0.43..8.46 rows=1 width=10)
	        Index Cond: (id = 1518645)

table 4 : explain UPDATE sbtest4 SET k=k+1 WHERE id=2807520
	Update on sbtest4  (cost=0.43..8.46 rows=0 width=0)
	  ->  Index Scan using sbtest4_pkey on sbtest4  (cost=0.43..8.46 rows=1 width=10)
	        Index Cond: (id = 2807520)

table 5 : explain UPDATE sbtest5 SET k=k+1 WHERE id=7002259
	Update on sbtest5  (cost=0.43..8.46 rows=0 width=0)
	  ->  Index Scan using sbtest5_pkey on sbtest5  (cost=0.43..8.46 rows=1 width=10)
	        Index Cond: (id = 7002259)

table 6 : explain UPDATE sbtest6 SET k=k+1 WHERE id=4801310
	Update on sbtest6  (cost=0.43..8.46 rows=0 width=0)
	  ->  Index Scan using sbtest6_pkey on sbtest6  (cost=0.43..8.46 rows=1 width=10)
	        Index Cond: (id = 4801310)

table 7 : explain UPDATE sbtest7 SET k=k+1 WHERE id=1385903
	Update on sbtest7  (cost=0.43..8.46 rows=0 width=0)
	  ->  Index Scan using sbtest7_pkey on sbtest7  (cost=0.43..8.46 rows=1 width=10)
	        Index Cond: (id = 1385903)

table 8 : explain UPDATE sbtest8 SET k=k+1 WHERE id=5887988
	Update on sbtest8  (cost=0.43..8.46 rows=0 width=0)
	  ->  Index Scan using sbtest8_pkey on sbtest8  (cost=0.43..8.46 rows=1 width=10)
	        Index Cond: (id = 5887988)

for point_selects
table 1 : explain SELECT c FROM sbtest1 WHERE id=9356814
	Index Scan using sbtest1_pkey on sbtest1  (cost=0.43..8.45 rows=1 width=121)
	  Index Cond: (id = 9356814)

table 2 : explain SELECT c FROM sbtest2 WHERE id=7131411
	Index Scan using sbtest2_pkey on sbtest2  (cost=0.43..8.45 rows=1 width=121)
	  Index Cond: (id = 7131411)

table 3 : explain SELECT c FROM sbtest3 WHERE id=262159
	Index Scan using sbtest3_pkey on sbtest3  (cost=0.43..8.45 rows=1 width=121)
	  Index Cond: (id = 262159)

table 4 : explain SELECT c FROM sbtest4 WHERE id=833570
	Index Scan using sbtest4_pkey on sbtest4  (cost=0.43..8.45 rows=1 width=121)
	  Index Cond: (id = 833570)

table 5 : explain SELECT c FROM sbtest5 WHERE id=1401381
	Index Scan using sbtest5_pkey on sbtest5  (cost=0.43..8.45 rows=1 width=121)
	  Index Cond: (id = 1401381)

table 6 : explain SELECT c FROM sbtest6 WHERE id=4645623
	Index Scan using sbtest6_pkey on sbtest6  (cost=0.43..8.45 rows=1 width=121)
	  Index Cond: (id = 4645623)

table 7 : explain SELECT c FROM sbtest7 WHERE id=7798223
	Index Scan using sbtest7_pkey on sbtest7  (cost=0.43..8.45 rows=1 width=121)
	  Index Cond: (id = 7798223)

table 8 : explain SELECT c FROM sbtest8 WHERE id=4383065
	Index Scan using sbtest8_pkey on sbtest8  (cost=0.43..8.45 rows=1 width=121)
	  Index Cond: (id = 4383065)

explain: for inserts :: explain INSERT INTO sbtest%u (id, k, c, pad) VALUES (%u, 13, 'foobar', 'foobar')
for index_updates
table 1 : explain UPDATE sbtest1 SET k=k+1 WHERE id=8670026
	Update on sbtest1  (cost=0.43..8.46 rows=0 width=0)
	  ->  Index Scan using sbtest1_pkey on sbtest1  (cost=0.43..8.46 rows=1 width=10)
	        Index Cond: (id = 8670026)

table 2 : explain UPDATE sbtest2 SET k=k+1 WHERE id=9795509
	Update on sbtest2  (cost=0.43..8.46 rows=0 width=0)
	  ->  Index Scan using sbtest2_pkey on sbtest2  (cost=0.43..8.46 rows=1 width=10)
	        Index Cond: (id = 9795509)

table 3 : explain UPDATE sbtest3 SET k=k+1 WHERE id=8086447
	Update on sbtest3  (cost=0.43..8.46 rows=0 width=0)
	  ->  Index Scan using sbtest3_pkey on sbtest3  (cost=0.43..8.46 rows=1 width=10)
	        Index Cond: (id = 8086447)

table 4 : explain UPDATE sbtest4 SET k=k+1 WHERE id=4336910
	Update on sbtest4  (cost=0.43..8.46 rows=0 width=0)
	  ->  Index Scan using sbtest4_pkey on sbtest4  (cost=0.43..8.46 rows=1 width=10)
	        Index Cond: (id = 4336910)

table 5 : explain UPDATE sbtest5 SET k=k+1 WHERE id=2108011
	Update on sbtest5  (cost=0.43..8.46 rows=0 width=0)
	  ->  Index Scan using sbtest5_pkey on sbtest5  (cost=0.43..8.46 rows=1 width=10)
	        Index Cond: (id = 2108011)

table 6 : explain UPDATE sbtest6 SET k=k+1 WHERE id=6431844
	Update on sbtest6  (cost=0.43..8.46 rows=0 width=0)
	  ->  Index Scan using sbtest6_pkey on sbtest6  (cost=0.43..8.46 rows=1 width=10)
	        Index Cond: (id = 6431844)

table 7 : explain UPDATE sbtest7 SET k=k+1 WHERE id=5190790
	Update on sbtest7  (cost=0.43..8.46 rows=0 width=0)
	  ->  Index Scan using sbtest7_pkey on sbtest7  (cost=0.43..8.46 rows=1 width=10)
	        Index Cond: (id = 5190790)

table 8 : explain UPDATE sbtest8 SET k=k+1 WHERE id=2748928
	Update on sbtest8  (cost=0.43..8.46 rows=0 width=0)
	  ->  Index Scan using sbtest8_pkey on sbtest8  (cost=0.43..8.46 rows=1 width=10)
	        Index Cond: (id = 2748928)

for non_index_updates
table 1 : explain UPDATE sbtest1 SET c='foobar' WHERE id=6115540
	Update on sbtest1  (cost=0.43..8.45 rows=0 width=0)
	  ->  Index Scan using sbtest1_pkey on sbtest1  (cost=0.43..8.45 rows=1 width=490)
	        Index Cond: (id = 6115540)

table 2 : explain UPDATE sbtest2 SET c='foobar' WHERE id=1229073
	Update on sbtest2  (cost=0.43..8.45 rows=0 width=0)
	  ->  Index Scan using sbtest2_pkey on sbtest2  (cost=0.43..8.45 rows=1 width=490)
	        Index Cond: (id = 1229073)

table 3 : explain UPDATE sbtest3 SET c='foobar' WHERE id=1098089
	Update on sbtest3  (cost=0.43..8.45 rows=0 width=0)
	  ->  Index Scan using sbtest3_pkey on sbtest3  (cost=0.43..8.45 rows=1 width=490)
	        Index Cond: (id = 1098089)

table 4 : explain UPDATE sbtest4 SET c='foobar' WHERE id=2255841
	Update on sbtest4  (cost=0.43..8.45 rows=0 width=0)
	  ->  Index Scan using sbtest4_pkey on sbtest4  (cost=0.43..8.45 rows=1 width=490)
	        Index Cond: (id = 2255841)

table 5 : explain UPDATE sbtest5 SET c='foobar' WHERE id=6226208
	Update on sbtest5  (cost=0.43..8.45 rows=0 width=0)
	  ->  Index Scan using sbtest5_pkey on sbtest5  (cost=0.43..8.45 rows=1 width=490)
	        Index Cond: (id = 6226208)

table 6 : explain UPDATE sbtest6 SET c='foobar' WHERE id=781176
	Update on sbtest6  (cost=0.43..8.45 rows=0 width=0)
	  ->  Index Scan using sbtest6_pkey on sbtest6  (cost=0.43..8.45 rows=1 width=490)
	        Index Cond: (id = 781176)

table 7 : explain UPDATE sbtest7 SET c='foobar' WHERE id=9832244
	Update on sbtest7  (cost=0.43..8.45 rows=0 width=0)
	  ->  Index Scan using sbtest7_pkey on sbtest7  (cost=0.43..8.45 rows=1 width=490)
	        Index Cond: (id = 9832244)

table 8 : explain UPDATE sbtest8 SET c='foobar' WHERE id=459983
	Update on sbtest8  (cost=0.43..8.45 rows=0 width=0)
	  ->  Index Scan using sbtest8_pkey on sbtest8  (cost=0.43..8.45 rows=1 width=490)
	        Index Cond: (id = 459983)

for index_updates
table 1 : explain UPDATE sbtest1 SET k=k+1 WHERE id=2690328
	Update on sbtest1  (cost=0.43..8.46 rows=0 width=0)
	  ->  Index Scan using sbtest1_pkey on sbtest1  (cost=0.43..8.46 rows=1 width=10)
	        Index Cond: (id = 2690328)

table 2 : explain UPDATE sbtest2 SET k=k+1 WHERE id=3779978
	Update on sbtest2  (cost=0.43..8.46 rows=0 width=0)
	  ->  Index Scan using sbtest2_pkey on sbtest2  (cost=0.43..8.46 rows=1 width=10)
	        Index Cond: (id = 3779978)

table 3 : explain UPDATE sbtest3 SET k=k+1 WHERE id=1134381
	Update on sbtest3  (cost=0.43..8.46 rows=0 width=0)
	  ->  Index Scan using sbtest3_pkey on sbtest3  (cost=0.43..8.46 rows=1 width=10)
	        Index Cond: (id = 1134381)

table 4 : explain UPDATE sbtest4 SET k=k+1 WHERE id=9279022
	Update on sbtest4  (cost=0.43..8.46 rows=0 width=0)
	  ->  Index Scan using sbtest4_pkey on sbtest4  (cost=0.43..8.46 rows=1 width=10)
	        Index Cond: (id = 9279022)

table 5 : explain UPDATE sbtest5 SET k=k+1 WHERE id=8825491
	Update on sbtest5  (cost=0.43..8.46 rows=0 width=0)
	  ->  Index Scan using sbtest5_pkey on sbtest5  (cost=0.43..8.46 rows=1 width=10)
	        Index Cond: (id = 8825491)

table 6 : explain UPDATE sbtest6 SET k=k+1 WHERE id=1413278
	Update on sbtest6  (cost=0.43..8.46 rows=0 width=0)
	  ->  Index Scan using sbtest6_pkey on sbtest6  (cost=0.43..8.46 rows=1 width=10)
	        Index Cond: (id = 1413278)

table 7 : explain UPDATE sbtest7 SET k=k+1 WHERE id=5481556
	Update on sbtest7  (cost=0.43..8.46 rows=0 width=0)
	  ->  Index Scan using sbtest7_pkey on sbtest7  (cost=0.43..8.46 rows=1 width=10)
	        Index Cond: (id = 5481556)

table 8 : explain UPDATE sbtest8 SET k=k+1 WHERE id=8882603
	Update on sbtest8  (cost=0.43..8.46 rows=0 width=0)
	  ->  Index Scan using sbtest8_pkey on sbtest8  (cost=0.43..8.46 rows=1 width=10)
	        Index Cond: (id = 8882603)

for: order_ranges
table 1 : explain SELECT c FROM sbtest1 WHERE id BETWEEN 8911091 AND 8911190 ORDER BY c
	Sort  (cost=350.14..350.37 rows=89 width=121)
	  Sort Key: c
	  ->  Index Scan using sbtest1_pkey on sbtest1  (cost=0.43..347.26 rows=89 width=121)
	        Index Cond: ((id >= 8911091) AND (id <= 8911190))

table 2 : explain SELECT c FROM sbtest2 WHERE id BETWEEN 7023610 AND 7023709 ORDER BY c
	Sort  (cost=426.05..426.32 rows=109 width=121)
	  Sort Key: c
	  ->  Index Scan using sbtest2_pkey on sbtest2  (cost=0.43..422.36 rows=109 width=121)
	        Index Cond: ((id >= 7023610) AND (id <= 7023709))

table 3 : explain SELECT c FROM sbtest3 WHERE id BETWEEN 1067347 AND 1067446 ORDER BY c
	Sort  (cost=374.30..374.53 rows=95 width=121)
	  Sort Key: c
	  ->  Index Scan using sbtest3_pkey on sbtest3  (cost=0.43..371.18 rows=95 width=121)
	        Index Cond: ((id >= 1067347) AND (id <= 1067446))

table 4 : explain SELECT c FROM sbtest4 WHERE id BETWEEN 6938140 AND 6938239 ORDER BY c
	Sort  (cost=378.72..378.96 rows=96 width=121)
	  Sort Key: c
	  ->  Index Scan using sbtest4_pkey on sbtest4  (cost=0.43..375.56 rows=96 width=121)
	        Index Cond: ((id >= 6938140) AND (id <= 6938239))

table 5 : explain SELECT c FROM sbtest5 WHERE id BETWEEN 6627173 AND 6627272 ORDER BY c
	Sort  (cost=359.60..359.83 rows=92 width=121)
	  Sort Key: c
	  ->  Index Scan using sbtest5_pkey on sbtest5  (cost=0.43..356.60 rows=92 width=121)
	        Index Cond: ((id >= 6627173) AND (id <= 6627272))

table 6 : explain SELECT c FROM sbtest6 WHERE id BETWEEN 8242673 AND 8242772 ORDER BY c
	Sort  (cost=382.86..383.11 rows=98 width=121)
	  Sort Key: c
	  ->  Index Scan using sbtest6_pkey on sbtest6  (cost=0.43..379.62 rows=98 width=121)
	        Index Cond: ((id >= 8242673) AND (id <= 8242772))

table 7 : explain SELECT c FROM sbtest7 WHERE id BETWEEN 5816499 AND 5816598 ORDER BY c
	Sort  (cost=375.40..375.64 rows=96 width=121)
	  Sort Key: c
	  ->  Index Scan using sbtest7_pkey on sbtest7  (cost=0.43..372.24 rows=96 width=121)
	        Index Cond: ((id >= 5816499) AND (id <= 5816598))

table 8 : explain SELECT c FROM sbtest8 WHERE id BETWEEN 322282 AND 322381 ORDER BY c
	Sort  (cost=376.38..376.62 rows=96 width=121)
	  Sort Key: c
	  ->  Index Scan using sbtest8_pkey on sbtest8  (cost=0.43..373.22 rows=96 width=121)
	        Index Cond: ((id >= 322282) AND (id <= 322381))

for index_updates
table 1 : explain UPDATE sbtest1 SET k=k+1 WHERE id=2015826
	Update on sbtest1  (cost=0.43..8.46 rows=0 width=0)
	  ->  Index Scan using sbtest1_pkey on sbtest1  (cost=0.43..8.46 rows=1 width=10)
	        Index Cond: (id = 2015826)

table 2 : explain UPDATE sbtest2 SET k=k+1 WHERE id=2749505
	Update on sbtest2  (cost=0.43..8.46 rows=0 width=0)
	  ->  Index Scan using sbtest2_pkey on sbtest2  (cost=0.43..8.46 rows=1 width=10)
	        Index Cond: (id = 2749505)

table 3 : explain UPDATE sbtest3 SET k=k+1 WHERE id=5435457
	Update on sbtest3  (cost=0.43..8.46 rows=0 width=0)
	  ->  Index Scan using sbtest3_pkey on sbtest3  (cost=0.43..8.46 rows=1 width=10)
	        Index Cond: (id = 5435457)

table 4 : explain UPDATE sbtest4 SET k=k+1 WHERE id=9885911
	Update on sbtest4  (cost=0.43..8.46 rows=0 width=0)
	  ->  Index Scan using sbtest4_pkey on sbtest4  (cost=0.43..8.46 rows=1 width=10)
	        Index Cond: (id = 9885911)

table 5 : explain UPDATE sbtest5 SET k=k+1 WHERE id=1944556
	Update on sbtest5  (cost=0.43..8.46 rows=0 width=0)
	  ->  Index Scan using sbtest5_pkey on sbtest5  (cost=0.43..8.46 rows=1 width=10)
	        Index Cond: (id = 1944556)

table 6 : explain UPDATE sbtest6 SET k=k+1 WHERE id=7301795
	Update on sbtest6  (cost=0.43..8.46 rows=0 width=0)
	  ->  Index Scan using sbtest6_pkey on sbtest6  (cost=0.43..8.46 rows=1 width=10)
	        Index Cond: (id = 7301795)

table 7 : explain UPDATE sbtest7 SET k=k+1 WHERE id=2842952
	Update on sbtest7  (cost=0.43..8.46 rows=0 width=0)
	  ->  Index Scan using sbtest7_pkey on sbtest7  (cost=0.43..8.46 rows=1 width=10)
	        Index Cond: (id = 2842952)

table 8 : explain UPDATE sbtest8 SET k=k+1 WHERE id=1187997
	Update on sbtest8  (cost=0.43..8.46 rows=0 width=0)
	  ->  Index Scan using sbtest8_pkey on sbtest8  (cost=0.43..8.46 rows=1 width=10)
	        Index Cond: (id = 1187997)

explain: for non_index_updates :: explain UPDATE sbtest%u SET c='foobar' WHERE id=%u
explain: for non_index_updates :: explain UPDATE sbtest%u SET c='foobar' WHERE id=%u
for: distinct_ranges
table 1 : explain SELECT DISTINCT c FROM sbtest1 WHERE id BETWEEN 7507821 AND 7507920 ORDER BY c
	Unique  (cost=377.37..377.85 rows=96 width=121)
	  ->  Sort  (cost=377.37..377.61 rows=96 width=121)
	        Sort Key: c
	        ->  Index Scan using sbtest1_pkey on sbtest1  (cost=0.43..374.20 rows=96 width=121)
	              Index Cond: ((id >= 7507821) AND (id <= 7507920))

table 2 : explain SELECT DISTINCT c FROM sbtest2 WHERE id BETWEEN 379154 AND 379253 ORDER BY c
	Unique  (cost=379.54..380.02 rows=97 width=121)
	  ->  Sort  (cost=379.54..379.78 rows=97 width=121)
	        Sort Key: c
	        ->  Index Scan using sbtest2_pkey on sbtest2  (cost=0.43..376.34 rows=97 width=121)
	              Index Cond: ((id >= 379154) AND (id <= 379253))

table 3 : explain SELECT DISTINCT c FROM sbtest3 WHERE id BETWEEN 5012963 AND 5013062 ORDER BY c
	Unique  (cost=425.02..425.56 rows=108 width=121)
	  ->  Sort  (cost=425.02..425.29 rows=108 width=121)
	        Sort Key: c
	        ->  Index Scan using sbtest3_pkey on sbtest3  (cost=0.43..421.37 rows=108 width=121)
	              Index Cond: ((id >= 5012963) AND (id <= 5013062))

table 4 : explain SELECT DISTINCT c FROM sbtest4 WHERE id BETWEEN 7000858 AND 7000957 ORDER BY c
	Unique  (cost=378.72..379.20 rows=96 width=121)
	  ->  Sort  (cost=378.72..378.96 rows=96 width=121)
	        Sort Key: c
	        ->  Index Scan using sbtest4_pkey on sbtest4  (cost=0.43..375.56 rows=96 width=121)
	              Index Cond: ((id >= 7000858) AND (id <= 7000957))

table 5 : explain SELECT DISTINCT c FROM sbtest5 WHERE id BETWEEN 941812 AND 941911 ORDER BY c
	Unique  (cost=355.74..356.19 rows=91 width=121)
	  ->  Sort  (cost=355.74..355.97 rows=91 width=121)
	        Sort Key: c
	        ->  Index Scan using sbtest5_pkey on sbtest5  (cost=0.43..352.78 rows=91 width=121)
	              Index Cond: ((id >= 941812) AND (id <= 941911))

table 6 : explain SELECT DISTINCT c FROM sbtest6 WHERE id BETWEEN 2704512 AND 2704611 ORDER BY c
	Unique  (cost=359.67..360.13 rows=92 width=121)
	  ->  Sort  (cost=359.67..359.90 rows=92 width=121)
	        Sort Key: c
	        ->  Index Scan using sbtest6_pkey on sbtest6  (cost=0.43..356.67 rows=92 width=121)
	              Index Cond: ((id >= 2704512) AND (id <= 2704611))

table 7 : explain SELECT DISTINCT c FROM sbtest7 WHERE id BETWEEN 6862942 AND 6863041 ORDER BY c
	Unique  (cost=418.01..418.54 rows=107 width=121)
	  ->  Sort  (cost=418.01..418.27 rows=107 width=121)
	        Sort Key: c
	        ->  Index Scan using sbtest7_pkey on sbtest7  (cost=0.43..414.40 rows=107 width=121)
	              Index Cond: ((id >= 6862942) AND (id <= 6863041))

table 8 : explain SELECT DISTINCT c FROM sbtest8 WHERE id BETWEEN 5855462 AND 5855561 ORDER BY c
	Unique  (cost=353.11..353.56 rows=90 width=121)
	  ->  Sort  (cost=353.11..353.34 rows=90 width=121)
	        Sort Key: c
	        ->  Index Scan using sbtest8_pkey on sbtest8  (cost=0.43..350.19 rows=90 width=121)
	              Index Cond: ((id >= 5855462) AND (id <= 5855561))

for inserts
table 1 : explain INSERT INTO sbtest1 (id, k, c, pad) VALUES (2612726, 13, 'foobar', 'foobar')
	Insert on sbtest1  (cost=0.00..0.01 rows=0 width=0)
	  ->  Result  (cost=0.00..0.01 rows=1 width=736)

table 2 : explain INSERT INTO sbtest2 (id, k, c, pad) VALUES (9347000, 13, 'foobar', 'foobar')
	Insert on sbtest2  (cost=0.00..0.01 rows=0 width=0)
	  ->  Result  (cost=0.00..0.01 rows=1 width=736)

table 3 : explain INSERT INTO sbtest3 (id, k, c, pad) VALUES (7553830, 13, 'foobar', 'foobar')
	Insert on sbtest3  (cost=0.00..0.01 rows=0 width=0)
	  ->  Result  (cost=0.00..0.01 rows=1 width=736)

table 4 : explain INSERT INTO sbtest4 (id, k, c, pad) VALUES (5940454, 13, 'foobar', 'foobar')
	Insert on sbtest4  (cost=0.00..0.01 rows=0 width=0)
	  ->  Result  (cost=0.00..0.01 rows=1 width=736)

table 5 : explain INSERT INTO sbtest5 (id, k, c, pad) VALUES (8807596, 13, 'foobar', 'foobar')
	Insert on sbtest5  (cost=0.00..0.01 rows=0 width=0)
	  ->  Result  (cost=0.00..0.01 rows=1 width=736)

table 6 : explain INSERT INTO sbtest6 (id, k, c, pad) VALUES (4090709, 13, 'foobar', 'foobar')
	Insert on sbtest6  (cost=0.00..0.01 rows=0 width=0)
	  ->  Result  (cost=0.00..0.01 rows=1 width=736)

table 7 : explain INSERT INTO sbtest7 (id, k, c, pad) VALUES (1203616, 13, 'foobar', 'foobar')
	Insert on sbtest7  (cost=0.00..0.01 rows=0 width=0)
	  ->  Result  (cost=0.00..0.01 rows=1 width=736)

table 8 : explain INSERT INTO sbtest8 (id, k, c, pad) VALUES (6398337, 13, 'foobar', 'foobar')
	Insert on sbtest8  (cost=0.00..0.01 rows=0 width=0)
	  ->  Result  (cost=0.00..0.01 rows=1 width=736)

for: distinct_ranges
table 1 : explain SELECT DISTINCT c FROM sbtest1 WHERE id BETWEEN 7744278 AND 7744377 ORDER BY c
	Unique  (cost=408.52..409.04 rows=104 width=121)
	  ->  Sort  (cost=408.52..408.78 rows=104 width=121)
	        Sort Key: c
	        ->  Index Scan using sbtest1_pkey on sbtest1  (cost=0.43..405.04 rows=104 width=121)
	              Index Cond: ((id >= 7744278) AND (id <= 7744377))

table 2 : explain SELECT DISTINCT c FROM sbtest2 WHERE id BETWEEN 3005070 AND 3005169 ORDER BY c
	Unique  (cost=395.07..395.58 rows=101 width=121)
	  ->  Sort  (cost=395.07..395.32 rows=101 width=121)
	        Sort Key: c
	        ->  Index Scan using sbtest2_pkey on sbtest2  (cost=0.43..391.71 rows=101 width=121)
	              Index Cond: ((id >= 3005070) AND (id <= 3005169))

table 3 : explain SELECT DISTINCT c FROM sbtest3 WHERE id BETWEEN 8586236 AND 8586335 ORDER BY c
	Unique  (cost=413.32..413.84 rows=105 width=121)
	  ->  Sort  (cost=413.32..413.58 rows=105 width=121)
	        Sort Key: c
	        ->  Index Scan using sbtest3_pkey on sbtest3  (cost=0.43..409.79 rows=105 width=121)
	              Index Cond: ((id >= 8586236) AND (id <= 8586335))

table 4 : explain SELECT DISTINCT c FROM sbtest4 WHERE id BETWEEN 5356347 AND 5356446 ORDER BY c
	Unique  (cost=402.19..402.70 rows=102 width=121)
	  ->  Sort  (cost=402.19..402.44 rows=102 width=121)
	        Sort Key: c
	        ->  Index Scan using sbtest4_pkey on sbtest4  (cost=0.43..398.78 rows=102 width=121)
	              Index Cond: ((id >= 5356347) AND (id <= 5356446))

table 5 : explain SELECT DISTINCT c FROM sbtest5 WHERE id BETWEEN 208016 AND 208115 ORDER BY c
	Unique  (cost=394.43..394.94 rows=101 width=121)
	  ->  Sort  (cost=394.43..394.69 rows=101 width=121)
	        Sort Key: c
	        ->  Index Scan using sbtest5_pkey on sbtest5  (cost=0.43..391.07 rows=101 width=121)
	              Index Cond: ((id >= 208016) AND (id <= 208115))

table 6 : explain SELECT DISTINCT c FROM sbtest6 WHERE id BETWEEN 5556788 AND 5556887 ORDER BY c
	Unique  (cost=406.10..406.62 rows=104 width=121)
	  ->  Sort  (cost=406.10..406.36 rows=104 width=121)
	        Sort Key: c
	        ->  Index Scan using sbtest6_pkey on sbtest6  (cost=0.43..402.62 rows=104 width=121)
	              Index Cond: ((id >= 5556788) AND (id <= 5556887))

table 7 : explain SELECT DISTINCT c FROM sbtest7 WHERE id BETWEEN 6898150 AND 6898249 ORDER BY c
	Unique  (cost=418.01..418.54 rows=107 width=121)
	  ->  Sort  (cost=418.01..418.27 rows=107 width=121)
	        Sort Key: c
	        ->  Index Scan using sbtest7_pkey on sbtest7  (cost=0.43..414.40 rows=107 width=121)
	              Index Cond: ((id >= 6898150) AND (id <= 6898249))

table 8 : explain SELECT DISTINCT c FROM sbtest8 WHERE id BETWEEN 7174942 AND 7175041 ORDER BY c
	Unique  (cost=411.34..411.87 rows=105 width=121)
	  ->  Sort  (cost=411.34..411.60 rows=105 width=121)
	        Sort Key: c
	        ->  Index Scan using sbtest8_pkey on sbtest8  (cost=0.43..407.82 rows=105 width=121)
	              Index Cond: ((id >= 7174942) AND (id <= 7175041))

explain: for deletes :: explain DELETE FROM sbtest%u WHERE id=%u
explain: for inserts :: explain INSERT INTO sbtest%u (id, k, c, pad) VALUES (%u, 13, 'foobar', 'foobar')
explain: for point_selects :: explain SELECT c FROM sbtest%u WHERE id=%u
explain: for non_index_updates :: explain UPDATE sbtest%u SET c='foobar' WHERE id=%u
for non_index_updates
table 1 : explain UPDATE sbtest1 SET c='foobar' WHERE id=5988239
	Update on sbtest1  (cost=0.43..8.45 rows=0 width=0)
	  ->  Index Scan using sbtest1_pkey on sbtest1  (cost=0.43..8.45 rows=1 width=490)
	        Index Cond: (id = 5988239)

table 2 : explain UPDATE sbtest2 SET c='foobar' WHERE id=7588665
	Update on sbtest2  (cost=0.43..8.45 rows=0 width=0)
	  ->  Index Scan using sbtest2_pkey on sbtest2  (cost=0.43..8.45 rows=1 width=490)
	        Index Cond: (id = 7588665)

table 3 : explain UPDATE sbtest3 SET c='foobar' WHERE id=6582074
	Update on sbtest3  (cost=0.43..8.45 rows=0 width=0)
	  ->  Index Scan using sbtest3_pkey on sbtest3  (cost=0.43..8.45 rows=1 width=490)
	        Index Cond: (id = 6582074)

table 4 : explain UPDATE sbtest4 SET c='foobar' WHERE id=2143968
	Update on sbtest4  (cost=0.43..8.45 rows=0 width=0)
	  ->  Index Scan using sbtest4_pkey on sbtest4  (cost=0.43..8.45 rows=1 width=490)
	        Index Cond: (id = 2143968)

table 5 : explain UPDATE sbtest5 SET c='foobar' WHERE id=6390782
	Update on sbtest5  (cost=0.43..8.45 rows=0 width=0)
	  ->  Index Scan using sbtest5_pkey on sbtest5  (cost=0.43..8.45 rows=1 width=490)
	        Index Cond: (id = 6390782)

table 6 : explain UPDATE sbtest6 SET c='foobar' WHERE id=5264632
	Update on sbtest6  (cost=0.43..8.45 rows=0 width=0)
	  ->  Index Scan using sbtest6_pkey on sbtest6  (cost=0.43..8.45 rows=1 width=490)
	        Index Cond: (id = 5264632)

table 7 : explain UPDATE sbtest7 SET c='foobar' WHERE id=2459516
	Update on sbtest7  (cost=0.43..8.45 rows=0 width=0)
	  ->  Index Scan using sbtest7_pkey on sbtest7  (cost=0.43..8.45 rows=1 width=490)
	        Index Cond: (id = 2459516)

table 8 : explain UPDATE sbtest8 SET c='foobar' WHERE id=6800537
	Update on sbtest8  (cost=0.43..8.45 rows=0 width=0)
	  ->  Index Scan using sbtest8_pkey on sbtest8  (cost=0.43..8.45 rows=1 width=490)
	        Index Cond: (id = 6800537)

explain: for non_index_updates :: explain UPDATE sbtest%u SET c='foobar' WHERE id=%u
explain: for index_updates :: explain UPDATE sbtest%u SET k=k+1 WHERE id=%u
for: simple_ranges
table 1 : explain SELECT c FROM sbtest1 WHERE id BETWEEN 9511407 AND 9511506
	Index Scan using sbtest1_pkey on sbtest1  (cost=0.43..362.66 rows=93 width=121)
	  Index Cond: ((id >= 9511407) AND (id <= 9511506))

table 2 : explain SELECT c FROM sbtest2 WHERE id BETWEEN 9453418 AND 9453517
	Index Scan using sbtest2_pkey on sbtest2  (cost=0.43..376.34 rows=97 width=121)
	  Index Cond: ((id >= 9453418) AND (id <= 9453517))

table 3 : explain SELECT c FROM sbtest3 WHERE id BETWEEN 7690779 AND 7690878
	Index Scan using sbtest3_pkey on sbtest3  (cost=0.43..351.89 rows=90 width=121)
	  Index Cond: ((id >= 7690779) AND (id <= 7690878))

table 4 : explain SELECT c FROM sbtest4 WHERE id BETWEEN 4914053 AND 4914152
	Index Scan using sbtest4_pkey on sbtest4  (cost=0.43..371.70 rows=95 width=121)
	  Index Cond: ((id >= 4914053) AND (id <= 4914152))

table 5 : explain SELECT c FROM sbtest5 WHERE id BETWEEN 3256789 AND 3256888
	Index Scan using sbtest5_pkey on sbtest5  (cost=0.43..387.25 rows=100 width=121)
	  Index Cond: ((id >= 3256789) AND (id <= 3256888))

table 6 : explain SELECT c FROM sbtest6 WHERE id BETWEEN 7541375 AND 7541474
	Index Scan using sbtest6_pkey on sbtest6  (cost=0.43..398.80 rows=103 width=121)
	  Index Cond: ((id >= 7541375) AND (id <= 7541474))

table 7 : explain SELECT c FROM sbtest7 WHERE id BETWEEN 9431312 AND 9431411
	Index Scan using sbtest7_pkey on sbtest7  (cost=0.43..379.90 rows=98 width=121)
	  Index Cond: ((id >= 9431312) AND (id <= 9431411))

table 8 : explain SELECT c FROM sbtest8 WHERE id BETWEEN 9025943 AND 9026042
	Index Scan using sbtest8_pkey on sbtest8  (cost=0.43..354.03 rows=91 width=121)
	  Index Cond: ((id >= 9025943) AND (id <= 9026042))

for: order_ranges
table 1 : explain SELECT c FROM sbtest1 WHERE id BETWEEN 146770 AND 146869 ORDER BY c
	Sort  (cost=404.63..404.89 rows=103 width=121)
	  Sort Key: c
	  ->  Index Scan using sbtest1_pkey on sbtest1  (cost=0.43..401.19 rows=103 width=121)
	        Index Cond: ((id >= 146770) AND (id <= 146869))

table 2 : explain SELECT c FROM sbtest2 WHERE id BETWEEN 8067542 AND 8067641 ORDER BY c
	Sort  (cost=395.07..395.32 rows=101 width=121)
	  Sort Key: c
	  ->  Index Scan using sbtest2_pkey on sbtest2  (cost=0.43..391.71 rows=101 width=121)
	        Index Cond: ((id >= 8067542) AND (id <= 8067641))

table 3 : explain SELECT c FROM sbtest3 WHERE id BETWEEN 1020873 AND 1020972 ORDER BY c
	Sort  (cost=374.30..374.53 rows=95 width=121)
	  Sort Key: c
	  ->  Index Scan using sbtest3_pkey on sbtest3  (cost=0.43..371.18 rows=95 width=121)
	        Index Cond: ((id >= 1020873) AND (id <= 1020972))

table 4 : explain SELECT c FROM sbtest4 WHERE id BETWEEN 6913092 AND 6913191 ORDER BY c
	Sort  (cost=382.63..382.87 rows=97 width=121)
	  Sort Key: c
	  ->  Index Scan using sbtest4_pkey on sbtest4  (cost=0.43..379.43 rows=97 width=121)
	        Index Cond: ((id >= 6913092) AND (id <= 6913191))

table 5 : explain SELECT c FROM sbtest5 WHERE id BETWEEN 7462467 AND 7462566 ORDER BY c
	Sort  (cost=406.03..406.29 rows=104 width=121)
	  Sort Key: c
	  ->  Index Scan using sbtest5_pkey on sbtest5  (cost=0.43..402.55 rows=104 width=121)
	        Index Cond: ((id >= 7462467) AND (id <= 7462566))

table 6 : explain SELECT c FROM sbtest6 WHERE id BETWEEN 8089440 AND 8089539 ORDER BY c
	Sort  (cost=429.30..429.58 rows=110 width=121)
	  Sort Key: c
	  ->  Index Scan using sbtest6_pkey on sbtest6  (cost=0.43..425.57 rows=110 width=121)
	        Index Cond: ((id >= 8089440) AND (id <= 8089539))

table 7 : explain SELECT c FROM sbtest7 WHERE id BETWEEN 430669 AND 430768 ORDER BY c
	Sort  (cost=410.27..410.53 rows=105 width=121)
	  Sort Key: c
	  ->  Index Scan using sbtest7_pkey on sbtest7  (cost=0.43..406.74 rows=105 width=121)
	        Index Cond: ((id >= 430669) AND (id <= 430768))

table 8 : explain SELECT c FROM sbtest8 WHERE id BETWEEN 4109479 AND 4109578 ORDER BY c
	Sort  (cost=376.38..376.62 rows=96 width=121)
	  Sort Key: c
	  ->  Index Scan using sbtest8_pkey on sbtest8  (cost=0.43..373.22 rows=96 width=121)
	        Index Cond: ((id >= 4109479) AND (id <= 4109578))

for: distinct_ranges
table 1 : explain SELECT DISTINCT c FROM sbtest1 WHERE id BETWEEN 8818060 AND 8818159 ORDER BY c
	Unique  (cost=396.86..397.36 rows=101 width=121)
	  ->  Sort  (cost=396.86..397.11 rows=101 width=121)
	        Sort Key: c
	        ->  Index Scan using sbtest1_pkey on sbtest1  (cost=0.43..393.49 rows=101 width=121)
	              Index Cond: ((id >= 8818060) AND (id <= 8818159))

table 2 : explain SELECT DISTINCT c FROM sbtest2 WHERE id BETWEEN 7594241 AND 7594340 ORDER BY c
	Unique  (cost=371.80..372.27 rows=95 width=121)
	  ->  Sort  (cost=371.80..372.03 rows=95 width=121)
	        Sort Key: c
	        ->  Index Scan using sbtest2_pkey on sbtest2  (cost=0.43..368.67 rows=95 width=121)
	              Index Cond: ((id >= 7594241) AND (id <= 7594340))

table 3 : explain SELECT DISTINCT c FROM sbtest3 WHERE id BETWEEN 2804347 AND 2804446 ORDER BY c
	Unique  (cost=389.89..390.38 rows=99 width=121)
	  ->  Sort  (cost=389.89..390.14 rows=99 width=121)
	        Sort Key: c
	        ->  Index Scan using sbtest3_pkey on sbtest3  (cost=0.43..386.61 rows=99 width=121)
	              Index Cond: ((id >= 2804347) AND (id <= 2804446))

table 4 : explain SELECT DISTINCT c FROM sbtest4 WHERE id BETWEEN 7963350 AND 7963449 ORDER BY c
	Unique  (cost=406.09..406.60 rows=103 width=121)
	  ->  Sort  (cost=406.09..406.35 rows=103 width=121)
	        Sort Key: c
	        ->  Index Scan using sbtest4_pkey on sbtest4  (cost=0.43..402.65 rows=103 width=121)
	              Index Cond: ((id >= 7963350) AND (id <= 7963449))

table 5 : explain SELECT DISTINCT c FROM sbtest5 WHERE id BETWEEN 4879849 AND 4879948 ORDER BY c
	Unique  (cost=421.49..422.03 rows=108 width=121)
	  ->  Sort  (cost=421.49..421.76 rows=108 width=121)
	        Sort Key: c
	        ->  Index Scan using sbtest5_pkey on sbtest5  (cost=0.43..417.85 rows=108 width=121)
	              Index Cond: ((id >= 4879849) AND (id <= 4879948))

table 6 : explain SELECT DISTINCT c FROM sbtest6 WHERE id BETWEEN 7921819 AND 7921918 ORDER BY c
	Unique  (cost=386.73..387.22 rows=99 width=121)
	  ->  Sort  (cost=386.73..386.97 rows=99 width=121)
	        Sort Key: c
	        ->  Index Scan using sbtest6_pkey on sbtest6  (cost=0.43..383.44 rows=99 width=121)
	              Index Cond: ((id >= 7921819) AND (id <= 7921918))

table 7 : explain SELECT DISTINCT c FROM sbtest7 WHERE id BETWEEN 67463 AND 67562 ORDER BY c
	Unique  (cost=359.93..360.39 rows=92 width=121)
	  ->  Sort  (cost=359.93..360.16 rows=92 width=121)
	        Sort Key: c
	        ->  Index Scan using sbtest7_pkey on sbtest7  (cost=0.43..356.93 rows=92 width=121)
	              Index Cond: ((id >= 67463) AND (id <= 67562))

table 8 : explain SELECT DISTINCT c FROM sbtest8 WHERE id BETWEEN 1614916 AND 1615015 ORDER BY c
	Unique  (cost=391.95..392.45 rows=100 width=121)
	  ->  Sort  (cost=391.95..392.20 rows=100 width=121)
	        Sort Key: c
	        ->  Index Scan using sbtest8_pkey on sbtest8  (cost=0.43..388.62 rows=100 width=121)
	              Index Cond: ((id >= 1614916) AND (id <= 1615015))

explain: for index_updates :: explain UPDATE sbtest%u SET k=k+1 WHERE id=%u
explain: for deletes :: explain DELETE FROM sbtest%u WHERE id=%u
explain: for point_selects :: explain SELECT c FROM sbtest%u WHERE id=%u
for non_index_updates
table 1 : explain UPDATE sbtest1 SET c='foobar' WHERE id=9611411
	Update on sbtest1  (cost=0.43..8.45 rows=0 width=0)
	  ->  Index Scan using sbtest1_pkey on sbtest1  (cost=0.43..8.45 rows=1 width=490)
	        Index Cond: (id = 9611411)

table 2 : explain UPDATE sbtest2 SET c='foobar' WHERE id=3414513
	Update on sbtest2  (cost=0.43..8.45 rows=0 width=0)
	  ->  Index Scan using sbtest2_pkey on sbtest2  (cost=0.43..8.45 rows=1 width=490)
	        Index Cond: (id = 3414513)

table 3 : explain UPDATE sbtest3 SET c='foobar' WHERE id=7294655
	Update on sbtest3  (cost=0.43..8.45 rows=0 width=0)
	  ->  Index Scan using sbtest3_pkey on sbtest3  (cost=0.43..8.45 rows=1 width=490)
	        Index Cond: (id = 7294655)

table 4 : explain UPDATE sbtest4 SET c='foobar' WHERE id=5892579
	Update on sbtest4  (cost=0.43..8.45 rows=0 width=0)
	  ->  Index Scan using sbtest4_pkey on sbtest4  (cost=0.43..8.45 rows=1 width=490)
	        Index Cond: (id = 5892579)

table 5 : explain UPDATE sbtest5 SET c='foobar' WHERE id=7000990
	Update on sbtest5  (cost=0.43..8.45 rows=0 width=0)
	  ->  Index Scan using sbtest5_pkey on sbtest5  (cost=0.43..8.45 rows=1 width=490)
	        Index Cond: (id = 7000990)

table 6 : explain UPDATE sbtest6 SET c='foobar' WHERE id=6288979
	Update on sbtest6  (cost=0.43..8.45 rows=0 width=0)
	  ->  Index Scan using sbtest6_pkey on sbtest6  (cost=0.43..8.45 rows=1 width=490)
	        Index Cond: (id = 6288979)

table 7 : explain UPDATE sbtest7 SET c='foobar' WHERE id=1469061
	Update on sbtest7  (cost=0.43..8.45 rows=0 width=0)
	  ->  Index Scan using sbtest7_pkey on sbtest7  (cost=0.43..8.45 rows=1 width=490)
	        Index Cond: (id = 1469061)

table 8 : explain UPDATE sbtest8 SET c='foobar' WHERE id=41614
	Update on sbtest8  (cost=0.43..8.45 rows=0 width=0)
	  ->  Index Scan using sbtest8_pkey on sbtest8  (cost=0.43..8.45 rows=1 width=490)
	        Index Cond: (id = 41614)

for deletes
table 1 : explain DELETE FROM sbtest1 WHERE id=5697390
	Delete on sbtest1  (cost=0.43..8.45 rows=0 width=0)
	  ->  Index Scan using sbtest1_pkey on sbtest1  (cost=0.43..8.45 rows=1 width=6)
	        Index Cond: (id = 5697390)

table 2 : explain DELETE FROM sbtest2 WHERE id=2602415
	Delete on sbtest2  (cost=0.43..8.45 rows=0 width=0)
	  ->  Index Scan using sbtest2_pkey on sbtest2  (cost=0.43..8.45 rows=1 width=6)
	        Index Cond: (id = 2602415)

table 3 : explain DELETE FROM sbtest3 WHERE id=4113714
	Delete on sbtest3  (cost=0.43..8.45 rows=0 width=0)
	  ->  Index Scan using sbtest3_pkey on sbtest3  (cost=0.43..8.45 rows=1 width=6)
	        Index Cond: (id = 4113714)

table 4 : explain DELETE FROM sbtest4 WHERE id=7775829
	Delete on sbtest4  (cost=0.43..8.45 rows=0 width=0)
	  ->  Index Scan using sbtest4_pkey on sbtest4  (cost=0.43..8.45 rows=1 width=6)
	        Index Cond: (id = 7775829)

table 5 : explain DELETE FROM sbtest5 WHERE id=7254941
	Delete on sbtest5  (cost=0.43..8.45 rows=0 width=0)
	  ->  Index Scan using sbtest5_pkey on sbtest5  (cost=0.43..8.45 rows=1 width=6)
	        Index Cond: (id = 7254941)

table 6 : explain DELETE FROM sbtest6 WHERE id=4038219
	Delete on sbtest6  (cost=0.43..8.45 rows=0 width=0)
	  ->  Index Scan using sbtest6_pkey on sbtest6  (cost=0.43..8.45 rows=1 width=6)
	        Index Cond: (id = 4038219)

table 7 : explain DELETE FROM sbtest7 WHERE id=2065980
	Delete on sbtest7  (cost=0.43..8.45 rows=0 width=0)
	  ->  Index Scan using sbtest7_pkey on sbtest7  (cost=0.43..8.45 rows=1 width=6)
	        Index Cond: (id = 2065980)

table 8 : explain DELETE FROM sbtest8 WHERE id=416625
	Delete on sbtest8  (cost=0.43..8.45 rows=0 width=0)
	  ->  Index Scan using sbtest8_pkey on sbtest8  (cost=0.43..8.45 rows=1 width=6)
	        Index Cond: (id = 416625)

for deletes
table 1 : explain DELETE FROM sbtest1 WHERE id=4453509
	Delete on sbtest1  (cost=0.43..8.45 rows=0 width=0)
	  ->  Index Scan using sbtest1_pkey on sbtest1  (cost=0.43..8.45 rows=1 width=6)
	        Index Cond: (id = 4453509)

table 2 : explain DELETE FROM sbtest2 WHERE id=799865
	Delete on sbtest2  (cost=0.43..8.45 rows=0 width=0)
	  ->  Index Scan using sbtest2_pkey on sbtest2  (cost=0.43..8.45 rows=1 width=6)
	        Index Cond: (id = 799865)

table 3 : explain DELETE FROM sbtest3 WHERE id=5208576
	Delete on sbtest3  (cost=0.43..8.45 rows=0 width=0)
	  ->  Index Scan using sbtest3_pkey on sbtest3  (cost=0.43..8.45 rows=1 width=6)
	        Index Cond: (id = 5208576)

table 4 : explain DELETE FROM sbtest4 WHERE id=4635779
	Delete on sbtest4  (cost=0.43..8.45 rows=0 width=0)
	  ->  Index Scan using sbtest4_pkey on sbtest4  (cost=0.43..8.45 rows=1 width=6)
	        Index Cond: (id = 4635779)

table 5 : explain DELETE FROM sbtest5 WHERE id=7991882
	Delete on sbtest5  (cost=0.43..8.45 rows=0 width=0)
	  ->  Index Scan using sbtest5_pkey on sbtest5  (cost=0.43..8.45 rows=1 width=6)
	        Index Cond: (id = 7991882)

table 6 : explain DELETE FROM sbtest6 WHERE id=3684416
	Delete on sbtest6  (cost=0.43..8.45 rows=0 width=0)
	  ->  Index Scan using sbtest6_pkey on sbtest6  (cost=0.43..8.45 rows=1 width=6)
	        Index Cond: (id = 3684416)

table 7 : explain DELETE FROM sbtest7 WHERE id=6043064
	Delete on sbtest7  (cost=0.43..8.45 rows=0 width=0)
	  ->  Index Scan using sbtest7_pkey on sbtest7  (cost=0.43..8.45 rows=1 width=6)
	        Index Cond: (id = 6043064)

table 8 : explain DELETE FROM sbtest8 WHERE id=3705994
	Delete on sbtest8  (cost=0.43..8.45 rows=0 width=0)
	  ->  Index Scan using sbtest8_pkey on sbtest8  (cost=0.43..8.45 rows=1 width=6)
	        Index Cond: (id = 3705994)

for inserts
table 1 : explain INSERT INTO sbtest1 (id, k, c, pad) VALUES (20519, 13, 'foobar', 'foobar')
	Insert on sbtest1  (cost=0.00..0.01 rows=0 width=0)
	  ->  Result  (cost=0.00..0.01 rows=1 width=736)

table 2 : explain INSERT INTO sbtest2 (id, k, c, pad) VALUES (4085208, 13, 'foobar', 'foobar')
	Insert on sbtest2  (cost=0.00..0.01 rows=0 width=0)
	  ->  Result  (cost=0.00..0.01 rows=1 width=736)

table 3 : explain INSERT INTO sbtest3 (id, k, c, pad) VALUES (8428654, 13, 'foobar', 'foobar')
	Insert on sbtest3  (cost=0.00..0.01 rows=0 width=0)
	  ->  Result  (cost=0.00..0.01 rows=1 width=736)

table 4 : explain INSERT INTO sbtest4 (id, k, c, pad) VALUES (2542682, 13, 'foobar', 'foobar')
	Insert on sbtest4  (cost=0.00..0.01 rows=0 width=0)
	  ->  Result  (cost=0.00..0.01 rows=1 width=736)

table 5 : explain INSERT INTO sbtest5 (id, k, c, pad) VALUES (419742, 13, 'foobar', 'foobar')
	Insert on sbtest5  (cost=0.00..0.01 rows=0 width=0)
	  ->  Result  (cost=0.00..0.01 rows=1 width=736)

table 6 : explain INSERT INTO sbtest6 (id, k, c, pad) VALUES (6875399, 13, 'foobar', 'foobar')
	Insert on sbtest6  (cost=0.00..0.01 rows=0 width=0)
	  ->  Result  (cost=0.00..0.01 rows=1 width=736)

table 7 : explain INSERT INTO sbtest7 (id, k, c, pad) VALUES (8938514, 13, 'foobar', 'foobar')
	Insert on sbtest7  (cost=0.00..0.01 rows=0 width=0)
	  ->  Result  (cost=0.00..0.01 rows=1 width=736)

table 8 : explain INSERT INTO sbtest8 (id, k, c, pad) VALUES (9568235, 13, 'foobar', 'foobar')
	Insert on sbtest8  (cost=0.00..0.01 rows=0 width=0)
	  ->  Result  (cost=0.00..0.01 rows=1 width=736)

explain: for index_updates :: explain UPDATE sbtest%u SET k=k+1 WHERE id=%u
for: simple_ranges
table 1 : explain SELECT c FROM sbtest1 WHERE id BETWEEN 604888 AND 604987
	Index Scan using sbtest1_pkey on sbtest1  (cost=0.43..366.51 rows=94 width=121)
	  Index Cond: ((id >= 604888) AND (id <= 604987))

table 2 : explain SELECT c FROM sbtest2 WHERE id BETWEEN 2212142 AND 2212241
	Index Scan using sbtest2_pkey on sbtest2  (cost=0.43..395.54 rows=102 width=121)
	  Index Cond: ((id >= 2212142) AND (id <= 2212241))

table 3 : explain SELECT c FROM sbtest3 WHERE id BETWEEN 6546882 AND 6546981
	Index Scan using sbtest3_pkey on sbtest3  (cost=0.43..378.89 rows=97 width=121)
	  Index Cond: ((id >= 6546882) AND (id <= 6546981))

table 4 : explain SELECT c FROM sbtest4 WHERE id BETWEEN 3631284 AND 3631383
	Index Scan using sbtest4_pkey on sbtest4  (cost=0.43..425.83 rows=109 width=121)
	  Index Cond: ((id >= 3631284) AND (id <= 3631383))

table 5 : explain SELECT c FROM sbtest5 WHERE id BETWEEN 8017371 AND 8017470
	Index Scan using sbtest5_pkey on sbtest5  (cost=0.43..394.90 rows=102 width=121)
	  Index Cond: ((id >= 8017371) AND (id <= 8017470))

table 6 : explain SELECT c FROM sbtest6 WHERE id BETWEEN 3658720 AND 3658819
	Index Scan using sbtest6_pkey on sbtest6  (cost=0.43..383.44 rows=99 width=121)
	  Index Cond: ((id >= 3658720) AND (id <= 3658819))

table 7 : explain SELECT c FROM sbtest7 WHERE id BETWEEN 45673 AND 45772
	Index Scan using sbtest7_pkey on sbtest7  (cost=0.43..356.93 rows=92 width=121)
	  Index Cond: ((id >= 45673) AND (id <= 45772))

table 8 : explain SELECT c FROM sbtest8 WHERE id BETWEEN 7762338 AND 7762437
	Index Scan using sbtest8_pkey on sbtest8  (cost=0.43..373.22 rows=96 width=121)
	  Index Cond: ((id >= 7762338) AND (id <= 7762437))

explain: for deletes :: explain DELETE FROM sbtest%u WHERE id=%u
for: distinct_ranges
table 1 : explain SELECT DISTINCT c FROM sbtest1 WHERE id BETWEEN 8228721 AND 8228820 ORDER BY c
	Unique  (cost=365.70..366.16 rows=93 width=121)
	  ->  Sort  (cost=365.70..365.93 rows=93 width=121)
	        Sort Key: c
	        ->  Index Scan using sbtest1_pkey on sbtest1  (cost=0.43..362.66 rows=93 width=121)
	              Index Cond: ((id >= 8228721) AND (id <= 8228820))

table 2 : explain SELECT DISTINCT c FROM sbtest2 WHERE id BETWEEN 23648 AND 23747 ORDER BY c
	Unique  (cost=398.94..399.45 rows=102 width=121)
	  ->  Sort  (cost=398.94..399.20 rows=102 width=121)
	        Sort Key: c
	        ->  Index Scan using sbtest2_pkey on sbtest2  (cost=0.43..395.54 rows=102 width=121)
	              Index Cond: ((id >= 23648) AND (id <= 23747))

table 3 : explain SELECT DISTINCT c FROM sbtest3 WHERE id BETWEEN 2176140 AND 2176239 ORDER BY c
	Unique  (cost=374.30..374.77 rows=95 width=121)
	  ->  Sort  (cost=374.30..374.53 rows=95 width=121)
	        Sort Key: c
	        ->  Index Scan using sbtest3_pkey on sbtest3  (cost=0.43..371.18 rows=95 width=121)
	              Index Cond: ((id >= 2176140) AND (id <= 2176239))

table 4 : explain SELECT DISTINCT c FROM sbtest4 WHERE id BETWEEN 4451516 AND 4451615 ORDER BY c
	Unique  (cost=406.09..406.60 rows=103 width=121)
	  ->  Sort  (cost=406.09..406.35 rows=103 width=121)
	        Sort Key: c
	        ->  Index Scan using sbtest4_pkey on sbtest4  (cost=0.43..402.65 rows=103 width=121)
	              Index Cond: ((id >= 4451516) AND (id <= 4451615))

table 5 : explain SELECT DISTINCT c FROM sbtest5 WHERE id BETWEEN 5233740 AND 5233839 ORDER BY c
	Unique  (cost=375.06..375.54 rows=96 width=121)
	  ->  Sort  (cost=375.06..375.30 rows=96 width=121)
	        Sort Key: c
	        ->  Index Scan using sbtest5_pkey on sbtest5  (cost=0.43..371.90 rows=96 width=121)
	              Index Cond: ((id >= 5233740) AND (id <= 5233839))

table 6 : explain SELECT DISTINCT c FROM sbtest6 WHERE id BETWEEN 3424797 AND 3424896 ORDER BY c
	Unique  (cost=394.51..395.01 rows=101 width=121)
	  ->  Sort  (cost=394.51..394.76 rows=101 width=121)
	        Sort Key: c
	        ->  Index Scan using sbtest6_pkey on sbtest6  (cost=0.43..391.14 rows=101 width=121)
	              Index Cond: ((id >= 3424797) AND (id <= 3424896))

table 7 : explain SELECT DISTINCT c FROM sbtest7 WHERE id BETWEEN 8118768 AND 8118867 ORDER BY c
	Unique  (cost=379.27..379.75 rows=97 width=121)
	  ->  Sort  (cost=379.27..379.51 rows=97 width=121)
	        Sort Key: c
	        ->  Index Scan using sbtest7_pkey on sbtest7  (cost=0.43..376.07 rows=97 width=121)
	              Index Cond: ((id >= 8118768) AND (id <= 8118867))

table 8 : explain SELECT DISTINCT c FROM sbtest8 WHERE id BETWEEN 8754263 AND 8754362 ORDER BY c
	Unique  (cost=434.62..435.17 rows=111 width=121)
	  ->  Sort  (cost=434.62..434.90 rows=111 width=121)
	        Sort Key: c
	        ->  Index Scan using sbtest8_pkey on sbtest8  (cost=0.43..430.85 rows=111 width=121)
	              Index Cond: ((id >= 8754263) AND (id <= 8754362))

explain: for inserts :: explain INSERT INTO sbtest%u (id, k, c, pad) VALUES (%u, 13, 'foobar', 'foobar')
for non_index_updates
table 1 : explain UPDATE sbtest1 SET c='foobar' WHERE id=9468569
	Update on sbtest1  (cost=0.43..8.45 rows=0 width=0)
	  ->  Index Scan using sbtest1_pkey on sbtest1  (cost=0.43..8.45 rows=1 width=490)
	        Index Cond: (id = 9468569)

table 2 : explain UPDATE sbtest2 SET c='foobar' WHERE id=9692612
	Update on sbtest2  (cost=0.43..8.45 rows=0 width=0)
	  ->  Index Scan using sbtest2_pkey on sbtest2  (cost=0.43..8.45 rows=1 width=490)
	        Index Cond: (id = 9692612)

table 3 : explain UPDATE sbtest3 SET c='foobar' WHERE id=3199881
	Update on sbtest3  (cost=0.43..8.45 rows=0 width=0)
	  ->  Index Scan using sbtest3_pkey on sbtest3  (cost=0.43..8.45 rows=1 width=490)
	        Index Cond: (id = 3199881)

table 4 : explain UPDATE sbtest4 SET c='foobar' WHERE id=4282401
	Update on sbtest4  (cost=0.43..8.45 rows=0 width=0)
	  ->  Index Scan using sbtest4_pkey on sbtest4  (cost=0.43..8.45 rows=1 width=490)
	        Index Cond: (id = 4282401)

table 5 : explain UPDATE sbtest5 SET c='foobar' WHERE id=1142316
	Update on sbtest5  (cost=0.43..8.45 rows=0 width=0)
	  ->  Index Scan using sbtest5_pkey on sbtest5  (cost=0.43..8.45 rows=1 width=490)
	        Index Cond: (id = 1142316)

table 6 : explain UPDATE sbtest6 SET c='foobar' WHERE id=7395837
	Update on sbtest6  (cost=0.43..8.45 rows=0 width=0)
	  ->  Index Scan using sbtest6_pkey on sbtest6  (cost=0.43..8.45 rows=1 width=490)
	        Index Cond: (id = 7395837)

table 7 : explain UPDATE sbtest7 SET c='foobar' WHERE id=4177082
	Update on sbtest7  (cost=0.43..8.45 rows=0 width=0)
	  ->  Index Scan using sbtest7_pkey on sbtest7  (cost=0.43..8.45 rows=1 width=490)
	        Index Cond: (id = 4177082)

table 8 : explain UPDATE sbtest8 SET c='foobar' WHERE id=6734171
	Update on sbtest8  (cost=0.43..8.45 rows=0 width=0)
	  ->  Index Scan using sbtest8_pkey on sbtest8  (cost=0.43..8.45 rows=1 width=490)
	        Index Cond: (id = 6734171)

for non_index_updates
table 1 : explain UPDATE sbtest1 SET c='foobar' WHERE id=7636423
	Update on sbtest1  (cost=0.43..8.45 rows=0 width=0)
	  ->  Index Scan using sbtest1_pkey on sbtest1  (cost=0.43..8.45 rows=1 width=490)
	        Index Cond: (id = 7636423)

table 2 : explain UPDATE sbtest2 SET c='foobar' WHERE id=7961475
	Update on sbtest2  (cost=0.43..8.45 rows=0 width=0)
	  ->  Index Scan using sbtest2_pkey on sbtest2  (cost=0.43..8.45 rows=1 width=490)
	        Index Cond: (id = 7961475)

table 3 : explain UPDATE sbtest3 SET c='foobar' WHERE id=1611096
	Update on sbtest3  (cost=0.43..8.45 rows=0 width=0)
	  ->  Index Scan using sbtest3_pkey on sbtest3  (cost=0.43..8.45 rows=1 width=490)
	        Index Cond: (id = 1611096)

table 4 : explain UPDATE sbtest4 SET c='foobar' WHERE id=4047937
	Update on sbtest4  (cost=0.43..8.45 rows=0 width=0)
	  ->  Index Scan using sbtest4_pkey on sbtest4  (cost=0.43..8.45 rows=1 width=490)
	        Index Cond: (id = 4047937)

table 5 : explain UPDATE sbtest5 SET c='foobar' WHERE id=5563222
	Update on sbtest5  (cost=0.43..8.45 rows=0 width=0)
	  ->  Index Scan using sbtest5_pkey on sbtest5  (cost=0.43..8.45 rows=1 width=490)
	        Index Cond: (id = 5563222)

table 6 : explain UPDATE sbtest6 SET c='foobar' WHERE id=3690192
	Update on sbtest6  (cost=0.43..8.45 rows=0 width=0)
	  ->  Index Scan using sbtest6_pkey on sbtest6  (cost=0.43..8.45 rows=1 width=490)
	        Index Cond: (id = 3690192)

table 7 : explain UPDATE sbtest7 SET c='foobar' WHERE id=5799135
	Update on sbtest7  (cost=0.43..8.45 rows=0 width=0)
	  ->  Index Scan using sbtest7_pkey on sbtest7  (cost=0.43..8.45 rows=1 width=490)
	        Index Cond: (id = 5799135)

table 8 : explain UPDATE sbtest8 SET c='foobar' WHERE id=8374036
	Update on sbtest8  (cost=0.43..8.45 rows=0 width=0)
	  ->  Index Scan using sbtest8_pkey on sbtest8  (cost=0.43..8.45 rows=1 width=490)
	        Index Cond: (id = 8374036)

for: distinct_ranges
table 1 : explain SELECT DISTINCT c FROM sbtest1 WHERE id BETWEEN 6500063 AND 6500162 ORDER BY c
	Unique  (cost=392.92..393.42 rows=100 width=121)
	  ->  Sort  (cost=392.92..393.17 rows=100 width=121)
	        Sort Key: c
	        ->  Index Scan using sbtest1_pkey on sbtest1  (cost=0.43..389.60 rows=100 width=121)
	              Index Cond: ((id >= 6500063) AND (id <= 6500162))

table 2 : explain SELECT DISTINCT c FROM sbtest2 WHERE id BETWEEN 6388855 AND 6388954 ORDER BY c
	Unique  (cost=418.30..418.84 rows=107 width=121)
	  ->  Sort  (cost=418.30..418.57 rows=107 width=121)
	        Sort Key: c
	        ->  Index Scan using sbtest2_pkey on sbtest2  (cost=0.43..414.70 rows=107 width=121)
	              Index Cond: ((id >= 6388855) AND (id <= 6388954))

table 3 : explain SELECT DISTINCT c FROM sbtest3 WHERE id BETWEEN 1273289 AND 1273388 ORDER BY c
	Unique  (cost=370.40..370.87 rows=94 width=121)
	  ->  Sort  (cost=370.40..370.63 rows=94 width=121)
	        Sort Key: c
	        ->  Index Scan using sbtest3_pkey on sbtest3  (cost=0.43..367.32 rows=94 width=121)
	              Index Cond: ((id >= 1273289) AND (id <= 1273388))

table 4 : explain SELECT DISTINCT c FROM sbtest4 WHERE id BETWEEN 5541651 AND 5541750 ORDER BY c
	Unique  (cost=351.40..351.85 rows=89 width=121)
	  ->  Sort  (cost=351.40..351.62 rows=89 width=121)
	        Sort Key: c
	        ->  Index Scan using sbtest4_pkey on sbtest4  (cost=0.43..348.52 rows=89 width=121)
	              Index Cond: ((id >= 5541651) AND (id <= 5541750))

table 5 : explain SELECT DISTINCT c FROM sbtest5 WHERE id BETWEEN 7590510 AND 7590609 ORDER BY c
	Unique  (cost=394.43..394.94 rows=101 width=121)
	  ->  Sort  (cost=394.43..394.69 rows=101 width=121)
	        Sort Key: c
	        ->  Index Scan using sbtest5_pkey on sbtest5  (cost=0.43..391.07 rows=101 width=121)
	              Index Cond: ((id >= 7590510) AND (id <= 7590609))

table 6 : explain SELECT DISTINCT c FROM sbtest6 WHERE id BETWEEN 9811356 AND 9811455 ORDER BY c
	Unique  (cost=394.51..395.01 rows=101 width=121)
	  ->  Sort  (cost=394.51..394.76 rows=101 width=121)
	        Sort Key: c
	        ->  Index Scan using sbtest6_pkey on sbtest6  (cost=0.43..391.14 rows=101 width=121)
	              Index Cond: ((id >= 9811356) AND (id <= 9811455))

table 7 : explain SELECT DISTINCT c FROM sbtest7 WHERE id BETWEEN 9776017 AND 9776116 ORDER BY c
	Unique  (cost=410.27..410.79 rows=105 width=121)
	  ->  Sort  (cost=410.27..410.53 rows=105 width=121)
	        Sort Key: c
	        ->  Index Scan using sbtest7_pkey on sbtest7  (cost=0.43..406.74 rows=105 width=121)
	              Index Cond: ((id >= 9776017) AND (id <= 9776116))

table 8 : explain SELECT DISTINCT c FROM sbtest8 WHERE id BETWEEN 6692822 AND 6692921 ORDER BY c
	Unique  (cost=364.75..365.21 rows=93 width=121)
	  ->  Sort  (cost=364.75..364.98 rows=93 width=121)
	        Sort Key: c
	        ->  Index Scan using sbtest8_pkey on sbtest8  (cost=0.43..361.71 rows=93 width=121)
	              Index Cond: ((id >= 6692822) AND (id <= 6692921))

for inserts
table 1 : explain INSERT INTO sbtest1 (id, k, c, pad) VALUES (428084, 13, 'foobar', 'foobar')
	Insert on sbtest1  (cost=0.00..0.01 rows=0 width=0)
	  ->  Result  (cost=0.00..0.01 rows=1 width=736)

table 2 : explain INSERT INTO sbtest2 (id, k, c, pad) VALUES (6221893, 13, 'foobar', 'foobar')
	Insert on sbtest2  (cost=0.00..0.01 rows=0 width=0)
	  ->  Result  (cost=0.00..0.01 rows=1 width=736)

table 3 : explain INSERT INTO sbtest3 (id, k, c, pad) VALUES (2318405, 13, 'foobar', 'foobar')
	Insert on sbtest3  (cost=0.00..0.01 rows=0 width=0)
	  ->  Result  (cost=0.00..0.01 rows=1 width=736)

table 4 : explain INSERT INTO sbtest4 (id, k, c, pad) VALUES (1486928, 13, 'foobar', 'foobar')
	Insert on sbtest4  (cost=0.00..0.01 rows=0 width=0)
	  ->  Result  (cost=0.00..0.01 rows=1 width=736)

table 5 : explain INSERT INTO sbtest5 (id, k, c, pad) VALUES (5619468, 13, 'foobar', 'foobar')
	Insert on sbtest5  (cost=0.00..0.01 rows=0 width=0)
	  ->  Result  (cost=0.00..0.01 rows=1 width=736)

table 6 : explain INSERT INTO sbtest6 (id, k, c, pad) VALUES (7609239, 13, 'foobar', 'foobar')
	Insert on sbtest6  (cost=0.00..0.01 rows=0 width=0)
	  ->  Result  (cost=0.00..0.01 rows=1 width=736)

table 7 : explain INSERT INTO sbtest7 (id, k, c, pad) VALUES (2243499, 13, 'foobar', 'foobar')
	Insert on sbtest7  (cost=0.00..0.01 rows=0 width=0)
	  ->  Result  (cost=0.00..0.01 rows=1 width=736)

table 8 : explain INSERT INTO sbtest8 (id, k, c, pad) VALUES (4725167, 13, 'foobar', 'foobar')
	Insert on sbtest8  (cost=0.00..0.01 rows=0 width=0)
	  ->  Result  (cost=0.00..0.01 rows=1 width=736)

explain: for inserts :: explain INSERT INTO sbtest%u (id, k, c, pad) VALUES (%u, 13, 'foobar', 'foobar')
explain: for index_updates :: explain UPDATE sbtest%u SET k=k+1 WHERE id=%u
explain: for index_updates :: explain UPDATE sbtest%u SET k=k+1 WHERE id=%u
explain: for deletes :: explain DELETE FROM sbtest%u WHERE id=%u
for index_updates
table 1 : explain UPDATE sbtest1 SET k=k+1 WHERE id=663189
	Update on sbtest1  (cost=0.43..8.46 rows=0 width=0)
	  ->  Index Scan using sbtest1_pkey on sbtest1  (cost=0.43..8.46 rows=1 width=10)
	        Index Cond: (id = 663189)

table 2 : explain UPDATE sbtest2 SET k=k+1 WHERE id=5578785
	Update on sbtest2  (cost=0.43..8.46 rows=0 width=0)
	  ->  Index Scan using sbtest2_pkey on sbtest2  (cost=0.43..8.46 rows=1 width=10)
	        Index Cond: (id = 5578785)

table 3 : explain UPDATE sbtest3 SET k=k+1 WHERE id=5721401
	Update on sbtest3  (cost=0.43..8.46 rows=0 width=0)
	  ->  Index Scan using sbtest3_pkey on sbtest3  (cost=0.43..8.46 rows=1 width=10)
	        Index Cond: (id = 5721401)

table 4 : explain UPDATE sbtest4 SET k=k+1 WHERE id=7986292
	Update on sbtest4  (cost=0.43..8.46 rows=0 width=0)
	  ->  Index Scan using sbtest4_pkey on sbtest4  (cost=0.43..8.46 rows=1 width=10)
	        Index Cond: (id = 7986292)

table 5 : explain UPDATE sbtest5 SET k=k+1 WHERE id=2793770
	Update on sbtest5  (cost=0.43..8.46 rows=0 width=0)
	  ->  Index Scan using sbtest5_pkey on sbtest5  (cost=0.43..8.46 rows=1 width=10)
	        Index Cond: (id = 2793770)

table 6 : explain UPDATE sbtest6 SET k=k+1 WHERE id=1744590
	Update on sbtest6  (cost=0.43..8.46 rows=0 width=0)
	  ->  Index Scan using sbtest6_pkey on sbtest6  (cost=0.43..8.46 rows=1 width=10)
	        Index Cond: (id = 1744590)

table 7 : explain UPDATE sbtest7 SET k=k+1 WHERE id=1289435
	Update on sbtest7  (cost=0.43..8.46 rows=0 width=0)
	  ->  Index Scan using sbtest7_pkey on sbtest7  (cost=0.43..8.46 rows=1 width=10)
	        Index Cond: (id = 1289435)

table 8 : explain UPDATE sbtest8 SET k=k+1 WHERE id=2819032
	Update on sbtest8  (cost=0.43..8.46 rows=0 width=0)
	  ->  Index Scan using sbtest8_pkey on sbtest8  (cost=0.43..8.46 rows=1 width=10)
	        Index Cond: (id = 2819032)

explain: for deletes :: explain DELETE FROM sbtest%u WHERE id=%u
for index_updates
table 1 : explain UPDATE sbtest1 SET k=k+1 WHERE id=2041410
	Update on sbtest1  (cost=0.43..8.46 rows=0 width=0)
	  ->  Index Scan using sbtest1_pkey on sbtest1  (cost=0.43..8.46 rows=1 width=10)
	        Index Cond: (id = 2041410)

table 2 : explain UPDATE sbtest2 SET k=k+1 WHERE id=1661613
	Update on sbtest2  (cost=0.43..8.46 rows=0 width=0)
	  ->  Index Scan using sbtest2_pkey on sbtest2  (cost=0.43..8.46 rows=1 width=10)
	        Index Cond: (id = 1661613)

table 3 : explain UPDATE sbtest3 SET k=k+1 WHERE id=9808658
	Update on sbtest3  (cost=0.43..8.46 rows=0 width=0)
	  ->  Index Scan using sbtest3_pkey on sbtest3  (cost=0.43..8.46 rows=1 width=10)
	        Index Cond: (id = 9808658)

table 4 : explain UPDATE sbtest4 SET k=k+1 WHERE id=1632124
	Update on sbtest4  (cost=0.43..8.46 rows=0 width=0)
	  ->  Index Scan using sbtest4_pkey on sbtest4  (cost=0.43..8.46 rows=1 width=10)
	        Index Cond: (id = 1632124)

table 5 : explain UPDATE sbtest5 SET k=k+1 WHERE id=4872825
	Update on sbtest5  (cost=0.43..8.46 rows=0 width=0)
	  ->  Index Scan using sbtest5_pkey on sbtest5  (cost=0.43..8.46 rows=1 width=10)
	        Index Cond: (id = 4872825)

table 6 : explain UPDATE sbtest6 SET k=k+1 WHERE id=8437261
	Update on sbtest6  (cost=0.43..8.46 rows=0 width=0)
	  ->  Index Scan using sbtest6_pkey on sbtest6  (cost=0.43..8.46 rows=1 width=10)
	        Index Cond: (id = 8437261)

table 7 : explain UPDATE sbtest7 SET k=k+1 WHERE id=1003947
	Update on sbtest7  (cost=0.43..8.46 rows=0 width=0)
	  ->  Index Scan using sbtest7_pkey on sbtest7  (cost=0.43..8.46 rows=1 width=10)
	        Index Cond: (id = 1003947)

table 8 : explain UPDATE sbtest8 SET k=k+1 WHERE id=2558732
	Update on sbtest8  (cost=0.43..8.46 rows=0 width=0)
	  ->  Index Scan using sbtest8_pkey on sbtest8  (cost=0.43..8.46 rows=1 width=10)
	        Index Cond: (id = 2558732)

for deletes
table 1 : explain DELETE FROM sbtest1 WHERE id=7821516
	Delete on sbtest1  (cost=0.43..8.45 rows=0 width=0)
	  ->  Index Scan using sbtest1_pkey on sbtest1  (cost=0.43..8.45 rows=1 width=6)
	        Index Cond: (id = 7821516)

table 2 : explain DELETE FROM sbtest2 WHERE id=4164811
	Delete on sbtest2  (cost=0.43..8.45 rows=0 width=0)
	  ->  Index Scan using sbtest2_pkey on sbtest2  (cost=0.43..8.45 rows=1 width=6)
	        Index Cond: (id = 4164811)

table 3 : explain DELETE FROM sbtest3 WHERE id=9117378
	Delete on sbtest3  (cost=0.43..8.45 rows=0 width=0)
	  ->  Index Scan using sbtest3_pkey on sbtest3  (cost=0.43..8.45 rows=1 width=6)
	        Index Cond: (id = 9117378)

table 4 : explain DELETE FROM sbtest4 WHERE id=9063889
	Delete on sbtest4  (cost=0.43..8.45 rows=0 width=0)
	  ->  Index Scan using sbtest4_pkey on sbtest4  (cost=0.43..8.45 rows=1 width=6)
	        Index Cond: (id = 9063889)

table 5 : explain DELETE FROM sbtest5 WHERE id=7931376
	Delete on sbtest5  (cost=0.43..8.45 rows=0 width=0)
	  ->  Index Scan using sbtest5_pkey on sbtest5  (cost=0.43..8.45 rows=1 width=6)
	        Index Cond: (id = 7931376)

table 6 : explain DELETE FROM sbtest6 WHERE id=4663153
	Delete on sbtest6  (cost=0.43..8.45 rows=0 width=0)
	  ->  Index Scan using sbtest6_pkey on sbtest6  (cost=0.43..8.45 rows=1 width=6)
	        Index Cond: (id = 4663153)

table 7 : explain DELETE FROM sbtest7 WHERE id=6363545
	Delete on sbtest7  (cost=0.43..8.45 rows=0 width=0)
	  ->  Index Scan using sbtest7_pkey on sbtest7  (cost=0.43..8.45 rows=1 width=6)
	        Index Cond: (id = 6363545)

table 8 : explain DELETE FROM sbtest8 WHERE id=8097017
	Delete on sbtest8  (cost=0.43..8.45 rows=0 width=0)
	  ->  Index Scan using sbtest8_pkey on sbtest8  (cost=0.43..8.45 rows=1 width=6)
	        Index Cond: (id = 8097017)

for index_updates
table 1 : explain UPDATE sbtest1 SET k=k+1 WHERE id=7299141
	Update on sbtest1  (cost=0.43..8.46 rows=0 width=0)
	  ->  Index Scan using sbtest1_pkey on sbtest1  (cost=0.43..8.46 rows=1 width=10)
	        Index Cond: (id = 7299141)

table 2 : explain UPDATE sbtest2 SET k=k+1 WHERE id=414314
	Update on sbtest2  (cost=0.43..8.46 rows=0 width=0)
	  ->  Index Scan using sbtest2_pkey on sbtest2  (cost=0.43..8.46 rows=1 width=10)
	        Index Cond: (id = 414314)

table 3 : explain UPDATE sbtest3 SET k=k+1 WHERE id=8949813
	Update on sbtest3  (cost=0.43..8.46 rows=0 width=0)
	  ->  Index Scan using sbtest3_pkey on sbtest3  (cost=0.43..8.46 rows=1 width=10)
	        Index Cond: (id = 8949813)

table 4 : explain UPDATE sbtest4 SET k=k+1 WHERE id=6549538
	Update on sbtest4  (cost=0.43..8.46 rows=0 width=0)
	  ->  Index Scan using sbtest4_pkey on sbtest4  (cost=0.43..8.46 rows=1 width=10)
	        Index Cond: (id = 6549538)

table 5 : explain UPDATE sbtest5 SET k=k+1 WHERE id=2738203
	Update on sbtest5  (cost=0.43..8.46 rows=0 width=0)
	  ->  Index Scan using sbtest5_pkey on sbtest5  (cost=0.43..8.46 rows=1 width=10)
	        Index Cond: (id = 2738203)

table 6 : explain UPDATE sbtest6 SET k=k+1 WHERE id=8776791
	Update on sbtest6  (cost=0.43..8.46 rows=0 width=0)
	  ->  Index Scan using sbtest6_pkey on sbtest6  (cost=0.43..8.46 rows=1 width=10)
	        Index Cond: (id = 8776791)

table 7 : explain UPDATE sbtest7 SET k=k+1 WHERE id=8721445
	Update on sbtest7  (cost=0.43..8.46 rows=0 width=0)
	  ->  Index Scan using sbtest7_pkey on sbtest7  (cost=0.43..8.46 rows=1 width=10)
	        Index Cond: (id = 8721445)

table 8 : explain UPDATE sbtest8 SET k=k+1 WHERE id=8731279
	Update on sbtest8  (cost=0.43..8.46 rows=0 width=0)
	  ->  Index Scan using sbtest8_pkey on sbtest8  (cost=0.43..8.46 rows=1 width=10)
	        Index Cond: (id = 8731279)

for: sum_ranges
table 1 : explain SELECT SUM(k) FROM sbtest1 WHERE id BETWEEN 6913963 AND 6914062
	Aggregate  (cost=335.93..335.94 rows=1 width=8)
	  ->  Index Scan using sbtest1_pkey on sbtest1  (cost=0.43..335.71 rows=86 width=4)
	        Index Cond: ((id >= 6913963) AND (id <= 6914062))

table 2 : explain SELECT SUM(k) FROM sbtest2 WHERE id BETWEEN 8757288 AND 8757387
	Aggregate  (cost=403.46..403.47 rows=1 width=8)
	  ->  Index Scan using sbtest2_pkey on sbtest2  (cost=0.43..403.20 rows=104 width=4)
	        Index Cond: ((id >= 8757288) AND (id <= 8757387))

table 3 : explain SELECT SUM(k) FROM sbtest3 WHERE id BETWEEN 468132 AND 468231
	Aggregate  (cost=390.71..390.72 rows=1 width=8)
	  ->  Index Scan using sbtest3_pkey on sbtest3  (cost=0.43..390.46 rows=100 width=4)
	        Index Cond: ((id >= 468132) AND (id <= 468231))

table 4 : explain SELECT SUM(k) FROM sbtest4 WHERE id BETWEEN 4239396 AND 4239495
	Aggregate  (cost=395.17..395.18 rows=1 width=8)
	  ->  Index Scan using sbtest4_pkey on sbtest4  (cost=0.43..394.92 rows=101 width=4)
	        Index Cond: ((id >= 4239396) AND (id <= 4239495))

table 5 : explain SELECT SUM(k) FROM sbtest5 WHERE id BETWEEN 734233 AND 734332
	Aggregate  (cost=375.97..375.98 rows=1 width=8)
	  ->  Index Scan using sbtest5_pkey on sbtest5  (cost=0.43..375.72 rows=97 width=4)
	        Index Cond: ((id >= 734233) AND (id <= 734332))

table 6 : explain SELECT SUM(k) FROM sbtest6 WHERE id BETWEEN 3076854 AND 3076953
	Aggregate  (cost=383.69..383.70 rows=1 width=8)
	  ->  Index Scan using sbtest6_pkey on sbtest6  (cost=0.43..383.44 rows=99 width=4)
	        Index Cond: ((id >= 3076854) AND (id <= 3076953))

table 7 : explain SELECT SUM(k) FROM sbtest7 WHERE id BETWEEN 1890445 AND 1890544
	Aggregate  (cost=364.82..364.83 rows=1 width=8)
	  ->  Index Scan using sbtest7_pkey on sbtest7  (cost=0.43..364.58 rows=94 width=4)
	        Index Cond: ((id >= 1890445) AND (id <= 1890544))

table 8 : explain SELECT SUM(k) FROM sbtest8 WHERE id BETWEEN 2586039 AND 2586138
	Aggregate  (cost=411.92..411.93 rows=1 width=8)
	  ->  Index Scan using sbtest8_pkey on sbtest8  (cost=0.43..411.66 rows=106 width=4)
	        Index Cond: ((id >= 2586039) AND (id <= 2586138))

for index_updates
table 1 : explain UPDATE sbtest1 SET k=k+1 WHERE id=2645503
	Update on sbtest1  (cost=0.43..8.46 rows=0 width=0)
	  ->  Index Scan using sbtest1_pkey on sbtest1  (cost=0.43..8.46 rows=1 width=10)
	        Index Cond: (id = 2645503)

table 2 : explain UPDATE sbtest2 SET k=k+1 WHERE id=2622717
	Update on sbtest2  (cost=0.43..8.46 rows=0 width=0)
	  ->  Index Scan using sbtest2_pkey on sbtest2  (cost=0.43..8.46 rows=1 width=10)
	        Index Cond: (id = 2622717)

table 3 : explain UPDATE sbtest3 SET k=k+1 WHERE id=1950789
	Update on sbtest3  (cost=0.43..8.46 rows=0 width=0)
	  ->  Index Scan using sbtest3_pkey on sbtest3  (cost=0.43..8.46 rows=1 width=10)
	        Index Cond: (id = 1950789)

table 4 : explain UPDATE sbtest4 SET k=k+1 WHERE id=7029940
	Update on sbtest4  (cost=0.43..8.46 rows=0 width=0)
	  ->  Index Scan using sbtest4_pkey on sbtest4  (cost=0.43..8.46 rows=1 width=10)
	        Index Cond: (id = 7029940)

table 5 : explain UPDATE sbtest5 SET k=k+1 WHERE id=1467389
	Update on sbtest5  (cost=0.43..8.46 rows=0 width=0)
	  ->  Index Scan using sbtest5_pkey on sbtest5  (cost=0.43..8.46 rows=1 width=10)
	        Index Cond: (id = 1467389)

table 6 : explain UPDATE sbtest6 SET k=k+1 WHERE id=5197077
	Update on sbtest6  (cost=0.43..8.46 rows=0 width=0)
	  ->  Index Scan using sbtest6_pkey on sbtest6  (cost=0.43..8.46 rows=1 width=10)
	        Index Cond: (id = 5197077)

table 7 : explain UPDATE sbtest7 SET k=k+1 WHERE id=7595214
	Update on sbtest7  (cost=0.43..8.46 rows=0 width=0)
	  ->  Index Scan using sbtest7_pkey on sbtest7  (cost=0.43..8.46 rows=1 width=10)
	        Index Cond: (id = 7595214)

table 8 : explain UPDATE sbtest8 SET k=k+1 WHERE id=2440530
	Update on sbtest8  (cost=0.43..8.46 rows=0 width=0)
	  ->  Index Scan using sbtest8_pkey on sbtest8  (cost=0.43..8.46 rows=1 width=10)
	        Index Cond: (id = 2440530)

for point_selects
table 1 : explain SELECT c FROM sbtest1 WHERE id=7723282
	Index Scan using sbtest1_pkey on sbtest1  (cost=0.43..8.45 rows=1 width=121)
	  Index Cond: (id = 7723282)

table 2 : explain SELECT c FROM sbtest2 WHERE id=9242070
	Index Scan using sbtest2_pkey on sbtest2  (cost=0.43..8.45 rows=1 width=121)
	  Index Cond: (id = 9242070)

table 3 : explain SELECT c FROM sbtest3 WHERE id=6108657
	Index Scan using sbtest3_pkey on sbtest3  (cost=0.43..8.45 rows=1 width=121)
	  Index Cond: (id = 6108657)

table 4 : explain SELECT c FROM sbtest4 WHERE id=1758154
	Index Scan using sbtest4_pkey on sbtest4  (cost=0.43..8.45 rows=1 width=121)
	  Index Cond: (id = 1758154)

table 5 : explain SELECT c FROM sbtest5 WHERE id=6536154
	Index Scan using sbtest5_pkey on sbtest5  (cost=0.43..8.45 rows=1 width=121)
	  Index Cond: (id = 6536154)

table 6 : explain SELECT c FROM sbtest6 WHERE id=2059791
	Index Scan using sbtest6_pkey on sbtest6  (cost=0.43..8.45 rows=1 width=121)
	  Index Cond: (id = 2059791)

table 7 : explain SELECT c FROM sbtest7 WHERE id=9217089
	Index Scan using sbtest7_pkey on sbtest7  (cost=0.43..8.45 rows=1 width=121)
	  Index Cond: (id = 9217089)

table 8 : explain SELECT c FROM sbtest8 WHERE id=7967925
	Index Scan using sbtest8_pkey on sbtest8  (cost=0.43..8.45 rows=1 width=121)
	  Index Cond: (id = 7967925)

for point_selects
table 1 : explain SELECT c FROM sbtest1 WHERE id=7646993
	Index Scan using sbtest1_pkey on sbtest1  (cost=0.43..8.45 rows=1 width=121)
	  Index Cond: (id = 7646993)

table 2 : explain SELECT c FROM sbtest2 WHERE id=1240733
	Index Scan using sbtest2_pkey on sbtest2  (cost=0.43..8.45 rows=1 width=121)
	  Index Cond: (id = 1240733)

table 3 : explain SELECT c FROM sbtest3 WHERE id=1120132
	Index Scan using sbtest3_pkey on sbtest3  (cost=0.43..8.45 rows=1 width=121)
	  Index Cond: (id = 1120132)

table 4 : explain SELECT c FROM sbtest4 WHERE id=5179947
	Index Scan using sbtest4_pkey on sbtest4  (cost=0.43..8.45 rows=1 width=121)
	  Index Cond: (id = 5179947)

table 5 : explain SELECT c FROM sbtest5 WHERE id=6879664
	Index Scan using sbtest5_pkey on sbtest5  (cost=0.43..8.45 rows=1 width=121)
	  Index Cond: (id = 6879664)

table 6 : explain SELECT c FROM sbtest6 WHERE id=1038635
	Index Scan using sbtest6_pkey on sbtest6  (cost=0.43..8.45 rows=1 width=121)
	  Index Cond: (id = 1038635)

table 7 : explain SELECT c FROM sbtest7 WHERE id=119524
	Index Scan using sbtest7_pkey on sbtest7  (cost=0.43..8.45 rows=1 width=121)
	  Index Cond: (id = 119524)

table 8 : explain SELECT c FROM sbtest8 WHERE id=8306725
	Index Scan using sbtest8_pkey on sbtest8  (cost=0.43..8.45 rows=1 width=121)
	  Index Cond: (id = 8306725)

for point_selects
table 1 : explain SELECT c FROM sbtest1 WHERE id=157448
	Index Scan using sbtest1_pkey on sbtest1  (cost=0.43..8.45 rows=1 width=121)
	  Index Cond: (id = 157448)

table 2 : explain SELECT c FROM sbtest2 WHERE id=4042641
	Index Scan using sbtest2_pkey on sbtest2  (cost=0.43..8.45 rows=1 width=121)
	  Index Cond: (id = 4042641)

table 3 : explain SELECT c FROM sbtest3 WHERE id=8419109
	Index Scan using sbtest3_pkey on sbtest3  (cost=0.43..8.45 rows=1 width=121)
	  Index Cond: (id = 8419109)

table 4 : explain SELECT c FROM sbtest4 WHERE id=1220654
	Index Scan using sbtest4_pkey on sbtest4  (cost=0.43..8.45 rows=1 width=121)
	  Index Cond: (id = 1220654)

table 5 : explain SELECT c FROM sbtest5 WHERE id=5289394
	Index Scan using sbtest5_pkey on sbtest5  (cost=0.43..8.45 rows=1 width=121)
	  Index Cond: (id = 5289394)

table 6 : explain SELECT c FROM sbtest6 WHERE id=3530664
	Index Scan using sbtest6_pkey on sbtest6  (cost=0.43..8.45 rows=1 width=121)
	  Index Cond: (id = 3530664)

table 7 : explain SELECT c FROM sbtest7 WHERE id=2883354
	Index Scan using sbtest7_pkey on sbtest7  (cost=0.43..8.45 rows=1 width=121)
	  Index Cond: (id = 2883354)

table 8 : explain SELECT c FROM sbtest8 WHERE id=7628066
	Index Scan using sbtest8_pkey on sbtest8  (cost=0.43..8.45 rows=1 width=121)
	  Index Cond: (id = 7628066)

explain: for non_index_updates :: explain UPDATE sbtest%u SET c='foobar' WHERE id=%u
for point_selects
table 1 : explain SELECT c FROM sbtest1 WHERE id=9543241
	Index Scan using sbtest1_pkey on sbtest1  (cost=0.43..8.45 rows=1 width=121)
	  Index Cond: (id = 9543241)

table 2 : explain SELECT c FROM sbtest2 WHERE id=653338
	Index Scan using sbtest2_pkey on sbtest2  (cost=0.43..8.45 rows=1 width=121)
	  Index Cond: (id = 653338)

table 3 : explain SELECT c FROM sbtest3 WHERE id=4898771
	Index Scan using sbtest3_pkey on sbtest3  (cost=0.43..8.45 rows=1 width=121)
	  Index Cond: (id = 4898771)

table 4 : explain SELECT c FROM sbtest4 WHERE id=704803
	Index Scan using sbtest4_pkey on sbtest4  (cost=0.43..8.45 rows=1 width=121)
	  Index Cond: (id = 704803)

table 5 : explain SELECT c FROM sbtest5 WHERE id=9892442
	Index Scan using sbtest5_pkey on sbtest5  (cost=0.43..8.45 rows=1 width=121)
	  Index Cond: (id = 9892442)

table 6 : explain SELECT c FROM sbtest6 WHERE id=8066270
	Index Scan using sbtest6_pkey on sbtest6  (cost=0.43..8.45 rows=1 width=121)
	  Index Cond: (id = 8066270)

table 7 : explain SELECT c FROM sbtest7 WHERE id=3369944
	Index Scan using sbtest7_pkey on sbtest7  (cost=0.43..8.45 rows=1 width=121)
	  Index Cond: (id = 3369944)

table 8 : explain SELECT c FROM sbtest8 WHERE id=1364890
	Index Scan using sbtest8_pkey on sbtest8  (cost=0.43..8.45 rows=1 width=121)
	  Index Cond: (id = 1364890)

for inserts
table 1 : explain INSERT INTO sbtest1 (id, k, c, pad) VALUES (5603816, 13, 'foobar', 'foobar')
	Insert on sbtest1  (cost=0.00..0.01 rows=0 width=0)
	  ->  Result  (cost=0.00..0.01 rows=1 width=736)

table 2 : explain INSERT INTO sbtest2 (id, k, c, pad) VALUES (5315145, 13, 'foobar', 'foobar')
	Insert on sbtest2  (cost=0.00..0.01 rows=0 width=0)
	  ->  Result  (cost=0.00..0.01 rows=1 width=736)

table 3 : explain INSERT INTO sbtest3 (id, k, c, pad) VALUES (5021987, 13, 'foobar', 'foobar')
	Insert on sbtest3  (cost=0.00..0.01 rows=0 width=0)
	  ->  Result  (cost=0.00..0.01 rows=1 width=736)

table 4 : explain INSERT INTO sbtest4 (id, k, c, pad) VALUES (3258389, 13, 'foobar', 'foobar')
	Insert on sbtest4  (cost=0.00..0.01 rows=0 width=0)
	  ->  Result  (cost=0.00..0.01 rows=1 width=736)

table 5 : explain INSERT INTO sbtest5 (id, k, c, pad) VALUES (9851003, 13, 'foobar', 'foobar')
	Insert on sbtest5  (cost=0.00..0.01 rows=0 width=0)
	  ->  Result  (cost=0.00..0.01 rows=1 width=736)

table 6 : explain INSERT INTO sbtest6 (id, k, c, pad) VALUES (9514372, 13, 'foobar', 'foobar')
	Insert on sbtest6  (cost=0.00..0.01 rows=0 width=0)
	  ->  Result  (cost=0.00..0.01 rows=1 width=736)

table 7 : explain INSERT INTO sbtest7 (id, k, c, pad) VALUES (5804168, 13, 'foobar', 'foobar')
	Insert on sbtest7  (cost=0.00..0.01 rows=0 width=0)
	  ->  Result  (cost=0.00..0.01 rows=1 width=736)

table 8 : explain INSERT INTO sbtest8 (id, k, c, pad) VALUES (9408599, 13, 'foobar', 'foobar')
	Insert on sbtest8  (cost=0.00..0.01 rows=0 width=0)
	  ->  Result  (cost=0.00..0.01 rows=1 width=736)

explain: for non_index_updates :: explain UPDATE sbtest%u SET c='foobar' WHERE id=%u
for deletes
table 1 : explain DELETE FROM sbtest1 WHERE id=6803756
	Delete on sbtest1  (cost=0.43..8.45 rows=0 width=0)
	  ->  Index Scan using sbtest1_pkey on sbtest1  (cost=0.43..8.45 rows=1 width=6)
	        Index Cond: (id = 6803756)

table 2 : explain DELETE FROM sbtest2 WHERE id=5379764
	Delete on sbtest2  (cost=0.43..8.45 rows=0 width=0)
	  ->  Index Scan using sbtest2_pkey on sbtest2  (cost=0.43..8.45 rows=1 width=6)
	        Index Cond: (id = 5379764)

table 3 : explain DELETE FROM sbtest3 WHERE id=3430230
	Delete on sbtest3  (cost=0.43..8.45 rows=0 width=0)
	  ->  Index Scan using sbtest3_pkey on sbtest3  (cost=0.43..8.45 rows=1 width=6)
	        Index Cond: (id = 3430230)

table 4 : explain DELETE FROM sbtest4 WHERE id=7141638
	Delete on sbtest4  (cost=0.43..8.45 rows=0 width=0)
	  ->  Index Scan using sbtest4_pkey on sbtest4  (cost=0.43..8.45 rows=1 width=6)
	        Index Cond: (id = 7141638)

table 5 : explain DELETE FROM sbtest5 WHERE id=7923008
	Delete on sbtest5  (cost=0.43..8.45 rows=0 width=0)
	  ->  Index Scan using sbtest5_pkey on sbtest5  (cost=0.43..8.45 rows=1 width=6)
	        Index Cond: (id = 7923008)

table 6 : explain DELETE FROM sbtest6 WHERE id=1619352
	Delete on sbtest6  (cost=0.43..8.45 rows=0 width=0)
	  ->  Index Scan using sbtest6_pkey on sbtest6  (cost=0.43..8.45 rows=1 width=6)
	        Index Cond: (id = 1619352)

table 7 : explain DELETE FROM sbtest7 WHERE id=6249470
	Delete on sbtest7  (cost=0.43..8.45 rows=0 width=0)
	  ->  Index Scan using sbtest7_pkey on sbtest7  (cost=0.43..8.45 rows=1 width=6)
	        Index Cond: (id = 6249470)

table 8 : explain DELETE FROM sbtest8 WHERE id=8411555
	Delete on sbtest8  (cost=0.43..8.45 rows=0 width=0)
	  ->  Index Scan using sbtest8_pkey on sbtest8  (cost=0.43..8.45 rows=1 width=6)
	        Index Cond: (id = 8411555)

for index_updates
table 1 : explain UPDATE sbtest1 SET k=k+1 WHERE id=6268492
	Update on sbtest1  (cost=0.43..8.46 rows=0 width=0)
	  ->  Index Scan using sbtest1_pkey on sbtest1  (cost=0.43..8.46 rows=1 width=10)
	        Index Cond: (id = 6268492)

table 2 : explain UPDATE sbtest2 SET k=k+1 WHERE id=7774585
	Update on sbtest2  (cost=0.43..8.46 rows=0 width=0)
	  ->  Index Scan using sbtest2_pkey on sbtest2  (cost=0.43..8.46 rows=1 width=10)
	        Index Cond: (id = 7774585)

table 3 : explain UPDATE sbtest3 SET k=k+1 WHERE id=3661445
	Update on sbtest3  (cost=0.43..8.46 rows=0 width=0)
	  ->  Index Scan using sbtest3_pkey on sbtest3  (cost=0.43..8.46 rows=1 width=10)
	        Index Cond: (id = 3661445)

table 4 : explain UPDATE sbtest4 SET k=k+1 WHERE id=1301123
	Update on sbtest4  (cost=0.43..8.46 rows=0 width=0)
	  ->  Index Scan using sbtest4_pkey on sbtest4  (cost=0.43..8.46 rows=1 width=10)
	        Index Cond: (id = 1301123)

table 5 : explain UPDATE sbtest5 SET k=k+1 WHERE id=4848444
	Update on sbtest5  (cost=0.43..8.46 rows=0 width=0)
	  ->  Index Scan using sbtest5_pkey on sbtest5  (cost=0.43..8.46 rows=1 width=10)
	        Index Cond: (id = 4848444)

table 6 : explain UPDATE sbtest6 SET k=k+1 WHERE id=2132440
	Update on sbtest6  (cost=0.43..8.46 rows=0 width=0)
	  ->  Index Scan using sbtest6_pkey on sbtest6  (cost=0.43..8.46 rows=1 width=10)
	        Index Cond: (id = 2132440)

table 7 : explain UPDATE sbtest7 SET k=k+1 WHERE id=2420292
	Update on sbtest7  (cost=0.43..8.46 rows=0 width=0)
	  ->  Index Scan using sbtest7_pkey on sbtest7  (cost=0.43..8.46 rows=1 width=10)
	        Index Cond: (id = 2420292)

table 8 : explain UPDATE sbtest8 SET k=k+1 WHERE id=1066417
	Update on sbtest8  (cost=0.43..8.46 rows=0 width=0)
	  ->  Index Scan using sbtest8_pkey on sbtest8  (cost=0.43..8.46 rows=1 width=10)
	        Index Cond: (id = 1066417)

explain: for non_index_updates :: explain UPDATE sbtest%u SET c='foobar' WHERE id=%u
explain: for non_index_updates :: explain UPDATE sbtest%u SET c='foobar' WHERE id=%u
for deletes
table 1 : explain DELETE FROM sbtest1 WHERE id=8631011
	Delete on sbtest1  (cost=0.43..8.45 rows=0 width=0)
	  ->  Index Scan using sbtest1_pkey on sbtest1  (cost=0.43..8.45 rows=1 width=6)
	        Index Cond: (id = 8631011)

table 2 : explain DELETE FROM sbtest2 WHERE id=7955483
	Delete on sbtest2  (cost=0.43..8.45 rows=0 width=0)
	  ->  Index Scan using sbtest2_pkey on sbtest2  (cost=0.43..8.45 rows=1 width=6)
	        Index Cond: (id = 7955483)

table 3 : explain DELETE FROM sbtest3 WHERE id=3400272
	Delete on sbtest3  (cost=0.43..8.45 rows=0 width=0)
	  ->  Index Scan using sbtest3_pkey on sbtest3  (cost=0.43..8.45 rows=1 width=6)
	        Index Cond: (id = 3400272)

table 4 : explain DELETE FROM sbtest4 WHERE id=3529768
	Delete on sbtest4  (cost=0.43..8.45 rows=0 width=0)
	  ->  Index Scan using sbtest4_pkey on sbtest4  (cost=0.43..8.45 rows=1 width=6)
	        Index Cond: (id = 3529768)

table 5 : explain DELETE FROM sbtest5 WHERE id=2158691
	Delete on sbtest5  (cost=0.43..8.45 rows=0 width=0)
	  ->  Index Scan using sbtest5_pkey on sbtest5  (cost=0.43..8.45 rows=1 width=6)
	        Index Cond: (id = 2158691)

table 6 : explain DELETE FROM sbtest6 WHERE id=7995287
	Delete on sbtest6  (cost=0.43..8.45 rows=0 width=0)
	  ->  Index Scan using sbtest6_pkey on sbtest6  (cost=0.43..8.45 rows=1 width=6)
	        Index Cond: (id = 7995287)

table 7 : explain DELETE FROM sbtest7 WHERE id=8632439
	Delete on sbtest7  (cost=0.43..8.45 rows=0 width=0)
	  ->  Index Scan using sbtest7_pkey on sbtest7  (cost=0.43..8.45 rows=1 width=6)
	        Index Cond: (id = 8632439)

table 8 : explain DELETE FROM sbtest8 WHERE id=3939474
	Delete on sbtest8  (cost=0.43..8.45 rows=0 width=0)
	  ->  Index Scan using sbtest8_pkey on sbtest8  (cost=0.43..8.45 rows=1 width=6)
	        Index Cond: (id = 3939474)

explain: for point_selects :: explain SELECT c FROM sbtest%u WHERE id=%u
explain: for inserts :: explain INSERT INTO sbtest%u (id, k, c, pad) VALUES (%u, 13, 'foobar', 'foobar')
for non_index_updates
table 1 : explain UPDATE sbtest1 SET c='foobar' WHERE id=5882155
	Update on sbtest1  (cost=0.43..8.45 rows=0 width=0)
	  ->  Index Scan using sbtest1_pkey on sbtest1  (cost=0.43..8.45 rows=1 width=490)
	        Index Cond: (id = 5882155)

table 2 : explain UPDATE sbtest2 SET c='foobar' WHERE id=6007521
	Update on sbtest2  (cost=0.43..8.45 rows=0 width=0)
	  ->  Index Scan using sbtest2_pkey on sbtest2  (cost=0.43..8.45 rows=1 width=490)
	        Index Cond: (id = 6007521)

table 3 : explain UPDATE sbtest3 SET c='foobar' WHERE id=5079263
	Update on sbtest3  (cost=0.43..8.45 rows=0 width=0)
	  ->  Index Scan using sbtest3_pkey on sbtest3  (cost=0.43..8.45 rows=1 width=490)
	        Index Cond: (id = 5079263)

table 4 : explain UPDATE sbtest4 SET c='foobar' WHERE id=7958818
	Update on sbtest4  (cost=0.43..8.45 rows=0 width=0)
	  ->  Index Scan using sbtest4_pkey on sbtest4  (cost=0.43..8.45 rows=1 width=490)
	        Index Cond: (id = 7958818)

table 5 : explain UPDATE sbtest5 SET c='foobar' WHERE id=6203322
	Update on sbtest5  (cost=0.43..8.45 rows=0 width=0)
	  ->  Index Scan using sbtest5_pkey on sbtest5  (cost=0.43..8.45 rows=1 width=490)
	        Index Cond: (id = 6203322)

table 6 : explain UPDATE sbtest6 SET c='foobar' WHERE id=7075423
	Update on sbtest6  (cost=0.43..8.45 rows=0 width=0)
	  ->  Index Scan using sbtest6_pkey on sbtest6  (cost=0.43..8.45 rows=1 width=490)
	        Index Cond: (id = 7075423)

table 7 : explain UPDATE sbtest7 SET c='foobar' WHERE id=4157917
	Update on sbtest7  (cost=0.43..8.45 rows=0 width=0)
	  ->  Index Scan using sbtest7_pkey on sbtest7  (cost=0.43..8.45 rows=1 width=490)
	        Index Cond: (id = 4157917)

table 8 : explain UPDATE sbtest8 SET c='foobar' WHERE id=5281608
	Update on sbtest8  (cost=0.43..8.45 rows=0 width=0)
	  ->  Index Scan using sbtest8_pkey on sbtest8  (cost=0.43..8.45 rows=1 width=490)
	        Index Cond: (id = 5281608)

for: simple_ranges
table 1 : explain SELECT c FROM sbtest1 WHERE id BETWEEN 3420721 AND 3420820
	Index Scan using sbtest1_pkey on sbtest1  (cost=0.43..397.34 rows=102 width=121)
	  Index Cond: ((id >= 3420721) AND (id <= 3420820))

table 2 : explain SELECT c FROM sbtest2 WHERE id BETWEEN 6455712 AND 6455811
	Index Scan using sbtest2_pkey on sbtest2  (cost=0.43..380.17 rows=98 width=121)
	  Index Cond: ((id >= 6455712) AND (id <= 6455811))

table 3 : explain SELECT c FROM sbtest3 WHERE id BETWEEN 3347171 AND 3347270
	Index Scan using sbtest3_pkey on sbtest3  (cost=0.43..336.45 rows=86 width=121)
	  Index Cond: ((id >= 3347171) AND (id <= 3347270))

table 4 : explain SELECT c FROM sbtest4 WHERE id BETWEEN 8993714 AND 8993813
	Index Scan using sbtest4_pkey on sbtest4  (cost=0.43..387.15 rows=99 width=121)
	  Index Cond: ((id >= 8993714) AND (id <= 8993813))

table 5 : explain SELECT c FROM sbtest5 WHERE id BETWEEN 4643497 AND 4643596
	Index Scan using sbtest5_pkey on sbtest5  (cost=0.43..429.32 rows=111 width=121)
	  Index Cond: ((id >= 4643497) AND (id <= 4643596))

table 6 : explain SELECT c FROM sbtest6 WHERE id BETWEEN 8851001 AND 8851100
	Index Scan using sbtest6_pkey on sbtest6  (cost=0.43..360.49 rows=93 width=121)
	  Index Cond: ((id >= 8851001) AND (id <= 8851100))

table 7 : explain SELECT c FROM sbtest7 WHERE id BETWEEN 4065022 AND 4065121
	Index Scan using sbtest7_pkey on sbtest7  (cost=0.43..376.07 rows=97 width=121)
	  Index Cond: ((id >= 4065022) AND (id <= 4065121))

table 8 : explain SELECT c FROM sbtest8 WHERE id BETWEEN 8525054 AND 8525153
	Index Scan using sbtest8_pkey on sbtest8  (cost=0.43..384.74 rows=99 width=121)
	  Index Cond: ((id >= 8525054) AND (id <= 8525153))

for non_index_updates
table 1 : explain UPDATE sbtest1 SET c='foobar' WHERE id=8189927
	Update on sbtest1  (cost=0.43..8.45 rows=0 width=0)
	  ->  Index Scan using sbtest1_pkey on sbtest1  (cost=0.43..8.45 rows=1 width=490)
	        Index Cond: (id = 8189927)

table 2 : explain UPDATE sbtest2 SET c='foobar' WHERE id=1567758
	Update on sbtest2  (cost=0.43..8.45 rows=0 width=0)
	  ->  Index Scan using sbtest2_pkey on sbtest2  (cost=0.43..8.45 rows=1 width=490)
	        Index Cond: (id = 1567758)

table 3 : explain UPDATE sbtest3 SET c='foobar' WHERE id=337705
	Update on sbtest3  (cost=0.43..8.45 rows=0 width=0)
	  ->  Index Scan using sbtest3_pkey on sbtest3  (cost=0.43..8.45 rows=1 width=490)
	        Index Cond: (id = 337705)

table 4 : explain UPDATE sbtest4 SET c='foobar' WHERE id=4432206
	Update on sbtest4  (cost=0.43..8.45 rows=0 width=0)
	  ->  Index Scan using sbtest4_pkey on sbtest4  (cost=0.43..8.45 rows=1 width=490)
	        Index Cond: (id = 4432206)

table 5 : explain UPDATE sbtest5 SET c='foobar' WHERE id=2140634
	Update on sbtest5  (cost=0.43..8.45 rows=0 width=0)
	  ->  Index Scan using sbtest5_pkey on sbtest5  (cost=0.43..8.45 rows=1 width=490)
	        Index Cond: (id = 2140634)

table 6 : explain UPDATE sbtest6 SET c='foobar' WHERE id=859063
	Update on sbtest6  (cost=0.43..8.45 rows=0 width=0)
	  ->  Index Scan using sbtest6_pkey on sbtest6  (cost=0.43..8.45 rows=1 width=490)
	        Index Cond: (id = 859063)

table 7 : explain UPDATE sbtest7 SET c='foobar' WHERE id=4016027
	Update on sbtest7  (cost=0.43..8.45 rows=0 width=0)
	  ->  Index Scan using sbtest7_pkey on sbtest7  (cost=0.43..8.45 rows=1 width=490)
	        Index Cond: (id = 4016027)

table 8 : explain UPDATE sbtest8 SET c='foobar' WHERE id=8320591
	Update on sbtest8  (cost=0.43..8.45 rows=0 width=0)
	  ->  Index Scan using sbtest8_pkey on sbtest8  (cost=0.43..8.45 rows=1 width=490)
	        Index Cond: (id = 8320591)

for: sum_ranges
table 1 : explain SELECT SUM(k) FROM sbtest1 WHERE id BETWEEN 2275149 AND 2275248
	Aggregate  (cost=382.15..382.16 rows=1 width=8)
	  ->  Index Scan using sbtest1_pkey on sbtest1  (cost=0.43..381.90 rows=98 width=4)
	        Index Cond: ((id >= 2275149) AND (id <= 2275248))

table 2 : explain SELECT SUM(k) FROM sbtest2 WHERE id BETWEEN 4163500 AND 4163599
	Aggregate  (cost=365.08..365.09 rows=1 width=8)
	  ->  Index Scan using sbtest2_pkey on sbtest2  (cost=0.43..364.84 rows=94 width=4)
	        Index Cond: ((id >= 4163500) AND (id <= 4163599))

table 3 : explain SELECT SUM(k) FROM sbtest3 WHERE id BETWEEN 1933981 AND 1934080
	Aggregate  (cost=394.58..394.59 rows=1 width=8)
	  ->  Index Scan using sbtest3_pkey on sbtest3  (cost=0.43..394.32 rows=101 width=4)
	        Index Cond: ((id >= 1933981) AND (id <= 1934080))

table 4 : explain SELECT SUM(k) FROM sbtest4 WHERE id BETWEEN 9602189 AND 9602288
	Aggregate  (cost=383.53..383.54 rows=1 width=8)
	  ->  Index Scan using sbtest4_pkey on sbtest4  (cost=0.43..383.29 rows=98 width=4)
	        Index Cond: ((id >= 9602189) AND (id <= 9602288))

table 5 : explain SELECT SUM(k) FROM sbtest5 WHERE id BETWEEN 2419936 AND 2420035
	Aggregate  (cost=406.63..406.64 rows=1 width=8)
	  ->  Index Scan using sbtest5_pkey on sbtest5  (cost=0.43..406.37 rows=105 width=4)
	        Index Cond: ((id >= 2419936) AND (id <= 2420035))

table 6 : explain SELECT SUM(k) FROM sbtest6 WHERE id BETWEEN 5478310 AND 5478409
	Aggregate  (cost=383.69..383.70 rows=1 width=8)
	  ->  Index Scan using sbtest6_pkey on sbtest6  (cost=0.43..383.44 rows=99 width=4)
	        Index Cond: ((id >= 5478310) AND (id <= 5478409))

table 7 : explain SELECT SUM(k) FROM sbtest7 WHERE id BETWEEN 3980950 AND 3981049
	Aggregate  (cost=391.68..391.69 rows=1 width=8)
	  ->  Index Scan using sbtest7_pkey on sbtest7  (cost=0.43..391.43 rows=101 width=4)
	        Index Cond: ((id >= 3980950) AND (id <= 3981049))

table 8 : explain SELECT SUM(k) FROM sbtest8 WHERE id BETWEEN 675384 AND 675483
	Aggregate  (cost=411.92..411.93 rows=1 width=8)
	  ->  Index Scan using sbtest8_pkey on sbtest8  (cost=0.43..411.66 rows=106 width=4)
	        Index Cond: ((id >= 675384) AND (id <= 675483))

explain: for deletes :: explain DELETE FROM sbtest%u WHERE id=%u
explain: for deletes :: explain DELETE FROM sbtest%u WHERE id=%u
explain: for non_index_updates :: explain UPDATE sbtest%u SET c='foobar' WHERE id=%u
explain: for inserts :: explain INSERT INTO sbtest%u (id, k, c, pad) VALUES (%u, 13, 'foobar', 'foobar')
for deletes
table 1 : explain DELETE FROM sbtest1 WHERE id=5519668
	Delete on sbtest1  (cost=0.43..8.45 rows=0 width=0)
	  ->  Index Scan using sbtest1_pkey on sbtest1  (cost=0.43..8.45 rows=1 width=6)
	        Index Cond: (id = 5519668)

table 2 : explain DELETE FROM sbtest2 WHERE id=3911389
	Delete on sbtest2  (cost=0.43..8.45 rows=0 width=0)
	  ->  Index Scan using sbtest2_pkey on sbtest2  (cost=0.43..8.45 rows=1 width=6)
	        Index Cond: (id = 3911389)

table 3 : explain DELETE FROM sbtest3 WHERE id=1078120
	Delete on sbtest3  (cost=0.43..8.45 rows=0 width=0)
	  ->  Index Scan using sbtest3_pkey on sbtest3  (cost=0.43..8.45 rows=1 width=6)
	        Index Cond: (id = 1078120)

table 4 : explain DELETE FROM sbtest4 WHERE id=4441639
	Delete on sbtest4  (cost=0.43..8.45 rows=0 width=0)
	  ->  Index Scan using sbtest4_pkey on sbtest4  (cost=0.43..8.45 rows=1 width=6)
	        Index Cond: (id = 4441639)

table 5 : explain DELETE FROM sbtest5 WHERE id=9844454
	Delete on sbtest5  (cost=0.43..8.45 rows=0 width=0)
	  ->  Index Scan using sbtest5_pkey on sbtest5  (cost=0.43..8.45 rows=1 width=6)
	        Index Cond: (id = 9844454)

table 6 : explain DELETE FROM sbtest6 WHERE id=1382931
	Delete on sbtest6  (cost=0.43..8.45 rows=0 width=0)
	  ->  Index Scan using sbtest6_pkey on sbtest6  (cost=0.43..8.45 rows=1 width=6)
	        Index Cond: (id = 1382931)

table 7 : explain DELETE FROM sbtest7 WHERE id=3831449
	Delete on sbtest7  (cost=0.43..8.45 rows=0 width=0)
	  ->  Index Scan using sbtest7_pkey on sbtest7  (cost=0.43..8.45 rows=1 width=6)
	        Index Cond: (id = 3831449)

table 8 : explain DELETE FROM sbtest8 WHERE id=7765973
	Delete on sbtest8  (cost=0.43..8.45 rows=0 width=0)
	  ->  Index Scan using sbtest8_pkey on sbtest8  (cost=0.43..8.45 rows=1 width=6)
	        Index Cond: (id = 7765973)

for: sum_ranges
table 1 : explain SELECT SUM(k) FROM sbtest1 WHERE id BETWEEN 5236783 AND 5236882
	Aggregate  (cost=432.26..432.27 rows=1 width=8)
	  ->  Index Scan using sbtest1_pkey on sbtest1  (cost=0.43..431.98 rows=111 width=4)
	        Index Cond: ((id >= 5236783) AND (id <= 5236882))

table 2 : explain SELECT SUM(k) FROM sbtest2 WHERE id BETWEEN 8989140 AND 8989239
	Aggregate  (cost=434.13..434.14 rows=1 width=8)
	  ->  Index Scan using sbtest2_pkey on sbtest2  (cost=0.43..433.85 rows=112 width=4)
	        Index Cond: ((id >= 8989140) AND (id <= 8989239))

table 3 : explain SELECT SUM(k) FROM sbtest3 WHERE id BETWEEN 6626274 AND 6626373
	Aggregate  (cost=406.20..406.21 rows=1 width=8)
	  ->  Index Scan using sbtest3_pkey on sbtest3  (cost=0.43..405.94 rows=104 width=4)
	        Index Cond: ((id >= 6626274) AND (id <= 6626373))

table 4 : explain SELECT SUM(k) FROM sbtest4 WHERE id BETWEEN 2866342 AND 2866441
	Aggregate  (cost=402.90..402.91 rows=1 width=8)
	  ->  Index Scan using sbtest4_pkey on sbtest4  (cost=0.43..402.65 rows=103 width=4)
	        Index Cond: ((id >= 2866342) AND (id <= 2866441))

table 5 : explain SELECT SUM(k) FROM sbtest5 WHERE id BETWEEN 3044707 AND 3044806
	Aggregate  (cost=379.79..379.80 rows=1 width=8)
	  ->  Index Scan using sbtest5_pkey on sbtest5  (cost=0.43..379.55 rows=98 width=4)
	        Index Cond: ((id >= 3044707) AND (id <= 3044806))

table 6 : explain SELECT SUM(k) FROM sbtest6 WHERE id BETWEEN 4321147 AND 4321246
	Aggregate  (cost=429.68..429.69 rows=1 width=8)
	  ->  Index Scan using sbtest6_pkey on sbtest6  (cost=0.43..429.40 rows=111 width=4)
	        Index Cond: ((id >= 4321147) AND (id <= 4321246))

table 7 : explain SELECT SUM(k) FROM sbtest7 WHERE id BETWEEN 6360642 AND 6360741
	Aggregate  (cost=407.00..407.01 rows=1 width=8)
	  ->  Index Scan using sbtest7_pkey on sbtest7  (cost=0.43..406.74 rows=105 width=4)
	        Index Cond: ((id >= 6360642) AND (id <= 6360741))

table 8 : explain SELECT SUM(k) FROM sbtest8 WHERE id BETWEEN 8849910 AND 8850009
	Aggregate  (cost=361.94..361.95 rows=1 width=8)
	  ->  Index Scan using sbtest8_pkey on sbtest8  (cost=0.43..361.71 rows=93 width=4)
	        Index Cond: ((id >= 8849910) AND (id <= 8850009))

explain: for inserts :: explain INSERT INTO sbtest%u (id, k, c, pad) VALUES (%u, 13, 'foobar', 'foobar')
for deletes
table 1 : explain DELETE FROM sbtest1 WHERE id=9261417
	Delete on sbtest1  (cost=0.43..8.45 rows=0 width=0)
	  ->  Index Scan using sbtest1_pkey on sbtest1  (cost=0.43..8.45 rows=1 width=6)
	        Index Cond: (id = 9261417)

table 2 : explain DELETE FROM sbtest2 WHERE id=1540241
	Delete on sbtest2  (cost=0.43..8.45 rows=0 width=0)
	  ->  Index Scan using sbtest2_pkey on sbtest2  (cost=0.43..8.45 rows=1 width=6)
	        Index Cond: (id = 1540241)

table 3 : explain DELETE FROM sbtest3 WHERE id=7839175
	Delete on sbtest3  (cost=0.43..8.45 rows=0 width=0)
	  ->  Index Scan using sbtest3_pkey on sbtest3  (cost=0.43..8.45 rows=1 width=6)
	        Index Cond: (id = 7839175)

table 4 : explain DELETE FROM sbtest4 WHERE id=6998408
	Delete on sbtest4  (cost=0.43..8.45 rows=0 width=0)
	  ->  Index Scan using sbtest4_pkey on sbtest4  (cost=0.43..8.45 rows=1 width=6)
	        Index Cond: (id = 6998408)

table 5 : explain DELETE FROM sbtest5 WHERE id=1091389
	Delete on sbtest5  (cost=0.43..8.45 rows=0 width=0)
	  ->  Index Scan using sbtest5_pkey on sbtest5  (cost=0.43..8.45 rows=1 width=6)
	        Index Cond: (id = 1091389)

table 6 : explain DELETE FROM sbtest6 WHERE id=7326985
	Delete on sbtest6  (cost=0.43..8.45 rows=0 width=0)
	  ->  Index Scan using sbtest6_pkey on sbtest6  (cost=0.43..8.45 rows=1 width=6)
	        Index Cond: (id = 7326985)

table 7 : explain DELETE FROM sbtest7 WHERE id=2001673
	Delete on sbtest7  (cost=0.43..8.45 rows=0 width=0)
	  ->  Index Scan using sbtest7_pkey on sbtest7  (cost=0.43..8.45 rows=1 width=6)
	        Index Cond: (id = 2001673)

table 8 : explain DELETE FROM sbtest8 WHERE id=553348
	Delete on sbtest8  (cost=0.43..8.45 rows=0 width=0)
	  ->  Index Scan using sbtest8_pkey on sbtest8  (cost=0.43..8.45 rows=1 width=6)
	        Index Cond: (id = 553348)

explain: for point_selects :: explain SELECT c FROM sbtest%u WHERE id=%u
for: order_ranges
table 1 : explain SELECT c FROM sbtest1 WHERE id BETWEEN 5535815 AND 5535914 ORDER BY c
	Sort  (cost=427.97..428.25 rows=109 width=121)
	  Sort Key: c
	  ->  Index Scan using sbtest1_pkey on sbtest1  (cost=0.43..424.29 rows=109 width=121)
	        Index Cond: ((id >= 5535815) AND (id <= 5535914))

table 2 : explain SELECT c FROM sbtest2 WHERE id BETWEEN 3670575 AND 3670674 ORDER BY c
	Sort  (cost=352.44..352.67 rows=90 width=121)
	  Sort Key: c
	  ->  Index Scan using sbtest2_pkey on sbtest2  (cost=0.43..349.52 rows=90 width=121)
	        Index Cond: ((id >= 3670575) AND (id <= 3670674))

table 3 : explain SELECT c FROM sbtest3 WHERE id BETWEEN 7982648 AND 7982747 ORDER BY c
	Sort  (cost=374.30..374.53 rows=95 width=121)
	  Sort Key: c
	  ->  Index Scan using sbtest3_pkey on sbtest3  (cost=0.43..371.18 rows=95 width=121)
	        Index Cond: ((id >= 7982648) AND (id <= 7982747))

table 4 : explain SELECT c FROM sbtest4 WHERE id BETWEEN 7046471 AND 7046570 ORDER BY c
	Sort  (cost=417.80..418.07 rows=106 width=121)
	  Sort Key: c
	  ->  Index Scan using sbtest4_pkey on sbtest4  (cost=0.43..414.24 rows=106 width=121)
	        Index Cond: ((id >= 7046471) AND (id <= 7046570))

table 5 : explain SELECT c FROM sbtest5 WHERE id BETWEEN 2394532 AND 2394631 ORDER BY c
	Sort  (cost=409.90..410.16 rows=105 width=121)
	  Sort Key: c
	  ->  Index Scan using sbtest5_pkey on sbtest5  (cost=0.43..406.37 rows=105 width=121)
	        Index Cond: ((id >= 2394532) AND (id <= 2394631))

table 6 : explain SELECT c FROM sbtest6 WHERE id BETWEEN 6086803 AND 6086902 ORDER BY c
	Sort  (cost=371.26..371.50 rows=95 width=121)
	  Sort Key: c
	  ->  Index Scan using sbtest6_pkey on sbtest6  (cost=0.43..368.14 rows=95 width=121)
	        Index Cond: ((id >= 6086803) AND (id <= 6086902))

table 7 : explain SELECT c FROM sbtest7 WHERE id BETWEEN 9447536 AND 9447635 ORDER BY c
	Sort  (cost=383.14..383.38 rows=98 width=121)
	  Sort Key: c
	  ->  Index Scan using sbtest7_pkey on sbtest7  (cost=0.43..379.90 rows=98 width=121)
	        Index Cond: ((id >= 9447536) AND (id <= 9447635))

table 8 : explain SELECT c FROM sbtest8 WHERE id BETWEEN 7500634 AND 7500733 ORDER BY c
	Sort  (cost=411.34..411.60 rows=105 width=121)
	  Sort Key: c
	  ->  Index Scan using sbtest8_pkey on sbtest8  (cost=0.43..407.82 rows=105 width=121)
	        Index Cond: ((id >= 7500634) AND (id <= 7500733))

for inserts
table 1 : explain INSERT INTO sbtest1 (id, k, c, pad) VALUES (8406458, 13, 'foobar', 'foobar')
	Insert on sbtest1  (cost=0.00..0.01 rows=0 width=0)
	  ->  Result  (cost=0.00..0.01 rows=1 width=736)

table 2 : explain INSERT INTO sbtest2 (id, k, c, pad) VALUES (5956931, 13, 'foobar', 'foobar')
	Insert on sbtest2  (cost=0.00..0.01 rows=0 width=0)
	  ->  Result  (cost=0.00..0.01 rows=1 width=736)

table 3 : explain INSERT INTO sbtest3 (id, k, c, pad) VALUES (1612908, 13, 'foobar', 'foobar')
	Insert on sbtest3  (cost=0.00..0.01 rows=0 width=0)
	  ->  Result  (cost=0.00..0.01 rows=1 width=736)

table 4 : explain INSERT INTO sbtest4 (id, k, c, pad) VALUES (807357, 13, 'foobar', 'foobar')
	Insert on sbtest4  (cost=0.00..0.01 rows=0 width=0)
	  ->  Result  (cost=0.00..0.01 rows=1 width=736)

table 5 : explain INSERT INTO sbtest5 (id, k, c, pad) VALUES (5988835, 13, 'foobar', 'foobar')
	Insert on sbtest5  (cost=0.00..0.01 rows=0 width=0)
	  ->  Result  (cost=0.00..0.01 rows=1 width=736)

table 6 : explain INSERT INTO sbtest6 (id, k, c, pad) VALUES (9742815, 13, 'foobar', 'foobar')
	Insert on sbtest6  (cost=0.00..0.01 rows=0 width=0)
	  ->  Result  (cost=0.00..0.01 rows=1 width=736)

table 7 : explain INSERT INTO sbtest7 (id, k, c, pad) VALUES (2947442, 13, 'foobar', 'foobar')
	Insert on sbtest7  (cost=0.00..0.01 rows=0 width=0)
	  ->  Result  (cost=0.00..0.01 rows=1 width=736)

table 8 : explain INSERT INTO sbtest8 (id, k, c, pad) VALUES (4615647, 13, 'foobar', 'foobar')
	Insert on sbtest8  (cost=0.00..0.01 rows=0 width=0)
	  ->  Result  (cost=0.00..0.01 rows=1 width=736)

explain: for point_selects :: explain SELECT c FROM sbtest%u WHERE id=%u
explain: for inserts :: explain INSERT INTO sbtest%u (id, k, c, pad) VALUES (%u, 13, 'foobar', 'foobar')explain: for point_selects :: explain SELECT c FROM sbtest%u WHERE id=%u
for inserts
table 1 : explain INSERT INTO sbtest1 (id, k, c, pad) VALUES (2608255, 13, 'foobar', 'foobar')
	Insert on sbtest1  (cost=0.00..0.01 rows=0 width=0)
	  ->  Result  (cost=0.00..0.01 rows=1 width=736)

table 2 : explain INSERT INTO sbtest2 (id, k, c, pad) VALUES (8870606, 13, 'foobar', 'foobar')
	Insert on sbtest2  (cost=0.00..0.01 rows=0 width=0)
	  ->  Result  (cost=0.00..0.01 rows=1 width=736)

table 3 : explain INSERT INTO sbtest3 (id, k, c, pad) VALUES (4312261, 13, 'foobar', 'foobar')
	Insert on sbtest3  (cost=0.00..0.01 rows=0 width=0)
	  ->  Result  (cost=0.00..0.01 rows=1 width=736)

table 4 : explain INSERT INTO sbtest4 (id, k, c, pad) VALUES (324337, 13, 'foobar', 'foobar')
	Insert on sbtest4  (cost=0.00..0.01 rows=0 width=0)
	  ->  Result  (cost=0.00..0.01 rows=1 width=736)

table 5 : explain INSERT INTO sbtest5 (id, k, c, pad) VALUES (839895, 13, 'foobar', 'foobar')
	Insert on sbtest5  (cost=0.00..0.01 rows=0 width=0)
	  ->  Result  (cost=0.00..0.01 rows=1 width=736)

table 6 : explain INSERT INTO sbtest6 (id, k, c, pad) VALUES (7670793, 13, 'foobar', 'foobar')
	Insert on sbtest6  (cost=0.00..0.01 rows=0 width=0)
	  ->  Result  (cost=0.00..0.01 rows=1 width=736)

table 7 : explain INSERT INTO sbtest7 (id, k, c, pad) VALUES (9087061, 13, 'foobar', 'foobar')
	Insert on sbtest7  (cost=0.00..0.01 rows=0 width=0)
	  ->  Result  (cost=0.00..0.01 rows=1 width=736)

table 8 : explain INSERT INTO sbtest8 (id, k, c, pad) VALUES (2298448, 13, 'foobar', 'foobar')
	Insert on sbtest8  (cost=0.00..0.01 rows=0 width=0)
	  ->  Result  (cost=0.00..0.01 rows=1 width=736)


for non_index_updates
table 1 : explain UPDATE sbtest1 SET c='foobar' WHERE id=9499455
	Update on sbtest1  (cost=0.43..8.45 rows=0 width=0)
	  ->  Index Scan using sbtest1_pkey on sbtest1  (cost=0.43..8.45 rows=1 width=490)
	        Index Cond: (id = 9499455)

table 2 : explain UPDATE sbtest2 SET c='foobar' WHERE id=3179023
	Update on sbtest2  (cost=0.43..8.45 rows=0 width=0)
	  ->  Index Scan using sbtest2_pkey on sbtest2  (cost=0.43..8.45 rows=1 width=490)
	        Index Cond: (id = 3179023)

table 3 : explain UPDATE sbtest3 SET c='foobar' WHERE id=5802065
	Update on sbtest3  (cost=0.43..8.45 rows=0 width=0)
	  ->  Index Scan using sbtest3_pkey on sbtest3  (cost=0.43..8.45 rows=1 width=490)
	        Index Cond: (id = 5802065)

table 4 : explain UPDATE sbtest4 SET c='foobar' WHERE id=4765188
	Update on sbtest4  (cost=0.43..8.45 rows=0 width=0)
	  ->  Index Scan using sbtest4_pkey on sbtest4  (cost=0.43..8.45 rows=1 width=490)
	        Index Cond: (id = 4765188)

table 5 : explain UPDATE sbtest5 SET c='foobar' WHERE id=2881463
	Update on sbtest5  (cost=0.43..8.45 rows=0 width=0)
	  ->  Index Scan using sbtest5_pkey on sbtest5  (cost=0.43..8.45 rows=1 width=490)
	        Index Cond: (id = 2881463)

table 6 : explain UPDATE sbtest6 SET c='foobar' WHERE id=8935175
	Update on sbtest6  (cost=0.43..8.45 rows=0 width=0)
	  ->  Index Scan using sbtest6_pkey on sbtest6  (cost=0.43..8.45 rows=1 width=490)
	        Index Cond: (id = 8935175)

table 7 : explain UPDATE sbtest7 SET c='foobar' WHERE id=21647
	Update on sbtest7  (cost=0.43..8.45 rows=0 width=0)
	  ->  Index Scan using sbtest7_pkey on sbtest7  (cost=0.43..8.45 rows=1 width=490)
	        Index Cond: (id = 21647)

table 8 : explain UPDATE sbtest8 SET c='foobar' WHERE id=5666291
	Update on sbtest8  (cost=0.43..8.45 rows=0 width=0)
	  ->  Index Scan using sbtest8_pkey on sbtest8  (cost=0.43..8.45 rows=1 width=490)
	        Index Cond: (id = 5666291)

for non_index_updates
table 1 : explain UPDATE sbtest1 SET c='foobar' WHERE id=9786772
	Update on sbtest1  (cost=0.43..8.45 rows=0 width=0)
	  ->  Index Scan using sbtest1_pkey on sbtest1  (cost=0.43..8.45 rows=1 width=490)
	        Index Cond: (id = 9786772)

table 2 : explain UPDATE sbtest2 SET c='foobar' WHERE id=4638811
	Update on sbtest2  (cost=0.43..8.45 rows=0 width=0)
	  ->  Index Scan using sbtest2_pkey on sbtest2  (cost=0.43..8.45 rows=1 width=490)
	        Index Cond: (id = 4638811)

table 3 : explain UPDATE sbtest3 SET c='foobar' WHERE id=5917730
	Update on sbtest3  (cost=0.43..8.45 rows=0 width=0)
	  ->  Index Scan using sbtest3_pkey on sbtest3  (cost=0.43..8.45 rows=1 width=490)
	        Index Cond: (id = 5917730)

table 4 : explain UPDATE sbtest4 SET c='foobar' WHERE id=1988069
	Update on sbtest4  (cost=0.43..8.45 rows=0 width=0)
	  ->  Index Scan using sbtest4_pkey on sbtest4  (cost=0.43..8.45 rows=1 width=490)
	        Index Cond: (id = 1988069)

table 5 : explain UPDATE sbtest5 SET c='foobar' WHERE id=1057731
	Update on sbtest5  (cost=0.43..8.45 rows=0 width=0)
	  ->  Index Scan using sbtest5_pkey on sbtest5  (cost=0.43..8.45 rows=1 width=490)
	        Index Cond: (id = 1057731)

table 6 : explain UPDATE sbtest6 SET c='foobar' WHERE id=500316
	Update on sbtest6  (cost=0.43..8.45 rows=0 width=0)
	  ->  Index Scan using sbtest6_pkey on sbtest6  (cost=0.43..8.45 rows=1 width=490)
	        Index Cond: (id = 500316)

table 7 : explain UPDATE sbtest7 SET c='foobar' WHERE id=8642600
	Update on sbtest7  (cost=0.43..8.45 rows=0 width=0)
	  ->  Index Scan using sbtest7_pkey on sbtest7  (cost=0.43..8.45 rows=1 width=490)
	        Index Cond: (id = 8642600)

table 8 : explain UPDATE sbtest8 SET c='foobar' WHERE id=6586785
	Update on sbtest8  (cost=0.43..8.45 rows=0 width=0)
	  ->  Index Scan using sbtest8_pkey on sbtest8  (cost=0.43..8.45 rows=1 width=490)
	        Index Cond: (id = 6586785)

for: sum_ranges
table 1 : explain SELECT SUM(k) FROM sbtest1 WHERE id BETWEEN 811508 AND 811607
	Aggregate  (cost=382.15..382.16 rows=1 width=8)
	  ->  Index Scan using sbtest1_pkey on sbtest1  (cost=0.43..381.90 rows=98 width=4)
	        Index Cond: ((id >= 811508) AND (id <= 811607))

table 2 : explain SELECT SUM(k) FROM sbtest2 WHERE id BETWEEN 8085683 AND 8085782
	Aggregate  (cost=349.74..349.75 rows=1 width=8)
	  ->  Index Scan using sbtest2_pkey on sbtest2  (cost=0.43..349.52 rows=90 width=4)
	        Index Cond: ((id >= 8085683) AND (id <= 8085782))

table 3 : explain SELECT SUM(k) FROM sbtest3 WHERE id BETWEEN 1607296 AND 1607395
	Aggregate  (cost=390.71..390.72 rows=1 width=8)
	  ->  Index Scan using sbtest3_pkey on sbtest3  (cost=0.43..390.46 rows=100 width=4)
	        Index Cond: ((id >= 1607296) AND (id <= 1607395))

table 4 : explain SELECT SUM(k) FROM sbtest4 WHERE id BETWEEN 6092764 AND 6092863
	Aggregate  (cost=391.27..391.28 rows=1 width=8)
	  ->  Index Scan using sbtest4_pkey on sbtest4  (cost=0.43..391.02 rows=100 width=4)
	        Index Cond: ((id >= 6092764) AND (id <= 6092863))

table 5 : explain SELECT SUM(k) FROM sbtest5 WHERE id BETWEEN 7778626 AND 7778725
	Aggregate  (cost=391.33..391.34 rows=1 width=8)
	  ->  Index Scan using sbtest5_pkey on sbtest5  (cost=0.43..391.07 rows=101 width=4)
	        Index Cond: ((id >= 7778626) AND (id <= 7778725))

table 6 : explain SELECT SUM(k) FROM sbtest6 WHERE id BETWEEN 4860780 AND 4860879
	Aggregate  (cost=414.36..414.37 rows=1 width=8)
	  ->  Index Scan using sbtest6_pkey on sbtest6  (cost=0.43..414.10 rows=107 width=4)
	        Index Cond: ((id >= 4860780) AND (id <= 4860879))

table 7 : explain SELECT SUM(k) FROM sbtest7 WHERE id BETWEEN 5807536 AND 5807635
	Aggregate  (cost=372.48..372.49 rows=1 width=8)
	  ->  Index Scan using sbtest7_pkey on sbtest7  (cost=0.43..372.24 rows=96 width=4)
	        Index Cond: ((id >= 5807536) AND (id <= 5807635))

table 8 : explain SELECT SUM(k) FROM sbtest8 WHERE id BETWEEN 9242868 AND 9242967
	Aggregate  (cost=365.78..365.79 rows=1 width=8)
	  ->  Index Scan using sbtest8_pkey on sbtest8  (cost=0.43..365.55 rows=94 width=4)
	        Index Cond: ((id >= 9242868) AND (id <= 9242967))

for: sum_ranges
table 1 : explain SELECT SUM(k) FROM sbtest1 WHERE id BETWEEN 9697106 AND 9697205
	Aggregate  (cost=397.60..397.61 rows=1 width=8)
	  ->  Index Scan using sbtest1_pkey on sbtest1  (cost=0.43..397.34 rows=102 width=4)
	        Index Cond: ((id >= 9697106) AND (id <= 9697205))

table 2 : explain SELECT SUM(k) FROM sbtest2 WHERE id BETWEEN 6840012 AND 6840111
	Aggregate  (cost=399.63..399.64 rows=1 width=8)
	  ->  Index Scan using sbtest2_pkey on sbtest2  (cost=0.43..399.37 rows=103 width=4)
	        Index Cond: ((id >= 6840012) AND (id <= 6840111))

table 3 : explain SELECT SUM(k) FROM sbtest3 WHERE id BETWEEN 6440846 AND 6440945
	Aggregate  (cost=371.41..371.42 rows=1 width=8)
	  ->  Index Scan using sbtest3_pkey on sbtest3  (cost=0.43..371.18 rows=95 width=4)
	        Index Cond: ((id >= 6440846) AND (id <= 6440945))

table 4 : explain SELECT SUM(k) FROM sbtest4 WHERE id BETWEEN 2004769 AND 2004868
	Aggregate  (cost=360.34..360.35 rows=1 width=8)
	  ->  Index Scan using sbtest4_pkey on sbtest4  (cost=0.43..360.11 rows=92 width=4)
	        Index Cond: ((id >= 2004769) AND (id <= 2004868))

table 5 : explain SELECT SUM(k) FROM sbtest5 WHERE id BETWEEN 7652882 AND 7652981
	Aggregate  (cost=379.79..379.80 rows=1 width=8)
	  ->  Index Scan using sbtest5_pkey on sbtest5  (cost=0.43..379.55 rows=98 width=4)
	        Index Cond: ((id >= 7652882) AND (id <= 7652981))

table 6 : explain SELECT SUM(k) FROM sbtest6 WHERE id BETWEEN 9080147 AND 9080246
	Aggregate  (cost=402.88..402.89 rows=1 width=8)
	  ->  Index Scan using sbtest6_pkey on sbtest6  (cost=0.43..402.62 rows=104 width=4)
	        Index Cond: ((id >= 9080147) AND (id <= 9080246))

table 7 : explain SELECT SUM(k) FROM sbtest7 WHERE id BETWEEN 9394986 AND 9395085
	Aggregate  (cost=380.14..380.15 rows=1 width=8)
	  ->  Index Scan using sbtest7_pkey on sbtest7  (cost=0.43..379.90 rows=98 width=4)
	        Index Cond: ((id >= 9394986) AND (id <= 9395085))

table 8 : explain SELECT SUM(k) FROM sbtest8 WHERE id BETWEEN 2582653 AND 2582752
	Aggregate  (cost=411.92..411.93 rows=1 width=8)
	  ->  Index Scan using sbtest8_pkey on sbtest8  (cost=0.43..411.66 rows=106 width=4)
	        Index Cond: ((id >= 2582653) AND (id <= 2582752))

explain: for inserts :: explain INSERT INTO sbtest%u (id, k, c, pad) VALUES (%u, 13, 'foobar', 'foobar')
explain: for point_selects :: explain SELECT c FROM sbtest%u WHERE id=%u
for inserts
table 1 : explain INSERT INTO sbtest1 (id, k, c, pad) VALUES (8536142, 13, 'foobar', 'foobar')
	Insert on sbtest1  (cost=0.00..0.01 rows=0 width=0)
	  ->  Result  (cost=0.00..0.01 rows=1 width=736)

table 2 : explain INSERT INTO sbtest2 (id, k, c, pad) VALUES (1414848, 13, 'foobar', 'foobar')
	Insert on sbtest2  (cost=0.00..0.01 rows=0 width=0)
	  ->  Result  (cost=0.00..0.01 rows=1 width=736)

table 3 : explain INSERT INTO sbtest3 (id, k, c, pad) VALUES (3622532, 13, 'foobar', 'foobar')
	Insert on sbtest3  (cost=0.00..0.01 rows=0 width=0)
	  ->  Result  (cost=0.00..0.01 rows=1 width=736)

table 4 : explain INSERT INTO sbtest4 (id, k, c, pad) VALUES (6933292, 13, 'foobar', 'foobar')
	Insert on sbtest4  (cost=0.00..0.01 rows=0 width=0)
	  ->  Result  (cost=0.00..0.01 rows=1 width=736)

table 5 : explain INSERT INTO sbtest5 (id, k, c, pad) VALUES (5707359, 13, 'foobar', 'foobar')
	Insert on sbtest5  (cost=0.00..0.01 rows=0 width=0)
	  ->  Result  (cost=0.00..0.01 rows=1 width=736)

table 6 : explain INSERT INTO sbtest6 (id, k, c, pad) VALUES (3850739, 13, 'foobar', 'foobar')
	Insert on sbtest6  (cost=0.00..0.01 rows=0 width=0)
	  ->  Result  (cost=0.00..0.01 rows=1 width=736)

table 7 : explain INSERT INTO sbtest7 (id, k, c, pad) VALUES (1212240, 13, 'foobar', 'foobar')
	Insert on sbtest7  (cost=0.00..0.01 rows=0 width=0)
	  ->  Result  (cost=0.00..0.01 rows=1 width=736)

table 8 : explain INSERT INTO sbtest8 (id, k, c, pad) VALUES (231752, 13, 'foobar', 'foobar')
	Insert on sbtest8  (cost=0.00..0.01 rows=0 width=0)
	  ->  Result  (cost=0.00..0.01 rows=1 width=736)

explain: for deletes :: explain DELETE FROM sbtest%u WHERE id=%ufor inserts
table 1 : explain INSERT INTO sbtest1 (id, k, c, pad) VALUES (6858403, 13, 'foobar', 'foobar')
	Insert on sbtest1  (cost=0.00..0.01 rows=0 width=0)
	  ->  Result  (cost=0.00..0.01 rows=1 width=736)

table 2 : explain INSERT INTO sbtest2 (id, k, c, pad) VALUES (8209459, 13, 'foobar', 'foobar')
	Insert on sbtest2  (cost=0.00..0.01 rows=0 width=0)
	  ->  Result  (cost=0.00..0.01 rows=1 width=736)

table 3 : explain INSERT INTO sbtest3 (id, k, c, pad) VALUES (9373609, 13, 'foobar', 'foobar')
	Insert on sbtest3  (cost=0.00..0.01 rows=0 width=0)
	  ->  Result  (cost=0.00..0.01 rows=1 width=736)

table 4 : explain INSERT INTO sbtest4 (id, k, c, pad) VALUES (6633699, 13, 'foobar', 'foobar')
	Insert on sbtest4  (cost=0.00..0.01 rows=0 width=0)
	  ->  Result  (cost=0.00..0.01 rows=1 width=736)

table 5 : explain INSERT INTO sbtest5 (id, k, c, pad) VALUES (523889, 13, 'foobar', 'foobar')
	Insert on sbtest5  (cost=0.00..0.01 rows=0 width=0)
	  ->  Result  (cost=0.00..0.01 rows=1 width=736)

table 6 : explain INSERT INTO sbtest6 (id, k, c, pad) VALUES (6981761, 13, 'foobar', 'foobar')
	Insert on sbtest6  (cost=0.00..0.01 rows=0 width=0)
	  ->  Result  (cost=0.00..0.01 rows=1 width=736)

table 7 : explain INSERT INTO sbtest7 (id, k, c, pad) VALUES (8468571, 13, 'foobar', 'foobar')
	Insert on sbtest7  (cost=0.00..0.01 rows=0 width=0)
	  ->  Result  (cost=0.00..0.01 rows=1 width=736)

table 8 : explain INSERT INTO sbtest8 (id, k, c, pad) VALUES (306605, 13, 'foobar', 'foobar')
	Insert on sbtest8  (cost=0.00..0.01 rows=0 width=0)
	  ->  Result  (cost=0.00..0.01 rows=1 width=736)

explain: for point_selects :: explain SELECT c FROM sbtest%u WHERE id=%u

explain: for point_selects :: explain SELECT c FROM sbtest%u WHERE id=%u
for inserts
table 1 : explain INSERT INTO sbtest1 (id, k, c, pad) VALUES (4429340, 13, 'foobar', 'foobar')
	Insert on sbtest1  (cost=0.00..0.01 rows=0 width=0)
	  ->  Result  (cost=0.00..0.01 rows=1 width=736)

table 2 : explain INSERT INTO sbtest2 (id, k, c, pad) VALUES (8886103, 13, 'foobar', 'foobar')
	Insert on sbtest2  (cost=0.00..0.01 rows=0 width=0)
	  ->  Result  (cost=0.00..0.01 rows=1 width=736)

table 3 : explain INSERT INTO sbtest3 (id, k, c, pad) VALUES (2950254, 13, 'foobar', 'foobar')
	Insert on sbtest3  (cost=0.00..0.01 rows=0 width=0)
	  ->  Result  (cost=0.00..0.01 rows=1 width=736)

table 4 : explain INSERT INTO sbtest4 (id, k, c, pad) VALUES (9005031, 13, 'foobar', 'foobar')
	Insert on sbtest4  (cost=0.00..0.01 rows=0 width=0)
	  ->  Result  (cost=0.00..0.01 rows=1 width=736)

table 5 : explain INSERT INTO sbtest5 (id, k, c, pad) VALUES (5378103, 13, 'foobar', 'foobar')
	Insert on sbtest5  (cost=0.00..0.01 rows=0 width=0)
	  ->  Result  (cost=0.00..0.01 rows=1 width=736)

table 6 : explain INSERT INTO sbtest6 (id, k, c, pad) VALUES (9844180, 13, 'foobar', 'foobar')
	Insert on sbtest6  (cost=0.00..0.01 rows=0 width=0)
	  ->  Result  (cost=0.00..0.01 rows=1 width=736)

table 7 : explain INSERT INTO sbtest7 (id, k, c, pad) VALUES (8564784, 13, 'foobar', 'foobar')
	Insert on sbtest7  (cost=0.00..0.01 rows=0 width=0)
	  ->  Result  (cost=0.00..0.01 rows=1 width=736)

table 8 : explain INSERT INTO sbtest8 (id, k, c, pad) VALUES (9858392, 13, 'foobar', 'foobar')
	Insert on sbtest8  (cost=0.00..0.01 rows=0 width=0)
	  ->  Result  (cost=0.00..0.01 rows=1 width=736)

explain: for deletes :: explain DELETE FROM sbtest%u WHERE id=%u
for deletes
table 1 : explain DELETE FROM sbtest1 WHERE id=3112608
	Delete on sbtest1  (cost=0.43..8.45 rows=0 width=0)
	  ->  Index Scan using sbtest1_pkey on sbtest1  (cost=0.43..8.45 rows=1 width=6)
	        Index Cond: (id = 3112608)

table 2 : explain DELETE FROM sbtest2 WHERE id=9520291
	Delete on sbtest2  (cost=0.43..8.45 rows=0 width=0)
	  ->  Index Scan using sbtest2_pkey on sbtest2  (cost=0.43..8.45 rows=1 width=6)
	        Index Cond: (id = 9520291)

table 3 : explain DELETE FROM sbtest3 WHERE id=3250994
	Delete on sbtest3  (cost=0.43..8.45 rows=0 width=0)
	  ->  Index Scan using sbtest3_pkey on sbtest3  (cost=0.43..8.45 rows=1 width=6)
	        Index Cond: (id = 3250994)

table 4 : explain DELETE FROM sbtest4 WHERE id=658672
	Delete on sbtest4  (cost=0.43..8.45 rows=0 width=0)
	  ->  Index Scan using sbtest4_pkey on sbtest4  (cost=0.43..8.45 rows=1 width=6)
	        Index Cond: (id = 658672)

table 5 : explain DELETE FROM sbtest5 WHERE id=2741669
	Delete on sbtest5  (cost=0.43..8.45 rows=0 width=0)
	  ->  Index Scan using sbtest5_pkey on sbtest5  (cost=0.43..8.45 rows=1 width=6)
	        Index Cond: (id = 2741669)

table 6 : explain DELETE FROM sbtest6 WHERE id=710676
	Delete on sbtest6  (cost=0.43..8.45 rows=0 width=0)
	  ->  Index Scan using sbtest6_pkey on sbtest6  (cost=0.43..8.45 rows=1 width=6)
	        Index Cond: (id = 710676)

table 7 : explain DELETE FROM sbtest7 WHERE id=2351381
	Delete on sbtest7  (cost=0.43..8.45 rows=0 width=0)
	  ->  Index Scan using sbtest7_pkey on sbtest7  (cost=0.43..8.45 rows=1 width=6)
	        Index Cond: (id = 2351381)

table 8 : explain DELETE FROM sbtest8 WHERE id=2659197
	Delete on sbtest8  (cost=0.43..8.45 rows=0 width=0)
	  ->  Index Scan using sbtest8_pkey on sbtest8  (cost=0.43..8.45 rows=1 width=6)
	        Index Cond: (id = 2659197)

for: order_ranges
table 1 : explain SELECT c FROM sbtest1 WHERE id BETWEEN 4355253 AND 4355352 ORDER BY c
	Sort  (cost=385.14..385.39 rows=98 width=121)
	  Sort Key: c
	  ->  Index Scan using sbtest1_pkey on sbtest1  (cost=0.43..381.90 rows=98 width=121)
	        Index Cond: ((id >= 4355253) AND (id <= 4355352))

table 2 : explain SELECT c FROM sbtest2 WHERE id BETWEEN 817424 AND 817523 ORDER BY c
	Sort  (cost=383.41..383.65 rows=98 width=121)
	  Sort Key: c
	  ->  Index Scan using sbtest2_pkey on sbtest2  (cost=0.43..380.17 rows=98 width=121)
	        Index Cond: ((id >= 817424) AND (id <= 817523))

table 3 : explain SELECT c FROM sbtest3 WHERE id BETWEEN 2822871 AND 2822970 ORDER BY c
	Sort  (cost=389.89..390.14 rows=99 width=121)
	  Sort Key: c
	  ->  Index Scan using sbtest3_pkey on sbtest3  (cost=0.43..386.61 rows=99 width=121)
	        Index Cond: ((id >= 2822871) AND (id <= 2822970))

table 4 : explain SELECT c FROM sbtest4 WHERE id BETWEEN 8483978 AND 8484077 ORDER BY c
	Sort  (cost=445.13..445.42 rows=113 width=121)
	  Sort Key: c
	  ->  Index Scan using sbtest4_pkey on sbtest4  (cost=0.43..441.28 rows=113 width=121)
	        Index Cond: ((id >= 8483978) AND (id <= 8484077))

table 5 : explain SELECT c FROM sbtest5 WHERE id BETWEEN 1051804 AND 1051903 ORDER BY c
	Sort  (cost=375.06..375.30 rows=96 width=121)
	  Sort Key: c
	  ->  Index Scan using sbtest5_pkey on sbtest5  (cost=0.43..371.90 rows=96 width=121)
	        Index Cond: ((id >= 1051804) AND (id <= 1051903))

table 6 : explain SELECT c FROM sbtest6 WHERE id BETWEEN 3643501 AND 3643600 ORDER BY c
	Sort  (cost=386.73..386.97 rows=99 width=121)
	  Sort Key: c
	  ->  Index Scan using sbtest6_pkey on sbtest6  (cost=0.43..383.44 rows=99 width=121)
	        Index Cond: ((id >= 3643501) AND (id <= 3643600))

table 7 : explain SELECT c FROM sbtest7 WHERE id BETWEEN 44601 AND 44700 ORDER BY c
	Sort  (cost=359.93..360.16 rows=92 width=121)
	  Sort Key: c
	  ->  Index Scan using sbtest7_pkey on sbtest7  (cost=0.43..356.93 rows=92 width=121)
	        Index Cond: ((id >= 44601) AND (id <= 44700))

table 8 : explain SELECT c FROM sbtest8 WHERE id BETWEEN 4185258 AND 4185357 ORDER BY c
	Sort  (cost=411.34..411.60 rows=105 width=121)
	  Sort Key: c
	  ->  Index Scan using sbtest8_pkey on sbtest8  (cost=0.43..407.82 rows=105 width=121)
	        Index Cond: ((id >= 4185258) AND (id <= 4185357))

for: order_ranges
table 1 : explain SELECT c FROM sbtest1 WHERE id BETWEEN 9831771 AND 9831870 ORDER BY c
	Sort  (cost=439.64..439.92 rows=112 width=121)
	  Sort Key: c
	  ->  Index Scan using sbtest1_pkey on sbtest1  (cost=0.43..435.83 rows=112 width=121)
	        Index Cond: ((id >= 9831771) AND (id <= 9831870))

table 2 : explain SELECT c FROM sbtest2 WHERE id BETWEEN 1515109 AND 1515208 ORDER BY c
	Sort  (cost=398.94..399.20 rows=102 width=121)
	  Sort Key: c
	  ->  Index Scan using sbtest2_pkey on sbtest2  (cost=0.43..395.54 rows=102 width=121)
	        Index Cond: ((id >= 1515109) AND (id <= 1515208))

table 3 : explain SELECT c FROM sbtest3 WHERE id BETWEEN 9678174 AND 9678273 ORDER BY c
	Sort  (cost=382.09..382.33 rows=97 width=121)
	  Sort Key: c
	  ->  Index Scan using sbtest3_pkey on sbtest3  (cost=0.43..378.89 rows=97 width=121)
	        Index Cond: ((id >= 9678174) AND (id <= 9678273))

table 4 : explain SELECT c FROM sbtest4 WHERE id BETWEEN 3830106 AND 3830205 ORDER BY c
	Sort  (cost=402.19..402.44 rows=102 width=121)
	  Sort Key: c
	  ->  Index Scan using sbtest4_pkey on sbtest4  (cost=0.43..398.78 rows=102 width=121)
	        Index Cond: ((id >= 3830106) AND (id <= 3830205))

table 5 : explain SELECT c FROM sbtest5 WHERE id BETWEEN 1068006 AND 1068105 ORDER BY c
	Sort  (cost=375.06..375.30 rows=96 width=121)
	  Sort Key: c
	  ->  Index Scan using sbtest5_pkey on sbtest5  (cost=0.43..371.90 rows=96 width=121)
	        Index Cond: ((id >= 1068006) AND (id <= 1068105))

table 6 : explain SELECT c FROM sbtest6 WHERE id BETWEEN 3501727 AND 3501826 ORDER BY c
	Sort  (cost=390.59..390.84 rows=100 width=121)
	  Sort Key: c
	  ->  Index Scan using sbtest6_pkey on sbtest6  (cost=0.43..387.27 rows=100 width=121)
	        Index Cond: ((id >= 3501727) AND (id <= 3501826))

table 7 : explain SELECT c FROM sbtest7 WHERE id BETWEEN 363659 AND 363758 ORDER BY c
	Sort  (cost=363.80..364.03 rows=93 width=121)
	  Sort Key: c
	  ->  Index Scan using sbtest7_pkey on sbtest7  (cost=0.43..360.75 rows=93 width=121)
	        Index Cond: ((id >= 363659) AND (id <= 363758))

table 8 : explain SELECT c FROM sbtest8 WHERE id BETWEEN 3684961 AND 3685060 ORDER BY c
	Sort  (cost=407.46..407.72 rows=104 width=121)
	  Sort Key: c
	  ->  Index Scan using sbtest8_pkey on sbtest8  (cost=0.43..403.98 rows=104 width=121)
	        Index Cond: ((id >= 3684961) AND (id <= 3685060))

explain: for inserts :: explain INSERT INTO sbtest%u (id, k, c, pad) VALUES (%u, 13, 'foobar', 'foobar')
explain: for point_selects :: explain SELECT c FROM sbtest%u WHERE id=%u
for point_selects
table 1 : explain SELECT c FROM sbtest1 WHERE id=5771195
	Index Scan using sbtest1_pkey on sbtest1  (cost=0.43..8.45 rows=1 width=121)
	  Index Cond: (id = 5771195)

table 2 : explain SELECT c FROM sbtest2 WHERE id=8302893
	Index Scan using sbtest2_pkey on sbtest2  (cost=0.43..8.45 rows=1 width=121)
	  Index Cond: (id = 8302893)

table 3 : explain SELECT c FROM sbtest3 WHERE id=7649834
	Index Scan using sbtest3_pkey on sbtest3  (cost=0.43..8.45 rows=1 width=121)
	  Index Cond: (id = 7649834)

table 4 : explain SELECT c FROM sbtest4 WHERE id=3468744
	Index Scan using sbtest4_pkey on sbtest4  (cost=0.43..8.45 rows=1 width=121)
	  Index Cond: (id = 3468744)

table 5 : explain SELECT c FROM sbtest5 WHERE id=7962335
	Index Scan using sbtest5_pkey on sbtest5  (cost=0.43..8.45 rows=1 width=121)
	  Index Cond: (id = 7962335)

table 6 : explain SELECT c FROM sbtest6 WHERE id=9853258
	Index Scan using sbtest6_pkey on sbtest6  (cost=0.43..8.45 rows=1 width=121)
	  Index Cond: (id = 9853258)

table 7 : explain SELECT c FROM sbtest7 WHERE id=3235334
	Index Scan using sbtest7_pkey on sbtest7  (cost=0.43..8.45 rows=1 width=121)
	  Index Cond: (id = 3235334)

table 8 : explain SELECT c FROM sbtest8 WHERE id=9366882
	Index Scan using sbtest8_pkey on sbtest8  (cost=0.43..8.45 rows=1 width=121)
	  Index Cond: (id = 9366882)

for inserts
table 1 : explain INSERT INTO sbtest1 (id, k, c, pad) VALUES (8927634, 13, 'foobar', 'foobar')
	Insert on sbtest1  (cost=0.00..0.01 rows=0 width=0)
	  ->  Result  (cost=0.00..0.01 rows=1 width=736)

table 2 : explain INSERT INTO sbtest2 (id, k, c, pad) VALUES (3964531, 13, 'foobar', 'foobar')
	Insert on sbtest2  (cost=0.00..0.01 rows=0 width=0)
	  ->  Result  (cost=0.00..0.01 rows=1 width=736)

table 3 : explain INSERT INTO sbtest3 (id, k, c, pad) VALUES (1861553, 13, 'foobar', 'foobar')
	Insert on sbtest3  (cost=0.00..0.01 rows=0 width=0)
	  ->  Result  (cost=0.00..0.01 rows=1 width=736)

table 4 : explain INSERT INTO sbtest4 (id, k, c, pad) VALUES (9175380, 13, 'foobar', 'foobar')
	Insert on sbtest4  (cost=0.00..0.01 rows=0 width=0)
	  ->  Result  (cost=0.00..0.01 rows=1 width=736)

table 5 : explain INSERT INTO sbtest5 (id, k, c, pad) VALUES (973397, 13, 'foobar', 'foobar')
	Insert on sbtest5  (cost=0.00..0.01 rows=0 width=0)
	  ->  Result  (cost=0.00..0.01 rows=1 width=736)

table 6 : explain INSERT INTO sbtest6 (id, k, c, pad) VALUES (4210796, 13, 'foobar', 'foobar')
	Insert on sbtest6  (cost=0.00..0.01 rows=0 width=0)
	  ->  Result  (cost=0.00..0.01 rows=1 width=736)

table 7 : explain INSERT INTO sbtest7 (id, k, c, pad) VALUES (7833604, 13, 'foobar', 'foobar')
	Insert on sbtest7  (cost=0.00..0.01 rows=0 width=0)
	  ->  Result  (cost=0.00..0.01 rows=1 width=736)

table 8 : explain INSERT INTO sbtest8 (id, k, c, pad) VALUES (1876398, 13, 'foobar', 'foobar')
	Insert on sbtest8  (cost=0.00..0.01 rows=0 width=0)
	  ->  Result  (cost=0.00..0.01 rows=1 width=736)

for: distinct_ranges
table 1 : explain SELECT DISTINCT c FROM sbtest1 WHERE id BETWEEN 2174670 AND 2174769 ORDER BY c
	Unique  (cost=385.14..385.63 rows=98 width=121)
	  ->  Sort  (cost=385.14..385.39 rows=98 width=121)
	        Sort Key: c
	        ->  Index Scan using sbtest1_pkey on sbtest1  (cost=0.43..381.90 rows=98 width=121)
	              Index Cond: ((id >= 2174670) AND (id <= 2174769))

table 2 : explain SELECT DISTINCT c FROM sbtest2 WHERE id BETWEEN 3698695 AND 3698794 ORDER BY c
	Unique  (cost=391.20..391.70 rows=100 width=121)
	  ->  Sort  (cost=391.20..391.45 rows=100 width=121)
	        Sort Key: c
	        ->  Index Scan using sbtest2_pkey on sbtest2  (cost=0.43..387.88 rows=100 width=121)
	              Index Cond: ((id >= 3698695) AND (id <= 3698794))

table 3 : explain SELECT DISTINCT c FROM sbtest3 WHERE id BETWEEN 4193313 AND 4193412 ORDER BY c
	Unique  (cost=393.79..394.29 rows=100 width=121)
	  ->  Sort  (cost=393.79..394.04 rows=100 width=121)
	        Sort Key: c
	        ->  Index Scan using sbtest3_pkey on sbtest3  (cost=0.43..390.46 rows=100 width=121)
	              Index Cond: ((id >= 4193313) AND (id <= 4193412))

table 4 : explain SELECT DISTINCT c FROM sbtest4 WHERE id BETWEEN 9903959 AND 9904058 ORDER BY c
	Unique  (cost=386.53..387.02 rows=98 width=121)
	  ->  Sort  (cost=386.53..386.78 rows=98 width=121)
	        Sort Key: c
	        ->  Index Scan using sbtest4_pkey on sbtest4  (cost=0.43..383.29 rows=98 width=121)
	              Index Cond: ((id >= 9903959) AND (id <= 9904058))

table 5 : explain SELECT DISTINCT c FROM sbtest5 WHERE id BETWEEN 9042820 AND 9042919 ORDER BY c
	Unique  (cost=382.79..383.28 rows=98 width=121)
	  ->  Sort  (cost=382.79..383.04 rows=98 width=121)
	        Sort Key: c
	        ->  Index Scan using sbtest5_pkey on sbtest5  (cost=0.43..379.55 rows=98 width=121)
	              Index Cond: ((id >= 9042820) AND (id <= 9042919))

table 6 : explain SELECT DISTINCT c FROM sbtest6 WHERE id BETWEEN 8593568 AND 8593667 ORDER BY c
	Unique  (cost=382.86..383.35 rows=98 width=121)
	  ->  Sort  (cost=382.86..383.11 rows=98 width=121)
	        Sort Key: c
	        ->  Index Scan using sbtest6_pkey on sbtest6  (cost=0.43..379.62 rows=98 width=121)
	              Index Cond: ((id >= 8593568) AND (id <= 8593667))

table 7 : explain SELECT DISTINCT c FROM sbtest7 WHERE id BETWEEN 2707395 AND 2707494 ORDER BY c
	Unique  (cost=367.66..368.13 rows=94 width=121)
	  ->  Sort  (cost=367.66..367.90 rows=94 width=121)
	        Sort Key: c
	        ->  Index Scan using sbtest7_pkey on sbtest7  (cost=0.43..364.58 rows=94 width=121)
	              Index Cond: ((id >= 2707395) AND (id <= 2707494))

table 8 : explain SELECT DISTINCT c FROM sbtest8 WHERE id BETWEEN 2106822 AND 2106921 ORDER BY c
	Unique  (cost=391.95..392.45 rows=100 width=121)
	  ->  Sort  (cost=391.95..392.20 rows=100 width=121)
	        Sort Key: c
	        ->  Index Scan using sbtest8_pkey on sbtest8  (cost=0.43..388.62 rows=100 width=121)
	              Index Cond: ((id >= 2106822) AND (id <= 2106921))

explain: for point_selects :: explain SELECT c FROM sbtest%u WHERE id=%u
for point_selects
table 1 : explain SELECT c FROM sbtest1 WHERE id=5302462
	Index Scan using sbtest1_pkey on sbtest1  (cost=0.43..8.45 rows=1 width=121)
	  Index Cond: (id = 5302462)

table 2 : explain SELECT c FROM sbtest2 WHERE id=4730997
	Index Scan using sbtest2_pkey on sbtest2  (cost=0.43..8.45 rows=1 width=121)
	  Index Cond: (id = 4730997)

table 3 : explain SELECT c FROM sbtest3 WHERE id=1155553
	Index Scan using sbtest3_pkey on sbtest3  (cost=0.43..8.45 rows=1 width=121)
	  Index Cond: (id = 1155553)

table 4 : explain SELECT c FROM sbtest4 WHERE id=9161563
	Index Scan using sbtest4_pkey on sbtest4  (cost=0.43..8.45 rows=1 width=121)
	  Index Cond: (id = 9161563)

table 5 : explain SELECT c FROM sbtest5 WHERE id=706607
	Index Scan using sbtest5_pkey on sbtest5  (cost=0.43..8.45 rows=1 width=121)
	  Index Cond: (id = 706607)

table 6 : explain SELECT c FROM sbtest6 WHERE id=6883921
	Index Scan using sbtest6_pkey on sbtest6  (cost=0.43..8.45 rows=1 width=121)
	  Index Cond: (id = 6883921)

table 7 : explain SELECT c FROM sbtest7 WHERE id=4571298
	Index Scan using sbtest7_pkey on sbtest7  (cost=0.43..8.45 rows=1 width=121)
	  Index Cond: (id = 4571298)

table 8 : explain SELECT c FROM sbtest8 WHERE id=582907
	Index Scan using sbtest8_pkey on sbtest8  (cost=0.43..8.45 rows=1 width=121)
	  Index Cond: (id = 582907)

explain: for point_selects :: explain SELECT c FROM sbtest%u WHERE id=%u
for point_selects
table 1 : explain SELECT c FROM sbtest1 WHERE id=6383111
	Index Scan using sbtest1_pkey on sbtest1  (cost=0.43..8.45 rows=1 width=121)
	  Index Cond: (id = 6383111)

table 2 : explain SELECT c FROM sbtest2 WHERE id=4350971
	Index Scan using sbtest2_pkey on sbtest2  (cost=0.43..8.45 rows=1 width=121)
	  Index Cond: (id = 4350971)

table 3 : explain SELECT c FROM sbtest3 WHERE id=9792618
	Index Scan using sbtest3_pkey on sbtest3  (cost=0.43..8.45 rows=1 width=121)
	  Index Cond: (id = 9792618)

table 4 : explain SELECT c FROM sbtest4 WHERE id=8076736
	Index Scan using sbtest4_pkey on sbtest4  (cost=0.43..8.45 rows=1 width=121)
	  Index Cond: (id = 8076736)

table 5 : explain SELECT c FROM sbtest5 WHERE id=9413013
	Index Scan using sbtest5_pkey on sbtest5  (cost=0.43..8.45 rows=1 width=121)
	  Index Cond: (id = 9413013)

table 6 : explain SELECT c FROM sbtest6 WHERE id=5225821
	Index Scan using sbtest6_pkey on sbtest6  (cost=0.43..8.45 rows=1 width=121)
	  Index Cond: (id = 5225821)

table 7 : explain SELECT c FROM sbtest7 WHERE id=2048899
	Index Scan using sbtest7_pkey on sbtest7  (cost=0.43..8.45 rows=1 width=121)
	  Index Cond: (id = 2048899)

table 8 : explain SELECT c FROM sbtest8 WHERE id=803418
	Index Scan using sbtest8_pkey on sbtest8  (cost=0.43..8.45 rows=1 width=121)
	  Index Cond: (id = 803418)

for: order_ranges
table 1 : explain SELECT c FROM sbtest1 WHERE id BETWEEN 6860335 AND 6860434 ORDER BY c
	Sort  (cost=338.48..338.69 rows=86 width=121)
	  Sort Key: c
	  ->  Index Scan using sbtest1_pkey on sbtest1  (cost=0.43..335.71 rows=86 width=121)
	        Index Cond: ((id >= 6860335) AND (id <= 6860434))

table 2 : explain SELECT c FROM sbtest2 WHERE id BETWEEN 9404472 AND 9404571 ORDER BY c
	Sort  (cost=379.54..379.78 rows=97 width=121)
	  Sort Key: c
	  ->  Index Scan using sbtest2_pkey on sbtest2  (cost=0.43..376.34 rows=97 width=121)
	        Index Cond: ((id >= 9404472) AND (id <= 9404571))

table 3 : explain SELECT c FROM sbtest3 WHERE id BETWEEN 8427508 AND 8427607 ORDER BY c
	Sort  (cost=397.69..397.94 rows=101 width=121)
	  Sort Key: c
	  ->  Index Scan using sbtest3_pkey on sbtest3  (cost=0.43..394.32 rows=101 width=121)
	        Index Cond: ((id >= 8427508) AND (id <= 8427607))

table 4 : explain SELECT c FROM sbtest4 WHERE id BETWEEN 6731262 AND 6731361 ORDER BY c
	Sort  (cost=359.21..359.43 rows=91 width=121)
	  Sort Key: c
	  ->  Index Scan using sbtest4_pkey on sbtest4  (cost=0.43..356.25 rows=91 width=121)
	        Index Cond: ((id >= 6731262) AND (id <= 6731361))

table 5 : explain SELECT c FROM sbtest5 WHERE id BETWEEN 5440463 AND 5440562 ORDER BY c
	Sort  (cost=363.47..363.70 rows=93 width=121)
	  Sort Key: c
	  ->  Index Scan using sbtest5_pkey on sbtest5  (cost=0.43..360.43 rows=93 width=121)
	        Index Cond: ((id >= 5440463) AND (id <= 5440562))

table 6 : explain SELECT c FROM sbtest6 WHERE id BETWEEN 748952 AND 749051 ORDER BY c
	Sort  (cost=406.10..406.36 rows=104 width=121)
	  Sort Key: c
	  ->  Index Scan using sbtest6_pkey on sbtest6  (cost=0.43..402.62 rows=104 width=121)
	        Index Cond: ((id >= 748952) AND (id <= 749051))

table 7 : explain SELECT c FROM sbtest7 WHERE id BETWEEN 7971171 AND 7971270 ORDER BY c
	Sort  (cost=383.14..383.38 rows=98 width=121)
	  Sort Key: c
	  ->  Index Scan using sbtest7_pkey on sbtest7  (cost=0.43..379.90 rows=98 width=121)
	        Index Cond: ((id >= 7971171) AND (id <= 7971270))

table 8 : explain SELECT c FROM sbtest8 WHERE id BETWEEN 4999530 AND 4999629 ORDER BY c
	Sort  (cost=372.51..372.74 rows=95 width=121)
	  Sort Key: c
	  ->  Index Scan using sbtest8_pkey on sbtest8  (cost=0.43..369.38 rows=95 width=121)
	        Index Cond: ((id >= 4999530) AND (id <= 4999629))

for deletes
table 1 : explain DELETE FROM sbtest1 WHERE id=8556304
	Delete on sbtest1  (cost=0.43..8.45 rows=0 width=0)
	  ->  Index Scan using sbtest1_pkey on sbtest1  (cost=0.43..8.45 rows=1 width=6)
	        Index Cond: (id = 8556304)

table 2 : explain DELETE FROM sbtest2 WHERE id=2923945
	Delete on sbtest2  (cost=0.43..8.45 rows=0 width=0)
	  ->  Index Scan using sbtest2_pkey on sbtest2  (cost=0.43..8.45 rows=1 width=6)
	        Index Cond: (id = 2923945)

table 3 : explain DELETE FROM sbtest3 WHERE id=4972481
	Delete on sbtest3  (cost=0.43..8.45 rows=0 width=0)
	  ->  Index Scan using sbtest3_pkey on sbtest3  (cost=0.43..8.45 rows=1 width=6)
	        Index Cond: (id = 4972481)

table 4 : explain DELETE FROM sbtest4 WHERE id=7842959
	Delete on sbtest4  (cost=0.43..8.45 rows=0 width=0)
	  ->  Index Scan using sbtest4_pkey on sbtest4  (cost=0.43..8.45 rows=1 width=6)
	        Index Cond: (id = 7842959)

table 5 : explain DELETE FROM sbtest5 WHERE id=9473864
	Delete on sbtest5  (cost=0.43..8.45 rows=0 width=0)
	  ->  Index Scan using sbtest5_pkey on sbtest5  (cost=0.43..8.45 rows=1 width=6)
	        Index Cond: (id = 9473864)

table 6 : explain DELETE FROM sbtest6 WHERE id=9912236
	Delete on sbtest6  (cost=0.43..8.45 rows=0 width=0)
	  ->  Index Scan using sbtest6_pkey on sbtest6  (cost=0.43..8.45 rows=1 width=6)
	        Index Cond: (id = 9912236)

table 7 : explain DELETE FROM sbtest7 WHERE id=5311074
	Delete on sbtest7  (cost=0.43..8.45 rows=0 width=0)
	  ->  Index Scan using sbtest7_pkey on sbtest7  (cost=0.43..8.45 rows=1 width=6)
	        Index Cond: (id = 5311074)

table 8 : explain DELETE FROM sbtest8 WHERE id=5949768
	Delete on sbtest8  (cost=0.43..8.45 rows=0 width=0)
	  ->  Index Scan using sbtest8_pkey on sbtest8  (cost=0.43..8.45 rows=1 width=6)
	        Index Cond: (id = 5949768)

explain: for index_updates :: explain UPDATE sbtest%u SET k=k+1 WHERE id=%u
explain: for point_selects :: explain SELECT c FROM sbtest%u WHERE id=%u
for: distinct_ranges
table 1 : explain SELECT DISTINCT c FROM sbtest1 WHERE id BETWEEN 5459963 AND 5460062 ORDER BY c
	Unique  (cost=412.41..412.94 rows=105 width=121)
	  ->  Sort  (cost=412.41..412.68 rows=105 width=121)
	        Sort Key: c
	        ->  Index Scan using sbtest1_pkey on sbtest1  (cost=0.43..408.89 rows=105 width=121)
	              Index Cond: ((id >= 5459963) AND (id <= 5460062))

table 2 : explain SELECT DISTINCT c FROM sbtest2 WHERE id BETWEEN 9570828 AND 9570927 ORDER BY c
	Unique  (cost=379.54..380.02 rows=97 width=121)
	  ->  Sort  (cost=379.54..379.78 rows=97 width=121)
	        Sort Key: c
	        ->  Index Scan using sbtest2_pkey on sbtest2  (cost=0.43..376.34 rows=97 width=121)
	              Index Cond: ((id >= 9570828) AND (id <= 9570927))

table 3 : explain SELECT DISTINCT c FROM sbtest3 WHERE id BETWEEN 7726040 AND 7726139 ORDER BY c
	Unique  (cost=436.71..437.27 rows=111 width=121)
	  ->  Sort  (cost=436.71..436.99 rows=111 width=121)
	        Sort Key: c
	        ->  Index Scan using sbtest3_pkey on sbtest3  (cost=0.43..432.94 rows=111 width=121)
	              Index Cond: ((id >= 7726040) AND (id <= 7726139))

table 4 : explain SELECT DISTINCT c FROM sbtest4 WHERE id BETWEEN 1289993 AND 1290092 ORDER BY c
	Unique  (cost=378.72..379.20 rows=96 width=121)
	  ->  Sort  (cost=378.72..378.96 rows=96 width=121)
	        Sort Key: c
	        ->  Index Scan using sbtest4_pkey on sbtest4  (cost=0.43..375.56 rows=96 width=121)
	              Index Cond: ((id >= 1289993) AND (id <= 1290092))

table 5 : explain SELECT DISTINCT c FROM sbtest5 WHERE id BETWEEN 5300429 AND 5300528 ORDER BY c
	Unique  (cost=394.43..394.94 rows=101 width=121)
	  ->  Sort  (cost=394.43..394.69 rows=101 width=121)
	        Sort Key: c
	        ->  Index Scan using sbtest5_pkey on sbtest5  (cost=0.43..391.07 rows=101 width=121)
	              Index Cond: ((id >= 5300429) AND (id <= 5300528))

table 6 : explain SELECT DISTINCT c FROM sbtest6 WHERE id BETWEEN 1651547 AND 1651646 ORDER BY c
	Unique  (cost=394.51..395.01 rows=101 width=121)
	  ->  Sort  (cost=394.51..394.76 rows=101 width=121)
	        Sort Key: c
	        ->  Index Scan using sbtest6_pkey on sbtest6  (cost=0.43..391.14 rows=101 width=121)
	              Index Cond: ((id >= 1651547) AND (id <= 1651646))

table 7 : explain SELECT DISTINCT c FROM sbtest7 WHERE id BETWEEN 604407 AND 604506 ORDER BY c
	Unique  (cost=402.53..403.04 rows=103 width=121)
	  ->  Sort  (cost=402.53..402.79 rows=103 width=121)
	        Sort Key: c
	        ->  Index Scan using sbtest7_pkey on sbtest7  (cost=0.43..399.09 rows=103 width=121)
	              Index Cond: ((id >= 604407) AND (id <= 604506))

table 8 : explain SELECT DISTINCT c FROM sbtest8 WHERE id BETWEEN 8202456 AND 8202555 ORDER BY c
	Unique  (cost=395.82..396.33 rows=101 width=121)
	  ->  Sort  (cost=395.82..396.08 rows=101 width=121)
	        Sort Key: c
	        ->  Index Scan using sbtest8_pkey on sbtest8  (cost=0.43..392.46 rows=101 width=121)
	              Index Cond: ((id >= 8202456) AND (id <= 8202555))

for point_selects
table 1 : explain SELECT c FROM sbtest1 WHERE id=5012611
	Index Scan using sbtest1_pkey on sbtest1  (cost=0.43..8.45 rows=1 width=121)
	  Index Cond: (id = 5012611)

table 2 : explain SELECT c FROM sbtest2 WHERE id=7627958
	Index Scan using sbtest2_pkey on sbtest2  (cost=0.43..8.45 rows=1 width=121)
	  Index Cond: (id = 7627958)

table 3 : explain SELECT c FROM sbtest3 WHERE id=2149097
	Index Scan using sbtest3_pkey on sbtest3  (cost=0.43..8.45 rows=1 width=121)
	  Index Cond: (id = 2149097)

table 4 : explain SELECT c FROM sbtest4 WHERE id=6843722
	Index Scan using sbtest4_pkey on sbtest4  (cost=0.43..8.45 rows=1 width=121)
	  Index Cond: (id = 6843722)

table 5 : explain SELECT c FROM sbtest5 WHERE id=7923450
	Index Scan using sbtest5_pkey on sbtest5  (cost=0.43..8.45 rows=1 width=121)
	  Index Cond: (id = 7923450)

table 6 : explain SELECT c FROM sbtest6 WHERE id=382099
	Index Scan using sbtest6_pkey on sbtest6  (cost=0.43..8.45 rows=1 width=121)
	  Index Cond: (id = 382099)

table 7 : explain SELECT c FROM sbtest7 WHERE id=6186232
	Index Scan using sbtest7_pkey on sbtest7  (cost=0.43..8.45 rows=1 width=121)
	  Index Cond: (id = 6186232)

table 8 : explain SELECT c FROM sbtest8 WHERE id=9915239
	Index Scan using sbtest8_pkey on sbtest8  (cost=0.43..8.45 rows=1 width=121)
	  Index Cond: (id = 9915239)

for: simple_ranges
table 1 : explain SELECT c FROM sbtest1 WHERE id BETWEEN 1733031 AND 1733130
	Index Scan using sbtest1_pkey on sbtest1  (cost=0.43..354.96 rows=91 width=121)
	  Index Cond: ((id >= 1733031) AND (id <= 1733130))

table 2 : explain SELECT c FROM sbtest2 WHERE id BETWEEN 5436609 AND 5436708
	Index Scan using sbtest2_pkey on sbtest2  (cost=0.43..361.01 rows=93 width=121)
	  Index Cond: ((id >= 5436609) AND (id <= 5436708))

table 3 : explain SELECT c FROM sbtest3 WHERE id BETWEEN 6489319 AND 6489418
	Index Scan using sbtest3_pkey on sbtest3  (cost=0.43..371.18 rows=95 width=121)
	  Index Cond: ((id >= 6489319) AND (id <= 6489418))

table 4 : explain SELECT c FROM sbtest4 WHERE id BETWEEN 1828892 AND 1828991
	Index Scan using sbtest4_pkey on sbtest4  (cost=0.43..394.92 rows=101 width=121)
	  Index Cond: ((id >= 1828892) AND (id <= 1828991))

table 5 : explain SELECT c FROM sbtest5 WHERE id BETWEEN 6058054 AND 6058153
	Index Scan using sbtest5_pkey on sbtest5  (cost=0.43..394.90 rows=102 width=121)
	  Index Cond: ((id >= 6058054) AND (id <= 6058153))

table 6 : explain SELECT c FROM sbtest6 WHERE id BETWEEN 4286044 AND 4286143
	Index Scan using sbtest6_pkey on sbtest6  (cost=0.43..360.49 rows=93 width=121)
	  Index Cond: ((id >= 4286044) AND (id <= 4286143))

table 7 : explain SELECT c FROM sbtest7 WHERE id BETWEEN 2357163 AND 2357262
	Index Scan using sbtest7_pkey on sbtest7  (cost=0.43..345.44 rows=89 width=121)
	  Index Cond: ((id >= 2357163) AND (id <= 2357262))

table 8 : explain SELECT c FROM sbtest8 WHERE id BETWEEN 8517428 AND 8517527
	Index Scan using sbtest8_pkey on sbtest8  (cost=0.43..384.74 rows=99 width=121)
	  Index Cond: ((id >= 8517428) AND (id <= 8517527))

for: simple_ranges
table 1 : explain SELECT c FROM sbtest1 WHERE id BETWEEN 8766493 AND 8766592
	Index Scan using sbtest1_pkey on sbtest1  (cost=0.43..405.04 rows=104 width=121)
	  Index Cond: ((id >= 8766493) AND (id <= 8766592))

table 2 : explain SELECT c FROM sbtest2 WHERE id BETWEEN 9430973 AND 9431072
	Index Scan using sbtest2_pkey on sbtest2  (cost=0.43..376.34 rows=97 width=121)
	  Index Cond: ((id >= 9430973) AND (id <= 9431072))

table 3 : explain SELECT c FROM sbtest3 WHERE id BETWEEN 6371893 AND 6371992
	Index Scan using sbtest3_pkey on sbtest3  (cost=0.43..405.94 rows=104 width=121)
	  Index Cond: ((id >= 6371893) AND (id <= 6371992))

table 4 : explain SELECT c FROM sbtest4 WHERE id BETWEEN 2768332 AND 2768431
	Index Scan using sbtest4_pkey on sbtest4  (cost=0.43..375.56 rows=96 width=121)
	  Index Cond: ((id >= 2768332) AND (id <= 2768431))

table 5 : explain SELECT c FROM sbtest5 WHERE id BETWEEN 8085188 AND 8085287
	Index Scan using sbtest5_pkey on sbtest5  (cost=0.43..368.08 rows=95 width=121)
	  Index Cond: ((id >= 8085188) AND (id <= 8085287))

table 6 : explain SELECT c FROM sbtest6 WHERE id BETWEEN 3351850 AND 3351949
	Index Scan using sbtest6_pkey on sbtest6  (cost=0.43..356.67 rows=92 width=121)
	  Index Cond: ((id >= 3351850) AND (id <= 3351949))

table 7 : explain SELECT c FROM sbtest7 WHERE id BETWEEN 1855863 AND 1855962
	Index Scan using sbtest7_pkey on sbtest7  (cost=0.43..364.58 rows=94 width=121)
	  Index Cond: ((id >= 1855863) AND (id <= 1855962))

table 8 : explain SELECT c FROM sbtest8 WHERE id BETWEEN 9308871 AND 9308970
	Index Scan using sbtest8_pkey on sbtest8  (cost=0.43..396.30 rows=102 width=121)
	  Index Cond: ((id >= 9308871) AND (id <= 9308970))

explain: for index_updates :: explain UPDATE sbtest%u SET k=k+1 WHERE id=%u
for point_selects
table 1 : explain SELECT c FROM sbtest1 WHERE id=7249150
	Index Scan using sbtest1_pkey on sbtest1  (cost=0.43..8.45 rows=1 width=121)
	  Index Cond: (id = 7249150)

table 2 : explain SELECT c FROM sbtest2 WHERE id=6820528
	Index Scan using sbtest2_pkey on sbtest2  (cost=0.43..8.45 rows=1 width=121)
	  Index Cond: (id = 6820528)

table 3 : explain SELECT c FROM sbtest3 WHERE id=4588034
	Index Scan using sbtest3_pkey on sbtest3  (cost=0.43..8.45 rows=1 width=121)
	  Index Cond: (id = 4588034)

table 4 : explain SELECT c FROM sbtest4 WHERE id=2311770
	Index Scan using sbtest4_pkey on sbtest4  (cost=0.43..8.45 rows=1 width=121)
	  Index Cond: (id = 2311770)

table 5 : explain SELECT c FROM sbtest5 WHERE id=9842022
	Index Scan using sbtest5_pkey on sbtest5  (cost=0.43..8.45 rows=1 width=121)
	  Index Cond: (id = 9842022)

table 6 : explain SELECT c FROM sbtest6 WHERE id=6539034
	Index Scan using sbtest6_pkey on sbtest6  (cost=0.43..8.45 rows=1 width=121)
	  Index Cond: (id = 6539034)

table 7 : explain SELECT c FROM sbtest7 WHERE id=1483731
	Index Scan using sbtest7_pkey on sbtest7  (cost=0.43..8.45 rows=1 width=121)
	  Index Cond: (id = 1483731)

table 8 : explain SELECT c FROM sbtest8 WHERE id=7263270
	Index Scan using sbtest8_pkey on sbtest8  (cost=0.43..8.45 rows=1 width=121)
	  Index Cond: (id = 7263270)

for: distinct_ranges
table 1 : explain SELECT DISTINCT c FROM sbtest1 WHERE id BETWEEN 5017160 AND 5017259 ORDER BY c
	Unique  (cost=404.63..405.15 rows=103 width=121)
	  ->  Sort  (cost=404.63..404.89 rows=103 width=121)
	        Sort Key: c
	        ->  Index Scan using sbtest1_pkey on sbtest1  (cost=0.43..401.19 rows=103 width=121)
	              Index Cond: ((id >= 5017160) AND (id <= 5017259))

table 2 : explain SELECT DISTINCT c FROM sbtest2 WHERE id BETWEEN 8620735 AND 8620834 ORDER BY c
	Unique  (cost=371.80..372.27 rows=95 width=121)
	  ->  Sort  (cost=371.80..372.03 rows=95 width=121)
	        Sort Key: c
	        ->  Index Scan using sbtest2_pkey on sbtest2  (cost=0.43..368.67 rows=95 width=121)
	              Index Cond: ((id >= 8620735) AND (id <= 8620834))

table 3 : explain SELECT DISTINCT c FROM sbtest3 WHERE id BETWEEN 5316407 AND 5316506 ORDER BY c
	Unique  (cost=393.79..394.29 rows=100 width=121)
	  ->  Sort  (cost=393.79..394.04 rows=100 width=121)
	        Sort Key: c
	        ->  Index Scan using sbtest3_pkey on sbtest3  (cost=0.43..390.46 rows=100 width=121)
	              Index Cond: ((id >= 5316407) AND (id <= 5316506))

table 4 : explain SELECT DISTINCT c FROM sbtest4 WHERE id BETWEEN 1025385 AND 1025484 ORDER BY c
	Unique  (cost=359.21..359.66 rows=91 width=121)
	  ->  Sort  (cost=359.21..359.43 rows=91 width=121)
	        Sort Key: c
	        ->  Index Scan using sbtest4_pkey on sbtest4  (cost=0.43..356.25 rows=91 width=121)
	              Index Cond: ((id >= 1025385) AND (id <= 1025484))

table 5 : explain SELECT DISTINCT c FROM sbtest5 WHERE id BETWEEN 3978911 AND 3979010 ORDER BY c
	Unique  (cost=386.70..387.20 rows=99 width=121)
	  ->  Sort  (cost=386.70..386.95 rows=99 width=121)
	        Sort Key: c
	        ->  Index Scan using sbtest5_pkey on sbtest5  (cost=0.43..383.42 rows=99 width=121)
	              Index Cond: ((id >= 3978911) AND (id <= 3979010))

table 6 : explain SELECT DISTINCT c FROM sbtest6 WHERE id BETWEEN 5314857 AND 5314956 ORDER BY c
	Unique  (cost=367.40..367.87 rows=94 width=121)
	  ->  Sort  (cost=367.40..367.63 rows=94 width=121)
	        Sort Key: c
	        ->  Index Scan using sbtest6_pkey on sbtest6  (cost=0.43..364.32 rows=94 width=121)
	              Index Cond: ((id >= 5314857) AND (id <= 5314956))

table 7 : explain SELECT DISTINCT c FROM sbtest7 WHERE id BETWEEN 284122 AND 284221 ORDER BY c
	Unique  (cost=398.66..399.17 rows=102 width=121)
	  ->  Sort  (cost=398.66..398.92 rows=102 width=121)
	        Sort Key: c
	        ->  Index Scan using sbtest7_pkey on sbtest7  (cost=0.43..395.26 rows=102 width=121)
	              Index Cond: ((id >= 284122) AND (id <= 284221))

table 8 : explain SELECT DISTINCT c FROM sbtest8 WHERE id BETWEEN 8082444 AND 8082543 ORDER BY c
	Unique  (cost=368.63..369.10 rows=94 width=121)
	  ->  Sort  (cost=368.63..368.86 rows=94 width=121)
	        Sort Key: c
	        ->  Index Scan using sbtest8_pkey on sbtest8  (cost=0.43..365.55 rows=94 width=121)
	              Index Cond: ((id >= 8082444) AND (id <= 8082543))

for point_selects
table 1 : explain SELECT c FROM sbtest1 WHERE id=8432829
	Index Scan using sbtest1_pkey on sbtest1  (cost=0.43..8.45 rows=1 width=121)
	  Index Cond: (id = 8432829)

table 2 : explain SELECT c FROM sbtest2 WHERE id=2199340
	Index Scan using sbtest2_pkey on sbtest2  (cost=0.43..8.45 rows=1 width=121)
	  Index Cond: (id = 2199340)

table 3 : explain SELECT c FROM sbtest3 WHERE id=4791347
	Index Scan using sbtest3_pkey on sbtest3  (cost=0.43..8.45 rows=1 width=121)
	  Index Cond: (id = 4791347)

table 4 : explain SELECT c FROM sbtest4 WHERE id=4457540
	Index Scan using sbtest4_pkey on sbtest4  (cost=0.43..8.45 rows=1 width=121)
	  Index Cond: (id = 4457540)

table 5 : explain SELECT c FROM sbtest5 WHERE id=2699744
	Index Scan using sbtest5_pkey on sbtest5  (cost=0.43..8.45 rows=1 width=121)
	  Index Cond: (id = 2699744)

table 6 : explain SELECT c FROM sbtest6 WHERE id=5178731
	Index Scan using sbtest6_pkey on sbtest6  (cost=0.43..8.45 rows=1 width=121)
	  Index Cond: (id = 5178731)

table 7 : explain SELECT c FROM sbtest7 WHERE id=332001
	Index Scan using sbtest7_pkey on sbtest7  (cost=0.43..8.45 rows=1 width=121)
	  Index Cond: (id = 332001)

table 8 : explain SELECT c FROM sbtest8 WHERE id=2201279
	Index Scan using sbtest8_pkey on sbtest8  (cost=0.43..8.45 rows=1 width=121)
	  Index Cond: (id = 2201279)

for: simple_ranges
table 1 : explain SELECT c FROM sbtest1 WHERE id BETWEEN 5280424 AND 5280523
	Index Scan using sbtest1_pkey on sbtest1  (cost=0.43..393.49 rows=101 width=121)
	  Index Cond: ((id >= 5280424) AND (id <= 5280523))

table 2 : explain SELECT c FROM sbtest2 WHERE id BETWEEN 3535132 AND 3535231
	Index Scan using sbtest2_pkey on sbtest2  (cost=0.43..361.01 rows=93 width=121)
	  Index Cond: ((id >= 3535132) AND (id <= 3535231))

table 3 : explain SELECT c FROM sbtest3 WHERE id BETWEEN 334221 AND 334320
	Index Scan using sbtest3_pkey on sbtest3  (cost=0.43..378.89 rows=97 width=121)
	  Index Cond: ((id >= 334221) AND (id <= 334320))

table 4 : explain SELECT c FROM sbtest4 WHERE id BETWEEN 2129915 AND 2130014
	Index Scan using sbtest4_pkey on sbtest4  (cost=0.43..387.15 rows=99 width=121)
	  Index Cond: ((id >= 2129915) AND (id <= 2130014))

table 5 : explain SELECT c FROM sbtest5 WHERE id BETWEEN 1075757 AND 1075856
	Index Scan using sbtest5_pkey on sbtest5  (cost=0.43..371.90 rows=96 width=121)
	  Index Cond: ((id >= 1075757) AND (id <= 1075856))

table 6 : explain SELECT c FROM sbtest6 WHERE id BETWEEN 9905240 AND 9905339
	Index Scan using sbtest6_pkey on sbtest6  (cost=0.43..379.62 rows=98 width=121)
	  Index Cond: ((id >= 9905240) AND (id <= 9905339))

table 7 : explain SELECT c FROM sbtest7 WHERE id BETWEEN 2459101 AND 2459200
	Index Scan using sbtest7_pkey on sbtest7  (cost=0.43..383.72 rows=99 width=121)
	  Index Cond: ((id >= 2459101) AND (id <= 2459200))

table 8 : explain SELECT c FROM sbtest8 WHERE id BETWEEN 9950039 AND 9950138
	Index Scan using sbtest8_pkey on sbtest8  (cost=0.43..377.06 rows=97 width=121)
	  Index Cond: ((id >= 9950039) AND (id <= 9950138))

for point_selects
table 1 : explain SELECT c FROM sbtest1 WHERE id=4771475
	Index Scan using sbtest1_pkey on sbtest1  (cost=0.43..8.45 rows=1 width=121)
	  Index Cond: (id = 4771475)

table 2 : explain SELECT c FROM sbtest2 WHERE id=324266
	Index Scan using sbtest2_pkey on sbtest2  (cost=0.43..8.45 rows=1 width=121)
	  Index Cond: (id = 324266)

table 3 : explain SELECT c FROM sbtest3 WHERE id=8320204
	Index Scan using sbtest3_pkey on sbtest3  (cost=0.43..8.45 rows=1 width=121)
	  Index Cond: (id = 8320204)

table 4 : explain SELECT c FROM sbtest4 WHERE id=6841396
	Index Scan using sbtest4_pkey on sbtest4  (cost=0.43..8.45 rows=1 width=121)
	  Index Cond: (id = 6841396)

table 5 : explain SELECT c FROM sbtest5 WHERE id=4036928
	Index Scan using sbtest5_pkey on sbtest5  (cost=0.43..8.45 rows=1 width=121)
	  Index Cond: (id = 4036928)

table 6 : explain SELECT c FROM sbtest6 WHERE id=2910646
	Index Scan using sbtest6_pkey on sbtest6  (cost=0.43..8.45 rows=1 width=121)
	  Index Cond: (id = 2910646)

table 7 : explain SELECT c FROM sbtest7 WHERE id=7884184
	Index Scan using sbtest7_pkey on sbtest7  (cost=0.43..8.45 rows=1 width=121)
	  Index Cond: (id = 7884184)

table 8 : explain SELECT c FROM sbtest8 WHERE id=8748265
	Index Scan using sbtest8_pkey on sbtest8  (cost=0.43..8.45 rows=1 width=121)
	  Index Cond: (id = 8748265)

for: order_ranges
table 1 : explain SELECT c FROM sbtest1 WHERE id BETWEEN 3451056 AND 3451155 ORDER BY c
	Sort  (cost=357.92..358.15 rows=91 width=121)
	  Sort Key: c
	  ->  Index Scan using sbtest1_pkey on sbtest1  (cost=0.43..354.96 rows=91 width=121)
	        Index Cond: ((id >= 3451056) AND (id <= 3451155))

table 2 : explain SELECT c FROM sbtest2 WHERE id BETWEEN 1275896 AND 1275995 ORDER BY c
	Sort  (cost=391.20..391.45 rows=100 width=121)
	  Sort Key: c
	  ->  Index Scan using sbtest2_pkey on sbtest2  (cost=0.43..387.88 rows=100 width=121)
	        Index Cond: ((id >= 1275896) AND (id <= 1275995))

table 3 : explain SELECT c FROM sbtest3 WHERE id BETWEEN 3610046 AND 3610145 ORDER BY c
	Sort  (cost=393.79..394.04 rows=100 width=121)
	  Sort Key: c
	  ->  Index Scan using sbtest3_pkey on sbtest3  (cost=0.43..390.46 rows=100 width=121)
	        Index Cond: ((id >= 3610046) AND (id <= 3610145))

table 4 : explain SELECT c FROM sbtest4 WHERE id BETWEEN 4436375 AND 4436474 ORDER BY c
	Sort  (cost=406.09..406.35 rows=103 width=121)
	  Sort Key: c
	  ->  Index Scan using sbtest4_pkey on sbtest4  (cost=0.43..402.65 rows=103 width=121)
	        Index Cond: ((id >= 4436375) AND (id <= 4436474))

table 5 : explain SELECT c FROM sbtest5 WHERE id BETWEEN 7292394 AND 7292493 ORDER BY c
	Sort  (cost=390.57..390.82 rows=100 width=121)
	  Sort Key: c
	  ->  Index Scan using sbtest5_pkey on sbtest5  (cost=0.43..387.25 rows=100 width=121)
	        Index Cond: ((id >= 7292394) AND (id <= 7292493))

table 6 : explain SELECT c FROM sbtest6 WHERE id BETWEEN 758330 AND 758429 ORDER BY c
	Sort  (cost=406.10..406.36 rows=104 width=121)
	  Sort Key: c
	  ->  Index Scan using sbtest6_pkey on sbtest6  (cost=0.43..402.62 rows=104 width=121)
	        Index Cond: ((id >= 758330) AND (id <= 758429))

table 7 : explain SELECT c FROM sbtest7 WHERE id BETWEEN 5281173 AND 5281272 ORDER BY c
	Sort  (cost=390.87..391.12 rows=100 width=121)
	  Sort Key: c
	  ->  Index Scan using sbtest7_pkey on sbtest7  (cost=0.43..387.55 rows=100 width=121)
	        Index Cond: ((id >= 5281173) AND (id <= 5281272))

table 8 : explain SELECT c FROM sbtest8 WHERE id BETWEEN 8212409 AND 8212508 ORDER BY c
	Sort  (cost=395.82..396.08 rows=101 width=121)
	  Sort Key: c
	  ->  Index Scan using sbtest8_pkey on sbtest8  (cost=0.43..392.46 rows=101 width=121)
	        Index Cond: ((id >= 8212409) AND (id <= 8212508))

explain: for inserts :: explain INSERT INTO sbtest%u (id, k, c, pad) VALUES (%u, 13, 'foobar', 'foobar')
for: simple_ranges
table 1 : explain SELECT c FROM sbtest1 WHERE id BETWEEN 7600336 AND 7600435
	Index Scan using sbtest1_pkey on sbtest1  (cost=0.43..412.74 rows=106 width=121)
	  Index Cond: ((id >= 7600336) AND (id <= 7600435))

table 2 : explain SELECT c FROM sbtest2 WHERE id BETWEEN 5473053 AND 5473152
	Index Scan using sbtest2_pkey on sbtest2  (cost=0.43..361.01 rows=93 width=121)
	  Index Cond: ((id >= 5473053) AND (id <= 5473152))

table 3 : explain SELECT c FROM sbtest3 WHERE id BETWEEN 6643471 AND 6643570
	Index Scan using sbtest3_pkey on sbtest3  (cost=0.43..405.94 rows=104 width=121)
	  Index Cond: ((id >= 6643471) AND (id <= 6643570))

table 4 : explain SELECT c FROM sbtest4 WHERE id BETWEEN 3630826 AND 3630925
	Index Scan using sbtest4_pkey on sbtest4  (cost=0.43..425.83 rows=109 width=121)
	  Index Cond: ((id >= 3630826) AND (id <= 3630925))

table 5 : explain SELECT c FROM sbtest5 WHERE id BETWEEN 7067883 AND 7067982
	Index Scan using sbtest5_pkey on sbtest5  (cost=0.43..375.72 rows=97 width=121)
	  Index Cond: ((id >= 7067883) AND (id <= 7067982))

table 6 : explain SELECT c FROM sbtest6 WHERE id BETWEEN 4038000 AND 4038099
	Index Scan using sbtest6_pkey on sbtest6  (cost=0.43..391.14 rows=101 width=121)
	  Index Cond: ((id >= 4038000) AND (id <= 4038099))

table 7 : explain SELECT c FROM sbtest7 WHERE id BETWEEN 2938650 AND 2938749
	Index Scan using sbtest7_pkey on sbtest7  (cost=0.43..395.26 rows=102 width=121)
	  Index Cond: ((id >= 2938650) AND (id <= 2938749))

table 8 : explain SELECT c FROM sbtest8 WHERE id BETWEEN 6770801 AND 6770900
	Index Scan using sbtest8_pkey on sbtest8  (cost=0.43..434.69 rows=112 width=121)
	  Index Cond: ((id >= 6770801) AND (id <= 6770900))

for index_updates
table 1 : explain UPDATE sbtest1 SET k=k+1 WHERE id=8255307
	Update on sbtest1  (cost=0.43..8.46 rows=0 width=0)
	  ->  Index Scan using sbtest1_pkey on sbtest1  (cost=0.43..8.46 rows=1 width=10)
	        Index Cond: (id = 8255307)

table 2 : explain UPDATE sbtest2 SET k=k+1 WHERE id=5644638
	Update on sbtest2  (cost=0.43..8.46 rows=0 width=0)
	  ->  Index Scan using sbtest2_pkey on sbtest2  (cost=0.43..8.46 rows=1 width=10)
	        Index Cond: (id = 5644638)

table 3 : explain UPDATE sbtest3 SET k=k+1 WHERE id=8973243
	Update on sbtest3  (cost=0.43..8.46 rows=0 width=0)
	  ->  Index Scan using sbtest3_pkey on sbtest3  (cost=0.43..8.46 rows=1 width=10)
	        Index Cond: (id = 8973243)

table 4 : explain UPDATE sbtest4 SET k=k+1 WHERE id=5499862
	Update on sbtest4  (cost=0.43..8.46 rows=0 width=0)
	  ->  Index Scan using sbtest4_pkey on sbtest4  (cost=0.43..8.46 rows=1 width=10)
	        Index Cond: (id = 5499862)

table 5 : explain UPDATE sbtest5 SET k=k+1 WHERE id=2925415
	Update on sbtest5  (cost=0.43..8.46 rows=0 width=0)
	  ->  Index Scan using sbtest5_pkey on sbtest5  (cost=0.43..8.46 rows=1 width=10)
	        Index Cond: (id = 2925415)

table 6 : explain UPDATE sbtest6 SET k=k+1 WHERE id=2712360
	Update on sbtest6  (cost=0.43..8.46 rows=0 width=0)
	  ->  Index Scan using sbtest6_pkey on sbtest6  (cost=0.43..8.46 rows=1 width=10)
	        Index Cond: (id = 2712360)

table 7 : explain UPDATE sbtest7 SET k=k+1 WHERE id=8390766
	Update on sbtest7  (cost=0.43..8.46 rows=0 width=0)
	  ->  Index Scan using sbtest7_pkey on sbtest7  (cost=0.43..8.46 rows=1 width=10)
	        Index Cond: (id = 8390766)

table 8 : explain UPDATE sbtest8 SET k=k+1 WHERE id=9448778
	Update on sbtest8  (cost=0.43..8.46 rows=0 width=0)
	  ->  Index Scan using sbtest8_pkey on sbtest8  (cost=0.43..8.46 rows=1 width=10)
	        Index Cond: (id = 9448778)

explain: for index_updates :: explain UPDATE sbtest%u SET k=k+1 WHERE id=%u
for index_updates
table 1 : explain UPDATE sbtest1 SET k=k+1 WHERE id=1762755
	Update on sbtest1  (cost=0.43..8.46 rows=0 width=0)
	  ->  Index Scan using sbtest1_pkey on sbtest1  (cost=0.43..8.46 rows=1 width=10)
	        Index Cond: (id = 1762755)

table 2 : explain UPDATE sbtest2 SET k=k+1 WHERE id=6975370
	Update on sbtest2  (cost=0.43..8.46 rows=0 width=0)
	  ->  Index Scan using sbtest2_pkey on sbtest2  (cost=0.43..8.46 rows=1 width=10)
	        Index Cond: (id = 6975370)

table 3 : explain UPDATE sbtest3 SET k=k+1 WHERE id=7165149
	Update on sbtest3  (cost=0.43..8.46 rows=0 width=0)
	  ->  Index Scan using sbtest3_pkey on sbtest3  (cost=0.43..8.46 rows=1 width=10)
	        Index Cond: (id = 7165149)

table 4 : explain UPDATE sbtest4 SET k=k+1 WHERE id=2478188
	Update on sbtest4  (cost=0.43..8.46 rows=0 width=0)
	  ->  Index Scan using sbtest4_pkey on sbtest4  (cost=0.43..8.46 rows=1 width=10)
	        Index Cond: (id = 2478188)

table 5 : explain UPDATE sbtest5 SET k=k+1 WHERE id=8123278
	Update on sbtest5  (cost=0.43..8.46 rows=0 width=0)
	  ->  Index Scan using sbtest5_pkey on sbtest5  (cost=0.43..8.46 rows=1 width=10)
	        Index Cond: (id = 8123278)

table 6 : explain UPDATE sbtest6 SET k=k+1 WHERE id=2488214
	Update on sbtest6  (cost=0.43..8.46 rows=0 width=0)
	  ->  Index Scan using sbtest6_pkey on sbtest6  (cost=0.43..8.46 rows=1 width=10)
	        Index Cond: (id = 2488214)

table 7 : explain UPDATE sbtest7 SET k=k+1 WHERE id=9241852
	Update on sbtest7  (cost=0.43..8.46 rows=0 width=0)
	  ->  Index Scan using sbtest7_pkey on sbtest7  (cost=0.43..8.46 rows=1 width=10)
	        Index Cond: (id = 9241852)

table 8 : explain UPDATE sbtest8 SET k=k+1 WHERE id=5415714
	Update on sbtest8  (cost=0.43..8.46 rows=0 width=0)
	  ->  Index Scan using sbtest8_pkey on sbtest8  (cost=0.43..8.46 rows=1 width=10)
	        Index Cond: (id = 5415714)

for: simple_ranges
table 1 : explain SELECT c FROM sbtest1 WHERE id BETWEEN 6459405 AND 6459504
	Index Scan using sbtest1_pkey on sbtest1  (cost=0.43..389.60 rows=100 width=121)
	  Index Cond: ((id >= 6459405) AND (id <= 6459504))

table 2 : explain SELECT c FROM sbtest2 WHERE id BETWEEN 2035013 AND 2035112
	Index Scan using sbtest2_pkey on sbtest2  (cost=0.43..414.70 rows=107 width=121)
	  Index Cond: ((id >= 2035013) AND (id <= 2035112))

table 3 : explain SELECT c FROM sbtest3 WHERE id BETWEEN 8540000 AND 8540099
	Index Scan using sbtest3_pkey on sbtest3  (cost=0.43..409.79 rows=105 width=121)
	  Index Cond: ((id >= 8540000) AND (id <= 8540099))

table 4 : explain SELECT c FROM sbtest4 WHERE id BETWEEN 8382649 AND 8382748
	Index Scan using sbtest4_pkey on sbtest4  (cost=0.43..414.24 rows=106 width=121)
	  Index Cond: ((id >= 8382649) AND (id <= 8382748))

table 5 : explain SELECT c FROM sbtest5 WHERE id BETWEEN 9910588 AND 9910687
	Index Scan using sbtest5_pkey on sbtest5  (cost=0.43..379.55 rows=98 width=121)
	  Index Cond: ((id >= 9910588) AND (id <= 9910687))

table 6 : explain SELECT c FROM sbtest6 WHERE id BETWEEN 5459277 AND 5459376
	Index Scan using sbtest6_pkey on sbtest6  (cost=0.43..383.44 rows=99 width=121)
	  Index Cond: ((id >= 5459277) AND (id <= 5459376))

table 7 : explain SELECT c FROM sbtest7 WHERE id BETWEEN 1135281 AND 1135380
	Index Scan using sbtest7_pkey on sbtest7  (cost=0.43..368.41 rows=95 width=121)
	  Index Cond: ((id >= 1135281) AND (id <= 1135380))

table 8 : explain SELECT c FROM sbtest8 WHERE id BETWEEN 8310628 AND 8310727
	Index Scan using sbtest8_pkey on sbtest8  (cost=0.43..411.66 rows=106 width=121)
	  Index Cond: ((id >= 8310628) AND (id <= 8310727))

for point_selects
table 1 : explain SELECT c FROM sbtest1 WHERE id=272547
	Index Scan using sbtest1_pkey on sbtest1  (cost=0.43..8.45 rows=1 width=121)
	  Index Cond: (id = 272547)

table 2 : explain SELECT c FROM sbtest2 WHERE id=1030766
	Index Scan using sbtest2_pkey on sbtest2  (cost=0.43..8.45 rows=1 width=121)
	  Index Cond: (id = 1030766)

table 3 : explain SELECT c FROM sbtest3 WHERE id=3648232
	Index Scan using sbtest3_pkey on sbtest3  (cost=0.43..8.45 rows=1 width=121)
	  Index Cond: (id = 3648232)

table 4 : explain SELECT c FROM sbtest4 WHERE id=7962392
	Index Scan using sbtest4_pkey on sbtest4  (cost=0.43..8.45 rows=1 width=121)
	  Index Cond: (id = 7962392)

table 5 : explain SELECT c FROM sbtest5 WHERE id=314334
	Index Scan using sbtest5_pkey on sbtest5  (cost=0.43..8.45 rows=1 width=121)
	  Index Cond: (id = 314334)

table 6 : explain SELECT c FROM sbtest6 WHERE id=254111
	Index Scan using sbtest6_pkey on sbtest6  (cost=0.43..8.45 rows=1 width=121)
	  Index Cond: (id = 254111)

table 7 : explain SELECT c FROM sbtest7 WHERE id=3300596
	Index Scan using sbtest7_pkey on sbtest7  (cost=0.43..8.45 rows=1 width=121)
	  Index Cond: (id = 3300596)

table 8 : explain SELECT c FROM sbtest8 WHERE id=9947778
	Index Scan using sbtest8_pkey on sbtest8  (cost=0.43..8.45 rows=1 width=121)
	  Index Cond: (id = 9947778)

for: sum_ranges
table 1 : explain SELECT SUM(k) FROM sbtest1 WHERE id BETWEEN 6795456 AND 6795555
	Aggregate  (cost=413.00..413.01 rows=1 width=8)
	  ->  Index Scan using sbtest1_pkey on sbtest1  (cost=0.43..412.74 rows=106 width=4)
	        Index Cond: ((id >= 6795456) AND (id <= 6795555))

table 2 : explain SELECT SUM(k) FROM sbtest2 WHERE id BETWEEN 3122584 AND 3122683
	Aggregate  (cost=403.46..403.47 rows=1 width=8)
	  ->  Index Scan using sbtest2_pkey on sbtest2  (cost=0.43..403.20 rows=104 width=4)
	        Index Cond: ((id >= 3122584) AND (id <= 3122683))

table 3 : explain SELECT SUM(k) FROM sbtest3 WHERE id BETWEEN 8765418 AND 8765517
	Aggregate  (cost=382.99..383.00 rows=1 width=8)
	  ->  Index Scan using sbtest3_pkey on sbtest3  (cost=0.43..382.75 rows=98 width=4)
	        Index Cond: ((id >= 8765418) AND (id <= 8765517))

table 4 : explain SELECT SUM(k) FROM sbtest4 WHERE id BETWEEN 4095026 AND 4095125
	Aggregate  (cost=379.67..379.68 rows=1 width=8)
	  ->  Index Scan using sbtest4_pkey on sbtest4  (cost=0.43..379.43 rows=97 width=4)
	        Index Cond: ((id >= 4095026) AND (id <= 4095125))

table 5 : explain SELECT SUM(k) FROM sbtest5 WHERE id BETWEEN 5800276 AND 5800375
	Aggregate  (cost=395.15..395.16 rows=1 width=8)
	  ->  Index Scan using sbtest5_pkey on sbtest5  (cost=0.43..394.90 rows=102 width=4)
	        Index Cond: ((id >= 5800276) AND (id <= 5800375))

table 6 : explain SELECT SUM(k) FROM sbtest6 WHERE id BETWEEN 76312 AND 76411
	Aggregate  (cost=383.69..383.70 rows=1 width=8)
	  ->  Index Scan using sbtest6_pkey on sbtest6  (cost=0.43..383.44 rows=99 width=4)
	        Index Cond: ((id >= 76312) AND (id <= 76411))

table 7 : explain SELECT SUM(k) FROM sbtest7 WHERE id BETWEEN 2798162 AND 2798261
	Aggregate  (cost=368.65..368.66 rows=1 width=8)
	  ->  Index Scan using sbtest7_pkey on sbtest7  (cost=0.43..368.41 rows=95 width=4)
	        Index Cond: ((id >= 2798162) AND (id <= 2798261))

table 8 : explain SELECT SUM(k) FROM sbtest8 WHERE id BETWEEN 1601489 AND 1601588
	Aggregate  (cost=388.87..388.88 rows=1 width=8)
	  ->  Index Scan using sbtest8_pkey on sbtest8  (cost=0.43..388.62 rows=100 width=4)
	        Index Cond: ((id >= 1601489) AND (id <= 1601588))

for: sum_ranges
table 1 : explain SELECT SUM(k) FROM sbtest1 WHERE id BETWEEN 7684433 AND 7684532
	Aggregate  (cost=405.30..405.31 rows=1 width=8)
	  ->  Index Scan using sbtest1_pkey on sbtest1  (cost=0.43..405.04 rows=104 width=4)
	        Index Cond: ((id >= 7684433) AND (id <= 7684532))

table 2 : explain SELECT SUM(k) FROM sbtest2 WHERE id BETWEEN 7727102 AND 7727201
	Aggregate  (cost=411.13..411.14 rows=1 width=8)
	  ->  Index Scan using sbtest2_pkey on sbtest2  (cost=0.43..410.86 rows=106 width=4)
	        Index Cond: ((id >= 7727102) AND (id <= 7727201))

table 3 : explain SELECT SUM(k) FROM sbtest3 WHERE id BETWEEN 5242217 AND 5242316
	Aggregate  (cost=402.34..402.35 rows=1 width=8)
	  ->  Index Scan using sbtest3_pkey on sbtest3  (cost=0.43..402.08 rows=103 width=4)
	        Index Cond: ((id >= 5242217) AND (id <= 5242316))

table 4 : explain SELECT SUM(k) FROM sbtest4 WHERE id BETWEEN 9247843 AND 9247942
	Aggregate  (cost=387.40..387.41 rows=1 width=8)
	  ->  Index Scan using sbtest4_pkey on sbtest4  (cost=0.43..387.15 rows=99 width=4)
	        Index Cond: ((id >= 9247843) AND (id <= 9247942))

table 5 : explain SELECT SUM(k) FROM sbtest5 WHERE id BETWEEN 9859638 AND 9859737
	Aggregate  (cost=410.46..410.47 rows=1 width=8)
	  ->  Index Scan using sbtest5_pkey on sbtest5  (cost=0.43..410.20 rows=106 width=4)
	        Index Cond: ((id >= 9859638) AND (id <= 9859737))

table 6 : explain SELECT SUM(k) FROM sbtest6 WHERE id BETWEEN 6232306 AND 6232405
	Aggregate  (cost=444.99..445.00 rows=1 width=8)
	  ->  Index Scan using sbtest6_pkey on sbtest6  (cost=0.43..444.70 rows=115 width=4)
	        Index Cond: ((id >= 6232306) AND (id <= 6232405))

table 7 : explain SELECT SUM(k) FROM sbtest7 WHERE id BETWEEN 5712224 AND 5712323
	Aggregate  (cost=383.97..383.98 rows=1 width=8)
	  ->  Index Scan using sbtest7_pkey on sbtest7  (cost=0.43..383.72 rows=99 width=4)
	        Index Cond: ((id >= 5712224) AND (id <= 5712323))

table 8 : explain SELECT SUM(k) FROM sbtest8 WHERE id BETWEEN 6323311 AND 6323410
	Aggregate  (cost=350.42..350.43 rows=1 width=8)
	  ->  Index Scan using sbtest8_pkey on sbtest8  (cost=0.43..350.19 rows=90 width=4)
	        Index Cond: ((id >= 6323311) AND (id <= 6323410))

explain: for non_index_updates :: explain UPDATE sbtest%u SET c='foobar' WHERE id=%u
for point_selects
table 1 : explain SELECT c FROM sbtest1 WHERE id=3235819
	Index Scan using sbtest1_pkey on sbtest1  (cost=0.43..8.45 rows=1 width=121)
	  Index Cond: (id = 3235819)

table 2 : explain SELECT c FROM sbtest2 WHERE id=3843835
	Index Scan using sbtest2_pkey on sbtest2  (cost=0.43..8.45 rows=1 width=121)
	  Index Cond: (id = 3843835)

table 3 : explain SELECT c FROM sbtest3 WHERE id=4461053
	Index Scan using sbtest3_pkey on sbtest3  (cost=0.43..8.45 rows=1 width=121)
	  Index Cond: (id = 4461053)

table 4 : explain SELECT c FROM sbtest4 WHERE id=1955665
	Index Scan using sbtest4_pkey on sbtest4  (cost=0.43..8.45 rows=1 width=121)
	  Index Cond: (id = 1955665)

table 5 : explain SELECT c FROM sbtest5 WHERE id=6499477
	Index Scan using sbtest5_pkey on sbtest5  (cost=0.43..8.45 rows=1 width=121)
	  Index Cond: (id = 6499477)

table 6 : explain SELECT c FROM sbtest6 WHERE id=1984002
	Index Scan using sbtest6_pkey on sbtest6  (cost=0.43..8.45 rows=1 width=121)
	  Index Cond: (id = 1984002)

table 7 : explain SELECT c FROM sbtest7 WHERE id=3748773
	Index Scan using sbtest7_pkey on sbtest7  (cost=0.43..8.45 rows=1 width=121)
	  Index Cond: (id = 3748773)

table 8 : explain SELECT c FROM sbtest8 WHERE id=3082892
	Index Scan using sbtest8_pkey on sbtest8  (cost=0.43..8.45 rows=1 width=121)
	  Index Cond: (id = 3082892)

for: simple_ranges
table 1 : explain SELECT c FROM sbtest1 WHERE id BETWEEN 7808824 AND 7808923
	Index Scan using sbtest1_pkey on sbtest1  (cost=0.43..362.66 rows=93 width=121)
	  Index Cond: ((id >= 7808824) AND (id <= 7808923))

table 2 : explain SELECT c FROM sbtest2 WHERE id BETWEEN 2850805 AND 2850904
	Index Scan using sbtest2_pkey on sbtest2  (cost=0.43..418.53 rows=108 width=121)
	  Index Cond: ((id >= 2850805) AND (id <= 2850904))

table 3 : explain SELECT c FROM sbtest3 WHERE id BETWEEN 7721227 AND 7721326
	Index Scan using sbtest3_pkey on sbtest3  (cost=0.43..432.94 rows=111 width=121)
	  Index Cond: ((id >= 7721227) AND (id <= 7721326))

table 4 : explain SELECT c FROM sbtest4 WHERE id BETWEEN 6733380 AND 6733479
	Index Scan using sbtest4_pkey on sbtest4  (cost=0.43..356.25 rows=91 width=121)
	  Index Cond: ((id >= 6733380) AND (id <= 6733479))

table 5 : explain SELECT c FROM sbtest5 WHERE id BETWEEN 7682754 AND 7682853
	Index Scan using sbtest5_pkey on sbtest5  (cost=0.43..379.55 rows=98 width=121)
	  Index Cond: ((id >= 7682754) AND (id <= 7682853))

table 6 : explain SELECT c FROM sbtest6 WHERE id BETWEEN 6289301 AND 6289400
	Index Scan using sbtest6_pkey on sbtest6  (cost=0.43..421.75 rows=109 width=121)
	  Index Cond: ((id >= 6289301) AND (id <= 6289400))

table 7 : explain SELECT c FROM sbtest7 WHERE id BETWEEN 5289604 AND 5289703
	Index Scan using sbtest7_pkey on sbtest7  (cost=0.43..387.55 rows=100 width=121)
	  Index Cond: ((id >= 5289604) AND (id <= 5289703))

table 8 : explain SELECT c FROM sbtest8 WHERE id BETWEEN 4323165 AND 4323264
	Index Scan using sbtest8_pkey on sbtest8  (cost=0.43..380.90 rows=98 width=121)
	  Index Cond: ((id >= 4323165) AND (id <= 4323264))

for: simple_ranges
table 1 : explain SELECT c FROM sbtest1 WHERE id BETWEEN 6208881 AND 6208980
	Index Scan using sbtest1_pkey on sbtest1  (cost=0.43..416.59 rows=107 width=121)
	  Index Cond: ((id >= 6208881) AND (id <= 6208980))

table 2 : explain SELECT c FROM sbtest2 WHERE id BETWEEN 9570937 AND 9571036
	Index Scan using sbtest2_pkey on sbtest2  (cost=0.43..376.34 rows=97 width=121)
	  Index Cond: ((id >= 9570937) AND (id <= 9571036))

table 3 : explain SELECT c FROM sbtest3 WHERE id BETWEEN 7666078 AND 7666177
	Index Scan using sbtest3_pkey on sbtest3  (cost=0.43..351.89 rows=90 width=121)
	  Index Cond: ((id >= 7666078) AND (id <= 7666177))

table 4 : explain SELECT c FROM sbtest4 WHERE id BETWEEN 7327441 AND 7327540
	Index Scan using sbtest4_pkey on sbtest4  (cost=0.43..383.29 rows=98 width=121)
	  Index Cond: ((id >= 7327441) AND (id <= 7327540))

table 5 : explain SELECT c FROM sbtest5 WHERE id BETWEEN 1563287 AND 1563386
	Index Scan using sbtest5_pkey on sbtest5  (cost=0.43..356.60 rows=92 width=121)
	  Index Cond: ((id >= 1563287) AND (id <= 1563386))

table 6 : explain SELECT c FROM sbtest6 WHERE id BETWEEN 3819148 AND 3819247
	Index Scan using sbtest6_pkey on sbtest6  (cost=0.43..402.62 rows=104 width=121)
	  Index Cond: ((id >= 3819148) AND (id <= 3819247))

table 7 : explain SELECT c FROM sbtest7 WHERE id BETWEEN 2001539 AND 2001638
	Index Scan using sbtest7_pkey on sbtest7  (cost=0.43..360.75 rows=93 width=121)
	  Index Cond: ((id >= 2001539) AND (id <= 2001638))

table 8 : explain SELECT c FROM sbtest8 WHERE id BETWEEN 3770937 AND 3771036
	Index Scan using sbtest8_pkey on sbtest8  (cost=0.43..396.30 rows=102 width=121)
	  Index Cond: ((id >= 3770937) AND (id <= 3771036))

explain: for non_index_updates :: explain UPDATE sbtest%u SET c='foobar' WHERE id=%u
for inserts
table 1 : explain INSERT INTO sbtest1 (id, k, c, pad) VALUES (2550883, 13, 'foobar', 'foobar')
	Insert on sbtest1  (cost=0.00..0.01 rows=0 width=0)
	  ->  Result  (cost=0.00..0.01 rows=1 width=736)

table 2 : explain INSERT INTO sbtest2 (id, k, c, pad) VALUES (6916278, 13, 'foobar', 'foobar')
	Insert on sbtest2  (cost=0.00..0.01 rows=0 width=0)
	  ->  Result  (cost=0.00..0.01 rows=1 width=736)

table 3 : explain INSERT INTO sbtest3 (id, k, c, pad) VALUES (3946985, 13, 'foobar', 'foobar')
	Insert on sbtest3  (cost=0.00..0.01 rows=0 width=0)
	  ->  Result  (cost=0.00..0.01 rows=1 width=736)

table 4 : explain INSERT INTO sbtest4 (id, k, c, pad) VALUES (1689579, 13, 'foobar', 'foobar')
	Insert on sbtest4  (cost=0.00..0.01 rows=0 width=0)
	  ->  Result  (cost=0.00..0.01 rows=1 width=736)

table 5 : explain INSERT INTO sbtest5 (id, k, c, pad) VALUES (7039310, 13, 'foobar', 'foobar')
	Insert on sbtest5  (cost=0.00..0.01 rows=0 width=0)
	  ->  Result  (cost=0.00..0.01 rows=1 width=736)

table 6 : explain INSERT INTO sbtest6 (id, k, c, pad) VALUES (5737299, 13, 'foobar', 'foobar')
	Insert on sbtest6  (cost=0.00..0.01 rows=0 width=0)
	  ->  Result  (cost=0.00..0.01 rows=1 width=736)

table 7 : explain INSERT INTO sbtest7 (id, k, c, pad) VALUES (105731, 13, 'foobar', 'foobar')
	Insert on sbtest7  (cost=0.00..0.01 rows=0 width=0)
	  ->  Result  (cost=0.00..0.01 rows=1 width=736)

table 8 : explain INSERT INTO sbtest8 (id, k, c, pad) VALUES (8640454, 13, 'foobar', 'foobar')
	Insert on sbtest8  (cost=0.00..0.01 rows=0 width=0)
	  ->  Result  (cost=0.00..0.01 rows=1 width=736)

for: sum_ranges
table 1 : explain SELECT SUM(k) FROM sbtest1 WHERE id BETWEEN 5250038 AND 5250137
	Aggregate  (cost=432.26..432.27 rows=1 width=8)
	  ->  Index Scan using sbtest1_pkey on sbtest1  (cost=0.43..431.98 rows=111 width=4)
	        Index Cond: ((id >= 5250038) AND (id <= 5250137))

table 2 : explain SELECT SUM(k) FROM sbtest2 WHERE id BETWEEN 270770 AND 270869
	Aggregate  (cost=380.41..380.42 rows=1 width=8)
	  ->  Index Scan using sbtest2_pkey on sbtest2  (cost=0.43..380.17 rows=98 width=4)
	        Index Cond: ((id >= 270770) AND (id <= 270869))

table 3 : explain SELECT SUM(k) FROM sbtest3 WHERE id BETWEEN 113148 AND 113247
	Aggregate  (cost=421.64..421.65 rows=1 width=8)
	  ->  Index Scan using sbtest3_pkey on sbtest3  (cost=0.43..421.37 rows=108 width=4)
	        Index Cond: ((id >= 113148) AND (id <= 113247))

table 4 : explain SELECT SUM(k) FROM sbtest4 WHERE id BETWEEN 9329837 AND 9329936
	Aggregate  (cost=395.17..395.18 rows=1 width=8)
	  ->  Index Scan using sbtest4_pkey on sbtest4  (cost=0.43..394.92 rows=101 width=4)
	        Index Cond: ((id >= 9329837) AND (id <= 9329936))

table 5 : explain SELECT SUM(k) FROM sbtest5 WHERE id BETWEEN 3594021 AND 3594120
	Aggregate  (cost=364.49..364.50 rows=1 width=8)
	  ->  Index Scan using sbtest5_pkey on sbtest5  (cost=0.43..364.25 rows=94 width=4)
	        Index Cond: ((id >= 3594021) AND (id <= 3594120))

table 6 : explain SELECT SUM(k) FROM sbtest6 WHERE id BETWEEN 6960811 AND 6960910
	Aggregate  (cost=410.54..410.55 rows=1 width=8)
	  ->  Index Scan using sbtest6_pkey on sbtest6  (cost=0.43..410.27 rows=106 width=4)
	        Index Cond: ((id >= 6960811) AND (id <= 6960910))

table 7 : explain SELECT SUM(k) FROM sbtest7 WHERE id BETWEEN 9870666 AND 9870765
	Aggregate  (cost=399.34..399.35 rows=1 width=8)
	  ->  Index Scan using sbtest7_pkey on sbtest7  (cost=0.43..399.09 rows=103 width=4)
	        Index Cond: ((id >= 9870666) AND (id <= 9870765))

table 8 : explain SELECT SUM(k) FROM sbtest8 WHERE id BETWEEN 2308303 AND 2308402
	Aggregate  (cost=392.71..392.72 rows=1 width=8)
	  ->  Index Scan using sbtest8_pkey on sbtest8  (cost=0.43..392.46 rows=101 width=4)
	        Index Cond: ((id >= 2308303) AND (id <= 2308402))

for index_updates
table 1 : explain UPDATE sbtest1 SET k=k+1 WHERE id=5528192
	Update on sbtest1  (cost=0.43..8.46 rows=0 width=0)
	  ->  Index Scan using sbtest1_pkey on sbtest1  (cost=0.43..8.46 rows=1 width=10)
	        Index Cond: (id = 5528192)

table 2 : explain UPDATE sbtest2 SET k=k+1 WHERE id=7709252
	Update on sbtest2  (cost=0.43..8.46 rows=0 width=0)
	  ->  Index Scan using sbtest2_pkey on sbtest2  (cost=0.43..8.46 rows=1 width=10)
	        Index Cond: (id = 7709252)

table 3 : explain UPDATE sbtest3 SET k=k+1 WHERE id=1600189
	Update on sbtest3  (cost=0.43..8.46 rows=0 width=0)
	  ->  Index Scan using sbtest3_pkey on sbtest3  (cost=0.43..8.46 rows=1 width=10)
	        Index Cond: (id = 1600189)

table 4 : explain UPDATE sbtest4 SET k=k+1 WHERE id=5771659
	Update on sbtest4  (cost=0.43..8.46 rows=0 width=0)
	  ->  Index Scan using sbtest4_pkey on sbtest4  (cost=0.43..8.46 rows=1 width=10)
	        Index Cond: (id = 5771659)

table 5 : explain UPDATE sbtest5 SET k=k+1 WHERE id=4468952
	Update on sbtest5  (cost=0.43..8.46 rows=0 width=0)
	  ->  Index Scan using sbtest5_pkey on sbtest5  (cost=0.43..8.46 rows=1 width=10)
	        Index Cond: (id = 4468952)

table 6 : explain UPDATE sbtest6 SET k=k+1 WHERE id=2746348
	Update on sbtest6  (cost=0.43..8.46 rows=0 width=0)
	  ->  Index Scan using sbtest6_pkey on sbtest6  (cost=0.43..8.46 rows=1 width=10)
	        Index Cond: (id = 2746348)

table 7 : explain UPDATE sbtest7 SET k=k+1 WHERE id=6201438
	Update on sbtest7  (cost=0.43..8.46 rows=0 width=0)
	  ->  Index Scan using sbtest7_pkey on sbtest7  (cost=0.43..8.46 rows=1 width=10)
	        Index Cond: (id = 6201438)

table 8 : explain UPDATE sbtest8 SET k=k+1 WHERE id=1313349
	Update on sbtest8  (cost=0.43..8.46 rows=0 width=0)
	  ->  Index Scan using sbtest8_pkey on sbtest8  (cost=0.43..8.46 rows=1 width=10)
	        Index Cond: (id = 1313349)

for: simple_ranges
table 1 : explain SELECT c FROM sbtest1 WHERE id BETWEEN 6548763 AND 6548862
	Index Scan using sbtest1_pkey on sbtest1  (cost=0.43..401.19 rows=103 width=121)
	  Index Cond: ((id >= 6548763) AND (id <= 6548862))

table 2 : explain SELECT c FROM sbtest2 WHERE id BETWEEN 859950 AND 860049
	Index Scan using sbtest2_pkey on sbtest2  (cost=0.43..380.17 rows=98 width=121)
	  Index Cond: ((id >= 859950) AND (id <= 860049))

table 3 : explain SELECT c FROM sbtest3 WHERE id BETWEEN 1443579 AND 1443678
	Index Scan using sbtest3_pkey on sbtest3  (cost=0.43..390.46 rows=100 width=121)
	  Index Cond: ((id >= 1443579) AND (id <= 1443678))

table 4 : explain SELECT c FROM sbtest4 WHERE id BETWEEN 8078444 AND 8078543
	Index Scan using sbtest4_pkey on sbtest4  (cost=0.43..414.24 rows=106 width=121)
	  Index Cond: ((id >= 8078444) AND (id <= 8078543))

table 5 : explain SELECT c FROM sbtest5 WHERE id BETWEEN 7040075 AND 7040174
	Index Scan using sbtest5_pkey on sbtest5  (cost=0.43..394.90 rows=102 width=121)
	  Index Cond: ((id >= 7040075) AND (id <= 7040174))

table 6 : explain SELECT c FROM sbtest6 WHERE id BETWEEN 6408149 AND 6408248
	Index Scan using sbtest6_pkey on sbtest6  (cost=0.43..379.62 rows=98 width=121)
	  Index Cond: ((id >= 6408149) AND (id <= 6408248))

table 7 : explain SELECT c FROM sbtest7 WHERE id BETWEEN 2356631 AND 2356730
	Index Scan using sbtest7_pkey on sbtest7  (cost=0.43..345.44 rows=89 width=121)
	  Index Cond: ((id >= 2356631) AND (id <= 2356730))

table 8 : explain SELECT c FROM sbtest8 WHERE id BETWEEN 7199256 AND 7199355
	Index Scan using sbtest8_pkey on sbtest8  (cost=0.43..407.82 rows=105 width=121)
	  Index Cond: ((id >= 7199256) AND (id <= 7199355))

for: simple_ranges
table 1 : explain SELECT c FROM sbtest1 WHERE id BETWEEN 4970536 AND 4970635
	Index Scan using sbtest1_pkey on sbtest1  (cost=0.43..420.44 rows=108 width=121)
	  Index Cond: ((id >= 4970536) AND (id <= 4970635))

table 2 : explain SELECT c FROM sbtest2 WHERE id BETWEEN 370663 AND 370762
	Index Scan using sbtest2_pkey on sbtest2  (cost=0.43..376.34 rows=97 width=121)
	  Index Cond: ((id >= 370663) AND (id <= 370762))

table 3 : explain SELECT c FROM sbtest3 WHERE id BETWEEN 2758729 AND 2758828
	Index Scan using sbtest3_pkey on sbtest3  (cost=0.43..398.22 rows=102 width=121)
	  Index Cond: ((id >= 2758729) AND (id <= 2758828))

table 4 : explain SELECT c FROM sbtest4 WHERE id BETWEEN 411960 AND 412059
	Index Scan using sbtest4_pkey on sbtest4  (cost=0.43..429.69 rows=110 width=121)
	  Index Cond: ((id >= 411960) AND (id <= 412059))

table 5 : explain SELECT c FROM sbtest5 WHERE id BETWEEN 5971992 AND 5972091
	Index Scan using sbtest5_pkey on sbtest5  (cost=0.43..364.25 rows=94 width=121)
	  Index Cond: ((id >= 5971992) AND (id <= 5972091))

table 6 : explain SELECT c FROM sbtest6 WHERE id BETWEEN 5915745 AND 5915844
	Index Scan using sbtest6_pkey on sbtest6  (cost=0.43..417.92 rows=108 width=121)
	  Index Cond: ((id >= 5915745) AND (id <= 5915844))

table 7 : explain SELECT c FROM sbtest7 WHERE id BETWEEN 5699206 AND 5699305
	Index Scan using sbtest7_pkey on sbtest7  (cost=0.43..383.72 rows=99 width=121)
	  Index Cond: ((id >= 5699206) AND (id <= 5699305))

table 8 : explain SELECT c FROM sbtest8 WHERE id BETWEEN 2188451 AND 2188550
	Index Scan using sbtest8_pkey on sbtest8  (cost=0.43..415.49 rows=107 width=121)
	  Index Cond: ((id >= 2188451) AND (id <= 2188550))

for: order_ranges
table 1 : explain SELECT c FROM sbtest1 WHERE id BETWEEN 7589775 AND 7589874 ORDER BY c
	Sort  (cost=416.30..416.57 rows=106 width=121)
	  Sort Key: c
	  ->  Index Scan using sbtest1_pkey on sbtest1  (cost=0.43..412.74 rows=106 width=121)
	        Index Cond: ((id >= 7589775) AND (id <= 7589874))

table 2 : explain SELECT c FROM sbtest2 WHERE id BETWEEN 5070048 AND 5070147 ORDER BY c
	Sort  (cost=391.20..391.45 rows=100 width=121)
	  Sort Key: c
	  ->  Index Scan using sbtest2_pkey on sbtest2  (cost=0.43..387.88 rows=100 width=121)
	        Index Cond: ((id >= 5070048) AND (id <= 5070147))

table 3 : explain SELECT c FROM sbtest3 WHERE id BETWEEN 3419307 AND 3419406 ORDER BY c
	Sort  (cost=378.19..378.43 rows=96 width=121)
	  Sort Key: c
	  ->  Index Scan using sbtest3_pkey on sbtest3  (cost=0.43..375.03 rows=96 width=121)
	        Index Cond: ((id >= 3419307) AND (id <= 3419406))

table 4 : explain SELECT c FROM sbtest4 WHERE id BETWEEN 7022048 AND 7022147 ORDER BY c
	Sort  (cost=378.72..378.96 rows=96 width=121)
	  Sort Key: c
	  ->  Index Scan using sbtest4_pkey on sbtest4  (cost=0.43..375.56 rows=96 width=121)
	        Index Cond: ((id >= 7022048) AND (id <= 7022147))

table 5 : explain SELECT c FROM sbtest5 WHERE id BETWEEN 9185531 AND 9185630 ORDER BY c
	Sort  (cost=382.79..383.04 rows=98 width=121)
	  Sort Key: c
	  ->  Index Scan using sbtest5_pkey on sbtest5  (cost=0.43..379.55 rows=98 width=121)
	        Index Cond: ((id >= 9185531) AND (id <= 9185630))

table 6 : explain SELECT c FROM sbtest6 WHERE id BETWEEN 4329405 AND 4329504 ORDER BY c
	Sort  (cost=433.17..433.45 rows=111 width=121)
	  Sort Key: c
	  ->  Index Scan using sbtest6_pkey on sbtest6  (cost=0.43..429.40 rows=111 width=121)
	        Index Cond: ((id >= 4329405) AND (id <= 4329504))

table 7 : explain SELECT c FROM sbtest7 WHERE id BETWEEN 255039 AND 255138 ORDER BY c
	Sort  (cost=398.66..398.92 rows=102 width=121)
	  Sort Key: c
	  ->  Index Scan using sbtest7_pkey on sbtest7  (cost=0.43..395.26 rows=102 width=121)
	        Index Cond: ((id >= 255039) AND (id <= 255138))

table 8 : explain SELECT c FROM sbtest8 WHERE id BETWEEN 938051 AND 938150 ORDER BY c
	Sort  (cost=415.22..415.49 rows=106 width=121)
	  Sort Key: c
	  ->  Index Scan using sbtest8_pkey on sbtest8  (cost=0.43..411.66 rows=106 width=121)
	        Index Cond: ((id >= 938051) AND (id <= 938150))

for: distinct_ranges
table 1 : explain SELECT DISTINCT c FROM sbtest1 WHERE id BETWEEN 370185 AND 370284 ORDER BY c
	Unique  (cost=361.81..362.27 rows=92 width=121)
	  ->  Sort  (cost=361.81..362.04 rows=92 width=121)
	        Sort Key: c
	        ->  Index Scan using sbtest1_pkey on sbtest1  (cost=0.43..358.81 rows=92 width=121)
	              Index Cond: ((id >= 370185) AND (id <= 370284))

table 2 : explain SELECT DISTINCT c FROM sbtest2 WHERE id BETWEEN 5081557 AND 5081656 ORDER BY c
	Unique  (cost=391.20..391.70 rows=100 width=121)
	  ->  Sort  (cost=391.20..391.45 rows=100 width=121)
	        Sort Key: c
	        ->  Index Scan using sbtest2_pkey on sbtest2  (cost=0.43..387.88 rows=100 width=121)
	              Index Cond: ((id >= 5081557) AND (id <= 5081656))

table 3 : explain SELECT DISTINCT c FROM sbtest3 WHERE id BETWEEN 6565607 AND 6565706 ORDER BY c
	Unique  (cost=382.09..382.58 rows=97 width=121)
	  ->  Sort  (cost=382.09..382.33 rows=97 width=121)
	        Sort Key: c
	        ->  Index Scan using sbtest3_pkey on sbtest3  (cost=0.43..378.89 rows=97 width=121)
	              Index Cond: ((id >= 6565607) AND (id <= 6565706))

table 4 : explain SELECT DISTINCT c FROM sbtest4 WHERE id BETWEEN 5246233 AND 5246332 ORDER BY c
	Unique  (cost=359.21..359.66 rows=91 width=121)
	  ->  Sort  (cost=359.21..359.43 rows=91 width=121)
	        Sort Key: c
	        ->  Index Scan using sbtest4_pkey on sbtest4  (cost=0.43..356.25 rows=91 width=121)
	              Index Cond: ((id >= 5246233) AND (id <= 5246332))

table 5 : explain SELECT DISTINCT c FROM sbtest5 WHERE id BETWEEN 871712 AND 871811 ORDER BY c
	Unique  (cost=355.74..356.19 rows=91 width=121)
	  ->  Sort  (cost=355.74..355.97 rows=91 width=121)
	        Sort Key: c
	        ->  Index Scan using sbtest5_pkey on sbtest5  (cost=0.43..352.78 rows=91 width=121)
	              Index Cond: ((id >= 871712) AND (id <= 871811))

table 6 : explain SELECT DISTINCT c FROM sbtest6 WHERE id BETWEEN 4315394 AND 4315493 ORDER BY c
	Unique  (cost=433.17..433.72 rows=111 width=121)
	  ->  Sort  (cost=433.17..433.45 rows=111 width=121)
	        Sort Key: c
	        ->  Index Scan using sbtest6_pkey on sbtest6  (cost=0.43..429.40 rows=111 width=121)
	              Index Cond: ((id >= 4315394) AND (id <= 4315493))

table 7 : explain SELECT DISTINCT c FROM sbtest7 WHERE id BETWEEN 1823729 AND 1823828 ORDER BY c
	Unique  (cost=367.66..368.13 rows=94 width=121)
	  ->  Sort  (cost=367.66..367.90 rows=94 width=121)
	        Sort Key: c
	        ->  Index Scan using sbtest7_pkey on sbtest7  (cost=0.43..364.58 rows=94 width=121)
	              Index Cond: ((id >= 1823729) AND (id <= 1823828))

table 8 : explain SELECT DISTINCT c FROM sbtest8 WHERE id BETWEEN 1728545 AND 1728644 ORDER BY c
	Unique  (cost=372.51..372.98 rows=95 width=121)
	  ->  Sort  (cost=372.51..372.74 rows=95 width=121)
	        Sort Key: c
	        ->  Index Scan using sbtest8_pkey on sbtest8  (cost=0.43..369.38 rows=95 width=121)
	              Index Cond: ((id >= 1728545) AND (id <= 1728644))

for non_index_updates
table 1 : explain UPDATE sbtest1 SET c='foobar' WHERE id=3182447
	Update on sbtest1  (cost=0.43..8.45 rows=0 width=0)
	  ->  Index Scan using sbtest1_pkey on sbtest1  (cost=0.43..8.45 rows=1 width=490)
	        Index Cond: (id = 3182447)

table 2 : explain UPDATE sbtest2 SET c='foobar' WHERE id=5738830
	Update on sbtest2  (cost=0.43..8.45 rows=0 width=0)
	  ->  Index Scan using sbtest2_pkey on sbtest2  (cost=0.43..8.45 rows=1 width=490)
	        Index Cond: (id = 5738830)

table 3 : explain UPDATE sbtest3 SET c='foobar' WHERE id=2174454
	Update on sbtest3  (cost=0.43..8.45 rows=0 width=0)
	  ->  Index Scan using sbtest3_pkey on sbtest3  (cost=0.43..8.45 rows=1 width=490)
	        Index Cond: (id = 2174454)

table 4 : explain UPDATE sbtest4 SET c='foobar' WHERE id=3841565
	Update on sbtest4  (cost=0.43..8.45 rows=0 width=0)
	  ->  Index Scan using sbtest4_pkey on sbtest4  (cost=0.43..8.45 rows=1 width=490)
	        Index Cond: (id = 3841565)

table 5 : explain UPDATE sbtest5 SET c='foobar' WHERE id=3329914
	Update on sbtest5  (cost=0.43..8.45 rows=0 width=0)
	  ->  Index Scan using sbtest5_pkey on sbtest5  (cost=0.43..8.45 rows=1 width=490)
	        Index Cond: (id = 3329914)

table 6 : explain UPDATE sbtest6 SET c='foobar' WHERE id=2189019
	Update on sbtest6  (cost=0.43..8.45 rows=0 width=0)
	  ->  Index Scan using sbtest6_pkey on sbtest6  (cost=0.43..8.45 rows=1 width=490)
	        Index Cond: (id = 2189019)

table 7 : explain UPDATE sbtest7 SET c='foobar' WHERE id=6649487
	Update on sbtest7  (cost=0.43..8.45 rows=0 width=0)
	  ->  Index Scan using sbtest7_pkey on sbtest7  (cost=0.43..8.45 rows=1 width=490)
	        Index Cond: (id = 6649487)

table 8 : explain UPDATE sbtest8 SET c='foobar' WHERE id=8272553
	Update on sbtest8  (cost=0.43..8.45 rows=0 width=0)
	  ->  Index Scan using sbtest8_pkey on sbtest8  (cost=0.43..8.45 rows=1 width=490)
	        Index Cond: (id = 8272553)

for: order_ranges
table 1 : explain SELECT c FROM sbtest1 WHERE id BETWEEN 4118719 AND 4118818 ORDER BY c
	Sort  (cost=420.19..420.46 rows=107 width=121)
	  Sort Key: c
	  ->  Index Scan using sbtest1_pkey on sbtest1  (cost=0.43..416.59 rows=107 width=121)
	        Index Cond: ((id >= 4118719) AND (id <= 4118818))

table 2 : explain SELECT c FROM sbtest2 WHERE id BETWEEN 356990 AND 357089 ORDER BY c
	Sort  (cost=379.54..379.78 rows=97 width=121)
	  Sort Key: c
	  ->  Index Scan using sbtest2_pkey on sbtest2  (cost=0.43..376.34 rows=97 width=121)
	        Index Cond: ((id >= 356990) AND (id <= 357089))

table 3 : explain SELECT c FROM sbtest3 WHERE id BETWEEN 7964497 AND 7964596 ORDER BY c
	Sort  (cost=374.30..374.53 rows=95 width=121)
	  Sort Key: c
	  ->  Index Scan using sbtest3_pkey on sbtest3  (cost=0.43..371.18 rows=95 width=121)
	        Index Cond: ((id >= 7964497) AND (id <= 7964596))

table 4 : explain SELECT c FROM sbtest4 WHERE id BETWEEN 750586 AND 750685 ORDER BY c
	Sort  (cost=417.80..418.07 rows=106 width=121)
	  Sort Key: c
	  ->  Index Scan using sbtest4_pkey on sbtest4  (cost=0.43..414.24 rows=106 width=121)
	        Index Cond: ((id >= 750586) AND (id <= 750685))

table 5 : explain SELECT c FROM sbtest5 WHERE id BETWEEN 8403252 AND 8403351 ORDER BY c
	Sort  (cost=378.93..379.17 rows=97 width=121)
	  Sort Key: c
	  ->  Index Scan using sbtest5_pkey on sbtest5  (cost=0.43..375.72 rows=97 width=121)
	        Index Cond: ((id >= 8403252) AND (id <= 8403351))

table 6 : explain SELECT c FROM sbtest6 WHERE id BETWEEN 8825678 AND 8825777 ORDER BY c
	Sort  (cost=363.53..363.77 rows=93 width=121)
	  Sort Key: c
	  ->  Index Scan using sbtest6_pkey on sbtest6  (cost=0.43..360.49 rows=93 width=121)
	        Index Cond: ((id >= 8825678) AND (id <= 8825777))

table 7 : explain SELECT c FROM sbtest7 WHERE id BETWEEN 2275831 AND 2275930 ORDER BY c
	Sort  (cost=363.80..364.03 rows=93 width=121)
	  Sort Key: c
	  ->  Index Scan using sbtest7_pkey on sbtest7  (cost=0.43..360.75 rows=93 width=121)
	        Index Cond: ((id >= 2275831) AND (id <= 2275930))

table 8 : explain SELECT c FROM sbtest8 WHERE id BETWEEN 1515210 AND 1515309 ORDER BY c
	Sort  (cost=419.10..419.37 rows=107 width=121)
	  Sort Key: c
	  ->  Index Scan using sbtest8_pkey on sbtest8  (cost=0.43..415.49 rows=107 width=121)
	        Index Cond: ((id >= 1515210) AND (id <= 1515309))

for: sum_ranges
table 1 : explain SELECT SUM(k) FROM sbtest1 WHERE id BETWEEN 4607183 AND 4607282
	Aggregate  (cost=413.00..413.01 rows=1 width=8)
	  ->  Index Scan using sbtest1_pkey on sbtest1  (cost=0.43..412.74 rows=106 width=4)
	        Index Cond: ((id >= 4607183) AND (id <= 4607282))

table 2 : explain SELECT SUM(k) FROM sbtest2 WHERE id BETWEEN 4763547 AND 4763646
	Aggregate  (cost=365.08..365.09 rows=1 width=8)
	  ->  Index Scan using sbtest2_pkey on sbtest2  (cost=0.43..364.84 rows=94 width=4)
	        Index Cond: ((id >= 4763547) AND (id <= 4763646))

table 3 : explain SELECT SUM(k) FROM sbtest3 WHERE id BETWEEN 2136491 AND 2136590
	Aggregate  (cost=371.41..371.42 rows=1 width=8)
	  ->  Index Scan using sbtest3_pkey on sbtest3  (cost=0.43..371.18 rows=95 width=4)
	        Index Cond: ((id >= 2136491) AND (id <= 2136590))

table 4 : explain SELECT SUM(k) FROM sbtest4 WHERE id BETWEEN 1132809 AND 1132908
	Aggregate  (cost=453.16..453.17 rows=1 width=8)
	  ->  Index Scan using sbtest4_pkey on sbtest4  (cost=0.43..452.87 rows=116 width=4)
	        Index Cond: ((id >= 1132809) AND (id <= 1132908))

table 5 : explain SELECT SUM(k) FROM sbtest5 WHERE id BETWEEN 6356017 AND 6356116
	Aggregate  (cost=379.79..379.80 rows=1 width=8)
	  ->  Index Scan using sbtest5_pkey on sbtest5  (cost=0.43..379.55 rows=98 width=4)
	        Index Cond: ((id >= 6356017) AND (id <= 6356116))

table 6 : explain SELECT SUM(k) FROM sbtest6 WHERE id BETWEEN 8222707 AND 8222806
	Aggregate  (cost=379.86..379.87 rows=1 width=8)
	  ->  Index Scan using sbtest6_pkey on sbtest6  (cost=0.43..379.62 rows=98 width=4)
	        Index Cond: ((id >= 8222707) AND (id <= 8222806))

table 7 : explain SELECT SUM(k) FROM sbtest7 WHERE id BETWEEN 3675796 AND 3675895
	Aggregate  (cost=380.14..380.15 rows=1 width=8)
	  ->  Index Scan using sbtest7_pkey on sbtest7  (cost=0.43..379.90 rows=98 width=4)
	        Index Cond: ((id >= 3675796) AND (id <= 3675895))

table 8 : explain SELECT SUM(k) FROM sbtest8 WHERE id BETWEEN 5082432 AND 5082531
	Aggregate  (cost=384.99..385.00 rows=1 width=8)
	  ->  Index Scan using sbtest8_pkey on sbtest8  (cost=0.43..384.74 rows=99 width=4)
	        Index Cond: ((id >= 5082432) AND (id <= 5082531))

explain: for non_index_updates :: explain UPDATE sbtest%u SET c='foobar' WHERE id=%u
for: distinct_ranges
table 1 : explain SELECT DISTINCT c FROM sbtest1 WHERE id BETWEEN 6588769 AND 6588868 ORDER BY c
	Unique  (cost=404.63..405.15 rows=103 width=121)
	  ->  Sort  (cost=404.63..404.89 rows=103 width=121)
	        Sort Key: c
	        ->  Index Scan using sbtest1_pkey on sbtest1  (cost=0.43..401.19 rows=103 width=121)
	              Index Cond: ((id >= 6588769) AND (id <= 6588868))

table 2 : explain SELECT DISTINCT c FROM sbtest2 WHERE id BETWEEN 9067037 AND 9067136 ORDER BY c
	Unique  (cost=433.79..434.35 rows=111 width=121)
	  ->  Sort  (cost=433.79..434.07 rows=111 width=121)
	        Sort Key: c
	        ->  Index Scan using sbtest2_pkey on sbtest2  (cost=0.43..430.02 rows=111 width=121)
	              Index Cond: ((id >= 9067037) AND (id <= 9067136))

table 3 : explain SELECT DISTINCT c FROM sbtest3 WHERE id BETWEEN 4256942 AND 4257041 ORDER BY c
	Unique  (cost=401.62..402.13 rows=102 width=121)
	  ->  Sort  (cost=401.62..401.88 rows=102 width=121)
	        Sort Key: c
	        ->  Index Scan using sbtest3_pkey on sbtest3  (cost=0.43..398.22 rows=102 width=121)
	              Index Cond: ((id >= 4256942) AND (id <= 4257041))

table 4 : explain SELECT DISTINCT c FROM sbtest4 WHERE id BETWEEN 1410679 AND 1410778 ORDER BY c
	Unique  (cost=394.38..394.88 rows=100 width=121)
	  ->  Sort  (cost=394.38..394.63 rows=100 width=121)
	        Sort Key: c
	        ->  Index Scan using sbtest4_pkey on sbtest4  (cost=0.43..391.06 rows=100 width=121)
	              Index Cond: ((id >= 1410679) AND (id <= 1410778))

table 5 : explain SELECT DISTINCT c FROM sbtest5 WHERE id BETWEEN 6716576 AND 6716675 ORDER BY c
	Unique  (cost=382.79..383.28 rows=98 width=121)
	  ->  Sort  (cost=382.79..383.04 rows=98 width=121)
	        Sort Key: c
	        ->  Index Scan using sbtest5_pkey on sbtest5  (cost=0.43..379.55 rows=98 width=121)
	              Index Cond: ((id >= 6716576) AND (id <= 6716675))

table 6 : explain SELECT DISTINCT c FROM sbtest6 WHERE id BETWEEN 5507421 AND 5507520 ORDER BY c
	Unique  (cost=406.10..406.62 rows=104 width=121)
	  ->  Sort  (cost=406.10..406.36 rows=104 width=121)
	        Sort Key: c
	        ->  Index Scan using sbtest6_pkey on sbtest6  (cost=0.43..402.62 rows=104 width=121)
	              Index Cond: ((id >= 5507421) AND (id <= 5507520))

table 7 : explain SELECT DISTINCT c FROM sbtest7 WHERE id BETWEEN 4836564 AND 4836663 ORDER BY c
	Unique  (cost=363.80..364.26 rows=93 width=121)
	  ->  Sort  (cost=363.80..364.03 rows=93 width=121)
	        Sort Key: c
	        ->  Index Scan using sbtest7_pkey on sbtest7  (cost=0.43..360.75 rows=93 width=121)
	              Index Cond: ((id >= 4836564) AND (id <= 4836663))

table 8 : explain SELECT DISTINCT c FROM sbtest8 WHERE id BETWEEN 5825799 AND 5825898 ORDER BY c
	Unique  (cost=353.11..353.56 rows=90 width=121)
	  ->  Sort  (cost=353.11..353.34 rows=90 width=121)
	        Sort Key: c
	        ->  Index Scan using sbtest8_pkey on sbtest8  (cost=0.43..350.19 rows=90 width=121)
	              Index Cond: ((id >= 5825799) AND (id <= 5825898))

for: order_ranges
table 1 : explain SELECT c FROM sbtest1 WHERE id BETWEEN 2025478 AND 2025577 ORDER BY c
	Sort  (cost=365.70..365.93 rows=93 width=121)
	  Sort Key: c
	  ->  Index Scan using sbtest1_pkey on sbtest1  (cost=0.43..362.66 rows=93 width=121)
	        Index Cond: ((id >= 2025478) AND (id <= 2025577))

table 2 : explain SELECT c FROM sbtest2 WHERE id BETWEEN 5448575 AND 5448674 ORDER BY c
	Sort  (cost=364.05..364.29 rows=93 width=121)
	  Sort Key: c
	  ->  Index Scan using sbtest2_pkey on sbtest2  (cost=0.43..361.01 rows=93 width=121)
	        Index Cond: ((id >= 5448575) AND (id <= 5448674))

table 3 : explain SELECT c FROM sbtest3 WHERE id BETWEEN 7897980 AND 7898079 ORDER BY c
	Sort  (cost=354.81..355.03 rows=90 width=121)
	  Sort Key: c
	  ->  Index Scan using sbtest3_pkey on sbtest3  (cost=0.43..351.89 rows=90 width=121)
	        Index Cond: ((id >= 7897980) AND (id <= 7898079))

table 4 : explain SELECT c FROM sbtest4 WHERE id BETWEEN 4839640 AND 4839739 ORDER BY c
	Sort  (cost=413.90..414.16 rows=105 width=121)
	  Sort Key: c
	  ->  Index Scan using sbtest4_pkey on sbtest4  (cost=0.43..410.37 rows=105 width=121)
	        Index Cond: ((id >= 4839640) AND (id <= 4839739))

table 5 : explain SELECT c FROM sbtest5 WHERE id BETWEEN 8808230 AND 8808329 ORDER BY c
	Sort  (cost=409.90..410.16 rows=105 width=121)
	  Sort Key: c
	  ->  Index Scan using sbtest5_pkey on sbtest5  (cost=0.43..406.37 rows=105 width=121)
	        Index Cond: ((id >= 8808230) AND (id <= 8808329))

table 6 : explain SELECT c FROM sbtest6 WHERE id BETWEEN 8203316 AND 8203415 ORDER BY c
	Sort  (cost=382.86..383.11 rows=98 width=121)
	  Sort Key: c
	  ->  Index Scan using sbtest6_pkey on sbtest6  (cost=0.43..379.62 rows=98 width=121)
	        Index Cond: ((id >= 8203316) AND (id <= 8203415))

table 7 : explain SELECT c FROM sbtest7 WHERE id BETWEEN 7851103 AND 7851202 ORDER BY c
	Sort  (cost=390.92..391.17 rows=100 width=121)
	  Sort Key: c
	  ->  Index Scan using sbtest7_pkey on sbtest7  (cost=0.43..387.60 rows=100 width=121)
	        Index Cond: ((id >= 7851103) AND (id <= 7851202))

table 8 : explain SELECT c FROM sbtest8 WHERE id BETWEEN 92867 AND 92966 ORDER BY c
	Sort  (cost=419.10..419.37 rows=107 width=121)
	  Sort Key: c
	  ->  Index Scan using sbtest8_pkey on sbtest8  (cost=0.43..415.49 rows=107 width=121)
	        Index Cond: ((id >= 92867) AND (id <= 92966))

explain: for index_updates :: explain UPDATE sbtest%u SET k=k+1 WHERE id=%u
explain: for deletes :: explain DELETE FROM sbtest%u WHERE id=%u
for: simple_ranges
table 1 : explain SELECT c FROM sbtest1 WHERE id BETWEEN 9143881 AND 9143980
	Index Scan using sbtest1_pkey on sbtest1  (cost=0.43..381.90 rows=98 width=121)
	  Index Cond: ((id >= 9143881) AND (id <= 9143980))

table 2 : explain SELECT c FROM sbtest2 WHERE id BETWEEN 111590 AND 111689
	Index Scan using sbtest2_pkey on sbtest2  (cost=0.43..395.54 rows=102 width=121)
	  Index Cond: ((id >= 111590) AND (id <= 111689))

table 3 : explain SELECT c FROM sbtest3 WHERE id BETWEEN 1914457 AND 1914556
	Index Scan using sbtest3_pkey on sbtest3  (cost=0.43..394.32 rows=101 width=121)
	  Index Cond: ((id >= 1914457) AND (id <= 1914556))

table 4 : explain SELECT c FROM sbtest4 WHERE id BETWEEN 3446102 AND 3446201
	Index Scan using sbtest4_pkey on sbtest4  (cost=0.43..367.84 rows=94 width=121)
	  Index Cond: ((id >= 3446102) AND (id <= 3446201))

table 5 : explain SELECT c FROM sbtest5 WHERE id BETWEEN 5413770 AND 5413869
	Index Scan using sbtest5_pkey on sbtest5  (cost=0.43..375.72 rows=97 width=121)
	  Index Cond: ((id >= 5413770) AND (id <= 5413869))

table 6 : explain SELECT c FROM sbtest6 WHERE id BETWEEN 7566530 AND 7566629
	Index Scan using sbtest6_pkey on sbtest6  (cost=0.43..398.80 rows=103 width=121)
	  Index Cond: ((id >= 7566530) AND (id <= 7566629))

table 7 : explain SELECT c FROM sbtest7 WHERE id BETWEEN 5236440 AND 5236539
	Index Scan using sbtest7_pkey on sbtest7  (cost=0.43..387.55 rows=100 width=121)
	  Index Cond: ((id >= 5236440) AND (id <= 5236539))

table 8 : explain SELECT c FROM sbtest8 WHERE id BETWEEN 5752780 AND 5752879
	Index Scan using sbtest8_pkey on sbtest8  (cost=0.43..334.84 rows=86 width=121)
	  Index Cond: ((id >= 5752780) AND (id <= 5752879))

for: sum_ranges
table 1 : explain SELECT SUM(k) FROM sbtest1 WHERE id BETWEEN 6548771 AND 6548870
	Aggregate  (cost=401.45..401.46 rows=1 width=8)
	  ->  Index Scan using sbtest1_pkey on sbtest1  (cost=0.43..401.19 rows=103 width=4)
	        Index Cond: ((id >= 6548771) AND (id <= 6548870))

table 2 : explain SELECT SUM(k) FROM sbtest2 WHERE id BETWEEN 2222050 AND 2222149
	Aggregate  (cost=395.79..395.80 rows=1 width=8)
	  ->  Index Scan using sbtest2_pkey on sbtest2  (cost=0.43..395.54 rows=102 width=4)
	        Index Cond: ((id >= 2222050) AND (id <= 2222149))

table 3 : explain SELECT SUM(k) FROM sbtest3 WHERE id BETWEEN 5301437 AND 5301536
	Aggregate  (cost=390.71..390.72 rows=1 width=8)
	  ->  Index Scan using sbtest3_pkey on sbtest3  (cost=0.43..390.46 rows=100 width=4)
	        Index Cond: ((id >= 5301437) AND (id <= 5301536))

table 4 : explain SELECT SUM(k) FROM sbtest4 WHERE id BETWEEN 9194000 AND 9194099
	Aggregate  (cost=379.67..379.68 rows=1 width=8)
	  ->  Index Scan using sbtest4_pkey on sbtest4  (cost=0.43..379.43 rows=97 width=4)
	        Index Cond: ((id >= 9194000) AND (id <= 9194099))

table 5 : explain SELECT SUM(k) FROM sbtest5 WHERE id BETWEEN 8853471 AND 8853570
	Aggregate  (cost=433.42..433.43 rows=1 width=8)
	  ->  Index Scan using sbtest5_pkey on sbtest5  (cost=0.43..433.14 rows=112 width=4)
	        Index Cond: ((id >= 8853471) AND (id <= 8853570))

table 6 : explain SELECT SUM(k) FROM sbtest6 WHERE id BETWEEN 1311023 AND 1311122
	Aggregate  (cost=391.40..391.41 rows=1 width=8)
	  ->  Index Scan using sbtest6_pkey on sbtest6  (cost=0.43..391.14 rows=101 width=4)
	        Index Cond: ((id >= 1311023) AND (id <= 1311122))

table 7 : explain SELECT SUM(k) FROM sbtest7 WHERE id BETWEEN 6856545 AND 6856644
	Aggregate  (cost=414.67..414.68 rows=1 width=8)
	  ->  Index Scan using sbtest7_pkey on sbtest7  (cost=0.43..414.40 rows=107 width=4)
	        Index Cond: ((id >= 6856545) AND (id <= 6856644))

table 8 : explain SELECT SUM(k) FROM sbtest8 WHERE id BETWEEN 9441221 AND 9441320
	Aggregate  (cost=373.46..373.47 rows=1 width=8)
	  ->  Index Scan using sbtest8_pkey on sbtest8  (cost=0.43..373.22 rows=96 width=4)
	        Index Cond: ((id >= 9441221) AND (id <= 9441320))

for non_index_updates
table 1 : explain UPDATE sbtest1 SET c='foobar' WHERE id=2228667
	Update on sbtest1  (cost=0.43..8.45 rows=0 width=0)
	  ->  Index Scan using sbtest1_pkey on sbtest1  (cost=0.43..8.45 rows=1 width=490)
	        Index Cond: (id = 2228667)

table 2 : explain UPDATE sbtest2 SET c='foobar' WHERE id=7940988
	Update on sbtest2  (cost=0.43..8.45 rows=0 width=0)
	  ->  Index Scan using sbtest2_pkey on sbtest2  (cost=0.43..8.45 rows=1 width=490)
	        Index Cond: (id = 7940988)

table 3 : explain UPDATE sbtest3 SET c='foobar' WHERE id=9574940
	Update on sbtest3  (cost=0.43..8.45 rows=0 width=0)
	  ->  Index Scan using sbtest3_pkey on sbtest3  (cost=0.43..8.45 rows=1 width=490)
	        Index Cond: (id = 9574940)

table 4 : explain UPDATE sbtest4 SET c='foobar' WHERE id=1268165
	Update on sbtest4  (cost=0.43..8.45 rows=0 width=0)
	  ->  Index Scan using sbtest4_pkey on sbtest4  (cost=0.43..8.45 rows=1 width=490)
	        Index Cond: (id = 1268165)

table 5 : explain UPDATE sbtest5 SET c='foobar' WHERE id=8057317
	Update on sbtest5  (cost=0.43..8.45 rows=0 width=0)
	  ->  Index Scan using sbtest5_pkey on sbtest5  (cost=0.43..8.45 rows=1 width=490)
	        Index Cond: (id = 8057317)

table 6 : explain UPDATE sbtest6 SET c='foobar' WHERE id=4944205
	Update on sbtest6  (cost=0.43..8.45 rows=0 width=0)
	  ->  Index Scan using sbtest6_pkey on sbtest6  (cost=0.43..8.45 rows=1 width=490)
	        Index Cond: (id = 4944205)

table 7 : explain UPDATE sbtest7 SET c='foobar' WHERE id=481074
	Update on sbtest7  (cost=0.43..8.45 rows=0 width=0)
	  ->  Index Scan using sbtest7_pkey on sbtest7  (cost=0.43..8.45 rows=1 width=490)
	        Index Cond: (id = 481074)

table 8 : explain UPDATE sbtest8 SET c='foobar' WHERE id=698424
	Update on sbtest8  (cost=0.43..8.45 rows=0 width=0)
	  ->  Index Scan using sbtest8_pkey on sbtest8  (cost=0.43..8.45 rows=1 width=490)
	        Index Cond: (id = 698424)

for non_index_updates
table 1 : explain UPDATE sbtest1 SET c='foobar' WHERE id=9125299
	Update on sbtest1  (cost=0.43..8.45 rows=0 width=0)
	  ->  Index Scan using sbtest1_pkey on sbtest1  (cost=0.43..8.45 rows=1 width=490)
	        Index Cond: (id = 9125299)

table 2 : explain UPDATE sbtest2 SET c='foobar' WHERE id=3994689
	Update on sbtest2  (cost=0.43..8.45 rows=0 width=0)
	  ->  Index Scan using sbtest2_pkey on sbtest2  (cost=0.43..8.45 rows=1 width=490)
	        Index Cond: (id = 3994689)

table 3 : explain UPDATE sbtest3 SET c='foobar' WHERE id=7932787
	Update on sbtest3  (cost=0.43..8.45 rows=0 width=0)
	  ->  Index Scan using sbtest3_pkey on sbtest3  (cost=0.43..8.45 rows=1 width=490)
	        Index Cond: (id = 7932787)

table 4 : explain UPDATE sbtest4 SET c='foobar' WHERE id=3307152
	Update on sbtest4  (cost=0.43..8.45 rows=0 width=0)
	  ->  Index Scan using sbtest4_pkey on sbtest4  (cost=0.43..8.45 rows=1 width=490)
	        Index Cond: (id = 3307152)

table 5 : explain UPDATE sbtest5 SET c='foobar' WHERE id=1945224
	Update on sbtest5  (cost=0.43..8.45 rows=0 width=0)
	  ->  Index Scan using sbtest5_pkey on sbtest5  (cost=0.43..8.45 rows=1 width=490)
	        Index Cond: (id = 1945224)

table 6 : explain UPDATE sbtest6 SET c='foobar' WHERE id=2704344
	Update on sbtest6  (cost=0.43..8.45 rows=0 width=0)
	  ->  Index Scan using sbtest6_pkey on sbtest6  (cost=0.43..8.45 rows=1 width=490)
	        Index Cond: (id = 2704344)

table 7 : explain UPDATE sbtest7 SET c='foobar' WHERE id=6989984
	Update on sbtest7  (cost=0.43..8.45 rows=0 width=0)
	  ->  Index Scan using sbtest7_pkey on sbtest7  (cost=0.43..8.45 rows=1 width=490)
	        Index Cond: (id = 6989984)

table 8 : explain UPDATE sbtest8 SET c='foobar' WHERE id=1689514
	Update on sbtest8  (cost=0.43..8.45 rows=0 width=0)
	  ->  Index Scan using sbtest8_pkey on sbtest8  (cost=0.43..8.45 rows=1 width=490)
	        Index Cond: (id = 1689514)

for: distinct_ranges
table 1 : explain SELECT DISTINCT c FROM sbtest1 WHERE id BETWEEN 915102 AND 915201 ORDER BY c
	Unique  (cost=377.37..377.85 rows=96 width=121)
	  ->  Sort  (cost=377.37..377.61 rows=96 width=121)
	        Sort Key: c
	        ->  Index Scan using sbtest1_pkey on sbtest1  (cost=0.43..374.20 rows=96 width=121)
	              Index Cond: ((id >= 915102) AND (id <= 915201))

table 2 : explain SELECT DISTINCT c FROM sbtest2 WHERE id BETWEEN 8681870 AND 8681969 ORDER BY c
	Unique  (cost=371.80..372.27 rows=95 width=121)
	  ->  Sort  (cost=371.80..372.03 rows=95 width=121)
	        Sort Key: c
	        ->  Index Scan using sbtest2_pkey on sbtest2  (cost=0.43..368.67 rows=95 width=121)
	              Index Cond: ((id >= 8681870) AND (id <= 8681969))

table 3 : explain SELECT DISTINCT c FROM sbtest3 WHERE id BETWEEN 1714833 AND 1714932 ORDER BY c
	Unique  (cost=409.42..409.94 rows=104 width=121)
	  ->  Sort  (cost=409.42..409.68 rows=104 width=121)
	        Sort Key: c
	        ->  Index Scan using sbtest3_pkey on sbtest3  (cost=0.43..405.94 rows=104 width=121)
	              Index Cond: ((id >= 1714833) AND (id <= 1714932))

table 4 : explain SELECT DISTINCT c FROM sbtest4 WHERE id BETWEEN 88314 AND 88413 ORDER BY c
	Unique  (cost=425.61..426.15 rows=108 width=121)
	  ->  Sort  (cost=425.61..425.88 rows=108 width=121)
	        Sort Key: c
	        ->  Index Scan using sbtest4_pkey on sbtest4  (cost=0.43..421.96 rows=108 width=121)
	              Index Cond: ((id >= 88314) AND (id <= 88413))

table 5 : explain SELECT DISTINCT c FROM sbtest5 WHERE id BETWEEN 1929669 AND 1929768 ORDER BY c
	Unique  (cost=425.36..425.90 rows=109 width=121)
	  ->  Sort  (cost=425.36..425.63 rows=109 width=121)
	        Sort Key: c
	        ->  Index Scan using sbtest5_pkey on sbtest5  (cost=0.43..421.67 rows=109 width=121)
	              Index Cond: ((id >= 1929669) AND (id <= 1929768))

table 6 : explain SELECT DISTINCT c FROM sbtest6 WHERE id BETWEEN 2261022 AND 2261121 ORDER BY c
	Unique  (cost=375.13..375.61 rows=96 width=121)
	  ->  Sort  (cost=375.13..375.37 rows=96 width=121)
	        Sort Key: c
	        ->  Index Scan using sbtest6_pkey on sbtest6  (cost=0.43..371.97 rows=96 width=121)
	              Index Cond: ((id >= 2261022) AND (id <= 2261121))

table 7 : explain SELECT DISTINCT c FROM sbtest7 WHERE id BETWEEN 7836710 AND 7836809 ORDER BY c
	Unique  (cost=390.92..391.42 rows=100 width=121)
	  ->  Sort  (cost=390.92..391.17 rows=100 width=121)
	        Sort Key: c
	        ->  Index Scan using sbtest7_pkey on sbtest7  (cost=0.43..387.60 rows=100 width=121)
	              Index Cond: ((id >= 7836710) AND (id <= 7836809))

table 8 : explain SELECT DISTINCT c FROM sbtest8 WHERE id BETWEEN 1991774 AND 1991873 ORDER BY c
	Unique  (cost=372.51..372.98 rows=95 width=121)
	  ->  Sort  (cost=372.51..372.74 rows=95 width=121)
	        Sort Key: c
	        ->  Index Scan using sbtest8_pkey on sbtest8  (cost=0.43..369.38 rows=95 width=121)
	              Index Cond: ((id >= 1991774) AND (id <= 1991873))

for: sum_ranges
table 1 : explain SELECT SUM(k) FROM sbtest1 WHERE id BETWEEN 6469559 AND 6469658
	Aggregate  (cost=389.85..389.86 rows=1 width=8)
	  ->  Index Scan using sbtest1_pkey on sbtest1  (cost=0.43..389.60 rows=100 width=4)
	        Index Cond: ((id >= 6469559) AND (id <= 6469658))

table 2 : explain SELECT SUM(k) FROM sbtest2 WHERE id BETWEEN 6022690 AND 6022789
	Aggregate  (cost=395.79..395.80 rows=1 width=8)
	  ->  Index Scan using sbtest2_pkey on sbtest2  (cost=0.43..395.54 rows=102 width=4)
	        Index Cond: ((id >= 6022690) AND (id <= 6022789))

table 3 : explain SELECT SUM(k) FROM sbtest3 WHERE id BETWEEN 2107730 AND 2107829
	Aggregate  (cost=371.41..371.42 rows=1 width=8)
	  ->  Index Scan using sbtest3_pkey on sbtest3  (cost=0.43..371.18 rows=95 width=4)
	        Index Cond: ((id >= 2107730) AND (id <= 2107829))

table 4 : explain SELECT SUM(k) FROM sbtest4 WHERE id BETWEEN 3471997 AND 3472096
	Aggregate  (cost=368.07..368.08 rows=1 width=8)
	  ->  Index Scan using sbtest4_pkey on sbtest4  (cost=0.43..367.84 rows=94 width=4)
	        Index Cond: ((id >= 3471997) AND (id <= 3472096))

table 5 : explain SELECT SUM(k) FROM sbtest5 WHERE id BETWEEN 2446988 AND 2447087
	Aggregate  (cost=398.98..398.99 rows=1 width=8)
	  ->  Index Scan using sbtest5_pkey on sbtest5  (cost=0.43..398.72 rows=103 width=4)
	        Index Cond: ((id >= 2446988) AND (id <= 2447087))

table 6 : explain SELECT SUM(k) FROM sbtest6 WHERE id BETWEEN 2969881 AND 2969980
	Aggregate  (cost=399.05..399.06 rows=1 width=8)
	  ->  Index Scan using sbtest6_pkey on sbtest6  (cost=0.43..398.80 rows=103 width=4)
	        Index Cond: ((id >= 2969881) AND (id <= 2969980))

table 7 : explain SELECT SUM(k) FROM sbtest7 WHERE id BETWEEN 3144150 AND 3144249
	Aggregate  (cost=418.50..418.51 rows=1 width=8)
	  ->  Index Scan using sbtest7_pkey on sbtest7  (cost=0.43..418.23 rows=108 width=4)
	        Index Cond: ((id >= 3144150) AND (id <= 3144249))

table 8 : explain SELECT SUM(k) FROM sbtest8 WHERE id BETWEEN 4717397 AND 4717496
	Aggregate  (cost=411.92..411.93 rows=1 width=8)
	  ->  Index Scan using sbtest8_pkey on sbtest8  (cost=0.43..411.66 rows=106 width=4)
	        Index Cond: ((id >= 4717397) AND (id <= 4717496))

for: sum_ranges
table 1 : explain SELECT SUM(k) FROM sbtest1 WHERE id BETWEEN 5511712 AND 5511811
	Aggregate  (cost=424.56..424.57 rows=1 width=8)
	  ->  Index Scan using sbtest1_pkey on sbtest1  (cost=0.43..424.29 rows=109 width=4)
	        Index Cond: ((id >= 5511712) AND (id <= 5511811))

table 2 : explain SELECT SUM(k) FROM sbtest2 WHERE id BETWEEN 3615447 AND 3615546
	Aggregate  (cost=349.74..349.75 rows=1 width=8)
	  ->  Index Scan using sbtest2_pkey on sbtest2  (cost=0.43..349.52 rows=90 width=4)
	        Index Cond: ((id >= 3615447) AND (id <= 3615546))

table 3 : explain SELECT SUM(k) FROM sbtest3 WHERE id BETWEEN 8271104 AND 8271203
	Aggregate  (cost=413.92..413.93 rows=1 width=8)
	  ->  Index Scan using sbtest3_pkey on sbtest3  (cost=0.43..413.65 rows=106 width=4)
	        Index Cond: ((id >= 8271104) AND (id <= 8271203))

table 4 : explain SELECT SUM(k) FROM sbtest4 WHERE id BETWEEN 1348446 AND 1348545
	Aggregate  (cost=375.80..375.81 rows=1 width=8)
	  ->  Index Scan using sbtest4_pkey on sbtest4  (cost=0.43..375.56 rows=96 width=4)
	        Index Cond: ((id >= 1348446) AND (id <= 1348545))

table 5 : explain SELECT SUM(k) FROM sbtest5 WHERE id BETWEEN 7638588 AND 7638687
	Aggregate  (cost=391.33..391.34 rows=1 width=8)
	  ->  Index Scan using sbtest5_pkey on sbtest5  (cost=0.43..391.07 rows=101 width=4)
	        Index Cond: ((id >= 7638588) AND (id <= 7638687))

table 6 : explain SELECT SUM(k) FROM sbtest6 WHERE id BETWEEN 8364946 AND 8365045
	Aggregate  (cost=376.04..376.05 rows=1 width=8)
	  ->  Index Scan using sbtest6_pkey on sbtest6  (cost=0.43..375.79 rows=97 width=4)
	        Index Cond: ((id >= 8364946) AND (id <= 8365045))

table 7 : explain SELECT SUM(k) FROM sbtest7 WHERE id BETWEEN 4479362 AND 4479461
	Aggregate  (cost=395.51..395.52 rows=1 width=8)
	  ->  Index Scan using sbtest7_pkey on sbtest7  (cost=0.43..395.26 rows=102 width=4)
	        Index Cond: ((id >= 4479362) AND (id <= 4479461))

table 8 : explain SELECT SUM(k) FROM sbtest8 WHERE id BETWEEN 9342679 AND 9342778
	Aggregate  (cost=396.56..396.57 rows=1 width=8)
	  ->  Index Scan using sbtest8_pkey on sbtest8  (cost=0.43..396.30 rows=102 width=4)
	        Index Cond: ((id >= 9342679) AND (id <= 9342778))

for: order_ranges
table 1 : explain SELECT c FROM sbtest1 WHERE id BETWEEN 6365923 AND 6366022 ORDER BY c
	Sort  (cost=377.37..377.61 rows=96 width=121)
	  Sort Key: c
	  ->  Index Scan using sbtest1_pkey on sbtest1  (cost=0.43..374.20 rows=96 width=121)
	        Index Cond: ((id >= 6365923) AND (id <= 6366022))

table 2 : explain SELECT c FROM sbtest2 WHERE id BETWEEN 8394036 AND 8394135 ORDER BY c
	Sort  (cost=379.54..379.78 rows=97 width=121)
	  Sort Key: c
	  ->  Index Scan using sbtest2_pkey on sbtest2  (cost=0.43..376.34 rows=97 width=121)
	        Index Cond: ((id >= 8394036) AND (id <= 8394135))

table 3 : explain SELECT c FROM sbtest3 WHERE id BETWEEN 5349850 AND 5349949 ORDER BY c
	Sort  (cost=393.79..394.04 rows=100 width=121)
	  Sort Key: c
	  ->  Index Scan using sbtest3_pkey on sbtest3  (cost=0.43..390.46 rows=100 width=121)
	        Index Cond: ((id >= 5349850) AND (id <= 5349949))

table 4 : explain SELECT c FROM sbtest4 WHERE id BETWEEN 6374430 AND 6374529 ORDER BY c
	Sort  (cost=394.34..394.59 rows=100 width=121)
	  Sort Key: c
	  ->  Index Scan using sbtest4_pkey on sbtest4  (cost=0.43..391.02 rows=100 width=121)
	        Index Cond: ((id >= 6374430) AND (id <= 6374529))

table 5 : explain SELECT c FROM sbtest5 WHERE id BETWEEN 4699659 AND 4699758 ORDER BY c
	Sort  (cost=433.09..433.37 rows=111 width=121)
	  Sort Key: c
	  ->  Index Scan using sbtest5_pkey on sbtest5  (cost=0.43..429.32 rows=111 width=121)
	        Index Cond: ((id >= 4699659) AND (id <= 4699758))

table 6 : explain SELECT c FROM sbtest6 WHERE id BETWEEN 8891620 AND 8891719 ORDER BY c
	Sort  (cost=363.53..363.77 rows=93 width=121)
	  Sort Key: c
	  ->  Index Scan using sbtest6_pkey on sbtest6  (cost=0.43..360.49 rows=93 width=121)
	        Index Cond: ((id >= 8891620) AND (id <= 8891719))

table 7 : explain SELECT c FROM sbtest7 WHERE id BETWEEN 8985289 AND 8985388 ORDER BY c
	Sort  (cost=387.01..387.25 rows=99 width=121)
	  Sort Key: c
	  ->  Index Scan using sbtest7_pkey on sbtest7  (cost=0.43..383.72 rows=99 width=121)
	        Index Cond: ((id >= 8985289) AND (id <= 8985388))

table 8 : explain SELECT c FROM sbtest8 WHERE id BETWEEN 3874555 AND 3874654 ORDER BY c
	Sort  (cost=380.26..380.51 rows=97 width=121)
	  Sort Key: c
	  ->  Index Scan using sbtest8_pkey on sbtest8  (cost=0.43..377.06 rows=97 width=121)
	        Index Cond: ((id >= 3874555) AND (id <= 3874654))

for: sum_ranges
table 1 : explain SELECT SUM(k) FROM sbtest1 WHERE id BETWEEN 364368 AND 364467
	Aggregate  (cost=359.04..359.05 rows=1 width=8)
	  ->  Index Scan using sbtest1_pkey on sbtest1  (cost=0.43..358.81 rows=92 width=4)
	        Index Cond: ((id >= 364368) AND (id <= 364467))

table 2 : explain SELECT SUM(k) FROM sbtest2 WHERE id BETWEEN 1098600 AND 1098699
	Aggregate  (cost=357.41..357.42 rows=1 width=8)
	  ->  Index Scan using sbtest2_pkey on sbtest2  (cost=0.43..357.18 rows=92 width=4)
	        Index Cond: ((id >= 1098600) AND (id <= 1098699))

table 3 : explain SELECT SUM(k) FROM sbtest3 WHERE id BETWEEN 9192692 AND 9192791
	Aggregate  (cost=363.69..363.70 rows=1 width=8)
	  ->  Index Scan using sbtest3_pkey on sbtest3  (cost=0.43..363.46 rows=93 width=4)
	        Index Cond: ((id >= 9192692) AND (id <= 9192791))

table 4 : explain SELECT SUM(k) FROM sbtest4 WHERE id BETWEEN 9331507 AND 9331606
	Aggregate  (cost=395.17..395.18 rows=1 width=8)
	  ->  Index Scan using sbtest4_pkey on sbtest4  (cost=0.43..394.92 rows=101 width=4)
	        Index Cond: ((id >= 9331507) AND (id <= 9331606))

table 5 : explain SELECT SUM(k) FROM sbtest5 WHERE id BETWEEN 9024346 AND 9024445
	Aggregate  (cost=375.97..375.98 rows=1 width=8)
	  ->  Index Scan using sbtest5_pkey on sbtest5  (cost=0.43..375.72 rows=97 width=4)
	        Index Cond: ((id >= 9024346) AND (id <= 9024445))

table 6 : explain SELECT SUM(k) FROM sbtest6 WHERE id BETWEEN 7855920 AND 7856019
	Aggregate  (cost=383.69..383.70 rows=1 width=8)
	  ->  Index Scan using sbtest6_pkey on sbtest6  (cost=0.43..383.44 rows=99 width=4)
	        Index Cond: ((id >= 7855920) AND (id <= 7856019))

table 7 : explain SELECT SUM(k) FROM sbtest7 WHERE id BETWEEN 8980001 AND 8980100
	Aggregate  (cost=383.97..383.98 rows=1 width=8)
	  ->  Index Scan using sbtest7_pkey on sbtest7  (cost=0.43..383.72 rows=99 width=4)
	        Index Cond: ((id >= 8980001) AND (id <= 8980100))

table 8 : explain SELECT SUM(k) FROM sbtest8 WHERE id BETWEEN 8875094 AND 8875193
	Aggregate  (cost=396.56..396.57 rows=1 width=8)
	  ->  Index Scan using sbtest8_pkey on sbtest8  (cost=0.43..396.30 rows=102 width=4)
	        Index Cond: ((id >= 8875094) AND (id <= 8875193))

for: simple_ranges
table 1 : explain SELECT c FROM sbtest1 WHERE id BETWEEN 6025478 AND 6025577
	Index Scan using sbtest1_pkey on sbtest1  (cost=0.43..370.36 rows=95 width=121)
	  Index Cond: ((id >= 6025478) AND (id <= 6025577))

table 2 : explain SELECT c FROM sbtest2 WHERE id BETWEEN 696836 AND 696935
	Index Scan using sbtest2_pkey on sbtest2  (cost=0.43..407.03 rows=105 width=121)
	  Index Cond: ((id >= 696836) AND (id <= 696935))

table 3 : explain SELECT c FROM sbtest3 WHERE id BETWEEN 1652409 AND 1652508
	Index Scan using sbtest3_pkey on sbtest3  (cost=0.43..390.46 rows=100 width=121)
	  Index Cond: ((id >= 1652409) AND (id <= 1652508))

table 4 : explain SELECT c FROM sbtest4 WHERE id BETWEEN 4219253 AND 4219352
	Index Scan using sbtest4_pkey on sbtest4  (cost=0.43..394.92 rows=101 width=121)
	  Index Cond: ((id >= 4219253) AND (id <= 4219352))

table 5 : explain SELECT c FROM sbtest5 WHERE id BETWEEN 9479535 AND 9479634
	Index Scan using sbtest5_pkey on sbtest5  (cost=0.43..414.02 rows=107 width=121)
	  Index Cond: ((id >= 9479535) AND (id <= 9479634))

table 6 : explain SELECT c FROM sbtest6 WHERE id BETWEEN 3187025 AND 3187124
	Index Scan using sbtest6_pkey on sbtest6  (cost=0.43..356.67 rows=92 width=121)
	  Index Cond: ((id >= 3187025) AND (id <= 3187124))

table 7 : explain SELECT c FROM sbtest7 WHERE id BETWEEN 7802200 AND 7802299
	Index Scan using sbtest7_pkey on sbtest7  (cost=0.43..360.75 rows=93 width=121)
	  Index Cond: ((id >= 7802200) AND (id <= 7802299))

table 8 : explain SELECT c FROM sbtest8 WHERE id BETWEEN 873484 AND 873583
	Index Scan using sbtest8_pkey on sbtest8  (cost=0.43..388.62 rows=100 width=121)
	  Index Cond: ((id >= 873484) AND (id <= 873583))

explain: for index_updates :: explain UPDATE sbtest%u SET k=k+1 WHERE id=%u
explain: for index_updates :: explain UPDATE sbtest%u SET k=k+1 WHERE id=%u
explain: for deletes :: explain DELETE FROM sbtest%u WHERE id=%u
for deletes
table 1 : explain DELETE FROM sbtest1 WHERE id=7431304
	Delete on sbtest1  (cost=0.43..8.45 rows=0 width=0)
	  ->  Index Scan using sbtest1_pkey on sbtest1  (cost=0.43..8.45 rows=1 width=6)
	        Index Cond: (id = 7431304)

table 2 : explain DELETE FROM sbtest2 WHERE id=5931162
	Delete on sbtest2  (cost=0.43..8.45 rows=0 width=0)
	  ->  Index Scan using sbtest2_pkey on sbtest2  (cost=0.43..8.45 rows=1 width=6)
	        Index Cond: (id = 5931162)

table 3 : explain DELETE FROM sbtest3 WHERE id=1802074
	Delete on sbtest3  (cost=0.43..8.45 rows=0 width=0)
	  ->  Index Scan using sbtest3_pkey on sbtest3  (cost=0.43..8.45 rows=1 width=6)
	        Index Cond: (id = 1802074)

table 4 : explain DELETE FROM sbtest4 WHERE id=1510534
	Delete on sbtest4  (cost=0.43..8.45 rows=0 width=0)
	  ->  Index Scan using sbtest4_pkey on sbtest4  (cost=0.43..8.45 rows=1 width=6)
	        Index Cond: (id = 1510534)

table 5 : explain DELETE FROM sbtest5 WHERE id=8878887
	Delete on sbtest5  (cost=0.43..8.45 rows=0 width=0)
	  ->  Index Scan using sbtest5_pkey on sbtest5  (cost=0.43..8.45 rows=1 width=6)
	        Index Cond: (id = 8878887)

table 6 : explain DELETE FROM sbtest6 WHERE id=6112416
	Delete on sbtest6  (cost=0.43..8.45 rows=0 width=0)
	  ->  Index Scan using sbtest6_pkey on sbtest6  (cost=0.43..8.45 rows=1 width=6)
	        Index Cond: (id = 6112416)

table 7 : explain DELETE FROM sbtest7 WHERE id=5667243
	Delete on sbtest7  (cost=0.43..8.45 rows=0 width=0)
	  ->  Index Scan using sbtest7_pkey on sbtest7  (cost=0.43..8.45 rows=1 width=6)
	        Index Cond: (id = 5667243)

table 8 : explain DELETE FROM sbtest8 WHERE id=9619325
	Delete on sbtest8  (cost=0.43..8.45 rows=0 width=0)
	  ->  Index Scan using sbtest8_pkey on sbtest8  (cost=0.43..8.45 rows=1 width=6)
	        Index Cond: (id = 9619325)

for point_selects
table 1 : explain SELECT c FROM sbtest1 WHERE id=6389062
	Index Scan using sbtest1_pkey on sbtest1  (cost=0.43..8.45 rows=1 width=121)
	  Index Cond: (id = 6389062)

table 2 : explain SELECT c FROM sbtest2 WHERE id=5033549
	Index Scan using sbtest2_pkey on sbtest2  (cost=0.43..8.45 rows=1 width=121)
	  Index Cond: (id = 5033549)

table 3 : explain SELECT c FROM sbtest3 WHERE id=4264827
	Index Scan using sbtest3_pkey on sbtest3  (cost=0.43..8.45 rows=1 width=121)
	  Index Cond: (id = 4264827)

table 4 : explain SELECT c FROM sbtest4 WHERE id=7876688
	Index Scan using sbtest4_pkey on sbtest4  (cost=0.43..8.45 rows=1 width=121)
	  Index Cond: (id = 7876688)

table 5 : explain SELECT c FROM sbtest5 WHERE id=4581315
	Index Scan using sbtest5_pkey on sbtest5  (cost=0.43..8.45 rows=1 width=121)
	  Index Cond: (id = 4581315)

table 6 : explain SELECT c FROM sbtest6 WHERE id=206692
	Index Scan using sbtest6_pkey on sbtest6  (cost=0.43..8.45 rows=1 width=121)
	  Index Cond: (id = 206692)

table 7 : explain SELECT c FROM sbtest7 WHERE id=1324240
	Index Scan using sbtest7_pkey on sbtest7  (cost=0.43..8.45 rows=1 width=121)
	  Index Cond: (id = 1324240)

table 8 : explain SELECT c FROM sbtest8 WHERE id=6304046
	Index Scan using sbtest8_pkey on sbtest8  (cost=0.43..8.45 rows=1 width=121)
	  Index Cond: (id = 6304046)

for non_index_updates
table 1 : explain UPDATE sbtest1 SET c='foobar' WHERE id=7692268
	Update on sbtest1  (cost=0.43..8.45 rows=0 width=0)
	  ->  Index Scan using sbtest1_pkey on sbtest1  (cost=0.43..8.45 rows=1 width=490)
	        Index Cond: (id = 7692268)

table 2 : explain UPDATE sbtest2 SET c='foobar' WHERE id=2424143
	Update on sbtest2  (cost=0.43..8.45 rows=0 width=0)
	  ->  Index Scan using sbtest2_pkey on sbtest2  (cost=0.43..8.45 rows=1 width=490)
	        Index Cond: (id = 2424143)

table 3 : explain UPDATE sbtest3 SET c='foobar' WHERE id=2970287
	Update on sbtest3  (cost=0.43..8.45 rows=0 width=0)
	  ->  Index Scan using sbtest3_pkey on sbtest3  (cost=0.43..8.45 rows=1 width=490)
	        Index Cond: (id = 2970287)

table 4 : explain UPDATE sbtest4 SET c='foobar' WHERE id=7287011
	Update on sbtest4  (cost=0.43..8.45 rows=0 width=0)
	  ->  Index Scan using sbtest4_pkey on sbtest4  (cost=0.43..8.45 rows=1 width=490)
	        Index Cond: (id = 7287011)

table 5 : explain UPDATE sbtest5 SET c='foobar' WHERE id=1805800
	Update on sbtest5  (cost=0.43..8.45 rows=0 width=0)
	  ->  Index Scan using sbtest5_pkey on sbtest5  (cost=0.43..8.45 rows=1 width=490)
	        Index Cond: (id = 1805800)

table 6 : explain UPDATE sbtest6 SET c='foobar' WHERE id=6670674
	Update on sbtest6  (cost=0.43..8.45 rows=0 width=0)
	  ->  Index Scan using sbtest6_pkey on sbtest6  (cost=0.43..8.45 rows=1 width=490)
	        Index Cond: (id = 6670674)

table 7 : explain UPDATE sbtest7 SET c='foobar' WHERE id=4727695
	Update on sbtest7  (cost=0.43..8.45 rows=0 width=0)
	  ->  Index Scan using sbtest7_pkey on sbtest7  (cost=0.43..8.45 rows=1 width=490)
	        Index Cond: (id = 4727695)

table 8 : explain UPDATE sbtest8 SET c='foobar' WHERE id=3463706
	Update on sbtest8  (cost=0.43..8.45 rows=0 width=0)
	  ->  Index Scan using sbtest8_pkey on sbtest8  (cost=0.43..8.45 rows=1 width=490)
	        Index Cond: (id = 3463706)

for point_selects
table 1 : explain SELECT c FROM sbtest1 WHERE id=4445137
	Index Scan using sbtest1_pkey on sbtest1  (cost=0.43..8.45 rows=1 width=121)
	  Index Cond: (id = 4445137)

table 2 : explain SELECT c FROM sbtest2 WHERE id=3183867
	Index Scan using sbtest2_pkey on sbtest2  (cost=0.43..8.45 rows=1 width=121)
	  Index Cond: (id = 3183867)

table 3 : explain SELECT c FROM sbtest3 WHERE id=4673933
	Index Scan using sbtest3_pkey on sbtest3  (cost=0.43..8.45 rows=1 width=121)
	  Index Cond: (id = 4673933)

table 4 : explain SELECT c FROM sbtest4 WHERE id=3680102
	Index Scan using sbtest4_pkey on sbtest4  (cost=0.43..8.45 rows=1 width=121)
	  Index Cond: (id = 3680102)

table 5 : explain SELECT c FROM sbtest5 WHERE id=271271
	Index Scan using sbtest5_pkey on sbtest5  (cost=0.43..8.45 rows=1 width=121)
	  Index Cond: (id = 271271)

table 6 : explain SELECT c FROM sbtest6 WHERE id=9111576
	Index Scan using sbtest6_pkey on sbtest6  (cost=0.43..8.45 rows=1 width=121)
	  Index Cond: (id = 9111576)

table 7 : explain SELECT c FROM sbtest7 WHERE id=7733459
	Index Scan using sbtest7_pkey on sbtest7  (cost=0.43..8.45 rows=1 width=121)
	  Index Cond: (id = 7733459)

table 8 : explain SELECT c FROM sbtest8 WHERE id=3290138
	Index Scan using sbtest8_pkey on sbtest8  (cost=0.43..8.45 rows=1 width=121)
	  Index Cond: (id = 3290138)

for: distinct_ranges
table 1 : explain SELECT DISTINCT c FROM sbtest1 WHERE id BETWEEN 5572279 AND 5572378 ORDER BY c
	Unique  (cost=389.03..389.53 rows=99 width=121)
	  ->  Sort  (cost=389.03..389.28 rows=99 width=121)
	        Sort Key: c
	        ->  Index Scan using sbtest1_pkey on sbtest1  (cost=0.43..385.75 rows=99 width=121)
	              Index Cond: ((id >= 5572279) AND (id <= 5572378))

table 2 : explain SELECT DISTINCT c FROM sbtest2 WHERE id BETWEEN 950574 AND 950673 ORDER BY c
	Unique  (cost=391.20..391.70 rows=100 width=121)
	  ->  Sort  (cost=391.20..391.45 rows=100 width=121)
	        Sort Key: c
	        ->  Index Scan using sbtest2_pkey on sbtest2  (cost=0.43..387.88 rows=100 width=121)
	              Index Cond: ((id >= 950574) AND (id <= 950673))

table 3 : explain SELECT DISTINCT c FROM sbtest3 WHERE id BETWEEN 4608287 AND 4608386 ORDER BY c
	Unique  (cost=393.79..394.29 rows=100 width=121)
	  ->  Sort  (cost=393.79..394.04 rows=100 width=121)
	        Sort Key: c
	        ->  Index Scan using sbtest3_pkey on sbtest3  (cost=0.43..390.46 rows=100 width=121)
	              Index Cond: ((id >= 4608287) AND (id <= 4608386))

table 4 : explain SELECT DISTINCT c FROM sbtest4 WHERE id BETWEEN 9943255 AND 9943354 ORDER BY c
	Unique  (cost=413.90..414.42 rows=105 width=121)
	  ->  Sort  (cost=413.90..414.16 rows=105 width=121)
	        Sort Key: c
	        ->  Index Scan using sbtest4_pkey on sbtest4  (cost=0.43..410.37 rows=105 width=121)
	              Index Cond: ((id >= 9943255) AND (id <= 9943354))

table 5 : explain SELECT DISTINCT c FROM sbtest5 WHERE id BETWEEN 1755575 AND 1755674 ORDER BY c
	Unique  (cost=417.63..418.16 rows=107 width=121)
	  ->  Sort  (cost=417.63..417.90 rows=107 width=121)
	        Sort Key: c
	        ->  Index Scan using sbtest5_pkey on sbtest5  (cost=0.43..414.02 rows=107 width=121)
	              Index Cond: ((id >= 1755575) AND (id <= 1755674))

table 6 : explain SELECT DISTINCT c FROM sbtest6 WHERE id BETWEEN 8250839 AND 8250938 ORDER BY c
	Unique  (cost=382.86..383.35 rows=98 width=121)
	  ->  Sort  (cost=382.86..383.11 rows=98 width=121)
	        Sort Key: c
	        ->  Index Scan using sbtest6_pkey on sbtest6  (cost=0.43..379.62 rows=98 width=121)
	              Index Cond: ((id >= 8250839) AND (id <= 8250938))

table 7 : explain SELECT DISTINCT c FROM sbtest7 WHERE id BETWEEN 8346566 AND 8346665 ORDER BY c
	Unique  (cost=390.87..391.37 rows=100 width=121)
	  ->  Sort  (cost=390.87..391.12 rows=100 width=121)
	        Sort Key: c
	        ->  Index Scan using sbtest7_pkey on sbtest7  (cost=0.43..387.55 rows=100 width=121)
	              Index Cond: ((id >= 8346566) AND (id <= 8346665))

table 8 : explain SELECT DISTINCT c FROM sbtest8 WHERE id BETWEEN 2463196 AND 2463295 ORDER BY c
	Unique  (cost=411.34..411.87 rows=105 width=121)
	  ->  Sort  (cost=411.34..411.60 rows=105 width=121)
	        Sort Key: c
	        ->  Index Scan using sbtest8_pkey on sbtest8  (cost=0.43..407.82 rows=105 width=121)
	              Index Cond: ((id >= 2463196) AND (id <= 2463295))

for index_updates
table 1 : explain UPDATE sbtest1 SET k=k+1 WHERE id=9213740
	Update on sbtest1  (cost=0.43..8.46 rows=0 width=0)
	  ->  Index Scan using sbtest1_pkey on sbtest1  (cost=0.43..8.46 rows=1 width=10)
	        Index Cond: (id = 9213740)

table 2 : explain UPDATE sbtest2 SET k=k+1 WHERE id=3749107
	Update on sbtest2  (cost=0.43..8.46 rows=0 width=0)
	  ->  Index Scan using sbtest2_pkey on sbtest2  (cost=0.43..8.46 rows=1 width=10)
	        Index Cond: (id = 3749107)

table 3 : explain UPDATE sbtest3 SET k=k+1 WHERE id=8903341
	Update on sbtest3  (cost=0.43..8.46 rows=0 width=0)
	  ->  Index Scan using sbtest3_pkey on sbtest3  (cost=0.43..8.46 rows=1 width=10)
	        Index Cond: (id = 8903341)

table 4 : explain UPDATE sbtest4 SET k=k+1 WHERE id=1068187
	Update on sbtest4  (cost=0.43..8.46 rows=0 width=0)
	  ->  Index Scan using sbtest4_pkey on sbtest4  (cost=0.43..8.46 rows=1 width=10)
	        Index Cond: (id = 1068187)

table 5 : explain UPDATE sbtest5 SET k=k+1 WHERE id=4783385
	Update on sbtest5  (cost=0.43..8.46 rows=0 width=0)
	  ->  Index Scan using sbtest5_pkey on sbtest5  (cost=0.43..8.46 rows=1 width=10)
	        Index Cond: (id = 4783385)

table 6 : explain UPDATE sbtest6 SET k=k+1 WHERE id=3085404
	Update on sbtest6  (cost=0.43..8.46 rows=0 width=0)
	  ->  Index Scan using sbtest6_pkey on sbtest6  (cost=0.43..8.46 rows=1 width=10)
	        Index Cond: (id = 3085404)

table 7 : explain UPDATE sbtest7 SET k=k+1 WHERE id=9800555
	Update on sbtest7  (cost=0.43..8.46 rows=0 width=0)
	  ->  Index Scan using sbtest7_pkey on sbtest7  (cost=0.43..8.46 rows=1 width=10)
	        Index Cond: (id = 9800555)

table 8 : explain UPDATE sbtest8 SET k=k+1 WHERE id=2295879
	Update on sbtest8  (cost=0.43..8.46 rows=0 width=0)
	  ->  Index Scan using sbtest8_pkey on sbtest8  (cost=0.43..8.46 rows=1 width=10)
	        Index Cond: (id = 2295879)
for point_selects
table 1 : explain SELECT c FROM sbtest1 WHERE id=1811455
	Index Scan using sbtest1_pkey on sbtest1  (cost=0.43..8.45 rows=1 width=121)
	  Index Cond: (id = 1811455)

table 2 : explain SELECT c FROM sbtest2 WHERE id=532819
	Index Scan using sbtest2_pkey on sbtest2  (cost=0.43..8.45 rows=1 width=121)
	  Index Cond: (id = 532819)

table 3 : explain SELECT c FROM sbtest3 WHERE id=5518284
	Index Scan using sbtest3_pkey on sbtest3  (cost=0.43..8.45 rows=1 width=121)
	  Index Cond: (id = 5518284)

table 4 : explain SELECT c FROM sbtest4 WHERE id=833590
	Index Scan using sbtest4_pkey on sbtest4  (cost=0.43..8.45 rows=1 width=121)
	  Index Cond: (id = 833590)

table 5 : explain SELECT c FROM sbtest5 WHERE id=8018784
	Index Scan using sbtest5_pkey on sbtest5  (cost=0.43..8.45 rows=1 width=121)
	  Index Cond: (id = 8018784)

table 6 : explain SELECT c FROM sbtest6 WHERE id=6867631
	Index Scan using sbtest6_pkey on sbtest6  (cost=0.43..8.45 rows=1 width=121)
	  Index Cond: (id = 6867631)

table 7 : explain SELECT c FROM sbtest7 WHERE id=3123946
	Index Scan using sbtest7_pkey on sbtest7  (cost=0.43..8.45 rows=1 width=121)
	  Index Cond: (id = 3123946)

table 8 : explain SELECT c FROM sbtest8 WHERE id=2346134
	Index Scan using sbtest8_pkey on sbtest8  (cost=0.43..8.45 rows=1 width=121)
	  Index Cond: (id = 2346134)
explain: for deletes :: explain DELETE FROM sbtest%u WHERE id=%u


for index_updates
table 1 : explain UPDATE sbtest1 SET k=k+1 WHERE id=8725567
	Update on sbtest1  (cost=0.43..8.46 rows=0 width=0)
	  ->  Index Scan using sbtest1_pkey on sbtest1  (cost=0.43..8.46 rows=1 width=10)
	        Index Cond: (id = 8725567)

table 2 : explain UPDATE sbtest2 SET k=k+1 WHERE id=1867053
	Update on sbtest2  (cost=0.43..8.46 rows=0 width=0)
	  ->  Index Scan using sbtest2_pkey on sbtest2  (cost=0.43..8.46 rows=1 width=10)
	        Index Cond: (id = 1867053)

table 3 : explain UPDATE sbtest3 SET k=k+1 WHERE id=5735632
	Update on sbtest3  (cost=0.43..8.46 rows=0 width=0)
	  ->  Index Scan using sbtest3_pkey on sbtest3  (cost=0.43..8.46 rows=1 width=10)
	        Index Cond: (id = 5735632)

table 4 : explain UPDATE sbtest4 SET k=k+1 WHERE id=2529914
	Update on sbtest4  (cost=0.43..8.46 rows=0 width=0)
	  ->  Index Scan using sbtest4_pkey on sbtest4  (cost=0.43..8.46 rows=1 width=10)
	        Index Cond: (id = 2529914)

table 5 : explain UPDATE sbtest5 SET k=k+1 WHERE id=6776368
	Update on sbtest5  (cost=0.43..8.46 rows=0 width=0)
	  ->  Index Scan using sbtest5_pkey on sbtest5  (cost=0.43..8.46 rows=1 width=10)
	        Index Cond: (id = 6776368)

table 6 : explain UPDATE sbtest6 SET k=k+1 WHERE id=4244141
	Update on sbtest6  (cost=0.43..8.46 rows=0 width=0)
	  ->  Index Scan using sbtest6_pkey on sbtest6  (cost=0.43..8.46 rows=1 width=10)
	        Index Cond: (id = 4244141)

table 7 : explain UPDATE sbtest7 SET k=k+1 WHERE id=2969868
	Update on sbtest7  (cost=0.43..8.46 rows=0 width=0)
	  ->  Index Scan using sbtest7_pkey on sbtest7  (cost=0.43..8.46 rows=1 width=10)
	        Index Cond: (id = 2969868)

table 8 : explain UPDATE sbtest8 SET k=k+1 WHERE id=7692814
	Update on sbtest8  (cost=0.43..8.46 rows=0 width=0)
	  ->  Index Scan using sbtest8_pkey on sbtest8  (cost=0.43..8.46 rows=1 width=10)
	        Index Cond: (id = 7692814)

explain: for index_updates :: explain UPDATE sbtest%u SET k=k+1 WHERE id=%u
explain: for deletes :: explain DELETE FROM sbtest%u WHERE id=%u
for deletes
table 1 : explain DELETE FROM sbtest1 WHERE id=7843797
	Delete on sbtest1  (cost=0.43..8.45 rows=0 width=0)
	  ->  Index Scan using sbtest1_pkey on sbtest1  (cost=0.43..8.45 rows=1 width=6)
	        Index Cond: (id = 7843797)

table 2 : explain DELETE FROM sbtest2 WHERE id=9299888
	Delete on sbtest2  (cost=0.43..8.45 rows=0 width=0)
	  ->  Index Scan using sbtest2_pkey on sbtest2  (cost=0.43..8.45 rows=1 width=6)
	        Index Cond: (id = 9299888)

table 3 : explain DELETE FROM sbtest3 WHERE id=9452213
	Delete on sbtest3  (cost=0.43..8.45 rows=0 width=0)
	  ->  Index Scan using sbtest3_pkey on sbtest3  (cost=0.43..8.45 rows=1 width=6)
	        Index Cond: (id = 9452213)

table 4 : explain DELETE FROM sbtest4 WHERE id=7685590
	Delete on sbtest4  (cost=0.43..8.45 rows=0 width=0)
	  ->  Index Scan using sbtest4_pkey on sbtest4  (cost=0.43..8.45 rows=1 width=6)
	        Index Cond: (id = 7685590)

table 5 : explain DELETE FROM sbtest5 WHERE id=8189083
	Delete on sbtest5  (cost=0.43..8.45 rows=0 width=0)
	  ->  Index Scan using sbtest5_pkey on sbtest5  (cost=0.43..8.45 rows=1 width=6)
	        Index Cond: (id = 8189083)

table 6 : explain DELETE FROM sbtest6 WHERE id=2511038
	Delete on sbtest6  (cost=0.43..8.45 rows=0 width=0)
	  ->  Index Scan using sbtest6_pkey on sbtest6  (cost=0.43..8.45 rows=1 width=6)
	        Index Cond: (id = 2511038)

table 7 : explain DELETE FROM sbtest7 WHERE id=2934437
	Delete on sbtest7  (cost=0.43..8.45 rows=0 width=0)
	  ->  Index Scan using sbtest7_pkey on sbtest7  (cost=0.43..8.45 rows=1 width=6)
	        Index Cond: (id = 2934437)

table 8 : explain DELETE FROM sbtest8 WHERE id=3417324
	Delete on sbtest8  (cost=0.43..8.45 rows=0 width=0)
	  ->  Index Scan using sbtest8_pkey on sbtest8  (cost=0.43..8.45 rows=1 width=6)
	        Index Cond: (id = 3417324)

for: distinct_ranges
table 1 : explain SELECT DISTINCT c FROM sbtest1 WHERE id BETWEEN 7093265 AND 7093364 ORDER BY c
	Unique  (cost=369.59..370.06 rows=94 width=121)
	  ->  Sort  (cost=369.59..369.82 rows=94 width=121)
	        Sort Key: c
	        ->  Index Scan using sbtest1_pkey on sbtest1  (cost=0.43..366.51 rows=94 width=121)
	              Index Cond: ((id >= 7093265) AND (id <= 7093364))

table 2 : explain SELECT DISTINCT c FROM sbtest2 WHERE id BETWEEN 8583163 AND 8583262 ORDER BY c
	Unique  (cost=375.67..376.15 rows=96 width=121)
	  ->  Sort  (cost=375.67..375.91 rows=96 width=121)
	        Sort Key: c
	        ->  Index Scan using sbtest2_pkey on sbtest2  (cost=0.43..372.51 rows=96 width=121)
	              Index Cond: ((id >= 8583163) AND (id <= 8583262))

table 3 : explain SELECT DISTINCT c FROM sbtest3 WHERE id BETWEEN 6066614 AND 6066713 ORDER BY c
	Unique  (cost=389.89..390.38 rows=99 width=121)
	  ->  Sort  (cost=389.89..390.14 rows=99 width=121)
	        Sort Key: c
	        ->  Index Scan using sbtest3_pkey on sbtest3  (cost=0.43..386.61 rows=99 width=121)
	              Index Cond: ((id >= 6066614) AND (id <= 6066713))

table 4 : explain SELECT DISTINCT c FROM sbtest4 WHERE id BETWEEN 5686139 AND 5686238 ORDER BY c
	Unique  (cost=421.71..422.24 rows=107 width=121)
	  ->  Sort  (cost=421.71..421.97 rows=107 width=121)
	        Sort Key: c
	        ->  Index Scan using sbtest4_pkey on sbtest4  (cost=0.43..418.10 rows=107 width=121)
	              Index Cond: ((id >= 5686139) AND (id <= 5686238))

table 5 : explain SELECT DISTINCT c FROM sbtest5 WHERE id BETWEEN 2250095 AND 2250194 ORDER BY c
	Unique  (cost=344.14..344.58 rows=88 width=121)
	  ->  Sort  (cost=344.14..344.36 rows=88 width=121)
	        Sort Key: c
	        ->  Index Scan using sbtest5_pkey on sbtest5  (cost=0.43..341.30 rows=88 width=121)
	              Index Cond: ((id >= 2250095) AND (id <= 2250194))

table 6 : explain SELECT DISTINCT c FROM sbtest6 WHERE id BETWEEN 6708331 AND 6708430 ORDER BY c
	Unique  (cost=367.40..367.87 rows=94 width=121)
	  ->  Sort  (cost=367.40..367.63 rows=94 width=121)
	        Sort Key: c
	        ->  Index Scan using sbtest6_pkey on sbtest6  (cost=0.43..364.32 rows=94 width=121)
	              Index Cond: ((id >= 6708331) AND (id <= 6708430))

table 7 : explain SELECT DISTINCT c FROM sbtest7 WHERE id BETWEEN 8373015 AND 8373114 ORDER BY c
	Unique  (cost=390.87..391.37 rows=100 width=121)
	  ->  Sort  (cost=390.87..391.12 rows=100 width=121)
	        Sort Key: c
	        ->  Index Scan using sbtest7_pkey on sbtest7  (cost=0.43..387.55 rows=100 width=121)
	              Index Cond: ((id >= 8373015) AND (id <= 8373114))

table 8 : explain SELECT DISTINCT c FROM sbtest8 WHERE id BETWEEN 8226905 AND 8227004 ORDER BY c
	Unique  (cost=395.82..396.33 rows=101 width=121)
	  ->  Sort  (cost=395.82..396.08 rows=101 width=121)
	        Sort Key: c
	        ->  Index Scan using sbtest8_pkey on sbtest8  (cost=0.43..392.46 rows=101 width=121)
	              Index Cond: ((id >= 8226905) AND (id <= 8227004))

for: order_ranges
table 1 : explain SELECT c FROM sbtest1 WHERE id BETWEEN 6949529 AND 6949628 ORDER BY c
	Sort  (cost=365.70..365.93 rows=93 width=121)
	  Sort Key: c
	  ->  Index Scan using sbtest1_pkey on sbtest1  (cost=0.43..362.66 rows=93 width=121)
	        Index Cond: ((id >= 6949529) AND (id <= 6949628))

table 2 : explain SELECT c FROM sbtest2 WHERE id BETWEEN 22709 AND 22808 ORDER BY c
	Sort  (cost=398.94..399.20 rows=102 width=121)
	  Sort Key: c
	  ->  Index Scan using sbtest2_pkey on sbtest2  (cost=0.43..395.54 rows=102 width=121)
	        Index Cond: ((id >= 22709) AND (id <= 22808))

table 3 : explain SELECT c FROM sbtest3 WHERE id BETWEEN 8363255 AND 8363354 ORDER BY c
	Sort  (cost=397.73..397.98 rows=101 width=121)
	  Sort Key: c
	  ->  Index Scan using sbtest3_pkey on sbtest3  (cost=0.43..394.36 rows=101 width=121)
	        Index Cond: ((id >= 8363255) AND (id <= 8363354))

table 4 : explain SELECT c FROM sbtest4 WHERE id BETWEEN 9644577 AND 9644676 ORDER BY c
	Sort  (cost=386.53..386.78 rows=98 width=121)
	  Sort Key: c
	  ->  Index Scan using sbtest4_pkey on sbtest4  (cost=0.43..383.29 rows=98 width=121)
	        Index Cond: ((id >= 9644577) AND (id <= 9644676))

table 5 : explain SELECT c FROM sbtest5 WHERE id BETWEEN 4417779 AND 4417878 ORDER BY c
	Sort  (cost=417.63..417.90 rows=107 width=121)
	  Sort Key: c
	  ->  Index Scan using sbtest5_pkey on sbtest5  (cost=0.43..414.02 rows=107 width=121)
	        Index Cond: ((id >= 4417779) AND (id <= 4417878))

table 6 : explain SELECT c FROM sbtest6 WHERE id BETWEEN 9706444 AND 9706543 ORDER BY c
	Sort  (cost=371.26..371.50 rows=95 width=121)
	  Sort Key: c
	  ->  Index Scan using sbtest6_pkey on sbtest6  (cost=0.43..368.14 rows=95 width=121)
	        Index Cond: ((id >= 9706444) AND (id <= 9706543))

table 7 : explain SELECT c FROM sbtest7 WHERE id BETWEEN 332742 AND 332841 ORDER BY c
	Sort  (cost=363.80..364.03 rows=93 width=121)
	  Sort Key: c
	  ->  Index Scan using sbtest7_pkey on sbtest7  (cost=0.43..360.75 rows=93 width=121)
	        Index Cond: ((id >= 332742) AND (id <= 332841))

table 8 : explain SELECT c FROM sbtest8 WHERE id BETWEEN 9189255 AND 9189354 ORDER BY c
	Sort  (cost=368.63..368.86 rows=94 width=121)
	  Sort Key: c
	  ->  Index Scan using sbtest8_pkey on sbtest8  (cost=0.43..365.55 rows=94 width=121)
	        Index Cond: ((id >= 9189255) AND (id <= 9189354))

for: distinct_ranges
table 1 : explain SELECT DISTINCT c FROM sbtest1 WHERE id BETWEEN 43992 AND 44091 ORDER BY c
	Unique  (cost=435.75..436.31 rows=111 width=121)
	  ->  Sort  (cost=435.75..436.03 rows=111 width=121)
	        Sort Key: c
	        ->  Index Scan using sbtest1_pkey on sbtest1  (cost=0.43..431.98 rows=111 width=121)
	              Index Cond: ((id >= 43992) AND (id <= 44091))

table 2 : explain SELECT DISTINCT c FROM sbtest2 WHERE id BETWEEN 1500873 AND 1500972 ORDER BY c
	Unique  (cost=398.94..399.45 rows=102 width=121)
	  ->  Sort  (cost=398.94..399.20 rows=102 width=121)
	        Sort Key: c
	        ->  Index Scan using sbtest2_pkey on sbtest2  (cost=0.43..395.54 rows=102 width=121)
	              Index Cond: ((id >= 1500873) AND (id <= 1500972))

table 3 : explain SELECT DISTINCT c FROM sbtest3 WHERE id BETWEEN 634546 AND 634645 ORDER BY c
	Unique  (cost=378.19..378.67 rows=96 width=121)
	  ->  Sort  (cost=378.19..378.43 rows=96 width=121)
	        Sort Key: c
	        ->  Index Scan using sbtest3_pkey on sbtest3  (cost=0.43..375.03 rows=96 width=121)
	              Index Cond: ((id >= 634546) AND (id <= 634645))

table 4 : explain SELECT DISTINCT c FROM sbtest4 WHERE id BETWEEN 1497433 AND 1497532 ORDER BY c
	Unique  (cost=390.43..390.93 rows=99 width=121)
	  ->  Sort  (cost=390.43..390.68 rows=99 width=121)
	        Sort Key: c
	        ->  Index Scan using sbtest4_pkey on sbtest4  (cost=0.43..387.15 rows=99 width=121)
	              Index Cond: ((id >= 1497433) AND (id <= 1497532))

table 5 : explain SELECT DISTINCT c FROM sbtest5 WHERE id BETWEEN 783742 AND 783841 ORDER BY c
	Unique  (cost=378.93..379.41 rows=97 width=121)
	  ->  Sort  (cost=378.93..379.17 rows=97 width=121)
	        Sort Key: c
	        ->  Index Scan using sbtest5_pkey on sbtest5  (cost=0.43..375.72 rows=97 width=121)
	              Index Cond: ((id >= 783742) AND (id <= 783841))

table 6 : explain SELECT DISTINCT c FROM sbtest6 WHERE id BETWEEN 4075799 AND 4075898 ORDER BY c
	Unique  (cost=394.51..395.01 rows=101 width=121)
	  ->  Sort  (cost=394.51..394.76 rows=101 width=121)
	        Sort Key: c
	        ->  Index Scan using sbtest6_pkey on sbtest6  (cost=0.43..391.14 rows=101 width=121)
	              Index Cond: ((id >= 4075799) AND (id <= 4075898))

table 7 : explain SELECT DISTINCT c FROM sbtest7 WHERE id BETWEEN 3808005 AND 3808104 ORDER BY c
	Unique  (cost=387.01..387.50 rows=99 width=121)
	  ->  Sort  (cost=387.01..387.25 rows=99 width=121)
	        Sort Key: c
	        ->  Index Scan using sbtest7_pkey on sbtest7  (cost=0.43..383.72 rows=99 width=121)
	              Index Cond: ((id >= 3808005) AND (id <= 3808104))

table 8 : explain SELECT DISTINCT c FROM sbtest8 WHERE id BETWEEN 1344736 AND 1344835 ORDER BY c
	Unique  (cost=403.58..404.10 rows=103 width=121)
	  ->  Sort  (cost=403.58..403.84 rows=103 width=121)
	        Sort Key: c
	        ->  Index Scan using sbtest8_pkey on sbtest8  (cost=0.43..400.14 rows=103 width=121)
	              Index Cond: ((id >= 1344736) AND (id <= 1344835))

explain: for non_index_updates :: explain UPDATE sbtest%u SET c='foobar' WHERE id=%u
for: sum_ranges
table 1 : explain SELECT SUM(k) FROM sbtest1 WHERE id BETWEEN 1232442 AND 1232541
	Aggregate  (cost=401.45..401.46 rows=1 width=8)
	  ->  Index Scan using sbtest1_pkey on sbtest1  (cost=0.43..401.19 rows=103 width=4)
	        Index Cond: ((id >= 1232442) AND (id <= 1232541))

table 2 : explain SELECT SUM(k) FROM sbtest2 WHERE id BETWEEN 4262698 AND 4262797
	Aggregate  (cost=368.91..368.92 rows=1 width=8)
	  ->  Index Scan using sbtest2_pkey on sbtest2  (cost=0.43..368.67 rows=95 width=4)
	        Index Cond: ((id >= 4262698) AND (id <= 4262797))

table 3 : explain SELECT SUM(k) FROM sbtest3 WHERE id BETWEEN 2747229 AND 2747328
	Aggregate  (cost=398.48..398.49 rows=1 width=8)
	  ->  Index Scan using sbtest3_pkey on sbtest3  (cost=0.43..398.22 rows=102 width=4)
	        Index Cond: ((id >= 2747229) AND (id <= 2747328))

table 4 : explain SELECT SUM(k) FROM sbtest4 WHERE id BETWEEN 2725039 AND 2725138
	Aggregate  (cost=375.80..375.81 rows=1 width=8)
	  ->  Index Scan using sbtest4_pkey on sbtest4  (cost=0.43..375.56 rows=96 width=4)
	        Index Cond: ((id >= 2725039) AND (id <= 2725138))

table 5 : explain SELECT SUM(k) FROM sbtest5 WHERE id BETWEEN 5230467 AND 5230566
	Aggregate  (cost=372.14..372.15 rows=1 width=8)
	  ->  Index Scan using sbtest5_pkey on sbtest5  (cost=0.43..371.90 rows=96 width=4)
	        Index Cond: ((id >= 5230467) AND (id <= 5230566))

table 6 : explain SELECT SUM(k) FROM sbtest6 WHERE id BETWEEN 5830044 AND 5830143
	Aggregate  (cost=360.72..360.73 rows=1 width=8)
	  ->  Index Scan using sbtest6_pkey on sbtest6  (cost=0.43..360.49 rows=93 width=4)
	        Index Cond: ((id >= 5830044) AND (id <= 5830143))

table 7 : explain SELECT SUM(k) FROM sbtest7 WHERE id BETWEEN 527704 AND 527803
	Aggregate  (cost=399.34..399.35 rows=1 width=8)
	  ->  Index Scan using sbtest7_pkey on sbtest7  (cost=0.43..399.09 rows=103 width=4)
	        Index Cond: ((id >= 527704) AND (id <= 527803))

table 8 : explain SELECT SUM(k) FROM sbtest8 WHERE id BETWEEN 8365145 AND 8365244
	Aggregate  (cost=411.92..411.93 rows=1 width=8)
	  ->  Index Scan using sbtest8_pkey on sbtest8  (cost=0.43..411.66 rows=106 width=4)
	        Index Cond: ((id >= 8365145) AND (id <= 8365244))

for index_updates
table 1 : explain UPDATE sbtest1 SET k=k+1 WHERE id=8053309
	Update on sbtest1  (cost=0.43..8.46 rows=0 width=0)
	  ->  Index Scan using sbtest1_pkey on sbtest1  (cost=0.43..8.46 rows=1 width=10)
	        Index Cond: (id = 8053309)

table 2 : explain UPDATE sbtest2 SET k=k+1 WHERE id=7914704
	Update on sbtest2  (cost=0.43..8.46 rows=0 width=0)
	  ->  Index Scan using sbtest2_pkey on sbtest2  (cost=0.43..8.46 rows=1 width=10)
	        Index Cond: (id = 7914704)

table 3 : explain UPDATE sbtest3 SET k=k+1 WHERE id=9027906
	Update on sbtest3  (cost=0.43..8.46 rows=0 width=0)
	  ->  Index Scan using sbtest3_pkey on sbtest3  (cost=0.43..8.46 rows=1 width=10)
	        Index Cond: (id = 9027906)

table 4 : explain UPDATE sbtest4 SET k=k+1 WHERE id=4331136
	Update on sbtest4  (cost=0.43..8.46 rows=0 width=0)
	  ->  Index Scan using sbtest4_pkey on sbtest4  (cost=0.43..8.46 rows=1 width=10)
	        Index Cond: (id = 4331136)

table 5 : explain UPDATE sbtest5 SET k=k+1 WHERE id=2014639
	Update on sbtest5  (cost=0.43..8.46 rows=0 width=0)
	  ->  Index Scan using sbtest5_pkey on sbtest5  (cost=0.43..8.46 rows=1 width=10)
	        Index Cond: (id = 2014639)

table 6 : explain UPDATE sbtest6 SET k=k+1 WHERE id=6760312
	Update on sbtest6  (cost=0.43..8.46 rows=0 width=0)
	  ->  Index Scan using sbtest6_pkey on sbtest6  (cost=0.43..8.46 rows=1 width=10)
	        Index Cond: (id = 6760312)

table 7 : explain UPDATE sbtest7 SET k=k+1 WHERE id=2321652
	Update on sbtest7  (cost=0.43..8.46 rows=0 width=0)
	  ->  Index Scan using sbtest7_pkey on sbtest7  (cost=0.43..8.46 rows=1 width=10)
	        Index Cond: (id = 2321652)

table 8 : explain UPDATE sbtest8 SET k=k+1 WHERE id=2525822
	Update on sbtest8  (cost=0.43..8.46 rows=0 width=0)
	  ->  Index Scan using sbtest8_pkey on sbtest8  (cost=0.43..8.46 rows=1 width=10)
	        Index Cond: (id = 2525822)

explain: for index_updates :: explain UPDATE sbtest%u SET k=k+1 WHERE id=%u
for index_updates
table 1 : explain UPDATE sbtest1 SET k=k+1 WHERE id=8205144
	Update on sbtest1  (cost=0.43..8.46 rows=0 width=0)
	  ->  Index Scan using sbtest1_pkey on sbtest1  (cost=0.43..8.46 rows=1 width=10)
	        Index Cond: (id = 8205144)

table 2 : explain UPDATE sbtest2 SET k=k+1 WHERE id=4736880
	Update on sbtest2  (cost=0.43..8.46 rows=0 width=0)
	  ->  Index Scan using sbtest2_pkey on sbtest2  (cost=0.43..8.46 rows=1 width=10)
	        Index Cond: (id = 4736880)

table 3 : explain UPDATE sbtest3 SET k=k+1 WHERE id=7916079
	Update on sbtest3  (cost=0.43..8.46 rows=0 width=0)
	  ->  Index Scan using sbtest3_pkey on sbtest3  (cost=0.43..8.46 rows=1 width=10)
	        Index Cond: (id = 7916079)

table 4 : explain UPDATE sbtest4 SET k=k+1 WHERE id=6082289
	Update on sbtest4  (cost=0.43..8.46 rows=0 width=0)
	  ->  Index Scan using sbtest4_pkey on sbtest4  (cost=0.43..8.46 rows=1 width=10)
	        Index Cond: (id = 6082289)

table 5 : explain UPDATE sbtest5 SET k=k+1 WHERE id=7590828
	Update on sbtest5  (cost=0.43..8.46 rows=0 width=0)
	  ->  Index Scan using sbtest5_pkey on sbtest5  (cost=0.43..8.46 rows=1 width=10)
	        Index Cond: (id = 7590828)

table 6 : explain UPDATE sbtest6 SET k=k+1 WHERE id=5174905
	Update on sbtest6  (cost=0.43..8.46 rows=0 width=0)
	  ->  Index Scan using sbtest6_pkey on sbtest6  (cost=0.43..8.46 rows=1 width=10)
	        Index Cond: (id = 5174905)

table 7 : explain UPDATE sbtest7 SET k=k+1 WHERE id=6039867
	Update on sbtest7  (cost=0.43..8.46 rows=0 width=0)
	  ->  Index Scan using sbtest7_pkey on sbtest7  (cost=0.43..8.46 rows=1 width=10)
	        Index Cond: (id = 6039867)

table 8 : explain UPDATE sbtest8 SET k=k+1 WHERE id=9827988
	Update on sbtest8  (cost=0.43..8.46 rows=0 width=0)
	  ->  Index Scan using sbtest8_pkey on sbtest8  (cost=0.43..8.46 rows=1 width=10)
	        Index Cond: (id = 9827988)

explain: for non_index_updates :: explain UPDATE sbtest%u SET c='foobar' WHERE id=%u
explain: for index_updates :: explain UPDATE sbtest%u SET k=k+1 WHERE id=%u
for: simple_ranges
table 1 : explain SELECT c FROM sbtest1 WHERE id BETWEEN 8427319 AND 8427418
	Index Scan using sbtest1_pkey on sbtest1  (cost=0.43..397.34 rows=102 width=121)
	  Index Cond: ((id >= 8427319) AND (id <= 8427418))

table 2 : explain SELECT c FROM sbtest2 WHERE id BETWEEN 5448868 AND 5448967
	Index Scan using sbtest2_pkey on sbtest2  (cost=0.43..361.01 rows=93 width=121)
	  Index Cond: ((id >= 5448868) AND (id <= 5448967))

table 3 : explain SELECT c FROM sbtest3 WHERE id BETWEEN 4098937 AND 4099036
	Index Scan using sbtest3_pkey on sbtest3  (cost=0.43..378.89 rows=97 width=121)
	  Index Cond: ((id >= 4098937) AND (id <= 4099036))

table 4 : explain SELECT c FROM sbtest4 WHERE id BETWEEN 6769606 AND 6769705
	Index Scan using sbtest4_pkey on sbtest4  (cost=0.43..356.25 rows=91 width=121)
	  Index Cond: ((id >= 6769606) AND (id <= 6769705))

table 5 : explain SELECT c FROM sbtest5 WHERE id BETWEEN 9610369 AND 9610468
	Index Scan using sbtest5_pkey on sbtest5  (cost=0.43..452.27 rows=117 width=121)
	  Index Cond: ((id >= 9610369) AND (id <= 9610468))

table 6 : explain SELECT c FROM sbtest6 WHERE id BETWEEN 3134453 AND 3134552
	Index Scan using sbtest6_pkey on sbtest6  (cost=0.43..356.67 rows=92 width=121)
	  Index Cond: ((id >= 3134453) AND (id <= 3134552))

table 7 : explain SELECT c FROM sbtest7 WHERE id BETWEEN 3271503 AND 3271602
	Index Scan using sbtest7_pkey on sbtest7  (cost=0.43..422.06 rows=109 width=121)
	  Index Cond: ((id >= 3271503) AND (id <= 3271602))

table 8 : explain SELECT c FROM sbtest8 WHERE id BETWEEN 1567258 AND 1567357
	Index Scan using sbtest8_pkey on sbtest8  (cost=0.43..415.49 rows=107 width=121)
	  Index Cond: ((id >= 1567258) AND (id <= 1567357))

for: order_ranges
table 1 : explain SELECT c FROM sbtest1 WHERE id BETWEEN 279547 AND 279646 ORDER BY c
	Sort  (cost=385.14..385.39 rows=98 width=121)
	  Sort Key: c
	  ->  Index Scan using sbtest1_pkey on sbtest1  (cost=0.43..381.90 rows=98 width=121)
	        Index Cond: ((id >= 279547) AND (id <= 279646))

table 2 : explain SELECT c FROM sbtest2 WHERE id BETWEEN 4433499 AND 4433598 ORDER BY c
	Sort  (cost=402.81..403.07 rows=103 width=121)
	  Sort Key: c
	  ->  Index Scan using sbtest2_pkey on sbtest2  (cost=0.43..399.37 rows=103 width=121)
	        Index Cond: ((id >= 4433499) AND (id <= 4433598))

table 3 : explain SELECT c FROM sbtest3 WHERE id BETWEEN 5609585 AND 5609684 ORDER BY c
	Sort  (cost=389.89..390.14 rows=99 width=121)
	  Sort Key: c
	  ->  Index Scan using sbtest3_pkey on sbtest3  (cost=0.43..386.61 rows=99 width=121)
	        Index Cond: ((id >= 5609585) AND (id <= 5609684))

table 4 : explain SELECT c FROM sbtest4 WHERE id BETWEEN 3512047 AND 3512146 ORDER BY c
	Sort  (cost=378.72..378.96 rows=96 width=121)
	  Sort Key: c
	  ->  Index Scan using sbtest4_pkey on sbtest4  (cost=0.43..375.56 rows=96 width=121)
	        Index Cond: ((id >= 3512047) AND (id <= 3512146))

table 5 : explain SELECT c FROM sbtest5 WHERE id BETWEEN 3696420 AND 3696519 ORDER BY c
	Sort  (cost=394.43..394.69 rows=101 width=121)
	  Sort Key: c
	  ->  Index Scan using sbtest5_pkey on sbtest5  (cost=0.43..391.07 rows=101 width=121)
	        Index Cond: ((id >= 3696420) AND (id <= 3696519))

table 6 : explain SELECT c FROM sbtest6 WHERE id BETWEEN 8270606 AND 8270705 ORDER BY c
	Sort  (cost=378.99..379.24 rows=97 width=121)
	  Sort Key: c
	  ->  Index Scan using sbtest6_pkey on sbtest6  (cost=0.43..375.79 rows=97 width=121)
	        Index Cond: ((id >= 8270606) AND (id <= 8270705))

table 7 : explain SELECT c FROM sbtest7 WHERE id BETWEEN 1548670 AND 1548769 ORDER BY c
	Sort  (cost=371.53..371.77 rows=95 width=121)
	  Sort Key: c
	  ->  Index Scan using sbtest7_pkey on sbtest7  (cost=0.43..368.41 rows=95 width=121)
	        Index Cond: ((id >= 1548670) AND (id <= 1548769))

table 8 : explain SELECT c FROM sbtest8 WHERE id BETWEEN 8515569 AND 8515668 ORDER BY c
	Sort  (cost=388.02..388.27 rows=99 width=121)
	  Sort Key: c
	  ->  Index Scan using sbtest8_pkey on sbtest8  (cost=0.43..384.74 rows=99 width=121)
	        Index Cond: ((id >= 8515569) AND (id <= 8515668))

for non_index_updates
table 1 : explain UPDATE sbtest1 SET c='foobar' WHERE id=950514
	Update on sbtest1  (cost=0.43..8.45 rows=0 width=0)
	  ->  Index Scan using sbtest1_pkey on sbtest1  (cost=0.43..8.45 rows=1 width=490)
	        Index Cond: (id = 950514)

table 2 : explain UPDATE sbtest2 SET c='foobar' WHERE id=2103605
	Update on sbtest2  (cost=0.43..8.45 rows=0 width=0)
	  ->  Index Scan using sbtest2_pkey on sbtest2  (cost=0.43..8.45 rows=1 width=490)
	        Index Cond: (id = 2103605)

table 3 : explain UPDATE sbtest3 SET c='foobar' WHERE id=4614589
	Update on sbtest3  (cost=0.43..8.45 rows=0 width=0)
	  ->  Index Scan using sbtest3_pkey on sbtest3  (cost=0.43..8.45 rows=1 width=490)
	        Index Cond: (id = 4614589)

table 4 : explain UPDATE sbtest4 SET c='foobar' WHERE id=8653041
	Update on sbtest4  (cost=0.43..8.45 rows=0 width=0)
	  ->  Index Scan using sbtest4_pkey on sbtest4  (cost=0.43..8.45 rows=1 width=490)
	        Index Cond: (id = 8653041)

table 5 : explain UPDATE sbtest5 SET c='foobar' WHERE id=9555309
	Update on sbtest5  (cost=0.43..8.45 rows=0 width=0)
	  ->  Index Scan using sbtest5_pkey on sbtest5  (cost=0.43..8.45 rows=1 width=490)
	        Index Cond: (id = 9555309)

table 6 : explain UPDATE sbtest6 SET c='foobar' WHERE id=6981942
	Update on sbtest6  (cost=0.43..8.45 rows=0 width=0)
	  ->  Index Scan using sbtest6_pkey on sbtest6  (cost=0.43..8.45 rows=1 width=490)
	        Index Cond: (id = 6981942)

table 7 : explain UPDATE sbtest7 SET c='foobar' WHERE id=9071873
	Update on sbtest7  (cost=0.43..8.45 rows=0 width=0)
	  ->  Index Scan using sbtest7_pkey on sbtest7  (cost=0.43..8.45 rows=1 width=490)
	        Index Cond: (id = 9071873)

table 8 : explain UPDATE sbtest8 SET c='foobar' WHERE id=2098727
	Update on sbtest8  (cost=0.43..8.45 rows=0 width=0)
	  ->  Index Scan using sbtest8_pkey on sbtest8  (cost=0.43..8.45 rows=1 width=490)
	        Index Cond: (id = 2098727)

explain: for non_index_updates :: explain UPDATE sbtest%u SET c='foobar' WHERE id=%u
for deletes
table 1 : explain DELETE FROM sbtest1 WHERE id=7684919
	Delete on sbtest1  (cost=0.43..8.45 rows=0 width=0)
	  ->  Index Scan using sbtest1_pkey on sbtest1  (cost=0.43..8.45 rows=1 width=6)
	        Index Cond: (id = 7684919)

table 2 : explain DELETE FROM sbtest2 WHERE id=443225
	Delete on sbtest2  (cost=0.43..8.45 rows=0 width=0)
	  ->  Index Scan using sbtest2_pkey on sbtest2  (cost=0.43..8.45 rows=1 width=6)
	        Index Cond: (id = 443225)

table 3 : explain DELETE FROM sbtest3 WHERE id=3166475
	Delete on sbtest3  (cost=0.43..8.45 rows=0 width=0)
	  ->  Index Scan using sbtest3_pkey on sbtest3  (cost=0.43..8.45 rows=1 width=6)
	        Index Cond: (id = 3166475)

table 4 : explain DELETE FROM sbtest4 WHERE id=5244976
	Delete on sbtest4  (cost=0.43..8.45 rows=0 width=0)
	  ->  Index Scan using sbtest4_pkey on sbtest4  (cost=0.43..8.45 rows=1 width=6)
	        Index Cond: (id = 5244976)

table 5 : explain DELETE FROM sbtest5 WHERE id=9964975
	Delete on sbtest5  (cost=0.43..8.45 rows=0 width=0)
	  ->  Index Scan using sbtest5_pkey on sbtest5  (cost=0.43..8.45 rows=1 width=6)
	        Index Cond: (id = 9964975)

table 6 : explain DELETE FROM sbtest6 WHERE id=5665940
	Delete on sbtest6  (cost=0.43..8.45 rows=0 width=0)
	  ->  Index Scan using sbtest6_pkey on sbtest6  (cost=0.43..8.45 rows=1 width=6)
	        Index Cond: (id = 5665940)

table 7 : explain DELETE FROM sbtest7 WHERE id=8150988
	Delete on sbtest7  (cost=0.43..8.45 rows=0 width=0)
	  ->  Index Scan using sbtest7_pkey on sbtest7  (cost=0.43..8.45 rows=1 width=6)
	        Index Cond: (id = 8150988)

table 8 : explain DELETE FROM sbtest8 WHERE id=607603
	Delete on sbtest8  (cost=0.43..8.45 rows=0 width=0)
	  ->  Index Scan using sbtest8_pkey on sbtest8  (cost=0.43..8.45 rows=1 width=6)
	        Index Cond: (id = 607603)

for: distinct_ranges
table 1 : explain SELECT DISTINCT c FROM sbtest1 WHERE id BETWEEN 9096935 AND 9097034 ORDER BY c
	Unique  (cost=377.37..377.85 rows=96 width=121)
	  ->  Sort  (cost=377.37..377.61 rows=96 width=121)
	        Sort Key: c
	        ->  Index Scan using sbtest1_pkey on sbtest1  (cost=0.43..374.20 rows=96 width=121)
	              Index Cond: ((id >= 9096935) AND (id <= 9097034))

table 2 : explain SELECT DISTINCT c FROM sbtest2 WHERE id BETWEEN 8447421 AND 8447520 ORDER BY c
	Unique  (cost=383.41..383.90 rows=98 width=121)
	  ->  Sort  (cost=383.41..383.65 rows=98 width=121)
	        Sort Key: c
	        ->  Index Scan using sbtest2_pkey on sbtest2  (cost=0.43..380.17 rows=98 width=121)
	              Index Cond: ((id >= 8447421) AND (id <= 8447520))

table 3 : explain SELECT DISTINCT c FROM sbtest3 WHERE id BETWEEN 7167475 AND 7167574 ORDER BY c
	Unique  (cost=401.62..402.13 rows=102 width=121)
	  ->  Sort  (cost=401.62..401.88 rows=102 width=121)
	        Sort Key: c
	        ->  Index Scan using sbtest3_pkey on sbtest3  (cost=0.43..398.22 rows=102 width=121)
	              Index Cond: ((id >= 7167475) AND (id <= 7167574))

table 4 : explain SELECT DISTINCT c FROM sbtest4 WHERE id BETWEEN 9252860 AND 9252959 ORDER BY c
	Unique  (cost=390.43..390.93 rows=99 width=121)
	  ->  Sort  (cost=390.43..390.68 rows=99 width=121)
	        Sort Key: c
	        ->  Index Scan using sbtest4_pkey on sbtest4  (cost=0.43..387.15 rows=99 width=121)
	              Index Cond: ((id >= 9252860) AND (id <= 9252959))

table 5 : explain SELECT DISTINCT c FROM sbtest5 WHERE id BETWEEN 1748074 AND 1748173 ORDER BY c
	Unique  (cost=409.90..410.42 rows=105 width=121)
	  ->  Sort  (cost=409.90..410.16 rows=105 width=121)
	        Sort Key: c
	        ->  Index Scan using sbtest5_pkey on sbtest5  (cost=0.43..406.37 rows=105 width=121)
	              Index Cond: ((id >= 1748074) AND (id <= 1748173))

table 6 : explain SELECT DISTINCT c FROM sbtest6 WHERE id BETWEEN 7138467 AND 7138566 ORDER BY c
	Unique  (cost=413.84..414.37 rows=106 width=121)
	  ->  Sort  (cost=413.84..414.10 rows=106 width=121)
	        Sort Key: c
	        ->  Index Scan using sbtest6_pkey on sbtest6  (cost=0.43..410.27 rows=106 width=121)
	              Index Cond: ((id >= 7138467) AND (id <= 7138566))

table 7 : explain SELECT DISTINCT c FROM sbtest7 WHERE id BETWEEN 6143664 AND 6143763 ORDER BY c
	Unique  (cost=410.27..410.79 rows=105 width=121)
	  ->  Sort  (cost=410.27..410.53 rows=105 width=121)
	        Sort Key: c
	        ->  Index Scan using sbtest7_pkey on sbtest7  (cost=0.43..406.74 rows=105 width=121)
	              Index Cond: ((id >= 6143664) AND (id <= 6143763))

table 8 : explain SELECT DISTINCT c FROM sbtest8 WHERE id BETWEEN 188842 AND 188941 ORDER BY c
	Unique  (cost=388.02..388.52 rows=99 width=121)
	  ->  Sort  (cost=388.02..388.27 rows=99 width=121)
	        Sort Key: c
	        ->  Index Scan using sbtest8_pkey on sbtest8  (cost=0.43..384.74 rows=99 width=121)
	              Index Cond: ((id >= 188842) AND (id <= 188941))

explain: for deletes :: explain DELETE FROM sbtest%u WHERE id=%u
for index_updates
table 1 : explain UPDATE sbtest1 SET k=k+1 WHERE id=4665194
	Update on sbtest1  (cost=0.43..8.46 rows=0 width=0)
	  ->  Index Scan using sbtest1_pkey on sbtest1  (cost=0.43..8.46 rows=1 width=10)
	        Index Cond: (id = 4665194)

table 2 : explain UPDATE sbtest2 SET k=k+1 WHERE id=593975
	Update on sbtest2  (cost=0.43..8.46 rows=0 width=0)
	  ->  Index Scan using sbtest2_pkey on sbtest2  (cost=0.43..8.46 rows=1 width=10)
	        Index Cond: (id = 593975)

table 3 : explain UPDATE sbtest3 SET k=k+1 WHERE id=2172999
	Update on sbtest3  (cost=0.43..8.46 rows=0 width=0)
	  ->  Index Scan using sbtest3_pkey on sbtest3  (cost=0.43..8.46 rows=1 width=10)
	        Index Cond: (id = 2172999)

table 4 : explain UPDATE sbtest4 SET k=k+1 WHERE id=3713068
	Update on sbtest4  (cost=0.43..8.46 rows=0 width=0)
	  ->  Index Scan using sbtest4_pkey on sbtest4  (cost=0.43..8.46 rows=1 width=10)
	        Index Cond: (id = 3713068)

table 5 : explain UPDATE sbtest5 SET k=k+1 WHERE id=4140187
	Update on sbtest5  (cost=0.43..8.46 rows=0 width=0)
	  ->  Index Scan using sbtest5_pkey on sbtest5  (cost=0.43..8.46 rows=1 width=10)
	        Index Cond: (id = 4140187)

table 6 : explain UPDATE sbtest6 SET k=k+1 WHERE id=2400854
	Update on sbtest6  (cost=0.43..8.46 rows=0 width=0)
	  ->  Index Scan using sbtest6_pkey on sbtest6  (cost=0.43..8.46 rows=1 width=10)
	        Index Cond: (id = 2400854)

table 7 : explain UPDATE sbtest7 SET k=k+1 WHERE id=4523340
	Update on sbtest7  (cost=0.43..8.46 rows=0 width=0)
	  ->  Index Scan using sbtest7_pkey on sbtest7  (cost=0.43..8.46 rows=1 width=10)
	        Index Cond: (id = 4523340)

table 8 : explain UPDATE sbtest8 SET k=k+1 WHERE id=5925123
	Update on sbtest8  (cost=0.43..8.46 rows=0 width=0)
	  ->  Index Scan using sbtest8_pkey on sbtest8  (cost=0.43..8.46 rows=1 width=10)
	        Index Cond: (id = 5925123)

explain: for non_index_updates :: explain UPDATE sbtest%u SET c='foobar' WHERE id=%u
explain: for point_selects :: explain SELECT c FROM sbtest%u WHERE id=%u
for: simple_ranges
table 1 : explain SELECT c FROM sbtest1 WHERE id BETWEEN 4515749 AND 4515848
	Index Scan using sbtest1_pkey on sbtest1  (cost=0.43..405.04 rows=104 width=121)
	  Index Cond: ((id >= 4515749) AND (id <= 4515848))

table 2 : explain SELECT c FROM sbtest2 WHERE id BETWEEN 8856978 AND 8857077
	Index Scan using sbtest2_pkey on sbtest2  (cost=0.43..357.18 rows=92 width=121)
	  Index Cond: ((id >= 8856978) AND (id <= 8857077))

table 3 : explain SELECT c FROM sbtest3 WHERE id BETWEEN 865983 AND 866082
	Index Scan using sbtest3_pkey on sbtest3  (cost=0.43..402.08 rows=103 width=121)
	  Index Cond: ((id >= 865983) AND (id <= 866082))

table 4 : explain SELECT c FROM sbtest4 WHERE id BETWEEN 3959840 AND 3959939
	Index Scan using sbtest4_pkey on sbtest4  (cost=0.43..383.29 rows=98 width=121)
	  Index Cond: ((id >= 3959840) AND (id <= 3959939))

table 5 : explain SELECT c FROM sbtest5 WHERE id BETWEEN 261540 AND 261639
	Index Scan using sbtest5_pkey on sbtest5  (cost=0.43..391.07 rows=101 width=121)
	  Index Cond: ((id >= 261540) AND (id <= 261639))

table 6 : explain SELECT c FROM sbtest6 WHERE id BETWEEN 8106856 AND 8106955
	Index Scan using sbtest6_pkey on sbtest6  (cost=0.43..425.57 rows=110 width=121)
	  Index Cond: ((id >= 8106856) AND (id <= 8106955))

table 7 : explain SELECT c FROM sbtest7 WHERE id BETWEEN 3198278 AND 3198377
	Index Scan using sbtest7_pkey on sbtest7  (cost=0.43..399.09 rows=103 width=121)
	  Index Cond: ((id >= 3198278) AND (id <= 3198377))

table 8 : explain SELECT c FROM sbtest8 WHERE id BETWEEN 2912187 AND 2912286
	Index Scan using sbtest8_pkey on sbtest8  (cost=0.43..403.98 rows=104 width=121)
	  Index Cond: ((id >= 2912187) AND (id <= 2912286))

explain: for index_updates :: explain UPDATE sbtest%u SET k=k+1 WHERE id=%u
for index_updates
table 1 : explain UPDATE sbtest1 SET k=k+1 WHERE id=8271463
	Update on sbtest1  (cost=0.43..8.46 rows=0 width=0)
	  ->  Index Scan using sbtest1_pkey on sbtest1  (cost=0.43..8.46 rows=1 width=10)
	        Index Cond: (id = 8271463)

table 2 : explain UPDATE sbtest2 SET k=k+1 WHERE id=7873970
	Update on sbtest2  (cost=0.43..8.46 rows=0 width=0)
	  ->  Index Scan using sbtest2_pkey on sbtest2  (cost=0.43..8.46 rows=1 width=10)
	        Index Cond: (id = 7873970)

table 3 : explain UPDATE sbtest3 SET k=k+1 WHERE id=8880585
	Update on sbtest3  (cost=0.43..8.46 rows=0 width=0)
	  ->  Index Scan using sbtest3_pkey on sbtest3  (cost=0.43..8.46 rows=1 width=10)
	        Index Cond: (id = 8880585)

table 4 : explain UPDATE sbtest4 SET k=k+1 WHERE id=5263884
	Update on sbtest4  (cost=0.43..8.46 rows=0 width=0)
	  ->  Index Scan using sbtest4_pkey on sbtest4  (cost=0.43..8.46 rows=1 width=10)
	        Index Cond: (id = 5263884)

table 5 : explain UPDATE sbtest5 SET k=k+1 WHERE id=7297731
	Update on sbtest5  (cost=0.43..8.46 rows=0 width=0)
	  ->  Index Scan using sbtest5_pkey on sbtest5  (cost=0.43..8.46 rows=1 width=10)
	        Index Cond: (id = 7297731)

table 6 : explain UPDATE sbtest6 SET k=k+1 WHERE id=4268378
	Update on sbtest6  (cost=0.43..8.46 rows=0 width=0)
	  ->  Index Scan using sbtest6_pkey on sbtest6  (cost=0.43..8.46 rows=1 width=10)
	        Index Cond: (id = 4268378)

table 7 : explain UPDATE sbtest7 SET k=k+1 WHERE id=7012182
	Update on sbtest7  (cost=0.43..8.46 rows=0 width=0)
	  ->  Index Scan using sbtest7_pkey on sbtest7  (cost=0.43..8.46 rows=1 width=10)
	        Index Cond: (id = 7012182)

table 8 : explain UPDATE sbtest8 SET k=k+1 WHERE id=1730225
	Update on sbtest8  (cost=0.43..8.46 rows=0 width=0)
	  ->  Index Scan using sbtest8_pkey on sbtest8  (cost=0.43..8.46 rows=1 width=10)
	        Index Cond: (id = 1730225)

for non_index_updates
table 1 : explain UPDATE sbtest1 SET c='foobar' WHERE id=674375
	Update on sbtest1  (cost=0.43..8.45 rows=0 width=0)
	  ->  Index Scan using sbtest1_pkey on sbtest1  (cost=0.43..8.45 rows=1 width=490)
	        Index Cond: (id = 674375)

table 2 : explain UPDATE sbtest2 SET c='foobar' WHERE id=2123850
	Update on sbtest2  (cost=0.43..8.45 rows=0 width=0)
	  ->  Index Scan using sbtest2_pkey on sbtest2  (cost=0.43..8.45 rows=1 width=490)
	        Index Cond: (id = 2123850)

table 3 : explain UPDATE sbtest3 SET c='foobar' WHERE id=9983307
	Update on sbtest3  (cost=0.43..8.45 rows=0 width=0)
	  ->  Index Scan using sbtest3_pkey on sbtest3  (cost=0.43..8.45 rows=1 width=490)
	        Index Cond: (id = 9983307)

table 4 : explain UPDATE sbtest4 SET c='foobar' WHERE id=5415479
	Update on sbtest4  (cost=0.43..8.45 rows=0 width=0)
	  ->  Index Scan using sbtest4_pkey on sbtest4  (cost=0.43..8.45 rows=1 width=490)
	        Index Cond: (id = 5415479)

table 5 : explain UPDATE sbtest5 SET c='foobar' WHERE id=5380013
	Update on sbtest5  (cost=0.43..8.45 rows=0 width=0)
	  ->  Index Scan using sbtest5_pkey on sbtest5  (cost=0.43..8.45 rows=1 width=490)
	        Index Cond: (id = 5380013)

table 6 : explain UPDATE sbtest6 SET c='foobar' WHERE id=336896
	Update on sbtest6  (cost=0.43..8.45 rows=0 width=0)
	  ->  Index Scan using sbtest6_pkey on sbtest6  (cost=0.43..8.45 rows=1 width=490)
	        Index Cond: (id = 336896)

table 7 : explain UPDATE sbtest7 SET c='foobar' WHERE id=5614416
	Update on sbtest7  (cost=0.43..8.45 rows=0 width=0)
	  ->  Index Scan using sbtest7_pkey on sbtest7  (cost=0.43..8.45 rows=1 width=490)
	        Index Cond: (id = 5614416)

table 8 : explain UPDATE sbtest8 SET c='foobar' WHERE id=8247524
	Update on sbtest8  (cost=0.43..8.45 rows=0 width=0)
	  ->  Index Scan using sbtest8_pkey on sbtest8  (cost=0.43..8.45 rows=1 width=490)
	        Index Cond: (id = 8247524)

explain: for inserts :: explain INSERT INTO sbtest%u (id, k, c, pad) VALUES (%u, 13, 'foobar', 'foobar')
explain: for non_index_updates :: explain UPDATE sbtest%u SET c='foobar' WHERE id=%u
for deletes
table 1 : explain DELETE FROM sbtest1 WHERE id=8183400
	Delete on sbtest1  (cost=0.43..8.45 rows=0 width=0)
	  ->  Index Scan using sbtest1_pkey on sbtest1  (cost=0.43..8.45 rows=1 width=6)
	        Index Cond: (id = 8183400)

table 2 : explain DELETE FROM sbtest2 WHERE id=5551051
	Delete on sbtest2  (cost=0.43..8.45 rows=0 width=0)
	  ->  Index Scan using sbtest2_pkey on sbtest2  (cost=0.43..8.45 rows=1 width=6)
	        Index Cond: (id = 5551051)

table 3 : explain DELETE FROM sbtest3 WHERE id=1427893
	Delete on sbtest3  (cost=0.43..8.45 rows=0 width=0)
	  ->  Index Scan using sbtest3_pkey on sbtest3  (cost=0.43..8.45 rows=1 width=6)
	        Index Cond: (id = 1427893)

table 4 : explain DELETE FROM sbtest4 WHERE id=3295317
	Delete on sbtest4  (cost=0.43..8.45 rows=0 width=0)
	  ->  Index Scan using sbtest4_pkey on sbtest4  (cost=0.43..8.45 rows=1 width=6)
	        Index Cond: (id = 3295317)

table 5 : explain DELETE FROM sbtest5 WHERE id=9991343
	Delete on sbtest5  (cost=0.43..8.45 rows=0 width=0)
	  ->  Index Scan using sbtest5_pkey on sbtest5  (cost=0.43..8.45 rows=1 width=6)
	        Index Cond: (id = 9991343)

table 6 : explain DELETE FROM sbtest6 WHERE id=2649269
	Delete on sbtest6  (cost=0.43..8.45 rows=0 width=0)
	  ->  Index Scan using sbtest6_pkey on sbtest6  (cost=0.43..8.45 rows=1 width=6)
	        Index Cond: (id = 2649269)

table 7 : explain DELETE FROM sbtest7 WHERE id=4196904
	Delete on sbtest7  (cost=0.43..8.45 rows=0 width=0)
	  ->  Index Scan using sbtest7_pkey on sbtest7  (cost=0.43..8.45 rows=1 width=6)
	        Index Cond: (id = 4196904)

table 8 : explain DELETE FROM sbtest8 WHERE id=4761546
	Delete on sbtest8  (cost=0.43..8.45 rows=0 width=0)
	  ->  Index Scan using sbtest8_pkey on sbtest8  (cost=0.43..8.45 rows=1 width=6)
	        Index Cond: (id = 4761546)

for non_index_updates
table 1 : explain UPDATE sbtest1 SET c='foobar' WHERE id=4782275
	Update on sbtest1  (cost=0.43..8.45 rows=0 width=0)
	  ->  Index Scan using sbtest1_pkey on sbtest1  (cost=0.43..8.45 rows=1 width=490)
	        Index Cond: (id = 4782275)

table 2 : explain UPDATE sbtest2 SET c='foobar' WHERE id=4188407
	Update on sbtest2  (cost=0.43..8.45 rows=0 width=0)
	  ->  Index Scan using sbtest2_pkey on sbtest2  (cost=0.43..8.45 rows=1 width=490)
	        Index Cond: (id = 4188407)

table 3 : explain UPDATE sbtest3 SET c='foobar' WHERE id=8935978
	Update on sbtest3  (cost=0.43..8.45 rows=0 width=0)
	  ->  Index Scan using sbtest3_pkey on sbtest3  (cost=0.43..8.45 rows=1 width=490)
	        Index Cond: (id = 8935978)

table 4 : explain UPDATE sbtest4 SET c='foobar' WHERE id=8457280
	Update on sbtest4  (cost=0.43..8.45 rows=0 width=0)
	  ->  Index Scan using sbtest4_pkey on sbtest4  (cost=0.43..8.45 rows=1 width=490)
	        Index Cond: (id = 8457280)

table 5 : explain UPDATE sbtest5 SET c='foobar' WHERE id=2004562
	Update on sbtest5  (cost=0.43..8.45 rows=0 width=0)
	  ->  Index Scan using sbtest5_pkey on sbtest5  (cost=0.43..8.45 rows=1 width=490)
	        Index Cond: (id = 2004562)

table 6 : explain UPDATE sbtest6 SET c='foobar' WHERE id=682955
	Update on sbtest6  (cost=0.43..8.45 rows=0 width=0)
	  ->  Index Scan using sbtest6_pkey on sbtest6  (cost=0.43..8.45 rows=1 width=490)
	        Index Cond: (id = 682955)

table 7 : explain UPDATE sbtest7 SET c='foobar' WHERE id=3952184
	Update on sbtest7  (cost=0.43..8.45 rows=0 width=0)
	  ->  Index Scan using sbtest7_pkey on sbtest7  (cost=0.43..8.45 rows=1 width=490)
	        Index Cond: (id = 3952184)

table 8 : explain UPDATE sbtest8 SET c='foobar' WHERE id=6780768
	Update on sbtest8  (cost=0.43..8.45 rows=0 width=0)
	  ->  Index Scan using sbtest8_pkey on sbtest8  (cost=0.43..8.45 rows=1 width=490)
	        Index Cond: (id = 6780768)

explain: for deletes :: explain DELETE FROM sbtest%u WHERE id=%u
for: simple_ranges
table 1 : explain SELECT c FROM sbtest1 WHERE id BETWEEN 9192217 AND 9192316
	Index Scan using sbtest1_pkey on sbtest1  (cost=0.43..381.90 rows=98 width=121)
	  Index Cond: ((id >= 9192217) AND (id <= 9192316))

table 2 : explain SELECT c FROM sbtest2 WHERE id BETWEEN 344894 AND 344993
	Index Scan using sbtest2_pkey on sbtest2  (cost=0.43..376.34 rows=97 width=121)
	  Index Cond: ((id >= 344894) AND (id <= 344993))

table 3 : explain SELECT c FROM sbtest3 WHERE id BETWEEN 4123422 AND 4123521
	Index Scan using sbtest3_pkey on sbtest3  (cost=0.43..390.46 rows=100 width=121)
	  Index Cond: ((id >= 4123422) AND (id <= 4123521))

table 4 : explain SELECT c FROM sbtest4 WHERE id BETWEEN 207539 AND 207638
	Index Scan using sbtest4_pkey on sbtest4  (cost=0.43..394.92 rows=101 width=121)
	  Index Cond: ((id >= 207539) AND (id <= 207638))

table 5 : explain SELECT c FROM sbtest5 WHERE id BETWEEN 544544 AND 544643
	Index Scan using sbtest5_pkey on sbtest5  (cost=0.43..387.25 rows=100 width=121)
	  Index Cond: ((id >= 544544) AND (id <= 544643))

table 6 : explain SELECT c FROM sbtest6 WHERE id BETWEEN 9959404 AND 9959503
	Index Scan using sbtest6_pkey on sbtest6  (cost=0.43..379.62 rows=98 width=121)
	  Index Cond: ((id >= 9959404) AND (id <= 9959503))

table 7 : explain SELECT c FROM sbtest7 WHERE id BETWEEN 6615272 AND 6615371
	Index Scan using sbtest7_pkey on sbtest7  (cost=0.43..376.07 rows=97 width=121)
	  Index Cond: ((id >= 6615272) AND (id <= 6615371))

table 8 : explain SELECT c FROM sbtest8 WHERE id BETWEEN 6047221 AND 6047320
	Index Scan using sbtest8_pkey on sbtest8  (cost=0.43..334.84 rows=86 width=121)
	  Index Cond: ((id >= 6047221) AND (id <= 6047320))

for: sum_ranges
table 1 : explain SELECT SUM(k) FROM sbtest1 WHERE id BETWEEN 8019537 AND 8019636
	Aggregate  (cost=389.85..389.86 rows=1 width=8)
	  ->  Index Scan using sbtest1_pkey on sbtest1  (cost=0.43..389.60 rows=100 width=4)
	        Index Cond: ((id >= 8019537) AND (id <= 8019636))

table 2 : explain SELECT SUM(k) FROM sbtest2 WHERE id BETWEEN 7636779 AND 7636878
	Aggregate  (cost=384.29..384.30 rows=1 width=8)
	  ->  Index Scan using sbtest2_pkey on sbtest2  (cost=0.43..384.05 rows=99 width=4)
	        Index Cond: ((id >= 7636779) AND (id <= 7636878))

table 3 : explain SELECT SUM(k) FROM sbtest3 WHERE id BETWEEN 3957910 AND 3958009
	Aggregate  (cost=402.34..402.35 rows=1 width=8)
	  ->  Index Scan using sbtest3_pkey on sbtest3  (cost=0.43..402.08 rows=103 width=4)
	        Index Cond: ((id >= 3957910) AND (id <= 3958009))

table 4 : explain SELECT SUM(k) FROM sbtest4 WHERE id BETWEEN 5676345 AND 5676444
	Aggregate  (cost=418.37..418.38 rows=1 width=8)
	  ->  Index Scan using sbtest4_pkey on sbtest4  (cost=0.43..418.10 rows=107 width=4)
	        Index Cond: ((id >= 5676345) AND (id <= 5676444))

table 5 : explain SELECT SUM(k) FROM sbtest5 WHERE id BETWEEN 4832509 AND 4832608
	Aggregate  (cost=418.12..418.13 rows=1 width=8)
	  ->  Index Scan using sbtest5_pkey on sbtest5  (cost=0.43..417.85 rows=108 width=4)
	        Index Cond: ((id >= 4832509) AND (id <= 4832608))

table 6 : explain SELECT SUM(k) FROM sbtest6 WHERE id BETWEEN 3580903 AND 3581002
	Aggregate  (cost=387.52..387.53 rows=1 width=8)
	  ->  Index Scan using sbtest6_pkey on sbtest6  (cost=0.43..387.27 rows=100 width=4)
	        Index Cond: ((id >= 3580903) AND (id <= 3581002))

table 7 : explain SELECT SUM(k) FROM sbtest7 WHERE id BETWEEN 4087265 AND 4087364
	Aggregate  (cost=376.31..376.32 rows=1 width=8)
	  ->  Index Scan using sbtest7_pkey on sbtest7  (cost=0.43..376.07 rows=97 width=4)
	        Index Cond: ((id >= 4087265) AND (id <= 4087364))

table 8 : explain SELECT SUM(k) FROM sbtest8 WHERE id BETWEEN 7659750 AND 7659849
	Aggregate  (cost=411.92..411.93 rows=1 width=8)
	  ->  Index Scan using sbtest8_pkey on sbtest8  (cost=0.43..411.66 rows=106 width=4)
	        Index Cond: ((id >= 7659750) AND (id <= 7659849))

explain: for inserts :: explain INSERT INTO sbtest%u (id, k, c, pad) VALUES (%u, 13, 'foobar', 'foobar')
explain: for non_index_updates :: explain UPDATE sbtest%u SET c='foobar' WHERE id=%u
explain: for inserts :: explain INSERT INTO sbtest%u (id, k, c, pad) VALUES (%u, 13, 'foobar', 'foobar')for index_updates
table 1 : explain UPDATE sbtest1 SET k=k+1 WHERE id=4298384
	Update on sbtest1  (cost=0.43..8.46 rows=0 width=0)
	  ->  Index Scan using sbtest1_pkey on sbtest1  (cost=0.43..8.46 rows=1 width=10)
	        Index Cond: (id = 4298384)

table 2 : explain UPDATE sbtest2 SET k=k+1 WHERE id=1246901
	Update on sbtest2  (cost=0.43..8.46 rows=0 width=0)
	  ->  Index Scan using sbtest2_pkey on sbtest2  (cost=0.43..8.46 rows=1 width=10)
	        Index Cond: (id = 1246901)

table 3 : explain UPDATE sbtest3 SET k=k+1 WHERE id=8991718
	Update on sbtest3  (cost=0.43..8.46 rows=0 width=0)
	  ->  Index Scan using sbtest3_pkey on sbtest3  (cost=0.43..8.46 rows=1 width=10)
	        Index Cond: (id = 8991718)

table 4 : explain UPDATE sbtest4 SET k=k+1 WHERE id=6976840
	Update on sbtest4  (cost=0.43..8.46 rows=0 width=0)
	  ->  Index Scan using sbtest4_pkey on sbtest4  (cost=0.43..8.46 rows=1 width=10)
	        Index Cond: (id = 6976840)

table 5 : explain UPDATE sbtest5 SET k=k+1 WHERE id=262597
	Update on sbtest5  (cost=0.43..8.46 rows=0 width=0)
	  ->  Index Scan using sbtest5_pkey on sbtest5  (cost=0.43..8.46 rows=1 width=10)
	        Index Cond: (id = 262597)

table 6 : explain UPDATE sbtest6 SET k=k+1 WHERE id=5884185
	Update on sbtest6  (cost=0.43..8.46 rows=0 width=0)
	  ->  Index Scan using sbtest6_pkey on sbtest6  (cost=0.43..8.46 rows=1 width=10)
	        Index Cond: (id = 5884185)

table 7 : explain UPDATE sbtest7 SET k=k+1 WHERE id=2834176
	Update on sbtest7  (cost=0.43..8.46 rows=0 width=0)
	  ->  Index Scan using sbtest7_pkey on sbtest7  (cost=0.43..8.46 rows=1 width=10)
	        Index Cond: (id = 2834176)

table 8 : explain UPDATE sbtest8 SET k=k+1 WHERE id=490247
	Update on sbtest8  (cost=0.43..8.46 rows=0 width=0)
	  ->  Index Scan using sbtest8_pkey on sbtest8  (cost=0.43..8.46 rows=1 width=10)
	        Index Cond: (id = 490247)


for non_index_updates
table 1 : explain UPDATE sbtest1 SET c='foobar' WHERE id=5201970
	Update on sbtest1  (cost=0.43..8.45 rows=0 width=0)
	  ->  Index Scan using sbtest1_pkey on sbtest1  (cost=0.43..8.45 rows=1 width=490)
	        Index Cond: (id = 5201970)

table 2 : explain UPDATE sbtest2 SET c='foobar' WHERE id=8059435
	Update on sbtest2  (cost=0.43..8.45 rows=0 width=0)
	  ->  Index Scan using sbtest2_pkey on sbtest2  (cost=0.43..8.45 rows=1 width=490)
	        Index Cond: (id = 8059435)

table 3 : explain UPDATE sbtest3 SET c='foobar' WHERE id=3082789
	Update on sbtest3  (cost=0.43..8.45 rows=0 width=0)
	  ->  Index Scan using sbtest3_pkey on sbtest3  (cost=0.43..8.45 rows=1 width=490)
	        Index Cond: (id = 3082789)

table 4 : explain UPDATE sbtest4 SET c='foobar' WHERE id=1266734
	Update on sbtest4  (cost=0.43..8.45 rows=0 width=0)
	  ->  Index Scan using sbtest4_pkey on sbtest4  (cost=0.43..8.45 rows=1 width=490)
	        Index Cond: (id = 1266734)

table 5 : explain UPDATE sbtest5 SET c='foobar' WHERE id=6500072
	Update on sbtest5  (cost=0.43..8.45 rows=0 width=0)
	  ->  Index Scan using sbtest5_pkey on sbtest5  (cost=0.43..8.45 rows=1 width=490)
	        Index Cond: (id = 6500072)

table 6 : explain UPDATE sbtest6 SET c='foobar' WHERE id=3254670
	Update on sbtest6  (cost=0.43..8.45 rows=0 width=0)
	  ->  Index Scan using sbtest6_pkey on sbtest6  (cost=0.43..8.45 rows=1 width=490)
	        Index Cond: (id = 3254670)

table 7 : explain UPDATE sbtest7 SET c='foobar' WHERE id=5760594
	Update on sbtest7  (cost=0.43..8.45 rows=0 width=0)
	  ->  Index Scan using sbtest7_pkey on sbtest7  (cost=0.43..8.45 rows=1 width=490)
	        Index Cond: (id = 5760594)

table 8 : explain UPDATE sbtest8 SET c='foobar' WHERE id=8938789
	Update on sbtest8  (cost=0.43..8.45 rows=0 width=0)
	  ->  Index Scan using sbtest8_pkey on sbtest8  (cost=0.43..8.45 rows=1 width=490)
	        Index Cond: (id = 8938789)

explain: for deletes :: explain DELETE FROM sbtest%u WHERE id=%u
for: sum_ranges
table 1 : explain SELECT SUM(k) FROM sbtest1 WHERE id BETWEEN 5891714 AND 5891813
	Aggregate  (cost=389.89..389.90 rows=1 width=8)
	  ->  Index Scan using sbtest1_pkey on sbtest1  (cost=0.43..389.64 rows=100 width=4)
	        Index Cond: ((id >= 5891714) AND (id <= 5891813))

table 2 : explain SELECT SUM(k) FROM sbtest2 WHERE id BETWEEN 9938190 AND 9938289
	Aggregate  (cost=365.08..365.09 rows=1 width=8)
	  ->  Index Scan using sbtest2_pkey on sbtest2  (cost=0.43..364.84 rows=94 width=4)
	        Index Cond: ((id >= 9938190) AND (id <= 9938289))

table 3 : explain SELECT SUM(k) FROM sbtest3 WHERE id BETWEEN 6920855 AND 6920954
	Aggregate  (cost=355.97..355.98 rows=1 width=8)
	  ->  Index Scan using sbtest3_pkey on sbtest3  (cost=0.43..355.74 rows=91 width=4)
	        Index Cond: ((id >= 6920855) AND (id <= 6920954))

table 4 : explain SELECT SUM(k) FROM sbtest4 WHERE id BETWEEN 8289712 AND 8289811
	Aggregate  (cost=395.17..395.18 rows=1 width=8)
	  ->  Index Scan using sbtest4_pkey on sbtest4  (cost=0.43..394.92 rows=101 width=4)
	        Index Cond: ((id >= 8289712) AND (id <= 8289811))

table 5 : explain SELECT SUM(k) FROM sbtest5 WHERE id BETWEEN 9398114 AND 9398213
	Aggregate  (cost=410.46..410.47 rows=1 width=8)
	  ->  Index Scan using sbtest5_pkey on sbtest5  (cost=0.43..410.20 rows=106 width=4)
	        Index Cond: ((id >= 9398114) AND (id <= 9398213))

table 6 : explain SELECT SUM(k) FROM sbtest6 WHERE id BETWEEN 1743477 AND 1743576
	Aggregate  (cost=379.86..379.87 rows=1 width=8)
	  ->  Index Scan using sbtest6_pkey on sbtest6  (cost=0.43..379.62 rows=98 width=4)
	        Index Cond: ((id >= 1743477) AND (id <= 1743576))

table 7 : explain SELECT SUM(k) FROM sbtest7 WHERE id BETWEEN 3889775 AND 3889874
	Aggregate  (cost=395.51..395.52 rows=1 width=8)
	  ->  Index Scan using sbtest7_pkey on sbtest7  (cost=0.43..395.26 rows=102 width=4)
	        Index Cond: ((id >= 3889775) AND (id <= 3889874))

table 8 : explain SELECT SUM(k) FROM sbtest8 WHERE id BETWEEN 5624987 AND 5625086
	Aggregate  (cost=396.56..396.57 rows=1 width=8)
	  ->  Index Scan using sbtest8_pkey on sbtest8  (cost=0.43..396.30 rows=102 width=4)
	        Index Cond: ((id >= 5624987) AND (id <= 5625086))

for non_index_updates
table 1 : explain UPDATE sbtest1 SET c='foobar' WHERE id=8936570
	Update on sbtest1  (cost=0.43..8.45 rows=0 width=0)
	  ->  Index Scan using sbtest1_pkey on sbtest1  (cost=0.43..8.45 rows=1 width=490)
	        Index Cond: (id = 8936570)

table 2 : explain UPDATE sbtest2 SET c='foobar' WHERE id=5861896
	Update on sbtest2  (cost=0.43..8.45 rows=0 width=0)
	  ->  Index Scan using sbtest2_pkey on sbtest2  (cost=0.43..8.45 rows=1 width=490)
	        Index Cond: (id = 5861896)

table 3 : explain UPDATE sbtest3 SET c='foobar' WHERE id=2095701
	Update on sbtest3  (cost=0.43..8.45 rows=0 width=0)
	  ->  Index Scan using sbtest3_pkey on sbtest3  (cost=0.43..8.45 rows=1 width=490)
	        Index Cond: (id = 2095701)

table 4 : explain UPDATE sbtest4 SET c='foobar' WHERE id=2767632
	Update on sbtest4  (cost=0.43..8.45 rows=0 width=0)
	  ->  Index Scan using sbtest4_pkey on sbtest4  (cost=0.43..8.45 rows=1 width=490)
	        Index Cond: (id = 2767632)

table 5 : explain UPDATE sbtest5 SET c='foobar' WHERE id=3493638
	Update on sbtest5  (cost=0.43..8.45 rows=0 width=0)
	  ->  Index Scan using sbtest5_pkey on sbtest5  (cost=0.43..8.45 rows=1 width=490)
	        Index Cond: (id = 3493638)

table 6 : explain UPDATE sbtest6 SET c='foobar' WHERE id=2857911
	Update on sbtest6  (cost=0.43..8.45 rows=0 width=0)
	  ->  Index Scan using sbtest6_pkey on sbtest6  (cost=0.43..8.45 rows=1 width=490)
	        Index Cond: (id = 2857911)

table 7 : explain UPDATE sbtest7 SET c='foobar' WHERE id=6103944
	Update on sbtest7  (cost=0.43..8.45 rows=0 width=0)
	  ->  Index Scan using sbtest7_pkey on sbtest7  (cost=0.43..8.45 rows=1 width=490)
	        Index Cond: (id = 6103944)

table 8 : explain UPDATE sbtest8 SET c='foobar' WHERE id=8704304
	Update on sbtest8  (cost=0.43..8.45 rows=0 width=0)
	  ->  Index Scan using sbtest8_pkey on sbtest8  (cost=0.43..8.45 rows=1 width=490)
	        Index Cond: (id = 8704304)

explain: for deletes :: explain DELETE FROM sbtest%u WHERE id=%u
for inserts
table 1 : explain INSERT INTO sbtest1 (id, k, c, pad) VALUES (1094912, 13, 'foobar', 'foobar')
	Insert on sbtest1  (cost=0.00..0.01 rows=0 width=0)
	  ->  Result  (cost=0.00..0.01 rows=1 width=736)

table 2 : explain INSERT INTO sbtest2 (id, k, c, pad) VALUES (9757447, 13, 'foobar', 'foobar')
	Insert on sbtest2  (cost=0.00..0.01 rows=0 width=0)
	  ->  Result  (cost=0.00..0.01 rows=1 width=736)

table 3 : explain INSERT INTO sbtest3 (id, k, c, pad) VALUES (5979804, 13, 'foobar', 'foobar')
	Insert on sbtest3  (cost=0.00..0.01 rows=0 width=0)
	  ->  Result  (cost=0.00..0.01 rows=1 width=736)

table 4 : explain INSERT INTO sbtest4 (id, k, c, pad) VALUES (3671477, 13, 'foobar', 'foobar')
	Insert on sbtest4  (cost=0.00..0.01 rows=0 width=0)
	  ->  Result  (cost=0.00..0.01 rows=1 width=736)

table 5 : explain INSERT INTO sbtest5 (id, k, c, pad) VALUES (264945, 13, 'foobar', 'foobar')
	Insert on sbtest5  (cost=0.00..0.01 rows=0 width=0)
	  ->  Result  (cost=0.00..0.01 rows=1 width=736)

table 6 : explain INSERT INTO sbtest6 (id, k, c, pad) VALUES (4281243, 13, 'foobar', 'foobar')
	Insert on sbtest6  (cost=0.00..0.01 rows=0 width=0)
	  ->  Result  (cost=0.00..0.01 rows=1 width=736)

table 7 : explain INSERT INTO sbtest7 (id, k, c, pad) VALUES (800257, 13, 'foobar', 'foobar')
	Insert on sbtest7  (cost=0.00..0.01 rows=0 width=0)
	  ->  Result  (cost=0.00..0.01 rows=1 width=736)

table 8 : explain INSERT INTO sbtest8 (id, k, c, pad) VALUES (7148517, 13, 'foobar', 'foobar')
	Insert on sbtest8  (cost=0.00..0.01 rows=0 width=0)
	  ->  Result  (cost=0.00..0.01 rows=1 width=736)

explain: for non_index_updates :: explain UPDATE sbtest%u SET c='foobar' WHERE id=%u
for: distinct_ranges
table 1 : explain SELECT DISTINCT c FROM sbtest1 WHERE id BETWEEN 3977313 AND 3977412 ORDER BY c
	Unique  (cost=416.30..416.83 rows=106 width=121)
	  ->  Sort  (cost=416.30..416.57 rows=106 width=121)
	        Sort Key: c
	        ->  Index Scan using sbtest1_pkey on sbtest1  (cost=0.43..412.74 rows=106 width=121)
	              Index Cond: ((id >= 3977313) AND (id <= 3977412))

table 2 : explain SELECT DISTINCT c FROM sbtest2 WHERE id BETWEEN 442128 AND 442227 ORDER BY c
	Unique  (cost=379.54..380.02 rows=97 width=121)
	  ->  Sort  (cost=379.54..379.78 rows=97 width=121)
	        Sort Key: c
	        ->  Index Scan using sbtest2_pkey on sbtest2  (cost=0.43..376.34 rows=97 width=121)
	              Index Cond: ((id >= 442128) AND (id <= 442227))

table 3 : explain SELECT DISTINCT c FROM sbtest3 WHERE id BETWEEN 4255916 AND 4256015 ORDER BY c
	Unique  (cost=401.62..402.13 rows=102 width=121)
	  ->  Sort  (cost=401.62..401.88 rows=102 width=121)
	        Sort Key: c
	        ->  Index Scan using sbtest3_pkey on sbtest3  (cost=0.43..398.22 rows=102 width=121)
	              Index Cond: ((id >= 4255916) AND (id <= 4256015))

table 4 : explain SELECT DISTINCT c FROM sbtest4 WHERE id BETWEEN 4045442 AND 4045541 ORDER BY c
	Unique  (cost=382.63..383.11 rows=97 width=121)
	  ->  Sort  (cost=382.63..382.87 rows=97 width=121)
	        Sort Key: c
	        ->  Index Scan using sbtest4_pkey on sbtest4  (cost=0.43..379.43 rows=97 width=121)
	              Index Cond: ((id >= 4045442) AND (id <= 4045541))

table 5 : explain SELECT DISTINCT c FROM sbtest5 WHERE id BETWEEN 8845768 AND 8845867 ORDER BY c
	Unique  (cost=436.96..437.52 rows=112 width=121)
	  ->  Sort  (cost=436.96..437.24 rows=112 width=121)
	        Sort Key: c
	        ->  Index Scan using sbtest5_pkey on sbtest5  (cost=0.43..433.14 rows=112 width=121)
	              Index Cond: ((id >= 8845768) AND (id <= 8845867))

table 6 : explain SELECT DISTINCT c FROM sbtest6 WHERE id BETWEEN 7517566 AND 7517665 ORDER BY c
	Unique  (cost=402.24..402.75 rows=103 width=121)
	  ->  Sort  (cost=402.24..402.50 rows=103 width=121)
	        Sort Key: c
	        ->  Index Scan using sbtest6_pkey on sbtest6  (cost=0.43..398.80 rows=103 width=121)
	              Index Cond: ((id >= 7517566) AND (id <= 7517665))

table 7 : explain SELECT DISTINCT c FROM sbtest7 WHERE id BETWEEN 6773088 AND 6773187 ORDER BY c
	Unique  (cost=387.01..387.50 rows=99 width=121)
	  ->  Sort  (cost=387.01..387.25 rows=99 width=121)
	        Sort Key: c
	        ->  Index Scan using sbtest7_pkey on sbtest7  (cost=0.43..383.72 rows=99 width=121)
	              Index Cond: ((id >= 6773088) AND (id <= 6773187))

table 8 : explain SELECT DISTINCT c FROM sbtest8 WHERE id BETWEEN 4061476 AND 4061575 ORDER BY c
	Unique  (cost=407.46..407.98 rows=104 width=121)
	  ->  Sort  (cost=407.46..407.72 rows=104 width=121)
	        Sort Key: c
	        ->  Index Scan using sbtest8_pkey on sbtest8  (cost=0.43..403.98 rows=104 width=121)
	              Index Cond: ((id >= 4061476) AND (id <= 4061575))

for inserts
table 1 : explain INSERT INTO sbtest1 (id, k, c, pad) VALUES (9098747, 13, 'foobar', 'foobar')
	Insert on sbtest1  (cost=0.00..0.01 rows=0 width=0)
	  ->  Result  (cost=0.00..0.01 rows=1 width=736)

table 2 : explain INSERT INTO sbtest2 (id, k, c, pad) VALUES (4202697, 13, 'foobar', 'foobar')
	Insert on sbtest2  (cost=0.00..0.01 rows=0 width=0)
	  ->  Result  (cost=0.00..0.01 rows=1 width=736)

table 3 : explain INSERT INTO sbtest3 (id, k, c, pad) VALUES (3639284, 13, 'foobar', 'foobar')
	Insert on sbtest3  (cost=0.00..0.01 rows=0 width=0)
	  ->  Result  (cost=0.00..0.01 rows=1 width=736)

table 4 : explain INSERT INTO sbtest4 (id, k, c, pad) VALUES (164107, 13, 'foobar', 'foobar')
	Insert on sbtest4  (cost=0.00..0.01 rows=0 width=0)
	  ->  Result  (cost=0.00..0.01 rows=1 width=736)

table 5 : explain INSERT INTO sbtest5 (id, k, c, pad) VALUES (7260691, 13, 'foobar', 'foobar')
	Insert on sbtest5  (cost=0.00..0.01 rows=0 width=0)
	  ->  Result  (cost=0.00..0.01 rows=1 width=736)

table 6 : explain INSERT INTO sbtest6 (id, k, c, pad) VALUES (3616462, 13, 'foobar', 'foobar')
	Insert on sbtest6  (cost=0.00..0.01 rows=0 width=0)
	  ->  Result  (cost=0.00..0.01 rows=1 width=736)

table 7 : explain INSERT INTO sbtest7 (id, k, c, pad) VALUES (3053072, 13, 'foobar', 'foobar')
	Insert on sbtest7  (cost=0.00..0.01 rows=0 width=0)
	  ->  Result  (cost=0.00..0.01 rows=1 width=736)

table 8 : explain INSERT INTO sbtest8 (id, k, c, pad) VALUES (1412825, 13, 'foobar', 'foobar')
	Insert on sbtest8  (cost=0.00..0.01 rows=0 width=0)
	  ->  Result  (cost=0.00..0.01 rows=1 width=736)

for non_index_updates
table 1 : explain UPDATE sbtest1 SET c='foobar' WHERE id=1392635
	Update on sbtest1  (cost=0.43..8.45 rows=0 width=0)
	  ->  Index Scan using sbtest1_pkey on sbtest1  (cost=0.43..8.45 rows=1 width=490)
	        Index Cond: (id = 1392635)

table 2 : explain UPDATE sbtest2 SET c='foobar' WHERE id=1958569
	Update on sbtest2  (cost=0.43..8.45 rows=0 width=0)
	  ->  Index Scan using sbtest2_pkey on sbtest2  (cost=0.43..8.45 rows=1 width=490)
	        Index Cond: (id = 1958569)

table 3 : explain UPDATE sbtest3 SET c='foobar' WHERE id=5709077
	Update on sbtest3  (cost=0.43..8.45 rows=0 width=0)
	  ->  Index Scan using sbtest3_pkey on sbtest3  (cost=0.43..8.45 rows=1 width=490)
	        Index Cond: (id = 5709077)

table 4 : explain UPDATE sbtest4 SET c='foobar' WHERE id=9255592
	Update on sbtest4  (cost=0.43..8.45 rows=0 width=0)
	  ->  Index Scan using sbtest4_pkey on sbtest4  (cost=0.43..8.45 rows=1 width=490)
	        Index Cond: (id = 9255592)

table 5 : explain UPDATE sbtest5 SET c='foobar' WHERE id=8261264
	Update on sbtest5  (cost=0.43..8.45 rows=0 width=0)
	  ->  Index Scan using sbtest5_pkey on sbtest5  (cost=0.43..8.45 rows=1 width=490)
	        Index Cond: (id = 8261264)

table 6 : explain UPDATE sbtest6 SET c='foobar' WHERE id=9338822
	Update on sbtest6  (cost=0.43..8.45 rows=0 width=0)
	  ->  Index Scan using sbtest6_pkey on sbtest6  (cost=0.43..8.45 rows=1 width=490)
	        Index Cond: (id = 9338822)

table 7 : explain UPDATE sbtest7 SET c='foobar' WHERE id=1427892
	Update on sbtest7  (cost=0.43..8.45 rows=0 width=0)
	  ->  Index Scan using sbtest7_pkey on sbtest7  (cost=0.43..8.45 rows=1 width=490)
	        Index Cond: (id = 1427892)

table 8 : explain UPDATE sbtest8 SET c='foobar' WHERE id=2828762
	Update on sbtest8  (cost=0.43..8.45 rows=0 width=0)
	  ->  Index Scan using sbtest8_pkey on sbtest8  (cost=0.43..8.45 rows=1 width=490)
	        Index Cond: (id = 2828762)

for inserts
table 1 : explain INSERT INTO sbtest1 (id, k, c, pad) VALUES (7821282, 13, 'foobar', 'foobar')
	Insert on sbtest1  (cost=0.00..0.01 rows=0 width=0)
	  ->  Result  (cost=0.00..0.01 rows=1 width=736)

table 2 : explain INSERT INTO sbtest2 (id, k, c, pad) VALUES (5224599, 13, 'foobar', 'foobar')
	Insert on sbtest2  (cost=0.00..0.01 rows=0 width=0)
	  ->  Result  (cost=0.00..0.01 rows=1 width=736)

table 3 : explain INSERT INTO sbtest3 (id, k, c, pad) VALUES (8288257, 13, 'foobar', 'foobar')
	Insert on sbtest3  (cost=0.00..0.01 rows=0 width=0)
	  ->  Result  (cost=0.00..0.01 rows=1 width=736)

table 4 : explain INSERT INTO sbtest4 (id, k, c, pad) VALUES (9984122, 13, 'foobar', 'foobar')
	Insert on sbtest4  (cost=0.00..0.01 rows=0 width=0)
	  ->  Result  (cost=0.00..0.01 rows=1 width=736)

table 5 : explain INSERT INTO sbtest5 (id, k, c, pad) VALUES (7828334, 13, 'foobar', 'foobar')
	Insert on sbtest5  (cost=0.00..0.01 rows=0 width=0)
	  ->  Result  (cost=0.00..0.01 rows=1 width=736)

table 6 : explain INSERT INTO sbtest6 (id, k, c, pad) VALUES (8582298, 13, 'foobar', 'foobar')
	Insert on sbtest6  (cost=0.00..0.01 rows=0 width=0)
	  ->  Result  (cost=0.00..0.01 rows=1 width=736)

table 7 : explain INSERT INTO sbtest7 (id, k, c, pad) VALUES (1723919, 13, 'foobar', 'foobar')
	Insert on sbtest7  (cost=0.00..0.01 rows=0 width=0)
	  ->  Result  (cost=0.00..0.01 rows=1 width=736)

table 8 : explain INSERT INTO sbtest8 (id, k, c, pad) VALUES (2101975, 13, 'foobar', 'foobar')
	Insert on sbtest8  (cost=0.00..0.01 rows=0 width=0)
	  ->  Result  (cost=0.00..0.01 rows=1 width=736)

for deletes
table 1 : explain DELETE FROM sbtest1 WHERE id=1529827
	Delete on sbtest1  (cost=0.43..8.45 rows=0 width=0)
	  ->  Index Scan using sbtest1_pkey on sbtest1  (cost=0.43..8.45 rows=1 width=6)
	        Index Cond: (id = 1529827)

table 2 : explain DELETE FROM sbtest2 WHERE id=9651670
	Delete on sbtest2  (cost=0.43..8.45 rows=0 width=0)
	  ->  Index Scan using sbtest2_pkey on sbtest2  (cost=0.43..8.45 rows=1 width=6)
	        Index Cond: (id = 9651670)

table 3 : explain DELETE FROM sbtest3 WHERE id=4869581
	Delete on sbtest3  (cost=0.43..8.45 rows=0 width=0)
	  ->  Index Scan using sbtest3_pkey on sbtest3  (cost=0.43..8.45 rows=1 width=6)
	        Index Cond: (id = 4869581)

table 4 : explain DELETE FROM sbtest4 WHERE id=6521547
	Delete on sbtest4  (cost=0.43..8.45 rows=0 width=0)
	  ->  Index Scan using sbtest4_pkey on sbtest4  (cost=0.43..8.45 rows=1 width=6)
	        Index Cond: (id = 6521547)

table 5 : explain DELETE FROM sbtest5 WHERE id=6088239
	Delete on sbtest5  (cost=0.43..8.45 rows=0 width=0)
	  ->  Index Scan using sbtest5_pkey on sbtest5  (cost=0.43..8.45 rows=1 width=6)
	        Index Cond: (id = 6088239)

table 6 : explain DELETE FROM sbtest6 WHERE id=4514078
	Delete on sbtest6  (cost=0.43..8.45 rows=0 width=0)
	  ->  Index Scan using sbtest6_pkey on sbtest6  (cost=0.43..8.45 rows=1 width=6)
	        Index Cond: (id = 4514078)

table 7 : explain DELETE FROM sbtest7 WHERE id=4828543
	Delete on sbtest7  (cost=0.43..8.45 rows=0 width=0)
	  ->  Index Scan using sbtest7_pkey on sbtest7  (cost=0.43..8.45 rows=1 width=6)
	        Index Cond: (id = 4828543)

table 8 : explain DELETE FROM sbtest8 WHERE id=7397092
	Delete on sbtest8  (cost=0.43..8.45 rows=0 width=0)
	  ->  Index Scan using sbtest8_pkey on sbtest8  (cost=0.43..8.45 rows=1 width=6)
	        Index Cond: (id = 7397092)

for: order_ranges
table 1 : explain SELECT c FROM sbtest1 WHERE id BETWEEN 9363625 AND 9363724 ORDER BY c
	Sort  (cost=396.86..397.11 rows=101 width=121)
	  Sort Key: c
	  ->  Index Scan using sbtest1_pkey on sbtest1  (cost=0.43..393.49 rows=101 width=121)
	        Index Cond: ((id >= 9363625) AND (id <= 9363724))

table 2 : explain SELECT c FROM sbtest2 WHERE id BETWEEN 8048566 AND 8048665 ORDER BY c
	Sort  (cost=395.07..395.32 rows=101 width=121)
	  Sort Key: c
	  ->  Index Scan using sbtest2_pkey on sbtest2  (cost=0.43..391.71 rows=101 width=121)
	        Index Cond: ((id >= 8048566) AND (id <= 8048665))

table 3 : explain SELECT c FROM sbtest3 WHERE id BETWEEN 2373852 AND 2373951 ORDER BY c
	Sort  (cost=401.62..401.88 rows=102 width=121)
	  Sort Key: c
	  ->  Index Scan using sbtest3_pkey on sbtest3  (cost=0.43..398.22 rows=102 width=121)
	        Index Cond: ((id >= 2373852) AND (id <= 2373951))

table 4 : explain SELECT c FROM sbtest4 WHERE id BETWEEN 4985985 AND 4986084 ORDER BY c
	Sort  (cost=359.21..359.43 rows=91 width=121)
	  Sort Key: c
	  ->  Index Scan using sbtest4_pkey on sbtest4  (cost=0.43..356.25 rows=91 width=121)
	        Index Cond: ((id >= 4985985) AND (id <= 4986084))

table 5 : explain SELECT c FROM sbtest5 WHERE id BETWEEN 3232432 AND 3232531 ORDER BY c
	Sort  (cost=390.57..390.82 rows=100 width=121)
	  Sort Key: c
	  ->  Index Scan using sbtest5_pkey on sbtest5  (cost=0.43..387.25 rows=100 width=121)
	        Index Cond: ((id >= 3232432) AND (id <= 3232531))

table 6 : explain SELECT c FROM sbtest6 WHERE id BETWEEN 5393175 AND 5393274 ORDER BY c
	Sort  (cost=386.73..386.97 rows=99 width=121)
	  Sort Key: c
	  ->  Index Scan using sbtest6_pkey on sbtest6  (cost=0.43..383.44 rows=99 width=121)
	        Index Cond: ((id >= 5393175) AND (id <= 5393274))

table 7 : explain SELECT c FROM sbtest7 WHERE id BETWEEN 1530277 AND 1530376 ORDER BY c
	Sort  (cost=371.53..371.77 rows=95 width=121)
	  Sort Key: c
	  ->  Index Scan using sbtest7_pkey on sbtest7  (cost=0.43..368.41 rows=95 width=121)
	        Index Cond: ((id >= 1530277) AND (id <= 1530376))

table 8 : explain SELECT c FROM sbtest8 WHERE id BETWEEN 1581020 AND 1581119 ORDER BY c
	Sort  (cost=391.95..392.20 rows=100 width=121)
	  Sort Key: c
	  ->  Index Scan using sbtest8_pkey on sbtest8  (cost=0.43..388.62 rows=100 width=121)
	        Index Cond: ((id >= 1581020) AND (id <= 1581119))

for deletes
table 1 : explain DELETE FROM sbtest1 WHERE id=2763305
	Delete on sbtest1  (cost=0.43..8.45 rows=0 width=0)
	  ->  Index Scan using sbtest1_pkey on sbtest1  (cost=0.43..8.45 rows=1 width=6)
	        Index Cond: (id = 2763305)

table 2 : explain DELETE FROM sbtest2 WHERE id=8255044
	Delete on sbtest2  (cost=0.43..8.45 rows=0 width=0)
	  ->  Index Scan using sbtest2_pkey on sbtest2  (cost=0.43..8.45 rows=1 width=6)
	        Index Cond: (id = 8255044)

table 3 : explain DELETE FROM sbtest3 WHERE id=3468376
	Delete on sbtest3  (cost=0.43..8.45 rows=0 width=0)
	  ->  Index Scan using sbtest3_pkey on sbtest3  (cost=0.43..8.45 rows=1 width=6)
	        Index Cond: (id = 3468376)

table 4 : explain DELETE FROM sbtest4 WHERE id=7015809
	Delete on sbtest4  (cost=0.43..8.45 rows=0 width=0)
	  ->  Index Scan using sbtest4_pkey on sbtest4  (cost=0.43..8.45 rows=1 width=6)
	        Index Cond: (id = 7015809)

table 5 : explain DELETE FROM sbtest5 WHERE id=3272979
	Delete on sbtest5  (cost=0.43..8.45 rows=0 width=0)
	  ->  Index Scan using sbtest5_pkey on sbtest5  (cost=0.43..8.45 rows=1 width=6)
	        Index Cond: (id = 3272979)

table 6 : explain DELETE FROM sbtest6 WHERE id=9874626
	Delete on sbtest6  (cost=0.43..8.45 rows=0 width=0)
	  ->  Index Scan using sbtest6_pkey on sbtest6  (cost=0.43..8.45 rows=1 width=6)
	        Index Cond: (id = 9874626)

table 7 : explain DELETE FROM sbtest7 WHERE id=8042599
	Delete on sbtest7  (cost=0.43..8.45 rows=0 width=0)
	  ->  Index Scan using sbtest7_pkey on sbtest7  (cost=0.43..8.45 rows=1 width=6)
	        Index Cond: (id = 8042599)

table 8 : explain DELETE FROM sbtest8 WHERE id=8354831
	Delete on sbtest8  (cost=0.43..8.45 rows=0 width=0)
	  ->  Index Scan using sbtest8_pkey on sbtest8  (cost=0.43..8.45 rows=1 width=6)
	        Index Cond: (id = 8354831)

for: order_ranges
table 1 : explain SELECT c FROM sbtest1 WHERE id BETWEEN 2322904 AND 2323003 ORDER BY c
	Sort  (cost=385.14..385.39 rows=98 width=121)
	  Sort Key: c
	  ->  Index Scan using sbtest1_pkey on sbtest1  (cost=0.43..381.90 rows=98 width=121)
	        Index Cond: ((id >= 2322904) AND (id <= 2323003))

table 2 : explain SELECT c FROM sbtest2 WHERE id BETWEEN 6206289 AND 6206388 ORDER BY c
	Sort  (cost=379.54..379.78 rows=97 width=121)
	  Sort Key: c
	  ->  Index Scan using sbtest2_pkey on sbtest2  (cost=0.43..376.34 rows=97 width=121)
	        Index Cond: ((id >= 6206289) AND (id <= 6206388))

table 3 : explain SELECT c FROM sbtest3 WHERE id BETWEEN 1251623 AND 1251722 ORDER BY c
	Sort  (cost=370.40..370.63 rows=94 width=121)
	  Sort Key: c
	  ->  Index Scan using sbtest3_pkey on sbtest3  (cost=0.43..367.32 rows=94 width=121)
	        Index Cond: ((id >= 1251623) AND (id <= 1251722))

table 4 : explain SELECT c FROM sbtest4 WHERE id BETWEEN 8597888 AND 8597987 ORDER BY c
	Sort  (cost=378.72..378.96 rows=96 width=121)
	  Sort Key: c
	  ->  Index Scan using sbtest4_pkey on sbtest4  (cost=0.43..375.56 rows=96 width=121)
	        Index Cond: ((id >= 8597888) AND (id <= 8597987))

table 5 : explain SELECT c FROM sbtest5 WHERE id BETWEEN 5282041 AND 5282140 ORDER BY c
	Sort  (cost=394.43..394.69 rows=101 width=121)
	  Sort Key: c
	  ->  Index Scan using sbtest5_pkey on sbtest5  (cost=0.43..391.07 rows=101 width=121)
	        Index Cond: ((id >= 5282041) AND (id <= 5282140))

table 6 : explain SELECT c FROM sbtest6 WHERE id BETWEEN 8247464 AND 8247563 ORDER BY c
	Sort  (cost=382.86..383.11 rows=98 width=121)
	  Sort Key: c
	  ->  Index Scan using sbtest6_pkey on sbtest6  (cost=0.43..379.62 rows=98 width=121)
	        Index Cond: ((id >= 8247464) AND (id <= 8247563))

table 7 : explain SELECT c FROM sbtest7 WHERE id BETWEEN 5026995 AND 5027094 ORDER BY c
	Sort  (cost=356.06..356.29 rows=91 width=121)
	  Sort Key: c
	  ->  Index Scan using sbtest7_pkey on sbtest7  (cost=0.43..353.10 rows=91 width=121)
	        Index Cond: ((id >= 5026995) AND (id <= 5027094))

table 8 : explain SELECT c FROM sbtest8 WHERE id BETWEEN 5270631 AND 5270730 ORDER BY c
	Sort  (cost=391.95..392.20 rows=100 width=121)
	  Sort Key: c
	  ->  Index Scan using sbtest8_pkey on sbtest8  (cost=0.43..388.62 rows=100 width=121)
	        Index Cond: ((id >= 5270631) AND (id <= 5270730))

for: order_ranges
table 1 : explain SELECT c FROM sbtest1 WHERE id BETWEEN 4695133 AND 4695232 ORDER BY c
	Sort  (cost=416.30..416.57 rows=106 width=121)
	  Sort Key: c
	  ->  Index Scan using sbtest1_pkey on sbtest1  (cost=0.43..412.74 rows=106 width=121)
	        Index Cond: ((id >= 4695133) AND (id <= 4695232))

table 2 : explain SELECT c FROM sbtest2 WHERE id BETWEEN 1761962 AND 1762061 ORDER BY c
	Sort  (cost=398.94..399.20 rows=102 width=121)
	  Sort Key: c
	  ->  Index Scan using sbtest2_pkey on sbtest2  (cost=0.43..395.54 rows=102 width=121)
	        Index Cond: ((id >= 1761962) AND (id <= 1762061))

table 3 : explain SELECT c FROM sbtest3 WHERE id BETWEEN 8092993 AND 8093092 ORDER BY c
	Sort  (cost=358.71..358.93 rows=91 width=121)
	  Sort Key: c
	  ->  Index Scan using sbtest3_pkey on sbtest3  (cost=0.43..355.74 rows=91 width=121)
	        Index Cond: ((id >= 8092993) AND (id <= 8093092))

table 4 : explain SELECT c FROM sbtest4 WHERE id BETWEEN 2053241 AND 2053340 ORDER BY c
	Sort  (cost=363.11..363.34 rows=92 width=121)
	  Sort Key: c
	  ->  Index Scan using sbtest4_pkey on sbtest4  (cost=0.43..360.11 rows=92 width=121)
	        Index Cond: ((id >= 2053241) AND (id <= 2053340))

table 5 : explain SELECT c FROM sbtest5 WHERE id BETWEEN 5940789 AND 5940888 ORDER BY c
	Sort  (cost=367.33..367.57 rows=94 width=121)
	  Sort Key: c
	  ->  Index Scan using sbtest5_pkey on sbtest5  (cost=0.43..364.25 rows=94 width=121)
	        Index Cond: ((id >= 5940789) AND (id <= 5940888))

table 6 : explain SELECT c FROM sbtest6 WHERE id BETWEEN 2932163 AND 2932262 ORDER BY c
	Sort  (cost=402.24..402.50 rows=103 width=121)
	  Sort Key: c
	  ->  Index Scan using sbtest6_pkey on sbtest6  (cost=0.43..398.80 rows=103 width=121)
	        Index Cond: ((id >= 2932163) AND (id <= 2932262))

table 7 : explain SELECT c FROM sbtest7 WHERE id BETWEEN 2474166 AND 2474265 ORDER BY c
	Sort  (cost=387.01..387.25 rows=99 width=121)
	  Sort Key: c
	  ->  Index Scan using sbtest7_pkey on sbtest7  (cost=0.43..383.72 rows=99 width=121)
	        Index Cond: ((id >= 2474166) AND (id <= 2474265))

table 8 : explain SELECT c FROM sbtest8 WHERE id BETWEEN 6230258 AND 6230357 ORDER BY c
	Sort  (cost=407.46..407.72 rows=104 width=121)
	  Sort Key: c
	  ->  Index Scan using sbtest8_pkey on sbtest8  (cost=0.43..403.98 rows=104 width=121)
	        Index Cond: ((id >= 6230258) AND (id <= 6230357))

explain: for deletes :: explain DELETE FROM sbtest%u WHERE id=%u
explain: for deletes :: explain DELETE FROM sbtest%u WHERE id=%u
for non_index_updates
table 1 : explain UPDATE sbtest1 SET c='foobar' WHERE id=3566890
	Update on sbtest1  (cost=0.43..8.45 rows=0 width=0)
	  ->  Index Scan using sbtest1_pkey on sbtest1  (cost=0.43..8.45 rows=1 width=490)
	        Index Cond: (id = 3566890)

table 2 : explain UPDATE sbtest2 SET c='foobar' WHERE id=3230924
	Update on sbtest2  (cost=0.43..8.45 rows=0 width=0)
	  ->  Index Scan using sbtest2_pkey on sbtest2  (cost=0.43..8.45 rows=1 width=490)
	        Index Cond: (id = 3230924)

table 3 : explain UPDATE sbtest3 SET c='foobar' WHERE id=7606208
	Update on sbtest3  (cost=0.43..8.45 rows=0 width=0)
	  ->  Index Scan using sbtest3_pkey on sbtest3  (cost=0.43..8.45 rows=1 width=490)
	        Index Cond: (id = 7606208)

table 4 : explain UPDATE sbtest4 SET c='foobar' WHERE id=5589862
	Update on sbtest4  (cost=0.43..8.45 rows=0 width=0)
	  ->  Index Scan using sbtest4_pkey on sbtest4  (cost=0.43..8.45 rows=1 width=490)
	        Index Cond: (id = 5589862)

table 5 : explain UPDATE sbtest5 SET c='foobar' WHERE id=8921736
	Update on sbtest5  (cost=0.43..8.45 rows=0 width=0)
	  ->  Index Scan using sbtest5_pkey on sbtest5  (cost=0.43..8.45 rows=1 width=490)
	        Index Cond: (id = 8921736)

table 6 : explain UPDATE sbtest6 SET c='foobar' WHERE id=7208268
	Update on sbtest6  (cost=0.43..8.45 rows=0 width=0)
	  ->  Index Scan using sbtest6_pkey on sbtest6  (cost=0.43..8.45 rows=1 width=490)
	        Index Cond: (id = 7208268)

table 7 : explain UPDATE sbtest7 SET c='foobar' WHERE id=1492741
	Update on sbtest7  (cost=0.43..8.45 rows=0 width=0)
	  ->  Index Scan using sbtest7_pkey on sbtest7  (cost=0.43..8.45 rows=1 width=490)
	        Index Cond: (id = 1492741)

table 8 : explain UPDATE sbtest8 SET c='foobar' WHERE id=803839
	Update on sbtest8  (cost=0.43..8.45 rows=0 width=0)
	  ->  Index Scan using sbtest8_pkey on sbtest8  (cost=0.43..8.45 rows=1 width=490)
	        Index Cond: (id = 803839)

explain: for index_updates :: explain UPDATE sbtest%u SET k=k+1 WHERE id=%u
for deletes
table 1 : explain DELETE FROM sbtest1 WHERE id=4641588
	Delete on sbtest1  (cost=0.43..8.45 rows=0 width=0)
	  ->  Index Scan using sbtest1_pkey on sbtest1  (cost=0.43..8.45 rows=1 width=6)
	        Index Cond: (id = 4641588)

table 2 : explain DELETE FROM sbtest2 WHERE id=3864527
	Delete on sbtest2  (cost=0.43..8.45 rows=0 width=0)
	  ->  Index Scan using sbtest2_pkey on sbtest2  (cost=0.43..8.45 rows=1 width=6)
	        Index Cond: (id = 3864527)

table 3 : explain DELETE FROM sbtest3 WHERE id=5053147
	Delete on sbtest3  (cost=0.43..8.45 rows=0 width=0)
	  ->  Index Scan using sbtest3_pkey on sbtest3  (cost=0.43..8.45 rows=1 width=6)
	        Index Cond: (id = 5053147)

table 4 : explain DELETE FROM sbtest4 WHERE id=469859
	Delete on sbtest4  (cost=0.43..8.45 rows=0 width=0)
	  ->  Index Scan using sbtest4_pkey on sbtest4  (cost=0.43..8.45 rows=1 width=6)
	        Index Cond: (id = 469859)

table 5 : explain DELETE FROM sbtest5 WHERE id=4982700
	Delete on sbtest5  (cost=0.43..8.45 rows=0 width=0)
	  ->  Index Scan using sbtest5_pkey on sbtest5  (cost=0.43..8.45 rows=1 width=6)
	        Index Cond: (id = 4982700)

table 6 : explain DELETE FROM sbtest6 WHERE id=7786252
	Delete on sbtest6  (cost=0.43..8.45 rows=0 width=0)
	  ->  Index Scan using sbtest6_pkey on sbtest6  (cost=0.43..8.45 rows=1 width=6)
	        Index Cond: (id = 7786252)

table 7 : explain DELETE FROM sbtest7 WHERE id=2484352
	Delete on sbtest7  (cost=0.43..8.45 rows=0 width=0)
	  ->  Index Scan using sbtest7_pkey on sbtest7  (cost=0.43..8.45 rows=1 width=6)
	        Index Cond: (id = 2484352)

table 8 : explain DELETE FROM sbtest8 WHERE id=2065759
	Delete on sbtest8  (cost=0.43..8.45 rows=0 width=0)
	  ->  Index Scan using sbtest8_pkey on sbtest8  (cost=0.43..8.45 rows=1 width=6)
	        Index Cond: (id = 2065759)

explain: for inserts :: explain INSERT INTO sbtest%u (id, k, c, pad) VALUES (%u, 13, 'foobar', 'foobar')
for: order_ranges
table 1 : explain SELECT c FROM sbtest1 WHERE id BETWEEN 9167033 AND 9167132 ORDER BY c
	Sort  (cost=385.14..385.39 rows=98 width=121)
	  Sort Key: c
	  ->  Index Scan using sbtest1_pkey on sbtest1  (cost=0.43..381.90 rows=98 width=121)
	        Index Cond: ((id >= 9167033) AND (id <= 9167132))

table 2 : explain SELECT c FROM sbtest2 WHERE id BETWEEN 1042742 AND 1042841 ORDER BY c
	Sort  (cost=398.94..399.20 rows=102 width=121)
	  Sort Key: c
	  ->  Index Scan using sbtest2_pkey on sbtest2  (cost=0.43..395.54 rows=102 width=121)
	        Index Cond: ((id >= 1042742) AND (id <= 1042841))

table 3 : explain SELECT c FROM sbtest3 WHERE id BETWEEN 7346578 AND 7346677 ORDER BY c
	Sort  (cost=413.32..413.58 rows=105 width=121)
	  Sort Key: c
	  ->  Index Scan using sbtest3_pkey on sbtest3  (cost=0.43..409.79 rows=105 width=121)
	        Index Cond: ((id >= 7346578) AND (id <= 7346677))

table 4 : explain SELECT c FROM sbtest4 WHERE id BETWEEN 4744888 AND 4744987 ORDER BY c
	Sort  (cost=394.38..394.63 rows=100 width=121)
	  Sort Key: c
	  ->  Index Scan using sbtest4_pkey on sbtest4  (cost=0.43..391.06 rows=100 width=121)
	        Index Cond: ((id >= 4744888) AND (id <= 4744987))

table 5 : explain SELECT c FROM sbtest5 WHERE id BETWEEN 1643968 AND 1644067 ORDER BY c
	Sort  (cost=359.60..359.83 rows=92 width=121)
	  Sort Key: c
	  ->  Index Scan using sbtest5_pkey on sbtest5  (cost=0.43..356.60 rows=92 width=121)
	        Index Cond: ((id >= 1643968) AND (id <= 1644067))

table 6 : explain SELECT c FROM sbtest6 WHERE id BETWEEN 6689759 AND 6689858 ORDER BY c
	Sort  (cost=367.40..367.63 rows=94 width=121)
	  Sort Key: c
	  ->  Index Scan using sbtest6_pkey on sbtest6  (cost=0.43..364.32 rows=94 width=121)
	        Index Cond: ((id >= 6689759) AND (id <= 6689858))

table 7 : explain SELECT c FROM sbtest7 WHERE id BETWEEN 6843971 AND 6844070 ORDER BY c
	Sort  (cost=418.01..418.27 rows=107 width=121)
	  Sort Key: c
	  ->  Index Scan using sbtest7_pkey on sbtest7  (cost=0.43..414.40 rows=107 width=121)
	        Index Cond: ((id >= 6843971) AND (id <= 6844070))

table 8 : explain SELECT c FROM sbtest8 WHERE id BETWEEN 7484417 AND 7484516 ORDER BY c
	Sort  (cost=403.58..403.84 rows=103 width=121)
	  Sort Key: c
	  ->  Index Scan using sbtest8_pkey on sbtest8  (cost=0.43..400.14 rows=103 width=121)
	        Index Cond: ((id >= 7484417) AND (id <= 7484516))

for: order_ranges
table 1 : explain SELECT c FROM sbtest1 WHERE id BETWEEN 1676534 AND 1676633 ORDER BY c
	Sort  (cost=389.03..389.28 rows=99 width=121)
	  Sort Key: c
	  ->  Index Scan using sbtest1_pkey on sbtest1  (cost=0.43..385.75 rows=99 width=121)
	        Index Cond: ((id >= 1676534) AND (id <= 1676633))

table 2 : explain SELECT c FROM sbtest2 WHERE id BETWEEN 8729800 AND 8729899 ORDER BY c
	Sort  (cost=406.69..406.95 rows=104 width=121)
	  Sort Key: c
	  ->  Index Scan using sbtest2_pkey on sbtest2  (cost=0.43..403.20 rows=104 width=121)
	        Index Cond: ((id >= 8729800) AND (id <= 8729899))

table 3 : explain SELECT c FROM sbtest3 WHERE id BETWEEN 3270203 AND 3270302 ORDER BY c
	Sort  (cost=405.52..405.78 rows=103 width=121)
	  Sort Key: c
	  ->  Index Scan using sbtest3_pkey on sbtest3  (cost=0.43..402.08 rows=103 width=121)
	        Index Cond: ((id >= 3270203) AND (id <= 3270302))

table 4 : explain SELECT c FROM sbtest4 WHERE id BETWEEN 7493551 AND 7493650 ORDER BY c
	Sort  (cost=460.75..461.05 rows=117 width=121)
	  Sort Key: c
	  ->  Index Scan using sbtest4_pkey on sbtest4  (cost=0.43..456.73 rows=117 width=121)
	        Index Cond: ((id >= 7493551) AND (id <= 7493650))

table 5 : explain SELECT c FROM sbtest5 WHERE id BETWEEN 4278015 AND 4278114 ORDER BY c
	Sort  (cost=386.66..386.90 rows=99 width=121)
	  Sort Key: c
	  ->  Index Scan using sbtest5_pkey on sbtest5  (cost=0.43..383.37 rows=99 width=121)
	        Index Cond: ((id >= 4278015) AND (id <= 4278114))

table 6 : explain SELECT c FROM sbtest6 WHERE id BETWEEN 3530344 AND 3530443 ORDER BY c
	Sort  (cost=390.59..390.84 rows=100 width=121)
	  Sort Key: c
	  ->  Index Scan using sbtest6_pkey on sbtest6  (cost=0.43..387.27 rows=100 width=121)
	        Index Cond: ((id >= 3530344) AND (id <= 3530443))

table 7 : explain SELECT c FROM sbtest7 WHERE id BETWEEN 25285 AND 25384 ORDER BY c
	Sort  (cost=359.93..360.16 rows=92 width=121)
	  Sort Key: c
	  ->  Index Scan using sbtest7_pkey on sbtest7  (cost=0.43..356.93 rows=92 width=121)
	        Index Cond: ((id >= 25285) AND (id <= 25384))

table 8 : explain SELECT c FROM sbtest8 WHERE id BETWEEN 8326503 AND 8326602 ORDER BY c
	Sort  (cost=415.22..415.49 rows=106 width=121)
	  Sort Key: c
	  ->  Index Scan using sbtest8_pkey on sbtest8  (cost=0.43..411.66 rows=106 width=121)
	        Index Cond: ((id >= 8326503) AND (id <= 8326602))

explain: for deletes :: explain DELETE FROM sbtest%u WHERE id=%u
for: sum_ranges
table 1 : explain SELECT SUM(k) FROM sbtest1 WHERE id BETWEEN 2724395 AND 2724494
	Aggregate  (cost=382.15..382.16 rows=1 width=8)
	  ->  Index Scan using sbtest1_pkey on sbtest1  (cost=0.43..381.90 rows=98 width=4)
	        Index Cond: ((id >= 2724395) AND (id <= 2724494))

table 2 : explain SELECT SUM(k) FROM sbtest2 WHERE id BETWEEN 113051 AND 113150
	Aggregate  (cost=395.79..395.80 rows=1 width=8)
	  ->  Index Scan using sbtest2_pkey on sbtest2  (cost=0.43..395.54 rows=102 width=4)
	        Index Cond: ((id >= 113051) AND (id <= 113150))

table 3 : explain SELECT SUM(k) FROM sbtest3 WHERE id BETWEEN 3023625 AND 3023724
	Aggregate  (cost=352.11..352.12 rows=1 width=8)
	  ->  Index Scan using sbtest3_pkey on sbtest3  (cost=0.43..351.89 rows=90 width=4)
	        Index Cond: ((id >= 3023625) AND (id <= 3023724))

table 4 : explain SELECT SUM(k) FROM sbtest4 WHERE id BETWEEN 4760583 AND 4760682
	Aggregate  (cost=391.31..391.32 rows=1 width=8)
	  ->  Index Scan using sbtest4_pkey on sbtest4  (cost=0.43..391.06 rows=100 width=4)
	        Index Cond: ((id >= 4760583) AND (id <= 4760682))

table 5 : explain SELECT SUM(k) FROM sbtest5 WHERE id BETWEEN 5769772 AND 5769871
	Aggregate  (cost=395.15..395.16 rows=1 width=8)
	  ->  Index Scan using sbtest5_pkey on sbtest5  (cost=0.43..394.90 rows=102 width=4)
	        Index Cond: ((id >= 5769772) AND (id <= 5769871))

table 6 : explain SELECT SUM(k) FROM sbtest6 WHERE id BETWEEN 5330938 AND 5331037
	Aggregate  (cost=364.55..364.56 rows=1 width=8)
	  ->  Index Scan using sbtest6_pkey on sbtest6  (cost=0.43..364.32 rows=94 width=4)
	        Index Cond: ((id >= 5330938) AND (id <= 5331037))

table 7 : explain SELECT SUM(k) FROM sbtest7 WHERE id BETWEEN 6243060 AND 6243159
	Aggregate  (cost=399.34..399.35 rows=1 width=8)
	  ->  Index Scan using sbtest7_pkey on sbtest7  (cost=0.43..399.09 rows=103 width=4)
	        Index Cond: ((id >= 6243060) AND (id <= 6243159))

table 8 : explain SELECT SUM(k) FROM sbtest8 WHERE id BETWEEN 7823603 AND 7823702
	Aggregate  (cost=392.71..392.72 rows=1 width=8)
	  ->  Index Scan using sbtest8_pkey on sbtest8  (cost=0.43..392.46 rows=101 width=4)
	        Index Cond: ((id >= 7823603) AND (id <= 7823702))

for deletes
table 1 : explain DELETE FROM sbtest1 WHERE id=3411220
	Delete on sbtest1  (cost=0.43..8.45 rows=0 width=0)
	  ->  Index Scan using sbtest1_pkey on sbtest1  (cost=0.43..8.45 rows=1 width=6)
	        Index Cond: (id = 3411220)

table 2 : explain DELETE FROM sbtest2 WHERE id=7612357
	Delete on sbtest2  (cost=0.43..8.45 rows=0 width=0)
	  ->  Index Scan using sbtest2_pkey on sbtest2  (cost=0.43..8.45 rows=1 width=6)
	        Index Cond: (id = 7612357)

table 3 : explain DELETE FROM sbtest3 WHERE id=5739504
	Delete on sbtest3  (cost=0.43..8.45 rows=0 width=0)
	  ->  Index Scan using sbtest3_pkey on sbtest3  (cost=0.43..8.45 rows=1 width=6)
	        Index Cond: (id = 5739504)

table 4 : explain DELETE FROM sbtest4 WHERE id=3561739
	Delete on sbtest4  (cost=0.43..8.45 rows=0 width=0)
	  ->  Index Scan using sbtest4_pkey on sbtest4  (cost=0.43..8.45 rows=1 width=6)
	        Index Cond: (id = 3561739)

table 5 : explain DELETE FROM sbtest5 WHERE id=6931061
	Delete on sbtest5  (cost=0.43..8.45 rows=0 width=0)
	  ->  Index Scan using sbtest5_pkey on sbtest5  (cost=0.43..8.45 rows=1 width=6)
	        Index Cond: (id = 6931061)

table 6 : explain DELETE FROM sbtest6 WHERE id=1916716
	Delete on sbtest6  (cost=0.43..8.45 rows=0 width=0)
	  ->  Index Scan using sbtest6_pkey on sbtest6  (cost=0.43..8.45 rows=1 width=6)
	        Index Cond: (id = 1916716)

table 7 : explain DELETE FROM sbtest7 WHERE id=58442
	Delete on sbtest7  (cost=0.43..8.45 rows=0 width=0)
	  ->  Index Scan using sbtest7_pkey on sbtest7  (cost=0.43..8.45 rows=1 width=6)
	        Index Cond: (id = 58442)

table 8 : explain DELETE FROM sbtest8 WHERE id=993087
	Delete on sbtest8  (cost=0.43..8.45 rows=0 width=0)
	  ->  Index Scan using sbtest8_pkey on sbtest8  (cost=0.43..8.45 rows=1 width=6)
	        Index Cond: (id = 993087)

for inserts
table 1 : explain INSERT INTO sbtest1 (id, k, c, pad) VALUES (9591895, 13, 'foobar', 'foobar')
	Insert on sbtest1  (cost=0.00..0.01 rows=0 width=0)
	  ->  Result  (cost=0.00..0.01 rows=1 width=736)

table 2 : explain INSERT INTO sbtest2 (id, k, c, pad) VALUES (4746761, 13, 'foobar', 'foobar')
	Insert on sbtest2  (cost=0.00..0.01 rows=0 width=0)
	  ->  Result  (cost=0.00..0.01 rows=1 width=736)

table 3 : explain INSERT INTO sbtest3 (id, k, c, pad) VALUES (6174512, 13, 'foobar', 'foobar')
	Insert on sbtest3  (cost=0.00..0.01 rows=0 width=0)
	  ->  Result  (cost=0.00..0.01 rows=1 width=736)

table 4 : explain INSERT INTO sbtest4 (id, k, c, pad) VALUES (5746991, 13, 'foobar', 'foobar')
	Insert on sbtest4  (cost=0.00..0.01 rows=0 width=0)
	  ->  Result  (cost=0.00..0.01 rows=1 width=736)

table 5 : explain INSERT INTO sbtest5 (id, k, c, pad) VALUES (8561902, 13, 'foobar', 'foobar')
	Insert on sbtest5  (cost=0.00..0.01 rows=0 width=0)
	  ->  Result  (cost=0.00..0.01 rows=1 width=736)

table 6 : explain INSERT INTO sbtest6 (id, k, c, pad) VALUES (5353500, 13, 'foobar', 'foobar')
	Insert on sbtest6  (cost=0.00..0.01 rows=0 width=0)
	  ->  Result  (cost=0.00..0.01 rows=1 width=736)

table 7 : explain INSERT INTO sbtest7 (id, k, c, pad) VALUES (1772217, 13, 'foobar', 'foobar')
	Insert on sbtest7  (cost=0.00..0.01 rows=0 width=0)
	  ->  Result  (cost=0.00..0.01 rows=1 width=736)

table 8 : explain INSERT INTO sbtest8 (id, k, c, pad) VALUES (7065907, 13, 'foobar', 'foobar')
	Insert on sbtest8  (cost=0.00..0.01 rows=0 width=0)
	  ->  Result  (cost=0.00..0.01 rows=1 width=736)

for deletes
table 1 : explain DELETE FROM sbtest1 WHERE id=7267330
	Delete on sbtest1  (cost=0.43..8.45 rows=0 width=0)
	  ->  Index Scan using sbtest1_pkey on sbtest1  (cost=0.43..8.45 rows=1 width=6)
	        Index Cond: (id = 7267330)

table 2 : explain DELETE FROM sbtest2 WHERE id=6561986
	Delete on sbtest2  (cost=0.43..8.45 rows=0 width=0)
	  ->  Index Scan using sbtest2_pkey on sbtest2  (cost=0.43..8.45 rows=1 width=6)
	        Index Cond: (id = 6561986)

table 3 : explain DELETE FROM sbtest3 WHERE id=2906538
	Delete on sbtest3  (cost=0.43..8.45 rows=0 width=0)
	  ->  Index Scan using sbtest3_pkey on sbtest3  (cost=0.43..8.45 rows=1 width=6)
	        Index Cond: (id = 2906538)

table 4 : explain DELETE FROM sbtest4 WHERE id=2677754
	Delete on sbtest4  (cost=0.43..8.45 rows=0 width=0)
	  ->  Index Scan using sbtest4_pkey on sbtest4  (cost=0.43..8.45 rows=1 width=6)
	        Index Cond: (id = 2677754)

table 5 : explain DELETE FROM sbtest5 WHERE id=5282161
	Delete on sbtest5  (cost=0.43..8.45 rows=0 width=0)
	  ->  Index Scan using sbtest5_pkey on sbtest5  (cost=0.43..8.45 rows=1 width=6)
	        Index Cond: (id = 5282161)

table 6 : explain DELETE FROM sbtest6 WHERE id=8188793
	Delete on sbtest6  (cost=0.43..8.45 rows=0 width=0)
	  ->  Index Scan using sbtest6_pkey on sbtest6  (cost=0.43..8.45 rows=1 width=6)
	        Index Cond: (id = 8188793)

table 7 : explain DELETE FROM sbtest7 WHERE id=5556516
	Delete on sbtest7  (cost=0.43..8.45 rows=0 width=0)
	  ->  Index Scan using sbtest7_pkey on sbtest7  (cost=0.43..8.45 rows=1 width=6)
	        Index Cond: (id = 5556516)

table 8 : explain DELETE FROM sbtest8 WHERE id=8794355
	Delete on sbtest8  (cost=0.43..8.45 rows=0 width=0)
	  ->  Index Scan using sbtest8_pkey on sbtest8  (cost=0.43..8.45 rows=1 width=6)
	        Index Cond: (id = 8794355)

for deletes
table 1 : explain DELETE FROM sbtest1 WHERE id=3345429
	Delete on sbtest1  (cost=0.43..8.45 rows=0 width=0)
	  ->  Index Scan using sbtest1_pkey on sbtest1  (cost=0.43..8.45 rows=1 width=6)
	        Index Cond: (id = 3345429)

table 2 : explain DELETE FROM sbtest2 WHERE id=4291244
	Delete on sbtest2  (cost=0.43..8.45 rows=0 width=0)
	  ->  Index Scan using sbtest2_pkey on sbtest2  (cost=0.43..8.45 rows=1 width=6)
	        Index Cond: (id = 4291244)

table 3 : explain DELETE FROM sbtest3 WHERE id=3977245
	Delete on sbtest3  (cost=0.43..8.45 rows=0 width=0)
	  ->  Index Scan using sbtest3_pkey on sbtest3  (cost=0.43..8.45 rows=1 width=6)
	        Index Cond: (id = 3977245)

table 4 : explain DELETE FROM sbtest4 WHERE id=2373436
	Delete on sbtest4  (cost=0.43..8.45 rows=0 width=0)
	  ->  Index Scan using sbtest4_pkey on sbtest4  (cost=0.43..8.45 rows=1 width=6)
	        Index Cond: (id = 2373436)

table 5 : explain DELETE FROM sbtest5 WHERE id=3414804
	Delete on sbtest5  (cost=0.43..8.45 rows=0 width=0)
	  ->  Index Scan using sbtest5_pkey on sbtest5  (cost=0.43..8.45 rows=1 width=6)
	        Index Cond: (id = 3414804)

table 6 : explain DELETE FROM sbtest6 WHERE id=6436964
	Delete on sbtest6  (cost=0.43..8.45 rows=0 width=0)
	  ->  Index Scan using sbtest6_pkey on sbtest6  (cost=0.43..8.45 rows=1 width=6)
	        Index Cond: (id = 6436964)

table 7 : explain DELETE FROM sbtest7 WHERE id=7659945
	Delete on sbtest7  (cost=0.43..8.45 rows=0 width=0)
	  ->  Index Scan using sbtest7_pkey on sbtest7  (cost=0.43..8.45 rows=1 width=6)
	        Index Cond: (id = 7659945)

table 8 : explain DELETE FROM sbtest8 WHERE id=6188435
	Delete on sbtest8  (cost=0.43..8.45 rows=0 width=0)
	  ->  Index Scan using sbtest8_pkey on sbtest8  (cost=0.43..8.45 rows=1 width=6)
	        Index Cond: (id = 6188435)

explain: for inserts :: explain INSERT INTO sbtest%u (id, k, c, pad) VALUES (%u, 13, 'foobar', 'foobar')
for index_updates
table 1 : explain UPDATE sbtest1 SET k=k+1 WHERE id=8916265
	Update on sbtest1  (cost=0.43..8.46 rows=0 width=0)
	  ->  Index Scan using sbtest1_pkey on sbtest1  (cost=0.43..8.46 rows=1 width=10)
	        Index Cond: (id = 8916265)

table 2 : explain UPDATE sbtest2 SET k=k+1 WHERE id=7458245
	Update on sbtest2  (cost=0.43..8.46 rows=0 width=0)
	  ->  Index Scan using sbtest2_pkey on sbtest2  (cost=0.43..8.46 rows=1 width=10)
	        Index Cond: (id = 7458245)

table 3 : explain UPDATE sbtest3 SET k=k+1 WHERE id=2996777
	Update on sbtest3  (cost=0.43..8.46 rows=0 width=0)
	  ->  Index Scan using sbtest3_pkey on sbtest3  (cost=0.43..8.46 rows=1 width=10)
	        Index Cond: (id = 2996777)

table 4 : explain UPDATE sbtest4 SET k=k+1 WHERE id=3782584
	Update on sbtest4  (cost=0.43..8.46 rows=0 width=0)
	  ->  Index Scan using sbtest4_pkey on sbtest4  (cost=0.43..8.46 rows=1 width=10)
	        Index Cond: (id = 3782584)

table 5 : explain UPDATE sbtest5 SET k=k+1 WHERE id=5952921
	Update on sbtest5  (cost=0.43..8.46 rows=0 width=0)
	  ->  Index Scan using sbtest5_pkey on sbtest5  (cost=0.43..8.46 rows=1 width=10)
	        Index Cond: (id = 5952921)

table 6 : explain UPDATE sbtest6 SET k=k+1 WHERE id=9870599
	Update on sbtest6  (cost=0.43..8.46 rows=0 width=0)
	  ->  Index Scan using sbtest6_pkey on sbtest6  (cost=0.43..8.46 rows=1 width=10)
	        Index Cond: (id = 9870599)

table 7 : explain UPDATE sbtest7 SET k=k+1 WHERE id=8283729
	Update on sbtest7  (cost=0.43..8.46 rows=0 width=0)
	  ->  Index Scan using sbtest7_pkey on sbtest7  (cost=0.43..8.46 rows=1 width=10)
	        Index Cond: (id = 8283729)

table 8 : explain UPDATE sbtest8 SET k=k+1 WHERE id=7125896
	Update on sbtest8  (cost=0.43..8.46 rows=0 width=0)
	  ->  Index Scan using sbtest8_pkey on sbtest8  (cost=0.43..8.46 rows=1 width=10)
	        Index Cond: (id = 7125896)

for: distinct_ranges
table 1 : explain SELECT DISTINCT c FROM sbtest1 WHERE id BETWEEN 4847767 AND 4847866 ORDER BY c
	Unique  (cost=408.52..409.04 rows=104 width=121)
	  ->  Sort  (cost=408.52..408.78 rows=104 width=121)
	        Sort Key: c
	        ->  Index Scan using sbtest1_pkey on sbtest1  (cost=0.43..405.04 rows=104 width=121)
	              Index Cond: ((id >= 4847767) AND (id <= 4847866))

table 2 : explain SELECT DISTINCT c FROM sbtest2 WHERE id BETWEEN 1533996 AND 1534095 ORDER BY c
	Unique  (cost=398.94..399.45 rows=102 width=121)
	  ->  Sort  (cost=398.94..399.20 rows=102 width=121)
	        Sort Key: c
	        ->  Index Scan using sbtest2_pkey on sbtest2  (cost=0.43..395.54 rows=102 width=121)
	              Index Cond: ((id >= 1533996) AND (id <= 1534095))

table 3 : explain SELECT DISTINCT c FROM sbtest3 WHERE id BETWEEN 223490 AND 223589 ORDER BY c
	Unique  (cost=405.52..406.04 rows=103 width=121)
	  ->  Sort  (cost=405.52..405.78 rows=103 width=121)
	        Sort Key: c
	        ->  Index Scan using sbtest3_pkey on sbtest3  (cost=0.43..402.08 rows=103 width=121)
	              Index Cond: ((id >= 223490) AND (id <= 223589))

table 4 : explain SELECT DISTINCT c FROM sbtest4 WHERE id BETWEEN 1907064 AND 1907163 ORDER BY c
	Unique  (cost=394.38..394.88 rows=100 width=121)
	  ->  Sort  (cost=394.38..394.63 rows=100 width=121)
	        Sort Key: c
	        ->  Index Scan using sbtest4_pkey on sbtest4  (cost=0.43..391.06 rows=100 width=121)
	              Index Cond: ((id >= 1907064) AND (id <= 1907163))

table 5 : explain SELECT DISTINCT c FROM sbtest5 WHERE id BETWEEN 6582497 AND 6582596 ORDER BY c
	Unique  (cost=359.60..360.06 rows=92 width=121)
	  ->  Sort  (cost=359.60..359.83 rows=92 width=121)
	        Sort Key: c
	        ->  Index Scan using sbtest5_pkey on sbtest5  (cost=0.43..356.60 rows=92 width=121)
	              Index Cond: ((id >= 6582497) AND (id <= 6582596))

table 6 : explain SELECT DISTINCT c FROM sbtest6 WHERE id BETWEEN 1278723 AND 1278822 ORDER BY c
	Unique  (cost=398.37..398.88 rows=102 width=121)
	  ->  Sort  (cost=398.37..398.63 rows=102 width=121)
	        Sort Key: c
	        ->  Index Scan using sbtest6_pkey on sbtest6  (cost=0.43..394.97 rows=102 width=121)
	              Index Cond: ((id >= 1278723) AND (id <= 1278822))

table 7 : explain SELECT DISTINCT c FROM sbtest7 WHERE id BETWEEN 8533061 AND 8533160 ORDER BY c
	Unique  (cost=402.53..403.04 rows=103 width=121)
	  ->  Sort  (cost=402.53..402.79 rows=103 width=121)
	        Sort Key: c
	        ->  Index Scan using sbtest7_pkey on sbtest7  (cost=0.43..399.09 rows=103 width=121)
	              Index Cond: ((id >= 8533061) AND (id <= 8533160))

table 8 : explain SELECT DISTINCT c FROM sbtest8 WHERE id BETWEEN 8548768 AND 8548867 ORDER BY c
	Unique  (cost=388.02..388.52 rows=99 width=121)
	  ->  Sort  (cost=388.02..388.27 rows=99 width=121)
	        Sort Key: c
	        ->  Index Scan using sbtest8_pkey on sbtest8  (cost=0.43..384.74 rows=99 width=121)
	              Index Cond: ((id >= 8548768) AND (id <= 8548867))

for deletes
table 1 : explain DELETE FROM sbtest1 WHERE id=7554076
	Delete on sbtest1  (cost=0.43..8.45 rows=0 width=0)
	  ->  Index Scan using sbtest1_pkey on sbtest1  (cost=0.43..8.45 rows=1 width=6)
	        Index Cond: (id = 7554076)

table 2 : explain DELETE FROM sbtest2 WHERE id=71937
	Delete on sbtest2  (cost=0.43..8.45 rows=0 width=0)
	  ->  Index Scan using sbtest2_pkey on sbtest2  (cost=0.43..8.45 rows=1 width=6)
	        Index Cond: (id = 71937)

table 3 : explain DELETE FROM sbtest3 WHERE id=7007990
	Delete on sbtest3  (cost=0.43..8.45 rows=0 width=0)
	  ->  Index Scan using sbtest3_pkey on sbtest3  (cost=0.43..8.45 rows=1 width=6)
	        Index Cond: (id = 7007990)

table 4 : explain DELETE FROM sbtest4 WHERE id=7586895
	Delete on sbtest4  (cost=0.43..8.45 rows=0 width=0)
	  ->  Index Scan using sbtest4_pkey on sbtest4  (cost=0.43..8.45 rows=1 width=6)
	        Index Cond: (id = 7586895)

table 5 : explain DELETE FROM sbtest5 WHERE id=9579582
	Delete on sbtest5  (cost=0.43..8.45 rows=0 width=0)
	  ->  Index Scan using sbtest5_pkey on sbtest5  (cost=0.43..8.45 rows=1 width=6)
	        Index Cond: (id = 9579582)

table 6 : explain DELETE FROM sbtest6 WHERE id=6707413
	Delete on sbtest6  (cost=0.43..8.45 rows=0 width=0)
	  ->  Index Scan using sbtest6_pkey on sbtest6  (cost=0.43..8.45 rows=1 width=6)
	        Index Cond: (id = 6707413)

table 7 : explain DELETE FROM sbtest7 WHERE id=6220312
	Delete on sbtest7  (cost=0.43..8.45 rows=0 width=0)
	  ->  Index Scan using sbtest7_pkey on sbtest7  (cost=0.43..8.45 rows=1 width=6)
	        Index Cond: (id = 6220312)

table 8 : explain DELETE FROM sbtest8 WHERE id=861109
	Delete on sbtest8  (cost=0.43..8.45 rows=0 width=0)
	  ->  Index Scan using sbtest8_pkey on sbtest8  (cost=0.43..8.45 rows=1 width=6)
	        Index Cond: (id = 861109)

explain: for inserts :: explain INSERT INTO sbtest%u (id, k, c, pad) VALUES (%u, 13, 'foobar', 'foobar')
for: sum_ranges
table 1 : explain SELECT SUM(k) FROM sbtest1 WHERE id BETWEEN 4726883 AND 4726982
	Aggregate  (cost=416.85..416.86 rows=1 width=8)
	  ->  Index Scan using sbtest1_pkey on sbtest1  (cost=0.43..416.59 rows=107 width=4)
	        Index Cond: ((id >= 4726883) AND (id <= 4726982))

table 2 : explain SELECT SUM(k) FROM sbtest2 WHERE id BETWEEN 6456536 AND 6456635
	Aggregate  (cost=380.41..380.42 rows=1 width=8)
	  ->  Index Scan using sbtest2_pkey on sbtest2  (cost=0.43..380.17 rows=98 width=4)
	        Index Cond: ((id >= 6456536) AND (id <= 6456635))

table 3 : explain SELECT SUM(k) FROM sbtest3 WHERE id BETWEEN 8978405 AND 8978504
	Aggregate  (cost=402.34..402.35 rows=1 width=8)
	  ->  Index Scan using sbtest3_pkey on sbtest3  (cost=0.43..402.08 rows=103 width=4)
	        Index Cond: ((id >= 8978405) AND (id <= 8978504))

table 4 : explain SELECT SUM(k) FROM sbtest4 WHERE id BETWEEN 1191693 AND 1191792
	Aggregate  (cost=379.67..379.68 rows=1 width=8)
	  ->  Index Scan using sbtest4_pkey on sbtest4  (cost=0.43..379.43 rows=97 width=4)
	        Index Cond: ((id >= 1191693) AND (id <= 1191792))

table 5 : explain SELECT SUM(k) FROM sbtest5 WHERE id BETWEEN 3746656 AND 3746755
	Aggregate  (cost=379.79..379.80 rows=1 width=8)
	  ->  Index Scan using sbtest5_pkey on sbtest5  (cost=0.43..379.55 rows=98 width=4)
	        Index Cond: ((id >= 3746656) AND (id <= 3746755))

table 6 : explain SELECT SUM(k) FROM sbtest6 WHERE id BETWEEN 5227613 AND 5227712
	Aggregate  (cost=399.05..399.06 rows=1 width=8)
	  ->  Index Scan using sbtest6_pkey on sbtest6  (cost=0.43..398.80 rows=103 width=4)
	        Index Cond: ((id >= 5227613) AND (id <= 5227712))

table 7 : explain SELECT SUM(k) FROM sbtest7 WHERE id BETWEEN 3744271 AND 3744370
	Aggregate  (cost=383.97..383.98 rows=1 width=8)
	  ->  Index Scan using sbtest7_pkey on sbtest7  (cost=0.43..383.72 rows=99 width=4)
	        Index Cond: ((id >= 3744271) AND (id <= 3744370))

table 8 : explain SELECT SUM(k) FROM sbtest8 WHERE id BETWEEN 990541 AND 990640
	Aggregate  (cost=358.10..358.11 rows=1 width=8)
	  ->  Index Scan using sbtest8_pkey on sbtest8  (cost=0.43..357.87 rows=92 width=4)
	        Index Cond: ((id >= 990541) AND (id <= 990640))

explain: for inserts :: explain INSERT INTO sbtest%u (id, k, c, pad) VALUES (%u, 13, 'foobar', 'foobar')
explain: for index_updates :: explain UPDATE sbtest%u SET k=k+1 WHERE id=%u
for: distinct_ranges
table 1 : explain SELECT DISTINCT c FROM sbtest1 WHERE id BETWEEN 3183071 AND 3183170 ORDER BY c
	Unique  (cost=381.25..381.74 rows=97 width=121)
	  ->  Sort  (cost=381.25..381.50 rows=97 width=121)
	        Sort Key: c
	        ->  Index Scan using sbtest1_pkey on sbtest1  (cost=0.43..378.05 rows=97 width=121)
	              Index Cond: ((id >= 3183071) AND (id <= 3183170))

table 2 : explain SELECT DISTINCT c FROM sbtest2 WHERE id BETWEEN 9862949 AND 9863048 ORDER BY c
	Unique  (cost=398.94..399.45 rows=102 width=121)
	  ->  Sort  (cost=398.94..399.20 rows=102 width=121)
	        Sort Key: c
	        ->  Index Scan using sbtest2_pkey on sbtest2  (cost=0.43..395.54 rows=102 width=121)
	              Index Cond: ((id >= 9862949) AND (id <= 9863048))

table 3 : explain SELECT DISTINCT c FROM sbtest3 WHERE id BETWEEN 9535845 AND 9535944 ORDER BY c
	Unique  (cost=378.19..378.67 rows=96 width=121)
	  ->  Sort  (cost=378.19..378.43 rows=96 width=121)
	        Sort Key: c
	        ->  Index Scan using sbtest3_pkey on sbtest3  (cost=0.43..375.03 rows=96 width=121)
	              Index Cond: ((id >= 9535845) AND (id <= 9535944))

table 4 : explain SELECT DISTINCT c FROM sbtest4 WHERE id BETWEEN 6479461 AND 6479560 ORDER BY c
	Unique  (cost=386.53..387.02 rows=98 width=121)
	  ->  Sort  (cost=386.53..386.78 rows=98 width=121)
	        Sort Key: c
	        ->  Index Scan using sbtest4_pkey on sbtest4  (cost=0.43..383.29 rows=98 width=121)
	              Index Cond: ((id >= 6479461) AND (id <= 6479560))

table 5 : explain SELECT DISTINCT c FROM sbtest5 WHERE id BETWEEN 6082016 AND 6082115 ORDER BY c
	Unique  (cost=398.30..398.81 rows=102 width=121)
	  ->  Sort  (cost=398.30..398.56 rows=102 width=121)
	        Sort Key: c
	        ->  Index Scan using sbtest5_pkey on sbtest5  (cost=0.43..394.90 rows=102 width=121)
	              Index Cond: ((id >= 6082016) AND (id <= 6082115))

table 6 : explain SELECT DISTINCT c FROM sbtest6 WHERE id BETWEEN 7710652 AND 7710751 ORDER BY c
	Unique  (cost=382.86..383.35 rows=98 width=121)
	  ->  Sort  (cost=382.86..383.11 rows=98 width=121)
	        Sort Key: c
	        ->  Index Scan using sbtest6_pkey on sbtest6  (cost=0.43..379.62 rows=98 width=121)
	              Index Cond: ((id >= 7710652) AND (id <= 7710751))

table 7 : explain SELECT DISTINCT c FROM sbtest7 WHERE id BETWEEN 1965494 AND 1965593 ORDER BY c
	Unique  (cost=363.80..364.26 rows=93 width=121)
	  ->  Sort  (cost=363.80..364.03 rows=93 width=121)
	        Sort Key: c
	        ->  Index Scan using sbtest7_pkey on sbtest7  (cost=0.43..360.75 rows=93 width=121)
	              Index Cond: ((id >= 1965494) AND (id <= 1965593))

table 8 : explain SELECT DISTINCT c FROM sbtest8 WHERE id BETWEEN 9873563 AND 9873662 ORDER BY c
	Unique  (cost=399.70..400.21 rows=102 width=121)
	  ->  Sort  (cost=399.70..399.96 rows=102 width=121)
	        Sort Key: c
	        ->  Index Scan using sbtest8_pkey on sbtest8  (cost=0.43..396.30 rows=102 width=121)
	              Index Cond: ((id >= 9873563) AND (id <= 9873662))

explain: for non_index_updates :: explain UPDATE sbtest%u SET c='foobar' WHERE id=%u
for inserts
table 1 : explain INSERT INTO sbtest1 (id, k, c, pad) VALUES (5170188, 13, 'foobar', 'foobar')
	Insert on sbtest1  (cost=0.00..0.01 rows=0 width=0)
	  ->  Result  (cost=0.00..0.01 rows=1 width=736)

table 2 : explain INSERT INTO sbtest2 (id, k, c, pad) VALUES (3189233, 13, 'foobar', 'foobar')
	Insert on sbtest2  (cost=0.00..0.01 rows=0 width=0)
	  ->  Result  (cost=0.00..0.01 rows=1 width=736)

table 3 : explain INSERT INTO sbtest3 (id, k, c, pad) VALUES (5768755, 13, 'foobar', 'foobar')
	Insert on sbtest3  (cost=0.00..0.01 rows=0 width=0)
	  ->  Result  (cost=0.00..0.01 rows=1 width=736)

table 4 : explain INSERT INTO sbtest4 (id, k, c, pad) VALUES (1073215, 13, 'foobar', 'foobar')
	Insert on sbtest4  (cost=0.00..0.01 rows=0 width=0)
	  ->  Result  (cost=0.00..0.01 rows=1 width=736)

table 5 : explain INSERT INTO sbtest5 (id, k, c, pad) VALUES (9848024, 13, 'foobar', 'foobar')
	Insert on sbtest5  (cost=0.00..0.01 rows=0 width=0)
	  ->  Result  (cost=0.00..0.01 rows=1 width=736)

table 6 : explain INSERT INTO sbtest6 (id, k, c, pad) VALUES (1840936, 13, 'foobar', 'foobar')
	Insert on sbtest6  (cost=0.00..0.01 rows=0 width=0)
	  ->  Result  (cost=0.00..0.01 rows=1 width=736)

table 7 : explain INSERT INTO sbtest7 (id, k, c, pad) VALUES (9270436, 13, 'foobar', 'foobar')
	Insert on sbtest7  (cost=0.00..0.01 rows=0 width=0)
	  ->  Result  (cost=0.00..0.01 rows=1 width=736)

table 8 : explain INSERT INTO sbtest8 (id, k, c, pad) VALUES (5111266, 13, 'foobar', 'foobar')
	Insert on sbtest8  (cost=0.00..0.01 rows=0 width=0)
	  ->  Result  (cost=0.00..0.01 rows=1 width=736)

for: distinct_ranges
table 1 : explain SELECT DISTINCT c FROM sbtest1 WHERE id BETWEEN 652963 AND 653062 ORDER BY c
	Unique  (cost=369.59..370.06 rows=94 width=121)
	  ->  Sort  (cost=369.59..369.82 rows=94 width=121)
	        Sort Key: c
	        ->  Index Scan using sbtest1_pkey on sbtest1  (cost=0.43..366.51 rows=94 width=121)
	              Index Cond: ((id >= 652963) AND (id <= 653062))

table 2 : explain SELECT DISTINCT c FROM sbtest2 WHERE id BETWEEN 2165977 AND 2166076 ORDER BY c
	Unique  (cost=429.92..430.47 rows=110 width=121)
	  ->  Sort  (cost=429.92..430.19 rows=110 width=121)
	        Sort Key: c
	        ->  Index Scan using sbtest2_pkey on sbtest2  (cost=0.43..426.19 rows=110 width=121)
	              Index Cond: ((id >= 2165977) AND (id <= 2166076))

table 3 : explain SELECT DISTINCT c FROM sbtest3 WHERE id BETWEEN 7270218 AND 7270317 ORDER BY c
	Unique  (cost=382.09..382.58 rows=97 width=121)
	  ->  Sort  (cost=382.09..382.33 rows=97 width=121)
	        Sort Key: c
	        ->  Index Scan using sbtest3_pkey on sbtest3  (cost=0.43..378.89 rows=97 width=121)
	              Index Cond: ((id >= 7270218) AND (id <= 7270317))

table 4 : explain SELECT DISTINCT c FROM sbtest4 WHERE id BETWEEN 347813 AND 347912 ORDER BY c
	Unique  (cost=398.28..398.79 rows=101 width=121)
	  ->  Sort  (cost=398.28..398.53 rows=101 width=121)
	        Sort Key: c
	        ->  Index Scan using sbtest4_pkey on sbtest4  (cost=0.43..394.92 rows=101 width=121)
	              Index Cond: ((id >= 347813) AND (id <= 347912))

table 5 : explain SELECT DISTINCT c FROM sbtest5 WHERE id BETWEEN 5138009 AND 5138108 ORDER BY c
	Unique  (cost=375.06..375.54 rows=96 width=121)
	  ->  Sort  (cost=375.06..375.30 rows=96 width=121)
	        Sort Key: c
	        ->  Index Scan using sbtest5_pkey on sbtest5  (cost=0.43..371.90 rows=96 width=121)
	              Index Cond: ((id >= 5138009) AND (id <= 5138108))

table 6 : explain SELECT DISTINCT c FROM sbtest6 WHERE id BETWEEN 1639595 AND 1639694 ORDER BY c
	Unique  (cost=394.51..395.01 rows=101 width=121)
	  ->  Sort  (cost=394.51..394.76 rows=101 width=121)
	        Sort Key: c
	        ->  Index Scan using sbtest6_pkey on sbtest6  (cost=0.43..391.14 rows=101 width=121)
	              Index Cond: ((id >= 1639595) AND (id <= 1639694))

table 7 : explain SELECT DISTINCT c FROM sbtest7 WHERE id BETWEEN 3633512 AND 3633611 ORDER BY c
	Unique  (cost=383.14..383.63 rows=98 width=121)
	  ->  Sort  (cost=383.14..383.38 rows=98 width=121)
	        Sort Key: c
	        ->  Index Scan using sbtest7_pkey on sbtest7  (cost=0.43..379.90 rows=98 width=121)
	              Index Cond: ((id >= 3633512) AND (id <= 3633611))

table 8 : explain SELECT DISTINCT c FROM sbtest8 WHERE id BETWEEN 4200424 AND 4200523 ORDER BY c
	Unique  (cost=411.34..411.87 rows=105 width=121)
	  ->  Sort  (cost=411.34..411.60 rows=105 width=121)
	        Sort Key: c
	        ->  Index Scan using sbtest8_pkey on sbtest8  (cost=0.43..407.82 rows=105 width=121)
	              Index Cond: ((id >= 4200424) AND (id <= 4200523))

explain: for inserts :: explain INSERT INTO sbtest%u (id, k, c, pad) VALUES (%u, 13, 'foobar', 'foobar')
for inserts
table 1 : explain INSERT INTO sbtest1 (id, k, c, pad) VALUES (9155729, 13, 'foobar', 'foobar')
	Insert on sbtest1  (cost=0.00..0.01 rows=0 width=0)
	  ->  Result  (cost=0.00..0.01 rows=1 width=736)

table 2 : explain INSERT INTO sbtest2 (id, k, c, pad) VALUES (788098, 13, 'foobar', 'foobar')
	Insert on sbtest2  (cost=0.00..0.01 rows=0 width=0)
	  ->  Result  (cost=0.00..0.01 rows=1 width=736)

table 3 : explain INSERT INTO sbtest3 (id, k, c, pad) VALUES (6290266, 13, 'foobar', 'foobar')
	Insert on sbtest3  (cost=0.00..0.01 rows=0 width=0)
	  ->  Result  (cost=0.00..0.01 rows=1 width=736)

table 4 : explain INSERT INTO sbtest4 (id, k, c, pad) VALUES (9453692, 13, 'foobar', 'foobar')
	Insert on sbtest4  (cost=0.00..0.01 rows=0 width=0)
	  ->  Result  (cost=0.00..0.01 rows=1 width=736)

table 5 : explain INSERT INTO sbtest5 (id, k, c, pad) VALUES (7785663, 13, 'foobar', 'foobar')
	Insert on sbtest5  (cost=0.00..0.01 rows=0 width=0)
	  ->  Result  (cost=0.00..0.01 rows=1 width=736)

table 6 : explain INSERT INTO sbtest6 (id, k, c, pad) VALUES (5924251, 13, 'foobar', 'foobar')
	Insert on sbtest6  (cost=0.00..0.01 rows=0 width=0)
	  ->  Result  (cost=0.00..0.01 rows=1 width=736)

table 7 : explain INSERT INTO sbtest7 (id, k, c, pad) VALUES (5796624, 13, 'foobar', 'foobar')
	Insert on sbtest7  (cost=0.00..0.01 rows=0 width=0)
	  ->  Result  (cost=0.00..0.01 rows=1 width=736)

table 8 : explain INSERT INTO sbtest8 (id, k, c, pad) VALUES (6870281, 13, 'foobar', 'foobar')
	Insert on sbtest8  (cost=0.00..0.01 rows=0 width=0)
	  ->  Result  (cost=0.00..0.01 rows=1 width=736)

explain: for inserts :: explain INSERT INTO sbtest%u (id, k, c, pad) VALUES (%u, 13, 'foobar', 'foobar')
explain: for index_updates :: explain UPDATE sbtest%u SET k=k+1 WHERE id=%u
explain: for point_selects :: explain SELECT c FROM sbtest%u WHERE id=%u
for: distinct_ranges
table 1 : explain SELECT DISTINCT c FROM sbtest1 WHERE id BETWEEN 5706080 AND 5706179 ORDER BY c
	Unique  (cost=431.86..432.41 rows=110 width=121)
	  ->  Sort  (cost=431.86..432.14 rows=110 width=121)
	        Sort Key: c
	        ->  Index Scan using sbtest1_pkey on sbtest1  (cost=0.43..428.13 rows=110 width=121)
	              Index Cond: ((id >= 5706080) AND (id <= 5706179))

table 2 : explain SELECT DISTINCT c FROM sbtest2 WHERE id BETWEEN 5286014 AND 5286113 ORDER BY c
	Unique  (cost=367.92..368.39 rows=94 width=121)
	  ->  Sort  (cost=367.92..368.16 rows=94 width=121)
	        Sort Key: c
	        ->  Index Scan using sbtest2_pkey on sbtest2  (cost=0.43..364.84 rows=94 width=121)
	              Index Cond: ((id >= 5286014) AND (id <= 5286113))

table 3 : explain SELECT DISTINCT c FROM sbtest3 WHERE id BETWEEN 4787165 AND 4787264 ORDER BY c
	Unique  (cost=421.12..421.65 rows=107 width=121)
	  ->  Sort  (cost=421.12..421.38 rows=107 width=121)
	        Sort Key: c
	        ->  Index Scan using sbtest3_pkey on sbtest3  (cost=0.43..417.51 rows=107 width=121)
	              Index Cond: ((id >= 4787165) AND (id <= 4787264))

table 4 : explain SELECT DISTINCT c FROM sbtest4 WHERE id BETWEEN 459973 AND 460072 ORDER BY c
	Unique  (cost=433.42..433.97 rows=110 width=121)
	  ->  Sort  (cost=433.42..433.70 rows=110 width=121)
	        Sort Key: c
	        ->  Index Scan using sbtest4_pkey on sbtest4  (cost=0.43..429.69 rows=110 width=121)
	              Index Cond: ((id >= 459973) AND (id <= 460072))

table 5 : explain SELECT DISTINCT c FROM sbtest5 WHERE id BETWEEN 5739735 AND 5739834 ORDER BY c
	Unique  (cost=398.30..398.81 rows=102 width=121)
	  ->  Sort  (cost=398.30..398.56 rows=102 width=121)
	        Sort Key: c
	        ->  Index Scan using sbtest5_pkey on sbtest5  (cost=0.43..394.90 rows=102 width=121)
	              Index Cond: ((id >= 5739735) AND (id <= 5739834))

table 6 : explain SELECT DISTINCT c FROM sbtest6 WHERE id BETWEEN 4740005 AND 4740104 ORDER BY c
	Unique  (cost=398.37..398.88 rows=102 width=121)
	  ->  Sort  (cost=398.37..398.63 rows=102 width=121)
	        Sort Key: c
	        ->  Index Scan using sbtest6_pkey on sbtest6  (cost=0.43..394.97 rows=102 width=121)
	              Index Cond: ((id >= 4740005) AND (id <= 4740104))

table 7 : explain SELECT DISTINCT c FROM sbtest7 WHERE id BETWEEN 578735 AND 578834 ORDER BY c
	Unique  (cost=402.53..403.04 rows=103 width=121)
	  ->  Sort  (cost=402.53..402.79 rows=103 width=121)
	        Sort Key: c
	        ->  Index Scan using sbtest7_pkey on sbtest7  (cost=0.43..399.09 rows=103 width=121)
	              Index Cond: ((id >= 578735) AND (id <= 578834))

table 8 : explain SELECT DISTINCT c FROM sbtest8 WHERE id BETWEEN 398747 AND 398846 ORDER BY c
	Unique  (cost=395.82..396.33 rows=101 width=121)
	  ->  Sort  (cost=395.82..396.08 rows=101 width=121)
	        Sort Key: c
	        ->  Index Scan using sbtest8_pkey on sbtest8  (cost=0.43..392.46 rows=101 width=121)
	              Index Cond: ((id >= 398747) AND (id <= 398846))

for index_updates
table 1 : explain UPDATE sbtest1 SET k=k+1 WHERE id=2719461
	Update on sbtest1  (cost=0.43..8.46 rows=0 width=0)
	  ->  Index Scan using sbtest1_pkey on sbtest1  (cost=0.43..8.46 rows=1 width=10)
	        Index Cond: (id = 2719461)

table 2 : explain UPDATE sbtest2 SET k=k+1 WHERE id=4089575
	Update on sbtest2  (cost=0.43..8.46 rows=0 width=0)
	  ->  Index Scan using sbtest2_pkey on sbtest2  (cost=0.43..8.46 rows=1 width=10)
	        Index Cond: (id = 4089575)

table 3 : explain UPDATE sbtest3 SET k=k+1 WHERE id=2832659
	Update on sbtest3  (cost=0.43..8.46 rows=0 width=0)
	  ->  Index Scan using sbtest3_pkey on sbtest3  (cost=0.43..8.46 rows=1 width=10)
	        Index Cond: (id = 2832659)

table 4 : explain UPDATE sbtest4 SET k=k+1 WHERE id=6497958
	Update on sbtest4  (cost=0.43..8.46 rows=0 width=0)
	  ->  Index Scan using sbtest4_pkey on sbtest4  (cost=0.43..8.46 rows=1 width=10)
	        Index Cond: (id = 6497958)

table 5 : explain UPDATE sbtest5 SET k=k+1 WHERE id=9130568
	Update on sbtest5  (cost=0.43..8.46 rows=0 width=0)
	  ->  Index Scan using sbtest5_pkey on sbtest5  (cost=0.43..8.46 rows=1 width=10)
	        Index Cond: (id = 9130568)

table 6 : explain UPDATE sbtest6 SET k=k+1 WHERE id=3589370
	Update on sbtest6  (cost=0.43..8.46 rows=0 width=0)
	  ->  Index Scan using sbtest6_pkey on sbtest6  (cost=0.43..8.46 rows=1 width=10)
	        Index Cond: (id = 3589370)

table 7 : explain UPDATE sbtest7 SET k=k+1 WHERE id=5368254
	Update on sbtest7  (cost=0.43..8.46 rows=0 width=0)
	  ->  Index Scan using sbtest7_pkey on sbtest7  (cost=0.43..8.46 rows=1 width=10)
	        Index Cond: (id = 5368254)

table 8 : explain UPDATE sbtest8 SET k=k+1 WHERE id=2600377
	Update on sbtest8  (cost=0.43..8.46 rows=0 width=0)
	  ->  Index Scan using sbtest8_pkey on sbtest8  (cost=0.43..8.46 rows=1 width=10)
	        Index Cond: (id = 2600377)

explain: for inserts :: explain INSERT INTO sbtest%u (id, k, c, pad) VALUES (%u, 13, 'foobar', 'foobar')
explain: for index_updates :: explain UPDATE sbtest%u SET k=k+1 WHERE id=%u
for inserts
table 1 : explain INSERT INTO sbtest1 (id, k, c, pad) VALUES (929705, 13, 'foobar', 'foobar')
	Insert on sbtest1  (cost=0.00..0.01 rows=0 width=0)
	  ->  Result  (cost=0.00..0.01 rows=1 width=736)

table 2 : explain INSERT INTO sbtest2 (id, k, c, pad) VALUES (7789886, 13, 'foobar', 'foobar')
	Insert on sbtest2  (cost=0.00..0.01 rows=0 width=0)
	  ->  Result  (cost=0.00..0.01 rows=1 width=736)

table 3 : explain INSERT INTO sbtest3 (id, k, c, pad) VALUES (9816214, 13, 'foobar', 'foobar')
	Insert on sbtest3  (cost=0.00..0.01 rows=0 width=0)
	  ->  Result  (cost=0.00..0.01 rows=1 width=736)

table 4 : explain INSERT INTO sbtest4 (id, k, c, pad) VALUES (6234963, 13, 'foobar', 'foobar')
	Insert on sbtest4  (cost=0.00..0.01 rows=0 width=0)
	  ->  Result  (cost=0.00..0.01 rows=1 width=736)

table 5 : explain INSERT INTO sbtest5 (id, k, c, pad) VALUES (8679902, 13, 'foobar', 'foobar')
	Insert on sbtest5  (cost=0.00..0.01 rows=0 width=0)
	  ->  Result  (cost=0.00..0.01 rows=1 width=736)

table 6 : explain INSERT INTO sbtest6 (id, k, c, pad) VALUES (9783517, 13, 'foobar', 'foobar')
	Insert on sbtest6  (cost=0.00..0.01 rows=0 width=0)
	  ->  Result  (cost=0.00..0.01 rows=1 width=736)

table 7 : explain INSERT INTO sbtest7 (id, k, c, pad) VALUES (5585712, 13, 'foobar', 'foobar')
	Insert on sbtest7  (cost=0.00..0.01 rows=0 width=0)
	  ->  Result  (cost=0.00..0.01 rows=1 width=736)

table 8 : explain INSERT INTO sbtest8 (id, k, c, pad) VALUES (4582699, 13, 'foobar', 'foobar')
	Insert on sbtest8  (cost=0.00..0.01 rows=0 width=0)
	  ->  Result  (cost=0.00..0.01 rows=1 width=736)

for: distinct_ranges
table 1 : explain SELECT DISTINCT c FROM sbtest1 WHERE id BETWEEN 3456685 AND 3456784 ORDER BY c
	Unique  (cost=357.92..358.38 rows=91 width=121)
	  ->  Sort  (cost=357.92..358.15 rows=91 width=121)
	        Sort Key: c
	        ->  Index Scan using sbtest1_pkey on sbtest1  (cost=0.43..354.96 rows=91 width=121)
	              Index Cond: ((id >= 3456685) AND (id <= 3456784))

table 2 : explain SELECT DISTINCT c FROM sbtest2 WHERE id BETWEEN 1769383 AND 1769482 ORDER BY c
	Unique  (cost=398.94..399.45 rows=102 width=121)
	  ->  Sort  (cost=398.94..399.20 rows=102 width=121)
	        Sort Key: c
	        ->  Index Scan using sbtest2_pkey on sbtest2  (cost=0.43..395.54 rows=102 width=121)
	              Index Cond: ((id >= 1769383) AND (id <= 1769482))

table 3 : explain SELECT DISTINCT c FROM sbtest3 WHERE id BETWEEN 8111672 AND 8111771 ORDER BY c
	Unique  (cost=358.71..359.16 rows=91 width=121)
	  ->  Sort  (cost=358.71..358.93 rows=91 width=121)
	        Sort Key: c
	        ->  Index Scan using sbtest3_pkey on sbtest3  (cost=0.43..355.74 rows=91 width=121)
	              Index Cond: ((id >= 8111672) AND (id <= 8111771))

table 4 : explain SELECT DISTINCT c FROM sbtest4 WHERE id BETWEEN 2093080 AND 2093179 ORDER BY c
	Unique  (cost=390.43..390.93 rows=99 width=121)
	  ->  Sort  (cost=390.43..390.68 rows=99 width=121)
	        Sort Key: c
	        ->  Index Scan using sbtest4_pkey on sbtest4  (cost=0.43..387.15 rows=99 width=121)
	              Index Cond: ((id >= 2093080) AND (id <= 2093179))

table 5 : explain SELECT DISTINCT c FROM sbtest5 WHERE id BETWEEN 6076045 AND 6076144 ORDER BY c
	Unique  (cost=398.30..398.81 rows=102 width=121)
	  ->  Sort  (cost=398.30..398.56 rows=102 width=121)
	        Sort Key: c
	        ->  Index Scan using sbtest5_pkey on sbtest5  (cost=0.43..394.90 rows=102 width=121)
	              Index Cond: ((id >= 6076045) AND (id <= 6076144))

table 6 : explain SELECT DISTINCT c FROM sbtest6 WHERE id BETWEEN 8220723 AND 8220822 ORDER BY c
	Unique  (cost=382.86..383.35 rows=98 width=121)
	  ->  Sort  (cost=382.86..383.11 rows=98 width=121)
	        Sort Key: c
	        ->  Index Scan using sbtest6_pkey on sbtest6  (cost=0.43..379.62 rows=98 width=121)
	              Index Cond: ((id >= 8220723) AND (id <= 8220822))

table 7 : explain SELECT DISTINCT c FROM sbtest7 WHERE id BETWEEN 2477677 AND 2477776 ORDER BY c
	Unique  (cost=387.01..387.50 rows=99 width=121)
	  ->  Sort  (cost=387.01..387.25 rows=99 width=121)
	        Sort Key: c
	        ->  Index Scan using sbtest7_pkey on sbtest7  (cost=0.43..383.72 rows=99 width=121)
	              Index Cond: ((id >= 2477677) AND (id <= 2477776))

table 8 : explain SELECT DISTINCT c FROM sbtest8 WHERE id BETWEEN 5919233 AND 5919332 ORDER BY c
	Unique  (cost=403.58..404.10 rows=103 width=121)
	  ->  Sort  (cost=403.58..403.84 rows=103 width=121)
	        Sort Key: c
	        ->  Index Scan using sbtest8_pkey on sbtest8  (cost=0.43..400.14 rows=103 width=121)
	              Index Cond: ((id >= 5919233) AND (id <= 5919332))

for index_updates
table 1 : explain UPDATE sbtest1 SET k=k+1 WHERE id=3810306
	Update on sbtest1  (cost=0.43..8.46 rows=0 width=0)
	  ->  Index Scan using sbtest1_pkey on sbtest1  (cost=0.43..8.46 rows=1 width=10)
	        Index Cond: (id = 3810306)

table 2 : explain UPDATE sbtest2 SET k=k+1 WHERE id=6346002
	Update on sbtest2  (cost=0.43..8.46 rows=0 width=0)
	  ->  Index Scan using sbtest2_pkey on sbtest2  (cost=0.43..8.46 rows=1 width=10)
	        Index Cond: (id = 6346002)

table 3 : explain UPDATE sbtest3 SET k=k+1 WHERE id=8683798
	Update on sbtest3  (cost=0.43..8.46 rows=0 width=0)
	  ->  Index Scan using sbtest3_pkey on sbtest3  (cost=0.43..8.46 rows=1 width=10)
	        Index Cond: (id = 8683798)

table 4 : explain UPDATE sbtest4 SET k=k+1 WHERE id=9325142
	Update on sbtest4  (cost=0.43..8.46 rows=0 width=0)
	  ->  Index Scan using sbtest4_pkey on sbtest4  (cost=0.43..8.46 rows=1 width=10)
	        Index Cond: (id = 9325142)

table 5 : explain UPDATE sbtest5 SET k=k+1 WHERE id=6991166
	Update on sbtest5  (cost=0.43..8.46 rows=0 width=0)
	  ->  Index Scan using sbtest5_pkey on sbtest5  (cost=0.43..8.46 rows=1 width=10)
	        Index Cond: (id = 6991166)

table 6 : explain UPDATE sbtest6 SET k=k+1 WHERE id=1185405
	Update on sbtest6  (cost=0.43..8.46 rows=0 width=0)
	  ->  Index Scan using sbtest6_pkey on sbtest6  (cost=0.43..8.46 rows=1 width=10)
	        Index Cond: (id = 1185405)

table 7 : explain UPDATE sbtest7 SET k=k+1 WHERE id=6738221
	Update on sbtest7  (cost=0.43..8.46 rows=0 width=0)
	  ->  Index Scan using sbtest7_pkey on sbtest7  (cost=0.43..8.46 rows=1 width=10)
	        Index Cond: (id = 6738221)

table 8 : explain UPDATE sbtest8 SET k=k+1 WHERE id=44978
	Update on sbtest8  (cost=0.43..8.46 rows=0 width=0)
	  ->  Index Scan using sbtest8_pkey on sbtest8  (cost=0.43..8.46 rows=1 width=10)
	        Index Cond: (id = 44978)

for inserts
table 1 : explain INSERT INTO sbtest1 (id, k, c, pad) VALUES (7827079, 13, 'foobar', 'foobar')
	Insert on sbtest1  (cost=0.00..0.01 rows=0 width=0)
	  ->  Result  (cost=0.00..0.01 rows=1 width=736)

table 2 : explain INSERT INTO sbtest2 (id, k, c, pad) VALUES (9348697, 13, 'foobar', 'foobar')
	Insert on sbtest2  (cost=0.00..0.01 rows=0 width=0)
	  ->  Result  (cost=0.00..0.01 rows=1 width=736)

table 3 : explain INSERT INTO sbtest3 (id, k, c, pad) VALUES (360435, 13, 'foobar', 'foobar')
	Insert on sbtest3  (cost=0.00..0.01 rows=0 width=0)
	  ->  Result  (cost=0.00..0.01 rows=1 width=736)

table 4 : explain INSERT INTO sbtest4 (id, k, c, pad) VALUES (9925856, 13, 'foobar', 'foobar')
	Insert on sbtest4  (cost=0.00..0.01 rows=0 width=0)
	  ->  Result  (cost=0.00..0.01 rows=1 width=736)

table 5 : explain INSERT INTO sbtest5 (id, k, c, pad) VALUES (3320861, 13, 'foobar', 'foobar')
	Insert on sbtest5  (cost=0.00..0.01 rows=0 width=0)
	  ->  Result  (cost=0.00..0.01 rows=1 width=736)

table 6 : explain INSERT INTO sbtest6 (id, k, c, pad) VALUES (9075596, 13, 'foobar', 'foobar')
	Insert on sbtest6  (cost=0.00..0.01 rows=0 width=0)
	  ->  Result  (cost=0.00..0.01 rows=1 width=736)

table 7 : explain INSERT INTO sbtest7 (id, k, c, pad) VALUES (6363264, 13, 'foobar', 'foobar')
	Insert on sbtest7  (cost=0.00..0.01 rows=0 width=0)
	  ->  Result  (cost=0.00..0.01 rows=1 width=736)

table 8 : explain INSERT INTO sbtest8 (id, k, c, pad) VALUES (6761907, 13, 'foobar', 'foobar')
	Insert on sbtest8  (cost=0.00..0.01 rows=0 width=0)
	  ->  Result  (cost=0.00..0.01 rows=1 width=736)

for non_index_updates
table 1 : explain UPDATE sbtest1 SET c='foobar' WHERE id=8680774
	Update on sbtest1  (cost=0.43..8.45 rows=0 width=0)
	  ->  Index Scan using sbtest1_pkey on sbtest1  (cost=0.43..8.45 rows=1 width=490)
	        Index Cond: (id = 8680774)

table 2 : explain UPDATE sbtest2 SET c='foobar' WHERE id=6494496
	Update on sbtest2  (cost=0.43..8.45 rows=0 width=0)
	  ->  Index Scan using sbtest2_pkey on sbtest2  (cost=0.43..8.45 rows=1 width=490)
	        Index Cond: (id = 6494496)

table 3 : explain UPDATE sbtest3 SET c='foobar' WHERE id=6595171
	Update on sbtest3  (cost=0.43..8.45 rows=0 width=0)
	  ->  Index Scan using sbtest3_pkey on sbtest3  (cost=0.43..8.45 rows=1 width=490)
	        Index Cond: (id = 6595171)

table 4 : explain UPDATE sbtest4 SET c='foobar' WHERE id=855668
	Update on sbtest4  (cost=0.43..8.45 rows=0 width=0)
	  ->  Index Scan using sbtest4_pkey on sbtest4  (cost=0.43..8.45 rows=1 width=490)
	        Index Cond: (id = 855668)

table 5 : explain UPDATE sbtest5 SET c='foobar' WHERE id=3484796
	Update on sbtest5  (cost=0.43..8.45 rows=0 width=0)
	  ->  Index Scan using sbtest5_pkey on sbtest5  (cost=0.43..8.45 rows=1 width=490)
	        Index Cond: (id = 3484796)

table 6 : explain UPDATE sbtest6 SET c='foobar' WHERE id=9253809
	Update on sbtest6  (cost=0.43..8.45 rows=0 width=0)
	  ->  Index Scan using sbtest6_pkey on sbtest6  (cost=0.43..8.45 rows=1 width=490)
	        Index Cond: (id = 9253809)

table 7 : explain UPDATE sbtest7 SET c='foobar' WHERE id=1120630
	Update on sbtest7  (cost=0.43..8.45 rows=0 width=0)
	  ->  Index Scan using sbtest7_pkey on sbtest7  (cost=0.43..8.45 rows=1 width=490)
	        Index Cond: (id = 1120630)

table 8 : explain UPDATE sbtest8 SET c='foobar' WHERE id=1108181
	Update on sbtest8  (cost=0.43..8.45 rows=0 width=0)
	  ->  Index Scan using sbtest8_pkey on sbtest8  (cost=0.43..8.45 rows=1 width=490)
	        Index Cond: (id = 1108181)

for: sum_ranges
table 1 : explain SELECT SUM(k) FROM sbtest1 WHERE id BETWEEN 7729061 AND 7729160
	Aggregate  (cost=405.30..405.31 rows=1 width=8)
	  ->  Index Scan using sbtest1_pkey on sbtest1  (cost=0.43..405.04 rows=104 width=4)
	        Index Cond: ((id >= 7729061) AND (id <= 7729160))

table 2 : explain SELECT SUM(k) FROM sbtest2 WHERE id BETWEEN 2265723 AND 2265822
	Aggregate  (cost=395.79..395.80 rows=1 width=8)
	  ->  Index Scan using sbtest2_pkey on sbtest2  (cost=0.43..395.54 rows=102 width=4)
	        Index Cond: ((id >= 2265723) AND (id <= 2265822))

table 3 : explain SELECT SUM(k) FROM sbtest3 WHERE id BETWEEN 5770090 AND 5770189
	Aggregate  (cost=363.69..363.70 rows=1 width=8)
	  ->  Index Scan using sbtest3_pkey on sbtest3  (cost=0.43..363.46 rows=93 width=4)
	        Index Cond: ((id >= 5770090) AND (id <= 5770189))

table 4 : explain SELECT SUM(k) FROM sbtest4 WHERE id BETWEEN 4044758 AND 4044857
	Aggregate  (cost=379.67..379.68 rows=1 width=8)
	  ->  Index Scan using sbtest4_pkey on sbtest4  (cost=0.43..379.43 rows=97 width=4)
	        Index Cond: ((id >= 4044758) AND (id <= 4044857))

table 5 : explain SELECT SUM(k) FROM sbtest5 WHERE id BETWEEN 1829473 AND 1829572
	Aggregate  (cost=414.29..414.30 rows=1 width=8)
	  ->  Index Scan using sbtest5_pkey on sbtest5  (cost=0.43..414.02 rows=107 width=4)
	        Index Cond: ((id >= 1829473) AND (id <= 1829572))

table 6 : explain SELECT SUM(k) FROM sbtest6 WHERE id BETWEEN 5447681 AND 5447780
	Aggregate  (cost=383.69..383.70 rows=1 width=8)
	  ->  Index Scan using sbtest6_pkey on sbtest6  (cost=0.43..383.44 rows=99 width=4)
	        Index Cond: ((id >= 5447681) AND (id <= 5447780))

table 7 : explain SELECT SUM(k) FROM sbtest7 WHERE id BETWEEN 9740347 AND 9740446
	Aggregate  (cost=407.00..407.01 rows=1 width=8)
	  ->  Index Scan using sbtest7_pkey on sbtest7  (cost=0.43..406.74 rows=105 width=4)
	        Index Cond: ((id >= 9740347) AND (id <= 9740446))

table 8 : explain SELECT SUM(k) FROM sbtest8 WHERE id BETWEEN 3898491 AND 3898590
	Aggregate  (cost=377.30..377.31 rows=1 width=8)
	  ->  Index Scan using sbtest8_pkey on sbtest8  (cost=0.43..377.06 rows=97 width=4)
	        Index Cond: ((id >= 3898491) AND (id <= 3898590))

for point_selects
table 1 : explain SELECT c FROM sbtest1 WHERE id=2131963
	Index Scan using sbtest1_pkey on sbtest1  (cost=0.43..8.45 rows=1 width=121)
	  Index Cond: (id = 2131963)

table 2 : explain SELECT c FROM sbtest2 WHERE id=4235792
	Index Scan using sbtest2_pkey on sbtest2  (cost=0.43..8.45 rows=1 width=121)
	  Index Cond: (id = 4235792)

table 3 : explain SELECT c FROM sbtest3 WHERE id=3702907
	Index Scan using sbtest3_pkey on sbtest3  (cost=0.43..8.45 rows=1 width=121)
	  Index Cond: (id = 3702907)

table 4 : explain SELECT c FROM sbtest4 WHERE id=9198118
	Index Scan using sbtest4_pkey on sbtest4  (cost=0.43..8.45 rows=1 width=121)
	  Index Cond: (id = 9198118)

table 5 : explain SELECT c FROM sbtest5 WHERE id=8879121
	Index Scan using sbtest5_pkey on sbtest5  (cost=0.43..8.45 rows=1 width=121)
	  Index Cond: (id = 8879121)

table 6 : explain SELECT c FROM sbtest6 WHERE id=3399176
	Index Scan using sbtest6_pkey on sbtest6  (cost=0.43..8.45 rows=1 width=121)
	  Index Cond: (id = 3399176)

table 7 : explain SELECT c FROM sbtest7 WHERE id=5378461
	Index Scan using sbtest7_pkey on sbtest7  (cost=0.43..8.45 rows=1 width=121)
	  Index Cond: (id = 5378461)

table 8 : explain SELECT c FROM sbtest8 WHERE id=3008978
	Index Scan using sbtest8_pkey on sbtest8  (cost=0.43..8.45 rows=1 width=121)
	  Index Cond: (id = 3008978)

for: order_ranges
table 1 : explain SELECT c FROM sbtest1 WHERE id BETWEEN 1215229 AND 1215328 ORDER BY c
	Sort  (cost=404.63..404.89 rows=103 width=121)
	  Sort Key: c
	  ->  Index Scan using sbtest1_pkey on sbtest1  (cost=0.43..401.19 rows=103 width=121)
	        Index Cond: ((id >= 1215229) AND (id <= 1215328))

table 2 : explain SELECT c FROM sbtest2 WHERE id BETWEEN 3928718 AND 3928817 ORDER BY c
	Sort  (cost=402.81..403.07 rows=103 width=121)
	  Sort Key: c
	  ->  Index Scan using sbtest2_pkey on sbtest2  (cost=0.43..399.37 rows=103 width=121)
	        Index Cond: ((id >= 3928718) AND (id <= 3928817))

table 3 : explain SELECT c FROM sbtest3 WHERE id BETWEEN 6147505 AND 6147604 ORDER BY c
	Sort  (cost=393.79..394.04 rows=100 width=121)
	  Sort Key: c
	  ->  Index Scan using sbtest3_pkey on sbtest3  (cost=0.43..390.46 rows=100 width=121)
	        Index Cond: ((id >= 6147505) AND (id <= 6147604))

table 4 : explain SELECT c FROM sbtest4 WHERE id BETWEEN 8722123 AND 8722222 ORDER BY c
	Sort  (cost=413.90..414.16 rows=105 width=121)
	  Sort Key: c
	  ->  Index Scan using sbtest4_pkey on sbtest4  (cost=0.43..410.37 rows=105 width=121)
	        Index Cond: ((id >= 8722123) AND (id <= 8722222))

table 5 : explain SELECT c FROM sbtest5 WHERE id BETWEEN 6235369 AND 6235468 ORDER BY c
	Sort  (cost=382.79..383.04 rows=98 width=121)
	  Sort Key: c
	  ->  Index Scan using sbtest5_pkey on sbtest5  (cost=0.43..379.55 rows=98 width=121)
	        Index Cond: ((id >= 6235369) AND (id <= 6235468))

table 6 : explain SELECT c FROM sbtest6 WHERE id BETWEEN 5761880 AND 5761979 ORDER BY c
	Sort  (cost=382.86..383.11 rows=98 width=121)
	  Sort Key: c
	  ->  Index Scan using sbtest6_pkey on sbtest6  (cost=0.43..379.62 rows=98 width=121)
	        Index Cond: ((id >= 5761880) AND (id <= 5761979))

table 7 : explain SELECT c FROM sbtest7 WHERE id BETWEEN 5205593 AND 5205692 ORDER BY c
	Sort  (cost=421.87..422.14 rows=108 width=121)
	  Sort Key: c
	  ->  Index Scan using sbtest7_pkey on sbtest7  (cost=0.43..418.23 rows=108 width=121)
	        Index Cond: ((id >= 5205593) AND (id <= 5205692))

table 8 : explain SELECT c FROM sbtest8 WHERE id BETWEEN 6295925 AND 6296024 ORDER BY c
	Sort  (cost=353.11..353.34 rows=90 width=121)
	  Sort Key: c
	  ->  Index Scan using sbtest8_pkey on sbtest8  (cost=0.43..350.19 rows=90 width=121)
	        Index Cond: ((id >= 6295925) AND (id <= 6296024))

explain: for index_updates :: explain UPDATE sbtest%u SET k=k+1 WHERE id=%u
for inserts
table 1 : explain INSERT INTO sbtest1 (id, k, c, pad) VALUES (3739588, 13, 'foobar', 'foobar')
	Insert on sbtest1  (cost=0.00..0.01 rows=0 width=0)
	  ->  Result  (cost=0.00..0.01 rows=1 width=736)

table 2 : explain INSERT INTO sbtest2 (id, k, c, pad) VALUES (8266230, 13, 'foobar', 'foobar')
	Insert on sbtest2  (cost=0.00..0.01 rows=0 width=0)
	  ->  Result  (cost=0.00..0.01 rows=1 width=736)

table 3 : explain INSERT INTO sbtest3 (id, k, c, pad) VALUES (3269132, 13, 'foobar', 'foobar')
	Insert on sbtest3  (cost=0.00..0.01 rows=0 width=0)
	  ->  Result  (cost=0.00..0.01 rows=1 width=736)

table 4 : explain INSERT INTO sbtest4 (id, k, c, pad) VALUES (8752113, 13, 'foobar', 'foobar')
	Insert on sbtest4  (cost=0.00..0.01 rows=0 width=0)
	  ->  Result  (cost=0.00..0.01 rows=1 width=736)

table 5 : explain INSERT INTO sbtest5 (id, k, c, pad) VALUES (9707194, 13, 'foobar', 'foobar')
	Insert on sbtest5  (cost=0.00..0.01 rows=0 width=0)
	  ->  Result  (cost=0.00..0.01 rows=1 width=736)

table 6 : explain INSERT INTO sbtest6 (id, k, c, pad) VALUES (4074862, 13, 'foobar', 'foobar')
	Insert on sbtest6  (cost=0.00..0.01 rows=0 width=0)
	  ->  Result  (cost=0.00..0.01 rows=1 width=736)

table 7 : explain INSERT INTO sbtest7 (id, k, c, pad) VALUES (2386612, 13, 'foobar', 'foobar')
	Insert on sbtest7  (cost=0.00..0.01 rows=0 width=0)
	  ->  Result  (cost=0.00..0.01 rows=1 width=736)

table 8 : explain INSERT INTO sbtest8 (id, k, c, pad) VALUES (8722368, 13, 'foobar', 'foobar')
	Insert on sbtest8  (cost=0.00..0.01 rows=0 width=0)
	  ->  Result  (cost=0.00..0.01 rows=1 width=736)

explain: for non_index_updates :: explain UPDATE sbtest%u SET c='foobar' WHERE id=%u
explain: for non_index_updates :: explain UPDATE sbtest%u SET c='foobar' WHERE id=%u
for: order_ranges
table 1 : explain SELECT c FROM sbtest1 WHERE id BETWEEN 5359214 AND 5359313 ORDER BY c
	Sort  (cost=396.86..397.11 rows=101 width=121)
	  Sort Key: c
	  ->  Index Scan using sbtest1_pkey on sbtest1  (cost=0.43..393.49 rows=101 width=121)
	        Index Cond: ((id >= 5359214) AND (id <= 5359313))

table 2 : explain SELECT c FROM sbtest2 WHERE id BETWEEN 2111490 AND 2111589 ORDER BY c
	Sort  (cost=429.92..430.19 rows=110 width=121)
	  Sort Key: c
	  ->  Index Scan using sbtest2_pkey on sbtest2  (cost=0.43..426.19 rows=110 width=121)
	        Index Cond: ((id >= 2111490) AND (id <= 2111589))

table 3 : explain SELECT c FROM sbtest3 WHERE id BETWEEN 6614110 AND 6614209 ORDER BY c
	Sort  (cost=409.42..409.68 rows=104 width=121)
	  Sort Key: c
	  ->  Index Scan using sbtest3_pkey on sbtest3  (cost=0.43..405.94 rows=104 width=121)
	        Index Cond: ((id >= 6614110) AND (id <= 6614209))

table 4 : explain SELECT c FROM sbtest4 WHERE id BETWEEN 8928453 AND 8928552 ORDER BY c
	Sort  (cost=390.43..390.68 rows=99 width=121)
	  Sort Key: c
	  ->  Index Scan using sbtest4_pkey on sbtest4  (cost=0.43..387.15 rows=99 width=121)
	        Index Cond: ((id >= 8928453) AND (id <= 8928552))

table 5 : explain SELECT c FROM sbtest5 WHERE id BETWEEN 4964668 AND 4964767 ORDER BY c
	Sort  (cost=348.01..348.23 rows=89 width=121)
	  Sort Key: c
	  ->  Index Scan using sbtest5_pkey on sbtest5  (cost=0.43..345.13 rows=89 width=121)
	        Index Cond: ((id >= 4964668) AND (id <= 4964767))

table 6 : explain SELECT c FROM sbtest6 WHERE id BETWEEN 7686038 AND 7686137 ORDER BY c
	Sort  (cost=382.86..383.11 rows=98 width=121)
	  Sort Key: c
	  ->  Index Scan using sbtest6_pkey on sbtest6  (cost=0.43..379.62 rows=98 width=121)
	        Index Cond: ((id >= 7686038) AND (id <= 7686137))

table 7 : explain SELECT c FROM sbtest7 WHERE id BETWEEN 9081350 AND 9081449 ORDER BY c
	Sort  (cost=379.27..379.51 rows=97 width=121)
	  Sort Key: c
	  ->  Index Scan using sbtest7_pkey on sbtest7  (cost=0.43..376.07 rows=97 width=121)
	        Index Cond: ((id >= 9081350) AND (id <= 9081449))

table 8 : explain SELECT c FROM sbtest8 WHERE id BETWEEN 8285168 AND 8285267 ORDER BY c
	Sort  (cost=415.22..415.49 rows=106 width=121)
	  Sort Key: c
	  ->  Index Scan using sbtest8_pkey on sbtest8  (cost=0.43..411.66 rows=106 width=121)
	        Index Cond: ((id >= 8285168) AND (id <= 8285267))

explain: for deletes :: explain DELETE FROM sbtest%u WHERE id=%u
for index_updates
table 1 : explain UPDATE sbtest1 SET k=k+1 WHERE id=5760221
	Update on sbtest1  (cost=0.43..8.46 rows=0 width=0)
	  ->  Index Scan using sbtest1_pkey on sbtest1  (cost=0.43..8.46 rows=1 width=10)
	        Index Cond: (id = 5760221)

table 2 : explain UPDATE sbtest2 SET k=k+1 WHERE id=2596219
	Update on sbtest2  (cost=0.43..8.46 rows=0 width=0)
	  ->  Index Scan using sbtest2_pkey on sbtest2  (cost=0.43..8.46 rows=1 width=10)
	        Index Cond: (id = 2596219)

table 3 : explain UPDATE sbtest3 SET k=k+1 WHERE id=9084136
	Update on sbtest3  (cost=0.43..8.46 rows=0 width=0)
	  ->  Index Scan using sbtest3_pkey on sbtest3  (cost=0.43..8.46 rows=1 width=10)
	        Index Cond: (id = 9084136)

table 4 : explain UPDATE sbtest4 SET k=k+1 WHERE id=6369784
	Update on sbtest4  (cost=0.43..8.46 rows=0 width=0)
	  ->  Index Scan using sbtest4_pkey on sbtest4  (cost=0.43..8.46 rows=1 width=10)
	        Index Cond: (id = 6369784)

table 5 : explain UPDATE sbtest5 SET k=k+1 WHERE id=4275346
	Update on sbtest5  (cost=0.43..8.46 rows=0 width=0)
	  ->  Index Scan using sbtest5_pkey on sbtest5  (cost=0.43..8.46 rows=1 width=10)
	        Index Cond: (id = 4275346)

table 6 : explain UPDATE sbtest6 SET k=k+1 WHERE id=2341242
	Update on sbtest6  (cost=0.43..8.46 rows=0 width=0)
	  ->  Index Scan using sbtest6_pkey on sbtest6  (cost=0.43..8.46 rows=1 width=10)
	        Index Cond: (id = 2341242)

table 7 : explain UPDATE sbtest7 SET k=k+1 WHERE id=8901912
	Update on sbtest7  (cost=0.43..8.46 rows=0 width=0)
	  ->  Index Scan using sbtest7_pkey on sbtest7  (cost=0.43..8.46 rows=1 width=10)
	        Index Cond: (id = 8901912)

table 8 : explain UPDATE sbtest8 SET k=k+1 WHERE id=4092494
	Update on sbtest8  (cost=0.43..8.46 rows=0 width=0)
	  ->  Index Scan using sbtest8_pkey on sbtest8  (cost=0.43..8.46 rows=1 width=10)
	        Index Cond: (id = 4092494)

for deletes
table 1 : explain DELETE FROM sbtest1 WHERE id=8172187
	Delete on sbtest1  (cost=0.43..8.45 rows=0 width=0)
	  ->  Index Scan using sbtest1_pkey on sbtest1  (cost=0.43..8.45 rows=1 width=6)
	        Index Cond: (id = 8172187)

table 2 : explain DELETE FROM sbtest2 WHERE id=6252020
	Delete on sbtest2  (cost=0.43..8.45 rows=0 width=0)
	  ->  Index Scan using sbtest2_pkey on sbtest2  (cost=0.43..8.45 rows=1 width=6)
	        Index Cond: (id = 6252020)

table 3 : explain DELETE FROM sbtest3 WHERE id=6288887
	Delete on sbtest3  (cost=0.43..8.45 rows=0 width=0)
	  ->  Index Scan using sbtest3_pkey on sbtest3  (cost=0.43..8.45 rows=1 width=6)
	        Index Cond: (id = 6288887)

table 4 : explain DELETE FROM sbtest4 WHERE id=5658329
	Delete on sbtest4  (cost=0.43..8.45 rows=0 width=0)
	  ->  Index Scan using sbtest4_pkey on sbtest4  (cost=0.43..8.45 rows=1 width=6)
	        Index Cond: (id = 5658329)

table 5 : explain DELETE FROM sbtest5 WHERE id=5041898
	Delete on sbtest5  (cost=0.43..8.45 rows=0 width=0)
	  ->  Index Scan using sbtest5_pkey on sbtest5  (cost=0.43..8.45 rows=1 width=6)
	        Index Cond: (id = 5041898)

table 6 : explain DELETE FROM sbtest6 WHERE id=3179437
	Delete on sbtest6  (cost=0.43..8.45 rows=0 width=0)
	  ->  Index Scan using sbtest6_pkey on sbtest6  (cost=0.43..8.45 rows=1 width=6)
	        Index Cond: (id = 3179437)

table 7 : explain DELETE FROM sbtest7 WHERE id=6274368
	Delete on sbtest7  (cost=0.43..8.45 rows=0 width=0)
	  ->  Index Scan using sbtest7_pkey on sbtest7  (cost=0.43..8.45 rows=1 width=6)
	        Index Cond: (id = 6274368)

table 8 : explain DELETE FROM sbtest8 WHERE id=8268286
	Delete on sbtest8  (cost=0.43..8.45 rows=0 width=0)
	  ->  Index Scan using sbtest8_pkey on sbtest8  (cost=0.43..8.45 rows=1 width=6)
	        Index Cond: (id = 8268286)

for index_updates
table 1 : explain UPDATE sbtest1 SET k=k+1 WHERE id=6303777
	Update on sbtest1  (cost=0.43..8.46 rows=0 width=0)
	  ->  Index Scan using sbtest1_pkey on sbtest1  (cost=0.43..8.46 rows=1 width=10)
	        Index Cond: (id = 6303777)

table 2 : explain UPDATE sbtest2 SET k=k+1 WHERE id=2449164
	Update on sbtest2  (cost=0.43..8.46 rows=0 width=0)
	  ->  Index Scan using sbtest2_pkey on sbtest2  (cost=0.43..8.46 rows=1 width=10)
	        Index Cond: (id = 2449164)

table 3 : explain UPDATE sbtest3 SET k=k+1 WHERE id=6143622
	Update on sbtest3  (cost=0.43..8.46 rows=0 width=0)
	  ->  Index Scan using sbtest3_pkey on sbtest3  (cost=0.43..8.46 rows=1 width=10)
	        Index Cond: (id = 6143622)

table 4 : explain UPDATE sbtest4 SET k=k+1 WHERE id=2520830
	Update on sbtest4  (cost=0.43..8.46 rows=0 width=0)
	  ->  Index Scan using sbtest4_pkey on sbtest4  (cost=0.43..8.46 rows=1 width=10)
	        Index Cond: (id = 2520830)

table 5 : explain UPDATE sbtest5 SET k=k+1 WHERE id=3090649
	Update on sbtest5  (cost=0.43..8.46 rows=0 width=0)
	  ->  Index Scan using sbtest5_pkey on sbtest5  (cost=0.43..8.46 rows=1 width=10)
	        Index Cond: (id = 3090649)

table 6 : explain UPDATE sbtest6 SET k=k+1 WHERE id=8634409
	Update on sbtest6  (cost=0.43..8.46 rows=0 width=0)
	  ->  Index Scan using sbtest6_pkey on sbtest6  (cost=0.43..8.46 rows=1 width=10)
	        Index Cond: (id = 8634409)

table 7 : explain UPDATE sbtest7 SET k=k+1 WHERE id=9503170
	Update on sbtest7  (cost=0.43..8.46 rows=0 width=0)
	  ->  Index Scan using sbtest7_pkey on sbtest7  (cost=0.43..8.46 rows=1 width=10)
	        Index Cond: (id = 9503170)

table 8 : explain UPDATE sbtest8 SET k=k+1 WHERE id=2311694
	Update on sbtest8  (cost=0.43..8.46 rows=0 width=0)
	  ->  Index Scan using sbtest8_pkey on sbtest8  (cost=0.43..8.46 rows=1 width=10)
	        Index Cond: (id = 2311694)

for non_index_updates
table 1 : explain UPDATE sbtest1 SET c='foobar' WHERE id=4526426
	Update on sbtest1  (cost=0.43..8.45 rows=0 width=0)
	  ->  Index Scan using sbtest1_pkey on sbtest1  (cost=0.43..8.45 rows=1 width=490)
	        Index Cond: (id = 4526426)

table 2 : explain UPDATE sbtest2 SET c='foobar' WHERE id=1708764
	Update on sbtest2  (cost=0.43..8.45 rows=0 width=0)
	  ->  Index Scan using sbtest2_pkey on sbtest2  (cost=0.43..8.45 rows=1 width=490)
	        Index Cond: (id = 1708764)

table 3 : explain UPDATE sbtest3 SET c='foobar' WHERE id=1483867
	Update on sbtest3  (cost=0.43..8.45 rows=0 width=0)
	  ->  Index Scan using sbtest3_pkey on sbtest3  (cost=0.43..8.45 rows=1 width=490)
	        Index Cond: (id = 1483867)

table 4 : explain UPDATE sbtest4 SET c='foobar' WHERE id=9873876
	Update on sbtest4  (cost=0.43..8.45 rows=0 width=0)
	  ->  Index Scan using sbtest4_pkey on sbtest4  (cost=0.43..8.45 rows=1 width=490)
	        Index Cond: (id = 9873876)

table 5 : explain UPDATE sbtest5 SET c='foobar' WHERE id=3714147
	Update on sbtest5  (cost=0.43..8.45 rows=0 width=0)
	  ->  Index Scan using sbtest5_pkey on sbtest5  (cost=0.43..8.45 rows=1 width=490)
	        Index Cond: (id = 3714147)

table 6 : explain UPDATE sbtest6 SET c='foobar' WHERE id=1639732
	Update on sbtest6  (cost=0.43..8.45 rows=0 width=0)
	  ->  Index Scan using sbtest6_pkey on sbtest6  (cost=0.43..8.45 rows=1 width=490)
	        Index Cond: (id = 1639732)

table 7 : explain UPDATE sbtest7 SET c='foobar' WHERE id=5028116
	Update on sbtest7  (cost=0.43..8.45 rows=0 width=0)
	  ->  Index Scan using sbtest7_pkey on sbtest7  (cost=0.43..8.45 rows=1 width=490)
	        Index Cond: (id = 5028116)

table 8 : explain UPDATE sbtest8 SET c='foobar' WHERE id=407235
	Update on sbtest8  (cost=0.43..8.45 rows=0 width=0)
	  ->  Index Scan using sbtest8_pkey on sbtest8  (cost=0.43..8.45 rows=1 width=490)
	        Index Cond: (id = 407235)

explain: for non_index_updates :: explain UPDATE sbtest%u SET c='foobar' WHERE id=%u
for non_index_updates
table 1 : explain UPDATE sbtest1 SET c='foobar' WHERE id=8005058
	Update on sbtest1  (cost=0.43..8.45 rows=0 width=0)
	  ->  Index Scan using sbtest1_pkey on sbtest1  (cost=0.43..8.45 rows=1 width=490)
	        Index Cond: (id = 8005058)

table 2 : explain UPDATE sbtest2 SET c='foobar' WHERE id=5570206
	Update on sbtest2  (cost=0.43..8.45 rows=0 width=0)
	  ->  Index Scan using sbtest2_pkey on sbtest2  (cost=0.43..8.45 rows=1 width=490)
	        Index Cond: (id = 5570206)

table 3 : explain UPDATE sbtest3 SET c='foobar' WHERE id=8061070
	Update on sbtest3  (cost=0.43..8.45 rows=0 width=0)
	  ->  Index Scan using sbtest3_pkey on sbtest3  (cost=0.43..8.45 rows=1 width=490)
	        Index Cond: (id = 8061070)

table 4 : explain UPDATE sbtest4 SET c='foobar' WHERE id=7637138
	Update on sbtest4  (cost=0.43..8.45 rows=0 width=0)
	  ->  Index Scan using sbtest4_pkey on sbtest4  (cost=0.43..8.45 rows=1 width=490)
	        Index Cond: (id = 7637138)

table 5 : explain UPDATE sbtest5 SET c='foobar' WHERE id=3754989
	Update on sbtest5  (cost=0.43..8.45 rows=0 width=0)
	  ->  Index Scan using sbtest5_pkey on sbtest5  (cost=0.43..8.45 rows=1 width=490)
	        Index Cond: (id = 3754989)

table 6 : explain UPDATE sbtest6 SET c='foobar' WHERE id=9198302
	Update on sbtest6  (cost=0.43..8.45 rows=0 width=0)
	  ->  Index Scan using sbtest6_pkey on sbtest6  (cost=0.43..8.45 rows=1 width=490)
	        Index Cond: (id = 9198302)

table 7 : explain UPDATE sbtest7 SET c='foobar' WHERE id=8612746
	Update on sbtest7  (cost=0.43..8.45 rows=0 width=0)
	  ->  Index Scan using sbtest7_pkey on sbtest7  (cost=0.43..8.45 rows=1 width=490)
	        Index Cond: (id = 8612746)

table 8 : explain UPDATE sbtest8 SET c='foobar' WHERE id=4343902
	Update on sbtest8  (cost=0.43..8.45 rows=0 width=0)
	  ->  Index Scan using sbtest8_pkey on sbtest8  (cost=0.43..8.45 rows=1 width=490)
	        Index Cond: (id = 4343902)

explain: for index_updates :: explain UPDATE sbtest%u SET k=k+1 WHERE id=%u
for inserts
table 1 : explain INSERT INTO sbtest1 (id, k, c, pad) VALUES (6267600, 13, 'foobar', 'foobar')
	Insert on sbtest1  (cost=0.00..0.01 rows=0 width=0)
	  ->  Result  (cost=0.00..0.01 rows=1 width=736)

table 2 : explain INSERT INTO sbtest2 (id, k, c, pad) VALUES (943056, 13, 'foobar', 'foobar')
	Insert on sbtest2  (cost=0.00..0.01 rows=0 width=0)
	  ->  Result  (cost=0.00..0.01 rows=1 width=736)

table 3 : explain INSERT INTO sbtest3 (id, k, c, pad) VALUES (5491314, 13, 'foobar', 'foobar')
	Insert on sbtest3  (cost=0.00..0.01 rows=0 width=0)
	  ->  Result  (cost=0.00..0.01 rows=1 width=736)

table 4 : explain INSERT INTO sbtest4 (id, k, c, pad) VALUES (8943804, 13, 'foobar', 'foobar')
	Insert on sbtest4  (cost=0.00..0.01 rows=0 width=0)
	  ->  Result  (cost=0.00..0.01 rows=1 width=736)

table 5 : explain INSERT INTO sbtest5 (id, k, c, pad) VALUES (8104895, 13, 'foobar', 'foobar')
	Insert on sbtest5  (cost=0.00..0.01 rows=0 width=0)
	  ->  Result  (cost=0.00..0.01 rows=1 width=736)

table 6 : explain INSERT INTO sbtest6 (id, k, c, pad) VALUES (1156220, 13, 'foobar', 'foobar')
	Insert on sbtest6  (cost=0.00..0.01 rows=0 width=0)
	  ->  Result  (cost=0.00..0.01 rows=1 width=736)

table 7 : explain INSERT INTO sbtest7 (id, k, c, pad) VALUES (873676, 13, 'foobar', 'foobar')
	Insert on sbtest7  (cost=0.00..0.01 rows=0 width=0)
	  ->  Result  (cost=0.00..0.01 rows=1 width=736)

table 8 : explain INSERT INTO sbtest8 (id, k, c, pad) VALUES (8536747, 13, 'foobar', 'foobar')
	Insert on sbtest8  (cost=0.00..0.01 rows=0 width=0)
	  ->  Result  (cost=0.00..0.01 rows=1 width=736)

explain: for deletes :: explain DELETE FROM sbtest%u WHERE id=%u
explain: for deletes :: explain DELETE FROM sbtest%u WHERE id=%u
for: distinct_ranges
table 1 : explain SELECT DISTINCT c FROM sbtest1 WHERE id BETWEEN 9711737 AND 9711836 ORDER BY c
	Unique  (cost=400.74..401.25 rows=102 width=121)
	  ->  Sort  (cost=400.74..401.00 rows=102 width=121)
	        Sort Key: c
	        ->  Index Scan using sbtest1_pkey on sbtest1  (cost=0.43..397.34 rows=102 width=121)
	              Index Cond: ((id >= 9711737) AND (id <= 9711836))

table 2 : explain SELECT DISTINCT c FROM sbtest2 WHERE id BETWEEN 4036841 AND 4036940 ORDER BY c
	Unique  (cost=398.94..399.45 rows=102 width=121)
	  ->  Sort  (cost=398.94..399.20 rows=102 width=121)
	        Sort Key: c
	        ->  Index Scan using sbtest2_pkey on sbtest2  (cost=0.43..395.54 rows=102 width=121)
	              Index Cond: ((id >= 4036841) AND (id <= 4036940))

table 3 : explain SELECT DISTINCT c FROM sbtest3 WHERE id BETWEEN 3473897 AND 3473996 ORDER BY c
	Unique  (cost=378.19..378.67 rows=96 width=121)
	  ->  Sort  (cost=378.19..378.43 rows=96 width=121)
	        Sort Key: c
	        ->  Index Scan using sbtest3_pkey on sbtest3  (cost=0.43..375.03 rows=96 width=121)
	              Index Cond: ((id >= 3473897) AND (id <= 3473996))

table 4 : explain SELECT DISTINCT c FROM sbtest4 WHERE id BETWEEN 5384125 AND 5384224 ORDER BY c
	Unique  (cost=402.19..402.70 rows=102 width=121)
	  ->  Sort  (cost=402.19..402.44 rows=102 width=121)
	        Sort Key: c
	        ->  Index Scan using sbtest4_pkey on sbtest4  (cost=0.43..398.78 rows=102 width=121)
	              Index Cond: ((id >= 5384125) AND (id <= 5384224))

table 5 : explain SELECT DISTINCT c FROM sbtest5 WHERE id BETWEEN 545842 AND 545941 ORDER BY c
	Unique  (cost=390.57..391.07 rows=100 width=121)
	  ->  Sort  (cost=390.57..390.82 rows=100 width=121)
	        Sort Key: c
	        ->  Index Scan using sbtest5_pkey on sbtest5  (cost=0.43..387.25 rows=100 width=121)
	              Index Cond: ((id >= 545842) AND (id <= 545941))

table 6 : explain SELECT DISTINCT c FROM sbtest6 WHERE id BETWEEN 8473419 AND 8473518 ORDER BY c
	Unique  (cost=359.67..360.13 rows=92 width=121)
	  ->  Sort  (cost=359.67..359.90 rows=92 width=121)
	        Sort Key: c
	        ->  Index Scan using sbtest6_pkey on sbtest6  (cost=0.43..356.67 rows=92 width=121)
	              Index Cond: ((id >= 8473419) AND (id <= 8473518))

table 7 : explain SELECT DISTINCT c FROM sbtest7 WHERE id BETWEEN 6566527 AND 6566626 ORDER BY c
	Unique  (cost=414.14..414.67 rows=106 width=121)
	  ->  Sort  (cost=414.14..414.40 rows=106 width=121)
	        Sort Key: c
	        ->  Index Scan using sbtest7_pkey on sbtest7  (cost=0.43..410.57 rows=106 width=121)
	              Index Cond: ((id >= 6566527) AND (id <= 6566626))

table 8 : explain SELECT DISTINCT c FROM sbtest8 WHERE id BETWEEN 3008203 AND 3008302 ORDER BY c
	Unique  (cost=372.51..372.98 rows=95 width=121)
	  ->  Sort  (cost=372.51..372.74 rows=95 width=121)
	        Sort Key: c
	        ->  Index Scan using sbtest8_pkey on sbtest8  (cost=0.43..369.38 rows=95 width=121)
	              Index Cond: ((id >= 3008203) AND (id <= 3008302))

for non_index_updates
table 1 : explain UPDATE sbtest1 SET c='foobar' WHERE id=4047490
	Update on sbtest1  (cost=0.43..8.45 rows=0 width=0)
	  ->  Index Scan using sbtest1_pkey on sbtest1  (cost=0.43..8.45 rows=1 width=490)
	        Index Cond: (id = 4047490)

table 2 : explain UPDATE sbtest2 SET c='foobar' WHERE id=7884938
	Update on sbtest2  (cost=0.43..8.45 rows=0 width=0)
	  ->  Index Scan using sbtest2_pkey on sbtest2  (cost=0.43..8.45 rows=1 width=490)
	        Index Cond: (id = 7884938)

table 3 : explain UPDATE sbtest3 SET c='foobar' WHERE id=3501106
	Update on sbtest3  (cost=0.43..8.45 rows=0 width=0)
	  ->  Index Scan using sbtest3_pkey on sbtest3  (cost=0.43..8.45 rows=1 width=490)
	        Index Cond: (id = 3501106)

table 4 : explain UPDATE sbtest4 SET c='foobar' WHERE id=3329245
	Update on sbtest4  (cost=0.43..8.45 rows=0 width=0)
	  ->  Index Scan using sbtest4_pkey on sbtest4  (cost=0.43..8.45 rows=1 width=490)
	        Index Cond: (id = 3329245)

table 5 : explain UPDATE sbtest5 SET c='foobar' WHERE id=7647681
	Update on sbtest5  (cost=0.43..8.45 rows=0 width=0)
	  ->  Index Scan using sbtest5_pkey on sbtest5  (cost=0.43..8.45 rows=1 width=490)
	        Index Cond: (id = 7647681)

table 6 : explain UPDATE sbtest6 SET c='foobar' WHERE id=6100906
	Update on sbtest6  (cost=0.43..8.45 rows=0 width=0)
	  ->  Index Scan using sbtest6_pkey on sbtest6  (cost=0.43..8.45 rows=1 width=490)
	        Index Cond: (id = 6100906)

table 7 : explain UPDATE sbtest7 SET c='foobar' WHERE id=6325090
	Update on sbtest7  (cost=0.43..8.45 rows=0 width=0)
	  ->  Index Scan using sbtest7_pkey on sbtest7  (cost=0.43..8.45 rows=1 width=490)
	        Index Cond: (id = 6325090)

table 8 : explain UPDATE sbtest8 SET c='foobar' WHERE id=1819288
	Update on sbtest8  (cost=0.43..8.45 rows=0 width=0)
	  ->  Index Scan using sbtest8_pkey on sbtest8  (cost=0.43..8.45 rows=1 width=490)
	        Index Cond: (id = 1819288)

explain: for non_index_updates :: explain UPDATE sbtest%u SET c='foobar' WHERE id=%u
for deletes
table 1 : explain DELETE FROM sbtest1 WHERE id=3757746
	Delete on sbtest1  (cost=0.43..8.45 rows=0 width=0)
	  ->  Index Scan using sbtest1_pkey on sbtest1  (cost=0.43..8.45 rows=1 width=6)
	        Index Cond: (id = 3757746)

table 2 : explain DELETE FROM sbtest2 WHERE id=4914313
	Delete on sbtest2  (cost=0.43..8.45 rows=0 width=0)
	  ->  Index Scan using sbtest2_pkey on sbtest2  (cost=0.43..8.45 rows=1 width=6)
	        Index Cond: (id = 4914313)

table 3 : explain DELETE FROM sbtest3 WHERE id=1836885
	Delete on sbtest3  (cost=0.43..8.45 rows=0 width=0)
	  ->  Index Scan using sbtest3_pkey on sbtest3  (cost=0.43..8.45 rows=1 width=6)
	        Index Cond: (id = 1836885)

table 4 : explain DELETE FROM sbtest4 WHERE id=7282278
	Delete on sbtest4  (cost=0.43..8.45 rows=0 width=0)
	  ->  Index Scan using sbtest4_pkey on sbtest4  (cost=0.43..8.45 rows=1 width=6)
	        Index Cond: (id = 7282278)

table 5 : explain DELETE FROM sbtest5 WHERE id=1458319
	Delete on sbtest5  (cost=0.43..8.45 rows=0 width=0)
	  ->  Index Scan using sbtest5_pkey on sbtest5  (cost=0.43..8.45 rows=1 width=6)
	        Index Cond: (id = 1458319)

table 6 : explain DELETE FROM sbtest6 WHERE id=3076866
	Delete on sbtest6  (cost=0.43..8.45 rows=0 width=0)
	  ->  Index Scan using sbtest6_pkey on sbtest6  (cost=0.43..8.45 rows=1 width=6)
	        Index Cond: (id = 3076866)

table 7 : explain DELETE FROM sbtest7 WHERE id=4114199
	Delete on sbtest7  (cost=0.43..8.45 rows=0 width=0)
	  ->  Index Scan using sbtest7_pkey on sbtest7  (cost=0.43..8.45 rows=1 width=6)
	        Index Cond: (id = 4114199)

table 8 : explain DELETE FROM sbtest8 WHERE id=2902614
	Delete on sbtest8  (cost=0.43..8.45 rows=0 width=0)
	  ->  Index Scan using sbtest8_pkey on sbtest8  (cost=0.43..8.45 rows=1 width=6)
	        Index Cond: (id = 2902614)

for deletes
table 1 : explain DELETE FROM sbtest1 WHERE id=3044385
	Delete on sbtest1  (cost=0.43..8.45 rows=0 width=0)
	  ->  Index Scan using sbtest1_pkey on sbtest1  (cost=0.43..8.45 rows=1 width=6)
	        Index Cond: (id = 3044385)

table 2 : explain DELETE FROM sbtest2 WHERE id=3228178
	Delete on sbtest2  (cost=0.43..8.45 rows=0 width=0)
	  ->  Index Scan using sbtest2_pkey on sbtest2  (cost=0.43..8.45 rows=1 width=6)
	        Index Cond: (id = 3228178)

table 3 : explain DELETE FROM sbtest3 WHERE id=6515881
	Delete on sbtest3  (cost=0.43..8.45 rows=0 width=0)
	  ->  Index Scan using sbtest3_pkey on sbtest3  (cost=0.43..8.45 rows=1 width=6)
	        Index Cond: (id = 6515881)

table 4 : explain DELETE FROM sbtest4 WHERE id=8017499
	Delete on sbtest4  (cost=0.43..8.45 rows=0 width=0)
	  ->  Index Scan using sbtest4_pkey on sbtest4  (cost=0.43..8.45 rows=1 width=6)
	        Index Cond: (id = 8017499)

table 5 : explain DELETE FROM sbtest5 WHERE id=939269
	Delete on sbtest5  (cost=0.43..8.45 rows=0 width=0)
	  ->  Index Scan using sbtest5_pkey on sbtest5  (cost=0.43..8.45 rows=1 width=6)
	        Index Cond: (id = 939269)

table 6 : explain DELETE FROM sbtest6 WHERE id=4945763
	Delete on sbtest6  (cost=0.43..8.45 rows=0 width=0)
	  ->  Index Scan using sbtest6_pkey on sbtest6  (cost=0.43..8.45 rows=1 width=6)
	        Index Cond: (id = 4945763)

table 7 : explain DELETE FROM sbtest7 WHERE id=3905830
	Delete on sbtest7  (cost=0.43..8.45 rows=0 width=0)
	  ->  Index Scan using sbtest7_pkey on sbtest7  (cost=0.43..8.45 rows=1 width=6)
	        Index Cond: (id = 3905830)

table 8 : explain DELETE FROM sbtest8 WHERE id=7726563
	Delete on sbtest8  (cost=0.43..8.45 rows=0 width=0)
	  ->  Index Scan using sbtest8_pkey on sbtest8  (cost=0.43..8.45 rows=1 width=6)
	        Index Cond: (id = 7726563)

explain: for deletes :: explain DELETE FROM sbtest%u WHERE id=%u
explain: for index_updates :: explain UPDATE sbtest%u SET k=k+1 WHERE id=%u
for: simple_ranges
table 1 : explain SELECT c FROM sbtest1 WHERE id BETWEEN 4418724 AND 4418823
	Index Scan using sbtest1_pkey on sbtest1  (cost=0.43..366.51 rows=94 width=121)
	  Index Cond: ((id >= 4418724) AND (id <= 4418823))

table 2 : explain SELECT c FROM sbtest2 WHERE id BETWEEN 8705474 AND 8705573
	Index Scan using sbtest2_pkey on sbtest2  (cost=0.43..368.67 rows=95 width=121)
	  Index Cond: ((id >= 8705474) AND (id <= 8705573))

table 3 : explain SELECT c FROM sbtest3 WHERE id BETWEEN 6012806 AND 6012905
	Index Scan using sbtest3_pkey on sbtest3  (cost=0.43..386.61 rows=99 width=121)
	  Index Cond: ((id >= 6012806) AND (id <= 6012905))

table 4 : explain SELECT c FROM sbtest4 WHERE id BETWEEN 8712817 AND 8712916
	Index Scan using sbtest4_pkey on sbtest4  (cost=0.43..410.37 rows=105 width=121)
	  Index Cond: ((id >= 8712817) AND (id <= 8712916))

table 5 : explain SELECT c FROM sbtest5 WHERE id BETWEEN 8416849 AND 8416948
	Index Scan using sbtest5_pkey on sbtest5  (cost=0.43..375.72 rows=97 width=121)
	  Index Cond: ((id >= 8416849) AND (id <= 8416948))

table 6 : explain SELECT c FROM sbtest6 WHERE id BETWEEN 2703889 AND 2703988
	Index Scan using sbtest6_pkey on sbtest6  (cost=0.43..356.67 rows=92 width=121)
	  Index Cond: ((id >= 2703889) AND (id <= 2703988))

table 7 : explain SELECT c FROM sbtest7 WHERE id BETWEEN 4378339 AND 4378438
	Index Scan using sbtest7_pkey on sbtest7  (cost=0.43..433.54 rows=112 width=121)
	  Index Cond: ((id >= 4378339) AND (id <= 4378438))

table 8 : explain SELECT c FROM sbtest8 WHERE id BETWEEN 4976399 AND 4976498
	Index Scan using sbtest8_pkey on sbtest8  (cost=0.43..369.38 rows=95 width=121)
	  Index Cond: ((id >= 4976399) AND (id <= 4976498))

explain: for inserts :: explain INSERT INTO sbtest%u (id, k, c, pad) VALUES (%u, 13, 'foobar', 'foobar')
for deletes
table 1 : explain DELETE FROM sbtest1 WHERE id=7261633
	Delete on sbtest1  (cost=0.43..8.45 rows=0 width=0)
	  ->  Index Scan using sbtest1_pkey on sbtest1  (cost=0.43..8.45 rows=1 width=6)
	        Index Cond: (id = 7261633)

table 2 : explain DELETE FROM sbtest2 WHERE id=1113576
	Delete on sbtest2  (cost=0.43..8.45 rows=0 width=0)
	  ->  Index Scan using sbtest2_pkey on sbtest2  (cost=0.43..8.45 rows=1 width=6)
	        Index Cond: (id = 1113576)

table 3 : explain DELETE FROM sbtest3 WHERE id=9828152
	Delete on sbtest3  (cost=0.43..8.45 rows=0 width=0)
	  ->  Index Scan using sbtest3_pkey on sbtest3  (cost=0.43..8.45 rows=1 width=6)
	        Index Cond: (id = 9828152)

table 4 : explain DELETE FROM sbtest4 WHERE id=2139797
	Delete on sbtest4  (cost=0.43..8.45 rows=0 width=0)
	  ->  Index Scan using sbtest4_pkey on sbtest4  (cost=0.43..8.45 rows=1 width=6)
	        Index Cond: (id = 2139797)

table 5 : explain DELETE FROM sbtest5 WHERE id=3721016
	Delete on sbtest5  (cost=0.43..8.45 rows=0 width=0)
	  ->  Index Scan using sbtest5_pkey on sbtest5  (cost=0.43..8.45 rows=1 width=6)
	        Index Cond: (id = 3721016)

table 6 : explain DELETE FROM sbtest6 WHERE id=305842
	Delete on sbtest6  (cost=0.43..8.45 rows=0 width=0)
	  ->  Index Scan using sbtest6_pkey on sbtest6  (cost=0.43..8.45 rows=1 width=6)
	        Index Cond: (id = 305842)

table 7 : explain DELETE FROM sbtest7 WHERE id=9571823
	Delete on sbtest7  (cost=0.43..8.45 rows=0 width=0)
	  ->  Index Scan using sbtest7_pkey on sbtest7  (cost=0.43..8.45 rows=1 width=6)
	        Index Cond: (id = 9571823)

table 8 : explain DELETE FROM sbtest8 WHERE id=3738574
	Delete on sbtest8  (cost=0.43..8.45 rows=0 width=0)
	  ->  Index Scan using sbtest8_pkey on sbtest8  (cost=0.43..8.45 rows=1 width=6)
	        Index Cond: (id = 3738574)

explain: for inserts :: explain INSERT INTO sbtest%u (id, k, c, pad) VALUES (%u, 13, 'foobar', 'foobar')
for: distinct_ranges
table 1 : explain SELECT DISTINCT c FROM sbtest1 WHERE id BETWEEN 9464233 AND 9464332 ORDER BY c
	Unique  (cost=396.86..397.36 rows=101 width=121)
	  ->  Sort  (cost=396.86..397.11 rows=101 width=121)
	        Sort Key: c
	        ->  Index Scan using sbtest1_pkey on sbtest1  (cost=0.43..393.49 rows=101 width=121)
	              Index Cond: ((id >= 9464233) AND (id <= 9464332))

table 2 : explain SELECT DISTINCT c FROM sbtest2 WHERE id BETWEEN 3335335 AND 3335434 ORDER BY c
	Unique  (cost=402.81..403.33 rows=103 width=121)
	  ->  Sort  (cost=402.81..403.07 rows=103 width=121)
	        Sort Key: c
	        ->  Index Scan using sbtest2_pkey on sbtest2  (cost=0.43..399.37 rows=103 width=121)
	              Index Cond: ((id >= 3335335) AND (id <= 3335434))

table 3 : explain SELECT DISTINCT c FROM sbtest3 WHERE id BETWEEN 8057547 AND 8057646 ORDER BY c
	Unique  (cost=358.71..359.16 rows=91 width=121)
	  ->  Sort  (cost=358.71..358.93 rows=91 width=121)
	        Sort Key: c
	        ->  Index Scan using sbtest3_pkey on sbtest3  (cost=0.43..355.74 rows=91 width=121)
	              Index Cond: ((id >= 8057547) AND (id <= 8057646))

table 4 : explain SELECT DISTINCT c FROM sbtest4 WHERE id BETWEEN 6377013 AND 6377112 ORDER BY c
	Unique  (cost=394.34..394.84 rows=100 width=121)
	  ->  Sort  (cost=394.34..394.59 rows=100 width=121)
	        Sort Key: c
	        ->  Index Scan using sbtest4_pkey on sbtest4  (cost=0.43..391.02 rows=100 width=121)
	              Index Cond: ((id >= 6377013) AND (id <= 6377112))

table 5 : explain SELECT DISTINCT c FROM sbtest5 WHERE id BETWEEN 6382923 AND 6383022 ORDER BY c
	Unique  (cost=382.79..383.28 rows=98 width=121)
	  ->  Sort  (cost=382.79..383.04 rows=98 width=121)
	        Sort Key: c
	        ->  Index Scan using sbtest5_pkey on sbtest5  (cost=0.43..379.55 rows=98 width=121)
	              Index Cond: ((id >= 6382923) AND (id <= 6383022))

table 6 : explain SELECT DISTINCT c FROM sbtest6 WHERE id BETWEEN 3412232 AND 3412331 ORDER BY c
	Unique  (cost=394.51..395.01 rows=101 width=121)
	  ->  Sort  (cost=394.51..394.76 rows=101 width=121)
	        Sort Key: c
	        ->  Index Scan using sbtest6_pkey on sbtest6  (cost=0.43..391.14 rows=101 width=121)
	              Index Cond: ((id >= 3412232) AND (id <= 3412331))

table 7 : explain SELECT DISTINCT c FROM sbtest7 WHERE id BETWEEN 4989308 AND 4989407 ORDER BY c
	Unique  (cost=356.06..356.51 rows=91 width=121)
	  ->  Sort  (cost=356.06..356.29 rows=91 width=121)
	        Sort Key: c
	        ->  Index Scan using sbtest7_pkey on sbtest7  (cost=0.43..353.10 rows=91 width=121)
	              Index Cond: ((id >= 4989308) AND (id <= 4989407))

table 8 : explain SELECT DISTINCT c FROM sbtest8 WHERE id BETWEEN 1574435 AND 1574534 ORDER BY c
	Unique  (cost=419.10..419.64 rows=107 width=121)
	  ->  Sort  (cost=419.10..419.37 rows=107 width=121)
	        Sort Key: c
	        ->  Index Scan using sbtest8_pkey on sbtest8  (cost=0.43..415.49 rows=107 width=121)
	              Index Cond: ((id >= 1574435) AND (id <= 1574534))

for index_updates
table 1 : explain UPDATE sbtest1 SET k=k+1 WHERE id=918492
	Update on sbtest1  (cost=0.43..8.46 rows=0 width=0)
	  ->  Index Scan using sbtest1_pkey on sbtest1  (cost=0.43..8.46 rows=1 width=10)
	        Index Cond: (id = 918492)

table 2 : explain UPDATE sbtest2 SET k=k+1 WHERE id=9359406
	Update on sbtest2  (cost=0.43..8.46 rows=0 width=0)
	  ->  Index Scan using sbtest2_pkey on sbtest2  (cost=0.43..8.46 rows=1 width=10)
	        Index Cond: (id = 9359406)

table 3 : explain UPDATE sbtest3 SET k=k+1 WHERE id=9678003
	Update on sbtest3  (cost=0.43..8.46 rows=0 width=0)
	  ->  Index Scan using sbtest3_pkey on sbtest3  (cost=0.43..8.46 rows=1 width=10)
	        Index Cond: (id = 9678003)

table 4 : explain UPDATE sbtest4 SET k=k+1 WHERE id=5405264
	Update on sbtest4  (cost=0.43..8.46 rows=0 width=0)
	  ->  Index Scan using sbtest4_pkey on sbtest4  (cost=0.43..8.46 rows=1 width=10)
	        Index Cond: (id = 5405264)

table 5 : explain UPDATE sbtest5 SET k=k+1 WHERE id=1085665
	Update on sbtest5  (cost=0.43..8.46 rows=0 width=0)
	  ->  Index Scan using sbtest5_pkey on sbtest5  (cost=0.43..8.46 rows=1 width=10)
	        Index Cond: (id = 1085665)

table 6 : explain UPDATE sbtest6 SET k=k+1 WHERE id=7823296
	Update on sbtest6  (cost=0.43..8.46 rows=0 width=0)
	  ->  Index Scan using sbtest6_pkey on sbtest6  (cost=0.43..8.46 rows=1 width=10)
	        Index Cond: (id = 7823296)

table 7 : explain UPDATE sbtest7 SET k=k+1 WHERE id=4293791
	Update on sbtest7  (cost=0.43..8.46 rows=0 width=0)
	  ->  Index Scan using sbtest7_pkey on sbtest7  (cost=0.43..8.46 rows=1 width=10)
	        Index Cond: (id = 4293791)

table 8 : explain UPDATE sbtest8 SET k=k+1 WHERE id=3094861
	Update on sbtest8  (cost=0.43..8.46 rows=0 width=0)
	  ->  Index Scan using sbtest8_pkey on sbtest8  (cost=0.43..8.46 rows=1 width=10)
	        Index Cond: (id = 3094861)

for non_index_updates
table 1 : explain UPDATE sbtest1 SET c='foobar' WHERE id=332576
	Update on sbtest1  (cost=0.43..8.45 rows=0 width=0)
	  ->  Index Scan using sbtest1_pkey on sbtest1  (cost=0.43..8.45 rows=1 width=490)
	        Index Cond: (id = 332576)

table 2 : explain UPDATE sbtest2 SET c='foobar' WHERE id=4202254
	Update on sbtest2  (cost=0.43..8.45 rows=0 width=0)
	  ->  Index Scan using sbtest2_pkey on sbtest2  (cost=0.43..8.45 rows=1 width=490)
	        Index Cond: (id = 4202254)

table 3 : explain UPDATE sbtest3 SET c='foobar' WHERE id=9089100
	Update on sbtest3  (cost=0.43..8.45 rows=0 width=0)
	  ->  Index Scan using sbtest3_pkey on sbtest3  (cost=0.43..8.45 rows=1 width=490)
	        Index Cond: (id = 9089100)

table 4 : explain UPDATE sbtest4 SET c='foobar' WHERE id=8241508
	Update on sbtest4  (cost=0.43..8.45 rows=0 width=0)
	  ->  Index Scan using sbtest4_pkey on sbtest4  (cost=0.43..8.45 rows=1 width=490)
	        Index Cond: (id = 8241508)

table 5 : explain UPDATE sbtest5 SET c='foobar' WHERE id=708794
	Update on sbtest5  (cost=0.43..8.45 rows=0 width=0)
	  ->  Index Scan using sbtest5_pkey on sbtest5  (cost=0.43..8.45 rows=1 width=490)
	        Index Cond: (id = 708794)

table 6 : explain UPDATE sbtest6 SET c='foobar' WHERE id=525329
	Update on sbtest6  (cost=0.43..8.45 rows=0 width=0)
	  ->  Index Scan using sbtest6_pkey on sbtest6  (cost=0.43..8.45 rows=1 width=490)
	        Index Cond: (id = 525329)

table 7 : explain UPDATE sbtest7 SET c='foobar' WHERE id=5589380
	Update on sbtest7  (cost=0.43..8.45 rows=0 width=0)
	  ->  Index Scan using sbtest7_pkey on sbtest7  (cost=0.43..8.45 rows=1 width=490)
	        Index Cond: (id = 5589380)

table 8 : explain UPDATE sbtest8 SET c='foobar' WHERE id=6763454
	Update on sbtest8  (cost=0.43..8.45 rows=0 width=0)
	  ->  Index Scan using sbtest8_pkey on sbtest8  (cost=0.43..8.45 rows=1 width=490)
	        Index Cond: (id = 6763454)

for inserts
table 1 : explain INSERT INTO sbtest1 (id, k, c, pad) VALUES (5528556, 13, 'foobar', 'foobar')
	Insert on sbtest1  (cost=0.00..0.01 rows=0 width=0)
	  ->  Result  (cost=0.00..0.01 rows=1 width=736)

table 2 : explain INSERT INTO sbtest2 (id, k, c, pad) VALUES (5000338, 13, 'foobar', 'foobar')
	Insert on sbtest2  (cost=0.00..0.01 rows=0 width=0)
	  ->  Result  (cost=0.00..0.01 rows=1 width=736)

table 3 : explain INSERT INTO sbtest3 (id, k, c, pad) VALUES (1250170, 13, 'foobar', 'foobar')
	Insert on sbtest3  (cost=0.00..0.01 rows=0 width=0)
	  ->  Result  (cost=0.00..0.01 rows=1 width=736)

table 4 : explain INSERT INTO sbtest4 (id, k, c, pad) VALUES (2431962, 13, 'foobar', 'foobar')
	Insert on sbtest4  (cost=0.00..0.01 rows=0 width=0)
	  ->  Result  (cost=0.00..0.01 rows=1 width=736)

table 5 : explain INSERT INTO sbtest5 (id, k, c, pad) VALUES (3909890, 13, 'foobar', 'foobar')
	Insert on sbtest5  (cost=0.00..0.01 rows=0 width=0)
	  ->  Result  (cost=0.00..0.01 rows=1 width=736)

table 6 : explain INSERT INTO sbtest6 (id, k, c, pad) VALUES (3255335, 13, 'foobar', 'foobar')
	Insert on sbtest6  (cost=0.00..0.01 rows=0 width=0)
	  ->  Result  (cost=0.00..0.01 rows=1 width=736)

table 7 : explain INSERT INTO sbtest7 (id, k, c, pad) VALUES (6257979, 13, 'foobar', 'foobar')
	Insert on sbtest7  (cost=0.00..0.01 rows=0 width=0)
	  ->  Result  (cost=0.00..0.01 rows=1 width=736)

table 8 : explain INSERT INTO sbtest8 (id, k, c, pad) VALUES (8829520, 13, 'foobar', 'foobar')
	Insert on sbtest8  (cost=0.00..0.01 rows=0 width=0)
	  ->  Result  (cost=0.00..0.01 rows=1 width=736)

explain: for inserts :: explain INSERT INTO sbtest%u (id, k, c, pad) VALUES (%u, 13, 'foobar', 'foobar')
for index_updates
table 1 : explain UPDATE sbtest1 SET k=k+1 WHERE id=6096118
	Update on sbtest1  (cost=0.43..8.46 rows=0 width=0)
	  ->  Index Scan using sbtest1_pkey on sbtest1  (cost=0.43..8.46 rows=1 width=10)
	        Index Cond: (id = 6096118)

table 2 : explain UPDATE sbtest2 SET k=k+1 WHERE id=209355
	Update on sbtest2  (cost=0.43..8.46 rows=0 width=0)
	  ->  Index Scan using sbtest2_pkey on sbtest2  (cost=0.43..8.46 rows=1 width=10)
	        Index Cond: (id = 209355)

table 3 : explain UPDATE sbtest3 SET k=k+1 WHERE id=4550807
	Update on sbtest3  (cost=0.43..8.46 rows=0 width=0)
	  ->  Index Scan using sbtest3_pkey on sbtest3  (cost=0.43..8.46 rows=1 width=10)
	        Index Cond: (id = 4550807)

table 4 : explain UPDATE sbtest4 SET k=k+1 WHERE id=8635129
	Update on sbtest4  (cost=0.43..8.46 rows=0 width=0)
	  ->  Index Scan using sbtest4_pkey on sbtest4  (cost=0.43..8.46 rows=1 width=10)
	        Index Cond: (id = 8635129)

table 5 : explain UPDATE sbtest5 SET k=k+1 WHERE id=7059871
	Update on sbtest5  (cost=0.43..8.46 rows=0 width=0)
	  ->  Index Scan using sbtest5_pkey on sbtest5  (cost=0.43..8.46 rows=1 width=10)
	        Index Cond: (id = 7059871)

table 6 : explain UPDATE sbtest6 SET k=k+1 WHERE id=8363983
	Update on sbtest6  (cost=0.43..8.46 rows=0 width=0)
	  ->  Index Scan using sbtest6_pkey on sbtest6  (cost=0.43..8.46 rows=1 width=10)
	        Index Cond: (id = 8363983)

table 7 : explain UPDATE sbtest7 SET k=k+1 WHERE id=5948361
	Update on sbtest7  (cost=0.43..8.46 rows=0 width=0)
	  ->  Index Scan using sbtest7_pkey on sbtest7  (cost=0.43..8.46 rows=1 width=10)
	        Index Cond: (id = 5948361)

table 8 : explain UPDATE sbtest8 SET k=k+1 WHERE id=9465573
	Update on sbtest8  (cost=0.43..8.46 rows=0 width=0)
	  ->  Index Scan using sbtest8_pkey on sbtest8  (cost=0.43..8.46 rows=1 width=10)
	        Index Cond: (id = 9465573)

explain: for non_index_updates :: explain UPDATE sbtest%u SET c='foobar' WHERE id=%u
explain: for inserts :: explain INSERT INTO sbtest%u (id, k, c, pad) VALUES (%u, 13, 'foobar', 'foobar')
explain: for deletes :: explain DELETE FROM sbtest%u WHERE id=%uexplain: for index_updates :: explain UPDATE sbtest%u SET k=k+1 WHERE id=%u

for: order_ranges
table 1 : explain SELECT c FROM sbtest1 WHERE id BETWEEN 4826269 AND 4826368 ORDER BY c
	Sort  (cost=408.52..408.78 rows=104 width=121)
	  Sort Key: c
	  ->  Index Scan using sbtest1_pkey on sbtest1  (cost=0.43..405.04 rows=104 width=121)
	        Index Cond: ((id >= 4826269) AND (id <= 4826368))

table 2 : explain SELECT c FROM sbtest2 WHERE id BETWEEN 357825 AND 357924 ORDER BY c
	Sort  (cost=379.54..379.78 rows=97 width=121)
	  Sort Key: c
	  ->  Index Scan using sbtest2_pkey on sbtest2  (cost=0.43..376.34 rows=97 width=121)
	        Index Cond: ((id >= 357825) AND (id <= 357924))

table 3 : explain SELECT c FROM sbtest3 WHERE id BETWEEN 7985230 AND 7985329 ORDER BY c
	Sort  (cost=374.30..374.53 rows=95 width=121)
	  Sort Key: c
	  ->  Index Scan using sbtest3_pkey on sbtest3  (cost=0.43..371.18 rows=95 width=121)
	        Index Cond: ((id >= 7985230) AND (id <= 7985329))

table 4 : explain SELECT c FROM sbtest4 WHERE id BETWEEN 4108275 AND 4108374 ORDER BY c
	Sort  (cost=413.90..414.16 rows=105 width=121)
	  Sort Key: c
	  ->  Index Scan using sbtest4_pkey on sbtest4  (cost=0.43..410.37 rows=105 width=121)
	        Index Cond: ((id >= 4108275) AND (id <= 4108374))

table 5 : explain SELECT c FROM sbtest5 WHERE id BETWEEN 1120911 AND 1121010 ORDER BY c
	Sort  (cost=375.06..375.30 rows=96 width=121)
	  Sort Key: c
	  ->  Index Scan using sbtest5_pkey on sbtest5  (cost=0.43..371.90 rows=96 width=121)
	        Index Cond: ((id >= 1120911) AND (id <= 1121010))

table 6 : explain SELECT c FROM sbtest6 WHERE id BETWEEN 8304876 AND 8304975 ORDER BY c
	Sort  (cost=378.99..379.24 rows=97 width=121)
	  Sort Key: c
	  ->  Index Scan using sbtest6_pkey on sbtest6  (cost=0.43..375.79 rows=97 width=121)
	        Index Cond: ((id >= 8304876) AND (id <= 8304975))

table 7 : explain SELECT c FROM sbtest7 WHERE id BETWEEN 2925621 AND 2925720 ORDER BY c
	Sort  (cost=398.66..398.92 rows=102 width=121)
	  Sort Key: c
	  ->  Index Scan using sbtest7_pkey on sbtest7  (cost=0.43..395.26 rows=102 width=121)
	        Index Cond: ((id >= 2925621) AND (id <= 2925720))

table 8 : explain SELECT c FROM sbtest8 WHERE id BETWEEN 4810494 AND 4810593 ORDER BY c
	Sort  (cost=415.22..415.49 rows=106 width=121)
	  Sort Key: c
	  ->  Index Scan using sbtest8_pkey on sbtest8  (cost=0.43..411.66 rows=106 width=121)
	        Index Cond: ((id >= 4810494) AND (id <= 4810593))

for inserts
table 1 : explain INSERT INTO sbtest1 (id, k, c, pad) VALUES (7278622, 13, 'foobar', 'foobar')
	Insert on sbtest1  (cost=0.00..0.01 rows=0 width=0)
	  ->  Result  (cost=0.00..0.01 rows=1 width=736)

table 2 : explain INSERT INTO sbtest2 (id, k, c, pad) VALUES (1512470, 13, 'foobar', 'foobar')
	Insert on sbtest2  (cost=0.00..0.01 rows=0 width=0)
	  ->  Result  (cost=0.00..0.01 rows=1 width=736)

table 3 : explain INSERT INTO sbtest3 (id, k, c, pad) VALUES (7414833, 13, 'foobar', 'foobar')
	Insert on sbtest3  (cost=0.00..0.01 rows=0 width=0)
	  ->  Result  (cost=0.00..0.01 rows=1 width=736)

table 4 : explain INSERT INTO sbtest4 (id, k, c, pad) VALUES (6314209, 13, 'foobar', 'foobar')
	Insert on sbtest4  (cost=0.00..0.01 rows=0 width=0)
	  ->  Result  (cost=0.00..0.01 rows=1 width=736)

table 5 : explain INSERT INTO sbtest5 (id, k, c, pad) VALUES (5941341, 13, 'foobar', 'foobar')
	Insert on sbtest5  (cost=0.00..0.01 rows=0 width=0)
	  ->  Result  (cost=0.00..0.01 rows=1 width=736)

table 6 : explain INSERT INTO sbtest6 (id, k, c, pad) VALUES (5713600, 13, 'foobar', 'foobar')
	Insert on sbtest6  (cost=0.00..0.01 rows=0 width=0)
	  ->  Result  (cost=0.00..0.01 rows=1 width=736)

table 7 : explain INSERT INTO sbtest7 (id, k, c, pad) VALUES (9984916, 13, 'foobar', 'foobar')
	Insert on sbtest7  (cost=0.00..0.01 rows=0 width=0)
	  ->  Result  (cost=0.00..0.01 rows=1 width=736)

table 8 : explain INSERT INTO sbtest8 (id, k, c, pad) VALUES (4526579, 13, 'foobar', 'foobar')
	Insert on sbtest8  (cost=0.00..0.01 rows=0 width=0)
	  ->  Result  (cost=0.00..0.01 rows=1 width=736)

for: simple_ranges
table 1 : explain SELECT c FROM sbtest1 WHERE id BETWEEN 8033914 AND 8034013
	Index Scan using sbtest1_pkey on sbtest1  (cost=0.43..389.60 rows=100 width=121)
	  Index Cond: ((id >= 8033914) AND (id <= 8034013))

table 2 : explain SELECT c FROM sbtest2 WHERE id BETWEEN 5711108 AND 5711207
	Index Scan using sbtest2_pkey on sbtest2  (cost=0.43..422.36 rows=109 width=121)
	  Index Cond: ((id >= 5711108) AND (id <= 5711207))

table 3 : explain SELECT c FROM sbtest3 WHERE id BETWEEN 8277272 AND 8277371
	Index Scan using sbtest3_pkey on sbtest3  (cost=0.43..413.65 rows=106 width=121)
	  Index Cond: ((id >= 8277272) AND (id <= 8277371))

table 4 : explain SELECT c FROM sbtest4 WHERE id BETWEEN 176388 AND 176487
	Index Scan using sbtest4_pkey on sbtest4  (cost=0.43..383.29 rows=98 width=121)
	  Index Cond: ((id >= 176388) AND (id <= 176487))

table 5 : explain SELECT c FROM sbtest5 WHERE id BETWEEN 2549388 AND 2549487
	Index Scan using sbtest5_pkey on sbtest5  (cost=0.43..394.90 rows=102 width=121)
	  Index Cond: ((id >= 2549388) AND (id <= 2549487))

table 6 : explain SELECT c FROM sbtest6 WHERE id BETWEEN 1944036 AND 1944135
	Index Scan using sbtest6_pkey on sbtest6  (cost=0.43..398.80 rows=103 width=121)
	  Index Cond: ((id >= 1944036) AND (id <= 1944135))

table 7 : explain SELECT c FROM sbtest7 WHERE id BETWEEN 9332830 AND 9332929
	Index Scan using sbtest7_pkey on sbtest7  (cost=0.43..391.43 rows=101 width=121)
	  Index Cond: ((id >= 9332830) AND (id <= 9332929))

table 8 : explain SELECT c FROM sbtest8 WHERE id BETWEEN 1063092 AND 1063191
	Index Scan using sbtest8_pkey on sbtest8  (cost=0.43..357.87 rows=92 width=121)
	  Index Cond: ((id >= 1063092) AND (id <= 1063191))

explain: for point_selects :: explain SELECT c FROM sbtest%u WHERE id=%u
for non_index_updates
table 1 : explain UPDATE sbtest1 SET c='foobar' WHERE id=2069079
	Update on sbtest1  (cost=0.43..8.45 rows=0 width=0)
	  ->  Index Scan using sbtest1_pkey on sbtest1  (cost=0.43..8.45 rows=1 width=490)
	        Index Cond: (id = 2069079)

table 2 : explain UPDATE sbtest2 SET c='foobar' WHERE id=5541044
	Update on sbtest2  (cost=0.43..8.45 rows=0 width=0)
	  ->  Index Scan using sbtest2_pkey on sbtest2  (cost=0.43..8.45 rows=1 width=490)
	        Index Cond: (id = 5541044)

table 3 : explain UPDATE sbtest3 SET c='foobar' WHERE id=508335
	Update on sbtest3  (cost=0.43..8.45 rows=0 width=0)
	  ->  Index Scan using sbtest3_pkey on sbtest3  (cost=0.43..8.45 rows=1 width=490)
	        Index Cond: (id = 508335)

table 4 : explain UPDATE sbtest4 SET c='foobar' WHERE id=8744772
	Update on sbtest4  (cost=0.43..8.45 rows=0 width=0)
	  ->  Index Scan using sbtest4_pkey on sbtest4  (cost=0.43..8.45 rows=1 width=490)
	        Index Cond: (id = 8744772)

table 5 : explain UPDATE sbtest5 SET c='foobar' WHERE id=9053974
	Update on sbtest5  (cost=0.43..8.45 rows=0 width=0)
	  ->  Index Scan using sbtest5_pkey on sbtest5  (cost=0.43..8.45 rows=1 width=490)
	        Index Cond: (id = 9053974)

table 6 : explain UPDATE sbtest6 SET c='foobar' WHERE id=7228980
	Update on sbtest6  (cost=0.43..8.45 rows=0 width=0)
	  ->  Index Scan using sbtest6_pkey on sbtest6  (cost=0.43..8.45 rows=1 width=490)
	        Index Cond: (id = 7228980)

table 7 : explain UPDATE sbtest7 SET c='foobar' WHERE id=1219812
	Update on sbtest7  (cost=0.43..8.45 rows=0 width=0)
	  ->  Index Scan using sbtest7_pkey on sbtest7  (cost=0.43..8.45 rows=1 width=490)
	        Index Cond: (id = 1219812)

table 8 : explain UPDATE sbtest8 SET c='foobar' WHERE id=8989730
	Update on sbtest8  (cost=0.43..8.45 rows=0 width=0)
	  ->  Index Scan using sbtest8_pkey on sbtest8  (cost=0.43..8.45 rows=1 width=490)
	        Index Cond: (id = 8989730)

explain: for non_index_updates :: explain UPDATE sbtest%u SET c='foobar' WHERE id=%u
explain: for deletes :: explain DELETE FROM sbtest%u WHERE id=%u
for inserts
table 1 : explain INSERT INTO sbtest1 (id, k, c, pad) VALUES (2525615, 13, 'foobar', 'foobar')
	Insert on sbtest1  (cost=0.00..0.01 rows=0 width=0)
	  ->  Result  (cost=0.00..0.01 rows=1 width=736)

table 2 : explain INSERT INTO sbtest2 (id, k, c, pad) VALUES (5989750, 13, 'foobar', 'foobar')
	Insert on sbtest2  (cost=0.00..0.01 rows=0 width=0)
	  ->  Result  (cost=0.00..0.01 rows=1 width=736)

table 3 : explain INSERT INTO sbtest3 (id, k, c, pad) VALUES (2364448, 13, 'foobar', 'foobar')
	Insert on sbtest3  (cost=0.00..0.01 rows=0 width=0)
	  ->  Result  (cost=0.00..0.01 rows=1 width=736)

table 4 : explain INSERT INTO sbtest4 (id, k, c, pad) VALUES (5779651, 13, 'foobar', 'foobar')
	Insert on sbtest4  (cost=0.00..0.01 rows=0 width=0)
	  ->  Result  (cost=0.00..0.01 rows=1 width=736)

table 5 : explain INSERT INTO sbtest5 (id, k, c, pad) VALUES (9442401, 13, 'foobar', 'foobar')
	Insert on sbtest5  (cost=0.00..0.01 rows=0 width=0)
	  ->  Result  (cost=0.00..0.01 rows=1 width=736)

table 6 : explain INSERT INTO sbtest6 (id, k, c, pad) VALUES (946241, 13, 'foobar', 'foobar')
	Insert on sbtest6  (cost=0.00..0.01 rows=0 width=0)
	  ->  Result  (cost=0.00..0.01 rows=1 width=736)

table 7 : explain INSERT INTO sbtest7 (id, k, c, pad) VALUES (8457126, 13, 'foobar', 'foobar')
	Insert on sbtest7  (cost=0.00..0.01 rows=0 width=0)
	  ->  Result  (cost=0.00..0.01 rows=1 width=736)

table 8 : explain INSERT INTO sbtest8 (id, k, c, pad) VALUES (461776, 13, 'foobar', 'foobar')
	Insert on sbtest8  (cost=0.00..0.01 rows=0 width=0)
	  ->  Result  (cost=0.00..0.01 rows=1 width=736)

for deletes
table 1 : explain DELETE FROM sbtest1 WHERE id=4435441
	Delete on sbtest1  (cost=0.43..8.45 rows=0 width=0)
	  ->  Index Scan using sbtest1_pkey on sbtest1  (cost=0.43..8.45 rows=1 width=6)
	        Index Cond: (id = 4435441)

table 2 : explain DELETE FROM sbtest2 WHERE id=3389048
	Delete on sbtest2  (cost=0.43..8.45 rows=0 width=0)
	  ->  Index Scan using sbtest2_pkey on sbtest2  (cost=0.43..8.45 rows=1 width=6)
	        Index Cond: (id = 3389048)

table 3 : explain DELETE FROM sbtest3 WHERE id=6586229
	Delete on sbtest3  (cost=0.43..8.45 rows=0 width=0)
	  ->  Index Scan using sbtest3_pkey on sbtest3  (cost=0.43..8.45 rows=1 width=6)
	        Index Cond: (id = 6586229)

table 4 : explain DELETE FROM sbtest4 WHERE id=1224135
	Delete on sbtest4  (cost=0.43..8.45 rows=0 width=0)
	  ->  Index Scan using sbtest4_pkey on sbtest4  (cost=0.43..8.45 rows=1 width=6)
	        Index Cond: (id = 1224135)

table 5 : explain DELETE FROM sbtest5 WHERE id=5348892
	Delete on sbtest5  (cost=0.43..8.45 rows=0 width=0)
	  ->  Index Scan using sbtest5_pkey on sbtest5  (cost=0.43..8.45 rows=1 width=6)
	        Index Cond: (id = 5348892)

table 6 : explain DELETE FROM sbtest6 WHERE id=265707
	Delete on sbtest6  (cost=0.43..8.45 rows=0 width=0)
	  ->  Index Scan using sbtest6_pkey on sbtest6  (cost=0.43..8.45 rows=1 width=6)
	        Index Cond: (id = 265707)

table 7 : explain DELETE FROM sbtest7 WHERE id=4158465
	Delete on sbtest7  (cost=0.43..8.45 rows=0 width=0)
	  ->  Index Scan using sbtest7_pkey on sbtest7  (cost=0.43..8.45 rows=1 width=6)
	        Index Cond: (id = 4158465)

table 8 : explain DELETE FROM sbtest8 WHERE id=7589907
	Delete on sbtest8  (cost=0.43..8.45 rows=0 width=0)
	  ->  Index Scan using sbtest8_pkey on sbtest8  (cost=0.43..8.45 rows=1 width=6)
	        Index Cond: (id = 7589907)

for deletes
table 1 : explain DELETE FROM sbtest1 WHERE id=9815823
	Delete on sbtest1  (cost=0.43..8.45 rows=0 width=0)
	  ->  Index Scan using sbtest1_pkey on sbtest1  (cost=0.43..8.45 rows=1 width=6)
	        Index Cond: (id = 9815823)

table 2 : explain DELETE FROM sbtest2 WHERE id=4378215
	Delete on sbtest2  (cost=0.43..8.45 rows=0 width=0)
	  ->  Index Scan using sbtest2_pkey on sbtest2  (cost=0.43..8.45 rows=1 width=6)
	        Index Cond: (id = 4378215)

table 3 : explain DELETE FROM sbtest3 WHERE id=3373916
	Delete on sbtest3  (cost=0.43..8.45 rows=0 width=0)
	  ->  Index Scan using sbtest3_pkey on sbtest3  (cost=0.43..8.45 rows=1 width=6)
	        Index Cond: (id = 3373916)

table 4 : explain DELETE FROM sbtest4 WHERE id=2025707
	Delete on sbtest4  (cost=0.43..8.45 rows=0 width=0)
	  ->  Index Scan using sbtest4_pkey on sbtest4  (cost=0.43..8.45 rows=1 width=6)
	        Index Cond: (id = 2025707)

table 5 : explain DELETE FROM sbtest5 WHERE id=9505108
	Delete on sbtest5  (cost=0.43..8.45 rows=0 width=0)
	  ->  Index Scan using sbtest5_pkey on sbtest5  (cost=0.43..8.45 rows=1 width=6)
	        Index Cond: (id = 9505108)

table 6 : explain DELETE FROM sbtest6 WHERE id=744642
	Delete on sbtest6  (cost=0.43..8.45 rows=0 width=0)
	  ->  Index Scan using sbtest6_pkey on sbtest6  (cost=0.43..8.45 rows=1 width=6)
	        Index Cond: (id = 744642)

table 7 : explain DELETE FROM sbtest7 WHERE id=8565606
	Delete on sbtest7  (cost=0.43..8.45 rows=0 width=0)
	  ->  Index Scan using sbtest7_pkey on sbtest7  (cost=0.43..8.45 rows=1 width=6)
	        Index Cond: (id = 8565606)

table 8 : explain DELETE FROM sbtest8 WHERE id=6265403
	Delete on sbtest8  (cost=0.43..8.45 rows=0 width=0)
	  ->  Index Scan using sbtest8_pkey on sbtest8  (cost=0.43..8.45 rows=1 width=6)
	        Index Cond: (id = 6265403)

for point_selects
table 1 : explain SELECT c FROM sbtest1 WHERE id=4876806
	Index Scan using sbtest1_pkey on sbtest1  (cost=0.43..8.45 rows=1 width=121)
	  Index Cond: (id = 4876806)

table 2 : explain SELECT c FROM sbtest2 WHERE id=1901955
	Index Scan using sbtest2_pkey on sbtest2  (cost=0.43..8.45 rows=1 width=121)
	  Index Cond: (id = 1901955)

table 3 : explain SELECT c FROM sbtest3 WHERE id=8513740
	Index Scan using sbtest3_pkey on sbtest3  (cost=0.43..8.45 rows=1 width=121)
	  Index Cond: (id = 8513740)

table 4 : explain SELECT c FROM sbtest4 WHERE id=9506876
	Index Scan using sbtest4_pkey on sbtest4  (cost=0.43..8.45 rows=1 width=121)
	  Index Cond: (id = 9506876)

table 5 : explain SELECT c FROM sbtest5 WHERE id=1227948
	Index Scan using sbtest5_pkey on sbtest5  (cost=0.43..8.45 rows=1 width=121)
	  Index Cond: (id = 1227948)

table 6 : explain SELECT c FROM sbtest6 WHERE id=2384360
	Index Scan using sbtest6_pkey on sbtest6  (cost=0.43..8.45 rows=1 width=121)
	  Index Cond: (id = 2384360)

table 7 : explain SELECT c FROM sbtest7 WHERE id=5554738
	Index Scan using sbtest7_pkey on sbtest7  (cost=0.43..8.45 rows=1 width=121)
	  Index Cond: (id = 5554738)

table 8 : explain SELECT c FROM sbtest8 WHERE id=2444370
	Index Scan using sbtest8_pkey on sbtest8  (cost=0.43..8.45 rows=1 width=121)
	  Index Cond: (id = 2444370)

for index_updates
table 1 : explain UPDATE sbtest1 SET k=k+1 WHERE id=3848663
	Update on sbtest1  (cost=0.43..8.46 rows=0 width=0)
	  ->  Index Scan using sbtest1_pkey on sbtest1  (cost=0.43..8.46 rows=1 width=10)
	        Index Cond: (id = 3848663)

table 2 : explain UPDATE sbtest2 SET k=k+1 WHERE id=4873519
	Update on sbtest2  (cost=0.43..8.46 rows=0 width=0)
	  ->  Index Scan using sbtest2_pkey on sbtest2  (cost=0.43..8.46 rows=1 width=10)
	        Index Cond: (id = 4873519)

table 3 : explain UPDATE sbtest3 SET k=k+1 WHERE id=2738971
	Update on sbtest3  (cost=0.43..8.46 rows=0 width=0)
	  ->  Index Scan using sbtest3_pkey on sbtest3  (cost=0.43..8.46 rows=1 width=10)
	        Index Cond: (id = 2738971)

table 4 : explain UPDATE sbtest4 SET k=k+1 WHERE id=1796558
	Update on sbtest4  (cost=0.43..8.46 rows=0 width=0)
	  ->  Index Scan using sbtest4_pkey on sbtest4  (cost=0.43..8.46 rows=1 width=10)
	        Index Cond: (id = 1796558)

table 5 : explain UPDATE sbtest5 SET k=k+1 WHERE id=5342436
	Update on sbtest5  (cost=0.43..8.46 rows=0 width=0)
	  ->  Index Scan using sbtest5_pkey on sbtest5  (cost=0.43..8.46 rows=1 width=10)
	        Index Cond: (id = 5342436)

table 6 : explain UPDATE sbtest6 SET k=k+1 WHERE id=5229715
	Update on sbtest6  (cost=0.43..8.46 rows=0 width=0)
	  ->  Index Scan using sbtest6_pkey on sbtest6  (cost=0.43..8.46 rows=1 width=10)
	        Index Cond: (id = 5229715)

table 7 : explain UPDATE sbtest7 SET k=k+1 WHERE id=3064209
	Update on sbtest7  (cost=0.43..8.46 rows=0 width=0)
	  ->  Index Scan using sbtest7_pkey on sbtest7  (cost=0.43..8.46 rows=1 width=10)
	        Index Cond: (id = 3064209)

table 8 : explain UPDATE sbtest8 SET k=k+1 WHERE id=4320125
	Update on sbtest8  (cost=0.43..8.46 rows=0 width=0)
	  ->  Index Scan using sbtest8_pkey on sbtest8  (cost=0.43..8.46 rows=1 width=10)
	        Index Cond: (id = 4320125)

for inserts
table 1 : explain INSERT INTO sbtest1 (id, k, c, pad) VALUES (6744905, 13, 'foobar', 'foobar')
	Insert on sbtest1  (cost=0.00..0.01 rows=0 width=0)
	  ->  Result  (cost=0.00..0.01 rows=1 width=736)

table 2 : explain INSERT INTO sbtest2 (id, k, c, pad) VALUES (3962417, 13, 'foobar', 'foobar')
	Insert on sbtest2  (cost=0.00..0.01 rows=0 width=0)
	  ->  Result  (cost=0.00..0.01 rows=1 width=736)

table 3 : explain INSERT INTO sbtest3 (id, k, c, pad) VALUES (466373, 13, 'foobar', 'foobar')
	Insert on sbtest3  (cost=0.00..0.01 rows=0 width=0)
	  ->  Result  (cost=0.00..0.01 rows=1 width=736)

table 4 : explain INSERT INTO sbtest4 (id, k, c, pad) VALUES (2678136, 13, 'foobar', 'foobar')
	Insert on sbtest4  (cost=0.00..0.01 rows=0 width=0)
	  ->  Result  (cost=0.00..0.01 rows=1 width=736)

table 5 : explain INSERT INTO sbtest5 (id, k, c, pad) VALUES (3614888, 13, 'foobar', 'foobar')
	Insert on sbtest5  (cost=0.00..0.01 rows=0 width=0)
	  ->  Result  (cost=0.00..0.01 rows=1 width=736)

table 6 : explain INSERT INTO sbtest6 (id, k, c, pad) VALUES (4052530, 13, 'foobar', 'foobar')
	Insert on sbtest6  (cost=0.00..0.01 rows=0 width=0)
	  ->  Result  (cost=0.00..0.01 rows=1 width=736)

table 7 : explain INSERT INTO sbtest7 (id, k, c, pad) VALUES (7337087, 13, 'foobar', 'foobar')
	Insert on sbtest7  (cost=0.00..0.01 rows=0 width=0)
	  ->  Result  (cost=0.00..0.01 rows=1 width=736)

table 8 : explain INSERT INTO sbtest8 (id, k, c, pad) VALUES (7440676, 13, 'foobar', 'foobar')
	Insert on sbtest8  (cost=0.00..0.01 rows=0 width=0)
	  ->  Result  (cost=0.00..0.01 rows=1 width=736)

explain: for inserts :: explain INSERT INTO sbtest%u (id, k, c, pad) VALUES (%u, 13, 'foobar', 'foobar')
explain: for inserts :: explain INSERT INTO sbtest%u (id, k, c, pad) VALUES (%u, 13, 'foobar', 'foobar')
for non_index_updates
table 1 : explain UPDATE sbtest1 SET c='foobar' WHERE id=238867
	Update on sbtest1  (cost=0.43..8.45 rows=0 width=0)
	  ->  Index Scan using sbtest1_pkey on sbtest1  (cost=0.43..8.45 rows=1 width=490)
	        Index Cond: (id = 238867)

table 2 : explain UPDATE sbtest2 SET c='foobar' WHERE id=4911473
	Update on sbtest2  (cost=0.43..8.45 rows=0 width=0)
	  ->  Index Scan using sbtest2_pkey on sbtest2  (cost=0.43..8.45 rows=1 width=490)
	        Index Cond: (id = 4911473)

table 3 : explain UPDATE sbtest3 SET c='foobar' WHERE id=3036817
	Update on sbtest3  (cost=0.43..8.45 rows=0 width=0)
	  ->  Index Scan using sbtest3_pkey on sbtest3  (cost=0.43..8.45 rows=1 width=490)
	        Index Cond: (id = 3036817)

table 4 : explain UPDATE sbtest4 SET c='foobar' WHERE id=3694612
	Update on sbtest4  (cost=0.43..8.45 rows=0 width=0)
	  ->  Index Scan using sbtest4_pkey on sbtest4  (cost=0.43..8.45 rows=1 width=490)
	        Index Cond: (id = 3694612)

table 5 : explain UPDATE sbtest5 SET c='foobar' WHERE id=5905505
	Update on sbtest5  (cost=0.43..8.45 rows=0 width=0)
	  ->  Index Scan using sbtest5_pkey on sbtest5  (cost=0.43..8.45 rows=1 width=490)
	        Index Cond: (id = 5905505)

table 6 : explain UPDATE sbtest6 SET c='foobar' WHERE id=8429553
	Update on sbtest6  (cost=0.43..8.45 rows=0 width=0)
	  ->  Index Scan using sbtest6_pkey on sbtest6  (cost=0.43..8.45 rows=1 width=490)
	        Index Cond: (id = 8429553)

table 7 : explain UPDATE sbtest7 SET c='foobar' WHERE id=4208594
	Update on sbtest7  (cost=0.43..8.45 rows=0 width=0)
	  ->  Index Scan using sbtest7_pkey on sbtest7  (cost=0.43..8.45 rows=1 width=490)
	        Index Cond: (id = 4208594)

table 8 : explain UPDATE sbtest8 SET c='foobar' WHERE id=2952819
	Update on sbtest8  (cost=0.43..8.45 rows=0 width=0)
	  ->  Index Scan using sbtest8_pkey on sbtest8  (cost=0.43..8.45 rows=1 width=490)
	        Index Cond: (id = 2952819)

for inserts
table 1 : explain INSERT INTO sbtest1 (id, k, c, pad) VALUES (9841338, 13, 'foobar', 'foobar')
	Insert on sbtest1  (cost=0.00..0.01 rows=0 width=0)
	  ->  Result  (cost=0.00..0.01 rows=1 width=736)

table 2 : explain INSERT INTO sbtest2 (id, k, c, pad) VALUES (6991191, 13, 'foobar', 'foobar')
	Insert on sbtest2  (cost=0.00..0.01 rows=0 width=0)
	  ->  Result  (cost=0.00..0.01 rows=1 width=736)

table 3 : explain INSERT INTO sbtest3 (id, k, c, pad) VALUES (118134, 13, 'foobar', 'foobar')
	Insert on sbtest3  (cost=0.00..0.01 rows=0 width=0)
	  ->  Result  (cost=0.00..0.01 rows=1 width=736)

table 4 : explain INSERT INTO sbtest4 (id, k, c, pad) VALUES (5645603, 13, 'foobar', 'foobar')
	Insert on sbtest4  (cost=0.00..0.01 rows=0 width=0)
	  ->  Result  (cost=0.00..0.01 rows=1 width=736)

table 5 : explain INSERT INTO sbtest5 (id, k, c, pad) VALUES (1730718, 13, 'foobar', 'foobar')
	Insert on sbtest5  (cost=0.00..0.01 rows=0 width=0)
	  ->  Result  (cost=0.00..0.01 rows=1 width=736)

table 6 : explain INSERT INTO sbtest6 (id, k, c, pad) VALUES (7622930, 13, 'foobar', 'foobar')
	Insert on sbtest6  (cost=0.00..0.01 rows=0 width=0)
	  ->  Result  (cost=0.00..0.01 rows=1 width=736)

table 7 : explain INSERT INTO sbtest7 (id, k, c, pad) VALUES (6919642, 13, 'foobar', 'foobar')
	Insert on sbtest7  (cost=0.00..0.01 rows=0 width=0)
	  ->  Result  (cost=0.00..0.01 rows=1 width=736)

table 8 : explain INSERT INTO sbtest8 (id, k, c, pad) VALUES (9893336, 13, 'foobar', 'foobar')
	Insert on sbtest8  (cost=0.00..0.01 rows=0 width=0)
	  ->  Result  (cost=0.00..0.01 rows=1 width=736)

explain: for non_index_updates :: explain UPDATE sbtest%u SET c='foobar' WHERE id=%u
for: sum_ranges
table 1 : explain SELECT SUM(k) FROM sbtest1 WHERE id BETWEEN 9902145 AND 9902244
	Aggregate  (cost=436.11..436.12 rows=1 width=8)
	  ->  Index Scan using sbtest1_pkey on sbtest1  (cost=0.43..435.83 rows=112 width=4)
	        Index Cond: ((id >= 9902145) AND (id <= 9902244))

table 2 : explain SELECT SUM(k) FROM sbtest2 WHERE id BETWEEN 3992773 AND 3992872
	Aggregate  (cost=399.63..399.64 rows=1 width=8)
	  ->  Index Scan using sbtest2_pkey on sbtest2  (cost=0.43..399.37 rows=103 width=4)
	        Index Cond: ((id >= 3992773) AND (id <= 3992872))

table 3 : explain SELECT SUM(k) FROM sbtest3 WHERE id BETWEEN 2659613 AND 2659712
	Aggregate  (cost=429.36..429.37 rows=1 width=8)
	  ->  Index Scan using sbtest3_pkey on sbtest3  (cost=0.43..429.08 rows=110 width=4)
	        Index Cond: ((id >= 2659613) AND (id <= 2659712))

table 4 : explain SELECT SUM(k) FROM sbtest4 WHERE id BETWEEN 7558883 AND 7558982
	Aggregate  (cost=379.67..379.68 rows=1 width=8)
	  ->  Index Scan using sbtest4_pkey on sbtest4  (cost=0.43..379.43 rows=97 width=4)
	        Index Cond: ((id >= 7558883) AND (id <= 7558982))

table 5 : explain SELECT SUM(k) FROM sbtest5 WHERE id BETWEEN 9917951 AND 9918050
	Aggregate  (cost=379.79..379.80 rows=1 width=8)
	  ->  Index Scan using sbtest5_pkey on sbtest5  (cost=0.43..379.55 rows=98 width=4)
	        Index Cond: ((id >= 9917951) AND (id <= 9918050))

table 6 : explain SELECT SUM(k) FROM sbtest6 WHERE id BETWEEN 8410133 AND 8410232
	Aggregate  (cost=364.55..364.56 rows=1 width=8)
	  ->  Index Scan using sbtest6_pkey on sbtest6  (cost=0.43..364.32 rows=94 width=4)
	        Index Cond: ((id >= 8410133) AND (id <= 8410232))

table 7 : explain SELECT SUM(k) FROM sbtest7 WHERE id BETWEEN 5104332 AND 5104431
	Aggregate  (cost=418.50..418.51 rows=1 width=8)
	  ->  Index Scan using sbtest7_pkey on sbtest7  (cost=0.43..418.23 rows=108 width=4)
	        Index Cond: ((id >= 5104332) AND (id <= 5104431))

table 8 : explain SELECT SUM(k) FROM sbtest8 WHERE id BETWEEN 732642 AND 732741
	Aggregate  (cost=396.56..396.57 rows=1 width=8)
	  ->  Index Scan using sbtest8_pkey on sbtest8  (cost=0.43..396.30 rows=102 width=4)
	        Index Cond: ((id >= 732642) AND (id <= 732741))

for point_selects
table 1 : explain SELECT c FROM sbtest1 WHERE id=7800594
	Index Scan using sbtest1_pkey on sbtest1  (cost=0.43..8.45 rows=1 width=121)
	  Index Cond: (id = 7800594)

table 2 : explain SELECT c FROM sbtest2 WHERE id=1882907
	Index Scan using sbtest2_pkey on sbtest2  (cost=0.43..8.45 rows=1 width=121)
	  Index Cond: (id = 1882907)

table 3 : explain SELECT c FROM sbtest3 WHERE id=2691627
	Index Scan using sbtest3_pkey on sbtest3  (cost=0.43..8.45 rows=1 width=121)
	  Index Cond: (id = 2691627)

table 4 : explain SELECT c FROM sbtest4 WHERE id=2991959
	Index Scan using sbtest4_pkey on sbtest4  (cost=0.43..8.45 rows=1 width=121)
	  Index Cond: (id = 2991959)

table 5 : explain SELECT c FROM sbtest5 WHERE id=3379367
	Index Scan using sbtest5_pkey on sbtest5  (cost=0.43..8.45 rows=1 width=121)
	  Index Cond: (id = 3379367)

table 6 : explain SELECT c FROM sbtest6 WHERE id=4423440
	Index Scan using sbtest6_pkey on sbtest6  (cost=0.43..8.45 rows=1 width=121)
	  Index Cond: (id = 4423440)

table 7 : explain SELECT c FROM sbtest7 WHERE id=7582717
	Index Scan using sbtest7_pkey on sbtest7  (cost=0.43..8.45 rows=1 width=121)
	  Index Cond: (id = 7582717)

table 8 : explain SELECT c FROM sbtest8 WHERE id=1458317
	Index Scan using sbtest8_pkey on sbtest8  (cost=0.43..8.45 rows=1 width=121)
	  Index Cond: (id = 1458317)

for: distinct_ranges
table 1 : explain SELECT DISTINCT c FROM sbtest1 WHERE id BETWEEN 5788439 AND 5788538 ORDER BY c
	Unique  (cost=443.54..444.10 rows=113 width=121)
	  ->  Sort  (cost=443.54..443.82 rows=113 width=121)
	        Sort Key: c
	        ->  Index Scan using sbtest1_pkey on sbtest1  (cost=0.43..439.68 rows=113 width=121)
	              Index Cond: ((id >= 5788439) AND (id <= 5788538))

table 2 : explain SELECT DISTINCT c FROM sbtest2 WHERE id BETWEEN 2868911 AND 2869010 ORDER BY c
	Unique  (cost=422.17..422.71 rows=108 width=121)
	  ->  Sort  (cost=422.17..422.44 rows=108 width=121)
	        Sort Key: c
	        ->  Index Scan using sbtest2_pkey on sbtest2  (cost=0.43..418.53 rows=108 width=121)
	              Index Cond: ((id >= 2868911) AND (id <= 2869010))

table 3 : explain SELECT DISTINCT c FROM sbtest3 WHERE id BETWEEN 2913664 AND 2913763 ORDER BY c
	Unique  (cost=362.60..363.06 rows=92 width=121)
	  ->  Sort  (cost=362.60..362.83 rows=92 width=121)
	        Sort Key: c
	        ->  Index Scan using sbtest3_pkey on sbtest3  (cost=0.43..359.60 rows=92 width=121)
	              Index Cond: ((id >= 2913664) AND (id <= 2913763))

table 4 : explain SELECT DISTINCT c FROM sbtest4 WHERE id BETWEEN 3411374 AND 3411473 ORDER BY c
	Unique  (cost=370.92..371.39 rows=94 width=121)
	  ->  Sort  (cost=370.92..371.15 rows=94 width=121)
	        Sort Key: c
	        ->  Index Scan using sbtest4_pkey on sbtest4  (cost=0.43..367.84 rows=94 width=121)
	              Index Cond: ((id >= 3411374) AND (id <= 3411473))

table 5 : explain SELECT DISTINCT c FROM sbtest5 WHERE id BETWEEN 5673247 AND 5673346 ORDER BY c
	Unique  (cost=406.03..406.55 rows=104 width=121)
	  ->  Sort  (cost=406.03..406.29 rows=104 width=121)
	        Sort Key: c
	        ->  Index Scan using sbtest5_pkey on sbtest5  (cost=0.43..402.55 rows=104 width=121)
	              Index Cond: ((id >= 5673247) AND (id <= 5673346))

table 6 : explain SELECT DISTINCT c FROM sbtest6 WHERE id BETWEEN 5525172 AND 5525271 ORDER BY c
	Unique  (cost=406.10..406.62 rows=104 width=121)
	  ->  Sort  (cost=406.10..406.36 rows=104 width=121)
	        Sort Key: c
	        ->  Index Scan using sbtest6_pkey on sbtest6  (cost=0.43..402.62 rows=104 width=121)
	              Index Cond: ((id >= 5525172) AND (id <= 5525271))

table 7 : explain SELECT DISTINCT c FROM sbtest7 WHERE id BETWEEN 6865115 AND 6865214 ORDER BY c
	Unique  (cost=418.01..418.54 rows=107 width=121)
	  ->  Sort  (cost=418.01..418.27 rows=107 width=121)
	        Sort Key: c
	        ->  Index Scan using sbtest7_pkey on sbtest7  (cost=0.43..414.40 rows=107 width=121)
	              Index Cond: ((id >= 6865115) AND (id <= 6865214))

table 8 : explain SELECT DISTINCT c FROM sbtest8 WHERE id BETWEEN 7181829 AND 7181928 ORDER BY c
	Unique  (cost=411.34..411.87 rows=105 width=121)
	  ->  Sort  (cost=411.34..411.60 rows=105 width=121)
	        Sort Key: c
	        ->  Index Scan using sbtest8_pkey on sbtest8  (cost=0.43..407.82 rows=105 width=121)
	              Index Cond: ((id >= 7181829) AND (id <= 7181928))

for: sum_ranges
table 1 : explain SELECT SUM(k) FROM sbtest1 WHERE id BETWEEN 9105409 AND 9105508
	Aggregate  (cost=382.15..382.16 rows=1 width=8)
	  ->  Index Scan using sbtest1_pkey on sbtest1  (cost=0.43..381.90 rows=98 width=4)
	        Index Cond: ((id >= 9105409) AND (id <= 9105508))

table 2 : explain SELECT SUM(k) FROM sbtest2 WHERE id BETWEEN 1232996 AND 1233095
	Aggregate  (cost=388.13..388.14 rows=1 width=8)
	  ->  Index Scan using sbtest2_pkey on sbtest2  (cost=0.43..387.88 rows=100 width=4)
	        Index Cond: ((id >= 1232996) AND (id <= 1233095))

table 3 : explain SELECT SUM(k) FROM sbtest3 WHERE id BETWEEN 7346769 AND 7346868
	Aggregate  (cost=410.06..410.07 rows=1 width=8)
	  ->  Index Scan using sbtest3_pkey on sbtest3  (cost=0.43..409.79 rows=105 width=4)
	        Index Cond: ((id >= 7346769) AND (id <= 7346868))

table 4 : explain SELECT SUM(k) FROM sbtest4 WHERE id BETWEEN 2672027 AND 2672126
	Aggregate  (cost=410.64..410.65 rows=1 width=8)
	  ->  Index Scan using sbtest4_pkey on sbtest4  (cost=0.43..410.37 rows=105 width=4)
	        Index Cond: ((id >= 2672027) AND (id <= 2672126))

table 5 : explain SELECT SUM(k) FROM sbtest5 WHERE id BETWEEN 5555124 AND 5555223
	Aggregate  (cost=410.46..410.47 rows=1 width=8)
	  ->  Index Scan using sbtest5_pkey on sbtest5  (cost=0.43..410.20 rows=106 width=4)
	        Index Cond: ((id >= 5555124) AND (id <= 5555223))

table 6 : explain SELECT SUM(k) FROM sbtest6 WHERE id BETWEEN 3307403 AND 3307502
	Aggregate  (cost=356.90..356.91 rows=1 width=8)
	  ->  Index Scan using sbtest6_pkey on sbtest6  (cost=0.43..356.67 rows=92 width=4)
	        Index Cond: ((id >= 3307403) AND (id <= 3307502))

table 7 : explain SELECT SUM(k) FROM sbtest7 WHERE id BETWEEN 7072042 AND 7072141
	Aggregate  (cost=376.31..376.32 rows=1 width=8)
	  ->  Index Scan using sbtest7_pkey on sbtest7  (cost=0.43..376.07 rows=97 width=4)
	        Index Cond: ((id >= 7072042) AND (id <= 7072141))

table 8 : explain SELECT SUM(k) FROM sbtest8 WHERE id BETWEEN 3099022 AND 3099121
	Aggregate  (cost=419.60..419.61 rows=1 width=8)
	  ->  Index Scan using sbtest8_pkey on sbtest8  (cost=0.43..419.33 rows=108 width=4)
	        Index Cond: ((id >= 3099022) AND (id <= 3099121))

explain: for deletes :: explain DELETE FROM sbtest%u WHERE id=%u
for inserts
table 1 : explain INSERT INTO sbtest1 (id, k, c, pad) VALUES (790958, 13, 'foobar', 'foobar')
	Insert on sbtest1  (cost=0.00..0.01 rows=0 width=0)
	  ->  Result  (cost=0.00..0.01 rows=1 width=736)

table 2 : explain INSERT INTO sbtest2 (id, k, c, pad) VALUES (2243661, 13, 'foobar', 'foobar')
	Insert on sbtest2  (cost=0.00..0.01 rows=0 width=0)
	  ->  Result  (cost=0.00..0.01 rows=1 width=736)

table 3 : explain INSERT INTO sbtest3 (id, k, c, pad) VALUES (4421533, 13, 'foobar', 'foobar')
	Insert on sbtest3  (cost=0.00..0.01 rows=0 width=0)
	  ->  Result  (cost=0.00..0.01 rows=1 width=736)

table 4 : explain INSERT INTO sbtest4 (id, k, c, pad) VALUES (1743946, 13, 'foobar', 'foobar')
	Insert on sbtest4  (cost=0.00..0.01 rows=0 width=0)
	  ->  Result  (cost=0.00..0.01 rows=1 width=736)

table 5 : explain INSERT INTO sbtest5 (id, k, c, pad) VALUES (4392226, 13, 'foobar', 'foobar')
	Insert on sbtest5  (cost=0.00..0.01 rows=0 width=0)
	  ->  Result  (cost=0.00..0.01 rows=1 width=736)

table 6 : explain INSERT INTO sbtest6 (id, k, c, pad) VALUES (7914164, 13, 'foobar', 'foobar')
	Insert on sbtest6  (cost=0.00..0.01 rows=0 width=0)
	  ->  Result  (cost=0.00..0.01 rows=1 width=736)

table 7 : explain INSERT INTO sbtest7 (id, k, c, pad) VALUES (1913089, 13, 'foobar', 'foobar')
	Insert on sbtest7  (cost=0.00..0.01 rows=0 width=0)
	  ->  Result  (cost=0.00..0.01 rows=1 width=736)

table 8 : explain INSERT INTO sbtest8 (id, k, c, pad) VALUES (1205261, 13, 'foobar', 'foobar')
	Insert on sbtest8  (cost=0.00..0.01 rows=0 width=0)
	  ->  Result  (cost=0.00..0.01 rows=1 width=736)

for non_index_updates
table 1 : explain UPDATE sbtest1 SET c='foobar' WHERE id=3460179
	Update on sbtest1  (cost=0.43..8.45 rows=0 width=0)
	  ->  Index Scan using sbtest1_pkey on sbtest1  (cost=0.43..8.45 rows=1 width=490)
	        Index Cond: (id = 3460179)

table 2 : explain UPDATE sbtest2 SET c='foobar' WHERE id=7755091
	Update on sbtest2  (cost=0.43..8.45 rows=0 width=0)
	  ->  Index Scan using sbtest2_pkey on sbtest2  (cost=0.43..8.45 rows=1 width=490)
	        Index Cond: (id = 7755091)

table 3 : explain UPDATE sbtest3 SET c='foobar' WHERE id=2480299
	Update on sbtest3  (cost=0.43..8.45 rows=0 width=0)
	  ->  Index Scan using sbtest3_pkey on sbtest3  (cost=0.43..8.45 rows=1 width=490)
	        Index Cond: (id = 2480299)

table 4 : explain UPDATE sbtest4 SET c='foobar' WHERE id=2498142
	Update on sbtest4  (cost=0.43..8.45 rows=0 width=0)
	  ->  Index Scan using sbtest4_pkey on sbtest4  (cost=0.43..8.45 rows=1 width=490)
	        Index Cond: (id = 2498142)

table 5 : explain UPDATE sbtest5 SET c='foobar' WHERE id=7811060
	Update on sbtest5  (cost=0.43..8.45 rows=0 width=0)
	  ->  Index Scan using sbtest5_pkey on sbtest5  (cost=0.43..8.45 rows=1 width=490)
	        Index Cond: (id = 7811060)

table 6 : explain UPDATE sbtest6 SET c='foobar' WHERE id=9037507
	Update on sbtest6  (cost=0.43..8.45 rows=0 width=0)
	  ->  Index Scan using sbtest6_pkey on sbtest6  (cost=0.43..8.45 rows=1 width=490)
	        Index Cond: (id = 9037507)

table 7 : explain UPDATE sbtest7 SET c='foobar' WHERE id=6065837
	Update on sbtest7  (cost=0.43..8.45 rows=0 width=0)
	  ->  Index Scan using sbtest7_pkey on sbtest7  (cost=0.43..8.45 rows=1 width=490)
	        Index Cond: (id = 6065837)

table 8 : explain UPDATE sbtest8 SET c='foobar' WHERE id=8702044
	Update on sbtest8  (cost=0.43..8.45 rows=0 width=0)
	  ->  Index Scan using sbtest8_pkey on sbtest8  (cost=0.43..8.45 rows=1 width=490)
	        Index Cond: (id = 8702044)

explain: for deletes :: explain DELETE FROM sbtest%u WHERE id=%u
explain: for index_updates :: explain UPDATE sbtest%u SET k=k+1 WHERE id=%u
for: simple_ranges
table 1 : explain SELECT c FROM sbtest1 WHERE id BETWEEN 4434733 AND 4434832
	Index Scan using sbtest1_pkey on sbtest1  (cost=0.43..366.51 rows=94 width=121)
	  Index Cond: ((id >= 4434733) AND (id <= 4434832))

table 2 : explain SELECT c FROM sbtest2 WHERE id BETWEEN 3019190 AND 3019289
	Index Scan using sbtest2_pkey on sbtest2  (cost=0.43..391.71 rows=101 width=121)
	  Index Cond: ((id >= 3019190) AND (id <= 3019289))

table 3 : explain SELECT c FROM sbtest3 WHERE id BETWEEN 9752742 AND 9752841
	Index Scan using sbtest3_pkey on sbtest3  (cost=0.43..405.94 rows=104 width=121)
	  Index Cond: ((id >= 9752742) AND (id <= 9752841))

table 4 : explain SELECT c FROM sbtest4 WHERE id BETWEEN 5428232 AND 5428331
	Index Scan using sbtest4_pkey on sbtest4  (cost=0.43..402.65 rows=103 width=121)
	  Index Cond: ((id >= 5428232) AND (id <= 5428331))

table 5 : explain SELECT c FROM sbtest5 WHERE id BETWEEN 4008889 AND 4008988
	Index Scan using sbtest5_pkey on sbtest5  (cost=0.43..383.42 rows=99 width=121)
	  Index Cond: ((id >= 4008889) AND (id <= 4008988))

table 6 : explain SELECT c FROM sbtest6 WHERE id BETWEEN 669384 AND 669483
	Index Scan using sbtest6_pkey on sbtest6  (cost=0.43..394.97 rows=102 width=121)
	  Index Cond: ((id >= 669384) AND (id <= 669483))

table 7 : explain SELECT c FROM sbtest7 WHERE id BETWEEN 779848 AND 779947
	Index Scan using sbtest7_pkey on sbtest7  (cost=0.43..368.41 rows=95 width=121)
	  Index Cond: ((id >= 779848) AND (id <= 779947))

table 8 : explain SELECT c FROM sbtest8 WHERE id BETWEEN 8002259 AND 8002358
	Index Scan using sbtest8_pkey on sbtest8  (cost=0.43..377.06 rows=97 width=121)
	  Index Cond: ((id >= 8002259) AND (id <= 8002358))

for: simple_ranges
table 1 : explain SELECT c FROM sbtest1 WHERE id BETWEEN 9379689 AND 9379788
	Index Scan using sbtest1_pkey on sbtest1  (cost=0.43..393.49 rows=101 width=121)
	  Index Cond: ((id >= 9379689) AND (id <= 9379788))

table 2 : explain SELECT c FROM sbtest2 WHERE id BETWEEN 3654392 AND 3654491
	Index Scan using sbtest2_pkey on sbtest2  (cost=0.43..349.52 rows=90 width=121)
	  Index Cond: ((id >= 3654392) AND (id <= 3654491))

table 3 : explain SELECT c FROM sbtest3 WHERE id BETWEEN 1819743 AND 1819842
	Index Scan using sbtest3_pkey on sbtest3  (cost=0.43..402.08 rows=103 width=121)
	  Index Cond: ((id >= 1819743) AND (id <= 1819842))

table 4 : explain SELECT c FROM sbtest4 WHERE id BETWEEN 3584803 AND 3584902
	Index Scan using sbtest4_pkey on sbtest4  (cost=0.43..375.56 rows=96 width=121)
	  Index Cond: ((id >= 3584803) AND (id <= 3584902))

table 5 : explain SELECT c FROM sbtest5 WHERE id BETWEEN 5715150 AND 5715249
	Index Scan using sbtest5_pkey on sbtest5  (cost=0.43..402.55 rows=104 width=121)
	  Index Cond: ((id >= 5715150) AND (id <= 5715249))

table 6 : explain SELECT c FROM sbtest6 WHERE id BETWEEN 4034931 AND 4035030
	Index Scan using sbtest6_pkey on sbtest6  (cost=0.43..391.14 rows=101 width=121)
	  Index Cond: ((id >= 4034931) AND (id <= 4035030))

table 7 : explain SELECT c FROM sbtest7 WHERE id BETWEEN 5431417 AND 5431516
	Index Scan using sbtest7_pkey on sbtest7  (cost=0.43..433.54 rows=112 width=121)
	  Index Cond: ((id >= 5431417) AND (id <= 5431516))

table 8 : explain SELECT c FROM sbtest8 WHERE id BETWEEN 7170539 AND 7170638
	Index Scan using sbtest8_pkey on sbtest8  (cost=0.43..407.82 rows=105 width=121)
	  Index Cond: ((id >= 7170539) AND (id <= 7170638))

for: order_ranges
table 1 : explain SELECT c FROM sbtest1 WHERE id BETWEEN 2784632 AND 2784731 ORDER BY c
	Sort  (cost=389.03..389.28 rows=99 width=121)
	  Sort Key: c
	  ->  Index Scan using sbtest1_pkey on sbtest1  (cost=0.43..385.75 rows=99 width=121)
	        Index Cond: ((id >= 2784632) AND (id <= 2784731))

table 2 : explain SELECT c FROM sbtest2 WHERE id BETWEEN 2856076 AND 2856175 ORDER BY c
	Sort  (cost=422.17..422.44 rows=108 width=121)
	  Sort Key: c
	  ->  Index Scan using sbtest2_pkey on sbtest2  (cost=0.43..418.53 rows=108 width=121)
	        Index Cond: ((id >= 2856076) AND (id <= 2856175))

table 3 : explain SELECT c FROM sbtest3 WHERE id BETWEEN 2687363 AND 2687462 ORDER BY c
	Sort  (cost=401.62..401.88 rows=102 width=121)
	  Sort Key: c
	  ->  Index Scan using sbtest3_pkey on sbtest3  (cost=0.43..398.22 rows=102 width=121)
	        Index Cond: ((id >= 2687363) AND (id <= 2687462))

table 4 : explain SELECT c FROM sbtest4 WHERE id BETWEEN 5766700 AND 5766799 ORDER BY c
	Sort  (cost=421.71..421.97 rows=107 width=121)
	  Sort Key: c
	  ->  Index Scan using sbtest4_pkey on sbtest4  (cost=0.43..418.10 rows=107 width=121)
	        Index Cond: ((id >= 5766700) AND (id <= 5766799))

table 5 : explain SELECT c FROM sbtest5 WHERE id BETWEEN 4786778 AND 4786877 ORDER BY c
	Sort  (cost=398.30..398.56 rows=102 width=121)
	  Sort Key: c
	  ->  Index Scan using sbtest5_pkey on sbtest5  (cost=0.43..394.90 rows=102 width=121)
	        Index Cond: ((id >= 4786778) AND (id <= 4786877))

table 6 : explain SELECT c FROM sbtest6 WHERE id BETWEEN 7300977 AND 7301076 ORDER BY c
	Sort  (cost=367.40..367.63 rows=94 width=121)
	  Sort Key: c
	  ->  Index Scan using sbtest6_pkey on sbtest6  (cost=0.43..364.32 rows=94 width=121)
	        Index Cond: ((id >= 7300977) AND (id <= 7301076))

table 7 : explain SELECT c FROM sbtest7 WHERE id BETWEEN 6595798 AND 6595897 ORDER BY c
	Sort  (cost=414.14..414.40 rows=106 width=121)
	  Sort Key: c
	  ->  Index Scan using sbtest7_pkey on sbtest7  (cost=0.43..410.57 rows=106 width=121)
	        Index Cond: ((id >= 6595798) AND (id <= 6595897))

table 8 : explain SELECT c FROM sbtest8 WHERE id BETWEEN 8636537 AND 8636636 ORDER BY c
	Sort  (cost=399.70..399.96 rows=102 width=121)
	  Sort Key: c
	  ->  Index Scan using sbtest8_pkey on sbtest8  (cost=0.43..396.30 rows=102 width=121)
	        Index Cond: ((id >= 8636537) AND (id <= 8636636))

for: order_ranges
table 1 : explain SELECT c FROM sbtest1 WHERE id BETWEEN 679101 AND 679200 ORDER BY c
	Sort  (cost=369.59..369.82 rows=94 width=121)
	  Sort Key: c
	  ->  Index Scan using sbtest1_pkey on sbtest1  (cost=0.43..366.51 rows=94 width=121)
	        Index Cond: ((id >= 679101) AND (id <= 679200))

table 2 : explain SELECT c FROM sbtest2 WHERE id BETWEEN 4008221 AND 4008320 ORDER BY c
	Sort  (cost=398.94..399.20 rows=102 width=121)
	  Sort Key: c
	  ->  Index Scan using sbtest2_pkey on sbtest2  (cost=0.43..395.54 rows=102 width=121)
	        Index Cond: ((id >= 4008221) AND (id <= 4008320))

table 3 : explain SELECT c FROM sbtest3 WHERE id BETWEEN 2086868 AND 2086967 ORDER BY c
	Sort  (cost=374.30..374.53 rows=95 width=121)
	  Sort Key: c
	  ->  Index Scan using sbtest3_pkey on sbtest3  (cost=0.43..371.18 rows=95 width=121)
	        Index Cond: ((id >= 2086868) AND (id <= 2086967))

table 4 : explain SELECT c FROM sbtest4 WHERE id BETWEEN 819032 AND 819131 ORDER BY c
	Sort  (cost=398.28..398.53 rows=101 width=121)
	  Sort Key: c
	  ->  Index Scan using sbtest4_pkey on sbtest4  (cost=0.43..394.92 rows=101 width=121)
	        Index Cond: ((id >= 819032) AND (id <= 819131))

table 5 : explain SELECT c FROM sbtest5 WHERE id BETWEEN 4457188 AND 4457287 ORDER BY c
	Sort  (cost=402.17..402.42 rows=103 width=121)
	  Sort Key: c
	  ->  Index Scan using sbtest5_pkey on sbtest5  (cost=0.43..398.72 rows=103 width=121)
	        Index Cond: ((id >= 4457188) AND (id <= 4457287))

table 6 : explain SELECT c FROM sbtest6 WHERE id BETWEEN 2965164 AND 2965263 ORDER BY c
	Sort  (cost=402.24..402.50 rows=103 width=121)
	  Sort Key: c
	  ->  Index Scan using sbtest6_pkey on sbtest6  (cost=0.43..398.80 rows=103 width=121)
	        Index Cond: ((id >= 2965164) AND (id <= 2965263))

table 7 : explain SELECT c FROM sbtest7 WHERE id BETWEEN 2390374 AND 2390473 ORDER BY c
	Sort  (cost=348.32..348.55 rows=89 width=121)
	  Sort Key: c
	  ->  Index Scan using sbtest7_pkey on sbtest7  (cost=0.43..345.44 rows=89 width=121)
	        Index Cond: ((id >= 2390374) AND (id <= 2390473))

table 8 : explain SELECT c FROM sbtest8 WHERE id BETWEEN 7129399 AND 7129498 ORDER BY c
	Sort  (cost=411.34..411.60 rows=105 width=121)
	  Sort Key: c
	  ->  Index Scan using sbtest8_pkey on sbtest8  (cost=0.43..407.82 rows=105 width=121)
	        Index Cond: ((id >= 7129399) AND (id <= 7129498))

for deletes
table 1 : explain DELETE FROM sbtest1 WHERE id=1902625
	Delete on sbtest1  (cost=0.43..8.45 rows=0 width=0)
	  ->  Index Scan using sbtest1_pkey on sbtest1  (cost=0.43..8.45 rows=1 width=6)
	        Index Cond: (id = 1902625)

table 2 : explain DELETE FROM sbtest2 WHERE id=3980933
	Delete on sbtest2  (cost=0.43..8.45 rows=0 width=0)
	  ->  Index Scan using sbtest2_pkey on sbtest2  (cost=0.43..8.45 rows=1 width=6)
	        Index Cond: (id = 3980933)

table 3 : explain DELETE FROM sbtest3 WHERE id=771743
	Delete on sbtest3  (cost=0.43..8.45 rows=0 width=0)
	  ->  Index Scan using sbtest3_pkey on sbtest3  (cost=0.43..8.45 rows=1 width=6)
	        Index Cond: (id = 771743)

table 4 : explain DELETE FROM sbtest4 WHERE id=8313373
	Delete on sbtest4  (cost=0.43..8.45 rows=0 width=0)
	  ->  Index Scan using sbtest4_pkey on sbtest4  (cost=0.43..8.45 rows=1 width=6)
	        Index Cond: (id = 8313373)

table 5 : explain DELETE FROM sbtest5 WHERE id=9804349
	Delete on sbtest5  (cost=0.43..8.45 rows=0 width=0)
	  ->  Index Scan using sbtest5_pkey on sbtest5  (cost=0.43..8.45 rows=1 width=6)
	        Index Cond: (id = 9804349)

table 6 : explain DELETE FROM sbtest6 WHERE id=5824866
	Delete on sbtest6  (cost=0.43..8.45 rows=0 width=0)
	  ->  Index Scan using sbtest6_pkey on sbtest6  (cost=0.43..8.45 rows=1 width=6)
	        Index Cond: (id = 5824866)

table 7 : explain DELETE FROM sbtest7 WHERE id=4338807
	Delete on sbtest7  (cost=0.43..8.45 rows=0 width=0)
	  ->  Index Scan using sbtest7_pkey on sbtest7  (cost=0.43..8.45 rows=1 width=6)
	        Index Cond: (id = 4338807)

table 8 : explain DELETE FROM sbtest8 WHERE id=7205559
	Delete on sbtest8  (cost=0.43..8.45 rows=0 width=0)
	  ->  Index Scan using sbtest8_pkey on sbtest8  (cost=0.43..8.45 rows=1 width=6)
	        Index Cond: (id = 7205559)

for deletes
table 1 : explain DELETE FROM sbtest1 WHERE id=3243721
	Delete on sbtest1  (cost=0.43..8.45 rows=0 width=0)
	  ->  Index Scan using sbtest1_pkey on sbtest1  (cost=0.43..8.45 rows=1 width=6)
	        Index Cond: (id = 3243721)

table 2 : explain DELETE FROM sbtest2 WHERE id=6334179
	Delete on sbtest2  (cost=0.43..8.45 rows=0 width=0)
	  ->  Index Scan using sbtest2_pkey on sbtest2  (cost=0.43..8.45 rows=1 width=6)
	        Index Cond: (id = 6334179)

table 3 : explain DELETE FROM sbtest3 WHERE id=2289973
	Delete on sbtest3  (cost=0.43..8.45 rows=0 width=0)
	  ->  Index Scan using sbtest3_pkey on sbtest3  (cost=0.43..8.45 rows=1 width=6)
	        Index Cond: (id = 2289973)

table 4 : explain DELETE FROM sbtest4 WHERE id=2705357
	Delete on sbtest4  (cost=0.43..8.45 rows=0 width=0)
	  ->  Index Scan using sbtest4_pkey on sbtest4  (cost=0.43..8.45 rows=1 width=6)
	        Index Cond: (id = 2705357)

table 5 : explain DELETE FROM sbtest5 WHERE id=1332240
	Delete on sbtest5  (cost=0.43..8.45 rows=0 width=0)
	  ->  Index Scan using sbtest5_pkey on sbtest5  (cost=0.43..8.45 rows=1 width=6)
	        Index Cond: (id = 1332240)

table 6 : explain DELETE FROM sbtest6 WHERE id=4914132
	Delete on sbtest6  (cost=0.43..8.45 rows=0 width=0)
	  ->  Index Scan using sbtest6_pkey on sbtest6  (cost=0.43..8.45 rows=1 width=6)
	        Index Cond: (id = 4914132)

table 7 : explain DELETE FROM sbtest7 WHERE id=6956710
	Delete on sbtest7  (cost=0.43..8.45 rows=0 width=0)
	  ->  Index Scan using sbtest7_pkey on sbtest7  (cost=0.43..8.45 rows=1 width=6)
	        Index Cond: (id = 6956710)

table 8 : explain DELETE FROM sbtest8 WHERE id=4149725
	Delete on sbtest8  (cost=0.43..8.45 rows=0 width=0)
	  ->  Index Scan using sbtest8_pkey on sbtest8  (cost=0.43..8.45 rows=1 width=6)
	        Index Cond: (id = 4149725)

explain: for inserts :: explain INSERT INTO sbtest%u (id, k, c, pad) VALUES (%u, 13, 'foobar', 'foobar')
explain: for inserts :: explain INSERT INTO sbtest%u (id, k, c, pad) VALUES (%u, 13, 'foobar', 'foobar')
for: sum_ranges
table 1 : explain SELECT SUM(k) FROM sbtest1 WHERE id BETWEEN 5170953 AND 5171052
	Aggregate  (cost=393.75..393.76 rows=1 width=8)
	  ->  Index Scan using sbtest1_pkey on sbtest1  (cost=0.43..393.49 rows=101 width=4)
	        Index Cond: ((id >= 5170953) AND (id <= 5171052))

table 2 : explain SELECT SUM(k) FROM sbtest2 WHERE id BETWEEN 4314465 AND 4314564
	Aggregate  (cost=357.41..357.42 rows=1 width=8)
	  ->  Index Scan using sbtest2_pkey on sbtest2  (cost=0.43..357.18 rows=92 width=4)
	        Index Cond: ((id >= 4314465) AND (id <= 4314564))

table 3 : explain SELECT SUM(k) FROM sbtest3 WHERE id BETWEEN 5425846 AND 5425945
	Aggregate  (cost=413.92..413.93 rows=1 width=8)
	  ->  Index Scan using sbtest3_pkey on sbtest3  (cost=0.43..413.65 rows=106 width=4)
	        Index Cond: ((id >= 5425846) AND (id <= 5425945))

table 4 : explain SELECT SUM(k) FROM sbtest4 WHERE id BETWEEN 9433817 AND 9433916
	Aggregate  (cost=379.67..379.68 rows=1 width=8)
	  ->  Index Scan using sbtest4_pkey on sbtest4  (cost=0.43..379.43 rows=97 width=4)
	        Index Cond: ((id >= 9433817) AND (id <= 9433916))

table 5 : explain SELECT SUM(k) FROM sbtest5 WHERE id BETWEEN 1281498 AND 1281597
	Aggregate  (cost=391.33..391.34 rows=1 width=8)
	  ->  Index Scan using sbtest5_pkey on sbtest5  (cost=0.43..391.07 rows=101 width=4)
	        Index Cond: ((id >= 1281498) AND (id <= 1281597))

table 6 : explain SELECT SUM(k) FROM sbtest6 WHERE id BETWEEN 8988331 AND 8988430
	Aggregate  (cost=406.71..406.72 rows=1 width=8)
	  ->  Index Scan using sbtest6_pkey on sbtest6  (cost=0.43..406.45 rows=105 width=4)
	        Index Cond: ((id >= 8988331) AND (id <= 8988430))

table 7 : explain SELECT SUM(k) FROM sbtest7 WHERE id BETWEEN 8276444 AND 8276543
	Aggregate  (cost=410.84..410.85 rows=1 width=8)
	  ->  Index Scan using sbtest7_pkey on sbtest7  (cost=0.43..410.57 rows=106 width=4)
	        Index Cond: ((id >= 8276444) AND (id <= 8276543))

table 8 : explain SELECT SUM(k) FROM sbtest8 WHERE id BETWEEN 7805168 AND 7805267
	Aggregate  (cost=392.71..392.72 rows=1 width=8)
	  ->  Index Scan using sbtest8_pkey on sbtest8  (cost=0.43..392.46 rows=101 width=4)
	        Index Cond: ((id >= 7805168) AND (id <= 7805267))

for: sum_ranges
table 1 : explain SELECT SUM(k) FROM sbtest1 WHERE id BETWEEN 5822059 AND 5822158
	Aggregate  (cost=439.96..439.97 rows=1 width=8)
	  ->  Index Scan using sbtest1_pkey on sbtest1  (cost=0.43..439.68 rows=113 width=4)
	        Index Cond: ((id >= 5822059) AND (id <= 5822158))

table 2 : explain SELECT SUM(k) FROM sbtest2 WHERE id BETWEEN 9057048 AND 9057147
	Aggregate  (cost=430.30..430.31 rows=1 width=8)
	  ->  Index Scan using sbtest2_pkey on sbtest2  (cost=0.43..430.02 rows=111 width=4)
	        Index Cond: ((id >= 9057048) AND (id <= 9057147))

table 3 : explain SELECT SUM(k) FROM sbtest3 WHERE id BETWEEN 6352939 AND 6353038
	Aggregate  (cost=406.20..406.21 rows=1 width=8)
	  ->  Index Scan using sbtest3_pkey on sbtest3  (cost=0.43..405.94 rows=104 width=4)
	        Index Cond: ((id >= 6352939) AND (id <= 6353038))

table 4 : explain SELECT SUM(k) FROM sbtest4 WHERE id BETWEEN 9402310 AND 9402409
	Aggregate  (cost=379.67..379.68 rows=1 width=8)
	  ->  Index Scan using sbtest4_pkey on sbtest4  (cost=0.43..379.43 rows=97 width=4)
	        Index Cond: ((id >= 9402310) AND (id <= 9402409))

table 5 : explain SELECT SUM(k) FROM sbtest5 WHERE id BETWEEN 3383215 AND 3383314
	Aggregate  (cost=421.94..421.95 rows=1 width=8)
	  ->  Index Scan using sbtest5_pkey on sbtest5  (cost=0.43..421.67 rows=109 width=4)
	        Index Cond: ((id >= 3383215) AND (id <= 3383314))

table 6 : explain SELECT SUM(k) FROM sbtest6 WHERE id BETWEEN 1788351 AND 1788450
	Aggregate  (cost=399.05..399.06 rows=1 width=8)
	  ->  Index Scan using sbtest6_pkey on sbtest6  (cost=0.43..398.80 rows=103 width=4)
	        Index Cond: ((id >= 1788351) AND (id <= 1788450))

table 7 : explain SELECT SUM(k) FROM sbtest7 WHERE id BETWEEN 2463082 AND 2463181
	Aggregate  (cost=383.97..383.98 rows=1 width=8)
	  ->  Index Scan using sbtest7_pkey on sbtest7  (cost=0.43..383.72 rows=99 width=4)
	        Index Cond: ((id >= 2463082) AND (id <= 2463181))

table 8 : explain SELECT SUM(k) FROM sbtest8 WHERE id BETWEEN 5343544 AND 5343643
	Aggregate  (cost=392.71..392.72 rows=1 width=8)
	  ->  Index Scan using sbtest8_pkey on sbtest8  (cost=0.43..392.46 rows=101 width=4)
	        Index Cond: ((id >= 5343544) AND (id <= 5343643))

for inserts
table 1 : explain INSERT INTO sbtest1 (id, k, c, pad) VALUES (8236075, 13, 'foobar', 'foobar')
	Insert on sbtest1  (cost=0.00..0.01 rows=0 width=0)
	  ->  Result  (cost=0.00..0.01 rows=1 width=736)

table 2 : explain INSERT INTO sbtest2 (id, k, c, pad) VALUES (7692656, 13, 'foobar', 'foobar')
	Insert on sbtest2  (cost=0.00..0.01 rows=0 width=0)
	  ->  Result  (cost=0.00..0.01 rows=1 width=736)

table 3 : explain INSERT INTO sbtest3 (id, k, c, pad) VALUES (4419352, 13, 'foobar', 'foobar')
	Insert on sbtest3  (cost=0.00..0.01 rows=0 width=0)
	  ->  Result  (cost=0.00..0.01 rows=1 width=736)

table 4 : explain INSERT INTO sbtest4 (id, k, c, pad) VALUES (5264074, 13, 'foobar', 'foobar')
	Insert on sbtest4  (cost=0.00..0.01 rows=0 width=0)
	  ->  Result  (cost=0.00..0.01 rows=1 width=736)

table 5 : explain INSERT INTO sbtest5 (id, k, c, pad) VALUES (9828750, 13, 'foobar', 'foobar')
	Insert on sbtest5  (cost=0.00..0.01 rows=0 width=0)
	  ->  Result  (cost=0.00..0.01 rows=1 width=736)

table 6 : explain INSERT INTO sbtest6 (id, k, c, pad) VALUES (7365772, 13, 'foobar', 'foobar')
	Insert on sbtest6  (cost=0.00..0.01 rows=0 width=0)
	  ->  Result  (cost=0.00..0.01 rows=1 width=736)

table 7 : explain INSERT INTO sbtest7 (id, k, c, pad) VALUES (5346422, 13, 'foobar', 'foobar')
	Insert on sbtest7  (cost=0.00..0.01 rows=0 width=0)
	  ->  Result  (cost=0.00..0.01 rows=1 width=736)

table 8 : explain INSERT INTO sbtest8 (id, k, c, pad) VALUES (944414, 13, 'foobar', 'foobar')
	Insert on sbtest8  (cost=0.00..0.01 rows=0 width=0)
	  ->  Result  (cost=0.00..0.01 rows=1 width=736)

for: distinct_ranges
table 1 : explain SELECT DISTINCT c FROM sbtest1 WHERE id BETWEEN 3418254 AND 3418353 ORDER BY c
	Unique  (cost=400.74..401.25 rows=102 width=121)
	  ->  Sort  (cost=400.74..401.00 rows=102 width=121)
	        Sort Key: c
	        ->  Index Scan using sbtest1_pkey on sbtest1  (cost=0.43..397.34 rows=102 width=121)
	              Index Cond: ((id >= 3418254) AND (id <= 3418353))

table 2 : explain SELECT DISTINCT c FROM sbtest2 WHERE id BETWEEN 6756808 AND 6756907 ORDER BY c
	Unique  (cost=383.41..383.90 rows=98 width=121)
	  ->  Sort  (cost=383.41..383.65 rows=98 width=121)
	        Sort Key: c
	        ->  Index Scan using sbtest2_pkey on sbtest2  (cost=0.43..380.17 rows=98 width=121)
	              Index Cond: ((id >= 6756808) AND (id <= 6756907))

table 3 : explain SELECT DISTINCT c FROM sbtest3 WHERE id BETWEEN 5823896 AND 5823995 ORDER BY c
	Unique  (cost=358.71..359.16 rows=91 width=121)
	  ->  Sort  (cost=358.71..358.93 rows=91 width=121)
	        Sort Key: c
	        ->  Index Scan using sbtest3_pkey on sbtest3  (cost=0.43..355.74 rows=91 width=121)
	              Index Cond: ((id >= 5823896) AND (id <= 5823995))

table 4 : explain SELECT DISTINCT c FROM sbtest4 WHERE id BETWEEN 8066914 AND 8067013 ORDER BY c
	Unique  (cost=417.80..418.33 rows=106 width=121)
	  ->  Sort  (cost=417.80..418.07 rows=106 width=121)
	        Sort Key: c
	        ->  Index Scan using sbtest4_pkey on sbtest4  (cost=0.43..414.24 rows=106 width=121)
	              Index Cond: ((id >= 8066914) AND (id <= 8067013))

table 5 : explain SELECT DISTINCT c FROM sbtest5 WHERE id BETWEEN 7893002 AND 7893101 ORDER BY c
	Unique  (cost=390.57..391.07 rows=100 width=121)
	  ->  Sort  (cost=390.57..390.82 rows=100 width=121)
	        Sort Key: c
	        ->  Index Scan using sbtest5_pkey on sbtest5  (cost=0.43..387.25 rows=100 width=121)
	              Index Cond: ((id >= 7893002) AND (id <= 7893101))

table 6 : explain SELECT DISTINCT c FROM sbtest6 WHERE id BETWEEN 8779427 AND 8779526 ORDER BY c
	Unique  (cost=351.94..352.39 rows=90 width=121)
	  ->  Sort  (cost=351.94..352.16 rows=90 width=121)
	        Sort Key: c
	        ->  Index Scan using sbtest6_pkey on sbtest6  (cost=0.43..349.02 rows=90 width=121)
	              Index Cond: ((id >= 8779427) AND (id <= 8779526))

table 7 : explain SELECT DISTINCT c FROM sbtest7 WHERE id BETWEEN 1710981 AND 1711080 ORDER BY c
	Unique  (cost=402.53..403.04 rows=103 width=121)
	  ->  Sort  (cost=402.53..402.79 rows=103 width=121)
	        Sort Key: c
	        ->  Index Scan using sbtest7_pkey on sbtest7  (cost=0.43..399.09 rows=103 width=121)
	              Index Cond: ((id >= 1710981) AND (id <= 1711080))

table 8 : explain SELECT DISTINCT c FROM sbtest8 WHERE id BETWEEN 5711329 AND 5711428 ORDER BY c
	Unique  (cost=337.60..338.03 rows=86 width=121)
	  ->  Sort  (cost=337.60..337.81 rows=86 width=121)
	        Sort Key: c
	        ->  Index Scan using sbtest8_pkey on sbtest8  (cost=0.43..334.84 rows=86 width=121)
	              Index Cond: ((id >= 5711329) AND (id <= 5711428))

for index_updates
table 1 : explain UPDATE sbtest1 SET k=k+1 WHERE id=6630912
	Update on sbtest1  (cost=0.43..8.46 rows=0 width=0)
	  ->  Index Scan using sbtest1_pkey on sbtest1  (cost=0.43..8.46 rows=1 width=10)
	        Index Cond: (id = 6630912)

table 2 : explain UPDATE sbtest2 SET k=k+1 WHERE id=2636967
	Update on sbtest2  (cost=0.43..8.46 rows=0 width=0)
	  ->  Index Scan using sbtest2_pkey on sbtest2  (cost=0.43..8.46 rows=1 width=10)
	        Index Cond: (id = 2636967)

table 3 : explain UPDATE sbtest3 SET k=k+1 WHERE id=5538542
	Update on sbtest3  (cost=0.43..8.46 rows=0 width=0)
	  ->  Index Scan using sbtest3_pkey on sbtest3  (cost=0.43..8.46 rows=1 width=10)
	        Index Cond: (id = 5538542)

table 4 : explain UPDATE sbtest4 SET k=k+1 WHERE id=3129915
	Update on sbtest4  (cost=0.43..8.46 rows=0 width=0)
	  ->  Index Scan using sbtest4_pkey on sbtest4  (cost=0.43..8.46 rows=1 width=10)
	        Index Cond: (id = 3129915)

table 5 : explain UPDATE sbtest5 SET k=k+1 WHERE id=2734021
	Update on sbtest5  (cost=0.43..8.46 rows=0 width=0)
	  ->  Index Scan using sbtest5_pkey on sbtest5  (cost=0.43..8.46 rows=1 width=10)
	        Index Cond: (id = 2734021)

table 6 : explain UPDATE sbtest6 SET k=k+1 WHERE id=2638221
	Update on sbtest6  (cost=0.43..8.46 rows=0 width=0)
	  ->  Index Scan using sbtest6_pkey on sbtest6  (cost=0.43..8.46 rows=1 width=10)
	        Index Cond: (id = 2638221)

table 7 : explain UPDATE sbtest7 SET k=k+1 WHERE id=3393928
	Update on sbtest7  (cost=0.43..8.46 rows=0 width=0)
	  ->  Index Scan using sbtest7_pkey on sbtest7  (cost=0.43..8.46 rows=1 width=10)
	        Index Cond: (id = 3393928)

table 8 : explain UPDATE sbtest8 SET k=k+1 WHERE id=9799319
	Update on sbtest8  (cost=0.43..8.46 rows=0 width=0)
	  ->  Index Scan using sbtest8_pkey on sbtest8  (cost=0.43..8.46 rows=1 width=10)
	        Index Cond: (id = 9799319)

explain: for index_updates :: explain UPDATE sbtest%u SET k=k+1 WHERE id=%u
explain: for point_selects :: explain SELECT c FROM sbtest%u WHERE id=%u
for inserts
table 1 : explain INSERT INTO sbtest1 (id, k, c, pad) VALUES (654817, 13, 'foobar', 'foobar')
	Insert on sbtest1  (cost=0.00..0.01 rows=0 width=0)
	  ->  Result  (cost=0.00..0.01 rows=1 width=736)

table 2 : explain INSERT INTO sbtest2 (id, k, c, pad) VALUES (54859, 13, 'foobar', 'foobar')
	Insert on sbtest2  (cost=0.00..0.01 rows=0 width=0)
	  ->  Result  (cost=0.00..0.01 rows=1 width=736)

table 3 : explain INSERT INTO sbtest3 (id, k, c, pad) VALUES (7074648, 13, 'foobar', 'foobar')
	Insert on sbtest3  (cost=0.00..0.01 rows=0 width=0)
	  ->  Result  (cost=0.00..0.01 rows=1 width=736)

table 4 : explain INSERT INTO sbtest4 (id, k, c, pad) VALUES (6660104, 13, 'foobar', 'foobar')
	Insert on sbtest4  (cost=0.00..0.01 rows=0 width=0)
	  ->  Result  (cost=0.00..0.01 rows=1 width=736)

table 5 : explain INSERT INTO sbtest5 (id, k, c, pad) VALUES (8660101, 13, 'foobar', 'foobar')
	Insert on sbtest5  (cost=0.00..0.01 rows=0 width=0)
	  ->  Result  (cost=0.00..0.01 rows=1 width=736)

table 6 : explain INSERT INTO sbtest6 (id, k, c, pad) VALUES (3614361, 13, 'foobar', 'foobar')
	Insert on sbtest6  (cost=0.00..0.01 rows=0 width=0)
	  ->  Result  (cost=0.00..0.01 rows=1 width=736)

table 7 : explain INSERT INTO sbtest7 (id, k, c, pad) VALUES (1467679, 13, 'foobar', 'foobar')
	Insert on sbtest7  (cost=0.00..0.01 rows=0 width=0)
	  ->  Result  (cost=0.00..0.01 rows=1 width=736)

table 8 : explain INSERT INTO sbtest8 (id, k, c, pad) VALUES (2028209, 13, 'foobar', 'foobar')
	Insert on sbtest8  (cost=0.00..0.01 rows=0 width=0)
	  ->  Result  (cost=0.00..0.01 rows=1 width=736)

for: distinct_ranges
table 1 : explain SELECT DISTINCT c FROM sbtest1 WHERE id BETWEEN 7282418 AND 7282517 ORDER BY c
	Unique  (cost=365.70..366.16 rows=93 width=121)
	  ->  Sort  (cost=365.70..365.93 rows=93 width=121)
	        Sort Key: c
	        ->  Index Scan using sbtest1_pkey on sbtest1  (cost=0.43..362.66 rows=93 width=121)
	              Index Cond: ((id >= 7282418) AND (id <= 7282517))

table 2 : explain SELECT DISTINCT c FROM sbtest2 WHERE id BETWEEN 4718054 AND 4718153 ORDER BY c
	Unique  (cost=375.67..376.15 rows=96 width=121)
	  ->  Sort  (cost=375.67..375.91 rows=96 width=121)
	        Sort Key: c
	        ->  Index Scan using sbtest2_pkey on sbtest2  (cost=0.43..372.51 rows=96 width=121)
	              Index Cond: ((id >= 4718054) AND (id <= 4718153))

table 3 : explain SELECT DISTINCT c FROM sbtest3 WHERE id BETWEEN 2543233 AND 2543332 ORDER BY c
	Unique  (cost=385.99..386.48 rows=98 width=121)
	  ->  Sort  (cost=385.99..386.24 rows=98 width=121)
	        Sort Key: c
	        ->  Index Scan using sbtest3_pkey on sbtest3  (cost=0.43..382.75 rows=98 width=121)
	              Index Cond: ((id >= 2543233) AND (id <= 2543332))

table 4 : explain SELECT DISTINCT c FROM sbtest4 WHERE id BETWEEN 7146654 AND 7146753 ORDER BY c
	Unique  (cost=413.90..414.42 rows=105 width=121)
	  ->  Sort  (cost=413.90..414.16 rows=105 width=121)
	        Sort Key: c
	        ->  Index Scan using sbtest4_pkey on sbtest4  (cost=0.43..410.37 rows=105 width=121)
	              Index Cond: ((id >= 7146654) AND (id <= 7146753))

table 5 : explain SELECT DISTINCT c FROM sbtest5 WHERE id BETWEEN 2849541 AND 2849640 ORDER BY c
	Unique  (cost=363.47..363.93 rows=93 width=121)
	  ->  Sort  (cost=363.47..363.70 rows=93 width=121)
	        Sort Key: c
	        ->  Index Scan using sbtest5_pkey on sbtest5  (cost=0.43..360.43 rows=93 width=121)
	              Index Cond: ((id >= 2849541) AND (id <= 2849640))

table 6 : explain SELECT DISTINCT c FROM sbtest6 WHERE id BETWEEN 3627502 AND 3627601 ORDER BY c
	Unique  (cost=386.73..387.22 rows=99 width=121)
	  ->  Sort  (cost=386.73..386.97 rows=99 width=121)
	        Sort Key: c
	        ->  Index Scan using sbtest6_pkey on sbtest6  (cost=0.43..383.44 rows=99 width=121)
	              Index Cond: ((id >= 3627502) AND (id <= 3627601))

table 7 : explain SELECT DISTINCT c FROM sbtest7 WHERE id BETWEEN 7449385 AND 7449484 ORDER BY c
	Unique  (cost=410.27..410.79 rows=105 width=121)
	  ->  Sort  (cost=410.27..410.53 rows=105 width=121)
	        Sort Key: c
	        ->  Index Scan using sbtest7_pkey on sbtest7  (cost=0.43..406.74 rows=105 width=121)
	              Index Cond: ((id >= 7449385) AND (id <= 7449484))

table 8 : explain SELECT DISTINCT c FROM sbtest8 WHERE id BETWEEN 3809141 AND 3809240 ORDER BY c
	Unique  (cost=399.70..400.21 rows=102 width=121)
	  ->  Sort  (cost=399.70..399.96 rows=102 width=121)
	        Sort Key: c
	        ->  Index Scan using sbtest8_pkey on sbtest8  (cost=0.43..396.30 rows=102 width=121)
	              Index Cond: ((id >= 3809141) AND (id <= 3809240))

for index_updates
table 1 : explain UPDATE sbtest1 SET k=k+1 WHERE id=4961810
	Update on sbtest1  (cost=0.43..8.46 rows=0 width=0)
	  ->  Index Scan using sbtest1_pkey on sbtest1  (cost=0.43..8.46 rows=1 width=10)
	        Index Cond: (id = 4961810)

table 2 : explain UPDATE sbtest2 SET k=k+1 WHERE id=4166477
	Update on sbtest2  (cost=0.43..8.46 rows=0 width=0)
	  ->  Index Scan using sbtest2_pkey on sbtest2  (cost=0.43..8.46 rows=1 width=10)
	        Index Cond: (id = 4166477)

table 3 : explain UPDATE sbtest3 SET k=k+1 WHERE id=4162819
	Update on sbtest3  (cost=0.43..8.46 rows=0 width=0)
	  ->  Index Scan using sbtest3_pkey on sbtest3  (cost=0.43..8.46 rows=1 width=10)
	        Index Cond: (id = 4162819)

table 4 : explain UPDATE sbtest4 SET k=k+1 WHERE id=9739415
	Update on sbtest4  (cost=0.43..8.46 rows=0 width=0)
	  ->  Index Scan using sbtest4_pkey on sbtest4  (cost=0.43..8.46 rows=1 width=10)
	        Index Cond: (id = 9739415)

table 5 : explain UPDATE sbtest5 SET k=k+1 WHERE id=632021
	Update on sbtest5  (cost=0.43..8.46 rows=0 width=0)
	  ->  Index Scan using sbtest5_pkey on sbtest5  (cost=0.43..8.46 rows=1 width=10)
	        Index Cond: (id = 632021)

table 6 : explain UPDATE sbtest6 SET k=k+1 WHERE id=6463256
	Update on sbtest6  (cost=0.43..8.46 rows=0 width=0)
	  ->  Index Scan using sbtest6_pkey on sbtest6  (cost=0.43..8.46 rows=1 width=10)
	        Index Cond: (id = 6463256)

table 7 : explain UPDATE sbtest7 SET k=k+1 WHERE id=3328595
	Update on sbtest7  (cost=0.43..8.46 rows=0 width=0)
	  ->  Index Scan using sbtest7_pkey on sbtest7  (cost=0.43..8.46 rows=1 width=10)
	        Index Cond: (id = 3328595)

table 8 : explain UPDATE sbtest8 SET k=k+1 WHERE id=8301681
	Update on sbtest8  (cost=0.43..8.46 rows=0 width=0)
	  ->  Index Scan using sbtest8_pkey on sbtest8  (cost=0.43..8.46 rows=1 width=10)
	        Index Cond: (id = 8301681)

for: order_ranges
table 1 : explain SELECT c FROM sbtest1 WHERE id BETWEEN 9711952 AND 9712051 ORDER BY c
	Sort  (cost=400.74..401.00 rows=102 width=121)
	  Sort Key: c
	  ->  Index Scan using sbtest1_pkey on sbtest1  (cost=0.43..397.34 rows=102 width=121)
	        Index Cond: ((id >= 9711952) AND (id <= 9712051))

table 2 : explain SELECT c FROM sbtest2 WHERE id BETWEEN 9490247 AND 9490346 ORDER BY c
	Sort  (cost=379.54..379.78 rows=97 width=121)
	  Sort Key: c
	  ->  Index Scan using sbtest2_pkey on sbtest2  (cost=0.43..376.34 rows=97 width=121)
	        Index Cond: ((id >= 9490247) AND (id <= 9490346))

table 3 : explain SELECT c FROM sbtest3 WHERE id BETWEEN 3398818 AND 3398917 ORDER BY c
	Sort  (cost=339.22..339.43 rows=86 width=121)
	  Sort Key: c
	  ->  Index Scan using sbtest3_pkey on sbtest3  (cost=0.43..336.45 rows=86 width=121)
	        Index Cond: ((id >= 3398818) AND (id <= 3398917))

table 4 : explain SELECT c FROM sbtest4 WHERE id BETWEEN 9571692 AND 9571791 ORDER BY c
	Sort  (cost=409.99..410.25 rows=104 width=121)
	  Sort Key: c
	  ->  Index Scan using sbtest4_pkey on sbtest4  (cost=0.43..406.51 rows=104 width=121)
	        Index Cond: ((id >= 9571692) AND (id <= 9571791))

table 5 : explain SELECT c FROM sbtest5 WHERE id BETWEEN 7267260 AND 7267359 ORDER BY c
	Sort  (cost=390.57..390.82 rows=100 width=121)
	  Sort Key: c
	  ->  Index Scan using sbtest5_pkey on sbtest5  (cost=0.43..387.25 rows=100 width=121)
	        Index Cond: ((id >= 7267260) AND (id <= 7267359))

table 6 : explain SELECT c FROM sbtest6 WHERE id BETWEEN 4588188 AND 4588287 ORDER BY c
	Sort  (cost=359.67..359.90 rows=92 width=121)
	  Sort Key: c
	  ->  Index Scan using sbtest6_pkey on sbtest6  (cost=0.43..356.67 rows=92 width=121)
	        Index Cond: ((id >= 4588188) AND (id <= 4588287))

table 7 : explain SELECT c FROM sbtest7 WHERE id BETWEEN 9453351 AND 9453450 ORDER BY c
	Sort  (cost=383.14..383.38 rows=98 width=121)
	  Sort Key: c
	  ->  Index Scan using sbtest7_pkey on sbtest7  (cost=0.43..379.90 rows=98 width=121)
	        Index Cond: ((id >= 9453351) AND (id <= 9453450))

table 8 : explain SELECT c FROM sbtest8 WHERE id BETWEEN 5126323 AND 5126422 ORDER BY c
	Sort  (cost=388.02..388.27 rows=99 width=121)
	  Sort Key: c
	  ->  Index Scan using sbtest8_pkey on sbtest8  (cost=0.43..384.74 rows=99 width=121)
	        Index Cond: ((id >= 5126323) AND (id <= 5126422))

for: order_ranges
table 1 : explain SELECT c FROM sbtest1 WHERE id BETWEEN 975955 AND 976054 ORDER BY c
	Sort  (cost=377.37..377.61 rows=96 width=121)
	  Sort Key: c
	  ->  Index Scan using sbtest1_pkey on sbtest1  (cost=0.43..374.20 rows=96 width=121)
	        Index Cond: ((id >= 975955) AND (id <= 976054))

table 2 : explain SELECT c FROM sbtest2 WHERE id BETWEEN 2672101 AND 2672200 ORDER BY c
	Sort  (cost=395.07..395.32 rows=101 width=121)
	  Sort Key: c
	  ->  Index Scan using sbtest2_pkey on sbtest2  (cost=0.43..391.71 rows=101 width=121)
	        Index Cond: ((id >= 2672101) AND (id <= 2672200))

table 3 : explain SELECT c FROM sbtest3 WHERE id BETWEEN 619075 AND 619174 ORDER BY c
	Sort  (cost=378.19..378.43 rows=96 width=121)
	  Sort Key: c
	  ->  Index Scan using sbtest3_pkey on sbtest3  (cost=0.43..375.03 rows=96 width=121)
	        Index Cond: ((id >= 619075) AND (id <= 619174))

table 4 : explain SELECT c FROM sbtest4 WHERE id BETWEEN 5573301 AND 5573400 ORDER BY c
	Sort  (cost=351.40..351.62 rows=89 width=121)
	  Sort Key: c
	  ->  Index Scan using sbtest4_pkey on sbtest4  (cost=0.43..348.52 rows=89 width=121)
	        Index Cond: ((id >= 5573301) AND (id <= 5573400))

table 5 : explain SELECT c FROM sbtest5 WHERE id BETWEEN 8161774 AND 8161873 ORDER BY c
	Sort  (cost=402.17..402.42 rows=103 width=121)
	  Sort Key: c
	  ->  Index Scan using sbtest5_pkey on sbtest5  (cost=0.43..398.72 rows=103 width=121)
	        Index Cond: ((id >= 8161774) AND (id <= 8161873))

table 6 : explain SELECT c FROM sbtest6 WHERE id BETWEEN 300202 AND 300301 ORDER BY c
	Sort  (cost=359.67..359.90 rows=92 width=121)
	  Sort Key: c
	  ->  Index Scan using sbtest6_pkey on sbtest6  (cost=0.43..356.67 rows=92 width=121)
	        Index Cond: ((id >= 300202) AND (id <= 300301))

table 7 : explain SELECT c FROM sbtest7 WHERE id BETWEEN 3426904 AND 3427003 ORDER BY c
	Sort  (cost=398.66..398.92 rows=102 width=121)
	  Sort Key: c
	  ->  Index Scan using sbtest7_pkey on sbtest7  (cost=0.43..395.26 rows=102 width=121)
	        Index Cond: ((id >= 3426904) AND (id <= 3427003))

table 8 : explain SELECT c FROM sbtest8 WHERE id BETWEEN 4828664 AND 4828763 ORDER BY c
	Sort  (cost=415.22..415.49 rows=106 width=121)
	  Sort Key: c
	  ->  Index Scan using sbtest8_pkey on sbtest8  (cost=0.43..411.66 rows=106 width=121)
	        Index Cond: ((id >= 4828664) AND (id <= 4828763))

explain: for non_index_updates :: explain UPDATE sbtest%u SET c='foobar' WHERE id=%u
for: sum_ranges
table 1 : explain SELECT SUM(k) FROM sbtest1 WHERE id BETWEEN 2560316 AND 2560415
	Aggregate  (cost=416.85..416.86 rows=1 width=8)
	  ->  Index Scan using sbtest1_pkey on sbtest1  (cost=0.43..416.59 rows=107 width=4)
	        Index Cond: ((id >= 2560316) AND (id <= 2560415))

table 2 : explain SELECT SUM(k) FROM sbtest2 WHERE id BETWEEN 729408 AND 729507
	Aggregate  (cost=407.30..407.31 rows=1 width=8)
	  ->  Index Scan using sbtest2_pkey on sbtest2  (cost=0.43..407.03 rows=105 width=4)
	        Index Cond: ((id >= 729408) AND (id <= 729507))

table 3 : explain SELECT SUM(k) FROM sbtest3 WHERE id BETWEEN 5863097 AND 5863196
	Aggregate  (cost=355.97..355.98 rows=1 width=8)
	  ->  Index Scan using sbtest3_pkey on sbtest3  (cost=0.43..355.74 rows=91 width=4)
	        Index Cond: ((id >= 5863097) AND (id <= 5863196))

table 4 : explain SELECT SUM(k) FROM sbtest4 WHERE id BETWEEN 5773733 AND 5773832
	Aggregate  (cost=418.37..418.38 rows=1 width=8)
	  ->  Index Scan using sbtest4_pkey on sbtest4  (cost=0.43..418.10 rows=107 width=4)
	        Index Cond: ((id >= 5773733) AND (id <= 5773832))

table 5 : explain SELECT SUM(k) FROM sbtest5 WHERE id BETWEEN 8412825 AND 8412924
	Aggregate  (cost=375.97..375.98 rows=1 width=8)
	  ->  Index Scan using sbtest5_pkey on sbtest5  (cost=0.43..375.72 rows=97 width=4)
	        Index Cond: ((id >= 8412825) AND (id <= 8412924))

table 6 : explain SELECT SUM(k) FROM sbtest6 WHERE id BETWEEN 8484611 AND 8484710
	Aggregate  (cost=356.90..356.91 rows=1 width=8)
	  ->  Index Scan using sbtest6_pkey on sbtest6  (cost=0.43..356.67 rows=92 width=4)
	        Index Cond: ((id >= 8484611) AND (id <= 8484710))

table 7 : explain SELECT SUM(k) FROM sbtest7 WHERE id BETWEEN 470916 AND 471015
	Aggregate  (cost=407.00..407.01 rows=1 width=8)
	  ->  Index Scan using sbtest7_pkey on sbtest7  (cost=0.43..406.74 rows=105 width=4)
	        Index Cond: ((id >= 470916) AND (id <= 471015))

table 8 : explain SELECT SUM(k) FROM sbtest8 WHERE id BETWEEN 2695856 AND 2695955
	Aggregate  (cost=392.71..392.72 rows=1 width=8)
	  ->  Index Scan using sbtest8_pkey on sbtest8  (cost=0.43..392.46 rows=101 width=4)
	        Index Cond: ((id >= 2695856) AND (id <= 2695955))

for: sum_ranges
table 1 : explain SELECT SUM(k) FROM sbtest1 WHERE id BETWEEN 6937086 AND 6937185
	Aggregate  (cost=362.89..362.90 rows=1 width=8)
	  ->  Index Scan using sbtest1_pkey on sbtest1  (cost=0.43..362.66 rows=93 width=4)
	        Index Cond: ((id >= 6937086) AND (id <= 6937185))

table 2 : explain SELECT SUM(k) FROM sbtest2 WHERE id BETWEEN 4415920 AND 4416019
	Aggregate  (cost=357.41..357.42 rows=1 width=8)
	  ->  Index Scan using sbtest2_pkey on sbtest2  (cost=0.43..357.18 rows=92 width=4)
	        Index Cond: ((id >= 4415920) AND (id <= 4416019))

table 3 : explain SELECT SUM(k) FROM sbtest3 WHERE id BETWEEN 7434800 AND 7434899
	Aggregate  (cost=375.27..375.28 rows=1 width=8)
	  ->  Index Scan using sbtest3_pkey on sbtest3  (cost=0.43..375.03 rows=96 width=4)
	        Index Cond: ((id >= 7434800) AND (id <= 7434899))

table 4 : explain SELECT SUM(k) FROM sbtest4 WHERE id BETWEEN 7792482 AND 7792581
	Aggregate  (cost=375.80..375.81 rows=1 width=8)
	  ->  Index Scan using sbtest4_pkey on sbtest4  (cost=0.43..375.56 rows=96 width=4)
	        Index Cond: ((id >= 7792482) AND (id <= 7792581))

table 5 : explain SELECT SUM(k) FROM sbtest5 WHERE id BETWEEN 7441929 AND 7442028
	Aggregate  (cost=383.67..383.68 rows=1 width=8)
	  ->  Index Scan using sbtest5_pkey on sbtest5  (cost=0.43..383.42 rows=99 width=4)
	        Index Cond: ((id >= 7441929) AND (id <= 7442028))

table 6 : explain SELECT SUM(k) FROM sbtest6 WHERE id BETWEEN 820379 AND 820478
	Aggregate  (cost=422.02..422.03 rows=1 width=8)
	  ->  Index Scan using sbtest6_pkey on sbtest6  (cost=0.43..421.75 rows=109 width=4)
	        Index Cond: ((id >= 820379) AND (id <= 820478))

table 7 : explain SELECT SUM(k) FROM sbtest7 WHERE id BETWEEN 2057554 AND 2057653
	Aggregate  (cost=429.99..430.00 rows=1 width=8)
	  ->  Index Scan using sbtest7_pkey on sbtest7  (cost=0.43..429.71 rows=111 width=4)
	        Index Cond: ((id >= 2057554) AND (id <= 2057653))

table 8 : explain SELECT SUM(k) FROM sbtest8 WHERE id BETWEEN 5687985 AND 5688084
	Aggregate  (cost=335.05..335.06 rows=1 width=8)
	  ->  Index Scan using sbtest8_pkey on sbtest8  (cost=0.43..334.84 rows=86 width=4)
	        Index Cond: ((id >= 5687985) AND (id <= 5688084))

explain: for index_updates :: explain UPDATE sbtest%u SET k=k+1 WHERE id=%u
explain: for non_index_updates :: explain UPDATE sbtest%u SET c='foobar' WHERE id=%u
for non_index_updates
table 1 : explain UPDATE sbtest1 SET c='foobar' WHERE id=3395985
	Update on sbtest1  (cost=0.43..8.45 rows=0 width=0)
	  ->  Index Scan using sbtest1_pkey on sbtest1  (cost=0.43..8.45 rows=1 width=490)
	        Index Cond: (id = 3395985)

table 2 : explain UPDATE sbtest2 SET c='foobar' WHERE id=6510033
	Update on sbtest2  (cost=0.43..8.45 rows=0 width=0)
	  ->  Index Scan using sbtest2_pkey on sbtest2  (cost=0.43..8.45 rows=1 width=490)
	        Index Cond: (id = 6510033)

table 3 : explain UPDATE sbtest3 SET c='foobar' WHERE id=7784043
	Update on sbtest3  (cost=0.43..8.45 rows=0 width=0)
	  ->  Index Scan using sbtest3_pkey on sbtest3  (cost=0.43..8.45 rows=1 width=490)
	        Index Cond: (id = 7784043)

table 4 : explain UPDATE sbtest4 SET c='foobar' WHERE id=2723297
	Update on sbtest4  (cost=0.43..8.45 rows=0 width=0)
	  ->  Index Scan using sbtest4_pkey on sbtest4  (cost=0.43..8.45 rows=1 width=490)
	        Index Cond: (id = 2723297)

table 5 : explain UPDATE sbtest5 SET c='foobar' WHERE id=6767160
	Update on sbtest5  (cost=0.43..8.45 rows=0 width=0)
	  ->  Index Scan using sbtest5_pkey on sbtest5  (cost=0.43..8.45 rows=1 width=490)
	        Index Cond: (id = 6767160)

table 6 : explain UPDATE sbtest6 SET c='foobar' WHERE id=9814034
	Update on sbtest6  (cost=0.43..8.45 rows=0 width=0)
	  ->  Index Scan using sbtest6_pkey on sbtest6  (cost=0.43..8.45 rows=1 width=490)
	        Index Cond: (id = 9814034)

table 7 : explain UPDATE sbtest7 SET c='foobar' WHERE id=4514132
	Update on sbtest7  (cost=0.43..8.45 rows=0 width=0)
	  ->  Index Scan using sbtest7_pkey on sbtest7  (cost=0.43..8.45 rows=1 width=490)
	        Index Cond: (id = 4514132)

table 8 : explain UPDATE sbtest8 SET c='foobar' WHERE id=4049780
	Update on sbtest8  (cost=0.43..8.45 rows=0 width=0)
	  ->  Index Scan using sbtest8_pkey on sbtest8  (cost=0.43..8.45 rows=1 width=490)
	        Index Cond: (id = 4049780)

explain: for deletes :: explain DELETE FROM sbtest%u WHERE id=%u
for non_index_updates
table 1 : explain UPDATE sbtest1 SET c='foobar' WHERE id=667781
	Update on sbtest1  (cost=0.43..8.45 rows=0 width=0)
	  ->  Index Scan using sbtest1_pkey on sbtest1  (cost=0.43..8.45 rows=1 width=490)
	        Index Cond: (id = 667781)

table 2 : explain UPDATE sbtest2 SET c='foobar' WHERE id=312956
	Update on sbtest2  (cost=0.43..8.45 rows=0 width=0)
	  ->  Index Scan using sbtest2_pkey on sbtest2  (cost=0.43..8.45 rows=1 width=490)
	        Index Cond: (id = 312956)

table 3 : explain UPDATE sbtest3 SET c='foobar' WHERE id=6931842
	Update on sbtest3  (cost=0.43..8.45 rows=0 width=0)
	  ->  Index Scan using sbtest3_pkey on sbtest3  (cost=0.43..8.45 rows=1 width=490)
	        Index Cond: (id = 6931842)

table 4 : explain UPDATE sbtest4 SET c='foobar' WHERE id=2198589
	Update on sbtest4  (cost=0.43..8.45 rows=0 width=0)
	  ->  Index Scan using sbtest4_pkey on sbtest4  (cost=0.43..8.45 rows=1 width=490)
	        Index Cond: (id = 2198589)

table 5 : explain UPDATE sbtest5 SET c='foobar' WHERE id=3891066
	Update on sbtest5  (cost=0.43..8.45 rows=0 width=0)
	  ->  Index Scan using sbtest5_pkey on sbtest5  (cost=0.43..8.45 rows=1 width=490)
	        Index Cond: (id = 3891066)

table 6 : explain UPDATE sbtest6 SET c='foobar' WHERE id=883222
	Update on sbtest6  (cost=0.43..8.45 rows=0 width=0)
	  ->  Index Scan using sbtest6_pkey on sbtest6  (cost=0.43..8.45 rows=1 width=490)
	        Index Cond: (id = 883222)

table 7 : explain UPDATE sbtest7 SET c='foobar' WHERE id=8376321
	Update on sbtest7  (cost=0.43..8.45 rows=0 width=0)
	  ->  Index Scan using sbtest7_pkey on sbtest7  (cost=0.43..8.45 rows=1 width=490)
	        Index Cond: (id = 8376321)

table 8 : explain UPDATE sbtest8 SET c='foobar' WHERE id=5550339
	Update on sbtest8  (cost=0.43..8.45 rows=0 width=0)
	  ->  Index Scan using sbtest8_pkey on sbtest8  (cost=0.43..8.45 rows=1 width=490)
	        Index Cond: (id = 5550339)

for: distinct_ranges
table 1 : explain SELECT DISTINCT c FROM sbtest1 WHERE id BETWEEN 324678 AND 324777 ORDER BY c
	Unique  (cost=361.81..362.27 rows=92 width=121)
	  ->  Sort  (cost=361.81..362.04 rows=92 width=121)
	        Sort Key: c
	        ->  Index Scan using sbtest1_pkey on sbtest1  (cost=0.43..358.81 rows=92 width=121)
	              Index Cond: ((id >= 324678) AND (id <= 324777))

table 2 : explain SELECT DISTINCT c FROM sbtest2 WHERE id BETWEEN 8435082 AND 8435181 ORDER BY c
	Unique  (cost=383.41..383.90 rows=98 width=121)
	  ->  Sort  (cost=383.41..383.65 rows=98 width=121)
	        Sort Key: c
	        ->  Index Scan using sbtest2_pkey on sbtest2  (cost=0.43..380.17 rows=98 width=121)
	              Index Cond: ((id >= 8435082) AND (id <= 8435181))

table 3 : explain SELECT DISTINCT c FROM sbtest3 WHERE id BETWEEN 2107448 AND 2107547 ORDER BY c
	Unique  (cost=374.30..374.77 rows=95 width=121)
	  ->  Sort  (cost=374.30..374.53 rows=95 width=121)
	        Sort Key: c
	        ->  Index Scan using sbtest3_pkey on sbtest3  (cost=0.43..371.18 rows=95 width=121)
	              Index Cond: ((id >= 2107448) AND (id <= 2107547))

table 4 : explain SELECT DISTINCT c FROM sbtest4 WHERE id BETWEEN 9424236 AND 9424335 ORDER BY c
	Unique  (cost=382.63..383.11 rows=97 width=121)
	  ->  Sort  (cost=382.63..382.87 rows=97 width=121)
	        Sort Key: c
	        ->  Index Scan using sbtest4_pkey on sbtest4  (cost=0.43..379.43 rows=97 width=121)
	              Index Cond: ((id >= 9424236) AND (id <= 9424335))

table 5 : explain SELECT DISTINCT c FROM sbtest5 WHERE id BETWEEN 5044802 AND 5044901 ORDER BY c
	Unique  (cost=394.43..394.94 rows=101 width=121)
	  ->  Sort  (cost=394.43..394.69 rows=101 width=121)
	        Sort Key: c
	        ->  Index Scan using sbtest5_pkey on sbtest5  (cost=0.43..391.07 rows=101 width=121)
	              Index Cond: ((id >= 5044802) AND (id <= 5044901))

table 6 : explain SELECT DISTINCT c FROM sbtest6 WHERE id BETWEEN 9764785 AND 9764884 ORDER BY c
	Unique  (cost=371.26..371.74 rows=95 width=121)
	  ->  Sort  (cost=371.26..371.50 rows=95 width=121)
	        Sort Key: c
	        ->  Index Scan using sbtest6_pkey on sbtest6  (cost=0.43..368.14 rows=95 width=121)
	              Index Cond: ((id >= 9764785) AND (id <= 9764884))

table 7 : explain SELECT DISTINCT c FROM sbtest7 WHERE id BETWEEN 8889347 AND 8889446 ORDER BY c
	Unique  (cost=387.01..387.50 rows=99 width=121)
	  ->  Sort  (cost=387.01..387.25 rows=99 width=121)
	        Sort Key: c
	        ->  Index Scan using sbtest7_pkey on sbtest7  (cost=0.43..383.72 rows=99 width=121)
	              Index Cond: ((id >= 8889347) AND (id <= 8889446))

table 8 : explain SELECT DISTINCT c FROM sbtest8 WHERE id BETWEEN 2181553 AND 2181652 ORDER BY c
	Unique  (cost=391.95..392.45 rows=100 width=121)
	  ->  Sort  (cost=391.95..392.20 rows=100 width=121)
	        Sort Key: c
	        ->  Index Scan using sbtest8_pkey on sbtest8  (cost=0.43..388.62 rows=100 width=121)
	              Index Cond: ((id >= 2181553) AND (id <= 2181652))

explain: for deletes :: explain DELETE FROM sbtest%u WHERE id=%u
for: distinct_ranges
table 1 : explain SELECT DISTINCT c FROM sbtest1 WHERE id BETWEEN 8764949 AND 8765048 ORDER BY c
	Unique  (cost=408.52..409.04 rows=104 width=121)
	  ->  Sort  (cost=408.52..408.78 rows=104 width=121)
	        Sort Key: c
	        ->  Index Scan using sbtest1_pkey on sbtest1  (cost=0.43..405.04 rows=104 width=121)
	              Index Cond: ((id >= 8764949) AND (id <= 8765048))

table 2 : explain SELECT DISTINCT c FROM sbtest2 WHERE id BETWEEN 5946902 AND 5947001 ORDER BY c
	Unique  (cost=375.67..376.15 rows=96 width=121)
	  ->  Sort  (cost=375.67..375.91 rows=96 width=121)
	        Sort Key: c
	        ->  Index Scan using sbtest2_pkey on sbtest2  (cost=0.43..372.51 rows=96 width=121)
	              Index Cond: ((id >= 5946902) AND (id <= 5947001))

table 3 : explain SELECT DISTINCT c FROM sbtest3 WHERE id BETWEEN 9149284 AND 9149383 ORDER BY c
	Unique  (cost=366.50..366.97 rows=93 width=121)
	  ->  Sort  (cost=366.50..366.73 rows=93 width=121)
	        Sort Key: c
	        ->  Index Scan using sbtest3_pkey on sbtest3  (cost=0.43..363.46 rows=93 width=121)
	              Index Cond: ((id >= 9149284) AND (id <= 9149383))

table 4 : explain SELECT DISTINCT c FROM sbtest4 WHERE id BETWEEN 8867229 AND 8867328 ORDER BY c
	Unique  (cost=409.99..410.51 rows=104 width=121)
	  ->  Sort  (cost=409.99..410.25 rows=104 width=121)
	        Sort Key: c
	        ->  Index Scan using sbtest4_pkey on sbtest4  (cost=0.43..406.51 rows=104 width=121)
	              Index Cond: ((id >= 8867229) AND (id <= 8867328))

table 5 : explain SELECT DISTINCT c FROM sbtest5 WHERE id BETWEEN 3969536 AND 3969635 ORDER BY c
	Unique  (cost=386.70..387.20 rows=99 width=121)
	  ->  Sort  (cost=386.70..386.95 rows=99 width=121)
	        Sort Key: c
	        ->  Index Scan using sbtest5_pkey on sbtest5  (cost=0.43..383.42 rows=99 width=121)
	              Index Cond: ((id >= 3969536) AND (id <= 3969635))

table 6 : explain SELECT DISTINCT c FROM sbtest6 WHERE id BETWEEN 8400032 AND 8400131 ORDER BY c
	Unique  (cost=367.40..367.87 rows=94 width=121)
	  ->  Sort  (cost=367.40..367.63 rows=94 width=121)
	        Sort Key: c
	        ->  Index Scan using sbtest6_pkey on sbtest6  (cost=0.43..364.32 rows=94 width=121)
	              Index Cond: ((id >= 8400032) AND (id <= 8400131))

table 7 : explain SELECT DISTINCT c FROM sbtest7 WHERE id BETWEEN 6242273 AND 6242372 ORDER BY c
	Unique  (cost=402.53..403.04 rows=103 width=121)
	  ->  Sort  (cost=402.53..402.79 rows=103 width=121)
	        Sort Key: c
	        ->  Index Scan using sbtest7_pkey on sbtest7  (cost=0.43..399.09 rows=103 width=121)
	              Index Cond: ((id >= 6242273) AND (id <= 6242372))

table 8 : explain SELECT DISTINCT c FROM sbtest8 WHERE id BETWEEN 4655284 AND 4655383 ORDER BY c
	Unique  (cost=415.22..415.75 rows=106 width=121)
	  ->  Sort  (cost=415.22..415.49 rows=106 width=121)
	        Sort Key: c
	        ->  Index Scan using sbtest8_pkey on sbtest8  (cost=0.43..411.66 rows=106 width=121)
	              Index Cond: ((id >= 4655284) AND (id <= 4655383))

for deletes
table 1 : explain DELETE FROM sbtest1 WHERE id=3690482
	Delete on sbtest1  (cost=0.43..8.45 rows=0 width=0)
	  ->  Index Scan using sbtest1_pkey on sbtest1  (cost=0.43..8.45 rows=1 width=6)
	        Index Cond: (id = 3690482)

table 2 : explain DELETE FROM sbtest2 WHERE id=8190643
	Delete on sbtest2  (cost=0.43..8.45 rows=0 width=0)
	  ->  Index Scan using sbtest2_pkey on sbtest2  (cost=0.43..8.45 rows=1 width=6)
	        Index Cond: (id = 8190643)

table 3 : explain DELETE FROM sbtest3 WHERE id=8038661
	Delete on sbtest3  (cost=0.43..8.45 rows=0 width=0)
	  ->  Index Scan using sbtest3_pkey on sbtest3  (cost=0.43..8.45 rows=1 width=6)
	        Index Cond: (id = 8038661)

table 4 : explain DELETE FROM sbtest4 WHERE id=7664268
	Delete on sbtest4  (cost=0.43..8.45 rows=0 width=0)
	  ->  Index Scan using sbtest4_pkey on sbtest4  (cost=0.43..8.45 rows=1 width=6)
	        Index Cond: (id = 7664268)

table 5 : explain DELETE FROM sbtest5 WHERE id=5103258
	Delete on sbtest5  (cost=0.43..8.45 rows=0 width=0)
	  ->  Index Scan using sbtest5_pkey on sbtest5  (cost=0.43..8.45 rows=1 width=6)
	        Index Cond: (id = 5103258)

table 6 : explain DELETE FROM sbtest6 WHERE id=5504208
	Delete on sbtest6  (cost=0.43..8.45 rows=0 width=0)
	  ->  Index Scan using sbtest6_pkey on sbtest6  (cost=0.43..8.45 rows=1 width=6)
	        Index Cond: (id = 5504208)

table 7 : explain DELETE FROM sbtest7 WHERE id=9026448
	Delete on sbtest7  (cost=0.43..8.45 rows=0 width=0)
	  ->  Index Scan using sbtest7_pkey on sbtest7  (cost=0.43..8.45 rows=1 width=6)
	        Index Cond: (id = 9026448)

table 8 : explain DELETE FROM sbtest8 WHERE id=7034260
	Delete on sbtest8  (cost=0.43..8.45 rows=0 width=0)
	  ->  Index Scan using sbtest8_pkey on sbtest8  (cost=0.43..8.45 rows=1 width=6)
	        Index Cond: (id = 7034260)

explain: for index_updates :: explain UPDATE sbtest%u SET k=k+1 WHERE id=%u
for: order_ranges
table 1 : explain SELECT c FROM sbtest1 WHERE id BETWEEN 4306689 AND 4306788 ORDER BY c
	Sort  (cost=385.14..385.39 rows=98 width=121)
	  Sort Key: c
	  ->  Index Scan using sbtest1_pkey on sbtest1  (cost=0.43..381.90 rows=98 width=121)
	        Index Cond: ((id >= 4306689) AND (id <= 4306788))

table 2 : explain SELECT c FROM sbtest2 WHERE id BETWEEN 8352564 AND 8352663 ORDER BY c
	Sort  (cost=379.54..379.78 rows=97 width=121)
	  Sort Key: c
	  ->  Index Scan using sbtest2_pkey on sbtest2  (cost=0.43..376.34 rows=97 width=121)
	        Index Cond: ((id >= 8352564) AND (id <= 8352663))

table 3 : explain SELECT c FROM sbtest3 WHERE id BETWEEN 7058798 AND 7058897 ORDER BY c
	Sort  (cost=397.73..397.98 rows=101 width=121)
	  Sort Key: c
	  ->  Index Scan using sbtest3_pkey on sbtest3  (cost=0.43..394.36 rows=101 width=121)
	        Index Cond: ((id >= 7058798) AND (id <= 7058897))

table 4 : explain SELECT c FROM sbtest4 WHERE id BETWEEN 514255 AND 514354 ORDER BY c
	Sort  (cost=378.72..378.96 rows=96 width=121)
	  Sort Key: c
	  ->  Index Scan using sbtest4_pkey on sbtest4  (cost=0.43..375.56 rows=96 width=121)
	        Index Cond: ((id >= 514255) AND (id <= 514354))

table 5 : explain SELECT c FROM sbtest5 WHERE id BETWEEN 5355847 AND 5355946 ORDER BY c
	Sort  (cost=378.93..379.17 rows=97 width=121)
	  Sort Key: c
	  ->  Index Scan using sbtest5_pkey on sbtest5  (cost=0.43..375.72 rows=97 width=121)
	        Index Cond: ((id >= 5355847) AND (id <= 5355946))

table 6 : explain SELECT c FROM sbtest6 WHERE id BETWEEN 7681658 AND 7681757 ORDER BY c
	Sort  (cost=382.86..383.11 rows=98 width=121)
	  Sort Key: c
	  ->  Index Scan using sbtest6_pkey on sbtest6  (cost=0.43..379.62 rows=98 width=121)
	        Index Cond: ((id >= 7681658) AND (id <= 7681757))

table 7 : explain SELECT c FROM sbtest7 WHERE id BETWEEN 921241 AND 921340 ORDER BY c
	Sort  (cost=425.74..426.02 rows=109 width=121)
	  Sort Key: c
	  ->  Index Scan using sbtest7_pkey on sbtest7  (cost=0.43..422.06 rows=109 width=121)
	        Index Cond: ((id >= 921241) AND (id <= 921340))

table 8 : explain SELECT c FROM sbtest8 WHERE id BETWEEN 786309 AND 786408 ORDER BY c
	Sort  (cost=391.95..392.20 rows=100 width=121)
	  Sort Key: c
	  ->  Index Scan using sbtest8_pkey on sbtest8  (cost=0.43..388.62 rows=100 width=121)
	        Index Cond: ((id >= 786309) AND (id <= 786408))

for index_updates
table 1 : explain UPDATE sbtest1 SET k=k+1 WHERE id=4514890
	Update on sbtest1  (cost=0.43..8.46 rows=0 width=0)
	  ->  Index Scan using sbtest1_pkey on sbtest1  (cost=0.43..8.46 rows=1 width=10)
	        Index Cond: (id = 4514890)

table 2 : explain UPDATE sbtest2 SET k=k+1 WHERE id=745911
	Update on sbtest2  (cost=0.43..8.46 rows=0 width=0)
	  ->  Index Scan using sbtest2_pkey on sbtest2  (cost=0.43..8.46 rows=1 width=10)
	        Index Cond: (id = 745911)

table 3 : explain UPDATE sbtest3 SET k=k+1 WHERE id=4227779
	Update on sbtest3  (cost=0.43..8.46 rows=0 width=0)
	  ->  Index Scan using sbtest3_pkey on sbtest3  (cost=0.43..8.46 rows=1 width=10)
	        Index Cond: (id = 4227779)

table 4 : explain UPDATE sbtest4 SET k=k+1 WHERE id=4577515
	Update on sbtest4  (cost=0.43..8.46 rows=0 width=0)
	  ->  Index Scan using sbtest4_pkey on sbtest4  (cost=0.43..8.46 rows=1 width=10)
	        Index Cond: (id = 4577515)

table 5 : explain UPDATE sbtest5 SET k=k+1 WHERE id=5545505
	Update on sbtest5  (cost=0.43..8.46 rows=0 width=0)
	  ->  Index Scan using sbtest5_pkey on sbtest5  (cost=0.43..8.46 rows=1 width=10)
	        Index Cond: (id = 5545505)

table 6 : explain UPDATE sbtest6 SET k=k+1 WHERE id=6846284
	Update on sbtest6  (cost=0.43..8.46 rows=0 width=0)
	  ->  Index Scan using sbtest6_pkey on sbtest6  (cost=0.43..8.46 rows=1 width=10)
	        Index Cond: (id = 6846284)

table 7 : explain UPDATE sbtest7 SET k=k+1 WHERE id=9198416
	Update on sbtest7  (cost=0.43..8.46 rows=0 width=0)
	  ->  Index Scan using sbtest7_pkey on sbtest7  (cost=0.43..8.46 rows=1 width=10)
	        Index Cond: (id = 9198416)

table 8 : explain UPDATE sbtest8 SET k=k+1 WHERE id=2509975
	Update on sbtest8  (cost=0.43..8.46 rows=0 width=0)
	  ->  Index Scan using sbtest8_pkey on sbtest8  (cost=0.43..8.46 rows=1 width=10)
	        Index Cond: (id = 2509975)

explain: for index_updates :: explain UPDATE sbtest%u SET k=k+1 WHERE id=%u
for deletes
table 1 : explain DELETE FROM sbtest1 WHERE id=1401021
	Delete on sbtest1  (cost=0.43..8.45 rows=0 width=0)
	  ->  Index Scan using sbtest1_pkey on sbtest1  (cost=0.43..8.45 rows=1 width=6)
	        Index Cond: (id = 1401021)

table 2 : explain DELETE FROM sbtest2 WHERE id=2755982
	Delete on sbtest2  (cost=0.43..8.45 rows=0 width=0)
	  ->  Index Scan using sbtest2_pkey on sbtest2  (cost=0.43..8.45 rows=1 width=6)
	        Index Cond: (id = 2755982)

table 3 : explain DELETE FROM sbtest3 WHERE id=6793133
	Delete on sbtest3  (cost=0.43..8.45 rows=0 width=0)
	  ->  Index Scan using sbtest3_pkey on sbtest3  (cost=0.43..8.45 rows=1 width=6)
	        Index Cond: (id = 6793133)

table 4 : explain DELETE FROM sbtest4 WHERE id=2265090
	Delete on sbtest4  (cost=0.43..8.45 rows=0 width=0)
	  ->  Index Scan using sbtest4_pkey on sbtest4  (cost=0.43..8.45 rows=1 width=6)
	        Index Cond: (id = 2265090)

table 5 : explain DELETE FROM sbtest5 WHERE id=3627263
	Delete on sbtest5  (cost=0.43..8.45 rows=0 width=0)
	  ->  Index Scan using sbtest5_pkey on sbtest5  (cost=0.43..8.45 rows=1 width=6)
	        Index Cond: (id = 3627263)

table 6 : explain DELETE FROM sbtest6 WHERE id=3296362
	Delete on sbtest6  (cost=0.43..8.45 rows=0 width=0)
	  ->  Index Scan using sbtest6_pkey on sbtest6  (cost=0.43..8.45 rows=1 width=6)
	        Index Cond: (id = 3296362)

table 7 : explain DELETE FROM sbtest7 WHERE id=1153758
	Delete on sbtest7  (cost=0.43..8.45 rows=0 width=0)
	  ->  Index Scan using sbtest7_pkey on sbtest7  (cost=0.43..8.45 rows=1 width=6)
	        Index Cond: (id = 1153758)

table 8 : explain DELETE FROM sbtest8 WHERE id=2344889
	Delete on sbtest8  (cost=0.43..8.45 rows=0 width=0)
	  ->  Index Scan using sbtest8_pkey on sbtest8  (cost=0.43..8.45 rows=1 width=6)
	        Index Cond: (id = 2344889)

for point_selects
table 1 : explain SELECT c FROM sbtest1 WHERE id=2255843
	Index Scan using sbtest1_pkey on sbtest1  (cost=0.43..8.45 rows=1 width=121)
	  Index Cond: (id = 2255843)

table 2 : explain SELECT c FROM sbtest2 WHERE id=8757922
	Index Scan using sbtest2_pkey on sbtest2  (cost=0.43..8.45 rows=1 width=121)
	  Index Cond: (id = 8757922)

table 3 : explain SELECT c FROM sbtest3 WHERE id=7483607
	Index Scan using sbtest3_pkey on sbtest3  (cost=0.43..8.45 rows=1 width=121)
	  Index Cond: (id = 7483607)

table 4 : explain SELECT c FROM sbtest4 WHERE id=3294072
	Index Scan using sbtest4_pkey on sbtest4  (cost=0.43..8.45 rows=1 width=121)
	  Index Cond: (id = 3294072)

table 5 : explain SELECT c FROM sbtest5 WHERE id=2102335
	Index Scan using sbtest5_pkey on sbtest5  (cost=0.43..8.45 rows=1 width=121)
	  Index Cond: (id = 2102335)

table 6 : explain SELECT c FROM sbtest6 WHERE id=1304960
	Index Scan using sbtest6_pkey on sbtest6  (cost=0.43..8.45 rows=1 width=121)
	  Index Cond: (id = 1304960)

table 7 : explain SELECT c FROM sbtest7 WHERE id=8733842
	Index Scan using sbtest7_pkey on sbtest7  (cost=0.43..8.45 rows=1 width=121)
	  Index Cond: (id = 8733842)

table 8 : explain SELECT c FROM sbtest8 WHERE id=8426262
	Index Scan using sbtest8_pkey on sbtest8  (cost=0.43..8.45 rows=1 width=121)
	  Index Cond: (id = 8426262)

explain: for inserts :: explain INSERT INTO sbtest%u (id, k, c, pad) VALUES (%u, 13, 'foobar', 'foobar')
for inserts
table 1 : explain INSERT INTO sbtest1 (id, k, c, pad) VALUES (2388741, 13, 'foobar', 'foobar')
	Insert on sbtest1  (cost=0.00..0.01 rows=0 width=0)
	  ->  Result  (cost=0.00..0.01 rows=1 width=736)

table 2 : explain INSERT INTO sbtest2 (id, k, c, pad) VALUES (6887291, 13, 'foobar', 'foobar')
	Insert on sbtest2  (cost=0.00..0.01 rows=0 width=0)
	  ->  Result  (cost=0.00..0.01 rows=1 width=736)

table 3 : explain INSERT INTO sbtest3 (id, k, c, pad) VALUES (8770803, 13, 'foobar', 'foobar')
	Insert on sbtest3  (cost=0.00..0.01 rows=0 width=0)
	  ->  Result  (cost=0.00..0.01 rows=1 width=736)

table 4 : explain INSERT INTO sbtest4 (id, k, c, pad) VALUES (7987421, 13, 'foobar', 'foobar')
	Insert on sbtest4  (cost=0.00..0.01 rows=0 width=0)
	  ->  Result  (cost=0.00..0.01 rows=1 width=736)

table 5 : explain INSERT INTO sbtest5 (id, k, c, pad) VALUES (3561420, 13, 'foobar', 'foobar')
	Insert on sbtest5  (cost=0.00..0.01 rows=0 width=0)
	  ->  Result  (cost=0.00..0.01 rows=1 width=736)

table 6 : explain INSERT INTO sbtest6 (id, k, c, pad) VALUES (9802938, 13, 'foobar', 'foobar')
	Insert on sbtest6  (cost=0.00..0.01 rows=0 width=0)
	  ->  Result  (cost=0.00..0.01 rows=1 width=736)

table 7 : explain INSERT INTO sbtest7 (id, k, c, pad) VALUES (3943133, 13, 'foobar', 'foobar')
	Insert on sbtest7  (cost=0.00..0.01 rows=0 width=0)
	  ->  Result  (cost=0.00..0.01 rows=1 width=736)

table 8 : explain INSERT INTO sbtest8 (id, k, c, pad) VALUES (7773531, 13, 'foobar', 'foobar')
	Insert on sbtest8  (cost=0.00..0.01 rows=0 width=0)
	  ->  Result  (cost=0.00..0.01 rows=1 width=736)

for index_updates
table 1 : explain UPDATE sbtest1 SET k=k+1 WHERE id=4968656
	Update on sbtest1  (cost=0.43..8.46 rows=0 width=0)
	  ->  Index Scan using sbtest1_pkey on sbtest1  (cost=0.43..8.46 rows=1 width=10)
	        Index Cond: (id = 4968656)

table 2 : explain UPDATE sbtest2 SET k=k+1 WHERE id=5372777
	Update on sbtest2  (cost=0.43..8.46 rows=0 width=0)
	  ->  Index Scan using sbtest2_pkey on sbtest2  (cost=0.43..8.46 rows=1 width=10)
	        Index Cond: (id = 5372777)

table 3 : explain UPDATE sbtest3 SET k=k+1 WHERE id=4199687
	Update on sbtest3  (cost=0.43..8.46 rows=0 width=0)
	  ->  Index Scan using sbtest3_pkey on sbtest3  (cost=0.43..8.46 rows=1 width=10)
	        Index Cond: (id = 4199687)

table 4 : explain UPDATE sbtest4 SET k=k+1 WHERE id=7131691
	Update on sbtest4  (cost=0.43..8.46 rows=0 width=0)
	  ->  Index Scan using sbtest4_pkey on sbtest4  (cost=0.43..8.46 rows=1 width=10)
	        Index Cond: (id = 7131691)

table 5 : explain UPDATE sbtest5 SET k=k+1 WHERE id=2592835
	Update on sbtest5  (cost=0.43..8.46 rows=0 width=0)
	  ->  Index Scan using sbtest5_pkey on sbtest5  (cost=0.43..8.46 rows=1 width=10)
	        Index Cond: (id = 2592835)

table 6 : explain UPDATE sbtest6 SET k=k+1 WHERE id=74385
	Update on sbtest6  (cost=0.43..8.46 rows=0 width=0)
	  ->  Index Scan using sbtest6_pkey on sbtest6  (cost=0.43..8.46 rows=1 width=10)
	        Index Cond: (id = 74385)

table 7 : explain UPDATE sbtest7 SET k=k+1 WHERE id=8823847
	Update on sbtest7  (cost=0.43..8.46 rows=0 width=0)
	  ->  Index Scan using sbtest7_pkey on sbtest7  (cost=0.43..8.46 rows=1 width=10)
	        Index Cond: (id = 8823847)

table 8 : explain UPDATE sbtest8 SET k=k+1 WHERE id=9280662
	Update on sbtest8  (cost=0.43..8.46 rows=0 width=0)
	  ->  Index Scan using sbtest8_pkey on sbtest8  (cost=0.43..8.46 rows=1 width=10)
	        Index Cond: (id = 9280662)

for: order_ranges
table 1 : explain SELECT c FROM sbtest1 WHERE id BETWEEN 1471479 AND 1471578 ORDER BY c
	Sort  (cost=381.25..381.50 rows=97 width=121)
	  Sort Key: c
	  ->  Index Scan using sbtest1_pkey on sbtest1  (cost=0.43..378.05 rows=97 width=121)
	        Index Cond: ((id >= 1471479) AND (id <= 1471578))

table 2 : explain SELECT c FROM sbtest2 WHERE id BETWEEN 6257332 AND 6257431 ORDER BY c
	Sort  (cost=383.41..383.65 rows=98 width=121)
	  Sort Key: c
	  ->  Index Scan using sbtest2_pkey on sbtest2  (cost=0.43..380.17 rows=98 width=121)
	        Index Cond: ((id >= 6257332) AND (id <= 6257431))

table 3 : explain SELECT c FROM sbtest3 WHERE id BETWEEN 3809924 AND 3810023 ORDER BY c
	Sort  (cost=382.09..382.33 rows=97 width=121)
	  Sort Key: c
	  ->  Index Scan using sbtest3_pkey on sbtest3  (cost=0.43..378.89 rows=97 width=121)
	        Index Cond: ((id >= 3809924) AND (id <= 3810023))

table 4 : explain SELECT c FROM sbtest4 WHERE id BETWEEN 7854765 AND 7854864 ORDER BY c
	Sort  (cost=421.71..421.97 rows=107 width=121)
	  Sort Key: c
	  ->  Index Scan using sbtest4_pkey on sbtest4  (cost=0.43..418.10 rows=107 width=121)
	        Index Cond: ((id >= 7854765) AND (id <= 7854864))

table 5 : explain SELECT c FROM sbtest5 WHERE id BETWEEN 1557620 AND 1557719 ORDER BY c
	Sort  (cost=359.60..359.83 rows=92 width=121)
	  Sort Key: c
	  ->  Index Scan using sbtest5_pkey on sbtest5  (cost=0.43..356.60 rows=92 width=121)
	        Index Cond: ((id >= 1557620) AND (id <= 1557719))

table 6 : explain SELECT c FROM sbtest6 WHERE id BETWEEN 8893762 AND 8893861 ORDER BY c
	Sort  (cost=363.53..363.77 rows=93 width=121)
	  Sort Key: c
	  ->  Index Scan using sbtest6_pkey on sbtest6  (cost=0.43..360.49 rows=93 width=121)
	        Index Cond: ((id >= 8893762) AND (id <= 8893861))

table 7 : explain SELECT c FROM sbtest7 WHERE id BETWEEN 1889146 AND 1889245 ORDER BY c
	Sort  (cost=367.66..367.90 rows=94 width=121)
	  Sort Key: c
	  ->  Index Scan using sbtest7_pkey on sbtest7  (cost=0.43..364.58 rows=94 width=121)
	        Index Cond: ((id >= 1889146) AND (id <= 1889245))

table 8 : explain SELECT c FROM sbtest8 WHERE id BETWEEN 1121206 AND 1121305 ORDER BY c
	Sort  (cost=411.34..411.60 rows=105 width=121)
	  Sort Key: c
	  ->  Index Scan using sbtest8_pkey on sbtest8  (cost=0.43..407.82 rows=105 width=121)
	        Index Cond: ((id >= 1121206) AND (id <= 1121305))

explain: for non_index_updates :: explain UPDATE sbtest%u SET c='foobar' WHERE id=%u
for index_updates
table 1 : explain UPDATE sbtest1 SET k=k+1 WHERE id=1084301
	Update on sbtest1  (cost=0.43..8.46 rows=0 width=0)
	  ->  Index Scan using sbtest1_pkey on sbtest1  (cost=0.43..8.46 rows=1 width=10)
	        Index Cond: (id = 1084301)

table 2 : explain UPDATE sbtest2 SET k=k+1 WHERE id=5422456
	Update on sbtest2  (cost=0.43..8.46 rows=0 width=0)
	  ->  Index Scan using sbtest2_pkey on sbtest2  (cost=0.43..8.46 rows=1 width=10)
	        Index Cond: (id = 5422456)

table 3 : explain UPDATE sbtest3 SET k=k+1 WHERE id=9077265
	Update on sbtest3  (cost=0.43..8.46 rows=0 width=0)
	  ->  Index Scan using sbtest3_pkey on sbtest3  (cost=0.43..8.46 rows=1 width=10)
	        Index Cond: (id = 9077265)

table 4 : explain UPDATE sbtest4 SET k=k+1 WHERE id=8398527
	Update on sbtest4  (cost=0.43..8.46 rows=0 width=0)
	  ->  Index Scan using sbtest4_pkey on sbtest4  (cost=0.43..8.46 rows=1 width=10)
	        Index Cond: (id = 8398527)

table 5 : explain UPDATE sbtest5 SET k=k+1 WHERE id=1898334
	Update on sbtest5  (cost=0.43..8.46 rows=0 width=0)
	  ->  Index Scan using sbtest5_pkey on sbtest5  (cost=0.43..8.46 rows=1 width=10)
	        Index Cond: (id = 1898334)

table 6 : explain UPDATE sbtest6 SET k=k+1 WHERE id=2768414
	Update on sbtest6  (cost=0.43..8.46 rows=0 width=0)
	  ->  Index Scan using sbtest6_pkey on sbtest6  (cost=0.43..8.46 rows=1 width=10)
	        Index Cond: (id = 2768414)

table 7 : explain UPDATE sbtest7 SET k=k+1 WHERE id=5831451
	Update on sbtest7  (cost=0.43..8.46 rows=0 width=0)
	  ->  Index Scan using sbtest7_pkey on sbtest7  (cost=0.43..8.46 rows=1 width=10)
	        Index Cond: (id = 5831451)

table 8 : explain UPDATE sbtest8 SET k=k+1 WHERE id=3829741
	Update on sbtest8  (cost=0.43..8.46 rows=0 width=0)
	  ->  Index Scan using sbtest8_pkey on sbtest8  (cost=0.43..8.46 rows=1 width=10)
	        Index Cond: (id = 3829741)

explain: for inserts :: explain INSERT INTO sbtest%u (id, k, c, pad) VALUES (%u, 13, 'foobar', 'foobar')
for: simple_ranges
table 1 : explain SELECT c FROM sbtest1 WHERE id BETWEEN 7878678 AND 7878777
	Index Scan using sbtest1_pkey on sbtest1  (cost=0.43..354.96 rows=91 width=121)
	  Index Cond: ((id >= 7878678) AND (id <= 7878777))

table 2 : explain SELECT c FROM sbtest2 WHERE id BETWEEN 6983633 AND 6983732
	Index Scan using sbtest2_pkey on sbtest2  (cost=0.43..387.88 rows=100 width=121)
	  Index Cond: ((id >= 6983633) AND (id <= 6983732))

table 3 : explain SELECT c FROM sbtest3 WHERE id BETWEEN 8461258 AND 8461357
	Index Scan using sbtest3_pkey on sbtest3  (cost=0.43..394.32 rows=101 width=121)
	  Index Cond: ((id >= 8461258) AND (id <= 8461357))

table 4 : explain SELECT c FROM sbtest4 WHERE id BETWEEN 7054640 AND 7054739
	Index Scan using sbtest4_pkey on sbtest4  (cost=0.43..414.24 rows=106 width=121)
	  Index Cond: ((id >= 7054640) AND (id <= 7054739))

table 5 : explain SELECT c FROM sbtest5 WHERE id BETWEEN 3701648 AND 3701747
	Index Scan using sbtest5_pkey on sbtest5  (cost=0.43..391.07 rows=101 width=121)
	  Index Cond: ((id >= 3701648) AND (id <= 3701747))

table 6 : explain SELECT c FROM sbtest6 WHERE id BETWEEN 5705641 AND 5705740
	Index Scan using sbtest6_pkey on sbtest6  (cost=0.43..379.62 rows=98 width=121)
	  Index Cond: ((id >= 5705641) AND (id <= 5705740))

table 7 : explain SELECT c FROM sbtest7 WHERE id BETWEEN 6861194 AND 6861293
	Index Scan using sbtest7_pkey on sbtest7  (cost=0.43..414.40 rows=107 width=121)
	  Index Cond: ((id >= 6861194) AND (id <= 6861293))

table 8 : explain SELECT c FROM sbtest8 WHERE id BETWEEN 8234632 AND 8234731
	Index Scan using sbtest8_pkey on sbtest8  (cost=0.43..392.46 rows=101 width=121)
	  Index Cond: ((id >= 8234632) AND (id <= 8234731))

explain: for inserts :: explain INSERT INTO sbtest%u (id, k, c, pad) VALUES (%u, 13, 'foobar', 'foobar')
explain: for non_index_updates :: explain UPDATE sbtest%u SET c='foobar' WHERE id=%u
for non_index_updates
table 1 : explain UPDATE sbtest1 SET c='foobar' WHERE id=9532805
	Update on sbtest1  (cost=0.43..8.45 rows=0 width=0)
	  ->  Index Scan using sbtest1_pkey on sbtest1  (cost=0.43..8.45 rows=1 width=490)
	        Index Cond: (id = 9532805)

table 2 : explain UPDATE sbtest2 SET c='foobar' WHERE id=4734342
	Update on sbtest2  (cost=0.43..8.45 rows=0 width=0)
	  ->  Index Scan using sbtest2_pkey on sbtest2  (cost=0.43..8.45 rows=1 width=490)
	        Index Cond: (id = 4734342)

table 3 : explain UPDATE sbtest3 SET c='foobar' WHERE id=6732726
	Update on sbtest3  (cost=0.43..8.45 rows=0 width=0)
	  ->  Index Scan using sbtest3_pkey on sbtest3  (cost=0.43..8.45 rows=1 width=490)
	        Index Cond: (id = 6732726)

table 4 : explain UPDATE sbtest4 SET c='foobar' WHERE id=8453775
	Update on sbtest4  (cost=0.43..8.45 rows=0 width=0)
	  ->  Index Scan using sbtest4_pkey on sbtest4  (cost=0.43..8.45 rows=1 width=490)
	        Index Cond: (id = 8453775)

table 5 : explain UPDATE sbtest5 SET c='foobar' WHERE id=9348073
	Update on sbtest5  (cost=0.43..8.45 rows=0 width=0)
	  ->  Index Scan using sbtest5_pkey on sbtest5  (cost=0.43..8.45 rows=1 width=490)
	        Index Cond: (id = 9348073)

table 6 : explain UPDATE sbtest6 SET c='foobar' WHERE id=3324119
	Update on sbtest6  (cost=0.43..8.45 rows=0 width=0)
	  ->  Index Scan using sbtest6_pkey on sbtest6  (cost=0.43..8.45 rows=1 width=490)
	        Index Cond: (id = 3324119)

table 7 : explain UPDATE sbtest7 SET c='foobar' WHERE id=9061300
	Update on sbtest7  (cost=0.43..8.45 rows=0 width=0)
	  ->  Index Scan using sbtest7_pkey on sbtest7  (cost=0.43..8.45 rows=1 width=490)
	        Index Cond: (id = 9061300)

table 8 : explain UPDATE sbtest8 SET c='foobar' WHERE id=2750128
	Update on sbtest8  (cost=0.43..8.45 rows=0 width=0)
	  ->  Index Scan using sbtest8_pkey on sbtest8  (cost=0.43..8.45 rows=1 width=490)
	        Index Cond: (id = 2750128)

explain: for point_selects :: explain SELECT c FROM sbtest%u WHERE id=%u
for: distinct_ranges
table 1 : explain SELECT DISTINCT c FROM sbtest1 WHERE id BETWEEN 2837582 AND 2837681 ORDER BY c
	Unique  (cost=389.03..389.53 rows=99 width=121)
	  ->  Sort  (cost=389.03..389.28 rows=99 width=121)
	        Sort Key: c
	        ->  Index Scan using sbtest1_pkey on sbtest1  (cost=0.43..385.75 rows=99 width=121)
	              Index Cond: ((id >= 2837582) AND (id <= 2837681))

table 2 : explain SELECT DISTINCT c FROM sbtest2 WHERE id BETWEEN 1633972 AND 1634071 ORDER BY c
	Unique  (cost=387.33..387.82 rows=99 width=121)
	  ->  Sort  (cost=387.33..387.58 rows=99 width=121)
	        Sort Key: c
	        ->  Index Scan using sbtest2_pkey on sbtest2  (cost=0.43..384.05 rows=99 width=121)
	              Index Cond: ((id >= 1633972) AND (id <= 1634071))

table 3 : explain SELECT DISTINCT c FROM sbtest3 WHERE id BETWEEN 1436236 AND 1436335 ORDER BY c
	Unique  (cost=393.79..394.29 rows=100 width=121)
	  ->  Sort  (cost=393.79..394.04 rows=100 width=121)
	        Sort Key: c
	        ->  Index Scan using sbtest3_pkey on sbtest3  (cost=0.43..390.46 rows=100 width=121)
	              Index Cond: ((id >= 1436236) AND (id <= 1436335))

table 4 : explain SELECT DISTINCT c FROM sbtest4 WHERE id BETWEEN 9212011 AND 9212110 ORDER BY c
	Unique  (cost=390.43..390.93 rows=99 width=121)
	  ->  Sort  (cost=390.43..390.68 rows=99 width=121)
	        Sort Key: c
	        ->  Index Scan using sbtest4_pkey on sbtest4  (cost=0.43..387.15 rows=99 width=121)
	              Index Cond: ((id >= 9212011) AND (id <= 9212110))

table 5 : explain SELECT DISTINCT c FROM sbtest5 WHERE id BETWEEN 2446143 AND 2446242 ORDER BY c
	Unique  (cost=402.17..402.68 rows=103 width=121)
	  ->  Sort  (cost=402.17..402.42 rows=103 width=121)
	        Sort Key: c
	        ->  Index Scan using sbtest5_pkey on sbtest5  (cost=0.43..398.72 rows=103 width=121)
	              Index Cond: ((id >= 2446143) AND (id <= 2446242))

table 6 : explain SELECT DISTINCT c FROM sbtest6 WHERE id BETWEEN 505945 AND 506044 ORDER BY c
	Unique  (cost=402.24..402.75 rows=103 width=121)
	  ->  Sort  (cost=402.24..402.50 rows=103 width=121)
	        Sort Key: c
	        ->  Index Scan using sbtest6_pkey on sbtest6  (cost=0.43..398.80 rows=103 width=121)
	              Index Cond: ((id >= 505945) AND (id <= 506044))

table 7 : explain SELECT DISTINCT c FROM sbtest7 WHERE id BETWEEN 2908003 AND 2908102 ORDER BY c
	Unique  (cost=398.66..399.17 rows=102 width=121)
	  ->  Sort  (cost=398.66..398.92 rows=102 width=121)
	        Sort Key: c
	        ->  Index Scan using sbtest7_pkey on sbtest7  (cost=0.43..395.26 rows=102 width=121)
	              Index Cond: ((id >= 2908003) AND (id <= 2908102))

table 8 : explain SELECT DISTINCT c FROM sbtest8 WHERE id BETWEEN 9176191 AND 9176290 ORDER BY c
	Unique  (cost=388.02..388.52 rows=99 width=121)
	  ->  Sort  (cost=388.02..388.27 rows=99 width=121)
	        Sort Key: c
	        ->  Index Scan using sbtest8_pkey on sbtest8  (cost=0.43..384.74 rows=99 width=121)
	              Index Cond: ((id >= 9176191) AND (id <= 9176290))

explain: for point_selects :: explain SELECT c FROM sbtest%u WHERE id=%uexplain: for deletes :: explain DELETE FROM sbtest%u WHERE id=%u

for non_index_updates
table 1 : explain UPDATE sbtest1 SET c='foobar' WHERE id=6063147
	Update on sbtest1  (cost=0.43..8.45 rows=0 width=0)
	  ->  Index Scan using sbtest1_pkey on sbtest1  (cost=0.43..8.45 rows=1 width=490)
	        Index Cond: (id = 6063147)

table 2 : explain UPDATE sbtest2 SET c='foobar' WHERE id=7483320
	Update on sbtest2  (cost=0.43..8.45 rows=0 width=0)
	  ->  Index Scan using sbtest2_pkey on sbtest2  (cost=0.43..8.45 rows=1 width=490)
	        Index Cond: (id = 7483320)

table 3 : explain UPDATE sbtest3 SET c='foobar' WHERE id=98393
	Update on sbtest3  (cost=0.43..8.45 rows=0 width=0)
	  ->  Index Scan using sbtest3_pkey on sbtest3  (cost=0.43..8.45 rows=1 width=490)
	        Index Cond: (id = 98393)

table 4 : explain UPDATE sbtest4 SET c='foobar' WHERE id=6109168
	Update on sbtest4  (cost=0.43..8.45 rows=0 width=0)
	  ->  Index Scan using sbtest4_pkey on sbtest4  (cost=0.43..8.45 rows=1 width=490)
	        Index Cond: (id = 6109168)

table 5 : explain UPDATE sbtest5 SET c='foobar' WHERE id=3300063
	Update on sbtest5  (cost=0.43..8.45 rows=0 width=0)
	  ->  Index Scan using sbtest5_pkey on sbtest5  (cost=0.43..8.45 rows=1 width=490)
	        Index Cond: (id = 3300063)

table 6 : explain UPDATE sbtest6 SET c='foobar' WHERE id=3842156
	Update on sbtest6  (cost=0.43..8.45 rows=0 width=0)
	  ->  Index Scan using sbtest6_pkey on sbtest6  (cost=0.43..8.45 rows=1 width=490)
	        Index Cond: (id = 3842156)

table 7 : explain UPDATE sbtest7 SET c='foobar' WHERE id=9266184
	Update on sbtest7  (cost=0.43..8.45 rows=0 width=0)
	  ->  Index Scan using sbtest7_pkey on sbtest7  (cost=0.43..8.45 rows=1 width=490)
	        Index Cond: (id = 9266184)

table 8 : explain UPDATE sbtest8 SET c='foobar' WHERE id=2001362
	Update on sbtest8  (cost=0.43..8.45 rows=0 width=0)
	  ->  Index Scan using sbtest8_pkey on sbtest8  (cost=0.43..8.45 rows=1 width=490)
	        Index Cond: (id = 2001362)

explain: for non_index_updates :: explain UPDATE sbtest%u SET c='foobar' WHERE id=%u
for deletes
table 1 : explain DELETE FROM sbtest1 WHERE id=8682865
	Delete on sbtest1  (cost=0.43..8.45 rows=0 width=0)
	  ->  Index Scan using sbtest1_pkey on sbtest1  (cost=0.43..8.45 rows=1 width=6)
	        Index Cond: (id = 8682865)

table 2 : explain DELETE FROM sbtest2 WHERE id=4304317
	Delete on sbtest2  (cost=0.43..8.45 rows=0 width=0)
	  ->  Index Scan using sbtest2_pkey on sbtest2  (cost=0.43..8.45 rows=1 width=6)
	        Index Cond: (id = 4304317)

table 3 : explain DELETE FROM sbtest3 WHERE id=6254403
	Delete on sbtest3  (cost=0.43..8.45 rows=0 width=0)
	  ->  Index Scan using sbtest3_pkey on sbtest3  (cost=0.43..8.45 rows=1 width=6)
	        Index Cond: (id = 6254403)

table 4 : explain DELETE FROM sbtest4 WHERE id=4515118
	Delete on sbtest4  (cost=0.43..8.45 rows=0 width=0)
	  ->  Index Scan using sbtest4_pkey on sbtest4  (cost=0.43..8.45 rows=1 width=6)
	        Index Cond: (id = 4515118)

table 5 : explain DELETE FROM sbtest5 WHERE id=1811145
	Delete on sbtest5  (cost=0.43..8.45 rows=0 width=0)
	  ->  Index Scan using sbtest5_pkey on sbtest5  (cost=0.43..8.45 rows=1 width=6)
	        Index Cond: (id = 1811145)

table 6 : explain DELETE FROM sbtest6 WHERE id=6136924
	Delete on sbtest6  (cost=0.43..8.45 rows=0 width=0)
	  ->  Index Scan using sbtest6_pkey on sbtest6  (cost=0.43..8.45 rows=1 width=6)
	        Index Cond: (id = 6136924)

table 7 : explain DELETE FROM sbtest7 WHERE id=8000570
	Delete on sbtest7  (cost=0.43..8.45 rows=0 width=0)
	  ->  Index Scan using sbtest7_pkey on sbtest7  (cost=0.43..8.45 rows=1 width=6)
	        Index Cond: (id = 8000570)

table 8 : explain DELETE FROM sbtest8 WHERE id=8168384
	Delete on sbtest8  (cost=0.43..8.45 rows=0 width=0)
	  ->  Index Scan using sbtest8_pkey on sbtest8  (cost=0.43..8.45 rows=1 width=6)
	        Index Cond: (id = 8168384)

explain: for index_updates :: explain UPDATE sbtest%u SET k=k+1 WHERE id=%u
for inserts
table 1 : explain INSERT INTO sbtest1 (id, k, c, pad) VALUES (4229315, 13, 'foobar', 'foobar')
	Insert on sbtest1  (cost=0.00..0.01 rows=0 width=0)
	  ->  Result  (cost=0.00..0.01 rows=1 width=736)

table 2 : explain INSERT INTO sbtest2 (id, k, c, pad) VALUES (2334482, 13, 'foobar', 'foobar')
	Insert on sbtest2  (cost=0.00..0.01 rows=0 width=0)
	  ->  Result  (cost=0.00..0.01 rows=1 width=736)

table 3 : explain INSERT INTO sbtest3 (id, k, c, pad) VALUES (2452119, 13, 'foobar', 'foobar')
	Insert on sbtest3  (cost=0.00..0.01 rows=0 width=0)
	  ->  Result  (cost=0.00..0.01 rows=1 width=736)

table 4 : explain INSERT INTO sbtest4 (id, k, c, pad) VALUES (3320833, 13, 'foobar', 'foobar')
	Insert on sbtest4  (cost=0.00..0.01 rows=0 width=0)
	  ->  Result  (cost=0.00..0.01 rows=1 width=736)

table 5 : explain INSERT INTO sbtest5 (id, k, c, pad) VALUES (5897429, 13, 'foobar', 'foobar')
	Insert on sbtest5  (cost=0.00..0.01 rows=0 width=0)
	  ->  Result  (cost=0.00..0.01 rows=1 width=736)

table 6 : explain INSERT INTO sbtest6 (id, k, c, pad) VALUES (484895, 13, 'foobar', 'foobar')
	Insert on sbtest6  (cost=0.00..0.01 rows=0 width=0)
	  ->  Result  (cost=0.00..0.01 rows=1 width=736)

table 7 : explain INSERT INTO sbtest7 (id, k, c, pad) VALUES (2496361, 13, 'foobar', 'foobar')
	Insert on sbtest7  (cost=0.00..0.01 rows=0 width=0)
	  ->  Result  (cost=0.00..0.01 rows=1 width=736)

table 8 : explain INSERT INTO sbtest8 (id, k, c, pad) VALUES (3089971, 13, 'foobar', 'foobar')
	Insert on sbtest8  (cost=0.00..0.01 rows=0 width=0)
	  ->  Result  (cost=0.00..0.01 rows=1 width=736)

explain: for deletes :: explain DELETE FROM sbtest%u WHERE id=%u
for inserts
table 1 : explain INSERT INTO sbtest1 (id, k, c, pad) VALUES (1060617, 13, 'foobar', 'foobar')
	Insert on sbtest1  (cost=0.00..0.01 rows=0 width=0)
	  ->  Result  (cost=0.00..0.01 rows=1 width=736)

table 2 : explain INSERT INTO sbtest2 (id, k, c, pad) VALUES (961300, 13, 'foobar', 'foobar')
	Insert on sbtest2  (cost=0.00..0.01 rows=0 width=0)
	  ->  Result  (cost=0.00..0.01 rows=1 width=736)

table 3 : explain INSERT INTO sbtest3 (id, k, c, pad) VALUES (7476761, 13, 'foobar', 'foobar')
	Insert on sbtest3  (cost=0.00..0.01 rows=0 width=0)
	  ->  Result  (cost=0.00..0.01 rows=1 width=736)

table 4 : explain INSERT INTO sbtest4 (id, k, c, pad) VALUES (1582797, 13, 'foobar', 'foobar')
	Insert on sbtest4  (cost=0.00..0.01 rows=0 width=0)
	  ->  Result  (cost=0.00..0.01 rows=1 width=736)

table 5 : explain INSERT INTO sbtest5 (id, k, c, pad) VALUES (6157633, 13, 'foobar', 'foobar')
	Insert on sbtest5  (cost=0.00..0.01 rows=0 width=0)
	  ->  Result  (cost=0.00..0.01 rows=1 width=736)

table 6 : explain INSERT INTO sbtest6 (id, k, c, pad) VALUES (3155659, 13, 'foobar', 'foobar')
	Insert on sbtest6  (cost=0.00..0.01 rows=0 width=0)
	  ->  Result  (cost=0.00..0.01 rows=1 width=736)

table 7 : explain INSERT INTO sbtest7 (id, k, c, pad) VALUES (7580235, 13, 'foobar', 'foobar')
	Insert on sbtest7  (cost=0.00..0.01 rows=0 width=0)
	  ->  Result  (cost=0.00..0.01 rows=1 width=736)

table 8 : explain INSERT INTO sbtest8 (id, k, c, pad) VALUES (8395214, 13, 'foobar', 'foobar')
	Insert on sbtest8  (cost=0.00..0.01 rows=0 width=0)
	  ->  Result  (cost=0.00..0.01 rows=1 width=736)

for: distinct_ranges
table 1 : explain SELECT DISTINCT c FROM sbtest1 WHERE id BETWEEN 684844 AND 684943 ORDER BY c
	Unique  (cost=369.59..370.06 rows=94 width=121)
	  ->  Sort  (cost=369.59..369.82 rows=94 width=121)
	        Sort Key: c
	        ->  Index Scan using sbtest1_pkey on sbtest1  (cost=0.43..366.51 rows=94 width=121)
	              Index Cond: ((id >= 684844) AND (id <= 684943))

table 2 : explain SELECT DISTINCT c FROM sbtest2 WHERE id BETWEEN 3841481 AND 3841580 ORDER BY c
	Unique  (cost=367.92..368.39 rows=94 width=121)
	  ->  Sort  (cost=367.92..368.16 rows=94 width=121)
	        Sort Key: c
	        ->  Index Scan using sbtest2_pkey on sbtest2  (cost=0.43..364.84 rows=94 width=121)
	              Index Cond: ((id >= 3841481) AND (id <= 3841580))

table 3 : explain SELECT DISTINCT c FROM sbtest3 WHERE id BETWEEN 1421620 AND 1421719 ORDER BY c
	Unique  (cost=393.79..394.29 rows=100 width=121)
	  ->  Sort  (cost=393.79..394.04 rows=100 width=121)
	        Sort Key: c
	        ->  Index Scan using sbtest3_pkey on sbtest3  (cost=0.43..390.46 rows=100 width=121)
	              Index Cond: ((id >= 1421620) AND (id <= 1421719))

table 4 : explain SELECT DISTINCT c FROM sbtest4 WHERE id BETWEEN 340653 AND 340752 ORDER BY c
	Unique  (cost=398.28..398.79 rows=101 width=121)
	  ->  Sort  (cost=398.28..398.53 rows=101 width=121)
	        Sort Key: c
	        ->  Index Scan using sbtest4_pkey on sbtest4  (cost=0.43..394.92 rows=101 width=121)
	              Index Cond: ((id >= 340653) AND (id <= 340752))

table 5 : explain SELECT DISTINCT c FROM sbtest5 WHERE id BETWEEN 2464518 AND 2464617 ORDER BY c
	Unique  (cost=402.17..402.68 rows=103 width=121)
	  ->  Sort  (cost=402.17..402.42 rows=103 width=121)
	        Sort Key: c
	        ->  Index Scan using sbtest5_pkey on sbtest5  (cost=0.43..398.72 rows=103 width=121)
	              Index Cond: ((id >= 2464518) AND (id <= 2464617))

table 6 : explain SELECT DISTINCT c FROM sbtest6 WHERE id BETWEEN 6354135 AND 6354234 ORDER BY c
	Unique  (cost=425.44..425.98 rows=109 width=121)
	  ->  Sort  (cost=425.44..425.71 rows=109 width=121)
	        Sort Key: c
	        ->  Index Scan using sbtest6_pkey on sbtest6  (cost=0.43..421.75 rows=109 width=121)
	              Index Cond: ((id >= 6354135) AND (id <= 6354234))

table 7 : explain SELECT DISTINCT c FROM sbtest7 WHERE id BETWEEN 7528582 AND 7528681 ORDER BY c
	Unique  (cost=406.40..406.92 rows=104 width=121)
	  ->  Sort  (cost=406.40..406.66 rows=104 width=121)
	        Sort Key: c
	        ->  Index Scan using sbtest7_pkey on sbtest7  (cost=0.43..402.91 rows=104 width=121)
	              Index Cond: ((id >= 7528582) AND (id <= 7528681))

table 8 : explain SELECT DISTINCT c FROM sbtest8 WHERE id BETWEEN 5906114 AND 5906213 ORDER BY c
	Unique  (cost=403.58..404.10 rows=103 width=121)
	  ->  Sort  (cost=403.58..403.84 rows=103 width=121)
	        Sort Key: c
	        ->  Index Scan using sbtest8_pkey on sbtest8  (cost=0.43..400.14 rows=103 width=121)
	              Index Cond: ((id >= 5906114) AND (id <= 5906213))

explain: for inserts :: explain INSERT INTO sbtest%u (id, k, c, pad) VALUES (%u, 13, 'foobar', 'foobar')
for: sum_ranges
table 1 : explain SELECT SUM(k) FROM sbtest1 WHERE id BETWEEN 6051859 AND 6051958
	Aggregate  (cost=424.56..424.57 rows=1 width=8)
	  ->  Index Scan using sbtest1_pkey on sbtest1  (cost=0.43..424.29 rows=109 width=4)
	        Index Cond: ((id >= 6051859) AND (id <= 6051958))

table 2 : explain SELECT SUM(k) FROM sbtest2 WHERE id BETWEEN 8286112 AND 8286211
	Aggregate  (cost=388.13..388.14 rows=1 width=8)
	  ->  Index Scan using sbtest2_pkey on sbtest2  (cost=0.43..387.88 rows=100 width=4)
	        Index Cond: ((id >= 8286112) AND (id <= 8286211))

table 3 : explain SELECT SUM(k) FROM sbtest3 WHERE id BETWEEN 1110964 AND 1111063
	Aggregate  (cost=413.92..413.93 rows=1 width=8)
	  ->  Index Scan using sbtest3_pkey on sbtest3  (cost=0.43..413.65 rows=106 width=4)
	        Index Cond: ((id >= 1110964) AND (id <= 1111063))

table 4 : explain SELECT SUM(k) FROM sbtest4 WHERE id BETWEEN 474167 AND 474266
	Aggregate  (cost=429.97..429.98 rows=1 width=8)
	  ->  Index Scan using sbtest4_pkey on sbtest4  (cost=0.43..429.69 rows=110 width=4)
	        Index Cond: ((id >= 474167) AND (id <= 474266))

table 5 : explain SELECT SUM(k) FROM sbtest5 WHERE id BETWEEN 2983316 AND 2983415
	Aggregate  (cost=379.79..379.80 rows=1 width=8)
	  ->  Index Scan using sbtest5_pkey on sbtest5  (cost=0.43..379.55 rows=98 width=4)
	        Index Cond: ((id >= 2983316) AND (id <= 2983415))

table 6 : explain SELECT SUM(k) FROM sbtest6 WHERE id BETWEEN 7742298 AND 7742397
	Aggregate  (cost=379.86..379.87 rows=1 width=8)
	  ->  Index Scan using sbtest6_pkey on sbtest6  (cost=0.43..379.62 rows=98 width=4)
	        Index Cond: ((id >= 7742298) AND (id <= 7742397))

table 7 : explain SELECT SUM(k) FROM sbtest7 WHERE id BETWEEN 3184533 AND 3184632
	Aggregate  (cost=399.34..399.35 rows=1 width=8)
	  ->  Index Scan using sbtest7_pkey on sbtest7  (cost=0.43..399.09 rows=103 width=4)
	        Index Cond: ((id >= 3184533) AND (id <= 3184632))

table 8 : explain SELECT SUM(k) FROM sbtest8 WHERE id BETWEEN 161284 AND 161383
	Aggregate  (cost=411.92..411.93 rows=1 width=8)
	  ->  Index Scan using sbtest8_pkey on sbtest8  (cost=0.43..411.66 rows=106 width=4)
	        Index Cond: ((id >= 161284) AND (id <= 161383))

for index_updates
table 1 : explain UPDATE sbtest1 SET k=k+1 WHERE id=6883976
	Update on sbtest1  (cost=0.43..8.46 rows=0 width=0)
	  ->  Index Scan using sbtest1_pkey on sbtest1  (cost=0.43..8.46 rows=1 width=10)
	        Index Cond: (id = 6883976)

table 2 : explain UPDATE sbtest2 SET k=k+1 WHERE id=8843959
	Update on sbtest2  (cost=0.43..8.46 rows=0 width=0)
	  ->  Index Scan using sbtest2_pkey on sbtest2  (cost=0.43..8.46 rows=1 width=10)
	        Index Cond: (id = 8843959)

table 3 : explain UPDATE sbtest3 SET k=k+1 WHERE id=9976427
	Update on sbtest3  (cost=0.43..8.46 rows=0 width=0)
	  ->  Index Scan using sbtest3_pkey on sbtest3  (cost=0.43..8.46 rows=1 width=10)
	        Index Cond: (id = 9976427)

table 4 : explain UPDATE sbtest4 SET k=k+1 WHERE id=9938854
	Update on sbtest4  (cost=0.43..8.46 rows=0 width=0)
	  ->  Index Scan using sbtest4_pkey on sbtest4  (cost=0.43..8.46 rows=1 width=10)
	        Index Cond: (id = 9938854)

table 5 : explain UPDATE sbtest5 SET k=k+1 WHERE id=6770937
	Update on sbtest5  (cost=0.43..8.46 rows=0 width=0)
	  ->  Index Scan using sbtest5_pkey on sbtest5  (cost=0.43..8.46 rows=1 width=10)
	        Index Cond: (id = 6770937)

table 6 : explain UPDATE sbtest6 SET k=k+1 WHERE id=1470459
	Update on sbtest6  (cost=0.43..8.46 rows=0 width=0)
	  ->  Index Scan using sbtest6_pkey on sbtest6  (cost=0.43..8.46 rows=1 width=10)
	        Index Cond: (id = 1470459)

table 7 : explain UPDATE sbtest7 SET k=k+1 WHERE id=9784058
	Update on sbtest7  (cost=0.43..8.46 rows=0 width=0)
	  ->  Index Scan using sbtest7_pkey on sbtest7  (cost=0.43..8.46 rows=1 width=10)
	        Index Cond: (id = 9784058)

table 8 : explain UPDATE sbtest8 SET k=k+1 WHERE id=8416947
	Update on sbtest8  (cost=0.43..8.46 rows=0 width=0)
	  ->  Index Scan using sbtest8_pkey on sbtest8  (cost=0.43..8.46 rows=1 width=10)
	        Index Cond: (id = 8416947)

for deletes
table 1 : explain DELETE FROM sbtest1 WHERE id=5144963
	Delete on sbtest1  (cost=0.43..8.45 rows=0 width=0)
	  ->  Index Scan using sbtest1_pkey on sbtest1  (cost=0.43..8.45 rows=1 width=6)
	        Index Cond: (id = 5144963)

table 2 : explain DELETE FROM sbtest2 WHERE id=8722445
	Delete on sbtest2  (cost=0.43..8.45 rows=0 width=0)
	  ->  Index Scan using sbtest2_pkey on sbtest2  (cost=0.43..8.45 rows=1 width=6)
	        Index Cond: (id = 8722445)

table 3 : explain DELETE FROM sbtest3 WHERE id=5999405
	Delete on sbtest3  (cost=0.43..8.45 rows=0 width=0)
	  ->  Index Scan using sbtest3_pkey on sbtest3  (cost=0.43..8.45 rows=1 width=6)
	        Index Cond: (id = 5999405)

table 4 : explain DELETE FROM sbtest4 WHERE id=4953263
	Delete on sbtest4  (cost=0.43..8.45 rows=0 width=0)
	  ->  Index Scan using sbtest4_pkey on sbtest4  (cost=0.43..8.45 rows=1 width=6)
	        Index Cond: (id = 4953263)

table 5 : explain DELETE FROM sbtest5 WHERE id=8397065
	Delete on sbtest5  (cost=0.43..8.45 rows=0 width=0)
	  ->  Index Scan using sbtest5_pkey on sbtest5  (cost=0.43..8.45 rows=1 width=6)
	        Index Cond: (id = 8397065)

table 6 : explain DELETE FROM sbtest6 WHERE id=748391
	Delete on sbtest6  (cost=0.43..8.45 rows=0 width=0)
	  ->  Index Scan using sbtest6_pkey on sbtest6  (cost=0.43..8.45 rows=1 width=6)
	        Index Cond: (id = 748391)

table 7 : explain DELETE FROM sbtest7 WHERE id=4235863
	Delete on sbtest7  (cost=0.43..8.45 rows=0 width=0)
	  ->  Index Scan using sbtest7_pkey on sbtest7  (cost=0.43..8.45 rows=1 width=6)
	        Index Cond: (id = 4235863)

table 8 : explain DELETE FROM sbtest8 WHERE id=2001592
	Delete on sbtest8  (cost=0.43..8.45 rows=0 width=0)
	  ->  Index Scan using sbtest8_pkey on sbtest8  (cost=0.43..8.45 rows=1 width=6)
	        Index Cond: (id = 2001592)

for inserts
table 1 : explain INSERT INTO sbtest1 (id, k, c, pad) VALUES (239953, 13, 'foobar', 'foobar')
	Insert on sbtest1  (cost=0.00..0.01 rows=0 width=0)
	  ->  Result  (cost=0.00..0.01 rows=1 width=736)

table 2 : explain INSERT INTO sbtest2 (id, k, c, pad) VALUES (4763757, 13, 'foobar', 'foobar')
	Insert on sbtest2  (cost=0.00..0.01 rows=0 width=0)
	  ->  Result  (cost=0.00..0.01 rows=1 width=736)

table 3 : explain INSERT INTO sbtest3 (id, k, c, pad) VALUES (5904618, 13, 'foobar', 'foobar')
	Insert on sbtest3  (cost=0.00..0.01 rows=0 width=0)
	  ->  Result  (cost=0.00..0.01 rows=1 width=736)

table 4 : explain INSERT INTO sbtest4 (id, k, c, pad) VALUES (2206092, 13, 'foobar', 'foobar')
	Insert on sbtest4  (cost=0.00..0.01 rows=0 width=0)
	  ->  Result  (cost=0.00..0.01 rows=1 width=736)

table 5 : explain INSERT INTO sbtest5 (id, k, c, pad) VALUES (6598865, 13, 'foobar', 'foobar')
	Insert on sbtest5  (cost=0.00..0.01 rows=0 width=0)
	  ->  Result  (cost=0.00..0.01 rows=1 width=736)

table 6 : explain INSERT INTO sbtest6 (id, k, c, pad) VALUES (7809846, 13, 'foobar', 'foobar')
	Insert on sbtest6  (cost=0.00..0.01 rows=0 width=0)
	  ->  Result  (cost=0.00..0.01 rows=1 width=736)

table 7 : explain INSERT INTO sbtest7 (id, k, c, pad) VALUES (381084, 13, 'foobar', 'foobar')
	Insert on sbtest7  (cost=0.00..0.01 rows=0 width=0)
	  ->  Result  (cost=0.00..0.01 rows=1 width=736)

table 8 : explain INSERT INTO sbtest8 (id, k, c, pad) VALUES (9236369, 13, 'foobar', 'foobar')
	Insert on sbtest8  (cost=0.00..0.01 rows=0 width=0)
	  ->  Result  (cost=0.00..0.01 rows=1 width=736)

explain: for non_index_updates :: explain UPDATE sbtest%u SET c='foobar' WHERE id=%u
explain: for index_updates :: explain UPDATE sbtest%u SET k=k+1 WHERE id=%u
explain: for inserts :: explain INSERT INTO sbtest%u (id, k, c, pad) VALUES (%u, 13, 'foobar', 'foobar')
for non_index_updates
table 1 : explain UPDATE sbtest1 SET c='foobar' WHERE id=6003929
	Update on sbtest1  (cost=0.43..8.45 rows=0 width=0)
	  ->  Index Scan using sbtest1_pkey on sbtest1  (cost=0.43..8.45 rows=1 width=490)
	        Index Cond: (id = 6003929)

table 2 : explain UPDATE sbtest2 SET c='foobar' WHERE id=3075814
	Update on sbtest2  (cost=0.43..8.45 rows=0 width=0)
	  ->  Index Scan using sbtest2_pkey on sbtest2  (cost=0.43..8.45 rows=1 width=490)
	        Index Cond: (id = 3075814)

table 3 : explain UPDATE sbtest3 SET c='foobar' WHERE id=6125618
	Update on sbtest3  (cost=0.43..8.45 rows=0 width=0)
	  ->  Index Scan using sbtest3_pkey on sbtest3  (cost=0.43..8.45 rows=1 width=490)
	        Index Cond: (id = 6125618)

table 4 : explain UPDATE sbtest4 SET c='foobar' WHERE id=4292799
	Update on sbtest4  (cost=0.43..8.45 rows=0 width=0)
	  ->  Index Scan using sbtest4_pkey on sbtest4  (cost=0.43..8.45 rows=1 width=490)
	        Index Cond: (id = 4292799)

table 5 : explain UPDATE sbtest5 SET c='foobar' WHERE id=9778810
	Update on sbtest5  (cost=0.43..8.45 rows=0 width=0)
	  ->  Index Scan using sbtest5_pkey on sbtest5  (cost=0.43..8.45 rows=1 width=490)
	        Index Cond: (id = 9778810)

table 6 : explain UPDATE sbtest6 SET c='foobar' WHERE id=5228462
	Update on sbtest6  (cost=0.43..8.45 rows=0 width=0)
	  ->  Index Scan using sbtest6_pkey on sbtest6  (cost=0.43..8.45 rows=1 width=490)
	        Index Cond: (id = 5228462)

table 7 : explain UPDATE sbtest7 SET c='foobar' WHERE id=1896481
	Update on sbtest7  (cost=0.43..8.45 rows=0 width=0)
	  ->  Index Scan using sbtest7_pkey on sbtest7  (cost=0.43..8.45 rows=1 width=490)
	        Index Cond: (id = 1896481)

table 8 : explain UPDATE sbtest8 SET c='foobar' WHERE id=1208538
	Update on sbtest8  (cost=0.43..8.45 rows=0 width=0)
	  ->  Index Scan using sbtest8_pkey on sbtest8  (cost=0.43..8.45 rows=1 width=490)
	        Index Cond: (id = 1208538)

for inserts
table 1 : explain INSERT INTO sbtest1 (id, k, c, pad) VALUES (3562173, 13, 'foobar', 'foobar')
	Insert on sbtest1  (cost=0.00..0.01 rows=0 width=0)
	  ->  Result  (cost=0.00..0.01 rows=1 width=736)

table 2 : explain INSERT INTO sbtest2 (id, k, c, pad) VALUES (8334324, 13, 'foobar', 'foobar')
	Insert on sbtest2  (cost=0.00..0.01 rows=0 width=0)
	  ->  Result  (cost=0.00..0.01 rows=1 width=736)

table 3 : explain INSERT INTO sbtest3 (id, k, c, pad) VALUES (1324142, 13, 'foobar', 'foobar')
	Insert on sbtest3  (cost=0.00..0.01 rows=0 width=0)
	  ->  Result  (cost=0.00..0.01 rows=1 width=736)

table 4 : explain INSERT INTO sbtest4 (id, k, c, pad) VALUES (1410287, 13, 'foobar', 'foobar')
	Insert on sbtest4  (cost=0.00..0.01 rows=0 width=0)
	  ->  Result  (cost=0.00..0.01 rows=1 width=736)

table 5 : explain INSERT INTO sbtest5 (id, k, c, pad) VALUES (4098293, 13, 'foobar', 'foobar')
	Insert on sbtest5  (cost=0.00..0.01 rows=0 width=0)
	  ->  Result  (cost=0.00..0.01 rows=1 width=736)

table 6 : explain INSERT INTO sbtest6 (id, k, c, pad) VALUES (3257260, 13, 'foobar', 'foobar')
	Insert on sbtest6  (cost=0.00..0.01 rows=0 width=0)
	  ->  Result  (cost=0.00..0.01 rows=1 width=736)

table 7 : explain INSERT INTO sbtest7 (id, k, c, pad) VALUES (138117, 13, 'foobar', 'foobar')
	Insert on sbtest7  (cost=0.00..0.01 rows=0 width=0)
	  ->  Result  (cost=0.00..0.01 rows=1 width=736)

table 8 : explain INSERT INTO sbtest8 (id, k, c, pad) VALUES (9436378, 13, 'foobar', 'foobar')
	Insert on sbtest8  (cost=0.00..0.01 rows=0 width=0)
	  ->  Result  (cost=0.00..0.01 rows=1 width=736)

for: order_ranges
table 1 : explain SELECT c FROM sbtest1 WHERE id BETWEEN 4604634 AND 4604733 ORDER BY c
	Sort  (cost=408.52..408.78 rows=104 width=121)
	  Sort Key: c
	  ->  Index Scan using sbtest1_pkey on sbtest1  (cost=0.43..405.04 rows=104 width=121)
	        Index Cond: ((id >= 4604634) AND (id <= 4604733))

table 2 : explain SELECT c FROM sbtest2 WHERE id BETWEEN 399615 AND 399714 ORDER BY c
	Sort  (cost=379.54..379.78 rows=97 width=121)
	  Sort Key: c
	  ->  Index Scan using sbtest2_pkey on sbtest2  (cost=0.43..376.34 rows=97 width=121)
	        Index Cond: ((id >= 399615) AND (id <= 399714))

table 3 : explain SELECT c FROM sbtest3 WHERE id BETWEEN 4103382 AND 4103481 ORDER BY c
	Sort  (cost=382.09..382.33 rows=97 width=121)
	  Sort Key: c
	  ->  Index Scan using sbtest3_pkey on sbtest3  (cost=0.43..378.89 rows=97 width=121)
	        Index Cond: ((id >= 4103382) AND (id <= 4103481))

table 4 : explain SELECT c FROM sbtest4 WHERE id BETWEEN 7335074 AND 7335173 ORDER BY c
	Sort  (cost=382.63..382.87 rows=97 width=121)
	  Sort Key: c
	  ->  Index Scan using sbtest4_pkey on sbtest4  (cost=0.43..379.43 rows=97 width=121)
	        Index Cond: ((id >= 7335074) AND (id <= 7335173))

table 5 : explain SELECT c FROM sbtest5 WHERE id BETWEEN 4332353 AND 4332452 ORDER BY c
	Sort  (cost=386.66..386.90 rows=99 width=121)
	  Sort Key: c
	  ->  Index Scan using sbtest5_pkey on sbtest5  (cost=0.43..383.37 rows=99 width=121)
	        Index Cond: ((id >= 4332353) AND (id <= 4332452))

table 6 : explain SELECT c FROM sbtest6 WHERE id BETWEEN 4726916 AND 4727015 ORDER BY c
	Sort  (cost=398.37..398.63 rows=102 width=121)
	  Sort Key: c
	  ->  Index Scan using sbtest6_pkey on sbtest6  (cost=0.43..394.97 rows=102 width=121)
	        Index Cond: ((id >= 4726916) AND (id <= 4727015))

table 7 : explain SELECT c FROM sbtest7 WHERE id BETWEEN 3614723 AND 3614822 ORDER BY c
	Sort  (cost=414.14..414.40 rows=106 width=121)
	  Sort Key: c
	  ->  Index Scan using sbtest7_pkey on sbtest7  (cost=0.43..410.57 rows=106 width=121)
	        Index Cond: ((id >= 3614723) AND (id <= 3614822))

table 8 : explain SELECT c FROM sbtest8 WHERE id BETWEEN 9826854 AND 9826953 ORDER BY c
	Sort  (cost=399.70..399.96 rows=102 width=121)
	  Sort Key: c
	  ->  Index Scan using sbtest8_pkey on sbtest8  (cost=0.43..396.30 rows=102 width=121)
	        Index Cond: ((id >= 9826854) AND (id <= 9826953))

explain: for deletes :: explain DELETE FROM sbtest%u WHERE id=%u
for point_selects
table 1 : explain SELECT c FROM sbtest1 WHERE id=9881866
	Index Scan using sbtest1_pkey on sbtest1  (cost=0.43..8.45 rows=1 width=121)
	  Index Cond: (id = 9881866)

table 2 : explain SELECT c FROM sbtest2 WHERE id=1281681
	Index Scan using sbtest2_pkey on sbtest2  (cost=0.43..8.45 rows=1 width=121)
	  Index Cond: (id = 1281681)

table 3 : explain SELECT c FROM sbtest3 WHERE id=5126739
	Index Scan using sbtest3_pkey on sbtest3  (cost=0.43..8.45 rows=1 width=121)
	  Index Cond: (id = 5126739)

table 4 : explain SELECT c FROM sbtest4 WHERE id=1763656
	Index Scan using sbtest4_pkey on sbtest4  (cost=0.43..8.45 rows=1 width=121)
	  Index Cond: (id = 1763656)

table 5 : explain SELECT c FROM sbtest5 WHERE id=6878803
	Index Scan using sbtest5_pkey on sbtest5  (cost=0.43..8.45 rows=1 width=121)
	  Index Cond: (id = 6878803)

table 6 : explain SELECT c FROM sbtest6 WHERE id=1494872
	Index Scan using sbtest6_pkey on sbtest6  (cost=0.43..8.45 rows=1 width=121)
	  Index Cond: (id = 1494872)

table 7 : explain SELECT c FROM sbtest7 WHERE id=7617322
	Index Scan using sbtest7_pkey on sbtest7  (cost=0.43..8.45 rows=1 width=121)
	  Index Cond: (id = 7617322)

table 8 : explain SELECT c FROM sbtest8 WHERE id=5871497
	Index Scan using sbtest8_pkey on sbtest8  (cost=0.43..8.45 rows=1 width=121)
	  Index Cond: (id = 5871497)

for index_updates
table 1 : explain UPDATE sbtest1 SET k=k+1 WHERE id=6720290
	Update on sbtest1  (cost=0.43..8.46 rows=0 width=0)
	  ->  Index Scan using sbtest1_pkey on sbtest1  (cost=0.43..8.46 rows=1 width=10)
	        Index Cond: (id = 6720290)

table 2 : explain UPDATE sbtest2 SET k=k+1 WHERE id=1911120
	Update on sbtest2  (cost=0.43..8.46 rows=0 width=0)
	  ->  Index Scan using sbtest2_pkey on sbtest2  (cost=0.43..8.46 rows=1 width=10)
	        Index Cond: (id = 1911120)

table 3 : explain UPDATE sbtest3 SET k=k+1 WHERE id=2784769
	Update on sbtest3  (cost=0.43..8.46 rows=0 width=0)
	  ->  Index Scan using sbtest3_pkey on sbtest3  (cost=0.43..8.46 rows=1 width=10)
	        Index Cond: (id = 2784769)

table 4 : explain UPDATE sbtest4 SET k=k+1 WHERE id=1599401
	Update on sbtest4  (cost=0.43..8.46 rows=0 width=0)
	  ->  Index Scan using sbtest4_pkey on sbtest4  (cost=0.43..8.46 rows=1 width=10)
	        Index Cond: (id = 1599401)

table 5 : explain UPDATE sbtest5 SET k=k+1 WHERE id=1102641
	Update on sbtest5  (cost=0.43..8.46 rows=0 width=0)
	  ->  Index Scan using sbtest5_pkey on sbtest5  (cost=0.43..8.46 rows=1 width=10)
	        Index Cond: (id = 1102641)

table 6 : explain UPDATE sbtest6 SET k=k+1 WHERE id=7545572
	Update on sbtest6  (cost=0.43..8.46 rows=0 width=0)
	  ->  Index Scan using sbtest6_pkey on sbtest6  (cost=0.43..8.46 rows=1 width=10)
	        Index Cond: (id = 7545572)

table 7 : explain UPDATE sbtest7 SET k=k+1 WHERE id=1944464
	Update on sbtest7  (cost=0.43..8.46 rows=0 width=0)
	  ->  Index Scan using sbtest7_pkey on sbtest7  (cost=0.43..8.46 rows=1 width=10)
	        Index Cond: (id = 1944464)

table 8 : explain UPDATE sbtest8 SET k=k+1 WHERE id=6646248
	Update on sbtest8  (cost=0.43..8.46 rows=0 width=0)
	  ->  Index Scan using sbtest8_pkey on sbtest8  (cost=0.43..8.46 rows=1 width=10)
	        Index Cond: (id = 6646248)

for deletes
table 1 : explain DELETE FROM sbtest1 WHERE id=4397728
	Delete on sbtest1  (cost=0.43..8.45 rows=0 width=0)
	  ->  Index Scan using sbtest1_pkey on sbtest1  (cost=0.43..8.45 rows=1 width=6)
	        Index Cond: (id = 4397728)

table 2 : explain DELETE FROM sbtest2 WHERE id=2411381
	Delete on sbtest2  (cost=0.43..8.45 rows=0 width=0)
	  ->  Index Scan using sbtest2_pkey on sbtest2  (cost=0.43..8.45 rows=1 width=6)
	        Index Cond: (id = 2411381)

table 3 : explain DELETE FROM sbtest3 WHERE id=6115820
	Delete on sbtest3  (cost=0.43..8.45 rows=0 width=0)
	  ->  Index Scan using sbtest3_pkey on sbtest3  (cost=0.43..8.45 rows=1 width=6)
	        Index Cond: (id = 6115820)

table 4 : explain DELETE FROM sbtest4 WHERE id=8575876
	Delete on sbtest4  (cost=0.43..8.45 rows=0 width=0)
	  ->  Index Scan using sbtest4_pkey on sbtest4  (cost=0.43..8.45 rows=1 width=6)
	        Index Cond: (id = 8575876)

table 5 : explain DELETE FROM sbtest5 WHERE id=7289653
	Delete on sbtest5  (cost=0.43..8.45 rows=0 width=0)
	  ->  Index Scan using sbtest5_pkey on sbtest5  (cost=0.43..8.45 rows=1 width=6)
	        Index Cond: (id = 7289653)

table 6 : explain DELETE FROM sbtest6 WHERE id=251366
	Delete on sbtest6  (cost=0.43..8.45 rows=0 width=0)
	  ->  Index Scan using sbtest6_pkey on sbtest6  (cost=0.43..8.45 rows=1 width=6)
	        Index Cond: (id = 251366)

table 7 : explain DELETE FROM sbtest7 WHERE id=216029
	Delete on sbtest7  (cost=0.43..8.45 rows=0 width=0)
	  ->  Index Scan using sbtest7_pkey on sbtest7  (cost=0.43..8.45 rows=1 width=6)
	        Index Cond: (id = 216029)

table 8 : explain DELETE FROM sbtest8 WHERE id=3474503
	Delete on sbtest8  (cost=0.43..8.45 rows=0 width=0)
	  ->  Index Scan using sbtest8_pkey on sbtest8  (cost=0.43..8.45 rows=1 width=6)
	        Index Cond: (id = 3474503)

for: distinct_ranges
table 1 : explain SELECT DISTINCT c FROM sbtest1 WHERE id BETWEEN 7332511 AND 7332610 ORDER BY c
	Unique  (cost=365.70..366.16 rows=93 width=121)
	  ->  Sort  (cost=365.70..365.93 rows=93 width=121)
	        Sort Key: c
	        ->  Index Scan using sbtest1_pkey on sbtest1  (cost=0.43..362.66 rows=93 width=121)
	              Index Cond: ((id >= 7332511) AND (id <= 7332610))

table 2 : explain SELECT DISTINCT c FROM sbtest2 WHERE id BETWEEN 8209750 AND 8209849 ORDER BY c
	Unique  (cost=391.20..391.70 rows=100 width=121)
	  ->  Sort  (cost=391.20..391.45 rows=100 width=121)
	        Sort Key: c
	        ->  Index Scan using sbtest2_pkey on sbtest2  (cost=0.43..387.88 rows=100 width=121)
	              Index Cond: ((id >= 8209750) AND (id <= 8209849))

table 3 : explain SELECT DISTINCT c FROM sbtest3 WHERE id BETWEEN 3495875 AND 3495974 ORDER BY c
	Unique  (cost=378.19..378.67 rows=96 width=121)
	  ->  Sort  (cost=378.19..378.43 rows=96 width=121)
	        Sort Key: c
	        ->  Index Scan using sbtest3_pkey on sbtest3  (cost=0.43..375.03 rows=96 width=121)
	              Index Cond: ((id >= 3495875) AND (id <= 3495974))

table 4 : explain SELECT DISTINCT c FROM sbtest4 WHERE id BETWEEN 5416180 AND 5416279 ORDER BY c
	Unique  (cost=406.09..406.60 rows=103 width=121)
	  ->  Sort  (cost=406.09..406.35 rows=103 width=121)
	        Sort Key: c
	        ->  Index Scan using sbtest4_pkey on sbtest4  (cost=0.43..402.65 rows=103 width=121)
	              Index Cond: ((id >= 5416180) AND (id <= 5416279))

table 5 : explain SELECT DISTINCT c FROM sbtest5 WHERE id BETWEEN 8593874 AND 8593973 ORDER BY c
	Unique  (cost=402.17..402.68 rows=103 width=121)
	  ->  Sort  (cost=402.17..402.42 rows=103 width=121)
	        Sort Key: c
	        ->  Index Scan using sbtest5_pkey on sbtest5  (cost=0.43..398.72 rows=103 width=121)
	              Index Cond: ((id >= 8593874) AND (id <= 8593973))

table 6 : explain SELECT DISTINCT c FROM sbtest6 WHERE id BETWEEN 1602324 AND 1602423 ORDER BY c
	Unique  (cost=394.51..395.01 rows=101 width=121)
	  ->  Sort  (cost=394.51..394.76 rows=101 width=121)
	        Sort Key: c
	        ->  Index Scan using sbtest6_pkey on sbtest6  (cost=0.43..391.14 rows=101 width=121)
	              Index Cond: ((id >= 1602324) AND (id <= 1602423))

table 7 : explain SELECT DISTINCT c FROM sbtest7 WHERE id BETWEEN 5276278 AND 5276377 ORDER BY c
	Unique  (cost=390.87..391.37 rows=100 width=121)
	  ->  Sort  (cost=390.87..391.12 rows=100 width=121)
	        Sort Key: c
	        ->  Index Scan using sbtest7_pkey on sbtest7  (cost=0.43..387.55 rows=100 width=121)
	              Index Cond: ((id >= 5276278) AND (id <= 5276377))

table 8 : explain SELECT DISTINCT c FROM sbtest8 WHERE id BETWEEN 4320624 AND 4320723 ORDER BY c
	Unique  (cost=384.14..384.63 rows=98 width=121)
	  ->  Sort  (cost=384.14..384.39 rows=98 width=121)
	        Sort Key: c
	        ->  Index Scan using sbtest8_pkey on sbtest8  (cost=0.43..380.90 rows=98 width=121)
	              Index Cond: ((id >= 4320624) AND (id <= 4320723))

explain: for inserts :: explain INSERT INTO sbtest%u (id, k, c, pad) VALUES (%u, 13, 'foobar', 'foobar')
explain: for non_index_updates :: explain UPDATE sbtest%u SET c='foobar' WHERE id=%u
for: simple_ranges
table 1 : explain SELECT c FROM sbtest1 WHERE id BETWEEN 6303343 AND 6303442
	Index Scan using sbtest1_pkey on sbtest1  (cost=0.43..397.34 rows=102 width=121)
	  Index Cond: ((id >= 6303343) AND (id <= 6303442))

table 2 : explain SELECT c FROM sbtest2 WHERE id BETWEEN 5203440 AND 5203539
	Index Scan using sbtest2_pkey on sbtest2  (cost=0.43..387.88 rows=100 width=121)
	  Index Cond: ((id >= 5203440) AND (id <= 5203539))

table 3 : explain SELECT c FROM sbtest3 WHERE id BETWEEN 8436638 AND 8436737
	Index Scan using sbtest3_pkey on sbtest3  (cost=0.43..394.32 rows=101 width=121)
	  Index Cond: ((id >= 8436638) AND (id <= 8436737))

table 4 : explain SELECT c FROM sbtest4 WHERE id BETWEEN 2850126 AND 2850225
	Index Scan using sbtest4_pkey on sbtest4  (cost=0.43..402.65 rows=103 width=121)
	  Index Cond: ((id >= 2850126) AND (id <= 2850225))

table 5 : explain SELECT c FROM sbtest5 WHERE id BETWEEN 2451343 AND 2451442
	Index Scan using sbtest5_pkey on sbtest5  (cost=0.43..398.72 rows=103 width=121)
	  Index Cond: ((id >= 2451343) AND (id <= 2451442))

table 6 : explain SELECT c FROM sbtest6 WHERE id BETWEEN 9370137 AND 9370236
	Index Scan using sbtest6_pkey on sbtest6  (cost=0.43..402.62 rows=104 width=121)
	  Index Cond: ((id >= 9370137) AND (id <= 9370236))

table 7 : explain SELECT c FROM sbtest7 WHERE id BETWEEN 1923145 AND 1923244
	Index Scan using sbtest7_pkey on sbtest7  (cost=0.43..364.58 rows=94 width=121)
	  Index Cond: ((id >= 1923145) AND (id <= 1923244))

table 8 : explain SELECT c FROM sbtest8 WHERE id BETWEEN 1095579 AND 1095678
	Index Scan using sbtest8_pkey on sbtest8  (cost=0.43..407.82 rows=105 width=121)
	  Index Cond: ((id >= 1095579) AND (id <= 1095678))

explain: for index_updates :: explain UPDATE sbtest%u SET k=k+1 WHERE id=%u
for inserts
table 1 : explain INSERT INTO sbtest1 (id, k, c, pad) VALUES (7118818, 13, 'foobar', 'foobar')
	Insert on sbtest1  (cost=0.00..0.01 rows=0 width=0)
	  ->  Result  (cost=0.00..0.01 rows=1 width=736)

table 2 : explain INSERT INTO sbtest2 (id, k, c, pad) VALUES (578465, 13, 'foobar', 'foobar')
	Insert on sbtest2  (cost=0.00..0.01 rows=0 width=0)
	  ->  Result  (cost=0.00..0.01 rows=1 width=736)

table 3 : explain INSERT INTO sbtest3 (id, k, c, pad) VALUES (9548865, 13, 'foobar', 'foobar')
	Insert on sbtest3  (cost=0.00..0.01 rows=0 width=0)
	  ->  Result  (cost=0.00..0.01 rows=1 width=736)

table 4 : explain INSERT INTO sbtest4 (id, k, c, pad) VALUES (3046803, 13, 'foobar', 'foobar')
	Insert on sbtest4  (cost=0.00..0.01 rows=0 width=0)
	  ->  Result  (cost=0.00..0.01 rows=1 width=736)

table 5 : explain INSERT INTO sbtest5 (id, k, c, pad) VALUES (4423106, 13, 'foobar', 'foobar')
	Insert on sbtest5  (cost=0.00..0.01 rows=0 width=0)
	  ->  Result  (cost=0.00..0.01 rows=1 width=736)

table 6 : explain INSERT INTO sbtest6 (id, k, c, pad) VALUES (7338668, 13, 'foobar', 'foobar')
	Insert on sbtest6  (cost=0.00..0.01 rows=0 width=0)
	  ->  Result  (cost=0.00..0.01 rows=1 width=736)

table 7 : explain INSERT INTO sbtest7 (id, k, c, pad) VALUES (4825015, 13, 'foobar', 'foobar')
	Insert on sbtest7  (cost=0.00..0.01 rows=0 width=0)
	  ->  Result  (cost=0.00..0.01 rows=1 width=736)

table 8 : explain INSERT INTO sbtest8 (id, k, c, pad) VALUES (4342051, 13, 'foobar', 'foobar')
	Insert on sbtest8  (cost=0.00..0.01 rows=0 width=0)
	  ->  Result  (cost=0.00..0.01 rows=1 width=736)

for non_index_updates
table 1 : explain UPDATE sbtest1 SET c='foobar' WHERE id=69149
	Update on sbtest1  (cost=0.43..8.45 rows=0 width=0)
	  ->  Index Scan using sbtest1_pkey on sbtest1  (cost=0.43..8.45 rows=1 width=490)
	        Index Cond: (id = 69149)

table 2 : explain UPDATE sbtest2 SET c='foobar' WHERE id=7578443
	Update on sbtest2  (cost=0.43..8.45 rows=0 width=0)
	  ->  Index Scan using sbtest2_pkey on sbtest2  (cost=0.43..8.45 rows=1 width=490)
	        Index Cond: (id = 7578443)

table 3 : explain UPDATE sbtest3 SET c='foobar' WHERE id=6755615
	Update on sbtest3  (cost=0.43..8.45 rows=0 width=0)
	  ->  Index Scan using sbtest3_pkey on sbtest3  (cost=0.43..8.45 rows=1 width=490)
	        Index Cond: (id = 6755615)

table 4 : explain UPDATE sbtest4 SET c='foobar' WHERE id=7464077
	Update on sbtest4  (cost=0.43..8.45 rows=0 width=0)
	  ->  Index Scan using sbtest4_pkey on sbtest4  (cost=0.43..8.45 rows=1 width=490)
	        Index Cond: (id = 7464077)

table 5 : explain UPDATE sbtest5 SET c='foobar' WHERE id=8162342
	Update on sbtest5  (cost=0.43..8.45 rows=0 width=0)
	  ->  Index Scan using sbtest5_pkey on sbtest5  (cost=0.43..8.45 rows=1 width=490)
	        Index Cond: (id = 8162342)

table 6 : explain UPDATE sbtest6 SET c='foobar' WHERE id=2599316
	Update on sbtest6  (cost=0.43..8.45 rows=0 width=0)
	  ->  Index Scan using sbtest6_pkey on sbtest6  (cost=0.43..8.45 rows=1 width=490)
	        Index Cond: (id = 2599316)

table 7 : explain UPDATE sbtest7 SET c='foobar' WHERE id=3490311
	Update on sbtest7  (cost=0.43..8.45 rows=0 width=0)
	  ->  Index Scan using sbtest7_pkey on sbtest7  (cost=0.43..8.45 rows=1 width=490)
	        Index Cond: (id = 3490311)

table 8 : explain UPDATE sbtest8 SET c='foobar' WHERE id=2872854
	Update on sbtest8  (cost=0.43..8.45 rows=0 width=0)
	  ->  Index Scan using sbtest8_pkey on sbtest8  (cost=0.43..8.45 rows=1 width=490)
	        Index Cond: (id = 2872854)

for index_updates
table 1 : explain UPDATE sbtest1 SET k=k+1 WHERE id=9584008
	Update on sbtest1  (cost=0.43..8.46 rows=0 width=0)
	  ->  Index Scan using sbtest1_pkey on sbtest1  (cost=0.43..8.46 rows=1 width=10)
	        Index Cond: (id = 9584008)

table 2 : explain UPDATE sbtest2 SET k=k+1 WHERE id=110938
	Update on sbtest2  (cost=0.43..8.46 rows=0 width=0)
	  ->  Index Scan using sbtest2_pkey on sbtest2  (cost=0.43..8.46 rows=1 width=10)
	        Index Cond: (id = 110938)

table 3 : explain UPDATE sbtest3 SET k=k+1 WHERE id=3521150
	Update on sbtest3  (cost=0.43..8.46 rows=0 width=0)
	  ->  Index Scan using sbtest3_pkey on sbtest3  (cost=0.43..8.46 rows=1 width=10)
	        Index Cond: (id = 3521150)

table 4 : explain UPDATE sbtest4 SET k=k+1 WHERE id=2235523
	Update on sbtest4  (cost=0.43..8.46 rows=0 width=0)
	  ->  Index Scan using sbtest4_pkey on sbtest4  (cost=0.43..8.46 rows=1 width=10)
	        Index Cond: (id = 2235523)

table 5 : explain UPDATE sbtest5 SET k=k+1 WHERE id=4933487
	Update on sbtest5  (cost=0.43..8.46 rows=0 width=0)
	  ->  Index Scan using sbtest5_pkey on sbtest5  (cost=0.43..8.46 rows=1 width=10)
	        Index Cond: (id = 4933487)

table 6 : explain UPDATE sbtest6 SET k=k+1 WHERE id=9107896
	Update on sbtest6  (cost=0.43..8.46 rows=0 width=0)
	  ->  Index Scan using sbtest6_pkey on sbtest6  (cost=0.43..8.46 rows=1 width=10)
	        Index Cond: (id = 9107896)

table 7 : explain UPDATE sbtest7 SET k=k+1 WHERE id=4188434
	Update on sbtest7  (cost=0.43..8.46 rows=0 width=0)
	  ->  Index Scan using sbtest7_pkey on sbtest7  (cost=0.43..8.46 rows=1 width=10)
	        Index Cond: (id = 4188434)

table 8 : explain UPDATE sbtest8 SET k=k+1 WHERE id=3675160
	Update on sbtest8  (cost=0.43..8.46 rows=0 width=0)
	  ->  Index Scan using sbtest8_pkey on sbtest8  (cost=0.43..8.46 rows=1 width=10)
	        Index Cond: (id = 3675160)

explain: for deletes :: explain DELETE FROM sbtest%u WHERE id=%u
for point_selects
table 1 : explain SELECT c FROM sbtest1 WHERE id=6156919
	Index Scan using sbtest1_pkey on sbtest1  (cost=0.43..8.45 rows=1 width=121)
	  Index Cond: (id = 6156919)

table 2 : explain SELECT c FROM sbtest2 WHERE id=9223913
	Index Scan using sbtest2_pkey on sbtest2  (cost=0.43..8.45 rows=1 width=121)
	  Index Cond: (id = 9223913)

table 3 : explain SELECT c FROM sbtest3 WHERE id=9685867
	Index Scan using sbtest3_pkey on sbtest3  (cost=0.43..8.45 rows=1 width=121)
	  Index Cond: (id = 9685867)

table 4 : explain SELECT c FROM sbtest4 WHERE id=2703623
	Index Scan using sbtest4_pkey on sbtest4  (cost=0.43..8.45 rows=1 width=121)
	  Index Cond: (id = 2703623)

table 5 : explain SELECT c FROM sbtest5 WHERE id=2210172
	Index Scan using sbtest5_pkey on sbtest5  (cost=0.43..8.45 rows=1 width=121)
	  Index Cond: (id = 2210172)

table 6 : explain SELECT c FROM sbtest6 WHERE id=1663290
	Index Scan using sbtest6_pkey on sbtest6  (cost=0.43..8.45 rows=1 width=121)
	  Index Cond: (id = 1663290)

table 7 : explain SELECT c FROM sbtest7 WHERE id=9556340
	Index Scan using sbtest7_pkey on sbtest7  (cost=0.43..8.45 rows=1 width=121)
	  Index Cond: (id = 9556340)

table 8 : explain SELECT c FROM sbtest8 WHERE id=4771258
	Index Scan using sbtest8_pkey on sbtest8  (cost=0.43..8.45 rows=1 width=121)
	  Index Cond: (id = 4771258)

for non_index_updates
table 1 : explain UPDATE sbtest1 SET c='foobar' WHERE id=8803907
	Update on sbtest1  (cost=0.43..8.45 rows=0 width=0)
	  ->  Index Scan using sbtest1_pkey on sbtest1  (cost=0.43..8.45 rows=1 width=490)
	        Index Cond: (id = 8803907)

table 2 : explain UPDATE sbtest2 SET c='foobar' WHERE id=9597583
	Update on sbtest2  (cost=0.43..8.45 rows=0 width=0)
	  ->  Index Scan using sbtest2_pkey on sbtest2  (cost=0.43..8.45 rows=1 width=490)
	        Index Cond: (id = 9597583)

table 3 : explain UPDATE sbtest3 SET c='foobar' WHERE id=8124972
	Update on sbtest3  (cost=0.43..8.45 rows=0 width=0)
	  ->  Index Scan using sbtest3_pkey on sbtest3  (cost=0.43..8.45 rows=1 width=490)
	        Index Cond: (id = 8124972)

table 4 : explain UPDATE sbtest4 SET c='foobar' WHERE id=3792865
	Update on sbtest4  (cost=0.43..8.45 rows=0 width=0)
	  ->  Index Scan using sbtest4_pkey on sbtest4  (cost=0.43..8.45 rows=1 width=490)
	        Index Cond: (id = 3792865)

table 5 : explain UPDATE sbtest5 SET c='foobar' WHERE id=5951858
	Update on sbtest5  (cost=0.43..8.45 rows=0 width=0)
	  ->  Index Scan using sbtest5_pkey on sbtest5  (cost=0.43..8.45 rows=1 width=490)
	        Index Cond: (id = 5951858)

table 6 : explain UPDATE sbtest6 SET c='foobar' WHERE id=6486974
	Update on sbtest6  (cost=0.43..8.45 rows=0 width=0)
	  ->  Index Scan using sbtest6_pkey on sbtest6  (cost=0.43..8.45 rows=1 width=490)
	        Index Cond: (id = 6486974)

table 7 : explain UPDATE sbtest7 SET c='foobar' WHERE id=4796554
	Update on sbtest7  (cost=0.43..8.45 rows=0 width=0)
	  ->  Index Scan using sbtest7_pkey on sbtest7  (cost=0.43..8.45 rows=1 width=490)
	        Index Cond: (id = 4796554)

table 8 : explain UPDATE sbtest8 SET c='foobar' WHERE id=8090274
	Update on sbtest8  (cost=0.43..8.45 rows=0 width=0)
	  ->  Index Scan using sbtest8_pkey on sbtest8  (cost=0.43..8.45 rows=1 width=490)
	        Index Cond: (id = 8090274)

explain: for non_index_updates :: explain UPDATE sbtest%u SET c='foobar' WHERE id=%ufor: sum_ranges
table 1 : explain SELECT SUM(k) FROM sbtest1 WHERE id BETWEEN 9202453 AND 9202552
	Aggregate  (cost=382.15..382.16 rows=1 width=8)
	  ->  Index Scan using sbtest1_pkey on sbtest1  (cost=0.43..381.90 rows=98 width=4)
	        Index Cond: ((id >= 9202453) AND (id <= 9202552))

table 2 : explain SELECT SUM(k) FROM sbtest2 WHERE id BETWEEN 6918498 AND 6918597
	Aggregate  (cost=388.13..388.14 rows=1 width=8)
	  ->  Index Scan using sbtest2_pkey on sbtest2  (cost=0.43..387.88 rows=100 width=4)
	        Index Cond: ((id >= 6918498) AND (id <= 6918597))

table 3 : explain SELECT SUM(k) FROM sbtest3 WHERE id BETWEEN 1250983 AND 1251082
	Aggregate  (cost=367.55..367.56 rows=1 width=8)
	  ->  Index Scan using sbtest3_pkey on sbtest3  (cost=0.43..367.32 rows=94 width=4)
	        Index Cond: ((id >= 1250983) AND (id <= 1251082))

table 4 : explain SELECT SUM(k) FROM sbtest4 WHERE id BETWEEN 3217226 AND 3217325
	Aggregate  (cost=399.04..399.05 rows=1 width=8)
	  ->  Index Scan using sbtest4_pkey on sbtest4  (cost=0.43..398.78 rows=102 width=4)
	        Index Cond: ((id >= 3217226) AND (id <= 3217325))

table 5 : explain SELECT SUM(k) FROM sbtest5 WHERE id BETWEEN 9773708 AND 9773807
	Aggregate  (cost=360.66..360.67 rows=1 width=8)
	  ->  Index Scan using sbtest5_pkey on sbtest5  (cost=0.43..360.43 rows=93 width=4)
	        Index Cond: ((id >= 9773708) AND (id <= 9773807))

table 6 : explain SELECT SUM(k) FROM sbtest6 WHERE id BETWEEN 3723648 AND 3723747
	Aggregate  (cost=395.22..395.23 rows=1 width=8)
	  ->  Index Scan using sbtest6_pkey on sbtest6  (cost=0.43..394.97 rows=102 width=4)
	        Index Cond: ((id >= 3723648) AND (id <= 3723747))

table 7 : explain SELECT SUM(k) FROM sbtest7 WHERE id BETWEEN 7685051 AND 7685150
	Aggregate  (cost=383.97..383.98 rows=1 width=8)
	  ->  Index Scan using sbtest7_pkey on sbtest7  (cost=0.43..383.72 rows=99 width=4)
	        Index Cond: ((id >= 7685051) AND (id <= 7685150))

table 8 : explain SELECT SUM(k) FROM sbtest8 WHERE id BETWEEN 2261354 AND 2261453
	Aggregate  (cost=415.76..415.77 rows=1 width=8)
	  ->  Index Scan using sbtest8_pkey on sbtest8  (cost=0.43..415.49 rows=107 width=4)
	        Index Cond: ((id >= 2261354) AND (id <= 2261453))


for deletes
table 1 : explain DELETE FROM sbtest1 WHERE id=4164676
	Delete on sbtest1  (cost=0.43..8.45 rows=0 width=0)
	  ->  Index Scan using sbtest1_pkey on sbtest1  (cost=0.43..8.45 rows=1 width=6)
	        Index Cond: (id = 4164676)

table 2 : explain DELETE FROM sbtest2 WHERE id=7161383
	Delete on sbtest2  (cost=0.43..8.45 rows=0 width=0)
	  ->  Index Scan using sbtest2_pkey on sbtest2  (cost=0.43..8.45 rows=1 width=6)
	        Index Cond: (id = 7161383)

table 3 : explain DELETE FROM sbtest3 WHERE id=9297996
	Delete on sbtest3  (cost=0.43..8.45 rows=0 width=0)
	  ->  Index Scan using sbtest3_pkey on sbtest3  (cost=0.43..8.45 rows=1 width=6)
	        Index Cond: (id = 9297996)

table 4 : explain DELETE FROM sbtest4 WHERE id=660571
	Delete on sbtest4  (cost=0.43..8.45 rows=0 width=0)
	  ->  Index Scan using sbtest4_pkey on sbtest4  (cost=0.43..8.45 rows=1 width=6)
	        Index Cond: (id = 660571)

table 5 : explain DELETE FROM sbtest5 WHERE id=3206480
	Delete on sbtest5  (cost=0.43..8.45 rows=0 width=0)
	  ->  Index Scan using sbtest5_pkey on sbtest5  (cost=0.43..8.45 rows=1 width=6)
	        Index Cond: (id = 3206480)

table 6 : explain DELETE FROM sbtest6 WHERE id=8200761
	Delete on sbtest6  (cost=0.43..8.45 rows=0 width=0)
	  ->  Index Scan using sbtest6_pkey on sbtest6  (cost=0.43..8.45 rows=1 width=6)
	        Index Cond: (id = 8200761)

table 7 : explain DELETE FROM sbtest7 WHERE id=8159048
	Delete on sbtest7  (cost=0.43..8.45 rows=0 width=0)
	  ->  Index Scan using sbtest7_pkey on sbtest7  (cost=0.43..8.45 rows=1 width=6)
	        Index Cond: (id = 8159048)

table 8 : explain DELETE FROM sbtest8 WHERE id=1850726
	Delete on sbtest8  (cost=0.43..8.45 rows=0 width=0)
	  ->  Index Scan using sbtest8_pkey on sbtest8  (cost=0.43..8.45 rows=1 width=6)
	        Index Cond: (id = 1850726)

explain: for deletes :: explain DELETE FROM sbtest%u WHERE id=%u
for non_index_updates
table 1 : explain UPDATE sbtest1 SET c='foobar' WHERE id=275612
	Update on sbtest1  (cost=0.43..8.45 rows=0 width=0)
	  ->  Index Scan using sbtest1_pkey on sbtest1  (cost=0.43..8.45 rows=1 width=490)
	        Index Cond: (id = 275612)

table 2 : explain UPDATE sbtest2 SET c='foobar' WHERE id=5338241
	Update on sbtest2  (cost=0.43..8.45 rows=0 width=0)
	  ->  Index Scan using sbtest2_pkey on sbtest2  (cost=0.43..8.45 rows=1 width=490)
	        Index Cond: (id = 5338241)

table 3 : explain UPDATE sbtest3 SET c='foobar' WHERE id=6864694
	Update on sbtest3  (cost=0.43..8.45 rows=0 width=0)
	  ->  Index Scan using sbtest3_pkey on sbtest3  (cost=0.43..8.45 rows=1 width=490)
	        Index Cond: (id = 6864694)

table 4 : explain UPDATE sbtest4 SET c='foobar' WHERE id=5856006
	Update on sbtest4  (cost=0.43..8.45 rows=0 width=0)
	  ->  Index Scan using sbtest4_pkey on sbtest4  (cost=0.43..8.45 rows=1 width=490)
	        Index Cond: (id = 5856006)

table 5 : explain UPDATE sbtest5 SET c='foobar' WHERE id=1190438
	Update on sbtest5  (cost=0.43..8.45 rows=0 width=0)
	  ->  Index Scan using sbtest5_pkey on sbtest5  (cost=0.43..8.45 rows=1 width=490)
	        Index Cond: (id = 1190438)

table 6 : explain UPDATE sbtest6 SET c='foobar' WHERE id=4399464
	Update on sbtest6  (cost=0.43..8.45 rows=0 width=0)
	  ->  Index Scan using sbtest6_pkey on sbtest6  (cost=0.43..8.45 rows=1 width=490)
	        Index Cond: (id = 4399464)

table 7 : explain UPDATE sbtest7 SET c='foobar' WHERE id=3736872
	Update on sbtest7  (cost=0.43..8.45 rows=0 width=0)
	  ->  Index Scan using sbtest7_pkey on sbtest7  (cost=0.43..8.45 rows=1 width=490)
	        Index Cond: (id = 3736872)

table 8 : explain UPDATE sbtest8 SET c='foobar' WHERE id=1066931
	Update on sbtest8  (cost=0.43..8.45 rows=0 width=0)
	  ->  Index Scan using sbtest8_pkey on sbtest8  (cost=0.43..8.45 rows=1 width=490)
	        Index Cond: (id = 1066931)

explain: for inserts :: explain INSERT INTO sbtest%u (id, k, c, pad) VALUES (%u, 13, 'foobar', 'foobar')
explain: for deletes :: explain DELETE FROM sbtest%u WHERE id=%u
for: order_ranges
table 1 : explain SELECT c FROM sbtest1 WHERE id BETWEEN 2927218 AND 2927317 ORDER BY c
	Sort  (cost=369.59..369.82 rows=94 width=121)
	  Sort Key: c
	  ->  Index Scan using sbtest1_pkey on sbtest1  (cost=0.43..366.51 rows=94 width=121)
	        Index Cond: ((id >= 2927218) AND (id <= 2927317))

table 2 : explain SELECT c FROM sbtest2 WHERE id BETWEEN 6663305 AND 6663404 ORDER BY c
	Sort  (cost=383.41..383.65 rows=98 width=121)
	  Sort Key: c
	  ->  Index Scan using sbtest2_pkey on sbtest2  (cost=0.43..380.17 rows=98 width=121)
	        Index Cond: ((id >= 6663305) AND (id <= 6663404))

table 3 : explain SELECT c FROM sbtest3 WHERE id BETWEEN 4874825 AND 4874924 ORDER BY c
	Sort  (cost=432.81..433.09 rows=110 width=121)
	  Sort Key: c
	  ->  Index Scan using sbtest3_pkey on sbtest3  (cost=0.43..429.08 rows=110 width=121)
	        Index Cond: ((id >= 4874825) AND (id <= 4874924))

table 4 : explain SELECT c FROM sbtest4 WHERE id BETWEEN 4045320 AND 4045419 ORDER BY c
	Sort  (cost=382.63..382.87 rows=97 width=121)
	  Sort Key: c
	  ->  Index Scan using sbtest4_pkey on sbtest4  (cost=0.43..379.43 rows=97 width=121)
	        Index Cond: ((id >= 4045320) AND (id <= 4045419))

table 5 : explain SELECT c FROM sbtest5 WHERE id BETWEEN 7545737 AND 7545836 ORDER BY c
	Sort  (cost=406.03..406.29 rows=104 width=121)
	  Sort Key: c
	  ->  Index Scan using sbtest5_pkey on sbtest5  (cost=0.43..402.55 rows=104 width=121)
	        Index Cond: ((id >= 7545737) AND (id <= 7545836))

table 6 : explain SELECT c FROM sbtest6 WHERE id BETWEEN 3846140 AND 3846239 ORDER BY c
	Sort  (cost=406.10..406.36 rows=104 width=121)
	  Sort Key: c
	  ->  Index Scan using sbtest6_pkey on sbtest6  (cost=0.43..402.62 rows=104 width=121)
	        Index Cond: ((id >= 3846140) AND (id <= 3846239))

table 7 : explain SELECT c FROM sbtest7 WHERE id BETWEEN 6667326 AND 6667425 ORDER BY c
	Sort  (cost=379.27..379.51 rows=97 width=121)
	  Sort Key: c
	  ->  Index Scan using sbtest7_pkey on sbtest7  (cost=0.43..376.07 rows=97 width=121)
	        Index Cond: ((id >= 6667326) AND (id <= 6667425))

table 8 : explain SELECT c FROM sbtest8 WHERE id BETWEEN 3169928 AND 3170027 ORDER BY c
	Sort  (cost=395.82..396.08 rows=101 width=121)
	  Sort Key: c
	  ->  Index Scan using sbtest8_pkey on sbtest8  (cost=0.43..392.46 rows=101 width=121)
	        Index Cond: ((id >= 3169928) AND (id <= 3170027))

for inserts
table 1 : explain INSERT INTO sbtest1 (id, k, c, pad) VALUES (6529971, 13, 'foobar', 'foobar')
	Insert on sbtest1  (cost=0.00..0.01 rows=0 width=0)
	  ->  Result  (cost=0.00..0.01 rows=1 width=736)

table 2 : explain INSERT INTO sbtest2 (id, k, c, pad) VALUES (6182910, 13, 'foobar', 'foobar')
	Insert on sbtest2  (cost=0.00..0.01 rows=0 width=0)
	  ->  Result  (cost=0.00..0.01 rows=1 width=736)

table 3 : explain INSERT INTO sbtest3 (id, k, c, pad) VALUES (6027406, 13, 'foobar', 'foobar')
	Insert on sbtest3  (cost=0.00..0.01 rows=0 width=0)
	  ->  Result  (cost=0.00..0.01 rows=1 width=736)

table 4 : explain INSERT INTO sbtest4 (id, k, c, pad) VALUES (7050241, 13, 'foobar', 'foobar')
	Insert on sbtest4  (cost=0.00..0.01 rows=0 width=0)
	  ->  Result  (cost=0.00..0.01 rows=1 width=736)

table 5 : explain INSERT INTO sbtest5 (id, k, c, pad) VALUES (2854730, 13, 'foobar', 'foobar')
	Insert on sbtest5  (cost=0.00..0.01 rows=0 width=0)
	  ->  Result  (cost=0.00..0.01 rows=1 width=736)

table 6 : explain INSERT INTO sbtest6 (id, k, c, pad) VALUES (2127564, 13, 'foobar', 'foobar')
	Insert on sbtest6  (cost=0.00..0.01 rows=0 width=0)
	  ->  Result  (cost=0.00..0.01 rows=1 width=736)

table 7 : explain INSERT INTO sbtest7 (id, k, c, pad) VALUES (3228246, 13, 'foobar', 'foobar')
	Insert on sbtest7  (cost=0.00..0.01 rows=0 width=0)
	  ->  Result  (cost=0.00..0.01 rows=1 width=736)

table 8 : explain INSERT INTO sbtest8 (id, k, c, pad) VALUES (1758153, 13, 'foobar', 'foobar')
	Insert on sbtest8  (cost=0.00..0.01 rows=0 width=0)
	  ->  Result  (cost=0.00..0.01 rows=1 width=736)

for deletes
table 1 : explain DELETE FROM sbtest1 WHERE id=7930172
	Delete on sbtest1  (cost=0.43..8.45 rows=0 width=0)
	  ->  Index Scan using sbtest1_pkey on sbtest1  (cost=0.43..8.45 rows=1 width=6)
	        Index Cond: (id = 7930172)

table 2 : explain DELETE FROM sbtest2 WHERE id=9923414
	Delete on sbtest2  (cost=0.43..8.45 rows=0 width=0)
	  ->  Index Scan using sbtest2_pkey on sbtest2  (cost=0.43..8.45 rows=1 width=6)
	        Index Cond: (id = 9923414)

table 3 : explain DELETE FROM sbtest3 WHERE id=1999698
	Delete on sbtest3  (cost=0.43..8.45 rows=0 width=0)
	  ->  Index Scan using sbtest3_pkey on sbtest3  (cost=0.43..8.45 rows=1 width=6)
	        Index Cond: (id = 1999698)

table 4 : explain DELETE FROM sbtest4 WHERE id=4951483
	Delete on sbtest4  (cost=0.43..8.45 rows=0 width=0)
	  ->  Index Scan using sbtest4_pkey on sbtest4  (cost=0.43..8.45 rows=1 width=6)
	        Index Cond: (id = 4951483)

table 5 : explain DELETE FROM sbtest5 WHERE id=5947135
	Delete on sbtest5  (cost=0.43..8.45 rows=0 width=0)
	  ->  Index Scan using sbtest5_pkey on sbtest5  (cost=0.43..8.45 rows=1 width=6)
	        Index Cond: (id = 5947135)

table 6 : explain DELETE FROM sbtest6 WHERE id=5209234
	Delete on sbtest6  (cost=0.43..8.45 rows=0 width=0)
	  ->  Index Scan using sbtest6_pkey on sbtest6  (cost=0.43..8.45 rows=1 width=6)
	        Index Cond: (id = 5209234)

table 7 : explain DELETE FROM sbtest7 WHERE id=1043427
	Delete on sbtest7  (cost=0.43..8.45 rows=0 width=0)
	  ->  Index Scan using sbtest7_pkey on sbtest7  (cost=0.43..8.45 rows=1 width=6)
	        Index Cond: (id = 1043427)

table 8 : explain DELETE FROM sbtest8 WHERE id=3725704
	Delete on sbtest8  (cost=0.43..8.45 rows=0 width=0)
	  ->  Index Scan using sbtest8_pkey on sbtest8  (cost=0.43..8.45 rows=1 width=6)
	        Index Cond: (id = 3725704)

for deletes
table 1 : explain DELETE FROM sbtest1 WHERE id=9241924
	Delete on sbtest1  (cost=0.43..8.45 rows=0 width=0)
	  ->  Index Scan using sbtest1_pkey on sbtest1  (cost=0.43..8.45 rows=1 width=6)
	        Index Cond: (id = 9241924)

table 2 : explain DELETE FROM sbtest2 WHERE id=7851287
	Delete on sbtest2  (cost=0.43..8.45 rows=0 width=0)
	  ->  Index Scan using sbtest2_pkey on sbtest2  (cost=0.43..8.45 rows=1 width=6)
	        Index Cond: (id = 7851287)

table 3 : explain DELETE FROM sbtest3 WHERE id=4303180
	Delete on sbtest3  (cost=0.43..8.45 rows=0 width=0)
	  ->  Index Scan using sbtest3_pkey on sbtest3  (cost=0.43..8.45 rows=1 width=6)
	        Index Cond: (id = 4303180)

table 4 : explain DELETE FROM sbtest4 WHERE id=4189502
	Delete on sbtest4  (cost=0.43..8.45 rows=0 width=0)
	  ->  Index Scan using sbtest4_pkey on sbtest4  (cost=0.43..8.45 rows=1 width=6)
	        Index Cond: (id = 4189502)

table 5 : explain DELETE FROM sbtest5 WHERE id=7329456
	Delete on sbtest5  (cost=0.43..8.45 rows=0 width=0)
	  ->  Index Scan using sbtest5_pkey on sbtest5  (cost=0.43..8.45 rows=1 width=6)
	        Index Cond: (id = 7329456)

table 6 : explain DELETE FROM sbtest6 WHERE id=8243164
	Delete on sbtest6  (cost=0.43..8.45 rows=0 width=0)
	  ->  Index Scan using sbtest6_pkey on sbtest6  (cost=0.43..8.45 rows=1 width=6)
	        Index Cond: (id = 8243164)

table 7 : explain DELETE FROM sbtest7 WHERE id=8727130
	Delete on sbtest7  (cost=0.43..8.45 rows=0 width=0)
	  ->  Index Scan using sbtest7_pkey on sbtest7  (cost=0.43..8.45 rows=1 width=6)
	        Index Cond: (id = 8727130)

table 8 : explain DELETE FROM sbtest8 WHERE id=6661439
	Delete on sbtest8  (cost=0.43..8.45 rows=0 width=0)
	  ->  Index Scan using sbtest8_pkey on sbtest8  (cost=0.43..8.45 rows=1 width=6)
	        Index Cond: (id = 6661439)

explain: for inserts :: explain INSERT INTO sbtest%u (id, k, c, pad) VALUES (%u, 13, 'foobar', 'foobar')
for: simple_ranges
table 1 : explain SELECT c FROM sbtest1 WHERE id BETWEEN 8451975 AND 8452074
	Index Scan using sbtest1_pkey on sbtest1  (cost=0.43..397.34 rows=102 width=121)
	  Index Cond: ((id >= 8451975) AND (id <= 8452074))

table 2 : explain SELECT c FROM sbtest2 WHERE id BETWEEN 2093579 AND 2093678
	Index Scan using sbtest2_pkey on sbtest2  (cost=0.43..414.70 rows=107 width=121)
	  Index Cond: ((id >= 2093579) AND (id <= 2093678))

table 3 : explain SELECT c FROM sbtest3 WHERE id BETWEEN 5623115 AND 5623214
	Index Scan using sbtest3_pkey on sbtest3  (cost=0.43..386.61 rows=99 width=121)
	  Index Cond: ((id >= 5623115) AND (id <= 5623214))

table 4 : explain SELECT c FROM sbtest4 WHERE id BETWEEN 6923482 AND 6923581
	Index Scan using sbtest4_pkey on sbtest4  (cost=0.43..379.43 rows=97 width=121)
	  Index Cond: ((id >= 6923482) AND (id <= 6923581))

table 5 : explain SELECT c FROM sbtest5 WHERE id BETWEEN 1285402 AND 1285501
	Index Scan using sbtest5_pkey on sbtest5  (cost=0.43..391.07 rows=101 width=121)
	  Index Cond: ((id >= 1285402) AND (id <= 1285501))

table 6 : explain SELECT c FROM sbtest6 WHERE id BETWEEN 9739123 AND 9739222
	Index Scan using sbtest6_pkey on sbtest6  (cost=0.43..368.14 rows=95 width=121)
	  Index Cond: ((id >= 9739123) AND (id <= 9739222))

table 7 : explain SELECT c FROM sbtest7 WHERE id BETWEEN 2359015 AND 2359114
	Index Scan using sbtest7_pkey on sbtest7  (cost=0.43..345.44 rows=89 width=121)
	  Index Cond: ((id >= 2359015) AND (id <= 2359114))

table 8 : explain SELECT c FROM sbtest8 WHERE id BETWEEN 2349493 AND 2349592
	Index Scan using sbtest8_pkey on sbtest8  (cost=0.43..392.46 rows=101 width=121)
	  Index Cond: ((id >= 2349493) AND (id <= 2349592))

for inserts
table 1 : explain INSERT INTO sbtest1 (id, k, c, pad) VALUES (6955243, 13, 'foobar', 'foobar')
	Insert on sbtest1  (cost=0.00..0.01 rows=0 width=0)
	  ->  Result  (cost=0.00..0.01 rows=1 width=736)

table 2 : explain INSERT INTO sbtest2 (id, k, c, pad) VALUES (1841938, 13, 'foobar', 'foobar')
	Insert on sbtest2  (cost=0.00..0.01 rows=0 width=0)
	  ->  Result  (cost=0.00..0.01 rows=1 width=736)

table 3 : explain INSERT INTO sbtest3 (id, k, c, pad) VALUES (5212232, 13, 'foobar', 'foobar')
	Insert on sbtest3  (cost=0.00..0.01 rows=0 width=0)
	  ->  Result  (cost=0.00..0.01 rows=1 width=736)

table 4 : explain INSERT INTO sbtest4 (id, k, c, pad) VALUES (5805268, 13, 'foobar', 'foobar')
	Insert on sbtest4  (cost=0.00..0.01 rows=0 width=0)
	  ->  Result  (cost=0.00..0.01 rows=1 width=736)

table 5 : explain INSERT INTO sbtest5 (id, k, c, pad) VALUES (5635413, 13, 'foobar', 'foobar')
	Insert on sbtest5  (cost=0.00..0.01 rows=0 width=0)
	  ->  Result  (cost=0.00..0.01 rows=1 width=736)

table 6 : explain INSERT INTO sbtest6 (id, k, c, pad) VALUES (9980869, 13, 'foobar', 'foobar')
	Insert on sbtest6  (cost=0.00..0.01 rows=0 width=0)
	  ->  Result  (cost=0.00..0.01 rows=1 width=736)

table 7 : explain INSERT INTO sbtest7 (id, k, c, pad) VALUES (1084449, 13, 'foobar', 'foobar')
	Insert on sbtest7  (cost=0.00..0.01 rows=0 width=0)
	  ->  Result  (cost=0.00..0.01 rows=1 width=736)

table 8 : explain INSERT INTO sbtest8 (id, k, c, pad) VALUES (2994657, 13, 'foobar', 'foobar')
	Insert on sbtest8  (cost=0.00..0.01 rows=0 width=0)
	  ->  Result  (cost=0.00..0.01 rows=1 width=736)
for: distinct_ranges
table 1 : explain SELECT DISTINCT c FROM sbtest1 WHERE id BETWEEN 6412290 AND 6412389 ORDER BY c
	Unique  (cost=377.37..377.85 rows=96 width=121)
	  ->  Sort  (cost=377.37..377.61 rows=96 width=121)
	        Sort Key: c
	        ->  Index Scan using sbtest1_pkey on sbtest1  (cost=0.43..374.20 rows=96 width=121)
	              Index Cond: ((id >= 6412290) AND (id <= 6412389))

table 2 : explain SELECT DISTINCT c FROM sbtest2 WHERE id BETWEEN 5789416 AND 5789515 ORDER BY c
	Unique  (cost=414.43..414.96 rows=106 width=121)
	  ->  Sort  (cost=414.43..414.69 rows=106 width=121)
	        Sort Key: c
	        ->  Index Scan using sbtest2_pkey on sbtest2  (cost=0.43..410.86 rows=106 width=121)
	              Index Cond: ((id >= 5789416) AND (id <= 5789515))

table 3 : explain SELECT DISTINCT c FROM sbtest3 WHERE id BETWEEN 6336726 AND 6336825 ORDER BY c
	Unique  (cost=409.42..409.94 rows=104 width=121)
	  ->  Sort  (cost=409.42..409.68 rows=104 width=121)
	        Sort Key: c
	        ->  Index Scan using sbtest3_pkey on sbtest3  (cost=0.43..405.94 rows=104 width=121)
	              Index Cond: ((id >= 6336726) AND (id <= 6336825))

table 4 : explain SELECT DISTINCT c FROM sbtest4 WHERE id BETWEEN 5341516 AND 5341615 ORDER BY c
	Unique  (cost=402.19..402.70 rows=102 width=121)
	  ->  Sort  (cost=402.19..402.44 rows=102 width=121)
	        Sort Key: c
	        ->  Index Scan using sbtest4_pkey on sbtest4  (cost=0.43..398.78 rows=102 width=121)
	              Index Cond: ((id >= 5341516) AND (id <= 5341615))

table 5 : explain SELECT DISTINCT c FROM sbtest5 WHERE id BETWEEN 1033074 AND 1033173 ORDER BY c
	Unique  (cost=390.57..391.07 rows=100 width=121)
	  ->  Sort  (cost=390.57..390.82 rows=100 width=121)
	        Sort Key: c
	        ->  Index Scan using sbtest5_pkey on sbtest5  (cost=0.43..387.25 rows=100 width=121)
	              Index Cond: ((id >= 1033074) AND (id <= 1033173))

table 6 : explain SELECT DISTINCT c FROM sbtest6 WHERE id BETWEEN 8826169 AND 8826268 ORDER BY c
	Unique  (cost=363.53..364.00 rows=93 width=121)
	  ->  Sort  (cost=363.53..363.77 rows=93 width=121)
	        Sort Key: c
	        ->  Index Scan using sbtest6_pkey on sbtest6  (cost=0.43..360.49 rows=93 width=121)
	              Index Cond: ((id >= 8826169) AND (id <= 8826268))

table 7 : explain SELECT DISTINCT c FROM sbtest7 WHERE id BETWEEN 9450501 AND 9450600 ORDER BY c
	Unique  (cost=383.14..383.63 rows=98 width=121)
	  ->  Sort  (cost=383.14..383.38 rows=98 width=121)
	        Sort Key: c
	        ->  Index Scan using sbtest7_pkey on sbtest7  (cost=0.43..379.90 rows=98 width=121)
	              Index Cond: ((id >= 9450501) AND (id <= 9450600))

table 8 : explain SELECT DISTINCT c FROM sbtest8 WHERE id BETWEEN 3083391 AND 3083490 ORDER BY c
	Unique  (cost=422.98..423.52 rows=108 width=121)
	  ->  Sort  (cost=422.98..423.25 rows=108 width=121)
	        Sort Key: c
	        ->  Index Scan using sbtest8_pkey on sbtest8  (cost=0.43..419.33 rows=108 width=121)
	              Index Cond: ((id >= 3083391) AND (id <= 3083490))


explain: for inserts :: explain INSERT INTO sbtest%u (id, k, c, pad) VALUES (%u, 13, 'foobar', 'foobar')
explain: for index_updates :: explain UPDATE sbtest%u SET k=k+1 WHERE id=%u
for index_updates
table 1 : explain UPDATE sbtest1 SET k=k+1 WHERE id=573466
	Update on sbtest1  (cost=0.43..8.46 rows=0 width=0)
	  ->  Index Scan using sbtest1_pkey on sbtest1  (cost=0.43..8.46 rows=1 width=10)
	        Index Cond: (id = 573466)

table 2 : explain UPDATE sbtest2 SET k=k+1 WHERE id=3482138
	Update on sbtest2  (cost=0.43..8.46 rows=0 width=0)
	  ->  Index Scan using sbtest2_pkey on sbtest2  (cost=0.43..8.46 rows=1 width=10)
	        Index Cond: (id = 3482138)

table 3 : explain UPDATE sbtest3 SET k=k+1 WHERE id=9740045
	Update on sbtest3  (cost=0.43..8.46 rows=0 width=0)
	  ->  Index Scan using sbtest3_pkey on sbtest3  (cost=0.43..8.46 rows=1 width=10)
	        Index Cond: (id = 9740045)

table 4 : explain UPDATE sbtest4 SET k=k+1 WHERE id=208982
	Update on sbtest4  (cost=0.43..8.46 rows=0 width=0)
	  ->  Index Scan using sbtest4_pkey on sbtest4  (cost=0.43..8.46 rows=1 width=10)
	        Index Cond: (id = 208982)

table 5 : explain UPDATE sbtest5 SET k=k+1 WHERE id=2142237
	Update on sbtest5  (cost=0.43..8.46 rows=0 width=0)
	  ->  Index Scan using sbtest5_pkey on sbtest5  (cost=0.43..8.46 rows=1 width=10)
	        Index Cond: (id = 2142237)

table 6 : explain UPDATE sbtest6 SET k=k+1 WHERE id=4401836
	Update on sbtest6  (cost=0.43..8.46 rows=0 width=0)
	  ->  Index Scan using sbtest6_pkey on sbtest6  (cost=0.43..8.46 rows=1 width=10)
	        Index Cond: (id = 4401836)

table 7 : explain UPDATE sbtest7 SET k=k+1 WHERE id=6738296
	Update on sbtest7  (cost=0.43..8.46 rows=0 width=0)
	  ->  Index Scan using sbtest7_pkey on sbtest7  (cost=0.43..8.46 rows=1 width=10)
	        Index Cond: (id = 6738296)

table 8 : explain UPDATE sbtest8 SET k=k+1 WHERE id=7682578
	Update on sbtest8  (cost=0.43..8.46 rows=0 width=0)
	  ->  Index Scan using sbtest8_pkey on sbtest8  (cost=0.43..8.46 rows=1 width=10)
	        Index Cond: (id = 7682578)

for inserts
table 1 : explain INSERT INTO sbtest1 (id, k, c, pad) VALUES (8629744, 13, 'foobar', 'foobar')
	Insert on sbtest1  (cost=0.00..0.01 rows=0 width=0)
	  ->  Result  (cost=0.00..0.01 rows=1 width=736)

table 2 : explain INSERT INTO sbtest2 (id, k, c, pad) VALUES (9506726, 13, 'foobar', 'foobar')
	Insert on sbtest2  (cost=0.00..0.01 rows=0 width=0)
	  ->  Result  (cost=0.00..0.01 rows=1 width=736)

table 3 : explain INSERT INTO sbtest3 (id, k, c, pad) VALUES (6123821, 13, 'foobar', 'foobar')
	Insert on sbtest3  (cost=0.00..0.01 rows=0 width=0)
	  ->  Result  (cost=0.00..0.01 rows=1 width=736)

table 4 : explain INSERT INTO sbtest4 (id, k, c, pad) VALUES (5388906, 13, 'foobar', 'foobar')
	Insert on sbtest4  (cost=0.00..0.01 rows=0 width=0)
	  ->  Result  (cost=0.00..0.01 rows=1 width=736)

table 5 : explain INSERT INTO sbtest5 (id, k, c, pad) VALUES (8093646, 13, 'foobar', 'foobar')
	Insert on sbtest5  (cost=0.00..0.01 rows=0 width=0)
	  ->  Result  (cost=0.00..0.01 rows=1 width=736)

table 6 : explain INSERT INTO sbtest6 (id, k, c, pad) VALUES (2775918, 13, 'foobar', 'foobar')
	Insert on sbtest6  (cost=0.00..0.01 rows=0 width=0)
	  ->  Result  (cost=0.00..0.01 rows=1 width=736)

table 7 : explain INSERT INTO sbtest7 (id, k, c, pad) VALUES (3044935, 13, 'foobar', 'foobar')
	Insert on sbtest7  (cost=0.00..0.01 rows=0 width=0)
	  ->  Result  (cost=0.00..0.01 rows=1 width=736)

table 8 : explain INSERT INTO sbtest8 (id, k, c, pad) VALUES (4616355, 13, 'foobar', 'foobar')
	Insert on sbtest8  (cost=0.00..0.01 rows=0 width=0)
	  ->  Result  (cost=0.00..0.01 rows=1 width=736)

explain: for non_index_updates :: explain UPDATE sbtest%u SET c='foobar' WHERE id=%u
for non_index_updates
table 1 : explain UPDATE sbtest1 SET c='foobar' WHERE id=8152374
	Update on sbtest1  (cost=0.43..8.45 rows=0 width=0)
	  ->  Index Scan using sbtest1_pkey on sbtest1  (cost=0.43..8.45 rows=1 width=490)
	        Index Cond: (id = 8152374)

table 2 : explain UPDATE sbtest2 SET c='foobar' WHERE id=9447636
	Update on sbtest2  (cost=0.43..8.45 rows=0 width=0)
	  ->  Index Scan using sbtest2_pkey on sbtest2  (cost=0.43..8.45 rows=1 width=490)
	        Index Cond: (id = 9447636)

table 3 : explain UPDATE sbtest3 SET c='foobar' WHERE id=8904581
	Update on sbtest3  (cost=0.43..8.45 rows=0 width=0)
	  ->  Index Scan using sbtest3_pkey on sbtest3  (cost=0.43..8.45 rows=1 width=490)
	        Index Cond: (id = 8904581)

table 4 : explain UPDATE sbtest4 SET c='foobar' WHERE id=1309374
	Update on sbtest4  (cost=0.43..8.45 rows=0 width=0)
	  ->  Index Scan using sbtest4_pkey on sbtest4  (cost=0.43..8.45 rows=1 width=490)
	        Index Cond: (id = 1309374)

table 5 : explain UPDATE sbtest5 SET c='foobar' WHERE id=6832100
	Update on sbtest5  (cost=0.43..8.45 rows=0 width=0)
	  ->  Index Scan using sbtest5_pkey on sbtest5  (cost=0.43..8.45 rows=1 width=490)
	        Index Cond: (id = 6832100)

table 6 : explain UPDATE sbtest6 SET c='foobar' WHERE id=8868825
	Update on sbtest6  (cost=0.43..8.45 rows=0 width=0)
	  ->  Index Scan using sbtest6_pkey on sbtest6  (cost=0.43..8.45 rows=1 width=490)
	        Index Cond: (id = 8868825)

table 7 : explain UPDATE sbtest7 SET c='foobar' WHERE id=6559292
	Update on sbtest7  (cost=0.43..8.45 rows=0 width=0)
	  ->  Index Scan using sbtest7_pkey on sbtest7  (cost=0.43..8.45 rows=1 width=490)
	        Index Cond: (id = 6559292)

table 8 : explain UPDATE sbtest8 SET c='foobar' WHERE id=403019
	Update on sbtest8  (cost=0.43..8.45 rows=0 width=0)
	  ->  Index Scan using sbtest8_pkey on sbtest8  (cost=0.43..8.45 rows=1 width=490)
	        Index Cond: (id = 403019)

for: sum_ranges
table 1 : explain SELECT SUM(k) FROM sbtest1 WHERE id BETWEEN 5847162 AND 5847261
	Aggregate  (cost=389.89..389.90 rows=1 width=8)
	  ->  Index Scan using sbtest1_pkey on sbtest1  (cost=0.43..389.64 rows=100 width=4)
	        Index Cond: ((id >= 5847162) AND (id <= 5847261))

table 2 : explain SELECT SUM(k) FROM sbtest2 WHERE id BETWEEN 5941034 AND 5941133
	Aggregate  (cost=372.75..372.76 rows=1 width=8)
	  ->  Index Scan using sbtest2_pkey on sbtest2  (cost=0.43..372.51 rows=96 width=4)
	        Index Cond: ((id >= 5941034) AND (id <= 5941133))

table 3 : explain SELECT SUM(k) FROM sbtest3 WHERE id BETWEEN 3177309 AND 3177408
	Aggregate  (cost=406.20..406.21 rows=1 width=8)
	  ->  Index Scan using sbtest3_pkey on sbtest3  (cost=0.43..405.94 rows=104 width=4)
	        Index Cond: ((id >= 3177309) AND (id <= 3177408))

table 4 : explain SELECT SUM(k) FROM sbtest4 WHERE id BETWEEN 8968492 AND 8968591
	Aggregate  (cost=387.40..387.41 rows=1 width=8)
	  ->  Index Scan using sbtest4_pkey on sbtest4  (cost=0.43..387.15 rows=99 width=4)
	        Index Cond: ((id >= 8968492) AND (id <= 8968591))

table 5 : explain SELECT SUM(k) FROM sbtest5 WHERE id BETWEEN 9256782 AND 9256881
	Aggregate  (cost=410.46..410.47 rows=1 width=8)
	  ->  Index Scan using sbtest5_pkey on sbtest5  (cost=0.43..410.20 rows=106 width=4)
	        Index Cond: ((id >= 9256782) AND (id <= 9256881))

table 6 : explain SELECT SUM(k) FROM sbtest6 WHERE id BETWEEN 3944786 AND 3944885
	Aggregate  (cost=368.38..368.39 rows=1 width=8)
	  ->  Index Scan using sbtest6_pkey on sbtest6  (cost=0.43..368.14 rows=95 width=4)
	        Index Cond: ((id >= 3944786) AND (id <= 3944885))

table 7 : explain SELECT SUM(k) FROM sbtest7 WHERE id BETWEEN 7303709 AND 7303808
	Aggregate  (cost=410.84..410.85 rows=1 width=8)
	  ->  Index Scan using sbtest7_pkey on sbtest7  (cost=0.43..410.57 rows=106 width=4)
	        Index Cond: ((id >= 7303709) AND (id <= 7303808))

table 8 : explain SELECT SUM(k) FROM sbtest8 WHERE id BETWEEN 1959194 AND 1959293
	Aggregate  (cost=408.08..408.09 rows=1 width=8)
	  ->  Index Scan using sbtest8_pkey on sbtest8  (cost=0.43..407.82 rows=105 width=4)
	        Index Cond: ((id >= 1959194) AND (id <= 1959293))

explain: for deletes :: explain DELETE FROM sbtest%u WHERE id=%u
for deletes
table 1 : explain DELETE FROM sbtest1 WHERE id=7540302
	Delete on sbtest1  (cost=0.43..8.45 rows=0 width=0)
	  ->  Index Scan using sbtest1_pkey on sbtest1  (cost=0.43..8.45 rows=1 width=6)
	        Index Cond: (id = 7540302)

table 2 : explain DELETE FROM sbtest2 WHERE id=7718365
	Delete on sbtest2  (cost=0.43..8.45 rows=0 width=0)
	  ->  Index Scan using sbtest2_pkey on sbtest2  (cost=0.43..8.45 rows=1 width=6)
	        Index Cond: (id = 7718365)

table 3 : explain DELETE FROM sbtest3 WHERE id=6899751
	Delete on sbtest3  (cost=0.43..8.45 rows=0 width=0)
	  ->  Index Scan using sbtest3_pkey on sbtest3  (cost=0.43..8.45 rows=1 width=6)
	        Index Cond: (id = 6899751)

table 4 : explain DELETE FROM sbtest4 WHERE id=4810415
	Delete on sbtest4  (cost=0.43..8.45 rows=0 width=0)
	  ->  Index Scan using sbtest4_pkey on sbtest4  (cost=0.43..8.45 rows=1 width=6)
	        Index Cond: (id = 4810415)

table 5 : explain DELETE FROM sbtest5 WHERE id=7731192
	Delete on sbtest5  (cost=0.43..8.45 rows=0 width=0)
	  ->  Index Scan using sbtest5_pkey on sbtest5  (cost=0.43..8.45 rows=1 width=6)
	        Index Cond: (id = 7731192)

table 6 : explain DELETE FROM sbtest6 WHERE id=1869946
	Delete on sbtest6  (cost=0.43..8.45 rows=0 width=0)
	  ->  Index Scan using sbtest6_pkey on sbtest6  (cost=0.43..8.45 rows=1 width=6)
	        Index Cond: (id = 1869946)

table 7 : explain DELETE FROM sbtest7 WHERE id=6766331
	Delete on sbtest7  (cost=0.43..8.45 rows=0 width=0)
	  ->  Index Scan using sbtest7_pkey on sbtest7  (cost=0.43..8.45 rows=1 width=6)
	        Index Cond: (id = 6766331)

table 8 : explain DELETE FROM sbtest8 WHERE id=9512816
	Delete on sbtest8  (cost=0.43..8.45 rows=0 width=0)
	  ->  Index Scan using sbtest8_pkey on sbtest8  (cost=0.43..8.45 rows=1 width=6)
	        Index Cond: (id = 9512816)

for: order_ranges
table 1 : explain SELECT c FROM sbtest1 WHERE id BETWEEN 2425615 AND 2425714 ORDER BY c
	Sort  (cost=373.48..373.71 rows=95 width=121)
	  Sort Key: c
	  ->  Index Scan using sbtest1_pkey on sbtest1  (cost=0.43..370.36 rows=95 width=121)
	        Index Cond: ((id >= 2425615) AND (id <= 2425714))

table 2 : explain SELECT c FROM sbtest2 WHERE id BETWEEN 8532215 AND 8532314 ORDER BY c
	Sort  (cost=375.67..375.91 rows=96 width=121)
	  Sort Key: c
	  ->  Index Scan using sbtest2_pkey on sbtest2  (cost=0.43..372.51 rows=96 width=121)
	        Index Cond: ((id >= 8532215) AND (id <= 8532314))

table 3 : explain SELECT c FROM sbtest3 WHERE id BETWEEN 6903302 AND 6903401 ORDER BY c
	Sort  (cost=358.71..358.93 rows=91 width=121)
	  Sort Key: c
	  ->  Index Scan using sbtest3_pkey on sbtest3  (cost=0.43..355.74 rows=91 width=121)
	        Index Cond: ((id >= 6903302) AND (id <= 6903401))

table 4 : explain SELECT c FROM sbtest4 WHERE id BETWEEN 5223376 AND 5223475 ORDER BY c
	Sort  (cost=359.21..359.43 rows=91 width=121)
	  Sort Key: c
	  ->  Index Scan using sbtest4_pkey on sbtest4  (cost=0.43..356.25 rows=91 width=121)
	        Index Cond: ((id >= 5223376) AND (id <= 5223475))

table 5 : explain SELECT c FROM sbtest5 WHERE id BETWEEN 971229 AND 971328 ORDER BY c
	Sort  (cost=390.57..390.82 rows=100 width=121)
	  Sort Key: c
	  ->  Index Scan using sbtest5_pkey on sbtest5  (cost=0.43..387.25 rows=100 width=121)
	        Index Cond: ((id >= 971229) AND (id <= 971328))

table 6 : explain SELECT c FROM sbtest6 WHERE id BETWEEN 5074424 AND 5074523 ORDER BY c
	Sort  (cost=367.40..367.63 rows=94 width=121)
	  Sort Key: c
	  ->  Index Scan using sbtest6_pkey on sbtest6  (cost=0.43..364.32 rows=94 width=121)
	        Index Cond: ((id >= 5074424) AND (id <= 5074523))

table 7 : explain SELECT c FROM sbtest7 WHERE id BETWEEN 9273182 AND 9273281 ORDER BY c
	Sort  (cost=371.53..371.77 rows=95 width=121)
	  Sort Key: c
	  ->  Index Scan using sbtest7_pkey on sbtest7  (cost=0.43..368.41 rows=95 width=121)
	        Index Cond: ((id >= 9273182) AND (id <= 9273281))

table 8 : explain SELECT c FROM sbtest8 WHERE id BETWEEN 4470343 AND 4470442 ORDER BY c
	Sort  (cost=438.50..438.78 rows=112 width=121)
	  Sort Key: c
	  ->  Index Scan using sbtest8_pkey on sbtest8  (cost=0.43..434.69 rows=112 width=121)
	        Index Cond: ((id >= 4470343) AND (id <= 4470442))

explain: for inserts :: explain INSERT INTO sbtest%u (id, k, c, pad) VALUES (%u, 13, 'foobar', 'foobar')
for inserts
table 1 : explain INSERT INTO sbtest1 (id, k, c, pad) VALUES (7179837, 13, 'foobar', 'foobar')
	Insert on sbtest1  (cost=0.00..0.01 rows=0 width=0)
	  ->  Result  (cost=0.00..0.01 rows=1 width=736)

table 2 : explain INSERT INTO sbtest2 (id, k, c, pad) VALUES (244295, 13, 'foobar', 'foobar')
	Insert on sbtest2  (cost=0.00..0.01 rows=0 width=0)
	  ->  Result  (cost=0.00..0.01 rows=1 width=736)

table 3 : explain INSERT INTO sbtest3 (id, k, c, pad) VALUES (1958603, 13, 'foobar', 'foobar')
	Insert on sbtest3  (cost=0.00..0.01 rows=0 width=0)
	  ->  Result  (cost=0.00..0.01 rows=1 width=736)

table 4 : explain INSERT INTO sbtest4 (id, k, c, pad) VALUES (6741115, 13, 'foobar', 'foobar')
	Insert on sbtest4  (cost=0.00..0.01 rows=0 width=0)
	  ->  Result  (cost=0.00..0.01 rows=1 width=736)

table 5 : explain INSERT INTO sbtest5 (id, k, c, pad) VALUES (8861090, 13, 'foobar', 'foobar')
	Insert on sbtest5  (cost=0.00..0.01 rows=0 width=0)
	  ->  Result  (cost=0.00..0.01 rows=1 width=736)

table 6 : explain INSERT INTO sbtest6 (id, k, c, pad) VALUES (7937529, 13, 'foobar', 'foobar')
	Insert on sbtest6  (cost=0.00..0.01 rows=0 width=0)
	  ->  Result  (cost=0.00..0.01 rows=1 width=736)

table 7 : explain INSERT INTO sbtest7 (id, k, c, pad) VALUES (6079447, 13, 'foobar', 'foobar')
	Insert on sbtest7  (cost=0.00..0.01 rows=0 width=0)
	  ->  Result  (cost=0.00..0.01 rows=1 width=736)

table 8 : explain INSERT INTO sbtest8 (id, k, c, pad) VALUES (6770420, 13, 'foobar', 'foobar')
	Insert on sbtest8  (cost=0.00..0.01 rows=0 width=0)
	  ->  Result  (cost=0.00..0.01 rows=1 width=736)

for: distinct_ranges
table 1 : explain SELECT DISTINCT c FROM sbtest1 WHERE id BETWEEN 7579427 AND 7579526 ORDER BY c
	Unique  (cost=416.30..416.83 rows=106 width=121)
	  ->  Sort  (cost=416.30..416.57 rows=106 width=121)
	        Sort Key: c
	        ->  Index Scan using sbtest1_pkey on sbtest1  (cost=0.43..412.74 rows=106 width=121)
	              Index Cond: ((id >= 7579427) AND (id <= 7579526))

table 2 : explain SELECT DISTINCT c FROM sbtest2 WHERE id BETWEEN 918436 AND 918535 ORDER BY c
	Unique  (cost=391.20..391.70 rows=100 width=121)
	  ->  Sort  (cost=391.20..391.45 rows=100 width=121)
	        Sort Key: c
	        ->  Index Scan using sbtest2_pkey on sbtest2  (cost=0.43..387.88 rows=100 width=121)
	              Index Cond: ((id >= 918436) AND (id <= 918535))

table 3 : explain SELECT DISTINCT c FROM sbtest3 WHERE id BETWEEN 2778525 AND 2778624 ORDER BY c
	Unique  (cost=401.62..402.13 rows=102 width=121)
	  ->  Sort  (cost=401.62..401.88 rows=102 width=121)
	        Sort Key: c
	        ->  Index Scan using sbtest3_pkey on sbtest3  (cost=0.43..398.22 rows=102 width=121)
	              Index Cond: ((id >= 2778525) AND (id <= 2778624))

table 4 : explain SELECT DISTINCT c FROM sbtest4 WHERE id BETWEEN 4449287 AND 4449386 ORDER BY c
	Unique  (cost=406.09..406.60 rows=103 width=121)
	  ->  Sort  (cost=406.09..406.35 rows=103 width=121)
	        Sort Key: c
	        ->  Index Scan using sbtest4_pkey on sbtest4  (cost=0.43..402.65 rows=103 width=121)
	              Index Cond: ((id >= 4449287) AND (id <= 4449386))

table 5 : explain SELECT DISTINCT c FROM sbtest5 WHERE id BETWEEN 4342709 AND 4342808 ORDER BY c
	Unique  (cost=386.66..387.15 rows=99 width=121)
	  ->  Sort  (cost=386.66..386.90 rows=99 width=121)
	        Sort Key: c
	        ->  Index Scan using sbtest5_pkey on sbtest5  (cost=0.43..383.37 rows=99 width=121)
	              Index Cond: ((id >= 4342709) AND (id <= 4342808))

table 6 : explain SELECT DISTINCT c FROM sbtest6 WHERE id BETWEEN 9331001 AND 9331100 ORDER BY c
	Unique  (cost=406.10..406.62 rows=104 width=121)
	  ->  Sort  (cost=406.10..406.36 rows=104 width=121)
	        Sort Key: c
	        ->  Index Scan using sbtest6_pkey on sbtest6  (cost=0.43..402.62 rows=104 width=121)
	              Index Cond: ((id >= 9331001) AND (id <= 9331100))

table 7 : explain SELECT DISTINCT c FROM sbtest7 WHERE id BETWEEN 7991746 AND 7991845 ORDER BY c
	Unique  (cost=383.14..383.63 rows=98 width=121)
	  ->  Sort  (cost=383.14..383.38 rows=98 width=121)
	        Sort Key: c
	        ->  Index Scan using sbtest7_pkey on sbtest7  (cost=0.43..379.90 rows=98 width=121)
	              Index Cond: ((id >= 7991746) AND (id <= 7991845))

table 8 : explain SELECT DISTINCT c FROM sbtest8 WHERE id BETWEEN 9677025 AND 9677124 ORDER BY c
	Unique  (cost=376.38..376.86 rows=96 width=121)
	  ->  Sort  (cost=376.38..376.62 rows=96 width=121)
	        Sort Key: c
	        ->  Index Scan using sbtest8_pkey on sbtest8  (cost=0.43..373.22 rows=96 width=121)
	              Index Cond: ((id >= 9677025) AND (id <= 9677124))

explain: for index_updates :: explain UPDATE sbtest%u SET k=k+1 WHERE id=%u
for index_updates
table 1 : explain UPDATE sbtest1 SET k=k+1 WHERE id=9755172
	Update on sbtest1  (cost=0.43..8.46 rows=0 width=0)
	  ->  Index Scan using sbtest1_pkey on sbtest1  (cost=0.43..8.46 rows=1 width=10)
	        Index Cond: (id = 9755172)

table 2 : explain UPDATE sbtest2 SET k=k+1 WHERE id=4641606
	Update on sbtest2  (cost=0.43..8.46 rows=0 width=0)
	  ->  Index Scan using sbtest2_pkey on sbtest2  (cost=0.43..8.46 rows=1 width=10)
	        Index Cond: (id = 4641606)

table 3 : explain UPDATE sbtest3 SET k=k+1 WHERE id=3438750
	Update on sbtest3  (cost=0.43..8.46 rows=0 width=0)
	  ->  Index Scan using sbtest3_pkey on sbtest3  (cost=0.43..8.46 rows=1 width=10)
	        Index Cond: (id = 3438750)

table 4 : explain UPDATE sbtest4 SET k=k+1 WHERE id=4346872
	Update on sbtest4  (cost=0.43..8.46 rows=0 width=0)
	  ->  Index Scan using sbtest4_pkey on sbtest4  (cost=0.43..8.46 rows=1 width=10)
	        Index Cond: (id = 4346872)

table 5 : explain UPDATE sbtest5 SET k=k+1 WHERE id=8663848
	Update on sbtest5  (cost=0.43..8.46 rows=0 width=0)
	  ->  Index Scan using sbtest5_pkey on sbtest5  (cost=0.43..8.46 rows=1 width=10)
	        Index Cond: (id = 8663848)

table 6 : explain UPDATE sbtest6 SET k=k+1 WHERE id=1441593
	Update on sbtest6  (cost=0.43..8.46 rows=0 width=0)
	  ->  Index Scan using sbtest6_pkey on sbtest6  (cost=0.43..8.46 rows=1 width=10)
	        Index Cond: (id = 1441593)

table 7 : explain UPDATE sbtest7 SET k=k+1 WHERE id=3989335
	Update on sbtest7  (cost=0.43..8.46 rows=0 width=0)
	  ->  Index Scan using sbtest7_pkey on sbtest7  (cost=0.43..8.46 rows=1 width=10)
	        Index Cond: (id = 3989335)

table 8 : explain UPDATE sbtest8 SET k=k+1 WHERE id=731561
	Update on sbtest8  (cost=0.43..8.46 rows=0 width=0)
	  ->  Index Scan using sbtest8_pkey on sbtest8  (cost=0.43..8.46 rows=1 width=10)
	        Index Cond: (id = 731561)

explain: for non_index_updates :: explain UPDATE sbtest%u SET c='foobar' WHERE id=%u
for non_index_updates
table 1 : explain UPDATE sbtest1 SET c='foobar' WHERE id=1892068
	Update on sbtest1  (cost=0.43..8.45 rows=0 width=0)
	  ->  Index Scan using sbtest1_pkey on sbtest1  (cost=0.43..8.45 rows=1 width=490)
	        Index Cond: (id = 1892068)

table 2 : explain UPDATE sbtest2 SET c='foobar' WHERE id=7631307
	Update on sbtest2  (cost=0.43..8.45 rows=0 width=0)
	  ->  Index Scan using sbtest2_pkey on sbtest2  (cost=0.43..8.45 rows=1 width=490)
	        Index Cond: (id = 7631307)

table 3 : explain UPDATE sbtest3 SET c='foobar' WHERE id=9303152
	Update on sbtest3  (cost=0.43..8.45 rows=0 width=0)
	  ->  Index Scan using sbtest3_pkey on sbtest3  (cost=0.43..8.45 rows=1 width=490)
	        Index Cond: (id = 9303152)

table 4 : explain UPDATE sbtest4 SET c='foobar' WHERE id=9250525
	Update on sbtest4  (cost=0.43..8.45 rows=0 width=0)
	  ->  Index Scan using sbtest4_pkey on sbtest4  (cost=0.43..8.45 rows=1 width=490)
	        Index Cond: (id = 9250525)

table 5 : explain UPDATE sbtest5 SET c='foobar' WHERE id=8872275
	Update on sbtest5  (cost=0.43..8.45 rows=0 width=0)
	  ->  Index Scan using sbtest5_pkey on sbtest5  (cost=0.43..8.45 rows=1 width=490)
	        Index Cond: (id = 8872275)

table 6 : explain UPDATE sbtest6 SET c='foobar' WHERE id=8174182
	Update on sbtest6  (cost=0.43..8.45 rows=0 width=0)
	  ->  Index Scan using sbtest6_pkey on sbtest6  (cost=0.43..8.45 rows=1 width=490)
	        Index Cond: (id = 8174182)

table 7 : explain UPDATE sbtest7 SET c='foobar' WHERE id=6862342
	Update on sbtest7  (cost=0.43..8.45 rows=0 width=0)
	  ->  Index Scan using sbtest7_pkey on sbtest7  (cost=0.43..8.45 rows=1 width=490)
	        Index Cond: (id = 6862342)

table 8 : explain UPDATE sbtest8 SET c='foobar' WHERE id=763658
	Update on sbtest8  (cost=0.43..8.45 rows=0 width=0)
	  ->  Index Scan using sbtest8_pkey on sbtest8  (cost=0.43..8.45 rows=1 width=490)
	        Index Cond: (id = 763658)

explain: for deletes :: explain DELETE FROM sbtest%u WHERE id=%u
for deletes
table 1 : explain DELETE FROM sbtest1 WHERE id=7272813
	Delete on sbtest1  (cost=0.43..8.45 rows=0 width=0)
	  ->  Index Scan using sbtest1_pkey on sbtest1  (cost=0.43..8.45 rows=1 width=6)
	        Index Cond: (id = 7272813)

table 2 : explain DELETE FROM sbtest2 WHERE id=3214481
	Delete on sbtest2  (cost=0.43..8.45 rows=0 width=0)
	  ->  Index Scan using sbtest2_pkey on sbtest2  (cost=0.43..8.45 rows=1 width=6)
	        Index Cond: (id = 3214481)

table 3 : explain DELETE FROM sbtest3 WHERE id=175299
	Delete on sbtest3  (cost=0.43..8.45 rows=0 width=0)
	  ->  Index Scan using sbtest3_pkey on sbtest3  (cost=0.43..8.45 rows=1 width=6)
	        Index Cond: (id = 175299)

table 4 : explain DELETE FROM sbtest4 WHERE id=8575827
	Delete on sbtest4  (cost=0.43..8.45 rows=0 width=0)
	  ->  Index Scan using sbtest4_pkey on sbtest4  (cost=0.43..8.45 rows=1 width=6)
	        Index Cond: (id = 8575827)

table 5 : explain DELETE FROM sbtest5 WHERE id=2282898
	Delete on sbtest5  (cost=0.43..8.45 rows=0 width=0)
	  ->  Index Scan using sbtest5_pkey on sbtest5  (cost=0.43..8.45 rows=1 width=6)
	        Index Cond: (id = 2282898)

table 6 : explain DELETE FROM sbtest6 WHERE id=8874304
	Delete on sbtest6  (cost=0.43..8.45 rows=0 width=0)
	  ->  Index Scan using sbtest6_pkey on sbtest6  (cost=0.43..8.45 rows=1 width=6)
	        Index Cond: (id = 8874304)

table 7 : explain DELETE FROM sbtest7 WHERE id=6578620
	Delete on sbtest7  (cost=0.43..8.45 rows=0 width=0)
	  ->  Index Scan using sbtest7_pkey on sbtest7  (cost=0.43..8.45 rows=1 width=6)
	        Index Cond: (id = 6578620)

table 8 : explain DELETE FROM sbtest8 WHERE id=6005865
	Delete on sbtest8  (cost=0.43..8.45 rows=0 width=0)
	  ->  Index Scan using sbtest8_pkey on sbtest8  (cost=0.43..8.45 rows=1 width=6)
	        Index Cond: (id = 6005865)

explain: for inserts :: explain INSERT INTO sbtest%u (id, k, c, pad) VALUES (%u, 13, 'foobar', 'foobar')
for inserts
table 1 : explain INSERT INTO sbtest1 (id, k, c, pad) VALUES (5677741, 13, 'foobar', 'foobar')
	Insert on sbtest1  (cost=0.00..0.01 rows=0 width=0)
	  ->  Result  (cost=0.00..0.01 rows=1 width=736)

table 2 : explain INSERT INTO sbtest2 (id, k, c, pad) VALUES (7215513, 13, 'foobar', 'foobar')
	Insert on sbtest2  (cost=0.00..0.01 rows=0 width=0)
	  ->  Result  (cost=0.00..0.01 rows=1 width=736)

table 3 : explain INSERT INTO sbtest3 (id, k, c, pad) VALUES (347257, 13, 'foobar', 'foobar')
	Insert on sbtest3  (cost=0.00..0.01 rows=0 width=0)
	  ->  Result  (cost=0.00..0.01 rows=1 width=736)

table 4 : explain INSERT INTO sbtest4 (id, k, c, pad) VALUES (6403812, 13, 'foobar', 'foobar')
	Insert on sbtest4  (cost=0.00..0.01 rows=0 width=0)
	  ->  Result  (cost=0.00..0.01 rows=1 width=736)

table 5 : explain INSERT INTO sbtest5 (id, k, c, pad) VALUES (9463616, 13, 'foobar', 'foobar')
	Insert on sbtest5  (cost=0.00..0.01 rows=0 width=0)
	  ->  Result  (cost=0.00..0.01 rows=1 width=736)

table 6 : explain INSERT INTO sbtest6 (id, k, c, pad) VALUES (1964162, 13, 'foobar', 'foobar')
	Insert on sbtest6  (cost=0.00..0.01 rows=0 width=0)
	  ->  Result  (cost=0.00..0.01 rows=1 width=736)

table 7 : explain INSERT INTO sbtest7 (id, k, c, pad) VALUES (6594955, 13, 'foobar', 'foobar')
	Insert on sbtest7  (cost=0.00..0.01 rows=0 width=0)
	  ->  Result  (cost=0.00..0.01 rows=1 width=736)

table 8 : explain INSERT INTO sbtest8 (id, k, c, pad) VALUES (8396238, 13, 'foobar', 'foobar')
	Insert on sbtest8  (cost=0.00..0.01 rows=0 width=0)
	  ->  Result  (cost=0.00..0.01 rows=1 width=736)

Threads started!

Warming up for 5 seconds...

SQL statistics:
    queries performed:
        read:                            311225768
        write:                           88921749
        other:                           44460837
        total:                           444608354
    transactions:                        22230438 (23903.45 per sec.)
    queries:                             444608354 (478068.49 per sec.)
    ignored errors:                      0      (0.00 per sec.)
    reconnects:                          0      (0.00 per sec.)

Throughput:
    events/s (eps):                      23903.4463
    time elapsed:                        930.0098s
    total number of events:              22230438

Latency (ms):
         min:                                    1.38
         avg:                                    1.67
         max:                                   95.48
         95th percentile:                        1.76
         sum:                             37176107.56

Threads fairness:
    events (avg/stddev):           555760.8250/3752.02
    execution time (avg/stddev):   929.4027/0.01

