LUA_PATH=/home/mdcallag/git/mytools/bench/sysbench.lua/lua/?.lua /home/mdcallag/git/mytools/bench/sysbench.lua/lua/sysbench --db-driver=pgsql --range-size=10 --table-size=10000000 --tables=8 --threads=40 --events=0 --warmup-time=5 --time=630 --pgsql_conn_id=true /home/mdcallag/git/mytools/bench/sysbench.lua/lua/oltp_inlist_select.lua run --pgsql-user=root --pgsql-password=pw --pgsql-host=127.0.0.1 --pgsql-db=ib --rand-type=uniform --random-points=10 --skip-trx
48 CPUs
sysbench 1.1.0-9072687 (using bundled LuaJIT 2.1.0-beta3)

Running the test with following options:
Number of threads: 40
Warmup time: 5s
Initializing random number generator from current time


Initializing worker threads...

explain: for select-inlist :: explain SELECT c FROM sbtest%d WHERE id IN ( 763208, 7687378, 4494664, 8715608, 1213825, 8307470, 2721596, 5115747, 7397385, 7014521)
explain: for select-inlist :: explain SELECT c FROM sbtest%d WHERE id IN ( 2062200, 173612, 3438223, 9595794, 5852999, 4790123, 4381656, 8944684, 3203992, 8884309)
explain: for select-inlist :: explain SELECT c FROM sbtest%d WHERE id IN ( 3711276, 2389095, 1812480, 4503356, 136702, 8216788, 5092374, 7383998, 8075987, 9824028)
explain: for select-inlist :: explain SELECT c FROM sbtest%d WHERE id IN ( 1843513, 4309264, 3503820, 7823095, 5521145, 5120073, 2585151, 2993942, 8204925, 6267417)
for select-inlist
table 1 : explain SELECT c FROM sbtest1 WHERE id IN ( 763208, 7687378, 4494664, 8715608, 1213825, 8307470, 2721596, 5115747, 7397385, 7014521)
	Index Scan using sbtest1_pkey on sbtest1  (cost=0.43..83.96 rows=10 width=121)
	  Index Cond: (id = ANY ('{763208,7687378,4494664,8715608,1213825,8307470,2721596,5115747,7397385,7014521}'::integer[]))

table 2 : explain SELECT c FROM sbtest2 WHERE id IN ( 763208, 7687378, 4494664, 8715608, 1213825, 8307470, 2721596, 5115747, 7397385, 7014521)
	Index Scan using sbtest2_pkey on sbtest2  (cost=0.43..84.04 rows=10 width=121)
	  Index Cond: (id = ANY ('{763208,7687378,4494664,8715608,1213825,8307470,2721596,5115747,7397385,7014521}'::integer[]))

table 3 : explain SELECT c FROM sbtest3 WHERE id IN ( 763208, 7687378, 4494664, 8715608, 1213825, 8307470, 2721596, 5115747, 7397385, 7014521)
	Index Scan using sbtest3_pkey on sbtest3  (cost=0.43..83.97 rows=10 width=121)
	  Index Cond: (id = ANY ('{763208,7687378,4494664,8715608,1213825,8307470,2721596,5115747,7397385,7014521}'::integer[]))

table 4 : explain SELECT c FROM sbtest4 WHERE id IN ( 763208, 7687378, 4494664, 8715608, 1213825, 8307470, 2721596, 5115747, 7397385, 7014521)
	Index Scan using sbtest4_pkey on sbtest4  (cost=0.43..83.86 rows=10 width=121)
	  Index Cond: (id = ANY ('{763208,7687378,4494664,8715608,1213825,8307470,2721596,5115747,7397385,7014521}'::integer[]))

table 5 : explain SELECT c FROM sbtest5 WHERE id IN ( 763208, 7687378, 4494664, 8715608, 1213825, 8307470, 2721596, 5115747, 7397385, 7014521)
	Index Scan using sbtest5_pkey on sbtest5  (cost=0.43..83.96 rows=10 width=121)
	  Index Cond: (id = ANY ('{763208,7687378,4494664,8715608,1213825,8307470,2721596,5115747,7397385,7014521}'::integer[]))

table 6 : explain SELECT c FROM sbtest6 WHERE id IN ( 763208, 7687378, 4494664, 8715608, 1213825, 8307470, 2721596, 5115747, 7397385, 7014521)
	Index Scan using sbtest6_pkey on sbtest6  (cost=0.43..83.89 rows=10 width=121)
	  Index Cond: (id = ANY ('{763208,7687378,4494664,8715608,1213825,8307470,2721596,5115747,7397385,7014521}'::integer[]))

table 7 : explain SELECT c FROM sbtest7 WHERE id IN ( 763208, 7687378, 4494664, 8715608, 1213825, 8307470, 2721596, 5115747, 7397385, 7014521)
	Index Scan using sbtest7_pkey on sbtest7  (cost=0.43..83.86 rows=10 width=121)
	  Index Cond: (id = ANY ('{763208,7687378,4494664,8715608,1213825,8307470,2721596,5115747,7397385,7014521}'::integer[]))

table 8 : explain SELECT c FROM sbtest8 WHERE id IN ( 763208, 7687378, 4494664, 8715608, 1213825, 8307470, 2721596, 5115747, 7397385, 7014521)
	Index Scan using sbtest8_pkey on sbtest8  (cost=0.43..83.82 rows=10 width=121)
	  Index Cond: (id = ANY ('{763208,7687378,4494664,8715608,1213825,8307470,2721596,5115747,7397385,7014521}'::integer[]))

for select-inlist
table 1 : explain SELECT c FROM sbtest1 WHERE id IN ( 2062200, 173612, 3438223, 9595794, 5852999, 4790123, 4381656, 8944684, 3203992, 8884309)
	Index Scan using sbtest1_pkey on sbtest1  (cost=0.43..83.96 rows=10 width=121)
	  Index Cond: (id = ANY ('{2062200,173612,3438223,9595794,5852999,4790123,4381656,8944684,3203992,8884309}'::integer[]))

table 2 : explain SELECT c FROM sbtest2 WHERE id IN ( 2062200, 173612, 3438223, 9595794, 5852999, 4790123, 4381656, 8944684, 3203992, 8884309)
	Index Scan using sbtest2_pkey on sbtest2  (cost=0.43..84.04 rows=10 width=121)
	  Index Cond: (id = ANY ('{2062200,173612,3438223,9595794,5852999,4790123,4381656,8944684,3203992,8884309}'::integer[]))

table 3 : explain SELECT c FROM sbtest3 WHERE id IN ( 2062200, 173612, 3438223, 9595794, 5852999, 4790123, 4381656, 8944684, 3203992, 8884309)
	Index Scan using sbtest3_pkey on sbtest3  (cost=0.43..83.97 rows=10 width=121)
	  Index Cond: (id = ANY ('{2062200,173612,3438223,9595794,5852999,4790123,4381656,8944684,3203992,8884309}'::integer[]))

table 4 : explain SELECT c FROM sbtest4 WHERE id IN ( 2062200, 173612, 3438223, 9595794, 5852999, 4790123, 4381656, 8944684, 3203992, 8884309)
	Index Scan using sbtest4_pkey on sbtest4  (cost=0.43..83.86 rows=10 width=121)
	  Index Cond: (id = ANY ('{2062200,173612,3438223,9595794,5852999,4790123,4381656,8944684,3203992,8884309}'::integer[]))

table 5 : explain SELECT c FROM sbtest5 WHERE id IN ( 2062200, 173612, 3438223, 9595794, 5852999, 4790123, 4381656, 8944684, 3203992, 8884309)
	Index Scan using sbtest5_pkey on sbtest5  (cost=0.43..83.96 rows=10 width=121)
	  Index Cond: (id = ANY ('{2062200,173612,3438223,9595794,5852999,4790123,4381656,8944684,3203992,8884309}'::integer[]))

table 6 : explain SELECT c FROM sbtest6 WHERE id IN ( 2062200, 173612, 3438223, 9595794, 5852999, 4790123, 4381656, 8944684, 3203992, 8884309)
	Index Scan using sbtest6_pkey on sbtest6  (cost=0.43..83.89 rows=10 width=121)
	  Index Cond: (id = ANY ('{2062200,173612,3438223,9595794,5852999,4790123,4381656,8944684,3203992,8884309}'::integer[]))

table 7 : explain SELECT c FROM sbtest7 WHERE id IN ( 2062200, 173612, 3438223, 9595794, 5852999, 4790123, 4381656, 8944684, 3203992, 8884309)
	Index Scan using sbtest7_pkey on sbtest7  (cost=0.43..83.86 rows=10 width=121)
	  Index Cond: (id = ANY ('{2062200,173612,3438223,9595794,5852999,4790123,4381656,8944684,3203992,8884309}'::integer[]))

table 8 : explain SELECT c FROM sbtest8 WHERE id IN ( 2062200, 173612, 3438223, 9595794, 5852999, 4790123, 4381656, 8944684, 3203992, 8884309)
	Index Scan using sbtest8_pkey on sbtest8  (cost=0.43..83.82 rows=10 width=121)
	  Index Cond: (id = ANY ('{2062200,173612,3438223,9595794,5852999,4790123,4381656,8944684,3203992,8884309}'::integer[]))

explain: for select-inlist :: explain SELECT c FROM sbtest%d WHERE id IN ( 4241769, 3742732, 9748651, 5655264, 6550901, 4441459, 7816765, 9405425, 545115, 9364504)
explain: for select-inlist :: explain SELECT c FROM sbtest%d WHERE id IN ( 8979961, 8874227, 3787413, 6413078, 1614371, 6183566, 6830305, 211518, 8101028, 3966118)
for select-inlist
table 1 : explain SELECT c FROM sbtest1 WHERE id IN ( 3711276, 2389095, 1812480, 4503356, 136702, 8216788, 5092374, 7383998, 8075987, 9824028)
	Index Scan using sbtest1_pkey on sbtest1  (cost=0.43..83.96 rows=10 width=121)
	  Index Cond: (id = ANY ('{3711276,2389095,1812480,4503356,136702,8216788,5092374,7383998,8075987,9824028}'::integer[]))

table 2 : explain SELECT c FROM sbtest2 WHERE id IN ( 3711276, 2389095, 1812480, 4503356, 136702, 8216788, 5092374, 7383998, 8075987, 9824028)
	Index Scan using sbtest2_pkey on sbtest2  (cost=0.43..84.04 rows=10 width=121)
	  Index Cond: (id = ANY ('{3711276,2389095,1812480,4503356,136702,8216788,5092374,7383998,8075987,9824028}'::integer[]))

table 3 : explain SELECT c FROM sbtest3 WHERE id IN ( 3711276, 2389095, 1812480, 4503356, 136702, 8216788, 5092374, 7383998, 8075987, 9824028)
	Index Scan using sbtest3_pkey on sbtest3  (cost=0.43..83.97 rows=10 width=121)
	  Index Cond: (id = ANY ('{3711276,2389095,1812480,4503356,136702,8216788,5092374,7383998,8075987,9824028}'::integer[]))

table 4 : explain SELECT c FROM sbtest4 WHERE id IN ( 3711276, 2389095, 1812480, 4503356, 136702, 8216788, 5092374, 7383998, 8075987, 9824028)
	Index Scan using sbtest4_pkey on sbtest4  (cost=0.43..83.86 rows=10 width=121)
	  Index Cond: (id = ANY ('{3711276,2389095,1812480,4503356,136702,8216788,5092374,7383998,8075987,9824028}'::integer[]))

table 5 : explain SELECT c FROM sbtest5 WHERE id IN ( 3711276, 2389095, 1812480, 4503356, 136702, 8216788, 5092374, 7383998, 8075987, 9824028)
	Index Scan using sbtest5_pkey on sbtest5  (cost=0.43..83.96 rows=10 width=121)
	  Index Cond: (id = ANY ('{3711276,2389095,1812480,4503356,136702,8216788,5092374,7383998,8075987,9824028}'::integer[]))

table 6 : explain SELECT c FROM sbtest6 WHERE id IN ( 3711276, 2389095, 1812480, 4503356, 136702, 8216788, 5092374, 7383998, 8075987, 9824028)
	Index Scan using sbtest6_pkey on sbtest6  (cost=0.43..83.89 rows=10 width=121)
	  Index Cond: (id = ANY ('{3711276,2389095,1812480,4503356,136702,8216788,5092374,7383998,8075987,9824028}'::integer[]))

table 7 : explain SELECT c FROM sbtest7 WHERE id IN ( 3711276, 2389095, 1812480, 4503356, 136702, 8216788, 5092374, 7383998, 8075987, 9824028)
	Index Scan using sbtest7_pkey on sbtest7  (cost=0.43..83.86 rows=10 width=121)
	  Index Cond: (id = ANY ('{3711276,2389095,1812480,4503356,136702,8216788,5092374,7383998,8075987,9824028}'::integer[]))

table 8 : explain SELECT c FROM sbtest8 WHERE id IN ( 3711276, 2389095, 1812480, 4503356, 136702, 8216788, 5092374, 7383998, 8075987, 9824028)
	Index Scan using sbtest8_pkey on sbtest8  (cost=0.43..83.82 rows=10 width=121)
	  Index Cond: (id = ANY ('{3711276,2389095,1812480,4503356,136702,8216788,5092374,7383998,8075987,9824028}'::integer[]))

explain: for select-inlist :: explain SELECT c FROM sbtest%d WHERE id IN ( 9706850, 5008989, 4556352, 158433, 9193959, 7580944, 6692318, 3914610, 1369908, 9136550)
for select-inlist
table 1 : explain SELECT c FROM sbtest1 WHERE id IN ( 4241769, 3742732, 9748651, 5655264, 6550901, 4441459, 7816765, 9405425, 545115, 9364504)
	Index Scan using sbtest1_pkey on sbtest1  (cost=0.43..83.96 rows=10 width=121)
	  Index Cond: (id = ANY ('{4241769,3742732,9748651,5655264,6550901,4441459,7816765,9405425,545115,9364504}'::integer[]))

table 2 : explain SELECT c FROM sbtest2 WHERE id IN ( 4241769, 3742732, 9748651, 5655264, 6550901, 4441459, 7816765, 9405425, 545115, 9364504)
	Index Scan using sbtest2_pkey on sbtest2  (cost=0.43..84.04 rows=10 width=121)
	  Index Cond: (id = ANY ('{4241769,3742732,9748651,5655264,6550901,4441459,7816765,9405425,545115,9364504}'::integer[]))

table 3 : explain SELECT c FROM sbtest3 WHERE id IN ( 4241769, 3742732, 9748651, 5655264, 6550901, 4441459, 7816765, 9405425, 545115, 9364504)
	Index Scan using sbtest3_pkey on sbtest3  (cost=0.43..83.97 rows=10 width=121)
	  Index Cond: (id = ANY ('{4241769,3742732,9748651,5655264,6550901,4441459,7816765,9405425,545115,9364504}'::integer[]))

table 4 : explain SELECT c FROM sbtest4 WHERE id IN ( 4241769, 3742732, 9748651, 5655264, 6550901, 4441459, 7816765, 9405425, 545115, 9364504)
	Index Scan using sbtest4_pkey on sbtest4  (cost=0.43..83.86 rows=10 width=121)
	  Index Cond: (id = ANY ('{4241769,3742732,9748651,5655264,6550901,4441459,7816765,9405425,545115,9364504}'::integer[]))

table 5 : explain SELECT c FROM sbtest5 WHERE id IN ( 4241769, 3742732, 9748651, 5655264, 6550901, 4441459, 7816765, 9405425, 545115, 9364504)
	Index Scan using sbtest5_pkey on sbtest5  (cost=0.43..83.96 rows=10 width=121)
	  Index Cond: (id = ANY ('{4241769,3742732,9748651,5655264,6550901,4441459,7816765,9405425,545115,9364504}'::integer[]))

table 6 : explain SELECT c FROM sbtest6 WHERE id IN ( 4241769, 3742732, 9748651, 5655264, 6550901, 4441459, 7816765, 9405425, 545115, 9364504)
	Index Scan using sbtest6_pkey on sbtest6  (cost=0.43..83.89 rows=10 width=121)
	  Index Cond: (id = ANY ('{4241769,3742732,9748651,5655264,6550901,4441459,7816765,9405425,545115,9364504}'::integer[]))

table 7 : explain SELECT c FROM sbtest7 WHERE id IN ( 4241769, 3742732, 9748651, 5655264, 6550901, 4441459, 7816765, 9405425, 545115, 9364504)
	Index Scan using sbtest7_pkey on sbtest7  (cost=0.43..83.86 rows=10 width=121)
	  Index Cond: (id = ANY ('{4241769,3742732,9748651,5655264,6550901,4441459,7816765,9405425,545115,9364504}'::integer[]))

table 8 : explain SELECT c FROM sbtest8 WHERE id IN ( 4241769, 3742732, 9748651, 5655264, 6550901, 4441459, 7816765, 9405425, 545115, 9364504)
	Index Scan using sbtest8_pkey on sbtest8  (cost=0.43..83.82 rows=10 width=121)
	  Index Cond: (id = ANY ('{4241769,3742732,9748651,5655264,6550901,4441459,7816765,9405425,545115,9364504}'::integer[]))

for select-inlist
table 1 : explain SELECT c FROM sbtest1 WHERE id IN ( 9706850, 5008989, 4556352, 158433, 9193959, 7580944, 6692318, 3914610, 1369908, 9136550)
	Index Scan using sbtest1_pkey on sbtest1  (cost=0.43..83.96 rows=10 width=121)
	  Index Cond: (id = ANY ('{9706850,5008989,4556352,158433,9193959,7580944,6692318,3914610,1369908,9136550}'::integer[]))

table 2 : explain SELECT c FROM sbtest2 WHERE id IN ( 9706850, 5008989, 4556352, 158433, 9193959, 7580944, 6692318, 3914610, 1369908, 9136550)
	Index Scan using sbtest2_pkey on sbtest2  (cost=0.43..84.04 rows=10 width=121)
	  Index Cond: (id = ANY ('{9706850,5008989,4556352,158433,9193959,7580944,6692318,3914610,1369908,9136550}'::integer[]))

table 3 : explain SELECT c FROM sbtest3 WHERE id IN ( 9706850, 5008989, 4556352, 158433, 9193959, 7580944, 6692318, 3914610, 1369908, 9136550)
	Index Scan using sbtest3_pkey on sbtest3  (cost=0.43..83.97 rows=10 width=121)
	  Index Cond: (id = ANY ('{9706850,5008989,4556352,158433,9193959,7580944,6692318,3914610,1369908,9136550}'::integer[]))

table 4 : explain SELECT c FROM sbtest4 WHERE id IN ( 9706850, 5008989, 4556352, 158433, 9193959, 7580944, 6692318, 3914610, 1369908, 9136550)
	Index Scan using sbtest4_pkey on sbtest4  (cost=0.43..83.86 rows=10 width=121)
	  Index Cond: (id = ANY ('{9706850,5008989,4556352,158433,9193959,7580944,6692318,3914610,1369908,9136550}'::integer[]))

table 5 : explain SELECT c FROM sbtest5 WHERE id IN ( 9706850, 5008989, 4556352, 158433, 9193959, 7580944, 6692318, 3914610, 1369908, 9136550)
	Index Scan using sbtest5_pkey on sbtest5  (cost=0.43..83.96 rows=10 width=121)
	  Index Cond: (id = ANY ('{9706850,5008989,4556352,158433,9193959,7580944,6692318,3914610,1369908,9136550}'::integer[]))

table 6 : explain SELECT c FROM sbtest6 WHERE id IN ( 9706850, 5008989, 4556352, 158433, 9193959, 7580944, 6692318, 3914610, 1369908, 9136550)
	Index Scan using sbtest6_pkey on sbtest6  (cost=0.43..83.89 rows=10 width=121)
	  Index Cond: (id = ANY ('{9706850,5008989,4556352,158433,9193959,7580944,6692318,3914610,1369908,9136550}'::integer[]))

table 7 : explain SELECT c FROM sbtest7 WHERE id IN ( 9706850, 5008989, 4556352, 158433, 9193959, 7580944, 6692318, 3914610, 1369908, 9136550)
	Index Scan using sbtest7_pkey on sbtest7  (cost=0.43..83.86 rows=10 width=121)
	  Index Cond: (id = ANY ('{9706850,5008989,4556352,158433,9193959,7580944,6692318,3914610,1369908,9136550}'::integer[]))

table 8 : explain SELECT c FROM sbtest8 WHERE id IN ( 9706850, 5008989, 4556352, 158433, 9193959, 7580944, 6692318, 3914610, 1369908, 9136550)
	Index Scan using sbtest8_pkey on sbtest8  (cost=0.43..83.82 rows=10 width=121)
	  Index Cond: (id = ANY ('{9706850,5008989,4556352,158433,9193959,7580944,6692318,3914610,1369908,9136550}'::integer[]))

for select-inlist
table 1 : explain SELECT c FROM sbtest1 WHERE id IN ( 1843513, 4309264, 3503820, 7823095, 5521145, 5120073, 2585151, 2993942, 8204925, 6267417)
	Index Scan using sbtest1_pkey on sbtest1  (cost=0.43..83.96 rows=10 width=121)
	  Index Cond: (id = ANY ('{1843513,4309264,3503820,7823095,5521145,5120073,2585151,2993942,8204925,6267417}'::integer[]))

table 2 : explain SELECT c FROM sbtest2 WHERE id IN ( 1843513, 4309264, 3503820, 7823095, 5521145, 5120073, 2585151, 2993942, 8204925, 6267417)
	Index Scan using sbtest2_pkey on sbtest2  (cost=0.43..84.04 rows=10 width=121)
	  Index Cond: (id = ANY ('{1843513,4309264,3503820,7823095,5521145,5120073,2585151,2993942,8204925,6267417}'::integer[]))

table 3 : explain SELECT c FROM sbtest3 WHERE id IN ( 1843513, 4309264, 3503820, 7823095, 5521145, 5120073, 2585151, 2993942, 8204925, 6267417)
	Index Scan using sbtest3_pkey on sbtest3  (cost=0.43..83.97 rows=10 width=121)
	  Index Cond: (id = ANY ('{1843513,4309264,3503820,7823095,5521145,5120073,2585151,2993942,8204925,6267417}'::integer[]))

table 4 : explain SELECT c FROM sbtest4 WHERE id IN ( 1843513, 4309264, 3503820, 7823095, 5521145, 5120073, 2585151, 2993942, 8204925, 6267417)
	Index Scan using sbtest4_pkey on sbtest4  (cost=0.43..83.86 rows=10 width=121)
	  Index Cond: (id = ANY ('{1843513,4309264,3503820,7823095,5521145,5120073,2585151,2993942,8204925,6267417}'::integer[]))

table 5 : explain SELECT c FROM sbtest5 WHERE id IN ( 1843513, 4309264, 3503820, 7823095, 5521145, 5120073, 2585151, 2993942, 8204925, 6267417)
	Index Scan using sbtest5_pkey on sbtest5  (cost=0.43..83.96 rows=10 width=121)
	  Index Cond: (id = ANY ('{1843513,4309264,3503820,7823095,5521145,5120073,2585151,2993942,8204925,6267417}'::integer[]))

table 6 : explain SELECT c FROM sbtest6 WHERE id IN ( 1843513, 4309264, 3503820, 7823095, 5521145, 5120073, 2585151, 2993942, 8204925, 6267417)
	Index Scan using sbtest6_pkey on sbtest6  (cost=0.43..83.89 rows=10 width=121)
	  Index Cond: (id = ANY ('{1843513,4309264,3503820,7823095,5521145,5120073,2585151,2993942,8204925,6267417}'::integer[]))

table 7 : explain SELECT c FROM sbtest7 WHERE id IN ( 1843513, 4309264, 3503820, 7823095, 5521145, 5120073, 2585151, 2993942, 8204925, 6267417)
	Index Scan using sbtest7_pkey on sbtest7  (cost=0.43..83.86 rows=10 width=121)
	  Index Cond: (id = ANY ('{1843513,4309264,3503820,7823095,5521145,5120073,2585151,2993942,8204925,6267417}'::integer[]))

table 8 : explain SELECT c FROM sbtest8 WHERE id IN ( 1843513, 4309264, 3503820, 7823095, 5521145, 5120073, 2585151, 2993942, 8204925, 6267417)
	Index Scan using sbtest8_pkey on sbtest8  (cost=0.43..83.82 rows=10 width=121)
	  Index Cond: (id = ANY ('{1843513,4309264,3503820,7823095,5521145,5120073,2585151,2993942,8204925,6267417}'::integer[]))

for select-inlist
table 1 : explain SELECT c FROM sbtest1 WHERE id IN ( 8979961, 8874227, 3787413, 6413078, 1614371, 6183566, 6830305, 211518, 8101028, 3966118)
	Index Scan using sbtest1_pkey on sbtest1  (cost=0.43..83.96 rows=10 width=121)
	  Index Cond: (id = ANY ('{8979961,8874227,3787413,6413078,1614371,6183566,6830305,211518,8101028,3966118}'::integer[]))

table 2 : explain SELECT c FROM sbtest2 WHERE id IN ( 8979961, 8874227, 3787413, 6413078, 1614371, 6183566, 6830305, 211518, 8101028, 3966118)
	Index Scan using sbtest2_pkey on sbtest2  (cost=0.43..84.04 rows=10 width=121)
	  Index Cond: (id = ANY ('{8979961,8874227,3787413,6413078,1614371,6183566,6830305,211518,8101028,3966118}'::integer[]))

table 3 : explain SELECT c FROM sbtest3 WHERE id IN ( 8979961, 8874227, 3787413, 6413078, 1614371, 6183566, 6830305, 211518, 8101028, 3966118)
	Index Scan using sbtest3_pkey on sbtest3  (cost=0.43..83.97 rows=10 width=121)
	  Index Cond: (id = ANY ('{8979961,8874227,3787413,6413078,1614371,6183566,6830305,211518,8101028,3966118}'::integer[]))

table 4 : explain SELECT c FROM sbtest4 WHERE id IN ( 8979961, 8874227, 3787413, 6413078, 1614371, 6183566, 6830305, 211518, 8101028, 3966118)
	Index Scan using sbtest4_pkey on sbtest4  (cost=0.43..83.86 rows=10 width=121)
	  Index Cond: (id = ANY ('{8979961,8874227,3787413,6413078,1614371,6183566,6830305,211518,8101028,3966118}'::integer[]))

table 5 : explain SELECT c FROM sbtest5 WHERE id IN ( 8979961, 8874227, 3787413, 6413078, 1614371, 6183566, 6830305, 211518, 8101028, 3966118)
	Index Scan using sbtest5_pkey on sbtest5  (cost=0.43..83.96 rows=10 width=121)
	  Index Cond: (id = ANY ('{8979961,8874227,3787413,6413078,1614371,6183566,6830305,211518,8101028,3966118}'::integer[]))

table 6 : explain SELECT c FROM sbtest6 WHERE id IN ( 8979961, 8874227, 3787413, 6413078, 1614371, 6183566, 6830305, 211518, 8101028, 3966118)
	Index Scan using sbtest6_pkey on sbtest6  (cost=0.43..83.89 rows=10 width=121)
	  Index Cond: (id = ANY ('{8979961,8874227,3787413,6413078,1614371,6183566,6830305,211518,8101028,3966118}'::integer[]))

table 7 : explain SELECT c FROM sbtest7 WHERE id IN ( 8979961, 8874227, 3787413, 6413078, 1614371, 6183566, 6830305, 211518, 8101028, 3966118)
	Index Scan using sbtest7_pkey on sbtest7  (cost=0.43..83.86 rows=10 width=121)
	  Index Cond: (id = ANY ('{8979961,8874227,3787413,6413078,1614371,6183566,6830305,211518,8101028,3966118}'::integer[]))

table 8 : explain SELECT c FROM sbtest8 WHERE id IN ( 8979961, 8874227, 3787413, 6413078, 1614371, 6183566, 6830305, 211518, 8101028, 3966118)
	Index Scan using sbtest8_pkey on sbtest8  (cost=0.43..83.82 rows=10 width=121)
	  Index Cond: (id = ANY ('{8979961,8874227,3787413,6413078,1614371,6183566,6830305,211518,8101028,3966118}'::integer[]))

explain: for select-inlist :: explain SELECT c FROM sbtest%d WHERE id IN ( 7339260, 1688293, 6267127, 5220240, 9239523, 9365550, 703629, 2937220, 3851688, 5877338)
explain: for select-inlist :: explain SELECT c FROM sbtest%d WHERE id IN ( 8447504, 4490039, 2919675, 272569, 2309181, 9972622, 8699500, 9592641, 1681741, 6744656)
explain: for select-inlist :: explain SELECT c FROM sbtest%d WHERE id IN ( 9002682, 991313, 4552011, 5990898, 9662532, 5769247, 4956713, 2610771, 3859744, 2708865)
explain: for select-inlist :: explain SELECT c FROM sbtest%d WHERE id IN ( 8625145, 9782100, 8401990, 1803152, 8219507, 1497673, 2094509, 2912861, 8832441, 5735340)
for select-inlist
table 1 : explain SELECT c FROM sbtest1 WHERE id IN ( 7339260, 1688293, 6267127, 5220240, 9239523, 9365550, 703629, 2937220, 3851688, 5877338)
	Index Scan using sbtest1_pkey on sbtest1  (cost=0.43..83.96 rows=10 width=121)
	  Index Cond: (id = ANY ('{7339260,1688293,6267127,5220240,9239523,9365550,703629,2937220,3851688,5877338}'::integer[]))

table 2 : explain SELECT c FROM sbtest2 WHERE id IN ( 7339260, 1688293, 6267127, 5220240, 9239523, 9365550, 703629, 2937220, 3851688, 5877338)
	Index Scan using sbtest2_pkey on sbtest2  (cost=0.43..84.04 rows=10 width=121)
	  Index Cond: (id = ANY ('{7339260,1688293,6267127,5220240,9239523,9365550,703629,2937220,3851688,5877338}'::integer[]))

table 3 : explain SELECT c FROM sbtest3 WHERE id IN ( 7339260, 1688293, 6267127, 5220240, 9239523, 9365550, 703629, 2937220, 3851688, 5877338)
	Index Scan using sbtest3_pkey on sbtest3  (cost=0.43..83.97 rows=10 width=121)
	  Index Cond: (id = ANY ('{7339260,1688293,6267127,5220240,9239523,9365550,703629,2937220,3851688,5877338}'::integer[]))

table 4 : explain SELECT c FROM sbtest4 WHERE id IN ( 7339260, 1688293, 6267127, 5220240, 9239523, 9365550, 703629, 2937220, 3851688, 5877338)
	Index Scan using sbtest4_pkey on sbtest4  (cost=0.43..83.86 rows=10 width=121)
	  Index Cond: (id = ANY ('{7339260,1688293,6267127,5220240,9239523,9365550,703629,2937220,3851688,5877338}'::integer[]))

table 5 : explain SELECT c FROM sbtest5 WHERE id IN ( 7339260, 1688293, 6267127, 5220240, 9239523, 9365550, 703629, 2937220, 3851688, 5877338)
	Index Scan using sbtest5_pkey on sbtest5  (cost=0.43..83.96 rows=10 width=121)
	  Index Cond: (id = ANY ('{7339260,1688293,6267127,5220240,9239523,9365550,703629,2937220,3851688,5877338}'::integer[]))

table 6 : explain SELECT c FROM sbtest6 WHERE id IN ( 7339260, 1688293, 6267127, 5220240, 9239523, 9365550, 703629, 2937220, 3851688, 5877338)
	Index Scan using sbtest6_pkey on sbtest6  (cost=0.43..83.89 rows=10 width=121)
	  Index Cond: (id = ANY ('{7339260,1688293,6267127,5220240,9239523,9365550,703629,2937220,3851688,5877338}'::integer[]))

table 7 : explain SELECT c FROM sbtest7 WHERE id IN ( 7339260, 1688293, 6267127, 5220240, 9239523, 9365550, 703629, 2937220, 3851688, 5877338)
	Index Scan using sbtest7_pkey on sbtest7  (cost=0.43..83.86 rows=10 width=121)
	  Index Cond: (id = ANY ('{7339260,1688293,6267127,5220240,9239523,9365550,703629,2937220,3851688,5877338}'::integer[]))

table 8 : explain SELECT c FROM sbtest8 WHERE id IN ( 7339260, 1688293, 6267127, 5220240, 9239523, 9365550, 703629, 2937220, 3851688, 5877338)
	Index Scan using sbtest8_pkey on sbtest8  (cost=0.43..83.82 rows=10 width=121)
	  Index Cond: (id = ANY ('{7339260,1688293,6267127,5220240,9239523,9365550,703629,2937220,3851688,5877338}'::integer[]))

explain: for select-inlist :: explain SELECT c FROM sbtest%d WHERE id IN ( 4497819, 1510825, 3029032, 7458827, 4497551, 6705479, 5655601, 6022389, 6944925, 1716871)
for select-inlist
table 1 : explain SELECT c FROM sbtest1 WHERE id IN ( 8447504, 4490039, 2919675, 272569, 2309181, 9972622, 8699500, 9592641, 1681741, 6744656)
	Index Scan using sbtest1_pkey on sbtest1  (cost=0.43..83.96 rows=10 width=121)
	  Index Cond: (id = ANY ('{8447504,4490039,2919675,272569,2309181,9972622,8699500,9592641,1681741,6744656}'::integer[]))

table 2 : explain SELECT c FROM sbtest2 WHERE id IN ( 8447504, 4490039, 2919675, 272569, 2309181, 9972622, 8699500, 9592641, 1681741, 6744656)
	Index Scan using sbtest2_pkey on sbtest2  (cost=0.43..84.04 rows=10 width=121)
	  Index Cond: (id = ANY ('{8447504,4490039,2919675,272569,2309181,9972622,8699500,9592641,1681741,6744656}'::integer[]))

table 3 : explain SELECT c FROM sbtest3 WHERE id IN ( 8447504, 4490039, 2919675, 272569, 2309181, 9972622, 8699500, 9592641, 1681741, 6744656)
	Index Scan using sbtest3_pkey on sbtest3  (cost=0.43..83.97 rows=10 width=121)
	  Index Cond: (id = ANY ('{8447504,4490039,2919675,272569,2309181,9972622,8699500,9592641,1681741,6744656}'::integer[]))

table 4 : explain SELECT c FROM sbtest4 WHERE id IN ( 8447504, 4490039, 2919675, 272569, 2309181, 9972622, 8699500, 9592641, 1681741, 6744656)
	Index Scan using sbtest4_pkey on sbtest4  (cost=0.43..83.86 rows=10 width=121)
	  Index Cond: (id = ANY ('{8447504,4490039,2919675,272569,2309181,9972622,8699500,9592641,1681741,6744656}'::integer[]))

table 5 : explain SELECT c FROM sbtest5 WHERE id IN ( 8447504, 4490039, 2919675, 272569, 2309181, 9972622, 8699500, 9592641, 1681741, 6744656)
	Index Scan using sbtest5_pkey on sbtest5  (cost=0.43..83.96 rows=10 width=121)
	  Index Cond: (id = ANY ('{8447504,4490039,2919675,272569,2309181,9972622,8699500,9592641,1681741,6744656}'::integer[]))

table 6 : explain SELECT c FROM sbtest6 WHERE id IN ( 8447504, 4490039, 2919675, 272569, 2309181, 9972622, 8699500, 9592641, 1681741, 6744656)
	Index Scan using sbtest6_pkey on sbtest6  (cost=0.43..83.89 rows=10 width=121)
	  Index Cond: (id = ANY ('{8447504,4490039,2919675,272569,2309181,9972622,8699500,9592641,1681741,6744656}'::integer[]))

table 7 : explain SELECT c FROM sbtest7 WHERE id IN ( 8447504, 4490039, 2919675, 272569, 2309181, 9972622, 8699500, 9592641, 1681741, 6744656)
	Index Scan using sbtest7_pkey on sbtest7  (cost=0.43..83.86 rows=10 width=121)
	  Index Cond: (id = ANY ('{8447504,4490039,2919675,272569,2309181,9972622,8699500,9592641,1681741,6744656}'::integer[]))

table 8 : explain SELECT c FROM sbtest8 WHERE id IN ( 8447504, 4490039, 2919675, 272569, 2309181, 9972622, 8699500, 9592641, 1681741, 6744656)
	Index Scan using sbtest8_pkey on sbtest8  (cost=0.43..83.82 rows=10 width=121)
	  Index Cond: (id = ANY ('{8447504,4490039,2919675,272569,2309181,9972622,8699500,9592641,1681741,6744656}'::integer[]))

explain: for select-inlist :: explain SELECT c FROM sbtest%d WHERE id IN ( 6327038, 789397, 2755160, 6333158, 4017089, 7286939, 7765917, 8370269, 3686376, 2158248)
explain: for select-inlist :: explain SELECT c FROM sbtest%d WHERE id IN ( 1341949, 1161492, 4712301, 819869, 7125369, 3569162, 5749499, 5961690, 8945130, 9876167)
explain: for select-inlist :: explain SELECT c FROM sbtest%d WHERE id IN ( 428791, 1037081, 8439343, 2847764, 3586128, 1551506, 4518400, 6984509, 6137609, 5071358)
for select-inlist
table 1 : explain SELECT c FROM sbtest1 WHERE id IN ( 9002682, 991313, 4552011, 5990898, 9662532, 5769247, 4956713, 2610771, 3859744, 2708865)
	Index Scan using sbtest1_pkey on sbtest1  (cost=0.43..83.96 rows=10 width=121)
	  Index Cond: (id = ANY ('{9002682,991313,4552011,5990898,9662532,5769247,4956713,2610771,3859744,2708865}'::integer[]))

table 2 : explain SELECT c FROM sbtest2 WHERE id IN ( 9002682, 991313, 4552011, 5990898, 9662532, 5769247, 4956713, 2610771, 3859744, 2708865)
	Index Scan using sbtest2_pkey on sbtest2  (cost=0.43..84.04 rows=10 width=121)
	  Index Cond: (id = ANY ('{9002682,991313,4552011,5990898,9662532,5769247,4956713,2610771,3859744,2708865}'::integer[]))

table 3 : explain SELECT c FROM sbtest3 WHERE id IN ( 9002682, 991313, 4552011, 5990898, 9662532, 5769247, 4956713, 2610771, 3859744, 2708865)
	Index Scan using sbtest3_pkey on sbtest3  (cost=0.43..83.97 rows=10 width=121)
	  Index Cond: (id = ANY ('{9002682,991313,4552011,5990898,9662532,5769247,4956713,2610771,3859744,2708865}'::integer[]))

table 4 : explain SELECT c FROM sbtest4 WHERE id IN ( 9002682, 991313, 4552011, 5990898, 9662532, 5769247, 4956713, 2610771, 3859744, 2708865)
	Index Scan using sbtest4_pkey on sbtest4  (cost=0.43..83.86 rows=10 width=121)
	  Index Cond: (id = ANY ('{9002682,991313,4552011,5990898,9662532,5769247,4956713,2610771,3859744,2708865}'::integer[]))

table 5 : explain SELECT c FROM sbtest5 WHERE id IN ( 9002682, 991313, 4552011, 5990898, 9662532, 5769247, 4956713, 2610771, 3859744, 2708865)
	Index Scan using sbtest5_pkey on sbtest5  (cost=0.43..83.96 rows=10 width=121)
	  Index Cond: (id = ANY ('{9002682,991313,4552011,5990898,9662532,5769247,4956713,2610771,3859744,2708865}'::integer[]))

table 6 : explain SELECT c FROM sbtest6 WHERE id IN ( 9002682, 991313, 4552011, 5990898, 9662532, 5769247, 4956713, 2610771, 3859744, 2708865)
	Index Scan using sbtest6_pkey on sbtest6  (cost=0.43..83.89 rows=10 width=121)
	  Index Cond: (id = ANY ('{9002682,991313,4552011,5990898,9662532,5769247,4956713,2610771,3859744,2708865}'::integer[]))

table 7 : explain SELECT c FROM sbtest7 WHERE id IN ( 9002682, 991313, 4552011, 5990898, 9662532, 5769247, 4956713, 2610771, 3859744, 2708865)
	Index Scan using sbtest7_pkey on sbtest7  (cost=0.43..83.86 rows=10 width=121)
	  Index Cond: (id = ANY ('{9002682,991313,4552011,5990898,9662532,5769247,4956713,2610771,3859744,2708865}'::integer[]))

table 8 : explain SELECT c FROM sbtest8 WHERE id IN ( 9002682, 991313, 4552011, 5990898, 9662532, 5769247, 4956713, 2610771, 3859744, 2708865)
	Index Scan using sbtest8_pkey on sbtest8  (cost=0.43..83.82 rows=10 width=121)
	  Index Cond: (id = ANY ('{9002682,991313,4552011,5990898,9662532,5769247,4956713,2610771,3859744,2708865}'::integer[]))

explain: for select-inlist :: explain SELECT c FROM sbtest%d WHERE id IN ( 3944927, 5632691, 4734147, 7626272, 6828582, 5451023, 9189946, 3803176, 1602804, 7420019)
explain: for select-inlist :: explain SELECT c FROM sbtest%d WHERE id IN ( 6405332, 223784, 4653791, 4613783, 7080251, 9886588, 4911062, 5442780, 6758766, 4732714)
explain: for select-inlist :: explain SELECT c FROM sbtest%d WHERE id IN ( 550418, 6284212, 4416070, 7106240, 1132767, 7216767, 9673325, 6000083, 9605283, 5620018)
for select-inlist
table 1 : explain SELECT c FROM sbtest1 WHERE id IN ( 8625145, 9782100, 8401990, 1803152, 8219507, 1497673, 2094509, 2912861, 8832441, 5735340)
	Index Scan using sbtest1_pkey on sbtest1  (cost=0.43..83.96 rows=10 width=121)
	  Index Cond: (id = ANY ('{8625145,9782100,8401990,1803152,8219507,1497673,2094509,2912861,8832441,5735340}'::integer[]))

table 2 : explain SELECT c FROM sbtest2 WHERE id IN ( 8625145, 9782100, 8401990, 1803152, 8219507, 1497673, 2094509, 2912861, 8832441, 5735340)
	Index Scan using sbtest2_pkey on sbtest2  (cost=0.43..84.04 rows=10 width=121)
	  Index Cond: (id = ANY ('{8625145,9782100,8401990,1803152,8219507,1497673,2094509,2912861,8832441,5735340}'::integer[]))

table 3 : explain SELECT c FROM sbtest3 WHERE id IN ( 8625145, 9782100, 8401990, 1803152, 8219507, 1497673, 2094509, 2912861, 8832441, 5735340)
	Index Scan using sbtest3_pkey on sbtest3  (cost=0.43..83.97 rows=10 width=121)
	  Index Cond: (id = ANY ('{8625145,9782100,8401990,1803152,8219507,1497673,2094509,2912861,8832441,5735340}'::integer[]))

table 4 : explain SELECT c FROM sbtest4 WHERE id IN ( 8625145, 9782100, 8401990, 1803152, 8219507, 1497673, 2094509, 2912861, 8832441, 5735340)
	Index Scan using sbtest4_pkey on sbtest4  (cost=0.43..83.86 rows=10 width=121)
	  Index Cond: (id = ANY ('{8625145,9782100,8401990,1803152,8219507,1497673,2094509,2912861,8832441,5735340}'::integer[]))

table 5 : explain SELECT c FROM sbtest5 WHERE id IN ( 8625145, 9782100, 8401990, 1803152, 8219507, 1497673, 2094509, 2912861, 8832441, 5735340)
	Index Scan using sbtest5_pkey on sbtest5  (cost=0.43..83.96 rows=10 width=121)
	  Index Cond: (id = ANY ('{8625145,9782100,8401990,1803152,8219507,1497673,2094509,2912861,8832441,5735340}'::integer[]))

table 6 : explain SELECT c FROM sbtest6 WHERE id IN ( 8625145, 9782100, 8401990, 1803152, 8219507, 1497673, 2094509, 2912861, 8832441, 5735340)
	Index Scan using sbtest6_pkey on sbtest6  (cost=0.43..83.89 rows=10 width=121)
	  Index Cond: (id = ANY ('{8625145,9782100,8401990,1803152,8219507,1497673,2094509,2912861,8832441,5735340}'::integer[]))

table 7 : explain SELECT c FROM sbtest7 WHERE id IN ( 8625145, 9782100, 8401990, 1803152, 8219507, 1497673, 2094509, 2912861, 8832441, 5735340)
	Index Scan using sbtest7_pkey on sbtest7  (cost=0.43..83.86 rows=10 width=121)
	  Index Cond: (id = ANY ('{8625145,9782100,8401990,1803152,8219507,1497673,2094509,2912861,8832441,5735340}'::integer[]))

table 8 : explain SELECT c FROM sbtest8 WHERE id IN ( 8625145, 9782100, 8401990, 1803152, 8219507, 1497673, 2094509, 2912861, 8832441, 5735340)
	Index Scan using sbtest8_pkey on sbtest8  (cost=0.43..83.82 rows=10 width=121)
	  Index Cond: (id = ANY ('{8625145,9782100,8401990,1803152,8219507,1497673,2094509,2912861,8832441,5735340}'::integer[]))

for select-inlist
table 1 : explain SELECT c FROM sbtest1 WHERE id IN ( 4497819, 1510825, 3029032, 7458827, 4497551, 6705479, 5655601, 6022389, 6944925, 1716871)
	Index Scan using sbtest1_pkey on sbtest1  (cost=0.43..83.96 rows=10 width=121)
	  Index Cond: (id = ANY ('{4497819,1510825,3029032,7458827,4497551,6705479,5655601,6022389,6944925,1716871}'::integer[]))

table 2 : explain SELECT c FROM sbtest2 WHERE id IN ( 4497819, 1510825, 3029032, 7458827, 4497551, 6705479, 5655601, 6022389, 6944925, 1716871)
	Index Scan using sbtest2_pkey on sbtest2  (cost=0.43..84.04 rows=10 width=121)
	  Index Cond: (id = ANY ('{4497819,1510825,3029032,7458827,4497551,6705479,5655601,6022389,6944925,1716871}'::integer[]))

table 3 : explain SELECT c FROM sbtest3 WHERE id IN ( 4497819, 1510825, 3029032, 7458827, 4497551, 6705479, 5655601, 6022389, 6944925, 1716871)
	Index Scan using sbtest3_pkey on sbtest3  (cost=0.43..83.97 rows=10 width=121)
	  Index Cond: (id = ANY ('{4497819,1510825,3029032,7458827,4497551,6705479,5655601,6022389,6944925,1716871}'::integer[]))

table 4 : explain SELECT c FROM sbtest4 WHERE id IN ( 4497819, 1510825, 3029032, 7458827, 4497551, 6705479, 5655601, 6022389, 6944925, 1716871)
	Index Scan using sbtest4_pkey on sbtest4  (cost=0.43..83.86 rows=10 width=121)
	  Index Cond: (id = ANY ('{4497819,1510825,3029032,7458827,4497551,6705479,5655601,6022389,6944925,1716871}'::integer[]))

table 5 : explain SELECT c FROM sbtest5 WHERE id IN ( 4497819, 1510825, 3029032, 7458827, 4497551, 6705479, 5655601, 6022389, 6944925, 1716871)
	Index Scan using sbtest5_pkey on sbtest5  (cost=0.43..83.96 rows=10 width=121)
	  Index Cond: (id = ANY ('{4497819,1510825,3029032,7458827,4497551,6705479,5655601,6022389,6944925,1716871}'::integer[]))

table 6 : explain SELECT c FROM sbtest6 WHERE id IN ( 4497819, 1510825, 3029032, 7458827, 4497551, 6705479, 5655601, 6022389, 6944925, 1716871)
	Index Scan using sbtest6_pkey on sbtest6  (cost=0.43..83.89 rows=10 width=121)
	  Index Cond: (id = ANY ('{4497819,1510825,3029032,7458827,4497551,6705479,5655601,6022389,6944925,1716871}'::integer[]))

table 7 : explain SELECT c FROM sbtest7 WHERE id IN ( 4497819, 1510825, 3029032, 7458827, 4497551, 6705479, 5655601, 6022389, 6944925, 1716871)
	Index Scan using sbtest7_pkey on sbtest7  (cost=0.43..83.86 rows=10 width=121)
	  Index Cond: (id = ANY ('{4497819,1510825,3029032,7458827,4497551,6705479,5655601,6022389,6944925,1716871}'::integer[]))

table 8 : explain SELECT c FROM sbtest8 WHERE id IN ( 4497819, 1510825, 3029032, 7458827, 4497551, 6705479, 5655601, 6022389, 6944925, 1716871)
	Index Scan using sbtest8_pkey on sbtest8  (cost=0.43..83.82 rows=10 width=121)
	  Index Cond: (id = ANY ('{4497819,1510825,3029032,7458827,4497551,6705479,5655601,6022389,6944925,1716871}'::integer[]))

explain: for select-inlist :: explain SELECT c FROM sbtest%d WHERE id IN ( 1089731, 5962187, 3720476, 8298950, 8517945, 6832087, 8703272, 2618252, 5451633, 1359442)
for select-inlist
table 1 : explain SELECT c FROM sbtest1 WHERE id IN ( 428791, 1037081, 8439343, 2847764, 3586128, 1551506, 4518400, 6984509, 6137609, 5071358)
	Index Scan using sbtest1_pkey on sbtest1  (cost=0.43..83.96 rows=10 width=121)
	  Index Cond: (id = ANY ('{428791,1037081,8439343,2847764,3586128,1551506,4518400,6984509,6137609,5071358}'::integer[]))

table 2 : explain SELECT c FROM sbtest2 WHERE id IN ( 428791, 1037081, 8439343, 2847764, 3586128, 1551506, 4518400, 6984509, 6137609, 5071358)
	Index Scan using sbtest2_pkey on sbtest2  (cost=0.43..84.04 rows=10 width=121)
	  Index Cond: (id = ANY ('{428791,1037081,8439343,2847764,3586128,1551506,4518400,6984509,6137609,5071358}'::integer[]))

table 3 : explain SELECT c FROM sbtest3 WHERE id IN ( 428791, 1037081, 8439343, 2847764, 3586128, 1551506, 4518400, 6984509, 6137609, 5071358)
	Index Scan using sbtest3_pkey on sbtest3  (cost=0.43..83.97 rows=10 width=121)
	  Index Cond: (id = ANY ('{428791,1037081,8439343,2847764,3586128,1551506,4518400,6984509,6137609,5071358}'::integer[]))

table 4 : explain SELECT c FROM sbtest4 WHERE id IN ( 428791, 1037081, 8439343, 2847764, 3586128, 1551506, 4518400, 6984509, 6137609, 5071358)
	Index Scan using sbtest4_pkey on sbtest4  (cost=0.43..83.86 rows=10 width=121)
	  Index Cond: (id = ANY ('{428791,1037081,8439343,2847764,3586128,1551506,4518400,6984509,6137609,5071358}'::integer[]))

table 5 : explain SELECT c FROM sbtest5 WHERE id IN ( 428791, 1037081, 8439343, 2847764, 3586128, 1551506, 4518400, 6984509, 6137609, 5071358)
	Index Scan using sbtest5_pkey on sbtest5  (cost=0.43..83.96 rows=10 width=121)
	  Index Cond: (id = ANY ('{428791,1037081,8439343,2847764,3586128,1551506,4518400,6984509,6137609,5071358}'::integer[]))

table 6 : explain SELECT c FROM sbtest6 WHERE id IN ( 428791, 1037081, 8439343, 2847764, 3586128, 1551506, 4518400, 6984509, 6137609, 5071358)
	Index Scan using sbtest6_pkey on sbtest6  (cost=0.43..83.89 rows=10 width=121)
	  Index Cond: (id = ANY ('{428791,1037081,8439343,2847764,3586128,1551506,4518400,6984509,6137609,5071358}'::integer[]))

table 7 : explain SELECT c FROM sbtest7 WHERE id IN ( 428791, 1037081, 8439343, 2847764, 3586128, 1551506, 4518400, 6984509, 6137609, 5071358)
	Index Scan using sbtest7_pkey on sbtest7  (cost=0.43..83.86 rows=10 width=121)
	  Index Cond: (id = ANY ('{428791,1037081,8439343,2847764,3586128,1551506,4518400,6984509,6137609,5071358}'::integer[]))

table 8 : explain SELECT c FROM sbtest8 WHERE id IN ( 428791, 1037081, 8439343, 2847764, 3586128, 1551506, 4518400, 6984509, 6137609, 5071358)
	Index Scan using sbtest8_pkey on sbtest8  (cost=0.43..83.82 rows=10 width=121)
	  Index Cond: (id = ANY ('{428791,1037081,8439343,2847764,3586128,1551506,4518400,6984509,6137609,5071358}'::integer[]))

explain: for select-inlist :: explain SELECT c FROM sbtest%d WHERE id IN ( 4968436, 8663189, 5948480, 6271020, 9835764, 9472907, 9609841, 9498860, 4692049, 434215)
for select-inlist
table 1 : explain SELECT c FROM sbtest1 WHERE id IN ( 6327038, 789397, 2755160, 6333158, 4017089, 7286939, 7765917, 8370269, 3686376, 2158248)
	Index Scan using sbtest1_pkey on sbtest1  (cost=0.43..83.96 rows=10 width=121)
	  Index Cond: (id = ANY ('{6327038,789397,2755160,6333158,4017089,7286939,7765917,8370269,3686376,2158248}'::integer[]))

table 2 : explain SELECT c FROM sbtest2 WHERE id IN ( 6327038, 789397, 2755160, 6333158, 4017089, 7286939, 7765917, 8370269, 3686376, 2158248)
	Index Scan using sbtest2_pkey on sbtest2  (cost=0.43..84.04 rows=10 width=121)
	  Index Cond: (id = ANY ('{6327038,789397,2755160,6333158,4017089,7286939,7765917,8370269,3686376,2158248}'::integer[]))

table 3 : explain SELECT c FROM sbtest3 WHERE id IN ( 6327038, 789397, 2755160, 6333158, 4017089, 7286939, 7765917, 8370269, 3686376, 2158248)
	Index Scan using sbtest3_pkey on sbtest3  (cost=0.43..83.97 rows=10 width=121)
	  Index Cond: (id = ANY ('{6327038,789397,2755160,6333158,4017089,7286939,7765917,8370269,3686376,2158248}'::integer[]))

table 4 : explain SELECT c FROM sbtest4 WHERE id IN ( 6327038, 789397, 2755160, 6333158, 4017089, 7286939, 7765917, 8370269, 3686376, 2158248)
	Index Scan using sbtest4_pkey on sbtest4  (cost=0.43..83.86 rows=10 width=121)
	  Index Cond: (id = ANY ('{6327038,789397,2755160,6333158,4017089,7286939,7765917,8370269,3686376,2158248}'::integer[]))

table 5 : explain SELECT c FROM sbtest5 WHERE id IN ( 6327038, 789397, 2755160, 6333158, 4017089, 7286939, 7765917, 8370269, 3686376, 2158248)
	Index Scan using sbtest5_pkey on sbtest5  (cost=0.43..83.96 rows=10 width=121)
	  Index Cond: (id = ANY ('{6327038,789397,2755160,6333158,4017089,7286939,7765917,8370269,3686376,2158248}'::integer[]))

table 6 : explain SELECT c FROM sbtest6 WHERE id IN ( 6327038, 789397, 2755160, 6333158, 4017089, 7286939, 7765917, 8370269, 3686376, 2158248)
	Index Scan using sbtest6_pkey on sbtest6  (cost=0.43..83.89 rows=10 width=121)
	  Index Cond: (id = ANY ('{6327038,789397,2755160,6333158,4017089,7286939,7765917,8370269,3686376,2158248}'::integer[]))

table 7 : explain SELECT c FROM sbtest7 WHERE id IN ( 6327038, 789397, 2755160, 6333158, 4017089, 7286939, 7765917, 8370269, 3686376, 2158248)
	Index Scan using sbtest7_pkey on sbtest7  (cost=0.43..83.86 rows=10 width=121)
	  Index Cond: (id = ANY ('{6327038,789397,2755160,6333158,4017089,7286939,7765917,8370269,3686376,2158248}'::integer[]))

table 8 : explain SELECT c FROM sbtest8 WHERE id IN ( 6327038, 789397, 2755160, 6333158, 4017089, 7286939, 7765917, 8370269, 3686376, 2158248)
	Index Scan using sbtest8_pkey on sbtest8  (cost=0.43..83.82 rows=10 width=121)
	  Index Cond: (id = ANY ('{6327038,789397,2755160,6333158,4017089,7286939,7765917,8370269,3686376,2158248}'::integer[]))

explain: for select-inlist :: explain SELECT c FROM sbtest%d WHERE id IN ( 6033803, 477506, 4697647, 7427749, 6918630, 8763228, 8844844, 6646710, 4481055, 9533717)
explain: for select-inlist :: explain SELECT c FROM sbtest%d WHERE id IN ( 7876269, 4923286, 6717242, 1915883, 5633592, 7130682, 5659175, 4439710, 7629614, 6223567)
explain: for select-inlist :: explain SELECT c FROM sbtest%d WHERE id IN ( 7540395, 9255161, 7897104, 3200507, 4621551, 149038, 7878305, 6089803, 2754242, 7877373)
explain: for select-inlist :: explain SELECT c FROM sbtest%d WHERE id IN ( 1718480, 9536574, 9244616, 8653958, 8417808, 6929891, 5167940, 5437675, 7448855, 6150948)
for select-inlist
table 1 : explain SELECT c FROM sbtest1 WHERE id IN ( 550418, 6284212, 4416070, 7106240, 1132767, 7216767, 9673325, 6000083, 9605283, 5620018)
	Index Scan using sbtest1_pkey on sbtest1  (cost=0.43..83.96 rows=10 width=121)
	  Index Cond: (id = ANY ('{550418,6284212,4416070,7106240,1132767,7216767,9673325,6000083,9605283,5620018}'::integer[]))

table 2 : explain SELECT c FROM sbtest2 WHERE id IN ( 550418, 6284212, 4416070, 7106240, 1132767, 7216767, 9673325, 6000083, 9605283, 5620018)
	Index Scan using sbtest2_pkey on sbtest2  (cost=0.43..84.04 rows=10 width=121)
	  Index Cond: (id = ANY ('{550418,6284212,4416070,7106240,1132767,7216767,9673325,6000083,9605283,5620018}'::integer[]))

table 3 : explain SELECT c FROM sbtest3 WHERE id IN ( 550418, 6284212, 4416070, 7106240, 1132767, 7216767, 9673325, 6000083, 9605283, 5620018)
	Index Scan using sbtest3_pkey on sbtest3  (cost=0.43..83.97 rows=10 width=121)
	  Index Cond: (id = ANY ('{550418,6284212,4416070,7106240,1132767,7216767,9673325,6000083,9605283,5620018}'::integer[]))

table 4 : explain SELECT c FROM sbtest4 WHERE id IN ( 550418, 6284212, 4416070, 7106240, 1132767, 7216767, 9673325, 6000083, 9605283, 5620018)
	Index Scan using sbtest4_pkey on sbtest4  (cost=0.43..83.86 rows=10 width=121)
	  Index Cond: (id = ANY ('{550418,6284212,4416070,7106240,1132767,7216767,9673325,6000083,9605283,5620018}'::integer[]))

table 5 : explain SELECT c FROM sbtest5 WHERE id IN ( 550418, 6284212, 4416070, 7106240, 1132767, 7216767, 9673325, 6000083, 9605283, 5620018)
	Index Scan using sbtest5_pkey on sbtest5  (cost=0.43..83.96 rows=10 width=121)
	  Index Cond: (id = ANY ('{550418,6284212,4416070,7106240,1132767,7216767,9673325,6000083,9605283,5620018}'::integer[]))

table 6 : explain SELECT c FROM sbtest6 WHERE id IN ( 550418, 6284212, 4416070, 7106240, 1132767, 7216767, 9673325, 6000083, 9605283, 5620018)
	Index Scan using sbtest6_pkey on sbtest6  (cost=0.43..83.89 rows=10 width=121)
	  Index Cond: (id = ANY ('{550418,6284212,4416070,7106240,1132767,7216767,9673325,6000083,9605283,5620018}'::integer[]))

table 7 : explain SELECT c FROM sbtest7 WHERE id IN ( 550418, 6284212, 4416070, 7106240, 1132767, 7216767, 9673325, 6000083, 9605283, 5620018)
	Index Scan using sbtest7_pkey on sbtest7  (cost=0.43..83.86 rows=10 width=121)
	  Index Cond: (id = ANY ('{550418,6284212,4416070,7106240,1132767,7216767,9673325,6000083,9605283,5620018}'::integer[]))

table 8 : explain SELECT c FROM sbtest8 WHERE id IN ( 550418, 6284212, 4416070, 7106240, 1132767, 7216767, 9673325, 6000083, 9605283, 5620018)
	Index Scan using sbtest8_pkey on sbtest8  (cost=0.43..83.82 rows=10 width=121)
	  Index Cond: (id = ANY ('{550418,6284212,4416070,7106240,1132767,7216767,9673325,6000083,9605283,5620018}'::integer[]))

for select-inlist
table 1 : explain SELECT c FROM sbtest1 WHERE id IN ( 4968436, 8663189, 5948480, 6271020, 9835764, 9472907, 9609841, 9498860, 4692049, 434215)
	Index Scan using sbtest1_pkey on sbtest1  (cost=0.43..83.96 rows=10 width=121)
	  Index Cond: (id = ANY ('{4968436,8663189,5948480,6271020,9835764,9472907,9609841,9498860,4692049,434215}'::integer[]))

table 2 : explain SELECT c FROM sbtest2 WHERE id IN ( 4968436, 8663189, 5948480, 6271020, 9835764, 9472907, 9609841, 9498860, 4692049, 434215)
	Index Scan using sbtest2_pkey on sbtest2  (cost=0.43..84.04 rows=10 width=121)
	  Index Cond: (id = ANY ('{4968436,8663189,5948480,6271020,9835764,9472907,9609841,9498860,4692049,434215}'::integer[]))

table 3 : explain SELECT c FROM sbtest3 WHERE id IN ( 4968436, 8663189, 5948480, 6271020, 9835764, 9472907, 9609841, 9498860, 4692049, 434215)
	Index Scan using sbtest3_pkey on sbtest3  (cost=0.43..83.97 rows=10 width=121)
	  Index Cond: (id = ANY ('{4968436,8663189,5948480,6271020,9835764,9472907,9609841,9498860,4692049,434215}'::integer[]))

table 4 : explain SELECT c FROM sbtest4 WHERE id IN ( 4968436, 8663189, 5948480, 6271020, 9835764, 9472907, 9609841, 9498860, 4692049, 434215)
	Index Scan using sbtest4_pkey on sbtest4  (cost=0.43..83.86 rows=10 width=121)
	  Index Cond: (id = ANY ('{4968436,8663189,5948480,6271020,9835764,9472907,9609841,9498860,4692049,434215}'::integer[]))

table 5 : explain SELECT c FROM sbtest5 WHERE id IN ( 4968436, 8663189, 5948480, 6271020, 9835764, 9472907, 9609841, 9498860, 4692049, 434215)
	Index Scan using sbtest5_pkey on sbtest5  (cost=0.43..83.96 rows=10 width=121)
	  Index Cond: (id = ANY ('{4968436,8663189,5948480,6271020,9835764,9472907,9609841,9498860,4692049,434215}'::integer[]))

table 6 : explain SELECT c FROM sbtest6 WHERE id IN ( 4968436, 8663189, 5948480, 6271020, 9835764, 9472907, 9609841, 9498860, 4692049, 434215)
	Index Scan using sbtest6_pkey on sbtest6  (cost=0.43..83.89 rows=10 width=121)
	  Index Cond: (id = ANY ('{4968436,8663189,5948480,6271020,9835764,9472907,9609841,9498860,4692049,434215}'::integer[]))

table 7 : explain SELECT c FROM sbtest7 WHERE id IN ( 4968436, 8663189, 5948480, 6271020, 9835764, 9472907, 9609841, 9498860, 4692049, 434215)
	Index Scan using sbtest7_pkey on sbtest7  (cost=0.43..83.86 rows=10 width=121)
	  Index Cond: (id = ANY ('{4968436,8663189,5948480,6271020,9835764,9472907,9609841,9498860,4692049,434215}'::integer[]))

table 8 : explain SELECT c FROM sbtest8 WHERE id IN ( 4968436, 8663189, 5948480, 6271020, 9835764, 9472907, 9609841, 9498860, 4692049, 434215)
	Index Scan using sbtest8_pkey on sbtest8  (cost=0.43..83.82 rows=10 width=121)
	  Index Cond: (id = ANY ('{4968436,8663189,5948480,6271020,9835764,9472907,9609841,9498860,4692049,434215}'::integer[]))

for select-inlist
table 1 : explain SELECT c FROM sbtest1 WHERE id IN ( 1089731, 5962187, 3720476, 8298950, 8517945, 6832087, 8703272, 2618252, 5451633, 1359442)
	Index Scan using sbtest1_pkey on sbtest1  (cost=0.43..83.96 rows=10 width=121)
	  Index Cond: (id = ANY ('{1089731,5962187,3720476,8298950,8517945,6832087,8703272,2618252,5451633,1359442}'::integer[]))

table 2 : explain SELECT c FROM sbtest2 WHERE id IN ( 1089731, 5962187, 3720476, 8298950, 8517945, 6832087, 8703272, 2618252, 5451633, 1359442)
	Index Scan using sbtest2_pkey on sbtest2  (cost=0.43..84.04 rows=10 width=121)
	  Index Cond: (id = ANY ('{1089731,5962187,3720476,8298950,8517945,6832087,8703272,2618252,5451633,1359442}'::integer[]))

table 3 : explain SELECT c FROM sbtest3 WHERE id IN ( 1089731, 5962187, 3720476, 8298950, 8517945, 6832087, 8703272, 2618252, 5451633, 1359442)
	Index Scan using sbtest3_pkey on sbtest3  (cost=0.43..83.97 rows=10 width=121)
	  Index Cond: (id = ANY ('{1089731,5962187,3720476,8298950,8517945,6832087,8703272,2618252,5451633,1359442}'::integer[]))

table 4 : explain SELECT c FROM sbtest4 WHERE id IN ( 1089731, 5962187, 3720476, 8298950, 8517945, 6832087, 8703272, 2618252, 5451633, 1359442)
	Index Scan using sbtest4_pkey on sbtest4  (cost=0.43..83.86 rows=10 width=121)
	  Index Cond: (id = ANY ('{1089731,5962187,3720476,8298950,8517945,6832087,8703272,2618252,5451633,1359442}'::integer[]))

table 5 : explain SELECT c FROM sbtest5 WHERE id IN ( 1089731, 5962187, 3720476, 8298950, 8517945, 6832087, 8703272, 2618252, 5451633, 1359442)
	Index Scan using sbtest5_pkey on sbtest5  (cost=0.43..83.96 rows=10 width=121)
	  Index Cond: (id = ANY ('{1089731,5962187,3720476,8298950,8517945,6832087,8703272,2618252,5451633,1359442}'::integer[]))

table 6 : explain SELECT c FROM sbtest6 WHERE id IN ( 1089731, 5962187, 3720476, 8298950, 8517945, 6832087, 8703272, 2618252, 5451633, 1359442)
	Index Scan using sbtest6_pkey on sbtest6  (cost=0.43..83.89 rows=10 width=121)
	  Index Cond: (id = ANY ('{1089731,5962187,3720476,8298950,8517945,6832087,8703272,2618252,5451633,1359442}'::integer[]))

table 7 : explain SELECT c FROM sbtest7 WHERE id IN ( 1089731, 5962187, 3720476, 8298950, 8517945, 6832087, 8703272, 2618252, 5451633, 1359442)
	Index Scan using sbtest7_pkey on sbtest7  (cost=0.43..83.86 rows=10 width=121)
	  Index Cond: (id = ANY ('{1089731,5962187,3720476,8298950,8517945,6832087,8703272,2618252,5451633,1359442}'::integer[]))

table 8 : explain SELECT c FROM sbtest8 WHERE id IN ( 1089731, 5962187, 3720476, 8298950, 8517945, 6832087, 8703272, 2618252, 5451633, 1359442)
	Index Scan using sbtest8_pkey on sbtest8  (cost=0.43..83.82 rows=10 width=121)
	  Index Cond: (id = ANY ('{1089731,5962187,3720476,8298950,8517945,6832087,8703272,2618252,5451633,1359442}'::integer[]))

for select-inlist
table 1 : explain SELECT c FROM sbtest1 WHERE id IN ( 3944927, 5632691, 4734147, 7626272, 6828582, 5451023, 9189946, 3803176, 1602804, 7420019)
	Index Scan using sbtest1_pkey on sbtest1  (cost=0.43..83.96 rows=10 width=121)
	  Index Cond: (id = ANY ('{3944927,5632691,4734147,7626272,6828582,5451023,9189946,3803176,1602804,7420019}'::integer[]))

table 2 : explain SELECT c FROM sbtest2 WHERE id IN ( 3944927, 5632691, 4734147, 7626272, 6828582, 5451023, 9189946, 3803176, 1602804, 7420019)
	Index Scan using sbtest2_pkey on sbtest2  (cost=0.43..84.04 rows=10 width=121)
	  Index Cond: (id = ANY ('{3944927,5632691,4734147,7626272,6828582,5451023,9189946,3803176,1602804,7420019}'::integer[]))

table 3 : explain SELECT c FROM sbtest3 WHERE id IN ( 3944927, 5632691, 4734147, 7626272, 6828582, 5451023, 9189946, 3803176, 1602804, 7420019)
	Index Scan using sbtest3_pkey on sbtest3  (cost=0.43..83.97 rows=10 width=121)
	  Index Cond: (id = ANY ('{3944927,5632691,4734147,7626272,6828582,5451023,9189946,3803176,1602804,7420019}'::integer[]))

table 4 : explain SELECT c FROM sbtest4 WHERE id IN ( 3944927, 5632691, 4734147, 7626272, 6828582, 5451023, 9189946, 3803176, 1602804, 7420019)
	Index Scan using sbtest4_pkey on sbtest4  (cost=0.43..83.86 rows=10 width=121)
	  Index Cond: (id = ANY ('{3944927,5632691,4734147,7626272,6828582,5451023,9189946,3803176,1602804,7420019}'::integer[]))

table 5 : explain SELECT c FROM sbtest5 WHERE id IN ( 3944927, 5632691, 4734147, 7626272, 6828582, 5451023, 9189946, 3803176, 1602804, 7420019)
	Index Scan using sbtest5_pkey on sbtest5  (cost=0.43..83.96 rows=10 width=121)
	  Index Cond: (id = ANY ('{3944927,5632691,4734147,7626272,6828582,5451023,9189946,3803176,1602804,7420019}'::integer[]))

table 6 : explain SELECT c FROM sbtest6 WHERE id IN ( 3944927, 5632691, 4734147, 7626272, 6828582, 5451023, 9189946, 3803176, 1602804, 7420019)
	Index Scan using sbtest6_pkey on sbtest6  (cost=0.43..83.89 rows=10 width=121)
	  Index Cond: (id = ANY ('{3944927,5632691,4734147,7626272,6828582,5451023,9189946,3803176,1602804,7420019}'::integer[]))

table 7 : explain SELECT c FROM sbtest7 WHERE id IN ( 3944927, 5632691, 4734147, 7626272, 6828582, 5451023, 9189946, 3803176, 1602804, 7420019)
	Index Scan using sbtest7_pkey on sbtest7  (cost=0.43..83.86 rows=10 width=121)
	  Index Cond: (id = ANY ('{3944927,5632691,4734147,7626272,6828582,5451023,9189946,3803176,1602804,7420019}'::integer[]))

table 8 : explain SELECT c FROM sbtest8 WHERE id IN ( 3944927, 5632691, 4734147, 7626272, 6828582, 5451023, 9189946, 3803176, 1602804, 7420019)
	Index Scan using sbtest8_pkey on sbtest8  (cost=0.43..83.82 rows=10 width=121)
	  Index Cond: (id = ANY ('{3944927,5632691,4734147,7626272,6828582,5451023,9189946,3803176,1602804,7420019}'::integer[]))

for select-inlist
table 1 : explain SELECT c FROM sbtest1 WHERE id IN ( 1341949, 1161492, 4712301, 819869, 7125369, 3569162, 5749499, 5961690, 8945130, 9876167)
	Index Scan using sbtest1_pkey on sbtest1  (cost=0.43..83.96 rows=10 width=121)
	  Index Cond: (id = ANY ('{1341949,1161492,4712301,819869,7125369,3569162,5749499,5961690,8945130,9876167}'::integer[]))

table 2 : explain SELECT c FROM sbtest2 WHERE id IN ( 1341949, 1161492, 4712301, 819869, 7125369, 3569162, 5749499, 5961690, 8945130, 9876167)
	Index Scan using sbtest2_pkey on sbtest2  (cost=0.43..84.04 rows=10 width=121)
	  Index Cond: (id = ANY ('{1341949,1161492,4712301,819869,7125369,3569162,5749499,5961690,8945130,9876167}'::integer[]))

table 3 : explain SELECT c FROM sbtest3 WHERE id IN ( 1341949, 1161492, 4712301, 819869, 7125369, 3569162, 5749499, 5961690, 8945130, 9876167)
	Index Scan using sbtest3_pkey on sbtest3  (cost=0.43..83.97 rows=10 width=121)
	  Index Cond: (id = ANY ('{1341949,1161492,4712301,819869,7125369,3569162,5749499,5961690,8945130,9876167}'::integer[]))

table 4 : explain SELECT c FROM sbtest4 WHERE id IN ( 1341949, 1161492, 4712301, 819869, 7125369, 3569162, 5749499, 5961690, 8945130, 9876167)
	Index Scan using sbtest4_pkey on sbtest4  (cost=0.43..83.86 rows=10 width=121)
	  Index Cond: (id = ANY ('{1341949,1161492,4712301,819869,7125369,3569162,5749499,5961690,8945130,9876167}'::integer[]))

table 5 : explain SELECT c FROM sbtest5 WHERE id IN ( 1341949, 1161492, 4712301, 819869, 7125369, 3569162, 5749499, 5961690, 8945130, 9876167)
	Index Scan using sbtest5_pkey on sbtest5  (cost=0.43..83.96 rows=10 width=121)
	  Index Cond: (id = ANY ('{1341949,1161492,4712301,819869,7125369,3569162,5749499,5961690,8945130,9876167}'::integer[]))

table 6 : explain SELECT c FROM sbtest6 WHERE id IN ( 1341949, 1161492, 4712301, 819869, 7125369, 3569162, 5749499, 5961690, 8945130, 9876167)
	Index Scan using sbtest6_pkey on sbtest6  (cost=0.43..83.89 rows=10 width=121)
	  Index Cond: (id = ANY ('{1341949,1161492,4712301,819869,7125369,3569162,5749499,5961690,8945130,9876167}'::integer[]))

table 7 : explain SELECT c FROM sbtest7 WHERE id IN ( 1341949, 1161492, 4712301, 819869, 7125369, 3569162, 5749499, 5961690, 8945130, 9876167)
	Index Scan using sbtest7_pkey on sbtest7  (cost=0.43..83.86 rows=10 width=121)
	  Index Cond: (id = ANY ('{1341949,1161492,4712301,819869,7125369,3569162,5749499,5961690,8945130,9876167}'::integer[]))

table 8 : explain SELECT c FROM sbtest8 WHERE id IN ( 1341949, 1161492, 4712301, 819869, 7125369, 3569162, 5749499, 5961690, 8945130, 9876167)
	Index Scan using sbtest8_pkey on sbtest8  (cost=0.43..83.82 rows=10 width=121)
	  Index Cond: (id = ANY ('{1341949,1161492,4712301,819869,7125369,3569162,5749499,5961690,8945130,9876167}'::integer[]))

explain: for select-inlist :: explain SELECT c FROM sbtest%d WHERE id IN ( 7251001, 276755, 1533545, 6280067, 2403244, 5719517, 6759409, 1678490, 5766661, 177465)
for select-inlist
table 1 : explain SELECT c FROM sbtest1 WHERE id IN ( 6033803, 477506, 4697647, 7427749, 6918630, 8763228, 8844844, 6646710, 4481055, 9533717)
	Index Scan using sbtest1_pkey on sbtest1  (cost=0.43..83.96 rows=10 width=121)
	  Index Cond: (id = ANY ('{6033803,477506,4697647,7427749,6918630,8763228,8844844,6646710,4481055,9533717}'::integer[]))

table 2 : explain SELECT c FROM sbtest2 WHERE id IN ( 6033803, 477506, 4697647, 7427749, 6918630, 8763228, 8844844, 6646710, 4481055, 9533717)
	Index Scan using sbtest2_pkey on sbtest2  (cost=0.43..84.04 rows=10 width=121)
	  Index Cond: (id = ANY ('{6033803,477506,4697647,7427749,6918630,8763228,8844844,6646710,4481055,9533717}'::integer[]))

table 3 : explain SELECT c FROM sbtest3 WHERE id IN ( 6033803, 477506, 4697647, 7427749, 6918630, 8763228, 8844844, 6646710, 4481055, 9533717)
	Index Scan using sbtest3_pkey on sbtest3  (cost=0.43..83.97 rows=10 width=121)
	  Index Cond: (id = ANY ('{6033803,477506,4697647,7427749,6918630,8763228,8844844,6646710,4481055,9533717}'::integer[]))

table 4 : explain SELECT c FROM sbtest4 WHERE id IN ( 6033803, 477506, 4697647, 7427749, 6918630, 8763228, 8844844, 6646710, 4481055, 9533717)
	Index Scan using sbtest4_pkey on sbtest4  (cost=0.43..83.86 rows=10 width=121)
	  Index Cond: (id = ANY ('{6033803,477506,4697647,7427749,6918630,8763228,8844844,6646710,4481055,9533717}'::integer[]))

table 5 : explain SELECT c FROM sbtest5 WHERE id IN ( 6033803, 477506, 4697647, 7427749, 6918630, 8763228, 8844844, 6646710, 4481055, 9533717)
	Index Scan using sbtest5_pkey on sbtest5  (cost=0.43..83.96 rows=10 width=121)
	  Index Cond: (id = ANY ('{6033803,477506,4697647,7427749,6918630,8763228,8844844,6646710,4481055,9533717}'::integer[]))

table 6 : explain SELECT c FROM sbtest6 WHERE id IN ( 6033803, 477506, 4697647, 7427749, 6918630, 8763228, 8844844, 6646710, 4481055, 9533717)
	Index Scan using sbtest6_pkey on sbtest6  (cost=0.43..83.89 rows=10 width=121)
	  Index Cond: (id = ANY ('{6033803,477506,4697647,7427749,6918630,8763228,8844844,6646710,4481055,9533717}'::integer[]))

table 7 : explain SELECT c FROM sbtest7 WHERE id IN ( 6033803, 477506, 4697647, 7427749, 6918630, 8763228, 8844844, 6646710, 4481055, 9533717)
	Index Scan using sbtest7_pkey on sbtest7  (cost=0.43..83.86 rows=10 width=121)
	  Index Cond: (id = ANY ('{6033803,477506,4697647,7427749,6918630,8763228,8844844,6646710,4481055,9533717}'::integer[]))

table 8 : explain SELECT c FROM sbtest8 WHERE id IN ( 6033803, 477506, 4697647, 7427749, 6918630, 8763228, 8844844, 6646710, 4481055, 9533717)
	Index Scan using sbtest8_pkey on sbtest8  (cost=0.43..83.82 rows=10 width=121)
	  Index Cond: (id = ANY ('{6033803,477506,4697647,7427749,6918630,8763228,8844844,6646710,4481055,9533717}'::integer[]))

for select-inlist
table 1 : explain SELECT c FROM sbtest1 WHERE id IN ( 7876269, 4923286, 6717242, 1915883, 5633592, 7130682, 5659175, 4439710, 7629614, 6223567)
	Index Scan using sbtest1_pkey on sbtest1  (cost=0.43..83.96 rows=10 width=121)
	  Index Cond: (id = ANY ('{7876269,4923286,6717242,1915883,5633592,7130682,5659175,4439710,7629614,6223567}'::integer[]))

table 2 : explain SELECT c FROM sbtest2 WHERE id IN ( 7876269, 4923286, 6717242, 1915883, 5633592, 7130682, 5659175, 4439710, 7629614, 6223567)
	Index Scan using sbtest2_pkey on sbtest2  (cost=0.43..84.04 rows=10 width=121)
	  Index Cond: (id = ANY ('{7876269,4923286,6717242,1915883,5633592,7130682,5659175,4439710,7629614,6223567}'::integer[]))

table 3 : explain SELECT c FROM sbtest3 WHERE id IN ( 7876269, 4923286, 6717242, 1915883, 5633592, 7130682, 5659175, 4439710, 7629614, 6223567)
	Index Scan using sbtest3_pkey on sbtest3  (cost=0.43..83.97 rows=10 width=121)
	  Index Cond: (id = ANY ('{7876269,4923286,6717242,1915883,5633592,7130682,5659175,4439710,7629614,6223567}'::integer[]))

table 4 : explain SELECT c FROM sbtest4 WHERE id IN ( 7876269, 4923286, 6717242, 1915883, 5633592, 7130682, 5659175, 4439710, 7629614, 6223567)
	Index Scan using sbtest4_pkey on sbtest4  (cost=0.43..83.86 rows=10 width=121)
	  Index Cond: (id = ANY ('{7876269,4923286,6717242,1915883,5633592,7130682,5659175,4439710,7629614,6223567}'::integer[]))

table 5 : explain SELECT c FROM sbtest5 WHERE id IN ( 7876269, 4923286, 6717242, 1915883, 5633592, 7130682, 5659175, 4439710, 7629614, 6223567)
	Index Scan using sbtest5_pkey on sbtest5  (cost=0.43..83.96 rows=10 width=121)
	  Index Cond: (id = ANY ('{7876269,4923286,6717242,1915883,5633592,7130682,5659175,4439710,7629614,6223567}'::integer[]))

table 6 : explain SELECT c FROM sbtest6 WHERE id IN ( 7876269, 4923286, 6717242, 1915883, 5633592, 7130682, 5659175, 4439710, 7629614, 6223567)
	Index Scan using sbtest6_pkey on sbtest6  (cost=0.43..83.89 rows=10 width=121)
	  Index Cond: (id = ANY ('{7876269,4923286,6717242,1915883,5633592,7130682,5659175,4439710,7629614,6223567}'::integer[]))

table 7 : explain SELECT c FROM sbtest7 WHERE id IN ( 7876269, 4923286, 6717242, 1915883, 5633592, 7130682, 5659175, 4439710, 7629614, 6223567)
	Index Scan using sbtest7_pkey on sbtest7  (cost=0.43..83.86 rows=10 width=121)
	  Index Cond: (id = ANY ('{7876269,4923286,6717242,1915883,5633592,7130682,5659175,4439710,7629614,6223567}'::integer[]))

table 8 : explain SELECT c FROM sbtest8 WHERE id IN ( 7876269, 4923286, 6717242, 1915883, 5633592, 7130682, 5659175, 4439710, 7629614, 6223567)
	Index Scan using sbtest8_pkey on sbtest8  (cost=0.43..83.82 rows=10 width=121)
	  Index Cond: (id = ANY ('{7876269,4923286,6717242,1915883,5633592,7130682,5659175,4439710,7629614,6223567}'::integer[]))

explain: for select-inlist :: explain SELECT c FROM sbtest%d WHERE id IN ( 4102716, 4010277, 4130436, 8952045, 5272546, 7499568, 3251505, 455996, 2882228, 4637895)
explain: for select-inlist :: explain SELECT c FROM sbtest%d WHERE id IN ( 3167059, 1972709, 6366767, 7295590, 4033129, 1109294, 8779098, 5600244, 2655535, 5014547)
explain: for select-inlist :: explain SELECT c FROM sbtest%d WHERE id IN ( 6659048, 4447343, 7933927, 1933783, 7380729, 9398770, 9818560, 9711062, 9855244, 9030110)
explain: for select-inlist :: explain SELECT c FROM sbtest%d WHERE id IN ( 2963095, 5114199, 5746338, 5696547, 5119835, 2206507, 4638476, 4136634, 7617882, 4101322)
explain: for select-inlist :: explain SELECT c FROM sbtest%d WHERE id IN ( 4032562, 181603, 510872, 8042220, 9788490, 2205209, 3295354, 3865049, 9373970, 3892951)
for select-inlist
table 1 : explain SELECT c FROM sbtest1 WHERE id IN ( 6405332, 223784, 4653791, 4613783, 7080251, 9886588, 4911062, 5442780, 6758766, 4732714)
	Index Scan using sbtest1_pkey on sbtest1  (cost=0.43..83.96 rows=10 width=121)
	  Index Cond: (id = ANY ('{6405332,223784,4653791,4613783,7080251,9886588,4911062,5442780,6758766,4732714}'::integer[]))

table 2 : explain SELECT c FROM sbtest2 WHERE id IN ( 6405332, 223784, 4653791, 4613783, 7080251, 9886588, 4911062, 5442780, 6758766, 4732714)
	Index Scan using sbtest2_pkey on sbtest2  (cost=0.43..84.04 rows=10 width=121)
	  Index Cond: (id = ANY ('{6405332,223784,4653791,4613783,7080251,9886588,4911062,5442780,6758766,4732714}'::integer[]))

table 3 : explain SELECT c FROM sbtest3 WHERE id IN ( 6405332, 223784, 4653791, 4613783, 7080251, 9886588, 4911062, 5442780, 6758766, 4732714)
	Index Scan using sbtest3_pkey on sbtest3  (cost=0.43..83.97 rows=10 width=121)
	  Index Cond: (id = ANY ('{6405332,223784,4653791,4613783,7080251,9886588,4911062,5442780,6758766,4732714}'::integer[]))

table 4 : explain SELECT c FROM sbtest4 WHERE id IN ( 6405332, 223784, 4653791, 4613783, 7080251, 9886588, 4911062, 5442780, 6758766, 4732714)
	Index Scan using sbtest4_pkey on sbtest4  (cost=0.43..83.86 rows=10 width=121)
	  Index Cond: (id = ANY ('{6405332,223784,4653791,4613783,7080251,9886588,4911062,5442780,6758766,4732714}'::integer[]))

table 5 : explain SELECT c FROM sbtest5 WHERE id IN ( 6405332, 223784, 4653791, 4613783, 7080251, 9886588, 4911062, 5442780, 6758766, 4732714)
	Index Scan using sbtest5_pkey on sbtest5  (cost=0.43..83.96 rows=10 width=121)
	  Index Cond: (id = ANY ('{6405332,223784,4653791,4613783,7080251,9886588,4911062,5442780,6758766,4732714}'::integer[]))

table 6 : explain SELECT c FROM sbtest6 WHERE id IN ( 6405332, 223784, 4653791, 4613783, 7080251, 9886588, 4911062, 5442780, 6758766, 4732714)
	Index Scan using sbtest6_pkey on sbtest6  (cost=0.43..83.89 rows=10 width=121)
	  Index Cond: (id = ANY ('{6405332,223784,4653791,4613783,7080251,9886588,4911062,5442780,6758766,4732714}'::integer[]))

table 7 : explain SELECT c FROM sbtest7 WHERE id IN ( 6405332, 223784, 4653791, 4613783, 7080251, 9886588, 4911062, 5442780, 6758766, 4732714)
	Index Scan using sbtest7_pkey on sbtest7  (cost=0.43..83.86 rows=10 width=121)
	  Index Cond: (id = ANY ('{6405332,223784,4653791,4613783,7080251,9886588,4911062,5442780,6758766,4732714}'::integer[]))

table 8 : explain SELECT c FROM sbtest8 WHERE id IN ( 6405332, 223784, 4653791, 4613783, 7080251, 9886588, 4911062, 5442780, 6758766, 4732714)
	Index Scan using sbtest8_pkey on sbtest8  (cost=0.43..83.82 rows=10 width=121)
	  Index Cond: (id = ANY ('{6405332,223784,4653791,4613783,7080251,9886588,4911062,5442780,6758766,4732714}'::integer[]))

explain: for select-inlist :: explain SELECT c FROM sbtest%d WHERE id IN ( 6221639, 1028531, 5781404, 7251465, 6244907, 2081798, 2512494, 6044742, 5385764, 5703337)
for select-inlist
table 1 : explain SELECT c FROM sbtest1 WHERE id IN ( 7540395, 9255161, 7897104, 3200507, 4621551, 149038, 7878305, 6089803, 2754242, 7877373)
	Index Scan using sbtest1_pkey on sbtest1  (cost=0.43..83.96 rows=10 width=121)
	  Index Cond: (id = ANY ('{7540395,9255161,7897104,3200507,4621551,149038,7878305,6089803,2754242,7877373}'::integer[]))

table 2 : explain SELECT c FROM sbtest2 WHERE id IN ( 7540395, 9255161, 7897104, 3200507, 4621551, 149038, 7878305, 6089803, 2754242, 7877373)
	Index Scan using sbtest2_pkey on sbtest2  (cost=0.43..84.04 rows=10 width=121)
	  Index Cond: (id = ANY ('{7540395,9255161,7897104,3200507,4621551,149038,7878305,6089803,2754242,7877373}'::integer[]))

table 3 : explain SELECT c FROM sbtest3 WHERE id IN ( 7540395, 9255161, 7897104, 3200507, 4621551, 149038, 7878305, 6089803, 2754242, 7877373)
	Index Scan using sbtest3_pkey on sbtest3  (cost=0.43..83.97 rows=10 width=121)
	  Index Cond: (id = ANY ('{7540395,9255161,7897104,3200507,4621551,149038,7878305,6089803,2754242,7877373}'::integer[]))

table 4 : explain SELECT c FROM sbtest4 WHERE id IN ( 7540395, 9255161, 7897104, 3200507, 4621551, 149038, 7878305, 6089803, 2754242, 7877373)
	Index Scan using sbtest4_pkey on sbtest4  (cost=0.43..83.86 rows=10 width=121)
	  Index Cond: (id = ANY ('{7540395,9255161,7897104,3200507,4621551,149038,7878305,6089803,2754242,7877373}'::integer[]))

table 5 : explain SELECT c FROM sbtest5 WHERE id IN ( 7540395, 9255161, 7897104, 3200507, 4621551, 149038, 7878305, 6089803, 2754242, 7877373)
	Index Scan using sbtest5_pkey on sbtest5  (cost=0.43..83.96 rows=10 width=121)
	  Index Cond: (id = ANY ('{7540395,9255161,7897104,3200507,4621551,149038,7878305,6089803,2754242,7877373}'::integer[]))

table 6 : explain SELECT c FROM sbtest6 WHERE id IN ( 7540395, 9255161, 7897104, 3200507, 4621551, 149038, 7878305, 6089803, 2754242, 7877373)
	Index Scan using sbtest6_pkey on sbtest6  (cost=0.43..83.89 rows=10 width=121)
	  Index Cond: (id = ANY ('{7540395,9255161,7897104,3200507,4621551,149038,7878305,6089803,2754242,7877373}'::integer[]))

table 7 : explain SELECT c FROM sbtest7 WHERE id IN ( 7540395, 9255161, 7897104, 3200507, 4621551, 149038, 7878305, 6089803, 2754242, 7877373)
	Index Scan using sbtest7_pkey on sbtest7  (cost=0.43..83.86 rows=10 width=121)
	  Index Cond: (id = ANY ('{7540395,9255161,7897104,3200507,4621551,149038,7878305,6089803,2754242,7877373}'::integer[]))

table 8 : explain SELECT c FROM sbtest8 WHERE id IN ( 7540395, 9255161, 7897104, 3200507, 4621551, 149038, 7878305, 6089803, 2754242, 7877373)
	Index Scan using sbtest8_pkey on sbtest8  (cost=0.43..83.82 rows=10 width=121)
	  Index Cond: (id = ANY ('{7540395,9255161,7897104,3200507,4621551,149038,7878305,6089803,2754242,7877373}'::integer[]))

for select-inlist
table 1 : explain SELECT c FROM sbtest1 WHERE id IN ( 7251001, 276755, 1533545, 6280067, 2403244, 5719517, 6759409, 1678490, 5766661, 177465)
	Index Scan using sbtest1_pkey on sbtest1  (cost=0.43..83.96 rows=10 width=121)
	  Index Cond: (id = ANY ('{7251001,276755,1533545,6280067,2403244,5719517,6759409,1678490,5766661,177465}'::integer[]))

table 2 : explain SELECT c FROM sbtest2 WHERE id IN ( 7251001, 276755, 1533545, 6280067, 2403244, 5719517, 6759409, 1678490, 5766661, 177465)
	Index Scan using sbtest2_pkey on sbtest2  (cost=0.43..84.04 rows=10 width=121)
	  Index Cond: (id = ANY ('{7251001,276755,1533545,6280067,2403244,5719517,6759409,1678490,5766661,177465}'::integer[]))

table 3 : explain SELECT c FROM sbtest3 WHERE id IN ( 7251001, 276755, 1533545, 6280067, 2403244, 5719517, 6759409, 1678490, 5766661, 177465)
	Index Scan using sbtest3_pkey on sbtest3  (cost=0.43..83.97 rows=10 width=121)
	  Index Cond: (id = ANY ('{7251001,276755,1533545,6280067,2403244,5719517,6759409,1678490,5766661,177465}'::integer[]))

table 4 : explain SELECT c FROM sbtest4 WHERE id IN ( 7251001, 276755, 1533545, 6280067, 2403244, 5719517, 6759409, 1678490, 5766661, 177465)
	Index Scan using sbtest4_pkey on sbtest4  (cost=0.43..83.86 rows=10 width=121)
	  Index Cond: (id = ANY ('{7251001,276755,1533545,6280067,2403244,5719517,6759409,1678490,5766661,177465}'::integer[]))

table 5 : explain SELECT c FROM sbtest5 WHERE id IN ( 7251001, 276755, 1533545, 6280067, 2403244, 5719517, 6759409, 1678490, 5766661, 177465)
	Index Scan using sbtest5_pkey on sbtest5  (cost=0.43..83.96 rows=10 width=121)
	  Index Cond: (id = ANY ('{7251001,276755,1533545,6280067,2403244,5719517,6759409,1678490,5766661,177465}'::integer[]))

table 6 : explain SELECT c FROM sbtest6 WHERE id IN ( 7251001, 276755, 1533545, 6280067, 2403244, 5719517, 6759409, 1678490, 5766661, 177465)
	Index Scan using sbtest6_pkey on sbtest6  (cost=0.43..83.89 rows=10 width=121)
	  Index Cond: (id = ANY ('{7251001,276755,1533545,6280067,2403244,5719517,6759409,1678490,5766661,177465}'::integer[]))

table 7 : explain SELECT c FROM sbtest7 WHERE id IN ( 7251001, 276755, 1533545, 6280067, 2403244, 5719517, 6759409, 1678490, 5766661, 177465)
	Index Scan using sbtest7_pkey on sbtest7  (cost=0.43..83.86 rows=10 width=121)
	  Index Cond: (id = ANY ('{7251001,276755,1533545,6280067,2403244,5719517,6759409,1678490,5766661,177465}'::integer[]))

table 8 : explain SELECT c FROM sbtest8 WHERE id IN ( 7251001, 276755, 1533545, 6280067, 2403244, 5719517, 6759409, 1678490, 5766661, 177465)
	Index Scan using sbtest8_pkey on sbtest8  (cost=0.43..83.82 rows=10 width=121)
	  Index Cond: (id = ANY ('{7251001,276755,1533545,6280067,2403244,5719517,6759409,1678490,5766661,177465}'::integer[]))

explain: for select-inlist :: explain SELECT c FROM sbtest%d WHERE id IN ( 80305, 2107964, 5384248, 733521, 7538731, 5615574, 255125, 9634360, 8516086, 4762653)
explain: for select-inlist :: explain SELECT c FROM sbtest%d WHERE id IN ( 540334, 5495885, 5052654, 2477020, 3938578, 4061136, 9600760, 4796802, 8386385, 3289037)
for select-inlist
table 1 : explain SELECT c FROM sbtest1 WHERE id IN ( 2963095, 5114199, 5746338, 5696547, 5119835, 2206507, 4638476, 4136634, 7617882, 4101322)
	Index Scan using sbtest1_pkey on sbtest1  (cost=0.43..83.96 rows=10 width=121)
	  Index Cond: (id = ANY ('{2963095,5114199,5746338,5696547,5119835,2206507,4638476,4136634,7617882,4101322}'::integer[]))

table 2 : explain SELECT c FROM sbtest2 WHERE id IN ( 2963095, 5114199, 5746338, 5696547, 5119835, 2206507, 4638476, 4136634, 7617882, 4101322)
	Index Scan using sbtest2_pkey on sbtest2  (cost=0.43..84.04 rows=10 width=121)
	  Index Cond: (id = ANY ('{2963095,5114199,5746338,5696547,5119835,2206507,4638476,4136634,7617882,4101322}'::integer[]))

table 3 : explain SELECT c FROM sbtest3 WHERE id IN ( 2963095, 5114199, 5746338, 5696547, 5119835, 2206507, 4638476, 4136634, 7617882, 4101322)
	Index Scan using sbtest3_pkey on sbtest3  (cost=0.43..83.97 rows=10 width=121)
	  Index Cond: (id = ANY ('{2963095,5114199,5746338,5696547,5119835,2206507,4638476,4136634,7617882,4101322}'::integer[]))

table 4 : explain SELECT c FROM sbtest4 WHERE id IN ( 2963095, 5114199, 5746338, 5696547, 5119835, 2206507, 4638476, 4136634, 7617882, 4101322)
	Index Scan using sbtest4_pkey on sbtest4  (cost=0.43..83.86 rows=10 width=121)
	  Index Cond: (id = ANY ('{2963095,5114199,5746338,5696547,5119835,2206507,4638476,4136634,7617882,4101322}'::integer[]))

table 5 : explain SELECT c FROM sbtest5 WHERE id IN ( 2963095, 5114199, 5746338, 5696547, 5119835, 2206507, 4638476, 4136634, 7617882, 4101322)
	Index Scan using sbtest5_pkey on sbtest5  (cost=0.43..83.96 rows=10 width=121)
	  Index Cond: (id = ANY ('{2963095,5114199,5746338,5696547,5119835,2206507,4638476,4136634,7617882,4101322}'::integer[]))

table 6 : explain SELECT c FROM sbtest6 WHERE id IN ( 2963095, 5114199, 5746338, 5696547, 5119835, 2206507, 4638476, 4136634, 7617882, 4101322)
	Index Scan using sbtest6_pkey on sbtest6  (cost=0.43..83.89 rows=10 width=121)
	  Index Cond: (id = ANY ('{2963095,5114199,5746338,5696547,5119835,2206507,4638476,4136634,7617882,4101322}'::integer[]))

table 7 : explain SELECT c FROM sbtest7 WHERE id IN ( 2963095, 5114199, 5746338, 5696547, 5119835, 2206507, 4638476, 4136634, 7617882, 4101322)
	Index Scan using sbtest7_pkey on sbtest7  (cost=0.43..83.86 rows=10 width=121)
	  Index Cond: (id = ANY ('{2963095,5114199,5746338,5696547,5119835,2206507,4638476,4136634,7617882,4101322}'::integer[]))

table 8 : explain SELECT c FROM sbtest8 WHERE id IN ( 2963095, 5114199, 5746338, 5696547, 5119835, 2206507, 4638476, 4136634, 7617882, 4101322)
	Index Scan using sbtest8_pkey on sbtest8  (cost=0.43..83.82 rows=10 width=121)
	  Index Cond: (id = ANY ('{2963095,5114199,5746338,5696547,5119835,2206507,4638476,4136634,7617882,4101322}'::integer[]))

for select-inlist
table 1 : explain SELECT c FROM sbtest1 WHERE id IN ( 4032562, 181603, 510872, 8042220, 9788490, 2205209, 3295354, 3865049, 9373970, 3892951)
	Index Scan using sbtest1_pkey on sbtest1  (cost=0.43..83.96 rows=10 width=121)
	  Index Cond: (id = ANY ('{4032562,181603,510872,8042220,9788490,2205209,3295354,3865049,9373970,3892951}'::integer[]))

table 2 : explain SELECT c FROM sbtest2 WHERE id IN ( 4032562, 181603, 510872, 8042220, 9788490, 2205209, 3295354, 3865049, 9373970, 3892951)
	Index Scan using sbtest2_pkey on sbtest2  (cost=0.43..84.04 rows=10 width=121)
	  Index Cond: (id = ANY ('{4032562,181603,510872,8042220,9788490,2205209,3295354,3865049,9373970,3892951}'::integer[]))

table 3 : explain SELECT c FROM sbtest3 WHERE id IN ( 4032562, 181603, 510872, 8042220, 9788490, 2205209, 3295354, 3865049, 9373970, 3892951)
	Index Scan using sbtest3_pkey on sbtest3  (cost=0.43..83.97 rows=10 width=121)
	  Index Cond: (id = ANY ('{4032562,181603,510872,8042220,9788490,2205209,3295354,3865049,9373970,3892951}'::integer[]))

table 4 : explain SELECT c FROM sbtest4 WHERE id IN ( 4032562, 181603, 510872, 8042220, 9788490, 2205209, 3295354, 3865049, 9373970, 3892951)
	Index Scan using sbtest4_pkey on sbtest4  (cost=0.43..83.86 rows=10 width=121)
	  Index Cond: (id = ANY ('{4032562,181603,510872,8042220,9788490,2205209,3295354,3865049,9373970,3892951}'::integer[]))

table 5 : explain SELECT c FROM sbtest5 WHERE id IN ( 4032562, 181603, 510872, 8042220, 9788490, 2205209, 3295354, 3865049, 9373970, 3892951)
	Index Scan using sbtest5_pkey on sbtest5  (cost=0.43..83.96 rows=10 width=121)
	  Index Cond: (id = ANY ('{4032562,181603,510872,8042220,9788490,2205209,3295354,3865049,9373970,3892951}'::integer[]))

table 6 : explain SELECT c FROM sbtest6 WHERE id IN ( 4032562, 181603, 510872, 8042220, 9788490, 2205209, 3295354, 3865049, 9373970, 3892951)
	Index Scan using sbtest6_pkey on sbtest6  (cost=0.43..83.89 rows=10 width=121)
	  Index Cond: (id = ANY ('{4032562,181603,510872,8042220,9788490,2205209,3295354,3865049,9373970,3892951}'::integer[]))

table 7 : explain SELECT c FROM sbtest7 WHERE id IN ( 4032562, 181603, 510872, 8042220, 9788490, 2205209, 3295354, 3865049, 9373970, 3892951)
	Index Scan using sbtest7_pkey on sbtest7  (cost=0.43..83.86 rows=10 width=121)
	  Index Cond: (id = ANY ('{4032562,181603,510872,8042220,9788490,2205209,3295354,3865049,9373970,3892951}'::integer[]))

table 8 : explain SELECT c FROM sbtest8 WHERE id IN ( 4032562, 181603, 510872, 8042220, 9788490, 2205209, 3295354, 3865049, 9373970, 3892951)
	Index Scan using sbtest8_pkey on sbtest8  (cost=0.43..83.82 rows=10 width=121)
	  Index Cond: (id = ANY ('{4032562,181603,510872,8042220,9788490,2205209,3295354,3865049,9373970,3892951}'::integer[]))

explain: for select-inlist :: explain SELECT c FROM sbtest%d WHERE id IN ( 6059587, 8413714, 7719813, 7828348, 6857783, 1269121, 3222561, 2164017, 5564459, 7944752)
explain: for select-inlist :: explain SELECT c FROM sbtest%d WHERE id IN ( 114202, 2733152, 3910674, 4835593, 8165414, 4337072, 5010853, 7780620, 9940258, 9821725)
explain: for select-inlist :: explain SELECT c FROM sbtest%d WHERE id IN ( 1882266, 4357837, 2064243, 7784559, 4352787, 3991509, 8795373, 850651, 7759738, 6251930)
for select-inlist
table 1 : explain SELECT c FROM sbtest1 WHERE id IN ( 6659048, 4447343, 7933927, 1933783, 7380729, 9398770, 9818560, 9711062, 9855244, 9030110)
	Index Scan using sbtest1_pkey on sbtest1  (cost=0.43..83.96 rows=10 width=121)
	  Index Cond: (id = ANY ('{6659048,4447343,7933927,1933783,7380729,9398770,9818560,9711062,9855244,9030110}'::integer[]))

table 2 : explain SELECT c FROM sbtest2 WHERE id IN ( 6659048, 4447343, 7933927, 1933783, 7380729, 9398770, 9818560, 9711062, 9855244, 9030110)
	Index Scan using sbtest2_pkey on sbtest2  (cost=0.43..84.04 rows=10 width=121)
	  Index Cond: (id = ANY ('{6659048,4447343,7933927,1933783,7380729,9398770,9818560,9711062,9855244,9030110}'::integer[]))

table 3 : explain SELECT c FROM sbtest3 WHERE id IN ( 6659048, 4447343, 7933927, 1933783, 7380729, 9398770, 9818560, 9711062, 9855244, 9030110)
	Index Scan using sbtest3_pkey on sbtest3  (cost=0.43..83.97 rows=10 width=121)
	  Index Cond: (id = ANY ('{6659048,4447343,7933927,1933783,7380729,9398770,9818560,9711062,9855244,9030110}'::integer[]))

table 4 : explain SELECT c FROM sbtest4 WHERE id IN ( 6659048, 4447343, 7933927, 1933783, 7380729, 9398770, 9818560, 9711062, 9855244, 9030110)
	Index Scan using sbtest4_pkey on sbtest4  (cost=0.43..83.86 rows=10 width=121)
	  Index Cond: (id = ANY ('{6659048,4447343,7933927,1933783,7380729,9398770,9818560,9711062,9855244,9030110}'::integer[]))

table 5 : explain SELECT c FROM sbtest5 WHERE id IN ( 6659048, 4447343, 7933927, 1933783, 7380729, 9398770, 9818560, 9711062, 9855244, 9030110)
	Index Scan using sbtest5_pkey on sbtest5  (cost=0.43..83.96 rows=10 width=121)
	  Index Cond: (id = ANY ('{6659048,4447343,7933927,1933783,7380729,9398770,9818560,9711062,9855244,9030110}'::integer[]))

table 6 : explain SELECT c FROM sbtest6 WHERE id IN ( 6659048, 4447343, 7933927, 1933783, 7380729, 9398770, 9818560, 9711062, 9855244, 9030110)
	Index Scan using sbtest6_pkey on sbtest6  (cost=0.43..83.89 rows=10 width=121)
	  Index Cond: (id = ANY ('{6659048,4447343,7933927,1933783,7380729,9398770,9818560,9711062,9855244,9030110}'::integer[]))

table 7 : explain SELECT c FROM sbtest7 WHERE id IN ( 6659048, 4447343, 7933927, 1933783, 7380729, 9398770, 9818560, 9711062, 9855244, 9030110)
	Index Scan using sbtest7_pkey on sbtest7  (cost=0.43..83.86 rows=10 width=121)
	  Index Cond: (id = ANY ('{6659048,4447343,7933927,1933783,7380729,9398770,9818560,9711062,9855244,9030110}'::integer[]))

table 8 : explain SELECT c FROM sbtest8 WHERE id IN ( 6659048, 4447343, 7933927, 1933783, 7380729, 9398770, 9818560, 9711062, 9855244, 9030110)
	Index Scan using sbtest8_pkey on sbtest8  (cost=0.43..83.82 rows=10 width=121)
	  Index Cond: (id = ANY ('{6659048,4447343,7933927,1933783,7380729,9398770,9818560,9711062,9855244,9030110}'::integer[]))

for select-inlist
table 1 : explain SELECT c FROM sbtest1 WHERE id IN ( 6221639, 1028531, 5781404, 7251465, 6244907, 2081798, 2512494, 6044742, 5385764, 5703337)
	Index Scan using sbtest1_pkey on sbtest1  (cost=0.43..83.96 rows=10 width=121)
	  Index Cond: (id = ANY ('{6221639,1028531,5781404,7251465,6244907,2081798,2512494,6044742,5385764,5703337}'::integer[]))

table 2 : explain SELECT c FROM sbtest2 WHERE id IN ( 6221639, 1028531, 5781404, 7251465, 6244907, 2081798, 2512494, 6044742, 5385764, 5703337)
	Index Scan using sbtest2_pkey on sbtest2  (cost=0.43..84.04 rows=10 width=121)
	  Index Cond: (id = ANY ('{6221639,1028531,5781404,7251465,6244907,2081798,2512494,6044742,5385764,5703337}'::integer[]))

table 3 : explain SELECT c FROM sbtest3 WHERE id IN ( 6221639, 1028531, 5781404, 7251465, 6244907, 2081798, 2512494, 6044742, 5385764, 5703337)
	Index Scan using sbtest3_pkey on sbtest3  (cost=0.43..83.97 rows=10 width=121)
	  Index Cond: (id = ANY ('{6221639,1028531,5781404,7251465,6244907,2081798,2512494,6044742,5385764,5703337}'::integer[]))

table 4 : explain SELECT c FROM sbtest4 WHERE id IN ( 6221639, 1028531, 5781404, 7251465, 6244907, 2081798, 2512494, 6044742, 5385764, 5703337)
	Index Scan using sbtest4_pkey on sbtest4  (cost=0.43..83.86 rows=10 width=121)
	  Index Cond: (id = ANY ('{6221639,1028531,5781404,7251465,6244907,2081798,2512494,6044742,5385764,5703337}'::integer[]))

table 5 : explain SELECT c FROM sbtest5 WHERE id IN ( 6221639, 1028531, 5781404, 7251465, 6244907, 2081798, 2512494, 6044742, 5385764, 5703337)
	Index Scan using sbtest5_pkey on sbtest5  (cost=0.43..83.96 rows=10 width=121)
	  Index Cond: (id = ANY ('{6221639,1028531,5781404,7251465,6244907,2081798,2512494,6044742,5385764,5703337}'::integer[]))

table 6 : explain SELECT c FROM sbtest6 WHERE id IN ( 6221639, 1028531, 5781404, 7251465, 6244907, 2081798, 2512494, 6044742, 5385764, 5703337)
	Index Scan using sbtest6_pkey on sbtest6  (cost=0.43..83.89 rows=10 width=121)
	  Index Cond: (id = ANY ('{6221639,1028531,5781404,7251465,6244907,2081798,2512494,6044742,5385764,5703337}'::integer[]))

table 7 : explain SELECT c FROM sbtest7 WHERE id IN ( 6221639, 1028531, 5781404, 7251465, 6244907, 2081798, 2512494, 6044742, 5385764, 5703337)
	Index Scan using sbtest7_pkey on sbtest7  (cost=0.43..83.86 rows=10 width=121)
	  Index Cond: (id = ANY ('{6221639,1028531,5781404,7251465,6244907,2081798,2512494,6044742,5385764,5703337}'::integer[]))

table 8 : explain SELECT c FROM sbtest8 WHERE id IN ( 6221639, 1028531, 5781404, 7251465, 6244907, 2081798, 2512494, 6044742, 5385764, 5703337)
	Index Scan using sbtest8_pkey on sbtest8  (cost=0.43..83.82 rows=10 width=121)
	  Index Cond: (id = ANY ('{6221639,1028531,5781404,7251465,6244907,2081798,2512494,6044742,5385764,5703337}'::integer[]))

for select-inlist
table 1 : explain SELECT c FROM sbtest1 WHERE id IN ( 80305, 2107964, 5384248, 733521, 7538731, 5615574, 255125, 9634360, 8516086, 4762653)
	Index Scan using sbtest1_pkey on sbtest1  (cost=0.43..83.96 rows=10 width=121)
	  Index Cond: (id = ANY ('{80305,2107964,5384248,733521,7538731,5615574,255125,9634360,8516086,4762653}'::integer[]))

table 2 : explain SELECT c FROM sbtest2 WHERE id IN ( 80305, 2107964, 5384248, 733521, 7538731, 5615574, 255125, 9634360, 8516086, 4762653)
	Index Scan using sbtest2_pkey on sbtest2  (cost=0.43..84.04 rows=10 width=121)
	  Index Cond: (id = ANY ('{80305,2107964,5384248,733521,7538731,5615574,255125,9634360,8516086,4762653}'::integer[]))

table 3 : explain SELECT c FROM sbtest3 WHERE id IN ( 80305, 2107964, 5384248, 733521, 7538731, 5615574, 255125, 9634360, 8516086, 4762653)
	Index Scan using sbtest3_pkey on sbtest3  (cost=0.43..83.97 rows=10 width=121)
	  Index Cond: (id = ANY ('{80305,2107964,5384248,733521,7538731,5615574,255125,9634360,8516086,4762653}'::integer[]))

table 4 : explain SELECT c FROM sbtest4 WHERE id IN ( 80305, 2107964, 5384248, 733521, 7538731, 5615574, 255125, 9634360, 8516086, 4762653)
	Index Scan using sbtest4_pkey on sbtest4  (cost=0.43..83.86 rows=10 width=121)
	  Index Cond: (id = ANY ('{80305,2107964,5384248,733521,7538731,5615574,255125,9634360,8516086,4762653}'::integer[]))

table 5 : explain SELECT c FROM sbtest5 WHERE id IN ( 80305, 2107964, 5384248, 733521, 7538731, 5615574, 255125, 9634360, 8516086, 4762653)
	Index Scan using sbtest5_pkey on sbtest5  (cost=0.43..83.96 rows=10 width=121)
	  Index Cond: (id = ANY ('{80305,2107964,5384248,733521,7538731,5615574,255125,9634360,8516086,4762653}'::integer[]))

table 6 : explain SELECT c FROM sbtest6 WHERE id IN ( 80305, 2107964, 5384248, 733521, 7538731, 5615574, 255125, 9634360, 8516086, 4762653)
	Index Scan using sbtest6_pkey on sbtest6  (cost=0.43..83.89 rows=10 width=121)
	  Index Cond: (id = ANY ('{80305,2107964,5384248,733521,7538731,5615574,255125,9634360,8516086,4762653}'::integer[]))

table 7 : explain SELECT c FROM sbtest7 WHERE id IN ( 80305, 2107964, 5384248, 733521, 7538731, 5615574, 255125, 9634360, 8516086, 4762653)
	Index Scan using sbtest7_pkey on sbtest7  (cost=0.43..83.86 rows=10 width=121)
	  Index Cond: (id = ANY ('{80305,2107964,5384248,733521,7538731,5615574,255125,9634360,8516086,4762653}'::integer[]))

table 8 : explain SELECT c FROM sbtest8 WHERE id IN ( 80305, 2107964, 5384248, 733521, 7538731, 5615574, 255125, 9634360, 8516086, 4762653)
	Index Scan using sbtest8_pkey on sbtest8  (cost=0.43..83.82 rows=10 width=121)
	  Index Cond: (id = ANY ('{80305,2107964,5384248,733521,7538731,5615574,255125,9634360,8516086,4762653}'::integer[]))

for select-inlist
table 1 : explain SELECT c FROM sbtest1 WHERE id IN ( 4102716, 4010277, 4130436, 8952045, 5272546, 7499568, 3251505, 455996, 2882228, 4637895)
	Index Scan using sbtest1_pkey on sbtest1  (cost=0.43..83.96 rows=10 width=121)
	  Index Cond: (id = ANY ('{4102716,4010277,4130436,8952045,5272546,7499568,3251505,455996,2882228,4637895}'::integer[]))

table 2 : explain SELECT c FROM sbtest2 WHERE id IN ( 4102716, 4010277, 4130436, 8952045, 5272546, 7499568, 3251505, 455996, 2882228, 4637895)
	Index Scan using sbtest2_pkey on sbtest2  (cost=0.43..84.04 rows=10 width=121)
	  Index Cond: (id = ANY ('{4102716,4010277,4130436,8952045,5272546,7499568,3251505,455996,2882228,4637895}'::integer[]))

table 3 : explain SELECT c FROM sbtest3 WHERE id IN ( 4102716, 4010277, 4130436, 8952045, 5272546, 7499568, 3251505, 455996, 2882228, 4637895)
	Index Scan using sbtest3_pkey on sbtest3  (cost=0.43..83.97 rows=10 width=121)
	  Index Cond: (id = ANY ('{4102716,4010277,4130436,8952045,5272546,7499568,3251505,455996,2882228,4637895}'::integer[]))

table 4 : explain SELECT c FROM sbtest4 WHERE id IN ( 4102716, 4010277, 4130436, 8952045, 5272546, 7499568, 3251505, 455996, 2882228, 4637895)
	Index Scan using sbtest4_pkey on sbtest4  (cost=0.43..83.86 rows=10 width=121)
	  Index Cond: (id = ANY ('{4102716,4010277,4130436,8952045,5272546,7499568,3251505,455996,2882228,4637895}'::integer[]))

table 5 : explain SELECT c FROM sbtest5 WHERE id IN ( 4102716, 4010277, 4130436, 8952045, 5272546, 7499568, 3251505, 455996, 2882228, 4637895)
	Index Scan using sbtest5_pkey on sbtest5  (cost=0.43..83.96 rows=10 width=121)
	  Index Cond: (id = ANY ('{4102716,4010277,4130436,8952045,5272546,7499568,3251505,455996,2882228,4637895}'::integer[]))

table 6 : explain SELECT c FROM sbtest6 WHERE id IN ( 4102716, 4010277, 4130436, 8952045, 5272546, 7499568, 3251505, 455996, 2882228, 4637895)
	Index Scan using sbtest6_pkey on sbtest6  (cost=0.43..83.89 rows=10 width=121)
	  Index Cond: (id = ANY ('{4102716,4010277,4130436,8952045,5272546,7499568,3251505,455996,2882228,4637895}'::integer[]))

table 7 : explain SELECT c FROM sbtest7 WHERE id IN ( 4102716, 4010277, 4130436, 8952045, 5272546, 7499568, 3251505, 455996, 2882228, 4637895)
	Index Scan using sbtest7_pkey on sbtest7  (cost=0.43..83.86 rows=10 width=121)
	  Index Cond: (id = ANY ('{4102716,4010277,4130436,8952045,5272546,7499568,3251505,455996,2882228,4637895}'::integer[]))

table 8 : explain SELECT c FROM sbtest8 WHERE id IN ( 4102716, 4010277, 4130436, 8952045, 5272546, 7499568, 3251505, 455996, 2882228, 4637895)
	Index Scan using sbtest8_pkey on sbtest8  (cost=0.43..83.82 rows=10 width=121)
	  Index Cond: (id = ANY ('{4102716,4010277,4130436,8952045,5272546,7499568,3251505,455996,2882228,4637895}'::integer[]))

explain: for select-inlist :: explain SELECT c FROM sbtest%d WHERE id IN ( 8643533, 9347601, 6024839, 8460396, 6665991, 3209735, 8304434, 9013532, 2067351, 6216066)
for select-inlist
table 1 : explain SELECT c FROM sbtest1 WHERE id IN ( 1718480, 9536574, 9244616, 8653958, 8417808, 6929891, 5167940, 5437675, 7448855, 6150948)
	Index Scan using sbtest1_pkey on sbtest1  (cost=0.43..83.96 rows=10 width=121)
	  Index Cond: (id = ANY ('{1718480,9536574,9244616,8653958,8417808,6929891,5167940,5437675,7448855,6150948}'::integer[]))

table 2 : explain SELECT c FROM sbtest2 WHERE id IN ( 1718480, 9536574, 9244616, 8653958, 8417808, 6929891, 5167940, 5437675, 7448855, 6150948)
	Index Scan using sbtest2_pkey on sbtest2  (cost=0.43..84.04 rows=10 width=121)
	  Index Cond: (id = ANY ('{1718480,9536574,9244616,8653958,8417808,6929891,5167940,5437675,7448855,6150948}'::integer[]))

table 3 : explain SELECT c FROM sbtest3 WHERE id IN ( 1718480, 9536574, 9244616, 8653958, 8417808, 6929891, 5167940, 5437675, 7448855, 6150948)
	Index Scan using sbtest3_pkey on sbtest3  (cost=0.43..83.97 rows=10 width=121)
	  Index Cond: (id = ANY ('{1718480,9536574,9244616,8653958,8417808,6929891,5167940,5437675,7448855,6150948}'::integer[]))

table 4 : explain SELECT c FROM sbtest4 WHERE id IN ( 1718480, 9536574, 9244616, 8653958, 8417808, 6929891, 5167940, 5437675, 7448855, 6150948)
	Index Scan using sbtest4_pkey on sbtest4  (cost=0.43..83.86 rows=10 width=121)
	  Index Cond: (id = ANY ('{1718480,9536574,9244616,8653958,8417808,6929891,5167940,5437675,7448855,6150948}'::integer[]))

table 5 : explain SELECT c FROM sbtest5 WHERE id IN ( 1718480, 9536574, 9244616, 8653958, 8417808, 6929891, 5167940, 5437675, 7448855, 6150948)
	Index Scan using sbtest5_pkey on sbtest5  (cost=0.43..83.96 rows=10 width=121)
	  Index Cond: (id = ANY ('{1718480,9536574,9244616,8653958,8417808,6929891,5167940,5437675,7448855,6150948}'::integer[]))

table 6 : explain SELECT c FROM sbtest6 WHERE id IN ( 1718480, 9536574, 9244616, 8653958, 8417808, 6929891, 5167940, 5437675, 7448855, 6150948)
	Index Scan using sbtest6_pkey on sbtest6  (cost=0.43..83.89 rows=10 width=121)
	  Index Cond: (id = ANY ('{1718480,9536574,9244616,8653958,8417808,6929891,5167940,5437675,7448855,6150948}'::integer[]))

table 7 : explain SELECT c FROM sbtest7 WHERE id IN ( 1718480, 9536574, 9244616, 8653958, 8417808, 6929891, 5167940, 5437675, 7448855, 6150948)
	Index Scan using sbtest7_pkey on sbtest7  (cost=0.43..83.86 rows=10 width=121)
	  Index Cond: (id = ANY ('{1718480,9536574,9244616,8653958,8417808,6929891,5167940,5437675,7448855,6150948}'::integer[]))

table 8 : explain SELECT c FROM sbtest8 WHERE id IN ( 1718480, 9536574, 9244616, 8653958, 8417808, 6929891, 5167940, 5437675, 7448855, 6150948)
	Index Scan using sbtest8_pkey on sbtest8  (cost=0.43..83.82 rows=10 width=121)
	  Index Cond: (id = ANY ('{1718480,9536574,9244616,8653958,8417808,6929891,5167940,5437675,7448855,6150948}'::integer[]))

for select-inlist
table 1 : explain SELECT c FROM sbtest1 WHERE id IN ( 114202, 2733152, 3910674, 4835593, 8165414, 4337072, 5010853, 7780620, 9940258, 9821725)
	Index Scan using sbtest1_pkey on sbtest1  (cost=0.43..83.96 rows=10 width=121)
	  Index Cond: (id = ANY ('{114202,2733152,3910674,4835593,8165414,4337072,5010853,7780620,9940258,9821725}'::integer[]))

table 2 : explain SELECT c FROM sbtest2 WHERE id IN ( 114202, 2733152, 3910674, 4835593, 8165414, 4337072, 5010853, 7780620, 9940258, 9821725)
	Index Scan using sbtest2_pkey on sbtest2  (cost=0.43..84.04 rows=10 width=121)
	  Index Cond: (id = ANY ('{114202,2733152,3910674,4835593,8165414,4337072,5010853,7780620,9940258,9821725}'::integer[]))

table 3 : explain SELECT c FROM sbtest3 WHERE id IN ( 114202, 2733152, 3910674, 4835593, 8165414, 4337072, 5010853, 7780620, 9940258, 9821725)
	Index Scan using sbtest3_pkey on sbtest3  (cost=0.43..83.97 rows=10 width=121)
	  Index Cond: (id = ANY ('{114202,2733152,3910674,4835593,8165414,4337072,5010853,7780620,9940258,9821725}'::integer[]))

table 4 : explain SELECT c FROM sbtest4 WHERE id IN ( 114202, 2733152, 3910674, 4835593, 8165414, 4337072, 5010853, 7780620, 9940258, 9821725)
	Index Scan using sbtest4_pkey on sbtest4  (cost=0.43..83.86 rows=10 width=121)
	  Index Cond: (id = ANY ('{114202,2733152,3910674,4835593,8165414,4337072,5010853,7780620,9940258,9821725}'::integer[]))

table 5 : explain SELECT c FROM sbtest5 WHERE id IN ( 114202, 2733152, 3910674, 4835593, 8165414, 4337072, 5010853, 7780620, 9940258, 9821725)
	Index Scan using sbtest5_pkey on sbtest5  (cost=0.43..83.96 rows=10 width=121)
	  Index Cond: (id = ANY ('{114202,2733152,3910674,4835593,8165414,4337072,5010853,7780620,9940258,9821725}'::integer[]))

table 6 : explain SELECT c FROM sbtest6 WHERE id IN ( 114202, 2733152, 3910674, 4835593, 8165414, 4337072, 5010853, 7780620, 9940258, 9821725)
	Index Scan using sbtest6_pkey on sbtest6  (cost=0.43..83.89 rows=10 width=121)
	  Index Cond: (id = ANY ('{114202,2733152,3910674,4835593,8165414,4337072,5010853,7780620,9940258,9821725}'::integer[]))

table 7 : explain SELECT c FROM sbtest7 WHERE id IN ( 114202, 2733152, 3910674, 4835593, 8165414, 4337072, 5010853, 7780620, 9940258, 9821725)
	Index Scan using sbtest7_pkey on sbtest7  (cost=0.43..83.86 rows=10 width=121)
	  Index Cond: (id = ANY ('{114202,2733152,3910674,4835593,8165414,4337072,5010853,7780620,9940258,9821725}'::integer[]))

table 8 : explain SELECT c FROM sbtest8 WHERE id IN ( 114202, 2733152, 3910674, 4835593, 8165414, 4337072, 5010853, 7780620, 9940258, 9821725)
	Index Scan using sbtest8_pkey on sbtest8  (cost=0.43..83.82 rows=10 width=121)
	  Index Cond: (id = ANY ('{114202,2733152,3910674,4835593,8165414,4337072,5010853,7780620,9940258,9821725}'::integer[]))

for select-inlist
table 1 : explain SELECT c FROM sbtest1 WHERE id IN ( 6059587, 8413714, 7719813, 7828348, 6857783, 1269121, 3222561, 2164017, 5564459, 7944752)
	Index Scan using sbtest1_pkey on sbtest1  (cost=0.43..83.96 rows=10 width=121)
	  Index Cond: (id = ANY ('{6059587,8413714,7719813,7828348,6857783,1269121,3222561,2164017,5564459,7944752}'::integer[]))

table 2 : explain SELECT c FROM sbtest2 WHERE id IN ( 6059587, 8413714, 7719813, 7828348, 6857783, 1269121, 3222561, 2164017, 5564459, 7944752)
	Index Scan using sbtest2_pkey on sbtest2  (cost=0.43..84.04 rows=10 width=121)
	  Index Cond: (id = ANY ('{6059587,8413714,7719813,7828348,6857783,1269121,3222561,2164017,5564459,7944752}'::integer[]))

table 3 : explain SELECT c FROM sbtest3 WHERE id IN ( 6059587, 8413714, 7719813, 7828348, 6857783, 1269121, 3222561, 2164017, 5564459, 7944752)
	Index Scan using sbtest3_pkey on sbtest3  (cost=0.43..83.97 rows=10 width=121)
	  Index Cond: (id = ANY ('{6059587,8413714,7719813,7828348,6857783,1269121,3222561,2164017,5564459,7944752}'::integer[]))

table 4 : explain SELECT c FROM sbtest4 WHERE id IN ( 6059587, 8413714, 7719813, 7828348, 6857783, 1269121, 3222561, 2164017, 5564459, 7944752)
	Index Scan using sbtest4_pkey on sbtest4  (cost=0.43..83.86 rows=10 width=121)
	  Index Cond: (id = ANY ('{6059587,8413714,7719813,7828348,6857783,1269121,3222561,2164017,5564459,7944752}'::integer[]))

table 5 : explain SELECT c FROM sbtest5 WHERE id IN ( 6059587, 8413714, 7719813, 7828348, 6857783, 1269121, 3222561, 2164017, 5564459, 7944752)
	Index Scan using sbtest5_pkey on sbtest5  (cost=0.43..83.96 rows=10 width=121)
	  Index Cond: (id = ANY ('{6059587,8413714,7719813,7828348,6857783,1269121,3222561,2164017,5564459,7944752}'::integer[]))

table 6 : explain SELECT c FROM sbtest6 WHERE id IN ( 6059587, 8413714, 7719813, 7828348, 6857783, 1269121, 3222561, 2164017, 5564459, 7944752)
	Index Scan using sbtest6_pkey on sbtest6  (cost=0.43..83.89 rows=10 width=121)
	  Index Cond: (id = ANY ('{6059587,8413714,7719813,7828348,6857783,1269121,3222561,2164017,5564459,7944752}'::integer[]))

table 7 : explain SELECT c FROM sbtest7 WHERE id IN ( 6059587, 8413714, 7719813, 7828348, 6857783, 1269121, 3222561, 2164017, 5564459, 7944752)
	Index Scan using sbtest7_pkey on sbtest7  (cost=0.43..83.86 rows=10 width=121)
	  Index Cond: (id = ANY ('{6059587,8413714,7719813,7828348,6857783,1269121,3222561,2164017,5564459,7944752}'::integer[]))

table 8 : explain SELECT c FROM sbtest8 WHERE id IN ( 6059587, 8413714, 7719813, 7828348, 6857783, 1269121, 3222561, 2164017, 5564459, 7944752)
	Index Scan using sbtest8_pkey on sbtest8  (cost=0.43..83.82 rows=10 width=121)
	  Index Cond: (id = ANY ('{6059587,8413714,7719813,7828348,6857783,1269121,3222561,2164017,5564459,7944752}'::integer[]))

explain: for select-inlist :: explain SELECT c FROM sbtest%d WHERE id IN ( 2991276, 3902554, 6715399, 2825334, 5550999, 2338840, 7474008, 4722436, 3777162, 3005919)
for select-inlist
table 1 : explain SELECT c FROM sbtest1 WHERE id IN ( 1882266, 4357837, 2064243, 7784559, 4352787, 3991509, 8795373, 850651, 7759738, 6251930)
	Index Scan using sbtest1_pkey on sbtest1  (cost=0.43..83.96 rows=10 width=121)
	  Index Cond: (id = ANY ('{1882266,4357837,2064243,7784559,4352787,3991509,8795373,850651,7759738,6251930}'::integer[]))

table 2 : explain SELECT c FROM sbtest2 WHERE id IN ( 1882266, 4357837, 2064243, 7784559, 4352787, 3991509, 8795373, 850651, 7759738, 6251930)
	Index Scan using sbtest2_pkey on sbtest2  (cost=0.43..84.04 rows=10 width=121)
	  Index Cond: (id = ANY ('{1882266,4357837,2064243,7784559,4352787,3991509,8795373,850651,7759738,6251930}'::integer[]))

table 3 : explain SELECT c FROM sbtest3 WHERE id IN ( 1882266, 4357837, 2064243, 7784559, 4352787, 3991509, 8795373, 850651, 7759738, 6251930)
	Index Scan using sbtest3_pkey on sbtest3  (cost=0.43..83.97 rows=10 width=121)
	  Index Cond: (id = ANY ('{1882266,4357837,2064243,7784559,4352787,3991509,8795373,850651,7759738,6251930}'::integer[]))

table 4 : explain SELECT c FROM sbtest4 WHERE id IN ( 1882266, 4357837, 2064243, 7784559, 4352787, 3991509, 8795373, 850651, 7759738, 6251930)
	Index Scan using sbtest4_pkey on sbtest4  (cost=0.43..83.86 rows=10 width=121)
	  Index Cond: (id = ANY ('{1882266,4357837,2064243,7784559,4352787,3991509,8795373,850651,7759738,6251930}'::integer[]))

table 5 : explain SELECT c FROM sbtest5 WHERE id IN ( 1882266, 4357837, 2064243, 7784559, 4352787, 3991509, 8795373, 850651, 7759738, 6251930)
	Index Scan using sbtest5_pkey on sbtest5  (cost=0.43..83.96 rows=10 width=121)
	  Index Cond: (id = ANY ('{1882266,4357837,2064243,7784559,4352787,3991509,8795373,850651,7759738,6251930}'::integer[]))

table 6 : explain SELECT c FROM sbtest6 WHERE id IN ( 1882266, 4357837, 2064243, 7784559, 4352787, 3991509, 8795373, 850651, 7759738, 6251930)
	Index Scan using sbtest6_pkey on sbtest6  (cost=0.43..83.89 rows=10 width=121)
	  Index Cond: (id = ANY ('{1882266,4357837,2064243,7784559,4352787,3991509,8795373,850651,7759738,6251930}'::integer[]))

table 7 : explain SELECT c FROM sbtest7 WHERE id IN ( 1882266, 4357837, 2064243, 7784559, 4352787, 3991509, 8795373, 850651, 7759738, 6251930)
	Index Scan using sbtest7_pkey on sbtest7  (cost=0.43..83.86 rows=10 width=121)
	  Index Cond: (id = ANY ('{1882266,4357837,2064243,7784559,4352787,3991509,8795373,850651,7759738,6251930}'::integer[]))

table 8 : explain SELECT c FROM sbtest8 WHERE id IN ( 1882266, 4357837, 2064243, 7784559, 4352787, 3991509, 8795373, 850651, 7759738, 6251930)
	Index Scan using sbtest8_pkey on sbtest8  (cost=0.43..83.82 rows=10 width=121)
	  Index Cond: (id = ANY ('{1882266,4357837,2064243,7784559,4352787,3991509,8795373,850651,7759738,6251930}'::integer[]))

for select-inlist
table 1 : explain SELECT c FROM sbtest1 WHERE id IN ( 3167059, 1972709, 6366767, 7295590, 4033129, 1109294, 8779098, 5600244, 2655535, 5014547)
	Index Scan using sbtest1_pkey on sbtest1  (cost=0.43..83.96 rows=10 width=121)
	  Index Cond: (id = ANY ('{3167059,1972709,6366767,7295590,4033129,1109294,8779098,5600244,2655535,5014547}'::integer[]))

table 2 : explain SELECT c FROM sbtest2 WHERE id IN ( 3167059, 1972709, 6366767, 7295590, 4033129, 1109294, 8779098, 5600244, 2655535, 5014547)
	Index Scan using sbtest2_pkey on sbtest2  (cost=0.43..84.04 rows=10 width=121)
	  Index Cond: (id = ANY ('{3167059,1972709,6366767,7295590,4033129,1109294,8779098,5600244,2655535,5014547}'::integer[]))

table 3 : explain SELECT c FROM sbtest3 WHERE id IN ( 3167059, 1972709, 6366767, 7295590, 4033129, 1109294, 8779098, 5600244, 2655535, 5014547)
	Index Scan using sbtest3_pkey on sbtest3  (cost=0.43..83.97 rows=10 width=121)
	  Index Cond: (id = ANY ('{3167059,1972709,6366767,7295590,4033129,1109294,8779098,5600244,2655535,5014547}'::integer[]))

table 4 : explain SELECT c FROM sbtest4 WHERE id IN ( 3167059, 1972709, 6366767, 7295590, 4033129, 1109294, 8779098, 5600244, 2655535, 5014547)
	Index Scan using sbtest4_pkey on sbtest4  (cost=0.43..83.86 rows=10 width=121)
	  Index Cond: (id = ANY ('{3167059,1972709,6366767,7295590,4033129,1109294,8779098,5600244,2655535,5014547}'::integer[]))

table 5 : explain SELECT c FROM sbtest5 WHERE id IN ( 3167059, 1972709, 6366767, 7295590, 4033129, 1109294, 8779098, 5600244, 2655535, 5014547)
	Index Scan using sbtest5_pkey on sbtest5  (cost=0.43..83.96 rows=10 width=121)
	  Index Cond: (id = ANY ('{3167059,1972709,6366767,7295590,4033129,1109294,8779098,5600244,2655535,5014547}'::integer[]))

table 6 : explain SELECT c FROM sbtest6 WHERE id IN ( 3167059, 1972709, 6366767, 7295590, 4033129, 1109294, 8779098, 5600244, 2655535, 5014547)
	Index Scan using sbtest6_pkey on sbtest6  (cost=0.43..83.89 rows=10 width=121)
	  Index Cond: (id = ANY ('{3167059,1972709,6366767,7295590,4033129,1109294,8779098,5600244,2655535,5014547}'::integer[]))

table 7 : explain SELECT c FROM sbtest7 WHERE id IN ( 3167059, 1972709, 6366767, 7295590, 4033129, 1109294, 8779098, 5600244, 2655535, 5014547)
	Index Scan using sbtest7_pkey on sbtest7  (cost=0.43..83.86 rows=10 width=121)
	  Index Cond: (id = ANY ('{3167059,1972709,6366767,7295590,4033129,1109294,8779098,5600244,2655535,5014547}'::integer[]))

table 8 : explain SELECT c FROM sbtest8 WHERE id IN ( 3167059, 1972709, 6366767, 7295590, 4033129, 1109294, 8779098, 5600244, 2655535, 5014547)
	Index Scan using sbtest8_pkey on sbtest8  (cost=0.43..83.82 rows=10 width=121)
	  Index Cond: (id = ANY ('{3167059,1972709,6366767,7295590,4033129,1109294,8779098,5600244,2655535,5014547}'::integer[]))

for select-inlist
table 1 : explain SELECT c FROM sbtest1 WHERE id IN ( 540334, 5495885, 5052654, 2477020, 3938578, 4061136, 9600760, 4796802, 8386385, 3289037)
	Index Scan using sbtest1_pkey on sbtest1  (cost=0.43..83.96 rows=10 width=121)
	  Index Cond: (id = ANY ('{540334,5495885,5052654,2477020,3938578,4061136,9600760,4796802,8386385,3289037}'::integer[]))

table 2 : explain SELECT c FROM sbtest2 WHERE id IN ( 540334, 5495885, 5052654, 2477020, 3938578, 4061136, 9600760, 4796802, 8386385, 3289037)
	Index Scan using sbtest2_pkey on sbtest2  (cost=0.43..84.04 rows=10 width=121)
	  Index Cond: (id = ANY ('{540334,5495885,5052654,2477020,3938578,4061136,9600760,4796802,8386385,3289037}'::integer[]))

table 3 : explain SELECT c FROM sbtest3 WHERE id IN ( 540334, 5495885, 5052654, 2477020, 3938578, 4061136, 9600760, 4796802, 8386385, 3289037)
	Index Scan using sbtest3_pkey on sbtest3  (cost=0.43..83.97 rows=10 width=121)
	  Index Cond: (id = ANY ('{540334,5495885,5052654,2477020,3938578,4061136,9600760,4796802,8386385,3289037}'::integer[]))

table 4 : explain SELECT c FROM sbtest4 WHERE id IN ( 540334, 5495885, 5052654, 2477020, 3938578, 4061136, 9600760, 4796802, 8386385, 3289037)
	Index Scan using sbtest4_pkey on sbtest4  (cost=0.43..83.86 rows=10 width=121)
	  Index Cond: (id = ANY ('{540334,5495885,5052654,2477020,3938578,4061136,9600760,4796802,8386385,3289037}'::integer[]))

table 5 : explain SELECT c FROM sbtest5 WHERE id IN ( 540334, 5495885, 5052654, 2477020, 3938578, 4061136, 9600760, 4796802, 8386385, 3289037)
	Index Scan using sbtest5_pkey on sbtest5  (cost=0.43..83.96 rows=10 width=121)
	  Index Cond: (id = ANY ('{540334,5495885,5052654,2477020,3938578,4061136,9600760,4796802,8386385,3289037}'::integer[]))

table 6 : explain SELECT c FROM sbtest6 WHERE id IN ( 540334, 5495885, 5052654, 2477020, 3938578, 4061136, 9600760, 4796802, 8386385, 3289037)
	Index Scan using sbtest6_pkey on sbtest6  (cost=0.43..83.89 rows=10 width=121)
	  Index Cond: (id = ANY ('{540334,5495885,5052654,2477020,3938578,4061136,9600760,4796802,8386385,3289037}'::integer[]))

table 7 : explain SELECT c FROM sbtest7 WHERE id IN ( 540334, 5495885, 5052654, 2477020, 3938578, 4061136, 9600760, 4796802, 8386385, 3289037)
	Index Scan using sbtest7_pkey on sbtest7  (cost=0.43..83.86 rows=10 width=121)
	  Index Cond: (id = ANY ('{540334,5495885,5052654,2477020,3938578,4061136,9600760,4796802,8386385,3289037}'::integer[]))

table 8 : explain SELECT c FROM sbtest8 WHERE id IN ( 540334, 5495885, 5052654, 2477020, 3938578, 4061136, 9600760, 4796802, 8386385, 3289037)
	Index Scan using sbtest8_pkey on sbtest8  (cost=0.43..83.82 rows=10 width=121)
	  Index Cond: (id = ANY ('{540334,5495885,5052654,2477020,3938578,4061136,9600760,4796802,8386385,3289037}'::integer[]))

for select-inlist
table 1 : explain SELECT c FROM sbtest1 WHERE id IN ( 8643533, 9347601, 6024839, 8460396, 6665991, 3209735, 8304434, 9013532, 2067351, 6216066)
	Index Scan using sbtest1_pkey on sbtest1  (cost=0.43..83.96 rows=10 width=121)
	  Index Cond: (id = ANY ('{8643533,9347601,6024839,8460396,6665991,3209735,8304434,9013532,2067351,6216066}'::integer[]))

table 2 : explain SELECT c FROM sbtest2 WHERE id IN ( 8643533, 9347601, 6024839, 8460396, 6665991, 3209735, 8304434, 9013532, 2067351, 6216066)
	Index Scan using sbtest2_pkey on sbtest2  (cost=0.43..84.04 rows=10 width=121)
	  Index Cond: (id = ANY ('{8643533,9347601,6024839,8460396,6665991,3209735,8304434,9013532,2067351,6216066}'::integer[]))

table 3 : explain SELECT c FROM sbtest3 WHERE id IN ( 8643533, 9347601, 6024839, 8460396, 6665991, 3209735, 8304434, 9013532, 2067351, 6216066)
	Index Scan using sbtest3_pkey on sbtest3  (cost=0.43..83.97 rows=10 width=121)
	  Index Cond: (id = ANY ('{8643533,9347601,6024839,8460396,6665991,3209735,8304434,9013532,2067351,6216066}'::integer[]))

table 4 : explain SELECT c FROM sbtest4 WHERE id IN ( 8643533, 9347601, 6024839, 8460396, 6665991, 3209735, 8304434, 9013532, 2067351, 6216066)
	Index Scan using sbtest4_pkey on sbtest4  (cost=0.43..83.86 rows=10 width=121)
	  Index Cond: (id = ANY ('{8643533,9347601,6024839,8460396,6665991,3209735,8304434,9013532,2067351,6216066}'::integer[]))

table 5 : explain SELECT c FROM sbtest5 WHERE id IN ( 8643533, 9347601, 6024839, 8460396, 6665991, 3209735, 8304434, 9013532, 2067351, 6216066)
	Index Scan using sbtest5_pkey on sbtest5  (cost=0.43..83.96 rows=10 width=121)
	  Index Cond: (id = ANY ('{8643533,9347601,6024839,8460396,6665991,3209735,8304434,9013532,2067351,6216066}'::integer[]))

table 6 : explain SELECT c FROM sbtest6 WHERE id IN ( 8643533, 9347601, 6024839, 8460396, 6665991, 3209735, 8304434, 9013532, 2067351, 6216066)
	Index Scan using sbtest6_pkey on sbtest6  (cost=0.43..83.89 rows=10 width=121)
	  Index Cond: (id = ANY ('{8643533,9347601,6024839,8460396,6665991,3209735,8304434,9013532,2067351,6216066}'::integer[]))

table 7 : explain SELECT c FROM sbtest7 WHERE id IN ( 8643533, 9347601, 6024839, 8460396, 6665991, 3209735, 8304434, 9013532, 2067351, 6216066)
	Index Scan using sbtest7_pkey on sbtest7  (cost=0.43..83.86 rows=10 width=121)
	  Index Cond: (id = ANY ('{8643533,9347601,6024839,8460396,6665991,3209735,8304434,9013532,2067351,6216066}'::integer[]))

table 8 : explain SELECT c FROM sbtest8 WHERE id IN ( 8643533, 9347601, 6024839, 8460396, 6665991, 3209735, 8304434, 9013532, 2067351, 6216066)
	Index Scan using sbtest8_pkey on sbtest8  (cost=0.43..83.82 rows=10 width=121)
	  Index Cond: (id = ANY ('{8643533,9347601,6024839,8460396,6665991,3209735,8304434,9013532,2067351,6216066}'::integer[]))

explain: for select-inlist :: explain SELECT c FROM sbtest%d WHERE id IN ( 2411463, 1678430, 2255335, 7185217, 5757586, 4498309, 180936, 752542, 4785883, 6969301)
for select-inlist
table 1 : explain SELECT c FROM sbtest1 WHERE id IN ( 2991276, 3902554, 6715399, 2825334, 5550999, 2338840, 7474008, 4722436, 3777162, 3005919)
	Index Scan using sbtest1_pkey on sbtest1  (cost=0.43..83.96 rows=10 width=121)
	  Index Cond: (id = ANY ('{2991276,3902554,6715399,2825334,5550999,2338840,7474008,4722436,3777162,3005919}'::integer[]))

table 2 : explain SELECT c FROM sbtest2 WHERE id IN ( 2991276, 3902554, 6715399, 2825334, 5550999, 2338840, 7474008, 4722436, 3777162, 3005919)
	Index Scan using sbtest2_pkey on sbtest2  (cost=0.43..84.04 rows=10 width=121)
	  Index Cond: (id = ANY ('{2991276,3902554,6715399,2825334,5550999,2338840,7474008,4722436,3777162,3005919}'::integer[]))

table 3 : explain SELECT c FROM sbtest3 WHERE id IN ( 2991276, 3902554, 6715399, 2825334, 5550999, 2338840, 7474008, 4722436, 3777162, 3005919)
	Index Scan using sbtest3_pkey on sbtest3  (cost=0.43..83.97 rows=10 width=121)
	  Index Cond: (id = ANY ('{2991276,3902554,6715399,2825334,5550999,2338840,7474008,4722436,3777162,3005919}'::integer[]))

table 4 : explain SELECT c FROM sbtest4 WHERE id IN ( 2991276, 3902554, 6715399, 2825334, 5550999, 2338840, 7474008, 4722436, 3777162, 3005919)
	Index Scan using sbtest4_pkey on sbtest4  (cost=0.43..83.86 rows=10 width=121)
	  Index Cond: (id = ANY ('{2991276,3902554,6715399,2825334,5550999,2338840,7474008,4722436,3777162,3005919}'::integer[]))

table 5 : explain SELECT c FROM sbtest5 WHERE id IN ( 2991276, 3902554, 6715399, 2825334, 5550999, 2338840, 7474008, 4722436, 3777162, 3005919)
	Index Scan using sbtest5_pkey on sbtest5  (cost=0.43..83.96 rows=10 width=121)
	  Index Cond: (id = ANY ('{2991276,3902554,6715399,2825334,5550999,2338840,7474008,4722436,3777162,3005919}'::integer[]))

table 6 : explain SELECT c FROM sbtest6 WHERE id IN ( 2991276, 3902554, 6715399, 2825334, 5550999, 2338840, 7474008, 4722436, 3777162, 3005919)
	Index Scan using sbtest6_pkey on sbtest6  (cost=0.43..83.89 rows=10 width=121)
	  Index Cond: (id = ANY ('{2991276,3902554,6715399,2825334,5550999,2338840,7474008,4722436,3777162,3005919}'::integer[]))

table 7 : explain SELECT c FROM sbtest7 WHERE id IN ( 2991276, 3902554, 6715399, 2825334, 5550999, 2338840, 7474008, 4722436, 3777162, 3005919)
	Index Scan using sbtest7_pkey on sbtest7  (cost=0.43..83.86 rows=10 width=121)
	  Index Cond: (id = ANY ('{2991276,3902554,6715399,2825334,5550999,2338840,7474008,4722436,3777162,3005919}'::integer[]))

table 8 : explain SELECT c FROM sbtest8 WHERE id IN ( 2991276, 3902554, 6715399, 2825334, 5550999, 2338840, 7474008, 4722436, 3777162, 3005919)
	Index Scan using sbtest8_pkey on sbtest8  (cost=0.43..83.82 rows=10 width=121)
	  Index Cond: (id = ANY ('{2991276,3902554,6715399,2825334,5550999,2338840,7474008,4722436,3777162,3005919}'::integer[]))

for select-inlist
table 1 : explain SELECT c FROM sbtest1 WHERE id IN ( 2411463, 1678430, 2255335, 7185217, 5757586, 4498309, 180936, 752542, 4785883, 6969301)
	Index Scan using sbtest1_pkey on sbtest1  (cost=0.43..83.96 rows=10 width=121)
	  Index Cond: (id = ANY ('{2411463,1678430,2255335,7185217,5757586,4498309,180936,752542,4785883,6969301}'::integer[]))

table 2 : explain SELECT c FROM sbtest2 WHERE id IN ( 2411463, 1678430, 2255335, 7185217, 5757586, 4498309, 180936, 752542, 4785883, 6969301)
	Index Scan using sbtest2_pkey on sbtest2  (cost=0.43..84.04 rows=10 width=121)
	  Index Cond: (id = ANY ('{2411463,1678430,2255335,7185217,5757586,4498309,180936,752542,4785883,6969301}'::integer[]))

table 3 : explain SELECT c FROM sbtest3 WHERE id IN ( 2411463, 1678430, 2255335, 7185217, 5757586, 4498309, 180936, 752542, 4785883, 6969301)
	Index Scan using sbtest3_pkey on sbtest3  (cost=0.43..83.97 rows=10 width=121)
	  Index Cond: (id = ANY ('{2411463,1678430,2255335,7185217,5757586,4498309,180936,752542,4785883,6969301}'::integer[]))

table 4 : explain SELECT c FROM sbtest4 WHERE id IN ( 2411463, 1678430, 2255335, 7185217, 5757586, 4498309, 180936, 752542, 4785883, 6969301)
	Index Scan using sbtest4_pkey on sbtest4  (cost=0.43..83.86 rows=10 width=121)
	  Index Cond: (id = ANY ('{2411463,1678430,2255335,7185217,5757586,4498309,180936,752542,4785883,6969301}'::integer[]))

table 5 : explain SELECT c FROM sbtest5 WHERE id IN ( 2411463, 1678430, 2255335, 7185217, 5757586, 4498309, 180936, 752542, 4785883, 6969301)
	Index Scan using sbtest5_pkey on sbtest5  (cost=0.43..83.96 rows=10 width=121)
	  Index Cond: (id = ANY ('{2411463,1678430,2255335,7185217,5757586,4498309,180936,752542,4785883,6969301}'::integer[]))

table 6 : explain SELECT c FROM sbtest6 WHERE id IN ( 2411463, 1678430, 2255335, 7185217, 5757586, 4498309, 180936, 752542, 4785883, 6969301)
	Index Scan using sbtest6_pkey on sbtest6  (cost=0.43..83.89 rows=10 width=121)
	  Index Cond: (id = ANY ('{2411463,1678430,2255335,7185217,5757586,4498309,180936,752542,4785883,6969301}'::integer[]))

table 7 : explain SELECT c FROM sbtest7 WHERE id IN ( 2411463, 1678430, 2255335, 7185217, 5757586, 4498309, 180936, 752542, 4785883, 6969301)
	Index Scan using sbtest7_pkey on sbtest7  (cost=0.43..83.86 rows=10 width=121)
	  Index Cond: (id = ANY ('{2411463,1678430,2255335,7185217,5757586,4498309,180936,752542,4785883,6969301}'::integer[]))

table 8 : explain SELECT c FROM sbtest8 WHERE id IN ( 2411463, 1678430, 2255335, 7185217, 5757586, 4498309, 180936, 752542, 4785883, 6969301)
	Index Scan using sbtest8_pkey on sbtest8  (cost=0.43..83.82 rows=10 width=121)
	  Index Cond: (id = ANY ('{2411463,1678430,2255335,7185217,5757586,4498309,180936,752542,4785883,6969301}'::integer[]))

explain: for select-inlist :: explain SELECT c FROM sbtest%d WHERE id IN ( 2878659, 2504873, 9209428, 4645169, 9381830, 7563012, 3895933, 1924116, 4350055, 9690359)
for select-inlist
table 1 : explain SELECT c FROM sbtest1 WHERE id IN ( 2878659, 2504873, 9209428, 4645169, 9381830, 7563012, 3895933, 1924116, 4350055, 9690359)
	Index Scan using sbtest1_pkey on sbtest1  (cost=0.43..83.96 rows=10 width=121)
	  Index Cond: (id = ANY ('{2878659,2504873,9209428,4645169,9381830,7563012,3895933,1924116,4350055,9690359}'::integer[]))

table 2 : explain SELECT c FROM sbtest2 WHERE id IN ( 2878659, 2504873, 9209428, 4645169, 9381830, 7563012, 3895933, 1924116, 4350055, 9690359)
	Index Scan using sbtest2_pkey on sbtest2  (cost=0.43..84.04 rows=10 width=121)
	  Index Cond: (id = ANY ('{2878659,2504873,9209428,4645169,9381830,7563012,3895933,1924116,4350055,9690359}'::integer[]))

table 3 : explain SELECT c FROM sbtest3 WHERE id IN ( 2878659, 2504873, 9209428, 4645169, 9381830, 7563012, 3895933, 1924116, 4350055, 9690359)
	Index Scan using sbtest3_pkey on sbtest3  (cost=0.43..83.97 rows=10 width=121)
	  Index Cond: (id = ANY ('{2878659,2504873,9209428,4645169,9381830,7563012,3895933,1924116,4350055,9690359}'::integer[]))

table 4 : explain SELECT c FROM sbtest4 WHERE id IN ( 2878659, 2504873, 9209428, 4645169, 9381830, 7563012, 3895933, 1924116, 4350055, 9690359)
	Index Scan using sbtest4_pkey on sbtest4  (cost=0.43..83.86 rows=10 width=121)
	  Index Cond: (id = ANY ('{2878659,2504873,9209428,4645169,9381830,7563012,3895933,1924116,4350055,9690359}'::integer[]))

table 5 : explain SELECT c FROM sbtest5 WHERE id IN ( 2878659, 2504873, 9209428, 4645169, 9381830, 7563012, 3895933, 1924116, 4350055, 9690359)
	Index Scan using sbtest5_pkey on sbtest5  (cost=0.43..83.96 rows=10 width=121)
	  Index Cond: (id = ANY ('{2878659,2504873,9209428,4645169,9381830,7563012,3895933,1924116,4350055,9690359}'::integer[]))

table 6 : explain SELECT c FROM sbtest6 WHERE id IN ( 2878659, 2504873, 9209428, 4645169, 9381830, 7563012, 3895933, 1924116, 4350055, 9690359)
	Index Scan using sbtest6_pkey on sbtest6  (cost=0.43..83.89 rows=10 width=121)
	  Index Cond: (id = ANY ('{2878659,2504873,9209428,4645169,9381830,7563012,3895933,1924116,4350055,9690359}'::integer[]))

table 7 : explain SELECT c FROM sbtest7 WHERE id IN ( 2878659, 2504873, 9209428, 4645169, 9381830, 7563012, 3895933, 1924116, 4350055, 9690359)
	Index Scan using sbtest7_pkey on sbtest7  (cost=0.43..83.86 rows=10 width=121)
	  Index Cond: (id = ANY ('{2878659,2504873,9209428,4645169,9381830,7563012,3895933,1924116,4350055,9690359}'::integer[]))

table 8 : explain SELECT c FROM sbtest8 WHERE id IN ( 2878659, 2504873, 9209428, 4645169, 9381830, 7563012, 3895933, 1924116, 4350055, 9690359)
	Index Scan using sbtest8_pkey on sbtest8  (cost=0.43..83.82 rows=10 width=121)
	  Index Cond: (id = ANY ('{2878659,2504873,9209428,4645169,9381830,7563012,3895933,1924116,4350055,9690359}'::integer[]))

Threads started!

Warming up for 5 seconds...

SQL statistics:
    queries performed:
        read:                            293055698
        write:                           0
        other:                           0
        total:                           293055698
    transactions:                        293055698 (465161.42 per sec.)
    queries:                             293055698 (465161.42 per sec.)
    ignored errors:                      0      (0.00 per sec.)
    reconnects:                          0      (0.00 per sec.)

Throughput:
    events/s (eps):                      465161.4203
    time elapsed:                        630.0087s
    total number of events:              293055698

Latency (ms):
         min:                                    0.07
         avg:                                    0.09
         max:                                   24.16
         95th percentile:                        0.09
         sum:                             25056639.59

Threads fairness:
    events (avg/stddev):           7326386.1000/47440.32
    execution time (avg/stddev):   626.4160/0.12

