LUA_PATH=/home/mdcallag/git/mytools/bench/sysbench.lua/lua/?.lua /home/mdcallag/git/mytools/bench/sysbench.lua/lua/sysbench --db-driver=pgsql --range-size=100 --table-size=10000000 --tables=8 --threads=40 --events=0 --warmup-time=5 --time=930 --pgsql_conn_id=true /home/mdcallag/git/mytools/bench/sysbench.lua/lua/oltp_read_write.lua run --pgsql-user=root --pgsql-password=pw --pgsql-host=127.0.0.1 --pgsql-db=ib --rand-type=uniform
48 CPUs
sysbench 1.1.0-9072687 (using bundled LuaJIT 2.1.0-beta3)

Running the test with following options:
Number of threads: 40
Warmup time: 5s
Initializing random number generator from current time


Initializing worker threads...

explain: for point_selects :: explain SELECT c FROM sbtest%u WHERE id=%u
explain: for point_selects :: explain SELECT c FROM sbtest%u WHERE id=%u
explain: for point_selects :: explain SELECT c FROM sbtest%u WHERE id=%u
explain: for point_selects :: explain SELECT c FROM sbtest%u WHERE id=%u
explain: for point_selects :: explain SELECT c FROM sbtest%u WHERE id=%u
explain: for point_selects :: explain SELECT c FROM sbtest%u WHERE id=%u
explain: for point_selects :: explain SELECT c FROM sbtest%u WHERE id=%u
for point_selects
table 1 : explain SELECT c FROM sbtest1 WHERE id=2208153
	Index Scan using sbtest1_pkey on sbtest1  (cost=0.43..8.45 rows=1 width=121)
	  Index Cond: (id = 2208153)

table 2 : explain SELECT c FROM sbtest2 WHERE id=6082101
	Index Scan using sbtest2_pkey on sbtest2  (cost=0.43..8.45 rows=1 width=121)
	  Index Cond: (id = 6082101)

table 3 : explain SELECT c FROM sbtest3 WHERE id=5705472
	Index Scan using sbtest3_pkey on sbtest3  (cost=0.43..8.45 rows=1 width=121)
	  Index Cond: (id = 5705472)

table 4 : explain SELECT c FROM sbtest4 WHERE id=5318342
	Index Scan using sbtest4_pkey on sbtest4  (cost=0.43..8.45 rows=1 width=121)
	  Index Cond: (id = 5318342)

table 5 : explain SELECT c FROM sbtest5 WHERE id=4105776
	Index Scan using sbtest5_pkey on sbtest5  (cost=0.43..8.45 rows=1 width=121)
	  Index Cond: (id = 4105776)

table 6 : explain SELECT c FROM sbtest6 WHERE id=4691437
	Index Scan using sbtest6_pkey on sbtest6  (cost=0.43..8.45 rows=1 width=121)
	  Index Cond: (id = 4691437)

table 7 : explain SELECT c FROM sbtest7 WHERE id=4309623
	Index Scan using sbtest7_pkey on sbtest7  (cost=0.43..8.45 rows=1 width=121)
	  Index Cond: (id = 4309623)

table 8 : explain SELECT c FROM sbtest8 WHERE id=5645926
	Index Scan using sbtest8_pkey on sbtest8  (cost=0.43..8.45 rows=1 width=121)
	  Index Cond: (id = 5645926)

for point_selects
table 1 : explain SELECT c FROM sbtest1 WHERE id=1419711
	Index Scan using sbtest1_pkey on sbtest1  (cost=0.43..8.45 rows=1 width=121)
	  Index Cond: (id = 1419711)

table 2 : explain SELECT c FROM sbtest2 WHERE id=6837892
	Index Scan using sbtest2_pkey on sbtest2  (cost=0.43..8.45 rows=1 width=121)
	  Index Cond: (id = 6837892)

table 3 : explain SELECT c FROM sbtest3 WHERE id=3365503
	Index Scan using sbtest3_pkey on sbtest3  (cost=0.43..8.45 rows=1 width=121)
	  Index Cond: (id = 3365503)

table 4 : explain SELECT c FROM sbtest4 WHERE id=9250626
	Index Scan using sbtest4_pkey on sbtest4  (cost=0.43..8.45 rows=1 width=121)
	  Index Cond: (id = 9250626)

table 5 : explain SELECT c FROM sbtest5 WHERE id=6680802
	Index Scan using sbtest5_pkey on sbtest5  (cost=0.43..8.45 rows=1 width=121)
	  Index Cond: (id = 6680802)

table 6 : explain SELECT c FROM sbtest6 WHERE id=511373
	Index Scan using sbtest6_pkey on sbtest6  (cost=0.43..8.45 rows=1 width=121)
	  Index Cond: (id = 511373)

table 7 : explain SELECT c FROM sbtest7 WHERE id=7777153
	Index Scan using sbtest7_pkey on sbtest7  (cost=0.43..8.45 rows=1 width=121)
	  Index Cond: (id = 7777153)

table 8 : explain SELECT c FROM sbtest8 WHERE id=4481565
	Index Scan using sbtest8_pkey on sbtest8  (cost=0.43..8.45 rows=1 width=121)
	  Index Cond: (id = 4481565)

for point_selects
table 1 : explain SELECT c FROM sbtest1 WHERE id=3483221
	Index Scan using sbtest1_pkey on sbtest1  (cost=0.43..8.45 rows=1 width=121)
	  Index Cond: (id = 3483221)

table 2 : explain SELECT c FROM sbtest2 WHERE id=437347
	Index Scan using sbtest2_pkey on sbtest2  (cost=0.43..8.45 rows=1 width=121)
	  Index Cond: (id = 437347)

table 3 : explain SELECT c FROM sbtest3 WHERE id=8528237
	Index Scan using sbtest3_pkey on sbtest3  (cost=0.43..8.45 rows=1 width=121)
	  Index Cond: (id = 8528237)

table 4 : explain SELECT c FROM sbtest4 WHERE id=7511568
	Index Scan using sbtest4_pkey on sbtest4  (cost=0.43..8.45 rows=1 width=121)
	  Index Cond: (id = 7511568)

table 5 : explain SELECT c FROM sbtest5 WHERE id=7351494
	Index Scan using sbtest5_pkey on sbtest5  (cost=0.43..8.45 rows=1 width=121)
	  Index Cond: (id = 7351494)

table 6 : explain SELECT c FROM sbtest6 WHERE id=621644
	Index Scan using sbtest6_pkey on sbtest6  (cost=0.43..8.45 rows=1 width=121)
	  Index Cond: (id = 621644)

table 7 : explain SELECT c FROM sbtest7 WHERE id=2854124
	Index Scan using sbtest7_pkey on sbtest7  (cost=0.43..8.45 rows=1 width=121)
	  Index Cond: (id = 2854124)

table 8 : explain SELECT c FROM sbtest8 WHERE id=5274163
	Index Scan using sbtest8_pkey on sbtest8  (cost=0.43..8.45 rows=1 width=121)
	  Index Cond: (id = 5274163)

explain: for point_selects :: explain SELECT c FROM sbtest%u WHERE id=%u
for: simple_ranges
table 1 : explain SELECT c FROM sbtest1 WHERE id BETWEEN 5114128 AND 5114227
	Index Scan using sbtest1_pkey on sbtest1  (cost=0.43..383.32 rows=98 width=121)
	  Index Cond: ((id >= 5114128) AND (id <= 5114227))

table 2 : explain SELECT c FROM sbtest2 WHERE id BETWEEN 7652698 AND 7652797
	Index Scan using sbtest2_pkey on sbtest2  (cost=0.43..397.88 rows=102 width=121)
	  Index Cond: ((id >= 7652698) AND (id <= 7652797))

table 3 : explain SELECT c FROM sbtest3 WHERE id BETWEEN 2621549 AND 2621648
	Index Scan using sbtest3_pkey on sbtest3  (cost=0.43..441.93 rows=113 width=121)
	  Index Cond: ((id >= 2621549) AND (id <= 2621648))

table 4 : explain SELECT c FROM sbtest4 WHERE id BETWEEN 3135735 AND 3135834
	Index Scan using sbtest4_pkey on sbtest4  (cost=0.43..355.35 rows=91 width=121)
	  Index Cond: ((id >= 3135735) AND (id <= 3135834))

table 5 : explain SELECT c FROM sbtest5 WHERE id BETWEEN 560702 AND 560801
	Index Scan using sbtest5_pkey on sbtest5  (cost=0.43..347.16 rows=89 width=121)
	  Index Cond: ((id >= 560702) AND (id <= 560801))

table 6 : explain SELECT c FROM sbtest6 WHERE id BETWEEN 2580689 AND 2580788
	Index Scan using sbtest6_pkey on sbtest6  (cost=0.43..389.91 rows=100 width=121)
	  Index Cond: ((id >= 2580689) AND (id <= 2580788))

table 7 : explain SELECT c FROM sbtest7 WHERE id BETWEEN 4815346 AND 4815445
	Index Scan using sbtest7_pkey on sbtest7  (cost=0.43..396.40 rows=102 width=121)
	  Index Cond: ((id >= 4815346) AND (id <= 4815445))

table 8 : explain SELECT c FROM sbtest8 WHERE id BETWEEN 3979880 AND 3979979
	Index Scan using sbtest8_pkey on sbtest8  (cost=0.43..400.61 rows=103 width=121)
	  Index Cond: ((id >= 3979880) AND (id <= 3979979))

for point_selects
table 1 : explain SELECT c FROM sbtest1 WHERE id=1621451
	Index Scan using sbtest1_pkey on sbtest1  (cost=0.43..8.45 rows=1 width=121)
	  Index Cond: (id = 1621451)

table 2 : explain SELECT c FROM sbtest2 WHERE id=3473688
	Index Scan using sbtest2_pkey on sbtest2  (cost=0.43..8.45 rows=1 width=121)
	  Index Cond: (id = 3473688)

table 3 : explain SELECT c FROM sbtest3 WHERE id=9463411
	Index Scan using sbtest3_pkey on sbtest3  (cost=0.43..8.45 rows=1 width=121)
	  Index Cond: (id = 9463411)

table 4 : explain SELECT c FROM sbtest4 WHERE id=2620261
	Index Scan using sbtest4_pkey on sbtest4  (cost=0.43..8.45 rows=1 width=121)
	  Index Cond: (id = 2620261)

table 5 : explain SELECT c FROM sbtest5 WHERE id=9519228
	Index Scan using sbtest5_pkey on sbtest5  (cost=0.43..8.45 rows=1 width=121)
	  Index Cond: (id = 9519228)

table 6 : explain SELECT c FROM sbtest6 WHERE id=2631045
	Index Scan using sbtest6_pkey on sbtest6  (cost=0.43..8.45 rows=1 width=121)
	  Index Cond: (id = 2631045)

table 7 : explain SELECT c FROM sbtest7 WHERE id=4504834
	Index Scan using sbtest7_pkey on sbtest7  (cost=0.43..8.45 rows=1 width=121)
	  Index Cond: (id = 4504834)

table 8 : explain SELECT c FROM sbtest8 WHERE id=5562953
	Index Scan using sbtest8_pkey on sbtest8  (cost=0.43..8.45 rows=1 width=121)
	  Index Cond: (id = 5562953)

for: simple_ranges
table 1 : explain SELECT c FROM sbtest1 WHERE id BETWEEN 7321247 AND 7321346
	Index Scan using sbtest1_pkey on sbtest1  (cost=0.43..383.32 rows=98 width=121)
	  Index Cond: ((id >= 7321247) AND (id <= 7321346))

table 2 : explain SELECT c FROM sbtest2 WHERE id BETWEEN 1707887 AND 1707986
	Index Scan using sbtest2_pkey on sbtest2  (cost=0.43..378.60 rows=97 width=121)
	  Index Cond: ((id >= 1707887) AND (id <= 1707986))

table 3 : explain SELECT c FROM sbtest3 WHERE id BETWEEN 1075901 AND 1076000
	Index Scan using sbtest3_pkey on sbtest3  (cost=0.43..399.37 rows=102 width=121)
	  Index Cond: ((id >= 1075901) AND (id <= 1076000))

table 4 : explain SELECT c FROM sbtest4 WHERE id BETWEEN 9245104 AND 9245203
	Index Scan using sbtest4_pkey on sbtest4  (cost=0.43..374.62 rows=96 width=121)
	  Index Cond: ((id >= 9245104) AND (id <= 9245203))

table 5 : explain SELECT c FROM sbtest5 WHERE id BETWEEN 9564924 AND 9565023
	Index Scan using sbtest5_pkey on sbtest5  (cost=0.43..397.22 rows=102 width=121)
	  Index Cond: ((id >= 9564924) AND (id <= 9565023))

table 6 : explain SELECT c FROM sbtest6 WHERE id BETWEEN 2498080 AND 2498179
	Index Scan using sbtest6_pkey on sbtest6  (cost=0.43..389.95 rows=100 width=121)
	  Index Cond: ((id >= 2498080) AND (id <= 2498179))

table 7 : explain SELECT c FROM sbtest7 WHERE id BETWEEN 4332442 AND 4332541
	Index Scan using sbtest7_pkey on sbtest7  (cost=0.43..369.48 rows=95 width=121)
	  Index Cond: ((id >= 4332442) AND (id <= 4332541))

table 8 : explain SELECT c FROM sbtest8 WHERE id BETWEEN 3807288 AND 3807387
	Index Scan using sbtest8_pkey on sbtest8  (cost=0.43..385.20 rows=99 width=121)
	  Index Cond: ((id >= 3807288) AND (id <= 3807387))

for: simple_ranges
table 1 : explain SELECT c FROM sbtest1 WHERE id BETWEEN 7098214 AND 7098313
	Index Scan using sbtest1_pkey on sbtest1  (cost=0.43..422.00 rows=108 width=121)
	  Index Cond: ((id >= 7098214) AND (id <= 7098313))

table 2 : explain SELECT c FROM sbtest2 WHERE id BETWEEN 1261762 AND 1261861
	Index Scan using sbtest2_pkey on sbtest2  (cost=0.43..394.02 rows=101 width=121)
	  Index Cond: ((id >= 1261762) AND (id <= 1261861))

table 3 : explain SELECT c FROM sbtest3 WHERE id BETWEEN 9242846 AND 9242945
	Index Scan using sbtest3_pkey on sbtest3  (cost=0.43..395.46 rows=101 width=121)
	  Index Cond: ((id >= 9242846) AND (id <= 9242945))

table 4 : explain SELECT c FROM sbtest4 WHERE id BETWEEN 1192665 AND 1192764
	Index Scan using sbtest4_pkey on sbtest4  (cost=0.43..405.49 rows=104 width=121)
	  Index Cond: ((id >= 1192665) AND (id <= 1192764))

table 5 : explain SELECT c FROM sbtest5 WHERE id BETWEEN 699233 AND 699332
	Index Scan using sbtest5_pkey on sbtest5  (cost=0.43..362.55 rows=93 width=121)
	  Index Cond: ((id >= 699233) AND (id <= 699332))

table 6 : explain SELECT c FROM sbtest6 WHERE id BETWEEN 1603591 AND 1603690
	Index Scan using sbtest6_pkey on sbtest6  (cost=0.43..386.06 rows=99 width=121)
	  Index Cond: ((id >= 1603591) AND (id <= 1603690))

table 7 : explain SELECT c FROM sbtest7 WHERE id BETWEEN 2567350 AND 2567449
	Index Scan using sbtest7_pkey on sbtest7  (cost=0.43..396.40 rows=102 width=121)
	  Index Cond: ((id >= 2567350) AND (id <= 2567449))

table 8 : explain SELECT c FROM sbtest8 WHERE id BETWEEN 8243826 AND 8243925
	Index Scan using sbtest8_pkey on sbtest8  (cost=0.43..385.24 rows=99 width=121)
	  Index Cond: ((id >= 8243826) AND (id <= 8243925))

for: simple_ranges
table 1 : explain SELECT c FROM sbtest1 WHERE id BETWEEN 1208138 AND 1208237
	Index Scan using sbtest1_pkey on sbtest1  (cost=0.43..398.78 rows=102 width=121)
	  Index Cond: ((id >= 1208138) AND (id <= 1208237))

table 2 : explain SELECT c FROM sbtest2 WHERE id BETWEEN 8856592 AND 8856691
	Index Scan using sbtest2_pkey on sbtest2  (cost=0.43..370.89 rows=95 width=121)
	  Index Cond: ((id >= 8856592) AND (id <= 8856691))

table 3 : explain SELECT c FROM sbtest3 WHERE id BETWEEN 207590 AND 207689
	Index Scan using sbtest3_pkey on sbtest3  (cost=0.43..379.99 rows=97 width=121)
	  Index Cond: ((id >= 207590) AND (id <= 207689))

table 4 : explain SELECT c FROM sbtest4 WHERE id BETWEEN 1828495 AND 1828594
	Index Scan using sbtest4_pkey on sbtest4  (cost=0.43..355.35 rows=91 width=121)
	  Index Cond: ((id >= 1828495) AND (id <= 1828594))

table 5 : explain SELECT c FROM sbtest5 WHERE id BETWEEN 4270499 AND 4270598
	Index Scan using sbtest5_pkey on sbtest5  (cost=0.43..377.94 rows=97 width=121)
	  Index Cond: ((id >= 4270499) AND (id <= 4270598))

table 6 : explain SELECT c FROM sbtest6 WHERE id BETWEEN 7248874 AND 7248973
	Index Scan using sbtest6_pkey on sbtest6  (cost=0.43..389.95 rows=100 width=121)
	  Index Cond: ((id >= 7248874) AND (id <= 7248973))

table 7 : explain SELECT c FROM sbtest7 WHERE id BETWEEN 8004333 AND 8004432
	Index Scan using sbtest7_pkey on sbtest7  (cost=0.43..415.60 rows=107 width=121)
	  Index Cond: ((id >= 8004333) AND (id <= 8004432))

table 8 : explain SELECT c FROM sbtest8 WHERE id BETWEEN 8134884 AND 8134983
	Index Scan using sbtest8_pkey on sbtest8  (cost=0.43..373.67 rows=96 width=121)
	  Index Cond: ((id >= 8134884) AND (id <= 8134983))

explain: for point_selects :: explain SELECT c FROM sbtest%u WHERE id=%u
for point_selects
table 1 : explain SELECT c FROM sbtest1 WHERE id=952394
	Index Scan using sbtest1_pkey on sbtest1  (cost=0.43..8.45 rows=1 width=121)
	  Index Cond: (id = 952394)

table 2 : explain SELECT c FROM sbtest2 WHERE id=9549730
	Index Scan using sbtest2_pkey on sbtest2  (cost=0.43..8.45 rows=1 width=121)
	  Index Cond: (id = 9549730)

table 3 : explain SELECT c FROM sbtest3 WHERE id=870431
	Index Scan using sbtest3_pkey on sbtest3  (cost=0.43..8.45 rows=1 width=121)
	  Index Cond: (id = 870431)

table 4 : explain SELECT c FROM sbtest4 WHERE id=9540566
	Index Scan using sbtest4_pkey on sbtest4  (cost=0.43..8.45 rows=1 width=121)
	  Index Cond: (id = 9540566)

table 5 : explain SELECT c FROM sbtest5 WHERE id=7527890
	Index Scan using sbtest5_pkey on sbtest5  (cost=0.43..8.45 rows=1 width=121)
	  Index Cond: (id = 7527890)

table 6 : explain SELECT c FROM sbtest6 WHERE id=6219289
	Index Scan using sbtest6_pkey on sbtest6  (cost=0.43..8.45 rows=1 width=121)
	  Index Cond: (id = 6219289)

table 7 : explain SELECT c FROM sbtest7 WHERE id=7683973
	Index Scan using sbtest7_pkey on sbtest7  (cost=0.43..8.45 rows=1 width=121)
	  Index Cond: (id = 7683973)

table 8 : explain SELECT c FROM sbtest8 WHERE id=2055887
	Index Scan using sbtest8_pkey on sbtest8  (cost=0.43..8.45 rows=1 width=121)
	  Index Cond: (id = 2055887)

for point_selects
table 1 : explain SELECT c FROM sbtest1 WHERE id=8639747
	Index Scan using sbtest1_pkey on sbtest1  (cost=0.43..8.45 rows=1 width=121)
	  Index Cond: (id = 8639747)

table 2 : explain SELECT c FROM sbtest2 WHERE id=1505919
	Index Scan using sbtest2_pkey on sbtest2  (cost=0.43..8.45 rows=1 width=121)
	  Index Cond: (id = 1505919)

table 3 : explain SELECT c FROM sbtest3 WHERE id=5844881
	Index Scan using sbtest3_pkey on sbtest3  (cost=0.43..8.45 rows=1 width=121)
	  Index Cond: (id = 5844881)

table 4 : explain SELECT c FROM sbtest4 WHERE id=2205830
	Index Scan using sbtest4_pkey on sbtest4  (cost=0.43..8.45 rows=1 width=121)
	  Index Cond: (id = 2205830)

table 5 : explain SELECT c FROM sbtest5 WHERE id=673264
	Index Scan using sbtest5_pkey on sbtest5  (cost=0.43..8.45 rows=1 width=121)
	  Index Cond: (id = 673264)

table 6 : explain SELECT c FROM sbtest6 WHERE id=7737098
	Index Scan using sbtest6_pkey on sbtest6  (cost=0.43..8.45 rows=1 width=121)
	  Index Cond: (id = 7737098)

table 7 : explain SELECT c FROM sbtest7 WHERE id=7796055
	Index Scan using sbtest7_pkey on sbtest7  (cost=0.43..8.45 rows=1 width=121)
	  Index Cond: (id = 7796055)

table 8 : explain SELECT c FROM sbtest8 WHERE id=4494966
	Index Scan using sbtest8_pkey on sbtest8  (cost=0.43..8.45 rows=1 width=121)
	  Index Cond: (id = 4494966)

for point_selects
table 1 : explain SELECT c FROM sbtest1 WHERE id=5579120
	Index Scan using sbtest1_pkey on sbtest1  (cost=0.43..8.45 rows=1 width=121)
	  Index Cond: (id = 5579120)

table 2 : explain SELECT c FROM sbtest2 WHERE id=5070680
	Index Scan using sbtest2_pkey on sbtest2  (cost=0.43..8.45 rows=1 width=121)
	  Index Cond: (id = 5070680)

table 3 : explain SELECT c FROM sbtest3 WHERE id=5107481
	Index Scan using sbtest3_pkey on sbtest3  (cost=0.43..8.45 rows=1 width=121)
	  Index Cond: (id = 5107481)

table 4 : explain SELECT c FROM sbtest4 WHERE id=6998630
	Index Scan using sbtest4_pkey on sbtest4  (cost=0.43..8.45 rows=1 width=121)
	  Index Cond: (id = 6998630)

table 5 : explain SELECT c FROM sbtest5 WHERE id=538415
	Index Scan using sbtest5_pkey on sbtest5  (cost=0.43..8.45 rows=1 width=121)
	  Index Cond: (id = 538415)

table 6 : explain SELECT c FROM sbtest6 WHERE id=3059968
	Index Scan using sbtest6_pkey on sbtest6  (cost=0.43..8.45 rows=1 width=121)
	  Index Cond: (id = 3059968)

table 7 : explain SELECT c FROM sbtest7 WHERE id=4377861
	Index Scan using sbtest7_pkey on sbtest7  (cost=0.43..8.45 rows=1 width=121)
	  Index Cond: (id = 4377861)

table 8 : explain SELECT c FROM sbtest8 WHERE id=1774002
	Index Scan using sbtest8_pkey on sbtest8  (cost=0.43..8.45 rows=1 width=121)
	  Index Cond: (id = 1774002)

for: sum_ranges
table 1 : explain SELECT SUM(k) FROM sbtest1 WHERE id BETWEEN 4904024 AND 4904123
	Aggregate  (cost=402.94..402.95 rows=1 width=8)
	  ->  Index Scan using sbtest1_pkey on sbtest1  (cost=0.43..402.68 rows=103 width=4)
	        Index Cond: ((id >= 4904024) AND (id <= 4904123))

table 2 : explain SELECT SUM(k) FROM sbtest2 WHERE id BETWEEN 8342353 AND 8342452
	Aggregate  (cost=386.56..386.57 rows=1 width=8)
	  ->  Index Scan using sbtest2_pkey on sbtest2  (cost=0.43..386.31 rows=99 width=4)
	        Index Cond: ((id >= 8342353) AND (id <= 8342452))

table 3 : explain SELECT SUM(k) FROM sbtest3 WHERE id BETWEEN 5283814 AND 5283913
	Aggregate  (cost=357.00..357.01 rows=1 width=8)
	  ->  Index Scan using sbtest3_pkey on sbtest3  (cost=0.43..356.77 rows=91 width=4)
	        Index Cond: ((id >= 5283814) AND (id <= 5283913))

table 4 : explain SELECT SUM(k) FROM sbtest4 WHERE id BETWEEN 9820952 AND 9821051
	Aggregate  (cost=440.45..440.46 rows=1 width=8)
	  ->  Index Scan using sbtest4_pkey on sbtest4  (cost=0.43..440.17 rows=113 width=4)
	        Index Cond: ((id >= 9820952) AND (id <= 9821051))

table 5 : explain SELECT SUM(k) FROM sbtest5 WHERE id BETWEEN 5997201 AND 5997300
	Aggregate  (cost=397.48..397.49 rows=1 width=8)
	  ->  Index Scan using sbtest5_pkey on sbtest5  (cost=0.43..397.22 rows=102 width=4)
	        Index Cond: ((id >= 5997201) AND (id <= 5997300))

table 6 : explain SELECT SUM(k) FROM sbtest6 WHERE id BETWEEN 1447625 AND 1447724
	Aggregate  (cost=394.06..394.07 rows=1 width=8)
	  ->  Index Scan using sbtest6_pkey on sbtest6  (cost=0.43..393.80 rows=101 width=4)
	        Index Cond: ((id >= 1447625) AND (id <= 1447724))

table 7 : explain SELECT SUM(k) FROM sbtest7 WHERE id BETWEEN 9722115 AND 9722214
	Aggregate  (cost=419.71..419.72 rows=1 width=8)
	  ->  Index Scan using sbtest7_pkey on sbtest7  (cost=0.43..419.44 rows=108 width=4)
	        Index Cond: ((id >= 9722115) AND (id <= 9722214))

table 8 : explain SELECT SUM(k) FROM sbtest8 WHERE id BETWEEN 8094231 AND 8094330
	Aggregate  (cost=373.91..373.92 rows=1 width=8)
	  ->  Index Scan using sbtest8_pkey on sbtest8  (cost=0.43..373.67 rows=96 width=4)
	        Index Cond: ((id >= 8094231) AND (id <= 8094330))

for point_selects
table 1 : explain SELECT c FROM sbtest1 WHERE id=6469718
	Index Scan using sbtest1_pkey on sbtest1  (cost=0.43..8.45 rows=1 width=121)
	  Index Cond: (id = 6469718)

table 2 : explain SELECT c FROM sbtest2 WHERE id=2923946
	Index Scan using sbtest2_pkey on sbtest2  (cost=0.43..8.45 rows=1 width=121)
	  Index Cond: (id = 2923946)

table 3 : explain SELECT c FROM sbtest3 WHERE id=1891902
	Index Scan using sbtest3_pkey on sbtest3  (cost=0.43..8.45 rows=1 width=121)
	  Index Cond: (id = 1891902)

table 4 : explain SELECT c FROM sbtest4 WHERE id=2263192
	Index Scan using sbtest4_pkey on sbtest4  (cost=0.43..8.45 rows=1 width=121)
	  Index Cond: (id = 2263192)

table 5 : explain SELECT c FROM sbtest5 WHERE id=620262
	Index Scan using sbtest5_pkey on sbtest5  (cost=0.43..8.45 rows=1 width=121)
	  Index Cond: (id = 620262)

table 6 : explain SELECT c FROM sbtest6 WHERE id=1130732
	Index Scan using sbtest6_pkey on sbtest6  (cost=0.43..8.45 rows=1 width=121)
	  Index Cond: (id = 1130732)

table 7 : explain SELECT c FROM sbtest7 WHERE id=2881297
	Index Scan using sbtest7_pkey on sbtest7  (cost=0.43..8.45 rows=1 width=121)
	  Index Cond: (id = 2881297)

table 8 : explain SELECT c FROM sbtest8 WHERE id=7311518
	Index Scan using sbtest8_pkey on sbtest8  (cost=0.43..8.45 rows=1 width=121)
	  Index Cond: (id = 7311518)

for: simple_ranges
table 1 : explain SELECT c FROM sbtest1 WHERE id BETWEEN 8785318 AND 8785417
	Index Scan using sbtest1_pkey on sbtest1  (cost=0.43..391.05 rows=100 width=121)
	  Index Cond: ((id >= 8785318) AND (id <= 8785417))

table 2 : explain SELECT c FROM sbtest2 WHERE id BETWEEN 6955778 AND 6955877
	Index Scan using sbtest2_pkey on sbtest2  (cost=0.43..367.04 rows=94 width=121)
	  Index Cond: ((id >= 6955778) AND (id <= 6955877))

table 3 : explain SELECT c FROM sbtest3 WHERE id BETWEEN 5337955 AND 5338054
	Index Scan using sbtest3_pkey on sbtest3  (cost=0.43..418.72 rows=107 width=121)
	  Index Cond: ((id >= 5337955) AND (id <= 5338054))

table 4 : explain SELECT c FROM sbtest4 WHERE id BETWEEN 4688998 AND 4689097
	Index Scan using sbtest4_pkey on sbtest4  (cost=0.43..351.50 rows=90 width=121)
	  Index Cond: ((id >= 4688998) AND (id <= 4689097))

table 5 : explain SELECT c FROM sbtest5 WHERE id BETWEEN 5663460 AND 5663559
	Index Scan using sbtest5_pkey on sbtest5  (cost=0.43..358.70 rows=92 width=121)
	  Index Cond: ((id >= 5663460) AND (id <= 5663559))

table 6 : explain SELECT c FROM sbtest6 WHERE id BETWEEN 8543084 AND 8543183
	Index Scan using sbtest6_pkey on sbtest6  (cost=0.43..409.21 rows=105 width=121)
	  Index Cond: ((id >= 8543084) AND (id <= 8543183))

table 7 : explain SELECT c FROM sbtest7 WHERE id BETWEEN 1951715 AND 1951814
	Index Scan using sbtest7_pkey on sbtest7  (cost=0.43..369.48 rows=95 width=121)
	  Index Cond: ((id >= 1951715) AND (id <= 1951814))

table 8 : explain SELECT c FROM sbtest8 WHERE id BETWEEN 6515232 AND 6515331
	Index Scan using sbtest8_pkey on sbtest8  (cost=0.43..400.61 rows=103 width=121)
	  Index Cond: ((id >= 6515232) AND (id <= 6515331))

for: simple_ranges
table 1 : explain SELECT c FROM sbtest1 WHERE id BETWEEN 2277859 AND 2277958
	Index Scan using sbtest1_pkey on sbtest1  (cost=0.43..425.86 rows=109 width=121)
	  Index Cond: ((id >= 2277859) AND (id <= 2277958))

table 2 : explain SELECT c FROM sbtest2 WHERE id BETWEEN 392127 AND 392226
	Index Scan using sbtest2_pkey on sbtest2  (cost=0.43..367.04 rows=94 width=121)
	  Index Cond: ((id >= 392127) AND (id <= 392226))

table 3 : explain SELECT c FROM sbtest3 WHERE id BETWEEN 2035864 AND 2035963
	Index Scan using sbtest3_pkey on sbtest3  (cost=0.43..407.11 rows=104 width=121)
	  Index Cond: ((id >= 2035864) AND (id <= 2035963))

table 4 : explain SELECT c FROM sbtest4 WHERE id BETWEEN 2877872 AND 2877971
	Index Scan using sbtest4_pkey on sbtest4  (cost=0.43..366.91 rows=94 width=121)
	  Index Cond: ((id >= 2877872) AND (id <= 2877971))

table 5 : explain SELECT c FROM sbtest5 WHERE id BETWEEN 3132583 AND 3132682
	Index Scan using sbtest5_pkey on sbtest5  (cost=0.43..385.64 rows=99 width=121)
	  Index Cond: ((id >= 3132583) AND (id <= 3132682))

table 6 : explain SELECT c FROM sbtest6 WHERE id BETWEEN 8433542 AND 8433641
	Index Scan using sbtest6_pkey on sbtest6  (cost=0.43..389.91 rows=100 width=121)
	  Index Cond: ((id >= 8433542) AND (id <= 8433641))

table 7 : explain SELECT c FROM sbtest7 WHERE id BETWEEN 617757 AND 617856
	Index Scan using sbtest7_pkey on sbtest7  (cost=0.43..388.67 rows=100 width=121)
	  Index Cond: ((id >= 617757) AND (id <= 617856))

table 8 : explain SELECT c FROM sbtest8 WHERE id BETWEEN 4946763 AND 4946862
	Index Scan using sbtest8_pkey on sbtest8  (cost=0.43..377.51 rows=97 width=121)
	  Index Cond: ((id >= 4946763) AND (id <= 4946862))

for: simple_ranges
table 1 : explain SELECT c FROM sbtest1 WHERE id BETWEEN 4515474 AND 4515573
	Index Scan using sbtest1_pkey on sbtest1  (cost=0.43..379.46 rows=97 width=121)
	  Index Cond: ((id >= 4515474) AND (id <= 4515573))

table 2 : explain SELECT c FROM sbtest2 WHERE id BETWEEN 1967191 AND 1967290
	Index Scan using sbtest2_pkey on sbtest2  (cost=0.43..421.05 rows=108 width=121)
	  Index Cond: ((id >= 1967191) AND (id <= 1967290))

table 3 : explain SELECT c FROM sbtest3 WHERE id BETWEEN 3800908 AND 3801007
	Index Scan using sbtest3_pkey on sbtest3  (cost=0.43..407.11 rows=104 width=121)
	  Index Cond: ((id >= 3800908) AND (id <= 3801007))

table 4 : explain SELECT c FROM sbtest4 WHERE id BETWEEN 7054010 AND 7054109
	Index Scan using sbtest4_pkey on sbtest4  (cost=0.43..401.63 rows=103 width=121)
	  Index Cond: ((id >= 7054010) AND (id <= 7054109))

table 5 : explain SELECT c FROM sbtest5 WHERE id BETWEEN 6842445 AND 6842544
	Index Scan using sbtest5_pkey on sbtest5  (cost=0.43..412.62 rows=106 width=121)
	  Index Cond: ((id >= 6842445) AND (id <= 6842544))

table 6 : explain SELECT c FROM sbtest6 WHERE id BETWEEN 4734914 AND 4735013
	Index Scan using sbtest6_pkey on sbtest6  (cost=0.43..374.50 rows=96 width=121)
	  Index Cond: ((id >= 4734914) AND (id <= 4735013))

table 7 : explain SELECT c FROM sbtest7 WHERE id BETWEEN 1672290 AND 1672389
	Index Scan using sbtest7_pkey on sbtest7  (cost=0.43..373.32 rows=96 width=121)
	  Index Cond: ((id >= 1672290) AND (id <= 1672389))

table 8 : explain SELECT c FROM sbtest8 WHERE id BETWEEN 4633339 AND 4633438
	Index Scan using sbtest8_pkey on sbtest8  (cost=0.43..415.99 rows=107 width=121)
	  Index Cond: ((id >= 4633339) AND (id <= 4633438))

explain: for point_selects :: explain SELECT c FROM sbtest%u WHERE id=%u
explain: for point_selects :: explain SELECT c FROM sbtest%u WHERE id=%u
for: simple_ranges
table 1 : explain SELECT c FROM sbtest1 WHERE id BETWEEN 1470789 AND 1470888
	Index Scan using sbtest1_pkey on sbtest1  (cost=0.43..383.32 rows=98 width=121)
	  Index Cond: ((id >= 1470789) AND (id <= 1470888))

table 2 : explain SELECT c FROM sbtest2 WHERE id BETWEEN 679867 AND 679966
	Index Scan using sbtest2_pkey on sbtest2  (cost=0.43..424.90 rows=109 width=121)
	  Index Cond: ((id >= 679867) AND (id <= 679966))

table 3 : explain SELECT c FROM sbtest3 WHERE id BETWEEN 7646997 AND 7647096
	Index Scan using sbtest3_pkey on sbtest3  (cost=0.43..410.98 rows=105 width=121)
	  Index Cond: ((id >= 7646997) AND (id <= 7647096))

table 4 : explain SELECT c FROM sbtest4 WHERE id BETWEEN 4395421 AND 4395520
	Index Scan using sbtest4_pkey on sbtest4  (cost=0.43..374.62 rows=96 width=121)
	  Index Cond: ((id >= 4395421) AND (id <= 4395520))

table 5 : explain SELECT c FROM sbtest5 WHERE id BETWEEN 8594604 AND 8594703
	Index Scan using sbtest5_pkey on sbtest5  (cost=0.43..339.46 rows=87 width=121)
	  Index Cond: ((id >= 8594604) AND (id <= 8594703))

table 6 : explain SELECT c FROM sbtest6 WHERE id BETWEEN 1984253 AND 1984352
	Index Scan using sbtest6_pkey on sbtest6  (cost=0.43..378.35 rows=97 width=121)
	  Index Cond: ((id >= 1984253) AND (id <= 1984352))

table 7 : explain SELECT c FROM sbtest7 WHERE id BETWEEN 2853207 AND 2853306
	Index Scan using sbtest7_pkey on sbtest7  (cost=0.43..427.12 rows=110 width=121)
	  Index Cond: ((id >= 2853207) AND (id <= 2853306))

table 8 : explain SELECT c FROM sbtest8 WHERE id BETWEEN 7532674 AND 7532773
	Index Scan using sbtest8_pkey on sbtest8  (cost=0.43..415.99 rows=107 width=121)
	  Index Cond: ((id >= 7532674) AND (id <= 7532773))
explain: for point_selects :: explain SELECT c FROM sbtest%u WHERE id=%u

for point_selects
table 1 : explain SELECT c FROM sbtest1 WHERE id=8265857
	Index Scan using sbtest1_pkey on sbtest1  (cost=0.43..8.45 rows=1 width=121)
	  Index Cond: (id = 8265857)

table 2 : explain SELECT c FROM sbtest2 WHERE id=4179249
	Index Scan using sbtest2_pkey on sbtest2  (cost=0.43..8.45 rows=1 width=121)
	  Index Cond: (id = 4179249)

table 3 : explain SELECT c FROM sbtest3 WHERE id=5330129
	Index Scan using sbtest3_pkey on sbtest3  (cost=0.43..8.45 rows=1 width=121)
	  Index Cond: (id = 5330129)

table 4 : explain SELECT c FROM sbtest4 WHERE id=1870536
	Index Scan using sbtest4_pkey on sbtest4  (cost=0.43..8.45 rows=1 width=121)
	  Index Cond: (id = 1870536)

table 5 : explain SELECT c FROM sbtest5 WHERE id=442103
	Index Scan using sbtest5_pkey on sbtest5  (cost=0.43..8.45 rows=1 width=121)
	  Index Cond: (id = 442103)

table 6 : explain SELECT c FROM sbtest6 WHERE id=5680502
	Index Scan using sbtest6_pkey on sbtest6  (cost=0.43..8.45 rows=1 width=121)
	  Index Cond: (id = 5680502)

table 7 : explain SELECT c FROM sbtest7 WHERE id=3160553
	Index Scan using sbtest7_pkey on sbtest7  (cost=0.43..8.45 rows=1 width=121)
	  Index Cond: (id = 3160553)

table 8 : explain SELECT c FROM sbtest8 WHERE id=7401171
	Index Scan using sbtest8_pkey on sbtest8  (cost=0.43..8.45 rows=1 width=121)
	  Index Cond: (id = 7401171)

for: sum_ranges
table 1 : explain SELECT SUM(k) FROM sbtest1 WHERE id BETWEEN 3291776 AND 3291875
	Aggregate  (cost=422.27..422.28 rows=1 width=8)
	  ->  Index Scan using sbtest1_pkey on sbtest1  (cost=0.43..422.00 rows=108 width=4)
	        Index Cond: ((id >= 3291776) AND (id <= 3291875))

table 2 : explain SELECT SUM(k) FROM sbtest2 WHERE id BETWEEN 3668754 AND 3668853
	Aggregate  (cost=444.46..444.47 rows=1 width=8)
	  ->  Index Scan using sbtest2_pkey on sbtest2  (cost=0.43..444.18 rows=114 width=4)
	        Index Cond: ((id >= 3668754) AND (id <= 3668853))

table 3 : explain SELECT SUM(k) FROM sbtest3 WHERE id BETWEEN 9803895 AND 9803994
	Aggregate  (cost=387.97..387.98 rows=1 width=8)
	  ->  Index Scan using sbtest3_pkey on sbtest3  (cost=0.43..387.72 rows=99 width=4)
	        Index Cond: ((id >= 9803895) AND (id <= 9803994))

table 4 : explain SELECT SUM(k) FROM sbtest4 WHERE id BETWEEN 403918 AND 404017
	Aggregate  (cost=378.71..378.72 rows=1 width=8)
	  ->  Index Scan using sbtest4_pkey on sbtest4  (cost=0.43..378.47 rows=97 width=4)
	        Index Cond: ((id >= 403918) AND (id <= 404017))

table 5 : explain SELECT SUM(k) FROM sbtest5 WHERE id BETWEEN 28768 AND 28867
	Aggregate  (cost=351.23..351.24 rows=1 width=8)
	  ->  Index Scan using sbtest5_pkey on sbtest5  (cost=0.43..351.01 rows=90 width=4)
	        Index Cond: ((id >= 28768) AND (id <= 28867))

table 6 : explain SELECT SUM(k) FROM sbtest6 WHERE id BETWEEN 6706514 AND 6706613
	Aggregate  (cost=394.06..394.07 rows=1 width=8)
	  ->  Index Scan using sbtest6_pkey on sbtest6  (cost=0.43..393.80 rows=101 width=4)
	        Index Cond: ((id >= 6706514) AND (id <= 6706613))

table 7 : explain SELECT SUM(k) FROM sbtest7 WHERE id BETWEEN 9684795 AND 9684894
	Aggregate  (cost=412.02..412.03 rows=1 width=8)
	  ->  Index Scan using sbtest7_pkey on sbtest7  (cost=0.43..411.76 rows=106 width=4)
	        Index Cond: ((id >= 9684795) AND (id <= 9684894))

table 8 : explain SELECT SUM(k) FROM sbtest8 WHERE id BETWEEN 7360378 AND 7360477
	Aggregate  (cost=416.25..416.26 rows=1 width=8)
	  ->  Index Scan using sbtest8_pkey on sbtest8  (cost=0.43..415.99 rows=107 width=4)
	        Index Cond: ((id >= 7360378) AND (id <= 7360477))

for: sum_ranges
table 1 : explain SELECT SUM(k) FROM sbtest1 WHERE id BETWEEN 9578961 AND 9579060
	Aggregate  (cost=387.43..387.44 rows=1 width=8)
	  ->  Index Scan using sbtest1_pkey on sbtest1  (cost=0.43..387.18 rows=99 width=4)
	        Index Cond: ((id >= 9578961) AND (id <= 9579060))

table 2 : explain SELECT SUM(k) FROM sbtest2 WHERE id BETWEEN 6990146 AND 6990245
	Aggregate  (cost=367.27..367.28 rows=1 width=8)
	  ->  Index Scan using sbtest2_pkey on sbtest2  (cost=0.43..367.04 rows=94 width=4)
	        Index Cond: ((id >= 6990146) AND (id <= 6990245))

table 3 : explain SELECT SUM(k) FROM sbtest3 WHERE id BETWEEN 5388804 AND 5388903
	Aggregate  (cost=418.98..418.99 rows=1 width=8)
	  ->  Index Scan using sbtest3_pkey on sbtest3  (cost=0.43..418.72 rows=107 width=4)
	        Index Cond: ((id >= 5388804) AND (id <= 5388903))

table 4 : explain SELECT SUM(k) FROM sbtest4 WHERE id BETWEEN 7246994 AND 7247093
	Aggregate  (cost=382.57..382.58 rows=1 width=8)
	  ->  Index Scan using sbtest4_pkey on sbtest4  (cost=0.43..382.32 rows=98 width=4)
	        Index Cond: ((id >= 7246994) AND (id <= 7247093))

table 5 : explain SELECT SUM(k) FROM sbtest5 WHERE id BETWEEN 309402 AND 309501
	Aggregate  (cost=385.88..385.89 rows=1 width=8)
	  ->  Index Scan using sbtest5_pkey on sbtest5  (cost=0.43..385.64 rows=99 width=4)
	        Index Cond: ((id >= 309402) AND (id <= 309501))

table 6 : explain SELECT SUM(k) FROM sbtest6 WHERE id BETWEEN 721689 AND 721788
	Aggregate  (cost=382.45..382.46 rows=1 width=8)
	  ->  Index Scan using sbtest6_pkey on sbtest6  (cost=0.43..382.21 rows=98 width=4)
	        Index Cond: ((id >= 721689) AND (id <= 721788))

table 7 : explain SELECT SUM(k) FROM sbtest7 WHERE id BETWEEN 7565067 AND 7565166
	Aggregate  (cost=362.03..362.04 rows=1 width=8)
	  ->  Index Scan using sbtest7_pkey on sbtest7  (cost=0.43..361.80 rows=93 width=4)
	        Index Cond: ((id >= 7565067) AND (id <= 7565166))

table 8 : explain SELECT SUM(k) FROM sbtest8 WHERE id BETWEEN 5809369 AND 5809468
	Aggregate  (cost=393.18..393.19 rows=1 width=8)
	  ->  Index Scan using sbtest8_pkey on sbtest8  (cost=0.43..392.93 rows=101 width=4)
	        Index Cond: ((id >= 5809369) AND (id <= 5809468))

explain: for point_selects :: explain SELECT c FROM sbtest%u WHERE id=%u
for: sum_ranges
table 1 : explain SELECT SUM(k) FROM sbtest1 WHERE id BETWEEN 3221193 AND 3221292
	Aggregate  (cost=414.54..414.55 rows=1 width=8)
	  ->  Index Scan using sbtest1_pkey on sbtest1  (cost=0.43..414.27 rows=106 width=4)
	        Index Cond: ((id >= 3221193) AND (id <= 3221292))

table 2 : explain SELECT SUM(k) FROM sbtest2 WHERE id BETWEEN 3467341 AND 3467440
	Aggregate  (cost=386.56..386.57 rows=1 width=8)
	  ->  Index Scan using sbtest2_pkey on sbtest2  (cost=0.43..386.31 rows=99 width=4)
	        Index Cond: ((id >= 3467341) AND (id <= 3467440))

table 3 : explain SELECT SUM(k) FROM sbtest3 WHERE id BETWEEN 9678787 AND 9678886
	Aggregate  (cost=395.72..395.73 rows=1 width=8)
	  ->  Index Scan using sbtest3_pkey on sbtest3  (cost=0.43..395.46 rows=101 width=4)
	        Index Cond: ((id >= 9678787) AND (id <= 9678886))

table 4 : explain SELECT SUM(k) FROM sbtest4 WHERE id BETWEEN 1020908 AND 1021007
	Aggregate  (cost=378.71..378.72 rows=1 width=8)
	  ->  Index Scan using sbtest4_pkey on sbtest4  (cost=0.43..378.47 rows=97 width=4)
	        Index Cond: ((id >= 1020908) AND (id <= 1021007))

table 5 : explain SELECT SUM(k) FROM sbtest5 WHERE id BETWEEN 7997404 AND 7997503
	Aggregate  (cost=385.88..385.89 rows=1 width=8)
	  ->  Index Scan using sbtest5_pkey on sbtest5  (cost=0.43..385.64 rows=99 width=4)
	        Index Cond: ((id >= 7997404) AND (id <= 7997503))

table 6 : explain SELECT SUM(k) FROM sbtest6 WHERE id BETWEEN 549960 AND 550059
	Aggregate  (cost=405.62..405.63 rows=1 width=8)
	  ->  Index Scan using sbtest6_pkey on sbtest6  (cost=0.43..405.36 rows=104 width=4)
	        Index Cond: ((id >= 549960) AND (id <= 550059))

table 7 : explain SELECT SUM(k) FROM sbtest7 WHERE id BETWEEN 82940 AND 83039
	Aggregate  (cost=377.40..377.41 rows=1 width=8)
	  ->  Index Scan using sbtest7_pkey on sbtest7  (cost=0.43..377.16 rows=97 width=4)
	        Index Cond: ((id >= 82940) AND (id <= 83039))

table 8 : explain SELECT SUM(k) FROM sbtest8 WHERE id BETWEEN 3932521 AND 3932620
	Aggregate  (cost=404.72..404.73 rows=1 width=8)
	  ->  Index Scan using sbtest8_pkey on sbtest8  (cost=0.43..404.46 rows=104 width=4)
	        Index Cond: ((id >= 3932521) AND (id <= 3932620))

for: sum_ranges
table 1 : explain SELECT SUM(k) FROM sbtest1 WHERE id BETWEEN 85156 AND 85255
	Aggregate  (cost=375.83..375.84 rows=1 width=8)
	  ->  Index Scan using sbtest1_pkey on sbtest1  (cost=0.43..375.59 rows=96 width=4)
	        Index Cond: ((id >= 85156) AND (id <= 85255))

table 2 : explain SELECT SUM(k) FROM sbtest2 WHERE id BETWEEN 5203789 AND 5203888
	Aggregate  (cost=386.56..386.57 rows=1 width=8)
	  ->  Index Scan using sbtest2_pkey on sbtest2  (cost=0.43..386.31 rows=99 width=4)
	        Index Cond: ((id >= 5203789) AND (id <= 5203888))

table 3 : explain SELECT SUM(k) FROM sbtest3 WHERE id BETWEEN 1147999 AND 1148098
	Aggregate  (cost=391.84..391.85 rows=1 width=8)
	  ->  Index Scan using sbtest3_pkey on sbtest3  (cost=0.43..391.59 rows=100 width=4)
	        Index Cond: ((id >= 1147999) AND (id <= 1148098))

table 4 : explain SELECT SUM(k) FROM sbtest4 WHERE id BETWEEN 8013289 AND 8013388
	Aggregate  (cost=371.00..371.01 rows=1 width=8)
	  ->  Index Scan using sbtest4_pkey on sbtest4  (cost=0.43..370.76 rows=95 width=4)
	        Index Cond: ((id >= 8013289) AND (id <= 8013388))

table 5 : explain SELECT SUM(k) FROM sbtest5 WHERE id BETWEEN 6285750 AND 6285849
	Aggregate  (cost=397.48..397.49 rows=1 width=8)
	  ->  Index Scan using sbtest5_pkey on sbtest5  (cost=0.43..397.22 rows=102 width=4)
	        Index Cond: ((id >= 6285750) AND (id <= 6285849))

table 6 : explain SELECT SUM(k) FROM sbtest6 WHERE id BETWEEN 8185880 AND 8185979
	Aggregate  (cost=397.91..397.92 rows=1 width=8)
	  ->  Index Scan using sbtest6_pkey on sbtest6  (cost=0.43..397.66 rows=102 width=4)
	        Index Cond: ((id >= 8185880) AND (id <= 8185979))

table 7 : explain SELECT SUM(k) FROM sbtest7 WHERE id BETWEEN 2071967 AND 2072066
	Aggregate  (cost=377.40..377.41 rows=1 width=8)
	  ->  Index Scan using sbtest7_pkey on sbtest7  (cost=0.43..377.16 rows=97 width=4)
	        Index Cond: ((id >= 2071967) AND (id <= 2072066))

table 8 : explain SELECT SUM(k) FROM sbtest8 WHERE id BETWEEN 1263188 AND 1263287
	Aggregate  (cost=412.41..412.42 rows=1 width=8)
	  ->  Index Scan using sbtest8_pkey on sbtest8  (cost=0.43..412.14 rows=106 width=4)
	        Index Cond: ((id >= 1263188) AND (id <= 1263287))

for point_selects
table 1 : explain SELECT c FROM sbtest1 WHERE id=9306045
	Index Scan using sbtest1_pkey on sbtest1  (cost=0.43..8.45 rows=1 width=121)
	  Index Cond: (id = 9306045)

table 2 : explain SELECT c FROM sbtest2 WHERE id=466418
	Index Scan using sbtest2_pkey on sbtest2  (cost=0.43..8.45 rows=1 width=121)
	  Index Cond: (id = 466418)

table 3 : explain SELECT c FROM sbtest3 WHERE id=3360510
	Index Scan using sbtest3_pkey on sbtest3  (cost=0.43..8.45 rows=1 width=121)
	  Index Cond: (id = 3360510)

table 4 : explain SELECT c FROM sbtest4 WHERE id=6801066
	Index Scan using sbtest4_pkey on sbtest4  (cost=0.43..8.45 rows=1 width=121)
	  Index Cond: (id = 6801066)

table 5 : explain SELECT c FROM sbtest5 WHERE id=3938075
	Index Scan using sbtest5_pkey on sbtest5  (cost=0.43..8.45 rows=1 width=121)
	  Index Cond: (id = 3938075)

table 6 : explain SELECT c FROM sbtest6 WHERE id=1802538
	Index Scan using sbtest6_pkey on sbtest6  (cost=0.43..8.45 rows=1 width=121)
	  Index Cond: (id = 1802538)

table 7 : explain SELECT c FROM sbtest7 WHERE id=8821309
	Index Scan using sbtest7_pkey on sbtest7  (cost=0.43..8.45 rows=1 width=121)
	  Index Cond: (id = 8821309)

table 8 : explain SELECT c FROM sbtest8 WHERE id=4370109
	Index Scan using sbtest8_pkey on sbtest8  (cost=0.43..8.45 rows=1 width=121)
	  Index Cond: (id = 4370109)

for: simple_ranges
table 1 : explain SELECT c FROM sbtest1 WHERE id BETWEEN 1779260 AND 1779359
	Index Scan using sbtest1_pkey on sbtest1  (cost=0.43..379.46 rows=97 width=121)
	  Index Cond: ((id >= 1779260) AND (id <= 1779359))

table 2 : explain SELECT c FROM sbtest2 WHERE id BETWEEN 1952836 AND 1952935
	Index Scan using sbtest2_pkey on sbtest2  (cost=0.43..421.05 rows=108 width=121)
	  Index Cond: ((id >= 1952836) AND (id <= 1952935))

table 3 : explain SELECT c FROM sbtest3 WHERE id BETWEEN 3856370 AND 3856469
	Index Scan using sbtest3_pkey on sbtest3  (cost=0.43..407.11 rows=104 width=121)
	  Index Cond: ((id >= 3856370) AND (id <= 3856469))

table 4 : explain SELECT c FROM sbtest4 WHERE id BETWEEN 6293849 AND 6293948
	Index Scan using sbtest4_pkey on sbtest4  (cost=0.43..401.63 rows=103 width=121)
	  Index Cond: ((id >= 6293849) AND (id <= 6293948))

table 5 : explain SELECT c FROM sbtest5 WHERE id BETWEEN 8140661 AND 8140760
	Index Scan using sbtest5_pkey on sbtest5  (cost=0.43..377.94 rows=97 width=121)
	  Index Cond: ((id >= 8140661) AND (id <= 8140760))

table 6 : explain SELECT c FROM sbtest6 WHERE id BETWEEN 6427983 AND 6428082
	Index Scan using sbtest6_pkey on sbtest6  (cost=0.43..389.95 rows=100 width=121)
	  Index Cond: ((id >= 6427983) AND (id <= 6428082))

table 7 : explain SELECT c FROM sbtest7 WHERE id BETWEEN 6867200 AND 6867299
	Index Scan using sbtest7_pkey on sbtest7  (cost=0.43..400.24 rows=103 width=121)
	  Index Cond: ((id >= 6867200) AND (id <= 6867299))

table 8 : explain SELECT c FROM sbtest8 WHERE id BETWEEN 6406946 AND 6407045
	Index Scan using sbtest8_pkey on sbtest8  (cost=0.43..454.42 rows=117 width=121)
	  Index Cond: ((id >= 6406946) AND (id <= 6407045))

for: sum_ranges
table 1 : explain SELECT SUM(k) FROM sbtest1 WHERE id BETWEEN 2515644 AND 2515743
	Aggregate  (cost=375.83..375.84 rows=1 width=8)
	  ->  Index Scan using sbtest1_pkey on sbtest1  (cost=0.43..375.59 rows=96 width=4)
	        Index Cond: ((id >= 2515644) AND (id <= 2515743))

table 2 : explain SELECT SUM(k) FROM sbtest2 WHERE id BETWEEN 8228162 AND 8228261
	Aggregate  (cost=378.85..378.86 rows=1 width=8)
	  ->  Index Scan using sbtest2_pkey on sbtest2  (cost=0.43..378.60 rows=97 width=4)
	        Index Cond: ((id >= 8228162) AND (id <= 8228261))

table 3 : explain SELECT SUM(k) FROM sbtest3 WHERE id BETWEEN 4012279 AND 4012378
	Aggregate  (cost=372.48..372.49 rows=1 width=8)
	  ->  Index Scan using sbtest3_pkey on sbtest3  (cost=0.43..372.25 rows=95 width=4)
	        Index Cond: ((id >= 4012279) AND (id <= 4012378))

table 4 : explain SELECT SUM(k) FROM sbtest4 WHERE id BETWEEN 5388556 AND 5388655
	Aggregate  (cost=378.71..378.72 rows=1 width=8)
	  ->  Index Scan using sbtest4_pkey on sbtest4  (cost=0.43..378.47 rows=97 width=4)
	        Index Cond: ((id >= 5388556) AND (id <= 5388655))

table 5 : explain SELECT SUM(k) FROM sbtest5 WHERE id BETWEEN 4603529 AND 4603628
	Aggregate  (cost=374.33..374.34 rows=1 width=8)
	  ->  Index Scan using sbtest5_pkey on sbtest5  (cost=0.43..374.09 rows=96 width=4)
	        Index Cond: ((id >= 4603529) AND (id <= 4603628))

table 6 : explain SELECT SUM(k) FROM sbtest6 WHERE id BETWEEN 7364200 AND 7364299
	Aggregate  (cost=367.03..367.04 rows=1 width=8)
	  ->  Index Scan using sbtest6_pkey on sbtest6  (cost=0.43..366.80 rows=94 width=4)
	        Index Cond: ((id >= 7364200) AND (id <= 7364299))

table 7 : explain SELECT SUM(k) FROM sbtest7 WHERE id BETWEEN 874757 AND 874856
	Aggregate  (cost=427.39..427.40 rows=1 width=8)
	  ->  Index Scan using sbtest7_pkey on sbtest7  (cost=0.43..427.12 rows=110 width=4)
	        Index Cond: ((id >= 874757) AND (id <= 874856))

table 8 : explain SELECT SUM(k) FROM sbtest8 WHERE id BETWEEN 6163338 AND 6163437
	Aggregate  (cost=366.21..366.22 rows=1 width=8)
	  ->  Index Scan using sbtest8_pkey on sbtest8  (cost=0.43..365.98 rows=94 width=4)
	        Index Cond: ((id >= 6163338) AND (id <= 6163437))

for point_selects
table 1 : explain SELECT c FROM sbtest1 WHERE id=8296535
	Index Scan using sbtest1_pkey on sbtest1  (cost=0.43..8.45 rows=1 width=121)
	  Index Cond: (id = 8296535)

table 2 : explain SELECT c FROM sbtest2 WHERE id=2004840
	Index Scan using sbtest2_pkey on sbtest2  (cost=0.43..8.45 rows=1 width=121)
	  Index Cond: (id = 2004840)

table 3 : explain SELECT c FROM sbtest3 WHERE id=4818649
	Index Scan using sbtest3_pkey on sbtest3  (cost=0.43..8.45 rows=1 width=121)
	  Index Cond: (id = 4818649)

table 4 : explain SELECT c FROM sbtest4 WHERE id=6283974
	Index Scan using sbtest4_pkey on sbtest4  (cost=0.43..8.45 rows=1 width=121)
	  Index Cond: (id = 6283974)

table 5 : explain SELECT c FROM sbtest5 WHERE id=6781881
	Index Scan using sbtest5_pkey on sbtest5  (cost=0.43..8.45 rows=1 width=121)
	  Index Cond: (id = 6781881)

table 6 : explain SELECT c FROM sbtest6 WHERE id=5513570
	Index Scan using sbtest6_pkey on sbtest6  (cost=0.43..8.45 rows=1 width=121)
	  Index Cond: (id = 5513570)

table 7 : explain SELECT c FROM sbtest7 WHERE id=9103471
	Index Scan using sbtest7_pkey on sbtest7  (cost=0.43..8.45 rows=1 width=121)
	  Index Cond: (id = 9103471)

table 8 : explain SELECT c FROM sbtest8 WHERE id=4971903
	Index Scan using sbtest8_pkey on sbtest8  (cost=0.43..8.45 rows=1 width=121)
	  Index Cond: (id = 4971903)

for: sum_ranges
table 1 : explain SELECT SUM(k) FROM sbtest1 WHERE id BETWEEN 490148 AND 490247
	Aggregate  (cost=387.43..387.44 rows=1 width=8)
	  ->  Index Scan using sbtest1_pkey on sbtest1  (cost=0.43..387.18 rows=99 width=4)
	        Index Cond: ((id >= 490148) AND (id <= 490247))

table 2 : explain SELECT SUM(k) FROM sbtest2 WHERE id BETWEEN 904797 AND 904896
	Aggregate  (cost=378.85..378.86 rows=1 width=8)
	  ->  Index Scan using sbtest2_pkey on sbtest2  (cost=0.43..378.60 rows=97 width=4)
	        Index Cond: ((id >= 904797) AND (id <= 904896))

table 3 : explain SELECT SUM(k) FROM sbtest3 WHERE id BETWEEN 2578588 AND 2578687
	Aggregate  (cost=438.34..438.35 rows=1 width=8)
	  ->  Index Scan using sbtest3_pkey on sbtest3  (cost=0.43..438.06 rows=112 width=4)
	        Index Cond: ((id >= 2578588) AND (id <= 2578687))

table 4 : explain SELECT SUM(k) FROM sbtest4 WHERE id BETWEEN 4003073 AND 4003172
	Aggregate  (cost=417.31..417.32 rows=1 width=8)
	  ->  Index Scan using sbtest4_pkey on sbtest4  (cost=0.43..417.05 rows=107 width=4)
	        Index Cond: ((id >= 4003073) AND (id <= 4003172))

table 5 : explain SELECT SUM(k) FROM sbtest5 WHERE id BETWEEN 9462576 AND 9462675
	Aggregate  (cost=374.33..374.34 rows=1 width=8)
	  ->  Index Scan using sbtest5_pkey on sbtest5  (cost=0.43..374.09 rows=96 width=4)
	        Index Cond: ((id >= 9462576) AND (id <= 9462675))

table 6 : explain SELECT SUM(k) FROM sbtest6 WHERE id BETWEEN 3325756 AND 3325855
	Aggregate  (cost=363.18..363.19 rows=1 width=8)
	  ->  Index Scan using sbtest6_pkey on sbtest6  (cost=0.43..362.94 rows=93 width=4)
	        Index Cond: ((id >= 3325756) AND (id <= 3325855))

table 7 : explain SELECT SUM(k) FROM sbtest7 WHERE id BETWEEN 4392620 AND 4392719
	Aggregate  (cost=369.71..369.72 rows=1 width=8)
	  ->  Index Scan using sbtest7_pkey on sbtest7  (cost=0.43..369.48 rows=95 width=4)
	        Index Cond: ((id >= 4392620) AND (id <= 4392719))

table 8 : explain SELECT SUM(k) FROM sbtest8 WHERE id BETWEEN 1303265 AND 1303364
	Aggregate  (cost=412.41..412.42 rows=1 width=8)
	  ->  Index Scan using sbtest8_pkey on sbtest8  (cost=0.43..412.14 rows=106 width=4)
	        Index Cond: ((id >= 1303265) AND (id <= 1303364))

for: simple_ranges
table 1 : explain SELECT c FROM sbtest1 WHERE id BETWEEN 8494455 AND 8494554
	Index Scan using sbtest1_pkey on sbtest1  (cost=0.43..398.82 rows=102 width=121)
	  Index Cond: ((id >= 8494455) AND (id <= 8494554))

table 2 : explain SELECT c FROM sbtest2 WHERE id BETWEEN 5106195 AND 5106294
	Index Scan using sbtest2_pkey on sbtest2  (cost=0.43..367.04 rows=94 width=121)
	  Index Cond: ((id >= 5106195) AND (id <= 5106294))

table 3 : explain SELECT c FROM sbtest3 WHERE id BETWEEN 5550653 AND 5550752
	Index Scan using sbtest3_pkey on sbtest3  (cost=0.43..379.99 rows=97 width=121)
	  Index Cond: ((id >= 5550653) AND (id <= 5550752))

table 4 : explain SELECT c FROM sbtest4 WHERE id BETWEEN 7144505 AND 7144604
	Index Scan using sbtest4_pkey on sbtest4  (cost=0.43..401.63 rows=103 width=121)
	  Index Cond: ((id >= 7144505) AND (id <= 7144604))

table 5 : explain SELECT c FROM sbtest5 WHERE id BETWEEN 1546926 AND 1547025
	Index Scan using sbtest5_pkey on sbtest5  (cost=0.43..377.94 rows=97 width=121)
	  Index Cond: ((id >= 1546926) AND (id <= 1547025))

table 6 : explain SELECT c FROM sbtest6 WHERE id BETWEEN 9520061 AND 9520160
	Index Scan using sbtest6_pkey on sbtest6  (cost=0.43..393.80 rows=101 width=121)
	  Index Cond: ((id >= 9520061) AND (id <= 9520160))

table 7 : explain SELECT c FROM sbtest7 WHERE id BETWEEN 7643529 AND 7643628
	Index Scan using sbtest7_pkey on sbtest7  (cost=0.43..361.80 rows=93 width=121)
	  Index Cond: ((id >= 7643529) AND (id <= 7643628))

table 8 : explain SELECT c FROM sbtest8 WHERE id BETWEEN 6295725 AND 6295824
	Index Scan using sbtest8_pkey on sbtest8  (cost=0.43..419.83 rows=108 width=121)
	  Index Cond: ((id >= 6295725) AND (id <= 6295824))

for: order_ranges
table 1 : explain SELECT c FROM sbtest1 WHERE id BETWEEN 7353948 AND 7354047 ORDER BY c
	Sort  (cost=382.66..382.90 rows=97 width=121)
	  Sort Key: c
	  ->  Index Scan using sbtest1_pkey on sbtest1  (cost=0.43..379.46 rows=97 width=121)
	        Index Cond: ((id >= 7353948) AND (id <= 7354047))

table 2 : explain SELECT c FROM sbtest2 WHERE id BETWEEN 9292657 AND 9292756 ORDER BY c
	Sort  (cost=377.91..378.15 rows=96 width=121)
	  Sort Key: c
	  ->  Index Scan using sbtest2_pkey on sbtest2  (cost=0.43..374.75 rows=96 width=121)
	        Index Cond: ((id >= 9292657) AND (id <= 9292756))

table 3 : explain SELECT c FROM sbtest3 WHERE id BETWEEN 743641 AND 743740 ORDER BY c
	Sort  (cost=398.86..399.12 rows=101 width=121)
	  Sort Key: c
	  ->  Index Scan using sbtest3_pkey on sbtest3  (cost=0.43..395.50 rows=101 width=121)
	        Index Cond: ((id >= 743641) AND (id <= 743740))

table 4 : explain SELECT c FROM sbtest4 WHERE id BETWEEN 5177466 AND 5177565 ORDER BY c
	Sort  (cost=354.42..354.64 rows=90 width=121)
	  Sort Key: c
	  ->  Index Scan using sbtest4_pkey on sbtest4  (cost=0.43..351.50 rows=90 width=121)
	        Index Cond: ((id >= 5177466) AND (id <= 5177565))

table 5 : explain SELECT c FROM sbtest5 WHERE id BETWEEN 4535850 AND 4535949 ORDER BY c
	Sort  (cost=377.25..377.49 rows=96 width=121)
	  Sort Key: c
	  ->  Index Scan using sbtest5_pkey on sbtest5  (cost=0.43..374.09 rows=96 width=121)
	        Index Cond: ((id >= 4535850) AND (id <= 4535949))

table 6 : explain SELECT c FROM sbtest6 WHERE id BETWEEN 1265519 AND 1265618 ORDER BY c
	Sort  (cost=412.74..413.00 rows=105 width=121)
	  Sort Key: c
	  ->  Index Scan using sbtest6_pkey on sbtest6  (cost=0.43..409.21 rows=105 width=121)
	        Index Cond: ((id >= 1265519) AND (id <= 1265618))

table 7 : explain SELECT c FROM sbtest7 WHERE id BETWEEN 7378389 AND 7378488 ORDER BY c
	Sort  (cost=438.61..438.89 rows=112 width=121)
	  Sort Key: c
	  ->  Index Scan using sbtest7_pkey on sbtest7  (cost=0.43..434.80 rows=112 width=121)
	        Index Cond: ((id >= 7378389) AND (id <= 7378488))

table 8 : explain SELECT c FROM sbtest8 WHERE id BETWEEN 350240 AND 350339 ORDER BY c
	Sort  (cost=357.41..357.64 rows=91 width=121)
	  Sort Key: c
	  ->  Index Scan using sbtest8_pkey on sbtest8  (cost=0.43..354.45 rows=91 width=121)
	        Index Cond: ((id >= 350240) AND (id <= 350339))

for: sum_ranges
table 1 : explain SELECT SUM(k) FROM sbtest1 WHERE id BETWEEN 1467281 AND 1467380
	Aggregate  (cost=383.57..383.58 rows=1 width=8)
	  ->  Index Scan using sbtest1_pkey on sbtest1  (cost=0.43..383.32 rows=98 width=4)
	        Index Cond: ((id >= 1467281) AND (id <= 1467380))

table 2 : explain SELECT SUM(k) FROM sbtest2 WHERE id BETWEEN 3195733 AND 3195832
	Aggregate  (cost=405.89..405.90 rows=1 width=8)
	  ->  Index Scan using sbtest2_pkey on sbtest2  (cost=0.43..405.63 rows=104 width=4)
	        Index Cond: ((id >= 3195733) AND (id <= 3195832))

table 3 : explain SELECT SUM(k) FROM sbtest3 WHERE id BETWEEN 471430 AND 471529
	Aggregate  (cost=407.37..407.38 rows=1 width=8)
	  ->  Index Scan using sbtest3_pkey on sbtest3  (cost=0.43..407.11 rows=104 width=4)
	        Index Cond: ((id >= 471430) AND (id <= 471529))

table 4 : explain SELECT SUM(k) FROM sbtest4 WHERE id BETWEEN 5397664 AND 5397763
	Aggregate  (cost=378.71..378.72 rows=1 width=8)
	  ->  Index Scan using sbtest4_pkey on sbtest4  (cost=0.43..378.47 rows=97 width=4)
	        Index Cond: ((id >= 5397664) AND (id <= 5397763))

table 5 : explain SELECT SUM(k) FROM sbtest5 WHERE id BETWEEN 8464353 AND 8464452
	Aggregate  (cost=389.74..389.75 rows=1 width=8)
	  ->  Index Scan using sbtest5_pkey on sbtest5  (cost=0.43..389.49 rows=100 width=4)
	        Index Cond: ((id >= 8464353) AND (id <= 8464452))

table 6 : explain SELECT SUM(k) FROM sbtest6 WHERE id BETWEEN 2707572 AND 2707671
	Aggregate  (cost=397.91..397.92 rows=1 width=8)
	  ->  Index Scan using sbtest6_pkey on sbtest6  (cost=0.43..397.66 rows=102 width=4)
	        Index Cond: ((id >= 2707572) AND (id <= 2707671))

table 7 : explain SELECT SUM(k) FROM sbtest7 WHERE id BETWEEN 3449800 AND 3449899
	Aggregate  (cost=385.08..385.09 rows=1 width=8)
	  ->  Index Scan using sbtest7_pkey on sbtest7  (cost=0.43..384.83 rows=99 width=4)
	        Index Cond: ((id >= 3449800) AND (id <= 3449899))

table 8 : explain SELECT SUM(k) FROM sbtest8 WHERE id BETWEEN 6270685 AND 6270784
	Aggregate  (cost=420.10..420.11 rows=1 width=8)
	  ->  Index Scan using sbtest8_pkey on sbtest8  (cost=0.43..419.83 rows=108 width=4)
	        Index Cond: ((id >= 6270685) AND (id <= 6270784))

for: simple_ranges
table 1 : explain SELECT c FROM sbtest1 WHERE id BETWEEN 5818223 AND 5818322
	Index Scan using sbtest1_pkey on sbtest1  (cost=0.43..402.68 rows=103 width=121)
	  Index Cond: ((id >= 5818223) AND (id <= 5818322))

table 2 : explain SELECT c FROM sbtest2 WHERE id BETWEEN 591025 AND 591124
	Index Scan using sbtest2_pkey on sbtest2  (cost=0.43..382.46 rows=98 width=121)
	  Index Cond: ((id >= 591025) AND (id <= 591124))

table 3 : explain SELECT c FROM sbtest3 WHERE id BETWEEN 8696522 AND 8696621
	Index Scan using sbtest3_pkey on sbtest3  (cost=0.43..441.93 rows=113 width=121)
	  Index Cond: ((id >= 8696522) AND (id <= 8696621))

table 4 : explain SELECT c FROM sbtest4 WHERE id BETWEEN 3894575 AND 3894674
	Index Scan using sbtest4_pkey on sbtest4  (cost=0.43..382.32 rows=98 width=121)
	  Index Cond: ((id >= 3894575) AND (id <= 3894674))

table 5 : explain SELECT c FROM sbtest5 WHERE id BETWEEN 7905438 AND 7905537
	Index Scan using sbtest5_pkey on sbtest5  (cost=0.43..412.62 rows=106 width=121)
	  Index Cond: ((id >= 7905438) AND (id <= 7905537))

table 6 : explain SELECT c FROM sbtest6 WHERE id BETWEEN 8977914 AND 8978013
	Index Scan using sbtest6_pkey on sbtest6  (cost=0.43..382.21 rows=98 width=121)
	  Index Cond: ((id >= 8977914) AND (id <= 8978013))

table 7 : explain SELECT c FROM sbtest7 WHERE id BETWEEN 3739738 AND 3739837
	Index Scan using sbtest7_pkey on sbtest7  (cost=0.43..396.40 rows=102 width=121)
	  Index Cond: ((id >= 3739738) AND (id <= 3739837))

table 8 : explain SELECT c FROM sbtest8 WHERE id BETWEEN 348051 AND 348150
	Index Scan using sbtest8_pkey on sbtest8  (cost=0.43..354.45 rows=91 width=121)
	  Index Cond: ((id >= 348051) AND (id <= 348150))

for point_selects
table 1 : explain SELECT c FROM sbtest1 WHERE id=5470458
	Index Scan using sbtest1_pkey on sbtest1  (cost=0.43..8.45 rows=1 width=121)
	  Index Cond: (id = 5470458)

table 2 : explain SELECT c FROM sbtest2 WHERE id=1775406
	Index Scan using sbtest2_pkey on sbtest2  (cost=0.43..8.45 rows=1 width=121)
	  Index Cond: (id = 1775406)

table 3 : explain SELECT c FROM sbtest3 WHERE id=4015141
	Index Scan using sbtest3_pkey on sbtest3  (cost=0.43..8.45 rows=1 width=121)
	  Index Cond: (id = 4015141)

table 4 : explain SELECT c FROM sbtest4 WHERE id=9995801
	Index Scan using sbtest4_pkey on sbtest4  (cost=0.43..8.45 rows=1 width=121)
	  Index Cond: (id = 9995801)

table 5 : explain SELECT c FROM sbtest5 WHERE id=5918693
	Index Scan using sbtest5_pkey on sbtest5  (cost=0.43..8.45 rows=1 width=121)
	  Index Cond: (id = 5918693)

table 6 : explain SELECT c FROM sbtest6 WHERE id=6895437
	Index Scan using sbtest6_pkey on sbtest6  (cost=0.43..8.45 rows=1 width=121)
	  Index Cond: (id = 6895437)

table 7 : explain SELECT c FROM sbtest7 WHERE id=3479565
	Index Scan using sbtest7_pkey on sbtest7  (cost=0.43..8.45 rows=1 width=121)
	  Index Cond: (id = 3479565)

table 8 : explain SELECT c FROM sbtest8 WHERE id=5229190
	Index Scan using sbtest8_pkey on sbtest8  (cost=0.43..8.45 rows=1 width=121)
	  Index Cond: (id = 5229190)

for: sum_ranges
table 1 : explain SELECT SUM(k) FROM sbtest1 WHERE id BETWEEN 2202942 AND 2203041
	Aggregate  (cost=426.13..426.14 rows=1 width=8)
	  ->  Index Scan using sbtest1_pkey on sbtest1  (cost=0.43..425.86 rows=109 width=4)
	        Index Cond: ((id >= 2202942) AND (id <= 2203041))

table 2 : explain SELECT SUM(k) FROM sbtest2 WHERE id BETWEEN 1463107 AND 1463206
	Aggregate  (cost=402.03..402.04 rows=1 width=8)
	  ->  Index Scan using sbtest2_pkey on sbtest2  (cost=0.43..401.77 rows=103 width=4)
	        Index Cond: ((id >= 1463107) AND (id <= 1463206))

table 3 : explain SELECT SUM(k) FROM sbtest3 WHERE id BETWEEN 2712384 AND 2712483
	Aggregate  (cost=395.75..395.76 rows=1 width=8)
	  ->  Index Scan using sbtest3_pkey on sbtest3  (cost=0.43..395.50 rows=101 width=4)
	        Index Cond: ((id >= 2712384) AND (id <= 2712483))

table 4 : explain SELECT SUM(k) FROM sbtest4 WHERE id BETWEEN 8269517 AND 8269616
	Aggregate  (cost=355.58..355.59 rows=1 width=8)
	  ->  Index Scan using sbtest4_pkey on sbtest4  (cost=0.43..355.35 rows=91 width=4)
	        Index Cond: ((id >= 8269517) AND (id <= 8269616))

table 5 : explain SELECT SUM(k) FROM sbtest5 WHERE id BETWEEN 4637932 AND 4638031
	Aggregate  (cost=374.33..374.34 rows=1 width=8)
	  ->  Index Scan using sbtest5_pkey on sbtest5  (cost=0.43..374.09 rows=96 width=4)
	        Index Cond: ((id >= 4637932) AND (id <= 4638031))

table 6 : explain SELECT SUM(k) FROM sbtest6 WHERE id BETWEEN 2749158 AND 2749257
	Aggregate  (cost=324.63..324.64 rows=1 width=8)
	  ->  Index Scan using sbtest6_pkey on sbtest6  (cost=0.43..324.42 rows=83 width=4)
	        Index Cond: ((id >= 2749158) AND (id <= 2749257))

table 7 : explain SELECT SUM(k) FROM sbtest7 WHERE id BETWEEN 476675 AND 476774
	Aggregate  (cost=423.55..423.56 rows=1 width=8)
	  ->  Index Scan using sbtest7_pkey on sbtest7  (cost=0.43..423.28 rows=109 width=4)
	        Index Cond: ((id >= 476675) AND (id <= 476774))

table 8 : explain SELECT SUM(k) FROM sbtest8 WHERE id BETWEEN 9472692 AND 9472791
	Aggregate  (cost=373.91..373.92 rows=1 width=8)
	  ->  Index Scan using sbtest8_pkey on sbtest8  (cost=0.43..373.67 rows=96 width=4)
	        Index Cond: ((id >= 9472692) AND (id <= 9472791))

for: order_ranges
table 1 : explain SELECT c FROM sbtest1 WHERE id BETWEEN 6818900 AND 6818999 ORDER BY c
	Sort  (cost=394.37..394.62 rows=100 width=121)
	  Sort Key: c
	  ->  Index Scan using sbtest1_pkey on sbtest1  (cost=0.43..391.05 rows=100 width=121)
	        Index Cond: ((id >= 6818900) AND (id <= 6818999))

table 2 : explain SELECT c FROM sbtest2 WHERE id BETWEEN 171710 AND 171809 ORDER BY c
	Sort  (cost=362.33..362.56 rows=92 width=121)
	  Sort Key: c
	  ->  Index Scan using sbtest2_pkey on sbtest2  (cost=0.43..359.33 rows=92 width=121)
	        Index Cond: ((id >= 171710) AND (id <= 171809))

table 3 : explain SELECT c FROM sbtest3 WHERE id BETWEEN 7035522 AND 7035621 ORDER BY c
	Sort  (cost=383.19..383.43 rows=97 width=121)
	  Sort Key: c
	  ->  Index Scan using sbtest3_pkey on sbtest3  (cost=0.43..379.99 rows=97 width=121)
	        Index Cond: ((id >= 7035522) AND (id <= 7035621))

table 4 : explain SELECT c FROM sbtest4 WHERE id BETWEEN 6394441 AND 6394540 ORDER BY c
	Sort  (cost=412.86..413.13 rows=105 width=121)
	  Sort Key: c
	  ->  Index Scan using sbtest4_pkey on sbtest4  (cost=0.43..409.34 rows=105 width=121)
	        Index Cond: ((id >= 6394441) AND (id <= 6394540))

table 5 : explain SELECT c FROM sbtest5 WHERE id BETWEEN 4776071 AND 4776170 ORDER BY c
	Sort  (cost=377.25..377.49 rows=96 width=121)
	  Sort Key: c
	  ->  Index Scan using sbtest5_pkey on sbtest5  (cost=0.43..374.09 rows=96 width=121)
	        Index Cond: ((id >= 4776071) AND (id <= 4776170))

table 6 : explain SELECT c FROM sbtest6 WHERE id BETWEEN 6592581 AND 6592680 ORDER BY c
	Sort  (cost=420.52..420.79 rows=107 width=121)
	  Sort Key: c
	  ->  Index Scan using sbtest6_pkey on sbtest6  (cost=0.43..416.92 rows=107 width=121)
	        Index Cond: ((id >= 6592581) AND (id <= 6592680))

table 7 : explain SELECT c FROM sbtest7 WHERE id BETWEEN 8357903 AND 8358002 ORDER BY c
	Sort  (cost=411.44..411.71 rows=105 width=121)
	  Sort Key: c
	  ->  Index Scan using sbtest7_pkey on sbtest7  (cost=0.43..407.92 rows=105 width=121)
	        Index Cond: ((id >= 8357903) AND (id <= 8358002))

table 8 : explain SELECT c FROM sbtest8 WHERE id BETWEEN 6377905 AND 6378004 ORDER BY c
	Sort  (cost=458.44..458.73 rows=117 width=121)
	  Sort Key: c
	  ->  Index Scan using sbtest8_pkey on sbtest8  (cost=0.43..454.42 rows=117 width=121)
	        Index Cond: ((id >= 6377905) AND (id <= 6378004))

for: order_ranges
table 1 : explain SELECT c FROM sbtest1 WHERE id BETWEEN 1797403 AND 1797502 ORDER BY c
	Sort  (cost=382.66..382.90 rows=97 width=121)
	  Sort Key: c
	  ->  Index Scan using sbtest1_pkey on sbtest1  (cost=0.43..379.46 rows=97 width=121)
	        Index Cond: ((id >= 1797403) AND (id <= 1797502))

table 2 : explain SELECT c FROM sbtest2 WHERE id BETWEEN 4849030 AND 4849129 ORDER BY c
	Sort  (cost=381.80..382.05 rows=97 width=121)
	  Sort Key: c
	  ->  Index Scan using sbtest2_pkey on sbtest2  (cost=0.43..378.60 rows=97 width=121)
	        Index Cond: ((id >= 4849030) AND (id <= 4849129))

table 3 : explain SELECT c FROM sbtest3 WHERE id BETWEEN 8026538 AND 8026637 ORDER BY c
	Sort  (cost=410.59..410.85 rows=104 width=121)
	  Sort Key: c
	  ->  Index Scan using sbtest3_pkey on sbtest3  (cost=0.43..407.11 rows=104 width=121)
	        Index Cond: ((id >= 8026538) AND (id <= 8026637))

table 4 : explain SELECT c FROM sbtest4 WHERE id BETWEEN 8944204 AND 8944303 ORDER BY c
	Sort  (cost=358.31..358.54 rows=91 width=121)
	  Sort Key: c
	  ->  Index Scan using sbtest4_pkey on sbtest4  (cost=0.43..355.35 rows=91 width=121)
	        Index Cond: ((id >= 8944204) AND (id <= 8944303))

table 5 : explain SELECT c FROM sbtest5 WHERE id BETWEEN 3020002 AND 3020101 ORDER BY c
	Sort  (cost=408.40..408.66 rows=104 width=121)
	  Sort Key: c
	  ->  Index Scan using sbtest5_pkey on sbtest5  (cost=0.43..404.92 rows=104 width=121)
	        Index Cond: ((id >= 3020002) AND (id <= 3020101))

table 6 : explain SELECT c FROM sbtest6 WHERE id BETWEEN 4454742 AND 4454841 ORDER BY c
	Sort  (cost=377.66..377.90 rows=96 width=121)
	  Sort Key: c
	  ->  Index Scan using sbtest6_pkey on sbtest6  (cost=0.43..374.50 rows=96 width=121)
	        Index Cond: ((id >= 4454742) AND (id <= 4454841))

table 7 : explain SELECT c FROM sbtest7 WHERE id BETWEEN 2522519 AND 2522618 ORDER BY c
	Sort  (cost=419.20..419.47 rows=107 width=121)
	  Sort Key: c
	  ->  Index Scan using sbtest7_pkey on sbtest7  (cost=0.43..415.60 rows=107 width=121)
	        Index Cond: ((id >= 2522519) AND (id <= 2522618))

table 8 : explain SELECT c FROM sbtest8 WHERE id BETWEEN 5332693 AND 5332792 ORDER BY c
	Sort  (cost=392.41..392.66 rows=100 width=121)
	  Sort Key: c
	  ->  Index Scan using sbtest8_pkey on sbtest8  (cost=0.43..389.08 rows=100 width=121)
	        Index Cond: ((id >= 5332693) AND (id <= 5332792))

for: sum_ranges
table 1 : explain SELECT SUM(k) FROM sbtest1 WHERE id BETWEEN 5008141 AND 5008240
	Aggregate  (cost=348.77..348.78 rows=1 width=8)
	  ->  Index Scan using sbtest1_pkey on sbtest1  (cost=0.43..348.55 rows=89 width=4)
	        Index Cond: ((id >= 5008141) AND (id <= 5008240))

table 2 : explain SELECT SUM(k) FROM sbtest2 WHERE id BETWEEN 5536784 AND 5536883
	Aggregate  (cost=378.85..378.86 rows=1 width=8)
	  ->  Index Scan using sbtest2_pkey on sbtest2  (cost=0.43..378.60 rows=97 width=4)
	        Index Cond: ((id >= 5536784) AND (id <= 5536883))

table 3 : explain SELECT SUM(k) FROM sbtest3 WHERE id BETWEEN 2356237 AND 2356336
	Aggregate  (cost=415.11..415.12 rows=1 width=8)
	  ->  Index Scan using sbtest3_pkey on sbtest3  (cost=0.43..414.85 rows=106 width=4)
	        Index Cond: ((id >= 2356237) AND (id <= 2356336))

table 4 : explain SELECT SUM(k) FROM sbtest4 WHERE id BETWEEN 2689235 AND 2689334
	Aggregate  (cost=405.75..405.76 rows=1 width=8)
	  ->  Index Scan using sbtest4_pkey on sbtest4  (cost=0.43..405.49 rows=104 width=4)
	        Index Cond: ((id >= 2689235) AND (id <= 2689334))

table 5 : explain SELECT SUM(k) FROM sbtest5 WHERE id BETWEEN 2383003 AND 2383102
	Aggregate  (cost=409.03..409.04 rows=1 width=8)
	  ->  Index Scan using sbtest5_pkey on sbtest5  (cost=0.43..408.77 rows=105 width=4)
	        Index Cond: ((id >= 2383003) AND (id <= 2383102))

table 6 : explain SELECT SUM(k) FROM sbtest6 WHERE id BETWEEN 5981563 AND 5981662
	Aggregate  (cost=378.60..378.61 rows=1 width=8)
	  ->  Index Scan using sbtest6_pkey on sbtest6  (cost=0.43..378.35 rows=97 width=4)
	        Index Cond: ((id >= 5981563) AND (id <= 5981662))

table 7 : explain SELECT SUM(k) FROM sbtest7 WHERE id BETWEEN 8688335 AND 8688434
	Aggregate  (cost=362.03..362.04 rows=1 width=8)
	  ->  Index Scan using sbtest7_pkey on sbtest7  (cost=0.43..361.80 rows=93 width=4)
	        Index Cond: ((id >= 8688335) AND (id <= 8688434))

table 8 : explain SELECT SUM(k) FROM sbtest8 WHERE id BETWEEN 5426876 AND 5426975
	Aggregate  (cost=366.21..366.22 rows=1 width=8)
	  ->  Index Scan using sbtest8_pkey on sbtest8  (cost=0.43..365.98 rows=94 width=4)
	        Index Cond: ((id >= 5426876) AND (id <= 5426975))

for point_selects
table 1 : explain SELECT c FROM sbtest1 WHERE id=2504775
	Index Scan using sbtest1_pkey on sbtest1  (cost=0.43..8.45 rows=1 width=121)
	  Index Cond: (id = 2504775)

table 2 : explain SELECT c FROM sbtest2 WHERE id=6255312
	Index Scan using sbtest2_pkey on sbtest2  (cost=0.43..8.45 rows=1 width=121)
	  Index Cond: (id = 6255312)

table 3 : explain SELECT c FROM sbtest3 WHERE id=190203
	Index Scan using sbtest3_pkey on sbtest3  (cost=0.43..8.45 rows=1 width=121)
	  Index Cond: (id = 190203)

table 4 : explain SELECT c FROM sbtest4 WHERE id=1659905
	Index Scan using sbtest4_pkey on sbtest4  (cost=0.43..8.45 rows=1 width=121)
	  Index Cond: (id = 1659905)

table 5 : explain SELECT c FROM sbtest5 WHERE id=9616189
	Index Scan using sbtest5_pkey on sbtest5  (cost=0.43..8.45 rows=1 width=121)
	  Index Cond: (id = 9616189)

table 6 : explain SELECT c FROM sbtest6 WHERE id=3020419
	Index Scan using sbtest6_pkey on sbtest6  (cost=0.43..8.45 rows=1 width=121)
	  Index Cond: (id = 3020419)

table 7 : explain SELECT c FROM sbtest7 WHERE id=6327549
	Index Scan using sbtest7_pkey on sbtest7  (cost=0.43..8.45 rows=1 width=121)
	  Index Cond: (id = 6327549)

table 8 : explain SELECT c FROM sbtest8 WHERE id=8987556
	Index Scan using sbtest8_pkey on sbtest8  (cost=0.43..8.45 rows=1 width=121)
	  Index Cond: (id = 8987556)

for: order_ranges
table 1 : explain SELECT c FROM sbtest1 WHERE id BETWEEN 7052546 AND 7052645 ORDER BY c
	Sort  (cost=425.65..425.92 rows=108 width=121)
	  Sort Key: c
	  ->  Index Scan using sbtest1_pkey on sbtest1  (cost=0.43..422.00 rows=108 width=121)
	        Index Cond: ((id >= 7052546) AND (id <= 7052645))

table 2 : explain SELECT c FROM sbtest2 WHERE id BETWEEN 4442998 AND 4443097 ORDER BY c
	Sort  (cost=389.59..389.84 rows=99 width=121)
	  Sort Key: c
	  ->  Index Scan using sbtest2_pkey on sbtest2  (cost=0.43..386.31 rows=99 width=121)
	        Index Cond: ((id >= 4442998) AND (id <= 4443097))

table 3 : explain SELECT c FROM sbtest3 WHERE id BETWEEN 6867356 AND 6867455 ORDER BY c
	Sort  (cost=391.01..391.25 rows=99 width=121)
	  Sort Key: c
	  ->  Index Scan using sbtest3_pkey on sbtest3  (cost=0.43..387.72 rows=99 width=121)
	        Index Cond: ((id >= 6867356) AND (id <= 6867455))

table 4 : explain SELECT c FROM sbtest4 WHERE id BETWEEN 2486436 AND 2486535 ORDER BY c
	Sort  (cost=389.46..389.71 rows=99 width=121)
	  Sort Key: c
	  ->  Index Scan using sbtest4_pkey on sbtest4  (cost=0.43..386.18 rows=99 width=121)
	        Index Cond: ((id >= 2486436) AND (id <= 2486535))

table 5 : explain SELECT c FROM sbtest5 WHERE id BETWEEN 364441 AND 364540 ORDER BY c
	Sort  (cost=416.18..416.45 rows=106 width=121)
	  Sort Key: c
	  ->  Index Scan using sbtest5_pkey on sbtest5  (cost=0.43..412.62 rows=106 width=121)
	        Index Cond: ((id >= 364441) AND (id <= 364540))

table 6 : explain SELECT c FROM sbtest6 WHERE id BETWEEN 6296567 AND 6296666 ORDER BY c
	Sort  (cost=377.66..377.90 rows=96 width=121)
	  Sort Key: c
	  ->  Index Scan using sbtest6_pkey on sbtest6  (cost=0.43..374.50 rows=96 width=121)
	        Index Cond: ((id >= 6296567) AND (id <= 6296666))

table 7 : explain SELECT c FROM sbtest7 WHERE id BETWEEN 4516000 AND 4516099 ORDER BY c
	Sort  (cost=395.92..396.17 rows=101 width=121)
	  Sort Key: c
	  ->  Index Scan using sbtest7_pkey on sbtest7  (cost=0.43..392.56 rows=101 width=121)
	        Index Cond: ((id >= 4516000) AND (id <= 4516099))

table 8 : explain SELECT c FROM sbtest8 WHERE id BETWEEN 106189 AND 106288 ORDER BY c
	Sort  (cost=407.94..408.20 rows=104 width=121)
	  Sort Key: c
	  ->  Index Scan using sbtest8_pkey on sbtest8  (cost=0.43..404.46 rows=104 width=121)
	        Index Cond: ((id >= 106189) AND (id <= 106288))

explain: for point_selects :: explain SELECT c FROM sbtest%u WHERE id=%u
for: simple_ranges
table 1 : explain SELECT c FROM sbtest1 WHERE id BETWEEN 4315138 AND 4315237
	Index Scan using sbtest1_pkey on sbtest1  (cost=0.43..398.78 rows=102 width=121)
	  Index Cond: ((id >= 4315138) AND (id <= 4315237))

table 2 : explain SELECT c FROM sbtest2 WHERE id BETWEEN 4694551 AND 4694650
	Index Scan using sbtest2_pkey on sbtest2  (cost=0.43..386.31 rows=99 width=121)
	  Index Cond: ((id >= 4694551) AND (id <= 4694650))

table 3 : explain SELECT c FROM sbtest3 WHERE id BETWEEN 4358939 AND 4359038
	Index Scan using sbtest3_pkey on sbtest3  (cost=0.43..333.55 rows=85 width=121)
	  Index Cond: ((id >= 4358939) AND (id <= 4359038))

table 4 : explain SELECT c FROM sbtest4 WHERE id BETWEEN 1406821 AND 1406920
	Index Scan using sbtest4_pkey on sbtest4  (cost=0.43..420.90 rows=108 width=121)
	  Index Cond: ((id >= 1406821) AND (id <= 1406920))

table 5 : explain SELECT c FROM sbtest5 WHERE id BETWEEN 7173727 AND 7173826
	Index Scan using sbtest5_pkey on sbtest5  (cost=0.43..393.33 rows=101 width=121)
	  Index Cond: ((id >= 7173727) AND (id <= 7173826))

table 6 : explain SELECT c FROM sbtest6 WHERE id BETWEEN 9018363 AND 9018462
	Index Scan using sbtest6_pkey on sbtest6  (cost=0.43..382.21 rows=98 width=121)
	  Index Cond: ((id >= 9018363) AND (id <= 9018462))

table 7 : explain SELECT c FROM sbtest7 WHERE id BETWEEN 531266 AND 531365
	Index Scan using sbtest7_pkey on sbtest7  (cost=0.43..411.76 rows=106 width=121)
	  Index Cond: ((id >= 531266) AND (id <= 531365))

table 8 : explain SELECT c FROM sbtest8 WHERE id BETWEEN 7236838 AND 7236937
	Index Scan using sbtest8_pkey on sbtest8  (cost=0.43..396.77 rows=102 width=121)
	  Index Cond: ((id >= 7236838) AND (id <= 7236937))

for: order_ranges
table 1 : explain SELECT c FROM sbtest1 WHERE id BETWEEN 8009788 AND 8009887 ORDER BY c
	Sort  (cost=402.18..402.43 rows=102 width=121)
	  Sort Key: c
	  ->  Index Scan using sbtest1_pkey on sbtest1  (cost=0.43..398.78 rows=102 width=121)
	        Index Cond: ((id >= 8009788) AND (id <= 8009887))

table 2 : explain SELECT c FROM sbtest2 WHERE id BETWEEN 6483291 AND 6483390 ORDER BY c
	Sort  (cost=401.28..401.54 rows=102 width=121)
	  Sort Key: c
	  ->  Index Scan using sbtest2_pkey on sbtest2  (cost=0.43..397.88 rows=102 width=121)
	        Index Cond: ((id >= 6483291) AND (id <= 6483390))

table 3 : explain SELECT c FROM sbtest3 WHERE id BETWEEN 5681751 AND 5681850 ORDER BY c
	Sort  (cost=363.64..363.87 rows=92 width=121)
	  Sort Key: c
	  ->  Index Scan using sbtest3_pkey on sbtest3  (cost=0.43..360.64 rows=92 width=121)
	        Index Cond: ((id >= 5681751) AND (id <= 5681850))

table 4 : explain SELECT c FROM sbtest4 WHERE id BETWEEN 7352074 AND 7352173 ORDER BY c
	Sort  (cost=408.97..409.23 rows=104 width=121)
	  Sort Key: c
	  ->  Index Scan using sbtest4_pkey on sbtest4  (cost=0.43..405.49 rows=104 width=121)
	        Index Cond: ((id >= 7352074) AND (id <= 7352173))

table 5 : explain SELECT c FROM sbtest5 WHERE id BETWEEN 3144109 AND 3144208 ORDER BY c
	Sort  (cost=388.92..389.17 rows=99 width=121)
	  Sort Key: c
	  ->  Index Scan using sbtest5_pkey on sbtest5  (cost=0.43..385.64 rows=99 width=121)
	        Index Cond: ((id >= 3144109) AND (id <= 3144208))

table 6 : explain SELECT c FROM sbtest6 WHERE id BETWEEN 4256067 AND 4256166 ORDER BY c
	Sort  (cost=385.45..385.69 rows=98 width=121)
	  Sort Key: c
	  ->  Index Scan using sbtest6_pkey on sbtest6  (cost=0.43..382.21 rows=98 width=121)
	        Index Cond: ((id >= 4256067) AND (id <= 4256166))

table 7 : explain SELECT c FROM sbtest7 WHERE id BETWEEN 7646097 AND 7646196 ORDER BY c
	Sort  (cost=364.84..365.07 rows=93 width=121)
	  Sort Key: c
	  ->  Index Scan using sbtest7_pkey on sbtest7  (cost=0.43..361.80 rows=93 width=121)
	        Index Cond: ((id >= 7646097) AND (id <= 7646196))

table 8 : explain SELECT c FROM sbtest8 WHERE id BETWEEN 6749522 AND 6749621 ORDER BY c
	Sort  (cost=392.41..392.66 rows=100 width=121)
	  Sort Key: c
	  ->  Index Scan using sbtest8_pkey on sbtest8  (cost=0.43..389.08 rows=100 width=121)
	        Index Cond: ((id >= 6749522) AND (id <= 6749621))

for: order_ranges
table 1 : explain SELECT c FROM sbtest1 WHERE id BETWEEN 4845965 AND 4846064 ORDER BY c
	Sort  (cost=406.12..406.38 rows=103 width=121)
	  Sort Key: c
	  ->  Index Scan using sbtest1_pkey on sbtest1  (cost=0.43..402.68 rows=103 width=121)
	        Index Cond: ((id >= 4845965) AND (id <= 4846064))

table 2 : explain SELECT c FROM sbtest2 WHERE id BETWEEN 1266167 AND 1266266 ORDER BY c
	Sort  (cost=397.38..397.64 rows=101 width=121)
	  Sort Key: c
	  ->  Index Scan using sbtest2_pkey on sbtest2  (cost=0.43..394.02 rows=101 width=121)
	        Index Cond: ((id >= 1266167) AND (id <= 1266266))

table 3 : explain SELECT c FROM sbtest3 WHERE id BETWEEN 9269753 AND 9269852 ORDER BY c
	Sort  (cost=398.83..399.08 rows=101 width=121)
	  Sort Key: c
	  ->  Index Scan using sbtest3_pkey on sbtest3  (cost=0.43..395.46 rows=101 width=121)
	        Index Cond: ((id >= 9269753) AND (id <= 9269852))

table 4 : explain SELECT c FROM sbtest4 WHERE id BETWEEN 2865804 AND 2865903 ORDER BY c
	Sort  (cost=405.08..405.33 rows=103 width=121)
	  Sort Key: c
	  ->  Index Scan using sbtest4_pkey on sbtest4  (cost=0.43..401.63 rows=103 width=121)
	        Index Cond: ((id >= 2865804) AND (id <= 2865903))

table 5 : explain SELECT c FROM sbtest5 WHERE id BETWEEN 4713103 AND 4713202 ORDER BY c
	Sort  (cost=377.25..377.49 rows=96 width=121)
	  Sort Key: c
	  ->  Index Scan using sbtest5_pkey on sbtest5  (cost=0.43..374.09 rows=96 width=121)
	        Index Cond: ((id >= 4713103) AND (id <= 4713202))

table 6 : explain SELECT c FROM sbtest6 WHERE id BETWEEN 2326845 AND 2326944 ORDER BY c
	Sort  (cost=373.77..374.01 rows=95 width=121)
	  Sort Key: c
	  ->  Index Scan using sbtest6_pkey on sbtest6  (cost=0.43..370.65 rows=95 width=121)
	        Index Cond: ((id >= 2326845) AND (id <= 2326944))

table 7 : explain SELECT c FROM sbtest7 WHERE id BETWEEN 8191524 AND 8191623 ORDER BY c
	Sort  (cost=426.97..427.24 rows=109 width=121)
	  Sort Key: c
	  ->  Index Scan using sbtest7_pkey on sbtest7  (cost=0.43..423.28 rows=109 width=121)
	        Index Cond: ((id >= 8191524) AND (id <= 8191623))

table 8 : explain SELECT c FROM sbtest8 WHERE id BETWEEN 3698865 AND 3698964 ORDER BY c
	Sort  (cost=404.06..404.31 rows=103 width=121)
	  Sort Key: c
	  ->  Index Scan using sbtest8_pkey on sbtest8  (cost=0.43..400.61 rows=103 width=121)
	        Index Cond: ((id >= 3698865) AND (id <= 3698964))

for: simple_ranges
table 1 : explain SELECT c FROM sbtest1 WHERE id BETWEEN 2255704 AND 2255803
	Index Scan using sbtest1_pkey on sbtest1  (cost=0.43..425.86 rows=109 width=121)
	  Index Cond: ((id >= 2255704) AND (id <= 2255803))

table 2 : explain SELECT c FROM sbtest2 WHERE id BETWEEN 4882550 AND 4882649
	Index Scan using sbtest2_pkey on sbtest2  (cost=0.43..378.60 rows=97 width=121)
	  Index Cond: ((id >= 4882550) AND (id <= 4882649))

table 3 : explain SELECT c FROM sbtest3 WHERE id BETWEEN 6466331 AND 6466430
	Index Scan using sbtest3_pkey on sbtest3  (cost=0.43..376.12 rows=96 width=121)
	  Index Cond: ((id >= 6466331) AND (id <= 6466430))

table 4 : explain SELECT c FROM sbtest4 WHERE id BETWEEN 8346777 AND 8346876
	Index Scan using sbtest4_pkey on sbtest4  (cost=0.43..378.47 rows=97 width=121)
	  Index Cond: ((id >= 8346777) AND (id <= 8346876))

table 5 : explain SELECT c FROM sbtest5 WHERE id BETWEEN 1554018 AND 1554117
	Index Scan using sbtest5_pkey on sbtest5  (cost=0.43..401.07 rows=103 width=121)
	  Index Cond: ((id >= 1554018) AND (id <= 1554117))

table 6 : explain SELECT c FROM sbtest6 WHERE id BETWEEN 2091198 AND 2091297
	Index Scan using sbtest6_pkey on sbtest6  (cost=0.43..370.65 rows=95 width=121)
	  Index Cond: ((id >= 2091198) AND (id <= 2091297))

table 7 : explain SELECT c FROM sbtest7 WHERE id BETWEEN 1027312 AND 1027411
	Index Scan using sbtest7_pkey on sbtest7  (cost=0.43..407.92 rows=105 width=121)
	  Index Cond: ((id >= 1027312) AND (id <= 1027411))

table 8 : explain SELECT c FROM sbtest8 WHERE id BETWEEN 6257148 AND 6257247
	Index Scan using sbtest8_pkey on sbtest8  (cost=0.43..381.35 rows=98 width=121)
	  Index Cond: ((id >= 6257148) AND (id <= 6257247))

explain: for point_selects :: explain SELECT c FROM sbtest%u WHERE id=%u
for: order_ranges
table 1 : explain SELECT c FROM sbtest1 WHERE id BETWEEN 6385535 AND 6385634 ORDER BY c
	Sort  (cost=378.75..378.99 rows=96 width=121)
	  Sort Key: c
	  ->  Index Scan using sbtest1_pkey on sbtest1  (cost=0.43..375.59 rows=96 width=121)
	        Index Cond: ((id >= 6385535) AND (id <= 6385634))

table 2 : explain SELECT c FROM sbtest2 WHERE id BETWEEN 4051927 AND 4052026 ORDER BY c
	Sort  (cost=405.22..405.47 rows=103 width=121)
	  Sort Key: c
	  ->  Index Scan using sbtest2_pkey on sbtest2  (cost=0.43..401.77 rows=103 width=121)
	        Index Cond: ((id >= 4051927) AND (id <= 4052026))

table 3 : explain SELECT c FROM sbtest3 WHERE id BETWEEN 1598194 AND 1598293 ORDER BY c
	Sort  (cost=406.68..406.94 rows=103 width=121)
	  Sort Key: c
	  ->  Index Scan using sbtest3_pkey on sbtest3  (cost=0.43..403.24 rows=103 width=121)
	        Index Cond: ((id >= 1598194) AND (id <= 1598293))

table 4 : explain SELECT c FROM sbtest4 WHERE id BETWEEN 9442977 AND 9443076 ORDER BY c
	Sort  (cost=377.78..378.02 rows=96 width=121)
	  Sort Key: c
	  ->  Index Scan using sbtest4_pkey on sbtest4  (cost=0.43..374.62 rows=96 width=121)
	        Index Cond: ((id >= 9442977) AND (id <= 9443076))

table 5 : explain SELECT c FROM sbtest5 WHERE id BETWEEN 2809268 AND 2809367 ORDER BY c
	Sort  (cost=404.52..404.77 rows=103 width=121)
	  Sort Key: c
	  ->  Index Scan using sbtest5_pkey on sbtest5  (cost=0.43..401.07 rows=103 width=121)
	        Index Cond: ((id >= 2809268) AND (id <= 2809367))

table 6 : explain SELECT c FROM sbtest6 WHERE id BETWEEN 5834710 AND 5834809 ORDER BY c
	Sort  (cost=397.17..397.42 rows=101 width=121)
	  Sort Key: c
	  ->  Index Scan using sbtest6_pkey on sbtest6  (cost=0.43..393.80 rows=101 width=121)
	        Index Cond: ((id >= 5834710) AND (id <= 5834809))

table 7 : explain SELECT c FROM sbtest7 WHERE id BETWEEN 3218460 AND 3218559 ORDER BY c
	Sort  (cost=384.24..384.48 rows=98 width=121)
	  Sort Key: c
	  ->  Index Scan using sbtest7_pkey on sbtest7  (cost=0.43..381.00 rows=98 width=121)
	        Index Cond: ((id >= 3218460) AND (id <= 3218559))

table 8 : explain SELECT c FROM sbtest8 WHERE id BETWEEN 2437798 AND 2437897 ORDER BY c
	Sort  (cost=404.06..404.31 rows=103 width=121)
	  Sort Key: c
	  ->  Index Scan using sbtest8_pkey on sbtest8  (cost=0.43..400.61 rows=103 width=121)
	        Index Cond: ((id >= 2437798) AND (id <= 2437897))

for: sum_ranges
table 1 : explain SELECT SUM(k) FROM sbtest1 WHERE id BETWEEN 9837602 AND 9837701
	Aggregate  (cost=418.40..418.41 rows=1 width=8)
	  ->  Index Scan using sbtest1_pkey on sbtest1  (cost=0.43..418.13 rows=107 width=4)
	        Index Cond: ((id >= 9837602) AND (id <= 9837701))

table 2 : explain SELECT SUM(k) FROM sbtest2 WHERE id BETWEEN 1832847 AND 1832946
	Aggregate  (cost=394.28..394.29 rows=1 width=8)
	  ->  Index Scan using sbtest2_pkey on sbtest2  (cost=0.43..394.02 rows=101 width=4)
	        Index Cond: ((id >= 1832847) AND (id <= 1832946))

table 3 : explain SELECT SUM(k) FROM sbtest3 WHERE id BETWEEN 1806263 AND 1806362
	Aggregate  (cost=372.48..372.49 rows=1 width=8)
	  ->  Index Scan using sbtest3_pkey on sbtest3  (cost=0.43..372.25 rows=95 width=4)
	        Index Cond: ((id >= 1806263) AND (id <= 1806362))

table 4 : explain SELECT SUM(k) FROM sbtest4 WHERE id BETWEEN 8318286 AND 8318385
	Aggregate  (cost=378.71..378.72 rows=1 width=8)
	  ->  Index Scan using sbtest4_pkey on sbtest4  (cost=0.43..378.47 rows=97 width=4)
	        Index Cond: ((id >= 8318286) AND (id <= 8318385))

table 5 : explain SELECT SUM(k) FROM sbtest5 WHERE id BETWEEN 2604729 AND 2604828
	Aggregate  (cost=409.03..409.04 rows=1 width=8)
	  ->  Index Scan using sbtest5_pkey on sbtest5  (cost=0.43..408.77 rows=105 width=4)
	        Index Cond: ((id >= 2604729) AND (id <= 2604828))

table 6 : explain SELECT SUM(k) FROM sbtest6 WHERE id BETWEEN 40201 AND 40300
	Aggregate  (cost=386.31..386.32 rows=1 width=8)
	  ->  Index Scan using sbtest6_pkey on sbtest6  (cost=0.43..386.06 rows=99 width=4)
	        Index Cond: ((id >= 40201) AND (id <= 40300))

table 7 : explain SELECT SUM(k) FROM sbtest7 WHERE id BETWEEN 957844 AND 957943
	Aggregate  (cost=404.34..404.35 rows=1 width=8)
	  ->  Index Scan using sbtest7_pkey on sbtest7  (cost=0.43..404.08 rows=104 width=4)
	        Index Cond: ((id >= 957844) AND (id <= 957943))

table 8 : explain SELECT SUM(k) FROM sbtest8 WHERE id BETWEEN 1699156 AND 1699255
	Aggregate  (cost=373.91..373.92 rows=1 width=8)
	  ->  Index Scan using sbtest8_pkey on sbtest8  (cost=0.43..373.67 rows=96 width=4)
	        Index Cond: ((id >= 1699156) AND (id <= 1699255))

for: order_ranges
table 1 : explain SELECT c FROM sbtest1 WHERE id BETWEEN 2393530 AND 2393629 ORDER BY c
	Sort  (cost=386.56..386.81 rows=98 width=121)
	  Sort Key: c
	  ->  Index Scan using sbtest1_pkey on sbtest1  (cost=0.43..383.32 rows=98 width=121)
	        Index Cond: ((id >= 2393530) AND (id <= 2393629))

table 2 : explain SELECT c FROM sbtest2 WHERE id BETWEEN 899689 AND 899788 ORDER BY c
	Sort  (cost=381.80..382.05 rows=97 width=121)
	  Sort Key: c
	  ->  Index Scan using sbtest2_pkey on sbtest2  (cost=0.43..378.60 rows=97 width=121)
	        Index Cond: ((id >= 899689) AND (id <= 899788))

table 3 : explain SELECT c FROM sbtest3 WHERE id BETWEEN 8470261 AND 8470360 ORDER BY c
	Sort  (cost=434.05..434.33 rows=110 width=121)
	  Sort Key: c
	  ->  Index Scan using sbtest3_pkey on sbtest3  (cost=0.43..430.32 rows=110 width=121)
	        Index Cond: ((id >= 8470261) AND (id <= 8470360))

table 4 : explain SELECT c FROM sbtest4 WHERE id BETWEEN 9950209 AND 9950308 ORDER BY c
	Sort  (cost=416.76..417.02 rows=106 width=121)
	  Sort Key: c
	  ->  Index Scan using sbtest4_pkey on sbtest4  (cost=0.43..413.19 rows=106 width=121)
	        Index Cond: ((id >= 9950209) AND (id <= 9950308))

table 5 : explain SELECT c FROM sbtest5 WHERE id BETWEEN 5227920 AND 5228019 ORDER BY c
	Sort  (cost=373.37..373.60 rows=95 width=121)
	  Sort Key: c
	  ->  Index Scan using sbtest5_pkey on sbtest5  (cost=0.43..370.25 rows=95 width=121)
	        Index Cond: ((id >= 5227920) AND (id <= 5228019))

table 6 : explain SELECT c FROM sbtest6 WHERE id BETWEEN 1885380 AND 1885479 ORDER BY c
	Sort  (cost=404.95..405.21 rows=103 width=121)
	  Sort Key: c
	  ->  Index Scan using sbtest6_pkey on sbtest6  (cost=0.43..401.51 rows=103 width=121)
	        Index Cond: ((id >= 1885380) AND (id <= 1885479))

table 7 : explain SELECT c FROM sbtest7 WHERE id BETWEEN 513943 AND 514042 ORDER BY c
	Sort  (cost=415.32..415.59 rows=106 width=121)
	  Sort Key: c
	  ->  Index Scan using sbtest7_pkey on sbtest7  (cost=0.43..411.76 rows=106 width=121)
	        Index Cond: ((id >= 513943) AND (id <= 514042))

table 8 : explain SELECT c FROM sbtest8 WHERE id BETWEEN 1197242 AND 1197341 ORDER BY c
	Sort  (cost=392.41..392.66 rows=100 width=121)
	  Sort Key: c
	  ->  Index Scan using sbtest8_pkey on sbtest8  (cost=0.43..389.08 rows=100 width=121)
	        Index Cond: ((id >= 1197242) AND (id <= 1197341))

for: distinct_ranges
table 1 : explain SELECT DISTINCT c FROM sbtest1 WHERE id BETWEEN 8164200 AND 8164299 ORDER BY c
	Unique  (cost=406.12..406.64 rows=103 width=121)
	  ->  Sort  (cost=406.12..406.38 rows=103 width=121)
	        Sort Key: c
	        ->  Index Scan using sbtest1_pkey on sbtest1  (cost=0.43..402.68 rows=103 width=121)
	              Index Cond: ((id >= 8164200) AND (id <= 8164299))

table 2 : explain SELECT DISTINCT c FROM sbtest2 WHERE id BETWEEN 3421540 AND 3421639 ORDER BY c
	Unique  (cost=416.90..417.43 rows=106 width=121)
	  ->  Sort  (cost=416.90..417.17 rows=106 width=121)
	        Sort Key: c
	        ->  Index Scan using sbtest2_pkey on sbtest2  (cost=0.43..413.34 rows=106 width=121)
	              Index Cond: ((id >= 3421540) AND (id <= 3421639))

table 3 : explain SELECT DISTINCT c FROM sbtest3 WHERE id BETWEEN 4997551 AND 4997650 ORDER BY c
	Unique  (cost=371.46..371.93 rows=94 width=121)
	  ->  Sort  (cost=371.46..371.69 rows=94 width=121)
	        Sort Key: c
	        ->  Index Scan using sbtest3_pkey on sbtest3  (cost=0.43..368.38 rows=94 width=121)
	              Index Cond: ((id >= 4997551) AND (id <= 4997650))

table 4 : explain SELECT DISTINCT c FROM sbtest4 WHERE id BETWEEN 4016310 AND 4016409 ORDER BY c
	Unique  (cost=420.65..421.19 rows=107 width=121)
	  ->  Sort  (cost=420.65..420.92 rows=107 width=121)
	        Sort Key: c
	        ->  Index Scan using sbtest4_pkey on sbtest4  (cost=0.43..417.05 rows=107 width=121)
	              Index Cond: ((id >= 4016310) AND (id <= 4016409))

table 5 : explain SELECT DISTINCT c FROM sbtest5 WHERE id BETWEEN 2825641 AND 2825740 ORDER BY c
	Unique  (cost=404.52..405.03 rows=103 width=121)
	  ->  Sort  (cost=404.52..404.77 rows=103 width=121)
	        Sort Key: c
	        ->  Index Scan using sbtest5_pkey on sbtest5  (cost=0.43..401.07 rows=103 width=121)
	              Index Cond: ((id >= 2825641) AND (id <= 2825740))

table 6 : explain SELECT DISTINCT c FROM sbtest6 WHERE id BETWEEN 6691889 AND 6691988 ORDER BY c
	Unique  (cost=397.17..397.67 rows=101 width=121)
	  ->  Sort  (cost=397.17..397.42 rows=101 width=121)
	        Sort Key: c
	        ->  Index Scan using sbtest6_pkey on sbtest6  (cost=0.43..393.80 rows=101 width=121)
	              Index Cond: ((id >= 6691889) AND (id <= 6691988))

table 7 : explain SELECT DISTINCT c FROM sbtest7 WHERE id BETWEEN 19510 AND 19609 ORDER BY c
	Unique  (cost=380.36..380.84 rows=97 width=121)
	  ->  Sort  (cost=380.36..380.60 rows=97 width=121)
	        Sort Key: c
	        ->  Index Scan using sbtest7_pkey on sbtest7  (cost=0.43..377.16 rows=97 width=121)
	              Index Cond: ((id >= 19510) AND (id <= 19609))

table 8 : explain SELECT DISTINCT c FROM sbtest8 WHERE id BETWEEN 4171315 AND 4171414 ORDER BY c
	Unique  (cost=407.94..408.46 rows=104 width=121)
	  ->  Sort  (cost=407.94..408.20 rows=104 width=121)
	        Sort Key: c
	        ->  Index Scan using sbtest8_pkey on sbtest8  (cost=0.43..404.46 rows=104 width=121)
	              Index Cond: ((id >= 4171315) AND (id <= 4171414))

for: sum_ranges
table 1 : explain SELECT SUM(k) FROM sbtest1 WHERE id BETWEEN 8365259 AND 8365358
	Aggregate  (cost=414.54..414.55 rows=1 width=8)
	  ->  Index Scan using sbtest1_pkey on sbtest1  (cost=0.43..414.27 rows=106 width=4)
	        Index Cond: ((id >= 8365259) AND (id <= 8365358))

table 2 : explain SELECT SUM(k) FROM sbtest2 WHERE id BETWEEN 198433 AND 198532
	Aggregate  (cost=359.56..359.57 rows=1 width=8)
	  ->  Index Scan using sbtest2_pkey on sbtest2  (cost=0.43..359.33 rows=92 width=4)
	        Index Cond: ((id >= 198433) AND (id <= 198532))

table 3 : explain SELECT SUM(k) FROM sbtest3 WHERE id BETWEEN 4857490 AND 4857589
	Aggregate  (cost=407.37..407.38 rows=1 width=8)
	  ->  Index Scan using sbtest3_pkey on sbtest3  (cost=0.43..407.11 rows=104 width=4)
	        Index Cond: ((id >= 4857490) AND (id <= 4857589))

table 4 : explain SELECT SUM(k) FROM sbtest4 WHERE id BETWEEN 1199113 AND 1199212
	Aggregate  (cost=405.75..405.76 rows=1 width=8)
	  ->  Index Scan using sbtest4_pkey on sbtest4  (cost=0.43..405.49 rows=104 width=4)
	        Index Cond: ((id >= 1199113) AND (id <= 1199212))

table 5 : explain SELECT SUM(k) FROM sbtest5 WHERE id BETWEEN 1757517 AND 1757616
	Aggregate  (cost=439.83..439.84 rows=1 width=8)
	  ->  Index Scan using sbtest5_pkey on sbtest5  (cost=0.43..439.55 rows=113 width=4)
	        Index Cond: ((id >= 1757517) AND (id <= 1757616))

table 6 : explain SELECT SUM(k) FROM sbtest6 WHERE id BETWEEN 518290 AND 518389
	Aggregate  (cost=405.62..405.63 rows=1 width=8)
	  ->  Index Scan using sbtest6_pkey on sbtest6  (cost=0.43..405.36 rows=104 width=4)
	        Index Cond: ((id >= 518290) AND (id <= 518389))

table 7 : explain SELECT SUM(k) FROM sbtest7 WHERE id BETWEEN 416727 AND 416826
	Aggregate  (cost=423.55..423.56 rows=1 width=8)
	  ->  Index Scan using sbtest7_pkey on sbtest7  (cost=0.43..423.28 rows=109 width=4)
	        Index Cond: ((id >= 416727) AND (id <= 416826))

table 8 : explain SELECT SUM(k) FROM sbtest8 WHERE id BETWEEN 9227694 AND 9227793
	Aggregate  (cost=397.03..397.04 rows=1 width=8)
	  ->  Index Scan using sbtest8_pkey on sbtest8  (cost=0.43..396.77 rows=102 width=4)
	        Index Cond: ((id >= 9227694) AND (id <= 9227793))

explain: for point_selects :: explain SELECT c FROM sbtest%u WHERE id=%u
explain: for point_selects :: explain SELECT c FROM sbtest%u WHERE id=%u
explain: for index_updates :: explain UPDATE sbtest%u SET k=k+1 WHERE id=%u
for: order_ranges
table 1 : explain SELECT c FROM sbtest1 WHERE id BETWEEN 4600981 AND 4601080 ORDER BY c
	Sort  (cost=382.66..382.90 rows=97 width=121)
	  Sort Key: c
	  ->  Index Scan using sbtest1_pkey on sbtest1  (cost=0.43..379.46 rows=97 width=121)
	        Index Cond: ((id >= 4600981) AND (id <= 4601080))

table 2 : explain SELECT c FROM sbtest2 WHERE id BETWEEN 6818402 AND 6818501 ORDER BY c
	Sort  (cost=401.32..401.58 rows=102 width=121)
	  Sort Key: c
	  ->  Index Scan using sbtest2_pkey on sbtest2  (cost=0.43..397.92 rows=102 width=121)
	        Index Cond: ((id >= 6818402) AND (id <= 6818501))

table 3 : explain SELECT c FROM sbtest3 WHERE id BETWEEN 5585632 AND 5585731 ORDER BY c
	Sort  (cost=363.64..363.87 rows=92 width=121)
	  Sort Key: c
	  ->  Index Scan using sbtest3_pkey on sbtest3  (cost=0.43..360.64 rows=92 width=121)
	        Index Cond: ((id >= 5585632) AND (id <= 5585731))

table 4 : explain SELECT c FROM sbtest4 WHERE id BETWEEN 9358760 AND 9358859 ORDER BY c
	Sort  (cost=385.57..385.81 rows=98 width=121)
	  Sort Key: c
	  ->  Index Scan using sbtest4_pkey on sbtest4  (cost=0.43..382.32 rows=98 width=121)
	        Index Cond: ((id >= 9358760) AND (id <= 9358859))

table 5 : explain SELECT c FROM sbtest5 WHERE id BETWEEN 4354391 AND 4354490 ORDER BY c
	Sort  (cost=388.92..389.17 rows=99 width=121)
	  Sort Key: c
	  ->  Index Scan using sbtest5_pkey on sbtest5  (cost=0.43..385.64 rows=99 width=121)
	        Index Cond: ((id >= 4354391) AND (id <= 4354490))

table 6 : explain SELECT c FROM sbtest6 WHERE id BETWEEN 5148597 AND 5148696 ORDER BY c
	Sort  (cost=443.88..444.17 rows=113 width=121)
	  Sort Key: c
	  ->  Index Scan using sbtest6_pkey on sbtest6  (cost=0.43..440.03 rows=113 width=121)
	        Index Cond: ((id >= 5148597) AND (id <= 5148696))

table 7 : explain SELECT c FROM sbtest7 WHERE id BETWEEN 4527003 AND 4527102 ORDER BY c
	Sort  (cost=395.92..396.17 rows=101 width=121)
	  Sort Key: c
	  ->  Index Scan using sbtest7_pkey on sbtest7  (cost=0.43..392.56 rows=101 width=121)
	        Index Cond: ((id >= 4527003) AND (id <= 4527102))

table 8 : explain SELECT c FROM sbtest8 WHERE id BETWEEN 3321524 AND 3321623 ORDER BY c
	Sort  (cost=372.94..373.18 rows=95 width=121)
	  Sort Key: c
	  ->  Index Scan using sbtest8_pkey on sbtest8  (cost=0.43..369.82 rows=95 width=121)
	        Index Cond: ((id >= 3321524) AND (id <= 3321623))

for: distinct_ranges
table 1 : explain SELECT DISTINCT c FROM sbtest1 WHERE id BETWEEN 6066458 AND 6066557 ORDER BY c
	Unique  (cost=370.95..371.42 rows=94 width=121)
	  ->  Sort  (cost=370.95..371.18 rows=94 width=121)
	        Sort Key: c
	        ->  Index Scan using sbtest1_pkey on sbtest1  (cost=0.43..367.87 rows=94 width=121)
	              Index Cond: ((id >= 6066458) AND (id <= 6066557))

table 2 : explain SELECT DISTINCT c FROM sbtest2 WHERE id BETWEEN 6205521 AND 6205620 ORDER BY c
	Unique  (cost=362.33..362.79 rows=92 width=121)
	  ->  Sort  (cost=362.33..362.56 rows=92 width=121)
	        Sort Key: c
	        ->  Index Scan using sbtest2_pkey on sbtest2  (cost=0.43..359.33 rows=92 width=121)
	              Index Cond: ((id >= 6205521) AND (id <= 6205620))

table 3 : explain SELECT DISTINCT c FROM sbtest3 WHERE id BETWEEN 4695852 AND 4695951 ORDER BY c
	Unique  (cost=422.32..422.86 rows=107 width=121)
	  ->  Sort  (cost=422.32..422.59 rows=107 width=121)
	        Sort Key: c
	        ->  Index Scan using sbtest3_pkey on sbtest3  (cost=0.43..418.72 rows=107 width=121)
	              Index Cond: ((id >= 4695852) AND (id <= 4695951))

table 4 : explain SELECT DISTINCT c FROM sbtest4 WHERE id BETWEEN 3312196 AND 3312295 ORDER BY c
	Unique  (cost=389.46..389.95 rows=99 width=121)
	  ->  Sort  (cost=389.46..389.71 rows=99 width=121)
	        Sort Key: c
	        ->  Index Scan using sbtest4_pkey on sbtest4  (cost=0.43..386.18 rows=99 width=121)
	              Index Cond: ((id >= 3312196) AND (id <= 3312295))

table 5 : explain SELECT DISTINCT c FROM sbtest5 WHERE id BETWEEN 4922328 AND 4922427 ORDER BY c
	Unique  (cost=357.81..358.27 rows=91 width=121)
	  ->  Sort  (cost=357.81..358.04 rows=91 width=121)
	        Sort Key: c
	        ->  Index Scan using sbtest5_pkey on sbtest5  (cost=0.43..354.85 rows=91 width=121)
	              Index Cond: ((id >= 4922328) AND (id <= 4922427))

table 6 : explain SELECT DISTINCT c FROM sbtest6 WHERE id BETWEEN 5713938 AND 5714037 ORDER BY c
	Unique  (cost=412.74..413.26 rows=105 width=121)
	  ->  Sort  (cost=412.74..413.00 rows=105 width=121)
	        Sort Key: c
	        ->  Index Scan using sbtest6_pkey on sbtest6  (cost=0.43..409.21 rows=105 width=121)
	              Index Cond: ((id >= 5713938) AND (id <= 5714037))

table 7 : explain SELECT DISTINCT c FROM sbtest7 WHERE id BETWEEN 8828384 AND 8828483 ORDER BY c
	Unique  (cost=368.72..369.19 rows=94 width=121)
	  ->  Sort  (cost=368.72..368.95 rows=94 width=121)
	        Sort Key: c
	        ->  Index Scan using sbtest7_pkey on sbtest7  (cost=0.43..365.64 rows=94 width=121)
	              Index Cond: ((id >= 8828384) AND (id <= 8828483))

table 8 : explain SELECT DISTINCT c FROM sbtest8 WHERE id BETWEEN 3468523 AND 3468622 ORDER BY c
	Unique  (cost=415.71..416.24 rows=106 width=121)
	  ->  Sort  (cost=415.71..415.97 rows=106 width=121)
	        Sort Key: c
	        ->  Index Scan using sbtest8_pkey on sbtest8  (cost=0.43..412.14 rows=106 width=121)
	              Index Cond: ((id >= 3468523) AND (id <= 3468622))

for: distinct_ranges
table 1 : explain SELECT DISTINCT c FROM sbtest1 WHERE id BETWEEN 4383918 AND 4384017 ORDER BY c
	Unique  (cost=402.18..402.69 rows=102 width=121)
	  ->  Sort  (cost=402.18..402.43 rows=102 width=121)
	        Sort Key: c
	        ->  Index Scan using sbtest1_pkey on sbtest1  (cost=0.43..398.78 rows=102 width=121)
	              Index Cond: ((id >= 4383918) AND (id <= 4384017))

table 2 : explain SELECT DISTINCT c FROM sbtest2 WHERE id BETWEEN 5784424 AND 5784523 ORDER BY c
	Unique  (cost=397.38..397.89 rows=101 width=121)
	  ->  Sort  (cost=397.38..397.64 rows=101 width=121)
	        Sort Key: c
	        ->  Index Scan using sbtest2_pkey on sbtest2  (cost=0.43..394.02 rows=101 width=121)
	              Index Cond: ((id >= 5784424) AND (id <= 5784523))

table 3 : explain SELECT DISTINCT c FROM sbtest3 WHERE id BETWEEN 3538348 AND 3538447 ORDER BY c
	Unique  (cost=371.46..371.93 rows=94 width=121)
	  ->  Sort  (cost=371.46..371.69 rows=94 width=121)
	        Sort Key: c
	        ->  Index Scan using sbtest3_pkey on sbtest3  (cost=0.43..368.38 rows=94 width=121)
	              Index Cond: ((id >= 3538348) AND (id <= 3538447))

table 4 : explain SELECT DISTINCT c FROM sbtest4 WHERE id BETWEEN 9453707 AND 9453806 ORDER BY c
	Unique  (cost=377.78..378.26 rows=96 width=121)
	  ->  Sort  (cost=377.78..378.02 rows=96 width=121)
	        Sort Key: c
	        ->  Index Scan using sbtest4_pkey on sbtest4  (cost=0.43..374.62 rows=96 width=121)
	              Index Cond: ((id >= 9453707) AND (id <= 9453806))

table 5 : explain SELECT DISTINCT c FROM sbtest5 WHERE id BETWEEN 3366184 AND 3366283 ORDER BY c
	Unique  (cost=385.03..385.52 rows=98 width=121)
	  ->  Sort  (cost=385.03..385.28 rows=98 width=121)
	        Sort Key: c
	        ->  Index Scan using sbtest5_pkey on sbtest5  (cost=0.43..381.79 rows=98 width=121)
	              Index Cond: ((id >= 3366184) AND (id <= 3366283))

table 6 : explain SELECT DISTINCT c FROM sbtest6 WHERE id BETWEEN 5517045 AND 5517144 ORDER BY c
	Unique  (cost=369.88..370.35 rows=94 width=121)
	  ->  Sort  (cost=369.88..370.11 rows=94 width=121)
	        Sort Key: c
	        ->  Index Scan using sbtest6_pkey on sbtest6  (cost=0.43..366.80 rows=94 width=121)
	              Index Cond: ((id >= 5517045) AND (id <= 5517144))

table 7 : explain SELECT DISTINCT c FROM sbtest7 WHERE id BETWEEN 9380164 AND 9380263 ORDER BY c
	Unique  (cost=360.96..361.42 rows=92 width=121)
	  ->  Sort  (cost=360.96..361.19 rows=92 width=121)
	        Sort Key: c
	        ->  Index Scan using sbtest7_pkey on sbtest7  (cost=0.43..357.96 rows=92 width=121)
	              Index Cond: ((id >= 9380164) AND (id <= 9380263))

table 8 : explain SELECT DISTINCT c FROM sbtest8 WHERE id BETWEEN 8552046 AND 8552145 ORDER BY c
	Unique  (cost=435.13..435.69 rows=111 width=121)
	  ->  Sort  (cost=435.13..435.41 rows=111 width=121)
	        Sort Key: c
	        ->  Index Scan using sbtest8_pkey on sbtest8  (cost=0.43..431.36 rows=111 width=121)
	              Index Cond: ((id >= 8552046) AND (id <= 8552145))

for: order_ranges
table 1 : explain SELECT c FROM sbtest1 WHERE id BETWEEN 5517498 AND 5517597 ORDER BY c
	Sort  (cost=410.03..410.29 rows=104 width=121)
	  Sort Key: c
	  ->  Index Scan using sbtest1_pkey on sbtest1  (cost=0.43..406.54 rows=104 width=121)
	        Index Cond: ((id >= 5517498) AND (id <= 5517597))

table 2 : explain SELECT c FROM sbtest2 WHERE id BETWEEN 8038618 AND 8038717 ORDER BY c
	Sort  (cost=413.01..413.27 rows=105 width=121)
	  Sort Key: c
	  ->  Index Scan using sbtest2_pkey on sbtest2  (cost=0.43..409.48 rows=105 width=121)
	        Index Cond: ((id >= 8038618) AND (id <= 8038717))

table 3 : explain SELECT c FROM sbtest3 WHERE id BETWEEN 153506 AND 153605 ORDER BY c
	Sort  (cost=398.83..399.08 rows=101 width=121)
	  Sort Key: c
	  ->  Index Scan using sbtest3_pkey on sbtest3  (cost=0.43..395.46 rows=101 width=121)
	        Index Cond: ((id >= 153506) AND (id <= 153605))

table 4 : explain SELECT c FROM sbtest4 WHERE id BETWEEN 4162720 AND 4162819 ORDER BY c
	Sort  (cost=393.35..393.60 rows=100 width=121)
	  Sort Key: c
	  ->  Index Scan using sbtest4_pkey on sbtest4  (cost=0.43..390.03 rows=100 width=121)
	        Index Cond: ((id >= 4162720) AND (id <= 4162819))

table 5 : explain SELECT c FROM sbtest5 WHERE id BETWEEN 1826655 AND 1826754 ORDER BY c
	Sort  (cost=443.40..443.69 rows=113 width=121)
	  Sort Key: c
	  ->  Index Scan using sbtest5_pkey on sbtest5  (cost=0.43..439.55 rows=113 width=121)
	        Index Cond: ((id >= 1826655) AND (id <= 1826754))

table 6 : explain SELECT c FROM sbtest6 WHERE id BETWEEN 1850527 AND 1850626 ORDER BY c
	Sort  (cost=404.95..405.21 rows=103 width=121)
	  Sort Key: c
	  ->  Index Scan using sbtest6_pkey on sbtest6  (cost=0.43..401.51 rows=103 width=121)
	        Index Cond: ((id >= 1850527) AND (id <= 1850626))

table 7 : explain SELECT c FROM sbtest7 WHERE id BETWEEN 2760525 AND 2760624 ORDER BY c
	Sort  (cost=357.08..357.31 rows=91 width=121)
	  Sort Key: c
	  ->  Index Scan using sbtest7_pkey on sbtest7  (cost=0.43..354.12 rows=91 width=121)
	        Index Cond: ((id >= 2760525) AND (id <= 2760624))

table 8 : explain SELECT c FROM sbtest8 WHERE id BETWEEN 994279 AND 994378 ORDER BY c
	Sort  (cost=388.52..388.77 rows=99 width=121)
	  Sort Key: c
	  ->  Index Scan using sbtest8_pkey on sbtest8  (cost=0.43..385.24 rows=99 width=121)
	        Index Cond: ((id >= 994279) AND (id <= 994378))

for index_updates
table 1 : explain UPDATE sbtest1 SET k=k+1 WHERE id=8113713
	Update on sbtest1  (cost=0.43..8.46 rows=0 width=0)
	  ->  Index Scan using sbtest1_pkey on sbtest1  (cost=0.43..8.46 rows=1 width=10)
	        Index Cond: (id = 8113713)

table 2 : explain UPDATE sbtest2 SET k=k+1 WHERE id=2478005
	Update on sbtest2  (cost=0.43..8.46 rows=0 width=0)
	  ->  Index Scan using sbtest2_pkey on sbtest2  (cost=0.43..8.46 rows=1 width=10)
	        Index Cond: (id = 2478005)

table 3 : explain UPDATE sbtest3 SET k=k+1 WHERE id=7988104
	Update on sbtest3  (cost=0.43..8.46 rows=0 width=0)
	  ->  Index Scan using sbtest3_pkey on sbtest3  (cost=0.43..8.46 rows=1 width=10)
	        Index Cond: (id = 7988104)

table 4 : explain UPDATE sbtest4 SET k=k+1 WHERE id=4218899
	Update on sbtest4  (cost=0.43..8.46 rows=0 width=0)
	  ->  Index Scan using sbtest4_pkey on sbtest4  (cost=0.43..8.46 rows=1 width=10)
	        Index Cond: (id = 4218899)

table 5 : explain UPDATE sbtest5 SET k=k+1 WHERE id=7451422
	Update on sbtest5  (cost=0.43..8.46 rows=0 width=0)
	  ->  Index Scan using sbtest5_pkey on sbtest5  (cost=0.43..8.46 rows=1 width=10)
	        Index Cond: (id = 7451422)

table 6 : explain UPDATE sbtest6 SET k=k+1 WHERE id=217978
	Update on sbtest6  (cost=0.43..8.46 rows=0 width=0)
	  ->  Index Scan using sbtest6_pkey on sbtest6  (cost=0.43..8.46 rows=1 width=10)
	        Index Cond: (id = 217978)

table 7 : explain UPDATE sbtest7 SET k=k+1 WHERE id=5606481
	Update on sbtest7  (cost=0.43..8.46 rows=0 width=0)
	  ->  Index Scan using sbtest7_pkey on sbtest7  (cost=0.43..8.46 rows=1 width=10)
	        Index Cond: (id = 5606481)

table 8 : explain UPDATE sbtest8 SET k=k+1 WHERE id=9950224
	Update on sbtest8  (cost=0.43..8.46 rows=0 width=0)
	  ->  Index Scan using sbtest8_pkey on sbtest8  (cost=0.43..8.46 rows=1 width=10)
	        Index Cond: (id = 9950224)

explain: for index_updates :: explain UPDATE sbtest%u SET k=k+1 WHERE id=%u
explain: for non_index_updates :: explain UPDATE sbtest%u SET c='foobar' WHERE id=%u
for point_selects
table 1 : explain SELECT c FROM sbtest1 WHERE id=2023195
	Index Scan using sbtest1_pkey on sbtest1  (cost=0.43..8.45 rows=1 width=121)
	  Index Cond: (id = 2023195)

table 2 : explain SELECT c FROM sbtest2 WHERE id=9588990
	Index Scan using sbtest2_pkey on sbtest2  (cost=0.43..8.45 rows=1 width=121)
	  Index Cond: (id = 9588990)

table 3 : explain SELECT c FROM sbtest3 WHERE id=3914236
	Index Scan using sbtest3_pkey on sbtest3  (cost=0.43..8.45 rows=1 width=121)
	  Index Cond: (id = 3914236)

table 4 : explain SELECT c FROM sbtest4 WHERE id=8995291
	Index Scan using sbtest4_pkey on sbtest4  (cost=0.43..8.45 rows=1 width=121)
	  Index Cond: (id = 8995291)

table 5 : explain SELECT c FROM sbtest5 WHERE id=8750883
	Index Scan using sbtest5_pkey on sbtest5  (cost=0.43..8.45 rows=1 width=121)
	  Index Cond: (id = 8750883)

table 6 : explain SELECT c FROM sbtest6 WHERE id=7688153
	Index Scan using sbtest6_pkey on sbtest6  (cost=0.43..8.45 rows=1 width=121)
	  Index Cond: (id = 7688153)

table 7 : explain SELECT c FROM sbtest7 WHERE id=1783385
	Index Scan using sbtest7_pkey on sbtest7  (cost=0.43..8.45 rows=1 width=121)
	  Index Cond: (id = 1783385)

table 8 : explain SELECT c FROM sbtest8 WHERE id=7683767
	Index Scan using sbtest8_pkey on sbtest8  (cost=0.43..8.45 rows=1 width=121)
	  Index Cond: (id = 7683767)

for index_updates
table 1 : explain UPDATE sbtest1 SET k=k+1 WHERE id=6827984
	Update on sbtest1  (cost=0.43..8.46 rows=0 width=0)
	  ->  Index Scan using sbtest1_pkey on sbtest1  (cost=0.43..8.46 rows=1 width=10)
	        Index Cond: (id = 6827984)

table 2 : explain UPDATE sbtest2 SET k=k+1 WHERE id=1811361
	Update on sbtest2  (cost=0.43..8.46 rows=0 width=0)
	  ->  Index Scan using sbtest2_pkey on sbtest2  (cost=0.43..8.46 rows=1 width=10)
	        Index Cond: (id = 1811361)

table 3 : explain UPDATE sbtest3 SET k=k+1 WHERE id=5648019
	Update on sbtest3  (cost=0.43..8.46 rows=0 width=0)
	  ->  Index Scan using sbtest3_pkey on sbtest3  (cost=0.43..8.46 rows=1 width=10)
	        Index Cond: (id = 5648019)

table 4 : explain UPDATE sbtest4 SET k=k+1 WHERE id=857275
	Update on sbtest4  (cost=0.43..8.46 rows=0 width=0)
	  ->  Index Scan using sbtest4_pkey on sbtest4  (cost=0.43..8.46 rows=1 width=10)
	        Index Cond: (id = 857275)

table 5 : explain UPDATE sbtest5 SET k=k+1 WHERE id=502264
	Update on sbtest5  (cost=0.43..8.46 rows=0 width=0)
	  ->  Index Scan using sbtest5_pkey on sbtest5  (cost=0.43..8.46 rows=1 width=10)
	        Index Cond: (id = 502264)

table 6 : explain UPDATE sbtest6 SET k=k+1 WHERE id=4107525
	Update on sbtest6  (cost=0.43..8.46 rows=0 width=0)
	  ->  Index Scan using sbtest6_pkey on sbtest6  (cost=0.43..8.46 rows=1 width=10)
	        Index Cond: (id = 4107525)

table 7 : explain UPDATE sbtest7 SET k=k+1 WHERE id=8685132
	Update on sbtest7  (cost=0.43..8.46 rows=0 width=0)
	  ->  Index Scan using sbtest7_pkey on sbtest7  (cost=0.43..8.46 rows=1 width=10)
	        Index Cond: (id = 8685132)

table 8 : explain UPDATE sbtest8 SET k=k+1 WHERE id=2005476
	Update on sbtest8  (cost=0.43..8.46 rows=0 width=0)
	  ->  Index Scan using sbtest8_pkey on sbtest8  (cost=0.43..8.46 rows=1 width=10)
	        Index Cond: (id = 2005476)

for: distinct_ranges
table 1 : explain SELECT DISTINCT c FROM sbtest1 WHERE id BETWEEN 7674471 AND 7674570 ORDER BY c
	Unique  (cost=456.89..457.47 rows=116 width=121)
	  ->  Sort  (cost=456.89..457.18 rows=116 width=121)
	        Sort Key: c
	        ->  Index Scan using sbtest1_pkey on sbtest1  (cost=0.43..452.91 rows=116 width=121)
	              Index Cond: ((id >= 7674471) AND (id <= 7674570))

table 2 : explain SELECT DISTINCT c FROM sbtest2 WHERE id BETWEEN 9927488 AND 9927587 ORDER BY c
	Unique  (cost=409.11..409.63 rows=104 width=121)
	  ->  Sort  (cost=409.11..409.37 rows=104 width=121)
	        Sort Key: c
	        ->  Index Scan using sbtest2_pkey on sbtest2  (cost=0.43..405.63 rows=104 width=121)
	              Index Cond: ((id >= 9927488) AND (id <= 9927587))

table 3 : explain SELECT DISTINCT c FROM sbtest3 WHERE id BETWEEN 7173828 AND 7173927 ORDER BY c
	Unique  (cost=398.83..399.33 rows=101 width=121)
	  ->  Sort  (cost=398.83..399.08 rows=101 width=121)
	        Sort Key: c
	        ->  Index Scan using sbtest3_pkey on sbtest3  (cost=0.43..395.46 rows=101 width=121)
	              Index Cond: ((id >= 7173828) AND (id <= 7173927))

table 4 : explain SELECT DISTINCT c FROM sbtest4 WHERE id BETWEEN 561034 AND 561133 ORDER BY c
	Unique  (cost=389.46..389.95 rows=99 width=121)
	  ->  Sort  (cost=389.46..389.71 rows=99 width=121)
	        Sort Key: c
	        ->  Index Scan using sbtest4_pkey on sbtest4  (cost=0.43..386.18 rows=99 width=121)
	              Index Cond: ((id >= 561034) AND (id <= 561133))

table 5 : explain SELECT DISTINCT c FROM sbtest5 WHERE id BETWEEN 8977376 AND 8977475 ORDER BY c
	Unique  (cost=377.25..377.73 rows=96 width=121)
	  ->  Sort  (cost=377.25..377.49 rows=96 width=121)
	        Sort Key: c
	        ->  Index Scan using sbtest5_pkey on sbtest5  (cost=0.43..374.09 rows=96 width=121)
	              Index Cond: ((id >= 8977376) AND (id <= 8977475))

table 6 : explain SELECT DISTINCT c FROM sbtest6 WHERE id BETWEEN 3131593 AND 3131692 ORDER BY c
	Unique  (cost=385.45..385.94 rows=98 width=121)
	  ->  Sort  (cost=385.45..385.69 rows=98 width=121)
	        Sort Key: c
	        ->  Index Scan using sbtest6_pkey on sbtest6  (cost=0.43..382.21 rows=98 width=121)
	              Index Cond: ((id >= 3131593) AND (id <= 3131692))

table 7 : explain SELECT DISTINCT c FROM sbtest7 WHERE id BETWEEN 6788518 AND 6788617 ORDER BY c
	Unique  (cost=380.36..380.84 rows=97 width=121)
	  ->  Sort  (cost=380.36..380.60 rows=97 width=121)
	        Sort Key: c
	        ->  Index Scan using sbtest7_pkey on sbtest7  (cost=0.43..377.16 rows=97 width=121)
	              Index Cond: ((id >= 6788518) AND (id <= 6788617))

table 8 : explain SELECT DISTINCT c FROM sbtest8 WHERE id BETWEEN 692249 AND 692348 ORDER BY c
	Unique  (cost=380.71..381.20 rows=97 width=121)
	  ->  Sort  (cost=380.71..380.95 rows=97 width=121)
	        Sort Key: c
	        ->  Index Scan using sbtest8_pkey on sbtest8  (cost=0.43..377.51 rows=97 width=121)
	              Index Cond: ((id >= 692249) AND (id <= 692348))

for: order_ranges
table 1 : explain SELECT c FROM sbtest1 WHERE id BETWEEN 922764 AND 922863 ORDER BY c
	Sort  (cost=445.17..445.45 rows=113 width=121)
	  Sort Key: c
	  ->  Index Scan using sbtest1_pkey on sbtest1  (cost=0.43..441.32 rows=113 width=121)
	        Index Cond: ((id >= 922764) AND (id <= 922863))

table 2 : explain SELECT c FROM sbtest2 WHERE id BETWEEN 2343283 AND 2343382 ORDER BY c
	Sort  (cost=420.80..421.07 rows=107 width=121)
	  Sort Key: c
	  ->  Index Scan using sbtest2_pkey on sbtest2  (cost=0.43..417.19 rows=107 width=121)
	        Index Cond: ((id >= 2343283) AND (id <= 2343382))

table 3 : explain SELECT c FROM sbtest3 WHERE id BETWEEN 215519 AND 215618 ORDER BY c
	Sort  (cost=383.19..383.43 rows=97 width=121)
	  Sort Key: c
	  ->  Index Scan using sbtest3_pkey on sbtest3  (cost=0.43..379.99 rows=97 width=121)
	        Index Cond: ((id >= 215519) AND (id <= 215618))

table 4 : explain SELECT c FROM sbtest4 WHERE id BETWEEN 16272 AND 16371 ORDER BY c
	Sort  (cost=389.46..389.71 rows=99 width=121)
	  Sort Key: c
	  ->  Index Scan using sbtest4_pkey on sbtest4  (cost=0.43..386.18 rows=99 width=121)
	        Index Cond: ((id >= 16272) AND (id <= 16371))

table 5 : explain SELECT c FROM sbtest5 WHERE id BETWEEN 3185742 AND 3185841 ORDER BY c
	Sort  (cost=385.03..385.28 rows=98 width=121)
	  Sort Key: c
	  ->  Index Scan using sbtest5_pkey on sbtest5  (cost=0.43..381.79 rows=98 width=121)
	        Index Cond: ((id >= 3185742) AND (id <= 3185841))

table 6 : explain SELECT c FROM sbtest6 WHERE id BETWEEN 8843946 AND 8844045 ORDER BY c
	Sort  (cost=377.66..377.90 rows=96 width=121)
	  Sort Key: c
	  ->  Index Scan using sbtest6_pkey on sbtest6  (cost=0.43..374.50 rows=96 width=121)
	        Index Cond: ((id >= 8843946) AND (id <= 8844045))

table 7 : explain SELECT c FROM sbtest7 WHERE id BETWEEN 9455594 AND 9455693 ORDER BY c
	Sort  (cost=357.08..357.31 rows=91 width=121)
	  Sort Key: c
	  ->  Index Scan using sbtest7_pkey on sbtest7  (cost=0.43..354.12 rows=91 width=121)
	        Index Cond: ((id >= 9455594) AND (id <= 9455693))

table 8 : explain SELECT c FROM sbtest8 WHERE id BETWEEN 9210412 AND 9210511 ORDER BY c
	Sort  (cost=400.17..400.43 rows=102 width=121)
	  Sort Key: c
	  ->  Index Scan using sbtest8_pkey on sbtest8  (cost=0.43..396.77 rows=102 width=121)
	        Index Cond: ((id >= 9210412) AND (id <= 9210511))

for: distinct_ranges
table 1 : explain SELECT DISTINCT c FROM sbtest1 WHERE id BETWEEN 8399578 AND 8399677 ORDER BY c
	Unique  (cost=417.84..418.37 rows=106 width=121)
	  ->  Sort  (cost=417.84..418.10 rows=106 width=121)
	        Sort Key: c
	        ->  Index Scan using sbtest1_pkey on sbtest1  (cost=0.43..414.27 rows=106 width=121)
	              Index Cond: ((id >= 8399578) AND (id <= 8399677))

table 2 : explain SELECT DISTINCT c FROM sbtest2 WHERE id BETWEEN 556483 AND 556582 ORDER BY c
	Unique  (cost=385.70..386.19 rows=98 width=121)
	  ->  Sort  (cost=385.70..385.94 rows=98 width=121)
	        Sort Key: c
	        ->  Index Scan using sbtest2_pkey on sbtest2  (cost=0.43..382.46 rows=98 width=121)
	              Index Cond: ((id >= 556483) AND (id <= 556582))

table 3 : explain SELECT DISTINCT c FROM sbtest3 WHERE id BETWEEN 1332042 AND 1332141 ORDER BY c
	Unique  (cost=414.50..415.03 rows=105 width=121)
	  ->  Sort  (cost=414.50..414.77 rows=105 width=121)
	        Sort Key: c
	        ->  Index Scan using sbtest3_pkey on sbtest3  (cost=0.43..410.98 rows=105 width=121)
	              Index Cond: ((id >= 1332042) AND (id <= 1332141))

table 4 : explain SELECT DISTINCT c FROM sbtest4 WHERE id BETWEEN 1743290 AND 1743389 ORDER BY c
	Unique  (cost=385.57..386.06 rows=98 width=121)
	  ->  Sort  (cost=385.57..385.81 rows=98 width=121)
	        Sort Key: c
	        ->  Index Scan using sbtest4_pkey on sbtest4  (cost=0.43..382.32 rows=98 width=121)
	              Index Cond: ((id >= 1743290) AND (id <= 1743389))

table 5 : explain SELECT DISTINCT c FROM sbtest5 WHERE id BETWEEN 5840512 AND 5840611 ORDER BY c
	Unique  (cost=423.96..424.50 rows=108 width=121)
	  ->  Sort  (cost=423.96..424.23 rows=108 width=121)
	        Sort Key: c
	        ->  Index Scan using sbtest5_pkey on sbtest5  (cost=0.43..420.31 rows=108 width=121)
	              Index Cond: ((id >= 5840512) AND (id <= 5840611))

table 6 : explain SELECT DISTINCT c FROM sbtest6 WHERE id BETWEEN 8910082 AND 8910181 ORDER BY c
	Unique  (cost=377.66..378.14 rows=96 width=121)
	  ->  Sort  (cost=377.66..377.90 rows=96 width=121)
	        Sort Key: c
	        ->  Index Scan using sbtest6_pkey on sbtest6  (cost=0.43..374.50 rows=96 width=121)
	              Index Cond: ((id >= 8910082) AND (id <= 8910181))

table 7 : explain SELECT DISTINCT c FROM sbtest7 WHERE id BETWEEN 1073678 AND 1073777 ORDER BY c
	Unique  (cost=411.44..411.97 rows=105 width=121)
	  ->  Sort  (cost=411.44..411.71 rows=105 width=121)
	        Sort Key: c
	        ->  Index Scan using sbtest7_pkey on sbtest7  (cost=0.43..407.92 rows=105 width=121)
	              Index Cond: ((id >= 1073678) AND (id <= 1073777))

table 8 : explain SELECT DISTINCT c FROM sbtest8 WHERE id BETWEEN 7965191 AND 7965290 ORDER BY c
	Unique  (cost=388.48..388.97 rows=99 width=121)
	  ->  Sort  (cost=388.48..388.72 rows=99 width=121)
	        Sort Key: c
	        ->  Index Scan using sbtest8_pkey on sbtest8  (cost=0.43..385.20 rows=99 width=121)
	              Index Cond: ((id >= 7965191) AND (id <= 7965290))

for non_index_updates
table 1 : explain UPDATE sbtest1 SET c='foobar' WHERE id=8337252
	Update on sbtest1  (cost=0.43..8.45 rows=0 width=0)
	  ->  Index Scan using sbtest1_pkey on sbtest1  (cost=0.43..8.45 rows=1 width=490)
	        Index Cond: (id = 8337252)

table 2 : explain UPDATE sbtest2 SET c='foobar' WHERE id=2175025
	Update on sbtest2  (cost=0.43..8.45 rows=0 width=0)
	  ->  Index Scan using sbtest2_pkey on sbtest2  (cost=0.43..8.45 rows=1 width=490)
	        Index Cond: (id = 2175025)

table 3 : explain UPDATE sbtest3 SET c='foobar' WHERE id=2154646
	Update on sbtest3  (cost=0.43..8.45 rows=0 width=0)
	  ->  Index Scan using sbtest3_pkey on sbtest3  (cost=0.43..8.45 rows=1 width=490)
	        Index Cond: (id = 2154646)

table 4 : explain UPDATE sbtest4 SET c='foobar' WHERE id=5550289
	Update on sbtest4  (cost=0.43..8.45 rows=0 width=0)
	  ->  Index Scan using sbtest4_pkey on sbtest4  (cost=0.43..8.45 rows=1 width=490)
	        Index Cond: (id = 5550289)

table 5 : explain UPDATE sbtest5 SET c='foobar' WHERE id=1264686
	Update on sbtest5  (cost=0.43..8.45 rows=0 width=0)
	  ->  Index Scan using sbtest5_pkey on sbtest5  (cost=0.43..8.45 rows=1 width=490)
	        Index Cond: (id = 1264686)

table 6 : explain UPDATE sbtest6 SET c='foobar' WHERE id=2802063
	Update on sbtest6  (cost=0.43..8.45 rows=0 width=0)
	  ->  Index Scan using sbtest6_pkey on sbtest6  (cost=0.43..8.45 rows=1 width=490)
	        Index Cond: (id = 2802063)

table 7 : explain UPDATE sbtest7 SET c='foobar' WHERE id=7733881
	Update on sbtest7  (cost=0.43..8.45 rows=0 width=0)
	  ->  Index Scan using sbtest7_pkey on sbtest7  (cost=0.43..8.45 rows=1 width=490)
	        Index Cond: (id = 7733881)

table 8 : explain UPDATE sbtest8 SET c='foobar' WHERE id=95275
	Update on sbtest8  (cost=0.43..8.45 rows=0 width=0)
	  ->  Index Scan using sbtest8_pkey on sbtest8  (cost=0.43..8.45 rows=1 width=490)
	        Index Cond: (id = 95275)

for: distinct_ranges
table 1 : explain SELECT DISTINCT c FROM sbtest1 WHERE id BETWEEN 5931237 AND 5931336 ORDER BY c
	Unique  (cost=382.66..383.14 rows=97 width=121)
	  ->  Sort  (cost=382.66..382.90 rows=97 width=121)
	        Sort Key: c
	        ->  Index Scan using sbtest1_pkey on sbtest1  (cost=0.43..379.46 rows=97 width=121)
	              Index Cond: ((id >= 5931237) AND (id <= 5931336))

table 2 : explain SELECT DISTINCT c FROM sbtest2 WHERE id BETWEEN 6486985 AND 6487084 ORDER BY c
	Unique  (cost=401.28..401.79 rows=102 width=121)
	  ->  Sort  (cost=401.28..401.54 rows=102 width=121)
	        Sort Key: c
	        ->  Index Scan using sbtest2_pkey on sbtest2  (cost=0.43..397.88 rows=102 width=121)
	              Index Cond: ((id >= 6486985) AND (id <= 6487084))

table 3 : explain SELECT DISTINCT c FROM sbtest3 WHERE id BETWEEN 31823 AND 31922 ORDER BY c
	Unique  (cost=391.01..391.50 rows=99 width=121)
	  ->  Sort  (cost=391.01..391.25 rows=99 width=121)
	        Sort Key: c
	        ->  Index Scan using sbtest3_pkey on sbtest3  (cost=0.43..387.72 rows=99 width=121)
	              Index Cond: ((id >= 31823) AND (id <= 31922))

table 4 : explain SELECT DISTINCT c FROM sbtest4 WHERE id BETWEEN 8921028 AND 8921127 ORDER BY c
	Unique  (cost=358.31..358.77 rows=91 width=121)
	  ->  Sort  (cost=358.31..358.54 rows=91 width=121)
	        Sort Key: c
	        ->  Index Scan using sbtest4_pkey on sbtest4  (cost=0.43..355.35 rows=91 width=121)
	              Index Cond: ((id >= 8921028) AND (id <= 8921127))

table 5 : explain SELECT DISTINCT c FROM sbtest5 WHERE id BETWEEN 3630535 AND 3630634 ORDER BY c
	Unique  (cost=420.07..420.61 rows=107 width=121)
	  ->  Sort  (cost=420.07..420.34 rows=107 width=121)
	        Sort Key: c
	        ->  Index Scan using sbtest5_pkey on sbtest5  (cost=0.43..416.46 rows=107 width=121)
	              Index Cond: ((id >= 3630535) AND (id <= 3630634))

table 6 : explain SELECT DISTINCT c FROM sbtest6 WHERE id BETWEEN 3297099 AND 3297198 ORDER BY c
	Unique  (cost=365.99..366.45 rows=93 width=121)
	  ->  Sort  (cost=365.99..366.22 rows=93 width=121)
	        Sort Key: c
	        ->  Index Scan using sbtest6_pkey on sbtest6  (cost=0.43..362.94 rows=93 width=121)
	              Index Cond: ((id >= 3297099) AND (id <= 3297198))

table 7 : explain SELECT DISTINCT c FROM sbtest7 WHERE id BETWEEN 9183080 AND 9183179 ORDER BY c
	Unique  (cost=411.44..411.97 rows=105 width=121)
	  ->  Sort  (cost=411.44..411.71 rows=105 width=121)
	        Sort Key: c
	        ->  Index Scan using sbtest7_pkey on sbtest7  (cost=0.43..407.92 rows=105 width=121)
	              Index Cond: ((id >= 9183080) AND (id <= 9183179))

table 8 : explain SELECT DISTINCT c FROM sbtest8 WHERE id BETWEEN 2163172 AND 2163271 ORDER BY c
	Unique  (cost=369.06..369.53 rows=94 width=121)
	  ->  Sort  (cost=369.06..369.29 rows=94 width=121)
	        Sort Key: c
	        ->  Index Scan using sbtest8_pkey on sbtest8  (cost=0.43..365.98 rows=94 width=121)
	              Index Cond: ((id >= 2163172) AND (id <= 2163271))

for: sum_ranges
table 1 : explain SELECT SUM(k) FROM sbtest1 WHERE id BETWEEN 7969304 AND 7969403
	Aggregate  (cost=399.03..399.04 rows=1 width=8)
	  ->  Index Scan using sbtest1_pkey on sbtest1  (cost=0.43..398.78 rows=102 width=4)
	        Index Cond: ((id >= 7969304) AND (id <= 7969403))

table 2 : explain SELECT SUM(k) FROM sbtest2 WHERE id BETWEEN 4108382 AND 4108481
	Aggregate  (cost=394.28..394.29 rows=1 width=8)
	  ->  Index Scan using sbtest2_pkey on sbtest2  (cost=0.43..394.02 rows=101 width=4)
	        Index Cond: ((id >= 4108382) AND (id <= 4108481))

table 3 : explain SELECT SUM(k) FROM sbtest3 WHERE id BETWEEN 797921 AND 798020
	Aggregate  (cost=395.75..395.76 rows=1 width=8)
	  ->  Index Scan using sbtest3_pkey on sbtest3  (cost=0.43..395.50 rows=101 width=4)
	        Index Cond: ((id >= 797921) AND (id <= 798020))

table 4 : explain SELECT SUM(k) FROM sbtest4 WHERE id BETWEEN 7428409 AND 7428508
	Aggregate  (cost=417.31..417.32 rows=1 width=8)
	  ->  Index Scan using sbtest4_pkey on sbtest4  (cost=0.43..417.05 rows=107 width=4)
	        Index Cond: ((id >= 7428409) AND (id <= 7428508))

table 5 : explain SELECT SUM(k) FROM sbtest5 WHERE id BETWEEN 7603646 AND 7603745
	Aggregate  (cost=366.63..366.64 rows=1 width=8)
	  ->  Index Scan using sbtest5_pkey on sbtest5  (cost=0.43..366.40 rows=94 width=4)
	        Index Cond: ((id >= 7603646) AND (id <= 7603745))

table 6 : explain SELECT SUM(k) FROM sbtest6 WHERE id BETWEEN 9010202 AND 9010301
	Aggregate  (cost=382.45..382.46 rows=1 width=8)
	  ->  Index Scan using sbtest6_pkey on sbtest6  (cost=0.43..382.21 rows=98 width=4)
	        Index Cond: ((id >= 9010202) AND (id <= 9010301))

table 7 : explain SELECT SUM(k) FROM sbtest7 WHERE id BETWEEN 1477552 AND 1477651
	Aggregate  (cost=377.40..377.41 rows=1 width=8)
	  ->  Index Scan using sbtest7_pkey on sbtest7  (cost=0.43..377.16 rows=97 width=4)
	        Index Cond: ((id >= 1477552) AND (id <= 1477651))

table 8 : explain SELECT SUM(k) FROM sbtest8 WHERE id BETWEEN 7318925 AND 7319024
	Aggregate  (cost=397.03..397.04 rows=1 width=8)
	  ->  Index Scan using sbtest8_pkey on sbtest8  (cost=0.43..396.77 rows=102 width=4)
	        Index Cond: ((id >= 7318925) AND (id <= 7319024))

for: distinct_ranges
table 1 : explain SELECT DISTINCT c FROM sbtest1 WHERE id BETWEEN 5166221 AND 5166320 ORDER BY c
	Unique  (cost=343.62..344.06 rows=87 width=121)
	  ->  Sort  (cost=343.62..343.84 rows=87 width=121)
	        Sort Key: c
	        ->  Index Scan using sbtest1_pkey on sbtest1  (cost=0.43..340.82 rows=87 width=121)
	              Index Cond: ((id >= 5166221) AND (id <= 5166320))

table 2 : explain SELECT DISTINCT c FROM sbtest2 WHERE id BETWEEN 6606012 AND 6606111 ORDER BY c
	Unique  (cost=405.22..405.73 rows=103 width=121)
	  ->  Sort  (cost=405.22..405.47 rows=103 width=121)
	        Sort Key: c
	        ->  Index Scan using sbtest2_pkey on sbtest2  (cost=0.43..401.77 rows=103 width=121)
	              Index Cond: ((id >= 6606012) AND (id <= 6606111))

table 3 : explain SELECT DISTINCT c FROM sbtest3 WHERE id BETWEEN 7459743 AND 7459842 ORDER BY c
	Unique  (cost=398.83..399.33 rows=101 width=121)
	  ->  Sort  (cost=398.83..399.08 rows=101 width=121)
	        Sort Key: c
	        ->  Index Scan using sbtest3_pkey on sbtest3  (cost=0.43..395.46 rows=101 width=121)
	              Index Cond: ((id >= 7459743) AND (id <= 7459842))

table 4 : explain SELECT DISTINCT c FROM sbtest4 WHERE id BETWEEN 5663554 AND 5663653 ORDER BY c
	Unique  (cost=385.57..386.06 rows=98 width=121)
	  ->  Sort  (cost=385.57..385.81 rows=98 width=121)
	        Sort Key: c
	        ->  Index Scan using sbtest4_pkey on sbtest4  (cost=0.43..382.32 rows=98 width=121)
	              Index Cond: ((id >= 5663554) AND (id <= 5663653))

table 5 : explain SELECT DISTINCT c FROM sbtest5 WHERE id BETWEEN 7668787 AND 7668886 ORDER BY c
	Unique  (cost=369.48..369.95 rows=94 width=121)
	  ->  Sort  (cost=369.48..369.71 rows=94 width=121)
	        Sort Key: c
	        ->  Index Scan using sbtest5_pkey on sbtest5  (cost=0.43..366.40 rows=94 width=121)
	              Index Cond: ((id >= 7668787) AND (id <= 7668886))

table 6 : explain SELECT DISTINCT c FROM sbtest6 WHERE id BETWEEN 7886198 AND 7886297 ORDER BY c
	Unique  (cost=389.34..389.83 rows=99 width=121)
	  ->  Sort  (cost=389.34..389.59 rows=99 width=121)
	        Sort Key: c
	        ->  Index Scan using sbtest6_pkey on sbtest6  (cost=0.43..386.06 rows=99 width=121)
	              Index Cond: ((id >= 7886198) AND (id <= 7886297))

table 7 : explain SELECT DISTINCT c FROM sbtest7 WHERE id BETWEEN 2220999 AND 2221098 ORDER BY c
	Unique  (cost=426.97..427.51 rows=109 width=121)
	  ->  Sort  (cost=426.97..427.24 rows=109 width=121)
	        Sort Key: c
	        ->  Index Scan using sbtest7_pkey on sbtest7  (cost=0.43..423.28 rows=109 width=121)
	              Index Cond: ((id >= 2220999) AND (id <= 2221098))

table 8 : explain SELECT DISTINCT c FROM sbtest8 WHERE id BETWEEN 3406139 AND 3406238 ORDER BY c
	Unique  (cost=392.41..392.91 rows=100 width=121)
	  ->  Sort  (cost=392.41..392.66 rows=100 width=121)
	        Sort Key: c
	        ->  Index Scan using sbtest8_pkey on sbtest8  (cost=0.43..389.08 rows=100 width=121)
	              Index Cond: ((id >= 3406139) AND (id <= 3406238))

for point_selects
table 1 : explain SELECT c FROM sbtest1 WHERE id=6077565
	Index Scan using sbtest1_pkey on sbtest1  (cost=0.43..8.45 rows=1 width=121)
	  Index Cond: (id = 6077565)

table 2 : explain SELECT c FROM sbtest2 WHERE id=593666
	Index Scan using sbtest2_pkey on sbtest2  (cost=0.43..8.45 rows=1 width=121)
	  Index Cond: (id = 593666)

table 3 : explain SELECT c FROM sbtest3 WHERE id=8589753
	Index Scan using sbtest3_pkey on sbtest3  (cost=0.43..8.45 rows=1 width=121)
	  Index Cond: (id = 8589753)

table 4 : explain SELECT c FROM sbtest4 WHERE id=9572688
	Index Scan using sbtest4_pkey on sbtest4  (cost=0.43..8.45 rows=1 width=121)
	  Index Cond: (id = 9572688)

table 5 : explain SELECT c FROM sbtest5 WHERE id=6360922
	Index Scan using sbtest5_pkey on sbtest5  (cost=0.43..8.45 rows=1 width=121)
	  Index Cond: (id = 6360922)

table 6 : explain SELECT c FROM sbtest6 WHERE id=1562113
	Index Scan using sbtest6_pkey on sbtest6  (cost=0.43..8.45 rows=1 width=121)
	  Index Cond: (id = 1562113)

table 7 : explain SELECT c FROM sbtest7 WHERE id=75270
	Index Scan using sbtest7_pkey on sbtest7  (cost=0.43..8.45 rows=1 width=121)
	  Index Cond: (id = 75270)

table 8 : explain SELECT c FROM sbtest8 WHERE id=2668308
	Index Scan using sbtest8_pkey on sbtest8  (cost=0.43..8.45 rows=1 width=121)
	  Index Cond: (id = 2668308)

explain: for deletes :: explain DELETE FROM sbtest%u WHERE id=%uexplain: for index_updates :: explain UPDATE sbtest%u SET k=k+1 WHERE id=%u

for: order_ranges
table 1 : explain SELECT c FROM sbtest1 WHERE id BETWEEN 1173419 AND 1173518 ORDER BY c
	Sort  (cost=382.66..382.90 rows=97 width=121)
	  Sort Key: c
	  ->  Index Scan using sbtest1_pkey on sbtest1  (cost=0.43..379.46 rows=97 width=121)
	        Index Cond: ((id >= 1173419) AND (id <= 1173518))

table 2 : explain SELECT c FROM sbtest2 WHERE id BETWEEN 8320181 AND 8320280 ORDER BY c
	Sort  (cost=389.59..389.84 rows=99 width=121)
	  Sort Key: c
	  ->  Index Scan using sbtest2_pkey on sbtest2  (cost=0.43..386.31 rows=99 width=121)
	        Index Cond: ((id >= 8320181) AND (id <= 8320280))

table 3 : explain SELECT c FROM sbtest3 WHERE id BETWEEN 1672657 AND 1672756 ORDER BY c
	Sort  (cost=383.19..383.43 rows=97 width=121)
	  Sort Key: c
	  ->  Index Scan using sbtest3_pkey on sbtest3  (cost=0.43..379.99 rows=97 width=121)
	        Index Cond: ((id >= 1672657) AND (id <= 1672756))

table 4 : explain SELECT c FROM sbtest4 WHERE id BETWEEN 6754305 AND 6754404 ORDER BY c
	Sort  (cost=420.65..420.92 rows=107 width=121)
	  Sort Key: c
	  ->  Index Scan using sbtest4_pkey on sbtest4  (cost=0.43..417.05 rows=107 width=121)
	        Index Cond: ((id >= 6754305) AND (id <= 6754404))

table 5 : explain SELECT c FROM sbtest5 WHERE id BETWEEN 2421469 AND 2421568 ORDER BY c
	Sort  (cost=404.52..404.77 rows=103 width=121)
	  Sort Key: c
	  ->  Index Scan using sbtest5_pkey on sbtest5  (cost=0.43..401.07 rows=103 width=121)
	        Index Cond: ((id >= 2421469) AND (id <= 2421568))

table 6 : explain SELECT c FROM sbtest6 WHERE id BETWEEN 3202170 AND 3202269 ORDER BY c
	Sort  (cost=397.17..397.42 rows=101 width=121)
	  Sort Key: c
	  ->  Index Scan using sbtest6_pkey on sbtest6  (cost=0.43..393.80 rows=101 width=121)
	        Index Cond: ((id >= 3202170) AND (id <= 3202269))

table 7 : explain SELECT c FROM sbtest7 WHERE id BETWEEN 3850026 AND 3850125 ORDER BY c
	Sort  (cost=380.36..380.60 rows=97 width=121)
	  Sort Key: c
	  ->  Index Scan using sbtest7_pkey on sbtest7  (cost=0.43..377.16 rows=97 width=121)
	        Index Cond: ((id >= 3850026) AND (id <= 3850125))

table 8 : explain SELECT c FROM sbtest8 WHERE id BETWEEN 2886140 AND 2886239 ORDER BY c
	Sort  (cost=407.94..408.20 rows=104 width=121)
	  Sort Key: c
	  ->  Index Scan using sbtest8_pkey on sbtest8  (cost=0.43..404.46 rows=104 width=121)
	        Index Cond: ((id >= 2886140) AND (id <= 2886239))

for: distinct_ranges
table 1 : explain SELECT DISTINCT c FROM sbtest1 WHERE id BETWEEN 9347821 AND 9347920 ORDER BY c
	Unique  (cost=402.18..402.69 rows=102 width=121)
	  ->  Sort  (cost=402.18..402.43 rows=102 width=121)
	        Sort Key: c
	        ->  Index Scan using sbtest1_pkey on sbtest1  (cost=0.43..398.78 rows=102 width=121)
	              Index Cond: ((id >= 9347821) AND (id <= 9347920))

table 2 : explain SELECT DISTINCT c FROM sbtest2 WHERE id BETWEEN 720069 AND 720168 ORDER BY c
	Unique  (cost=428.59..429.14 rows=109 width=121)
	  ->  Sort  (cost=428.59..428.86 rows=109 width=121)
	        Sort Key: c
	        ->  Index Scan using sbtest2_pkey on sbtest2  (cost=0.43..424.90 rows=109 width=121)
	              Index Cond: ((id >= 720069) AND (id <= 720168))

table 3 : explain SELECT DISTINCT c FROM sbtest3 WHERE id BETWEEN 7375380 AND 7375479 ORDER BY c
	Unique  (cost=367.55..368.01 rows=93 width=121)
	  ->  Sort  (cost=367.55..367.78 rows=93 width=121)
	        Sort Key: c
	        ->  Index Scan using sbtest3_pkey on sbtest3  (cost=0.43..364.51 rows=93 width=121)
	              Index Cond: ((id >= 7375380) AND (id <= 7375479))

table 4 : explain SELECT DISTINCT c FROM sbtest4 WHERE id BETWEEN 3783059 AND 3783158 ORDER BY c
	Unique  (cost=405.08..405.59 rows=103 width=121)
	  ->  Sort  (cost=405.08..405.33 rows=103 width=121)
	        Sort Key: c
	        ->  Index Scan using sbtest4_pkey on sbtest4  (cost=0.43..401.63 rows=103 width=121)
	              Index Cond: ((id >= 3783059) AND (id <= 3783158))

table 5 : explain SELECT DISTINCT c FROM sbtest5 WHERE id BETWEEN 7461312 AND 7461411 ORDER BY c
	Unique  (cost=404.52..405.03 rows=103 width=121)
	  ->  Sort  (cost=404.52..404.77 rows=103 width=121)
	        Sort Key: c
	        ->  Index Scan using sbtest5_pkey on sbtest5  (cost=0.43..401.07 rows=103 width=121)
	              Index Cond: ((id >= 7461312) AND (id <= 7461411))

table 6 : explain SELECT DISTINCT c FROM sbtest6 WHERE id BETWEEN 7880586 AND 7880685 ORDER BY c
	Unique  (cost=389.34..389.83 rows=99 width=121)
	  ->  Sort  (cost=389.34..389.59 rows=99 width=121)
	        Sort Key: c
	        ->  Index Scan using sbtest6_pkey on sbtest6  (cost=0.43..386.06 rows=99 width=121)
	              Index Cond: ((id >= 7880586) AND (id <= 7880685))

table 7 : explain SELECT DISTINCT c FROM sbtest7 WHERE id BETWEEN 4654713 AND 4654812 ORDER BY c
	Unique  (cost=384.24..384.73 rows=98 width=121)
	  ->  Sort  (cost=384.24..384.48 rows=98 width=121)
	        Sort Key: c
	        ->  Index Scan using sbtest7_pkey on sbtest7  (cost=0.43..381.00 rows=98 width=121)
	              Index Cond: ((id >= 4654713) AND (id <= 4654812))

table 8 : explain SELECT DISTINCT c FROM sbtest8 WHERE id BETWEEN 3815407 AND 3815506 ORDER BY c
	Unique  (cost=388.48..388.97 rows=99 width=121)
	  ->  Sort  (cost=388.48..388.72 rows=99 width=121)
	        Sort Key: c
	        ->  Index Scan using sbtest8_pkey on sbtest8  (cost=0.43..385.20 rows=99 width=121)
	              Index Cond: ((id >= 3815407) AND (id <= 3815506))

explain: for index_updates :: explain UPDATE sbtest%u SET k=k+1 WHERE id=%u
explain: for index_updates :: explain UPDATE sbtest%u SET k=k+1 WHERE id=%u
for: simple_ranges
table 1 : explain SELECT c FROM sbtest1 WHERE id BETWEEN 6160743 AND 6160842
	Index Scan using sbtest1_pkey on sbtest1  (cost=0.43..352.41 rows=90 width=121)
	  Index Cond: ((id >= 6160743) AND (id <= 6160842))

table 2 : explain SELECT c FROM sbtest2 WHERE id BETWEEN 2835394 AND 2835493
	Index Scan using sbtest2_pkey on sbtest2  (cost=0.43..413.34 rows=106 width=121)
	  Index Cond: ((id >= 2835394) AND (id <= 2835493))

table 3 : explain SELECT c FROM sbtest3 WHERE id BETWEEN 98098 AND 98197
	Index Scan using sbtest3_pkey on sbtest3  (cost=0.43..387.72 rows=99 width=121)
	  Index Cond: ((id >= 98098) AND (id <= 98197))

table 4 : explain SELECT c FROM sbtest4 WHERE id BETWEEN 4599384 AND 4599483
	Index Scan using sbtest4_pkey on sbtest4  (cost=0.43..401.63 rows=103 width=121)
	  Index Cond: ((id >= 4599384) AND (id <= 4599483))

table 5 : explain SELECT c FROM sbtest5 WHERE id BETWEEN 7422801 AND 7422900
	Index Scan using sbtest5_pkey on sbtest5  (cost=0.43..401.07 rows=103 width=121)
	  Index Cond: ((id >= 7422801) AND (id <= 7422900))

table 6 : explain SELECT c FROM sbtest6 WHERE id BETWEEN 5970118 AND 5970217
	Index Scan using sbtest6_pkey on sbtest6  (cost=0.43..378.35 rows=97 width=121)
	  Index Cond: ((id >= 5970118) AND (id <= 5970217))

table 7 : explain SELECT c FROM sbtest7 WHERE id BETWEEN 1447821 AND 1447920
	Index Scan using sbtest7_pkey on sbtest7  (cost=0.43..373.32 rows=96 width=121)
	  Index Cond: ((id >= 1447821) AND (id <= 1447920))

table 8 : explain SELECT c FROM sbtest8 WHERE id BETWEEN 4362697 AND 4362796
	Index Scan using sbtest8_pkey on sbtest8  (cost=0.43..381.35 rows=98 width=121)
	  Index Cond: ((id >= 4362697) AND (id <= 4362796))

explain: for non_index_updates :: explain UPDATE sbtest%u SET c='foobar' WHERE id=%u
for deletes
table 1 : explain DELETE FROM sbtest1 WHERE id=6842828
	Delete on sbtest1  (cost=0.43..8.45 rows=0 width=0)
	  ->  Index Scan using sbtest1_pkey on sbtest1  (cost=0.43..8.45 rows=1 width=6)
	        Index Cond: (id = 6842828)

table 2 : explain DELETE FROM sbtest2 WHERE id=3867595
	Delete on sbtest2  (cost=0.43..8.45 rows=0 width=0)
	  ->  Index Scan using sbtest2_pkey on sbtest2  (cost=0.43..8.45 rows=1 width=6)
	        Index Cond: (id = 3867595)

table 3 : explain DELETE FROM sbtest3 WHERE id=1808922
	Delete on sbtest3  (cost=0.43..8.45 rows=0 width=0)
	  ->  Index Scan using sbtest3_pkey on sbtest3  (cost=0.43..8.45 rows=1 width=6)
	        Index Cond: (id = 1808922)

table 4 : explain DELETE FROM sbtest4 WHERE id=9900345
	Delete on sbtest4  (cost=0.43..8.45 rows=0 width=0)
	  ->  Index Scan using sbtest4_pkey on sbtest4  (cost=0.43..8.45 rows=1 width=6)
	        Index Cond: (id = 9900345)

table 5 : explain DELETE FROM sbtest5 WHERE id=224507
	Delete on sbtest5  (cost=0.43..8.45 rows=0 width=0)
	  ->  Index Scan using sbtest5_pkey on sbtest5  (cost=0.43..8.45 rows=1 width=6)
	        Index Cond: (id = 224507)

table 6 : explain DELETE FROM sbtest6 WHERE id=4245477
	Delete on sbtest6  (cost=0.43..8.45 rows=0 width=0)
	  ->  Index Scan using sbtest6_pkey on sbtest6  (cost=0.43..8.45 rows=1 width=6)
	        Index Cond: (id = 4245477)

table 7 : explain DELETE FROM sbtest7 WHERE id=5218655
	Delete on sbtest7  (cost=0.43..8.45 rows=0 width=0)
	  ->  Index Scan using sbtest7_pkey on sbtest7  (cost=0.43..8.45 rows=1 width=6)
	        Index Cond: (id = 5218655)

table 8 : explain DELETE FROM sbtest8 WHERE id=8732884
	Delete on sbtest8  (cost=0.43..8.45 rows=0 width=0)
	  ->  Index Scan using sbtest8_pkey on sbtest8  (cost=0.43..8.45 rows=1 width=6)
	        Index Cond: (id = 8732884)

explain: for index_updates :: explain UPDATE sbtest%u SET k=k+1 WHERE id=%u
explain: for index_updates :: explain UPDATE sbtest%u SET k=k+1 WHERE id=%u
explain: for index_updates :: explain UPDATE sbtest%u SET k=k+1 WHERE id=%u
for index_updates
table 1 : explain UPDATE sbtest1 SET k=k+1 WHERE id=4190159
	Update on sbtest1  (cost=0.43..8.46 rows=0 width=0)
	  ->  Index Scan using sbtest1_pkey on sbtest1  (cost=0.43..8.46 rows=1 width=10)
	        Index Cond: (id = 4190159)

table 2 : explain UPDATE sbtest2 SET k=k+1 WHERE id=2045927
	Update on sbtest2  (cost=0.43..8.46 rows=0 width=0)
	  ->  Index Scan using sbtest2_pkey on sbtest2  (cost=0.43..8.46 rows=1 width=10)
	        Index Cond: (id = 2045927)

table 3 : explain UPDATE sbtest3 SET k=k+1 WHERE id=8818785
	Update on sbtest3  (cost=0.43..8.46 rows=0 width=0)
	  ->  Index Scan using sbtest3_pkey on sbtest3  (cost=0.43..8.46 rows=1 width=10)
	        Index Cond: (id = 8818785)

table 4 : explain UPDATE sbtest4 SET k=k+1 WHERE id=3297396
	Update on sbtest4  (cost=0.43..8.46 rows=0 width=0)
	  ->  Index Scan using sbtest4_pkey on sbtest4  (cost=0.43..8.46 rows=1 width=10)
	        Index Cond: (id = 3297396)

table 5 : explain UPDATE sbtest5 SET k=k+1 WHERE id=6988837
	Update on sbtest5  (cost=0.43..8.46 rows=0 width=0)
	  ->  Index Scan using sbtest5_pkey on sbtest5  (cost=0.43..8.46 rows=1 width=10)
	        Index Cond: (id = 6988837)

table 6 : explain UPDATE sbtest6 SET k=k+1 WHERE id=3875401
	Update on sbtest6  (cost=0.43..8.46 rows=0 width=0)
	  ->  Index Scan using sbtest6_pkey on sbtest6  (cost=0.43..8.46 rows=1 width=10)
	        Index Cond: (id = 3875401)

table 7 : explain UPDATE sbtest7 SET k=k+1 WHERE id=4190533
	Update on sbtest7  (cost=0.43..8.46 rows=0 width=0)
	  ->  Index Scan using sbtest7_pkey on sbtest7  (cost=0.43..8.46 rows=1 width=10)
	        Index Cond: (id = 4190533)

table 8 : explain UPDATE sbtest8 SET k=k+1 WHERE id=4175040
	Update on sbtest8  (cost=0.43..8.46 rows=0 width=0)
	  ->  Index Scan using sbtest8_pkey on sbtest8  (cost=0.43..8.46 rows=1 width=10)
	        Index Cond: (id = 4175040)

for: distinct_ranges
table 1 : explain SELECT DISTINCT c FROM sbtest1 WHERE id BETWEEN 9708318 AND 9708417 ORDER BY c
	Unique  (cost=398.27..398.78 rows=101 width=121)
	  ->  Sort  (cost=398.27..398.53 rows=101 width=121)
	        Sort Key: c
	        ->  Index Scan using sbtest1_pkey on sbtest1  (cost=0.43..394.91 rows=101 width=121)
	              Index Cond: ((id >= 9708318) AND (id <= 9708417))

table 2 : explain SELECT DISTINCT c FROM sbtest2 WHERE id BETWEEN 3941538 AND 3941637 ORDER BY c
	Unique  (cost=413.01..413.53 rows=105 width=121)
	  ->  Sort  (cost=413.01..413.27 rows=105 width=121)
	        Sort Key: c
	        ->  Index Scan using sbtest2_pkey on sbtest2  (cost=0.43..409.48 rows=105 width=121)
	              Index Cond: ((id >= 3941538) AND (id <= 3941637))

table 3 : explain SELECT DISTINCT c FROM sbtest3 WHERE id BETWEEN 9817228 AND 9817327 ORDER BY c
	Unique  (cost=391.01..391.50 rows=99 width=121)
	  ->  Sort  (cost=391.01..391.25 rows=99 width=121)
	        Sort Key: c
	        ->  Index Scan using sbtest3_pkey on sbtest3  (cost=0.43..387.72 rows=99 width=121)
	              Index Cond: ((id >= 9817228) AND (id <= 9817327))

table 4 : explain SELECT DISTINCT c FROM sbtest4 WHERE id BETWEEN 1580284 AND 1580383 ORDER BY c
	Unique  (cost=401.18..401.69 rows=102 width=121)
	  ->  Sort  (cost=401.18..401.44 rows=102 width=121)
	        Sort Key: c
	        ->  Index Scan using sbtest4_pkey on sbtest4  (cost=0.43..397.78 rows=102 width=121)
	              Index Cond: ((id >= 1580284) AND (id <= 1580383))

table 5 : explain SELECT DISTINCT c FROM sbtest5 WHERE id BETWEEN 3492064 AND 3492163 ORDER BY c
	Unique  (cost=377.25..377.73 rows=96 width=121)
	  ->  Sort  (cost=377.25..377.49 rows=96 width=121)
	        Sort Key: c
	        ->  Index Scan using sbtest5_pkey on sbtest5  (cost=0.43..374.09 rows=96 width=121)
	              Index Cond: ((id >= 3492064) AND (id <= 3492163))

table 6 : explain SELECT DISTINCT c FROM sbtest6 WHERE id BETWEEN 6826518 AND 6826617 ORDER BY c
	Unique  (cost=424.42..424.96 rows=108 width=121)
	  ->  Sort  (cost=424.42..424.69 rows=108 width=121)
	        Sort Key: c
	        ->  Index Scan using sbtest6_pkey on sbtest6  (cost=0.43..420.77 rows=108 width=121)
	              Index Cond: ((id >= 6826518) AND (id <= 6826617))

table 7 : explain SELECT DISTINCT c FROM sbtest7 WHERE id BETWEEN 8729583 AND 8729682 ORDER BY c
	Unique  (cost=364.84..365.30 rows=93 width=121)
	  ->  Sort  (cost=364.84..365.07 rows=93 width=121)
	        Sort Key: c
	        ->  Index Scan using sbtest7_pkey on sbtest7  (cost=0.43..361.80 rows=93 width=121)
	              Index Cond: ((id >= 8729583) AND (id <= 8729682))

table 8 : explain SELECT DISTINCT c FROM sbtest8 WHERE id BETWEEN 565745 AND 565844 ORDER BY c
	Unique  (cost=392.41..392.91 rows=100 width=121)
	  ->  Sort  (cost=392.41..392.66 rows=100 width=121)
	        Sort Key: c
	        ->  Index Scan using sbtest8_pkey on sbtest8  (cost=0.43..389.08 rows=100 width=121)
	              Index Cond: ((id >= 565745) AND (id <= 565844))

explain: for inserts :: explain INSERT INTO sbtest%u (id, k, c, pad) VALUES (%u, 13, 'foobar', 'foobar')
for: distinct_ranges
table 1 : explain SELECT DISTINCT c FROM sbtest1 WHERE id BETWEEN 8824203 AND 8824302 ORDER BY c
	Unique  (cost=359.24..359.69 rows=91 width=121)
	  ->  Sort  (cost=359.24..359.46 rows=91 width=121)
	        Sort Key: c
	        ->  Index Scan using sbtest1_pkey on sbtest1  (cost=0.43..356.27 rows=91 width=121)
	              Index Cond: ((id >= 8824203) AND (id <= 8824302))

table 2 : explain SELECT DISTINCT c FROM sbtest2 WHERE id BETWEEN 9139774 AND 9139873 ORDER BY c
	Unique  (cost=385.70..386.19 rows=98 width=121)
	  ->  Sort  (cost=385.70..385.94 rows=98 width=121)
	        Sort Key: c
	        ->  Index Scan using sbtest2_pkey on sbtest2  (cost=0.43..382.46 rows=98 width=121)
	              Index Cond: ((id >= 9139774) AND (id <= 9139873))

table 3 : explain SELECT DISTINCT c FROM sbtest3 WHERE id BETWEEN 2836350 AND 2836449 ORDER BY c
	Unique  (cost=402.77..403.28 rows=102 width=121)
	  ->  Sort  (cost=402.77..403.03 rows=102 width=121)
	        Sort Key: c
	        ->  Index Scan using sbtest3_pkey on sbtest3  (cost=0.43..399.37 rows=102 width=121)
	              Index Cond: ((id >= 2836350) AND (id <= 2836449))

table 4 : explain SELECT DISTINCT c FROM sbtest4 WHERE id BETWEEN 6753712 AND 6753811 ORDER BY c
	Unique  (cost=420.65..421.19 rows=107 width=121)
	  ->  Sort  (cost=420.65..420.92 rows=107 width=121)
	        Sort Key: c
	        ->  Index Scan using sbtest4_pkey on sbtest4  (cost=0.43..417.05 rows=107 width=121)
	              Index Cond: ((id >= 6753712) AND (id <= 6753811))

table 5 : explain SELECT DISTINCT c FROM sbtest5 WHERE id BETWEEN 8929566 AND 8929665 ORDER BY c
	Unique  (cost=377.25..377.73 rows=96 width=121)
	  ->  Sort  (cost=377.25..377.49 rows=96 width=121)
	        Sort Key: c
	        ->  Index Scan using sbtest5_pkey on sbtest5  (cost=0.43..374.09 rows=96 width=121)
	              Index Cond: ((id >= 8929566) AND (id <= 8929665))

table 6 : explain SELECT DISTINCT c FROM sbtest6 WHERE id BETWEEN 1090633 AND 1090732 ORDER BY c
	Unique  (cost=404.95..405.47 rows=103 width=121)
	  ->  Sort  (cost=404.95..405.21 rows=103 width=121)
	        Sort Key: c
	        ->  Index Scan using sbtest6_pkey on sbtest6  (cost=0.43..401.51 rows=103 width=121)
	              Index Cond: ((id >= 1090633) AND (id <= 1090732))

table 7 : explain SELECT DISTINCT c FROM sbtest7 WHERE id BETWEEN 9545129 AND 9545228 ORDER BY c
	Unique  (cost=446.37..446.94 rows=114 width=121)
	  ->  Sort  (cost=446.37..446.65 rows=114 width=121)
	        Sort Key: c
	        ->  Index Scan using sbtest7_pkey on sbtest7  (cost=0.43..442.48 rows=114 width=121)
	              Index Cond: ((id >= 9545129) AND (id <= 9545228))

table 8 : explain SELECT DISTINCT c FROM sbtest8 WHERE id BETWEEN 7603723 AND 7603822 ORDER BY c
	Unique  (cost=419.59..420.13 rows=107 width=121)
	  ->  Sort  (cost=419.59..419.86 rows=107 width=121)
	        Sort Key: c
	        ->  Index Scan using sbtest8_pkey on sbtest8  (cost=0.43..415.99 rows=107 width=121)
	              Index Cond: ((id >= 7603723) AND (id <= 7603822))

explain: for non_index_updates :: explain UPDATE sbtest%u SET c='foobar' WHERE id=%u
explain: for index_updates :: explain UPDATE sbtest%u SET k=k+1 WHERE id=%u
for index_updates
table 1 : explain UPDATE sbtest1 SET k=k+1 WHERE id=2875677
	Update on sbtest1  (cost=0.43..8.46 rows=0 width=0)
	  ->  Index Scan using sbtest1_pkey on sbtest1  (cost=0.43..8.46 rows=1 width=10)
	        Index Cond: (id = 2875677)

table 2 : explain UPDATE sbtest2 SET k=k+1 WHERE id=6204135
	Update on sbtest2  (cost=0.43..8.46 rows=0 width=0)
	  ->  Index Scan using sbtest2_pkey on sbtest2  (cost=0.43..8.46 rows=1 width=10)
	        Index Cond: (id = 6204135)

table 3 : explain UPDATE sbtest3 SET k=k+1 WHERE id=4954489
	Update on sbtest3  (cost=0.43..8.46 rows=0 width=0)
	  ->  Index Scan using sbtest3_pkey on sbtest3  (cost=0.43..8.46 rows=1 width=10)
	        Index Cond: (id = 4954489)

table 4 : explain UPDATE sbtest4 SET k=k+1 WHERE id=6756033
	Update on sbtest4  (cost=0.43..8.46 rows=0 width=0)
	  ->  Index Scan using sbtest4_pkey on sbtest4  (cost=0.43..8.46 rows=1 width=10)
	        Index Cond: (id = 6756033)

table 5 : explain UPDATE sbtest5 SET k=k+1 WHERE id=3513078
	Update on sbtest5  (cost=0.43..8.46 rows=0 width=0)
	  ->  Index Scan using sbtest5_pkey on sbtest5  (cost=0.43..8.46 rows=1 width=10)
	        Index Cond: (id = 3513078)

table 6 : explain UPDATE sbtest6 SET k=k+1 WHERE id=6070753
	Update on sbtest6  (cost=0.43..8.46 rows=0 width=0)
	  ->  Index Scan using sbtest6_pkey on sbtest6  (cost=0.43..8.46 rows=1 width=10)
	        Index Cond: (id = 6070753)

table 7 : explain UPDATE sbtest7 SET k=k+1 WHERE id=5443565
	Update on sbtest7  (cost=0.43..8.46 rows=0 width=0)
	  ->  Index Scan using sbtest7_pkey on sbtest7  (cost=0.43..8.46 rows=1 width=10)
	        Index Cond: (id = 5443565)

table 8 : explain UPDATE sbtest8 SET k=k+1 WHERE id=6041227
	Update on sbtest8  (cost=0.43..8.46 rows=0 width=0)
	  ->  Index Scan using sbtest8_pkey on sbtest8  (cost=0.43..8.46 rows=1 width=10)
	        Index Cond: (id = 6041227)

for: simple_ranges
table 1 : explain SELECT c FROM sbtest1 WHERE id BETWEEN 906715 AND 906814
	Index Scan using sbtest1_pkey on sbtest1  (cost=0.43..352.41 rows=90 width=121)
	  Index Cond: ((id >= 906715) AND (id <= 906814))

table 2 : explain SELECT c FROM sbtest2 WHERE id BETWEEN 9280277 AND 9280376
	Index Scan using sbtest2_pkey on sbtest2  (cost=0.43..374.75 rows=96 width=121)
	  Index Cond: ((id >= 9280277) AND (id <= 9280376))

table 3 : explain SELECT c FROM sbtest3 WHERE id BETWEEN 6748756 AND 6748855
	Index Scan using sbtest3_pkey on sbtest3  (cost=0.43..376.12 rows=96 width=121)
	  Index Cond: ((id >= 6748756) AND (id <= 6748855))

table 4 : explain SELECT c FROM sbtest4 WHERE id BETWEEN 5486643 AND 5486742
	Index Scan using sbtest4_pkey on sbtest4  (cost=0.43..405.49 rows=104 width=121)
	  Index Cond: ((id >= 5486643) AND (id <= 5486742))

table 5 : explain SELECT c FROM sbtest5 WHERE id BETWEEN 2397755 AND 2397854
	Index Scan using sbtest5_pkey on sbtest5  (cost=0.43..408.77 rows=105 width=121)
	  Index Cond: ((id >= 2397755) AND (id <= 2397854))

table 6 : explain SELECT c FROM sbtest6 WHERE id BETWEEN 5310513 AND 5310612
	Index Scan using sbtest6_pkey on sbtest6  (cost=0.43..366.80 rows=94 width=121)
	  Index Cond: ((id >= 5310513) AND (id <= 5310612))

table 7 : explain SELECT c FROM sbtest7 WHERE id BETWEEN 2443901 AND 2444000
	Index Scan using sbtest7_pkey on sbtest7  (cost=0.43..373.32 rows=96 width=121)
	  Index Cond: ((id >= 2443901) AND (id <= 2444000))

table 8 : explain SELECT c FROM sbtest8 WHERE id BETWEEN 2165528 AND 2165627
	Index Scan using sbtest8_pkey on sbtest8  (cost=0.43..365.98 rows=94 width=121)
	  Index Cond: ((id >= 2165528) AND (id <= 2165627))

for index_updates
table 1 : explain UPDATE sbtest1 SET k=k+1 WHERE id=2019269
	Update on sbtest1  (cost=0.43..8.46 rows=0 width=0)
	  ->  Index Scan using sbtest1_pkey on sbtest1  (cost=0.43..8.46 rows=1 width=10)
	        Index Cond: (id = 2019269)

table 2 : explain UPDATE sbtest2 SET k=k+1 WHERE id=6996257
	Update on sbtest2  (cost=0.43..8.46 rows=0 width=0)
	  ->  Index Scan using sbtest2_pkey on sbtest2  (cost=0.43..8.46 rows=1 width=10)
	        Index Cond: (id = 6996257)

table 3 : explain UPDATE sbtest3 SET k=k+1 WHERE id=6071940
	Update on sbtest3  (cost=0.43..8.46 rows=0 width=0)
	  ->  Index Scan using sbtest3_pkey on sbtest3  (cost=0.43..8.46 rows=1 width=10)
	        Index Cond: (id = 6071940)

table 4 : explain UPDATE sbtest4 SET k=k+1 WHERE id=1233094
	Update on sbtest4  (cost=0.43..8.46 rows=0 width=0)
	  ->  Index Scan using sbtest4_pkey on sbtest4  (cost=0.43..8.46 rows=1 width=10)
	        Index Cond: (id = 1233094)

table 5 : explain UPDATE sbtest5 SET k=k+1 WHERE id=4704368
	Update on sbtest5  (cost=0.43..8.46 rows=0 width=0)
	  ->  Index Scan using sbtest5_pkey on sbtest5  (cost=0.43..8.46 rows=1 width=10)
	        Index Cond: (id = 4704368)

table 6 : explain UPDATE sbtest6 SET k=k+1 WHERE id=453708
	Update on sbtest6  (cost=0.43..8.46 rows=0 width=0)
	  ->  Index Scan using sbtest6_pkey on sbtest6  (cost=0.43..8.46 rows=1 width=10)
	        Index Cond: (id = 453708)

table 7 : explain UPDATE sbtest7 SET k=k+1 WHERE id=5380794
	Update on sbtest7  (cost=0.43..8.46 rows=0 width=0)
	  ->  Index Scan using sbtest7_pkey on sbtest7  (cost=0.43..8.46 rows=1 width=10)
	        Index Cond: (id = 5380794)

table 8 : explain UPDATE sbtest8 SET k=k+1 WHERE id=1008409
	Update on sbtest8  (cost=0.43..8.46 rows=0 width=0)
	  ->  Index Scan using sbtest8_pkey on sbtest8  (cost=0.43..8.46 rows=1 width=10)
	        Index Cond: (id = 1008409)

for inserts
table 1 : explain INSERT INTO sbtest1 (id, k, c, pad) VALUES (8421144, 13, 'foobar', 'foobar')
	Insert on sbtest1  (cost=0.00..0.01 rows=0 width=0)
	  ->  Result  (cost=0.00..0.01 rows=1 width=736)

table 2 : explain INSERT INTO sbtest2 (id, k, c, pad) VALUES (8207703, 13, 'foobar', 'foobar')
	Insert on sbtest2  (cost=0.00..0.01 rows=0 width=0)
	  ->  Result  (cost=0.00..0.01 rows=1 width=736)

table 3 : explain INSERT INTO sbtest3 (id, k, c, pad) VALUES (7496322, 13, 'foobar', 'foobar')
	Insert on sbtest3  (cost=0.00..0.01 rows=0 width=0)
	  ->  Result  (cost=0.00..0.01 rows=1 width=736)

table 4 : explain INSERT INTO sbtest4 (id, k, c, pad) VALUES (6293844, 13, 'foobar', 'foobar')
	Insert on sbtest4  (cost=0.00..0.01 rows=0 width=0)
	  ->  Result  (cost=0.00..0.01 rows=1 width=736)

table 5 : explain INSERT INTO sbtest5 (id, k, c, pad) VALUES (5479367, 13, 'foobar', 'foobar')
	Insert on sbtest5  (cost=0.00..0.01 rows=0 width=0)
	  ->  Result  (cost=0.00..0.01 rows=1 width=736)

table 6 : explain INSERT INTO sbtest6 (id, k, c, pad) VALUES (9026004, 13, 'foobar', 'foobar')
	Insert on sbtest6  (cost=0.00..0.01 rows=0 width=0)
	  ->  Result  (cost=0.00..0.01 rows=1 width=736)

table 7 : explain INSERT INTO sbtest7 (id, k, c, pad) VALUES (6945193, 13, 'foobar', 'foobar')
	Insert on sbtest7  (cost=0.00..0.01 rows=0 width=0)
	  ->  Result  (cost=0.00..0.01 rows=1 width=736)

table 8 : explain INSERT INTO sbtest8 (id, k, c, pad) VALUES (6525771, 13, 'foobar', 'foobar')
	Insert on sbtest8  (cost=0.00..0.01 rows=0 width=0)
	  ->  Result  (cost=0.00..0.01 rows=1 width=736)

for index_updates
table 1 : explain UPDATE sbtest1 SET k=k+1 WHERE id=3720311
	Update on sbtest1  (cost=0.43..8.46 rows=0 width=0)
	  ->  Index Scan using sbtest1_pkey on sbtest1  (cost=0.43..8.46 rows=1 width=10)
	        Index Cond: (id = 3720311)

table 2 : explain UPDATE sbtest2 SET k=k+1 WHERE id=7883531
	Update on sbtest2  (cost=0.43..8.46 rows=0 width=0)
	  ->  Index Scan using sbtest2_pkey on sbtest2  (cost=0.43..8.46 rows=1 width=10)
	        Index Cond: (id = 7883531)

table 3 : explain UPDATE sbtest3 SET k=k+1 WHERE id=3653607
	Update on sbtest3  (cost=0.43..8.46 rows=0 width=0)
	  ->  Index Scan using sbtest3_pkey on sbtest3  (cost=0.43..8.46 rows=1 width=10)
	        Index Cond: (id = 3653607)

table 4 : explain UPDATE sbtest4 SET k=k+1 WHERE id=4200192
	Update on sbtest4  (cost=0.43..8.46 rows=0 width=0)
	  ->  Index Scan using sbtest4_pkey on sbtest4  (cost=0.43..8.46 rows=1 width=10)
	        Index Cond: (id = 4200192)

table 5 : explain UPDATE sbtest5 SET k=k+1 WHERE id=8769348
	Update on sbtest5  (cost=0.43..8.46 rows=0 width=0)
	  ->  Index Scan using sbtest5_pkey on sbtest5  (cost=0.43..8.46 rows=1 width=10)
	        Index Cond: (id = 8769348)

table 6 : explain UPDATE sbtest6 SET k=k+1 WHERE id=192613
	Update on sbtest6  (cost=0.43..8.46 rows=0 width=0)
	  ->  Index Scan using sbtest6_pkey on sbtest6  (cost=0.43..8.46 rows=1 width=10)
	        Index Cond: (id = 192613)

table 7 : explain UPDATE sbtest7 SET k=k+1 WHERE id=3175895
	Update on sbtest7  (cost=0.43..8.46 rows=0 width=0)
	  ->  Index Scan using sbtest7_pkey on sbtest7  (cost=0.43..8.46 rows=1 width=10)
	        Index Cond: (id = 3175895)

table 8 : explain UPDATE sbtest8 SET k=k+1 WHERE id=5431864
	Update on sbtest8  (cost=0.43..8.46 rows=0 width=0)
	  ->  Index Scan using sbtest8_pkey on sbtest8  (cost=0.43..8.46 rows=1 width=10)
	        Index Cond: (id = 5431864)

for non_index_updates
table 1 : explain UPDATE sbtest1 SET c='foobar' WHERE id=913156
	Update on sbtest1  (cost=0.43..8.45 rows=0 width=0)
	  ->  Index Scan using sbtest1_pkey on sbtest1  (cost=0.43..8.45 rows=1 width=490)
	        Index Cond: (id = 913156)

table 2 : explain UPDATE sbtest2 SET c='foobar' WHERE id=8544394
	Update on sbtest2  (cost=0.43..8.45 rows=0 width=0)
	  ->  Index Scan using sbtest2_pkey on sbtest2  (cost=0.43..8.45 rows=1 width=490)
	        Index Cond: (id = 8544394)

table 3 : explain UPDATE sbtest3 SET c='foobar' WHERE id=5756850
	Update on sbtest3  (cost=0.43..8.45 rows=0 width=0)
	  ->  Index Scan using sbtest3_pkey on sbtest3  (cost=0.43..8.45 rows=1 width=490)
	        Index Cond: (id = 5756850)

table 4 : explain UPDATE sbtest4 SET c='foobar' WHERE id=5291283
	Update on sbtest4  (cost=0.43..8.45 rows=0 width=0)
	  ->  Index Scan using sbtest4_pkey on sbtest4  (cost=0.43..8.45 rows=1 width=490)
	        Index Cond: (id = 5291283)

table 5 : explain UPDATE sbtest5 SET c='foobar' WHERE id=2079960
	Update on sbtest5  (cost=0.43..8.45 rows=0 width=0)
	  ->  Index Scan using sbtest5_pkey on sbtest5  (cost=0.43..8.45 rows=1 width=490)
	        Index Cond: (id = 2079960)

table 6 : explain UPDATE sbtest6 SET c='foobar' WHERE id=9854303
	Update on sbtest6  (cost=0.43..8.45 rows=0 width=0)
	  ->  Index Scan using sbtest6_pkey on sbtest6  (cost=0.43..8.45 rows=1 width=490)
	        Index Cond: (id = 9854303)

table 7 : explain UPDATE sbtest7 SET c='foobar' WHERE id=3353430
	Update on sbtest7  (cost=0.43..8.45 rows=0 width=0)
	  ->  Index Scan using sbtest7_pkey on sbtest7  (cost=0.43..8.45 rows=1 width=490)
	        Index Cond: (id = 3353430)

table 8 : explain UPDATE sbtest8 SET c='foobar' WHERE id=6232269
	Update on sbtest8  (cost=0.43..8.45 rows=0 width=0)
	  ->  Index Scan using sbtest8_pkey on sbtest8  (cost=0.43..8.45 rows=1 width=490)
	        Index Cond: (id = 6232269)

explain: for non_index_updates :: explain UPDATE sbtest%u SET c='foobar' WHERE id=%u
explain: for index_updates :: explain UPDATE sbtest%u SET k=k+1 WHERE id=%u
explain: for non_index_updates :: explain UPDATE sbtest%u SET c='foobar' WHERE id=%ufor: sum_ranges
table 1 : explain SELECT SUM(k) FROM sbtest1 WHERE id BETWEEN 2239353 AND 2239452
	Aggregate  (cost=426.13..426.14 rows=1 width=8)
	  ->  Index Scan using sbtest1_pkey on sbtest1  (cost=0.43..425.86 rows=109 width=4)
	        Index Cond: ((id >= 2239353) AND (id <= 2239452))

table 2 : explain SELECT SUM(k) FROM sbtest2 WHERE id BETWEEN 7636907 AND 7637006
	Aggregate  (cost=398.13..398.14 rows=1 width=8)
	  ->  Index Scan using sbtest2_pkey on sbtest2  (cost=0.43..397.88 rows=102 width=4)
	        Index Cond: ((id >= 7636907) AND (id <= 7637006))

table 3 : explain SELECT SUM(k) FROM sbtest3 WHERE id BETWEEN 3268358 AND 3268457
	Aggregate  (cost=434.47..434.48 rows=1 width=8)
	  ->  Index Scan using sbtest3_pkey on sbtest3  (cost=0.43..434.19 rows=111 width=4)
	        Index Cond: ((id >= 3268358) AND (id <= 3268457))

table 4 : explain SELECT SUM(k) FROM sbtest4 WHERE id BETWEEN 5180255 AND 5180354
	Aggregate  (cost=351.72..351.73 rows=1 width=8)
	  ->  Index Scan using sbtest4_pkey on sbtest4  (cost=0.43..351.50 rows=90 width=4)
	        Index Cond: ((id >= 5180255) AND (id <= 5180354))

table 5 : explain SELECT SUM(k) FROM sbtest5 WHERE id BETWEEN 8428018 AND 8428117
	Aggregate  (cost=389.74..389.75 rows=1 width=8)
	  ->  Index Scan using sbtest5_pkey on sbtest5  (cost=0.43..389.49 rows=100 width=4)
	        Index Cond: ((id >= 8428018) AND (id <= 8428117))

table 6 : explain SELECT SUM(k) FROM sbtest6 WHERE id BETWEEN 8930617 AND 8930716
	Aggregate  (cost=382.45..382.46 rows=1 width=8)
	  ->  Index Scan using sbtest6_pkey on sbtest6  (cost=0.43..382.21 rows=98 width=4)
	        Index Cond: ((id >= 8930617) AND (id <= 8930716))

table 7 : explain SELECT SUM(k) FROM sbtest7 WHERE id BETWEEN 9895427 AND 9895526
	Aggregate  (cost=369.71..369.72 rows=1 width=8)
	  ->  Index Scan using sbtest7_pkey on sbtest7  (cost=0.43..369.48 rows=95 width=4)
	        Index Cond: ((id >= 9895427) AND (id <= 9895526))

table 8 : explain SELECT SUM(k) FROM sbtest8 WHERE id BETWEEN 9761352 AND 9761451
	Aggregate  (cost=385.44..385.45 rows=1 width=8)
	  ->  Index Scan using sbtest8_pkey on sbtest8  (cost=0.43..385.20 rows=99 width=4)
	        Index Cond: ((id >= 9761352) AND (id <= 9761451))


for index_updates
table 1 : explain UPDATE sbtest1 SET k=k+1 WHERE id=8094075
	Update on sbtest1  (cost=0.43..8.46 rows=0 width=0)
	  ->  Index Scan using sbtest1_pkey on sbtest1  (cost=0.43..8.46 rows=1 width=10)
	        Index Cond: (id = 8094075)

table 2 : explain UPDATE sbtest2 SET k=k+1 WHERE id=4837403
	Update on sbtest2  (cost=0.43..8.46 rows=0 width=0)
	  ->  Index Scan using sbtest2_pkey on sbtest2  (cost=0.43..8.46 rows=1 width=10)
	        Index Cond: (id = 4837403)

table 3 : explain UPDATE sbtest3 SET k=k+1 WHERE id=4887770
	Update on sbtest3  (cost=0.43..8.46 rows=0 width=0)
	  ->  Index Scan using sbtest3_pkey on sbtest3  (cost=0.43..8.46 rows=1 width=10)
	        Index Cond: (id = 4887770)

table 4 : explain UPDATE sbtest4 SET k=k+1 WHERE id=4632572
	Update on sbtest4  (cost=0.43..8.46 rows=0 width=0)
	  ->  Index Scan using sbtest4_pkey on sbtest4  (cost=0.43..8.46 rows=1 width=10)
	        Index Cond: (id = 4632572)

table 5 : explain UPDATE sbtest5 SET k=k+1 WHERE id=5668613
	Update on sbtest5  (cost=0.43..8.46 rows=0 width=0)
	  ->  Index Scan using sbtest5_pkey on sbtest5  (cost=0.43..8.46 rows=1 width=10)
	        Index Cond: (id = 5668613)

table 6 : explain UPDATE sbtest6 SET k=k+1 WHERE id=6772574
	Update on sbtest6  (cost=0.43..8.46 rows=0 width=0)
	  ->  Index Scan using sbtest6_pkey on sbtest6  (cost=0.43..8.46 rows=1 width=10)
	        Index Cond: (id = 6772574)

table 7 : explain UPDATE sbtest7 SET k=k+1 WHERE id=7494596
	Update on sbtest7  (cost=0.43..8.46 rows=0 width=0)
	  ->  Index Scan using sbtest7_pkey on sbtest7  (cost=0.43..8.46 rows=1 width=10)
	        Index Cond: (id = 7494596)

table 8 : explain UPDATE sbtest8 SET k=k+1 WHERE id=8750159
	Update on sbtest8  (cost=0.43..8.46 rows=0 width=0)
	  ->  Index Scan using sbtest8_pkey on sbtest8  (cost=0.43..8.46 rows=1 width=10)
	        Index Cond: (id = 8750159)

for index_updates
table 1 : explain UPDATE sbtest1 SET k=k+1 WHERE id=5500302
	Update on sbtest1  (cost=0.43..8.46 rows=0 width=0)
	  ->  Index Scan using sbtest1_pkey on sbtest1  (cost=0.43..8.46 rows=1 width=10)
	        Index Cond: (id = 5500302)

table 2 : explain UPDATE sbtest2 SET k=k+1 WHERE id=9208425
	Update on sbtest2  (cost=0.43..8.46 rows=0 width=0)
	  ->  Index Scan using sbtest2_pkey on sbtest2  (cost=0.43..8.46 rows=1 width=10)
	        Index Cond: (id = 9208425)

table 3 : explain UPDATE sbtest3 SET k=k+1 WHERE id=4355667
	Update on sbtest3  (cost=0.43..8.46 rows=0 width=0)
	  ->  Index Scan using sbtest3_pkey on sbtest3  (cost=0.43..8.46 rows=1 width=10)
	        Index Cond: (id = 4355667)

table 4 : explain UPDATE sbtest4 SET k=k+1 WHERE id=6996124
	Update on sbtest4  (cost=0.43..8.46 rows=0 width=0)
	  ->  Index Scan using sbtest4_pkey on sbtest4  (cost=0.43..8.46 rows=1 width=10)
	        Index Cond: (id = 6996124)

table 5 : explain UPDATE sbtest5 SET k=k+1 WHERE id=4470770
	Update on sbtest5  (cost=0.43..8.46 rows=0 width=0)
	  ->  Index Scan using sbtest5_pkey on sbtest5  (cost=0.43..8.46 rows=1 width=10)
	        Index Cond: (id = 4470770)

table 6 : explain UPDATE sbtest6 SET k=k+1 WHERE id=8406220
	Update on sbtest6  (cost=0.43..8.46 rows=0 width=0)
	  ->  Index Scan using sbtest6_pkey on sbtest6  (cost=0.43..8.46 rows=1 width=10)
	        Index Cond: (id = 8406220)

table 7 : explain UPDATE sbtest7 SET k=k+1 WHERE id=2370914
	Update on sbtest7  (cost=0.43..8.46 rows=0 width=0)
	  ->  Index Scan using sbtest7_pkey on sbtest7  (cost=0.43..8.46 rows=1 width=10)
	        Index Cond: (id = 2370914)

table 8 : explain UPDATE sbtest8 SET k=k+1 WHERE id=5994559
	Update on sbtest8  (cost=0.43..8.46 rows=0 width=0)
	  ->  Index Scan using sbtest8_pkey on sbtest8  (cost=0.43..8.46 rows=1 width=10)
	        Index Cond: (id = 5994559)

explain: for deletes :: explain DELETE FROM sbtest%u WHERE id=%u
for non_index_updates
table 1 : explain UPDATE sbtest1 SET c='foobar' WHERE id=2335042
	Update on sbtest1  (cost=0.43..8.45 rows=0 width=0)
	  ->  Index Scan using sbtest1_pkey on sbtest1  (cost=0.43..8.45 rows=1 width=490)
	        Index Cond: (id = 2335042)

table 2 : explain UPDATE sbtest2 SET c='foobar' WHERE id=3445708
	Update on sbtest2  (cost=0.43..8.45 rows=0 width=0)
	  ->  Index Scan using sbtest2_pkey on sbtest2  (cost=0.43..8.45 rows=1 width=490)
	        Index Cond: (id = 3445708)

table 3 : explain UPDATE sbtest3 SET c='foobar' WHERE id=8034745
	Update on sbtest3  (cost=0.43..8.45 rows=0 width=0)
	  ->  Index Scan using sbtest3_pkey on sbtest3  (cost=0.43..8.45 rows=1 width=490)
	        Index Cond: (id = 8034745)

table 4 : explain UPDATE sbtest4 SET c='foobar' WHERE id=9323408
	Update on sbtest4  (cost=0.43..8.45 rows=0 width=0)
	  ->  Index Scan using sbtest4_pkey on sbtest4  (cost=0.43..8.45 rows=1 width=490)
	        Index Cond: (id = 9323408)

table 5 : explain UPDATE sbtest5 SET c='foobar' WHERE id=6082069
	Update on sbtest5  (cost=0.43..8.45 rows=0 width=0)
	  ->  Index Scan using sbtest5_pkey on sbtest5  (cost=0.43..8.45 rows=1 width=490)
	        Index Cond: (id = 6082069)

table 6 : explain UPDATE sbtest6 SET c='foobar' WHERE id=2289251
	Update on sbtest6  (cost=0.43..8.45 rows=0 width=0)
	  ->  Index Scan using sbtest6_pkey on sbtest6  (cost=0.43..8.45 rows=1 width=490)
	        Index Cond: (id = 2289251)

table 7 : explain UPDATE sbtest7 SET c='foobar' WHERE id=5552534
	Update on sbtest7  (cost=0.43..8.45 rows=0 width=0)
	  ->  Index Scan using sbtest7_pkey on sbtest7  (cost=0.43..8.45 rows=1 width=490)
	        Index Cond: (id = 5552534)

table 8 : explain UPDATE sbtest8 SET c='foobar' WHERE id=7059955
	Update on sbtest8  (cost=0.43..8.45 rows=0 width=0)
	  ->  Index Scan using sbtest8_pkey on sbtest8  (cost=0.43..8.45 rows=1 width=490)
	        Index Cond: (id = 7059955)

for index_updates
table 1 : explain UPDATE sbtest1 SET k=k+1 WHERE id=9051915
	Update on sbtest1  (cost=0.43..8.46 rows=0 width=0)
	  ->  Index Scan using sbtest1_pkey on sbtest1  (cost=0.43..8.46 rows=1 width=10)
	        Index Cond: (id = 9051915)

table 2 : explain UPDATE sbtest2 SET k=k+1 WHERE id=9723969
	Update on sbtest2  (cost=0.43..8.46 rows=0 width=0)
	  ->  Index Scan using sbtest2_pkey on sbtest2  (cost=0.43..8.46 rows=1 width=10)
	        Index Cond: (id = 9723969)

table 3 : explain UPDATE sbtest3 SET k=k+1 WHERE id=5788044
	Update on sbtest3  (cost=0.43..8.46 rows=0 width=0)
	  ->  Index Scan using sbtest3_pkey on sbtest3  (cost=0.43..8.46 rows=1 width=10)
	        Index Cond: (id = 5788044)

table 4 : explain UPDATE sbtest4 SET k=k+1 WHERE id=6141601
	Update on sbtest4  (cost=0.43..8.46 rows=0 width=0)
	  ->  Index Scan using sbtest4_pkey on sbtest4  (cost=0.43..8.46 rows=1 width=10)
	        Index Cond: (id = 6141601)

table 5 : explain UPDATE sbtest5 SET k=k+1 WHERE id=2162271
	Update on sbtest5  (cost=0.43..8.46 rows=0 width=0)
	  ->  Index Scan using sbtest5_pkey on sbtest5  (cost=0.43..8.46 rows=1 width=10)
	        Index Cond: (id = 2162271)

table 6 : explain UPDATE sbtest6 SET k=k+1 WHERE id=6017316
	Update on sbtest6  (cost=0.43..8.46 rows=0 width=0)
	  ->  Index Scan using sbtest6_pkey on sbtest6  (cost=0.43..8.46 rows=1 width=10)
	        Index Cond: (id = 6017316)

table 7 : explain UPDATE sbtest7 SET k=k+1 WHERE id=8657347
	Update on sbtest7  (cost=0.43..8.46 rows=0 width=0)
	  ->  Index Scan using sbtest7_pkey on sbtest7  (cost=0.43..8.46 rows=1 width=10)
	        Index Cond: (id = 8657347)

table 8 : explain UPDATE sbtest8 SET k=k+1 WHERE id=9715617
	Update on sbtest8  (cost=0.43..8.46 rows=0 width=0)
	  ->  Index Scan using sbtest8_pkey on sbtest8  (cost=0.43..8.46 rows=1 width=10)
	        Index Cond: (id = 9715617)

for: distinct_ranges
table 1 : explain SELECT DISTINCT c FROM sbtest1 WHERE id BETWEEN 9131479 AND 9131578 ORDER BY c
	Unique  (cost=390.47..390.96 rows=99 width=121)
	  ->  Sort  (cost=390.47..390.71 rows=99 width=121)
	        Sort Key: c
	        ->  Index Scan using sbtest1_pkey on sbtest1  (cost=0.43..387.18 rows=99 width=121)
	              Index Cond: ((id >= 9131479) AND (id <= 9131578))

table 2 : explain SELECT DISTINCT c FROM sbtest2 WHERE id BETWEEN 7644558 AND 7644657 ORDER BY c
	Unique  (cost=401.28..401.79 rows=102 width=121)
	  ->  Sort  (cost=401.28..401.54 rows=102 width=121)
	        Sort Key: c
	        ->  Index Scan using sbtest2_pkey on sbtest2  (cost=0.43..397.88 rows=102 width=121)
	              Index Cond: ((id >= 7644558) AND (id <= 7644657))

table 3 : explain SELECT DISTINCT c FROM sbtest3 WHERE id BETWEEN 881096 AND 881195 ORDER BY c
	Unique  (cost=414.50..415.03 rows=105 width=121)
	  ->  Sort  (cost=414.50..414.77 rows=105 width=121)
	        Sort Key: c
	        ->  Index Scan using sbtest3_pkey on sbtest3  (cost=0.43..410.98 rows=105 width=121)
	              Index Cond: ((id >= 881096) AND (id <= 881195))

table 4 : explain SELECT DISTINCT c FROM sbtest4 WHERE id BETWEEN 753820 AND 753919 ORDER BY c
	Unique  (cost=397.29..397.79 rows=101 width=121)
	  ->  Sort  (cost=397.29..397.54 rows=101 width=121)
	        Sort Key: c
	        ->  Index Scan using sbtest4_pkey on sbtest4  (cost=0.43..393.93 rows=101 width=121)
	              Index Cond: ((id >= 753820) AND (id <= 753919))

table 5 : explain SELECT DISTINCT c FROM sbtest5 WHERE id BETWEEN 5670681 AND 5670780 ORDER BY c
	Unique  (cost=361.70..362.16 rows=92 width=121)
	  ->  Sort  (cost=361.70..361.93 rows=92 width=121)
	        Sort Key: c
	        ->  Index Scan using sbtest5_pkey on sbtest5  (cost=0.43..358.70 rows=92 width=121)
	              Index Cond: ((id >= 5670681) AND (id <= 5670780))

table 6 : explain SELECT DISTINCT c FROM sbtest6 WHERE id BETWEEN 8904395 AND 8904494 ORDER BY c
	Unique  (cost=377.66..378.14 rows=96 width=121)
	  ->  Sort  (cost=377.66..377.90 rows=96 width=121)
	        Sort Key: c
	        ->  Index Scan using sbtest6_pkey on sbtest6  (cost=0.43..374.50 rows=96 width=121)
	              Index Cond: ((id >= 8904395) AND (id <= 8904494))

table 7 : explain SELECT DISTINCT c FROM sbtest7 WHERE id BETWEEN 9972889 AND 9972988 ORDER BY c
	Unique  (cost=372.60..373.07 rows=95 width=121)
	  ->  Sort  (cost=372.60..372.83 rows=95 width=121)
	        Sort Key: c
	        ->  Index Scan using sbtest7_pkey on sbtest7  (cost=0.43..369.48 rows=95 width=121)
	              Index Cond: ((id >= 9972889) AND (id <= 9972988))

table 8 : explain SELECT DISTINCT c FROM sbtest8 WHERE id BETWEEN 2402838 AND 2402937 ORDER BY c
	Unique  (cost=392.41..392.91 rows=100 width=121)
	  ->  Sort  (cost=392.41..392.66 rows=100 width=121)
	        Sort Key: c
	        ->  Index Scan using sbtest8_pkey on sbtest8  (cost=0.43..389.08 rows=100 width=121)
	              Index Cond: ((id >= 2402838) AND (id <= 2402937))

for: distinct_ranges
table 1 : explain SELECT DISTINCT c FROM sbtest1 WHERE id BETWEEN 7136073 AND 7136172 ORDER BY c
	Unique  (cost=367.04..367.51 rows=93 width=121)
	  ->  Sort  (cost=367.04..367.28 rows=93 width=121)
	        Sort Key: c
	        ->  Index Scan using sbtest1_pkey on sbtest1  (cost=0.43..364.00 rows=93 width=121)
	              Index Cond: ((id >= 7136073) AND (id <= 7136172))

table 2 : explain SELECT DISTINCT c FROM sbtest2 WHERE id BETWEEN 1043407 AND 1043506 ORDER BY c
	Unique  (cost=432.49..433.04 rows=110 width=121)
	  ->  Sort  (cost=432.49..432.76 rows=110 width=121)
	        Sort Key: c
	        ->  Index Scan using sbtest2_pkey on sbtest2  (cost=0.43..428.76 rows=110 width=121)
	              Index Cond: ((id >= 1043407) AND (id <= 1043506))

table 3 : explain SELECT DISTINCT c FROM sbtest3 WHERE id BETWEEN 5850671 AND 5850770 ORDER BY c
	Unique  (cost=379.28..379.76 rows=96 width=121)
	  ->  Sort  (cost=379.28..379.52 rows=96 width=121)
	        Sort Key: c
	        ->  Index Scan using sbtest3_pkey on sbtest3  (cost=0.43..376.12 rows=96 width=121)
	              Index Cond: ((id >= 5850671) AND (id <= 5850770))

table 4 : explain SELECT DISTINCT c FROM sbtest4 WHERE id BETWEEN 2111320 AND 2111419 ORDER BY c
	Unique  (cost=428.44..428.99 rows=109 width=121)
	  ->  Sort  (cost=428.44..428.71 rows=109 width=121)
	        Sort Key: c
	        ->  Index Scan using sbtest4_pkey on sbtest4  (cost=0.43..424.75 rows=109 width=121)
	              Index Cond: ((id >= 2111320) AND (id <= 2111419))

table 5 : explain SELECT DISTINCT c FROM sbtest5 WHERE id BETWEEN 730709 AND 730808 ORDER BY c
	Unique  (cost=400.63..401.14 rows=102 width=121)
	  ->  Sort  (cost=400.63..400.88 rows=102 width=121)
	        Sort Key: c
	        ->  Index Scan using sbtest5_pkey on sbtest5  (cost=0.43..397.22 rows=102 width=121)
	              Index Cond: ((id >= 730709) AND (id <= 730808))

table 6 : explain SELECT DISTINCT c FROM sbtest6 WHERE id BETWEEN 4541170 AND 4541269 ORDER BY c
	Unique  (cost=377.66..378.14 rows=96 width=121)
	  ->  Sort  (cost=377.66..377.90 rows=96 width=121)
	        Sort Key: c
	        ->  Index Scan using sbtest6_pkey on sbtest6  (cost=0.43..374.50 rows=96 width=121)
	              Index Cond: ((id >= 4541170) AND (id <= 4541269))

table 7 : explain SELECT DISTINCT c FROM sbtest7 WHERE id BETWEEN 1838301 AND 1838400 ORDER BY c
	Unique  (cost=415.32..415.85 rows=106 width=121)
	  ->  Sort  (cost=415.32..415.59 rows=106 width=121)
	        Sort Key: c
	        ->  Index Scan using sbtest7_pkey on sbtest7  (cost=0.43..411.76 rows=106 width=121)
	              Index Cond: ((id >= 1838301) AND (id <= 1838400))

table 8 : explain SELECT DISTINCT c FROM sbtest8 WHERE id BETWEEN 4678093 AND 4678192 ORDER BY c
	Unique  (cost=404.06..404.57 rows=103 width=121)
	  ->  Sort  (cost=404.06..404.31 rows=103 width=121)
	        Sort Key: c
	        ->  Index Scan using sbtest8_pkey on sbtest8  (cost=0.43..400.61 rows=103 width=121)
	              Index Cond: ((id >= 4678093) AND (id <= 4678192))

explain: for non_index_updates :: explain UPDATE sbtest%u SET c='foobar' WHERE id=%u
for non_index_updates
table 1 : explain UPDATE sbtest1 SET c='foobar' WHERE id=7733159
	Update on sbtest1  (cost=0.43..8.45 rows=0 width=0)
	  ->  Index Scan using sbtest1_pkey on sbtest1  (cost=0.43..8.45 rows=1 width=490)
	        Index Cond: (id = 7733159)

table 2 : explain UPDATE sbtest2 SET c='foobar' WHERE id=9976899
	Update on sbtest2  (cost=0.43..8.45 rows=0 width=0)
	  ->  Index Scan using sbtest2_pkey on sbtest2  (cost=0.43..8.45 rows=1 width=490)
	        Index Cond: (id = 9976899)

table 3 : explain UPDATE sbtest3 SET c='foobar' WHERE id=5220378
	Update on sbtest3  (cost=0.43..8.45 rows=0 width=0)
	  ->  Index Scan using sbtest3_pkey on sbtest3  (cost=0.43..8.45 rows=1 width=490)
	        Index Cond: (id = 5220378)

table 4 : explain UPDATE sbtest4 SET c='foobar' WHERE id=5427131
	Update on sbtest4  (cost=0.43..8.45 rows=0 width=0)
	  ->  Index Scan using sbtest4_pkey on sbtest4  (cost=0.43..8.45 rows=1 width=490)
	        Index Cond: (id = 5427131)

table 5 : explain UPDATE sbtest5 SET c='foobar' WHERE id=6535316
	Update on sbtest5  (cost=0.43..8.45 rows=0 width=0)
	  ->  Index Scan using sbtest5_pkey on sbtest5  (cost=0.43..8.45 rows=1 width=490)
	        Index Cond: (id = 6535316)

table 6 : explain UPDATE sbtest6 SET c='foobar' WHERE id=5631692
	Update on sbtest6  (cost=0.43..8.45 rows=0 width=0)
	  ->  Index Scan using sbtest6_pkey on sbtest6  (cost=0.43..8.45 rows=1 width=490)
	        Index Cond: (id = 5631692)

table 7 : explain UPDATE sbtest7 SET c='foobar' WHERE id=9811921
	Update on sbtest7  (cost=0.43..8.45 rows=0 width=0)
	  ->  Index Scan using sbtest7_pkey on sbtest7  (cost=0.43..8.45 rows=1 width=490)
	        Index Cond: (id = 9811921)

table 8 : explain UPDATE sbtest8 SET c='foobar' WHERE id=9058311
	Update on sbtest8  (cost=0.43..8.45 rows=0 width=0)
	  ->  Index Scan using sbtest8_pkey on sbtest8  (cost=0.43..8.45 rows=1 width=490)
	        Index Cond: (id = 9058311)

explain: for non_index_updates :: explain UPDATE sbtest%u SET c='foobar' WHERE id=%u
for non_index_updates
table 1 : explain UPDATE sbtest1 SET c='foobar' WHERE id=8856719
	Update on sbtest1  (cost=0.43..8.45 rows=0 width=0)
	  ->  Index Scan using sbtest1_pkey on sbtest1  (cost=0.43..8.45 rows=1 width=490)
	        Index Cond: (id = 8856719)

table 2 : explain UPDATE sbtest2 SET c='foobar' WHERE id=7864665
	Update on sbtest2  (cost=0.43..8.45 rows=0 width=0)
	  ->  Index Scan using sbtest2_pkey on sbtest2  (cost=0.43..8.45 rows=1 width=490)
	        Index Cond: (id = 7864665)

table 3 : explain UPDATE sbtest3 SET c='foobar' WHERE id=181548
	Update on sbtest3  (cost=0.43..8.45 rows=0 width=0)
	  ->  Index Scan using sbtest3_pkey on sbtest3  (cost=0.43..8.45 rows=1 width=490)
	        Index Cond: (id = 181548)

table 4 : explain UPDATE sbtest4 SET c='foobar' WHERE id=7486506
	Update on sbtest4  (cost=0.43..8.45 rows=0 width=0)
	  ->  Index Scan using sbtest4_pkey on sbtest4  (cost=0.43..8.45 rows=1 width=490)
	        Index Cond: (id = 7486506)

table 5 : explain UPDATE sbtest5 SET c='foobar' WHERE id=1293301
	Update on sbtest5  (cost=0.43..8.45 rows=0 width=0)
	  ->  Index Scan using sbtest5_pkey on sbtest5  (cost=0.43..8.45 rows=1 width=490)
	        Index Cond: (id = 1293301)

table 6 : explain UPDATE sbtest6 SET c='foobar' WHERE id=9219652
	Update on sbtest6  (cost=0.43..8.45 rows=0 width=0)
	  ->  Index Scan using sbtest6_pkey on sbtest6  (cost=0.43..8.45 rows=1 width=490)
	        Index Cond: (id = 9219652)

table 7 : explain UPDATE sbtest7 SET c='foobar' WHERE id=5585675
	Update on sbtest7  (cost=0.43..8.45 rows=0 width=0)
	  ->  Index Scan using sbtest7_pkey on sbtest7  (cost=0.43..8.45 rows=1 width=490)
	        Index Cond: (id = 5585675)

table 8 : explain UPDATE sbtest8 SET c='foobar' WHERE id=4599496
	Update on sbtest8  (cost=0.43..8.45 rows=0 width=0)
	  ->  Index Scan using sbtest8_pkey on sbtest8  (cost=0.43..8.45 rows=1 width=490)
	        Index Cond: (id = 4599496)

for deletes
table 1 : explain DELETE FROM sbtest1 WHERE id=5429460
	Delete on sbtest1  (cost=0.43..8.45 rows=0 width=0)
	  ->  Index Scan using sbtest1_pkey on sbtest1  (cost=0.43..8.45 rows=1 width=6)
	        Index Cond: (id = 5429460)

table 2 : explain DELETE FROM sbtest2 WHERE id=7140604
	Delete on sbtest2  (cost=0.43..8.45 rows=0 width=0)
	  ->  Index Scan using sbtest2_pkey on sbtest2  (cost=0.43..8.45 rows=1 width=6)
	        Index Cond: (id = 7140604)

table 3 : explain DELETE FROM sbtest3 WHERE id=4895677
	Delete on sbtest3  (cost=0.43..8.45 rows=0 width=0)
	  ->  Index Scan using sbtest3_pkey on sbtest3  (cost=0.43..8.45 rows=1 width=6)
	        Index Cond: (id = 4895677)

table 4 : explain DELETE FROM sbtest4 WHERE id=8832397
	Delete on sbtest4  (cost=0.43..8.45 rows=0 width=0)
	  ->  Index Scan using sbtest4_pkey on sbtest4  (cost=0.43..8.45 rows=1 width=6)
	        Index Cond: (id = 8832397)

table 5 : explain DELETE FROM sbtest5 WHERE id=6990198
	Delete on sbtest5  (cost=0.43..8.45 rows=0 width=0)
	  ->  Index Scan using sbtest5_pkey on sbtest5  (cost=0.43..8.45 rows=1 width=6)
	        Index Cond: (id = 6990198)

table 6 : explain DELETE FROM sbtest6 WHERE id=2761253
	Delete on sbtest6  (cost=0.43..8.45 rows=0 width=0)
	  ->  Index Scan using sbtest6_pkey on sbtest6  (cost=0.43..8.45 rows=1 width=6)
	        Index Cond: (id = 2761253)

table 7 : explain DELETE FROM sbtest7 WHERE id=3497775
	Delete on sbtest7  (cost=0.43..8.45 rows=0 width=0)
	  ->  Index Scan using sbtest7_pkey on sbtest7  (cost=0.43..8.45 rows=1 width=6)
	        Index Cond: (id = 3497775)

table 8 : explain DELETE FROM sbtest8 WHERE id=2093857
	Delete on sbtest8  (cost=0.43..8.45 rows=0 width=0)
	  ->  Index Scan using sbtest8_pkey on sbtest8  (cost=0.43..8.45 rows=1 width=6)
	        Index Cond: (id = 2093857)

explain: for deletes :: explain DELETE FROM sbtest%u WHERE id=%u
for: order_ranges
table 1 : explain SELECT c FROM sbtest1 WHERE id BETWEEN 8407285 AND 8407384 ORDER BY c
	Sort  (cost=417.84..418.10 rows=106 width=121)
	  Sort Key: c
	  ->  Index Scan using sbtest1_pkey on sbtest1  (cost=0.43..414.27 rows=106 width=121)
	        Index Cond: ((id >= 8407285) AND (id <= 8407384))

table 2 : explain SELECT c FROM sbtest2 WHERE id BETWEEN 2103692 AND 2103791 ORDER BY c
	Sort  (cost=354.54..354.77 rows=90 width=121)
	  Sort Key: c
	  ->  Index Scan using sbtest2_pkey on sbtest2  (cost=0.43..351.62 rows=90 width=121)
	        Index Cond: ((id >= 2103692) AND (id <= 2103791))

table 3 : explain SELECT c FROM sbtest3 WHERE id BETWEEN 7496203 AND 7496302 ORDER BY c
	Sort  (cost=398.83..399.08 rows=101 width=121)
	  Sort Key: c
	  ->  Index Scan using sbtest3_pkey on sbtest3  (cost=0.43..395.46 rows=101 width=121)
	        Index Cond: ((id >= 7496203) AND (id <= 7496302))

table 4 : explain SELECT c FROM sbtest4 WHERE id BETWEEN 7996578 AND 7996677 ORDER BY c
	Sort  (cost=373.88..374.12 rows=95 width=121)
	  Sort Key: c
	  ->  Index Scan using sbtest4_pkey on sbtest4  (cost=0.43..370.76 rows=95 width=121)
	        Index Cond: ((id >= 7996578) AND (id <= 7996677))

table 5 : explain SELECT c FROM sbtest5 WHERE id BETWEEN 5373863 AND 5373962 ORDER BY c
	Sort  (cost=388.92..389.17 rows=99 width=121)
	  Sort Key: c
	  ->  Index Scan using sbtest5_pkey on sbtest5  (cost=0.43..385.64 rows=99 width=121)
	        Index Cond: ((id >= 5373863) AND (id <= 5373962))

table 6 : explain SELECT c FROM sbtest6 WHERE id BETWEEN 9376342 AND 9376441 ORDER BY c
	Sort  (cost=401.06..401.31 rows=102 width=121)
	  Sort Key: c
	  ->  Index Scan using sbtest6_pkey on sbtest6  (cost=0.43..397.66 rows=102 width=121)
	        Index Cond: ((id >= 9376342) AND (id <= 9376441))

table 7 : explain SELECT c FROM sbtest7 WHERE id BETWEEN 6008981 AND 6009080 ORDER BY c
	Sort  (cost=415.32..415.59 rows=106 width=121)
	  Sort Key: c
	  ->  Index Scan using sbtest7_pkey on sbtest7  (cost=0.43..411.76 rows=106 width=121)
	        Index Cond: ((id >= 6008981) AND (id <= 6009080))

table 8 : explain SELECT c FROM sbtest8 WHERE id BETWEEN 1391089 AND 1391188 ORDER BY c
	Sort  (cost=388.52..388.77 rows=99 width=121)
	  Sort Key: c
	  ->  Index Scan using sbtest8_pkey on sbtest8  (cost=0.43..385.24 rows=99 width=121)
	        Index Cond: ((id >= 1391089) AND (id <= 1391188))

explain: for non_index_updates :: explain UPDATE sbtest%u SET c='foobar' WHERE id=%u
explain: for deletes :: explain DELETE FROM sbtest%u WHERE id=%u
for: sum_ranges
table 1 : explain SELECT SUM(k) FROM sbtest1 WHERE id BETWEEN 8487528 AND 8487627
	Aggregate  (cost=399.07..399.08 rows=1 width=8)
	  ->  Index Scan using sbtest1_pkey on sbtest1  (cost=0.43..398.82 rows=102 width=4)
	        Index Cond: ((id >= 8487528) AND (id <= 8487627))

table 2 : explain SELECT SUM(k) FROM sbtest2 WHERE id BETWEEN 6997197 AND 6997296
	Aggregate  (cost=367.27..367.28 rows=1 width=8)
	  ->  Index Scan using sbtest2_pkey on sbtest2  (cost=0.43..367.04 rows=94 width=4)
	        Index Cond: ((id >= 6997197) AND (id <= 6997296))

table 3 : explain SELECT SUM(k) FROM sbtest3 WHERE id BETWEEN 2534680 AND 2534779
	Aggregate  (cost=438.34..438.35 rows=1 width=8)
	  ->  Index Scan using sbtest3_pkey on sbtest3  (cost=0.43..438.06 rows=112 width=4)
	        Index Cond: ((id >= 2534680) AND (id <= 2534779))

table 4 : explain SELECT SUM(k) FROM sbtest4 WHERE id BETWEEN 9172264 AND 9172363
	Aggregate  (cost=378.71..378.72 rows=1 width=8)
	  ->  Index Scan using sbtest4_pkey on sbtest4  (cost=0.43..378.47 rows=97 width=4)
	        Index Cond: ((id >= 9172264) AND (id <= 9172363))

table 5 : explain SELECT SUM(k) FROM sbtest5 WHERE id BETWEEN 4917457 AND 4917556
	Aggregate  (cost=355.08..355.09 rows=1 width=8)
	  ->  Index Scan using sbtest5_pkey on sbtest5  (cost=0.43..354.85 rows=91 width=4)
	        Index Cond: ((id >= 4917457) AND (id <= 4917556))

table 6 : explain SELECT SUM(k) FROM sbtest6 WHERE id BETWEEN 115397 AND 115496
	Aggregate  (cost=421.04..421.05 rows=1 width=8)
	  ->  Index Scan using sbtest6_pkey on sbtest6  (cost=0.43..420.77 rows=108 width=4)
	        Index Cond: ((id >= 115397) AND (id <= 115496))

table 7 : explain SELECT SUM(k) FROM sbtest7 WHERE id BETWEEN 8401007 AND 8401106
	Aggregate  (cost=400.50..400.51 rows=1 width=8)
	  ->  Index Scan using sbtest7_pkey on sbtest7  (cost=0.43..400.24 rows=103 width=4)
	        Index Cond: ((id >= 8401007) AND (id <= 8401106))

table 8 : explain SELECT SUM(k) FROM sbtest8 WHERE id BETWEEN 3812938 AND 3813037
	Aggregate  (cost=385.44..385.45 rows=1 width=8)
	  ->  Index Scan using sbtest8_pkey on sbtest8  (cost=0.43..385.20 rows=99 width=4)
	        Index Cond: ((id >= 3812938) AND (id <= 3813037))

explain: for deletes :: explain DELETE FROM sbtest%u WHERE id=%u
explain: for index_updates :: explain UPDATE sbtest%u SET k=k+1 WHERE id=%u
explain: for inserts :: explain INSERT INTO sbtest%u (id, k, c, pad) VALUES (%u, 13, 'foobar', 'foobar')
for non_index_updates
table 1 : explain UPDATE sbtest1 SET c='foobar' WHERE id=4673231
	Update on sbtest1  (cost=0.43..8.45 rows=0 width=0)
	  ->  Index Scan using sbtest1_pkey on sbtest1  (cost=0.43..8.45 rows=1 width=490)
	        Index Cond: (id = 4673231)

table 2 : explain UPDATE sbtest2 SET c='foobar' WHERE id=6933965
	Update on sbtest2  (cost=0.43..8.45 rows=0 width=0)
	  ->  Index Scan using sbtest2_pkey on sbtest2  (cost=0.43..8.45 rows=1 width=490)
	        Index Cond: (id = 6933965)

table 3 : explain UPDATE sbtest3 SET c='foobar' WHERE id=1940770
	Update on sbtest3  (cost=0.43..8.45 rows=0 width=0)
	  ->  Index Scan using sbtest3_pkey on sbtest3  (cost=0.43..8.45 rows=1 width=490)
	        Index Cond: (id = 1940770)

table 4 : explain UPDATE sbtest4 SET c='foobar' WHERE id=4338293
	Update on sbtest4  (cost=0.43..8.45 rows=0 width=0)
	  ->  Index Scan using sbtest4_pkey on sbtest4  (cost=0.43..8.45 rows=1 width=490)
	        Index Cond: (id = 4338293)

table 5 : explain UPDATE sbtest5 SET c='foobar' WHERE id=7744972
	Update on sbtest5  (cost=0.43..8.45 rows=0 width=0)
	  ->  Index Scan using sbtest5_pkey on sbtest5  (cost=0.43..8.45 rows=1 width=490)
	        Index Cond: (id = 7744972)

table 6 : explain UPDATE sbtest6 SET c='foobar' WHERE id=5866671
	Update on sbtest6  (cost=0.43..8.45 rows=0 width=0)
	  ->  Index Scan using sbtest6_pkey on sbtest6  (cost=0.43..8.45 rows=1 width=490)
	        Index Cond: (id = 5866671)

table 7 : explain UPDATE sbtest7 SET c='foobar' WHERE id=7804667
	Update on sbtest7  (cost=0.43..8.45 rows=0 width=0)
	  ->  Index Scan using sbtest7_pkey on sbtest7  (cost=0.43..8.45 rows=1 width=490)
	        Index Cond: (id = 7804667)

table 8 : explain UPDATE sbtest8 SET c='foobar' WHERE id=8320362
	Update on sbtest8  (cost=0.43..8.45 rows=0 width=0)
	  ->  Index Scan using sbtest8_pkey on sbtest8  (cost=0.43..8.45 rows=1 width=490)
	        Index Cond: (id = 8320362)

for index_updates
table 1 : explain UPDATE sbtest1 SET k=k+1 WHERE id=2901704
	Update on sbtest1  (cost=0.43..8.46 rows=0 width=0)
	  ->  Index Scan using sbtest1_pkey on sbtest1  (cost=0.43..8.46 rows=1 width=10)
	        Index Cond: (id = 2901704)

table 2 : explain UPDATE sbtest2 SET k=k+1 WHERE id=7361493
	Update on sbtest2  (cost=0.43..8.46 rows=0 width=0)
	  ->  Index Scan using sbtest2_pkey on sbtest2  (cost=0.43..8.46 rows=1 width=10)
	        Index Cond: (id = 7361493)

table 3 : explain UPDATE sbtest3 SET k=k+1 WHERE id=321170
	Update on sbtest3  (cost=0.43..8.46 rows=0 width=0)
	  ->  Index Scan using sbtest3_pkey on sbtest3  (cost=0.43..8.46 rows=1 width=10)
	        Index Cond: (id = 321170)

table 4 : explain UPDATE sbtest4 SET k=k+1 WHERE id=8235311
	Update on sbtest4  (cost=0.43..8.46 rows=0 width=0)
	  ->  Index Scan using sbtest4_pkey on sbtest4  (cost=0.43..8.46 rows=1 width=10)
	        Index Cond: (id = 8235311)

table 5 : explain UPDATE sbtest5 SET k=k+1 WHERE id=5136846
	Update on sbtest5  (cost=0.43..8.46 rows=0 width=0)
	  ->  Index Scan using sbtest5_pkey on sbtest5  (cost=0.43..8.46 rows=1 width=10)
	        Index Cond: (id = 5136846)

table 6 : explain UPDATE sbtest6 SET k=k+1 WHERE id=8357200
	Update on sbtest6  (cost=0.43..8.46 rows=0 width=0)
	  ->  Index Scan using sbtest6_pkey on sbtest6  (cost=0.43..8.46 rows=1 width=10)
	        Index Cond: (id = 8357200)

table 7 : explain UPDATE sbtest7 SET k=k+1 WHERE id=250906
	Update on sbtest7  (cost=0.43..8.46 rows=0 width=0)
	  ->  Index Scan using sbtest7_pkey on sbtest7  (cost=0.43..8.46 rows=1 width=10)
	        Index Cond: (id = 250906)

table 8 : explain UPDATE sbtest8 SET k=k+1 WHERE id=8457026
	Update on sbtest8  (cost=0.43..8.46 rows=0 width=0)
	  ->  Index Scan using sbtest8_pkey on sbtest8  (cost=0.43..8.46 rows=1 width=10)
	        Index Cond: (id = 8457026)

explain: for index_updates :: explain UPDATE sbtest%u SET k=k+1 WHERE id=%u
for deletes
table 1 : explain DELETE FROM sbtest1 WHERE id=4654239
	Delete on sbtest1  (cost=0.43..8.45 rows=0 width=0)
	  ->  Index Scan using sbtest1_pkey on sbtest1  (cost=0.43..8.45 rows=1 width=6)
	        Index Cond: (id = 4654239)

table 2 : explain DELETE FROM sbtest2 WHERE id=5810884
	Delete on sbtest2  (cost=0.43..8.45 rows=0 width=0)
	  ->  Index Scan using sbtest2_pkey on sbtest2  (cost=0.43..8.45 rows=1 width=6)
	        Index Cond: (id = 5810884)

table 3 : explain DELETE FROM sbtest3 WHERE id=7301065
	Delete on sbtest3  (cost=0.43..8.45 rows=0 width=0)
	  ->  Index Scan using sbtest3_pkey on sbtest3  (cost=0.43..8.45 rows=1 width=6)
	        Index Cond: (id = 7301065)

table 4 : explain DELETE FROM sbtest4 WHERE id=1434009
	Delete on sbtest4  (cost=0.43..8.45 rows=0 width=0)
	  ->  Index Scan using sbtest4_pkey on sbtest4  (cost=0.43..8.45 rows=1 width=6)
	        Index Cond: (id = 1434009)

table 5 : explain DELETE FROM sbtest5 WHERE id=8457206
	Delete on sbtest5  (cost=0.43..8.45 rows=0 width=0)
	  ->  Index Scan using sbtest5_pkey on sbtest5  (cost=0.43..8.45 rows=1 width=6)
	        Index Cond: (id = 8457206)

table 6 : explain DELETE FROM sbtest6 WHERE id=2253396
	Delete on sbtest6  (cost=0.43..8.45 rows=0 width=0)
	  ->  Index Scan using sbtest6_pkey on sbtest6  (cost=0.43..8.45 rows=1 width=6)
	        Index Cond: (id = 2253396)

table 7 : explain DELETE FROM sbtest7 WHERE id=2770597
	Delete on sbtest7  (cost=0.43..8.45 rows=0 width=0)
	  ->  Index Scan using sbtest7_pkey on sbtest7  (cost=0.43..8.45 rows=1 width=6)
	        Index Cond: (id = 2770597)

table 8 : explain DELETE FROM sbtest8 WHERE id=5265990
	Delete on sbtest8  (cost=0.43..8.45 rows=0 width=0)
	  ->  Index Scan using sbtest8_pkey on sbtest8  (cost=0.43..8.45 rows=1 width=6)
	        Index Cond: (id = 5265990)

explain: for non_index_updates :: explain UPDATE sbtest%u SET c='foobar' WHERE id=%u
explain: for point_selects :: explain SELECT c FROM sbtest%u WHERE id=%u
for deletes
table 1 : explain DELETE FROM sbtest1 WHERE id=6548598
	Delete on sbtest1  (cost=0.43..8.45 rows=0 width=0)
	  ->  Index Scan using sbtest1_pkey on sbtest1  (cost=0.43..8.45 rows=1 width=6)
	        Index Cond: (id = 6548598)

table 2 : explain DELETE FROM sbtest2 WHERE id=4710846
	Delete on sbtest2  (cost=0.43..8.45 rows=0 width=0)
	  ->  Index Scan using sbtest2_pkey on sbtest2  (cost=0.43..8.45 rows=1 width=6)
	        Index Cond: (id = 4710846)

table 3 : explain DELETE FROM sbtest3 WHERE id=9035141
	Delete on sbtest3  (cost=0.43..8.45 rows=0 width=0)
	  ->  Index Scan using sbtest3_pkey on sbtest3  (cost=0.43..8.45 rows=1 width=6)
	        Index Cond: (id = 9035141)

table 4 : explain DELETE FROM sbtest4 WHERE id=6454953
	Delete on sbtest4  (cost=0.43..8.45 rows=0 width=0)
	  ->  Index Scan using sbtest4_pkey on sbtest4  (cost=0.43..8.45 rows=1 width=6)
	        Index Cond: (id = 6454953)

table 5 : explain DELETE FROM sbtest5 WHERE id=5276301
	Delete on sbtest5  (cost=0.43..8.45 rows=0 width=0)
	  ->  Index Scan using sbtest5_pkey on sbtest5  (cost=0.43..8.45 rows=1 width=6)
	        Index Cond: (id = 5276301)

table 6 : explain DELETE FROM sbtest6 WHERE id=5642599
	Delete on sbtest6  (cost=0.43..8.45 rows=0 width=0)
	  ->  Index Scan using sbtest6_pkey on sbtest6  (cost=0.43..8.45 rows=1 width=6)
	        Index Cond: (id = 5642599)

table 7 : explain DELETE FROM sbtest7 WHERE id=1570500
	Delete on sbtest7  (cost=0.43..8.45 rows=0 width=0)
	  ->  Index Scan using sbtest7_pkey on sbtest7  (cost=0.43..8.45 rows=1 width=6)
	        Index Cond: (id = 1570500)

table 8 : explain DELETE FROM sbtest8 WHERE id=679624
	Delete on sbtest8  (cost=0.43..8.45 rows=0 width=0)
	  ->  Index Scan using sbtest8_pkey on sbtest8  (cost=0.43..8.45 rows=1 width=6)
	        Index Cond: (id = 679624)

for inserts
table 1 : explain INSERT INTO sbtest1 (id, k, c, pad) VALUES (6962416, 13, 'foobar', 'foobar')
	Insert on sbtest1  (cost=0.00..0.01 rows=0 width=0)
	  ->  Result  (cost=0.00..0.01 rows=1 width=736)

table 2 : explain INSERT INTO sbtest2 (id, k, c, pad) VALUES (5160739, 13, 'foobar', 'foobar')
	Insert on sbtest2  (cost=0.00..0.01 rows=0 width=0)
	  ->  Result  (cost=0.00..0.01 rows=1 width=736)

table 3 : explain INSERT INTO sbtest3 (id, k, c, pad) VALUES (417305, 13, 'foobar', 'foobar')
	Insert on sbtest3  (cost=0.00..0.01 rows=0 width=0)
	  ->  Result  (cost=0.00..0.01 rows=1 width=736)

table 4 : explain INSERT INTO sbtest4 (id, k, c, pad) VALUES (68131, 13, 'foobar', 'foobar')
	Insert on sbtest4  (cost=0.00..0.01 rows=0 width=0)
	  ->  Result  (cost=0.00..0.01 rows=1 width=736)

table 5 : explain INSERT INTO sbtest5 (id, k, c, pad) VALUES (5235753, 13, 'foobar', 'foobar')
	Insert on sbtest5  (cost=0.00..0.01 rows=0 width=0)
	  ->  Result  (cost=0.00..0.01 rows=1 width=736)

table 6 : explain INSERT INTO sbtest6 (id, k, c, pad) VALUES (3224690, 13, 'foobar', 'foobar')
	Insert on sbtest6  (cost=0.00..0.01 rows=0 width=0)
	  ->  Result  (cost=0.00..0.01 rows=1 width=736)

table 7 : explain INSERT INTO sbtest7 (id, k, c, pad) VALUES (1842753, 13, 'foobar', 'foobar')
	Insert on sbtest7  (cost=0.00..0.01 rows=0 width=0)
	  ->  Result  (cost=0.00..0.01 rows=1 width=736)

table 8 : explain INSERT INTO sbtest8 (id, k, c, pad) VALUES (6836911, 13, 'foobar', 'foobar')
	Insert on sbtest8  (cost=0.00..0.01 rows=0 width=0)
	  ->  Result  (cost=0.00..0.01 rows=1 width=736)

for deletes
table 1 : explain DELETE FROM sbtest1 WHERE id=3808968
	Delete on sbtest1  (cost=0.43..8.45 rows=0 width=0)
	  ->  Index Scan using sbtest1_pkey on sbtest1  (cost=0.43..8.45 rows=1 width=6)
	        Index Cond: (id = 3808968)

table 2 : explain DELETE FROM sbtest2 WHERE id=8541444
	Delete on sbtest2  (cost=0.43..8.45 rows=0 width=0)
	  ->  Index Scan using sbtest2_pkey on sbtest2  (cost=0.43..8.45 rows=1 width=6)
	        Index Cond: (id = 8541444)

table 3 : explain DELETE FROM sbtest3 WHERE id=7337316
	Delete on sbtest3  (cost=0.43..8.45 rows=0 width=0)
	  ->  Index Scan using sbtest3_pkey on sbtest3  (cost=0.43..8.45 rows=1 width=6)
	        Index Cond: (id = 7337316)

table 4 : explain DELETE FROM sbtest4 WHERE id=8321075
	Delete on sbtest4  (cost=0.43..8.45 rows=0 width=0)
	  ->  Index Scan using sbtest4_pkey on sbtest4  (cost=0.43..8.45 rows=1 width=6)
	        Index Cond: (id = 8321075)

table 5 : explain DELETE FROM sbtest5 WHERE id=5920378
	Delete on sbtest5  (cost=0.43..8.45 rows=0 width=0)
	  ->  Index Scan using sbtest5_pkey on sbtest5  (cost=0.43..8.45 rows=1 width=6)
	        Index Cond: (id = 5920378)

table 6 : explain DELETE FROM sbtest6 WHERE id=6528596
	Delete on sbtest6  (cost=0.43..8.45 rows=0 width=0)
	  ->  Index Scan using sbtest6_pkey on sbtest6  (cost=0.43..8.45 rows=1 width=6)
	        Index Cond: (id = 6528596)

table 7 : explain DELETE FROM sbtest7 WHERE id=6426929
	Delete on sbtest7  (cost=0.43..8.45 rows=0 width=0)
	  ->  Index Scan using sbtest7_pkey on sbtest7  (cost=0.43..8.45 rows=1 width=6)
	        Index Cond: (id = 6426929)

table 8 : explain DELETE FROM sbtest8 WHERE id=9894525
	Delete on sbtest8  (cost=0.43..8.45 rows=0 width=0)
	  ->  Index Scan using sbtest8_pkey on sbtest8  (cost=0.43..8.45 rows=1 width=6)
	        Index Cond: (id = 9894525)

for point_selects
table 1 : explain SELECT c FROM sbtest1 WHERE id=9675363
	Index Scan using sbtest1_pkey on sbtest1  (cost=0.43..8.45 rows=1 width=121)
	  Index Cond: (id = 9675363)

table 2 : explain SELECT c FROM sbtest2 WHERE id=6916379
	Index Scan using sbtest2_pkey on sbtest2  (cost=0.43..8.45 rows=1 width=121)
	  Index Cond: (id = 6916379)

table 3 : explain SELECT c FROM sbtest3 WHERE id=8039775
	Index Scan using sbtest3_pkey on sbtest3  (cost=0.43..8.45 rows=1 width=121)
	  Index Cond: (id = 8039775)

table 4 : explain SELECT c FROM sbtest4 WHERE id=53969
	Index Scan using sbtest4_pkey on sbtest4  (cost=0.43..8.45 rows=1 width=121)
	  Index Cond: (id = 53969)

table 5 : explain SELECT c FROM sbtest5 WHERE id=1635039
	Index Scan using sbtest5_pkey on sbtest5  (cost=0.43..8.45 rows=1 width=121)
	  Index Cond: (id = 1635039)

table 6 : explain SELECT c FROM sbtest6 WHERE id=9367062
	Index Scan using sbtest6_pkey on sbtest6  (cost=0.43..8.45 rows=1 width=121)
	  Index Cond: (id = 9367062)

table 7 : explain SELECT c FROM sbtest7 WHERE id=8764687
	Index Scan using sbtest7_pkey on sbtest7  (cost=0.43..8.45 rows=1 width=121)
	  Index Cond: (id = 8764687)

table 8 : explain SELECT c FROM sbtest8 WHERE id=2274189
	Index Scan using sbtest8_pkey on sbtest8  (cost=0.43..8.45 rows=1 width=121)
	  Index Cond: (id = 2274189)

for: order_ranges
table 1 : explain SELECT c FROM sbtest1 WHERE id BETWEEN 7671237 AND 7671336 ORDER BY c
	Sort  (cost=456.89..457.18 rows=116 width=121)
	  Sort Key: c
	  ->  Index Scan using sbtest1_pkey on sbtest1  (cost=0.43..452.91 rows=116 width=121)
	        Index Cond: ((id >= 7671237) AND (id <= 7671336))

table 2 : explain SELECT c FROM sbtest2 WHERE id BETWEEN 6487120 AND 6487219 ORDER BY c
	Sort  (cost=401.28..401.54 rows=102 width=121)
	  Sort Key: c
	  ->  Index Scan using sbtest2_pkey on sbtest2  (cost=0.43..397.88 rows=102 width=121)
	        Index Cond: ((id >= 6487120) AND (id <= 6487219))

table 3 : explain SELECT c FROM sbtest3 WHERE id BETWEEN 1173220 AND 1173319 ORDER BY c
	Sort  (cost=394.92..395.17 rows=100 width=121)
	  Sort Key: c
	  ->  Index Scan using sbtest3_pkey on sbtest3  (cost=0.43..391.59 rows=100 width=121)
	        Index Cond: ((id >= 1173220) AND (id <= 1173319))

table 4 : explain SELECT c FROM sbtest4 WHERE id BETWEEN 6965335 AND 6965434 ORDER BY c
	Sort  (cost=385.57..385.81 rows=98 width=121)
	  Sort Key: c
	  ->  Index Scan using sbtest4_pkey on sbtest4  (cost=0.43..382.32 rows=98 width=121)
	        Index Cond: ((id >= 6965335) AND (id <= 6965434))

table 5 : explain SELECT c FROM sbtest5 WHERE id BETWEEN 3013683 AND 3013782 ORDER BY c
	Sort  (cost=408.40..408.66 rows=104 width=121)
	  Sort Key: c
	  ->  Index Scan using sbtest5_pkey on sbtest5  (cost=0.43..404.92 rows=104 width=121)
	        Index Cond: ((id >= 3013683) AND (id <= 3013782))

table 6 : explain SELECT c FROM sbtest6 WHERE id BETWEEN 3749306 AND 3749405 ORDER BY c
	Sort  (cost=393.27..393.52 rows=100 width=121)
	  Sort Key: c
	  ->  Index Scan using sbtest6_pkey on sbtest6  (cost=0.43..389.95 rows=100 width=121)
	        Index Cond: ((id >= 3749306) AND (id <= 3749405))

table 7 : explain SELECT c FROM sbtest7 WHERE id BETWEEN 6934575 AND 6934674 ORDER BY c
	Sort  (cost=403.68..403.94 rows=103 width=121)
	  Sort Key: c
	  ->  Index Scan using sbtest7_pkey on sbtest7  (cost=0.43..400.24 rows=103 width=121)
	        Index Cond: ((id >= 6934575) AND (id <= 6934674))

table 8 : explain SELECT c FROM sbtest8 WHERE id BETWEEN 9229470 AND 9229569 ORDER BY c
	Sort  (cost=400.17..400.43 rows=102 width=121)
	  Sort Key: c
	  ->  Index Scan using sbtest8_pkey on sbtest8  (cost=0.43..396.77 rows=102 width=121)
	        Index Cond: ((id >= 9229470) AND (id <= 9229569))

explain: for non_index_updates :: explain UPDATE sbtest%u SET c='foobar' WHERE id=%u
for non_index_updates
table 1 : explain UPDATE sbtest1 SET c='foobar' WHERE id=6468846
	Update on sbtest1  (cost=0.43..8.45 rows=0 width=0)
	  ->  Index Scan using sbtest1_pkey on sbtest1  (cost=0.43..8.45 rows=1 width=490)
	        Index Cond: (id = 6468846)

table 2 : explain UPDATE sbtest2 SET c='foobar' WHERE id=9826336
	Update on sbtest2  (cost=0.43..8.45 rows=0 width=0)
	  ->  Index Scan using sbtest2_pkey on sbtest2  (cost=0.43..8.45 rows=1 width=490)
	        Index Cond: (id = 9826336)

table 3 : explain UPDATE sbtest3 SET c='foobar' WHERE id=3134859
	Update on sbtest3  (cost=0.43..8.45 rows=0 width=0)
	  ->  Index Scan using sbtest3_pkey on sbtest3  (cost=0.43..8.45 rows=1 width=490)
	        Index Cond: (id = 3134859)

table 4 : explain UPDATE sbtest4 SET c='foobar' WHERE id=9787908
	Update on sbtest4  (cost=0.43..8.45 rows=0 width=0)
	  ->  Index Scan using sbtest4_pkey on sbtest4  (cost=0.43..8.45 rows=1 width=490)
	        Index Cond: (id = 9787908)

table 5 : explain UPDATE sbtest5 SET c='foobar' WHERE id=5115758
	Update on sbtest5  (cost=0.43..8.45 rows=0 width=0)
	  ->  Index Scan using sbtest5_pkey on sbtest5  (cost=0.43..8.45 rows=1 width=490)
	        Index Cond: (id = 5115758)

table 6 : explain UPDATE sbtest6 SET c='foobar' WHERE id=5828081
	Update on sbtest6  (cost=0.43..8.45 rows=0 width=0)
	  ->  Index Scan using sbtest6_pkey on sbtest6  (cost=0.43..8.45 rows=1 width=490)
	        Index Cond: (id = 5828081)

table 7 : explain UPDATE sbtest7 SET c='foobar' WHERE id=9322007
	Update on sbtest7  (cost=0.43..8.45 rows=0 width=0)
	  ->  Index Scan using sbtest7_pkey on sbtest7  (cost=0.43..8.45 rows=1 width=490)
	        Index Cond: (id = 9322007)

table 8 : explain UPDATE sbtest8 SET c='foobar' WHERE id=7917517
	Update on sbtest8  (cost=0.43..8.45 rows=0 width=0)
	  ->  Index Scan using sbtest8_pkey on sbtest8  (cost=0.43..8.45 rows=1 width=490)
	        Index Cond: (id = 7917517)

explain: for inserts :: explain INSERT INTO sbtest%u (id, k, c, pad) VALUES (%u, 13, 'foobar', 'foobar')
for non_index_updates
table 1 : explain UPDATE sbtest1 SET c='foobar' WHERE id=6926993
	Update on sbtest1  (cost=0.43..8.45 rows=0 width=0)
	  ->  Index Scan using sbtest1_pkey on sbtest1  (cost=0.43..8.45 rows=1 width=490)
	        Index Cond: (id = 6926993)

table 2 : explain UPDATE sbtest2 SET c='foobar' WHERE id=8085919
	Update on sbtest2  (cost=0.43..8.45 rows=0 width=0)
	  ->  Index Scan using sbtest2_pkey on sbtest2  (cost=0.43..8.45 rows=1 width=490)
	        Index Cond: (id = 8085919)

table 3 : explain UPDATE sbtest3 SET c='foobar' WHERE id=3038291
	Update on sbtest3  (cost=0.43..8.45 rows=0 width=0)
	  ->  Index Scan using sbtest3_pkey on sbtest3  (cost=0.43..8.45 rows=1 width=490)
	        Index Cond: (id = 3038291)

table 4 : explain UPDATE sbtest4 SET c='foobar' WHERE id=4199590
	Update on sbtest4  (cost=0.43..8.45 rows=0 width=0)
	  ->  Index Scan using sbtest4_pkey on sbtest4  (cost=0.43..8.45 rows=1 width=490)
	        Index Cond: (id = 4199590)

table 5 : explain UPDATE sbtest5 SET c='foobar' WHERE id=7235584
	Update on sbtest5  (cost=0.43..8.45 rows=0 width=0)
	  ->  Index Scan using sbtest5_pkey on sbtest5  (cost=0.43..8.45 rows=1 width=490)
	        Index Cond: (id = 7235584)

table 6 : explain UPDATE sbtest6 SET c='foobar' WHERE id=1291025
	Update on sbtest6  (cost=0.43..8.45 rows=0 width=0)
	  ->  Index Scan using sbtest6_pkey on sbtest6  (cost=0.43..8.45 rows=1 width=490)
	        Index Cond: (id = 1291025)

table 7 : explain UPDATE sbtest7 SET c='foobar' WHERE id=7798312
	Update on sbtest7  (cost=0.43..8.45 rows=0 width=0)
	  ->  Index Scan using sbtest7_pkey on sbtest7  (cost=0.43..8.45 rows=1 width=490)
	        Index Cond: (id = 7798312)

table 8 : explain UPDATE sbtest8 SET c='foobar' WHERE id=2502992
	Update on sbtest8  (cost=0.43..8.45 rows=0 width=0)
	  ->  Index Scan using sbtest8_pkey on sbtest8  (cost=0.43..8.45 rows=1 width=490)
	        Index Cond: (id = 2502992)

explain: for deletes :: explain DELETE FROM sbtest%u WHERE id=%u
for index_updates
table 1 : explain UPDATE sbtest1 SET k=k+1 WHERE id=195934
	Update on sbtest1  (cost=0.43..8.46 rows=0 width=0)
	  ->  Index Scan using sbtest1_pkey on sbtest1  (cost=0.43..8.46 rows=1 width=10)
	        Index Cond: (id = 195934)

table 2 : explain UPDATE sbtest2 SET k=k+1 WHERE id=6637662
	Update on sbtest2  (cost=0.43..8.46 rows=0 width=0)
	  ->  Index Scan using sbtest2_pkey on sbtest2  (cost=0.43..8.46 rows=1 width=10)
	        Index Cond: (id = 6637662)

table 3 : explain UPDATE sbtest3 SET k=k+1 WHERE id=7232787
	Update on sbtest3  (cost=0.43..8.46 rows=0 width=0)
	  ->  Index Scan using sbtest3_pkey on sbtest3  (cost=0.43..8.46 rows=1 width=10)
	        Index Cond: (id = 7232787)

table 4 : explain UPDATE sbtest4 SET k=k+1 WHERE id=4820618
	Update on sbtest4  (cost=0.43..8.46 rows=0 width=0)
	  ->  Index Scan using sbtest4_pkey on sbtest4  (cost=0.43..8.46 rows=1 width=10)
	        Index Cond: (id = 4820618)

table 5 : explain UPDATE sbtest5 SET k=k+1 WHERE id=4823582
	Update on sbtest5  (cost=0.43..8.46 rows=0 width=0)
	  ->  Index Scan using sbtest5_pkey on sbtest5  (cost=0.43..8.46 rows=1 width=10)
	        Index Cond: (id = 4823582)

table 6 : explain UPDATE sbtest6 SET k=k+1 WHERE id=3147775
	Update on sbtest6  (cost=0.43..8.46 rows=0 width=0)
	  ->  Index Scan using sbtest6_pkey on sbtest6  (cost=0.43..8.46 rows=1 width=10)
	        Index Cond: (id = 3147775)

table 7 : explain UPDATE sbtest7 SET k=k+1 WHERE id=2298520
	Update on sbtest7  (cost=0.43..8.46 rows=0 width=0)
	  ->  Index Scan using sbtest7_pkey on sbtest7  (cost=0.43..8.46 rows=1 width=10)
	        Index Cond: (id = 2298520)

table 8 : explain UPDATE sbtest8 SET k=k+1 WHERE id=8904256
	Update on sbtest8  (cost=0.43..8.46 rows=0 width=0)
	  ->  Index Scan using sbtest8_pkey on sbtest8  (cost=0.43..8.46 rows=1 width=10)
	        Index Cond: (id = 8904256)

for non_index_updates
table 1 : explain UPDATE sbtest1 SET c='foobar' WHERE id=5675722
	Update on sbtest1  (cost=0.43..8.45 rows=0 width=0)
	  ->  Index Scan using sbtest1_pkey on sbtest1  (cost=0.43..8.45 rows=1 width=490)
	        Index Cond: (id = 5675722)

table 2 : explain UPDATE sbtest2 SET c='foobar' WHERE id=7134164
	Update on sbtest2  (cost=0.43..8.45 rows=0 width=0)
	  ->  Index Scan using sbtest2_pkey on sbtest2  (cost=0.43..8.45 rows=1 width=490)
	        Index Cond: (id = 7134164)

table 3 : explain UPDATE sbtest3 SET c='foobar' WHERE id=8367
	Update on sbtest3  (cost=0.43..8.45 rows=0 width=0)
	  ->  Index Scan using sbtest3_pkey on sbtest3  (cost=0.43..8.45 rows=1 width=490)
	        Index Cond: (id = 8367)

table 4 : explain UPDATE sbtest4 SET c='foobar' WHERE id=952357
	Update on sbtest4  (cost=0.43..8.45 rows=0 width=0)
	  ->  Index Scan using sbtest4_pkey on sbtest4  (cost=0.43..8.45 rows=1 width=490)
	        Index Cond: (id = 952357)

table 5 : explain UPDATE sbtest5 SET c='foobar' WHERE id=2227728
	Update on sbtest5  (cost=0.43..8.45 rows=0 width=0)
	  ->  Index Scan using sbtest5_pkey on sbtest5  (cost=0.43..8.45 rows=1 width=490)
	        Index Cond: (id = 2227728)

table 6 : explain UPDATE sbtest6 SET c='foobar' WHERE id=2564308
	Update on sbtest6  (cost=0.43..8.45 rows=0 width=0)
	  ->  Index Scan using sbtest6_pkey on sbtest6  (cost=0.43..8.45 rows=1 width=490)
	        Index Cond: (id = 2564308)

table 7 : explain UPDATE sbtest7 SET c='foobar' WHERE id=8027804
	Update on sbtest7  (cost=0.43..8.45 rows=0 width=0)
	  ->  Index Scan using sbtest7_pkey on sbtest7  (cost=0.43..8.45 rows=1 width=490)
	        Index Cond: (id = 8027804)

table 8 : explain UPDATE sbtest8 SET c='foobar' WHERE id=6654150
	Update on sbtest8  (cost=0.43..8.45 rows=0 width=0)
	  ->  Index Scan using sbtest8_pkey on sbtest8  (cost=0.43..8.45 rows=1 width=490)
	        Index Cond: (id = 6654150)

for inserts
table 1 : explain INSERT INTO sbtest1 (id, k, c, pad) VALUES (1850340, 13, 'foobar', 'foobar')
	Insert on sbtest1  (cost=0.00..0.01 rows=0 width=0)
	  ->  Result  (cost=0.00..0.01 rows=1 width=736)

table 2 : explain INSERT INTO sbtest2 (id, k, c, pad) VALUES (6085778, 13, 'foobar', 'foobar')
	Insert on sbtest2  (cost=0.00..0.01 rows=0 width=0)
	  ->  Result  (cost=0.00..0.01 rows=1 width=736)

table 3 : explain INSERT INTO sbtest3 (id, k, c, pad) VALUES (7689193, 13, 'foobar', 'foobar')
	Insert on sbtest3  (cost=0.00..0.01 rows=0 width=0)
	  ->  Result  (cost=0.00..0.01 rows=1 width=736)

table 4 : explain INSERT INTO sbtest4 (id, k, c, pad) VALUES (9015568, 13, 'foobar', 'foobar')
	Insert on sbtest4  (cost=0.00..0.01 rows=0 width=0)
	  ->  Result  (cost=0.00..0.01 rows=1 width=736)

table 5 : explain INSERT INTO sbtest5 (id, k, c, pad) VALUES (187139, 13, 'foobar', 'foobar')
	Insert on sbtest5  (cost=0.00..0.01 rows=0 width=0)
	  ->  Result  (cost=0.00..0.01 rows=1 width=736)

table 6 : explain INSERT INTO sbtest6 (id, k, c, pad) VALUES (6833168, 13, 'foobar', 'foobar')
	Insert on sbtest6  (cost=0.00..0.01 rows=0 width=0)
	  ->  Result  (cost=0.00..0.01 rows=1 width=736)

table 7 : explain INSERT INTO sbtest7 (id, k, c, pad) VALUES (5196342, 13, 'foobar', 'foobar')
	Insert on sbtest7  (cost=0.00..0.01 rows=0 width=0)
	  ->  Result  (cost=0.00..0.01 rows=1 width=736)

table 8 : explain INSERT INTO sbtest8 (id, k, c, pad) VALUES (5363867, 13, 'foobar', 'foobar')
	Insert on sbtest8  (cost=0.00..0.01 rows=0 width=0)
	  ->  Result  (cost=0.00..0.01 rows=1 width=736)

for index_updates
table 1 : explain UPDATE sbtest1 SET k=k+1 WHERE id=7762086
	Update on sbtest1  (cost=0.43..8.46 rows=0 width=0)
	  ->  Index Scan using sbtest1_pkey on sbtest1  (cost=0.43..8.46 rows=1 width=10)
	        Index Cond: (id = 7762086)

table 2 : explain UPDATE sbtest2 SET k=k+1 WHERE id=3152088
	Update on sbtest2  (cost=0.43..8.46 rows=0 width=0)
	  ->  Index Scan using sbtest2_pkey on sbtest2  (cost=0.43..8.46 rows=1 width=10)
	        Index Cond: (id = 3152088)

table 3 : explain UPDATE sbtest3 SET k=k+1 WHERE id=6753827
	Update on sbtest3  (cost=0.43..8.46 rows=0 width=0)
	  ->  Index Scan using sbtest3_pkey on sbtest3  (cost=0.43..8.46 rows=1 width=10)
	        Index Cond: (id = 6753827)

table 4 : explain UPDATE sbtest4 SET k=k+1 WHERE id=7677936
	Update on sbtest4  (cost=0.43..8.46 rows=0 width=0)
	  ->  Index Scan using sbtest4_pkey on sbtest4  (cost=0.43..8.46 rows=1 width=10)
	        Index Cond: (id = 7677936)

table 5 : explain UPDATE sbtest5 SET k=k+1 WHERE id=6653073
	Update on sbtest5  (cost=0.43..8.46 rows=0 width=0)
	  ->  Index Scan using sbtest5_pkey on sbtest5  (cost=0.43..8.46 rows=1 width=10)
	        Index Cond: (id = 6653073)

table 6 : explain UPDATE sbtest6 SET k=k+1 WHERE id=4425868
	Update on sbtest6  (cost=0.43..8.46 rows=0 width=0)
	  ->  Index Scan using sbtest6_pkey on sbtest6  (cost=0.43..8.46 rows=1 width=10)
	        Index Cond: (id = 4425868)

table 7 : explain UPDATE sbtest7 SET k=k+1 WHERE id=2057608
	Update on sbtest7  (cost=0.43..8.46 rows=0 width=0)
	  ->  Index Scan using sbtest7_pkey on sbtest7  (cost=0.43..8.46 rows=1 width=10)
	        Index Cond: (id = 2057608)

table 8 : explain UPDATE sbtest8 SET k=k+1 WHERE id=4796538
	Update on sbtest8  (cost=0.43..8.46 rows=0 width=0)
	  ->  Index Scan using sbtest8_pkey on sbtest8  (cost=0.43..8.46 rows=1 width=10)
	        Index Cond: (id = 4796538)

for deletes
table 1 : explain DELETE FROM sbtest1 WHERE id=8090997
	Delete on sbtest1  (cost=0.43..8.45 rows=0 width=0)
	  ->  Index Scan using sbtest1_pkey on sbtest1  (cost=0.43..8.45 rows=1 width=6)
	        Index Cond: (id = 8090997)

table 2 : explain DELETE FROM sbtest2 WHERE id=3274562
	Delete on sbtest2  (cost=0.43..8.45 rows=0 width=0)
	  ->  Index Scan using sbtest2_pkey on sbtest2  (cost=0.43..8.45 rows=1 width=6)
	        Index Cond: (id = 3274562)

table 3 : explain DELETE FROM sbtest3 WHERE id=5423096
	Delete on sbtest3  (cost=0.43..8.45 rows=0 width=0)
	  ->  Index Scan using sbtest3_pkey on sbtest3  (cost=0.43..8.45 rows=1 width=6)
	        Index Cond: (id = 5423096)

table 4 : explain DELETE FROM sbtest4 WHERE id=8736251
	Delete on sbtest4  (cost=0.43..8.45 rows=0 width=0)
	  ->  Index Scan using sbtest4_pkey on sbtest4  (cost=0.43..8.45 rows=1 width=6)
	        Index Cond: (id = 8736251)

table 5 : explain DELETE FROM sbtest5 WHERE id=1761962
	Delete on sbtest5  (cost=0.43..8.45 rows=0 width=0)
	  ->  Index Scan using sbtest5_pkey on sbtest5  (cost=0.43..8.45 rows=1 width=6)
	        Index Cond: (id = 1761962)

table 6 : explain DELETE FROM sbtest6 WHERE id=3701540
	Delete on sbtest6  (cost=0.43..8.45 rows=0 width=0)
	  ->  Index Scan using sbtest6_pkey on sbtest6  (cost=0.43..8.45 rows=1 width=6)
	        Index Cond: (id = 3701540)

table 7 : explain DELETE FROM sbtest7 WHERE id=640557
	Delete on sbtest7  (cost=0.43..8.45 rows=0 width=0)
	  ->  Index Scan using sbtest7_pkey on sbtest7  (cost=0.43..8.45 rows=1 width=6)
	        Index Cond: (id = 640557)

table 8 : explain DELETE FROM sbtest8 WHERE id=6458
	Delete on sbtest8  (cost=0.43..8.45 rows=0 width=0)
	  ->  Index Scan using sbtest8_pkey on sbtest8  (cost=0.43..8.45 rows=1 width=6)
	        Index Cond: (id = 6458)

explain: for deletes :: explain DELETE FROM sbtest%u WHERE id=%u
explain: for inserts :: explain INSERT INTO sbtest%u (id, k, c, pad) VALUES (%u, 13, 'foobar', 'foobar')
explain: for deletes :: explain DELETE FROM sbtest%u WHERE id=%u
for: simple_ranges
table 1 : explain SELECT c FROM sbtest1 WHERE id BETWEEN 184753 AND 184852
	Index Scan using sbtest1_pkey on sbtest1  (cost=0.43..379.46 rows=97 width=121)
	  Index Cond: ((id >= 184753) AND (id <= 184852))

table 2 : explain SELECT c FROM sbtest2 WHERE id BETWEEN 6830841 AND 6830940
	Index Scan using sbtest2_pkey on sbtest2  (cost=0.43..397.92 rows=102 width=121)
	  Index Cond: ((id >= 6830841) AND (id <= 6830940))

table 3 : explain SELECT c FROM sbtest3 WHERE id BETWEEN 631318 AND 631417
	Index Scan using sbtest3_pkey on sbtest3  (cost=0.43..391.59 rows=100 width=121)
	  Index Cond: ((id >= 631318) AND (id <= 631417))

table 4 : explain SELECT c FROM sbtest4 WHERE id BETWEEN 754441 AND 754540
	Index Scan using sbtest4_pkey on sbtest4  (cost=0.43..393.93 rows=101 width=121)
	  Index Cond: ((id >= 754441) AND (id <= 754540))

table 5 : explain SELECT c FROM sbtest5 WHERE id BETWEEN 3828339 AND 3828438
	Index Scan using sbtest5_pkey on sbtest5  (cost=0.43..374.09 rows=96 width=121)
	  Index Cond: ((id >= 3828339) AND (id <= 3828438))

table 6 : explain SELECT c FROM sbtest6 WHERE id BETWEEN 2917760 AND 2917859
	Index Scan using sbtest6_pkey on sbtest6  (cost=0.43..370.65 rows=95 width=121)
	  Index Cond: ((id >= 2917760) AND (id <= 2917859))

table 7 : explain SELECT c FROM sbtest7 WHERE id BETWEEN 760330 AND 760429
	Index Scan using sbtest7_pkey on sbtest7  (cost=0.43..400.24 rows=103 width=121)
	  Index Cond: ((id >= 760330) AND (id <= 760429))

table 8 : explain SELECT c FROM sbtest8 WHERE id BETWEEN 2690302 AND 2690401
	Index Scan using sbtest8_pkey on sbtest8  (cost=0.43..365.98 rows=94 width=121)
	  Index Cond: ((id >= 2690302) AND (id <= 2690401))

explain: for deletes :: explain DELETE FROM sbtest%u WHERE id=%u
for: order_ranges
table 1 : explain SELECT c FROM sbtest1 WHERE id BETWEEN 1772114 AND 1772213 ORDER BY c
	Sort  (cost=382.66..382.90 rows=97 width=121)
	  Sort Key: c
	  ->  Index Scan using sbtest1_pkey on sbtest1  (cost=0.43..379.46 rows=97 width=121)
	        Index Cond: ((id >= 1772114) AND (id <= 1772213))

table 2 : explain SELECT c FROM sbtest2 WHERE id BETWEEN 2221597 AND 2221696 ORDER BY c
	Sort  (cost=338.96..339.18 rows=86 width=121)
	  Sort Key: c
	  ->  Index Scan using sbtest2_pkey on sbtest2  (cost=0.43..336.20 rows=86 width=121)
	        Index Cond: ((id >= 2221597) AND (id <= 2221696))

table 3 : explain SELECT c FROM sbtest3 WHERE id BETWEEN 6312875 AND 6312974 ORDER BY c
	Sort  (cost=422.32..422.59 rows=107 width=121)
	  Sort Key: c
	  ->  Index Scan using sbtest3_pkey on sbtest3  (cost=0.43..418.72 rows=107 width=121)
	        Index Cond: ((id >= 6312875) AND (id <= 6312974))

table 4 : explain SELECT c FROM sbtest4 WHERE id BETWEEN 2004784 AND 2004883 ORDER BY c
	Sort  (cost=385.57..385.81 rows=98 width=121)
	  Sort Key: c
	  ->  Index Scan using sbtest4_pkey on sbtest4  (cost=0.43..382.32 rows=98 width=121)
	        Index Cond: ((id >= 2004784) AND (id <= 2004883))

table 5 : explain SELECT c FROM sbtest5 WHERE id BETWEEN 3777318 AND 3777417 ORDER BY c
	Sort  (cost=377.25..377.49 rows=96 width=121)
	  Sort Key: c
	  ->  Index Scan using sbtest5_pkey on sbtest5  (cost=0.43..374.09 rows=96 width=121)
	        Index Cond: ((id >= 3777318) AND (id <= 3777417))

table 6 : explain SELECT c FROM sbtest6 WHERE id BETWEEN 4956283 AND 4956382 ORDER BY c
	Sort  (cost=385.45..385.69 rows=98 width=121)
	  Sort Key: c
	  ->  Index Scan using sbtest6_pkey on sbtest6  (cost=0.43..382.21 rows=98 width=121)
	        Index Cond: ((id >= 4956283) AND (id <= 4956382))

table 7 : explain SELECT c FROM sbtest7 WHERE id BETWEEN 3216163 AND 3216262 ORDER BY c
	Sort  (cost=384.24..384.48 rows=98 width=121)
	  Sort Key: c
	  ->  Index Scan using sbtest7_pkey on sbtest7  (cost=0.43..381.00 rows=98 width=121)
	        Index Cond: ((id >= 3216163) AND (id <= 3216262))

table 8 : explain SELECT c FROM sbtest8 WHERE id BETWEEN 8481461 AND 8481560 ORDER BY c
	Sort  (cost=396.29..396.54 rows=101 width=121)
	  Sort Key: c
	  ->  Index Scan using sbtest8_pkey on sbtest8  (cost=0.43..392.93 rows=101 width=121)
	        Index Cond: ((id >= 8481461) AND (id <= 8481560))

explain: for non_index_updates :: explain UPDATE sbtest%u SET c='foobar' WHERE id=%u
explain: for inserts :: explain INSERT INTO sbtest%u (id, k, c, pad) VALUES (%u, 13, 'foobar', 'foobar')
for: distinct_ranges
table 1 : explain SELECT DISTINCT c FROM sbtest1 WHERE id BETWEEN 367014 AND 367113 ORDER BY c
	Unique  (cost=382.66..383.14 rows=97 width=121)
	  ->  Sort  (cost=382.66..382.90 rows=97 width=121)
	        Sort Key: c
	        ->  Index Scan using sbtest1_pkey on sbtest1  (cost=0.43..379.46 rows=97 width=121)
	              Index Cond: ((id >= 367014) AND (id <= 367113))

table 2 : explain SELECT DISTINCT c FROM sbtest2 WHERE id BETWEEN 1117953 AND 1118052 ORDER BY c
	Unique  (cost=385.70..386.19 rows=98 width=121)
	  ->  Sort  (cost=385.70..385.94 rows=98 width=121)
	        Sort Key: c
	        ->  Index Scan using sbtest2_pkey on sbtest2  (cost=0.43..382.46 rows=98 width=121)
	              Index Cond: ((id >= 1117953) AND (id <= 1118052))

table 3 : explain SELECT DISTINCT c FROM sbtest3 WHERE id BETWEEN 8093542 AND 8093641 ORDER BY c
	Unique  (cost=410.59..411.11 rows=104 width=121)
	  ->  Sort  (cost=410.59..410.85 rows=104 width=121)
	        Sort Key: c
	        ->  Index Scan using sbtest3_pkey on sbtest3  (cost=0.43..407.11 rows=104 width=121)
	              Index Cond: ((id >= 8093542) AND (id <= 8093641))

table 4 : explain SELECT DISTINCT c FROM sbtest4 WHERE id BETWEEN 1740218 AND 1740317 ORDER BY c
	Unique  (cost=385.57..386.06 rows=98 width=121)
	  ->  Sort  (cost=385.57..385.81 rows=98 width=121)
	        Sort Key: c
	        ->  Index Scan using sbtest4_pkey on sbtest4  (cost=0.43..382.32 rows=98 width=121)
	              Index Cond: ((id >= 1740218) AND (id <= 1740317))

table 5 : explain SELECT DISTINCT c FROM sbtest5 WHERE id BETWEEN 4611264 AND 4611363 ORDER BY c
	Unique  (cost=377.25..377.73 rows=96 width=121)
	  ->  Sort  (cost=377.25..377.49 rows=96 width=121)
	        Sort Key: c
	        ->  Index Scan using sbtest5_pkey on sbtest5  (cost=0.43..374.09 rows=96 width=121)
	              Index Cond: ((id >= 4611264) AND (id <= 4611363))

table 6 : explain SELECT DISTINCT c FROM sbtest6 WHERE id BETWEEN 8078957 AND 8079056 ORDER BY c
	Unique  (cost=381.55..382.04 rows=97 width=121)
	  ->  Sort  (cost=381.55..381.80 rows=97 width=121)
	        Sort Key: c
	        ->  Index Scan using sbtest6_pkey on sbtest6  (cost=0.43..378.35 rows=97 width=121)
	              Index Cond: ((id >= 8078957) AND (id <= 8079056))

table 7 : explain SELECT DISTINCT c FROM sbtest7 WHERE id BETWEEN 9483138 AND 9483237 ORDER BY c
	Unique  (cost=357.08..357.53 rows=91 width=121)
	  ->  Sort  (cost=357.08..357.31 rows=91 width=121)
	        Sort Key: c
	        ->  Index Scan using sbtest7_pkey on sbtest7  (cost=0.43..354.12 rows=91 width=121)
	              Index Cond: ((id >= 9483138) AND (id <= 9483237))

table 8 : explain SELECT DISTINCT c FROM sbtest8 WHERE id BETWEEN 5770383 AND 5770482 ORDER BY c
	Unique  (cost=396.29..396.79 rows=101 width=121)
	  ->  Sort  (cost=396.29..396.54 rows=101 width=121)
	        Sort Key: c
	        ->  Index Scan using sbtest8_pkey on sbtest8  (cost=0.43..392.93 rows=101 width=121)
	              Index Cond: ((id >= 5770383) AND (id <= 5770482))

explain: for inserts :: explain INSERT INTO sbtest%u (id, k, c, pad) VALUES (%u, 13, 'foobar', 'foobar')
for inserts
table 1 : explain INSERT INTO sbtest1 (id, k, c, pad) VALUES (2011564, 13, 'foobar', 'foobar')
	Insert on sbtest1  (cost=0.00..0.01 rows=0 width=0)
	  ->  Result  (cost=0.00..0.01 rows=1 width=736)

table 2 : explain INSERT INTO sbtest2 (id, k, c, pad) VALUES (7776892, 13, 'foobar', 'foobar')
	Insert on sbtest2  (cost=0.00..0.01 rows=0 width=0)
	  ->  Result  (cost=0.00..0.01 rows=1 width=736)

table 3 : explain INSERT INTO sbtest3 (id, k, c, pad) VALUES (9515676, 13, 'foobar', 'foobar')
	Insert on sbtest3  (cost=0.00..0.01 rows=0 width=0)
	  ->  Result  (cost=0.00..0.01 rows=1 width=736)

table 4 : explain INSERT INTO sbtest4 (id, k, c, pad) VALUES (165736, 13, 'foobar', 'foobar')
	Insert on sbtest4  (cost=0.00..0.01 rows=0 width=0)
	  ->  Result  (cost=0.00..0.01 rows=1 width=736)

table 5 : explain INSERT INTO sbtest5 (id, k, c, pad) VALUES (3975863, 13, 'foobar', 'foobar')
	Insert on sbtest5  (cost=0.00..0.01 rows=0 width=0)
	  ->  Result  (cost=0.00..0.01 rows=1 width=736)

table 6 : explain INSERT INTO sbtest6 (id, k, c, pad) VALUES (4065915, 13, 'foobar', 'foobar')
	Insert on sbtest6  (cost=0.00..0.01 rows=0 width=0)
	  ->  Result  (cost=0.00..0.01 rows=1 width=736)

table 7 : explain INSERT INTO sbtest7 (id, k, c, pad) VALUES (787230, 13, 'foobar', 'foobar')
	Insert on sbtest7  (cost=0.00..0.01 rows=0 width=0)
	  ->  Result  (cost=0.00..0.01 rows=1 width=736)

table 8 : explain INSERT INTO sbtest8 (id, k, c, pad) VALUES (7401175, 13, 'foobar', 'foobar')
	Insert on sbtest8  (cost=0.00..0.01 rows=0 width=0)
	  ->  Result  (cost=0.00..0.01 rows=1 width=736)

explain: for non_index_updates :: explain UPDATE sbtest%u SET c='foobar' WHERE id=%u
for deletes
table 1 : explain DELETE FROM sbtest1 WHERE id=6322757
	Delete on sbtest1  (cost=0.43..8.45 rows=0 width=0)
	  ->  Index Scan using sbtest1_pkey on sbtest1  (cost=0.43..8.45 rows=1 width=6)
	        Index Cond: (id = 6322757)

table 2 : explain DELETE FROM sbtest2 WHERE id=3262679
	Delete on sbtest2  (cost=0.43..8.45 rows=0 width=0)
	  ->  Index Scan using sbtest2_pkey on sbtest2  (cost=0.43..8.45 rows=1 width=6)
	        Index Cond: (id = 3262679)

table 3 : explain DELETE FROM sbtest3 WHERE id=9081363
	Delete on sbtest3  (cost=0.43..8.45 rows=0 width=0)
	  ->  Index Scan using sbtest3_pkey on sbtest3  (cost=0.43..8.45 rows=1 width=6)
	        Index Cond: (id = 9081363)

table 4 : explain DELETE FROM sbtest4 WHERE id=5032162
	Delete on sbtest4  (cost=0.43..8.45 rows=0 width=0)
	  ->  Index Scan using sbtest4_pkey on sbtest4  (cost=0.43..8.45 rows=1 width=6)
	        Index Cond: (id = 5032162)

table 5 : explain DELETE FROM sbtest5 WHERE id=718675
	Delete on sbtest5  (cost=0.43..8.45 rows=0 width=0)
	  ->  Index Scan using sbtest5_pkey on sbtest5  (cost=0.43..8.45 rows=1 width=6)
	        Index Cond: (id = 718675)

table 6 : explain DELETE FROM sbtest6 WHERE id=1684043
	Delete on sbtest6  (cost=0.43..8.45 rows=0 width=0)
	  ->  Index Scan using sbtest6_pkey on sbtest6  (cost=0.43..8.45 rows=1 width=6)
	        Index Cond: (id = 1684043)

table 7 : explain DELETE FROM sbtest7 WHERE id=8983544
	Delete on sbtest7  (cost=0.43..8.45 rows=0 width=0)
	  ->  Index Scan using sbtest7_pkey on sbtest7  (cost=0.43..8.45 rows=1 width=6)
	        Index Cond: (id = 8983544)

table 8 : explain DELETE FROM sbtest8 WHERE id=4839693
	Delete on sbtest8  (cost=0.43..8.45 rows=0 width=0)
	  ->  Index Scan using sbtest8_pkey on sbtest8  (cost=0.43..8.45 rows=1 width=6)
	        Index Cond: (id = 4839693)

for: distinct_ranges
table 1 : explain SELECT DISTINCT c FROM sbtest1 WHERE id BETWEEN 3028153 AND 3028252 ORDER BY c
	Unique  (cost=413.93..414.46 rows=105 width=121)
	  ->  Sort  (cost=413.93..414.19 rows=105 width=121)
	        Sort Key: c
	        ->  Index Scan using sbtest1_pkey on sbtest1  (cost=0.43..410.41 rows=105 width=121)
	              Index Cond: ((id >= 3028153) AND (id <= 3028252))

table 2 : explain SELECT DISTINCT c FROM sbtest2 WHERE id BETWEEN 3831302 AND 3831401 ORDER BY c
	Unique  (cost=397.38..397.89 rows=101 width=121)
	  ->  Sort  (cost=397.38..397.64 rows=101 width=121)
	        Sort Key: c
	        ->  Index Scan using sbtest2_pkey on sbtest2  (cost=0.43..394.02 rows=101 width=121)
	              Index Cond: ((id >= 3831302) AND (id <= 3831401))

table 3 : explain SELECT DISTINCT c FROM sbtest3 WHERE id BETWEEN 9973933 AND 9974032 ORDER BY c
	Unique  (cost=363.64..364.10 rows=92 width=121)
	  ->  Sort  (cost=363.64..363.87 rows=92 width=121)
	        Sort Key: c
	        ->  Index Scan using sbtest3_pkey on sbtest3  (cost=0.43..360.64 rows=92 width=121)
	              Index Cond: ((id >= 9973933) AND (id <= 9974032))

table 4 : explain SELECT DISTINCT c FROM sbtest4 WHERE id BETWEEN 7801314 AND 7801413 ORDER BY c
	Unique  (cost=428.44..428.99 rows=109 width=121)
	  ->  Sort  (cost=428.44..428.71 rows=109 width=121)
	        Sort Key: c
	        ->  Index Scan using sbtest4_pkey on sbtest4  (cost=0.43..424.75 rows=109 width=121)
	              Index Cond: ((id >= 7801314) AND (id <= 7801413))

table 5 : explain SELECT DISTINCT c FROM sbtest5 WHERE id BETWEEN 8454029 AND 8454128 ORDER BY c
	Unique  (cost=392.81..393.31 rows=100 width=121)
	  ->  Sort  (cost=392.81..393.06 rows=100 width=121)
	        Sort Key: c
	        ->  Index Scan using sbtest5_pkey on sbtest5  (cost=0.43..389.49 rows=100 width=121)
	              Index Cond: ((id >= 8454029) AND (id <= 8454128))

table 6 : explain SELECT DISTINCT c FROM sbtest6 WHERE id BETWEEN 3506174 AND 3506273 ORDER BY c
	Unique  (cost=381.55..382.04 rows=97 width=121)
	  ->  Sort  (cost=381.55..381.80 rows=97 width=121)
	        Sort Key: c
	        ->  Index Scan using sbtest6_pkey on sbtest6  (cost=0.43..378.35 rows=97 width=121)
	              Index Cond: ((id >= 3506174) AND (id <= 3506273))

table 7 : explain SELECT DISTINCT c FROM sbtest7 WHERE id BETWEEN 8913993 AND 8914092 ORDER BY c
	Unique  (cost=364.84..365.30 rows=93 width=121)
	  ->  Sort  (cost=364.84..365.07 rows=93 width=121)
	        Sort Key: c
	        ->  Index Scan using sbtest7_pkey on sbtest7  (cost=0.43..361.80 rows=93 width=121)
	              Index Cond: ((id >= 8913993) AND (id <= 8914092))

table 8 : explain SELECT DISTINCT c FROM sbtest8 WHERE id BETWEEN 1565706 AND 1565805 ORDER BY c
	Unique  (cost=376.83..377.31 rows=96 width=121)
	  ->  Sort  (cost=376.83..377.07 rows=96 width=121)
	        Sort Key: c
	        ->  Index Scan using sbtest8_pkey on sbtest8  (cost=0.43..373.67 rows=96 width=121)
	              Index Cond: ((id >= 1565706) AND (id <= 1565805))

for non_index_updates
table 1 : explain UPDATE sbtest1 SET c='foobar' WHERE id=9527606
	Update on sbtest1  (cost=0.43..8.45 rows=0 width=0)
	  ->  Index Scan using sbtest1_pkey on sbtest1  (cost=0.43..8.45 rows=1 width=490)
	        Index Cond: (id = 9527606)

table 2 : explain UPDATE sbtest2 SET c='foobar' WHERE id=1594234
	Update on sbtest2  (cost=0.43..8.45 rows=0 width=0)
	  ->  Index Scan using sbtest2_pkey on sbtest2  (cost=0.43..8.45 rows=1 width=490)
	        Index Cond: (id = 1594234)

table 3 : explain UPDATE sbtest3 SET c='foobar' WHERE id=3750449
	Update on sbtest3  (cost=0.43..8.45 rows=0 width=0)
	  ->  Index Scan using sbtest3_pkey on sbtest3  (cost=0.43..8.45 rows=1 width=490)
	        Index Cond: (id = 3750449)

table 4 : explain UPDATE sbtest4 SET c='foobar' WHERE id=9945792
	Update on sbtest4  (cost=0.43..8.45 rows=0 width=0)
	  ->  Index Scan using sbtest4_pkey on sbtest4  (cost=0.43..8.45 rows=1 width=490)
	        Index Cond: (id = 9945792)

table 5 : explain UPDATE sbtest5 SET c='foobar' WHERE id=9998074
	Update on sbtest5  (cost=0.43..8.45 rows=0 width=0)
	  ->  Index Scan using sbtest5_pkey on sbtest5  (cost=0.43..8.45 rows=1 width=490)
	        Index Cond: (id = 9998074)

table 6 : explain UPDATE sbtest6 SET c='foobar' WHERE id=3484845
	Update on sbtest6  (cost=0.43..8.45 rows=0 width=0)
	  ->  Index Scan using sbtest6_pkey on sbtest6  (cost=0.43..8.45 rows=1 width=490)
	        Index Cond: (id = 3484845)

table 7 : explain UPDATE sbtest7 SET c='foobar' WHERE id=2943128
	Update on sbtest7  (cost=0.43..8.45 rows=0 width=0)
	  ->  Index Scan using sbtest7_pkey on sbtest7  (cost=0.43..8.45 rows=1 width=490)
	        Index Cond: (id = 2943128)

table 8 : explain UPDATE sbtest8 SET c='foobar' WHERE id=234346
	Update on sbtest8  (cost=0.43..8.45 rows=0 width=0)
	  ->  Index Scan using sbtest8_pkey on sbtest8  (cost=0.43..8.45 rows=1 width=490)
	        Index Cond: (id = 234346)

explain: for index_updates :: explain UPDATE sbtest%u SET k=k+1 WHERE id=%u
explain: for index_updates :: explain UPDATE sbtest%u SET k=k+1 WHERE id=%u
for deletes
table 1 : explain DELETE FROM sbtest1 WHERE id=1383927
	Delete on sbtest1  (cost=0.43..8.45 rows=0 width=0)
	  ->  Index Scan using sbtest1_pkey on sbtest1  (cost=0.43..8.45 rows=1 width=6)
	        Index Cond: (id = 1383927)

table 2 : explain DELETE FROM sbtest2 WHERE id=8826515
	Delete on sbtest2  (cost=0.43..8.45 rows=0 width=0)
	  ->  Index Scan using sbtest2_pkey on sbtest2  (cost=0.43..8.45 rows=1 width=6)
	        Index Cond: (id = 8826515)

table 3 : explain DELETE FROM sbtest3 WHERE id=3582318
	Delete on sbtest3  (cost=0.43..8.45 rows=0 width=0)
	  ->  Index Scan using sbtest3_pkey on sbtest3  (cost=0.43..8.45 rows=1 width=6)
	        Index Cond: (id = 3582318)

table 4 : explain DELETE FROM sbtest4 WHERE id=3151940
	Delete on sbtest4  (cost=0.43..8.45 rows=0 width=0)
	  ->  Index Scan using sbtest4_pkey on sbtest4  (cost=0.43..8.45 rows=1 width=6)
	        Index Cond: (id = 3151940)

table 5 : explain DELETE FROM sbtest5 WHERE id=2713963
	Delete on sbtest5  (cost=0.43..8.45 rows=0 width=0)
	  ->  Index Scan using sbtest5_pkey on sbtest5  (cost=0.43..8.45 rows=1 width=6)
	        Index Cond: (id = 2713963)

table 6 : explain DELETE FROM sbtest6 WHERE id=6504525
	Delete on sbtest6  (cost=0.43..8.45 rows=0 width=0)
	  ->  Index Scan using sbtest6_pkey on sbtest6  (cost=0.43..8.45 rows=1 width=6)
	        Index Cond: (id = 6504525)

table 7 : explain DELETE FROM sbtest7 WHERE id=7336114
	Delete on sbtest7  (cost=0.43..8.45 rows=0 width=0)
	  ->  Index Scan using sbtest7_pkey on sbtest7  (cost=0.43..8.45 rows=1 width=6)
	        Index Cond: (id = 7336114)

table 8 : explain DELETE FROM sbtest8 WHERE id=8239028
	Delete on sbtest8  (cost=0.43..8.45 rows=0 width=0)
	  ->  Index Scan using sbtest8_pkey on sbtest8  (cost=0.43..8.45 rows=1 width=6)
	        Index Cond: (id = 8239028)

for inserts
table 1 : explain INSERT INTO sbtest1 (id, k, c, pad) VALUES (8210344, 13, 'foobar', 'foobar')
	Insert on sbtest1  (cost=0.00..0.01 rows=0 width=0)
	  ->  Result  (cost=0.00..0.01 rows=1 width=736)

table 2 : explain INSERT INTO sbtest2 (id, k, c, pad) VALUES (4378186, 13, 'foobar', 'foobar')
	Insert on sbtest2  (cost=0.00..0.01 rows=0 width=0)
	  ->  Result  (cost=0.00..0.01 rows=1 width=736)

table 3 : explain INSERT INTO sbtest3 (id, k, c, pad) VALUES (2235633, 13, 'foobar', 'foobar')
	Insert on sbtest3  (cost=0.00..0.01 rows=0 width=0)
	  ->  Result  (cost=0.00..0.01 rows=1 width=736)

table 4 : explain INSERT INTO sbtest4 (id, k, c, pad) VALUES (2969317, 13, 'foobar', 'foobar')
	Insert on sbtest4  (cost=0.00..0.01 rows=0 width=0)
	  ->  Result  (cost=0.00..0.01 rows=1 width=736)

table 5 : explain INSERT INTO sbtest5 (id, k, c, pad) VALUES (9076351, 13, 'foobar', 'foobar')
	Insert on sbtest5  (cost=0.00..0.01 rows=0 width=0)
	  ->  Result  (cost=0.00..0.01 rows=1 width=736)

table 6 : explain INSERT INTO sbtest6 (id, k, c, pad) VALUES (8284878, 13, 'foobar', 'foobar')
	Insert on sbtest6  (cost=0.00..0.01 rows=0 width=0)
	  ->  Result  (cost=0.00..0.01 rows=1 width=736)

table 7 : explain INSERT INTO sbtest7 (id, k, c, pad) VALUES (9609850, 13, 'foobar', 'foobar')
	Insert on sbtest7  (cost=0.00..0.01 rows=0 width=0)
	  ->  Result  (cost=0.00..0.01 rows=1 width=736)

table 8 : explain INSERT INTO sbtest8 (id, k, c, pad) VALUES (7384838, 13, 'foobar', 'foobar')
	Insert on sbtest8  (cost=0.00..0.01 rows=0 width=0)
	  ->  Result  (cost=0.00..0.01 rows=1 width=736)

for deletes
table 1 : explain DELETE FROM sbtest1 WHERE id=8984623
	Delete on sbtest1  (cost=0.43..8.45 rows=0 width=0)
	  ->  Index Scan using sbtest1_pkey on sbtest1  (cost=0.43..8.45 rows=1 width=6)
	        Index Cond: (id = 8984623)

table 2 : explain DELETE FROM sbtest2 WHERE id=5428476
	Delete on sbtest2  (cost=0.43..8.45 rows=0 width=0)
	  ->  Index Scan using sbtest2_pkey on sbtest2  (cost=0.43..8.45 rows=1 width=6)
	        Index Cond: (id = 5428476)

table 3 : explain DELETE FROM sbtest3 WHERE id=7504363
	Delete on sbtest3  (cost=0.43..8.45 rows=0 width=0)
	  ->  Index Scan using sbtest3_pkey on sbtest3  (cost=0.43..8.45 rows=1 width=6)
	        Index Cond: (id = 7504363)

table 4 : explain DELETE FROM sbtest4 WHERE id=8246132
	Delete on sbtest4  (cost=0.43..8.45 rows=0 width=0)
	  ->  Index Scan using sbtest4_pkey on sbtest4  (cost=0.43..8.45 rows=1 width=6)
	        Index Cond: (id = 8246132)

table 5 : explain DELETE FROM sbtest5 WHERE id=2649688
	Delete on sbtest5  (cost=0.43..8.45 rows=0 width=0)
	  ->  Index Scan using sbtest5_pkey on sbtest5  (cost=0.43..8.45 rows=1 width=6)
	        Index Cond: (id = 2649688)

table 6 : explain DELETE FROM sbtest6 WHERE id=8923213
	Delete on sbtest6  (cost=0.43..8.45 rows=0 width=0)
	  ->  Index Scan using sbtest6_pkey on sbtest6  (cost=0.43..8.45 rows=1 width=6)
	        Index Cond: (id = 8923213)

table 7 : explain DELETE FROM sbtest7 WHERE id=3619621
	Delete on sbtest7  (cost=0.43..8.45 rows=0 width=0)
	  ->  Index Scan using sbtest7_pkey on sbtest7  (cost=0.43..8.45 rows=1 width=6)
	        Index Cond: (id = 3619621)

table 8 : explain DELETE FROM sbtest8 WHERE id=6787046
	Delete on sbtest8  (cost=0.43..8.45 rows=0 width=0)
	  ->  Index Scan using sbtest8_pkey on sbtest8  (cost=0.43..8.45 rows=1 width=6)
	        Index Cond: (id = 6787046)

for inserts
table 1 : explain INSERT INTO sbtest1 (id, k, c, pad) VALUES (401002, 13, 'foobar', 'foobar')
	Insert on sbtest1  (cost=0.00..0.01 rows=0 width=0)
	  ->  Result  (cost=0.00..0.01 rows=1 width=736)

table 2 : explain INSERT INTO sbtest2 (id, k, c, pad) VALUES (3732818, 13, 'foobar', 'foobar')
	Insert on sbtest2  (cost=0.00..0.01 rows=0 width=0)
	  ->  Result  (cost=0.00..0.01 rows=1 width=736)

table 3 : explain INSERT INTO sbtest3 (id, k, c, pad) VALUES (4958661, 13, 'foobar', 'foobar')
	Insert on sbtest3  (cost=0.00..0.01 rows=0 width=0)
	  ->  Result  (cost=0.00..0.01 rows=1 width=736)

table 4 : explain INSERT INTO sbtest4 (id, k, c, pad) VALUES (6517549, 13, 'foobar', 'foobar')
	Insert on sbtest4  (cost=0.00..0.01 rows=0 width=0)
	  ->  Result  (cost=0.00..0.01 rows=1 width=736)

table 5 : explain INSERT INTO sbtest5 (id, k, c, pad) VALUES (614005, 13, 'foobar', 'foobar')
	Insert on sbtest5  (cost=0.00..0.01 rows=0 width=0)
	  ->  Result  (cost=0.00..0.01 rows=1 width=736)

table 6 : explain INSERT INTO sbtest6 (id, k, c, pad) VALUES (8802984, 13, 'foobar', 'foobar')
	Insert on sbtest6  (cost=0.00..0.01 rows=0 width=0)
	  ->  Result  (cost=0.00..0.01 rows=1 width=736)

table 7 : explain INSERT INTO sbtest7 (id, k, c, pad) VALUES (4394874, 13, 'foobar', 'foobar')
	Insert on sbtest7  (cost=0.00..0.01 rows=0 width=0)
	  ->  Result  (cost=0.00..0.01 rows=1 width=736)

table 8 : explain INSERT INTO sbtest8 (id, k, c, pad) VALUES (8237526, 13, 'foobar', 'foobar')
	Insert on sbtest8  (cost=0.00..0.01 rows=0 width=0)
	  ->  Result  (cost=0.00..0.01 rows=1 width=736)

for non_index_updates
table 1 : explain UPDATE sbtest1 SET c='foobar' WHERE id=9345468
	Update on sbtest1  (cost=0.43..8.45 rows=0 width=0)
	  ->  Index Scan using sbtest1_pkey on sbtest1  (cost=0.43..8.45 rows=1 width=490)
	        Index Cond: (id = 9345468)

table 2 : explain UPDATE sbtest2 SET c='foobar' WHERE id=8367284
	Update on sbtest2  (cost=0.43..8.45 rows=0 width=0)
	  ->  Index Scan using sbtest2_pkey on sbtest2  (cost=0.43..8.45 rows=1 width=490)
	        Index Cond: (id = 8367284)

table 3 : explain UPDATE sbtest3 SET c='foobar' WHERE id=3708954
	Update on sbtest3  (cost=0.43..8.45 rows=0 width=0)
	  ->  Index Scan using sbtest3_pkey on sbtest3  (cost=0.43..8.45 rows=1 width=490)
	        Index Cond: (id = 3708954)

table 4 : explain UPDATE sbtest4 SET c='foobar' WHERE id=9249945
	Update on sbtest4  (cost=0.43..8.45 rows=0 width=0)
	  ->  Index Scan using sbtest4_pkey on sbtest4  (cost=0.43..8.45 rows=1 width=490)
	        Index Cond: (id = 9249945)

table 5 : explain UPDATE sbtest5 SET c='foobar' WHERE id=1736289
	Update on sbtest5  (cost=0.43..8.45 rows=0 width=0)
	  ->  Index Scan using sbtest5_pkey on sbtest5  (cost=0.43..8.45 rows=1 width=490)
	        Index Cond: (id = 1736289)

table 6 : explain UPDATE sbtest6 SET c='foobar' WHERE id=6630736
	Update on sbtest6  (cost=0.43..8.45 rows=0 width=0)
	  ->  Index Scan using sbtest6_pkey on sbtest6  (cost=0.43..8.45 rows=1 width=490)
	        Index Cond: (id = 6630736)

table 7 : explain UPDATE sbtest7 SET c='foobar' WHERE id=3368024
	Update on sbtest7  (cost=0.43..8.45 rows=0 width=0)
	  ->  Index Scan using sbtest7_pkey on sbtest7  (cost=0.43..8.45 rows=1 width=490)
	        Index Cond: (id = 3368024)

table 8 : explain UPDATE sbtest8 SET c='foobar' WHERE id=3898153
	Update on sbtest8  (cost=0.43..8.45 rows=0 width=0)
	  ->  Index Scan using sbtest8_pkey on sbtest8  (cost=0.43..8.45 rows=1 width=490)
	        Index Cond: (id = 3898153)

explain: for deletes :: explain DELETE FROM sbtest%u WHERE id=%u
for non_index_updates
table 1 : explain UPDATE sbtest1 SET c='foobar' WHERE id=7143048
	Update on sbtest1  (cost=0.43..8.45 rows=0 width=0)
	  ->  Index Scan using sbtest1_pkey on sbtest1  (cost=0.43..8.45 rows=1 width=490)
	        Index Cond: (id = 7143048)

table 2 : explain UPDATE sbtest2 SET c='foobar' WHERE id=9812089
	Update on sbtest2  (cost=0.43..8.45 rows=0 width=0)
	  ->  Index Scan using sbtest2_pkey on sbtest2  (cost=0.43..8.45 rows=1 width=490)
	        Index Cond: (id = 9812089)

table 3 : explain UPDATE sbtest3 SET c='foobar' WHERE id=4361335
	Update on sbtest3  (cost=0.43..8.45 rows=0 width=0)
	  ->  Index Scan using sbtest3_pkey on sbtest3  (cost=0.43..8.45 rows=1 width=490)
	        Index Cond: (id = 4361335)

table 4 : explain UPDATE sbtest4 SET c='foobar' WHERE id=2099238
	Update on sbtest4  (cost=0.43..8.45 rows=0 width=0)
	  ->  Index Scan using sbtest4_pkey on sbtest4  (cost=0.43..8.45 rows=1 width=490)
	        Index Cond: (id = 2099238)

table 5 : explain UPDATE sbtest5 SET c='foobar' WHERE id=1333357
	Update on sbtest5  (cost=0.43..8.45 rows=0 width=0)
	  ->  Index Scan using sbtest5_pkey on sbtest5  (cost=0.43..8.45 rows=1 width=490)
	        Index Cond: (id = 1333357)

table 6 : explain UPDATE sbtest6 SET c='foobar' WHERE id=4523551
	Update on sbtest6  (cost=0.43..8.45 rows=0 width=0)
	  ->  Index Scan using sbtest6_pkey on sbtest6  (cost=0.43..8.45 rows=1 width=490)
	        Index Cond: (id = 4523551)

table 7 : explain UPDATE sbtest7 SET c='foobar' WHERE id=2721088
	Update on sbtest7  (cost=0.43..8.45 rows=0 width=0)
	  ->  Index Scan using sbtest7_pkey on sbtest7  (cost=0.43..8.45 rows=1 width=490)
	        Index Cond: (id = 2721088)

table 8 : explain UPDATE sbtest8 SET c='foobar' WHERE id=7678583
	Update on sbtest8  (cost=0.43..8.45 rows=0 width=0)
	  ->  Index Scan using sbtest8_pkey on sbtest8  (cost=0.43..8.45 rows=1 width=490)
	        Index Cond: (id = 7678583)

for: sum_ranges
table 1 : explain SELECT SUM(k) FROM sbtest1 WHERE id BETWEEN 3722911 AND 3723010
	Aggregate  (cost=368.10..368.11 rows=1 width=8)
	  ->  Index Scan using sbtest1_pkey on sbtest1  (cost=0.43..367.87 rows=94 width=4)
	        Index Cond: ((id >= 3722911) AND (id <= 3723010))

table 2 : explain SELECT SUM(k) FROM sbtest2 WHERE id BETWEEN 8641970 AND 8642069
	Aggregate  (cost=402.03..402.04 rows=1 width=8)
	  ->  Index Scan using sbtest2_pkey on sbtest2  (cost=0.43..401.77 rows=103 width=4)
	        Index Cond: ((id >= 8641970) AND (id <= 8642069))

table 3 : explain SELECT SUM(k) FROM sbtest3 WHERE id BETWEEN 6525203 AND 6525302
	Aggregate  (cost=372.48..372.49 rows=1 width=8)
	  ->  Index Scan using sbtest3_pkey on sbtest3  (cost=0.43..372.25 rows=95 width=4)
	        Index Cond: ((id >= 6525203) AND (id <= 6525302))

table 4 : explain SELECT SUM(k) FROM sbtest4 WHERE id BETWEEN 6831237 AND 6831336
	Aggregate  (cost=386.43..386.44 rows=1 width=8)
	  ->  Index Scan using sbtest4_pkey on sbtest4  (cost=0.43..386.18 rows=99 width=4)
	        Index Cond: ((id >= 6831237) AND (id <= 6831336))

table 5 : explain SELECT SUM(k) FROM sbtest5 WHERE id BETWEEN 3967971 AND 3968070
	Aggregate  (cost=397.48..397.49 rows=1 width=8)
	  ->  Index Scan using sbtest5_pkey on sbtest5  (cost=0.43..397.22 rows=102 width=4)
	        Index Cond: ((id >= 3967971) AND (id <= 3968070))

table 6 : explain SELECT SUM(k) FROM sbtest6 WHERE id BETWEEN 3129921 AND 3130020
	Aggregate  (cost=382.45..382.46 rows=1 width=8)
	  ->  Index Scan using sbtest6_pkey on sbtest6  (cost=0.43..382.21 rows=98 width=4)
	        Index Cond: ((id >= 3129921) AND (id <= 3130020))

table 7 : explain SELECT SUM(k) FROM sbtest7 WHERE id BETWEEN 2746252 AND 2746351
	Aggregate  (cost=354.34..354.35 rows=1 width=8)
	  ->  Index Scan using sbtest7_pkey on sbtest7  (cost=0.43..354.12 rows=91 width=4)
	        Index Cond: ((id >= 2746252) AND (id <= 2746351))

table 8 : explain SELECT SUM(k) FROM sbtest8 WHERE id BETWEEN 3525702 AND 3525801
	Aggregate  (cost=412.41..412.42 rows=1 width=8)
	  ->  Index Scan using sbtest8_pkey on sbtest8  (cost=0.43..412.14 rows=106 width=4)
	        Index Cond: ((id >= 3525702) AND (id <= 3525801))

explain: for inserts :: explain INSERT INTO sbtest%u (id, k, c, pad) VALUES (%u, 13, 'foobar', 'foobar')
explain: for point_selects :: explain SELECT c FROM sbtest%u WHERE id=%u
for index_updates
table 1 : explain UPDATE sbtest1 SET k=k+1 WHERE id=1349383
	Update on sbtest1  (cost=0.43..8.46 rows=0 width=0)
	  ->  Index Scan using sbtest1_pkey on sbtest1  (cost=0.43..8.46 rows=1 width=10)
	        Index Cond: (id = 1349383)

table 2 : explain UPDATE sbtest2 SET k=k+1 WHERE id=9125922
	Update on sbtest2  (cost=0.43..8.46 rows=0 width=0)
	  ->  Index Scan using sbtest2_pkey on sbtest2  (cost=0.43..8.46 rows=1 width=10)
	        Index Cond: (id = 9125922)

table 3 : explain UPDATE sbtest3 SET k=k+1 WHERE id=987156
	Update on sbtest3  (cost=0.43..8.46 rows=0 width=0)
	  ->  Index Scan using sbtest3_pkey on sbtest3  (cost=0.43..8.46 rows=1 width=10)
	        Index Cond: (id = 987156)

table 4 : explain UPDATE sbtest4 SET k=k+1 WHERE id=4807470
	Update on sbtest4  (cost=0.43..8.46 rows=0 width=0)
	  ->  Index Scan using sbtest4_pkey on sbtest4  (cost=0.43..8.46 rows=1 width=10)
	        Index Cond: (id = 4807470)

table 5 : explain UPDATE sbtest5 SET k=k+1 WHERE id=7692565
	Update on sbtest5  (cost=0.43..8.46 rows=0 width=0)
	  ->  Index Scan using sbtest5_pkey on sbtest5  (cost=0.43..8.46 rows=1 width=10)
	        Index Cond: (id = 7692565)

table 6 : explain UPDATE sbtest6 SET k=k+1 WHERE id=3744117
	Update on sbtest6  (cost=0.43..8.46 rows=0 width=0)
	  ->  Index Scan using sbtest6_pkey on sbtest6  (cost=0.43..8.46 rows=1 width=10)
	        Index Cond: (id = 3744117)

table 7 : explain UPDATE sbtest7 SET k=k+1 WHERE id=5145553
	Update on sbtest7  (cost=0.43..8.46 rows=0 width=0)
	  ->  Index Scan using sbtest7_pkey on sbtest7  (cost=0.43..8.46 rows=1 width=10)
	        Index Cond: (id = 5145553)

table 8 : explain UPDATE sbtest8 SET k=k+1 WHERE id=9847100
	Update on sbtest8  (cost=0.43..8.46 rows=0 width=0)
	  ->  Index Scan using sbtest8_pkey on sbtest8  (cost=0.43..8.46 rows=1 width=10)
	        Index Cond: (id = 9847100)

explain: for deletes :: explain DELETE FROM sbtest%u WHERE id=%u
explain: for deletes :: explain DELETE FROM sbtest%u WHERE id=%u
for deletes
table 1 : explain DELETE FROM sbtest1 WHERE id=1134293
	Delete on sbtest1  (cost=0.43..8.45 rows=0 width=0)
	  ->  Index Scan using sbtest1_pkey on sbtest1  (cost=0.43..8.45 rows=1 width=6)
	        Index Cond: (id = 1134293)

table 2 : explain DELETE FROM sbtest2 WHERE id=1871319
	Delete on sbtest2  (cost=0.43..8.45 rows=0 width=0)
	  ->  Index Scan using sbtest2_pkey on sbtest2  (cost=0.43..8.45 rows=1 width=6)
	        Index Cond: (id = 1871319)

table 3 : explain DELETE FROM sbtest3 WHERE id=9704320
	Delete on sbtest3  (cost=0.43..8.45 rows=0 width=0)
	  ->  Index Scan using sbtest3_pkey on sbtest3  (cost=0.43..8.45 rows=1 width=6)
	        Index Cond: (id = 9704320)

table 4 : explain DELETE FROM sbtest4 WHERE id=9016596
	Delete on sbtest4  (cost=0.43..8.45 rows=0 width=0)
	  ->  Index Scan using sbtest4_pkey on sbtest4  (cost=0.43..8.45 rows=1 width=6)
	        Index Cond: (id = 9016596)

table 5 : explain DELETE FROM sbtest5 WHERE id=1968676
	Delete on sbtest5  (cost=0.43..8.45 rows=0 width=0)
	  ->  Index Scan using sbtest5_pkey on sbtest5  (cost=0.43..8.45 rows=1 width=6)
	        Index Cond: (id = 1968676)

table 6 : explain DELETE FROM sbtest6 WHERE id=4422261
	Delete on sbtest6  (cost=0.43..8.45 rows=0 width=0)
	  ->  Index Scan using sbtest6_pkey on sbtest6  (cost=0.43..8.45 rows=1 width=6)
	        Index Cond: (id = 4422261)

table 7 : explain DELETE FROM sbtest7 WHERE id=6685283
	Delete on sbtest7  (cost=0.43..8.45 rows=0 width=0)
	  ->  Index Scan using sbtest7_pkey on sbtest7  (cost=0.43..8.45 rows=1 width=6)
	        Index Cond: (id = 6685283)

table 8 : explain DELETE FROM sbtest8 WHERE id=9161840
	Delete on sbtest8  (cost=0.43..8.45 rows=0 width=0)
	  ->  Index Scan using sbtest8_pkey on sbtest8  (cost=0.43..8.45 rows=1 width=6)
	        Index Cond: (id = 9161840)

explain: for non_index_updates :: explain UPDATE sbtest%u SET c='foobar' WHERE id=%u
explain: for inserts :: explain INSERT INTO sbtest%u (id, k, c, pad) VALUES (%u, 13, 'foobar', 'foobar')
for point_selects
table 1 : explain SELECT c FROM sbtest1 WHERE id=9751012
	Index Scan using sbtest1_pkey on sbtest1  (cost=0.43..8.45 rows=1 width=121)
	  Index Cond: (id = 9751012)

table 2 : explain SELECT c FROM sbtest2 WHERE id=837162
	Index Scan using sbtest2_pkey on sbtest2  (cost=0.43..8.45 rows=1 width=121)
	  Index Cond: (id = 837162)

table 3 : explain SELECT c FROM sbtest3 WHERE id=4340385
	Index Scan using sbtest3_pkey on sbtest3  (cost=0.43..8.45 rows=1 width=121)
	  Index Cond: (id = 4340385)

table 4 : explain SELECT c FROM sbtest4 WHERE id=3589782
	Index Scan using sbtest4_pkey on sbtest4  (cost=0.43..8.45 rows=1 width=121)
	  Index Cond: (id = 3589782)

table 5 : explain SELECT c FROM sbtest5 WHERE id=9751884
	Index Scan using sbtest5_pkey on sbtest5  (cost=0.43..8.45 rows=1 width=121)
	  Index Cond: (id = 9751884)

table 6 : explain SELECT c FROM sbtest6 WHERE id=1457556
	Index Scan using sbtest6_pkey on sbtest6  (cost=0.43..8.45 rows=1 width=121)
	  Index Cond: (id = 1457556)

table 7 : explain SELECT c FROM sbtest7 WHERE id=5019740
	Index Scan using sbtest7_pkey on sbtest7  (cost=0.43..8.45 rows=1 width=121)
	  Index Cond: (id = 5019740)

table 8 : explain SELECT c FROM sbtest8 WHERE id=7239731
	Index Scan using sbtest8_pkey on sbtest8  (cost=0.43..8.45 rows=1 width=121)
	  Index Cond: (id = 7239731)

explain: for inserts :: explain INSERT INTO sbtest%u (id, k, c, pad) VALUES (%u, 13, 'foobar', 'foobar')
for: distinct_ranges
table 1 : explain SELECT DISTINCT c FROM sbtest1 WHERE id BETWEEN 4411318 AND 4411417 ORDER BY c
	Unique  (cost=359.24..359.69 rows=91 width=121)
	  ->  Sort  (cost=359.24..359.46 rows=91 width=121)
	        Sort Key: c
	        ->  Index Scan using sbtest1_pkey on sbtest1  (cost=0.43..356.27 rows=91 width=121)
	              Index Cond: ((id >= 4411318) AND (id <= 4411417))

table 2 : explain SELECT DISTINCT c FROM sbtest2 WHERE id BETWEEN 4930705 AND 4930804 ORDER BY c
	Unique  (cost=397.38..397.89 rows=101 width=121)
	  ->  Sort  (cost=397.38..397.64 rows=101 width=121)
	        Sort Key: c
	        ->  Index Scan using sbtest2_pkey on sbtest2  (cost=0.43..394.02 rows=101 width=121)
	              Index Cond: ((id >= 4930705) AND (id <= 4930804))

table 3 : explain SELECT DISTINCT c FROM sbtest3 WHERE id BETWEEN 4695687 AND 4695786 ORDER BY c
	Unique  (cost=422.32..422.86 rows=107 width=121)
	  ->  Sort  (cost=422.32..422.59 rows=107 width=121)
	        Sort Key: c
	        ->  Index Scan using sbtest3_pkey on sbtest3  (cost=0.43..418.72 rows=107 width=121)
	              Index Cond: ((id >= 4695687) AND (id <= 4695786))

table 4 : explain SELECT DISTINCT c FROM sbtest4 WHERE id BETWEEN 8892317 AND 8892416 ORDER BY c
	Unique  (cost=358.31..358.77 rows=91 width=121)
	  ->  Sort  (cost=358.31..358.54 rows=91 width=121)
	        Sort Key: c
	        ->  Index Scan using sbtest4_pkey on sbtest4  (cost=0.43..355.35 rows=91 width=121)
	              Index Cond: ((id >= 8892317) AND (id <= 8892416))

table 5 : explain SELECT DISTINCT c FROM sbtest5 WHERE id BETWEEN 6375983 AND 6376082 ORDER BY c
	Unique  (cost=369.48..369.95 rows=94 width=121)
	  ->  Sort  (cost=369.48..369.71 rows=94 width=121)
	        Sort Key: c
	        ->  Index Scan using sbtest5_pkey on sbtest5  (cost=0.43..366.40 rows=94 width=121)
	              Index Cond: ((id >= 6375983) AND (id <= 6376082))

table 6 : explain SELECT DISTINCT c FROM sbtest6 WHERE id BETWEEN 7049732 AND 7049831 ORDER BY c
	Unique  (cost=416.63..417.16 rows=106 width=121)
	  ->  Sort  (cost=416.63..416.90 rows=106 width=121)
	        Sort Key: c
	        ->  Index Scan using sbtest6_pkey on sbtest6  (cost=0.43..413.07 rows=106 width=121)
	              Index Cond: ((id >= 7049732) AND (id <= 7049831))

table 7 : explain SELECT DISTINCT c FROM sbtest7 WHERE id BETWEEN 8642174 AND 8642273 ORDER BY c
	Unique  (cost=388.12..388.61 rows=99 width=121)
	  ->  Sort  (cost=388.12..388.36 rows=99 width=121)
	        Sort Key: c
	        ->  Index Scan using sbtest7_pkey on sbtest7  (cost=0.43..384.83 rows=99 width=121)
	              Index Cond: ((id >= 8642174) AND (id <= 8642273))

table 8 : explain SELECT DISTINCT c FROM sbtest8 WHERE id BETWEEN 4852891 AND 4852990 ORDER BY c
	Unique  (cost=380.71..381.20 rows=97 width=121)
	  ->  Sort  (cost=380.71..380.95 rows=97 width=121)
	        Sort Key: c
	        ->  Index Scan using sbtest8_pkey on sbtest8  (cost=0.43..377.51 rows=97 width=121)
	              Index Cond: ((id >= 4852891) AND (id <= 4852990))

explain: for inserts :: explain INSERT INTO sbtest%u (id, k, c, pad) VALUES (%u, 13, 'foobar', 'foobar')
for non_index_updates
table 1 : explain UPDATE sbtest1 SET c='foobar' WHERE id=9886059
	Update on sbtest1  (cost=0.43..8.45 rows=0 width=0)
	  ->  Index Scan using sbtest1_pkey on sbtest1  (cost=0.43..8.45 rows=1 width=490)
	        Index Cond: (id = 9886059)

table 2 : explain UPDATE sbtest2 SET c='foobar' WHERE id=6873245
	Update on sbtest2  (cost=0.43..8.45 rows=0 width=0)
	  ->  Index Scan using sbtest2_pkey on sbtest2  (cost=0.43..8.45 rows=1 width=490)
	        Index Cond: (id = 6873245)

table 3 : explain UPDATE sbtest3 SET c='foobar' WHERE id=5059714
	Update on sbtest3  (cost=0.43..8.45 rows=0 width=0)
	  ->  Index Scan using sbtest3_pkey on sbtest3  (cost=0.43..8.45 rows=1 width=490)
	        Index Cond: (id = 5059714)

table 4 : explain UPDATE sbtest4 SET c='foobar' WHERE id=9754592
	Update on sbtest4  (cost=0.43..8.45 rows=0 width=0)
	  ->  Index Scan using sbtest4_pkey on sbtest4  (cost=0.43..8.45 rows=1 width=490)
	        Index Cond: (id = 9754592)

table 5 : explain UPDATE sbtest5 SET c='foobar' WHERE id=6014896
	Update on sbtest5  (cost=0.43..8.45 rows=0 width=0)
	  ->  Index Scan using sbtest5_pkey on sbtest5  (cost=0.43..8.45 rows=1 width=490)
	        Index Cond: (id = 6014896)

table 6 : explain UPDATE sbtest6 SET c='foobar' WHERE id=8628866
	Update on sbtest6  (cost=0.43..8.45 rows=0 width=0)
	  ->  Index Scan using sbtest6_pkey on sbtest6  (cost=0.43..8.45 rows=1 width=490)
	        Index Cond: (id = 8628866)

table 7 : explain UPDATE sbtest7 SET c='foobar' WHERE id=3809965
	Update on sbtest7  (cost=0.43..8.45 rows=0 width=0)
	  ->  Index Scan using sbtest7_pkey on sbtest7  (cost=0.43..8.45 rows=1 width=490)
	        Index Cond: (id = 3809965)

table 8 : explain UPDATE sbtest8 SET c='foobar' WHERE id=9324403
	Update on sbtest8  (cost=0.43..8.45 rows=0 width=0)
	  ->  Index Scan using sbtest8_pkey on sbtest8  (cost=0.43..8.45 rows=1 width=490)
	        Index Cond: (id = 9324403)

for inserts
table 1 : explain INSERT INTO sbtest1 (id, k, c, pad) VALUES (9095761, 13, 'foobar', 'foobar')
	Insert on sbtest1  (cost=0.00..0.01 rows=0 width=0)
	  ->  Result  (cost=0.00..0.01 rows=1 width=736)

table 2 : explain INSERT INTO sbtest2 (id, k, c, pad) VALUES (7539278, 13, 'foobar', 'foobar')
	Insert on sbtest2  (cost=0.00..0.01 rows=0 width=0)
	  ->  Result  (cost=0.00..0.01 rows=1 width=736)

table 3 : explain INSERT INTO sbtest3 (id, k, c, pad) VALUES (8004155, 13, 'foobar', 'foobar')
	Insert on sbtest3  (cost=0.00..0.01 rows=0 width=0)
	  ->  Result  (cost=0.00..0.01 rows=1 width=736)

table 4 : explain INSERT INTO sbtest4 (id, k, c, pad) VALUES (1152556, 13, 'foobar', 'foobar')
	Insert on sbtest4  (cost=0.00..0.01 rows=0 width=0)
	  ->  Result  (cost=0.00..0.01 rows=1 width=736)

table 5 : explain INSERT INTO sbtest5 (id, k, c, pad) VALUES (3426307, 13, 'foobar', 'foobar')
	Insert on sbtest5  (cost=0.00..0.01 rows=0 width=0)
	  ->  Result  (cost=0.00..0.01 rows=1 width=736)

table 6 : explain INSERT INTO sbtest6 (id, k, c, pad) VALUES (9657521, 13, 'foobar', 'foobar')
	Insert on sbtest6  (cost=0.00..0.01 rows=0 width=0)
	  ->  Result  (cost=0.00..0.01 rows=1 width=736)

table 7 : explain INSERT INTO sbtest7 (id, k, c, pad) VALUES (9520514, 13, 'foobar', 'foobar')
	Insert on sbtest7  (cost=0.00..0.01 rows=0 width=0)
	  ->  Result  (cost=0.00..0.01 rows=1 width=736)

table 8 : explain INSERT INTO sbtest8 (id, k, c, pad) VALUES (7691722, 13, 'foobar', 'foobar')
	Insert on sbtest8  (cost=0.00..0.01 rows=0 width=0)
	  ->  Result  (cost=0.00..0.01 rows=1 width=736)

explain: for index_updates :: explain UPDATE sbtest%u SET k=k+1 WHERE id=%u
for: order_ranges
table 1 : explain SELECT c FROM sbtest1 WHERE id BETWEEN 2518630 AND 2518729 ORDER BY c
	Sort  (cost=378.75..378.99 rows=96 width=121)
	  Sort Key: c
	  ->  Index Scan using sbtest1_pkey on sbtest1  (cost=0.43..375.59 rows=96 width=121)
	        Index Cond: ((id >= 2518630) AND (id <= 2518729))

table 2 : explain SELECT c FROM sbtest2 WHERE id BETWEEN 365954 AND 366053 ORDER BY c
	Sort  (cost=370.12..370.35 rows=94 width=121)
	  Sort Key: c
	  ->  Index Scan using sbtest2_pkey on sbtest2  (cost=0.43..367.04 rows=94 width=121)
	        Index Cond: ((id >= 365954) AND (id <= 366053))

table 3 : explain SELECT c FROM sbtest3 WHERE id BETWEEN 9047215 AND 9047314 ORDER BY c
	Sort  (cost=410.59..410.85 rows=104 width=121)
	  Sort Key: c
	  ->  Index Scan using sbtest3_pkey on sbtest3  (cost=0.43..407.11 rows=104 width=121)
	        Index Cond: ((id >= 9047215) AND (id <= 9047314))

table 4 : explain SELECT c FROM sbtest4 WHERE id BETWEEN 3389412 AND 3389511 ORDER BY c
	Sort  (cost=389.46..389.71 rows=99 width=121)
	  Sort Key: c
	  ->  Index Scan using sbtest4_pkey on sbtest4  (cost=0.43..386.18 rows=99 width=121)
	        Index Cond: ((id >= 3389412) AND (id <= 3389511))

table 5 : explain SELECT c FROM sbtest5 WHERE id BETWEEN 3024504 AND 3024603 ORDER BY c
	Sort  (cost=408.40..408.66 rows=104 width=121)
	  Sort Key: c
	  ->  Index Scan using sbtest5_pkey on sbtest5  (cost=0.43..404.92 rows=104 width=121)
	        Index Cond: ((id >= 3024504) AND (id <= 3024603))

table 6 : explain SELECT c FROM sbtest6 WHERE id BETWEEN 730672 AND 730771 ORDER BY c
	Sort  (cost=385.45..385.69 rows=98 width=121)
	  Sort Key: c
	  ->  Index Scan using sbtest6_pkey on sbtest6  (cost=0.43..382.21 rows=98 width=121)
	        Index Cond: ((id >= 730672) AND (id <= 730771))

table 7 : explain SELECT c FROM sbtest7 WHERE id BETWEEN 9378419 AND 9378518 ORDER BY c
	Sort  (cost=360.96..361.19 rows=92 width=121)
	  Sort Key: c
	  ->  Index Scan using sbtest7_pkey on sbtest7  (cost=0.43..357.96 rows=92 width=121)
	        Index Cond: ((id >= 9378419) AND (id <= 9378518))

table 8 : explain SELECT c FROM sbtest8 WHERE id BETWEEN 5476390 AND 5476489 ORDER BY c
	Sort  (cost=407.94..408.20 rows=104 width=121)
	  Sort Key: c
	  ->  Index Scan using sbtest8_pkey on sbtest8  (cost=0.43..404.46 rows=104 width=121)
	        Index Cond: ((id >= 5476390) AND (id <= 5476489))

for inserts
table 1 : explain INSERT INTO sbtest1 (id, k, c, pad) VALUES (9759631, 13, 'foobar', 'foobar')
	Insert on sbtest1  (cost=0.00..0.01 rows=0 width=0)
	  ->  Result  (cost=0.00..0.01 rows=1 width=736)

table 2 : explain INSERT INTO sbtest2 (id, k, c, pad) VALUES (979357, 13, 'foobar', 'foobar')
	Insert on sbtest2  (cost=0.00..0.01 rows=0 width=0)
	  ->  Result  (cost=0.00..0.01 rows=1 width=736)

table 3 : explain INSERT INTO sbtest3 (id, k, c, pad) VALUES (1697802, 13, 'foobar', 'foobar')
	Insert on sbtest3  (cost=0.00..0.01 rows=0 width=0)
	  ->  Result  (cost=0.00..0.01 rows=1 width=736)

table 4 : explain INSERT INTO sbtest4 (id, k, c, pad) VALUES (4840344, 13, 'foobar', 'foobar')
	Insert on sbtest4  (cost=0.00..0.01 rows=0 width=0)
	  ->  Result  (cost=0.00..0.01 rows=1 width=736)

table 5 : explain INSERT INTO sbtest5 (id, k, c, pad) VALUES (5564717, 13, 'foobar', 'foobar')
	Insert on sbtest5  (cost=0.00..0.01 rows=0 width=0)
	  ->  Result  (cost=0.00..0.01 rows=1 width=736)

table 6 : explain INSERT INTO sbtest6 (id, k, c, pad) VALUES (3442604, 13, 'foobar', 'foobar')
	Insert on sbtest6  (cost=0.00..0.01 rows=0 width=0)
	  ->  Result  (cost=0.00..0.01 rows=1 width=736)

table 7 : explain INSERT INTO sbtest7 (id, k, c, pad) VALUES (322926, 13, 'foobar', 'foobar')
	Insert on sbtest7  (cost=0.00..0.01 rows=0 width=0)
	  ->  Result  (cost=0.00..0.01 rows=1 width=736)

table 8 : explain INSERT INTO sbtest8 (id, k, c, pad) VALUES (7711925, 13, 'foobar', 'foobar')
	Insert on sbtest8  (cost=0.00..0.01 rows=0 width=0)
	  ->  Result  (cost=0.00..0.01 rows=1 width=736)

for deletes
table 1 : explain DELETE FROM sbtest1 WHERE id=5276405
	Delete on sbtest1  (cost=0.43..8.45 rows=0 width=0)
	  ->  Index Scan using sbtest1_pkey on sbtest1  (cost=0.43..8.45 rows=1 width=6)
	        Index Cond: (id = 5276405)

table 2 : explain DELETE FROM sbtest2 WHERE id=7805180
	Delete on sbtest2  (cost=0.43..8.45 rows=0 width=0)
	  ->  Index Scan using sbtest2_pkey on sbtest2  (cost=0.43..8.45 rows=1 width=6)
	        Index Cond: (id = 7805180)

table 3 : explain DELETE FROM sbtest3 WHERE id=6861193
	Delete on sbtest3  (cost=0.43..8.45 rows=0 width=0)
	  ->  Index Scan using sbtest3_pkey on sbtest3  (cost=0.43..8.45 rows=1 width=6)
	        Index Cond: (id = 6861193)

table 4 : explain DELETE FROM sbtest4 WHERE id=7107069
	Delete on sbtest4  (cost=0.43..8.45 rows=0 width=0)
	  ->  Index Scan using sbtest4_pkey on sbtest4  (cost=0.43..8.45 rows=1 width=6)
	        Index Cond: (id = 7107069)

table 5 : explain DELETE FROM sbtest5 WHERE id=6379054
	Delete on sbtest5  (cost=0.43..8.45 rows=0 width=0)
	  ->  Index Scan using sbtest5_pkey on sbtest5  (cost=0.43..8.45 rows=1 width=6)
	        Index Cond: (id = 6379054)

table 6 : explain DELETE FROM sbtest6 WHERE id=4200702
	Delete on sbtest6  (cost=0.43..8.45 rows=0 width=0)
	  ->  Index Scan using sbtest6_pkey on sbtest6  (cost=0.43..8.45 rows=1 width=6)
	        Index Cond: (id = 4200702)

table 7 : explain DELETE FROM sbtest7 WHERE id=7016281
	Delete on sbtest7  (cost=0.43..8.45 rows=0 width=0)
	  ->  Index Scan using sbtest7_pkey on sbtest7  (cost=0.43..8.45 rows=1 width=6)
	        Index Cond: (id = 7016281)

table 8 : explain DELETE FROM sbtest8 WHERE id=9503924
	Delete on sbtest8  (cost=0.43..8.45 rows=0 width=0)
	  ->  Index Scan using sbtest8_pkey on sbtest8  (cost=0.43..8.45 rows=1 width=6)
	        Index Cond: (id = 9503924)

for index_updates
table 1 : explain UPDATE sbtest1 SET k=k+1 WHERE id=9208384
	Update on sbtest1  (cost=0.43..8.46 rows=0 width=0)
	  ->  Index Scan using sbtest1_pkey on sbtest1  (cost=0.43..8.46 rows=1 width=10)
	        Index Cond: (id = 9208384)

table 2 : explain UPDATE sbtest2 SET k=k+1 WHERE id=5533780
	Update on sbtest2  (cost=0.43..8.46 rows=0 width=0)
	  ->  Index Scan using sbtest2_pkey on sbtest2  (cost=0.43..8.46 rows=1 width=10)
	        Index Cond: (id = 5533780)

table 3 : explain UPDATE sbtest3 SET k=k+1 WHERE id=4808570
	Update on sbtest3  (cost=0.43..8.46 rows=0 width=0)
	  ->  Index Scan using sbtest3_pkey on sbtest3  (cost=0.43..8.46 rows=1 width=10)
	        Index Cond: (id = 4808570)

table 4 : explain UPDATE sbtest4 SET k=k+1 WHERE id=6977826
	Update on sbtest4  (cost=0.43..8.46 rows=0 width=0)
	  ->  Index Scan using sbtest4_pkey on sbtest4  (cost=0.43..8.46 rows=1 width=10)
	        Index Cond: (id = 6977826)

table 5 : explain UPDATE sbtest5 SET k=k+1 WHERE id=7725481
	Update on sbtest5  (cost=0.43..8.46 rows=0 width=0)
	  ->  Index Scan using sbtest5_pkey on sbtest5  (cost=0.43..8.46 rows=1 width=10)
	        Index Cond: (id = 7725481)

table 6 : explain UPDATE sbtest6 SET k=k+1 WHERE id=9869194
	Update on sbtest6  (cost=0.43..8.46 rows=0 width=0)
	  ->  Index Scan using sbtest6_pkey on sbtest6  (cost=0.43..8.46 rows=1 width=10)
	        Index Cond: (id = 9869194)

table 7 : explain UPDATE sbtest7 SET k=k+1 WHERE id=6166336
	Update on sbtest7  (cost=0.43..8.46 rows=0 width=0)
	  ->  Index Scan using sbtest7_pkey on sbtest7  (cost=0.43..8.46 rows=1 width=10)
	        Index Cond: (id = 6166336)

table 8 : explain UPDATE sbtest8 SET k=k+1 WHERE id=7668562
	Update on sbtest8  (cost=0.43..8.46 rows=0 width=0)
	  ->  Index Scan using sbtest8_pkey on sbtest8  (cost=0.43..8.46 rows=1 width=10)
	        Index Cond: (id = 7668562)

explain: for deletes :: explain DELETE FROM sbtest%u WHERE id=%u
for deletes
table 1 : explain DELETE FROM sbtest1 WHERE id=6776831
	Delete on sbtest1  (cost=0.43..8.45 rows=0 width=0)
	  ->  Index Scan using sbtest1_pkey on sbtest1  (cost=0.43..8.45 rows=1 width=6)
	        Index Cond: (id = 6776831)

table 2 : explain DELETE FROM sbtest2 WHERE id=1281470
	Delete on sbtest2  (cost=0.43..8.45 rows=0 width=0)
	  ->  Index Scan using sbtest2_pkey on sbtest2  (cost=0.43..8.45 rows=1 width=6)
	        Index Cond: (id = 1281470)

table 3 : explain DELETE FROM sbtest3 WHERE id=5922672
	Delete on sbtest3  (cost=0.43..8.45 rows=0 width=0)
	  ->  Index Scan using sbtest3_pkey on sbtest3  (cost=0.43..8.45 rows=1 width=6)
	        Index Cond: (id = 5922672)

table 4 : explain DELETE FROM sbtest4 WHERE id=4443416
	Delete on sbtest4  (cost=0.43..8.45 rows=0 width=0)
	  ->  Index Scan using sbtest4_pkey on sbtest4  (cost=0.43..8.45 rows=1 width=6)
	        Index Cond: (id = 4443416)

table 5 : explain DELETE FROM sbtest5 WHERE id=6280606
	Delete on sbtest5  (cost=0.43..8.45 rows=0 width=0)
	  ->  Index Scan using sbtest5_pkey on sbtest5  (cost=0.43..8.45 rows=1 width=6)
	        Index Cond: (id = 6280606)

table 6 : explain DELETE FROM sbtest6 WHERE id=4909859
	Delete on sbtest6  (cost=0.43..8.45 rows=0 width=0)
	  ->  Index Scan using sbtest6_pkey on sbtest6  (cost=0.43..8.45 rows=1 width=6)
	        Index Cond: (id = 4909859)

table 7 : explain DELETE FROM sbtest7 WHERE id=4964694
	Delete on sbtest7  (cost=0.43..8.45 rows=0 width=0)
	  ->  Index Scan using sbtest7_pkey on sbtest7  (cost=0.43..8.45 rows=1 width=6)
	        Index Cond: (id = 4964694)

table 8 : explain DELETE FROM sbtest8 WHERE id=9708859
	Delete on sbtest8  (cost=0.43..8.45 rows=0 width=0)
	  ->  Index Scan using sbtest8_pkey on sbtest8  (cost=0.43..8.45 rows=1 width=6)
	        Index Cond: (id = 9708859)

for inserts
table 1 : explain INSERT INTO sbtest1 (id, k, c, pad) VALUES (9962921, 13, 'foobar', 'foobar')
	Insert on sbtest1  (cost=0.00..0.01 rows=0 width=0)
	  ->  Result  (cost=0.00..0.01 rows=1 width=736)

table 2 : explain INSERT INTO sbtest2 (id, k, c, pad) VALUES (3324433, 13, 'foobar', 'foobar')
	Insert on sbtest2  (cost=0.00..0.01 rows=0 width=0)
	  ->  Result  (cost=0.00..0.01 rows=1 width=736)

table 3 : explain INSERT INTO sbtest3 (id, k, c, pad) VALUES (1549508, 13, 'foobar', 'foobar')
	Insert on sbtest3  (cost=0.00..0.01 rows=0 width=0)
	  ->  Result  (cost=0.00..0.01 rows=1 width=736)

table 4 : explain INSERT INTO sbtest4 (id, k, c, pad) VALUES (1275442, 13, 'foobar', 'foobar')
	Insert on sbtest4  (cost=0.00..0.01 rows=0 width=0)
	  ->  Result  (cost=0.00..0.01 rows=1 width=736)

table 5 : explain INSERT INTO sbtest5 (id, k, c, pad) VALUES (329983, 13, 'foobar', 'foobar')
	Insert on sbtest5  (cost=0.00..0.01 rows=0 width=0)
	  ->  Result  (cost=0.00..0.01 rows=1 width=736)

table 6 : explain INSERT INTO sbtest6 (id, k, c, pad) VALUES (6922729, 13, 'foobar', 'foobar')
	Insert on sbtest6  (cost=0.00..0.01 rows=0 width=0)
	  ->  Result  (cost=0.00..0.01 rows=1 width=736)

table 7 : explain INSERT INTO sbtest7 (id, k, c, pad) VALUES (4861263, 13, 'foobar', 'foobar')
	Insert on sbtest7  (cost=0.00..0.01 rows=0 width=0)
	  ->  Result  (cost=0.00..0.01 rows=1 width=736)

table 8 : explain INSERT INTO sbtest8 (id, k, c, pad) VALUES (5799658, 13, 'foobar', 'foobar')
	Insert on sbtest8  (cost=0.00..0.01 rows=0 width=0)
	  ->  Result  (cost=0.00..0.01 rows=1 width=736)

for inserts
table 1 : explain INSERT INTO sbtest1 (id, k, c, pad) VALUES (5841221, 13, 'foobar', 'foobar')
	Insert on sbtest1  (cost=0.00..0.01 rows=0 width=0)
	  ->  Result  (cost=0.00..0.01 rows=1 width=736)

table 2 : explain INSERT INTO sbtest2 (id, k, c, pad) VALUES (9203946, 13, 'foobar', 'foobar')
	Insert on sbtest2  (cost=0.00..0.01 rows=0 width=0)
	  ->  Result  (cost=0.00..0.01 rows=1 width=736)

table 3 : explain INSERT INTO sbtest3 (id, k, c, pad) VALUES (5921685, 13, 'foobar', 'foobar')
	Insert on sbtest3  (cost=0.00..0.01 rows=0 width=0)
	  ->  Result  (cost=0.00..0.01 rows=1 width=736)

table 4 : explain INSERT INTO sbtest4 (id, k, c, pad) VALUES (5818569, 13, 'foobar', 'foobar')
	Insert on sbtest4  (cost=0.00..0.01 rows=0 width=0)
	  ->  Result  (cost=0.00..0.01 rows=1 width=736)

table 5 : explain INSERT INTO sbtest5 (id, k, c, pad) VALUES (8144643, 13, 'foobar', 'foobar')
	Insert on sbtest5  (cost=0.00..0.01 rows=0 width=0)
	  ->  Result  (cost=0.00..0.01 rows=1 width=736)

table 6 : explain INSERT INTO sbtest6 (id, k, c, pad) VALUES (8359261, 13, 'foobar', 'foobar')
	Insert on sbtest6  (cost=0.00..0.01 rows=0 width=0)
	  ->  Result  (cost=0.00..0.01 rows=1 width=736)

table 7 : explain INSERT INTO sbtest7 (id, k, c, pad) VALUES (5362910, 13, 'foobar', 'foobar')
	Insert on sbtest7  (cost=0.00..0.01 rows=0 width=0)
	  ->  Result  (cost=0.00..0.01 rows=1 width=736)

table 8 : explain INSERT INTO sbtest8 (id, k, c, pad) VALUES (5556368, 13, 'foobar', 'foobar')
	Insert on sbtest8  (cost=0.00..0.01 rows=0 width=0)
	  ->  Result  (cost=0.00..0.01 rows=1 width=736)

for: simple_ranges
table 1 : explain SELECT c FROM sbtest1 WHERE id BETWEEN 2134356 AND 2134455
	Index Scan using sbtest1_pkey on sbtest1  (cost=0.43..414.27 rows=106 width=121)
	  Index Cond: ((id >= 2134356) AND (id <= 2134455))

table 2 : explain SELECT c FROM sbtest2 WHERE id BETWEEN 1338163 AND 1338262
	Index Scan using sbtest2_pkey on sbtest2  (cost=0.43..409.48 rows=105 width=121)
	  Index Cond: ((id >= 1338163) AND (id <= 1338262))

table 3 : explain SELECT c FROM sbtest3 WHERE id BETWEEN 469971 AND 470070
	Index Scan using sbtest3_pkey on sbtest3  (cost=0.43..407.11 rows=104 width=121)
	  Index Cond: ((id >= 469971) AND (id <= 470070))

table 4 : explain SELECT c FROM sbtest4 WHERE id BETWEEN 7568815 AND 7568914
	Index Scan using sbtest4_pkey on sbtest4  (cost=0.43..378.47 rows=97 width=121)
	  Index Cond: ((id >= 7568815) AND (id <= 7568914))

table 5 : explain SELECT c FROM sbtest5 WHERE id BETWEEN 6255846 AND 6255945
	Index Scan using sbtest5_pkey on sbtest5  (cost=0.43..397.22 rows=102 width=121)
	  Index Cond: ((id >= 6255846) AND (id <= 6255945))

table 6 : explain SELECT c FROM sbtest6 WHERE id BETWEEN 7245870 AND 7245969
	Index Scan using sbtest6_pkey on sbtest6  (cost=0.43..389.95 rows=100 width=121)
	  Index Cond: ((id >= 7245870) AND (id <= 7245969))

table 7 : explain SELECT c FROM sbtest7 WHERE id BETWEEN 8599303 AND 8599402
	Index Scan using sbtest7_pkey on sbtest7  (cost=0.43..384.83 rows=99 width=121)
	  Index Cond: ((id >= 8599303) AND (id <= 8599402))

table 8 : explain SELECT c FROM sbtest8 WHERE id BETWEEN 4410705 AND 4410804
	Index Scan using sbtest8_pkey on sbtest8  (cost=0.43..381.35 rows=98 width=121)
	  Index Cond: ((id >= 4410705) AND (id <= 4410804))

explain: for point_selects :: explain SELECT c FROM sbtest%u WHERE id=%u
for deletes
table 1 : explain DELETE FROM sbtest1 WHERE id=7919160
	Delete on sbtest1  (cost=0.43..8.45 rows=0 width=0)
	  ->  Index Scan using sbtest1_pkey on sbtest1  (cost=0.43..8.45 rows=1 width=6)
	        Index Cond: (id = 7919160)

table 2 : explain DELETE FROM sbtest2 WHERE id=8577559
	Delete on sbtest2  (cost=0.43..8.45 rows=0 width=0)
	  ->  Index Scan using sbtest2_pkey on sbtest2  (cost=0.43..8.45 rows=1 width=6)
	        Index Cond: (id = 8577559)

table 3 : explain DELETE FROM sbtest3 WHERE id=3190098
	Delete on sbtest3  (cost=0.43..8.45 rows=0 width=0)
	  ->  Index Scan using sbtest3_pkey on sbtest3  (cost=0.43..8.45 rows=1 width=6)
	        Index Cond: (id = 3190098)

table 4 : explain DELETE FROM sbtest4 WHERE id=8677963
	Delete on sbtest4  (cost=0.43..8.45 rows=0 width=0)
	  ->  Index Scan using sbtest4_pkey on sbtest4  (cost=0.43..8.45 rows=1 width=6)
	        Index Cond: (id = 8677963)

table 5 : explain DELETE FROM sbtest5 WHERE id=3735312
	Delete on sbtest5  (cost=0.43..8.45 rows=0 width=0)
	  ->  Index Scan using sbtest5_pkey on sbtest5  (cost=0.43..8.45 rows=1 width=6)
	        Index Cond: (id = 3735312)

table 6 : explain DELETE FROM sbtest6 WHERE id=9600247
	Delete on sbtest6  (cost=0.43..8.45 rows=0 width=0)
	  ->  Index Scan using sbtest6_pkey on sbtest6  (cost=0.43..8.45 rows=1 width=6)
	        Index Cond: (id = 9600247)

table 7 : explain DELETE FROM sbtest7 WHERE id=4575913
	Delete on sbtest7  (cost=0.43..8.45 rows=0 width=0)
	  ->  Index Scan using sbtest7_pkey on sbtest7  (cost=0.43..8.45 rows=1 width=6)
	        Index Cond: (id = 4575913)

table 8 : explain DELETE FROM sbtest8 WHERE id=1925937
	Delete on sbtest8  (cost=0.43..8.45 rows=0 width=0)
	  ->  Index Scan using sbtest8_pkey on sbtest8  (cost=0.43..8.45 rows=1 width=6)
	        Index Cond: (id = 1925937)

explain: for non_index_updates :: explain UPDATE sbtest%u SET c='foobar' WHERE id=%u
for index_updates
table 1 : explain UPDATE sbtest1 SET k=k+1 WHERE id=9344480
	Update on sbtest1  (cost=0.43..8.46 rows=0 width=0)
	  ->  Index Scan using sbtest1_pkey on sbtest1  (cost=0.43..8.46 rows=1 width=10)
	        Index Cond: (id = 9344480)

table 2 : explain UPDATE sbtest2 SET k=k+1 WHERE id=4674629
	Update on sbtest2  (cost=0.43..8.46 rows=0 width=0)
	  ->  Index Scan using sbtest2_pkey on sbtest2  (cost=0.43..8.46 rows=1 width=10)
	        Index Cond: (id = 4674629)

table 3 : explain UPDATE sbtest3 SET k=k+1 WHERE id=5600354
	Update on sbtest3  (cost=0.43..8.46 rows=0 width=0)
	  ->  Index Scan using sbtest3_pkey on sbtest3  (cost=0.43..8.46 rows=1 width=10)
	        Index Cond: (id = 5600354)

table 4 : explain UPDATE sbtest4 SET k=k+1 WHERE id=6185706
	Update on sbtest4  (cost=0.43..8.46 rows=0 width=0)
	  ->  Index Scan using sbtest4_pkey on sbtest4  (cost=0.43..8.46 rows=1 width=10)
	        Index Cond: (id = 6185706)

table 5 : explain UPDATE sbtest5 SET k=k+1 WHERE id=2114468
	Update on sbtest5  (cost=0.43..8.46 rows=0 width=0)
	  ->  Index Scan using sbtest5_pkey on sbtest5  (cost=0.43..8.46 rows=1 width=10)
	        Index Cond: (id = 2114468)

table 6 : explain UPDATE sbtest6 SET k=k+1 WHERE id=5567603
	Update on sbtest6  (cost=0.43..8.46 rows=0 width=0)
	  ->  Index Scan using sbtest6_pkey on sbtest6  (cost=0.43..8.46 rows=1 width=10)
	        Index Cond: (id = 5567603)

table 7 : explain UPDATE sbtest7 SET k=k+1 WHERE id=2411892
	Update on sbtest7  (cost=0.43..8.46 rows=0 width=0)
	  ->  Index Scan using sbtest7_pkey on sbtest7  (cost=0.43..8.46 rows=1 width=10)
	        Index Cond: (id = 2411892)

table 8 : explain UPDATE sbtest8 SET k=k+1 WHERE id=7517520
	Update on sbtest8  (cost=0.43..8.46 rows=0 width=0)
	  ->  Index Scan using sbtest8_pkey on sbtest8  (cost=0.43..8.46 rows=1 width=10)
	        Index Cond: (id = 7517520)

explain: for inserts :: explain INSERT INTO sbtest%u (id, k, c, pad) VALUES (%u, 13, 'foobar', 'foobar')
explain: for inserts :: explain INSERT INTO sbtest%u (id, k, c, pad) VALUES (%u, 13, 'foobar', 'foobar')
explain: for inserts :: explain INSERT INTO sbtest%u (id, k, c, pad) VALUES (%u, 13, 'foobar', 'foobar')
explain: for point_selects :: explain SELECT c FROM sbtest%u WHERE id=%u
for: distinct_ranges
table 1 : explain SELECT DISTINCT c FROM sbtest1 WHERE id BETWEEN 7402540 AND 7402639 ORDER BY c
	Unique  (cost=382.66..383.14 rows=97 width=121)
	  ->  Sort  (cost=382.66..382.90 rows=97 width=121)
	        Sort Key: c
	        ->  Index Scan using sbtest1_pkey on sbtest1  (cost=0.43..379.46 rows=97 width=121)
	              Index Cond: ((id >= 7402540) AND (id <= 7402639))

table 2 : explain SELECT DISTINCT c FROM sbtest2 WHERE id BETWEEN 3633937 AND 3634036 ORDER BY c
	Unique  (cost=448.07..448.64 rows=114 width=121)
	  ->  Sort  (cost=448.07..448.36 rows=114 width=121)
	        Sort Key: c
	        ->  Index Scan using sbtest2_pkey on sbtest2  (cost=0.43..444.18 rows=114 width=121)
	              Index Cond: ((id >= 3633937) AND (id <= 3634036))

table 3 : explain SELECT DISTINCT c FROM sbtest3 WHERE id BETWEEN 1983441 AND 1983540 ORDER BY c
	Unique  (cost=344.10..344.53 rows=87 width=121)
	  ->  Sort  (cost=344.10..344.31 rows=87 width=121)
	        Sort Key: c
	        ->  Index Scan using sbtest3_pkey on sbtest3  (cost=0.43..341.29 rows=87 width=121)
	              Index Cond: ((id >= 1983441) AND (id <= 1983540))

table 4 : explain SELECT DISTINCT c FROM sbtest4 WHERE id BETWEEN 26995 AND 27094 ORDER BY c
	Unique  (cost=389.46..389.95 rows=99 width=121)
	  ->  Sort  (cost=389.46..389.71 rows=99 width=121)
	        Sort Key: c
	        ->  Index Scan using sbtest4_pkey on sbtest4  (cost=0.43..386.18 rows=99 width=121)
	              Index Cond: ((id >= 26995) AND (id <= 27094))

table 5 : explain SELECT DISTINCT c FROM sbtest5 WHERE id BETWEEN 7711047 AND 7711146 ORDER BY c
	Unique  (cost=392.81..393.31 rows=100 width=121)
	  ->  Sort  (cost=392.81..393.06 rows=100 width=121)
	        Sort Key: c
	        ->  Index Scan using sbtest5_pkey on sbtest5  (cost=0.43..389.49 rows=100 width=121)
	              Index Cond: ((id >= 7711047) AND (id <= 7711146))

table 6 : explain SELECT DISTINCT c FROM sbtest6 WHERE id BETWEEN 6930779 AND 6930878 ORDER BY c
	Unique  (cost=443.88..444.45 rows=113 width=121)
	  ->  Sort  (cost=443.88..444.17 rows=113 width=121)
	        Sort Key: c
	        ->  Index Scan using sbtest6_pkey on sbtest6  (cost=0.43..440.03 rows=113 width=121)
	              Index Cond: ((id >= 6930779) AND (id <= 6930878))

table 7 : explain SELECT DISTINCT c FROM sbtest7 WHERE id BETWEEN 7139404 AND 7139503 ORDER BY c
	Unique  (cost=399.80..400.31 rows=102 width=121)
	  ->  Sort  (cost=399.80..400.06 rows=102 width=121)
	        Sort Key: c
	        ->  Index Scan using sbtest7_pkey on sbtest7  (cost=0.43..396.40 rows=102 width=121)
	              Index Cond: ((id >= 7139404) AND (id <= 7139503))

table 8 : explain SELECT DISTINCT c FROM sbtest8 WHERE id BETWEEN 6916147 AND 6916246 ORDER BY c
	Unique  (cost=427.36..427.91 rows=109 width=121)
	  ->  Sort  (cost=427.36..427.64 rows=109 width=121)
	        Sort Key: c
	        ->  Index Scan using sbtest8_pkey on sbtest8  (cost=0.43..423.67 rows=109 width=121)
	              Index Cond: ((id >= 6916147) AND (id <= 6916246))

for non_index_updates
table 1 : explain UPDATE sbtest1 SET c='foobar' WHERE id=599516
	Update on sbtest1  (cost=0.43..8.45 rows=0 width=0)
	  ->  Index Scan using sbtest1_pkey on sbtest1  (cost=0.43..8.45 rows=1 width=490)
	        Index Cond: (id = 599516)

table 2 : explain UPDATE sbtest2 SET c='foobar' WHERE id=8882772
	Update on sbtest2  (cost=0.43..8.45 rows=0 width=0)
	  ->  Index Scan using sbtest2_pkey on sbtest2  (cost=0.43..8.45 rows=1 width=490)
	        Index Cond: (id = 8882772)

table 3 : explain UPDATE sbtest3 SET c='foobar' WHERE id=9990158
	Update on sbtest3  (cost=0.43..8.45 rows=0 width=0)
	  ->  Index Scan using sbtest3_pkey on sbtest3  (cost=0.43..8.45 rows=1 width=490)
	        Index Cond: (id = 9990158)

table 4 : explain UPDATE sbtest4 SET c='foobar' WHERE id=6673927
	Update on sbtest4  (cost=0.43..8.45 rows=0 width=0)
	  ->  Index Scan using sbtest4_pkey on sbtest4  (cost=0.43..8.45 rows=1 width=490)
	        Index Cond: (id = 6673927)

table 5 : explain UPDATE sbtest5 SET c='foobar' WHERE id=1277379
	Update on sbtest5  (cost=0.43..8.45 rows=0 width=0)
	  ->  Index Scan using sbtest5_pkey on sbtest5  (cost=0.43..8.45 rows=1 width=490)
	        Index Cond: (id = 1277379)

table 6 : explain UPDATE sbtest6 SET c='foobar' WHERE id=8592496
	Update on sbtest6  (cost=0.43..8.45 rows=0 width=0)
	  ->  Index Scan using sbtest6_pkey on sbtest6  (cost=0.43..8.45 rows=1 width=490)
	        Index Cond: (id = 8592496)

table 7 : explain UPDATE sbtest7 SET c='foobar' WHERE id=2168023
	Update on sbtest7  (cost=0.43..8.45 rows=0 width=0)
	  ->  Index Scan using sbtest7_pkey on sbtest7  (cost=0.43..8.45 rows=1 width=490)
	        Index Cond: (id = 2168023)

table 8 : explain UPDATE sbtest8 SET c='foobar' WHERE id=6609057
	Update on sbtest8  (cost=0.43..8.45 rows=0 width=0)
	  ->  Index Scan using sbtest8_pkey on sbtest8  (cost=0.43..8.45 rows=1 width=490)
	        Index Cond: (id = 6609057)

explain: for non_index_updates :: explain UPDATE sbtest%u SET c='foobar' WHERE id=%u
for: sum_ranges
table 1 : explain SELECT SUM(k) FROM sbtest1 WHERE id BETWEEN 1389533 AND 1389632
	Aggregate  (cost=379.70..379.71 rows=1 width=8)
	  ->  Index Scan using sbtest1_pkey on sbtest1  (cost=0.43..379.46 rows=97 width=4)
	        Index Cond: ((id >= 1389533) AND (id <= 1389632))

table 2 : explain SELECT SUM(k) FROM sbtest2 WHERE id BETWEEN 8299776 AND 8299875
	Aggregate  (cost=378.85..378.86 rows=1 width=8)
	  ->  Index Scan using sbtest2_pkey on sbtest2  (cost=0.43..378.60 rows=97 width=4)
	        Index Cond: ((id >= 8299776) AND (id <= 8299875))

table 3 : explain SELECT SUM(k) FROM sbtest3 WHERE id BETWEEN 5052177 AND 5052276
	Aggregate  (cost=368.61..368.62 rows=1 width=8)
	  ->  Index Scan using sbtest3_pkey on sbtest3  (cost=0.43..368.38 rows=94 width=4)
	        Index Cond: ((id >= 5052177) AND (id <= 5052276))

table 4 : explain SELECT SUM(k) FROM sbtest4 WHERE id BETWEEN 9686033 AND 9686132
	Aggregate  (cost=390.28..390.29 rows=1 width=8)
	  ->  Index Scan using sbtest4_pkey on sbtest4  (cost=0.43..390.03 rows=100 width=4)
	        Index Cond: ((id >= 9686033) AND (id <= 9686132))

table 5 : explain SELECT SUM(k) FROM sbtest5 WHERE id BETWEEN 7890951 AND 7891050
	Aggregate  (cost=412.88..412.89 rows=1 width=8)
	  ->  Index Scan using sbtest5_pkey on sbtest5  (cost=0.43..412.62 rows=106 width=4)
	        Index Cond: ((id >= 7890951) AND (id <= 7891050))

table 6 : explain SELECT SUM(k) FROM sbtest6 WHERE id BETWEEN 9686383 AND 9686482
	Aggregate  (cost=386.31..386.32 rows=1 width=8)
	  ->  Index Scan using sbtest6_pkey on sbtest6  (cost=0.43..386.06 rows=99 width=4)
	        Index Cond: ((id >= 9686383) AND (id <= 9686482))

table 7 : explain SELECT SUM(k) FROM sbtest7 WHERE id BETWEEN 3657562 AND 3657661
	Aggregate  (cost=396.65..396.66 rows=1 width=8)
	  ->  Index Scan using sbtest7_pkey on sbtest7  (cost=0.43..396.40 rows=102 width=4)
	        Index Cond: ((id >= 3657562) AND (id <= 3657661))

table 8 : explain SELECT SUM(k) FROM sbtest8 WHERE id BETWEEN 9553539 AND 9553638
	Aggregate  (cost=389.33..389.34 rows=1 width=8)
	  ->  Index Scan using sbtest8_pkey on sbtest8  (cost=0.43..389.08 rows=100 width=4)
	        Index Cond: ((id >= 9553539) AND (id <= 9553638))

explain: for index_updates :: explain UPDATE sbtest%u SET k=k+1 WHERE id=%u
explain: for deletes :: explain DELETE FROM sbtest%u WHERE id=%u
for inserts
table 1 : explain INSERT INTO sbtest1 (id, k, c, pad) VALUES (9835785, 13, 'foobar', 'foobar')
	Insert on sbtest1  (cost=0.00..0.01 rows=0 width=0)
	  ->  Result  (cost=0.00..0.01 rows=1 width=736)

table 2 : explain INSERT INTO sbtest2 (id, k, c, pad) VALUES (6348476, 13, 'foobar', 'foobar')
	Insert on sbtest2  (cost=0.00..0.01 rows=0 width=0)
	  ->  Result  (cost=0.00..0.01 rows=1 width=736)

table 3 : explain INSERT INTO sbtest3 (id, k, c, pad) VALUES (8252094, 13, 'foobar', 'foobar')
	Insert on sbtest3  (cost=0.00..0.01 rows=0 width=0)
	  ->  Result  (cost=0.00..0.01 rows=1 width=736)

table 4 : explain INSERT INTO sbtest4 (id, k, c, pad) VALUES (4975650, 13, 'foobar', 'foobar')
	Insert on sbtest4  (cost=0.00..0.01 rows=0 width=0)
	  ->  Result  (cost=0.00..0.01 rows=1 width=736)

table 5 : explain INSERT INTO sbtest5 (id, k, c, pad) VALUES (7246766, 13, 'foobar', 'foobar')
	Insert on sbtest5  (cost=0.00..0.01 rows=0 width=0)
	  ->  Result  (cost=0.00..0.01 rows=1 width=736)

table 6 : explain INSERT INTO sbtest6 (id, k, c, pad) VALUES (6641424, 13, 'foobar', 'foobar')
	Insert on sbtest6  (cost=0.00..0.01 rows=0 width=0)
	  ->  Result  (cost=0.00..0.01 rows=1 width=736)

table 7 : explain INSERT INTO sbtest7 (id, k, c, pad) VALUES (3328375, 13, 'foobar', 'foobar')
	Insert on sbtest7  (cost=0.00..0.01 rows=0 width=0)
	  ->  Result  (cost=0.00..0.01 rows=1 width=736)

table 8 : explain INSERT INTO sbtest8 (id, k, c, pad) VALUES (844281, 13, 'foobar', 'foobar')
	Insert on sbtest8  (cost=0.00..0.01 rows=0 width=0)
	  ->  Result  (cost=0.00..0.01 rows=1 width=736)

for inserts
table 1 : explain INSERT INTO sbtest1 (id, k, c, pad) VALUES (7555442, 13, 'foobar', 'foobar')
	Insert on sbtest1  (cost=0.00..0.01 rows=0 width=0)
	  ->  Result  (cost=0.00..0.01 rows=1 width=736)

table 2 : explain INSERT INTO sbtest2 (id, k, c, pad) VALUES (2559426, 13, 'foobar', 'foobar')
	Insert on sbtest2  (cost=0.00..0.01 rows=0 width=0)
	  ->  Result  (cost=0.00..0.01 rows=1 width=736)

table 3 : explain INSERT INTO sbtest3 (id, k, c, pad) VALUES (5316857, 13, 'foobar', 'foobar')
	Insert on sbtest3  (cost=0.00..0.01 rows=0 width=0)
	  ->  Result  (cost=0.00..0.01 rows=1 width=736)

table 4 : explain INSERT INTO sbtest4 (id, k, c, pad) VALUES (210768, 13, 'foobar', 'foobar')
	Insert on sbtest4  (cost=0.00..0.01 rows=0 width=0)
	  ->  Result  (cost=0.00..0.01 rows=1 width=736)

table 5 : explain INSERT INTO sbtest5 (id, k, c, pad) VALUES (2024363, 13, 'foobar', 'foobar')
	Insert on sbtest5  (cost=0.00..0.01 rows=0 width=0)
	  ->  Result  (cost=0.00..0.01 rows=1 width=736)

table 6 : explain INSERT INTO sbtest6 (id, k, c, pad) VALUES (8545195, 13, 'foobar', 'foobar')
	Insert on sbtest6  (cost=0.00..0.01 rows=0 width=0)
	  ->  Result  (cost=0.00..0.01 rows=1 width=736)

table 7 : explain INSERT INTO sbtest7 (id, k, c, pad) VALUES (2100685, 13, 'foobar', 'foobar')
	Insert on sbtest7  (cost=0.00..0.01 rows=0 width=0)
	  ->  Result  (cost=0.00..0.01 rows=1 width=736)

table 8 : explain INSERT INTO sbtest8 (id, k, c, pad) VALUES (4076189, 13, 'foobar', 'foobar')
	Insert on sbtest8  (cost=0.00..0.01 rows=0 width=0)
	  ->  Result  (cost=0.00..0.01 rows=1 width=736)

for inserts
table 1 : explain INSERT INTO sbtest1 (id, k, c, pad) VALUES (3706805, 13, 'foobar', 'foobar')
	Insert on sbtest1  (cost=0.00..0.01 rows=0 width=0)
	  ->  Result  (cost=0.00..0.01 rows=1 width=736)

table 2 : explain INSERT INTO sbtest2 (id, k, c, pad) VALUES (9743710, 13, 'foobar', 'foobar')
	Insert on sbtest2  (cost=0.00..0.01 rows=0 width=0)
	  ->  Result  (cost=0.00..0.01 rows=1 width=736)

table 3 : explain INSERT INTO sbtest3 (id, k, c, pad) VALUES (6698002, 13, 'foobar', 'foobar')
	Insert on sbtest3  (cost=0.00..0.01 rows=0 width=0)
	  ->  Result  (cost=0.00..0.01 rows=1 width=736)

table 4 : explain INSERT INTO sbtest4 (id, k, c, pad) VALUES (2178517, 13, 'foobar', 'foobar')
	Insert on sbtest4  (cost=0.00..0.01 rows=0 width=0)
	  ->  Result  (cost=0.00..0.01 rows=1 width=736)

table 5 : explain INSERT INTO sbtest5 (id, k, c, pad) VALUES (8992344, 13, 'foobar', 'foobar')
	Insert on sbtest5  (cost=0.00..0.01 rows=0 width=0)
	  ->  Result  (cost=0.00..0.01 rows=1 width=736)

table 6 : explain INSERT INTO sbtest6 (id, k, c, pad) VALUES (4008429, 13, 'foobar', 'foobar')
	Insert on sbtest6  (cost=0.00..0.01 rows=0 width=0)
	  ->  Result  (cost=0.00..0.01 rows=1 width=736)

table 7 : explain INSERT INTO sbtest7 (id, k, c, pad) VALUES (7829582, 13, 'foobar', 'foobar')
	Insert on sbtest7  (cost=0.00..0.01 rows=0 width=0)
	  ->  Result  (cost=0.00..0.01 rows=1 width=736)

table 8 : explain INSERT INTO sbtest8 (id, k, c, pad) VALUES (7475852, 13, 'foobar', 'foobar')
	Insert on sbtest8  (cost=0.00..0.01 rows=0 width=0)
	  ->  Result  (cost=0.00..0.01 rows=1 width=736)

for point_selects
table 1 : explain SELECT c FROM sbtest1 WHERE id=7372784
	Index Scan using sbtest1_pkey on sbtest1  (cost=0.43..8.45 rows=1 width=121)
	  Index Cond: (id = 7372784)

table 2 : explain SELECT c FROM sbtest2 WHERE id=6568949
	Index Scan using sbtest2_pkey on sbtest2  (cost=0.43..8.45 rows=1 width=121)
	  Index Cond: (id = 6568949)

table 3 : explain SELECT c FROM sbtest3 WHERE id=7528937
	Index Scan using sbtest3_pkey on sbtest3  (cost=0.43..8.45 rows=1 width=121)
	  Index Cond: (id = 7528937)

table 4 : explain SELECT c FROM sbtest4 WHERE id=6276007
	Index Scan using sbtest4_pkey on sbtest4  (cost=0.43..8.45 rows=1 width=121)
	  Index Cond: (id = 6276007)

table 5 : explain SELECT c FROM sbtest5 WHERE id=9793340
	Index Scan using sbtest5_pkey on sbtest5  (cost=0.43..8.45 rows=1 width=121)
	  Index Cond: (id = 9793340)

table 6 : explain SELECT c FROM sbtest6 WHERE id=6180526
	Index Scan using sbtest6_pkey on sbtest6  (cost=0.43..8.45 rows=1 width=121)
	  Index Cond: (id = 6180526)

table 7 : explain SELECT c FROM sbtest7 WHERE id=771704
	Index Scan using sbtest7_pkey on sbtest7  (cost=0.43..8.45 rows=1 width=121)
	  Index Cond: (id = 771704)

table 8 : explain SELECT c FROM sbtest8 WHERE id=217098
	Index Scan using sbtest8_pkey on sbtest8  (cost=0.43..8.45 rows=1 width=121)
	  Index Cond: (id = 217098)

for deletes
table 1 : explain DELETE FROM sbtest1 WHERE id=5565789
	Delete on sbtest1  (cost=0.43..8.45 rows=0 width=0)
	  ->  Index Scan using sbtest1_pkey on sbtest1  (cost=0.43..8.45 rows=1 width=6)
	        Index Cond: (id = 5565789)

table 2 : explain DELETE FROM sbtest2 WHERE id=5864813
	Delete on sbtest2  (cost=0.43..8.45 rows=0 width=0)
	  ->  Index Scan using sbtest2_pkey on sbtest2  (cost=0.43..8.45 rows=1 width=6)
	        Index Cond: (id = 5864813)

table 3 : explain DELETE FROM sbtest3 WHERE id=3934720
	Delete on sbtest3  (cost=0.43..8.45 rows=0 width=0)
	  ->  Index Scan using sbtest3_pkey on sbtest3  (cost=0.43..8.45 rows=1 width=6)
	        Index Cond: (id = 3934720)

table 4 : explain DELETE FROM sbtest4 WHERE id=4062915
	Delete on sbtest4  (cost=0.43..8.45 rows=0 width=0)
	  ->  Index Scan using sbtest4_pkey on sbtest4  (cost=0.43..8.45 rows=1 width=6)
	        Index Cond: (id = 4062915)

table 5 : explain DELETE FROM sbtest5 WHERE id=3372219
	Delete on sbtest5  (cost=0.43..8.45 rows=0 width=0)
	  ->  Index Scan using sbtest5_pkey on sbtest5  (cost=0.43..8.45 rows=1 width=6)
	        Index Cond: (id = 3372219)

table 6 : explain DELETE FROM sbtest6 WHERE id=8499946
	Delete on sbtest6  (cost=0.43..8.45 rows=0 width=0)
	  ->  Index Scan using sbtest6_pkey on sbtest6  (cost=0.43..8.45 rows=1 width=6)
	        Index Cond: (id = 8499946)

table 7 : explain DELETE FROM sbtest7 WHERE id=625937
	Delete on sbtest7  (cost=0.43..8.45 rows=0 width=0)
	  ->  Index Scan using sbtest7_pkey on sbtest7  (cost=0.43..8.45 rows=1 width=6)
	        Index Cond: (id = 625937)

table 8 : explain DELETE FROM sbtest8 WHERE id=3283796
	Delete on sbtest8  (cost=0.43..8.45 rows=0 width=0)
	  ->  Index Scan using sbtest8_pkey on sbtest8  (cost=0.43..8.45 rows=1 width=6)
	        Index Cond: (id = 3283796)

for index_updates
table 1 : explain UPDATE sbtest1 SET k=k+1 WHERE id=9056537
	Update on sbtest1  (cost=0.43..8.46 rows=0 width=0)
	  ->  Index Scan using sbtest1_pkey on sbtest1  (cost=0.43..8.46 rows=1 width=10)
	        Index Cond: (id = 9056537)

table 2 : explain UPDATE sbtest2 SET k=k+1 WHERE id=505319
	Update on sbtest2  (cost=0.43..8.46 rows=0 width=0)
	  ->  Index Scan using sbtest2_pkey on sbtest2  (cost=0.43..8.46 rows=1 width=10)
	        Index Cond: (id = 505319)

table 3 : explain UPDATE sbtest3 SET k=k+1 WHERE id=210374
	Update on sbtest3  (cost=0.43..8.46 rows=0 width=0)
	  ->  Index Scan using sbtest3_pkey on sbtest3  (cost=0.43..8.46 rows=1 width=10)
	        Index Cond: (id = 210374)

table 4 : explain UPDATE sbtest4 SET k=k+1 WHERE id=1070088
	Update on sbtest4  (cost=0.43..8.46 rows=0 width=0)
	  ->  Index Scan using sbtest4_pkey on sbtest4  (cost=0.43..8.46 rows=1 width=10)
	        Index Cond: (id = 1070088)

table 5 : explain UPDATE sbtest5 SET k=k+1 WHERE id=8998831
	Update on sbtest5  (cost=0.43..8.46 rows=0 width=0)
	  ->  Index Scan using sbtest5_pkey on sbtest5  (cost=0.43..8.46 rows=1 width=10)
	        Index Cond: (id = 8998831)

table 6 : explain UPDATE sbtest6 SET k=k+1 WHERE id=8012835
	Update on sbtest6  (cost=0.43..8.46 rows=0 width=0)
	  ->  Index Scan using sbtest6_pkey on sbtest6  (cost=0.43..8.46 rows=1 width=10)
	        Index Cond: (id = 8012835)

table 7 : explain UPDATE sbtest7 SET k=k+1 WHERE id=8546063
	Update on sbtest7  (cost=0.43..8.46 rows=0 width=0)
	  ->  Index Scan using sbtest7_pkey on sbtest7  (cost=0.43..8.46 rows=1 width=10)
	        Index Cond: (id = 8546063)

table 8 : explain UPDATE sbtest8 SET k=k+1 WHERE id=9518389
	Update on sbtest8  (cost=0.43..8.46 rows=0 width=0)
	  ->  Index Scan using sbtest8_pkey on sbtest8  (cost=0.43..8.46 rows=1 width=10)
	        Index Cond: (id = 9518389)

for point_selects
table 1 : explain SELECT c FROM sbtest1 WHERE id=4359121
	Index Scan using sbtest1_pkey on sbtest1  (cost=0.43..8.45 rows=1 width=121)
	  Index Cond: (id = 4359121)

table 2 : explain SELECT c FROM sbtest2 WHERE id=7395833
	Index Scan using sbtest2_pkey on sbtest2  (cost=0.43..8.45 rows=1 width=121)
	  Index Cond: (id = 7395833)

table 3 : explain SELECT c FROM sbtest3 WHERE id=1675610
	Index Scan using sbtest3_pkey on sbtest3  (cost=0.43..8.45 rows=1 width=121)
	  Index Cond: (id = 1675610)

table 4 : explain SELECT c FROM sbtest4 WHERE id=8111108
	Index Scan using sbtest4_pkey on sbtest4  (cost=0.43..8.45 rows=1 width=121)
	  Index Cond: (id = 8111108)

table 5 : explain SELECT c FROM sbtest5 WHERE id=4329786
	Index Scan using sbtest5_pkey on sbtest5  (cost=0.43..8.45 rows=1 width=121)
	  Index Cond: (id = 4329786)

table 6 : explain SELECT c FROM sbtest6 WHERE id=2350604
	Index Scan using sbtest6_pkey on sbtest6  (cost=0.43..8.45 rows=1 width=121)
	  Index Cond: (id = 2350604)

table 7 : explain SELECT c FROM sbtest7 WHERE id=2643414
	Index Scan using sbtest7_pkey on sbtest7  (cost=0.43..8.45 rows=1 width=121)
	  Index Cond: (id = 2643414)

table 8 : explain SELECT c FROM sbtest8 WHERE id=1015670
	Index Scan using sbtest8_pkey on sbtest8  (cost=0.43..8.45 rows=1 width=121)
	  Index Cond: (id = 1015670)

for non_index_updates
table 1 : explain UPDATE sbtest1 SET c='foobar' WHERE id=6641876
	Update on sbtest1  (cost=0.43..8.45 rows=0 width=0)
	  ->  Index Scan using sbtest1_pkey on sbtest1  (cost=0.43..8.45 rows=1 width=490)
	        Index Cond: (id = 6641876)

table 2 : explain UPDATE sbtest2 SET c='foobar' WHERE id=1135395
	Update on sbtest2  (cost=0.43..8.45 rows=0 width=0)
	  ->  Index Scan using sbtest2_pkey on sbtest2  (cost=0.43..8.45 rows=1 width=490)
	        Index Cond: (id = 1135395)

table 3 : explain UPDATE sbtest3 SET c='foobar' WHERE id=4791916
	Update on sbtest3  (cost=0.43..8.45 rows=0 width=0)
	  ->  Index Scan using sbtest3_pkey on sbtest3  (cost=0.43..8.45 rows=1 width=490)
	        Index Cond: (id = 4791916)

table 4 : explain UPDATE sbtest4 SET c='foobar' WHERE id=4740495
	Update on sbtest4  (cost=0.43..8.45 rows=0 width=0)
	  ->  Index Scan using sbtest4_pkey on sbtest4  (cost=0.43..8.45 rows=1 width=490)
	        Index Cond: (id = 4740495)

table 5 : explain UPDATE sbtest5 SET c='foobar' WHERE id=1752632
	Update on sbtest5  (cost=0.43..8.45 rows=0 width=0)
	  ->  Index Scan using sbtest5_pkey on sbtest5  (cost=0.43..8.45 rows=1 width=490)
	        Index Cond: (id = 1752632)

table 6 : explain UPDATE sbtest6 SET c='foobar' WHERE id=1715377
	Update on sbtest6  (cost=0.43..8.45 rows=0 width=0)
	  ->  Index Scan using sbtest6_pkey on sbtest6  (cost=0.43..8.45 rows=1 width=490)
	        Index Cond: (id = 1715377)

table 7 : explain UPDATE sbtest7 SET c='foobar' WHERE id=5565286
	Update on sbtest7  (cost=0.43..8.45 rows=0 width=0)
	  ->  Index Scan using sbtest7_pkey on sbtest7  (cost=0.43..8.45 rows=1 width=490)
	        Index Cond: (id = 5565286)

table 8 : explain UPDATE sbtest8 SET c='foobar' WHERE id=7723235
	Update on sbtest8  (cost=0.43..8.45 rows=0 width=0)
	  ->  Index Scan using sbtest8_pkey on sbtest8  (cost=0.43..8.45 rows=1 width=490)
	        Index Cond: (id = 7723235)

explain: for point_selects :: explain SELECT c FROM sbtest%u WHERE id=%u
for: order_ranges
table 1 : explain SELECT c FROM sbtest1 WHERE id BETWEEN 1545053 AND 1545152 ORDER BY c
	Sort  (cost=374.85..375.09 rows=95 width=121)
	  Sort Key: c
	  ->  Index Scan using sbtest1_pkey on sbtest1  (cost=0.43..371.73 rows=95 width=121)
	        Index Cond: ((id >= 1545053) AND (id <= 1545152))

table 2 : explain SELECT c FROM sbtest2 WHERE id BETWEEN 6097415 AND 6097514 ORDER BY c
	Sort  (cost=448.07..448.36 rows=114 width=121)
	  Sort Key: c
	  ->  Index Scan using sbtest2_pkey on sbtest2  (cost=0.43..444.18 rows=114 width=121)
	        Index Cond: ((id >= 6097415) AND (id <= 6097514))

table 3 : explain SELECT c FROM sbtest3 WHERE id BETWEEN 1837303 AND 1837402 ORDER BY c
	Sort  (cost=375.37..375.61 rows=95 width=121)
	  Sort Key: c
	  ->  Index Scan using sbtest3_pkey on sbtest3  (cost=0.43..372.25 rows=95 width=121)
	        Index Cond: ((id >= 1837303) AND (id <= 1837402))

table 4 : explain SELECT c FROM sbtest4 WHERE id BETWEEN 4291972 AND 4292071 ORDER BY c
	Sort  (cost=393.35..393.60 rows=100 width=121)
	  Sort Key: c
	  ->  Index Scan using sbtest4_pkey on sbtest4  (cost=0.43..390.03 rows=100 width=121)
	        Index Cond: ((id >= 4291972) AND (id <= 4292071))

table 5 : explain SELECT c FROM sbtest5 WHERE id BETWEEN 8312045 AND 8312144 ORDER BY c
	Sort  (cost=377.25..377.49 rows=96 width=121)
	  Sort Key: c
	  ->  Index Scan using sbtest5_pkey on sbtest5  (cost=0.43..374.09 rows=96 width=121)
	        Index Cond: ((id >= 8312045) AND (id <= 8312144))

table 6 : explain SELECT c FROM sbtest6 WHERE id BETWEEN 7661210 AND 7661309 ORDER BY c
	Sort  (cost=408.85..409.11 rows=104 width=121)
	  Sort Key: c
	  ->  Index Scan using sbtest6_pkey on sbtest6  (cost=0.43..405.36 rows=104 width=121)
	        Index Cond: ((id >= 7661210) AND (id <= 7661309))

table 7 : explain SELECT c FROM sbtest7 WHERE id BETWEEN 9553108 AND 9553207 ORDER BY c
	Sort  (cost=446.37..446.65 rows=114 width=121)
	  Sort Key: c
	  ->  Index Scan using sbtest7_pkey on sbtest7  (cost=0.43..442.48 rows=114 width=121)
	        Index Cond: ((id >= 9553108) AND (id <= 9553207))

table 8 : explain SELECT c FROM sbtest8 WHERE id BETWEEN 5273292 AND 5273391 ORDER BY c
	Sort  (cost=392.41..392.66 rows=100 width=121)
	  Sort Key: c
	  ->  Index Scan using sbtest8_pkey on sbtest8  (cost=0.43..389.08 rows=100 width=121)
	        Index Cond: ((id >= 5273292) AND (id <= 5273391))

explain: for inserts :: explain INSERT INTO sbtest%u (id, k, c, pad) VALUES (%u, 13, 'foobar', 'foobar')
explain: for non_index_updates :: explain UPDATE sbtest%u SET c='foobar' WHERE id=%u
explain: for deletes :: explain DELETE FROM sbtest%u WHERE id=%u
for: simple_ranges
table 1 : explain SELECT c FROM sbtest1 WHERE id BETWEEN 2772795 AND 2772894
	Index Scan using sbtest1_pkey on sbtest1  (cost=0.43..398.82 rows=102 width=121)
	  Index Cond: ((id >= 2772795) AND (id <= 2772894))

table 2 : explain SELECT c FROM sbtest2 WHERE id BETWEEN 6534666 AND 6534765
	Index Scan using sbtest2_pkey on sbtest2  (cost=0.43..401.77 rows=103 width=121)
	  Index Cond: ((id >= 6534666) AND (id <= 6534765))

table 3 : explain SELECT c FROM sbtest3 WHERE id BETWEEN 8707220 AND 8707319
	Index Scan using sbtest3_pkey on sbtest3  (cost=0.43..441.93 rows=113 width=121)
	  Index Cond: ((id >= 8707220) AND (id <= 8707319))

table 4 : explain SELECT c FROM sbtest4 WHERE id BETWEEN 4840323 AND 4840422
	Index Scan using sbtest4_pkey on sbtest4  (cost=0.43..397.78 rows=102 width=121)
	  Index Cond: ((id >= 4840323) AND (id <= 4840422))

table 5 : explain SELECT c FROM sbtest5 WHERE id BETWEEN 1354853 AND 1354952
	Index Scan using sbtest5_pkey on sbtest5  (cost=0.43..404.92 rows=104 width=121)
	  Index Cond: ((id >= 1354853) AND (id <= 1354952))

table 6 : explain SELECT c FROM sbtest6 WHERE id BETWEEN 7861234 AND 7861333
	Index Scan using sbtest6_pkey on sbtest6  (cost=0.43..386.06 rows=99 width=121)
	  Index Cond: ((id >= 7861234) AND (id <= 7861333))

table 7 : explain SELECT c FROM sbtest7 WHERE id BETWEEN 2679082 AND 2679181
	Index Scan using sbtest7_pkey on sbtest7  (cost=0.43..354.12 rows=91 width=121)
	  Index Cond: ((id >= 2679082) AND (id <= 2679181))

table 8 : explain SELECT c FROM sbtest8 WHERE id BETWEEN 4324226 AND 4324325
	Index Scan using sbtest8_pkey on sbtest8  (cost=0.43..369.82 rows=95 width=121)
	  Index Cond: ((id >= 4324226) AND (id <= 4324325))

for inserts
table 1 : explain INSERT INTO sbtest1 (id, k, c, pad) VALUES (9098533, 13, 'foobar', 'foobar')
	Insert on sbtest1  (cost=0.00..0.01 rows=0 width=0)
	  ->  Result  (cost=0.00..0.01 rows=1 width=736)

table 2 : explain INSERT INTO sbtest2 (id, k, c, pad) VALUES (6370897, 13, 'foobar', 'foobar')
	Insert on sbtest2  (cost=0.00..0.01 rows=0 width=0)
	  ->  Result  (cost=0.00..0.01 rows=1 width=736)

table 3 : explain INSERT INTO sbtest3 (id, k, c, pad) VALUES (9760018, 13, 'foobar', 'foobar')
	Insert on sbtest3  (cost=0.00..0.01 rows=0 width=0)
	  ->  Result  (cost=0.00..0.01 rows=1 width=736)

table 4 : explain INSERT INTO sbtest4 (id, k, c, pad) VALUES (9493329, 13, 'foobar', 'foobar')
	Insert on sbtest4  (cost=0.00..0.01 rows=0 width=0)
	  ->  Result  (cost=0.00..0.01 rows=1 width=736)

table 5 : explain INSERT INTO sbtest5 (id, k, c, pad) VALUES (4639420, 13, 'foobar', 'foobar')
	Insert on sbtest5  (cost=0.00..0.01 rows=0 width=0)
	  ->  Result  (cost=0.00..0.01 rows=1 width=736)

table 6 : explain INSERT INTO sbtest6 (id, k, c, pad) VALUES (9786889, 13, 'foobar', 'foobar')
	Insert on sbtest6  (cost=0.00..0.01 rows=0 width=0)
	  ->  Result  (cost=0.00..0.01 rows=1 width=736)

table 7 : explain INSERT INTO sbtest7 (id, k, c, pad) VALUES (3770565, 13, 'foobar', 'foobar')
	Insert on sbtest7  (cost=0.00..0.01 rows=0 width=0)
	  ->  Result  (cost=0.00..0.01 rows=1 width=736)

table 8 : explain INSERT INTO sbtest8 (id, k, c, pad) VALUES (7772622, 13, 'foobar', 'foobar')
	Insert on sbtest8  (cost=0.00..0.01 rows=0 width=0)
	  ->  Result  (cost=0.00..0.01 rows=1 width=736)

for point_selects
table 1 : explain SELECT c FROM sbtest1 WHERE id=8504730
	Index Scan using sbtest1_pkey on sbtest1  (cost=0.43..8.45 rows=1 width=121)
	  Index Cond: (id = 8504730)

table 2 : explain SELECT c FROM sbtest2 WHERE id=3771331
	Index Scan using sbtest2_pkey on sbtest2  (cost=0.43..8.45 rows=1 width=121)
	  Index Cond: (id = 3771331)

table 3 : explain SELECT c FROM sbtest3 WHERE id=4090547
	Index Scan using sbtest3_pkey on sbtest3  (cost=0.43..8.45 rows=1 width=121)
	  Index Cond: (id = 4090547)

table 4 : explain SELECT c FROM sbtest4 WHERE id=4598267
	Index Scan using sbtest4_pkey on sbtest4  (cost=0.43..8.45 rows=1 width=121)
	  Index Cond: (id = 4598267)

table 5 : explain SELECT c FROM sbtest5 WHERE id=6576274
	Index Scan using sbtest5_pkey on sbtest5  (cost=0.43..8.45 rows=1 width=121)
	  Index Cond: (id = 6576274)

table 6 : explain SELECT c FROM sbtest6 WHERE id=6400412
	Index Scan using sbtest6_pkey on sbtest6  (cost=0.43..8.45 rows=1 width=121)
	  Index Cond: (id = 6400412)

table 7 : explain SELECT c FROM sbtest7 WHERE id=9763152
	Index Scan using sbtest7_pkey on sbtest7  (cost=0.43..8.45 rows=1 width=121)
	  Index Cond: (id = 9763152)

table 8 : explain SELECT c FROM sbtest8 WHERE id=103853
	Index Scan using sbtest8_pkey on sbtest8  (cost=0.43..8.45 rows=1 width=121)
	  Index Cond: (id = 103853)

for: simple_ranges
table 1 : explain SELECT c FROM sbtest1 WHERE id BETWEEN 5580591 AND 5580690
	Index Scan using sbtest1_pkey on sbtest1  (cost=0.43..367.87 rows=94 width=121)
	  Index Cond: ((id >= 5580591) AND (id <= 5580690))

table 2 : explain SELECT c FROM sbtest2 WHERE id BETWEEN 2818695 AND 2818794
	Index Scan using sbtest2_pkey on sbtest2  (cost=0.43..413.34 rows=106 width=121)
	  Index Cond: ((id >= 2818695) AND (id <= 2818794))

table 3 : explain SELECT c FROM sbtest3 WHERE id BETWEEN 7730783 AND 7730882
	Index Scan using sbtest3_pkey on sbtest3  (cost=0.43..399.37 rows=102 width=121)
	  Index Cond: ((id >= 7730783) AND (id <= 7730882))

table 4 : explain SELECT c FROM sbtest4 WHERE id BETWEEN 507431 AND 507530
	Index Scan using sbtest4_pkey on sbtest4  (cost=0.43..378.47 rows=97 width=121)
	  Index Cond: ((id >= 507431) AND (id <= 507530))

table 5 : explain SELECT c FROM sbtest5 WHERE id BETWEEN 5504 AND 5603
	Index Scan using sbtest5_pkey on sbtest5  (cost=0.43..351.01 rows=90 width=121)
	  Index Cond: ((id >= 5504) AND (id <= 5603))

table 6 : explain SELECT c FROM sbtest6 WHERE id BETWEEN 2950916 AND 2951015
	Index Scan using sbtest6_pkey on sbtest6  (cost=0.43..386.06 rows=99 width=121)
	  Index Cond: ((id >= 2950916) AND (id <= 2951015))

table 7 : explain SELECT c FROM sbtest7 WHERE id BETWEEN 8880628 AND 8880727
	Index Scan using sbtest7_pkey on sbtest7  (cost=0.43..365.64 rows=94 width=121)
	  Index Cond: ((id >= 8880628) AND (id <= 8880727))

table 8 : explain SELECT c FROM sbtest8 WHERE id BETWEEN 7257658 AND 7257757
	Index Scan using sbtest8_pkey on sbtest8  (cost=0.43..396.77 rows=102 width=121)
	  Index Cond: ((id >= 7257658) AND (id <= 7257757))

for point_selects
table 1 : explain SELECT c FROM sbtest1 WHERE id=2130186
	Index Scan using sbtest1_pkey on sbtest1  (cost=0.43..8.45 rows=1 width=121)
	  Index Cond: (id = 2130186)

table 2 : explain SELECT c FROM sbtest2 WHERE id=1485058
	Index Scan using sbtest2_pkey on sbtest2  (cost=0.43..8.45 rows=1 width=121)
	  Index Cond: (id = 1485058)

table 3 : explain SELECT c FROM sbtest3 WHERE id=2446761
	Index Scan using sbtest3_pkey on sbtest3  (cost=0.43..8.45 rows=1 width=121)
	  Index Cond: (id = 2446761)

table 4 : explain SELECT c FROM sbtest4 WHERE id=9015745
	Index Scan using sbtest4_pkey on sbtest4  (cost=0.43..8.45 rows=1 width=121)
	  Index Cond: (id = 9015745)

table 5 : explain SELECT c FROM sbtest5 WHERE id=4577668
	Index Scan using sbtest5_pkey on sbtest5  (cost=0.43..8.45 rows=1 width=121)
	  Index Cond: (id = 4577668)

table 6 : explain SELECT c FROM sbtest6 WHERE id=1954748
	Index Scan using sbtest6_pkey on sbtest6  (cost=0.43..8.45 rows=1 width=121)
	  Index Cond: (id = 1954748)

table 7 : explain SELECT c FROM sbtest7 WHERE id=2593978
	Index Scan using sbtest7_pkey on sbtest7  (cost=0.43..8.45 rows=1 width=121)
	  Index Cond: (id = 2593978)

table 8 : explain SELECT c FROM sbtest8 WHERE id=8423070
	Index Scan using sbtest8_pkey on sbtest8  (cost=0.43..8.45 rows=1 width=121)
	  Index Cond: (id = 8423070)

explain: for point_selects :: explain SELECT c FROM sbtest%u WHERE id=%u
for deletes
table 1 : explain DELETE FROM sbtest1 WHERE id=3277035
	Delete on sbtest1  (cost=0.43..8.45 rows=0 width=0)
	  ->  Index Scan using sbtest1_pkey on sbtest1  (cost=0.43..8.45 rows=1 width=6)
	        Index Cond: (id = 3277035)

table 2 : explain DELETE FROM sbtest2 WHERE id=744208
	Delete on sbtest2  (cost=0.43..8.45 rows=0 width=0)
	  ->  Index Scan using sbtest2_pkey on sbtest2  (cost=0.43..8.45 rows=1 width=6)
	        Index Cond: (id = 744208)

table 3 : explain DELETE FROM sbtest3 WHERE id=6982158
	Delete on sbtest3  (cost=0.43..8.45 rows=0 width=0)
	  ->  Index Scan using sbtest3_pkey on sbtest3  (cost=0.43..8.45 rows=1 width=6)
	        Index Cond: (id = 6982158)

table 4 : explain DELETE FROM sbtest4 WHERE id=2772059
	Delete on sbtest4  (cost=0.43..8.45 rows=0 width=0)
	  ->  Index Scan using sbtest4_pkey on sbtest4  (cost=0.43..8.45 rows=1 width=6)
	        Index Cond: (id = 2772059)

table 5 : explain DELETE FROM sbtest5 WHERE id=2967278
	Delete on sbtest5  (cost=0.43..8.45 rows=0 width=0)
	  ->  Index Scan using sbtest5_pkey on sbtest5  (cost=0.43..8.45 rows=1 width=6)
	        Index Cond: (id = 2967278)

table 6 : explain DELETE FROM sbtest6 WHERE id=5799362
	Delete on sbtest6  (cost=0.43..8.45 rows=0 width=0)
	  ->  Index Scan using sbtest6_pkey on sbtest6  (cost=0.43..8.45 rows=1 width=6)
	        Index Cond: (id = 5799362)

table 7 : explain DELETE FROM sbtest7 WHERE id=3113939
	Delete on sbtest7  (cost=0.43..8.45 rows=0 width=0)
	  ->  Index Scan using sbtest7_pkey on sbtest7  (cost=0.43..8.45 rows=1 width=6)
	        Index Cond: (id = 3113939)

table 8 : explain DELETE FROM sbtest8 WHERE id=7742246
	Delete on sbtest8  (cost=0.43..8.45 rows=0 width=0)
	  ->  Index Scan using sbtest8_pkey on sbtest8  (cost=0.43..8.45 rows=1 width=6)
	        Index Cond: (id = 7742246)

explain: for point_selects :: explain SELECT c FROM sbtest%u WHERE id=%u
for: sum_ranges
table 1 : explain SELECT SUM(k) FROM sbtest1 WHERE id BETWEEN 1334190 AND 1334289
	Aggregate  (cost=379.70..379.71 rows=1 width=8)
	  ->  Index Scan using sbtest1_pkey on sbtest1  (cost=0.43..379.46 rows=97 width=4)
	        Index Cond: ((id >= 1334190) AND (id <= 1334289))

table 2 : explain SELECT SUM(k) FROM sbtest2 WHERE id BETWEEN 8624532 AND 8624631
	Aggregate  (cost=402.03..402.04 rows=1 width=8)
	  ->  Index Scan using sbtest2_pkey on sbtest2  (cost=0.43..401.77 rows=103 width=4)
	        Index Cond: ((id >= 8624532) AND (id <= 8624631))

table 3 : explain SELECT SUM(k) FROM sbtest3 WHERE id BETWEEN 9424405 AND 9424504
	Aggregate  (cost=368.61..368.62 rows=1 width=8)
	  ->  Index Scan using sbtest3_pkey on sbtest3  (cost=0.43..368.38 rows=94 width=4)
	        Index Cond: ((id >= 9424405) AND (id <= 9424504))

table 4 : explain SELECT SUM(k) FROM sbtest4 WHERE id BETWEEN 1518325 AND 1518424
	Aggregate  (cost=398.03..398.04 rows=1 width=8)
	  ->  Index Scan using sbtest4_pkey on sbtest4  (cost=0.43..397.78 rows=102 width=4)
	        Index Cond: ((id >= 1518325) AND (id <= 1518424))

table 5 : explain SELECT SUM(k) FROM sbtest5 WHERE id BETWEEN 7842447 AND 7842546
	Aggregate  (cost=420.58..420.59 rows=1 width=8)
	  ->  Index Scan using sbtest5_pkey on sbtest5  (cost=0.43..420.31 rows=108 width=4)
	        Index Cond: ((id >= 7842447) AND (id <= 7842546))

table 6 : explain SELECT SUM(k) FROM sbtest6 WHERE id BETWEEN 6607998 AND 6608097
	Aggregate  (cost=417.19..417.20 rows=1 width=8)
	  ->  Index Scan using sbtest6_pkey on sbtest6  (cost=0.43..416.92 rows=107 width=4)
	        Index Cond: ((id >= 6607998) AND (id <= 6608097))

table 7 : explain SELECT SUM(k) FROM sbtest7 WHERE id BETWEEN 9468027 AND 9468126
	Aggregate  (cost=354.34..354.35 rows=1 width=8)
	  ->  Index Scan using sbtest7_pkey on sbtest7  (cost=0.43..354.12 rows=91 width=4)
	        Index Cond: ((id >= 9468027) AND (id <= 9468126))

table 8 : explain SELECT SUM(k) FROM sbtest8 WHERE id BETWEEN 8639419 AND 8639518
	Aggregate  (cost=408.56..408.57 rows=1 width=8)
	  ->  Index Scan using sbtest8_pkey on sbtest8  (cost=0.43..408.30 rows=105 width=4)
	        Index Cond: ((id >= 8639419) AND (id <= 8639518))

for: simple_ranges
table 1 : explain SELECT c FROM sbtest1 WHERE id BETWEEN 4123903 AND 4124002
	Index Scan using sbtest1_pkey on sbtest1  (cost=0.43..336.96 rows=86 width=121)
	  Index Cond: ((id >= 4123903) AND (id <= 4124002))

table 2 : explain SELECT c FROM sbtest2 WHERE id BETWEEN 5805349 AND 5805448
	Index Scan using sbtest2_pkey on sbtest2  (cost=0.43..394.02 rows=101 width=121)
	  Index Cond: ((id >= 5805349) AND (id <= 5805448))

table 3 : explain SELECT c FROM sbtest3 WHERE id BETWEEN 89642 AND 89741
	Index Scan using sbtest3_pkey on sbtest3  (cost=0.43..387.72 rows=99 width=121)
	  Index Cond: ((id >= 89642) AND (id <= 89741))

table 4 : explain SELECT c FROM sbtest4 WHERE id BETWEEN 6280599 AND 6280698
	Index Scan using sbtest4_pkey on sbtest4  (cost=0.43..401.63 rows=103 width=121)
	  Index Cond: ((id >= 6280599) AND (id <= 6280698))

table 5 : explain SELECT c FROM sbtest5 WHERE id BETWEEN 785455 AND 785554
	Index Scan using sbtest5_pkey on sbtest5  (cost=0.43..397.22 rows=102 width=121)
	  Index Cond: ((id >= 785455) AND (id <= 785554))

table 6 : explain SELECT c FROM sbtest6 WHERE id BETWEEN 9698962 AND 9699061
	Index Scan using sbtest6_pkey on sbtest6  (cost=0.43..386.06 rows=99 width=121)
	  Index Cond: ((id >= 9698962) AND (id <= 9699061))

table 7 : explain SELECT c FROM sbtest7 WHERE id BETWEEN 7281539 AND 7281638
	Index Scan using sbtest7_pkey on sbtest7  (cost=0.43..381.00 rows=98 width=121)
	  Index Cond: ((id >= 7281539) AND (id <= 7281638))

table 8 : explain SELECT c FROM sbtest8 WHERE id BETWEEN 4805961 AND 4806060
	Index Scan using sbtest8_pkey on sbtest8  (cost=0.43..404.46 rows=104 width=121)
	  Index Cond: ((id >= 4805961) AND (id <= 4806060))

for point_selects
table 1 : explain SELECT c FROM sbtest1 WHERE id=4212742
	Index Scan using sbtest1_pkey on sbtest1  (cost=0.43..8.45 rows=1 width=121)
	  Index Cond: (id = 4212742)

table 2 : explain SELECT c FROM sbtest2 WHERE id=8336169
	Index Scan using sbtest2_pkey on sbtest2  (cost=0.43..8.45 rows=1 width=121)
	  Index Cond: (id = 8336169)

table 3 : explain SELECT c FROM sbtest3 WHERE id=1946421
	Index Scan using sbtest3_pkey on sbtest3  (cost=0.43..8.45 rows=1 width=121)
	  Index Cond: (id = 1946421)

table 4 : explain SELECT c FROM sbtest4 WHERE id=2212269
	Index Scan using sbtest4_pkey on sbtest4  (cost=0.43..8.45 rows=1 width=121)
	  Index Cond: (id = 2212269)

table 5 : explain SELECT c FROM sbtest5 WHERE id=2610760
	Index Scan using sbtest5_pkey on sbtest5  (cost=0.43..8.45 rows=1 width=121)
	  Index Cond: (id = 2610760)

table 6 : explain SELECT c FROM sbtest6 WHERE id=1185372
	Index Scan using sbtest6_pkey on sbtest6  (cost=0.43..8.45 rows=1 width=121)
	  Index Cond: (id = 1185372)

table 7 : explain SELECT c FROM sbtest7 WHERE id=1716410
	Index Scan using sbtest7_pkey on sbtest7  (cost=0.43..8.45 rows=1 width=121)
	  Index Cond: (id = 1716410)

table 8 : explain SELECT c FROM sbtest8 WHERE id=9186057
	Index Scan using sbtest8_pkey on sbtest8  (cost=0.43..8.45 rows=1 width=121)
	  Index Cond: (id = 9186057)

for: sum_ranges
table 1 : explain SELECT SUM(k) FROM sbtest1 WHERE id BETWEEN 6232605 AND 6232704
	Aggregate  (cost=352.64..352.65 rows=1 width=8)
	  ->  Index Scan using sbtest1_pkey on sbtest1  (cost=0.43..352.41 rows=90 width=4)
	        Index Cond: ((id >= 6232605) AND (id <= 6232704))

table 2 : explain SELECT SUM(k) FROM sbtest2 WHERE id BETWEEN 4819156 AND 4819255
	Aggregate  (cost=378.85..378.86 rows=1 width=8)
	  ->  Index Scan using sbtest2_pkey on sbtest2  (cost=0.43..378.60 rows=97 width=4)
	        Index Cond: ((id >= 4819156) AND (id <= 4819255))

table 3 : explain SELECT SUM(k) FROM sbtest3 WHERE id BETWEEN 543218 AND 543317
	Aggregate  (cost=380.23..380.24 rows=1 width=8)
	  ->  Index Scan using sbtest3_pkey on sbtest3  (cost=0.43..379.99 rows=97 width=4)
	        Index Cond: ((id >= 543218) AND (id <= 543317))

table 4 : explain SELECT SUM(k) FROM sbtest4 WHERE id BETWEEN 8821803 AND 8821902
	Aggregate  (cost=382.57..382.58 rows=1 width=8)
	  ->  Index Scan using sbtest4_pkey on sbtest4  (cost=0.43..382.32 rows=98 width=4)
	        Index Cond: ((id >= 8821803) AND (id <= 8821902))

table 5 : explain SELECT SUM(k) FROM sbtest5 WHERE id BETWEEN 8177159 AND 8177258
	Aggregate  (cost=378.18..378.19 rows=1 width=8)
	  ->  Index Scan using sbtest5_pkey on sbtest5  (cost=0.43..377.94 rows=97 width=4)
	        Index Cond: ((id >= 8177159) AND (id <= 8177258))

table 6 : explain SELECT SUM(k) FROM sbtest6 WHERE id BETWEEN 2931649 AND 2931748
	Aggregate  (cost=370.89..370.90 rows=1 width=8)
	  ->  Index Scan using sbtest6_pkey on sbtest6  (cost=0.43..370.65 rows=95 width=4)
	        Index Cond: ((id >= 2931649) AND (id <= 2931748))

table 7 : explain SELECT SUM(k) FROM sbtest7 WHERE id BETWEEN 1770706 AND 1770805
	Aggregate  (cost=412.02..412.03 rows=1 width=8)
	  ->  Index Scan using sbtest7_pkey on sbtest7  (cost=0.43..411.76 rows=106 width=4)
	        Index Cond: ((id >= 1770706) AND (id <= 1770805))

table 8 : explain SELECT SUM(k) FROM sbtest8 WHERE id BETWEEN 6074894 AND 6074993
	Aggregate  (cost=366.21..366.22 rows=1 width=8)
	  ->  Index Scan using sbtest8_pkey on sbtest8  (cost=0.43..365.98 rows=94 width=4)
	        Index Cond: ((id >= 6074894) AND (id <= 6074993))

explain: for inserts :: explain INSERT INTO sbtest%u (id, k, c, pad) VALUES (%u, 13, 'foobar', 'foobar')
for: order_ranges
table 1 : explain SELECT c FROM sbtest1 WHERE id BETWEEN 6523152 AND 6523251 ORDER BY c
	Sort  (cost=398.27..398.53 rows=101 width=121)
	  Sort Key: c
	  ->  Index Scan using sbtest1_pkey on sbtest1  (cost=0.43..394.91 rows=101 width=121)
	        Index Cond: ((id >= 6523152) AND (id <= 6523251))

table 2 : explain SELECT c FROM sbtest2 WHERE id BETWEEN 7099804 AND 7099903 ORDER BY c
	Sort  (cost=401.32..401.58 rows=102 width=121)
	  Sort Key: c
	  ->  Index Scan using sbtest2_pkey on sbtest2  (cost=0.43..397.92 rows=102 width=121)
	        Index Cond: ((id >= 7099804) AND (id <= 7099903))

table 3 : explain SELECT c FROM sbtest3 WHERE id BETWEEN 8848020 AND 8848119 ORDER BY c
	Sort  (cost=402.77..403.03 rows=102 width=121)
	  Sort Key: c
	  ->  Index Scan using sbtest3_pkey on sbtest3  (cost=0.43..399.37 rows=102 width=121)
	        Index Cond: ((id >= 8848020) AND (id <= 8848119))

table 4 : explain SELECT c FROM sbtest4 WHERE id BETWEEN 1928260 AND 1928359 ORDER BY c
	Sort  (cost=408.97..409.23 rows=104 width=121)
	  Sort Key: c
	  ->  Index Scan using sbtest4_pkey on sbtest4  (cost=0.43..405.49 rows=104 width=121)
	        Index Cond: ((id >= 1928260) AND (id <= 1928359))

table 5 : explain SELECT c FROM sbtest5 WHERE id BETWEEN 505956 AND 506055 ORDER BY c
	Sort  (cost=388.92..389.17 rows=99 width=121)
	  Sort Key: c
	  ->  Index Scan using sbtest5_pkey on sbtest5  (cost=0.43..385.64 rows=99 width=121)
	        Index Cond: ((id >= 505956) AND (id <= 506055))

table 6 : explain SELECT c FROM sbtest6 WHERE id BETWEEN 6144435 AND 6144534 ORDER BY c
	Sort  (cost=404.95..405.21 rows=103 width=121)
	  Sort Key: c
	  ->  Index Scan using sbtest6_pkey on sbtest6  (cost=0.43..401.51 rows=103 width=121)
	        Index Cond: ((id >= 6144435) AND (id <= 6144534))

table 7 : explain SELECT c FROM sbtest7 WHERE id BETWEEN 1943055 AND 1943154 ORDER BY c
	Sort  (cost=372.60..372.83 rows=95 width=121)
	  Sort Key: c
	  ->  Index Scan using sbtest7_pkey on sbtest7  (cost=0.43..369.48 rows=95 width=121)
	        Index Cond: ((id >= 1943055) AND (id <= 1943154))

table 8 : explain SELECT c FROM sbtest8 WHERE id BETWEEN 5426821 AND 5426920 ORDER BY c
	Sort  (cost=369.06..369.29 rows=94 width=121)
	  Sort Key: c
	  ->  Index Scan using sbtest8_pkey on sbtest8  (cost=0.43..365.98 rows=94 width=121)
	        Index Cond: ((id >= 5426821) AND (id <= 5426920))

for: sum_ranges
table 1 : explain SELECT SUM(k) FROM sbtest1 WHERE id BETWEEN 9758419 AND 9758518
	Aggregate  (cost=414.54..414.55 rows=1 width=8)
	  ->  Index Scan using sbtest1_pkey on sbtest1  (cost=0.43..414.27 rows=106 width=4)
	        Index Cond: ((id >= 9758419) AND (id <= 9758518))

table 2 : explain SELECT SUM(k) FROM sbtest2 WHERE id BETWEEN 9823738 AND 9823837
	Aggregate  (cost=402.03..402.04 rows=1 width=8)
	  ->  Index Scan using sbtest2_pkey on sbtest2  (cost=0.43..401.77 rows=103 width=4)
	        Index Cond: ((id >= 9823738) AND (id <= 9823837))

table 3 : explain SELECT SUM(k) FROM sbtest3 WHERE id BETWEEN 8708448 AND 8708547
	Aggregate  (cost=442.22..442.23 rows=1 width=8)
	  ->  Index Scan using sbtest3_pkey on sbtest3  (cost=0.43..441.93 rows=113 width=4)
	        Index Cond: ((id >= 8708448) AND (id <= 8708547))

table 4 : explain SELECT SUM(k) FROM sbtest4 WHERE id BETWEEN 2502604 AND 2502703
	Aggregate  (cost=374.86..374.87 rows=1 width=8)
	  ->  Index Scan using sbtest4_pkey on sbtest4  (cost=0.43..374.62 rows=96 width=4)
	        Index Cond: ((id >= 2502604) AND (id <= 2502703))

table 5 : explain SELECT SUM(k) FROM sbtest5 WHERE id BETWEEN 7172314 AND 7172413
	Aggregate  (cost=393.59..393.60 rows=1 width=8)
	  ->  Index Scan using sbtest5_pkey on sbtest5  (cost=0.43..393.33 rows=101 width=4)
	        Index Cond: ((id >= 7172314) AND (id <= 7172413))

table 6 : explain SELECT SUM(k) FROM sbtest6 WHERE id BETWEEN 4585434 AND 4585533
	Aggregate  (cost=401.77..401.78 rows=1 width=8)
	  ->  Index Scan using sbtest6_pkey on sbtest6  (cost=0.43..401.51 rows=103 width=4)
	        Index Cond: ((id >= 4585434) AND (id <= 4585533))

table 7 : explain SELECT SUM(k) FROM sbtest7 WHERE id BETWEEN 2599318 AND 2599417
	Aggregate  (cost=396.65..396.66 rows=1 width=8)
	  ->  Index Scan using sbtest7_pkey on sbtest7  (cost=0.43..396.40 rows=102 width=4)
	        Index Cond: ((id >= 2599318) AND (id <= 2599417))

table 8 : explain SELECT SUM(k) FROM sbtest8 WHERE id BETWEEN 3645737 AND 3645836
	Aggregate  (cost=400.87..400.88 rows=1 width=8)
	  ->  Index Scan using sbtest8_pkey on sbtest8  (cost=0.43..400.61 rows=103 width=4)
	        Index Cond: ((id >= 3645737) AND (id <= 3645836))

for inserts
table 1 : explain INSERT INTO sbtest1 (id, k, c, pad) VALUES (751026, 13, 'foobar', 'foobar')
	Insert on sbtest1  (cost=0.00..0.01 rows=0 width=0)
	  ->  Result  (cost=0.00..0.01 rows=1 width=736)

table 2 : explain INSERT INTO sbtest2 (id, k, c, pad) VALUES (9985353, 13, 'foobar', 'foobar')
	Insert on sbtest2  (cost=0.00..0.01 rows=0 width=0)
	  ->  Result  (cost=0.00..0.01 rows=1 width=736)

table 3 : explain INSERT INTO sbtest3 (id, k, c, pad) VALUES (9460020, 13, 'foobar', 'foobar')
	Insert on sbtest3  (cost=0.00..0.01 rows=0 width=0)
	  ->  Result  (cost=0.00..0.01 rows=1 width=736)

table 4 : explain INSERT INTO sbtest4 (id, k, c, pad) VALUES (142322, 13, 'foobar', 'foobar')
	Insert on sbtest4  (cost=0.00..0.01 rows=0 width=0)
	  ->  Result  (cost=0.00..0.01 rows=1 width=736)

table 5 : explain INSERT INTO sbtest5 (id, k, c, pad) VALUES (8325034, 13, 'foobar', 'foobar')
	Insert on sbtest5  (cost=0.00..0.01 rows=0 width=0)
	  ->  Result  (cost=0.00..0.01 rows=1 width=736)

table 6 : explain INSERT INTO sbtest6 (id, k, c, pad) VALUES (1082691, 13, 'foobar', 'foobar')
	Insert on sbtest6  (cost=0.00..0.01 rows=0 width=0)
	  ->  Result  (cost=0.00..0.01 rows=1 width=736)

table 7 : explain INSERT INTO sbtest7 (id, k, c, pad) VALUES (1909461, 13, 'foobar', 'foobar')
	Insert on sbtest7  (cost=0.00..0.01 rows=0 width=0)
	  ->  Result  (cost=0.00..0.01 rows=1 width=736)

table 8 : explain INSERT INTO sbtest8 (id, k, c, pad) VALUES (9631848, 13, 'foobar', 'foobar')
	Insert on sbtest8  (cost=0.00..0.01 rows=0 width=0)
	  ->  Result  (cost=0.00..0.01 rows=1 width=736)

for: simple_ranges
table 1 : explain SELECT c FROM sbtest1 WHERE id BETWEEN 4914080 AND 4914179
	Index Scan using sbtest1_pkey on sbtest1  (cost=0.43..348.55 rows=89 width=121)
	  Index Cond: ((id >= 4914080) AND (id <= 4914179))

table 2 : explain SELECT c FROM sbtest2 WHERE id BETWEEN 6570173 AND 6570272
	Index Scan using sbtest2_pkey on sbtest2  (cost=0.43..401.77 rows=103 width=121)
	  Index Cond: ((id >= 6570173) AND (id <= 6570272))

table 3 : explain SELECT c FROM sbtest3 WHERE id BETWEEN 6417798 AND 6417897
	Index Scan using sbtest3_pkey on sbtest3  (cost=0.43..376.12 rows=96 width=121)
	  Index Cond: ((id >= 6417798) AND (id <= 6417897))

table 4 : explain SELECT c FROM sbtest4 WHERE id BETWEEN 7784176 AND 7784275
	Index Scan using sbtest4_pkey on sbtest4  (cost=0.43..424.75 rows=109 width=121)
	  Index Cond: ((id >= 7784176) AND (id <= 7784275))

table 5 : explain SELECT c FROM sbtest5 WHERE id BETWEEN 7712619 AND 7712718
	Index Scan using sbtest5_pkey on sbtest5  (cost=0.43..389.49 rows=100 width=121)
	  Index Cond: ((id >= 7712619) AND (id <= 7712718))

table 6 : explain SELECT c FROM sbtest6 WHERE id BETWEEN 565633 AND 565732
	Index Scan using sbtest6_pkey on sbtest6  (cost=0.43..405.36 rows=104 width=121)
	  Index Cond: ((id >= 565633) AND (id <= 565732))

table 7 : explain SELECT c FROM sbtest7 WHERE id BETWEEN 1113739 AND 1113838
	Index Scan using sbtest7_pkey on sbtest7  (cost=0.43..415.60 rows=107 width=121)
	  Index Cond: ((id >= 1113739) AND (id <= 1113838))

table 8 : explain SELECT c FROM sbtest8 WHERE id BETWEEN 4758660 AND 4758759
	Index Scan using sbtest8_pkey on sbtest8  (cost=0.43..404.46 rows=104 width=121)
	  Index Cond: ((id >= 4758660) AND (id <= 4758759))

for point_selects
table 1 : explain SELECT c FROM sbtest1 WHERE id=4052931
	Index Scan using sbtest1_pkey on sbtest1  (cost=0.43..8.45 rows=1 width=121)
	  Index Cond: (id = 4052931)

table 2 : explain SELECT c FROM sbtest2 WHERE id=4228210
	Index Scan using sbtest2_pkey on sbtest2  (cost=0.43..8.45 rows=1 width=121)
	  Index Cond: (id = 4228210)

table 3 : explain SELECT c FROM sbtest3 WHERE id=1732689
	Index Scan using sbtest3_pkey on sbtest3  (cost=0.43..8.45 rows=1 width=121)
	  Index Cond: (id = 1732689)

table 4 : explain SELECT c FROM sbtest4 WHERE id=1272195
	Index Scan using sbtest4_pkey on sbtest4  (cost=0.43..8.45 rows=1 width=121)
	  Index Cond: (id = 1272195)

table 5 : explain SELECT c FROM sbtest5 WHERE id=5365534
	Index Scan using sbtest5_pkey on sbtest5  (cost=0.43..8.45 rows=1 width=121)
	  Index Cond: (id = 5365534)

table 6 : explain SELECT c FROM sbtest6 WHERE id=1322649
	Index Scan using sbtest6_pkey on sbtest6  (cost=0.43..8.45 rows=1 width=121)
	  Index Cond: (id = 1322649)

table 7 : explain SELECT c FROM sbtest7 WHERE id=2380174
	Index Scan using sbtest7_pkey on sbtest7  (cost=0.43..8.45 rows=1 width=121)
	  Index Cond: (id = 2380174)

table 8 : explain SELECT c FROM sbtest8 WHERE id=5638355
	Index Scan using sbtest8_pkey on sbtest8  (cost=0.43..8.45 rows=1 width=121)
	  Index Cond: (id = 5638355)

for: order_ranges
table 1 : explain SELECT c FROM sbtest1 WHERE id BETWEEN 1832392 AND 1832491 ORDER BY c
	Sort  (cost=394.37..394.62 rows=100 width=121)
	  Sort Key: c
	  ->  Index Scan using sbtest1_pkey on sbtest1  (cost=0.43..391.05 rows=100 width=121)
	        Index Cond: ((id >= 1832392) AND (id <= 1832491))

table 2 : explain SELECT c FROM sbtest2 WHERE id BETWEEN 4057995 AND 4058094 ORDER BY c
	Sort  (cost=405.22..405.47 rows=103 width=121)
	  Sort Key: c
	  ->  Index Scan using sbtest2_pkey on sbtest2  (cost=0.43..401.77 rows=103 width=121)
	        Index Cond: ((id >= 4057995) AND (id <= 4058094))

table 3 : explain SELECT c FROM sbtest3 WHERE id BETWEEN 125420 AND 125519 ORDER BY c
	Sort  (cost=398.83..399.08 rows=101 width=121)
	  Sort Key: c
	  ->  Index Scan using sbtest3_pkey on sbtest3  (cost=0.43..395.46 rows=101 width=121)
	        Index Cond: ((id >= 125420) AND (id <= 125519))

table 4 : explain SELECT c FROM sbtest4 WHERE id BETWEEN 1348932 AND 1349031 ORDER BY c
	Sort  (cost=416.76..417.02 rows=106 width=121)
	  Sort Key: c
	  ->  Index Scan using sbtest4_pkey on sbtest4  (cost=0.43..413.19 rows=106 width=121)
	        Index Cond: ((id >= 1348932) AND (id <= 1349031))

table 5 : explain SELECT c FROM sbtest5 WHERE id BETWEEN 4044521 AND 4044620 ORDER BY c
	Sort  (cost=400.63..400.88 rows=102 width=121)
	  Sort Key: c
	  ->  Index Scan using sbtest5_pkey on sbtest5  (cost=0.43..397.22 rows=102 width=121)
	        Index Cond: ((id >= 4044521) AND (id <= 4044620))

table 6 : explain SELECT c FROM sbtest6 WHERE id BETWEEN 7151374 AND 7151473 ORDER BY c
	Sort  (cost=377.66..377.90 rows=96 width=121)
	  Sort Key: c
	  ->  Index Scan using sbtest6_pkey on sbtest6  (cost=0.43..374.50 rows=96 width=121)
	        Index Cond: ((id >= 7151374) AND (id <= 7151473))

table 7 : explain SELECT c FROM sbtest7 WHERE id BETWEEN 124451 AND 124550 ORDER BY c
	Sort  (cost=395.92..396.17 rows=101 width=121)
	  Sort Key: c
	  ->  Index Scan using sbtest7_pkey on sbtest7  (cost=0.43..392.56 rows=101 width=121)
	        Index Cond: ((id >= 124451) AND (id <= 124550))

table 8 : explain SELECT c FROM sbtest8 WHERE id BETWEEN 3894283 AND 3894382 ORDER BY c
	Sort  (cost=407.94..408.20 rows=104 width=121)
	  Sort Key: c
	  ->  Index Scan using sbtest8_pkey on sbtest8  (cost=0.43..404.46 rows=104 width=121)
	        Index Cond: ((id >= 3894283) AND (id <= 3894382))

for point_selects
table 1 : explain SELECT c FROM sbtest1 WHERE id=3000666
	Index Scan using sbtest1_pkey on sbtest1  (cost=0.43..8.45 rows=1 width=121)
	  Index Cond: (id = 3000666)

table 2 : explain SELECT c FROM sbtest2 WHERE id=4582676
	Index Scan using sbtest2_pkey on sbtest2  (cost=0.43..8.45 rows=1 width=121)
	  Index Cond: (id = 4582676)

table 3 : explain SELECT c FROM sbtest3 WHERE id=3821347
	Index Scan using sbtest3_pkey on sbtest3  (cost=0.43..8.45 rows=1 width=121)
	  Index Cond: (id = 3821347)

table 4 : explain SELECT c FROM sbtest4 WHERE id=742786
	Index Scan using sbtest4_pkey on sbtest4  (cost=0.43..8.45 rows=1 width=121)
	  Index Cond: (id = 742786)

table 5 : explain SELECT c FROM sbtest5 WHERE id=6338145
	Index Scan using sbtest5_pkey on sbtest5  (cost=0.43..8.45 rows=1 width=121)
	  Index Cond: (id = 6338145)

table 6 : explain SELECT c FROM sbtest6 WHERE id=8495641
	Index Scan using sbtest6_pkey on sbtest6  (cost=0.43..8.45 rows=1 width=121)
	  Index Cond: (id = 8495641)

table 7 : explain SELECT c FROM sbtest7 WHERE id=3888492
	Index Scan using sbtest7_pkey on sbtest7  (cost=0.43..8.45 rows=1 width=121)
	  Index Cond: (id = 3888492)

table 8 : explain SELECT c FROM sbtest8 WHERE id=492266
	Index Scan using sbtest8_pkey on sbtest8  (cost=0.43..8.45 rows=1 width=121)
	  Index Cond: (id = 492266)

explain: for point_selects :: explain SELECT c FROM sbtest%u WHERE id=%u
for: simple_ranges
table 1 : explain SELECT c FROM sbtest1 WHERE id BETWEEN 3292964 AND 3293063
	Index Scan using sbtest1_pkey on sbtest1  (cost=0.43..422.00 rows=108 width=121)
	  Index Cond: ((id >= 3292964) AND (id <= 3293063))

table 2 : explain SELECT c FROM sbtest2 WHERE id BETWEEN 8429024 AND 8429123
	Index Scan using sbtest2_pkey on sbtest2  (cost=0.43..370.89 rows=95 width=121)
	  Index Cond: ((id >= 8429024) AND (id <= 8429123))

table 3 : explain SELECT c FROM sbtest3 WHERE id BETWEEN 4903083 AND 4903182
	Index Scan using sbtest3_pkey on sbtest3  (cost=0.43..360.64 rows=92 width=121)
	  Index Cond: ((id >= 4903083) AND (id <= 4903182))

table 4 : explain SELECT c FROM sbtest4 WHERE id BETWEEN 9951685 AND 9951784
	Index Scan using sbtest4_pkey on sbtest4  (cost=0.43..413.19 rows=106 width=121)
	  Index Cond: ((id >= 9951685) AND (id <= 9951784))

table 5 : explain SELECT c FROM sbtest5 WHERE id BETWEEN 583594 AND 583693
	Index Scan using sbtest5_pkey on sbtest5  (cost=0.43..347.16 rows=89 width=121)
	  Index Cond: ((id >= 583594) AND (id <= 583693))

table 6 : explain SELECT c FROM sbtest6 WHERE id BETWEEN 5015713 AND 5015812
	Index Scan using sbtest6_pkey on sbtest6  (cost=0.43..416.92 rows=107 width=121)
	  Index Cond: ((id >= 5015713) AND (id <= 5015812))

table 7 : explain SELECT c FROM sbtest7 WHERE id BETWEEN 252624 AND 252723
	Index Scan using sbtest7_pkey on sbtest7  (cost=0.43..377.16 rows=97 width=121)
	  Index Cond: ((id >= 252624) AND (id <= 252723))

table 8 : explain SELECT c FROM sbtest8 WHERE id BETWEEN 8611622 AND 8611721
	Index Scan using sbtest8_pkey on sbtest8  (cost=0.43..408.30 rows=105 width=121)
	  Index Cond: ((id >= 8611622) AND (id <= 8611721))

for: distinct_ranges
table 1 : explain SELECT DISTINCT c FROM sbtest1 WHERE id BETWEEN 3337361 AND 3337460 ORDER BY c
	Unique  (cost=425.65..426.19 rows=108 width=121)
	  ->  Sort  (cost=425.65..425.92 rows=108 width=121)
	        Sort Key: c
	        ->  Index Scan using sbtest1_pkey on sbtest1  (cost=0.43..422.00 rows=108 width=121)
	              Index Cond: ((id >= 3337361) AND (id <= 3337460))

table 2 : explain SELECT DISTINCT c FROM sbtest2 WHERE id BETWEEN 9041808 AND 9041907 ORDER BY c
	Unique  (cost=420.80..421.33 rows=107 width=121)
	  ->  Sort  (cost=420.80..421.07 rows=107 width=121)
	        Sort Key: c
	        ->  Index Scan using sbtest2_pkey on sbtest2  (cost=0.43..417.19 rows=107 width=121)
	              Index Cond: ((id >= 9041808) AND (id <= 9041907))

table 3 : explain SELECT DISTINCT c FROM sbtest3 WHERE id BETWEEN 2919195 AND 2919294 ORDER BY c
	Unique  (cost=402.77..403.28 rows=102 width=121)
	  ->  Sort  (cost=402.77..403.03 rows=102 width=121)
	        Sort Key: c
	        ->  Index Scan using sbtest3_pkey on sbtest3  (cost=0.43..399.37 rows=102 width=121)
	              Index Cond: ((id >= 2919195) AND (id <= 2919294))

table 4 : explain SELECT DISTINCT c FROM sbtest4 WHERE id BETWEEN 3512622 AND 3512721 ORDER BY c
	Unique  (cost=389.46..389.95 rows=99 width=121)
	  ->  Sort  (cost=389.46..389.71 rows=99 width=121)
	        Sort Key: c
	        ->  Index Scan using sbtest4_pkey on sbtest4  (cost=0.43..386.18 rows=99 width=121)
	              Index Cond: ((id >= 3512622) AND (id <= 3512721))

table 5 : explain SELECT DISTINCT c FROM sbtest5 WHERE id BETWEEN 6201320 AND 6201419 ORDER BY c
	Unique  (cost=400.63..401.14 rows=102 width=121)
	  ->  Sort  (cost=400.63..400.88 rows=102 width=121)
	        Sort Key: c
	        ->  Index Scan using sbtest5_pkey on sbtest5  (cost=0.43..397.22 rows=102 width=121)
	              Index Cond: ((id >= 6201320) AND (id <= 6201419))

table 6 : explain SELECT DISTINCT c FROM sbtest6 WHERE id BETWEEN 4179931 AND 4180030 ORDER BY c
	Unique  (cost=385.45..385.94 rows=98 width=121)
	  ->  Sort  (cost=385.45..385.69 rows=98 width=121)
	        Sort Key: c
	        ->  Index Scan using sbtest6_pkey on sbtest6  (cost=0.43..382.21 rows=98 width=121)
	              Index Cond: ((id >= 4179931) AND (id <= 4180030))

table 7 : explain SELECT DISTINCT c FROM sbtest7 WHERE id BETWEEN 6198409 AND 6198508 ORDER BY c
	Unique  (cost=353.20..353.65 rows=90 width=121)
	  ->  Sort  (cost=353.20..353.42 rows=90 width=121)
	        Sort Key: c
	        ->  Index Scan using sbtest7_pkey on sbtest7  (cost=0.43..350.28 rows=90 width=121)
	              Index Cond: ((id >= 6198409) AND (id <= 6198508))

table 8 : explain SELECT DISTINCT c FROM sbtest8 WHERE id BETWEEN 1355314 AND 1355413 ORDER BY c
	Unique  (cost=388.52..389.02 rows=99 width=121)
	  ->  Sort  (cost=388.52..388.77 rows=99 width=121)
	        Sort Key: c
	        ->  Index Scan using sbtest8_pkey on sbtest8  (cost=0.43..385.24 rows=99 width=121)
	              Index Cond: ((id >= 1355314) AND (id <= 1355413))

for: simple_ranges
table 1 : explain SELECT c FROM sbtest1 WHERE id BETWEEN 4801195 AND 4801294
	Index Scan using sbtest1_pkey on sbtest1  (cost=0.43..391.05 rows=100 width=121)
	  Index Cond: ((id >= 4801195) AND (id <= 4801294))

table 2 : explain SELECT c FROM sbtest2 WHERE id BETWEEN 4058470 AND 4058569
	Index Scan using sbtest2_pkey on sbtest2  (cost=0.43..401.77 rows=103 width=121)
	  Index Cond: ((id >= 4058470) AND (id <= 4058569))

table 3 : explain SELECT c FROM sbtest3 WHERE id BETWEEN 1408883 AND 1408982
	Index Scan using sbtest3_pkey on sbtest3  (cost=0.43..360.64 rows=92 width=121)
	  Index Cond: ((id >= 1408883) AND (id <= 1408982))

table 4 : explain SELECT c FROM sbtest4 WHERE id BETWEEN 9039861 AND 9039960
	Index Scan using sbtest4_pkey on sbtest4  (cost=0.43..359.20 rows=92 width=121)
	  Index Cond: ((id >= 9039861) AND (id <= 9039960))

table 5 : explain SELECT c FROM sbtest5 WHERE id BETWEEN 3063228 AND 3063327
	Index Scan using sbtest5_pkey on sbtest5  (cost=0.43..404.92 rows=104 width=121)
	  Index Cond: ((id >= 3063228) AND (id <= 3063327))

table 6 : explain SELECT c FROM sbtest6 WHERE id BETWEEN 5221303 AND 5221402
	Index Scan using sbtest6_pkey on sbtest6  (cost=0.43..397.66 rows=102 width=121)
	  Index Cond: ((id >= 5221303) AND (id <= 5221402))

table 7 : explain SELECT c FROM sbtest7 WHERE id BETWEEN 8045530 AND 8045629
	Index Scan using sbtest7_pkey on sbtest7  (cost=0.43..415.60 rows=107 width=121)
	  Index Cond: ((id >= 8045530) AND (id <= 8045629))

table 8 : explain SELECT c FROM sbtest8 WHERE id BETWEEN 2395910 AND 2396009
	Index Scan using sbtest8_pkey on sbtest8  (cost=0.43..389.08 rows=100 width=121)
	  Index Cond: ((id >= 2395910) AND (id <= 2396009))
explain: for index_updates :: explain UPDATE sbtest%u SET k=k+1 WHERE id=%u

for: order_ranges
table 1 : explain SELECT c FROM sbtest1 WHERE id BETWEEN 293319 AND 293418 ORDER BY c
	Sort  (cost=413.93..414.19 rows=105 width=121)
	  Sort Key: c
	  ->  Index Scan using sbtest1_pkey on sbtest1  (cost=0.43..410.41 rows=105 width=121)
	        Index Cond: ((id >= 293319) AND (id <= 293418))

table 2 : explain SELECT c FROM sbtest2 WHERE id BETWEEN 7821326 AND 7821425 ORDER BY c
	Sort  (cost=381.80..382.05 rows=97 width=121)
	  Sort Key: c
	  ->  Index Scan using sbtest2_pkey on sbtest2  (cost=0.43..378.60 rows=97 width=121)
	        Index Cond: ((id >= 7821326) AND (id <= 7821425))

table 3 : explain SELECT c FROM sbtest3 WHERE id BETWEEN 9375115 AND 9375214 ORDER BY c
	Sort  (cost=371.46..371.69 rows=94 width=121)
	  Sort Key: c
	  ->  Index Scan using sbtest3_pkey on sbtest3  (cost=0.43..368.38 rows=94 width=121)
	        Index Cond: ((id >= 9375115) AND (id <= 9375214))

table 4 : explain SELECT c FROM sbtest4 WHERE id BETWEEN 7247270 AND 7247369 ORDER BY c
	Sort  (cost=385.57..385.81 rows=98 width=121)
	  Sort Key: c
	  ->  Index Scan using sbtest4_pkey on sbtest4  (cost=0.43..382.32 rows=98 width=121)
	        Index Cond: ((id >= 7247270) AND (id <= 7247369))

table 5 : explain SELECT c FROM sbtest5 WHERE id BETWEEN 9134286 AND 9134385 ORDER BY c
	Sort  (cost=400.63..400.88 rows=102 width=121)
	  Sort Key: c
	  ->  Index Scan using sbtest5_pkey on sbtest5  (cost=0.43..397.22 rows=102 width=121)
	        Index Cond: ((id >= 9134286) AND (id <= 9134385))

table 6 : explain SELECT c FROM sbtest6 WHERE id BETWEEN 9318193 AND 9318292 ORDER BY c
	Sort  (cost=393.23..393.48 rows=100 width=121)
	  Sort Key: c
	  ->  Index Scan using sbtest6_pkey on sbtest6  (cost=0.43..389.91 rows=100 width=121)
	        Index Cond: ((id >= 9318193) AND (id <= 9318292))

table 7 : explain SELECT c FROM sbtest7 WHERE id BETWEEN 5283443 AND 5283542 ORDER BY c
	Sort  (cost=438.61..438.89 rows=112 width=121)
	  Sort Key: c
	  ->  Index Scan using sbtest7_pkey on sbtest7  (cost=0.43..434.80 rows=112 width=121)
	        Index Cond: ((id >= 5283443) AND (id <= 5283542))

table 8 : explain SELECT c FROM sbtest8 WHERE id BETWEEN 1949830 AND 1949929 ORDER BY c
	Sort  (cost=400.17..400.43 rows=102 width=121)
	  Sort Key: c
	  ->  Index Scan using sbtest8_pkey on sbtest8  (cost=0.43..396.77 rows=102 width=121)
	        Index Cond: ((id >= 1949830) AND (id <= 1949929))

for non_index_updates
table 1 : explain UPDATE sbtest1 SET c='foobar' WHERE id=6408148
	Update on sbtest1  (cost=0.43..8.45 rows=0 width=0)
	  ->  Index Scan using sbtest1_pkey on sbtest1  (cost=0.43..8.45 rows=1 width=490)
	        Index Cond: (id = 6408148)

table 2 : explain UPDATE sbtest2 SET c='foobar' WHERE id=9579774
	Update on sbtest2  (cost=0.43..8.45 rows=0 width=0)
	  ->  Index Scan using sbtest2_pkey on sbtest2  (cost=0.43..8.45 rows=1 width=490)
	        Index Cond: (id = 9579774)

table 3 : explain UPDATE sbtest3 SET c='foobar' WHERE id=4684907
	Update on sbtest3  (cost=0.43..8.45 rows=0 width=0)
	  ->  Index Scan using sbtest3_pkey on sbtest3  (cost=0.43..8.45 rows=1 width=490)
	        Index Cond: (id = 4684907)

table 4 : explain UPDATE sbtest4 SET c='foobar' WHERE id=3287214
	Update on sbtest4  (cost=0.43..8.45 rows=0 width=0)
	  ->  Index Scan using sbtest4_pkey on sbtest4  (cost=0.43..8.45 rows=1 width=490)
	        Index Cond: (id = 3287214)

table 5 : explain UPDATE sbtest5 SET c='foobar' WHERE id=6159658
	Update on sbtest5  (cost=0.43..8.45 rows=0 width=0)
	  ->  Index Scan using sbtest5_pkey on sbtest5  (cost=0.43..8.45 rows=1 width=490)
	        Index Cond: (id = 6159658)

table 6 : explain UPDATE sbtest6 SET c='foobar' WHERE id=8659919
	Update on sbtest6  (cost=0.43..8.45 rows=0 width=0)
	  ->  Index Scan using sbtest6_pkey on sbtest6  (cost=0.43..8.45 rows=1 width=490)
	        Index Cond: (id = 8659919)

table 7 : explain UPDATE sbtest7 SET c='foobar' WHERE id=2843042
	Update on sbtest7  (cost=0.43..8.45 rows=0 width=0)
	  ->  Index Scan using sbtest7_pkey on sbtest7  (cost=0.43..8.45 rows=1 width=490)
	        Index Cond: (id = 2843042)

table 8 : explain UPDATE sbtest8 SET c='foobar' WHERE id=5467024
	Update on sbtest8  (cost=0.43..8.45 rows=0 width=0)
	  ->  Index Scan using sbtest8_pkey on sbtest8  (cost=0.43..8.45 rows=1 width=490)
	        Index Cond: (id = 5467024)

for: distinct_ranges
table 1 : explain SELECT DISTINCT c FROM sbtest1 WHERE id BETWEEN 7892065 AND 7892164 ORDER BY c
	Unique  (cost=417.84..418.37 rows=106 width=121)
	  ->  Sort  (cost=417.84..418.10 rows=106 width=121)
	        Sort Key: c
	        ->  Index Scan using sbtest1_pkey on sbtest1  (cost=0.43..414.27 rows=106 width=121)
	              Index Cond: ((id >= 7892065) AND (id <= 7892164))

table 2 : explain SELECT DISTINCT c FROM sbtest2 WHERE id BETWEEN 2140750 AND 2140849 ORDER BY c
	Unique  (cost=338.96..339.39 rows=86 width=121)
	  ->  Sort  (cost=338.96..339.18 rows=86 width=121)
	        Sort Key: c
	        ->  Index Scan using sbtest2_pkey on sbtest2  (cost=0.43..336.20 rows=86 width=121)
	              Index Cond: ((id >= 2140750) AND (id <= 2140849))

table 3 : explain SELECT DISTINCT c FROM sbtest3 WHERE id BETWEEN 1927389 AND 1927488 ORDER BY c
	Unique  (cost=344.10..344.53 rows=87 width=121)
	  ->  Sort  (cost=344.10..344.31 rows=87 width=121)
	        Sort Key: c
	        ->  Index Scan using sbtest3_pkey on sbtest3  (cost=0.43..341.29 rows=87 width=121)
	              Index Cond: ((id >= 1927389) AND (id <= 1927488))

table 4 : explain SELECT DISTINCT c FROM sbtest4 WHERE id BETWEEN 8629159 AND 8629258 ORDER BY c
	Unique  (cost=385.57..386.06 rows=98 width=121)
	  ->  Sort  (cost=385.57..385.81 rows=98 width=121)
	        Sort Key: c
	        ->  Index Scan using sbtest4_pkey on sbtest4  (cost=0.43..382.32 rows=98 width=121)
	              Index Cond: ((id >= 8629159) AND (id <= 8629258))

table 5 : explain SELECT DISTINCT c FROM sbtest5 WHERE id BETWEEN 422809 AND 422908 ORDER BY c
	Unique  (cost=388.92..389.41 rows=99 width=121)
	  ->  Sort  (cost=388.92..389.17 rows=99 width=121)
	        Sort Key: c
	        ->  Index Scan using sbtest5_pkey on sbtest5  (cost=0.43..385.64 rows=99 width=121)
	              Index Cond: ((id >= 422809) AND (id <= 422908))

table 6 : explain SELECT DISTINCT c FROM sbtest6 WHERE id BETWEEN 2141384 AND 2141483 ORDER BY c
	Unique  (cost=369.88..370.35 rows=94 width=121)
	  ->  Sort  (cost=369.88..370.11 rows=94 width=121)
	        Sort Key: c
	        ->  Index Scan using sbtest6_pkey on sbtest6  (cost=0.43..366.80 rows=94 width=121)
	              Index Cond: ((id >= 2141384) AND (id <= 2141483))

table 7 : explain SELECT DISTINCT c FROM sbtest7 WHERE id BETWEEN 513739 AND 513838 ORDER BY c
	Unique  (cost=415.32..415.85 rows=106 width=121)
	  ->  Sort  (cost=415.32..415.59 rows=106 width=121)
	        Sort Key: c
	        ->  Index Scan using sbtest7_pkey on sbtest7  (cost=0.43..411.76 rows=106 width=121)
	              Index Cond: ((id >= 513739) AND (id <= 513838))

table 8 : explain SELECT DISTINCT c FROM sbtest8 WHERE id BETWEEN 5267166 AND 5267265 ORDER BY c
	Unique  (cost=392.41..392.91 rows=100 width=121)
	  ->  Sort  (cost=392.41..392.66 rows=100 width=121)
	        Sort Key: c
	        ->  Index Scan using sbtest8_pkey on sbtest8  (cost=0.43..389.08 rows=100 width=121)
	              Index Cond: ((id >= 5267166) AND (id <= 5267265))

explain: for point_selects :: explain SELECT c FROM sbtest%u WHERE id=%u
for: sum_ranges
table 1 : explain SELECT SUM(k) FROM sbtest1 WHERE id BETWEEN 5878687 AND 5878786
	Aggregate  (cost=402.94..402.95 rows=1 width=8)
	  ->  Index Scan using sbtest1_pkey on sbtest1  (cost=0.43..402.68 rows=103 width=4)
	        Index Cond: ((id >= 5878687) AND (id <= 5878786))

table 2 : explain SELECT SUM(k) FROM sbtest2 WHERE id BETWEEN 6370644 AND 6370743
	Aggregate  (cost=382.70..382.71 rows=1 width=8)
	  ->  Index Scan using sbtest2_pkey on sbtest2  (cost=0.43..382.46 rows=98 width=4)
	        Index Cond: ((id >= 6370644) AND (id <= 6370743))

table 3 : explain SELECT SUM(k) FROM sbtest3 WHERE id BETWEEN 8366051 AND 8366150
	Aggregate  (cost=395.75..395.76 rows=1 width=8)
	  ->  Index Scan using sbtest3_pkey on sbtest3  (cost=0.43..395.50 rows=101 width=4)
	        Index Cond: ((id >= 8366051) AND (id <= 8366150))

table 4 : explain SELECT SUM(k) FROM sbtest4 WHERE id BETWEEN 6451540 AND 6451639
	Aggregate  (cost=413.46..413.47 rows=1 width=8)
	  ->  Index Scan using sbtest4_pkey on sbtest4  (cost=0.43..413.19 rows=106 width=4)
	        Index Cond: ((id >= 6451540) AND (id <= 6451639))

table 5 : explain SELECT SUM(k) FROM sbtest5 WHERE id BETWEEN 543113 AND 543212
	Aggregate  (cost=347.38..347.39 rows=1 width=8)
	  ->  Index Scan using sbtest5_pkey on sbtest5  (cost=0.43..347.16 rows=89 width=4)
	        Index Cond: ((id >= 543113) AND (id <= 543212))

table 6 : explain SELECT SUM(k) FROM sbtest6 WHERE id BETWEEN 5907147 AND 5907246
	Aggregate  (cost=386.31..386.32 rows=1 width=8)
	  ->  Index Scan using sbtest6_pkey on sbtest6  (cost=0.43..386.06 rows=99 width=4)
	        Index Cond: ((id >= 5907147) AND (id <= 5907246))

table 7 : explain SELECT SUM(k) FROM sbtest7 WHERE id BETWEEN 8630332 AND 8630431
	Aggregate  (cost=385.08..385.09 rows=1 width=8)
	  ->  Index Scan using sbtest7_pkey on sbtest7  (cost=0.43..384.83 rows=99 width=4)
	        Index Cond: ((id >= 8630332) AND (id <= 8630431))

table 8 : explain SELECT SUM(k) FROM sbtest8 WHERE id BETWEEN 4463300 AND 4463399
	Aggregate  (cost=377.75..377.76 rows=1 width=8)
	  ->  Index Scan using sbtest8_pkey on sbtest8  (cost=0.43..377.51 rows=97 width=4)
	        Index Cond: ((id >= 4463300) AND (id <= 4463399))

for: simple_ranges
table 1 : explain SELECT c FROM sbtest1 WHERE id BETWEEN 8246533 AND 8246632
	Index Scan using sbtest1_pkey on sbtest1  (cost=0.43..375.59 rows=96 width=121)
	  Index Cond: ((id >= 8246533) AND (id <= 8246632))

table 2 : explain SELECT c FROM sbtest2 WHERE id BETWEEN 9889367 AND 9889466
	Index Scan using sbtest2_pkey on sbtest2  (cost=0.43..401.77 rows=103 width=121)
	  Index Cond: ((id >= 9889367) AND (id <= 9889466))

table 3 : explain SELECT c FROM sbtest3 WHERE id BETWEEN 835461 AND 835560
	Index Scan using sbtest3_pkey on sbtest3  (cost=0.43..410.98 rows=105 width=121)
	  Index Cond: ((id >= 835461) AND (id <= 835560))

table 4 : explain SELECT c FROM sbtest4 WHERE id BETWEEN 7181348 AND 7181447
	Index Scan using sbtest4_pkey on sbtest4  (cost=0.43..382.32 rows=98 width=121)
	  Index Cond: ((id >= 7181348) AND (id <= 7181447))

table 5 : explain SELECT c FROM sbtest5 WHERE id BETWEEN 7659205 AND 7659304
	Index Scan using sbtest5_pkey on sbtest5  (cost=0.43..366.40 rows=94 width=121)
	  Index Cond: ((id >= 7659205) AND (id <= 7659304))

table 6 : explain SELECT c FROM sbtest6 WHERE id BETWEEN 866634 AND 866733
	Index Scan using sbtest6_pkey on sbtest6  (cost=0.43..374.50 rows=96 width=121)
	  Index Cond: ((id >= 866634) AND (id <= 866733))

table 7 : explain SELECT c FROM sbtest7 WHERE id BETWEEN 4133765 AND 4133864
	Index Scan using sbtest7_pkey on sbtest7  (cost=0.43..407.92 rows=105 width=121)
	  Index Cond: ((id >= 4133765) AND (id <= 4133864))

table 8 : explain SELECT c FROM sbtest8 WHERE id BETWEEN 1565717 AND 1565816
	Index Scan using sbtest8_pkey on sbtest8  (cost=0.43..373.67 rows=96 width=121)
	  Index Cond: ((id >= 1565717) AND (id <= 1565816))

explain: for index_updates :: explain UPDATE sbtest%u SET k=k+1 WHERE id=%u
for: distinct_ranges
table 1 : explain SELECT DISTINCT c FROM sbtest1 WHERE id BETWEEN 2317096 AND 2317195 ORDER BY c
	Unique  (cost=398.27..398.78 rows=101 width=121)
	  ->  Sort  (cost=398.27..398.53 rows=101 width=121)
	        Sort Key: c
	        ->  Index Scan using sbtest1_pkey on sbtest1  (cost=0.43..394.91 rows=101 width=121)
	              Index Cond: ((id >= 2317096) AND (id <= 2317195))

table 2 : explain SELECT DISTINCT c FROM sbtest2 WHERE id BETWEEN 7956703 AND 7956802 ORDER BY c
	Unique  (cost=389.59..390.09 rows=99 width=121)
	  ->  Sort  (cost=389.59..389.84 rows=99 width=121)
	        Sort Key: c
	        ->  Index Scan using sbtest2_pkey on sbtest2  (cost=0.43..386.31 rows=99 width=121)
	              Index Cond: ((id >= 7956703) AND (id <= 7956802))

table 3 : explain SELECT DISTINCT c FROM sbtest3 WHERE id BETWEEN 6851905 AND 6852004 ORDER BY c
	Unique  (cost=391.01..391.50 rows=99 width=121)
	  ->  Sort  (cost=391.01..391.25 rows=99 width=121)
	        Sort Key: c
	        ->  Index Scan using sbtest3_pkey on sbtest3  (cost=0.43..387.72 rows=99 width=121)
	              Index Cond: ((id >= 6851905) AND (id <= 6852004))

table 4 : explain SELECT DISTINCT c FROM sbtest4 WHERE id BETWEEN 6387853 AND 6387952 ORDER BY c
	Unique  (cost=412.86..413.39 rows=105 width=121)
	  ->  Sort  (cost=412.86..413.13 rows=105 width=121)
	        Sort Key: c
	        ->  Index Scan using sbtest4_pkey on sbtest4  (cost=0.43..409.34 rows=105 width=121)
	              Index Cond: ((id >= 6387853) AND (id <= 6387952))

table 5 : explain SELECT DISTINCT c FROM sbtest5 WHERE id BETWEEN 8243119 AND 8243218 ORDER BY c
	Unique  (cost=377.25..377.73 rows=96 width=121)
	  ->  Sort  (cost=377.25..377.49 rows=96 width=121)
	        Sort Key: c
	        ->  Index Scan using sbtest5_pkey on sbtest5  (cost=0.43..374.09 rows=96 width=121)
	              Index Cond: ((id >= 8243119) AND (id <= 8243218))

table 6 : explain SELECT DISTINCT c FROM sbtest6 WHERE id BETWEEN 4729001 AND 4729100 ORDER BY c
	Unique  (cost=377.66..378.14 rows=96 width=121)
	  ->  Sort  (cost=377.66..377.90 rows=96 width=121)
	        Sort Key: c
	        ->  Index Scan using sbtest6_pkey on sbtest6  (cost=0.43..374.50 rows=96 width=121)
	              Index Cond: ((id >= 4729001) AND (id <= 4729100))

table 7 : explain SELECT DISTINCT c FROM sbtest7 WHERE id BETWEEN 6084693 AND 6084792 ORDER BY c
	Unique  (cost=360.96..361.42 rows=92 width=121)
	  ->  Sort  (cost=360.96..361.19 rows=92 width=121)
	        Sort Key: c
	        ->  Index Scan using sbtest7_pkey on sbtest7  (cost=0.43..357.96 rows=92 width=121)
	              Index Cond: ((id >= 6084693) AND (id <= 6084792))

table 8 : explain SELECT DISTINCT c FROM sbtest8 WHERE id BETWEEN 1552933 AND 1553032 ORDER BY c
	Unique  (cost=376.83..377.31 rows=96 width=121)
	  ->  Sort  (cost=376.83..377.07 rows=96 width=121)
	        Sort Key: c
	        ->  Index Scan using sbtest8_pkey on sbtest8  (cost=0.43..373.67 rows=96 width=121)
	              Index Cond: ((id >= 1552933) AND (id <= 1553032))

for index_updates
table 1 : explain UPDATE sbtest1 SET k=k+1 WHERE id=2709589
	Update on sbtest1  (cost=0.43..8.46 rows=0 width=0)
	  ->  Index Scan using sbtest1_pkey on sbtest1  (cost=0.43..8.46 rows=1 width=10)
	        Index Cond: (id = 2709589)

table 2 : explain UPDATE sbtest2 SET k=k+1 WHERE id=804716
	Update on sbtest2  (cost=0.43..8.46 rows=0 width=0)
	  ->  Index Scan using sbtest2_pkey on sbtest2  (cost=0.43..8.46 rows=1 width=10)
	        Index Cond: (id = 804716)

table 3 : explain UPDATE sbtest3 SET k=k+1 WHERE id=8066911
	Update on sbtest3  (cost=0.43..8.46 rows=0 width=0)
	  ->  Index Scan using sbtest3_pkey on sbtest3  (cost=0.43..8.46 rows=1 width=10)
	        Index Cond: (id = 8066911)

table 4 : explain UPDATE sbtest4 SET k=k+1 WHERE id=6540165
	Update on sbtest4  (cost=0.43..8.46 rows=0 width=0)
	  ->  Index Scan using sbtest4_pkey on sbtest4  (cost=0.43..8.46 rows=1 width=10)
	        Index Cond: (id = 6540165)

table 5 : explain UPDATE sbtest5 SET k=k+1 WHERE id=1774025
	Update on sbtest5  (cost=0.43..8.46 rows=0 width=0)
	  ->  Index Scan using sbtest5_pkey on sbtest5  (cost=0.43..8.46 rows=1 width=10)
	        Index Cond: (id = 1774025)

table 6 : explain UPDATE sbtest6 SET k=k+1 WHERE id=3747523
	Update on sbtest6  (cost=0.43..8.46 rows=0 width=0)
	  ->  Index Scan using sbtest6_pkey on sbtest6  (cost=0.43..8.46 rows=1 width=10)
	        Index Cond: (id = 3747523)

table 7 : explain UPDATE sbtest7 SET k=k+1 WHERE id=5724859
	Update on sbtest7  (cost=0.43..8.46 rows=0 width=0)
	  ->  Index Scan using sbtest7_pkey on sbtest7  (cost=0.43..8.46 rows=1 width=10)
	        Index Cond: (id = 5724859)

table 8 : explain UPDATE sbtest8 SET k=k+1 WHERE id=8887745
	Update on sbtest8  (cost=0.43..8.46 rows=0 width=0)
	  ->  Index Scan using sbtest8_pkey on sbtest8  (cost=0.43..8.46 rows=1 width=10)
	        Index Cond: (id = 8887745)

for: sum_ranges
table 1 : explain SELECT SUM(k) FROM sbtest1 WHERE id BETWEEN 776976 AND 777075
	Aggregate  (cost=406.80..406.81 rows=1 width=8)
	  ->  Index Scan using sbtest1_pkey on sbtest1  (cost=0.43..406.54 rows=104 width=4)
	        Index Cond: ((id >= 776976) AND (id <= 777075))

table 2 : explain SELECT SUM(k) FROM sbtest2 WHERE id BETWEEN 9309583 AND 9309682
	Aggregate  (cost=374.99..375.00 rows=1 width=8)
	  ->  Index Scan using sbtest2_pkey on sbtest2  (cost=0.43..374.75 rows=96 width=4)
	        Index Cond: ((id >= 9309583) AND (id <= 9309682))

table 3 : explain SELECT SUM(k) FROM sbtest3 WHERE id BETWEEN 2436376 AND 2436475
	Aggregate  (cost=407.37..407.38 rows=1 width=8)
	  ->  Index Scan using sbtest3_pkey on sbtest3  (cost=0.43..407.11 rows=104 width=4)
	        Index Cond: ((id >= 2436376) AND (id <= 2436475))

table 4 : explain SELECT SUM(k) FROM sbtest4 WHERE id BETWEEN 3360680 AND 3360779
	Aggregate  (cost=386.43..386.44 rows=1 width=8)
	  ->  Index Scan using sbtest4_pkey on sbtest4  (cost=0.43..386.18 rows=99 width=4)
	        Index Cond: ((id >= 3360680) AND (id <= 3360779))

table 5 : explain SELECT SUM(k) FROM sbtest5 WHERE id BETWEEN 1983493 AND 1983592
	Aggregate  (cost=416.73..416.74 rows=1 width=8)
	  ->  Index Scan using sbtest5_pkey on sbtest5  (cost=0.43..416.46 rows=107 width=4)
	        Index Cond: ((id >= 1983493) AND (id <= 1983592))

table 6 : explain SELECT SUM(k) FROM sbtest6 WHERE id BETWEEN 5170335 AND 5170434
	Aggregate  (cost=397.91..397.92 rows=1 width=8)
	  ->  Index Scan using sbtest6_pkey on sbtest6  (cost=0.43..397.66 rows=102 width=4)
	        Index Cond: ((id >= 5170335) AND (id <= 5170434))

table 7 : explain SELECT SUM(k) FROM sbtest7 WHERE id BETWEEN 240885 AND 240984
	Aggregate  (cost=377.40..377.41 rows=1 width=8)
	  ->  Index Scan using sbtest7_pkey on sbtest7  (cost=0.43..377.16 rows=97 width=4)
	        Index Cond: ((id >= 240885) AND (id <= 240984))

table 8 : explain SELECT SUM(k) FROM sbtest8 WHERE id BETWEEN 1522329 AND 1522428
	Aggregate  (cost=373.91..373.92 rows=1 width=8)
	  ->  Index Scan using sbtest8_pkey on sbtest8  (cost=0.43..373.67 rows=96 width=4)
	        Index Cond: ((id >= 1522329) AND (id <= 1522428))

explain: for index_updates :: explain UPDATE sbtest%u SET k=k+1 WHERE id=%u
explain: for point_selects :: explain SELECT c FROM sbtest%u WHERE id=%u
explain: for non_index_updates :: explain UPDATE sbtest%u SET c='foobar' WHERE id=%u
for index_updates
table 1 : explain UPDATE sbtest1 SET k=k+1 WHERE id=3605410
	Update on sbtest1  (cost=0.43..8.46 rows=0 width=0)
	  ->  Index Scan using sbtest1_pkey on sbtest1  (cost=0.43..8.46 rows=1 width=10)
	        Index Cond: (id = 3605410)

table 2 : explain UPDATE sbtest2 SET k=k+1 WHERE id=1832331
	Update on sbtest2  (cost=0.43..8.46 rows=0 width=0)
	  ->  Index Scan using sbtest2_pkey on sbtest2  (cost=0.43..8.46 rows=1 width=10)
	        Index Cond: (id = 1832331)

table 3 : explain UPDATE sbtest3 SET k=k+1 WHERE id=3718101
	Update on sbtest3  (cost=0.43..8.46 rows=0 width=0)
	  ->  Index Scan using sbtest3_pkey on sbtest3  (cost=0.43..8.46 rows=1 width=10)
	        Index Cond: (id = 3718101)

table 4 : explain UPDATE sbtest4 SET k=k+1 WHERE id=6427823
	Update on sbtest4  (cost=0.43..8.46 rows=0 width=0)
	  ->  Index Scan using sbtest4_pkey on sbtest4  (cost=0.43..8.46 rows=1 width=10)
	        Index Cond: (id = 6427823)

table 5 : explain UPDATE sbtest5 SET k=k+1 WHERE id=9576786
	Update on sbtest5  (cost=0.43..8.46 rows=0 width=0)
	  ->  Index Scan using sbtest5_pkey on sbtest5  (cost=0.43..8.46 rows=1 width=10)
	        Index Cond: (id = 9576786)

table 6 : explain UPDATE sbtest6 SET k=k+1 WHERE id=7441957
	Update on sbtest6  (cost=0.43..8.46 rows=0 width=0)
	  ->  Index Scan using sbtest6_pkey on sbtest6  (cost=0.43..8.46 rows=1 width=10)
	        Index Cond: (id = 7441957)

table 7 : explain UPDATE sbtest7 SET k=k+1 WHERE id=203631
	Update on sbtest7  (cost=0.43..8.46 rows=0 width=0)
	  ->  Index Scan using sbtest7_pkey on sbtest7  (cost=0.43..8.46 rows=1 width=10)
	        Index Cond: (id = 203631)

table 8 : explain UPDATE sbtest8 SET k=k+1 WHERE id=9443687
	Update on sbtest8  (cost=0.43..8.46 rows=0 width=0)
	  ->  Index Scan using sbtest8_pkey on sbtest8  (cost=0.43..8.46 rows=1 width=10)
	        Index Cond: (id = 9443687)

for point_selects
table 1 : explain SELECT c FROM sbtest1 WHERE id=5558948
	Index Scan using sbtest1_pkey on sbtest1  (cost=0.43..8.45 rows=1 width=121)
	  Index Cond: (id = 5558948)

table 2 : explain SELECT c FROM sbtest2 WHERE id=4955979
	Index Scan using sbtest2_pkey on sbtest2  (cost=0.43..8.45 rows=1 width=121)
	  Index Cond: (id = 4955979)

table 3 : explain SELECT c FROM sbtest3 WHERE id=5689291
	Index Scan using sbtest3_pkey on sbtest3  (cost=0.43..8.45 rows=1 width=121)
	  Index Cond: (id = 5689291)

table 4 : explain SELECT c FROM sbtest4 WHERE id=4560414
	Index Scan using sbtest4_pkey on sbtest4  (cost=0.43..8.45 rows=1 width=121)
	  Index Cond: (id = 4560414)

table 5 : explain SELECT c FROM sbtest5 WHERE id=2448172
	Index Scan using sbtest5_pkey on sbtest5  (cost=0.43..8.45 rows=1 width=121)
	  Index Cond: (id = 2448172)

table 6 : explain SELECT c FROM sbtest6 WHERE id=6647743
	Index Scan using sbtest6_pkey on sbtest6  (cost=0.43..8.45 rows=1 width=121)
	  Index Cond: (id = 6647743)

table 7 : explain SELECT c FROM sbtest7 WHERE id=6334564
	Index Scan using sbtest7_pkey on sbtest7  (cost=0.43..8.45 rows=1 width=121)
	  Index Cond: (id = 6334564)

table 8 : explain SELECT c FROM sbtest8 WHERE id=6070117
	Index Scan using sbtest8_pkey on sbtest8  (cost=0.43..8.45 rows=1 width=121)
	  Index Cond: (id = 6070117)

for: sum_ranges
table 1 : explain SELECT SUM(k) FROM sbtest1 WHERE id BETWEEN 1298005 AND 1298104
	Aggregate  (cost=399.03..399.04 rows=1 width=8)
	  ->  Index Scan using sbtest1_pkey on sbtest1  (cost=0.43..398.78 rows=102 width=4)
	        Index Cond: ((id >= 1298005) AND (id <= 1298104))

table 2 : explain SELECT SUM(k) FROM sbtest2 WHERE id BETWEEN 8025471 AND 8025570
	Aggregate  (cost=409.75..409.76 rows=1 width=8)
	  ->  Index Scan using sbtest2_pkey on sbtest2  (cost=0.43..409.48 rows=105 width=4)
	        Index Cond: ((id >= 8025471) AND (id <= 8025570))

table 3 : explain SELECT SUM(k) FROM sbtest3 WHERE id BETWEEN 3962558 AND 3962657
	Aggregate  (cost=372.48..372.49 rows=1 width=8)
	  ->  Index Scan using sbtest3_pkey on sbtest3  (cost=0.43..372.25 rows=95 width=4)
	        Index Cond: ((id >= 3962558) AND (id <= 3962657))

table 4 : explain SELECT SUM(k) FROM sbtest4 WHERE id BETWEEN 3273486 AND 3273585
	Aggregate  (cost=359.43..359.44 rows=1 width=8)
	  ->  Index Scan using sbtest4_pkey on sbtest4  (cost=0.43..359.20 rows=92 width=4)
	        Index Cond: ((id >= 3273486) AND (id <= 3273585))

table 5 : explain SELECT SUM(k) FROM sbtest5 WHERE id BETWEEN 4582343 AND 4582442
	Aggregate  (cost=374.33..374.34 rows=1 width=8)
	  ->  Index Scan using sbtest5_pkey on sbtest5  (cost=0.43..374.09 rows=96 width=4)
	        Index Cond: ((id >= 4582343) AND (id <= 4582442))

table 6 : explain SELECT SUM(k) FROM sbtest6 WHERE id BETWEEN 2343857 AND 2343956
	Aggregate  (cost=370.89..370.90 rows=1 width=8)
	  ->  Index Scan using sbtest6_pkey on sbtest6  (cost=0.43..370.65 rows=95 width=4)
	        Index Cond: ((id >= 2343857) AND (id <= 2343956))

table 7 : explain SELECT SUM(k) FROM sbtest7 WHERE id BETWEEN 6527334 AND 6527433
	Aggregate  (cost=388.92..388.93 rows=1 width=8)
	  ->  Index Scan using sbtest7_pkey on sbtest7  (cost=0.43..388.67 rows=100 width=4)
	        Index Cond: ((id >= 6527334) AND (id <= 6527433))

table 8 : explain SELECT SUM(k) FROM sbtest8 WHERE id BETWEEN 2223869 AND 2223968
	Aggregate  (cost=366.21..366.22 rows=1 width=8)
	  ->  Index Scan using sbtest8_pkey on sbtest8  (cost=0.43..365.98 rows=94 width=4)
	        Index Cond: ((id >= 2223869) AND (id <= 2223968))

for: distinct_ranges
table 1 : explain SELECT DISTINCT c FROM sbtest1 WHERE id BETWEEN 4875348 AND 4875447 ORDER BY c
	Unique  (cost=406.12..406.64 rows=103 width=121)
	  ->  Sort  (cost=406.12..406.38 rows=103 width=121)
	        Sort Key: c
	        ->  Index Scan using sbtest1_pkey on sbtest1  (cost=0.43..402.68 rows=103 width=121)
	              Index Cond: ((id >= 4875348) AND (id <= 4875447))

table 2 : explain SELECT DISTINCT c FROM sbtest2 WHERE id BETWEEN 9892566 AND 9892665 ORDER BY c
	Unique  (cost=405.22..405.73 rows=103 width=121)
	  ->  Sort  (cost=405.22..405.47 rows=103 width=121)
	        Sort Key: c
	        ->  Index Scan using sbtest2_pkey on sbtest2  (cost=0.43..401.77 rows=103 width=121)
	              Index Cond: ((id >= 9892566) AND (id <= 9892665))

table 3 : explain SELECT DISTINCT c FROM sbtest3 WHERE id BETWEEN 3119542 AND 3119641 ORDER BY c
	Unique  (cost=410.59..411.11 rows=104 width=121)
	  ->  Sort  (cost=410.59..410.85 rows=104 width=121)
	        Sort Key: c
	        ->  Index Scan using sbtest3_pkey on sbtest3  (cost=0.43..407.11 rows=104 width=121)
	              Index Cond: ((id >= 3119542) AND (id <= 3119641))

table 4 : explain SELECT DISTINCT c FROM sbtest4 WHERE id BETWEEN 2897854 AND 2897953 ORDER BY c
	Unique  (cost=369.99..370.46 rows=94 width=121)
	  ->  Sort  (cost=369.99..370.23 rows=94 width=121)
	        Sort Key: c
	        ->  Index Scan using sbtest4_pkey on sbtest4  (cost=0.43..366.91 rows=94 width=121)
	              Index Cond: ((id >= 2897854) AND (id <= 2897953))

table 5 : explain SELECT DISTINCT c FROM sbtest5 WHERE id BETWEEN 3011521 AND 3011620 ORDER BY c
	Unique  (cost=408.40..408.92 rows=104 width=121)
	  ->  Sort  (cost=408.40..408.66 rows=104 width=121)
	        Sort Key: c
	        ->  Index Scan using sbtest5_pkey on sbtest5  (cost=0.43..404.92 rows=104 width=121)
	              Index Cond: ((id >= 3011521) AND (id <= 3011620))

table 6 : explain SELECT DISTINCT c FROM sbtest6 WHERE id BETWEEN 5423706 AND 5423805 ORDER BY c
	Unique  (cost=389.34..389.83 rows=99 width=121)
	  ->  Sort  (cost=389.34..389.59 rows=99 width=121)
	        Sort Key: c
	        ->  Index Scan using sbtest6_pkey on sbtest6  (cost=0.43..386.06 rows=99 width=121)
	              Index Cond: ((id >= 5423706) AND (id <= 5423805))

table 7 : explain SELECT DISTINCT c FROM sbtest7 WHERE id BETWEEN 8640793 AND 8640892 ORDER BY c
	Unique  (cost=388.12..388.61 rows=99 width=121)
	  ->  Sort  (cost=388.12..388.36 rows=99 width=121)
	        Sort Key: c
	        ->  Index Scan using sbtest7_pkey on sbtest7  (cost=0.43..384.83 rows=99 width=121)
	              Index Cond: ((id >= 8640793) AND (id <= 8640892))

table 8 : explain SELECT DISTINCT c FROM sbtest8 WHERE id BETWEEN 2088576 AND 2088675 ORDER BY c
	Unique  (cost=380.71..381.20 rows=97 width=121)
	  ->  Sort  (cost=380.71..380.95 rows=97 width=121)
	        Sort Key: c
	        ->  Index Scan using sbtest8_pkey on sbtest8  (cost=0.43..377.51 rows=97 width=121)
	              Index Cond: ((id >= 2088576) AND (id <= 2088675))

explain: for deletes :: explain DELETE FROM sbtest%u WHERE id=%u
explain: for non_index_updates :: explain UPDATE sbtest%u SET c='foobar' WHERE id=%u
for non_index_updates
table 1 : explain UPDATE sbtest1 SET c='foobar' WHERE id=1177549
	Update on sbtest1  (cost=0.43..8.45 rows=0 width=0)
	  ->  Index Scan using sbtest1_pkey on sbtest1  (cost=0.43..8.45 rows=1 width=490)
	        Index Cond: (id = 1177549)

table 2 : explain UPDATE sbtest2 SET c='foobar' WHERE id=6160110
	Update on sbtest2  (cost=0.43..8.45 rows=0 width=0)
	  ->  Index Scan using sbtest2_pkey on sbtest2  (cost=0.43..8.45 rows=1 width=490)
	        Index Cond: (id = 6160110)

table 3 : explain UPDATE sbtest3 SET c='foobar' WHERE id=5969639
	Update on sbtest3  (cost=0.43..8.45 rows=0 width=0)
	  ->  Index Scan using sbtest3_pkey on sbtest3  (cost=0.43..8.45 rows=1 width=490)
	        Index Cond: (id = 5969639)

table 4 : explain UPDATE sbtest4 SET c='foobar' WHERE id=1559287
	Update on sbtest4  (cost=0.43..8.45 rows=0 width=0)
	  ->  Index Scan using sbtest4_pkey on sbtest4  (cost=0.43..8.45 rows=1 width=490)
	        Index Cond: (id = 1559287)

table 5 : explain UPDATE sbtest5 SET c='foobar' WHERE id=5179946
	Update on sbtest5  (cost=0.43..8.45 rows=0 width=0)
	  ->  Index Scan using sbtest5_pkey on sbtest5  (cost=0.43..8.45 rows=1 width=490)
	        Index Cond: (id = 5179946)

table 6 : explain UPDATE sbtest6 SET c='foobar' WHERE id=7954453
	Update on sbtest6  (cost=0.43..8.45 rows=0 width=0)
	  ->  Index Scan using sbtest6_pkey on sbtest6  (cost=0.43..8.45 rows=1 width=490)
	        Index Cond: (id = 7954453)

table 7 : explain UPDATE sbtest7 SET c='foobar' WHERE id=497971
	Update on sbtest7  (cost=0.43..8.45 rows=0 width=0)
	  ->  Index Scan using sbtest7_pkey on sbtest7  (cost=0.43..8.45 rows=1 width=490)
	        Index Cond: (id = 497971)

table 8 : explain UPDATE sbtest8 SET c='foobar' WHERE id=6274099
	Update on sbtest8  (cost=0.43..8.45 rows=0 width=0)
	  ->  Index Scan using sbtest8_pkey on sbtest8  (cost=0.43..8.45 rows=1 width=490)
	        Index Cond: (id = 6274099)

for index_updates
table 1 : explain UPDATE sbtest1 SET k=k+1 WHERE id=8273730
	Update on sbtest1  (cost=0.43..8.46 rows=0 width=0)
	  ->  Index Scan using sbtest1_pkey on sbtest1  (cost=0.43..8.46 rows=1 width=10)
	        Index Cond: (id = 8273730)

table 2 : explain UPDATE sbtest2 SET k=k+1 WHERE id=5073755
	Update on sbtest2  (cost=0.43..8.46 rows=0 width=0)
	  ->  Index Scan using sbtest2_pkey on sbtest2  (cost=0.43..8.46 rows=1 width=10)
	        Index Cond: (id = 5073755)

table 3 : explain UPDATE sbtest3 SET k=k+1 WHERE id=6165219
	Update on sbtest3  (cost=0.43..8.46 rows=0 width=0)
	  ->  Index Scan using sbtest3_pkey on sbtest3  (cost=0.43..8.46 rows=1 width=10)
	        Index Cond: (id = 6165219)

table 4 : explain UPDATE sbtest4 SET k=k+1 WHERE id=2260408
	Update on sbtest4  (cost=0.43..8.46 rows=0 width=0)
	  ->  Index Scan using sbtest4_pkey on sbtest4  (cost=0.43..8.46 rows=1 width=10)
	        Index Cond: (id = 2260408)

table 5 : explain UPDATE sbtest5 SET k=k+1 WHERE id=780811
	Update on sbtest5  (cost=0.43..8.46 rows=0 width=0)
	  ->  Index Scan using sbtest5_pkey on sbtest5  (cost=0.43..8.46 rows=1 width=10)
	        Index Cond: (id = 780811)

table 6 : explain UPDATE sbtest6 SET k=k+1 WHERE id=3731760
	Update on sbtest6  (cost=0.43..8.46 rows=0 width=0)
	  ->  Index Scan using sbtest6_pkey on sbtest6  (cost=0.43..8.46 rows=1 width=10)
	        Index Cond: (id = 3731760)

table 7 : explain UPDATE sbtest7 SET k=k+1 WHERE id=175992
	Update on sbtest7  (cost=0.43..8.46 rows=0 width=0)
	  ->  Index Scan using sbtest7_pkey on sbtest7  (cost=0.43..8.46 rows=1 width=10)
	        Index Cond: (id = 175992)

table 8 : explain UPDATE sbtest8 SET k=k+1 WHERE id=386322
	Update on sbtest8  (cost=0.43..8.46 rows=0 width=0)
	  ->  Index Scan using sbtest8_pkey on sbtest8  (cost=0.43..8.46 rows=1 width=10)
	        Index Cond: (id = 386322)

for: sum_ranges
table 1 : explain SELECT SUM(k) FROM sbtest1 WHERE id BETWEEN 2597422 AND 2597521
	Aggregate  (cost=387.43..387.44 rows=1 width=8)
	  ->  Index Scan using sbtest1_pkey on sbtest1  (cost=0.43..387.18 rows=99 width=4)
	        Index Cond: ((id >= 2597422) AND (id <= 2597521))

table 2 : explain SELECT SUM(k) FROM sbtest2 WHERE id BETWEEN 9524050 AND 9524149
	Aggregate  (cost=398.13..398.14 rows=1 width=8)
	  ->  Index Scan using sbtest2_pkey on sbtest2  (cost=0.43..397.88 rows=102 width=4)
	        Index Cond: ((id >= 9524050) AND (id <= 9524149))

table 3 : explain SELECT SUM(k) FROM sbtest3 WHERE id BETWEEN 2021894 AND 2021993
	Aggregate  (cost=407.37..407.38 rows=1 width=8)
	  ->  Index Scan using sbtest3_pkey on sbtest3  (cost=0.43..407.11 rows=104 width=4)
	        Index Cond: ((id >= 2021894) AND (id <= 2021993))

table 4 : explain SELECT SUM(k) FROM sbtest4 WHERE id BETWEEN 4047679 AND 4047778
	Aggregate  (cost=417.31..417.32 rows=1 width=8)
	  ->  Index Scan using sbtest4_pkey on sbtest4  (cost=0.43..417.05 rows=107 width=4)
	        Index Cond: ((id >= 4047679) AND (id <= 4047778))

table 5 : explain SELECT SUM(k) FROM sbtest5 WHERE id BETWEEN 1458732 AND 1458831
	Aggregate  (cost=378.18..378.19 rows=1 width=8)
	  ->  Index Scan using sbtest5_pkey on sbtest5  (cost=0.43..377.94 rows=97 width=4)
	        Index Cond: ((id >= 1458732) AND (id <= 1458831))

table 6 : explain SELECT SUM(k) FROM sbtest6 WHERE id BETWEEN 1941120 AND 1941219
	Aggregate  (cost=378.60..378.61 rows=1 width=8)
	  ->  Index Scan using sbtest6_pkey on sbtest6  (cost=0.43..378.35 rows=97 width=4)
	        Index Cond: ((id >= 1941120) AND (id <= 1941219))

table 7 : explain SELECT SUM(k) FROM sbtest7 WHERE id BETWEEN 8637278 AND 8637377
	Aggregate  (cost=385.08..385.09 rows=1 width=8)
	  ->  Index Scan using sbtest7_pkey on sbtest7  (cost=0.43..384.83 rows=99 width=4)
	        Index Cond: ((id >= 8637278) AND (id <= 8637377))

table 8 : explain SELECT SUM(k) FROM sbtest8 WHERE id BETWEEN 788906 AND 789005
	Aggregate  (cost=389.33..389.34 rows=1 width=8)
	  ->  Index Scan using sbtest8_pkey on sbtest8  (cost=0.43..389.08 rows=100 width=4)
	        Index Cond: ((id >= 788906) AND (id <= 789005))

explain: for index_updates :: explain UPDATE sbtest%u SET k=k+1 WHERE id=%u
explain: for deletes :: explain DELETE FROM sbtest%u WHERE id=%u
explain: for non_index_updates :: explain UPDATE sbtest%u SET c='foobar' WHERE id=%u
for non_index_updates
table 1 : explain UPDATE sbtest1 SET c='foobar' WHERE id=7231556
	Update on sbtest1  (cost=0.43..8.45 rows=0 width=0)
	  ->  Index Scan using sbtest1_pkey on sbtest1  (cost=0.43..8.45 rows=1 width=490)
	        Index Cond: (id = 7231556)

table 2 : explain UPDATE sbtest2 SET c='foobar' WHERE id=5065890
	Update on sbtest2  (cost=0.43..8.45 rows=0 width=0)
	  ->  Index Scan using sbtest2_pkey on sbtest2  (cost=0.43..8.45 rows=1 width=490)
	        Index Cond: (id = 5065890)

table 3 : explain UPDATE sbtest3 SET c='foobar' WHERE id=4412937
	Update on sbtest3  (cost=0.43..8.45 rows=0 width=0)
	  ->  Index Scan using sbtest3_pkey on sbtest3  (cost=0.43..8.45 rows=1 width=490)
	        Index Cond: (id = 4412937)

table 4 : explain UPDATE sbtest4 SET c='foobar' WHERE id=9953341
	Update on sbtest4  (cost=0.43..8.45 rows=0 width=0)
	  ->  Index Scan using sbtest4_pkey on sbtest4  (cost=0.43..8.45 rows=1 width=490)
	        Index Cond: (id = 9953341)

table 5 : explain UPDATE sbtest5 SET c='foobar' WHERE id=4418811
	Update on sbtest5  (cost=0.43..8.45 rows=0 width=0)
	  ->  Index Scan using sbtest5_pkey on sbtest5  (cost=0.43..8.45 rows=1 width=490)
	        Index Cond: (id = 4418811)

table 6 : explain UPDATE sbtest6 SET c='foobar' WHERE id=3757688
	Update on sbtest6  (cost=0.43..8.45 rows=0 width=0)
	  ->  Index Scan using sbtest6_pkey on sbtest6  (cost=0.43..8.45 rows=1 width=490)
	        Index Cond: (id = 3757688)

table 7 : explain UPDATE sbtest7 SET c='foobar' WHERE id=6916426
	Update on sbtest7  (cost=0.43..8.45 rows=0 width=0)
	  ->  Index Scan using sbtest7_pkey on sbtest7  (cost=0.43..8.45 rows=1 width=490)
	        Index Cond: (id = 6916426)

table 8 : explain UPDATE sbtest8 SET c='foobar' WHERE id=2358729
	Update on sbtest8  (cost=0.43..8.45 rows=0 width=0)
	  ->  Index Scan using sbtest8_pkey on sbtest8  (cost=0.43..8.45 rows=1 width=490)
	        Index Cond: (id = 2358729)

for point_selects
table 1 : explain SELECT c FROM sbtest1 WHERE id=4181899
	Index Scan using sbtest1_pkey on sbtest1  (cost=0.43..8.45 rows=1 width=121)
	  Index Cond: (id = 4181899)

table 2 : explain SELECT c FROM sbtest2 WHERE id=4241154
	Index Scan using sbtest2_pkey on sbtest2  (cost=0.43..8.45 rows=1 width=121)
	  Index Cond: (id = 4241154)

table 3 : explain SELECT c FROM sbtest3 WHERE id=1137184
	Index Scan using sbtest3_pkey on sbtest3  (cost=0.43..8.45 rows=1 width=121)
	  Index Cond: (id = 1137184)

table 4 : explain SELECT c FROM sbtest4 WHERE id=2936459
	Index Scan using sbtest4_pkey on sbtest4  (cost=0.43..8.45 rows=1 width=121)
	  Index Cond: (id = 2936459)

table 5 : explain SELECT c FROM sbtest5 WHERE id=9916500
	Index Scan using sbtest5_pkey on sbtest5  (cost=0.43..8.45 rows=1 width=121)
	  Index Cond: (id = 9916500)

table 6 : explain SELECT c FROM sbtest6 WHERE id=3093352
	Index Scan using sbtest6_pkey on sbtest6  (cost=0.43..8.45 rows=1 width=121)
	  Index Cond: (id = 3093352)

table 7 : explain SELECT c FROM sbtest7 WHERE id=3421537
	Index Scan using sbtest7_pkey on sbtest7  (cost=0.43..8.45 rows=1 width=121)
	  Index Cond: (id = 3421537)

table 8 : explain SELECT c FROM sbtest8 WHERE id=5835651
	Index Scan using sbtest8_pkey on sbtest8  (cost=0.43..8.45 rows=1 width=121)
	  Index Cond: (id = 5835651)

for: simple_ranges
table 1 : explain SELECT c FROM sbtest1 WHERE id BETWEEN 5139148 AND 5139247
	Index Scan using sbtest1_pkey on sbtest1  (cost=0.43..340.82 rows=87 width=121)
	  Index Cond: ((id >= 5139148) AND (id <= 5139247))

table 2 : explain SELECT c FROM sbtest2 WHERE id BETWEEN 4670798 AND 4670897
	Index Scan using sbtest2_pkey on sbtest2  (cost=0.43..386.31 rows=99 width=121)
	  Index Cond: ((id >= 4670798) AND (id <= 4670897))

table 3 : explain SELECT c FROM sbtest3 WHERE id BETWEEN 1569841 AND 1569940
	Index Scan using sbtest3_pkey on sbtest3  (cost=0.43..403.24 rows=103 width=121)
	  Index Cond: ((id >= 1569841) AND (id <= 1569940))

table 4 : explain SELECT c FROM sbtest4 WHERE id BETWEEN 9859323 AND 9859422
	Index Scan using sbtest4_pkey on sbtest4  (cost=0.43..440.17 rows=113 width=121)
	  Index Cond: ((id >= 9859323) AND (id <= 9859422))

table 5 : explain SELECT c FROM sbtest5 WHERE id BETWEEN 3355964 AND 3356063
	Index Scan using sbtest5_pkey on sbtest5  (cost=0.43..381.79 rows=98 width=121)
	  Index Cond: ((id >= 3355964) AND (id <= 3356063))

table 6 : explain SELECT c FROM sbtest6 WHERE id BETWEEN 5014129 AND 5014228
	Index Scan using sbtest6_pkey on sbtest6  (cost=0.43..416.92 rows=107 width=121)
	  Index Cond: ((id >= 5014129) AND (id <= 5014228))

table 7 : explain SELECT c FROM sbtest7 WHERE id BETWEEN 9692320 AND 9692419
	Index Scan using sbtest7_pkey on sbtest7  (cost=0.43..411.76 rows=106 width=121)
	  Index Cond: ((id >= 9692320) AND (id <= 9692419))

table 8 : explain SELECT c FROM sbtest8 WHERE id BETWEEN 9028725 AND 9028824
	Index Scan using sbtest8_pkey on sbtest8  (cost=0.43..415.99 rows=107 width=121)
	  Index Cond: ((id >= 9028725) AND (id <= 9028824))

for deletes
table 1 : explain DELETE FROM sbtest1 WHERE id=8233849
	Delete on sbtest1  (cost=0.43..8.45 rows=0 width=0)
	  ->  Index Scan using sbtest1_pkey on sbtest1  (cost=0.43..8.45 rows=1 width=6)
	        Index Cond: (id = 8233849)

table 2 : explain DELETE FROM sbtest2 WHERE id=8671377
	Delete on sbtest2  (cost=0.43..8.45 rows=0 width=0)
	  ->  Index Scan using sbtest2_pkey on sbtest2  (cost=0.43..8.45 rows=1 width=6)
	        Index Cond: (id = 8671377)

table 3 : explain DELETE FROM sbtest3 WHERE id=9355869
	Delete on sbtest3  (cost=0.43..8.45 rows=0 width=0)
	  ->  Index Scan using sbtest3_pkey on sbtest3  (cost=0.43..8.45 rows=1 width=6)
	        Index Cond: (id = 9355869)

table 4 : explain DELETE FROM sbtest4 WHERE id=3470432
	Delete on sbtest4  (cost=0.43..8.45 rows=0 width=0)
	  ->  Index Scan using sbtest4_pkey on sbtest4  (cost=0.43..8.45 rows=1 width=6)
	        Index Cond: (id = 3470432)

table 5 : explain DELETE FROM sbtest5 WHERE id=1269547
	Delete on sbtest5  (cost=0.43..8.45 rows=0 width=0)
	  ->  Index Scan using sbtest5_pkey on sbtest5  (cost=0.43..8.45 rows=1 width=6)
	        Index Cond: (id = 1269547)

table 6 : explain DELETE FROM sbtest6 WHERE id=2662582
	Delete on sbtest6  (cost=0.43..8.45 rows=0 width=0)
	  ->  Index Scan using sbtest6_pkey on sbtest6  (cost=0.43..8.45 rows=1 width=6)
	        Index Cond: (id = 2662582)

table 7 : explain DELETE FROM sbtest7 WHERE id=1075955
	Delete on sbtest7  (cost=0.43..8.45 rows=0 width=0)
	  ->  Index Scan using sbtest7_pkey on sbtest7  (cost=0.43..8.45 rows=1 width=6)
	        Index Cond: (id = 1075955)

table 8 : explain DELETE FROM sbtest8 WHERE id=1789696
	Delete on sbtest8  (cost=0.43..8.45 rows=0 width=0)
	  ->  Index Scan using sbtest8_pkey on sbtest8  (cost=0.43..8.45 rows=1 width=6)
	        Index Cond: (id = 1789696)

for: order_ranges
table 1 : explain SELECT c FROM sbtest1 WHERE id BETWEEN 4469830 AND 4469929 ORDER BY c
	Sort  (cost=359.24..359.46 rows=91 width=121)
	  Sort Key: c
	  ->  Index Scan using sbtest1_pkey on sbtest1  (cost=0.43..356.27 rows=91 width=121)
	        Index Cond: ((id >= 4469830) AND (id <= 4469929))

table 2 : explain SELECT c FROM sbtest2 WHERE id BETWEEN 5472782 AND 5472881 ORDER BY c
	Sort  (cost=358.44..358.66 rows=91 width=121)
	  Sort Key: c
	  ->  Index Scan using sbtest2_pkey on sbtest2  (cost=0.43..355.47 rows=91 width=121)
	        Index Cond: ((id >= 5472782) AND (id <= 5472881))

table 3 : explain SELECT c FROM sbtest3 WHERE id BETWEEN 9261219 AND 9261318 ORDER BY c
	Sort  (cost=398.83..399.08 rows=101 width=121)
	  Sort Key: c
	  ->  Index Scan using sbtest3_pkey on sbtest3  (cost=0.43..395.46 rows=101 width=121)
	        Index Cond: ((id >= 9261219) AND (id <= 9261318))

table 4 : explain SELECT c FROM sbtest4 WHERE id BETWEEN 2211746 AND 2211845 ORDER BY c
	Sort  (cost=389.46..389.71 rows=99 width=121)
	  Sort Key: c
	  ->  Index Scan using sbtest4_pkey on sbtest4  (cost=0.43..386.18 rows=99 width=121)
	        Index Cond: ((id >= 2211746) AND (id <= 2211845))

table 5 : explain SELECT c FROM sbtest5 WHERE id BETWEEN 2264710 AND 2264809 ORDER BY c
	Sort  (cost=392.81..393.06 rows=100 width=121)
	  Sort Key: c
	  ->  Index Scan using sbtest5_pkey on sbtest5  (cost=0.43..389.49 rows=100 width=121)
	        Index Cond: ((id >= 2264710) AND (id <= 2264809))

table 6 : explain SELECT c FROM sbtest6 WHERE id BETWEEN 7355844 AND 7355943 ORDER BY c
	Sort  (cost=369.88..370.11 rows=94 width=121)
	  Sort Key: c
	  ->  Index Scan using sbtest6_pkey on sbtest6  (cost=0.43..366.80 rows=94 width=121)
	        Index Cond: ((id >= 7355844) AND (id <= 7355943))

table 7 : explain SELECT c FROM sbtest7 WHERE id BETWEEN 5950052 AND 5950151 ORDER BY c
	Sort  (cost=395.92..396.17 rows=101 width=121)
	  Sort Key: c
	  ->  Index Scan using sbtest7_pkey on sbtest7  (cost=0.43..392.56 rows=101 width=121)
	        Index Cond: ((id >= 5950052) AND (id <= 5950151))

table 8 : explain SELECT c FROM sbtest8 WHERE id BETWEEN 6235090 AND 6235189 ORDER BY c
	Sort  (cost=384.59..384.84 rows=98 width=121)
	  Sort Key: c
	  ->  Index Scan using sbtest8_pkey on sbtest8  (cost=0.43..381.35 rows=98 width=121)
	        Index Cond: ((id >= 6235090) AND (id <= 6235189))

explain: for deletes :: explain DELETE FROM sbtest%u WHERE id=%u
for index_updates
table 1 : explain UPDATE sbtest1 SET k=k+1 WHERE id=5225400
	Update on sbtest1  (cost=0.43..8.46 rows=0 width=0)
	  ->  Index Scan using sbtest1_pkey on sbtest1  (cost=0.43..8.46 rows=1 width=10)
	        Index Cond: (id = 5225400)

table 2 : explain UPDATE sbtest2 SET k=k+1 WHERE id=1939206
	Update on sbtest2  (cost=0.43..8.46 rows=0 width=0)
	  ->  Index Scan using sbtest2_pkey on sbtest2  (cost=0.43..8.46 rows=1 width=10)
	        Index Cond: (id = 1939206)

table 3 : explain UPDATE sbtest3 SET k=k+1 WHERE id=3269034
	Update on sbtest3  (cost=0.43..8.46 rows=0 width=0)
	  ->  Index Scan using sbtest3_pkey on sbtest3  (cost=0.43..8.46 rows=1 width=10)
	        Index Cond: (id = 3269034)

table 4 : explain UPDATE sbtest4 SET k=k+1 WHERE id=2583569
	Update on sbtest4  (cost=0.43..8.46 rows=0 width=0)
	  ->  Index Scan using sbtest4_pkey on sbtest4  (cost=0.43..8.46 rows=1 width=10)
	        Index Cond: (id = 2583569)

table 5 : explain UPDATE sbtest5 SET k=k+1 WHERE id=2582409
	Update on sbtest5  (cost=0.43..8.46 rows=0 width=0)
	  ->  Index Scan using sbtest5_pkey on sbtest5  (cost=0.43..8.46 rows=1 width=10)
	        Index Cond: (id = 2582409)

table 6 : explain UPDATE sbtest6 SET k=k+1 WHERE id=9292387
	Update on sbtest6  (cost=0.43..8.46 rows=0 width=0)
	  ->  Index Scan using sbtest6_pkey on sbtest6  (cost=0.43..8.46 rows=1 width=10)
	        Index Cond: (id = 9292387)

table 7 : explain UPDATE sbtest7 SET k=k+1 WHERE id=1080995
	Update on sbtest7  (cost=0.43..8.46 rows=0 width=0)
	  ->  Index Scan using sbtest7_pkey on sbtest7  (cost=0.43..8.46 rows=1 width=10)
	        Index Cond: (id = 1080995)

table 8 : explain UPDATE sbtest8 SET k=k+1 WHERE id=5051062
	Update on sbtest8  (cost=0.43..8.46 rows=0 width=0)
	  ->  Index Scan using sbtest8_pkey on sbtest8  (cost=0.43..8.46 rows=1 width=10)
	        Index Cond: (id = 5051062)

for non_index_updates
table 1 : explain UPDATE sbtest1 SET c='foobar' WHERE id=1164503
	Update on sbtest1  (cost=0.43..8.45 rows=0 width=0)
	  ->  Index Scan using sbtest1_pkey on sbtest1  (cost=0.43..8.45 rows=1 width=490)
	        Index Cond: (id = 1164503)

table 2 : explain UPDATE sbtest2 SET c='foobar' WHERE id=7441668
	Update on sbtest2  (cost=0.43..8.45 rows=0 width=0)
	  ->  Index Scan using sbtest2_pkey on sbtest2  (cost=0.43..8.45 rows=1 width=490)
	        Index Cond: (id = 7441668)

table 3 : explain UPDATE sbtest3 SET c='foobar' WHERE id=7782969
	Update on sbtest3  (cost=0.43..8.45 rows=0 width=0)
	  ->  Index Scan using sbtest3_pkey on sbtest3  (cost=0.43..8.45 rows=1 width=490)
	        Index Cond: (id = 7782969)

table 4 : explain UPDATE sbtest4 SET c='foobar' WHERE id=3958799
	Update on sbtest4  (cost=0.43..8.45 rows=0 width=0)
	  ->  Index Scan using sbtest4_pkey on sbtest4  (cost=0.43..8.45 rows=1 width=490)
	        Index Cond: (id = 3958799)

table 5 : explain UPDATE sbtest5 SET c='foobar' WHERE id=9473641
	Update on sbtest5  (cost=0.43..8.45 rows=0 width=0)
	  ->  Index Scan using sbtest5_pkey on sbtest5  (cost=0.43..8.45 rows=1 width=490)
	        Index Cond: (id = 9473641)

table 6 : explain UPDATE sbtest6 SET c='foobar' WHERE id=3076730
	Update on sbtest6  (cost=0.43..8.45 rows=0 width=0)
	  ->  Index Scan using sbtest6_pkey on sbtest6  (cost=0.43..8.45 rows=1 width=490)
	        Index Cond: (id = 3076730)

table 7 : explain UPDATE sbtest7 SET c='foobar' WHERE id=7042855
	Update on sbtest7  (cost=0.43..8.45 rows=0 width=0)
	  ->  Index Scan using sbtest7_pkey on sbtest7  (cost=0.43..8.45 rows=1 width=490)
	        Index Cond: (id = 7042855)

table 8 : explain UPDATE sbtest8 SET c='foobar' WHERE id=6724920
	Update on sbtest8  (cost=0.43..8.45 rows=0 width=0)
	  ->  Index Scan using sbtest8_pkey on sbtest8  (cost=0.43..8.45 rows=1 width=490)
	        Index Cond: (id = 6724920)

for deletes
table 1 : explain DELETE FROM sbtest1 WHERE id=1287707
	Delete on sbtest1  (cost=0.43..8.45 rows=0 width=0)
	  ->  Index Scan using sbtest1_pkey on sbtest1  (cost=0.43..8.45 rows=1 width=6)
	        Index Cond: (id = 1287707)

table 2 : explain DELETE FROM sbtest2 WHERE id=6123605
	Delete on sbtest2  (cost=0.43..8.45 rows=0 width=0)
	  ->  Index Scan using sbtest2_pkey on sbtest2  (cost=0.43..8.45 rows=1 width=6)
	        Index Cond: (id = 6123605)

table 3 : explain DELETE FROM sbtest3 WHERE id=6652657
	Delete on sbtest3  (cost=0.43..8.45 rows=0 width=0)
	  ->  Index Scan using sbtest3_pkey on sbtest3  (cost=0.43..8.45 rows=1 width=6)
	        Index Cond: (id = 6652657)

table 4 : explain DELETE FROM sbtest4 WHERE id=9611163
	Delete on sbtest4  (cost=0.43..8.45 rows=0 width=0)
	  ->  Index Scan using sbtest4_pkey on sbtest4  (cost=0.43..8.45 rows=1 width=6)
	        Index Cond: (id = 9611163)

table 5 : explain DELETE FROM sbtest5 WHERE id=1617230
	Delete on sbtest5  (cost=0.43..8.45 rows=0 width=0)
	  ->  Index Scan using sbtest5_pkey on sbtest5  (cost=0.43..8.45 rows=1 width=6)
	        Index Cond: (id = 1617230)

table 6 : explain DELETE FROM sbtest6 WHERE id=9904600
	Delete on sbtest6  (cost=0.43..8.45 rows=0 width=0)
	  ->  Index Scan using sbtest6_pkey on sbtest6  (cost=0.43..8.45 rows=1 width=6)
	        Index Cond: (id = 9904600)

table 7 : explain DELETE FROM sbtest7 WHERE id=7839470
	Delete on sbtest7  (cost=0.43..8.45 rows=0 width=0)
	  ->  Index Scan using sbtest7_pkey on sbtest7  (cost=0.43..8.45 rows=1 width=6)
	        Index Cond: (id = 7839470)

table 8 : explain DELETE FROM sbtest8 WHERE id=7930943
	Delete on sbtest8  (cost=0.43..8.45 rows=0 width=0)
	  ->  Index Scan using sbtest8_pkey on sbtest8  (cost=0.43..8.45 rows=1 width=6)
	        Index Cond: (id = 7930943)

for: order_ranges
table 1 : explain SELECT c FROM sbtest1 WHERE id BETWEEN 6865865 AND 6865964 ORDER BY c
	Sort  (cost=425.65..425.92 rows=108 width=121)
	  Sort Key: c
	  ->  Index Scan using sbtest1_pkey on sbtest1  (cost=0.43..422.00 rows=108 width=121)
	        Index Cond: ((id >= 6865865) AND (id <= 6865964))

table 2 : explain SELECT c FROM sbtest2 WHERE id BETWEEN 1262257 AND 1262356 ORDER BY c
	Sort  (cost=397.38..397.64 rows=101 width=121)
	  Sort Key: c
	  ->  Index Scan using sbtest2_pkey on sbtest2  (cost=0.43..394.02 rows=101 width=121)
	        Index Cond: ((id >= 1262257) AND (id <= 1262356))

table 3 : explain SELECT c FROM sbtest3 WHERE id BETWEEN 3078121 AND 3078220 ORDER BY c
	Sort  (cost=410.59..410.85 rows=104 width=121)
	  Sort Key: c
	  ->  Index Scan using sbtest3_pkey on sbtest3  (cost=0.43..407.11 rows=104 width=121)
	        Index Cond: ((id >= 3078121) AND (id <= 3078220))

table 4 : explain SELECT c FROM sbtest4 WHERE id BETWEEN 832306 AND 832405 ORDER BY c
	Sort  (cost=389.46..389.71 rows=99 width=121)
	  Sort Key: c
	  ->  Index Scan using sbtest4_pkey on sbtest4  (cost=0.43..386.18 rows=99 width=121)
	        Index Cond: ((id >= 832306) AND (id <= 832405))

table 5 : explain SELECT c FROM sbtest5 WHERE id BETWEEN 2180195 AND 2180294 ORDER BY c
	Sort  (cost=396.74..396.99 rows=101 width=121)
	  Sort Key: c
	  ->  Index Scan using sbtest5_pkey on sbtest5  (cost=0.43..393.38 rows=101 width=121)
	        Index Cond: ((id >= 2180195) AND (id <= 2180294))

table 6 : explain SELECT c FROM sbtest6 WHERE id BETWEEN 4216647 AND 4216746 ORDER BY c
	Sort  (cost=385.45..385.69 rows=98 width=121)
	  Sort Key: c
	  ->  Index Scan using sbtest6_pkey on sbtest6  (cost=0.43..382.21 rows=98 width=121)
	        Index Cond: ((id >= 4216647) AND (id <= 4216746))

table 7 : explain SELECT c FROM sbtest7 WHERE id BETWEEN 3826359 AND 3826458 ORDER BY c
	Sort  (cost=380.36..380.60 rows=97 width=121)
	  Sort Key: c
	  ->  Index Scan using sbtest7_pkey on sbtest7  (cost=0.43..377.16 rows=97 width=121)
	        Index Cond: ((id >= 3826359) AND (id <= 3826458))

table 8 : explain SELECT c FROM sbtest8 WHERE id BETWEEN 7311647 AND 7311746 ORDER BY c
	Sort  (cost=400.17..400.43 rows=102 width=121)
	  Sort Key: c
	  ->  Index Scan using sbtest8_pkey on sbtest8  (cost=0.43..396.77 rows=102 width=121)
	        Index Cond: ((id >= 7311647) AND (id <= 7311746))

explain: for inserts :: explain INSERT INTO sbtest%u (id, k, c, pad) VALUES (%u, 13, 'foobar', 'foobar')
explain: for deletes :: explain DELETE FROM sbtest%u WHERE id=%u
for: order_ranges
table 1 : explain SELECT c FROM sbtest1 WHERE id BETWEEN 6315479 AND 6315578 ORDER BY c
	Sort  (cost=363.14..363.37 rows=92 width=121)
	  Sort Key: c
	  ->  Index Scan using sbtest1_pkey on sbtest1  (cost=0.43..360.14 rows=92 width=121)
	        Index Cond: ((id >= 6315479) AND (id <= 6315578))

table 2 : explain SELECT c FROM sbtest2 WHERE id BETWEEN 7207422 AND 7207521 ORDER BY c
	Sort  (cost=405.22..405.47 rows=103 width=121)
	  Sort Key: c
	  ->  Index Scan using sbtest2_pkey on sbtest2  (cost=0.43..401.77 rows=103 width=121)
	        Index Cond: ((id >= 7207422) AND (id <= 7207521))

table 3 : explain SELECT c FROM sbtest3 WHERE id BETWEEN 3832055 AND 3832154 ORDER BY c
	Sort  (cost=410.59..410.85 rows=104 width=121)
	  Sort Key: c
	  ->  Index Scan using sbtest3_pkey on sbtest3  (cost=0.43..407.11 rows=104 width=121)
	        Index Cond: ((id >= 3832055) AND (id <= 3832154))

table 4 : explain SELECT c FROM sbtest4 WHERE id BETWEEN 9724873 AND 9724972 ORDER BY c
	Sort  (cost=412.86..413.13 rows=105 width=121)
	  Sort Key: c
	  ->  Index Scan using sbtest4_pkey on sbtest4  (cost=0.43..409.34 rows=105 width=121)
	        Index Cond: ((id >= 9724873) AND (id <= 9724972))

table 5 : explain SELECT c FROM sbtest5 WHERE id BETWEEN 3164503 AND 3164602 ORDER BY c
	Sort  (cost=388.92..389.17 rows=99 width=121)
	  Sort Key: c
	  ->  Index Scan using sbtest5_pkey on sbtest5  (cost=0.43..385.64 rows=99 width=121)
	        Index Cond: ((id >= 3164503) AND (id <= 3164602))

table 6 : explain SELECT c FROM sbtest6 WHERE id BETWEEN 8060949 AND 8061048 ORDER BY c
	Sort  (cost=381.55..381.80 rows=97 width=121)
	  Sort Key: c
	  ->  Index Scan using sbtest6_pkey on sbtest6  (cost=0.43..378.35 rows=97 width=121)
	        Index Cond: ((id >= 8060949) AND (id <= 8061048))

table 7 : explain SELECT c FROM sbtest7 WHERE id BETWEEN 2609149 AND 2609248 ORDER BY c
	Sort  (cost=399.80..400.06 rows=102 width=121)
	  Sort Key: c
	  ->  Index Scan using sbtest7_pkey on sbtest7  (cost=0.43..396.40 rows=102 width=121)
	        Index Cond: ((id >= 2609149) AND (id <= 2609248))

table 8 : explain SELECT c FROM sbtest8 WHERE id BETWEEN 7218448 AND 7218547 ORDER BY c
	Sort  (cost=404.06..404.31 rows=103 width=121)
	  Sort Key: c
	  ->  Index Scan using sbtest8_pkey on sbtest8  (cost=0.43..400.61 rows=103 width=121)
	        Index Cond: ((id >= 7218448) AND (id <= 7218547))

for deletes
table 1 : explain DELETE FROM sbtest1 WHERE id=1364078
	Delete on sbtest1  (cost=0.43..8.45 rows=0 width=0)
	  ->  Index Scan using sbtest1_pkey on sbtest1  (cost=0.43..8.45 rows=1 width=6)
	        Index Cond: (id = 1364078)

table 2 : explain DELETE FROM sbtest2 WHERE id=8136524
	Delete on sbtest2  (cost=0.43..8.45 rows=0 width=0)
	  ->  Index Scan using sbtest2_pkey on sbtest2  (cost=0.43..8.45 rows=1 width=6)
	        Index Cond: (id = 8136524)

table 3 : explain DELETE FROM sbtest3 WHERE id=5625361
	Delete on sbtest3  (cost=0.43..8.45 rows=0 width=0)
	  ->  Index Scan using sbtest3_pkey on sbtest3  (cost=0.43..8.45 rows=1 width=6)
	        Index Cond: (id = 5625361)

table 4 : explain DELETE FROM sbtest4 WHERE id=1135594
	Delete on sbtest4  (cost=0.43..8.45 rows=0 width=0)
	  ->  Index Scan using sbtest4_pkey on sbtest4  (cost=0.43..8.45 rows=1 width=6)
	        Index Cond: (id = 1135594)

table 5 : explain DELETE FROM sbtest5 WHERE id=5639209
	Delete on sbtest5  (cost=0.43..8.45 rows=0 width=0)
	  ->  Index Scan using sbtest5_pkey on sbtest5  (cost=0.43..8.45 rows=1 width=6)
	        Index Cond: (id = 5639209)

table 6 : explain DELETE FROM sbtest6 WHERE id=8726012
	Delete on sbtest6  (cost=0.43..8.45 rows=0 width=0)
	  ->  Index Scan using sbtest6_pkey on sbtest6  (cost=0.43..8.45 rows=1 width=6)
	        Index Cond: (id = 8726012)

table 7 : explain DELETE FROM sbtest7 WHERE id=5021892
	Delete on sbtest7  (cost=0.43..8.45 rows=0 width=0)
	  ->  Index Scan using sbtest7_pkey on sbtest7  (cost=0.43..8.45 rows=1 width=6)
	        Index Cond: (id = 5021892)

table 8 : explain DELETE FROM sbtest8 WHERE id=1914213
	Delete on sbtest8  (cost=0.43..8.45 rows=0 width=0)
	  ->  Index Scan using sbtest8_pkey on sbtest8  (cost=0.43..8.45 rows=1 width=6)
	        Index Cond: (id = 1914213)

for: order_ranges
table 1 : explain SELECT c FROM sbtest1 WHERE id BETWEEN 4914509 AND 4914608 ORDER BY c
	Sort  (cost=351.43..351.65 rows=89 width=121)
	  Sort Key: c
	  ->  Index Scan using sbtest1_pkey on sbtest1  (cost=0.43..348.55 rows=89 width=121)
	        Index Cond: ((id >= 4914509) AND (id <= 4914608))

table 2 : explain SELECT c FROM sbtest2 WHERE id BETWEEN 745839 AND 745938 ORDER BY c
	Sort  (cost=409.11..409.37 rows=104 width=121)
	  Sort Key: c
	  ->  Index Scan using sbtest2_pkey on sbtest2  (cost=0.43..405.63 rows=104 width=121)
	        Index Cond: ((id >= 745839) AND (id <= 745938))

table 3 : explain SELECT c FROM sbtest3 WHERE id BETWEEN 2794184 AND 2794283 ORDER BY c
	Sort  (cost=402.77..403.03 rows=102 width=121)
	  Sort Key: c
	  ->  Index Scan using sbtest3_pkey on sbtest3  (cost=0.43..399.37 rows=102 width=121)
	        Index Cond: ((id >= 2794184) AND (id <= 2794283))

table 4 : explain SELECT c FROM sbtest4 WHERE id BETWEEN 5990508 AND 5990607 ORDER BY c
	Sort  (cost=393.35..393.60 rows=100 width=121)
	  Sort Key: c
	  ->  Index Scan using sbtest4_pkey on sbtest4  (cost=0.43..390.03 rows=100 width=121)
	        Index Cond: ((id >= 5990508) AND (id <= 5990607))

table 5 : explain SELECT c FROM sbtest5 WHERE id BETWEEN 771614 AND 771713 ORDER BY c
	Sort  (cost=400.63..400.88 rows=102 width=121)
	  Sort Key: c
	  ->  Index Scan using sbtest5_pkey on sbtest5  (cost=0.43..397.22 rows=102 width=121)
	        Index Cond: ((id >= 771614) AND (id <= 771713))

table 6 : explain SELECT c FROM sbtest6 WHERE id BETWEEN 1854598 AND 1854697 ORDER BY c
	Sort  (cost=404.95..405.21 rows=103 width=121)
	  Sort Key: c
	  ->  Index Scan using sbtest6_pkey on sbtest6  (cost=0.43..401.51 rows=103 width=121)
	        Index Cond: ((id >= 1854598) AND (id <= 1854697))

table 7 : explain SELECT c FROM sbtest7 WHERE id BETWEEN 3998311 AND 3998410 ORDER BY c
	Sort  (cost=384.24..384.48 rows=98 width=121)
	  Sort Key: c
	  ->  Index Scan using sbtest7_pkey on sbtest7  (cost=0.43..381.00 rows=98 width=121)
	        Index Cond: ((id >= 3998311) AND (id <= 3998410))

table 8 : explain SELECT c FROM sbtest8 WHERE id BETWEEN 6790998 AND 6791097 ORDER BY c
	Sort  (cost=392.41..392.66 rows=100 width=121)
	  Sort Key: c
	  ->  Index Scan using sbtest8_pkey on sbtest8  (cost=0.43..389.08 rows=100 width=121)
	        Index Cond: ((id >= 6790998) AND (id <= 6791097))

for point_selects
table 1 : explain SELECT c FROM sbtest1 WHERE id=6760676
	Index Scan using sbtest1_pkey on sbtest1  (cost=0.43..8.45 rows=1 width=121)
	  Index Cond: (id = 6760676)

table 2 : explain SELECT c FROM sbtest2 WHERE id=8284561
	Index Scan using sbtest2_pkey on sbtest2  (cost=0.43..8.45 rows=1 width=121)
	  Index Cond: (id = 8284561)

table 3 : explain SELECT c FROM sbtest3 WHERE id=5574836
	Index Scan using sbtest3_pkey on sbtest3  (cost=0.43..8.45 rows=1 width=121)
	  Index Cond: (id = 5574836)

table 4 : explain SELECT c FROM sbtest4 WHERE id=7238383
	Index Scan using sbtest4_pkey on sbtest4  (cost=0.43..8.45 rows=1 width=121)
	  Index Cond: (id = 7238383)

table 5 : explain SELECT c FROM sbtest5 WHERE id=234763
	Index Scan using sbtest5_pkey on sbtest5  (cost=0.43..8.45 rows=1 width=121)
	  Index Cond: (id = 234763)

table 6 : explain SELECT c FROM sbtest6 WHERE id=407570
	Index Scan using sbtest6_pkey on sbtest6  (cost=0.43..8.45 rows=1 width=121)
	  Index Cond: (id = 407570)

table 7 : explain SELECT c FROM sbtest7 WHERE id=5139794
	Index Scan using sbtest7_pkey on sbtest7  (cost=0.43..8.45 rows=1 width=121)
	  Index Cond: (id = 5139794)

table 8 : explain SELECT c FROM sbtest8 WHERE id=2863768
	Index Scan using sbtest8_pkey on sbtest8  (cost=0.43..8.45 rows=1 width=121)
	  Index Cond: (id = 2863768)

explain: for point_selects :: explain SELECT c FROM sbtest%u WHERE id=%u
explain: for point_selects :: explain SELECT c FROM sbtest%u WHERE id=%u
for: simple_ranges
table 1 : explain SELECT c FROM sbtest1 WHERE id BETWEEN 2331479 AND 2331578
	Index Scan using sbtest1_pkey on sbtest1  (cost=0.43..394.91 rows=101 width=121)
	  Index Cond: ((id >= 2331479) AND (id <= 2331578))

table 2 : explain SELECT c FROM sbtest2 WHERE id BETWEEN 9740786 AND 9740885
	Index Scan using sbtest2_pkey on sbtest2  (cost=0.43..421.05 rows=108 width=121)
	  Index Cond: ((id >= 9740786) AND (id <= 9740885))

table 3 : explain SELECT c FROM sbtest3 WHERE id BETWEEN 6312637 AND 6312736
	Index Scan using sbtest3_pkey on sbtest3  (cost=0.43..418.72 rows=107 width=121)
	  Index Cond: ((id >= 6312637) AND (id <= 6312736))

table 4 : explain SELECT c FROM sbtest4 WHERE id BETWEEN 1889027 AND 1889126
	Index Scan using sbtest4_pkey on sbtest4  (cost=0.43..355.35 rows=91 width=121)
	  Index Cond: ((id >= 1889027) AND (id <= 1889126))

table 5 : explain SELECT c FROM sbtest5 WHERE id BETWEEN 5691335 AND 5691434
	Index Scan using sbtest5_pkey on sbtest5  (cost=0.43..358.70 rows=92 width=121)
	  Index Cond: ((id >= 5691335) AND (id <= 5691434))

table 6 : explain SELECT c FROM sbtest6 WHERE id BETWEEN 5256593 AND 5256692
	Index Scan using sbtest6_pkey on sbtest6  (cost=0.43..366.80 rows=94 width=121)
	  Index Cond: ((id >= 5256593) AND (id <= 5256692))

table 7 : explain SELECT c FROM sbtest7 WHERE id BETWEEN 6588567 AND 6588666
	Index Scan using sbtest7_pkey on sbtest7  (cost=0.43..427.12 rows=110 width=121)
	  Index Cond: ((id >= 6588567) AND (id <= 6588666))

table 8 : explain SELECT c FROM sbtest8 WHERE id BETWEEN 2587988 AND 2588087
	Index Scan using sbtest8_pkey on sbtest8  (cost=0.43..381.35 rows=98 width=121)
	  Index Cond: ((id >= 2587988) AND (id <= 2588087))

for inserts
table 1 : explain INSERT INTO sbtest1 (id, k, c, pad) VALUES (8161952, 13, 'foobar', 'foobar')
	Insert on sbtest1  (cost=0.00..0.01 rows=0 width=0)
	  ->  Result  (cost=0.00..0.01 rows=1 width=736)

table 2 : explain INSERT INTO sbtest2 (id, k, c, pad) VALUES (5074386, 13, 'foobar', 'foobar')
	Insert on sbtest2  (cost=0.00..0.01 rows=0 width=0)
	  ->  Result  (cost=0.00..0.01 rows=1 width=736)

table 3 : explain INSERT INTO sbtest3 (id, k, c, pad) VALUES (3326804, 13, 'foobar', 'foobar')
	Insert on sbtest3  (cost=0.00..0.01 rows=0 width=0)
	  ->  Result  (cost=0.00..0.01 rows=1 width=736)

table 4 : explain INSERT INTO sbtest4 (id, k, c, pad) VALUES (2698251, 13, 'foobar', 'foobar')
	Insert on sbtest4  (cost=0.00..0.01 rows=0 width=0)
	  ->  Result  (cost=0.00..0.01 rows=1 width=736)

table 5 : explain INSERT INTO sbtest5 (id, k, c, pad) VALUES (5349552, 13, 'foobar', 'foobar')
	Insert on sbtest5  (cost=0.00..0.01 rows=0 width=0)
	  ->  Result  (cost=0.00..0.01 rows=1 width=736)

table 6 : explain INSERT INTO sbtest6 (id, k, c, pad) VALUES (2780263, 13, 'foobar', 'foobar')
	Insert on sbtest6  (cost=0.00..0.01 rows=0 width=0)
	  ->  Result  (cost=0.00..0.01 rows=1 width=736)

table 7 : explain INSERT INTO sbtest7 (id, k, c, pad) VALUES (8702070, 13, 'foobar', 'foobar')
	Insert on sbtest7  (cost=0.00..0.01 rows=0 width=0)
	  ->  Result  (cost=0.00..0.01 rows=1 width=736)

table 8 : explain INSERT INTO sbtest8 (id, k, c, pad) VALUES (8834767, 13, 'foobar', 'foobar')
	Insert on sbtest8  (cost=0.00..0.01 rows=0 width=0)
	  ->  Result  (cost=0.00..0.01 rows=1 width=736)

for deletes
table 1 : explain DELETE FROM sbtest1 WHERE id=6332669
	Delete on sbtest1  (cost=0.43..8.45 rows=0 width=0)
	  ->  Index Scan using sbtest1_pkey on sbtest1  (cost=0.43..8.45 rows=1 width=6)
	        Index Cond: (id = 6332669)

table 2 : explain DELETE FROM sbtest2 WHERE id=6130560
	Delete on sbtest2  (cost=0.43..8.45 rows=0 width=0)
	  ->  Index Scan using sbtest2_pkey on sbtest2  (cost=0.43..8.45 rows=1 width=6)
	        Index Cond: (id = 6130560)

table 3 : explain DELETE FROM sbtest3 WHERE id=9047973
	Delete on sbtest3  (cost=0.43..8.45 rows=0 width=0)
	  ->  Index Scan using sbtest3_pkey on sbtest3  (cost=0.43..8.45 rows=1 width=6)
	        Index Cond: (id = 9047973)

table 4 : explain DELETE FROM sbtest4 WHERE id=688598
	Delete on sbtest4  (cost=0.43..8.45 rows=0 width=0)
	  ->  Index Scan using sbtest4_pkey on sbtest4  (cost=0.43..8.45 rows=1 width=6)
	        Index Cond: (id = 688598)

table 5 : explain DELETE FROM sbtest5 WHERE id=9055129
	Delete on sbtest5  (cost=0.43..8.45 rows=0 width=0)
	  ->  Index Scan using sbtest5_pkey on sbtest5  (cost=0.43..8.45 rows=1 width=6)
	        Index Cond: (id = 9055129)

table 6 : explain DELETE FROM sbtest6 WHERE id=290933
	Delete on sbtest6  (cost=0.43..8.45 rows=0 width=0)
	  ->  Index Scan using sbtest6_pkey on sbtest6  (cost=0.43..8.45 rows=1 width=6)
	        Index Cond: (id = 290933)

table 7 : explain DELETE FROM sbtest7 WHERE id=7299585
	Delete on sbtest7  (cost=0.43..8.45 rows=0 width=0)
	  ->  Index Scan using sbtest7_pkey on sbtest7  (cost=0.43..8.45 rows=1 width=6)
	        Index Cond: (id = 7299585)

table 8 : explain DELETE FROM sbtest8 WHERE id=4665858
	Delete on sbtest8  (cost=0.43..8.45 rows=0 width=0)
	  ->  Index Scan using sbtest8_pkey on sbtest8  (cost=0.43..8.45 rows=1 width=6)
	        Index Cond: (id = 4665858)

explain: for non_index_updates :: explain UPDATE sbtest%u SET c='foobar' WHERE id=%u
explain: for inserts :: explain INSERT INTO sbtest%u (id, k, c, pad) VALUES (%u, 13, 'foobar', 'foobar')
explain: for point_selects :: explain SELECT c FROM sbtest%u WHERE id=%u
explain: for inserts :: explain INSERT INTO sbtest%u (id, k, c, pad) VALUES (%u, 13, 'foobar', 'foobar')
for: distinct_ranges
table 1 : explain SELECT DISTINCT c FROM sbtest1 WHERE id BETWEEN 6131527 AND 6131626 ORDER BY c
	Unique  (cost=355.33..355.78 rows=90 width=121)
	  ->  Sort  (cost=355.33..355.56 rows=90 width=121)
	        Sort Key: c
	        ->  Index Scan using sbtest1_pkey on sbtest1  (cost=0.43..352.41 rows=90 width=121)
	              Index Cond: ((id >= 6131527) AND (id <= 6131626))

table 2 : explain SELECT DISTINCT c FROM sbtest2 WHERE id BETWEEN 4307684 AND 4307783 ORDER BY c
	Unique  (cost=416.90..417.43 rows=106 width=121)
	  ->  Sort  (cost=416.90..417.17 rows=106 width=121)
	        Sort Key: c
	        ->  Index Scan using sbtest2_pkey on sbtest2  (cost=0.43..413.34 rows=106 width=121)
	              Index Cond: ((id >= 4307684) AND (id <= 4307783))

table 3 : explain SELECT DISTINCT c FROM sbtest3 WHERE id BETWEEN 6419928 AND 6420027 ORDER BY c
	Unique  (cost=379.28..379.76 rows=96 width=121)
	  ->  Sort  (cost=379.28..379.52 rows=96 width=121)
	        Sort Key: c
	        ->  Index Scan using sbtest3_pkey on sbtest3  (cost=0.43..376.12 rows=96 width=121)
	              Index Cond: ((id >= 6419928) AND (id <= 6420027))

table 4 : explain SELECT DISTINCT c FROM sbtest4 WHERE id BETWEEN 2379592 AND 2379691 ORDER BY c
	Unique  (cost=408.97..409.49 rows=104 width=121)
	  ->  Sort  (cost=408.97..409.23 rows=104 width=121)
	        Sort Key: c
	        ->  Index Scan using sbtest4_pkey on sbtest4  (cost=0.43..405.49 rows=104 width=121)
	              Index Cond: ((id >= 2379592) AND (id <= 2379691))

table 5 : explain SELECT DISTINCT c FROM sbtest5 WHERE id BETWEEN 7516696 AND 7516795 ORDER BY c
	Unique  (cost=373.37..373.84 rows=95 width=121)
	  ->  Sort  (cost=373.37..373.60 rows=95 width=121)
	        Sort Key: c
	        ->  Index Scan using sbtest5_pkey on sbtest5  (cost=0.43..370.25 rows=95 width=121)
	              Index Cond: ((id >= 7516696) AND (id <= 7516795))

table 6 : explain SELECT DISTINCT c FROM sbtest6 WHERE id BETWEEN 133168 AND 133267 ORDER BY c
	Unique  (cost=424.42..424.96 rows=108 width=121)
	  ->  Sort  (cost=424.42..424.69 rows=108 width=121)
	        Sort Key: c
	        ->  Index Scan using sbtest6_pkey on sbtest6  (cost=0.43..420.77 rows=108 width=121)
	              Index Cond: ((id >= 133168) AND (id <= 133267))

table 7 : explain SELECT DISTINCT c FROM sbtest7 WHERE id BETWEEN 7218038 AND 7218137 ORDER BY c
	Unique  (cost=395.92..396.43 rows=101 width=121)
	  ->  Sort  (cost=395.92..396.17 rows=101 width=121)
	        Sort Key: c
	        ->  Index Scan using sbtest7_pkey on sbtest7  (cost=0.43..392.56 rows=101 width=121)
	              Index Cond: ((id >= 7218038) AND (id <= 7218137))

table 8 : explain SELECT DISTINCT c FROM sbtest8 WHERE id BETWEEN 3053819 AND 3053918 ORDER BY c
	Unique  (cost=396.29..396.79 rows=101 width=121)
	  ->  Sort  (cost=396.29..396.54 rows=101 width=121)
	        Sort Key: c
	        ->  Index Scan using sbtest8_pkey on sbtest8  (cost=0.43..392.93 rows=101 width=121)
	              Index Cond: ((id >= 3053819) AND (id <= 3053918))

explain: for inserts :: explain INSERT INTO sbtest%u (id, k, c, pad) VALUES (%u, 13, 'foobar', 'foobar')
for inserts
table 1 : explain INSERT INTO sbtest1 (id, k, c, pad) VALUES (2327850, 13, 'foobar', 'foobar')
	Insert on sbtest1  (cost=0.00..0.01 rows=0 width=0)
	  ->  Result  (cost=0.00..0.01 rows=1 width=736)

table 2 : explain INSERT INTO sbtest2 (id, k, c, pad) VALUES (6941357, 13, 'foobar', 'foobar')
	Insert on sbtest2  (cost=0.00..0.01 rows=0 width=0)
	  ->  Result  (cost=0.00..0.01 rows=1 width=736)

table 3 : explain INSERT INTO sbtest3 (id, k, c, pad) VALUES (5992454, 13, 'foobar', 'foobar')
	Insert on sbtest3  (cost=0.00..0.01 rows=0 width=0)
	  ->  Result  (cost=0.00..0.01 rows=1 width=736)

table 4 : explain INSERT INTO sbtest4 (id, k, c, pad) VALUES (4980674, 13, 'foobar', 'foobar')
	Insert on sbtest4  (cost=0.00..0.01 rows=0 width=0)
	  ->  Result  (cost=0.00..0.01 rows=1 width=736)

table 5 : explain INSERT INTO sbtest5 (id, k, c, pad) VALUES (316863, 13, 'foobar', 'foobar')
	Insert on sbtest5  (cost=0.00..0.01 rows=0 width=0)
	  ->  Result  (cost=0.00..0.01 rows=1 width=736)

table 6 : explain INSERT INTO sbtest6 (id, k, c, pad) VALUES (4602550, 13, 'foobar', 'foobar')
	Insert on sbtest6  (cost=0.00..0.01 rows=0 width=0)
	  ->  Result  (cost=0.00..0.01 rows=1 width=736)

table 7 : explain INSERT INTO sbtest7 (id, k, c, pad) VALUES (2275575, 13, 'foobar', 'foobar')
	Insert on sbtest7  (cost=0.00..0.01 rows=0 width=0)
	  ->  Result  (cost=0.00..0.01 rows=1 width=736)

table 8 : explain INSERT INTO sbtest8 (id, k, c, pad) VALUES (1971544, 13, 'foobar', 'foobar')
	Insert on sbtest8  (cost=0.00..0.01 rows=0 width=0)
	  ->  Result  (cost=0.00..0.01 rows=1 width=736)

explain: for index_updates :: explain UPDATE sbtest%u SET k=k+1 WHERE id=%u
for non_index_updates
table 1 : explain UPDATE sbtest1 SET c='foobar' WHERE id=1938190
	Update on sbtest1  (cost=0.43..8.45 rows=0 width=0)
	  ->  Index Scan using sbtest1_pkey on sbtest1  (cost=0.43..8.45 rows=1 width=490)
	        Index Cond: (id = 1938190)

table 2 : explain UPDATE sbtest2 SET c='foobar' WHERE id=4106401
	Update on sbtest2  (cost=0.43..8.45 rows=0 width=0)
	  ->  Index Scan using sbtest2_pkey on sbtest2  (cost=0.43..8.45 rows=1 width=490)
	        Index Cond: (id = 4106401)

table 3 : explain UPDATE sbtest3 SET c='foobar' WHERE id=9468330
	Update on sbtest3  (cost=0.43..8.45 rows=0 width=0)
	  ->  Index Scan using sbtest3_pkey on sbtest3  (cost=0.43..8.45 rows=1 width=490)
	        Index Cond: (id = 9468330)

table 4 : explain UPDATE sbtest4 SET c='foobar' WHERE id=1503749
	Update on sbtest4  (cost=0.43..8.45 rows=0 width=0)
	  ->  Index Scan using sbtest4_pkey on sbtest4  (cost=0.43..8.45 rows=1 width=490)
	        Index Cond: (id = 1503749)

table 5 : explain UPDATE sbtest5 SET c='foobar' WHERE id=8774567
	Update on sbtest5  (cost=0.43..8.45 rows=0 width=0)
	  ->  Index Scan using sbtest5_pkey on sbtest5  (cost=0.43..8.45 rows=1 width=490)
	        Index Cond: (id = 8774567)

table 6 : explain UPDATE sbtest6 SET c='foobar' WHERE id=4910358
	Update on sbtest6  (cost=0.43..8.45 rows=0 width=0)
	  ->  Index Scan using sbtest6_pkey on sbtest6  (cost=0.43..8.45 rows=1 width=490)
	        Index Cond: (id = 4910358)

table 7 : explain UPDATE sbtest7 SET c='foobar' WHERE id=5510539
	Update on sbtest7  (cost=0.43..8.45 rows=0 width=0)
	  ->  Index Scan using sbtest7_pkey on sbtest7  (cost=0.43..8.45 rows=1 width=490)
	        Index Cond: (id = 5510539)

table 8 : explain UPDATE sbtest8 SET c='foobar' WHERE id=1985835
	Update on sbtest8  (cost=0.43..8.45 rows=0 width=0)
	  ->  Index Scan using sbtest8_pkey on sbtest8  (cost=0.43..8.45 rows=1 width=490)
	        Index Cond: (id = 1985835)

for inserts
table 1 : explain INSERT INTO sbtest1 (id, k, c, pad) VALUES (1291786, 13, 'foobar', 'foobar')
	Insert on sbtest1  (cost=0.00..0.01 rows=0 width=0)
	  ->  Result  (cost=0.00..0.01 rows=1 width=736)

table 2 : explain INSERT INTO sbtest2 (id, k, c, pad) VALUES (3313469, 13, 'foobar', 'foobar')
	Insert on sbtest2  (cost=0.00..0.01 rows=0 width=0)
	  ->  Result  (cost=0.00..0.01 rows=1 width=736)

table 3 : explain INSERT INTO sbtest3 (id, k, c, pad) VALUES (2435151, 13, 'foobar', 'foobar')
	Insert on sbtest3  (cost=0.00..0.01 rows=0 width=0)
	  ->  Result  (cost=0.00..0.01 rows=1 width=736)

table 4 : explain INSERT INTO sbtest4 (id, k, c, pad) VALUES (255416, 13, 'foobar', 'foobar')
	Insert on sbtest4  (cost=0.00..0.01 rows=0 width=0)
	  ->  Result  (cost=0.00..0.01 rows=1 width=736)

table 5 : explain INSERT INTO sbtest5 (id, k, c, pad) VALUES (4851321, 13, 'foobar', 'foobar')
	Insert on sbtest5  (cost=0.00..0.01 rows=0 width=0)
	  ->  Result  (cost=0.00..0.01 rows=1 width=736)

table 6 : explain INSERT INTO sbtest6 (id, k, c, pad) VALUES (3174412, 13, 'foobar', 'foobar')
	Insert on sbtest6  (cost=0.00..0.01 rows=0 width=0)
	  ->  Result  (cost=0.00..0.01 rows=1 width=736)

table 7 : explain INSERT INTO sbtest7 (id, k, c, pad) VALUES (7086631, 13, 'foobar', 'foobar')
	Insert on sbtest7  (cost=0.00..0.01 rows=0 width=0)
	  ->  Result  (cost=0.00..0.01 rows=1 width=736)

table 8 : explain INSERT INTO sbtest8 (id, k, c, pad) VALUES (7576190, 13, 'foobar', 'foobar')
	Insert on sbtest8  (cost=0.00..0.01 rows=0 width=0)
	  ->  Result  (cost=0.00..0.01 rows=1 width=736)

for: simple_ranges
table 1 : explain SELECT c FROM sbtest1 WHERE id BETWEEN 7764831 AND 7764930
	Index Scan using sbtest1_pkey on sbtest1  (cost=0.43..425.86 rows=109 width=121)
	  Index Cond: ((id >= 7764831) AND (id <= 7764930))

table 2 : explain SELECT c FROM sbtest2 WHERE id BETWEEN 4020372 AND 4020471
	Index Scan using sbtest2_pkey on sbtest2  (cost=0.43..401.77 rows=103 width=121)
	  Index Cond: ((id >= 4020372) AND (id <= 4020471))

table 3 : explain SELECT c FROM sbtest3 WHERE id BETWEEN 6575628 AND 6575727
	Index Scan using sbtest3_pkey on sbtest3  (cost=0.43..372.25 rows=95 width=121)
	  Index Cond: ((id >= 6575628) AND (id <= 6575727))

table 4 : explain SELECT c FROM sbtest4 WHERE id BETWEEN 3924355 AND 3924454
	Index Scan using sbtest4_pkey on sbtest4  (cost=0.43..382.32 rows=98 width=121)
	  Index Cond: ((id >= 3924355) AND (id <= 3924454))

table 5 : explain SELECT c FROM sbtest5 WHERE id BETWEEN 5489241 AND 5489340
	Index Scan using sbtest5_pkey on sbtest5  (cost=0.43..393.38 rows=101 width=121)
	  Index Cond: ((id >= 5489241) AND (id <= 5489340))

table 6 : explain SELECT c FROM sbtest6 WHERE id BETWEEN 4158584 AND 4158683
	Index Scan using sbtest6_pkey on sbtest6  (cost=0.43..382.21 rows=98 width=121)
	  Index Cond: ((id >= 4158584) AND (id <= 4158683))

table 7 : explain SELECT c FROM sbtest7 WHERE id BETWEEN 321168 AND 321267
	Index Scan using sbtest7_pkey on sbtest7  (cost=0.43..365.64 rows=94 width=121)
	  Index Cond: ((id >= 321168) AND (id <= 321267))

table 8 : explain SELECT c FROM sbtest8 WHERE id BETWEEN 2572034 AND 2572133
	Index Scan using sbtest8_pkey on sbtest8  (cost=0.43..381.35 rows=98 width=121)
	  Index Cond: ((id >= 2572034) AND (id <= 2572133))

for: distinct_ranges
table 1 : explain SELECT DISTINCT c FROM sbtest1 WHERE id BETWEEN 4267981 AND 4268080 ORDER BY c
	Unique  (cost=390.47..390.96 rows=99 width=121)
	  ->  Sort  (cost=390.47..390.71 rows=99 width=121)
	        Sort Key: c
	        ->  Index Scan using sbtest1_pkey on sbtest1  (cost=0.43..387.18 rows=99 width=121)
	              Index Cond: ((id >= 4267981) AND (id <= 4268080))

table 2 : explain SELECT DISTINCT c FROM sbtest2 WHERE id BETWEEN 7308045 AND 7308144 ORDER BY c
	Unique  (cost=424.70..425.24 rows=108 width=121)
	  ->  Sort  (cost=424.70..424.97 rows=108 width=121)
	        Sort Key: c
	        ->  Index Scan using sbtest2_pkey on sbtest2  (cost=0.43..421.05 rows=108 width=121)
	              Index Cond: ((id >= 7308045) AND (id <= 7308144))

table 3 : explain SELECT DISTINCT c FROM sbtest3 WHERE id BETWEEN 2914552 AND 2914651 ORDER BY c
	Unique  (cost=402.77..403.28 rows=102 width=121)
	  ->  Sort  (cost=402.77..403.03 rows=102 width=121)
	        Sort Key: c
	        ->  Index Scan using sbtest3_pkey on sbtest3  (cost=0.43..399.37 rows=102 width=121)
	              Index Cond: ((id >= 2914552) AND (id <= 2914651))

table 4 : explain SELECT DISTINCT c FROM sbtest4 WHERE id BETWEEN 1478899 AND 1478998 ORDER BY c
	Unique  (cost=424.55..425.09 rows=108 width=121)
	  ->  Sort  (cost=424.55..424.82 rows=108 width=121)
	        Sort Key: c
	        ->  Index Scan using sbtest4_pkey on sbtest4  (cost=0.43..420.90 rows=108 width=121)
	              Index Cond: ((id >= 1478899) AND (id <= 1478998))

table 5 : explain SELECT DISTINCT c FROM sbtest5 WHERE id BETWEEN 2957783 AND 2957882 ORDER BY c
	Unique  (cost=400.63..401.14 rows=102 width=121)
	  ->  Sort  (cost=400.63..400.88 rows=102 width=121)
	        Sort Key: c
	        ->  Index Scan using sbtest5_pkey on sbtest5  (cost=0.43..397.22 rows=102 width=121)
	              Index Cond: ((id >= 2957783) AND (id <= 2957882))

table 6 : explain SELECT DISTINCT c FROM sbtest6 WHERE id BETWEEN 5083354 AND 5083453 ORDER BY c
	Unique  (cost=443.88..444.45 rows=113 width=121)
	  ->  Sort  (cost=443.88..444.17 rows=113 width=121)
	        Sort Key: c
	        ->  Index Scan using sbtest6_pkey on sbtest6  (cost=0.43..440.03 rows=113 width=121)
	              Index Cond: ((id >= 5083354) AND (id <= 5083453))

table 7 : explain SELECT DISTINCT c FROM sbtest7 WHERE id BETWEEN 7530606 AND 7530705 ORDER BY c
	Unique  (cost=376.48..376.96 rows=96 width=121)
	  ->  Sort  (cost=376.48..376.72 rows=96 width=121)
	        Sort Key: c
	        ->  Index Scan using sbtest7_pkey on sbtest7  (cost=0.43..373.32 rows=96 width=121)
	              Index Cond: ((id >= 7530606) AND (id <= 7530705))

table 8 : explain SELECT DISTINCT c FROM sbtest8 WHERE id BETWEEN 2149800 AND 2149899 ORDER BY c
	Unique  (cost=369.06..369.53 rows=94 width=121)
	  ->  Sort  (cost=369.06..369.29 rows=94 width=121)
	        Sort Key: c
	        ->  Index Scan using sbtest8_pkey on sbtest8  (cost=0.43..365.98 rows=94 width=121)
	              Index Cond: ((id >= 2149800) AND (id <= 2149899))

for inserts
table 1 : explain INSERT INTO sbtest1 (id, k, c, pad) VALUES (3040541, 13, 'foobar', 'foobar')
	Insert on sbtest1  (cost=0.00..0.01 rows=0 width=0)
	  ->  Result  (cost=0.00..0.01 rows=1 width=736)

table 2 : explain INSERT INTO sbtest2 (id, k, c, pad) VALUES (9955618, 13, 'foobar', 'foobar')
	Insert on sbtest2  (cost=0.00..0.01 rows=0 width=0)
	  ->  Result  (cost=0.00..0.01 rows=1 width=736)

table 3 : explain INSERT INTO sbtest3 (id, k, c, pad) VALUES (5720464, 13, 'foobar', 'foobar')
	Insert on sbtest3  (cost=0.00..0.01 rows=0 width=0)
	  ->  Result  (cost=0.00..0.01 rows=1 width=736)

table 4 : explain INSERT INTO sbtest4 (id, k, c, pad) VALUES (4755032, 13, 'foobar', 'foobar')
	Insert on sbtest4  (cost=0.00..0.01 rows=0 width=0)
	  ->  Result  (cost=0.00..0.01 rows=1 width=736)

table 5 : explain INSERT INTO sbtest5 (id, k, c, pad) VALUES (2640518, 13, 'foobar', 'foobar')
	Insert on sbtest5  (cost=0.00..0.01 rows=0 width=0)
	  ->  Result  (cost=0.00..0.01 rows=1 width=736)

table 6 : explain INSERT INTO sbtest6 (id, k, c, pad) VALUES (8577960, 13, 'foobar', 'foobar')
	Insert on sbtest6  (cost=0.00..0.01 rows=0 width=0)
	  ->  Result  (cost=0.00..0.01 rows=1 width=736)

table 7 : explain INSERT INTO sbtest7 (id, k, c, pad) VALUES (9371190, 13, 'foobar', 'foobar')
	Insert on sbtest7  (cost=0.00..0.01 rows=0 width=0)
	  ->  Result  (cost=0.00..0.01 rows=1 width=736)

table 8 : explain INSERT INTO sbtest8 (id, k, c, pad) VALUES (3224925, 13, 'foobar', 'foobar')
	Insert on sbtest8  (cost=0.00..0.01 rows=0 width=0)
	  ->  Result  (cost=0.00..0.01 rows=1 width=736)

explain: for deletes :: explain DELETE FROM sbtest%u WHERE id=%u
for: sum_ranges
table 1 : explain SELECT SUM(k) FROM sbtest1 WHERE id BETWEEN 4058371 AND 4058470
	Aggregate  (cost=387.43..387.44 rows=1 width=8)
	  ->  Index Scan using sbtest1_pkey on sbtest1  (cost=0.43..387.18 rows=99 width=4)
	        Index Cond: ((id >= 4058371) AND (id <= 4058470))

table 2 : explain SELECT SUM(k) FROM sbtest2 WHERE id BETWEEN 4961107 AND 4961206
	Aggregate  (cost=394.28..394.29 rows=1 width=8)
	  ->  Index Scan using sbtest2_pkey on sbtest2  (cost=0.43..394.02 rows=101 width=4)
	        Index Cond: ((id >= 4961107) AND (id <= 4961206))

table 3 : explain SELECT SUM(k) FROM sbtest3 WHERE id BETWEEN 5814886 AND 5814985
	Aggregate  (cost=376.36..376.37 rows=1 width=8)
	  ->  Index Scan using sbtest3_pkey on sbtest3  (cost=0.43..376.12 rows=96 width=4)
	        Index Cond: ((id >= 5814886) AND (id <= 5814985))

table 4 : explain SELECT SUM(k) FROM sbtest4 WHERE id BETWEEN 1727644 AND 1727743
	Aggregate  (cost=382.57..382.58 rows=1 width=8)
	  ->  Index Scan using sbtest4_pkey on sbtest4  (cost=0.43..382.32 rows=98 width=4)
	        Index Cond: ((id >= 1727644) AND (id <= 1727743))

table 5 : explain SELECT SUM(k) FROM sbtest5 WHERE id BETWEEN 4418494 AND 4418593
	Aggregate  (cost=385.88..385.89 rows=1 width=8)
	  ->  Index Scan using sbtest5_pkey on sbtest5  (cost=0.43..385.64 rows=99 width=4)
	        Index Cond: ((id >= 4418494) AND (id <= 4418593))

table 6 : explain SELECT SUM(k) FROM sbtest6 WHERE id BETWEEN 8368591 AND 8368690
	Aggregate  (cost=390.16..390.17 rows=1 width=8)
	  ->  Index Scan using sbtest6_pkey on sbtest6  (cost=0.43..389.91 rows=100 width=4)
	        Index Cond: ((id >= 8368591) AND (id <= 8368690))

table 7 : explain SELECT SUM(k) FROM sbtest7 WHERE id BETWEEN 4201481 AND 4201580
	Aggregate  (cost=412.02..412.03 rows=1 width=8)
	  ->  Index Scan using sbtest7_pkey on sbtest7  (cost=0.43..411.76 rows=106 width=4)
	        Index Cond: ((id >= 4201481) AND (id <= 4201580))

table 8 : explain SELECT SUM(k) FROM sbtest8 WHERE id BETWEEN 5538684 AND 5538783
	Aggregate  (cost=404.72..404.73 rows=1 width=8)
	  ->  Index Scan using sbtest8_pkey on sbtest8  (cost=0.43..404.46 rows=104 width=4)
	        Index Cond: ((id >= 5538684) AND (id <= 5538783))

explain: for index_updates :: explain UPDATE sbtest%u SET k=k+1 WHERE id=%u
explain: for point_selects :: explain SELECT c FROM sbtest%u WHERE id=%u
for index_updates
table 1 : explain UPDATE sbtest1 SET k=k+1 WHERE id=7545558
	Update on sbtest1  (cost=0.43..8.46 rows=0 width=0)
	  ->  Index Scan using sbtest1_pkey on sbtest1  (cost=0.43..8.46 rows=1 width=10)
	        Index Cond: (id = 7545558)

table 2 : explain UPDATE sbtest2 SET k=k+1 WHERE id=8908647
	Update on sbtest2  (cost=0.43..8.46 rows=0 width=0)
	  ->  Index Scan using sbtest2_pkey on sbtest2  (cost=0.43..8.46 rows=1 width=10)
	        Index Cond: (id = 8908647)

table 3 : explain UPDATE sbtest3 SET k=k+1 WHERE id=3706854
	Update on sbtest3  (cost=0.43..8.46 rows=0 width=0)
	  ->  Index Scan using sbtest3_pkey on sbtest3  (cost=0.43..8.46 rows=1 width=10)
	        Index Cond: (id = 3706854)

table 4 : explain UPDATE sbtest4 SET k=k+1 WHERE id=4273389
	Update on sbtest4  (cost=0.43..8.46 rows=0 width=0)
	  ->  Index Scan using sbtest4_pkey on sbtest4  (cost=0.43..8.46 rows=1 width=10)
	        Index Cond: (id = 4273389)

table 5 : explain UPDATE sbtest5 SET k=k+1 WHERE id=410644
	Update on sbtest5  (cost=0.43..8.46 rows=0 width=0)
	  ->  Index Scan using sbtest5_pkey on sbtest5  (cost=0.43..8.46 rows=1 width=10)
	        Index Cond: (id = 410644)

table 6 : explain UPDATE sbtest6 SET k=k+1 WHERE id=3926708
	Update on sbtest6  (cost=0.43..8.46 rows=0 width=0)
	  ->  Index Scan using sbtest6_pkey on sbtest6  (cost=0.43..8.46 rows=1 width=10)
	        Index Cond: (id = 3926708)

table 7 : explain UPDATE sbtest7 SET k=k+1 WHERE id=1716810
	Update on sbtest7  (cost=0.43..8.46 rows=0 width=0)
	  ->  Index Scan using sbtest7_pkey on sbtest7  (cost=0.43..8.46 rows=1 width=10)
	        Index Cond: (id = 1716810)

table 8 : explain UPDATE sbtest8 SET k=k+1 WHERE id=7117053
	Update on sbtest8  (cost=0.43..8.46 rows=0 width=0)
	  ->  Index Scan using sbtest8_pkey on sbtest8  (cost=0.43..8.46 rows=1 width=10)
	        Index Cond: (id = 7117053)

for: sum_ranges
table 1 : explain SELECT SUM(k) FROM sbtest1 WHERE id BETWEEN 5571114 AND 5571213
	Aggregate  (cost=368.10..368.11 rows=1 width=8)
	  ->  Index Scan using sbtest1_pkey on sbtest1  (cost=0.43..367.87 rows=94 width=4)
	        Index Cond: ((id >= 5571114) AND (id <= 5571213))

table 2 : explain SELECT SUM(k) FROM sbtest2 WHERE id BETWEEN 8992122 AND 8992221
	Aggregate  (cost=382.70..382.71 rows=1 width=8)
	  ->  Index Scan using sbtest2_pkey on sbtest2  (cost=0.43..382.46 rows=98 width=4)
	        Index Cond: ((id >= 8992122) AND (id <= 8992221))

table 3 : explain SELECT SUM(k) FROM sbtest3 WHERE id BETWEEN 4659997 AND 4660096
	Aggregate  (cost=415.11..415.12 rows=1 width=8)
	  ->  Index Scan using sbtest3_pkey on sbtest3  (cost=0.43..414.85 rows=106 width=4)
	        Index Cond: ((id >= 4659997) AND (id <= 4660096))

table 4 : explain SELECT SUM(k) FROM sbtest4 WHERE id BETWEEN 190227 AND 190326
	Aggregate  (cost=390.28..390.29 rows=1 width=8)
	  ->  Index Scan using sbtest4_pkey on sbtest4  (cost=0.43..390.03 rows=100 width=4)
	        Index Cond: ((id >= 190227) AND (id <= 190326))

table 5 : explain SELECT SUM(k) FROM sbtest5 WHERE id BETWEEN 9063103 AND 9063202
	Aggregate  (cost=420.58..420.59 rows=1 width=8)
	  ->  Index Scan using sbtest5_pkey on sbtest5  (cost=0.43..420.31 rows=108 width=4)
	        Index Cond: ((id >= 9063103) AND (id <= 9063202))

table 6 : explain SELECT SUM(k) FROM sbtest6 WHERE id BETWEEN 6384184 AND 6384283
	Aggregate  (cost=390.20..390.21 rows=1 width=8)
	  ->  Index Scan using sbtest6_pkey on sbtest6  (cost=0.43..389.95 rows=100 width=4)
	        Index Cond: ((id >= 6384184) AND (id <= 6384283))

table 7 : explain SELECT SUM(k) FROM sbtest7 WHERE id BETWEEN 8110622 AND 8110721
	Aggregate  (cost=331.29..331.30 rows=1 width=8)
	  ->  Index Scan using sbtest7_pkey on sbtest7  (cost=0.43..331.08 rows=85 width=4)
	        Index Cond: ((id >= 8110622) AND (id <= 8110721))

table 8 : explain SELECT SUM(k) FROM sbtest8 WHERE id BETWEEN 1028126 AND 1028225
	Aggregate  (cost=400.87..400.88 rows=1 width=8)
	  ->  Index Scan using sbtest8_pkey on sbtest8  (cost=0.43..400.61 rows=103 width=4)
	        Index Cond: ((id >= 1028126) AND (id <= 1028225))

for deletes
table 1 : explain DELETE FROM sbtest1 WHERE id=944705
	Delete on sbtest1  (cost=0.43..8.45 rows=0 width=0)
	  ->  Index Scan using sbtest1_pkey on sbtest1  (cost=0.43..8.45 rows=1 width=6)
	        Index Cond: (id = 944705)

table 2 : explain DELETE FROM sbtest2 WHERE id=89303
	Delete on sbtest2  (cost=0.43..8.45 rows=0 width=0)
	  ->  Index Scan using sbtest2_pkey on sbtest2  (cost=0.43..8.45 rows=1 width=6)
	        Index Cond: (id = 89303)

table 3 : explain DELETE FROM sbtest3 WHERE id=6288445
	Delete on sbtest3  (cost=0.43..8.45 rows=0 width=0)
	  ->  Index Scan using sbtest3_pkey on sbtest3  (cost=0.43..8.45 rows=1 width=6)
	        Index Cond: (id = 6288445)

table 4 : explain DELETE FROM sbtest4 WHERE id=5927524
	Delete on sbtest4  (cost=0.43..8.45 rows=0 width=0)
	  ->  Index Scan using sbtest4_pkey on sbtest4  (cost=0.43..8.45 rows=1 width=6)
	        Index Cond: (id = 5927524)

table 5 : explain DELETE FROM sbtest5 WHERE id=1639047
	Delete on sbtest5  (cost=0.43..8.45 rows=0 width=0)
	  ->  Index Scan using sbtest5_pkey on sbtest5  (cost=0.43..8.45 rows=1 width=6)
	        Index Cond: (id = 1639047)

table 6 : explain DELETE FROM sbtest6 WHERE id=5668731
	Delete on sbtest6  (cost=0.43..8.45 rows=0 width=0)
	  ->  Index Scan using sbtest6_pkey on sbtest6  (cost=0.43..8.45 rows=1 width=6)
	        Index Cond: (id = 5668731)

table 7 : explain DELETE FROM sbtest7 WHERE id=7109096
	Delete on sbtest7  (cost=0.43..8.45 rows=0 width=0)
	  ->  Index Scan using sbtest7_pkey on sbtest7  (cost=0.43..8.45 rows=1 width=6)
	        Index Cond: (id = 7109096)

table 8 : explain DELETE FROM sbtest8 WHERE id=9039645
	Delete on sbtest8  (cost=0.43..8.45 rows=0 width=0)
	  ->  Index Scan using sbtest8_pkey on sbtest8  (cost=0.43..8.45 rows=1 width=6)
	        Index Cond: (id = 9039645)

for: distinct_ranges
table 1 : explain SELECT DISTINCT c FROM sbtest1 WHERE id BETWEEN 9109740 AND 9109839 ORDER BY c
	Unique  (cost=421.74..422.28 rows=107 width=121)
	  ->  Sort  (cost=421.74..422.01 rows=107 width=121)
	        Sort Key: c
	        ->  Index Scan using sbtest1_pkey on sbtest1  (cost=0.43..418.13 rows=107 width=121)
	              Index Cond: ((id >= 9109740) AND (id <= 9109839))

table 2 : explain SELECT DISTINCT c FROM sbtest2 WHERE id BETWEEN 3903621 AND 3903720 ORDER BY c
	Unique  (cost=397.38..397.89 rows=101 width=121)
	  ->  Sort  (cost=397.38..397.64 rows=101 width=121)
	        Sort Key: c
	        ->  Index Scan using sbtest2_pkey on sbtest2  (cost=0.43..394.02 rows=101 width=121)
	              Index Cond: ((id >= 3903621) AND (id <= 3903720))

table 3 : explain SELECT DISTINCT c FROM sbtest3 WHERE id BETWEEN 3148377 AND 3148476 ORDER BY c
	Unique  (cost=410.59..411.11 rows=104 width=121)
	  ->  Sort  (cost=410.59..410.85 rows=104 width=121)
	        Sort Key: c
	        ->  Index Scan using sbtest3_pkey on sbtest3  (cost=0.43..407.11 rows=104 width=121)
	              Index Cond: ((id >= 3148377) AND (id <= 3148476))

table 4 : explain SELECT DISTINCT c FROM sbtest4 WHERE id BETWEEN 9315141 AND 9315240 ORDER BY c
	Unique  (cost=377.78..378.26 rows=96 width=121)
	  ->  Sort  (cost=377.78..378.02 rows=96 width=121)
	        Sort Key: c
	        ->  Index Scan using sbtest4_pkey on sbtest4  (cost=0.43..374.62 rows=96 width=121)
	              Index Cond: ((id >= 9315141) AND (id <= 9315240))

table 5 : explain SELECT DISTINCT c FROM sbtest5 WHERE id BETWEEN 60140 AND 60239 ORDER BY c
	Unique  (cost=353.93..354.38 rows=90 width=121)
	  ->  Sort  (cost=353.93..354.15 rows=90 width=121)
	        Sort Key: c
	        ->  Index Scan using sbtest5_pkey on sbtest5  (cost=0.43..351.01 rows=90 width=121)
	              Index Cond: ((id >= 60140) AND (id <= 60239))

table 6 : explain SELECT DISTINCT c FROM sbtest6 WHERE id BETWEEN 7188388 AND 7188487 ORDER BY c
	Unique  (cost=377.66..378.14 rows=96 width=121)
	  ->  Sort  (cost=377.66..377.90 rows=96 width=121)
	        Sort Key: c
	        ->  Index Scan using sbtest6_pkey on sbtest6  (cost=0.43..374.50 rows=96 width=121)
	              Index Cond: ((id >= 7188388) AND (id <= 7188487))

table 7 : explain SELECT DISTINCT c FROM sbtest7 WHERE id BETWEEN 4240261 AND 4240360 ORDER BY c
	Unique  (cost=415.32..415.85 rows=106 width=121)
	  ->  Sort  (cost=415.32..415.59 rows=106 width=121)
	        Sort Key: c
	        ->  Index Scan using sbtest7_pkey on sbtest7  (cost=0.43..411.76 rows=106 width=121)
	              Index Cond: ((id >= 4240261) AND (id <= 4240360))

table 8 : explain SELECT DISTINCT c FROM sbtest8 WHERE id BETWEEN 282604 AND 282703 ORDER BY c
	Unique  (cost=365.18..365.64 rows=93 width=121)
	  ->  Sort  (cost=365.18..365.41 rows=93 width=121)
	        Sort Key: c
	        ->  Index Scan using sbtest8_pkey on sbtest8  (cost=0.43..362.14 rows=93 width=121)
	              Index Cond: ((id >= 282604) AND (id <= 282703))

explain: for non_index_updates :: explain UPDATE sbtest%u SET c='foobar' WHERE id=%u
for index_updates
table 1 : explain UPDATE sbtest1 SET k=k+1 WHERE id=1393543
	Update on sbtest1  (cost=0.43..8.46 rows=0 width=0)
	  ->  Index Scan using sbtest1_pkey on sbtest1  (cost=0.43..8.46 rows=1 width=10)
	        Index Cond: (id = 1393543)

table 2 : explain UPDATE sbtest2 SET k=k+1 WHERE id=3049884
	Update on sbtest2  (cost=0.43..8.46 rows=0 width=0)
	  ->  Index Scan using sbtest2_pkey on sbtest2  (cost=0.43..8.46 rows=1 width=10)
	        Index Cond: (id = 3049884)

table 3 : explain UPDATE sbtest3 SET k=k+1 WHERE id=3124655
	Update on sbtest3  (cost=0.43..8.46 rows=0 width=0)
	  ->  Index Scan using sbtest3_pkey on sbtest3  (cost=0.43..8.46 rows=1 width=10)
	        Index Cond: (id = 3124655)

table 4 : explain UPDATE sbtest4 SET k=k+1 WHERE id=3513892
	Update on sbtest4  (cost=0.43..8.46 rows=0 width=0)
	  ->  Index Scan using sbtest4_pkey on sbtest4  (cost=0.43..8.46 rows=1 width=10)
	        Index Cond: (id = 3513892)

table 5 : explain UPDATE sbtest5 SET k=k+1 WHERE id=2779114
	Update on sbtest5  (cost=0.43..8.46 rows=0 width=0)
	  ->  Index Scan using sbtest5_pkey on sbtest5  (cost=0.43..8.46 rows=1 width=10)
	        Index Cond: (id = 2779114)

table 6 : explain UPDATE sbtest6 SET k=k+1 WHERE id=6623909
	Update on sbtest6  (cost=0.43..8.46 rows=0 width=0)
	  ->  Index Scan using sbtest6_pkey on sbtest6  (cost=0.43..8.46 rows=1 width=10)
	        Index Cond: (id = 6623909)

table 7 : explain UPDATE sbtest7 SET k=k+1 WHERE id=1437546
	Update on sbtest7  (cost=0.43..8.46 rows=0 width=0)
	  ->  Index Scan using sbtest7_pkey on sbtest7  (cost=0.43..8.46 rows=1 width=10)
	        Index Cond: (id = 1437546)

table 8 : explain UPDATE sbtest8 SET k=k+1 WHERE id=7707926
	Update on sbtest8  (cost=0.43..8.46 rows=0 width=0)
	  ->  Index Scan using sbtest8_pkey on sbtest8  (cost=0.43..8.46 rows=1 width=10)
	        Index Cond: (id = 7707926)

for: distinct_ranges
table 1 : explain SELECT DISTINCT c FROM sbtest1 WHERE id BETWEEN 4322192 AND 4322291 ORDER BY c
	Unique  (cost=402.18..402.69 rows=102 width=121)
	  ->  Sort  (cost=402.18..402.43 rows=102 width=121)
	        Sort Key: c
	        ->  Index Scan using sbtest1_pkey on sbtest1  (cost=0.43..398.78 rows=102 width=121)
	              Index Cond: ((id >= 4322192) AND (id <= 4322291))

table 2 : explain SELECT DISTINCT c FROM sbtest2 WHERE id BETWEEN 4253922 AND 4254021 ORDER BY c
	Unique  (cost=358.44..358.89 rows=91 width=121)
	  ->  Sort  (cost=358.44..358.66 rows=91 width=121)
	        Sort Key: c
	        ->  Index Scan using sbtest2_pkey on sbtest2  (cost=0.43..355.47 rows=91 width=121)
	              Index Cond: ((id >= 4253922) AND (id <= 4254021))

table 3 : explain SELECT DISTINCT c FROM sbtest3 WHERE id BETWEEN 6150583 AND 6150682 ORDER BY c
	Unique  (cost=387.10..387.59 rows=98 width=121)
	  ->  Sort  (cost=387.10..387.34 rows=98 width=121)
	        Sort Key: c
	        ->  Index Scan using sbtest3_pkey on sbtest3  (cost=0.43..383.86 rows=98 width=121)
	              Index Cond: ((id >= 6150583) AND (id <= 6150682))

table 4 : explain SELECT DISTINCT c FROM sbtest4 WHERE id BETWEEN 578002 AND 578101 ORDER BY c
	Unique  (cost=389.46..389.95 rows=99 width=121)
	  ->  Sort  (cost=389.46..389.71 rows=99 width=121)
	        Sort Key: c
	        ->  Index Scan using sbtest4_pkey on sbtest4  (cost=0.43..386.18 rows=99 width=121)
	              Index Cond: ((id >= 578002) AND (id <= 578101))

table 5 : explain SELECT DISTINCT c FROM sbtest5 WHERE id BETWEEN 8186363 AND 8186462 ORDER BY c
	Unique  (cost=381.14..381.63 rows=97 width=121)
	  ->  Sort  (cost=381.14..381.38 rows=97 width=121)
	        Sort Key: c
	        ->  Index Scan using sbtest5_pkey on sbtest5  (cost=0.43..377.94 rows=97 width=121)
	              Index Cond: ((id >= 8186363) AND (id <= 8186462))

table 6 : explain SELECT DISTINCT c FROM sbtest6 WHERE id BETWEEN 9385932 AND 9386031 ORDER BY c
	Unique  (cost=401.06..401.57 rows=102 width=121)
	  ->  Sort  (cost=401.06..401.31 rows=102 width=121)
	        Sort Key: c
	        ->  Index Scan using sbtest6_pkey on sbtest6  (cost=0.43..397.66 rows=102 width=121)
	              Index Cond: ((id >= 9385932) AND (id <= 9386031))

table 7 : explain SELECT DISTINCT c FROM sbtest7 WHERE id BETWEEN 6800286 AND 6800385 ORDER BY c
	Unique  (cost=380.36..380.84 rows=97 width=121)
	  ->  Sort  (cost=380.36..380.60 rows=97 width=121)
	        Sort Key: c
	        ->  Index Scan using sbtest7_pkey on sbtest7  (cost=0.43..377.16 rows=97 width=121)
	              Index Cond: ((id >= 6800286) AND (id <= 6800385))

table 8 : explain SELECT DISTINCT c FROM sbtest8 WHERE id BETWEEN 3026705 AND 3026804 ORDER BY c
	Unique  (cost=396.29..396.79 rows=101 width=121)
	  ->  Sort  (cost=396.29..396.54 rows=101 width=121)
	        Sort Key: c
	        ->  Index Scan using sbtest8_pkey on sbtest8  (cost=0.43..392.93 rows=101 width=121)
	              Index Cond: ((id >= 3026705) AND (id <= 3026804))

for point_selects
table 1 : explain SELECT c FROM sbtest1 WHERE id=6810242
	Index Scan using sbtest1_pkey on sbtest1  (cost=0.43..8.45 rows=1 width=121)
	  Index Cond: (id = 6810242)

table 2 : explain SELECT c FROM sbtest2 WHERE id=3873736
	Index Scan using sbtest2_pkey on sbtest2  (cost=0.43..8.45 rows=1 width=121)
	  Index Cond: (id = 3873736)

table 3 : explain SELECT c FROM sbtest3 WHERE id=4121941
	Index Scan using sbtest3_pkey on sbtest3  (cost=0.43..8.45 rows=1 width=121)
	  Index Cond: (id = 4121941)

table 4 : explain SELECT c FROM sbtest4 WHERE id=4558304
	Index Scan using sbtest4_pkey on sbtest4  (cost=0.43..8.45 rows=1 width=121)
	  Index Cond: (id = 4558304)

table 5 : explain SELECT c FROM sbtest5 WHERE id=63433
	Index Scan using sbtest5_pkey on sbtest5  (cost=0.43..8.45 rows=1 width=121)
	  Index Cond: (id = 63433)

table 6 : explain SELECT c FROM sbtest6 WHERE id=5159251
	Index Scan using sbtest6_pkey on sbtest6  (cost=0.43..8.45 rows=1 width=121)
	  Index Cond: (id = 5159251)

table 7 : explain SELECT c FROM sbtest7 WHERE id=2471318
	Index Scan using sbtest7_pkey on sbtest7  (cost=0.43..8.45 rows=1 width=121)
	  Index Cond: (id = 2471318)

table 8 : explain SELECT c FROM sbtest8 WHERE id=8669091
	Index Scan using sbtest8_pkey on sbtest8  (cost=0.43..8.45 rows=1 width=121)
	  Index Cond: (id = 8669091)

for: sum_ranges
table 1 : explain SELECT SUM(k) FROM sbtest1 WHERE id BETWEEN 8828803 AND 8828902
	Aggregate  (cost=356.50..356.51 rows=1 width=8)
	  ->  Index Scan using sbtest1_pkey on sbtest1  (cost=0.43..356.27 rows=91 width=4)
	        Index Cond: ((id >= 8828803) AND (id <= 8828902))

table 2 : explain SELECT SUM(k) FROM sbtest2 WHERE id BETWEEN 5955820 AND 5955919
	Aggregate  (cost=355.70..355.71 rows=1 width=8)
	  ->  Index Scan using sbtest2_pkey on sbtest2  (cost=0.43..355.47 rows=91 width=4)
	        Index Cond: ((id >= 5955820) AND (id <= 5955919))

table 3 : explain SELECT SUM(k) FROM sbtest3 WHERE id BETWEEN 6442109 AND 6442208
	Aggregate  (cost=376.36..376.37 rows=1 width=8)
	  ->  Index Scan using sbtest3_pkey on sbtest3  (cost=0.43..376.12 rows=96 width=4)
	        Index Cond: ((id >= 6442109) AND (id <= 6442208))

table 4 : explain SELECT SUM(k) FROM sbtest4 WHERE id BETWEEN 4164317 AND 4164416
	Aggregate  (cost=390.28..390.29 rows=1 width=8)
	  ->  Index Scan using sbtest4_pkey on sbtest4  (cost=0.43..390.03 rows=100 width=4)
	        Index Cond: ((id >= 4164317) AND (id <= 4164416))

table 5 : explain SELECT SUM(k) FROM sbtest5 WHERE id BETWEEN 5188887 AND 5188986
	Aggregate  (cost=370.48..370.49 rows=1 width=8)
	  ->  Index Scan using sbtest5_pkey on sbtest5  (cost=0.43..370.25 rows=95 width=4)
	        Index Cond: ((id >= 5188887) AND (id <= 5188986))

table 6 : explain SELECT SUM(k) FROM sbtest6 WHERE id BETWEEN 446043 AND 446142
	Aggregate  (cost=390.16..390.17 rows=1 width=8)
	  ->  Index Scan using sbtest6_pkey on sbtest6  (cost=0.43..389.91 rows=100 width=4)
	        Index Cond: ((id >= 446043) AND (id <= 446142))

table 7 : explain SELECT SUM(k) FROM sbtest7 WHERE id BETWEEN 2789751 AND 2789850
	Aggregate  (cost=427.39..427.40 rows=1 width=8)
	  ->  Index Scan using sbtest7_pkey on sbtest7  (cost=0.43..427.12 rows=110 width=4)
	        Index Cond: ((id >= 2789751) AND (id <= 2789850))

table 8 : explain SELECT SUM(k) FROM sbtest8 WHERE id BETWEEN 9226692 AND 9226791
	Aggregate  (cost=397.03..397.04 rows=1 width=8)
	  ->  Index Scan using sbtest8_pkey on sbtest8  (cost=0.43..396.77 rows=102 width=4)
	        Index Cond: ((id >= 9226692) AND (id <= 9226791))

explain: for index_updates :: explain UPDATE sbtest%u SET k=k+1 WHERE id=%u
explain: for non_index_updates :: explain UPDATE sbtest%u SET c='foobar' WHERE id=%u
explain: for index_updates :: explain UPDATE sbtest%u SET k=k+1 WHERE id=%u
for non_index_updates
table 1 : explain UPDATE sbtest1 SET c='foobar' WHERE id=5041360
	Update on sbtest1  (cost=0.43..8.45 rows=0 width=0)
	  ->  Index Scan using sbtest1_pkey on sbtest1  (cost=0.43..8.45 rows=1 width=490)
	        Index Cond: (id = 5041360)

table 2 : explain UPDATE sbtest2 SET c='foobar' WHERE id=8259184
	Update on sbtest2  (cost=0.43..8.45 rows=0 width=0)
	  ->  Index Scan using sbtest2_pkey on sbtest2  (cost=0.43..8.45 rows=1 width=490)
	        Index Cond: (id = 8259184)

table 3 : explain UPDATE sbtest3 SET c='foobar' WHERE id=7320792
	Update on sbtest3  (cost=0.43..8.45 rows=0 width=0)
	  ->  Index Scan using sbtest3_pkey on sbtest3  (cost=0.43..8.45 rows=1 width=490)
	        Index Cond: (id = 7320792)

table 4 : explain UPDATE sbtest4 SET c='foobar' WHERE id=8406537
	Update on sbtest4  (cost=0.43..8.45 rows=0 width=0)
	  ->  Index Scan using sbtest4_pkey on sbtest4  (cost=0.43..8.45 rows=1 width=490)
	        Index Cond: (id = 8406537)

table 5 : explain UPDATE sbtest5 SET c='foobar' WHERE id=1552829
	Update on sbtest5  (cost=0.43..8.45 rows=0 width=0)
	  ->  Index Scan using sbtest5_pkey on sbtest5  (cost=0.43..8.45 rows=1 width=490)
	        Index Cond: (id = 1552829)

table 6 : explain UPDATE sbtest6 SET c='foobar' WHERE id=5527592
	Update on sbtest6  (cost=0.43..8.45 rows=0 width=0)
	  ->  Index Scan using sbtest6_pkey on sbtest6  (cost=0.43..8.45 rows=1 width=490)
	        Index Cond: (id = 5527592)

table 7 : explain UPDATE sbtest7 SET c='foobar' WHERE id=3232008
	Update on sbtest7  (cost=0.43..8.45 rows=0 width=0)
	  ->  Index Scan using sbtest7_pkey on sbtest7  (cost=0.43..8.45 rows=1 width=490)
	        Index Cond: (id = 3232008)

table 8 : explain UPDATE sbtest8 SET c='foobar' WHERE id=2270308
	Update on sbtest8  (cost=0.43..8.45 rows=0 width=0)
	  ->  Index Scan using sbtest8_pkey on sbtest8  (cost=0.43..8.45 rows=1 width=490)
	        Index Cond: (id = 2270308)

for: order_ranges
table 1 : explain SELECT c FROM sbtest1 WHERE id BETWEEN 6839442 AND 6839541 ORDER BY c
	Sort  (cost=394.37..394.62 rows=100 width=121)
	  Sort Key: c
	  ->  Index Scan using sbtest1_pkey on sbtest1  (cost=0.43..391.05 rows=100 width=121)
	        Index Cond: ((id >= 6839442) AND (id <= 6839541))

table 2 : explain SELECT c FROM sbtest2 WHERE id BETWEEN 8970320 AND 8970419 ORDER BY c
	Sort  (cost=385.70..385.94 rows=98 width=121)
	  Sort Key: c
	  ->  Index Scan using sbtest2_pkey on sbtest2  (cost=0.43..382.46 rows=98 width=121)
	        Index Cond: ((id >= 8970320) AND (id <= 8970419))

table 3 : explain SELECT c FROM sbtest3 WHERE id BETWEEN 9815008 AND 9815107 ORDER BY c
	Sort  (cost=391.01..391.25 rows=99 width=121)
	  Sort Key: c
	  ->  Index Scan using sbtest3_pkey on sbtest3  (cost=0.43..387.72 rows=99 width=121)
	        Index Cond: ((id >= 9815008) AND (id <= 9815107))

table 4 : explain SELECT c FROM sbtest4 WHERE id BETWEEN 7610003 AND 7610102 ORDER BY c
	Sort  (cost=381.67..381.91 rows=97 width=121)
	  Sort Key: c
	  ->  Index Scan using sbtest4_pkey on sbtest4  (cost=0.43..378.47 rows=97 width=121)
	        Index Cond: ((id >= 7610003) AND (id <= 7610102))

table 5 : explain SELECT c FROM sbtest5 WHERE id BETWEEN 5956606 AND 5956705 ORDER BY c
	Sort  (cost=400.63..400.88 rows=102 width=121)
	  Sort Key: c
	  ->  Index Scan using sbtest5_pkey on sbtest5  (cost=0.43..397.22 rows=102 width=121)
	        Index Cond: ((id >= 5956606) AND (id <= 5956705))

table 6 : explain SELECT c FROM sbtest6 WHERE id BETWEEN 9329430 AND 9329529 ORDER BY c
	Sort  (cost=401.06..401.31 rows=102 width=121)
	  Sort Key: c
	  ->  Index Scan using sbtest6_pkey on sbtest6  (cost=0.43..397.66 rows=102 width=121)
	        Index Cond: ((id >= 9329430) AND (id <= 9329529))

table 7 : explain SELECT c FROM sbtest7 WHERE id BETWEEN 4338000 AND 4338099 ORDER BY c
	Sort  (cost=372.60..372.83 rows=95 width=121)
	  Sort Key: c
	  ->  Index Scan using sbtest7_pkey on sbtest7  (cost=0.43..369.48 rows=95 width=121)
	        Index Cond: ((id >= 4338000) AND (id <= 4338099))

table 8 : explain SELECT c FROM sbtest8 WHERE id BETWEEN 5111674 AND 5111773 ORDER BY c
	Sort  (cost=392.41..392.66 rows=100 width=121)
	  Sort Key: c
	  ->  Index Scan using sbtest8_pkey on sbtest8  (cost=0.43..389.08 rows=100 width=121)
	        Index Cond: ((id >= 5111674) AND (id <= 5111773))

explain: for point_selects :: explain SELECT c FROM sbtest%u WHERE id=%u
explain: for point_selects :: explain SELECT c FROM sbtest%u WHERE id=%u
explain: for deletes :: explain DELETE FROM sbtest%u WHERE id=%u
explain: for point_selects :: explain SELECT c FROM sbtest%u WHERE id=%u
explain: for point_selects :: explain SELECT c FROM sbtest%u WHERE id=%u
for non_index_updates
table 1 : explain UPDATE sbtest1 SET c='foobar' WHERE id=1649138
	Update on sbtest1  (cost=0.43..8.45 rows=0 width=0)
	  ->  Index Scan using sbtest1_pkey on sbtest1  (cost=0.43..8.45 rows=1 width=490)
	        Index Cond: (id = 1649138)

table 2 : explain UPDATE sbtest2 SET c='foobar' WHERE id=5928874
	Update on sbtest2  (cost=0.43..8.45 rows=0 width=0)
	  ->  Index Scan using sbtest2_pkey on sbtest2  (cost=0.43..8.45 rows=1 width=490)
	        Index Cond: (id = 5928874)

table 3 : explain UPDATE sbtest3 SET c='foobar' WHERE id=7446100
	Update on sbtest3  (cost=0.43..8.45 rows=0 width=0)
	  ->  Index Scan using sbtest3_pkey on sbtest3  (cost=0.43..8.45 rows=1 width=490)
	        Index Cond: (id = 7446100)

table 4 : explain UPDATE sbtest4 SET c='foobar' WHERE id=4423906
	Update on sbtest4  (cost=0.43..8.45 rows=0 width=0)
	  ->  Index Scan using sbtest4_pkey on sbtest4  (cost=0.43..8.45 rows=1 width=490)
	        Index Cond: (id = 4423906)

table 5 : explain UPDATE sbtest5 SET c='foobar' WHERE id=2521991
	Update on sbtest5  (cost=0.43..8.45 rows=0 width=0)
	  ->  Index Scan using sbtest5_pkey on sbtest5  (cost=0.43..8.45 rows=1 width=490)
	        Index Cond: (id = 2521991)

table 6 : explain UPDATE sbtest6 SET c='foobar' WHERE id=688968
	Update on sbtest6  (cost=0.43..8.45 rows=0 width=0)
	  ->  Index Scan using sbtest6_pkey on sbtest6  (cost=0.43..8.45 rows=1 width=490)
	        Index Cond: (id = 688968)

table 7 : explain UPDATE sbtest7 SET c='foobar' WHERE id=8452886
	Update on sbtest7  (cost=0.43..8.45 rows=0 width=0)
	  ->  Index Scan using sbtest7_pkey on sbtest7  (cost=0.43..8.45 rows=1 width=490)
	        Index Cond: (id = 8452886)

table 8 : explain UPDATE sbtest8 SET c='foobar' WHERE id=5061168
	Update on sbtest8  (cost=0.43..8.45 rows=0 width=0)
	  ->  Index Scan using sbtest8_pkey on sbtest8  (cost=0.43..8.45 rows=1 width=490)
	        Index Cond: (id = 5061168)

for: simple_ranges
table 1 : explain SELECT c FROM sbtest1 WHERE id BETWEEN 5620649 AND 5620748
	Index Scan using sbtest1_pkey on sbtest1  (cost=0.43..367.87 rows=94 width=121)
	  Index Cond: ((id >= 5620649) AND (id <= 5620748))

table 2 : explain SELECT c FROM sbtest2 WHERE id BETWEEN 9556712 AND 9556811
	Index Scan using sbtest2_pkey on sbtest2  (cost=0.43..397.88 rows=102 width=121)
	  Index Cond: ((id >= 9556712) AND (id <= 9556811))

table 3 : explain SELECT c FROM sbtest3 WHERE id BETWEEN 7795960 AND 7796059
	Index Scan using sbtest3_pkey on sbtest3  (cost=0.43..399.37 rows=102 width=121)
	  Index Cond: ((id >= 7795960) AND (id <= 7796059))

table 4 : explain SELECT c FROM sbtest4 WHERE id BETWEEN 1147673 AND 1147772
	Index Scan using sbtest4_pkey on sbtest4  (cost=0.43..405.49 rows=104 width=121)
	  Index Cond: ((id >= 1147673) AND (id <= 1147772))

table 5 : explain SELECT c FROM sbtest5 WHERE id BETWEEN 398142 AND 398241
	Index Scan using sbtest5_pkey on sbtest5  (cost=0.43..412.62 rows=106 width=121)
	  Index Cond: ((id >= 398142) AND (id <= 398241))

table 6 : explain SELECT c FROM sbtest6 WHERE id BETWEEN 876919 AND 877018
	Index Scan using sbtest6_pkey on sbtest6  (cost=0.43..374.50 rows=96 width=121)
	  Index Cond: ((id >= 876919) AND (id <= 877018))

table 7 : explain SELECT c FROM sbtest7 WHERE id BETWEEN 2850640 AND 2850739
	Index Scan using sbtest7_pkey on sbtest7  (cost=0.43..427.12 rows=110 width=121)
	  Index Cond: ((id >= 2850640) AND (id <= 2850739))

table 8 : explain SELECT c FROM sbtest8 WHERE id BETWEEN 2567964 AND 2568063
	Index Scan using sbtest8_pkey on sbtest8  (cost=0.43..381.35 rows=98 width=121)
	  Index Cond: ((id >= 2567964) AND (id <= 2568063))

for index_updates
table 1 : explain UPDATE sbtest1 SET k=k+1 WHERE id=4716073
	Update on sbtest1  (cost=0.43..8.46 rows=0 width=0)
	  ->  Index Scan using sbtest1_pkey on sbtest1  (cost=0.43..8.46 rows=1 width=10)
	        Index Cond: (id = 4716073)

table 2 : explain UPDATE sbtest2 SET k=k+1 WHERE id=1112275
	Update on sbtest2  (cost=0.43..8.46 rows=0 width=0)
	  ->  Index Scan using sbtest2_pkey on sbtest2  (cost=0.43..8.46 rows=1 width=10)
	        Index Cond: (id = 1112275)

table 3 : explain UPDATE sbtest3 SET k=k+1 WHERE id=7269718
	Update on sbtest3  (cost=0.43..8.46 rows=0 width=0)
	  ->  Index Scan using sbtest3_pkey on sbtest3  (cost=0.43..8.46 rows=1 width=10)
	        Index Cond: (id = 7269718)

table 4 : explain UPDATE sbtest4 SET k=k+1 WHERE id=1546990
	Update on sbtest4  (cost=0.43..8.46 rows=0 width=0)
	  ->  Index Scan using sbtest4_pkey on sbtest4  (cost=0.43..8.46 rows=1 width=10)
	        Index Cond: (id = 1546990)

table 5 : explain UPDATE sbtest5 SET k=k+1 WHERE id=5546602
	Update on sbtest5  (cost=0.43..8.46 rows=0 width=0)
	  ->  Index Scan using sbtest5_pkey on sbtest5  (cost=0.43..8.46 rows=1 width=10)
	        Index Cond: (id = 5546602)

table 6 : explain UPDATE sbtest6 SET k=k+1 WHERE id=8026053
	Update on sbtest6  (cost=0.43..8.46 rows=0 width=0)
	  ->  Index Scan using sbtest6_pkey on sbtest6  (cost=0.43..8.46 rows=1 width=10)
	        Index Cond: (id = 8026053)

table 7 : explain UPDATE sbtest7 SET k=k+1 WHERE id=5654941
	Update on sbtest7  (cost=0.43..8.46 rows=0 width=0)
	  ->  Index Scan using sbtest7_pkey on sbtest7  (cost=0.43..8.46 rows=1 width=10)
	        Index Cond: (id = 5654941)

table 8 : explain UPDATE sbtest8 SET k=k+1 WHERE id=4086088
	Update on sbtest8  (cost=0.43..8.46 rows=0 width=0)
	  ->  Index Scan using sbtest8_pkey on sbtest8  (cost=0.43..8.46 rows=1 width=10)
	        Index Cond: (id = 4086088)

explain: for deletes :: explain DELETE FROM sbtest%u WHERE id=%u
for deletes
table 1 : explain DELETE FROM sbtest1 WHERE id=4761826
	Delete on sbtest1  (cost=0.43..8.45 rows=0 width=0)
	  ->  Index Scan using sbtest1_pkey on sbtest1  (cost=0.43..8.45 rows=1 width=6)
	        Index Cond: (id = 4761826)

table 2 : explain DELETE FROM sbtest2 WHERE id=3765588
	Delete on sbtest2  (cost=0.43..8.45 rows=0 width=0)
	  ->  Index Scan using sbtest2_pkey on sbtest2  (cost=0.43..8.45 rows=1 width=6)
	        Index Cond: (id = 3765588)

table 3 : explain DELETE FROM sbtest3 WHERE id=8871601
	Delete on sbtest3  (cost=0.43..8.45 rows=0 width=0)
	  ->  Index Scan using sbtest3_pkey on sbtest3  (cost=0.43..8.45 rows=1 width=6)
	        Index Cond: (id = 8871601)

table 4 : explain DELETE FROM sbtest4 WHERE id=7885598
	Delete on sbtest4  (cost=0.43..8.45 rows=0 width=0)
	  ->  Index Scan using sbtest4_pkey on sbtest4  (cost=0.43..8.45 rows=1 width=6)
	        Index Cond: (id = 7885598)

table 5 : explain DELETE FROM sbtest5 WHERE id=3567111
	Delete on sbtest5  (cost=0.43..8.45 rows=0 width=0)
	  ->  Index Scan using sbtest5_pkey on sbtest5  (cost=0.43..8.45 rows=1 width=6)
	        Index Cond: (id = 3567111)

table 6 : explain DELETE FROM sbtest6 WHERE id=6130377
	Delete on sbtest6  (cost=0.43..8.45 rows=0 width=0)
	  ->  Index Scan using sbtest6_pkey on sbtest6  (cost=0.43..8.45 rows=1 width=6)
	        Index Cond: (id = 6130377)

table 7 : explain DELETE FROM sbtest7 WHERE id=8076663
	Delete on sbtest7  (cost=0.43..8.45 rows=0 width=0)
	  ->  Index Scan using sbtest7_pkey on sbtest7  (cost=0.43..8.45 rows=1 width=6)
	        Index Cond: (id = 8076663)

table 8 : explain DELETE FROM sbtest8 WHERE id=5138904
	Delete on sbtest8  (cost=0.43..8.45 rows=0 width=0)
	  ->  Index Scan using sbtest8_pkey on sbtest8  (cost=0.43..8.45 rows=1 width=6)
	        Index Cond: (id = 5138904)

for index_updates
table 1 : explain UPDATE sbtest1 SET k=k+1 WHERE id=1600543
	Update on sbtest1  (cost=0.43..8.46 rows=0 width=0)
	  ->  Index Scan using sbtest1_pkey on sbtest1  (cost=0.43..8.46 rows=1 width=10)
	        Index Cond: (id = 1600543)

table 2 : explain UPDATE sbtest2 SET k=k+1 WHERE id=2733457
	Update on sbtest2  (cost=0.43..8.46 rows=0 width=0)
	  ->  Index Scan using sbtest2_pkey on sbtest2  (cost=0.43..8.46 rows=1 width=10)
	        Index Cond: (id = 2733457)

table 3 : explain UPDATE sbtest3 SET k=k+1 WHERE id=6632154
	Update on sbtest3  (cost=0.43..8.46 rows=0 width=0)
	  ->  Index Scan using sbtest3_pkey on sbtest3  (cost=0.43..8.46 rows=1 width=10)
	        Index Cond: (id = 6632154)

table 4 : explain UPDATE sbtest4 SET k=k+1 WHERE id=7916066
	Update on sbtest4  (cost=0.43..8.46 rows=0 width=0)
	  ->  Index Scan using sbtest4_pkey on sbtest4  (cost=0.43..8.46 rows=1 width=10)
	        Index Cond: (id = 7916066)

table 5 : explain UPDATE sbtest5 SET k=k+1 WHERE id=475074
	Update on sbtest5  (cost=0.43..8.46 rows=0 width=0)
	  ->  Index Scan using sbtest5_pkey on sbtest5  (cost=0.43..8.46 rows=1 width=10)
	        Index Cond: (id = 475074)

table 6 : explain UPDATE sbtest6 SET k=k+1 WHERE id=4528029
	Update on sbtest6  (cost=0.43..8.46 rows=0 width=0)
	  ->  Index Scan using sbtest6_pkey on sbtest6  (cost=0.43..8.46 rows=1 width=10)
	        Index Cond: (id = 4528029)

table 7 : explain UPDATE sbtest7 SET k=k+1 WHERE id=816442
	Update on sbtest7  (cost=0.43..8.46 rows=0 width=0)
	  ->  Index Scan using sbtest7_pkey on sbtest7  (cost=0.43..8.46 rows=1 width=10)
	        Index Cond: (id = 816442)

table 8 : explain UPDATE sbtest8 SET k=k+1 WHERE id=8139982
	Update on sbtest8  (cost=0.43..8.46 rows=0 width=0)
	  ->  Index Scan using sbtest8_pkey on sbtest8  (cost=0.43..8.46 rows=1 width=10)
	        Index Cond: (id = 8139982)

for point_selects
table 1 : explain SELECT c FROM sbtest1 WHERE id=6488839
	Index Scan using sbtest1_pkey on sbtest1  (cost=0.43..8.45 rows=1 width=121)
	  Index Cond: (id = 6488839)

table 2 : explain SELECT c FROM sbtest2 WHERE id=9348018
	Index Scan using sbtest2_pkey on sbtest2  (cost=0.43..8.45 rows=1 width=121)
	  Index Cond: (id = 9348018)

table 3 : explain SELECT c FROM sbtest3 WHERE id=671502
	Index Scan using sbtest3_pkey on sbtest3  (cost=0.43..8.45 rows=1 width=121)
	  Index Cond: (id = 671502)

table 4 : explain SELECT c FROM sbtest4 WHERE id=1207210
	Index Scan using sbtest4_pkey on sbtest4  (cost=0.43..8.45 rows=1 width=121)
	  Index Cond: (id = 1207210)

table 5 : explain SELECT c FROM sbtest5 WHERE id=547445
	Index Scan using sbtest5_pkey on sbtest5  (cost=0.43..8.45 rows=1 width=121)
	  Index Cond: (id = 547445)

table 6 : explain SELECT c FROM sbtest6 WHERE id=2572899
	Index Scan using sbtest6_pkey on sbtest6  (cost=0.43..8.45 rows=1 width=121)
	  Index Cond: (id = 2572899)

table 7 : explain SELECT c FROM sbtest7 WHERE id=4714857
	Index Scan using sbtest7_pkey on sbtest7  (cost=0.43..8.45 rows=1 width=121)
	  Index Cond: (id = 4714857)

table 8 : explain SELECT c FROM sbtest8 WHERE id=1166123
	Index Scan using sbtest8_pkey on sbtest8  (cost=0.43..8.45 rows=1 width=121)
	  Index Cond: (id = 1166123)

for: order_ranges
table 1 : explain SELECT c FROM sbtest1 WHERE id BETWEEN 4682038 AND 4682137 ORDER BY c
	Sort  (cost=370.95..371.18 rows=94 width=121)
	  Sort Key: c
	  ->  Index Scan using sbtest1_pkey on sbtest1  (cost=0.43..367.87 rows=94 width=121)
	        Index Cond: ((id >= 4682038) AND (id <= 4682137))

table 2 : explain SELECT c FROM sbtest2 WHERE id BETWEEN 5658264 AND 5658363 ORDER BY c
	Sort  (cost=377.91..378.15 rows=96 width=121)
	  Sort Key: c
	  ->  Index Scan using sbtest2_pkey on sbtest2  (cost=0.43..374.75 rows=96 width=121)
	        Index Cond: ((id >= 5658264) AND (id <= 5658363))

table 3 : explain SELECT c FROM sbtest3 WHERE id BETWEEN 5380251 AND 5380350 ORDER BY c
	Sort  (cost=422.32..422.59 rows=107 width=121)
	  Sort Key: c
	  ->  Index Scan using sbtest3_pkey on sbtest3  (cost=0.43..418.72 rows=107 width=121)
	        Index Cond: ((id >= 5380251) AND (id <= 5380350))

table 4 : explain SELECT c FROM sbtest4 WHERE id BETWEEN 2659391 AND 2659490 ORDER BY c
	Sort  (cost=408.97..409.23 rows=104 width=121)
	  Sort Key: c
	  ->  Index Scan using sbtest4_pkey on sbtest4  (cost=0.43..405.49 rows=104 width=121)
	        Index Cond: ((id >= 2659391) AND (id <= 2659490))

table 5 : explain SELECT c FROM sbtest5 WHERE id BETWEEN 3575153 AND 3575252 ORDER BY c
	Sort  (cost=377.25..377.49 rows=96 width=121)
	  Sort Key: c
	  ->  Index Scan using sbtest5_pkey on sbtest5  (cost=0.43..374.09 rows=96 width=121)
	        Index Cond: ((id >= 3575153) AND (id <= 3575252))

table 6 : explain SELECT c FROM sbtest6 WHERE id BETWEEN 1107914 AND 1108013 ORDER BY c
	Sort  (cost=401.06..401.31 rows=102 width=121)
	  Sort Key: c
	  ->  Index Scan using sbtest6_pkey on sbtest6  (cost=0.43..397.66 rows=102 width=121)
	        Index Cond: ((id >= 1107914) AND (id <= 1108013))

table 7 : explain SELECT c FROM sbtest7 WHERE id BETWEEN 5316928 AND 5317027 ORDER BY c
	Sort  (cost=438.61..438.89 rows=112 width=121)
	  Sort Key: c
	  ->  Index Scan using sbtest7_pkey on sbtest7  (cost=0.43..434.80 rows=112 width=121)
	        Index Cond: ((id >= 5316928) AND (id <= 5317027))

table 8 : explain SELECT c FROM sbtest8 WHERE id BETWEEN 9466848 AND 9466947 ORDER BY c
	Sort  (cost=376.83..377.07 rows=96 width=121)
	  Sort Key: c
	  ->  Index Scan using sbtest8_pkey on sbtest8  (cost=0.43..373.67 rows=96 width=121)
	        Index Cond: ((id >= 9466848) AND (id <= 9466947))

for: distinct_ranges
table 1 : explain SELECT DISTINCT c FROM sbtest1 WHERE id BETWEEN 5882657 AND 5882756 ORDER BY c
	Unique  (cost=406.12..406.64 rows=103 width=121)
	  ->  Sort  (cost=406.12..406.38 rows=103 width=121)
	        Sort Key: c
	        ->  Index Scan using sbtest1_pkey on sbtest1  (cost=0.43..402.68 rows=103 width=121)
	              Index Cond: ((id >= 5882657) AND (id <= 5882756))

table 2 : explain SELECT DISTINCT c FROM sbtest2 WHERE id BETWEEN 2563580 AND 2563679 ORDER BY c
	Unique  (cost=385.70..386.19 rows=98 width=121)
	  ->  Sort  (cost=385.70..385.94 rows=98 width=121)
	        Sort Key: c
	        ->  Index Scan using sbtest2_pkey on sbtest2  (cost=0.43..382.46 rows=98 width=121)
	              Index Cond: ((id >= 2563580) AND (id <= 2563679))

table 3 : explain SELECT DISTINCT c FROM sbtest3 WHERE id BETWEEN 7366095 AND 7366194 ORDER BY c
	Unique  (cost=367.55..368.01 rows=93 width=121)
	  ->  Sort  (cost=367.55..367.78 rows=93 width=121)
	        Sort Key: c
	        ->  Index Scan using sbtest3_pkey on sbtest3  (cost=0.43..364.51 rows=93 width=121)
	              Index Cond: ((id >= 7366095) AND (id <= 7366194))

table 4 : explain SELECT DISTINCT c FROM sbtest4 WHERE id BETWEEN 1714355 AND 1714454 ORDER BY c
	Unique  (cost=385.57..386.06 rows=98 width=121)
	  ->  Sort  (cost=385.57..385.81 rows=98 width=121)
	        Sort Key: c
	        ->  Index Scan using sbtest4_pkey on sbtest4  (cost=0.43..382.32 rows=98 width=121)
	              Index Cond: ((id >= 1714355) AND (id <= 1714454))

table 5 : explain SELECT DISTINCT c FROM sbtest5 WHERE id BETWEEN 174809 AND 174908 ORDER BY c
	Unique  (cost=385.03..385.52 rows=98 width=121)
	  ->  Sort  (cost=385.03..385.28 rows=98 width=121)
	        Sort Key: c
	        ->  Index Scan using sbtest5_pkey on sbtest5  (cost=0.43..381.79 rows=98 width=121)
	              Index Cond: ((id >= 174809) AND (id <= 174908))

table 6 : explain SELECT DISTINCT c FROM sbtest6 WHERE id BETWEEN 9449919 AND 9450018 ORDER BY c
	Unique  (cost=397.17..397.67 rows=101 width=121)
	  ->  Sort  (cost=397.17..397.42 rows=101 width=121)
	        Sort Key: c
	        ->  Index Scan using sbtest6_pkey on sbtest6  (cost=0.43..393.80 rows=101 width=121)
	              Index Cond: ((id >= 9449919) AND (id <= 9450018))

table 7 : explain SELECT DISTINCT c FROM sbtest7 WHERE id BETWEEN 7575943 AND 7576042 ORDER BY c
	Unique  (cost=364.84..365.30 rows=93 width=121)
	  ->  Sort  (cost=364.84..365.07 rows=93 width=121)
	        Sort Key: c
	        ->  Index Scan using sbtest7_pkey on sbtest7  (cost=0.43..361.80 rows=93 width=121)
	              Index Cond: ((id >= 7575943) AND (id <= 7576042))

table 8 : explain SELECT DISTINCT c FROM sbtest8 WHERE id BETWEEN 1988613 AND 1988712 ORDER BY c
	Unique  (cost=400.17..400.68 rows=102 width=121)
	  ->  Sort  (cost=400.17..400.43 rows=102 width=121)
	        Sort Key: c
	        ->  Index Scan using sbtest8_pkey on sbtest8  (cost=0.43..396.77 rows=102 width=121)
	              Index Cond: ((id >= 1988613) AND (id <= 1988712))

for deletes
table 1 : explain DELETE FROM sbtest1 WHERE id=435277
	Delete on sbtest1  (cost=0.43..8.45 rows=0 width=0)
	  ->  Index Scan using sbtest1_pkey on sbtest1  (cost=0.43..8.45 rows=1 width=6)
	        Index Cond: (id = 435277)

table 2 : explain DELETE FROM sbtest2 WHERE id=7248611
	Delete on sbtest2  (cost=0.43..8.45 rows=0 width=0)
	  ->  Index Scan using sbtest2_pkey on sbtest2  (cost=0.43..8.45 rows=1 width=6)
	        Index Cond: (id = 7248611)

table 3 : explain DELETE FROM sbtest3 WHERE id=2753904
	Delete on sbtest3  (cost=0.43..8.45 rows=0 width=0)
	  ->  Index Scan using sbtest3_pkey on sbtest3  (cost=0.43..8.45 rows=1 width=6)
	        Index Cond: (id = 2753904)

table 4 : explain DELETE FROM sbtest4 WHERE id=6755866
	Delete on sbtest4  (cost=0.43..8.45 rows=0 width=0)
	  ->  Index Scan using sbtest4_pkey on sbtest4  (cost=0.43..8.45 rows=1 width=6)
	        Index Cond: (id = 6755866)

table 5 : explain DELETE FROM sbtest5 WHERE id=7364559
	Delete on sbtest5  (cost=0.43..8.45 rows=0 width=0)
	  ->  Index Scan using sbtest5_pkey on sbtest5  (cost=0.43..8.45 rows=1 width=6)
	        Index Cond: (id = 7364559)

table 6 : explain DELETE FROM sbtest6 WHERE id=8271529
	Delete on sbtest6  (cost=0.43..8.45 rows=0 width=0)
	  ->  Index Scan using sbtest6_pkey on sbtest6  (cost=0.43..8.45 rows=1 width=6)
	        Index Cond: (id = 8271529)

table 7 : explain DELETE FROM sbtest7 WHERE id=9310288
	Delete on sbtest7  (cost=0.43..8.45 rows=0 width=0)
	  ->  Index Scan using sbtest7_pkey on sbtest7  (cost=0.43..8.45 rows=1 width=6)
	        Index Cond: (id = 9310288)

table 8 : explain DELETE FROM sbtest8 WHERE id=4334876
	Delete on sbtest8  (cost=0.43..8.45 rows=0 width=0)
	  ->  Index Scan using sbtest8_pkey on sbtest8  (cost=0.43..8.45 rows=1 width=6)
	        Index Cond: (id = 4334876)

explain: for point_selects :: explain SELECT c FROM sbtest%u WHERE id=%u
for point_selects
table 1 : explain SELECT c FROM sbtest1 WHERE id=890428
	Index Scan using sbtest1_pkey on sbtest1  (cost=0.43..8.45 rows=1 width=121)
	  Index Cond: (id = 890428)

table 2 : explain SELECT c FROM sbtest2 WHERE id=8244260
	Index Scan using sbtest2_pkey on sbtest2  (cost=0.43..8.45 rows=1 width=121)
	  Index Cond: (id = 8244260)

table 3 : explain SELECT c FROM sbtest3 WHERE id=1312352
	Index Scan using sbtest3_pkey on sbtest3  (cost=0.43..8.45 rows=1 width=121)
	  Index Cond: (id = 1312352)

table 4 : explain SELECT c FROM sbtest4 WHERE id=3788119
	Index Scan using sbtest4_pkey on sbtest4  (cost=0.43..8.45 rows=1 width=121)
	  Index Cond: (id = 3788119)

table 5 : explain SELECT c FROM sbtest5 WHERE id=3641377
	Index Scan using sbtest5_pkey on sbtest5  (cost=0.43..8.45 rows=1 width=121)
	  Index Cond: (id = 3641377)

table 6 : explain SELECT c FROM sbtest6 WHERE id=9726114
	Index Scan using sbtest6_pkey on sbtest6  (cost=0.43..8.45 rows=1 width=121)
	  Index Cond: (id = 9726114)

table 7 : explain SELECT c FROM sbtest7 WHERE id=1698101
	Index Scan using sbtest7_pkey on sbtest7  (cost=0.43..8.45 rows=1 width=121)
	  Index Cond: (id = 1698101)

table 8 : explain SELECT c FROM sbtest8 WHERE id=1528997
	Index Scan using sbtest8_pkey on sbtest8  (cost=0.43..8.45 rows=1 width=121)
	  Index Cond: (id = 1528997)

explain: for inserts :: explain INSERT INTO sbtest%u (id, k, c, pad) VALUES (%u, 13, 'foobar', 'foobar')
explain: for point_selects :: explain SELECT c FROM sbtest%u WHERE id=%u
explain: for index_updates :: explain UPDATE sbtest%u SET k=k+1 WHERE id=%u
explain: for non_index_updates :: explain UPDATE sbtest%u SET c='foobar' WHERE id=%u
for point_selects
table 1 : explain SELECT c FROM sbtest1 WHERE id=8664434
	Index Scan using sbtest1_pkey on sbtest1  (cost=0.43..8.45 rows=1 width=121)
	  Index Cond: (id = 8664434)

table 2 : explain SELECT c FROM sbtest2 WHERE id=6021746
	Index Scan using sbtest2_pkey on sbtest2  (cost=0.43..8.45 rows=1 width=121)
	  Index Cond: (id = 6021746)

table 3 : explain SELECT c FROM sbtest3 WHERE id=9528716
	Index Scan using sbtest3_pkey on sbtest3  (cost=0.43..8.45 rows=1 width=121)
	  Index Cond: (id = 9528716)

table 4 : explain SELECT c FROM sbtest4 WHERE id=4689688
	Index Scan using sbtest4_pkey on sbtest4  (cost=0.43..8.45 rows=1 width=121)
	  Index Cond: (id = 4689688)

table 5 : explain SELECT c FROM sbtest5 WHERE id=322001
	Index Scan using sbtest5_pkey on sbtest5  (cost=0.43..8.45 rows=1 width=121)
	  Index Cond: (id = 322001)

table 6 : explain SELECT c FROM sbtest6 WHERE id=7102989
	Index Scan using sbtest6_pkey on sbtest6  (cost=0.43..8.45 rows=1 width=121)
	  Index Cond: (id = 7102989)

table 7 : explain SELECT c FROM sbtest7 WHERE id=1168467
	Index Scan using sbtest7_pkey on sbtest7  (cost=0.43..8.45 rows=1 width=121)
	  Index Cond: (id = 1168467)

table 8 : explain SELECT c FROM sbtest8 WHERE id=7493362
	Index Scan using sbtest8_pkey on sbtest8  (cost=0.43..8.45 rows=1 width=121)
	  Index Cond: (id = 7493362)

for inserts
table 1 : explain INSERT INTO sbtest1 (id, k, c, pad) VALUES (7211023, 13, 'foobar', 'foobar')
	Insert on sbtest1  (cost=0.00..0.01 rows=0 width=0)
	  ->  Result  (cost=0.00..0.01 rows=1 width=736)

table 2 : explain INSERT INTO sbtest2 (id, k, c, pad) VALUES (6098786, 13, 'foobar', 'foobar')
	Insert on sbtest2  (cost=0.00..0.01 rows=0 width=0)
	  ->  Result  (cost=0.00..0.01 rows=1 width=736)

table 3 : explain INSERT INTO sbtest3 (id, k, c, pad) VALUES (5202024, 13, 'foobar', 'foobar')
	Insert on sbtest3  (cost=0.00..0.01 rows=0 width=0)
	  ->  Result  (cost=0.00..0.01 rows=1 width=736)

table 4 : explain INSERT INTO sbtest4 (id, k, c, pad) VALUES (8528471, 13, 'foobar', 'foobar')
	Insert on sbtest4  (cost=0.00..0.01 rows=0 width=0)
	  ->  Result  (cost=0.00..0.01 rows=1 width=736)

table 5 : explain INSERT INTO sbtest5 (id, k, c, pad) VALUES (5688837, 13, 'foobar', 'foobar')
	Insert on sbtest5  (cost=0.00..0.01 rows=0 width=0)
	  ->  Result  (cost=0.00..0.01 rows=1 width=736)

table 6 : explain INSERT INTO sbtest6 (id, k, c, pad) VALUES (7246218, 13, 'foobar', 'foobar')
	Insert on sbtest6  (cost=0.00..0.01 rows=0 width=0)
	  ->  Result  (cost=0.00..0.01 rows=1 width=736)

table 7 : explain INSERT INTO sbtest7 (id, k, c, pad) VALUES (5607752, 13, 'foobar', 'foobar')
	Insert on sbtest7  (cost=0.00..0.01 rows=0 width=0)
	  ->  Result  (cost=0.00..0.01 rows=1 width=736)

table 8 : explain INSERT INTO sbtest8 (id, k, c, pad) VALUES (675763, 13, 'foobar', 'foobar')
	Insert on sbtest8  (cost=0.00..0.01 rows=0 width=0)
	  ->  Result  (cost=0.00..0.01 rows=1 width=736)

explain: for inserts :: explain INSERT INTO sbtest%u (id, k, c, pad) VALUES (%u, 13, 'foobar', 'foobar')
for point_selects
table 1 : explain SELECT c FROM sbtest1 WHERE id=3450748
	Index Scan using sbtest1_pkey on sbtest1  (cost=0.43..8.45 rows=1 width=121)
	  Index Cond: (id = 3450748)

table 2 : explain SELECT c FROM sbtest2 WHERE id=7462681
	Index Scan using sbtest2_pkey on sbtest2  (cost=0.43..8.45 rows=1 width=121)
	  Index Cond: (id = 7462681)

table 3 : explain SELECT c FROM sbtest3 WHERE id=3994760
	Index Scan using sbtest3_pkey on sbtest3  (cost=0.43..8.45 rows=1 width=121)
	  Index Cond: (id = 3994760)

table 4 : explain SELECT c FROM sbtest4 WHERE id=2293871
	Index Scan using sbtest4_pkey on sbtest4  (cost=0.43..8.45 rows=1 width=121)
	  Index Cond: (id = 2293871)

table 5 : explain SELECT c FROM sbtest5 WHERE id=4727664
	Index Scan using sbtest5_pkey on sbtest5  (cost=0.43..8.45 rows=1 width=121)
	  Index Cond: (id = 4727664)

table 6 : explain SELECT c FROM sbtest6 WHERE id=1875623
	Index Scan using sbtest6_pkey on sbtest6  (cost=0.43..8.45 rows=1 width=121)
	  Index Cond: (id = 1875623)

table 7 : explain SELECT c FROM sbtest7 WHERE id=9424763
	Index Scan using sbtest7_pkey on sbtest7  (cost=0.43..8.45 rows=1 width=121)
	  Index Cond: (id = 9424763)

table 8 : explain SELECT c FROM sbtest8 WHERE id=345286
	Index Scan using sbtest8_pkey on sbtest8  (cost=0.43..8.45 rows=1 width=121)
	  Index Cond: (id = 345286)

for: sum_ranges
table 1 : explain SELECT SUM(k) FROM sbtest1 WHERE id BETWEEN 2111869 AND 2111968
	Aggregate  (cost=414.54..414.55 rows=1 width=8)
	  ->  Index Scan using sbtest1_pkey on sbtest1  (cost=0.43..414.27 rows=106 width=4)
	        Index Cond: ((id >= 2111869) AND (id <= 2111968))

table 2 : explain SELECT SUM(k) FROM sbtest2 WHERE id BETWEEN 234602 AND 234701
	Aggregate  (cost=351.84..351.85 rows=1 width=8)
	  ->  Index Scan using sbtest2_pkey on sbtest2  (cost=0.43..351.62 rows=90 width=4)
	        Index Cond: ((id >= 234602) AND (id <= 234701))

table 3 : explain SELECT SUM(k) FROM sbtest3 WHERE id BETWEEN 130412 AND 130511
	Aggregate  (cost=395.72..395.73 rows=1 width=8)
	  ->  Index Scan using sbtest3_pkey on sbtest3  (cost=0.43..395.46 rows=101 width=4)
	        Index Cond: ((id >= 130412) AND (id <= 130511))

table 4 : explain SELECT SUM(k) FROM sbtest4 WHERE id BETWEEN 5969124 AND 5969223
	Aggregate  (cost=390.28..390.29 rows=1 width=8)
	  ->  Index Scan using sbtest4_pkey on sbtest4  (cost=0.43..390.03 rows=100 width=4)
	        Index Cond: ((id >= 5969124) AND (id <= 5969223))

table 5 : explain SELECT SUM(k) FROM sbtest5 WHERE id BETWEEN 9420382 AND 9420481
	Aggregate  (cost=374.33..374.34 rows=1 width=8)
	  ->  Index Scan using sbtest5_pkey on sbtest5  (cost=0.43..374.09 rows=96 width=4)
	        Index Cond: ((id >= 9420382) AND (id <= 9420481))

table 6 : explain SELECT SUM(k) FROM sbtest6 WHERE id BETWEEN 5320559 AND 5320658
	Aggregate  (cost=367.03..367.04 rows=1 width=8)
	  ->  Index Scan using sbtest6_pkey on sbtest6  (cost=0.43..366.80 rows=94 width=4)
	        Index Cond: ((id >= 5320559) AND (id <= 5320658))

table 7 : explain SELECT SUM(k) FROM sbtest7 WHERE id BETWEEN 8187392 AND 8187491
	Aggregate  (cost=423.55..423.56 rows=1 width=8)
	  ->  Index Scan using sbtest7_pkey on sbtest7  (cost=0.43..423.28 rows=109 width=4)
	        Index Cond: ((id >= 8187392) AND (id <= 8187491))

table 8 : explain SELECT SUM(k) FROM sbtest8 WHERE id BETWEEN 5894819 AND 5894918
	Aggregate  (cost=366.21..366.22 rows=1 width=8)
	  ->  Index Scan using sbtest8_pkey on sbtest8  (cost=0.43..365.98 rows=94 width=4)
	        Index Cond: ((id >= 5894819) AND (id <= 5894918))

explain: for non_index_updates :: explain UPDATE sbtest%u SET c='foobar' WHERE id=%u
for: simple_ranges
table 1 : explain SELECT c FROM sbtest1 WHERE id BETWEEN 2244276 AND 2244375
	Index Scan using sbtest1_pkey on sbtest1  (cost=0.43..425.86 rows=109 width=121)
	  Index Cond: ((id >= 2244276) AND (id <= 2244375))

table 2 : explain SELECT c FROM sbtest2 WHERE id BETWEEN 6692211 AND 6692310
	Index Scan using sbtest2_pkey on sbtest2  (cost=0.43..378.60 rows=97 width=121)
	  Index Cond: ((id >= 6692211) AND (id <= 6692310))

table 3 : explain SELECT c FROM sbtest3 WHERE id BETWEEN 6868455 AND 6868554
	Index Scan using sbtest3_pkey on sbtest3  (cost=0.43..387.72 rows=99 width=121)
	  Index Cond: ((id >= 6868455) AND (id <= 6868554))

table 4 : explain SELECT c FROM sbtest4 WHERE id BETWEEN 6036444 AND 6036543
	Index Scan using sbtest4_pkey on sbtest4  (cost=0.43..390.03 rows=100 width=121)
	  Index Cond: ((id >= 6036444) AND (id <= 6036543))

table 5 : explain SELECT c FROM sbtest5 WHERE id BETWEEN 6727829 AND 6727928
	Index Scan using sbtest5_pkey on sbtest5  (cost=0.43..366.40 rows=94 width=121)
	  Index Cond: ((id >= 6727829) AND (id <= 6727928))

table 6 : explain SELECT c FROM sbtest6 WHERE id BETWEEN 9985838 AND 9985937
	Index Scan using sbtest6_pkey on sbtest6  (cost=0.43..436.18 rows=112 width=121)
	  Index Cond: ((id >= 9985838) AND (id <= 9985937))

table 7 : explain SELECT c FROM sbtest7 WHERE id BETWEEN 1843345 AND 1843444
	Index Scan using sbtest7_pkey on sbtest7  (cost=0.43..411.76 rows=106 width=121)
	  Index Cond: ((id >= 1843345) AND (id <= 1843444))

table 8 : explain SELECT c FROM sbtest8 WHERE id BETWEEN 3479292 AND 3479391
	Index Scan using sbtest8_pkey on sbtest8  (cost=0.43..412.14 rows=106 width=121)
	  Index Cond: ((id >= 3479292) AND (id <= 3479391))

for: distinct_ranges
table 1 : explain SELECT DISTINCT c FROM sbtest1 WHERE id BETWEEN 1710150 AND 1710249 ORDER BY c
	Unique  (cost=382.66..383.14 rows=97 width=121)
	  ->  Sort  (cost=382.66..382.90 rows=97 width=121)
	        Sort Key: c
	        ->  Index Scan using sbtest1_pkey on sbtest1  (cost=0.43..379.46 rows=97 width=121)
	              Index Cond: ((id >= 1710150) AND (id <= 1710249))

table 2 : explain SELECT DISTINCT c FROM sbtest2 WHERE id BETWEEN 2579253 AND 2579352 ORDER BY c
	Unique  (cost=385.70..386.19 rows=98 width=121)
	  ->  Sort  (cost=385.70..385.94 rows=98 width=121)
	        Sort Key: c
	        ->  Index Scan using sbtest2_pkey on sbtest2  (cost=0.43..382.46 rows=98 width=121)
	              Index Cond: ((id >= 2579253) AND (id <= 2579352))

table 3 : explain SELECT DISTINCT c FROM sbtest3 WHERE id BETWEEN 2527290 AND 2527389 ORDER BY c
	Unique  (cost=441.88..442.44 rows=112 width=121)
	  ->  Sort  (cost=441.88..442.16 rows=112 width=121)
	        Sort Key: c
	        ->  Index Scan using sbtest3_pkey on sbtest3  (cost=0.43..438.06 rows=112 width=121)
	              Index Cond: ((id >= 2527290) AND (id <= 2527389))

table 4 : explain SELECT DISTINCT c FROM sbtest4 WHERE id BETWEEN 5312497 AND 5312596 ORDER BY c
	Unique  (cost=381.67..382.16 rows=97 width=121)
	  ->  Sort  (cost=381.67..381.91 rows=97 width=121)
	        Sort Key: c
	        ->  Index Scan using sbtest4_pkey on sbtest4  (cost=0.43..378.47 rows=97 width=121)
	              Index Cond: ((id >= 5312497) AND (id <= 5312596))

table 5 : explain SELECT DISTINCT c FROM sbtest5 WHERE id BETWEEN 1981422 AND 1981521 ORDER BY c
	Unique  (cost=420.07..420.61 rows=107 width=121)
	  ->  Sort  (cost=420.07..420.34 rows=107 width=121)
	        Sort Key: c
	        ->  Index Scan using sbtest5_pkey on sbtest5  (cost=0.43..416.46 rows=107 width=121)
	              Index Cond: ((id >= 1981422) AND (id <= 1981521))

table 6 : explain SELECT DISTINCT c FROM sbtest6 WHERE id BETWEEN 6144027 AND 6144126 ORDER BY c
	Unique  (cost=404.95..405.47 rows=103 width=121)
	  ->  Sort  (cost=404.95..405.21 rows=103 width=121)
	        Sort Key: c
	        ->  Index Scan using sbtest6_pkey on sbtest6  (cost=0.43..401.51 rows=103 width=121)
	              Index Cond: ((id >= 6144027) AND (id <= 6144126))

table 7 : explain SELECT DISTINCT c FROM sbtest7 WHERE id BETWEEN 8025807 AND 8025906 ORDER BY c
	Unique  (cost=419.20..419.74 rows=107 width=121)
	  ->  Sort  (cost=419.20..419.47 rows=107 width=121)
	        Sort Key: c
	        ->  Index Scan using sbtest7_pkey on sbtest7  (cost=0.43..415.60 rows=107 width=121)
	              Index Cond: ((id >= 8025807) AND (id <= 8025906))

table 8 : explain SELECT DISTINCT c FROM sbtest8 WHERE id BETWEEN 707094 AND 707193 ORDER BY c
	Unique  (cost=380.71..381.20 rows=97 width=121)
	  ->  Sort  (cost=380.71..380.95 rows=97 width=121)
	        Sort Key: c
	        ->  Index Scan using sbtest8_pkey on sbtest8  (cost=0.43..377.51 rows=97 width=121)
	              Index Cond: ((id >= 707094) AND (id <= 707193))

for index_updates
table 1 : explain UPDATE sbtest1 SET k=k+1 WHERE id=6974161
	Update on sbtest1  (cost=0.43..8.46 rows=0 width=0)
	  ->  Index Scan using sbtest1_pkey on sbtest1  (cost=0.43..8.46 rows=1 width=10)
	        Index Cond: (id = 6974161)

table 2 : explain UPDATE sbtest2 SET k=k+1 WHERE id=9214218
	Update on sbtest2  (cost=0.43..8.46 rows=0 width=0)
	  ->  Index Scan using sbtest2_pkey on sbtest2  (cost=0.43..8.46 rows=1 width=10)
	        Index Cond: (id = 9214218)

table 3 : explain UPDATE sbtest3 SET k=k+1 WHERE id=1580526
	Update on sbtest3  (cost=0.43..8.46 rows=0 width=0)
	  ->  Index Scan using sbtest3_pkey on sbtest3  (cost=0.43..8.46 rows=1 width=10)
	        Index Cond: (id = 1580526)

table 4 : explain UPDATE sbtest4 SET k=k+1 WHERE id=6538226
	Update on sbtest4  (cost=0.43..8.46 rows=0 width=0)
	  ->  Index Scan using sbtest4_pkey on sbtest4  (cost=0.43..8.46 rows=1 width=10)
	        Index Cond: (id = 6538226)

table 5 : explain UPDATE sbtest5 SET k=k+1 WHERE id=1080835
	Update on sbtest5  (cost=0.43..8.46 rows=0 width=0)
	  ->  Index Scan using sbtest5_pkey on sbtest5  (cost=0.43..8.46 rows=1 width=10)
	        Index Cond: (id = 1080835)

table 6 : explain UPDATE sbtest6 SET k=k+1 WHERE id=5453695
	Update on sbtest6  (cost=0.43..8.46 rows=0 width=0)
	  ->  Index Scan using sbtest6_pkey on sbtest6  (cost=0.43..8.46 rows=1 width=10)
	        Index Cond: (id = 5453695)

table 7 : explain UPDATE sbtest7 SET k=k+1 WHERE id=3794503
	Update on sbtest7  (cost=0.43..8.46 rows=0 width=0)
	  ->  Index Scan using sbtest7_pkey on sbtest7  (cost=0.43..8.46 rows=1 width=10)
	        Index Cond: (id = 3794503)

table 8 : explain UPDATE sbtest8 SET k=k+1 WHERE id=9289993
	Update on sbtest8  (cost=0.43..8.46 rows=0 width=0)
	  ->  Index Scan using sbtest8_pkey on sbtest8  (cost=0.43..8.46 rows=1 width=10)
	        Index Cond: (id = 9289993)

for point_selects
table 1 : explain SELECT c FROM sbtest1 WHERE id=9120389
	Index Scan using sbtest1_pkey on sbtest1  (cost=0.43..8.45 rows=1 width=121)
	  Index Cond: (id = 9120389)

table 2 : explain SELECT c FROM sbtest2 WHERE id=5617190
	Index Scan using sbtest2_pkey on sbtest2  (cost=0.43..8.45 rows=1 width=121)
	  Index Cond: (id = 5617190)

table 3 : explain SELECT c FROM sbtest3 WHERE id=619262
	Index Scan using sbtest3_pkey on sbtest3  (cost=0.43..8.45 rows=1 width=121)
	  Index Cond: (id = 619262)

table 4 : explain SELECT c FROM sbtest4 WHERE id=8448741
	Index Scan using sbtest4_pkey on sbtest4  (cost=0.43..8.45 rows=1 width=121)
	  Index Cond: (id = 8448741)

table 5 : explain SELECT c FROM sbtest5 WHERE id=5380047
	Index Scan using sbtest5_pkey on sbtest5  (cost=0.43..8.45 rows=1 width=121)
	  Index Cond: (id = 5380047)

table 6 : explain SELECT c FROM sbtest6 WHERE id=1223580
	Index Scan using sbtest6_pkey on sbtest6  (cost=0.43..8.45 rows=1 width=121)
	  Index Cond: (id = 1223580)

table 7 : explain SELECT c FROM sbtest7 WHERE id=7792596
	Index Scan using sbtest7_pkey on sbtest7  (cost=0.43..8.45 rows=1 width=121)
	  Index Cond: (id = 7792596)

table 8 : explain SELECT c FROM sbtest8 WHERE id=3905129
	Index Scan using sbtest8_pkey on sbtest8  (cost=0.43..8.45 rows=1 width=121)
	  Index Cond: (id = 3905129)

for inserts
table 1 : explain INSERT INTO sbtest1 (id, k, c, pad) VALUES (5955119, 13, 'foobar', 'foobar')
	Insert on sbtest1  (cost=0.00..0.01 rows=0 width=0)
	  ->  Result  (cost=0.00..0.01 rows=1 width=736)

table 2 : explain INSERT INTO sbtest2 (id, k, c, pad) VALUES (5149385, 13, 'foobar', 'foobar')
	Insert on sbtest2  (cost=0.00..0.01 rows=0 width=0)
	  ->  Result  (cost=0.00..0.01 rows=1 width=736)

table 3 : explain INSERT INTO sbtest3 (id, k, c, pad) VALUES (7113429, 13, 'foobar', 'foobar')
	Insert on sbtest3  (cost=0.00..0.01 rows=0 width=0)
	  ->  Result  (cost=0.00..0.01 rows=1 width=736)

table 4 : explain INSERT INTO sbtest4 (id, k, c, pad) VALUES (979682, 13, 'foobar', 'foobar')
	Insert on sbtest4  (cost=0.00..0.01 rows=0 width=0)
	  ->  Result  (cost=0.00..0.01 rows=1 width=736)

table 5 : explain INSERT INTO sbtest5 (id, k, c, pad) VALUES (8818435, 13, 'foobar', 'foobar')
	Insert on sbtest5  (cost=0.00..0.01 rows=0 width=0)
	  ->  Result  (cost=0.00..0.01 rows=1 width=736)

table 6 : explain INSERT INTO sbtest6 (id, k, c, pad) VALUES (206771, 13, 'foobar', 'foobar')
	Insert on sbtest6  (cost=0.00..0.01 rows=0 width=0)
	  ->  Result  (cost=0.00..0.01 rows=1 width=736)

table 7 : explain INSERT INTO sbtest7 (id, k, c, pad) VALUES (9982843, 13, 'foobar', 'foobar')
	Insert on sbtest7  (cost=0.00..0.01 rows=0 width=0)
	  ->  Result  (cost=0.00..0.01 rows=1 width=736)

table 8 : explain INSERT INTO sbtest8 (id, k, c, pad) VALUES (1130457, 13, 'foobar', 'foobar')
	Insert on sbtest8  (cost=0.00..0.01 rows=0 width=0)
	  ->  Result  (cost=0.00..0.01 rows=1 width=736)

for non_index_updates
table 1 : explain UPDATE sbtest1 SET c='foobar' WHERE id=9507498
	Update on sbtest1  (cost=0.43..8.45 rows=0 width=0)
	  ->  Index Scan using sbtest1_pkey on sbtest1  (cost=0.43..8.45 rows=1 width=490)
	        Index Cond: (id = 9507498)

table 2 : explain UPDATE sbtest2 SET c='foobar' WHERE id=4431450
	Update on sbtest2  (cost=0.43..8.45 rows=0 width=0)
	  ->  Index Scan using sbtest2_pkey on sbtest2  (cost=0.43..8.45 rows=1 width=490)
	        Index Cond: (id = 4431450)

table 3 : explain UPDATE sbtest3 SET c='foobar' WHERE id=483986
	Update on sbtest3  (cost=0.43..8.45 rows=0 width=0)
	  ->  Index Scan using sbtest3_pkey on sbtest3  (cost=0.43..8.45 rows=1 width=490)
	        Index Cond: (id = 483986)

table 4 : explain UPDATE sbtest4 SET c='foobar' WHERE id=9966279
	Update on sbtest4  (cost=0.43..8.45 rows=0 width=0)
	  ->  Index Scan using sbtest4_pkey on sbtest4  (cost=0.43..8.45 rows=1 width=490)
	        Index Cond: (id = 9966279)

table 5 : explain UPDATE sbtest5 SET c='foobar' WHERE id=4374786
	Update on sbtest5  (cost=0.43..8.45 rows=0 width=0)
	  ->  Index Scan using sbtest5_pkey on sbtest5  (cost=0.43..8.45 rows=1 width=490)
	        Index Cond: (id = 4374786)

table 6 : explain UPDATE sbtest6 SET c='foobar' WHERE id=2807704
	Update on sbtest6  (cost=0.43..8.45 rows=0 width=0)
	  ->  Index Scan using sbtest6_pkey on sbtest6  (cost=0.43..8.45 rows=1 width=490)
	        Index Cond: (id = 2807704)

table 7 : explain UPDATE sbtest7 SET c='foobar' WHERE id=1437103
	Update on sbtest7  (cost=0.43..8.45 rows=0 width=0)
	  ->  Index Scan using sbtest7_pkey on sbtest7  (cost=0.43..8.45 rows=1 width=490)
	        Index Cond: (id = 1437103)

table 8 : explain UPDATE sbtest8 SET c='foobar' WHERE id=4840445
	Update on sbtest8  (cost=0.43..8.45 rows=0 width=0)
	  ->  Index Scan using sbtest8_pkey on sbtest8  (cost=0.43..8.45 rows=1 width=490)
	        Index Cond: (id = 4840445)

explain: for index_updates :: explain UPDATE sbtest%u SET k=k+1 WHERE id=%u
explain: for non_index_updates :: explain UPDATE sbtest%u SET c='foobar' WHERE id=%u
for non_index_updates
table 1 : explain UPDATE sbtest1 SET c='foobar' WHERE id=419923
	Update on sbtest1  (cost=0.43..8.45 rows=0 width=0)
	  ->  Index Scan using sbtest1_pkey on sbtest1  (cost=0.43..8.45 rows=1 width=490)
	        Index Cond: (id = 419923)

table 2 : explain UPDATE sbtest2 SET c='foobar' WHERE id=3528233
	Update on sbtest2  (cost=0.43..8.45 rows=0 width=0)
	  ->  Index Scan using sbtest2_pkey on sbtest2  (cost=0.43..8.45 rows=1 width=490)
	        Index Cond: (id = 3528233)

table 3 : explain UPDATE sbtest3 SET c='foobar' WHERE id=6730994
	Update on sbtest3  (cost=0.43..8.45 rows=0 width=0)
	  ->  Index Scan using sbtest3_pkey on sbtest3  (cost=0.43..8.45 rows=1 width=490)
	        Index Cond: (id = 6730994)

table 4 : explain UPDATE sbtest4 SET c='foobar' WHERE id=3961650
	Update on sbtest4  (cost=0.43..8.45 rows=0 width=0)
	  ->  Index Scan using sbtest4_pkey on sbtest4  (cost=0.43..8.45 rows=1 width=490)
	        Index Cond: (id = 3961650)

table 5 : explain UPDATE sbtest5 SET c='foobar' WHERE id=3468528
	Update on sbtest5  (cost=0.43..8.45 rows=0 width=0)
	  ->  Index Scan using sbtest5_pkey on sbtest5  (cost=0.43..8.45 rows=1 width=490)
	        Index Cond: (id = 3468528)

table 6 : explain UPDATE sbtest6 SET c='foobar' WHERE id=8251313
	Update on sbtest6  (cost=0.43..8.45 rows=0 width=0)
	  ->  Index Scan using sbtest6_pkey on sbtest6  (cost=0.43..8.45 rows=1 width=490)
	        Index Cond: (id = 8251313)

table 7 : explain UPDATE sbtest7 SET c='foobar' WHERE id=2704164
	Update on sbtest7  (cost=0.43..8.45 rows=0 width=0)
	  ->  Index Scan using sbtest7_pkey on sbtest7  (cost=0.43..8.45 rows=1 width=490)
	        Index Cond: (id = 2704164)

table 8 : explain UPDATE sbtest8 SET c='foobar' WHERE id=6613855
	Update on sbtest8  (cost=0.43..8.45 rows=0 width=0)
	  ->  Index Scan using sbtest8_pkey on sbtest8  (cost=0.43..8.45 rows=1 width=490)
	        Index Cond: (id = 6613855)

explain: for deletes :: explain DELETE FROM sbtest%u WHERE id=%u
explain: for deletes :: explain DELETE FROM sbtest%u WHERE id=%u
for: simple_ranges
table 1 : explain SELECT c FROM sbtest1 WHERE id BETWEEN 5041821 AND 5041920
	Index Scan using sbtest1_pkey on sbtest1  (cost=0.43..383.32 rows=98 width=121)
	  Index Cond: ((id >= 5041821) AND (id <= 5041920))

table 2 : explain SELECT c FROM sbtest2 WHERE id BETWEEN 8976506 AND 8976605
	Index Scan using sbtest2_pkey on sbtest2  (cost=0.43..382.46 rows=98 width=121)
	  Index Cond: ((id >= 8976506) AND (id <= 8976605))

table 3 : explain SELECT c FROM sbtest3 WHERE id BETWEEN 8175605 AND 8175704
	Index Scan using sbtest3_pkey on sbtest3  (cost=0.43..407.11 rows=104 width=121)
	  Index Cond: ((id >= 8175605) AND (id <= 8175704))

table 4 : explain SELECT c FROM sbtest4 WHERE id BETWEEN 6928549 AND 6928648
	Index Scan using sbtest4_pkey on sbtest4  (cost=0.43..382.32 rows=98 width=121)
	  Index Cond: ((id >= 6928549) AND (id <= 6928648))

table 5 : explain SELECT c FROM sbtest5 WHERE id BETWEEN 5982148 AND 5982247
	Index Scan using sbtest5_pkey on sbtest5  (cost=0.43..397.22 rows=102 width=121)
	  Index Cond: ((id >= 5982148) AND (id <= 5982247))

table 6 : explain SELECT c FROM sbtest6 WHERE id BETWEEN 3667425 AND 3667524
	Index Scan using sbtest6_pkey on sbtest6  (cost=0.43..389.95 rows=100 width=121)
	  Index Cond: ((id >= 3667425) AND (id <= 3667524))

table 7 : explain SELECT c FROM sbtest7 WHERE id BETWEEN 8397813 AND 8397912
	Index Scan using sbtest7_pkey on sbtest7  (cost=0.43..400.24 rows=103 width=121)
	  Index Cond: ((id >= 8397813) AND (id <= 8397912))

table 8 : explain SELECT c FROM sbtest8 WHERE id BETWEEN 9582764 AND 9582863
	Index Scan using sbtest8_pkey on sbtest8  (cost=0.43..389.08 rows=100 width=121)
	  Index Cond: ((id >= 9582764) AND (id <= 9582863))

for non_index_updates
table 1 : explain UPDATE sbtest1 SET c='foobar' WHERE id=7765456
	Update on sbtest1  (cost=0.43..8.45 rows=0 width=0)
	  ->  Index Scan using sbtest1_pkey on sbtest1  (cost=0.43..8.45 rows=1 width=490)
	        Index Cond: (id = 7765456)

table 2 : explain UPDATE sbtest2 SET c='foobar' WHERE id=6557296
	Update on sbtest2  (cost=0.43..8.45 rows=0 width=0)
	  ->  Index Scan using sbtest2_pkey on sbtest2  (cost=0.43..8.45 rows=1 width=490)
	        Index Cond: (id = 6557296)

table 3 : explain UPDATE sbtest3 SET c='foobar' WHERE id=7071271
	Update on sbtest3  (cost=0.43..8.45 rows=0 width=0)
	  ->  Index Scan using sbtest3_pkey on sbtest3  (cost=0.43..8.45 rows=1 width=490)
	        Index Cond: (id = 7071271)

table 4 : explain UPDATE sbtest4 SET c='foobar' WHERE id=4698741
	Update on sbtest4  (cost=0.43..8.45 rows=0 width=0)
	  ->  Index Scan using sbtest4_pkey on sbtest4  (cost=0.43..8.45 rows=1 width=490)
	        Index Cond: (id = 4698741)

table 5 : explain UPDATE sbtest5 SET c='foobar' WHERE id=308810
	Update on sbtest5  (cost=0.43..8.45 rows=0 width=0)
	  ->  Index Scan using sbtest5_pkey on sbtest5  (cost=0.43..8.45 rows=1 width=490)
	        Index Cond: (id = 308810)

table 6 : explain UPDATE sbtest6 SET c='foobar' WHERE id=9198386
	Update on sbtest6  (cost=0.43..8.45 rows=0 width=0)
	  ->  Index Scan using sbtest6_pkey on sbtest6  (cost=0.43..8.45 rows=1 width=490)
	        Index Cond: (id = 9198386)

table 7 : explain UPDATE sbtest7 SET c='foobar' WHERE id=4302539
	Update on sbtest7  (cost=0.43..8.45 rows=0 width=0)
	  ->  Index Scan using sbtest7_pkey on sbtest7  (cost=0.43..8.45 rows=1 width=490)
	        Index Cond: (id = 4302539)

table 8 : explain UPDATE sbtest8 SET c='foobar' WHERE id=3629707
	Update on sbtest8  (cost=0.43..8.45 rows=0 width=0)
	  ->  Index Scan using sbtest8_pkey on sbtest8  (cost=0.43..8.45 rows=1 width=490)
	        Index Cond: (id = 3629707)

for index_updates
table 1 : explain UPDATE sbtest1 SET k=k+1 WHERE id=1409906
	Update on sbtest1  (cost=0.43..8.46 rows=0 width=0)
	  ->  Index Scan using sbtest1_pkey on sbtest1  (cost=0.43..8.46 rows=1 width=10)
	        Index Cond: (id = 1409906)

table 2 : explain UPDATE sbtest2 SET k=k+1 WHERE id=9382664
	Update on sbtest2  (cost=0.43..8.46 rows=0 width=0)
	  ->  Index Scan using sbtest2_pkey on sbtest2  (cost=0.43..8.46 rows=1 width=10)
	        Index Cond: (id = 9382664)

table 3 : explain UPDATE sbtest3 SET k=k+1 WHERE id=4700289
	Update on sbtest3  (cost=0.43..8.46 rows=0 width=0)
	  ->  Index Scan using sbtest3_pkey on sbtest3  (cost=0.43..8.46 rows=1 width=10)
	        Index Cond: (id = 4700289)

table 4 : explain UPDATE sbtest4 SET k=k+1 WHERE id=9460212
	Update on sbtest4  (cost=0.43..8.46 rows=0 width=0)
	  ->  Index Scan using sbtest4_pkey on sbtest4  (cost=0.43..8.46 rows=1 width=10)
	        Index Cond: (id = 9460212)

table 5 : explain UPDATE sbtest5 SET k=k+1 WHERE id=7804653
	Update on sbtest5  (cost=0.43..8.46 rows=0 width=0)
	  ->  Index Scan using sbtest5_pkey on sbtest5  (cost=0.43..8.46 rows=1 width=10)
	        Index Cond: (id = 7804653)

table 6 : explain UPDATE sbtest6 SET k=k+1 WHERE id=556383
	Update on sbtest6  (cost=0.43..8.46 rows=0 width=0)
	  ->  Index Scan using sbtest6_pkey on sbtest6  (cost=0.43..8.46 rows=1 width=10)
	        Index Cond: (id = 556383)

table 7 : explain UPDATE sbtest7 SET k=k+1 WHERE id=447950
	Update on sbtest7  (cost=0.43..8.46 rows=0 width=0)
	  ->  Index Scan using sbtest7_pkey on sbtest7  (cost=0.43..8.46 rows=1 width=10)
	        Index Cond: (id = 447950)

table 8 : explain UPDATE sbtest8 SET k=k+1 WHERE id=4191289
	Update on sbtest8  (cost=0.43..8.46 rows=0 width=0)
	  ->  Index Scan using sbtest8_pkey on sbtest8  (cost=0.43..8.46 rows=1 width=10)
	        Index Cond: (id = 4191289)

for: order_ranges
table 1 : explain SELECT c FROM sbtest1 WHERE id BETWEEN 4808777 AND 4808876 ORDER BY c
	Sort  (cost=394.37..394.62 rows=100 width=121)
	  Sort Key: c
	  ->  Index Scan using sbtest1_pkey on sbtest1  (cost=0.43..391.05 rows=100 width=121)
	        Index Cond: ((id >= 4808777) AND (id <= 4808876))

table 2 : explain SELECT c FROM sbtest2 WHERE id BETWEEN 4713919 AND 4714018 ORDER BY c
	Sort  (cost=416.90..417.17 rows=106 width=121)
	  Sort Key: c
	  ->  Index Scan using sbtest2_pkey on sbtest2  (cost=0.43..413.34 rows=106 width=121)
	        Index Cond: ((id >= 4713919) AND (id <= 4714018))

table 3 : explain SELECT c FROM sbtest3 WHERE id BETWEEN 5225291 AND 5225390 ORDER BY c
	Sort  (cost=359.73..359.96 rows=91 width=121)
	  Sort Key: c
	  ->  Index Scan using sbtest3_pkey on sbtest3  (cost=0.43..356.77 rows=91 width=121)
	        Index Cond: ((id >= 5225291) AND (id <= 5225390))

table 4 : explain SELECT c FROM sbtest4 WHERE id BETWEEN 4364721 AND 4364820 ORDER BY c
	Sort  (cost=393.35..393.60 rows=100 width=121)
	  Sort Key: c
	  ->  Index Scan using sbtest4_pkey on sbtest4  (cost=0.43..390.03 rows=100 width=121)
	        Index Cond: ((id >= 4364721) AND (id <= 4364820))

table 5 : explain SELECT c FROM sbtest5 WHERE id BETWEEN 6584493 AND 6584592 ORDER BY c
	Sort  (cost=400.63..400.88 rows=102 width=121)
	  Sort Key: c
	  ->  Index Scan using sbtest5_pkey on sbtest5  (cost=0.43..397.22 rows=102 width=121)
	        Index Cond: ((id >= 6584493) AND (id <= 6584592))

table 6 : explain SELECT c FROM sbtest6 WHERE id BETWEEN 7168574 AND 7168673 ORDER BY c
	Sort  (cost=377.66..377.90 rows=96 width=121)
	  Sort Key: c
	  ->  Index Scan using sbtest6_pkey on sbtest6  (cost=0.43..374.50 rows=96 width=121)
	        Index Cond: ((id >= 7168574) AND (id <= 7168673))

table 7 : explain SELECT c FROM sbtest7 WHERE id BETWEEN 4937146 AND 4937245 ORDER BY c
	Sort  (cost=388.12..388.36 rows=99 width=121)
	  Sort Key: c
	  ->  Index Scan using sbtest7_pkey on sbtest7  (cost=0.43..384.83 rows=99 width=121)
	        Index Cond: ((id >= 4937146) AND (id <= 4937245))

table 8 : explain SELECT c FROM sbtest8 WHERE id BETWEEN 9930551 AND 9930650 ORDER BY c
	Sort  (cost=376.83..377.07 rows=96 width=121)
	  Sort Key: c
	  ->  Index Scan using sbtest8_pkey on sbtest8  (cost=0.43..373.67 rows=96 width=121)
	        Index Cond: ((id >= 9930551) AND (id <= 9930650))

for: simple_ranges
table 1 : explain SELECT c FROM sbtest1 WHERE id BETWEEN 9895116 AND 9895215
	Index Scan using sbtest1_pkey on sbtest1  (cost=0.43..418.13 rows=107 width=121)
	  Index Cond: ((id >= 9895116) AND (id <= 9895215))

table 2 : explain SELECT c FROM sbtest2 WHERE id BETWEEN 5123076 AND 5123175
	Index Scan using sbtest2_pkey on sbtest2  (cost=0.43..386.31 rows=99 width=121)
	  Index Cond: ((id >= 5123076) AND (id <= 5123175))

table 3 : explain SELECT c FROM sbtest3 WHERE id BETWEEN 6874674 AND 6874773
	Index Scan using sbtest3_pkey on sbtest3  (cost=0.43..387.72 rows=99 width=121)
	  Index Cond: ((id >= 6874674) AND (id <= 6874773))

table 4 : explain SELECT c FROM sbtest4 WHERE id BETWEEN 1467364 AND 1467463
	Index Scan using sbtest4_pkey on sbtest4  (cost=0.43..420.90 rows=108 width=121)
	  Index Cond: ((id >= 1467364) AND (id <= 1467463))

table 5 : explain SELECT c FROM sbtest5 WHERE id BETWEEN 5198516 AND 5198615
	Index Scan using sbtest5_pkey on sbtest5  (cost=0.43..370.25 rows=95 width=121)
	  Index Cond: ((id >= 5198516) AND (id <= 5198615))

table 6 : explain SELECT c FROM sbtest6 WHERE id BETWEEN 9645687 AND 9645786
	Index Scan using sbtest6_pkey on sbtest6  (cost=0.43..386.06 rows=99 width=121)
	  Index Cond: ((id >= 9645687) AND (id <= 9645786))

table 7 : explain SELECT c FROM sbtest7 WHERE id BETWEEN 8409081 AND 8409180
	Index Scan using sbtest7_pkey on sbtest7  (cost=0.43..400.24 rows=103 width=121)
	  Index Cond: ((id >= 8409081) AND (id <= 8409180))

table 8 : explain SELECT c FROM sbtest8 WHERE id BETWEEN 1595763 AND 1595862
	Index Scan using sbtest8_pkey on sbtest8  (cost=0.43..373.67 rows=96 width=121)
	  Index Cond: ((id >= 1595763) AND (id <= 1595862))

explain: for point_selects :: explain SELECT c FROM sbtest%u WHERE id=%u
explain: for deletes :: explain DELETE FROM sbtest%u WHERE id=%u
for: simple_ranges
table 1 : explain SELECT c FROM sbtest1 WHERE id BETWEEN 2879103 AND 2879202
	Index Scan using sbtest1_pkey on sbtest1  (cost=0.43..406.54 rows=104 width=121)
	  Index Cond: ((id >= 2879103) AND (id <= 2879202))

table 2 : explain SELECT c FROM sbtest2 WHERE id BETWEEN 7478837 AND 7478936
	Index Scan using sbtest2_pkey on sbtest2  (cost=0.43..351.62 rows=90 width=121)
	  Index Cond: ((id >= 7478837) AND (id <= 7478936))

table 3 : explain SELECT c FROM sbtest3 WHERE id BETWEEN 3933026 AND 3933125
	Index Scan using sbtest3_pkey on sbtest3  (cost=0.43..407.11 rows=104 width=121)
	  Index Cond: ((id >= 3933026) AND (id <= 3933125))

table 4 : explain SELECT c FROM sbtest4 WHERE id BETWEEN 9803365 AND 9803464
	Index Scan using sbtest4_pkey on sbtest4  (cost=0.43..409.34 rows=105 width=121)
	  Index Cond: ((id >= 9803365) AND (id <= 9803464))

table 5 : explain SELECT c FROM sbtest5 WHERE id BETWEEN 8996635 AND 8996734
	Index Scan using sbtest5_pkey on sbtest5  (cost=0.43..374.09 rows=96 width=121)
	  Index Cond: ((id >= 8996635) AND (id <= 8996734))

table 6 : explain SELECT c FROM sbtest6 WHERE id BETWEEN 4696680 AND 4696779
	Index Scan using sbtest6_pkey on sbtest6  (cost=0.43..374.50 rows=96 width=121)
	  Index Cond: ((id >= 4696680) AND (id <= 4696779))

table 7 : explain SELECT c FROM sbtest7 WHERE id BETWEEN 8957121 AND 8957220
	Index Scan using sbtest7_pkey on sbtest7  (cost=0.43..361.80 rows=93 width=121)
	  Index Cond: ((id >= 8957121) AND (id <= 8957220))

table 8 : explain SELECT c FROM sbtest8 WHERE id BETWEEN 7868348 AND 7868447
	Index Scan using sbtest8_pkey on sbtest8  (cost=0.43..408.30 rows=105 width=121)
	  Index Cond: ((id >= 7868348) AND (id <= 7868447))

for point_selects
table 1 : explain SELECT c FROM sbtest1 WHERE id=7908713
	Index Scan using sbtest1_pkey on sbtest1  (cost=0.43..8.45 rows=1 width=121)
	  Index Cond: (id = 7908713)

table 2 : explain SELECT c FROM sbtest2 WHERE id=1417968
	Index Scan using sbtest2_pkey on sbtest2  (cost=0.43..8.45 rows=1 width=121)
	  Index Cond: (id = 1417968)

table 3 : explain SELECT c FROM sbtest3 WHERE id=9436927
	Index Scan using sbtest3_pkey on sbtest3  (cost=0.43..8.45 rows=1 width=121)
	  Index Cond: (id = 9436927)

table 4 : explain SELECT c FROM sbtest4 WHERE id=1382690
	Index Scan using sbtest4_pkey on sbtest4  (cost=0.43..8.45 rows=1 width=121)
	  Index Cond: (id = 1382690)

table 5 : explain SELECT c FROM sbtest5 WHERE id=8917049
	Index Scan using sbtest5_pkey on sbtest5  (cost=0.43..8.45 rows=1 width=121)
	  Index Cond: (id = 8917049)

table 6 : explain SELECT c FROM sbtest6 WHERE id=7644608
	Index Scan using sbtest6_pkey on sbtest6  (cost=0.43..8.45 rows=1 width=121)
	  Index Cond: (id = 7644608)

table 7 : explain SELECT c FROM sbtest7 WHERE id=3721130
	Index Scan using sbtest7_pkey on sbtest7  (cost=0.43..8.45 rows=1 width=121)
	  Index Cond: (id = 3721130)

table 8 : explain SELECT c FROM sbtest8 WHERE id=3571122
	Index Scan using sbtest8_pkey on sbtest8  (cost=0.43..8.45 rows=1 width=121)
	  Index Cond: (id = 3571122)

explain: for non_index_updates :: explain UPDATE sbtest%u SET c='foobar' WHERE id=%u
for deletes
table 1 : explain DELETE FROM sbtest1 WHERE id=346182
	Delete on sbtest1  (cost=0.43..8.45 rows=0 width=0)
	  ->  Index Scan using sbtest1_pkey on sbtest1  (cost=0.43..8.45 rows=1 width=6)
	        Index Cond: (id = 346182)

table 2 : explain DELETE FROM sbtest2 WHERE id=7478082
	Delete on sbtest2  (cost=0.43..8.45 rows=0 width=0)
	  ->  Index Scan using sbtest2_pkey on sbtest2  (cost=0.43..8.45 rows=1 width=6)
	        Index Cond: (id = 7478082)

table 3 : explain DELETE FROM sbtest3 WHERE id=8568816
	Delete on sbtest3  (cost=0.43..8.45 rows=0 width=0)
	  ->  Index Scan using sbtest3_pkey on sbtest3  (cost=0.43..8.45 rows=1 width=6)
	        Index Cond: (id = 8568816)

table 4 : explain DELETE FROM sbtest4 WHERE id=2676497
	Delete on sbtest4  (cost=0.43..8.45 rows=0 width=0)
	  ->  Index Scan using sbtest4_pkey on sbtest4  (cost=0.43..8.45 rows=1 width=6)
	        Index Cond: (id = 2676497)

table 5 : explain DELETE FROM sbtest5 WHERE id=2238745
	Delete on sbtest5  (cost=0.43..8.45 rows=0 width=0)
	  ->  Index Scan using sbtest5_pkey on sbtest5  (cost=0.43..8.45 rows=1 width=6)
	        Index Cond: (id = 2238745)

table 6 : explain DELETE FROM sbtest6 WHERE id=1588442
	Delete on sbtest6  (cost=0.43..8.45 rows=0 width=0)
	  ->  Index Scan using sbtest6_pkey on sbtest6  (cost=0.43..8.45 rows=1 width=6)
	        Index Cond: (id = 1588442)

table 7 : explain DELETE FROM sbtest7 WHERE id=7428567
	Delete on sbtest7  (cost=0.43..8.45 rows=0 width=0)
	  ->  Index Scan using sbtest7_pkey on sbtest7  (cost=0.43..8.45 rows=1 width=6)
	        Index Cond: (id = 7428567)

table 8 : explain DELETE FROM sbtest8 WHERE id=734114
	Delete on sbtest8  (cost=0.43..8.45 rows=0 width=0)
	  ->  Index Scan using sbtest8_pkey on sbtest8  (cost=0.43..8.45 rows=1 width=6)
	        Index Cond: (id = 734114)

for deletes
table 1 : explain DELETE FROM sbtest1 WHERE id=6319295
	Delete on sbtest1  (cost=0.43..8.45 rows=0 width=0)
	  ->  Index Scan using sbtest1_pkey on sbtest1  (cost=0.43..8.45 rows=1 width=6)
	        Index Cond: (id = 6319295)

table 2 : explain DELETE FROM sbtest2 WHERE id=3140658
	Delete on sbtest2  (cost=0.43..8.45 rows=0 width=0)
	  ->  Index Scan using sbtest2_pkey on sbtest2  (cost=0.43..8.45 rows=1 width=6)
	        Index Cond: (id = 3140658)

table 3 : explain DELETE FROM sbtest3 WHERE id=4144219
	Delete on sbtest3  (cost=0.43..8.45 rows=0 width=0)
	  ->  Index Scan using sbtest3_pkey on sbtest3  (cost=0.43..8.45 rows=1 width=6)
	        Index Cond: (id = 4144219)

table 4 : explain DELETE FROM sbtest4 WHERE id=2654267
	Delete on sbtest4  (cost=0.43..8.45 rows=0 width=0)
	  ->  Index Scan using sbtest4_pkey on sbtest4  (cost=0.43..8.45 rows=1 width=6)
	        Index Cond: (id = 2654267)

table 5 : explain DELETE FROM sbtest5 WHERE id=4358998
	Delete on sbtest5  (cost=0.43..8.45 rows=0 width=0)
	  ->  Index Scan using sbtest5_pkey on sbtest5  (cost=0.43..8.45 rows=1 width=6)
	        Index Cond: (id = 4358998)

table 6 : explain DELETE FROM sbtest6 WHERE id=874340
	Delete on sbtest6  (cost=0.43..8.45 rows=0 width=0)
	  ->  Index Scan using sbtest6_pkey on sbtest6  (cost=0.43..8.45 rows=1 width=6)
	        Index Cond: (id = 874340)

table 7 : explain DELETE FROM sbtest7 WHERE id=8604108
	Delete on sbtest7  (cost=0.43..8.45 rows=0 width=0)
	  ->  Index Scan using sbtest7_pkey on sbtest7  (cost=0.43..8.45 rows=1 width=6)
	        Index Cond: (id = 8604108)

table 8 : explain DELETE FROM sbtest8 WHERE id=2755057
	Delete on sbtest8  (cost=0.43..8.45 rows=0 width=0)
	  ->  Index Scan using sbtest8_pkey on sbtest8  (cost=0.43..8.45 rows=1 width=6)
	        Index Cond: (id = 2755057)

for point_selects
table 1 : explain SELECT c FROM sbtest1 WHERE id=1348670
	Index Scan using sbtest1_pkey on sbtest1  (cost=0.43..8.45 rows=1 width=121)
	  Index Cond: (id = 1348670)

table 2 : explain SELECT c FROM sbtest2 WHERE id=8100124
	Index Scan using sbtest2_pkey on sbtest2  (cost=0.43..8.45 rows=1 width=121)
	  Index Cond: (id = 8100124)

table 3 : explain SELECT c FROM sbtest3 WHERE id=11736
	Index Scan using sbtest3_pkey on sbtest3  (cost=0.43..8.45 rows=1 width=121)
	  Index Cond: (id = 11736)

table 4 : explain SELECT c FROM sbtest4 WHERE id=3754399
	Index Scan using sbtest4_pkey on sbtest4  (cost=0.43..8.45 rows=1 width=121)
	  Index Cond: (id = 3754399)

table 5 : explain SELECT c FROM sbtest5 WHERE id=576709
	Index Scan using sbtest5_pkey on sbtest5  (cost=0.43..8.45 rows=1 width=121)
	  Index Cond: (id = 576709)

table 6 : explain SELECT c FROM sbtest6 WHERE id=8834020
	Index Scan using sbtest6_pkey on sbtest6  (cost=0.43..8.45 rows=1 width=121)
	  Index Cond: (id = 8834020)

table 7 : explain SELECT c FROM sbtest7 WHERE id=8895482
	Index Scan using sbtest7_pkey on sbtest7  (cost=0.43..8.45 rows=1 width=121)
	  Index Cond: (id = 8895482)

table 8 : explain SELECT c FROM sbtest8 WHERE id=6659947
	Index Scan using sbtest8_pkey on sbtest8  (cost=0.43..8.45 rows=1 width=121)
	  Index Cond: (id = 6659947)

for: simple_ranges
table 1 : explain SELECT c FROM sbtest1 WHERE id BETWEEN 1297280 AND 1297379
	Index Scan using sbtest1_pkey on sbtest1  (cost=0.43..398.78 rows=102 width=121)
	  Index Cond: ((id >= 1297280) AND (id <= 1297379))

table 2 : explain SELECT c FROM sbtest2 WHERE id BETWEEN 9885617 AND 9885716
	Index Scan using sbtest2_pkey on sbtest2  (cost=0.43..401.77 rows=103 width=121)
	  Index Cond: ((id >= 9885617) AND (id <= 9885716))

table 3 : explain SELECT c FROM sbtest3 WHERE id BETWEEN 2603210 AND 2603309
	Index Scan using sbtest3_pkey on sbtest3  (cost=0.43..441.93 rows=113 width=121)
	  Index Cond: ((id >= 2603210) AND (id <= 2603309))

table 4 : explain SELECT c FROM sbtest4 WHERE id BETWEEN 8433 AND 8532
	Index Scan using sbtest4_pkey on sbtest4  (cost=0.43..386.18 rows=99 width=121)
	  Index Cond: ((id >= 8433) AND (id <= 8532))

table 5 : explain SELECT c FROM sbtest5 WHERE id BETWEEN 7061232 AND 7061331
	Index Scan using sbtest5_pkey on sbtest5  (cost=0.43..374.09 rows=96 width=121)
	  Index Cond: ((id >= 7061232) AND (id <= 7061331))

table 6 : explain SELECT c FROM sbtest6 WHERE id BETWEEN 1176840 AND 1176939
	Index Scan using sbtest6_pkey on sbtest6  (cost=0.43..397.66 rows=102 width=121)
	  Index Cond: ((id >= 1176840) AND (id <= 1176939))

table 7 : explain SELECT c FROM sbtest7 WHERE id BETWEEN 8562950 AND 8563049
	Index Scan using sbtest7_pkey on sbtest7  (cost=0.43..361.80 rows=93 width=121)
	  Index Cond: ((id >= 8562950) AND (id <= 8563049))

table 8 : explain SELECT c FROM sbtest8 WHERE id BETWEEN 9129528 AND 9129627
	Index Scan using sbtest8_pkey on sbtest8  (cost=0.43..373.67 rows=96 width=121)
	  Index Cond: ((id >= 9129528) AND (id <= 9129627))

for non_index_updates
table 1 : explain UPDATE sbtest1 SET c='foobar' WHERE id=9326473
	Update on sbtest1  (cost=0.43..8.45 rows=0 width=0)
	  ->  Index Scan using sbtest1_pkey on sbtest1  (cost=0.43..8.45 rows=1 width=490)
	        Index Cond: (id = 9326473)

table 2 : explain UPDATE sbtest2 SET c='foobar' WHERE id=1905250
	Update on sbtest2  (cost=0.43..8.45 rows=0 width=0)
	  ->  Index Scan using sbtest2_pkey on sbtest2  (cost=0.43..8.45 rows=1 width=490)
	        Index Cond: (id = 1905250)

table 3 : explain UPDATE sbtest3 SET c='foobar' WHERE id=1900380
	Update on sbtest3  (cost=0.43..8.45 rows=0 width=0)
	  ->  Index Scan using sbtest3_pkey on sbtest3  (cost=0.43..8.45 rows=1 width=490)
	        Index Cond: (id = 1900380)

table 4 : explain UPDATE sbtest4 SET c='foobar' WHERE id=1634708
	Update on sbtest4  (cost=0.43..8.45 rows=0 width=0)
	  ->  Index Scan using sbtest4_pkey on sbtest4  (cost=0.43..8.45 rows=1 width=490)
	        Index Cond: (id = 1634708)

table 5 : explain UPDATE sbtest5 SET c='foobar' WHERE id=9481414
	Update on sbtest5  (cost=0.43..8.45 rows=0 width=0)
	  ->  Index Scan using sbtest5_pkey on sbtest5  (cost=0.43..8.45 rows=1 width=490)
	        Index Cond: (id = 9481414)

table 6 : explain UPDATE sbtest6 SET c='foobar' WHERE id=9888488
	Update on sbtest6  (cost=0.43..8.45 rows=0 width=0)
	  ->  Index Scan using sbtest6_pkey on sbtest6  (cost=0.43..8.45 rows=1 width=490)
	        Index Cond: (id = 9888488)

table 7 : explain UPDATE sbtest7 SET c='foobar' WHERE id=240709
	Update on sbtest7  (cost=0.43..8.45 rows=0 width=0)
	  ->  Index Scan using sbtest7_pkey on sbtest7  (cost=0.43..8.45 rows=1 width=490)
	        Index Cond: (id = 240709)

table 8 : explain UPDATE sbtest8 SET c='foobar' WHERE id=6006680
	Update on sbtest8  (cost=0.43..8.45 rows=0 width=0)
	  ->  Index Scan using sbtest8_pkey on sbtest8  (cost=0.43..8.45 rows=1 width=490)
	        Index Cond: (id = 6006680)

for: sum_ranges
table 1 : explain SELECT SUM(k) FROM sbtest1 WHERE id BETWEEN 7551457 AND 7551556
	Aggregate  (cost=375.83..375.84 rows=1 width=8)
	  ->  Index Scan using sbtest1_pkey on sbtest1  (cost=0.43..375.59 rows=96 width=4)
	        Index Cond: ((id >= 7551457) AND (id <= 7551556))

table 2 : explain SELECT SUM(k) FROM sbtest2 WHERE id BETWEEN 6810932 AND 6811031
	Aggregate  (cost=382.70..382.71 rows=1 width=8)
	  ->  Index Scan using sbtest2_pkey on sbtest2  (cost=0.43..382.46 rows=98 width=4)
	        Index Cond: ((id >= 6810932) AND (id <= 6811031))

table 3 : explain SELECT SUM(k) FROM sbtest3 WHERE id BETWEEN 354467 AND 354566
	Aggregate  (cost=364.74..364.75 rows=1 width=8)
	  ->  Index Scan using sbtest3_pkey on sbtest3  (cost=0.43..364.51 rows=93 width=4)
	        Index Cond: ((id >= 354467) AND (id <= 354566))

table 4 : explain SELECT SUM(k) FROM sbtest4 WHERE id BETWEEN 3979551 AND 3979650
	Aggregate  (cost=417.31..417.32 rows=1 width=8)
	  ->  Index Scan using sbtest4_pkey on sbtest4  (cost=0.43..417.05 rows=107 width=4)
	        Index Cond: ((id >= 3979551) AND (id <= 3979650))

table 5 : explain SELECT SUM(k) FROM sbtest5 WHERE id BETWEEN 5733076 AND 5733175
	Aggregate  (cost=362.78..362.79 rows=1 width=8)
	  ->  Index Scan using sbtest5_pkey on sbtest5  (cost=0.43..362.55 rows=93 width=4)
	        Index Cond: ((id >= 5733076) AND (id <= 5733175))

table 6 : explain SELECT SUM(k) FROM sbtest6 WHERE id BETWEEN 1542734 AND 1542833
	Aggregate  (cost=370.89..370.90 rows=1 width=8)
	  ->  Index Scan using sbtest6_pkey on sbtest6  (cost=0.43..370.65 rows=95 width=4)
	        Index Cond: ((id >= 1542734) AND (id <= 1542833))

table 7 : explain SELECT SUM(k) FROM sbtest7 WHERE id BETWEEN 7586437 AND 7586536
	Aggregate  (cost=362.03..362.04 rows=1 width=8)
	  ->  Index Scan using sbtest7_pkey on sbtest7  (cost=0.43..361.80 rows=93 width=4)
	        Index Cond: ((id >= 7586437) AND (id <= 7586536))

table 8 : explain SELECT SUM(k) FROM sbtest8 WHERE id BETWEEN 8283427 AND 8283526
	Aggregate  (cost=385.49..385.50 rows=1 width=8)
	  ->  Index Scan using sbtest8_pkey on sbtest8  (cost=0.43..385.24 rows=99 width=4)
	        Index Cond: ((id >= 8283427) AND (id <= 8283526))

for point_selects
table 1 : explain SELECT c FROM sbtest1 WHERE id=7618146
	Index Scan using sbtest1_pkey on sbtest1  (cost=0.43..8.45 rows=1 width=121)
	  Index Cond: (id = 7618146)

table 2 : explain SELECT c FROM sbtest2 WHERE id=2693371
	Index Scan using sbtest2_pkey on sbtest2  (cost=0.43..8.45 rows=1 width=121)
	  Index Cond: (id = 2693371)

table 3 : explain SELECT c FROM sbtest3 WHERE id=1463382
	Index Scan using sbtest3_pkey on sbtest3  (cost=0.43..8.45 rows=1 width=121)
	  Index Cond: (id = 1463382)

table 4 : explain SELECT c FROM sbtest4 WHERE id=3194348
	Index Scan using sbtest4_pkey on sbtest4  (cost=0.43..8.45 rows=1 width=121)
	  Index Cond: (id = 3194348)

table 5 : explain SELECT c FROM sbtest5 WHERE id=5695647
	Index Scan using sbtest5_pkey on sbtest5  (cost=0.43..8.45 rows=1 width=121)
	  Index Cond: (id = 5695647)

table 6 : explain SELECT c FROM sbtest6 WHERE id=8054128
	Index Scan using sbtest6_pkey on sbtest6  (cost=0.43..8.45 rows=1 width=121)
	  Index Cond: (id = 8054128)

table 7 : explain SELECT c FROM sbtest7 WHERE id=5448316
	Index Scan using sbtest7_pkey on sbtest7  (cost=0.43..8.45 rows=1 width=121)
	  Index Cond: (id = 5448316)

table 8 : explain SELECT c FROM sbtest8 WHERE id=4155426
	Index Scan using sbtest8_pkey on sbtest8  (cost=0.43..8.45 rows=1 width=121)
	  Index Cond: (id = 4155426)

for deletes
table 1 : explain DELETE FROM sbtest1 WHERE id=4039368
	Delete on sbtest1  (cost=0.43..8.45 rows=0 width=0)
	  ->  Index Scan using sbtest1_pkey on sbtest1  (cost=0.43..8.45 rows=1 width=6)
	        Index Cond: (id = 4039368)

table 2 : explain DELETE FROM sbtest2 WHERE id=127715
	Delete on sbtest2  (cost=0.43..8.45 rows=0 width=0)
	  ->  Index Scan using sbtest2_pkey on sbtest2  (cost=0.43..8.45 rows=1 width=6)
	        Index Cond: (id = 127715)

table 3 : explain DELETE FROM sbtest3 WHERE id=6598807
	Delete on sbtest3  (cost=0.43..8.45 rows=0 width=0)
	  ->  Index Scan using sbtest3_pkey on sbtest3  (cost=0.43..8.45 rows=1 width=6)
	        Index Cond: (id = 6598807)

table 4 : explain DELETE FROM sbtest4 WHERE id=9936610
	Delete on sbtest4  (cost=0.43..8.45 rows=0 width=0)
	  ->  Index Scan using sbtest4_pkey on sbtest4  (cost=0.43..8.45 rows=1 width=6)
	        Index Cond: (id = 9936610)

table 5 : explain DELETE FROM sbtest5 WHERE id=6062535
	Delete on sbtest5  (cost=0.43..8.45 rows=0 width=0)
	  ->  Index Scan using sbtest5_pkey on sbtest5  (cost=0.43..8.45 rows=1 width=6)
	        Index Cond: (id = 6062535)

table 6 : explain DELETE FROM sbtest6 WHERE id=5689078
	Delete on sbtest6  (cost=0.43..8.45 rows=0 width=0)
	  ->  Index Scan using sbtest6_pkey on sbtest6  (cost=0.43..8.45 rows=1 width=6)
	        Index Cond: (id = 5689078)

table 7 : explain DELETE FROM sbtest7 WHERE id=486571
	Delete on sbtest7  (cost=0.43..8.45 rows=0 width=0)
	  ->  Index Scan using sbtest7_pkey on sbtest7  (cost=0.43..8.45 rows=1 width=6)
	        Index Cond: (id = 486571)

table 8 : explain DELETE FROM sbtest8 WHERE id=7628429
	Delete on sbtest8  (cost=0.43..8.45 rows=0 width=0)
	  ->  Index Scan using sbtest8_pkey on sbtest8  (cost=0.43..8.45 rows=1 width=6)
	        Index Cond: (id = 7628429)

explain: for inserts :: explain INSERT INTO sbtest%u (id, k, c, pad) VALUES (%u, 13, 'foobar', 'foobar')
for: distinct_ranges
table 1 : explain SELECT DISTINCT c FROM sbtest1 WHERE id BETWEEN 2211203 AND 2211302 ORDER BY c
	Unique  (cost=429.55..430.10 rows=109 width=121)
	  ->  Sort  (cost=429.55..429.82 rows=109 width=121)
	        Sort Key: c
	        ->  Index Scan using sbtest1_pkey on sbtest1  (cost=0.43..425.86 rows=109 width=121)
	              Index Cond: ((id >= 2211203) AND (id <= 2211302))

table 2 : explain SELECT DISTINCT c FROM sbtest2 WHERE id BETWEEN 390898 AND 390997 ORDER BY c
	Unique  (cost=370.12..370.59 rows=94 width=121)
	  ->  Sort  (cost=370.12..370.35 rows=94 width=121)
	        Sort Key: c
	        ->  Index Scan using sbtest2_pkey on sbtest2  (cost=0.43..367.04 rows=94 width=121)
	              Index Cond: ((id >= 390898) AND (id <= 390997))

table 3 : explain SELECT DISTINCT c FROM sbtest3 WHERE id BETWEEN 1993299 AND 1993398 ORDER BY c
	Unique  (cost=344.10..344.53 rows=87 width=121)
	  ->  Sort  (cost=344.10..344.31 rows=87 width=121)
	        Sort Key: c
	        ->  Index Scan using sbtest3_pkey on sbtest3  (cost=0.43..341.29 rows=87 width=121)
	              Index Cond: ((id >= 1993299) AND (id <= 1993398))

table 4 : explain SELECT DISTINCT c FROM sbtest4 WHERE id BETWEEN 8567376 AND 8567475 ORDER BY c
	Unique  (cost=369.99..370.46 rows=94 width=121)
	  ->  Sort  (cost=369.99..370.23 rows=94 width=121)
	        Sort Key: c
	        ->  Index Scan using sbtest4_pkey on sbtest4  (cost=0.43..366.91 rows=94 width=121)
	              Index Cond: ((id >= 8567376) AND (id <= 8567475))

table 5 : explain SELECT DISTINCT c FROM sbtest5 WHERE id BETWEEN 3756339 AND 3756438 ORDER BY c
	Unique  (cost=408.40..408.92 rows=104 width=121)
	  ->  Sort  (cost=408.40..408.66 rows=104 width=121)
	        Sort Key: c
	        ->  Index Scan using sbtest5_pkey on sbtest5  (cost=0.43..404.92 rows=104 width=121)
	              Index Cond: ((id >= 3756339) AND (id <= 3756438))

table 6 : explain SELECT DISTINCT c FROM sbtest6 WHERE id BETWEEN 3891076 AND 3891175 ORDER BY c
	Unique  (cost=447.78..448.35 rows=114 width=121)
	  ->  Sort  (cost=447.78..448.06 rows=114 width=121)
	        Sort Key: c
	        ->  Index Scan using sbtest6_pkey on sbtest6  (cost=0.43..443.88 rows=114 width=121)
	              Index Cond: ((id >= 3891076) AND (id <= 3891175))

table 7 : explain SELECT DISTINCT c FROM sbtest7 WHERE id BETWEEN 6289021 AND 6289120 ORDER BY c
	Unique  (cost=380.36..380.84 rows=97 width=121)
	  ->  Sort  (cost=380.36..380.60 rows=97 width=121)
	        Sort Key: c
	        ->  Index Scan using sbtest7_pkey on sbtest7  (cost=0.43..377.16 rows=97 width=121)
	              Index Cond: ((id >= 6289021) AND (id <= 6289120))

table 8 : explain SELECT DISTINCT c FROM sbtest8 WHERE id BETWEEN 5576763 AND 5576862 ORDER BY c
	Unique  (cost=384.59..385.08 rows=98 width=121)
	  ->  Sort  (cost=384.59..384.84 rows=98 width=121)
	        Sort Key: c
	        ->  Index Scan using sbtest8_pkey on sbtest8  (cost=0.43..381.35 rows=98 width=121)
	              Index Cond: ((id >= 5576763) AND (id <= 5576862))

for: simple_ranges
table 1 : explain SELECT c FROM sbtest1 WHERE id BETWEEN 4462507 AND 4462606
	Index Scan using sbtest1_pkey on sbtest1  (cost=0.43..356.27 rows=91 width=121)
	  Index Cond: ((id >= 4462507) AND (id <= 4462606))

table 2 : explain SELECT c FROM sbtest2 WHERE id BETWEEN 3822474 AND 3822573
	Index Scan using sbtest2_pkey on sbtest2  (cost=0.43..394.02 rows=101 width=121)
	  Index Cond: ((id >= 3822474) AND (id <= 3822573))

table 3 : explain SELECT c FROM sbtest3 WHERE id BETWEEN 201423 AND 201522
	Index Scan using sbtest3_pkey on sbtest3  (cost=0.43..379.99 rows=97 width=121)
	  Index Cond: ((id >= 201423) AND (id <= 201522))

table 4 : explain SELECT c FROM sbtest4 WHERE id BETWEEN 4844704 AND 4844803
	Index Scan using sbtest4_pkey on sbtest4  (cost=0.43..397.78 rows=102 width=121)
	  Index Cond: ((id >= 4844704) AND (id <= 4844803))

table 5 : explain SELECT c FROM sbtest5 WHERE id BETWEEN 7791831 AND 7791930
	Index Scan using sbtest5_pkey on sbtest5  (cost=0.43..389.49 rows=100 width=121)
	  Index Cond: ((id >= 7791831) AND (id <= 7791930))

table 6 : explain SELECT c FROM sbtest6 WHERE id BETWEEN 6188587 AND 6188686
	Index Scan using sbtest6_pkey on sbtest6  (cost=0.43..386.06 rows=99 width=121)
	  Index Cond: ((id >= 6188587) AND (id <= 6188686))

table 7 : explain SELECT c FROM sbtest7 WHERE id BETWEEN 8206981 AND 8207080
	Index Scan using sbtest7_pkey on sbtest7  (cost=0.43..423.28 rows=109 width=121)
	  Index Cond: ((id >= 8206981) AND (id <= 8207080))

table 8 : explain SELECT c FROM sbtest8 WHERE id BETWEEN 8087378 AND 8087477
	Index Scan using sbtest8_pkey on sbtest8  (cost=0.43..373.67 rows=96 width=121)
	  Index Cond: ((id >= 8087378) AND (id <= 8087477))

for: sum_ranges
table 1 : explain SELECT SUM(k) FROM sbtest1 WHERE id BETWEEN 8721379 AND 8721478
	Aggregate  (cost=391.30..391.31 rows=1 width=8)
	  ->  Index Scan using sbtest1_pkey on sbtest1  (cost=0.43..391.05 rows=100 width=4)
	        Index Cond: ((id >= 8721379) AND (id <= 8721478))

table 2 : explain SELECT SUM(k) FROM sbtest2 WHERE id BETWEEN 2375866 AND 2375965
	Aggregate  (cost=417.46..417.47 rows=1 width=8)
	  ->  Index Scan using sbtest2_pkey on sbtest2  (cost=0.43..417.19 rows=107 width=4)
	        Index Cond: ((id >= 2375866) AND (id <= 2375965))

table 3 : explain SELECT SUM(k) FROM sbtest3 WHERE id BETWEEN 6233795 AND 6233894
	Aggregate  (cost=391.84..391.85 rows=1 width=8)
	  ->  Index Scan using sbtest3_pkey on sbtest3  (cost=0.43..391.59 rows=100 width=4)
	        Index Cond: ((id >= 6233795) AND (id <= 6233894))

table 4 : explain SELECT SUM(k) FROM sbtest4 WHERE id BETWEEN 1830563 AND 1830662
	Aggregate  (cost=355.58..355.59 rows=1 width=8)
	  ->  Index Scan using sbtest4_pkey on sbtest4  (cost=0.43..355.35 rows=91 width=4)
	        Index Cond: ((id >= 1830563) AND (id <= 1830662))

table 5 : explain SELECT SUM(k) FROM sbtest5 WHERE id BETWEEN 1296749 AND 1296848
	Aggregate  (cost=378.18..378.19 rows=1 width=8)
	  ->  Index Scan using sbtest5_pkey on sbtest5  (cost=0.43..377.94 rows=97 width=4)
	        Index Cond: ((id >= 1296749) AND (id <= 1296848))

table 6 : explain SELECT SUM(k) FROM sbtest6 WHERE id BETWEEN 7173226 AND 7173325
	Aggregate  (cost=374.74..374.75 rows=1 width=8)
	  ->  Index Scan using sbtest6_pkey on sbtest6  (cost=0.43..374.50 rows=96 width=4)
	        Index Cond: ((id >= 7173226) AND (id <= 7173325))

table 7 : explain SELECT SUM(k) FROM sbtest7 WHERE id BETWEEN 8276309 AND 8276408
	Aggregate  (cost=423.55..423.56 rows=1 width=8)
	  ->  Index Scan using sbtest7_pkey on sbtest7  (cost=0.43..423.28 rows=109 width=4)
	        Index Cond: ((id >= 8276309) AND (id <= 8276408))

table 8 : explain SELECT SUM(k) FROM sbtest8 WHERE id BETWEEN 4676453 AND 4676552
	Aggregate  (cost=400.87..400.88 rows=1 width=8)
	  ->  Index Scan using sbtest8_pkey on sbtest8  (cost=0.43..400.61 rows=103 width=4)
	        Index Cond: ((id >= 4676453) AND (id <= 4676552))

explain: for inserts :: explain INSERT INTO sbtest%u (id, k, c, pad) VALUES (%u, 13, 'foobar', 'foobar')
explain: for index_updates :: explain UPDATE sbtest%u SET k=k+1 WHERE id=%u
for inserts
table 1 : explain INSERT INTO sbtest1 (id, k, c, pad) VALUES (8022175, 13, 'foobar', 'foobar')
	Insert on sbtest1  (cost=0.00..0.01 rows=0 width=0)
	  ->  Result  (cost=0.00..0.01 rows=1 width=736)

table 2 : explain INSERT INTO sbtest2 (id, k, c, pad) VALUES (1062915, 13, 'foobar', 'foobar')
	Insert on sbtest2  (cost=0.00..0.01 rows=0 width=0)
	  ->  Result  (cost=0.00..0.01 rows=1 width=736)

table 3 : explain INSERT INTO sbtest3 (id, k, c, pad) VALUES (5924096, 13, 'foobar', 'foobar')
	Insert on sbtest3  (cost=0.00..0.01 rows=0 width=0)
	  ->  Result  (cost=0.00..0.01 rows=1 width=736)

table 4 : explain INSERT INTO sbtest4 (id, k, c, pad) VALUES (73414, 13, 'foobar', 'foobar')
	Insert on sbtest4  (cost=0.00..0.01 rows=0 width=0)
	  ->  Result  (cost=0.00..0.01 rows=1 width=736)

table 5 : explain INSERT INTO sbtest5 (id, k, c, pad) VALUES (495084, 13, 'foobar', 'foobar')
	Insert on sbtest5  (cost=0.00..0.01 rows=0 width=0)
	  ->  Result  (cost=0.00..0.01 rows=1 width=736)

table 6 : explain INSERT INTO sbtest6 (id, k, c, pad) VALUES (8271490, 13, 'foobar', 'foobar')
	Insert on sbtest6  (cost=0.00..0.01 rows=0 width=0)
	  ->  Result  (cost=0.00..0.01 rows=1 width=736)

table 7 : explain INSERT INTO sbtest7 (id, k, c, pad) VALUES (5357416, 13, 'foobar', 'foobar')
	Insert on sbtest7  (cost=0.00..0.01 rows=0 width=0)
	  ->  Result  (cost=0.00..0.01 rows=1 width=736)

table 8 : explain INSERT INTO sbtest8 (id, k, c, pad) VALUES (2042762, 13, 'foobar', 'foobar')
	Insert on sbtest8  (cost=0.00..0.01 rows=0 width=0)
	  ->  Result  (cost=0.00..0.01 rows=1 width=736)

explain: for inserts :: explain INSERT INTO sbtest%u (id, k, c, pad) VALUES (%u, 13, 'foobar', 'foobar')
for: order_ranges
table 1 : explain SELECT c FROM sbtest1 WHERE id BETWEEN 4737627 AND 4737726 ORDER BY c
	Sort  (cost=394.37..394.62 rows=100 width=121)
	  Sort Key: c
	  ->  Index Scan using sbtest1_pkey on sbtest1  (cost=0.43..391.05 rows=100 width=121)
	        Index Cond: ((id >= 4737627) AND (id <= 4737726))

table 2 : explain SELECT c FROM sbtest2 WHERE id BETWEEN 8449829 AND 8449928 ORDER BY c
	Sort  (cost=374.01..374.25 rows=95 width=121)
	  Sort Key: c
	  ->  Index Scan using sbtest2_pkey on sbtest2  (cost=0.43..370.89 rows=95 width=121)
	        Index Cond: ((id >= 8449829) AND (id <= 8449928))

table 3 : explain SELECT c FROM sbtest3 WHERE id BETWEEN 5174677 AND 5174776 ORDER BY c
	Sort  (cost=387.10..387.34 rows=98 width=121)
	  Sort Key: c
	  ->  Index Scan using sbtest3_pkey on sbtest3  (cost=0.43..383.86 rows=98 width=121)
	        Index Cond: ((id >= 5174677) AND (id <= 5174776))

table 4 : explain SELECT c FROM sbtest4 WHERE id BETWEEN 5723170 AND 5723269 ORDER BY c
	Sort  (cost=385.57..385.81 rows=98 width=121)
	  Sort Key: c
	  ->  Index Scan using sbtest4_pkey on sbtest4  (cost=0.43..382.32 rows=98 width=121)
	        Index Cond: ((id >= 5723170) AND (id <= 5723269))

table 5 : explain SELECT c FROM sbtest5 WHERE id BETWEEN 8159598 AND 8159697 ORDER BY c
	Sort  (cost=381.14..381.38 rows=97 width=121)
	  Sort Key: c
	  ->  Index Scan using sbtest5_pkey on sbtest5  (cost=0.43..377.94 rows=97 width=121)
	        Index Cond: ((id >= 8159598) AND (id <= 8159697))

table 6 : explain SELECT c FROM sbtest6 WHERE id BETWEEN 5765043 AND 5765142 ORDER BY c
	Sort  (cost=397.17..397.42 rows=101 width=121)
	  Sort Key: c
	  ->  Index Scan using sbtest6_pkey on sbtest6  (cost=0.43..393.80 rows=101 width=121)
	        Index Cond: ((id >= 5765043) AND (id <= 5765142))

table 7 : explain SELECT c FROM sbtest7 WHERE id BETWEEN 210731 AND 210830 ORDER BY c
	Sort  (cost=380.36..380.60 rows=97 width=121)
	  Sort Key: c
	  ->  Index Scan using sbtest7_pkey on sbtest7  (cost=0.43..377.16 rows=97 width=121)
	        Index Cond: ((id >= 210731) AND (id <= 210830))

table 8 : explain SELECT c FROM sbtest8 WHERE id BETWEEN 6183396 AND 6183495 ORDER BY c
	Sort  (cost=384.59..384.84 rows=98 width=121)
	  Sort Key: c
	  ->  Index Scan using sbtest8_pkey on sbtest8  (cost=0.43..381.35 rows=98 width=121)
	        Index Cond: ((id >= 6183396) AND (id <= 6183495))

for inserts
table 1 : explain INSERT INTO sbtest1 (id, k, c, pad) VALUES (3990378, 13, 'foobar', 'foobar')
	Insert on sbtest1  (cost=0.00..0.01 rows=0 width=0)
	  ->  Result  (cost=0.00..0.01 rows=1 width=736)

table 2 : explain INSERT INTO sbtest2 (id, k, c, pad) VALUES (2817711, 13, 'foobar', 'foobar')
	Insert on sbtest2  (cost=0.00..0.01 rows=0 width=0)
	  ->  Result  (cost=0.00..0.01 rows=1 width=736)

table 3 : explain INSERT INTO sbtest3 (id, k, c, pad) VALUES (6730600, 13, 'foobar', 'foobar')
	Insert on sbtest3  (cost=0.00..0.01 rows=0 width=0)
	  ->  Result  (cost=0.00..0.01 rows=1 width=736)

table 4 : explain INSERT INTO sbtest4 (id, k, c, pad) VALUES (2551890, 13, 'foobar', 'foobar')
	Insert on sbtest4  (cost=0.00..0.01 rows=0 width=0)
	  ->  Result  (cost=0.00..0.01 rows=1 width=736)

table 5 : explain INSERT INTO sbtest5 (id, k, c, pad) VALUES (2367042, 13, 'foobar', 'foobar')
	Insert on sbtest5  (cost=0.00..0.01 rows=0 width=0)
	  ->  Result  (cost=0.00..0.01 rows=1 width=736)

table 6 : explain INSERT INTO sbtest6 (id, k, c, pad) VALUES (3706450, 13, 'foobar', 'foobar')
	Insert on sbtest6  (cost=0.00..0.01 rows=0 width=0)
	  ->  Result  (cost=0.00..0.01 rows=1 width=736)

table 7 : explain INSERT INTO sbtest7 (id, k, c, pad) VALUES (6395618, 13, 'foobar', 'foobar')
	Insert on sbtest7  (cost=0.00..0.01 rows=0 width=0)
	  ->  Result  (cost=0.00..0.01 rows=1 width=736)

table 8 : explain INSERT INTO sbtest8 (id, k, c, pad) VALUES (9324918, 13, 'foobar', 'foobar')
	Insert on sbtest8  (cost=0.00..0.01 rows=0 width=0)
	  ->  Result  (cost=0.00..0.01 rows=1 width=736)

for index_updates
table 1 : explain UPDATE sbtest1 SET k=k+1 WHERE id=5368164
	Update on sbtest1  (cost=0.43..8.46 rows=0 width=0)
	  ->  Index Scan using sbtest1_pkey on sbtest1  (cost=0.43..8.46 rows=1 width=10)
	        Index Cond: (id = 5368164)

table 2 : explain UPDATE sbtest2 SET k=k+1 WHERE id=3554863
	Update on sbtest2  (cost=0.43..8.46 rows=0 width=0)
	  ->  Index Scan using sbtest2_pkey on sbtest2  (cost=0.43..8.46 rows=1 width=10)
	        Index Cond: (id = 3554863)

table 3 : explain UPDATE sbtest3 SET k=k+1 WHERE id=6216529
	Update on sbtest3  (cost=0.43..8.46 rows=0 width=0)
	  ->  Index Scan using sbtest3_pkey on sbtest3  (cost=0.43..8.46 rows=1 width=10)
	        Index Cond: (id = 6216529)

table 4 : explain UPDATE sbtest4 SET k=k+1 WHERE id=8026791
	Update on sbtest4  (cost=0.43..8.46 rows=0 width=0)
	  ->  Index Scan using sbtest4_pkey on sbtest4  (cost=0.43..8.46 rows=1 width=10)
	        Index Cond: (id = 8026791)

table 5 : explain UPDATE sbtest5 SET k=k+1 WHERE id=5875157
	Update on sbtest5  (cost=0.43..8.46 rows=0 width=0)
	  ->  Index Scan using sbtest5_pkey on sbtest5  (cost=0.43..8.46 rows=1 width=10)
	        Index Cond: (id = 5875157)

table 6 : explain UPDATE sbtest6 SET k=k+1 WHERE id=101187
	Update on sbtest6  (cost=0.43..8.46 rows=0 width=0)
	  ->  Index Scan using sbtest6_pkey on sbtest6  (cost=0.43..8.46 rows=1 width=10)
	        Index Cond: (id = 101187)

table 7 : explain UPDATE sbtest7 SET k=k+1 WHERE id=8643102
	Update on sbtest7  (cost=0.43..8.46 rows=0 width=0)
	  ->  Index Scan using sbtest7_pkey on sbtest7  (cost=0.43..8.46 rows=1 width=10)
	        Index Cond: (id = 8643102)

table 8 : explain UPDATE sbtest8 SET k=k+1 WHERE id=6988727
	Update on sbtest8  (cost=0.43..8.46 rows=0 width=0)
	  ->  Index Scan using sbtest8_pkey on sbtest8  (cost=0.43..8.46 rows=1 width=10)
	        Index Cond: (id = 6988727)

for inserts
table 1 : explain INSERT INTO sbtest1 (id, k, c, pad) VALUES (5033224, 13, 'foobar', 'foobar')
	Insert on sbtest1  (cost=0.00..0.01 rows=0 width=0)
	  ->  Result  (cost=0.00..0.01 rows=1 width=736)

table 2 : explain INSERT INTO sbtest2 (id, k, c, pad) VALUES (9305835, 13, 'foobar', 'foobar')
	Insert on sbtest2  (cost=0.00..0.01 rows=0 width=0)
	  ->  Result  (cost=0.00..0.01 rows=1 width=736)

table 3 : explain INSERT INTO sbtest3 (id, k, c, pad) VALUES (3005487, 13, 'foobar', 'foobar')
	Insert on sbtest3  (cost=0.00..0.01 rows=0 width=0)
	  ->  Result  (cost=0.00..0.01 rows=1 width=736)

table 4 : explain INSERT INTO sbtest4 (id, k, c, pad) VALUES (5934860, 13, 'foobar', 'foobar')
	Insert on sbtest4  (cost=0.00..0.01 rows=0 width=0)
	  ->  Result  (cost=0.00..0.01 rows=1 width=736)

table 5 : explain INSERT INTO sbtest5 (id, k, c, pad) VALUES (6557867, 13, 'foobar', 'foobar')
	Insert on sbtest5  (cost=0.00..0.01 rows=0 width=0)
	  ->  Result  (cost=0.00..0.01 rows=1 width=736)

table 6 : explain INSERT INTO sbtest6 (id, k, c, pad) VALUES (39065, 13, 'foobar', 'foobar')
	Insert on sbtest6  (cost=0.00..0.01 rows=0 width=0)
	  ->  Result  (cost=0.00..0.01 rows=1 width=736)

table 7 : explain INSERT INTO sbtest7 (id, k, c, pad) VALUES (5148296, 13, 'foobar', 'foobar')
	Insert on sbtest7  (cost=0.00..0.01 rows=0 width=0)
	  ->  Result  (cost=0.00..0.01 rows=1 width=736)

table 8 : explain INSERT INTO sbtest8 (id, k, c, pad) VALUES (3901294, 13, 'foobar', 'foobar')
	Insert on sbtest8  (cost=0.00..0.01 rows=0 width=0)
	  ->  Result  (cost=0.00..0.01 rows=1 width=736)

explain: for point_selects :: explain SELECT c FROM sbtest%u WHERE id=%u
for: sum_ranges
table 1 : explain SELECT SUM(k) FROM sbtest1 WHERE id BETWEEN 8250893 AND 8250992
	Aggregate  (cost=375.83..375.84 rows=1 width=8)
	  ->  Index Scan using sbtest1_pkey on sbtest1  (cost=0.43..375.59 rows=96 width=4)
	        Index Cond: ((id >= 8250893) AND (id <= 8250992))

table 2 : explain SELECT SUM(k) FROM sbtest2 WHERE id BETWEEN 3120325 AND 3120424
	Aggregate  (cost=374.99..375.00 rows=1 width=8)
	  ->  Index Scan using sbtest2_pkey on sbtest2  (cost=0.43..374.75 rows=96 width=4)
	        Index Cond: ((id >= 3120325) AND (id <= 3120424))

table 3 : explain SELECT SUM(k) FROM sbtest3 WHERE id BETWEEN 4501321 AND 4501420
	Aggregate  (cost=395.75..395.76 rows=1 width=8)
	  ->  Index Scan using sbtest3_pkey on sbtest3  (cost=0.43..395.50 rows=101 width=4)
	        Index Cond: ((id >= 4501321) AND (id <= 4501420))

table 4 : explain SELECT SUM(k) FROM sbtest4 WHERE id BETWEEN 7201303 AND 7201402
	Aggregate  (cost=382.57..382.58 rows=1 width=8)
	  ->  Index Scan using sbtest4_pkey on sbtest4  (cost=0.43..382.32 rows=98 width=4)
	        Index Cond: ((id >= 7201303) AND (id <= 7201402))

table 5 : explain SELECT SUM(k) FROM sbtest5 WHERE id BETWEEN 5780951 AND 5781050
	Aggregate  (cost=362.78..362.79 rows=1 width=8)
	  ->  Index Scan using sbtest5_pkey on sbtest5  (cost=0.43..362.55 rows=93 width=4)
	        Index Cond: ((id >= 5780951) AND (id <= 5781050))

table 6 : explain SELECT SUM(k) FROM sbtest6 WHERE id BETWEEN 2583273 AND 2583372
	Aggregate  (cost=390.16..390.17 rows=1 width=8)
	  ->  Index Scan using sbtest6_pkey on sbtest6  (cost=0.43..389.91 rows=100 width=4)
	        Index Cond: ((id >= 2583273) AND (id <= 2583372))

table 7 : explain SELECT SUM(k) FROM sbtest7 WHERE id BETWEEN 9071630 AND 9071729
	Aggregate  (cost=392.81..392.82 rows=1 width=8)
	  ->  Index Scan using sbtest7_pkey on sbtest7  (cost=0.43..392.56 rows=101 width=4)
	        Index Cond: ((id >= 9071630) AND (id <= 9071729))

table 8 : explain SELECT SUM(k) FROM sbtest8 WHERE id BETWEEN 8614480 AND 8614579
	Aggregate  (cost=408.56..408.57 rows=1 width=8)
	  ->  Index Scan using sbtest8_pkey on sbtest8  (cost=0.43..408.30 rows=105 width=4)
	        Index Cond: ((id >= 8614480) AND (id <= 8614579))

for: order_ranges
table 1 : explain SELECT c FROM sbtest1 WHERE id BETWEEN 7479408 AND 7479507 ORDER BY c
	Sort  (cost=378.75..378.99 rows=96 width=121)
	  Sort Key: c
	  ->  Index Scan using sbtest1_pkey on sbtest1  (cost=0.43..375.59 rows=96 width=121)
	        Index Cond: ((id >= 7479408) AND (id <= 7479507))

table 2 : explain SELECT c FROM sbtest2 WHERE id BETWEEN 1197604 AND 1197703 ORDER BY c
	Sort  (cost=385.70..385.94 rows=98 width=121)
	  Sort Key: c
	  ->  Index Scan using sbtest2_pkey on sbtest2  (cost=0.43..382.46 rows=98 width=121)
	        Index Cond: ((id >= 1197604) AND (id <= 1197703))

table 3 : explain SELECT c FROM sbtest3 WHERE id BETWEEN 6937831 AND 6937930 ORDER BY c
	Sort  (cost=445.79..446.07 rows=113 width=121)
	  Sort Key: c
	  ->  Index Scan using sbtest3_pkey on sbtest3  (cost=0.43..441.93 rows=113 width=121)
	        Index Cond: ((id >= 6937831) AND (id <= 6937930))

table 4 : explain SELECT c FROM sbtest4 WHERE id BETWEEN 6592320 AND 6592419 ORDER BY c
	Sort  (cost=389.46..389.71 rows=99 width=121)
	  Sort Key: c
	  ->  Index Scan using sbtest4_pkey on sbtest4  (cost=0.43..386.18 rows=99 width=121)
	        Index Cond: ((id >= 6592320) AND (id <= 6592419))

table 5 : explain SELECT c FROM sbtest5 WHERE id BETWEEN 2883030 AND 2883129 ORDER BY c
	Sort  (cost=400.63..400.88 rows=102 width=121)
	  Sort Key: c
	  ->  Index Scan using sbtest5_pkey on sbtest5  (cost=0.43..397.22 rows=102 width=121)
	        Index Cond: ((id >= 2883030) AND (id <= 2883129))

table 6 : explain SELECT c FROM sbtest6 WHERE id BETWEEN 5957486 AND 5957585 ORDER BY c
	Sort  (cost=381.55..381.80 rows=97 width=121)
	  Sort Key: c
	  ->  Index Scan using sbtest6_pkey on sbtest6  (cost=0.43..378.35 rows=97 width=121)
	        Index Cond: ((id >= 5957486) AND (id <= 5957585))

table 7 : explain SELECT c FROM sbtest7 WHERE id BETWEEN 1114475 AND 1114574 ORDER BY c
	Sort  (cost=419.20..419.47 rows=107 width=121)
	  Sort Key: c
	  ->  Index Scan using sbtest7_pkey on sbtest7  (cost=0.43..415.60 rows=107 width=121)
	        Index Cond: ((id >= 1114475) AND (id <= 1114574))

table 8 : explain SELECT c FROM sbtest8 WHERE id BETWEEN 6502926 AND 6503025 ORDER BY c
	Sort  (cost=404.06..404.31 rows=103 width=121)
	  Sort Key: c
	  ->  Index Scan using sbtest8_pkey on sbtest8  (cost=0.43..400.61 rows=103 width=121)
	        Index Cond: ((id >= 6502926) AND (id <= 6503025))

explain: for non_index_updates :: explain UPDATE sbtest%u SET c='foobar' WHERE id=%u
explain: for inserts :: explain INSERT INTO sbtest%u (id, k, c, pad) VALUES (%u, 13, 'foobar', 'foobar')
for: simple_ranges
table 1 : explain SELECT c FROM sbtest1 WHERE id BETWEEN 3487271 AND 3487370
	Index Scan using sbtest1_pkey on sbtest1  (cost=0.43..398.78 rows=102 width=121)
	  Index Cond: ((id >= 3487271) AND (id <= 3487370))

table 2 : explain SELECT c FROM sbtest2 WHERE id BETWEEN 3787326 AND 3787425
	Index Scan using sbtest2_pkey on sbtest2  (cost=0.43..424.90 rows=109 width=121)
	  Index Cond: ((id >= 3787326) AND (id <= 3787425))

table 3 : explain SELECT c FROM sbtest3 WHERE id BETWEEN 5407940 AND 5408039
	Index Scan using sbtest3_pkey on sbtest3  (cost=0.43..418.72 rows=107 width=121)
	  Index Cond: ((id >= 5407940) AND (id <= 5408039))

table 4 : explain SELECT c FROM sbtest4 WHERE id BETWEEN 2238031 AND 2238130
	Index Scan using sbtest4_pkey on sbtest4  (cost=0.43..386.18 rows=99 width=121)
	  Index Cond: ((id >= 2238031) AND (id <= 2238130))

table 5 : explain SELECT c FROM sbtest5 WHERE id BETWEEN 2088108 AND 2088207
	Index Scan using sbtest5_pkey on sbtest5  (cost=0.43..381.79 rows=98 width=121)
	  Index Cond: ((id >= 2088108) AND (id <= 2088207))

table 6 : explain SELECT c FROM sbtest6 WHERE id BETWEEN 3706918 AND 3707017
	Index Scan using sbtest6_pkey on sbtest6  (cost=0.43..389.95 rows=100 width=121)
	  Index Cond: ((id >= 3706918) AND (id <= 3707017))

table 7 : explain SELECT c FROM sbtest7 WHERE id BETWEEN 5944924 AND 5945023
	Index Scan using sbtest7_pkey on sbtest7  (cost=0.43..392.56 rows=101 width=121)
	  Index Cond: ((id >= 5944924) AND (id <= 5945023))

table 8 : explain SELECT c FROM sbtest8 WHERE id BETWEEN 8484633 AND 8484732
	Index Scan using sbtest8_pkey on sbtest8  (cost=0.43..392.93 rows=101 width=121)
	  Index Cond: ((id >= 8484633) AND (id <= 8484732))

for: simple_ranges
table 1 : explain SELECT c FROM sbtest1 WHERE id BETWEEN 113999 AND 114098
	Index Scan using sbtest1_pkey on sbtest1  (cost=0.43..379.46 rows=97 width=121)
	  Index Cond: ((id >= 113999) AND (id <= 114098))

table 2 : explain SELECT c FROM sbtest2 WHERE id BETWEEN 5671348 AND 5671447
	Index Scan using sbtest2_pkey on sbtest2  (cost=0.43..374.75 rows=96 width=121)
	  Index Cond: ((id >= 5671348) AND (id <= 5671447))

table 3 : explain SELECT c FROM sbtest3 WHERE id BETWEEN 6620690 AND 6620789
	Index Scan using sbtest3_pkey on sbtest3  (cost=0.43..360.64 rows=92 width=121)
	  Index Cond: ((id >= 6620690) AND (id <= 6620789))

table 4 : explain SELECT c FROM sbtest4 WHERE id BETWEEN 2589708 AND 2589807
	Index Scan using sbtest4_pkey on sbtest4  (cost=0.43..374.62 rows=96 width=121)
	  Index Cond: ((id >= 2589708) AND (id <= 2589807))

table 5 : explain SELECT c FROM sbtest5 WHERE id BETWEEN 1723246 AND 1723345
	Index Scan using sbtest5_pkey on sbtest5  (cost=0.43..397.22 rows=102 width=121)
	  Index Cond: ((id >= 1723246) AND (id <= 1723345))

table 6 : explain SELECT c FROM sbtest6 WHERE id BETWEEN 5444664 AND 5444763
	Index Scan using sbtest6_pkey on sbtest6  (cost=0.43..386.06 rows=99 width=121)
	  Index Cond: ((id >= 5444664) AND (id <= 5444763))

table 7 : explain SELECT c FROM sbtest7 WHERE id BETWEEN 6296693 AND 6296792
	Index Scan using sbtest7_pkey on sbtest7  (cost=0.43..377.16 rows=97 width=121)
	  Index Cond: ((id >= 6296693) AND (id <= 6296792))

table 8 : explain SELECT c FROM sbtest8 WHERE id BETWEEN 4924716 AND 4924815
	Index Scan using sbtest8_pkey on sbtest8  (cost=0.43..377.51 rows=97 width=121)
	  Index Cond: ((id >= 4924716) AND (id <= 4924815))

for: sum_ranges
table 1 : explain SELECT SUM(k) FROM sbtest1 WHERE id BETWEEN 2956232 AND 2956331
	Aggregate  (cost=402.94..402.95 rows=1 width=8)
	  ->  Index Scan using sbtest1_pkey on sbtest1  (cost=0.43..402.68 rows=103 width=4)
	        Index Cond: ((id >= 2956232) AND (id <= 2956331))

table 2 : explain SELECT SUM(k) FROM sbtest2 WHERE id BETWEEN 8228736 AND 8228835
	Aggregate  (cost=378.85..378.86 rows=1 width=8)
	  ->  Index Scan using sbtest2_pkey on sbtest2  (cost=0.43..378.60 rows=97 width=4)
	        Index Cond: ((id >= 8228736) AND (id <= 8228835))

table 3 : explain SELECT SUM(k) FROM sbtest3 WHERE id BETWEEN 3506597 AND 3506696
	Aggregate  (cost=368.61..368.62 rows=1 width=8)
	  ->  Index Scan using sbtest3_pkey on sbtest3  (cost=0.43..368.38 rows=94 width=4)
	        Index Cond: ((id >= 3506597) AND (id <= 3506696))

table 4 : explain SELECT SUM(k) FROM sbtest4 WHERE id BETWEEN 6026060 AND 6026159
	Aggregate  (cost=390.28..390.29 rows=1 width=8)
	  ->  Index Scan using sbtest4_pkey on sbtest4  (cost=0.43..390.03 rows=100 width=4)
	        Index Cond: ((id >= 6026060) AND (id <= 6026159))

table 5 : explain SELECT SUM(k) FROM sbtest5 WHERE id BETWEEN 298969 AND 299068
	Aggregate  (cost=385.88..385.89 rows=1 width=8)
	  ->  Index Scan using sbtest5_pkey on sbtest5  (cost=0.43..385.64 rows=99 width=4)
	        Index Cond: ((id >= 298969) AND (id <= 299068))

table 6 : explain SELECT SUM(k) FROM sbtest6 WHERE id BETWEEN 5420058 AND 5420157
	Aggregate  (cost=386.31..386.32 rows=1 width=8)
	  ->  Index Scan using sbtest6_pkey on sbtest6  (cost=0.43..386.06 rows=99 width=4)
	        Index Cond: ((id >= 5420058) AND (id <= 5420157))

table 7 : explain SELECT SUM(k) FROM sbtest7 WHERE id BETWEEN 5231578 AND 5231677
	Aggregate  (cost=381.24..381.25 rows=1 width=8)
	  ->  Index Scan using sbtest7_pkey on sbtest7  (cost=0.43..381.00 rows=98 width=4)
	        Index Cond: ((id >= 5231578) AND (id <= 5231677))

table 8 : explain SELECT SUM(k) FROM sbtest8 WHERE id BETWEEN 4026140 AND 4026239
	Aggregate  (cost=400.87..400.88 rows=1 width=8)
	  ->  Index Scan using sbtest8_pkey on sbtest8  (cost=0.43..400.61 rows=103 width=4)
	        Index Cond: ((id >= 4026140) AND (id <= 4026239))

for point_selects
table 1 : explain SELECT c FROM sbtest1 WHERE id=5506678
	Index Scan using sbtest1_pkey on sbtest1  (cost=0.43..8.45 rows=1 width=121)
	  Index Cond: (id = 5506678)

table 2 : explain SELECT c FROM sbtest2 WHERE id=4715441
	Index Scan using sbtest2_pkey on sbtest2  (cost=0.43..8.45 rows=1 width=121)
	  Index Cond: (id = 4715441)

table 3 : explain SELECT c FROM sbtest3 WHERE id=3139983
	Index Scan using sbtest3_pkey on sbtest3  (cost=0.43..8.45 rows=1 width=121)
	  Index Cond: (id = 3139983)

table 4 : explain SELECT c FROM sbtest4 WHERE id=3565206
	Index Scan using sbtest4_pkey on sbtest4  (cost=0.43..8.45 rows=1 width=121)
	  Index Cond: (id = 3565206)

table 5 : explain SELECT c FROM sbtest5 WHERE id=5780529
	Index Scan using sbtest5_pkey on sbtest5  (cost=0.43..8.45 rows=1 width=121)
	  Index Cond: (id = 5780529)

table 6 : explain SELECT c FROM sbtest6 WHERE id=6237491
	Index Scan using sbtest6_pkey on sbtest6  (cost=0.43..8.45 rows=1 width=121)
	  Index Cond: (id = 6237491)

table 7 : explain SELECT c FROM sbtest7 WHERE id=4364053
	Index Scan using sbtest7_pkey on sbtest7  (cost=0.43..8.45 rows=1 width=121)
	  Index Cond: (id = 4364053)

table 8 : explain SELECT c FROM sbtest8 WHERE id=8037214
	Index Scan using sbtest8_pkey on sbtest8  (cost=0.43..8.45 rows=1 width=121)
	  Index Cond: (id = 8037214)

for non_index_updates
table 1 : explain UPDATE sbtest1 SET c='foobar' WHERE id=40521
	Update on sbtest1  (cost=0.43..8.45 rows=0 width=0)
	  ->  Index Scan using sbtest1_pkey on sbtest1  (cost=0.43..8.45 rows=1 width=490)
	        Index Cond: (id = 40521)

table 2 : explain UPDATE sbtest2 SET c='foobar' WHERE id=8135073
	Update on sbtest2  (cost=0.43..8.45 rows=0 width=0)
	  ->  Index Scan using sbtest2_pkey on sbtest2  (cost=0.43..8.45 rows=1 width=490)
	        Index Cond: (id = 8135073)

table 3 : explain UPDATE sbtest3 SET c='foobar' WHERE id=8399279
	Update on sbtest3  (cost=0.43..8.45 rows=0 width=0)
	  ->  Index Scan using sbtest3_pkey on sbtest3  (cost=0.43..8.45 rows=1 width=490)
	        Index Cond: (id = 8399279)

table 4 : explain UPDATE sbtest4 SET c='foobar' WHERE id=9401768
	Update on sbtest4  (cost=0.43..8.45 rows=0 width=0)
	  ->  Index Scan using sbtest4_pkey on sbtest4  (cost=0.43..8.45 rows=1 width=490)
	        Index Cond: (id = 9401768)

table 5 : explain UPDATE sbtest5 SET c='foobar' WHERE id=4723248
	Update on sbtest5  (cost=0.43..8.45 rows=0 width=0)
	  ->  Index Scan using sbtest5_pkey on sbtest5  (cost=0.43..8.45 rows=1 width=490)
	        Index Cond: (id = 4723248)

table 6 : explain UPDATE sbtest6 SET c='foobar' WHERE id=6882342
	Update on sbtest6  (cost=0.43..8.45 rows=0 width=0)
	  ->  Index Scan using sbtest6_pkey on sbtest6  (cost=0.43..8.45 rows=1 width=490)
	        Index Cond: (id = 6882342)

table 7 : explain UPDATE sbtest7 SET c='foobar' WHERE id=8451329
	Update on sbtest7  (cost=0.43..8.45 rows=0 width=0)
	  ->  Index Scan using sbtest7_pkey on sbtest7  (cost=0.43..8.45 rows=1 width=490)
	        Index Cond: (id = 8451329)

table 8 : explain UPDATE sbtest8 SET c='foobar' WHERE id=9027946
	Update on sbtest8  (cost=0.43..8.45 rows=0 width=0)
	  ->  Index Scan using sbtest8_pkey on sbtest8  (cost=0.43..8.45 rows=1 width=490)
	        Index Cond: (id = 9027946)

for: distinct_ranges
table 1 : explain SELECT DISTINCT c FROM sbtest1 WHERE id BETWEEN 9125003 AND 9125102 ORDER BY c
	Unique  (cost=390.47..390.96 rows=99 width=121)
	  ->  Sort  (cost=390.47..390.71 rows=99 width=121)
	        Sort Key: c
	        ->  Index Scan using sbtest1_pkey on sbtest1  (cost=0.43..387.18 rows=99 width=121)
	              Index Cond: ((id >= 9125003) AND (id <= 9125102))

table 2 : explain SELECT DISTINCT c FROM sbtest2 WHERE id BETWEEN 234841 AND 234940 ORDER BY c
	Unique  (cost=354.54..354.99 rows=90 width=121)
	  ->  Sort  (cost=354.54..354.77 rows=90 width=121)
	        Sort Key: c
	        ->  Index Scan using sbtest2_pkey on sbtest2  (cost=0.43..351.62 rows=90 width=121)
	              Index Cond: ((id >= 234841) AND (id <= 234940))

table 3 : explain SELECT DISTINCT c FROM sbtest3 WHERE id BETWEEN 8769349 AND 8769448 ORDER BY c
	Unique  (cost=445.79..446.35 rows=113 width=121)
	  ->  Sort  (cost=445.79..446.07 rows=113 width=121)
	        Sort Key: c
	        ->  Index Scan using sbtest3_pkey on sbtest3  (cost=0.43..441.93 rows=113 width=121)
	              Index Cond: ((id >= 8769349) AND (id <= 8769448))

table 4 : explain SELECT DISTINCT c FROM sbtest4 WHERE id BETWEEN 827250 AND 827349 ORDER BY c
	Unique  (cost=389.46..389.95 rows=99 width=121)
	  ->  Sort  (cost=389.46..389.71 rows=99 width=121)
	        Sort Key: c
	        ->  Index Scan using sbtest4_pkey on sbtest4  (cost=0.43..386.18 rows=99 width=121)
	              Index Cond: ((id >= 827250) AND (id <= 827349))

table 5 : explain SELECT DISTINCT c FROM sbtest5 WHERE id BETWEEN 1761912 AND 1762011 ORDER BY c
	Unique  (cost=443.40..443.97 rows=113 width=121)
	  ->  Sort  (cost=443.40..443.69 rows=113 width=121)
	        Sort Key: c
	        ->  Index Scan using sbtest5_pkey on sbtest5  (cost=0.43..439.55 rows=113 width=121)
	              Index Cond: ((id >= 1761912) AND (id <= 1762011))

table 6 : explain SELECT DISTINCT c FROM sbtest6 WHERE id BETWEEN 9232723 AND 9232822 ORDER BY c
	Unique  (cost=385.45..385.94 rows=98 width=121)
	  ->  Sort  (cost=385.45..385.69 rows=98 width=121)
	        Sort Key: c
	        ->  Index Scan using sbtest6_pkey on sbtest6  (cost=0.43..382.21 rows=98 width=121)
	              Index Cond: ((id >= 9232723) AND (id <= 9232822))

table 7 : explain SELECT DISTINCT c FROM sbtest7 WHERE id BETWEEN 6983041 AND 6983140 ORDER BY c
	Unique  (cost=357.08..357.53 rows=91 width=121)
	  ->  Sort  (cost=357.08..357.31 rows=91 width=121)
	        Sort Key: c
	        ->  Index Scan using sbtest7_pkey on sbtest7  (cost=0.43..354.12 rows=91 width=121)
	              Index Cond: ((id >= 6983041) AND (id <= 6983140))

table 8 : explain SELECT DISTINCT c FROM sbtest8 WHERE id BETWEEN 2534696 AND 2534795 ORDER BY c
	Unique  (cost=384.59..385.08 rows=98 width=121)
	  ->  Sort  (cost=384.59..384.84 rows=98 width=121)
	        Sort Key: c
	        ->  Index Scan using sbtest8_pkey on sbtest8  (cost=0.43..381.35 rows=98 width=121)
	              Index Cond: ((id >= 2534696) AND (id <= 2534795))

explain: for deletes :: explain DELETE FROM sbtest%u WHERE id=%u
for: sum_ranges
table 1 : explain SELECT SUM(k) FROM sbtest1 WHERE id BETWEEN 3838292 AND 3838391
	Aggregate  (cost=410.67..410.68 rows=1 width=8)
	  ->  Index Scan using sbtest1_pkey on sbtest1  (cost=0.43..410.41 rows=105 width=4)
	        Index Cond: ((id >= 3838292) AND (id <= 3838391))

table 2 : explain SELECT SUM(k) FROM sbtest2 WHERE id BETWEEN 7471416 AND 7471515
	Aggregate  (cost=351.84..351.85 rows=1 width=8)
	  ->  Index Scan using sbtest2_pkey on sbtest2  (cost=0.43..351.62 rows=90 width=4)
	        Index Cond: ((id >= 7471416) AND (id <= 7471515))

table 3 : explain SELECT SUM(k) FROM sbtest3 WHERE id BETWEEN 8917364 AND 8917463
	Aggregate  (cost=457.70..457.71 rows=1 width=8)
	  ->  Index Scan using sbtest3_pkey on sbtest3  (cost=0.43..457.41 rows=117 width=4)
	        Index Cond: ((id >= 8917364) AND (id <= 8917463))

table 4 : explain SELECT SUM(k) FROM sbtest4 WHERE id BETWEEN 9453699 AND 9453798
	Aggregate  (cost=374.86..374.87 rows=1 width=8)
	  ->  Index Scan using sbtest4_pkey on sbtest4  (cost=0.43..374.62 rows=96 width=4)
	        Index Cond: ((id >= 9453699) AND (id <= 9453798))

table 5 : explain SELECT SUM(k) FROM sbtest5 WHERE id BETWEEN 1471906 AND 1472005
	Aggregate  (cost=378.18..378.19 rows=1 width=8)
	  ->  Index Scan using sbtest5_pkey on sbtest5  (cost=0.43..377.94 rows=97 width=4)
	        Index Cond: ((id >= 1471906) AND (id <= 1472005))

table 6 : explain SELECT SUM(k) FROM sbtest6 WHERE id BETWEEN 8382510 AND 8382609
	Aggregate  (cost=390.16..390.17 rows=1 width=8)
	  ->  Index Scan using sbtest6_pkey on sbtest6  (cost=0.43..389.91 rows=100 width=4)
	        Index Cond: ((id >= 8382510) AND (id <= 8382609))

table 7 : explain SELECT SUM(k) FROM sbtest7 WHERE id BETWEEN 2258292 AND 2258391
	Aggregate  (cost=423.55..423.56 rows=1 width=8)
	  ->  Index Scan using sbtest7_pkey on sbtest7  (cost=0.43..423.28 rows=109 width=4)
	        Index Cond: ((id >= 2258292) AND (id <= 2258391))

table 8 : explain SELECT SUM(k) FROM sbtest8 WHERE id BETWEEN 7427583 AND 7427682
	Aggregate  (cost=431.64..431.65 rows=1 width=8)
	  ->  Index Scan using sbtest8_pkey on sbtest8  (cost=0.43..431.36 rows=111 width=4)
	        Index Cond: ((id >= 7427583) AND (id <= 7427682))

for inserts
table 1 : explain INSERT INTO sbtest1 (id, k, c, pad) VALUES (7627125, 13, 'foobar', 'foobar')
	Insert on sbtest1  (cost=0.00..0.01 rows=0 width=0)
	  ->  Result  (cost=0.00..0.01 rows=1 width=736)

table 2 : explain INSERT INTO sbtest2 (id, k, c, pad) VALUES (1333857, 13, 'foobar', 'foobar')
	Insert on sbtest2  (cost=0.00..0.01 rows=0 width=0)
	  ->  Result  (cost=0.00..0.01 rows=1 width=736)

table 3 : explain INSERT INTO sbtest3 (id, k, c, pad) VALUES (6380458, 13, 'foobar', 'foobar')
	Insert on sbtest3  (cost=0.00..0.01 rows=0 width=0)
	  ->  Result  (cost=0.00..0.01 rows=1 width=736)

table 4 : explain INSERT INTO sbtest4 (id, k, c, pad) VALUES (4179592, 13, 'foobar', 'foobar')
	Insert on sbtest4  (cost=0.00..0.01 rows=0 width=0)
	  ->  Result  (cost=0.00..0.01 rows=1 width=736)

table 5 : explain INSERT INTO sbtest5 (id, k, c, pad) VALUES (3407463, 13, 'foobar', 'foobar')
	Insert on sbtest5  (cost=0.00..0.01 rows=0 width=0)
	  ->  Result  (cost=0.00..0.01 rows=1 width=736)

table 6 : explain INSERT INTO sbtest6 (id, k, c, pad) VALUES (3567614, 13, 'foobar', 'foobar')
	Insert on sbtest6  (cost=0.00..0.01 rows=0 width=0)
	  ->  Result  (cost=0.00..0.01 rows=1 width=736)

table 7 : explain INSERT INTO sbtest7 (id, k, c, pad) VALUES (9966477, 13, 'foobar', 'foobar')
	Insert on sbtest7  (cost=0.00..0.01 rows=0 width=0)
	  ->  Result  (cost=0.00..0.01 rows=1 width=736)

table 8 : explain INSERT INTO sbtest8 (id, k, c, pad) VALUES (5631475, 13, 'foobar', 'foobar')
	Insert on sbtest8  (cost=0.00..0.01 rows=0 width=0)
	  ->  Result  (cost=0.00..0.01 rows=1 width=736)

explain: for index_updates :: explain UPDATE sbtest%u SET k=k+1 WHERE id=%u
for: distinct_ranges
table 1 : explain SELECT DISTINCT c FROM sbtest1 WHERE id BETWEEN 5436783 AND 5436882 ORDER BY c
	Unique  (cost=410.03..410.55 rows=104 width=121)
	  ->  Sort  (cost=410.03..410.29 rows=104 width=121)
	        Sort Key: c
	        ->  Index Scan using sbtest1_pkey on sbtest1  (cost=0.43..406.54 rows=104 width=121)
	              Index Cond: ((id >= 5436783) AND (id <= 5436882))

table 2 : explain SELECT DISTINCT c FROM sbtest2 WHERE id BETWEEN 1081779 AND 1081878 ORDER BY c
	Unique  (cost=432.49..433.04 rows=110 width=121)
	  ->  Sort  (cost=432.49..432.76 rows=110 width=121)
	        Sort Key: c
	        ->  Index Scan using sbtest2_pkey on sbtest2  (cost=0.43..428.76 rows=110 width=121)
	              Index Cond: ((id >= 1081779) AND (id <= 1081878))

table 3 : explain SELECT DISTINCT c FROM sbtest3 WHERE id BETWEEN 7973242 AND 7973341 ORDER BY c
	Unique  (cost=387.10..387.59 rows=98 width=121)
	  ->  Sort  (cost=387.10..387.34 rows=98 width=121)
	        Sort Key: c
	        ->  Index Scan using sbtest3_pkey on sbtest3  (cost=0.43..383.86 rows=98 width=121)
	              Index Cond: ((id >= 7973242) AND (id <= 7973341))

table 4 : explain SELECT DISTINCT c FROM sbtest4 WHERE id BETWEEN 3920816 AND 3920915 ORDER BY c
	Unique  (cost=385.57..386.06 rows=98 width=121)
	  ->  Sort  (cost=385.57..385.81 rows=98 width=121)
	        Sort Key: c
	        ->  Index Scan using sbtest4_pkey on sbtest4  (cost=0.43..382.32 rows=98 width=121)
	              Index Cond: ((id >= 3920816) AND (id <= 3920915))

table 5 : explain SELECT DISTINCT c FROM sbtest5 WHERE id BETWEEN 3297832 AND 3297931 ORDER BY c
	Unique  (cost=385.03..385.52 rows=98 width=121)
	  ->  Sort  (cost=385.03..385.28 rows=98 width=121)
	        Sort Key: c
	        ->  Index Scan using sbtest5_pkey on sbtest5  (cost=0.43..381.79 rows=98 width=121)
	              Index Cond: ((id >= 3297832) AND (id <= 3297931))

table 6 : explain SELECT DISTINCT c FROM sbtest6 WHERE id BETWEEN 9494540 AND 9494639 ORDER BY c
	Unique  (cost=397.17..397.67 rows=101 width=121)
	  ->  Sort  (cost=397.17..397.42 rows=101 width=121)
	        Sort Key: c
	        ->  Index Scan using sbtest6_pkey on sbtest6  (cost=0.43..393.80 rows=101 width=121)
	              Index Cond: ((id >= 9494540) AND (id <= 9494639))

table 7 : explain SELECT DISTINCT c FROM sbtest7 WHERE id BETWEEN 3830503 AND 3830602 ORDER BY c
	Unique  (cost=380.36..380.84 rows=97 width=121)
	  ->  Sort  (cost=380.36..380.60 rows=97 width=121)
	        Sort Key: c
	        ->  Index Scan using sbtest7_pkey on sbtest7  (cost=0.43..377.16 rows=97 width=121)
	              Index Cond: ((id >= 3830503) AND (id <= 3830602))

table 8 : explain SELECT DISTINCT c FROM sbtest8 WHERE id BETWEEN 2142951 AND 2143050 ORDER BY c
	Unique  (cost=369.06..369.53 rows=94 width=121)
	  ->  Sort  (cost=369.06..369.29 rows=94 width=121)
	        Sort Key: c
	        ->  Index Scan using sbtest8_pkey on sbtest8  (cost=0.43..365.98 rows=94 width=121)
	              Index Cond: ((id >= 2142951) AND (id <= 2143050))

for: order_ranges
table 1 : explain SELECT c FROM sbtest1 WHERE id BETWEEN 4141776 AND 4141875 ORDER BY c
	Sort  (cost=339.72..339.93 rows=86 width=121)
	  Sort Key: c
	  ->  Index Scan using sbtest1_pkey on sbtest1  (cost=0.43..336.96 rows=86 width=121)
	        Index Cond: ((id >= 4141776) AND (id <= 4141875))

table 2 : explain SELECT c FROM sbtest2 WHERE id BETWEEN 201801 AND 201900 ORDER BY c
	Sort  (cost=362.33..362.56 rows=92 width=121)
	  Sort Key: c
	  ->  Index Scan using sbtest2_pkey on sbtest2  (cost=0.43..359.33 rows=92 width=121)
	        Index Cond: ((id >= 201801) AND (id <= 201900))

table 3 : explain SELECT c FROM sbtest3 WHERE id BETWEEN 8026806 AND 8026905 ORDER BY c
	Sort  (cost=410.59..410.85 rows=104 width=121)
	  Sort Key: c
	  ->  Index Scan using sbtest3_pkey on sbtest3  (cost=0.43..407.11 rows=104 width=121)
	        Index Cond: ((id >= 8026806) AND (id <= 8026905))

table 4 : explain SELECT c FROM sbtest4 WHERE id BETWEEN 4215015 AND 4215114 ORDER BY c
	Sort  (cost=401.18..401.44 rows=102 width=121)
	  Sort Key: c
	  ->  Index Scan using sbtest4_pkey on sbtest4  (cost=0.43..397.78 rows=102 width=121)
	        Index Cond: ((id >= 4215015) AND (id <= 4215114))

table 5 : explain SELECT c FROM sbtest5 WHERE id BETWEEN 2183952 AND 2184051 ORDER BY c
	Sort  (cost=396.74..396.99 rows=101 width=121)
	  Sort Key: c
	  ->  Index Scan using sbtest5_pkey on sbtest5  (cost=0.43..393.38 rows=101 width=121)
	        Index Cond: ((id >= 2183952) AND (id <= 2184051))

table 6 : explain SELECT c FROM sbtest6 WHERE id BETWEEN 9552871 AND 9552970 ORDER BY c
	Sort  (cost=397.17..397.42 rows=101 width=121)
	  Sort Key: c
	  ->  Index Scan using sbtest6_pkey on sbtest6  (cost=0.43..393.80 rows=101 width=121)
	        Index Cond: ((id >= 9552871) AND (id <= 9552970))

table 7 : explain SELECT c FROM sbtest7 WHERE id BETWEEN 6897440 AND 6897539 ORDER BY c
	Sort  (cost=403.68..403.94 rows=103 width=121)
	  Sort Key: c
	  ->  Index Scan using sbtest7_pkey on sbtest7  (cost=0.43..400.24 rows=103 width=121)
	        Index Cond: ((id >= 6897440) AND (id <= 6897539))

table 8 : explain SELECT c FROM sbtest8 WHERE id BETWEEN 6458667 AND 6458766 ORDER BY c
	Sort  (cost=404.06..404.31 rows=103 width=121)
	  Sort Key: c
	  ->  Index Scan using sbtest8_pkey on sbtest8  (cost=0.43..400.61 rows=103 width=121)
	        Index Cond: ((id >= 6458667) AND (id <= 6458766))

for point_selects
table 1 : explain SELECT c FROM sbtest1 WHERE id=5350235
	Index Scan using sbtest1_pkey on sbtest1  (cost=0.43..8.45 rows=1 width=121)
	  Index Cond: (id = 5350235)

table 2 : explain SELECT c FROM sbtest2 WHERE id=3740810
	Index Scan using sbtest2_pkey on sbtest2  (cost=0.43..8.45 rows=1 width=121)
	  Index Cond: (id = 3740810)

table 3 : explain SELECT c FROM sbtest3 WHERE id=7011940
	Index Scan using sbtest3_pkey on sbtest3  (cost=0.43..8.45 rows=1 width=121)
	  Index Cond: (id = 7011940)

table 4 : explain SELECT c FROM sbtest4 WHERE id=9391890
	Index Scan using sbtest4_pkey on sbtest4  (cost=0.43..8.45 rows=1 width=121)
	  Index Cond: (id = 9391890)

table 5 : explain SELECT c FROM sbtest5 WHERE id=654858
	Index Scan using sbtest5_pkey on sbtest5  (cost=0.43..8.45 rows=1 width=121)
	  Index Cond: (id = 654858)

table 6 : explain SELECT c FROM sbtest6 WHERE id=2825472
	Index Scan using sbtest6_pkey on sbtest6  (cost=0.43..8.45 rows=1 width=121)
	  Index Cond: (id = 2825472)

table 7 : explain SELECT c FROM sbtest7 WHERE id=3628648
	Index Scan using sbtest7_pkey on sbtest7  (cost=0.43..8.45 rows=1 width=121)
	  Index Cond: (id = 3628648)

table 8 : explain SELECT c FROM sbtest8 WHERE id=2841206
	Index Scan using sbtest8_pkey on sbtest8  (cost=0.43..8.45 rows=1 width=121)
	  Index Cond: (id = 2841206)

for deletes
table 1 : explain DELETE FROM sbtest1 WHERE id=2626896
	Delete on sbtest1  (cost=0.43..8.45 rows=0 width=0)
	  ->  Index Scan using sbtest1_pkey on sbtest1  (cost=0.43..8.45 rows=1 width=6)
	        Index Cond: (id = 2626896)

table 2 : explain DELETE FROM sbtest2 WHERE id=3363312
	Delete on sbtest2  (cost=0.43..8.45 rows=0 width=0)
	  ->  Index Scan using sbtest2_pkey on sbtest2  (cost=0.43..8.45 rows=1 width=6)
	        Index Cond: (id = 3363312)

table 3 : explain DELETE FROM sbtest3 WHERE id=5739420
	Delete on sbtest3  (cost=0.43..8.45 rows=0 width=0)
	  ->  Index Scan using sbtest3_pkey on sbtest3  (cost=0.43..8.45 rows=1 width=6)
	        Index Cond: (id = 5739420)

table 4 : explain DELETE FROM sbtest4 WHERE id=3782806
	Delete on sbtest4  (cost=0.43..8.45 rows=0 width=0)
	  ->  Index Scan using sbtest4_pkey on sbtest4  (cost=0.43..8.45 rows=1 width=6)
	        Index Cond: (id = 3782806)

table 5 : explain DELETE FROM sbtest5 WHERE id=9780283
	Delete on sbtest5  (cost=0.43..8.45 rows=0 width=0)
	  ->  Index Scan using sbtest5_pkey on sbtest5  (cost=0.43..8.45 rows=1 width=6)
	        Index Cond: (id = 9780283)

table 6 : explain DELETE FROM sbtest6 WHERE id=6919218
	Delete on sbtest6  (cost=0.43..8.45 rows=0 width=0)
	  ->  Index Scan using sbtest6_pkey on sbtest6  (cost=0.43..8.45 rows=1 width=6)
	        Index Cond: (id = 6919218)

table 7 : explain DELETE FROM sbtest7 WHERE id=8405896
	Delete on sbtest7  (cost=0.43..8.45 rows=0 width=0)
	  ->  Index Scan using sbtest7_pkey on sbtest7  (cost=0.43..8.45 rows=1 width=6)
	        Index Cond: (id = 8405896)

table 8 : explain DELETE FROM sbtest8 WHERE id=8432509
	Delete on sbtest8  (cost=0.43..8.45 rows=0 width=0)
	  ->  Index Scan using sbtest8_pkey on sbtest8  (cost=0.43..8.45 rows=1 width=6)
	        Index Cond: (id = 8432509)

for: simple_ranges
table 1 : explain SELECT c FROM sbtest1 WHERE id BETWEEN 1379771 AND 1379870
	Index Scan using sbtest1_pkey on sbtest1  (cost=0.43..379.46 rows=97 width=121)
	  Index Cond: ((id >= 1379771) AND (id <= 1379870))

table 2 : explain SELECT c FROM sbtest2 WHERE id BETWEEN 6316392 AND 6316491
	Index Scan using sbtest2_pkey on sbtest2  (cost=0.43..382.46 rows=98 width=121)
	  Index Cond: ((id >= 6316392) AND (id <= 6316491))

table 3 : explain SELECT c FROM sbtest3 WHERE id BETWEEN 9547022 AND 9547121
	Index Scan using sbtest3_pkey on sbtest3  (cost=0.43..360.64 rows=92 width=121)
	  Index Cond: ((id >= 9547022) AND (id <= 9547121))

table 4 : explain SELECT c FROM sbtest4 WHERE id BETWEEN 1682134 AND 1682233
	Index Scan using sbtest4_pkey on sbtest4  (cost=0.43..417.05 rows=107 width=121)
	  Index Cond: ((id >= 1682134) AND (id <= 1682233))

table 5 : explain SELECT c FROM sbtest5 WHERE id BETWEEN 6858222 AND 6858321
	Index Scan using sbtest5_pkey on sbtest5  (cost=0.43..412.62 rows=106 width=121)
	  Index Cond: ((id >= 6858222) AND (id <= 6858321))

table 6 : explain SELECT c FROM sbtest6 WHERE id BETWEEN 4067151 AND 4067250
	Index Scan using sbtest6_pkey on sbtest6  (cost=0.43..366.80 rows=94 width=121)
	  Index Cond: ((id >= 4067151) AND (id <= 4067250))

table 7 : explain SELECT c FROM sbtest7 WHERE id BETWEEN 7621963 AND 7622062
	Index Scan using sbtest7_pkey on sbtest7  (cost=0.43..361.80 rows=93 width=121)
	  Index Cond: ((id >= 7621963) AND (id <= 7622062))

table 8 : explain SELECT c FROM sbtest8 WHERE id BETWEEN 3759340 AND 3759439
	Index Scan using sbtest8_pkey on sbtest8  (cost=0.43..385.20 rows=99 width=121)
	  Index Cond: ((id >= 3759340) AND (id <= 3759439))

explain: for index_updates :: explain UPDATE sbtest%u SET k=k+1 WHERE id=%u
for: order_ranges
table 1 : explain SELECT c FROM sbtest1 WHERE id BETWEEN 2791624 AND 2791723 ORDER BY c
	Sort  (cost=410.03..410.29 rows=104 width=121)
	  Sort Key: c
	  ->  Index Scan using sbtest1_pkey on sbtest1  (cost=0.43..406.54 rows=104 width=121)
	        Index Cond: ((id >= 2791624) AND (id <= 2791723))

table 2 : explain SELECT c FROM sbtest2 WHERE id BETWEEN 563808 AND 563907 ORDER BY c
	Sort  (cost=385.70..385.94 rows=98 width=121)
	  Sort Key: c
	  ->  Index Scan using sbtest2_pkey on sbtest2  (cost=0.43..382.46 rows=98 width=121)
	        Index Cond: ((id >= 563808) AND (id <= 563907))

table 3 : explain SELECT c FROM sbtest3 WHERE id BETWEEN 8593951 AND 8594050 ORDER BY c
	Sort  (cost=379.28..379.52 rows=96 width=121)
	  Sort Key: c
	  ->  Index Scan using sbtest3_pkey on sbtest3  (cost=0.43..376.12 rows=96 width=121)
	        Index Cond: ((id >= 8593951) AND (id <= 8594050))

table 4 : explain SELECT c FROM sbtest4 WHERE id BETWEEN 6940815 AND 6940914 ORDER BY c
	Sort  (cost=385.57..385.81 rows=98 width=121)
	  Sort Key: c
	  ->  Index Scan using sbtest4_pkey on sbtest4  (cost=0.43..382.32 rows=98 width=121)
	        Index Cond: ((id >= 6940815) AND (id <= 6940914))

table 5 : explain SELECT c FROM sbtest5 WHERE id BETWEEN 6008951 AND 6009050 ORDER BY c
	Sort  (cost=408.40..408.66 rows=104 width=121)
	  Sort Key: c
	  ->  Index Scan using sbtest5_pkey on sbtest5  (cost=0.43..404.92 rows=104 width=121)
	        Index Cond: ((id >= 6008951) AND (id <= 6009050))

table 6 : explain SELECT c FROM sbtest6 WHERE id BETWEEN 1111487 AND 1111586 ORDER BY c
	Sort  (cost=401.06..401.31 rows=102 width=121)
	  Sort Key: c
	  ->  Index Scan using sbtest6_pkey on sbtest6  (cost=0.43..397.66 rows=102 width=121)
	        Index Cond: ((id >= 1111487) AND (id <= 1111586))

table 7 : explain SELECT c FROM sbtest7 WHERE id BETWEEN 5355063 AND 5355162 ORDER BY c
	Sort  (cost=392.00..392.25 rows=100 width=121)
	  Sort Key: c
	  ->  Index Scan using sbtest7_pkey on sbtest7  (cost=0.43..388.67 rows=100 width=121)
	        Index Cond: ((id >= 5355063) AND (id <= 5355162))

table 8 : explain SELECT c FROM sbtest8 WHERE id BETWEEN 3531215 AND 3531314 ORDER BY c
	Sort  (cost=415.71..415.97 rows=106 width=121)
	  Sort Key: c
	  ->  Index Scan using sbtest8_pkey on sbtest8  (cost=0.43..412.14 rows=106 width=121)
	        Index Cond: ((id >= 3531215) AND (id <= 3531314))

for index_updates
table 1 : explain UPDATE sbtest1 SET k=k+1 WHERE id=4314135
	Update on sbtest1  (cost=0.43..8.46 rows=0 width=0)
	  ->  Index Scan using sbtest1_pkey on sbtest1  (cost=0.43..8.46 rows=1 width=10)
	        Index Cond: (id = 4314135)

table 2 : explain UPDATE sbtest2 SET k=k+1 WHERE id=6032080
	Update on sbtest2  (cost=0.43..8.46 rows=0 width=0)
	  ->  Index Scan using sbtest2_pkey on sbtest2  (cost=0.43..8.46 rows=1 width=10)
	        Index Cond: (id = 6032080)

table 3 : explain UPDATE sbtest3 SET k=k+1 WHERE id=2461688
	Update on sbtest3  (cost=0.43..8.46 rows=0 width=0)
	  ->  Index Scan using sbtest3_pkey on sbtest3  (cost=0.43..8.46 rows=1 width=10)
	        Index Cond: (id = 2461688)

table 4 : explain UPDATE sbtest4 SET k=k+1 WHERE id=9420165
	Update on sbtest4  (cost=0.43..8.46 rows=0 width=0)
	  ->  Index Scan using sbtest4_pkey on sbtest4  (cost=0.43..8.46 rows=1 width=10)
	        Index Cond: (id = 9420165)

table 5 : explain UPDATE sbtest5 SET k=k+1 WHERE id=986835
	Update on sbtest5  (cost=0.43..8.46 rows=0 width=0)
	  ->  Index Scan using sbtest5_pkey on sbtest5  (cost=0.43..8.46 rows=1 width=10)
	        Index Cond: (id = 986835)

table 6 : explain UPDATE sbtest6 SET k=k+1 WHERE id=6951247
	Update on sbtest6  (cost=0.43..8.46 rows=0 width=0)
	  ->  Index Scan using sbtest6_pkey on sbtest6  (cost=0.43..8.46 rows=1 width=10)
	        Index Cond: (id = 6951247)

table 7 : explain UPDATE sbtest7 SET k=k+1 WHERE id=8487387
	Update on sbtest7  (cost=0.43..8.46 rows=0 width=0)
	  ->  Index Scan using sbtest7_pkey on sbtest7  (cost=0.43..8.46 rows=1 width=10)
	        Index Cond: (id = 8487387)

table 8 : explain UPDATE sbtest8 SET k=k+1 WHERE id=2567923
	Update on sbtest8  (cost=0.43..8.46 rows=0 width=0)
	  ->  Index Scan using sbtest8_pkey on sbtest8  (cost=0.43..8.46 rows=1 width=10)
	        Index Cond: (id = 2567923)

for point_selects
table 1 : explain SELECT c FROM sbtest1 WHERE id=6089248
	Index Scan using sbtest1_pkey on sbtest1  (cost=0.43..8.45 rows=1 width=121)
	  Index Cond: (id = 6089248)

table 2 : explain SELECT c FROM sbtest2 WHERE id=1860614
	Index Scan using sbtest2_pkey on sbtest2  (cost=0.43..8.45 rows=1 width=121)
	  Index Cond: (id = 1860614)

table 3 : explain SELECT c FROM sbtest3 WHERE id=7869699
	Index Scan using sbtest3_pkey on sbtest3  (cost=0.43..8.45 rows=1 width=121)
	  Index Cond: (id = 7869699)

table 4 : explain SELECT c FROM sbtest4 WHERE id=4188776
	Index Scan using sbtest4_pkey on sbtest4  (cost=0.43..8.45 rows=1 width=121)
	  Index Cond: (id = 4188776)

table 5 : explain SELECT c FROM sbtest5 WHERE id=2299854
	Index Scan using sbtest5_pkey on sbtest5  (cost=0.43..8.45 rows=1 width=121)
	  Index Cond: (id = 2299854)

table 6 : explain SELECT c FROM sbtest6 WHERE id=8959854
	Index Scan using sbtest6_pkey on sbtest6  (cost=0.43..8.45 rows=1 width=121)
	  Index Cond: (id = 8959854)

table 7 : explain SELECT c FROM sbtest7 WHERE id=5075459
	Index Scan using sbtest7_pkey on sbtest7  (cost=0.43..8.45 rows=1 width=121)
	  Index Cond: (id = 5075459)

table 8 : explain SELECT c FROM sbtest8 WHERE id=2741078
	Index Scan using sbtest8_pkey on sbtest8  (cost=0.43..8.45 rows=1 width=121)
	  Index Cond: (id = 2741078)

explain: for inserts :: explain INSERT INTO sbtest%u (id, k, c, pad) VALUES (%u, 13, 'foobar', 'foobar')
explain: for non_index_updates :: explain UPDATE sbtest%u SET c='foobar' WHERE id=%u
for index_updates
table 1 : explain UPDATE sbtest1 SET k=k+1 WHERE id=9228642
	Update on sbtest1  (cost=0.43..8.46 rows=0 width=0)
	  ->  Index Scan using sbtest1_pkey on sbtest1  (cost=0.43..8.46 rows=1 width=10)
	        Index Cond: (id = 9228642)

table 2 : explain UPDATE sbtest2 SET k=k+1 WHERE id=3521928
	Update on sbtest2  (cost=0.43..8.46 rows=0 width=0)
	  ->  Index Scan using sbtest2_pkey on sbtest2  (cost=0.43..8.46 rows=1 width=10)
	        Index Cond: (id = 3521928)

table 3 : explain UPDATE sbtest3 SET k=k+1 WHERE id=1189173
	Update on sbtest3  (cost=0.43..8.46 rows=0 width=0)
	  ->  Index Scan using sbtest3_pkey on sbtest3  (cost=0.43..8.46 rows=1 width=10)
	        Index Cond: (id = 1189173)

table 4 : explain UPDATE sbtest4 SET k=k+1 WHERE id=3432059
	Update on sbtest4  (cost=0.43..8.46 rows=0 width=0)
	  ->  Index Scan using sbtest4_pkey on sbtest4  (cost=0.43..8.46 rows=1 width=10)
	        Index Cond: (id = 3432059)

table 5 : explain UPDATE sbtest5 SET k=k+1 WHERE id=3856024
	Update on sbtest5  (cost=0.43..8.46 rows=0 width=0)
	  ->  Index Scan using sbtest5_pkey on sbtest5  (cost=0.43..8.46 rows=1 width=10)
	        Index Cond: (id = 3856024)

table 6 : explain UPDATE sbtest6 SET k=k+1 WHERE id=7542242
	Update on sbtest6  (cost=0.43..8.46 rows=0 width=0)
	  ->  Index Scan using sbtest6_pkey on sbtest6  (cost=0.43..8.46 rows=1 width=10)
	        Index Cond: (id = 7542242)

table 7 : explain UPDATE sbtest7 SET k=k+1 WHERE id=2040936
	Update on sbtest7  (cost=0.43..8.46 rows=0 width=0)
	  ->  Index Scan using sbtest7_pkey on sbtest7  (cost=0.43..8.46 rows=1 width=10)
	        Index Cond: (id = 2040936)

table 8 : explain UPDATE sbtest8 SET k=k+1 WHERE id=7745650
	Update on sbtest8  (cost=0.43..8.46 rows=0 width=0)
	  ->  Index Scan using sbtest8_pkey on sbtest8  (cost=0.43..8.46 rows=1 width=10)
	        Index Cond: (id = 7745650)

for: simple_ranges
table 1 : explain SELECT c FROM sbtest1 WHERE id BETWEEN 1072163 AND 1072262
	Index Scan using sbtest1_pkey on sbtest1  (cost=0.43..422.00 rows=108 width=121)
	  Index Cond: ((id >= 1072163) AND (id <= 1072262))

table 2 : explain SELECT c FROM sbtest2 WHERE id BETWEEN 5361139 AND 5361238
	Index Scan using sbtest2_pkey on sbtest2  (cost=0.43..428.76 rows=110 width=121)
	  Index Cond: ((id >= 5361139) AND (id <= 5361238))

table 3 : explain SELECT c FROM sbtest3 WHERE id BETWEEN 3812855 AND 3812954
	Index Scan using sbtest3_pkey on sbtest3  (cost=0.43..407.11 rows=104 width=121)
	  Index Cond: ((id >= 3812855) AND (id <= 3812954))

table 4 : explain SELECT c FROM sbtest4 WHERE id BETWEEN 3153918 AND 3154017
	Index Scan using sbtest4_pkey on sbtest4  (cost=0.43..355.35 rows=91 width=121)
	  Index Cond: ((id >= 3153918) AND (id <= 3154017))

table 5 : explain SELECT c FROM sbtest5 WHERE id BETWEEN 3399749 AND 3399848
	Index Scan using sbtest5_pkey on sbtest5  (cost=0.43..381.79 rows=98 width=121)
	  Index Cond: ((id >= 3399749) AND (id <= 3399848))

table 6 : explain SELECT c FROM sbtest6 WHERE id BETWEEN 5515909 AND 5516008
	Index Scan using sbtest6_pkey on sbtest6  (cost=0.43..366.80 rows=94 width=121)
	  Index Cond: ((id >= 5515909) AND (id <= 5516008))

table 7 : explain SELECT c FROM sbtest7 WHERE id BETWEEN 9545201 AND 9545300
	Index Scan using sbtest7_pkey on sbtest7  (cost=0.43..442.48 rows=114 width=121)
	  Index Cond: ((id >= 9545201) AND (id <= 9545300))

table 8 : explain SELECT c FROM sbtest8 WHERE id BETWEEN 1008588 AND 1008687
	Index Scan using sbtest8_pkey on sbtest8  (cost=0.43..385.24 rows=99 width=121)
	  Index Cond: ((id >= 1008588) AND (id <= 1008687))

for: sum_ranges
table 1 : explain SELECT SUM(k) FROM sbtest1 WHERE id BETWEEN 7361183 AND 7361282
	Aggregate  (cost=379.70..379.71 rows=1 width=8)
	  ->  Index Scan using sbtest1_pkey on sbtest1  (cost=0.43..379.46 rows=97 width=4)
	        Index Cond: ((id >= 7361183) AND (id <= 7361282))

table 2 : explain SELECT SUM(k) FROM sbtest2 WHERE id BETWEEN 3424860 AND 3424959
	Aggregate  (cost=413.60..413.61 rows=1 width=8)
	  ->  Index Scan using sbtest2_pkey on sbtest2  (cost=0.43..413.34 rows=106 width=4)
	        Index Cond: ((id >= 3424860) AND (id <= 3424959))

table 3 : explain SELECT SUM(k) FROM sbtest3 WHERE id BETWEEN 837798 AND 837897
	Aggregate  (cost=411.24..411.25 rows=1 width=8)
	  ->  Index Scan using sbtest3_pkey on sbtest3  (cost=0.43..410.98 rows=105 width=4)
	        Index Cond: ((id >= 837798) AND (id <= 837897))

table 4 : explain SELECT SUM(k) FROM sbtest4 WHERE id BETWEEN 3864692 AND 3864791
	Aggregate  (cost=401.89..401.90 rows=1 width=8)
	  ->  Index Scan using sbtest4_pkey on sbtest4  (cost=0.43..401.63 rows=103 width=4)
	        Index Cond: ((id >= 3864692) AND (id <= 3864791))

table 5 : explain SELECT SUM(k) FROM sbtest5 WHERE id BETWEEN 5639351 AND 5639450
	Aggregate  (cost=358.93..358.94 rows=1 width=8)
	  ->  Index Scan using sbtest5_pkey on sbtest5  (cost=0.43..358.70 rows=92 width=4)
	        Index Cond: ((id >= 5639351) AND (id <= 5639450))

table 6 : explain SELECT SUM(k) FROM sbtest6 WHERE id BETWEEN 1809685 AND 1809784
	Aggregate  (cost=401.77..401.78 rows=1 width=8)
	  ->  Index Scan using sbtest6_pkey on sbtest6  (cost=0.43..401.51 rows=103 width=4)
	        Index Cond: ((id >= 1809685) AND (id <= 1809784))

table 7 : explain SELECT SUM(k) FROM sbtest7 WHERE id BETWEEN 8553981 AND 8554080
	Aggregate  (cost=362.03..362.04 rows=1 width=8)
	  ->  Index Scan using sbtest7_pkey on sbtest7  (cost=0.43..361.80 rows=93 width=4)
	        Index Cond: ((id >= 8553981) AND (id <= 8554080))

table 8 : explain SELECT SUM(k) FROM sbtest8 WHERE id BETWEEN 278841 AND 278940
	Aggregate  (cost=362.37..362.38 rows=1 width=8)
	  ->  Index Scan using sbtest8_pkey on sbtest8  (cost=0.43..362.14 rows=93 width=4)
	        Index Cond: ((id >= 278841) AND (id <= 278940))

for: distinct_ranges
table 1 : explain SELECT DISTINCT c FROM sbtest1 WHERE id BETWEEN 7479466 AND 7479565 ORDER BY c
	Unique  (cost=378.75..379.23 rows=96 width=121)
	  ->  Sort  (cost=378.75..378.99 rows=96 width=121)
	        Sort Key: c
	        ->  Index Scan using sbtest1_pkey on sbtest1  (cost=0.43..375.59 rows=96 width=121)
	              Index Cond: ((id >= 7479466) AND (id <= 7479565))

table 2 : explain SELECT DISTINCT c FROM sbtest2 WHERE id BETWEEN 2928857 AND 2928956 ORDER BY c
	Unique  (cost=381.80..382.29 rows=97 width=121)
	  ->  Sort  (cost=381.80..382.05 rows=97 width=121)
	        Sort Key: c
	        ->  Index Scan using sbtest2_pkey on sbtest2  (cost=0.43..378.60 rows=97 width=121)
	              Index Cond: ((id >= 2928857) AND (id <= 2928956))

table 3 : explain SELECT DISTINCT c FROM sbtest3 WHERE id BETWEEN 4422300 AND 4422399 ORDER BY c
	Unique  (cost=367.55..368.01 rows=93 width=121)
	  ->  Sort  (cost=367.55..367.78 rows=93 width=121)
	        Sort Key: c
	        ->  Index Scan using sbtest3_pkey on sbtest3  (cost=0.43..364.51 rows=93 width=121)
	              Index Cond: ((id >= 4422300) AND (id <= 4422399))

table 4 : explain SELECT DISTINCT c FROM sbtest4 WHERE id BETWEEN 3771808 AND 3771907 ORDER BY c
	Unique  (cost=436.23..436.79 rows=111 width=121)
	  ->  Sort  (cost=436.23..436.51 rows=111 width=121)
	        Sort Key: c
	        ->  Index Scan using sbtest4_pkey on sbtest4  (cost=0.43..432.46 rows=111 width=121)
	              Index Cond: ((id >= 3771808) AND (id <= 3771907))

table 5 : explain SELECT DISTINCT c FROM sbtest5 WHERE id BETWEEN 8641775 AND 8641874 ORDER BY c
	Unique  (cost=416.18..416.71 rows=106 width=121)
	  ->  Sort  (cost=416.18..416.45 rows=106 width=121)
	        Sort Key: c
	        ->  Index Scan using sbtest5_pkey on sbtest5  (cost=0.43..412.62 rows=106 width=121)
	              Index Cond: ((id >= 8641775) AND (id <= 8641874))

table 6 : explain SELECT DISTINCT c FROM sbtest6 WHERE id BETWEEN 6099628 AND 6099727 ORDER BY c
	Unique  (cost=404.95..405.47 rows=103 width=121)
	  ->  Sort  (cost=404.95..405.21 rows=103 width=121)
	        Sort Key: c
	        ->  Index Scan using sbtest6_pkey on sbtest6  (cost=0.43..401.51 rows=103 width=121)
	              Index Cond: ((id >= 6099628) AND (id <= 6099727))

table 7 : explain SELECT DISTINCT c FROM sbtest7 WHERE id BETWEEN 8111328 AND 8111427 ORDER BY c
	Unique  (cost=333.80..334.23 rows=85 width=121)
	  ->  Sort  (cost=333.80..334.02 rows=85 width=121)
	        Sort Key: c
	        ->  Index Scan using sbtest7_pkey on sbtest7  (cost=0.43..331.08 rows=85 width=121)
	              Index Cond: ((id >= 8111328) AND (id <= 8111427))

table 8 : explain SELECT DISTINCT c FROM sbtest8 WHERE id BETWEEN 9791307 AND 9791406 ORDER BY c
	Unique  (cost=388.48..388.97 rows=99 width=121)
	  ->  Sort  (cost=388.48..388.72 rows=99 width=121)
	        Sort Key: c
	        ->  Index Scan using sbtest8_pkey on sbtest8  (cost=0.43..385.20 rows=99 width=121)
	              Index Cond: ((id >= 9791307) AND (id <= 9791406))

for inserts
table 1 : explain INSERT INTO sbtest1 (id, k, c, pad) VALUES (7322274, 13, 'foobar', 'foobar')
	Insert on sbtest1  (cost=0.00..0.01 rows=0 width=0)
	  ->  Result  (cost=0.00..0.01 rows=1 width=736)

table 2 : explain INSERT INTO sbtest2 (id, k, c, pad) VALUES (7705867, 13, 'foobar', 'foobar')
	Insert on sbtest2  (cost=0.00..0.01 rows=0 width=0)
	  ->  Result  (cost=0.00..0.01 rows=1 width=736)

table 3 : explain INSERT INTO sbtest3 (id, k, c, pad) VALUES (2920035, 13, 'foobar', 'foobar')
	Insert on sbtest3  (cost=0.00..0.01 rows=0 width=0)
	  ->  Result  (cost=0.00..0.01 rows=1 width=736)

table 4 : explain INSERT INTO sbtest4 (id, k, c, pad) VALUES (4635704, 13, 'foobar', 'foobar')
	Insert on sbtest4  (cost=0.00..0.01 rows=0 width=0)
	  ->  Result  (cost=0.00..0.01 rows=1 width=736)

table 5 : explain INSERT INTO sbtest5 (id, k, c, pad) VALUES (9558311, 13, 'foobar', 'foobar')
	Insert on sbtest5  (cost=0.00..0.01 rows=0 width=0)
	  ->  Result  (cost=0.00..0.01 rows=1 width=736)

table 6 : explain INSERT INTO sbtest6 (id, k, c, pad) VALUES (9024068, 13, 'foobar', 'foobar')
	Insert on sbtest6  (cost=0.00..0.01 rows=0 width=0)
	  ->  Result  (cost=0.00..0.01 rows=1 width=736)

table 7 : explain INSERT INTO sbtest7 (id, k, c, pad) VALUES (4868940, 13, 'foobar', 'foobar')
	Insert on sbtest7  (cost=0.00..0.01 rows=0 width=0)
	  ->  Result  (cost=0.00..0.01 rows=1 width=736)

table 8 : explain INSERT INTO sbtest8 (id, k, c, pad) VALUES (8877572, 13, 'foobar', 'foobar')
	Insert on sbtest8  (cost=0.00..0.01 rows=0 width=0)
	  ->  Result  (cost=0.00..0.01 rows=1 width=736)

explain: for non_index_updates :: explain UPDATE sbtest%u SET c='foobar' WHERE id=%u
for: sum_ranges
table 1 : explain SELECT SUM(k) FROM sbtest1 WHERE id BETWEEN 1892435 AND 1892534
	Aggregate  (cost=391.30..391.31 rows=1 width=8)
	  ->  Index Scan using sbtest1_pkey on sbtest1  (cost=0.43..391.05 rows=100 width=4)
	        Index Cond: ((id >= 1892435) AND (id <= 1892534))

table 2 : explain SELECT SUM(k) FROM sbtest2 WHERE id BETWEEN 7579852 AND 7579951
	Aggregate  (cost=402.03..402.04 rows=1 width=8)
	  ->  Index Scan using sbtest2_pkey on sbtest2  (cost=0.43..401.77 rows=103 width=4)
	        Index Cond: ((id >= 7579852) AND (id <= 7579951))

table 3 : explain SELECT SUM(k) FROM sbtest3 WHERE id BETWEEN 2008893 AND 2008992
	Aggregate  (cost=341.51..341.52 rows=1 width=8)
	  ->  Index Scan using sbtest3_pkey on sbtest3  (cost=0.43..341.29 rows=87 width=4)
	        Index Cond: ((id >= 2008893) AND (id <= 2008992))

table 4 : explain SELECT SUM(k) FROM sbtest4 WHERE id BETWEEN 7445977 AND 7446076
	Aggregate  (cost=417.31..417.32 rows=1 width=8)
	  ->  Index Scan using sbtest4_pkey on sbtest4  (cost=0.43..417.05 rows=107 width=4)
	        Index Cond: ((id >= 7445977) AND (id <= 7446076))

table 5 : explain SELECT SUM(k) FROM sbtest5 WHERE id BETWEEN 5579779 AND 5579878
	Aggregate  (cost=385.88..385.89 rows=1 width=8)
	  ->  Index Scan using sbtest5_pkey on sbtest5  (cost=0.43..385.64 rows=99 width=4)
	        Index Cond: ((id >= 5579779) AND (id <= 5579878))

table 6 : explain SELECT SUM(k) FROM sbtest6 WHERE id BETWEEN 8583046 AND 8583145
	Aggregate  (cost=409.48..409.49 rows=1 width=8)
	  ->  Index Scan using sbtest6_pkey on sbtest6  (cost=0.43..409.21 rows=105 width=4)
	        Index Cond: ((id >= 8583046) AND (id <= 8583145))

table 7 : explain SELECT SUM(k) FROM sbtest7 WHERE id BETWEEN 2679118 AND 2679217
	Aggregate  (cost=354.34..354.35 rows=1 width=8)
	  ->  Index Scan using sbtest7_pkey on sbtest7  (cost=0.43..354.12 rows=91 width=4)
	        Index Cond: ((id >= 2679118) AND (id <= 2679217))

table 8 : explain SELECT SUM(k) FROM sbtest8 WHERE id BETWEEN 5787052 AND 5787151
	Aggregate  (cost=393.18..393.19 rows=1 width=8)
	  ->  Index Scan using sbtest8_pkey on sbtest8  (cost=0.43..392.93 rows=101 width=4)
	        Index Cond: ((id >= 5787052) AND (id <= 5787151))

explain: for index_updates :: explain UPDATE sbtest%u SET k=k+1 WHERE id=%u
for non_index_updates
table 1 : explain UPDATE sbtest1 SET c='foobar' WHERE id=4872300
	Update on sbtest1  (cost=0.43..8.45 rows=0 width=0)
	  ->  Index Scan using sbtest1_pkey on sbtest1  (cost=0.43..8.45 rows=1 width=490)
	        Index Cond: (id = 4872300)

table 2 : explain UPDATE sbtest2 SET c='foobar' WHERE id=9575339
	Update on sbtest2  (cost=0.43..8.45 rows=0 width=0)
	  ->  Index Scan using sbtest2_pkey on sbtest2  (cost=0.43..8.45 rows=1 width=490)
	        Index Cond: (id = 9575339)

table 3 : explain UPDATE sbtest3 SET c='foobar' WHERE id=9081131
	Update on sbtest3  (cost=0.43..8.45 rows=0 width=0)
	  ->  Index Scan using sbtest3_pkey on sbtest3  (cost=0.43..8.45 rows=1 width=490)
	        Index Cond: (id = 9081131)

table 4 : explain UPDATE sbtest4 SET c='foobar' WHERE id=6004757
	Update on sbtest4  (cost=0.43..8.45 rows=0 width=0)
	  ->  Index Scan using sbtest4_pkey on sbtest4  (cost=0.43..8.45 rows=1 width=490)
	        Index Cond: (id = 6004757)

table 5 : explain UPDATE sbtest5 SET c='foobar' WHERE id=8980422
	Update on sbtest5  (cost=0.43..8.45 rows=0 width=0)
	  ->  Index Scan using sbtest5_pkey on sbtest5  (cost=0.43..8.45 rows=1 width=490)
	        Index Cond: (id = 8980422)

table 6 : explain UPDATE sbtest6 SET c='foobar' WHERE id=4791706
	Update on sbtest6  (cost=0.43..8.45 rows=0 width=0)
	  ->  Index Scan using sbtest6_pkey on sbtest6  (cost=0.43..8.45 rows=1 width=490)
	        Index Cond: (id = 4791706)

table 7 : explain UPDATE sbtest7 SET c='foobar' WHERE id=936329
	Update on sbtest7  (cost=0.43..8.45 rows=0 width=0)
	  ->  Index Scan using sbtest7_pkey on sbtest7  (cost=0.43..8.45 rows=1 width=490)
	        Index Cond: (id = 936329)

table 8 : explain UPDATE sbtest8 SET c='foobar' WHERE id=429158
	Update on sbtest8  (cost=0.43..8.45 rows=0 width=0)
	  ->  Index Scan using sbtest8_pkey on sbtest8  (cost=0.43..8.45 rows=1 width=490)
	        Index Cond: (id = 429158)

for: sum_ranges
table 1 : explain SELECT SUM(k) FROM sbtest1 WHERE id BETWEEN 1538057 AND 1538156
	Aggregate  (cost=371.97..371.98 rows=1 width=8)
	  ->  Index Scan using sbtest1_pkey on sbtest1  (cost=0.43..371.73 rows=95 width=4)
	        Index Cond: ((id >= 1538057) AND (id <= 1538156))

table 2 : explain SELECT SUM(k) FROM sbtest2 WHERE id BETWEEN 4460981 AND 4461080
	Aggregate  (cost=386.56..386.57 rows=1 width=8)
	  ->  Index Scan using sbtest2_pkey on sbtest2  (cost=0.43..386.31 rows=99 width=4)
	        Index Cond: ((id >= 4460981) AND (id <= 4461080))

table 3 : explain SELECT SUM(k) FROM sbtest3 WHERE id BETWEEN 9410155 AND 9410254
	Aggregate  (cost=368.61..368.62 rows=1 width=8)
	  ->  Index Scan using sbtest3_pkey on sbtest3  (cost=0.43..368.38 rows=94 width=4)
	        Index Cond: ((id >= 9410155) AND (id <= 9410254))

table 4 : explain SELECT SUM(k) FROM sbtest4 WHERE id BETWEEN 2219577 AND 2219676
	Aggregate  (cost=386.43..386.44 rows=1 width=8)
	  ->  Index Scan using sbtest4_pkey on sbtest4  (cost=0.43..386.18 rows=99 width=4)
	        Index Cond: ((id >= 2219577) AND (id <= 2219676))

table 5 : explain SELECT SUM(k) FROM sbtest5 WHERE id BETWEEN 6116338 AND 6116437
	Aggregate  (cost=393.59..393.60 rows=1 width=8)
	  ->  Index Scan using sbtest5_pkey on sbtest5  (cost=0.43..393.33 rows=101 width=4)
	        Index Cond: ((id >= 6116338) AND (id <= 6116437))

table 6 : explain SELECT SUM(k) FROM sbtest6 WHERE id BETWEEN 4232110 AND 4232209
	Aggregate  (cost=382.45..382.46 rows=1 width=8)
	  ->  Index Scan using sbtest6_pkey on sbtest6  (cost=0.43..382.21 rows=98 width=4)
	        Index Cond: ((id >= 4232110) AND (id <= 4232209))

table 7 : explain SELECT SUM(k) FROM sbtest7 WHERE id BETWEEN 9296981 AND 9297080
	Aggregate  (cost=381.24..381.25 rows=1 width=8)
	  ->  Index Scan using sbtest7_pkey on sbtest7  (cost=0.43..381.00 rows=98 width=4)
	        Index Cond: ((id >= 9296981) AND (id <= 9297080))

table 8 : explain SELECT SUM(k) FROM sbtest8 WHERE id BETWEEN 4841605 AND 4841704
	Aggregate  (cost=404.72..404.73 rows=1 width=8)
	  ->  Index Scan using sbtest8_pkey on sbtest8  (cost=0.43..404.46 rows=104 width=4)
	        Index Cond: ((id >= 4841605) AND (id <= 4841704))

for: order_ranges
table 1 : explain SELECT c FROM sbtest1 WHERE id BETWEEN 3278264 AND 3278363 ORDER BY c
	Sort  (cost=425.65..425.92 rows=108 width=121)
	  Sort Key: c
	  ->  Index Scan using sbtest1_pkey on sbtest1  (cost=0.43..422.00 rows=108 width=121)
	        Index Cond: ((id >= 3278264) AND (id <= 3278363))

table 2 : explain SELECT c FROM sbtest2 WHERE id BETWEEN 6087705 AND 6087804 ORDER BY c
	Sort  (cost=448.07..448.36 rows=114 width=121)
	  Sort Key: c
	  ->  Index Scan using sbtest2_pkey on sbtest2  (cost=0.43..444.18 rows=114 width=121)
	        Index Cond: ((id >= 6087705) AND (id <= 6087804))

table 3 : explain SELECT c FROM sbtest3 WHERE id BETWEEN 3630732 AND 3630831 ORDER BY c
	Sort  (cost=394.92..395.17 rows=100 width=121)
	  Sort Key: c
	  ->  Index Scan using sbtest3_pkey on sbtest3  (cost=0.43..391.59 rows=100 width=121)
	        Index Cond: ((id >= 3630732) AND (id <= 3630831))

table 4 : explain SELECT c FROM sbtest4 WHERE id BETWEEN 6302992 AND 6303091 ORDER BY c
	Sort  (cost=405.08..405.33 rows=103 width=121)
	  Sort Key: c
	  ->  Index Scan using sbtest4_pkey on sbtest4  (cost=0.43..401.63 rows=103 width=121)
	        Index Cond: ((id >= 6302992) AND (id <= 6303091))

table 5 : explain SELECT c FROM sbtest5 WHERE id BETWEEN 3434463 AND 3434562 ORDER BY c
	Sort  (cost=385.03..385.28 rows=98 width=121)
	  Sort Key: c
	  ->  Index Scan using sbtest5_pkey on sbtest5  (cost=0.43..381.79 rows=98 width=121)
	        Index Cond: ((id >= 3434463) AND (id <= 3434562))

table 6 : explain SELECT c FROM sbtest6 WHERE id BETWEEN 9334554 AND 9334653 ORDER BY c
	Sort  (cost=401.06..401.31 rows=102 width=121)
	  Sort Key: c
	  ->  Index Scan using sbtest6_pkey on sbtest6  (cost=0.43..397.66 rows=102 width=121)
	        Index Cond: ((id >= 9334554) AND (id <= 9334653))

table 7 : explain SELECT c FROM sbtest7 WHERE id BETWEEN 3550874 AND 3550973 ORDER BY c
	Sort  (cost=364.84..365.07 rows=93 width=121)
	  Sort Key: c
	  ->  Index Scan using sbtest7_pkey on sbtest7  (cost=0.43..361.80 rows=93 width=121)
	        Index Cond: ((id >= 3550874) AND (id <= 3550973))

table 8 : explain SELECT c FROM sbtest8 WHERE id BETWEEN 7908520 AND 7908619 ORDER BY c
	Sort  (cost=388.48..388.72 rows=99 width=121)
	  Sort Key: c
	  ->  Index Scan using sbtest8_pkey on sbtest8  (cost=0.43..385.20 rows=99 width=121)
	        Index Cond: ((id >= 7908520) AND (id <= 7908619))

for: simple_ranges
table 1 : explain SELECT c FROM sbtest1 WHERE id BETWEEN 2645276 AND 2645375
	Index Scan using sbtest1_pkey on sbtest1  (cost=0.43..387.18 rows=99 width=121)
	  Index Cond: ((id >= 2645276) AND (id <= 2645375))

table 2 : explain SELECT c FROM sbtest2 WHERE id BETWEEN 5923192 AND 5923291
	Index Scan using sbtest2_pkey on sbtest2  (cost=0.43..355.47 rows=91 width=121)
	  Index Cond: ((id >= 5923192) AND (id <= 5923291))

table 3 : explain SELECT c FROM sbtest3 WHERE id BETWEEN 2155875 AND 2155974
	Index Scan using sbtest3_pkey on sbtest3  (cost=0.43..407.11 rows=104 width=121)
	  Index Cond: ((id >= 2155875) AND (id <= 2155974))

table 4 : explain SELECT c FROM sbtest4 WHERE id BETWEEN 7290687 AND 7290786
	Index Scan using sbtest4_pkey on sbtest4  (cost=0.43..405.49 rows=104 width=121)
	  Index Cond: ((id >= 7290687) AND (id <= 7290786))

table 5 : explain SELECT c FROM sbtest5 WHERE id BETWEEN 1670307 AND 1670406
	Index Scan using sbtest5_pkey on sbtest5  (cost=0.43..397.22 rows=102 width=121)
	  Index Cond: ((id >= 1670307) AND (id <= 1670406))

table 6 : explain SELECT c FROM sbtest6 WHERE id BETWEEN 3411237 AND 3411336
	Index Scan using sbtest6_pkey on sbtest6  (cost=0.43..386.06 rows=99 width=121)
	  Index Cond: ((id >= 3411237) AND (id <= 3411336))

table 7 : explain SELECT c FROM sbtest7 WHERE id BETWEEN 3369834 AND 3369933
	Index Scan using sbtest7_pkey on sbtest7  (cost=0.43..384.83 rows=99 width=121)
	  Index Cond: ((id >= 3369834) AND (id <= 3369933))

table 8 : explain SELECT c FROM sbtest8 WHERE id BETWEEN 2406065 AND 2406164
	Index Scan using sbtest8_pkey on sbtest8  (cost=0.43..389.08 rows=100 width=121)
	  Index Cond: ((id >= 2406065) AND (id <= 2406164))

for: distinct_ranges
table 1 : explain SELECT DISTINCT c FROM sbtest1 WHERE id BETWEEN 9145797 AND 9145896 ORDER BY c
	Unique  (cost=390.47..390.96 rows=99 width=121)
	  ->  Sort  (cost=390.47..390.71 rows=99 width=121)
	        Sort Key: c
	        ->  Index Scan using sbtest1_pkey on sbtest1  (cost=0.43..387.18 rows=99 width=121)
	              Index Cond: ((id >= 9145797) AND (id <= 9145896))

table 2 : explain SELECT DISTINCT c FROM sbtest2 WHERE id BETWEEN 4802500 AND 4802599 ORDER BY c
	Unique  (cost=381.80..382.29 rows=97 width=121)
	  ->  Sort  (cost=381.80..382.05 rows=97 width=121)
	        Sort Key: c
	        ->  Index Scan using sbtest2_pkey on sbtest2  (cost=0.43..378.60 rows=97 width=121)
	              Index Cond: ((id >= 4802500) AND (id <= 4802599))

table 3 : explain SELECT DISTINCT c FROM sbtest3 WHERE id BETWEEN 5567765 AND 5567864 ORDER BY c
	Unique  (cost=383.19..383.67 rows=97 width=121)
	  ->  Sort  (cost=383.19..383.43 rows=97 width=121)
	        Sort Key: c
	        ->  Index Scan using sbtest3_pkey on sbtest3  (cost=0.43..379.99 rows=97 width=121)
	              Index Cond: ((id >= 5567765) AND (id <= 5567864))

table 4 : explain SELECT DISTINCT c FROM sbtest4 WHERE id BETWEEN 1624951 AND 1625050 ORDER BY c
	Unique  (cost=420.65..421.19 rows=107 width=121)
	  ->  Sort  (cost=420.65..420.92 rows=107 width=121)
	        Sort Key: c
	        ->  Index Scan using sbtest4_pkey on sbtest4  (cost=0.43..417.05 rows=107 width=121)
	              Index Cond: ((id >= 1624951) AND (id <= 1625050))

table 5 : explain SELECT DISTINCT c FROM sbtest5 WHERE id BETWEEN 4156429 AND 4156528 ORDER BY c
	Unique  (cost=408.40..408.92 rows=104 width=121)
	  ->  Sort  (cost=408.40..408.66 rows=104 width=121)
	        Sort Key: c
	        ->  Index Scan using sbtest5_pkey on sbtest5  (cost=0.43..404.92 rows=104 width=121)
	              Index Cond: ((id >= 4156429) AND (id <= 4156528))

table 6 : explain SELECT DISTINCT c FROM sbtest6 WHERE id BETWEEN 9249836 AND 9249935 ORDER BY c
	Unique  (cost=385.45..385.94 rows=98 width=121)
	  ->  Sort  (cost=385.45..385.69 rows=98 width=121)
	        Sort Key: c
	        ->  Index Scan using sbtest6_pkey on sbtest6  (cost=0.43..382.21 rows=98 width=121)
	              Index Cond: ((id >= 9249836) AND (id <= 9249935))

table 7 : explain SELECT DISTINCT c FROM sbtest7 WHERE id BETWEEN 2483300 AND 2483399 ORDER BY c
	Unique  (cost=419.20..419.74 rows=107 width=121)
	  ->  Sort  (cost=419.20..419.47 rows=107 width=121)
	        Sort Key: c
	        ->  Index Scan using sbtest7_pkey on sbtest7  (cost=0.43..415.60 rows=107 width=121)
	              Index Cond: ((id >= 2483300) AND (id <= 2483399))

table 8 : explain SELECT DISTINCT c FROM sbtest8 WHERE id BETWEEN 2122752 AND 2122851 ORDER BY c
	Unique  (cost=369.06..369.53 rows=94 width=121)
	  ->  Sort  (cost=369.06..369.29 rows=94 width=121)
	        Sort Key: c
	        ->  Index Scan using sbtest8_pkey on sbtest8  (cost=0.43..365.98 rows=94 width=121)
	              Index Cond: ((id >= 2122752) AND (id <= 2122851))

explain: for deletes :: explain DELETE FROM sbtest%u WHERE id=%u
for non_index_updates
table 1 : explain UPDATE sbtest1 SET c='foobar' WHERE id=4148805
	Update on sbtest1  (cost=0.43..8.45 rows=0 width=0)
	  ->  Index Scan using sbtest1_pkey on sbtest1  (cost=0.43..8.45 rows=1 width=490)
	        Index Cond: (id = 4148805)

table 2 : explain UPDATE sbtest2 SET c='foobar' WHERE id=7436525
	Update on sbtest2  (cost=0.43..8.45 rows=0 width=0)
	  ->  Index Scan using sbtest2_pkey on sbtest2  (cost=0.43..8.45 rows=1 width=490)
	        Index Cond: (id = 7436525)

table 3 : explain UPDATE sbtest3 SET c='foobar' WHERE id=8617201
	Update on sbtest3  (cost=0.43..8.45 rows=0 width=0)
	  ->  Index Scan using sbtest3_pkey on sbtest3  (cost=0.43..8.45 rows=1 width=490)
	        Index Cond: (id = 8617201)

table 4 : explain UPDATE sbtest4 SET c='foobar' WHERE id=7548140
	Update on sbtest4  (cost=0.43..8.45 rows=0 width=0)
	  ->  Index Scan using sbtest4_pkey on sbtest4  (cost=0.43..8.45 rows=1 width=490)
	        Index Cond: (id = 7548140)

table 5 : explain UPDATE sbtest5 SET c='foobar' WHERE id=1188314
	Update on sbtest5  (cost=0.43..8.45 rows=0 width=0)
	  ->  Index Scan using sbtest5_pkey on sbtest5  (cost=0.43..8.45 rows=1 width=490)
	        Index Cond: (id = 1188314)

table 6 : explain UPDATE sbtest6 SET c='foobar' WHERE id=9939705
	Update on sbtest6  (cost=0.43..8.45 rows=0 width=0)
	  ->  Index Scan using sbtest6_pkey on sbtest6  (cost=0.43..8.45 rows=1 width=490)
	        Index Cond: (id = 9939705)

table 7 : explain UPDATE sbtest7 SET c='foobar' WHERE id=8151313
	Update on sbtest7  (cost=0.43..8.45 rows=0 width=0)
	  ->  Index Scan using sbtest7_pkey on sbtest7  (cost=0.43..8.45 rows=1 width=490)
	        Index Cond: (id = 8151313)

table 8 : explain UPDATE sbtest8 SET c='foobar' WHERE id=4198061
	Update on sbtest8  (cost=0.43..8.45 rows=0 width=0)
	  ->  Index Scan using sbtest8_pkey on sbtest8  (cost=0.43..8.45 rows=1 width=490)
	        Index Cond: (id = 4198061)

explain: for index_updates :: explain UPDATE sbtest%u SET k=k+1 WHERE id=%u
for index_updates
table 1 : explain UPDATE sbtest1 SET k=k+1 WHERE id=3664631
	Update on sbtest1  (cost=0.43..8.46 rows=0 width=0)
	  ->  Index Scan using sbtest1_pkey on sbtest1  (cost=0.43..8.46 rows=1 width=10)
	        Index Cond: (id = 3664631)

table 2 : explain UPDATE sbtest2 SET k=k+1 WHERE id=1092651
	Update on sbtest2  (cost=0.43..8.46 rows=0 width=0)
	  ->  Index Scan using sbtest2_pkey on sbtest2  (cost=0.43..8.46 rows=1 width=10)
	        Index Cond: (id = 1092651)

table 3 : explain UPDATE sbtest3 SET k=k+1 WHERE id=3942414
	Update on sbtest3  (cost=0.43..8.46 rows=0 width=0)
	  ->  Index Scan using sbtest3_pkey on sbtest3  (cost=0.43..8.46 rows=1 width=10)
	        Index Cond: (id = 3942414)

table 4 : explain UPDATE sbtest4 SET k=k+1 WHERE id=8274290
	Update on sbtest4  (cost=0.43..8.46 rows=0 width=0)
	  ->  Index Scan using sbtest4_pkey on sbtest4  (cost=0.43..8.46 rows=1 width=10)
	        Index Cond: (id = 8274290)

table 5 : explain UPDATE sbtest5 SET k=k+1 WHERE id=5143734
	Update on sbtest5  (cost=0.43..8.46 rows=0 width=0)
	  ->  Index Scan using sbtest5_pkey on sbtest5  (cost=0.43..8.46 rows=1 width=10)
	        Index Cond: (id = 5143734)

table 6 : explain UPDATE sbtest6 SET k=k+1 WHERE id=7154655
	Update on sbtest6  (cost=0.43..8.46 rows=0 width=0)
	  ->  Index Scan using sbtest6_pkey on sbtest6  (cost=0.43..8.46 rows=1 width=10)
	        Index Cond: (id = 7154655)

table 7 : explain UPDATE sbtest7 SET k=k+1 WHERE id=1838743
	Update on sbtest7  (cost=0.43..8.46 rows=0 width=0)
	  ->  Index Scan using sbtest7_pkey on sbtest7  (cost=0.43..8.46 rows=1 width=10)
	        Index Cond: (id = 1838743)

table 8 : explain UPDATE sbtest8 SET k=k+1 WHERE id=4667874
	Update on sbtest8  (cost=0.43..8.46 rows=0 width=0)
	  ->  Index Scan using sbtest8_pkey on sbtest8  (cost=0.43..8.46 rows=1 width=10)
	        Index Cond: (id = 4667874)

explain: for deletes :: explain DELETE FROM sbtest%u WHERE id=%u
for deletes
table 1 : explain DELETE FROM sbtest1 WHERE id=5913354
	Delete on sbtest1  (cost=0.43..8.45 rows=0 width=0)
	  ->  Index Scan using sbtest1_pkey on sbtest1  (cost=0.43..8.45 rows=1 width=6)
	        Index Cond: (id = 5913354)

table 2 : explain DELETE FROM sbtest2 WHERE id=3096860
	Delete on sbtest2  (cost=0.43..8.45 rows=0 width=0)
	  ->  Index Scan using sbtest2_pkey on sbtest2  (cost=0.43..8.45 rows=1 width=6)
	        Index Cond: (id = 3096860)

table 3 : explain DELETE FROM sbtest3 WHERE id=119383
	Delete on sbtest3  (cost=0.43..8.45 rows=0 width=0)
	  ->  Index Scan using sbtest3_pkey on sbtest3  (cost=0.43..8.45 rows=1 width=6)
	        Index Cond: (id = 119383)

table 4 : explain DELETE FROM sbtest4 WHERE id=7650279
	Delete on sbtest4  (cost=0.43..8.45 rows=0 width=0)
	  ->  Index Scan using sbtest4_pkey on sbtest4  (cost=0.43..8.45 rows=1 width=6)
	        Index Cond: (id = 7650279)

table 5 : explain DELETE FROM sbtest5 WHERE id=7575490
	Delete on sbtest5  (cost=0.43..8.45 rows=0 width=0)
	  ->  Index Scan using sbtest5_pkey on sbtest5  (cost=0.43..8.45 rows=1 width=6)
	        Index Cond: (id = 7575490)

table 6 : explain DELETE FROM sbtest6 WHERE id=6327760
	Delete on sbtest6  (cost=0.43..8.45 rows=0 width=0)
	  ->  Index Scan using sbtest6_pkey on sbtest6  (cost=0.43..8.45 rows=1 width=6)
	        Index Cond: (id = 6327760)

table 7 : explain DELETE FROM sbtest7 WHERE id=1523075
	Delete on sbtest7  (cost=0.43..8.45 rows=0 width=0)
	  ->  Index Scan using sbtest7_pkey on sbtest7  (cost=0.43..8.45 rows=1 width=6)
	        Index Cond: (id = 1523075)

table 8 : explain DELETE FROM sbtest8 WHERE id=5209520
	Delete on sbtest8  (cost=0.43..8.45 rows=0 width=0)
	  ->  Index Scan using sbtest8_pkey on sbtest8  (cost=0.43..8.45 rows=1 width=6)
	        Index Cond: (id = 5209520)

for: sum_ranges
table 1 : explain SELECT SUM(k) FROM sbtest1 WHERE id BETWEEN 2445901 AND 2446000
	Aggregate  (cost=383.57..383.58 rows=1 width=8)
	  ->  Index Scan using sbtest1_pkey on sbtest1  (cost=0.43..383.32 rows=98 width=4)
	        Index Cond: ((id >= 2445901) AND (id <= 2446000))

table 2 : explain SELECT SUM(k) FROM sbtest2 WHERE id BETWEEN 4240458 AND 4240557
	Aggregate  (cost=355.70..355.71 rows=1 width=8)
	  ->  Index Scan using sbtest2_pkey on sbtest2  (cost=0.43..355.47 rows=91 width=4)
	        Index Cond: ((id >= 4240458) AND (id <= 4240557))

table 3 : explain SELECT SUM(k) FROM sbtest3 WHERE id BETWEEN 7128870 AND 7128969
	Aggregate  (cost=395.72..395.73 rows=1 width=8)
	  ->  Index Scan using sbtest3_pkey on sbtest3  (cost=0.43..395.46 rows=101 width=4)
	        Index Cond: ((id >= 7128870) AND (id <= 7128969))

table 4 : explain SELECT SUM(k) FROM sbtest4 WHERE id BETWEEN 49415 AND 49514
	Aggregate  (cost=386.43..386.44 rows=1 width=8)
	  ->  Index Scan using sbtest4_pkey on sbtest4  (cost=0.43..386.18 rows=99 width=4)
	        Index Cond: ((id >= 49415) AND (id <= 49514))

table 5 : explain SELECT SUM(k) FROM sbtest5 WHERE id BETWEEN 9618507 AND 9618606
	Aggregate  (cost=378.18..378.19 rows=1 width=8)
	  ->  Index Scan using sbtest5_pkey on sbtest5  (cost=0.43..377.94 rows=97 width=4)
	        Index Cond: ((id >= 9618507) AND (id <= 9618606))

table 6 : explain SELECT SUM(k) FROM sbtest6 WHERE id BETWEEN 3092332 AND 3092431
	Aggregate  (cost=382.45..382.46 rows=1 width=8)
	  ->  Index Scan using sbtest6_pkey on sbtest6  (cost=0.43..382.21 rows=98 width=4)
	        Index Cond: ((id >= 3092332) AND (id <= 3092431))

table 7 : explain SELECT SUM(k) FROM sbtest7 WHERE id BETWEEN 2668635 AND 2668734
	Aggregate  (cost=354.34..354.35 rows=1 width=8)
	  ->  Index Scan using sbtest7_pkey on sbtest7  (cost=0.43..354.12 rows=91 width=4)
	        Index Cond: ((id >= 2668635) AND (id <= 2668734))

table 8 : explain SELECT SUM(k) FROM sbtest8 WHERE id BETWEEN 9207623 AND 9207722
	Aggregate  (cost=397.03..397.04 rows=1 width=8)
	  ->  Index Scan using sbtest8_pkey on sbtest8  (cost=0.43..396.77 rows=102 width=4)
	        Index Cond: ((id >= 9207623) AND (id <= 9207722))

explain: for non_index_updates :: explain UPDATE sbtest%u SET c='foobar' WHERE id=%u
for: order_ranges
table 1 : explain SELECT c FROM sbtest1 WHERE id BETWEEN 7798799 AND 7798898 ORDER BY c
	Sort  (cost=429.55..429.82 rows=109 width=121)
	  Sort Key: c
	  ->  Index Scan using sbtest1_pkey on sbtest1  (cost=0.43..425.86 rows=109 width=121)
	        Index Cond: ((id >= 7798799) AND (id <= 7798898))

table 2 : explain SELECT c FROM sbtest2 WHERE id BETWEEN 9011610 AND 9011709 ORDER BY c
	Sort  (cost=385.70..385.94 rows=98 width=121)
	  Sort Key: c
	  ->  Index Scan using sbtest2_pkey on sbtest2  (cost=0.43..382.46 rows=98 width=121)
	        Index Cond: ((id >= 9011610) AND (id <= 9011709))

table 3 : explain SELECT c FROM sbtest3 WHERE id BETWEEN 8641193 AND 8641292 ORDER BY c
	Sort  (cost=414.50..414.77 rows=105 width=121)
	  Sort Key: c
	  ->  Index Scan using sbtest3_pkey on sbtest3  (cost=0.43..410.98 rows=105 width=121)
	        Index Cond: ((id >= 8641193) AND (id <= 8641292))

table 4 : explain SELECT c FROM sbtest4 WHERE id BETWEEN 9879616 AND 9879715 ORDER BY c
	Sort  (cost=444.02..444.30 rows=113 width=121)
	  Sort Key: c
	  ->  Index Scan using sbtest4_pkey on sbtest4  (cost=0.43..440.17 rows=113 width=121)
	        Index Cond: ((id >= 9879616) AND (id <= 9879715))

table 5 : explain SELECT c FROM sbtest5 WHERE id BETWEEN 8335393 AND 8335492 ORDER BY c
	Sort  (cost=377.25..377.49 rows=96 width=121)
	  Sort Key: c
	  ->  Index Scan using sbtest5_pkey on sbtest5  (cost=0.43..374.09 rows=96 width=121)
	        Index Cond: ((id >= 8335393) AND (id <= 8335492))

table 6 : explain SELECT c FROM sbtest6 WHERE id BETWEEN 4953856 AND 4953955 ORDER BY c
	Sort  (cost=385.45..385.69 rows=98 width=121)
	  Sort Key: c
	  ->  Index Scan using sbtest6_pkey on sbtest6  (cost=0.43..382.21 rows=98 width=121)
	        Index Cond: ((id >= 4953856) AND (id <= 4953955))

table 7 : explain SELECT c FROM sbtest7 WHERE id BETWEEN 77846 AND 77945 ORDER BY c
	Sort  (cost=380.36..380.60 rows=97 width=121)
	  Sort Key: c
	  ->  Index Scan using sbtest7_pkey on sbtest7  (cost=0.43..377.16 rows=97 width=121)
	        Index Cond: ((id >= 77846) AND (id <= 77945))

table 8 : explain SELECT c FROM sbtest8 WHERE id BETWEEN 9642269 AND 9642368 ORDER BY c
	Sort  (cost=365.18..365.41 rows=93 width=121)
	  Sort Key: c
	  ->  Index Scan using sbtest8_pkey on sbtest8  (cost=0.43..362.14 rows=93 width=121)
	        Index Cond: ((id >= 9642269) AND (id <= 9642368))

for deletes
table 1 : explain DELETE FROM sbtest1 WHERE id=2041028
	Delete on sbtest1  (cost=0.43..8.45 rows=0 width=0)
	  ->  Index Scan using sbtest1_pkey on sbtest1  (cost=0.43..8.45 rows=1 width=6)
	        Index Cond: (id = 2041028)

table 2 : explain DELETE FROM sbtest2 WHERE id=9587997
	Delete on sbtest2  (cost=0.43..8.45 rows=0 width=0)
	  ->  Index Scan using sbtest2_pkey on sbtest2  (cost=0.43..8.45 rows=1 width=6)
	        Index Cond: (id = 9587997)

table 3 : explain DELETE FROM sbtest3 WHERE id=9863905
	Delete on sbtest3  (cost=0.43..8.45 rows=0 width=0)
	  ->  Index Scan using sbtest3_pkey on sbtest3  (cost=0.43..8.45 rows=1 width=6)
	        Index Cond: (id = 9863905)

table 4 : explain DELETE FROM sbtest4 WHERE id=5082239
	Delete on sbtest4  (cost=0.43..8.45 rows=0 width=0)
	  ->  Index Scan using sbtest4_pkey on sbtest4  (cost=0.43..8.45 rows=1 width=6)
	        Index Cond: (id = 5082239)

table 5 : explain DELETE FROM sbtest5 WHERE id=3042247
	Delete on sbtest5  (cost=0.43..8.45 rows=0 width=0)
	  ->  Index Scan using sbtest5_pkey on sbtest5  (cost=0.43..8.45 rows=1 width=6)
	        Index Cond: (id = 3042247)

table 6 : explain DELETE FROM sbtest6 WHERE id=1488672
	Delete on sbtest6  (cost=0.43..8.45 rows=0 width=0)
	  ->  Index Scan using sbtest6_pkey on sbtest6  (cost=0.43..8.45 rows=1 width=6)
	        Index Cond: (id = 1488672)

table 7 : explain DELETE FROM sbtest7 WHERE id=8508245
	Delete on sbtest7  (cost=0.43..8.45 rows=0 width=0)
	  ->  Index Scan using sbtest7_pkey on sbtest7  (cost=0.43..8.45 rows=1 width=6)
	        Index Cond: (id = 8508245)

table 8 : explain DELETE FROM sbtest8 WHERE id=3730413
	Delete on sbtest8  (cost=0.43..8.45 rows=0 width=0)
	  ->  Index Scan using sbtest8_pkey on sbtest8  (cost=0.43..8.45 rows=1 width=6)
	        Index Cond: (id = 3730413)

for: order_ranges
table 1 : explain SELECT c FROM sbtest1 WHERE id BETWEEN 9511547 AND 9511646 ORDER BY c
	Sort  (cost=406.12..406.38 rows=103 width=121)
	  Sort Key: c
	  ->  Index Scan using sbtest1_pkey on sbtest1  (cost=0.43..402.68 rows=103 width=121)
	        Index Cond: ((id >= 9511547) AND (id <= 9511646))

table 2 : explain SELECT c FROM sbtest2 WHERE id BETWEEN 8618571 AND 8618670 ORDER BY c
	Sort  (cost=366.22..366.46 rows=93 width=121)
	  Sort Key: c
	  ->  Index Scan using sbtest2_pkey on sbtest2  (cost=0.43..363.18 rows=93 width=121)
	        Index Cond: ((id >= 8618571) AND (id <= 8618670))

table 3 : explain SELECT c FROM sbtest3 WHERE id BETWEEN 6469027 AND 6469126 ORDER BY c
	Sort  (cost=379.28..379.52 rows=96 width=121)
	  Sort Key: c
	  ->  Index Scan using sbtest3_pkey on sbtest3  (cost=0.43..376.12 rows=96 width=121)
	        Index Cond: ((id >= 6469027) AND (id <= 6469126))

table 4 : explain SELECT c FROM sbtest4 WHERE id BETWEEN 9686994 AND 9687093 ORDER BY c
	Sort  (cost=393.35..393.60 rows=100 width=121)
	  Sort Key: c
	  ->  Index Scan using sbtest4_pkey on sbtest4  (cost=0.43..390.03 rows=100 width=121)
	        Index Cond: ((id >= 9686994) AND (id <= 9687093))

table 5 : explain SELECT c FROM sbtest5 WHERE id BETWEEN 6883318 AND 6883417 ORDER BY c
	Sort  (cost=416.18..416.45 rows=106 width=121)
	  Sort Key: c
	  ->  Index Scan using sbtest5_pkey on sbtest5  (cost=0.43..412.62 rows=106 width=121)
	        Index Cond: ((id >= 6883318) AND (id <= 6883417))

table 6 : explain SELECT c FROM sbtest6 WHERE id BETWEEN 5336069 AND 5336168 ORDER BY c
	Sort  (cost=369.88..370.11 rows=94 width=121)
	  Sort Key: c
	  ->  Index Scan using sbtest6_pkey on sbtest6  (cost=0.43..366.80 rows=94 width=121)
	        Index Cond: ((id >= 5336069) AND (id <= 5336168))

table 7 : explain SELECT c FROM sbtest7 WHERE id BETWEEN 7461458 AND 7461557 ORDER BY c
	Sort  (cost=376.48..376.72 rows=96 width=121)
	  Sort Key: c
	  ->  Index Scan using sbtest7_pkey on sbtest7  (cost=0.43..373.32 rows=96 width=121)
	        Index Cond: ((id >= 7461458) AND (id <= 7461557))

table 8 : explain SELECT c FROM sbtest8 WHERE id BETWEEN 9594154 AND 9594253 ORDER BY c
	Sort  (cost=392.41..392.66 rows=100 width=121)
	  Sort Key: c
	  ->  Index Scan using sbtest8_pkey on sbtest8  (cost=0.43..389.08 rows=100 width=121)
	        Index Cond: ((id >= 9594154) AND (id <= 9594253))

for index_updates
table 1 : explain UPDATE sbtest1 SET k=k+1 WHERE id=7582789
	Update on sbtest1  (cost=0.43..8.46 rows=0 width=0)
	  ->  Index Scan using sbtest1_pkey on sbtest1  (cost=0.43..8.46 rows=1 width=10)
	        Index Cond: (id = 7582789)

table 2 : explain UPDATE sbtest2 SET k=k+1 WHERE id=746597
	Update on sbtest2  (cost=0.43..8.46 rows=0 width=0)
	  ->  Index Scan using sbtest2_pkey on sbtest2  (cost=0.43..8.46 rows=1 width=10)
	        Index Cond: (id = 746597)

table 3 : explain UPDATE sbtest3 SET k=k+1 WHERE id=3856793
	Update on sbtest3  (cost=0.43..8.46 rows=0 width=0)
	  ->  Index Scan using sbtest3_pkey on sbtest3  (cost=0.43..8.46 rows=1 width=10)
	        Index Cond: (id = 3856793)

table 4 : explain UPDATE sbtest4 SET k=k+1 WHERE id=581724
	Update on sbtest4  (cost=0.43..8.46 rows=0 width=0)
	  ->  Index Scan using sbtest4_pkey on sbtest4  (cost=0.43..8.46 rows=1 width=10)
	        Index Cond: (id = 581724)

table 5 : explain UPDATE sbtest5 SET k=k+1 WHERE id=4963428
	Update on sbtest5  (cost=0.43..8.46 rows=0 width=0)
	  ->  Index Scan using sbtest5_pkey on sbtest5  (cost=0.43..8.46 rows=1 width=10)
	        Index Cond: (id = 4963428)

table 6 : explain UPDATE sbtest6 SET k=k+1 WHERE id=3992677
	Update on sbtest6  (cost=0.43..8.46 rows=0 width=0)
	  ->  Index Scan using sbtest6_pkey on sbtest6  (cost=0.43..8.46 rows=1 width=10)
	        Index Cond: (id = 3992677)

table 7 : explain UPDATE sbtest7 SET k=k+1 WHERE id=7405851
	Update on sbtest7  (cost=0.43..8.46 rows=0 width=0)
	  ->  Index Scan using sbtest7_pkey on sbtest7  (cost=0.43..8.46 rows=1 width=10)
	        Index Cond: (id = 7405851)

table 8 : explain UPDATE sbtest8 SET k=k+1 WHERE id=401699
	Update on sbtest8  (cost=0.43..8.46 rows=0 width=0)
	  ->  Index Scan using sbtest8_pkey on sbtest8  (cost=0.43..8.46 rows=1 width=10)
	        Index Cond: (id = 401699)

explain: for inserts :: explain INSERT INTO sbtest%u (id, k, c, pad) VALUES (%u, 13, 'foobar', 'foobar')
for: sum_ranges
table 1 : explain SELECT SUM(k) FROM sbtest1 WHERE id BETWEEN 2631288 AND 2631387
	Aggregate  (cost=387.43..387.44 rows=1 width=8)
	  ->  Index Scan using sbtest1_pkey on sbtest1  (cost=0.43..387.18 rows=99 width=4)
	        Index Cond: ((id >= 2631288) AND (id <= 2631387))

table 2 : explain SELECT SUM(k) FROM sbtest2 WHERE id BETWEEN 9088434 AND 9088533
	Aggregate  (cost=417.46..417.47 rows=1 width=8)
	  ->  Index Scan using sbtest2_pkey on sbtest2  (cost=0.43..417.19 rows=107 width=4)
	        Index Cond: ((id >= 9088434) AND (id <= 9088533))

table 3 : explain SELECT SUM(k) FROM sbtest3 WHERE id BETWEEN 4062923 AND 4063022
	Aggregate  (cost=384.10..384.11 rows=1 width=8)
	  ->  Index Scan using sbtest3_pkey on sbtest3  (cost=0.43..383.86 rows=98 width=4)
	        Index Cond: ((id >= 4062923) AND (id <= 4063022))

table 4 : explain SELECT SUM(k) FROM sbtest4 WHERE id BETWEEN 8420916 AND 8421015
	Aggregate  (cost=363.29..363.30 rows=1 width=8)
	  ->  Index Scan using sbtest4_pkey on sbtest4  (cost=0.43..363.06 rows=93 width=4)
	        Index Cond: ((id >= 8420916) AND (id <= 8421015))

table 5 : explain SELECT SUM(k) FROM sbtest5 WHERE id BETWEEN 9379644 AND 9379743
	Aggregate  (cost=389.74..389.75 rows=1 width=8)
	  ->  Index Scan using sbtest5_pkey on sbtest5  (cost=0.43..389.49 rows=100 width=4)
	        Index Cond: ((id >= 9379644) AND (id <= 9379743))

table 6 : explain SELECT SUM(k) FROM sbtest6 WHERE id BETWEEN 3093491 AND 3093590
	Aggregate  (cost=382.45..382.46 rows=1 width=8)
	  ->  Index Scan using sbtest6_pkey on sbtest6  (cost=0.43..382.21 rows=98 width=4)
	        Index Cond: ((id >= 3093491) AND (id <= 3093590))

table 7 : explain SELECT SUM(k) FROM sbtest7 WHERE id BETWEEN 4388632 AND 4388731
	Aggregate  (cost=369.71..369.72 rows=1 width=8)
	  ->  Index Scan using sbtest7_pkey on sbtest7  (cost=0.43..369.48 rows=95 width=4)
	        Index Cond: ((id >= 4388632) AND (id <= 4388731))

table 8 : explain SELECT SUM(k) FROM sbtest8 WHERE id BETWEEN 704061 AND 704160
	Aggregate  (cost=377.75..377.76 rows=1 width=8)
	  ->  Index Scan using sbtest8_pkey on sbtest8  (cost=0.43..377.51 rows=97 width=4)
	        Index Cond: ((id >= 704061) AND (id <= 704160))

for non_index_updates
table 1 : explain UPDATE sbtest1 SET c='foobar' WHERE id=6819521
	Update on sbtest1  (cost=0.43..8.45 rows=0 width=0)
	  ->  Index Scan using sbtest1_pkey on sbtest1  (cost=0.43..8.45 rows=1 width=490)
	        Index Cond: (id = 6819521)

table 2 : explain UPDATE sbtest2 SET c='foobar' WHERE id=3274123
	Update on sbtest2  (cost=0.43..8.45 rows=0 width=0)
	  ->  Index Scan using sbtest2_pkey on sbtest2  (cost=0.43..8.45 rows=1 width=490)
	        Index Cond: (id = 3274123)

table 3 : explain UPDATE sbtest3 SET c='foobar' WHERE id=5731532
	Update on sbtest3  (cost=0.43..8.45 rows=0 width=0)
	  ->  Index Scan using sbtest3_pkey on sbtest3  (cost=0.43..8.45 rows=1 width=490)
	        Index Cond: (id = 5731532)

table 4 : explain UPDATE sbtest4 SET c='foobar' WHERE id=2330298
	Update on sbtest4  (cost=0.43..8.45 rows=0 width=0)
	  ->  Index Scan using sbtest4_pkey on sbtest4  (cost=0.43..8.45 rows=1 width=490)
	        Index Cond: (id = 2330298)

table 5 : explain UPDATE sbtest5 SET c='foobar' WHERE id=4425652
	Update on sbtest5  (cost=0.43..8.45 rows=0 width=0)
	  ->  Index Scan using sbtest5_pkey on sbtest5  (cost=0.43..8.45 rows=1 width=490)
	        Index Cond: (id = 4425652)

table 6 : explain UPDATE sbtest6 SET c='foobar' WHERE id=4776526
	Update on sbtest6  (cost=0.43..8.45 rows=0 width=0)
	  ->  Index Scan using sbtest6_pkey on sbtest6  (cost=0.43..8.45 rows=1 width=490)
	        Index Cond: (id = 4776526)

table 7 : explain UPDATE sbtest7 SET c='foobar' WHERE id=352280
	Update on sbtest7  (cost=0.43..8.45 rows=0 width=0)
	  ->  Index Scan using sbtest7_pkey on sbtest7  (cost=0.43..8.45 rows=1 width=490)
	        Index Cond: (id = 352280)

table 8 : explain UPDATE sbtest8 SET c='foobar' WHERE id=911889
	Update on sbtest8  (cost=0.43..8.45 rows=0 width=0)
	  ->  Index Scan using sbtest8_pkey on sbtest8  (cost=0.43..8.45 rows=1 width=490)
	        Index Cond: (id = 911889)

explain: for non_index_updates :: explain UPDATE sbtest%u SET c='foobar' WHERE id=%u
for: order_ranges
table 1 : explain SELECT c FROM sbtest1 WHERE id BETWEEN 8198579 AND 8198678 ORDER BY c
	Sort  (cost=406.12..406.38 rows=103 width=121)
	  Sort Key: c
	  ->  Index Scan using sbtest1_pkey on sbtest1  (cost=0.43..402.68 rows=103 width=121)
	        Index Cond: ((id >= 8198579) AND (id <= 8198678))

table 2 : explain SELECT c FROM sbtest2 WHERE id BETWEEN 3726399 AND 3726498 ORDER BY c
	Sort  (cost=428.59..428.86 rows=109 width=121)
	  Sort Key: c
	  ->  Index Scan using sbtest2_pkey on sbtest2  (cost=0.43..424.90 rows=109 width=121)
	        Index Cond: ((id >= 3726399) AND (id <= 3726498))

table 3 : explain SELECT c FROM sbtest3 WHERE id BETWEEN 2924756 AND 2924855 ORDER BY c
	Sort  (cost=402.77..403.03 rows=102 width=121)
	  Sort Key: c
	  ->  Index Scan using sbtest3_pkey on sbtest3  (cost=0.43..399.37 rows=102 width=121)
	        Index Cond: ((id >= 2924756) AND (id <= 2924855))

table 4 : explain SELECT c FROM sbtest4 WHERE id BETWEEN 6493414 AND 6493513 ORDER BY c
	Sort  (cost=416.76..417.02 rows=106 width=121)
	  Sort Key: c
	  ->  Index Scan using sbtest4_pkey on sbtest4  (cost=0.43..413.19 rows=106 width=121)
	        Index Cond: ((id >= 6493414) AND (id <= 6493513))

table 5 : explain SELECT c FROM sbtest5 WHERE id BETWEEN 4304695 AND 4304794 ORDER BY c
	Sort  (cost=388.92..389.17 rows=99 width=121)
	  Sort Key: c
	  ->  Index Scan using sbtest5_pkey on sbtest5  (cost=0.43..385.64 rows=99 width=121)
	        Index Cond: ((id >= 4304695) AND (id <= 4304794))

table 6 : explain SELECT c FROM sbtest6 WHERE id BETWEEN 4370028 AND 4370127 ORDER BY c
	Sort  (cost=420.52..420.79 rows=107 width=121)
	  Sort Key: c
	  ->  Index Scan using sbtest6_pkey on sbtest6  (cost=0.43..416.92 rows=107 width=121)
	        Index Cond: ((id >= 4370028) AND (id <= 4370127))

table 7 : explain SELECT c FROM sbtest7 WHERE id BETWEEN 488066 AND 488165 ORDER BY c
	Sort  (cost=426.97..427.24 rows=109 width=121)
	  Sort Key: c
	  ->  Index Scan using sbtest7_pkey on sbtest7  (cost=0.43..423.28 rows=109 width=121)
	        Index Cond: ((id >= 488066) AND (id <= 488165))

table 8 : explain SELECT c FROM sbtest8 WHERE id BETWEEN 8870395 AND 8870494 ORDER BY c
	Sort  (cost=384.59..384.84 rows=98 width=121)
	  Sort Key: c
	  ->  Index Scan using sbtest8_pkey on sbtest8  (cost=0.43..381.35 rows=98 width=121)
	        Index Cond: ((id >= 8870395) AND (id <= 8870494))

for inserts
table 1 : explain INSERT INTO sbtest1 (id, k, c, pad) VALUES (8390045, 13, 'foobar', 'foobar')
	Insert on sbtest1  (cost=0.00..0.01 rows=0 width=0)
	  ->  Result  (cost=0.00..0.01 rows=1 width=736)

table 2 : explain INSERT INTO sbtest2 (id, k, c, pad) VALUES (5961559, 13, 'foobar', 'foobar')
	Insert on sbtest2  (cost=0.00..0.01 rows=0 width=0)
	  ->  Result  (cost=0.00..0.01 rows=1 width=736)

table 3 : explain INSERT INTO sbtest3 (id, k, c, pad) VALUES (5026410, 13, 'foobar', 'foobar')
	Insert on sbtest3  (cost=0.00..0.01 rows=0 width=0)
	  ->  Result  (cost=0.00..0.01 rows=1 width=736)

table 4 : explain INSERT INTO sbtest4 (id, k, c, pad) VALUES (5970267, 13, 'foobar', 'foobar')
	Insert on sbtest4  (cost=0.00..0.01 rows=0 width=0)
	  ->  Result  (cost=0.00..0.01 rows=1 width=736)

table 5 : explain INSERT INTO sbtest5 (id, k, c, pad) VALUES (1103894, 13, 'foobar', 'foobar')
	Insert on sbtest5  (cost=0.00..0.01 rows=0 width=0)
	  ->  Result  (cost=0.00..0.01 rows=1 width=736)

table 6 : explain INSERT INTO sbtest6 (id, k, c, pad) VALUES (8396215, 13, 'foobar', 'foobar')
	Insert on sbtest6  (cost=0.00..0.01 rows=0 width=0)
	  ->  Result  (cost=0.00..0.01 rows=1 width=736)

table 7 : explain INSERT INTO sbtest7 (id, k, c, pad) VALUES (4293697, 13, 'foobar', 'foobar')
	Insert on sbtest7  (cost=0.00..0.01 rows=0 width=0)
	  ->  Result  (cost=0.00..0.01 rows=1 width=736)

table 8 : explain INSERT INTO sbtest8 (id, k, c, pad) VALUES (1218481, 13, 'foobar', 'foobar')
	Insert on sbtest8  (cost=0.00..0.01 rows=0 width=0)
	  ->  Result  (cost=0.00..0.01 rows=1 width=736)

explain: for deletes :: explain DELETE FROM sbtest%u WHERE id=%u
for: order_ranges
table 1 : explain SELECT c FROM sbtest1 WHERE id BETWEEN 2991772 AND 2991871 ORDER BY c
	Sort  (cost=413.93..414.19 rows=105 width=121)
	  Sort Key: c
	  ->  Index Scan using sbtest1_pkey on sbtest1  (cost=0.43..410.41 rows=105 width=121)
	        Index Cond: ((id >= 2991772) AND (id <= 2991871))

table 2 : explain SELECT c FROM sbtest2 WHERE id BETWEEN 3895538 AND 3895637 ORDER BY c
	Sort  (cost=397.38..397.64 rows=101 width=121)
	  Sort Key: c
	  ->  Index Scan using sbtest2_pkey on sbtest2  (cost=0.43..394.02 rows=101 width=121)
	        Index Cond: ((id >= 3895538) AND (id <= 3895637))

table 3 : explain SELECT c FROM sbtest3 WHERE id BETWEEN 7884212 AND 7884311 ORDER BY c
	Sort  (cost=367.55..367.78 rows=93 width=121)
	  Sort Key: c
	  ->  Index Scan using sbtest3_pkey on sbtest3  (cost=0.43..364.51 rows=93 width=121)
	        Index Cond: ((id >= 7884212) AND (id <= 7884311))

table 4 : explain SELECT c FROM sbtest4 WHERE id BETWEEN 9220405 AND 9220504 ORDER BY c
	Sort  (cost=377.78..378.02 rows=96 width=121)
	  Sort Key: c
	  ->  Index Scan using sbtest4_pkey on sbtest4  (cost=0.43..374.62 rows=96 width=121)
	        Index Cond: ((id >= 9220405) AND (id <= 9220504))

table 5 : explain SELECT c FROM sbtest5 WHERE id BETWEEN 9432614 AND 9432713 ORDER BY c
	Sort  (cost=377.25..377.49 rows=96 width=121)
	  Sort Key: c
	  ->  Index Scan using sbtest5_pkey on sbtest5  (cost=0.43..374.09 rows=96 width=121)
	        Index Cond: ((id >= 9432614) AND (id <= 9432713))

table 6 : explain SELECT c FROM sbtest6 WHERE id BETWEEN 8439285 AND 8439384 ORDER BY c
	Sort  (cost=393.23..393.48 rows=100 width=121)
	  Sort Key: c
	  ->  Index Scan using sbtest6_pkey on sbtest6  (cost=0.43..389.91 rows=100 width=121)
	        Index Cond: ((id >= 8439285) AND (id <= 8439384))

table 7 : explain SELECT c FROM sbtest7 WHERE id BETWEEN 4490258 AND 4490357 ORDER BY c
	Sort  (cost=395.92..396.17 rows=101 width=121)
	  Sort Key: c
	  ->  Index Scan using sbtest7_pkey on sbtest7  (cost=0.43..392.56 rows=101 width=121)
	        Index Cond: ((id >= 4490258) AND (id <= 4490357))

table 8 : explain SELECT c FROM sbtest8 WHERE id BETWEEN 6352752 AND 6352851 ORDER BY c
	Sort  (cost=423.48..423.75 rows=108 width=121)
	  Sort Key: c
	  ->  Index Scan using sbtest8_pkey on sbtest8  (cost=0.43..419.83 rows=108 width=121)
	        Index Cond: ((id >= 6352752) AND (id <= 6352851))

for: order_ranges
table 1 : explain SELECT c FROM sbtest1 WHERE id BETWEEN 474660 AND 474759 ORDER BY c
	Sort  (cost=390.47..390.71 rows=99 width=121)
	  Sort Key: c
	  ->  Index Scan using sbtest1_pkey on sbtest1  (cost=0.43..387.18 rows=99 width=121)
	        Index Cond: ((id >= 474660) AND (id <= 474759))

table 2 : explain SELECT c FROM sbtest2 WHERE id BETWEEN 8914900 AND 8914999 ORDER BY c
	Sort  (cost=374.01..374.25 rows=95 width=121)
	  Sort Key: c
	  ->  Index Scan using sbtest2_pkey on sbtest2  (cost=0.43..370.89 rows=95 width=121)
	        Index Cond: ((id >= 8914900) AND (id <= 8914999))

table 3 : explain SELECT c FROM sbtest3 WHERE id BETWEEN 3441824 AND 3441923 ORDER BY c
	Sort  (cost=379.28..379.52 rows=96 width=121)
	  Sort Key: c
	  ->  Index Scan using sbtest3_pkey on sbtest3  (cost=0.43..376.12 rows=96 width=121)
	        Index Cond: ((id >= 3441824) AND (id <= 3441923))

table 4 : explain SELECT c FROM sbtest4 WHERE id BETWEEN 5073253 AND 5073352 ORDER BY c
	Sort  (cost=373.88..374.12 rows=95 width=121)
	  Sort Key: c
	  ->  Index Scan using sbtest4_pkey on sbtest4  (cost=0.43..370.76 rows=95 width=121)
	        Index Cond: ((id >= 5073253) AND (id <= 5073352))

table 5 : explain SELECT c FROM sbtest5 WHERE id BETWEEN 4667328 AND 4667427 ORDER BY c
	Sort  (cost=377.25..377.49 rows=96 width=121)
	  Sort Key: c
	  ->  Index Scan using sbtest5_pkey on sbtest5  (cost=0.43..374.09 rows=96 width=121)
	        Index Cond: ((id >= 4667328) AND (id <= 4667427))

table 6 : explain SELECT c FROM sbtest6 WHERE id BETWEEN 4349958 AND 4350057 ORDER BY c
	Sort  (cost=404.95..405.21 rows=103 width=121)
	  Sort Key: c
	  ->  Index Scan using sbtest6_pkey on sbtest6  (cost=0.43..401.51 rows=103 width=121)
	        Index Cond: ((id >= 4349958) AND (id <= 4350057))

table 7 : explain SELECT c FROM sbtest7 WHERE id BETWEEN 2919354 AND 2919453 ORDER BY c
	Sort  (cost=426.97..427.24 rows=109 width=121)
	  Sort Key: c
	  ->  Index Scan using sbtest7_pkey on sbtest7  (cost=0.43..423.28 rows=109 width=121)
	        Index Cond: ((id >= 2919354) AND (id <= 2919453))

table 8 : explain SELECT c FROM sbtest8 WHERE id BETWEEN 512913 AND 513012 ORDER BY c
	Sort  (cost=400.17..400.43 rows=102 width=121)
	  Sort Key: c
	  ->  Index Scan using sbtest8_pkey on sbtest8  (cost=0.43..396.77 rows=102 width=121)
	        Index Cond: ((id >= 512913) AND (id <= 513012))

for non_index_updates
table 1 : explain UPDATE sbtest1 SET c='foobar' WHERE id=6176082
	Update on sbtest1  (cost=0.43..8.45 rows=0 width=0)
	  ->  Index Scan using sbtest1_pkey on sbtest1  (cost=0.43..8.45 rows=1 width=490)
	        Index Cond: (id = 6176082)

table 2 : explain UPDATE sbtest2 SET c='foobar' WHERE id=5959730
	Update on sbtest2  (cost=0.43..8.45 rows=0 width=0)
	  ->  Index Scan using sbtest2_pkey on sbtest2  (cost=0.43..8.45 rows=1 width=490)
	        Index Cond: (id = 5959730)

table 3 : explain UPDATE sbtest3 SET c='foobar' WHERE id=128100
	Update on sbtest3  (cost=0.43..8.45 rows=0 width=0)
	  ->  Index Scan using sbtest3_pkey on sbtest3  (cost=0.43..8.45 rows=1 width=490)
	        Index Cond: (id = 128100)

table 4 : explain UPDATE sbtest4 SET c='foobar' WHERE id=3568708
	Update on sbtest4  (cost=0.43..8.45 rows=0 width=0)
	  ->  Index Scan using sbtest4_pkey on sbtest4  (cost=0.43..8.45 rows=1 width=490)
	        Index Cond: (id = 3568708)

table 5 : explain UPDATE sbtest5 SET c='foobar' WHERE id=6821927
	Update on sbtest5  (cost=0.43..8.45 rows=0 width=0)
	  ->  Index Scan using sbtest5_pkey on sbtest5  (cost=0.43..8.45 rows=1 width=490)
	        Index Cond: (id = 6821927)

table 6 : explain UPDATE sbtest6 SET c='foobar' WHERE id=245793
	Update on sbtest6  (cost=0.43..8.45 rows=0 width=0)
	  ->  Index Scan using sbtest6_pkey on sbtest6  (cost=0.43..8.45 rows=1 width=490)
	        Index Cond: (id = 245793)

table 7 : explain UPDATE sbtest7 SET c='foobar' WHERE id=7937617
	Update on sbtest7  (cost=0.43..8.45 rows=0 width=0)
	  ->  Index Scan using sbtest7_pkey on sbtest7  (cost=0.43..8.45 rows=1 width=490)
	        Index Cond: (id = 7937617)

table 8 : explain UPDATE sbtest8 SET c='foobar' WHERE id=62705
	Update on sbtest8  (cost=0.43..8.45 rows=0 width=0)
	  ->  Index Scan using sbtest8_pkey on sbtest8  (cost=0.43..8.45 rows=1 width=490)
	        Index Cond: (id = 62705)

for: distinct_ranges
table 1 : explain SELECT DISTINCT c FROM sbtest1 WHERE id BETWEEN 2696230 AND 2696329 ORDER BY c
	Unique  (cost=402.22..402.73 rows=102 width=121)
	  ->  Sort  (cost=402.22..402.47 rows=102 width=121)
	        Sort Key: c
	        ->  Index Scan using sbtest1_pkey on sbtest1  (cost=0.43..398.82 rows=102 width=121)
	              Index Cond: ((id >= 2696230) AND (id <= 2696329))

table 2 : explain SELECT DISTINCT c FROM sbtest2 WHERE id BETWEEN 4602984 AND 4603083 ORDER BY c
	Unique  (cost=389.59..390.09 rows=99 width=121)
	  ->  Sort  (cost=389.59..389.84 rows=99 width=121)
	        Sort Key: c
	        ->  Index Scan using sbtest2_pkey on sbtest2  (cost=0.43..386.31 rows=99 width=121)
	              Index Cond: ((id >= 4602984) AND (id <= 4603083))

table 3 : explain SELECT DISTINCT c FROM sbtest3 WHERE id BETWEEN 3903345 AND 3903444 ORDER BY c
	Unique  (cost=410.59..411.11 rows=104 width=121)
	  ->  Sort  (cost=410.59..410.85 rows=104 width=121)
	        Sort Key: c
	        ->  Index Scan using sbtest3_pkey on sbtest3  (cost=0.43..407.11 rows=104 width=121)
	              Index Cond: ((id >= 3903345) AND (id <= 3903444))

table 4 : explain SELECT DISTINCT c FROM sbtest4 WHERE id BETWEEN 2063847 AND 2063946 ORDER BY c
	Unique  (cost=385.57..386.06 rows=98 width=121)
	  ->  Sort  (cost=385.57..385.81 rows=98 width=121)
	        Sort Key: c
	        ->  Index Scan using sbtest4_pkey on sbtest4  (cost=0.43..382.32 rows=98 width=121)
	              Index Cond: ((id >= 2063847) AND (id <= 2063946))

table 5 : explain SELECT DISTINCT c FROM sbtest5 WHERE id BETWEEN 6288113 AND 6288212 ORDER BY c
	Unique  (cost=400.63..401.14 rows=102 width=121)
	  ->  Sort  (cost=400.63..400.88 rows=102 width=121)
	        Sort Key: c
	        ->  Index Scan using sbtest5_pkey on sbtest5  (cost=0.43..397.22 rows=102 width=121)
	              Index Cond: ((id >= 6288113) AND (id <= 6288212))

table 6 : explain SELECT DISTINCT c FROM sbtest6 WHERE id BETWEEN 4972920 AND 4973019 ORDER BY c
	Unique  (cost=420.52..421.06 rows=107 width=121)
	  ->  Sort  (cost=420.52..420.79 rows=107 width=121)
	        Sort Key: c
	        ->  Index Scan using sbtest6_pkey on sbtest6  (cost=0.43..416.92 rows=107 width=121)
	              Index Cond: ((id >= 4972920) AND (id <= 4973019))

table 7 : explain SELECT DISTINCT c FROM sbtest7 WHERE id BETWEEN 7156516 AND 7156615 ORDER BY c
	Unique  (cost=399.80..400.31 rows=102 width=121)
	  ->  Sort  (cost=399.80..400.06 rows=102 width=121)
	        Sort Key: c
	        ->  Index Scan using sbtest7_pkey on sbtest7  (cost=0.43..396.40 rows=102 width=121)
	              Index Cond: ((id >= 7156516) AND (id <= 7156615))

table 8 : explain SELECT DISTINCT c FROM sbtest8 WHERE id BETWEEN 6258369 AND 6258468 ORDER BY c
	Unique  (cost=384.59..385.08 rows=98 width=121)
	  ->  Sort  (cost=384.59..384.84 rows=98 width=121)
	        Sort Key: c
	        ->  Index Scan using sbtest8_pkey on sbtest8  (cost=0.43..381.35 rows=98 width=121)
	              Index Cond: ((id >= 6258369) AND (id <= 6258468))

for deletes
table 1 : explain DELETE FROM sbtest1 WHERE id=2370384
	Delete on sbtest1  (cost=0.43..8.45 rows=0 width=0)
	  ->  Index Scan using sbtest1_pkey on sbtest1  (cost=0.43..8.45 rows=1 width=6)
	        Index Cond: (id = 2370384)

table 2 : explain DELETE FROM sbtest2 WHERE id=723426
	Delete on sbtest2  (cost=0.43..8.45 rows=0 width=0)
	  ->  Index Scan using sbtest2_pkey on sbtest2  (cost=0.43..8.45 rows=1 width=6)
	        Index Cond: (id = 723426)

table 3 : explain DELETE FROM sbtest3 WHERE id=1648919
	Delete on sbtest3  (cost=0.43..8.45 rows=0 width=0)
	  ->  Index Scan using sbtest3_pkey on sbtest3  (cost=0.43..8.45 rows=1 width=6)
	        Index Cond: (id = 1648919)

table 4 : explain DELETE FROM sbtest4 WHERE id=8422257
	Delete on sbtest4  (cost=0.43..8.45 rows=0 width=0)
	  ->  Index Scan using sbtest4_pkey on sbtest4  (cost=0.43..8.45 rows=1 width=6)
	        Index Cond: (id = 8422257)

table 5 : explain DELETE FROM sbtest5 WHERE id=8954321
	Delete on sbtest5  (cost=0.43..8.45 rows=0 width=0)
	  ->  Index Scan using sbtest5_pkey on sbtest5  (cost=0.43..8.45 rows=1 width=6)
	        Index Cond: (id = 8954321)

table 6 : explain DELETE FROM sbtest6 WHERE id=5197011
	Delete on sbtest6  (cost=0.43..8.45 rows=0 width=0)
	  ->  Index Scan using sbtest6_pkey on sbtest6  (cost=0.43..8.45 rows=1 width=6)
	        Index Cond: (id = 5197011)

table 7 : explain DELETE FROM sbtest7 WHERE id=2800979
	Delete on sbtest7  (cost=0.43..8.45 rows=0 width=0)
	  ->  Index Scan using sbtest7_pkey on sbtest7  (cost=0.43..8.45 rows=1 width=6)
	        Index Cond: (id = 2800979)

table 8 : explain DELETE FROM sbtest8 WHERE id=3820156
	Delete on sbtest8  (cost=0.43..8.45 rows=0 width=0)
	  ->  Index Scan using sbtest8_pkey on sbtest8  (cost=0.43..8.45 rows=1 width=6)
	        Index Cond: (id = 3820156)

for: distinct_ranges
table 1 : explain SELECT DISTINCT c FROM sbtest1 WHERE id BETWEEN 299592 AND 299691 ORDER BY c
	Unique  (cost=413.93..414.46 rows=105 width=121)
	  ->  Sort  (cost=413.93..414.19 rows=105 width=121)
	        Sort Key: c
	        ->  Index Scan using sbtest1_pkey on sbtest1  (cost=0.43..410.41 rows=105 width=121)
	              Index Cond: ((id >= 299592) AND (id <= 299691))

table 2 : explain SELECT DISTINCT c FROM sbtest2 WHERE id BETWEEN 6231666 AND 6231765 ORDER BY c
	Unique  (cost=362.33..362.79 rows=92 width=121)
	  ->  Sort  (cost=362.33..362.56 rows=92 width=121)
	        Sort Key: c
	        ->  Index Scan using sbtest2_pkey on sbtest2  (cost=0.43..359.33 rows=92 width=121)
	              Index Cond: ((id >= 6231666) AND (id <= 6231765))

table 3 : explain SELECT DISTINCT c FROM sbtest3 WHERE id BETWEEN 7362653 AND 7362752 ORDER BY c
	Unique  (cost=367.55..368.01 rows=93 width=121)
	  ->  Sort  (cost=367.55..367.78 rows=93 width=121)
	        Sort Key: c
	        ->  Index Scan using sbtest3_pkey on sbtest3  (cost=0.43..364.51 rows=93 width=121)
	              Index Cond: ((id >= 7362653) AND (id <= 7362752))

table 4 : explain SELECT DISTINCT c FROM sbtest4 WHERE id BETWEEN 1372263 AND 1372362 ORDER BY c
	Unique  (cost=416.76..417.29 rows=106 width=121)
	  ->  Sort  (cost=416.76..417.02 rows=106 width=121)
	        Sort Key: c
	        ->  Index Scan using sbtest4_pkey on sbtest4  (cost=0.43..413.19 rows=106 width=121)
	              Index Cond: ((id >= 1372263) AND (id <= 1372362))

table 5 : explain SELECT DISTINCT c FROM sbtest5 WHERE id BETWEEN 4842529 AND 4842628 ORDER BY c
	Unique  (cost=381.14..381.63 rows=97 width=121)
	  ->  Sort  (cost=381.14..381.38 rows=97 width=121)
	        Sort Key: c
	        ->  Index Scan using sbtest5_pkey on sbtest5  (cost=0.43..377.94 rows=97 width=121)
	              Index Cond: ((id >= 4842529) AND (id <= 4842628))

table 6 : explain SELECT DISTINCT c FROM sbtest6 WHERE id BETWEEN 4427905 AND 4428004 ORDER BY c
	Unique  (cost=420.52..421.06 rows=107 width=121)
	  ->  Sort  (cost=420.52..420.79 rows=107 width=121)
	        Sort Key: c
	        ->  Index Scan using sbtest6_pkey on sbtest6  (cost=0.43..416.92 rows=107 width=121)
	              Index Cond: ((id >= 4427905) AND (id <= 4428004))

table 7 : explain SELECT DISTINCT c FROM sbtest7 WHERE id BETWEEN 8629049 AND 8629148 ORDER BY c
	Unique  (cost=388.12..388.61 rows=99 width=121)
	  ->  Sort  (cost=388.12..388.36 rows=99 width=121)
	        Sort Key: c
	        ->  Index Scan using sbtest7_pkey on sbtest7  (cost=0.43..384.83 rows=99 width=121)
	              Index Cond: ((id >= 8629049) AND (id <= 8629148))

table 8 : explain SELECT DISTINCT c FROM sbtest8 WHERE id BETWEEN 4108116 AND 4108215 ORDER BY c
	Unique  (cost=338.00..338.43 rows=86 width=121)
	  ->  Sort  (cost=338.00..338.21 rows=86 width=121)
	        Sort Key: c
	        ->  Index Scan using sbtest8_pkey on sbtest8  (cost=0.43..335.23 rows=86 width=121)
	              Index Cond: ((id >= 4108116) AND (id <= 4108215))

for: order_ranges
table 1 : explain SELECT c FROM sbtest1 WHERE id BETWEEN 9299228 AND 9299327 ORDER BY c
	Sort  (cost=390.47..390.71 rows=99 width=121)
	  Sort Key: c
	  ->  Index Scan using sbtest1_pkey on sbtest1  (cost=0.43..387.18 rows=99 width=121)
	        Index Cond: ((id >= 9299228) AND (id <= 9299327))

table 2 : explain SELECT c FROM sbtest2 WHERE id BETWEEN 2697907 AND 2698006 ORDER BY c
	Sort  (cost=374.01..374.25 rows=95 width=121)
	  Sort Key: c
	  ->  Index Scan using sbtest2_pkey on sbtest2  (cost=0.43..370.89 rows=95 width=121)
	        Index Cond: ((id >= 2697907) AND (id <= 2698006))

table 3 : explain SELECT c FROM sbtest3 WHERE id BETWEEN 6404513 AND 6404612 ORDER BY c
	Sort  (cost=379.28..379.52 rows=96 width=121)
	  Sort Key: c
	  ->  Index Scan using sbtest3_pkey on sbtest3  (cost=0.43..376.12 rows=96 width=121)
	        Index Cond: ((id >= 6404513) AND (id <= 6404612))

table 4 : explain SELECT c FROM sbtest4 WHERE id BETWEEN 8759544 AND 8759643 ORDER BY c
	Sort  (cost=408.97..409.23 rows=104 width=121)
	  Sort Key: c
	  ->  Index Scan using sbtest4_pkey on sbtest4  (cost=0.43..405.49 rows=104 width=121)
	        Index Cond: ((id >= 8759544) AND (id <= 8759643))

table 5 : explain SELECT c FROM sbtest5 WHERE id BETWEEN 6003069 AND 6003168 ORDER BY c
	Sort  (cost=408.40..408.66 rows=104 width=121)
	  Sort Key: c
	  ->  Index Scan using sbtest5_pkey on sbtest5  (cost=0.43..404.92 rows=104 width=121)
	        Index Cond: ((id >= 6003069) AND (id <= 6003168))

table 6 : explain SELECT c FROM sbtest6 WHERE id BETWEEN 6249448 AND 6249547 ORDER BY c
	Sort  (cost=389.34..389.59 rows=99 width=121)
	  Sort Key: c
	  ->  Index Scan using sbtest6_pkey on sbtest6  (cost=0.43..386.06 rows=99 width=121)
	        Index Cond: ((id >= 6249448) AND (id <= 6249547))

table 7 : explain SELECT c FROM sbtest7 WHERE id BETWEEN 8362815 AND 8362914 ORDER BY c
	Sort  (cost=411.44..411.71 rows=105 width=121)
	  Sort Key: c
	  ->  Index Scan using sbtest7_pkey on sbtest7  (cost=0.43..407.92 rows=105 width=121)
	        Index Cond: ((id >= 8362815) AND (id <= 8362914))

table 8 : explain SELECT c FROM sbtest8 WHERE id BETWEEN 3773249 AND 3773348 ORDER BY c
	Sort  (cost=388.48..388.72 rows=99 width=121)
	  Sort Key: c
	  ->  Index Scan using sbtest8_pkey on sbtest8  (cost=0.43..385.20 rows=99 width=121)
	        Index Cond: ((id >= 3773249) AND (id <= 3773348))

explain: for deletes :: explain DELETE FROM sbtest%u WHERE id=%u
explain: for index_updates :: explain UPDATE sbtest%u SET k=k+1 WHERE id=%u
explain: for inserts :: explain INSERT INTO sbtest%u (id, k, c, pad) VALUES (%u, 13, 'foobar', 'foobar')
for: sum_ranges
table 1 : explain SELECT SUM(k) FROM sbtest1 WHERE id BETWEEN 8602932 AND 8603031
	Aggregate  (cost=387.43..387.44 rows=1 width=8)
	  ->  Index Scan using sbtest1_pkey on sbtest1  (cost=0.43..387.18 rows=99 width=4)
	        Index Cond: ((id >= 8602932) AND (id <= 8603031))

table 2 : explain SELECT SUM(k) FROM sbtest2 WHERE id BETWEEN 6493596 AND 6493695
	Aggregate  (cost=398.13..398.14 rows=1 width=8)
	  ->  Index Scan using sbtest2_pkey on sbtest2  (cost=0.43..397.88 rows=102 width=4)
	        Index Cond: ((id >= 6493596) AND (id <= 6493695))

table 3 : explain SELECT SUM(k) FROM sbtest3 WHERE id BETWEEN 9452094 AND 9452193
	Aggregate  (cost=368.61..368.62 rows=1 width=8)
	  ->  Index Scan using sbtest3_pkey on sbtest3  (cost=0.43..368.38 rows=94 width=4)
	        Index Cond: ((id >= 9452094) AND (id <= 9452193))

table 4 : explain SELECT SUM(k) FROM sbtest4 WHERE id BETWEEN 9809560 AND 9809659
	Aggregate  (cost=409.60..409.61 rows=1 width=8)
	  ->  Index Scan using sbtest4_pkey on sbtest4  (cost=0.43..409.34 rows=105 width=4)
	        Index Cond: ((id >= 9809560) AND (id <= 9809659))

table 5 : explain SELECT SUM(k) FROM sbtest5 WHERE id BETWEEN 7563199 AND 7563298
	Aggregate  (cost=370.48..370.49 rows=1 width=8)
	  ->  Index Scan using sbtest5_pkey on sbtest5  (cost=0.43..370.25 rows=95 width=4)
	        Index Cond: ((id >= 7563199) AND (id <= 7563298))

table 6 : explain SELECT SUM(k) FROM sbtest6 WHERE id BETWEEN 6264005 AND 6264104
	Aggregate  (cost=374.74..374.75 rows=1 width=8)
	  ->  Index Scan using sbtest6_pkey on sbtest6  (cost=0.43..374.50 rows=96 width=4)
	        Index Cond: ((id >= 6264005) AND (id <= 6264104))

table 7 : explain SELECT SUM(k) FROM sbtest7 WHERE id BETWEEN 564051 AND 564150
	Aggregate  (cost=412.02..412.03 rows=1 width=8)
	  ->  Index Scan using sbtest7_pkey on sbtest7  (cost=0.43..411.76 rows=106 width=4)
	        Index Cond: ((id >= 564051) AND (id <= 564150))

table 8 : explain SELECT SUM(k) FROM sbtest8 WHERE id BETWEEN 4403661 AND 4403760
	Aggregate  (cost=381.60..381.61 rows=1 width=8)
	  ->  Index Scan using sbtest8_pkey on sbtest8  (cost=0.43..381.35 rows=98 width=4)
	        Index Cond: ((id >= 4403661) AND (id <= 4403760))

for deletes
table 1 : explain DELETE FROM sbtest1 WHERE id=8407657
	Delete on sbtest1  (cost=0.43..8.45 rows=0 width=0)
	  ->  Index Scan using sbtest1_pkey on sbtest1  (cost=0.43..8.45 rows=1 width=6)
	        Index Cond: (id = 8407657)

table 2 : explain DELETE FROM sbtest2 WHERE id=7693528
	Delete on sbtest2  (cost=0.43..8.45 rows=0 width=0)
	  ->  Index Scan using sbtest2_pkey on sbtest2  (cost=0.43..8.45 rows=1 width=6)
	        Index Cond: (id = 7693528)

table 3 : explain DELETE FROM sbtest3 WHERE id=8189528
	Delete on sbtest3  (cost=0.43..8.45 rows=0 width=0)
	  ->  Index Scan using sbtest3_pkey on sbtest3  (cost=0.43..8.45 rows=1 width=6)
	        Index Cond: (id = 8189528)

table 4 : explain DELETE FROM sbtest4 WHERE id=2403195
	Delete on sbtest4  (cost=0.43..8.45 rows=0 width=0)
	  ->  Index Scan using sbtest4_pkey on sbtest4  (cost=0.43..8.45 rows=1 width=6)
	        Index Cond: (id = 2403195)

table 5 : explain DELETE FROM sbtest5 WHERE id=5175762
	Delete on sbtest5  (cost=0.43..8.45 rows=0 width=0)
	  ->  Index Scan using sbtest5_pkey on sbtest5  (cost=0.43..8.45 rows=1 width=6)
	        Index Cond: (id = 5175762)

table 6 : explain DELETE FROM sbtest6 WHERE id=6865446
	Delete on sbtest6  (cost=0.43..8.45 rows=0 width=0)
	  ->  Index Scan using sbtest6_pkey on sbtest6  (cost=0.43..8.45 rows=1 width=6)
	        Index Cond: (id = 6865446)

table 7 : explain DELETE FROM sbtest7 WHERE id=9668540
	Delete on sbtest7  (cost=0.43..8.45 rows=0 width=0)
	  ->  Index Scan using sbtest7_pkey on sbtest7  (cost=0.43..8.45 rows=1 width=6)
	        Index Cond: (id = 9668540)

table 8 : explain DELETE FROM sbtest8 WHERE id=1231794
	Delete on sbtest8  (cost=0.43..8.45 rows=0 width=0)
	  ->  Index Scan using sbtest8_pkey on sbtest8  (cost=0.43..8.45 rows=1 width=6)
	        Index Cond: (id = 1231794)

explain: for index_updates :: explain UPDATE sbtest%u SET k=k+1 WHERE id=%u
for inserts
table 1 : explain INSERT INTO sbtest1 (id, k, c, pad) VALUES (3448084, 13, 'foobar', 'foobar')
	Insert on sbtest1  (cost=0.00..0.01 rows=0 width=0)
	  ->  Result  (cost=0.00..0.01 rows=1 width=736)

table 2 : explain INSERT INTO sbtest2 (id, k, c, pad) VALUES (7716215, 13, 'foobar', 'foobar')
	Insert on sbtest2  (cost=0.00..0.01 rows=0 width=0)
	  ->  Result  (cost=0.00..0.01 rows=1 width=736)

table 3 : explain INSERT INTO sbtest3 (id, k, c, pad) VALUES (2241280, 13, 'foobar', 'foobar')
	Insert on sbtest3  (cost=0.00..0.01 rows=0 width=0)
	  ->  Result  (cost=0.00..0.01 rows=1 width=736)

table 4 : explain INSERT INTO sbtest4 (id, k, c, pad) VALUES (4762227, 13, 'foobar', 'foobar')
	Insert on sbtest4  (cost=0.00..0.01 rows=0 width=0)
	  ->  Result  (cost=0.00..0.01 rows=1 width=736)

table 5 : explain INSERT INTO sbtest5 (id, k, c, pad) VALUES (8128129, 13, 'foobar', 'foobar')
	Insert on sbtest5  (cost=0.00..0.01 rows=0 width=0)
	  ->  Result  (cost=0.00..0.01 rows=1 width=736)

table 6 : explain INSERT INTO sbtest6 (id, k, c, pad) VALUES (8674202, 13, 'foobar', 'foobar')
	Insert on sbtest6  (cost=0.00..0.01 rows=0 width=0)
	  ->  Result  (cost=0.00..0.01 rows=1 width=736)

table 7 : explain INSERT INTO sbtest7 (id, k, c, pad) VALUES (7064358, 13, 'foobar', 'foobar')
	Insert on sbtest7  (cost=0.00..0.01 rows=0 width=0)
	  ->  Result  (cost=0.00..0.01 rows=1 width=736)

table 8 : explain INSERT INTO sbtest8 (id, k, c, pad) VALUES (5086851, 13, 'foobar', 'foobar')
	Insert on sbtest8  (cost=0.00..0.01 rows=0 width=0)
	  ->  Result  (cost=0.00..0.01 rows=1 width=736)

for: distinct_ranges
table 1 : explain SELECT DISTINCT c FROM sbtest1 WHERE id BETWEEN 8770044 AND 8770143 ORDER BY c
	Unique  (cost=394.37..394.87 rows=100 width=121)
	  ->  Sort  (cost=394.37..394.62 rows=100 width=121)
	        Sort Key: c
	        ->  Index Scan using sbtest1_pkey on sbtest1  (cost=0.43..391.05 rows=100 width=121)
	              Index Cond: ((id >= 8770044) AND (id <= 8770143))

table 2 : explain SELECT DISTINCT c FROM sbtest2 WHERE id BETWEEN 8627791 AND 8627890 ORDER BY c
	Unique  (cost=405.22..405.73 rows=103 width=121)
	  ->  Sort  (cost=405.22..405.47 rows=103 width=121)
	        Sort Key: c
	        ->  Index Scan using sbtest2_pkey on sbtest2  (cost=0.43..401.77 rows=103 width=121)
	              Index Cond: ((id >= 8627791) AND (id <= 8627890))

table 3 : explain SELECT DISTINCT c FROM sbtest3 WHERE id BETWEEN 870384 AND 870483 ORDER BY c
	Unique  (cost=414.50..415.03 rows=105 width=121)
	  ->  Sort  (cost=414.50..414.77 rows=105 width=121)
	        Sort Key: c
	        ->  Index Scan using sbtest3_pkey on sbtest3  (cost=0.43..410.98 rows=105 width=121)
	              Index Cond: ((id >= 870384) AND (id <= 870483))

table 4 : explain SELECT DISTINCT c FROM sbtest4 WHERE id BETWEEN 998709 AND 998808 ORDER BY c
	Unique  (cost=408.97..409.49 rows=104 width=121)
	  ->  Sort  (cost=408.97..409.23 rows=104 width=121)
	        Sort Key: c
	        ->  Index Scan using sbtest4_pkey on sbtest4  (cost=0.43..405.49 rows=104 width=121)
	              Index Cond: ((id >= 998709) AND (id <= 998808))

table 5 : explain SELECT DISTINCT c FROM sbtest5 WHERE id BETWEEN 9044962 AND 9045061 ORDER BY c
	Unique  (cost=423.96..424.50 rows=108 width=121)
	  ->  Sort  (cost=423.96..424.23 rows=108 width=121)
	        Sort Key: c
	        ->  Index Scan using sbtest5_pkey on sbtest5  (cost=0.43..420.31 rows=108 width=121)
	              Index Cond: ((id >= 9044962) AND (id <= 9045061))

table 6 : explain SELECT DISTINCT c FROM sbtest6 WHERE id BETWEEN 3699424 AND 3699523 ORDER BY c
	Unique  (cost=393.27..393.77 rows=100 width=121)
	  ->  Sort  (cost=393.27..393.52 rows=100 width=121)
	        Sort Key: c
	        ->  Index Scan using sbtest6_pkey on sbtest6  (cost=0.43..389.95 rows=100 width=121)
	              Index Cond: ((id >= 3699424) AND (id <= 3699523))

table 7 : explain SELECT DISTINCT c FROM sbtest7 WHERE id BETWEEN 2996661 AND 2996760 ORDER BY c
	Unique  (cost=368.72..369.19 rows=94 width=121)
	  ->  Sort  (cost=368.72..368.95 rows=94 width=121)
	        Sort Key: c
	        ->  Index Scan using sbtest7_pkey on sbtest7  (cost=0.43..365.64 rows=94 width=121)
	              Index Cond: ((id >= 2996661) AND (id <= 2996760))

table 8 : explain SELECT DISTINCT c FROM sbtest8 WHERE id BETWEEN 7381750 AND 7381849 ORDER BY c
	Unique  (cost=419.59..420.13 rows=107 width=121)
	  ->  Sort  (cost=419.59..419.86 rows=107 width=121)
	        Sort Key: c
	        ->  Index Scan using sbtest8_pkey on sbtest8  (cost=0.43..415.99 rows=107 width=121)
	              Index Cond: ((id >= 7381750) AND (id <= 7381849))

for index_updates
table 1 : explain UPDATE sbtest1 SET k=k+1 WHERE id=4607667
	Update on sbtest1  (cost=0.43..8.46 rows=0 width=0)
	  ->  Index Scan using sbtest1_pkey on sbtest1  (cost=0.43..8.46 rows=1 width=10)
	        Index Cond: (id = 4607667)

table 2 : explain UPDATE sbtest2 SET k=k+1 WHERE id=5420115
	Update on sbtest2  (cost=0.43..8.46 rows=0 width=0)
	  ->  Index Scan using sbtest2_pkey on sbtest2  (cost=0.43..8.46 rows=1 width=10)
	        Index Cond: (id = 5420115)

table 3 : explain UPDATE sbtest3 SET k=k+1 WHERE id=311986
	Update on sbtest3  (cost=0.43..8.46 rows=0 width=0)
	  ->  Index Scan using sbtest3_pkey on sbtest3  (cost=0.43..8.46 rows=1 width=10)
	        Index Cond: (id = 311986)

table 4 : explain UPDATE sbtest4 SET k=k+1 WHERE id=2144910
	Update on sbtest4  (cost=0.43..8.46 rows=0 width=0)
	  ->  Index Scan using sbtest4_pkey on sbtest4  (cost=0.43..8.46 rows=1 width=10)
	        Index Cond: (id = 2144910)

table 5 : explain UPDATE sbtest5 SET k=k+1 WHERE id=5055977
	Update on sbtest5  (cost=0.43..8.46 rows=0 width=0)
	  ->  Index Scan using sbtest5_pkey on sbtest5  (cost=0.43..8.46 rows=1 width=10)
	        Index Cond: (id = 5055977)

table 6 : explain UPDATE sbtest6 SET k=k+1 WHERE id=9354975
	Update on sbtest6  (cost=0.43..8.46 rows=0 width=0)
	  ->  Index Scan using sbtest6_pkey on sbtest6  (cost=0.43..8.46 rows=1 width=10)
	        Index Cond: (id = 9354975)

table 7 : explain UPDATE sbtest7 SET k=k+1 WHERE id=2479183
	Update on sbtest7  (cost=0.43..8.46 rows=0 width=0)
	  ->  Index Scan using sbtest7_pkey on sbtest7  (cost=0.43..8.46 rows=1 width=10)
	        Index Cond: (id = 2479183)

table 8 : explain UPDATE sbtest8 SET k=k+1 WHERE id=3537780
	Update on sbtest8  (cost=0.43..8.46 rows=0 width=0)
	  ->  Index Scan using sbtest8_pkey on sbtest8  (cost=0.43..8.46 rows=1 width=10)
	        Index Cond: (id = 3537780)

for: distinct_ranges
table 1 : explain SELECT DISTINCT c FROM sbtest1 WHERE id BETWEEN 8730649 AND 8730748 ORDER BY c
	Unique  (cost=394.37..394.87 rows=100 width=121)
	  ->  Sort  (cost=394.37..394.62 rows=100 width=121)
	        Sort Key: c
	        ->  Index Scan using sbtest1_pkey on sbtest1  (cost=0.43..391.05 rows=100 width=121)
	              Index Cond: ((id >= 8730649) AND (id <= 8730748))

table 2 : explain SELECT DISTINCT c FROM sbtest2 WHERE id BETWEEN 6175059 AND 6175158 ORDER BY c
	Unique  (cost=389.59..390.09 rows=99 width=121)
	  ->  Sort  (cost=389.59..389.84 rows=99 width=121)
	        Sort Key: c
	        ->  Index Scan using sbtest2_pkey on sbtest2  (cost=0.43..386.31 rows=99 width=121)
	              Index Cond: ((id >= 6175059) AND (id <= 6175158))

table 3 : explain SELECT DISTINCT c FROM sbtest3 WHERE id BETWEEN 6834123 AND 6834222 ORDER BY c
	Unique  (cost=391.01..391.50 rows=99 width=121)
	  ->  Sort  (cost=391.01..391.25 rows=99 width=121)
	        Sort Key: c
	        ->  Index Scan using sbtest3_pkey on sbtest3  (cost=0.43..387.72 rows=99 width=121)
	              Index Cond: ((id >= 6834123) AND (id <= 6834222))

table 4 : explain SELECT DISTINCT c FROM sbtest4 WHERE id BETWEEN 9085143 AND 9085242 ORDER BY c
	Unique  (cost=362.20..362.66 rows=92 width=121)
	  ->  Sort  (cost=362.20..362.43 rows=92 width=121)
	        Sort Key: c
	        ->  Index Scan using sbtest4_pkey on sbtest4  (cost=0.43..359.20 rows=92 width=121)
	              Index Cond: ((id >= 9085143) AND (id <= 9085242))

table 5 : explain SELECT DISTINCT c FROM sbtest5 WHERE id BETWEEN 1328149 AND 1328248 ORDER BY c
	Unique  (cost=381.14..381.63 rows=97 width=121)
	  ->  Sort  (cost=381.14..381.38 rows=97 width=121)
	        Sort Key: c
	        ->  Index Scan using sbtest5_pkey on sbtest5  (cost=0.43..377.94 rows=97 width=121)
	              Index Cond: ((id >= 1328149) AND (id <= 1328248))

table 6 : explain SELECT DISTINCT c FROM sbtest6 WHERE id BETWEEN 3453767 AND 3453866 ORDER BY c
	Unique  (cost=389.34..389.83 rows=99 width=121)
	  ->  Sort  (cost=389.34..389.59 rows=99 width=121)
	        Sort Key: c
	        ->  Index Scan using sbtest6_pkey on sbtest6  (cost=0.43..386.06 rows=99 width=121)
	              Index Cond: ((id >= 3453767) AND (id <= 3453866))

table 7 : explain SELECT DISTINCT c FROM sbtest7 WHERE id BETWEEN 4483676 AND 4483775 ORDER BY c
	Unique  (cost=395.92..396.43 rows=101 width=121)
	  ->  Sort  (cost=395.92..396.17 rows=101 width=121)
	        Sort Key: c
	        ->  Index Scan using sbtest7_pkey on sbtest7  (cost=0.43..392.56 rows=101 width=121)
	              Index Cond: ((id >= 4483676) AND (id <= 4483775))

table 8 : explain SELECT DISTINCT c FROM sbtest8 WHERE id BETWEEN 7407551 AND 7407650 ORDER BY c
	Unique  (cost=419.59..420.13 rows=107 width=121)
	  ->  Sort  (cost=419.59..419.86 rows=107 width=121)
	        Sort Key: c
	        ->  Index Scan using sbtest8_pkey on sbtest8  (cost=0.43..415.99 rows=107 width=121)
	              Index Cond: ((id >= 7407551) AND (id <= 7407650))

explain: for inserts :: explain INSERT INTO sbtest%u (id, k, c, pad) VALUES (%u, 13, 'foobar', 'foobar')
for: distinct_ranges
table 1 : explain SELECT DISTINCT c FROM sbtest1 WHERE id BETWEEN 3815748 AND 3815847 ORDER BY c
	Unique  (cost=413.93..414.46 rows=105 width=121)
	  ->  Sort  (cost=413.93..414.19 rows=105 width=121)
	        Sort Key: c
	        ->  Index Scan using sbtest1_pkey on sbtest1  (cost=0.43..410.41 rows=105 width=121)
	              Index Cond: ((id >= 3815748) AND (id <= 3815847))

table 2 : explain SELECT DISTINCT c FROM sbtest2 WHERE id BETWEEN 1148674 AND 1148773 ORDER BY c
	Unique  (cost=385.70..386.19 rows=98 width=121)
	  ->  Sort  (cost=385.70..385.94 rows=98 width=121)
	        Sort Key: c
	        ->  Index Scan using sbtest2_pkey on sbtest2  (cost=0.43..382.46 rows=98 width=121)
	              Index Cond: ((id >= 1148674) AND (id <= 1148773))

table 3 : explain SELECT DISTINCT c FROM sbtest3 WHERE id BETWEEN 7294497 AND 7294596 ORDER BY c
	Unique  (cost=367.55..368.01 rows=93 width=121)
	  ->  Sort  (cost=367.55..367.78 rows=93 width=121)
	        Sort Key: c
	        ->  Index Scan using sbtest3_pkey on sbtest3  (cost=0.43..364.51 rows=93 width=121)
	              Index Cond: ((id >= 7294497) AND (id <= 7294596))

table 4 : explain SELECT DISTINCT c FROM sbtest4 WHERE id BETWEEN 4996097 AND 4996196 ORDER BY c
	Unique  (cost=373.88..374.36 rows=95 width=121)
	  ->  Sort  (cost=373.88..374.12 rows=95 width=121)
	        Sort Key: c
	        ->  Index Scan using sbtest4_pkey on sbtest4  (cost=0.43..370.76 rows=95 width=121)
	              Index Cond: ((id >= 4996097) AND (id <= 4996196))

table 5 : explain SELECT DISTINCT c FROM sbtest5 WHERE id BETWEEN 9204643 AND 9204742 ORDER BY c
	Unique  (cost=369.48..369.95 rows=94 width=121)
	  ->  Sort  (cost=369.48..369.71 rows=94 width=121)
	        Sort Key: c
	        ->  Index Scan using sbtest5_pkey on sbtest5  (cost=0.43..366.40 rows=94 width=121)
	              Index Cond: ((id >= 9204643) AND (id <= 9204742))

table 6 : explain SELECT DISTINCT c FROM sbtest6 WHERE id BETWEEN 5795077 AND 5795176 ORDER BY c
	Unique  (cost=397.17..397.67 rows=101 width=121)
	  ->  Sort  (cost=397.17..397.42 rows=101 width=121)
	        Sort Key: c
	        ->  Index Scan using sbtest6_pkey on sbtest6  (cost=0.43..393.80 rows=101 width=121)
	              Index Cond: ((id >= 5795077) AND (id <= 5795176))

table 7 : explain SELECT DISTINCT c FROM sbtest7 WHERE id BETWEEN 7048138 AND 7048237 ORDER BY c
	Unique  (cost=357.08..357.53 rows=91 width=121)
	  ->  Sort  (cost=357.08..357.31 rows=91 width=121)
	        Sort Key: c
	        ->  Index Scan using sbtest7_pkey on sbtest7  (cost=0.43..354.12 rows=91 width=121)
	              Index Cond: ((id >= 7048138) AND (id <= 7048237))

table 8 : explain SELECT DISTINCT c FROM sbtest8 WHERE id BETWEEN 2145594 AND 2145693 ORDER BY c
	Unique  (cost=369.06..369.53 rows=94 width=121)
	  ->  Sort  (cost=369.06..369.29 rows=94 width=121)
	        Sort Key: c
	        ->  Index Scan using sbtest8_pkey on sbtest8  (cost=0.43..365.98 rows=94 width=121)
	              Index Cond: ((id >= 2145594) AND (id <= 2145693))

explain: for index_updates :: explain UPDATE sbtest%u SET k=k+1 WHERE id=%u
explain: for non_index_updates :: explain UPDATE sbtest%u SET c='foobar' WHERE id=%u
for: distinct_ranges
table 1 : explain SELECT DISTINCT c FROM sbtest1 WHERE id BETWEEN 1757506 AND 1757605 ORDER BY c
	Unique  (cost=382.66..383.14 rows=97 width=121)
	  ->  Sort  (cost=382.66..382.90 rows=97 width=121)
	        Sort Key: c
	        ->  Index Scan using sbtest1_pkey on sbtest1  (cost=0.43..379.46 rows=97 width=121)
	              Index Cond: ((id >= 1757506) AND (id <= 1757605))

table 2 : explain SELECT DISTINCT c FROM sbtest2 WHERE id BETWEEN 6451743 AND 6451842 ORDER BY c
	Unique  (cost=401.28..401.79 rows=102 width=121)
	  ->  Sort  (cost=401.28..401.54 rows=102 width=121)
	        Sort Key: c
	        ->  Index Scan using sbtest2_pkey on sbtest2  (cost=0.43..397.88 rows=102 width=121)
	              Index Cond: ((id >= 6451743) AND (id <= 6451842))

table 3 : explain SELECT DISTINCT c FROM sbtest3 WHERE id BETWEEN 8103807 AND 8103906 ORDER BY c
	Unique  (cost=410.59..411.11 rows=104 width=121)
	  ->  Sort  (cost=410.59..410.85 rows=104 width=121)
	        Sort Key: c
	        ->  Index Scan using sbtest3_pkey on sbtest3  (cost=0.43..407.11 rows=104 width=121)
	              Index Cond: ((id >= 8103807) AND (id <= 8103906))

table 4 : explain SELECT DISTINCT c FROM sbtest4 WHERE id BETWEEN 2088623 AND 2088722 ORDER BY c
	Unique  (cost=385.57..386.06 rows=98 width=121)
	  ->  Sort  (cost=385.57..385.81 rows=98 width=121)
	        Sort Key: c
	        ->  Index Scan using sbtest4_pkey on sbtest4  (cost=0.43..382.32 rows=98 width=121)
	              Index Cond: ((id >= 2088623) AND (id <= 2088722))

table 5 : explain SELECT DISTINCT c FROM sbtest5 WHERE id BETWEEN 3812684 AND 3812783 ORDER BY c
	Unique  (cost=377.25..377.73 rows=96 width=121)
	  ->  Sort  (cost=377.25..377.49 rows=96 width=121)
	        Sort Key: c
	        ->  Index Scan using sbtest5_pkey on sbtest5  (cost=0.43..374.09 rows=96 width=121)
	              Index Cond: ((id >= 3812684) AND (id <= 3812783))

table 6 : explain SELECT DISTINCT c FROM sbtest6 WHERE id BETWEEN 4322083 AND 4322182 ORDER BY c
	Unique  (cost=404.95..405.47 rows=103 width=121)
	  ->  Sort  (cost=404.95..405.21 rows=103 width=121)
	        Sort Key: c
	        ->  Index Scan using sbtest6_pkey on sbtest6  (cost=0.43..401.51 rows=103 width=121)
	              Index Cond: ((id >= 4322083) AND (id <= 4322182))

table 7 : explain SELECT DISTINCT c FROM sbtest7 WHERE id BETWEEN 1058341 AND 1058440 ORDER BY c
	Unique  (cost=411.44..411.97 rows=105 width=121)
	  ->  Sort  (cost=411.44..411.71 rows=105 width=121)
	        Sort Key: c
	        ->  Index Scan using sbtest7_pkey on sbtest7  (cost=0.43..407.92 rows=105 width=121)
	              Index Cond: ((id >= 1058341) AND (id <= 1058440))

table 8 : explain SELECT DISTINCT c FROM sbtest8 WHERE id BETWEEN 7663883 AND 7663982 ORDER BY c
	Unique  (cost=400.17..400.68 rows=102 width=121)
	  ->  Sort  (cost=400.17..400.43 rows=102 width=121)
	        Sort Key: c
	        ->  Index Scan using sbtest8_pkey on sbtest8  (cost=0.43..396.77 rows=102 width=121)
	              Index Cond: ((id >= 7663883) AND (id <= 7663982))

for inserts
table 1 : explain INSERT INTO sbtest1 (id, k, c, pad) VALUES (9778202, 13, 'foobar', 'foobar')
	Insert on sbtest1  (cost=0.00..0.01 rows=0 width=0)
	  ->  Result  (cost=0.00..0.01 rows=1 width=736)

table 2 : explain INSERT INTO sbtest2 (id, k, c, pad) VALUES (2668934, 13, 'foobar', 'foobar')
	Insert on sbtest2  (cost=0.00..0.01 rows=0 width=0)
	  ->  Result  (cost=0.00..0.01 rows=1 width=736)

table 3 : explain INSERT INTO sbtest3 (id, k, c, pad) VALUES (5981305, 13, 'foobar', 'foobar')
	Insert on sbtest3  (cost=0.00..0.01 rows=0 width=0)
	  ->  Result  (cost=0.00..0.01 rows=1 width=736)

table 4 : explain INSERT INTO sbtest4 (id, k, c, pad) VALUES (6286968, 13, 'foobar', 'foobar')
	Insert on sbtest4  (cost=0.00..0.01 rows=0 width=0)
	  ->  Result  (cost=0.00..0.01 rows=1 width=736)

table 5 : explain INSERT INTO sbtest5 (id, k, c, pad) VALUES (1718408, 13, 'foobar', 'foobar')
	Insert on sbtest5  (cost=0.00..0.01 rows=0 width=0)
	  ->  Result  (cost=0.00..0.01 rows=1 width=736)

table 6 : explain INSERT INTO sbtest6 (id, k, c, pad) VALUES (4723111, 13, 'foobar', 'foobar')
	Insert on sbtest6  (cost=0.00..0.01 rows=0 width=0)
	  ->  Result  (cost=0.00..0.01 rows=1 width=736)

table 7 : explain INSERT INTO sbtest7 (id, k, c, pad) VALUES (3589710, 13, 'foobar', 'foobar')
	Insert on sbtest7  (cost=0.00..0.01 rows=0 width=0)
	  ->  Result  (cost=0.00..0.01 rows=1 width=736)

table 8 : explain INSERT INTO sbtest8 (id, k, c, pad) VALUES (3173039, 13, 'foobar', 'foobar')
	Insert on sbtest8  (cost=0.00..0.01 rows=0 width=0)
	  ->  Result  (cost=0.00..0.01 rows=1 width=736)

explain: for index_updates :: explain UPDATE sbtest%u SET k=k+1 WHERE id=%u
explain: for index_updates :: explain UPDATE sbtest%u SET k=k+1 WHERE id=%u
for: order_ranges
table 1 : explain SELECT c FROM sbtest1 WHERE id BETWEEN 4114546 AND 4114645 ORDER BY c
	Sort  (cost=339.72..339.93 rows=86 width=121)
	  Sort Key: c
	  ->  Index Scan using sbtest1_pkey on sbtest1  (cost=0.43..336.96 rows=86 width=121)
	        Index Cond: ((id >= 4114546) AND (id <= 4114645))

table 2 : explain SELECT c FROM sbtest2 WHERE id BETWEEN 367487 AND 367586 ORDER BY c
	Sort  (cost=370.12..370.35 rows=94 width=121)
	  Sort Key: c
	  ->  Index Scan using sbtest2_pkey on sbtest2  (cost=0.43..367.04 rows=94 width=121)
	        Index Cond: ((id >= 367487) AND (id <= 367586))

table 3 : explain SELECT c FROM sbtest3 WHERE id BETWEEN 2911146 AND 2911245 ORDER BY c
	Sort  (cost=402.77..403.03 rows=102 width=121)
	  Sort Key: c
	  ->  Index Scan using sbtest3_pkey on sbtest3  (cost=0.43..399.37 rows=102 width=121)
	        Index Cond: ((id >= 2911146) AND (id <= 2911245))

table 4 : explain SELECT c FROM sbtest4 WHERE id BETWEEN 8934480 AND 8934579 ORDER BY c
	Sort  (cost=358.31..358.54 rows=91 width=121)
	  Sort Key: c
	  ->  Index Scan using sbtest4_pkey on sbtest4  (cost=0.43..355.35 rows=91 width=121)
	        Index Cond: ((id >= 8934480) AND (id <= 8934579))

table 5 : explain SELECT c FROM sbtest5 WHERE id BETWEEN 3190031 AND 3190130 ORDER BY c
	Sort  (cost=385.03..385.28 rows=98 width=121)
	  Sort Key: c
	  ->  Index Scan using sbtest5_pkey on sbtest5  (cost=0.43..381.79 rows=98 width=121)
	        Index Cond: ((id >= 3190031) AND (id <= 3190130))

table 6 : explain SELECT c FROM sbtest6 WHERE id BETWEEN 6880228 AND 6880327 ORDER BY c
	Sort  (cost=443.88..444.17 rows=113 width=121)
	  Sort Key: c
	  ->  Index Scan using sbtest6_pkey on sbtest6  (cost=0.43..440.03 rows=113 width=121)
	        Index Cond: ((id >= 6880228) AND (id <= 6880327))

table 7 : explain SELECT c FROM sbtest7 WHERE id BETWEEN 8617327 AND 8617426 ORDER BY c
	Sort  (cost=388.12..388.36 rows=99 width=121)
	  Sort Key: c
	  ->  Index Scan using sbtest7_pkey on sbtest7  (cost=0.43..384.83 rows=99 width=121)
	        Index Cond: ((id >= 8617327) AND (id <= 8617426))

table 8 : explain SELECT c FROM sbtest8 WHERE id BETWEEN 9997176 AND 9997275 ORDER BY c
	Sort  (cost=376.83..377.07 rows=96 width=121)
	  Sort Key: c
	  ->  Index Scan using sbtest8_pkey on sbtest8  (cost=0.43..373.67 rows=96 width=121)
	        Index Cond: ((id >= 9997176) AND (id <= 9997275))

for non_index_updates
table 1 : explain UPDATE sbtest1 SET c='foobar' WHERE id=8382788
	Update on sbtest1  (cost=0.43..8.45 rows=0 width=0)
	  ->  Index Scan using sbtest1_pkey on sbtest1  (cost=0.43..8.45 rows=1 width=490)
	        Index Cond: (id = 8382788)

table 2 : explain UPDATE sbtest2 SET c='foobar' WHERE id=2517668
	Update on sbtest2  (cost=0.43..8.45 rows=0 width=0)
	  ->  Index Scan using sbtest2_pkey on sbtest2  (cost=0.43..8.45 rows=1 width=490)
	        Index Cond: (id = 2517668)

table 3 : explain UPDATE sbtest3 SET c='foobar' WHERE id=409118
	Update on sbtest3  (cost=0.43..8.45 rows=0 width=0)
	  ->  Index Scan using sbtest3_pkey on sbtest3  (cost=0.43..8.45 rows=1 width=490)
	        Index Cond: (id = 409118)

table 4 : explain UPDATE sbtest4 SET c='foobar' WHERE id=8433441
	Update on sbtest4  (cost=0.43..8.45 rows=0 width=0)
	  ->  Index Scan using sbtest4_pkey on sbtest4  (cost=0.43..8.45 rows=1 width=490)
	        Index Cond: (id = 8433441)

table 5 : explain UPDATE sbtest5 SET c='foobar' WHERE id=9935508
	Update on sbtest5  (cost=0.43..8.45 rows=0 width=0)
	  ->  Index Scan using sbtest5_pkey on sbtest5  (cost=0.43..8.45 rows=1 width=490)
	        Index Cond: (id = 9935508)

table 6 : explain UPDATE sbtest6 SET c='foobar' WHERE id=5617282
	Update on sbtest6  (cost=0.43..8.45 rows=0 width=0)
	  ->  Index Scan using sbtest6_pkey on sbtest6  (cost=0.43..8.45 rows=1 width=490)
	        Index Cond: (id = 5617282)

table 7 : explain UPDATE sbtest7 SET c='foobar' WHERE id=8793772
	Update on sbtest7  (cost=0.43..8.45 rows=0 width=0)
	  ->  Index Scan using sbtest7_pkey on sbtest7  (cost=0.43..8.45 rows=1 width=490)
	        Index Cond: (id = 8793772)

table 8 : explain UPDATE sbtest8 SET c='foobar' WHERE id=2403468
	Update on sbtest8  (cost=0.43..8.45 rows=0 width=0)
	  ->  Index Scan using sbtest8_pkey on sbtest8  (cost=0.43..8.45 rows=1 width=490)
	        Index Cond: (id = 2403468)

for: distinct_ranges
table 1 : explain SELECT DISTINCT c FROM sbtest1 WHERE id BETWEEN 9908986 AND 9909085 ORDER BY c
	Unique  (cost=402.18..402.69 rows=102 width=121)
	  ->  Sort  (cost=402.18..402.43 rows=102 width=121)
	        Sort Key: c
	        ->  Index Scan using sbtest1_pkey on sbtest1  (cost=0.43..398.78 rows=102 width=121)
	              Index Cond: ((id >= 9908986) AND (id <= 9909085))

table 2 : explain SELECT DISTINCT c FROM sbtest2 WHERE id BETWEEN 9192266 AND 9192365 ORDER BY c
	Unique  (cost=385.70..386.19 rows=98 width=121)
	  ->  Sort  (cost=385.70..385.94 rows=98 width=121)
	        Sort Key: c
	        ->  Index Scan using sbtest2_pkey on sbtest2  (cost=0.43..382.46 rows=98 width=121)
	              Index Cond: ((id >= 9192266) AND (id <= 9192365))

table 3 : explain SELECT DISTINCT c FROM sbtest3 WHERE id BETWEEN 397581 AND 397680 ORDER BY c
	Unique  (cost=367.55..368.01 rows=93 width=121)
	  ->  Sort  (cost=367.55..367.78 rows=93 width=121)
	        Sort Key: c
	        ->  Index Scan using sbtest3_pkey on sbtest3  (cost=0.43..364.51 rows=93 width=121)
	              Index Cond: ((id >= 397581) AND (id <= 397680))

table 4 : explain SELECT DISTINCT c FROM sbtest4 WHERE id BETWEEN 5968893 AND 5968992 ORDER BY c
	Unique  (cost=393.35..393.85 rows=100 width=121)
	  ->  Sort  (cost=393.35..393.60 rows=100 width=121)
	        Sort Key: c
	        ->  Index Scan using sbtest4_pkey on sbtest4  (cost=0.43..390.03 rows=100 width=121)
	              Index Cond: ((id >= 5968893) AND (id <= 5968992))

table 5 : explain SELECT DISTINCT c FROM sbtest5 WHERE id BETWEEN 7511856 AND 7511955 ORDER BY c
	Unique  (cost=373.37..373.84 rows=95 width=121)
	  ->  Sort  (cost=373.37..373.60 rows=95 width=121)
	        Sort Key: c
	        ->  Index Scan using sbtest5_pkey on sbtest5  (cost=0.43..370.25 rows=95 width=121)
	              Index Cond: ((id >= 7511856) AND (id <= 7511955))

table 6 : explain SELECT DISTINCT c FROM sbtest6 WHERE id BETWEEN 9296309 AND 9296408 ORDER BY c
	Unique  (cost=385.45..385.94 rows=98 width=121)
	  ->  Sort  (cost=385.45..385.69 rows=98 width=121)
	        Sort Key: c
	        ->  Index Scan using sbtest6_pkey on sbtest6  (cost=0.43..382.21 rows=98 width=121)
	              Index Cond: ((id >= 9296309) AND (id <= 9296408))

table 7 : explain SELECT DISTINCT c FROM sbtest7 WHERE id BETWEEN 2614950 AND 2615049 ORDER BY c
	Unique  (cost=399.80..400.31 rows=102 width=121)
	  ->  Sort  (cost=399.80..400.06 rows=102 width=121)
	        Sort Key: c
	        ->  Index Scan using sbtest7_pkey on sbtest7  (cost=0.43..396.40 rows=102 width=121)
	              Index Cond: ((id >= 2614950) AND (id <= 2615049))

table 8 : explain SELECT DISTINCT c FROM sbtest8 WHERE id BETWEEN 5909479 AND 5909578 ORDER BY c
	Unique  (cost=369.06..369.53 rows=94 width=121)
	  ->  Sort  (cost=369.06..369.29 rows=94 width=121)
	        Sort Key: c
	        ->  Index Scan using sbtest8_pkey on sbtest8  (cost=0.43..365.98 rows=94 width=121)
	              Index Cond: ((id >= 5909479) AND (id <= 5909578))

for index_updates
table 1 : explain UPDATE sbtest1 SET k=k+1 WHERE id=5748706
	Update on sbtest1  (cost=0.43..8.46 rows=0 width=0)
	  ->  Index Scan using sbtest1_pkey on sbtest1  (cost=0.43..8.46 rows=1 width=10)
	        Index Cond: (id = 5748706)

table 2 : explain UPDATE sbtest2 SET k=k+1 WHERE id=3157527
	Update on sbtest2  (cost=0.43..8.46 rows=0 width=0)
	  ->  Index Scan using sbtest2_pkey on sbtest2  (cost=0.43..8.46 rows=1 width=10)
	        Index Cond: (id = 3157527)

table 3 : explain UPDATE sbtest3 SET k=k+1 WHERE id=9596651
	Update on sbtest3  (cost=0.43..8.46 rows=0 width=0)
	  ->  Index Scan using sbtest3_pkey on sbtest3  (cost=0.43..8.46 rows=1 width=10)
	        Index Cond: (id = 9596651)

table 4 : explain UPDATE sbtest4 SET k=k+1 WHERE id=1772150
	Update on sbtest4  (cost=0.43..8.46 rows=0 width=0)
	  ->  Index Scan using sbtest4_pkey on sbtest4  (cost=0.43..8.46 rows=1 width=10)
	        Index Cond: (id = 1772150)

table 5 : explain UPDATE sbtest5 SET k=k+1 WHERE id=6721660
	Update on sbtest5  (cost=0.43..8.46 rows=0 width=0)
	  ->  Index Scan using sbtest5_pkey on sbtest5  (cost=0.43..8.46 rows=1 width=10)
	        Index Cond: (id = 6721660)

table 6 : explain UPDATE sbtest6 SET k=k+1 WHERE id=6238466
	Update on sbtest6  (cost=0.43..8.46 rows=0 width=0)
	  ->  Index Scan using sbtest6_pkey on sbtest6  (cost=0.43..8.46 rows=1 width=10)
	        Index Cond: (id = 6238466)

table 7 : explain UPDATE sbtest7 SET k=k+1 WHERE id=9434568
	Update on sbtest7  (cost=0.43..8.46 rows=0 width=0)
	  ->  Index Scan using sbtest7_pkey on sbtest7  (cost=0.43..8.46 rows=1 width=10)
	        Index Cond: (id = 9434568)

table 8 : explain UPDATE sbtest8 SET k=k+1 WHERE id=5975668
	Update on sbtest8  (cost=0.43..8.46 rows=0 width=0)
	  ->  Index Scan using sbtest8_pkey on sbtest8  (cost=0.43..8.46 rows=1 width=10)
	        Index Cond: (id = 5975668)

explain: for index_updates :: explain UPDATE sbtest%u SET k=k+1 WHERE id=%u
explain: for deletes :: explain DELETE FROM sbtest%u WHERE id=%u
explain: for non_index_updates :: explain UPDATE sbtest%u SET c='foobar' WHERE id=%u
for index_updates
table 1 : explain UPDATE sbtest1 SET k=k+1 WHERE id=7042397
	Update on sbtest1  (cost=0.43..8.46 rows=0 width=0)
	  ->  Index Scan using sbtest1_pkey on sbtest1  (cost=0.43..8.46 rows=1 width=10)
	        Index Cond: (id = 7042397)

table 2 : explain UPDATE sbtest2 SET k=k+1 WHERE id=2302326
	Update on sbtest2  (cost=0.43..8.46 rows=0 width=0)
	  ->  Index Scan using sbtest2_pkey on sbtest2  (cost=0.43..8.46 rows=1 width=10)
	        Index Cond: (id = 2302326)

table 3 : explain UPDATE sbtest3 SET k=k+1 WHERE id=4951807
	Update on sbtest3  (cost=0.43..8.46 rows=0 width=0)
	  ->  Index Scan using sbtest3_pkey on sbtest3  (cost=0.43..8.46 rows=1 width=10)
	        Index Cond: (id = 4951807)

table 4 : explain UPDATE sbtest4 SET k=k+1 WHERE id=6826367
	Update on sbtest4  (cost=0.43..8.46 rows=0 width=0)
	  ->  Index Scan using sbtest4_pkey on sbtest4  (cost=0.43..8.46 rows=1 width=10)
	        Index Cond: (id = 6826367)

table 5 : explain UPDATE sbtest5 SET k=k+1 WHERE id=1563845
	Update on sbtest5  (cost=0.43..8.46 rows=0 width=0)
	  ->  Index Scan using sbtest5_pkey on sbtest5  (cost=0.43..8.46 rows=1 width=10)
	        Index Cond: (id = 1563845)

table 6 : explain UPDATE sbtest6 SET k=k+1 WHERE id=8715041
	Update on sbtest6  (cost=0.43..8.46 rows=0 width=0)
	  ->  Index Scan using sbtest6_pkey on sbtest6  (cost=0.43..8.46 rows=1 width=10)
	        Index Cond: (id = 8715041)

table 7 : explain UPDATE sbtest7 SET k=k+1 WHERE id=7705803
	Update on sbtest7  (cost=0.43..8.46 rows=0 width=0)
	  ->  Index Scan using sbtest7_pkey on sbtest7  (cost=0.43..8.46 rows=1 width=10)
	        Index Cond: (id = 7705803)

table 8 : explain UPDATE sbtest8 SET k=k+1 WHERE id=3252976
	Update on sbtest8  (cost=0.43..8.46 rows=0 width=0)
	  ->  Index Scan using sbtest8_pkey on sbtest8  (cost=0.43..8.46 rows=1 width=10)
	        Index Cond: (id = 3252976)

for index_updates
table 1 : explain UPDATE sbtest1 SET k=k+1 WHERE id=2488171
	Update on sbtest1  (cost=0.43..8.46 rows=0 width=0)
	  ->  Index Scan using sbtest1_pkey on sbtest1  (cost=0.43..8.46 rows=1 width=10)
	        Index Cond: (id = 2488171)

table 2 : explain UPDATE sbtest2 SET k=k+1 WHERE id=9998852
	Update on sbtest2  (cost=0.43..8.46 rows=0 width=0)
	  ->  Index Scan using sbtest2_pkey on sbtest2  (cost=0.43..8.46 rows=1 width=10)
	        Index Cond: (id = 9998852)

table 3 : explain UPDATE sbtest3 SET k=k+1 WHERE id=4343289
	Update on sbtest3  (cost=0.43..8.46 rows=0 width=0)
	  ->  Index Scan using sbtest3_pkey on sbtest3  (cost=0.43..8.46 rows=1 width=10)
	        Index Cond: (id = 4343289)

table 4 : explain UPDATE sbtest4 SET k=k+1 WHERE id=8561586
	Update on sbtest4  (cost=0.43..8.46 rows=0 width=0)
	  ->  Index Scan using sbtest4_pkey on sbtest4  (cost=0.43..8.46 rows=1 width=10)
	        Index Cond: (id = 8561586)

table 5 : explain UPDATE sbtest5 SET k=k+1 WHERE id=9856984
	Update on sbtest5  (cost=0.43..8.46 rows=0 width=0)
	  ->  Index Scan using sbtest5_pkey on sbtest5  (cost=0.43..8.46 rows=1 width=10)
	        Index Cond: (id = 9856984)

table 6 : explain UPDATE sbtest6 SET k=k+1 WHERE id=6364231
	Update on sbtest6  (cost=0.43..8.46 rows=0 width=0)
	  ->  Index Scan using sbtest6_pkey on sbtest6  (cost=0.43..8.46 rows=1 width=10)
	        Index Cond: (id = 6364231)

table 7 : explain UPDATE sbtest7 SET k=k+1 WHERE id=5919178
	Update on sbtest7  (cost=0.43..8.46 rows=0 width=0)
	  ->  Index Scan using sbtest7_pkey on sbtest7  (cost=0.43..8.46 rows=1 width=10)
	        Index Cond: (id = 5919178)

table 8 : explain UPDATE sbtest8 SET k=k+1 WHERE id=2707749
	Update on sbtest8  (cost=0.43..8.46 rows=0 width=0)
	  ->  Index Scan using sbtest8_pkey on sbtest8  (cost=0.43..8.46 rows=1 width=10)
	        Index Cond: (id = 2707749)

for deletes
table 1 : explain DELETE FROM sbtest1 WHERE id=7059416
	Delete on sbtest1  (cost=0.43..8.45 rows=0 width=0)
	  ->  Index Scan using sbtest1_pkey on sbtest1  (cost=0.43..8.45 rows=1 width=6)
	        Index Cond: (id = 7059416)

table 2 : explain DELETE FROM sbtest2 WHERE id=6432657
	Delete on sbtest2  (cost=0.43..8.45 rows=0 width=0)
	  ->  Index Scan using sbtest2_pkey on sbtest2  (cost=0.43..8.45 rows=1 width=6)
	        Index Cond: (id = 6432657)

table 3 : explain DELETE FROM sbtest3 WHERE id=6350333
	Delete on sbtest3  (cost=0.43..8.45 rows=0 width=0)
	  ->  Index Scan using sbtest3_pkey on sbtest3  (cost=0.43..8.45 rows=1 width=6)
	        Index Cond: (id = 6350333)

table 4 : explain DELETE FROM sbtest4 WHERE id=6642340
	Delete on sbtest4  (cost=0.43..8.45 rows=0 width=0)
	  ->  Index Scan using sbtest4_pkey on sbtest4  (cost=0.43..8.45 rows=1 width=6)
	        Index Cond: (id = 6642340)

table 5 : explain DELETE FROM sbtest5 WHERE id=7864000
	Delete on sbtest5  (cost=0.43..8.45 rows=0 width=0)
	  ->  Index Scan using sbtest5_pkey on sbtest5  (cost=0.43..8.45 rows=1 width=6)
	        Index Cond: (id = 7864000)

table 6 : explain DELETE FROM sbtest6 WHERE id=2892339
	Delete on sbtest6  (cost=0.43..8.45 rows=0 width=0)
	  ->  Index Scan using sbtest6_pkey on sbtest6  (cost=0.43..8.45 rows=1 width=6)
	        Index Cond: (id = 2892339)

table 7 : explain DELETE FROM sbtest7 WHERE id=4350330
	Delete on sbtest7  (cost=0.43..8.45 rows=0 width=0)
	  ->  Index Scan using sbtest7_pkey on sbtest7  (cost=0.43..8.45 rows=1 width=6)
	        Index Cond: (id = 4350330)

table 8 : explain DELETE FROM sbtest8 WHERE id=4797625
	Delete on sbtest8  (cost=0.43..8.45 rows=0 width=0)
	  ->  Index Scan using sbtest8_pkey on sbtest8  (cost=0.43..8.45 rows=1 width=6)
	        Index Cond: (id = 4797625)

explain: for non_index_updates :: explain UPDATE sbtest%u SET c='foobar' WHERE id=%u
for index_updates
table 1 : explain UPDATE sbtest1 SET k=k+1 WHERE id=1627279
	Update on sbtest1  (cost=0.43..8.46 rows=0 width=0)
	  ->  Index Scan using sbtest1_pkey on sbtest1  (cost=0.43..8.46 rows=1 width=10)
	        Index Cond: (id = 1627279)

table 2 : explain UPDATE sbtest2 SET k=k+1 WHERE id=7504132
	Update on sbtest2  (cost=0.43..8.46 rows=0 width=0)
	  ->  Index Scan using sbtest2_pkey on sbtest2  (cost=0.43..8.46 rows=1 width=10)
	        Index Cond: (id = 7504132)

table 3 : explain UPDATE sbtest3 SET k=k+1 WHERE id=1491748
	Update on sbtest3  (cost=0.43..8.46 rows=0 width=0)
	  ->  Index Scan using sbtest3_pkey on sbtest3  (cost=0.43..8.46 rows=1 width=10)
	        Index Cond: (id = 1491748)

table 4 : explain UPDATE sbtest4 SET k=k+1 WHERE id=4432664
	Update on sbtest4  (cost=0.43..8.46 rows=0 width=0)
	  ->  Index Scan using sbtest4_pkey on sbtest4  (cost=0.43..8.46 rows=1 width=10)
	        Index Cond: (id = 4432664)

table 5 : explain UPDATE sbtest5 SET k=k+1 WHERE id=4619624
	Update on sbtest5  (cost=0.43..8.46 rows=0 width=0)
	  ->  Index Scan using sbtest5_pkey on sbtest5  (cost=0.43..8.46 rows=1 width=10)
	        Index Cond: (id = 4619624)

table 6 : explain UPDATE sbtest6 SET k=k+1 WHERE id=2651919
	Update on sbtest6  (cost=0.43..8.46 rows=0 width=0)
	  ->  Index Scan using sbtest6_pkey on sbtest6  (cost=0.43..8.46 rows=1 width=10)
	        Index Cond: (id = 2651919)

table 7 : explain UPDATE sbtest7 SET k=k+1 WHERE id=1288266
	Update on sbtest7  (cost=0.43..8.46 rows=0 width=0)
	  ->  Index Scan using sbtest7_pkey on sbtest7  (cost=0.43..8.46 rows=1 width=10)
	        Index Cond: (id = 1288266)

table 8 : explain UPDATE sbtest8 SET k=k+1 WHERE id=2349641
	Update on sbtest8  (cost=0.43..8.46 rows=0 width=0)
	  ->  Index Scan using sbtest8_pkey on sbtest8  (cost=0.43..8.46 rows=1 width=10)
	        Index Cond: (id = 2349641)

for non_index_updates
table 1 : explain UPDATE sbtest1 SET c='foobar' WHERE id=416010
	Update on sbtest1  (cost=0.43..8.45 rows=0 width=0)
	  ->  Index Scan using sbtest1_pkey on sbtest1  (cost=0.43..8.45 rows=1 width=490)
	        Index Cond: (id = 416010)

table 2 : explain UPDATE sbtest2 SET c='foobar' WHERE id=8316000
	Update on sbtest2  (cost=0.43..8.45 rows=0 width=0)
	  ->  Index Scan using sbtest2_pkey on sbtest2  (cost=0.43..8.45 rows=1 width=490)
	        Index Cond: (id = 8316000)

table 3 : explain UPDATE sbtest3 SET c='foobar' WHERE id=8072671
	Update on sbtest3  (cost=0.43..8.45 rows=0 width=0)
	  ->  Index Scan using sbtest3_pkey on sbtest3  (cost=0.43..8.45 rows=1 width=490)
	        Index Cond: (id = 8072671)

table 4 : explain UPDATE sbtest4 SET c='foobar' WHERE id=3889444
	Update on sbtest4  (cost=0.43..8.45 rows=0 width=0)
	  ->  Index Scan using sbtest4_pkey on sbtest4  (cost=0.43..8.45 rows=1 width=490)
	        Index Cond: (id = 3889444)

table 5 : explain UPDATE sbtest5 SET c='foobar' WHERE id=8485149
	Update on sbtest5  (cost=0.43..8.45 rows=0 width=0)
	  ->  Index Scan using sbtest5_pkey on sbtest5  (cost=0.43..8.45 rows=1 width=490)
	        Index Cond: (id = 8485149)

table 6 : explain UPDATE sbtest6 SET c='foobar' WHERE id=7731214
	Update on sbtest6  (cost=0.43..8.45 rows=0 width=0)
	  ->  Index Scan using sbtest6_pkey on sbtest6  (cost=0.43..8.45 rows=1 width=490)
	        Index Cond: (id = 7731214)

table 7 : explain UPDATE sbtest7 SET c='foobar' WHERE id=6826752
	Update on sbtest7  (cost=0.43..8.45 rows=0 width=0)
	  ->  Index Scan using sbtest7_pkey on sbtest7  (cost=0.43..8.45 rows=1 width=490)
	        Index Cond: (id = 6826752)

table 8 : explain UPDATE sbtest8 SET c='foobar' WHERE id=3825412
	Update on sbtest8  (cost=0.43..8.45 rows=0 width=0)
	  ->  Index Scan using sbtest8_pkey on sbtest8  (cost=0.43..8.45 rows=1 width=490)
	        Index Cond: (id = 3825412)

explain: for index_updates :: explain UPDATE sbtest%u SET k=k+1 WHERE id=%u
for: distinct_ranges
table 1 : explain SELECT DISTINCT c FROM sbtest1 WHERE id BETWEEN 3879009 AND 3879108 ORDER BY c
	Unique  (cost=382.66..383.14 rows=97 width=121)
	  ->  Sort  (cost=382.66..382.90 rows=97 width=121)
	        Sort Key: c
	        ->  Index Scan using sbtest1_pkey on sbtest1  (cost=0.43..379.46 rows=97 width=121)
	              Index Cond: ((id >= 3879009) AND (id <= 3879108))

table 2 : explain SELECT DISTINCT c FROM sbtest2 WHERE id BETWEEN 3295471 AND 3295570 ORDER BY c
	Unique  (cost=409.11..409.63 rows=104 width=121)
	  ->  Sort  (cost=409.11..409.37 rows=104 width=121)
	        Sort Key: c
	        ->  Index Scan using sbtest2_pkey on sbtest2  (cost=0.43..405.63 rows=104 width=121)
	              Index Cond: ((id >= 3295471) AND (id <= 3295570))

table 3 : explain SELECT DISTINCT c FROM sbtest3 WHERE id BETWEEN 3775608 AND 3775707 ORDER BY c
	Unique  (cost=410.59..411.11 rows=104 width=121)
	  ->  Sort  (cost=410.59..410.85 rows=104 width=121)
	        Sort Key: c
	        ->  Index Scan using sbtest3_pkey on sbtest3  (cost=0.43..407.11 rows=104 width=121)
	              Index Cond: ((id >= 3775608) AND (id <= 3775707))

table 4 : explain SELECT DISTINCT c FROM sbtest4 WHERE id BETWEEN 5315649 AND 5315748 ORDER BY c
	Unique  (cost=381.67..382.16 rows=97 width=121)
	  ->  Sort  (cost=381.67..381.91 rows=97 width=121)
	        Sort Key: c
	        ->  Index Scan using sbtest4_pkey on sbtest4  (cost=0.43..378.47 rows=97 width=121)
	              Index Cond: ((id >= 5315649) AND (id <= 5315748))

table 5 : explain SELECT DISTINCT c FROM sbtest5 WHERE id BETWEEN 6069821 AND 6069920 ORDER BY c
	Unique  (cost=408.40..408.92 rows=104 width=121)
	  ->  Sort  (cost=408.40..408.66 rows=104 width=121)
	        Sort Key: c
	        ->  Index Scan using sbtest5_pkey on sbtest5  (cost=0.43..404.92 rows=104 width=121)
	              Index Cond: ((id >= 6069821) AND (id <= 6069920))

table 6 : explain SELECT DISTINCT c FROM sbtest6 WHERE id BETWEEN 924659 AND 924758 ORDER BY c
	Unique  (cost=373.77..374.24 rows=95 width=121)
	  ->  Sort  (cost=373.77..374.01 rows=95 width=121)
	        Sort Key: c
	        ->  Index Scan using sbtest6_pkey on sbtest6  (cost=0.43..370.65 rows=95 width=121)
	              Index Cond: ((id >= 924659) AND (id <= 924758))

table 7 : explain SELECT DISTINCT c FROM sbtest7 WHERE id BETWEEN 5958326 AND 5958425 ORDER BY c
	Unique  (cost=415.32..415.85 rows=106 width=121)
	  ->  Sort  (cost=415.32..415.59 rows=106 width=121)
	        Sort Key: c
	        ->  Index Scan using sbtest7_pkey on sbtest7  (cost=0.43..411.76 rows=106 width=121)
	              Index Cond: ((id >= 5958326) AND (id <= 5958425))

table 8 : explain SELECT DISTINCT c FROM sbtest8 WHERE id BETWEEN 9387207 AND 9387306 ORDER BY c
	Unique  (cost=400.17..400.68 rows=102 width=121)
	  ->  Sort  (cost=400.17..400.43 rows=102 width=121)
	        Sort Key: c
	        ->  Index Scan using sbtest8_pkey on sbtest8  (cost=0.43..396.77 rows=102 width=121)
	              Index Cond: ((id >= 9387207) AND (id <= 9387306))

explain: for non_index_updates :: explain UPDATE sbtest%u SET c='foobar' WHERE id=%u
explain: for deletes :: explain DELETE FROM sbtest%u WHERE id=%u
explain: for inserts :: explain INSERT INTO sbtest%u (id, k, c, pad) VALUES (%u, 13, 'foobar', 'foobar')
for non_index_updates
table 1 : explain UPDATE sbtest1 SET c='foobar' WHERE id=2507904
	Update on sbtest1  (cost=0.43..8.45 rows=0 width=0)
	  ->  Index Scan using sbtest1_pkey on sbtest1  (cost=0.43..8.45 rows=1 width=490)
	        Index Cond: (id = 2507904)

table 2 : explain UPDATE sbtest2 SET c='foobar' WHERE id=2469933
	Update on sbtest2  (cost=0.43..8.45 rows=0 width=0)
	  ->  Index Scan using sbtest2_pkey on sbtest2  (cost=0.43..8.45 rows=1 width=490)
	        Index Cond: (id = 2469933)

table 3 : explain UPDATE sbtest3 SET c='foobar' WHERE id=5073477
	Update on sbtest3  (cost=0.43..8.45 rows=0 width=0)
	  ->  Index Scan using sbtest3_pkey on sbtest3  (cost=0.43..8.45 rows=1 width=490)
	        Index Cond: (id = 5073477)

table 4 : explain UPDATE sbtest4 SET c='foobar' WHERE id=4488188
	Update on sbtest4  (cost=0.43..8.45 rows=0 width=0)
	  ->  Index Scan using sbtest4_pkey on sbtest4  (cost=0.43..8.45 rows=1 width=490)
	        Index Cond: (id = 4488188)

table 5 : explain UPDATE sbtest5 SET c='foobar' WHERE id=9360188
	Update on sbtest5  (cost=0.43..8.45 rows=0 width=0)
	  ->  Index Scan using sbtest5_pkey on sbtest5  (cost=0.43..8.45 rows=1 width=490)
	        Index Cond: (id = 9360188)

table 6 : explain UPDATE sbtest6 SET c='foobar' WHERE id=860258
	Update on sbtest6  (cost=0.43..8.45 rows=0 width=0)
	  ->  Index Scan using sbtest6_pkey on sbtest6  (cost=0.43..8.45 rows=1 width=490)
	        Index Cond: (id = 860258)

table 7 : explain UPDATE sbtest7 SET c='foobar' WHERE id=1572683
	Update on sbtest7  (cost=0.43..8.45 rows=0 width=0)
	  ->  Index Scan using sbtest7_pkey on sbtest7  (cost=0.43..8.45 rows=1 width=490)
	        Index Cond: (id = 1572683)

table 8 : explain UPDATE sbtest8 SET c='foobar' WHERE id=9985651
	Update on sbtest8  (cost=0.43..8.45 rows=0 width=0)
	  ->  Index Scan using sbtest8_pkey on sbtest8  (cost=0.43..8.45 rows=1 width=490)
	        Index Cond: (id = 9985651)

explain: for index_updates :: explain UPDATE sbtest%u SET k=k+1 WHERE id=%u
for index_updates
table 1 : explain UPDATE sbtest1 SET k=k+1 WHERE id=1342531
	Update on sbtest1  (cost=0.43..8.46 rows=0 width=0)
	  ->  Index Scan using sbtest1_pkey on sbtest1  (cost=0.43..8.46 rows=1 width=10)
	        Index Cond: (id = 1342531)

table 2 : explain UPDATE sbtest2 SET k=k+1 WHERE id=6998558
	Update on sbtest2  (cost=0.43..8.46 rows=0 width=0)
	  ->  Index Scan using sbtest2_pkey on sbtest2  (cost=0.43..8.46 rows=1 width=10)
	        Index Cond: (id = 6998558)

table 3 : explain UPDATE sbtest3 SET k=k+1 WHERE id=9931032
	Update on sbtest3  (cost=0.43..8.46 rows=0 width=0)
	  ->  Index Scan using sbtest3_pkey on sbtest3  (cost=0.43..8.46 rows=1 width=10)
	        Index Cond: (id = 9931032)

table 4 : explain UPDATE sbtest4 SET k=k+1 WHERE id=6245083
	Update on sbtest4  (cost=0.43..8.46 rows=0 width=0)
	  ->  Index Scan using sbtest4_pkey on sbtest4  (cost=0.43..8.46 rows=1 width=10)
	        Index Cond: (id = 6245083)

table 5 : explain UPDATE sbtest5 SET k=k+1 WHERE id=6824686
	Update on sbtest5  (cost=0.43..8.46 rows=0 width=0)
	  ->  Index Scan using sbtest5_pkey on sbtest5  (cost=0.43..8.46 rows=1 width=10)
	        Index Cond: (id = 6824686)

table 6 : explain UPDATE sbtest6 SET k=k+1 WHERE id=4988462
	Update on sbtest6  (cost=0.43..8.46 rows=0 width=0)
	  ->  Index Scan using sbtest6_pkey on sbtest6  (cost=0.43..8.46 rows=1 width=10)
	        Index Cond: (id = 4988462)

table 7 : explain UPDATE sbtest7 SET k=k+1 WHERE id=4631843
	Update on sbtest7  (cost=0.43..8.46 rows=0 width=0)
	  ->  Index Scan using sbtest7_pkey on sbtest7  (cost=0.43..8.46 rows=1 width=10)
	        Index Cond: (id = 4631843)

table 8 : explain UPDATE sbtest8 SET k=k+1 WHERE id=1659815
	Update on sbtest8  (cost=0.43..8.46 rows=0 width=0)
	  ->  Index Scan using sbtest8_pkey on sbtest8  (cost=0.43..8.46 rows=1 width=10)
	        Index Cond: (id = 1659815)

explain: for deletes :: explain DELETE FROM sbtest%u WHERE id=%u
for inserts
table 1 : explain INSERT INTO sbtest1 (id, k, c, pad) VALUES (3792389, 13, 'foobar', 'foobar')
	Insert on sbtest1  (cost=0.00..0.01 rows=0 width=0)
	  ->  Result  (cost=0.00..0.01 rows=1 width=736)

table 2 : explain INSERT INTO sbtest2 (id, k, c, pad) VALUES (1849814, 13, 'foobar', 'foobar')
	Insert on sbtest2  (cost=0.00..0.01 rows=0 width=0)
	  ->  Result  (cost=0.00..0.01 rows=1 width=736)

table 3 : explain INSERT INTO sbtest3 (id, k, c, pad) VALUES (3316607, 13, 'foobar', 'foobar')
	Insert on sbtest3  (cost=0.00..0.01 rows=0 width=0)
	  ->  Result  (cost=0.00..0.01 rows=1 width=736)

table 4 : explain INSERT INTO sbtest4 (id, k, c, pad) VALUES (3974805, 13, 'foobar', 'foobar')
	Insert on sbtest4  (cost=0.00..0.01 rows=0 width=0)
	  ->  Result  (cost=0.00..0.01 rows=1 width=736)

table 5 : explain INSERT INTO sbtest5 (id, k, c, pad) VALUES (4194425, 13, 'foobar', 'foobar')
	Insert on sbtest5  (cost=0.00..0.01 rows=0 width=0)
	  ->  Result  (cost=0.00..0.01 rows=1 width=736)

table 6 : explain INSERT INTO sbtest6 (id, k, c, pad) VALUES (5256692, 13, 'foobar', 'foobar')
	Insert on sbtest6  (cost=0.00..0.01 rows=0 width=0)
	  ->  Result  (cost=0.00..0.01 rows=1 width=736)

table 7 : explain INSERT INTO sbtest7 (id, k, c, pad) VALUES (135077, 13, 'foobar', 'foobar')
	Insert on sbtest7  (cost=0.00..0.01 rows=0 width=0)
	  ->  Result  (cost=0.00..0.01 rows=1 width=736)

table 8 : explain INSERT INTO sbtest8 (id, k, c, pad) VALUES (3926112, 13, 'foobar', 'foobar')
	Insert on sbtest8  (cost=0.00..0.01 rows=0 width=0)
	  ->  Result  (cost=0.00..0.01 rows=1 width=736)

for deletes
table 1 : explain DELETE FROM sbtest1 WHERE id=8217631
	Delete on sbtest1  (cost=0.43..8.45 rows=0 width=0)
	  ->  Index Scan using sbtest1_pkey on sbtest1  (cost=0.43..8.45 rows=1 width=6)
	        Index Cond: (id = 8217631)

table 2 : explain DELETE FROM sbtest2 WHERE id=1986938
	Delete on sbtest2  (cost=0.43..8.45 rows=0 width=0)
	  ->  Index Scan using sbtest2_pkey on sbtest2  (cost=0.43..8.45 rows=1 width=6)
	        Index Cond: (id = 1986938)

table 3 : explain DELETE FROM sbtest3 WHERE id=394741
	Delete on sbtest3  (cost=0.43..8.45 rows=0 width=0)
	  ->  Index Scan using sbtest3_pkey on sbtest3  (cost=0.43..8.45 rows=1 width=6)
	        Index Cond: (id = 394741)

table 4 : explain DELETE FROM sbtest4 WHERE id=9101900
	Delete on sbtest4  (cost=0.43..8.45 rows=0 width=0)
	  ->  Index Scan using sbtest4_pkey on sbtest4  (cost=0.43..8.45 rows=1 width=6)
	        Index Cond: (id = 9101900)

table 5 : explain DELETE FROM sbtest5 WHERE id=4680540
	Delete on sbtest5  (cost=0.43..8.45 rows=0 width=0)
	  ->  Index Scan using sbtest5_pkey on sbtest5  (cost=0.43..8.45 rows=1 width=6)
	        Index Cond: (id = 4680540)

table 6 : explain DELETE FROM sbtest6 WHERE id=9861373
	Delete on sbtest6  (cost=0.43..8.45 rows=0 width=0)
	  ->  Index Scan using sbtest6_pkey on sbtest6  (cost=0.43..8.45 rows=1 width=6)
	        Index Cond: (id = 9861373)

table 7 : explain DELETE FROM sbtest7 WHERE id=3791133
	Delete on sbtest7  (cost=0.43..8.45 rows=0 width=0)
	  ->  Index Scan using sbtest7_pkey on sbtest7  (cost=0.43..8.45 rows=1 width=6)
	        Index Cond: (id = 3791133)

table 8 : explain DELETE FROM sbtest8 WHERE id=227868
	Delete on sbtest8  (cost=0.43..8.45 rows=0 width=0)
	  ->  Index Scan using sbtest8_pkey on sbtest8  (cost=0.43..8.45 rows=1 width=6)
	        Index Cond: (id = 227868)

explain: for non_index_updates :: explain UPDATE sbtest%u SET c='foobar' WHERE id=%u
for index_updates
table 1 : explain UPDATE sbtest1 SET k=k+1 WHERE id=4362367
	Update on sbtest1  (cost=0.43..8.46 rows=0 width=0)
	  ->  Index Scan using sbtest1_pkey on sbtest1  (cost=0.43..8.46 rows=1 width=10)
	        Index Cond: (id = 4362367)

table 2 : explain UPDATE sbtest2 SET k=k+1 WHERE id=8495561
	Update on sbtest2  (cost=0.43..8.46 rows=0 width=0)
	  ->  Index Scan using sbtest2_pkey on sbtest2  (cost=0.43..8.46 rows=1 width=10)
	        Index Cond: (id = 8495561)

table 3 : explain UPDATE sbtest3 SET k=k+1 WHERE id=9883100
	Update on sbtest3  (cost=0.43..8.46 rows=0 width=0)
	  ->  Index Scan using sbtest3_pkey on sbtest3  (cost=0.43..8.46 rows=1 width=10)
	        Index Cond: (id = 9883100)

table 4 : explain UPDATE sbtest4 SET k=k+1 WHERE id=7158999
	Update on sbtest4  (cost=0.43..8.46 rows=0 width=0)
	  ->  Index Scan using sbtest4_pkey on sbtest4  (cost=0.43..8.46 rows=1 width=10)
	        Index Cond: (id = 7158999)

table 5 : explain UPDATE sbtest5 SET k=k+1 WHERE id=9488830
	Update on sbtest5  (cost=0.43..8.46 rows=0 width=0)
	  ->  Index Scan using sbtest5_pkey on sbtest5  (cost=0.43..8.46 rows=1 width=10)
	        Index Cond: (id = 9488830)

table 6 : explain UPDATE sbtest6 SET k=k+1 WHERE id=9772045
	Update on sbtest6  (cost=0.43..8.46 rows=0 width=0)
	  ->  Index Scan using sbtest6_pkey on sbtest6  (cost=0.43..8.46 rows=1 width=10)
	        Index Cond: (id = 9772045)

table 7 : explain UPDATE sbtest7 SET k=k+1 WHERE id=2142384
	Update on sbtest7  (cost=0.43..8.46 rows=0 width=0)
	  ->  Index Scan using sbtest7_pkey on sbtest7  (cost=0.43..8.46 rows=1 width=10)
	        Index Cond: (id = 2142384)

table 8 : explain UPDATE sbtest8 SET k=k+1 WHERE id=593601
	Update on sbtest8  (cost=0.43..8.46 rows=0 width=0)
	  ->  Index Scan using sbtest8_pkey on sbtest8  (cost=0.43..8.46 rows=1 width=10)
	        Index Cond: (id = 593601)

explain: for non_index_updates :: explain UPDATE sbtest%u SET c='foobar' WHERE id=%u
for index_updates
table 1 : explain UPDATE sbtest1 SET k=k+1 WHERE id=233010
	Update on sbtest1  (cost=0.43..8.46 rows=0 width=0)
	  ->  Index Scan using sbtest1_pkey on sbtest1  (cost=0.43..8.46 rows=1 width=10)
	        Index Cond: (id = 233010)

table 2 : explain UPDATE sbtest2 SET k=k+1 WHERE id=5286933
	Update on sbtest2  (cost=0.43..8.46 rows=0 width=0)
	  ->  Index Scan using sbtest2_pkey on sbtest2  (cost=0.43..8.46 rows=1 width=10)
	        Index Cond: (id = 5286933)

table 3 : explain UPDATE sbtest3 SET k=k+1 WHERE id=870074
	Update on sbtest3  (cost=0.43..8.46 rows=0 width=0)
	  ->  Index Scan using sbtest3_pkey on sbtest3  (cost=0.43..8.46 rows=1 width=10)
	        Index Cond: (id = 870074)

table 4 : explain UPDATE sbtest4 SET k=k+1 WHERE id=135594
	Update on sbtest4  (cost=0.43..8.46 rows=0 width=0)
	  ->  Index Scan using sbtest4_pkey on sbtest4  (cost=0.43..8.46 rows=1 width=10)
	        Index Cond: (id = 135594)

table 5 : explain UPDATE sbtest5 SET k=k+1 WHERE id=313450
	Update on sbtest5  (cost=0.43..8.46 rows=0 width=0)
	  ->  Index Scan using sbtest5_pkey on sbtest5  (cost=0.43..8.46 rows=1 width=10)
	        Index Cond: (id = 313450)

table 6 : explain UPDATE sbtest6 SET k=k+1 WHERE id=8646198
	Update on sbtest6  (cost=0.43..8.46 rows=0 width=0)
	  ->  Index Scan using sbtest6_pkey on sbtest6  (cost=0.43..8.46 rows=1 width=10)
	        Index Cond: (id = 8646198)

table 7 : explain UPDATE sbtest7 SET k=k+1 WHERE id=2268018
	Update on sbtest7  (cost=0.43..8.46 rows=0 width=0)
	  ->  Index Scan using sbtest7_pkey on sbtest7  (cost=0.43..8.46 rows=1 width=10)
	        Index Cond: (id = 2268018)

table 8 : explain UPDATE sbtest8 SET k=k+1 WHERE id=7273342
	Update on sbtest8  (cost=0.43..8.46 rows=0 width=0)
	  ->  Index Scan using sbtest8_pkey on sbtest8  (cost=0.43..8.46 rows=1 width=10)
	        Index Cond: (id = 7273342)

explain: for inserts :: explain INSERT INTO sbtest%u (id, k, c, pad) VALUES (%u, 13, 'foobar', 'foobar')
explain: for non_index_updates :: explain UPDATE sbtest%u SET c='foobar' WHERE id=%u
for non_index_updates
table 1 : explain UPDATE sbtest1 SET c='foobar' WHERE id=5402929
	Update on sbtest1  (cost=0.43..8.45 rows=0 width=0)
	  ->  Index Scan using sbtest1_pkey on sbtest1  (cost=0.43..8.45 rows=1 width=490)
	        Index Cond: (id = 5402929)

table 2 : explain UPDATE sbtest2 SET c='foobar' WHERE id=6921984
	Update on sbtest2  (cost=0.43..8.45 rows=0 width=0)
	  ->  Index Scan using sbtest2_pkey on sbtest2  (cost=0.43..8.45 rows=1 width=490)
	        Index Cond: (id = 6921984)

table 3 : explain UPDATE sbtest3 SET c='foobar' WHERE id=4938671
	Update on sbtest3  (cost=0.43..8.45 rows=0 width=0)
	  ->  Index Scan using sbtest3_pkey on sbtest3  (cost=0.43..8.45 rows=1 width=490)
	        Index Cond: (id = 4938671)

table 4 : explain UPDATE sbtest4 SET c='foobar' WHERE id=9194187
	Update on sbtest4  (cost=0.43..8.45 rows=0 width=0)
	  ->  Index Scan using sbtest4_pkey on sbtest4  (cost=0.43..8.45 rows=1 width=490)
	        Index Cond: (id = 9194187)

table 5 : explain UPDATE sbtest5 SET c='foobar' WHERE id=312636
	Update on sbtest5  (cost=0.43..8.45 rows=0 width=0)
	  ->  Index Scan using sbtest5_pkey on sbtest5  (cost=0.43..8.45 rows=1 width=490)
	        Index Cond: (id = 312636)

table 6 : explain UPDATE sbtest6 SET c='foobar' WHERE id=9747342
	Update on sbtest6  (cost=0.43..8.45 rows=0 width=0)
	  ->  Index Scan using sbtest6_pkey on sbtest6  (cost=0.43..8.45 rows=1 width=490)
	        Index Cond: (id = 9747342)

table 7 : explain UPDATE sbtest7 SET c='foobar' WHERE id=8529461
	Update on sbtest7  (cost=0.43..8.45 rows=0 width=0)
	  ->  Index Scan using sbtest7_pkey on sbtest7  (cost=0.43..8.45 rows=1 width=490)
	        Index Cond: (id = 8529461)

table 8 : explain UPDATE sbtest8 SET c='foobar' WHERE id=7772930
	Update on sbtest8  (cost=0.43..8.45 rows=0 width=0)
	  ->  Index Scan using sbtest8_pkey on sbtest8  (cost=0.43..8.45 rows=1 width=490)
	        Index Cond: (id = 7772930)

for inserts
table 1 : explain INSERT INTO sbtest1 (id, k, c, pad) VALUES (1720271, 13, 'foobar', 'foobar')
	Insert on sbtest1  (cost=0.00..0.01 rows=0 width=0)
	  ->  Result  (cost=0.00..0.01 rows=1 width=736)

table 2 : explain INSERT INTO sbtest2 (id, k, c, pad) VALUES (1950666, 13, 'foobar', 'foobar')
	Insert on sbtest2  (cost=0.00..0.01 rows=0 width=0)
	  ->  Result  (cost=0.00..0.01 rows=1 width=736)

table 3 : explain INSERT INTO sbtest3 (id, k, c, pad) VALUES (1315160, 13, 'foobar', 'foobar')
	Insert on sbtest3  (cost=0.00..0.01 rows=0 width=0)
	  ->  Result  (cost=0.00..0.01 rows=1 width=736)

table 4 : explain INSERT INTO sbtest4 (id, k, c, pad) VALUES (253794, 13, 'foobar', 'foobar')
	Insert on sbtest4  (cost=0.00..0.01 rows=0 width=0)
	  ->  Result  (cost=0.00..0.01 rows=1 width=736)

table 5 : explain INSERT INTO sbtest5 (id, k, c, pad) VALUES (3456620, 13, 'foobar', 'foobar')
	Insert on sbtest5  (cost=0.00..0.01 rows=0 width=0)
	  ->  Result  (cost=0.00..0.01 rows=1 width=736)

table 6 : explain INSERT INTO sbtest6 (id, k, c, pad) VALUES (3949157, 13, 'foobar', 'foobar')
	Insert on sbtest6  (cost=0.00..0.01 rows=0 width=0)
	  ->  Result  (cost=0.00..0.01 rows=1 width=736)

table 7 : explain INSERT INTO sbtest7 (id, k, c, pad) VALUES (4768704, 13, 'foobar', 'foobar')
	Insert on sbtest7  (cost=0.00..0.01 rows=0 width=0)
	  ->  Result  (cost=0.00..0.01 rows=1 width=736)

table 8 : explain INSERT INTO sbtest8 (id, k, c, pad) VALUES (2291374, 13, 'foobar', 'foobar')
	Insert on sbtest8  (cost=0.00..0.01 rows=0 width=0)
	  ->  Result  (cost=0.00..0.01 rows=1 width=736)

for non_index_updates
table 1 : explain UPDATE sbtest1 SET c='foobar' WHERE id=6736867
	Update on sbtest1  (cost=0.43..8.45 rows=0 width=0)
	  ->  Index Scan using sbtest1_pkey on sbtest1  (cost=0.43..8.45 rows=1 width=490)
	        Index Cond: (id = 6736867)

table 2 : explain UPDATE sbtest2 SET c='foobar' WHERE id=2539651
	Update on sbtest2  (cost=0.43..8.45 rows=0 width=0)
	  ->  Index Scan using sbtest2_pkey on sbtest2  (cost=0.43..8.45 rows=1 width=490)
	        Index Cond: (id = 2539651)

table 3 : explain UPDATE sbtest3 SET c='foobar' WHERE id=3457486
	Update on sbtest3  (cost=0.43..8.45 rows=0 width=0)
	  ->  Index Scan using sbtest3_pkey on sbtest3  (cost=0.43..8.45 rows=1 width=490)
	        Index Cond: (id = 3457486)

table 4 : explain UPDATE sbtest4 SET c='foobar' WHERE id=1140191
	Update on sbtest4  (cost=0.43..8.45 rows=0 width=0)
	  ->  Index Scan using sbtest4_pkey on sbtest4  (cost=0.43..8.45 rows=1 width=490)
	        Index Cond: (id = 1140191)

table 5 : explain UPDATE sbtest5 SET c='foobar' WHERE id=9023275
	Update on sbtest5  (cost=0.43..8.45 rows=0 width=0)
	  ->  Index Scan using sbtest5_pkey on sbtest5  (cost=0.43..8.45 rows=1 width=490)
	        Index Cond: (id = 9023275)

table 6 : explain UPDATE sbtest6 SET c='foobar' WHERE id=4231353
	Update on sbtest6  (cost=0.43..8.45 rows=0 width=0)
	  ->  Index Scan using sbtest6_pkey on sbtest6  (cost=0.43..8.45 rows=1 width=490)
	        Index Cond: (id = 4231353)

table 7 : explain UPDATE sbtest7 SET c='foobar' WHERE id=2393265
	Update on sbtest7  (cost=0.43..8.45 rows=0 width=0)
	  ->  Index Scan using sbtest7_pkey on sbtest7  (cost=0.43..8.45 rows=1 width=490)
	        Index Cond: (id = 2393265)

table 8 : explain UPDATE sbtest8 SET c='foobar' WHERE id=1295039
	Update on sbtest8  (cost=0.43..8.45 rows=0 width=0)
	  ->  Index Scan using sbtest8_pkey on sbtest8  (cost=0.43..8.45 rows=1 width=490)
	        Index Cond: (id = 1295039)

explain: for non_index_updates :: explain UPDATE sbtest%u SET c='foobar' WHERE id=%u
explain: for deletes :: explain DELETE FROM sbtest%u WHERE id=%u
for non_index_updates
table 1 : explain UPDATE sbtest1 SET c='foobar' WHERE id=105871
	Update on sbtest1  (cost=0.43..8.45 rows=0 width=0)
	  ->  Index Scan using sbtest1_pkey on sbtest1  (cost=0.43..8.45 rows=1 width=490)
	        Index Cond: (id = 105871)

table 2 : explain UPDATE sbtest2 SET c='foobar' WHERE id=3776306
	Update on sbtest2  (cost=0.43..8.45 rows=0 width=0)
	  ->  Index Scan using sbtest2_pkey on sbtest2  (cost=0.43..8.45 rows=1 width=490)
	        Index Cond: (id = 3776306)

table 3 : explain UPDATE sbtest3 SET c='foobar' WHERE id=8946110
	Update on sbtest3  (cost=0.43..8.45 rows=0 width=0)
	  ->  Index Scan using sbtest3_pkey on sbtest3  (cost=0.43..8.45 rows=1 width=490)
	        Index Cond: (id = 8946110)

table 4 : explain UPDATE sbtest4 SET c='foobar' WHERE id=2634978
	Update on sbtest4  (cost=0.43..8.45 rows=0 width=0)
	  ->  Index Scan using sbtest4_pkey on sbtest4  (cost=0.43..8.45 rows=1 width=490)
	        Index Cond: (id = 2634978)

table 5 : explain UPDATE sbtest5 SET c='foobar' WHERE id=6317611
	Update on sbtest5  (cost=0.43..8.45 rows=0 width=0)
	  ->  Index Scan using sbtest5_pkey on sbtest5  (cost=0.43..8.45 rows=1 width=490)
	        Index Cond: (id = 6317611)

table 6 : explain UPDATE sbtest6 SET c='foobar' WHERE id=5375535
	Update on sbtest6  (cost=0.43..8.45 rows=0 width=0)
	  ->  Index Scan using sbtest6_pkey on sbtest6  (cost=0.43..8.45 rows=1 width=490)
	        Index Cond: (id = 5375535)

table 7 : explain UPDATE sbtest7 SET c='foobar' WHERE id=8102391
	Update on sbtest7  (cost=0.43..8.45 rows=0 width=0)
	  ->  Index Scan using sbtest7_pkey on sbtest7  (cost=0.43..8.45 rows=1 width=490)
	        Index Cond: (id = 8102391)

table 8 : explain UPDATE sbtest8 SET c='foobar' WHERE id=4912820
	Update on sbtest8  (cost=0.43..8.45 rows=0 width=0)
	  ->  Index Scan using sbtest8_pkey on sbtest8  (cost=0.43..8.45 rows=1 width=490)
	        Index Cond: (id = 4912820)

explain: for deletes :: explain DELETE FROM sbtest%u WHERE id=%u
explain: for deletes :: explain DELETE FROM sbtest%u WHERE id=%u
explain: for deletes :: explain DELETE FROM sbtest%u WHERE id=%u
for non_index_updates
table 1 : explain UPDATE sbtest1 SET c='foobar' WHERE id=8322471
	Update on sbtest1  (cost=0.43..8.45 rows=0 width=0)
	  ->  Index Scan using sbtest1_pkey on sbtest1  (cost=0.43..8.45 rows=1 width=490)
	        Index Cond: (id = 8322471)

table 2 : explain UPDATE sbtest2 SET c='foobar' WHERE id=8550471
	Update on sbtest2  (cost=0.43..8.45 rows=0 width=0)
	  ->  Index Scan using sbtest2_pkey on sbtest2  (cost=0.43..8.45 rows=1 width=490)
	        Index Cond: (id = 8550471)

table 3 : explain UPDATE sbtest3 SET c='foobar' WHERE id=6198789
	Update on sbtest3  (cost=0.43..8.45 rows=0 width=0)
	  ->  Index Scan using sbtest3_pkey on sbtest3  (cost=0.43..8.45 rows=1 width=490)
	        Index Cond: (id = 6198789)

table 4 : explain UPDATE sbtest4 SET c='foobar' WHERE id=4363968
	Update on sbtest4  (cost=0.43..8.45 rows=0 width=0)
	  ->  Index Scan using sbtest4_pkey on sbtest4  (cost=0.43..8.45 rows=1 width=490)
	        Index Cond: (id = 4363968)

table 5 : explain UPDATE sbtest5 SET c='foobar' WHERE id=5896062
	Update on sbtest5  (cost=0.43..8.45 rows=0 width=0)
	  ->  Index Scan using sbtest5_pkey on sbtest5  (cost=0.43..8.45 rows=1 width=490)
	        Index Cond: (id = 5896062)

table 6 : explain UPDATE sbtest6 SET c='foobar' WHERE id=4191746
	Update on sbtest6  (cost=0.43..8.45 rows=0 width=0)
	  ->  Index Scan using sbtest6_pkey on sbtest6  (cost=0.43..8.45 rows=1 width=490)
	        Index Cond: (id = 4191746)

table 7 : explain UPDATE sbtest7 SET c='foobar' WHERE id=5806688
	Update on sbtest7  (cost=0.43..8.45 rows=0 width=0)
	  ->  Index Scan using sbtest7_pkey on sbtest7  (cost=0.43..8.45 rows=1 width=490)
	        Index Cond: (id = 5806688)

table 8 : explain UPDATE sbtest8 SET c='foobar' WHERE id=9276375
	Update on sbtest8  (cost=0.43..8.45 rows=0 width=0)
	  ->  Index Scan using sbtest8_pkey on sbtest8  (cost=0.43..8.45 rows=1 width=490)
	        Index Cond: (id = 9276375)

for deletes
table 1 : explain DELETE FROM sbtest1 WHERE id=6632819
	Delete on sbtest1  (cost=0.43..8.45 rows=0 width=0)
	  ->  Index Scan using sbtest1_pkey on sbtest1  (cost=0.43..8.45 rows=1 width=6)
	        Index Cond: (id = 6632819)

table 2 : explain DELETE FROM sbtest2 WHERE id=1484329
	Delete on sbtest2  (cost=0.43..8.45 rows=0 width=0)
	  ->  Index Scan using sbtest2_pkey on sbtest2  (cost=0.43..8.45 rows=1 width=6)
	        Index Cond: (id = 1484329)

table 3 : explain DELETE FROM sbtest3 WHERE id=6041532
	Delete on sbtest3  (cost=0.43..8.45 rows=0 width=0)
	  ->  Index Scan using sbtest3_pkey on sbtest3  (cost=0.43..8.45 rows=1 width=6)
	        Index Cond: (id = 6041532)

table 4 : explain DELETE FROM sbtest4 WHERE id=503420
	Delete on sbtest4  (cost=0.43..8.45 rows=0 width=0)
	  ->  Index Scan using sbtest4_pkey on sbtest4  (cost=0.43..8.45 rows=1 width=6)
	        Index Cond: (id = 503420)

table 5 : explain DELETE FROM sbtest5 WHERE id=3869731
	Delete on sbtest5  (cost=0.43..8.45 rows=0 width=0)
	  ->  Index Scan using sbtest5_pkey on sbtest5  (cost=0.43..8.45 rows=1 width=6)
	        Index Cond: (id = 3869731)

table 6 : explain DELETE FROM sbtest6 WHERE id=6119672
	Delete on sbtest6  (cost=0.43..8.45 rows=0 width=0)
	  ->  Index Scan using sbtest6_pkey on sbtest6  (cost=0.43..8.45 rows=1 width=6)
	        Index Cond: (id = 6119672)

table 7 : explain DELETE FROM sbtest7 WHERE id=9217944
	Delete on sbtest7  (cost=0.43..8.45 rows=0 width=0)
	  ->  Index Scan using sbtest7_pkey on sbtest7  (cost=0.43..8.45 rows=1 width=6)
	        Index Cond: (id = 9217944)

table 8 : explain DELETE FROM sbtest8 WHERE id=9751578
	Delete on sbtest8  (cost=0.43..8.45 rows=0 width=0)
	  ->  Index Scan using sbtest8_pkey on sbtest8  (cost=0.43..8.45 rows=1 width=6)
	        Index Cond: (id = 9751578)

for deletes
table 1 : explain DELETE FROM sbtest1 WHERE id=2033219
	Delete on sbtest1  (cost=0.43..8.45 rows=0 width=0)
	  ->  Index Scan using sbtest1_pkey on sbtest1  (cost=0.43..8.45 rows=1 width=6)
	        Index Cond: (id = 2033219)

table 2 : explain DELETE FROM sbtest2 WHERE id=3105570
	Delete on sbtest2  (cost=0.43..8.45 rows=0 width=0)
	  ->  Index Scan using sbtest2_pkey on sbtest2  (cost=0.43..8.45 rows=1 width=6)
	        Index Cond: (id = 3105570)

table 3 : explain DELETE FROM sbtest3 WHERE id=6712487
	Delete on sbtest3  (cost=0.43..8.45 rows=0 width=0)
	  ->  Index Scan using sbtest3_pkey on sbtest3  (cost=0.43..8.45 rows=1 width=6)
	        Index Cond: (id = 6712487)

table 4 : explain DELETE FROM sbtest4 WHERE id=8045702
	Delete on sbtest4  (cost=0.43..8.45 rows=0 width=0)
	  ->  Index Scan using sbtest4_pkey on sbtest4  (cost=0.43..8.45 rows=1 width=6)
	        Index Cond: (id = 8045702)

table 5 : explain DELETE FROM sbtest5 WHERE id=1149465
	Delete on sbtest5  (cost=0.43..8.45 rows=0 width=0)
	  ->  Index Scan using sbtest5_pkey on sbtest5  (cost=0.43..8.45 rows=1 width=6)
	        Index Cond: (id = 1149465)

table 6 : explain DELETE FROM sbtest6 WHERE id=9834447
	Delete on sbtest6  (cost=0.43..8.45 rows=0 width=0)
	  ->  Index Scan using sbtest6_pkey on sbtest6  (cost=0.43..8.45 rows=1 width=6)
	        Index Cond: (id = 9834447)

table 7 : explain DELETE FROM sbtest7 WHERE id=6897332
	Delete on sbtest7  (cost=0.43..8.45 rows=0 width=0)
	  ->  Index Scan using sbtest7_pkey on sbtest7  (cost=0.43..8.45 rows=1 width=6)
	        Index Cond: (id = 6897332)

table 8 : explain DELETE FROM sbtest8 WHERE id=6317544
	Delete on sbtest8  (cost=0.43..8.45 rows=0 width=0)
	  ->  Index Scan using sbtest8_pkey on sbtest8  (cost=0.43..8.45 rows=1 width=6)
	        Index Cond: (id = 6317544)

explain: for deletes :: explain DELETE FROM sbtest%u WHERE id=%u
for non_index_updates
table 1 : explain UPDATE sbtest1 SET c='foobar' WHERE id=5324570
	Update on sbtest1  (cost=0.43..8.45 rows=0 width=0)
	  ->  Index Scan using sbtest1_pkey on sbtest1  (cost=0.43..8.45 rows=1 width=490)
	        Index Cond: (id = 5324570)

table 2 : explain UPDATE sbtest2 SET c='foobar' WHERE id=1436704
	Update on sbtest2  (cost=0.43..8.45 rows=0 width=0)
	  ->  Index Scan using sbtest2_pkey on sbtest2  (cost=0.43..8.45 rows=1 width=490)
	        Index Cond: (id = 1436704)

table 3 : explain UPDATE sbtest3 SET c='foobar' WHERE id=8222770
	Update on sbtest3  (cost=0.43..8.45 rows=0 width=0)
	  ->  Index Scan using sbtest3_pkey on sbtest3  (cost=0.43..8.45 rows=1 width=490)
	        Index Cond: (id = 8222770)

table 4 : explain UPDATE sbtest4 SET c='foobar' WHERE id=7423775
	Update on sbtest4  (cost=0.43..8.45 rows=0 width=0)
	  ->  Index Scan using sbtest4_pkey on sbtest4  (cost=0.43..8.45 rows=1 width=490)
	        Index Cond: (id = 7423775)

table 5 : explain UPDATE sbtest5 SET c='foobar' WHERE id=6122242
	Update on sbtest5  (cost=0.43..8.45 rows=0 width=0)
	  ->  Index Scan using sbtest5_pkey on sbtest5  (cost=0.43..8.45 rows=1 width=490)
	        Index Cond: (id = 6122242)

table 6 : explain UPDATE sbtest6 SET c='foobar' WHERE id=5831358
	Update on sbtest6  (cost=0.43..8.45 rows=0 width=0)
	  ->  Index Scan using sbtest6_pkey on sbtest6  (cost=0.43..8.45 rows=1 width=490)
	        Index Cond: (id = 5831358)

table 7 : explain UPDATE sbtest7 SET c='foobar' WHERE id=7199158
	Update on sbtest7  (cost=0.43..8.45 rows=0 width=0)
	  ->  Index Scan using sbtest7_pkey on sbtest7  (cost=0.43..8.45 rows=1 width=490)
	        Index Cond: (id = 7199158)

table 8 : explain UPDATE sbtest8 SET c='foobar' WHERE id=9806359
	Update on sbtest8  (cost=0.43..8.45 rows=0 width=0)
	  ->  Index Scan using sbtest8_pkey on sbtest8  (cost=0.43..8.45 rows=1 width=490)
	        Index Cond: (id = 9806359)

for deletes
table 1 : explain DELETE FROM sbtest1 WHERE id=2248960
	Delete on sbtest1  (cost=0.43..8.45 rows=0 width=0)
	  ->  Index Scan using sbtest1_pkey on sbtest1  (cost=0.43..8.45 rows=1 width=6)
	        Index Cond: (id = 2248960)

table 2 : explain DELETE FROM sbtest2 WHERE id=1995975
	Delete on sbtest2  (cost=0.43..8.45 rows=0 width=0)
	  ->  Index Scan using sbtest2_pkey on sbtest2  (cost=0.43..8.45 rows=1 width=6)
	        Index Cond: (id = 1995975)

table 3 : explain DELETE FROM sbtest3 WHERE id=4708053
	Delete on sbtest3  (cost=0.43..8.45 rows=0 width=0)
	  ->  Index Scan using sbtest3_pkey on sbtest3  (cost=0.43..8.45 rows=1 width=6)
	        Index Cond: (id = 4708053)

table 4 : explain DELETE FROM sbtest4 WHERE id=547364
	Delete on sbtest4  (cost=0.43..8.45 rows=0 width=0)
	  ->  Index Scan using sbtest4_pkey on sbtest4  (cost=0.43..8.45 rows=1 width=6)
	        Index Cond: (id = 547364)

table 5 : explain DELETE FROM sbtest5 WHERE id=5863301
	Delete on sbtest5  (cost=0.43..8.45 rows=0 width=0)
	  ->  Index Scan using sbtest5_pkey on sbtest5  (cost=0.43..8.45 rows=1 width=6)
	        Index Cond: (id = 5863301)

table 6 : explain DELETE FROM sbtest6 WHERE id=1846966
	Delete on sbtest6  (cost=0.43..8.45 rows=0 width=0)
	  ->  Index Scan using sbtest6_pkey on sbtest6  (cost=0.43..8.45 rows=1 width=6)
	        Index Cond: (id = 1846966)

table 7 : explain DELETE FROM sbtest7 WHERE id=6911067
	Delete on sbtest7  (cost=0.43..8.45 rows=0 width=0)
	  ->  Index Scan using sbtest7_pkey on sbtest7  (cost=0.43..8.45 rows=1 width=6)
	        Index Cond: (id = 6911067)

table 8 : explain DELETE FROM sbtest8 WHERE id=1576605
	Delete on sbtest8  (cost=0.43..8.45 rows=0 width=0)
	  ->  Index Scan using sbtest8_pkey on sbtest8  (cost=0.43..8.45 rows=1 width=6)
	        Index Cond: (id = 1576605)

explain: for inserts :: explain INSERT INTO sbtest%u (id, k, c, pad) VALUES (%u, 13, 'foobar', 'foobar')
for deletes
table 1 : explain DELETE FROM sbtest1 WHERE id=4740803
	Delete on sbtest1  (cost=0.43..8.45 rows=0 width=0)
	  ->  Index Scan using sbtest1_pkey on sbtest1  (cost=0.43..8.45 rows=1 width=6)
	        Index Cond: (id = 4740803)

table 2 : explain DELETE FROM sbtest2 WHERE id=1312901
	Delete on sbtest2  (cost=0.43..8.45 rows=0 width=0)
	  ->  Index Scan using sbtest2_pkey on sbtest2  (cost=0.43..8.45 rows=1 width=6)
	        Index Cond: (id = 1312901)

table 3 : explain DELETE FROM sbtest3 WHERE id=7131989
	Delete on sbtest3  (cost=0.43..8.45 rows=0 width=0)
	  ->  Index Scan using sbtest3_pkey on sbtest3  (cost=0.43..8.45 rows=1 width=6)
	        Index Cond: (id = 7131989)

table 4 : explain DELETE FROM sbtest4 WHERE id=5768642
	Delete on sbtest4  (cost=0.43..8.45 rows=0 width=0)
	  ->  Index Scan using sbtest4_pkey on sbtest4  (cost=0.43..8.45 rows=1 width=6)
	        Index Cond: (id = 5768642)

table 5 : explain DELETE FROM sbtest5 WHERE id=756120
	Delete on sbtest5  (cost=0.43..8.45 rows=0 width=0)
	  ->  Index Scan using sbtest5_pkey on sbtest5  (cost=0.43..8.45 rows=1 width=6)
	        Index Cond: (id = 756120)

table 6 : explain DELETE FROM sbtest6 WHERE id=1509772
	Delete on sbtest6  (cost=0.43..8.45 rows=0 width=0)
	  ->  Index Scan using sbtest6_pkey on sbtest6  (cost=0.43..8.45 rows=1 width=6)
	        Index Cond: (id = 1509772)

table 7 : explain DELETE FROM sbtest7 WHERE id=116408
	Delete on sbtest7  (cost=0.43..8.45 rows=0 width=0)
	  ->  Index Scan using sbtest7_pkey on sbtest7  (cost=0.43..8.45 rows=1 width=6)
	        Index Cond: (id = 116408)

table 8 : explain DELETE FROM sbtest8 WHERE id=1944966
	Delete on sbtest8  (cost=0.43..8.45 rows=0 width=0)
	  ->  Index Scan using sbtest8_pkey on sbtest8  (cost=0.43..8.45 rows=1 width=6)
	        Index Cond: (id = 1944966)

for deletes
table 1 : explain DELETE FROM sbtest1 WHERE id=3497810
	Delete on sbtest1  (cost=0.43..8.45 rows=0 width=0)
	  ->  Index Scan using sbtest1_pkey on sbtest1  (cost=0.43..8.45 rows=1 width=6)
	        Index Cond: (id = 3497810)

table 2 : explain DELETE FROM sbtest2 WHERE id=9982508
	Delete on sbtest2  (cost=0.43..8.45 rows=0 width=0)
	  ->  Index Scan using sbtest2_pkey on sbtest2  (cost=0.43..8.45 rows=1 width=6)
	        Index Cond: (id = 9982508)

table 3 : explain DELETE FROM sbtest3 WHERE id=6903840
	Delete on sbtest3  (cost=0.43..8.45 rows=0 width=0)
	  ->  Index Scan using sbtest3_pkey on sbtest3  (cost=0.43..8.45 rows=1 width=6)
	        Index Cond: (id = 6903840)

table 4 : explain DELETE FROM sbtest4 WHERE id=3673236
	Delete on sbtest4  (cost=0.43..8.45 rows=0 width=0)
	  ->  Index Scan using sbtest4_pkey on sbtest4  (cost=0.43..8.45 rows=1 width=6)
	        Index Cond: (id = 3673236)

table 5 : explain DELETE FROM sbtest5 WHERE id=2878953
	Delete on sbtest5  (cost=0.43..8.45 rows=0 width=0)
	  ->  Index Scan using sbtest5_pkey on sbtest5  (cost=0.43..8.45 rows=1 width=6)
	        Index Cond: (id = 2878953)

table 6 : explain DELETE FROM sbtest6 WHERE id=5401866
	Delete on sbtest6  (cost=0.43..8.45 rows=0 width=0)
	  ->  Index Scan using sbtest6_pkey on sbtest6  (cost=0.43..8.45 rows=1 width=6)
	        Index Cond: (id = 5401866)

table 7 : explain DELETE FROM sbtest7 WHERE id=7053974
	Delete on sbtest7  (cost=0.43..8.45 rows=0 width=0)
	  ->  Index Scan using sbtest7_pkey on sbtest7  (cost=0.43..8.45 rows=1 width=6)
	        Index Cond: (id = 7053974)

table 8 : explain DELETE FROM sbtest8 WHERE id=546305
	Delete on sbtest8  (cost=0.43..8.45 rows=0 width=0)
	  ->  Index Scan using sbtest8_pkey on sbtest8  (cost=0.43..8.45 rows=1 width=6)
	        Index Cond: (id = 546305)

explain: for inserts :: explain INSERT INTO sbtest%u (id, k, c, pad) VALUES (%u, 13, 'foobar', 'foobar')
for inserts
table 1 : explain INSERT INTO sbtest1 (id, k, c, pad) VALUES (6157210, 13, 'foobar', 'foobar')
	Insert on sbtest1  (cost=0.00..0.01 rows=0 width=0)
	  ->  Result  (cost=0.00..0.01 rows=1 width=736)

table 2 : explain INSERT INTO sbtest2 (id, k, c, pad) VALUES (5448687, 13, 'foobar', 'foobar')
	Insert on sbtest2  (cost=0.00..0.01 rows=0 width=0)
	  ->  Result  (cost=0.00..0.01 rows=1 width=736)

table 3 : explain INSERT INTO sbtest3 (id, k, c, pad) VALUES (1904243, 13, 'foobar', 'foobar')
	Insert on sbtest3  (cost=0.00..0.01 rows=0 width=0)
	  ->  Result  (cost=0.00..0.01 rows=1 width=736)

table 4 : explain INSERT INTO sbtest4 (id, k, c, pad) VALUES (5996396, 13, 'foobar', 'foobar')
	Insert on sbtest4  (cost=0.00..0.01 rows=0 width=0)
	  ->  Result  (cost=0.00..0.01 rows=1 width=736)

table 5 : explain INSERT INTO sbtest5 (id, k, c, pad) VALUES (9046504, 13, 'foobar', 'foobar')
	Insert on sbtest5  (cost=0.00..0.01 rows=0 width=0)
	  ->  Result  (cost=0.00..0.01 rows=1 width=736)

table 6 : explain INSERT INTO sbtest6 (id, k, c, pad) VALUES (4976139, 13, 'foobar', 'foobar')
	Insert on sbtest6  (cost=0.00..0.01 rows=0 width=0)
	  ->  Result  (cost=0.00..0.01 rows=1 width=736)

table 7 : explain INSERT INTO sbtest7 (id, k, c, pad) VALUES (6677402, 13, 'foobar', 'foobar')
	Insert on sbtest7  (cost=0.00..0.01 rows=0 width=0)
	  ->  Result  (cost=0.00..0.01 rows=1 width=736)

table 8 : explain INSERT INTO sbtest8 (id, k, c, pad) VALUES (7580592, 13, 'foobar', 'foobar')
	Insert on sbtest8  (cost=0.00..0.01 rows=0 width=0)
	  ->  Result  (cost=0.00..0.01 rows=1 width=736)

for inserts
table 1 : explain INSERT INTO sbtest1 (id, k, c, pad) VALUES (5234898, 13, 'foobar', 'foobar')
	Insert on sbtest1  (cost=0.00..0.01 rows=0 width=0)
	  ->  Result  (cost=0.00..0.01 rows=1 width=736)

table 2 : explain INSERT INTO sbtest2 (id, k, c, pad) VALUES (9787929, 13, 'foobar', 'foobar')
	Insert on sbtest2  (cost=0.00..0.01 rows=0 width=0)
	  ->  Result  (cost=0.00..0.01 rows=1 width=736)

table 3 : explain INSERT INTO sbtest3 (id, k, c, pad) VALUES (9257255, 13, 'foobar', 'foobar')
	Insert on sbtest3  (cost=0.00..0.01 rows=0 width=0)
	  ->  Result  (cost=0.00..0.01 rows=1 width=736)

table 4 : explain INSERT INTO sbtest4 (id, k, c, pad) VALUES (960905, 13, 'foobar', 'foobar')
	Insert on sbtest4  (cost=0.00..0.01 rows=0 width=0)
	  ->  Result  (cost=0.00..0.01 rows=1 width=736)

table 5 : explain INSERT INTO sbtest5 (id, k, c, pad) VALUES (318818, 13, 'foobar', 'foobar')
	Insert on sbtest5  (cost=0.00..0.01 rows=0 width=0)
	  ->  Result  (cost=0.00..0.01 rows=1 width=736)

table 6 : explain INSERT INTO sbtest6 (id, k, c, pad) VALUES (3833989, 13, 'foobar', 'foobar')
	Insert on sbtest6  (cost=0.00..0.01 rows=0 width=0)
	  ->  Result  (cost=0.00..0.01 rows=1 width=736)

table 7 : explain INSERT INTO sbtest7 (id, k, c, pad) VALUES (4359361, 13, 'foobar', 'foobar')
	Insert on sbtest7  (cost=0.00..0.01 rows=0 width=0)
	  ->  Result  (cost=0.00..0.01 rows=1 width=736)

table 8 : explain INSERT INTO sbtest8 (id, k, c, pad) VALUES (1247381, 13, 'foobar', 'foobar')
	Insert on sbtest8  (cost=0.00..0.01 rows=0 width=0)
	  ->  Result  (cost=0.00..0.01 rows=1 width=736)

explain: for inserts :: explain INSERT INTO sbtest%u (id, k, c, pad) VALUES (%u, 13, 'foobar', 'foobar')
explain: for inserts :: explain INSERT INTO sbtest%u (id, k, c, pad) VALUES (%u, 13, 'foobar', 'foobar')
explain: for deletes :: explain DELETE FROM sbtest%u WHERE id=%u
explain: for inserts :: explain INSERT INTO sbtest%u (id, k, c, pad) VALUES (%u, 13, 'foobar', 'foobar')
for deletes
table 1 : explain DELETE FROM sbtest1 WHERE id=7868255
	Delete on sbtest1  (cost=0.43..8.45 rows=0 width=0)
	  ->  Index Scan using sbtest1_pkey on sbtest1  (cost=0.43..8.45 rows=1 width=6)
	        Index Cond: (id = 7868255)

table 2 : explain DELETE FROM sbtest2 WHERE id=3580018
	Delete on sbtest2  (cost=0.43..8.45 rows=0 width=0)
	  ->  Index Scan using sbtest2_pkey on sbtest2  (cost=0.43..8.45 rows=1 width=6)
	        Index Cond: (id = 3580018)

table 3 : explain DELETE FROM sbtest3 WHERE id=3263690
	Delete on sbtest3  (cost=0.43..8.45 rows=0 width=0)
	  ->  Index Scan using sbtest3_pkey on sbtest3  (cost=0.43..8.45 rows=1 width=6)
	        Index Cond: (id = 3263690)

table 4 : explain DELETE FROM sbtest4 WHERE id=6786333
	Delete on sbtest4  (cost=0.43..8.45 rows=0 width=0)
	  ->  Index Scan using sbtest4_pkey on sbtest4  (cost=0.43..8.45 rows=1 width=6)
	        Index Cond: (id = 6786333)

table 5 : explain DELETE FROM sbtest5 WHERE id=8312362
	Delete on sbtest5  (cost=0.43..8.45 rows=0 width=0)
	  ->  Index Scan using sbtest5_pkey on sbtest5  (cost=0.43..8.45 rows=1 width=6)
	        Index Cond: (id = 8312362)

table 6 : explain DELETE FROM sbtest6 WHERE id=9225445
	Delete on sbtest6  (cost=0.43..8.45 rows=0 width=0)
	  ->  Index Scan using sbtest6_pkey on sbtest6  (cost=0.43..8.45 rows=1 width=6)
	        Index Cond: (id = 9225445)

table 7 : explain DELETE FROM sbtest7 WHERE id=3197339
	Delete on sbtest7  (cost=0.43..8.45 rows=0 width=0)
	  ->  Index Scan using sbtest7_pkey on sbtest7  (cost=0.43..8.45 rows=1 width=6)
	        Index Cond: (id = 3197339)

table 8 : explain DELETE FROM sbtest8 WHERE id=674432
	Delete on sbtest8  (cost=0.43..8.45 rows=0 width=0)
	  ->  Index Scan using sbtest8_pkey on sbtest8  (cost=0.43..8.45 rows=1 width=6)
	        Index Cond: (id = 674432)

for inserts
table 1 : explain INSERT INTO sbtest1 (id, k, c, pad) VALUES (131359, 13, 'foobar', 'foobar')
	Insert on sbtest1  (cost=0.00..0.01 rows=0 width=0)
	  ->  Result  (cost=0.00..0.01 rows=1 width=736)

table 2 : explain INSERT INTO sbtest2 (id, k, c, pad) VALUES (9969011, 13, 'foobar', 'foobar')
	Insert on sbtest2  (cost=0.00..0.01 rows=0 width=0)
	  ->  Result  (cost=0.00..0.01 rows=1 width=736)

table 3 : explain INSERT INTO sbtest3 (id, k, c, pad) VALUES (3819607, 13, 'foobar', 'foobar')
	Insert on sbtest3  (cost=0.00..0.01 rows=0 width=0)
	  ->  Result  (cost=0.00..0.01 rows=1 width=736)

table 4 : explain INSERT INTO sbtest4 (id, k, c, pad) VALUES (4528710, 13, 'foobar', 'foobar')
	Insert on sbtest4  (cost=0.00..0.01 rows=0 width=0)
	  ->  Result  (cost=0.00..0.01 rows=1 width=736)

table 5 : explain INSERT INTO sbtest5 (id, k, c, pad) VALUES (2958919, 13, 'foobar', 'foobar')
	Insert on sbtest5  (cost=0.00..0.01 rows=0 width=0)
	  ->  Result  (cost=0.00..0.01 rows=1 width=736)

table 6 : explain INSERT INTO sbtest6 (id, k, c, pad) VALUES (1022691, 13, 'foobar', 'foobar')
	Insert on sbtest6  (cost=0.00..0.01 rows=0 width=0)
	  ->  Result  (cost=0.00..0.01 rows=1 width=736)

table 7 : explain INSERT INTO sbtest7 (id, k, c, pad) VALUES (6515033, 13, 'foobar', 'foobar')
	Insert on sbtest7  (cost=0.00..0.01 rows=0 width=0)
	  ->  Result  (cost=0.00..0.01 rows=1 width=736)

table 8 : explain INSERT INTO sbtest8 (id, k, c, pad) VALUES (4460051, 13, 'foobar', 'foobar')
	Insert on sbtest8  (cost=0.00..0.01 rows=0 width=0)
	  ->  Result  (cost=0.00..0.01 rows=1 width=736)

for inserts
table 1 : explain INSERT INTO sbtest1 (id, k, c, pad) VALUES (6744438, 13, 'foobar', 'foobar')
	Insert on sbtest1  (cost=0.00..0.01 rows=0 width=0)
	  ->  Result  (cost=0.00..0.01 rows=1 width=736)

table 2 : explain INSERT INTO sbtest2 (id, k, c, pad) VALUES (1588313, 13, 'foobar', 'foobar')
	Insert on sbtest2  (cost=0.00..0.01 rows=0 width=0)
	  ->  Result  (cost=0.00..0.01 rows=1 width=736)

table 3 : explain INSERT INTO sbtest3 (id, k, c, pad) VALUES (2688187, 13, 'foobar', 'foobar')
	Insert on sbtest3  (cost=0.00..0.01 rows=0 width=0)
	  ->  Result  (cost=0.00..0.01 rows=1 width=736)

table 4 : explain INSERT INTO sbtest4 (id, k, c, pad) VALUES (4338959, 13, 'foobar', 'foobar')
	Insert on sbtest4  (cost=0.00..0.01 rows=0 width=0)
	  ->  Result  (cost=0.00..0.01 rows=1 width=736)

table 5 : explain INSERT INTO sbtest5 (id, k, c, pad) VALUES (5606015, 13, 'foobar', 'foobar')
	Insert on sbtest5  (cost=0.00..0.01 rows=0 width=0)
	  ->  Result  (cost=0.00..0.01 rows=1 width=736)

table 6 : explain INSERT INTO sbtest6 (id, k, c, pad) VALUES (9101911, 13, 'foobar', 'foobar')
	Insert on sbtest6  (cost=0.00..0.01 rows=0 width=0)
	  ->  Result  (cost=0.00..0.01 rows=1 width=736)

table 7 : explain INSERT INTO sbtest7 (id, k, c, pad) VALUES (2462584, 13, 'foobar', 'foobar')
	Insert on sbtest7  (cost=0.00..0.01 rows=0 width=0)
	  ->  Result  (cost=0.00..0.01 rows=1 width=736)

table 8 : explain INSERT INTO sbtest8 (id, k, c, pad) VALUES (530743, 13, 'foobar', 'foobar')
	Insert on sbtest8  (cost=0.00..0.01 rows=0 width=0)
	  ->  Result  (cost=0.00..0.01 rows=1 width=736)

for deletes
table 1 : explain DELETE FROM sbtest1 WHERE id=3497174
	Delete on sbtest1  (cost=0.43..8.45 rows=0 width=0)
	  ->  Index Scan using sbtest1_pkey on sbtest1  (cost=0.43..8.45 rows=1 width=6)
	        Index Cond: (id = 3497174)

table 2 : explain DELETE FROM sbtest2 WHERE id=5761270
	Delete on sbtest2  (cost=0.43..8.45 rows=0 width=0)
	  ->  Index Scan using sbtest2_pkey on sbtest2  (cost=0.43..8.45 rows=1 width=6)
	        Index Cond: (id = 5761270)

table 3 : explain DELETE FROM sbtest3 WHERE id=989972
	Delete on sbtest3  (cost=0.43..8.45 rows=0 width=0)
	  ->  Index Scan using sbtest3_pkey on sbtest3  (cost=0.43..8.45 rows=1 width=6)
	        Index Cond: (id = 989972)

table 4 : explain DELETE FROM sbtest4 WHERE id=5584940
	Delete on sbtest4  (cost=0.43..8.45 rows=0 width=0)
	  ->  Index Scan using sbtest4_pkey on sbtest4  (cost=0.43..8.45 rows=1 width=6)
	        Index Cond: (id = 5584940)

table 5 : explain DELETE FROM sbtest5 WHERE id=3132428
	Delete on sbtest5  (cost=0.43..8.45 rows=0 width=0)
	  ->  Index Scan using sbtest5_pkey on sbtest5  (cost=0.43..8.45 rows=1 width=6)
	        Index Cond: (id = 3132428)

table 6 : explain DELETE FROM sbtest6 WHERE id=6236149
	Delete on sbtest6  (cost=0.43..8.45 rows=0 width=0)
	  ->  Index Scan using sbtest6_pkey on sbtest6  (cost=0.43..8.45 rows=1 width=6)
	        Index Cond: (id = 6236149)

table 7 : explain DELETE FROM sbtest7 WHERE id=6140030
	Delete on sbtest7  (cost=0.43..8.45 rows=0 width=0)
	  ->  Index Scan using sbtest7_pkey on sbtest7  (cost=0.43..8.45 rows=1 width=6)
	        Index Cond: (id = 6140030)

table 8 : explain DELETE FROM sbtest8 WHERE id=385304
	Delete on sbtest8  (cost=0.43..8.45 rows=0 width=0)
	  ->  Index Scan using sbtest8_pkey on sbtest8  (cost=0.43..8.45 rows=1 width=6)
	        Index Cond: (id = 385304)

explain: for inserts :: explain INSERT INTO sbtest%u (id, k, c, pad) VALUES (%u, 13, 'foobar', 'foobar')
for inserts
table 1 : explain INSERT INTO sbtest1 (id, k, c, pad) VALUES (8703714, 13, 'foobar', 'foobar')
	Insert on sbtest1  (cost=0.00..0.01 rows=0 width=0)
	  ->  Result  (cost=0.00..0.01 rows=1 width=736)

table 2 : explain INSERT INTO sbtest2 (id, k, c, pad) VALUES (8225048, 13, 'foobar', 'foobar')
	Insert on sbtest2  (cost=0.00..0.01 rows=0 width=0)
	  ->  Result  (cost=0.00..0.01 rows=1 width=736)

table 3 : explain INSERT INTO sbtest3 (id, k, c, pad) VALUES (8444191, 13, 'foobar', 'foobar')
	Insert on sbtest3  (cost=0.00..0.01 rows=0 width=0)
	  ->  Result  (cost=0.00..0.01 rows=1 width=736)

table 4 : explain INSERT INTO sbtest4 (id, k, c, pad) VALUES (5375257, 13, 'foobar', 'foobar')
	Insert on sbtest4  (cost=0.00..0.01 rows=0 width=0)
	  ->  Result  (cost=0.00..0.01 rows=1 width=736)

table 5 : explain INSERT INTO sbtest5 (id, k, c, pad) VALUES (6268695, 13, 'foobar', 'foobar')
	Insert on sbtest5  (cost=0.00..0.01 rows=0 width=0)
	  ->  Result  (cost=0.00..0.01 rows=1 width=736)

table 6 : explain INSERT INTO sbtest6 (id, k, c, pad) VALUES (5960903, 13, 'foobar', 'foobar')
	Insert on sbtest6  (cost=0.00..0.01 rows=0 width=0)
	  ->  Result  (cost=0.00..0.01 rows=1 width=736)

table 7 : explain INSERT INTO sbtest7 (id, k, c, pad) VALUES (758564, 13, 'foobar', 'foobar')
	Insert on sbtest7  (cost=0.00..0.01 rows=0 width=0)
	  ->  Result  (cost=0.00..0.01 rows=1 width=736)

table 8 : explain INSERT INTO sbtest8 (id, k, c, pad) VALUES (3106127, 13, 'foobar', 'foobar')
	Insert on sbtest8  (cost=0.00..0.01 rows=0 width=0)
	  ->  Result  (cost=0.00..0.01 rows=1 width=736)

explain: for inserts :: explain INSERT INTO sbtest%u (id, k, c, pad) VALUES (%u, 13, 'foobar', 'foobar')
for inserts
table 1 : explain INSERT INTO sbtest1 (id, k, c, pad) VALUES (3235377, 13, 'foobar', 'foobar')
	Insert on sbtest1  (cost=0.00..0.01 rows=0 width=0)
	  ->  Result  (cost=0.00..0.01 rows=1 width=736)

table 2 : explain INSERT INTO sbtest2 (id, k, c, pad) VALUES (7331929, 13, 'foobar', 'foobar')
	Insert on sbtest2  (cost=0.00..0.01 rows=0 width=0)
	  ->  Result  (cost=0.00..0.01 rows=1 width=736)

table 3 : explain INSERT INTO sbtest3 (id, k, c, pad) VALUES (3782978, 13, 'foobar', 'foobar')
	Insert on sbtest3  (cost=0.00..0.01 rows=0 width=0)
	  ->  Result  (cost=0.00..0.01 rows=1 width=736)

table 4 : explain INSERT INTO sbtest4 (id, k, c, pad) VALUES (1540726, 13, 'foobar', 'foobar')
	Insert on sbtest4  (cost=0.00..0.01 rows=0 width=0)
	  ->  Result  (cost=0.00..0.01 rows=1 width=736)

table 5 : explain INSERT INTO sbtest5 (id, k, c, pad) VALUES (7395862, 13, 'foobar', 'foobar')
	Insert on sbtest5  (cost=0.00..0.01 rows=0 width=0)
	  ->  Result  (cost=0.00..0.01 rows=1 width=736)

table 6 : explain INSERT INTO sbtest6 (id, k, c, pad) VALUES (5444130, 13, 'foobar', 'foobar')
	Insert on sbtest6  (cost=0.00..0.01 rows=0 width=0)
	  ->  Result  (cost=0.00..0.01 rows=1 width=736)

table 7 : explain INSERT INTO sbtest7 (id, k, c, pad) VALUES (3161781, 13, 'foobar', 'foobar')
	Insert on sbtest7  (cost=0.00..0.01 rows=0 width=0)
	  ->  Result  (cost=0.00..0.01 rows=1 width=736)

table 8 : explain INSERT INTO sbtest8 (id, k, c, pad) VALUES (6674189, 13, 'foobar', 'foobar')
	Insert on sbtest8  (cost=0.00..0.01 rows=0 width=0)
	  ->  Result  (cost=0.00..0.01 rows=1 width=736)

for inserts
table 1 : explain INSERT INTO sbtest1 (id, k, c, pad) VALUES (3179529, 13, 'foobar', 'foobar')
	Insert on sbtest1  (cost=0.00..0.01 rows=0 width=0)
	  ->  Result  (cost=0.00..0.01 rows=1 width=736)

table 2 : explain INSERT INTO sbtest2 (id, k, c, pad) VALUES (2990276, 13, 'foobar', 'foobar')
	Insert on sbtest2  (cost=0.00..0.01 rows=0 width=0)
	  ->  Result  (cost=0.00..0.01 rows=1 width=736)

table 3 : explain INSERT INTO sbtest3 (id, k, c, pad) VALUES (4910745, 13, 'foobar', 'foobar')
	Insert on sbtest3  (cost=0.00..0.01 rows=0 width=0)
	  ->  Result  (cost=0.00..0.01 rows=1 width=736)

table 4 : explain INSERT INTO sbtest4 (id, k, c, pad) VALUES (2773885, 13, 'foobar', 'foobar')
	Insert on sbtest4  (cost=0.00..0.01 rows=0 width=0)
	  ->  Result  (cost=0.00..0.01 rows=1 width=736)

table 5 : explain INSERT INTO sbtest5 (id, k, c, pad) VALUES (9778149, 13, 'foobar', 'foobar')
	Insert on sbtest5  (cost=0.00..0.01 rows=0 width=0)
	  ->  Result  (cost=0.00..0.01 rows=1 width=736)

table 6 : explain INSERT INTO sbtest6 (id, k, c, pad) VALUES (5549702, 13, 'foobar', 'foobar')
	Insert on sbtest6  (cost=0.00..0.01 rows=0 width=0)
	  ->  Result  (cost=0.00..0.01 rows=1 width=736)

table 7 : explain INSERT INTO sbtest7 (id, k, c, pad) VALUES (8466648, 13, 'foobar', 'foobar')
	Insert on sbtest7  (cost=0.00..0.01 rows=0 width=0)
	  ->  Result  (cost=0.00..0.01 rows=1 width=736)

table 8 : explain INSERT INTO sbtest8 (id, k, c, pad) VALUES (9076990, 13, 'foobar', 'foobar')
	Insert on sbtest8  (cost=0.00..0.01 rows=0 width=0)
	  ->  Result  (cost=0.00..0.01 rows=1 width=736)

explain: for inserts :: explain INSERT INTO sbtest%u (id, k, c, pad) VALUES (%u, 13, 'foobar', 'foobar')
for inserts
table 1 : explain INSERT INTO sbtest1 (id, k, c, pad) VALUES (248295, 13, 'foobar', 'foobar')
	Insert on sbtest1  (cost=0.00..0.01 rows=0 width=0)
	  ->  Result  (cost=0.00..0.01 rows=1 width=736)

table 2 : explain INSERT INTO sbtest2 (id, k, c, pad) VALUES (5588139, 13, 'foobar', 'foobar')
	Insert on sbtest2  (cost=0.00..0.01 rows=0 width=0)
	  ->  Result  (cost=0.00..0.01 rows=1 width=736)

table 3 : explain INSERT INTO sbtest3 (id, k, c, pad) VALUES (8917360, 13, 'foobar', 'foobar')
	Insert on sbtest3  (cost=0.00..0.01 rows=0 width=0)
	  ->  Result  (cost=0.00..0.01 rows=1 width=736)

table 4 : explain INSERT INTO sbtest4 (id, k, c, pad) VALUES (2219276, 13, 'foobar', 'foobar')
	Insert on sbtest4  (cost=0.00..0.01 rows=0 width=0)
	  ->  Result  (cost=0.00..0.01 rows=1 width=736)

table 5 : explain INSERT INTO sbtest5 (id, k, c, pad) VALUES (4336819, 13, 'foobar', 'foobar')
	Insert on sbtest5  (cost=0.00..0.01 rows=0 width=0)
	  ->  Result  (cost=0.00..0.01 rows=1 width=736)

table 6 : explain INSERT INTO sbtest6 (id, k, c, pad) VALUES (8243877, 13, 'foobar', 'foobar')
	Insert on sbtest6  (cost=0.00..0.01 rows=0 width=0)
	  ->  Result  (cost=0.00..0.01 rows=1 width=736)

table 7 : explain INSERT INTO sbtest7 (id, k, c, pad) VALUES (3075758, 13, 'foobar', 'foobar')
	Insert on sbtest7  (cost=0.00..0.01 rows=0 width=0)
	  ->  Result  (cost=0.00..0.01 rows=1 width=736)

table 8 : explain INSERT INTO sbtest8 (id, k, c, pad) VALUES (3013616, 13, 'foobar', 'foobar')
	Insert on sbtest8  (cost=0.00..0.01 rows=0 width=0)
	  ->  Result  (cost=0.00..0.01 rows=1 width=736)

explain: for point_selects :: explain SELECT c FROM sbtest%u WHERE id=%u
for point_selects
table 1 : explain SELECT c FROM sbtest1 WHERE id=9129862
	Index Scan using sbtest1_pkey on sbtest1  (cost=0.43..8.45 rows=1 width=121)
	  Index Cond: (id = 9129862)

table 2 : explain SELECT c FROM sbtest2 WHERE id=4646585
	Index Scan using sbtest2_pkey on sbtest2  (cost=0.43..8.45 rows=1 width=121)
	  Index Cond: (id = 4646585)

table 3 : explain SELECT c FROM sbtest3 WHERE id=7621873
	Index Scan using sbtest3_pkey on sbtest3  (cost=0.43..8.45 rows=1 width=121)
	  Index Cond: (id = 7621873)

table 4 : explain SELECT c FROM sbtest4 WHERE id=8613896
	Index Scan using sbtest4_pkey on sbtest4  (cost=0.43..8.45 rows=1 width=121)
	  Index Cond: (id = 8613896)

table 5 : explain SELECT c FROM sbtest5 WHERE id=7094933
	Index Scan using sbtest5_pkey on sbtest5  (cost=0.43..8.45 rows=1 width=121)
	  Index Cond: (id = 7094933)

table 6 : explain SELECT c FROM sbtest6 WHERE id=293409
	Index Scan using sbtest6_pkey on sbtest6  (cost=0.43..8.45 rows=1 width=121)
	  Index Cond: (id = 293409)

table 7 : explain SELECT c FROM sbtest7 WHERE id=1039482
	Index Scan using sbtest7_pkey on sbtest7  (cost=0.43..8.45 rows=1 width=121)
	  Index Cond: (id = 1039482)

table 8 : explain SELECT c FROM sbtest8 WHERE id=2435776
	Index Scan using sbtest8_pkey on sbtest8  (cost=0.43..8.45 rows=1 width=121)
	  Index Cond: (id = 2435776)

for: simple_ranges
table 1 : explain SELECT c FROM sbtest1 WHERE id BETWEEN 4157268 AND 4157367
	Index Scan using sbtest1_pkey on sbtest1  (cost=0.43..336.96 rows=86 width=121)
	  Index Cond: ((id >= 4157268) AND (id <= 4157367))

table 2 : explain SELECT c FROM sbtest2 WHERE id BETWEEN 8771375 AND 8771474
	Index Scan using sbtest2_pkey on sbtest2  (cost=0.43..417.19 rows=107 width=121)
	  Index Cond: ((id >= 8771375) AND (id <= 8771474))

table 3 : explain SELECT c FROM sbtest3 WHERE id BETWEEN 4680884 AND 4680983
	Index Scan using sbtest3_pkey on sbtest3  (cost=0.43..418.72 rows=107 width=121)
	  Index Cond: ((id >= 4680884) AND (id <= 4680983))

table 4 : explain SELECT c FROM sbtest4 WHERE id BETWEEN 9047284 AND 9047383
	Index Scan using sbtest4_pkey on sbtest4  (cost=0.43..359.20 rows=92 width=121)
	  Index Cond: ((id >= 9047284) AND (id <= 9047383))

table 5 : explain SELECT c FROM sbtest5 WHERE id BETWEEN 3522680 AND 3522779
	Index Scan using sbtest5_pkey on sbtest5  (cost=0.43..374.09 rows=96 width=121)
	  Index Cond: ((id >= 3522680) AND (id <= 3522779))

table 6 : explain SELECT c FROM sbtest6 WHERE id BETWEEN 914835 AND 914934
	Index Scan using sbtest6_pkey on sbtest6  (cost=0.43..370.65 rows=95 width=121)
	  Index Cond: ((id >= 914835) AND (id <= 914934))

table 7 : explain SELECT c FROM sbtest7 WHERE id BETWEEN 3191377 AND 3191476
	Index Scan using sbtest7_pkey on sbtest7  (cost=0.43..381.00 rows=98 width=121)
	  Index Cond: ((id >= 3191377) AND (id <= 3191476))

table 8 : explain SELECT c FROM sbtest8 WHERE id BETWEEN 5399154 AND 5399253
	Index Scan using sbtest8_pkey on sbtest8  (cost=0.43..365.98 rows=94 width=121)
	  Index Cond: ((id >= 5399154) AND (id <= 5399253))

for: sum_ranges
table 1 : explain SELECT SUM(k) FROM sbtest1 WHERE id BETWEEN 6379838 AND 6379937
	Aggregate  (cost=375.83..375.84 rows=1 width=8)
	  ->  Index Scan using sbtest1_pkey on sbtest1  (cost=0.43..375.59 rows=96 width=4)
	        Index Cond: ((id >= 6379838) AND (id <= 6379937))

table 2 : explain SELECT SUM(k) FROM sbtest2 WHERE id BETWEEN 8109588 AND 8109687
	Aggregate  (cost=398.13..398.14 rows=1 width=8)
	  ->  Index Scan using sbtest2_pkey on sbtest2  (cost=0.43..397.88 rows=102 width=4)
	        Index Cond: ((id >= 8109588) AND (id <= 8109687))

table 3 : explain SELECT SUM(k) FROM sbtest3 WHERE id BETWEEN 1474598 AND 1474697
	Aggregate  (cost=360.87..360.88 rows=1 width=8)
	  ->  Index Scan using sbtest3_pkey on sbtest3  (cost=0.43..360.64 rows=92 width=4)
	        Index Cond: ((id >= 1474598) AND (id <= 1474697))

table 4 : explain SELECT SUM(k) FROM sbtest4 WHERE id BETWEEN 5903177 AND 5903276
	Aggregate  (cost=351.72..351.73 rows=1 width=8)
	  ->  Index Scan using sbtest4_pkey on sbtest4  (cost=0.43..351.50 rows=90 width=4)
	        Index Cond: ((id >= 5903177) AND (id <= 5903276))

table 5 : explain SELECT SUM(k) FROM sbtest5 WHERE id BETWEEN 5226018 AND 5226117
	Aggregate  (cost=370.48..370.49 rows=1 width=8)
	  ->  Index Scan using sbtest5_pkey on sbtest5  (cost=0.43..370.25 rows=95 width=4)
	        Index Cond: ((id >= 5226018) AND (id <= 5226117))

table 6 : explain SELECT SUM(k) FROM sbtest6 WHERE id BETWEEN 9847499 AND 9847598
	Aggregate  (cost=413.33..413.34 rows=1 width=8)
	  ->  Index Scan using sbtest6_pkey on sbtest6  (cost=0.43..413.07 rows=106 width=4)
	        Index Cond: ((id >= 9847499) AND (id <= 9847598))

table 7 : explain SELECT SUM(k) FROM sbtest7 WHERE id BETWEEN 7464805 AND 7464904
	Aggregate  (cost=373.56..373.57 rows=1 width=8)
	  ->  Index Scan using sbtest7_pkey on sbtest7  (cost=0.43..373.32 rows=96 width=4)
	        Index Cond: ((id >= 7464805) AND (id <= 7464904))

table 8 : explain SELECT SUM(k) FROM sbtest8 WHERE id BETWEEN 2078279 AND 2078378
	Aggregate  (cost=377.75..377.76 rows=1 width=8)
	  ->  Index Scan using sbtest8_pkey on sbtest8  (cost=0.43..377.51 rows=97 width=4)
	        Index Cond: ((id >= 2078279) AND (id <= 2078378))

for: order_ranges
table 1 : explain SELECT c FROM sbtest1 WHERE id BETWEEN 2412882 AND 2412981 ORDER BY c
	Sort  (cost=386.56..386.81 rows=98 width=121)
	  Sort Key: c
	  ->  Index Scan using sbtest1_pkey on sbtest1  (cost=0.43..383.32 rows=98 width=121)
	        Index Cond: ((id >= 2412882) AND (id <= 2412981))

table 2 : explain SELECT c FROM sbtest2 WHERE id BETWEEN 9846878 AND 9846977 ORDER BY c
	Sort  (cost=405.22..405.47 rows=103 width=121)
	  Sort Key: c
	  ->  Index Scan using sbtest2_pkey on sbtest2  (cost=0.43..401.77 rows=103 width=121)
	        Index Cond: ((id >= 9846878) AND (id <= 9846977))

table 3 : explain SELECT c FROM sbtest3 WHERE id BETWEEN 8723338 AND 8723437 ORDER BY c
	Sort  (cost=445.79..446.07 rows=113 width=121)
	  Sort Key: c
	  ->  Index Scan using sbtest3_pkey on sbtest3  (cost=0.43..441.93 rows=113 width=121)
	        Index Cond: ((id >= 8723338) AND (id <= 8723437))

table 4 : explain SELECT c FROM sbtest4 WHERE id BETWEEN 8250958 AND 8251057 ORDER BY c
	Sort  (cost=358.31..358.54 rows=91 width=121)
	  Sort Key: c
	  ->  Index Scan using sbtest4_pkey on sbtest4  (cost=0.43..355.35 rows=91 width=121)
	        Index Cond: ((id >= 8250958) AND (id <= 8251057))

table 5 : explain SELECT c FROM sbtest5 WHERE id BETWEEN 5177363 AND 5177462 ORDER BY c
	Sort  (cost=420.07..420.34 rows=107 width=121)
	  Sort Key: c
	  ->  Index Scan using sbtest5_pkey on sbtest5  (cost=0.43..416.46 rows=107 width=121)
	        Index Cond: ((id >= 5177363) AND (id <= 5177462))

table 6 : explain SELECT c FROM sbtest6 WHERE id BETWEEN 7291707 AND 7291806 ORDER BY c
	Sort  (cost=393.27..393.52 rows=100 width=121)
	  Sort Key: c
	  ->  Index Scan using sbtest6_pkey on sbtest6  (cost=0.43..389.95 rows=100 width=121)
	        Index Cond: ((id >= 7291707) AND (id <= 7291806))

table 7 : explain SELECT c FROM sbtest7 WHERE id BETWEEN 4187455 AND 4187554 ORDER BY c
	Sort  (cost=415.32..415.59 rows=106 width=121)
	  Sort Key: c
	  ->  Index Scan using sbtest7_pkey on sbtest7  (cost=0.43..411.76 rows=106 width=121)
	        Index Cond: ((id >= 4187455) AND (id <= 4187554))

table 8 : explain SELECT c FROM sbtest8 WHERE id BETWEEN 2597457 AND 2597556 ORDER BY c
	Sort  (cost=384.59..384.84 rows=98 width=121)
	  Sort Key: c
	  ->  Index Scan using sbtest8_pkey on sbtest8  (cost=0.43..381.35 rows=98 width=121)
	        Index Cond: ((id >= 2597457) AND (id <= 2597556))

for: distinct_ranges
table 1 : explain SELECT DISTINCT c FROM sbtest1 WHERE id BETWEEN 2717302 AND 2717401 ORDER BY c
	Unique  (cost=402.22..402.73 rows=102 width=121)
	  ->  Sort  (cost=402.22..402.47 rows=102 width=121)
	        Sort Key: c
	        ->  Index Scan using sbtest1_pkey on sbtest1  (cost=0.43..398.82 rows=102 width=121)
	              Index Cond: ((id >= 2717302) AND (id <= 2717401))

table 2 : explain SELECT DISTINCT c FROM sbtest2 WHERE id BETWEEN 2889976 AND 2890075 ORDER BY c
	Unique  (cost=381.80..382.29 rows=97 width=121)
	  ->  Sort  (cost=381.80..382.05 rows=97 width=121)
	        Sort Key: c
	        ->  Index Scan using sbtest2_pkey on sbtest2  (cost=0.43..378.60 rows=97 width=121)
	              Index Cond: ((id >= 2889976) AND (id <= 2890075))

table 3 : explain SELECT DISTINCT c FROM sbtest3 WHERE id BETWEEN 1978913 AND 1979012 ORDER BY c
	Unique  (cost=344.10..344.53 rows=87 width=121)
	  ->  Sort  (cost=344.10..344.31 rows=87 width=121)
	        Sort Key: c
	        ->  Index Scan using sbtest3_pkey on sbtest3  (cost=0.43..341.29 rows=87 width=121)
	              Index Cond: ((id >= 1978913) AND (id <= 1979012))

table 4 : explain SELECT DISTINCT c FROM sbtest4 WHERE id BETWEEN 7058039 AND 7058138 ORDER BY c
	Unique  (cost=405.08..405.59 rows=103 width=121)
	  ->  Sort  (cost=405.08..405.33 rows=103 width=121)
	        Sort Key: c
	        ->  Index Scan using sbtest4_pkey on sbtest4  (cost=0.43..401.63 rows=103 width=121)
	              Index Cond: ((id >= 7058039) AND (id <= 7058138))

table 5 : explain SELECT DISTINCT c FROM sbtest5 WHERE id BETWEEN 945955 AND 946054 ORDER BY c
	Unique  (cost=361.70..362.16 rows=92 width=121)
	  ->  Sort  (cost=361.70..361.93 rows=92 width=121)
	        Sort Key: c
	        ->  Index Scan using sbtest5_pkey on sbtest5  (cost=0.43..358.70 rows=92 width=121)
	              Index Cond: ((id >= 945955) AND (id <= 946054))

table 6 : explain SELECT DISTINCT c FROM sbtest6 WHERE id BETWEEN 3809664 AND 3809763 ORDER BY c
	Unique  (cost=369.88..370.35 rows=94 width=121)
	  ->  Sort  (cost=369.88..370.11 rows=94 width=121)
	        Sort Key: c
	        ->  Index Scan using sbtest6_pkey on sbtest6  (cost=0.43..366.80 rows=94 width=121)
	              Index Cond: ((id >= 3809664) AND (id <= 3809763))

table 7 : explain SELECT DISTINCT c FROM sbtest7 WHERE id BETWEEN 6239655 AND 6239754 ORDER BY c
	Unique  (cost=353.20..353.65 rows=90 width=121)
	  ->  Sort  (cost=353.20..353.42 rows=90 width=121)
	        Sort Key: c
	        ->  Index Scan using sbtest7_pkey on sbtest7  (cost=0.43..350.28 rows=90 width=121)
	              Index Cond: ((id >= 6239655) AND (id <= 6239754))

table 8 : explain SELECT DISTINCT c FROM sbtest8 WHERE id BETWEEN 7919645 AND 7919744 ORDER BY c
	Unique  (cost=388.48..388.97 rows=99 width=121)
	  ->  Sort  (cost=388.48..388.72 rows=99 width=121)
	        Sort Key: c
	        ->  Index Scan using sbtest8_pkey on sbtest8  (cost=0.43..385.20 rows=99 width=121)
	              Index Cond: ((id >= 7919645) AND (id <= 7919744))

explain: for index_updates :: explain UPDATE sbtest%u SET k=k+1 WHERE id=%u
for index_updates
table 1 : explain UPDATE sbtest1 SET k=k+1 WHERE id=785030
	Update on sbtest1  (cost=0.43..8.46 rows=0 width=0)
	  ->  Index Scan using sbtest1_pkey on sbtest1  (cost=0.43..8.46 rows=1 width=10)
	        Index Cond: (id = 785030)

table 2 : explain UPDATE sbtest2 SET k=k+1 WHERE id=5020697
	Update on sbtest2  (cost=0.43..8.46 rows=0 width=0)
	  ->  Index Scan using sbtest2_pkey on sbtest2  (cost=0.43..8.46 rows=1 width=10)
	        Index Cond: (id = 5020697)

table 3 : explain UPDATE sbtest3 SET k=k+1 WHERE id=6799327
	Update on sbtest3  (cost=0.43..8.46 rows=0 width=0)
	  ->  Index Scan using sbtest3_pkey on sbtest3  (cost=0.43..8.46 rows=1 width=10)
	        Index Cond: (id = 6799327)

table 4 : explain UPDATE sbtest4 SET k=k+1 WHERE id=7598704
	Update on sbtest4  (cost=0.43..8.46 rows=0 width=0)
	  ->  Index Scan using sbtest4_pkey on sbtest4  (cost=0.43..8.46 rows=1 width=10)
	        Index Cond: (id = 7598704)

table 5 : explain UPDATE sbtest5 SET k=k+1 WHERE id=8530504
	Update on sbtest5  (cost=0.43..8.46 rows=0 width=0)
	  ->  Index Scan using sbtest5_pkey on sbtest5  (cost=0.43..8.46 rows=1 width=10)
	        Index Cond: (id = 8530504)

table 6 : explain UPDATE sbtest6 SET k=k+1 WHERE id=8582965
	Update on sbtest6  (cost=0.43..8.46 rows=0 width=0)
	  ->  Index Scan using sbtest6_pkey on sbtest6  (cost=0.43..8.46 rows=1 width=10)
	        Index Cond: (id = 8582965)

table 7 : explain UPDATE sbtest7 SET k=k+1 WHERE id=5139670
	Update on sbtest7  (cost=0.43..8.46 rows=0 width=0)
	  ->  Index Scan using sbtest7_pkey on sbtest7  (cost=0.43..8.46 rows=1 width=10)
	        Index Cond: (id = 5139670)

table 8 : explain UPDATE sbtest8 SET k=k+1 WHERE id=7434584
	Update on sbtest8  (cost=0.43..8.46 rows=0 width=0)
	  ->  Index Scan using sbtest8_pkey on sbtest8  (cost=0.43..8.46 rows=1 width=10)
	        Index Cond: (id = 7434584)

explain: for non_index_updates :: explain UPDATE sbtest%u SET c='foobar' WHERE id=%u
for non_index_updates
table 1 : explain UPDATE sbtest1 SET c='foobar' WHERE id=2461597
	Update on sbtest1  (cost=0.43..8.45 rows=0 width=0)
	  ->  Index Scan using sbtest1_pkey on sbtest1  (cost=0.43..8.45 rows=1 width=490)
	        Index Cond: (id = 2461597)

table 2 : explain UPDATE sbtest2 SET c='foobar' WHERE id=4671989
	Update on sbtest2  (cost=0.43..8.45 rows=0 width=0)
	  ->  Index Scan using sbtest2_pkey on sbtest2  (cost=0.43..8.45 rows=1 width=490)
	        Index Cond: (id = 4671989)

table 3 : explain UPDATE sbtest3 SET c='foobar' WHERE id=4340692
	Update on sbtest3  (cost=0.43..8.45 rows=0 width=0)
	  ->  Index Scan using sbtest3_pkey on sbtest3  (cost=0.43..8.45 rows=1 width=490)
	        Index Cond: (id = 4340692)

table 4 : explain UPDATE sbtest4 SET c='foobar' WHERE id=7590833
	Update on sbtest4  (cost=0.43..8.45 rows=0 width=0)
	  ->  Index Scan using sbtest4_pkey on sbtest4  (cost=0.43..8.45 rows=1 width=490)
	        Index Cond: (id = 7590833)

table 5 : explain UPDATE sbtest5 SET c='foobar' WHERE id=154918
	Update on sbtest5  (cost=0.43..8.45 rows=0 width=0)
	  ->  Index Scan using sbtest5_pkey on sbtest5  (cost=0.43..8.45 rows=1 width=490)
	        Index Cond: (id = 154918)

table 6 : explain UPDATE sbtest6 SET c='foobar' WHERE id=1059525
	Update on sbtest6  (cost=0.43..8.45 rows=0 width=0)
	  ->  Index Scan using sbtest6_pkey on sbtest6  (cost=0.43..8.45 rows=1 width=490)
	        Index Cond: (id = 1059525)

table 7 : explain UPDATE sbtest7 SET c='foobar' WHERE id=2019687
	Update on sbtest7  (cost=0.43..8.45 rows=0 width=0)
	  ->  Index Scan using sbtest7_pkey on sbtest7  (cost=0.43..8.45 rows=1 width=490)
	        Index Cond: (id = 2019687)

table 8 : explain UPDATE sbtest8 SET c='foobar' WHERE id=4951625
	Update on sbtest8  (cost=0.43..8.45 rows=0 width=0)
	  ->  Index Scan using sbtest8_pkey on sbtest8  (cost=0.43..8.45 rows=1 width=490)
	        Index Cond: (id = 4951625)

explain: for deletes :: explain DELETE FROM sbtest%u WHERE id=%u
for deletes
table 1 : explain DELETE FROM sbtest1 WHERE id=6363790
	Delete on sbtest1  (cost=0.43..8.45 rows=0 width=0)
	  ->  Index Scan using sbtest1_pkey on sbtest1  (cost=0.43..8.45 rows=1 width=6)
	        Index Cond: (id = 6363790)

table 2 : explain DELETE FROM sbtest2 WHERE id=1081323
	Delete on sbtest2  (cost=0.43..8.45 rows=0 width=0)
	  ->  Index Scan using sbtest2_pkey on sbtest2  (cost=0.43..8.45 rows=1 width=6)
	        Index Cond: (id = 1081323)

table 3 : explain DELETE FROM sbtest3 WHERE id=6549595
	Delete on sbtest3  (cost=0.43..8.45 rows=0 width=0)
	  ->  Index Scan using sbtest3_pkey on sbtest3  (cost=0.43..8.45 rows=1 width=6)
	        Index Cond: (id = 6549595)

table 4 : explain DELETE FROM sbtest4 WHERE id=556021
	Delete on sbtest4  (cost=0.43..8.45 rows=0 width=0)
	  ->  Index Scan using sbtest4_pkey on sbtest4  (cost=0.43..8.45 rows=1 width=6)
	        Index Cond: (id = 556021)

table 5 : explain DELETE FROM sbtest5 WHERE id=2019246
	Delete on sbtest5  (cost=0.43..8.45 rows=0 width=0)
	  ->  Index Scan using sbtest5_pkey on sbtest5  (cost=0.43..8.45 rows=1 width=6)
	        Index Cond: (id = 2019246)

table 6 : explain DELETE FROM sbtest6 WHERE id=8276647
	Delete on sbtest6  (cost=0.43..8.45 rows=0 width=0)
	  ->  Index Scan using sbtest6_pkey on sbtest6  (cost=0.43..8.45 rows=1 width=6)
	        Index Cond: (id = 8276647)

table 7 : explain DELETE FROM sbtest7 WHERE id=9200292
	Delete on sbtest7  (cost=0.43..8.45 rows=0 width=0)
	  ->  Index Scan using sbtest7_pkey on sbtest7  (cost=0.43..8.45 rows=1 width=6)
	        Index Cond: (id = 9200292)

table 8 : explain DELETE FROM sbtest8 WHERE id=1460783
	Delete on sbtest8  (cost=0.43..8.45 rows=0 width=0)
	  ->  Index Scan using sbtest8_pkey on sbtest8  (cost=0.43..8.45 rows=1 width=6)
	        Index Cond: (id = 1460783)

explain: for inserts :: explain INSERT INTO sbtest%u (id, k, c, pad) VALUES (%u, 13, 'foobar', 'foobar')
for inserts
table 1 : explain INSERT INTO sbtest1 (id, k, c, pad) VALUES (5921343, 13, 'foobar', 'foobar')
	Insert on sbtest1  (cost=0.00..0.01 rows=0 width=0)
	  ->  Result  (cost=0.00..0.01 rows=1 width=736)

table 2 : explain INSERT INTO sbtest2 (id, k, c, pad) VALUES (5326878, 13, 'foobar', 'foobar')
	Insert on sbtest2  (cost=0.00..0.01 rows=0 width=0)
	  ->  Result  (cost=0.00..0.01 rows=1 width=736)

table 3 : explain INSERT INTO sbtest3 (id, k, c, pad) VALUES (4756718, 13, 'foobar', 'foobar')
	Insert on sbtest3  (cost=0.00..0.01 rows=0 width=0)
	  ->  Result  (cost=0.00..0.01 rows=1 width=736)

table 4 : explain INSERT INTO sbtest4 (id, k, c, pad) VALUES (7602762, 13, 'foobar', 'foobar')
	Insert on sbtest4  (cost=0.00..0.01 rows=0 width=0)
	  ->  Result  (cost=0.00..0.01 rows=1 width=736)

table 5 : explain INSERT INTO sbtest5 (id, k, c, pad) VALUES (4032581, 13, 'foobar', 'foobar')
	Insert on sbtest5  (cost=0.00..0.01 rows=0 width=0)
	  ->  Result  (cost=0.00..0.01 rows=1 width=736)

table 6 : explain INSERT INTO sbtest6 (id, k, c, pad) VALUES (3500841, 13, 'foobar', 'foobar')
	Insert on sbtest6  (cost=0.00..0.01 rows=0 width=0)
	  ->  Result  (cost=0.00..0.01 rows=1 width=736)

table 7 : explain INSERT INTO sbtest7 (id, k, c, pad) VALUES (6864042, 13, 'foobar', 'foobar')
	Insert on sbtest7  (cost=0.00..0.01 rows=0 width=0)
	  ->  Result  (cost=0.00..0.01 rows=1 width=736)

table 8 : explain INSERT INTO sbtest8 (id, k, c, pad) VALUES (8845114, 13, 'foobar', 'foobar')
	Insert on sbtest8  (cost=0.00..0.01 rows=0 width=0)
	  ->  Result  (cost=0.00..0.01 rows=1 width=736)

Threads started!

Warming up for 5 seconds...

SQL statistics:
    queries performed:
        read:                            315516781
        write:                           90147758
        other:                           45073844
        total:                           450738383
    transactions:                        22536942 (24233.04 per sec.)
    queries:                             450738383 (484660.30 per sec.)
    ignored errors:                      0      (0.00 per sec.)
    reconnects:                          0      (0.00 per sec.)

Throughput:
    events/s (eps):                      24233.0397
    time elapsed:                        930.0090s
    total number of events:              22536942

Latency (ms):
         min:                                    1.36
         avg:                                    1.65
         max:                                   97.11
         95th percentile:                        1.73
         sum:                             37175675.68

Threads fairness:
    events (avg/stddev):           563423.1750/3195.51
    execution time (avg/stddev):   929.3919/0.01

