LUA_PATH=/home/mdcallag/git/mytools/bench/sysbench.lua/lua/?.lua /home/mdcallag/git/mytools/bench/sysbench.lua/lua/sysbench --db-driver=pgsql --range-size=100 --table-size=10000000 --tables=8 --threads=40 --events=0 --warmup-time=5 --time=630 --pgsql_conn_id=true /home/mdcallag/git/mytools/bench/sysbench.lua/lua/oltp_point_select.lua run --pgsql-user=root --pgsql-password=pw --pgsql-host=127.0.0.1 --pgsql-db=ib --rand-type=uniform --skip-trx
48 CPUs
sysbench 1.1.0-9072687 (using bundled LuaJIT 2.1.0-beta3)

Running the test with following options:
Number of threads: 40
Warmup time: 5s
Initializing random number generator from current time


Initializing worker threads...

explain: for point_selects :: explain SELECT c FROM sbtest%u WHERE id=%u
explain: for point_selects :: explain SELECT c FROM sbtest%u WHERE id=%u
explain: for point_selects :: explain SELECT c FROM sbtest%u WHERE id=%u
for point_selects
table 1 : explain SELECT c FROM sbtest1 WHERE id=9974865
	Index Scan using sbtest1_pkey on sbtest1  (cost=0.43..8.45 rows=1 width=121)
	  Index Cond: (id = 9974865)

table 2 : explain SELECT c FROM sbtest2 WHERE id=5256797
	Index Scan using sbtest2_pkey on sbtest2  (cost=0.43..8.45 rows=1 width=121)
	  Index Cond: (id = 5256797)

table 3 : explain SELECT c FROM sbtest3 WHERE id=7867209
	Index Scan using sbtest3_pkey on sbtest3  (cost=0.43..8.45 rows=1 width=121)
	  Index Cond: (id = 7867209)

table 4 : explain SELECT c FROM sbtest4 WHERE id=4649689
	Index Scan using sbtest4_pkey on sbtest4  (cost=0.43..8.45 rows=1 width=121)
	  Index Cond: (id = 4649689)

table 5 : explain SELECT c FROM sbtest5 WHERE id=5688995
	Index Scan using sbtest5_pkey on sbtest5  (cost=0.43..8.45 rows=1 width=121)
	  Index Cond: (id = 5688995)

table 6 : explain SELECT c FROM sbtest6 WHERE id=4827190
	Index Scan using sbtest6_pkey on sbtest6  (cost=0.43..8.45 rows=1 width=121)
	  Index Cond: (id = 4827190)

table 7 : explain SELECT c FROM sbtest7 WHERE id=5413988
	Index Scan using sbtest7_pkey on sbtest7  (cost=0.43..8.45 rows=1 width=121)
	  Index Cond: (id = 5413988)

table 8 : explain SELECT c FROM sbtest8 WHERE id=6791686
	Index Scan using sbtest8_pkey on sbtest8  (cost=0.43..8.45 rows=1 width=121)
	  Index Cond: (id = 6791686)

explain: for point_selects :: explain SELECT c FROM sbtest%u WHERE id=%u
explain: for point_selects :: explain SELECT c FROM sbtest%u WHERE id=%u
explain: for point_selects :: explain SELECT c FROM sbtest%u WHERE id=%u
for point_selects
table 1 : explain SELECT c FROM sbtest1 WHERE id=2406035
	Index Scan using sbtest1_pkey on sbtest1  (cost=0.43..8.45 rows=1 width=121)
	  Index Cond: (id = 2406035)

table 2 : explain SELECT c FROM sbtest2 WHERE id=8741849
	Index Scan using sbtest2_pkey on sbtest2  (cost=0.43..8.45 rows=1 width=121)
	  Index Cond: (id = 8741849)

table 3 : explain SELECT c FROM sbtest3 WHERE id=4189738
	Index Scan using sbtest3_pkey on sbtest3  (cost=0.43..8.45 rows=1 width=121)
	  Index Cond: (id = 4189738)

table 4 : explain SELECT c FROM sbtest4 WHERE id=6859404
	Index Scan using sbtest4_pkey on sbtest4  (cost=0.43..8.45 rows=1 width=121)
	  Index Cond: (id = 6859404)

table 5 : explain SELECT c FROM sbtest5 WHERE id=6974933
	Index Scan using sbtest5_pkey on sbtest5  (cost=0.43..8.45 rows=1 width=121)
	  Index Cond: (id = 6974933)

table 6 : explain SELECT c FROM sbtest6 WHERE id=4100448
	Index Scan using sbtest6_pkey on sbtest6  (cost=0.43..8.45 rows=1 width=121)
	  Index Cond: (id = 4100448)

table 7 : explain SELECT c FROM sbtest7 WHERE id=6489856
	Index Scan using sbtest7_pkey on sbtest7  (cost=0.43..8.45 rows=1 width=121)
	  Index Cond: (id = 6489856)

table 8 : explain SELECT c FROM sbtest8 WHERE id=4519099
	Index Scan using sbtest8_pkey on sbtest8  (cost=0.43..8.45 rows=1 width=121)
	  Index Cond: (id = 4519099)

explain: for point_selects :: explain SELECT c FROM sbtest%u WHERE id=%u
for point_selects
table 1 : explain SELECT c FROM sbtest1 WHERE id=4888016
	Index Scan using sbtest1_pkey on sbtest1  (cost=0.43..8.45 rows=1 width=121)
	  Index Cond: (id = 4888016)

table 2 : explain SELECT c FROM sbtest2 WHERE id=4995215
	Index Scan using sbtest2_pkey on sbtest2  (cost=0.43..8.45 rows=1 width=121)
	  Index Cond: (id = 4995215)

table 3 : explain SELECT c FROM sbtest3 WHERE id=4950234
	Index Scan using sbtest3_pkey on sbtest3  (cost=0.43..8.45 rows=1 width=121)
	  Index Cond: (id = 4950234)

table 4 : explain SELECT c FROM sbtest4 WHERE id=9502643
	Index Scan using sbtest4_pkey on sbtest4  (cost=0.43..8.45 rows=1 width=121)
	  Index Cond: (id = 9502643)

table 5 : explain SELECT c FROM sbtest5 WHERE id=6483407
	Index Scan using sbtest5_pkey on sbtest5  (cost=0.43..8.45 rows=1 width=121)
	  Index Cond: (id = 6483407)

table 6 : explain SELECT c FROM sbtest6 WHERE id=5945084
	Index Scan using sbtest6_pkey on sbtest6  (cost=0.43..8.45 rows=1 width=121)
	  Index Cond: (id = 5945084)

table 7 : explain SELECT c FROM sbtest7 WHERE id=5992890
	Index Scan using sbtest7_pkey on sbtest7  (cost=0.43..8.45 rows=1 width=121)
	  Index Cond: (id = 5992890)

table 8 : explain SELECT c FROM sbtest8 WHERE id=8415647
	Index Scan using sbtest8_pkey on sbtest8  (cost=0.43..8.45 rows=1 width=121)
	  Index Cond: (id = 8415647)

for point_selects
table 1 : explain SELECT c FROM sbtest1 WHERE id=7862063
	Index Scan using sbtest1_pkey on sbtest1  (cost=0.43..8.45 rows=1 width=121)
	  Index Cond: (id = 7862063)

table 2 : explain SELECT c FROM sbtest2 WHERE id=5062019
	Index Scan using sbtest2_pkey on sbtest2  (cost=0.43..8.45 rows=1 width=121)
	  Index Cond: (id = 5062019)

table 3 : explain SELECT c FROM sbtest3 WHERE id=5656179
	Index Scan using sbtest3_pkey on sbtest3  (cost=0.43..8.45 rows=1 width=121)
	  Index Cond: (id = 5656179)

table 4 : explain SELECT c FROM sbtest4 WHERE id=839080
	Index Scan using sbtest4_pkey on sbtest4  (cost=0.43..8.45 rows=1 width=121)
	  Index Cond: (id = 839080)

table 5 : explain SELECT c FROM sbtest5 WHERE id=8636109
	Index Scan using sbtest5_pkey on sbtest5  (cost=0.43..8.45 rows=1 width=121)
	  Index Cond: (id = 8636109)

table 6 : explain SELECT c FROM sbtest6 WHERE id=2322285
	Index Scan using sbtest6_pkey on sbtest6  (cost=0.43..8.45 rows=1 width=121)
	  Index Cond: (id = 2322285)

table 7 : explain SELECT c FROM sbtest7 WHERE id=2687882
	Index Scan using sbtest7_pkey on sbtest7  (cost=0.43..8.45 rows=1 width=121)
	  Index Cond: (id = 2687882)

table 8 : explain SELECT c FROM sbtest8 WHERE id=5203976
	Index Scan using sbtest8_pkey on sbtest8  (cost=0.43..8.45 rows=1 width=121)
	  Index Cond: (id = 5203976)

explain: for point_selects :: explain SELECT c FROM sbtest%u WHERE id=%u
for point_selects
table 1 : explain SELECT c FROM sbtest1 WHERE id=9742154
	Index Scan using sbtest1_pkey on sbtest1  (cost=0.43..8.45 rows=1 width=121)
	  Index Cond: (id = 9742154)

table 2 : explain SELECT c FROM sbtest2 WHERE id=3110712
	Index Scan using sbtest2_pkey on sbtest2  (cost=0.43..8.45 rows=1 width=121)
	  Index Cond: (id = 3110712)

table 3 : explain SELECT c FROM sbtest3 WHERE id=392760
	Index Scan using sbtest3_pkey on sbtest3  (cost=0.43..8.45 rows=1 width=121)
	  Index Cond: (id = 392760)

table 4 : explain SELECT c FROM sbtest4 WHERE id=3767516
	Index Scan using sbtest4_pkey on sbtest4  (cost=0.43..8.45 rows=1 width=121)
	  Index Cond: (id = 3767516)

table 5 : explain SELECT c FROM sbtest5 WHERE id=7984330
	Index Scan using sbtest5_pkey on sbtest5  (cost=0.43..8.45 rows=1 width=121)
	  Index Cond: (id = 7984330)

table 6 : explain SELECT c FROM sbtest6 WHERE id=9304029
	Index Scan using sbtest6_pkey on sbtest6  (cost=0.43..8.45 rows=1 width=121)
	  Index Cond: (id = 9304029)

table 7 : explain SELECT c FROM sbtest7 WHERE id=2790363
	Index Scan using sbtest7_pkey on sbtest7  (cost=0.43..8.45 rows=1 width=121)
	  Index Cond: (id = 2790363)

table 8 : explain SELECT c FROM sbtest8 WHERE id=8171112
	Index Scan using sbtest8_pkey on sbtest8  (cost=0.43..8.45 rows=1 width=121)
	  Index Cond: (id = 8171112)

for point_selects
table 1 : explain SELECT c FROM sbtest1 WHERE id=4063860
	Index Scan using sbtest1_pkey on sbtest1  (cost=0.43..8.45 rows=1 width=121)
	  Index Cond: (id = 4063860)

table 2 : explain SELECT c FROM sbtest2 WHERE id=9245006
	Index Scan using sbtest2_pkey on sbtest2  (cost=0.43..8.45 rows=1 width=121)
	  Index Cond: (id = 9245006)

table 3 : explain SELECT c FROM sbtest3 WHERE id=2907340
	Index Scan using sbtest3_pkey on sbtest3  (cost=0.43..8.45 rows=1 width=121)
	  Index Cond: (id = 2907340)

table 4 : explain SELECT c FROM sbtest4 WHERE id=7380702
	Index Scan using sbtest4_pkey on sbtest4  (cost=0.43..8.45 rows=1 width=121)
	  Index Cond: (id = 7380702)

table 5 : explain SELECT c FROM sbtest5 WHERE id=4513313
	Index Scan using sbtest5_pkey on sbtest5  (cost=0.43..8.45 rows=1 width=121)
	  Index Cond: (id = 4513313)

table 6 : explain SELECT c FROM sbtest6 WHERE id=8282432
	Index Scan using sbtest6_pkey on sbtest6  (cost=0.43..8.45 rows=1 width=121)
	  Index Cond: (id = 8282432)

table 7 : explain SELECT c FROM sbtest7 WHERE id=6981894
	Index Scan using sbtest7_pkey on sbtest7  (cost=0.43..8.45 rows=1 width=121)
	  Index Cond: (id = 6981894)

table 8 : explain SELECT c FROM sbtest8 WHERE id=1419493
	Index Scan using sbtest8_pkey on sbtest8  (cost=0.43..8.45 rows=1 width=121)
	  Index Cond: (id = 1419493)

explain: for point_selects :: explain SELECT c FROM sbtest%u WHERE id=%u
explain: for point_selects :: explain SELECT c FROM sbtest%u WHERE id=%u
explain: for point_selects :: explain SELECT c FROM sbtest%u WHERE id=%u
for point_selects
table 1 : explain SELECT c FROM sbtest1 WHERE id=2710107
	Index Scan using sbtest1_pkey on sbtest1  (cost=0.43..8.45 rows=1 width=121)
	  Index Cond: (id = 2710107)

table 2 : explain SELECT c FROM sbtest2 WHERE id=9992663
	Index Scan using sbtest2_pkey on sbtest2  (cost=0.43..8.45 rows=1 width=121)
	  Index Cond: (id = 9992663)

table 3 : explain SELECT c FROM sbtest3 WHERE id=177066
	Index Scan using sbtest3_pkey on sbtest3  (cost=0.43..8.45 rows=1 width=121)
	  Index Cond: (id = 177066)

table 4 : explain SELECT c FROM sbtest4 WHERE id=5619854
	Index Scan using sbtest4_pkey on sbtest4  (cost=0.43..8.45 rows=1 width=121)
	  Index Cond: (id = 5619854)

table 5 : explain SELECT c FROM sbtest5 WHERE id=3613057
	Index Scan using sbtest5_pkey on sbtest5  (cost=0.43..8.45 rows=1 width=121)
	  Index Cond: (id = 3613057)

table 6 : explain SELECT c FROM sbtest6 WHERE id=7318234
	Index Scan using sbtest6_pkey on sbtest6  (cost=0.43..8.45 rows=1 width=121)
	  Index Cond: (id = 7318234)

table 7 : explain SELECT c FROM sbtest7 WHERE id=5570994
	Index Scan using sbtest7_pkey on sbtest7  (cost=0.43..8.45 rows=1 width=121)
	  Index Cond: (id = 5570994)

table 8 : explain SELECT c FROM sbtest8 WHERE id=2492894
	Index Scan using sbtest8_pkey on sbtest8  (cost=0.43..8.45 rows=1 width=121)
	  Index Cond: (id = 2492894)

explain: for point_selects :: explain SELECT c FROM sbtest%u WHERE id=%u
for point_selects
table 1 : explain SELECT c FROM sbtest1 WHERE id=309393
	Index Scan using sbtest1_pkey on sbtest1  (cost=0.43..8.45 rows=1 width=121)
	  Index Cond: (id = 309393)

table 2 : explain SELECT c FROM sbtest2 WHERE id=9336301
	Index Scan using sbtest2_pkey on sbtest2  (cost=0.43..8.45 rows=1 width=121)
	  Index Cond: (id = 9336301)

table 3 : explain SELECT c FROM sbtest3 WHERE id=244060
	Index Scan using sbtest3_pkey on sbtest3  (cost=0.43..8.45 rows=1 width=121)
	  Index Cond: (id = 244060)

table 4 : explain SELECT c FROM sbtest4 WHERE id=4820723
	Index Scan using sbtest4_pkey on sbtest4  (cost=0.43..8.45 rows=1 width=121)
	  Index Cond: (id = 4820723)

table 5 : explain SELECT c FROM sbtest5 WHERE id=1203030
	Index Scan using sbtest5_pkey on sbtest5  (cost=0.43..8.45 rows=1 width=121)
	  Index Cond: (id = 1203030)

table 6 : explain SELECT c FROM sbtest6 WHERE id=6267626
	Index Scan using sbtest6_pkey on sbtest6  (cost=0.43..8.45 rows=1 width=121)
	  Index Cond: (id = 6267626)

table 7 : explain SELECT c FROM sbtest7 WHERE id=9227725
	Index Scan using sbtest7_pkey on sbtest7  (cost=0.43..8.45 rows=1 width=121)
	  Index Cond: (id = 9227725)

table 8 : explain SELECT c FROM sbtest8 WHERE id=7083787
	Index Scan using sbtest8_pkey on sbtest8  (cost=0.43..8.45 rows=1 width=121)
	  Index Cond: (id = 7083787)

explain: for point_selects :: explain SELECT c FROM sbtest%u WHERE id=%u
explain: for point_selects :: explain SELECT c FROM sbtest%u WHERE id=%u
for point_selects
table 1 : explain SELECT c FROM sbtest1 WHERE id=6796624
	Index Scan using sbtest1_pkey on sbtest1  (cost=0.43..8.45 rows=1 width=121)
	  Index Cond: (id = 6796624)

table 2 : explain SELECT c FROM sbtest2 WHERE id=4984544
	Index Scan using sbtest2_pkey on sbtest2  (cost=0.43..8.45 rows=1 width=121)
	  Index Cond: (id = 4984544)

table 3 : explain SELECT c FROM sbtest3 WHERE id=5506779
	Index Scan using sbtest3_pkey on sbtest3  (cost=0.43..8.45 rows=1 width=121)
	  Index Cond: (id = 5506779)

table 4 : explain SELECT c FROM sbtest4 WHERE id=2407629
	Index Scan using sbtest4_pkey on sbtest4  (cost=0.43..8.45 rows=1 width=121)
	  Index Cond: (id = 2407629)

table 5 : explain SELECT c FROM sbtest5 WHERE id=8335667
	Index Scan using sbtest5_pkey on sbtest5  (cost=0.43..8.45 rows=1 width=121)
	  Index Cond: (id = 8335667)

table 6 : explain SELECT c FROM sbtest6 WHERE id=3932090
	Index Scan using sbtest6_pkey on sbtest6  (cost=0.43..8.45 rows=1 width=121)
	  Index Cond: (id = 3932090)

table 7 : explain SELECT c FROM sbtest7 WHERE id=8809048
	Index Scan using sbtest7_pkey on sbtest7  (cost=0.43..8.45 rows=1 width=121)
	  Index Cond: (id = 8809048)

table 8 : explain SELECT c FROM sbtest8 WHERE id=9903476
	Index Scan using sbtest8_pkey on sbtest8  (cost=0.43..8.45 rows=1 width=121)
	  Index Cond: (id = 9903476)

explain: for point_selects :: explain SELECT c FROM sbtest%u WHERE id=%u
explain: for point_selects :: explain SELECT c FROM sbtest%u WHERE id=%u
for point_selects
table 1 : explain SELECT c FROM sbtest1 WHERE id=8795371
	Index Scan using sbtest1_pkey on sbtest1  (cost=0.43..8.45 rows=1 width=121)
	  Index Cond: (id = 8795371)

table 2 : explain SELECT c FROM sbtest2 WHERE id=7621424
	Index Scan using sbtest2_pkey on sbtest2  (cost=0.43..8.45 rows=1 width=121)
	  Index Cond: (id = 7621424)

table 3 : explain SELECT c FROM sbtest3 WHERE id=2690733
	Index Scan using sbtest3_pkey on sbtest3  (cost=0.43..8.45 rows=1 width=121)
	  Index Cond: (id = 2690733)

table 4 : explain SELECT c FROM sbtest4 WHERE id=2306564
	Index Scan using sbtest4_pkey on sbtest4  (cost=0.43..8.45 rows=1 width=121)
	  Index Cond: (id = 2306564)

table 5 : explain SELECT c FROM sbtest5 WHERE id=5083808
	Index Scan using sbtest5_pkey on sbtest5  (cost=0.43..8.45 rows=1 width=121)
	  Index Cond: (id = 5083808)

table 6 : explain SELECT c FROM sbtest6 WHERE id=7498595
	Index Scan using sbtest6_pkey on sbtest6  (cost=0.43..8.45 rows=1 width=121)
	  Index Cond: (id = 7498595)

table 7 : explain SELECT c FROM sbtest7 WHERE id=7057920
	Index Scan using sbtest7_pkey on sbtest7  (cost=0.43..8.45 rows=1 width=121)
	  Index Cond: (id = 7057920)

table 8 : explain SELECT c FROM sbtest8 WHERE id=802603
	Index Scan using sbtest8_pkey on sbtest8  (cost=0.43..8.45 rows=1 width=121)
	  Index Cond: (id = 802603)

for point_selects
table 1 : explain SELECT c FROM sbtest1 WHERE id=5205949
	Index Scan using sbtest1_pkey on sbtest1  (cost=0.43..8.45 rows=1 width=121)
	  Index Cond: (id = 5205949)

table 2 : explain SELECT c FROM sbtest2 WHERE id=8381654
	Index Scan using sbtest2_pkey on sbtest2  (cost=0.43..8.45 rows=1 width=121)
	  Index Cond: (id = 8381654)

table 3 : explain SELECT c FROM sbtest3 WHERE id=7797093
	Index Scan using sbtest3_pkey on sbtest3  (cost=0.43..8.45 rows=1 width=121)
	  Index Cond: (id = 7797093)

table 4 : explain SELECT c FROM sbtest4 WHERE id=1969224
	Index Scan using sbtest4_pkey on sbtest4  (cost=0.43..8.45 rows=1 width=121)
	  Index Cond: (id = 1969224)

table 5 : explain SELECT c FROM sbtest5 WHERE id=2238446
	Index Scan using sbtest5_pkey on sbtest5  (cost=0.43..8.45 rows=1 width=121)
	  Index Cond: (id = 2238446)

table 6 : explain SELECT c FROM sbtest6 WHERE id=1008477
	Index Scan using sbtest6_pkey on sbtest6  (cost=0.43..8.45 rows=1 width=121)
	  Index Cond: (id = 1008477)

table 7 : explain SELECT c FROM sbtest7 WHERE id=9406080
	Index Scan using sbtest7_pkey on sbtest7  (cost=0.43..8.45 rows=1 width=121)
	  Index Cond: (id = 9406080)

table 8 : explain SELECT c FROM sbtest8 WHERE id=7377093
	Index Scan using sbtest8_pkey on sbtest8  (cost=0.43..8.45 rows=1 width=121)
	  Index Cond: (id = 7377093)

explain: for point_selects :: explain SELECT c FROM sbtest%u WHERE id=%u
for point_selects
table 1 : explain SELECT c FROM sbtest1 WHERE id=8093042
	Index Scan using sbtest1_pkey on sbtest1  (cost=0.43..8.45 rows=1 width=121)
	  Index Cond: (id = 8093042)

table 2 : explain SELECT c FROM sbtest2 WHERE id=5647890
	Index Scan using sbtest2_pkey on sbtest2  (cost=0.43..8.45 rows=1 width=121)
	  Index Cond: (id = 5647890)

table 3 : explain SELECT c FROM sbtest3 WHERE id=9876858
	Index Scan using sbtest3_pkey on sbtest3  (cost=0.43..8.45 rows=1 width=121)
	  Index Cond: (id = 9876858)

table 4 : explain SELECT c FROM sbtest4 WHERE id=6106154
	Index Scan using sbtest4_pkey on sbtest4  (cost=0.43..8.45 rows=1 width=121)
	  Index Cond: (id = 6106154)

table 5 : explain SELECT c FROM sbtest5 WHERE id=4334969
	Index Scan using sbtest5_pkey on sbtest5  (cost=0.43..8.45 rows=1 width=121)
	  Index Cond: (id = 4334969)

table 6 : explain SELECT c FROM sbtest6 WHERE id=1172029
	Index Scan using sbtest6_pkey on sbtest6  (cost=0.43..8.45 rows=1 width=121)
	  Index Cond: (id = 1172029)

table 7 : explain SELECT c FROM sbtest7 WHERE id=7155543
	Index Scan using sbtest7_pkey on sbtest7  (cost=0.43..8.45 rows=1 width=121)
	  Index Cond: (id = 7155543)

table 8 : explain SELECT c FROM sbtest8 WHERE id=3709027
	Index Scan using sbtest8_pkey on sbtest8  (cost=0.43..8.45 rows=1 width=121)
	  Index Cond: (id = 3709027)

explain: for point_selects :: explain SELECT c FROM sbtest%u WHERE id=%u
for point_selects
table 1 : explain SELECT c FROM sbtest1 WHERE id=9878238
	Index Scan using sbtest1_pkey on sbtest1  (cost=0.43..8.45 rows=1 width=121)
	  Index Cond: (id = 9878238)

table 2 : explain SELECT c FROM sbtest2 WHERE id=7009514
	Index Scan using sbtest2_pkey on sbtest2  (cost=0.43..8.45 rows=1 width=121)
	  Index Cond: (id = 7009514)

table 3 : explain SELECT c FROM sbtest3 WHERE id=2057370
	Index Scan using sbtest3_pkey on sbtest3  (cost=0.43..8.45 rows=1 width=121)
	  Index Cond: (id = 2057370)

table 4 : explain SELECT c FROM sbtest4 WHERE id=6118991
	Index Scan using sbtest4_pkey on sbtest4  (cost=0.43..8.45 rows=1 width=121)
	  Index Cond: (id = 6118991)

table 5 : explain SELECT c FROM sbtest5 WHERE id=7460248
	Index Scan using sbtest5_pkey on sbtest5  (cost=0.43..8.45 rows=1 width=121)
	  Index Cond: (id = 7460248)

table 6 : explain SELECT c FROM sbtest6 WHERE id=8301517
	Index Scan using sbtest6_pkey on sbtest6  (cost=0.43..8.45 rows=1 width=121)
	  Index Cond: (id = 8301517)

table 7 : explain SELECT c FROM sbtest7 WHERE id=5028581
	Index Scan using sbtest7_pkey on sbtest7  (cost=0.43..8.45 rows=1 width=121)
	  Index Cond: (id = 5028581)

table 8 : explain SELECT c FROM sbtest8 WHERE id=7796746
	Index Scan using sbtest8_pkey on sbtest8  (cost=0.43..8.45 rows=1 width=121)
	  Index Cond: (id = 7796746)

for point_selects
table 1 : explain SELECT c FROM sbtest1 WHERE id=2862387
	Index Scan using sbtest1_pkey on sbtest1  (cost=0.43..8.45 rows=1 width=121)
	  Index Cond: (id = 2862387)

table 2 : explain SELECT c FROM sbtest2 WHERE id=7307834
	Index Scan using sbtest2_pkey on sbtest2  (cost=0.43..8.45 rows=1 width=121)
	  Index Cond: (id = 7307834)

table 3 : explain SELECT c FROM sbtest3 WHERE id=2063801
	Index Scan using sbtest3_pkey on sbtest3  (cost=0.43..8.45 rows=1 width=121)
	  Index Cond: (id = 2063801)

table 4 : explain SELECT c FROM sbtest4 WHERE id=4174606
	Index Scan using sbtest4_pkey on sbtest4  (cost=0.43..8.45 rows=1 width=121)
	  Index Cond: (id = 4174606)

table 5 : explain SELECT c FROM sbtest5 WHERE id=6926043
	Index Scan using sbtest5_pkey on sbtest5  (cost=0.43..8.45 rows=1 width=121)
	  Index Cond: (id = 6926043)

table 6 : explain SELECT c FROM sbtest6 WHERE id=8539810
	Index Scan using sbtest6_pkey on sbtest6  (cost=0.43..8.45 rows=1 width=121)
	  Index Cond: (id = 8539810)

table 7 : explain SELECT c FROM sbtest7 WHERE id=2385837
	Index Scan using sbtest7_pkey on sbtest7  (cost=0.43..8.45 rows=1 width=121)
	  Index Cond: (id = 2385837)

table 8 : explain SELECT c FROM sbtest8 WHERE id=5574297
	Index Scan using sbtest8_pkey on sbtest8  (cost=0.43..8.45 rows=1 width=121)
	  Index Cond: (id = 5574297)

for point_selects
table 1 : explain SELECT c FROM sbtest1 WHERE id=9400088
	Index Scan using sbtest1_pkey on sbtest1  (cost=0.43..8.45 rows=1 width=121)
	  Index Cond: (id = 9400088)

table 2 : explain SELECT c FROM sbtest2 WHERE id=8518271
	Index Scan using sbtest2_pkey on sbtest2  (cost=0.43..8.45 rows=1 width=121)
	  Index Cond: (id = 8518271)

table 3 : explain SELECT c FROM sbtest3 WHERE id=3237569
	Index Scan using sbtest3_pkey on sbtest3  (cost=0.43..8.45 rows=1 width=121)
	  Index Cond: (id = 3237569)

table 4 : explain SELECT c FROM sbtest4 WHERE id=4767134
	Index Scan using sbtest4_pkey on sbtest4  (cost=0.43..8.45 rows=1 width=121)
	  Index Cond: (id = 4767134)

table 5 : explain SELECT c FROM sbtest5 WHERE id=3236549
	Index Scan using sbtest5_pkey on sbtest5  (cost=0.43..8.45 rows=1 width=121)
	  Index Cond: (id = 3236549)

table 6 : explain SELECT c FROM sbtest6 WHERE id=2506938
	Index Scan using sbtest6_pkey on sbtest6  (cost=0.43..8.45 rows=1 width=121)
	  Index Cond: (id = 2506938)

table 7 : explain SELECT c FROM sbtest7 WHERE id=7910149
	Index Scan using sbtest7_pkey on sbtest7  (cost=0.43..8.45 rows=1 width=121)
	  Index Cond: (id = 7910149)

table 8 : explain SELECT c FROM sbtest8 WHERE id=179408
	Index Scan using sbtest8_pkey on sbtest8  (cost=0.43..8.45 rows=1 width=121)
	  Index Cond: (id = 179408)

explain: for point_selects :: explain SELECT c FROM sbtest%u WHERE id=%u
for point_selects
table 1 : explain SELECT c FROM sbtest1 WHERE id=6080356
	Index Scan using sbtest1_pkey on sbtest1  (cost=0.43..8.45 rows=1 width=121)
	  Index Cond: (id = 6080356)

table 2 : explain SELECT c FROM sbtest2 WHERE id=3354703
	Index Scan using sbtest2_pkey on sbtest2  (cost=0.43..8.45 rows=1 width=121)
	  Index Cond: (id = 3354703)

table 3 : explain SELECT c FROM sbtest3 WHERE id=5562842
	Index Scan using sbtest3_pkey on sbtest3  (cost=0.43..8.45 rows=1 width=121)
	  Index Cond: (id = 5562842)

table 4 : explain SELECT c FROM sbtest4 WHERE id=3237160
	Index Scan using sbtest4_pkey on sbtest4  (cost=0.43..8.45 rows=1 width=121)
	  Index Cond: (id = 3237160)

table 5 : explain SELECT c FROM sbtest5 WHERE id=223390
	Index Scan using sbtest5_pkey on sbtest5  (cost=0.43..8.45 rows=1 width=121)
	  Index Cond: (id = 223390)

table 6 : explain SELECT c FROM sbtest6 WHERE id=728159
	Index Scan using sbtest6_pkey on sbtest6  (cost=0.43..8.45 rows=1 width=121)
	  Index Cond: (id = 728159)

table 7 : explain SELECT c FROM sbtest7 WHERE id=8128934
	Index Scan using sbtest7_pkey on sbtest7  (cost=0.43..8.45 rows=1 width=121)
	  Index Cond: (id = 8128934)

table 8 : explain SELECT c FROM sbtest8 WHERE id=7306988
	Index Scan using sbtest8_pkey on sbtest8  (cost=0.43..8.45 rows=1 width=121)
	  Index Cond: (id = 7306988)

for point_selects
table 1 : explain SELECT c FROM sbtest1 WHERE id=1599460
	Index Scan using sbtest1_pkey on sbtest1  (cost=0.43..8.45 rows=1 width=121)
	  Index Cond: (id = 1599460)

table 2 : explain SELECT c FROM sbtest2 WHERE id=8958258
	Index Scan using sbtest2_pkey on sbtest2  (cost=0.43..8.45 rows=1 width=121)
	  Index Cond: (id = 8958258)

table 3 : explain SELECT c FROM sbtest3 WHERE id=5354650
	Index Scan using sbtest3_pkey on sbtest3  (cost=0.43..8.45 rows=1 width=121)
	  Index Cond: (id = 5354650)

table 4 : explain SELECT c FROM sbtest4 WHERE id=3153497
	Index Scan using sbtest4_pkey on sbtest4  (cost=0.43..8.45 rows=1 width=121)
	  Index Cond: (id = 3153497)

table 5 : explain SELECT c FROM sbtest5 WHERE id=1391154
	Index Scan using sbtest5_pkey on sbtest5  (cost=0.43..8.45 rows=1 width=121)
	  Index Cond: (id = 1391154)

table 6 : explain SELECT c FROM sbtest6 WHERE id=4524576
	Index Scan using sbtest6_pkey on sbtest6  (cost=0.43..8.45 rows=1 width=121)
	  Index Cond: (id = 4524576)

table 7 : explain SELECT c FROM sbtest7 WHERE id=1049046
	Index Scan using sbtest7_pkey on sbtest7  (cost=0.43..8.45 rows=1 width=121)
	  Index Cond: (id = 1049046)

table 8 : explain SELECT c FROM sbtest8 WHERE id=3852070
	Index Scan using sbtest8_pkey on sbtest8  (cost=0.43..8.45 rows=1 width=121)
	  Index Cond: (id = 3852070)

explain: for point_selects :: explain SELECT c FROM sbtest%u WHERE id=%u
explain: for point_selects :: explain SELECT c FROM sbtest%u WHERE id=%u
for point_selects
table 1 : explain SELECT c FROM sbtest1 WHERE id=12343
	Index Scan using sbtest1_pkey on sbtest1  (cost=0.43..8.45 rows=1 width=121)
	  Index Cond: (id = 12343)

table 2 : explain SELECT c FROM sbtest2 WHERE id=8107322
	Index Scan using sbtest2_pkey on sbtest2  (cost=0.43..8.45 rows=1 width=121)
	  Index Cond: (id = 8107322)

table 3 : explain SELECT c FROM sbtest3 WHERE id=5827113
	Index Scan using sbtest3_pkey on sbtest3  (cost=0.43..8.45 rows=1 width=121)
	  Index Cond: (id = 5827113)

table 4 : explain SELECT c FROM sbtest4 WHERE id=3619267
	Index Scan using sbtest4_pkey on sbtest4  (cost=0.43..8.45 rows=1 width=121)
	  Index Cond: (id = 3619267)

table 5 : explain SELECT c FROM sbtest5 WHERE id=8302218
	Index Scan using sbtest5_pkey on sbtest5  (cost=0.43..8.45 rows=1 width=121)
	  Index Cond: (id = 8302218)

table 6 : explain SELECT c FROM sbtest6 WHERE id=941349
	Index Scan using sbtest6_pkey on sbtest6  (cost=0.43..8.45 rows=1 width=121)
	  Index Cond: (id = 941349)

table 7 : explain SELECT c FROM sbtest7 WHERE id=738171
	Index Scan using sbtest7_pkey on sbtest7  (cost=0.43..8.45 rows=1 width=121)
	  Index Cond: (id = 738171)

table 8 : explain SELECT c FROM sbtest8 WHERE id=6593740
	Index Scan using sbtest8_pkey on sbtest8  (cost=0.43..8.45 rows=1 width=121)
	  Index Cond: (id = 6593740)

explain: for point_selects :: explain SELECT c FROM sbtest%u WHERE id=%u
for point_selects
table 1 : explain SELECT c FROM sbtest1 WHERE id=1185003
	Index Scan using sbtest1_pkey on sbtest1  (cost=0.43..8.45 rows=1 width=121)
	  Index Cond: (id = 1185003)

table 2 : explain SELECT c FROM sbtest2 WHERE id=354851
	Index Scan using sbtest2_pkey on sbtest2  (cost=0.43..8.45 rows=1 width=121)
	  Index Cond: (id = 354851)

table 3 : explain SELECT c FROM sbtest3 WHERE id=9390959
	Index Scan using sbtest3_pkey on sbtest3  (cost=0.43..8.45 rows=1 width=121)
	  Index Cond: (id = 9390959)

table 4 : explain SELECT c FROM sbtest4 WHERE id=1090458
	Index Scan using sbtest4_pkey on sbtest4  (cost=0.43..8.45 rows=1 width=121)
	  Index Cond: (id = 1090458)

table 5 : explain SELECT c FROM sbtest5 WHERE id=1819973
	Index Scan using sbtest5_pkey on sbtest5  (cost=0.43..8.45 rows=1 width=121)
	  Index Cond: (id = 1819973)

table 6 : explain SELECT c FROM sbtest6 WHERE id=3356177
	Index Scan using sbtest6_pkey on sbtest6  (cost=0.43..8.45 rows=1 width=121)
	  Index Cond: (id = 3356177)

table 7 : explain SELECT c FROM sbtest7 WHERE id=3883227
	Index Scan using sbtest7_pkey on sbtest7  (cost=0.43..8.45 rows=1 width=121)
	  Index Cond: (id = 3883227)

table 8 : explain SELECT c FROM sbtest8 WHERE id=7645241
	Index Scan using sbtest8_pkey on sbtest8  (cost=0.43..8.45 rows=1 width=121)
	  Index Cond: (id = 7645241)

explain: for point_selects :: explain SELECT c FROM sbtest%u WHERE id=%u
for point_selects
table 1 : explain SELECT c FROM sbtest1 WHERE id=6473543
	Index Scan using sbtest1_pkey on sbtest1  (cost=0.43..8.45 rows=1 width=121)
	  Index Cond: (id = 6473543)

table 2 : explain SELECT c FROM sbtest2 WHERE id=8780426
	Index Scan using sbtest2_pkey on sbtest2  (cost=0.43..8.45 rows=1 width=121)
	  Index Cond: (id = 8780426)

table 3 : explain SELECT c FROM sbtest3 WHERE id=1400912
	Index Scan using sbtest3_pkey on sbtest3  (cost=0.43..8.45 rows=1 width=121)
	  Index Cond: (id = 1400912)

table 4 : explain SELECT c FROM sbtest4 WHERE id=9640875
	Index Scan using sbtest4_pkey on sbtest4  (cost=0.43..8.45 rows=1 width=121)
	  Index Cond: (id = 9640875)

table 5 : explain SELECT c FROM sbtest5 WHERE id=4206245
	Index Scan using sbtest5_pkey on sbtest5  (cost=0.43..8.45 rows=1 width=121)
	  Index Cond: (id = 4206245)

table 6 : explain SELECT c FROM sbtest6 WHERE id=5721036
	Index Scan using sbtest6_pkey on sbtest6  (cost=0.43..8.45 rows=1 width=121)
	  Index Cond: (id = 5721036)

table 7 : explain SELECT c FROM sbtest7 WHERE id=7262143
	Index Scan using sbtest7_pkey on sbtest7  (cost=0.43..8.45 rows=1 width=121)
	  Index Cond: (id = 7262143)

table 8 : explain SELECT c FROM sbtest8 WHERE id=3687758
	Index Scan using sbtest8_pkey on sbtest8  (cost=0.43..8.45 rows=1 width=121)
	  Index Cond: (id = 3687758)

explain: for point_selects :: explain SELECT c FROM sbtest%u WHERE id=%u
explain: for point_selects :: explain SELECT c FROM sbtest%u WHERE id=%u
explain: for point_selects :: explain SELECT c FROM sbtest%u WHERE id=%u
for point_selects
table 1 : explain SELECT c FROM sbtest1 WHERE id=7848715
	Index Scan using sbtest1_pkey on sbtest1  (cost=0.43..8.45 rows=1 width=121)
	  Index Cond: (id = 7848715)

table 2 : explain SELECT c FROM sbtest2 WHERE id=7258435
	Index Scan using sbtest2_pkey on sbtest2  (cost=0.43..8.45 rows=1 width=121)
	  Index Cond: (id = 7258435)

table 3 : explain SELECT c FROM sbtest3 WHERE id=629031
	Index Scan using sbtest3_pkey on sbtest3  (cost=0.43..8.45 rows=1 width=121)
	  Index Cond: (id = 629031)

table 4 : explain SELECT c FROM sbtest4 WHERE id=6178016
	Index Scan using sbtest4_pkey on sbtest4  (cost=0.43..8.45 rows=1 width=121)
	  Index Cond: (id = 6178016)

table 5 : explain SELECT c FROM sbtest5 WHERE id=4124881
	Index Scan using sbtest5_pkey on sbtest5  (cost=0.43..8.45 rows=1 width=121)
	  Index Cond: (id = 4124881)

table 6 : explain SELECT c FROM sbtest6 WHERE id=5430525
	Index Scan using sbtest6_pkey on sbtest6  (cost=0.43..8.45 rows=1 width=121)
	  Index Cond: (id = 5430525)

table 7 : explain SELECT c FROM sbtest7 WHERE id=6220779
	Index Scan using sbtest7_pkey on sbtest7  (cost=0.43..8.45 rows=1 width=121)
	  Index Cond: (id = 6220779)

table 8 : explain SELECT c FROM sbtest8 WHERE id=9585576
	Index Scan using sbtest8_pkey on sbtest8  (cost=0.43..8.45 rows=1 width=121)
	  Index Cond: (id = 9585576)

explain: for point_selects :: explain SELECT c FROM sbtest%u WHERE id=%u
for point_selects
table 1 : explain SELECT c FROM sbtest1 WHERE id=1499885
	Index Scan using sbtest1_pkey on sbtest1  (cost=0.43..8.45 rows=1 width=121)
	  Index Cond: (id = 1499885)

table 2 : explain SELECT c FROM sbtest2 WHERE id=6720195
	Index Scan using sbtest2_pkey on sbtest2  (cost=0.43..8.45 rows=1 width=121)
	  Index Cond: (id = 6720195)

table 3 : explain SELECT c FROM sbtest3 WHERE id=1450379
	Index Scan using sbtest3_pkey on sbtest3  (cost=0.43..8.45 rows=1 width=121)
	  Index Cond: (id = 1450379)

table 4 : explain SELECT c FROM sbtest4 WHERE id=5979246
	Index Scan using sbtest4_pkey on sbtest4  (cost=0.43..8.45 rows=1 width=121)
	  Index Cond: (id = 5979246)

table 5 : explain SELECT c FROM sbtest5 WHERE id=3611564
	Index Scan using sbtest5_pkey on sbtest5  (cost=0.43..8.45 rows=1 width=121)
	  Index Cond: (id = 3611564)

table 6 : explain SELECT c FROM sbtest6 WHERE id=2306258
	Index Scan using sbtest6_pkey on sbtest6  (cost=0.43..8.45 rows=1 width=121)
	  Index Cond: (id = 2306258)

table 7 : explain SELECT c FROM sbtest7 WHERE id=5150681
	Index Scan using sbtest7_pkey on sbtest7  (cost=0.43..8.45 rows=1 width=121)
	  Index Cond: (id = 5150681)

table 8 : explain SELECT c FROM sbtest8 WHERE id=5874445
	Index Scan using sbtest8_pkey on sbtest8  (cost=0.43..8.45 rows=1 width=121)
	  Index Cond: (id = 5874445)

explain: for point_selects :: explain SELECT c FROM sbtest%u WHERE id=%u
explain: for point_selects :: explain SELECT c FROM sbtest%u WHERE id=%u
for point_selects
table 1 : explain SELECT c FROM sbtest1 WHERE id=2064776
	Index Scan using sbtest1_pkey on sbtest1  (cost=0.43..8.45 rows=1 width=121)
	  Index Cond: (id = 2064776)

table 2 : explain SELECT c FROM sbtest2 WHERE id=1784928
	Index Scan using sbtest2_pkey on sbtest2  (cost=0.43..8.45 rows=1 width=121)
	  Index Cond: (id = 1784928)

table 3 : explain SELECT c FROM sbtest3 WHERE id=1742594
	Index Scan using sbtest3_pkey on sbtest3  (cost=0.43..8.45 rows=1 width=121)
	  Index Cond: (id = 1742594)

table 4 : explain SELECT c FROM sbtest4 WHERE id=3411898
	Index Scan using sbtest4_pkey on sbtest4  (cost=0.43..8.45 rows=1 width=121)
	  Index Cond: (id = 3411898)

table 5 : explain SELECT c FROM sbtest5 WHERE id=6560796
	Index Scan using sbtest5_pkey on sbtest5  (cost=0.43..8.45 rows=1 width=121)
	  Index Cond: (id = 6560796)

table 6 : explain SELECT c FROM sbtest6 WHERE id=7476003
	Index Scan using sbtest6_pkey on sbtest6  (cost=0.43..8.45 rows=1 width=121)
	  Index Cond: (id = 7476003)

table 7 : explain SELECT c FROM sbtest7 WHERE id=2723761
	Index Scan using sbtest7_pkey on sbtest7  (cost=0.43..8.45 rows=1 width=121)
	  Index Cond: (id = 2723761)

table 8 : explain SELECT c FROM sbtest8 WHERE id=1823843
	Index Scan using sbtest8_pkey on sbtest8  (cost=0.43..8.45 rows=1 width=121)
	  Index Cond: (id = 1823843)

explain: for point_selects :: explain SELECT c FROM sbtest%u WHERE id=%u
explain: for point_selects :: explain SELECT c FROM sbtest%u WHERE id=%u
for point_selects
table 1 : explain SELECT c FROM sbtest1 WHERE id=5202904
	Index Scan using sbtest1_pkey on sbtest1  (cost=0.43..8.45 rows=1 width=121)
	  Index Cond: (id = 5202904)

table 2 : explain SELECT c FROM sbtest2 WHERE id=6938872
	Index Scan using sbtest2_pkey on sbtest2  (cost=0.43..8.45 rows=1 width=121)
	  Index Cond: (id = 6938872)

table 3 : explain SELECT c FROM sbtest3 WHERE id=9763920
	Index Scan using sbtest3_pkey on sbtest3  (cost=0.43..8.45 rows=1 width=121)
	  Index Cond: (id = 9763920)

table 4 : explain SELECT c FROM sbtest4 WHERE id=8181624
	Index Scan using sbtest4_pkey on sbtest4  (cost=0.43..8.45 rows=1 width=121)
	  Index Cond: (id = 8181624)

table 5 : explain SELECT c FROM sbtest5 WHERE id=6497819
	Index Scan using sbtest5_pkey on sbtest5  (cost=0.43..8.45 rows=1 width=121)
	  Index Cond: (id = 6497819)

table 6 : explain SELECT c FROM sbtest6 WHERE id=1845046
	Index Scan using sbtest6_pkey on sbtest6  (cost=0.43..8.45 rows=1 width=121)
	  Index Cond: (id = 1845046)

table 7 : explain SELECT c FROM sbtest7 WHERE id=6172524
	Index Scan using sbtest7_pkey on sbtest7  (cost=0.43..8.45 rows=1 width=121)
	  Index Cond: (id = 6172524)

table 8 : explain SELECT c FROM sbtest8 WHERE id=1870086
	Index Scan using sbtest8_pkey on sbtest8  (cost=0.43..8.45 rows=1 width=121)
	  Index Cond: (id = 1870086)

for point_selects
table 1 : explain SELECT c FROM sbtest1 WHERE id=2628358
	Index Scan using sbtest1_pkey on sbtest1  (cost=0.43..8.45 rows=1 width=121)
	  Index Cond: (id = 2628358)

table 2 : explain SELECT c FROM sbtest2 WHERE id=9396689
	Index Scan using sbtest2_pkey on sbtest2  (cost=0.43..8.45 rows=1 width=121)
	  Index Cond: (id = 9396689)

table 3 : explain SELECT c FROM sbtest3 WHERE id=9232948
	Index Scan using sbtest3_pkey on sbtest3  (cost=0.43..8.45 rows=1 width=121)
	  Index Cond: (id = 9232948)

table 4 : explain SELECT c FROM sbtest4 WHERE id=7650034
	Index Scan using sbtest4_pkey on sbtest4  (cost=0.43..8.45 rows=1 width=121)
	  Index Cond: (id = 7650034)

table 5 : explain SELECT c FROM sbtest5 WHERE id=1849691
	Index Scan using sbtest5_pkey on sbtest5  (cost=0.43..8.45 rows=1 width=121)
	  Index Cond: (id = 1849691)

table 6 : explain SELECT c FROM sbtest6 WHERE id=1639376
	Index Scan using sbtest6_pkey on sbtest6  (cost=0.43..8.45 rows=1 width=121)
	  Index Cond: (id = 1639376)

table 7 : explain SELECT c FROM sbtest7 WHERE id=8342887
	Index Scan using sbtest7_pkey on sbtest7  (cost=0.43..8.45 rows=1 width=121)
	  Index Cond: (id = 8342887)

table 8 : explain SELECT c FROM sbtest8 WHERE id=8963628
	Index Scan using sbtest8_pkey on sbtest8  (cost=0.43..8.45 rows=1 width=121)
	  Index Cond: (id = 8963628)

for point_selects
table 1 : explain SELECT c FROM sbtest1 WHERE id=6995770
	Index Scan using sbtest1_pkey on sbtest1  (cost=0.43..8.45 rows=1 width=121)
	  Index Cond: (id = 6995770)

table 2 : explain SELECT c FROM sbtest2 WHERE id=2767004
	Index Scan using sbtest2_pkey on sbtest2  (cost=0.43..8.45 rows=1 width=121)
	  Index Cond: (id = 2767004)

table 3 : explain SELECT c FROM sbtest3 WHERE id=5907922
	Index Scan using sbtest3_pkey on sbtest3  (cost=0.43..8.45 rows=1 width=121)
	  Index Cond: (id = 5907922)

table 4 : explain SELECT c FROM sbtest4 WHERE id=5490441
	Index Scan using sbtest4_pkey on sbtest4  (cost=0.43..8.45 rows=1 width=121)
	  Index Cond: (id = 5490441)

table 5 : explain SELECT c FROM sbtest5 WHERE id=3237956
	Index Scan using sbtest5_pkey on sbtest5  (cost=0.43..8.45 rows=1 width=121)
	  Index Cond: (id = 3237956)

table 6 : explain SELECT c FROM sbtest6 WHERE id=3071943
	Index Scan using sbtest6_pkey on sbtest6  (cost=0.43..8.45 rows=1 width=121)
	  Index Cond: (id = 3071943)

table 7 : explain SELECT c FROM sbtest7 WHERE id=6993439
	Index Scan using sbtest7_pkey on sbtest7  (cost=0.43..8.45 rows=1 width=121)
	  Index Cond: (id = 6993439)

table 8 : explain SELECT c FROM sbtest8 WHERE id=2977090
	Index Scan using sbtest8_pkey on sbtest8  (cost=0.43..8.45 rows=1 width=121)
	  Index Cond: (id = 2977090)

for point_selects
table 1 : explain SELECT c FROM sbtest1 WHERE id=3302146
	Index Scan using sbtest1_pkey on sbtest1  (cost=0.43..8.45 rows=1 width=121)
	  Index Cond: (id = 3302146)

table 2 : explain SELECT c FROM sbtest2 WHERE id=5803382
	Index Scan using sbtest2_pkey on sbtest2  (cost=0.43..8.45 rows=1 width=121)
	  Index Cond: (id = 5803382)

table 3 : explain SELECT c FROM sbtest3 WHERE id=1981203
	Index Scan using sbtest3_pkey on sbtest3  (cost=0.43..8.45 rows=1 width=121)
	  Index Cond: (id = 1981203)

table 4 : explain SELECT c FROM sbtest4 WHERE id=7848363
	Index Scan using sbtest4_pkey on sbtest4  (cost=0.43..8.45 rows=1 width=121)
	  Index Cond: (id = 7848363)

table 5 : explain SELECT c FROM sbtest5 WHERE id=6514092
	Index Scan using sbtest5_pkey on sbtest5  (cost=0.43..8.45 rows=1 width=121)
	  Index Cond: (id = 6514092)

table 6 : explain SELECT c FROM sbtest6 WHERE id=7937377
	Index Scan using sbtest6_pkey on sbtest6  (cost=0.43..8.45 rows=1 width=121)
	  Index Cond: (id = 7937377)

table 7 : explain SELECT c FROM sbtest7 WHERE id=2743192
	Index Scan using sbtest7_pkey on sbtest7  (cost=0.43..8.45 rows=1 width=121)
	  Index Cond: (id = 2743192)

table 8 : explain SELECT c FROM sbtest8 WHERE id=9364299
	Index Scan using sbtest8_pkey on sbtest8  (cost=0.43..8.45 rows=1 width=121)
	  Index Cond: (id = 9364299)

explain: for point_selects :: explain SELECT c FROM sbtest%u WHERE id=%u
for point_selects
table 1 : explain SELECT c FROM sbtest1 WHERE id=9798736
	Index Scan using sbtest1_pkey on sbtest1  (cost=0.43..8.45 rows=1 width=121)
	  Index Cond: (id = 9798736)

table 2 : explain SELECT c FROM sbtest2 WHERE id=2497564
	Index Scan using sbtest2_pkey on sbtest2  (cost=0.43..8.45 rows=1 width=121)
	  Index Cond: (id = 2497564)

table 3 : explain SELECT c FROM sbtest3 WHERE id=4773242
	Index Scan using sbtest3_pkey on sbtest3  (cost=0.43..8.45 rows=1 width=121)
	  Index Cond: (id = 4773242)

table 4 : explain SELECT c FROM sbtest4 WHERE id=2349805
	Index Scan using sbtest4_pkey on sbtest4  (cost=0.43..8.45 rows=1 width=121)
	  Index Cond: (id = 2349805)

table 5 : explain SELECT c FROM sbtest5 WHERE id=7347680
	Index Scan using sbtest5_pkey on sbtest5  (cost=0.43..8.45 rows=1 width=121)
	  Index Cond: (id = 7347680)

table 6 : explain SELECT c FROM sbtest6 WHERE id=2166161
	Index Scan using sbtest6_pkey on sbtest6  (cost=0.43..8.45 rows=1 width=121)
	  Index Cond: (id = 2166161)

table 7 : explain SELECT c FROM sbtest7 WHERE id=7640169
	Index Scan using sbtest7_pkey on sbtest7  (cost=0.43..8.45 rows=1 width=121)
	  Index Cond: (id = 7640169)

table 8 : explain SELECT c FROM sbtest8 WHERE id=8199910
	Index Scan using sbtest8_pkey on sbtest8  (cost=0.43..8.45 rows=1 width=121)
	  Index Cond: (id = 8199910)

explain: for point_selects :: explain SELECT c FROM sbtest%u WHERE id=%u
for point_selects
table 1 : explain SELECT c FROM sbtest1 WHERE id=7271107
	Index Scan using sbtest1_pkey on sbtest1  (cost=0.43..8.45 rows=1 width=121)
	  Index Cond: (id = 7271107)

table 2 : explain SELECT c FROM sbtest2 WHERE id=6740321
	Index Scan using sbtest2_pkey on sbtest2  (cost=0.43..8.45 rows=1 width=121)
	  Index Cond: (id = 6740321)

table 3 : explain SELECT c FROM sbtest3 WHERE id=4889107
	Index Scan using sbtest3_pkey on sbtest3  (cost=0.43..8.45 rows=1 width=121)
	  Index Cond: (id = 4889107)

table 4 : explain SELECT c FROM sbtest4 WHERE id=7107315
	Index Scan using sbtest4_pkey on sbtest4  (cost=0.43..8.45 rows=1 width=121)
	  Index Cond: (id = 7107315)

table 5 : explain SELECT c FROM sbtest5 WHERE id=121347
	Index Scan using sbtest5_pkey on sbtest5  (cost=0.43..8.45 rows=1 width=121)
	  Index Cond: (id = 121347)

table 6 : explain SELECT c FROM sbtest6 WHERE id=3350599
	Index Scan using sbtest6_pkey on sbtest6  (cost=0.43..8.45 rows=1 width=121)
	  Index Cond: (id = 3350599)

table 7 : explain SELECT c FROM sbtest7 WHERE id=5057345
	Index Scan using sbtest7_pkey on sbtest7  (cost=0.43..8.45 rows=1 width=121)
	  Index Cond: (id = 5057345)

table 8 : explain SELECT c FROM sbtest8 WHERE id=4872895
	Index Scan using sbtest8_pkey on sbtest8  (cost=0.43..8.45 rows=1 width=121)
	  Index Cond: (id = 4872895)

for point_selects
table 1 : explain SELECT c FROM sbtest1 WHERE id=5598411
	Index Scan using sbtest1_pkey on sbtest1  (cost=0.43..8.45 rows=1 width=121)
	  Index Cond: (id = 5598411)

table 2 : explain SELECT c FROM sbtest2 WHERE id=8207683
	Index Scan using sbtest2_pkey on sbtest2  (cost=0.43..8.45 rows=1 width=121)
	  Index Cond: (id = 8207683)

table 3 : explain SELECT c FROM sbtest3 WHERE id=724402
	Index Scan using sbtest3_pkey on sbtest3  (cost=0.43..8.45 rows=1 width=121)
	  Index Cond: (id = 724402)

table 4 : explain SELECT c FROM sbtest4 WHERE id=1395062
	Index Scan using sbtest4_pkey on sbtest4  (cost=0.43..8.45 rows=1 width=121)
	  Index Cond: (id = 1395062)

table 5 : explain SELECT c FROM sbtest5 WHERE id=7048427
	Index Scan using sbtest5_pkey on sbtest5  (cost=0.43..8.45 rows=1 width=121)
	  Index Cond: (id = 7048427)

table 6 : explain SELECT c FROM sbtest6 WHERE id=4048017
	Index Scan using sbtest6_pkey on sbtest6  (cost=0.43..8.45 rows=1 width=121)
	  Index Cond: (id = 4048017)

table 7 : explain SELECT c FROM sbtest7 WHERE id=3142123
	Index Scan using sbtest7_pkey on sbtest7  (cost=0.43..8.45 rows=1 width=121)
	  Index Cond: (id = 3142123)

table 8 : explain SELECT c FROM sbtest8 WHERE id=9314334
	Index Scan using sbtest8_pkey on sbtest8  (cost=0.43..8.45 rows=1 width=121)
	  Index Cond: (id = 9314334)

for point_selects
table 1 : explain SELECT c FROM sbtest1 WHERE id=8255419
	Index Scan using sbtest1_pkey on sbtest1  (cost=0.43..8.45 rows=1 width=121)
	  Index Cond: (id = 8255419)

table 2 : explain SELECT c FROM sbtest2 WHERE id=341353
	Index Scan using sbtest2_pkey on sbtest2  (cost=0.43..8.45 rows=1 width=121)
	  Index Cond: (id = 341353)

table 3 : explain SELECT c FROM sbtest3 WHERE id=3886078
	Index Scan using sbtest3_pkey on sbtest3  (cost=0.43..8.45 rows=1 width=121)
	  Index Cond: (id = 3886078)

table 4 : explain SELECT c FROM sbtest4 WHERE id=6900681
	Index Scan using sbtest4_pkey on sbtest4  (cost=0.43..8.45 rows=1 width=121)
	  Index Cond: (id = 6900681)

table 5 : explain SELECT c FROM sbtest5 WHERE id=7704081
	Index Scan using sbtest5_pkey on sbtest5  (cost=0.43..8.45 rows=1 width=121)
	  Index Cond: (id = 7704081)

table 6 : explain SELECT c FROM sbtest6 WHERE id=108674
	Index Scan using sbtest6_pkey on sbtest6  (cost=0.43..8.45 rows=1 width=121)
	  Index Cond: (id = 108674)

table 7 : explain SELECT c FROM sbtest7 WHERE id=3566705
	Index Scan using sbtest7_pkey on sbtest7  (cost=0.43..8.45 rows=1 width=121)
	  Index Cond: (id = 3566705)

table 8 : explain SELECT c FROM sbtest8 WHERE id=6925390
	Index Scan using sbtest8_pkey on sbtest8  (cost=0.43..8.45 rows=1 width=121)
	  Index Cond: (id = 6925390)

explain: for point_selects :: explain SELECT c FROM sbtest%u WHERE id=%u
explain: for point_selects :: explain SELECT c FROM sbtest%u WHERE id=%u
explain: for point_selects :: explain SELECT c FROM sbtest%u WHERE id=%u
explain: for point_selects :: explain SELECT c FROM sbtest%u WHERE id=%u
for point_selects
table 1 : explain SELECT c FROM sbtest1 WHERE id=1584565
	Index Scan using sbtest1_pkey on sbtest1  (cost=0.43..8.45 rows=1 width=121)
	  Index Cond: (id = 1584565)

table 2 : explain SELECT c FROM sbtest2 WHERE id=777830
	Index Scan using sbtest2_pkey on sbtest2  (cost=0.43..8.45 rows=1 width=121)
	  Index Cond: (id = 777830)

table 3 : explain SELECT c FROM sbtest3 WHERE id=7485057
	Index Scan using sbtest3_pkey on sbtest3  (cost=0.43..8.45 rows=1 width=121)
	  Index Cond: (id = 7485057)

table 4 : explain SELECT c FROM sbtest4 WHERE id=4763024
	Index Scan using sbtest4_pkey on sbtest4  (cost=0.43..8.45 rows=1 width=121)
	  Index Cond: (id = 4763024)

table 5 : explain SELECT c FROM sbtest5 WHERE id=5010625
	Index Scan using sbtest5_pkey on sbtest5  (cost=0.43..8.45 rows=1 width=121)
	  Index Cond: (id = 5010625)

table 6 : explain SELECT c FROM sbtest6 WHERE id=2789507
	Index Scan using sbtest6_pkey on sbtest6  (cost=0.43..8.45 rows=1 width=121)
	  Index Cond: (id = 2789507)

table 7 : explain SELECT c FROM sbtest7 WHERE id=6523397
	Index Scan using sbtest7_pkey on sbtest7  (cost=0.43..8.45 rows=1 width=121)
	  Index Cond: (id = 6523397)

table 8 : explain SELECT c FROM sbtest8 WHERE id=6776461
	Index Scan using sbtest8_pkey on sbtest8  (cost=0.43..8.45 rows=1 width=121)
	  Index Cond: (id = 6776461)

explain: for point_selects :: explain SELECT c FROM sbtest%u WHERE id=%u
explain: for point_selects :: explain SELECT c FROM sbtest%u WHERE id=%u
for point_selects
table 1 : explain SELECT c FROM sbtest1 WHERE id=156184
	Index Scan using sbtest1_pkey on sbtest1  (cost=0.43..8.45 rows=1 width=121)
	  Index Cond: (id = 156184)

table 2 : explain SELECT c FROM sbtest2 WHERE id=9989391
	Index Scan using sbtest2_pkey on sbtest2  (cost=0.43..8.45 rows=1 width=121)
	  Index Cond: (id = 9989391)

table 3 : explain SELECT c FROM sbtest3 WHERE id=3185455
	Index Scan using sbtest3_pkey on sbtest3  (cost=0.43..8.45 rows=1 width=121)
	  Index Cond: (id = 3185455)

table 4 : explain SELECT c FROM sbtest4 WHERE id=5324781
	Index Scan using sbtest4_pkey on sbtest4  (cost=0.43..8.45 rows=1 width=121)
	  Index Cond: (id = 5324781)

table 5 : explain SELECT c FROM sbtest5 WHERE id=623679
	Index Scan using sbtest5_pkey on sbtest5  (cost=0.43..8.45 rows=1 width=121)
	  Index Cond: (id = 623679)

table 6 : explain SELECT c FROM sbtest6 WHERE id=5899383
	Index Scan using sbtest6_pkey on sbtest6  (cost=0.43..8.45 rows=1 width=121)
	  Index Cond: (id = 5899383)

table 7 : explain SELECT c FROM sbtest7 WHERE id=5841928
	Index Scan using sbtest7_pkey on sbtest7  (cost=0.43..8.45 rows=1 width=121)
	  Index Cond: (id = 5841928)

table 8 : explain SELECT c FROM sbtest8 WHERE id=8699323
	Index Scan using sbtest8_pkey on sbtest8  (cost=0.43..8.45 rows=1 width=121)
	  Index Cond: (id = 8699323)

for point_selects
table 1 : explain SELECT c FROM sbtest1 WHERE id=8193529
	Index Scan using sbtest1_pkey on sbtest1  (cost=0.43..8.45 rows=1 width=121)
	  Index Cond: (id = 8193529)

table 2 : explain SELECT c FROM sbtest2 WHERE id=5671307
	Index Scan using sbtest2_pkey on sbtest2  (cost=0.43..8.45 rows=1 width=121)
	  Index Cond: (id = 5671307)

table 3 : explain SELECT c FROM sbtest3 WHERE id=9103643
	Index Scan using sbtest3_pkey on sbtest3  (cost=0.43..8.45 rows=1 width=121)
	  Index Cond: (id = 9103643)

table 4 : explain SELECT c FROM sbtest4 WHERE id=8737142
	Index Scan using sbtest4_pkey on sbtest4  (cost=0.43..8.45 rows=1 width=121)
	  Index Cond: (id = 8737142)

table 5 : explain SELECT c FROM sbtest5 WHERE id=2429144
	Index Scan using sbtest5_pkey on sbtest5  (cost=0.43..8.45 rows=1 width=121)
	  Index Cond: (id = 2429144)

table 6 : explain SELECT c FROM sbtest6 WHERE id=5931248
	Index Scan using sbtest6_pkey on sbtest6  (cost=0.43..8.45 rows=1 width=121)
	  Index Cond: (id = 5931248)

table 7 : explain SELECT c FROM sbtest7 WHERE id=8865236
	Index Scan using sbtest7_pkey on sbtest7  (cost=0.43..8.45 rows=1 width=121)
	  Index Cond: (id = 8865236)

table 8 : explain SELECT c FROM sbtest8 WHERE id=3278403
	Index Scan using sbtest8_pkey on sbtest8  (cost=0.43..8.45 rows=1 width=121)
	  Index Cond: (id = 3278403)

for point_selects
table 1 : explain SELECT c FROM sbtest1 WHERE id=4632478
	Index Scan using sbtest1_pkey on sbtest1  (cost=0.43..8.45 rows=1 width=121)
	  Index Cond: (id = 4632478)

table 2 : explain SELECT c FROM sbtest2 WHERE id=8668126
	Index Scan using sbtest2_pkey on sbtest2  (cost=0.43..8.45 rows=1 width=121)
	  Index Cond: (id = 8668126)

table 3 : explain SELECT c FROM sbtest3 WHERE id=1339856
	Index Scan using sbtest3_pkey on sbtest3  (cost=0.43..8.45 rows=1 width=121)
	  Index Cond: (id = 1339856)

table 4 : explain SELECT c FROM sbtest4 WHERE id=2814425
	Index Scan using sbtest4_pkey on sbtest4  (cost=0.43..8.45 rows=1 width=121)
	  Index Cond: (id = 2814425)

table 5 : explain SELECT c FROM sbtest5 WHERE id=9182384
	Index Scan using sbtest5_pkey on sbtest5  (cost=0.43..8.45 rows=1 width=121)
	  Index Cond: (id = 9182384)

table 6 : explain SELECT c FROM sbtest6 WHERE id=1481472
	Index Scan using sbtest6_pkey on sbtest6  (cost=0.43..8.45 rows=1 width=121)
	  Index Cond: (id = 1481472)

table 7 : explain SELECT c FROM sbtest7 WHERE id=3539395
	Index Scan using sbtest7_pkey on sbtest7  (cost=0.43..8.45 rows=1 width=121)
	  Index Cond: (id = 3539395)

table 8 : explain SELECT c FROM sbtest8 WHERE id=2107004
	Index Scan using sbtest8_pkey on sbtest8  (cost=0.43..8.45 rows=1 width=121)
	  Index Cond: (id = 2107004)

for point_selects
table 1 : explain SELECT c FROM sbtest1 WHERE id=6813819
	Index Scan using sbtest1_pkey on sbtest1  (cost=0.43..8.45 rows=1 width=121)
	  Index Cond: (id = 6813819)

table 2 : explain SELECT c FROM sbtest2 WHERE id=9076524
	Index Scan using sbtest2_pkey on sbtest2  (cost=0.43..8.45 rows=1 width=121)
	  Index Cond: (id = 9076524)

table 3 : explain SELECT c FROM sbtest3 WHERE id=9255178
	Index Scan using sbtest3_pkey on sbtest3  (cost=0.43..8.45 rows=1 width=121)
	  Index Cond: (id = 9255178)

table 4 : explain SELECT c FROM sbtest4 WHERE id=6811506
	Index Scan using sbtest4_pkey on sbtest4  (cost=0.43..8.45 rows=1 width=121)
	  Index Cond: (id = 6811506)

table 5 : explain SELECT c FROM sbtest5 WHERE id=5915904
	Index Scan using sbtest5_pkey on sbtest5  (cost=0.43..8.45 rows=1 width=121)
	  Index Cond: (id = 5915904)

table 6 : explain SELECT c FROM sbtest6 WHERE id=5496990
	Index Scan using sbtest6_pkey on sbtest6  (cost=0.43..8.45 rows=1 width=121)
	  Index Cond: (id = 5496990)

table 7 : explain SELECT c FROM sbtest7 WHERE id=8309404
	Index Scan using sbtest7_pkey on sbtest7  (cost=0.43..8.45 rows=1 width=121)
	  Index Cond: (id = 8309404)

table 8 : explain SELECT c FROM sbtest8 WHERE id=3586516
	Index Scan using sbtest8_pkey on sbtest8  (cost=0.43..8.45 rows=1 width=121)
	  Index Cond: (id = 3586516)

for point_selects
table 1 : explain SELECT c FROM sbtest1 WHERE id=3209768
	Index Scan using sbtest1_pkey on sbtest1  (cost=0.43..8.45 rows=1 width=121)
	  Index Cond: (id = 3209768)

table 2 : explain SELECT c FROM sbtest2 WHERE id=4838701
	Index Scan using sbtest2_pkey on sbtest2  (cost=0.43..8.45 rows=1 width=121)
	  Index Cond: (id = 4838701)

table 3 : explain SELECT c FROM sbtest3 WHERE id=8864896
	Index Scan using sbtest3_pkey on sbtest3  (cost=0.43..8.45 rows=1 width=121)
	  Index Cond: (id = 8864896)

table 4 : explain SELECT c FROM sbtest4 WHERE id=1036622
	Index Scan using sbtest4_pkey on sbtest4  (cost=0.43..8.45 rows=1 width=121)
	  Index Cond: (id = 1036622)

table 5 : explain SELECT c FROM sbtest5 WHERE id=7963006
	Index Scan using sbtest5_pkey on sbtest5  (cost=0.43..8.45 rows=1 width=121)
	  Index Cond: (id = 7963006)

table 6 : explain SELECT c FROM sbtest6 WHERE id=2079278
	Index Scan using sbtest6_pkey on sbtest6  (cost=0.43..8.45 rows=1 width=121)
	  Index Cond: (id = 2079278)

table 7 : explain SELECT c FROM sbtest7 WHERE id=443984
	Index Scan using sbtest7_pkey on sbtest7  (cost=0.43..8.45 rows=1 width=121)
	  Index Cond: (id = 443984)

table 8 : explain SELECT c FROM sbtest8 WHERE id=2305049
	Index Scan using sbtest8_pkey on sbtest8  (cost=0.43..8.45 rows=1 width=121)
	  Index Cond: (id = 2305049)

for point_selects
table 1 : explain SELECT c FROM sbtest1 WHERE id=7007233
	Index Scan using sbtest1_pkey on sbtest1  (cost=0.43..8.45 rows=1 width=121)
	  Index Cond: (id = 7007233)

table 2 : explain SELECT c FROM sbtest2 WHERE id=8317147
	Index Scan using sbtest2_pkey on sbtest2  (cost=0.43..8.45 rows=1 width=121)
	  Index Cond: (id = 8317147)

table 3 : explain SELECT c FROM sbtest3 WHERE id=8963068
	Index Scan using sbtest3_pkey on sbtest3  (cost=0.43..8.45 rows=1 width=121)
	  Index Cond: (id = 8963068)

table 4 : explain SELECT c FROM sbtest4 WHERE id=880501
	Index Scan using sbtest4_pkey on sbtest4  (cost=0.43..8.45 rows=1 width=121)
	  Index Cond: (id = 880501)

table 5 : explain SELECT c FROM sbtest5 WHERE id=4523494
	Index Scan using sbtest5_pkey on sbtest5  (cost=0.43..8.45 rows=1 width=121)
	  Index Cond: (id = 4523494)

table 6 : explain SELECT c FROM sbtest6 WHERE id=4592346
	Index Scan using sbtest6_pkey on sbtest6  (cost=0.43..8.45 rows=1 width=121)
	  Index Cond: (id = 4592346)

table 7 : explain SELECT c FROM sbtest7 WHERE id=5473988
	Index Scan using sbtest7_pkey on sbtest7  (cost=0.43..8.45 rows=1 width=121)
	  Index Cond: (id = 5473988)

table 8 : explain SELECT c FROM sbtest8 WHERE id=9391113
	Index Scan using sbtest8_pkey on sbtest8  (cost=0.43..8.45 rows=1 width=121)
	  Index Cond: (id = 9391113)

for point_selects
table 1 : explain SELECT c FROM sbtest1 WHERE id=9380038
	Index Scan using sbtest1_pkey on sbtest1  (cost=0.43..8.45 rows=1 width=121)
	  Index Cond: (id = 9380038)

table 2 : explain SELECT c FROM sbtest2 WHERE id=5688300
	Index Scan using sbtest2_pkey on sbtest2  (cost=0.43..8.45 rows=1 width=121)
	  Index Cond: (id = 5688300)

table 3 : explain SELECT c FROM sbtest3 WHERE id=2818795
	Index Scan using sbtest3_pkey on sbtest3  (cost=0.43..8.45 rows=1 width=121)
	  Index Cond: (id = 2818795)

table 4 : explain SELECT c FROM sbtest4 WHERE id=5526469
	Index Scan using sbtest4_pkey on sbtest4  (cost=0.43..8.45 rows=1 width=121)
	  Index Cond: (id = 5526469)

table 5 : explain SELECT c FROM sbtest5 WHERE id=2585396
	Index Scan using sbtest5_pkey on sbtest5  (cost=0.43..8.45 rows=1 width=121)
	  Index Cond: (id = 2585396)

table 6 : explain SELECT c FROM sbtest6 WHERE id=2794225
	Index Scan using sbtest6_pkey on sbtest6  (cost=0.43..8.45 rows=1 width=121)
	  Index Cond: (id = 2794225)

table 7 : explain SELECT c FROM sbtest7 WHERE id=5761169
	Index Scan using sbtest7_pkey on sbtest7  (cost=0.43..8.45 rows=1 width=121)
	  Index Cond: (id = 5761169)

table 8 : explain SELECT c FROM sbtest8 WHERE id=9602593
	Index Scan using sbtest8_pkey on sbtest8  (cost=0.43..8.45 rows=1 width=121)
	  Index Cond: (id = 9602593)

explain: for point_selects :: explain SELECT c FROM sbtest%u WHERE id=%u
for point_selects
table 1 : explain SELECT c FROM sbtest1 WHERE id=6637698
	Index Scan using sbtest1_pkey on sbtest1  (cost=0.43..8.45 rows=1 width=121)
	  Index Cond: (id = 6637698)

table 2 : explain SELECT c FROM sbtest2 WHERE id=7253113
	Index Scan using sbtest2_pkey on sbtest2  (cost=0.43..8.45 rows=1 width=121)
	  Index Cond: (id = 7253113)

table 3 : explain SELECT c FROM sbtest3 WHERE id=4918663
	Index Scan using sbtest3_pkey on sbtest3  (cost=0.43..8.45 rows=1 width=121)
	  Index Cond: (id = 4918663)

table 4 : explain SELECT c FROM sbtest4 WHERE id=2181656
	Index Scan using sbtest4_pkey on sbtest4  (cost=0.43..8.45 rows=1 width=121)
	  Index Cond: (id = 2181656)

table 5 : explain SELECT c FROM sbtest5 WHERE id=3705272
	Index Scan using sbtest5_pkey on sbtest5  (cost=0.43..8.45 rows=1 width=121)
	  Index Cond: (id = 3705272)

table 6 : explain SELECT c FROM sbtest6 WHERE id=212695
	Index Scan using sbtest6_pkey on sbtest6  (cost=0.43..8.45 rows=1 width=121)
	  Index Cond: (id = 212695)

table 7 : explain SELECT c FROM sbtest7 WHERE id=7138495
	Index Scan using sbtest7_pkey on sbtest7  (cost=0.43..8.45 rows=1 width=121)
	  Index Cond: (id = 7138495)

table 8 : explain SELECT c FROM sbtest8 WHERE id=4002952
	Index Scan using sbtest8_pkey on sbtest8  (cost=0.43..8.45 rows=1 width=121)
	  Index Cond: (id = 4002952)

Threads started!

Warming up for 5 seconds...

SQL statistics:
    queries performed:
        read:                            647536267
        write:                           0
        other:                           0
        total:                           647536267
    transactions:                        647536267 (1027818.22 per sec.)
    queries:                             647536267 (1027818.22 per sec.)
    ignored errors:                      0      (0.00 per sec.)
    reconnects:                          0      (0.00 per sec.)

Throughput:
    events/s (eps):                      1027818.2234
    time elapsed:                        630.0106s
    total number of events:              647536267

Latency (ms):
         min:                                    0.03
         avg:                                    0.04
         max:                                   16.07
         95th percentile:                        0.04
         sum:                             25015381.40

Threads fairness:
    events (avg/stddev):           16188391.3250/282210.87
    execution time (avg/stddev):   625.3845/0.07

