LUA_PATH=/home/mdcallag/git/mytools/bench/sysbench.lua/lua/?.lua /home/mdcallag/git/mytools/bench/sysbench.lua/lua/sysbench --db-driver=pgsql --range-size=10 --table-size=10000000 --tables=8 --threads=40 --events=0 --warmup-time=5 --time=630 --pgsql_conn_id=true /home/mdcallag/git/mytools/bench/sysbench.lua/lua/oltp_read_only.lua run --pgsql-user=root --pgsql-password=pw --pgsql-host=127.0.0.1 --pgsql-db=ib --rand-type=uniform
48 CPUs
sysbench 1.1.0-9072687 (using bundled LuaJIT 2.1.0-beta3)

Running the test with following options:
Number of threads: 40
Warmup time: 5s
Initializing random number generator from current time


Initializing worker threads...

explain: for point_selects :: explain SELECT c FROM sbtest%u WHERE id=%u
explain: for point_selects :: explain SELECT c FROM sbtest%u WHERE id=%u
explain: for point_selects :: explain SELECT c FROM sbtest%u WHERE id=%uexplain: for point_selects :: explain SELECT c FROM sbtest%u WHERE id=%u
explain: for point_selects :: explain SELECT c FROM sbtest%u WHERE id=%u
explain: for point_selects :: explain SELECT c FROM sbtest%u WHERE id=%u
explain: for point_selects :: explain SELECT c FROM sbtest%u WHERE id=%u
explain: for point_selects :: explain SELECT c FROM sbtest%u WHERE id=%u
explain: for point_selects :: explain SELECT c FROM sbtest%u WHERE id=%u

explain: for point_selects :: explain SELECT c FROM sbtest%u WHERE id=%u
explain: for point_selects :: explain SELECT c FROM sbtest%u WHERE id=%u
explain: for point_selects :: explain SELECT c FROM sbtest%u WHERE id=%u
explain: for point_selects :: explain SELECT c FROM sbtest%u WHERE id=%u
explain: for point_selects :: explain SELECT c FROM sbtest%u WHERE id=%u
explain: for point_selects :: explain SELECT c FROM sbtest%u WHERE id=%u
explain: for point_selects :: explain SELECT c FROM sbtest%u WHERE id=%u
explain: for point_selects :: explain SELECT c FROM sbtest%u WHERE id=%u
explain: for point_selects :: explain SELECT c FROM sbtest%u WHERE id=%u
explain: for point_selects :: explain SELECT c FROM sbtest%u WHERE id=%u
explain: for point_selects :: explain SELECT c FROM sbtest%u WHERE id=%u
explain: for point_selects :: explain SELECT c FROM sbtest%u WHERE id=%u
explain: for point_selects :: explain SELECT c FROM sbtest%u WHERE id=%u
explain: for point_selects :: explain SELECT c FROM sbtest%u WHERE id=%u
explain: for point_selects :: explain SELECT c FROM sbtest%u WHERE id=%u
explain: for point_selects :: explain SELECT c FROM sbtest%u WHERE id=%u
explain: for point_selects :: explain SELECT c FROM sbtest%u WHERE id=%u
for point_selects
table 1 : explain SELECT c FROM sbtest1 WHERE id=8084545
	Index Scan using sbtest1_pkey on sbtest1  (cost=0.43..8.45 rows=1 width=121)
	  Index Cond: (id = 8084545)

table 2 : explain SELECT c FROM sbtest2 WHERE id=5661763
	Index Scan using sbtest2_pkey on sbtest2  (cost=0.43..8.45 rows=1 width=121)
	  Index Cond: (id = 5661763)

table 3 : explain SELECT c FROM sbtest3 WHERE id=7154124
	Index Scan using sbtest3_pkey on sbtest3  (cost=0.43..8.45 rows=1 width=121)
	  Index Cond: (id = 7154124)

table 4 : explain SELECT c FROM sbtest4 WHERE id=7457955
	Index Scan using sbtest4_pkey on sbtest4  (cost=0.43..8.45 rows=1 width=121)
	  Index Cond: (id = 7457955)

table 5 : explain SELECT c FROM sbtest5 WHERE id=9687687
	Index Scan using sbtest5_pkey on sbtest5  (cost=0.43..8.45 rows=1 width=121)
	  Index Cond: (id = 9687687)

table 6 : explain SELECT c FROM sbtest6 WHERE id=397664
	Index Scan using sbtest6_pkey on sbtest6  (cost=0.43..8.45 rows=1 width=121)
	  Index Cond: (id = 397664)

table 7 : explain SELECT c FROM sbtest7 WHERE id=7846004
	Index Scan using sbtest7_pkey on sbtest7  (cost=0.43..8.45 rows=1 width=121)
	  Index Cond: (id = 7846004)

table 8 : explain SELECT c FROM sbtest8 WHERE id=8550110
	Index Scan using sbtest8_pkey on sbtest8  (cost=0.43..8.45 rows=1 width=121)
	  Index Cond: (id = 8550110)

explain: for point_selects :: explain SELECT c FROM sbtest%u WHERE id=%u
explain: for point_selects :: explain SELECT c FROM sbtest%u WHERE id=%u
explain: for point_selects :: explain SELECT c FROM sbtest%u WHERE id=%u
for point_selects
table 1 : explain SELECT c FROM sbtest1 WHERE id=5767255
	Index Scan using sbtest1_pkey on sbtest1  (cost=0.43..8.45 rows=1 width=121)
	  Index Cond: (id = 5767255)

table 2 : explain SELECT c FROM sbtest2 WHERE id=2154847
	Index Scan using sbtest2_pkey on sbtest2  (cost=0.43..8.45 rows=1 width=121)
	  Index Cond: (id = 2154847)

table 3 : explain SELECT c FROM sbtest3 WHERE id=2582974
	Index Scan using sbtest3_pkey on sbtest3  (cost=0.43..8.45 rows=1 width=121)
	  Index Cond: (id = 2582974)

table 4 : explain SELECT c FROM sbtest4 WHERE id=581712
	Index Scan using sbtest4_pkey on sbtest4  (cost=0.43..8.45 rows=1 width=121)
	  Index Cond: (id = 581712)

table 5 : explain SELECT c FROM sbtest5 WHERE id=9028058
	Index Scan using sbtest5_pkey on sbtest5  (cost=0.43..8.45 rows=1 width=121)
	  Index Cond: (id = 9028058)

table 6 : explain SELECT c FROM sbtest6 WHERE id=5437191
	Index Scan using sbtest6_pkey on sbtest6  (cost=0.43..8.45 rows=1 width=121)
	  Index Cond: (id = 5437191)

table 7 : explain SELECT c FROM sbtest7 WHERE id=6630462
	Index Scan using sbtest7_pkey on sbtest7  (cost=0.43..8.45 rows=1 width=121)
	  Index Cond: (id = 6630462)

table 8 : explain SELECT c FROM sbtest8 WHERE id=8256596
	Index Scan using sbtest8_pkey on sbtest8  (cost=0.43..8.45 rows=1 width=121)
	  Index Cond: (id = 8256596)

for point_selects
table 1 : explain SELECT c FROM sbtest1 WHERE id=4595037
	Index Scan using sbtest1_pkey on sbtest1  (cost=0.43..8.45 rows=1 width=121)
	  Index Cond: (id = 4595037)

table 2 : explain SELECT c FROM sbtest2 WHERE id=2195444
	Index Scan using sbtest2_pkey on sbtest2  (cost=0.43..8.45 rows=1 width=121)
	  Index Cond: (id = 2195444)

table 3 : explain SELECT c FROM sbtest3 WHERE id=9527378
	Index Scan using sbtest3_pkey on sbtest3  (cost=0.43..8.45 rows=1 width=121)
	  Index Cond: (id = 9527378)

table 4 : explain SELECT c FROM sbtest4 WHERE id=4222626
	Index Scan using sbtest4_pkey on sbtest4  (cost=0.43..8.45 rows=1 width=121)
	  Index Cond: (id = 4222626)

table 5 : explain SELECT c FROM sbtest5 WHERE id=6448745
	Index Scan using sbtest5_pkey on sbtest5  (cost=0.43..8.45 rows=1 width=121)
	  Index Cond: (id = 6448745)

table 6 : explain SELECT c FROM sbtest6 WHERE id=7198319
	Index Scan using sbtest6_pkey on sbtest6  (cost=0.43..8.45 rows=1 width=121)
	  Index Cond: (id = 7198319)

table 7 : explain SELECT c FROM sbtest7 WHERE id=228487
	Index Scan using sbtest7_pkey on sbtest7  (cost=0.43..8.45 rows=1 width=121)
	  Index Cond: (id = 228487)

table 8 : explain SELECT c FROM sbtest8 WHERE id=3988367
	Index Scan using sbtest8_pkey on sbtest8  (cost=0.43..8.45 rows=1 width=121)
	  Index Cond: (id = 3988367)

for point_selects
table 1 : explain SELECT c FROM sbtest1 WHERE id=6689426
	Index Scan using sbtest1_pkey on sbtest1  (cost=0.43..8.45 rows=1 width=121)
	  Index Cond: (id = 6689426)

table 2 : explain SELECT c FROM sbtest2 WHERE id=1301465
	Index Scan using sbtest2_pkey on sbtest2  (cost=0.43..8.45 rows=1 width=121)
	  Index Cond: (id = 1301465)

table 3 : explain SELECT c FROM sbtest3 WHERE id=2321481
	Index Scan using sbtest3_pkey on sbtest3  (cost=0.43..8.45 rows=1 width=121)
	  Index Cond: (id = 2321481)

table 4 : explain SELECT c FROM sbtest4 WHERE id=9301488
	Index Scan using sbtest4_pkey on sbtest4  (cost=0.43..8.45 rows=1 width=121)
	  Index Cond: (id = 9301488)

table 5 : explain SELECT c FROM sbtest5 WHERE id=5051190
	Index Scan using sbtest5_pkey on sbtest5  (cost=0.43..8.45 rows=1 width=121)
	  Index Cond: (id = 5051190)

table 6 : explain SELECT c FROM sbtest6 WHERE id=1810269
	Index Scan using sbtest6_pkey on sbtest6  (cost=0.43..8.45 rows=1 width=121)
	  Index Cond: (id = 1810269)

table 7 : explain SELECT c FROM sbtest7 WHERE id=2685069
	Index Scan using sbtest7_pkey on sbtest7  (cost=0.43..8.45 rows=1 width=121)
	  Index Cond: (id = 2685069)

table 8 : explain SELECT c FROM sbtest8 WHERE id=8357748
	Index Scan using sbtest8_pkey on sbtest8  (cost=0.43..8.45 rows=1 width=121)
	  Index Cond: (id = 8357748)

for point_selects
table 1 : explain SELECT c FROM sbtest1 WHERE id=2727314
	Index Scan using sbtest1_pkey on sbtest1  (cost=0.43..8.45 rows=1 width=121)
	  Index Cond: (id = 2727314)

table 2 : explain SELECT c FROM sbtest2 WHERE id=2877864
	Index Scan using sbtest2_pkey on sbtest2  (cost=0.43..8.45 rows=1 width=121)
	  Index Cond: (id = 2877864)

table 3 : explain SELECT c FROM sbtest3 WHERE id=244396
	Index Scan using sbtest3_pkey on sbtest3  (cost=0.43..8.45 rows=1 width=121)
	  Index Cond: (id = 244396)

table 4 : explain SELECT c FROM sbtest4 WHERE id=7238944
	Index Scan using sbtest4_pkey on sbtest4  (cost=0.43..8.45 rows=1 width=121)
	  Index Cond: (id = 7238944)

table 5 : explain SELECT c FROM sbtest5 WHERE id=3360976
	Index Scan using sbtest5_pkey on sbtest5  (cost=0.43..8.45 rows=1 width=121)
	  Index Cond: (id = 3360976)

table 6 : explain SELECT c FROM sbtest6 WHERE id=1341823
	Index Scan using sbtest6_pkey on sbtest6  (cost=0.43..8.45 rows=1 width=121)
	  Index Cond: (id = 1341823)

table 7 : explain SELECT c FROM sbtest7 WHERE id=616383
	Index Scan using sbtest7_pkey on sbtest7  (cost=0.43..8.45 rows=1 width=121)
	  Index Cond: (id = 616383)

table 8 : explain SELECT c FROM sbtest8 WHERE id=1468653
	Index Scan using sbtest8_pkey on sbtest8  (cost=0.43..8.45 rows=1 width=121)
	  Index Cond: (id = 1468653)

for point_selects
table 1 : explain SELECT c FROM sbtest1 WHERE id=1175332
	Index Scan using sbtest1_pkey on sbtest1  (cost=0.43..8.45 rows=1 width=121)
	  Index Cond: (id = 1175332)

table 2 : explain SELECT c FROM sbtest2 WHERE id=9287197
	Index Scan using sbtest2_pkey on sbtest2  (cost=0.43..8.45 rows=1 width=121)
	  Index Cond: (id = 9287197)

table 3 : explain SELECT c FROM sbtest3 WHERE id=872455
	Index Scan using sbtest3_pkey on sbtest3  (cost=0.43..8.45 rows=1 width=121)
	  Index Cond: (id = 872455)

table 4 : explain SELECT c FROM sbtest4 WHERE id=2520665
	Index Scan using sbtest4_pkey on sbtest4  (cost=0.43..8.45 rows=1 width=121)
	  Index Cond: (id = 2520665)

table 5 : explain SELECT c FROM sbtest5 WHERE id=7055094
	Index Scan using sbtest5_pkey on sbtest5  (cost=0.43..8.45 rows=1 width=121)
	  Index Cond: (id = 7055094)

table 6 : explain SELECT c FROM sbtest6 WHERE id=2905057
	Index Scan using sbtest6_pkey on sbtest6  (cost=0.43..8.45 rows=1 width=121)
	  Index Cond: (id = 2905057)

table 7 : explain SELECT c FROM sbtest7 WHERE id=410935
	Index Scan using sbtest7_pkey on sbtest7  (cost=0.43..8.45 rows=1 width=121)
	  Index Cond: (id = 410935)

table 8 : explain SELECT c FROM sbtest8 WHERE id=2577109
	Index Scan using sbtest8_pkey on sbtest8  (cost=0.43..8.45 rows=1 width=121)
	  Index Cond: (id = 2577109)

explain: for point_selects :: explain SELECT c FROM sbtest%u WHERE id=%u
for point_selects
table 1 : explain SELECT c FROM sbtest1 WHERE id=760907
	Index Scan using sbtest1_pkey on sbtest1  (cost=0.43..8.45 rows=1 width=121)
	  Index Cond: (id = 760907)

table 2 : explain SELECT c FROM sbtest2 WHERE id=8649949
	Index Scan using sbtest2_pkey on sbtest2  (cost=0.43..8.45 rows=1 width=121)
	  Index Cond: (id = 8649949)

table 3 : explain SELECT c FROM sbtest3 WHERE id=4328770
	Index Scan using sbtest3_pkey on sbtest3  (cost=0.43..8.45 rows=1 width=121)
	  Index Cond: (id = 4328770)

table 4 : explain SELECT c FROM sbtest4 WHERE id=2581585
	Index Scan using sbtest4_pkey on sbtest4  (cost=0.43..8.45 rows=1 width=121)
	  Index Cond: (id = 2581585)

table 5 : explain SELECT c FROM sbtest5 WHERE id=5309652
	Index Scan using sbtest5_pkey on sbtest5  (cost=0.43..8.45 rows=1 width=121)
	  Index Cond: (id = 5309652)

table 6 : explain SELECT c FROM sbtest6 WHERE id=1015440
	Index Scan using sbtest6_pkey on sbtest6  (cost=0.43..8.45 rows=1 width=121)
	  Index Cond: (id = 1015440)

table 7 : explain SELECT c FROM sbtest7 WHERE id=3589399
	Index Scan using sbtest7_pkey on sbtest7  (cost=0.43..8.45 rows=1 width=121)
	  Index Cond: (id = 3589399)

table 8 : explain SELECT c FROM sbtest8 WHERE id=1613332
	Index Scan using sbtest8_pkey on sbtest8  (cost=0.43..8.45 rows=1 width=121)
	  Index Cond: (id = 1613332)

for point_selects
table 1 : explain SELECT c FROM sbtest1 WHERE id=9371165
	Index Scan using sbtest1_pkey on sbtest1  (cost=0.43..8.45 rows=1 width=121)
	  Index Cond: (id = 9371165)

table 2 : explain SELECT c FROM sbtest2 WHERE id=4499612
	Index Scan using sbtest2_pkey on sbtest2  (cost=0.43..8.45 rows=1 width=121)
	  Index Cond: (id = 4499612)

table 3 : explain SELECT c FROM sbtest3 WHERE id=5725170
	Index Scan using sbtest3_pkey on sbtest3  (cost=0.43..8.45 rows=1 width=121)
	  Index Cond: (id = 5725170)

table 4 : explain SELECT c FROM sbtest4 WHERE id=383024
	Index Scan using sbtest4_pkey on sbtest4  (cost=0.43..8.45 rows=1 width=121)
	  Index Cond: (id = 383024)

table 5 : explain SELECT c FROM sbtest5 WHERE id=1537813
	Index Scan using sbtest5_pkey on sbtest5  (cost=0.43..8.45 rows=1 width=121)
	  Index Cond: (id = 1537813)

table 6 : explain SELECT c FROM sbtest6 WHERE id=9413432
	Index Scan using sbtest6_pkey on sbtest6  (cost=0.43..8.45 rows=1 width=121)
	  Index Cond: (id = 9413432)

table 7 : explain SELECT c FROM sbtest7 WHERE id=1916096
	Index Scan using sbtest7_pkey on sbtest7  (cost=0.43..8.45 rows=1 width=121)
	  Index Cond: (id = 1916096)

table 8 : explain SELECT c FROM sbtest8 WHERE id=94158
	Index Scan using sbtest8_pkey on sbtest8  (cost=0.43..8.45 rows=1 width=121)
	  Index Cond: (id = 94158)

for point_selects
table 1 : explain SELECT c FROM sbtest1 WHERE id=5014620
	Index Scan using sbtest1_pkey on sbtest1  (cost=0.43..8.45 rows=1 width=121)
	  Index Cond: (id = 5014620)

table 2 : explain SELECT c FROM sbtest2 WHERE id=4901578
	Index Scan using sbtest2_pkey on sbtest2  (cost=0.43..8.45 rows=1 width=121)
	  Index Cond: (id = 4901578)

table 3 : explain SELECT c FROM sbtest3 WHERE id=536445
	Index Scan using sbtest3_pkey on sbtest3  (cost=0.43..8.45 rows=1 width=121)
	  Index Cond: (id = 536445)

table 4 : explain SELECT c FROM sbtest4 WHERE id=8413177
	Index Scan using sbtest4_pkey on sbtest4  (cost=0.43..8.45 rows=1 width=121)
	  Index Cond: (id = 8413177)

table 5 : explain SELECT c FROM sbtest5 WHERE id=8257183
	Index Scan using sbtest5_pkey on sbtest5  (cost=0.43..8.45 rows=1 width=121)
	  Index Cond: (id = 8257183)

table 6 : explain SELECT c FROM sbtest6 WHERE id=2565767
	Index Scan using sbtest6_pkey on sbtest6  (cost=0.43..8.45 rows=1 width=121)
	  Index Cond: (id = 2565767)

table 7 : explain SELECT c FROM sbtest7 WHERE id=8894640
	Index Scan using sbtest7_pkey on sbtest7  (cost=0.43..8.45 rows=1 width=121)
	  Index Cond: (id = 8894640)

table 8 : explain SELECT c FROM sbtest8 WHERE id=7062514
	Index Scan using sbtest8_pkey on sbtest8  (cost=0.43..8.45 rows=1 width=121)
	  Index Cond: (id = 7062514)

for point_selects
table 1 : explain SELECT c FROM sbtest1 WHERE id=834902
	Index Scan using sbtest1_pkey on sbtest1  (cost=0.43..8.45 rows=1 width=121)
	  Index Cond: (id = 834902)

table 2 : explain SELECT c FROM sbtest2 WHERE id=387937
	Index Scan using sbtest2_pkey on sbtest2  (cost=0.43..8.45 rows=1 width=121)
	  Index Cond: (id = 387937)

table 3 : explain SELECT c FROM sbtest3 WHERE id=1102589
	Index Scan using sbtest3_pkey on sbtest3  (cost=0.43..8.45 rows=1 width=121)
	  Index Cond: (id = 1102589)

table 4 : explain SELECT c FROM sbtest4 WHERE id=8983732
	Index Scan using sbtest4_pkey on sbtest4  (cost=0.43..8.45 rows=1 width=121)
	  Index Cond: (id = 8983732)

table 5 : explain SELECT c FROM sbtest5 WHERE id=4005971
	Index Scan using sbtest5_pkey on sbtest5  (cost=0.43..8.45 rows=1 width=121)
	  Index Cond: (id = 4005971)

table 6 : explain SELECT c FROM sbtest6 WHERE id=4172668
	Index Scan using sbtest6_pkey on sbtest6  (cost=0.43..8.45 rows=1 width=121)
	  Index Cond: (id = 4172668)

table 7 : explain SELECT c FROM sbtest7 WHERE id=6847680
	Index Scan using sbtest7_pkey on sbtest7  (cost=0.43..8.45 rows=1 width=121)
	  Index Cond: (id = 6847680)

table 8 : explain SELECT c FROM sbtest8 WHERE id=4727475
	Index Scan using sbtest8_pkey on sbtest8  (cost=0.43..8.45 rows=1 width=121)
	  Index Cond: (id = 4727475)

explain: for point_selects :: explain SELECT c FROM sbtest%u WHERE id=%u
explain: for point_selects :: explain SELECT c FROM sbtest%u WHERE id=%ufor point_selects
table 1 : explain SELECT c FROM sbtest1 WHERE id=8740730
	Index Scan using sbtest1_pkey on sbtest1  (cost=0.43..8.45 rows=1 width=121)
	  Index Cond: (id = 8740730)

table 2 : explain SELECT c FROM sbtest2 WHERE id=1256828
	Index Scan using sbtest2_pkey on sbtest2  (cost=0.43..8.45 rows=1 width=121)
	  Index Cond: (id = 1256828)

table 3 : explain SELECT c FROM sbtest3 WHERE id=6138972
	Index Scan using sbtest3_pkey on sbtest3  (cost=0.43..8.45 rows=1 width=121)
	  Index Cond: (id = 6138972)

table 4 : explain SELECT c FROM sbtest4 WHERE id=7053455
	Index Scan using sbtest4_pkey on sbtest4  (cost=0.43..8.45 rows=1 width=121)
	  Index Cond: (id = 7053455)

table 5 : explain SELECT c FROM sbtest5 WHERE id=5813234
	Index Scan using sbtest5_pkey on sbtest5  (cost=0.43..8.45 rows=1 width=121)
	  Index Cond: (id = 5813234)

table 6 : explain SELECT c FROM sbtest6 WHERE id=1653273
	Index Scan using sbtest6_pkey on sbtest6  (cost=0.43..8.45 rows=1 width=121)
	  Index Cond: (id = 1653273)

table 7 : explain SELECT c FROM sbtest7 WHERE id=4599056
	Index Scan using sbtest7_pkey on sbtest7  (cost=0.43..8.45 rows=1 width=121)
	  Index Cond: (id = 4599056)

table 8 : explain SELECT c FROM sbtest8 WHERE id=5031198
	Index Scan using sbtest8_pkey on sbtest8  (cost=0.43..8.45 rows=1 width=121)
	  Index Cond: (id = 5031198)


explain: for point_selects :: explain SELECT c FROM sbtest%u WHERE id=%u
for point_selects
table 1 : explain SELECT c FROM sbtest1 WHERE id=5243175
	Index Scan using sbtest1_pkey on sbtest1  (cost=0.43..8.45 rows=1 width=121)
	  Index Cond: (id = 5243175)

table 2 : explain SELECT c FROM sbtest2 WHERE id=9141800
	Index Scan using sbtest2_pkey on sbtest2  (cost=0.43..8.45 rows=1 width=121)
	  Index Cond: (id = 9141800)

table 3 : explain SELECT c FROM sbtest3 WHERE id=3286457
	Index Scan using sbtest3_pkey on sbtest3  (cost=0.43..8.45 rows=1 width=121)
	  Index Cond: (id = 3286457)

table 4 : explain SELECT c FROM sbtest4 WHERE id=5952709
	Index Scan using sbtest4_pkey on sbtest4  (cost=0.43..8.45 rows=1 width=121)
	  Index Cond: (id = 5952709)

table 5 : explain SELECT c FROM sbtest5 WHERE id=9415733
	Index Scan using sbtest5_pkey on sbtest5  (cost=0.43..8.45 rows=1 width=121)
	  Index Cond: (id = 9415733)

table 6 : explain SELECT c FROM sbtest6 WHERE id=4232365
	Index Scan using sbtest6_pkey on sbtest6  (cost=0.43..8.45 rows=1 width=121)
	  Index Cond: (id = 4232365)

table 7 : explain SELECT c FROM sbtest7 WHERE id=6958872
	Index Scan using sbtest7_pkey on sbtest7  (cost=0.43..8.45 rows=1 width=121)
	  Index Cond: (id = 6958872)

table 8 : explain SELECT c FROM sbtest8 WHERE id=6790923
	Index Scan using sbtest8_pkey on sbtest8  (cost=0.43..8.45 rows=1 width=121)
	  Index Cond: (id = 6790923)

for point_selects
table 1 : explain SELECT c FROM sbtest1 WHERE id=4632008
	Index Scan using sbtest1_pkey on sbtest1  (cost=0.43..8.45 rows=1 width=121)
	  Index Cond: (id = 4632008)

table 2 : explain SELECT c FROM sbtest2 WHERE id=4620998
	Index Scan using sbtest2_pkey on sbtest2  (cost=0.43..8.45 rows=1 width=121)
	  Index Cond: (id = 4620998)

table 3 : explain SELECT c FROM sbtest3 WHERE id=3291020
	Index Scan using sbtest3_pkey on sbtest3  (cost=0.43..8.45 rows=1 width=121)
	  Index Cond: (id = 3291020)

table 4 : explain SELECT c FROM sbtest4 WHERE id=7925020
	Index Scan using sbtest4_pkey on sbtest4  (cost=0.43..8.45 rows=1 width=121)
	  Index Cond: (id = 7925020)

table 5 : explain SELECT c FROM sbtest5 WHERE id=1398400
	Index Scan using sbtest5_pkey on sbtest5  (cost=0.43..8.45 rows=1 width=121)
	  Index Cond: (id = 1398400)

table 6 : explain SELECT c FROM sbtest6 WHERE id=148433
	Index Scan using sbtest6_pkey on sbtest6  (cost=0.43..8.45 rows=1 width=121)
	  Index Cond: (id = 148433)

table 7 : explain SELECT c FROM sbtest7 WHERE id=1188678
	Index Scan using sbtest7_pkey on sbtest7  (cost=0.43..8.45 rows=1 width=121)
	  Index Cond: (id = 1188678)

table 8 : explain SELECT c FROM sbtest8 WHERE id=2232516
	Index Scan using sbtest8_pkey on sbtest8  (cost=0.43..8.45 rows=1 width=121)
	  Index Cond: (id = 2232516)

for point_selects
table 1 : explain SELECT c FROM sbtest1 WHERE id=8390766
	Index Scan using sbtest1_pkey on sbtest1  (cost=0.43..8.45 rows=1 width=121)
	  Index Cond: (id = 8390766)

table 2 : explain SELECT c FROM sbtest2 WHERE id=4318303
	Index Scan using sbtest2_pkey on sbtest2  (cost=0.43..8.45 rows=1 width=121)
	  Index Cond: (id = 4318303)

table 3 : explain SELECT c FROM sbtest3 WHERE id=8866794
	Index Scan using sbtest3_pkey on sbtest3  (cost=0.43..8.45 rows=1 width=121)
	  Index Cond: (id = 8866794)

table 4 : explain SELECT c FROM sbtest4 WHERE id=9339957
	Index Scan using sbtest4_pkey on sbtest4  (cost=0.43..8.45 rows=1 width=121)
	  Index Cond: (id = 9339957)

table 5 : explain SELECT c FROM sbtest5 WHERE id=7239840
	Index Scan using sbtest5_pkey on sbtest5  (cost=0.43..8.45 rows=1 width=121)
	  Index Cond: (id = 7239840)

table 6 : explain SELECT c FROM sbtest6 WHERE id=1214576
	Index Scan using sbtest6_pkey on sbtest6  (cost=0.43..8.45 rows=1 width=121)
	  Index Cond: (id = 1214576)

table 7 : explain SELECT c FROM sbtest7 WHERE id=9219904
	Index Scan using sbtest7_pkey on sbtest7  (cost=0.43..8.45 rows=1 width=121)
	  Index Cond: (id = 9219904)

table 8 : explain SELECT c FROM sbtest8 WHERE id=2094400
	Index Scan using sbtest8_pkey on sbtest8  (cost=0.43..8.45 rows=1 width=121)
	  Index Cond: (id = 2094400)

for point_selects
table 1 : explain SELECT c FROM sbtest1 WHERE id=7856670
	Index Scan using sbtest1_pkey on sbtest1  (cost=0.43..8.45 rows=1 width=121)
	  Index Cond: (id = 7856670)

table 2 : explain SELECT c FROM sbtest2 WHERE id=1600963
	Index Scan using sbtest2_pkey on sbtest2  (cost=0.43..8.45 rows=1 width=121)
	  Index Cond: (id = 1600963)

table 3 : explain SELECT c FROM sbtest3 WHERE id=5589033
	Index Scan using sbtest3_pkey on sbtest3  (cost=0.43..8.45 rows=1 width=121)
	  Index Cond: (id = 5589033)

table 4 : explain SELECT c FROM sbtest4 WHERE id=5474286
	Index Scan using sbtest4_pkey on sbtest4  (cost=0.43..8.45 rows=1 width=121)
	  Index Cond: (id = 5474286)

table 5 : explain SELECT c FROM sbtest5 WHERE id=5258445
	Index Scan using sbtest5_pkey on sbtest5  (cost=0.43..8.45 rows=1 width=121)
	  Index Cond: (id = 5258445)

table 6 : explain SELECT c FROM sbtest6 WHERE id=4186884
	Index Scan using sbtest6_pkey on sbtest6  (cost=0.43..8.45 rows=1 width=121)
	  Index Cond: (id = 4186884)

table 7 : explain SELECT c FROM sbtest7 WHERE id=6974973
	Index Scan using sbtest7_pkey on sbtest7  (cost=0.43..8.45 rows=1 width=121)
	  Index Cond: (id = 6974973)

table 8 : explain SELECT c FROM sbtest8 WHERE id=1349016
	Index Scan using sbtest8_pkey on sbtest8  (cost=0.43..8.45 rows=1 width=121)
	  Index Cond: (id = 1349016)

for point_selects
table 1 : explain SELECT c FROM sbtest1 WHERE id=1992957
	Index Scan using sbtest1_pkey on sbtest1  (cost=0.43..8.45 rows=1 width=121)
	  Index Cond: (id = 1992957)

table 2 : explain SELECT c FROM sbtest2 WHERE id=4801763
	Index Scan using sbtest2_pkey on sbtest2  (cost=0.43..8.45 rows=1 width=121)
	  Index Cond: (id = 4801763)

table 3 : explain SELECT c FROM sbtest3 WHERE id=4711823
	Index Scan using sbtest3_pkey on sbtest3  (cost=0.43..8.45 rows=1 width=121)
	  Index Cond: (id = 4711823)

table 4 : explain SELECT c FROM sbtest4 WHERE id=6836407
	Index Scan using sbtest4_pkey on sbtest4  (cost=0.43..8.45 rows=1 width=121)
	  Index Cond: (id = 6836407)

table 5 : explain SELECT c FROM sbtest5 WHERE id=5281645
	Index Scan using sbtest5_pkey on sbtest5  (cost=0.43..8.45 rows=1 width=121)
	  Index Cond: (id = 5281645)

table 6 : explain SELECT c FROM sbtest6 WHERE id=5550453
	Index Scan using sbtest6_pkey on sbtest6  (cost=0.43..8.45 rows=1 width=121)
	  Index Cond: (id = 5550453)

table 7 : explain SELECT c FROM sbtest7 WHERE id=2409089
	Index Scan using sbtest7_pkey on sbtest7  (cost=0.43..8.45 rows=1 width=121)
	  Index Cond: (id = 2409089)

table 8 : explain SELECT c FROM sbtest8 WHERE id=1301050
	Index Scan using sbtest8_pkey on sbtest8  (cost=0.43..8.45 rows=1 width=121)
	  Index Cond: (id = 1301050)

for point_selects
table 1 : explain SELECT c FROM sbtest1 WHERE id=1474529
	Index Scan using sbtest1_pkey on sbtest1  (cost=0.43..8.45 rows=1 width=121)
	  Index Cond: (id = 1474529)

table 2 : explain SELECT c FROM sbtest2 WHERE id=6225523
	Index Scan using sbtest2_pkey on sbtest2  (cost=0.43..8.45 rows=1 width=121)
	  Index Cond: (id = 6225523)

table 3 : explain SELECT c FROM sbtest3 WHERE id=5652876
	Index Scan using sbtest3_pkey on sbtest3  (cost=0.43..8.45 rows=1 width=121)
	  Index Cond: (id = 5652876)

table 4 : explain SELECT c FROM sbtest4 WHERE id=3550797
	Index Scan using sbtest4_pkey on sbtest4  (cost=0.43..8.45 rows=1 width=121)
	  Index Cond: (id = 3550797)

table 5 : explain SELECT c FROM sbtest5 WHERE id=9450257
	Index Scan using sbtest5_pkey on sbtest5  (cost=0.43..8.45 rows=1 width=121)
	  Index Cond: (id = 9450257)

table 6 : explain SELECT c FROM sbtest6 WHERE id=1858158
	Index Scan using sbtest6_pkey on sbtest6  (cost=0.43..8.45 rows=1 width=121)
	  Index Cond: (id = 1858158)

table 7 : explain SELECT c FROM sbtest7 WHERE id=9377558
	Index Scan using sbtest7_pkey on sbtest7  (cost=0.43..8.45 rows=1 width=121)
	  Index Cond: (id = 9377558)

table 8 : explain SELECT c FROM sbtest8 WHERE id=5752675
	Index Scan using sbtest8_pkey on sbtest8  (cost=0.43..8.45 rows=1 width=121)
	  Index Cond: (id = 5752675)

for point_selects
table 1 : explain SELECT c FROM sbtest1 WHERE id=709472
	Index Scan using sbtest1_pkey on sbtest1  (cost=0.43..8.45 rows=1 width=121)
	  Index Cond: (id = 709472)

table 2 : explain SELECT c FROM sbtest2 WHERE id=3530123
	Index Scan using sbtest2_pkey on sbtest2  (cost=0.43..8.45 rows=1 width=121)
	  Index Cond: (id = 3530123)

table 3 : explain SELECT c FROM sbtest3 WHERE id=8370189
	Index Scan using sbtest3_pkey on sbtest3  (cost=0.43..8.45 rows=1 width=121)
	  Index Cond: (id = 8370189)

table 4 : explain SELECT c FROM sbtest4 WHERE id=7473811
	Index Scan using sbtest4_pkey on sbtest4  (cost=0.43..8.45 rows=1 width=121)
	  Index Cond: (id = 7473811)

table 5 : explain SELECT c FROM sbtest5 WHERE id=2824448
	Index Scan using sbtest5_pkey on sbtest5  (cost=0.43..8.45 rows=1 width=121)
	  Index Cond: (id = 2824448)

table 6 : explain SELECT c FROM sbtest6 WHERE id=6161392
	Index Scan using sbtest6_pkey on sbtest6  (cost=0.43..8.45 rows=1 width=121)
	  Index Cond: (id = 6161392)

table 7 : explain SELECT c FROM sbtest7 WHERE id=1633976
	Index Scan using sbtest7_pkey on sbtest7  (cost=0.43..8.45 rows=1 width=121)
	  Index Cond: (id = 1633976)

table 8 : explain SELECT c FROM sbtest8 WHERE id=6452775
	Index Scan using sbtest8_pkey on sbtest8  (cost=0.43..8.45 rows=1 width=121)
	  Index Cond: (id = 6452775)

for point_selects
table 1 : explain SELECT c FROM sbtest1 WHERE id=2626046
	Index Scan using sbtest1_pkey on sbtest1  (cost=0.43..8.45 rows=1 width=121)
	  Index Cond: (id = 2626046)

table 2 : explain SELECT c FROM sbtest2 WHERE id=6845406
	Index Scan using sbtest2_pkey on sbtest2  (cost=0.43..8.45 rows=1 width=121)
	  Index Cond: (id = 6845406)

table 3 : explain SELECT c FROM sbtest3 WHERE id=9209275
	Index Scan using sbtest3_pkey on sbtest3  (cost=0.43..8.45 rows=1 width=121)
	  Index Cond: (id = 9209275)

table 4 : explain SELECT c FROM sbtest4 WHERE id=9196286
	Index Scan using sbtest4_pkey on sbtest4  (cost=0.43..8.45 rows=1 width=121)
	  Index Cond: (id = 9196286)

table 5 : explain SELECT c FROM sbtest5 WHERE id=1660660
	Index Scan using sbtest5_pkey on sbtest5  (cost=0.43..8.45 rows=1 width=121)
	  Index Cond: (id = 1660660)

table 6 : explain SELECT c FROM sbtest6 WHERE id=1899402
	Index Scan using sbtest6_pkey on sbtest6  (cost=0.43..8.45 rows=1 width=121)
	  Index Cond: (id = 1899402)

table 7 : explain SELECT c FROM sbtest7 WHERE id=8314688
	Index Scan using sbtest7_pkey on sbtest7  (cost=0.43..8.45 rows=1 width=121)
	  Index Cond: (id = 8314688)

table 8 : explain SELECT c FROM sbtest8 WHERE id=4638791
	Index Scan using sbtest8_pkey on sbtest8  (cost=0.43..8.45 rows=1 width=121)
	  Index Cond: (id = 4638791)

explain: for point_selects :: explain SELECT c FROM sbtest%u WHERE id=%u
explain: for point_selects :: explain SELECT c FROM sbtest%u WHERE id=%u
for: simple_ranges
table 1 : explain SELECT c FROM sbtest1 WHERE id BETWEEN 3466130 AND 3466139
	Index Scan using sbtest1_pkey on sbtest1  (cost=0.43..44.07 rows=10 width=121)
	  Index Cond: ((id >= 3466130) AND (id <= 3466139))

table 2 : explain SELECT c FROM sbtest2 WHERE id BETWEEN 5545186 AND 5545195
	Index Scan using sbtest2_pkey on sbtest2  (cost=0.43..44.15 rows=10 width=121)
	  Index Cond: ((id >= 5545186) AND (id <= 5545195))

table 3 : explain SELECT c FROM sbtest3 WHERE id BETWEEN 7888338 AND 7888347
	Index Scan using sbtest3_pkey on sbtest3  (cost=0.43..48.04 rows=11 width=121)
	  Index Cond: ((id >= 7888338) AND (id <= 7888347))

table 4 : explain SELECT c FROM sbtest4 WHERE id BETWEEN 5326499 AND 5326508
	Index Scan using sbtest4_pkey on sbtest4  (cost=0.43..40.03 rows=9 width=121)
	  Index Cond: ((id >= 5326499) AND (id <= 5326508))

table 5 : explain SELECT c FROM sbtest5 WHERE id BETWEEN 6371154 AND 6371163
	Index Scan using sbtest5_pkey on sbtest5  (cost=0.43..40.11 rows=9 width=121)
	  Index Cond: ((id >= 6371154) AND (id <= 6371163))

table 6 : explain SELECT c FROM sbtest6 WHERE id BETWEEN 2458067 AND 2458076
	Index Scan using sbtest6_pkey on sbtest6  (cost=0.43..47.95 rows=11 width=121)
	  Index Cond: ((id >= 2458067) AND (id <= 2458076))

table 7 : explain SELECT c FROM sbtest7 WHERE id BETWEEN 4569501 AND 4569510
	Index Scan using sbtest7_pkey on sbtest7  (cost=0.43..40.02 rows=9 width=121)
	  Index Cond: ((id >= 4569501) AND (id <= 4569510))

table 8 : explain SELECT c FROM sbtest8 WHERE id BETWEEN 9034950 AND 9034959
	Index Scan using sbtest8_pkey on sbtest8  (cost=0.43..43.93 rows=10 width=121)
	  Index Cond: ((id >= 9034950) AND (id <= 9034959))

explain: for point_selects :: explain SELECT c FROM sbtest%u WHERE id=%u
for point_selects
table 1 : explain SELECT c FROM sbtest1 WHERE id=7250872
	Index Scan using sbtest1_pkey on sbtest1  (cost=0.43..8.45 rows=1 width=121)
	  Index Cond: (id = 7250872)

table 2 : explain SELECT c FROM sbtest2 WHERE id=2707853
	Index Scan using sbtest2_pkey on sbtest2  (cost=0.43..8.45 rows=1 width=121)
	  Index Cond: (id = 2707853)

table 3 : explain SELECT c FROM sbtest3 WHERE id=1093073
	Index Scan using sbtest3_pkey on sbtest3  (cost=0.43..8.45 rows=1 width=121)
	  Index Cond: (id = 1093073)

table 4 : explain SELECT c FROM sbtest4 WHERE id=2798841
	Index Scan using sbtest4_pkey on sbtest4  (cost=0.43..8.45 rows=1 width=121)
	  Index Cond: (id = 2798841)

table 5 : explain SELECT c FROM sbtest5 WHERE id=5210347
	Index Scan using sbtest5_pkey on sbtest5  (cost=0.43..8.45 rows=1 width=121)
	  Index Cond: (id = 5210347)

table 6 : explain SELECT c FROM sbtest6 WHERE id=9587243
	Index Scan using sbtest6_pkey on sbtest6  (cost=0.43..8.45 rows=1 width=121)
	  Index Cond: (id = 9587243)

table 7 : explain SELECT c FROM sbtest7 WHERE id=6178812
	Index Scan using sbtest7_pkey on sbtest7  (cost=0.43..8.45 rows=1 width=121)
	  Index Cond: (id = 6178812)

table 8 : explain SELECT c FROM sbtest8 WHERE id=8160121
	Index Scan using sbtest8_pkey on sbtest8  (cost=0.43..8.45 rows=1 width=121)
	  Index Cond: (id = 8160121)

explain: for point_selects :: explain SELECT c FROM sbtest%u WHERE id=%u
explain: for point_selects :: explain SELECT c FROM sbtest%u WHERE id=%u
for point_selects
table 1 : explain SELECT c FROM sbtest1 WHERE id=8726342
	Index Scan using sbtest1_pkey on sbtest1  (cost=0.43..8.45 rows=1 width=121)
	  Index Cond: (id = 8726342)

table 2 : explain SELECT c FROM sbtest2 WHERE id=6056857
	Index Scan using sbtest2_pkey on sbtest2  (cost=0.43..8.45 rows=1 width=121)
	  Index Cond: (id = 6056857)

table 3 : explain SELECT c FROM sbtest3 WHERE id=4851219
	Index Scan using sbtest3_pkey on sbtest3  (cost=0.43..8.45 rows=1 width=121)
	  Index Cond: (id = 4851219)

table 4 : explain SELECT c FROM sbtest4 WHERE id=1476867
	Index Scan using sbtest4_pkey on sbtest4  (cost=0.43..8.45 rows=1 width=121)
	  Index Cond: (id = 1476867)

table 5 : explain SELECT c FROM sbtest5 WHERE id=104317
	Index Scan using sbtest5_pkey on sbtest5  (cost=0.43..8.45 rows=1 width=121)
	  Index Cond: (id = 104317)

table 6 : explain SELECT c FROM sbtest6 WHERE id=9928335
	Index Scan using sbtest6_pkey on sbtest6  (cost=0.43..8.45 rows=1 width=121)
	  Index Cond: (id = 9928335)

table 7 : explain SELECT c FROM sbtest7 WHERE id=8009096
	Index Scan using sbtest7_pkey on sbtest7  (cost=0.43..8.45 rows=1 width=121)
	  Index Cond: (id = 8009096)

table 8 : explain SELECT c FROM sbtest8 WHERE id=1871298
	Index Scan using sbtest8_pkey on sbtest8  (cost=0.43..8.45 rows=1 width=121)
	  Index Cond: (id = 1871298)

for point_selects
table 1 : explain SELECT c FROM sbtest1 WHERE id=9205510
	Index Scan using sbtest1_pkey on sbtest1  (cost=0.43..8.45 rows=1 width=121)
	  Index Cond: (id = 9205510)

table 2 : explain SELECT c FROM sbtest2 WHERE id=2919718
	Index Scan using sbtest2_pkey on sbtest2  (cost=0.43..8.45 rows=1 width=121)
	  Index Cond: (id = 2919718)

table 3 : explain SELECT c FROM sbtest3 WHERE id=8655020
	Index Scan using sbtest3_pkey on sbtest3  (cost=0.43..8.45 rows=1 width=121)
	  Index Cond: (id = 8655020)

table 4 : explain SELECT c FROM sbtest4 WHERE id=3923431
	Index Scan using sbtest4_pkey on sbtest4  (cost=0.43..8.45 rows=1 width=121)
	  Index Cond: (id = 3923431)

table 5 : explain SELECT c FROM sbtest5 WHERE id=1325609
	Index Scan using sbtest5_pkey on sbtest5  (cost=0.43..8.45 rows=1 width=121)
	  Index Cond: (id = 1325609)

table 6 : explain SELECT c FROM sbtest6 WHERE id=3450541
	Index Scan using sbtest6_pkey on sbtest6  (cost=0.43..8.45 rows=1 width=121)
	  Index Cond: (id = 3450541)

table 7 : explain SELECT c FROM sbtest7 WHERE id=8801177
	Index Scan using sbtest7_pkey on sbtest7  (cost=0.43..8.45 rows=1 width=121)
	  Index Cond: (id = 8801177)

table 8 : explain SELECT c FROM sbtest8 WHERE id=9522744
	Index Scan using sbtest8_pkey on sbtest8  (cost=0.43..8.45 rows=1 width=121)
	  Index Cond: (id = 9522744)

for: simple_ranges
table 1 : explain SELECT c FROM sbtest1 WHERE id BETWEEN 2214185 AND 2214194
	Index Scan using sbtest1_pkey on sbtest1  (cost=0.43..44.07 rows=10 width=121)
	  Index Cond: ((id >= 2214185) AND (id <= 2214194))

table 2 : explain SELECT c FROM sbtest2 WHERE id BETWEEN 5514709 AND 5514718
	Index Scan using sbtest2_pkey on sbtest2  (cost=0.43..44.15 rows=10 width=121)
	  Index Cond: ((id >= 5514709) AND (id <= 5514718))

table 3 : explain SELECT c FROM sbtest3 WHERE id BETWEEN 7401259 AND 7401268
	Index Scan using sbtest3_pkey on sbtest3  (cost=0.43..44.08 rows=10 width=121)
	  Index Cond: ((id >= 7401259) AND (id <= 7401268))

table 4 : explain SELECT c FROM sbtest4 WHERE id BETWEEN 1878550 AND 1878559
	Index Scan using sbtest4_pkey on sbtest4  (cost=0.43..40.03 rows=9 width=121)
	  Index Cond: ((id >= 1878550) AND (id <= 1878559))

table 5 : explain SELECT c FROM sbtest5 WHERE id BETWEEN 5708647 AND 5708656
	Index Scan using sbtest5_pkey on sbtest5  (cost=0.43..44.07 rows=10 width=121)
	  Index Cond: ((id >= 5708647) AND (id <= 5708656))

table 6 : explain SELECT c FROM sbtest6 WHERE id BETWEEN 122418 AND 122427
	Index Scan using sbtest6_pkey on sbtest6  (cost=0.43..44.00 rows=10 width=121)
	  Index Cond: ((id >= 122418) AND (id <= 122427))

table 7 : explain SELECT c FROM sbtest7 WHERE id BETWEEN 7586436 AND 7586445
	Index Scan using sbtest7_pkey on sbtest7  (cost=0.43..40.02 rows=9 width=121)
	  Index Cond: ((id >= 7586436) AND (id <= 7586445))

table 8 : explain SELECT c FROM sbtest8 WHERE id BETWEEN 3274751 AND 3274760
	Index Scan using sbtest8_pkey on sbtest8  (cost=0.43..39.99 rows=9 width=121)
	  Index Cond: ((id >= 3274751) AND (id <= 3274760))

explain: for point_selects :: explain SELECT c FROM sbtest%u WHERE id=%u
for point_selects
table 1 : explain SELECT c FROM sbtest1 WHERE id=4656230
	Index Scan using sbtest1_pkey on sbtest1  (cost=0.43..8.45 rows=1 width=121)
	  Index Cond: (id = 4656230)

table 2 : explain SELECT c FROM sbtest2 WHERE id=7724489
	Index Scan using sbtest2_pkey on sbtest2  (cost=0.43..8.45 rows=1 width=121)
	  Index Cond: (id = 7724489)

table 3 : explain SELECT c FROM sbtest3 WHERE id=9580473
	Index Scan using sbtest3_pkey on sbtest3  (cost=0.43..8.45 rows=1 width=121)
	  Index Cond: (id = 9580473)

table 4 : explain SELECT c FROM sbtest4 WHERE id=3697453
	Index Scan using sbtest4_pkey on sbtest4  (cost=0.43..8.45 rows=1 width=121)
	  Index Cond: (id = 3697453)

table 5 : explain SELECT c FROM sbtest5 WHERE id=9116350
	Index Scan using sbtest5_pkey on sbtest5  (cost=0.43..8.45 rows=1 width=121)
	  Index Cond: (id = 9116350)

table 6 : explain SELECT c FROM sbtest6 WHERE id=1432177
	Index Scan using sbtest6_pkey on sbtest6  (cost=0.43..8.45 rows=1 width=121)
	  Index Cond: (id = 1432177)

table 7 : explain SELECT c FROM sbtest7 WHERE id=9578251
	Index Scan using sbtest7_pkey on sbtest7  (cost=0.43..8.45 rows=1 width=121)
	  Index Cond: (id = 9578251)

table 8 : explain SELECT c FROM sbtest8 WHERE id=438675
	Index Scan using sbtest8_pkey on sbtest8  (cost=0.43..8.45 rows=1 width=121)
	  Index Cond: (id = 438675)
for: simple_ranges
table 1 : explain SELECT c FROM sbtest1 WHERE id BETWEEN 9471446 AND 9471455
	Index Scan using sbtest1_pkey on sbtest1  (cost=0.43..44.07 rows=10 width=121)
	  Index Cond: ((id >= 9471446) AND (id <= 9471455))

table 2 : explain SELECT c FROM sbtest2 WHERE id BETWEEN 1002770 AND 1002779
	Index Scan using sbtest2_pkey on sbtest2  (cost=0.43..48.11 rows=11 width=121)
	  Index Cond: ((id >= 1002770) AND (id <= 1002779))

table 3 : explain SELECT c FROM sbtest3 WHERE id BETWEEN 8370937 AND 8370946
	Index Scan using sbtest3_pkey on sbtest3  (cost=0.43..48.04 rows=11 width=121)
	  Index Cond: ((id >= 8370937) AND (id <= 8370946))

table 4 : explain SELECT c FROM sbtest4 WHERE id BETWEEN 5348349 AND 5348358
	Index Scan using sbtest4_pkey on sbtest4  (cost=0.43..40.03 rows=9 width=121)
	  Index Cond: ((id >= 5348349) AND (id <= 5348358))

table 5 : explain SELECT c FROM sbtest5 WHERE id BETWEEN 3448723 AND 3448732
	Index Scan using sbtest5_pkey on sbtest5  (cost=0.43..44.07 rows=10 width=121)
	  Index Cond: ((id >= 3448723) AND (id <= 3448732))

table 6 : explain SELECT c FROM sbtest6 WHERE id BETWEEN 5309885 AND 5309894
	Index Scan using sbtest6_pkey on sbtest6  (cost=0.43..44.00 rows=10 width=121)
	  Index Cond: ((id >= 5309885) AND (id <= 5309894))

table 7 : explain SELECT c FROM sbtest7 WHERE id BETWEEN 9580463 AND 9580472
	Index Scan using sbtest7_pkey on sbtest7  (cost=0.43..43.97 rows=10 width=121)
	  Index Cond: ((id >= 9580463) AND (id <= 9580472))

table 8 : explain SELECT c FROM sbtest8 WHERE id BETWEEN 2697483 AND 2697492
	Index Scan using sbtest8_pkey on sbtest8  (cost=0.43..39.99 rows=9 width=121)
	  Index Cond: ((id >= 2697483) AND (id <= 2697492))

for: simple_ranges
table 1 : explain SELECT c FROM sbtest1 WHERE id BETWEEN 7146747 AND 7146756
	Index Scan using sbtest1_pkey on sbtest1  (cost=0.43..48.02 rows=11 width=121)
	  Index Cond: ((id >= 7146747) AND (id <= 7146756))

table 2 : explain SELECT c FROM sbtest2 WHERE id BETWEEN 8799949 AND 8799958
	Index Scan using sbtest2_pkey on sbtest2  (cost=0.43..40.18 rows=9 width=121)
	  Index Cond: ((id >= 8799949) AND (id <= 8799958))

table 3 : explain SELECT c FROM sbtest3 WHERE id BETWEEN 883684 AND 883693
	Index Scan using sbtest3_pkey on sbtest3  (cost=0.43..48.04 rows=11 width=121)
	  Index Cond: ((id >= 883684) AND (id <= 883693))

table 4 : explain SELECT c FROM sbtest4 WHERE id BETWEEN 7783909 AND 7783918
	Index Scan using sbtest4_pkey on sbtest4  (cost=0.43..43.97 rows=10 width=121)
	  Index Cond: ((id >= 7783909) AND (id <= 7783918))

table 5 : explain SELECT c FROM sbtest5 WHERE id BETWEEN 2181464 AND 2181473
	Index Scan using sbtest5_pkey on sbtest5  (cost=0.43..40.11 rows=9 width=121)
	  Index Cond: ((id >= 2181464) AND (id <= 2181473))

table 6 : explain SELECT c FROM sbtest6 WHERE id BETWEEN 3112474 AND 3112483
	Index Scan using sbtest6_pkey on sbtest6  (cost=0.43..47.95 rows=11 width=121)
	  Index Cond: ((id >= 3112474) AND (id <= 3112483))

table 7 : explain SELECT c FROM sbtest7 WHERE id BETWEEN 6815781 AND 6815790
	Index Scan using sbtest7_pkey on sbtest7  (cost=0.43..43.97 rows=10 width=121)
	  Index Cond: ((id >= 6815781) AND (id <= 6815790))

table 8 : explain SELECT c FROM sbtest8 WHERE id BETWEEN 9387749 AND 9387758
	Index Scan using sbtest8_pkey on sbtest8  (cost=0.43..39.99 rows=9 width=121)
	  Index Cond: ((id >= 9387749) AND (id <= 9387758))

for: simple_ranges
table 1 : explain SELECT c FROM sbtest1 WHERE id BETWEEN 7887466 AND 7887475
	Index Scan using sbtest1_pkey on sbtest1  (cost=0.43..44.07 rows=10 width=121)
	  Index Cond: ((id >= 7887466) AND (id <= 7887475))

table 2 : explain SELECT c FROM sbtest2 WHERE id BETWEEN 1149365 AND 1149374
	Index Scan using sbtest2_pkey on sbtest2  (cost=0.43..44.15 rows=10 width=121)
	  Index Cond: ((id >= 1149365) AND (id <= 1149374))

table 3 : explain SELECT c FROM sbtest3 WHERE id BETWEEN 4281272 AND 4281281
	Index Scan using sbtest3_pkey on sbtest3  (cost=0.43..40.13 rows=9 width=121)
	  Index Cond: ((id >= 4281272) AND (id <= 4281281))

table 4 : explain SELECT c FROM sbtest4 WHERE id BETWEEN 8231902 AND 8231911
	Index Scan using sbtest4_pkey on sbtest4  (cost=0.43..43.97 rows=10 width=121)
	  Index Cond: ((id >= 8231902) AND (id <= 8231911))

table 5 : explain SELECT c FROM sbtest5 WHERE id BETWEEN 8257055 AND 8257064
	Index Scan using sbtest5_pkey on sbtest5  (cost=0.43..44.07 rows=10 width=121)
	  Index Cond: ((id >= 8257055) AND (id <= 8257064))

table 6 : explain SELECT c FROM sbtest6 WHERE id BETWEEN 8653592 AND 8653601
	Index Scan using sbtest6_pkey on sbtest6  (cost=0.43..40.05 rows=9 width=121)
	  Index Cond: ((id >= 8653592) AND (id <= 8653601))

table 7 : explain SELECT c FROM sbtest7 WHERE id BETWEEN 3978168 AND 3978177
	Index Scan using sbtest7_pkey on sbtest7  (cost=0.43..47.91 rows=11 width=121)
	  Index Cond: ((id >= 3978168) AND (id <= 3978177))

table 8 : explain SELECT c FROM sbtest8 WHERE id BETWEEN 9558389 AND 9558398
	Index Scan using sbtest8_pkey on sbtest8  (cost=0.43..43.93 rows=10 width=121)
	  Index Cond: ((id >= 9558389) AND (id <= 9558398))

for: simple_ranges
table 1 : explain SELECT c FROM sbtest1 WHERE id BETWEEN 3102228 AND 3102237
	Index Scan using sbtest1_pkey on sbtest1  (cost=0.43..40.11 rows=9 width=121)
	  Index Cond: ((id >= 3102228) AND (id <= 3102237))

table 2 : explain SELECT c FROM sbtest2 WHERE id BETWEEN 7230168 AND 7230177
	Index Scan using sbtest2_pkey on sbtest2  (cost=0.43..44.15 rows=10 width=121)
	  Index Cond: ((id >= 7230168) AND (id <= 7230177))

table 3 : explain SELECT c FROM sbtest3 WHERE id BETWEEN 456044 AND 456053
	Index Scan using sbtest3_pkey on sbtest3  (cost=0.43..40.13 rows=9 width=121)
	  Index Cond: ((id >= 456044) AND (id <= 456053))

table 4 : explain SELECT c FROM sbtest4 WHERE id BETWEEN 3296539 AND 3296548
	Index Scan using sbtest4_pkey on sbtest4  (cost=0.43..43.97 rows=10 width=121)
	  Index Cond: ((id >= 3296539) AND (id <= 3296548))

table 5 : explain SELECT c FROM sbtest5 WHERE id BETWEEN 8454739 AND 8454748
	Index Scan using sbtest5_pkey on sbtest5  (cost=0.43..40.11 rows=9 width=121)
	  Index Cond: ((id >= 8454739) AND (id <= 8454748))

table 6 : explain SELECT c FROM sbtest6 WHERE id BETWEEN 3958455 AND 3958464
	Index Scan using sbtest6_pkey on sbtest6  (cost=0.43..44.00 rows=10 width=121)
	  Index Cond: ((id >= 3958455) AND (id <= 3958464))

table 7 : explain SELECT c FROM sbtest7 WHERE id BETWEEN 2873291 AND 2873300
	Index Scan using sbtest7_pkey on sbtest7  (cost=0.43..43.97 rows=10 width=121)
	  Index Cond: ((id >= 2873291) AND (id <= 2873300))

table 8 : explain SELECT c FROM sbtest8 WHERE id BETWEEN 3694229 AND 3694238
	Index Scan using sbtest8_pkey on sbtest8  (cost=0.43..47.87 rows=11 width=121)
	  Index Cond: ((id >= 3694229) AND (id <= 3694238))

for point_selects
table 1 : explain SELECT c FROM sbtest1 WHERE id=7375332
	Index Scan using sbtest1_pkey on sbtest1  (cost=0.43..8.45 rows=1 width=121)
	  Index Cond: (id = 7375332)

table 2 : explain SELECT c FROM sbtest2 WHERE id=6867050
	Index Scan using sbtest2_pkey on sbtest2  (cost=0.43..8.45 rows=1 width=121)
	  Index Cond: (id = 6867050)

table 3 : explain SELECT c FROM sbtest3 WHERE id=6561958
	Index Scan using sbtest3_pkey on sbtest3  (cost=0.43..8.45 rows=1 width=121)
	  Index Cond: (id = 6561958)

table 4 : explain SELECT c FROM sbtest4 WHERE id=8663760
	Index Scan using sbtest4_pkey on sbtest4  (cost=0.43..8.45 rows=1 width=121)
	  Index Cond: (id = 8663760)

table 5 : explain SELECT c FROM sbtest5 WHERE id=3973288
	Index Scan using sbtest5_pkey on sbtest5  (cost=0.43..8.45 rows=1 width=121)
	  Index Cond: (id = 3973288)

table 6 : explain SELECT c FROM sbtest6 WHERE id=6415872
	Index Scan using sbtest6_pkey on sbtest6  (cost=0.43..8.45 rows=1 width=121)
	  Index Cond: (id = 6415872)

table 7 : explain SELECT c FROM sbtest7 WHERE id=6602784
	Index Scan using sbtest7_pkey on sbtest7  (cost=0.43..8.45 rows=1 width=121)
	  Index Cond: (id = 6602784)

table 8 : explain SELECT c FROM sbtest8 WHERE id=7327489
	Index Scan using sbtest8_pkey on sbtest8  (cost=0.43..8.45 rows=1 width=121)
	  Index Cond: (id = 7327489)

for: simple_ranges
table 1 : explain SELECT c FROM sbtest1 WHERE id BETWEEN 6312281 AND 6312290
	Index Scan using sbtest1_pkey on sbtest1  (cost=0.43..44.07 rows=10 width=121)
	  Index Cond: ((id >= 6312281) AND (id <= 6312290))

table 2 : explain SELECT c FROM sbtest2 WHERE id BETWEEN 754893 AND 754902
	Index Scan using sbtest2_pkey on sbtest2  (cost=0.43..44.15 rows=10 width=121)
	  Index Cond: ((id >= 754893) AND (id <= 754902))

table 3 : explain SELECT c FROM sbtest3 WHERE id BETWEEN 4173568 AND 4173577
	Index Scan using sbtest3_pkey on sbtest3  (cost=0.43..44.08 rows=10 width=121)
	  Index Cond: ((id >= 4173568) AND (id <= 4173577))

table 4 : explain SELECT c FROM sbtest4 WHERE id BETWEEN 3218425 AND 3218434
	Index Scan using sbtest4_pkey on sbtest4  (cost=0.43..43.97 rows=10 width=121)
	  Index Cond: ((id >= 3218425) AND (id <= 3218434))

table 5 : explain SELECT c FROM sbtest5 WHERE id BETWEEN 9662301 AND 9662310
	Index Scan using sbtest5_pkey on sbtest5  (cost=0.43..40.11 rows=9 width=121)
	  Index Cond: ((id >= 9662301) AND (id <= 9662310))

table 6 : explain SELECT c FROM sbtest6 WHERE id BETWEEN 9176032 AND 9176041
	Index Scan using sbtest6_pkey on sbtest6  (cost=0.43..44.00 rows=10 width=121)
	  Index Cond: ((id >= 9176032) AND (id <= 9176041))

table 7 : explain SELECT c FROM sbtest7 WHERE id BETWEEN 2630314 AND 2630323
	Index Scan using sbtest7_pkey on sbtest7  (cost=0.43..43.97 rows=10 width=121)
	  Index Cond: ((id >= 2630314) AND (id <= 2630323))

table 8 : explain SELECT c FROM sbtest8 WHERE id BETWEEN 346495 AND 346504
	Index Scan using sbtest8_pkey on sbtest8  (cost=0.43..39.99 rows=9 width=121)
	  Index Cond: ((id >= 346495) AND (id <= 346504))

for: simple_ranges
table 1 : explain SELECT c FROM sbtest1 WHERE id BETWEEN 9617641 AND 9617650
	Index Scan using sbtest1_pkey on sbtest1  (cost=0.43..44.07 rows=10 width=121)
	  Index Cond: ((id >= 9617641) AND (id <= 9617650))

table 2 : explain SELECT c FROM sbtest2 WHERE id BETWEEN 3864096 AND 3864105
	Index Scan using sbtest2_pkey on sbtest2  (cost=0.43..44.15 rows=10 width=121)
	  Index Cond: ((id >= 3864096) AND (id <= 3864105))

table 3 : explain SELECT c FROM sbtest3 WHERE id BETWEEN 9840382 AND 9840391
	Index Scan using sbtest3_pkey on sbtest3  (cost=0.43..44.08 rows=10 width=121)
	  Index Cond: ((id >= 9840382) AND (id <= 9840391))

table 4 : explain SELECT c FROM sbtest4 WHERE id BETWEEN 301993 AND 302002
	Index Scan using sbtest4_pkey on sbtest4  (cost=0.43..43.97 rows=10 width=121)
	  Index Cond: ((id >= 301993) AND (id <= 302002))

table 5 : explain SELECT c FROM sbtest5 WHERE id BETWEEN 9755587 AND 9755596
	Index Scan using sbtest5_pkey on sbtest5  (cost=0.43..44.07 rows=10 width=121)
	  Index Cond: ((id >= 9755587) AND (id <= 9755596))

table 6 : explain SELECT c FROM sbtest6 WHERE id BETWEEN 5479698 AND 5479707
	Index Scan using sbtest6_pkey on sbtest6  (cost=0.43..40.05 rows=9 width=121)
	  Index Cond: ((id >= 5479698) AND (id <= 5479707))

table 7 : explain SELECT c FROM sbtest7 WHERE id BETWEEN 4417328 AND 4417337
	Index Scan using sbtest7_pkey on sbtest7  (cost=0.43..40.02 rows=9 width=121)
	  Index Cond: ((id >= 4417328) AND (id <= 4417337))

table 8 : explain SELECT c FROM sbtest8 WHERE id BETWEEN 4690355 AND 4690364
	Index Scan using sbtest8_pkey on sbtest8  (cost=0.43..39.99 rows=9 width=121)
	  Index Cond: ((id >= 4690355) AND (id <= 4690364))
explain: for point_selects :: explain SELECT c FROM sbtest%u WHERE id=%u
for point_selects
table 1 : explain SELECT c FROM sbtest1 WHERE id=9441980
	Index Scan using sbtest1_pkey on sbtest1  (cost=0.43..8.45 rows=1 width=121)
	  Index Cond: (id = 9441980)

table 2 : explain SELECT c FROM sbtest2 WHERE id=7391093
	Index Scan using sbtest2_pkey on sbtest2  (cost=0.43..8.45 rows=1 width=121)
	  Index Cond: (id = 7391093)

table 3 : explain SELECT c FROM sbtest3 WHERE id=8090438
	Index Scan using sbtest3_pkey on sbtest3  (cost=0.43..8.45 rows=1 width=121)
	  Index Cond: (id = 8090438)

table 4 : explain SELECT c FROM sbtest4 WHERE id=410999
	Index Scan using sbtest4_pkey on sbtest4  (cost=0.43..8.45 rows=1 width=121)
	  Index Cond: (id = 410999)

table 5 : explain SELECT c FROM sbtest5 WHERE id=9798588
	Index Scan using sbtest5_pkey on sbtest5  (cost=0.43..8.45 rows=1 width=121)
	  Index Cond: (id = 9798588)

table 6 : explain SELECT c FROM sbtest6 WHERE id=6187199
	Index Scan using sbtest6_pkey on sbtest6  (cost=0.43..8.45 rows=1 width=121)
	  Index Cond: (id = 6187199)

table 7 : explain SELECT c FROM sbtest7 WHERE id=9547445
	Index Scan using sbtest7_pkey on sbtest7  (cost=0.43..8.45 rows=1 width=121)
	  Index Cond: (id = 9547445)

table 8 : explain SELECT c FROM sbtest8 WHERE id=895659
	Index Scan using sbtest8_pkey on sbtest8  (cost=0.43..8.45 rows=1 width=121)
	  Index Cond: (id = 895659)

for: simple_ranges
table 1 : explain SELECT c FROM sbtest1 WHERE id BETWEEN 7741160 AND 7741169
	Index Scan using sbtest1_pkey on sbtest1  (cost=0.43..44.07 rows=10 width=121)
	  Index Cond: ((id >= 7741160) AND (id <= 7741169))

table 2 : explain SELECT c FROM sbtest2 WHERE id BETWEEN 1090607 AND 1090616
	Index Scan using sbtest2_pkey on sbtest2  (cost=0.43..44.15 rows=10 width=121)
	  Index Cond: ((id >= 1090607) AND (id <= 1090616))

table 3 : explain SELECT c FROM sbtest3 WHERE id BETWEEN 4558184 AND 4558193
	Index Scan using sbtest3_pkey on sbtest3  (cost=0.43..44.08 rows=10 width=121)
	  Index Cond: ((id >= 4558184) AND (id <= 4558193))

table 4 : explain SELECT c FROM sbtest4 WHERE id BETWEEN 4939520 AND 4939529
	Index Scan using sbtest4_pkey on sbtest4  (cost=0.43..43.97 rows=10 width=121)
	  Index Cond: ((id >= 4939520) AND (id <= 4939529))

table 5 : explain SELECT c FROM sbtest5 WHERE id BETWEEN 7667932 AND 7667941
	Index Scan using sbtest5_pkey on sbtest5  (cost=0.43..40.11 rows=9 width=121)
	  Index Cond: ((id >= 7667932) AND (id <= 7667941))

table 6 : explain SELECT c FROM sbtest6 WHERE id BETWEEN 8005837 AND 8005846
	Index Scan using sbtest6_pkey on sbtest6  (cost=0.43..44.00 rows=10 width=121)
	  Index Cond: ((id >= 8005837) AND (id <= 8005846))

table 7 : explain SELECT c FROM sbtest7 WHERE id BETWEEN 4317363 AND 4317372
	Index Scan using sbtest7_pkey on sbtest7  (cost=0.43..43.97 rows=10 width=121)
	  Index Cond: ((id >= 4317363) AND (id <= 4317372))

table 8 : explain SELECT c FROM sbtest8 WHERE id BETWEEN 7747655 AND 7747664
	Index Scan using sbtest8_pkey on sbtest8  (cost=0.43..43.93 rows=10 width=121)
	  Index Cond: ((id >= 7747655) AND (id <= 7747664))

for: simple_ranges
table 1 : explain SELECT c FROM sbtest1 WHERE id BETWEEN 1730121 AND 1730130
	Index Scan using sbtest1_pkey on sbtest1  (cost=0.43..48.02 rows=11 width=121)
	  Index Cond: ((id >= 1730121) AND (id <= 1730130))

table 2 : explain SELECT c FROM sbtest2 WHERE id BETWEEN 1574523 AND 1574532
	Index Scan using sbtest2_pkey on sbtest2  (cost=0.43..44.15 rows=10 width=121)
	  Index Cond: ((id >= 1574523) AND (id <= 1574532))

table 3 : explain SELECT c FROM sbtest3 WHERE id BETWEEN 3467885 AND 3467894
	Index Scan using sbtest3_pkey on sbtest3  (cost=0.43..48.04 rows=11 width=121)
	  Index Cond: ((id >= 3467885) AND (id <= 3467894))

table 4 : explain SELECT c FROM sbtest4 WHERE id BETWEEN 7035143 AND 7035152
	Index Scan using sbtest4_pkey on sbtest4  (cost=0.43..43.97 rows=10 width=121)
	  Index Cond: ((id >= 7035143) AND (id <= 7035152))

table 5 : explain SELECT c FROM sbtest5 WHERE id BETWEEN 2482577 AND 2482586
	Index Scan using sbtest5_pkey on sbtest5  (cost=0.43..44.07 rows=10 width=121)
	  Index Cond: ((id >= 2482577) AND (id <= 2482586))

table 6 : explain SELECT c FROM sbtest6 WHERE id BETWEEN 9671232 AND 9671241
	Index Scan using sbtest6_pkey on sbtest6  (cost=0.43..40.05 rows=9 width=121)
	  Index Cond: ((id >= 9671232) AND (id <= 9671241))

table 7 : explain SELECT c FROM sbtest7 WHERE id BETWEEN 7738852 AND 7738861
	Index Scan using sbtest7_pkey on sbtest7  (cost=0.43..47.91 rows=11 width=121)
	  Index Cond: ((id >= 7738852) AND (id <= 7738861))

table 8 : explain SELECT c FROM sbtest8 WHERE id BETWEEN 9824725 AND 9824734
	Index Scan using sbtest8_pkey on sbtest8  (cost=0.43..47.87 rows=11 width=121)
	  Index Cond: ((id >= 9824725) AND (id <= 9824734))


for: simple_ranges
table 1 : explain SELECT c FROM sbtest1 WHERE id BETWEEN 7040484 AND 7040493
	Index Scan using sbtest1_pkey on sbtest1  (cost=0.43..40.11 rows=9 width=121)
	  Index Cond: ((id >= 7040484) AND (id <= 7040493))

table 2 : explain SELECT c FROM sbtest2 WHERE id BETWEEN 1338480 AND 1338489
	Index Scan using sbtest2_pkey on sbtest2  (cost=0.43..48.11 rows=11 width=121)
	  Index Cond: ((id >= 1338480) AND (id <= 1338489))

table 3 : explain SELECT c FROM sbtest3 WHERE id BETWEEN 5557603 AND 5557612
	Index Scan using sbtest3_pkey on sbtest3  (cost=0.43..44.08 rows=10 width=121)
	  Index Cond: ((id >= 5557603) AND (id <= 5557612))

table 4 : explain SELECT c FROM sbtest4 WHERE id BETWEEN 8437250 AND 8437259
	Index Scan using sbtest4_pkey on sbtest4  (cost=0.43..43.97 rows=10 width=121)
	  Index Cond: ((id >= 8437250) AND (id <= 8437259))

table 5 : explain SELECT c FROM sbtest5 WHERE id BETWEEN 7954341 AND 7954350
	Index Scan using sbtest5_pkey on sbtest5  (cost=0.43..44.07 rows=10 width=121)
	  Index Cond: ((id >= 7954341) AND (id <= 7954350))

table 6 : explain SELECT c FROM sbtest6 WHERE id BETWEEN 1008211 AND 1008220
	Index Scan using sbtest6_pkey on sbtest6  (cost=0.43..47.95 rows=11 width=121)
	  Index Cond: ((id >= 1008211) AND (id <= 1008220))

table 7 : explain SELECT c FROM sbtest7 WHERE id BETWEEN 7900530 AND 7900539
	Index Scan using sbtest7_pkey on sbtest7  (cost=0.43..43.97 rows=10 width=121)
	  Index Cond: ((id >= 7900530) AND (id <= 7900539))

table 8 : explain SELECT c FROM sbtest8 WHERE id BETWEEN 5480569 AND 5480578
	Index Scan using sbtest8_pkey on sbtest8  (cost=0.43..43.93 rows=10 width=121)
	  Index Cond: ((id >= 5480569) AND (id <= 5480578))

for: simple_ranges
table 1 : explain SELECT c FROM sbtest1 WHERE id BETWEEN 9097723 AND 9097732
	Index Scan using sbtest1_pkey on sbtest1  (cost=0.43..44.07 rows=10 width=121)
	  Index Cond: ((id >= 9097723) AND (id <= 9097732))

table 2 : explain SELECT c FROM sbtest2 WHERE id BETWEEN 1956377 AND 1956386
	Index Scan using sbtest2_pkey on sbtest2  (cost=0.43..44.15 rows=10 width=121)
	  Index Cond: ((id >= 1956377) AND (id <= 1956386))

table 3 : explain SELECT c FROM sbtest3 WHERE id BETWEEN 1925323 AND 1925332
	Index Scan using sbtest3_pkey on sbtest3  (cost=0.43..44.08 rows=10 width=121)
	  Index Cond: ((id >= 1925323) AND (id <= 1925332))

table 4 : explain SELECT c FROM sbtest4 WHERE id BETWEEN 6980345 AND 6980354
	Index Scan using sbtest4_pkey on sbtest4  (cost=0.43..43.97 rows=10 width=121)
	  Index Cond: ((id >= 6980345) AND (id <= 6980354))

table 5 : explain SELECT c FROM sbtest5 WHERE id BETWEEN 4244929 AND 4244938
	Index Scan using sbtest5_pkey on sbtest5  (cost=0.43..44.07 rows=10 width=121)
	  Index Cond: ((id >= 4244929) AND (id <= 4244938))

table 6 : explain SELECT c FROM sbtest6 WHERE id BETWEEN 6066930 AND 6066939
	Index Scan using sbtest6_pkey on sbtest6  (cost=0.43..44.00 rows=10 width=121)
	  Index Cond: ((id >= 6066930) AND (id <= 6066939))

table 7 : explain SELECT c FROM sbtest7 WHERE id BETWEEN 9968013 AND 9968022
	Index Scan using sbtest7_pkey on sbtest7  (cost=0.43..43.97 rows=10 width=121)
	  Index Cond: ((id >= 9968013) AND (id <= 9968022))

table 8 : explain SELECT c FROM sbtest8 WHERE id BETWEEN 7793079 AND 7793088
	Index Scan using sbtest8_pkey on sbtest8  (cost=0.43..43.93 rows=10 width=121)
	  Index Cond: ((id >= 7793079) AND (id <= 7793088))

for: simple_ranges
table 1 : explain SELECT c FROM sbtest1 WHERE id BETWEEN 5944207 AND 5944216
	Index Scan using sbtest1_pkey on sbtest1  (cost=0.43..40.11 rows=9 width=121)
	  Index Cond: ((id >= 5944207) AND (id <= 5944216))

table 2 : explain SELECT c FROM sbtest2 WHERE id BETWEEN 4074544 AND 4074553
	Index Scan using sbtest2_pkey on sbtest2  (cost=0.43..48.11 rows=11 width=121)
	  Index Cond: ((id >= 4074544) AND (id <= 4074553))

table 3 : explain SELECT c FROM sbtest3 WHERE id BETWEEN 627677 AND 627686
	Index Scan using sbtest3_pkey on sbtest3  (cost=0.43..44.08 rows=10 width=121)
	  Index Cond: ((id >= 627677) AND (id <= 627686))

table 4 : explain SELECT c FROM sbtest4 WHERE id BETWEEN 7829172 AND 7829181
	Index Scan using sbtest4_pkey on sbtest4  (cost=0.43..43.97 rows=10 width=121)
	  Index Cond: ((id >= 7829172) AND (id <= 7829181))

table 5 : explain SELECT c FROM sbtest5 WHERE id BETWEEN 2708524 AND 2708533
	Index Scan using sbtest5_pkey on sbtest5  (cost=0.43..44.07 rows=10 width=121)
	  Index Cond: ((id >= 2708524) AND (id <= 2708533))

table 6 : explain SELECT c FROM sbtest6 WHERE id BETWEEN 8958752 AND 8958761
	Index Scan using sbtest6_pkey on sbtest6  (cost=0.43..40.05 rows=9 width=121)
	  Index Cond: ((id >= 8958752) AND (id <= 8958761))

table 7 : explain SELECT c FROM sbtest7 WHERE id BETWEEN 5705758 AND 5705767
	Index Scan using sbtest7_pkey on sbtest7  (cost=0.43..43.97 rows=10 width=121)
	  Index Cond: ((id >= 5705758) AND (id <= 5705767))

table 8 : explain SELECT c FROM sbtest8 WHERE id BETWEEN 3772216 AND 3772225
	Index Scan using sbtest8_pkey on sbtest8  (cost=0.43..47.87 rows=11 width=121)
	  Index Cond: ((id >= 3772216) AND (id <= 3772225))

for: simple_ranges
table 1 : explain SELECT c FROM sbtest1 WHERE id BETWEEN 5886478 AND 5886487
	Index Scan using sbtest1_pkey on sbtest1  (cost=0.43..48.02 rows=11 width=121)
	  Index Cond: ((id >= 5886478) AND (id <= 5886487))

table 2 : explain SELECT c FROM sbtest2 WHERE id BETWEEN 2892562 AND 2892571
	Index Scan using sbtest2_pkey on sbtest2  (cost=0.43..44.15 rows=10 width=121)
	  Index Cond: ((id >= 2892562) AND (id <= 2892571))

table 3 : explain SELECT c FROM sbtest3 WHERE id BETWEEN 1895353 AND 1895362
	Index Scan using sbtest3_pkey on sbtest3  (cost=0.43..44.08 rows=10 width=121)
	  Index Cond: ((id >= 1895353) AND (id <= 1895362))

table 4 : explain SELECT c FROM sbtest4 WHERE id BETWEEN 5602665 AND 5602674
	Index Scan using sbtest4_pkey on sbtest4  (cost=0.43..47.92 rows=11 width=121)
	  Index Cond: ((id >= 5602665) AND (id <= 5602674))

table 5 : explain SELECT c FROM sbtest5 WHERE id BETWEEN 8355131 AND 8355140
	Index Scan using sbtest5_pkey on sbtest5  (cost=0.43..40.11 rows=9 width=121)
	  Index Cond: ((id >= 8355131) AND (id <= 8355140))

table 6 : explain SELECT c FROM sbtest6 WHERE id BETWEEN 4910681 AND 4910690
	Index Scan using sbtest6_pkey on sbtest6  (cost=0.43..44.00 rows=10 width=121)
	  Index Cond: ((id >= 4910681) AND (id <= 4910690))

table 7 : explain SELECT c FROM sbtest7 WHERE id BETWEEN 2305273 AND 2305282
	Index Scan using sbtest7_pkey on sbtest7  (cost=0.43..43.97 rows=10 width=121)
	  Index Cond: ((id >= 2305273) AND (id <= 2305282))

table 8 : explain SELECT c FROM sbtest8 WHERE id BETWEEN 6706492 AND 6706501
	Index Scan using sbtest8_pkey on sbtest8  (cost=0.43..43.93 rows=10 width=121)
	  Index Cond: ((id >= 6706492) AND (id <= 6706501))

for point_selects
table 1 : explain SELECT c FROM sbtest1 WHERE id=4281129
	Index Scan using sbtest1_pkey on sbtest1  (cost=0.43..8.45 rows=1 width=121)
	  Index Cond: (id = 4281129)

table 2 : explain SELECT c FROM sbtest2 WHERE id=7346407
	Index Scan using sbtest2_pkey on sbtest2  (cost=0.43..8.45 rows=1 width=121)
	  Index Cond: (id = 7346407)

table 3 : explain SELECT c FROM sbtest3 WHERE id=7250302
	Index Scan using sbtest3_pkey on sbtest3  (cost=0.43..8.45 rows=1 width=121)
	  Index Cond: (id = 7250302)

table 4 : explain SELECT c FROM sbtest4 WHERE id=8860517
	Index Scan using sbtest4_pkey on sbtest4  (cost=0.43..8.45 rows=1 width=121)
	  Index Cond: (id = 8860517)

table 5 : explain SELECT c FROM sbtest5 WHERE id=8755275
	Index Scan using sbtest5_pkey on sbtest5  (cost=0.43..8.45 rows=1 width=121)
	  Index Cond: (id = 8755275)

table 6 : explain SELECT c FROM sbtest6 WHERE id=8235003
	Index Scan using sbtest6_pkey on sbtest6  (cost=0.43..8.45 rows=1 width=121)
	  Index Cond: (id = 8235003)

table 7 : explain SELECT c FROM sbtest7 WHERE id=6661490
	Index Scan using sbtest7_pkey on sbtest7  (cost=0.43..8.45 rows=1 width=121)
	  Index Cond: (id = 6661490)

table 8 : explain SELECT c FROM sbtest8 WHERE id=3470591
	Index Scan using sbtest8_pkey on sbtest8  (cost=0.43..8.45 rows=1 width=121)
	  Index Cond: (id = 3470591)


for: simple_ranges
table 1 : explain SELECT c FROM sbtest1 WHERE id BETWEEN 5439639 AND 5439648
	Index Scan using sbtest1_pkey on sbtest1  (cost=0.43..48.02 rows=11 width=121)
	  Index Cond: ((id >= 5439639) AND (id <= 5439648))

table 2 : explain SELECT c FROM sbtest2 WHERE id BETWEEN 5452153 AND 5452162
	Index Scan using sbtest2_pkey on sbtest2  (cost=0.43..40.18 rows=9 width=121)
	  Index Cond: ((id >= 5452153) AND (id <= 5452162))

table 3 : explain SELECT c FROM sbtest3 WHERE id BETWEEN 3037010 AND 3037019
	Index Scan using sbtest3_pkey on sbtest3  (cost=0.43..44.08 rows=10 width=121)
	  Index Cond: ((id >= 3037010) AND (id <= 3037019))

table 4 : explain SELECT c FROM sbtest4 WHERE id BETWEEN 872383 AND 872392
	Index Scan using sbtest4_pkey on sbtest4  (cost=0.43..43.97 rows=10 width=121)
	  Index Cond: ((id >= 872383) AND (id <= 872392))

table 5 : explain SELECT c FROM sbtest5 WHERE id BETWEEN 5635117 AND 5635126
	Index Scan using sbtest5_pkey on sbtest5  (cost=0.43..48.02 rows=11 width=121)
	  Index Cond: ((id >= 5635117) AND (id <= 5635126))

table 6 : explain SELECT c FROM sbtest6 WHERE id BETWEEN 9334862 AND 9334871
	Index Scan using sbtest6_pkey on sbtest6  (cost=0.43..44.00 rows=10 width=121)
	  Index Cond: ((id >= 9334862) AND (id <= 9334871))

table 7 : explain SELECT c FROM sbtest7 WHERE id BETWEEN 750182 AND 750191
	Index Scan using sbtest7_pkey on sbtest7  (cost=0.43..43.97 rows=10 width=121)
	  Index Cond: ((id >= 750182) AND (id <= 750191))

table 8 : explain SELECT c FROM sbtest8 WHERE id BETWEEN 181246 AND 181255
	Index Scan using sbtest8_pkey on sbtest8  (cost=0.43..47.87 rows=11 width=121)
	  Index Cond: ((id >= 181246) AND (id <= 181255))

for: simple_ranges
table 1 : explain SELECT c FROM sbtest1 WHERE id BETWEEN 9300005 AND 9300014
	Index Scan using sbtest1_pkey on sbtest1  (cost=0.43..48.02 rows=11 width=121)
	  Index Cond: ((id >= 9300005) AND (id <= 9300014))

table 2 : explain SELECT c FROM sbtest2 WHERE id BETWEEN 6461358 AND 6461367
	Index Scan using sbtest2_pkey on sbtest2  (cost=0.43..48.11 rows=11 width=121)
	  Index Cond: ((id >= 6461358) AND (id <= 6461367))

table 3 : explain SELECT c FROM sbtest3 WHERE id BETWEEN 1512051 AND 1512060
	Index Scan using sbtest3_pkey on sbtest3  (cost=0.43..40.13 rows=9 width=121)
	  Index Cond: ((id >= 1512051) AND (id <= 1512060))

table 4 : explain SELECT c FROM sbtest4 WHERE id BETWEEN 3899209 AND 3899218
	Index Scan using sbtest4_pkey on sbtest4  (cost=0.43..43.97 rows=10 width=121)
	  Index Cond: ((id >= 3899209) AND (id <= 3899218))

table 5 : explain SELECT c FROM sbtest5 WHERE id BETWEEN 5754186 AND 5754195
	Index Scan using sbtest5_pkey on sbtest5  (cost=0.43..48.02 rows=11 width=121)
	  Index Cond: ((id >= 5754186) AND (id <= 5754195))

table 6 : explain SELECT c FROM sbtest6 WHERE id BETWEEN 2354322 AND 2354331
	Index Scan using sbtest6_pkey on sbtest6  (cost=0.43..44.00 rows=10 width=121)
	  Index Cond: ((id >= 2354322) AND (id <= 2354331))

table 7 : explain SELECT c FROM sbtest7 WHERE id BETWEEN 8373209 AND 8373218
	Index Scan using sbtest7_pkey on sbtest7  (cost=0.43..43.97 rows=10 width=121)
	  Index Cond: ((id >= 8373209) AND (id <= 8373218))

table 8 : explain SELECT c FROM sbtest8 WHERE id BETWEEN 5566511 AND 5566520
	Index Scan using sbtest8_pkey on sbtest8  (cost=0.43..39.99 rows=9 width=121)
	  Index Cond: ((id >= 5566511) AND (id <= 5566520))

for: simple_ranges
table 1 : explain SELECT c FROM sbtest1 WHERE id BETWEEN 6513925 AND 6513934
	Index Scan using sbtest1_pkey on sbtest1  (cost=0.43..44.07 rows=10 width=121)
	  Index Cond: ((id >= 6513925) AND (id <= 6513934))

table 2 : explain SELECT c FROM sbtest2 WHERE id BETWEEN 3889634 AND 3889643
	Index Scan using sbtest2_pkey on sbtest2  (cost=0.43..44.15 rows=10 width=121)
	  Index Cond: ((id >= 3889634) AND (id <= 3889643))

table 3 : explain SELECT c FROM sbtest3 WHERE id BETWEEN 2644302 AND 2644311
	Index Scan using sbtest3_pkey on sbtest3  (cost=0.43..44.08 rows=10 width=121)
	  Index Cond: ((id >= 2644302) AND (id <= 2644311))

table 4 : explain SELECT c FROM sbtest4 WHERE id BETWEEN 6240256 AND 6240265
	Index Scan using sbtest4_pkey on sbtest4  (cost=0.43..43.97 rows=10 width=121)
	  Index Cond: ((id >= 6240256) AND (id <= 6240265))

table 5 : explain SELECT c FROM sbtest5 WHERE id BETWEEN 1373723 AND 1373732
	Index Scan using sbtest5_pkey on sbtest5  (cost=0.43..44.07 rows=10 width=121)
	  Index Cond: ((id >= 1373723) AND (id <= 1373732))

table 6 : explain SELECT c FROM sbtest6 WHERE id BETWEEN 5135145 AND 5135154
	Index Scan using sbtest6_pkey on sbtest6  (cost=0.43..44.00 rows=10 width=121)
	  Index Cond: ((id >= 5135145) AND (id <= 5135154))

table 7 : explain SELECT c FROM sbtest7 WHERE id BETWEEN 8116552 AND 8116561
	Index Scan using sbtest7_pkey on sbtest7  (cost=0.43..43.97 rows=10 width=121)
	  Index Cond: ((id >= 8116552) AND (id <= 8116561))

table 8 : explain SELECT c FROM sbtest8 WHERE id BETWEEN 6666726 AND 6666735
	Index Scan using sbtest8_pkey on sbtest8  (cost=0.43..43.93 rows=10 width=121)
	  Index Cond: ((id >= 6666726) AND (id <= 6666735))

for: simple_ranges
table 1 : explain SELECT c FROM sbtest1 WHERE id BETWEEN 2154779 AND 2154788
	Index Scan using sbtest1_pkey on sbtest1  (cost=0.43..44.07 rows=10 width=121)
	  Index Cond: ((id >= 2154779) AND (id <= 2154788))

table 2 : explain SELECT c FROM sbtest2 WHERE id BETWEEN 7817245 AND 7817254
	Index Scan using sbtest2_pkey on sbtest2  (cost=0.43..44.15 rows=10 width=121)
	  Index Cond: ((id >= 7817245) AND (id <= 7817254))

table 3 : explain SELECT c FROM sbtest3 WHERE id BETWEEN 2299361 AND 2299370
	Index Scan using sbtest3_pkey on sbtest3  (cost=0.43..44.08 rows=10 width=121)
	  Index Cond: ((id >= 2299361) AND (id <= 2299370))

table 4 : explain SELECT c FROM sbtest4 WHERE id BETWEEN 3654684 AND 3654693
	Index Scan using sbtest4_pkey on sbtest4  (cost=0.43..43.97 rows=10 width=121)
	  Index Cond: ((id >= 3654684) AND (id <= 3654693))

table 5 : explain SELECT c FROM sbtest5 WHERE id BETWEEN 3766443 AND 3766452
	Index Scan using sbtest5_pkey on sbtest5  (cost=0.43..44.07 rows=10 width=121)
	  Index Cond: ((id >= 3766443) AND (id <= 3766452))

table 6 : explain SELECT c FROM sbtest6 WHERE id BETWEEN 4053773 AND 4053782
	Index Scan using sbtest6_pkey on sbtest6  (cost=0.43..40.05 rows=9 width=121)
	  Index Cond: ((id >= 4053773) AND (id <= 4053782))

table 7 : explain SELECT c FROM sbtest7 WHERE id BETWEEN 6818840 AND 6818849
	Index Scan using sbtest7_pkey on sbtest7  (cost=0.43..43.97 rows=10 width=121)
	  Index Cond: ((id >= 6818840) AND (id <= 6818849))

table 8 : explain SELECT c FROM sbtest8 WHERE id BETWEEN 4762148 AND 4762157
	Index Scan using sbtest8_pkey on sbtest8  (cost=0.43..43.93 rows=10 width=121)
	  Index Cond: ((id >= 4762148) AND (id <= 4762157))

for: simple_ranges
table 1 : explain SELECT c FROM sbtest1 WHERE id BETWEEN 348502 AND 348511
	Index Scan using sbtest1_pkey on sbtest1  (cost=0.43..44.07 rows=10 width=121)
	  Index Cond: ((id >= 348502) AND (id <= 348511))

table 2 : explain SELECT c FROM sbtest2 WHERE id BETWEEN 8643648 AND 8643657
	Index Scan using sbtest2_pkey on sbtest2  (cost=0.43..44.15 rows=10 width=121)
	  Index Cond: ((id >= 8643648) AND (id <= 8643657))

table 3 : explain SELECT c FROM sbtest3 WHERE id BETWEEN 8573722 AND 8573731
	Index Scan using sbtest3_pkey on sbtest3  (cost=0.43..40.13 rows=9 width=121)
	  Index Cond: ((id >= 8573722) AND (id <= 8573731))

table 4 : explain SELECT c FROM sbtest4 WHERE id BETWEEN 2198139 AND 2198148
	Index Scan using sbtest4_pkey on sbtest4  (cost=0.43..43.97 rows=10 width=121)
	  Index Cond: ((id >= 2198139) AND (id <= 2198148))

table 5 : explain SELECT c FROM sbtest5 WHERE id BETWEEN 6975564 AND 6975573
	Index Scan using sbtest5_pkey on sbtest5  (cost=0.43..40.11 rows=9 width=121)
	  Index Cond: ((id >= 6975564) AND (id <= 6975573))

table 6 : explain SELECT c FROM sbtest6 WHERE id BETWEEN 5273267 AND 5273276
	Index Scan using sbtest6_pkey on sbtest6  (cost=0.43..44.00 rows=10 width=121)
	  Index Cond: ((id >= 5273267) AND (id <= 5273276))

table 7 : explain SELECT c FROM sbtest7 WHERE id BETWEEN 2040671 AND 2040680
	Index Scan using sbtest7_pkey on sbtest7  (cost=0.43..43.97 rows=10 width=121)
	  Index Cond: ((id >= 2040671) AND (id <= 2040680))

table 8 : explain SELECT c FROM sbtest8 WHERE id BETWEEN 6595777 AND 6595786
	Index Scan using sbtest8_pkey on sbtest8  (cost=0.43..43.93 rows=10 width=121)
	  Index Cond: ((id >= 6595777) AND (id <= 6595786))

for: simple_ranges
table 1 : explain SELECT c FROM sbtest1 WHERE id BETWEEN 2634008 AND 2634017
	Index Scan using sbtest1_pkey on sbtest1  (cost=0.43..44.07 rows=10 width=121)
	  Index Cond: ((id >= 2634008) AND (id <= 2634017))

table 2 : explain SELECT c FROM sbtest2 WHERE id BETWEEN 8753864 AND 8753873
	Index Scan using sbtest2_pkey on sbtest2  (cost=0.43..40.18 rows=9 width=121)
	  Index Cond: ((id >= 8753864) AND (id <= 8753873))

table 3 : explain SELECT c FROM sbtest3 WHERE id BETWEEN 8360884 AND 8360893
	Index Scan using sbtest3_pkey on sbtest3  (cost=0.43..48.04 rows=11 width=121)
	  Index Cond: ((id >= 8360884) AND (id <= 8360893))

table 4 : explain SELECT c FROM sbtest4 WHERE id BETWEEN 7087773 AND 7087782
	Index Scan using sbtest4_pkey on sbtest4  (cost=0.43..43.97 rows=10 width=121)
	  Index Cond: ((id >= 7087773) AND (id <= 7087782))

table 5 : explain SELECT c FROM sbtest5 WHERE id BETWEEN 1849016 AND 1849025
	Index Scan using sbtest5_pkey on sbtest5  (cost=0.43..40.11 rows=9 width=121)
	  Index Cond: ((id >= 1849016) AND (id <= 1849025))

table 6 : explain SELECT c FROM sbtest6 WHERE id BETWEEN 6261350 AND 6261359
	Index Scan using sbtest6_pkey on sbtest6  (cost=0.43..44.00 rows=10 width=121)
	  Index Cond: ((id >= 6261350) AND (id <= 6261359))

table 7 : explain SELECT c FROM sbtest7 WHERE id BETWEEN 6891333 AND 6891342
	Index Scan using sbtest7_pkey on sbtest7  (cost=0.43..47.91 rows=11 width=121)
	  Index Cond: ((id >= 6891333) AND (id <= 6891342))

table 8 : explain SELECT c FROM sbtest8 WHERE id BETWEEN 5032065 AND 5032074
	Index Scan using sbtest8_pkey on sbtest8  (cost=0.43..43.93 rows=10 width=121)
	  Index Cond: ((id >= 5032065) AND (id <= 5032074))

for point_selects
table 1 : explain SELECT c FROM sbtest1 WHERE id=4061280
	Index Scan using sbtest1_pkey on sbtest1  (cost=0.43..8.45 rows=1 width=121)
	  Index Cond: (id = 4061280)

table 2 : explain SELECT c FROM sbtest2 WHERE id=2215519
	Index Scan using sbtest2_pkey on sbtest2  (cost=0.43..8.45 rows=1 width=121)
	  Index Cond: (id = 2215519)

table 3 : explain SELECT c FROM sbtest3 WHERE id=4645279
	Index Scan using sbtest3_pkey on sbtest3  (cost=0.43..8.45 rows=1 width=121)
	  Index Cond: (id = 4645279)

table 4 : explain SELECT c FROM sbtest4 WHERE id=167286
	Index Scan using sbtest4_pkey on sbtest4  (cost=0.43..8.45 rows=1 width=121)
	  Index Cond: (id = 167286)

table 5 : explain SELECT c FROM sbtest5 WHERE id=6505469
	Index Scan using sbtest5_pkey on sbtest5  (cost=0.43..8.45 rows=1 width=121)
	  Index Cond: (id = 6505469)

table 6 : explain SELECT c FROM sbtest6 WHERE id=9013157
	Index Scan using sbtest6_pkey on sbtest6  (cost=0.43..8.45 rows=1 width=121)
	  Index Cond: (id = 9013157)

table 7 : explain SELECT c FROM sbtest7 WHERE id=5311945
	Index Scan using sbtest7_pkey on sbtest7  (cost=0.43..8.45 rows=1 width=121)
	  Index Cond: (id = 5311945)

table 8 : explain SELECT c FROM sbtest8 WHERE id=1557867
	Index Scan using sbtest8_pkey on sbtest8  (cost=0.43..8.45 rows=1 width=121)
	  Index Cond: (id = 1557867)

for: simple_ranges
table 1 : explain SELECT c FROM sbtest1 WHERE id BETWEEN 4070347 AND 4070356
	Index Scan using sbtest1_pkey on sbtest1  (cost=0.43..44.07 rows=10 width=121)
	  Index Cond: ((id >= 4070347) AND (id <= 4070356))

table 2 : explain SELECT c FROM sbtest2 WHERE id BETWEEN 9911970 AND 9911979
	Index Scan using sbtest2_pkey on sbtest2  (cost=0.43..44.15 rows=10 width=121)
	  Index Cond: ((id >= 9911970) AND (id <= 9911979))

table 3 : explain SELECT c FROM sbtest3 WHERE id BETWEEN 6133438 AND 6133447
	Index Scan using sbtest3_pkey on sbtest3  (cost=0.43..44.08 rows=10 width=121)
	  Index Cond: ((id >= 6133438) AND (id <= 6133447))

table 4 : explain SELECT c FROM sbtest4 WHERE id BETWEEN 1592845 AND 1592854
	Index Scan using sbtest4_pkey on sbtest4  (cost=0.43..40.03 rows=9 width=121)
	  Index Cond: ((id >= 1592845) AND (id <= 1592854))

table 5 : explain SELECT c FROM sbtest5 WHERE id BETWEEN 6363467 AND 6363476
	Index Scan using sbtest5_pkey on sbtest5  (cost=0.43..40.11 rows=9 width=121)
	  Index Cond: ((id >= 6363467) AND (id <= 6363476))

table 6 : explain SELECT c FROM sbtest6 WHERE id BETWEEN 3852053 AND 3852062
	Index Scan using sbtest6_pkey on sbtest6  (cost=0.43..44.00 rows=10 width=121)
	  Index Cond: ((id >= 3852053) AND (id <= 3852062))

table 7 : explain SELECT c FROM sbtest7 WHERE id BETWEEN 4509919 AND 4509928
	Index Scan using sbtest7_pkey on sbtest7  (cost=0.43..43.97 rows=10 width=121)
	  Index Cond: ((id >= 4509919) AND (id <= 4509928))

table 8 : explain SELECT c FROM sbtest8 WHERE id BETWEEN 3078249 AND 3078258
	Index Scan using sbtest8_pkey on sbtest8  (cost=0.43..43.93 rows=10 width=121)
	  Index Cond: ((id >= 3078249) AND (id <= 3078258))

for point_selects
table 1 : explain SELECT c FROM sbtest1 WHERE id=1030046
	Index Scan using sbtest1_pkey on sbtest1  (cost=0.43..8.45 rows=1 width=121)
	  Index Cond: (id = 1030046)

table 2 : explain SELECT c FROM sbtest2 WHERE id=4384253
	Index Scan using sbtest2_pkey on sbtest2  (cost=0.43..8.45 rows=1 width=121)
	  Index Cond: (id = 4384253)

table 3 : explain SELECT c FROM sbtest3 WHERE id=2224835
	Index Scan using sbtest3_pkey on sbtest3  (cost=0.43..8.45 rows=1 width=121)
	  Index Cond: (id = 2224835)

table 4 : explain SELECT c FROM sbtest4 WHERE id=8805410
	Index Scan using sbtest4_pkey on sbtest4  (cost=0.43..8.45 rows=1 width=121)
	  Index Cond: (id = 8805410)

table 5 : explain SELECT c FROM sbtest5 WHERE id=7655844
	Index Scan using sbtest5_pkey on sbtest5  (cost=0.43..8.45 rows=1 width=121)
	  Index Cond: (id = 7655844)

table 6 : explain SELECT c FROM sbtest6 WHERE id=1935734
	Index Scan using sbtest6_pkey on sbtest6  (cost=0.43..8.45 rows=1 width=121)
	  Index Cond: (id = 1935734)

table 7 : explain SELECT c FROM sbtest7 WHERE id=2279978
	Index Scan using sbtest7_pkey on sbtest7  (cost=0.43..8.45 rows=1 width=121)
	  Index Cond: (id = 2279978)

table 8 : explain SELECT c FROM sbtest8 WHERE id=4762075
	Index Scan using sbtest8_pkey on sbtest8  (cost=0.43..8.45 rows=1 width=121)
	  Index Cond: (id = 4762075)

for point_selects
table 1 : explain SELECT c FROM sbtest1 WHERE id=6070867
	Index Scan using sbtest1_pkey on sbtest1  (cost=0.43..8.45 rows=1 width=121)
	  Index Cond: (id = 6070867)

table 2 : explain SELECT c FROM sbtest2 WHERE id=8634649
	Index Scan using sbtest2_pkey on sbtest2  (cost=0.43..8.45 rows=1 width=121)
	  Index Cond: (id = 8634649)

table 3 : explain SELECT c FROM sbtest3 WHERE id=6300832
	Index Scan using sbtest3_pkey on sbtest3  (cost=0.43..8.45 rows=1 width=121)
	  Index Cond: (id = 6300832)

table 4 : explain SELECT c FROM sbtest4 WHERE id=3846551
	Index Scan using sbtest4_pkey on sbtest4  (cost=0.43..8.45 rows=1 width=121)
	  Index Cond: (id = 3846551)

table 5 : explain SELECT c FROM sbtest5 WHERE id=2789747
	Index Scan using sbtest5_pkey on sbtest5  (cost=0.43..8.45 rows=1 width=121)
	  Index Cond: (id = 2789747)

table 6 : explain SELECT c FROM sbtest6 WHERE id=1468594
	Index Scan using sbtest6_pkey on sbtest6  (cost=0.43..8.45 rows=1 width=121)
	  Index Cond: (id = 1468594)

table 7 : explain SELECT c FROM sbtest7 WHERE id=6152157
	Index Scan using sbtest7_pkey on sbtest7  (cost=0.43..8.45 rows=1 width=121)
	  Index Cond: (id = 6152157)

table 8 : explain SELECT c FROM sbtest8 WHERE id=3242189
	Index Scan using sbtest8_pkey on sbtest8  (cost=0.43..8.45 rows=1 width=121)
	  Index Cond: (id = 3242189)

for: sum_ranges
table 1 : explain SELECT SUM(k) FROM sbtest1 WHERE id BETWEEN 3111127 AND 3111136
	Aggregate  (cost=40.13..40.14 rows=1 width=8)
	  ->  Index Scan using sbtest1_pkey on sbtest1  (cost=0.43..40.11 rows=9 width=4)
	        Index Cond: ((id >= 3111127) AND (id <= 3111136))

table 2 : explain SELECT SUM(k) FROM sbtest2 WHERE id BETWEEN 9595769 AND 9595778
	Aggregate  (cost=44.17..44.18 rows=1 width=8)
	  ->  Index Scan using sbtest2_pkey on sbtest2  (cost=0.43..44.15 rows=10 width=4)
	        Index Cond: ((id >= 9595769) AND (id <= 9595778))

table 3 : explain SELECT SUM(k) FROM sbtest3 WHERE id BETWEEN 4472576 AND 4472585
	Aggregate  (cost=48.07..48.08 rows=1 width=8)
	  ->  Index Scan using sbtest3_pkey on sbtest3  (cost=0.43..48.04 rows=11 width=4)
	        Index Cond: ((id >= 4472576) AND (id <= 4472585))

table 4 : explain SELECT SUM(k) FROM sbtest4 WHERE id BETWEEN 2751968 AND 2751977
	Aggregate  (cost=44.00..44.01 rows=1 width=8)
	  ->  Index Scan using sbtest4_pkey on sbtest4  (cost=0.43..43.97 rows=10 width=4)
	        Index Cond: ((id >= 2751968) AND (id <= 2751977))

table 5 : explain SELECT SUM(k) FROM sbtest5 WHERE id BETWEEN 7463409 AND 7463418
	Aggregate  (cost=44.09..44.10 rows=1 width=8)
	  ->  Index Scan using sbtest5_pkey on sbtest5  (cost=0.43..44.07 rows=10 width=4)
	        Index Cond: ((id >= 7463409) AND (id <= 7463418))

table 6 : explain SELECT SUM(k) FROM sbtest6 WHERE id BETWEEN 2780654 AND 2780663
	Aggregate  (cost=40.07..40.08 rows=1 width=8)
	  ->  Index Scan using sbtest6_pkey on sbtest6  (cost=0.43..40.05 rows=9 width=4)
	        Index Cond: ((id >= 2780654) AND (id <= 2780663))

table 7 : explain SELECT SUM(k) FROM sbtest7 WHERE id BETWEEN 9989980 AND 9989989
	Aggregate  (cost=43.99..44.00 rows=1 width=8)
	  ->  Index Scan using sbtest7_pkey on sbtest7  (cost=0.43..43.97 rows=10 width=4)
	        Index Cond: ((id >= 9989980) AND (id <= 9989989))

table 8 : explain SELECT SUM(k) FROM sbtest8 WHERE id BETWEEN 1793355 AND 1793364
	Aggregate  (cost=43.95..43.96 rows=1 width=8)
	  ->  Index Scan using sbtest8_pkey on sbtest8  (cost=0.43..43.93 rows=10 width=4)
	        Index Cond: ((id >= 1793355) AND (id <= 1793364))

for point_selects
table 1 : explain SELECT c FROM sbtest1 WHERE id=3688162
	Index Scan using sbtest1_pkey on sbtest1  (cost=0.43..8.45 rows=1 width=121)
	  Index Cond: (id = 3688162)

table 2 : explain SELECT c FROM sbtest2 WHERE id=2314763
	Index Scan using sbtest2_pkey on sbtest2  (cost=0.43..8.45 rows=1 width=121)
	  Index Cond: (id = 2314763)

table 3 : explain SELECT c FROM sbtest3 WHERE id=1187240
	Index Scan using sbtest3_pkey on sbtest3  (cost=0.43..8.45 rows=1 width=121)
	  Index Cond: (id = 1187240)

table 4 : explain SELECT c FROM sbtest4 WHERE id=3793633
	Index Scan using sbtest4_pkey on sbtest4  (cost=0.43..8.45 rows=1 width=121)
	  Index Cond: (id = 3793633)

table 5 : explain SELECT c FROM sbtest5 WHERE id=4189902
	Index Scan using sbtest5_pkey on sbtest5  (cost=0.43..8.45 rows=1 width=121)
	  Index Cond: (id = 4189902)

table 6 : explain SELECT c FROM sbtest6 WHERE id=5016218
	Index Scan using sbtest6_pkey on sbtest6  (cost=0.43..8.45 rows=1 width=121)
	  Index Cond: (id = 5016218)

table 7 : explain SELECT c FROM sbtest7 WHERE id=1537634
	Index Scan using sbtest7_pkey on sbtest7  (cost=0.43..8.45 rows=1 width=121)
	  Index Cond: (id = 1537634)

table 8 : explain SELECT c FROM sbtest8 WHERE id=5867888
	Index Scan using sbtest8_pkey on sbtest8  (cost=0.43..8.45 rows=1 width=121)
	  Index Cond: (id = 5867888)

for point_selects
table 1 : explain SELECT c FROM sbtest1 WHERE id=8213265
	Index Scan using sbtest1_pkey on sbtest1  (cost=0.43..8.45 rows=1 width=121)
	  Index Cond: (id = 8213265)

table 2 : explain SELECT c FROM sbtest2 WHERE id=9518442
	Index Scan using sbtest2_pkey on sbtest2  (cost=0.43..8.45 rows=1 width=121)
	  Index Cond: (id = 9518442)

table 3 : explain SELECT c FROM sbtest3 WHERE id=6549943
	Index Scan using sbtest3_pkey on sbtest3  (cost=0.43..8.45 rows=1 width=121)
	  Index Cond: (id = 6549943)

table 4 : explain SELECT c FROM sbtest4 WHERE id=9894434
	Index Scan using sbtest4_pkey on sbtest4  (cost=0.43..8.45 rows=1 width=121)
	  Index Cond: (id = 9894434)

table 5 : explain SELECT c FROM sbtest5 WHERE id=4320966
	Index Scan using sbtest5_pkey on sbtest5  (cost=0.43..8.45 rows=1 width=121)
	  Index Cond: (id = 4320966)

table 6 : explain SELECT c FROM sbtest6 WHERE id=8655720
	Index Scan using sbtest6_pkey on sbtest6  (cost=0.43..8.45 rows=1 width=121)
	  Index Cond: (id = 8655720)

table 7 : explain SELECT c FROM sbtest7 WHERE id=2385339
	Index Scan using sbtest7_pkey on sbtest7  (cost=0.43..8.45 rows=1 width=121)
	  Index Cond: (id = 2385339)

table 8 : explain SELECT c FROM sbtest8 WHERE id=6062689
	Index Scan using sbtest8_pkey on sbtest8  (cost=0.43..8.45 rows=1 width=121)
	  Index Cond: (id = 6062689)

for point_selects
table 1 : explain SELECT c FROM sbtest1 WHERE id=5452690
	Index Scan using sbtest1_pkey on sbtest1  (cost=0.43..8.45 rows=1 width=121)
	  Index Cond: (id = 5452690)

table 2 : explain SELECT c FROM sbtest2 WHERE id=7955772
	Index Scan using sbtest2_pkey on sbtest2  (cost=0.43..8.45 rows=1 width=121)
	  Index Cond: (id = 7955772)

table 3 : explain SELECT c FROM sbtest3 WHERE id=2665589
	Index Scan using sbtest3_pkey on sbtest3  (cost=0.43..8.45 rows=1 width=121)
	  Index Cond: (id = 2665589)

table 4 : explain SELECT c FROM sbtest4 WHERE id=5463249
	Index Scan using sbtest4_pkey on sbtest4  (cost=0.43..8.45 rows=1 width=121)
	  Index Cond: (id = 5463249)

table 5 : explain SELECT c FROM sbtest5 WHERE id=4749865
	Index Scan using sbtest5_pkey on sbtest5  (cost=0.43..8.45 rows=1 width=121)
	  Index Cond: (id = 4749865)

table 6 : explain SELECT c FROM sbtest6 WHERE id=2981979
	Index Scan using sbtest6_pkey on sbtest6  (cost=0.43..8.45 rows=1 width=121)
	  Index Cond: (id = 2981979)

table 7 : explain SELECT c FROM sbtest7 WHERE id=2381017
	Index Scan using sbtest7_pkey on sbtest7  (cost=0.43..8.45 rows=1 width=121)
	  Index Cond: (id = 2381017)

table 8 : explain SELECT c FROM sbtest8 WHERE id=759400
	Index Scan using sbtest8_pkey on sbtest8  (cost=0.43..8.45 rows=1 width=121)
	  Index Cond: (id = 759400)

for point_selects
table 1 : explain SELECT c FROM sbtest1 WHERE id=4792128
	Index Scan using sbtest1_pkey on sbtest1  (cost=0.43..8.45 rows=1 width=121)
	  Index Cond: (id = 4792128)

table 2 : explain SELECT c FROM sbtest2 WHERE id=9345092
	Index Scan using sbtest2_pkey on sbtest2  (cost=0.43..8.45 rows=1 width=121)
	  Index Cond: (id = 9345092)

table 3 : explain SELECT c FROM sbtest3 WHERE id=5421901
	Index Scan using sbtest3_pkey on sbtest3  (cost=0.43..8.45 rows=1 width=121)
	  Index Cond: (id = 5421901)

table 4 : explain SELECT c FROM sbtest4 WHERE id=7925983
	Index Scan using sbtest4_pkey on sbtest4  (cost=0.43..8.45 rows=1 width=121)
	  Index Cond: (id = 7925983)

table 5 : explain SELECT c FROM sbtest5 WHERE id=3740504
	Index Scan using sbtest5_pkey on sbtest5  (cost=0.43..8.45 rows=1 width=121)
	  Index Cond: (id = 3740504)

table 6 : explain SELECT c FROM sbtest6 WHERE id=6828405
	Index Scan using sbtest6_pkey on sbtest6  (cost=0.43..8.45 rows=1 width=121)
	  Index Cond: (id = 6828405)

table 7 : explain SELECT c FROM sbtest7 WHERE id=2329127
	Index Scan using sbtest7_pkey on sbtest7  (cost=0.43..8.45 rows=1 width=121)
	  Index Cond: (id = 2329127)

table 8 : explain SELECT c FROM sbtest8 WHERE id=293215
	Index Scan using sbtest8_pkey on sbtest8  (cost=0.43..8.45 rows=1 width=121)
	  Index Cond: (id = 293215)

for: simple_ranges
table 1 : explain SELECT c FROM sbtest1 WHERE id BETWEEN 4491035 AND 4491044
	Index Scan using sbtest1_pkey on sbtest1  (cost=0.43..48.02 rows=11 width=121)
	  Index Cond: ((id >= 4491035) AND (id <= 4491044))

table 2 : explain SELECT c FROM sbtest2 WHERE id BETWEEN 1701683 AND 1701692
	Index Scan using sbtest2_pkey on sbtest2  (cost=0.43..44.15 rows=10 width=121)
	  Index Cond: ((id >= 1701683) AND (id <= 1701692))

table 3 : explain SELECT c FROM sbtest3 WHERE id BETWEEN 248445 AND 248454
	Index Scan using sbtest3_pkey on sbtest3  (cost=0.43..44.08 rows=10 width=121)
	  Index Cond: ((id >= 248445) AND (id <= 248454))

table 4 : explain SELECT c FROM sbtest4 WHERE id BETWEEN 878494 AND 878503
	Index Scan using sbtest4_pkey on sbtest4  (cost=0.43..43.97 rows=10 width=121)
	  Index Cond: ((id >= 878494) AND (id <= 878503))

table 5 : explain SELECT c FROM sbtest5 WHERE id BETWEEN 5343622 AND 5343631
	Index Scan using sbtest5_pkey on sbtest5  (cost=0.43..44.07 rows=10 width=121)
	  Index Cond: ((id >= 5343622) AND (id <= 5343631))

table 6 : explain SELECT c FROM sbtest6 WHERE id BETWEEN 3269142 AND 3269151
	Index Scan using sbtest6_pkey on sbtest6  (cost=0.43..40.05 rows=9 width=121)
	  Index Cond: ((id >= 3269142) AND (id <= 3269151))

table 7 : explain SELECT c FROM sbtest7 WHERE id BETWEEN 5572878 AND 5572887
	Index Scan using sbtest7_pkey on sbtest7  (cost=0.43..43.97 rows=10 width=121)
	  Index Cond: ((id >= 5572878) AND (id <= 5572887))

table 8 : explain SELECT c FROM sbtest8 WHERE id BETWEEN 4201271 AND 4201280
	Index Scan using sbtest8_pkey on sbtest8  (cost=0.43..43.93 rows=10 width=121)
	  Index Cond: ((id >= 4201271) AND (id <= 4201280))

for: simple_ranges
table 1 : explain SELECT c FROM sbtest1 WHERE id BETWEEN 803170 AND 803179
	Index Scan using sbtest1_pkey on sbtest1  (cost=0.43..44.07 rows=10 width=121)
	  Index Cond: ((id >= 803170) AND (id <= 803179))

table 2 : explain SELECT c FROM sbtest2 WHERE id BETWEEN 4433761 AND 4433770
	Index Scan using sbtest2_pkey on sbtest2  (cost=0.43..44.15 rows=10 width=121)
	  Index Cond: ((id >= 4433761) AND (id <= 4433770))

table 3 : explain SELECT c FROM sbtest3 WHERE id BETWEEN 2229945 AND 2229954
	Index Scan using sbtest3_pkey on sbtest3  (cost=0.43..40.13 rows=9 width=121)
	  Index Cond: ((id >= 2229945) AND (id <= 2229954))

table 4 : explain SELECT c FROM sbtest4 WHERE id BETWEEN 4668195 AND 4668204
	Index Scan using sbtest4_pkey on sbtest4  (cost=0.43..43.97 rows=10 width=121)
	  Index Cond: ((id >= 4668195) AND (id <= 4668204))

table 5 : explain SELECT c FROM sbtest5 WHERE id BETWEEN 92298 AND 92307
	Index Scan using sbtest5_pkey on sbtest5  (cost=0.43..40.11 rows=9 width=121)
	  Index Cond: ((id >= 92298) AND (id <= 92307))

table 6 : explain SELECT c FROM sbtest6 WHERE id BETWEEN 1144471 AND 1144480
	Index Scan using sbtest6_pkey on sbtest6  (cost=0.43..40.05 rows=9 width=121)
	  Index Cond: ((id >= 1144471) AND (id <= 1144480))

table 7 : explain SELECT c FROM sbtest7 WHERE id BETWEEN 2789120 AND 2789129
	Index Scan using sbtest7_pkey on sbtest7  (cost=0.43..43.97 rows=10 width=121)
	  Index Cond: ((id >= 2789120) AND (id <= 2789129))

table 8 : explain SELECT c FROM sbtest8 WHERE id BETWEEN 6505913 AND 6505922
	Index Scan using sbtest8_pkey on sbtest8  (cost=0.43..43.93 rows=10 width=121)
	  Index Cond: ((id >= 6505913) AND (id <= 6505922))

for: sum_ranges
table 1 : explain SELECT SUM(k) FROM sbtest1 WHERE id BETWEEN 7572045 AND 7572054
	Aggregate  (cost=44.09..44.10 rows=1 width=8)
	  ->  Index Scan using sbtest1_pkey on sbtest1  (cost=0.43..44.07 rows=10 width=4)
	        Index Cond: ((id >= 7572045) AND (id <= 7572054))

table 2 : explain SELECT SUM(k) FROM sbtest2 WHERE id BETWEEN 2947914 AND 2947923
	Aggregate  (cost=44.17..44.18 rows=1 width=8)
	  ->  Index Scan using sbtest2_pkey on sbtest2  (cost=0.43..44.15 rows=10 width=4)
	        Index Cond: ((id >= 2947914) AND (id <= 2947923))

table 3 : explain SELECT SUM(k) FROM sbtest3 WHERE id BETWEEN 4861018 AND 4861027
	Aggregate  (cost=48.07..48.08 rows=1 width=8)
	  ->  Index Scan using sbtest3_pkey on sbtest3  (cost=0.43..48.04 rows=11 width=4)
	        Index Cond: ((id >= 4861018) AND (id <= 4861027))

table 4 : explain SELECT SUM(k) FROM sbtest4 WHERE id BETWEEN 4442499 AND 4442508
	Aggregate  (cost=47.95..47.96 rows=1 width=8)
	  ->  Index Scan using sbtest4_pkey on sbtest4  (cost=0.43..47.92 rows=11 width=4)
	        Index Cond: ((id >= 4442499) AND (id <= 4442508))

table 5 : explain SELECT SUM(k) FROM sbtest5 WHERE id BETWEEN 9796495 AND 9796504
	Aggregate  (cost=44.09..44.10 rows=1 width=8)
	  ->  Index Scan using sbtest5_pkey on sbtest5  (cost=0.43..44.07 rows=10 width=4)
	        Index Cond: ((id >= 9796495) AND (id <= 9796504))

table 6 : explain SELECT SUM(k) FROM sbtest6 WHERE id BETWEEN 5268278 AND 5268287
	Aggregate  (cost=44.03..44.04 rows=1 width=8)
	  ->  Index Scan using sbtest6_pkey on sbtest6  (cost=0.43..44.00 rows=10 width=4)
	        Index Cond: ((id >= 5268278) AND (id <= 5268287))

table 7 : explain SELECT SUM(k) FROM sbtest7 WHERE id BETWEEN 3948622 AND 3948631
	Aggregate  (cost=47.94..47.95 rows=1 width=8)
	  ->  Index Scan using sbtest7_pkey on sbtest7  (cost=0.43..47.91 rows=11 width=4)
	        Index Cond: ((id >= 3948622) AND (id <= 3948631))

table 8 : explain SELECT SUM(k) FROM sbtest8 WHERE id BETWEEN 9952492 AND 9952501
	Aggregate  (cost=43.95..43.96 rows=1 width=8)
	  ->  Index Scan using sbtest8_pkey on sbtest8  (cost=0.43..43.93 rows=10 width=4)
	        Index Cond: ((id >= 9952492) AND (id <= 9952501))

for point_selects
table 1 : explain SELECT c FROM sbtest1 WHERE id=3406777
	Index Scan using sbtest1_pkey on sbtest1  (cost=0.43..8.45 rows=1 width=121)
	  Index Cond: (id = 3406777)

table 2 : explain SELECT c FROM sbtest2 WHERE id=2907025
	Index Scan using sbtest2_pkey on sbtest2  (cost=0.43..8.45 rows=1 width=121)
	  Index Cond: (id = 2907025)

table 3 : explain SELECT c FROM sbtest3 WHERE id=2399959
	Index Scan using sbtest3_pkey on sbtest3  (cost=0.43..8.45 rows=1 width=121)
	  Index Cond: (id = 2399959)

table 4 : explain SELECT c FROM sbtest4 WHERE id=8524042
	Index Scan using sbtest4_pkey on sbtest4  (cost=0.43..8.45 rows=1 width=121)
	  Index Cond: (id = 8524042)

table 5 : explain SELECT c FROM sbtest5 WHERE id=4880345
	Index Scan using sbtest5_pkey on sbtest5  (cost=0.43..8.45 rows=1 width=121)
	  Index Cond: (id = 4880345)

table 6 : explain SELECT c FROM sbtest6 WHERE id=734618
	Index Scan using sbtest6_pkey on sbtest6  (cost=0.43..8.45 rows=1 width=121)
	  Index Cond: (id = 734618)

table 7 : explain SELECT c FROM sbtest7 WHERE id=8691313
	Index Scan using sbtest7_pkey on sbtest7  (cost=0.43..8.45 rows=1 width=121)
	  Index Cond: (id = 8691313)

table 8 : explain SELECT c FROM sbtest8 WHERE id=5931490
	Index Scan using sbtest8_pkey on sbtest8  (cost=0.43..8.45 rows=1 width=121)
	  Index Cond: (id = 5931490)

for point_selects
table 1 : explain SELECT c FROM sbtest1 WHERE id=2024442
	Index Scan using sbtest1_pkey on sbtest1  (cost=0.43..8.45 rows=1 width=121)
	  Index Cond: (id = 2024442)

table 2 : explain SELECT c FROM sbtest2 WHERE id=2028356
	Index Scan using sbtest2_pkey on sbtest2  (cost=0.43..8.45 rows=1 width=121)
	  Index Cond: (id = 2028356)

table 3 : explain SELECT c FROM sbtest3 WHERE id=6982078
	Index Scan using sbtest3_pkey on sbtest3  (cost=0.43..8.45 rows=1 width=121)
	  Index Cond: (id = 6982078)

table 4 : explain SELECT c FROM sbtest4 WHERE id=3343057
	Index Scan using sbtest4_pkey on sbtest4  (cost=0.43..8.45 rows=1 width=121)
	  Index Cond: (id = 3343057)

table 5 : explain SELECT c FROM sbtest5 WHERE id=4113718
	Index Scan using sbtest5_pkey on sbtest5  (cost=0.43..8.45 rows=1 width=121)
	  Index Cond: (id = 4113718)

table 6 : explain SELECT c FROM sbtest6 WHERE id=1987642
	Index Scan using sbtest6_pkey on sbtest6  (cost=0.43..8.45 rows=1 width=121)
	  Index Cond: (id = 1987642)

table 7 : explain SELECT c FROM sbtest7 WHERE id=4495912
	Index Scan using sbtest7_pkey on sbtest7  (cost=0.43..8.45 rows=1 width=121)
	  Index Cond: (id = 4495912)

table 8 : explain SELECT c FROM sbtest8 WHERE id=2933899
	Index Scan using sbtest8_pkey on sbtest8  (cost=0.43..8.45 rows=1 width=121)
	  Index Cond: (id = 2933899)

for: simple_ranges
table 1 : explain SELECT c FROM sbtest1 WHERE id BETWEEN 1439728 AND 1439737
	Index Scan using sbtest1_pkey on sbtest1  (cost=0.43..44.07 rows=10 width=121)
	  Index Cond: ((id >= 1439728) AND (id <= 1439737))

table 2 : explain SELECT c FROM sbtest2 WHERE id BETWEEN 2199564 AND 2199573
	Index Scan using sbtest2_pkey on sbtest2  (cost=0.43..44.15 rows=10 width=121)
	  Index Cond: ((id >= 2199564) AND (id <= 2199573))

table 3 : explain SELECT c FROM sbtest3 WHERE id BETWEEN 3716714 AND 3716723
	Index Scan using sbtest3_pkey on sbtest3  (cost=0.43..44.08 rows=10 width=121)
	  Index Cond: ((id >= 3716714) AND (id <= 3716723))

table 4 : explain SELECT c FROM sbtest4 WHERE id BETWEEN 656774 AND 656783
	Index Scan using sbtest4_pkey on sbtest4  (cost=0.43..43.97 rows=10 width=121)
	  Index Cond: ((id >= 656774) AND (id <= 656783))

table 5 : explain SELECT c FROM sbtest5 WHERE id BETWEEN 2282947 AND 2282956
	Index Scan using sbtest5_pkey on sbtest5  (cost=0.43..44.07 rows=10 width=121)
	  Index Cond: ((id >= 2282947) AND (id <= 2282956))

table 6 : explain SELECT c FROM sbtest6 WHERE id BETWEEN 7868211 AND 7868220
	Index Scan using sbtest6_pkey on sbtest6  (cost=0.43..40.05 rows=9 width=121)
	  Index Cond: ((id >= 7868211) AND (id <= 7868220))

table 7 : explain SELECT c FROM sbtest7 WHERE id BETWEEN 4258820 AND 4258829
	Index Scan using sbtest7_pkey on sbtest7  (cost=0.43..43.97 rows=10 width=121)
	  Index Cond: ((id >= 4258820) AND (id <= 4258829))

table 8 : explain SELECT c FROM sbtest8 WHERE id BETWEEN 2706273 AND 2706282
	Index Scan using sbtest8_pkey on sbtest8  (cost=0.43..39.99 rows=9 width=121)
	  Index Cond: ((id >= 2706273) AND (id <= 2706282))

for point_selects
table 1 : explain SELECT c FROM sbtest1 WHERE id=8380897
	Index Scan using sbtest1_pkey on sbtest1  (cost=0.43..8.45 rows=1 width=121)
	  Index Cond: (id = 8380897)

table 2 : explain SELECT c FROM sbtest2 WHERE id=5097124
	Index Scan using sbtest2_pkey on sbtest2  (cost=0.43..8.45 rows=1 width=121)
	  Index Cond: (id = 5097124)

table 3 : explain SELECT c FROM sbtest3 WHERE id=6382309
	Index Scan using sbtest3_pkey on sbtest3  (cost=0.43..8.45 rows=1 width=121)
	  Index Cond: (id = 6382309)

table 4 : explain SELECT c FROM sbtest4 WHERE id=9091591
	Index Scan using sbtest4_pkey on sbtest4  (cost=0.43..8.45 rows=1 width=121)
	  Index Cond: (id = 9091591)

table 5 : explain SELECT c FROM sbtest5 WHERE id=4544604
	Index Scan using sbtest5_pkey on sbtest5  (cost=0.43..8.45 rows=1 width=121)
	  Index Cond: (id = 4544604)

table 6 : explain SELECT c FROM sbtest6 WHERE id=9286355
	Index Scan using sbtest6_pkey on sbtest6  (cost=0.43..8.45 rows=1 width=121)
	  Index Cond: (id = 9286355)

table 7 : explain SELECT c FROM sbtest7 WHERE id=4921753
	Index Scan using sbtest7_pkey on sbtest7  (cost=0.43..8.45 rows=1 width=121)
	  Index Cond: (id = 4921753)

table 8 : explain SELECT c FROM sbtest8 WHERE id=6942206
	Index Scan using sbtest8_pkey on sbtest8  (cost=0.43..8.45 rows=1 width=121)
	  Index Cond: (id = 6942206)

for: sum_ranges
table 1 : explain SELECT SUM(k) FROM sbtest1 WHERE id BETWEEN 972955 AND 972964
	Aggregate  (cost=44.09..44.10 rows=1 width=8)
	  ->  Index Scan using sbtest1_pkey on sbtest1  (cost=0.43..44.07 rows=10 width=4)
	        Index Cond: ((id >= 972955) AND (id <= 972964))

table 2 : explain SELECT SUM(k) FROM sbtest2 WHERE id BETWEEN 5531072 AND 5531081
	Aggregate  (cost=44.17..44.18 rows=1 width=8)
	  ->  Index Scan using sbtest2_pkey on sbtest2  (cost=0.43..44.15 rows=10 width=4)
	        Index Cond: ((id >= 5531072) AND (id <= 5531081))

table 3 : explain SELECT SUM(k) FROM sbtest3 WHERE id BETWEEN 5692105 AND 5692114
	Aggregate  (cost=44.11..44.12 rows=1 width=8)
	  ->  Index Scan using sbtest3_pkey on sbtest3  (cost=0.43..44.08 rows=10 width=4)
	        Index Cond: ((id >= 5692105) AND (id <= 5692114))

table 4 : explain SELECT SUM(k) FROM sbtest4 WHERE id BETWEEN 4030570 AND 4030579
	Aggregate  (cost=44.00..44.01 rows=1 width=8)
	  ->  Index Scan using sbtest4_pkey on sbtest4  (cost=0.43..43.97 rows=10 width=4)
	        Index Cond: ((id >= 4030570) AND (id <= 4030579))

table 5 : explain SELECT SUM(k) FROM sbtest5 WHERE id BETWEEN 4807520 AND 4807529
	Aggregate  (cost=40.13..40.14 rows=1 width=8)
	  ->  Index Scan using sbtest5_pkey on sbtest5  (cost=0.43..40.11 rows=9 width=4)
	        Index Cond: ((id >= 4807520) AND (id <= 4807529))

table 6 : explain SELECT SUM(k) FROM sbtest6 WHERE id BETWEEN 8011159 AND 8011168
	Aggregate  (cost=44.03..44.04 rows=1 width=8)
	  ->  Index Scan using sbtest6_pkey on sbtest6  (cost=0.43..44.00 rows=10 width=4)
	        Index Cond: ((id >= 8011159) AND (id <= 8011168))

table 7 : explain SELECT SUM(k) FROM sbtest7 WHERE id BETWEEN 8878307 AND 8878316
	Aggregate  (cost=43.99..44.00 rows=1 width=8)
	  ->  Index Scan using sbtest7_pkey on sbtest7  (cost=0.43..43.97 rows=10 width=4)
	        Index Cond: ((id >= 8878307) AND (id <= 8878316))

table 8 : explain SELECT SUM(k) FROM sbtest8 WHERE id BETWEEN 8171503 AND 8171512
	Aggregate  (cost=43.95..43.96 rows=1 width=8)
	  ->  Index Scan using sbtest8_pkey on sbtest8  (cost=0.43..43.93 rows=10 width=4)
	        Index Cond: ((id >= 8171503) AND (id <= 8171512))

for: sum_ranges
table 1 : explain SELECT SUM(k) FROM sbtest1 WHERE id BETWEEN 5103236 AND 5103245
	Aggregate  (cost=44.09..44.10 rows=1 width=8)
	  ->  Index Scan using sbtest1_pkey on sbtest1  (cost=0.43..44.07 rows=10 width=4)
	        Index Cond: ((id >= 5103236) AND (id <= 5103245))

table 2 : explain SELECT SUM(k) FROM sbtest2 WHERE id BETWEEN 9350431 AND 9350440
	Aggregate  (cost=48.14..48.15 rows=1 width=8)
	  ->  Index Scan using sbtest2_pkey on sbtest2  (cost=0.43..48.11 rows=11 width=4)
	        Index Cond: ((id >= 9350431) AND (id <= 9350440))

table 3 : explain SELECT SUM(k) FROM sbtest3 WHERE id BETWEEN 8343679 AND 8343688
	Aggregate  (cost=48.07..48.08 rows=1 width=8)
	  ->  Index Scan using sbtest3_pkey on sbtest3  (cost=0.43..48.04 rows=11 width=4)
	        Index Cond: ((id >= 8343679) AND (id <= 8343688))

table 4 : explain SELECT SUM(k) FROM sbtest4 WHERE id BETWEEN 4988922 AND 4988931
	Aggregate  (cost=47.95..47.96 rows=1 width=8)
	  ->  Index Scan using sbtest4_pkey on sbtest4  (cost=0.43..47.92 rows=11 width=4)
	        Index Cond: ((id >= 4988922) AND (id <= 4988931))

table 5 : explain SELECT SUM(k) FROM sbtest5 WHERE id BETWEEN 4293101 AND 4293110
	Aggregate  (cost=48.05..48.06 rows=1 width=8)
	  ->  Index Scan using sbtest5_pkey on sbtest5  (cost=0.43..48.02 rows=11 width=4)
	        Index Cond: ((id >= 4293101) AND (id <= 4293110))

table 6 : explain SELECT SUM(k) FROM sbtest6 WHERE id BETWEEN 4810239 AND 4810248
	Aggregate  (cost=47.98..47.99 rows=1 width=8)
	  ->  Index Scan using sbtest6_pkey on sbtest6  (cost=0.43..47.95 rows=11 width=4)
	        Index Cond: ((id >= 4810239) AND (id <= 4810248))

table 7 : explain SELECT SUM(k) FROM sbtest7 WHERE id BETWEEN 6989267 AND 6989276
	Aggregate  (cost=43.99..44.00 rows=1 width=8)
	  ->  Index Scan using sbtest7_pkey on sbtest7  (cost=0.43..43.97 rows=10 width=4)
	        Index Cond: ((id >= 6989267) AND (id <= 6989276))

table 8 : explain SELECT SUM(k) FROM sbtest8 WHERE id BETWEEN 8885377 AND 8885386
	Aggregate  (cost=43.95..43.96 rows=1 width=8)
	  ->  Index Scan using sbtest8_pkey on sbtest8  (cost=0.43..43.93 rows=10 width=4)
	        Index Cond: ((id >= 8885377) AND (id <= 8885386))

for: sum_ranges
table 1 : explain SELECT SUM(k) FROM sbtest1 WHERE id BETWEEN 69787 AND 69796
	Aggregate  (cost=40.13..40.14 rows=1 width=8)
	  ->  Index Scan using sbtest1_pkey on sbtest1  (cost=0.43..40.11 rows=9 width=4)
	        Index Cond: ((id >= 69787) AND (id <= 69796))

table 2 : explain SELECT SUM(k) FROM sbtest2 WHERE id BETWEEN 2156834 AND 2156843
	Aggregate  (cost=44.17..44.18 rows=1 width=8)
	  ->  Index Scan using sbtest2_pkey on sbtest2  (cost=0.43..44.15 rows=10 width=4)
	        Index Cond: ((id >= 2156834) AND (id <= 2156843))

table 3 : explain SELECT SUM(k) FROM sbtest3 WHERE id BETWEEN 3234886 AND 3234895
	Aggregate  (cost=44.11..44.12 rows=1 width=8)
	  ->  Index Scan using sbtest3_pkey on sbtest3  (cost=0.43..44.08 rows=10 width=4)
	        Index Cond: ((id >= 3234886) AND (id <= 3234895))

table 4 : explain SELECT SUM(k) FROM sbtest4 WHERE id BETWEEN 5979713 AND 5979722
	Aggregate  (cost=47.95..47.96 rows=1 width=8)
	  ->  Index Scan using sbtest4_pkey on sbtest4  (cost=0.43..47.92 rows=11 width=4)
	        Index Cond: ((id >= 5979713) AND (id <= 5979722))

table 5 : explain SELECT SUM(k) FROM sbtest5 WHERE id BETWEEN 5026707 AND 5026716
	Aggregate  (cost=40.13..40.14 rows=1 width=8)
	  ->  Index Scan using sbtest5_pkey on sbtest5  (cost=0.43..40.11 rows=9 width=4)
	        Index Cond: ((id >= 5026707) AND (id <= 5026716))

table 6 : explain SELECT SUM(k) FROM sbtest6 WHERE id BETWEEN 4898607 AND 4898616
	Aggregate  (cost=47.98..47.99 rows=1 width=8)
	  ->  Index Scan using sbtest6_pkey on sbtest6  (cost=0.43..47.95 rows=11 width=4)
	        Index Cond: ((id >= 4898607) AND (id <= 4898616))

table 7 : explain SELECT SUM(k) FROM sbtest7 WHERE id BETWEEN 3135623 AND 3135632
	Aggregate  (cost=43.99..44.00 rows=1 width=8)
	  ->  Index Scan using sbtest7_pkey on sbtest7  (cost=0.43..43.97 rows=10 width=4)
	        Index Cond: ((id >= 3135623) AND (id <= 3135632))

table 8 : explain SELECT SUM(k) FROM sbtest8 WHERE id BETWEEN 2456653 AND 2456662
	Aggregate  (cost=40.01..40.02 rows=1 width=8)
	  ->  Index Scan using sbtest8_pkey on sbtest8  (cost=0.43..39.99 rows=9 width=4)
	        Index Cond: ((id >= 2456653) AND (id <= 2456662))

for point_selects
table 1 : explain SELECT c FROM sbtest1 WHERE id=4839019
	Index Scan using sbtest1_pkey on sbtest1  (cost=0.43..8.45 rows=1 width=121)
	  Index Cond: (id = 4839019)

table 2 : explain SELECT c FROM sbtest2 WHERE id=9291038
	Index Scan using sbtest2_pkey on sbtest2  (cost=0.43..8.45 rows=1 width=121)
	  Index Cond: (id = 9291038)

table 3 : explain SELECT c FROM sbtest3 WHERE id=6960631
	Index Scan using sbtest3_pkey on sbtest3  (cost=0.43..8.45 rows=1 width=121)
	  Index Cond: (id = 6960631)

table 4 : explain SELECT c FROM sbtest4 WHERE id=9566464
	Index Scan using sbtest4_pkey on sbtest4  (cost=0.43..8.45 rows=1 width=121)
	  Index Cond: (id = 9566464)

table 5 : explain SELECT c FROM sbtest5 WHERE id=3954504
	Index Scan using sbtest5_pkey on sbtest5  (cost=0.43..8.45 rows=1 width=121)
	  Index Cond: (id = 3954504)

table 6 : explain SELECT c FROM sbtest6 WHERE id=2465009
	Index Scan using sbtest6_pkey on sbtest6  (cost=0.43..8.45 rows=1 width=121)
	  Index Cond: (id = 2465009)

table 7 : explain SELECT c FROM sbtest7 WHERE id=4668592
	Index Scan using sbtest7_pkey on sbtest7  (cost=0.43..8.45 rows=1 width=121)
	  Index Cond: (id = 4668592)

table 8 : explain SELECT c FROM sbtest8 WHERE id=6673356
	Index Scan using sbtest8_pkey on sbtest8  (cost=0.43..8.45 rows=1 width=121)
	  Index Cond: (id = 6673356)

for: sum_ranges
table 1 : explain SELECT SUM(k) FROM sbtest1 WHERE id BETWEEN 6109031 AND 6109040
	Aggregate  (cost=40.13..40.14 rows=1 width=8)
	  ->  Index Scan using sbtest1_pkey on sbtest1  (cost=0.43..40.11 rows=9 width=4)
	        Index Cond: ((id >= 6109031) AND (id <= 6109040))

table 2 : explain SELECT SUM(k) FROM sbtest2 WHERE id BETWEEN 4337756 AND 4337765
	Aggregate  (cost=44.17..44.18 rows=1 width=8)
	  ->  Index Scan using sbtest2_pkey on sbtest2  (cost=0.43..44.15 rows=10 width=4)
	        Index Cond: ((id >= 4337756) AND (id <= 4337765))

table 3 : explain SELECT SUM(k) FROM sbtest3 WHERE id BETWEEN 5468303 AND 5468312
	Aggregate  (cost=44.11..44.12 rows=1 width=8)
	  ->  Index Scan using sbtest3_pkey on sbtest3  (cost=0.43..44.08 rows=10 width=4)
	        Index Cond: ((id >= 5468303) AND (id <= 5468312))

table 4 : explain SELECT SUM(k) FROM sbtest4 WHERE id BETWEEN 8207887 AND 8207896
	Aggregate  (cost=44.00..44.01 rows=1 width=8)
	  ->  Index Scan using sbtest4_pkey on sbtest4  (cost=0.43..43.97 rows=10 width=4)
	        Index Cond: ((id >= 8207887) AND (id <= 8207896))

table 5 : explain SELECT SUM(k) FROM sbtest5 WHERE id BETWEEN 1706393 AND 1706402
	Aggregate  (cost=44.09..44.10 rows=1 width=8)
	  ->  Index Scan using sbtest5_pkey on sbtest5  (cost=0.43..44.07 rows=10 width=4)
	        Index Cond: ((id >= 1706393) AND (id <= 1706402))

table 6 : explain SELECT SUM(k) FROM sbtest6 WHERE id BETWEEN 9248508 AND 9248517
	Aggregate  (cost=44.03..44.04 rows=1 width=8)
	  ->  Index Scan using sbtest6_pkey on sbtest6  (cost=0.43..44.00 rows=10 width=4)
	        Index Cond: ((id >= 9248508) AND (id <= 9248517))

table 7 : explain SELECT SUM(k) FROM sbtest7 WHERE id BETWEEN 2237042 AND 2237051
	Aggregate  (cost=47.94..47.95 rows=1 width=8)
	  ->  Index Scan using sbtest7_pkey on sbtest7  (cost=0.43..47.91 rows=11 width=4)
	        Index Cond: ((id >= 2237042) AND (id <= 2237051))

table 8 : explain SELECT SUM(k) FROM sbtest8 WHERE id BETWEEN 9036285 AND 9036294
	Aggregate  (cost=43.95..43.96 rows=1 width=8)
	  ->  Index Scan using sbtest8_pkey on sbtest8  (cost=0.43..43.93 rows=10 width=4)
	        Index Cond: ((id >= 9036285) AND (id <= 9036294))

for: sum_ranges
table 1 : explain SELECT SUM(k) FROM sbtest1 WHERE id BETWEEN 3731980 AND 3731989
	Aggregate  (cost=40.13..40.14 rows=1 width=8)
	  ->  Index Scan using sbtest1_pkey on sbtest1  (cost=0.43..40.11 rows=9 width=4)
	        Index Cond: ((id >= 3731980) AND (id <= 3731989))

table 2 : explain SELECT SUM(k) FROM sbtest2 WHERE id BETWEEN 8753898 AND 8753907
	Aggregate  (cost=40.20..40.21 rows=1 width=8)
	  ->  Index Scan using sbtest2_pkey on sbtest2  (cost=0.43..40.18 rows=9 width=4)
	        Index Cond: ((id >= 8753898) AND (id <= 8753907))

table 3 : explain SELECT SUM(k) FROM sbtest3 WHERE id BETWEEN 7359680 AND 7359689
	Aggregate  (cost=44.11..44.12 rows=1 width=8)
	  ->  Index Scan using sbtest3_pkey on sbtest3  (cost=0.43..44.08 rows=10 width=4)
	        Index Cond: ((id >= 7359680) AND (id <= 7359689))

table 4 : explain SELECT SUM(k) FROM sbtest4 WHERE id BETWEEN 3648595 AND 3648604
	Aggregate  (cost=44.00..44.01 rows=1 width=8)
	  ->  Index Scan using sbtest4_pkey on sbtest4  (cost=0.43..43.97 rows=10 width=4)
	        Index Cond: ((id >= 3648595) AND (id <= 3648604))

table 5 : explain SELECT SUM(k) FROM sbtest5 WHERE id BETWEEN 5553037 AND 5553046
	Aggregate  (cost=48.05..48.06 rows=1 width=8)
	  ->  Index Scan using sbtest5_pkey on sbtest5  (cost=0.43..48.02 rows=11 width=4)
	        Index Cond: ((id >= 5553037) AND (id <= 5553046))

table 6 : explain SELECT SUM(k) FROM sbtest6 WHERE id BETWEEN 6294464 AND 6294473
	Aggregate  (cost=44.03..44.04 rows=1 width=8)
	  ->  Index Scan using sbtest6_pkey on sbtest6  (cost=0.43..44.00 rows=10 width=4)
	        Index Cond: ((id >= 6294464) AND (id <= 6294473))

table 7 : explain SELECT SUM(k) FROM sbtest7 WHERE id BETWEEN 9668271 AND 9668280
	Aggregate  (cost=47.94..47.95 rows=1 width=8)
	  ->  Index Scan using sbtest7_pkey on sbtest7  (cost=0.43..47.91 rows=11 width=4)
	        Index Cond: ((id >= 9668271) AND (id <= 9668280))

table 8 : explain SELECT SUM(k) FROM sbtest8 WHERE id BETWEEN 9623457 AND 9623466
	Aggregate  (cost=47.90..47.91 rows=1 width=8)
	  ->  Index Scan using sbtest8_pkey on sbtest8  (cost=0.43..47.87 rows=11 width=4)
	        Index Cond: ((id >= 9623457) AND (id <= 9623466))

for: simple_ranges
table 1 : explain SELECT c FROM sbtest1 WHERE id BETWEEN 6984193 AND 6984202
	Index Scan using sbtest1_pkey on sbtest1  (cost=0.43..44.07 rows=10 width=121)
	  Index Cond: ((id >= 6984193) AND (id <= 6984202))

table 2 : explain SELECT c FROM sbtest2 WHERE id BETWEEN 7242730 AND 7242739
	Index Scan using sbtest2_pkey on sbtest2  (cost=0.43..44.15 rows=10 width=121)
	  Index Cond: ((id >= 7242730) AND (id <= 7242739))

table 3 : explain SELECT c FROM sbtest3 WHERE id BETWEEN 8818349 AND 8818358
	Index Scan using sbtest3_pkey on sbtest3  (cost=0.43..44.08 rows=10 width=121)
	  Index Cond: ((id >= 8818349) AND (id <= 8818358))

table 4 : explain SELECT c FROM sbtest4 WHERE id BETWEEN 5006390 AND 5006399
	Index Scan using sbtest4_pkey on sbtest4  (cost=0.43..47.92 rows=11 width=121)
	  Index Cond: ((id >= 5006390) AND (id <= 5006399))

table 5 : explain SELECT c FROM sbtest5 WHERE id BETWEEN 2621547 AND 2621556
	Index Scan using sbtest5_pkey on sbtest5  (cost=0.43..44.07 rows=10 width=121)
	  Index Cond: ((id >= 2621547) AND (id <= 2621556))

table 6 : explain SELECT c FROM sbtest6 WHERE id BETWEEN 9601695 AND 9601704
	Index Scan using sbtest6_pkey on sbtest6  (cost=0.43..40.05 rows=9 width=121)
	  Index Cond: ((id >= 9601695) AND (id <= 9601704))

table 7 : explain SELECT c FROM sbtest7 WHERE id BETWEEN 8237504 AND 8237513
	Index Scan using sbtest7_pkey on sbtest7  (cost=0.43..47.91 rows=11 width=121)
	  Index Cond: ((id >= 8237504) AND (id <= 8237513))

table 8 : explain SELECT c FROM sbtest8 WHERE id BETWEEN 5501628 AND 5501637
	Index Scan using sbtest8_pkey on sbtest8  (cost=0.43..43.93 rows=10 width=121)
	  Index Cond: ((id >= 5501628) AND (id <= 5501637))

for point_selects
table 1 : explain SELECT c FROM sbtest1 WHERE id=3340885
	Index Scan using sbtest1_pkey on sbtest1  (cost=0.43..8.45 rows=1 width=121)
	  Index Cond: (id = 3340885)

table 2 : explain SELECT c FROM sbtest2 WHERE id=8479731
	Index Scan using sbtest2_pkey on sbtest2  (cost=0.43..8.45 rows=1 width=121)
	  Index Cond: (id = 8479731)

table 3 : explain SELECT c FROM sbtest3 WHERE id=5241468
	Index Scan using sbtest3_pkey on sbtest3  (cost=0.43..8.45 rows=1 width=121)
	  Index Cond: (id = 5241468)

table 4 : explain SELECT c FROM sbtest4 WHERE id=3299714
	Index Scan using sbtest4_pkey on sbtest4  (cost=0.43..8.45 rows=1 width=121)
	  Index Cond: (id = 3299714)

table 5 : explain SELECT c FROM sbtest5 WHERE id=7210078
	Index Scan using sbtest5_pkey on sbtest5  (cost=0.43..8.45 rows=1 width=121)
	  Index Cond: (id = 7210078)

table 6 : explain SELECT c FROM sbtest6 WHERE id=8387928
	Index Scan using sbtest6_pkey on sbtest6  (cost=0.43..8.45 rows=1 width=121)
	  Index Cond: (id = 8387928)

table 7 : explain SELECT c FROM sbtest7 WHERE id=9600780
	Index Scan using sbtest7_pkey on sbtest7  (cost=0.43..8.45 rows=1 width=121)
	  Index Cond: (id = 9600780)

table 8 : explain SELECT c FROM sbtest8 WHERE id=6092086
	Index Scan using sbtest8_pkey on sbtest8  (cost=0.43..8.45 rows=1 width=121)
	  Index Cond: (id = 6092086)

for point_selects
table 1 : explain SELECT c FROM sbtest1 WHERE id=9663224
	Index Scan using sbtest1_pkey on sbtest1  (cost=0.43..8.45 rows=1 width=121)
	  Index Cond: (id = 9663224)

table 2 : explain SELECT c FROM sbtest2 WHERE id=3313801
	Index Scan using sbtest2_pkey on sbtest2  (cost=0.43..8.45 rows=1 width=121)
	  Index Cond: (id = 3313801)

table 3 : explain SELECT c FROM sbtest3 WHERE id=7738488
	Index Scan using sbtest3_pkey on sbtest3  (cost=0.43..8.45 rows=1 width=121)
	  Index Cond: (id = 7738488)

table 4 : explain SELECT c FROM sbtest4 WHERE id=4378720
	Index Scan using sbtest4_pkey on sbtest4  (cost=0.43..8.45 rows=1 width=121)
	  Index Cond: (id = 4378720)

table 5 : explain SELECT c FROM sbtest5 WHERE id=296404
	Index Scan using sbtest5_pkey on sbtest5  (cost=0.43..8.45 rows=1 width=121)
	  Index Cond: (id = 296404)

table 6 : explain SELECT c FROM sbtest6 WHERE id=9090549
	Index Scan using sbtest6_pkey on sbtest6  (cost=0.43..8.45 rows=1 width=121)
	  Index Cond: (id = 9090549)

table 7 : explain SELECT c FROM sbtest7 WHERE id=167222
	Index Scan using sbtest7_pkey on sbtest7  (cost=0.43..8.45 rows=1 width=121)
	  Index Cond: (id = 167222)

table 8 : explain SELECT c FROM sbtest8 WHERE id=7678105
	Index Scan using sbtest8_pkey on sbtest8  (cost=0.43..8.45 rows=1 width=121)
	  Index Cond: (id = 7678105)

for: sum_ranges
table 1 : explain SELECT SUM(k) FROM sbtest1 WHERE id BETWEEN 4051019 AND 4051028
	Aggregate  (cost=44.09..44.10 rows=1 width=8)
	  ->  Index Scan using sbtest1_pkey on sbtest1  (cost=0.43..44.07 rows=10 width=4)
	        Index Cond: ((id >= 4051019) AND (id <= 4051028))

table 2 : explain SELECT SUM(k) FROM sbtest2 WHERE id BETWEEN 2892051 AND 2892060
	Aggregate  (cost=44.17..44.18 rows=1 width=8)
	  ->  Index Scan using sbtest2_pkey on sbtest2  (cost=0.43..44.15 rows=10 width=4)
	        Index Cond: ((id >= 2892051) AND (id <= 2892060))

table 3 : explain SELECT SUM(k) FROM sbtest3 WHERE id BETWEEN 5660294 AND 5660303
	Aggregate  (cost=44.11..44.12 rows=1 width=8)
	  ->  Index Scan using sbtest3_pkey on sbtest3  (cost=0.43..44.08 rows=10 width=4)
	        Index Cond: ((id >= 5660294) AND (id <= 5660303))

table 4 : explain SELECT SUM(k) FROM sbtest4 WHERE id BETWEEN 6710129 AND 6710138
	Aggregate  (cost=44.00..44.01 rows=1 width=8)
	  ->  Index Scan using sbtest4_pkey on sbtest4  (cost=0.43..43.97 rows=10 width=4)
	        Index Cond: ((id >= 6710129) AND (id <= 6710138))

table 5 : explain SELECT SUM(k) FROM sbtest5 WHERE id BETWEEN 5682295 AND 5682304
	Aggregate  (cost=44.09..44.10 rows=1 width=8)
	  ->  Index Scan using sbtest5_pkey on sbtest5  (cost=0.43..44.07 rows=10 width=4)
	        Index Cond: ((id >= 5682295) AND (id <= 5682304))

table 6 : explain SELECT SUM(k) FROM sbtest6 WHERE id BETWEEN 3809571 AND 3809580
	Aggregate  (cost=44.03..44.04 rows=1 width=8)
	  ->  Index Scan using sbtest6_pkey on sbtest6  (cost=0.43..44.00 rows=10 width=4)
	        Index Cond: ((id >= 3809571) AND (id <= 3809580))

table 7 : explain SELECT SUM(k) FROM sbtest7 WHERE id BETWEEN 9961950 AND 9961959
	Aggregate  (cost=43.99..44.00 rows=1 width=8)
	  ->  Index Scan using sbtest7_pkey on sbtest7  (cost=0.43..43.97 rows=10 width=4)
	        Index Cond: ((id >= 9961950) AND (id <= 9961959))

table 8 : explain SELECT SUM(k) FROM sbtest8 WHERE id BETWEEN 7672128 AND 7672137
	Aggregate  (cost=43.95..43.96 rows=1 width=8)
	  ->  Index Scan using sbtest8_pkey on sbtest8  (cost=0.43..43.93 rows=10 width=4)
	        Index Cond: ((id >= 7672128) AND (id <= 7672137))

for: sum_ranges
table 1 : explain SELECT SUM(k) FROM sbtest1 WHERE id BETWEEN 3919674 AND 3919683
	Aggregate  (cost=48.05..48.06 rows=1 width=8)
	  ->  Index Scan using sbtest1_pkey on sbtest1  (cost=0.43..48.02 rows=11 width=4)
	        Index Cond: ((id >= 3919674) AND (id <= 3919683))

table 2 : explain SELECT SUM(k) FROM sbtest2 WHERE id BETWEEN 2152245 AND 2152254
	Aggregate  (cost=44.17..44.18 rows=1 width=8)
	  ->  Index Scan using sbtest2_pkey on sbtest2  (cost=0.43..44.15 rows=10 width=4)
	        Index Cond: ((id >= 2152245) AND (id <= 2152254))

table 3 : explain SELECT SUM(k) FROM sbtest3 WHERE id BETWEEN 3998600 AND 3998609
	Aggregate  (cost=44.11..44.12 rows=1 width=8)
	  ->  Index Scan using sbtest3_pkey on sbtest3  (cost=0.43..44.08 rows=10 width=4)
	        Index Cond: ((id >= 3998600) AND (id <= 3998609))

table 4 : explain SELECT SUM(k) FROM sbtest4 WHERE id BETWEEN 9107238 AND 9107247
	Aggregate  (cost=44.00..44.01 rows=1 width=8)
	  ->  Index Scan using sbtest4_pkey on sbtest4  (cost=0.43..43.97 rows=10 width=4)
	        Index Cond: ((id >= 9107238) AND (id <= 9107247))

table 5 : explain SELECT SUM(k) FROM sbtest5 WHERE id BETWEEN 9107582 AND 9107591
	Aggregate  (cost=40.13..40.14 rows=1 width=8)
	  ->  Index Scan using sbtest5_pkey on sbtest5  (cost=0.43..40.11 rows=9 width=4)
	        Index Cond: ((id >= 9107582) AND (id <= 9107591))

table 6 : explain SELECT SUM(k) FROM sbtest6 WHERE id BETWEEN 5421788 AND 5421797
	Aggregate  (cost=40.07..40.08 rows=1 width=8)
	  ->  Index Scan using sbtest6_pkey on sbtest6  (cost=0.43..40.05 rows=9 width=4)
	        Index Cond: ((id >= 5421788) AND (id <= 5421797))

table 7 : explain SELECT SUM(k) FROM sbtest7 WHERE id BETWEEN 3750618 AND 3750627
	Aggregate  (cost=43.99..44.00 rows=1 width=8)
	  ->  Index Scan using sbtest7_pkey on sbtest7  (cost=0.43..43.97 rows=10 width=4)
	        Index Cond: ((id >= 3750618) AND (id <= 3750627))

table 8 : explain SELECT SUM(k) FROM sbtest8 WHERE id BETWEEN 6499410 AND 6499419
	Aggregate  (cost=43.95..43.96 rows=1 width=8)
	  ->  Index Scan using sbtest8_pkey on sbtest8  (cost=0.43..43.93 rows=10 width=4)
	        Index Cond: ((id >= 6499410) AND (id <= 6499419))

for: sum_ranges
table 1 : explain SELECT SUM(k) FROM sbtest1 WHERE id BETWEEN 1801066 AND 1801075
	Aggregate  (cost=40.13..40.14 rows=1 width=8)
	  ->  Index Scan using sbtest1_pkey on sbtest1  (cost=0.43..40.11 rows=9 width=4)
	        Index Cond: ((id >= 1801066) AND (id <= 1801075))

table 2 : explain SELECT SUM(k) FROM sbtest2 WHERE id BETWEEN 9958913 AND 9958922
	Aggregate  (cost=44.17..44.18 rows=1 width=8)
	  ->  Index Scan using sbtest2_pkey on sbtest2  (cost=0.43..44.15 rows=10 width=4)
	        Index Cond: ((id >= 9958913) AND (id <= 9958922))

table 3 : explain SELECT SUM(k) FROM sbtest3 WHERE id BETWEEN 3503181 AND 3503190
	Aggregate  (cost=48.07..48.08 rows=1 width=8)
	  ->  Index Scan using sbtest3_pkey on sbtest3  (cost=0.43..48.04 rows=11 width=4)
	        Index Cond: ((id >= 3503181) AND (id <= 3503190))

table 4 : explain SELECT SUM(k) FROM sbtest4 WHERE id BETWEEN 5843934 AND 5843943
	Aggregate  (cost=44.00..44.01 rows=1 width=8)
	  ->  Index Scan using sbtest4_pkey on sbtest4  (cost=0.43..43.97 rows=10 width=4)
	        Index Cond: ((id >= 5843934) AND (id <= 5843943))

table 5 : explain SELECT SUM(k) FROM sbtest5 WHERE id BETWEEN 4427552 AND 4427561
	Aggregate  (cost=44.09..44.10 rows=1 width=8)
	  ->  Index Scan using sbtest5_pkey on sbtest5  (cost=0.43..44.07 rows=10 width=4)
	        Index Cond: ((id >= 4427552) AND (id <= 4427561))

table 6 : explain SELECT SUM(k) FROM sbtest6 WHERE id BETWEEN 1682768 AND 1682777
	Aggregate  (cost=44.03..44.04 rows=1 width=8)
	  ->  Index Scan using sbtest6_pkey on sbtest6  (cost=0.43..44.00 rows=10 width=4)
	        Index Cond: ((id >= 1682768) AND (id <= 1682777))

table 7 : explain SELECT SUM(k) FROM sbtest7 WHERE id BETWEEN 8054506 AND 8054515
	Aggregate  (cost=43.99..44.00 rows=1 width=8)
	  ->  Index Scan using sbtest7_pkey on sbtest7  (cost=0.43..43.97 rows=10 width=4)
	        Index Cond: ((id >= 8054506) AND (id <= 8054515))

table 8 : explain SELECT SUM(k) FROM sbtest8 WHERE id BETWEEN 6421435 AND 6421444
	Aggregate  (cost=40.01..40.02 rows=1 width=8)
	  ->  Index Scan using sbtest8_pkey on sbtest8  (cost=0.43..39.99 rows=9 width=4)
	        Index Cond: ((id >= 6421435) AND (id <= 6421444))

for: sum_ranges
table 1 : explain SELECT SUM(k) FROM sbtest1 WHERE id BETWEEN 1119248 AND 1119257
	Aggregate  (cost=44.09..44.10 rows=1 width=8)
	  ->  Index Scan using sbtest1_pkey on sbtest1  (cost=0.43..44.07 rows=10 width=4)
	        Index Cond: ((id >= 1119248) AND (id <= 1119257))

table 2 : explain SELECT SUM(k) FROM sbtest2 WHERE id BETWEEN 8181192 AND 8181201
	Aggregate  (cost=44.17..44.18 rows=1 width=8)
	  ->  Index Scan using sbtest2_pkey on sbtest2  (cost=0.43..44.15 rows=10 width=4)
	        Index Cond: ((id >= 8181192) AND (id <= 8181201))

table 3 : explain SELECT SUM(k) FROM sbtest3 WHERE id BETWEEN 1069201 AND 1069210
	Aggregate  (cost=40.15..40.16 rows=1 width=8)
	  ->  Index Scan using sbtest3_pkey on sbtest3  (cost=0.43..40.13 rows=9 width=4)
	        Index Cond: ((id >= 1069201) AND (id <= 1069210))

table 4 : explain SELECT SUM(k) FROM sbtest4 WHERE id BETWEEN 2784699 AND 2784708
	Aggregate  (cost=44.00..44.01 rows=1 width=8)
	  ->  Index Scan using sbtest4_pkey on sbtest4  (cost=0.43..43.97 rows=10 width=4)
	        Index Cond: ((id >= 2784699) AND (id <= 2784708))

table 5 : explain SELECT SUM(k) FROM sbtest5 WHERE id BETWEEN 9402352 AND 9402361
	Aggregate  (cost=44.09..44.10 rows=1 width=8)
	  ->  Index Scan using sbtest5_pkey on sbtest5  (cost=0.43..44.07 rows=10 width=4)
	        Index Cond: ((id >= 9402352) AND (id <= 9402361))

table 6 : explain SELECT SUM(k) FROM sbtest6 WHERE id BETWEEN 596389 AND 596398
	Aggregate  (cost=40.07..40.08 rows=1 width=8)
	  ->  Index Scan using sbtest6_pkey on sbtest6  (cost=0.43..40.05 rows=9 width=4)
	        Index Cond: ((id >= 596389) AND (id <= 596398))

table 7 : explain SELECT SUM(k) FROM sbtest7 WHERE id BETWEEN 7919322 AND 7919331
	Aggregate  (cost=40.04..40.05 rows=1 width=8)
	  ->  Index Scan using sbtest7_pkey on sbtest7  (cost=0.43..40.02 rows=9 width=4)
	        Index Cond: ((id >= 7919322) AND (id <= 7919331))

table 8 : explain SELECT SUM(k) FROM sbtest8 WHERE id BETWEEN 4498819 AND 4498828
	Aggregate  (cost=43.95..43.96 rows=1 width=8)
	  ->  Index Scan using sbtest8_pkey on sbtest8  (cost=0.43..43.93 rows=10 width=4)
	        Index Cond: ((id >= 4498819) AND (id <= 4498828))

for: sum_ranges
table 1 : explain SELECT SUM(k) FROM sbtest1 WHERE id BETWEEN 1548141 AND 1548150
	Aggregate  (cost=44.09..44.10 rows=1 width=8)
	  ->  Index Scan using sbtest1_pkey on sbtest1  (cost=0.43..44.07 rows=10 width=4)
	        Index Cond: ((id >= 1548141) AND (id <= 1548150))

table 2 : explain SELECT SUM(k) FROM sbtest2 WHERE id BETWEEN 7919200 AND 7919209
	Aggregate  (cost=44.17..44.18 rows=1 width=8)
	  ->  Index Scan using sbtest2_pkey on sbtest2  (cost=0.43..44.15 rows=10 width=4)
	        Index Cond: ((id >= 7919200) AND (id <= 7919209))

table 3 : explain SELECT SUM(k) FROM sbtest3 WHERE id BETWEEN 6691280 AND 6691289
	Aggregate  (cost=44.11..44.12 rows=1 width=8)
	  ->  Index Scan using sbtest3_pkey on sbtest3  (cost=0.43..44.08 rows=10 width=4)
	        Index Cond: ((id >= 6691280) AND (id <= 6691289))

table 4 : explain SELECT SUM(k) FROM sbtest4 WHERE id BETWEEN 4050833 AND 4050842
	Aggregate  (cost=44.00..44.01 rows=1 width=8)
	  ->  Index Scan using sbtest4_pkey on sbtest4  (cost=0.43..43.97 rows=10 width=4)
	        Index Cond: ((id >= 4050833) AND (id <= 4050842))

table 5 : explain SELECT SUM(k) FROM sbtest5 WHERE id BETWEEN 1367644 AND 1367653
	Aggregate  (cost=44.09..44.10 rows=1 width=8)
	  ->  Index Scan using sbtest5_pkey on sbtest5  (cost=0.43..44.07 rows=10 width=4)
	        Index Cond: ((id >= 1367644) AND (id <= 1367653))

table 6 : explain SELECT SUM(k) FROM sbtest6 WHERE id BETWEEN 9617808 AND 9617817
	Aggregate  (cost=40.07..40.08 rows=1 width=8)
	  ->  Index Scan using sbtest6_pkey on sbtest6  (cost=0.43..40.05 rows=9 width=4)
	        Index Cond: ((id >= 9617808) AND (id <= 9617817))

table 7 : explain SELECT SUM(k) FROM sbtest7 WHERE id BETWEEN 9886093 AND 9886102
	Aggregate  (cost=43.99..44.00 rows=1 width=8)
	  ->  Index Scan using sbtest7_pkey on sbtest7  (cost=0.43..43.97 rows=10 width=4)
	        Index Cond: ((id >= 9886093) AND (id <= 9886102))

table 8 : explain SELECT SUM(k) FROM sbtest8 WHERE id BETWEEN 3768475 AND 3768484
	Aggregate  (cost=47.90..47.91 rows=1 width=8)
	  ->  Index Scan using sbtest8_pkey on sbtest8  (cost=0.43..47.87 rows=11 width=4)
	        Index Cond: ((id >= 3768475) AND (id <= 3768484))

for: simple_ranges
table 1 : explain SELECT c FROM sbtest1 WHERE id BETWEEN 4683299 AND 4683308
	Index Scan using sbtest1_pkey on sbtest1  (cost=0.43..44.07 rows=10 width=121)
	  Index Cond: ((id >= 4683299) AND (id <= 4683308))

table 2 : explain SELECT c FROM sbtest2 WHERE id BETWEEN 2011461 AND 2011470
	Index Scan using sbtest2_pkey on sbtest2  (cost=0.43..40.18 rows=9 width=121)
	  Index Cond: ((id >= 2011461) AND (id <= 2011470))

table 3 : explain SELECT c FROM sbtest3 WHERE id BETWEEN 2344305 AND 2344314
	Index Scan using sbtest3_pkey on sbtest3  (cost=0.43..44.08 rows=10 width=121)
	  Index Cond: ((id >= 2344305) AND (id <= 2344314))

table 4 : explain SELECT c FROM sbtest4 WHERE id BETWEEN 3771362 AND 3771371
	Index Scan using sbtest4_pkey on sbtest4  (cost=0.43..47.92 rows=11 width=121)
	  Index Cond: ((id >= 3771362) AND (id <= 3771371))

table 5 : explain SELECT c FROM sbtest5 WHERE id BETWEEN 2799621 AND 2799630
	Index Scan using sbtest5_pkey on sbtest5  (cost=0.43..44.07 rows=10 width=121)
	  Index Cond: ((id >= 2799621) AND (id <= 2799630))

table 6 : explain SELECT c FROM sbtest6 WHERE id BETWEEN 6635048 AND 6635057
	Index Scan using sbtest6_pkey on sbtest6  (cost=0.43..47.95 rows=11 width=121)
	  Index Cond: ((id >= 6635048) AND (id <= 6635057))

table 7 : explain SELECT c FROM sbtest7 WHERE id BETWEEN 2722550 AND 2722559
	Index Scan using sbtest7_pkey on sbtest7  (cost=0.43..40.02 rows=9 width=121)
	  Index Cond: ((id >= 2722550) AND (id <= 2722559))

table 8 : explain SELECT c FROM sbtest8 WHERE id BETWEEN 9174864 AND 9174873
	Index Scan using sbtest8_pkey on sbtest8  (cost=0.43..43.93 rows=10 width=121)
	  Index Cond: ((id >= 9174864) AND (id <= 9174873))

for: sum_ranges
table 1 : explain SELECT SUM(k) FROM sbtest1 WHERE id BETWEEN 5179758 AND 5179767
	Aggregate  (cost=44.09..44.10 rows=1 width=8)
	  ->  Index Scan using sbtest1_pkey on sbtest1  (cost=0.43..44.07 rows=10 width=4)
	        Index Cond: ((id >= 5179758) AND (id <= 5179767))

table 2 : explain SELECT SUM(k) FROM sbtest2 WHERE id BETWEEN 288991 AND 289000
	Aggregate  (cost=48.14..48.15 rows=1 width=8)
	  ->  Index Scan using sbtest2_pkey on sbtest2  (cost=0.43..48.11 rows=11 width=4)
	        Index Cond: ((id >= 288991) AND (id <= 289000))

table 3 : explain SELECT SUM(k) FROM sbtest3 WHERE id BETWEEN 2386115 AND 2386124
	Aggregate  (cost=48.07..48.08 rows=1 width=8)
	  ->  Index Scan using sbtest3_pkey on sbtest3  (cost=0.43..48.04 rows=11 width=4)
	        Index Cond: ((id >= 2386115) AND (id <= 2386124))

table 4 : explain SELECT SUM(k) FROM sbtest4 WHERE id BETWEEN 7498894 AND 7498903
	Aggregate  (cost=44.00..44.01 rows=1 width=8)
	  ->  Index Scan using sbtest4_pkey on sbtest4  (cost=0.43..43.97 rows=10 width=4)
	        Index Cond: ((id >= 7498894) AND (id <= 7498903))

table 5 : explain SELECT SUM(k) FROM sbtest5 WHERE id BETWEEN 2339822 AND 2339831
	Aggregate  (cost=44.09..44.10 rows=1 width=8)
	  ->  Index Scan using sbtest5_pkey on sbtest5  (cost=0.43..44.07 rows=10 width=4)
	        Index Cond: ((id >= 2339822) AND (id <= 2339831))

table 6 : explain SELECT SUM(k) FROM sbtest6 WHERE id BETWEEN 4075239 AND 4075248
	Aggregate  (cost=40.07..40.08 rows=1 width=8)
	  ->  Index Scan using sbtest6_pkey on sbtest6  (cost=0.43..40.05 rows=9 width=4)
	        Index Cond: ((id >= 4075239) AND (id <= 4075248))

table 7 : explain SELECT SUM(k) FROM sbtest7 WHERE id BETWEEN 804743 AND 804752
	Aggregate  (cost=43.99..44.00 rows=1 width=8)
	  ->  Index Scan using sbtest7_pkey on sbtest7  (cost=0.43..43.97 rows=10 width=4)
	        Index Cond: ((id >= 804743) AND (id <= 804752))

table 8 : explain SELECT SUM(k) FROM sbtest8 WHERE id BETWEEN 4975268 AND 4975277
	Aggregate  (cost=43.95..43.96 rows=1 width=8)
	  ->  Index Scan using sbtest8_pkey on sbtest8  (cost=0.43..43.93 rows=10 width=4)
	        Index Cond: ((id >= 4975268) AND (id <= 4975277))

for: simple_ranges
table 1 : explain SELECT c FROM sbtest1 WHERE id BETWEEN 97711 AND 97720
	Index Scan using sbtest1_pkey on sbtest1  (cost=0.43..40.11 rows=9 width=121)
	  Index Cond: ((id >= 97711) AND (id <= 97720))

table 2 : explain SELECT c FROM sbtest2 WHERE id BETWEEN 107542 AND 107551
	Index Scan using sbtest2_pkey on sbtest2  (cost=0.43..44.15 rows=10 width=121)
	  Index Cond: ((id >= 107542) AND (id <= 107551))

table 3 : explain SELECT c FROM sbtest3 WHERE id BETWEEN 1794103 AND 1794112
	Index Scan using sbtest3_pkey on sbtest3  (cost=0.43..40.13 rows=9 width=121)
	  Index Cond: ((id >= 1794103) AND (id <= 1794112))

table 4 : explain SELECT c FROM sbtest4 WHERE id BETWEEN 7840558 AND 7840567
	Index Scan using sbtest4_pkey on sbtest4  (cost=0.43..43.97 rows=10 width=121)
	  Index Cond: ((id >= 7840558) AND (id <= 7840567))

table 5 : explain SELECT c FROM sbtest5 WHERE id BETWEEN 4243782 AND 4243791
	Index Scan using sbtest5_pkey on sbtest5  (cost=0.43..44.07 rows=10 width=121)
	  Index Cond: ((id >= 4243782) AND (id <= 4243791))

table 6 : explain SELECT c FROM sbtest6 WHERE id BETWEEN 7603749 AND 7603758
	Index Scan using sbtest6_pkey on sbtest6  (cost=0.43..44.00 rows=10 width=121)
	  Index Cond: ((id >= 7603749) AND (id <= 7603758))

table 7 : explain SELECT c FROM sbtest7 WHERE id BETWEEN 5993548 AND 5993557
	Index Scan using sbtest7_pkey on sbtest7  (cost=0.43..47.91 rows=11 width=121)
	  Index Cond: ((id >= 5993548) AND (id <= 5993557))

table 8 : explain SELECT c FROM sbtest8 WHERE id BETWEEN 5346810 AND 5346819
	Index Scan using sbtest8_pkey on sbtest8  (cost=0.43..43.93 rows=10 width=121)
	  Index Cond: ((id >= 5346810) AND (id <= 5346819))

for: simple_ranges
table 1 : explain SELECT c FROM sbtest1 WHERE id BETWEEN 9145538 AND 9145547
	Index Scan using sbtest1_pkey on sbtest1  (cost=0.43..44.07 rows=10 width=121)
	  Index Cond: ((id >= 9145538) AND (id <= 9145547))

table 2 : explain SELECT c FROM sbtest2 WHERE id BETWEEN 1648849 AND 1648858
	Index Scan using sbtest2_pkey on sbtest2  (cost=0.43..44.15 rows=10 width=121)
	  Index Cond: ((id >= 1648849) AND (id <= 1648858))

table 3 : explain SELECT c FROM sbtest3 WHERE id BETWEEN 1343394 AND 1343403
	Index Scan using sbtest3_pkey on sbtest3  (cost=0.43..44.08 rows=10 width=121)
	  Index Cond: ((id >= 1343394) AND (id <= 1343403))

table 4 : explain SELECT c FROM sbtest4 WHERE id BETWEEN 6188444 AND 6188453
	Index Scan using sbtest4_pkey on sbtest4  (cost=0.43..43.97 rows=10 width=121)
	  Index Cond: ((id >= 6188444) AND (id <= 6188453))

table 5 : explain SELECT c FROM sbtest5 WHERE id BETWEEN 6095964 AND 6095973
	Index Scan using sbtest5_pkey on sbtest5  (cost=0.43..44.07 rows=10 width=121)
	  Index Cond: ((id >= 6095964) AND (id <= 6095973))

table 6 : explain SELECT c FROM sbtest6 WHERE id BETWEEN 3250384 AND 3250393
	Index Scan using sbtest6_pkey on sbtest6  (cost=0.43..40.05 rows=9 width=121)
	  Index Cond: ((id >= 3250384) AND (id <= 3250393))

table 7 : explain SELECT c FROM sbtest7 WHERE id BETWEEN 1831510 AND 1831519
	Index Scan using sbtest7_pkey on sbtest7  (cost=0.43..43.97 rows=10 width=121)
	  Index Cond: ((id >= 1831510) AND (id <= 1831519))

table 8 : explain SELECT c FROM sbtest8 WHERE id BETWEEN 1371221 AND 1371230
	Index Scan using sbtest8_pkey on sbtest8  (cost=0.43..47.87 rows=11 width=121)
	  Index Cond: ((id >= 1371221) AND (id <= 1371230))

for: simple_ranges
table 1 : explain SELECT c FROM sbtest1 WHERE id BETWEEN 1590972 AND 1590981
	Index Scan using sbtest1_pkey on sbtest1  (cost=0.43..44.07 rows=10 width=121)
	  Index Cond: ((id >= 1590972) AND (id <= 1590981))

table 2 : explain SELECT c FROM sbtest2 WHERE id BETWEEN 107999 AND 108008
	Index Scan using sbtest2_pkey on sbtest2  (cost=0.43..44.15 rows=10 width=121)
	  Index Cond: ((id >= 107999) AND (id <= 108008))

table 3 : explain SELECT c FROM sbtest3 WHERE id BETWEEN 9066651 AND 9066660
	Index Scan using sbtest3_pkey on sbtest3  (cost=0.43..44.08 rows=10 width=121)
	  Index Cond: ((id >= 9066651) AND (id <= 9066660))

table 4 : explain SELECT c FROM sbtest4 WHERE id BETWEEN 445115 AND 445124
	Index Scan using sbtest4_pkey on sbtest4  (cost=0.43..40.03 rows=9 width=121)
	  Index Cond: ((id >= 445115) AND (id <= 445124))

table 5 : explain SELECT c FROM sbtest5 WHERE id BETWEEN 3678719 AND 3678728
	Index Scan using sbtest5_pkey on sbtest5  (cost=0.43..44.07 rows=10 width=121)
	  Index Cond: ((id >= 3678719) AND (id <= 3678728))

table 6 : explain SELECT c FROM sbtest6 WHERE id BETWEEN 290801 AND 290810
	Index Scan using sbtest6_pkey on sbtest6  (cost=0.43..44.00 rows=10 width=121)
	  Index Cond: ((id >= 290801) AND (id <= 290810))

table 7 : explain SELECT c FROM sbtest7 WHERE id BETWEEN 9603075 AND 9603084
	Index Scan using sbtest7_pkey on sbtest7  (cost=0.43..47.91 rows=11 width=121)
	  Index Cond: ((id >= 9603075) AND (id <= 9603084))

table 8 : explain SELECT c FROM sbtest8 WHERE id BETWEEN 5274618 AND 5274627
	Index Scan using sbtest8_pkey on sbtest8  (cost=0.43..43.93 rows=10 width=121)
	  Index Cond: ((id >= 5274618) AND (id <= 5274627))

for: sum_ranges
table 1 : explain SELECT SUM(k) FROM sbtest1 WHERE id BETWEEN 4465748 AND 4465757
	Aggregate  (cost=48.05..48.06 rows=1 width=8)
	  ->  Index Scan using sbtest1_pkey on sbtest1  (cost=0.43..48.02 rows=11 width=4)
	        Index Cond: ((id >= 4465748) AND (id <= 4465757))

table 2 : explain SELECT SUM(k) FROM sbtest2 WHERE id BETWEEN 75099 AND 75108
	Aggregate  (cost=44.17..44.18 rows=1 width=8)
	  ->  Index Scan using sbtest2_pkey on sbtest2  (cost=0.43..44.15 rows=10 width=4)
	        Index Cond: ((id >= 75099) AND (id <= 75108))

table 3 : explain SELECT SUM(k) FROM sbtest3 WHERE id BETWEEN 1999479 AND 1999488
	Aggregate  (cost=48.07..48.08 rows=1 width=8)
	  ->  Index Scan using sbtest3_pkey on sbtest3  (cost=0.43..48.04 rows=11 width=4)
	        Index Cond: ((id >= 1999479) AND (id <= 1999488))

table 4 : explain SELECT SUM(k) FROM sbtest4 WHERE id BETWEEN 3949898 AND 3949907
	Aggregate  (cost=44.00..44.01 rows=1 width=8)
	  ->  Index Scan using sbtest4_pkey on sbtest4  (cost=0.43..43.97 rows=10 width=4)
	        Index Cond: ((id >= 3949898) AND (id <= 3949907))

table 5 : explain SELECT SUM(k) FROM sbtest5 WHERE id BETWEEN 8836655 AND 8836664
	Aggregate  (cost=44.09..44.10 rows=1 width=8)
	  ->  Index Scan using sbtest5_pkey on sbtest5  (cost=0.43..44.07 rows=10 width=4)
	        Index Cond: ((id >= 8836655) AND (id <= 8836664))

table 6 : explain SELECT SUM(k) FROM sbtest6 WHERE id BETWEEN 4767774 AND 4767783
	Aggregate  (cost=40.07..40.08 rows=1 width=8)
	  ->  Index Scan using sbtest6_pkey on sbtest6  (cost=0.43..40.05 rows=9 width=4)
	        Index Cond: ((id >= 4767774) AND (id <= 4767783))

table 7 : explain SELECT SUM(k) FROM sbtest7 WHERE id BETWEEN 8534616 AND 8534625
	Aggregate  (cost=47.94..47.95 rows=1 width=8)
	  ->  Index Scan using sbtest7_pkey on sbtest7  (cost=0.43..47.91 rows=11 width=4)
	        Index Cond: ((id >= 8534616) AND (id <= 8534625))

table 8 : explain SELECT SUM(k) FROM sbtest8 WHERE id BETWEEN 1967115 AND 1967124
	Aggregate  (cost=40.01..40.02 rows=1 width=8)
	  ->  Index Scan using sbtest8_pkey on sbtest8  (cost=0.43..39.99 rows=9 width=4)
	        Index Cond: ((id >= 1967115) AND (id <= 1967124))

for: sum_ranges
table 1 : explain SELECT SUM(k) FROM sbtest1 WHERE id BETWEEN 1129947 AND 1129956
	Aggregate  (cost=44.09..44.10 rows=1 width=8)
	  ->  Index Scan using sbtest1_pkey on sbtest1  (cost=0.43..44.07 rows=10 width=4)
	        Index Cond: ((id >= 1129947) AND (id <= 1129956))

table 2 : explain SELECT SUM(k) FROM sbtest2 WHERE id BETWEEN 7505860 AND 7505869
	Aggregate  (cost=40.20..40.21 rows=1 width=8)
	  ->  Index Scan using sbtest2_pkey on sbtest2  (cost=0.43..40.18 rows=9 width=4)
	        Index Cond: ((id >= 7505860) AND (id <= 7505869))

table 3 : explain SELECT SUM(k) FROM sbtest3 WHERE id BETWEEN 8602464 AND 8602473
	Aggregate  (cost=40.15..40.16 rows=1 width=8)
	  ->  Index Scan using sbtest3_pkey on sbtest3  (cost=0.43..40.13 rows=9 width=4)
	        Index Cond: ((id >= 8602464) AND (id <= 8602473))

table 4 : explain SELECT SUM(k) FROM sbtest4 WHERE id BETWEEN 4443043 AND 4443052
	Aggregate  (cost=47.95..47.96 rows=1 width=8)
	  ->  Index Scan using sbtest4_pkey on sbtest4  (cost=0.43..47.92 rows=11 width=4)
	        Index Cond: ((id >= 4443043) AND (id <= 4443052))

table 5 : explain SELECT SUM(k) FROM sbtest5 WHERE id BETWEEN 1109797 AND 1109806
	Aggregate  (cost=44.09..44.10 rows=1 width=8)
	  ->  Index Scan using sbtest5_pkey on sbtest5  (cost=0.43..44.07 rows=10 width=4)
	        Index Cond: ((id >= 1109797) AND (id <= 1109806))

table 6 : explain SELECT SUM(k) FROM sbtest6 WHERE id BETWEEN 2925256 AND 2925265
	Aggregate  (cost=44.03..44.04 rows=1 width=8)
	  ->  Index Scan using sbtest6_pkey on sbtest6  (cost=0.43..44.00 rows=10 width=4)
	        Index Cond: ((id >= 2925256) AND (id <= 2925265))

table 7 : explain SELECT SUM(k) FROM sbtest7 WHERE id BETWEEN 416219 AND 416228
	Aggregate  (cost=43.99..44.00 rows=1 width=8)
	  ->  Index Scan using sbtest7_pkey on sbtest7  (cost=0.43..43.97 rows=10 width=4)
	        Index Cond: ((id >= 416219) AND (id <= 416228))

table 8 : explain SELECT SUM(k) FROM sbtest8 WHERE id BETWEEN 775969 AND 775978
	Aggregate  (cost=43.95..43.96 rows=1 width=8)
	  ->  Index Scan using sbtest8_pkey on sbtest8  (cost=0.43..43.93 rows=10 width=4)
	        Index Cond: ((id >= 775969) AND (id <= 775978))

for: sum_ranges
table 1 : explain SELECT SUM(k) FROM sbtest1 WHERE id BETWEEN 7142303 AND 7142312
	Aggregate  (cost=48.05..48.06 rows=1 width=8)
	  ->  Index Scan using sbtest1_pkey on sbtest1  (cost=0.43..48.02 rows=11 width=4)
	        Index Cond: ((id >= 7142303) AND (id <= 7142312))

table 2 : explain SELECT SUM(k) FROM sbtest2 WHERE id BETWEEN 3837593 AND 3837602
	Aggregate  (cost=44.17..44.18 rows=1 width=8)
	  ->  Index Scan using sbtest2_pkey on sbtest2  (cost=0.43..44.15 rows=10 width=4)
	        Index Cond: ((id >= 3837593) AND (id <= 3837602))

table 3 : explain SELECT SUM(k) FROM sbtest3 WHERE id BETWEEN 1101559 AND 1101568
	Aggregate  (cost=40.15..40.16 rows=1 width=8)
	  ->  Index Scan using sbtest3_pkey on sbtest3  (cost=0.43..40.13 rows=9 width=4)
	        Index Cond: ((id >= 1101559) AND (id <= 1101568))

table 4 : explain SELECT SUM(k) FROM sbtest4 WHERE id BETWEEN 9778767 AND 9778776
	Aggregate  (cost=47.95..47.96 rows=1 width=8)
	  ->  Index Scan using sbtest4_pkey on sbtest4  (cost=0.43..47.92 rows=11 width=4)
	        Index Cond: ((id >= 9778767) AND (id <= 9778776))

table 5 : explain SELECT SUM(k) FROM sbtest5 WHERE id BETWEEN 7462084 AND 7462093
	Aggregate  (cost=44.09..44.10 rows=1 width=8)
	  ->  Index Scan using sbtest5_pkey on sbtest5  (cost=0.43..44.07 rows=10 width=4)
	        Index Cond: ((id >= 7462084) AND (id <= 7462093))

table 6 : explain SELECT SUM(k) FROM sbtest6 WHERE id BETWEEN 471984 AND 471993
	Aggregate  (cost=44.03..44.04 rows=1 width=8)
	  ->  Index Scan using sbtest6_pkey on sbtest6  (cost=0.43..44.00 rows=10 width=4)
	        Index Cond: ((id >= 471984) AND (id <= 471993))

table 7 : explain SELECT SUM(k) FROM sbtest7 WHERE id BETWEEN 1257750 AND 1257759
	Aggregate  (cost=43.99..44.00 rows=1 width=8)
	  ->  Index Scan using sbtest7_pkey on sbtest7  (cost=0.43..43.97 rows=10 width=4)
	        Index Cond: ((id >= 1257750) AND (id <= 1257759))

table 8 : explain SELECT SUM(k) FROM sbtest8 WHERE id BETWEEN 3724033 AND 3724042
	Aggregate  (cost=47.90..47.91 rows=1 width=8)
	  ->  Index Scan using sbtest8_pkey on sbtest8  (cost=0.43..47.87 rows=11 width=4)
	        Index Cond: ((id >= 3724033) AND (id <= 3724042))

for: sum_ranges
table 1 : explain SELECT SUM(k) FROM sbtest1 WHERE id BETWEEN 9303896 AND 9303905
	Aggregate  (cost=48.05..48.06 rows=1 width=8)
	  ->  Index Scan using sbtest1_pkey on sbtest1  (cost=0.43..48.02 rows=11 width=4)
	        Index Cond: ((id >= 9303896) AND (id <= 9303905))

table 2 : explain SELECT SUM(k) FROM sbtest2 WHERE id BETWEEN 1652133 AND 1652142
	Aggregate  (cost=44.17..44.18 rows=1 width=8)
	  ->  Index Scan using sbtest2_pkey on sbtest2  (cost=0.43..44.15 rows=10 width=4)
	        Index Cond: ((id >= 1652133) AND (id <= 1652142))

table 3 : explain SELECT SUM(k) FROM sbtest3 WHERE id BETWEEN 4147026 AND 4147035
	Aggregate  (cost=44.11..44.12 rows=1 width=8)
	  ->  Index Scan using sbtest3_pkey on sbtest3  (cost=0.43..44.08 rows=10 width=4)
	        Index Cond: ((id >= 4147026) AND (id <= 4147035))

table 4 : explain SELECT SUM(k) FROM sbtest4 WHERE id BETWEEN 428821 AND 428830
	Aggregate  (cost=40.05..40.06 rows=1 width=8)
	  ->  Index Scan using sbtest4_pkey on sbtest4  (cost=0.43..40.03 rows=9 width=4)
	        Index Cond: ((id >= 428821) AND (id <= 428830))

table 5 : explain SELECT SUM(k) FROM sbtest5 WHERE id BETWEEN 7388896 AND 7388905
	Aggregate  (cost=44.09..44.10 rows=1 width=8)
	  ->  Index Scan using sbtest5_pkey on sbtest5  (cost=0.43..44.07 rows=10 width=4)
	        Index Cond: ((id >= 7388896) AND (id <= 7388905))

table 6 : explain SELECT SUM(k) FROM sbtest6 WHERE id BETWEEN 6636004 AND 6636013
	Aggregate  (cost=47.98..47.99 rows=1 width=8)
	  ->  Index Scan using sbtest6_pkey on sbtest6  (cost=0.43..47.95 rows=11 width=4)
	        Index Cond: ((id >= 6636004) AND (id <= 6636013))

table 7 : explain SELECT SUM(k) FROM sbtest7 WHERE id BETWEEN 6446914 AND 6446923
	Aggregate  (cost=43.99..44.00 rows=1 width=8)
	  ->  Index Scan using sbtest7_pkey on sbtest7  (cost=0.43..43.97 rows=10 width=4)
	        Index Cond: ((id >= 6446914) AND (id <= 6446923))

table 8 : explain SELECT SUM(k) FROM sbtest8 WHERE id BETWEEN 5672102 AND 5672111
	Aggregate  (cost=40.01..40.02 rows=1 width=8)
	  ->  Index Scan using sbtest8_pkey on sbtest8  (cost=0.43..39.99 rows=9 width=4)
	        Index Cond: ((id >= 5672102) AND (id <= 5672111))

for: sum_ranges
table 1 : explain SELECT SUM(k) FROM sbtest1 WHERE id BETWEEN 4531358 AND 4531367
	Aggregate  (cost=48.05..48.06 rows=1 width=8)
	  ->  Index Scan using sbtest1_pkey on sbtest1  (cost=0.43..48.02 rows=11 width=4)
	        Index Cond: ((id >= 4531358) AND (id <= 4531367))

table 2 : explain SELECT SUM(k) FROM sbtest2 WHERE id BETWEEN 8189457 AND 8189466
	Aggregate  (cost=44.17..44.18 rows=1 width=8)
	  ->  Index Scan using sbtest2_pkey on sbtest2  (cost=0.43..44.15 rows=10 width=4)
	        Index Cond: ((id >= 8189457) AND (id <= 8189466))

table 3 : explain SELECT SUM(k) FROM sbtest3 WHERE id BETWEEN 5455001 AND 5455010
	Aggregate  (cost=44.11..44.12 rows=1 width=8)
	  ->  Index Scan using sbtest3_pkey on sbtest3  (cost=0.43..44.08 rows=10 width=4)
	        Index Cond: ((id >= 5455001) AND (id <= 5455010))

table 4 : explain SELECT SUM(k) FROM sbtest4 WHERE id BETWEEN 6765475 AND 6765484
	Aggregate  (cost=44.00..44.01 rows=1 width=8)
	  ->  Index Scan using sbtest4_pkey on sbtest4  (cost=0.43..43.97 rows=10 width=4)
	        Index Cond: ((id >= 6765475) AND (id <= 6765484))

table 5 : explain SELECT SUM(k) FROM sbtest5 WHERE id BETWEEN 8892509 AND 8892518
	Aggregate  (cost=44.09..44.10 rows=1 width=8)
	  ->  Index Scan using sbtest5_pkey on sbtest5  (cost=0.43..44.07 rows=10 width=4)
	        Index Cond: ((id >= 8892509) AND (id <= 8892518))

table 6 : explain SELECT SUM(k) FROM sbtest6 WHERE id BETWEEN 9528445 AND 9528454
	Aggregate  (cost=44.03..44.04 rows=1 width=8)
	  ->  Index Scan using sbtest6_pkey on sbtest6  (cost=0.43..44.00 rows=10 width=4)
	        Index Cond: ((id >= 9528445) AND (id <= 9528454))

table 7 : explain SELECT SUM(k) FROM sbtest7 WHERE id BETWEEN 9381270 AND 9381279
	Aggregate  (cost=43.99..44.00 rows=1 width=8)
	  ->  Index Scan using sbtest7_pkey on sbtest7  (cost=0.43..43.97 rows=10 width=4)
	        Index Cond: ((id >= 9381270) AND (id <= 9381279))

table 8 : explain SELECT SUM(k) FROM sbtest8 WHERE id BETWEEN 2409897 AND 2409906
	Aggregate  (cost=40.01..40.02 rows=1 width=8)
	  ->  Index Scan using sbtest8_pkey on sbtest8  (cost=0.43..39.99 rows=9 width=4)
	        Index Cond: ((id >= 2409897) AND (id <= 2409906))

for: simple_ranges
table 1 : explain SELECT c FROM sbtest1 WHERE id BETWEEN 9985663 AND 9985672
	Index Scan using sbtest1_pkey on sbtest1  (cost=0.43..48.02 rows=11 width=121)
	  Index Cond: ((id >= 9985663) AND (id <= 9985672))

table 2 : explain SELECT c FROM sbtest2 WHERE id BETWEEN 5054915 AND 5054924
	Index Scan using sbtest2_pkey on sbtest2  (cost=0.43..44.15 rows=10 width=121)
	  Index Cond: ((id >= 5054915) AND (id <= 5054924))

table 3 : explain SELECT c FROM sbtest3 WHERE id BETWEEN 7523154 AND 7523163
	Index Scan using sbtest3_pkey on sbtest3  (cost=0.43..40.13 rows=9 width=121)
	  Index Cond: ((id >= 7523154) AND (id <= 7523163))

table 4 : explain SELECT c FROM sbtest4 WHERE id BETWEEN 7317360 AND 7317369
	Index Scan using sbtest4_pkey on sbtest4  (cost=0.43..47.92 rows=11 width=121)
	  Index Cond: ((id >= 7317360) AND (id <= 7317369))

table 5 : explain SELECT c FROM sbtest5 WHERE id BETWEEN 7895478 AND 7895487
	Index Scan using sbtest5_pkey on sbtest5  (cost=0.43..44.07 rows=10 width=121)
	  Index Cond: ((id >= 7895478) AND (id <= 7895487))

table 6 : explain SELECT c FROM sbtest6 WHERE id BETWEEN 3560914 AND 3560923
	Index Scan using sbtest6_pkey on sbtest6  (cost=0.43..44.00 rows=10 width=121)
	  Index Cond: ((id >= 3560914) AND (id <= 3560923))

table 7 : explain SELECT c FROM sbtest7 WHERE id BETWEEN 7805076 AND 7805085
	Index Scan using sbtest7_pkey on sbtest7  (cost=0.43..47.91 rows=11 width=121)
	  Index Cond: ((id >= 7805076) AND (id <= 7805085))

table 8 : explain SELECT c FROM sbtest8 WHERE id BETWEEN 1632343 AND 1632352
	Index Scan using sbtest8_pkey on sbtest8  (cost=0.43..43.93 rows=10 width=121)
	  Index Cond: ((id >= 1632343) AND (id <= 1632352))

for: sum_ranges
table 1 : explain SELECT SUM(k) FROM sbtest1 WHERE id BETWEEN 3621757 AND 3621766
	Aggregate  (cost=44.09..44.10 rows=1 width=8)
	  ->  Index Scan using sbtest1_pkey on sbtest1  (cost=0.43..44.07 rows=10 width=4)
	        Index Cond: ((id >= 3621757) AND (id <= 3621766))

table 2 : explain SELECT SUM(k) FROM sbtest2 WHERE id BETWEEN 2769278 AND 2769287
	Aggregate  (cost=48.14..48.15 rows=1 width=8)
	  ->  Index Scan using sbtest2_pkey on sbtest2  (cost=0.43..48.11 rows=11 width=4)
	        Index Cond: ((id >= 2769278) AND (id <= 2769287))

table 3 : explain SELECT SUM(k) FROM sbtest3 WHERE id BETWEEN 9089729 AND 9089738
	Aggregate  (cost=44.11..44.12 rows=1 width=8)
	  ->  Index Scan using sbtest3_pkey on sbtest3  (cost=0.43..44.08 rows=10 width=4)
	        Index Cond: ((id >= 9089729) AND (id <= 9089738))

table 4 : explain SELECT SUM(k) FROM sbtest4 WHERE id BETWEEN 7635274 AND 7635283
	Aggregate  (cost=44.00..44.01 rows=1 width=8)
	  ->  Index Scan using sbtest4_pkey on sbtest4  (cost=0.43..43.97 rows=10 width=4)
	        Index Cond: ((id >= 7635274) AND (id <= 7635283))

table 5 : explain SELECT SUM(k) FROM sbtest5 WHERE id BETWEEN 5190847 AND 5190856
	Aggregate  (cost=48.05..48.06 rows=1 width=8)
	  ->  Index Scan using sbtest5_pkey on sbtest5  (cost=0.43..48.02 rows=11 width=4)
	        Index Cond: ((id >= 5190847) AND (id <= 5190856))

table 6 : explain SELECT SUM(k) FROM sbtest6 WHERE id BETWEEN 2963405 AND 2963414
	Aggregate  (cost=44.03..44.04 rows=1 width=8)
	  ->  Index Scan using sbtest6_pkey on sbtest6  (cost=0.43..44.00 rows=10 width=4)
	        Index Cond: ((id >= 2963405) AND (id <= 2963414))

table 7 : explain SELECT SUM(k) FROM sbtest7 WHERE id BETWEEN 7825651 AND 7825660
	Aggregate  (cost=43.99..44.00 rows=1 width=8)
	  ->  Index Scan using sbtest7_pkey on sbtest7  (cost=0.43..43.97 rows=10 width=4)
	        Index Cond: ((id >= 7825651) AND (id <= 7825660))

table 8 : explain SELECT SUM(k) FROM sbtest8 WHERE id BETWEEN 2185089 AND 2185098
	Aggregate  (cost=43.95..43.96 rows=1 width=8)
	  ->  Index Scan using sbtest8_pkey on sbtest8  (cost=0.43..43.93 rows=10 width=4)
	        Index Cond: ((id >= 2185089) AND (id <= 2185098))

for: simple_ranges
table 1 : explain SELECT c FROM sbtest1 WHERE id BETWEEN 2313243 AND 2313252
	Index Scan using sbtest1_pkey on sbtest1  (cost=0.43..48.02 rows=11 width=121)
	  Index Cond: ((id >= 2313243) AND (id <= 2313252))

table 2 : explain SELECT c FROM sbtest2 WHERE id BETWEEN 3191754 AND 3191763
	Index Scan using sbtest2_pkey on sbtest2  (cost=0.43..44.15 rows=10 width=121)
	  Index Cond: ((id >= 3191754) AND (id <= 3191763))

table 3 : explain SELECT c FROM sbtest3 WHERE id BETWEEN 9324943 AND 9324952
	Index Scan using sbtest3_pkey on sbtest3  (cost=0.43..44.08 rows=10 width=121)
	  Index Cond: ((id >= 9324943) AND (id <= 9324952))

table 4 : explain SELECT c FROM sbtest4 WHERE id BETWEEN 6973537 AND 6973546
	Index Scan using sbtest4_pkey on sbtest4  (cost=0.43..43.97 rows=10 width=121)
	  Index Cond: ((id >= 6973537) AND (id <= 6973546))

table 5 : explain SELECT c FROM sbtest5 WHERE id BETWEEN 4832752 AND 4832761
	Index Scan using sbtest5_pkey on sbtest5  (cost=0.43..40.11 rows=9 width=121)
	  Index Cond: ((id >= 4832752) AND (id <= 4832761))

table 6 : explain SELECT c FROM sbtest6 WHERE id BETWEEN 9287511 AND 9287520
	Index Scan using sbtest6_pkey on sbtest6  (cost=0.43..44.00 rows=10 width=121)
	  Index Cond: ((id >= 9287511) AND (id <= 9287520))

table 7 : explain SELECT c FROM sbtest7 WHERE id BETWEEN 7957821 AND 7957830
	Index Scan using sbtest7_pkey on sbtest7  (cost=0.43..40.02 rows=9 width=121)
	  Index Cond: ((id >= 7957821) AND (id <= 7957830))

table 8 : explain SELECT c FROM sbtest8 WHERE id BETWEEN 140984 AND 140993
	Index Scan using sbtest8_pkey on sbtest8  (cost=0.43..47.87 rows=11 width=121)
	  Index Cond: ((id >= 140984) AND (id <= 140993))

for: sum_ranges
table 1 : explain SELECT SUM(k) FROM sbtest1 WHERE id BETWEEN 4667483 AND 4667492
	Aggregate  (cost=44.09..44.10 rows=1 width=8)
	  ->  Index Scan using sbtest1_pkey on sbtest1  (cost=0.43..44.07 rows=10 width=4)
	        Index Cond: ((id >= 4667483) AND (id <= 4667492))

table 2 : explain SELECT SUM(k) FROM sbtest2 WHERE id BETWEEN 5751803 AND 5751812
	Aggregate  (cost=40.20..40.21 rows=1 width=8)
	  ->  Index Scan using sbtest2_pkey on sbtest2  (cost=0.43..40.18 rows=9 width=4)
	        Index Cond: ((id >= 5751803) AND (id <= 5751812))

table 3 : explain SELECT SUM(k) FROM sbtest3 WHERE id BETWEEN 9189710 AND 9189719
	Aggregate  (cost=44.11..44.12 rows=1 width=8)
	  ->  Index Scan using sbtest3_pkey on sbtest3  (cost=0.43..44.08 rows=10 width=4)
	        Index Cond: ((id >= 9189710) AND (id <= 9189719))

table 4 : explain SELECT SUM(k) FROM sbtest4 WHERE id BETWEEN 1172079 AND 1172088
	Aggregate  (cost=44.00..44.01 rows=1 width=8)
	  ->  Index Scan using sbtest4_pkey on sbtest4  (cost=0.43..43.97 rows=10 width=4)
	        Index Cond: ((id >= 1172079) AND (id <= 1172088))

table 5 : explain SELECT SUM(k) FROM sbtest5 WHERE id BETWEEN 2311845 AND 2311854
	Aggregate  (cost=44.09..44.10 rows=1 width=8)
	  ->  Index Scan using sbtest5_pkey on sbtest5  (cost=0.43..44.07 rows=10 width=4)
	        Index Cond: ((id >= 2311845) AND (id <= 2311854))

table 6 : explain SELECT SUM(k) FROM sbtest6 WHERE id BETWEEN 5121607 AND 5121616
	Aggregate  (cost=44.03..44.04 rows=1 width=8)
	  ->  Index Scan using sbtest6_pkey on sbtest6  (cost=0.43..44.00 rows=10 width=4)
	        Index Cond: ((id >= 5121607) AND (id <= 5121616))

table 7 : explain SELECT SUM(k) FROM sbtest7 WHERE id BETWEEN 4527160 AND 4527169
	Aggregate  (cost=43.99..44.00 rows=1 width=8)
	  ->  Index Scan using sbtest7_pkey on sbtest7  (cost=0.43..43.97 rows=10 width=4)
	        Index Cond: ((id >= 4527160) AND (id <= 4527169))

table 8 : explain SELECT SUM(k) FROM sbtest8 WHERE id BETWEEN 7558905 AND 7558914
	Aggregate  (cost=43.95..43.96 rows=1 width=8)
	  ->  Index Scan using sbtest8_pkey on sbtest8  (cost=0.43..43.93 rows=10 width=4)
	        Index Cond: ((id >= 7558905) AND (id <= 7558914))

for: sum_ranges
table 1 : explain SELECT SUM(k) FROM sbtest1 WHERE id BETWEEN 8646421 AND 8646430
	Aggregate  (cost=40.13..40.14 rows=1 width=8)
	  ->  Index Scan using sbtest1_pkey on sbtest1  (cost=0.43..40.11 rows=9 width=4)
	        Index Cond: ((id >= 8646421) AND (id <= 8646430))

table 2 : explain SELECT SUM(k) FROM sbtest2 WHERE id BETWEEN 9437733 AND 9437742
	Aggregate  (cost=40.20..40.21 rows=1 width=8)
	  ->  Index Scan using sbtest2_pkey on sbtest2  (cost=0.43..40.18 rows=9 width=4)
	        Index Cond: ((id >= 9437733) AND (id <= 9437742))

table 3 : explain SELECT SUM(k) FROM sbtest3 WHERE id BETWEEN 2777890 AND 2777899
	Aggregate  (cost=44.11..44.12 rows=1 width=8)
	  ->  Index Scan using sbtest3_pkey on sbtest3  (cost=0.43..44.08 rows=10 width=4)
	        Index Cond: ((id >= 2777890) AND (id <= 2777899))

table 4 : explain SELECT SUM(k) FROM sbtest4 WHERE id BETWEEN 8298640 AND 8298649
	Aggregate  (cost=44.00..44.01 rows=1 width=8)
	  ->  Index Scan using sbtest4_pkey on sbtest4  (cost=0.43..43.97 rows=10 width=4)
	        Index Cond: ((id >= 8298640) AND (id <= 8298649))

table 5 : explain SELECT SUM(k) FROM sbtest5 WHERE id BETWEEN 7893987 AND 7893996
	Aggregate  (cost=44.09..44.10 rows=1 width=8)
	  ->  Index Scan using sbtest5_pkey on sbtest5  (cost=0.43..44.07 rows=10 width=4)
	        Index Cond: ((id >= 7893987) AND (id <= 7893996))

table 6 : explain SELECT SUM(k) FROM sbtest6 WHERE id BETWEEN 5998776 AND 5998785
	Aggregate  (cost=40.07..40.08 rows=1 width=8)
	  ->  Index Scan using sbtest6_pkey on sbtest6  (cost=0.43..40.05 rows=9 width=4)
	        Index Cond: ((id >= 5998776) AND (id <= 5998785))

table 7 : explain SELECT SUM(k) FROM sbtest7 WHERE id BETWEEN 93504 AND 93513
	Aggregate  (cost=43.99..44.00 rows=1 width=8)
	  ->  Index Scan using sbtest7_pkey on sbtest7  (cost=0.43..43.97 rows=10 width=4)
	        Index Cond: ((id >= 93504) AND (id <= 93513))

table 8 : explain SELECT SUM(k) FROM sbtest8 WHERE id BETWEEN 2379311 AND 2379320
	Aggregate  (cost=40.01..40.02 rows=1 width=8)
	  ->  Index Scan using sbtest8_pkey on sbtest8  (cost=0.43..39.99 rows=9 width=4)
	        Index Cond: ((id >= 2379311) AND (id <= 2379320))

for point_selects
table 1 : explain SELECT c FROM sbtest1 WHERE id=7347736
	Index Scan using sbtest1_pkey on sbtest1  (cost=0.43..8.45 rows=1 width=121)
	  Index Cond: (id = 7347736)

table 2 : explain SELECT c FROM sbtest2 WHERE id=2438274
	Index Scan using sbtest2_pkey on sbtest2  (cost=0.43..8.45 rows=1 width=121)
	  Index Cond: (id = 2438274)

table 3 : explain SELECT c FROM sbtest3 WHERE id=9682978
	Index Scan using sbtest3_pkey on sbtest3  (cost=0.43..8.45 rows=1 width=121)
	  Index Cond: (id = 9682978)

table 4 : explain SELECT c FROM sbtest4 WHERE id=979726
	Index Scan using sbtest4_pkey on sbtest4  (cost=0.43..8.45 rows=1 width=121)
	  Index Cond: (id = 979726)

table 5 : explain SELECT c FROM sbtest5 WHERE id=6442133
	Index Scan using sbtest5_pkey on sbtest5  (cost=0.43..8.45 rows=1 width=121)
	  Index Cond: (id = 6442133)

table 6 : explain SELECT c FROM sbtest6 WHERE id=6790749
	Index Scan using sbtest6_pkey on sbtest6  (cost=0.43..8.45 rows=1 width=121)
	  Index Cond: (id = 6790749)

table 7 : explain SELECT c FROM sbtest7 WHERE id=6720617
	Index Scan using sbtest7_pkey on sbtest7  (cost=0.43..8.45 rows=1 width=121)
	  Index Cond: (id = 6720617)

table 8 : explain SELECT c FROM sbtest8 WHERE id=42811
	Index Scan using sbtest8_pkey on sbtest8  (cost=0.43..8.45 rows=1 width=121)
	  Index Cond: (id = 42811)

for: simple_ranges
table 1 : explain SELECT c FROM sbtest1 WHERE id BETWEEN 780357 AND 780366
	Index Scan using sbtest1_pkey on sbtest1  (cost=0.43..44.07 rows=10 width=121)
	  Index Cond: ((id >= 780357) AND (id <= 780366))

table 2 : explain SELECT c FROM sbtest2 WHERE id BETWEEN 4442560 AND 4442569
	Index Scan using sbtest2_pkey on sbtest2  (cost=0.43..44.15 rows=10 width=121)
	  Index Cond: ((id >= 4442560) AND (id <= 4442569))

table 3 : explain SELECT c FROM sbtest3 WHERE id BETWEEN 1294523 AND 1294532
	Index Scan using sbtest3_pkey on sbtest3  (cost=0.43..44.08 rows=10 width=121)
	  Index Cond: ((id >= 1294523) AND (id <= 1294532))

table 4 : explain SELECT c FROM sbtest4 WHERE id BETWEEN 443272 AND 443281
	Index Scan using sbtest4_pkey on sbtest4  (cost=0.43..40.03 rows=9 width=121)
	  Index Cond: ((id >= 443272) AND (id <= 443281))

table 5 : explain SELECT c FROM sbtest5 WHERE id BETWEEN 7117069 AND 7117078
	Index Scan using sbtest5_pkey on sbtest5  (cost=0.43..44.07 rows=10 width=121)
	  Index Cond: ((id >= 7117069) AND (id <= 7117078))

table 6 : explain SELECT c FROM sbtest6 WHERE id BETWEEN 3829526 AND 3829535
	Index Scan using sbtest6_pkey on sbtest6  (cost=0.43..44.00 rows=10 width=121)
	  Index Cond: ((id >= 3829526) AND (id <= 3829535))

table 7 : explain SELECT c FROM sbtest7 WHERE id BETWEEN 2734246 AND 2734255
	Index Scan using sbtest7_pkey on sbtest7  (cost=0.43..40.02 rows=9 width=121)
	  Index Cond: ((id >= 2734246) AND (id <= 2734255))

table 8 : explain SELECT c FROM sbtest8 WHERE id BETWEEN 7963517 AND 7963526
	Index Scan using sbtest8_pkey on sbtest8  (cost=0.43..43.93 rows=10 width=121)
	  Index Cond: ((id >= 7963517) AND (id <= 7963526))

for: order_ranges
table 1 : explain SELECT c FROM sbtest1 WHERE id BETWEEN 8671418 AND 8671427 ORDER BY c
	Sort  (cost=40.25..40.28 rows=9 width=121)
	  Sort Key: c
	  ->  Index Scan using sbtest1_pkey on sbtest1  (cost=0.43..40.11 rows=9 width=121)
	        Index Cond: ((id >= 8671418) AND (id <= 8671427))

table 2 : explain SELECT c FROM sbtest2 WHERE id BETWEEN 6558743 AND 6558752 ORDER BY c
	Sort  (cost=44.31..44.34 rows=10 width=121)
	  Sort Key: c
	  ->  Index Scan using sbtest2_pkey on sbtest2  (cost=0.43..44.15 rows=10 width=121)
	        Index Cond: ((id >= 6558743) AND (id <= 6558752))

table 3 : explain SELECT c FROM sbtest3 WHERE id BETWEEN 4382690 AND 4382699 ORDER BY c
	Sort  (cost=44.25..44.28 rows=10 width=121)
	  Sort Key: c
	  ->  Index Scan using sbtest3_pkey on sbtest3  (cost=0.43..44.08 rows=10 width=121)
	        Index Cond: ((id >= 4382690) AND (id <= 4382699))

table 4 : explain SELECT c FROM sbtest4 WHERE id BETWEEN 6712561 AND 6712570 ORDER BY c
	Sort  (cost=44.14..44.16 rows=10 width=121)
	  Sort Key: c
	  ->  Index Scan using sbtest4_pkey on sbtest4  (cost=0.43..43.97 rows=10 width=121)
	        Index Cond: ((id >= 6712561) AND (id <= 6712570))

table 5 : explain SELECT c FROM sbtest5 WHERE id BETWEEN 9748232 AND 9748241 ORDER BY c
	Sort  (cost=44.23..44.26 rows=10 width=121)
	  Sort Key: c
	  ->  Index Scan using sbtest5_pkey on sbtest5  (cost=0.43..44.07 rows=10 width=121)
	        Index Cond: ((id >= 9748232) AND (id <= 9748241))

table 6 : explain SELECT c FROM sbtest6 WHERE id BETWEEN 7609114 AND 7609123 ORDER BY c
	Sort  (cost=44.17..44.19 rows=10 width=121)
	  Sort Key: c
	  ->  Index Scan using sbtest6_pkey on sbtest6  (cost=0.43..44.00 rows=10 width=121)
	        Index Cond: ((id >= 7609114) AND (id <= 7609123))

table 7 : explain SELECT c FROM sbtest7 WHERE id BETWEEN 393295 AND 393304 ORDER BY c
	Sort  (cost=40.16..40.18 rows=9 width=121)
	  Sort Key: c
	  ->  Index Scan using sbtest7_pkey on sbtest7  (cost=0.43..40.02 rows=9 width=121)
	        Index Cond: ((id >= 393295) AND (id <= 393304))

table 8 : explain SELECT c FROM sbtest8 WHERE id BETWEEN 6675505 AND 6675514 ORDER BY c
	Sort  (cost=44.09..44.12 rows=10 width=121)
	  Sort Key: c
	  ->  Index Scan using sbtest8_pkey on sbtest8  (cost=0.43..43.93 rows=10 width=121)
	        Index Cond: ((id >= 6675505) AND (id <= 6675514))

for: sum_ranges
table 1 : explain SELECT SUM(k) FROM sbtest1 WHERE id BETWEEN 8815849 AND 8815858
	Aggregate  (cost=44.09..44.10 rows=1 width=8)
	  ->  Index Scan using sbtest1_pkey on sbtest1  (cost=0.43..44.07 rows=10 width=4)
	        Index Cond: ((id >= 8815849) AND (id <= 8815858))

table 2 : explain SELECT SUM(k) FROM sbtest2 WHERE id BETWEEN 3497644 AND 3497653
	Aggregate  (cost=40.20..40.21 rows=1 width=8)
	  ->  Index Scan using sbtest2_pkey on sbtest2  (cost=0.43..40.18 rows=9 width=4)
	        Index Cond: ((id >= 3497644) AND (id <= 3497653))

table 3 : explain SELECT SUM(k) FROM sbtest3 WHERE id BETWEEN 3760230 AND 3760239
	Aggregate  (cost=44.11..44.12 rows=1 width=8)
	  ->  Index Scan using sbtest3_pkey on sbtest3  (cost=0.43..44.08 rows=10 width=4)
	        Index Cond: ((id >= 3760230) AND (id <= 3760239))

table 4 : explain SELECT SUM(k) FROM sbtest4 WHERE id BETWEEN 6658699 AND 6658708
	Aggregate  (cost=44.00..44.01 rows=1 width=8)
	  ->  Index Scan using sbtest4_pkey on sbtest4  (cost=0.43..43.97 rows=10 width=4)
	        Index Cond: ((id >= 6658699) AND (id <= 6658708))

table 5 : explain SELECT SUM(k) FROM sbtest5 WHERE id BETWEEN 6325857 AND 6325866
	Aggregate  (cost=40.13..40.14 rows=1 width=8)
	  ->  Index Scan using sbtest5_pkey on sbtest5  (cost=0.43..40.11 rows=9 width=4)
	        Index Cond: ((id >= 6325857) AND (id <= 6325866))

table 6 : explain SELECT SUM(k) FROM sbtest6 WHERE id BETWEEN 9041946 AND 9041955
	Aggregate  (cost=44.03..44.04 rows=1 width=8)
	  ->  Index Scan using sbtest6_pkey on sbtest6  (cost=0.43..44.00 rows=10 width=4)
	        Index Cond: ((id >= 9041946) AND (id <= 9041955))

table 7 : explain SELECT SUM(k) FROM sbtest7 WHERE id BETWEEN 2444787 AND 2444796
	Aggregate  (cost=43.99..44.00 rows=1 width=8)
	  ->  Index Scan using sbtest7_pkey on sbtest7  (cost=0.43..43.97 rows=10 width=4)
	        Index Cond: ((id >= 2444787) AND (id <= 2444796))

table 8 : explain SELECT SUM(k) FROM sbtest8 WHERE id BETWEEN 3882725 AND 3882734
	Aggregate  (cost=43.95..43.96 rows=1 width=8)
	  ->  Index Scan using sbtest8_pkey on sbtest8  (cost=0.43..43.93 rows=10 width=4)
	        Index Cond: ((id >= 3882725) AND (id <= 3882734))

for: sum_ranges
table 1 : explain SELECT SUM(k) FROM sbtest1 WHERE id BETWEEN 7430940 AND 7430949
	Aggregate  (cost=44.09..44.10 rows=1 width=8)
	  ->  Index Scan using sbtest1_pkey on sbtest1  (cost=0.43..44.07 rows=10 width=4)
	        Index Cond: ((id >= 7430940) AND (id <= 7430949))

table 2 : explain SELECT SUM(k) FROM sbtest2 WHERE id BETWEEN 8203924 AND 8203933
	Aggregate  (cost=44.17..44.18 rows=1 width=8)
	  ->  Index Scan using sbtest2_pkey on sbtest2  (cost=0.43..44.15 rows=10 width=4)
	        Index Cond: ((id >= 8203924) AND (id <= 8203933))

table 3 : explain SELECT SUM(k) FROM sbtest3 WHERE id BETWEEN 4690537 AND 4690546
	Aggregate  (cost=44.11..44.12 rows=1 width=8)
	  ->  Index Scan using sbtest3_pkey on sbtest3  (cost=0.43..44.08 rows=10 width=4)
	        Index Cond: ((id >= 4690537) AND (id <= 4690546))

table 4 : explain SELECT SUM(k) FROM sbtest4 WHERE id BETWEEN 5647254 AND 5647263
	Aggregate  (cost=47.95..47.96 rows=1 width=8)
	  ->  Index Scan using sbtest4_pkey on sbtest4  (cost=0.43..47.92 rows=11 width=4)
	        Index Cond: ((id >= 5647254) AND (id <= 5647263))

table 5 : explain SELECT SUM(k) FROM sbtest5 WHERE id BETWEEN 8924825 AND 8924834
	Aggregate  (cost=48.05..48.06 rows=1 width=8)
	  ->  Index Scan using sbtest5_pkey on sbtest5  (cost=0.43..48.02 rows=11 width=4)
	        Index Cond: ((id >= 8924825) AND (id <= 8924834))

table 6 : explain SELECT SUM(k) FROM sbtest6 WHERE id BETWEEN 6589282 AND 6589291
	Aggregate  (cost=47.98..47.99 rows=1 width=8)
	  ->  Index Scan using sbtest6_pkey on sbtest6  (cost=0.43..47.95 rows=11 width=4)
	        Index Cond: ((id >= 6589282) AND (id <= 6589291))

table 7 : explain SELECT SUM(k) FROM sbtest7 WHERE id BETWEEN 6758083 AND 6758092
	Aggregate  (cost=43.99..44.00 rows=1 width=8)
	  ->  Index Scan using sbtest7_pkey on sbtest7  (cost=0.43..43.97 rows=10 width=4)
	        Index Cond: ((id >= 6758083) AND (id <= 6758092))

table 8 : explain SELECT SUM(k) FROM sbtest8 WHERE id BETWEEN 9172274 AND 9172283
	Aggregate  (cost=43.95..43.96 rows=1 width=8)
	  ->  Index Scan using sbtest8_pkey on sbtest8  (cost=0.43..43.93 rows=10 width=4)
	        Index Cond: ((id >= 9172274) AND (id <= 9172283))

for: simple_ranges
table 1 : explain SELECT c FROM sbtest1 WHERE id BETWEEN 3367157 AND 3367166
	Index Scan using sbtest1_pkey on sbtest1  (cost=0.43..44.07 rows=10 width=121)
	  Index Cond: ((id >= 3367157) AND (id <= 3367166))

table 2 : explain SELECT c FROM sbtest2 WHERE id BETWEEN 6788679 AND 6788688
	Index Scan using sbtest2_pkey on sbtest2  (cost=0.43..44.15 rows=10 width=121)
	  Index Cond: ((id >= 6788679) AND (id <= 6788688))

table 3 : explain SELECT c FROM sbtest3 WHERE id BETWEEN 7817274 AND 7817283
	Index Scan using sbtest3_pkey on sbtest3  (cost=0.43..48.04 rows=11 width=121)
	  Index Cond: ((id >= 7817274) AND (id <= 7817283))

table 4 : explain SELECT c FROM sbtest4 WHERE id BETWEEN 1699953 AND 1699962
	Index Scan using sbtest4_pkey on sbtest4  (cost=0.43..43.97 rows=10 width=121)
	  Index Cond: ((id >= 1699953) AND (id <= 1699962))

table 5 : explain SELECT c FROM sbtest5 WHERE id BETWEEN 8246903 AND 8246912
	Index Scan using sbtest5_pkey on sbtest5  (cost=0.43..44.07 rows=10 width=121)
	  Index Cond: ((id >= 8246903) AND (id <= 8246912))

table 6 : explain SELECT c FROM sbtest6 WHERE id BETWEEN 1660570 AND 1660579
	Index Scan using sbtest6_pkey on sbtest6  (cost=0.43..44.00 rows=10 width=121)
	  Index Cond: ((id >= 1660570) AND (id <= 1660579))

table 7 : explain SELECT c FROM sbtest7 WHERE id BETWEEN 7740644 AND 7740653
	Index Scan using sbtest7_pkey on sbtest7  (cost=0.43..47.91 rows=11 width=121)
	  Index Cond: ((id >= 7740644) AND (id <= 7740653))

table 8 : explain SELECT c FROM sbtest8 WHERE id BETWEEN 3508338 AND 3508347
	Index Scan using sbtest8_pkey on sbtest8  (cost=0.43..43.93 rows=10 width=121)
	  Index Cond: ((id >= 3508338) AND (id <= 3508347))

for: simple_ranges
table 1 : explain SELECT c FROM sbtest1 WHERE id BETWEEN 2106796 AND 2106805
	Index Scan using sbtest1_pkey on sbtest1  (cost=0.43..44.07 rows=10 width=121)
	  Index Cond: ((id >= 2106796) AND (id <= 2106805))

table 2 : explain SELECT c FROM sbtest2 WHERE id BETWEEN 5826627 AND 5826636
	Index Scan using sbtest2_pkey on sbtest2  (cost=0.43..44.15 rows=10 width=121)
	  Index Cond: ((id >= 5826627) AND (id <= 5826636))

table 3 : explain SELECT c FROM sbtest3 WHERE id BETWEEN 9489824 AND 9489833
	Index Scan using sbtest3_pkey on sbtest3  (cost=0.43..44.08 rows=10 width=121)
	  Index Cond: ((id >= 9489824) AND (id <= 9489833))

table 4 : explain SELECT c FROM sbtest4 WHERE id BETWEEN 2707903 AND 2707912
	Index Scan using sbtest4_pkey on sbtest4  (cost=0.43..43.97 rows=10 width=121)
	  Index Cond: ((id >= 2707903) AND (id <= 2707912))

table 5 : explain SELECT c FROM sbtest5 WHERE id BETWEEN 3731412 AND 3731421
	Index Scan using sbtest5_pkey on sbtest5  (cost=0.43..44.07 rows=10 width=121)
	  Index Cond: ((id >= 3731412) AND (id <= 3731421))

table 6 : explain SELECT c FROM sbtest6 WHERE id BETWEEN 1327664 AND 1327673
	Index Scan using sbtest6_pkey on sbtest6  (cost=0.43..40.05 rows=9 width=121)
	  Index Cond: ((id >= 1327664) AND (id <= 1327673))

table 7 : explain SELECT c FROM sbtest7 WHERE id BETWEEN 6975651 AND 6975660
	Index Scan using sbtest7_pkey on sbtest7  (cost=0.43..43.97 rows=10 width=121)
	  Index Cond: ((id >= 6975651) AND (id <= 6975660))

table 8 : explain SELECT c FROM sbtest8 WHERE id BETWEEN 2621121 AND 2621130
	Index Scan using sbtest8_pkey on sbtest8  (cost=0.43..43.93 rows=10 width=121)
	  Index Cond: ((id >= 2621121) AND (id <= 2621130))

for: simple_ranges
table 1 : explain SELECT c FROM sbtest1 WHERE id BETWEEN 2386378 AND 2386387
	Index Scan using sbtest1_pkey on sbtest1  (cost=0.43..48.02 rows=11 width=121)
	  Index Cond: ((id >= 2386378) AND (id <= 2386387))

table 2 : explain SELECT c FROM sbtest2 WHERE id BETWEEN 5135790 AND 5135799
	Index Scan using sbtest2_pkey on sbtest2  (cost=0.43..44.15 rows=10 width=121)
	  Index Cond: ((id >= 5135790) AND (id <= 5135799))

table 3 : explain SELECT c FROM sbtest3 WHERE id BETWEEN 2424180 AND 2424189
	Index Scan using sbtest3_pkey on sbtest3  (cost=0.43..48.04 rows=11 width=121)
	  Index Cond: ((id >= 2424180) AND (id <= 2424189))

table 4 : explain SELECT c FROM sbtest4 WHERE id BETWEEN 2525963 AND 2525972
	Index Scan using sbtest4_pkey on sbtest4  (cost=0.43..43.97 rows=10 width=121)
	  Index Cond: ((id >= 2525963) AND (id <= 2525972))

table 5 : explain SELECT c FROM sbtest5 WHERE id BETWEEN 118784 AND 118793
	Index Scan using sbtest5_pkey on sbtest5  (cost=0.43..44.07 rows=10 width=121)
	  Index Cond: ((id >= 118784) AND (id <= 118793))

table 6 : explain SELECT c FROM sbtest6 WHERE id BETWEEN 6296217 AND 6296226
	Index Scan using sbtest6_pkey on sbtest6  (cost=0.43..44.00 rows=10 width=121)
	  Index Cond: ((id >= 6296217) AND (id <= 6296226))

table 7 : explain SELECT c FROM sbtest7 WHERE id BETWEEN 7594678 AND 7594687
	Index Scan using sbtest7_pkey on sbtest7  (cost=0.43..40.02 rows=9 width=121)
	  Index Cond: ((id >= 7594678) AND (id <= 7594687))

table 8 : explain SELECT c FROM sbtest8 WHERE id BETWEEN 3276069 AND 3276078
	Index Scan using sbtest8_pkey on sbtest8  (cost=0.43..39.99 rows=9 width=121)
	  Index Cond: ((id >= 3276069) AND (id <= 3276078))
for: simple_ranges
table 1 : explain SELECT c FROM sbtest1 WHERE id BETWEEN 3326924 AND 3326933
	Index Scan using sbtest1_pkey on sbtest1  (cost=0.43..44.07 rows=10 width=121)
	  Index Cond: ((id >= 3326924) AND (id <= 3326933))

table 2 : explain SELECT c FROM sbtest2 WHERE id BETWEEN 1493653 AND 1493662
	Index Scan using sbtest2_pkey on sbtest2  (cost=0.43..44.15 rows=10 width=121)
	  Index Cond: ((id >= 1493653) AND (id <= 1493662))

table 3 : explain SELECT c FROM sbtest3 WHERE id BETWEEN 7312392 AND 7312401
	Index Scan using sbtest3_pkey on sbtest3  (cost=0.43..44.08 rows=10 width=121)
	  Index Cond: ((id >= 7312392) AND (id <= 7312401))

table 4 : explain SELECT c FROM sbtest4 WHERE id BETWEEN 2565574 AND 2565583
	Index Scan using sbtest4_pkey on sbtest4  (cost=0.43..43.97 rows=10 width=121)
	  Index Cond: ((id >= 2565574) AND (id <= 2565583))

table 5 : explain SELECT c FROM sbtest5 WHERE id BETWEEN 8902973 AND 8902982
	Index Scan using sbtest5_pkey on sbtest5  (cost=0.43..48.02 rows=11 width=121)
	  Index Cond: ((id >= 8902973) AND (id <= 8902982))

table 6 : explain SELECT c FROM sbtest6 WHERE id BETWEEN 443244 AND 443253
	Index Scan using sbtest6_pkey on sbtest6  (cost=0.43..44.00 rows=10 width=121)
	  Index Cond: ((id >= 443244) AND (id <= 443253))

table 7 : explain SELECT c FROM sbtest7 WHERE id BETWEEN 455909 AND 455918
	Index Scan using sbtest7_pkey on sbtest7  (cost=0.43..43.97 rows=10 width=121)
	  Index Cond: ((id >= 455909) AND (id <= 455918))

table 8 : explain SELECT c FROM sbtest8 WHERE id BETWEEN 9181048 AND 9181057
	Index Scan using sbtest8_pkey on sbtest8  (cost=0.43..43.93 rows=10 width=121)
	  Index Cond: ((id >= 9181048) AND (id <= 9181057))


for: order_ranges
table 1 : explain SELECT c FROM sbtest1 WHERE id BETWEEN 8899805 AND 8899814 ORDER BY c
	Sort  (cost=44.23..44.26 rows=10 width=121)
	  Sort Key: c
	  ->  Index Scan using sbtest1_pkey on sbtest1  (cost=0.43..44.07 rows=10 width=121)
	        Index Cond: ((id >= 8899805) AND (id <= 8899814))

table 2 : explain SELECT c FROM sbtest2 WHERE id BETWEEN 8465179 AND 8465188 ORDER BY c
	Sort  (cost=44.31..44.34 rows=10 width=121)
	  Sort Key: c
	  ->  Index Scan using sbtest2_pkey on sbtest2  (cost=0.43..44.15 rows=10 width=121)
	        Index Cond: ((id >= 8465179) AND (id <= 8465188))

table 3 : explain SELECT c FROM sbtest3 WHERE id BETWEEN 2490838 AND 2490847 ORDER BY c
	Sort  (cost=40.27..40.29 rows=9 width=121)
	  Sort Key: c
	  ->  Index Scan using sbtest3_pkey on sbtest3  (cost=0.43..40.13 rows=9 width=121)
	        Index Cond: ((id >= 2490838) AND (id <= 2490847))

table 4 : explain SELECT c FROM sbtest4 WHERE id BETWEEN 9551895 AND 9551904 ORDER BY c
	Sort  (cost=44.14..44.16 rows=10 width=121)
	  Sort Key: c
	  ->  Index Scan using sbtest4_pkey on sbtest4  (cost=0.43..43.97 rows=10 width=121)
	        Index Cond: ((id >= 9551895) AND (id <= 9551904))

table 5 : explain SELECT c FROM sbtest5 WHERE id BETWEEN 3519303 AND 3519312 ORDER BY c
	Sort  (cost=44.23..44.26 rows=10 width=121)
	  Sort Key: c
	  ->  Index Scan using sbtest5_pkey on sbtest5  (cost=0.43..44.07 rows=10 width=121)
	        Index Cond: ((id >= 3519303) AND (id <= 3519312))

table 6 : explain SELECT c FROM sbtest6 WHERE id BETWEEN 5488421 AND 5488430 ORDER BY c
	Sort  (cost=40.19..40.22 rows=9 width=121)
	  Sort Key: c
	  ->  Index Scan using sbtest6_pkey on sbtest6  (cost=0.43..40.05 rows=9 width=121)
	        Index Cond: ((id >= 5488421) AND (id <= 5488430))

table 7 : explain SELECT c FROM sbtest7 WHERE id BETWEEN 6599044 AND 6599053 ORDER BY c
	Sort  (cost=44.13..44.16 rows=10 width=121)
	  Sort Key: c
	  ->  Index Scan using sbtest7_pkey on sbtest7  (cost=0.43..43.97 rows=10 width=121)
	        Index Cond: ((id >= 6599044) AND (id <= 6599053))

table 8 : explain SELECT c FROM sbtest8 WHERE id BETWEEN 6070893 AND 6070902 ORDER BY c
	Sort  (cost=40.13..40.15 rows=9 width=121)
	  Sort Key: c
	  ->  Index Scan using sbtest8_pkey on sbtest8  (cost=0.43..39.99 rows=9 width=121)
	        Index Cond: ((id >= 6070893) AND (id <= 6070902))

for: simple_ranges
table 1 : explain SELECT c FROM sbtest1 WHERE id BETWEEN 2026938 AND 2026947
	Index Scan using sbtest1_pkey on sbtest1  (cost=0.43..44.07 rows=10 width=121)
	  Index Cond: ((id >= 2026938) AND (id <= 2026947))

table 2 : explain SELECT c FROM sbtest2 WHERE id BETWEEN 7760614 AND 7760623
	Index Scan using sbtest2_pkey on sbtest2  (cost=0.43..44.15 rows=10 width=121)
	  Index Cond: ((id >= 7760614) AND (id <= 7760623))

table 3 : explain SELECT c FROM sbtest3 WHERE id BETWEEN 3212241 AND 3212250
	Index Scan using sbtest3_pkey on sbtest3  (cost=0.43..44.08 rows=10 width=121)
	  Index Cond: ((id >= 3212241) AND (id <= 3212250))

table 4 : explain SELECT c FROM sbtest4 WHERE id BETWEEN 6261625 AND 6261634
	Index Scan using sbtest4_pkey on sbtest4  (cost=0.43..40.03 rows=9 width=121)
	  Index Cond: ((id >= 6261625) AND (id <= 6261634))

table 5 : explain SELECT c FROM sbtest5 WHERE id BETWEEN 7134853 AND 7134862
	Index Scan using sbtest5_pkey on sbtest5  (cost=0.43..44.07 rows=10 width=121)
	  Index Cond: ((id >= 7134853) AND (id <= 7134862))

table 6 : explain SELECT c FROM sbtest6 WHERE id BETWEEN 6425721 AND 6425730
	Index Scan using sbtest6_pkey on sbtest6  (cost=0.43..44.00 rows=10 width=121)
	  Index Cond: ((id >= 6425721) AND (id <= 6425730))

table 7 : explain SELECT c FROM sbtest7 WHERE id BETWEEN 6375251 AND 6375260
	Index Scan using sbtest7_pkey on sbtest7  (cost=0.43..43.97 rows=10 width=121)
	  Index Cond: ((id >= 6375251) AND (id <= 6375260))

table 8 : explain SELECT c FROM sbtest8 WHERE id BETWEEN 2737407 AND 2737416
	Index Scan using sbtest8_pkey on sbtest8  (cost=0.43..39.99 rows=9 width=121)
	  Index Cond: ((id >= 2737407) AND (id <= 2737416))

for: order_ranges
table 1 : explain SELECT c FROM sbtest1 WHERE id BETWEEN 141336 AND 141345 ORDER BY c
	Sort  (cost=44.23..44.26 rows=10 width=121)
	  Sort Key: c
	  ->  Index Scan using sbtest1_pkey on sbtest1  (cost=0.43..44.07 rows=10 width=121)
	        Index Cond: ((id >= 141336) AND (id <= 141345))

table 2 : explain SELECT c FROM sbtest2 WHERE id BETWEEN 4255206 AND 4255215 ORDER BY c
	Sort  (cost=44.31..44.34 rows=10 width=121)
	  Sort Key: c
	  ->  Index Scan using sbtest2_pkey on sbtest2  (cost=0.43..44.15 rows=10 width=121)
	        Index Cond: ((id >= 4255206) AND (id <= 4255215))

table 3 : explain SELECT c FROM sbtest3 WHERE id BETWEEN 1266174 AND 1266183 ORDER BY c
	Sort  (cost=44.25..44.28 rows=10 width=121)
	  Sort Key: c
	  ->  Index Scan using sbtest3_pkey on sbtest3  (cost=0.43..44.08 rows=10 width=121)
	        Index Cond: ((id >= 1266174) AND (id <= 1266183))

table 4 : explain SELECT c FROM sbtest4 WHERE id BETWEEN 8927698 AND 8927707 ORDER BY c
	Sort  (cost=40.17..40.19 rows=9 width=121)
	  Sort Key: c
	  ->  Index Scan using sbtest4_pkey on sbtest4  (cost=0.43..40.03 rows=9 width=121)
	        Index Cond: ((id >= 8927698) AND (id <= 8927707))

table 5 : explain SELECT c FROM sbtest5 WHERE id BETWEEN 5310848 AND 5310857 ORDER BY c
	Sort  (cost=44.23..44.26 rows=10 width=121)
	  Sort Key: c
	  ->  Index Scan using sbtest5_pkey on sbtest5  (cost=0.43..44.07 rows=10 width=121)
	        Index Cond: ((id >= 5310848) AND (id <= 5310857))

table 6 : explain SELECT c FROM sbtest6 WHERE id BETWEEN 4750630 AND 4750639 ORDER BY c
	Sort  (cost=40.19..40.22 rows=9 width=121)
	  Sort Key: c
	  ->  Index Scan using sbtest6_pkey on sbtest6  (cost=0.43..40.05 rows=9 width=121)
	        Index Cond: ((id >= 4750630) AND (id <= 4750639))

table 7 : explain SELECT c FROM sbtest7 WHERE id BETWEEN 8742422 AND 8742431 ORDER BY c
	Sort  (cost=44.13..44.16 rows=10 width=121)
	  Sort Key: c
	  ->  Index Scan using sbtest7_pkey on sbtest7  (cost=0.43..43.97 rows=10 width=121)
	        Index Cond: ((id >= 8742422) AND (id <= 8742431))

table 8 : explain SELECT c FROM sbtest8 WHERE id BETWEEN 7033122 AND 7033131 ORDER BY c
	Sort  (cost=40.13..40.15 rows=9 width=121)
	  Sort Key: c
	  ->  Index Scan using sbtest8_pkey on sbtest8  (cost=0.43..39.99 rows=9 width=121)
	        Index Cond: ((id >= 7033122) AND (id <= 7033131))

for: order_ranges
table 1 : explain SELECT c FROM sbtest1 WHERE id BETWEEN 6303070 AND 6303079 ORDER BY c
	Sort  (cost=44.23..44.26 rows=10 width=121)
	  Sort Key: c
	  ->  Index Scan using sbtest1_pkey on sbtest1  (cost=0.43..44.07 rows=10 width=121)
	        Index Cond: ((id >= 6303070) AND (id <= 6303079))

table 2 : explain SELECT c FROM sbtest2 WHERE id BETWEEN 6470438 AND 6470447 ORDER BY c
	Sort  (cost=48.30..48.33 rows=11 width=121)
	  Sort Key: c
	  ->  Index Scan using sbtest2_pkey on sbtest2  (cost=0.43..48.11 rows=11 width=121)
	        Index Cond: ((id >= 6470438) AND (id <= 6470447))

table 3 : explain SELECT c FROM sbtest3 WHERE id BETWEEN 7682757 AND 7682766 ORDER BY c
	Sort  (cost=44.25..44.28 rows=10 width=121)
	  Sort Key: c
	  ->  Index Scan using sbtest3_pkey on sbtest3  (cost=0.43..44.08 rows=10 width=121)
	        Index Cond: ((id >= 7682757) AND (id <= 7682766))

table 4 : explain SELECT c FROM sbtest4 WHERE id BETWEEN 718990 AND 718999 ORDER BY c
	Sort  (cost=48.11..48.14 rows=11 width=121)
	  Sort Key: c
	  ->  Index Scan using sbtest4_pkey on sbtest4  (cost=0.43..47.92 rows=11 width=121)
	        Index Cond: ((id >= 718990) AND (id <= 718999))

table 5 : explain SELECT c FROM sbtest5 WHERE id BETWEEN 2025204 AND 2025213 ORDER BY c
	Sort  (cost=44.23..44.26 rows=10 width=121)
	  Sort Key: c
	  ->  Index Scan using sbtest5_pkey on sbtest5  (cost=0.43..44.07 rows=10 width=121)
	        Index Cond: ((id >= 2025204) AND (id <= 2025213))

table 6 : explain SELECT c FROM sbtest6 WHERE id BETWEEN 1968740 AND 1968749 ORDER BY c
	Sort  (cost=44.17..44.19 rows=10 width=121)
	  Sort Key: c
	  ->  Index Scan using sbtest6_pkey on sbtest6  (cost=0.43..44.00 rows=10 width=121)
	        Index Cond: ((id >= 1968740) AND (id <= 1968749))

table 7 : explain SELECT c FROM sbtest7 WHERE id BETWEEN 3889605 AND 3889614 ORDER BY c
	Sort  (cost=44.13..44.16 rows=10 width=121)
	  Sort Key: c
	  ->  Index Scan using sbtest7_pkey on sbtest7  (cost=0.43..43.97 rows=10 width=121)
	        Index Cond: ((id >= 3889605) AND (id <= 3889614))

table 8 : explain SELECT c FROM sbtest8 WHERE id BETWEEN 4668082 AND 4668091 ORDER BY c
	Sort  (cost=40.13..40.15 rows=9 width=121)
	  Sort Key: c
	  ->  Index Scan using sbtest8_pkey on sbtest8  (cost=0.43..39.99 rows=9 width=121)
	        Index Cond: ((id >= 4668082) AND (id <= 4668091))

for: order_ranges
table 1 : explain SELECT c FROM sbtest1 WHERE id BETWEEN 7832480 AND 7832489 ORDER BY c
	Sort  (cost=44.23..44.26 rows=10 width=121)
	  Sort Key: c
	  ->  Index Scan using sbtest1_pkey on sbtest1  (cost=0.43..44.07 rows=10 width=121)
	        Index Cond: ((id >= 7832480) AND (id <= 7832489))

table 2 : explain SELECT c FROM sbtest2 WHERE id BETWEEN 3942671 AND 3942680 ORDER BY c
	Sort  (cost=40.32..40.35 rows=9 width=121)
	  Sort Key: c
	  ->  Index Scan using sbtest2_pkey on sbtest2  (cost=0.43..40.18 rows=9 width=121)
	        Index Cond: ((id >= 3942671) AND (id <= 3942680))

table 3 : explain SELECT c FROM sbtest3 WHERE id BETWEEN 8594480 AND 8594489 ORDER BY c
	Sort  (cost=40.27..40.29 rows=9 width=121)
	  Sort Key: c
	  ->  Index Scan using sbtest3_pkey on sbtest3  (cost=0.43..40.13 rows=9 width=121)
	        Index Cond: ((id >= 8594480) AND (id <= 8594489))

table 4 : explain SELECT c FROM sbtest4 WHERE id BETWEEN 6369204 AND 6369213 ORDER BY c
	Sort  (cost=44.14..44.16 rows=10 width=121)
	  Sort Key: c
	  ->  Index Scan using sbtest4_pkey on sbtest4  (cost=0.43..43.97 rows=10 width=121)
	        Index Cond: ((id >= 6369204) AND (id <= 6369213))

table 5 : explain SELECT c FROM sbtest5 WHERE id BETWEEN 2680488 AND 2680497 ORDER BY c
	Sort  (cost=44.23..44.26 rows=10 width=121)
	  Sort Key: c
	  ->  Index Scan using sbtest5_pkey on sbtest5  (cost=0.43..44.07 rows=10 width=121)
	        Index Cond: ((id >= 2680488) AND (id <= 2680497))

table 6 : explain SELECT c FROM sbtest6 WHERE id BETWEEN 9198600 AND 9198609 ORDER BY c
	Sort  (cost=44.17..44.19 rows=10 width=121)
	  Sort Key: c
	  ->  Index Scan using sbtest6_pkey on sbtest6  (cost=0.43..44.00 rows=10 width=121)
	        Index Cond: ((id >= 9198600) AND (id <= 9198609))

table 7 : explain SELECT c FROM sbtest7 WHERE id BETWEEN 6821784 AND 6821793 ORDER BY c
	Sort  (cost=44.13..44.16 rows=10 width=121)
	  Sort Key: c
	  ->  Index Scan using sbtest7_pkey on sbtest7  (cost=0.43..43.97 rows=10 width=121)
	        Index Cond: ((id >= 6821784) AND (id <= 6821793))

table 8 : explain SELECT c FROM sbtest8 WHERE id BETWEEN 8101870 AND 8101879 ORDER BY c
	Sort  (cost=40.13..40.15 rows=9 width=121)
	  Sort Key: c
	  ->  Index Scan using sbtest8_pkey on sbtest8  (cost=0.43..39.99 rows=9 width=121)
	        Index Cond: ((id >= 8101870) AND (id <= 8101879))

for: sum_ranges
table 1 : explain SELECT SUM(k) FROM sbtest1 WHERE id BETWEEN 1189061 AND 1189070
	Aggregate  (cost=44.09..44.10 rows=1 width=8)
	  ->  Index Scan using sbtest1_pkey on sbtest1  (cost=0.43..44.07 rows=10 width=4)
	        Index Cond: ((id >= 1189061) AND (id <= 1189070))

table 2 : explain SELECT SUM(k) FROM sbtest2 WHERE id BETWEEN 2113104 AND 2113113
	Aggregate  (cost=44.17..44.18 rows=1 width=8)
	  ->  Index Scan using sbtest2_pkey on sbtest2  (cost=0.43..44.15 rows=10 width=4)
	        Index Cond: ((id >= 2113104) AND (id <= 2113113))

table 3 : explain SELECT SUM(k) FROM sbtest3 WHERE id BETWEEN 5023883 AND 5023892
	Aggregate  (cost=44.11..44.12 rows=1 width=8)
	  ->  Index Scan using sbtest3_pkey on sbtest3  (cost=0.43..44.08 rows=10 width=4)
	        Index Cond: ((id >= 5023883) AND (id <= 5023892))

table 4 : explain SELECT SUM(k) FROM sbtest4 WHERE id BETWEEN 1738812 AND 1738821
	Aggregate  (cost=44.00..44.01 rows=1 width=8)
	  ->  Index Scan using sbtest4_pkey on sbtest4  (cost=0.43..43.97 rows=10 width=4)
	        Index Cond: ((id >= 1738812) AND (id <= 1738821))

table 5 : explain SELECT SUM(k) FROM sbtest5 WHERE id BETWEEN 4808555 AND 4808564
	Aggregate  (cost=40.13..40.14 rows=1 width=8)
	  ->  Index Scan using sbtest5_pkey on sbtest5  (cost=0.43..40.11 rows=9 width=4)
	        Index Cond: ((id >= 4808555) AND (id <= 4808564))

table 6 : explain SELECT SUM(k) FROM sbtest6 WHERE id BETWEEN 6132668 AND 6132677
	Aggregate  (cost=44.03..44.04 rows=1 width=8)
	  ->  Index Scan using sbtest6_pkey on sbtest6  (cost=0.43..44.00 rows=10 width=4)
	        Index Cond: ((id >= 6132668) AND (id <= 6132677))

table 7 : explain SELECT SUM(k) FROM sbtest7 WHERE id BETWEEN 4800587 AND 4800596
	Aggregate  (cost=43.99..44.00 rows=1 width=8)
	  ->  Index Scan using sbtest7_pkey on sbtest7  (cost=0.43..43.97 rows=10 width=4)
	        Index Cond: ((id >= 4800587) AND (id <= 4800596))

table 8 : explain SELECT SUM(k) FROM sbtest8 WHERE id BETWEEN 8254954 AND 8254963
	Aggregate  (cost=43.95..43.96 rows=1 width=8)
	  ->  Index Scan using sbtest8_pkey on sbtest8  (cost=0.43..43.93 rows=10 width=4)
	        Index Cond: ((id >= 8254954) AND (id <= 8254963))

for: order_ranges
table 1 : explain SELECT c FROM sbtest1 WHERE id BETWEEN 6625903 AND 6625912 ORDER BY c
	Sort  (cost=40.25..40.28 rows=9 width=121)
	  Sort Key: c
	  ->  Index Scan using sbtest1_pkey on sbtest1  (cost=0.43..40.11 rows=9 width=121)
	        Index Cond: ((id >= 6625903) AND (id <= 6625912))

table 2 : explain SELECT c FROM sbtest2 WHERE id BETWEEN 4991042 AND 4991051 ORDER BY c
	Sort  (cost=44.31..44.34 rows=10 width=121)
	  Sort Key: c
	  ->  Index Scan using sbtest2_pkey on sbtest2  (cost=0.43..44.15 rows=10 width=121)
	        Index Cond: ((id >= 4991042) AND (id <= 4991051))

table 3 : explain SELECT c FROM sbtest3 WHERE id BETWEEN 2849132 AND 2849141 ORDER BY c
	Sort  (cost=48.23..48.26 rows=11 width=121)
	  Sort Key: c
	  ->  Index Scan using sbtest3_pkey on sbtest3  (cost=0.43..48.04 rows=11 width=121)
	        Index Cond: ((id >= 2849132) AND (id <= 2849141))

table 4 : explain SELECT c FROM sbtest4 WHERE id BETWEEN 2564252 AND 2564261 ORDER BY c
	Sort  (cost=44.14..44.16 rows=10 width=121)
	  Sort Key: c
	  ->  Index Scan using sbtest4_pkey on sbtest4  (cost=0.43..43.97 rows=10 width=121)
	        Index Cond: ((id >= 2564252) AND (id <= 2564261))

table 5 : explain SELECT c FROM sbtest5 WHERE id BETWEEN 6886056 AND 6886065 ORDER BY c
	Sort  (cost=44.23..44.26 rows=10 width=121)
	  Sort Key: c
	  ->  Index Scan using sbtest5_pkey on sbtest5  (cost=0.43..44.07 rows=10 width=121)
	        Index Cond: ((id >= 6886056) AND (id <= 6886065))

table 6 : explain SELECT c FROM sbtest6 WHERE id BETWEEN 6597588 AND 6597597 ORDER BY c
	Sort  (cost=48.14..48.17 rows=11 width=121)
	  Sort Key: c
	  ->  Index Scan using sbtest6_pkey on sbtest6  (cost=0.43..47.95 rows=11 width=121)
	        Index Cond: ((id >= 6597588) AND (id <= 6597597))

table 7 : explain SELECT c FROM sbtest7 WHERE id BETWEEN 7690599 AND 7690608 ORDER BY c
	Sort  (cost=44.13..44.16 rows=10 width=121)
	  Sort Key: c
	  ->  Index Scan using sbtest7_pkey on sbtest7  (cost=0.43..43.97 rows=10 width=121)
	        Index Cond: ((id >= 7690599) AND (id <= 7690608))

table 8 : explain SELECT c FROM sbtest8 WHERE id BETWEEN 2249314 AND 2249323 ORDER BY c
	Sort  (cost=44.09..44.12 rows=10 width=121)
	  Sort Key: c
	  ->  Index Scan using sbtest8_pkey on sbtest8  (cost=0.43..43.93 rows=10 width=121)
	        Index Cond: ((id >= 2249314) AND (id <= 2249323))

for: simple_ranges
table 1 : explain SELECT c FROM sbtest1 WHERE id BETWEEN 7254565 AND 7254574
	Index Scan using sbtest1_pkey on sbtest1  (cost=0.43..44.07 rows=10 width=121)
	  Index Cond: ((id >= 7254565) AND (id <= 7254574))

table 2 : explain SELECT c FROM sbtest2 WHERE id BETWEEN 6633054 AND 6633063
	Index Scan using sbtest2_pkey on sbtest2  (cost=0.43..44.15 rows=10 width=121)
	  Index Cond: ((id >= 6633054) AND (id <= 6633063))

table 3 : explain SELECT c FROM sbtest3 WHERE id BETWEEN 3291181 AND 3291190
	Index Scan using sbtest3_pkey on sbtest3  (cost=0.43..44.08 rows=10 width=121)
	  Index Cond: ((id >= 3291181) AND (id <= 3291190))

table 4 : explain SELECT c FROM sbtest4 WHERE id BETWEEN 8067706 AND 8067715
	Index Scan using sbtest4_pkey on sbtest4  (cost=0.43..43.97 rows=10 width=121)
	  Index Cond: ((id >= 8067706) AND (id <= 8067715))

table 5 : explain SELECT c FROM sbtest5 WHERE id BETWEEN 2404351 AND 2404360
	Index Scan using sbtest5_pkey on sbtest5  (cost=0.43..48.02 rows=11 width=121)
	  Index Cond: ((id >= 2404351) AND (id <= 2404360))

table 6 : explain SELECT c FROM sbtest6 WHERE id BETWEEN 8078372 AND 8078381
	Index Scan using sbtest6_pkey on sbtest6  (cost=0.43..44.00 rows=10 width=121)
	  Index Cond: ((id >= 8078372) AND (id <= 8078381))

table 7 : explain SELECT c FROM sbtest7 WHERE id BETWEEN 607391 AND 607400
	Index Scan using sbtest7_pkey on sbtest7  (cost=0.43..40.02 rows=9 width=121)
	  Index Cond: ((id >= 607391) AND (id <= 607400))

table 8 : explain SELECT c FROM sbtest8 WHERE id BETWEEN 8368410 AND 8368419
	Index Scan using sbtest8_pkey on sbtest8  (cost=0.43..43.93 rows=10 width=121)
	  Index Cond: ((id >= 8368410) AND (id <= 8368419))

for: simple_ranges
table 1 : explain SELECT c FROM sbtest1 WHERE id BETWEEN 3018520 AND 3018529
	Index Scan using sbtest1_pkey on sbtest1  (cost=0.43..40.11 rows=9 width=121)
	  Index Cond: ((id >= 3018520) AND (id <= 3018529))

table 2 : explain SELECT c FROM sbtest2 WHERE id BETWEEN 2771115 AND 2771124
	Index Scan using sbtest2_pkey on sbtest2  (cost=0.43..48.11 rows=11 width=121)
	  Index Cond: ((id >= 2771115) AND (id <= 2771124))

table 3 : explain SELECT c FROM sbtest3 WHERE id BETWEEN 5621697 AND 5621706
	Index Scan using sbtest3_pkey on sbtest3  (cost=0.43..44.08 rows=10 width=121)
	  Index Cond: ((id >= 5621697) AND (id <= 5621706))

table 4 : explain SELECT c FROM sbtest4 WHERE id BETWEEN 7654655 AND 7654664
	Index Scan using sbtest4_pkey on sbtest4  (cost=0.43..43.97 rows=10 width=121)
	  Index Cond: ((id >= 7654655) AND (id <= 7654664))

table 5 : explain SELECT c FROM sbtest5 WHERE id BETWEEN 416586 AND 416595
	Index Scan using sbtest5_pkey on sbtest5  (cost=0.43..48.02 rows=11 width=121)
	  Index Cond: ((id >= 416586) AND (id <= 416595))

table 6 : explain SELECT c FROM sbtest6 WHERE id BETWEEN 4272195 AND 4272204
	Index Scan using sbtest6_pkey on sbtest6  (cost=0.43..44.00 rows=10 width=121)
	  Index Cond: ((id >= 4272195) AND (id <= 4272204))

table 7 : explain SELECT c FROM sbtest7 WHERE id BETWEEN 3606310 AND 3606319
	Index Scan using sbtest7_pkey on sbtest7  (cost=0.43..47.91 rows=11 width=121)
	  Index Cond: ((id >= 3606310) AND (id <= 3606319))

table 8 : explain SELECT c FROM sbtest8 WHERE id BETWEEN 6014295 AND 6014304
	Index Scan using sbtest8_pkey on sbtest8  (cost=0.43..39.99 rows=9 width=121)
	  Index Cond: ((id >= 6014295) AND (id <= 6014304))

for: order_ranges
table 1 : explain SELECT c FROM sbtest1 WHERE id BETWEEN 265250 AND 265259 ORDER BY c
	Sort  (cost=44.23..44.26 rows=10 width=121)
	  Sort Key: c
	  ->  Index Scan using sbtest1_pkey on sbtest1  (cost=0.43..44.07 rows=10 width=121)
	        Index Cond: ((id >= 265250) AND (id <= 265259))

table 2 : explain SELECT c FROM sbtest2 WHERE id BETWEEN 8878358 AND 8878367 ORDER BY c
	Sort  (cost=44.31..44.34 rows=10 width=121)
	  Sort Key: c
	  ->  Index Scan using sbtest2_pkey on sbtest2  (cost=0.43..44.15 rows=10 width=121)
	        Index Cond: ((id >= 8878358) AND (id <= 8878367))

table 3 : explain SELECT c FROM sbtest3 WHERE id BETWEEN 3291442 AND 3291451 ORDER BY c
	Sort  (cost=44.25..44.28 rows=10 width=121)
	  Sort Key: c
	  ->  Index Scan using sbtest3_pkey on sbtest3  (cost=0.43..44.08 rows=10 width=121)
	        Index Cond: ((id >= 3291442) AND (id <= 3291451))

table 4 : explain SELECT c FROM sbtest4 WHERE id BETWEEN 36564 AND 36573 ORDER BY c
	Sort  (cost=44.14..44.16 rows=10 width=121)
	  Sort Key: c
	  ->  Index Scan using sbtest4_pkey on sbtest4  (cost=0.43..43.97 rows=10 width=121)
	        Index Cond: ((id >= 36564) AND (id <= 36573))

table 5 : explain SELECT c FROM sbtest5 WHERE id BETWEEN 4376672 AND 4376681 ORDER BY c
	Sort  (cost=44.23..44.26 rows=10 width=121)
	  Sort Key: c
	  ->  Index Scan using sbtest5_pkey on sbtest5  (cost=0.43..44.07 rows=10 width=121)
	        Index Cond: ((id >= 4376672) AND (id <= 4376681))

table 6 : explain SELECT c FROM sbtest6 WHERE id BETWEEN 7341667 AND 7341676 ORDER BY c
	Sort  (cost=48.14..48.17 rows=11 width=121)
	  Sort Key: c
	  ->  Index Scan using sbtest6_pkey on sbtest6  (cost=0.43..47.95 rows=11 width=121)
	        Index Cond: ((id >= 7341667) AND (id <= 7341676))

table 7 : explain SELECT c FROM sbtest7 WHERE id BETWEEN 5358785 AND 5358794 ORDER BY c
	Sort  (cost=48.10..48.13 rows=11 width=121)
	  Sort Key: c
	  ->  Index Scan using sbtest7_pkey on sbtest7  (cost=0.43..47.91 rows=11 width=121)
	        Index Cond: ((id >= 5358785) AND (id <= 5358794))

table 8 : explain SELECT c FROM sbtest8 WHERE id BETWEEN 578053 AND 578062 ORDER BY c
	Sort  (cost=44.09..44.12 rows=10 width=121)
	  Sort Key: c
	  ->  Index Scan using sbtest8_pkey on sbtest8  (cost=0.43..43.93 rows=10 width=121)
	        Index Cond: ((id >= 578053) AND (id <= 578062))

for: order_ranges
table 1 : explain SELECT c FROM sbtest1 WHERE id BETWEEN 3310443 AND 3310452 ORDER BY c
	Sort  (cost=44.23..44.26 rows=10 width=121)
	  Sort Key: c
	  ->  Index Scan using sbtest1_pkey on sbtest1  (cost=0.43..44.07 rows=10 width=121)
	        Index Cond: ((id >= 3310443) AND (id <= 3310452))

table 2 : explain SELECT c FROM sbtest2 WHERE id BETWEEN 1322835 AND 1322844 ORDER BY c
	Sort  (cost=48.30..48.33 rows=11 width=121)
	  Sort Key: c
	  ->  Index Scan using sbtest2_pkey on sbtest2  (cost=0.43..48.11 rows=11 width=121)
	        Index Cond: ((id >= 1322835) AND (id <= 1322844))

table 3 : explain SELECT c FROM sbtest3 WHERE id BETWEEN 6317899 AND 6317908 ORDER BY c
	Sort  (cost=44.25..44.28 rows=10 width=121)
	  Sort Key: c
	  ->  Index Scan using sbtest3_pkey on sbtest3  (cost=0.43..44.08 rows=10 width=121)
	        Index Cond: ((id >= 6317899) AND (id <= 6317908))

table 4 : explain SELECT c FROM sbtest4 WHERE id BETWEEN 6061375 AND 6061384 ORDER BY c
	Sort  (cost=40.17..40.19 rows=9 width=121)
	  Sort Key: c
	  ->  Index Scan using sbtest4_pkey on sbtest4  (cost=0.43..40.03 rows=9 width=121)
	        Index Cond: ((id >= 6061375) AND (id <= 6061384))

table 5 : explain SELECT c FROM sbtest5 WHERE id BETWEEN 2610680 AND 2610689 ORDER BY c
	Sort  (cost=44.23..44.26 rows=10 width=121)
	  Sort Key: c
	  ->  Index Scan using sbtest5_pkey on sbtest5  (cost=0.43..44.07 rows=10 width=121)
	        Index Cond: ((id >= 2610680) AND (id <= 2610689))

table 6 : explain SELECT c FROM sbtest6 WHERE id BETWEEN 3287788 AND 3287797 ORDER BY c
	Sort  (cost=40.19..40.22 rows=9 width=121)
	  Sort Key: c
	  ->  Index Scan using sbtest6_pkey on sbtest6  (cost=0.43..40.05 rows=9 width=121)
	        Index Cond: ((id >= 3287788) AND (id <= 3287797))

table 7 : explain SELECT c FROM sbtest7 WHERE id BETWEEN 8410404 AND 8410413 ORDER BY c
	Sort  (cost=44.13..44.16 rows=10 width=121)
	  Sort Key: c
	  ->  Index Scan using sbtest7_pkey on sbtest7  (cost=0.43..43.97 rows=10 width=121)
	        Index Cond: ((id >= 8410404) AND (id <= 8410413))

table 8 : explain SELECT c FROM sbtest8 WHERE id BETWEEN 3435686 AND 3435695 ORDER BY c
	Sort  (cost=44.09..44.12 rows=10 width=121)
	  Sort Key: c
	  ->  Index Scan using sbtest8_pkey on sbtest8  (cost=0.43..43.93 rows=10 width=121)
	        Index Cond: ((id >= 3435686) AND (id <= 3435695))

for: order_ranges
table 1 : explain SELECT c FROM sbtest1 WHERE id BETWEEN 9685504 AND 9685513 ORDER BY c
	Sort  (cost=44.23..44.26 rows=10 width=121)
	  Sort Key: c
	  ->  Index Scan using sbtest1_pkey on sbtest1  (cost=0.43..44.07 rows=10 width=121)
	        Index Cond: ((id >= 9685504) AND (id <= 9685513))

table 2 : explain SELECT c FROM sbtest2 WHERE id BETWEEN 7301904 AND 7301913 ORDER BY c
	Sort  (cost=44.31..44.34 rows=10 width=121)
	  Sort Key: c
	  ->  Index Scan using sbtest2_pkey on sbtest2  (cost=0.43..44.15 rows=10 width=121)
	        Index Cond: ((id >= 7301904) AND (id <= 7301913))

table 3 : explain SELECT c FROM sbtest3 WHERE id BETWEEN 6808230 AND 6808239 ORDER BY c
	Sort  (cost=44.25..44.28 rows=10 width=121)
	  Sort Key: c
	  ->  Index Scan using sbtest3_pkey on sbtest3  (cost=0.43..44.08 rows=10 width=121)
	        Index Cond: ((id >= 6808230) AND (id <= 6808239))

table 4 : explain SELECT c FROM sbtest4 WHERE id BETWEEN 1937354 AND 1937363 ORDER BY c
	Sort  (cost=44.14..44.16 rows=10 width=121)
	  Sort Key: c
	  ->  Index Scan using sbtest4_pkey on sbtest4  (cost=0.43..43.97 rows=10 width=121)
	        Index Cond: ((id >= 1937354) AND (id <= 1937363))

table 5 : explain SELECT c FROM sbtest5 WHERE id BETWEEN 8317404 AND 8317413 ORDER BY c
	Sort  (cost=40.25..40.28 rows=9 width=121)
	  Sort Key: c
	  ->  Index Scan using sbtest5_pkey on sbtest5  (cost=0.43..40.11 rows=9 width=121)
	        Index Cond: ((id >= 8317404) AND (id <= 8317413))

table 6 : explain SELECT c FROM sbtest6 WHERE id BETWEEN 2751650 AND 2751659 ORDER BY c
	Sort  (cost=40.19..40.22 rows=9 width=121)
	  Sort Key: c
	  ->  Index Scan using sbtest6_pkey on sbtest6  (cost=0.43..40.05 rows=9 width=121)
	        Index Cond: ((id >= 2751650) AND (id <= 2751659))

table 7 : explain SELECT c FROM sbtest7 WHERE id BETWEEN 5886942 AND 5886951 ORDER BY c
	Sort  (cost=44.13..44.16 rows=10 width=121)
	  Sort Key: c
	  ->  Index Scan using sbtest7_pkey on sbtest7  (cost=0.43..43.97 rows=10 width=121)
	        Index Cond: ((id >= 5886942) AND (id <= 5886951))

table 8 : explain SELECT c FROM sbtest8 WHERE id BETWEEN 9688684 AND 9688693 ORDER BY c
	Sort  (cost=48.06..48.09 rows=11 width=121)
	  Sort Key: c
	  ->  Index Scan using sbtest8_pkey on sbtest8  (cost=0.43..47.87 rows=11 width=121)
	        Index Cond: ((id >= 9688684) AND (id <= 9688693))

for: simple_ranges
table 1 : explain SELECT c FROM sbtest1 WHERE id BETWEEN 5555801 AND 5555810
	Index Scan using sbtest1_pkey on sbtest1  (cost=0.43..40.11 rows=9 width=121)
	  Index Cond: ((id >= 5555801) AND (id <= 5555810))

table 2 : explain SELECT c FROM sbtest2 WHERE id BETWEEN 5241813 AND 5241822
	Index Scan using sbtest2_pkey on sbtest2  (cost=0.43..44.15 rows=10 width=121)
	  Index Cond: ((id >= 5241813) AND (id <= 5241822))

table 3 : explain SELECT c FROM sbtest3 WHERE id BETWEEN 1035165 AND 1035174
	Index Scan using sbtest3_pkey on sbtest3  (cost=0.43..40.13 rows=9 width=121)
	  Index Cond: ((id >= 1035165) AND (id <= 1035174))

table 4 : explain SELECT c FROM sbtest4 WHERE id BETWEEN 2425341 AND 2425350
	Index Scan using sbtest4_pkey on sbtest4  (cost=0.43..47.92 rows=11 width=121)
	  Index Cond: ((id >= 2425341) AND (id <= 2425350))

table 5 : explain SELECT c FROM sbtest5 WHERE id BETWEEN 252876 AND 252885
	Index Scan using sbtest5_pkey on sbtest5  (cost=0.43..44.07 rows=10 width=121)
	  Index Cond: ((id >= 252876) AND (id <= 252885))

table 6 : explain SELECT c FROM sbtest6 WHERE id BETWEEN 6346022 AND 6346031
	Index Scan using sbtest6_pkey on sbtest6  (cost=0.43..44.00 rows=10 width=121)
	  Index Cond: ((id >= 6346022) AND (id <= 6346031))

table 7 : explain SELECT c FROM sbtest7 WHERE id BETWEEN 4214851 AND 4214860
	Index Scan using sbtest7_pkey on sbtest7  (cost=0.43..43.97 rows=10 width=121)
	  Index Cond: ((id >= 4214851) AND (id <= 4214860))

table 8 : explain SELECT c FROM sbtest8 WHERE id BETWEEN 567502 AND 567511
	Index Scan using sbtest8_pkey on sbtest8  (cost=0.43..43.93 rows=10 width=121)
	  Index Cond: ((id >= 567502) AND (id <= 567511))

for: order_ranges
table 1 : explain SELECT c FROM sbtest1 WHERE id BETWEEN 7212832 AND 7212841 ORDER BY c
	Sort  (cost=48.21..48.24 rows=11 width=121)
	  Sort Key: c
	  ->  Index Scan using sbtest1_pkey on sbtest1  (cost=0.43..48.02 rows=11 width=121)
	        Index Cond: ((id >= 7212832) AND (id <= 7212841))

table 2 : explain SELECT c FROM sbtest2 WHERE id BETWEEN 3204287 AND 3204296 ORDER BY c
	Sort  (cost=44.31..44.34 rows=10 width=121)
	  Sort Key: c
	  ->  Index Scan using sbtest2_pkey on sbtest2  (cost=0.43..44.15 rows=10 width=121)
	        Index Cond: ((id >= 3204287) AND (id <= 3204296))

table 3 : explain SELECT c FROM sbtest3 WHERE id BETWEEN 9508888 AND 9508897 ORDER BY c
	Sort  (cost=44.25..44.28 rows=10 width=121)
	  Sort Key: c
	  ->  Index Scan using sbtest3_pkey on sbtest3  (cost=0.43..44.08 rows=10 width=121)
	        Index Cond: ((id >= 9508888) AND (id <= 9508897))

table 4 : explain SELECT c FROM sbtest4 WHERE id BETWEEN 2946566 AND 2946575 ORDER BY c
	Sort  (cost=48.11..48.14 rows=11 width=121)
	  Sort Key: c
	  ->  Index Scan using sbtest4_pkey on sbtest4  (cost=0.43..47.92 rows=11 width=121)
	        Index Cond: ((id >= 2946566) AND (id <= 2946575))

table 5 : explain SELECT c FROM sbtest5 WHERE id BETWEEN 2244449 AND 2244458 ORDER BY c
	Sort  (cost=40.25..40.28 rows=9 width=121)
	  Sort Key: c
	  ->  Index Scan using sbtest5_pkey on sbtest5  (cost=0.43..40.11 rows=9 width=121)
	        Index Cond: ((id >= 2244449) AND (id <= 2244458))

table 6 : explain SELECT c FROM sbtest6 WHERE id BETWEEN 6742580 AND 6742589 ORDER BY c
	Sort  (cost=40.19..40.22 rows=9 width=121)
	  Sort Key: c
	  ->  Index Scan using sbtest6_pkey on sbtest6  (cost=0.43..40.05 rows=9 width=121)
	        Index Cond: ((id >= 6742580) AND (id <= 6742589))

table 7 : explain SELECT c FROM sbtest7 WHERE id BETWEEN 5403361 AND 5403370 ORDER BY c
	Sort  (cost=48.10..48.13 rows=11 width=121)
	  Sort Key: c
	  ->  Index Scan using sbtest7_pkey on sbtest7  (cost=0.43..47.91 rows=11 width=121)
	        Index Cond: ((id >= 5403361) AND (id <= 5403370))

table 8 : explain SELECT c FROM sbtest8 WHERE id BETWEEN 6700120 AND 6700129 ORDER BY c
	Sort  (cost=44.09..44.12 rows=10 width=121)
	  Sort Key: c
	  ->  Index Scan using sbtest8_pkey on sbtest8  (cost=0.43..43.93 rows=10 width=121)
	        Index Cond: ((id >= 6700120) AND (id <= 6700129))
for: sum_ranges
table 1 : explain SELECT SUM(k) FROM sbtest1 WHERE id BETWEEN 9028686 AND 9028695
	Aggregate  (cost=44.09..44.10 rows=1 width=8)
	  ->  Index Scan using sbtest1_pkey on sbtest1  (cost=0.43..44.07 rows=10 width=4)
	        Index Cond: ((id >= 9028686) AND (id <= 9028695))

table 2 : explain SELECT SUM(k) FROM sbtest2 WHERE id BETWEEN 1604409 AND 1604418
	Aggregate  (cost=44.17..44.18 rows=1 width=8)
	  ->  Index Scan using sbtest2_pkey on sbtest2  (cost=0.43..44.15 rows=10 width=4)
	        Index Cond: ((id >= 1604409) AND (id <= 1604418))

table 3 : explain SELECT SUM(k) FROM sbtest3 WHERE id BETWEEN 1315937 AND 1315946
	Aggregate  (cost=44.11..44.12 rows=1 width=8)
	  ->  Index Scan using sbtest3_pkey on sbtest3  (cost=0.43..44.08 rows=10 width=4)
	        Index Cond: ((id >= 1315937) AND (id <= 1315946))

table 4 : explain SELECT SUM(k) FROM sbtest4 WHERE id BETWEEN 6889412 AND 6889421
	Aggregate  (cost=44.00..44.01 rows=1 width=8)
	  ->  Index Scan using sbtest4_pkey on sbtest4  (cost=0.43..43.97 rows=10 width=4)
	        Index Cond: ((id >= 6889412) AND (id <= 6889421))

table 5 : explain SELECT SUM(k) FROM sbtest5 WHERE id BETWEEN 7585946 AND 7585955
	Aggregate  (cost=44.09..44.10 rows=1 width=8)
	  ->  Index Scan using sbtest5_pkey on sbtest5  (cost=0.43..44.07 rows=10 width=4)
	        Index Cond: ((id >= 7585946) AND (id <= 7585955))

table 6 : explain SELECT SUM(k) FROM sbtest6 WHERE id BETWEEN 7225157 AND 7225166
	Aggregate  (cost=44.03..44.04 rows=1 width=8)
	  ->  Index Scan using sbtest6_pkey on sbtest6  (cost=0.43..44.00 rows=10 width=4)
	        Index Cond: ((id >= 7225157) AND (id <= 7225166))

table 7 : explain SELECT SUM(k) FROM sbtest7 WHERE id BETWEEN 633174 AND 633183
	Aggregate  (cost=43.99..44.00 rows=1 width=8)
	  ->  Index Scan using sbtest7_pkey on sbtest7  (cost=0.43..43.97 rows=10 width=4)
	        Index Cond: ((id >= 633174) AND (id <= 633183))

table 8 : explain SELECT SUM(k) FROM sbtest8 WHERE id BETWEEN 3100985 AND 3100994
	Aggregate  (cost=43.95..43.96 rows=1 width=8)
	  ->  Index Scan using sbtest8_pkey on sbtest8  (cost=0.43..43.93 rows=10 width=4)
	        Index Cond: ((id >= 3100985) AND (id <= 3100994))
for: sum_ranges
table 1 : explain SELECT SUM(k) FROM sbtest1 WHERE id BETWEEN 6720192 AND 6720201
	Aggregate  (cost=44.09..44.10 rows=1 width=8)
	  ->  Index Scan using sbtest1_pkey on sbtest1  (cost=0.43..44.07 rows=10 width=4)
	        Index Cond: ((id >= 6720192) AND (id <= 6720201))

table 2 : explain SELECT SUM(k) FROM sbtest2 WHERE id BETWEEN 2986674 AND 2986683
	Aggregate  (cost=44.17..44.18 rows=1 width=8)
	  ->  Index Scan using sbtest2_pkey on sbtest2  (cost=0.43..44.15 rows=10 width=4)
	        Index Cond: ((id >= 2986674) AND (id <= 2986683))

table 3 : explain SELECT SUM(k) FROM sbtest3 WHERE id BETWEEN 7749255 AND 7749264
	Aggregate  (cost=44.11..44.12 rows=1 width=8)
	  ->  Index Scan using sbtest3_pkey on sbtest3  (cost=0.43..44.08 rows=10 width=4)
	        Index Cond: ((id >= 7749255) AND (id <= 7749264))

table 4 : explain SELECT SUM(k) FROM sbtest4 WHERE id BETWEEN 2159009 AND 2159018
	Aggregate  (cost=44.00..44.01 rows=1 width=8)
	  ->  Index Scan using sbtest4_pkey on sbtest4  (cost=0.43..43.97 rows=10 width=4)
	        Index Cond: ((id >= 2159009) AND (id <= 2159018))

table 5 : explain SELECT SUM(k) FROM sbtest5 WHERE id BETWEEN 4456374 AND 4456383
	Aggregate  (cost=44.09..44.10 rows=1 width=8)
	  ->  Index Scan using sbtest5_pkey on sbtest5  (cost=0.43..44.07 rows=10 width=4)
	        Index Cond: ((id >= 4456374) AND (id <= 4456383))

table 6 : explain SELECT SUM(k) FROM sbtest6 WHERE id BETWEEN 4931954 AND 4931963
	Aggregate  (cost=44.03..44.04 rows=1 width=8)
	  ->  Index Scan using sbtest6_pkey on sbtest6  (cost=0.43..44.00 rows=10 width=4)
	        Index Cond: ((id >= 4931954) AND (id <= 4931963))

table 7 : explain SELECT SUM(k) FROM sbtest7 WHERE id BETWEEN 9581880 AND 9581889
	Aggregate  (cost=43.99..44.00 rows=1 width=8)
	  ->  Index Scan using sbtest7_pkey on sbtest7  (cost=0.43..43.97 rows=10 width=4)
	        Index Cond: ((id >= 9581880) AND (id <= 9581889))

table 8 : explain SELECT SUM(k) FROM sbtest8 WHERE id BETWEEN 459959 AND 459968
	Aggregate  (cost=43.95..43.96 rows=1 width=8)
	  ->  Index Scan using sbtest8_pkey on sbtest8  (cost=0.43..43.93 rows=10 width=4)
	        Index Cond: ((id >= 459959) AND (id <= 459968))

for: order_ranges
table 1 : explain SELECT c FROM sbtest1 WHERE id BETWEEN 6654366 AND 6654375 ORDER BY c
	Sort  (cost=44.23..44.26 rows=10 width=121)
	  Sort Key: c
	  ->  Index Scan using sbtest1_pkey on sbtest1  (cost=0.43..44.07 rows=10 width=121)
	        Index Cond: ((id >= 6654366) AND (id <= 6654375))

table 2 : explain SELECT c FROM sbtest2 WHERE id BETWEEN 4467708 AND 4467717 ORDER BY c
	Sort  (cost=44.31..44.34 rows=10 width=121)
	  Sort Key: c
	  ->  Index Scan using sbtest2_pkey on sbtest2  (cost=0.43..44.15 rows=10 width=121)
	        Index Cond: ((id >= 4467708) AND (id <= 4467717))

table 3 : explain SELECT c FROM sbtest3 WHERE id BETWEEN 9063616 AND 9063625 ORDER BY c
	Sort  (cost=44.25..44.28 rows=10 width=121)
	  Sort Key: c
	  ->  Index Scan using sbtest3_pkey on sbtest3  (cost=0.43..44.08 rows=10 width=121)
	        Index Cond: ((id >= 9063616) AND (id <= 9063625))

table 4 : explain SELECT c FROM sbtest4 WHERE id BETWEEN 7719346 AND 7719355 ORDER BY c
	Sort  (cost=44.14..44.16 rows=10 width=121)
	  Sort Key: c
	  ->  Index Scan using sbtest4_pkey on sbtest4  (cost=0.43..43.97 rows=10 width=121)
	        Index Cond: ((id >= 7719346) AND (id <= 7719355))

table 5 : explain SELECT c FROM sbtest5 WHERE id BETWEEN 6846388 AND 6846397 ORDER BY c
	Sort  (cost=40.25..40.28 rows=9 width=121)
	  Sort Key: c
	  ->  Index Scan using sbtest5_pkey on sbtest5  (cost=0.43..40.11 rows=9 width=121)
	        Index Cond: ((id >= 6846388) AND (id <= 6846397))

table 6 : explain SELECT c FROM sbtest6 WHERE id BETWEEN 5543379 AND 5543388 ORDER BY c
	Sort  (cost=44.17..44.19 rows=10 width=121)
	  Sort Key: c
	  ->  Index Scan using sbtest6_pkey on sbtest6  (cost=0.43..44.00 rows=10 width=121)
	        Index Cond: ((id >= 5543379) AND (id <= 5543388))

table 7 : explain SELECT c FROM sbtest7 WHERE id BETWEEN 9482856 AND 9482865 ORDER BY c
	Sort  (cost=40.16..40.18 rows=9 width=121)
	  Sort Key: c
	  ->  Index Scan using sbtest7_pkey on sbtest7  (cost=0.43..40.02 rows=9 width=121)
	        Index Cond: ((id >= 9482856) AND (id <= 9482865))

table 8 : explain SELECT c FROM sbtest8 WHERE id BETWEEN 1959640 AND 1959649 ORDER BY c
	Sort  (cost=40.13..40.15 rows=9 width=121)
	  Sort Key: c
	  ->  Index Scan using sbtest8_pkey on sbtest8  (cost=0.43..39.99 rows=9 width=121)
	        Index Cond: ((id >= 1959640) AND (id <= 1959649))

for: sum_ranges
table 1 : explain SELECT SUM(k) FROM sbtest1 WHERE id BETWEEN 7906993 AND 7907002
	Aggregate  (cost=40.13..40.14 rows=1 width=8)
	  ->  Index Scan using sbtest1_pkey on sbtest1  (cost=0.43..40.11 rows=9 width=4)
	        Index Cond: ((id >= 7906993) AND (id <= 7907002))

table 2 : explain SELECT SUM(k) FROM sbtest2 WHERE id BETWEEN 7442628 AND 7442637
	Aggregate  (cost=44.17..44.18 rows=1 width=8)
	  ->  Index Scan using sbtest2_pkey on sbtest2  (cost=0.43..44.15 rows=10 width=4)
	        Index Cond: ((id >= 7442628) AND (id <= 7442637))

table 3 : explain SELECT SUM(k) FROM sbtest3 WHERE id BETWEEN 9237355 AND 9237364
	Aggregate  (cost=44.11..44.12 rows=1 width=8)
	  ->  Index Scan using sbtest3_pkey on sbtest3  (cost=0.43..44.08 rows=10 width=4)
	        Index Cond: ((id >= 9237355) AND (id <= 9237364))

table 4 : explain SELECT SUM(k) FROM sbtest4 WHERE id BETWEEN 6164797 AND 6164806
	Aggregate  (cost=44.00..44.01 rows=1 width=8)
	  ->  Index Scan using sbtest4_pkey on sbtest4  (cost=0.43..43.97 rows=10 width=4)
	        Index Cond: ((id >= 6164797) AND (id <= 6164806))

table 5 : explain SELECT SUM(k) FROM sbtest5 WHERE id BETWEEN 2434274 AND 2434283
	Aggregate  (cost=48.05..48.06 rows=1 width=8)
	  ->  Index Scan using sbtest5_pkey on sbtest5  (cost=0.43..48.02 rows=11 width=4)
	        Index Cond: ((id >= 2434274) AND (id <= 2434283))

table 6 : explain SELECT SUM(k) FROM sbtest6 WHERE id BETWEEN 8800764 AND 8800773
	Aggregate  (cost=44.03..44.04 rows=1 width=8)
	  ->  Index Scan using sbtest6_pkey on sbtest6  (cost=0.43..44.00 rows=10 width=4)
	        Index Cond: ((id >= 8800764) AND (id <= 8800773))

table 7 : explain SELECT SUM(k) FROM sbtest7 WHERE id BETWEEN 8925041 AND 8925050
	Aggregate  (cost=43.99..44.00 rows=1 width=8)
	  ->  Index Scan using sbtest7_pkey on sbtest7  (cost=0.43..43.97 rows=10 width=4)
	        Index Cond: ((id >= 8925041) AND (id <= 8925050))

table 8 : explain SELECT SUM(k) FROM sbtest8 WHERE id BETWEEN 6392397 AND 6392406
	Aggregate  (cost=40.01..40.02 rows=1 width=8)
	  ->  Index Scan using sbtest8_pkey on sbtest8  (cost=0.43..39.99 rows=9 width=4)
	        Index Cond: ((id >= 6392397) AND (id <= 6392406))

for: sum_ranges
table 1 : explain SELECT SUM(k) FROM sbtest1 WHERE id BETWEEN 2923230 AND 2923239
	Aggregate  (cost=40.13..40.14 rows=1 width=8)
	  ->  Index Scan using sbtest1_pkey on sbtest1  (cost=0.43..40.11 rows=9 width=4)
	        Index Cond: ((id >= 2923230) AND (id <= 2923239))

table 2 : explain SELECT SUM(k) FROM sbtest2 WHERE id BETWEEN 5589878 AND 5589887
	Aggregate  (cost=44.17..44.18 rows=1 width=8)
	  ->  Index Scan using sbtest2_pkey on sbtest2  (cost=0.43..44.15 rows=10 width=4)
	        Index Cond: ((id >= 5589878) AND (id <= 5589887))

table 3 : explain SELECT SUM(k) FROM sbtest3 WHERE id BETWEEN 2719167 AND 2719176
	Aggregate  (cost=44.11..44.12 rows=1 width=8)
	  ->  Index Scan using sbtest3_pkey on sbtest3  (cost=0.43..44.08 rows=10 width=4)
	        Index Cond: ((id >= 2719167) AND (id <= 2719176))

table 4 : explain SELECT SUM(k) FROM sbtest4 WHERE id BETWEEN 2452325 AND 2452334
	Aggregate  (cost=47.95..47.96 rows=1 width=8)
	  ->  Index Scan using sbtest4_pkey on sbtest4  (cost=0.43..47.92 rows=11 width=4)
	        Index Cond: ((id >= 2452325) AND (id <= 2452334))

table 5 : explain SELECT SUM(k) FROM sbtest5 WHERE id BETWEEN 1937970 AND 1937979
	Aggregate  (cost=44.09..44.10 rows=1 width=8)
	  ->  Index Scan using sbtest5_pkey on sbtest5  (cost=0.43..44.07 rows=10 width=4)
	        Index Cond: ((id >= 1937970) AND (id <= 1937979))

table 6 : explain SELECT SUM(k) FROM sbtest6 WHERE id BETWEEN 7608080 AND 7608089
	Aggregate  (cost=44.03..44.04 rows=1 width=8)
	  ->  Index Scan using sbtest6_pkey on sbtest6  (cost=0.43..44.00 rows=10 width=4)
	        Index Cond: ((id >= 7608080) AND (id <= 7608089))

table 7 : explain SELECT SUM(k) FROM sbtest7 WHERE id BETWEEN 510998 AND 511007
	Aggregate  (cost=40.04..40.05 rows=1 width=8)
	  ->  Index Scan using sbtest7_pkey on sbtest7  (cost=0.43..40.02 rows=9 width=4)
	        Index Cond: ((id >= 510998) AND (id <= 511007))

table 8 : explain SELECT SUM(k) FROM sbtest8 WHERE id BETWEEN 4839398 AND 4839407
	Aggregate  (cost=43.95..43.96 rows=1 width=8)
	  ->  Index Scan using sbtest8_pkey on sbtest8  (cost=0.43..43.93 rows=10 width=4)
	        Index Cond: ((id >= 4839398) AND (id <= 4839407))



for: sum_ranges
table 1 : explain SELECT SUM(k) FROM sbtest1 WHERE id BETWEEN 7182033 AND 7182042
	Aggregate  (cost=48.05..48.06 rows=1 width=8)
	  ->  Index Scan using sbtest1_pkey on sbtest1  (cost=0.43..48.02 rows=11 width=4)
	        Index Cond: ((id >= 7182033) AND (id <= 7182042))

table 2 : explain SELECT SUM(k) FROM sbtest2 WHERE id BETWEEN 5044817 AND 5044826
	Aggregate  (cost=44.17..44.18 rows=1 width=8)
	  ->  Index Scan using sbtest2_pkey on sbtest2  (cost=0.43..44.15 rows=10 width=4)
	        Index Cond: ((id >= 5044817) AND (id <= 5044826))

table 3 : explain SELECT SUM(k) FROM sbtest3 WHERE id BETWEEN 2627066 AND 2627075
	Aggregate  (cost=44.11..44.12 rows=1 width=8)
	  ->  Index Scan using sbtest3_pkey on sbtest3  (cost=0.43..44.08 rows=10 width=4)
	        Index Cond: ((id >= 2627066) AND (id <= 2627075))

table 4 : explain SELECT SUM(k) FROM sbtest4 WHERE id BETWEEN 4234045 AND 4234054
	Aggregate  (cost=44.00..44.01 rows=1 width=8)
	  ->  Index Scan using sbtest4_pkey on sbtest4  (cost=0.43..43.97 rows=10 width=4)
	        Index Cond: ((id >= 4234045) AND (id <= 4234054))

table 5 : explain SELECT SUM(k) FROM sbtest5 WHERE id BETWEEN 8148989 AND 8148998
	Aggregate  (cost=44.09..44.10 rows=1 width=8)
	  ->  Index Scan using sbtest5_pkey on sbtest5  (cost=0.43..44.07 rows=10 width=4)
	        Index Cond: ((id >= 8148989) AND (id <= 8148998))

table 6 : explain SELECT SUM(k) FROM sbtest6 WHERE id BETWEEN 8558713 AND 8558722
	Aggregate  (cost=44.03..44.04 rows=1 width=8)
	  ->  Index Scan using sbtest6_pkey on sbtest6  (cost=0.43..44.00 rows=10 width=4)
	        Index Cond: ((id >= 8558713) AND (id <= 8558722))

table 7 : explain SELECT SUM(k) FROM sbtest7 WHERE id BETWEEN 7572601 AND 7572610
	Aggregate  (cost=40.04..40.05 rows=1 width=8)
	  ->  Index Scan using sbtest7_pkey on sbtest7  (cost=0.43..40.02 rows=9 width=4)
	        Index Cond: ((id >= 7572601) AND (id <= 7572610))

table 8 : explain SELECT SUM(k) FROM sbtest8 WHERE id BETWEEN 7503162 AND 7503171
	Aggregate  (cost=43.95..43.96 rows=1 width=8)
	  ->  Index Scan using sbtest8_pkey on sbtest8  (cost=0.43..43.93 rows=10 width=4)
	        Index Cond: ((id >= 7503162) AND (id <= 7503171))

for: sum_ranges
table 1 : explain SELECT SUM(k) FROM sbtest1 WHERE id BETWEEN 518147 AND 518156
	Aggregate  (cost=48.05..48.06 rows=1 width=8)
	  ->  Index Scan using sbtest1_pkey on sbtest1  (cost=0.43..48.02 rows=11 width=4)
	        Index Cond: ((id >= 518147) AND (id <= 518156))

table 2 : explain SELECT SUM(k) FROM sbtest2 WHERE id BETWEEN 510 AND 519
	Aggregate  (cost=44.17..44.18 rows=1 width=8)
	  ->  Index Scan using sbtest2_pkey on sbtest2  (cost=0.43..44.15 rows=10 width=4)
	        Index Cond: ((id >= 510) AND (id <= 519))

table 3 : explain SELECT SUM(k) FROM sbtest3 WHERE id BETWEEN 7386954 AND 7386963
	Aggregate  (cost=44.11..44.12 rows=1 width=8)
	  ->  Index Scan using sbtest3_pkey on sbtest3  (cost=0.43..44.08 rows=10 width=4)
	        Index Cond: ((id >= 7386954) AND (id <= 7386963))

table 4 : explain SELECT SUM(k) FROM sbtest4 WHERE id BETWEEN 3454522 AND 3454531
	Aggregate  (cost=40.05..40.06 rows=1 width=8)
	  ->  Index Scan using sbtest4_pkey on sbtest4  (cost=0.43..40.03 rows=9 width=4)
	        Index Cond: ((id >= 3454522) AND (id <= 3454531))

table 5 : explain SELECT SUM(k) FROM sbtest5 WHERE id BETWEEN 2315997 AND 2316006
	Aggregate  (cost=44.09..44.10 rows=1 width=8)
	  ->  Index Scan using sbtest5_pkey on sbtest5  (cost=0.43..44.07 rows=10 width=4)
	        Index Cond: ((id >= 2315997) AND (id <= 2316006))

table 6 : explain SELECT SUM(k) FROM sbtest6 WHERE id BETWEEN 9238614 AND 9238623
	Aggregate  (cost=44.03..44.04 rows=1 width=8)
	  ->  Index Scan using sbtest6_pkey on sbtest6  (cost=0.43..44.00 rows=10 width=4)
	        Index Cond: ((id >= 9238614) AND (id <= 9238623))

table 7 : explain SELECT SUM(k) FROM sbtest7 WHERE id BETWEEN 2739906 AND 2739915
	Aggregate  (cost=40.04..40.05 rows=1 width=8)
	  ->  Index Scan using sbtest7_pkey on sbtest7  (cost=0.43..40.02 rows=9 width=4)
	        Index Cond: ((id >= 2739906) AND (id <= 2739915))

table 8 : explain SELECT SUM(k) FROM sbtest8 WHERE id BETWEEN 4889173 AND 4889182
	Aggregate  (cost=43.95..43.96 rows=1 width=8)
	  ->  Index Scan using sbtest8_pkey on sbtest8  (cost=0.43..43.93 rows=10 width=4)
	        Index Cond: ((id >= 4889173) AND (id <= 4889182))

for: order_ranges
table 1 : explain SELECT c FROM sbtest1 WHERE id BETWEEN 6420976 AND 6420985 ORDER BY c
	Sort  (cost=44.23..44.26 rows=10 width=121)
	  Sort Key: c
	  ->  Index Scan using sbtest1_pkey on sbtest1  (cost=0.43..44.07 rows=10 width=121)
	        Index Cond: ((id >= 6420976) AND (id <= 6420985))

table 2 : explain SELECT c FROM sbtest2 WHERE id BETWEEN 5670574 AND 5670583 ORDER BY c
	Sort  (cost=44.31..44.34 rows=10 width=121)
	  Sort Key: c
	  ->  Index Scan using sbtest2_pkey on sbtest2  (cost=0.43..44.15 rows=10 width=121)
	        Index Cond: ((id >= 5670574) AND (id <= 5670583))

table 3 : explain SELECT c FROM sbtest3 WHERE id BETWEEN 9327256 AND 9327265 ORDER BY c
	Sort  (cost=48.23..48.26 rows=11 width=121)
	  Sort Key: c
	  ->  Index Scan using sbtest3_pkey on sbtest3  (cost=0.43..48.04 rows=11 width=121)
	        Index Cond: ((id >= 9327256) AND (id <= 9327265))

table 4 : explain SELECT c FROM sbtest4 WHERE id BETWEEN 8954520 AND 8954529 ORDER BY c
	Sort  (cost=40.17..40.19 rows=9 width=121)
	  Sort Key: c
	  ->  Index Scan using sbtest4_pkey on sbtest4  (cost=0.43..40.03 rows=9 width=121)
	        Index Cond: ((id >= 8954520) AND (id <= 8954529))

table 5 : explain SELECT c FROM sbtest5 WHERE id BETWEEN 6869064 AND 6869073 ORDER BY c
	Sort  (cost=44.23..44.26 rows=10 width=121)
	  Sort Key: c
	  ->  Index Scan using sbtest5_pkey on sbtest5  (cost=0.43..44.07 rows=10 width=121)
	        Index Cond: ((id >= 6869064) AND (id <= 6869073))

table 6 : explain SELECT c FROM sbtest6 WHERE id BETWEEN 9807404 AND 9807413 ORDER BY c
	Sort  (cost=44.17..44.19 rows=10 width=121)
	  Sort Key: c
	  ->  Index Scan using sbtest6_pkey on sbtest6  (cost=0.43..44.00 rows=10 width=121)
	        Index Cond: ((id >= 9807404) AND (id <= 9807413))

table 7 : explain SELECT c FROM sbtest7 WHERE id BETWEEN 9123606 AND 9123615 ORDER BY c
	Sort  (cost=44.13..44.16 rows=10 width=121)
	  Sort Key: c
	  ->  Index Scan using sbtest7_pkey on sbtest7  (cost=0.43..43.97 rows=10 width=121)
	        Index Cond: ((id >= 9123606) AND (id <= 9123615))

table 8 : explain SELECT c FROM sbtest8 WHERE id BETWEEN 5719419 AND 5719428 ORDER BY c
	Sort  (cost=40.13..40.15 rows=9 width=121)
	  Sort Key: c
	  ->  Index Scan using sbtest8_pkey on sbtest8  (cost=0.43..39.99 rows=9 width=121)
	        Index Cond: ((id >= 5719419) AND (id <= 5719428))

for: order_ranges
table 1 : explain SELECT c FROM sbtest1 WHERE id BETWEEN 7777328 AND 7777337 ORDER BY c
	Sort  (cost=44.23..44.26 rows=10 width=121)
	  Sort Key: c
	  ->  Index Scan using sbtest1_pkey on sbtest1  (cost=0.43..44.07 rows=10 width=121)
	        Index Cond: ((id >= 7777328) AND (id <= 7777337))

table 2 : explain SELECT c FROM sbtest2 WHERE id BETWEEN 5574704 AND 5574713 ORDER BY c
	Sort  (cost=44.31..44.34 rows=10 width=121)
	  Sort Key: c
	  ->  Index Scan using sbtest2_pkey on sbtest2  (cost=0.43..44.15 rows=10 width=121)
	        Index Cond: ((id >= 5574704) AND (id <= 5574713))

table 3 : explain SELECT c FROM sbtest3 WHERE id BETWEEN 8242515 AND 8242524 ORDER BY c
	Sort  (cost=48.23..48.26 rows=11 width=121)
	  Sort Key: c
	  ->  Index Scan using sbtest3_pkey on sbtest3  (cost=0.43..48.04 rows=11 width=121)
	        Index Cond: ((id >= 8242515) AND (id <= 8242524))

table 4 : explain SELECT c FROM sbtest4 WHERE id BETWEEN 1568959 AND 1568968 ORDER BY c
	Sort  (cost=40.17..40.19 rows=9 width=121)
	  Sort Key: c
	  ->  Index Scan using sbtest4_pkey on sbtest4  (cost=0.43..40.03 rows=9 width=121)
	        Index Cond: ((id >= 1568959) AND (id <= 1568968))

table 5 : explain SELECT c FROM sbtest5 WHERE id BETWEEN 6776154 AND 6776163 ORDER BY c
	Sort  (cost=40.25..40.28 rows=9 width=121)
	  Sort Key: c
	  ->  Index Scan using sbtest5_pkey on sbtest5  (cost=0.43..40.11 rows=9 width=121)
	        Index Cond: ((id >= 6776154) AND (id <= 6776163))

table 6 : explain SELECT c FROM sbtest6 WHERE id BETWEEN 1288771 AND 1288780 ORDER BY c
	Sort  (cost=44.17..44.19 rows=10 width=121)
	  Sort Key: c
	  ->  Index Scan using sbtest6_pkey on sbtest6  (cost=0.43..44.00 rows=10 width=121)
	        Index Cond: ((id >= 1288771) AND (id <= 1288780))

table 7 : explain SELECT c FROM sbtest7 WHERE id BETWEEN 5808876 AND 5808885 ORDER BY c
	Sort  (cost=44.13..44.16 rows=10 width=121)
	  Sort Key: c
	  ->  Index Scan using sbtest7_pkey on sbtest7  (cost=0.43..43.97 rows=10 width=121)
	        Index Cond: ((id >= 5808876) AND (id <= 5808885))

table 8 : explain SELECT c FROM sbtest8 WHERE id BETWEEN 8286562 AND 8286571 ORDER BY c
	Sort  (cost=44.09..44.12 rows=10 width=121)
	  Sort Key: c
	  ->  Index Scan using sbtest8_pkey on sbtest8  (cost=0.43..43.93 rows=10 width=121)
	        Index Cond: ((id >= 8286562) AND (id <= 8286571))

for: sum_ranges
table 1 : explain SELECT SUM(k) FROM sbtest1 WHERE id BETWEEN 641468 AND 641477
	Aggregate  (cost=44.09..44.10 rows=1 width=8)
	  ->  Index Scan using sbtest1_pkey on sbtest1  (cost=0.43..44.07 rows=10 width=4)
	        Index Cond: ((id >= 641468) AND (id <= 641477))

table 2 : explain SELECT SUM(k) FROM sbtest2 WHERE id BETWEEN 7932254 AND 7932263
	Aggregate  (cost=44.17..44.18 rows=1 width=8)
	  ->  Index Scan using sbtest2_pkey on sbtest2  (cost=0.43..44.15 rows=10 width=4)
	        Index Cond: ((id >= 7932254) AND (id <= 7932263))

table 3 : explain SELECT SUM(k) FROM sbtest3 WHERE id BETWEEN 4395635 AND 4395644
	Aggregate  (cost=44.11..44.12 rows=1 width=8)
	  ->  Index Scan using sbtest3_pkey on sbtest3  (cost=0.43..44.08 rows=10 width=4)
	        Index Cond: ((id >= 4395635) AND (id <= 4395644))

table 4 : explain SELECT SUM(k) FROM sbtest4 WHERE id BETWEEN 2036440 AND 2036449
	Aggregate  (cost=47.95..47.96 rows=1 width=8)
	  ->  Index Scan using sbtest4_pkey on sbtest4  (cost=0.43..47.92 rows=11 width=4)
	        Index Cond: ((id >= 2036440) AND (id <= 2036449))

table 5 : explain SELECT SUM(k) FROM sbtest5 WHERE id BETWEEN 3115398 AND 3115407
	Aggregate  (cost=44.09..44.10 rows=1 width=8)
	  ->  Index Scan using sbtest5_pkey on sbtest5  (cost=0.43..44.07 rows=10 width=4)
	        Index Cond: ((id >= 3115398) AND (id <= 3115407))

table 6 : explain SELECT SUM(k) FROM sbtest6 WHERE id BETWEEN 9603440 AND 9603449
	Aggregate  (cost=40.07..40.08 rows=1 width=8)
	  ->  Index Scan using sbtest6_pkey on sbtest6  (cost=0.43..40.05 rows=9 width=4)
	        Index Cond: ((id >= 9603440) AND (id <= 9603449))

table 7 : explain SELECT SUM(k) FROM sbtest7 WHERE id BETWEEN 3132153 AND 3132162
	Aggregate  (cost=43.99..44.00 rows=1 width=8)
	  ->  Index Scan using sbtest7_pkey on sbtest7  (cost=0.43..43.97 rows=10 width=4)
	        Index Cond: ((id >= 3132153) AND (id <= 3132162))

table 8 : explain SELECT SUM(k) FROM sbtest8 WHERE id BETWEEN 741721 AND 741730
	Aggregate  (cost=43.95..43.96 rows=1 width=8)
	  ->  Index Scan using sbtest8_pkey on sbtest8  (cost=0.43..43.93 rows=10 width=4)
	        Index Cond: ((id >= 741721) AND (id <= 741730))

for: order_ranges
table 1 : explain SELECT c FROM sbtest1 WHERE id BETWEEN 3234804 AND 3234813 ORDER BY c
	Sort  (cost=44.23..44.26 rows=10 width=121)
	  Sort Key: c
	  ->  Index Scan using sbtest1_pkey on sbtest1  (cost=0.43..44.07 rows=10 width=121)
	        Index Cond: ((id >= 3234804) AND (id <= 3234813))

table 2 : explain SELECT c FROM sbtest2 WHERE id BETWEEN 874049 AND 874058 ORDER BY c
	Sort  (cost=40.32..40.35 rows=9 width=121)
	  Sort Key: c
	  ->  Index Scan using sbtest2_pkey on sbtest2  (cost=0.43..40.18 rows=9 width=121)
	        Index Cond: ((id >= 874049) AND (id <= 874058))

table 3 : explain SELECT c FROM sbtest3 WHERE id BETWEEN 4839209 AND 4839218 ORDER BY c
	Sort  (cost=48.23..48.26 rows=11 width=121)
	  Sort Key: c
	  ->  Index Scan using sbtest3_pkey on sbtest3  (cost=0.43..48.04 rows=11 width=121)
	        Index Cond: ((id >= 4839209) AND (id <= 4839218))

table 4 : explain SELECT c FROM sbtest4 WHERE id BETWEEN 8636068 AND 8636077 ORDER BY c
	Sort  (cost=44.14..44.16 rows=10 width=121)
	  Sort Key: c
	  ->  Index Scan using sbtest4_pkey on sbtest4  (cost=0.43..43.97 rows=10 width=121)
	        Index Cond: ((id >= 8636068) AND (id <= 8636077))

table 5 : explain SELECT c FROM sbtest5 WHERE id BETWEEN 9390261 AND 9390270 ORDER BY c
	Sort  (cost=44.23..44.26 rows=10 width=121)
	  Sort Key: c
	  ->  Index Scan using sbtest5_pkey on sbtest5  (cost=0.43..44.07 rows=10 width=121)
	        Index Cond: ((id >= 9390261) AND (id <= 9390270))

table 6 : explain SELECT c FROM sbtest6 WHERE id BETWEEN 4265852 AND 4265861 ORDER BY c
	Sort  (cost=44.17..44.19 rows=10 width=121)
	  Sort Key: c
	  ->  Index Scan using sbtest6_pkey on sbtest6  (cost=0.43..44.00 rows=10 width=121)
	        Index Cond: ((id >= 4265852) AND (id <= 4265861))

table 7 : explain SELECT c FROM sbtest7 WHERE id BETWEEN 3930344 AND 3930353 ORDER BY c
	Sort  (cost=44.13..44.16 rows=10 width=121)
	  Sort Key: c
	  ->  Index Scan using sbtest7_pkey on sbtest7  (cost=0.43..43.97 rows=10 width=121)
	        Index Cond: ((id >= 3930344) AND (id <= 3930353))

table 8 : explain SELECT c FROM sbtest8 WHERE id BETWEEN 3360711 AND 3360720 ORDER BY c
	Sort  (cost=44.09..44.12 rows=10 width=121)
	  Sort Key: c
	  ->  Index Scan using sbtest8_pkey on sbtest8  (cost=0.43..43.93 rows=10 width=121)
	        Index Cond: ((id >= 3360711) AND (id <= 3360720))

for: order_ranges
table 1 : explain SELECT c FROM sbtest1 WHERE id BETWEEN 8452129 AND 8452138 ORDER BY c
	Sort  (cost=40.25..40.28 rows=9 width=121)
	  Sort Key: c
	  ->  Index Scan using sbtest1_pkey on sbtest1  (cost=0.43..40.11 rows=9 width=121)
	        Index Cond: ((id >= 8452129) AND (id <= 8452138))

table 2 : explain SELECT c FROM sbtest2 WHERE id BETWEEN 1870734 AND 1870743 ORDER BY c
	Sort  (cost=40.32..40.35 rows=9 width=121)
	  Sort Key: c
	  ->  Index Scan using sbtest2_pkey on sbtest2  (cost=0.43..40.18 rows=9 width=121)
	        Index Cond: ((id >= 1870734) AND (id <= 1870743))

table 3 : explain SELECT c FROM sbtest3 WHERE id BETWEEN 801098 AND 801107 ORDER BY c
	Sort  (cost=40.27..40.29 rows=9 width=121)
	  Sort Key: c
	  ->  Index Scan using sbtest3_pkey on sbtest3  (cost=0.43..40.13 rows=9 width=121)
	        Index Cond: ((id >= 801098) AND (id <= 801107))

table 4 : explain SELECT c FROM sbtest4 WHERE id BETWEEN 5891381 AND 5891390 ORDER BY c
	Sort  (cost=48.11..48.14 rows=11 width=121)
	  Sort Key: c
	  ->  Index Scan using sbtest4_pkey on sbtest4  (cost=0.43..47.92 rows=11 width=121)
	        Index Cond: ((id >= 5891381) AND (id <= 5891390))

table 5 : explain SELECT c FROM sbtest5 WHERE id BETWEEN 8302476 AND 8302485 ORDER BY c
	Sort  (cost=40.25..40.28 rows=9 width=121)
	  Sort Key: c
	  ->  Index Scan using sbtest5_pkey on sbtest5  (cost=0.43..40.11 rows=9 width=121)
	        Index Cond: ((id >= 8302476) AND (id <= 8302485))

table 6 : explain SELECT c FROM sbtest6 WHERE id BETWEEN 1865068 AND 1865077 ORDER BY c
	Sort  (cost=44.17..44.19 rows=10 width=121)
	  Sort Key: c
	  ->  Index Scan using sbtest6_pkey on sbtest6  (cost=0.43..44.00 rows=10 width=121)
	        Index Cond: ((id >= 1865068) AND (id <= 1865077))

table 7 : explain SELECT c FROM sbtest7 WHERE id BETWEEN 4468585 AND 4468594 ORDER BY c
	Sort  (cost=44.13..44.16 rows=10 width=121)
	  Sort Key: c
	  ->  Index Scan using sbtest7_pkey on sbtest7  (cost=0.43..43.97 rows=10 width=121)
	        Index Cond: ((id >= 4468585) AND (id <= 4468594))

table 8 : explain SELECT c FROM sbtest8 WHERE id BETWEEN 669181 AND 669190 ORDER BY c
	Sort  (cost=44.09..44.12 rows=10 width=121)
	  Sort Key: c
	  ->  Index Scan using sbtest8_pkey on sbtest8  (cost=0.43..43.93 rows=10 width=121)
	        Index Cond: ((id >= 669181) AND (id <= 669190))

for: order_ranges
table 1 : explain SELECT c FROM sbtest1 WHERE id BETWEEN 7174081 AND 7174090 ORDER BY c
	Sort  (cost=48.21..48.24 rows=11 width=121)
	  Sort Key: c
	  ->  Index Scan using sbtest1_pkey on sbtest1  (cost=0.43..48.02 rows=11 width=121)
	        Index Cond: ((id >= 7174081) AND (id <= 7174090))

table 2 : explain SELECT c FROM sbtest2 WHERE id BETWEEN 7536623 AND 7536632 ORDER BY c
	Sort  (cost=40.32..40.35 rows=9 width=121)
	  Sort Key: c
	  ->  Index Scan using sbtest2_pkey on sbtest2  (cost=0.43..40.18 rows=9 width=121)
	        Index Cond: ((id >= 7536623) AND (id <= 7536632))

table 3 : explain SELECT c FROM sbtest3 WHERE id BETWEEN 6031091 AND 6031100 ORDER BY c
	Sort  (cost=44.25..44.28 rows=10 width=121)
	  Sort Key: c
	  ->  Index Scan using sbtest3_pkey on sbtest3  (cost=0.43..44.08 rows=10 width=121)
	        Index Cond: ((id >= 6031091) AND (id <= 6031100))

table 4 : explain SELECT c FROM sbtest4 WHERE id BETWEEN 3789753 AND 3789762 ORDER BY c
	Sort  (cost=48.11..48.14 rows=11 width=121)
	  Sort Key: c
	  ->  Index Scan using sbtest4_pkey on sbtest4  (cost=0.43..47.92 rows=11 width=121)
	        Index Cond: ((id >= 3789753) AND (id <= 3789762))

table 5 : explain SELECT c FROM sbtest5 WHERE id BETWEEN 7563584 AND 7563593 ORDER BY c
	Sort  (cost=44.23..44.26 rows=10 width=121)
	  Sort Key: c
	  ->  Index Scan using sbtest5_pkey on sbtest5  (cost=0.43..44.07 rows=10 width=121)
	        Index Cond: ((id >= 7563584) AND (id <= 7563593))

table 6 : explain SELECT c FROM sbtest6 WHERE id BETWEEN 4061084 AND 4061093 ORDER BY c
	Sort  (cost=40.19..40.22 rows=9 width=121)
	  Sort Key: c
	  ->  Index Scan using sbtest6_pkey on sbtest6  (cost=0.43..40.05 rows=9 width=121)
	        Index Cond: ((id >= 4061084) AND (id <= 4061093))

table 7 : explain SELECT c FROM sbtest7 WHERE id BETWEEN 548185 AND 548194 ORDER BY c
	Sort  (cost=40.16..40.18 rows=9 width=121)
	  Sort Key: c
	  ->  Index Scan using sbtest7_pkey on sbtest7  (cost=0.43..40.02 rows=9 width=121)
	        Index Cond: ((id >= 548185) AND (id <= 548194))

table 8 : explain SELECT c FROM sbtest8 WHERE id BETWEEN 4570007 AND 4570016 ORDER BY c
	Sort  (cost=48.06..48.09 rows=11 width=121)
	  Sort Key: c
	  ->  Index Scan using sbtest8_pkey on sbtest8  (cost=0.43..47.87 rows=11 width=121)
	        Index Cond: ((id >= 4570007) AND (id <= 4570016))

for: order_ranges
table 1 : explain SELECT c FROM sbtest1 WHERE id BETWEEN 3935464 AND 3935473 ORDER BY c
	Sort  (cost=40.25..40.28 rows=9 width=121)
	  Sort Key: c
	  ->  Index Scan using sbtest1_pkey on sbtest1  (cost=0.43..40.11 rows=9 width=121)
	        Index Cond: ((id >= 3935464) AND (id <= 3935473))

table 2 : explain SELECT c FROM sbtest2 WHERE id BETWEEN 8903139 AND 8903148 ORDER BY c
	Sort  (cost=44.31..44.34 rows=10 width=121)
	  Sort Key: c
	  ->  Index Scan using sbtest2_pkey on sbtest2  (cost=0.43..44.15 rows=10 width=121)
	        Index Cond: ((id >= 8903139) AND (id <= 8903148))

table 3 : explain SELECT c FROM sbtest3 WHERE id BETWEEN 1672321 AND 1672330 ORDER BY c
	Sort  (cost=40.27..40.29 rows=9 width=121)
	  Sort Key: c
	  ->  Index Scan using sbtest3_pkey on sbtest3  (cost=0.43..40.13 rows=9 width=121)
	        Index Cond: ((id >= 1672321) AND (id <= 1672330))

table 4 : explain SELECT c FROM sbtest4 WHERE id BETWEEN 6016038 AND 6016047 ORDER BY c
	Sort  (cost=48.11..48.14 rows=11 width=121)
	  Sort Key: c
	  ->  Index Scan using sbtest4_pkey on sbtest4  (cost=0.43..47.92 rows=11 width=121)
	        Index Cond: ((id >= 6016038) AND (id <= 6016047))

table 5 : explain SELECT c FROM sbtest5 WHERE id BETWEEN 1241493 AND 1241502 ORDER BY c
	Sort  (cost=44.23..44.26 rows=10 width=121)
	  Sort Key: c
	  ->  Index Scan using sbtest5_pkey on sbtest5  (cost=0.43..44.07 rows=10 width=121)
	        Index Cond: ((id >= 1241493) AND (id <= 1241502))

table 6 : explain SELECT c FROM sbtest6 WHERE id BETWEEN 4193042 AND 4193051 ORDER BY c
	Sort  (cost=44.17..44.19 rows=10 width=121)
	  Sort Key: c
	  ->  Index Scan using sbtest6_pkey on sbtest6  (cost=0.43..44.00 rows=10 width=121)
	        Index Cond: ((id >= 4193042) AND (id <= 4193051))

table 7 : explain SELECT c FROM sbtest7 WHERE id BETWEEN 1120418 AND 1120427 ORDER BY c
	Sort  (cost=44.13..44.16 rows=10 width=121)
	  Sort Key: c
	  ->  Index Scan using sbtest7_pkey on sbtest7  (cost=0.43..43.97 rows=10 width=121)
	        Index Cond: ((id >= 1120418) AND (id <= 1120427))

table 8 : explain SELECT c FROM sbtest8 WHERE id BETWEEN 2515813 AND 2515822 ORDER BY c
	Sort  (cost=48.06..48.09 rows=11 width=121)
	  Sort Key: c
	  ->  Index Scan using sbtest8_pkey on sbtest8  (cost=0.43..47.87 rows=11 width=121)
	        Index Cond: ((id >= 2515813) AND (id <= 2515822))

for: sum_ranges
table 1 : explain SELECT SUM(k) FROM sbtest1 WHERE id BETWEEN 7487456 AND 7487465
	Aggregate  (cost=44.09..44.10 rows=1 width=8)
	  ->  Index Scan using sbtest1_pkey on sbtest1  (cost=0.43..44.07 rows=10 width=4)
	        Index Cond: ((id >= 7487456) AND (id <= 7487465))

table 2 : explain SELECT SUM(k) FROM sbtest2 WHERE id BETWEEN 3622533 AND 3622542
	Aggregate  (cost=44.17..44.18 rows=1 width=8)
	  ->  Index Scan using sbtest2_pkey on sbtest2  (cost=0.43..44.15 rows=10 width=4)
	        Index Cond: ((id >= 3622533) AND (id <= 3622542))

table 3 : explain SELECT SUM(k) FROM sbtest3 WHERE id BETWEEN 5913573 AND 5913582
	Aggregate  (cost=44.11..44.12 rows=1 width=8)
	  ->  Index Scan using sbtest3_pkey on sbtest3  (cost=0.43..44.08 rows=10 width=4)
	        Index Cond: ((id >= 5913573) AND (id <= 5913582))

table 4 : explain SELECT SUM(k) FROM sbtest4 WHERE id BETWEEN 9587000 AND 9587009
	Aggregate  (cost=44.00..44.01 rows=1 width=8)
	  ->  Index Scan using sbtest4_pkey on sbtest4  (cost=0.43..43.97 rows=10 width=4)
	        Index Cond: ((id >= 9587000) AND (id <= 9587009))

table 5 : explain SELECT SUM(k) FROM sbtest5 WHERE id BETWEEN 3011142 AND 3011151
	Aggregate  (cost=44.09..44.10 rows=1 width=8)
	  ->  Index Scan using sbtest5_pkey on sbtest5  (cost=0.43..44.07 rows=10 width=4)
	        Index Cond: ((id >= 3011142) AND (id <= 3011151))

table 6 : explain SELECT SUM(k) FROM sbtest6 WHERE id BETWEEN 9326168 AND 9326177
	Aggregate  (cost=44.03..44.04 rows=1 width=8)
	  ->  Index Scan using sbtest6_pkey on sbtest6  (cost=0.43..44.00 rows=10 width=4)
	        Index Cond: ((id >= 9326168) AND (id <= 9326177))

table 7 : explain SELECT SUM(k) FROM sbtest7 WHERE id BETWEEN 2792878 AND 2792887
	Aggregate  (cost=43.99..44.00 rows=1 width=8)
	  ->  Index Scan using sbtest7_pkey on sbtest7  (cost=0.43..43.97 rows=10 width=4)
	        Index Cond: ((id >= 2792878) AND (id <= 2792887))

table 8 : explain SELECT SUM(k) FROM sbtest8 WHERE id BETWEEN 6729643 AND 6729652
	Aggregate  (cost=43.95..43.96 rows=1 width=8)
	  ->  Index Scan using sbtest8_pkey on sbtest8  (cost=0.43..43.93 rows=10 width=4)
	        Index Cond: ((id >= 6729643) AND (id <= 6729652))

for: order_ranges
table 1 : explain SELECT c FROM sbtest1 WHERE id BETWEEN 2486024 AND 2486033 ORDER BY c
	Sort  (cost=44.23..44.26 rows=10 width=121)
	  Sort Key: c
	  ->  Index Scan using sbtest1_pkey on sbtest1  (cost=0.43..44.07 rows=10 width=121)
	        Index Cond: ((id >= 2486024) AND (id <= 2486033))

table 2 : explain SELECT c FROM sbtest2 WHERE id BETWEEN 7562779 AND 7562788 ORDER BY c
	Sort  (cost=40.32..40.35 rows=9 width=121)
	  Sort Key: c
	  ->  Index Scan using sbtest2_pkey on sbtest2  (cost=0.43..40.18 rows=9 width=121)
	        Index Cond: ((id >= 7562779) AND (id <= 7562788))

table 3 : explain SELECT c FROM sbtest3 WHERE id BETWEEN 4899705 AND 4899714 ORDER BY c
	Sort  (cost=48.23..48.26 rows=11 width=121)
	  Sort Key: c
	  ->  Index Scan using sbtest3_pkey on sbtest3  (cost=0.43..48.04 rows=11 width=121)
	        Index Cond: ((id >= 4899705) AND (id <= 4899714))

table 4 : explain SELECT c FROM sbtest4 WHERE id BETWEEN 3606193 AND 3606202 ORDER BY c
	Sort  (cost=44.14..44.16 rows=10 width=121)
	  Sort Key: c
	  ->  Index Scan using sbtest4_pkey on sbtest4  (cost=0.43..43.97 rows=10 width=121)
	        Index Cond: ((id >= 3606193) AND (id <= 3606202))

table 5 : explain SELECT c FROM sbtest5 WHERE id BETWEEN 818334 AND 818343 ORDER BY c
	Sort  (cost=44.23..44.26 rows=10 width=121)
	  Sort Key: c
	  ->  Index Scan using sbtest5_pkey on sbtest5  (cost=0.43..44.07 rows=10 width=121)
	        Index Cond: ((id >= 818334) AND (id <= 818343))

table 6 : explain SELECT c FROM sbtest6 WHERE id BETWEEN 1873543 AND 1873552 ORDER BY c
	Sort  (cost=44.17..44.19 rows=10 width=121)
	  Sort Key: c
	  ->  Index Scan using sbtest6_pkey on sbtest6  (cost=0.43..44.00 rows=10 width=121)
	        Index Cond: ((id >= 1873543) AND (id <= 1873552))

table 7 : explain SELECT c FROM sbtest7 WHERE id BETWEEN 9704249 AND 9704258 ORDER BY c
	Sort  (cost=40.16..40.18 rows=9 width=121)
	  Sort Key: c
	  ->  Index Scan using sbtest7_pkey on sbtest7  (cost=0.43..40.02 rows=9 width=121)
	        Index Cond: ((id >= 9704249) AND (id <= 9704258))

table 8 : explain SELECT c FROM sbtest8 WHERE id BETWEEN 612779 AND 612788 ORDER BY c
	Sort  (cost=44.09..44.12 rows=10 width=121)
	  Sort Key: c
	  ->  Index Scan using sbtest8_pkey on sbtest8  (cost=0.43..43.93 rows=10 width=121)
	        Index Cond: ((id >= 612779) AND (id <= 612788))

for: order_ranges
table 1 : explain SELECT c FROM sbtest1 WHERE id BETWEEN 2332287 AND 2332296 ORDER BY c
	Sort  (cost=48.21..48.24 rows=11 width=121)
	  Sort Key: c
	  ->  Index Scan using sbtest1_pkey on sbtest1  (cost=0.43..48.02 rows=11 width=121)
	        Index Cond: ((id >= 2332287) AND (id <= 2332296))

table 2 : explain SELECT c FROM sbtest2 WHERE id BETWEEN 2058769 AND 2058778 ORDER BY c
	Sort  (cost=40.32..40.35 rows=9 width=121)
	  Sort Key: c
	  ->  Index Scan using sbtest2_pkey on sbtest2  (cost=0.43..40.18 rows=9 width=121)
	        Index Cond: ((id >= 2058769) AND (id <= 2058778))

table 3 : explain SELECT c FROM sbtest3 WHERE id BETWEEN 9326579 AND 9326588 ORDER BY c
	Sort  (cost=48.23..48.26 rows=11 width=121)
	  Sort Key: c
	  ->  Index Scan using sbtest3_pkey on sbtest3  (cost=0.43..48.04 rows=11 width=121)
	        Index Cond: ((id >= 9326579) AND (id <= 9326588))

table 4 : explain SELECT c FROM sbtest4 WHERE id BETWEEN 4742820 AND 4742829 ORDER BY c
	Sort  (cost=44.14..44.16 rows=10 width=121)
	  Sort Key: c
	  ->  Index Scan using sbtest4_pkey on sbtest4  (cost=0.43..43.97 rows=10 width=121)
	        Index Cond: ((id >= 4742820) AND (id <= 4742829))

table 5 : explain SELECT c FROM sbtest5 WHERE id BETWEEN 3093458 AND 3093467 ORDER BY c
	Sort  (cost=44.23..44.26 rows=10 width=121)
	  Sort Key: c
	  ->  Index Scan using sbtest5_pkey on sbtest5  (cost=0.43..44.07 rows=10 width=121)
	        Index Cond: ((id >= 3093458) AND (id <= 3093467))

table 6 : explain SELECT c FROM sbtest6 WHERE id BETWEEN 1930984 AND 1930993 ORDER BY c
	Sort  (cost=44.17..44.19 rows=10 width=121)
	  Sort Key: c
	  ->  Index Scan using sbtest6_pkey on sbtest6  (cost=0.43..44.00 rows=10 width=121)
	        Index Cond: ((id >= 1930984) AND (id <= 1930993))

table 7 : explain SELECT c FROM sbtest7 WHERE id BETWEEN 4660830 AND 4660839 ORDER BY c
	Sort  (cost=48.10..48.13 rows=11 width=121)
	  Sort Key: c
	  ->  Index Scan using sbtest7_pkey on sbtest7  (cost=0.43..47.91 rows=11 width=121)
	        Index Cond: ((id >= 4660830) AND (id <= 4660839))

table 8 : explain SELECT c FROM sbtest8 WHERE id BETWEEN 2647765 AND 2647774 ORDER BY c
	Sort  (cost=44.09..44.12 rows=10 width=121)
	  Sort Key: c
	  ->  Index Scan using sbtest8_pkey on sbtest8  (cost=0.43..43.93 rows=10 width=121)
	        Index Cond: ((id >= 2647765) AND (id <= 2647774))

for: sum_ranges
table 1 : explain SELECT SUM(k) FROM sbtest1 WHERE id BETWEEN 2722290 AND 2722299
	Aggregate  (cost=44.09..44.10 rows=1 width=8)
	  ->  Index Scan using sbtest1_pkey on sbtest1  (cost=0.43..44.07 rows=10 width=4)
	        Index Cond: ((id >= 2722290) AND (id <= 2722299))

table 2 : explain SELECT SUM(k) FROM sbtest2 WHERE id BETWEEN 5785911 AND 5785920
	Aggregate  (cost=40.20..40.21 rows=1 width=8)
	  ->  Index Scan using sbtest2_pkey on sbtest2  (cost=0.43..40.18 rows=9 width=4)
	        Index Cond: ((id >= 5785911) AND (id <= 5785920))

table 3 : explain SELECT SUM(k) FROM sbtest3 WHERE id BETWEEN 6462672 AND 6462681
	Aggregate  (cost=40.15..40.16 rows=1 width=8)
	  ->  Index Scan using sbtest3_pkey on sbtest3  (cost=0.43..40.13 rows=9 width=4)
	        Index Cond: ((id >= 6462672) AND (id <= 6462681))

table 4 : explain SELECT SUM(k) FROM sbtest4 WHERE id BETWEEN 7245308 AND 7245317
	Aggregate  (cost=44.00..44.01 rows=1 width=8)
	  ->  Index Scan using sbtest4_pkey on sbtest4  (cost=0.43..43.97 rows=10 width=4)
	        Index Cond: ((id >= 7245308) AND (id <= 7245317))

table 5 : explain SELECT SUM(k) FROM sbtest5 WHERE id BETWEEN 9515844 AND 9515853
	Aggregate  (cost=44.09..44.10 rows=1 width=8)
	  ->  Index Scan using sbtest5_pkey on sbtest5  (cost=0.43..44.07 rows=10 width=4)
	        Index Cond: ((id >= 9515844) AND (id <= 9515853))

table 6 : explain SELECT SUM(k) FROM sbtest6 WHERE id BETWEEN 7884560 AND 7884569
	Aggregate  (cost=40.07..40.08 rows=1 width=8)
	  ->  Index Scan using sbtest6_pkey on sbtest6  (cost=0.43..40.05 rows=9 width=4)
	        Index Cond: ((id >= 7884560) AND (id <= 7884569))

table 7 : explain SELECT SUM(k) FROM sbtest7 WHERE id BETWEEN 8775645 AND 8775654
	Aggregate  (cost=43.99..44.00 rows=1 width=8)
	  ->  Index Scan using sbtest7_pkey on sbtest7  (cost=0.43..43.97 rows=10 width=4)
	        Index Cond: ((id >= 8775645) AND (id <= 8775654))

table 8 : explain SELECT SUM(k) FROM sbtest8 WHERE id BETWEEN 653409 AND 653418
	Aggregate  (cost=43.95..43.96 rows=1 width=8)
	  ->  Index Scan using sbtest8_pkey on sbtest8  (cost=0.43..43.93 rows=10 width=4)
	        Index Cond: ((id >= 653409) AND (id <= 653418))

for: order_ranges
table 1 : explain SELECT c FROM sbtest1 WHERE id BETWEEN 4662506 AND 4662515 ORDER BY c
	Sort  (cost=44.23..44.26 rows=10 width=121)
	  Sort Key: c
	  ->  Index Scan using sbtest1_pkey on sbtest1  (cost=0.43..44.07 rows=10 width=121)
	        Index Cond: ((id >= 4662506) AND (id <= 4662515))

table 2 : explain SELECT c FROM sbtest2 WHERE id BETWEEN 7018694 AND 7018703 ORDER BY c
	Sort  (cost=44.31..44.34 rows=10 width=121)
	  Sort Key: c
	  ->  Index Scan using sbtest2_pkey on sbtest2  (cost=0.43..44.15 rows=10 width=121)
	        Index Cond: ((id >= 7018694) AND (id <= 7018703))

table 3 : explain SELECT c FROM sbtest3 WHERE id BETWEEN 8870735 AND 8870744 ORDER BY c
	Sort  (cost=44.25..44.28 rows=10 width=121)
	  Sort Key: c
	  ->  Index Scan using sbtest3_pkey on sbtest3  (cost=0.43..44.08 rows=10 width=121)
	        Index Cond: ((id >= 8870735) AND (id <= 8870744))

table 4 : explain SELECT c FROM sbtest4 WHERE id BETWEEN 1704333 AND 1704342 ORDER BY c
	Sort  (cost=44.14..44.16 rows=10 width=121)
	  Sort Key: c
	  ->  Index Scan using sbtest4_pkey on sbtest4  (cost=0.43..43.97 rows=10 width=121)
	        Index Cond: ((id >= 1704333) AND (id <= 1704342))

table 5 : explain SELECT c FROM sbtest5 WHERE id BETWEEN 8209846 AND 8209855 ORDER BY c
	Sort  (cost=44.23..44.26 rows=10 width=121)
	  Sort Key: c
	  ->  Index Scan using sbtest5_pkey on sbtest5  (cost=0.43..44.07 rows=10 width=121)
	        Index Cond: ((id >= 8209846) AND (id <= 8209855))

table 6 : explain SELECT c FROM sbtest6 WHERE id BETWEEN 6808960 AND 6808969 ORDER BY c
	Sort  (cost=48.14..48.17 rows=11 width=121)
	  Sort Key: c
	  ->  Index Scan using sbtest6_pkey on sbtest6  (cost=0.43..47.95 rows=11 width=121)
	        Index Cond: ((id >= 6808960) AND (id <= 6808969))

table 7 : explain SELECT c FROM sbtest7 WHERE id BETWEEN 1685341 AND 1685350 ORDER BY c
	Sort  (cost=40.16..40.18 rows=9 width=121)
	  Sort Key: c
	  ->  Index Scan using sbtest7_pkey on sbtest7  (cost=0.43..40.02 rows=9 width=121)
	        Index Cond: ((id >= 1685341) AND (id <= 1685350))

table 8 : explain SELECT c FROM sbtest8 WHERE id BETWEEN 4436124 AND 4436133 ORDER BY c
	Sort  (cost=40.13..40.15 rows=9 width=121)
	  Sort Key: c
	  ->  Index Scan using sbtest8_pkey on sbtest8  (cost=0.43..39.99 rows=9 width=121)
	        Index Cond: ((id >= 4436124) AND (id <= 4436133))

for: sum_ranges
table 1 : explain SELECT SUM(k) FROM sbtest1 WHERE id BETWEEN 1952690 AND 1952699
	Aggregate  (cost=44.09..44.10 rows=1 width=8)
	  ->  Index Scan using sbtest1_pkey on sbtest1  (cost=0.43..44.07 rows=10 width=4)
	        Index Cond: ((id >= 1952690) AND (id <= 1952699))

table 2 : explain SELECT SUM(k) FROM sbtest2 WHERE id BETWEEN 1171742 AND 1171751
	Aggregate  (cost=44.17..44.18 rows=1 width=8)
	  ->  Index Scan using sbtest2_pkey on sbtest2  (cost=0.43..44.15 rows=10 width=4)
	        Index Cond: ((id >= 1171742) AND (id <= 1171751))

table 3 : explain SELECT SUM(k) FROM sbtest3 WHERE id BETWEEN 6664354 AND 6664363
	Aggregate  (cost=44.11..44.12 rows=1 width=8)
	  ->  Index Scan using sbtest3_pkey on sbtest3  (cost=0.43..44.08 rows=10 width=4)
	        Index Cond: ((id >= 6664354) AND (id <= 6664363))

table 4 : explain SELECT SUM(k) FROM sbtest4 WHERE id BETWEEN 5540772 AND 5540781
	Aggregate  (cost=44.00..44.01 rows=1 width=8)
	  ->  Index Scan using sbtest4_pkey on sbtest4  (cost=0.43..43.97 rows=10 width=4)
	        Index Cond: ((id >= 5540772) AND (id <= 5540781))

table 5 : explain SELECT SUM(k) FROM sbtest5 WHERE id BETWEEN 7849000 AND 7849009
	Aggregate  (cost=44.09..44.10 rows=1 width=8)
	  ->  Index Scan using sbtest5_pkey on sbtest5  (cost=0.43..44.07 rows=10 width=4)
	        Index Cond: ((id >= 7849000) AND (id <= 7849009))

table 6 : explain SELECT SUM(k) FROM sbtest6 WHERE id BETWEEN 219409 AND 219418
	Aggregate  (cost=44.03..44.04 rows=1 width=8)
	  ->  Index Scan using sbtest6_pkey on sbtest6  (cost=0.43..44.00 rows=10 width=4)
	        Index Cond: ((id >= 219409) AND (id <= 219418))

table 7 : explain SELECT SUM(k) FROM sbtest7 WHERE id BETWEEN 5207801 AND 5207810
	Aggregate  (cost=43.99..44.00 rows=1 width=8)
	  ->  Index Scan using sbtest7_pkey on sbtest7  (cost=0.43..43.97 rows=10 width=4)
	        Index Cond: ((id >= 5207801) AND (id <= 5207810))

table 8 : explain SELECT SUM(k) FROM sbtest8 WHERE id BETWEEN 2241902 AND 2241911
	Aggregate  (cost=43.95..43.96 rows=1 width=8)
	  ->  Index Scan using sbtest8_pkey on sbtest8  (cost=0.43..43.93 rows=10 width=4)
	        Index Cond: ((id >= 2241902) AND (id <= 2241911))

for: order_ranges
table 1 : explain SELECT c FROM sbtest1 WHERE id BETWEEN 1976535 AND 1976544 ORDER BY c
	Sort  (cost=44.23..44.26 rows=10 width=121)
	  Sort Key: c
	  ->  Index Scan using sbtest1_pkey on sbtest1  (cost=0.43..44.07 rows=10 width=121)
	        Index Cond: ((id >= 1976535) AND (id <= 1976544))

table 2 : explain SELECT c FROM sbtest2 WHERE id BETWEEN 3743037 AND 3743046 ORDER BY c
	Sort  (cost=48.30..48.33 rows=11 width=121)
	  Sort Key: c
	  ->  Index Scan using sbtest2_pkey on sbtest2  (cost=0.43..48.11 rows=11 width=121)
	        Index Cond: ((id >= 3743037) AND (id <= 3743046))

table 3 : explain SELECT c FROM sbtest3 WHERE id BETWEEN 4752833 AND 4752842 ORDER BY c
	Sort  (cost=44.25..44.28 rows=10 width=121)
	  Sort Key: c
	  ->  Index Scan using sbtest3_pkey on sbtest3  (cost=0.43..44.08 rows=10 width=121)
	        Index Cond: ((id >= 4752833) AND (id <= 4752842))

table 4 : explain SELECT c FROM sbtest4 WHERE id BETWEEN 6811492 AND 6811501 ORDER BY c
	Sort  (cost=44.14..44.16 rows=10 width=121)
	  Sort Key: c
	  ->  Index Scan using sbtest4_pkey on sbtest4  (cost=0.43..43.97 rows=10 width=121)
	        Index Cond: ((id >= 6811492) AND (id <= 6811501))

table 5 : explain SELECT c FROM sbtest5 WHERE id BETWEEN 3288649 AND 3288658 ORDER BY c
	Sort  (cost=44.23..44.26 rows=10 width=121)
	  Sort Key: c
	  ->  Index Scan using sbtest5_pkey on sbtest5  (cost=0.43..44.07 rows=10 width=121)
	        Index Cond: ((id >= 3288649) AND (id <= 3288658))

table 6 : explain SELECT c FROM sbtest6 WHERE id BETWEEN 785157 AND 785166 ORDER BY c
	Sort  (cost=44.17..44.19 rows=10 width=121)
	  Sort Key: c
	  ->  Index Scan using sbtest6_pkey on sbtest6  (cost=0.43..44.00 rows=10 width=121)
	        Index Cond: ((id >= 785157) AND (id <= 785166))

table 7 : explain SELECT c FROM sbtest7 WHERE id BETWEEN 1420830 AND 1420839 ORDER BY c
	Sort  (cost=44.13..44.16 rows=10 width=121)
	  Sort Key: c
	  ->  Index Scan using sbtest7_pkey on sbtest7  (cost=0.43..43.97 rows=10 width=121)
	        Index Cond: ((id >= 1420830) AND (id <= 1420839))

table 8 : explain SELECT c FROM sbtest8 WHERE id BETWEEN 9606252 AND 9606261 ORDER BY c
	Sort  (cost=48.06..48.09 rows=11 width=121)
	  Sort Key: c
	  ->  Index Scan using sbtest8_pkey on sbtest8  (cost=0.43..47.87 rows=11 width=121)
	        Index Cond: ((id >= 9606252) AND (id <= 9606261))

for: sum_ranges
table 1 : explain SELECT SUM(k) FROM sbtest1 WHERE id BETWEEN 4238065 AND 4238074
	Aggregate  (cost=40.13..40.14 rows=1 width=8)
	  ->  Index Scan using sbtest1_pkey on sbtest1  (cost=0.43..40.11 rows=9 width=4)
	        Index Cond: ((id >= 4238065) AND (id <= 4238074))

table 2 : explain SELECT SUM(k) FROM sbtest2 WHERE id BETWEEN 2548316 AND 2548325
	Aggregate  (cost=44.17..44.18 rows=1 width=8)
	  ->  Index Scan using sbtest2_pkey on sbtest2  (cost=0.43..44.15 rows=10 width=4)
	        Index Cond: ((id >= 2548316) AND (id <= 2548325))

table 3 : explain SELECT SUM(k) FROM sbtest3 WHERE id BETWEEN 5610922 AND 5610931
	Aggregate  (cost=44.11..44.12 rows=1 width=8)
	  ->  Index Scan using sbtest3_pkey on sbtest3  (cost=0.43..44.08 rows=10 width=4)
	        Index Cond: ((id >= 5610922) AND (id <= 5610931))

table 4 : explain SELECT SUM(k) FROM sbtest4 WHERE id BETWEEN 9151891 AND 9151900
	Aggregate  (cost=40.05..40.06 rows=1 width=8)
	  ->  Index Scan using sbtest4_pkey on sbtest4  (cost=0.43..40.03 rows=9 width=4)
	        Index Cond: ((id >= 9151891) AND (id <= 9151900))

table 5 : explain SELECT SUM(k) FROM sbtest5 WHERE id BETWEEN 4771859 AND 4771868
	Aggregate  (cost=40.13..40.14 rows=1 width=8)
	  ->  Index Scan using sbtest5_pkey on sbtest5  (cost=0.43..40.11 rows=9 width=4)
	        Index Cond: ((id >= 4771859) AND (id <= 4771868))

table 6 : explain SELECT SUM(k) FROM sbtest6 WHERE id BETWEEN 8822060 AND 8822069
	Aggregate  (cost=44.03..44.04 rows=1 width=8)
	  ->  Index Scan using sbtest6_pkey on sbtest6  (cost=0.43..44.00 rows=10 width=4)
	        Index Cond: ((id >= 8822060) AND (id <= 8822069))

table 7 : explain SELECT SUM(k) FROM sbtest7 WHERE id BETWEEN 1740748 AND 1740757
	Aggregate  (cost=43.99..44.00 rows=1 width=8)
	  ->  Index Scan using sbtest7_pkey on sbtest7  (cost=0.43..43.97 rows=10 width=4)
	        Index Cond: ((id >= 1740748) AND (id <= 1740757))

table 8 : explain SELECT SUM(k) FROM sbtest8 WHERE id BETWEEN 7948624 AND 7948633
	Aggregate  (cost=43.95..43.96 rows=1 width=8)
	  ->  Index Scan using sbtest8_pkey on sbtest8  (cost=0.43..43.93 rows=10 width=4)
	        Index Cond: ((id >= 7948624) AND (id <= 7948633))

for: order_ranges
table 1 : explain SELECT c FROM sbtest1 WHERE id BETWEEN 5368837 AND 5368846 ORDER BY c
	Sort  (cost=40.25..40.28 rows=9 width=121)
	  Sort Key: c
	  ->  Index Scan using sbtest1_pkey on sbtest1  (cost=0.43..40.11 rows=9 width=121)
	        Index Cond: ((id >= 5368837) AND (id <= 5368846))

table 2 : explain SELECT c FROM sbtest2 WHERE id BETWEEN 9479023 AND 9479032 ORDER BY c
	Sort  (cost=40.32..40.35 rows=9 width=121)
	  Sort Key: c
	  ->  Index Scan using sbtest2_pkey on sbtest2  (cost=0.43..40.18 rows=9 width=121)
	        Index Cond: ((id >= 9479023) AND (id <= 9479032))

table 3 : explain SELECT c FROM sbtest3 WHERE id BETWEEN 4534852 AND 4534861 ORDER BY c
	Sort  (cost=44.25..44.28 rows=10 width=121)
	  Sort Key: c
	  ->  Index Scan using sbtest3_pkey on sbtest3  (cost=0.43..44.08 rows=10 width=121)
	        Index Cond: ((id >= 4534852) AND (id <= 4534861))

table 4 : explain SELECT c FROM sbtest4 WHERE id BETWEEN 84684 AND 84693 ORDER BY c
	Sort  (cost=44.14..44.16 rows=10 width=121)
	  Sort Key: c
	  ->  Index Scan using sbtest4_pkey on sbtest4  (cost=0.43..43.97 rows=10 width=121)
	        Index Cond: ((id >= 84684) AND (id <= 84693))

table 5 : explain SELECT c FROM sbtest5 WHERE id BETWEEN 3801264 AND 3801273 ORDER BY c
	Sort  (cost=44.23..44.26 rows=10 width=121)
	  Sort Key: c
	  ->  Index Scan using sbtest5_pkey on sbtest5  (cost=0.43..44.07 rows=10 width=121)
	        Index Cond: ((id >= 3801264) AND (id <= 3801273))

table 6 : explain SELECT c FROM sbtest6 WHERE id BETWEEN 5975463 AND 5975472 ORDER BY c
	Sort  (cost=40.19..40.22 rows=9 width=121)
	  Sort Key: c
	  ->  Index Scan using sbtest6_pkey on sbtest6  (cost=0.43..40.05 rows=9 width=121)
	        Index Cond: ((id >= 5975463) AND (id <= 5975472))

table 7 : explain SELECT c FROM sbtest7 WHERE id BETWEEN 8636116 AND 8636125 ORDER BY c
	Sort  (cost=44.13..44.16 rows=10 width=121)
	  Sort Key: c
	  ->  Index Scan using sbtest7_pkey on sbtest7  (cost=0.43..43.97 rows=10 width=121)
	        Index Cond: ((id >= 8636116) AND (id <= 8636125))

table 8 : explain SELECT c FROM sbtest8 WHERE id BETWEEN 8443418 AND 8443427 ORDER BY c
	Sort  (cost=44.09..44.12 rows=10 width=121)
	  Sort Key: c
	  ->  Index Scan using sbtest8_pkey on sbtest8  (cost=0.43..43.93 rows=10 width=121)
	        Index Cond: ((id >= 8443418) AND (id <= 8443427))

for: sum_ranges
table 1 : explain SELECT SUM(k) FROM sbtest1 WHERE id BETWEEN 8648321 AND 8648330
	Aggregate  (cost=40.13..40.14 rows=1 width=8)
	  ->  Index Scan using sbtest1_pkey on sbtest1  (cost=0.43..40.11 rows=9 width=4)
	        Index Cond: ((id >= 8648321) AND (id <= 8648330))

table 2 : explain SELECT SUM(k) FROM sbtest2 WHERE id BETWEEN 345673 AND 345682
	Aggregate  (cost=48.14..48.15 rows=1 width=8)
	  ->  Index Scan using sbtest2_pkey on sbtest2  (cost=0.43..48.11 rows=11 width=4)
	        Index Cond: ((id >= 345673) AND (id <= 345682))

table 3 : explain SELECT SUM(k) FROM sbtest3 WHERE id BETWEEN 6932543 AND 6932552
	Aggregate  (cost=40.15..40.16 rows=1 width=8)
	  ->  Index Scan using sbtest3_pkey on sbtest3  (cost=0.43..40.13 rows=9 width=4)
	        Index Cond: ((id >= 6932543) AND (id <= 6932552))

table 4 : explain SELECT SUM(k) FROM sbtest4 WHERE id BETWEEN 3579230 AND 3579239
	Aggregate  (cost=44.00..44.01 rows=1 width=8)
	  ->  Index Scan using sbtest4_pkey on sbtest4  (cost=0.43..43.97 rows=10 width=4)
	        Index Cond: ((id >= 3579230) AND (id <= 3579239))

table 5 : explain SELECT SUM(k) FROM sbtest5 WHERE id BETWEEN 3715348 AND 3715357
	Aggregate  (cost=44.09..44.10 rows=1 width=8)
	  ->  Index Scan using sbtest5_pkey on sbtest5  (cost=0.43..44.07 rows=10 width=4)
	        Index Cond: ((id >= 3715348) AND (id <= 3715357))

table 6 : explain SELECT SUM(k) FROM sbtest6 WHERE id BETWEEN 1824974 AND 1824983
	Aggregate  (cost=44.03..44.04 rows=1 width=8)
	  ->  Index Scan using sbtest6_pkey on sbtest6  (cost=0.43..44.00 rows=10 width=4)
	        Index Cond: ((id >= 1824974) AND (id <= 1824983))

table 7 : explain SELECT SUM(k) FROM sbtest7 WHERE id BETWEEN 3649860 AND 3649869
	Aggregate  (cost=43.99..44.00 rows=1 width=8)
	  ->  Index Scan using sbtest7_pkey on sbtest7  (cost=0.43..43.97 rows=10 width=4)
	        Index Cond: ((id >= 3649860) AND (id <= 3649869))

table 8 : explain SELECT SUM(k) FROM sbtest8 WHERE id BETWEEN 9088780 AND 9088789
	Aggregate  (cost=43.95..43.96 rows=1 width=8)
	  ->  Index Scan using sbtest8_pkey on sbtest8  (cost=0.43..43.93 rows=10 width=4)
	        Index Cond: ((id >= 9088780) AND (id <= 9088789))

for: order_ranges
table 1 : explain SELECT c FROM sbtest1 WHERE id BETWEEN 3262678 AND 3262687 ORDER BY c
	Sort  (cost=44.23..44.26 rows=10 width=121)
	  Sort Key: c
	  ->  Index Scan using sbtest1_pkey on sbtest1  (cost=0.43..44.07 rows=10 width=121)
	        Index Cond: ((id >= 3262678) AND (id <= 3262687))

table 2 : explain SELECT c FROM sbtest2 WHERE id BETWEEN 8396050 AND 8396059 ORDER BY c
	Sort  (cost=44.31..44.34 rows=10 width=121)
	  Sort Key: c
	  ->  Index Scan using sbtest2_pkey on sbtest2  (cost=0.43..44.15 rows=10 width=121)
	        Index Cond: ((id >= 8396050) AND (id <= 8396059))

table 3 : explain SELECT c FROM sbtest3 WHERE id BETWEEN 8240652 AND 8240661 ORDER BY c
	Sort  (cost=48.23..48.26 rows=11 width=121)
	  Sort Key: c
	  ->  Index Scan using sbtest3_pkey on sbtest3  (cost=0.43..48.04 rows=11 width=121)
	        Index Cond: ((id >= 8240652) AND (id <= 8240661))

table 4 : explain SELECT c FROM sbtest4 WHERE id BETWEEN 7734201 AND 7734210 ORDER BY c
	Sort  (cost=44.14..44.16 rows=10 width=121)
	  Sort Key: c
	  ->  Index Scan using sbtest4_pkey on sbtest4  (cost=0.43..43.97 rows=10 width=121)
	        Index Cond: ((id >= 7734201) AND (id <= 7734210))

table 5 : explain SELECT c FROM sbtest5 WHERE id BETWEEN 9511537 AND 9511546 ORDER BY c
	Sort  (cost=44.23..44.26 rows=10 width=121)
	  Sort Key: c
	  ->  Index Scan using sbtest5_pkey on sbtest5  (cost=0.43..44.07 rows=10 width=121)
	        Index Cond: ((id >= 9511537) AND (id <= 9511546))

table 6 : explain SELECT c FROM sbtest6 WHERE id BETWEEN 1009083 AND 1009092 ORDER BY c
	Sort  (cost=48.14..48.17 rows=11 width=121)
	  Sort Key: c
	  ->  Index Scan using sbtest6_pkey on sbtest6  (cost=0.43..47.95 rows=11 width=121)
	        Index Cond: ((id >= 1009083) AND (id <= 1009092))

table 7 : explain SELECT c FROM sbtest7 WHERE id BETWEEN 6282929 AND 6282938 ORDER BY c
	Sort  (cost=44.13..44.16 rows=10 width=121)
	  Sort Key: c
	  ->  Index Scan using sbtest7_pkey on sbtest7  (cost=0.43..43.97 rows=10 width=121)
	        Index Cond: ((id >= 6282929) AND (id <= 6282938))

table 8 : explain SELECT c FROM sbtest8 WHERE id BETWEEN 1043260 AND 1043269 ORDER BY c
	Sort  (cost=48.06..48.09 rows=11 width=121)
	  Sort Key: c
	  ->  Index Scan using sbtest8_pkey on sbtest8  (cost=0.43..47.87 rows=11 width=121)
	        Index Cond: ((id >= 1043260) AND (id <= 1043269))

for: sum_ranges
table 1 : explain SELECT SUM(k) FROM sbtest1 WHERE id BETWEEN 4966214 AND 4966223
	Aggregate  (cost=48.05..48.06 rows=1 width=8)
	  ->  Index Scan using sbtest1_pkey on sbtest1  (cost=0.43..48.02 rows=11 width=4)
	        Index Cond: ((id >= 4966214) AND (id <= 4966223))

table 2 : explain SELECT SUM(k) FROM sbtest2 WHERE id BETWEEN 2544489 AND 2544498
	Aggregate  (cost=44.17..44.18 rows=1 width=8)
	  ->  Index Scan using sbtest2_pkey on sbtest2  (cost=0.43..44.15 rows=10 width=4)
	        Index Cond: ((id >= 2544489) AND (id <= 2544498))

table 3 : explain SELECT SUM(k) FROM sbtest3 WHERE id BETWEEN 2203606 AND 2203615
	Aggregate  (cost=40.15..40.16 rows=1 width=8)
	  ->  Index Scan using sbtest3_pkey on sbtest3  (cost=0.43..40.13 rows=9 width=4)
	        Index Cond: ((id >= 2203606) AND (id <= 2203615))

table 4 : explain SELECT SUM(k) FROM sbtest4 WHERE id BETWEEN 7434172 AND 7434181
	Aggregate  (cost=44.00..44.01 rows=1 width=8)
	  ->  Index Scan using sbtest4_pkey on sbtest4  (cost=0.43..43.97 rows=10 width=4)
	        Index Cond: ((id >= 7434172) AND (id <= 7434181))

table 5 : explain SELECT SUM(k) FROM sbtest5 WHERE id BETWEEN 8708891 AND 8708900
	Aggregate  (cost=44.09..44.10 rows=1 width=8)
	  ->  Index Scan using sbtest5_pkey on sbtest5  (cost=0.43..44.07 rows=10 width=4)
	        Index Cond: ((id >= 8708891) AND (id <= 8708900))

table 6 : explain SELECT SUM(k) FROM sbtest6 WHERE id BETWEEN 9726700 AND 9726709
	Aggregate  (cost=44.03..44.04 rows=1 width=8)
	  ->  Index Scan using sbtest6_pkey on sbtest6  (cost=0.43..44.00 rows=10 width=4)
	        Index Cond: ((id >= 9726700) AND (id <= 9726709))

table 7 : explain SELECT SUM(k) FROM sbtest7 WHERE id BETWEEN 1250646 AND 1250655
	Aggregate  (cost=43.99..44.00 rows=1 width=8)
	  ->  Index Scan using sbtest7_pkey on sbtest7  (cost=0.43..43.97 rows=10 width=4)
	        Index Cond: ((id >= 1250646) AND (id <= 1250655))

table 8 : explain SELECT SUM(k) FROM sbtest8 WHERE id BETWEEN 2512448 AND 2512457
	Aggregate  (cost=47.90..47.91 rows=1 width=8)
	  ->  Index Scan using sbtest8_pkey on sbtest8  (cost=0.43..47.87 rows=11 width=4)
	        Index Cond: ((id >= 2512448) AND (id <= 2512457))

for: sum_ranges
table 1 : explain SELECT SUM(k) FROM sbtest1 WHERE id BETWEEN 1891638 AND 1891647
	Aggregate  (cost=40.13..40.14 rows=1 width=8)
	  ->  Index Scan using sbtest1_pkey on sbtest1  (cost=0.43..40.11 rows=9 width=4)
	        Index Cond: ((id >= 1891638) AND (id <= 1891647))

table 2 : explain SELECT SUM(k) FROM sbtest2 WHERE id BETWEEN 9607519 AND 9607528
	Aggregate  (cost=44.17..44.18 rows=1 width=8)
	  ->  Index Scan using sbtest2_pkey on sbtest2  (cost=0.43..44.15 rows=10 width=4)
	        Index Cond: ((id >= 9607519) AND (id <= 9607528))

table 3 : explain SELECT SUM(k) FROM sbtest3 WHERE id BETWEEN 4931893 AND 4931902
	Aggregate  (cost=48.07..48.08 rows=1 width=8)
	  ->  Index Scan using sbtest3_pkey on sbtest3  (cost=0.43..48.04 rows=11 width=4)
	        Index Cond: ((id >= 4931893) AND (id <= 4931902))

table 4 : explain SELECT SUM(k) FROM sbtest4 WHERE id BETWEEN 9085208 AND 9085217
	Aggregate  (cost=44.00..44.01 rows=1 width=8)
	  ->  Index Scan using sbtest4_pkey on sbtest4  (cost=0.43..43.97 rows=10 width=4)
	        Index Cond: ((id >= 9085208) AND (id <= 9085217))

table 5 : explain SELECT SUM(k) FROM sbtest5 WHERE id BETWEEN 8874427 AND 8874436
	Aggregate  (cost=44.09..44.10 rows=1 width=8)
	  ->  Index Scan using sbtest5_pkey on sbtest5  (cost=0.43..44.07 rows=10 width=4)
	        Index Cond: ((id >= 8874427) AND (id <= 8874436))

table 6 : explain SELECT SUM(k) FROM sbtest6 WHERE id BETWEEN 3404671 AND 3404680
	Aggregate  (cost=44.03..44.04 rows=1 width=8)
	  ->  Index Scan using sbtest6_pkey on sbtest6  (cost=0.43..44.00 rows=10 width=4)
	        Index Cond: ((id >= 3404671) AND (id <= 3404680))

table 7 : explain SELECT SUM(k) FROM sbtest7 WHERE id BETWEEN 9952292 AND 9952301
	Aggregate  (cost=43.99..44.00 rows=1 width=8)
	  ->  Index Scan using sbtest7_pkey on sbtest7  (cost=0.43..43.97 rows=10 width=4)
	        Index Cond: ((id >= 9952292) AND (id <= 9952301))

table 8 : explain SELECT SUM(k) FROM sbtest8 WHERE id BETWEEN 3794555 AND 3794564
	Aggregate  (cost=47.90..47.91 rows=1 width=8)
	  ->  Index Scan using sbtest8_pkey on sbtest8  (cost=0.43..47.87 rows=11 width=4)
	        Index Cond: ((id >= 3794555) AND (id <= 3794564))

for: sum_ranges
table 1 : explain SELECT SUM(k) FROM sbtest1 WHERE id BETWEEN 2009200 AND 2009209
	Aggregate  (cost=44.09..44.10 rows=1 width=8)
	  ->  Index Scan using sbtest1_pkey on sbtest1  (cost=0.43..44.07 rows=10 width=4)
	        Index Cond: ((id >= 2009200) AND (id <= 2009209))

table 2 : explain SELECT SUM(k) FROM sbtest2 WHERE id BETWEEN 3675849 AND 3675858
	Aggregate  (cost=44.17..44.18 rows=1 width=8)
	  ->  Index Scan using sbtest2_pkey on sbtest2  (cost=0.43..44.15 rows=10 width=4)
	        Index Cond: ((id >= 3675849) AND (id <= 3675858))

table 3 : explain SELECT SUM(k) FROM sbtest3 WHERE id BETWEEN 3245763 AND 3245772
	Aggregate  (cost=44.11..44.12 rows=1 width=8)
	  ->  Index Scan using sbtest3_pkey on sbtest3  (cost=0.43..44.08 rows=10 width=4)
	        Index Cond: ((id >= 3245763) AND (id <= 3245772))

table 4 : explain SELECT SUM(k) FROM sbtest4 WHERE id BETWEEN 9888246 AND 9888255
	Aggregate  (cost=44.00..44.01 rows=1 width=8)
	  ->  Index Scan using sbtest4_pkey on sbtest4  (cost=0.43..43.97 rows=10 width=4)
	        Index Cond: ((id >= 9888246) AND (id <= 9888255))

table 5 : explain SELECT SUM(k) FROM sbtest5 WHERE id BETWEEN 7538768 AND 7538777
	Aggregate  (cost=44.09..44.10 rows=1 width=8)
	  ->  Index Scan using sbtest5_pkey on sbtest5  (cost=0.43..44.07 rows=10 width=4)
	        Index Cond: ((id >= 7538768) AND (id <= 7538777))

table 6 : explain SELECT SUM(k) FROM sbtest6 WHERE id BETWEEN 8810716 AND 8810725
	Aggregate  (cost=44.03..44.04 rows=1 width=8)
	  ->  Index Scan using sbtest6_pkey on sbtest6  (cost=0.43..44.00 rows=10 width=4)
	        Index Cond: ((id >= 8810716) AND (id <= 8810725))

table 7 : explain SELECT SUM(k) FROM sbtest7 WHERE id BETWEEN 1392534 AND 1392543
	Aggregate  (cost=43.99..44.00 rows=1 width=8)
	  ->  Index Scan using sbtest7_pkey on sbtest7  (cost=0.43..43.97 rows=10 width=4)
	        Index Cond: ((id >= 1392534) AND (id <= 1392543))

table 8 : explain SELECT SUM(k) FROM sbtest8 WHERE id BETWEEN 2104300 AND 2104309
	Aggregate  (cost=43.95..43.96 rows=1 width=8)
	  ->  Index Scan using sbtest8_pkey on sbtest8  (cost=0.43..43.93 rows=10 width=4)
	        Index Cond: ((id >= 2104300) AND (id <= 2104309))

for: sum_ranges
table 1 : explain SELECT SUM(k) FROM sbtest1 WHERE id BETWEEN 4653437 AND 4653446
	Aggregate  (cost=44.09..44.10 rows=1 width=8)
	  ->  Index Scan using sbtest1_pkey on sbtest1  (cost=0.43..44.07 rows=10 width=4)
	        Index Cond: ((id >= 4653437) AND (id <= 4653446))

table 2 : explain SELECT SUM(k) FROM sbtest2 WHERE id BETWEEN 2536247 AND 2536256
	Aggregate  (cost=44.17..44.18 rows=1 width=8)
	  ->  Index Scan using sbtest2_pkey on sbtest2  (cost=0.43..44.15 rows=10 width=4)
	        Index Cond: ((id >= 2536247) AND (id <= 2536256))

table 3 : explain SELECT SUM(k) FROM sbtest3 WHERE id BETWEEN 8429025 AND 8429034
	Aggregate  (cost=48.07..48.08 rows=1 width=8)
	  ->  Index Scan using sbtest3_pkey on sbtest3  (cost=0.43..48.04 rows=11 width=4)
	        Index Cond: ((id >= 8429025) AND (id <= 8429034))

table 4 : explain SELECT SUM(k) FROM sbtest4 WHERE id BETWEEN 9045890 AND 9045899
	Aggregate  (cost=44.00..44.01 rows=1 width=8)
	  ->  Index Scan using sbtest4_pkey on sbtest4  (cost=0.43..43.97 rows=10 width=4)
	        Index Cond: ((id >= 9045890) AND (id <= 9045899))

table 5 : explain SELECT SUM(k) FROM sbtest5 WHERE id BETWEEN 1992698 AND 1992707
	Aggregate  (cost=44.09..44.10 rows=1 width=8)
	  ->  Index Scan using sbtest5_pkey on sbtest5  (cost=0.43..44.07 rows=10 width=4)
	        Index Cond: ((id >= 1992698) AND (id <= 1992707))

table 6 : explain SELECT SUM(k) FROM sbtest6 WHERE id BETWEEN 9494155 AND 9494164
	Aggregate  (cost=44.03..44.04 rows=1 width=8)
	  ->  Index Scan using sbtest6_pkey on sbtest6  (cost=0.43..44.00 rows=10 width=4)
	        Index Cond: ((id >= 9494155) AND (id <= 9494164))

table 7 : explain SELECT SUM(k) FROM sbtest7 WHERE id BETWEEN 2852128 AND 2852137
	Aggregate  (cost=43.99..44.00 rows=1 width=8)
	  ->  Index Scan using sbtest7_pkey on sbtest7  (cost=0.43..43.97 rows=10 width=4)
	        Index Cond: ((id >= 2852128) AND (id <= 2852137))

table 8 : explain SELECT SUM(k) FROM sbtest8 WHERE id BETWEEN 8686247 AND 8686256
	Aggregate  (cost=47.90..47.91 rows=1 width=8)
	  ->  Index Scan using sbtest8_pkey on sbtest8  (cost=0.43..47.87 rows=11 width=4)
	        Index Cond: ((id >= 8686247) AND (id <= 8686256))

for: distinct_ranges
table 1 : explain SELECT DISTINCT c FROM sbtest1 WHERE id BETWEEN 6016580 AND 6016589 ORDER BY c
	Unique  (cost=40.25..40.30 rows=9 width=121)
	  ->  Sort  (cost=40.25..40.28 rows=9 width=121)
	        Sort Key: c
	        ->  Index Scan using sbtest1_pkey on sbtest1  (cost=0.43..40.11 rows=9 width=121)
	              Index Cond: ((id >= 6016580) AND (id <= 6016589))

table 2 : explain SELECT DISTINCT c FROM sbtest2 WHERE id BETWEEN 2764757 AND 2764766 ORDER BY c
	Unique  (cost=48.30..48.36 rows=11 width=121)
	  ->  Sort  (cost=48.30..48.33 rows=11 width=121)
	        Sort Key: c
	        ->  Index Scan using sbtest2_pkey on sbtest2  (cost=0.43..48.11 rows=11 width=121)
	              Index Cond: ((id >= 2764757) AND (id <= 2764766))

table 3 : explain SELECT DISTINCT c FROM sbtest3 WHERE id BETWEEN 9875017 AND 9875026 ORDER BY c
	Unique  (cost=44.25..44.30 rows=10 width=121)
	  ->  Sort  (cost=44.25..44.28 rows=10 width=121)
	        Sort Key: c
	        ->  Index Scan using sbtest3_pkey on sbtest3  (cost=0.43..44.08 rows=10 width=121)
	              Index Cond: ((id >= 9875017) AND (id <= 9875026))

table 4 : explain SELECT DISTINCT c FROM sbtest4 WHERE id BETWEEN 2990047 AND 2990056 ORDER BY c
	Unique  (cost=44.14..44.19 rows=10 width=121)
	  ->  Sort  (cost=44.14..44.16 rows=10 width=121)
	        Sort Key: c
	        ->  Index Scan using sbtest4_pkey on sbtest4  (cost=0.43..43.97 rows=10 width=121)
	              Index Cond: ((id >= 2990047) AND (id <= 2990056))

table 5 : explain SELECT DISTINCT c FROM sbtest5 WHERE id BETWEEN 5038027 AND 5038036 ORDER BY c
	Unique  (cost=40.25..40.30 rows=9 width=121)
	  ->  Sort  (cost=40.25..40.28 rows=9 width=121)
	        Sort Key: c
	        ->  Index Scan using sbtest5_pkey on sbtest5  (cost=0.43..40.11 rows=9 width=121)
	              Index Cond: ((id >= 5038027) AND (id <= 5038036))

table 6 : explain SELECT DISTINCT c FROM sbtest6 WHERE id BETWEEN 3027646 AND 3027655 ORDER BY c
	Unique  (cost=44.17..44.22 rows=10 width=121)
	  ->  Sort  (cost=44.17..44.19 rows=10 width=121)
	        Sort Key: c
	        ->  Index Scan using sbtest6_pkey on sbtest6  (cost=0.43..44.00 rows=10 width=121)
	              Index Cond: ((id >= 3027646) AND (id <= 3027655))

table 7 : explain SELECT DISTINCT c FROM sbtest7 WHERE id BETWEEN 2803557 AND 2803566 ORDER BY c
	Unique  (cost=44.13..44.18 rows=10 width=121)
	  ->  Sort  (cost=44.13..44.16 rows=10 width=121)
	        Sort Key: c
	        ->  Index Scan using sbtest7_pkey on sbtest7  (cost=0.43..43.97 rows=10 width=121)
	              Index Cond: ((id >= 2803557) AND (id <= 2803566))

table 8 : explain SELECT DISTINCT c FROM sbtest8 WHERE id BETWEEN 5584714 AND 5584723 ORDER BY c
	Unique  (cost=40.13..40.17 rows=9 width=121)
	  ->  Sort  (cost=40.13..40.15 rows=9 width=121)
	        Sort Key: c
	        ->  Index Scan using sbtest8_pkey on sbtest8  (cost=0.43..39.99 rows=9 width=121)
	              Index Cond: ((id >= 5584714) AND (id <= 5584723))

for: distinct_ranges
table 1 : explain SELECT DISTINCT c FROM sbtest1 WHERE id BETWEEN 1168971 AND 1168980 ORDER BY c
	Unique  (cost=44.23..44.28 rows=10 width=121)
	  ->  Sort  (cost=44.23..44.26 rows=10 width=121)
	        Sort Key: c
	        ->  Index Scan using sbtest1_pkey on sbtest1  (cost=0.43..44.07 rows=10 width=121)
	              Index Cond: ((id >= 1168971) AND (id <= 1168980))

table 2 : explain SELECT DISTINCT c FROM sbtest2 WHERE id BETWEEN 7276795 AND 7276804 ORDER BY c
	Unique  (cost=44.31..44.36 rows=10 width=121)
	  ->  Sort  (cost=44.31..44.34 rows=10 width=121)
	        Sort Key: c
	        ->  Index Scan using sbtest2_pkey on sbtest2  (cost=0.43..44.15 rows=10 width=121)
	              Index Cond: ((id >= 7276795) AND (id <= 7276804))

table 3 : explain SELECT DISTINCT c FROM sbtest3 WHERE id BETWEEN 9938585 AND 9938594 ORDER BY c
	Unique  (cost=44.25..44.30 rows=10 width=121)
	  ->  Sort  (cost=44.25..44.28 rows=10 width=121)
	        Sort Key: c
	        ->  Index Scan using sbtest3_pkey on sbtest3  (cost=0.43..44.08 rows=10 width=121)
	              Index Cond: ((id >= 9938585) AND (id <= 9938594))

table 4 : explain SELECT DISTINCT c FROM sbtest4 WHERE id BETWEEN 5723924 AND 5723933 ORDER BY c
	Unique  (cost=44.14..44.19 rows=10 width=121)
	  ->  Sort  (cost=44.14..44.16 rows=10 width=121)
	        Sort Key: c
	        ->  Index Scan using sbtest4_pkey on sbtest4  (cost=0.43..43.97 rows=10 width=121)
	              Index Cond: ((id >= 5723924) AND (id <= 5723933))

table 5 : explain SELECT DISTINCT c FROM sbtest5 WHERE id BETWEEN 2405252 AND 2405261 ORDER BY c
	Unique  (cost=48.21..48.27 rows=11 width=121)
	  ->  Sort  (cost=48.21..48.24 rows=11 width=121)
	        Sort Key: c
	        ->  Index Scan using sbtest5_pkey on sbtest5  (cost=0.43..48.02 rows=11 width=121)
	              Index Cond: ((id >= 2405252) AND (id <= 2405261))

table 6 : explain SELECT DISTINCT c FROM sbtest6 WHERE id BETWEEN 7369521 AND 7369530 ORDER BY c
	Unique  (cost=44.17..44.22 rows=10 width=121)
	  ->  Sort  (cost=44.17..44.19 rows=10 width=121)
	        Sort Key: c
	        ->  Index Scan using sbtest6_pkey on sbtest6  (cost=0.43..44.00 rows=10 width=121)
	              Index Cond: ((id >= 7369521) AND (id <= 7369530))

table 7 : explain SELECT DISTINCT c FROM sbtest7 WHERE id BETWEEN 6036826 AND 6036835 ORDER BY c
	Unique  (cost=48.10..48.16 rows=11 width=121)
	  ->  Sort  (cost=48.10..48.13 rows=11 width=121)
	        Sort Key: c
	        ->  Index Scan using sbtest7_pkey on sbtest7  (cost=0.43..47.91 rows=11 width=121)
	              Index Cond: ((id >= 6036826) AND (id <= 6036835))

table 8 : explain SELECT DISTINCT c FROM sbtest8 WHERE id BETWEEN 1931264 AND 1931273 ORDER BY c
	Unique  (cost=44.09..44.14 rows=10 width=121)
	  ->  Sort  (cost=44.09..44.12 rows=10 width=121)
	        Sort Key: c
	        ->  Index Scan using sbtest8_pkey on sbtest8  (cost=0.43..43.93 rows=10 width=121)
	              Index Cond: ((id >= 1931264) AND (id <= 1931273))

for: order_ranges
table 1 : explain SELECT c FROM sbtest1 WHERE id BETWEEN 4394215 AND 4394224 ORDER BY c
	Sort  (cost=44.23..44.26 rows=10 width=121)
	  Sort Key: c
	  ->  Index Scan using sbtest1_pkey on sbtest1  (cost=0.43..44.07 rows=10 width=121)
	        Index Cond: ((id >= 4394215) AND (id <= 4394224))

table 2 : explain SELECT c FROM sbtest2 WHERE id BETWEEN 55884 AND 55893 ORDER BY c
	Sort  (cost=44.31..44.34 rows=10 width=121)
	  Sort Key: c
	  ->  Index Scan using sbtest2_pkey on sbtest2  (cost=0.43..44.15 rows=10 width=121)
	        Index Cond: ((id >= 55884) AND (id <= 55893))

table 3 : explain SELECT c FROM sbtest3 WHERE id BETWEEN 7763807 AND 7763816 ORDER BY c
	Sort  (cost=44.25..44.28 rows=10 width=121)
	  Sort Key: c
	  ->  Index Scan using sbtest3_pkey on sbtest3  (cost=0.43..44.08 rows=10 width=121)
	        Index Cond: ((id >= 7763807) AND (id <= 7763816))

table 4 : explain SELECT c FROM sbtest4 WHERE id BETWEEN 9355120 AND 9355129 ORDER BY c
	Sort  (cost=44.14..44.16 rows=10 width=121)
	  Sort Key: c
	  ->  Index Scan using sbtest4_pkey on sbtest4  (cost=0.43..43.97 rows=10 width=121)
	        Index Cond: ((id >= 9355120) AND (id <= 9355129))

table 5 : explain SELECT c FROM sbtest5 WHERE id BETWEEN 8149000 AND 8149009 ORDER BY c
	Sort  (cost=44.23..44.26 rows=10 width=121)
	  Sort Key: c
	  ->  Index Scan using sbtest5_pkey on sbtest5  (cost=0.43..44.07 rows=10 width=121)
	        Index Cond: ((id >= 8149000) AND (id <= 8149009))

table 6 : explain SELECT c FROM sbtest6 WHERE id BETWEEN 6183859 AND 6183868 ORDER BY c
	Sort  (cost=44.17..44.19 rows=10 width=121)
	  Sort Key: c
	  ->  Index Scan using sbtest6_pkey on sbtest6  (cost=0.43..44.00 rows=10 width=121)
	        Index Cond: ((id >= 6183859) AND (id <= 6183868))

table 7 : explain SELECT c FROM sbtest7 WHERE id BETWEEN 6998759 AND 6998768 ORDER BY c
	Sort  (cost=44.13..44.16 rows=10 width=121)
	  Sort Key: c
	  ->  Index Scan using sbtest7_pkey on sbtest7  (cost=0.43..43.97 rows=10 width=121)
	        Index Cond: ((id >= 6998759) AND (id <= 6998768))

table 8 : explain SELECT c FROM sbtest8 WHERE id BETWEEN 2123062 AND 2123071 ORDER BY c
	Sort  (cost=44.09..44.12 rows=10 width=121)
	  Sort Key: c
	  ->  Index Scan using sbtest8_pkey on sbtest8  (cost=0.43..43.93 rows=10 width=121)
	        Index Cond: ((id >= 2123062) AND (id <= 2123071))

for: order_ranges
table 1 : explain SELECT c FROM sbtest1 WHERE id BETWEEN 2177860 AND 2177869 ORDER BY c
	Sort  (cost=44.23..44.26 rows=10 width=121)
	  Sort Key: c
	  ->  Index Scan using sbtest1_pkey on sbtest1  (cost=0.43..44.07 rows=10 width=121)
	        Index Cond: ((id >= 2177860) AND (id <= 2177869))

table 2 : explain SELECT c FROM sbtest2 WHERE id BETWEEN 6365149 AND 6365158 ORDER BY c
	Sort  (cost=44.31..44.34 rows=10 width=121)
	  Sort Key: c
	  ->  Index Scan using sbtest2_pkey on sbtest2  (cost=0.43..44.15 rows=10 width=121)
	        Index Cond: ((id >= 6365149) AND (id <= 6365158))

table 3 : explain SELECT c FROM sbtest3 WHERE id BETWEEN 6877620 AND 6877629 ORDER BY c
	Sort  (cost=44.25..44.28 rows=10 width=121)
	  Sort Key: c
	  ->  Index Scan using sbtest3_pkey on sbtest3  (cost=0.43..44.08 rows=10 width=121)
	        Index Cond: ((id >= 6877620) AND (id <= 6877629))

table 4 : explain SELECT c FROM sbtest4 WHERE id BETWEEN 2317955 AND 2317964 ORDER BY c
	Sort  (cost=44.14..44.16 rows=10 width=121)
	  Sort Key: c
	  ->  Index Scan using sbtest4_pkey on sbtest4  (cost=0.43..43.97 rows=10 width=121)
	        Index Cond: ((id >= 2317955) AND (id <= 2317964))

table 5 : explain SELECT c FROM sbtest5 WHERE id BETWEEN 9721488 AND 9721497 ORDER BY c
	Sort  (cost=44.23..44.26 rows=10 width=121)
	  Sort Key: c
	  ->  Index Scan using sbtest5_pkey on sbtest5  (cost=0.43..44.07 rows=10 width=121)
	        Index Cond: ((id >= 9721488) AND (id <= 9721497))

table 6 : explain SELECT c FROM sbtest6 WHERE id BETWEEN 1080127 AND 1080136 ORDER BY c
	Sort  (cost=48.14..48.17 rows=11 width=121)
	  Sort Key: c
	  ->  Index Scan using sbtest6_pkey on sbtest6  (cost=0.43..47.95 rows=11 width=121)
	        Index Cond: ((id >= 1080127) AND (id <= 1080136))

table 7 : explain SELECT c FROM sbtest7 WHERE id BETWEEN 4357457 AND 4357466 ORDER BY c
	Sort  (cost=40.16..40.18 rows=9 width=121)
	  Sort Key: c
	  ->  Index Scan using sbtest7_pkey on sbtest7  (cost=0.43..40.02 rows=9 width=121)
	        Index Cond: ((id >= 4357457) AND (id <= 4357466))

table 8 : explain SELECT c FROM sbtest8 WHERE id BETWEEN 1068430 AND 1068439 ORDER BY c
	Sort  (cost=44.09..44.12 rows=10 width=121)
	  Sort Key: c
	  ->  Index Scan using sbtest8_pkey on sbtest8  (cost=0.43..43.93 rows=10 width=121)
	        Index Cond: ((id >= 1068430) AND (id <= 1068439))

for: distinct_ranges
table 1 : explain SELECT DISTINCT c FROM sbtest1 WHERE id BETWEEN 8916603 AND 8916612 ORDER BY c
	Unique  (cost=44.23..44.28 rows=10 width=121)
	  ->  Sort  (cost=44.23..44.26 rows=10 width=121)
	        Sort Key: c
	        ->  Index Scan using sbtest1_pkey on sbtest1  (cost=0.43..44.07 rows=10 width=121)
	              Index Cond: ((id >= 8916603) AND (id <= 8916612))

table 2 : explain SELECT DISTINCT c FROM sbtest2 WHERE id BETWEEN 2989631 AND 2989640 ORDER BY c
	Unique  (cost=44.31..44.36 rows=10 width=121)
	  ->  Sort  (cost=44.31..44.34 rows=10 width=121)
	        Sort Key: c
	        ->  Index Scan using sbtest2_pkey on sbtest2  (cost=0.43..44.15 rows=10 width=121)
	              Index Cond: ((id >= 2989631) AND (id <= 2989640))

table 3 : explain SELECT DISTINCT c FROM sbtest3 WHERE id BETWEEN 6938339 AND 6938348 ORDER BY c
	Unique  (cost=40.27..40.31 rows=9 width=121)
	  ->  Sort  (cost=40.27..40.29 rows=9 width=121)
	        Sort Key: c
	        ->  Index Scan using sbtest3_pkey on sbtest3  (cost=0.43..40.13 rows=9 width=121)
	              Index Cond: ((id >= 6938339) AND (id <= 6938348))

table 4 : explain SELECT DISTINCT c FROM sbtest4 WHERE id BETWEEN 8089071 AND 8089080 ORDER BY c
	Unique  (cost=40.17..40.21 rows=9 width=121)
	  ->  Sort  (cost=40.17..40.19 rows=9 width=121)
	        Sort Key: c
	        ->  Index Scan using sbtest4_pkey on sbtest4  (cost=0.43..40.03 rows=9 width=121)
	              Index Cond: ((id >= 8089071) AND (id <= 8089080))

table 5 : explain SELECT DISTINCT c FROM sbtest5 WHERE id BETWEEN 10906 AND 10915 ORDER BY c
	Unique  (cost=40.25..40.30 rows=9 width=121)
	  ->  Sort  (cost=40.25..40.28 rows=9 width=121)
	        Sort Key: c
	        ->  Index Scan using sbtest5_pkey on sbtest5  (cost=0.43..40.11 rows=9 width=121)
	              Index Cond: ((id >= 10906) AND (id <= 10915))

table 6 : explain SELECT DISTINCT c FROM sbtest6 WHERE id BETWEEN 6438965 AND 6438974 ORDER BY c
	Unique  (cost=44.17..44.22 rows=10 width=121)
	  ->  Sort  (cost=44.17..44.19 rows=10 width=121)
	        Sort Key: c
	        ->  Index Scan using sbtest6_pkey on sbtest6  (cost=0.43..44.00 rows=10 width=121)
	              Index Cond: ((id >= 6438965) AND (id <= 6438974))

table 7 : explain SELECT DISTINCT c FROM sbtest7 WHERE id BETWEEN 3976411 AND 3976420 ORDER BY c
	Unique  (cost=48.10..48.16 rows=11 width=121)
	  ->  Sort  (cost=48.10..48.13 rows=11 width=121)
	        Sort Key: c
	        ->  Index Scan using sbtest7_pkey on sbtest7  (cost=0.43..47.91 rows=11 width=121)
	              Index Cond: ((id >= 3976411) AND (id <= 3976420))

table 8 : explain SELECT DISTINCT c FROM sbtest8 WHERE id BETWEEN 6354935 AND 6354944 ORDER BY c
	Unique  (cost=44.09..44.14 rows=10 width=121)
	  ->  Sort  (cost=44.09..44.12 rows=10 width=121)
	        Sort Key: c
	        ->  Index Scan using sbtest8_pkey on sbtest8  (cost=0.43..43.93 rows=10 width=121)
	              Index Cond: ((id >= 6354935) AND (id <= 6354944))

for: distinct_ranges
table 1 : explain SELECT DISTINCT c FROM sbtest1 WHERE id BETWEEN 3379621 AND 3379630 ORDER BY c
	Unique  (cost=44.23..44.28 rows=10 width=121)
	  ->  Sort  (cost=44.23..44.26 rows=10 width=121)
	        Sort Key: c
	        ->  Index Scan using sbtest1_pkey on sbtest1  (cost=0.43..44.07 rows=10 width=121)
	              Index Cond: ((id >= 3379621) AND (id <= 3379630))

table 2 : explain SELECT DISTINCT c FROM sbtest2 WHERE id BETWEEN 2708363 AND 2708372 ORDER BY c
	Unique  (cost=48.30..48.36 rows=11 width=121)
	  ->  Sort  (cost=48.30..48.33 rows=11 width=121)
	        Sort Key: c
	        ->  Index Scan using sbtest2_pkey on sbtest2  (cost=0.43..48.11 rows=11 width=121)
	              Index Cond: ((id >= 2708363) AND (id <= 2708372))

table 3 : explain SELECT DISTINCT c FROM sbtest3 WHERE id BETWEEN 2970418 AND 2970427 ORDER BY c
	Unique  (cost=44.25..44.30 rows=10 width=121)
	  ->  Sort  (cost=44.25..44.28 rows=10 width=121)
	        Sort Key: c
	        ->  Index Scan using sbtest3_pkey on sbtest3  (cost=0.43..44.08 rows=10 width=121)
	              Index Cond: ((id >= 2970418) AND (id <= 2970427))

table 4 : explain SELECT DISTINCT c FROM sbtest4 WHERE id BETWEEN 4776907 AND 4776916 ORDER BY c
	Unique  (cost=44.14..44.19 rows=10 width=121)
	  ->  Sort  (cost=44.14..44.16 rows=10 width=121)
	        Sort Key: c
	        ->  Index Scan using sbtest4_pkey on sbtest4  (cost=0.43..43.97 rows=10 width=121)
	              Index Cond: ((id >= 4776907) AND (id <= 4776916))

table 5 : explain SELECT DISTINCT c FROM sbtest5 WHERE id BETWEEN 639009 AND 639018 ORDER BY c
	Unique  (cost=44.23..44.28 rows=10 width=121)
	  ->  Sort  (cost=44.23..44.26 rows=10 width=121)
	        Sort Key: c
	        ->  Index Scan using sbtest5_pkey on sbtest5  (cost=0.43..44.07 rows=10 width=121)
	              Index Cond: ((id >= 639009) AND (id <= 639018))

table 6 : explain SELECT DISTINCT c FROM sbtest6 WHERE id BETWEEN 2210003 AND 2210012 ORDER BY c
	Unique  (cost=48.14..48.20 rows=11 width=121)
	  ->  Sort  (cost=48.14..48.17 rows=11 width=121)
	        Sort Key: c
	        ->  Index Scan using sbtest6_pkey on sbtest6  (cost=0.43..47.95 rows=11 width=121)
	              Index Cond: ((id >= 2210003) AND (id <= 2210012))

table 7 : explain SELECT DISTINCT c FROM sbtest7 WHERE id BETWEEN 6964527 AND 6964536 ORDER BY c
	Unique  (cost=44.13..44.18 rows=10 width=121)
	  ->  Sort  (cost=44.13..44.16 rows=10 width=121)
	        Sort Key: c
	        ->  Index Scan using sbtest7_pkey on sbtest7  (cost=0.43..43.97 rows=10 width=121)
	              Index Cond: ((id >= 6964527) AND (id <= 6964536))

table 8 : explain SELECT DISTINCT c FROM sbtest8 WHERE id BETWEEN 9944636 AND 9944645 ORDER BY c
	Unique  (cost=44.09..44.14 rows=10 width=121)
	  ->  Sort  (cost=44.09..44.12 rows=10 width=121)
	        Sort Key: c
	        ->  Index Scan using sbtest8_pkey on sbtest8  (cost=0.43..43.93 rows=10 width=121)
	              Index Cond: ((id >= 9944636) AND (id <= 9944645))

for: order_ranges
table 1 : explain SELECT c FROM sbtest1 WHERE id BETWEEN 2887943 AND 2887952 ORDER BY c
	Sort  (cost=44.23..44.26 rows=10 width=121)
	  Sort Key: c
	  ->  Index Scan using sbtest1_pkey on sbtest1  (cost=0.43..44.07 rows=10 width=121)
	        Index Cond: ((id >= 2887943) AND (id <= 2887952))

table 2 : explain SELECT c FROM sbtest2 WHERE id BETWEEN 645804 AND 645813 ORDER BY c
	Sort  (cost=44.31..44.34 rows=10 width=121)
	  Sort Key: c
	  ->  Index Scan using sbtest2_pkey on sbtest2  (cost=0.43..44.15 rows=10 width=121)
	        Index Cond: ((id >= 645804) AND (id <= 645813))

table 3 : explain SELECT c FROM sbtest3 WHERE id BETWEEN 9067073 AND 9067082 ORDER BY c
	Sort  (cost=44.25..44.28 rows=10 width=121)
	  Sort Key: c
	  ->  Index Scan using sbtest3_pkey on sbtest3  (cost=0.43..44.08 rows=10 width=121)
	        Index Cond: ((id >= 9067073) AND (id <= 9067082))

table 4 : explain SELECT c FROM sbtest4 WHERE id BETWEEN 7319868 AND 7319877 ORDER BY c
	Sort  (cost=48.11..48.14 rows=11 width=121)
	  Sort Key: c
	  ->  Index Scan using sbtest4_pkey on sbtest4  (cost=0.43..47.92 rows=11 width=121)
	        Index Cond: ((id >= 7319868) AND (id <= 7319877))

table 5 : explain SELECT c FROM sbtest5 WHERE id BETWEEN 6833103 AND 6833112 ORDER BY c
	Sort  (cost=40.25..40.28 rows=9 width=121)
	  Sort Key: c
	  ->  Index Scan using sbtest5_pkey on sbtest5  (cost=0.43..40.11 rows=9 width=121)
	        Index Cond: ((id >= 6833103) AND (id <= 6833112))

table 6 : explain SELECT c FROM sbtest6 WHERE id BETWEEN 1132470 AND 1132479 ORDER BY c
	Sort  (cost=40.19..40.22 rows=9 width=121)
	  Sort Key: c
	  ->  Index Scan using sbtest6_pkey on sbtest6  (cost=0.43..40.05 rows=9 width=121)
	        Index Cond: ((id >= 1132470) AND (id <= 1132479))

table 7 : explain SELECT c FROM sbtest7 WHERE id BETWEEN 3268065 AND 3268074 ORDER BY c
	Sort  (cost=44.13..44.16 rows=10 width=121)
	  Sort Key: c
	  ->  Index Scan using sbtest7_pkey on sbtest7  (cost=0.43..43.97 rows=10 width=121)
	        Index Cond: ((id >= 3268065) AND (id <= 3268074))

table 8 : explain SELECT c FROM sbtest8 WHERE id BETWEEN 2287037 AND 2287046 ORDER BY c
	Sort  (cost=44.09..44.12 rows=10 width=121)
	  Sort Key: c
	  ->  Index Scan using sbtest8_pkey on sbtest8  (cost=0.43..43.93 rows=10 width=121)
	        Index Cond: ((id >= 2287037) AND (id <= 2287046))

for: order_ranges
table 1 : explain SELECT c FROM sbtest1 WHERE id BETWEEN 8327122 AND 8327131 ORDER BY c
	Sort  (cost=44.23..44.26 rows=10 width=121)
	  Sort Key: c
	  ->  Index Scan using sbtest1_pkey on sbtest1  (cost=0.43..44.07 rows=10 width=121)
	        Index Cond: ((id >= 8327122) AND (id <= 8327131))

table 2 : explain SELECT c FROM sbtest2 WHERE id BETWEEN 9243885 AND 9243894 ORDER BY c
	Sort  (cost=48.30..48.33 rows=11 width=121)
	  Sort Key: c
	  ->  Index Scan using sbtest2_pkey on sbtest2  (cost=0.43..48.11 rows=11 width=121)
	        Index Cond: ((id >= 9243885) AND (id <= 9243894))

table 3 : explain SELECT c FROM sbtest3 WHERE id BETWEEN 6144190 AND 6144199 ORDER BY c
	Sort  (cost=44.25..44.28 rows=10 width=121)
	  Sort Key: c
	  ->  Index Scan using sbtest3_pkey on sbtest3  (cost=0.43..44.08 rows=10 width=121)
	        Index Cond: ((id >= 6144190) AND (id <= 6144199))

table 4 : explain SELECT c FROM sbtest4 WHERE id BETWEEN 298249 AND 298258 ORDER BY c
	Sort  (cost=44.14..44.16 rows=10 width=121)
	  Sort Key: c
	  ->  Index Scan using sbtest4_pkey on sbtest4  (cost=0.43..43.97 rows=10 width=121)
	        Index Cond: ((id >= 298249) AND (id <= 298258))

table 5 : explain SELECT c FROM sbtest5 WHERE id BETWEEN 5411422 AND 5411431 ORDER BY c
	Sort  (cost=44.23..44.26 rows=10 width=121)
	  Sort Key: c
	  ->  Index Scan using sbtest5_pkey on sbtest5  (cost=0.43..44.07 rows=10 width=121)
	        Index Cond: ((id >= 5411422) AND (id <= 5411431))

table 6 : explain SELECT c FROM sbtest6 WHERE id BETWEEN 8406452 AND 8406461 ORDER BY c
	Sort  (cost=44.17..44.19 rows=10 width=121)
	  Sort Key: c
	  ->  Index Scan using sbtest6_pkey on sbtest6  (cost=0.43..44.00 rows=10 width=121)
	        Index Cond: ((id >= 8406452) AND (id <= 8406461))

table 7 : explain SELECT c FROM sbtest7 WHERE id BETWEEN 4576618 AND 4576627 ORDER BY c
	Sort  (cost=40.16..40.18 rows=9 width=121)
	  Sort Key: c
	  ->  Index Scan using sbtest7_pkey on sbtest7  (cost=0.43..40.02 rows=9 width=121)
	        Index Cond: ((id >= 4576618) AND (id <= 4576627))

table 8 : explain SELECT c FROM sbtest8 WHERE id BETWEEN 5000741 AND 5000750 ORDER BY c
	Sort  (cost=44.09..44.12 rows=10 width=121)
	  Sort Key: c
	  ->  Index Scan using sbtest8_pkey on sbtest8  (cost=0.43..43.93 rows=10 width=121)
	        Index Cond: ((id >= 5000741) AND (id <= 5000750))

for: distinct_ranges
table 1 : explain SELECT DISTINCT c FROM sbtest1 WHERE id BETWEEN 5407459 AND 5407468 ORDER BY c
	Unique  (cost=40.25..40.30 rows=9 width=121)
	  ->  Sort  (cost=40.25..40.28 rows=9 width=121)
	        Sort Key: c
	        ->  Index Scan using sbtest1_pkey on sbtest1  (cost=0.43..40.11 rows=9 width=121)
	              Index Cond: ((id >= 5407459) AND (id <= 5407468))

table 2 : explain SELECT DISTINCT c FROM sbtest2 WHERE id BETWEEN 8166836 AND 8166845 ORDER BY c
	Unique  (cost=44.31..44.36 rows=10 width=121)
	  ->  Sort  (cost=44.31..44.34 rows=10 width=121)
	        Sort Key: c
	        ->  Index Scan using sbtest2_pkey on sbtest2  (cost=0.43..44.15 rows=10 width=121)
	              Index Cond: ((id >= 8166836) AND (id <= 8166845))

table 3 : explain SELECT DISTINCT c FROM sbtest3 WHERE id BETWEEN 9655775 AND 9655784 ORDER BY c
	Unique  (cost=48.23..48.29 rows=11 width=121)
	  ->  Sort  (cost=48.23..48.26 rows=11 width=121)
	        Sort Key: c
	        ->  Index Scan using sbtest3_pkey on sbtest3  (cost=0.43..48.04 rows=11 width=121)
	              Index Cond: ((id >= 9655775) AND (id <= 9655784))

table 4 : explain SELECT DISTINCT c FROM sbtest4 WHERE id BETWEEN 1864144 AND 1864153 ORDER BY c
	Unique  (cost=40.17..40.21 rows=9 width=121)
	  ->  Sort  (cost=40.17..40.19 rows=9 width=121)
	        Sort Key: c
	        ->  Index Scan using sbtest4_pkey on sbtest4  (cost=0.43..40.03 rows=9 width=121)
	              Index Cond: ((id >= 1864144) AND (id <= 1864153))

table 5 : explain SELECT DISTINCT c FROM sbtest5 WHERE id BETWEEN 3339694 AND 3339703 ORDER BY c
	Unique  (cost=44.23..44.28 rows=10 width=121)
	  ->  Sort  (cost=44.23..44.26 rows=10 width=121)
	        Sort Key: c
	        ->  Index Scan using sbtest5_pkey on sbtest5  (cost=0.43..44.07 rows=10 width=121)
	              Index Cond: ((id >= 3339694) AND (id <= 3339703))

table 6 : explain SELECT DISTINCT c FROM sbtest6 WHERE id BETWEEN 1432270 AND 1432279 ORDER BY c
	Unique  (cost=44.17..44.22 rows=10 width=121)
	  ->  Sort  (cost=44.17..44.19 rows=10 width=121)
	        Sort Key: c
	        ->  Index Scan using sbtest6_pkey on sbtest6  (cost=0.43..44.00 rows=10 width=121)
	              Index Cond: ((id >= 1432270) AND (id <= 1432279))

table 7 : explain SELECT DISTINCT c FROM sbtest7 WHERE id BETWEEN 1307557 AND 1307566 ORDER BY c
	Unique  (cost=44.13..44.18 rows=10 width=121)
	  ->  Sort  (cost=44.13..44.16 rows=10 width=121)
	        Sort Key: c
	        ->  Index Scan using sbtest7_pkey on sbtest7  (cost=0.43..43.97 rows=10 width=121)
	              Index Cond: ((id >= 1307557) AND (id <= 1307566))

table 8 : explain SELECT DISTINCT c FROM sbtest8 WHERE id BETWEEN 2186569 AND 2186578 ORDER BY c
	Unique  (cost=44.09..44.14 rows=10 width=121)
	  ->  Sort  (cost=44.09..44.12 rows=10 width=121)
	        Sort Key: c
	        ->  Index Scan using sbtest8_pkey on sbtest8  (cost=0.43..43.93 rows=10 width=121)
	              Index Cond: ((id >= 2186569) AND (id <= 2186578))

for: distinct_ranges
table 1 : explain SELECT DISTINCT c FROM sbtest1 WHERE id BETWEEN 8954369 AND 8954378 ORDER BY c
	Unique  (cost=48.21..48.27 rows=11 width=121)
	  ->  Sort  (cost=48.21..48.24 rows=11 width=121)
	        Sort Key: c
	        ->  Index Scan using sbtest1_pkey on sbtest1  (cost=0.43..48.02 rows=11 width=121)
	              Index Cond: ((id >= 8954369) AND (id <= 8954378))

table 2 : explain SELECT DISTINCT c FROM sbtest2 WHERE id BETWEEN 3053284 AND 3053293 ORDER BY c
	Unique  (cost=48.30..48.36 rows=11 width=121)
	  ->  Sort  (cost=48.30..48.33 rows=11 width=121)
	        Sort Key: c
	        ->  Index Scan using sbtest2_pkey on sbtest2  (cost=0.43..48.11 rows=11 width=121)
	              Index Cond: ((id >= 3053284) AND (id <= 3053293))

table 3 : explain SELECT DISTINCT c FROM sbtest3 WHERE id BETWEEN 2476909 AND 2476918 ORDER BY c
	Unique  (cost=40.27..40.31 rows=9 width=121)
	  ->  Sort  (cost=40.27..40.29 rows=9 width=121)
	        Sort Key: c
	        ->  Index Scan using sbtest3_pkey on sbtest3  (cost=0.43..40.13 rows=9 width=121)
	              Index Cond: ((id >= 2476909) AND (id <= 2476918))

table 4 : explain SELECT DISTINCT c FROM sbtest4 WHERE id BETWEEN 3461781 AND 3461790 ORDER BY c
	Unique  (cost=40.17..40.21 rows=9 width=121)
	  ->  Sort  (cost=40.17..40.19 rows=9 width=121)
	        Sort Key: c
	        ->  Index Scan using sbtest4_pkey on sbtest4  (cost=0.43..40.03 rows=9 width=121)
	              Index Cond: ((id >= 3461781) AND (id <= 3461790))

table 5 : explain SELECT DISTINCT c FROM sbtest5 WHERE id BETWEEN 7598854 AND 7598863 ORDER BY c
	Unique  (cost=44.23..44.28 rows=10 width=121)
	  ->  Sort  (cost=44.23..44.26 rows=10 width=121)
	        Sort Key: c
	        ->  Index Scan using sbtest5_pkey on sbtest5  (cost=0.43..44.07 rows=10 width=121)
	              Index Cond: ((id >= 7598854) AND (id <= 7598863))

table 6 : explain SELECT DISTINCT c FROM sbtest6 WHERE id BETWEEN 4131314 AND 4131323 ORDER BY c
	Unique  (cost=44.17..44.22 rows=10 width=121)
	  ->  Sort  (cost=44.17..44.19 rows=10 width=121)
	        Sort Key: c
	        ->  Index Scan using sbtest6_pkey on sbtest6  (cost=0.43..44.00 rows=10 width=121)
	              Index Cond: ((id >= 4131314) AND (id <= 4131323))

table 7 : explain SELECT DISTINCT c FROM sbtest7 WHERE id BETWEEN 3194970 AND 3194979 ORDER BY c
	Unique  (cost=44.13..44.18 rows=10 width=121)
	  ->  Sort  (cost=44.13..44.16 rows=10 width=121)
	        Sort Key: c
	        ->  Index Scan using sbtest7_pkey on sbtest7  (cost=0.43..43.97 rows=10 width=121)
	              Index Cond: ((id >= 3194970) AND (id <= 3194979))

table 8 : explain SELECT DISTINCT c FROM sbtest8 WHERE id BETWEEN 3640137 AND 3640146 ORDER BY c
	Unique  (cost=44.09..44.14 rows=10 width=121)
	  ->  Sort  (cost=44.09..44.12 rows=10 width=121)
	        Sort Key: c
	        ->  Index Scan using sbtest8_pkey on sbtest8  (cost=0.43..43.93 rows=10 width=121)
	              Index Cond: ((id >= 3640137) AND (id <= 3640146))

for: distinct_ranges
table 1 : explain SELECT DISTINCT c FROM sbtest1 WHERE id BETWEEN 9363930 AND 9363939 ORDER BY c
	Unique  (cost=44.23..44.28 rows=10 width=121)
	  ->  Sort  (cost=44.23..44.26 rows=10 width=121)
	        Sort Key: c
	        ->  Index Scan using sbtest1_pkey on sbtest1  (cost=0.43..44.07 rows=10 width=121)
	              Index Cond: ((id >= 9363930) AND (id <= 9363939))

table 2 : explain SELECT DISTINCT c FROM sbtest2 WHERE id BETWEEN 4029472 AND 4029481 ORDER BY c
	Unique  (cost=48.30..48.36 rows=11 width=121)
	  ->  Sort  (cost=48.30..48.33 rows=11 width=121)
	        Sort Key: c
	        ->  Index Scan using sbtest2_pkey on sbtest2  (cost=0.43..48.11 rows=11 width=121)
	              Index Cond: ((id >= 4029472) AND (id <= 4029481))

table 3 : explain SELECT DISTINCT c FROM sbtest3 WHERE id BETWEEN 5631912 AND 5631921 ORDER BY c
	Unique  (cost=44.25..44.30 rows=10 width=121)
	  ->  Sort  (cost=44.25..44.28 rows=10 width=121)
	        Sort Key: c
	        ->  Index Scan using sbtest3_pkey on sbtest3  (cost=0.43..44.08 rows=10 width=121)
	              Index Cond: ((id >= 5631912) AND (id <= 5631921))

table 4 : explain SELECT DISTINCT c FROM sbtest4 WHERE id BETWEEN 5872026 AND 5872035 ORDER BY c
	Unique  (cost=48.11..48.16 rows=11 width=121)
	  ->  Sort  (cost=48.11..48.14 rows=11 width=121)
	        Sort Key: c
	        ->  Index Scan using sbtest4_pkey on sbtest4  (cost=0.43..47.92 rows=11 width=121)
	              Index Cond: ((id >= 5872026) AND (id <= 5872035))

table 5 : explain SELECT DISTINCT c FROM sbtest5 WHERE id BETWEEN 3934432 AND 3934441 ORDER BY c
	Unique  (cost=44.23..44.28 rows=10 width=121)
	  ->  Sort  (cost=44.23..44.26 rows=10 width=121)
	        Sort Key: c
	        ->  Index Scan using sbtest5_pkey on sbtest5  (cost=0.43..44.07 rows=10 width=121)
	              Index Cond: ((id >= 3934432) AND (id <= 3934441))

table 6 : explain SELECT DISTINCT c FROM sbtest6 WHERE id BETWEEN 6759125 AND 6759134 ORDER BY c
	Unique  (cost=40.19..40.24 rows=9 width=121)
	  ->  Sort  (cost=40.19..40.22 rows=9 width=121)
	        Sort Key: c
	        ->  Index Scan using sbtest6_pkey on sbtest6  (cost=0.43..40.05 rows=9 width=121)
	              Index Cond: ((id >= 6759125) AND (id <= 6759134))

table 7 : explain SELECT DISTINCT c FROM sbtest7 WHERE id BETWEEN 3814139 AND 3814148 ORDER BY c
	Unique  (cost=44.13..44.18 rows=10 width=121)
	  ->  Sort  (cost=44.13..44.16 rows=10 width=121)
	        Sort Key: c
	        ->  Index Scan using sbtest7_pkey on sbtest7  (cost=0.43..43.97 rows=10 width=121)
	              Index Cond: ((id >= 3814139) AND (id <= 3814148))

table 8 : explain SELECT DISTINCT c FROM sbtest8 WHERE id BETWEEN 7900046 AND 7900055 ORDER BY c
	Unique  (cost=44.09..44.14 rows=10 width=121)
	  ->  Sort  (cost=44.09..44.12 rows=10 width=121)
	        Sort Key: c
	        ->  Index Scan using sbtest8_pkey on sbtest8  (cost=0.43..43.93 rows=10 width=121)
	              Index Cond: ((id >= 7900046) AND (id <= 7900055))

for: distinct_ranges
table 1 : explain SELECT DISTINCT c FROM sbtest1 WHERE id BETWEEN 2136649 AND 2136658 ORDER BY c
	Unique  (cost=44.23..44.28 rows=10 width=121)
	  ->  Sort  (cost=44.23..44.26 rows=10 width=121)
	        Sort Key: c
	        ->  Index Scan using sbtest1_pkey on sbtest1  (cost=0.43..44.07 rows=10 width=121)
	              Index Cond: ((id >= 2136649) AND (id <= 2136658))

table 2 : explain SELECT DISTINCT c FROM sbtest2 WHERE id BETWEEN 7707849 AND 7707858 ORDER BY c
	Unique  (cost=44.31..44.36 rows=10 width=121)
	  ->  Sort  (cost=44.31..44.34 rows=10 width=121)
	        Sort Key: c
	        ->  Index Scan using sbtest2_pkey on sbtest2  (cost=0.43..44.15 rows=10 width=121)
	              Index Cond: ((id >= 7707849) AND (id <= 7707858))

table 3 : explain SELECT DISTINCT c FROM sbtest3 WHERE id BETWEEN 3173578 AND 3173587 ORDER BY c
	Unique  (cost=44.25..44.30 rows=10 width=121)
	  ->  Sort  (cost=44.25..44.28 rows=10 width=121)
	        Sort Key: c
	        ->  Index Scan using sbtest3_pkey on sbtest3  (cost=0.43..44.08 rows=10 width=121)
	              Index Cond: ((id >= 3173578) AND (id <= 3173587))

table 4 : explain SELECT DISTINCT c FROM sbtest4 WHERE id BETWEEN 7579214 AND 7579223 ORDER BY c
	Unique  (cost=44.14..44.19 rows=10 width=121)
	  ->  Sort  (cost=44.14..44.16 rows=10 width=121)
	        Sort Key: c
	        ->  Index Scan using sbtest4_pkey on sbtest4  (cost=0.43..43.97 rows=10 width=121)
	              Index Cond: ((id >= 7579214) AND (id <= 7579223))

table 5 : explain SELECT DISTINCT c FROM sbtest5 WHERE id BETWEEN 1161875 AND 1161884 ORDER BY c
	Unique  (cost=44.23..44.28 rows=10 width=121)
	  ->  Sort  (cost=44.23..44.26 rows=10 width=121)
	        Sort Key: c
	        ->  Index Scan using sbtest5_pkey on sbtest5  (cost=0.43..44.07 rows=10 width=121)
	              Index Cond: ((id >= 1161875) AND (id <= 1161884))

table 6 : explain SELECT DISTINCT c FROM sbtest6 WHERE id BETWEEN 3322129 AND 3322138 ORDER BY c
	Unique  (cost=48.14..48.20 rows=11 width=121)
	  ->  Sort  (cost=48.14..48.17 rows=11 width=121)
	        Sort Key: c
	        ->  Index Scan using sbtest6_pkey on sbtest6  (cost=0.43..47.95 rows=11 width=121)
	              Index Cond: ((id >= 3322129) AND (id <= 3322138))

table 7 : explain SELECT DISTINCT c FROM sbtest7 WHERE id BETWEEN 3862742 AND 3862751 ORDER BY c
	Unique  (cost=44.13..44.18 rows=10 width=121)
	  ->  Sort  (cost=44.13..44.16 rows=10 width=121)
	        Sort Key: c
	        ->  Index Scan using sbtest7_pkey on sbtest7  (cost=0.43..43.97 rows=10 width=121)
	              Index Cond: ((id >= 3862742) AND (id <= 3862751))

table 8 : explain SELECT DISTINCT c FROM sbtest8 WHERE id BETWEEN 5003235 AND 5003244 ORDER BY c
	Unique  (cost=44.09..44.14 rows=10 width=121)
	  ->  Sort  (cost=44.09..44.12 rows=10 width=121)
	        Sort Key: c
	        ->  Index Scan using sbtest8_pkey on sbtest8  (cost=0.43..43.93 rows=10 width=121)
	              Index Cond: ((id >= 5003235) AND (id <= 5003244))

for: distinct_ranges
table 1 : explain SELECT DISTINCT c FROM sbtest1 WHERE id BETWEEN 6713318 AND 6713327 ORDER BY c
	Unique  (cost=44.23..44.28 rows=10 width=121)
	  ->  Sort  (cost=44.23..44.26 rows=10 width=121)
	        Sort Key: c
	        ->  Index Scan using sbtest1_pkey on sbtest1  (cost=0.43..44.07 rows=10 width=121)
	              Index Cond: ((id >= 6713318) AND (id <= 6713327))

table 2 : explain SELECT DISTINCT c FROM sbtest2 WHERE id BETWEEN 7966264 AND 7966273 ORDER BY c
	Unique  (cost=44.31..44.36 rows=10 width=121)
	  ->  Sort  (cost=44.31..44.34 rows=10 width=121)
	        Sort Key: c
	        ->  Index Scan using sbtest2_pkey on sbtest2  (cost=0.43..44.15 rows=10 width=121)
	              Index Cond: ((id >= 7966264) AND (id <= 7966273))

table 3 : explain SELECT DISTINCT c FROM sbtest3 WHERE id BETWEEN 7230650 AND 7230659 ORDER BY c
	Unique  (cost=44.25..44.30 rows=10 width=121)
	  ->  Sort  (cost=44.25..44.28 rows=10 width=121)
	        Sort Key: c
	        ->  Index Scan using sbtest3_pkey on sbtest3  (cost=0.43..44.08 rows=10 width=121)
	              Index Cond: ((id >= 7230650) AND (id <= 7230659))

table 4 : explain SELECT DISTINCT c FROM sbtest4 WHERE id BETWEEN 3506785 AND 3506794 ORDER BY c
	Unique  (cost=44.14..44.19 rows=10 width=121)
	  ->  Sort  (cost=44.14..44.16 rows=10 width=121)
	        Sort Key: c
	        ->  Index Scan using sbtest4_pkey on sbtest4  (cost=0.43..43.97 rows=10 width=121)
	              Index Cond: ((id >= 3506785) AND (id <= 3506794))

table 5 : explain SELECT DISTINCT c FROM sbtest5 WHERE id BETWEEN 8964469 AND 8964478 ORDER BY c
	Unique  (cost=48.21..48.27 rows=11 width=121)
	  ->  Sort  (cost=48.21..48.24 rows=11 width=121)
	        Sort Key: c
	        ->  Index Scan using sbtest5_pkey on sbtest5  (cost=0.43..48.02 rows=11 width=121)
	              Index Cond: ((id >= 8964469) AND (id <= 8964478))

table 6 : explain SELECT DISTINCT c FROM sbtest6 WHERE id BETWEEN 9558562 AND 9558571 ORDER BY c
	Unique  (cost=44.17..44.22 rows=10 width=121)
	  ->  Sort  (cost=44.17..44.19 rows=10 width=121)
	        Sort Key: c
	        ->  Index Scan using sbtest6_pkey on sbtest6  (cost=0.43..44.00 rows=10 width=121)
	              Index Cond: ((id >= 9558562) AND (id <= 9558571))

table 7 : explain SELECT DISTINCT c FROM sbtest7 WHERE id BETWEEN 5434126 AND 5434135 ORDER BY c
	Unique  (cost=48.10..48.16 rows=11 width=121)
	  ->  Sort  (cost=48.10..48.13 rows=11 width=121)
	        Sort Key: c
	        ->  Index Scan using sbtest7_pkey on sbtest7  (cost=0.43..47.91 rows=11 width=121)
	              Index Cond: ((id >= 5434126) AND (id <= 5434135))

table 8 : explain SELECT DISTINCT c FROM sbtest8 WHERE id BETWEEN 703722 AND 703731 ORDER BY c
	Unique  (cost=44.09..44.14 rows=10 width=121)
	  ->  Sort  (cost=44.09..44.12 rows=10 width=121)
	        Sort Key: c
	        ->  Index Scan using sbtest8_pkey on sbtest8  (cost=0.43..43.93 rows=10 width=121)
	              Index Cond: ((id >= 703722) AND (id <= 703731))

for: order_ranges
table 1 : explain SELECT c FROM sbtest1 WHERE id BETWEEN 5648169 AND 5648178 ORDER BY c
	Sort  (cost=44.23..44.26 rows=10 width=121)
	  Sort Key: c
	  ->  Index Scan using sbtest1_pkey on sbtest1  (cost=0.43..44.07 rows=10 width=121)
	        Index Cond: ((id >= 5648169) AND (id <= 5648178))

table 2 : explain SELECT c FROM sbtest2 WHERE id BETWEEN 4650656 AND 4650665 ORDER BY c
	Sort  (cost=44.31..44.34 rows=10 width=121)
	  Sort Key: c
	  ->  Index Scan using sbtest2_pkey on sbtest2  (cost=0.43..44.15 rows=10 width=121)
	        Index Cond: ((id >= 4650656) AND (id <= 4650665))

table 3 : explain SELECT c FROM sbtest3 WHERE id BETWEEN 3036479 AND 3036488 ORDER BY c
	Sort  (cost=44.25..44.28 rows=10 width=121)
	  Sort Key: c
	  ->  Index Scan using sbtest3_pkey on sbtest3  (cost=0.43..44.08 rows=10 width=121)
	        Index Cond: ((id >= 3036479) AND (id <= 3036488))

table 4 : explain SELECT c FROM sbtest4 WHERE id BETWEEN 9521289 AND 9521298 ORDER BY c
	Sort  (cost=44.14..44.16 rows=10 width=121)
	  Sort Key: c
	  ->  Index Scan using sbtest4_pkey on sbtest4  (cost=0.43..43.97 rows=10 width=121)
	        Index Cond: ((id >= 9521289) AND (id <= 9521298))

table 5 : explain SELECT c FROM sbtest5 WHERE id BETWEEN 1354539 AND 1354548 ORDER BY c
	Sort  (cost=44.23..44.26 rows=10 width=121)
	  Sort Key: c
	  ->  Index Scan using sbtest5_pkey on sbtest5  (cost=0.43..44.07 rows=10 width=121)
	        Index Cond: ((id >= 1354539) AND (id <= 1354548))

table 6 : explain SELECT c FROM sbtest6 WHERE id BETWEEN 9777570 AND 9777579 ORDER BY c
	Sort  (cost=44.17..44.19 rows=10 width=121)
	  Sort Key: c
	  ->  Index Scan using sbtest6_pkey on sbtest6  (cost=0.43..44.00 rows=10 width=121)
	        Index Cond: ((id >= 9777570) AND (id <= 9777579))

table 7 : explain SELECT c FROM sbtest7 WHERE id BETWEEN 8421112 AND 8421121 ORDER BY c
	Sort  (cost=44.13..44.16 rows=10 width=121)
	  Sort Key: c
	  ->  Index Scan using sbtest7_pkey on sbtest7  (cost=0.43..43.97 rows=10 width=121)
	        Index Cond: ((id >= 8421112) AND (id <= 8421121))

table 8 : explain SELECT c FROM sbtest8 WHERE id BETWEEN 8932305 AND 8932314 ORDER BY c
	Sort  (cost=44.09..44.12 rows=10 width=121)
	  Sort Key: c
	  ->  Index Scan using sbtest8_pkey on sbtest8  (cost=0.43..43.93 rows=10 width=121)
	        Index Cond: ((id >= 8932305) AND (id <= 8932314))
for: order_ranges
table 1 : explain SELECT c FROM sbtest1 WHERE id BETWEEN 6914019 AND 6914028 ORDER BY c
	Sort  (cost=44.23..44.26 rows=10 width=121)
	  Sort Key: c
	  ->  Index Scan using sbtest1_pkey on sbtest1  (cost=0.43..44.07 rows=10 width=121)
	        Index Cond: ((id >= 6914019) AND (id <= 6914028))

table 2 : explain SELECT c FROM sbtest2 WHERE id BETWEEN 667221 AND 667230 ORDER BY c
	Sort  (cost=44.31..44.34 rows=10 width=121)
	  Sort Key: c
	  ->  Index Scan using sbtest2_pkey on sbtest2  (cost=0.43..44.15 rows=10 width=121)
	        Index Cond: ((id >= 667221) AND (id <= 667230))

table 3 : explain SELECT c FROM sbtest3 WHERE id BETWEEN 8943717 AND 8943726 ORDER BY c
	Sort  (cost=44.25..44.28 rows=10 width=121)
	  Sort Key: c
	  ->  Index Scan using sbtest3_pkey on sbtest3  (cost=0.43..44.08 rows=10 width=121)
	        Index Cond: ((id >= 8943717) AND (id <= 8943726))

table 4 : explain SELECT c FROM sbtest4 WHERE id BETWEEN 4079708 AND 4079717 ORDER BY c
	Sort  (cost=48.11..48.14 rows=11 width=121)
	  Sort Key: c
	  ->  Index Scan using sbtest4_pkey on sbtest4  (cost=0.43..47.92 rows=11 width=121)
	        Index Cond: ((id >= 4079708) AND (id <= 4079717))

table 5 : explain SELECT c FROM sbtest5 WHERE id BETWEEN 2035338 AND 2035347 ORDER BY c
	Sort  (cost=44.23..44.26 rows=10 width=121)
	  Sort Key: c
	  ->  Index Scan using sbtest5_pkey on sbtest5  (cost=0.43..44.07 rows=10 width=121)
	        Index Cond: ((id >= 2035338) AND (id <= 2035347))

table 6 : explain SELECT c FROM sbtest6 WHERE id BETWEEN 5977164 AND 5977173 ORDER BY c
	Sort  (cost=40.19..40.22 rows=9 width=121)
	  Sort Key: c
	  ->  Index Scan using sbtest6_pkey on sbtest6  (cost=0.43..40.05 rows=9 width=121)
	        Index Cond: ((id >= 5977164) AND (id <= 5977173))

table 7 : explain SELECT c FROM sbtest7 WHERE id BETWEEN 7457086 AND 7457095 ORDER BY c
	Sort  (cost=44.13..44.16 rows=10 width=121)
	  Sort Key: c
	  ->  Index Scan using sbtest7_pkey on sbtest7  (cost=0.43..43.97 rows=10 width=121)
	        Index Cond: ((id >= 7457086) AND (id <= 7457095))

table 8 : explain SELECT c FROM sbtest8 WHERE id BETWEEN 4041225 AND 4041234 ORDER BY c
	Sort  (cost=40.13..40.15 rows=9 width=121)
	  Sort Key: c
	  ->  Index Scan using sbtest8_pkey on sbtest8  (cost=0.43..39.99 rows=9 width=121)
	        Index Cond: ((id >= 4041225) AND (id <= 4041234))


for: distinct_ranges
table 1 : explain SELECT DISTINCT c FROM sbtest1 WHERE id BETWEEN 929122 AND 929131 ORDER BY c
	Unique  (cost=44.23..44.28 rows=10 width=121)
	  ->  Sort  (cost=44.23..44.26 rows=10 width=121)
	        Sort Key: c
	        ->  Index Scan using sbtest1_pkey on sbtest1  (cost=0.43..44.07 rows=10 width=121)
	              Index Cond: ((id >= 929122) AND (id <= 929131))

table 2 : explain SELECT DISTINCT c FROM sbtest2 WHERE id BETWEEN 3627221 AND 3627230 ORDER BY c
	Unique  (cost=44.31..44.36 rows=10 width=121)
	  ->  Sort  (cost=44.31..44.34 rows=10 width=121)
	        Sort Key: c
	        ->  Index Scan using sbtest2_pkey on sbtest2  (cost=0.43..44.15 rows=10 width=121)
	              Index Cond: ((id >= 3627221) AND (id <= 3627230))

table 3 : explain SELECT DISTINCT c FROM sbtest3 WHERE id BETWEEN 5550831 AND 5550840 ORDER BY c
	Unique  (cost=44.25..44.30 rows=10 width=121)
	  ->  Sort  (cost=44.25..44.28 rows=10 width=121)
	        Sort Key: c
	        ->  Index Scan using sbtest3_pkey on sbtest3  (cost=0.43..44.08 rows=10 width=121)
	              Index Cond: ((id >= 5550831) AND (id <= 5550840))

table 4 : explain SELECT DISTINCT c FROM sbtest4 WHERE id BETWEEN 6064511 AND 6064520 ORDER BY c
	Unique  (cost=40.17..40.21 rows=9 width=121)
	  ->  Sort  (cost=40.17..40.19 rows=9 width=121)
	        Sort Key: c
	        ->  Index Scan using sbtest4_pkey on sbtest4  (cost=0.43..40.03 rows=9 width=121)
	              Index Cond: ((id >= 6064511) AND (id <= 6064520))

table 5 : explain SELECT DISTINCT c FROM sbtest5 WHERE id BETWEEN 4902078 AND 4902087 ORDER BY c
	Unique  (cost=44.23..44.28 rows=10 width=121)
	  ->  Sort  (cost=44.23..44.26 rows=10 width=121)
	        Sort Key: c
	        ->  Index Scan using sbtest5_pkey on sbtest5  (cost=0.43..44.07 rows=10 width=121)
	              Index Cond: ((id >= 4902078) AND (id <= 4902087))

table 6 : explain SELECT DISTINCT c FROM sbtest6 WHERE id BETWEEN 5288454 AND 5288463 ORDER BY c
	Unique  (cost=44.17..44.22 rows=10 width=121)
	  ->  Sort  (cost=44.17..44.19 rows=10 width=121)
	        Sort Key: c
	        ->  Index Scan using sbtest6_pkey on sbtest6  (cost=0.43..44.00 rows=10 width=121)
	              Index Cond: ((id >= 5288454) AND (id <= 5288463))

table 7 : explain SELECT DISTINCT c FROM sbtest7 WHERE id BETWEEN 1616812 AND 1616821 ORDER BY c
	Unique  (cost=40.16..40.21 rows=9 width=121)
	  ->  Sort  (cost=40.16..40.18 rows=9 width=121)
	        Sort Key: c
	        ->  Index Scan using sbtest7_pkey on sbtest7  (cost=0.43..40.02 rows=9 width=121)
	              Index Cond: ((id >= 1616812) AND (id <= 1616821))

table 8 : explain SELECT DISTINCT c FROM sbtest8 WHERE id BETWEEN 9304914 AND 9304923 ORDER BY c
	Unique  (cost=40.13..40.17 rows=9 width=121)
	  ->  Sort  (cost=40.13..40.15 rows=9 width=121)
	        Sort Key: c
	        ->  Index Scan using sbtest8_pkey on sbtest8  (cost=0.43..39.99 rows=9 width=121)
	              Index Cond: ((id >= 9304914) AND (id <= 9304923))

for: distinct_ranges
table 1 : explain SELECT DISTINCT c FROM sbtest1 WHERE id BETWEEN 762684 AND 762693 ORDER BY c
	Unique  (cost=44.23..44.28 rows=10 width=121)
	  ->  Sort  (cost=44.23..44.26 rows=10 width=121)
	        Sort Key: c
	        ->  Index Scan using sbtest1_pkey on sbtest1  (cost=0.43..44.07 rows=10 width=121)
	              Index Cond: ((id >= 762684) AND (id <= 762693))

table 2 : explain SELECT DISTINCT c FROM sbtest2 WHERE id BETWEEN 1729485 AND 1729494 ORDER BY c
	Unique  (cost=44.31..44.36 rows=10 width=121)
	  ->  Sort  (cost=44.31..44.34 rows=10 width=121)
	        Sort Key: c
	        ->  Index Scan using sbtest2_pkey on sbtest2  (cost=0.43..44.15 rows=10 width=121)
	              Index Cond: ((id >= 1729485) AND (id <= 1729494))

table 3 : explain SELECT DISTINCT c FROM sbtest3 WHERE id BETWEEN 4834040 AND 4834049 ORDER BY c
	Unique  (cost=48.23..48.29 rows=11 width=121)
	  ->  Sort  (cost=48.23..48.26 rows=11 width=121)
	        Sort Key: c
	        ->  Index Scan using sbtest3_pkey on sbtest3  (cost=0.43..48.04 rows=11 width=121)
	              Index Cond: ((id >= 4834040) AND (id <= 4834049))

table 4 : explain SELECT DISTINCT c FROM sbtest4 WHERE id BETWEEN 4860105 AND 4860114 ORDER BY c
	Unique  (cost=44.14..44.19 rows=10 width=121)
	  ->  Sort  (cost=44.14..44.16 rows=10 width=121)
	        Sort Key: c
	        ->  Index Scan using sbtest4_pkey on sbtest4  (cost=0.43..43.97 rows=10 width=121)
	              Index Cond: ((id >= 4860105) AND (id <= 4860114))

table 5 : explain SELECT DISTINCT c FROM sbtest5 WHERE id BETWEEN 9316193 AND 9316202 ORDER BY c
	Unique  (cost=44.23..44.28 rows=10 width=121)
	  ->  Sort  (cost=44.23..44.26 rows=10 width=121)
	        Sort Key: c
	        ->  Index Scan using sbtest5_pkey on sbtest5  (cost=0.43..44.07 rows=10 width=121)
	              Index Cond: ((id >= 9316193) AND (id <= 9316202))

table 6 : explain SELECT DISTINCT c FROM sbtest6 WHERE id BETWEEN 4820206 AND 4820215 ORDER BY c
	Unique  (cost=48.14..48.20 rows=11 width=121)
	  ->  Sort  (cost=48.14..48.17 rows=11 width=121)
	        Sort Key: c
	        ->  Index Scan using sbtest6_pkey on sbtest6  (cost=0.43..47.95 rows=11 width=121)
	              Index Cond: ((id >= 4820206) AND (id <= 4820215))

table 7 : explain SELECT DISTINCT c FROM sbtest7 WHERE id BETWEEN 3076100 AND 3076109 ORDER BY c
	Unique  (cost=44.13..44.18 rows=10 width=121)
	  ->  Sort  (cost=44.13..44.16 rows=10 width=121)
	        Sort Key: c
	        ->  Index Scan using sbtest7_pkey on sbtest7  (cost=0.43..43.97 rows=10 width=121)
	              Index Cond: ((id >= 3076100) AND (id <= 3076109))

table 8 : explain SELECT DISTINCT c FROM sbtest8 WHERE id BETWEEN 418358 AND 418367 ORDER BY c
	Unique  (cost=44.09..44.14 rows=10 width=121)
	  ->  Sort  (cost=44.09..44.12 rows=10 width=121)
	        Sort Key: c
	        ->  Index Scan using sbtest8_pkey on sbtest8  (cost=0.43..43.93 rows=10 width=121)
	              Index Cond: ((id >= 418358) AND (id <= 418367))

for: distinct_ranges
table 1 : explain SELECT DISTINCT c FROM sbtest1 WHERE id BETWEEN 169134 AND 169143 ORDER BY c
	Unique  (cost=44.23..44.28 rows=10 width=121)
	  ->  Sort  (cost=44.23..44.26 rows=10 width=121)
	        Sort Key: c
	        ->  Index Scan using sbtest1_pkey on sbtest1  (cost=0.43..44.07 rows=10 width=121)
	              Index Cond: ((id >= 169134) AND (id <= 169143))

table 2 : explain SELECT DISTINCT c FROM sbtest2 WHERE id BETWEEN 6919613 AND 6919622 ORDER BY c
	Unique  (cost=48.30..48.36 rows=11 width=121)
	  ->  Sort  (cost=48.30..48.33 rows=11 width=121)
	        Sort Key: c
	        ->  Index Scan using sbtest2_pkey on sbtest2  (cost=0.43..48.11 rows=11 width=121)
	              Index Cond: ((id >= 6919613) AND (id <= 6919622))

table 3 : explain SELECT DISTINCT c FROM sbtest3 WHERE id BETWEEN 8401342 AND 8401351 ORDER BY c
	Unique  (cost=48.23..48.29 rows=11 width=121)
	  ->  Sort  (cost=48.23..48.26 rows=11 width=121)
	        Sort Key: c
	        ->  Index Scan using sbtest3_pkey on sbtest3  (cost=0.43..48.04 rows=11 width=121)
	              Index Cond: ((id >= 8401342) AND (id <= 8401351))

table 4 : explain SELECT DISTINCT c FROM sbtest4 WHERE id BETWEEN 1073955 AND 1073964 ORDER BY c
	Unique  (cost=44.14..44.19 rows=10 width=121)
	  ->  Sort  (cost=44.14..44.16 rows=10 width=121)
	        Sort Key: c
	        ->  Index Scan using sbtest4_pkey on sbtest4  (cost=0.43..43.97 rows=10 width=121)
	              Index Cond: ((id >= 1073955) AND (id <= 1073964))

table 5 : explain SELECT DISTINCT c FROM sbtest5 WHERE id BETWEEN 2368693 AND 2368702 ORDER BY c
	Unique  (cost=44.23..44.28 rows=10 width=121)
	  ->  Sort  (cost=44.23..44.26 rows=10 width=121)
	        Sort Key: c
	        ->  Index Scan using sbtest5_pkey on sbtest5  (cost=0.43..44.07 rows=10 width=121)
	              Index Cond: ((id >= 2368693) AND (id <= 2368702))

table 6 : explain SELECT DISTINCT c FROM sbtest6 WHERE id BETWEEN 7275592 AND 7275601 ORDER BY c
	Unique  (cost=48.14..48.20 rows=11 width=121)
	  ->  Sort  (cost=48.14..48.17 rows=11 width=121)
	        Sort Key: c
	        ->  Index Scan using sbtest6_pkey on sbtest6  (cost=0.43..47.95 rows=11 width=121)
	              Index Cond: ((id >= 7275592) AND (id <= 7275601))

table 7 : explain SELECT DISTINCT c FROM sbtest7 WHERE id BETWEEN 5206641 AND 5206650 ORDER BY c
	Unique  (cost=44.13..44.18 rows=10 width=121)
	  ->  Sort  (cost=44.13..44.16 rows=10 width=121)
	        Sort Key: c
	        ->  Index Scan using sbtest7_pkey on sbtest7  (cost=0.43..43.97 rows=10 width=121)
	              Index Cond: ((id >= 5206641) AND (id <= 5206650))

table 8 : explain SELECT DISTINCT c FROM sbtest8 WHERE id BETWEEN 8988005 AND 8988014 ORDER BY c
	Unique  (cost=44.09..44.14 rows=10 width=121)
	  ->  Sort  (cost=44.09..44.12 rows=10 width=121)
	        Sort Key: c
	        ->  Index Scan using sbtest8_pkey on sbtest8  (cost=0.43..43.93 rows=10 width=121)
	              Index Cond: ((id >= 8988005) AND (id <= 8988014))

for: order_ranges
table 1 : explain SELECT c FROM sbtest1 WHERE id BETWEEN 5356520 AND 5356529 ORDER BY c
	Sort  (cost=40.25..40.28 rows=9 width=121)
	  Sort Key: c
	  ->  Index Scan using sbtest1_pkey on sbtest1  (cost=0.43..40.11 rows=9 width=121)
	        Index Cond: ((id >= 5356520) AND (id <= 5356529))

table 2 : explain SELECT c FROM sbtest2 WHERE id BETWEEN 8769835 AND 8769844 ORDER BY c
	Sort  (cost=40.32..40.35 rows=9 width=121)
	  Sort Key: c
	  ->  Index Scan using sbtest2_pkey on sbtest2  (cost=0.43..40.18 rows=9 width=121)
	        Index Cond: ((id >= 8769835) AND (id <= 8769844))

table 3 : explain SELECT c FROM sbtest3 WHERE id BETWEEN 8567566 AND 8567575 ORDER BY c
	Sort  (cost=40.27..40.29 rows=9 width=121)
	  Sort Key: c
	  ->  Index Scan using sbtest3_pkey on sbtest3  (cost=0.43..40.13 rows=9 width=121)
	        Index Cond: ((id >= 8567566) AND (id <= 8567575))

table 4 : explain SELECT c FROM sbtest4 WHERE id BETWEEN 2489 AND 2498 ORDER BY c
	Sort  (cost=44.14..44.16 rows=10 width=121)
	  Sort Key: c
	  ->  Index Scan using sbtest4_pkey on sbtest4  (cost=0.43..43.97 rows=10 width=121)
	        Index Cond: ((id >= 2489) AND (id <= 2498))

table 5 : explain SELECT c FROM sbtest5 WHERE id BETWEEN 8589436 AND 8589445 ORDER BY c
	Sort  (cost=44.23..44.26 rows=10 width=121)
	  Sort Key: c
	  ->  Index Scan using sbtest5_pkey on sbtest5  (cost=0.43..44.07 rows=10 width=121)
	        Index Cond: ((id >= 8589436) AND (id <= 8589445))

table 6 : explain SELECT c FROM sbtest6 WHERE id BETWEEN 5306291 AND 5306300 ORDER BY c
	Sort  (cost=44.17..44.19 rows=10 width=121)
	  Sort Key: c
	  ->  Index Scan using sbtest6_pkey on sbtest6  (cost=0.43..44.00 rows=10 width=121)
	        Index Cond: ((id >= 5306291) AND (id <= 5306300))

table 7 : explain SELECT c FROM sbtest7 WHERE id BETWEEN 4537645 AND 4537654 ORDER BY c
	Sort  (cost=44.13..44.16 rows=10 width=121)
	  Sort Key: c
	  ->  Index Scan using sbtest7_pkey on sbtest7  (cost=0.43..43.97 rows=10 width=121)
	        Index Cond: ((id >= 4537645) AND (id <= 4537654))

table 8 : explain SELECT c FROM sbtest8 WHERE id BETWEEN 5288142 AND 5288151 ORDER BY c
	Sort  (cost=44.09..44.12 rows=10 width=121)
	  Sort Key: c
	  ->  Index Scan using sbtest8_pkey on sbtest8  (cost=0.43..43.93 rows=10 width=121)
	        Index Cond: ((id >= 5288142) AND (id <= 5288151))

for: order_ranges
table 1 : explain SELECT c FROM sbtest1 WHERE id BETWEEN 771892 AND 771901 ORDER BY c
	Sort  (cost=44.23..44.26 rows=10 width=121)
	  Sort Key: c
	  ->  Index Scan using sbtest1_pkey on sbtest1  (cost=0.43..44.07 rows=10 width=121)
	        Index Cond: ((id >= 771892) AND (id <= 771901))

table 2 : explain SELECT c FROM sbtest2 WHERE id BETWEEN 9018028 AND 9018037 ORDER BY c
	Sort  (cost=44.31..44.34 rows=10 width=121)
	  Sort Key: c
	  ->  Index Scan using sbtest2_pkey on sbtest2  (cost=0.43..44.15 rows=10 width=121)
	        Index Cond: ((id >= 9018028) AND (id <= 9018037))

table 3 : explain SELECT c FROM sbtest3 WHERE id BETWEEN 2459142 AND 2459151 ORDER BY c
	Sort  (cost=40.27..40.29 rows=9 width=121)
	  Sort Key: c
	  ->  Index Scan using sbtest3_pkey on sbtest3  (cost=0.43..40.13 rows=9 width=121)
	        Index Cond: ((id >= 2459142) AND (id <= 2459151))

table 4 : explain SELECT c FROM sbtest4 WHERE id BETWEEN 1203108 AND 1203117 ORDER BY c
	Sort  (cost=44.14..44.16 rows=10 width=121)
	  Sort Key: c
	  ->  Index Scan using sbtest4_pkey on sbtest4  (cost=0.43..43.97 rows=10 width=121)
	        Index Cond: ((id >= 1203108) AND (id <= 1203117))

table 5 : explain SELECT c FROM sbtest5 WHERE id BETWEEN 4495455 AND 4495464 ORDER BY c
	Sort  (cost=44.23..44.26 rows=10 width=121)
	  Sort Key: c
	  ->  Index Scan using sbtest5_pkey on sbtest5  (cost=0.43..44.07 rows=10 width=121)
	        Index Cond: ((id >= 4495455) AND (id <= 4495464))

table 6 : explain SELECT c FROM sbtest6 WHERE id BETWEEN 1048523 AND 1048532 ORDER BY c
	Sort  (cost=48.14..48.17 rows=11 width=121)
	  Sort Key: c
	  ->  Index Scan using sbtest6_pkey on sbtest6  (cost=0.43..47.95 rows=11 width=121)
	        Index Cond: ((id >= 1048523) AND (id <= 1048532))

table 7 : explain SELECT c FROM sbtest7 WHERE id BETWEEN 6937566 AND 6937575 ORDER BY c
	Sort  (cost=44.13..44.16 rows=10 width=121)
	  Sort Key: c
	  ->  Index Scan using sbtest7_pkey on sbtest7  (cost=0.43..43.97 rows=10 width=121)
	        Index Cond: ((id >= 6937566) AND (id <= 6937575))

table 8 : explain SELECT c FROM sbtest8 WHERE id BETWEEN 3073501 AND 3073510 ORDER BY c
	Sort  (cost=44.09..44.12 rows=10 width=121)
	  Sort Key: c
	  ->  Index Scan using sbtest8_pkey on sbtest8  (cost=0.43..43.93 rows=10 width=121)
	        Index Cond: ((id >= 3073501) AND (id <= 3073510))

for: distinct_ranges
table 1 : explain SELECT DISTINCT c FROM sbtest1 WHERE id BETWEEN 5749628 AND 5749637 ORDER BY c
	Unique  (cost=44.23..44.28 rows=10 width=121)
	  ->  Sort  (cost=44.23..44.26 rows=10 width=121)
	        Sort Key: c
	        ->  Index Scan using sbtest1_pkey on sbtest1  (cost=0.43..44.07 rows=10 width=121)
	              Index Cond: ((id >= 5749628) AND (id <= 5749637))

table 2 : explain SELECT DISTINCT c FROM sbtest2 WHERE id BETWEEN 4419320 AND 4419329 ORDER BY c
	Unique  (cost=44.31..44.36 rows=10 width=121)
	  ->  Sort  (cost=44.31..44.34 rows=10 width=121)
	        Sort Key: c
	        ->  Index Scan using sbtest2_pkey on sbtest2  (cost=0.43..44.15 rows=10 width=121)
	              Index Cond: ((id >= 4419320) AND (id <= 4419329))

table 3 : explain SELECT DISTINCT c FROM sbtest3 WHERE id BETWEEN 5661024 AND 5661033 ORDER BY c
	Unique  (cost=44.25..44.30 rows=10 width=121)
	  ->  Sort  (cost=44.25..44.28 rows=10 width=121)
	        Sort Key: c
	        ->  Index Scan using sbtest3_pkey on sbtest3  (cost=0.43..44.08 rows=10 width=121)
	              Index Cond: ((id >= 5661024) AND (id <= 5661033))

table 4 : explain SELECT DISTINCT c FROM sbtest4 WHERE id BETWEEN 5797390 AND 5797399 ORDER BY c
	Unique  (cost=44.14..44.19 rows=10 width=121)
	  ->  Sort  (cost=44.14..44.16 rows=10 width=121)
	        Sort Key: c
	        ->  Index Scan using sbtest4_pkey on sbtest4  (cost=0.43..43.97 rows=10 width=121)
	              Index Cond: ((id >= 5797390) AND (id <= 5797399))

table 5 : explain SELECT DISTINCT c FROM sbtest5 WHERE id BETWEEN 7387707 AND 7387716 ORDER BY c
	Unique  (cost=44.23..44.28 rows=10 width=121)
	  ->  Sort  (cost=44.23..44.26 rows=10 width=121)
	        Sort Key: c
	        ->  Index Scan using sbtest5_pkey on sbtest5  (cost=0.43..44.07 rows=10 width=121)
	              Index Cond: ((id >= 7387707) AND (id <= 7387716))

table 6 : explain SELECT DISTINCT c FROM sbtest6 WHERE id BETWEEN 3467113 AND 3467122 ORDER BY c
	Unique  (cost=44.17..44.22 rows=10 width=121)
	  ->  Sort  (cost=44.17..44.19 rows=10 width=121)
	        Sort Key: c
	        ->  Index Scan using sbtest6_pkey on sbtest6  (cost=0.43..44.00 rows=10 width=121)
	              Index Cond: ((id >= 3467113) AND (id <= 3467122))

table 7 : explain SELECT DISTINCT c FROM sbtest7 WHERE id BETWEEN 954269 AND 954278 ORDER BY c
	Unique  (cost=44.13..44.18 rows=10 width=121)
	  ->  Sort  (cost=44.13..44.16 rows=10 width=121)
	        Sort Key: c
	        ->  Index Scan using sbtest7_pkey on sbtest7  (cost=0.43..43.97 rows=10 width=121)
	              Index Cond: ((id >= 954269) AND (id <= 954278))

table 8 : explain SELECT DISTINCT c FROM sbtest8 WHERE id BETWEEN 8030706 AND 8030715 ORDER BY c
	Unique  (cost=40.13..40.17 rows=9 width=121)
	  ->  Sort  (cost=40.13..40.15 rows=9 width=121)
	        Sort Key: c
	        ->  Index Scan using sbtest8_pkey on sbtest8  (cost=0.43..39.99 rows=9 width=121)
	              Index Cond: ((id >= 8030706) AND (id <= 8030715))

for: order_ranges
table 1 : explain SELECT c FROM sbtest1 WHERE id BETWEEN 2484842 AND 2484851 ORDER BY c
	Sort  (cost=44.23..44.26 rows=10 width=121)
	  Sort Key: c
	  ->  Index Scan using sbtest1_pkey on sbtest1  (cost=0.43..44.07 rows=10 width=121)
	        Index Cond: ((id >= 2484842) AND (id <= 2484851))

table 2 : explain SELECT c FROM sbtest2 WHERE id BETWEEN 574279 AND 574288 ORDER BY c
	Sort  (cost=40.32..40.35 rows=9 width=121)
	  Sort Key: c
	  ->  Index Scan using sbtest2_pkey on sbtest2  (cost=0.43..40.18 rows=9 width=121)
	        Index Cond: ((id >= 574279) AND (id <= 574288))

table 3 : explain SELECT c FROM sbtest3 WHERE id BETWEEN 1934585 AND 1934594 ORDER BY c
	Sort  (cost=44.25..44.28 rows=10 width=121)
	  Sort Key: c
	  ->  Index Scan using sbtest3_pkey on sbtest3  (cost=0.43..44.08 rows=10 width=121)
	        Index Cond: ((id >= 1934585) AND (id <= 1934594))

table 4 : explain SELECT c FROM sbtest4 WHERE id BETWEEN 9862230 AND 9862239 ORDER BY c
	Sort  (cost=44.14..44.16 rows=10 width=121)
	  Sort Key: c
	  ->  Index Scan using sbtest4_pkey on sbtest4  (cost=0.43..43.97 rows=10 width=121)
	        Index Cond: ((id >= 9862230) AND (id <= 9862239))

table 5 : explain SELECT c FROM sbtest5 WHERE id BETWEEN 2274637 AND 2274646 ORDER BY c
	Sort  (cost=40.25..40.28 rows=9 width=121)
	  Sort Key: c
	  ->  Index Scan using sbtest5_pkey on sbtest5  (cost=0.43..40.11 rows=9 width=121)
	        Index Cond: ((id >= 2274637) AND (id <= 2274646))

table 6 : explain SELECT c FROM sbtest6 WHERE id BETWEEN 5699335 AND 5699344 ORDER BY c
	Sort  (cost=44.17..44.19 rows=10 width=121)
	  Sort Key: c
	  ->  Index Scan using sbtest6_pkey on sbtest6  (cost=0.43..44.00 rows=10 width=121)
	        Index Cond: ((id >= 5699335) AND (id <= 5699344))

table 7 : explain SELECT c FROM sbtest7 WHERE id BETWEEN 5345462 AND 5345471 ORDER BY c
	Sort  (cost=40.16..40.18 rows=9 width=121)
	  Sort Key: c
	  ->  Index Scan using sbtest7_pkey on sbtest7  (cost=0.43..40.02 rows=9 width=121)
	        Index Cond: ((id >= 5345462) AND (id <= 5345471))

table 8 : explain SELECT c FROM sbtest8 WHERE id BETWEEN 5412332 AND 5412341 ORDER BY c
	Sort  (cost=44.09..44.12 rows=10 width=121)
	  Sort Key: c
	  ->  Index Scan using sbtest8_pkey on sbtest8  (cost=0.43..43.93 rows=10 width=121)
	        Index Cond: ((id >= 5412332) AND (id <= 5412341))

for: distinct_ranges
table 1 : explain SELECT DISTINCT c FROM sbtest1 WHERE id BETWEEN 8057475 AND 8057484 ORDER BY c
	Unique  (cost=44.23..44.28 rows=10 width=121)
	  ->  Sort  (cost=44.23..44.26 rows=10 width=121)
	        Sort Key: c
	        ->  Index Scan using sbtest1_pkey on sbtest1  (cost=0.43..44.07 rows=10 width=121)
	              Index Cond: ((id >= 8057475) AND (id <= 8057484))

table 2 : explain SELECT DISTINCT c FROM sbtest2 WHERE id BETWEEN 5553564 AND 5553573 ORDER BY c
	Unique  (cost=44.31..44.36 rows=10 width=121)
	  ->  Sort  (cost=44.31..44.34 rows=10 width=121)
	        Sort Key: c
	        ->  Index Scan using sbtest2_pkey on sbtest2  (cost=0.43..44.15 rows=10 width=121)
	              Index Cond: ((id >= 5553564) AND (id <= 5553573))

table 3 : explain SELECT DISTINCT c FROM sbtest3 WHERE id BETWEEN 7259426 AND 7259435 ORDER BY c
	Unique  (cost=44.25..44.30 rows=10 width=121)
	  ->  Sort  (cost=44.25..44.28 rows=10 width=121)
	        Sort Key: c
	        ->  Index Scan using sbtest3_pkey on sbtest3  (cost=0.43..44.08 rows=10 width=121)
	              Index Cond: ((id >= 7259426) AND (id <= 7259435))

table 4 : explain SELECT DISTINCT c FROM sbtest4 WHERE id BETWEEN 6731364 AND 6731373 ORDER BY c
	Unique  (cost=44.14..44.19 rows=10 width=121)
	  ->  Sort  (cost=44.14..44.16 rows=10 width=121)
	        Sort Key: c
	        ->  Index Scan using sbtest4_pkey on sbtest4  (cost=0.43..43.97 rows=10 width=121)
	              Index Cond: ((id >= 6731364) AND (id <= 6731373))

table 5 : explain SELECT DISTINCT c FROM sbtest5 WHERE id BETWEEN 7863277 AND 7863286 ORDER BY c
	Unique  (cost=44.23..44.28 rows=10 width=121)
	  ->  Sort  (cost=44.23..44.26 rows=10 width=121)
	        Sort Key: c
	        ->  Index Scan using sbtest5_pkey on sbtest5  (cost=0.43..44.07 rows=10 width=121)
	              Index Cond: ((id >= 7863277) AND (id <= 7863286))

table 6 : explain SELECT DISTINCT c FROM sbtest6 WHERE id BETWEEN 3004490 AND 3004499 ORDER BY c
	Unique  (cost=44.17..44.22 rows=10 width=121)
	  ->  Sort  (cost=44.17..44.19 rows=10 width=121)
	        Sort Key: c
	        ->  Index Scan using sbtest6_pkey on sbtest6  (cost=0.43..44.00 rows=10 width=121)
	              Index Cond: ((id >= 3004490) AND (id <= 3004499))

table 7 : explain SELECT DISTINCT c FROM sbtest7 WHERE id BETWEEN 1474884 AND 1474893 ORDER BY c
	Unique  (cost=44.13..44.18 rows=10 width=121)
	  ->  Sort  (cost=44.13..44.16 rows=10 width=121)
	        Sort Key: c
	        ->  Index Scan using sbtest7_pkey on sbtest7  (cost=0.43..43.97 rows=10 width=121)
	              Index Cond: ((id >= 1474884) AND (id <= 1474893))

table 8 : explain SELECT DISTINCT c FROM sbtest8 WHERE id BETWEEN 9141661 AND 9141670 ORDER BY c
	Unique  (cost=44.09..44.14 rows=10 width=121)
	  ->  Sort  (cost=44.09..44.12 rows=10 width=121)
	        Sort Key: c
	        ->  Index Scan using sbtest8_pkey on sbtest8  (cost=0.43..43.93 rows=10 width=121)
	              Index Cond: ((id >= 9141661) AND (id <= 9141670))

for: order_ranges
table 1 : explain SELECT c FROM sbtest1 WHERE id BETWEEN 4633039 AND 4633048 ORDER BY c
	Sort  (cost=44.23..44.26 rows=10 width=121)
	  Sort Key: c
	  ->  Index Scan using sbtest1_pkey on sbtest1  (cost=0.43..44.07 rows=10 width=121)
	        Index Cond: ((id >= 4633039) AND (id <= 4633048))

table 2 : explain SELECT c FROM sbtest2 WHERE id BETWEEN 4593571 AND 4593580 ORDER BY c
	Sort  (cost=40.32..40.35 rows=9 width=121)
	  Sort Key: c
	  ->  Index Scan using sbtest2_pkey on sbtest2  (cost=0.43..40.18 rows=9 width=121)
	        Index Cond: ((id >= 4593571) AND (id <= 4593580))

table 3 : explain SELECT c FROM sbtest3 WHERE id BETWEEN 5166199 AND 5166208 ORDER BY c
	Sort  (cost=44.25..44.28 rows=10 width=121)
	  Sort Key: c
	  ->  Index Scan using sbtest3_pkey on sbtest3  (cost=0.43..44.08 rows=10 width=121)
	        Index Cond: ((id >= 5166199) AND (id <= 5166208))

table 4 : explain SELECT c FROM sbtest4 WHERE id BETWEEN 1484224 AND 1484233 ORDER BY c
	Sort  (cost=44.14..44.16 rows=10 width=121)
	  Sort Key: c
	  ->  Index Scan using sbtest4_pkey on sbtest4  (cost=0.43..43.97 rows=10 width=121)
	        Index Cond: ((id >= 1484224) AND (id <= 1484233))

table 5 : explain SELECT c FROM sbtest5 WHERE id BETWEEN 2507953 AND 2507962 ORDER BY c
	Sort  (cost=44.23..44.26 rows=10 width=121)
	  Sort Key: c
	  ->  Index Scan using sbtest5_pkey on sbtest5  (cost=0.43..44.07 rows=10 width=121)
	        Index Cond: ((id >= 2507953) AND (id <= 2507962))

table 6 : explain SELECT c FROM sbtest6 WHERE id BETWEEN 5212325 AND 5212334 ORDER BY c
	Sort  (cost=44.17..44.19 rows=10 width=121)
	  Sort Key: c
	  ->  Index Scan using sbtest6_pkey on sbtest6  (cost=0.43..44.00 rows=10 width=121)
	        Index Cond: ((id >= 5212325) AND (id <= 5212334))

table 7 : explain SELECT c FROM sbtest7 WHERE id BETWEEN 8734560 AND 8734569 ORDER BY c
	Sort  (cost=44.13..44.16 rows=10 width=121)
	  Sort Key: c
	  ->  Index Scan using sbtest7_pkey on sbtest7  (cost=0.43..43.97 rows=10 width=121)
	        Index Cond: ((id >= 8734560) AND (id <= 8734569))

table 8 : explain SELECT c FROM sbtest8 WHERE id BETWEEN 7685808 AND 7685817 ORDER BY c
	Sort  (cost=44.09..44.12 rows=10 width=121)
	  Sort Key: c
	  ->  Index Scan using sbtest8_pkey on sbtest8  (cost=0.43..43.93 rows=10 width=121)
	        Index Cond: ((id >= 7685808) AND (id <= 7685817))

for: distinct_ranges
table 1 : explain SELECT DISTINCT c FROM sbtest1 WHERE id BETWEEN 1023930 AND 1023939 ORDER BY c
	Unique  (cost=44.23..44.28 rows=10 width=121)
	  ->  Sort  (cost=44.23..44.26 rows=10 width=121)
	        Sort Key: c
	        ->  Index Scan using sbtest1_pkey on sbtest1  (cost=0.43..44.07 rows=10 width=121)
	              Index Cond: ((id >= 1023930) AND (id <= 1023939))

table 2 : explain SELECT DISTINCT c FROM sbtest2 WHERE id BETWEEN 6529006 AND 6529015 ORDER BY c
	Unique  (cost=44.31..44.36 rows=10 width=121)
	  ->  Sort  (cost=44.31..44.34 rows=10 width=121)
	        Sort Key: c
	        ->  Index Scan using sbtest2_pkey on sbtest2  (cost=0.43..44.15 rows=10 width=121)
	              Index Cond: ((id >= 6529006) AND (id <= 6529015))

table 3 : explain SELECT DISTINCT c FROM sbtest3 WHERE id BETWEEN 9370984 AND 9370993 ORDER BY c
	Unique  (cost=48.23..48.29 rows=11 width=121)
	  ->  Sort  (cost=48.23..48.26 rows=11 width=121)
	        Sort Key: c
	        ->  Index Scan using sbtest3_pkey on sbtest3  (cost=0.43..48.04 rows=11 width=121)
	              Index Cond: ((id >= 9370984) AND (id <= 9370993))

table 4 : explain SELECT DISTINCT c FROM sbtest4 WHERE id BETWEEN 5310666 AND 5310675 ORDER BY c
	Unique  (cost=40.17..40.21 rows=9 width=121)
	  ->  Sort  (cost=40.17..40.19 rows=9 width=121)
	        Sort Key: c
	        ->  Index Scan using sbtest4_pkey on sbtest4  (cost=0.43..40.03 rows=9 width=121)
	              Index Cond: ((id >= 5310666) AND (id <= 5310675))

table 5 : explain SELECT DISTINCT c FROM sbtest5 WHERE id BETWEEN 9629876 AND 9629885 ORDER BY c
	Unique  (cost=40.25..40.30 rows=9 width=121)
	  ->  Sort  (cost=40.25..40.28 rows=9 width=121)
	        Sort Key: c
	        ->  Index Scan using sbtest5_pkey on sbtest5  (cost=0.43..40.11 rows=9 width=121)
	              Index Cond: ((id >= 9629876) AND (id <= 9629885))

table 6 : explain SELECT DISTINCT c FROM sbtest6 WHERE id BETWEEN 3693767 AND 3693776 ORDER BY c
	Unique  (cost=44.17..44.22 rows=10 width=121)
	  ->  Sort  (cost=44.17..44.19 rows=10 width=121)
	        Sort Key: c
	        ->  Index Scan using sbtest6_pkey on sbtest6  (cost=0.43..44.00 rows=10 width=121)
	              Index Cond: ((id >= 3693767) AND (id <= 3693776))

table 7 : explain SELECT DISTINCT c FROM sbtest7 WHERE id BETWEEN 2138008 AND 2138017 ORDER BY c
	Unique  (cost=44.13..44.18 rows=10 width=121)
	  ->  Sort  (cost=44.13..44.16 rows=10 width=121)
	        Sort Key: c
	        ->  Index Scan using sbtest7_pkey on sbtest7  (cost=0.43..43.97 rows=10 width=121)
	              Index Cond: ((id >= 2138008) AND (id <= 2138017))

table 8 : explain SELECT DISTINCT c FROM sbtest8 WHERE id BETWEEN 1662657 AND 1662666 ORDER BY c
	Unique  (cost=44.09..44.14 rows=10 width=121)
	  ->  Sort  (cost=44.09..44.12 rows=10 width=121)
	        Sort Key: c
	        ->  Index Scan using sbtest8_pkey on sbtest8  (cost=0.43..43.93 rows=10 width=121)
	              Index Cond: ((id >= 1662657) AND (id <= 1662666))

for: distinct_ranges
table 1 : explain SELECT DISTINCT c FROM sbtest1 WHERE id BETWEEN 9817442 AND 9817451 ORDER BY c
	Unique  (cost=48.21..48.27 rows=11 width=121)
	  ->  Sort  (cost=48.21..48.24 rows=11 width=121)
	        Sort Key: c
	        ->  Index Scan using sbtest1_pkey on sbtest1  (cost=0.43..48.02 rows=11 width=121)
	              Index Cond: ((id >= 9817442) AND (id <= 9817451))

table 2 : explain SELECT DISTINCT c FROM sbtest2 WHERE id BETWEEN 7239909 AND 7239918 ORDER BY c
	Unique  (cost=44.31..44.36 rows=10 width=121)
	  ->  Sort  (cost=44.31..44.34 rows=10 width=121)
	        Sort Key: c
	        ->  Index Scan using sbtest2_pkey on sbtest2  (cost=0.43..44.15 rows=10 width=121)
	              Index Cond: ((id >= 7239909) AND (id <= 7239918))

table 3 : explain SELECT DISTINCT c FROM sbtest3 WHERE id BETWEEN 9845037 AND 9845046 ORDER BY c
	Unique  (cost=44.25..44.30 rows=10 width=121)
	  ->  Sort  (cost=44.25..44.28 rows=10 width=121)
	        Sort Key: c
	        ->  Index Scan using sbtest3_pkey on sbtest3  (cost=0.43..44.08 rows=10 width=121)
	              Index Cond: ((id >= 9845037) AND (id <= 9845046))

table 4 : explain SELECT DISTINCT c FROM sbtest4 WHERE id BETWEEN 3724114 AND 3724123 ORDER BY c
	Unique  (cost=44.14..44.19 rows=10 width=121)
	  ->  Sort  (cost=44.14..44.16 rows=10 width=121)
	        Sort Key: c
	        ->  Index Scan using sbtest4_pkey on sbtest4  (cost=0.43..43.97 rows=10 width=121)
	              Index Cond: ((id >= 3724114) AND (id <= 3724123))

table 5 : explain SELECT DISTINCT c FROM sbtest5 WHERE id BETWEEN 9614895 AND 9614904 ORDER BY c
	Unique  (cost=40.25..40.30 rows=9 width=121)
	  ->  Sort  (cost=40.25..40.28 rows=9 width=121)
	        Sort Key: c
	        ->  Index Scan using sbtest5_pkey on sbtest5  (cost=0.43..40.11 rows=9 width=121)
	              Index Cond: ((id >= 9614895) AND (id <= 9614904))

table 6 : explain SELECT DISTINCT c FROM sbtest6 WHERE id BETWEEN 2366508 AND 2366517 ORDER BY c
	Unique  (cost=44.17..44.22 rows=10 width=121)
	  ->  Sort  (cost=44.17..44.19 rows=10 width=121)
	        Sort Key: c
	        ->  Index Scan using sbtest6_pkey on sbtest6  (cost=0.43..44.00 rows=10 width=121)
	              Index Cond: ((id >= 2366508) AND (id <= 2366517))

table 7 : explain SELECT DISTINCT c FROM sbtest7 WHERE id BETWEEN 4378347 AND 4378356 ORDER BY c
	Unique  (cost=40.16..40.21 rows=9 width=121)
	  ->  Sort  (cost=40.16..40.18 rows=9 width=121)
	        Sort Key: c
	        ->  Index Scan using sbtest7_pkey on sbtest7  (cost=0.43..40.02 rows=9 width=121)
	              Index Cond: ((id >= 4378347) AND (id <= 4378356))

table 8 : explain SELECT DISTINCT c FROM sbtest8 WHERE id BETWEEN 5338019 AND 5338028 ORDER BY c
	Unique  (cost=44.09..44.14 rows=10 width=121)
	  ->  Sort  (cost=44.09..44.12 rows=10 width=121)
	        Sort Key: c
	        ->  Index Scan using sbtest8_pkey on sbtest8  (cost=0.43..43.93 rows=10 width=121)
	              Index Cond: ((id >= 5338019) AND (id <= 5338028))

for: distinct_ranges
table 1 : explain SELECT DISTINCT c FROM sbtest1 WHERE id BETWEEN 8257711 AND 8257720 ORDER BY c
	Unique  (cost=44.23..44.28 rows=10 width=121)
	  ->  Sort  (cost=44.23..44.26 rows=10 width=121)
	        Sort Key: c
	        ->  Index Scan using sbtest1_pkey on sbtest1  (cost=0.43..44.07 rows=10 width=121)
	              Index Cond: ((id >= 8257711) AND (id <= 8257720))

table 2 : explain SELECT DISTINCT c FROM sbtest2 WHERE id BETWEEN 3174417 AND 3174426 ORDER BY c
	Unique  (cost=48.30..48.36 rows=11 width=121)
	  ->  Sort  (cost=48.30..48.33 rows=11 width=121)
	        Sort Key: c
	        ->  Index Scan using sbtest2_pkey on sbtest2  (cost=0.43..48.11 rows=11 width=121)
	              Index Cond: ((id >= 3174417) AND (id <= 3174426))

table 3 : explain SELECT DISTINCT c FROM sbtest3 WHERE id BETWEEN 2326381 AND 2326390 ORDER BY c
	Unique  (cost=44.25..44.30 rows=10 width=121)
	  ->  Sort  (cost=44.25..44.28 rows=10 width=121)
	        Sort Key: c
	        ->  Index Scan using sbtest3_pkey on sbtest3  (cost=0.43..44.08 rows=10 width=121)
	              Index Cond: ((id >= 2326381) AND (id <= 2326390))

table 4 : explain SELECT DISTINCT c FROM sbtest4 WHERE id BETWEEN 821402 AND 821411 ORDER BY c
	Unique  (cost=44.14..44.19 rows=10 width=121)
	  ->  Sort  (cost=44.14..44.16 rows=10 width=121)
	        Sort Key: c
	        ->  Index Scan using sbtest4_pkey on sbtest4  (cost=0.43..43.97 rows=10 width=121)
	              Index Cond: ((id >= 821402) AND (id <= 821411))

table 5 : explain SELECT DISTINCT c FROM sbtest5 WHERE id BETWEEN 2548203 AND 2548212 ORDER BY c
	Unique  (cost=44.23..44.28 rows=10 width=121)
	  ->  Sort  (cost=44.23..44.26 rows=10 width=121)
	        Sort Key: c
	        ->  Index Scan using sbtest5_pkey on sbtest5  (cost=0.43..44.07 rows=10 width=121)
	              Index Cond: ((id >= 2548203) AND (id <= 2548212))

table 6 : explain SELECT DISTINCT c FROM sbtest6 WHERE id BETWEEN 4099961 AND 4099970 ORDER BY c
	Unique  (cost=44.17..44.22 rows=10 width=121)
	  ->  Sort  (cost=44.17..44.19 rows=10 width=121)
	        Sort Key: c
	        ->  Index Scan using sbtest6_pkey on sbtest6  (cost=0.43..44.00 rows=10 width=121)
	              Index Cond: ((id >= 4099961) AND (id <= 4099970))

table 7 : explain SELECT DISTINCT c FROM sbtest7 WHERE id BETWEEN 1751644 AND 1751653 ORDER BY c
	Unique  (cost=44.13..44.18 rows=10 width=121)
	  ->  Sort  (cost=44.13..44.16 rows=10 width=121)
	        Sort Key: c
	        ->  Index Scan using sbtest7_pkey on sbtest7  (cost=0.43..43.97 rows=10 width=121)
	              Index Cond: ((id >= 1751644) AND (id <= 1751653))

table 8 : explain SELECT DISTINCT c FROM sbtest8 WHERE id BETWEEN 7497719 AND 7497728 ORDER BY c
	Unique  (cost=44.09..44.14 rows=10 width=121)
	  ->  Sort  (cost=44.09..44.12 rows=10 width=121)
	        Sort Key: c
	        ->  Index Scan using sbtest8_pkey on sbtest8  (cost=0.43..43.93 rows=10 width=121)
	              Index Cond: ((id >= 7497719) AND (id <= 7497728))

for: order_ranges
table 1 : explain SELECT c FROM sbtest1 WHERE id BETWEEN 6710097 AND 6710106 ORDER BY c
	Sort  (cost=44.23..44.26 rows=10 width=121)
	  Sort Key: c
	  ->  Index Scan using sbtest1_pkey on sbtest1  (cost=0.43..44.07 rows=10 width=121)
	        Index Cond: ((id >= 6710097) AND (id <= 6710106))

table 2 : explain SELECT c FROM sbtest2 WHERE id BETWEEN 924259 AND 924268 ORDER BY c
	Sort  (cost=48.30..48.33 rows=11 width=121)
	  Sort Key: c
	  ->  Index Scan using sbtest2_pkey on sbtest2  (cost=0.43..48.11 rows=11 width=121)
	        Index Cond: ((id >= 924259) AND (id <= 924268))

table 3 : explain SELECT c FROM sbtest3 WHERE id BETWEEN 7085477 AND 7085486 ORDER BY c
	Sort  (cost=44.25..44.28 rows=10 width=121)
	  Sort Key: c
	  ->  Index Scan using sbtest3_pkey on sbtest3  (cost=0.43..44.08 rows=10 width=121)
	        Index Cond: ((id >= 7085477) AND (id <= 7085486))

table 4 : explain SELECT c FROM sbtest4 WHERE id BETWEEN 8870508 AND 8870517 ORDER BY c
	Sort  (cost=44.14..44.16 rows=10 width=121)
	  Sort Key: c
	  ->  Index Scan using sbtest4_pkey on sbtest4  (cost=0.43..43.97 rows=10 width=121)
	        Index Cond: ((id >= 8870508) AND (id <= 8870517))

table 5 : explain SELECT c FROM sbtest5 WHERE id BETWEEN 5137449 AND 5137458 ORDER BY c
	Sort  (cost=44.23..44.26 rows=10 width=121)
	  Sort Key: c
	  ->  Index Scan using sbtest5_pkey on sbtest5  (cost=0.43..44.07 rows=10 width=121)
	        Index Cond: ((id >= 5137449) AND (id <= 5137458))

table 6 : explain SELECT c FROM sbtest6 WHERE id BETWEEN 5593342 AND 5593351 ORDER BY c
	Sort  (cost=44.17..44.19 rows=10 width=121)
	  Sort Key: c
	  ->  Index Scan using sbtest6_pkey on sbtest6  (cost=0.43..44.00 rows=10 width=121)
	        Index Cond: ((id >= 5593342) AND (id <= 5593351))

table 7 : explain SELECT c FROM sbtest7 WHERE id BETWEEN 4957373 AND 4957382 ORDER BY c
	Sort  (cost=40.16..40.18 rows=9 width=121)
	  Sort Key: c
	  ->  Index Scan using sbtest7_pkey on sbtest7  (cost=0.43..40.02 rows=9 width=121)
	        Index Cond: ((id >= 4957373) AND (id <= 4957382))

table 8 : explain SELECT c FROM sbtest8 WHERE id BETWEEN 3668534 AND 3668543 ORDER BY c
	Sort  (cost=48.06..48.09 rows=11 width=121)
	  Sort Key: c
	  ->  Index Scan using sbtest8_pkey on sbtest8  (cost=0.43..47.87 rows=11 width=121)
	        Index Cond: ((id >= 3668534) AND (id <= 3668543))

for: order_ranges
table 1 : explain SELECT c FROM sbtest1 WHERE id BETWEEN 1437066 AND 1437075 ORDER BY c
	Sort  (cost=44.23..44.26 rows=10 width=121)
	  Sort Key: c
	  ->  Index Scan using sbtest1_pkey on sbtest1  (cost=0.43..44.07 rows=10 width=121)
	        Index Cond: ((id >= 1437066) AND (id <= 1437075))

table 2 : explain SELECT c FROM sbtest2 WHERE id BETWEEN 9840131 AND 9840140 ORDER BY c
	Sort  (cost=44.31..44.34 rows=10 width=121)
	  Sort Key: c
	  ->  Index Scan using sbtest2_pkey on sbtest2  (cost=0.43..44.15 rows=10 width=121)
	        Index Cond: ((id >= 9840131) AND (id <= 9840140))

table 3 : explain SELECT c FROM sbtest3 WHERE id BETWEEN 3437788 AND 3437797 ORDER BY c
	Sort  (cost=44.25..44.28 rows=10 width=121)
	  Sort Key: c
	  ->  Index Scan using sbtest3_pkey on sbtest3  (cost=0.43..44.08 rows=10 width=121)
	        Index Cond: ((id >= 3437788) AND (id <= 3437797))

table 4 : explain SELECT c FROM sbtest4 WHERE id BETWEEN 3996678 AND 3996687 ORDER BY c
	Sort  (cost=44.14..44.16 rows=10 width=121)
	  Sort Key: c
	  ->  Index Scan using sbtest4_pkey on sbtest4  (cost=0.43..43.97 rows=10 width=121)
	        Index Cond: ((id >= 3996678) AND (id <= 3996687))

table 5 : explain SELECT c FROM sbtest5 WHERE id BETWEEN 9698957 AND 9698966 ORDER BY c
	Sort  (cost=44.23..44.26 rows=10 width=121)
	  Sort Key: c
	  ->  Index Scan using sbtest5_pkey on sbtest5  (cost=0.43..44.07 rows=10 width=121)
	        Index Cond: ((id >= 9698957) AND (id <= 9698966))

table 6 : explain SELECT c FROM sbtest6 WHERE id BETWEEN 7147269 AND 7147278 ORDER BY c
	Sort  (cost=48.14..48.17 rows=11 width=121)
	  Sort Key: c
	  ->  Index Scan using sbtest6_pkey on sbtest6  (cost=0.43..47.95 rows=11 width=121)
	        Index Cond: ((id >= 7147269) AND (id <= 7147278))

table 7 : explain SELECT c FROM sbtest7 WHERE id BETWEEN 3636854 AND 3636863 ORDER BY c
	Sort  (cost=44.13..44.16 rows=10 width=121)
	  Sort Key: c
	  ->  Index Scan using sbtest7_pkey on sbtest7  (cost=0.43..43.97 rows=10 width=121)
	        Index Cond: ((id >= 3636854) AND (id <= 3636863))

table 8 : explain SELECT c FROM sbtest8 WHERE id BETWEEN 5032903 AND 5032912 ORDER BY c
	Sort  (cost=44.09..44.12 rows=10 width=121)
	  Sort Key: c
	  ->  Index Scan using sbtest8_pkey on sbtest8  (cost=0.43..43.93 rows=10 width=121)
	        Index Cond: ((id >= 5032903) AND (id <= 5032912))

for: order_ranges
table 1 : explain SELECT c FROM sbtest1 WHERE id BETWEEN 8738945 AND 8738954 ORDER BY c
	Sort  (cost=44.23..44.26 rows=10 width=121)
	  Sort Key: c
	  ->  Index Scan using sbtest1_pkey on sbtest1  (cost=0.43..44.07 rows=10 width=121)
	        Index Cond: ((id >= 8738945) AND (id <= 8738954))

table 2 : explain SELECT c FROM sbtest2 WHERE id BETWEEN 4717631 AND 4717640 ORDER BY c
	Sort  (cost=48.30..48.33 rows=11 width=121)
	  Sort Key: c
	  ->  Index Scan using sbtest2_pkey on sbtest2  (cost=0.43..48.11 rows=11 width=121)
	        Index Cond: ((id >= 4717631) AND (id <= 4717640))

table 3 : explain SELECT c FROM sbtest3 WHERE id BETWEEN 9565634 AND 9565643 ORDER BY c
	Sort  (cost=48.23..48.26 rows=11 width=121)
	  Sort Key: c
	  ->  Index Scan using sbtest3_pkey on sbtest3  (cost=0.43..48.04 rows=11 width=121)
	        Index Cond: ((id >= 9565634) AND (id <= 9565643))

table 4 : explain SELECT c FROM sbtest4 WHERE id BETWEEN 4630182 AND 4630191 ORDER BY c
	Sort  (cost=44.14..44.16 rows=10 width=121)
	  Sort Key: c
	  ->  Index Scan using sbtest4_pkey on sbtest4  (cost=0.43..43.97 rows=10 width=121)
	        Index Cond: ((id >= 4630182) AND (id <= 4630191))

table 5 : explain SELECT c FROM sbtest5 WHERE id BETWEEN 8536083 AND 8536092 ORDER BY c
	Sort  (cost=44.23..44.26 rows=10 width=121)
	  Sort Key: c
	  ->  Index Scan using sbtest5_pkey on sbtest5  (cost=0.43..44.07 rows=10 width=121)
	        Index Cond: ((id >= 8536083) AND (id <= 8536092))

table 6 : explain SELECT c FROM sbtest6 WHERE id BETWEEN 3295589 AND 3295598 ORDER BY c
	Sort  (cost=40.19..40.22 rows=9 width=121)
	  Sort Key: c
	  ->  Index Scan using sbtest6_pkey on sbtest6  (cost=0.43..40.05 rows=9 width=121)
	        Index Cond: ((id >= 3295589) AND (id <= 3295598))

table 7 : explain SELECT c FROM sbtest7 WHERE id BETWEEN 4991204 AND 4991213 ORDER BY c
	Sort  (cost=40.16..40.18 rows=9 width=121)
	  Sort Key: c
	  ->  Index Scan using sbtest7_pkey on sbtest7  (cost=0.43..40.02 rows=9 width=121)
	        Index Cond: ((id >= 4991204) AND (id <= 4991213))

table 8 : explain SELECT c FROM sbtest8 WHERE id BETWEEN 4201365 AND 4201374 ORDER BY c
	Sort  (cost=44.09..44.12 rows=10 width=121)
	  Sort Key: c
	  ->  Index Scan using sbtest8_pkey on sbtest8  (cost=0.43..43.93 rows=10 width=121)
	        Index Cond: ((id >= 4201365) AND (id <= 4201374))

for: distinct_ranges
table 1 : explain SELECT DISTINCT c FROM sbtest1 WHERE id BETWEEN 4525808 AND 4525817 ORDER BY c
	Unique  (cost=48.21..48.27 rows=11 width=121)
	  ->  Sort  (cost=48.21..48.24 rows=11 width=121)
	        Sort Key: c
	        ->  Index Scan using sbtest1_pkey on sbtest1  (cost=0.43..48.02 rows=11 width=121)
	              Index Cond: ((id >= 4525808) AND (id <= 4525817))

table 2 : explain SELECT DISTINCT c FROM sbtest2 WHERE id BETWEEN 1393929 AND 1393938 ORDER BY c
	Unique  (cost=44.31..44.36 rows=10 width=121)
	  ->  Sort  (cost=44.31..44.34 rows=10 width=121)
	        Sort Key: c
	        ->  Index Scan using sbtest2_pkey on sbtest2  (cost=0.43..44.15 rows=10 width=121)
	              Index Cond: ((id >= 1393929) AND (id <= 1393938))

table 3 : explain SELECT DISTINCT c FROM sbtest3 WHERE id BETWEEN 414139 AND 414148 ORDER BY c
	Unique  (cost=40.27..40.31 rows=9 width=121)
	  ->  Sort  (cost=40.27..40.29 rows=9 width=121)
	        Sort Key: c
	        ->  Index Scan using sbtest3_pkey on sbtest3  (cost=0.43..40.13 rows=9 width=121)
	              Index Cond: ((id >= 414139) AND (id <= 414148))

table 4 : explain SELECT DISTINCT c FROM sbtest4 WHERE id BETWEEN 2567691 AND 2567700 ORDER BY c
	Unique  (cost=44.14..44.19 rows=10 width=121)
	  ->  Sort  (cost=44.14..44.16 rows=10 width=121)
	        Sort Key: c
	        ->  Index Scan using sbtest4_pkey on sbtest4  (cost=0.43..43.97 rows=10 width=121)
	              Index Cond: ((id >= 2567691) AND (id <= 2567700))

table 5 : explain SELECT DISTINCT c FROM sbtest5 WHERE id BETWEEN 8406923 AND 8406932 ORDER BY c
	Unique  (cost=40.25..40.30 rows=9 width=121)
	  ->  Sort  (cost=40.25..40.28 rows=9 width=121)
	        Sort Key: c
	        ->  Index Scan using sbtest5_pkey on sbtest5  (cost=0.43..40.11 rows=9 width=121)
	              Index Cond: ((id >= 8406923) AND (id <= 8406932))

table 6 : explain SELECT DISTINCT c FROM sbtest6 WHERE id BETWEEN 9038893 AND 9038902 ORDER BY c
	Unique  (cost=44.17..44.22 rows=10 width=121)
	  ->  Sort  (cost=44.17..44.19 rows=10 width=121)
	        Sort Key: c
	        ->  Index Scan using sbtest6_pkey on sbtest6  (cost=0.43..44.00 rows=10 width=121)
	              Index Cond: ((id >= 9038893) AND (id <= 9038902))

table 7 : explain SELECT DISTINCT c FROM sbtest7 WHERE id BETWEEN 7934313 AND 7934322 ORDER BY c
	Unique  (cost=40.16..40.21 rows=9 width=121)
	  ->  Sort  (cost=40.16..40.18 rows=9 width=121)
	        Sort Key: c
	        ->  Index Scan using sbtest7_pkey on sbtest7  (cost=0.43..40.02 rows=9 width=121)
	              Index Cond: ((id >= 7934313) AND (id <= 7934322))

table 8 : explain SELECT DISTINCT c FROM sbtest8 WHERE id BETWEEN 233745 AND 233754 ORDER BY c
	Unique  (cost=44.09..44.14 rows=10 width=121)
	  ->  Sort  (cost=44.09..44.12 rows=10 width=121)
	        Sort Key: c
	        ->  Index Scan using sbtest8_pkey on sbtest8  (cost=0.43..43.93 rows=10 width=121)
	              Index Cond: ((id >= 233745) AND (id <= 233754))

for: order_ranges
table 1 : explain SELECT c FROM sbtest1 WHERE id BETWEEN 382013 AND 382022 ORDER BY c
	Sort  (cost=44.23..44.26 rows=10 width=121)
	  Sort Key: c
	  ->  Index Scan using sbtest1_pkey on sbtest1  (cost=0.43..44.07 rows=10 width=121)
	        Index Cond: ((id >= 382013) AND (id <= 382022))

table 2 : explain SELECT c FROM sbtest2 WHERE id BETWEEN 2738463 AND 2738472 ORDER BY c
	Sort  (cost=48.30..48.33 rows=11 width=121)
	  Sort Key: c
	  ->  Index Scan using sbtest2_pkey on sbtest2  (cost=0.43..48.11 rows=11 width=121)
	        Index Cond: ((id >= 2738463) AND (id <= 2738472))

table 3 : explain SELECT c FROM sbtest3 WHERE id BETWEEN 8715271 AND 8715280 ORDER BY c
	Sort  (cost=40.27..40.29 rows=9 width=121)
	  Sort Key: c
	  ->  Index Scan using sbtest3_pkey on sbtest3  (cost=0.43..40.13 rows=9 width=121)
	        Index Cond: ((id >= 8715271) AND (id <= 8715280))

table 4 : explain SELECT c FROM sbtest4 WHERE id BETWEEN 3665460 AND 3665469 ORDER BY c
	Sort  (cost=44.14..44.16 rows=10 width=121)
	  Sort Key: c
	  ->  Index Scan using sbtest4_pkey on sbtest4  (cost=0.43..43.97 rows=10 width=121)
	        Index Cond: ((id >= 3665460) AND (id <= 3665469))

table 5 : explain SELECT c FROM sbtest5 WHERE id BETWEEN 5879784 AND 5879793 ORDER BY c
	Sort  (cost=48.21..48.24 rows=11 width=121)
	  Sort Key: c
	  ->  Index Scan using sbtest5_pkey on sbtest5  (cost=0.43..48.02 rows=11 width=121)
	        Index Cond: ((id >= 5879784) AND (id <= 5879793))

table 6 : explain SELECT c FROM sbtest6 WHERE id BETWEEN 9098525 AND 9098534 ORDER BY c
	Sort  (cost=44.17..44.19 rows=10 width=121)
	  Sort Key: c
	  ->  Index Scan using sbtest6_pkey on sbtest6  (cost=0.43..44.00 rows=10 width=121)
	        Index Cond: ((id >= 9098525) AND (id <= 9098534))

table 7 : explain SELECT c FROM sbtest7 WHERE id BETWEEN 4566534 AND 4566543 ORDER BY c
	Sort  (cost=40.16..40.18 rows=9 width=121)
	  Sort Key: c
	  ->  Index Scan using sbtest7_pkey on sbtest7  (cost=0.43..40.02 rows=9 width=121)
	        Index Cond: ((id >= 4566534) AND (id <= 4566543))

table 8 : explain SELECT c FROM sbtest8 WHERE id BETWEEN 1200816 AND 1200825 ORDER BY c
	Sort  (cost=44.09..44.12 rows=10 width=121)
	  Sort Key: c
	  ->  Index Scan using sbtest8_pkey on sbtest8  (cost=0.43..43.93 rows=10 width=121)
	        Index Cond: ((id >= 1200816) AND (id <= 1200825))

for: distinct_ranges
table 1 : explain SELECT DISTINCT c FROM sbtest1 WHERE id BETWEEN 5639255 AND 5639264 ORDER BY c
	Unique  (cost=44.23..44.28 rows=10 width=121)
	  ->  Sort  (cost=44.23..44.26 rows=10 width=121)
	        Sort Key: c
	        ->  Index Scan using sbtest1_pkey on sbtest1  (cost=0.43..44.07 rows=10 width=121)
	              Index Cond: ((id >= 5639255) AND (id <= 5639264))

table 2 : explain SELECT DISTINCT c FROM sbtest2 WHERE id BETWEEN 1604746 AND 1604755 ORDER BY c
	Unique  (cost=44.31..44.36 rows=10 width=121)
	  ->  Sort  (cost=44.31..44.34 rows=10 width=121)
	        Sort Key: c
	        ->  Index Scan using sbtest2_pkey on sbtest2  (cost=0.43..44.15 rows=10 width=121)
	              Index Cond: ((id >= 1604746) AND (id <= 1604755))

table 3 : explain SELECT DISTINCT c FROM sbtest3 WHERE id BETWEEN 3248356 AND 3248365 ORDER BY c
	Unique  (cost=44.25..44.30 rows=10 width=121)
	  ->  Sort  (cost=44.25..44.28 rows=10 width=121)
	        Sort Key: c
	        ->  Index Scan using sbtest3_pkey on sbtest3  (cost=0.43..44.08 rows=10 width=121)
	              Index Cond: ((id >= 3248356) AND (id <= 3248365))

table 4 : explain SELECT DISTINCT c FROM sbtest4 WHERE id BETWEEN 9199762 AND 9199771 ORDER BY c
	Unique  (cost=40.17..40.21 rows=9 width=121)
	  ->  Sort  (cost=40.17..40.19 rows=9 width=121)
	        Sort Key: c
	        ->  Index Scan using sbtest4_pkey on sbtest4  (cost=0.43..40.03 rows=9 width=121)
	              Index Cond: ((id >= 9199762) AND (id <= 9199771))

table 5 : explain SELECT DISTINCT c FROM sbtest5 WHERE id BETWEEN 6317105 AND 6317114 ORDER BY c
	Unique  (cost=44.23..44.28 rows=10 width=121)
	  ->  Sort  (cost=44.23..44.26 rows=10 width=121)
	        Sort Key: c
	        ->  Index Scan using sbtest5_pkey on sbtest5  (cost=0.43..44.07 rows=10 width=121)
	              Index Cond: ((id >= 6317105) AND (id <= 6317114))

table 6 : explain SELECT DISTINCT c FROM sbtest6 WHERE id BETWEEN 2790598 AND 2790607 ORDER BY c
	Unique  (cost=40.19..40.24 rows=9 width=121)
	  ->  Sort  (cost=40.19..40.22 rows=9 width=121)
	        Sort Key: c
	        ->  Index Scan using sbtest6_pkey on sbtest6  (cost=0.43..40.05 rows=9 width=121)
	              Index Cond: ((id >= 2790598) AND (id <= 2790607))

table 7 : explain SELECT DISTINCT c FROM sbtest7 WHERE id BETWEEN 8426344 AND 8426353 ORDER BY c
	Unique  (cost=44.13..44.18 rows=10 width=121)
	  ->  Sort  (cost=44.13..44.16 rows=10 width=121)
	        Sort Key: c
	        ->  Index Scan using sbtest7_pkey on sbtest7  (cost=0.43..43.97 rows=10 width=121)
	              Index Cond: ((id >= 8426344) AND (id <= 8426353))

table 8 : explain SELECT DISTINCT c FROM sbtest8 WHERE id BETWEEN 9883837 AND 9883846 ORDER BY c
	Unique  (cost=48.06..48.12 rows=11 width=121)
	  ->  Sort  (cost=48.06..48.09 rows=11 width=121)
	        Sort Key: c
	        ->  Index Scan using sbtest8_pkey on sbtest8  (cost=0.43..47.87 rows=11 width=121)
	              Index Cond: ((id >= 9883837) AND (id <= 9883846))

for: distinct_ranges
table 1 : explain SELECT DISTINCT c FROM sbtest1 WHERE id BETWEEN 4648275 AND 4648284 ORDER BY c
	Unique  (cost=44.23..44.28 rows=10 width=121)
	  ->  Sort  (cost=44.23..44.26 rows=10 width=121)
	        Sort Key: c
	        ->  Index Scan using sbtest1_pkey on sbtest1  (cost=0.43..44.07 rows=10 width=121)
	              Index Cond: ((id >= 4648275) AND (id <= 4648284))

table 2 : explain SELECT DISTINCT c FROM sbtest2 WHERE id BETWEEN 4401457 AND 4401466 ORDER BY c
	Unique  (cost=44.31..44.36 rows=10 width=121)
	  ->  Sort  (cost=44.31..44.34 rows=10 width=121)
	        Sort Key: c
	        ->  Index Scan using sbtest2_pkey on sbtest2  (cost=0.43..44.15 rows=10 width=121)
	              Index Cond: ((id >= 4401457) AND (id <= 4401466))

table 3 : explain SELECT DISTINCT c FROM sbtest3 WHERE id BETWEEN 4062405 AND 4062414 ORDER BY c
	Unique  (cost=48.23..48.29 rows=11 width=121)
	  ->  Sort  (cost=48.23..48.26 rows=11 width=121)
	        Sort Key: c
	        ->  Index Scan using sbtest3_pkey on sbtest3  (cost=0.43..48.04 rows=11 width=121)
	              Index Cond: ((id >= 4062405) AND (id <= 4062414))

table 4 : explain SELECT DISTINCT c FROM sbtest4 WHERE id BETWEEN 1124594 AND 1124603 ORDER BY c
	Unique  (cost=44.14..44.19 rows=10 width=121)
	  ->  Sort  (cost=44.14..44.16 rows=10 width=121)
	        Sort Key: c
	        ->  Index Scan using sbtest4_pkey on sbtest4  (cost=0.43..43.97 rows=10 width=121)
	              Index Cond: ((id >= 1124594) AND (id <= 1124603))

table 5 : explain SELECT DISTINCT c FROM sbtest5 WHERE id BETWEEN 5703962 AND 5703971 ORDER BY c
	Unique  (cost=44.23..44.28 rows=10 width=121)
	  ->  Sort  (cost=44.23..44.26 rows=10 width=121)
	        Sort Key: c
	        ->  Index Scan using sbtest5_pkey on sbtest5  (cost=0.43..44.07 rows=10 width=121)
	              Index Cond: ((id >= 5703962) AND (id <= 5703971))

table 6 : explain SELECT DISTINCT c FROM sbtest6 WHERE id BETWEEN 6778728 AND 6778737 ORDER BY c
	Unique  (cost=40.19..40.24 rows=9 width=121)
	  ->  Sort  (cost=40.19..40.22 rows=9 width=121)
	        Sort Key: c
	        ->  Index Scan using sbtest6_pkey on sbtest6  (cost=0.43..40.05 rows=9 width=121)
	              Index Cond: ((id >= 6778728) AND (id <= 6778737))

table 7 : explain SELECT DISTINCT c FROM sbtest7 WHERE id BETWEEN 4100549 AND 4100558 ORDER BY c
	Unique  (cost=44.13..44.18 rows=10 width=121)
	  ->  Sort  (cost=44.13..44.16 rows=10 width=121)
	        Sort Key: c
	        ->  Index Scan using sbtest7_pkey on sbtest7  (cost=0.43..43.97 rows=10 width=121)
	              Index Cond: ((id >= 4100549) AND (id <= 4100558))

table 8 : explain SELECT DISTINCT c FROM sbtest8 WHERE id BETWEEN 4132985 AND 4132994 ORDER BY c
	Unique  (cost=48.06..48.12 rows=11 width=121)
	  ->  Sort  (cost=48.06..48.09 rows=11 width=121)
	        Sort Key: c
	        ->  Index Scan using sbtest8_pkey on sbtest8  (cost=0.43..47.87 rows=11 width=121)
	              Index Cond: ((id >= 4132985) AND (id <= 4132994))

for: order_ranges
table 1 : explain SELECT c FROM sbtest1 WHERE id BETWEEN 8643995 AND 8644004 ORDER BY c
	Sort  (cost=40.25..40.28 rows=9 width=121)
	  Sort Key: c
	  ->  Index Scan using sbtest1_pkey on sbtest1  (cost=0.43..40.11 rows=9 width=121)
	        Index Cond: ((id >= 8643995) AND (id <= 8644004))

table 2 : explain SELECT c FROM sbtest2 WHERE id BETWEEN 4691337 AND 4691346 ORDER BY c
	Sort  (cost=44.31..44.34 rows=10 width=121)
	  Sort Key: c
	  ->  Index Scan using sbtest2_pkey on sbtest2  (cost=0.43..44.15 rows=10 width=121)
	        Index Cond: ((id >= 4691337) AND (id <= 4691346))

table 3 : explain SELECT c FROM sbtest3 WHERE id BETWEEN 5444756 AND 5444765 ORDER BY c
	Sort  (cost=44.25..44.28 rows=10 width=121)
	  Sort Key: c
	  ->  Index Scan using sbtest3_pkey on sbtest3  (cost=0.43..44.08 rows=10 width=121)
	        Index Cond: ((id >= 5444756) AND (id <= 5444765))

table 4 : explain SELECT c FROM sbtest4 WHERE id BETWEEN 4148730 AND 4148739 ORDER BY c
	Sort  (cost=48.11..48.14 rows=11 width=121)
	  Sort Key: c
	  ->  Index Scan using sbtest4_pkey on sbtest4  (cost=0.43..47.92 rows=11 width=121)
	        Index Cond: ((id >= 4148730) AND (id <= 4148739))

table 5 : explain SELECT c FROM sbtest5 WHERE id BETWEEN 763637 AND 763646 ORDER BY c
	Sort  (cost=48.21..48.24 rows=11 width=121)
	  Sort Key: c
	  ->  Index Scan using sbtest5_pkey on sbtest5  (cost=0.43..48.02 rows=11 width=121)
	        Index Cond: ((id >= 763637) AND (id <= 763646))

table 6 : explain SELECT c FROM sbtest6 WHERE id BETWEEN 3163832 AND 3163841 ORDER BY c
	Sort  (cost=48.14..48.17 rows=11 width=121)
	  Sort Key: c
	  ->  Index Scan using sbtest6_pkey on sbtest6  (cost=0.43..47.95 rows=11 width=121)
	        Index Cond: ((id >= 3163832) AND (id <= 3163841))

table 7 : explain SELECT c FROM sbtest7 WHERE id BETWEEN 6865204 AND 6865213 ORDER BY c
	Sort  (cost=48.10..48.13 rows=11 width=121)
	  Sort Key: c
	  ->  Index Scan using sbtest7_pkey on sbtest7  (cost=0.43..47.91 rows=11 width=121)
	        Index Cond: ((id >= 6865204) AND (id <= 6865213))

table 8 : explain SELECT c FROM sbtest8 WHERE id BETWEEN 851017 AND 851026 ORDER BY c
	Sort  (cost=44.09..44.12 rows=10 width=121)
	  Sort Key: c
	  ->  Index Scan using sbtest8_pkey on sbtest8  (cost=0.43..43.93 rows=10 width=121)
	        Index Cond: ((id >= 851017) AND (id <= 851026))

for: distinct_ranges
table 1 : explain SELECT DISTINCT c FROM sbtest1 WHERE id BETWEEN 5128248 AND 5128257 ORDER BY c
	Unique  (cost=44.23..44.28 rows=10 width=121)
	  ->  Sort  (cost=44.23..44.26 rows=10 width=121)
	        Sort Key: c
	        ->  Index Scan using sbtest1_pkey on sbtest1  (cost=0.43..44.07 rows=10 width=121)
	              Index Cond: ((id >= 5128248) AND (id <= 5128257))

table 2 : explain SELECT DISTINCT c FROM sbtest2 WHERE id BETWEEN 2164490 AND 2164499 ORDER BY c
	Unique  (cost=44.31..44.36 rows=10 width=121)
	  ->  Sort  (cost=44.31..44.34 rows=10 width=121)
	        Sort Key: c
	        ->  Index Scan using sbtest2_pkey on sbtest2  (cost=0.43..44.15 rows=10 width=121)
	              Index Cond: ((id >= 2164490) AND (id <= 2164499))

table 3 : explain SELECT DISTINCT c FROM sbtest3 WHERE id BETWEEN 2595771 AND 2595780 ORDER BY c
	Unique  (cost=44.25..44.30 rows=10 width=121)
	  ->  Sort  (cost=44.25..44.28 rows=10 width=121)
	        Sort Key: c
	        ->  Index Scan using sbtest3_pkey on sbtest3  (cost=0.43..44.08 rows=10 width=121)
	              Index Cond: ((id >= 2595771) AND (id <= 2595780))

table 4 : explain SELECT DISTINCT c FROM sbtest4 WHERE id BETWEEN 1852973 AND 1852982 ORDER BY c
	Unique  (cost=40.17..40.21 rows=9 width=121)
	  ->  Sort  (cost=40.17..40.19 rows=9 width=121)
	        Sort Key: c
	        ->  Index Scan using sbtest4_pkey on sbtest4  (cost=0.43..40.03 rows=9 width=121)
	              Index Cond: ((id >= 1852973) AND (id <= 1852982))

table 5 : explain SELECT DISTINCT c FROM sbtest5 WHERE id BETWEEN 5186036 AND 5186045 ORDER BY c
	Unique  (cost=48.21..48.27 rows=11 width=121)
	  ->  Sort  (cost=48.21..48.24 rows=11 width=121)
	        Sort Key: c
	        ->  Index Scan using sbtest5_pkey on sbtest5  (cost=0.43..48.02 rows=11 width=121)
	              Index Cond: ((id >= 5186036) AND (id <= 5186045))

table 6 : explain SELECT DISTINCT c FROM sbtest6 WHERE id BETWEEN 4828306 AND 4828315 ORDER BY c
	Unique  (cost=48.14..48.20 rows=11 width=121)
	  ->  Sort  (cost=48.14..48.17 rows=11 width=121)
	        Sort Key: c
	        ->  Index Scan using sbtest6_pkey on sbtest6  (cost=0.43..47.95 rows=11 width=121)
	              Index Cond: ((id >= 4828306) AND (id <= 4828315))

table 7 : explain SELECT DISTINCT c FROM sbtest7 WHERE id BETWEEN 9547928 AND 9547937 ORDER BY c
	Unique  (cost=44.13..44.18 rows=10 width=121)
	  ->  Sort  (cost=44.13..44.16 rows=10 width=121)
	        Sort Key: c
	        ->  Index Scan using sbtest7_pkey on sbtest7  (cost=0.43..43.97 rows=10 width=121)
	              Index Cond: ((id >= 9547928) AND (id <= 9547937))

table 8 : explain SELECT DISTINCT c FROM sbtest8 WHERE id BETWEEN 9626105 AND 9626114 ORDER BY c
	Unique  (cost=48.06..48.12 rows=11 width=121)
	  ->  Sort  (cost=48.06..48.09 rows=11 width=121)
	        Sort Key: c
	        ->  Index Scan using sbtest8_pkey on sbtest8  (cost=0.43..47.87 rows=11 width=121)
	              Index Cond: ((id >= 9626105) AND (id <= 9626114))

for: order_ranges
table 1 : explain SELECT c FROM sbtest1 WHERE id BETWEEN 2714292 AND 2714301 ORDER BY c
	Sort  (cost=44.23..44.26 rows=10 width=121)
	  Sort Key: c
	  ->  Index Scan using sbtest1_pkey on sbtest1  (cost=0.43..44.07 rows=10 width=121)
	        Index Cond: ((id >= 2714292) AND (id <= 2714301))

table 2 : explain SELECT c FROM sbtest2 WHERE id BETWEEN 2839428 AND 2839437 ORDER BY c
	Sort  (cost=44.31..44.34 rows=10 width=121)
	  Sort Key: c
	  ->  Index Scan using sbtest2_pkey on sbtest2  (cost=0.43..44.15 rows=10 width=121)
	        Index Cond: ((id >= 2839428) AND (id <= 2839437))

table 3 : explain SELECT c FROM sbtest3 WHERE id BETWEEN 3731284 AND 3731293 ORDER BY c
	Sort  (cost=44.25..44.28 rows=10 width=121)
	  Sort Key: c
	  ->  Index Scan using sbtest3_pkey on sbtest3  (cost=0.43..44.08 rows=10 width=121)
	        Index Cond: ((id >= 3731284) AND (id <= 3731293))

table 4 : explain SELECT c FROM sbtest4 WHERE id BETWEEN 7911601 AND 7911610 ORDER BY c
	Sort  (cost=48.11..48.14 rows=11 width=121)
	  Sort Key: c
	  ->  Index Scan using sbtest4_pkey on sbtest4  (cost=0.43..47.92 rows=11 width=121)
	        Index Cond: ((id >= 7911601) AND (id <= 7911610))

table 5 : explain SELECT c FROM sbtest5 WHERE id BETWEEN 9272180 AND 9272189 ORDER BY c
	Sort  (cost=44.23..44.26 rows=10 width=121)
	  Sort Key: c
	  ->  Index Scan using sbtest5_pkey on sbtest5  (cost=0.43..44.07 rows=10 width=121)
	        Index Cond: ((id >= 9272180) AND (id <= 9272189))

table 6 : explain SELECT c FROM sbtest6 WHERE id BETWEEN 1588368 AND 1588377 ORDER BY c
	Sort  (cost=44.17..44.19 rows=10 width=121)
	  Sort Key: c
	  ->  Index Scan using sbtest6_pkey on sbtest6  (cost=0.43..44.00 rows=10 width=121)
	        Index Cond: ((id >= 1588368) AND (id <= 1588377))

table 7 : explain SELECT c FROM sbtest7 WHERE id BETWEEN 3527068 AND 3527077 ORDER BY c
	Sort  (cost=44.13..44.16 rows=10 width=121)
	  Sort Key: c
	  ->  Index Scan using sbtest7_pkey on sbtest7  (cost=0.43..43.97 rows=10 width=121)
	        Index Cond: ((id >= 3527068) AND (id <= 3527077))

table 8 : explain SELECT c FROM sbtest8 WHERE id BETWEEN 7599947 AND 7599956 ORDER BY c
	Sort  (cost=44.09..44.12 rows=10 width=121)
	  Sort Key: c
	  ->  Index Scan using sbtest8_pkey on sbtest8  (cost=0.43..43.93 rows=10 width=121)
	        Index Cond: ((id >= 7599947) AND (id <= 7599956))

for: distinct_ranges
table 1 : explain SELECT DISTINCT c FROM sbtest1 WHERE id BETWEEN 8046013 AND 8046022 ORDER BY c
	Unique  (cost=44.23..44.28 rows=10 width=121)
	  ->  Sort  (cost=44.23..44.26 rows=10 width=121)
	        Sort Key: c
	        ->  Index Scan using sbtest1_pkey on sbtest1  (cost=0.43..44.07 rows=10 width=121)
	              Index Cond: ((id >= 8046013) AND (id <= 8046022))

table 2 : explain SELECT DISTINCT c FROM sbtest2 WHERE id BETWEEN 9868931 AND 9868940 ORDER BY c
	Unique  (cost=44.31..44.36 rows=10 width=121)
	  ->  Sort  (cost=44.31..44.34 rows=10 width=121)
	        Sort Key: c
	        ->  Index Scan using sbtest2_pkey on sbtest2  (cost=0.43..44.15 rows=10 width=121)
	              Index Cond: ((id >= 9868931) AND (id <= 9868940))

table 3 : explain SELECT DISTINCT c FROM sbtest3 WHERE id BETWEEN 9572133 AND 9572142 ORDER BY c
	Unique  (cost=48.23..48.29 rows=11 width=121)
	  ->  Sort  (cost=48.23..48.26 rows=11 width=121)
	        Sort Key: c
	        ->  Index Scan using sbtest3_pkey on sbtest3  (cost=0.43..48.04 rows=11 width=121)
	              Index Cond: ((id >= 9572133) AND (id <= 9572142))

table 4 : explain SELECT DISTINCT c FROM sbtest4 WHERE id BETWEEN 2677724 AND 2677733 ORDER BY c
	Unique  (cost=44.14..44.19 rows=10 width=121)
	  ->  Sort  (cost=44.14..44.16 rows=10 width=121)
	        Sort Key: c
	        ->  Index Scan using sbtest4_pkey on sbtest4  (cost=0.43..43.97 rows=10 width=121)
	              Index Cond: ((id >= 2677724) AND (id <= 2677733))

table 5 : explain SELECT DISTINCT c FROM sbtest5 WHERE id BETWEEN 616032 AND 616041 ORDER BY c
	Unique  (cost=44.23..44.28 rows=10 width=121)
	  ->  Sort  (cost=44.23..44.26 rows=10 width=121)
	        Sort Key: c
	        ->  Index Scan using sbtest5_pkey on sbtest5  (cost=0.43..44.07 rows=10 width=121)
	              Index Cond: ((id >= 616032) AND (id <= 616041))

table 6 : explain SELECT DISTINCT c FROM sbtest6 WHERE id BETWEEN 2009813 AND 2009822 ORDER BY c
	Unique  (cost=48.14..48.20 rows=11 width=121)
	  ->  Sort  (cost=48.14..48.17 rows=11 width=121)
	        Sort Key: c
	        ->  Index Scan using sbtest6_pkey on sbtest6  (cost=0.43..47.95 rows=11 width=121)
	              Index Cond: ((id >= 2009813) AND (id <= 2009822))

table 7 : explain SELECT DISTINCT c FROM sbtest7 WHERE id BETWEEN 8751984 AND 8751993 ORDER BY c
	Unique  (cost=44.13..44.18 rows=10 width=121)
	  ->  Sort  (cost=44.13..44.16 rows=10 width=121)
	        Sort Key: c
	        ->  Index Scan using sbtest7_pkey on sbtest7  (cost=0.43..43.97 rows=10 width=121)
	              Index Cond: ((id >= 8751984) AND (id <= 8751993))

table 8 : explain SELECT DISTINCT c FROM sbtest8 WHERE id BETWEEN 3171717 AND 3171726 ORDER BY c
	Unique  (cost=44.09..44.14 rows=10 width=121)
	  ->  Sort  (cost=44.09..44.12 rows=10 width=121)
	        Sort Key: c
	        ->  Index Scan using sbtest8_pkey on sbtest8  (cost=0.43..43.93 rows=10 width=121)
	              Index Cond: ((id >= 3171717) AND (id <= 3171726))

for: distinct_ranges
table 1 : explain SELECT DISTINCT c FROM sbtest1 WHERE id BETWEEN 9604718 AND 9604727 ORDER BY c
	Unique  (cost=44.23..44.28 rows=10 width=121)
	  ->  Sort  (cost=44.23..44.26 rows=10 width=121)
	        Sort Key: c
	        ->  Index Scan using sbtest1_pkey on sbtest1  (cost=0.43..44.07 rows=10 width=121)
	              Index Cond: ((id >= 9604718) AND (id <= 9604727))

table 2 : explain SELECT DISTINCT c FROM sbtest2 WHERE id BETWEEN 5745185 AND 5745194 ORDER BY c
	Unique  (cost=40.32..40.37 rows=9 width=121)
	  ->  Sort  (cost=40.32..40.35 rows=9 width=121)
	        Sort Key: c
	        ->  Index Scan using sbtest2_pkey on sbtest2  (cost=0.43..40.18 rows=9 width=121)
	              Index Cond: ((id >= 5745185) AND (id <= 5745194))

table 3 : explain SELECT DISTINCT c FROM sbtest3 WHERE id BETWEEN 3346559 AND 3346568 ORDER BY c
	Unique  (cost=44.25..44.30 rows=10 width=121)
	  ->  Sort  (cost=44.25..44.28 rows=10 width=121)
	        Sort Key: c
	        ->  Index Scan using sbtest3_pkey on sbtest3  (cost=0.43..44.08 rows=10 width=121)
	              Index Cond: ((id >= 3346559) AND (id <= 3346568))

table 4 : explain SELECT DISTINCT c FROM sbtest4 WHERE id BETWEEN 1337682 AND 1337691 ORDER BY c
	Unique  (cost=40.17..40.21 rows=9 width=121)
	  ->  Sort  (cost=40.17..40.19 rows=9 width=121)
	        Sort Key: c
	        ->  Index Scan using sbtest4_pkey on sbtest4  (cost=0.43..40.03 rows=9 width=121)
	              Index Cond: ((id >= 1337682) AND (id <= 1337691))

table 5 : explain SELECT DISTINCT c FROM sbtest5 WHERE id BETWEEN 958098 AND 958107 ORDER BY c
	Unique  (cost=52.20..52.26 rows=12 width=121)
	  ->  Sort  (cost=52.20..52.23 rows=12 width=121)
	        Sort Key: c
	        ->  Index Scan using sbtest5_pkey on sbtest5  (cost=0.43..51.98 rows=12 width=121)
	              Index Cond: ((id >= 958098) AND (id <= 958107))

table 6 : explain SELECT DISTINCT c FROM sbtest6 WHERE id BETWEEN 7736372 AND 7736381 ORDER BY c
	Unique  (cost=44.17..44.22 rows=10 width=121)
	  ->  Sort  (cost=44.17..44.19 rows=10 width=121)
	        Sort Key: c
	        ->  Index Scan using sbtest6_pkey on sbtest6  (cost=0.43..44.00 rows=10 width=121)
	              Index Cond: ((id >= 7736372) AND (id <= 7736381))

table 7 : explain SELECT DISTINCT c FROM sbtest7 WHERE id BETWEEN 7482845 AND 7482854 ORDER BY c
	Unique  (cost=44.13..44.18 rows=10 width=121)
	  ->  Sort  (cost=44.13..44.16 rows=10 width=121)
	        Sort Key: c
	        ->  Index Scan using sbtest7_pkey on sbtest7  (cost=0.43..43.97 rows=10 width=121)
	              Index Cond: ((id >= 7482845) AND (id <= 7482854))

table 8 : explain SELECT DISTINCT c FROM sbtest8 WHERE id BETWEEN 4545358 AND 4545367 ORDER BY c
	Unique  (cost=44.09..44.14 rows=10 width=121)
	  ->  Sort  (cost=44.09..44.12 rows=10 width=121)
	        Sort Key: c
	        ->  Index Scan using sbtest8_pkey on sbtest8  (cost=0.43..43.93 rows=10 width=121)
	              Index Cond: ((id >= 4545358) AND (id <= 4545367))

for: distinct_ranges
table 1 : explain SELECT DISTINCT c FROM sbtest1 WHERE id BETWEEN 4924576 AND 4924585 ORDER BY c
	Unique  (cost=48.21..48.27 rows=11 width=121)
	  ->  Sort  (cost=48.21..48.24 rows=11 width=121)
	        Sort Key: c
	        ->  Index Scan using sbtest1_pkey on sbtest1  (cost=0.43..48.02 rows=11 width=121)
	              Index Cond: ((id >= 4924576) AND (id <= 4924585))

table 2 : explain SELECT DISTINCT c FROM sbtest2 WHERE id BETWEEN 4803423 AND 4803432 ORDER BY c
	Unique  (cost=44.31..44.36 rows=10 width=121)
	  ->  Sort  (cost=44.31..44.34 rows=10 width=121)
	        Sort Key: c
	        ->  Index Scan using sbtest2_pkey on sbtest2  (cost=0.43..44.15 rows=10 width=121)
	              Index Cond: ((id >= 4803423) AND (id <= 4803432))

table 3 : explain SELECT DISTINCT c FROM sbtest3 WHERE id BETWEEN 9932436 AND 9932445 ORDER BY c
	Unique  (cost=44.25..44.30 rows=10 width=121)
	  ->  Sort  (cost=44.25..44.28 rows=10 width=121)
	        Sort Key: c
	        ->  Index Scan using sbtest3_pkey on sbtest3  (cost=0.43..44.08 rows=10 width=121)
	              Index Cond: ((id >= 9932436) AND (id <= 9932445))

table 4 : explain SELECT DISTINCT c FROM sbtest4 WHERE id BETWEEN 5474284 AND 5474293 ORDER BY c
	Unique  (cost=44.14..44.19 rows=10 width=121)
	  ->  Sort  (cost=44.14..44.16 rows=10 width=121)
	        Sort Key: c
	        ->  Index Scan using sbtest4_pkey on sbtest4  (cost=0.43..43.97 rows=10 width=121)
	              Index Cond: ((id >= 5474284) AND (id <= 5474293))

table 5 : explain SELECT DISTINCT c FROM sbtest5 WHERE id BETWEEN 4813128 AND 4813137 ORDER BY c
	Unique  (cost=40.25..40.30 rows=9 width=121)
	  ->  Sort  (cost=40.25..40.28 rows=9 width=121)
	        Sort Key: c
	        ->  Index Scan using sbtest5_pkey on sbtest5  (cost=0.43..40.11 rows=9 width=121)
	              Index Cond: ((id >= 4813128) AND (id <= 4813137))

table 6 : explain SELECT DISTINCT c FROM sbtest6 WHERE id BETWEEN 5783690 AND 5783699 ORDER BY c
	Unique  (cost=44.17..44.22 rows=10 width=121)
	  ->  Sort  (cost=44.17..44.19 rows=10 width=121)
	        Sort Key: c
	        ->  Index Scan using sbtest6_pkey on sbtest6  (cost=0.43..44.00 rows=10 width=121)
	              Index Cond: ((id >= 5783690) AND (id <= 5783699))

table 7 : explain SELECT DISTINCT c FROM sbtest7 WHERE id BETWEEN 6925680 AND 6925689 ORDER BY c
	Unique  (cost=48.10..48.16 rows=11 width=121)
	  ->  Sort  (cost=48.10..48.13 rows=11 width=121)
	        Sort Key: c
	        ->  Index Scan using sbtest7_pkey on sbtest7  (cost=0.43..47.91 rows=11 width=121)
	              Index Cond: ((id >= 6925680) AND (id <= 6925689))

table 8 : explain SELECT DISTINCT c FROM sbtest8 WHERE id BETWEEN 4652134 AND 4652143 ORDER BY c
	Unique  (cost=40.13..40.17 rows=9 width=121)
	  ->  Sort  (cost=40.13..40.15 rows=9 width=121)
	        Sort Key: c
	        ->  Index Scan using sbtest8_pkey on sbtest8  (cost=0.43..39.99 rows=9 width=121)
	              Index Cond: ((id >= 4652134) AND (id <= 4652143))

for: order_ranges
table 1 : explain SELECT c FROM sbtest1 WHERE id BETWEEN 3461409 AND 3461418 ORDER BY c
	Sort  (cost=44.23..44.26 rows=10 width=121)
	  Sort Key: c
	  ->  Index Scan using sbtest1_pkey on sbtest1  (cost=0.43..44.07 rows=10 width=121)
	        Index Cond: ((id >= 3461409) AND (id <= 3461418))

table 2 : explain SELECT c FROM sbtest2 WHERE id BETWEEN 9182447 AND 9182456 ORDER BY c
	Sort  (cost=44.31..44.34 rows=10 width=121)
	  Sort Key: c
	  ->  Index Scan using sbtest2_pkey on sbtest2  (cost=0.43..44.15 rows=10 width=121)
	        Index Cond: ((id >= 9182447) AND (id <= 9182456))

table 3 : explain SELECT c FROM sbtest3 WHERE id BETWEEN 9750685 AND 9750694 ORDER BY c
	Sort  (cost=44.25..44.28 rows=10 width=121)
	  Sort Key: c
	  ->  Index Scan using sbtest3_pkey on sbtest3  (cost=0.43..44.08 rows=10 width=121)
	        Index Cond: ((id >= 9750685) AND (id <= 9750694))

table 4 : explain SELECT c FROM sbtest4 WHERE id BETWEEN 6155589 AND 6155598 ORDER BY c
	Sort  (cost=44.14..44.16 rows=10 width=121)
	  Sort Key: c
	  ->  Index Scan using sbtest4_pkey on sbtest4  (cost=0.43..43.97 rows=10 width=121)
	        Index Cond: ((id >= 6155589) AND (id <= 6155598))

table 5 : explain SELECT c FROM sbtest5 WHERE id BETWEEN 235334 AND 235343 ORDER BY c
	Sort  (cost=44.23..44.26 rows=10 width=121)
	  Sort Key: c
	  ->  Index Scan using sbtest5_pkey on sbtest5  (cost=0.43..44.07 rows=10 width=121)
	        Index Cond: ((id >= 235334) AND (id <= 235343))

table 6 : explain SELECT c FROM sbtest6 WHERE id BETWEEN 1547404 AND 1547413 ORDER BY c
	Sort  (cost=44.17..44.19 rows=10 width=121)
	  Sort Key: c
	  ->  Index Scan using sbtest6_pkey on sbtest6  (cost=0.43..44.00 rows=10 width=121)
	        Index Cond: ((id >= 1547404) AND (id <= 1547413))

table 7 : explain SELECT c FROM sbtest7 WHERE id BETWEEN 54854 AND 54863 ORDER BY c
	Sort  (cost=44.13..44.16 rows=10 width=121)
	  Sort Key: c
	  ->  Index Scan using sbtest7_pkey on sbtest7  (cost=0.43..43.97 rows=10 width=121)
	        Index Cond: ((id >= 54854) AND (id <= 54863))

table 8 : explain SELECT c FROM sbtest8 WHERE id BETWEEN 5708688 AND 5708697 ORDER BY c
	Sort  (cost=40.13..40.15 rows=9 width=121)
	  Sort Key: c
	  ->  Index Scan using sbtest8_pkey on sbtest8  (cost=0.43..39.99 rows=9 width=121)
	        Index Cond: ((id >= 5708688) AND (id <= 5708697))

for: distinct_ranges
table 1 : explain SELECT DISTINCT c FROM sbtest1 WHERE id BETWEEN 8047967 AND 8047976 ORDER BY c
	Unique  (cost=44.23..44.28 rows=10 width=121)
	  ->  Sort  (cost=44.23..44.26 rows=10 width=121)
	        Sort Key: c
	        ->  Index Scan using sbtest1_pkey on sbtest1  (cost=0.43..44.07 rows=10 width=121)
	              Index Cond: ((id >= 8047967) AND (id <= 8047976))

table 2 : explain SELECT DISTINCT c FROM sbtest2 WHERE id BETWEEN 2147580 AND 2147589 ORDER BY c
	Unique  (cost=44.31..44.36 rows=10 width=121)
	  ->  Sort  (cost=44.31..44.34 rows=10 width=121)
	        Sort Key: c
	        ->  Index Scan using sbtest2_pkey on sbtest2  (cost=0.43..44.15 rows=10 width=121)
	              Index Cond: ((id >= 2147580) AND (id <= 2147589))

table 3 : explain SELECT DISTINCT c FROM sbtest3 WHERE id BETWEEN 2170433 AND 2170442 ORDER BY c
	Unique  (cost=40.27..40.31 rows=9 width=121)
	  ->  Sort  (cost=40.27..40.29 rows=9 width=121)
	        Sort Key: c
	        ->  Index Scan using sbtest3_pkey on sbtest3  (cost=0.43..40.13 rows=9 width=121)
	              Index Cond: ((id >= 2170433) AND (id <= 2170442))

table 4 : explain SELECT DISTINCT c FROM sbtest4 WHERE id BETWEEN 9362515 AND 9362524 ORDER BY c
	Unique  (cost=44.14..44.19 rows=10 width=121)
	  ->  Sort  (cost=44.14..44.16 rows=10 width=121)
	        Sort Key: c
	        ->  Index Scan using sbtest4_pkey on sbtest4  (cost=0.43..43.97 rows=10 width=121)
	              Index Cond: ((id >= 9362515) AND (id <= 9362524))

table 5 : explain SELECT DISTINCT c FROM sbtest5 WHERE id BETWEEN 7173471 AND 7173480 ORDER BY c
	Unique  (cost=40.25..40.30 rows=9 width=121)
	  ->  Sort  (cost=40.25..40.28 rows=9 width=121)
	        Sort Key: c
	        ->  Index Scan using sbtest5_pkey on sbtest5  (cost=0.43..40.11 rows=9 width=121)
	              Index Cond: ((id >= 7173471) AND (id <= 7173480))

table 6 : explain SELECT DISTINCT c FROM sbtest6 WHERE id BETWEEN 4984632 AND 4984641 ORDER BY c
	Unique  (cost=44.17..44.22 rows=10 width=121)
	  ->  Sort  (cost=44.17..44.19 rows=10 width=121)
	        Sort Key: c
	        ->  Index Scan using sbtest6_pkey on sbtest6  (cost=0.43..44.00 rows=10 width=121)
	              Index Cond: ((id >= 4984632) AND (id <= 4984641))

table 7 : explain SELECT DISTINCT c FROM sbtest7 WHERE id BETWEEN 1170509 AND 1170518 ORDER BY c
	Unique  (cost=44.13..44.18 rows=10 width=121)
	  ->  Sort  (cost=44.13..44.16 rows=10 width=121)
	        Sort Key: c
	        ->  Index Scan using sbtest7_pkey on sbtest7  (cost=0.43..43.97 rows=10 width=121)
	              Index Cond: ((id >= 1170509) AND (id <= 1170518))

table 8 : explain SELECT DISTINCT c FROM sbtest8 WHERE id BETWEEN 3065633 AND 3065642 ORDER BY c
	Unique  (cost=44.09..44.14 rows=10 width=121)
	  ->  Sort  (cost=44.09..44.12 rows=10 width=121)
	        Sort Key: c
	        ->  Index Scan using sbtest8_pkey on sbtest8  (cost=0.43..43.93 rows=10 width=121)
	              Index Cond: ((id >= 3065633) AND (id <= 3065642))

for: distinct_ranges
table 1 : explain SELECT DISTINCT c FROM sbtest1 WHERE id BETWEEN 5530112 AND 5530121 ORDER BY c
	Unique  (cost=40.25..40.30 rows=9 width=121)
	  ->  Sort  (cost=40.25..40.28 rows=9 width=121)
	        Sort Key: c
	        ->  Index Scan using sbtest1_pkey on sbtest1  (cost=0.43..40.11 rows=9 width=121)
	              Index Cond: ((id >= 5530112) AND (id <= 5530121))

table 2 : explain SELECT DISTINCT c FROM sbtest2 WHERE id BETWEEN 1902729 AND 1902738 ORDER BY c
	Unique  (cost=44.31..44.36 rows=10 width=121)
	  ->  Sort  (cost=44.31..44.34 rows=10 width=121)
	        Sort Key: c
	        ->  Index Scan using sbtest2_pkey on sbtest2  (cost=0.43..44.15 rows=10 width=121)
	              Index Cond: ((id >= 1902729) AND (id <= 1902738))

table 3 : explain SELECT DISTINCT c FROM sbtest3 WHERE id BETWEEN 1820670 AND 1820679 ORDER BY c
	Unique  (cost=40.27..40.31 rows=9 width=121)
	  ->  Sort  (cost=40.27..40.29 rows=9 width=121)
	        Sort Key: c
	        ->  Index Scan using sbtest3_pkey on sbtest3  (cost=0.43..40.13 rows=9 width=121)
	              Index Cond: ((id >= 1820670) AND (id <= 1820679))

table 4 : explain SELECT DISTINCT c FROM sbtest4 WHERE id BETWEEN 8849070 AND 8849079 ORDER BY c
	Unique  (cost=44.14..44.19 rows=10 width=121)
	  ->  Sort  (cost=44.14..44.16 rows=10 width=121)
	        Sort Key: c
	        ->  Index Scan using sbtest4_pkey on sbtest4  (cost=0.43..43.97 rows=10 width=121)
	              Index Cond: ((id >= 8849070) AND (id <= 8849079))

table 5 : explain SELECT DISTINCT c FROM sbtest5 WHERE id BETWEEN 7364749 AND 7364758 ORDER BY c
	Unique  (cost=44.23..44.28 rows=10 width=121)
	  ->  Sort  (cost=44.23..44.26 rows=10 width=121)
	        Sort Key: c
	        ->  Index Scan using sbtest5_pkey on sbtest5  (cost=0.43..44.07 rows=10 width=121)
	              Index Cond: ((id >= 7364749) AND (id <= 7364758))

table 6 : explain SELECT DISTINCT c FROM sbtest6 WHERE id BETWEEN 8734336 AND 8734345 ORDER BY c
	Unique  (cost=44.17..44.22 rows=10 width=121)
	  ->  Sort  (cost=44.17..44.19 rows=10 width=121)
	        Sort Key: c
	        ->  Index Scan using sbtest6_pkey on sbtest6  (cost=0.43..44.00 rows=10 width=121)
	              Index Cond: ((id >= 8734336) AND (id <= 8734345))

table 7 : explain SELECT DISTINCT c FROM sbtest7 WHERE id BETWEEN 4587293 AND 4587302 ORDER BY c
	Unique  (cost=40.16..40.21 rows=9 width=121)
	  ->  Sort  (cost=40.16..40.18 rows=9 width=121)
	        Sort Key: c
	        ->  Index Scan using sbtest7_pkey on sbtest7  (cost=0.43..40.02 rows=9 width=121)
	              Index Cond: ((id >= 4587293) AND (id <= 4587302))

table 8 : explain SELECT DISTINCT c FROM sbtest8 WHERE id BETWEEN 3346406 AND 3346415 ORDER BY c
	Unique  (cost=40.13..40.17 rows=9 width=121)
	  ->  Sort  (cost=40.13..40.15 rows=9 width=121)
	        Sort Key: c
	        ->  Index Scan using sbtest8_pkey on sbtest8  (cost=0.43..39.99 rows=9 width=121)
	              Index Cond: ((id >= 3346406) AND (id <= 3346415))

for: distinct_ranges
table 1 : explain SELECT DISTINCT c FROM sbtest1 WHERE id BETWEEN 7693216 AND 7693225 ORDER BY c
	Unique  (cost=44.23..44.28 rows=10 width=121)
	  ->  Sort  (cost=44.23..44.26 rows=10 width=121)
	        Sort Key: c
	        ->  Index Scan using sbtest1_pkey on sbtest1  (cost=0.43..44.07 rows=10 width=121)
	              Index Cond: ((id >= 7693216) AND (id <= 7693225))

table 2 : explain SELECT DISTINCT c FROM sbtest2 WHERE id BETWEEN 205741 AND 205750 ORDER BY c
	Unique  (cost=44.31..44.36 rows=10 width=121)
	  ->  Sort  (cost=44.31..44.34 rows=10 width=121)
	        Sort Key: c
	        ->  Index Scan using sbtest2_pkey on sbtest2  (cost=0.43..44.15 rows=10 width=121)
	              Index Cond: ((id >= 205741) AND (id <= 205750))

table 3 : explain SELECT DISTINCT c FROM sbtest3 WHERE id BETWEEN 6376984 AND 6376993 ORDER BY c
	Unique  (cost=44.25..44.30 rows=10 width=121)
	  ->  Sort  (cost=44.25..44.28 rows=10 width=121)
	        Sort Key: c
	        ->  Index Scan using sbtest3_pkey on sbtest3  (cost=0.43..44.08 rows=10 width=121)
	              Index Cond: ((id >= 6376984) AND (id <= 6376993))

table 4 : explain SELECT DISTINCT c FROM sbtest4 WHERE id BETWEEN 4763225 AND 4763234 ORDER BY c
	Unique  (cost=44.14..44.19 rows=10 width=121)
	  ->  Sort  (cost=44.14..44.16 rows=10 width=121)
	        Sort Key: c
	        ->  Index Scan using sbtest4_pkey on sbtest4  (cost=0.43..43.97 rows=10 width=121)
	              Index Cond: ((id >= 4763225) AND (id <= 4763234))

table 5 : explain SELECT DISTINCT c FROM sbtest5 WHERE id BETWEEN 4546358 AND 4546367 ORDER BY c
	Unique  (cost=44.23..44.28 rows=10 width=121)
	  ->  Sort  (cost=44.23..44.26 rows=10 width=121)
	        Sort Key: c
	        ->  Index Scan using sbtest5_pkey on sbtest5  (cost=0.43..44.07 rows=10 width=121)
	              Index Cond: ((id >= 4546358) AND (id <= 4546367))

table 6 : explain SELECT DISTINCT c FROM sbtest6 WHERE id BETWEEN 4645516 AND 4645525 ORDER BY c
	Unique  (cost=40.19..40.24 rows=9 width=121)
	  ->  Sort  (cost=40.19..40.22 rows=9 width=121)
	        Sort Key: c
	        ->  Index Scan using sbtest6_pkey on sbtest6  (cost=0.43..40.05 rows=9 width=121)
	              Index Cond: ((id >= 4645516) AND (id <= 4645525))

table 7 : explain SELECT DISTINCT c FROM sbtest7 WHERE id BETWEEN 2220030 AND 2220039 ORDER BY c
	Unique  (cost=48.10..48.16 rows=11 width=121)
	  ->  Sort  (cost=48.10..48.13 rows=11 width=121)
	        Sort Key: c
	        ->  Index Scan using sbtest7_pkey on sbtest7  (cost=0.43..47.91 rows=11 width=121)
	              Index Cond: ((id >= 2220030) AND (id <= 2220039))

table 8 : explain SELECT DISTINCT c FROM sbtest8 WHERE id BETWEEN 4932791 AND 4932800 ORDER BY c
	Unique  (cost=44.09..44.14 rows=10 width=121)
	  ->  Sort  (cost=44.09..44.12 rows=10 width=121)
	        Sort Key: c
	        ->  Index Scan using sbtest8_pkey on sbtest8  (cost=0.43..43.93 rows=10 width=121)
	              Index Cond: ((id >= 4932791) AND (id <= 4932800))

for: distinct_ranges
table 1 : explain SELECT DISTINCT c FROM sbtest1 WHERE id BETWEEN 2135001 AND 2135010 ORDER BY c
	Unique  (cost=44.23..44.28 rows=10 width=121)
	  ->  Sort  (cost=44.23..44.26 rows=10 width=121)
	        Sort Key: c
	        ->  Index Scan using sbtest1_pkey on sbtest1  (cost=0.43..44.07 rows=10 width=121)
	              Index Cond: ((id >= 2135001) AND (id <= 2135010))

table 2 : explain SELECT DISTINCT c FROM sbtest2 WHERE id BETWEEN 8339335 AND 8339344 ORDER BY c
	Unique  (cost=44.31..44.36 rows=10 width=121)
	  ->  Sort  (cost=44.31..44.34 rows=10 width=121)
	        Sort Key: c
	        ->  Index Scan using sbtest2_pkey on sbtest2  (cost=0.43..44.15 rows=10 width=121)
	              Index Cond: ((id >= 8339335) AND (id <= 8339344))

table 3 : explain SELECT DISTINCT c FROM sbtest3 WHERE id BETWEEN 5847482 AND 5847491 ORDER BY c
	Unique  (cost=44.25..44.30 rows=10 width=121)
	  ->  Sort  (cost=44.25..44.28 rows=10 width=121)
	        Sort Key: c
	        ->  Index Scan using sbtest3_pkey on sbtest3  (cost=0.43..44.08 rows=10 width=121)
	              Index Cond: ((id >= 5847482) AND (id <= 5847491))

table 4 : explain SELECT DISTINCT c FROM sbtest4 WHERE id BETWEEN 6391979 AND 6391988 ORDER BY c
	Unique  (cost=44.14..44.19 rows=10 width=121)
	  ->  Sort  (cost=44.14..44.16 rows=10 width=121)
	        Sort Key: c
	        ->  Index Scan using sbtest4_pkey on sbtest4  (cost=0.43..43.97 rows=10 width=121)
	              Index Cond: ((id >= 6391979) AND (id <= 6391988))

table 5 : explain SELECT DISTINCT c FROM sbtest5 WHERE id BETWEEN 9810566 AND 9810575 ORDER BY c
	Unique  (cost=44.23..44.28 rows=10 width=121)
	  ->  Sort  (cost=44.23..44.26 rows=10 width=121)
	        Sort Key: c
	        ->  Index Scan using sbtest5_pkey on sbtest5  (cost=0.43..44.07 rows=10 width=121)
	              Index Cond: ((id >= 9810566) AND (id <= 9810575))

table 6 : explain SELECT DISTINCT c FROM sbtest6 WHERE id BETWEEN 2764968 AND 2764977 ORDER BY c
	Unique  (cost=40.19..40.24 rows=9 width=121)
	  ->  Sort  (cost=40.19..40.22 rows=9 width=121)
	        Sort Key: c
	        ->  Index Scan using sbtest6_pkey on sbtest6  (cost=0.43..40.05 rows=9 width=121)
	              Index Cond: ((id >= 2764968) AND (id <= 2764977))

table 7 : explain SELECT DISTINCT c FROM sbtest7 WHERE id BETWEEN 7334953 AND 7334962 ORDER BY c
	Unique  (cost=40.16..40.21 rows=9 width=121)
	  ->  Sort  (cost=40.16..40.18 rows=9 width=121)
	        Sort Key: c
	        ->  Index Scan using sbtest7_pkey on sbtest7  (cost=0.43..40.02 rows=9 width=121)
	              Index Cond: ((id >= 7334953) AND (id <= 7334962))

table 8 : explain SELECT DISTINCT c FROM sbtest8 WHERE id BETWEEN 929397 AND 929406 ORDER BY c
	Unique  (cost=48.06..48.12 rows=11 width=121)
	  ->  Sort  (cost=48.06..48.09 rows=11 width=121)
	        Sort Key: c
	        ->  Index Scan using sbtest8_pkey on sbtest8  (cost=0.43..47.87 rows=11 width=121)
	              Index Cond: ((id >= 929397) AND (id <= 929406))

for: distinct_ranges
table 1 : explain SELECT DISTINCT c FROM sbtest1 WHERE id BETWEEN 2775009 AND 2775018 ORDER BY c
	Unique  (cost=44.23..44.28 rows=10 width=121)
	  ->  Sort  (cost=44.23..44.26 rows=10 width=121)
	        Sort Key: c
	        ->  Index Scan using sbtest1_pkey on sbtest1  (cost=0.43..44.07 rows=10 width=121)
	              Index Cond: ((id >= 2775009) AND (id <= 2775018))

table 2 : explain SELECT DISTINCT c FROM sbtest2 WHERE id BETWEEN 9395028 AND 9395037 ORDER BY c
	Unique  (cost=40.32..40.37 rows=9 width=121)
	  ->  Sort  (cost=40.32..40.35 rows=9 width=121)
	        Sort Key: c
	        ->  Index Scan using sbtest2_pkey on sbtest2  (cost=0.43..40.18 rows=9 width=121)
	              Index Cond: ((id >= 9395028) AND (id <= 9395037))

table 3 : explain SELECT DISTINCT c FROM sbtest3 WHERE id BETWEEN 7549696 AND 7549705 ORDER BY c
	Unique  (cost=40.27..40.31 rows=9 width=121)
	  ->  Sort  (cost=40.27..40.29 rows=9 width=121)
	        Sort Key: c
	        ->  Index Scan using sbtest3_pkey on sbtest3  (cost=0.43..40.13 rows=9 width=121)
	              Index Cond: ((id >= 7549696) AND (id <= 7549705))

table 4 : explain SELECT DISTINCT c FROM sbtest4 WHERE id BETWEEN 9516751 AND 9516760 ORDER BY c
	Unique  (cost=44.14..44.19 rows=10 width=121)
	  ->  Sort  (cost=44.14..44.16 rows=10 width=121)
	        Sort Key: c
	        ->  Index Scan using sbtest4_pkey on sbtest4  (cost=0.43..43.97 rows=10 width=121)
	              Index Cond: ((id >= 9516751) AND (id <= 9516760))

table 5 : explain SELECT DISTINCT c FROM sbtest5 WHERE id BETWEEN 9419658 AND 9419667 ORDER BY c
	Unique  (cost=44.23..44.28 rows=10 width=121)
	  ->  Sort  (cost=44.23..44.26 rows=10 width=121)
	        Sort Key: c
	        ->  Index Scan using sbtest5_pkey on sbtest5  (cost=0.43..44.07 rows=10 width=121)
	              Index Cond: ((id >= 9419658) AND (id <= 9419667))

table 6 : explain SELECT DISTINCT c FROM sbtest6 WHERE id BETWEEN 2411718 AND 2411727 ORDER BY c
	Unique  (cost=48.14..48.20 rows=11 width=121)
	  ->  Sort  (cost=48.14..48.17 rows=11 width=121)
	        Sort Key: c
	        ->  Index Scan using sbtest6_pkey on sbtest6  (cost=0.43..47.95 rows=11 width=121)
	              Index Cond: ((id >= 2411718) AND (id <= 2411727))

table 7 : explain SELECT DISTINCT c FROM sbtest7 WHERE id BETWEEN 8270681 AND 8270690 ORDER BY c
	Unique  (cost=48.10..48.16 rows=11 width=121)
	  ->  Sort  (cost=48.10..48.13 rows=11 width=121)
	        Sort Key: c
	        ->  Index Scan using sbtest7_pkey on sbtest7  (cost=0.43..47.91 rows=11 width=121)
	              Index Cond: ((id >= 8270681) AND (id <= 8270690))

table 8 : explain SELECT DISTINCT c FROM sbtest8 WHERE id BETWEEN 1674209 AND 1674218 ORDER BY c
	Unique  (cost=44.09..44.14 rows=10 width=121)
	  ->  Sort  (cost=44.09..44.12 rows=10 width=121)
	        Sort Key: c
	        ->  Index Scan using sbtest8_pkey on sbtest8  (cost=0.43..43.93 rows=10 width=121)
	              Index Cond: ((id >= 1674209) AND (id <= 1674218))

for: distinct_ranges
table 1 : explain SELECT DISTINCT c FROM sbtest1 WHERE id BETWEEN 764566 AND 764575 ORDER BY c
	Unique  (cost=44.23..44.28 rows=10 width=121)
	  ->  Sort  (cost=44.23..44.26 rows=10 width=121)
	        Sort Key: c
	        ->  Index Scan using sbtest1_pkey on sbtest1  (cost=0.43..44.07 rows=10 width=121)
	              Index Cond: ((id >= 764566) AND (id <= 764575))

table 2 : explain SELECT DISTINCT c FROM sbtest2 WHERE id BETWEEN 6841823 AND 6841832 ORDER BY c
	Unique  (cost=48.30..48.36 rows=11 width=121)
	  ->  Sort  (cost=48.30..48.33 rows=11 width=121)
	        Sort Key: c
	        ->  Index Scan using sbtest2_pkey on sbtest2  (cost=0.43..48.11 rows=11 width=121)
	              Index Cond: ((id >= 6841823) AND (id <= 6841832))

table 3 : explain SELECT DISTINCT c FROM sbtest3 WHERE id BETWEEN 1634550 AND 1634559 ORDER BY c
	Unique  (cost=44.25..44.30 rows=10 width=121)
	  ->  Sort  (cost=44.25..44.28 rows=10 width=121)
	        Sort Key: c
	        ->  Index Scan using sbtest3_pkey on sbtest3  (cost=0.43..44.08 rows=10 width=121)
	              Index Cond: ((id >= 1634550) AND (id <= 1634559))

table 4 : explain SELECT DISTINCT c FROM sbtest4 WHERE id BETWEEN 9764460 AND 9764469 ORDER BY c
	Unique  (cost=48.11..48.16 rows=11 width=121)
	  ->  Sort  (cost=48.11..48.14 rows=11 width=121)
	        Sort Key: c
	        ->  Index Scan using sbtest4_pkey on sbtest4  (cost=0.43..47.92 rows=11 width=121)
	              Index Cond: ((id >= 9764460) AND (id <= 9764469))

table 5 : explain SELECT DISTINCT c FROM sbtest5 WHERE id BETWEEN 5968078 AND 5968087 ORDER BY c
	Unique  (cost=44.23..44.28 rows=10 width=121)
	  ->  Sort  (cost=44.23..44.26 rows=10 width=121)
	        Sort Key: c
	        ->  Index Scan using sbtest5_pkey on sbtest5  (cost=0.43..44.07 rows=10 width=121)
	              Index Cond: ((id >= 5968078) AND (id <= 5968087))

table 6 : explain SELECT DISTINCT c FROM sbtest6 WHERE id BETWEEN 1115797 AND 1115806 ORDER BY c
	Unique  (cost=40.19..40.24 rows=9 width=121)
	  ->  Sort  (cost=40.19..40.22 rows=9 width=121)
	        Sort Key: c
	        ->  Index Scan using sbtest6_pkey on sbtest6  (cost=0.43..40.05 rows=9 width=121)
	              Index Cond: ((id >= 1115797) AND (id <= 1115806))

table 7 : explain SELECT DISTINCT c FROM sbtest7 WHERE id BETWEEN 1987246 AND 1987255 ORDER BY c
	Unique  (cost=44.13..44.18 rows=10 width=121)
	  ->  Sort  (cost=44.13..44.16 rows=10 width=121)
	        Sort Key: c
	        ->  Index Scan using sbtest7_pkey on sbtest7  (cost=0.43..43.97 rows=10 width=121)
	              Index Cond: ((id >= 1987246) AND (id <= 1987255))

table 8 : explain SELECT DISTINCT c FROM sbtest8 WHERE id BETWEEN 9288572 AND 9288581 ORDER BY c
	Unique  (cost=40.13..40.17 rows=9 width=121)
	  ->  Sort  (cost=40.13..40.15 rows=9 width=121)
	        Sort Key: c
	        ->  Index Scan using sbtest8_pkey on sbtest8  (cost=0.43..39.99 rows=9 width=121)
	              Index Cond: ((id >= 9288572) AND (id <= 9288581))

for: distinct_ranges
table 1 : explain SELECT DISTINCT c FROM sbtest1 WHERE id BETWEEN 4817112 AND 4817121 ORDER BY c
	Unique  (cost=48.21..48.27 rows=11 width=121)
	  ->  Sort  (cost=48.21..48.24 rows=11 width=121)
	        Sort Key: c
	        ->  Index Scan using sbtest1_pkey on sbtest1  (cost=0.43..48.02 rows=11 width=121)
	              Index Cond: ((id >= 4817112) AND (id <= 4817121))

table 2 : explain SELECT DISTINCT c FROM sbtest2 WHERE id BETWEEN 5585091 AND 5585100 ORDER BY c
	Unique  (cost=44.31..44.36 rows=10 width=121)
	  ->  Sort  (cost=44.31..44.34 rows=10 width=121)
	        Sort Key: c
	        ->  Index Scan using sbtest2_pkey on sbtest2  (cost=0.43..44.15 rows=10 width=121)
	              Index Cond: ((id >= 5585091) AND (id <= 5585100))

table 3 : explain SELECT DISTINCT c FROM sbtest3 WHERE id BETWEEN 4741807 AND 4741816 ORDER BY c
	Unique  (cost=44.25..44.30 rows=10 width=121)
	  ->  Sort  (cost=44.25..44.28 rows=10 width=121)
	        Sort Key: c
	        ->  Index Scan using sbtest3_pkey on sbtest3  (cost=0.43..44.08 rows=10 width=121)
	              Index Cond: ((id >= 4741807) AND (id <= 4741816))

table 4 : explain SELECT DISTINCT c FROM sbtest4 WHERE id BETWEEN 4900763 AND 4900772 ORDER BY c
	Unique  (cost=44.14..44.19 rows=10 width=121)
	  ->  Sort  (cost=44.14..44.16 rows=10 width=121)
	        Sort Key: c
	        ->  Index Scan using sbtest4_pkey on sbtest4  (cost=0.43..43.97 rows=10 width=121)
	              Index Cond: ((id >= 4900763) AND (id <= 4900772))

table 5 : explain SELECT DISTINCT c FROM sbtest5 WHERE id BETWEEN 522154 AND 522163 ORDER BY c
	Unique  (cost=44.23..44.28 rows=10 width=121)
	  ->  Sort  (cost=44.23..44.26 rows=10 width=121)
	        Sort Key: c
	        ->  Index Scan using sbtest5_pkey on sbtest5  (cost=0.43..44.07 rows=10 width=121)
	              Index Cond: ((id >= 522154) AND (id <= 522163))

table 6 : explain SELECT DISTINCT c FROM sbtest6 WHERE id BETWEEN 9322066 AND 9322075 ORDER BY c
	Unique  (cost=44.17..44.22 rows=10 width=121)
	  ->  Sort  (cost=44.17..44.19 rows=10 width=121)
	        Sort Key: c
	        ->  Index Scan using sbtest6_pkey on sbtest6  (cost=0.43..44.00 rows=10 width=121)
	              Index Cond: ((id >= 9322066) AND (id <= 9322075))

table 7 : explain SELECT DISTINCT c FROM sbtest7 WHERE id BETWEEN 1058857 AND 1058866 ORDER BY c
	Unique  (cost=48.10..48.16 rows=11 width=121)
	  ->  Sort  (cost=48.10..48.13 rows=11 width=121)
	        Sort Key: c
	        ->  Index Scan using sbtest7_pkey on sbtest7  (cost=0.43..47.91 rows=11 width=121)
	              Index Cond: ((id >= 1058857) AND (id <= 1058866))

table 8 : explain SELECT DISTINCT c FROM sbtest8 WHERE id BETWEEN 4161999 AND 4162008 ORDER BY c
	Unique  (cost=44.09..44.14 rows=10 width=121)
	  ->  Sort  (cost=44.09..44.12 rows=10 width=121)
	        Sort Key: c
	        ->  Index Scan using sbtest8_pkey on sbtest8  (cost=0.43..43.93 rows=10 width=121)
	              Index Cond: ((id >= 4161999) AND (id <= 4162008))

for: distinct_ranges
table 1 : explain SELECT DISTINCT c FROM sbtest1 WHERE id BETWEEN 5890586 AND 5890595 ORDER BY c
	Unique  (cost=48.21..48.27 rows=11 width=121)
	  ->  Sort  (cost=48.21..48.24 rows=11 width=121)
	        Sort Key: c
	        ->  Index Scan using sbtest1_pkey on sbtest1  (cost=0.43..48.02 rows=11 width=121)
	              Index Cond: ((id >= 5890586) AND (id <= 5890595))

table 2 : explain SELECT DISTINCT c FROM sbtest2 WHERE id BETWEEN 9637742 AND 9637751 ORDER BY c
	Unique  (cost=44.31..44.36 rows=10 width=121)
	  ->  Sort  (cost=44.31..44.34 rows=10 width=121)
	        Sort Key: c
	        ->  Index Scan using sbtest2_pkey on sbtest2  (cost=0.43..44.15 rows=10 width=121)
	              Index Cond: ((id >= 9637742) AND (id <= 9637751))

table 3 : explain SELECT DISTINCT c FROM sbtest3 WHERE id BETWEEN 5149001 AND 5149010 ORDER BY c
	Unique  (cost=44.25..44.30 rows=10 width=121)
	  ->  Sort  (cost=44.25..44.28 rows=10 width=121)
	        Sort Key: c
	        ->  Index Scan using sbtest3_pkey on sbtest3  (cost=0.43..44.08 rows=10 width=121)
	              Index Cond: ((id >= 5149001) AND (id <= 5149010))

table 4 : explain SELECT DISTINCT c FROM sbtest4 WHERE id BETWEEN 908273 AND 908282 ORDER BY c
	Unique  (cost=48.11..48.16 rows=11 width=121)
	  ->  Sort  (cost=48.11..48.14 rows=11 width=121)
	        Sort Key: c
	        ->  Index Scan using sbtest4_pkey on sbtest4  (cost=0.43..47.92 rows=11 width=121)
	              Index Cond: ((id >= 908273) AND (id <= 908282))

table 5 : explain SELECT DISTINCT c FROM sbtest5 WHERE id BETWEEN 3334555 AND 3334564 ORDER BY c
	Unique  (cost=44.23..44.28 rows=10 width=121)
	  ->  Sort  (cost=44.23..44.26 rows=10 width=121)
	        Sort Key: c
	        ->  Index Scan using sbtest5_pkey on sbtest5  (cost=0.43..44.07 rows=10 width=121)
	              Index Cond: ((id >= 3334555) AND (id <= 3334564))

table 6 : explain SELECT DISTINCT c FROM sbtest6 WHERE id BETWEEN 4778467 AND 4778476 ORDER BY c
	Unique  (cost=40.19..40.24 rows=9 width=121)
	  ->  Sort  (cost=40.19..40.22 rows=9 width=121)
	        Sort Key: c
	        ->  Index Scan using sbtest6_pkey on sbtest6  (cost=0.43..40.05 rows=9 width=121)
	              Index Cond: ((id >= 4778467) AND (id <= 4778476))

table 7 : explain SELECT DISTINCT c FROM sbtest7 WHERE id BETWEEN 4206838 AND 4206847 ORDER BY c
	Unique  (cost=44.13..44.18 rows=10 width=121)
	  ->  Sort  (cost=44.13..44.16 rows=10 width=121)
	        Sort Key: c
	        ->  Index Scan using sbtest7_pkey on sbtest7  (cost=0.43..43.97 rows=10 width=121)
	              Index Cond: ((id >= 4206838) AND (id <= 4206847))

table 8 : explain SELECT DISTINCT c FROM sbtest8 WHERE id BETWEEN 1123536 AND 1123545 ORDER BY c
	Unique  (cost=44.09..44.14 rows=10 width=121)
	  ->  Sort  (cost=44.09..44.12 rows=10 width=121)
	        Sort Key: c
	        ->  Index Scan using sbtest8_pkey on sbtest8  (cost=0.43..43.93 rows=10 width=121)
	              Index Cond: ((id >= 1123536) AND (id <= 1123545))

for: distinct_ranges
table 1 : explain SELECT DISTINCT c FROM sbtest1 WHERE id BETWEEN 5736402 AND 5736411 ORDER BY c
	Unique  (cost=44.23..44.28 rows=10 width=121)
	  ->  Sort  (cost=44.23..44.26 rows=10 width=121)
	        Sort Key: c
	        ->  Index Scan using sbtest1_pkey on sbtest1  (cost=0.43..44.07 rows=10 width=121)
	              Index Cond: ((id >= 5736402) AND (id <= 5736411))

table 2 : explain SELECT DISTINCT c FROM sbtest2 WHERE id BETWEEN 4586046 AND 4586055 ORDER BY c
	Unique  (cost=40.32..40.37 rows=9 width=121)
	  ->  Sort  (cost=40.32..40.35 rows=9 width=121)
	        Sort Key: c
	        ->  Index Scan using sbtest2_pkey on sbtest2  (cost=0.43..40.18 rows=9 width=121)
	              Index Cond: ((id >= 4586046) AND (id <= 4586055))

table 3 : explain SELECT DISTINCT c FROM sbtest3 WHERE id BETWEEN 3816994 AND 3817003 ORDER BY c
	Unique  (cost=44.25..44.30 rows=10 width=121)
	  ->  Sort  (cost=44.25..44.28 rows=10 width=121)
	        Sort Key: c
	        ->  Index Scan using sbtest3_pkey on sbtest3  (cost=0.43..44.08 rows=10 width=121)
	              Index Cond: ((id >= 3816994) AND (id <= 3817003))

table 4 : explain SELECT DISTINCT c FROM sbtest4 WHERE id BETWEEN 8924509 AND 8924518 ORDER BY c
	Unique  (cost=40.17..40.21 rows=9 width=121)
	  ->  Sort  (cost=40.17..40.19 rows=9 width=121)
	        Sort Key: c
	        ->  Index Scan using sbtest4_pkey on sbtest4  (cost=0.43..40.03 rows=9 width=121)
	              Index Cond: ((id >= 8924509) AND (id <= 8924518))

table 5 : explain SELECT DISTINCT c FROM sbtest5 WHERE id BETWEEN 9271173 AND 9271182 ORDER BY c
	Unique  (cost=44.23..44.28 rows=10 width=121)
	  ->  Sort  (cost=44.23..44.26 rows=10 width=121)
	        Sort Key: c
	        ->  Index Scan using sbtest5_pkey on sbtest5  (cost=0.43..44.07 rows=10 width=121)
	              Index Cond: ((id >= 9271173) AND (id <= 9271182))

table 6 : explain SELECT DISTINCT c FROM sbtest6 WHERE id BETWEEN 7238255 AND 7238264 ORDER BY c
	Unique  (cost=44.17..44.22 rows=10 width=121)
	  ->  Sort  (cost=44.17..44.19 rows=10 width=121)
	        Sort Key: c
	        ->  Index Scan using sbtest6_pkey on sbtest6  (cost=0.43..44.00 rows=10 width=121)
	              Index Cond: ((id >= 7238255) AND (id <= 7238264))

table 7 : explain SELECT DISTINCT c FROM sbtest7 WHERE id BETWEEN 3696563 AND 3696572 ORDER BY c
	Unique  (cost=44.13..44.18 rows=10 width=121)
	  ->  Sort  (cost=44.13..44.16 rows=10 width=121)
	        Sort Key: c
	        ->  Index Scan using sbtest7_pkey on sbtest7  (cost=0.43..43.97 rows=10 width=121)
	              Index Cond: ((id >= 3696563) AND (id <= 3696572))

table 8 : explain SELECT DISTINCT c FROM sbtest8 WHERE id BETWEEN 8500464 AND 8500473 ORDER BY c
	Unique  (cost=44.09..44.14 rows=10 width=121)
	  ->  Sort  (cost=44.09..44.12 rows=10 width=121)
	        Sort Key: c
	        ->  Index Scan using sbtest8_pkey on sbtest8  (cost=0.43..43.93 rows=10 width=121)
	              Index Cond: ((id >= 8500464) AND (id <= 8500473))

for: distinct_ranges
table 1 : explain SELECT DISTINCT c FROM sbtest1 WHERE id BETWEEN 1083467 AND 1083476 ORDER BY c
	Unique  (cost=44.23..44.28 rows=10 width=121)
	  ->  Sort  (cost=44.23..44.26 rows=10 width=121)
	        Sort Key: c
	        ->  Index Scan using sbtest1_pkey on sbtest1  (cost=0.43..44.07 rows=10 width=121)
	              Index Cond: ((id >= 1083467) AND (id <= 1083476))

table 2 : explain SELECT DISTINCT c FROM sbtest2 WHERE id BETWEEN 7905300 AND 7905309 ORDER BY c
	Unique  (cost=44.31..44.36 rows=10 width=121)
	  ->  Sort  (cost=44.31..44.34 rows=10 width=121)
	        Sort Key: c
	        ->  Index Scan using sbtest2_pkey on sbtest2  (cost=0.43..44.15 rows=10 width=121)
	              Index Cond: ((id >= 7905300) AND (id <= 7905309))

table 3 : explain SELECT DISTINCT c FROM sbtest3 WHERE id BETWEEN 3449624 AND 3449633 ORDER BY c
	Unique  (cost=48.23..48.29 rows=11 width=121)
	  ->  Sort  (cost=48.23..48.26 rows=11 width=121)
	        Sort Key: c
	        ->  Index Scan using sbtest3_pkey on sbtest3  (cost=0.43..48.04 rows=11 width=121)
	              Index Cond: ((id >= 3449624) AND (id <= 3449633))

table 4 : explain SELECT DISTINCT c FROM sbtest4 WHERE id BETWEEN 5213231 AND 5213240 ORDER BY c
	Unique  (cost=40.17..40.21 rows=9 width=121)
	  ->  Sort  (cost=40.17..40.19 rows=9 width=121)
	        Sort Key: c
	        ->  Index Scan using sbtest4_pkey on sbtest4  (cost=0.43..40.03 rows=9 width=121)
	              Index Cond: ((id >= 5213231) AND (id <= 5213240))

table 5 : explain SELECT DISTINCT c FROM sbtest5 WHERE id BETWEEN 7513427 AND 7513436 ORDER BY c
	Unique  (cost=44.23..44.28 rows=10 width=121)
	  ->  Sort  (cost=44.23..44.26 rows=10 width=121)
	        Sort Key: c
	        ->  Index Scan using sbtest5_pkey on sbtest5  (cost=0.43..44.07 rows=10 width=121)
	              Index Cond: ((id >= 7513427) AND (id <= 7513436))

table 6 : explain SELECT DISTINCT c FROM sbtest6 WHERE id BETWEEN 2697907 AND 2697916 ORDER BY c
	Unique  (cost=40.19..40.24 rows=9 width=121)
	  ->  Sort  (cost=40.19..40.22 rows=9 width=121)
	        Sort Key: c
	        ->  Index Scan using sbtest6_pkey on sbtest6  (cost=0.43..40.05 rows=9 width=121)
	              Index Cond: ((id >= 2697907) AND (id <= 2697916))

table 7 : explain SELECT DISTINCT c FROM sbtest7 WHERE id BETWEEN 3682955 AND 3682964 ORDER BY c
	Unique  (cost=44.13..44.18 rows=10 width=121)
	  ->  Sort  (cost=44.13..44.16 rows=10 width=121)
	        Sort Key: c
	        ->  Index Scan using sbtest7_pkey on sbtest7  (cost=0.43..43.97 rows=10 width=121)
	              Index Cond: ((id >= 3682955) AND (id <= 3682964))

table 8 : explain SELECT DISTINCT c FROM sbtest8 WHERE id BETWEEN 9788699 AND 9788708 ORDER BY c
	Unique  (cost=40.13..40.17 rows=9 width=121)
	  ->  Sort  (cost=40.13..40.15 rows=9 width=121)
	        Sort Key: c
	        ->  Index Scan using sbtest8_pkey on sbtest8  (cost=0.43..39.99 rows=9 width=121)
	              Index Cond: ((id >= 9788699) AND (id <= 9788708))

for: distinct_ranges
table 1 : explain SELECT DISTINCT c FROM sbtest1 WHERE id BETWEEN 5786921 AND 5786930 ORDER BY c
	Unique  (cost=44.23..44.28 rows=10 width=121)
	  ->  Sort  (cost=44.23..44.26 rows=10 width=121)
	        Sort Key: c
	        ->  Index Scan using sbtest1_pkey on sbtest1  (cost=0.43..44.07 rows=10 width=121)
	              Index Cond: ((id >= 5786921) AND (id <= 5786930))

table 2 : explain SELECT DISTINCT c FROM sbtest2 WHERE id BETWEEN 761261 AND 761270 ORDER BY c
	Unique  (cost=44.31..44.36 rows=10 width=121)
	  ->  Sort  (cost=44.31..44.34 rows=10 width=121)
	        Sort Key: c
	        ->  Index Scan using sbtest2_pkey on sbtest2  (cost=0.43..44.15 rows=10 width=121)
	              Index Cond: ((id >= 761261) AND (id <= 761270))

table 3 : explain SELECT DISTINCT c FROM sbtest3 WHERE id BETWEEN 3026205 AND 3026214 ORDER BY c
	Unique  (cost=44.25..44.30 rows=10 width=121)
	  ->  Sort  (cost=44.25..44.28 rows=10 width=121)
	        Sort Key: c
	        ->  Index Scan using sbtest3_pkey on sbtest3  (cost=0.43..44.08 rows=10 width=121)
	              Index Cond: ((id >= 3026205) AND (id <= 3026214))

table 4 : explain SELECT DISTINCT c FROM sbtest4 WHERE id BETWEEN 6042650 AND 6042659 ORDER BY c
	Unique  (cost=40.17..40.21 rows=9 width=121)
	  ->  Sort  (cost=40.17..40.19 rows=9 width=121)
	        Sort Key: c
	        ->  Index Scan using sbtest4_pkey on sbtest4  (cost=0.43..40.03 rows=9 width=121)
	              Index Cond: ((id >= 6042650) AND (id <= 6042659))

table 5 : explain SELECT DISTINCT c FROM sbtest5 WHERE id BETWEEN 6436173 AND 6436182 ORDER BY c
	Unique  (cost=40.25..40.30 rows=9 width=121)
	  ->  Sort  (cost=40.25..40.28 rows=9 width=121)
	        Sort Key: c
	        ->  Index Scan using sbtest5_pkey on sbtest5  (cost=0.43..40.11 rows=9 width=121)
	              Index Cond: ((id >= 6436173) AND (id <= 6436182))

table 6 : explain SELECT DISTINCT c FROM sbtest6 WHERE id BETWEEN 7929413 AND 7929422 ORDER BY c
	Unique  (cost=40.19..40.24 rows=9 width=121)
	  ->  Sort  (cost=40.19..40.22 rows=9 width=121)
	        Sort Key: c
	        ->  Index Scan using sbtest6_pkey on sbtest6  (cost=0.43..40.05 rows=9 width=121)
	              Index Cond: ((id >= 7929413) AND (id <= 7929422))

table 7 : explain SELECT DISTINCT c FROM sbtest7 WHERE id BETWEEN 1589456 AND 1589465 ORDER BY c
	Unique  (cost=40.16..40.21 rows=9 width=121)
	  ->  Sort  (cost=40.16..40.18 rows=9 width=121)
	        Sort Key: c
	        ->  Index Scan using sbtest7_pkey on sbtest7  (cost=0.43..40.02 rows=9 width=121)
	              Index Cond: ((id >= 1589456) AND (id <= 1589465))

table 8 : explain SELECT DISTINCT c FROM sbtest8 WHERE id BETWEEN 3859523 AND 3859532 ORDER BY c
	Unique  (cost=44.09..44.14 rows=10 width=121)
	  ->  Sort  (cost=44.09..44.12 rows=10 width=121)
	        Sort Key: c
	        ->  Index Scan using sbtest8_pkey on sbtest8  (cost=0.43..43.93 rows=10 width=121)
	              Index Cond: ((id >= 3859523) AND (id <= 3859532))

for: distinct_ranges
table 1 : explain SELECT DISTINCT c FROM sbtest1 WHERE id BETWEEN 6962790 AND 6962799 ORDER BY c
	Unique  (cost=44.23..44.28 rows=10 width=121)
	  ->  Sort  (cost=44.23..44.26 rows=10 width=121)
	        Sort Key: c
	        ->  Index Scan using sbtest1_pkey on sbtest1  (cost=0.43..44.07 rows=10 width=121)
	              Index Cond: ((id >= 6962790) AND (id <= 6962799))

table 2 : explain SELECT DISTINCT c FROM sbtest2 WHERE id BETWEEN 6201166 AND 6201175 ORDER BY c
	Unique  (cost=44.31..44.36 rows=10 width=121)
	  ->  Sort  (cost=44.31..44.34 rows=10 width=121)
	        Sort Key: c
	        ->  Index Scan using sbtest2_pkey on sbtest2  (cost=0.43..44.15 rows=10 width=121)
	              Index Cond: ((id >= 6201166) AND (id <= 6201175))

table 3 : explain SELECT DISTINCT c FROM sbtest3 WHERE id BETWEEN 6395550 AND 6395559 ORDER BY c
	Unique  (cost=44.25..44.30 rows=10 width=121)
	  ->  Sort  (cost=44.25..44.28 rows=10 width=121)
	        Sort Key: c
	        ->  Index Scan using sbtest3_pkey on sbtest3  (cost=0.43..44.08 rows=10 width=121)
	              Index Cond: ((id >= 6395550) AND (id <= 6395559))

table 4 : explain SELECT DISTINCT c FROM sbtest4 WHERE id BETWEEN 1894498 AND 1894507 ORDER BY c
	Unique  (cost=40.17..40.21 rows=9 width=121)
	  ->  Sort  (cost=40.17..40.19 rows=9 width=121)
	        Sort Key: c
	        ->  Index Scan using sbtest4_pkey on sbtest4  (cost=0.43..40.03 rows=9 width=121)
	              Index Cond: ((id >= 1894498) AND (id <= 1894507))

table 5 : explain SELECT DISTINCT c FROM sbtest5 WHERE id BETWEEN 83531 AND 83540 ORDER BY c
	Unique  (cost=40.25..40.30 rows=9 width=121)
	  ->  Sort  (cost=40.25..40.28 rows=9 width=121)
	        Sort Key: c
	        ->  Index Scan using sbtest5_pkey on sbtest5  (cost=0.43..40.11 rows=9 width=121)
	              Index Cond: ((id >= 83531) AND (id <= 83540))

table 6 : explain SELECT DISTINCT c FROM sbtest6 WHERE id BETWEEN 9464064 AND 9464073 ORDER BY c
	Unique  (cost=40.19..40.24 rows=9 width=121)
	  ->  Sort  (cost=40.19..40.22 rows=9 width=121)
	        Sort Key: c
	        ->  Index Scan using sbtest6_pkey on sbtest6  (cost=0.43..40.05 rows=9 width=121)
	              Index Cond: ((id >= 9464064) AND (id <= 9464073))

table 7 : explain SELECT DISTINCT c FROM sbtest7 WHERE id BETWEEN 8324319 AND 8324328 ORDER BY c
	Unique  (cost=44.13..44.18 rows=10 width=121)
	  ->  Sort  (cost=44.13..44.16 rows=10 width=121)
	        Sort Key: c
	        ->  Index Scan using sbtest7_pkey on sbtest7  (cost=0.43..43.97 rows=10 width=121)
	              Index Cond: ((id >= 8324319) AND (id <= 8324328))

table 8 : explain SELECT DISTINCT c FROM sbtest8 WHERE id BETWEEN 7084649 AND 7084658 ORDER BY c
	Unique  (cost=44.09..44.14 rows=10 width=121)
	  ->  Sort  (cost=44.09..44.12 rows=10 width=121)
	        Sort Key: c
	        ->  Index Scan using sbtest8_pkey on sbtest8  (cost=0.43..43.93 rows=10 width=121)
	              Index Cond: ((id >= 7084649) AND (id <= 7084658))

for: distinct_ranges
table 1 : explain SELECT DISTINCT c FROM sbtest1 WHERE id BETWEEN 5404795 AND 5404804 ORDER BY c
	Unique  (cost=40.25..40.30 rows=9 width=121)
	  ->  Sort  (cost=40.25..40.28 rows=9 width=121)
	        Sort Key: c
	        ->  Index Scan using sbtest1_pkey on sbtest1  (cost=0.43..40.11 rows=9 width=121)
	              Index Cond: ((id >= 5404795) AND (id <= 5404804))

table 2 : explain SELECT DISTINCT c FROM sbtest2 WHERE id BETWEEN 9199778 AND 9199787 ORDER BY c
	Unique  (cost=44.31..44.36 rows=10 width=121)
	  ->  Sort  (cost=44.31..44.34 rows=10 width=121)
	        Sort Key: c
	        ->  Index Scan using sbtest2_pkey on sbtest2  (cost=0.43..44.15 rows=10 width=121)
	              Index Cond: ((id >= 9199778) AND (id <= 9199787))

table 3 : explain SELECT DISTINCT c FROM sbtest3 WHERE id BETWEEN 5538516 AND 5538525 ORDER BY c
	Unique  (cost=44.25..44.30 rows=10 width=121)
	  ->  Sort  (cost=44.25..44.28 rows=10 width=121)
	        Sort Key: c
	        ->  Index Scan using sbtest3_pkey on sbtest3  (cost=0.43..44.08 rows=10 width=121)
	              Index Cond: ((id >= 5538516) AND (id <= 5538525))

table 4 : explain SELECT DISTINCT c FROM sbtest4 WHERE id BETWEEN 6848264 AND 6848273 ORDER BY c
	Unique  (cost=44.14..44.19 rows=10 width=121)
	  ->  Sort  (cost=44.14..44.16 rows=10 width=121)
	        Sort Key: c
	        ->  Index Scan using sbtest4_pkey on sbtest4  (cost=0.43..43.97 rows=10 width=121)
	              Index Cond: ((id >= 6848264) AND (id <= 6848273))

table 5 : explain SELECT DISTINCT c FROM sbtest5 WHERE id BETWEEN 9098670 AND 9098679 ORDER BY c
	Unique  (cost=40.25..40.30 rows=9 width=121)
	  ->  Sort  (cost=40.25..40.28 rows=9 width=121)
	        Sort Key: c
	        ->  Index Scan using sbtest5_pkey on sbtest5  (cost=0.43..40.11 rows=9 width=121)
	              Index Cond: ((id >= 9098670) AND (id <= 9098679))

table 6 : explain SELECT DISTINCT c FROM sbtest6 WHERE id BETWEEN 7773972 AND 7773981 ORDER BY c
	Unique  (cost=48.14..48.20 rows=11 width=121)
	  ->  Sort  (cost=48.14..48.17 rows=11 width=121)
	        Sort Key: c
	        ->  Index Scan using sbtest6_pkey on sbtest6  (cost=0.43..47.95 rows=11 width=121)
	              Index Cond: ((id >= 7773972) AND (id <= 7773981))

table 7 : explain SELECT DISTINCT c FROM sbtest7 WHERE id BETWEEN 5734452 AND 5734461 ORDER BY c
	Unique  (cost=44.13..44.18 rows=10 width=121)
	  ->  Sort  (cost=44.13..44.16 rows=10 width=121)
	        Sort Key: c
	        ->  Index Scan using sbtest7_pkey on sbtest7  (cost=0.43..43.97 rows=10 width=121)
	              Index Cond: ((id >= 5734452) AND (id <= 5734461))

table 8 : explain SELECT DISTINCT c FROM sbtest8 WHERE id BETWEEN 5269045 AND 5269054 ORDER BY c
	Unique  (cost=44.09..44.14 rows=10 width=121)
	  ->  Sort  (cost=44.09..44.12 rows=10 width=121)
	        Sort Key: c
	        ->  Index Scan using sbtest8_pkey on sbtest8  (cost=0.43..43.93 rows=10 width=121)
	              Index Cond: ((id >= 5269045) AND (id <= 5269054))

for: distinct_ranges
table 1 : explain SELECT DISTINCT c FROM sbtest1 WHERE id BETWEEN 1600936 AND 1600945 ORDER BY c
	Unique  (cost=44.23..44.28 rows=10 width=121)
	  ->  Sort  (cost=44.23..44.26 rows=10 width=121)
	        Sort Key: c
	        ->  Index Scan using sbtest1_pkey on sbtest1  (cost=0.43..44.07 rows=10 width=121)
	              Index Cond: ((id >= 1600936) AND (id <= 1600945))

table 2 : explain SELECT DISTINCT c FROM sbtest2 WHERE id BETWEEN 728924 AND 728933 ORDER BY c
	Unique  (cost=44.31..44.36 rows=10 width=121)
	  ->  Sort  (cost=44.31..44.34 rows=10 width=121)
	        Sort Key: c
	        ->  Index Scan using sbtest2_pkey on sbtest2  (cost=0.43..44.15 rows=10 width=121)
	              Index Cond: ((id >= 728924) AND (id <= 728933))

table 3 : explain SELECT DISTINCT c FROM sbtest3 WHERE id BETWEEN 8750508 AND 8750517 ORDER BY c
	Unique  (cost=44.25..44.30 rows=10 width=121)
	  ->  Sort  (cost=44.25..44.28 rows=10 width=121)
	        Sort Key: c
	        ->  Index Scan using sbtest3_pkey on sbtest3  (cost=0.43..44.08 rows=10 width=121)
	              Index Cond: ((id >= 8750508) AND (id <= 8750517))

table 4 : explain SELECT DISTINCT c FROM sbtest4 WHERE id BETWEEN 6561454 AND 6561463 ORDER BY c
	Unique  (cost=40.17..40.21 rows=9 width=121)
	  ->  Sort  (cost=40.17..40.19 rows=9 width=121)
	        Sort Key: c
	        ->  Index Scan using sbtest4_pkey on sbtest4  (cost=0.43..40.03 rows=9 width=121)
	              Index Cond: ((id >= 6561454) AND (id <= 6561463))

table 5 : explain SELECT DISTINCT c FROM sbtest5 WHERE id BETWEEN 3934273 AND 3934282 ORDER BY c
	Unique  (cost=44.23..44.28 rows=10 width=121)
	  ->  Sort  (cost=44.23..44.26 rows=10 width=121)
	        Sort Key: c
	        ->  Index Scan using sbtest5_pkey on sbtest5  (cost=0.43..44.07 rows=10 width=121)
	              Index Cond: ((id >= 3934273) AND (id <= 3934282))

table 6 : explain SELECT DISTINCT c FROM sbtest6 WHERE id BETWEEN 5614242 AND 5614251 ORDER BY c
	Unique  (cost=44.17..44.22 rows=10 width=121)
	  ->  Sort  (cost=44.17..44.19 rows=10 width=121)
	        Sort Key: c
	        ->  Index Scan using sbtest6_pkey on sbtest6  (cost=0.43..44.00 rows=10 width=121)
	              Index Cond: ((id >= 5614242) AND (id <= 5614251))

table 7 : explain SELECT DISTINCT c FROM sbtest7 WHERE id BETWEEN 1388482 AND 1388491 ORDER BY c
	Unique  (cost=44.13..44.18 rows=10 width=121)
	  ->  Sort  (cost=44.13..44.16 rows=10 width=121)
	        Sort Key: c
	        ->  Index Scan using sbtest7_pkey on sbtest7  (cost=0.43..43.97 rows=10 width=121)
	              Index Cond: ((id >= 1388482) AND (id <= 1388491))

table 8 : explain SELECT DISTINCT c FROM sbtest8 WHERE id BETWEEN 2517862 AND 2517871 ORDER BY c
	Unique  (cost=48.06..48.12 rows=11 width=121)
	  ->  Sort  (cost=48.06..48.09 rows=11 width=121)
	        Sort Key: c
	        ->  Index Scan using sbtest8_pkey on sbtest8  (cost=0.43..47.87 rows=11 width=121)
	              Index Cond: ((id >= 2517862) AND (id <= 2517871))

for: distinct_ranges
table 1 : explain SELECT DISTINCT c FROM sbtest1 WHERE id BETWEEN 1641192 AND 1641201 ORDER BY c
	Unique  (cost=48.21..48.27 rows=11 width=121)
	  ->  Sort  (cost=48.21..48.24 rows=11 width=121)
	        Sort Key: c
	        ->  Index Scan using sbtest1_pkey on sbtest1  (cost=0.43..48.02 rows=11 width=121)
	              Index Cond: ((id >= 1641192) AND (id <= 1641201))

table 2 : explain SELECT DISTINCT c FROM sbtest2 WHERE id BETWEEN 10660 AND 10669 ORDER BY c
	Unique  (cost=44.31..44.36 rows=10 width=121)
	  ->  Sort  (cost=44.31..44.34 rows=10 width=121)
	        Sort Key: c
	        ->  Index Scan using sbtest2_pkey on sbtest2  (cost=0.43..44.15 rows=10 width=121)
	              Index Cond: ((id >= 10660) AND (id <= 10669))

table 3 : explain SELECT DISTINCT c FROM sbtest3 WHERE id BETWEEN 4943627 AND 4943636 ORDER BY c
	Unique  (cost=48.23..48.29 rows=11 width=121)
	  ->  Sort  (cost=48.23..48.26 rows=11 width=121)
	        Sort Key: c
	        ->  Index Scan using sbtest3_pkey on sbtest3  (cost=0.43..48.04 rows=11 width=121)
	              Index Cond: ((id >= 4943627) AND (id <= 4943636))

table 4 : explain SELECT DISTINCT c FROM sbtest4 WHERE id BETWEEN 4224779 AND 4224788 ORDER BY c
	Unique  (cost=44.14..44.19 rows=10 width=121)
	  ->  Sort  (cost=44.14..44.16 rows=10 width=121)
	        Sort Key: c
	        ->  Index Scan using sbtest4_pkey on sbtest4  (cost=0.43..43.97 rows=10 width=121)
	              Index Cond: ((id >= 4224779) AND (id <= 4224788))

table 5 : explain SELECT DISTINCT c FROM sbtest5 WHERE id BETWEEN 6708634 AND 6708643 ORDER BY c
	Unique  (cost=40.25..40.30 rows=9 width=121)
	  ->  Sort  (cost=40.25..40.28 rows=9 width=121)
	        Sort Key: c
	        ->  Index Scan using sbtest5_pkey on sbtest5  (cost=0.43..40.11 rows=9 width=121)
	              Index Cond: ((id >= 6708634) AND (id <= 6708643))

table 6 : explain SELECT DISTINCT c FROM sbtest6 WHERE id BETWEEN 2803027 AND 2803036 ORDER BY c
	Unique  (cost=44.17..44.22 rows=10 width=121)
	  ->  Sort  (cost=44.17..44.19 rows=10 width=121)
	        Sort Key: c
	        ->  Index Scan using sbtest6_pkey on sbtest6  (cost=0.43..44.00 rows=10 width=121)
	              Index Cond: ((id >= 2803027) AND (id <= 2803036))

table 7 : explain SELECT DISTINCT c FROM sbtest7 WHERE id BETWEEN 5740917 AND 5740926 ORDER BY c
	Unique  (cost=44.13..44.18 rows=10 width=121)
	  ->  Sort  (cost=44.13..44.16 rows=10 width=121)
	        Sort Key: c
	        ->  Index Scan using sbtest7_pkey on sbtest7  (cost=0.43..43.97 rows=10 width=121)
	              Index Cond: ((id >= 5740917) AND (id <= 5740926))

table 8 : explain SELECT DISTINCT c FROM sbtest8 WHERE id BETWEEN 4555551 AND 4555560 ORDER BY c
	Unique  (cost=48.06..48.12 rows=11 width=121)
	  ->  Sort  (cost=48.06..48.09 rows=11 width=121)
	        Sort Key: c
	        ->  Index Scan using sbtest8_pkey on sbtest8  (cost=0.43..47.87 rows=11 width=121)
	              Index Cond: ((id >= 4555551) AND (id <= 4555560))

for: distinct_ranges
table 1 : explain SELECT DISTINCT c FROM sbtest1 WHERE id BETWEEN 6206342 AND 6206351 ORDER BY c
	Unique  (cost=44.23..44.28 rows=10 width=121)
	  ->  Sort  (cost=44.23..44.26 rows=10 width=121)
	        Sort Key: c
	        ->  Index Scan using sbtest1_pkey on sbtest1  (cost=0.43..44.07 rows=10 width=121)
	              Index Cond: ((id >= 6206342) AND (id <= 6206351))

table 2 : explain SELECT DISTINCT c FROM sbtest2 WHERE id BETWEEN 9589469 AND 9589478 ORDER BY c
	Unique  (cost=44.31..44.36 rows=10 width=121)
	  ->  Sort  (cost=44.31..44.34 rows=10 width=121)
	        Sort Key: c
	        ->  Index Scan using sbtest2_pkey on sbtest2  (cost=0.43..44.15 rows=10 width=121)
	              Index Cond: ((id >= 9589469) AND (id <= 9589478))

table 3 : explain SELECT DISTINCT c FROM sbtest3 WHERE id BETWEEN 856568 AND 856577 ORDER BY c
	Unique  (cost=48.23..48.29 rows=11 width=121)
	  ->  Sort  (cost=48.23..48.26 rows=11 width=121)
	        Sort Key: c
	        ->  Index Scan using sbtest3_pkey on sbtest3  (cost=0.43..48.04 rows=11 width=121)
	              Index Cond: ((id >= 856568) AND (id <= 856577))

table 4 : explain SELECT DISTINCT c FROM sbtest4 WHERE id BETWEEN 9960296 AND 9960305 ORDER BY c
	Unique  (cost=48.11..48.16 rows=11 width=121)
	  ->  Sort  (cost=48.11..48.14 rows=11 width=121)
	        Sort Key: c
	        ->  Index Scan using sbtest4_pkey on sbtest4  (cost=0.43..47.92 rows=11 width=121)
	              Index Cond: ((id >= 9960296) AND (id <= 9960305))

table 5 : explain SELECT DISTINCT c FROM sbtest5 WHERE id BETWEEN 7237064 AND 7237073 ORDER BY c
	Unique  (cost=40.25..40.30 rows=9 width=121)
	  ->  Sort  (cost=40.25..40.28 rows=9 width=121)
	        Sort Key: c
	        ->  Index Scan using sbtest5_pkey on sbtest5  (cost=0.43..40.11 rows=9 width=121)
	              Index Cond: ((id >= 7237064) AND (id <= 7237073))

table 6 : explain SELECT DISTINCT c FROM sbtest6 WHERE id BETWEEN 5491736 AND 5491745 ORDER BY c
	Unique  (cost=40.19..40.24 rows=9 width=121)
	  ->  Sort  (cost=40.19..40.22 rows=9 width=121)
	        Sort Key: c
	        ->  Index Scan using sbtest6_pkey on sbtest6  (cost=0.43..40.05 rows=9 width=121)
	              Index Cond: ((id >= 5491736) AND (id <= 5491745))

table 7 : explain SELECT DISTINCT c FROM sbtest7 WHERE id BETWEEN 9783647 AND 9783656 ORDER BY c
	Unique  (cost=40.16..40.21 rows=9 width=121)
	  ->  Sort  (cost=40.16..40.18 rows=9 width=121)
	        Sort Key: c
	        ->  Index Scan using sbtest7_pkey on sbtest7  (cost=0.43..40.02 rows=9 width=121)
	              Index Cond: ((id >= 9783647) AND (id <= 9783656))

table 8 : explain SELECT DISTINCT c FROM sbtest8 WHERE id BETWEEN 8797216 AND 8797225 ORDER BY c
	Unique  (cost=44.09..44.14 rows=10 width=121)
	  ->  Sort  (cost=44.09..44.12 rows=10 width=121)
	        Sort Key: c
	        ->  Index Scan using sbtest8_pkey on sbtest8  (cost=0.43..43.93 rows=10 width=121)
	              Index Cond: ((id >= 8797216) AND (id <= 8797225))

Threads started!

Warming up for 5 seconds...

SQL statistics:
    queries performed:
        read:                            457700251
        write:                           0
        other:                           65385756
        total:                           523086007
    transactions:                        32692898 (51892.81 per sec.)
    queries:                             523086007 (830284.33 per sec.)
    ignored errors:                      0      (0.00 per sec.)
    reconnects:                          0      (0.00 per sec.)

Throughput:
    events/s (eps):                      51892.8067
    time elapsed:                        630.0084s
    total number of events:              32692898

Latency (ms):
         min:                                    0.68
         avg:                                    0.77
         max:                                   24.89
         95th percentile:                        0.84
         sum:                             25169887.57

Threads fairness:
    events (avg/stddev):           817321.5000/5401.20
    execution time (avg/stddev):   629.2472/0.01

